core   0: 0x00001000 (0x00000297) auipc   t0, 0x0
core   0: 3 0x00001000 (0x00000297) x 5 0x00001000
core   0: 0x00001004 (0x02028593) addi    a1, t0, 32
core   0: 3 0x00001004 (0x02028593) x11 0x00001020
core   0: 0x00001008 (0xf1402573) csrr    a0, mhartid
core   0: 3 0x00001008 (0xf1402573) x10 0x00000000
core   0: 0x0000100c (0x0182a283) lw      t0, 24(t0)
core   0: 3 0x0000100c (0x0182a283) x 5 0x80000000 mem 0x00001018
core   0: 0x00001010 (0x00028067) jr      t0
core   0: 3 0x00001010 (0x00028067)
core   0: 0x80000000 (0xf14022f3) csrr    t0, mhartid
core   0: 3 0x80000000 (0xf14022f3) x 5 0x00000000
core   0: 0x80000004 (0x00000313) li      t1, 0
core   0: 3 0x80000004 (0x00000313) x 6 0x00000000
core   0: 0x80000008 (0x00628263) beq     t0, t1, pc + 4
core   0: 3 0x80000008 (0x00628263)
core   0: 0x8000000c (0x00000e17) auipc   t3, 0x0
core   0: 3 0x8000000c (0x00000e17) x28 0x8000000c
core   0: 0x80000010 (0x00ce0e13) addi    t3, t3, 12
core   0: 3 0x80000010 (0x00ce0e13) x28 0x80000018
core   0: 0x80000014 (0x000e0067) jr      t3
core   0: 3 0x80000014 (0x000e0067)
core   0: 0x80000018 (0x40001db7) lui     s11, 0x40001
core   0: 3 0x80000018 (0x40001db7) x27 0x40001000
core   0: 0x8000001c (0x104d8d93) addi    s11, s11, 260
core   0: 3 0x8000001c (0x104d8d93) x27 0x40001104
core   0: 0x80000020 (0x301d9073) csrw    misa, s11
core   0: 3 0x80000020 (0x301d9073) c769_misa 0x40141100
core   0: 0x80000024 (0x00019c97) auipc   s9, 0x19
core   0: 3 0x80000024 (0x00019c97) x25 0x80019024
core   0: 0x80000028 (0xcc0c8c93) addi    s9, s9, -832
core   0: 3 0x80000028 (0xcc0c8c93) x25 0x80018ce4
core   0: 0x8000002c (0x0000ad97) auipc   s11, 0xa
core   0: 3 0x8000002c (0x0000ad97) x27 0x8000a02c
core   0: 0x80000030 (0x764d8d93) addi    s11, s11, 1892
core   0: 3 0x80000030 (0x764d8d93) x27 0x8000a790
core   0: 0x80000034 (0x001ded93) ori     s11, s11, 1
core   0: 3 0x80000034 (0x001ded93) x27 0x8000a791
core   0: 0x80000038 (0x305d9073) csrw    mtvec, s11
core   0: 3 0x80000038 (0x305d9073) c773_mtvec 0x8000a791
core   0: 0x8000003c (0x00000d97) auipc   s11, 0x0
core   0: 3 0x8000003c (0x00000d97) x27 0x8000003c
core   0: 0x80000040 (0x028d8d93) addi    s11, s11, 40
core   0: 3 0x80000040 (0x028d8d93) x27 0x80000064
core   0: 0x80000044 (0x341d9073) csrw    mepc, s11
core   0: 3 0x80000044 (0x341d9073) c833_mepc 0x80000064
core   0: 0x80000048 (0x00000013) nop
core   0: 3 0x80000048 (0x00000013)
core   0: 0x8000004c (0x00002db7) lui     s11, 0x2
core   0: 3 0x8000004c (0x00002db7) x27 0x00002000
core   0: 0x80000050 (0x800d8d93) addi    s11, s11, -2048
core   0: 3 0x80000050 (0x800d8d93) x27 0x00001800
core   0: 0x80000054 (0x300d9073) csrw    mstatus, s11
core   0: 3 0x80000054 (0x300d9073) c768_mstatus 0x00001800
core   0: 0x80000058 (0x00000d93) li      s11, 0
core   0: 3 0x80000058 (0x00000d93) x27 0x00000000
core   0: 0x8000005c (0x304d9073) csrw    mie, s11
core   0: 3 0x8000005c (0x304d9073) c772_mie 0x00000000
core   0: 0x80000060 (0x30200073) mret
core   0: 3 0x80000060 (0x30200073) c768_mstatus 0x00000080
core   0: >>>>  init
core   0: 0x80000064 (0xfd491037) lui     zero, 0xfd491
core   0: 3 0x80000064 (0xfd491037)
core   0: 0x80000068 (0xf7a00013) li      zero, -134
core   0: 3 0x80000068 (0xf7a00013)
core   0: 0x8000006c (0x00000093) li      ra, 0
core   0: 3 0x8000006c (0x00000093) x 1 0x00000000
core   0: 0x80000070 (0x00200113) li      sp, 2
core   0: 3 0x80000070 (0x00200113) x 2 0x00000002
core   0: 0x80000074 (0xa6ac51b7) lui     gp, 0xa6ac5
core   0: 3 0x80000074 (0xa6ac51b7) x 3 0xa6ac5000
core   0: 0x80000078 (0x05d18193) addi    gp, gp, 93
core   0: 3 0x80000078 (0x05d18193) x 3 0xa6ac505d
core   0: 0x8000007c (0xf694a237) lui     tp, 0xf694a
core   0: 3 0x8000007c (0xf694a237) x 4 0xf694a000
core   0: 0x80000080 (0x40d20213) addi    tp, tp, 1037
core   0: 3 0x80000080 (0x40d20213) x 4 0xf694a40d
core   0: 0x80000084 (0x800002b7) lui     t0, 0x80000
core   0: 3 0x80000084 (0x800002b7) x 5 0x80000000
core   0: 0x80000088 (0x00300313) li      t1, 3
core   0: 3 0x80000088 (0x00300313) x 6 0x00000003
core   0: 0x8000008c (0x00000393) li      t2, 0
core   0: 3 0x8000008c (0x00000393) x 7 0x00000000
core   0: 0x80000090 (0x60e7c437) lui     s0, 0x60e7c
core   0: 3 0x80000090 (0x60e7c437) x 8 0x60e7c000
core   0: 0x80000094 (0x3d140413) addi    s0, s0, 977
core   0: 3 0x80000094 (0x3d140413) x 8 0x60e7c3d1
core   0: 0x80000098 (0x143fc4b7) lui     s1, 0x143fc
core   0: 3 0x80000098 (0x143fc4b7) x 9 0x143fc000
core   0: 0x8000009c (0xd3848493) addi    s1, s1, -712
core   0: 3 0x8000009c (0xd3848493) x 9 0x143fbd38
core   0: 0x800000a0 (0xb30e3537) lui     a0, 0xb30e3
core   0: 3 0x800000a0 (0xb30e3537) x10 0xb30e3000
core   0: 0x800000a4 (0x87650513) addi    a0, a0, -1930
core   0: 3 0x800000a4 (0x87650513) x10 0xb30e2876
core   0: 0x800000a8 (0x800005b7) lui     a1, 0x80000
core   0: 3 0x800000a8 (0x800005b7) x11 0x80000000
core   0: 0x800000ac (0x00d00613) li      a2, 13
core   0: 3 0x800000ac (0x00d00613) x12 0x0000000d
core   0: 0x800000b0 (0xf34666b7) lui     a3, 0xf3466
core   0: 3 0x800000b0 (0xf34666b7) x13 0xf3466000
core   0: 0x800000b4 (0x1a668693) addi    a3, a3, 422
core   0: 3 0x800000b4 (0x1a668693) x13 0xf34661a6
core   0: 0x800000b8 (0x979fd7b7) lui     a5, 0x979fd
core   0: 3 0x800000b8 (0x979fd7b7) x15 0x979fd000
core   0: 0x800000bc (0x03f78793) addi    a5, a5, 63
core   0: 3 0x800000bc (0x03f78793) x15 0x979fd03f
core   0: 0x800000c0 (0x80000837) lui     a6, 0x80000
core   0: 3 0x800000c0 (0x80000837) x16 0x80000000
core   0: 0x800000c4 (0x00000893) li      a7, 0
core   0: 3 0x800000c4 (0x00000893) x17 0x00000000
core   0: 0x800000c8 (0x00000913) li      s2, 0
core   0: 3 0x800000c8 (0x00000913) x18 0x00000000
core   0: 0x800000cc (0x8f2f79b7) lui     s3, 0x8f2f7
core   0: 3 0x800000cc (0x8f2f79b7) x19 0x8f2f7000
core   0: 0x800000d0 (0xc2e98993) addi    s3, s3, -978
core   0: 3 0x800000d0 (0xc2e98993) x19 0x8f2f6c2e
core   0: 0x800000d4 (0x80000a37) lui     s4, 0x80000
core   0: 3 0x800000d4 (0x80000a37) x20 0x80000000
core   0: 0x800000d8 (0xf1bceab7) lui     s5, 0xf1bce
core   0: 3 0x800000d8 (0xf1bceab7) x21 0xf1bce000
core   0: 0x800000dc (0x7e3a8a93) addi    s5, s5, 2019
core   0: 3 0x800000dc (0x7e3a8a93) x21 0xf1bce7e3
core   0: 0x800000e0 (0x00800b13) li      s6, 8
core   0: 3 0x800000e0 (0x00800b13) x22 0x00000008
core   0: 0x800000e4 (0x5283fbb7) lui     s7, 0x5283f
core   0: 3 0x800000e4 (0x5283fbb7) x23 0x5283f000
core   0: 0x800000e8 (0xdb5b8b93) addi    s7, s7, -587
core   0: 3 0x800000e8 (0xdb5b8b93) x23 0x5283edb5
core   0: 0x800000ec (0xfe1cdc37) lui     s8, 0xfe1cd
core   0: 3 0x800000ec (0xfe1cdc37) x24 0xfe1cd000
core   0: 0x800000f0 (0x8dcc0c13) addi    s8, s8, -1828
core   0: 3 0x800000f0 (0x8dcc0c13) x24 0xfe1cc8dc
core   0: 0x800000f4 (0x00900d13) li      s10, 9
core   0: 3 0x800000f4 (0x00900d13) x26 0x00000009
core   0: 0x800000f8 (0x80000db7) lui     s11, 0x80000
core   0: 3 0x800000f8 (0x80000db7) x27 0x80000000
core   0: 0x800000fc (0x80000e37) lui     t3, 0x80000
core   0: 3 0x800000fc (0x80000e37) x28 0x80000000
core   0: 0x80000100 (0x80000eb7) lui     t4, 0x80000
core   0: 3 0x80000100 (0x80000eb7) x29 0x80000000
core   0: 0x80000104 (0x80000f37) lui     t5, 0x80000
core   0: 3 0x80000104 (0x80000f37) x30 0x80000000
core   0: 0x80000108 (0xf8fb0fb7) lui     t6, 0xf8fb0
core   0: 3 0x80000108 (0xf8fb0fb7) x31 0xf8fb0000
core   0: 0x8000010c (0x471f8f93) addi    t6, t6, 1137
core   0: 3 0x8000010c (0x471f8f93) x31 0xf8fb0471
core   0: 0x80000110 (0x00015717) auipc   a4, 0x15
core   0: 3 0x80000110 (0x00015717) x14 0x80015110
core   0: 0x80000114 (0xd5470713) addi    a4, a4, -684
core   0: 3 0x80000114 (0xd5470713) x14 0x80014e64
core   0: 0x80000118 (0x03e39833) mulh    a6, t2, t5
core   0: 3 0x80000118 (0x03e39833) x16 0x00000000
core   0: 0x8000011c (0x6aade213) ori     tp, s11, 1706
core   0: 3 0x8000011c (0x6aade213) x 4 0x800006aa
core   0: 0x80000120 (0x200e8793) addi    a5, t4, 512
core   0: 3 0x80000120 (0x200e8793) x15 0x80000200
core   0: 0x80000124 (0x00e766b3) or      a3, a4, a4
core   0: 3 0x80000124 (0x00e766b3) x13 0x80014e64
core   0: 0x80000128 (0x410a0133) sub     sp, s4, a6
core   0: 3 0x80000128 (0x410a0133) x 2 0x80000000
core   0: 0x8000012c (0x40dd5b13) srai    s6, s10, 13
core   0: 3 0x8000012c (0x40dd5b13) x22 0x00000000
core   0: 0x80000130 (0x028338b3) mulhu   a7, t1, s0
core   0: 3 0x80000130 (0x028338b3) x17 0x00000001
core   0: 0x80000134 (0xf432fc13) andi    s8, t0, -189
core   0: 3 0x80000134 (0xf432fc13) x24 0x80000000
core   0: 0x80000138 (0x01f69413) slli    s0, a3, 31
core   0: 3 0x80000138 (0x01f69413) x 8 0x00000000
core   0: 0x8000013c (0xcaa53913) sltiu   s2, a0, -854
core   0: 3 0x8000013c (0xcaa53913) x18 0x00000001
core   0: 0x80000140 (0x0038d513) srli    a0, a7, 3
core   0: 3 0x80000140 (0x0038d513) x10 0x00000000
core   0: 0x80000144 (0x02bd40b3) div     ra, s10, a1
core   0: 3 0x80000144 (0x02bd40b3) x 1 0x00000000
core   0: 0x80000148 (0x0301d5b3) divu    a1, gp, a6
core   0: 3 0x80000148 (0x0301d5b3) x11 0xffffffff
core   0: 0x8000014c (0x01720933) add     s2, tp, s7
core   0: 3 0x8000014c (0x01720933) x18 0xd283f45f
core   0: 0x80000150 (0x01b32d33) slt     s10, t1, s11
core   0: 3 0x80000150 (0x01b32d33) x26 0x00000000
core   0: 0x80000154 (0x01ae8ab3) add     s5, t4, s10
core   0: 3 0x80000154 (0x01ae8ab3) x21 0x80000000
core   0: 0x80000158 (0x03e59433) mulh    s0, a1, t5
core   0: 3 0x80000158 (0x03e59433) x 8 0x00000000
core   0: 0x8000015c (0x0352e233) rem     tp, t0, s5
core   0: 3 0x8000015c (0x0352e233) x 4 0x00000000
core   0: 0x80000160 (0x0307b9b3) mulhu   s3, a5, a6
core   0: 3 0x80000160 (0x0307b9b3) x19 0x00000000
core   0: 0x80000164 (0x037912b3) mulh    t0, s2, s7
core   0: 3 0x80000164 (0x037912b3) x 5 0xf156d390
core   0: 0x80000168 (0x03e04fb3) div     t6, zero, t5
core   0: 3 0x80000168 (0x03e04fb3) x31 0x00000000
core   0: 0x8000016c (0xf472a593) slti    a1, t0, -185
core   0: 3 0x8000016c (0xf472a593) x11 0x00000001
core   0: 0x80000170 (0x00c8cc33) xor     s8, a7, a2
core   0: 3 0x80000170 (0x00c8cc33) x24 0x0000000c
core   0: 0x80000174 (0x1866c993) xori    s3, a3, 390
core   0: 3 0x80000174 (0x1866c993) x19 0x80014fe2
core   0: 0x80000178 (0x03720bb3) mul     s7, tp, s7
core   0: 3 0x80000178 (0x03720bb3) x23 0x00000000
core   0: 0x8000017c (0x031a09b3) mul     s3, s4, a7
core   0: 3 0x8000017c (0x031a09b3) x19 0x80000000
core   0: 0x80000180 (0x019b23b3) slt     t2, s6, s9
core   0: 3 0x80000180 (0x019b23b3) x 7 0x00000000
core   0: 0x80000184 (0x03bf8eb3) mul     t4, t6, s11
core   0: 3 0x80000184 (0x03bf8eb3) x29 0x00000000
core   0: 0x80000188 (0x021d1233) mulh    tp, s10, ra
core   0: 3 0x80000188 (0x021d1233) x 4 0x00000000
core   0: 0x8000018c (0x78b46593) ori     a1, s0, 1931
core   0: 3 0x8000018c (0x78b46593) x11 0x0000078b
core   0: 0x80000190 (0xba2567b7) lui     a5, 0xba256
core   0: 3 0x80000190 (0xba2567b7) x15 0xba256000
core   0: 0x80000194 (0xf8733613) sltiu   a2, t1, -121
core   0: 3 0x80000194 (0xf8733613) x12 0x00000001
core   0: 0x80000198 (0xf3ed7313) andi    t1, s10, -194
core   0: 3 0x80000198 (0xf3ed7313) x 6 0x00000000
core   0: 0x8000019c (0x027cc233) div     tp, s9, t2
core   0: 3 0x8000019c (0x027cc233) x 4 0xffffffff
core   0: 0x800001a0 (0x019e1c13) slli    s8, t3, 25
core   0: 3 0x800001a0 (0x019e1c13) x24 0x00000000
core   0: 0x800001a4 (0x023cb533) mulhu   a0, s9, gp
core   0: 3 0x800001a4 (0x023cb533) x10 0x53572a95
core   0: 0x800001a8 (0x00000013) nop
core   0: 3 0x800001a8 (0x00000013)
core   0: 0x800001ac (0x002dc333) xor     t1, s11, sp
core   0: 3 0x800001ac (0x002dc333) x 6 0x00000000
core   0: 0x800001b0 (0x00cb9693) slli    a3, s7, 12
core   0: 3 0x800001b0 (0x00cb9693) x13 0x00000000
core   0: 0x800001b4 (0x416059b3) sra     s3, zero, s6
core   0: 3 0x800001b4 (0x416059b3) x19 0x00000000
core   0: 0x800001b8 (0x00000013) nop
core   0: 3 0x800001b8 (0x00000013)
core   0: 0x800001bc (0x00909833) sll     a6, ra, s1
core   0: 3 0x800001bc (0x00909833) x16 0x00000000
core   0: 0x800001c0 (0x005fadb3) slt     s11, t6, t0
core   0: 3 0x800001c0 (0x005fadb3) x27 0x00000000
core   0: 0x800001c4 (0xf6e3fe93) andi    t4, t2, -146
core   0: 3 0x800001c4 (0xf6e3fe93) x29 0x00000000
core   0: 0x800001c8 (0x45160a13) addi    s4, a2, 1105
core   0: 3 0x800001c8 (0x45160a13) x20 0x00000452
core   0: 0x800001cc (0xdd75cd93) xori    s11, a1, -553
core   0: 3 0x800001cc (0xdd75cd93) x27 0xfffffa5c
core   0: 0x800001d0 (0x415e5533) sra     a0, t3, s5
core   0: 3 0x800001d0 (0x415e5533) x10 0x80000000
core   0: 0x800001d4 (0x4035dc33) sra     s8, a1, gp
core   0: 3 0x800001d4 (0x4035dc33) x24 0x00000000
core   0: 0x800001d8 (0x003bda33) srl     s4, s7, gp
core   0: 3 0x800001d8 (0x003bda33) x20 0x00000000
core   0: 0x800001dc (0x014dedb3) or      s11, s11, s4
core   0: 3 0x800001dc (0x014dedb3) x27 0xfffffa5c
core   0: 0x800001e0 (0x28293f17) auipc   t5, 0x28293
core   0: 3 0x800001e0 (0x28293f17) x30 0xa82931e0
core   0: 0x800001e4 (0x029f2eb3) mulhsu  t4, t5, s1
core   0: 3 0x800001e4 (0x029f2eb3) x29 0xf90d591b
core   0: 0x800001e8 (0x418ed693) srai    a3, t4, 24
core   0: 3 0x800001e8 (0x418ed693) x13 0xfffffff9
core   0: 0x800001ec (0xdb1eca93) xori    s5, t4, -591
core   0: 3 0x800001ec (0xdb1eca93) x21 0x06f2a4aa
core   0: 0x800001f0 (0xebc42993) slti    s3, s0, -324
core   0: 3 0x800001f0 (0xebc42993) x19 0x00000000
core   0: 0x800001f4 (0x024732b3) mulhu   t0, a4, tp
core   0: 3 0x800001f4 (0x024732b3) x 5 0x80014e63
core   0: 0x800001f8 (0x02f89f33) mulh    t5, a7, a5
core   0: 3 0x800001f8 (0x02f89f33) x30 0xffffffff
core   0: 0x800001fc (0x0cfcad93) slti    s11, s9, 207
core   0: 3 0x800001fc (0x0cfcad93) x27 0x00000001
core   0: 0x80000200 (0x9d5ff437) lui     s0, 0x9d5ff
core   0: 3 0x80000200 (0x9d5ff437) x 8 0x9d5ff000
core   0: 0x80000204 (0x0032da93) srli    s5, t0, 3
core   0: 3 0x80000204 (0x0032da93) x21 0x100029cc
core   0: 0x80000208 (0x007c3933) sltu    s2, s8, t2
core   0: 3 0x80000208 (0x007c3933) x18 0x00000000
core   0: 0x8000020c (0x03c837b3) mulhu   a5, a6, t3
core   0: 3 0x8000020c (0x03c837b3) x15 0x00000000
core   0: 0x80000210 (0x033da4b3) mulhsu  s1, s11, s3
core   0: 3 0x80000210 (0x033da4b3) x 9 0x00000000
core   0: 0x80000214 (0x39e9e393) ori     t2, s3, 926
core   0: 3 0x80000214 (0x39e9e393) x 7 0x0000039e
core   0: 0x80000218 (0x00371bb3) sll     s7, a4, gp
core   0: 3 0x80000218 (0x00371bb3) x23 0x80000000
core   0: 0x8000021c (0x0b576013) ori     zero, a4, 181
core   0: 3 0x8000021c (0x0b576013)
core   0: 0x80000220 (0x416add93) srai    s11, s5, 22
core   0: 3 0x80000220 (0x416add93) x27 0x00000040
core   0: 0x80000224 (0x00675c33) srl     s8, a4, t1
core   0: 3 0x80000224 (0x00675c33) x24 0x80014e64
core   0: 0x80000228 (0x407d5393) srai    t2, s10, 7
core   0: 3 0x80000228 (0x407d5393) x 7 0x00000000
core   0: 0x8000022c (0x0156d833) srl     a6, a3, s5
core   0: 3 0x8000022c (0x0156d833) x16 0x000fffff
core   0: 0x80000230 (0x00ae6c33) or      s8, t3, a0
core   0: 3 0x80000230 (0x00ae6c33) x24 0x80000000
core   0: 0x80000234 (0x03b157b3) divu    a5, sp, s11
core   0: 3 0x80000234 (0x03b157b3) x15 0x02000000
core   0: 0x80000238 (0x0312f233) remu    tp, t0, a7
core   0: 3 0x80000238 (0x0312f233) x 4 0x00000000
core   0: 0x8000023c (0x0014a493) slti    s1, s1, 1
core   0: 3 0x8000023c (0x0014a493) x 9 0x00000001
core   0: 0x80000240 (0x002979b3) and     s3, s2, sp
core   0: 3 0x80000240 (0x002979b3) x19 0x00000000
core   0: 0x80000244 (0x00d68633) add     a2, a3, a3
core   0: 3 0x80000244 (0x00d68633) x12 0xfffffff2
core   0: 0x80000248 (0x00c22bb3) slt     s7, tp, a2
core   0: 3 0x80000248 (0x00c22bb3) x23 0x00000000
core   0: 0x8000024c (0x000087b3) add     a5, ra, zero
core   0: 3 0x8000024c (0x000087b3) x15 0x00000000
core   0: 0x80000250 (0x039be5b3) rem     a1, s7, s9
core   0: 3 0x80000250 (0x039be5b3) x11 0x00000000
core   0: 0x80000254 (0xcf7e6697) auipc   a3, 0xcf7e6
core   0: 3 0x80000254 (0xcf7e6697) x13 0x4f7e6254
core   0: 0x80000258 (0x02211eb3) mulh    t4, sp, sp
core   0: 3 0x80000258 (0x02211eb3) x29 0x40000000
core   0: 0x8000025c (0x00000013) nop
core   0: 3 0x8000025c (0x00000013)
core   0: 0x80000260 (0x01d9fd33) and     s10, s3, t4
core   0: 3 0x80000260 (0x01d9fd33) x26 0x00000000
core   0: 0x80000264 (0x01015233) srl     tp, sp, a6
core   0: 3 0x80000264 (0x01015233) x 4 0x00000001
core   0: 0x80000268 (0xae0ac293) xori    t0, s5, -1312
core   0: 3 0x80000268 (0xae0ac293) x 5 0xefffd32c
core   0: 0x8000026c (0x021d8eb3) mul     t4, s11, ra
core   0: 3 0x8000026c (0x021d8eb3) x29 0x00000000
core   0: 0x80000270 (0x00e89433) sll     s0, a7, a4
core   0: 3 0x80000270 (0x00e89433) x 8 0x00000010
core   0: 0x80000274 (0xc14c07b7) lui     a5, 0xc14c0
core   0: 3 0x80000274 (0xc14c07b7) x15 0xc14c0000
core   0: 0x80000278 (0x41e25533) sra     a0, tp, t5
core   0: 3 0x80000278 (0x41e25533) x10 0x00000000
core   0: 0x8000027c (0x0386d833) divu    a6, a3, s8
core   0: 3 0x8000027c (0x0386d833) x16 0x00000000
core   0: 0x80000280 (0x0aa23c13) sltiu   s8, tp, 170
core   0: 3 0x80000280 (0x0aa23c13) x24 0x00000001
core   0: 0x80000284 (0x02d8c3b3) div     t2, a7, a3
core   0: 3 0x80000284 (0x02d8c3b3) x 7 0x00000000
core   0: 0x80000288 (0xcfec7593) andi    a1, s8, -770
core   0: 3 0x80000288 (0xcfec7593) x11 0x00000000
core   0: 0x8000028c (0x7e6a4c13) xori    s8, s4, 2022
core   0: 3 0x8000028c (0x7e6a4c13) x24 0x000007e6
core   0: 0x80000290 (0x00dba9b3) slt     s3, s7, a3
core   0: 3 0x80000290 (0x00dba9b3) x19 0x00000001
core   0: 0x80000294 (0xdd829497) auipc   s1, 0xdd829
core   0: 3 0x80000294 (0xdd829497) x 9 0x5d829294
core   0: 0x80000298 (0x7c5a6593) ori     a1, s4, 1989
core   0: 3 0x80000298 (0x7c5a6593) x11 0x000007c5
core   0: 0x8000029c (0x02bd2ab3) mulhsu  s5, s10, a1
core   0: 3 0x8000029c (0x02bd2ab3) x21 0x00000000
core   0: 0x800002a0 (0x00000013) nop
core   0: 3 0x800002a0 (0x00000013)
core   0: 0x800002a4 (0x01d65993) srli    s3, a2, 29
core   0: 3 0x800002a4 (0x01d65993) x19 0x00000007
core   0: 0x800002a8 (0x0275ba33) mulhu   s4, a1, t2
core   0: 3 0x800002a8 (0x0275ba33) x20 0x00000000
core   0: 0x800002ac (0x001c5833) srl     a6, s8, ra
core   0: 3 0x800002ac (0x001c5833) x16 0x000007e6
core   0: 0x800002b0 (0x01f19513) slli    a0, gp, 31
core   0: 3 0x800002b0 (0x01f19513) x10 0x80000000
core   0: 0x800002b4 (0x03f709b3) mul     s3, a4, t6
core   0: 3 0x800002b4 (0x03f709b3) x19 0x00000000
core   0: 0x800002b8 (0x68b5ee93) ori     t4, a1, 1675
core   0: 3 0x800002b8 (0x68b5ee93) x29 0x000007cf
core   0: 0x800002bc (0x02b28ab3) mul     s5, t0, a1
core   0: 3 0x800002bc (0x02b28ab3) x21 0xaea3b4dc
core   0: 0x800002c0 (0x03db4a33) div     s4, s6, t4
core   0: 3 0x800002c0 (0x03db4a33) x20 0x00000000
core   0: 0x800002c4 (0x0037e233) or      tp, a5, gp
core   0: 3 0x800002c4 (0x0037e233) x 4 0xe7ec505d
core   0: 0x800002c8 (0x036ebdb3) mulhu   s11, t4, s6
core   0: 3 0x800002c8 (0x036ebdb3) x27 0x00000000
core   0: 0x800002cc (0x0371c133) div     sp, gp, s7
core   0: 3 0x800002cc (0x0371c133) x 2 0xffffffff
core   0: 0x800002d0 (0x009449b3) xor     s3, s0, s1
core   0: 3 0x800002d0 (0x009449b3) x19 0x5d829284
core   0: 0x800002d4 (0xcacfbd93) sltiu   s11, t6, -852
core   0: 3 0x800002d4 (0xcacfbd93) x27 0x00000001
core   0: 0x800002d8 (0x01c62d33) slt     s10, a2, t3
core   0: 3 0x800002d8 (0x01c62d33) x26 0x00000000
core   0: 0x800002dc (0x00f896b3) sll     a3, a7, a5
core   0: 3 0x800002dc (0x00f896b3) x13 0x00000001
core   0: 0x800002e0 (0x006490b3) sll     ra, s1, t1
core   0: 3 0x800002e0 (0x006490b3) x 1 0x5d829294
core   0: 0x800002e4 (0x010078b3) and     a7, zero, a6
core   0: 3 0x800002e4 (0x010078b3) x17 0x00000000
core   0: 0x800002e8 (0x01abdb33) srl     s6, s7, s10
core   0: 3 0x800002e8 (0x01abdb33) x22 0x00000000
core   0: 0x800002ec (0x40b55933) sra     s2, a0, a1
core   0: 3 0x800002ec (0x40b55933) x18 0xfc000000
core   0: 0x800002f0 (0x025ce533) rem     a0, s9, t0
core   0: 3 0x800002f0 (0x025ce533) x10 0xf002c6b0
core   0: 0x800002f4 (0x00566ab3) or      s5, a2, t0
core   0: 3 0x800002f4 (0x00566ab3) x21 0xfffffffe
core   0: 0x800002f8 (0xc84e5c17) auipc   s8, 0xc84e5
core   0: 3 0x800002f8 (0xc84e5c17) x24 0x484e52f8
core   0: 0x800002fc (0x02573433) mulhu   s0, a4, t0
core   0: 3 0x800002fc (0x02573433) x 8 0x78012313
core   0: 0x80000300 (0x008ea8b3) slt     a7, t4, s0
core   0: 3 0x80000300 (0x008ea8b3) x17 0x00000001
core   0: 0x80000304 (0x00d4ef33) or      t5, s1, a3
core   0: 3 0x80000304 (0x00d4ef33) x30 0x5d829295
core   0: 0x80000308 (0x0224cd33) div     s10, s1, sp
core   0: 3 0x80000308 (0x0224cd33) x26 0xa27d6d6c
core   0: 0x8000030c (0xed9b2613) slti    a2, s6, -295
core   0: 3 0x8000030c (0xed9b2613) x12 0x00000000
core   0: 0x80000310 (0x00000013) nop
core   0: 3 0x80000310 (0x00000013)
core   0: 0x80000314 (0x00eacab3) xor     s5, s5, a4
core   0: 3 0x80000314 (0x00eacab3) x21 0x7ffeb19a
core   0: 0x80000318 (0x40a4dc33) sra     s8, s1, a0
core   0: 3 0x80000318 (0x40a4dc33) x24 0x00005d82
core   0: 0x8000031c (0x03c4dc33) divu    s8, s1, t3
core   0: 3 0x8000031c (0x03c4dc33) x24 0x00000000
core   0: 0x80000320 (0x00a6da93) srli    s5, a3, 10
core   0: 3 0x80000320 (0x00a6da93) x21 0x00000000
core   0: 0x80000324 (0x016a50b3) srl     ra, s4, s6
core   0: 3 0x80000324 (0x016a50b3) x 1 0x00000000
core   0: 0x80000328 (0x0350e3b3) rem     t2, ra, s5
core   0: 3 0x80000328 (0x0350e3b3) x 7 0x00000000
core   0: 0x8000032c (0x0382a5b3) mulhsu  a1, t0, s8
core   0: 3 0x8000032c (0x0382a5b3) x11 0x00000000
core   0: 0x80000330 (0x00a85633) srl     a2, a6, a0
core   0: 3 0x80000330 (0x00a85633) x12 0x00000000
core   0: 0x80000334 (0x003b7233) and     tp, s6, gp
core   0: 3 0x80000334 (0x003b7233) x 4 0x00000000
core   0: 0x80000338 (0x03c617b3) mulh    a5, a2, t3
core   0: 3 0x80000338 (0x03c617b3) x15 0x00000000
core   0: 0x8000033c (0x01e462b3) or      t0, s0, t5
core   0: 3 0x8000033c (0x01e462b3) x 5 0x7d83b397
core   0: 0x80000340 (0x02803033) mulhu   zero, zero, s0
core   0: 3 0x80000340 (0x02803033)
core   0: 0x80000344 (0xfdd23513) sltiu   a0, tp, -35
core   0: 3 0x80000344 (0xfdd23513) x10 0x00000001
core   0: 0x80000348 (0x01a65d93) srli    s11, a2, 26
core   0: 3 0x80000348 (0x01a65d93) x27 0x00000000
core   0: 0x8000034c (0x01cc4c33) xor     s8, s8, t3
core   0: 3 0x8000034c (0x01cc4c33) x24 0x80000000
core   0: 0x80000350 (0x01599233) sll     tp, s3, s5
core   0: 3 0x80000350 (0x01599233) x 4 0x5d829284
core   0: 0x80000354 (0x663a3b93) sltiu   s7, s4, 1635
core   0: 3 0x80000354 (0x663a3b93) x23 0x00000001
core   0: 0x80000358 (0xf4c93213) sltiu   tp, s2, -180
core   0: 3 0x80000358 (0xf4c93213) x 4 0x00000001
core   0: 0x8000035c (0xa4e85f37) lui     t5, 0xa4e85
core   0: 3 0x8000035c (0xa4e85f37) x30 0xa4e85000
core   0: 0x80000360 (0x00e42333) slt     t1, s0, a4
core   0: 3 0x80000360 (0x00e42333) x 6 0x00000000
core   0: 0x80000364 (0x0203da33) divu    s4, t2, zero
core   0: 3 0x80000364 (0x0203da33) x20 0xffffffff
core   0: 0x80000368 (0x00501793) slli    a5, zero, 5
core   0: 3 0x80000368 (0x00501793) x15 0x00000000
core   0: 0x8000036c (0x01a6fdb3) and     s11, a3, s10
core   0: 3 0x8000036c (0x01a6fdb3) x27 0x00000000
core   0: 0x80000370 (0x01ea7433) and     s0, s4, t5
core   0: 3 0x80000370 (0x01ea7433) x 8 0xa4e85000
core   0: 0x80000374 (0x56631d17) auipc   s10, 0x56631
core   0: 3 0x80000374 (0x56631d17) x26 0xd6631374
core   0: 0x80000378 (0x410985b3) sub     a1, s3, a6
core   0: 3 0x80000378 (0x410985b3) x11 0x5d828a9e
core   0: 0x8000037c (0x022e4533) div     a0, t3, sp
core   0: 3 0x8000037c (0x022e4533) x10 0x80000000
core   0: 0x80000380 (0x011e71b3) and     gp, t3, a7
core   0: 3 0x80000380 (0x011e71b3) x 3 0x00000000
core   0: 0x80000384 (0x0192c433) xor     s0, t0, s9
core   0: 3 0x80000384 (0x0192c433) x 8 0xfd823f73
core   0: 0x80000388 (0x02949433) mulh    s0, s1, s1
core   0: 3 0x80000388 (0x02949433) x 8 0x22282118
core   0: 0x8000038c (0x011924b3) slt     s1, s2, a7
core   0: 3 0x8000038c (0x011924b3) x 9 0x00000001
core   0: 0x80000390 (0x02561633) mulh    a2, a2, t0
core   0: 3 0x80000390 (0x02561633) x12 0x00000000
core   0: 0x80000394 (0x41945593) srai    a1, s0, 25
core   0: 3 0x80000394 (0x41945593) x11 0x00000011
core   0: 0x80000398 (0x0076ebb3) or      s7, a3, t2
core   0: 3 0x80000398 (0x0076ebb3) x23 0x00000001
core   0: 0x8000039c (0x40e65433) sra     s0, a2, a4
core   0: 3 0x8000039c (0x40e65433) x 8 0x00000000
core   0: 0x800003a0 (0x40318233) sub     tp, gp, gp
core   0: 3 0x800003a0 (0x40318233) x 4 0x00000000
core   0: 0x800003a4 (0x0047d613) srli    a2, a5, 4
core   0: 3 0x800003a4 (0x0047d613) x12 0x00000000
core   0: 0x800003a8 (0x41885693) srai    a3, a6, 24
core   0: 3 0x800003a8 (0x41885693) x13 0x00000000
core   0: 0x800003ac (0x1b4b4213) xori    tp, s6, 436
core   0: 3 0x800003ac (0x1b4b4213) x 4 0x000001b4
core   0: 0x800003b0 (0x009951b3) srl     gp, s2, s1
core   0: 3 0x800003b0 (0x009951b3) x 3 0x7e000000
core   0: 0x800003b4 (0x00645913) srli    s2, s0, 6
core   0: 3 0x800003b4 (0x00645913) x18 0x00000000
core   0: 0x800003b8 (0x00196fb3) or      t6, s2, ra
core   0: 3 0x800003b8 (0x00196fb3) x31 0x00000000
core   0: 0x800003bc (0xbcff6d17) auipc   s10, 0xbcff6
core   0: 3 0x800003bc (0xbcff6d17) x26 0x3cff63bc
core   0: 0x800003c0 (0xff1cac13) slti    s8, s9, -15
core   0: 3 0x800003c0 (0xff1cac13) x24 0x00000001
core   0: 0x800003c4 (0x02f80933) mul     s2, a6, a5
core   0: 3 0x800003c4 (0x02f80933) x18 0x00000000
core   0: 0x800003c8 (0x01249c33) sll     s8, s1, s2
core   0: 3 0x800003c8 (0x01249c33) x24 0x00000001
core   0: 0x800003cc (0x909e7013) andi    zero, t3, -1783
core   0: 3 0x800003cc (0x909e7013)
core   0: 0x800003d0 (0x01433633) sltu    a2, t1, s4
core   0: 3 0x800003d0 (0x01433633) x12 0x00000001
core   0: 0x800003d4 (0x41080933) sub     s2, a6, a6
core   0: 3 0x800003d4 (0x41080933) x18 0x00000000
core   0: 0x800003d8 (0x01bd9233) sll     tp, s11, s11
core   0: 3 0x800003d8 (0x01bd9233) x 4 0x00000000
core   0: 0x800003dc (0x009d8a33) add     s4, s11, s1
core   0: 3 0x800003dc (0x009d8a33) x20 0x00000001
core   0: 0x800003e0 (0x025837b3) mulhu   a5, a6, t0
core   0: 3 0x800003e0 (0x025837b3) x15 0x000003df
core   0: 0x800003e4 (0x00fd1293) slli    t0, s10, 15
core   0: 3 0x800003e4 (0x00fd1293) x 5 0xb1de0000
core   0: 0x800003e8 (0x02fff7b3) remu    a5, t6, a5
core   0: 3 0x800003e8 (0x02fff7b3) x15 0x00000000
core   0: 0x800003ec (0x01403633) snez    a2, s4
core   0: 3 0x800003ec (0x01403633) x12 0x00000001
core   0: 0x800003f0 (0x89c7c613) xori    a2, a5, -1892
core   0: 3 0x800003f0 (0x89c7c613) x12 0xfffff89c
core   0: 0x800003f4 (0xfcddbb97) auipc   s7, 0xfcddb
core   0: 3 0x800003f4 (0xfcddbb97) x23 0x7cddb3f4
core   0: 0x800003f8 (0x4151dfb3) sra     t6, gp, s5
core   0: 3 0x800003f8 (0x4151dfb3) x31 0x7e000000
core   0: 0x800003fc (0x03aa3eb3) mulhu   t4, s4, s10
core   0: 3 0x800003fc (0x03aa3eb3) x29 0x00000000
core   0: 0x80000400 (0x84e4af13) slti    t5, s1, -1970
core   0: 3 0x80000400 (0x84e4af13) x30 0x00000000
core   0: 0x80000404 (0x02a3d3b3) divu    t2, t2, a0
core   0: 3 0x80000404 (0x02a3d3b3) x 7 0x00000000
core   0: 0x80000408 (0x01de68b3) or      a7, t3, t4
core   0: 3 0x80000408 (0x01de68b3) x17 0x80000000
core   0: 0x8000040c (0x6ba5b013) sltiu   zero, a1, 1722
core   0: 3 0x8000040c (0x6ba5b013)
core   0: 0x80000410 (0x0203f7b3) remu    a5, t2, zero
core   0: 3 0x80000410 (0x0203f7b3) x15 0x00000000
core   0: 0x80000414 (0x40d35bb3) sra     s7, t1, a3
core   0: 3 0x80000414 (0x40d35bb3) x23 0x00000000
core   0: 0x80000418 (0x40588eb3) sub     t4, a7, t0
core   0: 3 0x80000418 (0x40588eb3) x29 0xce220000
core   0: 0x8000041c (0x00d2b333) sltu    t1, t0, a3
core   0: 3 0x8000041c (0x00d2b333) x 6 0x00000000
core   0: 0x80000420 (0xf2866493) ori     s1, a2, -216
core   0: 3 0x80000420 (0xf2866493) x 9 0xffffffbc
core   0: 0x80000424 (0xffeaa793) slti    a5, s5, -2
core   0: 3 0x80000424 (0xffeaa793) x15 0x00000000
core   0: 0x80000428 (0x00000013) nop
core   0: 3 0x80000428 (0x00000013)
core   0: 0x8000042c (0x9806bb13) sltiu   s6, a3, -1664
core   0: 3 0x8000042c (0x9806bb13) x22 0x00000001
core   0: 0x80000430 (0x41060333) sub     t1, a2, a6
core   0: 3 0x80000430 (0x41060333) x 6 0xfffff0b6
core   0: 0x80000434 (0x1bb13d93) sltiu   s11, sp, 443
core   0: 3 0x80000434 (0x1bb13d93) x27 0x00000000
core   0: 0x80000438 (0x01d8c333) xor     t1, a7, t4
core   0: 3 0x80000438 (0x01d8c333) x 6 0x4e220000
core   0: 0x8000043c (0x01097233) and     tp, s2, a6
core   0: 3 0x8000043c (0x01097233) x 4 0x00000000
core   0: 0x80000440 (0x0372a5b3) mulhsu  a1, t0, s7
core   0: 3 0x80000440 (0x0372a5b3) x11 0x00000000
core   0: 0x80000444 (0x0194d6b3) srl     a3, s1, s9
core   0: 3 0x80000444 (0x0194d6b3) x13 0x0ffffffb
core   0: 0x80000448 (0x024e02b3) mul     t0, t3, tp
core   0: 3 0x80000448 (0x024e02b3) x 5 0x00000000
core   0: 0x8000044c (0x03130ab3) mul     s5, t1, a7
core   0: 3 0x8000044c (0x03130ab3) x21 0x00000000
core   0: 0x80000450 (0x02f67d33) remu    s10, a2, a5
core   0: 3 0x80000450 (0x02f67d33) x26 0xfffff89c
core   0: 0x80000454 (0x0056ceb3) xor     t4, a3, t0
core   0: 3 0x80000454 (0x0056ceb3) x29 0x0ffffffb
core   0: 0x80000458 (0x0034f9b3) and     s3, s1, gp
core   0: 3 0x80000458 (0x0034f9b3) x19 0x7e000000
core   0: 0x8000045c (0xc949cf13) xori    t5, s3, -876
core   0: 3 0x8000045c (0xc949cf13) x30 0x81fffc94
core   0: 0x80000460 (0x407edf13) srai    t5, t4, 7
core   0: 3 0x80000460 (0x407edf13) x30 0x001fffff
core   0: 0x80000464 (0x00f60933) add     s2, a2, a5
core   0: 3 0x80000464 (0x00f60933) x18 0xfffff89c
core   0: 0x80000468 (0x4111d933) sra     s2, gp, a7
core   0: 3 0x80000468 (0x4111d933) x18 0x7e000000
core   0: 0x8000046c (0xb99f3f13) sltiu   t5, t5, -1127
core   0: 3 0x8000046c (0xb99f3f13) x30 0x00000001
core   0: 0x80000470 (0x02a89633) mulh    a2, a7, a0
core   0: 3 0x80000470 (0x02a89633) x12 0x40000000
core   0: 0x80000474 (0x02343933) mulhu   s2, s0, gp
core   0: 3 0x80000474 (0x02343933) x18 0x00000000
core   0: 0x80000478 (0x03f52433) mulhsu  s0, a0, t6
core   0: 3 0x80000478 (0x03f52433) x 8 0xc1000000
core   0: 0x8000047c (0x40fb8433) sub     s0, s7, a5
core   0: 3 0x8000047c (0x40fb8433) x 8 0x00000000
core   0: 0x80000480 (0x0016fc33) and     s8, a3, ra
core   0: 3 0x80000480 (0x0016fc33) x24 0x00000000
core   0: 0x80000484 (0x00000013) nop
core   0: 3 0x80000484 (0x00000013)
core   0: 0x80000488 (0x36528213) addi    tp, t0, 869
core   0: 3 0x80000488 (0x36528213) x 4 0x00000365
core   0: 0x8000048c (0x4080d533) sra     a0, ra, s0
core   0: 3 0x8000048c (0x4080d533) x10 0x00000000
core   0: 0x80000490 (0x02d4c7b3) div     a5, s1, a3
core   0: 3 0x80000490 (0x02d4c7b3) x15 0x00000000
core   0: 0x80000494 (0x02bea233) mulhsu  tp, t4, a1
core   0: 3 0x80000494 (0x02bea233) x 4 0x00000000
core   0: 0x80000498 (0x417d54b3) sra     s1, s10, s7
core   0: 3 0x80000498 (0x417d54b3) x 9 0xfffff89c
core   0: 0x8000049c (0x01ced5b3) srl     a1, t4, t3
core   0: 3 0x8000049c (0x01ced5b3) x11 0x0ffffffb
core   0: 0x800004a0 (0x010f4333) xor     t1, t5, a6
core   0: 3 0x800004a0 (0x010f4333) x 6 0x000007e7
core   0: 0x800004a4 (0x022b2a33) mulhsu  s4, s6, sp
core   0: 3 0x800004a4 (0x022b2a33) x20 0x00000000
core   0: 0x800004a8 (0x01267933) and     s2, a2, s2
core   0: 3 0x800004a8 (0x01267933) x18 0x00000000
core   0: 0x800004ac (0x0164d233) srl     tp, s1, s6
core   0: 3 0x800004ac (0x0164d233) x 4 0x7ffffc4e
core   0: 0x800004b0 (0x03005833) divu    a6, zero, a6
core   0: 3 0x800004b0 (0x03005833) x16 0x00000000
core   0: 0x800004b4 (0x00698333) add     t1, s3, t1
core   0: 3 0x800004b4 (0x00698333) x 6 0x7e0007e7
core   0: 0x800004b8 (0x00000013) nop
core   0: 3 0x800004b8 (0x00000013)
core   0: 0x800004bc (0xe7fde513) ori     a0, s11, -385
core   0: 3 0x800004bc (0xe7fde513) x10 0xfffffe7f
core   0: 0x800004c0 (0xc0bef293) andi    t0, t4, -1013
core   0: 3 0x800004c0 (0xc0bef293) x 5 0x0ffffc0b
core   0: 0x800004c4 (0x40c158b3) sra     a7, sp, a2
core   0: 3 0x800004c4 (0x40c158b3) x17 0xffffffff
core   0: 0x800004c8 (0x00f03db3) snez    s11, a5
core   0: 3 0x800004c8 (0x00f03db3) x27 0x00000000
core   0: 0x800004cc (0x01163d33) sltu    s10, a2, a7
core   0: 3 0x800004cc (0x01163d33) x26 0x00000001
core   0: 0x800004d0 (0x00eb0b33) add     s6, s6, a4
core   0: 3 0x800004d0 (0x00eb0b33) x22 0x80014e65
core   0: 0x800004d4 (0x01a9b4b3) sltu    s1, s3, s10
core   0: 3 0x800004d4 (0x01a9b4b3) x 9 0x00000000
core   0: 0x800004d8 (0x00eba5b3) slt     a1, s7, a4
core   0: 3 0x800004d8 (0x00eba5b3) x11 0x00000000
core   0: 0x800004dc (0x0019aab3) slt     s5, s3, ra
core   0: 3 0x800004dc (0x0019aab3) x21 0x00000000
core   0: 0x800004e0 (0x4006db13) srai    s6, a3, 0
core   0: 3 0x800004e0 (0x4006db13) x22 0x0ffffffb
core   0: 0x800004e4 (0x00000013) nop
core   0: 3 0x800004e4 (0x00000013)
core   0: 0x800004e8 (0x02185a33) divu    s4, a6, ra
core   0: 3 0x800004e8 (0x02185a33) x20 0xffffffff
core   0: 0x800004ec (0xa654c393) xori    t2, s1, -1435
core   0: 3 0x800004ec (0xa654c393) x 7 0xfffffa65
core   0: 0x800004f0 (0xfbad3693) sltiu   a3, s10, -70
core   0: 3 0x800004f0 (0xfbad3693) x13 0x00000001
core   0: 0x800004f4 (0x020b3eb3) mulhu   t4, s6, zero
core   0: 3 0x800004f4 (0x020b3eb3) x29 0x00000000
core   0: 0x800004f8 (0x01fe9a33) sll     s4, t4, t6
core   0: 3 0x800004f8 (0x01fe9a33) x20 0x00000000
core   0: 0x800004fc (0xdc3b2093) slti    ra, s6, -573
core   0: 3 0x800004fc (0xdc3b2093) x 1 0x00000000
core   0: 0x80000500 (0x035a84b3) mul     s1, s5, s5
core   0: 3 0x80000500 (0x035a84b3) x 9 0x00000000
core   0: 0x80000504 (0x03a2a5b3) mulhsu  a1, t0, s10
core   0: 3 0x80000504 (0x03a2a5b3) x11 0x00000000
core   0: 0x80000508 (0x00b2e033) or      zero, t0, a1
core   0: 3 0x80000508 (0x00b2e033)
core   0: 0x8000050c (0x66ca3c37) lui     s8, 0x66ca3
core   0: 3 0x8000050c (0x66ca3c37) x24 0x66ca3000
core   0: 0x80000510 (0x034c35b3) mulhu   a1, s8, s4
core   0: 3 0x80000510 (0x034c35b3) x11 0x00000000
core   0: 0x80000514 (0x1de1fc13) andi    s8, gp, 478
core   0: 3 0x80000514 (0x1de1fc13) x24 0x00000000
core   0: 0x80000518 (0x008356b3) srl     a3, t1, s0
core   0: 3 0x80000518 (0x008356b3) x13 0x7e0007e7
core   0: 0x8000051c (0x00000013) nop
core   0: 3 0x8000051c (0x00000013)
core   0: 0x80000520 (0x00000013) nop
core   0: 3 0x80000520 (0x00000013)
core   0: 0x80000524 (0x8d67c537) lui     a0, 0x8d67c
core   0: 3 0x80000524 (0x8d67c537) x10 0x8d67c000
core   0: 0x80000528 (0x03804b33) div     s6, zero, s8
core   0: 3 0x80000528 (0x03804b33) x22 0xffffffff
core   0: 0x8000052c (0x007a9e93) slli    t4, s5, 7
core   0: 3 0x8000052c (0x007a9e93) x29 0x00000000
core   0: 0x80000530 (0x00a6de93) srli    t4, a3, 10
core   0: 3 0x80000530 (0x00a6de93) x29 0x001f8001
core   0: 0x80000534 (0x004e7f33) and     t5, t3, tp
core   0: 3 0x80000534 (0x004e7f33) x30 0x00000000
core   0: 0x80000538 (0xc2fac893) xori    a7, s5, -977
core   0: 3 0x80000538 (0xc2fac893) x17 0xfffffc2f
core   0: 0x8000053c (0x00782ab3) slt     s5, a6, t2
core   0: 3 0x8000053c (0x00782ab3) x21 0x00000000
core   0: 0x80000540 (0x011276b3) and     a3, tp, a7
core   0: 3 0x80000540 (0x011276b3) x13 0x7ffffc0e
core   0: 0x80000544 (0x02ed50b3) divu    ra, s10, a4
core   0: 3 0x80000544 (0x02ed50b3) x 1 0x00000000
core   0: 0x80000548 (0x3eaee997) auipc   s3, 0x3eaee
core   0: 3 0x80000548 (0x3eaee997) x19 0xbeaee548
core   0: 0x8000054c (0x00cce433) or      s0, s9, a2
core   0: 3 0x8000054c (0x00cce433) x 8 0xc0018ce4
core   0: 0x80000550 (0x015c5933) srl     s2, s8, s5
core   0: 3 0x80000550 (0x015c5933) x18 0x00000000
core   0: 0x80000554 (0x41a1d033) sra     zero, gp, s10
core   0: 3 0x80000554 (0x41a1d033)
core   0: 0x80000558 (0x016c72b3) and     t0, s8, s6
core   0: 3 0x80000558 (0x016c72b3) x 5 0x00000000
core   0: 0x8000055c (0x15708b93) addi    s7, ra, 343
core   0: 3 0x8000055c (0x15708b93) x23 0x00000157
core   0: 0x80000560 (0x408250b3) sra     ra, tp, s0
core   0: 3 0x80000560 (0x408250b3) x 1 0x07ffffc4
core   0: 0x80000564 (0x03e3f7b3) remu    a5, t2, t5
core   0: 3 0x80000564 (0x03e3f7b3) x15 0xfffffa65
core   0: 0x80000568 (0x03264bb3) div     s7, a2, s2
core   0: 3 0x80000568 (0x03264bb3) x23 0xffffffff
core   0: 0x8000056c (0x409fd413) srai    s0, t6, 9
core   0: 3 0x8000056c (0x409fd413) x 8 0x003f0000
core   0: 0x80000570 (0x454e9e97) auipc   t4, 0x454e9
core   0: 3 0x80000570 (0x454e9e97) x29 0xc54e9570
core   0: 0x80000574 (0x025663b3) rem     t2, a2, t0
core   0: 3 0x80000574 (0x025663b3) x 7 0x40000000
core   0: 0x80000578 (0xe44eac13) slti    s8, t4, -444
core   0: 3 0x80000578 (0xe44eac13) x24 0x00000001
core   0: 0x8000057c (0xb6e83f13) sltiu   t5, a6, -1170
core   0: 3 0x8000057c (0xb6e83f13) x30 0x00000001
core   0: 0x80000580 (0x9e62f813) andi    a6, t0, -1562
core   0: 3 0x80000580 (0x9e62f813) x16 0x00000000
core   0: 0x80000584 (0x41b28fb3) sub     t6, t0, s11
core   0: 3 0x80000584 (0x41b28fb3) x31 0x00000000
core   0: 0x80000588 (0x02b7f9b3) remu    s3, a5, a1
core   0: 3 0x80000588 (0x02b7f9b3) x19 0xfffffa65
core   0: 0x8000058c (0x06392313) slti    t1, s2, 99
core   0: 3 0x8000058c (0x06392313) x 6 0x00000001
core   0: 0x80000590 (0x1f28b393) sltiu   t2, a7, 498
core   0: 3 0x80000590 (0x1f28b393) x 7 0x00000000
core   0: 0x80000594 (0x01409eb3) sll     t4, ra, s4
core   0: 3 0x80000594 (0x01409eb3) x29 0x07ffffc4
core   0: 0x80000598 (0x6f1f4313) xori    t1, t5, 1777
core   0: 3 0x80000598 (0x6f1f4313) x 6 0x000006f0
core   0: 0x8000059c (0x007be333) or      t1, s7, t2
core   0: 3 0x8000059c (0x007be333) x 6 0xffffffff
core   0: 0x800005a0 (0x02348db3) mul     s11, s1, gp
core   0: 3 0x800005a0 (0x02348db3) x27 0x00000000
core   0: 0x800005a4 (0x00849c33) sll     s8, s1, s0
core   0: 3 0x800005a4 (0x00849c33) x24 0x00000000
core   0: 0x800005a8 (0x00000013) nop
core   0: 3 0x800005a8 (0x00000013)
core   0: 0x800005ac (0x01c72633) slt     a2, a4, t3
core   0: 3 0x800005ac (0x01c72633) x12 0x00000000
core   0: 0x800005b0 (0x40978433) sub     s0, a5, s1
core   0: 3 0x800005b0 (0x40978433) x 8 0xfffffa65
core   0: 0x800005b4 (0x011ad1b3) srl     gp, s5, a7
core   0: 3 0x800005b4 (0x011ad1b3) x 3 0x00000000
core   0: 0x800005b8 (0x019578b3) and     a7, a0, s9
core   0: 3 0x800005b8 (0x019578b3) x17 0x80018000
core   0: 0x800005bc (0x03e8d1b3) divu    gp, a7, t5
core   0: 3 0x800005bc (0x03e8d1b3) x 3 0x80018000
core   0: 0x800005c0 (0x023ee033) rem     zero, t4, gp
core   0: 3 0x800005c0 (0x023ee033)
core   0: 0x800005c4 (0x03e8e9b3) rem     s3, a7, t5
core   0: 3 0x800005c4 (0x03e8e9b3) x19 0x00000000
core   0: 0x800005c8 (0x00e2c833) xor     a6, t0, a4
core   0: 3 0x800005c8 (0x00e2c833) x16 0x80014e64
core   0: 0x800005cc (0x03de68b3) rem     a7, t3, t4
core   0: 3 0x800005cc (0x03de68b3) x17 0xfffffc40
core   0: 0x800005d0 (0x01a05eb3) srl     t4, zero, s10
core   0: 3 0x800005d0 (0x01a05eb3) x29 0x00000000
core   0: 0x800005d4 (0x00ffac33) slt     s8, t6, a5
core   0: 3 0x800005d4 (0x00ffac33) x24 0x00000000
core   0: 0x800005d8 (0x03fca4b3) mulhsu  s1, s9, t6
core   0: 3 0x800005d8 (0x03fca4b3) x 9 0x00000000
core   0: 0x800005dc (0x3bf48e93) addi    t4, s1, 959
core   0: 3 0x800005dc (0x3bf48e93) x29 0x000003bf
core   0: 0x800005e0 (0x45ef0337) lui     t1, 0x45ef0
core   0: 3 0x800005e0 (0x45ef0337) x 6 0x45ef0000
core   0: 0x800005e4 (0x40fe5133) sra     sp, t3, a5
core   0: 3 0x800005e4 (0x40fe5133) x 2 0xfc000000
core   0: 0x800005e8 (0x0290e7b3) rem     a5, ra, s1
core   0: 3 0x800005e8 (0x0290e7b3) x15 0x07ffffc4
core   0: 0x800005ec (0x120ace93) xori    t4, s5, 288
core   0: 3 0x800005ec (0x120ace93) x29 0x00000120
core   0: 0x800005f0 (0x01ec1a93) slli    s5, s8, 30
core   0: 3 0x800005f0 (0x01ec1a93) x21 0x00000000
core   0: 0x800005f4 (0x00c81d13) slli    s10, a6, 12
core   0: 3 0x800005f4 (0x00c81d13) x26 0x14e64000
core   0: 0x800005f8 (0xcc72e193) ori     gp, t0, -825
core   0: 3 0x800005f8 (0xcc72e193) x 3 0xfffffcc7
core   0: 0x800005fc (0x41100e93) li      t4, 1041
core   0: 3 0x800005fc (0x41100e93) x29 0x00000411
core   0: 0x80000600 (0x000047b3) xor     a5, zero, zero
core   0: 3 0x80000600 (0x000047b3) x15 0x00000000
core   0: 0x80000604 (0x02ef1fb3) mulh    t6, t5, a4
core   0: 3 0x80000604 (0x02ef1fb3) x31 0xffffffff
core   0: 0x80000608 (0x00000013) nop
core   0: 3 0x80000608 (0x00000013)
core   0: 0x8000060c (0x0197d533) srl     a0, a5, s9
core   0: 3 0x8000060c (0x0197d533) x10 0x00000000
core   0: 0x80000610 (0x015bb6b3) sltu    a3, s7, s5
core   0: 3 0x80000610 (0x015bb6b3) x13 0x00000000
core   0: 0x80000614 (0x4095db13) srai    s6, a1, 9
core   0: 3 0x80000614 (0x4095db13) x22 0x00000000
core   0: 0x80000618 (0x00d643b3) xor     t2, a2, a3
core   0: 3 0x80000618 (0x00d643b3) x 7 0x00000000
core   0: 0x8000061c (0x012a1c13) slli    s8, s4, 18
core   0: 3 0x8000061c (0x012a1c13) x24 0x00000000
core   0: 0x80000620 (0x41085a93) srai    s5, a6, 16
core   0: 3 0x80000620 (0x41085a93) x21 0xffff8001
core   0: 0x80000624 (0x01df4f33) xor     t5, t5, t4
core   0: 3 0x80000624 (0x01df4f33) x30 0x00000410
core   0: 0x80000628 (0x008dd793) srli    a5, s11, 8
core   0: 3 0x80000628 (0x008dd793) x15 0x00000000
core   0: 0x8000062c (0x013e98b3) sll     a7, t4, s3
core   0: 3 0x8000062c (0x013e98b3) x17 0x00000411
core   0: 0x80000630 (0x03505c33) divu    s8, zero, s5
core   0: 3 0x80000630 (0x03505c33) x24 0x00000000
core   0: 0x80000634 (0x03cf3eb3) mulhu   t4, t5, t3
core   0: 3 0x80000634 (0x03cf3eb3) x29 0x00000208
core   0: 0x80000638 (0x00d5df13) srli    t5, a1, 13
core   0: 3 0x80000638 (0x00d5df13) x30 0x00000000
core   0: 0x8000063c (0x4141fd93) andi    s11, gp, 1044
core   0: 3 0x8000063c (0x4141fd93) x27 0x00000404
core   0: 0x80000640 (0x0318c5b3) div     a1, a7, a7
core   0: 3 0x80000640 (0x0318c5b3) x11 0x00000001
core   0: 0x80000644 (0x0288cd33) div     s10, a7, s0
core   0: 3 0x80000644 (0x0288cd33) x26 0x00000000
core   0: 0x80000648 (0x02f6e4b3) rem     s1, a3, a5
core   0: 3 0x80000648 (0x02f6e4b3) x 9 0x00000000
core   0: 0x8000064c (0x41a3a897) auipc   a7, 0x41a3a
core   0: 3 0x8000064c (0x41a3a897) x17 0xc1a3a64c
core   0: 0x80000650 (0x005387b3) add     a5, t2, t0
core   0: 3 0x80000650 (0x005387b3) x15 0x00000000
core   0: 0x80000654 (0x955aedb7) lui     s11, 0x955ae
core   0: 3 0x80000654 (0x955aedb7) x27 0x955ae000
core   0: 0x80000658 (0x027c0eb3) mul     t4, s8, t2
core   0: 3 0x80000658 (0x027c0eb3) x29 0x00000000
core   0: 0x8000065c (0x40bd5593) srai    a1, s10, 11
core   0: 3 0x8000065c (0x40bd5593) x11 0x00000000
core   0: 0x80000660 (0x40d85893) srai    a7, a6, 13
core   0: 3 0x80000660 (0x40d85893) x17 0xfffc000a
core   0: 0x80000664 (0x03dde2b3) rem     t0, s11, t4
core   0: 3 0x80000664 (0x03dde2b3) x 5 0x955ae000
core   0: 0x80000668 (0x418ddeb3) sra     t4, s11, s8
core   0: 3 0x80000668 (0x418ddeb3) x29 0x955ae000
core   0: 0x8000066c (0x1cd4c913) xori    s2, s1, 461
core   0: 3 0x8000066c (0x1cd4c913) x18 0x000001cd
core   0: 0x80000670 (0x74a00d97) auipc   s11, 0x74a00
core   0: 3 0x80000670 (0x74a00d97) x27 0xf4a00670
core   0: 0x80000674 (0x01c0c9b3) xor     s3, ra, t3
core   0: 3 0x80000674 (0x01c0c9b3) x19 0x87ffffc4
core   0: 0x80000678 (0x03d442b3) div     t0, s0, t4
core   0: 3 0x80000678 (0x03d442b3) x 5 0x00000000
core   0: 0x8000067c (0x0068e7b3) or      a5, a7, t1
core   0: 3 0x8000067c (0x0068e7b3) x15 0xffff000a
core   0: 0x80000680 (0x002993b3) sll     t2, s3, sp
core   0: 3 0x80000680 (0x002993b3) x 7 0x87ffffc4
core   0: 0x80000684 (0x026098b3) mulh    a7, ra, t1
core   0: 3 0x80000684 (0x026098b3) x17 0x022f77ef
core   0: 0x80000688 (0x0010ca33) xor     s4, ra, ra
core   0: 3 0x80000688 (0x0010ca33) x20 0x00000000
core   0: 0x8000068c (0xc7098913) addi    s2, s3, -912
core   0: 3 0x8000068c (0xc7098913) x18 0x87fffc34
core   0: 0x80000690 (0x43053013) sltiu   zero, a0, 1072
core   0: 3 0x80000690 (0x43053013)
core   0: 0x80000694 (0x0358b033) mulhu   zero, a7, s5
core   0: 3 0x80000694 (0x0358b033)
core   0: 0x80000698 (0x014cbfb3) sltu    t6, s9, s4
core   0: 3 0x80000698 (0x014cbfb3) x31 0x00000000
core   0: 0x8000069c (0x0141dbb3) srl     s7, gp, s4
core   0: 3 0x8000069c (0x0141dbb3) x23 0xfffffcc7
core   0: 0x800006a0 (0x20124313) xori    t1, tp, 513
core   0: 3 0x800006a0 (0x20124313) x 6 0x7ffffe4f
core   0: 0x800006a4 (0x03908b33) mul     s6, ra, s9
core   0: 3 0x800006a4 (0x03908b33) x22 0x1fa2fa90
core   0: 0x800006a8 (0x013432b3) sltu    t0, s0, s3
core   0: 3 0x800006a8 (0x013432b3) x 5 0x00000000
core   0: 0x800006ac (0x013b84b3) add     s1, s7, s3
core   0: 3 0x800006ac (0x013b84b3) x 9 0x87fffc8b
core   0: 0x800006b0 (0x000b5db3) srl     s11, s6, zero
core   0: 3 0x800006b0 (0x000b5db3) x27 0x1fa2fa90
core   0: 0x800006b4 (0xa4e93197) auipc   gp, 0xa4e93
core   0: 3 0x800006b4 (0xa4e93197) x 3 0x24e936b4
core   0: 0x800006b8 (0x0254b333) mulhu   t1, s1, t0
core   0: 3 0x800006b8 (0x0254b333) x 6 0x00000000
core   0: 0x800006bc (0x02449eb3) mulh    t4, s1, tp
core   0: 3 0x800006bc (0x02449eb3) x29 0xc4000000
core   0: 0x800006c0 (0x01a44db3) xor     s11, s0, s10
core   0: 3 0x800006c0 (0x01a44db3) x27 0xfffffa65
core   0: 0x800006c4 (0x1635a613) slti    a2, a1, 355
core   0: 3 0x800006c4 (0x1635a613) x12 0x00000001
core   0: 0x800006c8 (0x50d1bb93) sltiu   s7, gp, 1293
core   0: 3 0x800006c8 (0x50d1bb93) x23 0x00000000
core   0: 0x800006cc (0x01eaf3b3) and     t2, s5, t5
core   0: 3 0x800006cc (0x01eaf3b3) x 7 0x00000000
core   0: 0x800006d0 (0x025bb2b3) mulhu   t0, s7, t0
core   0: 3 0x800006d0 (0x025bb2b3) x 5 0x00000000
core   0: 0x800006d4 (0x299755b7) lui     a1, 0x29975
core   0: 3 0x800006d4 (0x299755b7) x11 0x29975000
core   0: 0x800006d8 (0x02656033) rem     zero, a0, t1
core   0: 3 0x800006d8 (0x02656033)
core   0: 0x800006dc (0x007307b3) add     a5, t1, t2
core   0: 3 0x800006dc (0x007307b3) x15 0x00000000
core   0: 0x800006e0 (0x00f43f33) sltu    t5, s0, a5
core   0: 3 0x800006e0 (0x00f43f33) x30 0x00000000
core   0: 0x800006e4 (0x9e7e0097) auipc   ra, 0x9e7e0
core   0: 3 0x800006e4 (0x9e7e0097) x 1 0x1e7e06e4
core   0: 0x800006e8 (0x018902b3) add     t0, s2, s8
core   0: 3 0x800006e8 (0x018902b3) x 5 0x87fffc34
core   0: 0x800006ec (0x00189633) sll     a2, a7, ra
core   0: 3 0x800006ec (0x00189633) x12 0x22f77ef0
core   0: 0x800006f0 (0x00000013) nop
core   0: 3 0x800006f0 (0x00000013)
core   0: 0x800006f4 (0x6a0e2393) slti    t2, t3, 1696
core   0: 3 0x800006f4 (0x6a0e2393) x 7 0x00000001
core   0: 0x800006f8 (0x00000013) nop
core   0: 3 0x800006f8 (0x00000013)
core   0: 0x800006fc (0xf8ba0013) addi    zero, s4, -117
core   0: 3 0x800006fc (0xf8ba0013)
core   0: 0x80000700 (0x000f3d33) sltu    s10, t5, zero
core   0: 3 0x80000700 (0x000f3d33) x26 0x00000000
core   0: 0x80000704 (0x41095093) srai    ra, s2, 16
core   0: 3 0x80000704 (0x41095093) x 1 0xffff87ff
core   0: 0x80000708 (0x41215b93) srai    s7, sp, 18
core   0: 3 0x80000708 (0x41215b93) x23 0xffffff00
core   0: 0x8000070c (0x05207213) andi    tp, zero, 82
core   0: 3 0x8000070c (0x05207213) x 4 0x00000000
core   0: 0x80000710 (0x0152efb3) or      t6, t0, s5
core   0: 3 0x80000710 (0x0152efb3) x31 0xfffffc35
core   0: 0x80000714 (0x02bd62b3) rem     t0, s10, a1
core   0: 3 0x80000714 (0x02bd62b3) x 5 0x00000000
core   0: 0x80000718 (0x01930333) add     t1, t1, s9
core   0: 3 0x80000718 (0x01930333) x 6 0x80018ce4
core   0: 0x8000071c (0x001c6f33) or      t5, s8, ra
core   0: 3 0x8000071c (0x001c6f33) x30 0xffff87ff
core   0: 0x80000720 (0xdbbec013) xori    zero, t4, -581
core   0: 3 0x80000720 (0xdbbec013)
core   0: 0x80000724 (0x86f92113) slti    sp, s2, -1937
core   0: 3 0x80000724 (0x86f92113) x 2 0x00000001
core   0: 0x80000728 (0x03d73233) mulhu   tp, a4, t4
core   0: 3 0x80000728 (0x03d73233) x 4 0x62010004
core   0: 0x8000072c (0x5dea91b7) lui     gp, 0x5dea9
core   0: 3 0x8000072c (0x5dea91b7) x 3 0x5dea9000
core   0: 0x80000730 (0x003a9513) slli    a0, s5, 3
core   0: 3 0x80000730 (0x003a9513) x10 0xfffc0008
core   0: 0x80000734 (0x0256aeb3) mulhsu  t4, a3, t0
core   0: 3 0x80000734 (0x0256aeb3) x29 0x00000000
core   0: 0x80000738 (0x032f2c33) mulhsu  s8, t5, s2
core   0: 3 0x80000738 (0x032f2c33) x24 0xffffc03f
core   0: 0x8000073c (0x14516a13) ori     s4, sp, 325
core   0: 3 0x8000073c (0x14516a13) x20 0x00000145
core   0: 0x80000740 (0xec2c1fb7) lui     t6, 0xec2c1
core   0: 3 0x80000740 (0xec2c1fb7) x31 0xec2c1000
core   0: 0x80000744 (0x00e89833) sll     a6, a7, a4
core   0: 3 0x80000744 (0x00e89833) x16 0x22f77ef0
core   0: 0x80000748 (0x02165397) auipc   t2, 0x2165
core   0: 3 0x80000748 (0x02165397) x 7 0x82165748
core   0: 0x8000074c (0x97237113) andi    sp, t1, -1678
core   0: 3 0x8000074c (0x97237113) x 2 0x80018860
core   0: 0x80000750 (0x028853b3) divu    t2, a6, s0
core   0: 3 0x80000750 (0x028853b3) x 7 0x00000000
core   0: 0x80000754 (0x027bf033) remu    zero, s7, t2
core   0: 3 0x80000754 (0x027bf033)
core   0: 0x80000758 (0xfeffc693) xori    a3, t6, -17
core   0: 3 0x80000758 (0xfeffc693) x13 0x13d3efef
core   0: 0x8000075c (0x01329293) slli    t0, t0, 19
core   0: 3 0x8000075c (0x01329293) x 5 0x00000000
core   0: 0x80000760 (0x405651b3) sra     gp, a2, t0
core   0: 3 0x80000760 (0x405651b3) x 3 0x22f77ef0
core   0: 0x80000764 (0x01879413) slli    s0, a5, 24
core   0: 3 0x80000764 (0x01879413) x 8 0x00000000
core   0: 0x80000768 (0x00efa633) slt     a2, t6, a4
core   0: 3 0x80000768 (0x00efa633) x12 0x00000000
core   0: 0x8000076c (0x4aadc293) xori    t0, s11, 1194
core   0: 3 0x8000076c (0x4aadc293) x 5 0xfffffecf
core   0: 0x80000770 (0x61ba8293) addi    t0, s5, 1563
core   0: 3 0x80000770 (0x61ba8293) x 5 0xffff861c
core   0: 0x80000774 (0x408bd393) srai    t2, s7, 8
core   0: 3 0x80000774 (0x408bd393) x 7 0xffffffff
core   0: 0x80000778 (0x04890b93) addi    s7, s2, 72
core   0: 3 0x80000778 (0x04890b93) x23 0x87fffc7c
core   0: 0x8000077c (0x026796b3) mulh    a3, a5, t1
core   0: 3 0x8000077c (0x026796b3) x13 0x00000000
core   0: 0x80000780 (0xfeb08293) addi    t0, ra, -21
core   0: 3 0x80000780 (0xfeb08293) x 5 0xffff87ea
core   0: 0x80000784 (0x79cac4b7) lui     s1, 0x79cac
core   0: 3 0x80000784 (0x79cac4b7) x 9 0x79cac000
core   0: 0x80000788 (0x03207eb3) remu    t4, zero, s2
core   0: 3 0x80000788 (0x03207eb3) x29 0x00000000
core   0: 0x8000078c (0x015188b3) add     a7, gp, s5
core   0: 3 0x8000078c (0x015188b3) x17 0x22f6fef1
core   0: 0x80000790 (0xdde5cf13) xori    t5, a1, -546
core   0: 3 0x80000790 (0xdde5cf13) x30 0xd668adde
core   0: 0x80000794 (0x003d2db3) slt     s11, s10, gp
core   0: 3 0x80000794 (0x003d2db3) x27 0x00000001
core   0: 0x80000798 (0x02848233) mul     tp, s1, s0
core   0: 3 0x80000798 (0x02848233) x 4 0x00000000
core   0: 0x8000079c (0x41b4d893) srai    a7, s1, 27
core   0: 3 0x8000079c (0x41b4d893) x17 0x0000000f
core   0: 0x800007a0 (0x21be6493) ori     s1, t3, 539
core   0: 3 0x800007a0 (0x21be6493) x 9 0x8000021b
core   0: 0x800007a4 (0x035def33) rem     t5, s11, s5
core   0: 3 0x800007a4 (0x035def33) x30 0x00000001
core   0: 0x800007a8 (0x6f96c413) xori    s0, a3, 1785
core   0: 3 0x800007a8 (0x6f96c413) x 8 0x000006f9
core   0: 0x800007ac (0x0181d633) srl     a2, gp, s8
core   0: 3 0x800007ac (0x0181d633) x12 0x00000000
core   0: 0x800007b0 (0x0212a833) mulhsu  a6, t0, ra
core   0: 3 0x800007b0 (0x0212a833) x16 0xffff87ea
core   0: 0x800007b4 (0x00085c33) srl     s8, a6, zero
core   0: 3 0x800007b4 (0x00085c33) x24 0xffff87ea
core   0: 0x800007b8 (0xd7c38793) addi    a5, t2, -644
core   0: 3 0x800007b8 (0xd7c38793) x15 0xfffffd7b
core   0: 0x800007bc (0x0332c1b3) div     gp, t0, s3
core   0: 3 0x800007bc (0x0332c1b3) x 3 0x00000000
core   0: 0x800007c0 (0x7b780913) addi    s2, a6, 1975
core   0: 3 0x800007c0 (0x7b780913) x18 0xffff8fa1
core   0: 0x800007c4 (0x0030a0b3) slt     ra, ra, gp
core   0: 3 0x800007c4 (0x0030a0b3) x 1 0x00000001
core   0: 0x800007c8 (0x02f9aeb3) mulhsu  t4, s3, a5
core   0: 3 0x800007c8 (0x02f9aeb3) x29 0x880000f2
core   0: 0x800007cc (0x0380c1b3) div     gp, ra, s8
core   0: 3 0x800007cc (0x0380c1b3) x 3 0x00000000
core   0: 0x800007d0 (0xe2af8237) lui     tp, 0xe2af8
core   0: 3 0x800007d0 (0xe2af8237) x 4 0xe2af8000
core   0: 0x800007d4 (0x03059033) mulh    zero, a1, a6
core   0: 3 0x800007d4 (0x03059033)
core   0: 0x800007d8 (0x01d369b3) or      s3, t1, t4
core   0: 3 0x800007d8 (0x01d369b3) x19 0x88018cf6
core   0: 0x800007dc (0x00a6e2b3) or      t0, a3, a0
core   0: 3 0x800007dc (0x00a6e2b3) x 5 0xfffc0008
core   0: 0x800007e0 (0xfad72297) auipc   t0, 0xfad72
core   0: 3 0x800007e0 (0xfad72297) x 5 0x7ad727e0
core   0: 0x800007e4 (0x018802b3) add     t0, a6, s8
core   0: 3 0x800007e4 (0x018802b3) x 5 0xffff0fd4
core   0: 0x800007e8 (0x003478b3) and     a7, s0, gp
core   0: 3 0x800007e8 (0x003478b3) x17 0x00000000
core   0: 0x800007ec (0x000ff933) and     s2, t6, zero
core   0: 3 0x800007ec (0x000ff933) x18 0x00000000
core   0: 0x800007f0 (0x0c567237) lui     tp, 0xc567
core   0: 3 0x800007f0 (0x0c567237) x 4 0x0c567000
core   0: 0x800007f4 (0x009f1c13) slli    s8, t5, 9
core   0: 3 0x800007f4 (0x009f1c13) x24 0x00000200
core   0: 0x800007f8 (0x016d8f33) add     t5, s11, s6
core   0: 3 0x800007f8 (0x016d8f33) x30 0x1fa2fa91
core   0: 0x800007fc (0x40dd5a13) srai    s4, s10, 13
core   0: 3 0x800007fc (0x40dd5a13) x20 0x00000000
core   0: 0x80000800 (0x03ddf5b3) remu    a1, s11, t4
core   0: 3 0x80000800 (0x03ddf5b3) x11 0x00000001
core   0: 0x80000804 (0x012b45b3) xor     a1, s6, s2
core   0: 3 0x80000804 (0x012b45b3) x11 0x1fa2fa90
core   0: 0x80000808 (0x7a738513) addi    a0, t2, 1959
core   0: 3 0x80000808 (0x7a738513) x10 0x000007a6
core   0: 0x8000080c (0x97143993) sltiu   s3, s0, -1679
core   0: 3 0x8000080c (0x97143993) x19 0x00000001
core   0: 0x80000810 (0x023437b3) mulhu   a5, s0, gp
core   0: 3 0x80000810 (0x023437b3) x15 0x00000000
core   0: 0x80000814 (0x022391b3) mulh    gp, t2, sp
core   0: 3 0x80000814 (0x022391b3) x 3 0x00000000
core   0: 0x80000818 (0x025f16b3) mulh    a3, t5, t0
core   0: 3 0x80000818 (0x025f16b3) x13 0xffffe251
core   0: 0x8000081c (0x02b1b933) mulhu   s2, gp, a1
core   0: 3 0x8000081c (0x02b1b933) x18 0x00000000
core   0: 0x80000820 (0x904cc593) xori    a1, s9, -1788
core   0: 3 0x80000820 (0x904cc593) x11 0x7ffe75e0
core   0: 0x80000824 (0x03cff833) remu    a6, t6, t3
core   0: 3 0x80000824 (0x03cff833) x16 0x6c2c1000
core   0: 0x80000828 (0x00000013) nop
core   0: 3 0x80000828 (0x00000013)
core   0: 0x8000082c (0xd5ef67b7) lui     a5, 0xd5ef6
core   0: 3 0x8000082c (0xd5ef67b7) x15 0xd5ef6000
core   0: 0x80000830 (0x3bfd0993) addi    s3, s10, 959
core   0: 3 0x80000830 (0x3bfd0993) x19 0x000003bf
core   0: 0x80000834 (0x4058d813) srai    a6, a7, 5
core   0: 3 0x80000834 (0x4058d813) x16 0x00000000
core   0: 0x80000838 (0x70ae8e93) addi    t4, t4, 1802
core   0: 3 0x80000838 (0x70ae8e93) x29 0x880007fc
core   0: 0x8000083c (0x019db133) sltu    sp, s11, s9
core   0: 3 0x8000083c (0x019db133) x 2 0x00000001
core   0: 0x80000840 (0xea560617) auipc   a2, 0xea560
core   0: 3 0x80000840 (0xea560617) x12 0x6a560840
core   0: 0x80000844 (0x01399233) sll     tp, s3, s3
core   0: 3 0x80000844 (0x01399233) x 4 0x80000000
core   0: 0x80000848 (0x8df1c213) xori    tp, gp, -1825
core   0: 3 0x80000848 (0x8df1c213) x 4 0xfffff8df
core   0: 0x8000084c (0x007216b3) sll     a3, tp, t2
core   0: 3 0x8000084c (0x007216b3) x13 0x80000000
core   0: 0x80000850 (0x0098db33) srl     s6, a7, s1
core   0: 3 0x80000850 (0x0098db33) x22 0x00000000
core   0: 0x80000854 (0x00f3d513) srli    a0, t2, 15
core   0: 3 0x80000854 (0x00f3d513) x10 0x0001ffff
core   0: 0x80000858 (0x026179b3) remu    s3, sp, t1
core   0: 3 0x80000858 (0x026179b3) x19 0x00000001
core   0: 0x8000085c (0x44ca6213) ori     tp, s4, 1100
core   0: 3 0x8000085c (0x44ca6213) x 4 0x0000044c
core   0: 0x80000860 (0x00f065b3) or      a1, zero, a5
core   0: 3 0x80000860 (0x00f065b3) x11 0xd5ef6000
core   0: 0x80000864 (0x401004b3) sub     s1, zero, ra
core   0: 3 0x80000864 (0x401004b3) x 9 0xffffffff
core   0: 0x80000868 (0x02ffbbb3) mulhu   s7, t6, a5
core   0: 3 0x80000868 (0x02ffbbb3) x23 0xc55d7f03
core   0: 0x8000086c (0x0078e533) or      a0, a7, t2
core   0: 3 0x8000086c (0x0078e533) x10 0xffffffff
core   0: 0x80000870 (0x00d77433) and     s0, a4, a3
core   0: 3 0x80000870 (0x00d77433) x 8 0x80000000
core   0: 0x80000874 (0x15ad1b37) lui     s6, 0x15ad1
core   0: 3 0x80000874 (0x15ad1b37) x22 0x15ad1000
core   0: 0x80000878 (0x0208e5b3) rem     a1, a7, zero
core   0: 3 0x80000878 (0x0208e5b3) x11 0x00000000
core   0: 0x8000087c (0xab313313) sltiu   t1, sp, -1357
core   0: 3 0x8000087c (0xab313313) x 6 0x00000001
core   0: 0x80000880 (0x41068fb3) sub     t6, a3, a6
core   0: 3 0x80000880 (0x41068fb3) x31 0x80000000
core   0: 0x80000884 (0xeffbaa93) slti    s5, s7, -257
core   0: 3 0x80000884 (0xeffbaa93) x21 0x00000001
core   0: 0x80000888 (0x016b2333) slt     t1, s6, s6
core   0: 3 0x80000888 (0x016b2333) x 6 0x00000000
core   0: 0x8000088c (0x5e2ff193) andi    gp, t6, 1506
core   0: 3 0x8000088c (0x5e2ff193) x 3 0x00000000
core   0: 0x80000890 (0x01331db3) sll     s11, t1, s3
core   0: 3 0x80000890 (0x01331db3) x27 0x00000000
core   0: 0x80000894 (0x00000013) nop
core   0: 3 0x80000894 (0x00000013)
core   0: 0x80000898 (0x000896b3) sll     a3, a7, zero
core   0: 3 0x80000898 (0x000896b3) x13 0x00000000
core   0: 0x8000089c (0x003458b3) srl     a7, s0, gp
core   0: 3 0x8000089c (0x003458b3) x17 0x80000000
core   0: 0x800008a0 (0x02a03333) mulhu   t1, zero, a0
core   0: 3 0x800008a0 (0x02a03333) x 6 0x00000000
core   0: 0x800008a4 (0x75294493) xori    s1, s2, 1874
core   0: 3 0x800008a4 (0x75294493) x 9 0x00000752
core   0: 0x800008a8 (0x001687b3) add     a5, a3, ra
core   0: 3 0x800008a8 (0x001687b3) x15 0x00000001
core   0: 0x800008ac (0x414cd7b3) sra     a5, s9, s4
core   0: 3 0x800008ac (0x414cd7b3) x15 0x80018ce4
core   0: 0x800008b0 (0x0333c2b3) div     t0, t2, s3
core   0: 3 0x800008b0 (0x0333c2b3) x 5 0xffffffff
core   0: 0x800008b4 (0x011d1313) slli    t1, s10, 17
core   0: 3 0x800008b4 (0x011d1313) x 6 0x00000000
core   0: 0x800008b8 (0x112ead93) slti    s11, t4, 274
core   0: 3 0x800008b8 (0x112ead93) x27 0x00000001
core   0: 0x800008bc (0x00551393) slli    t2, a0, 5
core   0: 3 0x800008bc (0x00551393) x 7 0xffffffe0
core   0: 0x800008c0 (0x5b1a2693) slti    a3, s4, 1457
core   0: 3 0x800008c0 (0x5b1a2693) x13 0x00000001
core   0: 0x800008c4 (0x0272bab3) mulhu   s5, t0, t2
core   0: 3 0x800008c4 (0x0272bab3) x21 0xffffffdf
core   0: 0x800008c8 (0x00000013) nop
core   0: 3 0x800008c8 (0x00000013)
core   0: 0x800008cc (0x02400eb3) mul     t4, zero, tp
core   0: 3 0x800008cc (0x02400eb3) x29 0x00000000
core   0: 0x800008d0 (0x7f0b2293) slti    t0, s6, 2032
core   0: 3 0x800008d0 (0x7f0b2293) x 5 0x00000000
core   0: 0x800008d4 (0x40855413) srai    s0, a0, 8
core   0: 3 0x800008d4 (0x40855413) x 8 0xffffffff
core   0: 0x800008d8 (0x03249f33) mulh    t5, s1, s2
core   0: 3 0x800008d8 (0x03249f33) x30 0x00000000
core   0: 0x800008dc (0x00d38b33) add     s6, t2, a3
core   0: 3 0x800008dc (0x00d38b33) x22 0xffffffe1
core   0: 0x800008e0 (0x30244313) xori    t1, s0, 770
core   0: 3 0x800008e0 (0x30244313) x 6 0xfffffcfd
core   0: 0x800008e4 (0x00656233) or      tp, a0, t1
core   0: 3 0x800008e4 (0x00656233) x 4 0xffffffff
core   0: 0x800008e8 (0xd62dbe97) auipc   t4, 0xd62db
core   0: 3 0x800008e8 (0xd62dbe97) x29 0x562db8e8
core   0: 0x800008ec (0x035eba33) mulhu   s4, t4, s5
core   0: 3 0x800008ec (0x035eba33) x20 0x562db8dc
core   0: 0x800008f0 (0x00000013) nop
core   0: 3 0x800008f0 (0x00000013)
core   0: 0x800008f4 (0x4153dd93) srai    s11, t2, 21
core   0: 3 0x800008f4 (0x4153dd93) x27 0xffffffff
core   0: 0x800008f8 (0x40768833) sub     a6, a3, t2
core   0: 3 0x800008f8 (0x40768833) x16 0x00000021
core   0: 0x800008fc (0x4c4ac213) xori    tp, s5, 1220
core   0: 3 0x800008fc (0x4c4ac213) x 4 0xfffffb1b
core   0: 0x80000900 (0x01cf8db3) add     s11, t6, t3
core   0: 3 0x80000900 (0x01cf8db3) x27 0x00000000
core   0: 0x80000904 (0x039eff33) remu    t5, t4, s9
core   0: 3 0x80000904 (0x039eff33) x30 0x562db8e8
core   0: 0x80000908 (0x000e1693) slli    a3, t3, 0
core   0: 3 0x80000908 (0x000e1693) x13 0x80000000
core   0: 0x8000090c (0x5726eb97) auipc   s7, 0x5726e
core   0: 3 0x8000090c (0x5726eb97) x23 0xd726e90c
core   0: 0x80000910 (0x40790c33) sub     s8, s2, t2
core   0: 3 0x80000910 (0x40790c33) x24 0x00000020
core   0: 0x80000914 (0x033615b3) mulh    a1, a2, s3
core   0: 3 0x80000914 (0x033615b3) x11 0x00000000
core   0: 0x80000918 (0x22a76593) ori     a1, a4, 554
core   0: 3 0x80000918 (0x22a76593) x11 0x80014e6e
core   0: 0x8000091c (0x02d3b033) mulhu   zero, t2, a3
core   0: 3 0x8000091c (0x02d3b033)
core   0: 0x80000920 (0x03c98f33) mul     t5, s3, t3
core   0: 3 0x80000920 (0x03c98f33) x30 0x80000000
core   0: 0x80000924 (0x00e637b3) sltu    a5, a2, a4
core   0: 3 0x80000924 (0x00e637b3) x15 0x00000001
core   0: 0x80000928 (0xb317a813) slti    a6, a5, -1231
core   0: 3 0x80000928 (0xb317a813) x16 0x00000000
core   0: 0x8000092c (0x0228ed33) rem     s10, a7, sp
core   0: 3 0x8000092c (0x0228ed33) x26 0x00000000
core   0: 0x80000930 (0x637c3f93) sltiu   t6, s8, 1591
core   0: 3 0x80000930 (0x637c3f93) x31 0x00000001
core   0: 0x80000934 (0x039e1ab3) mulh    s5, t3, s9
core   0: 3 0x80000934 (0x039e1ab3) x21 0x3fff398e
core   0: 0x80000938 (0x032a4533) div     a0, s4, s2
core   0: 3 0x80000938 (0x032a4533) x10 0xffffffff
core   0: 0x8000093c (0x0285c833) div     a6, a1, s0
core   0: 3 0x8000093c (0x0285c833) x16 0x7ffeb192
core   0: 0x80000940 (0x008e42b3) xor     t0, t3, s0
core   0: 3 0x80000940 (0x008e42b3) x 5 0x7fffffff
core   0: 0x80000944 (0x01e3d1b3) srl     gp, t2, t5
core   0: 3 0x80000944 (0x01e3d1b3) x 3 0xffffffe0
core   0: 0x80000948 (0xc8ce66b7) lui     a3, 0xc8ce6
core   0: 3 0x80000948 (0xc8ce66b7) x13 0xc8ce6000
core   0: 0x8000094c (0x00657eb3) and     t4, a0, t1
core   0: 3 0x8000094c (0x00657eb3) x29 0xfffffcfd
core   0: 0x80000950 (0x00a5b033) sltu    zero, a1, a0
core   0: 3 0x80000950 (0x00a5b033)
core   0: 0x80000954 (0x9713e293) ori     t0, t2, -1679
core   0: 3 0x80000954 (0x9713e293) x 5 0xfffffff1
core   0: 0x80000958 (0x01ed3c33) sltu    s8, s10, t5
core   0: 3 0x80000958 (0x01ed3c33) x24 0x00000001
core   0: 0x8000095c (0x0258eeb3) rem     t4, a7, t0
core   0: 3 0x8000095c (0x0258eeb3) x29 0xfffffff8
core   0: 0x80000960 (0xce2e3c13) sltiu   s8, t3, -798
core   0: 3 0x80000960 (0xce2e3c13) x24 0x00000001
core   0: 0x80000964 (0x00af3633) sltu    a2, t5, a0
core   0: 3 0x80000964 (0x00af3633) x12 0x00000001
core   0: 0x80000968 (0x41b35f33) sra     t5, t1, s11
core   0: 3 0x80000968 (0x41b35f33) x30 0xfffffcfd
core   0: 0x8000096c (0x02f16633) rem     a2, sp, a5
core   0: 3 0x8000096c (0x02f16633) x12 0x00000000
core   0: 0x80000970 (0xbbd60d13) addi    s10, a2, -1091
core   0: 3 0x80000970 (0xbbd60d13) x26 0xfffffbbd
core   0: 0x80000974 (0x00a642b3) xor     t0, a2, a0
core   0: 3 0x80000974 (0x00a642b3) x 5 0xffffffff
core   0: 0x80000978 (0x018e41b3) xor     gp, t3, s8
core   0: 3 0x80000978 (0x018e41b3) x 3 0x80000001
core   0: 0x8000097c (0x405ed693) srai    a3, t4, 5
core   0: 3 0x8000097c (0x405ed693) x13 0xffffffff
core   0: 0x80000980 (0x400a55b3) sra     a1, s4, zero
core   0: 3 0x80000980 (0x400a55b3) x11 0x562db8dc
core   0: 0x80000984 (0x024690b3) mulh    ra, a3, tp
core   0: 3 0x80000984 (0x024690b3) x 1 0x00000000
core   0: 0x80000988 (0x01ed1633) sll     a2, s10, t5
core   0: 3 0x80000988 (0x01ed1633) x12 0xa0000000
core   0: 0x8000098c (0x41da5b93) srai    s7, s4, 29
core   0: 3 0x8000098c (0x41da5b93) x23 0x00000002
core   0: 0x80000990 (0x01497033) and     zero, s2, s4
core   0: 3 0x80000990 (0x01497033)
core   0: 0x80000994 (0x0321db33) divu    s6, gp, s2
core   0: 3 0x80000994 (0x0321db33) x22 0xffffffff
core   0: 0x80000998 (0x017f3633) sltu    a2, t5, s7
core   0: 3 0x80000998 (0x017f3633) x12 0x00000000
core   0: 0x8000099c (0xcd20ce93) xori    t4, ra, -814
core   0: 3 0x8000099c (0xcd20ce93) x29 0xfffffcd2
core   0: 0x800009a0 (0xd5c34813) xori    a6, t1, -676
core   0: 3 0x800009a0 (0xd5c34813) x16 0x000001a1
core   0: 0x800009a4 (0x00000013) nop
core   0: 3 0x800009a4 (0x00000013)
core   0: 0x800009a8 (0x00000013) nop
core   0: 3 0x800009a8 (0x00000013)
core   0: 0x800009ac (0x00a5edb3) or      s11, a1, a0
core   0: 3 0x800009ac (0x00a5edb3) x27 0xffffffff
core   0: 0x800009b0 (0x40d48233) sub     tp, s1, a3
core   0: 3 0x800009b0 (0x40d48233) x 4 0x00000753
core   0: 0x800009b4 (0x00bc6a33) or      s4, s8, a1
core   0: 3 0x800009b4 (0x00bc6a33) x20 0x562db8dd
core   0: 0x800009b8 (0x002f4db3) xor     s11, t5, sp
core   0: 3 0x800009b8 (0x002f4db3) x27 0xfffffcfc
core   0: 0x800009bc (0x031fdfb3) divu    t6, t6, a7
core   0: 3 0x800009bc (0x031fdfb3) x31 0x00000000
core   0: 0x800009c0 (0x001899b3) sll     s3, a7, ra
core   0: 3 0x800009c0 (0x001899b3) x19 0x80000000
core   0: 0x800009c4 (0x0164df13) srli    t5, s1, 22
core   0: 3 0x800009c4 (0x0164df13) x30 0x00000000
core   0: 0x800009c8 (0x5916b617) auipc   a2, 0x5916b
core   0: 3 0x800009c8 (0x5916b617) x12 0xd916b9c8
core   0: 0x800009cc (0x0db92093) slti    ra, s2, 219
core   0: 3 0x800009cc (0x0db92093) x 1 0x00000001
core   0: 0x800009d0 (0x01b86a33) or      s4, a6, s11
core   0: 3 0x800009d0 (0x01b86a33) x20 0xfffffdfd
core   0: 0x800009d4 (0x414b0c33) sub     s8, s6, s4
core   0: 3 0x800009d4 (0x414b0c33) x24 0x00000202
core   0: 0x800009d8 (0x0242d8b3) divu    a7, t0, tp
core   0: 3 0x800009d8 (0x0242d8b3) x17 0x0022f3d9
core   0: 0x800009dc (0x409c5913) srai    s2, s8, 9
core   0: 3 0x800009dc (0x409c5913) x18 0x00000001
core   0: 0x800009e0 (0x02776033) rem     zero, a4, t2
core   0: 3 0x800009e0 (0x02776033)
core   0: 0x800009e4 (0x0192ffb3) and     t6, t0, s9
core   0: 3 0x800009e4 (0x0192ffb3) x31 0x80018ce4
core   0: 0x800009e8 (0x7b5bd197) auipc   gp, 0x7b5bd
core   0: 3 0x800009e8 (0x7b5bd197) x 3 0xfb5bd9e8
core   0: 0x800009ec (0x03803fb3) mulhu   t6, zero, s8
core   0: 3 0x800009ec (0x03803fb3) x31 0x00000000
core   0: 0x800009f0 (0x03a15bb3) divu    s7, sp, s10
core   0: 3 0x800009f0 (0x03a15bb3) x23 0x00000000
core   0: 0x800009f4 (0x024b2a33) mulhsu  s4, s6, tp
core   0: 3 0x800009f4 (0x024b2a33) x20 0xffffffff
core   0: 0x800009f8 (0x3984ca37) lui     s4, 0x3984c
core   0: 3 0x800009f8 (0x3984ca37) x20 0x3984c000
core   0: 0x800009fc (0x01b0e3b3) or      t2, ra, s11
core   0: 3 0x800009fc (0x01b0e3b3) x 7 0xfffffcfd
core   0: 0x80000a00 (0x41a9df33) sra     t5, s3, s10
core   0: 3 0x80000a00 (0x41a9df33) x30 0xfffffffc
core   0: 0x80000a04 (0x03987333) remu    t1, a6, s9
core   0: 3 0x80000a04 (0x03987333) x 6 0x000001a1
core   0: 0x80000a08 (0x00455533) srl     a0, a0, tp
core   0: 3 0x80000a08 (0x00455533) x10 0x00001fff
core   0: 0x80000a0c (0x4038da13) srai    s4, a7, 3
core   0: 3 0x80000a0c (0x4038da13) x20 0x00045e7b
core   0: 0x80000a10 (0x01ee82b3) add     t0, t4, t5
core   0: 3 0x80000a10 (0x01ee82b3) x 5 0xfffffcce
core   0: 0x80000a14 (0x62837237) lui     tp, 0x62837
core   0: 3 0x80000a14 (0x62837237) x 4 0x62837000
core   0: 0x80000a18 (0x001a8eb3) add     t4, s5, ra
core   0: 3 0x80000a18 (0x001a8eb3) x29 0x3fff398f
core   0: 0x80000a1c (0x019296b3) sll     a3, t0, s9
core   0: 3 0x80000a1c (0x019296b3) x13 0xffffcce0
core   0: 0x80000a20 (0x18aa3993) sltiu   s3, s4, 394
core   0: 3 0x80000a20 (0x18aa3993) x19 0x00000000
core   0: 0x80000a24 (0x02658c33) mul     s8, a1, t1
core   0: 3 0x80000a24 (0x02658c33) x24 0x607a1e5c
core   0: 0x80000a28 (0x4e5aaa93) slti    s5, s5, 1253
core   0: 3 0x80000a28 (0x4e5aaa93) x21 0x00000000
core   0: 0x80000a2c (0x00abca33) xor     s4, s7, a0
core   0: 3 0x80000a2c (0x00abca33) x20 0x00001fff
core   0: 0x80000a30 (0x38578a93) addi    s5, a5, 901
core   0: 3 0x80000a30 (0x38578a93) x21 0x00000386
core   0: 0x80000a34 (0x00000013) nop
core   0: 3 0x80000a34 (0x00000013)
core   0: 0x80000a38 (0x0152d4b3) srl     s1, t0, s5
core   0: 3 0x80000a38 (0x0152d4b3) x 9 0x03fffff3
core   0: 0x80000a3c (0x01fe1a93) slli    s5, t3, 31
core   0: 3 0x80000a3c (0x01fe1a93) x21 0x00000000
core   0: 0x80000a40 (0x147d7013) andi    zero, s10, 327
core   0: 3 0x80000a40 (0x147d7013)
core   0: 0x80000a44 (0x03c92ab3) mulhsu  s5, s2, t3
core   0: 3 0x80000a44 (0x03c92ab3) x21 0x00000000
core   0: 0x80000a48 (0x01c7ec33) or      s8, a5, t3
core   0: 3 0x80000a48 (0x01c7ec33) x24 0x80000001
core   0: 0x80000a4c (0xd9d7ae97) auipc   t4, 0xd9d7a
core   0: 3 0x80000a4c (0xd9d7ae97) x29 0x59d7aa4c
core   0: 0x80000a50 (0xc21b7893) andi    a7, s6, -991
core   0: 3 0x80000a50 (0xc21b7893) x17 0xfffffc21
core   0: 0x80000a54 (0x2b297793) andi    a5, s2, 690
core   0: 3 0x80000a54 (0x2b297793) x15 0x00000000
core   0: 0x80000a58 (0x01481333) sll     t1, a6, s4
core   0: 3 0x80000a58 (0x01481333) x 6 0x80000000
core   0: 0x80000a5c (0x010dc433) xor     s0, s11, a6
core   0: 3 0x80000a5c (0x010dc433) x 8 0xfffffd5d
core   0: 0x80000a60 (0xccd673b7) lui     t2, 0xccd67
core   0: 3 0x80000a60 (0xccd673b7) x 7 0xccd67000
core   0: 0x80000a64 (0xcdd4b913) sltiu   s2, s1, -803
core   0: 3 0x80000a64 (0xcdd4b913) x18 0x00000001
core   0: 0x80000a68 (0x010f98b3) sll     a7, t6, a6
core   0: 3 0x80000a68 (0x010f98b3) x17 0x00000000
core   0: 0x80000a6c (0x41e40033) sub     zero, s0, t5
core   0: 3 0x80000a6c (0x41e40033)
core   0: 0x80000a70 (0x0311e0b3) rem     ra, gp, a7
core   0: 3 0x80000a70 (0x0311e0b3) x 1 0xfb5bd9e8
core   0: 0x80000a74 (0x00bcdf13) srli    t5, s9, 11
core   0: 3 0x80000a74 (0x00bcdf13) x30 0x00100031
core   0: 0x80000a78 (0x4607ab93) slti    s7, a5, 1120
core   0: 3 0x80000a78 (0x4607ab93) x23 0x00000001
core   0: 0x80000a7c (0x03e0cb33) div     s6, ra, t5
core   0: 3 0x80000a7c (0x03e0cb33) x22 0xffffffb6
core   0: 0x80000a80 (0x000b85b3) add     a1, s7, zero
core   0: 3 0x80000a80 (0x000b85b3) x11 0x00000001
core   0: 0x80000a84 (0xba00fa93) andi    s5, ra, -1120
core   0: 3 0x80000a84 (0xba00fa93) x21 0xfb5bd9a0
core   0: 0x80000a88 (0x40bb0a33) sub     s4, s6, a1
core   0: 3 0x80000a88 (0x40bb0a33) x20 0xffffffb5
core   0: 0x80000a8c (0x035811b3) mulh    gp, a6, s5
core   0: 3 0x80000a8c (0x035811b3) x 3 0xfffffff8
core   0: 0x80000a90 (0xbf1b0193) addi    gp, s6, -1039
core   0: 3 0x80000a90 (0xbf1b0193) x 3 0xfffffba7
core   0: 0x80000a94 (0x015a5d13) srli    s10, s4, 21
core   0: 3 0x80000a94 (0x015a5d13) x26 0x000007ff
core   0: 0x80000a98 (0x028965b3) rem     a1, s2, s0
core   0: 3 0x80000a98 (0x028965b3) x11 0x00000001
core   0: 0x80000a9c (0x01c44d33) xor     s10, s0, t3
core   0: 3 0x80000a9c (0x01c44d33) x26 0x7ffffd5d
core   0: 0x80000aa0 (0x55f6e213) ori     tp, a3, 1375
core   0: 3 0x80000aa0 (0x55f6e213) x 4 0xffffcdff
core   0: 0x80000aa4 (0x40005433) sra     s0, zero, zero
core   0: 3 0x80000aa4 (0x40005433) x 8 0x00000000
core   0: 0x80000aa8 (0x7b147d37) lui     s10, 0x7b147
core   0: 3 0x80000aa8 (0x7b147d37) x26 0x7b147000
core   0: 0x80000aac (0x8afe0813) addi    a6, t3, -1873
core   0: 3 0x80000aac (0x8afe0813) x16 0x7ffff8af
core   0: 0x80000ab0 (0x0398d133) divu    sp, a7, s9
core   0: 3 0x80000ab0 (0x0398d133) x 2 0x00000000
core   0: 0x80000ab4 (0xb48a8f93) addi    t6, s5, -1208
core   0: 3 0x80000ab4 (0xb48a8f93) x31 0xfb5bd4e8
core   0: 0x80000ab8 (0xfb0f2217) auipc   tp, 0xfb0f2
core   0: 3 0x80000ab8 (0xfb0f2217) x 4 0x7b0f2ab8
core   0: 0x80000abc (0x01c36033) or      zero, t1, t3
core   0: 3 0x80000abc (0x01c36033)
core   0: 0x80000ac0 (0x84475597) auipc   a1, 0x84475
core   0: 3 0x80000ac0 (0x84475597) x11 0x04475ac0
core   0: 0x80000ac4 (0x0d697f93) andi    t6, s2, 214
core   0: 3 0x80000ac4 (0x0d697f93) x31 0x00000000
core   0: 0x80000ac8 (0x03003633) mulhu   a2, zero, a6
core   0: 3 0x80000ac8 (0x03003633) x12 0x00000000
core   0: 0x80000acc (0x01241e93) slli    t4, s0, 18
core   0: 3 0x80000acc (0x01241e93) x29 0x00000000
core   0: 0x80000ad0 (0x0065d893) srli    a7, a1, 6
core   0: 3 0x80000ad0 (0x0065d893) x17 0x00111d6b
core   0: 0x80000ad4 (0x40425c13) srai    s8, tp, 4
core   0: 3 0x80000ad4 (0x40425c13) x24 0x07b0f2ab
core   0: 0x80000ad8 (0x019fb2b3) sltu    t0, t6, s9
core   0: 3 0x80000ad8 (0x019fb2b3) x 5 0x00000001
core   0: 0x80000adc (0x01a45533) srl     a0, s0, s10
core   0: 3 0x80000adc (0x01a45533) x10 0x00000000
core   0: 0x80000ae0 (0x40bd55b3) sra     a1, s10, a1
core   0: 3 0x80000ae0 (0x40bd55b3) x11 0x7b147000
core   0: 0x80000ae4 (0x403b0b33) sub     s6, s6, gp
core   0: 3 0x80000ae4 (0x403b0b33) x22 0x0000040f
core   0: 0x80000ae8 (0x00b485b3) add     a1, s1, a1
core   0: 3 0x80000ae8 (0x00b485b3) x11 0x7f146ff3
core   0: 0x80000aec (0x01462233) slt     tp, a2, s4
core   0: 3 0x80000aec (0x01462233) x 4 0x00000000
core   0: 0x80000af0 (0x17c2d437) lui     s0, 0x17c2d
core   0: 3 0x80000af0 (0x17c2d437) x 8 0x17c2d000
core   0: 0x80000af4 (0x404b05b3) sub     a1, s6, tp
core   0: 3 0x80000af4 (0x404b05b3) x11 0x0000040f
core   0: 0x80000af8 (0xdac8fa97) auipc   s5, 0xdac8f
core   0: 3 0x80000af8 (0xdac8fa97) x21 0x5ac8faf8
core   0: 0x80000afc (0x003038b3) snez    a7, gp
core   0: 3 0x80000afc (0x003038b3) x17 0x00000001
core   0: 0x80000b00 (0x413454b3) sra     s1, s0, s3
core   0: 3 0x80000b00 (0x413454b3) x 9 0x17c2d000
core   0: 0x80000b04 (0x40000433) sub     s0, zero, zero
core   0: 3 0x80000b04 (0x40000433) x 8 0x00000000
core   0: 0x80000b08 (0x0aff8b17) auipc   s6, 0xaff8
core   0: 3 0x80000b08 (0x0aff8b17) x22 0x8aff8b08
core   0: 0x80000b0c (0x02f23a33) mulhu   s4, tp, a5
core   0: 3 0x80000b0c (0x02f23a33) x20 0x00000000
core   0: 0x80000b10 (0x827b72b7) lui     t0, 0x827b7
core   0: 3 0x80000b10 (0x827b72b7) x 5 0x827b7000
core   0: 0x80000b14 (0x0039d3b3) srl     t2, s3, gp
core   0: 3 0x80000b14 (0x0039d3b3) x 7 0x00000000
core   0: 0x80000b18 (0x00ae8433) add     s0, t4, a0
core   0: 3 0x80000b18 (0x00ae8433) x 8 0x00000000
core   0: 0x80000b1c (0x4079d233) sra     tp, s3, t2
core   0: 3 0x80000b1c (0x4079d233) x 4 0x00000000
core   0: 0x80000b20 (0x01431813) slli    a6, t1, 20
core   0: 3 0x80000b20 (0x01431813) x16 0x00000000
core   0: 0x80000b24 (0x40a78433) sub     s0, a5, a0
core   0: 3 0x80000b24 (0x40a78433) x 8 0x00000000
core   0: 0x80000b28 (0x01715b93) srli    s7, sp, 23
core   0: 3 0x80000b28 (0x01715b93) x23 0x00000000
core   0: 0x80000b2c (0x00404233) xor     tp, zero, tp
core   0: 3 0x80000b2c (0x00404233) x 4 0x00000000
core   0: 0x80000b30 (0x039cb8b3) mulhu   a7, s9, s9
core   0: 3 0x80000b30 (0x039cb8b3) x17 0x40018ce6
core   0: 0x80000b34 (0x02452f33) mulhsu  t5, a0, tp
core   0: 3 0x80000b34 (0x02452f33) x30 0x00000000
core   0: 0x80000b38 (0xb51ecd93) xori    s11, t4, -1199
core   0: 3 0x80000b38 (0xb51ecd93) x27 0xfffffb51
core   0: 0x80000b3c (0x00d5ffb3) and     t6, a1, a3
core   0: 3 0x80000b3c (0x00d5ffb3) x31 0x00000400
core   0: 0x80000b40 (0x0067e533) or      a0, a5, t1
core   0: 3 0x80000b40 (0x0067e533) x10 0x80000000
core   0: 0x80000b44 (0x5e720a97) auipc   s5, 0x5e720
core   0: 3 0x80000b44 (0x5e720a97) x21 0xde720b44
core   0: 0x80000b48 (0xe4740b13) addi    s6, s0, -441
core   0: 3 0x80000b48 (0xe4740b13) x22 0xfffffe47
core   0: 0x80000b4c (0x00000013) nop
core   0: 3 0x80000b4c (0x00000013)
core   0: 0x80000b50 (0x8665b493) sltiu   s1, a1, -1946
core   0: 3 0x80000b50 (0x8665b493) x 9 0x00000001
core   0: 0x80000b54 (0xc1f03f13) sltiu   t5, zero, -993
core   0: 3 0x80000b54 (0xc1f03f13) x30 0x00000001
core   0: 0x80000b58 (0x74eeb137) lui     sp, 0x74eeb
core   0: 3 0x80000b58 (0x74eeb137) x 2 0x74eeb000
core   0: 0x80000b5c (0x41e350b3) sra     ra, t1, t5
core   0: 3 0x80000b5c (0x41e350b3) x 1 0xc0000000
core   0: 0x80000b60 (0xffc91c17) auipc   s8, 0xffc91
core   0: 3 0x80000b60 (0xffc91c17) x24 0x7fc91b60
core   0: 0x80000b64 (0x003eaf33) slt     t5, t4, gp
core   0: 3 0x80000b64 (0x003eaf33) x30 0x00000000
core   0: 0x80000b68 (0x01399eb3) sll     t4, s3, s3
core   0: 3 0x80000b68 (0x01399eb3) x29 0x00000000
core   0: 0x80000b6c (0x0068b333) sltu    t1, a7, t1
core   0: 3 0x80000b6c (0x0068b333) x 6 0x00000001
core   0: 0x80000b70 (0x03eceeb3) rem     t4, s9, t5
core   0: 3 0x80000b70 (0x03eceeb3) x29 0x80018ce4
core   0: 0x80000b74 (0x01ca5a93) srli    s5, s4, 28
core   0: 3 0x80000b74 (0x01ca5a93) x21 0x00000000
core   0: 0x80000b78 (0xc5264013) xori    zero, a2, -942
core   0: 3 0x80000b78 (0xc5264013)
core   0: 0x80000b7c (0x01ddeb93) ori     s7, s11, 29
core   0: 3 0x80000b7c (0x01ddeb93) x23 0xfffffb5d
core   0: 0x80000b80 (0x41b95193) srai    gp, s2, 27
core   0: 3 0x80000b80 (0x41b95193) x 3 0x00000000
core   0: 0x80000b84 (0xba9d0937) lui     s2, 0xba9d0
core   0: 3 0x80000b84 (0xba9d0937) x18 0xba9d0000
core   0: 0x80000b88 (0x03a67b33) remu    s6, a2, s10
core   0: 3 0x80000b88 (0x03a67b33) x22 0x00000000
core   0: 0x80000b8c (0xfc9a2f13) slti    t5, s4, -55
core   0: 3 0x80000b8c (0xfc9a2f13) x30 0x00000000
core   0: 0x80000b90 (0x0202bf33) mulhu   t5, t0, zero
core   0: 3 0x80000b90 (0x0202bf33) x30 0x00000000
core   0: 0x80000b94 (0x01853f33) sltu    t5, a0, s8
core   0: 3 0x80000b94 (0x01853f33) x30 0x00000000
core   0: 0x80000b98 (0x03000db3) mul     s11, zero, a6
core   0: 3 0x80000b98 (0x03000db3) x27 0x00000000
core   0: 0x80000b9c (0xeada0913) addi    s2, s4, -339
core   0: 3 0x80000b9c (0xeada0913) x18 0xfffffead
core   0: 0x80000ba0 (0x01c6cdb3) xor     s11, a3, t3
core   0: 3 0x80000ba0 (0x01c6cdb3) x27 0x7fffcce0
core   0: 0x80000ba4 (0xe4450613) addi    a2, a0, -444
core   0: 3 0x80000ba4 (0xe4450613) x12 0x7ffffe44
core   0: 0x80000ba8 (0x000cfeb3) and     t4, s9, zero
core   0: 3 0x80000ba8 (0x000cfeb3) x29 0x00000000
core   0: 0x80000bac (0x025a2b33) mulhsu  s6, s4, t0
core   0: 3 0x80000bac (0x025a2b33) x22 0x00000000
core   0: 0x80000bb0 (0xbdfcf113) andi    sp, s9, -1057
core   0: 3 0x80000bb0 (0xbdfcf113) x 2 0x800188c4
core   0: 0x80000bb4 (0x019bf233) and     tp, s7, s9
core   0: 3 0x80000bb4 (0x019bf233) x 4 0x80018844
core   0: 0x80000bb8 (0x523e3037) lui     zero, 0x523e3
core   0: 3 0x80000bb8 (0x523e3037)
core   0: 0x80000bbc (0x013a5193) srli    gp, s4, 19
core   0: 3 0x80000bbc (0x013a5193) x 3 0x00000000
core   0: 0x80000bc0 (0x01bd88b3) add     a7, s11, s11
core   0: 3 0x80000bc0 (0x01bd88b3) x17 0xffff99c0
core   0: 0x80000bc4 (0x02f033b3) mulhu   t2, zero, a5
core   0: 3 0x80000bc4 (0x02f033b3) x 7 0x00000000
core   0: 0x80000bc8 (0x01d30033) add     zero, t1, t4
core   0: 3 0x80000bc8 (0x01d30033)
core   0: 0x80000bcc (0x008e6b33) or      s6, t3, s0
core   0: 3 0x80000bcc (0x008e6b33) x22 0x80000000
core   0: 0x80000bd0 (0x026d9833) mulh    a6, s11, t1
core   0: 3 0x80000bd0 (0x026d9833) x16 0x00000000
core   0: 0x80000bd4 (0x41f85d13) srai    s10, a6, 31
core   0: 3 0x80000bd4 (0x41f85d13) x26 0x00000000
core   0: 0x80000bd8 (0x2f1e0593) addi    a1, t3, 753
core   0: 3 0x80000bd8 (0x2f1e0593) x11 0x800002f1
core   0: 0x80000bdc (0xdd3f8813) addi    a6, t6, -557
core   0: 3 0x80000bdc (0xdd3f8813) x16 0x000001d3
core   0: 0x80000be0 (0x13ab6897) auipc   a7, 0x13ab6
core   0: 3 0x80000be0 (0x13ab6897) x17 0x93ab6be0
core   0: 0x80000be4 (0x0071d493) srli    s1, gp, 7
core   0: 3 0x80000be4 (0x0071d493) x 9 0x00000000
core   0: 0x80000be8 (0x03c672b3) remu    t0, a2, t3
core   0: 3 0x80000be8 (0x03c672b3) x 5 0x7ffffe44
core   0: 0x80000bec (0x8ed6fb93) andi    s7, a3, -1811
core   0: 3 0x80000bec (0x8ed6fb93) x23 0xffffc8e0
core   0: 0x80000bf0 (0x03a51ab3) mulh    s5, a0, s10
core   0: 3 0x80000bf0 (0x03a51ab3) x21 0x00000000
core   0: 0x80000bf4 (0x03226c33) rem     s8, tp, s2
core   0: 3 0x80000bf4 (0x03226c33) x24 0xfffffef1
core   0: 0x80000bf8 (0x348fc293) xori    t0, t6, 840
core   0: 3 0x80000bf8 (0x348fc293) x 5 0x00000748
core   0: 0x80000bfc (0x037204b3) mul     s1, tp, s7
core   0: 3 0x80000bfc (0x037204b3) x 9 0xab885b80
core   0: 0x80000c00 (0x00e4df13) srli    t5, s1, 14
core   0: 3 0x80000c00 (0x00e4df13) x30 0x0002ae21
core   0: 0x80000c04 (0x015ad0b3) srl     ra, s5, s5
core   0: 3 0x80000c04 (0x015ad0b3) x 1 0x00000000
core   0: 0x80000c08 (0x022773b3) remu    t2, a4, sp
core   0: 3 0x80000c08 (0x022773b3) x 7 0x80014e64
core   0: 0x80000c0c (0x02bb0a33) mul     s4, s6, a1
core   0: 3 0x80000c0c (0x02bb0a33) x20 0x80000000
core   0: 0x80000c10 (0x03bfa533) mulhsu  a0, t6, s11
core   0: 3 0x80000c10 (0x03bfa533) x10 0x000001ff
core   0: 0x80000c14 (0x41a70eb3) sub     t4, a4, s10
core   0: 3 0x80000c14 (0x41a70eb3) x29 0x80014e64
core   0: 0x80000c18 (0x03e48833) mul     a6, s1, t5
core   0: 3 0x80000c18 (0x03e48833) x16 0x81c4cb80
core   0: 0x80000c1c (0x03292a33) mulhsu  s4, s2, s2
core   0: 3 0x80000c1c (0x03292a33) x20 0xfffffead
core   0: 0x80000c20 (0xb09c3917) auipc   s2, 0xb09c3
core   0: 3 0x80000c20 (0xb09c3917) x18 0x309c3c20
core   0: 0x80000c24 (0xaefba313) slti    t1, s7, -1297
core   0: 3 0x80000c24 (0xaefba313) x 6 0x00000001
core   0: 0x80000c28 (0x007367b3) or      a5, t1, t2
core   0: 3 0x80000c28 (0x007367b3) x15 0x80014e65
core   0: 0x80000c2c (0x00000013) nop
core   0: 3 0x80000c2c (0x00000013)
core   0: 0x80000c30 (0x025493b3) mulh    t2, s1, t0
core   0: 3 0x80000c30 (0x025493b3) x 7 0xfffffd98
core   0: 0x80000c34 (0x00ff94b3) sll     s1, t6, a5
core   0: 3 0x80000c34 (0x00ff94b3) x 9 0x00008000
core   0: 0x80000c38 (0x03313f33) mulhu   t5, sp, s3
core   0: 3 0x80000c38 (0x03313f33) x30 0x00000000
core   0: 0x80000c3c (0x0f7da9b7) lui     s3, 0xf7da
core   0: 3 0x80000c3c (0x0f7da9b7) x19 0x0f7da000
core   0: 0x80000c40 (0x01570fb3) add     t6, a4, s5
core   0: 3 0x80000c40 (0x01570fb3) x31 0x80014e64
core   0: 0x80000c44 (0x8fafda37) lui     s4, 0x8fafd
core   0: 3 0x80000c44 (0x8fafda37) x20 0x8fafd000
core   0: 0x80000c48 (0x01fe9533) sll     a0, t4, t6
core   0: 3 0x80000c48 (0x01fe9533) x10 0x0014e640
core   0: 0x80000c4c (0x00029993) slli    s3, t0, 0
core   0: 3 0x80000c4c (0x00029993) x19 0x00000748
core   0: 0x80000c50 (0x2900ce93) xori    t4, ra, 656
core   0: 3 0x80000c50 (0x2900ce93) x29 0x00000290
core   0: 0x80000c54 (0x00e0ceb3) xor     t4, ra, a4
core   0: 3 0x80000c54 (0x00e0ceb3) x29 0x80014e64
core   0: 0x80000c58 (0x80318b17) auipc   s6, 0x80318
core   0: 3 0x80000c58 (0x80318b17) x22 0x00318c58
core   0: 0x80000c5c (0x02748eb3) mul     t4, s1, t2
core   0: 3 0x80000c5c (0x02748eb3) x29 0xfecc0000
core   0: 0x80000c60 (0xea955697) auipc   a3, 0xea955
core   0: 3 0x80000c60 (0xea955697) x13 0x6a955c60
core   0: 0x80000c64 (0x02706db3) rem     s11, zero, t2
core   0: 3 0x80000c64 (0x02706db3) x27 0x00000000
core   0: 0x80000c68 (0x002c6633) or      a2, s8, sp
core   0: 3 0x80000c68 (0x002c6633) x12 0xfffffef5
core   0: 0x80000c6c (0x88388893) addi    a7, a7, -1917
core   0: 3 0x80000c6c (0x88388893) x17 0x93ab6463
core   0: 0x80000c70 (0x00f866b3) or      a3, a6, a5
core   0: 3 0x80000c70 (0x00f866b3) x13 0x81c5cfe5
core   0: 0x80000c74 (0x03cdb4b3) mulhu   s1, s11, t3
core   0: 3 0x80000c74 (0x03cdb4b3) x 9 0x00000000
core   0: 0x80000c78 (0x030ce313) ori     t1, s9, 48
core   0: 3 0x80000c78 (0x030ce313) x 6 0x80018cf4
core   0: 0x80000c7c (0x0248f633) remu    a2, a7, tp
core   0: 3 0x80000c7c (0x0248f633) x12 0x13a9dc1f
core   0: 0x80000c80 (0x02967333) remu    t1, a2, s1
core   0: 3 0x80000c80 (0x02967333) x 6 0x13a9dc1f
core   0: 0x80000c84 (0x004550b3) srl     ra, a0, tp
core   0: 3 0x80000c84 (0x004550b3) x 1 0x00014e64
core   0: 0x80000c88 (0xfd9e4813) xori    a6, t3, -39
core   0: 3 0x80000c88 (0xfd9e4813) x16 0x7fffffd9
core   0: 0x80000c8c (0x01631d33) sll     s10, t1, s6
core   0: 3 0x80000c8c (0x01631d33) x26 0x1f000000
core   0: 0x80000c90 (0x03270c33) mul     s8, a4, s2
core   0: 3 0x80000c90 (0x03270c33) x24 0xd3793c80
core   0: 0x80000c94 (0x035f08b3) mul     a7, t5, s5
core   0: 3 0x80000c94 (0x035f08b3) x17 0x00000000
core   0: 0x80000c98 (0x029525b3) mulhsu  a1, a0, s1
core   0: 3 0x80000c98 (0x029525b3) x11 0x00000000
core   0: 0x80000c9c (0x6b196493) ori     s1, s2, 1713
core   0: 3 0x80000c9c (0x6b196493) x 9 0x309c3eb1
core   0: 0x80000ca0 (0x01894bb3) xor     s7, s2, s8
core   0: 3 0x80000ca0 (0x01894bb3) x23 0xe3e500a0
core   0: 0x80000ca4 (0x9379c013) xori    zero, s3, -1737
core   0: 3 0x80000ca4 (0x9379c013)
core   0: 0x80000ca8 (0x01a35793) srli    a5, t1, 26
core   0: 3 0x80000ca8 (0x01a35793) x15 0x00000004
core   0: 0x80000cac (0x00cbd1b3) srl     gp, s7, a2
core   0: 3 0x80000cac (0x00cbd1b3) x 3 0x00000001
core   0: 0x80000cb0 (0x40fcdd13) srai    s10, s9, 15
core   0: 3 0x80000cb0 (0x40fcdd13) x26 0xffff0003
core   0: 0x80000cb4 (0x00fa4933) xor     s2, s4, a5
core   0: 3 0x80000cb4 (0x00fa4933) x18 0x8fafd004
core   0: 0x80000cb8 (0x00000013) nop
core   0: 3 0x80000cb8 (0x00000013)
core   0: 0x80000cbc (0xb1f08f13) addi    t5, ra, -1249
core   0: 3 0x80000cbc (0xb1f08f13) x30 0x00014983
core   0: 0x80000cc0 (0x002a5893) srli    a7, s4, 2
core   0: 3 0x80000cc0 (0x002a5893) x17 0x23ebf400
core   0: 0x80000cc4 (0x01b41333) sll     t1, s0, s11
core   0: 3 0x80000cc4 (0x01b41333) x 6 0x00000000
core   0: 0x80000cc8 (0x0205a433) mulhsu  s0, a1, zero
core   0: 3 0x80000cc8 (0x0205a433) x 8 0x00000000
core   0: 0x80000ccc (0x034d3013) sltiu   zero, s10, 52
core   0: 3 0x80000ccc (0x034d3013)
core   0: 0x80000cd0 (0x031ed133) divu    sp, t4, a7
core   0: 3 0x80000cd0 (0x031ed133) x 2 0x00000007
core   0: 0x80000cd4 (0x2ba14793) xori    a5, sp, 698
core   0: 3 0x80000cd4 (0x2ba14793) x15 0x000002bd
core   0: 0x80000cd8 (0x11777f13) andi    t5, a4, 279
core   0: 3 0x80000cd8 (0x11777f13) x30 0x00000004
core   0: 0x80000cdc (0x00dbb6b3) sltu    a3, s7, a3
core   0: 3 0x80000cdc (0x00dbb6b3) x13 0x00000000
core   0: 0x80000ce0 (0x02a617b3) mulh    a5, a2, a0
core   0: 3 0x80000ce0 (0x02a617b3) x15 0x00019af4
core   0: 0x80000ce4 (0x37248193) addi    gp, s1, 882
core   0: 3 0x80000ce4 (0x37248193) x 3 0x309c4223
core   0: 0x80000ce8 (0x01d207b3) add     a5, tp, t4
core   0: 3 0x80000ce8 (0x01d207b3) x15 0x7ecd8844
core   0: 0x80000cec (0x020e9933) mulh    s2, t4, zero
core   0: 3 0x80000cec (0x020e9933) x18 0x00000000
core   0: 0x80000cf0 (0x1797a337) lui     t1, 0x1797a
core   0: 3 0x80000cf0 (0x1797a337) x 6 0x1797a000
core   0: 0x80000cf4 (0x011aabb3) slt     s7, s5, a7
core   0: 3 0x80000cf4 (0x011aabb3) x23 0x00000001
core   0: 0x80000cf8 (0x41c903b3) sub     t2, s2, t3
core   0: 3 0x80000cf8 (0x41c903b3) x 7 0x80000000
core   0: 0x80000cfc (0x40f85413) srai    s0, a6, 15
core   0: 3 0x80000cfc (0x40f85413) x 8 0x0000ffff
core   0: 0x80000d00 (0xb07e88b7) lui     a7, 0xb07e8
core   0: 3 0x80000d00 (0xb07e88b7) x17 0xb07e8000
core   0: 0x80000d04 (0xa251f337) lui     t1, 0xa251f
core   0: 3 0x80000d04 (0xa251f337) x 6 0xa251f000
core   0: 0x80000d08 (0x03d200b3) mul     ra, tp, t4
core   0: 3 0x80000d08 (0x03d200b3) x 1 0x0e300000
core   0: 0x80000d0c (0x418285b3) sub     a1, t0, s8
core   0: 3 0x80000d0c (0x418285b3) x11 0x2c86cac8
core   0: 0x80000d10 (0x036699b3) mulh    s3, a3, s6
core   0: 3 0x80000d10 (0x036699b3) x19 0x00000000
core   0: 0x80000d14 (0x9cf86f13) ori     t5, a6, -1585
core   0: 3 0x80000d14 (0x9cf86f13) x30 0xffffffdf
core   0: 0x80000d18 (0x0040d8b3) srl     a7, ra, tp
core   0: 3 0x80000d18 (0x0040d8b3) x17 0x00e30000
core   0: 0x80000d1c (0x02fe9f33) mulh    t5, t4, a5
core   0: 3 0x80000d1c (0x02fe9f33) x30 0xff6770b8
core   0: 0x80000d20 (0x31653f93) sltiu   t6, a0, 790
core   0: 3 0x80000d20 (0x31653f93) x31 0x00000000
core   0: 0x80000d24 (0x00c0fc33) and     s8, ra, a2
core   0: 3 0x80000d24 (0x00c0fc33) x24 0x02200000
core   0: 0x80000d28 (0x00000013) nop
core   0: 3 0x80000d28 (0x00000013)
core   0: 0x80000d2c (0x060cab37) lui     s6, 0x60ca
core   0: 3 0x80000d2c (0x060cab37) x22 0x060ca000
core   0: 0x80000d30 (0x03cefdb3) remu    s11, t4, t3
core   0: 3 0x80000d30 (0x03cefdb3) x27 0x7ecc0000
core   0: 0x80000d34 (0x01fd8f33) add     t5, s11, t6
core   0: 3 0x80000d34 (0x01fd8f33) x30 0x7ecc0000
core   0: 0x80000d38 (0x7633c513) xori    a0, t2, 1891
core   0: 3 0x80000d38 (0x7633c513) x10 0x80000763
core   0: 0x80000d3c (0x01bfd793) srli    a5, t6, 27
core   0: 3 0x80000d3c (0x01bfd793) x15 0x00000000
core   0: 0x80000d40 (0x02fb15b3) mulh    a1, s6, a5
core   0: 3 0x80000d40 (0x02fb15b3) x11 0x00000000
core   0: 0x80000d44 (0x017a9413) slli    s0, s5, 23
core   0: 3 0x80000d44 (0x017a9413) x 8 0x00000000
core   0: 0x80000d48 (0x0326cbb3) div     s7, a3, s2
core   0: 3 0x80000d48 (0x0326cbb3) x23 0xffffffff
core   0: 0x80000d4c (0x229dc893) xori    a7, s11, 553
core   0: 3 0x80000d4c (0x229dc893) x17 0x7ecc0229
core   0: 0x80000d50 (0x00e8beb3) sltu    t4, a7, a4
core   0: 3 0x80000d50 (0x00e8beb3) x29 0x00000001
core   0: 0x80000d54 (0xccf64313) xori    t1, a2, -817
core   0: 3 0x80000d54 (0xccf64313) x 6 0xec5620d0
core   0: 0x80000d58 (0x7faf3393) sltiu   t2, t5, 2042
core   0: 3 0x80000d58 (0x7faf3393) x 7 0x00000000
core   0: 0x80000d5c (0x9b64b893) sltiu   a7, s1, -1610
core   0: 3 0x80000d5c (0x9b64b893) x17 0x00000001
core   0: 0x80000d60 (0x418050b3) sra     ra, zero, s8
core   0: 3 0x80000d60 (0x418050b3) x 1 0x00000000
core   0: 0x80000d64 (0xe4b57917) auipc   s2, 0xe4b57
core   0: 3 0x80000d64 (0xe4b57917) x18 0x64b57d64
core   0: 0x80000d68 (0x0381e133) rem     sp, gp, s8
core   0: 3 0x80000d68 (0x0381e133) x 2 0x01dc4223
core   0: 0x80000d6c (0x0014c833) xor     a6, s1, ra
core   0: 3 0x80000d6c (0x0014c833) x16 0x309c3eb1
core   0: 0x80000d70 (0x02f04633) div     a2, zero, a5
core   0: 3 0x80000d70 (0x02f04633) x12 0xffffffff
core   0: 0x80000d74 (0x00611793) slli    a5, sp, 6
core   0: 3 0x80000d74 (0x00611793) x15 0x771088c0
core   0: 0x80000d78 (0x382c33b7) lui     t2, 0x382c3
core   0: 3 0x80000d78 (0x382c33b7) x 7 0x382c3000
core   0: 0x80000d7c (0x4f269297) auipc   t0, 0x4f269
core   0: 3 0x80000d7c (0x4f269297) x 5 0xcf269d7c
core   0: 0x80000d80 (0x1e01fb93) andi    s7, gp, 480
core   0: 3 0x80000d80 (0x1e01fb93) x23 0x00000020
core   0: 0x80000d84 (0x02cd5933) divu    s2, s10, a2
core   0: 3 0x80000d84 (0x02cd5933) x18 0x00000000
core   0: 0x80000d88 (0xf270a793) slti    a5, ra, -217
core   0: 3 0x80000d88 (0xf270a793) x15 0x00000000
core   0: 0x80000d8c (0x024862b3) rem     t0, a6, tp
core   0: 3 0x80000d8c (0x024862b3) x 5 0x309c3eb1
core   0: 0x80000d90 (0x5e8ece93) xori    t4, t4, 1512
core   0: 3 0x80000d90 (0x5e8ece93) x29 0x000005e9
core   0: 0x80000d94 (0x004415b3) sll     a1, s0, tp
core   0: 3 0x80000d94 (0x004415b3) x11 0x00000000
core   0: 0x80000d98 (0xe9fb4d93) xori    s11, s6, -353
core   0: 3 0x80000d98 (0xe9fb4d93) x27 0xf9f35e9f
core   0: 0x80000d9c (0x03a136b3) mulhu   a3, sp, s10
core   0: 3 0x80000d9c (0x03a136b3) x13 0x01dc4046
core   0: 0x80000da0 (0x020b0133) mul     sp, s6, zero
core   0: 3 0x80000da0 (0x020b0133) x 2 0x00000000
core   0: 0x80000da4 (0x0108d333) srl     t1, a7, a6
core   0: 3 0x80000da4 (0x0108d333) x 6 0x00000000
core   0: 0x80000da8 (0x02539a33) mulh    s4, t2, t0
core   0: 3 0x80000da8 (0x02539a33) x20 0x0aaa91ae
core   0: 0x80000dac (0xf9866993) ori     s3, a2, -104
core   0: 3 0x80000dac (0xf9866993) x19 0xffffffff
core   0: 0x80000db0 (0x02b741b3) div     gp, a4, a1
core   0: 3 0x80000db0 (0x02b741b3) x 3 0xffffffff
core   0: 0x80000db4 (0x01469b93) slli    s7, a3, 20
core   0: 3 0x80000db4 (0x01469b93) x23 0x04600000
core   0: 0x80000db8 (0x792b6897) auipc   a7, 0x792b6
core   0: 3 0x80000db8 (0x792b6897) x17 0xf92b6db8
core   0: 0x80000dbc (0x00000013) nop
core   0: 3 0x80000dbc (0x00000013)
core   0: 0x80000dc0 (0x00331e93) slli    t4, t1, 3
core   0: 3 0x80000dc0 (0x00331e93) x29 0x00000000
core   0: 0x80000dc4 (0x01e42433) slt     s0, s0, t5
core   0: 3 0x80000dc4 (0x01e42433) x 8 0x00000001
core   0: 0x80000dc8 (0x30a9e593) ori     a1, s3, 778
core   0: 3 0x80000dc8 (0x30a9e593) x11 0xffffffff
core   0: 0x80000dcc (0x7c0dff93) andi    t6, s11, 1984
core   0: 3 0x80000dcc (0x7c0dff93) x31 0x00000680
core   0: 0x80000dd0 (0xa5d7e393) ori     t2, a5, -1443
core   0: 3 0x80000dd0 (0xa5d7e393) x 7 0xfffffa5d
core   0: 0x80000dd4 (0x003659b3) srl     s3, a2, gp
core   0: 3 0x80000dd4 (0x003659b3) x19 0x00000001
core   0: 0x80000dd8 (0x03209533) mulh    a0, ra, s2
core   0: 3 0x80000dd8 (0x03209533) x10 0x00000000
core   0: 0x80000ddc (0x0298c4b3) div     s1, a7, s1
core   0: 3 0x80000ddc (0x0298c4b3) x 9 0x00000000
core   0: 0x80000de0 (0x40395493) srai    s1, s2, 3
core   0: 3 0x80000de0 (0x40395493) x 9 0x00000000
core   0: 0x80000de4 (0x2ac90d93) addi    s11, s2, 684
core   0: 3 0x80000de4 (0x2ac90d93) x27 0x000002ac
core   0: 0x80000de8 (0x01ea3ab3) sltu    s5, s4, t5
core   0: 3 0x80000de8 (0x01ea3ab3) x21 0x00000001
core   0: 0x80000dec (0x0288bc33) mulhu   s8, a7, s0
core   0: 3 0x80000dec (0x0288bc33) x24 0x00000000
core   0: 0x80000df0 (0x00a3d333) srl     t1, t2, a0
core   0: 3 0x80000df0 (0x00a3d333) x 6 0xfffffa5d
core   0: 0x80000df4 (0x320dc413) xori    s0, s11, 800
core   0: 3 0x80000df4 (0x320dc413) x 8 0x0000018c
core   0: 0x80000df8 (0x0148ac33) slt     s8, a7, s4
core   0: 3 0x80000df8 (0x0148ac33) x24 0x00000001
core   0: 0x80000dfc (0xfd427793) andi    a5, tp, -44
core   0: 3 0x80000dfc (0xfd427793) x15 0x80018844
core   0: 0x80000e00 (0x2d40bb13) sltiu   s6, ra, 724
core   0: 3 0x80000e00 (0x2d40bb13) x22 0x00000001
core   0: 0x80000e04 (0x02b293b3) mulh    t2, t0, a1
core   0: 3 0x80000e04 (0x02b293b3) x 7 0xffffffff
core   0: 0x80000e08 (0x00000013) nop
core   0: 3 0x80000e08 (0x00000013)
core   0: 0x80000e0c (0x28e74f13) xori    t5, a4, 654
core   0: 3 0x80000e0c (0x28e74f13) x30 0x80014cea
core   0: 0x80000e10 (0x41e85593) srai    a1, a6, 30
core   0: 3 0x80000e10 (0x41e85593) x11 0x00000000
core   0: 0x80000e14 (0x00d27a33) and     s4, tp, a3
core   0: 3 0x80000e14 (0x00d27a33) x20 0x00000044
core   0: 0x80000e18 (0x01784933) xor     s2, a6, s7
core   0: 3 0x80000e18 (0x01784933) x18 0x34fc3eb1
core   0: 0x80000e1c (0xa9280b13) addi    s6, a6, -1390
core   0: 3 0x80000e1c (0xa9280b13) x22 0x309c3943
core   0: 0x80000e20 (0x007e1c33) sll     s8, t3, t2
core   0: 3 0x80000e20 (0x007e1c33) x24 0x00000000
core   0: 0x80000e24 (0x5836bc13) sltiu   s8, a3, 1411
core   0: 3 0x80000e24 (0x5836bc13) x24 0x00000000
core   0: 0x80000e28 (0x028478b3) remu    a7, s0, s0
core   0: 3 0x80000e28 (0x028478b3) x17 0x00000000
core   0: 0x80000e2c (0x02084433) div     s0, a6, zero
core   0: 3 0x80000e2c (0x02084433) x 8 0xffffffff
core   0: 0x80000e30 (0x0253c233) div     tp, t2, t0
core   0: 3 0x80000e30 (0x0253c233) x 4 0x00000000
core   0: 0x80000e34 (0x00b2b9b3) sltu    s3, t0, a1
core   0: 3 0x80000e34 (0x00b2b9b3) x19 0x00000000
core   0: 0x80000e38 (0x00acdf13) srli    t5, s9, 10
core   0: 3 0x80000e38 (0x00acdf13) x30 0x00200063
core   0: 0x80000e3c (0x015bdb93) srli    s7, s7, 21
core   0: 3 0x80000e3c (0x015bdb93) x23 0x00000023
core   0: 0x80000e40 (0x400dde93) srai    t4, s11, 0
core   0: 3 0x80000e40 (0x400dde93) x29 0x000002ac
core   0: 0x80000e44 (0x018628b3) slt     a7, a2, s8
core   0: 3 0x80000e44 (0x018628b3) x17 0x00000001
core   0: 0x80000e48 (0xae0ac913) xori    s2, s5, -1312
core   0: 3 0x80000e48 (0xae0ac913) x18 0xfffffae1
core   0: 0x80000e4c (0x1590c793) xori    a5, ra, 345
core   0: 3 0x80000e4c (0x1590c793) x15 0x00000159
core   0: 0x80000e50 (0x023d3eb3) mulhu   t4, s10, gp
core   0: 3 0x80000e50 (0x023d3eb3) x29 0xffff0002
core   0: 0x80000e54 (0x2ab44513) xori    a0, s0, 683
core   0: 3 0x80000e54 (0x2ab44513) x10 0xfffffd54
core   0: 0x80000e58 (0x0248e6b3) rem     a3, a7, tp
core   0: 3 0x80000e58 (0x0248e6b3) x13 0x00000001
core   0: 0x80000e5c (0x008a49b3) xor     s3, s4, s0
core   0: 3 0x80000e5c (0x008a49b3) x19 0xffffffbb
core   0: 0x80000e60 (0x00907ab3) and     s5, zero, s1
core   0: 3 0x80000e60 (0x00907ab3) x21 0x00000000
core   0: 0x80000e64 (0x012b7033) and     zero, s6, s2
core   0: 3 0x80000e64 (0x012b7033)
core   0: 0x80000e68 (0x0209c033) div     zero, s3, zero
core   0: 3 0x80000e68 (0x0209c033)
core   0: 0x80000e6c (0x70ae4b13) xori    s6, t3, 1802
core   0: 3 0x80000e6c (0x70ae4b13) x22 0x8000070a
core   0: 0x80000e70 (0x002a4433) xor     s0, s4, sp
core   0: 3 0x80000e70 (0x002a4433) x 8 0x00000044
core   0: 0x80000e74 (0x011a6fb3) or      t6, s4, a7
core   0: 3 0x80000e74 (0x011a6fb3) x31 0x00000045
core   0: 0x80000e78 (0x05fc0d93) addi    s11, s8, 95
core   0: 3 0x80000e78 (0x05fc0d93) x27 0x0000005f
core   0: 0x80000e7c (0x015590b3) sll     ra, a1, s5
core   0: 3 0x80000e7c (0x015590b3) x 1 0x00000000
core   0: 0x80000e80 (0x01fc5493) srli    s1, s8, 31
core   0: 3 0x80000e80 (0x01fc5493) x 9 0x00000000
core   0: 0x80000e84 (0xeff25f37) lui     t5, 0xeff25
core   0: 3 0x80000e84 (0xeff25f37) x30 0xeff25000
core   0: 0x80000e88 (0x036b3a33) mulhu   s4, s6, s6
core   0: 3 0x80000e88 (0x036b3a33) x20 0x4000070a
core   0: 0x80000e8c (0x032c48b3) div     a7, s8, s2
core   0: 3 0x80000e8c (0x032c48b3) x17 0x00000000
core   0: 0x80000e90 (0x020976b3) remu    a3, s2, zero
core   0: 3 0x80000e90 (0x020976b3) x13 0xfffffae1
core   0: 0x80000e94 (0x0265cf33) div     t5, a1, t1
core   0: 3 0x80000e94 (0x0265cf33) x30 0x00000000
core   0: 0x80000e98 (0xf0a14013) xori    zero, sp, -246
core   0: 3 0x80000e98 (0xf0a14013)
core   0: 0x80000e9c (0x03f9f233) remu    tp, s3, t6
core   0: 3 0x80000e9c (0x03f9f233) x 4 0x0000003a
core   0: 0x80000ea0 (0x01241633) sll     a2, s0, s2
core   0: 3 0x80000ea0 (0x01241633) x12 0x00000088
core   0: 0x80000ea4 (0x01229b33) sll     s6, t0, s2
core   0: 3 0x80000ea4 (0x01229b33) x22 0x61387d62
core   0: 0x80000ea8 (0x7a62d197) auipc   gp, 0x7a62d
core   0: 3 0x80000ea8 (0x7a62d197) x 3 0xfa62dea8
core   0: 0x80000eac (0x406c8633) sub     a2, s9, t1
core   0: 3 0x80000eac (0x406c8633) x12 0x80019287
core   0: 0x80000eb0 (0xa5432893) slti    a7, t1, -1452
core   0: 3 0x80000eb0 (0xa5432893) x17 0x00000000
core   0: 0x80000eb4 (0xde968793) addi    a5, a3, -535
core   0: 3 0x80000eb4 (0xde968793) x15 0xfffff8ca
core   0: 0x80000eb8 (0x01e11493) slli    s1, sp, 30
core   0: 3 0x80000eb8 (0x01e11493) x 9 0x00000000
core   0: 0x80000ebc (0x00b774b3) and     s1, a4, a1
core   0: 3 0x80000ebc (0x00b774b3) x 9 0x00000000
core   0: 0x80000ec0 (0x0249bf33) mulhu   t5, s3, tp
core   0: 3 0x80000ec0 (0x0249bf33) x30 0x00000039
core   0: 0x80000ec4 (0xf1edfab7) lui     s5, 0xf1edf
core   0: 3 0x80000ec4 (0xf1edfab7) x21 0xf1edf000
core   0: 0x80000ec8 (0x030c0fb3) mul     t6, s8, a6
core   0: 3 0x80000ec8 (0x030c0fb3) x31 0x00000000
core   0: 0x80000ecc (0x03870333) mul     t1, a4, s8
core   0: 3 0x80000ecc (0x03870333) x 6 0x00000000
core   0: 0x80000ed0 (0x01a49c13) slli    s8, s1, 26
core   0: 3 0x80000ed0 (0x01a49c13) x24 0x00000000
core   0: 0x80000ed4 (0x40c60933) sub     s2, a2, a2
core   0: 3 0x80000ed4 (0x40c60933) x18 0x00000000
core   0: 0x80000ed8 (0x4016df33) sra     t5, a3, ra
core   0: 3 0x80000ed8 (0x4016df33) x30 0xfffffae1
core   0: 0x80000edc (0x0038b433) sltu    s0, a7, gp
core   0: 3 0x80000edc (0x0038b433) x 8 0x00000001
core   0: 0x80000ee0 (0x418806b3) sub     a3, a6, s8
core   0: 3 0x80000ee0 (0x418806b3) x13 0x309c3eb1
core   0: 0x80000ee4 (0x014ea0b3) slt     ra, t4, s4
core   0: 3 0x80000ee4 (0x014ea0b3) x 1 0x00000001
core   0: 0x80000ee8 (0x41d6d633) sra     a2, a3, t4
core   0: 3 0x80000ee8 (0x41d6d633) x12 0x0c270fac
core   0: 0x80000eec (0x00c35293) srli    t0, t1, 12
core   0: 3 0x80000eec (0x00c35293) x 5 0x00000000
core   0: 0x80000ef0 (0x0c72c893) xori    a7, t0, 199
core   0: 3 0x80000ef0 (0x0c72c893) x17 0x000000c7
core   0: 0x80000ef4 (0x011cdf13) srli    t5, s9, 17
core   0: 3 0x80000ef4 (0x011cdf13) x30 0x00004000
core   0: 0x80000ef8 (0xcc5bac13) slti    s8, s7, -827
core   0: 3 0x80000ef8 (0xcc5bac13) x24 0x00000000
core   0: 0x80000efc (0x82a32593) slti    a1, t1, -2006
core   0: 3 0x80000efc (0x82a32593) x11 0x00000000
core   0: 0x80000f00 (0x00405c33) srl     s8, zero, tp
core   0: 3 0x80000f00 (0x00405c33) x24 0x00000000
core   0: 0x80000f04 (0x03268db3) mul     s11, a3, s2
core   0: 3 0x80000f04 (0x03268db3) x27 0x00000000
core   0: 0x80000f08 (0x0044d7b3) srl     a5, s1, tp
core   0: 3 0x80000f08 (0x0044d7b3) x15 0x00000000
core   0: 0x80000f0c (0x03aa3133) mulhu   sp, s4, s10
core   0: 3 0x80000f0c (0x03aa3133) x 2 0x3fffc70a
core   0: 0x80000f10 (0x4063d7b3) sra     a5, t2, t1
core   0: 3 0x80000f10 (0x4063d7b3) x15 0xffffffff
core   0: 0x80000f14 (0x00d257b3) srl     a5, tp, a3
core   0: 3 0x80000f14 (0x00d257b3) x15 0x00000000
core   0: 0x80000f18 (0xf9fc9197) auipc   gp, 0xf9fc9
core   0: 3 0x80000f18 (0xf9fc9197) x 3 0x79fc9f18
core   0: 0x80000f1c (0x00acb433) sltu    s0, s9, a0
core   0: 3 0x80000f1c (0x00acb433) x 8 0x00000001
core   0: 0x80000f20 (0x026c62b3) rem     t0, s8, t1
core   0: 3 0x80000f20 (0x026c62b3) x 5 0x00000000
core   0: 0x80000f24 (0x40a98a33) sub     s4, s3, a0
core   0: 3 0x80000f24 (0x40a98a33) x20 0x00000267
core   0: 0x80000f28 (0xfe020993) addi    s3, tp, -32
core   0: 3 0x80000f28 (0xfe020993) x19 0x0000001a
core   0: 0x80000f2c (0x03101933) mulh    s2, zero, a7
core   0: 3 0x80000f2c (0x03101933) x18 0x00000000
core   0: 0x80000f30 (0x40e7d933) sra     s2, a5, a4
core   0: 3 0x80000f30 (0x40e7d933) x18 0x00000000
core   0: 0x80000f34 (0x38e44613) xori    a2, s0, 910
core   0: 3 0x80000f34 (0x38e44613) x12 0x0000038f
core   0: 0x80000f38 (0xd94db5b7) lui     a1, 0xd94db
core   0: 3 0x80000f38 (0xd94db5b7) x11 0xd94db000
core   0: 0x80000f3c (0x03845433) divu    s0, s0, s8
core   0: 3 0x80000f3c (0x03845433) x 8 0xffffffff
core   0: 0x80000f40 (0xf5222993) slti    s3, tp, -174
core   0: 3 0x80000f40 (0xf5222993) x19 0x00000000
core   0: 0x80000f44 (0x40f0d693) srai    a3, ra, 15
core   0: 3 0x80000f44 (0x40f0d693) x13 0x00000000
core   0: 0x80000f48 (0x339e1337) lui     t1, 0x339e1
core   0: 3 0x80000f48 (0x339e1337) x 6 0x339e1000
core   0: 0x80000f4c (0x01831693) slli    a3, t1, 24
core   0: 3 0x80000f4c (0x01831693) x13 0x00000000
core   0: 0x80000f50 (0xbb69f693) andi    a3, s3, -1098
core   0: 3 0x80000f50 (0xbb69f693) x13 0x00000000
core   0: 0x80000f54 (0x02ba45b3) div     a1, s4, a1
core   0: 3 0x80000f54 (0x02ba45b3) x11 0x00000000
core   0: 0x80000f58 (0x0346cb33) div     s6, a3, s4
core   0: 3 0x80000f58 (0x0346cb33) x22 0x00000000
core   0: 0x80000f5c (0x00772db3) slt     s11, a4, t2
core   0: 3 0x80000f5c (0x00772db3) x27 0x00000001
core   0: 0x80000f60 (0x50734e93) xori    t4, t1, 1287
core   0: 3 0x80000f60 (0x50734e93) x29 0x339e1507
core   0: 0x80000f64 (0xb524a997) auipc   s3, 0xb524a
core   0: 3 0x80000f64 (0xb524a997) x19 0x3524af64
core   0: 0x80000f68 (0x03f9c833) div     a6, s3, t6
core   0: 3 0x80000f68 (0x03f9c833) x16 0xffffffff
core   0: 0x80000f6c (0x01cf5f93) srli    t6, t5, 28
core   0: 3 0x80000f6c (0x01cf5f93) x31 0x00000000
core   0: 0x80000f70 (0x00000013) nop
core   0: 3 0x80000f70 (0x00000013)
core   0: 0x80000f74 (0x00ca2433) slt     s0, s4, a2
core   0: 3 0x80000f74 (0x00ca2433) x 8 0x00000001
core   0: 0x80000f78 (0x02fb7633) remu    a2, s6, a5
core   0: 3 0x80000f78 (0x02fb7633) x12 0x00000000
core   0: 0x80000f7c (0x029fec33) rem     s8, t6, s1
core   0: 3 0x80000f7c (0x029fec33) x24 0x00000000
core   0: 0x80000f80 (0x01c57ab3) and     s5, a0, t3
core   0: 3 0x80000f80 (0x01c57ab3) x21 0x80000000
core   0: 0x80000f84 (0x02ee69b3) rem     s3, t3, a4
core   0: 3 0x80000f84 (0x02ee69b3) x19 0xfffeb19c
core   0: 0x80000f88 (0x026624b3) mulhsu  s1, a2, t1
core   0: 3 0x80000f88 (0x026624b3) x 9 0x00000000
core   0: 0x80000f8c (0x0155b433) sltu    s0, a1, s5
core   0: 3 0x80000f8c (0x0155b433) x 8 0x00000001
core   0: 0x80000f90 (0x02459a33) mulh    s4, a1, tp
core   0: 3 0x80000f90 (0x02459a33) x20 0x00000000
core   0: 0x80000f94 (0x002139b3) sltu    s3, sp, sp
core   0: 3 0x80000f94 (0x002139b3) x19 0x00000000
core   0: 0x80000f98 (0x01ddf533) and     a0, s11, t4
core   0: 3 0x80000f98 (0x01ddf533) x10 0x00000001
core   0: 0x80000f9c (0x01d9d513) srli    a0, s3, 29
core   0: 3 0x80000f9c (0x01d9d513) x10 0x00000000
core   0: 0x80000fa0 (0x01f25393) srli    t2, tp, 31
core   0: 3 0x80000fa0 (0x01f25393) x 7 0x00000000
core   0: 0x80000fa4 (0x013977b3) and     a5, s2, s3
core   0: 3 0x80000fa4 (0x013977b3) x15 0x00000000
core   0: 0x80000fa8 (0x0250deb3) divu    t4, ra, t0
core   0: 3 0x80000fa8 (0x0250deb3) x29 0xffffffff
core   0: 0x80000fac (0x0117b333) sltu    t1, a5, a7
core   0: 3 0x80000fac (0x0117b333) x 6 0x00000001
core   0: 0x80000fb0 (0x02aab933) mulhu   s2, s5, a0
core   0: 3 0x80000fb0 (0x02aab933) x18 0x00000000
core   0: 0x80000fb4 (0x00ff1313) slli    t1, t5, 15
core   0: 3 0x80000fb4 (0x00ff1313) x 6 0x20000000
core   0: 0x80000fb8 (0x94b8cb93) xori    s7, a7, -1717
core   0: 3 0x80000fb8 (0x94b8cb93) x23 0xfffff98c
core   0: 0x80000fbc (0x00d1b1b3) sltu    gp, gp, a3
core   0: 3 0x80000fbc (0x00d1b1b3) x 3 0x00000000
core   0: 0x80000fc0 (0x0324aeb3) mulhsu  t4, s1, s2
core   0: 3 0x80000fc0 (0x0324aeb3) x29 0x00000000
core   0: 0x80000fc4 (0xa5b4b613) sltiu   a2, s1, -1445
core   0: 3 0x80000fc4 (0xa5b4b613) x12 0x00000001
core   0: 0x80000fc8 (0x3bc54913) xori    s2, a0, 956
core   0: 3 0x80000fc8 (0x3bc54913) x18 0x000003bc
core   0: 0x80000fcc (0xd5f12093) slti    ra, sp, -673
core   0: 3 0x80000fcc (0xd5f12093) x 1 0x00000000
core   0: 0x80000fd0 (0x9209f337) lui     t1, 0x9209f
core   0: 3 0x80000fd0 (0x9209f337) x 6 0x9209f000
core   0: 0x80000fd4 (0x00bf9213) slli    tp, t6, 11
core   0: 3 0x80000fd4 (0x00bf9213) x 4 0x00000000
core   0: 0x80000fd8 (0x02b751b3) divu    gp, a4, a1
core   0: 3 0x80000fd8 (0x02b751b3) x 3 0xffffffff
core   0: 0x80000fdc (0x006ad693) srli    a3, s5, 6
core   0: 3 0x80000fdc (0x006ad693) x13 0x02000000
core   0: 0x80000fe0 (0x408a5d13) srai    s10, s4, 8
core   0: 3 0x80000fe0 (0x408a5d13) x26 0x00000000
core   0: 0x80000fe4 (0x002aaab3) slt     s5, s5, sp
core   0: 3 0x80000fe4 (0x002aaab3) x21 0x00000001
core   0: 0x80000fe8 (0x01505833) srl     a6, zero, s5
core   0: 3 0x80000fe8 (0x01505833) x16 0x00000000
core   0: 0x80000fec (0x04e1b193) sltiu   gp, gp, 78
core   0: 3 0x80000fec (0x04e1b193) x 3 0x00000000
core   0: 0x80000ff0 (0x012b3ab3) sltu    s5, s6, s2
core   0: 3 0x80000ff0 (0x012b3ab3) x21 0x00000001
core   0: 0x80000ff4 (0x992cb513) sltiu   a0, s9, -1646
core   0: 3 0x80000ff4 (0x992cb513) x10 0x00000001
core   0: 0x80000ff8 (0x01f88433) add     s0, a7, t6
core   0: 3 0x80000ff8 (0x01f88433) x 8 0x000000c7
core   0: 0x80000ffc (0x011b44b3) xor     s1, s6, a7
core   0: 3 0x80000ffc (0x011b44b3) x 9 0x000000c7
core   0: 0x80001000 (0x039bcc33) div     s8, s7, s9
core   0: 3 0x80001000 (0x039bcc33) x24 0x00000000
core   0: 0x80001004 (0x0348c533) div     a0, a7, s4
core   0: 3 0x80001004 (0x0348c533) x10 0xffffffff
core   0: 0x80001008 (0x00d79413) slli    s0, a5, 13
core   0: 3 0x80001008 (0x00d79413) x 8 0x00000000
core   0: 0x8000100c (0x6e8ecf13) xori    t5, t4, 1768
core   0: 3 0x8000100c (0x6e8ecf13) x30 0x000006e8
core   0: 0x80001010 (0x4103deb3) sra     t4, t2, a6
core   0: 3 0x80001010 (0x4103deb3) x29 0x00000000
core   0: 0x80001014 (0xaa956213) ori     tp, a0, -1367
core   0: 3 0x80001014 (0xaa956213) x 4 0xffffffff
core   0: 0x80001018 (0x00000013) nop
core   0: 3 0x80001018 (0x00000013)
core   0: 0x8000101c (0x66c8ca37) lui     s4, 0x66c8c
core   0: 3 0x8000101c (0x66c8ca37) x20 0x66c8c000
core   0: 0x80001020 (0x01f43433) sltu    s0, s0, t6
core   0: 3 0x80001020 (0x01f43433) x 8 0x00000000
core   0: 0x80001024 (0x41578db3) sub     s11, a5, s5
core   0: 3 0x80001024 (0x41578db3) x27 0xffffffff
core   0: 0x80001028 (0x2bf1f793) andi    a5, gp, 703
core   0: 3 0x80001028 (0x2bf1f793) x15 0x00000000
core   0: 0x8000102c (0x00a5c3b3) xor     t2, a1, a0
core   0: 3 0x8000102c (0x00a5c3b3) x 7 0xffffffff
core   0: 0x80001030 (0x038d8ab3) mul     s5, s11, s8
core   0: 3 0x80001030 (0x038d8ab3) x21 0x00000000
core   0: 0x80001034 (0x0091c233) xor     tp, gp, s1
core   0: 3 0x80001034 (0x0091c233) x 4 0x000000c7
core   0: 0x80001038 (0x03b7c833) div     a6, a5, s11
core   0: 3 0x80001038 (0x03b7c833) x16 0x00000000
core   0: 0x8000103c (0x018a7533) and     a0, s4, s8
core   0: 3 0x8000103c (0x018a7533) x10 0x00000000
core   0: 0x80001040 (0x64afe197) auipc   gp, 0x64afe
core   0: 3 0x80001040 (0x64afe197) x 3 0xe4aff040
core   0: 0x80001044 (0x15a18f17) auipc   t5, 0x15a18
core   0: 3 0x80001044 (0x15a18f17) x30 0x95a19044
core   0: 0x80001048 (0x49804513) xori    a0, zero, 1176
core   0: 3 0x80001048 (0x49804513) x10 0x00000498
core   0: 0x8000104c (0x02eb3433) mulhu   s0, s6, a4
core   0: 3 0x8000104c (0x02eb3433) x 8 0x00000000
core   0: 0x80001050 (0x01a57eb3) and     t4, a0, s10
core   0: 3 0x80001050 (0x01a57eb3) x29 0x00000000
core   0: 0x80001054 (0x95c12393) slti    t2, sp, -1700
core   0: 3 0x80001054 (0x95c12393) x 7 0x00000000
core   0: 0x80001058 (0x11e0c893) xori    a7, ra, 286
core   0: 3 0x80001058 (0x11e0c893) x17 0x0000011e
core   0: 0x8000105c (0x00675313) srli    t1, a4, 6
core   0: 3 0x8000105c (0x00675313) x 6 0x02000539
core   0: 0x80001060 (0x01052fb3) slt     t6, a0, a6
core   0: 3 0x80001060 (0x01052fb3) x31 0x00000000
core   0: 0x80001064 (0x0153a933) slt     s2, t2, s5
core   0: 3 0x80001064 (0x0153a933) x18 0x00000000
core   0: 0x80001068 (0x400cd1b3) sra     gp, s9, zero
core   0: 3 0x80001068 (0x400cd1b3) x 3 0x80018ce4
core   0: 0x8000106c (0x033be9b3) rem     s3, s7, s3
core   0: 3 0x8000106c (0x033be9b3) x19 0xfffff98c
core   0: 0x80001070 (0x01087833) and     a6, a6, a6
core   0: 3 0x80001070 (0x01087833) x16 0x00000000
core   0: 0x80001074 (0x408bd933) sra     s2, s7, s0
core   0: 3 0x80001074 (0x408bd933) x18 0xfffff98c
core   0: 0x80001078 (0x01fc7533) and     a0, s8, t6
core   0: 3 0x80001078 (0x01fc7533) x10 0x00000000
core   0: 0x8000107c (0x003f78b3) and     a7, t5, gp
core   0: 3 0x8000107c (0x003f78b3) x17 0x80018044
core   0: 0x80001080 (0x8299db17) auipc   s6, 0x8299d
core   0: 3 0x80001080 (0x8299db17) x22 0x0299e080
core   0: 0x80001084 (0x01fc5013) srli    zero, s8, 31
core   0: 3 0x80001084 (0x01fc5013)
core   0: 0x80001088 (0x038438b3) mulhu   a7, s0, s8
core   0: 3 0x80001088 (0x038438b3) x17 0x00000000
core   0: 0x8000108c (0x02904633) div     a2, zero, s1
core   0: 3 0x8000108c (0x02904633) x12 0x00000000
core   0: 0x80001090 (0x01e3b533) sltu    a0, t2, t5
core   0: 3 0x80001090 (0x01e3b533) x10 0x00000001
core   0: 0x80001094 (0x00000013) nop
core   0: 3 0x80001094 (0x00000013)
core   0: 0x80001098 (0x150f0313) addi    t1, t5, 336
core   0: 3 0x80001098 (0x150f0313) x 6 0x95a19194
core   0: 0x8000109c (0xada12517) auipc   a0, 0xada12
core   0: 3 0x8000109c (0xada12517) x10 0x2da1309c
core   0: 0x800010a0 (0x0132d0b3) srl     ra, t0, s3
core   0: 3 0x800010a0 (0x0132d0b3) x 1 0x00000000
core   0: 0x800010a4 (0x54220c13) addi    s8, tp, 1346
core   0: 3 0x800010a4 (0x54220c13) x24 0x00000609
core   0: 0x800010a8 (0x4034d333) sra     t1, s1, gp
core   0: 3 0x800010a8 (0x4034d333) x 6 0x0000000c
core   0: 0x800010ac (0x00000013) nop
core   0: 3 0x800010ac (0x00000013)
core   0: 0x800010b0 (0xe771f513) andi    a0, gp, -393
core   0: 3 0x800010b0 (0xe771f513) x10 0x80018c64
core   0: 0x800010b4 (0x027e1033) mulh    zero, t3, t2
core   0: 3 0x800010b4 (0x027e1033)
core   0: 0x800010b8 (0x00eb2f33) slt     t5, s6, a4
core   0: 3 0x800010b8 (0x00eb2f33) x30 0x00000000
core   0: 0x800010bc (0xa6ac2913) slti    s2, s8, -1430
core   0: 3 0x800010bc (0xa6ac2913) x18 0x00000000
core   0: 0x800010c0 (0x01a94f33) xor     t5, s2, s10
core   0: 3 0x800010c0 (0x01a94f33) x30 0x00000000
core   0: 0x800010c4 (0x8f15e413) ori     s0, a1, -1807
core   0: 3 0x800010c4 (0x8f15e413) x 8 0xfffff8f1
core   0: 0x800010c8 (0x032d8db3) mul     s11, s11, s2
core   0: 3 0x800010c8 (0x032d8db3) x27 0x00000000
core   0: 0x800010cc (0x01ac4ab3) xor     s5, s8, s10
core   0: 3 0x800010cc (0x01ac4ab3) x21 0x00000609
core   0: 0x800010d0 (0x1bd5b113) sltiu   sp, a1, 445
core   0: 3 0x800010d0 (0x1bd5b113) x 2 0x00000001
core   0: 0x800010d4 (0x03475333) divu    t1, a4, s4
core   0: 3 0x800010d4 (0x03475333) x 6 0x00000001
core   0: 0x800010d8 (0x212ea093) slti    ra, t4, 530
core   0: 3 0x800010d8 (0x212ea093) x 1 0x00000001
core   0: 0x800010dc (0x4e900a93) li      s5, 1257
core   0: 3 0x800010dc (0x4e900a93) x21 0x000004e9
core   0: 0x800010e0 (0x5f212193) slti    gp, sp, 1522
core   0: 3 0x800010e0 (0x5f212193) x 3 0x00000001
core   0: 0x800010e4 (0x19a34813) xori    a6, t1, 410
core   0: 3 0x800010e4 (0x19a34813) x16 0x0000019b
core   0: 0x800010e8 (0x0028e7b3) or      a5, a7, sp
core   0: 3 0x800010e8 (0x0028e7b3) x15 0x00000001
core   0: 0x800010ec (0x01894f33) xor     t5, s2, s8
core   0: 3 0x800010ec (0x01894f33) x30 0x00000609
core   0: 0x800010f0 (0x019f29b3) slt     s3, t5, s9
core   0: 3 0x800010f0 (0x019f29b3) x19 0x00000000
core   0: 0x800010f4 (0x6e7eb293) sltiu   t0, t4, 1767
core   0: 3 0x800010f4 (0x6e7eb293) x 5 0x00000001
core   0: 0x800010f8 (0x006ad5b3) srl     a1, s5, t1
core   0: 3 0x800010f8 (0x006ad5b3) x11 0x00000274
core   0: 0x800010fc (0x41208a33) sub     s4, ra, s2
core   0: 3 0x800010fc (0x41208a33) x20 0x00000001
core   0: 0x80001100 (0x020df4b3) remu    s1, s11, zero
core   0: 3 0x80001100 (0x020df4b3) x 9 0x00000000
core   0: 0x80001104 (0x00e11413) slli    s0, sp, 14
core   0: 3 0x80001104 (0x00e11413) x 8 0x00004000
core   0: 0x80001108 (0x00fd5793) srli    a5, s10, 15
core   0: 3 0x80001108 (0x00fd5793) x15 0x00000000
core   0: 0x8000110c (0x01c2cb33) xor     s6, t0, t3
core   0: 3 0x8000110c (0x01c2cb33) x22 0x80000001
core   0: 0x80001110 (0x03420db3) mul     s11, tp, s4
core   0: 3 0x80001110 (0x03420db3) x27 0x000000c7
core   0: 0x80001114 (0x02fb87b3) mul     a5, s7, a5
core   0: 3 0x80001114 (0x02fb87b3) x15 0x00000000
core   0: 0x80001118 (0x024962b3) rem     t0, s2, tp
core   0: 3 0x80001118 (0x024962b3) x 5 0x00000000
core   0: 0x8000111c (0x02b69db3) mulh    s11, a3, a1
core   0: 3 0x8000111c (0x02b69db3) x27 0x00000004
core   0: 0x80001120 (0x0341bd33) mulhu   s10, gp, s4
core   0: 3 0x80001120 (0x0341bd33) x26 0x00000000
core   0: 0x80001124 (0xa0684e93) xori    t4, a6, -1530
core   0: 3 0x80001124 (0xa0684e93) x29 0xfffffb9d
core   0: 0x80001128 (0x01065233) srl     tp, a2, a6
core   0: 3 0x80001128 (0x01065233) x 4 0x00000000
core   0: 0x8000112c (0x40bed893) srai    a7, t4, 11
core   0: 3 0x8000112c (0x40bed893) x17 0xffffffff
core   0: 0x80001130 (0x001277b3) and     a5, tp, ra
core   0: 3 0x80001130 (0x001277b3) x15 0x00000000
core   0: 0x80001134 (0x00550333) add     t1, a0, t0
core   0: 3 0x80001134 (0x00550333) x 6 0x80018c64
core   0: 0x80001138 (0x01239f33) sll     t5, t2, s2
core   0: 3 0x80001138 (0x01239f33) x30 0x00000000
core   0: 0x8000113c (0x014d6fb3) or      t6, s10, s4
core   0: 3 0x8000113c (0x014d6fb3) x31 0x00000001
core   0: 0x80001140 (0x417e8bb3) sub     s7, t4, s7
core   0: 3 0x80001140 (0x417e8bb3) x23 0x00000211
core   0: 0x80001144 (0x01b41293) slli    t0, s0, 27
core   0: 3 0x80001144 (0x01b41293) x 5 0x00000000
core   0: 0x80001148 (0x418b81b3) sub     gp, s7, s8
core   0: 3 0x80001148 (0x418b81b3) x 3 0xfffffc08
core   0: 0x8000114c (0x8d9cce93) xori    t4, s9, -1831
core   0: 3 0x8000114c (0x8d9cce93) x29 0x7ffe743d
core   0: 0x80001150 (0xb8837493) andi    s1, t1, -1144
core   0: 3 0x80001150 (0xb8837493) x 9 0x80018800
core   0: 0x80001154 (0x00082433) slt     s0, a6, zero
core   0: 3 0x80001154 (0x00082433) x 8 0x00000000
core   0: 0x80001158 (0x37aac913) xori    s2, s5, 890
core   0: 3 0x80001158 (0x37aac913) x18 0x00000793
core   0: 0x8000115c (0x0337a6b3) mulhsu  a3, a5, s3
core   0: 3 0x8000115c (0x0337a6b3) x13 0x00000000
core   0: 0x80001160 (0x0306f333) remu    t1, a3, a6
core   0: 3 0x80001160 (0x0306f333) x 6 0x00000000
core   0: 0x80001164 (0xdfb50d93) addi    s11, a0, -517
core   0: 3 0x80001164 (0xdfb50d93) x27 0x80018a5f
core   0: 0x80001168 (0x0160f533) and     a0, ra, s6
core   0: 3 0x80001168 (0x0160f533) x10 0x00000001
core   0: 0x8000116c (0x009df433) and     s0, s11, s1
core   0: 3 0x8000116c (0x009df433) x 8 0x80018800
core   0: 0x80001170 (0x026736b3) mulhu   a3, a4, t1
core   0: 3 0x80001170 (0x026736b3) x13 0x00000000
core   0: 0x80001174 (0x4112d793) srai    a5, t0, 17
core   0: 3 0x80001174 (0x4112d793) x15 0x00000000
core   0: 0x80001178 (0x0df5d3b7) lui     t2, 0xdf5d
core   0: 3 0x80001178 (0x0df5d3b7) x 7 0x0df5d000
core   0: 0x8000117c (0x39b86293) ori     t0, a6, 923
core   0: 3 0x8000117c (0x39b86293) x 5 0x0000039b
core   0: 0x80001180 (0x4194d193) srai    gp, s1, 25
core   0: 3 0x80001180 (0x4194d193) x 3 0xffffffc0
core   0: 0x80001184 (0x024d2433) mulhsu  s0, s10, tp
core   0: 3 0x80001184 (0x024d2433) x 8 0x00000000
core   0: 0x80001188 (0x002a5293) srli    t0, s4, 2
core   0: 3 0x80001188 (0x002a5293) x 5 0x00000000
core   0: 0x8000118c (0x00734533) xor     a0, t1, t2
core   0: 3 0x8000118c (0x00734533) x10 0x0df5d000
core   0: 0x80001190 (0x95d9a293) slti    t0, s3, -1699
core   0: 3 0x80001190 (0x95d9a293) x 5 0x00000000
core   0: 0x80001194 (0x031230b3) mulhu   ra, tp, a7
core   0: 3 0x80001194 (0x031230b3) x 1 0x00000000
core   0: 0x80001198 (0xad8ea913) slti    s2, t4, -1320
core   0: 3 0x80001198 (0xad8ea913) x18 0x00000000
core   0: 0x8000119c (0x03705333) divu    t1, zero, s7
core   0: 3 0x8000119c (0x03705333) x 6 0x00000000
core   0: 0x800011a0 (0x01185a33) srl     s4, a6, a7
core   0: 3 0x800011a0 (0x01185a33) x20 0x00000000
core   0: 0x800011a4 (0xabdb0837) lui     a6, 0xabdb0
core   0: 3 0x800011a4 (0xabdb0837) x16 0xabdb0000
core   0: 0x800011a8 (0x028c6b33) rem     s6, s8, s0
core   0: 3 0x800011a8 (0x028c6b33) x22 0x00000609
core   0: 0x800011ac (0x9ee8b693) sltiu   a3, a7, -1554
core   0: 3 0x800011ac (0x9ee8b693) x13 0x00000000
core   0: 0x800011b0 (0x036f3fb3) mulhu   t6, t5, s6
core   0: 3 0x800011b0 (0x036f3fb3) x31 0x00000000
core   0: 0x800011b4 (0x02254f33) div     t5, a0, sp
core   0: 3 0x800011b4 (0x02254f33) x30 0x0df5d000
core   0: 0x800011b8 (0x528a0993) addi    s3, s4, 1320
core   0: 3 0x800011b8 (0x528a0993) x19 0x00000528
core   0: 0x800011bc (0x00d58c33) add     s8, a1, a3
core   0: 3 0x800011bc (0x00d58c33) x24 0x00000274
core   0: 0x800011c0 (0x45222313) slti    t1, tp, 1106
core   0: 3 0x800011c0 (0x45222313) x 6 0x00000001
core   0: 0x800011c4 (0x009fd793) srli    a5, t6, 9
core   0: 3 0x800011c4 (0x009fd793) x15 0x00000000
core   0: 0x800011c8 (0x006a2397) auipc   t2, 0x6a2
core   0: 3 0x800011c8 (0x006a2397) x 7 0x806a31c8
core   0: 0x800011cc (0x02f1ba33) mulhu   s4, gp, a5
core   0: 3 0x800011cc (0x02f1ba33) x20 0x00000000
core   0: 0x800011d0 (0x0322aa33) mulhsu  s4, t0, s2
core   0: 3 0x800011d0 (0x0322aa33) x20 0x00000000
core   0: 0x800011d4 (0x40775333) sra     t1, a4, t2
core   0: 3 0x800011d4 (0x40775333) x 6 0xff80014e
core   0: 0x800011d8 (0x40fb5eb3) sra     t4, s6, a5
core   0: 3 0x800011d8 (0x40fb5eb3) x29 0x00000609
core   0: 0x800011dc (0x013e2fb3) slt     t6, t3, s3
core   0: 3 0x800011dc (0x013e2fb3) x31 0x00000001
core   0: 0x800011e0 (0x002fdf33) srl     t5, t6, sp
core   0: 3 0x800011e0 (0x002fdf33) x30 0x00000000
core   0: 0x800011e4 (0x41a40ab3) sub     s5, s0, s10
core   0: 3 0x800011e4 (0x41a40ab3) x21 0x00000000
core   0: 0x800011e8 (0x000d2933) slt     s2, s10, zero
core   0: 3 0x800011e8 (0x000d2933) x18 0x00000000
core   0: 0x800011ec (0x001037b3) snez    a5, ra
core   0: 3 0x800011ec (0x001037b3) x15 0x00000000
core   0: 0x800011f0 (0xb3596817) auipc   a6, 0xb3596
core   0: 3 0x800011f0 (0xb3596817) x16 0x335971f0
core   0: 0x800011f4 (0x0207a0b3) mulhsu  ra, a5, zero
core   0: 3 0x800011f4 (0x0207a0b3) x 1 0x00000000
core   0: 0x800011f8 (0x00785513) srli    a0, a6, 7
core   0: 3 0x800011f8 (0x00785513) x10 0x0066b2e3
core   0: 0x800011fc (0x00000013) nop
core   0: 3 0x800011fc (0x00000013)
core   0: 0x80001200 (0x021ee033) rem     zero, t4, ra
core   0: 3 0x80001200 (0x021ee033)
core   0: 0x80001204 (0x02507fb3) remu    t6, zero, t0
core   0: 3 0x80001204 (0x02507fb3) x31 0x00000000
core   0: 0x80001208 (0x00ad1533) sll     a0, s10, a0
core   0: 3 0x80001208 (0x00ad1533) x10 0x00000000
core   0: 0x8000120c (0xfb6b08b7) lui     a7, 0xfb6b0
core   0: 3 0x8000120c (0xfb6b08b7) x17 0xfb6b0000
core   0: 0x80001210 (0x0190ff33) and     t5, ra, s9
core   0: 3 0x80001210 (0x0190ff33) x30 0x00000000
core   0: 0x80001214 (0xfaf52913) slti    s2, a0, -81
core   0: 3 0x80001214 (0xfaf52913) x18 0x00000000
core   0: 0x80001218 (0x569a4fb7) lui     t6, 0x569a4
core   0: 3 0x80001218 (0x569a4fb7) x31 0x569a4000
core   0: 0x8000121c (0x8328a293) slti    t0, a7, -1998
core   0: 3 0x8000121c (0x8328a293) x 5 0x00000001
core   0: 0x80001220 (0x91e18013) addi    zero, gp, -1762
core   0: 3 0x80001220 (0x91e18013)
core   0: 0x80001224 (0x00d2d613) srli    a2, t0, 13
core   0: 3 0x80001224 (0x00d2d613) x12 0x00000000
core   0: 0x80001228 (0x02439b33) mulh    s6, t2, tp
core   0: 3 0x80001228 (0x02439b33) x22 0x00000000
core   0: 0x8000122c (0x03537833) remu    a6, t1, s5
core   0: 3 0x8000122c (0x03537833) x16 0xff80014e
core   0: 0x80001230 (0x7e5aa493) slti    s1, s5, 2021
core   0: 3 0x80001230 (0x7e5aa493) x 9 0x00000001
core   0: 0x80001234 (0x40745033) sra     zero, s0, t2
core   0: 3 0x80001234 (0x40745033)
core   0: 0x80001238 (0xc18afa13) andi    s4, s5, -1000
core   0: 3 0x80001238 (0xc18afa13) x20 0x00000000
core   0: 0x8000123c (0x40a3d513) srai    a0, t2, 10
core   0: 3 0x8000123c (0x40a3d513) x10 0xffe01a8c
core   0: 0x80001240 (0x014e5893) srli    a7, t3, 20
core   0: 3 0x80001240 (0x014e5893) x17 0x00000800
core   0: 0x80001244 (0x6f577f13) andi    t5, a4, 1781
core   0: 3 0x80001244 (0x6f577f13) x30 0x00000664
core   0: 0x80001248 (0x323a8f17) auipc   t5, 0x323a8
core   0: 3 0x80001248 (0x323a8f17) x30 0xb23a9248
core   0: 0x8000124c (0x01e2ef33) or      t5, t0, t5
core   0: 3 0x8000124c (0x01e2ef33) x30 0xb23a9249
core   0: 0x80001250 (0x4160d333) sra     t1, ra, s6
core   0: 3 0x80001250 (0x4160d333) x 6 0x00000000
core   0: 0x80001254 (0x0197f4b3) and     s1, a5, s9
core   0: 3 0x80001254 (0x0197f4b3) x 9 0x00000000
core   0: 0x80001258 (0x0107beb3) sltu    t4, a5, a6
core   0: 3 0x80001258 (0x0107beb3) x29 0x00000001
core   0: 0x8000125c (0x030584b3) mul     s1, a1, a6
core   0: 3 0x8000125c (0x030584b3) x 9 0xc6033358
core   0: 0x80001260 (0x021c3933) mulhu   s2, s8, ra
core   0: 3 0x80001260 (0x021c3933) x18 0x00000000
core   0: 0x80001264 (0xc80baa17) auipc   s4, 0xc80ba
core   0: 3 0x80001264 (0xc80baa17) x20 0x480bb264
core   0: 0x80001268 (0x03066433) rem     s0, a2, a6
core   0: 3 0x80001268 (0x03066433) x 8 0x00000000
core   0: 0x8000126c (0x005b5213) srli    tp, s6, 5
core   0: 3 0x8000126c (0x005b5213) x 4 0x00000000
core   0: 0x80001270 (0x410c84b3) sub     s1, s9, a6
core   0: 3 0x80001270 (0x410c84b3) x 9 0x80818b96
core   0: 0x80001274 (0xf8bd2193) slti    gp, s10, -117
core   0: 3 0x80001274 (0xf8bd2193) x 3 0x00000000
core   0: 0x80001278 (0x2a4e6e93) ori     t4, t3, 676
core   0: 3 0x80001278 (0x2a4e6e93) x29 0x800002a4
core   0: 0x8000127c (0x01ca4db3) xor     s11, s4, t3
core   0: 3 0x8000127c (0x01ca4db3) x27 0xc80bb264
core   0: 0x80001280 (0x00ceaeb3) slt     t4, t4, a2
core   0: 3 0x80001280 (0x00ceaeb3) x29 0x00000001
core   0: 0x80001284 (0xc26d6d13) ori     s10, s10, -986
core   0: 3 0x80001284 (0xc26d6d13) x26 0xfffffc26
core   0: 0x80001288 (0x02588493) addi    s1, a7, 37
core   0: 3 0x80001288 (0x02588493) x 9 0x00000825
core   0: 0x8000128c (0xd81ebc13) sltiu   s8, t4, -639
core   0: 3 0x8000128c (0xd81ebc13) x24 0x00000001
core   0: 0x80001290 (0x02fdc4b3) div     s1, s11, a5
core   0: 3 0x80001290 (0x02fdc4b3) x 9 0xffffffff
core   0: 0x80001294 (0xb1003a13) sltiu   s4, zero, -1264
core   0: 3 0x80001294 (0xb1003a13) x20 0x00000001
core   0: 0x80001298 (0x94f99517) auipc   a0, 0x94f99
core   0: 3 0x80001298 (0x94f99517) x10 0x14f9a298
core   0: 0x8000129c (0x013a13b3) sll     t2, s4, s3
core   0: 3 0x8000129c (0x013a13b3) x 7 0x00000100
core   0: 0x800012a0 (0x00000013) nop
core   0: 3 0x800012a0 (0x00000013)
core   0: 0x800012a4 (0x0107de93) srli    t4, a5, 16
core   0: 3 0x800012a4 (0x0107de93) x29 0x00000000
core   0: 0x800012a8 (0xca0747b7) lui     a5, 0xca074
core   0: 3 0x800012a8 (0xca0747b7) x15 0xca074000
core   0: 0x800012ac (0x015ac5b3) xor     a1, s5, s5
core   0: 3 0x800012ac (0x015ac5b3) x11 0x00000000
core   0: 0x800012b0 (0x028bc933) div     s2, s7, s0
core   0: 3 0x800012b0 (0x028bc933) x18 0xffffffff
core   0: 0x800012b4 (0x00b4d613) srli    a2, s1, 11
core   0: 3 0x800012b4 (0x00b4d613) x12 0x001fffff
core   0: 0x800012b8 (0x0923a593) slti    a1, t2, 146
core   0: 3 0x800012b8 (0x0923a593) x11 0x00000000
core   0: 0x800012bc (0x00c3e833) or      a6, t2, a2
core   0: 3 0x800012bc (0x00c3e833) x16 0x001fffff
core   0: 0x800012c0 (0x40e2d013) srai    zero, t0, 14
core   0: 3 0x800012c0 (0x40e2d013)
core   0: 0x800012c4 (0x007a5533) srl     a0, s4, t2
core   0: 3 0x800012c4 (0x007a5533) x10 0x00000001
core   0: 0x800012c8 (0x025dea33) rem     s4, s11, t0
core   0: 3 0x800012c8 (0x025dea33) x20 0x00000000
core   0: 0x800012cc (0x53980f93) addi    t6, a6, 1337
core   0: 3 0x800012cc (0x53980f93) x31 0x00200538
core   0: 0x800012d0 (0xc944b293) sltiu   t0, s1, -876
core   0: 3 0x800012d0 (0xc944b293) x 5 0x00000000
core   0: 0x800012d4 (0x018c69b3) or      s3, s8, s8
core   0: 3 0x800012d4 (0x018c69b3) x19 0x00000001
core   0: 0x800012d8 (0x2daa0f93) addi    t6, s4, 730
core   0: 3 0x800012d8 (0x2daa0f93) x31 0x000002da
core   0: 0x800012dc (0x406c5513) srai    a0, s8, 6
core   0: 3 0x800012dc (0x406c5513) x10 0x00000000
core   0: 0x800012e0 (0x01af3c33) sltu    s8, t5, s10
core   0: 3 0x800012e0 (0x01af3c33) x24 0x00000001
core   0: 0x800012e4 (0x018df333) and     t1, s11, s8
core   0: 3 0x800012e4 (0x018df333) x 6 0x00000000
core   0: 0x800012e8 (0x007ad793) srli    a5, s5, 7
core   0: 3 0x800012e8 (0x007ad793) x15 0x00000000
core   0: 0x800012ec (0x8564c513) xori    a0, s1, -1962
core   0: 3 0x800012ec (0x8564c513) x10 0x000007a9
core   0: 0x800012f0 (0x40c80eb3) sub     t4, a6, a2
core   0: 3 0x800012f0 (0x40c80eb3) x29 0x00000000
core   0: 0x800012f4 (0x000b4db3) xor     s11, s6, zero
core   0: 3 0x800012f4 (0x000b4db3) x27 0x00000000
core   0: 0x800012f8 (0x00000013) nop
core   0: 3 0x800012f8 (0x00000013)
core   0: 0x800012fc (0x415e8833) sub     a6, t4, s5
core   0: 3 0x800012fc (0x415e8833) x16 0x00000000
core   0: 0x80001300 (0x02b30433) mul     s0, t1, a1
core   0: 3 0x80001300 (0x02b30433) x 8 0x00000000
core   0: 0x80001304 (0x003a1ab3) sll     s5, s4, gp
core   0: 3 0x80001304 (0x003a1ab3) x21 0x00000000
core   0: 0x80001308 (0x0140c7b3) xor     a5, ra, s4
core   0: 3 0x80001308 (0x0140c7b3) x15 0x00000000
core   0: 0x8000130c (0x00fe1313) slli    t1, t3, 15
core   0: 3 0x8000130c (0x00fe1313) x 6 0x00000000
core   0: 0x80001310 (0x3709fe97) auipc   t4, 0x3709f
core   0: 3 0x80001310 (0x3709fe97) x29 0xb70a0310
core   0: 0x80001314 (0x027624b3) mulhsu  s1, a2, t2
core   0: 3 0x80001314 (0x027624b3) x 9 0x00000000
core   0: 0x80001318 (0x764dca37) lui     s4, 0x764dc
core   0: 3 0x80001318 (0x764dca37) x20 0x764dc000
core   0: 0x8000131c (0x030fbfb3) mulhu   t6, t6, a6
core   0: 3 0x8000131c (0x030fbfb3) x31 0x00000000
core   0: 0x80001320 (0x41f2d293) srai    t0, t0, 31
core   0: 3 0x80001320 (0x41f2d293) x 5 0x00000000
core   0: 0x80001324 (0x9b2ee893) ori     a7, t4, -1614
core   0: 3 0x80001324 (0x9b2ee893) x17 0xfffffbb2
core   0: 0x80001328 (0x00358ab3) add     s5, a1, gp
core   0: 3 0x80001328 (0x00358ab3) x21 0x00000000
core   0: 0x8000132c (0x0214dd33) divu    s10, s1, ra
core   0: 3 0x8000132c (0x0214dd33) x26 0xffffffff
core   0: 0x80001330 (0x02d842b3) div     t0, a6, a3
core   0: 3 0x80001330 (0x02d842b3) x 5 0xffffffff
core   0: 0x80001334 (0xc82c3d93) sltiu   s11, s8, -894
core   0: 3 0x80001334 (0xc82c3d93) x27 0x00000001
core   0: 0x80001338 (0x41425c13) srai    s8, tp, 20
core   0: 3 0x80001338 (0x41425c13) x24 0x00000000
core   0: 0x8000133c (0x000ed333) srl     t1, t4, zero
core   0: 3 0x8000133c (0x000ed333) x 6 0xb70a0310
core   0: 0x80001340 (0x00031413) slli    s0, t1, 0
core   0: 3 0x80001340 (0x00031413) x 8 0xb70a0310
core   0: 0x80001344 (0x026f1f33) mulh    t5, t5, t1
core   0: 3 0x80001344 (0x026f1f33) x30 0x162a41a4
core   0: 0x80001348 (0x019b1db3) sll     s11, s6, s9
core   0: 3 0x80001348 (0x019b1db3) x27 0x00000000
core   0: 0x8000134c (0x00c2a233) slt     tp, t0, a2
core   0: 3 0x8000134c (0x00c2a233) x 4 0x00000001
core   0: 0x80001350 (0x028dd0b3) divu    ra, s11, s0
core   0: 3 0x80001350 (0x028dd0b3) x 1 0x00000000
core   0: 0x80001354 (0x40ef0db3) sub     s11, t5, a4
core   0: 3 0x80001354 (0x40ef0db3) x27 0x9628f340
core   0: 0x80001358 (0x009dcbb3) xor     s7, s11, s1
core   0: 3 0x80001358 (0x009dcbb3) x23 0x9628f340
core   0: 0x8000135c (0x71c0ca13) xori    s4, ra, 1820
core   0: 3 0x8000135c (0x71c0ca13) x20 0x0000071c
core   0: 0x80001360 (0x006b5e93) srli    t4, s6, 6
core   0: 3 0x80001360 (0x006b5e93) x29 0x00000000
core   0: 0x80001364 (0x8ffec913) xori    s2, t4, -1793
core   0: 3 0x80001364 (0x8ffec913) x18 0xfffff8ff
core   0: 0x80001368 (0x40fe02b3) sub     t0, t3, a5
core   0: 3 0x80001368 (0x40fe02b3) x 5 0x80000000
core   0: 0x8000136c (0x2b844537) lui     a0, 0x2b844
core   0: 3 0x8000136c (0x2b844537) x10 0x2b844000
core   0: 0x80001370 (0x41bed1b3) sra     gp, t4, s11
core   0: 3 0x80001370 (0x41bed1b3) x 3 0x00000000
core   0: 0x80001374 (0x0255edb3) rem     s11, a1, t0
core   0: 3 0x80001374 (0x0255edb3) x27 0x00000000
core   0: 0x80001378 (0x409c51b3) sra     gp, s8, s1
core   0: 3 0x80001378 (0x409c51b3) x 3 0x00000000
core   0: 0x8000137c (0x039a28b3) mulhsu  a7, s4, s9
core   0: 3 0x8000137c (0x039a28b3) x17 0x0000038e
core   0: 0x80001380 (0x00e252b3) srl     t0, tp, a4
core   0: 3 0x80001380 (0x00e252b3) x 5 0x00000000
core   0: 0x80001384 (0x0d5e5617) auipc   a2, 0xd5e5
core   0: 3 0x80001384 (0x0d5e5617) x12 0x8d5e6384
core   0: 0x80001388 (0x49b0bb37) lui     s6, 0x49b0b
core   0: 3 0x80001388 (0x49b0bb37) x22 0x49b0b000
core   0: 0x8000138c (0x0189f7b3) and     a5, s3, s8
core   0: 3 0x8000138c (0x0189f7b3) x15 0x00000000
core   0: 0x80001390 (0x405bdb93) srai    s7, s7, 5
core   0: 3 0x80001390 (0x405bdb93) x23 0xfcb1479a
core   0: 0x80001394 (0x42b6f093) andi    ra, a3, 1067
core   0: 3 0x80001394 (0x42b6f093) x 1 0x00000000
core   0: 0x80001398 (0x0056e0b3) or      ra, a3, t0
core   0: 3 0x80001398 (0x0056e0b3) x 1 0x00000000
core   0: 0x8000139c (0x8dd87513) andi    a0, a6, -1827
core   0: 3 0x8000139c (0x8dd87513) x10 0x00000000
core   0: 0x800013a0 (0x015514b3) sll     s1, a0, s5
core   0: 3 0x800013a0 (0x015514b3) x 9 0x00000000
core   0: 0x800013a4 (0x00591c33) sll     s8, s2, t0
core   0: 3 0x800013a4 (0x00591c33) x24 0xfffff8ff
core   0: 0x800013a8 (0x00ceb133) sltu    sp, t4, a2
core   0: 3 0x800013a8 (0x00ceb133) x 2 0x00000001
core   0: 0x800013ac (0x006fb033) sltu    zero, t6, t1
core   0: 3 0x800013ac (0x006fb033)
core   0: 0x800013b0 (0x41160333) sub     t1, a2, a7
core   0: 3 0x800013b0 (0x41160333) x 6 0x8d5e5ff6
core   0: 0x800013b4 (0x032d8833) mul     a6, s11, s2
core   0: 3 0x800013b4 (0x032d8833) x16 0x00000000
core   0: 0x800013b8 (0x019f4833) xor     a6, t5, s9
core   0: 3 0x800013b8 (0x019f4833) x16 0x962bcd40
core   0: 0x800013bc (0x0cc5f313) andi    t1, a1, 204
core   0: 3 0x800013bc (0x0cc5f313) x 6 0x00000000
core   0: 0x800013c0 (0x02f901b3) mul     gp, s2, a5
core   0: 3 0x800013c0 (0x02f901b3) x 3 0x00000000
core   0: 0x800013c4 (0x00962133) slt     sp, a2, s1
core   0: 3 0x800013c4 (0x00962133) x 2 0x00000001
core   0: 0x800013c8 (0x032c7c33) remu    s8, s8, s2
core   0: 3 0x800013c8 (0x032c7c33) x24 0x00000000
core   0: 0x800013cc (0x00df3ab3) sltu    s5, t5, a3
core   0: 3 0x800013cc (0x00df3ab3) x21 0x00000000
core   0: 0x800013d0 (0x40dad913) srai    s2, s5, 13
core   0: 3 0x800013d0 (0x40dad913) x18 0x00000000
core   0: 0x800013d4 (0x00a89ab3) sll     s5, a7, a0
core   0: 3 0x800013d4 (0x00a89ab3) x21 0x0000038e
core   0: 0x800013d8 (0x8f07f493) andi    s1, a5, -1808
core   0: 3 0x800013d8 (0x8f07f493) x 9 0x00000000
core   0: 0x800013dc (0x03ad0bb3) mul     s7, s10, s10
core   0: 3 0x800013dc (0x03ad0bb3) x23 0x00000001
core   0: 0x800013e0 (0x47160513) addi    a0, a2, 1137
core   0: 3 0x800013e0 (0x47160513) x10 0x8d5e67f5
core   0: 0x800013e4 (0x457ca913) slti    s2, s9, 1111
core   0: 3 0x800013e4 (0x457ca913) x18 0x00000001
core   0: 0x800013e8 (0x01ad8633) add     a2, s11, s10
core   0: 3 0x800013e8 (0x01ad8633) x12 0xffffffff
core   0: 0x800013ec (0xeb00ff13) andi    t5, ra, -336
core   0: 3 0x800013ec (0xeb00ff13) x30 0x00000000
core   0: 0x800013f0 (0x017f0b33) add     s6, t5, s7
core   0: 3 0x800013f0 (0x017f0b33) x22 0x00000001
core   0: 0x800013f4 (0xdf394113) xori    sp, s2, -525
core   0: 3 0x800013f4 (0xdf394113) x 2 0xfffffdf2
core   0: 0x800013f8 (0x406a0233) sub     tp, s4, t1
core   0: 3 0x800013f8 (0x406a0233) x 4 0x0000071c
core   0: 0x800013fc (0x0303b1b3) mulhu   gp, t2, a6
core   0: 3 0x800013fc (0x0303b1b3) x 3 0x00000096
core   0: 0x80001400 (0x014acf33) xor     t5, s5, s4
core   0: 3 0x80001400 (0x014acf33) x30 0x00000492
core   0: 0x80001404 (0x01fb4f33) xor     t5, s6, t6
core   0: 3 0x80001404 (0x01fb4f33) x30 0x00000001
core   0: 0x80001408 (0x00000013) nop
core   0: 3 0x80001408 (0x00000013)
core   0: 0x8000140c (0x0143d593) srli    a1, t2, 20
core   0: 3 0x8000140c (0x0143d593) x11 0x00000000
core   0: 0x80001410 (0x01e95633) srl     a2, s2, t5
core   0: 3 0x80001410 (0x01e95633) x12 0x00000000
core   0: 0x80001414 (0x00788f33) add     t5, a7, t2
core   0: 3 0x80001414 (0x00788f33) x30 0x0000048e
core   0: 0x80001418 (0x00928933) add     s2, t0, s1
core   0: 3 0x80001418 (0x00928933) x18 0x00000000
core   0: 0x8000141c (0x00959813) slli    a6, a1, 9
core   0: 3 0x8000141c (0x00959813) x16 0x00000000
core   0: 0x80001420 (0x02d59d33) mulh    s10, a1, a3
core   0: 3 0x80001420 (0x02d59d33) x26 0x00000000
core   0: 0x80001424 (0x01a7feb3) and     t4, a5, s10
core   0: 3 0x80001424 (0x01a7feb3) x29 0x00000000
core   0: 0x80001428 (0x4180d433) sra     s0, ra, s8
core   0: 3 0x80001428 (0x4180d433) x 8 0x00000000
core   0: 0x8000142c (0xcfaec093) xori    ra, t4, -774
core   0: 3 0x8000142c (0xcfaec093) x 1 0xfffffcfa
core   0: 0x80001430 (0x4c727893) andi    a7, tp, 1223
core   0: 3 0x80001430 (0x4c727893) x17 0x00000404
core   0: 0x80001434 (0x6e99bd93) sltiu   s11, s3, 1769
core   0: 3 0x80001434 (0x6e99bd93) x27 0x00000001
core   0: 0x80001438 (0x038717b3) mulh    a5, a4, s8
core   0: 3 0x80001438 (0x038717b3) x15 0x00000000
core   0: 0x8000143c (0x419fdd33) sra     s10, t6, s9
core   0: 3 0x8000143c (0x419fdd33) x26 0x00000000
core   0: 0x80001440 (0x031efdb3) remu    s11, t4, a7
core   0: 3 0x80001440 (0x031efdb3) x27 0x00000000
core   0: 0x80001444 (0x00f51613) slli    a2, a0, 15
core   0: 3 0x80001444 (0x00f51613) x12 0x33fa8000
core   0: 0x80001448 (0x039ea833) mulhsu  a6, t4, s9
core   0: 3 0x80001448 (0x039ea833) x16 0x00000000
core   0: 0x8000144c (0x89d52493) slti    s1, a0, -1891
core   0: 3 0x8000144c (0x89d52493) x 9 0x00000001
core   0: 0x80001450 (0x0137d3b3) srl     t2, a5, s3
core   0: 3 0x80001450 (0x0137d3b3) x 7 0x00000000
core   0: 0x80001454 (0x0042d493) srli    s1, t0, 4
core   0: 3 0x80001454 (0x0042d493) x 9 0x00000000
core   0: 0x80001458 (0x00749513) slli    a0, s1, 7
core   0: 3 0x80001458 (0x00749513) x10 0x00000000
core   0: 0x8000145c (0x003db7b3) sltu    a5, s11, gp
core   0: 3 0x8000145c (0x003db7b3) x15 0x00000001
core   0: 0x80001460 (0x024d2833) mulhsu  a6, s10, tp
core   0: 3 0x80001460 (0x024d2833) x16 0x00000000
core   0: 0x80001464 (0x01911fb3) sll     t6, sp, s9
core   0: 3 0x80001464 (0x01911fb3) x31 0xffffdf20
core   0: 0x80001468 (0x02077ab3) remu    s5, a4, zero
core   0: 3 0x80001468 (0x02077ab3) x21 0x80014e64
core   0: 0x8000146c (0x40835493) srai    s1, t1, 8
core   0: 3 0x8000146c (0x40835493) x 9 0x00000000
core   0: 0x80001470 (0x027d5d33) divu    s10, s10, t2
core   0: 3 0x80001470 (0x027d5d33) x26 0xffffffff
core   0: 0x80001474 (0x406cdf13) srai    t5, s9, 6
core   0: 3 0x80001474 (0x406cdf13) x30 0xfe000633
core   0: 0x80001478 (0x01af50b3) srl     ra, t5, s10
core   0: 3 0x80001478 (0x01af50b3) x 1 0x00000001
core   0: 0x8000147c (0x01edf6b3) and     a3, s11, t5
core   0: 3 0x8000147c (0x01edf6b3) x13 0x00000000
core   0: 0x80001480 (0x00adc6b3) xor     a3, s11, a0
core   0: 3 0x80001480 (0x00adc6b3) x13 0x00000000
core   0: 0x80001484 (0x41b98133) sub     sp, s3, s11
core   0: 3 0x80001484 (0x41b98133) x 2 0x00000001
core   0: 0x80001488 (0x034db1b3) mulhu   gp, s11, s4
core   0: 3 0x80001488 (0x034db1b3) x 3 0x00000000
core   0: 0x8000148c (0x00000013) nop
core   0: 3 0x8000148c (0x00000013)
core   0: 0x80001490 (0x00000013) nop
core   0: 3 0x80001490 (0x00000013)
core   0: 0x80001494 (0x41fb5593) srai    a1, s6, 31
core   0: 3 0x80001494 (0x41fb5593) x11 0x00000000
core   0: 0x80001498 (0x03096333) rem     t1, s2, a6
core   0: 3 0x80001498 (0x03096333) x 6 0x00000000
core   0: 0x8000149c (0x0132b533) sltu    a0, t0, s3
core   0: 3 0x8000149c (0x0132b533) x10 0x00000001
core   0: 0x800014a0 (0xbf6f36b7) lui     a3, 0xbf6f3
core   0: 3 0x800014a0 (0xbf6f36b7) x13 0xbf6f3000
core   0: 0x800014a4 (0x3f370493) addi    s1, a4, 1011
core   0: 3 0x800014a4 (0x3f370493) x 9 0x80015257
core   0: 0x800014a8 (0xe3e07f13) andi    t5, zero, -450
core   0: 3 0x800014a8 (0xe3e07f13) x30 0x00000000
core   0: 0x800014ac (0x000ad5b3) srl     a1, s5, zero
core   0: 3 0x800014ac (0x000ad5b3) x11 0x80014e64
core   0: 0x800014b0 (0x00da1033) sll     zero, s4, a3
core   0: 3 0x800014b0 (0x00da1033)
core   0: 0x800014b4 (0x001dec33) or      s8, s11, ra
core   0: 3 0x800014b4 (0x001dec33) x24 0x00000001
core   0: 0x800014b8 (0x034af933) remu    s2, s5, s4
core   0: 3 0x800014b8 (0x034af933) x18 0x000000c0
core   0: 0x800014bc (0x40acd393) srai    t2, s9, 10
core   0: 3 0x800014bc (0x40acd393) x 7 0xffe00063
core   0: 0x800014c0 (0x02e47033) remu    zero, s0, a4
core   0: 3 0x800014c0 (0x02e47033)
core   0: 0x800014c4 (0x014f54b3) srl     s1, t5, s4
core   0: 3 0x800014c4 (0x014f54b3) x 9 0x00000000
core   0: 0x800014c8 (0x4089d4b3) sra     s1, s3, s0
core   0: 3 0x800014c8 (0x4089d4b3) x 9 0x00000001
core   0: 0x800014cc (0x1a5a8313) addi    t1, s5, 421
core   0: 3 0x800014cc (0x1a5a8313) x 6 0x80015009
core   0: 0x800014d0 (0x03ba3f33) mulhu   t5, s4, s11
core   0: 3 0x800014d0 (0x03ba3f33) x30 0x00000000
core   0: 0x800014d4 (0x02a84633) div     a2, a6, a0
core   0: 3 0x800014d4 (0x02a84633) x12 0x00000000
core   0: 0x800014d8 (0x926eb293) sltiu   t0, t4, -1754
core   0: 3 0x800014d8 (0x926eb293) x 5 0x00000001
core   0: 0x800014dc (0x036634b3) mulhu   s1, a2, s6
core   0: 3 0x800014dc (0x036634b3) x 9 0x00000000
core   0: 0x800014e0 (0x02046db3) rem     s11, s0, zero
core   0: 3 0x800014e0 (0x02046db3) x27 0x00000000
core   0: 0x800014e4 (0x01bfe933) or      s2, t6, s11
core   0: 3 0x800014e4 (0x01bfe933) x18 0xffffdf20
core   0: 0x800014e8 (0x000fc433) xor     s0, t6, zero
core   0: 3 0x800014e8 (0x000fc433) x 8 0xffffdf20
core   0: 0x800014ec (0x01b26033) or      zero, tp, s11
core   0: 3 0x800014ec (0x01b26033)
core   0: 0x800014f0 (0x0131d1b3) srl     gp, gp, s3
core   0: 3 0x800014f0 (0x0131d1b3) x 3 0x00000000
core   0: 0x800014f4 (0x007d7a33) and     s4, s10, t2
core   0: 3 0x800014f4 (0x007d7a33) x20 0xffe00063
core   0: 0x800014f8 (0x01257533) and     a0, a0, s2
core   0: 3 0x800014f8 (0x01257533) x10 0x00000000
core   0: 0x800014fc (0x01fe6933) or      s2, t3, t6
core   0: 3 0x800014fc (0x01fe6933) x18 0xffffdf20
core   0: 0x80001500 (0x41a3ddb3) sra     s11, t2, s10
core   0: 3 0x80001500 (0x41a3ddb3) x27 0xffffffff
core   0: 0x80001504 (0x00616433) or      s0, sp, t1
core   0: 3 0x80001504 (0x00616433) x 8 0x80015009
core   0: 0x80001508 (0x01c01613) slli    a2, zero, 28
core   0: 3 0x80001508 (0x01c01613) x12 0x00000000
core   0: 0x8000150c (0x2b44bb93) sltiu   s7, s1, 692
core   0: 3 0x8000150c (0x2b44bb93) x23 0x00000001
core   0: 0x80001510 (0x640ef993) andi    s3, t4, 1600
core   0: 3 0x80001510 (0x640ef993) x19 0x00000000
core   0: 0x80001514 (0x000e8333) add     t1, t4, zero
core   0: 3 0x80001514 (0x000e8333) x 6 0x00000000
core   0: 0x80001518 (0x4193dd13) srai    s10, t2, 25
core   0: 3 0x80001518 (0x4193dd13) x26 0xffffffff
core   0: 0x8000151c (0x016a6233) or      tp, s4, s6
core   0: 3 0x8000151c (0x016a6233) x 4 0xffe00063
core   0: 0x80001520 (0x3da36593) ori     a1, t1, 986
core   0: 3 0x80001520 (0x3da36593) x11 0x000003da
core   0: 0x80001524 (0x01e80f33) add     t5, a6, t5
core   0: 3 0x80001524 (0x01e80f33) x30 0x00000000
core   0: 0x80001528 (0x0f8852b7) lui     t0, 0xf885
core   0: 3 0x80001528 (0x0f8852b7) x 5 0x0f885000
core   0: 0x8000152c (0x034bbdb3) mulhu   s11, s7, s4
core   0: 3 0x8000152c (0x034bbdb3) x27 0x00000000
core   0: 0x80001530 (0x41915b93) srai    s7, sp, 25
core   0: 3 0x80001530 (0x41915b93) x23 0x00000000
core   0: 0x80001534 (0x57450417) auipc   s0, 0x57450
core   0: 3 0x80001534 (0x57450417) x 8 0xd7451534
core   0: 0x80001538 (0x284ab193) sltiu   gp, s5, 644
core   0: 3 0x80001538 (0x284ab193) x 3 0x00000000
core   0: 0x8000153c (0x400ad313) srai    t1, s5, 0
core   0: 3 0x8000153c (0x400ad313) x 6 0x80014e64
core   0: 0x80001540 (0x40dd5a93) srai    s5, s10, 13
core   0: 3 0x80001540 (0x40dd5a93) x21 0xffffffff
core   0: 0x80001544 (0x0080b7b3) sltu    a5, ra, s0
core   0: 3 0x80001544 (0x0080b7b3) x15 0x00000001
core   0: 0x80001548 (0x02326433) rem     s0, tp, gp
core   0: 3 0x80001548 (0x02326433) x 8 0xffe00063
core   0: 0x8000154c (0x00c115b3) sll     a1, sp, a2
core   0: 3 0x8000154c (0x00c115b3) x11 0x00000001
core   0: 0x80001550 (0x012be0b3) or      ra, s7, s2
core   0: 3 0x80001550 (0x012be0b3) x 1 0xffffdf20
core   0: 0x80001554 (0x338af417) auipc   s0, 0x338af
core   0: 3 0x80001554 (0x338af417) x 8 0xb38b0554
core   0: 0x80001558 (0x00000013) nop
core   0: 3 0x80001558 (0x00000013)
core   0: 0x8000155c (0x303ace93) xori    t4, s5, 771
core   0: 3 0x8000155c (0x303ace93) x29 0xfffffcfc
core   0: 0x80001560 (0x01aaeeb3) or      t4, s5, s10
core   0: 3 0x80001560 (0x01aaeeb3) x29 0xffffffff
core   0: 0x80001564 (0x017772b3) and     t0, a4, s7
core   0: 3 0x80001564 (0x017772b3) x 5 0x00000000
core   0: 0x80001568 (0x00782633) slt     a2, a6, t2
core   0: 3 0x80001568 (0x00782633) x12 0x00000000
core   0: 0x8000156c (0x41c65eb3) sra     t4, a2, t3
core   0: 3 0x8000156c (0x41c65eb3) x29 0x00000000
core   0: 0x80001570 (0x00374bb3) xor     s7, a4, gp
core   0: 3 0x80001570 (0x00374bb3) x23 0x80014e64
core   0: 0x80001574 (0x0107e133) or      sp, a5, a6
core   0: 3 0x80001574 (0x0107e133) x 2 0x00000001
core   0: 0x80001578 (0x00177db3) and     s11, a4, ra
core   0: 3 0x80001578 (0x00177db3) x27 0x80014e20
core   0: 0x8000157c (0x00464833) xor     a6, a2, tp
core   0: 3 0x8000157c (0x00464833) x16 0xffe00063
core   0: 0x80001580 (0xbd246f13) ori     t5, s0, -1070
core   0: 3 0x80001580 (0xbd246f13) x30 0xffffffd6
core   0: 0x80001584 (0x018a1293) slli    t0, s4, 24
core   0: 3 0x80001584 (0x018a1293) x 5 0x63000000
core   0: 0x80001588 (0x02506db3) rem     s11, zero, t0
core   0: 3 0x80001588 (0x02506db3) x27 0x00000000
core   0: 0x8000158c (0x015cad33) slt     s10, s9, s5
core   0: 3 0x8000158c (0x015cad33) x26 0x00000001
core   0: 0x80001590 (0x40445493) srai    s1, s0, 4
core   0: 3 0x80001590 (0x40445493) x 9 0xfb38b055
core   0: 0x80001594 (0x03566c33) rem     s8, a2, s5
core   0: 3 0x80001594 (0x03566c33) x24 0x00000000
core   0: 0x80001598 (0x02936c33) rem     s8, t1, s1
core   0: 3 0x80001598 (0x02936c33) x24 0xfc3f65c2
core   0: 0x8000159c (0x40a75eb3) sra     t4, a4, a0
core   0: 3 0x8000159c (0x40a75eb3) x29 0x80014e64
core   0: 0x800015a0 (0x02c48633) mul     a2, s1, a2
core   0: 3 0x800015a0 (0x02c48633) x12 0x00000000
core   0: 0x800015a4 (0x00000013) nop
core   0: 3 0x800015a4 (0x00000013)
core   0: 0x800015a8 (0x01469113) slli    sp, a3, 20
core   0: 3 0x800015a8 (0x01469113) x 2 0x00000000
core   0: 0x800015ac (0x90fe7493) andi    s1, t3, -1777
core   0: 3 0x800015ac (0x90fe7493) x 9 0x80000000
core   0: 0x800015b0 (0x018eefb3) or      t6, t4, s8
core   0: 3 0x800015b0 (0x018eefb3) x31 0xfc3f6fe6
core   0: 0x800015b4 (0x2457a417) auipc   s0, 0x2457a
core   0: 3 0x800015b4 (0x2457a417) x 8 0xa457b5b4
core   0: 0x800015b8 (0x00bea933) slt     s2, t4, a1
core   0: 3 0x800015b8 (0x00bea933) x18 0x00000001
core   0: 0x800015bc (0x6eafc393) xori    t2, t6, 1770
core   0: 3 0x800015bc (0x6eafc393) x 7 0xfc3f690c
core   0: 0x800015c0 (0xb8178793) addi    a5, a5, -1151
core   0: 3 0x800015c0 (0xb8178793) x15 0xfffffb82
core   0: 0x800015c4 (0x74c2e6b7) lui     a3, 0x74c2e
core   0: 3 0x800015c4 (0x74c2e6b7) x13 0x74c2e000
core   0: 0x800015c8 (0x00a4ac33) slt     s8, s1, a0
core   0: 3 0x800015c8 (0x00a4ac33) x24 0x00000001
core   0: 0x800015cc (0x0223ceb3) div     t4, t2, sp
core   0: 3 0x800015cc (0x0223ceb3) x29 0xffffffff
core   0: 0x800015d0 (0x02675db3) divu    s11, a4, t1
core   0: 3 0x800015d0 (0x02675db3) x27 0x00000001
core   0: 0x800015d4 (0x02c00c13) li      s8, 44
core   0: 3 0x800015d4 (0x02c00c13) x24 0x0000002c
core   0: 0x800015d8 (0x00acef33) or      t5, s9, a0
core   0: 3 0x800015d8 (0x00acef33) x30 0x80018ce4
core   0: 0x800015dc (0x02efe033) rem     zero, t6, a4
core   0: 3 0x800015dc (0x02efe033)
core   0: 0x800015e0 (0x00000013) nop
core   0: 3 0x800015e0 (0x00000013)
core   0: 0x800015e4 (0x01657b33) and     s6, a0, s6
core   0: 3 0x800015e4 (0x01657b33) x22 0x00000000
core   0: 0x800015e8 (0x0027dc33) srl     s8, a5, sp
core   0: 3 0x800015e8 (0x0027dc33) x24 0xfffffb82
core   0: 0x800015ec (0x23c8d117) auipc   sp, 0x23c8d
core   0: 3 0x800015ec (0x23c8d117) x 2 0xa3c8e5ec
core   0: 0x800015f0 (0x034ba4b3) mulhsu  s1, s7, s4
core   0: 3 0x800015f0 (0x034ba4b3) x 9 0x80114e08
core   0: 0x800015f4 (0xf6a1c613) xori    a2, gp, -150
core   0: 3 0x800015f4 (0xf6a1c613) x12 0xffffff6a
core   0: 0x800015f8 (0x031fb833) mulhu   a6, t6, a7
core   0: 3 0x800015f8 (0x031fb833) x16 0x000003f4
core   0: 0x800015fc (0x002a5793) srli    a5, s4, 2
core   0: 3 0x800015fc (0x002a5793) x15 0x3ff80018
core   0: 0x80001600 (0x0067c233) xor     tp, a5, t1
core   0: 3 0x80001600 (0x0067c233) x 4 0xbff94e7c
core   0: 0x80001604 (0x40d9d613) srai    a2, s3, 13
core   0: 3 0x80001604 (0x40d9d613) x12 0x00000000
core   0: 0x80001608 (0x02dc10b3) mulh    ra, s8, a3
core   0: 3 0x80001608 (0x02dc10b3) x 1 0xfffffdf3
core   0: 0x8000160c (0x01cbb5b3) sltu    a1, s7, t3
core   0: 3 0x8000160c (0x01cbb5b3) x11 0x00000000
core   0: 0x80001610 (0x00c19133) sll     sp, gp, a2
core   0: 3 0x80001610 (0x00c19133) x 2 0x00000000
core   0: 0x80001614 (0x01945f13) srli    t5, s0, 25
core   0: 3 0x80001614 (0x01945f13) x30 0x00000052
core   0: 0x80001618 (0xaba86f93) ori     t6, a6, -1350
core   0: 3 0x80001618 (0xaba86f93) x31 0xfffffbfe
core   0: 0x8000161c (0xb0ed9637) lui     a2, 0xb0ed9
core   0: 3 0x8000161c (0xb0ed9637) x12 0xb0ed9000
core   0: 0x80001620 (0x000b24b3) slt     s1, s6, zero
core   0: 3 0x80001620 (0x000b24b3) x 9 0x00000000
core   0: 0x80001624 (0x03897133) remu    sp, s2, s8
core   0: 3 0x80001624 (0x03897133) x 2 0x00000001
core   0: 0x80001628 (0x01930f33) add     t5, t1, s9
core   0: 3 0x80001628 (0x01930f33) x30 0x0002db48
core   0: 0x8000162c (0x02e50b33) mul     s6, a0, a4
core   0: 3 0x8000162c (0x02e50b33) x22 0x00000000
core   0: 0x80001630 (0xf8692493) slti    s1, s2, -122
core   0: 3 0x80001630 (0xf8692493) x 9 0x00000000
core   0: 0x80001634 (0x68517393) andi    t2, sp, 1669
core   0: 3 0x80001634 (0x68517393) x 7 0x00000001
core   0: 0x80001638 (0x417a8233) sub     tp, s5, s7
core   0: 3 0x80001638 (0x417a8233) x 4 0x7ffeb19b
core   0: 0x8000163c (0x0310b433) mulhu   s0, ra, a7
core   0: 3 0x8000163c (0x0310b433) x 8 0x00000403
core   0: 0x80001640 (0x47aed2b7) lui     t0, 0x47aed
core   0: 3 0x80001640 (0x47aed2b7) x 5 0x47aed000
core   0: 0x80001644 (0xe30bc493) xori    s1, s7, -464
core   0: 3 0x80001644 (0xe30bc493) x 9 0x7ffeb054
core   0: 0x80001648 (0x035d4f33) div     t5, s10, s5
core   0: 3 0x80001648 (0x035d4f33) x30 0xffffffff
core   0: 0x8000164c (0x002fbfb3) sltu    t6, t6, sp
core   0: 3 0x8000164c (0x002fbfb3) x31 0x00000000
core   0: 0x80001650 (0x00a60933) add     s2, a2, a0
core   0: 3 0x80001650 (0x00a60933) x18 0xb0ed9000
core   0: 0x80001654 (0x01809c13) slli    s8, ra, 24
core   0: 3 0x80001654 (0x01809c13) x24 0xf3000000
core   0: 0x80001658 (0xc9618193) addi    gp, gp, -874
core   0: 3 0x80001658 (0xc9618193) x 3 0xfffffc96
core   0: 0x8000165c (0x018b25b3) slt     a1, s6, s8
core   0: 3 0x8000165c (0x018b25b3) x11 0x00000000
core   0: 0x80001660 (0x00864433) xor     s0, a2, s0
core   0: 3 0x80001660 (0x00864433) x 8 0xb0ed9403
core   0: 0x80001664 (0xe693b693) sltiu   a3, t2, -407
core   0: 3 0x80001664 (0xe693b693) x13 0x00000001
core   0: 0x80001668 (0xe4eb8093) addi    ra, s7, -434
core   0: 3 0x80001668 (0xe4eb8093) x 1 0x80014cb2
core   0: 0x8000166c (0xd6d6f693) andi    a3, a3, -659
core   0: 3 0x8000166c (0xd6d6f693) x13 0x00000001
core   0: 0x80001670 (0x016371b3) and     gp, t1, s6
core   0: 3 0x80001670 (0x016371b3) x 3 0x00000000
core   0: 0x80001674 (0x01285b93) srli    s7, a6, 18
core   0: 3 0x80001674 (0x01285b93) x23 0x00000000
core   0: 0x80001678 (0x40c407b3) sub     a5, s0, a2
core   0: 3 0x80001678 (0x40c407b3) x15 0x00000403
core   0: 0x8000167c (0x728b3a13) sltiu   s4, s6, 1832
core   0: 3 0x8000167c (0x728b3a13) x20 0x00000001
core   0: 0x80001680 (0x0268bfb3) mulhu   t6, a7, t1
core   0: 3 0x80001680 (0x0268bfb3) x31 0x00000202
core   0: 0x80001684 (0x00005193) srli    gp, zero, 0
core   0: 3 0x80001684 (0x00005193) x 3 0x00000000
core   0: 0x80001688 (0x004a44b3) xor     s1, s4, tp
core   0: 3 0x80001688 (0x004a44b3) x 9 0x7ffeb19a
core   0: 0x8000168c (0x0101c7b3) xor     a5, gp, a6
core   0: 3 0x8000168c (0x0101c7b3) x15 0x000003f4
core   0: 0x80001690 (0x02ef5233) divu    tp, t5, a4
core   0: 3 0x80001690 (0x02ef5233) x 4 0x00000001
core   0: 0x80001694 (0x6f0d2613) slti    a2, s10, 1776
core   0: 3 0x80001694 (0x6f0d2613) x12 0x00000001
core   0: 0x80001698 (0x00000013) nop
core   0: 3 0x80001698 (0x00000013)
core   0: 0x8000169c (0x02a62b33) mulhsu  s6, a2, a0
core   0: 3 0x8000169c (0x02a62b33) x22 0x00000000
core   0: 0x800016a0 (0x012490b3) sll     ra, s1, s2
core   0: 3 0x800016a0 (0x012490b3) x 1 0x7ffeb19a
core   0: 0x800016a4 (0x00d9f1b3) and     gp, s3, a3
core   0: 3 0x800016a4 (0x00d9f1b3) x 3 0x00000000
core   0: 0x800016a8 (0x01141933) sll     s2, s0, a7
core   0: 3 0x800016a8 (0x01141933) x18 0x0ed94030
core   0: 0x800016ac (0x0071af33) slt     t5, gp, t2
core   0: 3 0x800016ac (0x0071af33) x30 0x00000001
core   0: 0x800016b0 (0x89a6ff37) lui     t5, 0x89a6f
core   0: 3 0x800016b0 (0x89a6ff37) x30 0x89a6f000
core   0: 0x800016b4 (0x03b49b33) mulh    s6, s1, s11
core   0: 3 0x800016b4 (0x03b49b33) x22 0x00000000
core   0: 0x800016b8 (0x9efb3993) sltiu   s3, s6, -1553
core   0: 3 0x800016b8 (0x9efb3993) x19 0x00000001
core   0: 0x800016bc (0x403b5913) srai    s2, s6, 3
core   0: 3 0x800016bc (0x403b5913) x18 0x00000000
core   0: 0x800016c0 (0x0369e5b3) rem     a1, s3, s6
core   0: 3 0x800016c0 (0x0369e5b3) x11 0x00000001
core   0: 0x800016c4 (0x00f10033) add     zero, sp, a5
core   0: 3 0x800016c4 (0x00f10033)
core   0: 0x800016c8 (0x23e86c17) auipc   s8, 0x23e86
core   0: 3 0x800016c8 (0x23e86c17) x24 0xa3e876c8
core   0: 0x800016cc (0x01359593) slli    a1, a1, 19
core   0: 3 0x800016cc (0x01359593) x11 0x00080000
core   0: 0x800016d0 (0x40008db3) sub     s11, ra, zero
core   0: 3 0x800016d0 (0x40008db3) x27 0x7ffeb19a
core   0: 0x800016d4 (0x28065317) auipc   t1, 0x28065
core   0: 3 0x800016d4 (0x28065317) x 6 0xa80666d4
core   0: 0x800016d8 (0x4ac30313) addi    t1, t1, 1196
core   0: 3 0x800016d8 (0x4ac30313) x 6 0xa8066b80
core   0: 0x800016dc (0x00544d33) xor     s10, s0, t0
core   0: 3 0x800016dc (0x00544d33) x26 0xf7434403
core   0: 0x800016e0 (0x6b90c313) xori    t1, ra, 1721
core   0: 3 0x800016e0 (0x6b90c313) x 6 0x7ffeb723
core   0: 0x800016e4 (0xf0cba393) slti    t2, s7, -244
core   0: 3 0x800016e4 (0xf0cba393) x 7 0x00000000
core   0: 0x800016e8 (0x5f863f93) sltiu   t6, a2, 1528
core   0: 3 0x800016e8 (0x5f863f93) x31 0x00000001
core   0: 0x800016ec (0x40b75633) sra     a2, a4, a1
core   0: 3 0x800016ec (0x40b75633) x12 0x80014e64
core   0: 0x800016f0 (0x08b87293) andi    t0, a6, 139
core   0: 3 0x800016f0 (0x08b87293) x 5 0x00000080
core   0: 0x800016f4 (0x40928233) sub     tp, t0, s1
core   0: 3 0x800016f4 (0x40928233) x 4 0x80014ee6
core   0: 0x800016f8 (0x01c9cfb3) xor     t6, s3, t3
core   0: 3 0x800016f8 (0x01c9cfb3) x31 0x80000001
core   0: 0x800016fc (0xa3444f13) xori    t5, s0, -1484
core   0: 3 0x800016fc (0xa3444f13) x30 0x4f126e37
core   0: 0x80001700 (0x028b6b33) rem     s6, s6, s0
core   0: 3 0x80001700 (0x028b6b33) x22 0x00000000
core   0: 0x80001704 (0xe8c7c3b7) lui     t2, 0xe8c7c
core   0: 3 0x80001704 (0xe8c7c3b7) x 7 0xe8c7c000
core   0: 0x80001708 (0x00ba8c33) add     s8, s5, a1
core   0: 3 0x80001708 (0x00ba8c33) x24 0x0007ffff
core   0: 0x8000170c (0x40918eb3) sub     t4, gp, s1
core   0: 3 0x8000170c (0x40918eb3) x29 0x80014e66
core   0: 0x80001710 (0x011e9993) slli    s3, t4, 17
core   0: 3 0x80001710 (0x011e9993) x19 0x9ccc0000
core   0: 0x80001714 (0x2feeb213) sltiu   tp, t4, 766
core   0: 3 0x80001714 (0x2feeb213) x 4 0x00000000
core   0: 0x80001718 (0xd7b524b7) lui     s1, 0xd7b52
core   0: 3 0x80001718 (0xd7b524b7) x 9 0xd7b52000
core   0: 0x8000171c (0x410ad313) srai    t1, s5, 16
core   0: 3 0x8000171c (0x410ad313) x 6 0xffffffff
core   0: 0x80001720 (0xab9c3693) sltiu   a3, s8, -1351
core   0: 3 0x80001720 (0xab9c3693) x13 0x00000001
core   0: 0x80001724 (0x1c0c8d93) addi    s11, s9, 448
core   0: 3 0x80001724 (0x1c0c8d93) x27 0x80018ea4
core   0: 0x80001728 (0x4123d9b3) sra     s3, t2, s2
core   0: 3 0x80001728 (0x4123d9b3) x19 0xe8c7c000
core   0: 0x8000172c (0x026b1f33) mulh    t5, s6, t1
core   0: 3 0x8000172c (0x026b1f33) x30 0x00000000
core   0: 0x80001730 (0x88eef617) auipc   a2, 0x88eef
core   0: 3 0x80001730 (0x88eef617) x12 0x08ef0730
core   0: 0x80001734 (0x01943fb3) sltu    t6, s0, s9
core   0: 3 0x80001734 (0x01943fb3) x31 0x00000000
core   0: 0x80001738 (0x00000013) nop
core   0: 3 0x80001738 (0x00000013)
core   0: 0x8000173c (0x0044a433) slt     s0, s1, tp
core   0: 3 0x8000173c (0x0044a433) x 8 0x00000001
core   0: 0x80001740 (0xf20f7693) andi    a3, t5, -224
core   0: 3 0x80001740 (0xf20f7693) x13 0x00000000
core   0: 0x80001744 (0x405ed1b3) sra     gp, t4, t0
core   0: 3 0x80001744 (0x405ed1b3) x 3 0x80014e66
core   0: 0x80001748 (0x01dcd813) srli    a6, s9, 29
core   0: 3 0x80001748 (0x01dcd813) x16 0x00000004
core   0: 0x8000174c (0x02bc2fb3) mulhsu  t6, s8, a1
core   0: 3 0x8000174c (0x02bc2fb3) x31 0x0000003f
core   0: 0x80001750 (0x019f9613) slli    a2, t6, 25
core   0: 3 0x80001750 (0x019f9613) x12 0x7e000000
core   0: 0x80001754 (0x0011d0b3) srl     ra, gp, ra
core   0: 3 0x80001754 (0x0011d0b3) x 1 0x00000020
core   0: 0x80001758 (0x00dea833) slt     a6, t4, a3
core   0: 3 0x80001758 (0x00dea833) x16 0x00000001
core   0: 0x8000175c (0x1a72c413) xori    s0, t0, 423
core   0: 3 0x8000175c (0x1a72c413) x 8 0x00000127
core   0: 0x80001760 (0xc63b3693) sltiu   a3, s6, -925
core   0: 3 0x80001760 (0xc63b3693) x13 0x00000001
core   0: 0x80001764 (0x012f9b33) sll     s6, t6, s2
core   0: 3 0x80001764 (0x012f9b33) x22 0x0000003f
core   0: 0x80001768 (0x02363fb3) mulhu   t6, a2, gp
core   0: 3 0x80001768 (0x02363fb3) x31 0x3f00a496
core   0: 0x8000176c (0x00a246b3) xor     a3, tp, a0
core   0: 3 0x8000176c (0x00a246b3) x13 0x00000000
core   0: 0x80001770 (0x03cb5433) divu    s0, s6, t3
core   0: 3 0x80001770 (0x03cb5433) x 8 0x00000000
core   0: 0x80001774 (0x00d0f4b3) and     s1, ra, a3
core   0: 3 0x80001774 (0x00d0f4b3) x 9 0x00000000
core   0: 0x80001778 (0x031a8c33) mul     s8, s5, a7
core   0: 3 0x80001778 (0x031a8c33) x24 0xfffffbfc
core   0: 0x8000177c (0x02e45eb3) divu    t4, s0, a4
core   0: 3 0x8000177c (0x02e45eb3) x29 0x00000000
core   0: 0x80001780 (0x027533b3) mulhu   t2, a0, t2
core   0: 3 0x80001780 (0x027533b3) x 7 0x00000000
core   0: 0x80001784 (0x2412bd93) sltiu   s11, t0, 577
core   0: 3 0x80001784 (0x2412bd93) x27 0x00000001
core   0: 0x80001788 (0x79eeb793) sltiu   a5, t4, 1950
core   0: 3 0x80001788 (0x79eeb793) x15 0x00000001
core   0: 0x8000178c (0xbfb12d93) slti    s11, sp, -1029
core   0: 3 0x8000178c (0xbfb12d93) x27 0x00000000
core   0: 0x80001790 (0x00a7b6b3) sltu    a3, a5, a0
core   0: 3 0x80001790 (0x00a7b6b3) x13 0x00000000
core   0: 0x80001794 (0x01109b33) sll     s6, ra, a7
core   0: 3 0x80001794 (0x01109b33) x22 0x00000200
core   0: 0x80001798 (0x00e30db3) add     s11, t1, a4
core   0: 3 0x80001798 (0x00e30db3) x27 0x80014e63
core   0: 0x8000179c (0x0346feb3) remu    t4, a3, s4
core   0: 3 0x8000179c (0x0346feb3) x29 0x00000000
core   0: 0x800017a0 (0x0292b9b3) mulhu   s3, t0, s1
core   0: 3 0x800017a0 (0x0292b9b3) x19 0x00000000
core   0: 0x800017a4 (0x9f892013) slti    zero, s2, -1544
core   0: 3 0x800017a4 (0x9f892013)
core   0: 0x800017a8 (0x01f31c33) sll     s8, t1, t6
core   0: 3 0x800017a8 (0x01f31c33) x24 0xffc00000
core   0: 0x800017ac (0x59fdf813) andi    a6, s11, 1439
core   0: 3 0x800017ac (0x59fdf813) x16 0x00000403
core   0: 0x800017b0 (0x018cc7b3) xor     a5, s9, s8
core   0: 3 0x800017b0 (0x018cc7b3) x15 0x7fc18ce4
core   0: 0x800017b4 (0x00f0feb3) and     t4, ra, a5
core   0: 3 0x800017b4 (0x00f0feb3) x29 0x00000020
core   0: 0x800017b8 (0x03b4cb33) div     s6, s1, s11
core   0: 3 0x800017b8 (0x03b4cb33) x22 0x00000000
core   0: 0x800017bc (0x02485133) divu    sp, a6, tp
core   0: 3 0x800017bc (0x02485133) x 2 0xffffffff
core   0: 0x800017c0 (0x03797033) remu    zero, s2, s7
core   0: 3 0x800017c0 (0x03797033)
core   0: 0x800017c4 (0x03a11233) mulh    tp, sp, s10
core   0: 3 0x800017c4 (0x03a11233) x 4 0x00000000
core   0: 0x800017c8 (0x4e098813) addi    a6, s3, 1248
core   0: 3 0x800017c8 (0x4e098813) x16 0x000004e0
core   0: 0x800017cc (0x03f53133) mulhu   sp, a0, t6
core   0: 3 0x800017cc (0x03f53133) x 2 0x00000000
core   0: 0x800017d0 (0x029ad1b3) divu    gp, s5, s1
core   0: 3 0x800017d0 (0x029ad1b3) x 3 0xffffffff
core   0: 0x800017d4 (0x01595833) srl     a6, s2, s5
core   0: 3 0x800017d4 (0x01595833) x16 0x00000000
core   0: 0x800017d8 (0x85b3ab93) slti    s7, t2, -1957
core   0: 3 0x800017d8 (0x85b3ab93) x23 0x00000000
core   0: 0x800017dc (0x1f32eb13) ori     s6, t0, 499
core   0: 3 0x800017dc (0x1f32eb13) x22 0x000001f3
core   0: 0x800017e0 (0x03b688b3) mul     a7, a3, s11
core   0: 3 0x800017e0 (0x03b688b3) x17 0x00000000
core   0: 0x800017e4 (0x02f06bb3) rem     s7, zero, a5
core   0: 3 0x800017e4 (0x02f06bb3) x23 0x00000000
core   0: 0x800017e8 (0x00fd81b3) add     gp, s11, a5
core   0: 3 0x800017e8 (0x00fd81b3) x 3 0xffc2db47
core   0: 0x800017ec (0x03da2fb3) mulhsu  t6, s4, t4
core   0: 3 0x800017ec (0x03da2fb3) x31 0x00000000
core   0: 0x800017f0 (0x400ad193) srai    gp, s5, 0
core   0: 3 0x800017f0 (0x400ad193) x 3 0xffffffff
core   0: 0x800017f4 (0x3d3af513) andi    a0, s5, 979
core   0: 3 0x800017f4 (0x3d3af513) x10 0x000003d3
core   0: 0x800017f8 (0x00c66933) or      s2, a2, a2
core   0: 3 0x800017f8 (0x00c66933) x18 0x7e000000
core   0: 0x800017fc (0x22913793) sltiu   a5, sp, 553
core   0: 3 0x800017fc (0x22913793) x15 0x00000001
core   0: 0x80001800 (0x00a88f33) add     t5, a7, a0
core   0: 3 0x80001800 (0x00a88f33) x30 0x000003d3
core   0: 0x80001804 (0x03886133) rem     sp, a6, s8
core   0: 3 0x80001804 (0x03886133) x 2 0x00000000
core   0: 0x80001808 (0x37d63f13) sltiu   t5, a2, 893
core   0: 3 0x80001808 (0x37d63f13) x30 0x00000000
core   0: 0x8000180c (0x011d6a33) or      s4, s10, a7
core   0: 3 0x8000180c (0x011d6a33) x20 0xf7434403
core   0: 0x80001810 (0x6bdbb493) sltiu   s1, s7, 1725
core   0: 3 0x80001810 (0x6bdbb493) x 9 0x00000001
core   0: 0x80001814 (0x003d9a93) slli    s5, s11, 3
core   0: 3 0x80001814 (0x003d9a93) x21 0x000a7318
core   0: 0x80001818 (0x00000013) nop
core   0: 3 0x80001818 (0x00000013)
core   0: 0x8000181c (0x40fe51b3) sra     gp, t3, a5
core   0: 3 0x8000181c (0x40fe51b3) x 3 0xc0000000
core   0: 0x80001820 (0x186307b7) lui     a5, 0x18630
core   0: 3 0x80001820 (0x186307b7) x15 0x18630000
core   0: 0x80001824 (0x9fbf0397) auipc   t2, 0x9fbf0
core   0: 3 0x80001824 (0x9fbf0397) x 7 0x1fbf1824
core   0: 0x80001828 (0xba9a8897) auipc   a7, 0xba9a8
core   0: 3 0x80001828 (0xba9a8897) x17 0x3a9a9828
core   0: 0x8000182c (0x02b48833) mul     a6, s1, a1
core   0: 3 0x8000182c (0x02b48833) x16 0x00080000
core   0: 0x80001830 (0x012f5513) srli    a0, t5, 18
core   0: 3 0x80001830 (0x012f5513) x10 0x00000000
core   0: 0x80001834 (0x41928ab3) sub     s5, t0, s9
core   0: 3 0x80001834 (0x41928ab3) x21 0x7ffe739c
core   0: 0x80001838 (0xb7128213) addi    tp, t0, -1167
core   0: 3 0x80001838 (0xb7128213) x 4 0xfffffbf1
core   0: 0x8000183c (0x0250b433) mulhu   s0, ra, t0
core   0: 3 0x8000183c (0x0250b433) x 8 0x00000000
core   0: 0x80001840 (0x013b1b13) slli    s6, s6, 19
core   0: 3 0x80001840 (0x013b1b13) x22 0x0f980000
core   0: 0x80001844 (0x40bd0bb3) sub     s7, s10, a1
core   0: 3 0x80001844 (0x40bd0bb3) x23 0xf73b4403
core   0: 0x80001848 (0x0274d533) divu    a0, s1, t2
core   0: 3 0x80001848 (0x0274d533) x10 0x00000000
core   0: 0x8000184c (0x029101b3) mul     gp, sp, s1
core   0: 3 0x8000184c (0x029101b3) x 3 0x00000000
core   0: 0x80001850 (0x08c70137) lui     sp, 0x8c70
core   0: 3 0x80001850 (0x08c70137) x 2 0x08c70000
core   0: 0x80001854 (0x40c15833) sra     a6, sp, a2
core   0: 3 0x80001854 (0x40c15833) x16 0x08c70000
core   0: 0x80001858 (0x00468f33) add     t5, a3, tp
core   0: 3 0x80001858 (0x00468f33) x30 0xfffffbf1
core   0: 0x8000185c (0x02e0a333) mulhsu  t1, ra, a4
core   0: 3 0x8000185c (0x02e0a333) x 6 0x00000010
core   0: 0x80001860 (0x03f283b3) mul     t2, t0, t6
core   0: 3 0x80001860 (0x03f283b3) x 7 0x00000000
core   0: 0x80001864 (0x00eb3233) sltu    tp, s6, a4
core   0: 3 0x80001864 (0x00eb3233) x 4 0x00000001
core   0: 0x80001868 (0x01d30d33) add     s10, t1, t4
core   0: 3 0x80001868 (0x01d30d33) x26 0x00000030
core   0: 0x8000186c (0x00a7d113) srli    sp, a5, 10
core   0: 3 0x8000186c (0x00a7d113) x 2 0x000618c0
core   0: 0x80001870 (0x03e3aa33) mulhsu  s4, t2, t5
core   0: 3 0x80001870 (0x03e3aa33) x20 0x00000000
core   0: 0x80001874 (0x017db0b3) sltu    ra, s11, s7
core   0: 3 0x80001874 (0x017db0b3) x 1 0x00000001
core   0: 0x80001878 (0x02acd3b3) divu    t2, s9, a0
core   0: 3 0x80001878 (0x02acd3b3) x 7 0xffffffff
core   0: 0x8000187c (0x4339bb13) sltiu   s6, s3, 1075
core   0: 3 0x8000187c (0x4339bb13) x22 0x00000001
core   0: 0x80001880 (0x01274db3) xor     s11, a4, s2
core   0: 3 0x80001880 (0x01274db3) x27 0xfe014e64
core   0: 0x80001884 (0x5a84ac13) slti    s8, s1, 1448
core   0: 3 0x80001884 (0x5a84ac13) x24 0x00000001
core   0: 0x80001888 (0x3a85f293) andi    t0, a1, 936
core   0: 3 0x80001888 (0x3a85f293) x 5 0x00000000
core   0: 0x8000188c (0x1cc83813) sltiu   a6, a6, 460
core   0: 3 0x8000188c (0x1cc83813) x16 0x00000000
core   0: 0x80001890 (0x40b0d0b3) sra     ra, ra, a1
core   0: 3 0x80001890 (0x40b0d0b3) x 1 0x00000001
core   0: 0x80001894 (0x01588a33) add     s4, a7, s5
core   0: 3 0x80001894 (0x01588a33) x20 0xba990bc4
core   0: 0x80001898 (0x025f4eb3) div     t4, t5, t0
core   0: 3 0x80001898 (0x025f4eb3) x29 0xffffffff
core   0: 0x8000189c (0xb2508f13) addi    t5, ra, -1243
core   0: 3 0x8000189c (0xb2508f13) x30 0xfffffb26
core   0: 0x800018a0 (0x0337bc33) mulhu   s8, a5, s3
core   0: 3 0x800018a0 (0x0337bc33) x24 0x00000000
core   0: 0x800018a4 (0x034a33b3) mulhu   t2, s4, s4
core   0: 3 0x800018a4 (0x034a33b3) x 7 0x8802c097
core   0: 0x800018a8 (0x01f44db3) xor     s11, s0, t6
core   0: 3 0x800018a8 (0x01f44db3) x27 0x00000000
core   0: 0x800018ac (0x01064a33) xor     s4, a2, a6
core   0: 3 0x800018ac (0x01064a33) x20 0x7e000000
core   0: 0x800018b0 (0x7ca96b93) ori     s7, s2, 1994
core   0: 3 0x800018b0 (0x7ca96b93) x23 0x7e0007ca
core   0: 0x800018b4 (0xaf414f93) xori    t6, sp, -1292
core   0: 3 0x800018b4 (0xaf414f93) x31 0xfff9e234
core   0: 0x800018b8 (0x02a23533) mulhu   a0, tp, a0
core   0: 3 0x800018b8 (0x02a23533) x10 0x00000000
core   0: 0x800018bc (0xf2cd3037) lui     zero, 0xf2cd3
core   0: 3 0x800018bc (0xf2cd3037)
core   0: 0x800018c0 (0x40f05033) sra     zero, zero, a5
core   0: 3 0x800018c0 (0x40f05033)
core   0: 0x800018c4 (0x3ed6c297) auipc   t0, 0x3ed6c
core   0: 3 0x800018c4 (0x3ed6c297) x 5 0xbed6d8c4
core   0: 0x800018c8 (0x737db893) sltiu   a7, s11, 1847
core   0: 3 0x800018c8 (0x737db893) x17 0x00000001
core   0: 0x800018cc (0x33d8f113) andi    sp, a7, 829
core   0: 3 0x800018cc (0x33d8f113) x 2 0x00000001
core   0: 0x800018d0 (0x24d1b913) sltiu   s2, gp, 589
core   0: 3 0x800018d0 (0x24d1b913) x18 0x00000001
core   0: 0x800018d4 (0x03c880b3) mul     ra, a7, t3
core   0: 3 0x800018d4 (0x03c880b3) x 1 0x80000000
core   0: 0x800018d8 (0x68843093) sltiu   ra, s0, 1672
core   0: 3 0x800018d8 (0x68843093) x 1 0x00000001
core   0: 0x800018dc (0x01ec1f13) slli    t5, s8, 30
core   0: 3 0x800018dc (0x01ec1f13) x30 0x00000000
core   0: 0x800018e0 (0x40cfdeb3) sra     t4, t6, a2
core   0: 3 0x800018e0 (0x40cfdeb3) x29 0xfff9e234
core   0: 0x800018e4 (0x027090b3) mulh    ra, ra, t2
core   0: 3 0x800018e4 (0x027090b3) x 1 0xffffffff
core   0: 0x800018e8 (0x01b00f33) add     t5, zero, s11
core   0: 3 0x800018e8 (0x01b00f33) x30 0x00000000
core   0: 0x800018ec (0x002775b3) and     a1, a4, sp
core   0: 3 0x800018ec (0x002775b3) x11 0x00000000
core   0: 0x800018f0 (0x03aa8133) mul     sp, s5, s10
core   0: 3 0x800018f0 (0x03aa8133) x 2 0xffb5ad40
core   0: 0x800018f4 (0x0227ba33) mulhu   s4, a5, sp
core   0: 3 0x800018f4 (0x0227ba33) x20 0x185beb7f
core   0: 0x800018f8 (0x02cca6b3) mulhsu  a3, s9, a2
core   0: 3 0x800018f8 (0x02cca6b3) x13 0xc100c358
core   0: 0x800018fc (0x0020e3b3) or      t2, ra, sp
core   0: 3 0x800018fc (0x0020e3b3) x 7 0xffffffff
core   0: 0x80001900 (0x00000013) nop
core   0: 3 0x80001900 (0x00000013)
core   0: 0x80001904 (0x02ab81b3) mul     gp, s7, a0
core   0: 3 0x80001904 (0x02ab81b3) x 3 0x00000000
core   0: 0x80001908 (0x007b8933) add     s2, s7, t2
core   0: 3 0x80001908 (0x007b8933) x18 0x7e0007c9
core   0: 0x8000190c (0x0003d513) srli    a0, t2, 0
core   0: 3 0x8000190c (0x0003d513) x10 0xffffffff
core   0: 0x80001910 (0x40f4d993) srai    s3, s1, 15
core   0: 3 0x80001910 (0x40f4d993) x19 0x00000000
core   0: 0x80001914 (0xf9f0d137) lui     sp, 0xf9f0d
core   0: 3 0x80001914 (0xf9f0d137) x 2 0xf9f0d000
core   0: 0x80001918 (0x0303f833) remu    a6, t2, a6
core   0: 3 0x80001918 (0x0303f833) x16 0xffffffff
core   0: 0x8000191c (0x0057ab33) slt     s6, a5, t0
core   0: 3 0x8000191c (0x0057ab33) x22 0x00000000
core   0: 0x80001920 (0x006d1c33) sll     s8, s10, t1
core   0: 3 0x80001920 (0x006d1c33) x24 0x00300000
core   0: 0x80001924 (0x0368ad33) mulhsu  s10, a7, s6
core   0: 3 0x80001924 (0x0368ad33) x26 0x00000000
core   0: 0x80001928 (0x03787033) remu    zero, a6, s7
core   0: 3 0x80001928 (0x03787033)
core   0: 0x8000192c (0x61523393) sltiu   t2, tp, 1557
core   0: 3 0x8000192c (0x61523393) x 7 0x00000001
core   0: 0x80001930 (0x01aefab3) and     s5, t4, s10
core   0: 3 0x80001930 (0x01aefab3) x21 0x00000000
core   0: 0x80001934 (0xc6f0b393) sltiu   t2, ra, -913
core   0: 3 0x80001934 (0xc6f0b393) x 7 0x00000000
core   0: 0x80001938 (0x4106dc33) sra     s8, a3, a6
core   0: 3 0x80001938 (0x4106dc33) x24 0xffffffff
core   0: 0x8000193c (0x406a58b3) sra     a7, s4, t1
core   0: 3 0x8000193c (0x406a58b3) x17 0x0000185b
core   0: 0x80001940 (0x331156b7) lui     a3, 0x33115
core   0: 3 0x80001940 (0x331156b7) x13 0x33115000
core   0: 0x80001944 (0x2729ce93) xori    t4, s3, 626
core   0: 3 0x80001944 (0x2729ce93) x29 0x00000272
core   0: 0x80001948 (0x03ba25b3) mulhsu  a1, s4, s11
core   0: 3 0x80001948 (0x03ba25b3) x11 0x00000000
core   0: 0x8000194c (0x00bd8433) add     s0, s11, a1
core   0: 3 0x8000194c (0x00bd8433) x 8 0x00000000
core   0: 0x80001950 (0x00ddc633) xor     a2, s11, a3
core   0: 3 0x80001950 (0x00ddc633) x12 0x33115000
core   0: 0x80001954 (0x03352533) mulhsu  a0, a0, s3
core   0: 3 0x80001954 (0x03352533) x10 0x00000000
core   0: 0x80001958 (0x0024d013) srli    zero, s1, 2
core   0: 3 0x80001958 (0x0024d013)
core   0: 0x8000195c (0x0056eeb3) or      t4, a3, t0
core   0: 3 0x8000195c (0x0056eeb3) x29 0xbfd7d8c4
core   0: 0x80001960 (0x02c92b17) auipc   s6, 0x2c92
core   0: 3 0x80001960 (0x02c92b17) x22 0x82c93960
core   0: 0x80001964 (0x014dedb3) or      s11, s11, s4
core   0: 3 0x80001964 (0x014dedb3) x27 0x185beb7f
core   0: 0x80001968 (0x0056b7b3) sltu    a5, a3, t0
core   0: 3 0x80001968 (0x0056b7b3) x15 0x00000001
core   0: 0x8000196c (0x005dd613) srli    a2, s11, 5
core   0: 3 0x8000196c (0x005dd613) x12 0x00c2df5b
core   0: 0x80001970 (0x4f3cbb13) sltiu   s6, s9, 1267
core   0: 3 0x80001970 (0x4f3cbb13) x22 0x00000000
core   0: 0x80001974 (0x00161e93) slli    t4, a2, 1
core   0: 3 0x80001974 (0x00161e93) x29 0x0185beb6
core   0: 0x80001978 (0x01565933) srl     s2, a2, s5
core   0: 3 0x80001978 (0x01565933) x18 0x00c2df5b
core   0: 0x8000197c (0x001f47b3) xor     a5, t5, ra
core   0: 3 0x8000197c (0x001f47b3) x15 0xffffffff
core   0: 0x80001980 (0x316116b7) lui     a3, 0x31611
core   0: 3 0x80001980 (0x316116b7) x13 0x31611000
core   0: 0x80001984 (0x00c11813) slli    a6, sp, 12
core   0: 3 0x80001984 (0x00c11813) x16 0x0d000000
core   0: 0x80001988 (0xa3d5e613) ori     a2, a1, -1475
core   0: 3 0x80001988 (0xa3d5e613) x12 0xfffffa3d
core   0: 0x8000198c (0x00000013) nop
core   0: 3 0x8000198c (0x00000013)
core   0: 0x80001990 (0x00a76db3) or      s11, a4, a0
core   0: 3 0x80001990 (0x00a76db3) x27 0x80014e64
core   0: 0x80001994 (0x88995db7) lui     s11, 0x88995
core   0: 3 0x80001994 (0x88995db7) x27 0x88995000
core   0: 0x80001998 (0x01332133) slt     sp, t1, s3
core   0: 3 0x80001998 (0x01332133) x 2 0x00000000
core   0: 0x8000199c (0x09a66613) ori     a2, a2, 154
core   0: 3 0x8000199c (0x09a66613) x12 0xfffffabf
core   0: 0x800019a0 (0x00836233) or      tp, t1, s0
core   0: 3 0x800019a0 (0x00836233) x 4 0x00000010
core   0: 0x800019a4 (0x03612933) mulhsu  s2, sp, s6
core   0: 3 0x800019a4 (0x03612933) x18 0x00000000
core   0: 0x800019a8 (0x02c6feb3) remu    t4, a3, a2
core   0: 3 0x800019a8 (0x02c6feb3) x29 0x31611000
core   0: 0x800019ac (0x03e5bbb3) mulhu   s7, a1, t5
core   0: 3 0x800019ac (0x03e5bbb3) x23 0x00000000
core   0: 0x800019b0 (0x00bf1293) slli    t0, t5, 11
core   0: 3 0x800019b0 (0x00bf1293) x 5 0x00000000
core   0: 0x800019b4 (0xe59cb593) sltiu   a1, s9, -423
core   0: 3 0x800019b4 (0xe59cb593) x11 0x00000001
core   0: 0x800019b8 (0x00498833) add     a6, s3, tp
core   0: 3 0x800019b8 (0x00498833) x16 0x00000010
core   0: 0x800019bc (0x0086e8b3) or      a7, a3, s0
core   0: 3 0x800019bc (0x0086e8b3) x17 0x31611000
core   0: 0x800019c0 (0xec19f613) andi    a2, s3, -319
core   0: 3 0x800019c0 (0xec19f613) x12 0x00000000
core   0: 0x800019c4 (0xcfd8c397) auipc   t2, 0xcfd8c
core   0: 3 0x800019c4 (0xcfd8c397) x 7 0x4fd8d9c4
core   0: 0x800019c8 (0x0055e3b3) or      t2, a1, t0
core   0: 3 0x800019c8 (0x0055e3b3) x 7 0x00000001
core   0: 0x800019cc (0x0048dc33) srl     s8, a7, tp
core   0: 3 0x800019cc (0x0048dc33) x24 0x00003161
core   0: 0x800019d0 (0x02e7f133) remu    sp, a5, a4
core   0: 3 0x800019d0 (0x02e7f133) x 2 0x7ffeb19b
core   0: 0x800019d4 (0xfcbc6f17) auipc   t5, 0xfcbc6
core   0: 3 0x800019d4 (0xfcbc6f17) x30 0x7cbc79d4
core   0: 0x800019d8 (0x033d1bb3) mulh    s7, s10, s3
core   0: 3 0x800019d8 (0x033d1bb3) x23 0x00000000
core   0: 0x800019dc (0x3d562693) slti    a3, a2, 981
core   0: 3 0x800019dc (0x3d562693) x13 0x00000001
core   0: 0x800019e0 (0x41f28ab3) sub     s5, t0, t6
core   0: 3 0x800019e0 (0x41f28ab3) x21 0x00061dcc
core   0: 0x800019e4 (0x02e5c233) div     tp, a1, a4
core   0: 3 0x800019e4 (0x02e5c233) x 4 0x00000000
core   0: 0x800019e8 (0x0c164c13) xori    s8, a2, 193
core   0: 3 0x800019e8 (0x0c164c13) x24 0x000000c1
core   0: 0x800019ec (0x036d5233) divu    tp, s10, s6
core   0: 3 0x800019ec (0x036d5233) x 4 0xffffffff
core   0: 0x800019f0 (0x03180133) mul     sp, a6, a7
core   0: 3 0x800019f0 (0x03180133) x 2 0x16110000
core   0: 0x800019f4 (0x40875d93) srai    s11, a4, 8
core   0: 3 0x800019f4 (0x40875d93) x27 0xff80014e
core   0: 0x800019f8 (0x03a21bb3) mulh    s7, tp, s10
core   0: 3 0x800019f8 (0x03a21bb3) x23 0x00000000
core   0: 0x800019fc (0x00d7db93) srli    s7, a5, 13
core   0: 3 0x800019fc (0x00d7db93) x23 0x0007ffff
core   0: 0x80001a00 (0x010fdf93) srli    t6, t6, 16
core   0: 3 0x80001a00 (0x010fdf93) x31 0x0000fff9
core   0: 0x80001a04 (0x03c3b533) mulhu   a0, t2, t3
core   0: 3 0x80001a04 (0x03c3b533) x10 0x00000000
core   0: 0x80001a08 (0x00000013) nop
core   0: 3 0x80001a08 (0x00000013)
core   0: 0x80001a0c (0x40d006b3) sub     a3, zero, a3
core   0: 3 0x80001a0c (0x40d006b3) x13 0xffffffff
core   0: 0x80001a10 (0x03783833) mulhu   a6, a6, s7
core   0: 3 0x80001a10 (0x03783833) x16 0x00000000
core   0: 0x80001a14 (0x408f5bb3) sra     s7, t5, s0
core   0: 3 0x80001a14 (0x408f5bb3) x23 0x7cbc79d4
core   0: 0x80001a18 (0x01c608b3) add     a7, a2, t3
core   0: 3 0x80001a18 (0x01c608b3) x17 0x80000000
core   0: 0x80001a1c (0x03755d33) divu    s10, a0, s7
core   0: 3 0x80001a1c (0x03755d33) x26 0x00000000
core   0: 0x80001a20 (0x4c064013) xori    zero, a2, 1216
core   0: 3 0x80001a20 (0x4c064013)
core   0: 0x80001a24 (0x02b04bb3) div     s7, zero, a1
core   0: 3 0x80001a24 (0x02b04bb3) x23 0x00000000
core   0: 0x80001a28 (0x40700833) sub     a6, zero, t2
core   0: 3 0x80001a28 (0x40700833) x16 0xffffffff
core   0: 0x80001a2c (0x70de6eb7) lui     t4, 0x70de6
core   0: 3 0x80001a2c (0x70de6eb7) x29 0x70de6000
core   0: 0x80001a30 (0x41f15593) srai    a1, sp, 31
core   0: 3 0x80001a30 (0x41f15593) x11 0x00000000
core   0: 0x80001a34 (0x029a2b33) mulhsu  s6, s4, s1
core   0: 3 0x80001a34 (0x029a2b33) x22 0x00000000
core   0: 0x80001a38 (0x0046a233) slt     tp, a3, tp
core   0: 3 0x80001a38 (0x0046a233) x 4 0x00000000
core   0: 0x80001a3c (0x0314e233) rem     tp, s1, a7
core   0: 3 0x80001a3c (0x0314e233) x 4 0x00000001
core   0: 0x80001a40 (0x41e156b3) sra     a3, sp, t5
core   0: 3 0x80001a40 (0x41e156b3) x13 0x00000161
core   0: 0x80001a44 (0x024adeb3) divu    t4, s5, tp
core   0: 3 0x80001a44 (0x024adeb3) x29 0x00061dcc
core   0: 0x80001a48 (0xb6d36d93) ori     s11, t1, -1171
core   0: 3 0x80001a48 (0xb6d36d93) x27 0xfffffb7d
core   0: 0x80001a4c (0x037baeb3) mulhsu  t4, s7, s7
core   0: 3 0x80001a4c (0x037baeb3) x29 0x00000000
core   0: 0x80001a50 (0x03a584b3) mul     s1, a1, s10
core   0: 3 0x80001a50 (0x03a584b3) x 9 0x00000000
core   0: 0x80001a54 (0x01fdd693) srli    a3, s11, 31
core   0: 3 0x80001a54 (0x01fdd693) x13 0x00000001
core   0: 0x80001a58 (0x037d51b3) divu    gp, s10, s7
core   0: 3 0x80001a58 (0x037d51b3) x 3 0xffffffff
core   0: 0x80001a5c (0x8bd07193) andi    gp, zero, -1859
core   0: 3 0x80001a5c (0x8bd07193) x 3 0x00000000
core   0: 0x80001a60 (0x67e57197) auipc   gp, 0x67e57
core   0: 3 0x80001a60 (0x67e57197) x 3 0xe7e58a60
core   0: 0x80001a64 (0x60ce4913) xori    s2, t3, 1548
core   0: 3 0x80001a64 (0x60ce4913) x18 0x8000060c
core   0: 0x80001a68 (0x029175b3) remu    a1, sp, s1
core   0: 3 0x80001a68 (0x029175b3) x11 0x16110000
core   0: 0x80001a6c (0x00d65193) srli    gp, a2, 13
core   0: 3 0x80001a6c (0x00d65193) x 3 0x00000000
core   0: 0x80001a70 (0x01557033) and     zero, a0, s5
core   0: 3 0x80001a70 (0x01557033)
core   0: 0x80001a74 (0x01c6db33) srl     s6, a3, t3
core   0: 3 0x80001a74 (0x01c6db33) x22 0x00000001
core   0: 0x80001a78 (0x00f9d6b3) srl     a3, s3, a5
core   0: 3 0x80001a78 (0x00f9d6b3) x13 0x00000000
core   0: 0x80001a7c (0x00ecca33) xor     s4, s9, a4
core   0: 3 0x80001a7c (0x00ecca33) x20 0x0000c280
core   0: 0x80001a80 (0x01878bb3) add     s7, a5, s8
core   0: 3 0x80001a80 (0x01878bb3) x23 0x000000c0
core   0: 0x80001a84 (0x007e9c13) slli    s8, t4, 7
core   0: 3 0x80001a84 (0x007e9c13) x24 0x00000000
core   0: 0x80001a88 (0x00965193) srli    gp, a2, 9
core   0: 3 0x80001a88 (0x00965193) x 3 0x00000000
core   0: 0x80001a8c (0x03374633) div     a2, a4, s3
core   0: 3 0x80001a8c (0x03374633) x12 0xffffffff
core   0: 0x80001a90 (0xc08a8e93) addi    t4, s5, -1016
core   0: 3 0x80001a90 (0xc08a8e93) x29 0x000619d4
core   0: 0x80001a94 (0x40a70333) sub     t1, a4, a0
core   0: 3 0x80001a94 (0x40a70333) x 6 0x80014e64
core   0: 0x80001a98 (0x00bf5f33) srl     t5, t5, a1
core   0: 3 0x80001a98 (0x00bf5f33) x30 0x7cbc79d4
core   0: 0x80001a9c (0x01391f13) slli    t5, s2, 19
core   0: 3 0x80001a9c (0x01391f13) x30 0x30600000
core   0: 0x80001aa0 (0x5399a693) slti    a3, s3, 1337
core   0: 3 0x80001aa0 (0x5399a693) x13 0x00000001
core   0: 0x80001aa4 (0x82249997) auipc   s3, 0x82249
core   0: 3 0x80001aa4 (0x82249997) x19 0x0224aaa4
core   0: 0x80001aa8 (0x006cd913) srli    s2, s9, 6
core   0: 3 0x80001aa8 (0x006cd913) x18 0x02000633
core   0: 0x80001aac (0x00b3da33) srl     s4, t2, a1
core   0: 3 0x80001aac (0x00b3da33) x20 0x00000001
core   0: 0x80001ab0 (0x035684b3) mul     s1, a3, s5
core   0: 3 0x80001ab0 (0x035684b3) x 9 0x00061dcc
core   0: 0x80001ab4 (0x670ad897) auipc   a7, 0x670ad
core   0: 3 0x80001ab4 (0x670ad897) x17 0xe70aeab4
core   0: 0x80001ab8 (0x00165333) srl     t1, a2, ra
core   0: 3 0x80001ab8 (0x00165333) x 6 0x00000001
core   0: 0x80001abc (0x01aeafb3) slt     t6, t4, s10
core   0: 3 0x80001abc (0x01aeafb3) x31 0x00000000
core   0: 0x80001ac0 (0x0204d033) divu    zero, s1, zero
core   0: 3 0x80001ac0 (0x0204d033)
core   0: 0x80001ac4 (0x02fc58b3) divu    a7, s8, a5
core   0: 3 0x80001ac4 (0x02fc58b3) x17 0x00000000
core   0: 0x80001ac8 (0x00710833) add     a6, sp, t2
core   0: 3 0x80001ac8 (0x00710833) x16 0x16110001
core   0: 0x80001acc (0x00e871b3) and     gp, a6, a4
core   0: 3 0x80001acc (0x00e871b3) x 3 0x00010000
core   0: 0x80001ad0 (0x00a5f533) and     a0, a1, a0
core   0: 3 0x80001ad0 (0x00a5f533) x10 0x00000000
core   0: 0x80001ad4 (0x028fc333) div     t1, t6, s0
core   0: 3 0x80001ad4 (0x028fc333) x 6 0xffffffff
core   0: 0x80001ad8 (0x01178033) add     zero, a5, a7
core   0: 3 0x80001ad8 (0x01178033)
core   0: 0x80001adc (0x00000013) nop
core   0: 3 0x80001adc (0x00000013)
core   0: 0x80001ae0 (0x01d29a13) slli    s4, t0, 29
core   0: 3 0x80001ae0 (0x01d29a13) x20 0x00000000
core   0: 0x80001ae4 (0x0052f8b3) and     a7, t0, t0
core   0: 3 0x80001ae4 (0x0052f8b3) x17 0x00000000
core   0: 0x80001ae8 (0xa52aa213) slti    tp, s5, -1454
core   0: 3 0x80001ae8 (0xa52aa213) x 4 0x00000000
core   0: 0x80001aec (0x009cf9b3) and     s3, s9, s1
core   0: 3 0x80001aec (0x009cf9b3) x19 0x00000cc4
core   0: 0x80001af0 (0x0306afb3) mulhsu  t6, a3, a6
core   0: 3 0x80001af0 (0x0306afb3) x31 0x00000000
core   0: 0x80001af4 (0x027ad2b3) divu    t0, s5, t2
core   0: 3 0x80001af4 (0x027ad2b3) x 5 0x00061dcc
core   0: 0x80001af8 (0x0042da33) srl     s4, t0, tp
core   0: 3 0x80001af8 (0x0042da33) x20 0x00061dcc
core   0: 0x80001afc (0x00fddeb3) srl     t4, s11, a5
core   0: 3 0x80001afc (0x00fddeb3) x29 0x00000001
core   0: 0x80001b00 (0x4f75f1b7) lui     gp, 0x4f75f
core   0: 3 0x80001b00 (0x4f75f1b7) x 3 0x4f75f000
core   0: 0x80001b04 (0x02cd4433) div     s0, s10, a2
core   0: 3 0x80001b04 (0x02cd4433) x 8 0x00000000
core   0: 0x80001b08 (0xd2cee913) ori     s2, t4, -724
core   0: 3 0x80001b08 (0xd2cee913) x18 0xfffffd2d
core   0: 0x80001b0c (0x001c6633) or      a2, s8, ra
core   0: 3 0x80001b0c (0x001c6633) x12 0xffffffff
core   0: 0x80001b10 (0x00419e93) slli    t4, gp, 4
core   0: 3 0x80001b10 (0x00419e93) x29 0xf75f0000
core   0: 0x80001b14 (0xccc68b93) addi    s7, a3, -820
core   0: 3 0x80001b14 (0xccc68b93) x23 0xfffffccd
core   0: 0x80001b18 (0x00000013) nop
core   0: 3 0x80001b18 (0x00000013)
core   0: 0x80001b1c (0x01dd5b93) srli    s7, s10, 29
core   0: 3 0x80001b1c (0x01dd5b93) x23 0x00000000
core   0: 0x80001b20 (0xf04f7b93) andi    s7, t5, -252
core   0: 3 0x80001b20 (0xf04f7b93) x23 0x30600000
core   0: 0x80001b24 (0x002c4633) xor     a2, s8, sp
core   0: 3 0x80001b24 (0x002c4633) x12 0x16110000
core   0: 0x80001b28 (0x010a32b3) sltu    t0, s4, a6
core   0: 3 0x80001b28 (0x010a32b3) x 5 0x00000001
core   0: 0x80001b2c (0x00000013) nop
core   0: 3 0x80001b2c (0x00000013)
core   0: 0x80001b30 (0x016fc233) xor     tp, t6, s6
core   0: 3 0x80001b30 (0x016fc233) x 4 0x00000001
core   0: 0x80001b34 (0xb8b76893) ori     a7, a4, -1141
core   0: 3 0x80001b34 (0xb8b76893) x17 0xffffffef
core   0: 0x80001b38 (0x01859db3) sll     s11, a1, s8
core   0: 3 0x80001b38 (0x01859db3) x27 0x16110000
core   0: 0x80001b3c (0x09c993b7) lui     t2, 0x9c99
core   0: 3 0x80001b3c (0x09c993b7) x 7 0x09c99000
core   0: 0x80001b40 (0x033df933) remu    s2, s11, s3
core   0: 3 0x80001b40 (0x033df933) x18 0x000002f0
core   0: 0x80001b44 (0x418cde93) srai    t4, s9, 24
core   0: 3 0x80001b44 (0x418cde93) x29 0xffffff80
core   0: 0x80001b48 (0x4011d613) srai    a2, gp, 1
core   0: 3 0x80001b48 (0x4011d613) x12 0x27baf800
core   0: 0x80001b4c (0x00e0aa33) slt     s4, ra, a4
core   0: 3 0x80001b4c (0x00e0aa33) x20 0x00000000
core   0: 0x80001b50 (0x0248e1b3) rem     gp, a7, tp
core   0: 3 0x80001b50 (0x0248e1b3) x 3 0x00000000
core   0: 0x80001b54 (0xfe6ced13) ori     s10, s9, -26
core   0: 3 0x80001b54 (0xfe6ced13) x26 0xffffffe6
core   0: 0x80001b58 (0x005719b3) sll     s3, a4, t0
core   0: 3 0x80001b58 (0x005719b3) x19 0x00029cc8
core   0: 0x80001b5c (0x4b55ee97) auipc   t4, 0x4b55e
core   0: 3 0x80001b5c (0x4b55ee97) x29 0xcb55fb5c
core   0: 0x80001b60 (0x01307133) and     sp, zero, s3
core   0: 3 0x80001b60 (0x01307133) x 2 0x00000000
core   0: 0x80001b64 (0x01980033) add     zero, a6, s9
core   0: 3 0x80001b64 (0x01980033)
core   0: 0x80001b68 (0x41a9dfb3) sra     t6, s3, s10
core   0: 3 0x80001b68 (0x41a9dfb3) x31 0x00000a73
core   0: 0x80001b6c (0x0152d013) srli    zero, t0, 21
core   0: 3 0x80001b6c (0x0152d013)
core   0: 0x80001b70 (0x416cd813) srai    a6, s9, 22
core   0: 3 0x80001b70 (0x416cd813) x16 0xfffffe00
core   0: 0x80001b74 (0x0229a533) mulhsu  a0, s3, sp
core   0: 3 0x80001b74 (0x0229a533) x10 0x00000000
core   0: 0x80001b78 (0x419600b3) sub     ra, a2, s9
core   0: 3 0x80001b78 (0x419600b3) x 1 0xa7b96b1c
core   0: 0x80001b7c (0x015d02b3) add     t0, s10, s5
core   0: 3 0x80001b7c (0x015d02b3) x 5 0x00061db2
core   0: 0x80001b80 (0x032f3ab3) mulhu   s5, t5, s2
core   0: 3 0x80001b80 (0x032f3ab3) x21 0x0000008e
core   0: 0x80001b84 (0x022d82b3) mul     t0, s11, sp
core   0: 3 0x80001b84 (0x022d82b3) x 5 0x00000000
core   0: 0x80001b88 (0xe824c393) xori    t2, s1, -382
core   0: 3 0x80001b88 (0xe824c393) x 7 0xfff9e34e
core   0: 0x80001b8c (0x01df0533) add     a0, t5, t4
core   0: 3 0x80001b8c (0x01df0533) x10 0xfbb5fb5c
core   0: 0x80001b90 (0xfae0c913) xori    s2, ra, -82
core   0: 3 0x80001b90 (0xfae0c913) x18 0x584694b2
core   0: 0x80001b94 (0xa1d3ba93) sltiu   s5, t2, -1507
core   0: 3 0x80001b94 (0xa1d3ba93) x21 0x00000001
core   0: 0x80001b98 (0x031f24b3) mulhsu  s1, t5, a7
core   0: 3 0x80001b98 (0x031f24b3) x 9 0x305ffffc
core   0: 0x80001b9c (0x01175213) srli    tp, a4, 17
core   0: 3 0x80001b9c (0x01175213) x 4 0x00004000
core   0: 0x80001ba0 (0x018d65b3) or      a1, s10, s8
core   0: 3 0x80001ba0 (0x018d65b3) x11 0xffffffe6
core   0: 0x80001ba4 (0x00b21e93) slli    t4, tp, 11
core   0: 3 0x80001ba4 (0x00b21e93) x29 0x02000000
core   0: 0x80001ba8 (0x01b01213) slli    tp, zero, 27
core   0: 3 0x80001ba8 (0x01b01213) x 4 0x00000000
core   0: 0x80001bac (0x02dee833) rem     a6, t4, a3
core   0: 3 0x80001bac (0x02dee833) x16 0x00000000
core   0: 0x80001bb0 (0x00000013) nop
core   0: 3 0x80001bb0 (0x00000013)
core   0: 0x80001bb4 (0x41c6df33) sra     t5, a3, t3
core   0: 3 0x80001bb4 (0x41c6df33) x30 0x00000001
core   0: 0x80001bb8 (0x01b11293) slli    t0, sp, 27
core   0: 3 0x80001bb8 (0x01b11293) x 5 0x00000000
core   0: 0x80001bbc (0x017a7ab3) and     s5, s4, s7
core   0: 3 0x80001bbc (0x017a7ab3) x21 0x00000000
core   0: 0x80001bc0 (0x3731ff93) andi    t6, gp, 883
core   0: 3 0x80001bc0 (0x3731ff93) x31 0x00000000
core   0: 0x80001bc4 (0x376e28b7) lui     a7, 0x376e2
core   0: 3 0x80001bc4 (0x376e28b7) x17 0x376e2000
core   0: 0x80001bc8 (0x039bf133) remu    sp, s7, s9
core   0: 3 0x80001bc8 (0x039bf133) x 2 0x30600000
core   0: 0x80001bcc (0xd7ab7313) andi    t1, s6, -646
core   0: 3 0x80001bcc (0xd7ab7313) x 6 0x00000000
core   0: 0x80001bd0 (0x40748d33) sub     s10, s1, t2
core   0: 3 0x80001bd0 (0x40748d33) x26 0x30661cae
core   0: 0x80001bd4 (0x01773533) sltu    a0, a4, s7
core   0: 3 0x80001bd4 (0x01773533) x10 0x00000000
core   0: 0x80001bd8 (0x0123da93) srli    s5, t2, 18
core   0: 3 0x80001bd8 (0x0123da93) x21 0x00003ffe
core   0: 0x80001bdc (0x62670213) addi    tp, a4, 1574
core   0: 3 0x80001bdc (0x62670213) x 4 0x8001548a
core   0: 0x80001be0 (0x40e85a93) srai    s5, a6, 14
core   0: 3 0x80001be0 (0x40e85a93) x21 0x00000000
core   0: 0x80001be4 (0x019b35b3) sltu    a1, s6, s9
core   0: 3 0x80001be4 (0x019b35b3) x11 0x00000001
core   0: 0x80001be8 (0x01285133) srl     sp, a6, s2
core   0: 3 0x80001be8 (0x01285133) x 2 0x00000000
core   0: 0x80001bec (0x024ab333) mulhu   t1, s5, tp
core   0: 3 0x80001bec (0x024ab333) x 6 0x00000000
core   0: 0x80001bf0 (0x0072cf33) xor     t5, t0, t2
core   0: 3 0x80001bf0 (0x0072cf33) x30 0xfff9e34e
core   0: 0x80001bf4 (0xf0dfbc13) sltiu   s8, t6, -243
core   0: 3 0x80001bf4 (0xf0dfbc13) x24 0x00000001
core   0: 0x80001bf8 (0x1bec7213) andi    tp, s8, 446
core   0: 3 0x80001bf8 (0x1bec7213) x 4 0x00000000
core   0: 0x80001bfc (0x40d48533) sub     a0, s1, a3
core   0: 3 0x80001bfc (0x40d48533) x10 0x305ffffb
core   0: 0x80001c00 (0x023ff233) remu    tp, t6, gp
core   0: 3 0x80001c00 (0x023ff233) x 4 0x00000000
core   0: 0x80001c04 (0xb8f03413) sltiu   s0, zero, -1137
core   0: 3 0x80001c04 (0xb8f03413) x 8 0x00000001
core   0: 0x80001c08 (0x0236dab3) divu    s5, a3, gp
core   0: 3 0x80001c08 (0x0236dab3) x21 0xffffffff
core   0: 0x80001c0c (0x407d0233) sub     tp, s10, t2
core   0: 3 0x80001c0c (0x407d0233) x 4 0x306c3960
core   0: 0x80001c10 (0x01505d93) srli    s11, zero, 21
core   0: 3 0x80001c10 (0x01505d93) x27 0x00000000
core   0: 0x80001c14 (0x02185c33) divu    s8, a6, ra
core   0: 3 0x80001c14 (0x02185c33) x24 0x00000000
core   0: 0x80001c18 (0x032ccdb3) div     s11, s9, s2
core   0: 3 0x80001c18 (0x032ccdb3) x27 0xffffffff
core   0: 0x80001c1c (0x01825593) srli    a1, tp, 24
core   0: 3 0x80001c1c (0x01825593) x11 0x00000030
core   0: 0x80001c20 (0x01ef6f33) or      t5, t5, t5
core   0: 3 0x80001c20 (0x01ef6f33) x30 0xfff9e34e
core   0: 0x80001c24 (0x41c80d33) sub     s10, a6, t3
core   0: 3 0x80001c24 (0x41c80d33) x26 0x80000000
core   0: 0x80001c28 (0x01dc3233) sltu    tp, s8, t4
core   0: 3 0x80001c28 (0x01dc3233) x 4 0x00000001
core   0: 0x80001c2c (0x016888b3) add     a7, a7, s6
core   0: 3 0x80001c2c (0x016888b3) x17 0x376e2001
core   0: 0x80001c30 (0x0137e3b3) or      t2, a5, s3
core   0: 3 0x80001c30 (0x0137e3b3) x 7 0xffffffff
core   0: 0x80001c34 (0x7a53a493) slti    s1, t2, 1957
core   0: 3 0x80001c34 (0x7a53a493) x 9 0x00000001
core   0: 0x80001c38 (0x00b69633) sll     a2, a3, a1
core   0: 3 0x80001c38 (0x00b69633) x12 0x00010000
core   0: 0x80001c3c (0x416355b3) sra     a1, t1, s6
core   0: 3 0x80001c3c (0x416355b3) x11 0x00000000
core   0: 0x80001c40 (0x018ea5b3) slt     a1, t4, s8
core   0: 3 0x80001c40 (0x018ea5b3) x11 0x00000000
core   0: 0x80001c44 (0x014fd593) srli    a1, t6, 20
core   0: 3 0x80001c44 (0x014fd593) x11 0x00000000
core   0: 0x80001c48 (0x006d5193) srli    gp, s10, 6
core   0: 3 0x80001c48 (0x006d5193) x 3 0x02000000
core   0: 0x80001c4c (0x033a9233) mulh    tp, s5, s3
core   0: 3 0x80001c4c (0x033a9233) x 4 0xffffffff
core   0: 0x80001c50 (0x026bc4b3) div     s1, s7, t1
core   0: 3 0x80001c50 (0x026bc4b3) x 9 0xffffffff
core   0: 0x80001c54 (0x4004df13) srai    t5, s1, 0
core   0: 3 0x80001c54 (0x4004df13) x30 0xffffffff
core   0: 0x80001c58 (0x03e06db3) rem     s11, zero, t5
core   0: 3 0x80001c58 (0x03e06db3) x27 0x00000000
core   0: 0x80001c5c (0xe17a3a93) sltiu   s5, s4, -489
core   0: 3 0x80001c5c (0xe17a3a93) x21 0x00000001
core   0: 0x80001c60 (0x8d578293) addi    t0, a5, -1835
core   0: 3 0x80001c60 (0x8d578293) x 5 0xfffff8d4
core   0: 0x80001c64 (0x408c0f33) sub     t5, s8, s0
core   0: 3 0x80001c64 (0x408c0f33) x30 0xffffffff
core   0: 0x80001c68 (0x4108db33) sra     s6, a7, a6
core   0: 3 0x80001c68 (0x4108db33) x22 0x376e2001
core   0: 0x80001c6c (0x017d4833) xor     a6, s10, s7
core   0: 3 0x80001c6c (0x017d4833) x16 0xb0600000
core   0: 0x80001c70 (0x4091d6b3) sra     a3, gp, s1
core   0: 3 0x80001c70 (0x4091d6b3) x13 0x00000000
core   0: 0x80001c74 (0x9091fe93) andi    t4, gp, -1783
core   0: 3 0x80001c74 (0x9091fe93) x29 0x02000000
core   0: 0x80001c78 (0xbeb00d93) li      s11, -1045
core   0: 3 0x80001c78 (0xbeb00d93) x27 0xfffffbeb
core   0: 0x80001c7c (0x034805b3) mul     a1, a6, s4
core   0: 3 0x80001c7c (0x034805b3) x11 0x00000000
core   0: 0x80001c80 (0x013262b3) or      t0, tp, s3
core   0: 3 0x80001c80 (0x013262b3) x 5 0xffffffff
core   0: 0x80001c84 (0x02d7aab3) mulhsu  s5, a5, a3
core   0: 3 0x80001c84 (0x02d7aab3) x21 0x00000000
core   0: 0x80001c88 (0x00068fb3) add     t6, a3, zero
core   0: 3 0x80001c88 (0x00068fb3) x31 0x00000000
core   0: 0x80001c8c (0x02c51533) mulh    a0, a0, a2
core   0: 3 0x80001c8c (0x02c51533) x10 0x0000305f
core   0: 0x80001c90 (0x50463f93) sltiu   t6, a2, 1284
core   0: 3 0x80001c90 (0x50463f93) x31 0x00000000
core   0: 0x80001c94 (0x53fbb193) sltiu   gp, s7, 1343
core   0: 3 0x80001c94 (0x53fbb193) x 3 0x00000000
core   0: 0x80001c98 (0x01ded533) srl     a0, t4, t4
core   0: 3 0x80001c98 (0x01ded533) x10 0x02000000
core   0: 0x80001c9c (0x030c8ab3) mul     s5, s9, a6
core   0: 3 0x80001c9c (0x030c8ab3) x21 0x95800000
core   0: 0x80001ca0 (0x039ae533) rem     a0, s5, s9
core   0: 3 0x80001ca0 (0x039ae533) x10 0x95800000
core   0: 0x80001ca4 (0x00cb62b3) or      t0, s6, a2
core   0: 3 0x80001ca4 (0x00cb62b3) x 5 0x376f2001
core   0: 0x80001ca8 (0x41260eb3) sub     t4, a2, s2
core   0: 3 0x80001ca8 (0x41260eb3) x29 0xa7ba6b4e
core   0: 0x80001cac (0x02f9eab3) rem     s5, s3, a5
core   0: 3 0x80001cac (0x02f9eab3) x21 0x00000000
core   0: 0x80001cb0 (0x013395b3) sll     a1, t2, s3
core   0: 3 0x80001cb0 (0x013395b3) x11 0xffffff00
core   0: 0x80001cb4 (0x99812693) slti    a3, sp, -1640
core   0: 3 0x80001cb4 (0x99812693) x13 0x00000000
core   0: 0x80001cb8 (0x03bd6eb3) rem     t4, s10, s11
core   0: 3 0x80001cb8 (0x03bd6eb3) x29 0xfffffee0
core   0: 0x80001cbc (0x032069b3) rem     s3, zero, s2
core   0: 3 0x80001cbc (0x032069b3) x19 0x00000000
core   0: 0x80001cc0 (0x01eab933) sltu    s2, s5, t5
core   0: 3 0x80001cc0 (0x01eab933) x18 0x00000001
core   0: 0x80001cc4 (0x01827bb3) and     s7, tp, s8
core   0: 3 0x80001cc4 (0x01827bb3) x23 0x00000000
core   0: 0x80001cc8 (0x03216f33) rem     t5, sp, s2
core   0: 3 0x80001cc8 (0x03216f33) x30 0x00000000
core   0: 0x80001ccc (0x031ab0b3) mulhu   ra, s5, a7
core   0: 3 0x80001ccc (0x031ab0b3) x 1 0x00000000
core   0: 0x80001cd0 (0x219ac093) xori    ra, s5, 537
core   0: 3 0x80001cd0 (0x219ac093) x 1 0x00000219
core   0: 0x80001cd4 (0x01ad5c13) srli    s8, s10, 26
core   0: 3 0x80001cd4 (0x01ad5c13) x24 0x00000020
core   0: 0x80001cd8 (0x00f53633) sltu    a2, a0, a5
core   0: 3 0x80001cd8 (0x00f53633) x12 0x00000001
core   0: 0x80001cdc (0x00ec5a93) srli    s5, s8, 14
core   0: 3 0x80001cdc (0x00ec5a93) x21 0x00000000
core   0: 0x80001ce0 (0x009453b3) srl     t2, s0, s1
core   0: 3 0x80001ce0 (0x009453b3) x 7 0x00000000
core   0: 0x80001ce4 (0x034c0a33) mul     s4, s8, s4
core   0: 3 0x80001ce4 (0x034c0a33) x20 0x00000000
core   0: 0x80001ce8 (0x02f3a033) mulhsu  zero, t2, a5
core   0: 3 0x80001ce8 (0x02f3a033)
core   0: 0x80001cec (0x90fc19b7) lui     s3, 0x90fc1
core   0: 3 0x80001cec (0x90fc19b7) x19 0x90fc1000
core   0: 0x80001cf0 (0x020a8693) addi    a3, s5, 32
core   0: 3 0x80001cf0 (0x020a8693) x13 0x00000020
core   0: 0x80001cf4 (0xdb41f513) andi    a0, gp, -588
core   0: 3 0x80001cf4 (0xdb41f513) x10 0x00000000
core   0: 0x80001cf8 (0x007412b3) sll     t0, s0, t2
core   0: 3 0x80001cf8 (0x007412b3) x 5 0x00000001
core   0: 0x80001cfc (0x02a46033) rem     zero, s0, a0
core   0: 3 0x80001cfc (0x02a46033)
core   0: 0x80001d00 (0x008ae533) or      a0, s5, s0
core   0: 3 0x80001d00 (0x008ae533) x10 0x00000001
core   0: 0x80001d04 (0x75d3ef93) ori     t6, t2, 1885
core   0: 3 0x80001d04 (0x75d3ef93) x31 0x0000075d
core   0: 0x80001d08 (0x40225213) srai    tp, tp, 2
core   0: 3 0x80001d08 (0x40225213) x 4 0xffffffff
core   0: 0x80001d0c (0x032d22b3) mulhsu  t0, s10, s2
core   0: 3 0x80001d0c (0x032d22b3) x 5 0xffffffff
core   0: 0x80001d10 (0x22e63593) sltiu   a1, a2, 558
core   0: 3 0x80001d10 (0x22e63593) x11 0x00000001
core   0: 0x80001d14 (0x0132bfb3) sltu    t6, t0, s3
core   0: 3 0x80001d14 (0x0132bfb3) x31 0x00000000
core   0: 0x80001d18 (0x00000013) nop
core   0: 3 0x80001d18 (0x00000013)
core   0: 0x80001d1c (0x006b5693) srli    a3, s6, 6
core   0: 3 0x80001d1c (0x006b5693) x13 0x00ddb880
core   0: 0x80001d20 (0xef6a5617) auipc   a2, 0xef6a5
core   0: 3 0x80001d20 (0xef6a5617) x12 0x6f6a6d20
core   0: 0x80001d24 (0x0119dc13) srli    s8, s3, 17
core   0: 3 0x80001d24 (0x0119dc13) x24 0x0000487e
core   0: 0x80001d28 (0x0243bdb3) mulhu   s11, t2, tp
core   0: 3 0x80001d28 (0x0243bdb3) x27 0x00000000
core   0: 0x80001d2c (0x0318a633) mulhsu  a2, a7, a7
core   0: 3 0x80001d2c (0x0318a633) x12 0x0c00811f
core   0: 0x80001d30 (0x01e14333) xor     t1, sp, t5
core   0: 3 0x80001d30 (0x01e14333) x 6 0x00000000
core   0: 0x80001d34 (0x00101a33) sll     s4, zero, ra
core   0: 3 0x80001d34 (0x00101a33) x20 0x00000000
core   0: 0x80001d38 (0x008228b3) slt     a7, tp, s0
core   0: 3 0x80001d38 (0x008228b3) x17 0x00000001
core   0: 0x80001d3c (0x022018b3) mulh    a7, zero, sp
core   0: 3 0x80001d3c (0x022018b3) x17 0x00000000
core   0: 0x80001d40 (0xfb3c8e93) addi    t4, s9, -77
core   0: 3 0x80001d40 (0xfb3c8e93) x29 0x80018c97
core   0: 0x80001d44 (0x01cbb133) sltu    sp, s7, t3
core   0: 3 0x80001d44 (0x01cbb133) x 2 0x00000001
core   0: 0x80001d48 (0x01872db3) slt     s11, a4, s8
core   0: 3 0x80001d48 (0x01872db3) x27 0x00000001
core   0: 0x80001d4c (0x023a64b3) rem     s1, s4, gp
core   0: 3 0x80001d4c (0x023a64b3) x 9 0x00000000
core   0: 0x80001d50 (0x00bad5b3) srl     a1, s5, a1
core   0: 3 0x80001d50 (0x00bad5b3) x11 0x00000000
core   0: 0x80001d54 (0x00000013) nop
core   0: 3 0x80001d54 (0x00000013)
core   0: 0x80001d58 (0x62247a93) andi    s5, s0, 1570
core   0: 3 0x80001d58 (0x62247a93) x21 0x00000000
core   0: 0x80001d5c (0x00725033) srl     zero, tp, t2
core   0: 3 0x80001d5c (0x00725033)
core   0: 0x80001d60 (0x020c4233) div     tp, s8, zero
core   0: 3 0x80001d60 (0x020c4233) x 4 0xffffffff
core   0: 0x80001d64 (0x00d23033) sltu    zero, tp, a3
core   0: 3 0x80001d64 (0x00d23033)
core   0: 0x80001d68 (0x016e1393) slli    t2, t3, 22
core   0: 3 0x80001d68 (0x016e1393) x 7 0x00000000
core   0: 0x80001d6c (0x01bc4833) xor     a6, s8, s11
core   0: 3 0x80001d6c (0x01bc4833) x16 0x0000487f
core   0: 0x80001d70 (0x03f71eb3) mulh    t4, a4, t6
core   0: 3 0x80001d70 (0x03f71eb3) x29 0x00000000
core   0: 0x80001d74 (0x030735b3) mulhu   a1, a4, a6
core   0: 3 0x80001d74 (0x030735b3) x11 0x0000243f
core   0: 0x80001d78 (0xadc06097) auipc   ra, 0xadc06
core   0: 3 0x80001d78 (0xadc06097) x 1 0x2dc07d78
core   0: 0x80001d7c (0x013ada93) srli    s5, s5, 19
core   0: 3 0x80001d7c (0x013ada93) x21 0x00000000
core   0: 0x80001d80 (0x00e21b33) sll     s6, tp, a4
core   0: 3 0x80001d80 (0x00e21b33) x22 0xfffffff0
core   0: 0x80001d84 (0xc1a0d2b7) lui     t0, 0xc1a0d
core   0: 3 0x80001d84 (0xc1a0d2b7) x 5 0xc1a0d000
core   0: 0x80001d88 (0x00000013) nop
core   0: 3 0x80001d88 (0x00000013)
core   0: 0x80001d8c (0x03ac1f33) mulh    t5, s8, s10
core   0: 3 0x80001d8c (0x03ac1f33) x30 0xffffdbc1
core   0: 0x80001d90 (0x025f6633) rem     a2, t5, t0
core   0: 3 0x80001d90 (0x025f6633) x12 0xffffdbc1
core   0: 0x80001d94 (0x013c57b3) srl     a5, s8, s3
core   0: 3 0x80001d94 (0x013c57b3) x15 0x0000487e
core   0: 0x80001d98 (0x007ca433) slt     s0, s9, t2
core   0: 3 0x80001d98 (0x007ca433) x 8 0x00000001
core   0: 0x80001d9c (0x00000013) nop
core   0: 3 0x80001d9c (0x00000013)
core   0: 0x80001da0 (0x00e3ac33) slt     s8, t2, a4
core   0: 3 0x80001da0 (0x00e3ac33) x24 0x00000000
core   0: 0x80001da4 (0x419a8f33) sub     t5, s5, s9
core   0: 3 0x80001da4 (0x419a8f33) x30 0x7ffe731c
core   0: 0x80001da8 (0x027be3b3) rem     t2, s7, t2
core   0: 3 0x80001da8 (0x027be3b3) x 7 0x00000000
core   0: 0x80001dac (0x039ad7b3) divu    a5, s5, s9
core   0: 3 0x80001dac (0x039ad7b3) x15 0x00000000
core   0: 0x80001db0 (0x8f11cb93) xori    s7, gp, -1807
core   0: 3 0x80001db0 (0x8f11cb93) x23 0xfffff8f1
core   0: 0x80001db4 (0x40760133) sub     sp, a2, t2
core   0: 3 0x80001db4 (0x40760133) x 2 0xffffdbc1
core   0: 0x80001db8 (0x03b39133) mulh    sp, t2, s11
core   0: 3 0x80001db8 (0x03b39133) x 2 0x00000000
core   0: 0x80001dbc (0x0056de93) srli    t4, a3, 5
core   0: 3 0x80001dbc (0x0056de93) x29 0x0006edc4
core   0: 0x80001dc0 (0x003df233) and     tp, s11, gp
core   0: 3 0x80001dc0 (0x003df233) x 4 0x00000000
core   0: 0x80001dc4 (0x016327b3) slt     a5, t1, s6
core   0: 3 0x80001dc4 (0x016327b3) x15 0x00000000
core   0: 0x80001dc8 (0x0f97be93) sltiu   t4, a5, 249
core   0: 3 0x80001dc8 (0x0f97be93) x29 0x00000001
core   0: 0x80001dcc (0x0325d233) divu    tp, a1, s2
core   0: 3 0x80001dcc (0x0325d233) x 4 0x0000243f
core   0: 0x80001dd0 (0x570f47b7) lui     a5, 0x570f4
core   0: 3 0x80001dd0 (0x570f47b7) x15 0x570f4000
core   0: 0x80001dd4 (0x5fc6a993) slti    s3, a3, 1532
core   0: 3 0x80001dd4 (0x5fc6a993) x19 0x00000000
core   0: 0x80001dd8 (0x01cad933) srl     s2, s5, t3
core   0: 3 0x80001dd8 (0x01cad933) x18 0x00000000
core   0: 0x80001ddc (0x008b5513) srli    a0, s6, 8
core   0: 3 0x80001ddc (0x008b5513) x10 0x00ffffff
core   0: 0x80001de0 (0x033251b3) divu    gp, tp, s3
core   0: 3 0x80001de0 (0x033251b3) x 3 0xffffffff
core   0: 0x80001de4 (0x011905b3) add     a1, s2, a7
core   0: 3 0x80001de4 (0x011905b3) x11 0x00000000
core   0: 0x80001de8 (0x03e968b3) rem     a7, s2, t5
core   0: 3 0x80001de8 (0x03e968b3) x17 0x00000000
core   0: 0x80001dec (0x00090933) add     s2, s2, zero
core   0: 3 0x80001dec (0x00090933) x18 0x00000000
core   0: 0x80001df0 (0x026bd7b3) divu    a5, s7, t1
core   0: 3 0x80001df0 (0x026bd7b3) x15 0xffffffff
core   0: 0x80001df4 (0x03b9a2b3) mulhsu  t0, s3, s11
core   0: 3 0x80001df4 (0x03b9a2b3) x 5 0x00000000
core   0: 0x80001df8 (0xc5f83a93) sltiu   s5, a6, -929
core   0: 3 0x80001df8 (0xc5f83a93) x21 0x00000001
core   0: 0x80001dfc (0xcee5e813) ori     a6, a1, -786
core   0: 3 0x80001dfc (0xcee5e813) x16 0xfffffcee
core   0: 0x80001e00 (0xbd6e2893) slti    a7, t3, -1066
core   0: 3 0x80001e00 (0xbd6e2893) x17 0x00000001
core   0: 0x80001e04 (0x01f0fbb3) and     s7, ra, t6
core   0: 3 0x80001e04 (0x01f0fbb3) x23 0x00000000
core   0: 0x80001e08 (0x0013de93) srli    t4, t2, 1
core   0: 3 0x80001e08 (0x0013de93) x29 0x00000000
core   0: 0x80001e0c (0x0220d2b3) divu    t0, ra, sp
core   0: 3 0x80001e0c (0x0220d2b3) x 5 0xffffffff
core   0: 0x80001e10 (0x033d52b3) divu    t0, s10, s3
core   0: 3 0x80001e10 (0x033d52b3) x 5 0xffffffff
core   0: 0x80001e14 (0x00275db3) srl     s11, a4, sp
core   0: 3 0x80001e14 (0x00275db3) x27 0x80014e64
core   0: 0x80001e18 (0x00bb1633) sll     a2, s6, a1
core   0: 3 0x80001e18 (0x00bb1633) x12 0xfffffff0
core   0: 0x80001e1c (0x1f190613) addi    a2, s2, 497
core   0: 3 0x80001e1c (0x1f190613) x12 0x000001f1
core   0: 0x80001e20 (0x41595013) srai    zero, s2, 21
core   0: 3 0x80001e20 (0x41595013)
core   0: 0x80001e24 (0x02b9b8b3) mulhu   a7, s3, a1
core   0: 3 0x80001e24 (0x02b9b8b3) x17 0x00000000
core   0: 0x80001e28 (0x02cec6b3) div     a3, t4, a2
core   0: 3 0x80001e28 (0x02cec6b3) x13 0x00000000
core   0: 0x80001e2c (0xa3f10413) addi    s0, sp, -1473
core   0: 3 0x80001e2c (0xa3f10413) x 8 0xfffffa3f
core   0: 0x80001e30 (0x01125393) srli    t2, tp, 17
core   0: 3 0x80001e30 (0x01125393) x 7 0x00000000
core   0: 0x80001e34 (0x1d021517) auipc   a0, 0x1d021
core   0: 3 0x80001e34 (0x1d021517) x10 0x9d022e34
core   0: 0x80001e38 (0x039e3a33) mulhu   s4, t3, s9
core   0: 3 0x80001e38 (0x039e3a33) x20 0x4000c672
core   0: 0x80001e3c (0x6bb4cd13) xori    s10, s1, 1723
core   0: 3 0x80001e3c (0x6bb4cd13) x26 0x000006bb
core   0: 0x80001e40 (0x03e223b3) mulhsu  t2, tp, t5
core   0: 3 0x80001e40 (0x03e223b3) x 7 0x0000121f
core   0: 0x80001e44 (0x64550d93) addi    s11, a0, 1605
core   0: 3 0x80001e44 (0x64550d93) x27 0x9d023479
core   0: 0x80001e48 (0x58b47e93) andi    t4, s0, 1419
core   0: 3 0x80001e48 (0x58b47e93) x29 0x0000000b
core   0: 0x80001e4c (0x02807533) remu    a0, zero, s0
core   0: 3 0x80001e4c (0x02807533) x10 0x00000000
core   0: 0x80001e50 (0x009956b3) srl     a3, s2, s1
core   0: 3 0x80001e50 (0x009956b3) x13 0x00000000
core   0: 0x80001e54 (0x438ae413) ori     s0, s5, 1080
core   0: 3 0x80001e54 (0x438ae413) x 8 0x00000439
core   0: 0x80001e58 (0x4a1bb693) sltiu   a3, s7, 1185
core   0: 3 0x80001e58 (0x4a1bb693) x13 0x00000001
core   0: 0x80001e5c (0x01141d33) sll     s10, s0, a7
core   0: 3 0x80001e5c (0x01141d33) x26 0x00000439
core   0: 0x80001e60 (0x034084b3) mul     s1, ra, s4
core   0: 3 0x80001e60 (0x034084b3) x 9 0x40c2af70
core   0: 0x80001e64 (0x014d8433) add     s0, s11, s4
core   0: 3 0x80001e64 (0x014d8433) x 8 0xdd02faeb
core   0: 0x80001e68 (0x00f163b3) or      t2, sp, a5
core   0: 3 0x80001e68 (0x00f163b3) x 7 0xffffffff
core   0: 0x80001e6c (0x010b02b3) add     t0, s6, a6
core   0: 3 0x80001e6c (0x010b02b3) x 5 0xfffffcde
core   0: 0x80001e70 (0x792ba393) slti    t2, s7, 1938
core   0: 3 0x80001e70 (0x792ba393) x 7 0x00000001
core   0: 0x80001e74 (0x00fa9f93) slli    t6, s5, 15
core   0: 3 0x80001e74 (0x00fa9f93) x31 0x00008000
core   0: 0x80001e78 (0x12539b17) auipc   s6, 0x12539
core   0: 3 0x80001e78 (0x12539b17) x22 0x9253ae78
core   0: 0x80001e7c (0xa2997d93) andi    s11, s2, -1495
core   0: 3 0x80001e7c (0xa2997d93) x27 0x00000000
core   0: 0x80001e80 (0x016d25b3) slt     a1, s10, s6
core   0: 3 0x80001e80 (0x016d25b3) x11 0x00000000
core   0: 0x80001e84 (0x024d8d33) mul     s10, s11, tp
core   0: 3 0x80001e84 (0x024d8d33) x26 0x00000000
core   0: 0x80001e88 (0x012dd133) srl     sp, s11, s2
core   0: 3 0x80001e88 (0x012dd133) x 2 0x00000000
core   0: 0x80001e8c (0x037e9fb3) mulh    t6, t4, s7
core   0: 3 0x80001e8c (0x037e9fb3) x31 0x00000000
core   0: 0x80001e90 (0x415fd5b3) sra     a1, t6, s5
core   0: 3 0x80001e90 (0x415fd5b3) x11 0x00000000
core   0: 0x80001e94 (0x01a65c13) srli    s8, a2, 26
core   0: 3 0x80001e94 (0x01a65c13) x24 0x00000000
core   0: 0x80001e98 (0x0253d933) divu    s2, t2, t0
core   0: 3 0x80001e98 (0x0253d933) x18 0x00000000
core   0: 0x80001e9c (0x40595413) srai    s0, s2, 5
core   0: 3 0x80001e9c (0x40595413) x 8 0x00000000
core   0: 0x80001ea0 (0x27b23837) lui     a6, 0x27b23
core   0: 3 0x80001ea0 (0x27b23837) x16 0x27b23000
core   0: 0x80001ea4 (0x41a45b93) srai    s7, s0, 26
core   0: 3 0x80001ea4 (0x41a45b93) x23 0x00000000
core   0: 0x80001ea8 (0x40a3de93) srai    t4, t2, 10
core   0: 3 0x80001ea8 (0x40a3de93) x29 0x00000000
core   0: 0x80001eac (0x6cc8c313) xori    t1, a7, 1740
core   0: 3 0x80001eac (0x6cc8c313) x 6 0x000006cc
core   0: 0x80001eb0 (0x41a2e093) ori     ra, t0, 1050
core   0: 3 0x80001eb0 (0x41a2e093) x 1 0xfffffcde
core   0: 0x80001eb4 (0x006307b3) add     a5, t1, t1
core   0: 3 0x80001eb4 (0x006307b3) x15 0x00000d98
core   0: 0x80001eb8 (0xd96c4a93) xori    s5, s8, -618
core   0: 3 0x80001eb8 (0xd96c4a93) x21 0xfffffd96
core   0: 0x80001ebc (0x7c574393) xori    t2, a4, 1989
core   0: 3 0x80001ebc (0x7c574393) x 7 0x800149a1
core   0: 0x80001ec0 (0x026e66b3) rem     a3, t3, t1
core   0: 3 0x80001ec0 (0x026e66b3) x13 0xfffffff8
core   0: 0x80001ec4 (0xb5224a13) xori    s4, tp, -1198
core   0: 3 0x80001ec4 (0xb5224a13) x20 0xffffdf6d
core   0: 0x80001ec8 (0x00822233) slt     tp, tp, s0
core   0: 3 0x80001ec8 (0x00822233) x 4 0x00000000
core   0: 0x80001ecc (0x00a794b3) sll     s1, a5, a0
core   0: 3 0x80001ecc (0x00a794b3) x 9 0x00000d98
core   0: 0x80001ed0 (0x014e1513) slli    a0, t3, 20
core   0: 3 0x80001ed0 (0x014e1513) x10 0x00000000
core   0: 0x80001ed4 (0x035612b3) mulh    t0, a2, s5
core   0: 3 0x80001ed4 (0x035612b3) x 5 0xffffffff
core   0: 0x80001ed8 (0x00000013) nop
core   0: 3 0x80001ed8 (0x00000013)
core   0: 0x80001edc (0xa328e237) lui     tp, 0xa328e
core   0: 3 0x80001edc (0xa328e237) x 4 0xa328e000
core   0: 0x80001ee0 (0x02d2b333) mulhu   t1, t0, a3
core   0: 3 0x80001ee0 (0x02d2b333) x 6 0xfffffff7
core   0: 0x80001ee4 (0x03514d33) div     s10, sp, s5
core   0: 3 0x80001ee4 (0x03514d33) x26 0x00000000
core   0: 0x80001ee8 (0x00419493) slli    s1, gp, 4
core   0: 3 0x80001ee8 (0x00419493) x 9 0xfffffff0
core   0: 0x80001eec (0x00c93c33) sltu    s8, s2, a2
core   0: 3 0x80001eec (0x00c93c33) x24 0x00000001
core   0: 0x80001ef0 (0x01d21233) sll     tp, tp, t4
core   0: 3 0x80001ef0 (0x01d21233) x 4 0xa328e000
core   0: 0x80001ef4 (0xf0660817) auipc   a6, 0xf0660
core   0: 3 0x80001ef4 (0xf0660817) x16 0x70661ef4
core   0: 0x80001ef8 (0x03114533) div     a0, sp, a7
core   0: 3 0x80001ef8 (0x03114533) x10 0xffffffff
core   0: 0x80001efc (0x00411d33) sll     s10, sp, tp
core   0: 3 0x80001efc (0x00411d33) x26 0x00000000
core   0: 0x80001f00 (0x01cb7db3) and     s11, s6, t3
core   0: 3 0x80001f00 (0x01cb7db3) x27 0x80000000
core   0: 0x80001f04 (0x0065a333) slt     t1, a1, t1
core   0: 3 0x80001f04 (0x0065a333) x 6 0x00000000
core   0: 0x80001f08 (0x40c8d193) srai    gp, a7, 12
core   0: 3 0x80001f08 (0x40c8d193) x 3 0x00000000
core   0: 0x80001f0c (0x009b44b3) xor     s1, s6, s1
core   0: 3 0x80001f0c (0x009b44b3) x 9 0x6dac5188
core   0: 0x80001f10 (0x0194e833) or      a6, s1, s9
core   0: 3 0x80001f10 (0x0194e833) x16 0xedadddec
core   0: 0x80001f14 (0x00000013) nop
core   0: 3 0x80001f14 (0x00000013)
core   0: 0x80001f18 (0xbcbae093) ori     ra, s5, -1077
core   0: 3 0x80001f18 (0xbcbae093) x 1 0xffffffdf
core   0: 0x80001f1c (0x03897d33) remu    s10, s2, s8
core   0: 3 0x80001f1c (0x03897d33) x26 0x00000000
core   0: 0x80001f20 (0x4128de93) srai    t4, a7, 18
core   0: 3 0x80001f20 (0x4128de93) x29 0x00000000
core   0: 0x80001f24 (0x003113b3) sll     t2, sp, gp
core   0: 3 0x80001f24 (0x003113b3) x 7 0x00000000
core   0: 0x80001f28 (0xf059e693) ori     a3, s3, -251
core   0: 3 0x80001f28 (0xf059e693) x13 0xffffff05
core   0: 0x80001f2c (0xdd7be913) ori     s2, s7, -553
core   0: 3 0x80001f2c (0xdd7be913) x18 0xfffffdd7
core   0: 0x80001f30 (0x0c60ef13) ori     t5, ra, 198
core   0: 3 0x80001f30 (0x0c60ef13) x30 0xffffffdf
core   0: 0x80001f34 (0x7a27a593) slti    a1, a5, 1954
core   0: 3 0x80001f34 (0x7a27a593) x11 0x00000000
core   0: 0x80001f38 (0x02c58c33) mul     s8, a1, a2
core   0: 3 0x80001f38 (0x02c58c33) x24 0x00000000
core   0: 0x80001f3c (0x008101b3) add     gp, sp, s0
core   0: 3 0x80001f3c (0x008101b3) x 3 0x00000000
core   0: 0x80001f40 (0x92bd0313) addi    t1, s10, -1749
core   0: 3 0x80001f40 (0x92bd0313) x 6 0xfffff92b
core   0: 0x80001f44 (0x01eabc33) sltu    s8, s5, t5
core   0: 3 0x80001f44 (0x01eabc33) x24 0x00000001
core   0: 0x80001f48 (0x251d4197) auipc   gp, 0x251d4
core   0: 3 0x80001f48 (0x251d4197) x 3 0xa51d5f48
core   0: 0x80001f4c (0x03dd6bb3) rem     s7, s10, t4
core   0: 3 0x80001f4c (0x03dd6bb3) x23 0x00000000
core   0: 0x80001f50 (0x01eaa2b3) slt     t0, s5, t5
core   0: 3 0x80001f50 (0x01eaa2b3) x 5 0x00000001
core   0: 0x80001f54 (0xc0e6b993) sltiu   s3, a3, -1010
core   0: 3 0x80001f54 (0xc0e6b993) x19 0x00000000
core   0: 0x80001f58 (0x00000013) nop
core   0: 3 0x80001f58 (0x00000013)
core   0: 0x80001f5c (0x5d0fc413) xori    s0, t6, 1488
core   0: 3 0x80001f5c (0x5d0fc413) x 8 0x000005d0
core   0: 0x80001f60 (0x00000013) nop
core   0: 3 0x80001f60 (0x00000013)
core   0: 0x80001f64 (0x0101df33) srl     t5, gp, a6
core   0: 3 0x80001f64 (0x0101df33) x30 0x000a51d5
core   0: 0x80001f68 (0x00000013) nop
core   0: 3 0x80001f68 (0x00000013)
core   0: 0x80001f6c (0x00390b33) add     s6, s2, gp
core   0: 3 0x80001f6c (0x00390b33) x22 0xa51d5d1f
core   0: 0x80001f70 (0x01008c33) add     s8, ra, a6
core   0: 3 0x80001f70 (0x01008c33) x24 0xedadddcb
core   0: 0x80001f74 (0xfc8d8193) addi    gp, s11, -56
core   0: 3 0x80001f74 (0xfc8d8193) x 3 0x7fffffc8
core   0: 0x80001f78 (0x003d1433) sll     s0, s10, gp
core   0: 3 0x80001f78 (0x003d1433) x 8 0x00000000
core   0: 0x80001f7c (0x1dbf3593) sltiu   a1, t5, 475
core   0: 3 0x80001f7c (0x1dbf3593) x11 0x00000000
core   0: 0x80001f80 (0xb90f6b93) ori     s7, t5, -1136
core   0: 3 0x80001f80 (0xb90f6b93) x23 0xfffffbd5
core   0: 0x80001f84 (0x039b4433) div     s0, s6, s9
core   0: 3 0x80001f84 (0x039b4433) x 8 0x00000000
core   0: 0x80001f88 (0x0353b6b3) mulhu   a3, t2, s5
core   0: 3 0x80001f88 (0x0353b6b3) x13 0x00000000
core   0: 0x80001f8c (0x030db033) mulhu   zero, s11, a6
core   0: 3 0x80001f8c (0x030db033)
core   0: 0x80001f90 (0xb55a7193) andi    gp, s4, -1195
core   0: 3 0x80001f90 (0xb55a7193) x 3 0xffffdb45
core   0: 0x80001f94 (0xb2d0b813) sltiu   a6, ra, -1235
core   0: 3 0x80001f94 (0xb2d0b813) x16 0x00000000
core   0: 0x80001f98 (0x40dc83b3) sub     t2, s9, a3
core   0: 3 0x80001f98 (0x40dc83b3) x 7 0x80018ce4
core   0: 0x80001f9c (0x403a0933) sub     s2, s4, gp
core   0: 3 0x80001f9c (0x403a0933) x18 0x00000428
core   0: 0x80001fa0 (0x02a361b3) rem     gp, t1, a0
core   0: 3 0x80001fa0 (0x02a361b3) x 3 0x00000000
core   0: 0x80001fa4 (0x39e38393) addi    t2, t2, 926
core   0: 3 0x80001fa4 (0x39e38393) x 7 0x80019082
core   0: 0x80001fa8 (0x0016cf33) xor     t5, a3, ra
core   0: 3 0x80001fa8 (0x0016cf33) x30 0xffffffdf
core   0: 0x80001fac (0xc952b513) sltiu   a0, t0, -875
core   0: 3 0x80001fac (0xc952b513) x10 0x00000001
core   0: 0x80001fb0 (0x6c686b93) ori     s7, a6, 1734
core   0: 3 0x80001fb0 (0x6c686b93) x23 0x000006c6
core   0: 0x80001fb4 (0x41f9df33) sra     t5, s3, t6
core   0: 3 0x80001fb4 (0x41f9df33) x30 0x00000000
core   0: 0x80001fb8 (0x00778833) add     a6, a5, t2
core   0: 3 0x80001fb8 (0x00778833) x16 0x80019e1a
core   0: 0x80001fbc (0x0153f433) and     s0, t2, s5
core   0: 3 0x80001fbc (0x0153f433) x 8 0x80019082
core   0: 0x80001fc0 (0x6fb30193) addi    gp, t1, 1787
core   0: 3 0x80001fc0 (0x6fb30193) x 3 0x00000026
core   0: 0x80001fc4 (0x00945c13) srli    s8, s0, 9
core   0: 3 0x80001fc4 (0x00945c13) x24 0x004000c8
core   0: 0x80001fc8 (0x003fcfb3) xor     t6, t6, gp
core   0: 3 0x80001fc8 (0x003fcfb3) x31 0x00000026
core   0: 0x80001fcc (0x00ea39b3) sltu    s3, s4, a4
core   0: 3 0x80001fcc (0x00ea39b3) x19 0x00000000
core   0: 0x80001fd0 (0x0b332d93) slti    s11, t1, 179
core   0: 3 0x80001fd0 (0x0b332d93) x27 0x00000001
core   0: 0x80001fd4 (0x03d901b3) mul     gp, s2, t4
core   0: 3 0x80001fd4 (0x03d901b3) x 3 0x00000000
core   0: 0x80001fd8 (0x7f890c13) addi    s8, s2, 2040
core   0: 3 0x80001fd8 (0x7f890c13) x24 0x00000c20
core   0: 0x80001fdc (0x400e8533) sub     a0, t4, zero
core   0: 3 0x80001fdc (0x400e8533) x10 0x00000000
core   0: 0x80001fe0 (0x0009cdb3) xor     s11, s3, zero
core   0: 3 0x80001fe0 (0x0009cdb3) x27 0x00000000
core   0: 0x80001fe4 (0x005be4b3) or      s1, s7, t0
core   0: 3 0x80001fe4 (0x005be4b3) x 9 0x000006c7
core   0: 0x80001fe8 (0xef1fb113) sltiu   sp, t6, -271
core   0: 3 0x80001fe8 (0xef1fb113) x 2 0x00000001
core   0: 0x80001fec (0x40f3d293) srai    t0, t2, 15
core   0: 3 0x80001fec (0x40f3d293) x 5 0xffff0003
core   0: 0x80001ff0 (0x01e5d113) srli    sp, a1, 30
core   0: 3 0x80001ff0 (0x01e5d113) x 2 0x00000000
core   0: 0x80001ff4 (0x009e1f13) slli    t5, t3, 9
core   0: 3 0x80001ff4 (0x009e1f13) x30 0x00000000
core   0: 0x80001ff8 (0x86293937) lui     s2, 0x86293
core   0: 3 0x80001ff8 (0x86293937) x18 0x86293000
core   0: 0x80001ffc (0x409ad513) srai    a0, s5, 9
core   0: 3 0x80001ffc (0x409ad513) x10 0xfffffffe
core   0: 0x80002000 (0x035785b3) mul     a1, a5, s5
core   0: 3 0x80002000 (0x035785b3) x11 0xffdf2f10
core   0: 0x80002004 (0x025c18b3) mulh    a7, s8, t0
core   0: 3 0x80002004 (0x025c18b3) x17 0xffffffff
core   0: 0x80002008 (0x02cba233) mulhsu  tp, s7, a2
core   0: 3 0x80002008 (0x02cba233) x 4 0x00000000
core   0: 0x8000200c (0x18a8a613) slti    a2, a7, 394
core   0: 3 0x8000200c (0x18a8a613) x12 0x00000001
core   0: 0x80002010 (0x013e59b3) srl     s3, t3, s3
core   0: 3 0x80002010 (0x013e59b3) x19 0x80000000
core   0: 0x80002014 (0x00e776b3) and     a3, a4, a4
core   0: 3 0x80002014 (0x00e776b3) x13 0x80014e64
core   0: 0x80002018 (0x006fafb3) slt     t6, t6, t1
core   0: 3 0x80002018 (0x006fafb3) x31 0x00000000
core   0: 0x8000201c (0x38da3913) sltiu   s2, s4, 909
core   0: 3 0x8000201c (0x38da3913) x18 0x00000000
core   0: 0x80002020 (0x01747433) and     s0, s0, s7
core   0: 3 0x80002020 (0x01747433) x 8 0x00000082
core   0: 0x80002024 (0xb30c3493) sltiu   s1, s8, -1232
core   0: 3 0x80002024 (0xb30c3493) x 9 0x00000001
core   0: 0x80002028 (0x02141033) mulh    zero, s0, ra
core   0: 3 0x80002028 (0x02141033)
core   0: 0x8000202c (0x0338f633) remu    a2, a7, s3
core   0: 3 0x8000202c (0x0338f633) x12 0x7fffffff
core   0: 0x80002030 (0x03ae7833) remu    a6, t3, s10
core   0: 3 0x80002030 (0x03ae7833) x16 0x80000000
core   0: 0x80002034 (0x00ba8033) add     zero, s5, a1
core   0: 3 0x80002034 (0x00ba8033)
core   0: 0x80002038 (0x005f3633) sltu    a2, t5, t0
core   0: 3 0x80002038 (0x005f3633) x12 0x00000001
core   0: 0x8000203c (0x03df3933) mulhu   s2, t5, t4
core   0: 3 0x8000203c (0x03df3933) x18 0x00000000
core   0: 0x80002040 (0x01059a13) slli    s4, a1, 16
core   0: 3 0x80002040 (0x01059a13) x20 0x2f100000
core   0: 0x80002044 (0x10f63213) sltiu   tp, a2, 271
core   0: 3 0x80002044 (0x10f63213) x 4 0x00000001
core   0: 0x80002048 (0x0042a6b3) slt     a3, t0, tp
core   0: 3 0x80002048 (0x0042a6b3) x13 0x00000001
core   0: 0x8000204c (0x01a48a33) add     s4, s1, s10
core   0: 3 0x8000204c (0x01a48a33) x20 0x00000001
core   0: 0x80002050 (0x87097c13) andi    s8, s2, -1936
core   0: 3 0x80002050 (0x87097c13) x24 0x00000000
core   0: 0x80002054 (0x02aebf33) mulhu   t5, t4, a0
core   0: 3 0x80002054 (0x02aebf33) x30 0x00000000
core   0: 0x80002058 (0x016e1313) slli    t1, t3, 22
core   0: 3 0x80002058 (0x016e1313) x 6 0x00000000
core   0: 0x8000205c (0x03abb633) mulhu   a2, s7, s10
core   0: 3 0x8000205c (0x03abb633) x12 0x00000000
core   0: 0x80002060 (0x025e7f33) remu    t5, t3, t0
core   0: 3 0x80002060 (0x025e7f33) x30 0x80000000
core   0: 0x80002064 (0x01f1bb33) sltu    s6, gp, t6
core   0: 3 0x80002064 (0x01f1bb33) x22 0x00000000
core   0: 0x80002068 (0x00000013) nop
core   0: 3 0x80002068 (0x00000013)
core   0: 0x8000206c (0x0383e233) rem     tp, t2, s8
core   0: 3 0x8000206c (0x0383e233) x 4 0x80019082
core   0: 0x80002070 (0xe80fa197) auipc   gp, 0xe80fa
core   0: 3 0x80002070 (0xe80fa197) x 3 0x680fc070
core   0: 0x80002074 (0x008550b3) srl     ra, a0, s0
core   0: 3 0x80002074 (0x008550b3) x 1 0x3fffffff
core   0: 0x80002078 (0x001c0eb3) add     t4, s8, ra
core   0: 3 0x80002078 (0x001c0eb3) x29 0x3fffffff
core   0: 0x8000207c (0x0328f9b3) remu    s3, a7, s2
core   0: 3 0x8000207c (0x0328f9b3) x19 0xffffffff
core   0: 0x80002080 (0x033c1633) mulh    a2, s8, s3
core   0: 3 0x80002080 (0x033c1633) x12 0x00000000
core   0: 0x80002084 (0x695a3013) sltiu   zero, s4, 1685
core   0: 3 0x80002084 (0x695a3013)
core   0: 0x80002088 (0x7e961137) lui     sp, 0x7e961
core   0: 3 0x80002088 (0x7e961137) x 2 0x7e961000
core   0: 0x8000208c (0x41920033) sub     zero, tp, s9
core   0: 3 0x8000208c (0x41920033)
core   0: 0x80002090 (0x40ea56b3) sra     a3, s4, a4
core   0: 3 0x80002090 (0x40ea56b3) x13 0x00000000
core   0: 0x80002094 (0xe7c56d93) ori     s11, a0, -388
core   0: 3 0x80002094 (0xe7c56d93) x27 0xfffffffe
core   0: 0x80002098 (0x02ae9db3) mulh    s11, t4, a0
core   0: 3 0x80002098 (0x02ae9db3) x27 0xffffffff
core   0: 0x8000209c (0x9abc6e93) ori     t4, s8, -1621
core   0: 3 0x8000209c (0x9abc6e93) x29 0xfffff9ab
core   0: 0x800020a0 (0x4044d093) srai    ra, s1, 4
core   0: 3 0x800020a0 (0x4044d093) x 1 0x00000000
core   0: 0x800020a4 (0xd95e3113) sltiu   sp, t3, -619
core   0: 3 0x800020a4 (0xd95e3113) x 2 0x00000001
core   0: 0x800020a8 (0x02f6d633) divu    a2, a3, a5
core   0: 3 0x800020a8 (0x02f6d633) x12 0x00000000
core   0: 0x800020ac (0x008aaeb3) slt     t4, s5, s0
core   0: 3 0x800020ac (0x008aaeb3) x29 0x00000001
core   0: 0x800020b0 (0x011eadb3) slt     s11, t4, a7
core   0: 3 0x800020b0 (0x011eadb3) x27 0x00000000
core   0: 0x800020b4 (0xbf940eb7) lui     t4, 0xbf940
core   0: 3 0x800020b4 (0xbf940eb7) x29 0xbf940000
core   0: 0x800020b8 (0x00bf5c13) srli    s8, t5, 11
core   0: 3 0x800020b8 (0x00bf5c13) x24 0x00100000
core   0: 0x800020bc (0x02a74233) div     tp, a4, a0
core   0: 3 0x800020bc (0x02a74233) x 4 0x3fff58ce
core   0: 0x800020c0 (0x021e6bb3) rem     s7, t3, ra
core   0: 3 0x800020c0 (0x021e6bb3) x23 0x80000000
core   0: 0x800020c4 (0x33986893) ori     a7, a6, 825
core   0: 3 0x800020c4 (0x33986893) x17 0x80000339
core   0: 0x800020c8 (0x00000013) nop
core   0: 3 0x800020c8 (0x00000013)
core   0: 0x800020cc (0x1f68af13) slti    t5, a7, 502
core   0: 3 0x800020cc (0x1f68af13) x30 0x00000001
core   0: 0x800020d0 (0x00000013) nop
core   0: 3 0x800020d0 (0x00000013)
core   0: 0x800020d4 (0x407e5933) sra     s2, t3, t2
core   0: 3 0x800020d4 (0x407e5933) x18 0xe0000000
core   0: 0x800020d8 (0x01a61933) sll     s2, a2, s10
core   0: 3 0x800020d8 (0x01a61933) x18 0x00000000
core   0: 0x800020dc (0x004bb8b3) sltu    a7, s7, tp
core   0: 3 0x800020dc (0x004bb8b3) x17 0x00000000
core   0: 0x800020e0 (0x012c5593) srli    a1, s8, 18
core   0: 3 0x800020e0 (0x012c5593) x11 0x00000004
core   0: 0x800020e4 (0x034bcf33) div     t5, s7, s4
core   0: 3 0x800020e4 (0x034bcf33) x30 0x80000000
core   0: 0x800020e8 (0x019207b3) add     a5, tp, s9
core   0: 3 0x800020e8 (0x019207b3) x15 0xc000e5b2
core   0: 0x800020ec (0xf6b45c37) lui     s8, 0xf6b45
core   0: 3 0x800020ec (0xf6b45c37) x24 0xf6b45000
core   0: 0x800020f0 (0xd4700093) li      ra, -697
core   0: 3 0x800020f0 (0xd4700093) x 1 0xfffffd47
core   0: 0x800020f4 (0x413d8033) sub     zero, s11, s3
core   0: 3 0x800020f4 (0x413d8033)
core   0: 0x800020f8 (0x00eb4533) xor     a0, s6, a4
core   0: 3 0x800020f8 (0x00eb4533) x10 0x80014e64
core   0: 0x800020fc (0x034a53b3) divu    t2, s4, s4
core   0: 3 0x800020fc (0x034a53b3) x 7 0x00000001
core   0: 0x80002100 (0x017d1b93) slli    s7, s10, 23
core   0: 3 0x80002100 (0x017d1b93) x23 0x00000000
core   0: 0x80002104 (0x025a1b33) mulh    s6, s4, t0
core   0: 3 0x80002104 (0x025a1b33) x22 0xffffffff
core   0: 0x80002108 (0x00768533) add     a0, a3, t2
core   0: 3 0x80002108 (0x00768533) x10 0x00000001
core   0: 0x8000210c (0x03293fb3) mulhu   t6, s2, s2
core   0: 3 0x8000210c (0x03293fb3) x31 0x00000000
core   0: 0x80002110 (0x017bfeb3) and     t4, s7, s7
core   0: 3 0x80002110 (0x017bfeb3) x29 0x00000000
core   0: 0x80002114 (0x037c87b3) mul     a5, s9, s7
core   0: 3 0x80002114 (0x037c87b3) x15 0x00000000
core   0: 0x80002118 (0x417b8b33) sub     s6, s7, s7
core   0: 3 0x80002118 (0x417b8b33) x22 0x00000000
core   0: 0x8000211c (0x025e32b3) mulhu   t0, t3, t0
core   0: 3 0x8000211c (0x025e32b3) x 5 0x7fff8001
core   0: 0x80002120 (0xa8bf4a93) xori    s5, t5, -1397
core   0: 3 0x80002120 (0xa8bf4a93) x21 0x7ffffa8b
core   0: 0x80002124 (0x007268b3) or      a7, tp, t2
core   0: 3 0x80002124 (0x007268b3) x17 0x3fff58cf
core   0: 0x80002128 (0x448e3d93) sltiu   s11, t3, 1096
core   0: 3 0x80002128 (0x448e3d93) x27 0x00000000
core   0: 0x8000212c (0x02afeeb3) rem     t4, t6, a0
core   0: 3 0x8000212c (0x02afeeb3) x29 0x00000000
core   0: 0x80002130 (0x035b0fb3) mul     t6, s6, s5
core   0: 3 0x80002130 (0x035b0fb3) x31 0x00000000
core   0: 0x80002134 (0x03a54a13) xori    s4, a0, 58
core   0: 3 0x80002134 (0x03a54a13) x20 0x0000003b
core   0: 0x80002138 (0x136a8313) addi    t1, s5, 310
core   0: 3 0x80002138 (0x136a8313) x 6 0x7ffffbc1
core   0: 0x8000213c (0x417b5b33) sra     s6, s6, s7
core   0: 3 0x8000213c (0x417b5b33) x22 0x00000000
core   0: 0x80002140 (0x006af133) and     sp, s5, t1
core   0: 3 0x80002140 (0x006af133) x 2 0x7ffffa81
core   0: 0x80002144 (0x02457233) remu    tp, a0, tp
core   0: 3 0x80002144 (0x02457233) x 4 0x00000001
core   0: 0x80002148 (0x015217b3) sll     a5, tp, s5
core   0: 3 0x80002148 (0x015217b3) x15 0x00000800
core   0: 0x8000214c (0x0bb90413) addi    s0, s2, 187
core   0: 3 0x8000214c (0x0bb90413) x 8 0x000000bb
core   0: 0x80002150 (0x0223c1b3) div     gp, t2, sp
core   0: 3 0x80002150 (0x0223c1b3) x 3 0x00000000
core   0: 0x80002154 (0x00a9e233) or      tp, s3, a0
core   0: 3 0x80002154 (0x00a9e233) x 4 0xffffffff
core   0: 0x80002158 (0x0341c333) div     t1, gp, s4
core   0: 3 0x80002158 (0x0341c333) x 6 0x00000000
core   0: 0x8000215c (0x00769493) slli    s1, a3, 7
core   0: 3 0x8000215c (0x00769493) x 9 0x00000000
core   0: 0x80002160 (0x5e183217) auipc   tp, 0x5e183
core   0: 3 0x80002160 (0x5e183217) x 4 0xde185160
core   0: 0x80002164 (0x00e4dfb3) srl     t6, s1, a4
core   0: 3 0x80002164 (0x00e4dfb3) x31 0x00000000
core   0: 0x80002168 (0x00d7d533) srl     a0, a5, a3
core   0: 3 0x80002168 (0x00d7d533) x10 0x00000800
core   0: 0x8000216c (0x2f05e793) ori     a5, a1, 752
core   0: 3 0x8000216c (0x2f05e793) x15 0x000002f4
core   0: 0x80002170 (0x01c9b7b3) sltu    a5, s3, t3
core   0: 3 0x80002170 (0x01c9b7b3) x15 0x00000000
core   0: 0x80002174 (0x40f0de93) srai    t4, ra, 15
core   0: 3 0x80002174 (0x40f0de93) x29 0xffffffff
core   0: 0x80002178 (0x00b25ab3) srl     s5, tp, a1
core   0: 3 0x80002178 (0x00b25ab3) x21 0x0de18516
core   0: 0x8000217c (0x001ee133) or      sp, t4, ra
core   0: 3 0x8000217c (0x001ee133) x 2 0xffffffff
core   0: 0x80002180 (0x00581f13) slli    t5, a6, 5
core   0: 3 0x80002180 (0x00581f13) x30 0x00000000
core   0: 0x80002184 (0x0288bab3) mulhu   s5, a7, s0
core   0: 3 0x80002184 (0x0288bab3) x21 0x0000002e
core   0: 0x80002188 (0xbe2ac793) xori    a5, s5, -1054
core   0: 3 0x80002188 (0xbe2ac793) x15 0xfffffbcc
core   0: 0x8000218c (0x00000013) nop
core   0: 3 0x8000218c (0x00000013)
core   0: 0x80002190 (0x010b1833) sll     a6, s6, a6
core   0: 3 0x80002190 (0x010b1833) x16 0x00000000
core   0: 0x80002194 (0x4166db33) sra     s6, a3, s6
core   0: 3 0x80002194 (0x4166db33) x22 0x00000000
core   0: 0x80002198 (0x97d46993) ori     s3, s0, -1667
core   0: 3 0x80002198 (0x97d46993) x19 0xfffff9ff
core   0: 0x8000219c (0x02d0dc33) divu    s8, ra, a3
core   0: 3 0x8000219c (0x02d0dc33) x24 0xffffffff
core   0: 0x800021a0 (0x4f290c13) addi    s8, s2, 1266
core   0: 3 0x800021a0 (0x4f290c13) x24 0x000004f2
core   0: 0x800021a4 (0x0545fa13) andi    s4, a1, 84
core   0: 3 0x800021a4 (0x0545fa13) x20 0x00000004
core   0: 0x800021a8 (0x019828b3) slt     a7, a6, s9
core   0: 3 0x800021a8 (0x019828b3) x17 0x00000000
core   0: 0x800021ac (0x40d35933) sra     s2, t1, a3
core   0: 3 0x800021ac (0x40d35933) x18 0x00000000
core   0: 0x800021b0 (0x415c0a33) sub     s4, s8, s5
core   0: 3 0x800021b0 (0x415c0a33) x20 0x000004c4
core   0: 0x800021b4 (0x00000013) nop
core   0: 3 0x800021b4 (0x00000013)
core   0: 0x800021b8 (0x03b204b3) mul     s1, tp, s11
core   0: 3 0x800021b8 (0x03b204b3) x 9 0x00000000
core   0: 0x800021bc (0x036f7a33) remu    s4, t5, s6
core   0: 3 0x800021bc (0x036f7a33) x20 0x00000000
core   0: 0x800021c0 (0x4121d333) sra     t1, gp, s2
core   0: 3 0x800021c0 (0x4121d333) x 6 0x00000000
core   0: 0x800021c4 (0x00f111b3) sll     gp, sp, a5
core   0: 3 0x800021c4 (0x00f111b3) x 3 0xfffff000
core   0: 0x800021c8 (0x00000013) nop
core   0: 3 0x800021c8 (0x00000013)
core   0: 0x800021cc (0xbfb437b7) lui     a5, 0xbfb43
core   0: 3 0x800021cc (0xbfb437b7) x15 0xbfb43000
core   0: 0x800021d0 (0xa5dd2913) slti    s2, s10, -1443
core   0: 3 0x800021d0 (0xa5dd2913) x18 0x00000000
core   0: 0x800021d4 (0x01fb1313) slli    t1, s6, 31
core   0: 3 0x800021d4 (0x01fb1313) x 6 0x00000000
core   0: 0x800021d8 (0x0095abb3) slt     s7, a1, s1
core   0: 3 0x800021d8 (0x0095abb3) x23 0x00000000
core   0: 0x800021dc (0x00000013) nop
core   0: 3 0x800021dc (0x00000013)
core   0: 0x800021e0 (0x47ebca93) xori    s5, s7, 1150
core   0: 3 0x800021e0 (0x47ebca93) x21 0x0000047e
core   0: 0x800021e4 (0x129e3d93) sltiu   s11, t3, 297
core   0: 3 0x800021e4 (0x129e3d93) x27 0x00000000
core   0: 0x800021e8 (0x01b7b8b3) sltu    a7, a5, s11
core   0: 3 0x800021e8 (0x01b7b8b3) x17 0x00000000
core   0: 0x800021ec (0x011f4233) xor     tp, t5, a7
core   0: 3 0x800021ec (0x011f4233) x 4 0x00000000
core   0: 0x800021f0 (0x030dbf33) mulhu   t5, s11, a6
core   0: 3 0x800021f0 (0x030dbf33) x30 0x00000000
core   0: 0x800021f4 (0xe557e693) ori     a3, a5, -427
core   0: 3 0x800021f4 (0xe557e693) x13 0xfffffe55
core   0: 0x800021f8 (0x01f8abb3) slt     s7, a7, t6
core   0: 3 0x800021f8 (0x01f8abb3) x23 0x00000000
core   0: 0x800021fc (0x41990f33) sub     t5, s2, s9
core   0: 3 0x800021fc (0x41990f33) x30 0x7ffe731c
core   0: 0x80002200 (0xf0fcbb93) sltiu   s7, s9, -241
core   0: 3 0x80002200 (0xf0fcbb93) x23 0x00000001
core   0: 0x80002204 (0x0012e033) or      zero, t0, ra
core   0: 3 0x80002204 (0x0012e033)
core   0: 0x80002208 (0x02379d33) mulh    s10, a5, gp
core   0: 3 0x80002208 (0x02379d33) x26 0x00000404
core   0: 0x8000220c (0x01635793) srli    a5, t1, 22
core   0: 3 0x8000220c (0x01635793) x15 0x00000000
core   0: 0x80002210 (0x29dba113) slti    sp, s7, 669
core   0: 3 0x80002210 (0x29dba113) x 2 0x00000001
core   0: 0x80002214 (0xf1d84593) xori    a1, a6, -227
core   0: 3 0x80002214 (0xf1d84593) x11 0xffffff1d
core   0: 0x80002218 (0x018e1b33) sll     s6, t3, s8
core   0: 3 0x80002218 (0x018e1b33) x22 0x00000000
core   0: 0x8000221c (0x02437fb3) remu    t6, t1, tp
core   0: 3 0x8000221c (0x02437fb3) x31 0x00000000
core   0: 0x80002220 (0x023cf4b3) remu    s1, s9, gp
core   0: 3 0x80002220 (0x023cf4b3) x 9 0x80018ce4
core   0: 0x80002224 (0x03c00ab3) mul     s5, zero, t3
core   0: 3 0x80002224 (0x03c00ab3) x21 0x00000000
core   0: 0x80002228 (0x00a79813) slli    a6, a5, 10
core   0: 3 0x80002228 (0x00a79813) x16 0x00000000
core   0: 0x8000222c (0x000e27b3) slt     a5, t3, zero
core   0: 3 0x8000222c (0x000e27b3) x15 0x00000001
core   0: 0x80002230 (0x00000013) nop
core   0: 3 0x80002230 (0x00000013)
core   0: 0x80002234 (0x01406eb3) or      t4, zero, s4
core   0: 3 0x80002234 (0x01406eb3) x29 0x00000000
core   0: 0x80002238 (0xa6216eb7) lui     t4, 0xa6216
core   0: 3 0x80002238 (0xa6216eb7) x29 0xa6216000
core   0: 0x8000223c (0x0087d413) srli    s0, a5, 8
core   0: 3 0x8000223c (0x0087d413) x 8 0x00000000
core   0: 0x80002240 (0x63ebe493) ori     s1, s7, 1598
core   0: 3 0x80002240 (0x63ebe493) x 9 0x0000063f
core   0: 0x80002244 (0x032547b3) div     a5, a0, s2
core   0: 3 0x80002244 (0x032547b3) x15 0xffffffff
core   0: 0x80002248 (0xba597e93) andi    t4, s2, -1115
core   0: 3 0x80002248 (0xba597e93) x29 0x00000000
core   0: 0x8000224c (0x01a04bb3) xor     s7, zero, s10
core   0: 3 0x8000224c (0x01a04bb3) x23 0x00000404
core   0: 0x80002250 (0x00b537b3) sltu    a5, a0, a1
core   0: 3 0x80002250 (0x00b537b3) x15 0x00000001
core   0: 0x80002254 (0x3912a613) slti    a2, t0, 913
core   0: 3 0x80002254 (0x3912a613) x12 0x00000000
core   0: 0x80002258 (0x032f8fb3) mul     t6, t6, s2
core   0: 3 0x80002258 (0x032f8fb3) x31 0x00000000
core   0: 0x8000225c (0x00618fb3) add     t6, gp, t1
core   0: 3 0x8000225c (0x00618fb3) x31 0xfffff000
core   0: 0x80002260 (0xed2bb313) sltiu   t1, s7, -302
core   0: 3 0x80002260 (0xed2bb313) x 6 0x00000001
core   0: 0x80002264 (0x5639c613) xori    a2, s3, 1379
core   0: 3 0x80002264 (0x5639c613) x12 0xfffffc9c
core   0: 0x80002268 (0x00f8c9b3) xor     s3, a7, a5
core   0: 3 0x80002268 (0x00f8c9b3) x19 0x00000001
core   0: 0x8000226c (0x00f66d33) or      s10, a2, a5
core   0: 3 0x8000226c (0x00f66d33) x26 0xfffffc9d
core   0: 0x80002270 (0x03a55db3) divu    s11, a0, s10
core   0: 3 0x80002270 (0x03a55db3) x27 0x00000000
core   0: 0x80002274 (0x035d0f33) mul     t5, s10, s5
core   0: 3 0x80002274 (0x035d0f33) x30 0x00000000
core   0: 0x80002278 (0x78304293) xori    t0, zero, 1923
core   0: 3 0x80002278 (0x78304293) x 5 0x00000783
core   0: 0x8000227c (0x01545913) srli    s2, s0, 21
core   0: 3 0x8000227c (0x01545913) x18 0x00000000
core   0: 0x80002280 (0x01b13533) sltu    a0, sp, s11
core   0: 3 0x80002280 (0x01b13533) x10 0x00000000
core   0: 0x80002284 (0x4019d813) srai    a6, s3, 1
core   0: 3 0x80002284 (0x4019d813) x16 0x00000000
core   0: 0x80002288 (0x00fad6b3) srl     a3, s5, a5
core   0: 3 0x80002288 (0x00fad6b3) x13 0x00000000
core   0: 0x8000228c (0x3143a493) slti    s1, t2, 788
core   0: 3 0x8000228c (0x3143a493) x 9 0x00000001
core   0: 0x80002290 (0x326cb113) sltiu   sp, s9, 806
core   0: 3 0x80002290 (0x326cb113) x 2 0x00000000
core   0: 0x80002294 (0x014573b3) and     t2, a0, s4
core   0: 3 0x80002294 (0x014573b3) x 7 0x00000000
core   0: 0x80002298 (0x2c6d7b93) andi    s7, s10, 710
core   0: 3 0x80002298 (0x2c6d7b93) x23 0x00000084
core   0: 0x8000229c (0x01543233) sltu    tp, s0, s5
core   0: 3 0x8000229c (0x01543233) x 4 0x00000000
core   0: 0x800022a0 (0x8b4e4c13) xori    s8, t3, -1868
core   0: 3 0x800022a0 (0x8b4e4c13) x24 0x7ffff8b4
core   0: 0x800022a4 (0x40ca58b3) sra     a7, s4, a2
core   0: 3 0x800022a4 (0x40ca58b3) x17 0x00000000
core   0: 0x800022a8 (0xdb9f2897) auipc   a7, 0xdb9f2
core   0: 3 0x800022a8 (0xdb9f2897) x17 0x5b9f42a8
core   0: 0x800022ac (0x6f24a293) slti    t0, s1, 1778
core   0: 3 0x800022ac (0x6f24a293) x 5 0x00000001
core   0: 0x800022b0 (0x02fd7c33) remu    s8, s10, a5
core   0: 3 0x800022b0 (0x02fd7c33) x24 0x00000000
core   0: 0x800022b4 (0x00000013) nop
core   0: 3 0x800022b4 (0x00000013)
core   0: 0x800022b8 (0x032644b3) div     s1, a2, s2
core   0: 3 0x800022b8 (0x032644b3) x 9 0xffffffff
core   0: 0x800022bc (0x0289f4b3) remu    s1, s3, s0
core   0: 3 0x800022bc (0x0289f4b3) x 9 0x00000001
core   0: 0x800022c0 (0xcf1ae6b7) lui     a3, 0xcf1ae
core   0: 3 0x800022c0 (0xcf1ae6b7) x13 0xcf1ae000
core   0: 0x800022c4 (0x030a24b3) mulhsu  s1, s4, a6
core   0: 3 0x800022c4 (0x030a24b3) x 9 0x00000000
core   0: 0x800022c8 (0x00211133) sll     sp, sp, sp
core   0: 3 0x800022c8 (0x00211133) x 2 0x00000000
core   0: 0x800022cc (0x007f5133) srl     sp, t5, t2
core   0: 3 0x800022cc (0x007f5133) x 2 0x00000000
core   0: 0x800022d0 (0x00000013) nop
core   0: 3 0x800022d0 (0x00000013)
core   0: 0x800022d4 (0x00a448b3) xor     a7, s0, a0
core   0: 3 0x800022d4 (0x00a448b3) x17 0x00000000
core   0: 0x800022d8 (0x02b4e2b3) rem     t0, s1, a1
core   0: 3 0x800022d8 (0x02b4e2b3) x 5 0x00000000
core   0: 0x800022dc (0x021ed333) divu    t1, t4, ra
core   0: 3 0x800022dc (0x021ed333) x 6 0x00000000
core   0: 0x800022e0 (0x327fff93) andi    t6, t6, 807
core   0: 3 0x800022e0 (0x327fff93) x31 0x00000000
core   0: 0x800022e4 (0x00f0eb33) or      s6, ra, a5
core   0: 3 0x800022e4 (0x00f0eb33) x22 0xfffffd47
core   0: 0x800022e8 (0x019807b3) add     a5, a6, s9
core   0: 3 0x800022e8 (0x019807b3) x15 0x80018ce4
core   0: 0x800022ec (0xc8cdb113) sltiu   sp, s11, -884
core   0: 3 0x800022ec (0xc8cdb113) x 2 0x00000001
core   0: 0x800022f0 (0x40f65833) sra     a6, a2, a5
core   0: 3 0x800022f0 (0x40f65833) x16 0xffffffc9
core   0: 0x800022f4 (0x083dac17) auipc   s8, 0x83da
core   0: 3 0x800022f4 (0x083dac17) x24 0x883dc2f4
core   0: 0x800022f8 (0x01465213) srli    tp, a2, 20
core   0: 3 0x800022f8 (0x01465213) x 4 0x00000fff
core   0: 0x800022fc (0x239faf93) slti    t6, t6, 569
core   0: 3 0x800022fc (0x239faf93) x31 0x00000001
core   0: 0x80002300 (0x00035913) srli    s2, t1, 0
core   0: 3 0x80002300 (0x00035913) x18 0x00000000
core   0: 0x80002304 (0xfb970fb7) lui     t6, 0xfb970
core   0: 3 0x80002304 (0xfb970fb7) x31 0xfb970000
core   0: 0x80002308 (0x037ba633) mulhsu  a2, s7, s7
core   0: 3 0x80002308 (0x037ba633) x12 0x00000000
core   0: 0x8000230c (0x032c34b3) mulhu   s1, s8, s2
core   0: 3 0x8000230c (0x032c34b3) x 9 0x00000000
core   0: 0x80002310 (0x010b1293) slli    t0, s6, 16
core   0: 3 0x80002310 (0x010b1293) x 5 0xfd470000
core   0: 0x80002314 (0x00415493) srli    s1, sp, 4
core   0: 3 0x80002314 (0x00415493) x 9 0x00000000
core   0: 0x80002318 (0x00108fb3) add     t6, ra, ra
core   0: 3 0x80002318 (0x00108fb3) x31 0xfffffa8e
core   0: 0x8000231c (0x3e0c8c13) addi    s8, s9, 992
core   0: 3 0x8000231c (0x3e0c8c13) x24 0x800190c4
core   0: 0x80002320 (0x02d13a33) mulhu   s4, sp, a3
core   0: 3 0x80002320 (0x02d13a33) x20 0x00000000
core   0: 0x80002324 (0x012ed613) srli    a2, t4, 18
core   0: 3 0x80002324 (0x012ed613) x12 0x00000000
core   0: 0x80002328 (0x0263a7b3) mulhsu  a5, t2, t1
core   0: 3 0x80002328 (0x0263a7b3) x15 0x00000000
core   0: 0x8000232c (0xe4efe613) ori     a2, t6, -434
core   0: 3 0x8000232c (0xe4efe613) x12 0xfffffece
core   0: 0x80002330 (0x0367f5b3) remu    a1, a5, s6
core   0: 3 0x80002330 (0x0367f5b3) x11 0x00000000
core   0: 0x80002334 (0x00540ab3) add     s5, s0, t0
core   0: 3 0x80002334 (0x00540ab3) x21 0xfd470000
core   0: 0x80002338 (0x01d30c33) add     s8, t1, t4
core   0: 3 0x80002338 (0x01d30c33) x24 0x00000000
core   0: 0x8000233c (0x02ab3d33) mulhu   s10, s6, a0
core   0: 3 0x8000233c (0x02ab3d33) x26 0x00000000
core   0: 0x80002340 (0x9c0d4bb7) lui     s7, 0x9c0d4
core   0: 3 0x80002340 (0x9c0d4bb7) x23 0x9c0d4000
core   0: 0x80002344 (0x02957ab3) remu    s5, a0, s1
core   0: 3 0x80002344 (0x02957ab3) x21 0x00000000
core   0: 0x80002348 (0x02ba70b3) remu    ra, s4, a1
core   0: 3 0x80002348 (0x02ba70b3) x 1 0x00000000
core   0: 0x8000234c (0x0031ff33) and     t5, gp, gp
core   0: 3 0x8000234c (0x0031ff33) x30 0xfffff000
core   0: 0x80002350 (0x033bba33) mulhu   s4, s7, s3
core   0: 3 0x80002350 (0x033bba33) x20 0x00000000
core   0: 0x80002354 (0x03d43133) mulhu   sp, s0, t4
core   0: 3 0x80002354 (0x03d43133) x 2 0x00000000
core   0: 0x80002358 (0x30637f93) andi    t6, t1, 774
core   0: 3 0x80002358 (0x30637f93) x31 0x00000000
core   0: 0x8000235c (0x01a189b3) add     s3, gp, s10
core   0: 3 0x8000235c (0x01a189b3) x19 0xfffff000
core   0: 0x80002360 (0x00bb1633) sll     a2, s6, a1
core   0: 3 0x80002360 (0x00bb1633) x12 0xfffffd47
core   0: 0x80002364 (0x40910b33) sub     s6, sp, s1
core   0: 3 0x80002364 (0x40910b33) x22 0x00000000
core   0: 0x80002368 (0x41825eb3) sra     t4, tp, s8
core   0: 3 0x80002368 (0x41825eb3) x29 0x00000fff
core   0: 0x8000236c (0x0198aa33) slt     s4, a7, s9
core   0: 3 0x8000236c (0x0198aa33) x20 0x00000000
core   0: 0x80002370 (0x01fcc433) xor     s0, s9, t6
core   0: 3 0x80002370 (0x01fcc433) x 8 0x80018ce4
core   0: 0x80002374 (0x01fa95b3) sll     a1, s5, t6
core   0: 3 0x80002374 (0x01fa95b3) x11 0x00000000
core   0: 0x80002378 (0x12f14e93) xori    t4, sp, 303
core   0: 3 0x80002378 (0x12f14e93) x29 0x0000012f
core   0: 0x8000237c (0x717b6413) ori     s0, s6, 1815
core   0: 3 0x8000237c (0x717b6413) x 8 0x00000717
core   0: 0x80002380 (0x19b04093) xori    ra, zero, 411
core   0: 3 0x80002380 (0x19b04093) x 1 0x0000019b
core   0: 0x80002384 (0x40d3dc33) sra     s8, t2, a3
core   0: 3 0x80002384 (0x40d3dc33) x24 0x00000000
core   0: 0x80002388 (0x030ab633) mulhu   a2, s5, a6
core   0: 3 0x80002388 (0x030ab633) x12 0x00000000
core   0: 0x8000238c (0x01ae4c33) xor     s8, t3, s10
core   0: 3 0x8000238c (0x01ae4c33) x24 0x80000000
core   0: 0x80002390 (0x003ec0b3) xor     ra, t4, gp
core   0: 3 0x80002390 (0x003ec0b3) x 1 0xfffff12f
core   0: 0x80002394 (0x012527b3) slt     a5, a0, s2
core   0: 3 0x80002394 (0x012527b3) x15 0x00000000
core   0: 0x80002398 (0x005fb4b3) sltu    s1, t6, t0
core   0: 3 0x80002398 (0x005fb4b3) x 9 0x00000001
core   0: 0x8000239c (0x00d24a33) xor     s4, tp, a3
core   0: 3 0x8000239c (0x00d24a33) x20 0xcf1aefff
core   0: 0x800023a0 (0x03be0c33) mul     s8, t3, s11
core   0: 3 0x800023a0 (0x03be0c33) x24 0x00000000
core   0: 0x800023a4 (0x03d430b3) mulhu   ra, s0, t4
core   0: 3 0x800023a4 (0x03d430b3) x 1 0x00000000
core   0: 0x800023a8 (0x02c72b33) mulhsu  s6, a4, a2
core   0: 3 0x800023a8 (0x02c72b33) x22 0x00000000
core   0: 0x800023ac (0x01202433) slt     s0, zero, s2
core   0: 3 0x800023ac (0x01202433) x 8 0x00000000
core   0: 0x800023b0 (0x405a03b3) sub     t2, s4, t0
core   0: 3 0x800023b0 (0x405a03b3) x 7 0xd1d3efff
core   0: 0x800023b4 (0x8e8bc093) xori    ra, s7, -1816
core   0: 3 0x800023b4 (0x8e8bc093) x 1 0x63f2b8e8
core   0: 0x800023b8 (0x030696b3) mulh    a3, a3, a6
core   0: 3 0x800023b8 (0x030696b3) x13 0x0000000a
core   0: 0x800023bc (0x00fc7bb3) and     s7, s8, a5
core   0: 3 0x800023bc (0x00fc7bb3) x23 0x00000000
core   0: 0x800023c0 (0x002c4d33) xor     s10, s8, sp
core   0: 3 0x800023c0 (0x002c4d33) x26 0x00000000
core   0: 0x800023c4 (0x002748b3) xor     a7, a4, sp
core   0: 3 0x800023c4 (0x002748b3) x17 0x80014e64
core   0: 0x800023c8 (0x00fa4d33) xor     s10, s4, a5
core   0: 3 0x800023c8 (0x00fa4d33) x26 0xcf1aefff
core   0: 0x800023cc (0x03c7d133) divu    sp, a5, t3
core   0: 3 0x800023cc (0x03c7d133) x 2 0x00000000
core   0: 0x800023d0 (0x760afe93) andi    t4, s5, 1888
core   0: 3 0x800023d0 (0x760afe93) x29 0x00000000
core   0: 0x800023d4 (0x071cbeb7) lui     t4, 0x71cb
core   0: 3 0x800023d4 (0x071cbeb7) x29 0x071cb000
core   0: 0x800023d8 (0x023e7d33) remu    s10, t3, gp
core   0: 3 0x800023d8 (0x023e7d33) x26 0x80000000
core   0: 0x800023dc (0x01be0433) add     s0, t3, s11
core   0: 3 0x800023dc (0x01be0433) x 8 0x80000000
core   0: 0x800023e0 (0x008ad633) srl     a2, s5, s0
core   0: 3 0x800023e0 (0x008ad633) x12 0x00000000
core   0: 0x800023e4 (0x3e353c13) sltiu   s8, a0, 995
core   0: 3 0x800023e4 (0x3e353c13) x24 0x00000001
core   0: 0x800023e8 (0x02577fb3) remu    t6, a4, t0
core   0: 3 0x800023e8 (0x02577fb3) x31 0x80014e64
core   0: 0x800023ec (0x02693533) mulhu   a0, s2, t1
core   0: 3 0x800023ec (0x02693533) x10 0x00000000
core   0: 0x800023f0 (0x408c87b3) sub     a5, s9, s0
core   0: 3 0x800023f0 (0x408c87b3) x15 0x00018ce4
core   0: 0x800023f4 (0x009474b3) and     s1, s0, s1
core   0: 3 0x800023f4 (0x009474b3) x 9 0x00000000
core   0: 0x800023f8 (0x00520db3) add     s11, tp, t0
core   0: 3 0x800023f8 (0x00520db3) x27 0xfd470fff
core   0: 0x800023fc (0x023f8a33) mul     s4, t6, gp
core   0: 3 0x800023fc (0x023f8a33) x20 0xeb19c000
core   0: 0x80002400 (0x01e71fb3) sll     t6, a4, t5
core   0: 3 0x80002400 (0x01e71fb3) x31 0x80014e64
core   0: 0x80002404 (0x01385693) srli    a3, a6, 19
core   0: 3 0x80002404 (0x01385693) x13 0x00001fff
core   0: 0x80002408 (0x024179b3) remu    s3, sp, tp
core   0: 3 0x80002408 (0x024179b3) x19 0x00000000
core   0: 0x8000240c (0x00a365b3) or      a1, t1, a0
core   0: 3 0x8000240c (0x00a365b3) x11 0x00000000
core   0: 0x80002410 (0x0143ca33) xor     s4, t2, s4
core   0: 3 0x80002410 (0x0143ca33) x20 0x3aca2fff
core   0: 0x80002414 (0x0380e3b3) rem     t2, ra, s8
core   0: 3 0x80002414 (0x0380e3b3) x 7 0x00000000
core   0: 0x80002418 (0x023465b3) rem     a1, s0, gp
core   0: 3 0x80002418 (0x023465b3) x11 0x00000000
core   0: 0x8000241c (0x00ee91b3) sll     gp, t4, a4
core   0: 3 0x8000241c (0x00ee91b3) x 3 0x71cb0000
core   0: 0x80002420 (0x4593a793) slti    a5, t2, 1113
core   0: 3 0x80002420 (0x4593a793) x15 0x00000001
core   0: 0x80002424 (0x00e36233) or      tp, t1, a4
core   0: 3 0x80002424 (0x00e36233) x 4 0x80014e64
core   0: 0x80002428 (0x459ac893) xori    a7, s5, 1113
core   0: 3 0x80002428 (0x459ac893) x17 0x00000459
core   0: 0x8000242c (0x629f7613) andi    a2, t5, 1577
core   0: 3 0x8000242c (0x629f7613) x12 0x00000000
core   0: 0x80002430 (0x011092b3) sll     t0, ra, a7
core   0: 3 0x80002430 (0x011092b3) x 5 0xd0000000
core   0: 0x80002434 (0x02852f33) mulhsu  t5, a0, s0
core   0: 3 0x80002434 (0x02852f33) x30 0x00000000
core   0: 0x80002438 (0x01cd3233) sltu    tp, s10, t3
core   0: 3 0x80002438 (0x01cd3233) x 4 0x00000000
core   0: 0x8000243c (0x005ccbb3) xor     s7, s9, t0
core   0: 3 0x8000243c (0x005ccbb3) x23 0x50018ce4
core   0: 0x80002440 (0x49a07613) andi    a2, zero, 1178
core   0: 3 0x80002440 (0x49a07613) x12 0x00000000
core   0: 0x80002444 (0x00dacab3) xor     s5, s5, a3
core   0: 3 0x80002444 (0x00dacab3) x21 0x00001fff
core   0: 0x80002448 (0x012b8233) add     tp, s7, s2
core   0: 3 0x80002448 (0x012b8233) x 4 0x50018ce4
core   0: 0x8000244c (0xdc890013) addi    zero, s2, -568
core   0: 3 0x8000244c (0xdc890013)
core   0: 0x80002450 (0x00000013) nop
core   0: 3 0x80002450 (0x00000013)
core   0: 0x80002454 (0x00700033) add     zero, zero, t2
core   0: 3 0x80002454 (0x00700033)
core   0: 0x80002458 (0x02cdd933) divu    s2, s11, a2
core   0: 3 0x80002458 (0x02cdd933) x18 0xffffffff
core   0: 0x8000245c (0x324c4913) xori    s2, s8, 804
core   0: 3 0x8000245c (0x324c4913) x18 0x00000325
core   0: 0x80002460 (0x013c1db3) sll     s11, s8, s3
core   0: 3 0x80002460 (0x013c1db3) x27 0x00000001
core   0: 0x80002464 (0x2901f693) andi    a3, gp, 656
core   0: 3 0x80002464 (0x2901f693) x13 0x00000000
core   0: 0x80002468 (0xeb6cbb13) sltiu   s6, s9, -330
core   0: 3 0x80002468 (0xeb6cbb13) x22 0x00000001
core   0: 0x8000246c (0x4de62293) slti    t0, a2, 1246
core   0: 3 0x8000246c (0x4de62293) x 5 0x00000001
core   0: 0x80002470 (0x400b55b3) sra     a1, s6, zero
core   0: 3 0x80002470 (0x400b55b3) x11 0x00000001
core   0: 0x80002474 (0x01919f13) slli    t5, gp, 25
core   0: 3 0x80002474 (0x01919f13) x30 0x00000000
core   0: 0x80002478 (0x11b64513) xori    a0, a2, 283
core   0: 3 0x80002478 (0x11b64513) x10 0x0000011b
core   0: 0x8000247c (0x2b173b13) sltiu   s6, a4, 689
core   0: 3 0x8000247c (0x2b173b13) x22 0x00000000
core   0: 0x80002480 (0xe4d40597) auipc   a1, 0xe4d40
core   0: 3 0x80002480 (0xe4d40597) x11 0x64d42480
core   0: 0x80002484 (0x003c5213) srli    tp, s8, 3
core   0: 3 0x80002484 (0x003c5213) x 4 0x00000000
core   0: 0x80002488 (0x03e7c7b3) div     a5, a5, t5
core   0: 3 0x80002488 (0x03e7c7b3) x15 0xffffffff
core   0: 0x8000248c (0x006df633) and     a2, s11, t1
core   0: 3 0x8000248c (0x006df633) x12 0x00000000
core   0: 0x80002490 (0x03c2b833) mulhu   a6, t0, t3
core   0: 3 0x80002490 (0x03c2b833) x16 0x00000000
core   0: 0x80002494 (0x03ba27b3) mulhsu  a5, s4, s11
core   0: 3 0x80002494 (0x03ba27b3) x15 0x00000000
core   0: 0x80002498 (0x034bb7b3) mulhu   a5, s7, s4
core   0: 3 0x80002498 (0x034bb7b3) x15 0x125f8a24
core   0: 0x8000249c (0x03de3b33) mulhu   s6, t3, t4
core   0: 3 0x8000249c (0x03de3b33) x22 0x038e5800
core   0: 0x800024a0 (0x026d90b3) mulh    ra, s11, t1
core   0: 3 0x800024a0 (0x026d90b3) x 1 0x00000000
core   0: 0x800024a4 (0xd066ef13) ori     t5, a3, -762
core   0: 3 0x800024a4 (0xd066ef13) x30 0xfffffd06
core   0: 0x800024a8 (0x021097b3) mulh    a5, ra, ra
core   0: 3 0x800024a8 (0x021097b3) x15 0x00000000
core   0: 0x800024ac (0x41abd613) srai    a2, s7, 26
core   0: 3 0x800024ac (0x41abd613) x12 0x00000014
core   0: 0x800024b0 (0x6fdb4113) xori    sp, s6, 1789
core   0: 3 0x800024b0 (0x6fdb4113) x 2 0x038e5efd
core   0: 0x800024b4 (0x038db533) mulhu   a0, s11, s8
core   0: 3 0x800024b4 (0x038db533) x10 0x00000000
core   0: 0x800024b8 (0x1b202c13) slti    s8, zero, 434
core   0: 3 0x800024b8 (0x1b202c13) x24 0x00000001
core   0: 0x800024bc (0x411488b3) sub     a7, s1, a7
core   0: 3 0x800024bc (0x411488b3) x17 0xfffffba7
core   0: 0x800024c0 (0x025e6bb3) rem     s7, t3, t0
core   0: 3 0x800024c0 (0x025e6bb3) x23 0x00000000
core   0: 0x800024c4 (0x03f97d33) remu    s10, s2, t6
core   0: 3 0x800024c4 (0x03f97d33) x26 0x00000325
core   0: 0x800024c8 (0x1f518293) addi    t0, gp, 501
core   0: 3 0x800024c8 (0x1f518293) x 5 0x71cb01f5
core   0: 0x800024cc (0x40495033) sra     zero, s2, tp
core   0: 3 0x800024cc (0x40495033)
core   0: 0x800024d0 (0x02915bb3) divu    s7, sp, s1
core   0: 3 0x800024d0 (0x02915bb3) x23 0xffffffff
core   0: 0x800024d4 (0xeff3cb13) xori    s6, t2, -257
core   0: 3 0x800024d4 (0xeff3cb13) x22 0xfffffeff
core   0: 0x800024d8 (0x00000013) nop
core   0: 3 0x800024d8 (0x00000013)
core   0: 0x800024dc (0x019e15b3) sll     a1, t3, s9
core   0: 3 0x800024dc (0x019e15b3) x11 0x00000000
core   0: 0x800024e0 (0x03c13fb3) mulhu   t6, sp, t3
core   0: 3 0x800024e0 (0x03c13fb3) x31 0x01c72f7e
core   0: 0x800024e4 (0x0389fa33) remu    s4, s3, s8
core   0: 3 0x800024e4 (0x0389fa33) x20 0x00000000
core   0: 0x800024e8 (0x6ec63e93) sltiu   t4, a2, 1772
core   0: 3 0x800024e8 (0x6ec63e93) x29 0x00000001
core   0: 0x800024ec (0x015fdb33) srl     s6, t6, s5
core   0: 3 0x800024ec (0x015fdb33) x22 0x00000000
core   0: 0x800024f0 (0x00e65f13) srli    t5, a2, 14
core   0: 3 0x800024f0 (0x00e65f13) x30 0x00000000
core   0: 0x800024f4 (0x0048dbb3) srl     s7, a7, tp
core   0: 3 0x800024f4 (0x0048dbb3) x23 0xfffffba7
core   0: 0x800024f8 (0x0310e433) rem     s0, ra, a7
core   0: 3 0x800024f8 (0x0310e433) x 8 0x00000000
core   0: 0x800024fc (0x00f8bfb3) sltu    t6, a7, a5
core   0: 3 0x800024fc (0x00f8bfb3) x31 0x00000000
core   0: 0x80002500 (0x02f4e6b3) rem     a3, s1, a5
core   0: 3 0x80002500 (0x02f4e6b3) x13 0x00000000
core   0: 0x80002504 (0x02109133) mulh    sp, ra, ra
core   0: 3 0x80002504 (0x02109133) x 2 0x00000000
core   0: 0x80002508 (0x018113b3) sll     t2, sp, s8
core   0: 3 0x80002508 (0x018113b3) x 7 0x00000000
core   0: 0x8000250c (0x031a3db3) mulhu   s11, s4, a7
core   0: 3 0x8000250c (0x031a3db3) x27 0x00000000
core   0: 0x80002510 (0x02a785b3) mul     a1, a5, a0
core   0: 3 0x80002510 (0x02a785b3) x11 0x00000000
core   0: 0x80002514 (0x36c20513) addi    a0, tp, 876
core   0: 3 0x80002514 (0x36c20513) x10 0x0000036c
core   0: 0x80002518 (0x03ebdeb3) divu    t4, s7, t5
core   0: 3 0x80002518 (0x03ebdeb3) x29 0xffffffff
core   0: 0x8000251c (0x02f7ec33) rem     s8, a5, a5
core   0: 3 0x8000251c (0x02f7ec33) x24 0x00000000
core   0: 0x80002520 (0x01d11d93) slli    s11, sp, 29
core   0: 3 0x80002520 (0x01d11d93) x27 0x00000000
core   0: 0x80002524 (0x0272e433) rem     s0, t0, t2
core   0: 3 0x80002524 (0x0272e433) x 8 0x71cb01f5
core   0: 0x80002528 (0x01527133) and     sp, tp, s5
core   0: 3 0x80002528 (0x01527133) x 2 0x00000000
core   0: 0x8000252c (0x03685033) divu    zero, a6, s6
core   0: 3 0x8000252c (0x03685033)
core   0: 0x80002530 (0x00d581b3) add     gp, a1, a3
core   0: 3 0x80002530 (0x00d581b3) x 3 0x00000000
core   0: 0x80002534 (0x02b89633) mulh    a2, a7, a1
core   0: 3 0x80002534 (0x02b89633) x12 0x00000000
core   0: 0x80002538 (0x817ebc17) auipc   s8, 0x817eb
core   0: 3 0x80002538 (0x817ebc17) x24 0x017ed538
core   0: 0x8000253c (0x66ef6693) ori     a3, t5, 1646
core   0: 3 0x8000253c (0x66ef6693) x13 0x0000066e
core   0: 0x80002540 (0x03573833) mulhu   a6, a4, s5
core   0: 3 0x80002540 (0x03573833) x16 0x00000fff
core   0: 0x80002544 (0x03c0bd33) mulhu   s10, ra, t3
core   0: 3 0x80002544 (0x03c0bd33) x26 0x00000000
core   0: 0x80002548 (0x01539493) slli    s1, t2, 21
core   0: 3 0x80002548 (0x01539493) x 9 0x00000000
core   0: 0x8000254c (0x02db7a33) remu    s4, s6, a3
core   0: 3 0x8000254c (0x02db7a33) x20 0x00000000
core   0: 0x80002550 (0x03452833) mulhsu  a6, a0, s4
core   0: 3 0x80002550 (0x03452833) x16 0x00000000
core   0: 0x80002554 (0x024dc3b3) div     t2, s11, tp
core   0: 3 0x80002554 (0x024dc3b3) x 7 0xffffffff
core   0: 0x80002558 (0x029fbd33) mulhu   s10, t6, s1
core   0: 3 0x80002558 (0x029fbd33) x26 0x00000000
core   0: 0x8000255c (0x1c2e7613) andi    a2, t3, 450
core   0: 3 0x8000255c (0x1c2e7613) x12 0x00000000
core   0: 0x80002560 (0xeb4bb613) sltiu   a2, s7, -332
core   0: 3 0x80002560 (0xeb4bb613) x12 0x00000001
core   0: 0x80002564 (0x010e9533) sll     a0, t4, a6
core   0: 3 0x80002564 (0x010e9533) x10 0xffffffff
core   0: 0x80002568 (0x00000013) nop
core   0: 3 0x80002568 (0x00000013)
core   0: 0x8000256c (0x01a61933) sll     s2, a2, s10
core   0: 3 0x8000256c (0x01a61933) x18 0x00000001
core   0: 0x80002570 (0x019cd793) srli    a5, s9, 25
core   0: 3 0x80002570 (0x019cd793) x15 0x00000040
core   0: 0x80002574 (0x03bc64b3) rem     s1, s8, s11
core   0: 3 0x80002574 (0x03bc64b3) x 9 0x017ed538
core   0: 0x80002578 (0x00e22433) slt     s0, tp, a4
core   0: 3 0x80002578 (0x00e22433) x 8 0x00000000
core   0: 0x8000257c (0x032e2633) mulhsu  a2, t3, s2
core   0: 3 0x8000257c (0x032e2633) x12 0xffffffff
core   0: 0x80002580 (0x03bd11b3) mulh    gp, s10, s11
core   0: 3 0x80002580 (0x03bd11b3) x 3 0x00000000
core   0: 0x80002584 (0x4eec4e93) xori    t4, s8, 1262
core   0: 3 0x80002584 (0x4eec4e93) x29 0x017ed1d6
core   0: 0x80002588 (0x03b5f6b3) remu    a3, a1, s11
core   0: 3 0x80002588 (0x03b5f6b3) x13 0x00000000
core   0: 0x8000258c (0x036a4833) div     a6, s4, s6
core   0: 3 0x8000258c (0x036a4833) x16 0xffffffff
core   0: 0x80002590 (0x000764b3) or      s1, a4, zero
core   0: 3 0x80002590 (0x000764b3) x 9 0x80014e64
core   0: 0x80002594 (0x4100da33) sra     s4, ra, a6
core   0: 3 0x80002594 (0x4100da33) x20 0x00000000
core   0: 0x80002598 (0x1f5ce517) auipc   a0, 0x1f5ce
core   0: 3 0x80002598 (0x1f5ce517) x10 0x9f5d0598
core   0: 0x8000259c (0x02aad8b3) divu    a7, s5, a0
core   0: 3 0x8000259c (0x02aad8b3) x17 0x00000000
core   0: 0x800025a0 (0x027914b3) mulh    s1, s2, t2
core   0: 3 0x800025a0 (0x027914b3) x 9 0xffffffff
core   0: 0x800025a4 (0x02e4bdb3) mulhu   s11, s1, a4
core   0: 3 0x800025a4 (0x02e4bdb3) x27 0x80014e63
core   0: 0x800025a8 (0x406d7b13) andi    s6, s10, 1030
core   0: 3 0x800025a8 (0x406d7b13) x22 0x00000000
core   0: 0x800025ac (0x48aeef93) ori     t6, t4, 1162
core   0: 3 0x800025ac (0x48aeef93) x31 0x017ed5de
core   0: 0x800025b0 (0x02015eb3) divu    t4, sp, zero
core   0: 3 0x800025b0 (0x02015eb3) x29 0xffffffff
core   0: 0x800025b4 (0x007962b3) or      t0, s2, t2
core   0: 3 0x800025b4 (0x007962b3) x 5 0xffffffff
core   0: 0x800025b8 (0x8c8dab17) auipc   s6, 0x8c8da
core   0: 3 0x800025b8 (0x8c8dab17) x22 0x0c8dc5b8
core   0: 0x800025bc (0x62243213) sltiu   tp, s0, 1570
core   0: 3 0x800025bc (0x62243213) x 4 0x00000001
core   0: 0x800025c0 (0xb7c10313) addi    t1, sp, -1156
core   0: 3 0x800025c0 (0xb7c10313) x 6 0xfffffb7c
core   0: 0x800025c4 (0x0329d4b3) divu    s1, s3, s2
core   0: 3 0x800025c4 (0x0329d4b3) x 9 0x00000000
core   0: 0x800025c8 (0xd6a060b7) lui     ra, 0xd6a06
core   0: 3 0x800025c8 (0xd6a060b7) x 1 0xd6a06000
core   0: 0x800025cc (0x419c0f33) sub     t5, s8, s9
core   0: 3 0x800025cc (0x419c0f33) x30 0x817d4854
core   0: 0x800025d0 (0x011c5a33) srl     s4, s8, a7
core   0: 3 0x800025d0 (0x011c5a33) x20 0x017ed538
core   0: 0x800025d4 (0x037b1b33) mulh    s6, s6, s7
core   0: 3 0x800025d4 (0x037b1b33) x22 0xffffffc9
core   0: 0x800025d8 (0xaf353f13) sltiu   t5, a0, -1293
core   0: 3 0x800025d8 (0xaf353f13) x30 0x00000001
core   0: 0x800025dc (0xdaef8117) auipc   sp, 0xdaef8
core   0: 3 0x800025dc (0xdaef8117) x 2 0x5aefa5dc
core   0: 0x800025e0 (0x41335033) sra     zero, t1, s3
core   0: 3 0x800025e0 (0x41335033)
core   0: 0x800025e4 (0x41715333) sra     t1, sp, s7
core   0: 3 0x800025e4 (0x41715333) x 6 0x00b5df4b
core   0: 0x800025e8 (0x00ae7533) and     a0, t3, a0
core   0: 3 0x800025e8 (0x00ae7533) x10 0x80000000
core   0: 0x800025ec (0x813c8f13) addi    t5, s9, -2029
core   0: 3 0x800025ec (0x813c8f13) x30 0x800184f7
core   0: 0x800025f0 (0x00f971b3) and     gp, s2, a5
core   0: 3 0x800025f0 (0x00f971b3) x 3 0x00000000
core   0: 0x800025f4 (0x033352b3) divu    t0, t1, s3
core   0: 3 0x800025f4 (0x033352b3) x 5 0xffffffff
core   0: 0x800025f8 (0x031aed33) rem     s10, s5, a7
core   0: 3 0x800025f8 (0x031aed33) x26 0x00001fff
core   0: 0x800025fc (0x5cd14517) auipc   a0, 0x5cd14
core   0: 3 0x800025fc (0x5cd14517) x10 0xdcd165fc
core   0: 0x80002600 (0x63866613) ori     a2, a2, 1592
core   0: 3 0x80002600 (0x63866613) x12 0xffffffff
core   0: 0x80002604 (0x3ffed117) auipc   sp, 0x3ffed
core   0: 3 0x80002604 (0x3ffed117) x 2 0xbffef604
core   0: 0x80002608 (0x4e236c13) ori     s8, t1, 1250
core   0: 3 0x80002608 (0x4e236c13) x24 0x00b5dfeb
core   0: 0x8000260c (0x01eb37b3) sltu    a5, s6, t5
core   0: 3 0x8000260c (0x01eb37b3) x15 0x00000000
core   0: 0x80002610 (0x003d29b3) slt     s3, s10, gp
core   0: 3 0x80002610 (0x003d29b3) x19 0x00000000
core   0: 0x80002614 (0x02c6f633) remu    a2, a3, a2
core   0: 3 0x80002614 (0x02c6f633) x12 0x00000000
core   0: 0x80002618 (0x038c90b3) mulh    ra, s9, s8
core   0: 3 0x80002618 (0x038c90b3) x 1 0xffa51124
core   0: 0x8000261c (0x019b3ab3) sltu    s5, s6, s9
core   0: 3 0x8000261c (0x019b3ab3) x21 0x00000000
core   0: 0x80002620 (0x00dd34b3) sltu    s1, s10, a3
core   0: 3 0x80002620 (0x00dd34b3) x 9 0x00000000
core   0: 0x80002624 (0x01431a93) slli    s5, t1, 20
core   0: 3 0x80002624 (0x01431a93) x21 0xf4b00000
core   0: 0x80002628 (0x019560b3) or      ra, a0, s9
core   0: 3 0x80002628 (0x019560b3) x 1 0xdcd1edfc
core   0: 0x8000262c (0x03fec833) div     a6, t4, t6
core   0: 3 0x8000262c (0x03fec833) x16 0x00000000
core   0: 0x80002630 (0x02dfeeb3) rem     t4, t6, a3
core   0: 3 0x80002630 (0x02dfeeb3) x29 0x017ed5de
core   0: 0x80002634 (0x017d9493) slli    s1, s11, 23
core   0: 3 0x80002634 (0x017d9493) x 9 0x31800000
core   0: 0x80002638 (0x01601113) slli    sp, zero, 22
core   0: 3 0x80002638 (0x01601113) x 2 0x00000000
core   0: 0x8000263c (0x0043dd93) srli    s11, t2, 4
core   0: 3 0x8000263c (0x0043dd93) x27 0x0fffffff
core   0: 0x80002640 (0x00000013) nop
core   0: 3 0x80002640 (0x00000013)
core   0: 0x80002644 (0x7fdc0537) lui     a0, 0x7fdc0
core   0: 3 0x80002644 (0x7fdc0537) x10 0x7fdc0000
core   0: 0x80002648 (0x0050c2b3) xor     t0, ra, t0
core   0: 3 0x80002648 (0x0050c2b3) x 5 0x232e1203
core   0: 0x8000264c (0x40c05633) sra     a2, zero, a2
core   0: 3 0x8000264c (0x40c05633) x12 0x00000000
core   0: 0x80002650 (0x031cbfb3) mulhu   t6, s9, a7
core   0: 3 0x80002650 (0x031cbfb3) x31 0x00000000
core   0: 0x80002654 (0x00e709b3) add     s3, a4, a4
core   0: 3 0x80002654 (0x00e709b3) x19 0x00029cc8
core   0: 0x80002658 (0x01c15493) srli    s1, sp, 28
core   0: 3 0x80002658 (0x01c15493) x 9 0x00000000
core   0: 0x8000265c (0x35097f93) andi    t6, s2, 848
core   0: 3 0x8000265c (0x35097f93) x31 0x00000000
core   0: 0x80002660 (0xa6faba17) auipc   s4, 0xa6fab
core   0: 3 0x80002660 (0xa6faba17) x20 0x26fad660
core   0: 0x80002664 (0x03adc2b3) div     t0, s11, s10
core   0: 3 0x80002664 (0x03adc2b3) x 5 0x00008004
core   0: 0x80002668 (0x036bfbb3) remu    s7, s7, s6
core   0: 3 0x80002668 (0x036bfbb3) x23 0xfffffba7
core   0: 0x8000266c (0xd343ab13) slti    s6, t2, -716
core   0: 3 0x8000266c (0xd343ab13) x22 0x00000000
core   0: 0x80002670 (0x03c51933) mulh    s2, a0, t3
core   0: 3 0x80002670 (0x03c51933) x18 0xc0120000
core   0: 0x80002674 (0x41075db3) sra     s11, a4, a6
core   0: 3 0x80002674 (0x41075db3) x27 0x80014e64
core   0: 0x80002678 (0x03904533) div     a0, zero, s9
core   0: 3 0x80002678 (0x03904533) x10 0x00000000
core   0: 0x8000267c (0x40d85813) srai    a6, a6, 13
core   0: 3 0x8000267c (0x40d85813) x16 0x00000000
core   0: 0x80002680 (0xca74b593) sltiu   a1, s1, -857
core   0: 3 0x80002680 (0xca74b593) x11 0x00000001
core   0: 0x80002684 (0x0079f233) and     tp, s3, t2
core   0: 3 0x80002684 (0x0079f233) x 4 0x00029cc8
core   0: 0x80002688 (0x4175da13) srai    s4, a1, 23
core   0: 3 0x80002688 (0x4175da13) x20 0x00000000
core   0: 0x8000268c (0x406b5213) srai    tp, s6, 6
core   0: 3 0x8000268c (0x406b5213) x 4 0x00000000
core   0: 0x80002690 (0x014a1613) slli    a2, s4, 20
core   0: 3 0x80002690 (0x014a1613) x12 0x00000000
core   0: 0x80002694 (0x027440b3) div     ra, s0, t2
core   0: 3 0x80002694 (0x027440b3) x 1 0x00000000
core   0: 0x80002698 (0xc0397313) andi    t1, s2, -1021
core   0: 3 0x80002698 (0xc0397313) x 6 0xc0120000
core   0: 0x8000269c (0x01721b13) slli    s6, tp, 23
core   0: 3 0x8000269c (0x01721b13) x22 0x00000000
core   0: 0x800026a0 (0x01177333) and     t1, a4, a7
core   0: 3 0x800026a0 (0x01177333) x 6 0x00000000
core   0: 0x800026a4 (0x41998ab3) sub     s5, s3, s9
core   0: 3 0x800026a4 (0x41998ab3) x21 0x80010fe4
core   0: 0x800026a8 (0x03306f33) rem     t5, zero, s3
core   0: 3 0x800026a8 (0x03306f33) x30 0x00000000
core   0: 0x800026ac (0x00c8d313) srli    t1, a7, 12
core   0: 3 0x800026ac (0x00c8d313) x 6 0x00000000
core   0: 0x800026b0 (0x0128e6b3) or      a3, a7, s2
core   0: 3 0x800026b0 (0x0128e6b3) x13 0xc0120000
core   0: 0x800026b4 (0x01fe00b3) add     ra, t3, t6
core   0: 3 0x800026b4 (0x01fe00b3) x 1 0x80000000
core   0: 0x800026b8 (0x0105e6b3) or      a3, a1, a6
core   0: 3 0x800026b8 (0x0105e6b3) x13 0x00000001
core   0: 0x800026bc (0x008616b3) sll     a3, a2, s0
core   0: 3 0x800026bc (0x008616b3) x13 0x00000000
core   0: 0x800026c0 (0x01e09993) slli    s3, ra, 30
core   0: 3 0x800026c0 (0x01e09993) x19 0x00000000
core   0: 0x800026c4 (0x003a4633) xor     a2, s4, gp
core   0: 3 0x800026c4 (0x003a4633) x12 0x00000000
core   0: 0x800026c8 (0x00a329b3) slt     s3, t1, a0
core   0: 3 0x800026c8 (0x00a329b3) x19 0x00000000
core   0: 0x800026cc (0x7cc72517) auipc   a0, 0x7cc72
core   0: 3 0x800026cc (0x7cc72517) x10 0xfcc746cc
core   0: 0x800026d0 (0x038cb533) mulhu   a0, s9, s8
core   0: 3 0x800026d0 (0x038cb533) x10 0x005af10f
core   0: 0x800026d4 (0x00000013) nop
core   0: 3 0x800026d4 (0x00000013)
core   0: 0x800026d8 (0x003fb6b3) sltu    a3, t6, gp
core   0: 3 0x800026d8 (0x003fb6b3) x13 0x00000000
core   0: 0x800026dc (0x011f4f33) xor     t5, t5, a7
core   0: 3 0x800026dc (0x011f4f33) x30 0x00000000
core   0: 0x800026e0 (0x42980093) addi    ra, a6, 1065
core   0: 3 0x800026e0 (0x42980093) x 1 0x00000429
core   0: 0x800026e4 (0x032f10b3) mulh    ra, t5, s2
core   0: 3 0x800026e4 (0x032f10b3) x 1 0x00000000
core   0: 0x800026e8 (0x00e0a033) slt     zero, ra, a4
core   0: 3 0x800026e8 (0x00e0a033)
core   0: 0x800026ec (0x014fb633) sltu    a2, t6, s4
core   0: 3 0x800026ec (0x014fb633) x12 0x00000000
core   0: 0x800026f0 (0xd7625117) auipc   sp, 0xd7625
core   0: 3 0x800026f0 (0xd7625117) x 2 0x576276f0
core   0: 0x800026f4 (0x015f0fb3) add     t6, t5, s5
core   0: 3 0x800026f4 (0x015f0fb3) x31 0x80010fe4
core   0: 0x800026f8 (0xf5c0ea93) ori     s5, ra, -164
core   0: 3 0x800026f8 (0xf5c0ea93) x21 0xffffff5c
core   0: 0x800026fc (0x428f7d13) andi    s10, t5, 1064
core   0: 3 0x800026fc (0x428f7d13) x26 0x00000000
core   0: 0x80002700 (0x00000013) nop
core   0: 3 0x80002700 (0x00000013)
core   0: 0x80002704 (0x404b5633) sra     a2, s6, tp
core   0: 3 0x80002704 (0x404b5633) x12 0x00000000
core   0: 0x80002708 (0x0046a133) slt     sp, a3, tp
core   0: 3 0x80002708 (0x0046a133) x 2 0x00000000
core   0: 0x8000270c (0x018d86b3) add     a3, s11, s8
core   0: 3 0x8000270c (0x018d86b3) x13 0x80b72e4f
core   0: 0x80002710 (0x01b49f33) sll     t5, s1, s11
core   0: 3 0x80002710 (0x01b49f33) x30 0x00000000
core   0: 0x80002714 (0x4049da93) srai    s5, s3, 4
core   0: 3 0x80002714 (0x4049da93) x21 0x00000000
core   0: 0x80002718 (0x677ac7b7) lui     a5, 0x677ac
core   0: 3 0x80002718 (0x677ac7b7) x15 0x677ac000
core   0: 0x8000271c (0x084f3537) lui     a0, 0x84f3
core   0: 3 0x8000271c (0x084f3537) x10 0x084f3000
core   0: 0x80002720 (0x02b2e333) rem     t1, t0, a1
core   0: 3 0x80002720 (0x02b2e333) x 6 0x00000000
core   0: 0x80002724 (0x00000013) nop
core   0: 3 0x80002724 (0x00000013)
core   0: 0x80002728 (0x409d8633) sub     a2, s11, s1
core   0: 3 0x80002728 (0x409d8633) x12 0x80014e64
core   0: 0x8000272c (0xfb45f813) andi    a6, a1, -76
core   0: 3 0x8000272c (0xfb45f813) x16 0x00000000
core   0: 0x80002730 (0x00f35533) srl     a0, t1, a5
core   0: 3 0x80002730 (0x00f35533) x10 0x00000000
core   0: 0x80002734 (0x01ac6a33) or      s4, s8, s10
core   0: 3 0x80002734 (0x01ac6a33) x20 0x00b5dfeb
core   0: 0x80002738 (0xc039a813) slti    a6, s3, -1021
core   0: 3 0x80002738 (0xc039a813) x16 0x00000000
core   0: 0x8000273c (0x40ca5c33) sra     s8, s4, a2
core   0: 3 0x8000273c (0x40ca5c33) x24 0x000b5dfe
core   0: 0x80002740 (0x0048bdb3) sltu    s11, a7, tp
core   0: 3 0x80002740 (0x0048bdb3) x27 0x00000000
core   0: 0x80002744 (0x28103f13) sltiu   t5, zero, 641
core   0: 3 0x80002744 (0x28103f13) x30 0x00000001
core   0: 0x80002748 (0x41640d33) sub     s10, s0, s6
core   0: 3 0x80002748 (0x41640d33) x26 0x00000000
core   0: 0x8000274c (0xca483d93) sltiu   s11, a6, -860
core   0: 3 0x8000274c (0xca483d93) x27 0x00000001
core   0: 0x80002750 (0x01a724b3) slt     s1, a4, s10
core   0: 3 0x80002750 (0x01a724b3) x 9 0x00000001
core   0: 0x80002754 (0x00000013) nop
core   0: 3 0x80002754 (0x00000013)
core   0: 0x80002758 (0x403b0c33) sub     s8, s6, gp
core   0: 3 0x80002758 (0x403b0c33) x24 0x00000000
core   0: 0x8000275c (0x034ba233) mulhsu  tp, s7, s4
core   0: 3 0x8000275c (0x034ba233) x 4 0xfffffffc
core   0: 0x80002760 (0x02da6fb3) rem     t6, s4, a3
core   0: 3 0x80002760 (0x02da6fb3) x31 0x00b5dfeb
core   0: 0x80002764 (0x009349b3) xor     s3, t1, s1
core   0: 3 0x80002764 (0x009349b3) x19 0x00000001
core   0: 0x80002768 (0x028e62b3) rem     t0, t3, s0
core   0: 3 0x80002768 (0x028e62b3) x 5 0x80000000
core   0: 0x8000276c (0x4d09c637) lui     a2, 0x4d09c
core   0: 3 0x8000276c (0x4d09c637) x12 0x4d09c000
core   0: 0x80002770 (0x01bb9233) sll     tp, s7, s11
core   0: 3 0x80002770 (0x01bb9233) x 4 0xfffff74e
core   0: 0x80002774 (0x01afc9b3) xor     s3, t6, s10
core   0: 3 0x80002774 (0x01afc9b3) x19 0x00b5dfeb
core   0: 0x80002778 (0xac99c237) lui     tp, 0xac99c
core   0: 3 0x80002778 (0xac99c237) x 4 0xac99c000
core   0: 0x8000277c (0x001edd13) srli    s10, t4, 1
core   0: 3 0x8000277c (0x001edd13) x26 0x00bf6aef
core   0: 0x80002780 (0x00f5b633) sltu    a2, a1, a5
core   0: 3 0x80002780 (0x00f5b633) x12 0x00000001
core   0: 0x80002784 (0x41715393) srai    t2, sp, 23
core   0: 3 0x80002784 (0x41715393) x 7 0x00000000
core   0: 0x80002788 (0x5cf4fd13) andi    s10, s1, 1487
core   0: 3 0x80002788 (0x5cf4fd13) x26 0x00000001
core   0: 0x8000278c (0x03559bb3) mulh    s7, a1, s5
core   0: 3 0x8000278c (0x03559bb3) x23 0x00000000
core   0: 0x80002790 (0x6cec0313) addi    t1, s8, 1742
core   0: 3 0x80002790 (0x6cec0313) x 6 0x000006ce
core   0: 0x80002794 (0x007f67b3) or      a5, t5, t2
core   0: 3 0x80002794 (0x007f67b3) x15 0x00000001
core   0: 0x80002798 (0x029294b3) mulh    s1, t0, s1
core   0: 3 0x80002798 (0x029294b3) x 9 0xffffffff
core   0: 0x8000279c (0x03a67ab3) remu    s5, a2, s10
core   0: 3 0x8000279c (0x03a67ab3) x21 0x00000000
core   0: 0x800027a0 (0x0042f233) and     tp, t0, tp
core   0: 3 0x800027a0 (0x0042f233) x 4 0x80000000
core   0: 0x800027a4 (0x028cb9b3) mulhu   s3, s9, s0
core   0: 3 0x800027a4 (0x028cb9b3) x19 0x00000000
core   0: 0x800027a8 (0x00971ab3) sll     s5, a4, s1
core   0: 3 0x800027a8 (0x00971ab3) x21 0x00000000
core   0: 0x800027ac (0x012d9313) slli    t1, s11, 18
core   0: 3 0x800027ac (0x012d9313) x 6 0x00040000
core   0: 0x800027b0 (0x00d47ab3) and     s5, s0, a3
core   0: 3 0x800027b0 (0x00d47ab3) x21 0x00000000
core   0: 0x800027b4 (0x02a43d33) mulhu   s10, s0, a0
core   0: 3 0x800027b4 (0x02a43d33) x26 0x00000000
core   0: 0x800027b8 (0x02063633) mulhu   a2, a2, zero
core   0: 3 0x800027b8 (0x02063633) x12 0x00000000
core   0: 0x800027bc (0x19c83b97) auipc   s7, 0x19c83
core   0: 3 0x800027bc (0x19c83b97) x23 0x99c857bc
core   0: 0x800027c0 (0x017df833) and     a6, s11, s7
core   0: 3 0x800027c0 (0x017df833) x16 0x00000000
core   0: 0x800027c4 (0x25924337) lui     t1, 0x25924
core   0: 3 0x800027c4 (0x25924337) x 6 0x25924000
core   0: 0x800027c8 (0xba1be493) ori     s1, s7, -1119
core   0: 3 0x800027c8 (0xba1be493) x 9 0xffffffbd
core   0: 0x800027cc (0x0070e133) or      sp, ra, t2
core   0: 3 0x800027cc (0x0070e133) x 2 0x00000000
core   0: 0x800027d0 (0x03ae4233) div     tp, t3, s10
core   0: 3 0x800027d0 (0x03ae4233) x 4 0xffffffff
core   0: 0x800027d4 (0x286029b7) lui     s3, 0x28602
core   0: 3 0x800027d4 (0x286029b7) x19 0x28602000
core   0: 0x800027d8 (0x509de0b7) lui     ra, 0x509de
core   0: 3 0x800027d8 (0x509de0b7) x 1 0x509de000
core   0: 0x800027dc (0x02798a33) mul     s4, s3, t2
core   0: 3 0x800027dc (0x02798a33) x20 0x00000000
core   0: 0x800027e0 (0xd517cf93) xori    t6, a5, -687
core   0: 3 0x800027e0 (0xd517cf93) x31 0xfffffd50
core   0: 0x800027e4 (0x4003dc13) srai    s8, t2, 0
core   0: 3 0x800027e4 (0x4003dc13) x24 0x00000000
core   0: 0x800027e8 (0x02ca8133) mul     sp, s5, a2
core   0: 3 0x800027e8 (0x02ca8133) x 2 0x00000000
core   0: 0x800027ec (0x00afdc33) srl     s8, t6, a0
core   0: 3 0x800027ec (0x00afdc33) x24 0xfffffd50
core   0: 0x800027f0 (0x40c704b3) sub     s1, a4, a2
core   0: 3 0x800027f0 (0x40c704b3) x 9 0x80014e64
core   0: 0x800027f4 (0x97414937) lui     s2, 0x97414
core   0: 3 0x800027f4 (0x97414937) x18 0x97414000
core   0: 0x800027f8 (0x41b9d013) srai    zero, s3, 27
core   0: 3 0x800027f8 (0x41b9d013)
core   0: 0x800027fc (0x89d06313) ori     t1, zero, -1891
core   0: 3 0x800027fc (0x89d06313) x 6 0xfffff89d
core   0: 0x80002800 (0x41568433) sub     s0, a3, s5
core   0: 3 0x80002800 (0x41568433) x 8 0x80b72e4f
core   0: 0x80002804 (0x0311c5b3) div     a1, gp, a7
core   0: 3 0x80002804 (0x0311c5b3) x11 0xffffffff
core   0: 0x80002808 (0x6bffa537) lui     a0, 0x6bffa
core   0: 3 0x80002808 (0x6bffa537) x10 0x6bffa000
core   0: 0x8000280c (0x00000013) nop
core   0: 3 0x8000280c (0x00000013)
core   0: 0x80002810 (0x02251533) mulh    a0, a0, sp
core   0: 3 0x80002810 (0x02251533) x10 0x00000000
core   0: 0x80002814 (0x63d6eb93) ori     s7, a3, 1597
core   0: 3 0x80002814 (0x63d6eb93) x23 0x80b72e7f
core   0: 0x80002818 (0x03646d33) rem     s10, s0, s6
core   0: 3 0x80002818 (0x03646d33) x26 0x80b72e4f
core   0: 0x8000281c (0x01992eb3) slt     t4, s2, s9
core   0: 3 0x8000281c (0x01992eb3) x29 0x00000000
core   0: 0x80002820 (0x03f40c33) mul     s8, s0, t6
core   0: 3 0x80002820 (0x03f40c33) x24 0x13b38bb0
core   0: 0x80002824 (0x0122f233) and     tp, t0, s2
core   0: 3 0x80002824 (0x0122f233) x 4 0x80000000
core   0: 0x80002828 (0x0190e133) or      sp, ra, s9
core   0: 3 0x80002828 (0x0190e133) x 2 0xd09dece4
core   0: 0x8000282c (0x01312db3) slt     s11, sp, s3
core   0: 3 0x8000282c (0x01312db3) x27 0x00000001
core   0: 0x80002830 (0xcf857a13) andi    s4, a0, -776
core   0: 3 0x80002830 (0xcf857a13) x20 0x00000000
core   0: 0x80002834 (0x4040d9b3) sra     s3, ra, tp
core   0: 3 0x80002834 (0x4040d9b3) x19 0x509de000
core   0: 0x80002838 (0x0022d533) srl     a0, t0, sp
core   0: 3 0x80002838 (0x0022d533) x10 0x08000000
core   0: 0x8000283c (0x00778933) add     s2, a5, t2
core   0: 3 0x8000283c (0x00778933) x18 0x00000001
core   0: 0x80002840 (0x0e807b13) andi    s6, zero, 232
core   0: 3 0x80002840 (0x0e807b13) x22 0x00000000
core   0: 0x80002844 (0x02379633) mulh    a2, a5, gp
core   0: 3 0x80002844 (0x02379633) x12 0x00000000
core   0: 0x80002848 (0x3206d497) auipc   s1, 0x3206d
core   0: 3 0x80002848 (0x3206d497) x 9 0xb206f848
core   0: 0x8000284c (0x172e4a93) xori    s5, t3, 370
core   0: 3 0x8000284c (0x172e4a93) x21 0x80000172
core   0: 0x80002850 (0x00903933) snez    s2, s1
core   0: 3 0x80002850 (0x00903933) x18 0x00000001
core   0: 0x80002854 (0x01030ab3) add     s5, t1, a6
core   0: 3 0x80002854 (0x01030ab3) x21 0xfffff89d
core   0: 0x80002858 (0x41e383b3) sub     t2, t2, t5
core   0: 3 0x80002858 (0x41e383b3) x 7 0xffffffff
core   0: 0x8000285c (0x03aef5b3) remu    a1, t4, s10
core   0: 3 0x8000285c (0x03aef5b3) x11 0x00000000
core   0: 0x80002860 (0x27375eb7) lui     t4, 0x27375
core   0: 3 0x80002860 (0x27375eb7) x29 0x27375000
core   0: 0x80002864 (0x025401b3) mul     gp, s0, t0
core   0: 3 0x80002864 (0x025401b3) x 3 0x80000000
core   0: 0x80002868 (0x26d1a293) slti    t0, gp, 621
core   0: 3 0x80002868 (0x26d1a293) x 5 0x00000001
core   0: 0x8000286c (0xa11e2613) slti    a2, t3, -1519
core   0: 3 0x8000286c (0xa11e2613) x12 0x00000001
core   0: 0x80002870 (0x024a6233) rem     tp, s4, tp
core   0: 3 0x80002870 (0x024a6233) x 4 0x00000000
core   0: 0x80002874 (0x00ce55b3) srl     a1, t3, a2
core   0: 3 0x80002874 (0x00ce55b3) x11 0x40000000
core   0: 0x80002878 (0x03e43833) mulhu   a6, s0, t5
core   0: 3 0x80002878 (0x03e43833) x16 0x00000000
core   0: 0x8000287c (0x02a1bfb3) mulhu   t6, gp, a0
core   0: 3 0x8000287c (0x02a1bfb3) x31 0x04000000
core   0: 0x80002880 (0x65c27013) andi    zero, tp, 1628
core   0: 3 0x80002880 (0x65c27013)
core   0: 0x80002884 (0x026be9b3) rem     s3, s7, t1
core   0: 3 0x80002884 (0x026be9b3) x19 0xfffffd2e
core   0: 0x80002888 (0x00000013) nop
core   0: 3 0x80002888 (0x00000013)
core   0: 0x8000288c (0x41bc04b3) sub     s1, s8, s11
core   0: 3 0x8000288c (0x41bc04b3) x 9 0x13b38baf
core   0: 0x80002890 (0x0300b8b3) mulhu   a7, ra, a6
core   0: 3 0x80002890 (0x0300b8b3) x17 0x00000000
core   0: 0x80002894 (0x0195db93) srli    s7, a1, 25
core   0: 3 0x80002894 (0x0195db93) x23 0x00000020
core   0: 0x80002898 (0x03df96b3) mulh    a3, t6, t4
core   0: 3 0x80002898 (0x03df96b3) x13 0x009cdd40
core   0: 0x8000289c (0x008c91b3) sll     gp, s9, s0
core   0: 3 0x8000289c (0x008c91b3) x 3 0xc6720000
core   0: 0x800028a0 (0x40cf0c33) sub     s8, t5, a2
core   0: 3 0x800028a0 (0x40cf0c33) x24 0x00000000
core   0: 0x800028a4 (0x01c33ab3) sltu    s5, t1, t3
core   0: 3 0x800028a4 (0x01c33ab3) x21 0x00000000
core   0: 0x800028a8 (0x41b25f13) srai    t5, tp, 27
core   0: 3 0x800028a8 (0x41b25f13) x30 0x00000000
core   0: 0x800028ac (0x017b0ab3) add     s5, s6, s7
core   0: 3 0x800028ac (0x017b0ab3) x21 0x00000020
core   0: 0x800028b0 (0x8a21b413) sltiu   s0, gp, -1886
core   0: 3 0x800028b0 (0x8a21b413) x 8 0x00000001
core   0: 0x800028b4 (0x02984b33) div     s6, a6, s1
core   0: 3 0x800028b4 (0x02984b33) x22 0x00000000
core   0: 0x800028b8 (0x008697b3) sll     a5, a3, s0
core   0: 3 0x800028b8 (0x008697b3) x15 0x0139ba80
core   0: 0x800028bc (0x408c0533) sub     a0, s8, s0
core   0: 3 0x800028bc (0x408c0533) x10 0xffffffff
core   0: 0x800028c0 (0x03045bb3) divu    s7, s0, a6
core   0: 3 0x800028c0 (0x03045bb3) x23 0xffffffff
core   0: 0x800028c4 (0x02e0b5b3) mulhu   a1, ra, a4
core   0: 3 0x800028c4 (0x02e0b5b3) x11 0x284f594d
core   0: 0x800028c8 (0x41cd0ab3) sub     s5, s10, t3
core   0: 3 0x800028c8 (0x41cd0ab3) x21 0x00b72e4f
core   0: 0x800028cc (0x9c58c913) xori    s2, a7, -1595
core   0: 3 0x800028cc (0x9c58c913) x18 0xfffff9c5
core   0: 0x800028d0 (0x01ff6933) or      s2, t5, t6
core   0: 3 0x800028d0 (0x01ff6933) x18 0x04000000
core   0: 0x800028d4 (0x40918833) sub     a6, gp, s1
core   0: 3 0x800028d4 (0x40918833) x16 0xb2be7451
core   0: 0x800028d8 (0xc13eb913) sltiu   s2, t4, -1005
core   0: 3 0x800028d8 (0xc13eb913) x18 0x00000001
core   0: 0x800028dc (0xbf19f513) andi    a0, s3, -1039
core   0: 3 0x800028dc (0xbf19f513) x10 0xfffff920
core   0: 0x800028e0 (0x00105113) srli    sp, zero, 1
core   0: 3 0x800028e0 (0x00105113) x 2 0x00000000
core   0: 0x800028e4 (0x027c3eb3) mulhu   t4, s8, t2
core   0: 3 0x800028e4 (0x027c3eb3) x29 0x00000000
core   0: 0x800028e8 (0x26f40c13) addi    s8, s0, 623
core   0: 3 0x800028e8 (0x26f40c13) x24 0x00000270
core   0: 0x800028ec (0x00000013) nop
core   0: 3 0x800028ec (0x00000013)
core   0: 0x800028f0 (0x416adf93) srai    t6, s5, 22
core   0: 3 0x800028f0 (0x416adf93) x31 0x00000002
core   0: 0x800028f4 (0x00deaeb3) slt     t4, t4, a3
core   0: 3 0x800028f4 (0x00deaeb3) x29 0x00000001
core   0: 0x800028f8 (0x021be333) rem     t1, s7, ra
core   0: 3 0x800028f8 (0x021be333) x 6 0xffffffff
core   0: 0x800028fc (0x0025d133) srl     sp, a1, sp
core   0: 3 0x800028fc (0x0025d133) x 2 0x284f594d
core   0: 0x80002900 (0x41d85493) srai    s1, a6, 29
core   0: 3 0x80002900 (0x41d85493) x 9 0xfffffffd
core   0: 0x80002904 (0x02a03833) mulhu   a6, zero, a0
core   0: 3 0x80002904 (0x02a03833) x16 0x00000000
core   0: 0x80002908 (0x028e4eb3) div     t4, t3, s0
core   0: 3 0x80002908 (0x028e4eb3) x29 0x80000000
core   0: 0x8000290c (0xcb767a93) andi    s5, a2, -841
core   0: 3 0x8000290c (0xcb767a93) x21 0x00000001
core   0: 0x80002910 (0xfab423b7) lui     t2, 0xfab42
core   0: 3 0x80002910 (0xfab423b7) x 7 0xfab42000
core   0: 0x80002914 (0x02fc0333) mul     t1, s8, a5
core   0: 3 0x80002914 (0x02fc0333) x 6 0xfcb69800
core   0: 0x80002918 (0x41095a33) sra     s4, s2, a6
core   0: 3 0x80002918 (0x41095a33) x20 0x00000001
core   0: 0x8000291c (0x1d934793) xori    a5, t1, 473
core   0: 3 0x8000291c (0x1d934793) x15 0xfcb699d9
core   0: 0x80002920 (0xcab17d93) andi    s11, sp, -853
core   0: 3 0x80002920 (0xcab17d93) x27 0x284f5809
core   0: 0x80002924 (0x5a430b37) lui     s6, 0x5a430
core   0: 3 0x80002924 (0x5a430b37) x22 0x5a430000
core   0: 0x80002928 (0x00000013) nop
core   0: 3 0x80002928 (0x00000013)
core   0: 0x8000292c (0xec1d6013) ori     zero, s10, -319
core   0: 3 0x8000292c (0xec1d6013)
core   0: 0x80002930 (0x014e9093) slli    ra, t4, 20
core   0: 3 0x80002930 (0x014e9093) x 1 0x00000000
core   0: 0x80002934 (0x411ad2b3) sra     t0, s5, a7
core   0: 3 0x80002934 (0x411ad2b3) x 5 0x00000001
core   0: 0x80002938 (0xad0bb893) sltiu   a7, s7, -1328
core   0: 3 0x80002938 (0xad0bb893) x17 0x00000000
core   0: 0x8000293c (0x01fa0b33) add     s6, s4, t6
core   0: 3 0x8000293c (0x01fa0b33) x22 0x00000003
core   0: 0x80002940 (0x01d165b3) or      a1, sp, t4
core   0: 3 0x80002940 (0x01d165b3) x11 0xa84f594d
core   0: 0x80002944 (0x00000013) nop
core   0: 3 0x80002944 (0x00000013)
core   0: 0x80002948 (0x74fdf213) andi    tp, s11, 1871
core   0: 3 0x80002948 (0x74fdf213) x 4 0x00000009
core   0: 0x8000294c (0x00e71a13) slli    s4, a4, 14
core   0: 3 0x8000294c (0x00e71a13) x20 0x53990000
core   0: 0x80002950 (0x0330c933) div     s2, ra, s3
core   0: 3 0x80002950 (0x0330c933) x18 0x00000000
core   0: 0x80002954 (0x02a691b3) mulh    gp, a3, a0
core   0: 3 0x80002954 (0x02a691b3) x 3 0xfffffffb
core   0: 0x80002958 (0x07aee393) ori     t2, t4, 122
core   0: 3 0x80002958 (0x07aee393) x 7 0x8000007a
core   0: 0x8000295c (0x03ea7033) remu    zero, s4, t5
core   0: 3 0x8000295c (0x03ea7033)
core   0: 0x80002960 (0x009a98b3) sll     a7, s5, s1
core   0: 3 0x80002960 (0x009a98b3) x17 0x20000000
core   0: 0x80002964 (0x4e2e6d93) ori     s11, t3, 1250
core   0: 3 0x80002964 (0x4e2e6d93) x27 0x800004e2
core   0: 0x80002968 (0x003d4833) xor     a6, s10, gp
core   0: 3 0x80002968 (0x003d4833) x16 0x7f48d1b4
core   0: 0x8000296c (0x41278ab3) sub     s5, a5, s2
core   0: 3 0x8000296c (0x41278ab3) x21 0xfcb699d9
core   0: 0x80002970 (0x95948417) auipc   s0, 0x95948
core   0: 3 0x80002970 (0x95948417) x 8 0x1594a970
core   0: 0x80002974 (0x01c676b3) and     a3, a2, t3
core   0: 3 0x80002974 (0x01c676b3) x13 0x00000000
core   0: 0x80002978 (0x26c06493) ori     s1, zero, 620
core   0: 3 0x80002978 (0x26c06493) x 9 0x0000026c
core   0: 0x8000297c (0x007f0233) add     tp, t5, t2
core   0: 3 0x8000297c (0x007f0233) x 4 0x8000007a
core   0: 0x80002980 (0x00759113) slli    sp, a1, 7
core   0: 3 0x80002980 (0x00759113) x 2 0x27aca680
core   0: 0x80002984 (0x024a35b3) mulhu   a1, s4, tp
core   0: 3 0x80002984 (0x024a35b3) x11 0x29cc8027
core   0: 0x80002988 (0x03d00ab3) mul     s5, zero, t4
core   0: 3 0x80002988 (0x03d00ab3) x21 0x00000000
core   0: 0x8000298c (0xc7313217) auipc   tp, 0xc7313
core   0: 3 0x8000298c (0xc7313217) x 4 0x4731598c
core   0: 0x80002990 (0x66cb0893) addi    a7, s6, 1644
core   0: 3 0x80002990 (0x66cb0893) x17 0x0000066f
core   0: 0x80002994 (0x3add3013) sltiu   zero, s10, 941
core   0: 3 0x80002994 (0x3add3013)
core   0: 0x80002998 (0x03336333) rem     t1, t1, s3
core   0: 3 0x80002998 (0x03336333) x 6 0xfffffe8c
core   0: 0x8000299c (0x3a71c393) xori    t2, gp, 935
core   0: 3 0x8000299c (0x3a71c393) x 7 0xfffffc5c
core   0: 0x800029a0 (0x00881f13) slli    t5, a6, 8
core   0: 3 0x800029a0 (0x00881f13) x30 0x48d1b400
core   0: 0x800029a4 (0x02bc16b3) mulh    a3, s8, a1
core   0: 3 0x800029a4 (0x02bc16b3) x13 0x00000065
core   0: 0x800029a8 (0x011b9293) slli    t0, s7, 17
core   0: 3 0x800029a8 (0x011b9293) x 5 0xfffe0000
core   0: 0x800029ac (0x035b8eb3) mul     t4, s7, s5
core   0: 3 0x800029ac (0x035b8eb3) x29 0x00000000
core   0: 0x800029b0 (0x01fbb233) sltu    tp, s7, t6
core   0: 3 0x800029b0 (0x01fbb233) x 4 0x00000000
core   0: 0x800029b4 (0x02269333) mulh    t1, a3, sp
core   0: 3 0x800029b4 (0x02269333) x 6 0x0000000f
core   0: 0x800029b8 (0x01e85d13) srli    s10, a6, 30
core   0: 3 0x800029b8 (0x01e85d13) x26 0x00000001
core   0: 0x800029bc (0x9a691eb7) lui     t4, 0x9a691
core   0: 3 0x800029bc (0x9a691eb7) x29 0x9a691000
core   0: 0x800029c0 (0xa6e8cb13) xori    s6, a7, -1426
core   0: 3 0x800029c0 (0xa6e8cb13) x22 0xfffffc01
core   0: 0x800029c4 (0x41e2d1b3) sra     gp, t0, t5
core   0: 3 0x800029c4 (0x41e2d1b3) x 3 0xfffe0000
core   0: 0x800029c8 (0x03372233) mulhsu  tp, a4, s3
core   0: 3 0x800029c8 (0x03372233) x 4 0x80014fcc
core   0: 0x800029cc (0x68259897) auipc   a7, 0x68259
core   0: 3 0x800029cc (0x68259897) x17 0xe825b9cc
core   0: 0x800029d0 (0x03f4e7b3) rem     a5, s1, t6
core   0: 3 0x800029d0 (0x03f4e7b3) x15 0x00000000
core   0: 0x800029d4 (0x014735b3) sltu    a1, a4, s4
core   0: 3 0x800029d4 (0x014735b3) x11 0x00000000
core   0: 0x800029d8 (0x00d21d33) sll     s10, tp, a3
core   0: 3 0x800029d8 (0x00d21d33) x26 0x0029f980
core   0: 0x800029dc (0x001abdb3) sltu    s11, s5, ra
core   0: 3 0x800029dc (0x001abdb3) x27 0x00000000
core   0: 0x800029e0 (0x03a87233) remu    tp, a6, s10
core   0: 3 0x800029e0 (0x03a87233) x 4 0x000c85b4
core   0: 0x800029e4 (0x01f82333) slt     t1, a6, t6
core   0: 3 0x800029e4 (0x01f82333) x 6 0x00000000
core   0: 0x800029e8 (0x824c0f13) addi    t5, s8, -2012
core   0: 3 0x800029e8 (0x824c0f13) x30 0xfffffa94
core   0: 0x800029ec (0x01ae1eb3) sll     t4, t3, s10
core   0: 3 0x800029ec (0x01ae1eb3) x29 0x80000000
core   0: 0x800029f0 (0x016113b3) sll     t2, sp, s6
core   0: 3 0x800029f0 (0x016113b3) x 7 0x4f594d00
core   0: 0x800029f4 (0xa47f3c13) sltiu   s8, t5, -1465
core   0: 3 0x800029f4 (0xa47f3c13) x24 0x00000000
core   0: 0x800029f8 (0x01c03833) snez    a6, t3
core   0: 3 0x800029f8 (0x01c03833) x16 0x00000001
core   0: 0x800029fc (0x0c32f793) andi    a5, t0, 195
core   0: 3 0x800029fc (0x0c32f793) x15 0x00000000
core   0: 0x80002a00 (0x00594533) xor     a0, s2, t0
core   0: 3 0x80002a00 (0x00594533) x10 0xfffe0000
core   0: 0x80002a04 (0x01b13433) sltu    s0, sp, s11
core   0: 3 0x80002a04 (0x01b13433) x 8 0x00000000
core   0: 0x80002a08 (0x01ce6b33) or      s6, t3, t3
core   0: 3 0x80002a08 (0x01ce6b33) x22 0x80000000
core   0: 0x80002a0c (0x59ba7893) andi    a7, s4, 1435
core   0: 3 0x80002a0c (0x59ba7893) x17 0x00000000
core   0: 0x80002a10 (0x00000013) nop
core   0: 3 0x80002a10 (0x00000013)
core   0: 0x80002a14 (0x015e7533) and     a0, t3, s5
core   0: 3 0x80002a14 (0x015e7533) x10 0x00000000
core   0: 0x80002a18 (0x010bd4b3) srl     s1, s7, a6
core   0: 3 0x80002a18 (0x010bd4b3) x 9 0x7fffffff
core   0: 0x80002a1c (0x03c87033) remu    zero, a6, t3
core   0: 3 0x80002a1c (0x03c87033)
core   0: 0x80002a20 (0x02a871b3) remu    gp, a6, a0
core   0: 3 0x80002a20 (0x02a871b3) x 3 0x00000001
core   0: 0x80002a24 (0x009cdc33) srl     s8, s9, s1
core   0: 3 0x80002a24 (0x009cdc33) x24 0x00000001
core   0: 0x80002a28 (0x01509793) slli    a5, ra, 21
core   0: 3 0x80002a28 (0x01509793) x15 0x00000000
core   0: 0x80002a2c (0x020c08b3) mul     a7, s8, zero
core   0: 3 0x80002a2c (0x020c08b3) x17 0x00000000
core   0: 0x80002a30 (0x015703b3) add     t2, a4, s5
core   0: 3 0x80002a30 (0x015703b3) x 7 0x80014e64
core   0: 0x80002a34 (0x31ddc093) xori    ra, s11, 797
core   0: 3 0x80002a34 (0x31ddc093) x 1 0x0000031d
core   0: 0x80002a38 (0x00b05c13) srli    s8, zero, 11
core   0: 3 0x80002a38 (0x00b05c13) x24 0x00000000
core   0: 0x80002a3c (0x01c72d33) slt     s10, a4, t3
core   0: 3 0x80002a3c (0x01c72d33) x26 0x00000000
core   0: 0x80002a40 (0x41a45013) srai    zero, s0, 26
core   0: 3 0x80002a40 (0x41a45013)
core   0: 0x80002a44 (0x418ede93) srai    t4, t4, 24
core   0: 3 0x80002a44 (0x418ede93) x29 0xffffff80
core   0: 0x80002a48 (0x01917833) and     a6, sp, s9
core   0: 3 0x80002a48 (0x01917833) x16 0x00008480
core   0: 0x80002a4c (0x01395a33) srl     s4, s2, s3
core   0: 3 0x80002a4c (0x01395a33) x20 0x00000000
core   0: 0x80002a50 (0x406e06b3) sub     a3, t3, t1
core   0: 3 0x80002a50 (0x406e06b3) x13 0x80000000
core   0: 0x80002a54 (0x0018eb33) or      s6, a7, ra
core   0: 3 0x80002a54 (0x0018eb33) x22 0x0000031d
core   0: 0x80002a58 (0x00b427b3) slt     a5, s0, a1
core   0: 3 0x80002a58 (0x00b427b3) x15 0x00000000
core   0: 0x80002a5c (0x03c578b3) remu    a7, a0, t3
core   0: 3 0x80002a5c (0x03c578b3) x17 0x00000000
core   0: 0x80002a60 (0x015f1493) slli    s1, t5, 21
core   0: 3 0x80002a60 (0x015f1493) x 9 0x52800000
core   0: 0x80002a64 (0x50cff293) andi    t0, t6, 1292
core   0: 3 0x80002a64 (0x50cff293) x 5 0x00000000
core   0: 0x80002a68 (0x03492233) mulhsu  tp, s2, s4
core   0: 3 0x80002a68 (0x03492233) x 4 0x00000000
core   0: 0x80002a6c (0x003e7533) and     a0, t3, gp
core   0: 3 0x80002a6c (0x003e7533) x10 0x00000000
core   0: 0x80002a70 (0x01ced493) srli    s1, t4, 28
core   0: 3 0x80002a70 (0x01ced493) x 9 0x0000000f
core   0: 0x80002a74 (0x010194b3) sll     s1, gp, a6
core   0: 3 0x80002a74 (0x010194b3) x 9 0x00000001
core   0: 0x80002a78 (0x00637d33) and     s10, t1, t1
core   0: 3 0x80002a78 (0x00637d33) x26 0x00000000
core   0: 0x80002a7c (0x401f5293) srai    t0, t5, 1
core   0: 3 0x80002a7c (0x401f5293) x 5 0xfffffd4a
core   0: 0x80002a80 (0x00000013) nop
core   0: 3 0x80002a80 (0x00000013)
core   0: 0x80002a84 (0x0241a3b3) mulhsu  t2, gp, tp
core   0: 3 0x80002a84 (0x0241a3b3) x 7 0x00000000
core   0: 0x80002a88 (0x00065613) srli    a2, a2, 0
core   0: 3 0x80002a88 (0x00065613) x12 0x00000001
core   0: 0x80002a8c (0x038901b3) mul     gp, s2, s8
core   0: 3 0x80002a8c (0x038901b3) x 3 0x00000000
core   0: 0x80002a90 (0x0111dd13) srli    s10, gp, 17
core   0: 3 0x80002a90 (0x0111dd13) x26 0x00000000
core   0: 0x80002a94 (0x010429b3) slt     s3, s0, a6
core   0: 3 0x80002a94 (0x010429b3) x19 0x00000001
core   0: 0x80002a98 (0x02d66c33) rem     s8, a2, a3
core   0: 3 0x80002a98 (0x02d66c33) x24 0x00000001
core   0: 0x80002a9c (0x0207a433) mulhsu  s0, a5, zero
core   0: 3 0x80002a9c (0x0207a433) x 8 0x00000000
core   0: 0x80002aa0 (0x015a08b3) add     a7, s4, s5
core   0: 3 0x80002aa0 (0x015a08b3) x17 0x00000000
core   0: 0x80002aa4 (0x034700b3) mul     ra, a4, s4
core   0: 3 0x80002aa4 (0x034700b3) x 1 0x00000000
core   0: 0x80002aa8 (0xf1038c17) auipc   s8, 0xf1038
core   0: 3 0x80002aa8 (0xf1038c17) x24 0x7103aaa8
core   0: 0x80002aac (0x031badb3) mulhsu  s11, s7, a7
core   0: 3 0x80002aac (0x031badb3) x27 0x00000000
core   0: 0x80002ab0 (0x0025c333) xor     t1, a1, sp
core   0: 3 0x80002ab0 (0x0025c333) x 6 0x27aca680
core   0: 0x80002ab4 (0x008d2c33) slt     s8, s10, s0
core   0: 3 0x80002ab4 (0x008d2c33) x24 0x00000000
core   0: 0x80002ab8 (0x03544eb3) div     t4, s0, s5
core   0: 3 0x80002ab8 (0x03544eb3) x29 0xffffffff
core   0: 0x80002abc (0x03941833) mulh    a6, s0, s9
core   0: 3 0x80002abc (0x03941833) x16 0x00000000
core   0: 0x80002ac0 (0x025b3033) mulhu   zero, s6, t0
core   0: 3 0x80002ac0 (0x025b3033)
core   0: 0x80002ac4 (0x02730bb3) mul     s7, t1, t2
core   0: 3 0x80002ac4 (0x02730bb3) x23 0x00000000
core   0: 0x80002ac8 (0x0287b133) mulhu   sp, a5, s0
core   0: 3 0x80002ac8 (0x0287b133) x 2 0x00000000
core   0: 0x80002acc (0xda056b13) ori     s6, a0, -608
core   0: 3 0x80002acc (0xda056b13) x22 0xfffffda0
core   0: 0x80002ad0 (0x015a9993) slli    s3, s5, 21
core   0: 3 0x80002ad0 (0x015a9993) x19 0x00000000
core   0: 0x80002ad4 (0x41065513) srai    a0, a2, 16
core   0: 3 0x80002ad4 (0x41065513) x10 0x00000000
core   0: 0x80002ad8 (0x030df233) remu    tp, s11, a6
core   0: 3 0x80002ad8 (0x030df233) x 4 0x00000000
core   0: 0x80002adc (0x0100d333) srl     t1, ra, a6
core   0: 3 0x80002adc (0x0100d333) x 6 0x00000000
core   0: 0x80002ae0 (0xa1814793) xori    a5, sp, -1512
core   0: 3 0x80002ae0 (0xa1814793) x15 0xfffffa18
core   0: 0x80002ae4 (0xdf546017) auipc   zero, 0xdf546
core   0: 3 0x80002ae4 (0xdf546017)
core   0: 0x80002ae8 (0x2f44aa93) slti    s5, s1, 756
core   0: 3 0x80002ae8 (0x2f44aa93) x21 0x00000001
core   0: 0x80002aec (0x03bc9333) mulh    t1, s9, s11
core   0: 3 0x80002aec (0x03bc9333) x 6 0x00000000
core   0: 0x80002af0 (0x0984a993) slti    s3, s1, 152
core   0: 3 0x80002af0 (0x0984a993) x19 0x00000001
core   0: 0x80002af4 (0x2d698793) addi    a5, s3, 726
core   0: 3 0x80002af4 (0x2d698793) x15 0x000002d7
core   0: 0x80002af8 (0x0308ef33) rem     t5, a7, a6
core   0: 3 0x80002af8 (0x0308ef33) x30 0x00000000
core   0: 0x80002afc (0x0081d913) srli    s2, gp, 8
core   0: 3 0x80002afc (0x0081d913) x18 0x00000000
core   0: 0x80002b00 (0x03838333) mul     t1, t2, s8
core   0: 3 0x80002b00 (0x03838333) x 6 0x00000000
core   0: 0x80002b04 (0x02d1da33) divu    s4, gp, a3
core   0: 3 0x80002b04 (0x02d1da33) x20 0x00000000
core   0: 0x80002b08 (0x02e6d3b3) divu    t2, a3, a4
core   0: 3 0x80002b08 (0x02e6d3b3) x 7 0x00000000
core   0: 0x80002b0c (0x02534eb3) div     t4, t1, t0
core   0: 3 0x80002b0c (0x02534eb3) x29 0x00000000
core   0: 0x80002b10 (0x623ff893) andi    a7, t6, 1571
core   0: 3 0x80002b10 (0x623ff893) x17 0x00000002
core   0: 0x80002b14 (0x00cb0bb3) add     s7, s6, a2
core   0: 3 0x80002b14 (0x00cb0bb3) x23 0xfffffda1
core   0: 0x80002b18 (0x03be3db3) mulhu   s11, t3, s11
core   0: 3 0x80002b18 (0x03be3db3) x27 0x00000000
core   0: 0x80002b1c (0xf8287a93) andi    s5, a6, -126
core   0: 3 0x80002b1c (0xf8287a93) x21 0x00000000
core   0: 0x80002b20 (0xff073313) sltiu   t1, a4, -16
core   0: 3 0x80002b20 (0xff073313) x 6 0x00000001
core   0: 0x80002b24 (0x0072ad33) slt     s10, t0, t2
core   0: 3 0x80002b24 (0x0072ad33) x26 0x00000001
core   0: 0x80002b28 (0x00000013) nop
core   0: 3 0x80002b28 (0x00000013)
core   0: 0x80002b2c (0x40ab5f93) srai    t6, s6, 10
core   0: 3 0x80002b2c (0x40ab5f93) x31 0xffffffff
core   0: 0x80002b30 (0x5e9a6313) ori     t1, s4, 1513
core   0: 3 0x80002b30 (0x5e9a6313) x 6 0x000005e9
core   0: 0x80002b34 (0x33050897) auipc   a7, 0x33050
core   0: 3 0x80002b34 (0x33050897) x17 0xb3052b34
core   0: 0x80002b38 (0x006cd8b3) srl     a7, s9, t1
core   0: 3 0x80002b38 (0x006cd8b3) x17 0x004000c6
core   0: 0x80002b3c (0x024e5933) divu    s2, t3, tp
core   0: 3 0x80002b3c (0x024e5933) x18 0xffffffff
core   0: 0x80002b40 (0x41ead4b3) sra     s1, s5, t5
core   0: 3 0x80002b40 (0x41ead4b3) x 9 0x00000000
core   0: 0x80002b44 (0x03af55b3) divu    a1, t5, s10
core   0: 3 0x80002b44 (0x03af55b3) x11 0x00000000
core   0: 0x80002b48 (0x41e30833) sub     a6, t1, t5
core   0: 3 0x80002b48 (0x41e30833) x16 0x000005e9
core   0: 0x80002b4c (0x40e7d033) sra     zero, a5, a4
core   0: 3 0x80002b4c (0x40e7d033)
core   0: 0x80002b50 (0x01f7cbb3) xor     s7, a5, t6
core   0: 3 0x80002b50 (0x01f7cbb3) x23 0xfffffd28
core   0: 0x80002b54 (0xa69bc797) auipc   a5, 0xa69bc
core   0: 3 0x80002b54 (0xa69bc797) x15 0x269beb54
core   0: 0x80002b58 (0x41265933) sra     s2, a2, s2
core   0: 3 0x80002b58 (0x41265933) x18 0x00000000
core   0: 0x80002b5c (0x03329f33) mulh    t5, t0, s3
core   0: 3 0x80002b5c (0x03329f33) x30 0xffffffff
core   0: 0x80002b60 (0x032e86b3) mul     a3, t4, s2
core   0: 3 0x80002b60 (0x032e86b3) x13 0x00000000
core   0: 0x80002b64 (0x1869c297) auipc   t0, 0x1869c
core   0: 3 0x80002b64 (0x1869c297) x 5 0x9869eb64
core   0: 0x80002b68 (0x00624ab3) xor     s5, tp, t1
core   0: 3 0x80002b68 (0x00624ab3) x21 0x000005e9
core   0: 0x80002b6c (0x03222d33) mulhsu  s10, tp, s2
core   0: 3 0x80002b6c (0x03222d33) x26 0x00000000
core   0: 0x80002b70 (0x0047e8b3) or      a7, a5, tp
core   0: 3 0x80002b70 (0x0047e8b3) x17 0x269beb54
core   0: 0x80002b74 (0x00335a13) srli    s4, t1, 3
core   0: 3 0x80002b74 (0x00335a13) x20 0x000000bd
core   0: 0x80002b78 (0x74af4b93) xori    s7, t5, 1866
core   0: 3 0x80002b78 (0x74af4b93) x23 0xfffff8b5
core   0: 0x80002b7c (0x8cc6f7b7) lui     a5, 0x8cc6f
core   0: 3 0x80002b7c (0x8cc6f7b7) x15 0x8cc6f000
core   0: 0x80002b80 (0x4041df33) sra     t5, gp, tp
core   0: 3 0x80002b80 (0x4041df33) x30 0x00000000
core   0: 0x80002b84 (0x014c5493) srli    s1, s8, 20
core   0: 3 0x80002b84 (0x014c5493) x 9 0x00000000
core   0: 0x80002b88 (0x5f62fe97) auipc   t4, 0x5f62f
core   0: 3 0x80002b88 (0x5f62fe97) x29 0xdf631b88
core   0: 0x80002b8c (0x017cc0b3) xor     ra, s9, s7
core   0: 3 0x80002b8c (0x017cc0b3) x 1 0x7ffe7451
core   0: 0x80002b90 (0x60e92293) slti    t0, s2, 1550
core   0: 3 0x80002b90 (0x60e92293) x 5 0x00000001
core   0: 0x80002b94 (0x00000013) nop
core   0: 3 0x80002b94 (0x00000013)
core   0: 0x80002b98 (0x006e4633) xor     a2, t3, t1
core   0: 3 0x80002b98 (0x006e4633) x12 0x800005e9
core   0: 0x80002b9c (0x407906b3) sub     a3, s2, t2
core   0: 3 0x80002b9c (0x407906b3) x13 0x00000000
core   0: 0x80002ba0 (0x02ce0533) mul     a0, t3, a2
core   0: 3 0x80002ba0 (0x02ce0533) x10 0x80000000
core   0: 0x80002ba4 (0x00a216b3) sll     a3, tp, a0
core   0: 3 0x80002ba4 (0x00a216b3) x13 0x00000000
core   0: 0x80002ba8 (0x00b165b3) or      a1, sp, a1
core   0: 3 0x80002ba8 (0x00b165b3) x11 0x00000000
core   0: 0x80002bac (0x029e93b3) mulh    t2, t4, s1
core   0: 3 0x80002bac (0x029e93b3) x 7 0x00000000
core   0: 0x80002bb0 (0x00c24033) xor     zero, tp, a2
core   0: 3 0x80002bb0 (0x00c24033)
core   0: 0x80002bb4 (0x027c9bb3) mulh    s7, s9, t2
core   0: 3 0x80002bb4 (0x027c9bb3) x23 0x00000000
core   0: 0x80002bb8 (0x03e0dc33) divu    s8, ra, t5
core   0: 3 0x80002bb8 (0x03e0dc33) x24 0xffffffff
core   0: 0x80002bbc (0xd8278293) addi    t0, a5, -638
core   0: 3 0x80002bbc (0xd8278293) x 5 0x8cc6ed82
core   0: 0x80002bc0 (0x00d31d93) slli    s11, t1, 13
core   0: 3 0x80002bc0 (0x00d31d93) x27 0x00bd2000
core   0: 0x80002bc4 (0x0020dd33) srl     s10, ra, sp
core   0: 3 0x80002bc4 (0x0020dd33) x26 0x7ffe7451
core   0: 0x80002bc8 (0x03ad6933) rem     s2, s10, s10
core   0: 3 0x80002bc8 (0x03ad6933) x18 0x00000000
core   0: 0x80002bcc (0x018abf33) sltu    t5, s5, s8
core   0: 3 0x80002bcc (0x018abf33) x30 0x00000001
core   0: 0x80002bd0 (0x013efeb3) and     t4, t4, s3
core   0: 3 0x80002bd0 (0x013efeb3) x29 0x00000000
core   0: 0x80002bd4 (0xc95dfc17) auipc   s8, 0xc95df
core   0: 3 0x80002bd4 (0xc95dfc17) x24 0x495e1bd4
core   0: 0x80002bd8 (0x418fd493) srai    s1, t6, 24
core   0: 3 0x80002bd8 (0x418fd493) x 9 0xffffffff
core   0: 0x80002bdc (0x00e0d513) srli    a0, ra, 14
core   0: 3 0x80002bdc (0x00e0d513) x10 0x0001fff9
core   0: 0x80002be0 (0x00231993) slli    s3, t1, 2
core   0: 3 0x80002be0 (0x00231993) x19 0x000017a4
core   0: 0x80002be4 (0x00ec1fb3) sll     t6, s8, a4
core   0: 3 0x80002be4 (0x00ec1fb3) x31 0x95e1bd40
core   0: 0x80002be8 (0x01288233) add     tp, a7, s2
core   0: 3 0x80002be8 (0x01288233) x 4 0x269beb54
core   0: 0x80002bec (0xb7d96d17) auipc   s10, 0xb7d96
core   0: 3 0x80002bec (0xb7d96d17) x26 0x37d98bec
core   0: 0x80002bf0 (0x02e7b333) mulhu   t1, a5, a4
core   0: 3 0x80002bf0 (0x02e7b333) x 6 0x46642fe2
core   0: 0x80002bf4 (0x019aa633) slt     a2, s5, s9
core   0: 3 0x80002bf4 (0x019aa633) x12 0x00000000
core   0: 0x80002bf8 (0x03665333) divu    t1, a2, s6
core   0: 3 0x80002bf8 (0x03665333) x 6 0x00000000
core   0: 0x80002bfc (0x510e0697) auipc   a3, 0x510e0
core   0: 3 0x80002bfc (0x510e0697) x13 0xd10e2bfc
core   0: 0x80002c00 (0x0c0a4a93) xori    s5, s4, 192
core   0: 3 0x80002c00 (0x0c0a4a93) x21 0x0000007d
core   0: 0x80002c04 (0x0c596e93) ori     t4, s2, 197
core   0: 3 0x80002c04 (0x0c596e93) x29 0x000000c5
core   0: 0x80002c08 (0x415e5bb3) sra     s7, t3, s5
core   0: 3 0x80002c08 (0x415e5bb3) x23 0xfffffffc
core   0: 0x80002c0c (0x549bb913) sltiu   s2, s7, 1353
core   0: 3 0x80002c0c (0x549bb913) x18 0x00000000
core   0: 0x80002c10 (0x019bcf33) xor     t5, s7, s9
core   0: 3 0x80002c10 (0x019bcf33) x30 0x7ffe7318
core   0: 0x80002c14 (0x01cc2033) slt     zero, s8, t3
core   0: 3 0x80002c14 (0x01cc2033)
core   0: 0x80002c18 (0x01759613) slli    a2, a1, 23
core   0: 3 0x80002c18 (0x01759613) x12 0x00000000
core   0: 0x80002c1c (0x2fbce693) ori     a3, s9, 763
core   0: 3 0x80002c1c (0x2fbce693) x13 0x80018eff
core   0: 0x80002c20 (0x4177d693) srai    a3, a5, 23
core   0: 3 0x80002c20 (0x4177d693) x13 0xffffff19
core   0: 0x80002c24 (0x0093ceb3) xor     t4, t2, s1
core   0: 3 0x80002c24 (0x0093ceb3) x29 0xffffffff
core   0: 0x80002c28 (0x00347633) and     a2, s0, gp
core   0: 3 0x80002c28 (0x00347633) x12 0x00000000
core   0: 0x80002c2c (0x038db4b3) mulhu   s1, s11, s8
core   0: 3 0x80002c2c (0x038db4b3) x 9 0x003633a6
core   0: 0x80002c30 (0x00949633) sll     a2, s1, s1
core   0: 3 0x80002c30 (0x00949633) x12 0x0d8ce980
core   0: 0x80002c34 (0x53678fb7) lui     t6, 0x53678
core   0: 3 0x80002c34 (0x53678fb7) x31 0x53678000
core   0: 0x80002c38 (0x0358cbb3) div     s7, a7, s5
core   0: 3 0x80002c38 (0x0358cbb3) x23 0x004f1244
core   0: 0x80002c3c (0x032c01b3) mul     gp, s8, s2
core   0: 3 0x80002c3c (0x032c01b3) x 3 0x00000000
core   0: 0x80002c40 (0x03324c33) div     s8, tp, s3
core   0: 3 0x80002c40 (0x03324c33) x24 0x0001a217
core   0: 0x80002c44 (0x3a1a7d93) andi    s11, s4, 929
core   0: 3 0x80002c44 (0x3a1a7d93) x27 0x000000a1
core   0: 0x80002c48 (0x64b97393) andi    t2, s2, 1611
core   0: 3 0x80002c48 (0x64b97393) x 7 0x00000000
core   0: 0x80002c4c (0x01e4f4b3) and     s1, s1, t5
core   0: 3 0x80002c4c (0x01e4f4b3) x 9 0x00363300
core   0: 0x80002c50 (0x01a7d3b3) srl     t2, a5, s10
core   0: 3 0x80002c50 (0x01a7d3b3) x 7 0x0008cc6f
core   0: 0x80002c54 (0x01768433) add     s0, a3, s7
core   0: 3 0x80002c54 (0x01768433) x 8 0x004f115d
core   0: 0x80002c58 (0x00000013) nop
core   0: 3 0x80002c58 (0x00000013)
core   0: 0x80002c5c (0x015ee933) or      s2, t4, s5
core   0: 3 0x80002c5c (0x015ee933) x18 0xffffffff
core   0: 0x80002c60 (0x0382cfb3) div     t6, t0, s8
core   0: 3 0x80002c60 (0x0382cfb3) x31 0xffffb973
core   0: 0x80002c64 (0x001a73b3) and     t2, s4, ra
core   0: 3 0x80002c64 (0x001a73b3) x 7 0x00000011
core   0: 0x80002c68 (0x01d28eb3) add     t4, t0, t4
core   0: 3 0x80002c68 (0x01d28eb3) x29 0x8cc6ed81
core   0: 0x80002c6c (0x7887ab93) slti    s7, a5, 1928
core   0: 3 0x80002c6c (0x7887ab93) x23 0x00000001
core   0: 0x80002c70 (0x40335613) srai    a2, t1, 3
core   0: 3 0x80002c70 (0x40335613) x12 0x00000000
core   0: 0x80002c74 (0x411e09b3) sub     s3, t3, a7
core   0: 3 0x80002c74 (0x411e09b3) x19 0x596414ac
core   0: 0x80002c78 (0x00726933) or      s2, tp, t2
core   0: 3 0x80002c78 (0x00726933) x18 0x269beb55
core   0: 0x80002c7c (0x00c2cf33) xor     t5, t0, a2
core   0: 3 0x80002c7c (0x00c2cf33) x30 0x8cc6ed82
core   0: 0x80002c80 (0x02ce35b3) mulhu   a1, t3, a2
core   0: 3 0x80002c80 (0x02ce35b3) x11 0x00000000
core   0: 0x80002c84 (0x03743f33) mulhu   t5, s0, s7
core   0: 3 0x80002c84 (0x03743f33) x30 0x00000000
core   0: 0x80002c88 (0x13d6fe93) andi    t4, a3, 317
core   0: 3 0x80002c88 (0x13d6fe93) x29 0x00000119
core   0: 0x80002c8c (0x403bdd13) srai    s10, s7, 3
core   0: 3 0x80002c8c (0x403bdd13) x26 0x00000000
core   0: 0x80002c90 (0xe27b4913) xori    s2, s6, -473
core   0: 3 0x80002c90 (0xe27b4913) x18 0x00000387
core   0: 0x80002c94 (0x465627b7) lui     a5, 0x46562
core   0: 3 0x80002c94 (0x465627b7) x15 0x46562000
core   0: 0x80002c98 (0x68bc8993) addi    s3, s9, 1675
core   0: 3 0x80002c98 (0x68bc8993) x19 0x8001936f
core   0: 0x80002c9c (0x00c1e233) or      tp, gp, a2
core   0: 3 0x80002c9c (0x00c1e233) x 4 0x00000000
core   0: 0x80002ca0 (0x7c1f5a17) auipc   s4, 0x7c1f5
core   0: 3 0x80002ca0 (0x7c1f5a17) x20 0xfc1f7ca0
core   0: 0x80002ca4 (0x02cdb033) mulhu   zero, s11, a2
core   0: 3 0x80002ca4 (0x02cdb033)
core   0: 0x80002ca8 (0x03093433) mulhu   s0, s2, a6
core   0: 3 0x80002ca8 (0x03093433) x 8 0x00000000
core   0: 0x80002cac (0x00e29b13) slli    s6, t0, 14
core   0: 3 0x80002cac (0x00e29b13) x22 0xbb608000
core   0: 0x80002cb0 (0xeac87017) auipc   zero, 0xeac87
core   0: 3 0x80002cb0 (0xeac87017)
core   0: 0x80002cb4 (0x406f5633) sra     a2, t5, t1
core   0: 3 0x80002cb4 (0x406f5633) x12 0x00000000
core   0: 0x80002cb8 (0x00aff533) and     a0, t6, a0
core   0: 3 0x80002cb8 (0x00aff533) x10 0x0001b971
core   0: 0x80002cbc (0x00576bb3) or      s7, a4, t0
core   0: 3 0x80002cbc (0x00576bb3) x23 0x8cc7efe6
core   0: 0x80002cc0 (0x014d9013) slli    zero, s11, 20
core   0: 3 0x80002cc0 (0x014d9013)
core   0: 0x80002cc4 (0x40445f93) srai    t6, s0, 4
core   0: 3 0x80002cc4 (0x40445f93) x31 0x00000000
core   0: 0x80002cc8 (0x03e7ff33) remu    t5, a5, t5
core   0: 3 0x80002cc8 (0x03e7ff33) x30 0x46562000
core   0: 0x80002ccc (0x44edec13) ori     s8, s11, 1102
core   0: 3 0x80002ccc (0x44edec13) x24 0x000004ef
core   0: 0x80002cd0 (0x8613cc13) xori    s8, t2, -1951
core   0: 3 0x80002cd0 (0x8613cc13) x24 0xfffff870
core   0: 0x80002cd4 (0x01ca3f33) sltu    t5, s4, t3
core   0: 3 0x80002cd4 (0x01ca3f33) x30 0x00000000
core   0: 0x80002cd8 (0x5bec6493) ori     s1, s8, 1470
core   0: 3 0x80002cd8 (0x5bec6493) x 9 0xfffffdfe
core   0: 0x80002cdc (0x41ac5ab3) sra     s5, s8, s10
core   0: 3 0x80002cdc (0x41ac5ab3) x21 0xfffff870
core   0: 0x80002ce0 (0xfc894d37) lui     s10, 0xfc894
core   0: 3 0x80002ce0 (0xfc894d37) x26 0xfc894000
core   0: 0x80002ce4 (0x00453533) sltu    a0, a0, tp
core   0: 3 0x80002ce4 (0x00453533) x10 0x00000000
core   0: 0x80002ce8 (0x0219c7b3) div     a5, s3, ra
core   0: 3 0x80002ce8 (0x0219c7b3) x15 0x00000000
core   0: 0x80002cec (0x4114deb3) sra     t4, s1, a7
core   0: 3 0x80002cec (0x4114deb3) x29 0xffffffff
core   0: 0x80002cf0 (0x0166bbb3) sltu    s7, a3, s6
core   0: 3 0x80002cf0 (0x0166bbb3) x23 0x00000000
core   0: 0x80002cf4 (0x023e4c33) div     s8, t3, gp
core   0: 3 0x80002cf4 (0x023e4c33) x24 0xffffffff
core   0: 0x80002cf8 (0x0ed82493) slti    s1, a6, 237
core   0: 3 0x80002cf8 (0x0ed82493) x 9 0x00000000
core   0: 0x80002cfc (0x00000013) nop
core   0: 3 0x80002cfc (0x00000013)
core   0: 0x80002d00 (0x0009d593) srli    a1, s3, 0
core   0: 3 0x80002d00 (0x0009d593) x11 0x8001936f
core   0: 0x80002d04 (0x02e13633) mulhu   a2, sp, a4
core   0: 3 0x80002d04 (0x02e13633) x12 0x00000000
core   0: 0x80002d08 (0xd6684793) xori    a5, a6, -666
core   0: 3 0x80002d08 (0xd6684793) x15 0xfffff88f
core   0: 0x80002d0c (0x0391bc33) mulhu   s8, gp, s9
core   0: 3 0x80002d0c (0x0391bc33) x24 0x00000000
core   0: 0x80002d10 (0x00e3c5b3) xor     a1, t2, a4
core   0: 3 0x80002d10 (0x00e3c5b3) x11 0x80014e75
core   0: 0x80002d14 (0x585e4413) xori    s0, t3, 1413
core   0: 3 0x80002d14 (0x585e4413) x 8 0x80000585
core   0: 0x80002d18 (0x419dd3b3) sra     t2, s11, s9
core   0: 3 0x80002d18 (0x419dd3b3) x 7 0x0000000a
core   0: 0x80002d1c (0x01201913) slli    s2, zero, 18
core   0: 3 0x80002d1c (0x01201913) x18 0x00000000
core   0: 0x80002d20 (0x02c4aeb3) mulhsu  t4, s1, a2
core   0: 3 0x80002d20 (0x02c4aeb3) x29 0x00000000
core   0: 0x80002d24 (0x03d62533) mulhsu  a0, a2, t4
core   0: 3 0x80002d24 (0x03d62533) x10 0x00000000
core   0: 0x80002d28 (0x02317d33) remu    s10, sp, gp
core   0: 3 0x80002d28 (0x02317d33) x26 0x00000000
core   0: 0x80002d2c (0x010104b3) add     s1, sp, a6
core   0: 3 0x80002d2c (0x010104b3) x 9 0x000005e9
core   0: 0x80002d30 (0x013d9a33) sll     s4, s11, s3
core   0: 3 0x80002d30 (0x013d9a33) x20 0x00508000
core   0: 0x80002d34 (0x7222e793) ori     a5, t0, 1826
core   0: 3 0x80002d34 (0x7222e793) x15 0x8cc6efa2
core   0: 0x80002d38 (0x401288b3) sub     a7, t0, ra
core   0: 3 0x80002d38 (0x401288b3) x17 0x0cc87931
core   0: 0x80002d3c (0x41320533) sub     a0, tp, s3
core   0: 3 0x80002d3c (0x41320533) x10 0x7ffe6c91
core   0: 0x80002d40 (0x003289b3) add     s3, t0, gp
core   0: 3 0x80002d40 (0x003289b3) x19 0x8cc6ed82
core   0: 0x80002d44 (0x40f9d493) srai    s1, s3, 15
core   0: 3 0x80002d44 (0x40f9d493) x 9 0xffff198d
core   0: 0x80002d48 (0x40ef8db3) sub     s11, t6, a4
core   0: 3 0x80002d48 (0x40ef8db3) x27 0x7ffeb19c
core   0: 0x80002d4c (0x9ad2ef93) ori     t6, t0, -1619
core   0: 3 0x80002d4c (0x9ad2ef93) x31 0xfffffdaf
core   0: 0x80002d50 (0x832c8913) addi    s2, s9, -1998
core   0: 3 0x80002d50 (0x832c8913) x18 0x80018516
core   0: 0x80002d54 (0xc00c8813) addi    a6, s9, -1024
core   0: 3 0x80002d54 (0xc00c8813) x16 0x800188e4
core   0: 0x80002d58 (0xd0d2e537) lui     a0, 0xd0d2e
core   0: 3 0x80002d58 (0xd0d2e537) x10 0xd0d2e000
core   0: 0x80002d5c (0x00225413) srli    s0, tp, 2
core   0: 3 0x80002d5c (0x00225413) x 8 0x00000000
core   0: 0x80002d60 (0x02d003b3) mul     t2, zero, a3
core   0: 3 0x80002d60 (0x02d003b3) x 7 0x00000000
core   0: 0x80002d64 (0xcae6f913) andi    s2, a3, -850
core   0: 3 0x80002d64 (0xcae6f913) x18 0xfffffc08
core   0: 0x80002d68 (0x02d52c33) mulhsu  s8, a0, a3
core   0: 3 0x80002d68 (0x02d52c33) x24 0xd0d2e02a
core   0: 0x80002d6c (0x52244413) xori    s0, s0, 1314
core   0: 3 0x80002d6c (0x52244413) x 8 0x00000522
core   0: 0x80002d70 (0x009116b3) sll     a3, sp, s1
core   0: 3 0x80002d70 (0x009116b3) x13 0x00000000
core   0: 0x80002d74 (0x02c5e5b3) rem     a1, a1, a2
core   0: 3 0x80002d74 (0x02c5e5b3) x11 0x80014e75
core   0: 0x80002d78 (0x03851eb3) mulh    t4, a0, s8
core   0: 3 0x80002d78 (0x03851eb3) x29 0x08b199ac
core   0: 0x80002d7c (0x02d0f9b3) remu    s3, ra, a3
core   0: 3 0x80002d7c (0x02d0f9b3) x19 0x7ffe7451
core   0: 0x80002d80 (0x2cdec797) auipc   a5, 0x2cdec
core   0: 3 0x80002d80 (0x2cdec797) x15 0xacdeed80
core   0: 0x80002d84 (0x002d7eb3) and     t4, s10, sp
core   0: 3 0x80002d84 (0x002d7eb3) x29 0x00000000
core   0: 0x80002d88 (0x01c9abb3) slt     s7, s3, t3
core   0: 3 0x80002d88 (0x01c9abb3) x23 0x00000000
core   0: 0x80002d8c (0x01dfc8b3) xor     a7, t6, t4
core   0: 3 0x80002d8c (0x01dfc8b3) x17 0xfffffdaf
core   0: 0x80002d90 (0x013a9c33) sll     s8, s5, s3
core   0: 3 0x80002d90 (0x013a9c33) x24 0xf0e00000
core   0: 0x80002d94 (0x5d5fcf37) lui     t5, 0x5d5fc
core   0: 3 0x80002d94 (0x5d5fcf37) x30 0x5d5fc000
core   0: 0x80002d98 (0x01ef21b3) slt     gp, t5, t5
core   0: 3 0x80002d98 (0x01ef21b3) x 3 0x00000000
core   0: 0x80002d9c (0x33ad7397) auipc   t2, 0x33ad7
core   0: 3 0x80002d9c (0x33ad7397) x 7 0xb3ad9d9c
core   0: 0x80002da0 (0x0290bab3) mulhu   s5, ra, s1
core   0: 3 0x80002da0 (0x0290bab3) x21 0x7ffe0118
core   0: 0x80002da4 (0x00000013) nop
core   0: 3 0x80002da4 (0x00000013)
core   0: 0x80002da8 (0x940cad13) slti    s10, s9, -1728
core   0: 3 0x80002da8 (0x940cad13) x26 0x00000001
core   0: 0x80002dac (0x03b965b3) rem     a1, s2, s11
core   0: 3 0x80002dac (0x03b965b3) x11 0xfffffc08
core   0: 0x80002db0 (0x014897b3) sll     a5, a7, s4
core   0: 3 0x80002db0 (0x014897b3) x15 0xfffffdaf
core   0: 0x80002db4 (0x006f59b3) srl     s3, t5, t1
core   0: 3 0x80002db4 (0x006f59b3) x19 0x5d5fc000
core   0: 0x80002db8 (0x59222a13) slti    s4, tp, 1426
core   0: 3 0x80002db8 (0x59222a13) x20 0x00000001
core   0: 0x80002dbc (0x001afab3) and     s5, s5, ra
core   0: 3 0x80002dbc (0x001afab3) x21 0x7ffe0010
core   0: 0x80002dc0 (0x019e9093) slli    ra, t4, 25
core   0: 3 0x80002dc0 (0x019e9093) x 1 0x00000000
core   0: 0x80002dc4 (0xa7d94593) xori    a1, s2, -1411
core   0: 3 0x80002dc4 (0xa7d94593) x11 0x00000675
core   0: 0x80002dc8 (0x03262997) auipc   s3, 0x3262
core   0: 3 0x80002dc8 (0x03262997) x19 0x83264dc8
core   0: 0x80002dcc (0x2d8a8f13) addi    t5, s5, 728
core   0: 3 0x80002dcc (0x2d8a8f13) x30 0x7ffe02e8
core   0: 0x80002dd0 (0x0146ebb3) or      s7, a3, s4
core   0: 3 0x80002dd0 (0x0146ebb3) x23 0x00000001
core   0: 0x80002dd4 (0x02fc2833) mulhsu  a6, s8, a5
core   0: 3 0x80002dd4 (0x02fc2833) x16 0xf0e00023
core   0: 0x80002dd8 (0x02bb6fb3) rem     t6, s6, a1
core   0: 3 0x80002dd8 (0x02bb6fb3) x31 0xfffffd11
core   0: 0x80002ddc (0x017ce7b3) or      a5, s9, s7
core   0: 3 0x80002ddc (0x017ce7b3) x15 0x80018ce5
core   0: 0x80002de0 (0xc10dce93) xori    t4, s11, -1008
core   0: 3 0x80002de0 (0xc10dce93) x29 0x80014d8c
core   0: 0x80002de4 (0x00fcb633) sltu    a2, s9, a5
core   0: 3 0x80002de4 (0x00fcb633) x12 0x00000001
core   0: 0x80002de8 (0x411c8c33) sub     s8, s9, a7
core   0: 3 0x80002de8 (0x411c8c33) x24 0x80018f35
core   0: 0x80002dec (0x023362b3) rem     t0, t1, gp
core   0: 3 0x80002dec (0x023362b3) x 5 0x00000000
core   0: 0x80002df0 (0x39062393) slti    t2, a2, 912
core   0: 3 0x80002df0 (0x39062393) x 7 0x00000001
core   0: 0x80002df4 (0x03233433) mulhu   s0, t1, s2
core   0: 3 0x80002df4 (0x03233433) x 8 0x00000000
core   0: 0x80002df8 (0x015f5633) srl     a2, t5, s5
core   0: 3 0x80002df8 (0x015f5633) x12 0x00007ffe
core   0: 0x80002dfc (0x012552b3) srl     t0, a0, s2
core   0: 3 0x80002dfc (0x012552b3) x 5 0x00d0d2e0
core   0: 0x80002e00 (0x70c07093) andi    ra, zero, 1804
core   0: 3 0x80002e00 (0x70c07093) x 1 0x00000000
core   0: 0x80002e04 (0x0111ed33) or      s10, gp, a7
core   0: 3 0x80002e04 (0x0111ed33) x26 0xfffffdaf
core   0: 0x80002e08 (0xadf7a813) slti    a6, a5, -1313
core   0: 3 0x80002e08 (0xadf7a813) x16 0x00000001
core   0: 0x80002e0c (0x02a9f633) remu    a2, s3, a0
core   0: 3 0x80002e0c (0x02a9f633) x12 0x83264dc8
core   0: 0x80002e10 (0x0ee5e213) ori     tp, a1, 238
core   0: 3 0x80002e10 (0x0ee5e213) x 4 0x000006ff
core   0: 0x80002e14 (0x0089db93) srli    s7, s3, 8
core   0: 3 0x80002e14 (0x0089db93) x23 0x0083264d
core   0: 0x80002e18 (0x18082797) auipc   a5, 0x18082
core   0: 3 0x80002e18 (0x18082797) x15 0x98084e18
core   0: 0x80002e1c (0xebbf2593) slti    a1, t5, -325
core   0: 3 0x80002e1c (0xebbf2593) x11 0x00000000
core   0: 0x80002e20 (0x41e251b3) sra     gp, tp, t5
core   0: 3 0x80002e20 (0x41e251b3) x 3 0x00000006
core   0: 0x80002e24 (0x02ebe1b3) rem     gp, s7, a4
core   0: 3 0x80002e24 (0x02ebe1b3) x 3 0x0083264d
core   0: 0x80002e28 (0x0370f0b3) remu    ra, ra, s7
core   0: 3 0x80002e28 (0x0370f0b3) x 1 0x00000000
core   0: 0x80002e2c (0x0141e633) or      a2, gp, s4
core   0: 3 0x80002e2c (0x0141e633) x12 0x0083264d
core   0: 0x80002e30 (0x00d11313) slli    t1, sp, 13
core   0: 3 0x80002e30 (0x00d11313) x 6 0x00000000
core   0: 0x80002e34 (0x026adeb3) divu    t4, s5, t1
core   0: 3 0x80002e34 (0x026adeb3) x29 0xffffffff
core   0: 0x80002e38 (0x00000013) nop
core   0: 3 0x80002e38 (0x00000013)
core   0: 0x80002e3c (0x407a5193) srai    gp, s4, 7
core   0: 3 0x80002e3c (0x407a5193) x 3 0x00000000
core   0: 0x80002e40 (0x00000013) nop
core   0: 3 0x80002e40 (0x00000013)
core   0: 0x80002e44 (0x01bd34b3) sltu    s1, s10, s11
core   0: 3 0x80002e44 (0x01bd34b3) x 9 0x00000000
core   0: 0x80002e48 (0x4155dc13) srai    s8, a1, 21
core   0: 3 0x80002e48 (0x4155dc13) x24 0x00000000
core   0: 0x80002e4c (0x00255013) srli    zero, a0, 2
core   0: 3 0x80002e4c (0x00255013)
core   0: 0x80002e50 (0x00d53833) sltu    a6, a0, a3
core   0: 3 0x80002e50 (0x00d53833) x16 0x00000000
core   0: 0x80002e54 (0x0d814297) auipc   t0, 0xd814
core   0: 3 0x80002e54 (0x0d814297) x 5 0x8d816e54
core   0: 0x80002e58 (0x01f25633) srl     a2, tp, t6
core   0: 3 0x80002e58 (0x01f25633) x12 0x00000000
core   0: 0x80002e5c (0x408380b3) sub     ra, t2, s0
core   0: 3 0x80002e5c (0x408380b3) x 1 0x00000001
core   0: 0x80002e60 (0xf64ff413) andi    s0, t6, -156
core   0: 3 0x80002e60 (0xf64ff413) x 8 0xfffffd00
core   0: 0x80002e64 (0x41b55893) srai    a7, a0, 27
core   0: 3 0x80002e64 (0x41b55893) x17 0xfffffffa
core   0: 0x80002e68 (0x00cf8533) add     a0, t6, a2
core   0: 3 0x80002e68 (0x00cf8533) x10 0xfffffd11
core   0: 0x80002e6c (0x01c21193) slli    gp, tp, 28
core   0: 3 0x80002e6c (0x01c21193) x 3 0xf0000000
core   0: 0x80002e70 (0x00b9b7b3) sltu    a5, s3, a1
core   0: 3 0x80002e70 (0x00b9b7b3) x15 0x00000000
core   0: 0x80002e74 (0x41a3da13) srai    s4, t2, 26
core   0: 3 0x80002e74 (0x41a3da13) x20 0x00000000
core   0: 0x80002e78 (0x680dc113) xori    sp, s11, 1664
core   0: 3 0x80002e78 (0x680dc113) x 2 0x7ffeb71c
core   0: 0x80002e7c (0x030f0233) mul     tp, t5, a6
core   0: 3 0x80002e7c (0x030f0233) x 4 0x00000000
core   0: 0x80002e80 (0xb59f2193) slti    gp, t5, -1191
core   0: 3 0x80002e80 (0xb59f2193) x 3 0x00000000
core   0: 0x80002e84 (0x004360b3) or      ra, t1, tp
core   0: 3 0x80002e84 (0x004360b3) x 1 0x00000000
core   0: 0x80002e88 (0x40a9d193) srai    gp, s3, 10
core   0: 3 0x80002e88 (0x40a9d193) x 3 0xffe0c993
core   0: 0x80002e8c (0x0034d033) srl     zero, s1, gp
core   0: 3 0x80002e8c (0x0034d033)
core   0: 0x80002e90 (0x02504a33) div     s4, zero, t0
core   0: 3 0x80002e90 (0x02504a33) x20 0x00000000
core   0: 0x80002e94 (0x00867133) and     sp, a2, s0
core   0: 3 0x80002e94 (0x00867133) x 2 0x00000000
core   0: 0x80002e98 (0x025c0fb3) mul     t6, s8, t0
core   0: 3 0x80002e98 (0x025c0fb3) x31 0x00000000
core   0: 0x80002e9c (0x87ddf213) andi    tp, s11, -1923
core   0: 3 0x80002e9c (0x87ddf213) x 4 0x7ffeb01c
core   0: 0x80002ea0 (0x0348e833) rem     a6, a7, s4
core   0: 3 0x80002ea0 (0x0348e833) x16 0xfffffffa
core   0: 0x80002ea4 (0x00f1dc33) srl     s8, gp, a5
core   0: 3 0x80002ea4 (0x00f1dc33) x24 0xffe0c993
core   0: 0x80002ea8 (0x3a1a3537) lui     a0, 0x3a1a3
core   0: 3 0x80002ea8 (0x3a1a3537) x10 0x3a1a3000
core   0: 0x80002eac (0x03f3a1b3) mulhsu  gp, t2, t6
core   0: 3 0x80002eac (0x03f3a1b3) x 3 0x00000000
core   0: 0x80002eb0 (0x00849a33) sll     s4, s1, s0
core   0: 3 0x80002eb0 (0x00849a33) x20 0x00000000
core   0: 0x80002eb4 (0x01179b13) slli    s6, a5, 17
core   0: 3 0x80002eb4 (0x01179b13) x22 0x00000000
core   0: 0x80002eb8 (0x013461b3) or      gp, s0, s3
core   0: 3 0x80002eb8 (0x013461b3) x 3 0xfffffdc8
core   0: 0x80002ebc (0xc7d1b393) sltiu   t2, gp, -899
core   0: 3 0x80002ebc (0xc7d1b393) x 7 0x00000000
core   0: 0x80002ec0 (0xca7d0a13) addi    s4, s10, -857
core   0: 3 0x80002ec0 (0xca7d0a13) x20 0xfffffa56
core   0: 0x80002ec4 (0x0132d4b3) srl     s1, t0, s3
core   0: 3 0x80002ec4 (0x0132d4b3) x 9 0x008d816e
core   0: 0x80002ec8 (0x00cbff33) and     t5, s7, a2
core   0: 3 0x80002ec8 (0x00cbff33) x30 0x00000000
core   0: 0x80002ecc (0x718f3d13) sltiu   s10, t5, 1816
core   0: 3 0x80002ecc (0x718f3d13) x26 0x00000001
core   0: 0x80002ed0 (0x00000013) nop
core   0: 3 0x80002ed0 (0x00000013)
core   0: 0x80002ed4 (0x0259edb3) rem     s11, s3, t0
core   0: 3 0x80002ed4 (0x0259edb3) x27 0xf5a4df74
core   0: 0x80002ed8 (0x024164b3) rem     s1, sp, tp
core   0: 3 0x80002ed8 (0x024164b3) x 9 0x00000000
core   0: 0x80002edc (0x0086bf33) sltu    t5, a3, s0
core   0: 3 0x80002edc (0x0086bf33) x30 0x00000001
core   0: 0x80002ee0 (0x0347ba33) mulhu   s4, a5, s4
core   0: 3 0x80002ee0 (0x0347ba33) x20 0x00000000
core   0: 0x80002ee4 (0x0072d593) srli    a1, t0, 7
core   0: 3 0x80002ee4 (0x0072d593) x11 0x011b02dc
core   0: 0x80002ee8 (0x76f09bb7) lui     s7, 0x76f09
core   0: 3 0x80002ee8 (0x76f09bb7) x23 0x76f09000
core   0: 0x80002eec (0x02277fb3) remu    t6, a4, sp
core   0: 3 0x80002eec (0x02277fb3) x31 0x80014e64
core   0: 0x80002ef0 (0x02d77d33) remu    s10, a4, a3
core   0: 3 0x80002ef0 (0x02d77d33) x26 0x80014e64
core   0: 0x80002ef4 (0x01cc35b3) sltu    a1, s8, t3
core   0: 3 0x80002ef4 (0x01cc35b3) x11 0x00000000
core   0: 0x80002ef8 (0x3bb07413) andi    s0, zero, 955
core   0: 3 0x80002ef8 (0x3bb07413) x 8 0x00000000
core   0: 0x80002efc (0x01435813) srli    a6, t1, 20
core   0: 3 0x80002efc (0x01435813) x16 0x00000000
core   0: 0x80002f00 (0xbdcbed13) ori     s10, s7, -1060
core   0: 3 0x80002f00 (0xbdcbed13) x26 0xfffffbdc
core   0: 0x80002f04 (0x014b80b3) add     ra, s7, s4
core   0: 3 0x80002f04 (0x014b80b3) x 1 0x76f09000
core   0: 0x80002f08 (0x034c18b3) mulh    a7, s8, s4
core   0: 3 0x80002f08 (0x034c18b3) x17 0x00000000
core   0: 0x80002f0c (0x03729d33) mulh    s10, t0, s7
core   0: 3 0x80002f0c (0x03729d33) x26 0xcace11ca
core   0: 0x80002f10 (0x02c48933) mul     s2, s1, a2
core   0: 3 0x80002f10 (0x02c48933) x18 0x00000000
core   0: 0x80002f14 (0x03f23a33) mulhu   s4, tp, t6
core   0: 3 0x80002f14 (0x03f23a33) x20 0x3fffff3e
core   0: 0x80002f18 (0x6f48ffb7) lui     t6, 0x6f48f
core   0: 3 0x80002f18 (0x6f48ffb7) x31 0x6f48f000
core   0: 0x80002f1c (0x143e73b7) lui     t2, 0x143e7
core   0: 3 0x80002f1c (0x143e73b7) x 7 0x143e7000
core   0: 0x80002f20 (0x00c53db3) sltu    s11, a0, a2
core   0: 3 0x80002f20 (0x00c53db3) x27 0x00000000
core   0: 0x80002f24 (0x03e755b3) divu    a1, a4, t5
core   0: 3 0x80002f24 (0x03e755b3) x11 0x80014e64
core   0: 0x80002f28 (0x03bfe933) rem     s2, t6, s11
core   0: 3 0x80002f28 (0x03bfe933) x18 0x6f48f000
core   0: 0x80002f2c (0x006b1c13) slli    s8, s6, 6
core   0: 3 0x80002f2c (0x006b1c13) x24 0x00000000
core   0: 0x80002f30 (0x010e3c33) sltu    s8, t3, a6
core   0: 3 0x80002f30 (0x010e3c33) x24 0x00000000
core   0: 0x80002f34 (0x416206b3) sub     a3, tp, s6
core   0: 3 0x80002f34 (0x416206b3) x13 0x7ffeb01c
core   0: 0x80002f38 (0x7a2b28b7) lui     a7, 0x7a2b2
core   0: 3 0x80002f38 (0x7a2b28b7) x17 0x7a2b2000
core   0: 0x80002f3c (0x0149d213) srli    tp, s3, 20
core   0: 3 0x80002f3c (0x0149d213) x 4 0x00000832
core   0: 0x80002f40 (0x00000013) nop
core   0: 3 0x80002f40 (0x00000013)
core   0: 0x80002f44 (0x02453833) mulhu   a6, a0, tp
core   0: 3 0x80002f44 (0x02453833) x16 0x000001dc
core   0: 0x80002f48 (0x013bcbb3) xor     s7, s7, s3
core   0: 3 0x80002f48 (0x013bcbb3) x23 0xf5d6ddc8
core   0: 0x80002f4c (0x07de3d13) sltiu   s10, t3, 125
core   0: 3 0x80002f4c (0x07de3d13) x26 0x00000000
core   0: 0x80002f50 (0x02a6efb3) rem     t6, a3, a0
core   0: 3 0x80002f50 (0x02a6efb3) x31 0x0bca501c
core   0: 0x80002f54 (0x01463633) sltu    a2, a2, s4
core   0: 3 0x80002f54 (0x01463633) x12 0x00000001
core   0: 0x80002f58 (0x405388b3) sub     a7, t2, t0
core   0: 3 0x80002f58 (0x405388b3) x17 0x86bd01ac
core   0: 0x80002f5c (0x03a15fb3) divu    t6, sp, s10
core   0: 3 0x80002f5c (0x03a15fb3) x31 0xffffffff
core   0: 0x80002f60 (0x41b65393) srai    t2, a2, 27
core   0: 3 0x80002f60 (0x41b65393) x 7 0x00000000
core   0: 0x80002f64 (0x03bf5b33) divu    s6, t5, s11
core   0: 3 0x80002f64 (0x03bf5b33) x22 0xffffffff
core   0: 0x80002f68 (0x9423fd13) andi    s10, t2, -1726
core   0: 3 0x80002f68 (0x9423fd13) x26 0x00000000
core   0: 0x80002f6c (0x0004bb33) sltu    s6, s1, zero
core   0: 3 0x80002f6c (0x0004bb33) x22 0x00000000
core   0: 0x80002f70 (0x03fe22b3) mulhsu  t0, t3, t6
core   0: 3 0x80002f70 (0x03fe22b3) x 5 0x80000000
core   0: 0x80002f74 (0x009c4333) xor     t1, s8, s1
core   0: 3 0x80002f74 (0x009c4333) x 6 0x00000000
core   0: 0x80002f78 (0x0e3b8537) lui     a0, 0xe3b8
core   0: 3 0x80002f78 (0x0e3b8537) x10 0x0e3b8000
core   0: 0x80002f7c (0x0324b233) mulhu   tp, s1, s2
core   0: 3 0x80002f7c (0x0324b233) x 4 0x00000000
core   0: 0x80002f80 (0x00d6f7b3) and     a5, a3, a3
core   0: 3 0x80002f80 (0x00d6f7b3) x15 0x7ffeb01c
core   0: 0x80002f84 (0x01102433) slt     s0, zero, a7
core   0: 3 0x80002f84 (0x01102433) x 8 0x00000000
core   0: 0x80002f88 (0x012318b3) sll     a7, t1, s2
core   0: 3 0x80002f88 (0x012318b3) x17 0x00000000
core   0: 0x80002f8c (0x00de1bb3) sll     s7, t3, a3
core   0: 3 0x80002f8c (0x00de1bb3) x23 0x00000000
core   0: 0x80002f90 (0x411bd693) srai    a3, s7, 17
core   0: 3 0x80002f90 (0x411bd693) x13 0x00000000
core   0: 0x80002f94 (0x00000013) nop
core   0: 3 0x80002f94 (0x00000013)
core   0: 0x80002f98 (0x41145c13) srai    s8, s0, 17
core   0: 3 0x80002f98 (0x41145c13) x24 0x00000000
core   0: 0x80002f9c (0x01e114b3) sll     s1, sp, t5
core   0: 3 0x80002f9c (0x01e114b3) x 9 0x00000000
core   0: 0x80002fa0 (0x188b6f13) ori     t5, s6, 392
core   0: 3 0x80002fa0 (0x188b6f13) x30 0x00000188
core   0: 0x80002fa4 (0x01a31933) sll     s2, t1, s10
core   0: 3 0x80002fa4 (0x01a31933) x18 0x00000000
core   0: 0x80002fa8 (0x03cc6bb3) rem     s7, s8, t3
core   0: 3 0x80002fa8 (0x03cc6bb3) x23 0x00000000
core   0: 0x80002fac (0x027733b3) mulhu   t2, a4, t2
core   0: 3 0x80002fac (0x027733b3) x 7 0x00000000
core   0: 0x80002fb0 (0xb77c6013) ori     zero, s8, -1161
core   0: 3 0x80002fb0 (0xb77c6013)
core   0: 0x80002fb4 (0x008e86b3) add     a3, t4, s0
core   0: 3 0x80002fb4 (0x008e86b3) x13 0xffffffff
core   0: 0x80002fb8 (0xab244693) xori    a3, s0, -1358
core   0: 3 0x80002fb8 (0xab244693) x13 0xfffffab2
core   0: 0x80002fbc (0x015508b3) add     a7, a0, s5
core   0: 3 0x80002fbc (0x015508b3) x17 0x8e398010
core   0: 0x80002fc0 (0xe36ba893) slti    a7, s7, -458
core   0: 3 0x80002fc0 (0xe36ba893) x17 0x00000000
core   0: 0x80002fc4 (0x02a40233) mul     tp, s0, a0
core   0: 3 0x80002fc4 (0x02a40233) x 4 0x00000000
core   0: 0x80002fc8 (0x0399c6b3) div     a3, s3, s9
core   0: 3 0x80002fc8 (0x0399c6b3) x13 0x00000000
core   0: 0x80002fcc (0x038d1833) mulh    a6, s10, s8
core   0: 3 0x80002fcc (0x038d1833) x16 0x00000000
core   0: 0x80002fd0 (0x01485ab3) srl     s5, a6, s4
core   0: 3 0x80002fd0 (0x01485ab3) x21 0x00000000
core   0: 0x80002fd4 (0x01d31433) sll     s0, t1, t4
core   0: 3 0x80002fd4 (0x01d31433) x 8 0x00000000
core   0: 0x80002fd8 (0x9e3ff417) auipc   s0, 0x9e3ff
core   0: 3 0x80002fd8 (0x9e3ff417) x 8 0x1e401fd8
core   0: 0x80002fdc (0x037e16b3) mulh    a3, t3, s7
core   0: 3 0x80002fdc (0x037e16b3) x13 0x00000000
core   0: 0x80002fe0 (0x03aae7b3) rem     a5, s5, s10
core   0: 3 0x80002fe0 (0x03aae7b3) x15 0x00000000
core   0: 0x80002fe4 (0x57862c13) slti    s8, a2, 1400
core   0: 3 0x80002fe4 (0x57862c13) x24 0x00000001
core   0: 0x80002fe8 (0x40758d33) sub     s10, a1, t2
core   0: 3 0x80002fe8 (0x40758d33) x26 0x80014e64
core   0: 0x80002fec (0x41afd333) sra     t1, t6, s10
core   0: 3 0x80002fec (0x41afd333) x 6 0xffffffff
core   0: 0x80002ff0 (0x03382ab3) mulhsu  s5, a6, s3
core   0: 3 0x80002ff0 (0x03382ab3) x21 0x00000000
core   0: 0x80002ff4 (0x009c7db3) and     s11, s8, s1
core   0: 3 0x80002ff4 (0x009c7db3) x27 0x00000000
core   0: 0x80002ff8 (0xbb9ebf93) sltiu   t6, t4, -1095
core   0: 3 0x80002ff8 (0xbb9ebf93) x31 0x00000000
core   0: 0x80002ffc (0x403707b3) sub     a5, a4, gp
core   0: 3 0x80002ffc (0x403707b3) x15 0x8001509c
core   0: 0x80003000 (0x0262f233) remu    tp, t0, t1
core   0: 3 0x80003000 (0x0262f233) x 4 0x80000000
core   0: 0x80003004 (0x026b8db3) mul     s11, s7, t1
core   0: 3 0x80003004 (0x026b8db3) x27 0x00000000
core   0: 0x80003008 (0x0298e6b3) rem     a3, a7, s1
core   0: 3 0x80003008 (0x0298e6b3) x13 0x00000000
core   0: 0x8000300c (0x01bdcc33) xor     s8, s11, s11
core   0: 3 0x8000300c (0x01bdcc33) x24 0x00000000
core   0: 0x80003010 (0xd4400513) li      a0, -700
core   0: 3 0x80003010 (0xd4400513) x10 0xfffffd44
core   0: 0x80003014 (0x01d15d33) srl     s10, sp, t4
core   0: 3 0x80003014 (0x01d15d33) x26 0x00000000
core   0: 0x80003018 (0x01a57a33) and     s4, a0, s10
core   0: 3 0x80003018 (0x01a57a33) x20 0x00000000
core   0: 0x8000301c (0xe43bf893) andi    a7, s7, -445
core   0: 3 0x8000301c (0xe43bf893) x17 0x00000000
core   0: 0x80003020 (0x03cc8433) mul     s0, s9, t3
core   0: 3 0x80003020 (0x03cc8433) x 8 0x00000000
core   0: 0x80003024 (0x024ea5b3) mulhsu  a1, t4, tp
core   0: 3 0x80003024 (0x024ea5b3) x11 0xffffffff
core   0: 0x80003028 (0x01917ab3) and     s5, sp, s9
core   0: 3 0x80003028 (0x01917ab3) x21 0x00000000
core   0: 0x8000302c (0x015f6a33) or      s4, t5, s5
core   0: 3 0x8000302c (0x015f6a33) x20 0x00000188
core   0: 0x80003030 (0x01f3e333) or      t1, t2, t6
core   0: 3 0x80003030 (0x01f3e333) x 6 0x00000000
core   0: 0x80003034 (0x03a80bb3) mul     s7, a6, s10
core   0: 3 0x80003034 (0x03a80bb3) x23 0x00000000
core   0: 0x80003038 (0xd77c0a13) addi    s4, s8, -649
core   0: 3 0x80003038 (0xd77c0a13) x20 0xfffffd77
core   0: 0x8000303c (0x030f03b3) mul     t2, t5, a6
core   0: 3 0x8000303c (0x030f03b3) x 7 0x00000000
core   0: 0x80003040 (0x09066a93) ori     s5, a2, 144
core   0: 3 0x80003040 (0x09066a93) x21 0x00000091
core   0: 0x80003044 (0x02361433) mulh    s0, a2, gp
core   0: 3 0x80003044 (0x02361433) x 8 0xffffffff
core   0: 0x80003048 (0x017aa3b3) slt     t2, s5, s7
core   0: 3 0x80003048 (0x017aa3b3) x 7 0x00000000
core   0: 0x8000304c (0x40d8d813) srai    a6, a7, 13
core   0: 3 0x8000304c (0x40d8d813) x16 0x00000000
core   0: 0x80003050 (0x00000013) nop
core   0: 3 0x80003050 (0x00000013)
core   0: 0x80003054 (0x01291f33) sll     t5, s2, s2
core   0: 3 0x80003054 (0x01291f33) x30 0x00000000
core   0: 0x80003058 (0x7be6f813) andi    a6, a3, 1982
core   0: 3 0x80003058 (0x7be6f813) x16 0x00000000
core   0: 0x8000305c (0x037c03b3) mul     t2, s8, s7
core   0: 3 0x8000305c (0x037c03b3) x 7 0x00000000
core   0: 0x80003060 (0x02dde333) rem     t1, s11, a3
core   0: 3 0x80003060 (0x02dde333) x 6 0x00000000
core   0: 0x80003064 (0x00956eb3) or      t4, a0, s1
core   0: 3 0x80003064 (0x00956eb3) x29 0xfffffd44
core   0: 0x80003068 (0x008801b3) add     gp, a6, s0
core   0: 3 0x80003068 (0x008801b3) x 3 0xffffffff
core   0: 0x8000306c (0x0d410f93) addi    t6, sp, 212
core   0: 3 0x8000306c (0x0d410f93) x31 0x000000d4
core   0: 0x80003070 (0x006917b3) sll     a5, s2, t1
core   0: 3 0x80003070 (0x006917b3) x15 0x00000000
core   0: 0x80003074 (0x02dd2fb3) mulhsu  t6, s10, a3
core   0: 3 0x80003074 (0x02dd2fb3) x31 0x00000000
core   0: 0x80003078 (0xf9504993) xori    s3, zero, -107
core   0: 3 0x80003078 (0xf9504993) x19 0xffffff95
core   0: 0x8000307c (0x01f91b13) slli    s6, s2, 31
core   0: 3 0x8000307c (0x01f91b13) x22 0x00000000
core   0: 0x80003080 (0x00f8deb3) srl     t4, a7, a5
core   0: 3 0x80003080 (0x00f8deb3) x29 0x00000000
core   0: 0x80003084 (0x03c330b3) mulhu   ra, t1, t3
core   0: 3 0x80003084 (0x03c330b3) x 1 0x00000000
core   0: 0x80003088 (0x60df6e93) ori     t4, t5, 1549
core   0: 3 0x80003088 (0x60df6e93) x29 0x0000060d
core   0: 0x8000308c (0x00000013) nop
core   0: 3 0x8000308c (0x00000013)
core   0: 0x80003090 (0x024f7033) remu    zero, t5, tp
core   0: 3 0x80003090 (0x024f7033)
core   0: 0x80003094 (0x007d6a33) or      s4, s10, t2
core   0: 3 0x80003094 (0x007d6a33) x20 0x00000000
core   0: 0x80003098 (0x01fcdf93) srli    t6, s9, 31
core   0: 3 0x80003098 (0x01fcdf93) x31 0x00000001
core   0: 0x8000309c (0x01aaa133) slt     sp, s5, s10
core   0: 3 0x8000309c (0x01aaa133) x 2 0x00000000
core   0: 0x800030a0 (0x00a14533) xor     a0, sp, a0
core   0: 3 0x800030a0 (0x00a14533) x10 0xfffffd44
core   0: 0x800030a4 (0x41e7d133) sra     sp, a5, t5
core   0: 3 0x800030a4 (0x41e7d133) x 2 0x00000000
core   0: 0x800030a8 (0x0045e233) or      tp, a1, tp
core   0: 3 0x800030a8 (0x0045e233) x 4 0xffffffff
core   0: 0x800030ac (0x02de18b3) mulh    a7, t3, a3
core   0: 3 0x800030ac (0x02de18b3) x17 0x00000000
core   0: 0x800030b0 (0x40205bb3) sra     s7, zero, sp
core   0: 3 0x800030b0 (0x40205bb3) x23 0x00000000
core   0: 0x800030b4 (0x40b250b3) sra     ra, tp, a1
core   0: 3 0x800030b4 (0x40b250b3) x 1 0xffffffff
core   0: 0x800030b8 (0x40a45f33) sra     t5, s0, a0
core   0: 3 0x800030b8 (0x40a45f33) x30 0xffffffff
core   0: 0x800030bc (0x01839a33) sll     s4, t2, s8
core   0: 3 0x800030bc (0x01839a33) x20 0x00000000
core   0: 0x800030c0 (0x03a1c2b3) div     t0, gp, s10
core   0: 3 0x800030c0 (0x03a1c2b3) x 5 0xffffffff
core   0: 0x800030c4 (0x1d439537) lui     a0, 0x1d439
core   0: 3 0x800030c4 (0x1d439537) x10 0x1d439000
core   0: 0x800030c8 (0x809fad97) auipc   s11, 0x809fa
core   0: 3 0x800030c8 (0x809fad97) x27 0x009fd0c8
core   0: 0x800030cc (0x02c0d4b3) divu    s1, ra, a2
core   0: 3 0x800030cc (0x02c0d4b3) x 9 0xffffffff
core   0: 0x800030d0 (0xc7afca93) xori    s5, t6, -902
core   0: 3 0x800030d0 (0xc7afca93) x21 0xfffffc7b
core   0: 0x800030d4 (0x02ee8c33) mul     s8, t4, a4
core   0: 3 0x800030d4 (0x02ee8c33) x24 0x87e75314
core   0: 0x800030d8 (0x01cd7033) and     zero, s10, t3
core   0: 3 0x800030d8 (0x01cd7033)
core   0: 0x800030dc (0x7ecf7993) andi    s3, t5, 2028
core   0: 3 0x800030dc (0x7ecf7993) x19 0x000007ec
core   0: 0x800030e0 (0x0276d033) divu    zero, a3, t2
core   0: 3 0x800030e0 (0x0276d033)
core   0: 0x800030e4 (0x00d7ff33) and     t5, a5, a3
core   0: 3 0x800030e4 (0x00d7ff33) x30 0x00000000
core   0: 0x800030e8 (0x01a47893) andi    a7, s0, 26
core   0: 3 0x800030e8 (0x01a47893) x17 0x0000001a
core   0: 0x800030ec (0x287bab93) slti    s7, s7, 647
core   0: 3 0x800030ec (0x287bab93) x23 0x00000001
core   0: 0x800030f0 (0xe0ee8393) addi    t2, t4, -498
core   0: 3 0x800030f0 (0xe0ee8393) x 7 0x0000041b
core   0: 0x800030f4 (0x007a4eb3) xor     t4, s4, t2
core   0: 3 0x800030f4 (0x007a4eb3) x29 0x0000041b
core   0: 0x800030f8 (0x02752433) mulhsu  s0, a0, t2
core   0: 3 0x800030f8 (0x02752433) x 8 0x00000078
core   0: 0x800030fc (0x012b3133) sltu    sp, s6, s2
core   0: 3 0x800030fc (0x012b3133) x 2 0x00000000
core   0: 0x80003100 (0x00e5d093) srli    ra, a1, 14
core   0: 3 0x80003100 (0x00e5d093) x 1 0x0003ffff
core   0: 0x80003104 (0x419c5d33) sra     s10, s8, s9
core   0: 3 0x80003104 (0x419c5d33) x26 0xf87e7531
core   0: 0x80003108 (0x02a63333) mulhu   t1, a2, a0
core   0: 3 0x80003108 (0x02a63333) x 6 0x00000000
core   0: 0x8000310c (0x40a1d833) sra     a6, gp, a0
core   0: 3 0x8000310c (0x40a1d833) x16 0xffffffff
core   0: 0x80003110 (0x9a84cd13) xori    s10, s1, -1624
core   0: 3 0x80003110 (0x9a84cd13) x26 0x00000657
core   0: 0x80003114 (0x0179eeb3) or      t4, s3, s7
core   0: 3 0x80003114 (0x0179eeb3) x29 0x000007ed
core   0: 0x80003118 (0x027275b3) remu    a1, tp, t2
core   0: 3 0x80003118 (0x027275b3) x11 0x0000005c
core   0: 0x8000311c (0x01e9a833) slt     a6, s3, t5
core   0: 3 0x8000311c (0x01e9a833) x16 0x00000000
core   0: 0x80003120 (0x01844633) xor     a2, s0, s8
core   0: 3 0x80003120 (0x01844633) x12 0x87e7536c
core   0: 0x80003124 (0x401554b3) sra     s1, a0, ra
core   0: 3 0x80003124 (0x401554b3) x 9 0x00000000
core   0: 0x80003128 (0x025feab3) rem     s5, t6, t0
core   0: 3 0x80003128 (0x025feab3) x21 0x00000000
core   0: 0x8000312c (0xa5906493) ori     s1, zero, -1447
core   0: 3 0x8000312c (0xa5906493) x 9 0xfffffa59
core   0: 0x80003130 (0x004dd0b3) srl     ra, s11, tp
core   0: 3 0x80003130 (0x004dd0b3) x 1 0x00000000
core   0: 0x80003134 (0xd9faa013) slti    zero, s5, -609
core   0: 3 0x80003134 (0xd9faa013)
core   0: 0x80003138 (0x02a1d9b3) divu    s3, gp, a0
core   0: 3 0x80003138 (0x02a1d9b3) x19 0x00000008
core   0: 0x8000313c (0x41045d93) srai    s11, s0, 16
core   0: 3 0x8000313c (0x41045d93) x27 0x00000000
core   0: 0x80003140 (0x038f51b3) divu    gp, t5, s8
core   0: 3 0x80003140 (0x038f51b3) x 3 0x00000000
core   0: 0x80003144 (0x03d68433) mul     s0, a3, t4
core   0: 3 0x80003144 (0x03d68433) x 8 0x00000000
core   0: 0x80003148 (0xd71c2b13) slti    s6, s8, -655
core   0: 3 0x80003148 (0xd71c2b13) x22 0x00000001
core   0: 0x8000314c (0x00d75e93) srli    t4, a4, 13
core   0: 3 0x8000314c (0x00d75e93) x29 0x0004000a
core   0: 0x80003150 (0x8e1d0913) addi    s2, s10, -1823
core   0: 3 0x80003150 (0x8e1d0913) x18 0xffffff38
core   0: 0x80003154 (0x6c6b2c13) slti    s8, s6, 1734
core   0: 3 0x80003154 (0x6c6b2c13) x24 0x00000001
core   0: 0x80003158 (0x01ed5f93) srli    t6, s10, 30
core   0: 3 0x80003158 (0x01ed5f93) x31 0x00000000
core   0: 0x8000315c (0x30cefd37) lui     s10, 0x30cef
core   0: 3 0x8000315c (0x30cefd37) x26 0x30cef000
core   0: 0x80003160 (0x41c48633) sub     a2, s1, t3
core   0: 3 0x80003160 (0x41c48633) x12 0x7ffffa59
core   0: 0x80003164 (0x017cd293) srli    t0, s9, 23
core   0: 3 0x80003164 (0x017cd293) x 5 0x00000100
core   0: 0x80003168 (0x034c9bb3) mulh    s7, s9, s4
core   0: 3 0x80003168 (0x034c9bb3) x23 0x00000000
core   0: 0x8000316c (0x02a18f33) mul     t5, gp, a0
core   0: 3 0x8000316c (0x02a18f33) x30 0x00000000
core   0: 0x80003170 (0xe1a1aeb7) lui     t4, 0xe1a1a
core   0: 3 0x80003170 (0xe1a1aeb7) x29 0xe1a1a000
core   0: 0x80003174 (0xb676f093) andi    ra, a3, -1177
core   0: 3 0x80003174 (0xb676f093) x 1 0x00000000
core   0: 0x80003178 (0xfc578113) addi    sp, a5, -59
core   0: 3 0x80003178 (0xfc578113) x 2 0xffffffc5
core   0: 0x8000317c (0x7eae7213) andi    tp, t3, 2026
core   0: 3 0x8000317c (0x7eae7213) x 4 0x00000000
core   0: 0x80003180 (0x7b68c793) xori    a5, a7, 1974
core   0: 3 0x80003180 (0x7b68c793) x15 0x000007ac
core   0: 0x80003184 (0x03fea233) mulhsu  tp, t4, t6
core   0: 3 0x80003184 (0x03fea233) x 4 0x00000000
core   0: 0x80003188 (0x00000013) nop
core   0: 3 0x80003188 (0x00000013)
core   0: 0x8000318c (0x033ea833) mulhsu  a6, t4, s3
core   0: 3 0x8000318c (0x033ea833) x16 0xffffffff
core   0: 0x80003190 (0x01a8f7b3) and     a5, a7, s10
core   0: 3 0x80003190 (0x01a8f7b3) x15 0x00000000
core   0: 0x80003194 (0xbe7b2013) slti    zero, s6, -1049
core   0: 3 0x80003194 (0xbe7b2013)
core   0: 0x80003198 (0x86a346b7) lui     a3, 0x86a34
core   0: 3 0x80003198 (0x86a346b7) x13 0x86a34000
core   0: 0x8000319c (0x0237cdb3) div     s11, a5, gp
core   0: 3 0x8000319c (0x0237cdb3) x27 0xffffffff
core   0: 0x800031a0 (0x02a531b3) mulhu   gp, a0, a0
core   0: 3 0x800031a0 (0x02a531b3) x 3 0x03586074
core   0: 0x800031a4 (0x016c9633) sll     a2, s9, s6
core   0: 3 0x800031a4 (0x016c9633) x12 0x000319c8
core   0: 0x800031a8 (0x00000013) nop
core   0: 3 0x800031a8 (0x00000013)
core   0: 0x800031ac (0xfa80c513) xori    a0, ra, -88
core   0: 3 0x800031ac (0xfa80c513) x10 0xffffffa8
core   0: 0x800031b0 (0x03f22833) mulhsu  a6, tp, t6
core   0: 3 0x800031b0 (0x03f22833) x16 0x00000000
core   0: 0x800031b4 (0x026d7333) remu    t1, s10, t1
core   0: 3 0x800031b4 (0x026d7333) x 6 0x30cef000
core   0: 0x800031b8 (0x2945f493) andi    s1, a1, 660
core   0: 3 0x800031b8 (0x2945f493) x 9 0x00000014
core   0: 0x800031bc (0x4158d813) srai    a6, a7, 21
core   0: 3 0x800031bc (0x4158d813) x16 0x00000000
core   0: 0x800031c0 (0x013246b3) xor     a3, tp, s3
core   0: 3 0x800031c0 (0x013246b3) x13 0x00000008
core   0: 0x800031c4 (0x0121a9b3) slt     s3, gp, s2
core   0: 3 0x800031c4 (0x0121a9b3) x19 0x00000000
core   0: 0x800031c8 (0x02f16eb3) rem     t4, sp, a5
core   0: 3 0x800031c8 (0x02f16eb3) x29 0xffffffc5
core   0: 0x800031cc (0xbcad7e93) andi    t4, s10, -1078
core   0: 3 0x800031cc (0xbcad7e93) x29 0x30cef000
core   0: 0x800031d0 (0x415c05b3) sub     a1, s8, s5
core   0: 3 0x800031d0 (0x415c05b3) x11 0x00000001
core   0: 0x800031d4 (0xb53fcd93) xori    s11, t6, -1197
core   0: 3 0x800031d4 (0xb53fcd93) x27 0xfffffb53
core   0: 0x800031d8 (0x0265a633) mulhsu  a2, a1, t1
core   0: 3 0x800031d8 (0x0265a633) x12 0x00000000
core   0: 0x800031dc (0x01b59db3) sll     s11, a1, s11
core   0: 3 0x800031dc (0x01b59db3) x27 0x00080000
core   0: 0x800031e0 (0x003e4a33) xor     s4, t3, gp
core   0: 3 0x800031e0 (0x003e4a33) x20 0x83586074
core   0: 0x800031e4 (0x010557b3) srl     a5, a0, a6
core   0: 3 0x800031e4 (0x010557b3) x15 0xffffffa8
core   0: 0x800031e8 (0x00975433) srl     s0, a4, s1
core   0: 3 0x800031e8 (0x00975433) x 8 0x00000800
core   0: 0x800031ec (0x40ba5a13) srai    s4, s4, 11
core   0: 3 0x800031ec (0x40ba5a13) x20 0xfff06b0c
core   0: 0x800031f0 (0xc718c293) xori    t0, a7, -911
core   0: 3 0x800031f0 (0xc718c293) x 5 0xfffffc6b
core   0: 0x800031f4 (0x4111dd33) sra     s10, gp, a7
core   0: 3 0x800031f4 (0x4111dd33) x26 0x00000000
core   0: 0x800031f8 (0x003411b3) sll     gp, s0, gp
core   0: 3 0x800031f8 (0x003411b3) x 3 0x80000000
core   0: 0x800031fc (0xbbb17113) andi    sp, sp, -1093
core   0: 3 0x800031fc (0xbbb17113) x 2 0xfffffb81
core   0: 0x80003200 (0x00a217b3) sll     a5, tp, a0
core   0: 3 0x80003200 (0x00a217b3) x15 0x00000000
core   0: 0x80003204 (0x02705eb3) divu    t4, zero, t2
core   0: 3 0x80003204 (0x02705eb3) x29 0x00000000
core   0: 0x80003208 (0x0014b333) sltu    t1, s1, ra
core   0: 3 0x80003208 (0x0014b333) x 6 0x00000000
core   0: 0x8000320c (0x000c1893) slli    a7, s8, 0
core   0: 3 0x8000320c (0x000c1893) x17 0x00000001
core   0: 0x80003210 (0x02de4bb3) div     s7, t3, a3
core   0: 3 0x80003210 (0x02de4bb3) x23 0xf0000000
core   0: 0x80003214 (0x01e1da33) srl     s4, gp, t5
core   0: 3 0x80003214 (0x01e1da33) x20 0x80000000
core   0: 0x80003218 (0x01fcf7b3) and     a5, s9, t6
core   0: 3 0x80003218 (0x01fcf7b3) x15 0x00000000
core   0: 0x8000321c (0x00bb1193) slli    gp, s6, 11
core   0: 3 0x8000321c (0x00bb1193) x 3 0x00000800
core   0: 0x80003220 (0x4058d2b3) sra     t0, a7, t0
core   0: 3 0x80003220 (0x4058d2b3) x 5 0x00000000
core   0: 0x80003224 (0x5c10e217) auipc   tp, 0x5c10e
core   0: 3 0x80003224 (0x5c10e217) x 4 0xdc111224
core   0: 0x80003228 (0x01736633) or      a2, t1, s7
core   0: 3 0x80003228 (0x01736633) x12 0xf0000000
core   0: 0x8000322c (0x00375693) srli    a3, a4, 3
core   0: 3 0x8000322c (0x00375693) x13 0x100029cc
core   0: 0x80003230 (0x403381b3) sub     gp, t2, gp
core   0: 3 0x80003230 (0x403381b3) x 3 0xfffffc1b
core   0: 0x80003234 (0x03d642b3) div     t0, a2, t4
core   0: 3 0x80003234 (0x03d642b3) x 5 0xffffffff
core   0: 0x80003238 (0x00d19993) slli    s3, gp, 13
core   0: 3 0x80003238 (0x00d19993) x19 0xff836000
core   0: 0x8000323c (0x014acab3) xor     s5, s5, s4
core   0: 3 0x8000323c (0x014acab3) x21 0x80000000
core   0: 0x80003240 (0x00e0e4b3) or      s1, ra, a4
core   0: 3 0x80003240 (0x00e0e4b3) x 9 0x80014e64
core   0: 0x80003244 (0xfa246493) ori     s1, s0, -94
core   0: 3 0x80003244 (0xfa246493) x 9 0xffffffa2
core   0: 0x80003248 (0x0380b633) mulhu   a2, ra, s8
core   0: 3 0x80003248 (0x0380b633) x12 0x00000000
core   0: 0x8000324c (0x415cdf33) sra     t5, s9, s5
core   0: 3 0x8000324c (0x415cdf33) x30 0x80018ce4
core   0: 0x80003250 (0x006e30b3) sltu    ra, t3, t1
core   0: 3 0x80003250 (0x006e30b3) x 1 0x00000000
core   0: 0x80003254 (0x00000013) nop
core   0: 3 0x80003254 (0x00000013)
core   0: 0x80003258 (0xd21be793) ori     a5, s7, -735
core   0: 3 0x80003258 (0xd21be793) x15 0xfffffd21
core   0: 0x8000325c (0x4106d0b3) sra     ra, a3, a6
core   0: 3 0x8000325c (0x4106d0b3) x 1 0x100029cc
core   0: 0x80003260 (0x0110d513) srli    a0, ra, 17
core   0: 3 0x80003260 (0x0110d513) x10 0x00000800
core   0: 0x80003264 (0x00000013) nop
core   0: 3 0x80003264 (0x00000013)
core   0: 0x80003268 (0xdbb8bd17) auipc   s10, 0xdbb8b
core   0: 3 0x80003268 (0xdbb8bd17) x26 0x5bb8e268
core   0: 0x8000326c (0xf5b3c793) xori    a5, t2, -165
core   0: 3 0x8000326c (0xf5b3c793) x15 0xfffffb40
core   0: 0x80003270 (0x01764d33) xor     s10, a2, s7
core   0: 3 0x80003270 (0x01764d33) x26 0xf0000000
core   0: 0x80003274 (0x01996933) or      s2, s2, s9
core   0: 3 0x80003274 (0x01996933) x18 0xfffffffc
core   0: 0x80003278 (0x41ddd593) srai    a1, s11, 29
core   0: 3 0x80003278 (0x41ddd593) x11 0x00000000
core   0: 0x8000327c (0x00000013) nop
core   0: 3 0x8000327c (0x00000013)
core   0: 0x80003280 (0x002a9013) slli    zero, s5, 2
core   0: 3 0x80003280 (0x002a9013)
core   0: 0x80003284 (0x6102c193) xori    gp, t0, 1552
core   0: 3 0x80003284 (0x6102c193) x 3 0xfffff9ef
core   0: 0x80003288 (0xd6598193) addi    gp, s3, -667
core   0: 3 0x80003288 (0xd6598193) x 3 0xff835d65
core   0: 0x8000328c (0x0206e333) rem     t1, a3, zero
core   0: 3 0x8000328c (0x0206e333) x 6 0x100029cc
core   0: 0x80003290 (0x4149d493) srai    s1, s3, 20
core   0: 3 0x80003290 (0x4149d493) x 9 0xfffffff8
core   0: 0x80003294 (0x41915393) srai    t2, sp, 25
core   0: 3 0x80003294 (0x41915393) x 7 0xffffffff
core   0: 0x80003298 (0x8329ba37) lui     s4, 0x8329b
core   0: 3 0x80003298 (0x8329ba37) x20 0x8329b000
core   0: 0x8000329c (0x0091db93) srli    s7, gp, 9
core   0: 3 0x8000329c (0x0091db93) x23 0x007fc1ae
core   0: 0x800032a0 (0x336c8d93) addi    s11, s9, 822
core   0: 3 0x800032a0 (0x336c8d93) x27 0x8001901a
core   0: 0x800032a4 (0x02680933) mul     s2, a6, t1
core   0: 3 0x800032a4 (0x02680933) x18 0x00000000
core   0: 0x800032a8 (0x029ae333) rem     t1, s5, s1
core   0: 3 0x800032a8 (0x029ae333) x 6 0x00000000
core   0: 0x800032ac (0x03f58c33) mul     s8, a1, t6
core   0: 3 0x800032ac (0x03f58c33) x24 0x00000000
core   0: 0x800032b0 (0x01eb83b3) add     t2, s7, t5
core   0: 3 0x800032b0 (0x01eb83b3) x 7 0x80814e92
core   0: 0x800032b4 (0x02f10eb3) mul     t4, sp, a5
core   0: 3 0x800032b4 (0x02f10eb3) x29 0x00155b40
core   0: 0x800032b8 (0xa8cdc313) xori    t1, s11, -1396
core   0: 3 0x800032b8 (0xa8cdc313) x 6 0x7ffe6a96
core   0: 0x800032bc (0x00196133) or      sp, s2, ra
core   0: 3 0x800032bc (0x00196133) x 2 0x100029cc
core   0: 0x800032c0 (0x0117aa33) slt     s4, a5, a7
core   0: 3 0x800032c0 (0x0117aa33) x20 0x00000001
core   0: 0x800032c4 (0x01f7fb33) and     s6, a5, t6
core   0: 3 0x800032c4 (0x01f7fb33) x22 0x00000000
core   0: 0x800032c8 (0x0035b6b3) sltu    a3, a1, gp
core   0: 3 0x800032c8 (0x0035b6b3) x13 0x00000001
core   0: 0x800032cc (0x41f05313) srai    t1, zero, 31
core   0: 3 0x800032cc (0x41f05313) x 6 0x00000000
core   0: 0x800032d0 (0xc8f2b4b7) lui     s1, 0xc8f2b
core   0: 3 0x800032d0 (0xc8f2b4b7) x 9 0xc8f2b000
core   0: 0x800032d4 (0x7087a693) slti    a3, a5, 1800
core   0: 3 0x800032d4 (0x7087a693) x13 0x00000001
core   0: 0x800032d8 (0x00edaeb3) slt     t4, s11, a4
core   0: 3 0x800032d8 (0x00edaeb3) x29 0x00000000
core   0: 0x800032dc (0x029e66b3) rem     a3, t3, s1
core   0: 3 0x800032dc (0x029e66b3) x13 0xee1aa000
core   0: 0x800032e0 (0x40d90eb3) sub     t4, s2, a3
core   0: 3 0x800032e0 (0x40d90eb3) x29 0x11e56000
core   0: 0x800032e4 (0x0de44213) xori    tp, s0, 222
core   0: 3 0x800032e4 (0x0de44213) x 4 0x000008de
core   0: 0x800032e8 (0x01b01313) slli    t1, zero, 27
core   0: 3 0x800032e8 (0x01b01313) x 6 0x00000000
core   0: 0x800032ec (0x089d3793) sltiu   a5, s10, 137
core   0: 3 0x800032ec (0x089d3793) x15 0x00000000
core   0: 0x800032f0 (0x01eb1033) sll     zero, s6, t5
core   0: 3 0x800032f0 (0x01eb1033)
core   0: 0x800032f4 (0x6de42b37) lui     s6, 0x6de42
core   0: 3 0x800032f4 (0x6de42b37) x22 0x6de42000
core   0: 0x800032f8 (0x8a8a8013) addi    zero, s5, -1880
core   0: 3 0x800032f8 (0x8a8a8013)
core   0: 0x800032fc (0x010098b3) sll     a7, ra, a6
core   0: 3 0x800032fc (0x010098b3) x17 0x100029cc
core   0: 0x80003300 (0x008c6133) or      sp, s8, s0
core   0: 3 0x80003300 (0x008c6133) x 2 0x00000800
core   0: 0x80003304 (0x405354b3) sra     s1, t1, t0
core   0: 3 0x80003304 (0x405354b3) x 9 0x00000000
core   0: 0x80003308 (0x032ad633) divu    a2, s5, s2
core   0: 3 0x80003308 (0x032ad633) x12 0xffffffff
core   0: 0x8000330c (0x036f0ab3) mul     s5, t5, s6
core   0: 3 0x8000330c (0x036f0ab3) x21 0xc0ac8000
core   0: 0x80003310 (0x10624813) xori    a6, tp, 262
core   0: 3 0x80003310 (0x10624813) x16 0x000009d8
core   0: 0x80003314 (0x028631b3) mulhu   gp, a2, s0
core   0: 3 0x80003314 (0x028631b3) x 3 0x000007ff
core   0: 0x80003318 (0x02da2433) mulhsu  s0, s4, a3
core   0: 3 0x80003318 (0x02da2433) x 8 0x00000000
core   0: 0x8000331c (0xe8a0b113) sltiu   sp, ra, -374
core   0: 3 0x8000331c (0xe8a0b113) x 2 0x00000001
core   0: 0x80003320 (0x00000013) nop
core   0: 3 0x80003320 (0x00000013)
core   0: 0x80003324 (0x41feda13) srai    s4, t4, 31
core   0: 3 0x80003324 (0x41feda13) x20 0x00000000
core   0: 0x80003328 (0x00ef1db3) sll     s11, t5, a4
core   0: 3 0x80003328 (0x00ef1db3) x27 0x0018ce40
core   0: 0x8000332c (0xf1c73d93) sltiu   s11, a4, -228
core   0: 3 0x8000332c (0xf1c73d93) x27 0x00000001
core   0: 0x80003330 (0x024718b3) mulh    a7, a4, tp
core   0: 3 0x80003330 (0x024718b3) x17 0xfffffb91
core   0: 0x80003334 (0x01181793) slli    a5, a6, 17
core   0: 3 0x80003334 (0x01181793) x15 0x13b00000
core   0: 0x80003338 (0x0197d533) srl     a0, a5, s9
core   0: 3 0x80003338 (0x0197d533) x10 0x013b0000
core   0: 0x8000333c (0x34ed2093) slti    ra, s10, 846
core   0: 3 0x8000333c (0x34ed2093) x 1 0x00000001
core   0: 0x80003340 (0x01a31db3) sll     s11, t1, s10
core   0: 3 0x80003340 (0x01a31db3) x27 0x00000000
core   0: 0x80003344 (0x03709033) mulh    zero, ra, s7
core   0: 3 0x80003344 (0x03709033)
core   0: 0x80003348 (0xaebace93) xori    t4, s5, -1301
core   0: 3 0x80003348 (0xaebace93) x29 0x3f537aeb
core   0: 0x8000334c (0x022d9333) mulh    t1, s11, sp
core   0: 3 0x8000334c (0x022d9333) x 6 0x00000000
core   0: 0x80003350 (0x019ca1b3) slt     gp, s9, s9
core   0: 3 0x80003350 (0x019ca1b3) x 3 0x00000000
core   0: 0x80003354 (0x03858c33) mul     s8, a1, s8
core   0: 3 0x80003354 (0x03858c33) x24 0x00000000
core   0: 0x80003358 (0x85dd2b93) slti    s7, s10, -1955
core   0: 3 0x80003358 (0x85dd2b93) x23 0x00000001
core   0: 0x8000335c (0x015a5f33) srl     t5, s4, s5
core   0: 3 0x8000335c (0x015a5f33) x30 0x00000000
core   0: 0x80003360 (0x409dd6b3) sra     a3, s11, s1
core   0: 3 0x80003360 (0x409dd6b3) x13 0x00000000
core   0: 0x80003364 (0x02efcfb3) div     t6, t6, a4
core   0: 3 0x80003364 (0x02efcfb3) x31 0x00000000
core   0: 0x80003368 (0x02d33eb3) mulhu   t4, t1, a3
core   0: 3 0x80003368 (0x02d33eb3) x29 0x00000000
core   0: 0x8000336c (0x401ad313) srai    t1, s5, 1
core   0: 3 0x8000336c (0x401ad313) x 6 0xe0564000
core   0: 0x80003370 (0x0283fa33) remu    s4, t2, s0
core   0: 3 0x80003370 (0x0283fa33) x20 0x80814e92
core   0: 0x80003374 (0x3386f513) andi    a0, a3, 824
core   0: 3 0x80003374 (0x3386f513) x10 0x00000000
core   0: 0x80003378 (0x2b962213) slti    tp, a2, 697
core   0: 3 0x80003378 (0x2b962213) x 4 0x00000001
core   0: 0x8000337c (0x129f8413) addi    s0, t6, 297
core   0: 3 0x8000337c (0x129f8413) x 8 0x00000129
core   0: 0x80003380 (0x03daba33) mulhu   s4, s5, t4
core   0: 3 0x80003380 (0x03daba33) x20 0x00000000
core   0: 0x80003384 (0x039840b3) div     ra, a6, s9
core   0: 3 0x80003384 (0x039840b3) x 1 0x00000000
core   0: 0x80003388 (0x00000013) nop
core   0: 3 0x80003388 (0x00000013)
core   0: 0x8000338c (0xf0437d13) andi    s10, t1, -252
core   0: 3 0x8000338c (0xf0437d13) x26 0xe0564000
core   0: 0x80003390 (0x02f9ab33) mulhsu  s6, s3, a5
core   0: 3 0x80003390 (0x02f9ab33) x22 0xfff66a72
core   0: 0x80003394 (0x3ef4c693) xori    a3, s1, 1007
core   0: 3 0x80003394 (0x3ef4c693) x13 0x000003ef
core   0: 0x80003398 (0x00000013) nop
core   0: 3 0x80003398 (0x00000013)
core   0: 0x8000339c (0x10e28513) addi    a0, t0, 270
core   0: 3 0x8000339c (0x10e28513) x10 0x0000010d
core   0: 0x800033a0 (0x01f681b3) add     gp, a3, t6
core   0: 3 0x800033a0 (0x01f681b3) x 3 0x000003ef
core   0: 0x800033a4 (0xf9270a93) addi    s5, a4, -110
core   0: 3 0x800033a4 (0xf9270a93) x21 0x80014df6
core   0: 0x800033a8 (0x034445b3) div     a1, s0, s4
core   0: 3 0x800033a8 (0x034445b3) x11 0xffffffff
core   0: 0x800033ac (0x03cfd6b3) divu    a3, t6, t3
core   0: 3 0x800033ac (0x03cfd6b3) x13 0x00000000
core   0: 0x800033b0 (0x41905a33) sra     s4, zero, s9
core   0: 3 0x800033b0 (0x41905a33) x20 0x00000000
core   0: 0x800033b4 (0x46593c13) sltiu   s8, s2, 1125
core   0: 3 0x800033b4 (0x46593c13) x24 0x00000001
core   0: 0x800033b8 (0x8b332493) slti    s1, t1, -1869
core   0: 3 0x800033b8 (0x8b332493) x 9 0x00000001
core   0: 0x800033bc (0x03af6c33) rem     s8, t5, s10
core   0: 3 0x800033bc (0x03af6c33) x24 0x00000000
core   0: 0x800033c0 (0x00f93c33) sltu    s8, s2, a5
core   0: 3 0x800033c0 (0x00f93c33) x24 0x00000001
core   0: 0x800033c4 (0x01357bb3) and     s7, a0, s3
core   0: 3 0x800033c4 (0x01357bb3) x23 0x00000000
core   0: 0x800033c8 (0x02bcdc33) divu    s8, s9, a1
core   0: 3 0x800033c8 (0x02bcdc33) x24 0x00000000
core   0: 0x800033cc (0x02892133) mulhsu  sp, s2, s0
core   0: 3 0x800033cc (0x02892133) x 2 0x00000000
core   0: 0x800033d0 (0x01965213) srli    tp, a2, 25
core   0: 3 0x800033d0 (0x01965213) x 4 0x0000007f
core   0: 0x800033d4 (0x03edf7b3) remu    a5, s11, t5
core   0: 3 0x800033d4 (0x03edf7b3) x15 0x00000000
core   0: 0x800033d8 (0x0109e0b3) or      ra, s3, a6
core   0: 3 0x800033d8 (0x0109e0b3) x 1 0xff8369d8
core   0: 0x800033dc (0x005f36b3) sltu    a3, t5, t0
core   0: 3 0x800033dc (0x005f36b3) x13 0x00000001
core   0: 0x800033e0 (0x00ebd2b3) srl     t0, s7, a4
core   0: 3 0x800033e0 (0x00ebd2b3) x 5 0x00000000
core   0: 0x800033e4 (0x00e31eb3) sll     t4, t1, a4
core   0: 3 0x800033e4 (0x00e31eb3) x29 0x05640000
core   0: 0x800033e8 (0x039fe3b3) rem     t2, t6, s9
core   0: 3 0x800033e8 (0x039fe3b3) x 7 0x00000000
core   0: 0x800033ec (0xe34b2297) auipc   t0, 0xe34b2
core   0: 3 0x800033ec (0xe34b2297) x 5 0x634b53ec
core   0: 0x800033f0 (0x01524ab3) xor     s5, tp, s5
core   0: 3 0x800033f0 (0x01524ab3) x21 0x80014d89
core   0: 0x800033f4 (0x98127493) andi    s1, tp, -1663
core   0: 3 0x800033f4 (0x98127493) x 9 0x00000001
core   0: 0x800033f8 (0x415cd493) srai    s1, s9, 21
core   0: 3 0x800033f8 (0x415cd493) x 9 0xfffffc00
core   0: 0x800033fc (0xf98b8593) addi    a1, s7, -104
core   0: 3 0x800033fc (0xf98b8593) x11 0xffffff98
core   0: 0x80003400 (0x01b27eb3) and     t4, tp, s11
core   0: 3 0x80003400 (0x01b27eb3) x29 0x00000000
core   0: 0x80003404 (0x03ef8db3) mul     s11, t6, t5
core   0: 3 0x80003404 (0x03ef8db3) x27 0x00000000
core   0: 0x80003408 (0x02896433) rem     s0, s2, s0
core   0: 3 0x80003408 (0x02896433) x 8 0x00000000
core   0: 0x8000340c (0x85fe14b7) lui     s1, 0x85fe1
core   0: 3 0x8000340c (0x85fe14b7) x 9 0x85fe1000
core   0: 0x80003410 (0x034a5c33) divu    s8, s4, s4
core   0: 3 0x80003410 (0x034a5c33) x24 0xffffffff
core   0: 0x80003414 (0x4148d593) srai    a1, a7, 20
core   0: 3 0x80003414 (0x4148d593) x11 0xffffffff
core   0: 0x80003418 (0xb592a417) auipc   s0, 0xb592a
core   0: 3 0x80003418 (0xb592a417) x 8 0x3592d418
core   0: 0x8000341c (0x40520033) sub     zero, tp, t0
core   0: 3 0x8000341c (0x40520033)
core   0: 0x80003420 (0x0104ac33) slt     s8, s1, a6
core   0: 3 0x80003420 (0x0104ac33) x24 0x00000001
core   0: 0x80003424 (0x4c38fa13) andi    s4, a7, 1219
core   0: 3 0x80003424 (0x4c38fa13) x20 0x00000081
core   0: 0x80003428 (0x3dd1b813) sltiu   a6, gp, 989
core   0: 3 0x80003428 (0x3dd1b813) x16 0x00000000
core   0: 0x8000342c (0x006195b3) sll     a1, gp, t1
core   0: 3 0x8000342c (0x006195b3) x11 0x000003ef
core   0: 0x80003430 (0x00000013) nop
core   0: 3 0x80003430 (0x00000013)
core   0: 0x80003434 (0x02326833) rem     a6, tp, gp
core   0: 3 0x80003434 (0x02326833) x16 0x0000007f
core   0: 0x80003438 (0x41a18b33) sub     s6, gp, s10
core   0: 3 0x80003438 (0x41a18b33) x22 0x1fa9c3ef
core   0: 0x8000343c (0x03506433) rem     s0, zero, s5
core   0: 3 0x8000343c (0x03506433) x 8 0x00000000
core   0: 0x80003440 (0x00017ab3) and     s5, sp, zero
core   0: 3 0x80003440 (0x00017ab3) x21 0x00000000
core   0: 0x80003444 (0x032b00b3) mul     ra, s6, s2
core   0: 3 0x80003444 (0x032b00b3) x 1 0x00000000
core   0: 0x80003448 (0xc2782693) slti    a3, a6, -985
core   0: 3 0x80003448 (0xc2782693) x13 0x00000000
core   0: 0x8000344c (0x0295f0b3) remu    ra, a1, s1
core   0: 3 0x8000344c (0x0295f0b3) x 1 0x000003ef
core   0: 0x80003450 (0x01ce83b3) add     t2, t4, t3
core   0: 3 0x80003450 (0x01ce83b3) x 7 0x80000000
core   0: 0x80003454 (0x0373c9b3) div     s3, t2, s7
core   0: 3 0x80003454 (0x0373c9b3) x19 0xffffffff
core   0: 0x80003458 (0x0350bdb3) mulhu   s11, ra, s5
core   0: 3 0x80003458 (0x0350bdb3) x27 0x00000000
core   0: 0x8000345c (0x01ab4d33) xor     s10, s6, s10
core   0: 3 0x8000345c (0x01ab4d33) x26 0xffff83ef
core   0: 0x80003460 (0x01419f13) slli    t5, gp, 20
core   0: 3 0x80003460 (0x01419f13) x30 0x3ef00000
core   0: 0x80003464 (0x01e95033) srl     zero, s2, t5
core   0: 3 0x80003464 (0x01e95033)
core   0: 0x80003468 (0x01ff2633) slt     a2, t5, t6
core   0: 3 0x80003468 (0x01ff2633) x12 0x00000000
core   0: 0x8000346c (0x01e502b3) add     t0, a0, t5
core   0: 3 0x8000346c (0x01e502b3) x 5 0x3ef0010d
core   0: 0x80003470 (0x01cc8fb3) add     t6, s9, t3
core   0: 3 0x80003470 (0x01cc8fb3) x31 0x00018ce4
core   0: 0x80003474 (0x00608bb3) add     s7, ra, t1
core   0: 3 0x80003474 (0x00608bb3) x23 0xe05643ef
core   0: 0x80003478 (0x016bd4b3) srl     s1, s7, s6
core   0: 3 0x80003478 (0x016bd4b3) x 9 0x0001c0ac
core   0: 0x8000347c (0x02b23433) mulhu   s0, tp, a1
core   0: 3 0x8000347c (0x02b23433) x 8 0x00000000
core   0: 0x80003480 (0x68c88eb7) lui     t4, 0x68c88
core   0: 3 0x80003480 (0x68c88eb7) x29 0x68c88000
core   0: 0x80003484 (0x038687b3) mul     a5, a3, s8
core   0: 3 0x80003484 (0x038687b3) x15 0x00000000
core   0: 0x80003488 (0x00000013) nop
core   0: 3 0x80003488 (0x00000013)
core   0: 0x8000348c (0x032a6333) rem     t1, s4, s2
core   0: 3 0x8000348c (0x032a6333) x 6 0x00000081
core   0: 0x80003490 (0x00562db3) slt     s11, a2, t0
core   0: 3 0x80003490 (0x00562db3) x27 0x00000001
core   0: 0x80003494 (0x02e0fc33) remu    s8, ra, a4
core   0: 3 0x80003494 (0x02e0fc33) x24 0x000003ef
core   0: 0x80003498 (0x93742793) slti    a5, s0, -1737
core   0: 3 0x80003498 (0x93742793) x15 0x00000000
core   0: 0x8000349c (0x0121c433) xor     s0, gp, s2
core   0: 3 0x8000349c (0x0121c433) x 8 0x000003ef
core   0: 0x800034a0 (0x03c43fb3) mulhu   t6, s0, t3
core   0: 3 0x800034a0 (0x03c43fb3) x31 0x000001f7
core   0: 0x800034a4 (0x5156f513) andi    a0, a3, 1301
core   0: 3 0x800034a4 (0x5156f513) x10 0x00000000
core   0: 0x800034a8 (0x00219313) slli    t1, gp, 2
core   0: 3 0x800034a8 (0x00219313) x 6 0x00000fbc
core   0: 0x800034ac (0xca2ab293) sltiu   t0, s5, -862
core   0: 3 0x800034ac (0xca2ab293) x 5 0x00000001
core   0: 0x800034b0 (0x00390933) add     s2, s2, gp
core   0: 3 0x800034b0 (0x00390933) x18 0x000003ef
core   0: 0x800034b4 (0x00000013) nop
core   0: 3 0x800034b4 (0x00000013)
core   0: 0x800034b8 (0x40bed613) srai    a2, t4, 11
core   0: 3 0x800034b8 (0x40bed613) x12 0x000d1910
core   0: 0x800034bc (0x02103333) mulhu   t1, zero, ra
core   0: 3 0x800034bc (0x02103333) x 6 0x00000000
core   0: 0x800034c0 (0xd9f44293) xori    t0, s0, -609
core   0: 3 0x800034c0 (0xd9f44293) x 5 0xfffffe70
core   0: 0x800034c4 (0x0331f933) remu    s2, gp, s3
core   0: 3 0x800034c4 (0x0331f933) x18 0x000003ef
core   0: 0x800034c8 (0x99917a37) lui     s4, 0x99917
core   0: 3 0x800034c8 (0x99917a37) x20 0x99917000
core   0: 0x800034cc (0x03a973b3) remu    t2, s2, s10
core   0: 3 0x800034cc (0x03a973b3) x 7 0x000003ef
core   0: 0x800034d0 (0x02b9abb3) mulhsu  s7, s3, a1
core   0: 3 0x800034d0 (0x02b9abb3) x23 0xffffffff
core   0: 0x800034d4 (0x023d1633) mulh    a2, s10, gp
core   0: 3 0x800034d4 (0x023d1633) x12 0xffffffff
core   0: 0x800034d8 (0x00000013) nop
core   0: 3 0x800034d8 (0x00000013)
core   0: 0x800034dc (0x8a357693) andi    a3, a0, -1885
core   0: 3 0x800034dc (0x8a357693) x13 0x00000000
core   0: 0x800034e0 (0xdd577013) andi    zero, a4, -555
core   0: 3 0x800034e0 (0xdd577013)
core   0: 0x800034e4 (0xc7d63c13) sltiu   s8, a2, -899
core   0: 3 0x800034e4 (0xc7d63c13) x24 0x00000000
core   0: 0x800034e8 (0x1cb9bf13) sltiu   t5, s3, 459
core   0: 3 0x800034e8 (0x1cb9bf13) x30 0x00000000
core   0: 0x800034ec (0x000c4933) xor     s2, s8, zero
core   0: 3 0x800034ec (0x000c4933) x18 0x00000000
core   0: 0x800034f0 (0x03ad4f33) div     t5, s10, s10
core   0: 3 0x800034f0 (0x03ad4f33) x30 0x00000001
core   0: 0x800034f4 (0x02cb9433) mulh    s0, s7, a2
core   0: 3 0x800034f4 (0x02cb9433) x 8 0x00000000
core   0: 0x800034f8 (0x02790ab3) mul     s5, s2, t2
core   0: 3 0x800034f8 (0x02790ab3) x21 0x00000000
core   0: 0x800034fc (0x01e00f33) add     t5, zero, t5
core   0: 3 0x800034fc (0x01e00f33) x30 0x00000001
core   0: 0x80003500 (0x033a7c33) remu    s8, s4, s3
core   0: 3 0x80003500 (0x033a7c33) x24 0x99917000
core   0: 0x80003504 (0x00000013) nop
core   0: 3 0x80003504 (0x00000013)
core   0: 0x80003508 (0x414f5db3) sra     s11, t5, s4
core   0: 3 0x80003508 (0x414f5db3) x27 0x00000001
core   0: 0x8000350c (0x018f3633) sltu    a2, t5, s8
core   0: 3 0x8000350c (0x018f3633) x12 0x00000001
core   0: 0x80003510 (0x03872bb3) mulhsu  s7, a4, s8
core   0: 3 0x80003510 (0x03872bb3) x23 0xb3381097
core   0: 0x80003514 (0x0340f6b3) remu    a3, ra, s4
core   0: 3 0x80003514 (0x0340f6b3) x13 0x000003ef
core   0: 0x80003518 (0xd53d4893) xori    a7, s10, -685
core   0: 3 0x80003518 (0xd53d4893) x17 0x00007ebc
core   0: 0x8000351c (0x000544b3) xor     s1, a0, zero
core   0: 3 0x8000351c (0x000544b3) x 9 0x00000000
core   0: 0x80003520 (0xcdd2f637) lui     a2, 0xcdd2f
core   0: 3 0x80003520 (0xcdd2f637) x12 0xcdd2f000
core   0: 0x80003524 (0x0046d5b3) srl     a1, a3, tp
core   0: 3 0x80003524 (0x0046d5b3) x11 0x00000000
core   0: 0x80003528 (0x03a985b3) mul     a1, s3, s10
core   0: 3 0x80003528 (0x03a985b3) x11 0x00007c11
core   0: 0x8000352c (0xb46ae537) lui     a0, 0xb46ae
core   0: 3 0x8000352c (0xb46ae537) x10 0xb46ae000
core   0: 0x80003530 (0x00486193) ori     gp, a6, 4
core   0: 3 0x80003530 (0x00486193) x 3 0x0000007f
core   0: 0x80003534 (0x03c71db3) mulh    s11, a4, t3
core   0: 3 0x80003534 (0x03c71db3) x27 0x3fff58ce
core   0: 0x80003538 (0x20326a13) ori     s4, tp, 515
core   0: 3 0x80003538 (0x20326a13) x20 0x0000027f
core   0: 0x8000353c (0x3f58a193) slti    gp, a7, 1013
core   0: 3 0x8000353c (0x3f58a193) x 3 0x00000000
core   0: 0x80003540 (0x0075d633) srl     a2, a1, t2
core   0: 3 0x80003540 (0x0075d633) x12 0x00000000
core   0: 0x80003544 (0x41945eb3) sra     t4, s0, s9
core   0: 3 0x80003544 (0x41945eb3) x29 0x00000000
core   0: 0x80003548 (0x00000013) nop
core   0: 3 0x80003548 (0x00000013)
core   0: 0x8000354c (0x40050933) sub     s2, a0, zero
core   0: 3 0x8000354c (0x40050933) x18 0xb46ae000
core   0: 0x80003550 (0x01dd95b3) sll     a1, s11, t4
core   0: 3 0x80003550 (0x01dd95b3) x11 0x3fff58ce
core   0: 0x80003554 (0x00295d13) srli    s10, s2, 2
core   0: 3 0x80003554 (0x00295d13) x26 0x2d1ab800
core   0: 0x80003558 (0x01080433) add     s0, a6, a6
core   0: 3 0x80003558 (0x01080433) x 8 0x000000fe
core   0: 0x8000355c (0x0396a3b3) mulhsu  t2, a3, s9
core   0: 3 0x8000355c (0x0396a3b3) x 7 0x000001f7
core   0: 0x80003560 (0x03b6b3b3) mulhu   t2, a3, s11
core   0: 3 0x80003560 (0x03b6b3b3) x 7 0x000000fb
core   0: 0x80003564 (0x03cc0db3) mul     s11, s8, t3
core   0: 3 0x80003564 (0x03cc0db3) x27 0x00000000
core   0: 0x80003568 (0x01f26c33) or      s8, tp, t6
core   0: 3 0x80003568 (0x01f26c33) x24 0x000001ff
core   0: 0x8000356c (0x0d973693) sltiu   a3, a4, 217
core   0: 3 0x8000356c (0x0d973693) x13 0x00000000
core   0: 0x80003570 (0x019b1fb3) sll     t6, s6, s9
core   0: 3 0x80003570 (0x019b1fb3) x31 0xfa9c3ef0
core   0: 0x80003574 (0x01f49513) slli    a0, s1, 31
core   0: 3 0x80003574 (0x01f49513) x10 0x00000000
core   0: 0x80003578 (0xb843a097) auipc   ra, 0xb843a
core   0: 3 0x80003578 (0xb843a097) x 1 0x3843d578
core   0: 0x8000357c (0x01723eb3) sltu    t4, tp, s7
core   0: 3 0x8000357c (0x01723eb3) x29 0x00000001
core   0: 0x80003580 (0x01612233) slt     tp, sp, s6
core   0: 3 0x80003580 (0x01612233) x 4 0x00000001
core   0: 0x80003584 (0x010d8a17) auipc   s4, 0x10d8
core   0: 3 0x80003584 (0x010d8a17) x20 0x810db584
core   0: 0x80003588 (0xe9d3f613) andi    a2, t2, -355
core   0: 3 0x80003588 (0xe9d3f613) x12 0x00000099
core   0: 0x8000358c (0x4950c013) xori    zero, ra, 1173
core   0: 3 0x8000358c (0x4950c013)
core   0: 0x80003590 (0x01785013) srli    zero, a6, 23
core   0: 3 0x80003590 (0x01785013)
core   0: 0x80003594 (0x6b90f113) andi    sp, ra, 1721
core   0: 3 0x80003594 (0x6b90f113) x 2 0x00000438
core   0: 0x80003598 (0x0313cdb3) div     s11, t2, a7
core   0: 3 0x80003598 (0x0313cdb3) x27 0x00000000
core   0: 0x8000359c (0xdb00b793) sltiu   a5, ra, -592
core   0: 3 0x8000359c (0xdb00b793) x15 0x00000001
core   0: 0x800035a0 (0x024e4833) div     a6, t3, tp
core   0: 3 0x800035a0 (0x024e4833) x16 0x80000000
core   0: 0x800035a4 (0x03622633) mulhsu  a2, tp, s6
core   0: 3 0x800035a4 (0x03622633) x12 0x00000000
core   0: 0x800035a8 (0x03c6cdb3) div     s11, a3, t3
core   0: 3 0x800035a8 (0x03c6cdb3) x27 0x00000000
core   0: 0x800035ac (0x0040ffb3) and     t6, ra, tp
core   0: 3 0x800035ac (0x0040ffb3) x31 0x00000000
core   0: 0x800035b0 (0xb414c513) xori    a0, s1, -1215
core   0: 3 0x800035b0 (0xb414c513) x10 0xfffffb41
core   0: 0x800035b4 (0x019e6a33) or      s4, t3, s9
core   0: 3 0x800035b4 (0x019e6a33) x20 0x80018ce4
core   0: 0x800035b8 (0x01924ab3) xor     s5, tp, s9
core   0: 3 0x800035b8 (0x01924ab3) x21 0x80018ce5
core   0: 0x800035bc (0x93ca0613) addi    a2, s4, -1732
core   0: 3 0x800035bc (0x93ca0613) x12 0x80018620
core   0: 0x800035c0 (0x03cc5133) divu    sp, s8, t3
core   0: 3 0x800035c0 (0x03cc5133) x 2 0x00000000
core   0: 0x800035c4 (0x1446fe93) andi    t4, a3, 324
core   0: 3 0x800035c4 (0x1446fe93) x29 0x00000000
core   0: 0x800035c8 (0x02a8d0b3) divu    ra, a7, a0
core   0: 3 0x800035c8 (0x02a8d0b3) x 1 0x00000000
core   0: 0x800035cc (0x003726b3) slt     a3, a4, gp
core   0: 3 0x800035cc (0x003726b3) x13 0x00000001
core   0: 0x800035d0 (0x000247b3) xor     a5, tp, zero
core   0: 3 0x800035d0 (0x000247b3) x15 0x00000001
core   0: 0x800035d4 (0x03b497b3) mulh    a5, s1, s11
core   0: 3 0x800035d4 (0x03b497b3) x15 0x00000000
core   0: 0x800035d8 (0x1740fa93) andi    s5, ra, 372
core   0: 3 0x800035d8 (0x1740fa93) x21 0x00000000
core   0: 0x800035dc (0x40e8deb3) sra     t4, a7, a4
core   0: 3 0x800035dc (0x40e8deb3) x29 0x000007eb
core   0: 0x800035e0 (0x03d359b3) divu    s3, t1, t4
core   0: 3 0x800035e0 (0x03d359b3) x19 0x00000000
core   0: 0x800035e4 (0x036a5f37) lui     t5, 0x36a5
core   0: 3 0x800035e4 (0x036a5f37) x30 0x036a5000
core   0: 0x800035e8 (0x7a83c793) xori    a5, t2, 1960
core   0: 3 0x800035e8 (0x7a83c793) x15 0x00000753
core   0: 0x800035ec (0x01126f33) or      t5, tp, a7
core   0: 3 0x800035ec (0x01126f33) x30 0x00007ebd
core   0: 0x800035f0 (0x01dc9333) sll     t1, s9, t4
core   0: 3 0x800035f0 (0x01dc9333) x 6 0x0c672000
core   0: 0x800035f4 (0xd0f87993) andi    s3, a6, -753
core   0: 3 0x800035f4 (0xd0f87993) x19 0x80000000
core   0: 0x800035f8 (0x00849b93) slli    s7, s1, 8
core   0: 3 0x800035f8 (0x00849b93) x23 0x00000000
core   0: 0x800035fc (0x904ba193) slti    gp, s7, -1788
core   0: 3 0x800035fc (0x904ba193) x 3 0x00000000
core   0: 0x80003600 (0x03ad23b3) mulhsu  t2, s10, s10
core   0: 3 0x80003600 (0x03ad23b3) x 7 0x07f26779
core   0: 0x80003604 (0x001fd093) srli    ra, t6, 1
core   0: 3 0x80003604 (0x001fd093) x 1 0x00000000
core   0: 0x80003608 (0x009e52b3) srl     t0, t3, s1
core   0: 3 0x80003608 (0x009e52b3) x 5 0x80000000
core   0: 0x8000360c (0x01c69233) sll     tp, a3, t3
core   0: 3 0x8000360c (0x01c69233) x 4 0x00000001
core   0: 0x80003610 (0x039f0bb3) mul     s7, t5, s9
core   0: 3 0x80003610 (0x039f0bb3) x23 0x447d3c54
core   0: 0x80003614 (0x97b12a93) slti    s5, sp, -1669
core   0: 3 0x80003614 (0x97b12a93) x21 0x00000000
core   0: 0x80003618 (0x017f9113) slli    sp, t6, 23
core   0: 3 0x80003618 (0x017f9113) x 2 0x00000000
core   0: 0x8000361c (0x00000013) nop
core   0: 3 0x8000361c (0x00000013)
core   0: 0x80003620 (0x41f6d533) sra     a0, a3, t6
core   0: 3 0x80003620 (0x41f6d533) x10 0x00000001
core   0: 0x80003624 (0x01b7ff33) and     t5, a5, s11
core   0: 3 0x80003624 (0x01b7ff33) x30 0x00000000
core   0: 0x80003628 (0x0283cbb3) div     s7, t2, s0
core   0: 3 0x80003628 (0x0283cbb3) x23 0x0008026c
core   0: 0x8000362c (0x031ca4b3) mulhsu  s1, s9, a7
core   0: 3 0x8000362c (0x031ca4b3) x 9 0xffffc0a2
core   0: 0x80003630 (0x01e6ceb3) xor     t4, a3, t5
core   0: 3 0x80003630 (0x01e6ceb3) x29 0x00000001
core   0: 0x80003634 (0x00000013) nop
core   0: 3 0x80003634 (0x00000013)
core   0: 0x80003638 (0x012cd693) srli    a3, s9, 18
core   0: 3 0x80003638 (0x012cd693) x13 0x00002000
core   0: 0x8000363c (0x01508eb3) add     t4, ra, s5
core   0: 3 0x8000363c (0x01508eb3) x29 0x00000000
core   0: 0x80003640 (0x00d4bc33) sltu    s8, s1, a3
core   0: 3 0x80003640 (0x00d4bc33) x24 0x00000000
core   0: 0x80003644 (0x00241633) sll     a2, s0, sp
core   0: 3 0x80003644 (0x00241633) x12 0x000000fe
core   0: 0x80003648 (0xfb29a2b7) lui     t0, 0xfb29a
core   0: 3 0x80003648 (0xfb29a2b7) x 5 0xfb29a000
core   0: 0x8000364c (0x0014e6b3) or      a3, s1, ra
core   0: 3 0x8000364c (0x0014e6b3) x13 0xffffc0a2
core   0: 0x80003650 (0x0152b3b3) sltu    t2, t0, s5
core   0: 3 0x80003650 (0x0152b3b3) x 7 0x00000000
core   0: 0x80003654 (0x01f05c13) srli    s8, zero, 31
core   0: 3 0x80003654 (0x01f05c13) x24 0x00000000
core   0: 0x80003658 (0xe0ca6b93) ori     s7, s4, -500
core   0: 3 0x80003658 (0xe0ca6b93) x23 0xfffffeec
core   0: 0x8000365c (0x02ed8033) mul     zero, s11, a4
core   0: 3 0x8000365c (0x02ed8033)
core   0: 0x80003660 (0x023f9433) mulh    s0, t6, gp
core   0: 3 0x80003660 (0x023f9433) x 8 0x00000000
core   0: 0x80003664 (0x032d16b3) mulh    a3, s10, s2
core   0: 3 0x80003664 (0x032d16b3) x13 0xf2aee5e7
core   0: 0x80003668 (0x015a0533) add     a0, s4, s5
core   0: 3 0x80003668 (0x015a0533) x10 0x80018ce4
core   0: 0x8000366c (0x40b25a33) sra     s4, tp, a1
core   0: 3 0x8000366c (0x40b25a33) x20 0x00000000
core   0: 0x80003670 (0x0132d813) srli    a6, t0, 19
core   0: 3 0x80003670 (0x0132d813) x16 0x00001f65
core   0: 0x80003674 (0x404a56b3) sra     a3, s4, tp
core   0: 3 0x80003674 (0x404a56b3) x13 0x00000000
core   0: 0x80003678 (0x006952b3) srl     t0, s2, t1
core   0: 3 0x80003678 (0x006952b3) x 5 0xb46ae000
core   0: 0x8000367c (0x00a709b3) add     s3, a4, a0
core   0: 3 0x8000367c (0x00a709b3) x19 0x0002db48
core   0: 0x80003680 (0x41d801b3) sub     gp, a6, t4
core   0: 3 0x80003680 (0x41d801b3) x 3 0x00001f65
core   0: 0x80003684 (0x00cf73b3) and     t2, t5, a2
core   0: 3 0x80003684 (0x00cf73b3) x 7 0x00000000
core   0: 0x80003688 (0x321dca13) xori    s4, s11, 801
core   0: 3 0x80003688 (0x321dca13) x20 0x00000321
core   0: 0x8000368c (0x0019d133) srl     sp, s3, ra
core   0: 3 0x8000368c (0x0019d133) x 2 0x0002db48
core   0: 0x80003690 (0x94507f97) auipc   t6, 0x94507
core   0: 3 0x80003690 (0x94507f97) x31 0x1450a690
core   0: 0x80003694 (0x0225a8b3) mulhsu  a7, a1, sp
core   0: 3 0x80003694 (0x0225a8b3) x17 0x0000b6d0
core   0: 0x80003698 (0x000f5113) srli    sp, t5, 0
core   0: 3 0x80003698 (0x000f5113) x 2 0x00000000
core   0: 0x8000369c (0x011ac2b3) xor     t0, s5, a7
core   0: 3 0x8000369c (0x011ac2b3) x 5 0x0000b6d0
core   0: 0x800036a0 (0xffc1b613) sltiu   a2, gp, -4
core   0: 3 0x800036a0 (0xffc1b613) x12 0x00000001
core   0: 0x800036a4 (0x01ef3a33) sltu    s4, t5, t5
core   0: 3 0x800036a4 (0x01ef3a33) x20 0x00000000
core   0: 0x800036a8 (0x031193b3) mulh    t2, gp, a7
core   0: 3 0x800036a8 (0x031193b3) x 7 0x00000000
core   0: 0x800036ac (0x033a4933) div     s2, s4, s3
core   0: 3 0x800036ac (0x033a4933) x18 0x00000000
core   0: 0x800036b0 (0x00b69a93) slli    s5, a3, 11
core   0: 3 0x800036b0 (0x00b69a93) x21 0x00000000
core   0: 0x800036b4 (0xe52d2593) slti    a1, s10, -430
core   0: 3 0x800036b4 (0xe52d2593) x11 0x00000000
core   0: 0x800036b8 (0x41305ab3) sra     s5, zero, s3
core   0: 3 0x800036b8 (0x41305ab3) x21 0x00000000
core   0: 0x800036bc (0x0248b5b3) mulhu   a1, a7, tp
core   0: 3 0x800036bc (0x0248b5b3) x11 0x00000000
core   0: 0x800036c0 (0x01873bb3) sltu    s7, a4, s8
core   0: 3 0x800036c0 (0x01873bb3) x23 0x00000000
core   0: 0x800036c4 (0xc0fe8393) addi    t2, t4, -1009
core   0: 3 0x800036c4 (0xc0fe8393) x 7 0xfffffc0f
core   0: 0x800036c8 (0x01075513) srli    a0, a4, 16
core   0: 3 0x800036c8 (0x01075513) x10 0x00008001
core   0: 0x800036cc (0x02ddd233) divu    tp, s11, a3
core   0: 3 0x800036cc (0x02ddd233) x 4 0xffffffff
core   0: 0x800036d0 (0x010ad213) srli    tp, s5, 16
core   0: 3 0x800036d0 (0x010ad213) x 4 0x00000000
core   0: 0x800036d4 (0x036f6633) rem     a2, t5, s6
core   0: 3 0x800036d4 (0x036f6633) x12 0x00000000
core   0: 0x800036d8 (0xf5416493) ori     s1, sp, -172
core   0: 3 0x800036d8 (0xf5416493) x 9 0xffffff54
core   0: 0x800036dc (0x01378eb3) add     t4, a5, s3
core   0: 3 0x800036dc (0x01378eb3) x29 0x0002e29b
core   0: 0x800036e0 (0x26c47b93) andi    s7, s0, 620
core   0: 3 0x800036e0 (0x26c47b93) x23 0x00000000
core   0: 0x800036e4 (0x5bd63c13) sltiu   s8, a2, 1469
core   0: 3 0x800036e4 (0x5bd63c13) x24 0x00000001
core   0: 0x800036e8 (0x41680a33) sub     s4, a6, s6
core   0: 3 0x800036e8 (0x41680a33) x20 0xe0565b76
core   0: 0x800036ec (0x03a23fb3) mulhu   t6, tp, s10
core   0: 3 0x800036ec (0x03a23fb3) x31 0x00000000
core   0: 0x800036f0 (0x00e1fa33) and     s4, gp, a4
core   0: 3 0x800036f0 (0x00e1fa33) x20 0x00000e64
core   0: 0x800036f4 (0x0177c633) xor     a2, a5, s7
core   0: 3 0x800036f4 (0x0177c633) x12 0x00000753
core   0: 0x800036f8 (0x418fd9b3) sra     s3, t6, s8
core   0: 3 0x800036f8 (0x418fd9b3) x19 0x00000000
core   0: 0x800036fc (0x03923b33) mulhu   s6, tp, s9
core   0: 3 0x800036fc (0x03923b33) x22 0x00000000
core   0: 0x80003700 (0x00e80233) add     tp, a6, a4
core   0: 3 0x80003700 (0x00e80233) x 4 0x80016dc9
core   0: 0x80003704 (0x010fafb3) slt     t6, t6, a6
core   0: 3 0x80003704 (0x010fafb3) x31 0x00000001
core   0: 0x80003708 (0x0120da13) srli    s4, ra, 18
core   0: 3 0x80003708 (0x0120da13) x20 0x00000000
core   0: 0x8000370c (0x5641e393) ori     t2, gp, 1380
core   0: 3 0x8000370c (0x5641e393) x 7 0x00001f65
core   0: 0x80003710 (0x01eed5b3) srl     a1, t4, t5
core   0: 3 0x80003710 (0x01eed5b3) x11 0x0002e29b
core   0: 0x80003714 (0x40285db3) sra     s11, a6, sp
core   0: 3 0x80003714 (0x40285db3) x27 0x00001f65
core   0: 0x80003718 (0x836e8593) addi    a1, t4, -1994
core   0: 3 0x80003718 (0x836e8593) x11 0x0002dad1
core   0: 0x8000371c (0x407751b3) sra     gp, a4, t2
core   0: 3 0x8000371c (0x407751b3) x 3 0xfc000a73
core   0: 0x80003720 (0x1d936293) ori     t0, t1, 473
core   0: 3 0x80003720 (0x1d936293) x 5 0x0c6721d9
core   0: 0x80003724 (0x29705097) auipc   ra, 0x29705
core   0: 3 0x80003724 (0x29705097) x 1 0xa9708724
core   0: 0x80003728 (0x018124b3) slt     s1, sp, s8
core   0: 3 0x80003728 (0x018124b3) x 9 0x00000001
core   0: 0x8000372c (0x40e85913) srai    s2, a6, 14
core   0: 3 0x8000372c (0x40e85913) x18 0x00000000
core   0: 0x80003730 (0xc5977493) andi    s1, a4, -935
core   0: 3 0x80003730 (0xc5977493) x 9 0x80014c40
core   0: 0x80003734 (0x01933633) sltu    a2, t1, s9
core   0: 3 0x80003734 (0x01933633) x12 0x00000001
core   0: 0x80003738 (0x0004bc33) sltu    s8, s1, zero
core   0: 3 0x80003738 (0x0004bc33) x24 0x00000000
core   0: 0x8000373c (0x03818ab3) mul     s5, gp, s8
core   0: 3 0x8000373c (0x03818ab3) x21 0x00000000
core   0: 0x80003740 (0x017b2a33) slt     s4, s6, s7
core   0: 3 0x80003740 (0x017b2a33) x20 0x00000000
core   0: 0x80003744 (0x72873217) auipc   tp, 0x72873
core   0: 3 0x80003744 (0x72873217) x 4 0xf2876744
core   0: 0x80003748 (0x018418b3) sll     a7, s0, s8
core   0: 3 0x80003748 (0x018418b3) x17 0x00000000
core   0: 0x8000374c (0x41dbd393) srai    t2, s7, 29
core   0: 3 0x8000374c (0x41dbd393) x 7 0x00000000
core   0: 0x80003750 (0x403f0eb3) sub     t4, t5, gp
core   0: 3 0x80003750 (0x403f0eb3) x29 0x03fff58d
core   0: 0x80003754 (0x01c90333) add     t1, s2, t3
core   0: 3 0x80003754 (0x01c90333) x 6 0x80000000
core   0: 0x80003758 (0xf6b52093) slti    ra, a0, -149
core   0: 3 0x80003758 (0xf6b52093) x 1 0x00000000
core   0: 0x8000375c (0x03ee1fb3) mulh    t6, t3, t5
core   0: 3 0x8000375c (0x03ee1fb3) x31 0x00000000
core   0: 0x80003760 (0x65d40193) addi    gp, s0, 1629
core   0: 3 0x80003760 (0x65d40193) x 3 0x0000065d
core   0: 0x80003764 (0x011eb6b3) sltu    a3, t4, a7
core   0: 3 0x80003764 (0x011eb6b3) x13 0x00000000
core   0: 0x80003768 (0x56025397) auipc   t2, 0x56025
core   0: 3 0x80003768 (0x56025397) x 7 0xd6028768
core   0: 0x8000376c (0x00335793) srli    a5, t1, 3
core   0: 3 0x8000376c (0x00335793) x15 0x10000000
core   0: 0x80003770 (0x86acb993) sltiu   s3, s9, -1942
core   0: 3 0x80003770 (0x86acb993) x19 0x00000001
core   0: 0x80003774 (0x015b6533) or      a0, s6, s5
core   0: 3 0x80003774 (0x015b6533) x10 0x00000000
core   0: 0x80003778 (0x9bf2cf13) xori    t5, t0, -1601
core   0: 3 0x80003778 (0x9bf2cf13) x30 0xf398d866
core   0: 0x8000377c (0x007ee033) or      zero, t4, t2
core   0: 3 0x8000377c (0x007ee033)
core   0: 0x80003780 (0x9c567b93) andi    s7, a2, -1595
core   0: 3 0x80003780 (0x9c567b93) x23 0x00000001
core   0: 0x80003784 (0x7dc6cb13) xori    s6, a3, 2012
core   0: 3 0x80003784 (0x7dc6cb13) x22 0x000007dc
core   0: 0x80003788 (0x00219f33) sll     t5, gp, sp
core   0: 3 0x80003788 (0x00219f33) x30 0x0000065d
core   0: 0x8000378c (0x002e9213) slli    tp, t4, 2
core   0: 3 0x8000378c (0x002e9213) x 4 0x0fffd634
core   0: 0x80003790 (0x029c7eb3) remu    t4, s8, s1
core   0: 3 0x80003790 (0x029c7eb3) x29 0x00000000
core   0: 0x80003794 (0x01995913) srli    s2, s2, 25
core   0: 3 0x80003794 (0x01995913) x18 0x00000000
core   0: 0x80003798 (0xa3067d13) andi    s10, a2, -1488
core   0: 3 0x80003798 (0xa3067d13) x26 0x00000000
core   0: 0x8000379c (0x00c3d8b3) srl     a7, t2, a2
core   0: 3 0x8000379c (0x00c3d8b3) x17 0x6b0143b4
core   0: 0x800037a0 (0x0954e693) ori     a3, s1, 149
core   0: 3 0x800037a0 (0x0954e693) x13 0x80014cd5
core   0: 0x800037a4 (0x03fd3833) mulhu   a6, s10, t6
core   0: 3 0x800037a4 (0x03fd3833) x16 0x00000000
core   0: 0x800037a8 (0x2c01eb93) ori     s7, gp, 704
core   0: 3 0x800037a8 (0x2c01eb93) x23 0x000006dd
core   0: 0x800037ac (0x003c2eb3) slt     t4, s8, gp
core   0: 3 0x800037ac (0x003c2eb3) x29 0x00000001
core   0: 0x800037b0 (0x000e4b33) xor     s6, t3, zero
core   0: 3 0x800037b0 (0x000e4b33) x22 0x80000000
core   0: 0x800037b4 (0x41f75f13) srai    t5, a4, 31
core   0: 3 0x800037b4 (0x41f75f13) x30 0xffffffff
core   0: 0x800037b8 (0x43ca1797) auipc   a5, 0x43ca1
core   0: 3 0x800037b8 (0x43ca1797) x15 0xc3ca47b8
core   0: 0x800037bc (0x0341b0b3) mulhu   ra, gp, s4
core   0: 3 0x800037bc (0x0341b0b3) x 1 0x00000000
core   0: 0x800037c0 (0xdc6aa793) slti    a5, s5, -570
core   0: 3 0x800037c0 (0xdc6aa793) x15 0x00000000
core   0: 0x800037c4 (0x01925037) lui     zero, 0x1925
core   0: 3 0x800037c4 (0x01925037)
core   0: 0x800037c8 (0x012fc5b3) xor     a1, t6, s2
core   0: 3 0x800037c8 (0x012fc5b3) x11 0x00000000
core   0: 0x800037cc (0x02d585b3) mul     a1, a1, a3
core   0: 3 0x800037cc (0x02d585b3) x11 0x00000000
core   0: 0x800037d0 (0x019992b3) sll     t0, s3, s9
core   0: 3 0x800037d0 (0x019992b3) x 5 0x00000010
core   0: 0x800037d4 (0x02fde133) rem     sp, s11, a5
core   0: 3 0x800037d4 (0x02fde133) x 2 0x00001f65
core   0: 0x800037d8 (0x00066933) or      s2, a2, zero
core   0: 3 0x800037d8 (0x00066933) x18 0x00000001
core   0: 0x800037dc (0x5e973613) sltiu   a2, a4, 1513
core   0: 3 0x800037dc (0x5e973613) x12 0x00000000
core   0: 0x800037e0 (0x40dad213) srai    tp, s5, 13
core   0: 3 0x800037e0 (0x40dad213) x 4 0x00000000
core   0: 0x800037e4 (0x52a96513) ori     a0, s2, 1322
core   0: 3 0x800037e4 (0x52a96513) x10 0x0000052b
core   0: 0x800037e8 (0x410657b3) sra     a5, a2, a6
core   0: 3 0x800037e8 (0x410657b3) x15 0x00000000
core   0: 0x800037ec (0x1369f513) andi    a0, s3, 310
core   0: 3 0x800037ec (0x1369f513) x10 0x00000000
core   0: 0x800037f0 (0x00e8b433) sltu    s0, a7, a4
core   0: 3 0x800037f0 (0x00e8b433) x 8 0x00000001
core   0: 0x800037f4 (0x02968c33) mul     s8, a3, s1
core   0: 3 0x800037f4 (0x02968c33) x24 0x2ff77140
core   0: 0x800037f8 (0x4150d933) sra     s2, ra, s5
core   0: 3 0x800037f8 (0x4150d933) x18 0x00000000
core   0: 0x800037fc (0x02f318b3) mulh    a7, t1, a5
core   0: 3 0x800037fc (0x02f318b3) x17 0x00000000
core   0: 0x80003800 (0x012242b3) xor     t0, tp, s2
core   0: 3 0x80003800 (0x012242b3) x 5 0x00000000
core   0: 0x80003804 (0x03a84533) div     a0, a6, s10
core   0: 3 0x80003804 (0x03a84533) x10 0xffffffff
core   0: 0x80003808 (0xfa9b1537) lui     a0, 0xfa9b1
core   0: 3 0x80003808 (0xfa9b1537) x10 0xfa9b1000
core   0: 0x8000380c (0x03fbd133) divu    sp, s7, t6
core   0: 3 0x8000380c (0x03fbd133) x 2 0xffffffff
core   0: 0x80003810 (0x408c5bb3) sra     s7, s8, s0
core   0: 3 0x80003810 (0x408c5bb3) x23 0x17fbb8a0
core   0: 0x80003814 (0x02f8df33) divu    t5, a7, a5
core   0: 3 0x80003814 (0x02f8df33) x30 0xffffffff
core   0: 0x80003818 (0x406e5b33) sra     s6, t3, t1
core   0: 3 0x80003818 (0x406e5b33) x22 0x80000000
core   0: 0x8000381c (0x0063e133) or      sp, t2, t1
core   0: 3 0x8000381c (0x0063e133) x 2 0xd6028768
core   0: 0x80003820 (0x003809b3) add     s3, a6, gp
core   0: 3 0x80003820 (0x003809b3) x19 0x0000065d
core   0: 0x80003824 (0x00000013) nop
core   0: 3 0x80003824 (0x00000013)
core   0: 0x80003828 (0x40195893) srai    a7, s2, 1
core   0: 3 0x80003828 (0x40195893) x17 0x00000000
core   0: 0x8000382c (0x72e87293) andi    t0, a6, 1838
core   0: 3 0x8000382c (0x72e87293) x 5 0x00000000
core   0: 0x80003830 (0x00000013) nop
core   0: 3 0x80003830 (0x00000013)
core   0: 0x80003834 (0x03cdd633) divu    a2, s11, t3
core   0: 3 0x80003834 (0x03cdd633) x12 0x00000000
core   0: 0x80003838 (0x01aff633) and     a2, t6, s10
core   0: 3 0x80003838 (0x01aff633) x12 0x00000000
core   0: 0x8000383c (0x41680a33) sub     s4, a6, s6
core   0: 3 0x8000383c (0x41680a33) x20 0x80000000
core   0: 0x80003840 (0x03541633) mulh    a2, s0, s5
core   0: 3 0x80003840 (0x03541633) x12 0x00000000
core   0: 0x80003844 (0x02b11133) mulh    sp, sp, a1
core   0: 3 0x80003844 (0x02b11133) x 2 0x00000000
core   0: 0x80003848 (0x02b5e533) rem     a0, a1, a1
core   0: 3 0x80003848 (0x02b5e533) x10 0x00000000
core   0: 0x8000384c (0x01afab33) slt     s6, t6, s10
core   0: 3 0x8000384c (0x01afab33) x22 0x00000000
core   0: 0x80003850 (0x02a020b3) mulhsu  ra, zero, a0
core   0: 3 0x80003850 (0x02a020b3) x 1 0x00000000
core   0: 0x80003854 (0x00000013) nop
core   0: 3 0x80003854 (0x00000013)
core   0: 0x80003858 (0xe32df413) andi    s0, s11, -462
core   0: 3 0x80003858 (0xe32df413) x 8 0x00001e20
core   0: 0x8000385c (0xabaea897) auipc   a7, 0xabaea
core   0: 3 0x8000385c (0xabaea897) x17 0x2baed85c
core   0: 0x80003860 (0x877b8313) addi    t1, s7, -1929
core   0: 3 0x80003860 (0x877b8313) x 6 0x17fbb117
core   0: 0x80003864 (0x036f7933) remu    s2, t5, s6
core   0: 3 0x80003864 (0x036f7933) x18 0xffffffff
core   0: 0x80003868 (0xd5a87037) lui     zero, 0xd5a87
core   0: 3 0x80003868 (0xd5a87037)
core   0: 0x8000386c (0x019e0633) add     a2, t3, s9
core   0: 3 0x8000386c (0x019e0633) x12 0x00018ce4
core   0: 0x80003870 (0x41b68d97) auipc   s11, 0x41b68
core   0: 3 0x80003870 (0x41b68d97) x27 0xc1b6b870
core   0: 0x80003874 (0xe0adcf93) xori    t6, s11, -502
core   0: 3 0x80003874 (0xe0adcf93) x31 0x3e49467a
core   0: 0x80003878 (0x00f58a33) add     s4, a1, a5
core   0: 3 0x80003878 (0x00f58a33) x20 0x00000000
core   0: 0x8000387c (0x03adf7b3) remu    a5, s11, s10
core   0: 3 0x8000387c (0x03adf7b3) x15 0xc1b6b870
core   0: 0x80003880 (0x4e331b37) lui     s6, 0x4e331
core   0: 3 0x80003880 (0x4e331b37) x22 0x4e331000
core   0: 0x80003884 (0x00b25293) srli    t0, tp, 11
core   0: 3 0x80003884 (0x00b25293) x 5 0x00000000
core   0: 0x80003888 (0x014d4533) xor     a0, s10, s4
core   0: 3 0x80003888 (0x014d4533) x10 0x00000000
core   0: 0x8000388c (0x018e9613) slli    a2, t4, 24
core   0: 3 0x8000388c (0x018e9613) x12 0x01000000
core   0: 0x80003890 (0x01ee9233) sll     tp, t4, t5
core   0: 3 0x80003890 (0x01ee9233) x 4 0x80000000
core   0: 0x80003894 (0x02aeb0b3) mulhu   ra, t4, a0
core   0: 3 0x80003894 (0x02aeb0b3) x 1 0x00000000
core   0: 0x80003898 (0x017244b3) xor     s1, tp, s7
core   0: 3 0x80003898 (0x017244b3) x 9 0x97fbb8a0
core   0: 0x8000389c (0x525ec813) xori    a6, t4, 1317
core   0: 3 0x8000389c (0x525ec813) x16 0x00000524
core   0: 0x800038a0 (0x019627b3) slt     a5, a2, s9
core   0: 3 0x800038a0 (0x019627b3) x15 0x00000000
core   0: 0x800038a4 (0x01ae1893) slli    a7, t3, 26
core   0: 3 0x800038a4 (0x01ae1893) x17 0x00000000
core   0: 0x800038a8 (0x14f4db37) lui     s6, 0x14f4d
core   0: 3 0x800038a8 (0x14f4db37) x22 0x14f4d000
core   0: 0x800038ac (0x00814a33) xor     s4, sp, s0
core   0: 3 0x800038ac (0x00814a33) x20 0x00001e20
core   0: 0x800038b0 (0xe96555b7) lui     a1, 0xe9655
core   0: 3 0x800038b0 (0xe96555b7) x11 0xe9655000
core   0: 0x800038b4 (0x02b0e4b3) rem     s1, ra, a1
core   0: 3 0x800038b4 (0x02b0e4b3) x 9 0x00000000
core   0: 0x800038b8 (0x45ccea13) ori     s4, s9, 1116
core   0: 3 0x800038b8 (0x45ccea13) x20 0x80018cfc
core   0: 0x800038bc (0x003287b3) add     a5, t0, gp
core   0: 3 0x800038bc (0x003287b3) x15 0x0000065d
core   0: 0x800038c0 (0x00011e93) slli    t4, sp, 0
core   0: 3 0x800038c0 (0x00011e93) x29 0x00000000
core   0: 0x800038c4 (0xfd0c8893) addi    a7, s9, -48
core   0: 3 0x800038c4 (0xfd0c8893) x17 0x80018cb4
core   0: 0x800038c8 (0x034762b3) rem     t0, a4, s4
core   0: 3 0x800038c8 (0x034762b3) x 5 0xffffc168
core   0: 0x800038cc (0x40ef5a33) sra     s4, t5, a4
core   0: 3 0x800038cc (0x40ef5a33) x20 0xffffffff
core   0: 0x800038d0 (0x02614a33) div     s4, sp, t1
core   0: 3 0x800038d0 (0x02614a33) x20 0x00000000
core   0: 0x800038d4 (0xa529a913) slti    s2, s3, -1454
core   0: 3 0x800038d4 (0xa529a913) x18 0x00000000
core   0: 0x800038d8 (0x02740ab3) mul     s5, s0, t2
core   0: 3 0x800038d8 (0x02740ab3) x21 0x0c2f1d00
core   0: 0x800038dc (0x03393633) mulhu   a2, s2, s3
core   0: 3 0x800038dc (0x03393633) x12 0x00000000
core   0: 0x800038e0 (0x915a9d17) auipc   s10, 0x915a9
core   0: 3 0x800038e0 (0x915a9d17) x26 0x115ac8e0
core   0: 0x800038e4 (0x000b1893) slli    a7, s6, 0
core   0: 3 0x800038e4 (0x000b1893) x17 0x14f4d000
core   0: 0x800038e8 (0x40885c33) sra     s8, a6, s0
core   0: 3 0x800038e8 (0x40885c33) x24 0x00000524
core   0: 0x800038ec (0x41fc5633) sra     a2, s8, t6
core   0: 3 0x800038ec (0x41fc5633) x12 0x00000000
core   0: 0x800038f0 (0x00000013) nop
core   0: 3 0x800038f0 (0x00000013)
core   0: 0x800038f4 (0x00000013) nop
core   0: 3 0x800038f4 (0x00000013)
core   0: 0x800038f8 (0x01dfedb3) or      s11, t6, t4
core   0: 3 0x800038f8 (0x01dfedb3) x27 0x3e49467a
core   0: 0x800038fc (0x03837333) remu    t1, t1, s8
core   0: 3 0x800038fc (0x03837333) x 6 0x000004b7
core   0: 0x80003900 (0x032e9433) mulh    s0, t4, s2
core   0: 3 0x80003900 (0x032e9433) x 8 0x00000000
core   0: 0x80003904 (0x0100aa33) slt     s4, ra, a6
core   0: 3 0x80003904 (0x0100aa33) x20 0x00000001
core   0: 0x80003908 (0xba056493) ori     s1, a0, -1120
core   0: 3 0x80003908 (0xba056493) x 9 0xfffffba0
core   0: 0x8000390c (0x01168d33) add     s10, a3, a7
core   0: 3 0x8000390c (0x01168d33) x26 0x94f61cd5
core   0: 0x80003910 (0xc6657d93) andi    s11, a0, -922
core   0: 3 0x80003910 (0xc6657d93) x27 0x00000000
core   0: 0x80003914 (0x01f45d93) srli    s11, s0, 31
core   0: 3 0x80003914 (0x01f45d93) x27 0x00000000
core   0: 0x80003918 (0x07b08813) addi    a6, ra, 123
core   0: 3 0x80003918 (0x07b08813) x16 0x0000007b
core   0: 0x8000391c (0x00dac633) xor     a2, s5, a3
core   0: 3 0x8000391c (0x00dac633) x12 0x8c2e51d5
core   0: 0x80003920 (0x00260033) add     zero, a2, sp
core   0: 3 0x80003920 (0x00260033)
core   0: 0x80003924 (0x41635833) sra     a6, t1, s6
core   0: 3 0x80003924 (0x41635833) x16 0x000004b7
core   0: 0x80003928 (0x00091033) sll     zero, s2, zero
core   0: 3 0x80003928 (0x00091033)
core   0: 0x8000392c (0x40815993) srai    s3, sp, 8
core   0: 3 0x8000392c (0x40815993) x19 0x00000000
core   0: 0x80003930 (0x40e00233) sub     tp, zero, a4
core   0: 3 0x80003930 (0x40e00233) x 4 0x7ffeb19c
core   0: 0x80003934 (0x21df8213) addi    tp, t6, 541
core   0: 3 0x80003934 (0x21df8213) x 4 0x3e494897
core   0: 0x80003938 (0xe2b6f593) andi    a1, a3, -469
core   0: 3 0x80003938 (0xe2b6f593) x11 0x80014c01
core   0: 0x8000393c (0x00f2bbb3) sltu    s7, t0, a5
core   0: 3 0x8000393c (0x00f2bbb3) x23 0x00000000
core   0: 0x80003940 (0x028e74b3) remu    s1, t3, s0
core   0: 3 0x80003940 (0x028e74b3) x 9 0x80000000
core   0: 0x80003944 (0xb11c4b37) lui     s6, 0xb11c4
core   0: 3 0x80003944 (0xb11c4b37) x22 0xb11c4000
core   0: 0x80003948 (0x01bd3033) sltu    zero, s10, s11
core   0: 3 0x80003948 (0x01bd3033)
core   0: 0x8000394c (0xf9bf3613) sltiu   a2, t5, -101
core   0: 3 0x8000394c (0xf9bf3613) x12 0x00000000
core   0: 0x80003950 (0x0a518693) addi    a3, gp, 165
core   0: 3 0x80003950 (0x0a518693) x13 0x00000702
core   0: 0x80003954 (0x021a67b3) rem     a5, s4, ra
core   0: 3 0x80003954 (0x021a67b3) x15 0x00000001
core   0: 0x80003958 (0x01e0d313) srli    t1, ra, 30
core   0: 3 0x80003958 (0x01e0d313) x 6 0x00000000
core   0: 0x8000395c (0x41b55eb3) sra     t4, a0, s11
core   0: 3 0x8000395c (0x41b55eb3) x29 0x00000000
core   0: 0x80003960 (0x03c59ab3) mulh    s5, a1, t3
core   0: 3 0x80003960 (0x03c59ab3) x21 0x3fff59ff
core   0: 0x80003964 (0x02bbf833) remu    a6, s7, a1
core   0: 3 0x80003964 (0x02bbf833) x16 0x00000000
core   0: 0x80003968 (0x03b5fab3) remu    s5, a1, s11
core   0: 3 0x80003968 (0x03b5fab3) x21 0x80014c01
core   0: 0x8000396c (0x031028b3) mulhsu  a7, zero, a7
core   0: 3 0x8000396c (0x031028b3) x17 0x00000000
core   0: 0x80003970 (0x409a8333) sub     t1, s5, s1
core   0: 3 0x80003970 (0x409a8333) x 6 0x00014c01
core   0: 0x80003974 (0xc23e0313) addi    t1, t3, -989
core   0: 3 0x80003974 (0xc23e0313) x 6 0x7ffffc23
core   0: 0x80003978 (0x02858633) mul     a2, a1, s0
core   0: 3 0x80003978 (0x02858633) x12 0x00000000
core   0: 0x8000397c (0x02b0f1b3) remu    gp, ra, a1
core   0: 3 0x8000397c (0x02b0f1b3) x 3 0x00000000
core   0: 0x80003980 (0x024551b3) divu    gp, a0, tp
core   0: 3 0x80003980 (0x024551b3) x 3 0x00000000
core   0: 0x80003984 (0x004ca5b3) slt     a1, s9, tp
core   0: 3 0x80003984 (0x004ca5b3) x11 0x00000001
core   0: 0x80003988 (0x01f35ab3) srl     s5, t1, t6
core   0: 3 0x80003988 (0x01f35ab3) x21 0x0000001f
core   0: 0x8000398c (0x03ade233) rem     tp, s11, s10
core   0: 3 0x8000398c (0x03ade233) x 4 0x00000000
core   0: 0x80003990 (0x013e8233) add     tp, t4, s3
core   0: 3 0x80003990 (0x013e8233) x 4 0x00000000
core   0: 0x80003994 (0x03ff6033) rem     zero, t5, t6
core   0: 3 0x80003994 (0x03ff6033)
core   0: 0x80003998 (0x015f35b3) sltu    a1, t5, s5
core   0: 3 0x80003998 (0x015f35b3) x11 0x00000000
core   0: 0x8000399c (0x023770b3) remu    ra, a4, gp
core   0: 3 0x8000399c (0x023770b3) x 1 0x80014e64
core   0: 0x800039a0 (0x9ac1a017) auipc   zero, 0x9ac1a
core   0: 3 0x800039a0 (0x9ac1a017)
core   0: 0x800039a4 (0xa2dd0817) auipc   a6, 0xa2dd0
core   0: 3 0x800039a4 (0xa2dd0817) x16 0x22dd39a4
core   0: 0x800039a8 (0x03312633) mulhsu  a2, sp, s3
core   0: 3 0x800039a8 (0x03312633) x12 0x00000000
core   0: 0x800039ac (0x02e2a4b3) mulhsu  s1, t0, a4
core   0: 3 0x800039ac (0x02e2a4b3) x 9 0xffffe0b3
core   0: 0x800039b0 (0x091e0e93) addi    t4, t3, 145
core   0: 3 0x800039b0 (0x091e0e93) x29 0x80000091
core   0: 0x800039b4 (0x03511bb3) mulh    s7, sp, s5
core   0: 3 0x800039b4 (0x03511bb3) x23 0x00000000
core   0: 0x800039b8 (0x01929693) slli    a3, t0, 25
core   0: 3 0x800039b8 (0x01929693) x13 0xd0000000
core   0: 0x800039bc (0xc9b07293) andi    t0, zero, -869
core   0: 3 0x800039bc (0xc9b07293) x 5 0x00000000
core   0: 0x800039c0 (0x00fbb833) sltu    a6, s7, a5
core   0: 3 0x800039c0 (0x00fbb833) x16 0x00000001
core   0: 0x800039c4 (0x75de2793) slti    a5, t3, 1885
core   0: 3 0x800039c4 (0x75de2793) x15 0x00000001
core   0: 0x800039c8 (0xf35f6117) auipc   sp, 0xf35f6
core   0: 3 0x800039c8 (0xf35f6117) x 2 0x735f99c8
core   0: 0x800039cc (0x8f16d4b7) lui     s1, 0x8f16d
core   0: 3 0x800039cc (0x8f16d4b7) x 9 0x8f16d000
core   0: 0x800039d0 (0x031e7eb3) remu    t4, t3, a7
core   0: 3 0x800039d0 (0x031e7eb3) x29 0x80000000
core   0: 0x800039d4 (0x03405533) divu    a0, zero, s4
core   0: 3 0x800039d4 (0x03405533) x10 0x00000000
core   0: 0x800039d8 (0x020634b3) mulhu   s1, a2, zero
core   0: 3 0x800039d8 (0x020634b3) x 9 0x00000000
core   0: 0x800039dc (0x410706b3) sub     a3, a4, a6
core   0: 3 0x800039dc (0x410706b3) x13 0x80014e63
core   0: 0x800039e0 (0x03b6d833) divu    a6, a3, s11
core   0: 3 0x800039e0 (0x03b6d833) x16 0xffffffff
core   0: 0x800039e4 (0x006a3bb3) sltu    s7, s4, t1
core   0: 3 0x800039e4 (0x006a3bb3) x23 0x00000001
core   0: 0x800039e8 (0x01985093) srli    ra, a6, 25
core   0: 3 0x800039e8 (0x01985093) x 1 0x0000007f
core   0: 0x800039ec (0x0088d333) srl     t1, a7, s0
core   0: 3 0x800039ec (0x0088d333) x 6 0x00000000
core   0: 0x800039f0 (0x41dfea13) ori     s4, t6, 1053
core   0: 3 0x800039f0 (0x41dfea13) x20 0x3e49467f
core   0: 0x800039f4 (0x004e9c13) slli    s8, t4, 4
core   0: 3 0x800039f4 (0x004e9c13) x24 0x00000000
core   0: 0x800039f8 (0x0008f633) and     a2, a7, zero
core   0: 3 0x800039f8 (0x0008f633) x12 0x00000000
core   0: 0x800039fc (0x376a2a93) slti    s5, s4, 886
core   0: 3 0x800039fc (0x376a2a93) x21 0x00000000
core   0: 0x80003a00 (0x03160833) mul     a6, a2, a7
core   0: 3 0x80003a00 (0x03160833) x16 0x00000000
core   0: 0x80003a04 (0x0020de93) srli    t4, ra, 2
core   0: 3 0x80003a04 (0x0020de93) x29 0x0000001f
core   0: 0x80003a08 (0x03ab9833) mulh    a6, s7, s10
core   0: 3 0x80003a08 (0x03ab9833) x16 0xffffffff
core   0: 0x80003a0c (0x00238bb3) add     s7, t2, sp
core   0: 3 0x80003a0c (0x00238bb3) x23 0x49622130
core   0: 0x80003a10 (0x00622093) slti    ra, tp, 6
core   0: 3 0x80003a10 (0x00622093) x 1 0x00000001
core   0: 0x80003a14 (0x00ff18b3) sll     a7, t5, a5
core   0: 3 0x80003a14 (0x00ff18b3) x17 0xfffffffe
core   0: 0x80003a18 (0x00b2cab3) xor     s5, t0, a1
core   0: 3 0x80003a18 (0x00b2cab3) x21 0x00000000
core   0: 0x80003a1c (0x01300d33) add     s10, zero, s3
core   0: 3 0x80003a1c (0x01300d33) x26 0x00000000
core   0: 0x80003a20 (0x003fca33) xor     s4, t6, gp
core   0: 3 0x80003a20 (0x003fca33) x20 0x3e49467a
core   0: 0x80003a24 (0x70fff517) auipc   a0, 0x70fff
core   0: 3 0x80003a24 (0x70fff517) x10 0xf1002a24
core   0: 0x80003a28 (0x9e85b113) sltiu   sp, a1, -1560
core   0: 3 0x80003a28 (0x9e85b113) x 2 0x00000001
core   0: 0x80003a2c (0x02fe0533) mul     a0, t3, a5
core   0: 3 0x80003a2c (0x02fe0533) x10 0x80000000
core   0: 0x80003a30 (0x00a838b3) sltu    a7, a6, a0
core   0: 3 0x80003a30 (0x00a838b3) x17 0x00000000
core   0: 0x80003a34 (0x9af1b693) sltiu   a3, gp, -1617
core   0: 3 0x80003a34 (0x9af1b693) x13 0x00000001
core   0: 0x80003a38 (0x02174533) div     a0, a4, ra
core   0: 3 0x80003a38 (0x02174533) x10 0x80014e64
core   0: 0x80003a3c (0x01345c13) srli    s8, s0, 19
core   0: 3 0x80003a3c (0x01345c13) x24 0x00000000
core   0: 0x80003a40 (0x02858a33) mul     s4, a1, s0
core   0: 3 0x80003a40 (0x02858a33) x20 0x00000000
core   0: 0x80003a44 (0x010f3a33) sltu    s4, t5, a6
core   0: 3 0x80003a44 (0x010f3a33) x20 0x00000000
core   0: 0x80003a48 (0x96717a97) auipc   s5, 0x96717
core   0: 3 0x80003a48 (0x96717a97) x21 0x1671aa48
core   0: 0x80003a4c (0x011608b3) add     a7, a2, a7
core   0: 3 0x80003a4c (0x011608b3) x17 0x00000000
core   0: 0x80003a50 (0x02521233) mulh    tp, tp, t0
core   0: 3 0x80003a50 (0x02521233) x 4 0x00000000
core   0: 0x80003a54 (0x01a35e93) srli    t4, t1, 26
core   0: 3 0x80003a54 (0x01a35e93) x29 0x00000000
core   0: 0x80003a58 (0x413c50b3) sra     ra, s8, s3
core   0: 3 0x80003a58 (0x413c50b3) x 1 0x00000000
core   0: 0x80003a5c (0x02ec8bb3) mul     s7, s9, a4
core   0: 3 0x80003a5c (0x02ec8bb3) x23 0x066c8110
core   0: 0x80003a60 (0x035bb833) mulhu   a6, s7, s5
core   0: 3 0x80003a60 (0x035bb833) x16 0x00902d42
core   0: 0x80003a64 (0x40205113) srai    sp, zero, 2
core   0: 3 0x80003a64 (0x40205113) x 2 0x00000000
core   0: 0x80003a68 (0x0308d1b3) divu    gp, a7, a6
core   0: 3 0x80003a68 (0x0308d1b3) x 3 0x00000000
core   0: 0x80003a6c (0x01afcd33) xor     s10, t6, s10
core   0: 3 0x80003a6c (0x01afcd33) x26 0x3e49467a
core   0: 0x80003a70 (0x89c30213) addi    tp, t1, -1892
core   0: 3 0x80003a70 (0x89c30213) x 4 0xfffff89c
core   0: 0x80003a74 (0x01763c33) sltu    s8, a2, s7
core   0: 3 0x80003a74 (0x01763c33) x24 0x00000001
core   0: 0x80003a78 (0x015525b3) slt     a1, a0, s5
core   0: 3 0x80003a78 (0x015525b3) x11 0x00000001
core   0: 0x80003a7c (0x025920b3) mulhsu  ra, s2, t0
core   0: 3 0x80003a7c (0x025920b3) x 1 0x00000000
core   0: 0x80003a80 (0x02481433) mulh    s0, a6, tp
core   0: 3 0x80003a80 (0x02481433) x 8 0xfffffffb
core   0: 0x80003a84 (0x0046d533) srl     a0, a3, tp
core   0: 3 0x80003a84 (0x0046d533) x10 0x00000000
core   0: 0x80003a88 (0x41408133) sub     sp, ra, s4
core   0: 3 0x80003a88 (0x41408133) x 2 0x00000000
core   0: 0x80003a8c (0x007e5f93) srli    t6, t3, 7
core   0: 3 0x80003a8c (0x007e5f93) x31 0x01000000
core   0: 0x80003a90 (0x021f5bb3) divu    s7, t5, ra
core   0: 3 0x80003a90 (0x021f5bb3) x23 0xffffffff
core   0: 0x80003a94 (0x00576a33) or      s4, a4, t0
core   0: 3 0x80003a94 (0x00576a33) x20 0x80014e64
core   0: 0x80003a98 (0x00b55893) srli    a7, a0, 11
core   0: 3 0x80003a98 (0x00b55893) x17 0x00000000
core   0: 0x80003a9c (0x41c85db3) sra     s11, a6, t3
core   0: 3 0x80003a9c (0x41c85db3) x27 0x00902d42
core   0: 0x80003aa0 (0x01be5b13) srli    s6, t3, 27
core   0: 3 0x80003aa0 (0x01be5b13) x22 0x00000010
core   0: 0x80003aa4 (0xf9ff6093) ori     ra, t5, -97
core   0: 3 0x80003aa4 (0xf9ff6093) x 1 0xffffffff
core   0: 0x80003aa8 (0x006a49b3) xor     s3, s4, t1
core   0: 3 0x80003aa8 (0x006a49b3) x19 0x80014e64
core   0: 0x80003aac (0xdda039b7) lui     s3, 0xdda03
core   0: 3 0x80003aac (0xdda039b7) x19 0xdda03000
core   0: 0x80003ab0 (0x9a1efa93) andi    s5, t4, -1631
core   0: 3 0x80003ab0 (0x9a1efa93) x21 0x00000000
core   0: 0x80003ab4 (0xf36f8293) addi    t0, t6, -202
core   0: 3 0x80003ab4 (0xf36f8293) x 5 0x00ffff36
core   0: 0x80003ab8 (0x034e0bb3) mul     s7, t3, s4
core   0: 3 0x80003ab8 (0x034e0bb3) x23 0x00000000
core   0: 0x80003abc (0x01528f33) add     t5, t0, s5
core   0: 3 0x80003abc (0x01528f33) x30 0x00ffff36
core   0: 0x80003ac0 (0x00211513) slli    a0, sp, 2
core   0: 3 0x80003ac0 (0x00211513) x10 0x00000000
core   0: 0x80003ac4 (0x5cd80113) addi    sp, a6, 1485
core   0: 3 0x80003ac4 (0x5cd80113) x 2 0x0090330f
core   0: 0x80003ac8 (0x40e9d113) srai    sp, s3, 14
core   0: 3 0x80003ac8 (0x40e9d113) x 2 0xffff7680
core   0: 0x80003acc (0xb6be6813) ori     a6, t3, -1173
core   0: 3 0x80003acc (0xb6be6813) x16 0xfffffb6b
core   0: 0x80003ad0 (0x039d2f33) mulhsu  t5, s10, s9
core   0: 3 0x80003ad0 (0x039d2f33) x30 0x1f2503cd
core   0: 0x80003ad4 (0x8af8c493) xori    s1, a7, -1873
core   0: 3 0x80003ad4 (0x8af8c493) x 9 0xfffff8af
core   0: 0x80003ad8 (0x0143b133) sltu    sp, t2, s4
core   0: 3 0x80003ad8 (0x0143b133) x 2 0x00000000
core   0: 0x80003adc (0x02469d33) mulh    s10, a3, tp
core   0: 3 0x80003adc (0x02469d33) x26 0xffffffff
core   0: 0x80003ae0 (0x8a0f7f17) auipc   t5, 0x8a0f7
core   0: 3 0x80003ae0 (0x8a0f7f17) x30 0x0a0faae0
core   0: 0x80003ae4 (0x02ed5eb3) divu    t4, s10, a4
core   0: 3 0x80003ae4 (0x02ed5eb3) x29 0x00000001
core   0: 0x80003ae8 (0xcc390093) addi    ra, s2, -829
core   0: 3 0x80003ae8 (0xcc390093) x 1 0xfffffcc3
core   0: 0x80003aec (0x00b7c633) xor     a2, a5, a1
core   0: 3 0x80003aec (0x00b7c633) x12 0x00000000
core   0: 0x80003af0 (0x033400b3) mul     ra, s0, s3
core   0: 3 0x80003af0 (0x033400b3) x 1 0xabdf1000
core   0: 0x80003af4 (0x02cc2bb3) mulhsu  s7, s8, a2
core   0: 3 0x80003af4 (0x02cc2bb3) x23 0x00000000
core   0: 0x80003af8 (0x039dd633) divu    a2, s11, s9
core   0: 3 0x80003af8 (0x039dd633) x12 0x00000000
core   0: 0x80003afc (0x0268e6b3) rem     a3, a7, t1
core   0: 3 0x80003afc (0x0268e6b3) x13 0x00000000
core   0: 0x80003b00 (0x4ead7b13) andi    s6, s10, 1258
core   0: 3 0x80003b00 (0x4ead7b13) x22 0x000004ea
core   0: 0x80003b04 (0x029292b3) mulh    t0, t0, s1
core   0: 3 0x80003b04 (0x029292b3) x 5 0xfffffff8
core   0: 0x80003b08 (0xca593d13) sltiu   s10, s2, -859
core   0: 3 0x80003b08 (0xca593d13) x26 0x00000001
core   0: 0x80003b0c (0x02e1f633) remu    a2, gp, a4
core   0: 3 0x80003b0c (0x02e1f633) x12 0x00000000
core   0: 0x80003b10 (0x41ee80b3) sub     ra, t4, t5
core   0: 3 0x80003b10 (0x41ee80b3) x 1 0xf5f05521
core   0: 0x80003b14 (0x452a4f97) auipc   t6, 0x452a4
core   0: 3 0x80003b14 (0x452a4f97) x31 0xc52a7b14
core   0: 0x80003b18 (0x3b18e293) ori     t0, a7, 945
core   0: 3 0x80003b18 (0x3b18e293) x 5 0x000003b1
core   0: 0x80003b1c (0xc50d0a13) addi    s4, s10, -944
core   0: 3 0x80003b1c (0xc50d0a13) x20 0xfffffc51
core   0: 0x80003b20 (0x032ba6b3) mulhsu  a3, s7, s2
core   0: 3 0x80003b20 (0x032ba6b3) x13 0x00000000
core   0: 0x80003b24 (0xe265a793) slti    a5, a1, -474
core   0: 3 0x80003b24 (0xe265a793) x15 0x00000000
core   0: 0x80003b28 (0x993cafb7) lui     t6, 0x993ca
core   0: 3 0x80003b28 (0x993cafb7) x31 0x993ca000
core   0: 0x80003b2c (0x01a447b3) xor     a5, s0, s10
core   0: 3 0x80003b2c (0x01a447b3) x15 0xfffffffa
core   0: 0x80003b30 (0x41a38eb3) sub     t4, t2, s10
core   0: 3 0x80003b30 (0x41a38eb3) x29 0xd6028767
core   0: 0x80003b34 (0x40f65c13) srai    s8, a2, 15
core   0: 3 0x80003b34 (0x40f65c13) x24 0x00000000
core   0: 0x80003b38 (0x007ac033) xor     zero, s5, t2
core   0: 3 0x80003b38 (0x007ac033)
core   0: 0x80003b3c (0x000faf33) slt     t5, t6, zero
core   0: 3 0x80003b3c (0x000faf33) x30 0x00000001
core   0: 0x80003b40 (0x020a9633) mulh    a2, s5, zero
core   0: 3 0x80003b40 (0x020a9633) x12 0x00000000
core   0: 0x80003b44 (0x00d36593) ori     a1, t1, 13
core   0: 3 0x80003b44 (0x00d36593) x11 0x0000000d
core   0: 0x80003b48 (0x002651b3) srl     gp, a2, sp
core   0: 3 0x80003b48 (0x002651b3) x 3 0x00000000
core   0: 0x80003b4c (0x01bbd8b3) srl     a7, s7, s11
core   0: 3 0x80003b4c (0x01bbd8b3) x17 0x00000000
core   0: 0x80003b50 (0x02ac1db3) mulh    s11, s8, a0
core   0: 3 0x80003b50 (0x02ac1db3) x27 0x00000000
core   0: 0x80003b54 (0x0362a233) mulhsu  tp, t0, s6
core   0: 3 0x80003b54 (0x0362a233) x 4 0x00000000
core   0: 0x80003b58 (0x00000013) nop
core   0: 3 0x80003b58 (0x00000013)
core   0: 0x80003b5c (0x007a7eb3) and     t4, s4, t2
core   0: 3 0x80003b5c (0x007a7eb3) x29 0xd6028440
core   0: 0x80003b60 (0x00802533) slt     a0, zero, s0
core   0: 3 0x80003b60 (0x00802533) x10 0x00000000
core   0: 0x80003b64 (0x80e96d13) ori     s10, s2, -2034
core   0: 3 0x80003b64 (0x80e96d13) x26 0xfffff80e
core   0: 0x80003b68 (0x1b0eba93) sltiu   s5, t4, 432
core   0: 3 0x80003b68 (0x1b0eba93) x21 0x00000000
core   0: 0x80003b6c (0xbb87d997) auipc   s3, 0xbb87d
core   0: 3 0x80003b6c (0xbb87d997) x19 0x3b880b6c
core   0: 0x80003b70 (0x0145e8b3) or      a7, a1, s4
core   0: 3 0x80003b70 (0x0145e8b3) x17 0xfffffc5d
core   0: 0x80003b74 (0x780d7b93) andi    s7, s10, 1920
core   0: 3 0x80003b74 (0x780d7b93) x23 0x00000000
core   0: 0x80003b78 (0x590f6793) ori     a5, t5, 1424
core   0: 3 0x80003b78 (0x590f6793) x15 0x00000591
core   0: 0x80003b7c (0x02521233) mulh    tp, tp, t0
core   0: 3 0x80003b7c (0x02521233) x 4 0x00000000
core   0: 0x80003b80 (0x013457b3) srl     a5, s0, s3
core   0: 3 0x80003b80 (0x013457b3) x15 0x000fffff
core   0: 0x80003b84 (0x41f6d233) sra     tp, a3, t6
core   0: 3 0x80003b84 (0x41f6d233) x 4 0x00000000
core   0: 0x80003b88 (0x026f07b3) mul     a5, t5, t1
core   0: 3 0x80003b88 (0x026f07b3) x15 0x00000000
core   0: 0x80003b8c (0x19a4c217) auipc   tp, 0x19a4c
core   0: 3 0x80003b8c (0x19a4c217) x 4 0x99a4fb8c
core   0: 0x80003b90 (0x00b41933) sll     s2, s0, a1
core   0: 3 0x80003b90 (0x00b41933) x18 0xffff6000
core   0: 0x80003b94 (0x414c8633) sub     a2, s9, s4
core   0: 3 0x80003b94 (0x414c8633) x12 0x80019093
core   0: 0x80003b98 (0xbe968613) addi    a2, a3, -1047
core   0: 3 0x80003b98 (0xbe968613) x12 0xfffffbe9
core   0: 0x80003b9c (0x4085d013) srai    zero, a1, 8
core   0: 3 0x80003b9c (0x4085d013)
core   0: 0x80003ba0 (0x0399d1b3) divu    gp, s3, s9
core   0: 3 0x80003ba0 (0x0399d1b3) x 3 0x00000000
core   0: 0x80003ba4 (0x03fe50b3) divu    ra, t3, t6
core   0: 3 0x80003ba4 (0x03fe50b3) x 1 0x00000000
core   0: 0x80003ba8 (0x40b15633) sra     a2, sp, a1
core   0: 3 0x80003ba8 (0x40b15633) x12 0x00000000
core   0: 0x80003bac (0x9335b913) sltiu   s2, a1, -1741
core   0: 3 0x80003bac (0x9335b913) x18 0x00000001
core   0: 0x80003bb0 (0x018f5213) srli    tp, t5, 24
core   0: 3 0x80003bb0 (0x018f5213) x 4 0x00000000
core   0: 0x80003bb4 (0x02a669b3) rem     s3, a2, a0
core   0: 3 0x80003bb4 (0x02a669b3) x19 0x00000000
core   0: 0x80003bb8 (0x0135fdb3) and     s11, a1, s3
core   0: 3 0x80003bb8 (0x0135fdb3) x27 0x00000000
core   0: 0x80003bbc (0x41100633) sub     a2, zero, a7
core   0: 3 0x80003bbc (0x41100633) x12 0x000003a3
core   0: 0x80003bc0 (0x01831833) sll     a6, t1, s8
core   0: 3 0x80003bc0 (0x01831833) x16 0x00000000
core   0: 0x80003bc4 (0x40fe0ab3) sub     s5, t3, a5
core   0: 3 0x80003bc4 (0x40fe0ab3) x21 0x80000000
core   0: 0x80003bc8 (0x41d55d33) sra     s10, a0, t4
core   0: 3 0x80003bc8 (0x41d55d33) x26 0x00000000
core   0: 0x80003bcc (0x03acdbb3) divu    s7, s9, s10
core   0: 3 0x80003bcc (0x03acdbb3) x23 0xffffffff
core   0: 0x80003bd0 (0x538f3893) sltiu   a7, t5, 1336
core   0: 3 0x80003bd0 (0x538f3893) x17 0x00000001
core   0: 0x80003bd4 (0x01dc7233) and     tp, s8, t4
core   0: 3 0x80003bd4 (0x01dc7233) x 4 0x00000000
core   0: 0x80003bd8 (0x41710233) sub     tp, sp, s7
core   0: 3 0x80003bd8 (0x41710233) x 4 0x00000001
core   0: 0x80003bdc (0x02866333) rem     t1, a2, s0
core   0: 3 0x80003bdc (0x02866333) x 6 0x00000001
core   0: 0x80003be0 (0x00d5d393) srli    t2, a1, 13
core   0: 3 0x80003be0 (0x00d5d393) x 7 0x00000000
core   0: 0x80003be4 (0x03270d33) mul     s10, a4, s2
core   0: 3 0x80003be4 (0x03270d33) x26 0x80014e64
core   0: 0x80003be8 (0x01a890b3) sll     ra, a7, s10
core   0: 3 0x80003be8 (0x01a890b3) x 1 0x00000010
core   0: 0x80003bec (0x01689f13) slli    t5, a7, 22
core   0: 3 0x80003bec (0x01689f13) x30 0x00400000
core   0: 0x80003bf0 (0x03fce633) rem     a2, s9, t6
core   0: 3 0x80003bf0 (0x03fce633) x12 0xe6c4ece4
core   0: 0x80003bf4 (0x2e04ef93) ori     t6, s1, 736
core   0: 3 0x80003bf4 (0x2e04ef93) x31 0xfffffaef
core   0: 0x80003bf8 (0x523d8417) auipc   s0, 0x523d8
core   0: 3 0x80003bf8 (0x523d8417) x 8 0xd23dbbf8
core   0: 0x80003bfc (0x4148dd93) srai    s11, a7, 20
core   0: 3 0x80003bfc (0x4148dd93) x27 0x00000000
core   0: 0x80003c00 (0x4073d213) srai    tp, t2, 7
core   0: 3 0x80003c00 (0x4073d213) x 4 0x00000000
core   0: 0x80003c04 (0x03446eb3) rem     t4, s0, s4
core   0: 3 0x80003c04 (0x03446eb3) x29 0xfffffe7a
core   0: 0x80003c08 (0x031a94b3) mulh    s1, s5, a7
core   0: 3 0x80003c08 (0x031a94b3) x 9 0xffffffff
core   0: 0x80003c0c (0x0019d8b3) srl     a7, s3, ra
core   0: 3 0x80003c0c (0x0019d8b3) x17 0x00000000
core   0: 0x80003c10 (0x025cf7b3) remu    a5, s9, t0
core   0: 3 0x80003c10 (0x025cf7b3) x15 0x000003a4
core   0: 0x80003c14 (0x02a229b3) mulhsu  s3, tp, a0
core   0: 3 0x80003c14 (0x02a229b3) x19 0x00000000
core   0: 0x80003c18 (0x01c7c7b3) xor     a5, a5, t3
core   0: 3 0x80003c18 (0x01c7c7b3) x15 0x800003a4
core   0: 0x80003c1c (0x03592c33) mulhsu  s8, s2, s5
core   0: 3 0x80003c1c (0x03592c33) x24 0x00000000
core   0: 0x80003c20 (0x000a1e93) slli    t4, s4, 0
core   0: 3 0x80003c20 (0x000a1e93) x29 0xfffffc51
core   0: 0x80003c24 (0x95768d37) lui     s10, 0x95768
core   0: 3 0x80003c24 (0x95768d37) x26 0x95768000
core   0: 0x80003c28 (0x026e07b3) mul     a5, t3, t1
core   0: 3 0x80003c28 (0x026e07b3) x15 0x80000000
core   0: 0x80003c2c (0x01385593) srli    a1, a6, 19
core   0: 3 0x80003c2c (0x01385593) x11 0x00000000
core   0: 0x80003c30 (0x00000013) nop
core   0: 3 0x80003c30 (0x00000013)
core   0: 0x80003c34 (0x00d49d33) sll     s10, s1, a3
core   0: 3 0x80003c34 (0x00d49d33) x26 0xffffffff
core   0: 0x80003c38 (0x0169f9b3) and     s3, s3, s6
core   0: 3 0x80003c38 (0x0169f9b3) x19 0x00000000
core   0: 0x80003c3c (0x2d562093) slti    ra, a2, 725
core   0: 3 0x80003c3c (0x2d562093) x 1 0x00000001
core   0: 0x80003c40 (0x01891833) sll     a6, s2, s8
core   0: 3 0x80003c40 (0x01891833) x16 0x00000001
core   0: 0x80003c44 (0x012d8f33) add     t5, s11, s2
core   0: 3 0x80003c44 (0x012d8f33) x30 0x00000001
core   0: 0x80003c48 (0xb5459eb7) lui     t4, 0xb5459
core   0: 3 0x80003c48 (0xb5459eb7) x29 0xb5459000
core   0: 0x80003c4c (0xcfcfe437) lui     s0, 0xcfcfe
core   0: 3 0x80003c4c (0xcfcfe437) x 8 0xcfcfe000
core   0: 0x80003c50 (0x03dd1133) mulh    sp, s10, t4
core   0: 3 0x80003c50 (0x03dd1133) x 2 0x00000000
core   0: 0x80003c54 (0x035937b3) mulhu   a5, s2, s5
core   0: 3 0x80003c54 (0x035937b3) x15 0x00000000
core   0: 0x80003c58 (0x02f63333) mulhu   t1, a2, a5
core   0: 3 0x80003c58 (0x02f63333) x 6 0x00000000
core   0: 0x80003c5c (0x01241333) sll     t1, s0, s2
core   0: 3 0x80003c5c (0x01241333) x 6 0x9f9fc000
core   0: 0x80003c60 (0x0181dc13) srli    s8, gp, 24
core   0: 3 0x80003c60 (0x0181dc13) x24 0x00000000
core   0: 0x80003c64 (0x00659b33) sll     s6, a1, t1
core   0: 3 0x80003c64 (0x00659b33) x22 0x00000000
core   0: 0x80003c68 (0x60627297) auipc   t0, 0x60627
core   0: 3 0x80003c68 (0x60627297) x 5 0xe062ac68
core   0: 0x80003c6c (0x02cce533) rem     a0, s9, a2
core   0: 3 0x80003c6c (0x02cce533) x10 0xfe28ec70
core   0: 0x80003c70 (0x034a1033) mulh    zero, s4, s4
core   0: 3 0x80003c70 (0x034a1033)
core   0: 0x80003c74 (0x400582b3) sub     t0, a1, zero
core   0: 3 0x80003c74 (0x400582b3) x 5 0x00000000
core   0: 0x80003c78 (0x4bf3f997) auipc   s3, 0x4bf3f
core   0: 3 0x80003c78 (0x4bf3f997) x19 0xcbf42c78
core   0: 0x80003c7c (0x6081c013) xori    zero, gp, 1544
core   0: 3 0x80003c7c (0x6081c013)
core   0: 0x80003c80 (0x6f04ff13) andi    t5, s1, 1776
core   0: 3 0x80003c80 (0x6f04ff13) x30 0x000006f0
core   0: 0x80003c84 (0xef634597) auipc   a1, 0xef634
core   0: 3 0x80003c84 (0xef634597) x11 0x6f637c84
core   0: 0x80003c88 (0x01f9bbb3) sltu    s7, s3, t6
core   0: 3 0x80003c88 (0x01f9bbb3) x23 0x00000001
core   0: 0x80003c8c (0x00e328b3) slt     a7, t1, a4
core   0: 3 0x80003c8c (0x00e328b3) x17 0x00000000
core   0: 0x80003c90 (0x2fa3f113) andi    sp, t2, 762
core   0: 3 0x80003c90 (0x2fa3f113) x 2 0x00000000
core   0: 0x80003c94 (0x59378013) addi    zero, a5, 1427
core   0: 3 0x80003c94 (0x59378013)
core   0: 0x80003c98 (0x01507033) and     zero, zero, s5
core   0: 3 0x80003c98 (0x01507033)
core   0: 0x80003c9c (0x0193a3b3) slt     t2, t2, s9
core   0: 3 0x80003c9c (0x0193a3b3) x 7 0x00000000
core   0: 0x80003ca0 (0xce8a4b13) xori    s6, s4, -792
core   0: 3 0x80003ca0 (0xce8a4b13) x22 0x000000b9
core   0: 0x80003ca4 (0x0150f7b3) and     a5, ra, s5
core   0: 3 0x80003ca4 (0x0150f7b3) x15 0x00000000
core   0: 0x80003ca8 (0x03872c33) mulhsu  s8, a4, s8
core   0: 3 0x80003ca8 (0x03872c33) x24 0x00000000
core   0: 0x80003cac (0x00fd86b3) add     a3, s11, a5
core   0: 3 0x80003cac (0x00fd86b3) x13 0x00000000
core   0: 0x80003cb0 (0x028a09b3) mul     s3, s4, s0
core   0: 3 0x80003cb0 (0x028a09b3) x19 0x8145e000
core   0: 0x80003cb4 (0x02c3fa33) remu    s4, t2, a2
core   0: 3 0x80003cb4 (0x02c3fa33) x20 0x00000000
core   0: 0x80003cb8 (0x40665113) srai    sp, a2, 6
core   0: 3 0x80003cb8 (0x40665113) x 2 0xff9b13b3
core   0: 0x80003cbc (0x8ba1b293) sltiu   t0, gp, -1862
core   0: 3 0x80003cbc (0x8ba1b293) x 5 0x00000001
core   0: 0x80003cc0 (0x015c1133) sll     sp, s8, s5
core   0: 3 0x80003cc0 (0x015c1133) x 2 0x00000000
core   0: 0x80003cc4 (0x00777333) and     t1, a4, t2
core   0: 3 0x80003cc4 (0x00777333) x 6 0x00000000
core   0: 0x80003cc8 (0x0394b8b3) mulhu   a7, s1, s9
core   0: 3 0x80003cc8 (0x0394b8b3) x17 0x80018ce3
core   0: 0x80003ccc (0x035b2233) mulhsu  tp, s6, s5
core   0: 3 0x80003ccc (0x035b2233) x 4 0x0000005c
core   0: 0x80003cd0 (0x038328b3) mulhsu  a7, t1, s8
core   0: 3 0x80003cd0 (0x038328b3) x17 0x00000000
core   0: 0x80003cd4 (0x02084533) div     a0, a6, zero
core   0: 3 0x80003cd4 (0x02084533) x10 0xffffffff
core   0: 0x80003cd8 (0x01a72033) slt     zero, a4, s10
core   0: 3 0x80003cd8 (0x01a72033)
core   0: 0x80003cdc (0x015b8fb3) add     t6, s7, s5
core   0: 3 0x80003cdc (0x015b8fb3) x31 0x80000001
core   0: 0x80003ce0 (0x03f0ff33) remu    t5, ra, t6
core   0: 3 0x80003ce0 (0x03f0ff33) x30 0x00000001
core   0: 0x80003ce4 (0x013822b3) slt     t0, a6, s3
core   0: 3 0x80003ce4 (0x013822b3) x 5 0x00000000
core   0: 0x80003ce8 (0x026abc33) mulhu   s8, s5, t1
core   0: 3 0x80003ce8 (0x026abc33) x24 0x00000000
core   0: 0x80003cec (0x02e182b3) mul     t0, gp, a4
core   0: 3 0x80003cec (0x02e182b3) x 5 0x00000000
core   0: 0x80003cf0 (0xa4c60f93) addi    t6, a2, -1460
core   0: 3 0x80003cf0 (0xa4c60f93) x31 0xe6c4e730
core   0: 0x80003cf4 (0x400c08b3) sub     a7, s8, zero
core   0: 3 0x80003cf4 (0x400c08b3) x17 0x00000000
core   0: 0x80003cf8 (0xb5f16f13) ori     t5, sp, -1185
core   0: 3 0x80003cf8 (0xb5f16f13) x30 0xfffffb5f
core   0: 0x80003cfc (0x000e04b3) add     s1, t3, zero
core   0: 3 0x80003cfc (0x000e04b3) x 9 0x80000000
core   0: 0x80003d00 (0x00502933) slt     s2, zero, t0
core   0: 3 0x80003d00 (0x00502933) x18 0x00000000
core   0: 0x80003d04 (0x035be033) rem     zero, s7, s5
core   0: 3 0x80003d04 (0x035be033)
core   0: 0x80003d08 (0x41ba58b3) sra     a7, s4, s11
core   0: 3 0x80003d08 (0x41ba58b3) x17 0x00000000
core   0: 0x80003d0c (0x03b89bb3) mulh    s7, a7, s11
core   0: 3 0x80003d0c (0x03b89bb3) x23 0x00000000
core   0: 0x80003d10 (0x01f8d913) srli    s2, a7, 31
core   0: 3 0x80003d10 (0x01f8d913) x18 0x00000000
core   0: 0x80003d14 (0xf52b7913) andi    s2, s6, -174
core   0: 3 0x80003d14 (0xf52b7913) x18 0x00000010
core   0: 0x80003d18 (0x02d3c533) div     a0, t2, a3
core   0: 3 0x80003d18 (0x02d3c533) x10 0xffffffff
core   0: 0x80003d1c (0x40e409b3) sub     s3, s0, a4
core   0: 3 0x80003d1c (0x40e409b3) x19 0x4fce919c
core   0: 0x80003d20 (0x02d27633) remu    a2, tp, a3
core   0: 3 0x80003d20 (0x02d27633) x12 0x0000005c
core   0: 0x80003d24 (0x00661a33) sll     s4, a2, t1
core   0: 3 0x80003d24 (0x00661a33) x20 0x0000005c
core   0: 0x80003d28 (0xbb7d6793) ori     a5, s10, -1097
core   0: 3 0x80003d28 (0xbb7d6793) x15 0xffffffff
core   0: 0x80003d2c (0xb7356b13) ori     s6, a0, -1165
core   0: 3 0x80003d2c (0xb7356b13) x22 0xffffffff
core   0: 0x80003d30 (0x02656fb3) rem     t6, a0, t1
core   0: 3 0x80003d30 (0x02656fb3) x31 0xffffffff
core   0: 0x80003d34 (0x01fe59b3) srl     s3, t3, t6
core   0: 3 0x80003d34 (0x01fe59b3) x19 0x00000001
core   0: 0x80003d38 (0x010771b3) and     gp, a4, a6
core   0: 3 0x80003d38 (0x010771b3) x 3 0x00000000
core   0: 0x80003d3c (0x459b7093) andi    ra, s6, 1113
core   0: 3 0x80003d3c (0x459b7093) x 1 0x00000459
core   0: 0x80003d40 (0x039ec133) div     sp, t4, s9
core   0: 3 0x80003d40 (0x039ec133) x 2 0x00000000
core   0: 0x80003d44 (0x40de0133) sub     sp, t3, a3
core   0: 3 0x80003d44 (0x40de0133) x 2 0x80000000
core   0: 0x80003d48 (0xd25be613) ori     a2, s7, -731
core   0: 3 0x80003d48 (0xd25be613) x12 0xfffffd25
core   0: 0x80003d4c (0x0000da93) srli    s5, ra, 0
core   0: 3 0x80003d4c (0x0000da93) x21 0x00000459
core   0: 0x80003d50 (0x03db8c33) mul     s8, s7, t4
core   0: 3 0x80003d50 (0x03db8c33) x24 0x00000000
core   0: 0x80003d54 (0x00000013) nop
core   0: 3 0x80003d54 (0x00000013)
core   0: 0x80003d58 (0x00b90b33) add     s6, s2, a1
core   0: 3 0x80003d58 (0x00b90b33) x22 0x6f637c94
core   0: 0x80003d5c (0x02056333) rem     t1, a0, zero
core   0: 3 0x80003d5c (0x02056333) x 6 0xffffffff
core   0: 0x80003d60 (0x3f48fa13) andi    s4, a7, 1012
core   0: 3 0x80003d60 (0x3f48fa13) x20 0x00000000
core   0: 0x80003d64 (0x022ed4b3) divu    s1, t4, sp
core   0: 3 0x80003d64 (0x022ed4b3) x 9 0x00000001
core   0: 0x80003d68 (0x01592f33) slt     t5, s2, s5
core   0: 3 0x80003d68 (0x01592f33) x30 0x00000001
core   0: 0x80003d6c (0x031980b3) mul     ra, s3, a7
core   0: 3 0x80003d6c (0x031980b3) x 1 0x00000000
core   0: 0x80003d70 (0x024a4c33) div     s8, s4, tp
core   0: 3 0x80003d70 (0x024a4c33) x24 0x00000000
core   0: 0x80003d74 (0x40270133) sub     sp, a4, sp
core   0: 3 0x80003d74 (0x40270133) x 2 0x00014e64
core   0: 0x80003d78 (0x019f67b3) or      a5, t5, s9
core   0: 3 0x80003d78 (0x019f67b3) x15 0x80018ce5
core   0: 0x80003d7c (0x0068da13) srli    s4, a7, 6
core   0: 3 0x80003d7c (0x0068da13) x20 0x00000000
core   0: 0x80003d80 (0x002a99b3) sll     s3, s5, sp
core   0: 3 0x80003d80 (0x002a99b3) x19 0x00004590
core   0: 0x80003d84 (0x03f58c33) mul     s8, a1, t6
core   0: 3 0x80003d84 (0x03f58c33) x24 0x909c837c
core   0: 0x80003d88 (0x0370d133) divu    sp, ra, s7
core   0: 3 0x80003d88 (0x0370d133) x 2 0xffffffff
core   0: 0x80003d8c (0xc4d4cd93) xori    s11, s1, -947
core   0: 3 0x80003d8c (0xc4d4cd93) x27 0xfffffc4c
core   0: 0x80003d90 (0x009dd833) srl     a6, s11, s1
core   0: 3 0x80003d90 (0x009dd833) x16 0x7ffffe26
core   0: 0x80003d94 (0x04028113) addi    sp, t0, 64
core   0: 3 0x80003d94 (0x04028113) x 2 0x00000040
core   0: 0x80003d98 (0x030965b3) rem     a1, s2, a6
core   0: 3 0x80003d98 (0x030965b3) x11 0x00000010
core   0: 0x80003d9c (0x41755213) srai    tp, a0, 23
core   0: 3 0x80003d9c (0x41755213) x 4 0xffffffff
core   0: 0x80003da0 (0x008d9d33) sll     s10, s11, s0
core   0: 3 0x80003da0 (0x008d9d33) x26 0xfffffc4c
core   0: 0x80003da4 (0xdc408b93) addi    s7, ra, -572
core   0: 3 0x80003da4 (0xdc408b93) x23 0xfffffdc4
core   0: 0x80003da8 (0xdc62d617) auipc   a2, 0xdc62d
core   0: 3 0x80003da8 (0xdc62d617) x12 0x5c630da8
core   0: 0x80003dac (0x01e8f8b3) and     a7, a7, t5
core   0: 3 0x80003dac (0x01e8f8b3) x17 0x00000000
core   0: 0x80003db0 (0x006aff33) and     t5, s5, t1
core   0: 3 0x80003db0 (0x006aff33) x30 0x00000459
core   0: 0x80003db4 (0x418506b3) sub     a3, a0, s8
core   0: 3 0x80003db4 (0x418506b3) x13 0x6f637c83
core   0: 0x80003db8 (0x0202b7b3) mulhu   a5, t0, zero
core   0: 3 0x80003db8 (0x0202b7b3) x15 0x00000000
core   0: 0x80003dbc (0x00bfcf33) xor     t5, t6, a1
core   0: 3 0x80003dbc (0x00bfcf33) x30 0xffffffef
core   0: 0x80003dc0 (0x023a3bb3) mulhu   s7, s4, gp
core   0: 3 0x80003dc0 (0x023a3bb3) x23 0x00000000
core   0: 0x80003dc4 (0xdec8d637) lui     a2, 0xdec8d
core   0: 3 0x80003dc4 (0xdec8d637) x12 0xdec8d000
core   0: 0x80003dc8 (0xa09ecb93) xori    s7, t4, -1527
core   0: 3 0x80003dc8 (0xa09ecb93) x23 0x4aba6a09
core   0: 0x80003dcc (0x005c68b3) or      a7, s8, t0
core   0: 3 0x80003dcc (0x005c68b3) x17 0x909c837c
core   0: 0x80003dd0 (0x027dbeb3) mulhu   t4, s11, t2
core   0: 3 0x80003dd0 (0x027dbeb3) x29 0x00000000
core   0: 0x80003dd4 (0xedf63f13) sltiu   t5, a2, -289
core   0: 3 0x80003dd4 (0xedf63f13) x30 0x00000001
core   0: 0x80003dd8 (0x018efc33) and     s8, t4, s8
core   0: 3 0x80003dd8 (0x018efc33) x24 0x00000000
core   0: 0x80003ddc (0xdfdaa313) slti    t1, s5, -515
core   0: 3 0x80003ddc (0xdfdaa313) x 6 0x00000000
core   0: 0x80003de0 (0x00000013) nop
core   0: 3 0x80003de0 (0x00000013)
core   0: 0x80003de4 (0x41bb0533) sub     a0, s6, s11
core   0: 3 0x80003de4 (0x41bb0533) x10 0x6f638048
core   0: 0x80003de8 (0x68858b13) addi    s6, a1, 1672
core   0: 3 0x80003de8 (0x68858b13) x22 0x00000698
core   0: 0x80003dec (0x00000013) nop
core   0: 3 0x80003dec (0x00000013)
core   0: 0x80003df0 (0x00e65093) srli    ra, a2, 14
core   0: 3 0x80003df0 (0x00e65093) x 1 0x00037b23
core   0: 0x80003df4 (0x015c45b3) xor     a1, s8, s5
core   0: 3 0x80003df4 (0x015c45b3) x11 0x00000459
core   0: 0x80003df8 (0xc2114893) xori    a7, sp, -991
core   0: 3 0x80003df8 (0xc2114893) x17 0xfffffc61
core   0: 0x80003dfc (0x00e69413) slli    s0, a3, 14
core   0: 3 0x80003dfc (0x00e69413) x 8 0xdf20c000
core   0: 0x80003e00 (0x038da9b3) mulhsu  s3, s11, s8
core   0: 3 0x80003e00 (0x038da9b3) x19 0x00000000
core   0: 0x80003e04 (0x00000013) nop
core   0: 3 0x80003e04 (0x00000013)
core   0: 0x80003e08 (0x6a3a3e93) sltiu   t4, s4, 1699
core   0: 3 0x80003e08 (0x6a3a3e93) x29 0x00000001
core   0: 0x80003e0c (0xf98d2213) slti    tp, s10, -104
core   0: 3 0x80003e0c (0xf98d2213) x 4 0x00000001
core   0: 0x80003e10 (0x02054a33) div     s4, a0, zero
core   0: 3 0x80003e10 (0x02054a33) x20 0xffffffff
core   0: 0x80003e14 (0x022877b3) remu    a5, a6, sp
core   0: 3 0x80003e14 (0x022877b3) x15 0x00000026
core   0: 0x80003e18 (0xc5ec67b7) lui     a5, 0xc5ec6
core   0: 3 0x80003e18 (0xc5ec67b7) x15 0xc5ec6000
core   0: 0x80003e1c (0x01625a93) srli    s5, tp, 22
core   0: 3 0x80003e1c (0x01625a93) x21 0x00000000
core   0: 0x80003e20 (0x033ca4b3) mulhsu  s1, s9, s3
core   0: 3 0x80003e20 (0x033ca4b3) x 9 0x00000000
core   0: 0x80003e24 (0xde846db7) lui     s11, 0xde846
core   0: 3 0x80003e24 (0xde846db7) x27 0xde846000
core   0: 0x80003e28 (0x0037b333) sltu    t1, a5, gp
core   0: 3 0x80003e28 (0x0037b333) x 6 0x00000000
core   0: 0x80003e2c (0x00e95ab3) srl     s5, s2, a4
core   0: 3 0x80003e2c (0x00e95ab3) x21 0x00000001
core   0: 0x80003e30 (0x03e880b3) mul     ra, a7, t5
core   0: 3 0x80003e30 (0x03e880b3) x 1 0xfffffc61
core   0: 0x80003e34 (0x0103a0b3) slt     ra, t2, a6
core   0: 3 0x80003e34 (0x0103a0b3) x 1 0x00000001
core   0: 0x80003e38 (0x024146b3) div     a3, sp, tp
core   0: 3 0x80003e38 (0x024146b3) x13 0x00000040
core   0: 0x80003e3c (0x7ab73017) auipc   zero, 0x7ab73
core   0: 3 0x80003e3c (0x7ab73017)
core   0: 0x80003e40 (0x2102e693) ori     a3, t0, 528
core   0: 3 0x80003e40 (0x2102e693) x13 0x00000210
core   0: 0x80003e44 (0x41d05993) srai    s3, zero, 29
core   0: 3 0x80003e44 (0x41d05993) x19 0x00000000
core   0: 0x80003e48 (0x035e7b33) remu    s6, t3, s5
core   0: 3 0x80003e48 (0x035e7b33) x22 0x00000000
core   0: 0x80003e4c (0x00752d33) slt     s10, a0, t2
core   0: 3 0x80003e4c (0x00752d33) x26 0x00000000
core   0: 0x80003e50 (0x00589d93) slli    s11, a7, 5
core   0: 3 0x80003e50 (0x00589d93) x27 0xffff8c20
core   0: 0x80003e54 (0x593989b7) lui     s3, 0x59398
core   0: 3 0x80003e54 (0x593989b7) x19 0x59398000
core   0: 0x80003e58 (0x6d179297) auipc   t0, 0x6d179
core   0: 3 0x80003e58 (0x6d179297) x 5 0xed17ce58
core   0: 0x80003e5c (0x03b020b3) mulhsu  ra, zero, s11
core   0: 3 0x80003e5c (0x03b020b3) x 1 0x00000000
core   0: 0x80003e60 (0x00d6e333) or      t1, a3, a3
core   0: 3 0x80003e60 (0x00d6e333) x 6 0x00000210
core   0: 0x80003e64 (0x01b89533) sll     a0, a7, s11
core   0: 3 0x80003e64 (0x01b89533) x10 0xfffffc61
core   0: 0x80003e68 (0x007a1633) sll     a2, s4, t2
core   0: 3 0x80003e68 (0x007a1633) x12 0xffffffff
core   0: 0x80003e6c (0x01eaf5b3) and     a1, s5, t5
core   0: 3 0x80003e6c (0x01eaf5b3) x11 0x00000001
core   0: 0x80003e70 (0x40225613) srai    a2, tp, 2
core   0: 3 0x80003e70 (0x40225613) x12 0x00000000
core   0: 0x80003e74 (0x01bb1493) slli    s1, s6, 27
core   0: 3 0x80003e74 (0x01bb1493) x 9 0x00000000
core   0: 0x80003e78 (0x037921b3) mulhsu  gp, s2, s7
core   0: 3 0x80003e78 (0x037921b3) x 3 0x00000004
core   0: 0x80003e7c (0x40b85533) sra     a0, a6, a1
core   0: 3 0x80003e7c (0x40b85533) x10 0x3fffff13
core   0: 0x80003e80 (0x0073f8b3) and     a7, t2, t2
core   0: 3 0x80003e80 (0x0073f8b3) x17 0x00000000
core   0: 0x80003e84 (0x032808b3) mul     a7, a6, s2
core   0: 3 0x80003e84 (0x032808b3) x17 0xffffe260
core   0: 0x80003e88 (0x41b10933) sub     s2, sp, s11
core   0: 3 0x80003e88 (0x41b10933) x18 0x00007420
core   0: 0x80003e8c (0x031a5633) divu    a2, s4, a7
core   0: 3 0x80003e8c (0x031a5633) x12 0x00000001
core   0: 0x80003e90 (0x0318f3b3) remu    t2, a7, a7
core   0: 3 0x80003e90 (0x0318f3b3) x 7 0x00000000
core   0: 0x80003e94 (0x4c0bb513) sltiu   a0, s7, 1216
core   0: 3 0x80003e94 (0x4c0bb513) x10 0x00000000
core   0: 0x80003e98 (0x41e05a33) sra     s4, zero, t5
core   0: 3 0x80003e98 (0x41e05a33) x20 0x00000000
core   0: 0x80003e9c (0x02836633) rem     a2, t1, s0
core   0: 3 0x80003e9c (0x02836633) x12 0x00000210
core   0: 0x80003ea0 (0x82a98693) addi    a3, s3, -2006
core   0: 3 0x80003ea0 (0x82a98693) x13 0x5939782a
core   0: 0x80003ea4 (0x41fb04b3) sub     s1, s6, t6
core   0: 3 0x80003ea4 (0x41fb04b3) x 9 0x00000001
core   0: 0x80003ea8 (0x1c78e013) ori     zero, a7, 455
core   0: 3 0x80003ea8 (0x1c78e013)
core   0: 0x80003eac (0x7848e013) ori     zero, a7, 1924
core   0: 3 0x80003eac (0x7848e013)
core   0: 0x80003eb0 (0x4066d493) srai    s1, a3, 6
core   0: 3 0x80003eb0 (0x4066d493) x 9 0x0164e5e0
core   0: 0x80003eb4 (0x023a0933) mul     s2, s4, gp
core   0: 3 0x80003eb4 (0x023a0933) x18 0x00000000
core   0: 0x80003eb8 (0x02628d33) mul     s10, t0, t1
core   0: 3 0x80003eb8 (0x02628d33) x26 0x01199580
core   0: 0x80003ebc (0x03b9bfb3) mulhu   t6, s3, s11
core   0: 3 0x80003ebc (0x03b9bfb3) x31 0x5939579d
core   0: 0x80003ec0 (0x023bd033) divu    zero, s7, gp
core   0: 3 0x80003ec0 (0x023bd033)
core   0: 0x80003ec4 (0x032a7533) remu    a0, s4, s2
core   0: 3 0x80003ec4 (0x032a7533) x10 0x00000000
core   0: 0x80003ec8 (0x015697b3) sll     a5, a3, s5
core   0: 3 0x80003ec8 (0x015697b3) x15 0xb272f054
core   0: 0x80003ecc (0x00bc44b3) xor     s1, s8, a1
core   0: 3 0x80003ecc (0x00bc44b3) x 9 0x00000001
core   0: 0x80003ed0 (0x41ecdd93) srai    s11, s9, 30
core   0: 3 0x80003ed0 (0x41ecdd93) x27 0xfffffffe
core   0: 0x80003ed4 (0xc4382293) slti    t0, a6, -957
core   0: 3 0x80003ed4 (0xc4382293) x 5 0x00000000
core   0: 0x80003ed8 (0x00f66db3) or      s11, a2, a5
core   0: 3 0x80003ed8 (0x00f66db3) x27 0xb272f254
core   0: 0x80003edc (0x50830493) addi    s1, t1, 1288
core   0: 3 0x80003edc (0x50830493) x 9 0x00000718
core   0: 0x80003ee0 (0x03ac0eb3) mul     t4, s8, s10
core   0: 3 0x80003ee0 (0x03ac0eb3) x29 0x00000000
core   0: 0x80003ee4 (0x02002c33) mulhsu  s8, zero, zero
core   0: 3 0x80003ee4 (0x02002c33) x24 0x00000000
core   0: 0x80003ee8 (0x016ffdb3) and     s11, t6, s6
core   0: 3 0x80003ee8 (0x016ffdb3) x27 0x00000000
core   0: 0x80003eec (0x00ad5893) srli    a7, s10, 10
core   0: 3 0x80003eec (0x00ad5893) x17 0x00004665
core   0: 0x80003ef0 (0x40e801b3) sub     gp, a6, a4
core   0: 3 0x80003ef0 (0x40e801b3) x 3 0xfffeafc2
core   0: 0x80003ef4 (0x4189d433) sra     s0, s3, s8
core   0: 3 0x80003ef4 (0x4189d433) x 8 0x59398000
core   0: 0x80003ef8 (0x030b3533) mulhu   a0, s6, a6
core   0: 3 0x80003ef8 (0x030b3533) x10 0x00000000
core   0: 0x80003efc (0x63864293) xori    t0, a2, 1592
core   0: 3 0x80003efc (0x63864293) x 5 0x00000428
core   0: 0x80003f00 (0xc47cc893) xori    a7, s9, -953
core   0: 3 0x80003f00 (0xc47cc893) x17 0x7ffe70a3
core   0: 0x80003f04 (0x0359b6b3) mulhu   a3, s3, s5
core   0: 3 0x80003f04 (0x0359b6b3) x13 0x00000000
core   0: 0x80003f08 (0xa4548017) auipc   zero, 0xa4548
core   0: 3 0x80003f08 (0xa4548017)
core   0: 0x80003f0c (0x0320c4b3) div     s1, ra, s2
core   0: 3 0x80003f0c (0x0320c4b3) x 9 0xffffffff
core   0: 0x80003f10 (0xf0d2a513) slti    a0, t0, -243
core   0: 3 0x80003f10 (0xf0d2a513) x10 0x00000000
core   0: 0x80003f14 (0x0328c033) div     zero, a7, s2
core   0: 3 0x80003f14 (0x0328c033)
core   0: 0x80003f18 (0x00936133) or      sp, t1, s1
core   0: 3 0x80003f18 (0x00936133) x 2 0xffffffff
core   0: 0x80003f1c (0x02b4e2b3) rem     t0, s1, a1
core   0: 3 0x80003f1c (0x02b4e2b3) x 5 0x00000000
core   0: 0x80003f20 (0xb46b8993) addi    s3, s7, -1210
core   0: 3 0x80003f20 (0xb46b8993) x19 0x4aba654f
core   0: 0x80003f24 (0x005fe6b3) or      a3, t6, t0
core   0: 3 0x80003f24 (0x005fe6b3) x13 0x5939579d
core   0: 0x80003f28 (0x00c1a633) slt     a2, gp, a2
core   0: 3 0x80003f28 (0x00c1a633) x12 0x00000001
core   0: 0x80003f2c (0x00000013) nop
core   0: 3 0x80003f2c (0x00000013)
core   0: 0x80003f30 (0x26f03093) sltiu   ra, zero, 623
core   0: 3 0x80003f30 (0x26f03093) x 1 0x00000001
core   0: 0x80003f34 (0x00e155b3) srl     a1, sp, a4
core   0: 3 0x80003f34 (0x00e155b3) x11 0x0fffffff
core   0: 0x80003f38 (0x027f7c33) remu    s8, t5, t2
core   0: 3 0x80003f38 (0x027f7c33) x24 0x00000001
core   0: 0x80003f3c (0x008fed33) or      s10, t6, s0
core   0: 3 0x80003f3c (0x008fed33) x26 0x5939d79d
core   0: 0x80003f40 (0x4026dab3) sra     s5, a3, sp
core   0: 3 0x80003f40 (0x4026dab3) x21 0x00000000
core   0: 0x80003f44 (0xc7574d93) xori    s11, a4, -907
core   0: 3 0x80003f44 (0xc7574d93) x27 0x7ffeb211
core   0: 0x80003f48 (0x01136333) or      t1, t1, a7
core   0: 3 0x80003f48 (0x01136333) x 6 0x7ffe72b3
core   0: 0x80003f4c (0x6d7b3513) sltiu   a0, s6, 1751
core   0: 3 0x80003f4c (0x6d7b3513) x10 0x00000001
core   0: 0x80003f50 (0xb0fff013) andi    zero, t6, -1265
core   0: 3 0x80003f50 (0xb0fff013)
core   0: 0x80003f54 (0x01134c33) xor     s8, t1, a7
core   0: 3 0x80003f54 (0x01134c33) x24 0x00000210
core   0: 0x80003f58 (0x024d9533) mulh    a0, s11, tp
core   0: 3 0x80003f58 (0x024d9533) x10 0x00000000
core   0: 0x80003f5c (0x02fd7f33) remu    t5, s10, a5
core   0: 3 0x80003f5c (0x02fd7f33) x30 0x5939d79d
core   0: 0x80003f60 (0xc7cf7393) andi    t2, t5, -900
core   0: 3 0x80003f60 (0xc7cf7393) x 7 0x5939d41c
core   0: 0x80003f64 (0x027e46b3) div     a3, t3, t2
core   0: 3 0x80003f64 (0x027e46b3) x13 0xffffffff
core   0: 0x80003f68 (0x0213e433) rem     s0, t2, ra
core   0: 3 0x80003f68 (0x0213e433) x 8 0x00000000
core   0: 0x80003f6c (0x00963a33) sltu    s4, a2, s1
core   0: 3 0x80003f6c (0x00963a33) x20 0x00000001
core   0: 0x80003f70 (0xc3e62193) slti    gp, a2, -962
core   0: 3 0x80003f70 (0xc3e62193) x 3 0x00000000
core   0: 0x80003f74 (0x00000013) nop
core   0: 3 0x80003f74 (0x00000013)
core   0: 0x80003f78 (0x012d9213) slli    tp, s11, 18
core   0: 3 0x80003f78 (0x012d9213) x 4 0xc8440000
core   0: 0x80003f7c (0x03e79fb3) mulh    t6, a5, t5
core   0: 3 0x80003f7c (0x03e79fb3) x31 0xe4f86fd3
core   0: 0x80003f80 (0xdaa3b137) lui     sp, 0xdaa3b
core   0: 3 0x80003f80 (0xdaa3b137) x 2 0xdaa3b000
core   0: 0x80003f84 (0x0055c8b3) xor     a7, a1, t0
core   0: 3 0x80003f84 (0x0055c8b3) x17 0x0fffffff
core   0: 0x80003f88 (0x223b0893) addi    a7, s6, 547
core   0: 3 0x80003f88 (0x223b0893) x17 0x00000223
core   0: 0x80003f8c (0x9f77e413) ori     s0, a5, -1545
core   0: 3 0x80003f8c (0x9f77e413) x 8 0xfffff9f7
core   0: 0x80003f90 (0x03cf9033) mulh    zero, t6, t3
core   0: 3 0x80003f90 (0x03cf9033)
core   0: 0x80003f94 (0x00000013) nop
core   0: 3 0x80003f94 (0x00000013)
core   0: 0x80003f98 (0x0022b333) sltu    t1, t0, sp
core   0: 3 0x80003f98 (0x0022b333) x 6 0x00000001
core   0: 0x80003f9c (0x40da0633) sub     a2, s4, a3
core   0: 3 0x80003f9c (0x40da0633) x12 0x00000002
core   0: 0x80003fa0 (0x00000013) nop
core   0: 3 0x80003fa0 (0x00000013)
core   0: 0x80003fa4 (0x3d360b93) addi    s7, a2, 979
core   0: 3 0x80003fa4 (0x3d360b93) x23 0x000003d5
core   0: 0x80003fa8 (0x00de3eb3) sltu    t4, t3, a3
core   0: 3 0x80003fa8 (0x00de3eb3) x29 0x00000001
core   0: 0x80003fac (0x0082e8b3) or      a7, t0, s0
core   0: 3 0x80003fac (0x0082e8b3) x17 0xfffff9f7
core   0: 0x80003fb0 (0x02234633) div     a2, t1, sp
core   0: 3 0x80003fb0 (0x02234633) x12 0x00000000
core   0: 0x80003fb4 (0x417f83b3) sub     t2, t6, s7
core   0: 3 0x80003fb4 (0x417f83b3) x 7 0xe4f86bfe
core   0: 0x80003fb8 (0x0d25fd93) andi    s11, a1, 210
core   0: 3 0x80003fb8 (0x0d25fd93) x27 0x000000d2
core   0: 0x80003fbc (0x02800633) mul     a2, zero, s0
core   0: 3 0x80003fbc (0x02800633) x12 0x00000000
core   0: 0x80003fc0 (0x01af08b3) add     a7, t5, s10
core   0: 3 0x80003fc0 (0x01af08b3) x17 0xb273af3a
core   0: 0x80003fc4 (0x40b95793) srai    a5, s2, 11
core   0: 3 0x80003fc4 (0x40b95793) x15 0x00000000
core   0: 0x80003fc8 (0x912c3193) sltiu   gp, s8, -1774
core   0: 3 0x80003fc8 (0x912c3193) x 3 0x00000001
core   0: 0x80003fcc (0xcc567a97) auipc   s5, 0xcc567
core   0: 3 0x80003fcc (0xcc567a97) x21 0x4c56afcc
core   0: 0x80003fd0 (0x01769493) slli    s1, a3, 23
core   0: 3 0x80003fd0 (0x01769493) x 9 0xff800000
core   0: 0x80003fd4 (0x4141d6b3) sra     a3, gp, s4
core   0: 3 0x80003fd4 (0x4141d6b3) x13 0x00000000
core   0: 0x80003fd8 (0x0209af33) mulhsu  t5, s3, zero
core   0: 3 0x80003fd8 (0x0209af33) x30 0x00000000
core   0: 0x80003fdc (0x407481b3) sub     gp, s1, t2
core   0: 3 0x80003fdc (0x407481b3) x 3 0x1a879402
core   0: 0x80003fe0 (0x02cf56b3) divu    a3, t5, a2
core   0: 3 0x80003fe0 (0x02cf56b3) x13 0xffffffff
core   0: 0x80003fe4 (0x4100d093) srai    ra, ra, 16
core   0: 3 0x80003fe4 (0x4100d093) x 1 0x00000000
core   0: 0x80003fe8 (0x02ee9033) mulh    zero, t4, a4
core   0: 3 0x80003fe8 (0x02ee9033)
core   0: 0x80003fec (0x00068bb3) add     s7, a3, zero
core   0: 3 0x80003fec (0x00068bb3) x23 0xffffffff
core   0: 0x80003ff0 (0x00e48933) add     s2, s1, a4
core   0: 3 0x80003ff0 (0x00e48933) x18 0x7f814e64
core   0: 0x80003ff4 (0x02339b33) mulh    s6, t2, gp
core   0: 3 0x80003ff4 (0x02339b33) x22 0xfd32ea58
core   0: 0x80003ff8 (0x00000013) nop
core   0: 3 0x80003ff8 (0x00000013)
core   0: 0x80003ffc (0x0247c3b3) div     t2, a5, tp
core   0: 3 0x80003ffc (0x0247c3b3) x 7 0x00000000
core   0: 0x80004000 (0x81938b93) addi    s7, t2, -2023
core   0: 3 0x80004000 (0x81938b93) x23 0xfffff819
core   0: 0x80004004 (0x03ad16b3) mulh    a3, s10, s10
core   0: 3 0x80004004 (0x03ad16b3) x13 0x1f1944fc
core   0: 0x80004008 (0x038f9db3) mulh    s11, t6, s8
core   0: 3 0x80004008 (0x038f9db3) x27 0xffffffc8
core   0: 0x8000400c (0x98420d93) addi    s11, tp, -1660
core   0: 3 0x8000400c (0x98420d93) x27 0xc843f984
core   0: 0x80004010 (0x0270dc33) divu    s8, ra, t2
core   0: 3 0x80004010 (0x0270dc33) x24 0xffffffff
core   0: 0x80004014 (0x0252d033) divu    zero, t0, t0
core   0: 3 0x80004014 (0x0252d033)
core   0: 0x80004018 (0x40b35793) srai    a5, t1, 11
core   0: 3 0x80004018 (0x40b35793) x15 0x00000000
core   0: 0x8000401c (0x3a974a93) xori    s5, a4, 937
core   0: 3 0x8000401c (0x3a974a93) x21 0x80014dcd
core   0: 0x80004020 (0x03c76133) rem     sp, a4, t3
core   0: 3 0x80004020 (0x03c76133) x 2 0x80014e64
core   0: 0x80004024 (0x00f4d813) srli    a6, s1, 15
core   0: 3 0x80004024 (0x00f4d813) x16 0x0001ff00
core   0: 0x80004028 (0x01c7bab3) sltu    s5, a5, t3
core   0: 3 0x80004028 (0x01c7bab3) x21 0x00000001
core   0: 0x8000402c (0x23620893) addi    a7, tp, 566
core   0: 3 0x8000402c (0x23620893) x17 0xc8440236
core   0: 0x80004030 (0x003e28b3) slt     a7, t3, gp
core   0: 3 0x80004030 (0x003e28b3) x17 0x00000001
core   0: 0x80004034 (0x01a513b3) sll     t2, a0, s10
core   0: 3 0x80004034 (0x01a513b3) x 7 0x00000000
core   0: 0x80004038 (0x03048433) mul     s0, s1, a6
core   0: 3 0x80004038 (0x03048433) x 8 0x80000000
core   0: 0x8000403c (0x03b1d7b3) divu    a5, gp, s11
core   0: 3 0x8000403c (0x03b1d7b3) x15 0x00000000
core   0: 0x80004040 (0x00000013) nop
core   0: 3 0x80004040 (0x00000013)
core   0: 0x80004044 (0x8cf9a313) slti    t1, s3, -1841
core   0: 3 0x80004044 (0x8cf9a313) x 6 0x00000000
core   0: 0x80004048 (0x6bf7e113) ori     sp, a5, 1727
core   0: 3 0x80004048 (0x6bf7e113) x 2 0x000006bf
core   0: 0x8000404c (0x01edc033) xor     zero, s11, t5
core   0: 3 0x8000404c (0x01edc033)
core   0: 0x80004050 (0x5ae87b93) andi    s7, a6, 1454
core   0: 3 0x80004050 (0x5ae87b93) x23 0x00000500
core   0: 0x80004054 (0x80af4813) xori    a6, t5, -2038
core   0: 3 0x80004054 (0x80af4813) x16 0xfffff80a
core   0: 0x80004058 (0x019c73b3) and     t2, s8, s9
core   0: 3 0x80004058 (0x019c73b3) x 7 0x80018ce4
core   0: 0x8000405c (0xab5fe313) ori     t1, t6, -1355
core   0: 3 0x8000405c (0xab5fe313) x 6 0xfffffff7
core   0: 0x80004060 (0x00b34eb3) xor     t4, t1, a1
core   0: 3 0x80004060 (0x00b34eb3) x29 0xf0000008
core   0: 0x80004064 (0x023b81b3) mul     gp, s7, gp
core   0: 3 0x80004064 (0x023b81b3) x 3 0xa5e40a00
core   0: 0x80004068 (0x001dda93) srli    s5, s11, 1
core   0: 3 0x80004068 (0x001dda93) x21 0x6421fcc2
core   0: 0x8000406c (0x0269b5b3) mulhu   a1, s3, t1
core   0: 3 0x8000406c (0x0269b5b3) x11 0x4aba654c
core   0: 0x80004070 (0x02213c33) mulhu   s8, sp, sp
core   0: 3 0x80004070 (0x02213c33) x24 0x00000000
core   0: 0x80004074 (0x40de5633) sra     a2, t3, a3
core   0: 3 0x80004074 (0x40de5633) x12 0xfffffff8
core   0: 0x80004078 (0x01bba8b3) slt     a7, s7, s11
core   0: 3 0x80004078 (0x01bba8b3) x17 0x00000000
core   0: 0x8000407c (0x43dcba13) sltiu   s4, s9, 1085
core   0: 3 0x8000407c (0x43dcba13) x20 0x00000000
core   0: 0x80004080 (0x00000013) nop
core   0: 3 0x80004080 (0x00000013)
core   0: 0x80004084 (0x01e0ca33) xor     s4, ra, t5
core   0: 3 0x80004084 (0x01e0ca33) x20 0x00000000
core   0: 0x80004088 (0x006c5a13) srli    s4, s8, 6
core   0: 3 0x80004088 (0x006c5a13) x20 0x00000000
core   0: 0x8000408c (0xe13f6213) ori     tp, t5, -493
core   0: 3 0x8000408c (0xe13f6213) x 4 0xfffffe13
core   0: 0x80004090 (0x030b0033) mul     zero, s6, a6
core   0: 3 0x80004090 (0x030b0033)
core   0: 0x80004094 (0xc1ca4893) xori    a7, s4, -996
core   0: 3 0x80004094 (0xc1ca4893) x17 0xfffffc1c
core   0: 0x80004098 (0x001919b3) sll     s3, s2, ra
core   0: 3 0x80004098 (0x001919b3) x19 0x7f814e64
core   0: 0x8000409c (0xd60fa593) slti    a1, t6, -672
core   0: 3 0x8000409c (0xd60fa593) x11 0x00000001
core   0: 0x800040a0 (0x00f78eb3) add     t4, a5, a5
core   0: 3 0x800040a0 (0x00f78eb3) x29 0x00000000
core   0: 0x800040a4 (0x00c2db93) srli    s7, t0, 12
core   0: 3 0x800040a4 (0x00c2db93) x23 0x00000000
core   0: 0x800040a8 (0x00f8f033) and     zero, a7, a5
core   0: 3 0x800040a8 (0x00f8f033)
core   0: 0x800040ac (0x003176b3) and     a3, sp, gp
core   0: 3 0x800040ac (0x003176b3) x13 0x00000200
core   0: 0x800040b0 (0x0294b9b3) mulhu   s3, s1, s1
core   0: 3 0x800040b0 (0x0294b9b3) x19 0xff004000
core   0: 0x800040b4 (0x40648c33) sub     s8, s1, t1
core   0: 3 0x800040b4 (0x40648c33) x24 0xff800009
core   0: 0x800040b8 (0xd1d71d17) auipc   s10, 0xd1d71
core   0: 3 0x800040b8 (0xd1d71d17) x26 0x51d750b8
core   0: 0x800040bc (0x03e3b033) mulhu   zero, t2, t5
core   0: 3 0x800040bc (0x03e3b033)
core   0: 0x800040c0 (0x024f49b3) div     s3, t5, tp
core   0: 3 0x800040c0 (0x024f49b3) x19 0x00000000
core   0: 0x800040c4 (0x6d46d2b7) lui     t0, 0x6d46d
core   0: 3 0x800040c4 (0x6d46d2b7) x 5 0x6d46d000
core   0: 0x800040c8 (0x016a3f33) sltu    t5, s4, s6
core   0: 3 0x800040c8 (0x016a3f33) x30 0x00000001
core   0: 0x800040cc (0xb0ac2113) slti    sp, s8, -1270
core   0: 3 0x800040cc (0xb0ac2113) x 2 0x00000001
core   0: 0x800040d0 (0x01c7f533) and     a0, a5, t3
core   0: 3 0x800040d0 (0x01c7f533) x10 0x00000000
core   0: 0x800040d4 (0xb7f39597) auipc   a1, 0xb7f39
core   0: 3 0x800040d4 (0xb7f39597) x11 0x37f3d0d4
core   0: 0x800040d8 (0x40ec5213) srai    tp, s8, 14
core   0: 3 0x800040d8 (0x40ec5213) x 4 0xfffffe00
core   0: 0x800040dc (0x03fabfb3) mulhu   t6, s5, t6
core   0: 3 0x800040dc (0x03fabfb3) x31 0x598f71c6
core   0: 0x800040e0 (0x036c22b3) mulhsu  t0, s8, s6
core   0: 3 0x800040e0 (0x036c22b3) x 5 0xff816693
core   0: 0x800040e4 (0x02c1c033) div     zero, gp, a2
core   0: 3 0x800040e4 (0x02c1c033)
core   0: 0x800040e8 (0x406b5813) srai    a6, s6, 6
core   0: 3 0x800040e8 (0x406b5813) x16 0xfff4cba9
core   0: 0x800040ec (0x0180c5b3) xor     a1, ra, s8
core   0: 3 0x800040ec (0x0180c5b3) x11 0xff800009
core   0: 0x800040f0 (0x9f5da313) slti    t1, s11, -1547
core   0: 3 0x800040f0 (0x9f5da313) x 6 0x00000001
core   0: 0x800040f4 (0xbe4c2ab7) lui     s5, 0xbe4c2
core   0: 3 0x800040f4 (0xbe4c2ab7) x21 0xbe4c2000
core   0: 0x800040f8 (0x412850b3) sra     ra, a6, s2
core   0: 3 0x800040f8 (0x412850b3) x 1 0xffff4cba
core   0: 0x800040fc (0x03cfe533) rem     a0, t6, t3
core   0: 3 0x800040fc (0x03cfe533) x10 0x598f71c6
core   0: 0x80004100 (0x8d2ee393) ori     t2, t4, -1838
core   0: 3 0x80004100 (0x8d2ee393) x 7 0xfffff8d2
core   0: 0x80004104 (0x004a0a13) addi    s4, s4, 4
core   0: 3 0x80004104 (0x004a0a13) x20 0x00000004
core   0: 0x80004108 (0x03d375b3) remu    a1, t1, t4
core   0: 3 0x80004108 (0x03d375b3) x11 0x00000001
core   0: 0x8000410c (0x0305e013) ori     zero, a1, 48
core   0: 3 0x8000410c (0x0305e013)
core   0: 0x80004110 (0xcd813693) sltiu   a3, sp, -808
core   0: 3 0x80004110 (0xcd813693) x13 0x00000001
core   0: 0x80004114 (0x03c9eeb3) rem     t4, s3, t3
core   0: 3 0x80004114 (0x03c9eeb3) x29 0x00000000
core   0: 0x80004118 (0x03e1c933) div     s2, gp, t5
core   0: 3 0x80004118 (0x03e1c933) x18 0xa5e40a00
core   0: 0x8000411c (0x948a6513) ori     a0, s4, -1720
core   0: 3 0x8000411c (0x948a6513) x10 0xfffff94c
core   0: 0x80004120 (0x012169b3) or      s3, sp, s2
core   0: 3 0x80004120 (0x012169b3) x19 0xa5e40a01
core   0: 0x80004124 (0x01314633) xor     a2, sp, s3
core   0: 3 0x80004124 (0x01314633) x12 0xa5e40a00
core   0: 0x80004128 (0x00210a33) add     s4, sp, sp
core   0: 3 0x80004128 (0x00210a33) x20 0x00000002
core   0: 0x8000412c (0x00000013) nop
core   0: 3 0x8000412c (0x00000013)
core   0: 0x80004130 (0x41b1dd93) srai    s11, gp, 27
core   0: 3 0x80004130 (0x41b1dd93) x27 0xfffffff4
core   0: 0x80004134 (0x6cab2313) slti    t1, s6, 1738
core   0: 3 0x80004134 (0x6cab2313) x 6 0x00000001
core   0: 0x80004138 (0x0093b533) sltu    a0, t2, s1
core   0: 3 0x80004138 (0x0093b533) x10 0x00000000
core   0: 0x8000413c (0x020f3133) mulhu   sp, t5, zero
core   0: 3 0x8000413c (0x020f3133) x 2 0x00000000
core   0: 0x80004140 (0x034039b3) mulhu   s3, zero, s4
core   0: 3 0x80004140 (0x034039b3) x19 0x00000000
core   0: 0x80004144 (0x01a80833) add     a6, a6, s10
core   0: 3 0x80004144 (0x01a80833) x16 0x51cc1c61
core   0: 0x80004148 (0x02926833) rem     a6, tp, s1
core   0: 3 0x80004148 (0x02926833) x16 0xfffffe00
core   0: 0x8000414c (0x40635d93) srai    s11, t1, 6
core   0: 3 0x8000414c (0x40635d93) x27 0x00000000
core   0: 0x80004150 (0x00331a13) slli    s4, t1, 3
core   0: 3 0x80004150 (0x00331a13) x20 0x00000008
core   0: 0x80004154 (0x41d450b3) sra     ra, s0, t4
core   0: 3 0x80004154 (0x41d450b3) x 1 0x80000000
core   0: 0x80004158 (0xf5689337) lui     t1, 0xf5689
core   0: 3 0x80004158 (0xf5689337) x 6 0xf5689000
core   0: 0x8000415c (0x41a3d093) srai    ra, t2, 26
core   0: 3 0x8000415c (0x41a3d093) x 1 0xffffffff
core   0: 0x80004160 (0xb9463d13) sltiu   s10, a2, -1132
core   0: 3 0x80004160 (0xb9463d13) x26 0x00000001
core   0: 0x80004164 (0x01259613) slli    a2, a1, 18
core   0: 3 0x80004164 (0x01259613) x12 0x00040000
core   0: 0x80004168 (0x002dec33) or      s8, s11, sp
core   0: 3 0x80004168 (0x002dec33) x24 0x00000000
core   0: 0x8000416c (0x01821993) slli    s3, tp, 24
core   0: 3 0x8000416c (0x01821993) x19 0x00000000
core   0: 0x80004170 (0xf204bf37) lui     t5, 0xf204b
core   0: 3 0x80004170 (0xf204bf37) x30 0xf204b000
core   0: 0x80004174 (0x01811c13) slli    s8, sp, 24
core   0: 3 0x80004174 (0x01811c13) x24 0x00000000
core   0: 0x80004178 (0x0288d533) divu    a0, a7, s0
core   0: 3 0x80004178 (0x0288d533) x10 0x00000001
core   0: 0x8000417c (0x0310bfb3) mulhu   t6, ra, a7
core   0: 3 0x8000417c (0x0310bfb3) x31 0xfffffc1b
core   0: 0x80004180 (0x014f5b33) srl     s6, t5, s4
core   0: 3 0x80004180 (0x014f5b33) x22 0x00f204b0
core   0: 0x80004184 (0x028e0db3) mul     s11, t3, s0
core   0: 3 0x80004184 (0x028e0db3) x27 0x00000000
core   0: 0x80004188 (0x001b53b3) srl     t2, s6, ra
core   0: 3 0x80004188 (0x001b53b3) x 7 0x00000000
core   0: 0x8000418c (0x01f49db3) sll     s11, s1, t6
core   0: 3 0x8000418c (0x01f49db3) x27 0x00000000
core   0: 0x80004190 (0x001a5a33) srl     s4, s4, ra
core   0: 3 0x80004190 (0x001a5a33) x20 0x00000000
core   0: 0x80004194 (0x02e8ec33) rem     s8, a7, a4
core   0: 3 0x80004194 (0x02e8ec33) x24 0xfffffc1c
core   0: 0x80004198 (0x035892b3) mulh    t0, a7, s5
core   0: 3 0x80004198 (0x035892b3) x 5 0x000000ff
core   0: 0x8000419c (0x020cb133) mulhu   sp, s9, zero
core   0: 3 0x8000419c (0x020cb133) x 2 0x00000000
core   0: 0x800041a0 (0x18d07d93) andi    s11, zero, 397
core   0: 3 0x800041a0 (0x18d07d93) x27 0x00000000
core   0: 0x800041a4 (0x00000013) nop
core   0: 3 0x800041a4 (0x00000013)
core   0: 0x800041a8 (0xe5f8a893) slti    a7, a7, -417
core   0: 3 0x800041a8 (0xe5f8a893) x17 0x00000001
core   0: 0x800041ac (0x019b05b3) add     a1, s6, s9
core   0: 3 0x800041ac (0x019b05b3) x11 0x80f39194
core   0: 0x800041b0 (0x52f9ba93) sltiu   s5, s3, 1327
core   0: 3 0x800041b0 (0x52f9ba93) x21 0x00000001
core   0: 0x800041b4 (0x409284b3) sub     s1, t0, s1
core   0: 3 0x800041b4 (0x409284b3) x 9 0x008000ff
core   0: 0x800041b8 (0x419d83b3) sub     t2, s11, s9
core   0: 3 0x800041b8 (0x419d83b3) x 7 0x7ffe731c
core   0: 0x800041bc (0xfa5c4513) xori    a0, s8, -91
core   0: 3 0x800041bc (0xfa5c4513) x10 0x000003b9
core   0: 0x800041c0 (0xc7bbf993) andi    s3, s7, -901
core   0: 3 0x800041c0 (0xc7bbf993) x19 0x00000000
core   0: 0x800041c4 (0x03faca33) div     s4, s5, t6
core   0: 3 0x800041c4 (0x03faca33) x20 0x00000000
core   0: 0x800041c8 (0x00b925b3) slt     a1, s2, a1
core   0: 3 0x800041c8 (0x00b925b3) x11 0x00000000
core   0: 0x800041cc (0x01919d33) sll     s10, gp, s9
core   0: 3 0x800041cc (0x01919d33) x26 0x5e40a000
core   0: 0x800041d0 (0x01e027b3) slt     a5, zero, t5
core   0: 3 0x800041d0 (0x01e027b3) x15 0x00000000
core   0: 0x800041d4 (0x98b75037) lui     zero, 0x98b75
core   0: 3 0x800041d4 (0x98b75037)
core   0: 0x800041d8 (0x6220f593) andi    a1, ra, 1570
core   0: 3 0x800041d8 (0x6220f593) x11 0x00000622
core   0: 0x800041dc (0x00c01933) sll     s2, zero, a2
core   0: 3 0x800041dc (0x00c01933) x18 0x00000000
core   0: 0x800041e0 (0x0264cab3) div     s5, s1, t1
core   0: 3 0x800041e0 (0x0264cab3) x21 0x00000000
core   0: 0x800041e4 (0x00b21d93) slli    s11, tp, 11
core   0: 3 0x800041e4 (0x00b21d93) x27 0xfff00000
core   0: 0x800041e8 (0x034f9a33) mulh    s4, t6, s4
core   0: 3 0x800041e8 (0x034f9a33) x20 0x00000000
core   0: 0x800041ec (0x0080ffb3) and     t6, ra, s0
core   0: 3 0x800041ec (0x0080ffb3) x31 0x80000000
core   0: 0x800041f0 (0xafdfe613) ori     a2, t6, -1283
core   0: 3 0x800041f0 (0xafdfe613) x12 0xfffffafd
core   0: 0x800041f4 (0xa558bf93) sltiu   t6, a7, -1451
core   0: 3 0x800041f4 (0xa558bf93) x31 0x00000001
core   0: 0x800041f8 (0x0289e433) rem     s0, s3, s0
core   0: 3 0x800041f8 (0x0289e433) x 8 0x00000000
core   0: 0x800041fc (0x03796033) rem     zero, s2, s7
core   0: 3 0x800041fc (0x03796033)
core   0: 0x80004200 (0x3c32eeb7) lui     t4, 0x3c32e
core   0: 3 0x80004200 (0x3c32eeb7) x29 0x3c32e000
core   0: 0x80004204 (0xc05a2413) slti    s0, s4, -1019
core   0: 3 0x80004204 (0xc05a2413) x 8 0x00000000
core   0: 0x80004208 (0x83a4c393) xori    t2, s1, -1990
core   0: 3 0x80004208 (0x83a4c393) x 7 0xff7ff8c5
core   0: 0x8000420c (0x01f4d2b3) srl     t0, s1, t6
core   0: 3 0x8000420c (0x01f4d2b3) x 5 0x0040007f
core   0: 0x80004210 (0xb4c9b113) sltiu   sp, s3, -1204
core   0: 3 0x80004210 (0xb4c9b113) x 2 0x00000001
core   0: 0x80004214 (0xd0378013) addi    zero, a5, -765
core   0: 3 0x80004214 (0xd0378013)
core   0: 0x80004218 (0x03d48b33) mul     s6, s1, t4
core   0: 3 0x80004218 (0x03d48b33) x22 0xf6ad2000
core   0: 0x8000421c (0x0162beb3) sltu    t4, t0, s6
core   0: 3 0x8000421c (0x0162beb3) x29 0x00000001
core   0: 0x80004220 (0x72d22893) slti    a7, tp, 1837
core   0: 3 0x80004220 (0x72d22893) x17 0x00000001
core   0: 0x80004224 (0x0300d8b3) divu    a7, ra, a6
core   0: 3 0x80004224 (0x0300d8b3) x17 0x00000001
core   0: 0x80004228 (0x00c26bb3) or      s7, tp, a2
core   0: 3 0x80004228 (0x00c26bb3) x23 0xfffffefd
core   0: 0x8000422c (0x01f237b3) sltu    a5, tp, t6
core   0: 3 0x8000422c (0x01f237b3) x15 0x00000000
core   0: 0x80004230 (0xad496113) ori     sp, s2, -1324
core   0: 3 0x80004230 (0xad496113) x 2 0xfffffad4
core   0: 0x80004234 (0x00860a33) add     s4, a2, s0
core   0: 3 0x80004234 (0x00860a33) x20 0xfffffafd
core   0: 0x80004238 (0x4009d333) sra     t1, s3, zero
core   0: 3 0x80004238 (0x4009d333) x 6 0x00000000
core   0: 0x8000423c (0x17e16297) auipc   t0, 0x17e16
core   0: 3 0x8000423c (0x17e16297) x 5 0x97e1a23c
core   0: 0x80004240 (0x00000013) nop
core   0: 3 0x80004240 (0x00000013)
core   0: 0x80004244 (0x01ae04b3) add     s1, t3, s10
core   0: 3 0x80004244 (0x01ae04b3) x 9 0xde40a000
core   0: 0x80004248 (0x03e5b3b3) mulhu   t2, a1, t5
core   0: 3 0x80004248 (0x03e5b3b3) x 7 0x000005cc
core   0: 0x8000424c (0x00a45c13) srli    s8, s0, 10
core   0: 3 0x8000424c (0x00a45c13) x24 0x00000000
core   0: 0x80004250 (0x00f2cfb7) lui     t6, 0xf2c
core   0: 3 0x80004250 (0x00f2cfb7) x31 0x00f2c000
core   0: 0x80004254 (0x40d98f33) sub     t5, s3, a3
core   0: 3 0x80004254 (0x40d98f33) x30 0xffffffff
core   0: 0x80004258 (0xee313e93) sltiu   t4, sp, -285
core   0: 3 0x80004258 (0xee313e93) x29 0x00000001
core   0: 0x8000425c (0xd3523a93) sltiu   s5, tp, -715
core   0: 3 0x8000425c (0xd3523a93) x21 0x00000000
core   0: 0x80004260 (0xc8443a93) sltiu   s5, s0, -892
core   0: 3 0x80004260 (0xc8443a93) x21 0x00000001
core   0: 0x80004264 (0x00000013) nop
core   0: 3 0x80004264 (0x00000013)
core   0: 0x80004268 (0x00cd3633) sltu    a2, s10, a2
core   0: 3 0x80004268 (0x00cd3633) x12 0x00000001
core   0: 0x8000426c (0xc2c3c913) xori    s2, t2, -980
core   0: 3 0x8000426c (0xc2c3c913) x18 0xfffff9e0
core   0: 0x80004270 (0x006f1593) slli    a1, t5, 6
core   0: 3 0x80004270 (0x006f1593) x11 0xffffffc0
core   0: 0x80004274 (0x00451fb3) sll     t6, a0, tp
core   0: 3 0x80004274 (0x00451fb3) x31 0x000003b9
core   0: 0x80004278 (0xe995a213) slti    tp, a1, -359
core   0: 3 0x80004278 (0xe995a213) x 4 0x00000000
core   0: 0x8000427c (0x00d06a33) or      s4, zero, a3
core   0: 3 0x8000427c (0x00d06a33) x20 0x00000001
core   0: 0x80004280 (0x00dc9b33) sll     s6, s9, a3
core   0: 3 0x80004280 (0x00dc9b33) x22 0x000319c8
core   0: 0x80004284 (0x02621b33) mulh    s6, tp, t1
core   0: 3 0x80004284 (0x02621b33) x22 0x00000000
core   0: 0x80004288 (0x582a7213) andi    tp, s4, 1410
core   0: 3 0x80004288 (0x582a7213) x 4 0x00000000
core   0: 0x8000428c (0x00d558b3) srl     a7, a0, a3
core   0: 3 0x8000428c (0x00d558b3) x17 0x000001dc
core   0: 0x80004290 (0x00755e93) srli    t4, a0, 7
core   0: 3 0x80004290 (0x00755e93) x29 0x00000007
core   0: 0x80004294 (0x03d9d233) divu    tp, s3, t4
core   0: 3 0x80004294 (0x03d9d233) x 4 0x00000000
core   0: 0x80004298 (0x036060b3) rem     ra, zero, s6
core   0: 3 0x80004298 (0x036060b3) x 1 0x00000000
core   0: 0x8000429c (0x00000013) nop
core   0: 3 0x8000429c (0x00000013)
core   0: 0x800042a0 (0x419d5d33) sra     s10, s10, s9
core   0: 3 0x800042a0 (0x419d5d33) x26 0x05e40a00
core   0: 0x800042a4 (0xe0a57113) andi    sp, a0, -502
core   0: 3 0x800042a4 (0xe0a57113) x 2 0x00000208
core   0: 0x800042a8 (0x018f8bb3) add     s7, t6, s8
core   0: 3 0x800042a8 (0x018f8bb3) x23 0x000003b9
core   0: 0x800042ac (0x41c60d33) sub     s10, a2, t3
core   0: 3 0x800042ac (0x41c60d33) x26 0x80000001
core   0: 0x800042b0 (0x020b46b3) div     a3, s6, zero
core   0: 3 0x800042b0 (0x020b46b3) x13 0xffffffff
core   0: 0x800042b4 (0x00af1db3) sll     s11, t5, a0
core   0: 3 0x800042b4 (0x00af1db3) x27 0xfe000000
core   0: 0x800042b8 (0xb93f8593) addi    a1, t6, -1133
core   0: 3 0x800042b8 (0xb93f8593) x11 0xffffff4c
core   0: 0x800042bc (0x039306b3) mul     a3, t1, s9
core   0: 3 0x800042bc (0x039306b3) x13 0x00000000
core   0: 0x800042c0 (0x43a40a37) lui     s4, 0x43a40
core   0: 3 0x800042c0 (0x43a40a37) x20 0x43a40000
core   0: 0x800042c4 (0x731dcbb7) lui     s7, 0x731dc
core   0: 3 0x800042c4 (0x731dcbb7) x23 0x731dc000
core   0: 0x800042c8 (0x968703b7) lui     t2, 0x96870
core   0: 3 0x800042c8 (0x968703b7) x 7 0x96870000
core   0: 0x800042cc (0x41c85d93) srai    s11, a6, 28
core   0: 3 0x800042cc (0x41c85d93) x27 0xffffffff
core   0: 0x800042d0 (0x00000013) nop
core   0: 3 0x800042d0 (0x00000013)
core   0: 0x800042d4 (0x0191dc13) srli    s8, gp, 25
core   0: 3 0x800042d4 (0x0191dc13) x24 0x00000052
core   0: 0x800042d8 (0x45f20893) addi    a7, tp, 1119
core   0: 3 0x800042d8 (0x45f20893) x17 0x0000045f
core   0: 0x800042dc (0x4173d5b3) sra     a1, t2, s7
core   0: 3 0x800042dc (0x4173d5b3) x11 0x96870000
core   0: 0x800042e0 (0x01f560b3) or      ra, a0, t6
core   0: 3 0x800042e0 (0x01f560b3) x 1 0x000003b9
core   0: 0x800042e4 (0x025a92b3) mulh    t0, s5, t0
core   0: 3 0x800042e4 (0x025a92b3) x 5 0xffffffff
core   0: 0x800042e8 (0x00c81c33) sll     s8, a6, a2
core   0: 3 0x800042e8 (0x00c81c33) x24 0xfffffc00
core   0: 0x800042ec (0x03bc6fb3) rem     t6, s8, s11
core   0: 3 0x800042ec (0x03bc6fb3) x31 0x00000000
core   0: 0x800042f0 (0xe8eb59b7) lui     s3, 0xe8eb5
core   0: 3 0x800042f0 (0xe8eb59b7) x19 0xe8eb5000
core   0: 0x800042f4 (0x1a88c213) xori    tp, a7, 424
core   0: 3 0x800042f4 (0x1a88c213) x 4 0x000005f7
core   0: 0x800042f8 (0x00ded213) srli    tp, t4, 13
core   0: 3 0x800042f8 (0x00ded213) x 4 0x00000000
core   0: 0x800042fc (0x00539893) slli    a7, t2, 5
core   0: 3 0x800042fc (0x00539893) x17 0xd0e00000
core   0: 0x80004300 (0x97b46013) ori     zero, s0, -1669
core   0: 3 0x80004300 (0x97b46013)
core   0: 0x80004304 (0x017ba9b3) slt     s3, s7, s7
core   0: 3 0x80004304 (0x017ba9b3) x19 0x00000000
core   0: 0x80004308 (0x005d99b3) sll     s3, s11, t0
core   0: 3 0x80004308 (0x005d99b3) x19 0x80000000
core   0: 0x8000430c (0x499be293) ori     t0, s7, 1177
core   0: 3 0x8000430c (0x499be293) x 5 0x731dc499
core   0: 0x80004310 (0x49e78093) addi    ra, a5, 1182
core   0: 3 0x80004310 (0x49e78093) x 1 0x0000049e
core   0: 0x80004314 (0xbb04b893) sltiu   a7, s1, -1104
core   0: 3 0x80004314 (0xbb04b893) x17 0x00000001
core   0: 0x80004318 (0xc401ef93) ori     t6, gp, -960
core   0: 3 0x80004318 (0xc401ef93) x31 0xfffffe40
core   0: 0x8000431c (0x00000013) nop
core   0: 3 0x8000431c (0x00000013)
core   0: 0x80004320 (0x20c8c493) xori    s1, a7, 524
core   0: 3 0x80004320 (0x20c8c493) x 9 0x0000020d
core   0: 0x80004324 (0x016cf633) and     a2, s9, s6
core   0: 3 0x80004324 (0x016cf633) x12 0x00000000
core   0: 0x80004328 (0xbdf4cc37) lui     s8, 0xbdf4c
core   0: 3 0x80004328 (0xbdf4cc37) x24 0xbdf4c000
core   0: 0x8000432c (0x4071d333) sra     t1, gp, t2
core   0: 3 0x8000432c (0x4071d333) x 6 0xa5e40a00
core   0: 0x80004330 (0x019721b3) slt     gp, a4, s9
core   0: 3 0x80004330 (0x019721b3) x 3 0x00000001
core   0: 0x80004334 (0x00c69193) slli    gp, a3, 12
core   0: 3 0x80004334 (0x00c69193) x 3 0x00000000
core   0: 0x80004338 (0x03dadeb3) divu    t4, s5, t4
core   0: 3 0x80004338 (0x03dadeb3) x29 0x00000000
core   0: 0x8000433c (0xb4b70513) addi    a0, a4, -1205
core   0: 3 0x8000433c (0xb4b70513) x10 0x800149af
core   0: 0x80004340 (0xf259e493) ori     s1, s3, -219
core   0: 3 0x80004340 (0xf259e493) x 9 0xffffff25
core   0: 0x80004344 (0x494b3b93) sltiu   s7, s6, 1172
core   0: 3 0x80004344 (0x494b3b93) x23 0x00000001
core   0: 0x80004348 (0xa9c27237) lui     tp, 0xa9c27
core   0: 3 0x80004348 (0xa9c27237) x 4 0xa9c27000
core   0: 0x8000434c (0xf67b7b13) andi    s6, s6, -153
core   0: 3 0x8000434c (0xf67b7b13) x22 0x00000000
core   0: 0x80004350 (0x013367b3) or      a5, t1, s3
core   0: 3 0x80004350 (0x013367b3) x15 0xa5e40a00
core   0: 0x80004354 (0x01b49513) slli    a0, s1, 27
core   0: 3 0x80004354 (0x01b49513) x10 0x28000000
core   0: 0x80004358 (0x0073deb3) srl     t4, t2, t2
core   0: 3 0x80004358 (0x0073deb3) x29 0x96870000
core   0: 0x8000435c (0x019c9333) sll     t1, s9, s9
core   0: 3 0x8000435c (0x019c9333) x 6 0x0018ce40
core   0: 0x80004360 (0x2ea13ab7) lui     s5, 0x2ea13
core   0: 3 0x80004360 (0x2ea13ab7) x21 0x2ea13000
core   0: 0x80004364 (0xd94d0893) addi    a7, s10, -620
core   0: 3 0x80004364 (0xd94d0893) x17 0x7ffffd95
core   0: 0x80004368 (0x030f83b3) mul     t2, t6, a6
core   0: 3 0x80004368 (0x030f83b3) x 7 0x00038000
core   0: 0x8000436c (0x023e4533) div     a0, t3, gp
core   0: 3 0x8000436c (0x023e4533) x10 0xffffffff
core   0: 0x80004370 (0xcea57213) andi    tp, a0, -790
core   0: 3 0x80004370 (0xcea57213) x 4 0xfffffcea
core   0: 0x80004374 (0x027cbab3) mulhu   s5, s9, t2
core   0: 3 0x80004374 (0x027cbab3) x21 0x0001c005
core   0: 0x80004378 (0x58feed13) ori     s10, t4, 1423
core   0: 3 0x80004378 (0x58feed13) x26 0x9687058f
core   0: 0x8000437c (0x41b7d033) sra     zero, a5, s11
core   0: 3 0x8000437c (0x41b7d033)
core   0: 0x80004380 (0x03e757b3) divu    a5, a4, t5
core   0: 3 0x80004380 (0x03e757b3) x15 0x00000000
core   0: 0x80004384 (0x00000013) nop
core   0: 3 0x80004384 (0x00000013)
core   0: 0x80004388 (0x01f66533) or      a0, a2, t6
core   0: 3 0x80004388 (0x01f66533) x10 0xfffffe40
core   0: 0x8000438c (0x0b767313) andi    t1, a2, 183
core   0: 3 0x8000438c (0x0b767313) x 6 0x00000000
core   0: 0x80004390 (0x593cf197) auipc   gp, 0x593cf
core   0: 3 0x80004390 (0x593cf197) x 3 0xd93d3390
core   0: 0x80004394 (0x01143f13) sltiu   t5, s0, 17
core   0: 3 0x80004394 (0x01143f13) x30 0x00000001
core   0: 0x80004398 (0x0071bd33) sltu    s10, gp, t2
core   0: 3 0x80004398 (0x0071bd33) x26 0x00000000
core   0: 0x8000439c (0xf563a617) auipc   a2, 0xf563a
core   0: 3 0x8000439c (0xf563a617) x12 0x7563e39c
core   0: 0x800043a0 (0xd906e913) ori     s2, a3, -624
core   0: 3 0x800043a0 (0xd906e913) x18 0xfffffd90
core   0: 0x800043a4 (0x02ef9ab3) mulh    s5, t6, a4
core   0: 3 0x800043a4 (0x02ef9ab3) x21 0x000000df
core   0: 0x800043a8 (0x765b5337) lui     t1, 0x765b5
core   0: 3 0x800043a8 (0x765b5337) x 6 0x765b5000
core   0: 0x800043ac (0xc7c83613) sltiu   a2, a6, -900
core   0: 3 0x800043ac (0xc7c83613) x12 0x00000000
core   0: 0x800043b0 (0x0148f933) and     s2, a7, s4
core   0: 3 0x800043b0 (0x0148f933) x18 0x43a40000
core   0: 0x800043b4 (0x40545493) srai    s1, s0, 5
core   0: 3 0x800043b4 (0x40545493) x 9 0x00000000
core   0: 0x800043b8 (0x01159313) slli    t1, a1, 17
core   0: 3 0x800043b8 (0x01159313) x 6 0x00000000
core   0: 0x800043bc (0x01819793) slli    a5, gp, 24
core   0: 3 0x800043bc (0x01819793) x15 0x90000000
core   0: 0x800043c0 (0x012b3ab3) sltu    s5, s6, s2
core   0: 3 0x800043c0 (0x012b3ab3) x21 0x00000001
core   0: 0x800043c4 (0x4016d1b3) sra     gp, a3, ra
core   0: 3 0x800043c4 (0x4016d1b3) x 3 0x00000000
core   0: 0x800043c8 (0x0084adb3) slt     s11, s1, s0
core   0: 3 0x800043c8 (0x0084adb3) x27 0x00000000
core   0: 0x800043cc (0x5e107813) andi    a6, zero, 1505
core   0: 3 0x800043cc (0x5e107813) x16 0x00000000
core   0: 0x800043d0 (0x0144ad33) slt     s10, s1, s4
core   0: 3 0x800043d0 (0x0144ad33) x26 0x00000001
core   0: 0x800043d4 (0x02ee8433) mul     s0, t4, a4
core   0: 3 0x800043d4 (0x02ee8433) x 8 0xeebc0000
core   0: 0x800043d8 (0x156198b7) lui     a7, 0x15619
core   0: 3 0x800043d8 (0x156198b7) x17 0x15619000
core   0: 0x800043dc (0x020184b3) mul     s1, gp, zero
core   0: 3 0x800043dc (0x020184b3) x 9 0x00000000
core   0: 0x800043e0 (0x9c822e97) auipc   t4, 0x9c822
core   0: 3 0x800043e0 (0x9c822e97) x29 0x1c8263e0
core   0: 0x800043e4 (0x03113eb3) mulhu   t4, sp, a7
core   0: 3 0x800043e4 (0x03113eb3) x29 0x0000002b
core   0: 0x800043e8 (0xb0dde597) auipc   a1, 0xb0dde
core   0: 3 0x800043e8 (0xb0dde597) x11 0x30de23e8
core   0: 0x800043ec (0x00a31593) slli    a1, t1, 10
core   0: 3 0x800043ec (0x00a31593) x11 0x00000000
core   0: 0x800043f0 (0x02b65b33) divu    s6, a2, a1
core   0: 3 0x800043f0 (0x02b65b33) x22 0xffffffff
core   0: 0x800043f4 (0x03888933) mul     s2, a7, s8
core   0: 3 0x800043f4 (0x03888933) x18 0x6c000000
core   0: 0x800043f8 (0x0397eeb3) rem     t4, a5, s9
core   0: 3 0x800043f8 (0x0397eeb3) x29 0x90000000
core   0: 0x800043fc (0x002b13b3) sll     t2, s6, sp
core   0: 3 0x800043fc (0x002b13b3) x 7 0xffffff00
core   0: 0x80004400 (0x009ba0b3) slt     ra, s7, s1
core   0: 3 0x80004400 (0x009ba0b3) x 1 0x00000000
core   0: 0x80004404 (0x00b17a33) and     s4, sp, a1
core   0: 3 0x80004404 (0x00b17a33) x20 0x00000000
core   0: 0x80004408 (0x96a98d17) auipc   s10, 0x96a98
core   0: 3 0x80004408 (0x96a98d17) x26 0x16a9c408
core   0: 0x8000440c (0xe5488917) auipc   s2, 0xe5488
core   0: 3 0x8000440c (0xe5488917) x18 0x6548c40c
core   0: 0x80004410 (0x024143b3) div     t2, sp, tp
core   0: 3 0x80004410 (0x024143b3) x 7 0x00000000
core   0: 0x80004414 (0x34f9c393) xori    t2, s3, 847
core   0: 3 0x80004414 (0x34f9c393) x 7 0x8000034f
core   0: 0x80004418 (0x41c85bb3) sra     s7, a6, t3
core   0: 3 0x80004418 (0x41c85bb3) x23 0x00000000
core   0: 0x8000441c (0x02a9f433) remu    s0, s3, a0
core   0: 3 0x8000441c (0x02a9f433) x 8 0x80000000
core   0: 0x80004420 (0x6b10e693) ori     a3, ra, 1713
core   0: 3 0x80004420 (0x6b10e693) x13 0x000006b1
core   0: 0x80004424 (0xa9bccc13) xori    s8, s9, -1381
core   0: 3 0x80004424 (0xa9bccc13) x24 0x7ffe767f
core   0: 0x80004428 (0x01a0f533) and     a0, ra, s10
core   0: 3 0x80004428 (0x01a0f533) x10 0x00000000
core   0: 0x8000442c (0x01adc8b3) xor     a7, s11, s10
core   0: 3 0x8000442c (0x01adc8b3) x17 0x16a9c408
core   0: 0x80004430 (0x03b56d33) rem     s10, a0, s11
core   0: 3 0x80004430 (0x03b56d33) x26 0x00000000
core   0: 0x80004434 (0x7b1d0113) addi    sp, s10, 1969
core   0: 3 0x80004434 (0x7b1d0113) x 2 0x000007b1
core   0: 0x80004438 (0x0272d9b3) divu    s3, t0, t2
core   0: 3 0x80004438 (0x0272d9b3) x19 0x00000000
core   0: 0x8000443c (0xaca86293) ori     t0, a6, -1334
core   0: 3 0x8000443c (0xaca86293) x 5 0xfffffaca
core   0: 0x80004440 (0xe062a413) slti    s0, t0, -506
core   0: 3 0x80004440 (0xe062a413) x 8 0x00000001
core   0: 0x80004444 (0x006b2b33) slt     s6, s6, t1
core   0: 3 0x80004444 (0x006b2b33) x22 0x00000001
core   0: 0x80004448 (0xfe3193b7) lui     t2, 0xfe319
core   0: 3 0x80004448 (0xfe3193b7) x 7 0xfe319000
core   0: 0x8000444c (0x0165b033) sltu    zero, a1, s6
core   0: 3 0x8000444c (0x0165b033)
core   0: 0x80004450 (0x00fd3133) sltu    sp, s10, a5
core   0: 3 0x80004450 (0x00fd3133) x 2 0x00000001
core   0: 0x80004454 (0x27c16613) ori     a2, sp, 636
core   0: 3 0x80004454 (0x27c16613) x12 0x0000027d
core   0: 0x80004458 (0x01daf2b3) and     t0, s5, t4
core   0: 3 0x80004458 (0x01daf2b3) x 5 0x00000000
core   0: 0x8000445c (0x01880533) add     a0, a6, s8
core   0: 3 0x8000445c (0x01880533) x10 0x7ffe767f
core   0: 0x80004460 (0x011b92b3) sll     t0, s7, a7
core   0: 3 0x80004460 (0x011b92b3) x 5 0x00000000
core   0: 0x80004464 (0x01e58233) add     tp, a1, t5
core   0: 3 0x80004464 (0x01e58233) x 4 0x00000001
core   0: 0x80004468 (0x84787d13) andi    s10, a6, -1977
core   0: 3 0x80004468 (0x84787d13) x26 0x00000000
core   0: 0x8000446c (0x40ef00b3) sub     ra, t5, a4
core   0: 3 0x8000446c (0x40ef00b3) x 1 0x7ffeb19d
core   0: 0x80004470 (0x00e7afb3) slt     t6, a5, a4
core   0: 3 0x80004470 (0x00e7afb3) x31 0x00000000
core   0: 0x80004474 (0x018531b3) sltu    gp, a0, s8
core   0: 3 0x80004474 (0x018531b3) x 3 0x00000000
core   0: 0x80004478 (0x02264d33) div     s10, a2, sp
core   0: 3 0x80004478 (0x02264d33) x26 0x0000027d
core   0: 0x8000447c (0x151f6a93) ori     s5, t5, 337
core   0: 3 0x8000447c (0x151f6a93) x21 0x00000151
core   0: 0x80004480 (0xa454c513) xori    a0, s1, -1467
core   0: 3 0x80004480 (0xa454c513) x10 0xfffffa45
core   0: 0x80004484 (0x02e730b3) mulhu   ra, a4, a4
core   0: 3 0x80004484 (0x02e730b3) x 1 0x40014e65
core   0: 0x80004488 (0x00235d93) srli    s11, t1, 2
core   0: 3 0x80004488 (0x00235d93) x27 0x00000000
core   0: 0x8000448c (0x03216133) rem     sp, sp, s2
core   0: 3 0x8000448c (0x03216133) x 2 0x00000001
core   0: 0x80004490 (0x03987f33) remu    t5, a6, s9
core   0: 3 0x80004490 (0x03987f33) x30 0x00000000
core   0: 0x80004494 (0x02275fb3) divu    t6, a4, sp
core   0: 3 0x80004494 (0x02275fb3) x31 0x80014e64
core   0: 0x80004498 (0xce96cf13) xori    t5, a3, -791
core   0: 3 0x80004498 (0xce96cf13) x30 0xfffffa58
core   0: 0x8000449c (0x013c43b3) xor     t2, s8, s3
core   0: 3 0x8000449c (0x013c43b3) x 7 0x7ffe767f
core   0: 0x800044a0 (0x40060b33) sub     s6, a2, zero
core   0: 3 0x800044a0 (0x40060b33) x22 0x0000027d
core   0: 0x800044a4 (0x00000013) nop
core   0: 3 0x800044a4 (0x00000013)
core   0: 0x800044a8 (0x031d8bb3) mul     s7, s11, a7
core   0: 3 0x800044a8 (0x031d8bb3) x23 0x00000000
core   0: 0x800044ac (0x0189ee93) ori     t4, s3, 24
core   0: 3 0x800044ac (0x0189ee93) x29 0x00000018
core   0: 0x800044b0 (0x01e69793) slli    a5, a3, 30
core   0: 3 0x800044b0 (0x01e69793) x15 0x40000000
core   0: 0x800044b4 (0x022827b3) mulhsu  a5, a6, sp
core   0: 3 0x800044b4 (0x022827b3) x15 0x00000000
core   0: 0x800044b8 (0x7fb20f13) addi    t5, tp, 2043
core   0: 3 0x800044b8 (0x7fb20f13) x30 0x000007fc
core   0: 0x800044bc (0x03473133) mulhu   sp, a4, s4
core   0: 3 0x800044bc (0x03473133) x 2 0x00000000
core   0: 0x800044c0 (0x0014e433) or      s0, s1, ra
core   0: 3 0x800044c0 (0x0014e433) x 8 0x40014e65
core   0: 0x800044c4 (0x4001ddb3) sra     s11, gp, zero
core   0: 3 0x800044c4 (0x4001ddb3) x27 0x00000000
core   0: 0x800044c8 (0x00215593) srli    a1, sp, 2
core   0: 3 0x800044c8 (0x00215593) x11 0x00000000
core   0: 0x800044cc (0x6e046a13) ori     s4, s0, 1760
core   0: 3 0x800044cc (0x6e046a13) x20 0x40014ee5
core   0: 0x800044d0 (0xdfbf1eb7) lui     t4, 0xdfbf1
core   0: 3 0x800044d0 (0xdfbf1eb7) x29 0xdfbf1000
core   0: 0x800044d4 (0x01bc40b3) xor     ra, s8, s11
core   0: 3 0x800044d4 (0x01bc40b3) x 1 0x7ffe767f
core   0: 0x800044d8 (0x82502793) slti    a5, zero, -2011
core   0: 3 0x800044d8 (0x82502793) x15 0x00000000
core   0: 0x800044dc (0x033d87b3) mul     a5, s11, s3
core   0: 3 0x800044dc (0x033d87b3) x15 0x00000000
core   0: 0x800044e0 (0x00000013) nop
core   0: 3 0x800044e0 (0x00000013)
core   0: 0x800044e4 (0x03d45533) divu    a0, s0, t4
core   0: 3 0x800044e4 (0x03d45533) x10 0x00000000
core   0: 0x800044e8 (0x0161f2b3) and     t0, gp, s6
core   0: 3 0x800044e8 (0x0161f2b3) x 5 0x00000000
core   0: 0x800044ec (0x039e6f33) rem     t5, t3, s9
core   0: 3 0x800044ec (0x039e6f33) x30 0xfffe731c
core   0: 0x800044f0 (0x79e04993) xori    s3, zero, 1950
core   0: 3 0x800044f0 (0x79e04993) x19 0x0000079e
core   0: 0x800044f4 (0xce847b93) andi    s7, s0, -792
core   0: 3 0x800044f4 (0xce847b93) x23 0x40014c60
core   0: 0x800044f8 (0x9d960d93) addi    s11, a2, -1575
core   0: 3 0x800044f8 (0x9d960d93) x27 0xfffffc56
core   0: 0x800044fc (0x0175f0b3) and     ra, a1, s7
core   0: 3 0x800044fc (0x0175f0b3) x 1 0x00000000
core   0: 0x80004500 (0x40328bb3) sub     s7, t0, gp
core   0: 3 0x80004500 (0x40328bb3) x23 0x00000000
core   0: 0x80004504 (0xc02fcb93) xori    s7, t6, -1022
core   0: 3 0x80004504 (0xc02fcb93) x23 0x7ffeb266
core   0: 0x80004508 (0x41665133) sra     sp, a2, s6
core   0: 3 0x80004508 (0x41665133) x 2 0x00000000
core   0: 0x8000450c (0x00000013) nop
core   0: 3 0x8000450c (0x00000013)
core   0: 0x80004510 (0x01b02933) slt     s2, zero, s11
core   0: 3 0x80004510 (0x01b02933) x18 0x00000000
core   0: 0x80004514 (0x03ab91b3) mulh    gp, s7, s10
core   0: 3 0x80004514 (0x03ab91b3) x 3 0x0000013e
core   0: 0x80004518 (0x00238833) add     a6, t2, sp
core   0: 3 0x80004518 (0x00238833) x16 0x7ffe767f
core   0: 0x8000451c (0xb29e7a97) auipc   s5, 0xb29e7
core   0: 3 0x8000451c (0xb29e7a97) x21 0x329eb51c
core   0: 0x80004520 (0x40b60533) sub     a0, a2, a1
core   0: 3 0x80004520 (0x40b60533) x10 0x0000027d
core   0: 0x80004524 (0x8ca93193) sltiu   gp, s2, -1846
core   0: 3 0x80004524 (0x8ca93193) x 3 0x00000001
core   0: 0x80004528 (0x006fb8b3) sltu    a7, t6, t1
core   0: 3 0x80004528 (0x006fb8b3) x17 0x00000000
core   0: 0x8000452c (0x41118633) sub     a2, gp, a7
core   0: 3 0x8000452c (0x41118633) x12 0x00000001
core   0: 0x80004530 (0x009f0c33) add     s8, t5, s1
core   0: 3 0x80004530 (0x009f0c33) x24 0xfffe731c
core   0: 0x80004534 (0xade50813) addi    a6, a0, -1314
core   0: 3 0x80004534 (0xade50813) x16 0xfffffd5b
core   0: 0x80004538 (0x875b9697) auipc   a3, 0x875b9
core   0: 3 0x80004538 (0x875b9697) x13 0x075bd538
core   0: 0x8000453c (0x0346bc33) mulhu   s8, a3, s4
core   0: 3 0x8000453c (0x0346bc33) x24 0x01d6feee
core   0: 0x80004540 (0x01341913) slli    s2, s0, 19
core   0: 3 0x80004540 (0x01341913) x18 0x73280000
core   0: 0x80004544 (0x01979b13) slli    s6, a5, 25
core   0: 3 0x80004544 (0x01979b13) x22 0x00000000
core   0: 0x80004548 (0x00804ab3) xor     s5, zero, s0
core   0: 3 0x80004548 (0x00804ab3) x21 0x40014e65
core   0: 0x8000454c (0x62fc8993) addi    s3, s9, 1583
core   0: 3 0x8000454c (0x62fc8993) x19 0x80019313
core   0: 0x80004550 (0x94d7e993) ori     s3, a5, -1715
core   0: 3 0x80004550 (0x94d7e993) x19 0xfffff94d
core   0: 0x80004554 (0x00d3c8b3) xor     a7, t2, a3
core   0: 3 0x80004554 (0x00d3c8b3) x17 0x78a5a347
core   0: 0x80004558 (0x704afa93) andi    s5, s5, 1796
core   0: 3 0x80004558 (0x704afa93) x21 0x00000604
core   0: 0x8000455c (0x7892ad93) slti    s11, t0, 1929
core   0: 3 0x8000455c (0x7892ad93) x27 0x00000001
core   0: 0x80004560 (0x0279deb3) divu    t4, s3, t2
core   0: 3 0x80004560 (0x0279deb3) x29 0x00000002
core   0: 0x80004564 (0x75d4f913) andi    s2, s1, 1885
core   0: 3 0x80004564 (0x75d4f913) x18 0x00000000
core   0: 0x80004568 (0x00400c33) add     s8, zero, tp
core   0: 3 0x80004568 (0x00400c33) x24 0x00000001
core   0: 0x8000456c (0x021c65b3) rem     a1, s8, ra
core   0: 3 0x8000456c (0x021c65b3) x11 0x00000001
core   0: 0x80004570 (0x2ef8bf13) sltiu   t5, a7, 751
core   0: 3 0x80004570 (0x2ef8bf13) x30 0x00000000
core   0: 0x80004574 (0x40e7d393) srai    t2, a5, 14
core   0: 3 0x80004574 (0x40e7d393) x 7 0x00000000
core   0: 0x80004578 (0x46c7ce93) xori    t4, a5, 1132
core   0: 3 0x80004578 (0x46c7ce93) x29 0x0000046c
core   0: 0x8000457c (0x007b0633) add     a2, s6, t2
core   0: 3 0x8000457c (0x007b0633) x12 0x00000000
core   0: 0x80004580 (0x97385837) lui     a6, 0x97385
core   0: 3 0x80004580 (0x97385837) x16 0x97385000
core   0: 0x80004584 (0x0105eab3) or      s5, a1, a6
core   0: 3 0x80004584 (0x0105eab3) x21 0x97385001
core   0: 0x80004588 (0xde5e3593) sltiu   a1, t3, -539
core   0: 3 0x80004588 (0xde5e3593) x11 0x00000001
core   0: 0x8000458c (0x01ad85b3) add     a1, s11, s10
core   0: 3 0x8000458c (0x01ad85b3) x11 0x0000027e
core   0: 0x80004590 (0x009e7533) and     a0, t3, s1
core   0: 3 0x80004590 (0x009e7533) x10 0x00000000
core   0: 0x80004594 (0x40b58033) sub     zero, a1, a1
core   0: 3 0x80004594 (0x40b58033)
core   0: 0x80004598 (0x02f95133) divu    sp, s2, a5
core   0: 3 0x80004598 (0x02f95133) x 2 0xffffffff
core   0: 0x8000459c (0x03ac7517) auipc   a0, 0x3ac7
core   0: 3 0x8000459c (0x03ac7517) x10 0x83acb59c
core   0: 0x800045a0 (0x22f9e313) ori     t1, s3, 559
core   0: 3 0x800045a0 (0x22f9e313) x 6 0xfffffb6f
core   0: 0x800045a4 (0x01d18f33) add     t5, gp, t4
core   0: 3 0x800045a4 (0x01d18f33) x30 0x0000046d
core   0: 0x800045a8 (0x03de14b3) mulh    s1, t3, t4
core   0: 3 0x800045a8 (0x03de14b3) x 9 0xfffffdca
core   0: 0x800045ac (0x00405233) srl     tp, zero, tp
core   0: 3 0x800045ac (0x00405233) x 4 0x00000000
core   0: 0x800045b0 (0x40f75e93) srai    t4, a4, 15
core   0: 3 0x800045b0 (0x40f75e93) x29 0xffff0002
core   0: 0x800045b4 (0x00d8c917) auipc   s2, 0xd8c
core   0: 3 0x800045b4 (0x00d8c917) x18 0x80d905b4
core   0: 0x800045b8 (0x0391c9b3) div     s3, gp, s9
core   0: 3 0x800045b8 (0x0391c9b3) x19 0x00000000
core   0: 0x800045bc (0x00c54333) xor     t1, a0, a2
core   0: 3 0x800045bc (0x00c54333) x 6 0x83acb59c
core   0: 0x800045c0 (0x168f9a17) auipc   s4, 0x168f9
core   0: 3 0x800045c0 (0x168f9a17) x20 0x968fd5c0
core   0: 0x800045c4 (0x031d7433) remu    s0, s10, a7
core   0: 3 0x800045c4 (0x031d7433) x 8 0x0000027d
core   0: 0x800045c8 (0x407dd293) srai    t0, s11, 7
core   0: 3 0x800045c8 (0x407dd293) x 5 0x00000000
core   0: 0x800045cc (0x03e50bb3) mul     s7, a0, t5
core   0: 3 0x800045cc (0x03e50bb3) x23 0xc35fc36c
core   0: 0x800045d0 (0x0349bbb3) mulhu   s7, s3, s4
core   0: 3 0x800045d0 (0x0349bbb3) x23 0x00000000
core   0: 0x800045d4 (0x004806b3) add     a3, a6, tp
core   0: 3 0x800045d4 (0x004806b3) x13 0x97385000
core   0: 0x800045d8 (0x416a0433) sub     s0, s4, s6
core   0: 3 0x800045d8 (0x416a0433) x 8 0x968fd5c0
core   0: 0x800045dc (0x00000013) nop
core   0: 3 0x800045dc (0x00000013)
core   0: 0x800045e0 (0x0247e233) rem     tp, a5, tp
core   0: 3 0x800045e0 (0x0247e233) x 4 0x00000000
core   0: 0x800045e4 (0xf4522513) slti    a0, tp, -187
core   0: 3 0x800045e4 (0xf4522513) x10 0x00000000
core   0: 0x800045e8 (0x02347b33) remu    s6, s0, gp
core   0: 3 0x800045e8 (0x02347b33) x22 0x00000000
core   0: 0x800045ec (0x006374b3) and     s1, t1, t1
core   0: 3 0x800045ec (0x006374b3) x 9 0x83acb59c
core   0: 0x800045f0 (0xb1bb3eb7) lui     t4, 0xb1bb3
core   0: 3 0x800045f0 (0xb1bb3eb7) x29 0xb1bb3000
core   0: 0x800045f4 (0x0130d633) srl     a2, ra, s3
core   0: 3 0x800045f4 (0x0130d633) x12 0x00000000
core   0: 0x800045f8 (0xa015cd93) xori    s11, a1, -1535
core   0: 3 0x800045f8 (0xa015cd93) x27 0xfffff87f
core   0: 0x800045fc (0x0048bc33) sltu    s8, a7, tp
core   0: 3 0x800045fc (0x0048bc33) x24 0x00000000
core   0: 0x80004600 (0x412edf33) sra     t5, t4, s2
core   0: 3 0x80004600 (0x412edf33) x30 0xfffffb1b
core   0: 0x80004604 (0x00000013) nop
core   0: 3 0x80004604 (0x00000013)
core   0: 0x80004608 (0x5d4d7793) andi    a5, s10, 1492
core   0: 3 0x80004608 (0x5d4d7793) x15 0x00000054
core   0: 0x8000460c (0x028487b3) mul     a5, s1, s0
core   0: 3 0x8000460c (0x028487b3) x15 0x4ec70100
core   0: 0x80004610 (0x02fbca33) div     s4, s7, a5
core   0: 3 0x80004610 (0x02fbca33) x20 0x00000000
core   0: 0x80004614 (0x00716ab3) or      s5, sp, t2
core   0: 3 0x80004614 (0x00716ab3) x21 0xffffffff
core   0: 0x80004618 (0x00000013) nop
core   0: 3 0x80004618 (0x00000013)
core   0: 0x8000461c (0x00000013) nop
core   0: 3 0x8000461c (0x00000013)
core   0: 0x80004620 (0x036354b3) divu    s1, t1, s6
core   0: 3 0x80004620 (0x036354b3) x 9 0xffffffff
core   0: 0x80004624 (0x403bd033) sra     zero, s7, gp
core   0: 3 0x80004624 (0x403bd033)
core   0: 0x80004628 (0x03862c33) mulhsu  s8, a2, s8
core   0: 3 0x80004628 (0x03862c33) x24 0x00000000
core   0: 0x8000462c (0x4a23aa17) auipc   s4, 0x4a23a
core   0: 3 0x8000462c (0x4a23aa17) x20 0xca23e62c
core   0: 0x80004630 (0x02920fb3) mul     t6, tp, s1
core   0: 3 0x80004630 (0x02920fb3) x31 0x00000000
core   0: 0x80004634 (0x00a04b33) xor     s6, zero, a0
core   0: 3 0x80004634 (0x00a04b33) x22 0x00000000
core   0: 0x80004638 (0x02c687b3) mul     a5, a3, a2
core   0: 3 0x80004638 (0x02c687b3) x15 0x00000000
core   0: 0x8000463c (0x00000013) nop
core   0: 3 0x8000463c (0x00000013)
core   0: 0x80004640 (0x0048d293) srli    t0, a7, 4
core   0: 3 0x80004640 (0x0048d293) x 5 0x078a5a34
core   0: 0x80004644 (0x03eb88b3) mul     a7, s7, t5
core   0: 3 0x80004644 (0x03eb88b3) x17 0x00000000
core   0: 0x80004648 (0x1a253513) sltiu   a0, a0, 418
core   0: 3 0x80004648 (0x1a253513) x10 0x00000001
core   0: 0x8000464c (0xd2e13993) sltiu   s3, sp, -722
core   0: 3 0x8000464c (0xd2e13993) x19 0x00000000
core   0: 0x80004650 (0x03287033) remu    zero, a6, s2
core   0: 3 0x80004650 (0x03287033)
core   0: 0x80004654 (0xd06f1597) auipc   a1, 0xd06f1
core   0: 3 0x80004654 (0xd06f1597) x11 0x506f5654
core   0: 0x80004658 (0x07a75297) auipc   t0, 0x7a75
core   0: 3 0x80004658 (0x07a75297) x 5 0x87a79658
core   0: 0x8000465c (0x008a9613) slli    a2, s5, 8
core   0: 3 0x8000465c (0x008a9613) x12 0xffffff00
core   0: 0x80004660 (0x00000013) nop
core   0: 3 0x80004660 (0x00000013)
core   0: 0x80004664 (0x02a4fb33) remu    s6, s1, a0
core   0: 3 0x80004664 (0x02a4fb33) x22 0x00000000
core   0: 0x80004668 (0x31ff0317) auipc   t1, 0x31ff0
core   0: 3 0x80004668 (0x31ff0317) x 6 0xb1ff4668
core   0: 0x8000466c (0x02a65533) divu    a0, a2, a0
core   0: 3 0x8000466c (0x02a65533) x10 0xffffff00
core   0: 0x80004670 (0x02b5fb33) remu    s6, a1, a1
core   0: 3 0x80004670 (0x02b5fb33) x22 0x00000000
core   0: 0x80004674 (0x00705313) srli    t1, zero, 7
core   0: 3 0x80004674 (0x00705313) x 6 0x00000000
core   0: 0x80004678 (0x41735633) sra     a2, t1, s7
core   0: 3 0x80004678 (0x41735633) x12 0x00000000
core   0: 0x8000467c (0x0291e833) rem     a6, gp, s1
core   0: 3 0x8000467c (0x0291e833) x16 0x00000000
core   0: 0x80004680 (0x00a96933) or      s2, s2, a0
core   0: 3 0x80004680 (0x00a96933) x18 0xffffffb4
core   0: 0x80004684 (0x017a5693) srli    a3, s4, 23
core   0: 3 0x80004684 (0x017a5693) x13 0x00000194
core   0: 0x80004688 (0x0229ddb3) divu    s11, s3, sp
core   0: 3 0x80004688 (0x0229ddb3) x27 0x00000000
core   0: 0x8000468c (0x002131b3) sltu    gp, sp, sp
core   0: 3 0x8000468c (0x002131b3) x 3 0x00000000
core   0: 0x80004690 (0x05c48a13) addi    s4, s1, 92
core   0: 3 0x80004690 (0x05c48a13) x20 0x0000005b
core   0: 0x80004694 (0xa106c093) xori    ra, a3, -1520
core   0: 3 0x80004694 (0xa106c093) x 1 0xfffffb84
core   0: 0x80004698 (0x01888fb3) add     t6, a7, s8
core   0: 3 0x80004698 (0x01888fb3) x31 0x00000000
core   0: 0x8000469c (0x2f48fa13) andi    s4, a7, 756
core   0: 3 0x8000469c (0x2f48fa13) x20 0x00000000
core   0: 0x800046a0 (0x6594f797) auipc   a5, 0x6594f
core   0: 3 0x800046a0 (0x6594f797) x15 0xe59536a0
core   0: 0x800046a4 (0x80ee7b13) andi    s6, t3, -2034
core   0: 3 0x800046a4 (0x80ee7b13) x22 0x80000000
core   0: 0x800046a8 (0x032ed333) divu    t1, t4, s2
core   0: 3 0x800046a8 (0x032ed333) x 6 0x00000000
core   0: 0x800046ac (0x0351aa33) mulhsu  s4, gp, s5
core   0: 3 0x800046ac (0x0351aa33) x20 0x00000000
core   0: 0x800046b0 (0x84e7ff13) andi    t5, a5, -1970
core   0: 3 0x800046b0 (0x84e7ff13) x30 0xe5953000
core   0: 0x800046b4 (0x0076d6b3) srl     a3, a3, t2
core   0: 3 0x800046b4 (0x0076d6b3) x13 0x00000194
core   0: 0x800046b8 (0x017e5c13) srli    s8, t3, 23
core   0: 3 0x800046b8 (0x017e5c13) x24 0x00000100
core   0: 0x800046bc (0x005900b3) add     ra, s2, t0
core   0: 3 0x800046bc (0x005900b3) x 1 0x87a7960c
core   0: 0x800046c0 (0x03064233) div     tp, a2, a6
core   0: 3 0x800046c0 (0x03064233) x 4 0xffffffff
core   0: 0x800046c4 (0x01c445b3) xor     a1, s0, t3
core   0: 3 0x800046c4 (0x01c445b3) x11 0x168fd5c0
core   0: 0x800046c8 (0x0208b4b3) mulhu   s1, a7, zero
core   0: 3 0x800046c8 (0x0208b4b3) x 9 0x00000000
core   0: 0x800046cc (0x0087b933) sltu    s2, a5, s0
core   0: 3 0x800046cc (0x0087b933) x18 0x00000000
core   0: 0x800046d0 (0x014aa7b3) slt     a5, s5, s4
core   0: 3 0x800046d0 (0x014aa7b3) x15 0x00000001
core   0: 0x800046d4 (0x011824b3) slt     s1, a6, a7
core   0: 3 0x800046d4 (0x011824b3) x 9 0x00000000
core   0: 0x800046d8 (0x03c99f33) mulh    t5, s3, t3
core   0: 3 0x800046d8 (0x03c99f33) x30 0x00000000
core   0: 0x800046dc (0x03b588b3) mul     a7, a1, s11
core   0: 3 0x800046dc (0x03b588b3) x17 0x00000000
core   0: 0x800046e0 (0x00c05b13) srli    s6, zero, 12
core   0: 3 0x800046e0 (0x00c05b13) x22 0x00000000
core   0: 0x800046e4 (0x00b30db3) add     s11, t1, a1
core   0: 3 0x800046e4 (0x00b30db3) x27 0x168fd5c0
core   0: 0x800046e8 (0x00755bb3) srl     s7, a0, t2
core   0: 3 0x800046e8 (0x00755bb3) x23 0xffffff00
core   0: 0x800046ec (0x01cfcc33) xor     s8, t6, t3
core   0: 3 0x800046ec (0x01cfcc33) x24 0x80000000
core   0: 0x800046f0 (0x020561b3) rem     gp, a0, zero
core   0: 3 0x800046f0 (0x020561b3) x 3 0xffffff00
core   0: 0x800046f4 (0x44627493) andi    s1, tp, 1094
core   0: 3 0x800046f4 (0x44627493) x 9 0x00000446
core   0: 0x800046f8 (0x505da4b7) lui     s1, 0x505da
core   0: 3 0x800046f8 (0x505da4b7) x 9 0x505da000
core   0: 0x800046fc (0x01c5b4b3) sltu    s1, a1, t3
core   0: 3 0x800046fc (0x01c5b4b3) x 9 0x00000001
core   0: 0x80004700 (0x00000013) nop
core   0: 3 0x80004700 (0x00000013)
core   0: 0x80004704 (0x02eb47b3) div     a5, s6, a4
core   0: 3 0x80004704 (0x02eb47b3) x15 0x00000000
core   0: 0x80004708 (0x03544eb3) div     t4, s0, s5
core   0: 3 0x80004708 (0x03544eb3) x29 0x69702a40
core   0: 0x8000470c (0x032ea6b3) mulhsu  a3, t4, s2
core   0: 3 0x8000470c (0x032ea6b3) x13 0x00000000
core   0: 0x80004710 (0x41c7df13) srai    t5, a5, 28
core   0: 3 0x80004710 (0x41c7df13) x30 0x00000000
core   0: 0x80004714 (0x0028d9b3) srl     s3, a7, sp
core   0: 3 0x80004714 (0x0028d9b3) x19 0x00000000
core   0: 0x80004718 (0x02188d33) mul     s10, a7, ra
core   0: 3 0x80004718 (0x02188d33) x26 0x00000000
core   0: 0x8000471c (0x0175b833) sltu    a6, a1, s7
core   0: 3 0x8000471c (0x0175b833) x16 0x00000001
core   0: 0x80004720 (0x6017c537) lui     a0, 0x6017c
core   0: 3 0x80004720 (0x6017c537) x10 0x6017c000
core   0: 0x80004724 (0x014de133) or      sp, s11, s4
core   0: 3 0x80004724 (0x014de133) x 2 0x168fd5c0
core   0: 0x80004728 (0x01ed5f93) srli    t6, s10, 30
core   0: 3 0x80004728 (0x01ed5f93) x31 0x00000000
core   0: 0x8000472c (0x03692bb3) mulhsu  s7, s2, s6
core   0: 3 0x8000472c (0x03692bb3) x23 0x00000000
core   0: 0x80004730 (0x01eb1093) slli    ra, s6, 30
core   0: 3 0x80004730 (0x01eb1093) x 1 0x00000000
core   0: 0x80004734 (0x03088a33) mul     s4, a7, a6
core   0: 3 0x80004734 (0x03088a33) x20 0x00000000
core   0: 0x80004738 (0xb0046b93) ori     s7, s0, -1280
core   0: 3 0x80004738 (0xb0046b93) x23 0xffffffc0
core   0: 0x8000473c (0xad8ecf13) xori    t5, t4, -1320
core   0: 3 0x8000473c (0xad8ecf13) x30 0x968fd098
core   0: 0x80004740 (0x02316633) rem     a2, sp, gp
core   0: 3 0x80004740 (0x02316633) x12 0x000000c0
core   0: 0x80004744 (0xb21ec917) auipc   s2, 0xb21ec
core   0: 3 0x80004744 (0xb21ec917) x18 0x321f0744
core   0: 0x80004748 (0x03a70db3) mul     s11, a4, s10
core   0: 3 0x80004748 (0x03a70db3) x27 0x00000000
core   0: 0x8000474c (0x0105ac33) slt     s8, a1, a6
core   0: 3 0x8000474c (0x0105ac33) x24 0x00000000
core   0: 0x80004750 (0xac274297) auipc   t0, 0xac274
core   0: 3 0x80004750 (0xac274297) x 5 0x2c278750
core   0: 0x80004754 (0x0126b1b3) sltu    gp, a3, s2
core   0: 3 0x80004754 (0x0126b1b3) x 3 0x00000001
core   0: 0x80004758 (0x022e4eb3) div     t4, t3, sp
core   0: 3 0x80004758 (0x022e4eb3) x29 0xfffffffb
core   0: 0x8000475c (0x031fef33) rem     t5, t6, a7
core   0: 3 0x8000475c (0x031fef33) x30 0x00000000
core   0: 0x80004760 (0x00192133) slt     sp, s2, ra
core   0: 3 0x80004760 (0x00192133) x 2 0x00000000
core   0: 0x80004764 (0x1f6cf213) andi    tp, s9, 502
core   0: 3 0x80004764 (0x1f6cf213) x 4 0x000000e4
core   0: 0x80004768 (0x00000013) nop
core   0: 3 0x80004768 (0x00000013)
core   0: 0x8000476c (0x19112417) auipc   s0, 0x19112
core   0: 3 0x8000476c (0x19112417) x 8 0x9911676c
core   0: 0x80004770 (0x01d4a7b3) slt     a5, s1, t4
core   0: 3 0x80004770 (0x01d4a7b3) x15 0x00000000
core   0: 0x80004774 (0x01b029b3) slt     s3, zero, s11
core   0: 3 0x80004774 (0x01b029b3) x19 0x00000000
core   0: 0x80004778 (0x018a6933) or      s2, s4, s8
core   0: 3 0x80004778 (0x018a6933) x18 0x00000000
core   0: 0x8000477c (0x77faba93) sltiu   s5, s5, 1919
core   0: 3 0x8000477c (0x77faba93) x21 0x00000000
core   0: 0x80004780 (0x01144eb3) xor     t4, s0, a7
core   0: 3 0x80004780 (0x01144eb3) x29 0x9911676c
core   0: 0x80004784 (0x31f57c13) andi    s8, a0, 799
core   0: 3 0x80004784 (0x31f57c13) x24 0x00000000
core   0: 0x80004788 (0x417dd193) srai    gp, s11, 23
core   0: 3 0x80004788 (0x417dd193) x 3 0x00000000
core   0: 0x8000478c (0x02f97233) remu    tp, s2, a5
core   0: 3 0x8000478c (0x02f97233) x 4 0x00000000
core   0: 0x80004790 (0x00031a13) slli    s4, t1, 0
core   0: 3 0x80004790 (0x00031a13) x20 0x00000000
core   0: 0x80004794 (0x000268b3) or      a7, tp, zero
core   0: 3 0x80004794 (0x000268b3) x17 0x00000000
core   0: 0x80004798 (0x7d2d0a93) addi    s5, s10, 2002
core   0: 3 0x80004798 (0x7d2d0a93) x21 0x000007d2
core   0: 0x8000479c (0x0178dab3) srl     s5, a7, s7
core   0: 3 0x8000479c (0x0178dab3) x21 0x00000000
core   0: 0x800047a0 (0x017cd933) srl     s2, s9, s7
core   0: 3 0x800047a0 (0x017cd933) x18 0x80018ce4
core   0: 0x800047a4 (0x1035ab13) slti    s6, a1, 259
core   0: 3 0x800047a4 (0x1035ab13) x22 0x00000000
core   0: 0x800047a8 (0xaad53313) sltiu   t1, a0, -1363
core   0: 3 0x800047a8 (0xaad53313) x 6 0x00000001
core   0: 0x800047ac (0x03eddf33) divu    t5, s11, t5
core   0: 3 0x800047ac (0x03eddf33) x30 0xffffffff
core   0: 0x800047b0 (0x021f39b3) mulhu   s3, t5, ra
core   0: 3 0x800047b0 (0x021f39b3) x19 0x00000000
core   0: 0x800047b4 (0x0221eb33) rem     s6, gp, sp
core   0: 3 0x800047b4 (0x0221eb33) x22 0x00000000
core   0: 0x800047b8 (0x1b7fef13) ori     t5, t6, 439
core   0: 3 0x800047b8 (0x1b7fef13) x30 0x000001b7
core   0: 0x800047bc (0x028e1833) mulh    a6, t3, s0
core   0: 3 0x800047bc (0x028e1833) x16 0x33774c4a
core   0: 0x800047c0 (0xa793ed93) ori     s11, t2, -1415
core   0: 3 0x800047c0 (0xa793ed93) x27 0xfffffa79
core   0: 0x800047c4 (0x020735b3) mulhu   a1, a4, zero
core   0: 3 0x800047c4 (0x020735b3) x11 0x00000000
core   0: 0x800047c8 (0x036990b3) mulh    ra, s3, s6
core   0: 3 0x800047c8 (0x036990b3) x 1 0x00000000
core   0: 0x800047cc (0x00000013) nop
core   0: 3 0x800047cc (0x00000013)
core   0: 0x800047d0 (0xc1428c13) addi    s8, t0, -1004
core   0: 3 0x800047d0 (0xc1428c13) x24 0x2c278364
core   0: 0x800047d4 (0x41268ab3) sub     s5, a3, s2
core   0: 3 0x800047d4 (0x41268ab3) x21 0x7ffe731c
core   0: 0x800047d8 (0x0abd4613) xori    a2, s10, 171
core   0: 3 0x800047d8 (0x0abd4613) x12 0x000000ab
core   0: 0x800047dc (0x40db5533) sra     a0, s6, a3
core   0: 3 0x800047dc (0x40db5533) x10 0x00000000
core   0: 0x800047e0 (0x02ce5933) divu    s2, t3, a2
core   0: 3 0x800047e0 (0x02ce5933) x18 0x00bfa02f
core   0: 0x800047e4 (0x03b5b7b3) mulhu   a5, a1, s11
core   0: 3 0x800047e4 (0x03b5b7b3) x15 0x00000000
core   0: 0x800047e8 (0x034cdfb3) divu    t6, s9, s4
core   0: 3 0x800047e8 (0x034cdfb3) x31 0xffffffff
core   0: 0x800047ec (0x00000013) nop
core   0: 3 0x800047ec (0x00000013)
core   0: 0x800047f0 (0x018bb0b3) sltu    ra, s7, s8
core   0: 3 0x800047f0 (0x018bb0b3) x 1 0x00000000
core   0: 0x800047f4 (0x027a0433) mul     s0, s4, t2
core   0: 3 0x800047f4 (0x027a0433) x 8 0x00000000
core   0: 0x800047f8 (0x00a3d413) srli    s0, t2, 10
core   0: 3 0x800047f8 (0x00a3d413) x 8 0x00000000
core   0: 0x800047fc (0x01a29eb3) sll     t4, t0, s10
core   0: 3 0x800047fc (0x01a29eb3) x29 0x2c278750
core   0: 0x80004800 (0x028167b3) rem     a5, sp, s0
core   0: 3 0x80004800 (0x028167b3) x15 0x00000000
core   0: 0x80004804 (0x038f63b3) rem     t2, t5, s8
core   0: 3 0x80004804 (0x038f63b3) x 7 0x000001b7
core   0: 0x80004808 (0xa2c3ad93) slti    s11, t2, -1492
core   0: 3 0x80004808 (0xa2c3ad93) x27 0x00000000
core   0: 0x8000480c (0x02130bb3) mul     s7, t1, ra
core   0: 3 0x8000480c (0x02130bb3) x23 0x00000000
core   0: 0x80004810 (0x013dd113) srli    sp, s11, 19
core   0: 3 0x80004810 (0x013dd113) x 2 0x00000000
core   0: 0x80004814 (0x032b65b3) rem     a1, s6, s2
core   0: 3 0x80004814 (0x032b65b3) x11 0x00000000
core   0: 0x80004818 (0x408dd893) srai    a7, s11, 8
core   0: 3 0x80004818 (0x408dd893) x17 0x00000000
core   0: 0x8000481c (0x00f9c133) xor     sp, s3, a5
core   0: 3 0x8000481c (0x00f9c133) x 2 0x00000000
core   0: 0x80004820 (0x12bbaf93) slti    t6, s7, 299
core   0: 3 0x80004820 (0x12bbaf93) x31 0x00000001
core   0: 0x80004824 (0x0163a0b3) slt     ra, t2, s6
core   0: 3 0x80004824 (0x0163a0b3) x 1 0x00000000
core   0: 0x80004828 (0x401ddc13) srai    s8, s11, 1
core   0: 3 0x80004828 (0x401ddc13) x24 0x00000000
core   0: 0x8000482c (0x82dd2d93) slti    s11, s10, -2003
core   0: 3 0x8000482c (0x82dd2d93) x27 0x00000000
core   0: 0x80004830 (0x00f8b933) sltu    s2, a7, a5
core   0: 3 0x80004830 (0x00f8b933) x18 0x00000000
core   0: 0x80004834 (0x021ab1b3) mulhu   gp, s5, ra
core   0: 3 0x80004834 (0x021ab1b3) x 3 0x00000000
core   0: 0x80004838 (0x038f0633) mul     a2, t5, s8
core   0: 3 0x80004838 (0x038f0633) x12 0x00000000
core   0: 0x8000483c (0x03ece9b3) rem     s3, s9, t5
core   0: 3 0x8000483c (0x03ece9b3) x19 0xfffffe8a
core   0: 0x80004840 (0x4138d013) srai    zero, a7, 19
core   0: 3 0x80004840 (0x4138d013)
core   0: 0x80004844 (0x013103b3) add     t2, sp, s3
core   0: 3 0x80004844 (0x013103b3) x 7 0xfffffe8a
core   0: 0x80004848 (0x8f9e7013) andi    zero, t3, -1799
core   0: 3 0x80004848 (0x8f9e7013)
core   0: 0x8000484c (0x00e3db33) srl     s6, t2, a4
core   0: 3 0x8000484c (0x00e3db33) x22 0x0fffffe8
core   0: 0x80004850 (0xe9da6893) ori     a7, s4, -355
core   0: 3 0x80004850 (0xe9da6893) x17 0xfffffe9d
core   0: 0x80004854 (0x03061133) mulh    sp, a2, a6
core   0: 3 0x80004854 (0x03061133) x 2 0x00000000
core   0: 0x80004858 (0x02204db3) div     s11, zero, sp
core   0: 3 0x80004858 (0x02204db3) x27 0xffffffff
core   0: 0x8000485c (0xe4ac1997) auipc   s3, 0xe4ac1
core   0: 3 0x8000485c (0xe4ac1997) x19 0x64ac585c
core   0: 0x80004860 (0x03725db3) divu    s11, tp, s7
core   0: 3 0x80004860 (0x03725db3) x27 0xffffffff
core   0: 0x80004864 (0x037c7eb3) remu    t4, s8, s7
core   0: 3 0x80004864 (0x037c7eb3) x29 0x00000000
core   0: 0x80004868 (0x41f60bb3) sub     s7, a2, t6
core   0: 3 0x80004868 (0x41f60bb3) x23 0xffffffff
core   0: 0x8000486c (0x00000013) nop
core   0: 3 0x8000486c (0x00000013)
core   0: 0x80004870 (0x00000013) nop
core   0: 3 0x80004870 (0x00000013)
core   0: 0x80004874 (0x0354c4b3) div     s1, s1, s5
core   0: 3 0x80004874 (0x0354c4b3) x 9 0x00000000
core   0: 0x80004878 (0x40375c13) srai    s8, a4, 3
core   0: 3 0x80004878 (0x40375c13) x24 0xf00029cc
core   0: 0x8000487c (0x415480b3) sub     ra, s1, s5
core   0: 3 0x8000487c (0x415480b3) x 1 0x80018ce4
core   0: 0x80004880 (0x4163db33) sra     s6, t2, s6
core   0: 3 0x80004880 (0x4163db33) x22 0xfffffffe
core   0: 0x80004884 (0x40ec5eb3) sra     t4, s8, a4
core   0: 3 0x80004884 (0x40ec5eb3) x29 0xff00029c
core   0: 0x80004888 (0x006b1293) slli    t0, s6, 6
core   0: 3 0x80004888 (0x006b1293) x 5 0xffffff80
core   0: 0x8000488c (0x00fbbdb3) sltu    s11, s7, a5
core   0: 3 0x8000488c (0x00fbbdb3) x27 0x00000000
core   0: 0x80004890 (0x01819113) slli    sp, gp, 24
core   0: 3 0x80004890 (0x01819113) x 2 0x00000000
core   0: 0x80004894 (0x00fd66b3) or      a3, s10, a5
core   0: 3 0x80004894 (0x00fd66b3) x13 0x00000000
core   0: 0x80004898 (0x03c04c33) div     s8, zero, t3
core   0: 3 0x80004898 (0x03c04c33) x24 0x00000000
core   0: 0x8000489c (0x015fb3b3) sltu    t2, t6, s5
core   0: 3 0x8000489c (0x015fb3b3) x 7 0x00000001
core   0: 0x800048a0 (0x417d06b3) sub     a3, s10, s7
core   0: 3 0x800048a0 (0x417d06b3) x13 0x00000001
core   0: 0x800048a4 (0x36fb4f93) xori    t6, s6, 879
core   0: 3 0x800048a4 (0x36fb4f93) x31 0xfffffc91
core   0: 0x800048a8 (0xbe51dc37) lui     s8, 0xbe51d
core   0: 3 0x800048a8 (0xbe51dc37) x24 0xbe51d000
core   0: 0x800048ac (0x40025bb3) sra     s7, tp, zero
core   0: 3 0x800048ac (0x40025bb3) x23 0x00000000
core   0: 0x800048b0 (0x020b49b3) div     s3, s6, zero
core   0: 3 0x800048b0 (0x020b49b3) x19 0xffffffff
core   0: 0x800048b4 (0x0010f2b3) and     t0, ra, ra
core   0: 3 0x800048b4 (0x0010f2b3) x 5 0x80018ce4
core   0: 0x800048b8 (0xd7d08413) addi    s0, ra, -643
core   0: 3 0x800048b8 (0xd7d08413) x 8 0x80018a61
core   0: 0x800048bc (0x0347afb7) lui     t6, 0x347a
core   0: 3 0x800048bc (0x0347afb7) x31 0x0347a000
core   0: 0x800048c0 (0x024f4f33) div     t5, t5, tp
core   0: 3 0x800048c0 (0x024f4f33) x30 0xffffffff
core   0: 0x800048c4 (0x03e041b3) div     gp, zero, t5
core   0: 3 0x800048c4 (0x03e041b3) x 3 0x00000000
core   0: 0x800048c8 (0x003cc9b3) xor     s3, s9, gp
core   0: 3 0x800048c8 (0x003cc9b3) x19 0x80018ce4
core   0: 0x800048cc (0xf402f317) auipc   t1, 0xf402f
core   0: 3 0x800048cc (0xf402f317) x 6 0x740338cc
core   0: 0x800048d0 (0x011a9d33) sll     s10, s5, a7
core   0: 3 0x800048d0 (0x011a9d33) x26 0x80000000
core   0: 0x800048d4 (0x008ab133) sltu    sp, s5, s0
core   0: 3 0x800048d4 (0x008ab133) x 2 0x00000001
core   0: 0x800048d8 (0x027e07b3) mul     a5, t3, t2
core   0: 3 0x800048d8 (0x027e07b3) x15 0x80000000
core   0: 0x800048dc (0x006e0a33) add     s4, t3, t1
core   0: 3 0x800048dc (0x006e0a33) x20 0xf40338cc
core   0: 0x800048e0 (0x01dde2b3) or      t0, s11, t4
core   0: 3 0x800048e0 (0x01dde2b3) x 5 0xff00029c
core   0: 0x800048e4 (0xf0c13193) sltiu   gp, sp, -244
core   0: 3 0x800048e4 (0xf0c13193) x 3 0x00000001
core   0: 0x800048e8 (0x004a26b3) slt     a3, s4, tp
core   0: 3 0x800048e8 (0x004a26b3) x13 0x00000001
core   0: 0x800048ec (0x7cdde4b7) lui     s1, 0x7cdde
core   0: 3 0x800048ec (0x7cdde4b7) x 9 0x7cdde000
core   0: 0x800048f0 (0x5e370293) addi    t0, a4, 1507
core   0: 3 0x800048f0 (0x5e370293) x 5 0x80015447
core   0: 0x800048f4 (0x00e56833) or      a6, a0, a4
core   0: 3 0x800048f4 (0x00e56833) x16 0x80014e64
core   0: 0x800048f8 (0x40b0df13) srai    t5, ra, 11
core   0: 3 0x800048f8 (0x40b0df13) x30 0xfff00031
core   0: 0x800048fc (0x40038033) sub     zero, t2, zero
core   0: 3 0x800048fc (0x40038033)
core   0: 0x80004900 (0x03f18d33) mul     s10, gp, t6
core   0: 3 0x80004900 (0x03f18d33) x26 0x0347a000
core   0: 0x80004904 (0xdf1a4e93) xori    t4, s4, -527
core   0: 3 0x80004904 (0xdf1a4e93) x29 0x0bfcc53d
core   0: 0x80004908 (0x0088eab3) or      s5, a7, s0
core   0: 3 0x80004908 (0x0088eab3) x21 0xfffffefd
core   0: 0x8000490c (0x01e0e433) or      s0, ra, t5
core   0: 3 0x8000490c (0x01e0e433) x 8 0xfff18cf5
core   0: 0x80004910 (0x55e46113) ori     sp, s0, 1374
core   0: 3 0x80004910 (0x55e46113) x 2 0xfff18dff
core   0: 0x80004914 (0x01f2d493) srli    s1, t0, 31
core   0: 3 0x80004914 (0x01f2d493) x 9 0x00000001
core   0: 0x80004918 (0x01f822b3) slt     t0, a6, t6
core   0: 3 0x80004918 (0x01f822b3) x 5 0x00000001
core   0: 0x8000491c (0xf338af17) auipc   t5, 0xf338a
core   0: 3 0x8000491c (0xf338af17) x30 0x7338e91c
core   0: 0x80004920 (0x00c7ed33) or      s10, a5, a2
core   0: 3 0x80004920 (0x00c7ed33) x26 0x80000000
core   0: 0x80004924 (0x02008db3) mul     s11, ra, zero
core   0: 3 0x80004924 (0x02008db3) x27 0x00000000
core   0: 0x80004928 (0x012a49b3) xor     s3, s4, s2
core   0: 3 0x80004928 (0x012a49b3) x19 0xf40338cc
core   0: 0x8000492c (0x00ea1e93) slli    t4, s4, 14
core   0: 3 0x8000492c (0x00ea1e93) x29 0xce330000
core   0: 0x80004930 (0x72572693) slti    a3, a4, 1829
core   0: 3 0x80004930 (0x72572693) x13 0x00000001
core   0: 0x80004934 (0x41da5fb3) sra     t6, s4, t4
core   0: 3 0x80004934 (0x41da5fb3) x31 0xf40338cc
core   0: 0x80004938 (0x4cf66f93) ori     t6, a2, 1231
core   0: 3 0x80004938 (0x4cf66f93) x31 0x000004cf
core   0: 0x8000493c (0x01b6d833) srl     a6, a3, s11
core   0: 3 0x8000493c (0x01b6d833) x16 0x00000001
core   0: 0x80004940 (0xdf564f13) xori    t5, a2, -523
core   0: 3 0x80004940 (0xdf564f13) x30 0xfffffdf5
core   0: 0x80004944 (0xa73eddb7) lui     s11, 0xa73ed
core   0: 3 0x80004944 (0xa73eddb7) x27 0xa73ed000
core   0: 0x80004948 (0x0e369b17) auipc   s6, 0xe369
core   0: 3 0x80004948 (0x0e369b17) x22 0x8e36d948
core   0: 0x8000494c (0x00a59793) slli    a5, a1, 10
core   0: 3 0x8000494c (0x00a59793) x15 0x00000000
core   0: 0x80004950 (0x01e39893) slli    a7, t2, 30
core   0: 3 0x80004950 (0x01e39893) x17 0x40000000
core   0: 0x80004954 (0x01bdd593) srli    a1, s11, 27
core   0: 3 0x80004954 (0x01bdd593) x11 0x00000014
core   0: 0x80004958 (0x00d31893) slli    a7, t1, 13
core   0: 3 0x80004958 (0x00d31893) x17 0x67198000
core   0: 0x8000495c (0x00000013) nop
core   0: 3 0x8000495c (0x00000013)
core   0: 0x80004960 (0xe01c0d93) addi    s11, s8, -511
core   0: 3 0x80004960 (0xe01c0d93) x27 0xbe51ce01
core   0: 0x80004964 (0x036afa33) remu    s4, s5, s6
core   0: 3 0x80004964 (0x036afa33) x20 0x71c925b5
core   0: 0x80004968 (0x03152eb3) mulhsu  t4, a0, a7
core   0: 3 0x80004968 (0x03152eb3) x29 0x00000000
core   0: 0x8000496c (0x0240ba33) mulhu   s4, ra, tp
core   0: 3 0x8000496c (0x0240ba33) x20 0x00000000
core   0: 0x80004970 (0x7e3aa837) lui     a6, 0x7e3aa
core   0: 3 0x80004970 (0x7e3aa837) x16 0x7e3aa000
core   0: 0x80004974 (0x00000013) nop
core   0: 3 0x80004974 (0x00000013)
core   0: 0x80004978 (0x603a0493) addi    s1, s4, 1539
core   0: 3 0x80004978 (0x603a0493) x 9 0x00000603
core   0: 0x8000497c (0x0151e933) or      s2, gp, s5
core   0: 3 0x8000497c (0x0151e933) x18 0xfffffefd
core   0: 0x80004980 (0xb858bc13) sltiu   s8, a7, -1147
core   0: 3 0x80004980 (0xb858bc13) x24 0x00000001
core   0: 0x80004984 (0x00000013) nop
core   0: 3 0x80004984 (0x00000013)
core   0: 0x80004988 (0x8b233813) sltiu   a6, t1, -1870
core   0: 3 0x80004988 (0x8b233813) x16 0x00000001
core   0: 0x8000498c (0x038e38b3) mulhu   a7, t3, s8
core   0: 3 0x8000498c (0x038e38b3) x17 0x00000000
core   0: 0x80004990 (0x00fc71b3) and     gp, s8, a5
core   0: 3 0x80004990 (0x00fc71b3) x 3 0x00000000
core   0: 0x80004994 (0x41508eb3) sub     t4, ra, s5
core   0: 3 0x80004994 (0x41508eb3) x29 0x80018de7
core   0: 0x80004998 (0x01ea5c13) srli    s8, s4, 30
core   0: 3 0x80004998 (0x01ea5c13) x24 0x00000000
core   0: 0x8000499c (0x03576333) rem     t1, a4, s5
core   0: 3 0x8000499c (0x03576333) x 6 0xffffffdc
core   0: 0x800049a0 (0x0263bb33) mulhu   s6, t2, t1
core   0: 3 0x800049a0 (0x0263bb33) x22 0x00000000
core   0: 0x800049a4 (0x01eaa833) slt     a6, s5, t5
core   0: 3 0x800049a4 (0x01eaa833) x16 0x00000000
core   0: 0x800049a8 (0x01989993) slli    s3, a7, 25
core   0: 3 0x800049a8 (0x01989993) x19 0x00000000
core   0: 0x800049ac (0x25a4e893) ori     a7, s1, 602
core   0: 3 0x800049ac (0x25a4e893) x17 0x0000065b
core   0: 0x800049b0 (0x01ca3013) sltiu   zero, s4, 28
core   0: 3 0x800049b0 (0x01ca3013)
core   0: 0x800049b4 (0xf6cbab13) slti    s6, s7, -148
core   0: 3 0x800049b4 (0xf6cbab13) x22 0x00000000
core   0: 0x800049b8 (0x5874f037) lui     zero, 0x5874f
core   0: 3 0x800049b8 (0x5874f037)
core   0: 0x800049bc (0x00000013) nop
core   0: 3 0x800049bc (0x00000013)
core   0: 0x800049c0 (0x02b8d7b3) divu    a5, a7, a1
core   0: 3 0x800049c0 (0x02b8d7b3) x15 0x00000051
core   0: 0x800049c4 (0x00000013) nop
core   0: 3 0x800049c4 (0x00000013)
core   0: 0x800049c8 (0x412b5033) sra     zero, s6, s2
core   0: 3 0x800049c8 (0x412b5033)
core   0: 0x800049cc (0x0197b6b3) sltu    a3, a5, s9
core   0: 3 0x800049cc (0x0197b6b3) x13 0x00000001
core   0: 0x800049d0 (0x00694433) xor     s0, s2, t1
core   0: 3 0x800049d0 (0x00694433) x 8 0x00000121
core   0: 0x800049d4 (0x00659993) slli    s3, a1, 6
core   0: 3 0x800049d4 (0x00659993) x19 0x00000500
core   0: 0x800049d8 (0x13d7cf13) xori    t5, a5, 317
core   0: 3 0x800049d8 (0x13d7cf13) x30 0x0000016c
core   0: 0x800049dc (0x00f43133) sltu    sp, s0, a5
core   0: 3 0x800049dc (0x00f43133) x 2 0x00000000
core   0: 0x800049e0 (0x00545c33) srl     s8, s0, t0
core   0: 3 0x800049e0 (0x00545c33) x24 0x00000090
core   0: 0x800049e4 (0xaef8e693) ori     a3, a7, -1297
core   0: 3 0x800049e4 (0xaef8e693) x13 0xfffffeff
core   0: 0x800049e8 (0xf7663d93) sltiu   s11, a2, -138
core   0: 3 0x800049e8 (0xf7663d93) x27 0x00000001
core   0: 0x800049ec (0xa3594d13) xori    s10, s2, -1483
core   0: 3 0x800049ec (0xa3594d13) x26 0x000004c8
core   0: 0x800049f0 (0x400556b3) sra     a3, a0, zero
core   0: 3 0x800049f0 (0x400556b3) x13 0x00000000
core   0: 0x800049f4 (0x41e98fb3) sub     t6, s3, t5
core   0: 3 0x800049f4 (0x41e98fb3) x31 0x00000394
core   0: 0x800049f8 (0x006bafb3) slt     t6, s7, t1
core   0: 3 0x800049f8 (0x006bafb3) x31 0x00000000
core   0: 0x800049fc (0x036c1fb3) mulh    t6, s8, s6
core   0: 3 0x800049fc (0x036c1fb3) x31 0x00000000
core   0: 0x80004a00 (0x01f6beb3) sltu    t4, a3, t6
core   0: 3 0x80004a00 (0x01f6beb3) x29 0x00000000
core   0: 0x80004a04 (0x0255ff33) remu    t5, a1, t0
core   0: 3 0x80004a04 (0x0255ff33) x30 0x00000000
core   0: 0x80004a08 (0xb3a251b7) lui     gp, 0xb3a25
core   0: 3 0x80004a08 (0xb3a251b7) x 3 0xb3a25000
core   0: 0x80004a0c (0x00c61913) slli    s2, a2, 12
core   0: 3 0x80004a0c (0x00c61913) x18 0x00000000
core   0: 0x80004a10 (0x40cad813) srai    a6, s5, 12
core   0: 3 0x80004a10 (0x40cad813) x16 0xffffffff
core   0: 0x80004a14 (0x41ced913) srai    s2, t4, 28
core   0: 3 0x80004a14 (0x41ced913) x18 0x00000000
core   0: 0x80004a18 (0x354e8817) auipc   a6, 0x354e8
core   0: 3 0x80004a18 (0x354e8817) x16 0xb54eca18
core   0: 0x80004a1c (0x03cc5933) divu    s2, s8, t3
core   0: 3 0x80004a1c (0x03cc5933) x18 0x00000000
core   0: 0x80004a20 (0x41e0d313) srai    t1, ra, 30
core   0: 3 0x80004a20 (0x41e0d313) x 6 0xfffffffe
core   0: 0x80004a24 (0x00666833) or      a6, a2, t1
core   0: 3 0x80004a24 (0x00666833) x16 0xfffffffe
core   0: 0x80004a28 (0x01ed5593) srli    a1, s10, 30
core   0: 3 0x80004a28 (0x01ed5593) x11 0x00000000
core   0: 0x80004a2c (0x4d3c8417) auipc   s0, 0x4d3c8
core   0: 3 0x80004a2c (0x4d3c8417) x 8 0xcd3cca2c
core   0: 0x80004a30 (0x40315c13) srai    s8, sp, 3
core   0: 3 0x80004a30 (0x40315c13) x24 0x00000000
core   0: 0x80004a34 (0x8a302b37) lui     s6, 0x8a302
core   0: 3 0x80004a34 (0x8a302b37) x22 0x8a302000
core   0: 0x80004a38 (0x00000013) nop
core   0: 3 0x80004a38 (0x00000013)
core   0: 0x80004a3c (0xc24bbf13) sltiu   t5, s7, -988
core   0: 3 0x80004a3c (0xc24bbf13) x30 0x00000001
core   0: 0x80004a40 (0x859dab37) lui     s6, 0x859da
core   0: 3 0x80004a40 (0x859dab37) x22 0x859da000
core   0: 0x80004a44 (0x20dbf197) auipc   gp, 0x20dbf
core   0: 3 0x80004a44 (0x20dbf197) x 3 0xa0dc3a44
core   0: 0x80004a48 (0x6c03a513) slti    a0, t2, 1728
core   0: 3 0x80004a48 (0x6c03a513) x10 0x00000001
core   0: 0x80004a4c (0xb84ab493) sltiu   s1, s5, -1148
core   0: 3 0x80004a4c (0xb84ab493) x 9 0x00000000
core   0: 0x80004a50 (0x010ee2b3) or      t0, t4, a6
core   0: 3 0x80004a50 (0x010ee2b3) x 5 0xfffffffe
core   0: 0x80004a54 (0x018acfb3) xor     t6, s5, s8
core   0: 3 0x80004a54 (0x018acfb3) x31 0xfffffefd
core   0: 0x80004a58 (0x01ad0833) add     a6, s10, s10
core   0: 3 0x80004a58 (0x01ad0833) x16 0x00000990
core   0: 0x80004a5c (0x01f15bb3) srl     s7, sp, t6
core   0: 3 0x80004a5c (0x01f15bb3) x23 0x00000000
core   0: 0x80004a60 (0x60427093) andi    ra, tp, 1540
core   0: 3 0x80004a60 (0x60427093) x 1 0x00000000
core   0: 0x80004a64 (0xa1837f93) andi    t6, t1, -1512
core   0: 3 0x80004a64 (0xa1837f93) x31 0xfffffa18
core   0: 0x80004a68 (0x0034af33) slt     t5, s1, gp
core   0: 3 0x80004a68 (0x0034af33) x30 0x00000000
core   0: 0x80004a6c (0x017a70b3) and     ra, s4, s7
core   0: 3 0x80004a6c (0x017a70b3) x 1 0x00000000
core   0: 0x80004a70 (0x039bb133) mulhu   sp, s7, s9
core   0: 3 0x80004a70 (0x039bb133) x 2 0x00000000
core   0: 0x80004a74 (0x85b3ed13) ori     s10, t2, -1957
core   0: 3 0x80004a74 (0x85b3ed13) x26 0xfffff85b
core   0: 0x80004a78 (0x02c69db3) mulh    s11, a3, a2
core   0: 3 0x80004a78 (0x02c69db3) x27 0x00000000
core   0: 0x80004a7c (0xc3febc13) sltiu   s8, t4, -961
core   0: 3 0x80004a7c (0xc3febc13) x24 0x00000001
core   0: 0x80004a80 (0x039cb5b3) mulhu   a1, s9, s9
core   0: 3 0x80004a80 (0x039cb5b3) x11 0x40018ce6
core   0: 0x80004a84 (0x00815e93) srli    t4, sp, 8
core   0: 3 0x80004a84 (0x00815e93) x29 0x00000000
core   0: 0x80004a88 (0x011b2633) slt     a2, s6, a7
core   0: 3 0x80004a88 (0x011b2633) x12 0x00000001
core   0: 0x80004a8c (0x03159333) mulh    t1, a1, a7
core   0: 3 0x80004a8c (0x03159333) x 6 0x00000196
core   0: 0x80004a90 (0x794eb313) sltiu   t1, t4, 1940
core   0: 3 0x80004a90 (0x794eb313) x 6 0x00000001
core   0: 0x80004a94 (0x002a2233) slt     tp, s4, sp
core   0: 3 0x80004a94 (0x002a2233) x 4 0x00000000
core   0: 0x80004a98 (0x033b88b3) mul     a7, s7, s3
core   0: 3 0x80004a98 (0x033b88b3) x17 0x00000000
core   0: 0x80004a9c (0x013591b3) sll     gp, a1, s3
core   0: 3 0x80004a9c (0x013591b3) x 3 0x40018ce6
core   0: 0x80004aa0 (0x01ca93b3) sll     t2, s5, t3
core   0: 3 0x80004aa0 (0x01ca93b3) x 7 0xfffffefd
core   0: 0x80004aa4 (0x41f55b93) srai    s7, a0, 31
core   0: 3 0x80004aa4 (0x41f55b93) x23 0x00000000
core   0: 0x80004aa8 (0x03847333) remu    t1, s0, s8
core   0: 3 0x80004aa8 (0x03847333) x 6 0x00000000
core   0: 0x80004aac (0x409807b3) sub     a5, a6, s1
core   0: 3 0x80004aac (0x409807b3) x15 0x00000990
core   0: 0x80004ab0 (0x08946497) auipc   s1, 0x8946
core   0: 3 0x80004ab0 (0x08946497) x 9 0x8894aab0
core   0: 0x80004ab4 (0x401e89b3) sub     s3, t4, ra
core   0: 3 0x80004ab4 (0x401e89b3) x19 0x00000000
core   0: 0x80004ab8 (0x00fbc1b3) xor     gp, s7, a5
core   0: 3 0x80004ab8 (0x00fbc1b3) x 3 0x00000990
core   0: 0x80004abc (0x02b75f33) divu    t5, a4, a1
core   0: 3 0x80004abc (0x02b75f33) x30 0x00000001
core   0: 0x80004ac0 (0x40e85813) srai    a6, a6, 14
core   0: 3 0x80004ac0 (0x40e85813) x16 0x00000000
core   0: 0x80004ac4 (0x0064db33) srl     s6, s1, t1
core   0: 3 0x80004ac4 (0x0064db33) x22 0x8894aab0
core   0: 0x80004ac8 (0x018f3033) sltu    zero, t5, s8
core   0: 3 0x80004ac8 (0x018f3033)
core   0: 0x80004acc (0xb025f413) andi    s0, a1, -1278
core   0: 3 0x80004acc (0xb025f413) x 8 0x40018802
core   0: 0x80004ad0 (0x401a0bb3) sub     s7, s4, ra
core   0: 3 0x80004ad0 (0x401a0bb3) x23 0x00000000
core   0: 0x80004ad4 (0x024a0db3) mul     s11, s4, tp
core   0: 3 0x80004ad4 (0x024a0db3) x27 0x00000000
core   0: 0x80004ad8 (0x407e8633) sub     a2, t4, t2
core   0: 3 0x80004ad8 (0x407e8633) x12 0x00000103
core   0: 0x80004adc (0x5af00e93) li      t4, 1455
core   0: 3 0x80004adc (0x5af00e93) x29 0x000005af
core   0: 0x80004ae0 (0x024f7a33) remu    s4, t5, tp
core   0: 3 0x80004ae0 (0x024f7a33) x20 0x00000001
core   0: 0x80004ae4 (0x01aeefb3) or      t6, t4, s10
core   0: 3 0x80004ae4 (0x01aeefb3) x31 0xfffffdff
core   0: 0x80004ae8 (0x00585193) srli    gp, a6, 5
core   0: 3 0x80004ae8 (0x00585193) x 3 0x00000000
core   0: 0x80004aec (0xc4932193) slti    gp, t1, -951
core   0: 3 0x80004aec (0xc4932193) x 3 0x00000000
core   0: 0x80004af0 (0x01ebd613) srli    a2, s7, 30
core   0: 3 0x80004af0 (0x01ebd613) x12 0x00000000
core   0: 0x80004af4 (0x75699eb7) lui     t4, 0x75699
core   0: 3 0x80004af4 (0x75699eb7) x29 0x75699000
core   0: 0x80004af8 (0x00761333) sll     t1, a2, t2
core   0: 3 0x80004af8 (0x00761333) x 6 0x00000000
core   0: 0x80004afc (0x7c15ad13) slti    s10, a1, 1985
core   0: 3 0x80004afc (0x7c15ad13) x26 0x00000000
core   0: 0x80004b00 (0x2a3295b7) lui     a1, 0x2a329
core   0: 3 0x80004b00 (0x2a3295b7) x11 0x2a329000
core   0: 0x80004b04 (0x01fa5eb3) srl     t4, s4, t6
core   0: 3 0x80004b04 (0x01fa5eb3) x29 0x00000000
core   0: 0x80004b08 (0x02c7f1b3) remu    gp, a5, a2
core   0: 3 0x80004b08 (0x02c7f1b3) x 3 0x00000990
core   0: 0x80004b0c (0x0195df33) srl     t5, a1, s9
core   0: 3 0x80004b0c (0x0195df33) x30 0x02a32900
core   0: 0x80004b10 (0x52733313) sltiu   t1, t1, 1319
core   0: 3 0x80004b10 (0x52733313) x 6 0x00000001
core   0: 0x80004b14 (0x4116d513) srai    a0, a3, 17
core   0: 3 0x80004b14 (0x4116d513) x10 0x00000000
core   0: 0x80004b18 (0x016d3ab3) sltu    s5, s10, s6
core   0: 3 0x80004b18 (0x016d3ab3) x21 0x00000001
core   0: 0x80004b1c (0x4aee6793) ori     a5, t3, 1198
core   0: 3 0x80004b1c (0x4aee6793) x15 0x800004ae
core   0: 0x80004b20 (0x03842bb3) mulhsu  s7, s0, s8
core   0: 3 0x80004b20 (0x03842bb3) x23 0x00000000
core   0: 0x80004b24 (0x036c3f33) mulhu   t5, s8, s6
core   0: 3 0x80004b24 (0x036c3f33) x30 0x00000000
core   0: 0x80004b28 (0x03e5ceb3) div     t4, a1, t5
core   0: 3 0x80004b28 (0x03e5ceb3) x29 0xffffffff
core   0: 0x80004b2c (0x03d15333) divu    t1, sp, t4
core   0: 3 0x80004b2c (0x03d15333) x 6 0x00000000
core   0: 0x80004b30 (0xaec04a13) xori    s4, zero, -1300
core   0: 3 0x80004b30 (0xaec04a13) x20 0xfffffaec
core   0: 0x80004b34 (0xd6e36617) auipc   a2, 0xd6e36
core   0: 3 0x80004b34 (0xd6e36617) x12 0x56e3ab34
core   0: 0x80004b38 (0x01dad693) srli    a3, s5, 29
core   0: 3 0x80004b38 (0x01dad693) x13 0x00000000
core   0: 0x80004b3c (0x40420eb3) sub     t4, tp, tp
core   0: 3 0x80004b3c (0x40420eb3) x29 0x00000000
core   0: 0x80004b40 (0x038d8b33) mul     s6, s11, s8
core   0: 3 0x80004b40 (0x038d8b33) x22 0x00000000
core   0: 0x80004b44 (0x0206b333) mulhu   t1, a3, zero
core   0: 3 0x80004b44 (0x0206b333) x 6 0x00000000
core   0: 0x80004b48 (0x02bc0933) mul     s2, s8, a1
core   0: 3 0x80004b48 (0x02bc0933) x18 0x2a329000
core   0: 0x80004b4c (0x003460b3) or      ra, s0, gp
core   0: 3 0x80004b4c (0x003460b3) x 1 0x40018992
core   0: 0x80004b50 (0x0324c8b3) div     a7, s1, s2
core   0: 3 0x80004b50 (0x0324c8b3) x17 0xfffffffe
core   0: 0x80004b54 (0x02e61933) mulh    s2, a2, a4
core   0: 3 0x80004b54 (0x02e61933) x18 0xd48e9be4
core   0: 0x80004b58 (0x80274e93) xori    t4, a4, -2046
core   0: 3 0x80004b58 (0x80274e93) x29 0x7ffeb666
core   0: 0x80004b5c (0x023b0d33) mul     s10, s6, gp
core   0: 3 0x80004b5c (0x023b0d33) x26 0x00000000
core   0: 0x80004b60 (0x03b1bc33) mulhu   s8, gp, s11
core   0: 3 0x80004b60 (0x03b1bc33) x24 0x00000000
core   0: 0x80004b64 (0x40917793) andi    a5, sp, 1033
core   0: 3 0x80004b64 (0x40917793) x15 0x00000000
core   0: 0x80004b68 (0x025c4933) div     s2, s8, t0
core   0: 3 0x80004b68 (0x025c4933) x18 0x00000000
core   0: 0x80004b6c (0x02598a33) mul     s4, s3, t0
core   0: 3 0x80004b6c (0x02598a33) x20 0x00000000
core   0: 0x80004b70 (0x011cd013) srli    zero, s9, 17
core   0: 3 0x80004b70 (0x011cd013)
core   0: 0x80004b74 (0x02b24eb3) div     t4, tp, a1
core   0: 3 0x80004b74 (0x02b24eb3) x29 0x00000000
core   0: 0x80004b78 (0x00000013) nop
core   0: 3 0x80004b78 (0x00000013)
core   0: 0x80004b7c (0x007abdb3) sltu    s11, s5, t2
core   0: 3 0x80004b7c (0x007abdb3) x27 0x00000001
core   0: 0x80004b80 (0x418282b3) sub     t0, t0, s8
core   0: 3 0x80004b80 (0x418282b3) x 5 0xfffffffe
core   0: 0x80004b84 (0x0764e613) ori     a2, s1, 118
core   0: 3 0x80004b84 (0x0764e613) x12 0x8894aaf6
core   0: 0x80004b88 (0x01949333) sll     t1, s1, s9
core   0: 3 0x80004b88 (0x01949333) x 6 0x894aab00
core   0: 0x80004b8c (0x571cf613) andi    a2, s9, 1393
core   0: 3 0x80004b8c (0x571cf613) x12 0x00000460
core   0: 0x80004b90 (0x00000013) nop
core   0: 3 0x80004b90 (0x00000013)
core   0: 0x80004b94 (0x384f2b13) slti    s6, t5, 900
core   0: 3 0x80004b94 (0x384f2b13) x22 0x00000001
core   0: 0x80004b98 (0x01c62833) slt     a6, a2, t3
core   0: 3 0x80004b98 (0x01c62833) x16 0x00000000
core   0: 0x80004b9c (0x001d8a33) add     s4, s11, ra
core   0: 3 0x80004b9c (0x001d8a33) x20 0x40018993
core   0: 0x80004ba0 (0x7100ca17) auipc   s4, 0x7100c
core   0: 3 0x80004ba0 (0x7100ca17) x20 0xf1010ba0
core   0: 0x80004ba4 (0x00000013) nop
core   0: 3 0x80004ba4 (0x00000013)
core   0: 0x80004ba8 (0x000cdeb3) srl     t4, s9, zero
core   0: 3 0x80004ba8 (0x000cdeb3) x29 0x80018ce4
core   0: 0x80004bac (0x41a4db93) srai    s7, s1, 26
core   0: 3 0x80004bac (0x41a4db93) x23 0xffffffe2
core   0: 0x80004bb0 (0x41205f13) srai    t5, zero, 18
core   0: 3 0x80004bb0 (0x41205f13) x30 0x00000000
core   0: 0x80004bb4 (0x58207393) andi    t2, zero, 1410
core   0: 3 0x80004bb4 (0x58207393) x 7 0x00000000
core   0: 0x80004bb8 (0x00082593) slti    a1, a6, 0
core   0: 3 0x80004bb8 (0x00082593) x11 0x00000000
core   0: 0x80004bbc (0x00d85113) srli    sp, a6, 13
core   0: 3 0x80004bbc (0x00d85113) x 2 0x00000000
core   0: 0x80004bc0 (0x41d05d13) srai    s10, zero, 29
core   0: 3 0x80004bc0 (0x41d05d13) x26 0x00000000
core   0: 0x80004bc4 (0x00037833) and     a6, t1, zero
core   0: 3 0x80004bc4 (0x00037833) x16 0x00000000
core   0: 0x80004bc8 (0x00000013) nop
core   0: 3 0x80004bc8 (0x00000013)
core   0: 0x80004bcc (0x0397a633) mulhsu  a2, a5, s9
core   0: 3 0x80004bcc (0x0397a633) x12 0x00000000
core   0: 0x80004bd0 (0x0311e833) rem     a6, gp, a7
core   0: 3 0x80004bd0 (0x0311e833) x16 0x00000000
core   0: 0x80004bd4 (0x00d26d33) or      s10, tp, a3
core   0: 3 0x80004bd4 (0x00d26d33) x26 0x00000000
core   0: 0x80004bd8 (0xd9603f93) sltiu   t6, zero, -618
core   0: 3 0x80004bd8 (0xd9603f93) x31 0x00000001
core   0: 0x80004bdc (0x01fba8b3) slt     a7, s7, t6
core   0: 3 0x80004bdc (0x01fba8b3) x17 0x00000001
core   0: 0x80004be0 (0x41da5b33) sra     s6, s4, t4
core   0: 3 0x80004be0 (0x41da5b33) x22 0xff1010ba
core   0: 0x80004be4 (0xdebf2b13) slti    s6, t5, -533
core   0: 3 0x80004be4 (0xdebf2b13) x22 0x00000000
core   0: 0x80004be8 (0x02a7c4b3) div     s1, a5, a0
core   0: 3 0x80004be8 (0x02a7c4b3) x 9 0xffffffff
core   0: 0x80004bec (0xd8817513) andi    a0, sp, -632
core   0: 3 0x80004bec (0xd8817513) x10 0x00000000
core   0: 0x80004bf0 (0x012d14b3) sll     s1, s10, s2
core   0: 3 0x80004bf0 (0x012d14b3) x 9 0x00000000
core   0: 0x80004bf4 (0x9f76cb17) auipc   s6, 0x9f76c
core   0: 3 0x80004bf4 (0x9f76cb17) x22 0x1f770bf4
core   0: 0x80004bf8 (0x017bcf93) xori    t6, s7, 23
core   0: 3 0x80004bf8 (0x017bcf93) x31 0xfffffff5
core   0: 0x80004bfc (0xe3122613) slti    a2, tp, -463
core   0: 3 0x80004bfc (0xe3122613) x12 0x00000000
core   0: 0x80004c00 (0x6bc32b13) slti    s6, t1, 1724
core   0: 3 0x80004c00 (0x6bc32b13) x22 0x00000001
core   0: 0x80004c04 (0x03915933) divu    s2, sp, s9
core   0: 3 0x80004c04 (0x03915933) x18 0x00000000
core   0: 0x80004c08 (0x03d01333) mulh    t1, zero, t4
core   0: 3 0x80004c08 (0x03d01333) x 6 0x00000000
core   0: 0x80004c0c (0x003ad493) srli    s1, s5, 3
core   0: 3 0x80004c0c (0x003ad493) x 9 0x00000000
core   0: 0x80004c10 (0xb9266f93) ori     t6, a2, -1134
core   0: 3 0x80004c10 (0xb9266f93) x31 0xfffffb92
core   0: 0x80004c14 (0x40dbd6b3) sra     a3, s7, a3
core   0: 3 0x80004c14 (0x40dbd6b3) x13 0xffffffe2
core   0: 0x80004c18 (0x7ecdae93) slti    t4, s11, 2028
core   0: 3 0x80004c18 (0x7ecdae93) x29 0x00000001
core   0: 0x80004c1c (0x40760333) sub     t1, a2, t2
core   0: 3 0x80004c1c (0x40760333) x 6 0x00000000
core   0: 0x80004c20 (0x02c860b3) rem     ra, a6, a2
core   0: 3 0x80004c20 (0x02c860b3) x 1 0x00000000
core   0: 0x80004c24 (0x02ae7eb3) remu    t4, t3, a0
core   0: 3 0x80004c24 (0x02ae7eb3) x29 0x80000000
core   0: 0x80004c28 (0x1677ec13) ori     s8, a5, 359
core   0: 3 0x80004c28 (0x1677ec13) x24 0x00000167
core   0: 0x80004c2c (0x01e67133) and     sp, a2, t5
core   0: 3 0x80004c2c (0x01e67133) x 2 0x00000000
core   0: 0x80004c30 (0x02c95c33) divu    s8, s2, a2
core   0: 3 0x80004c30 (0x02c95c33) x24 0xffffffff
core   0: 0x80004c34 (0x02ebd5b3) divu    a1, s7, a4
core   0: 3 0x80004c34 (0x02ebd5b3) x11 0x00000001
core   0: 0x80004c38 (0x01121f93) slli    t6, tp, 17
core   0: 3 0x80004c38 (0x01121f93) x31 0x00000000
core   0: 0x80004c3c (0x032260b3) rem     ra, tp, s2
core   0: 3 0x80004c3c (0x032260b3) x 1 0x00000000
core   0: 0x80004c40 (0x036be0b3) rem     ra, s7, s6
core   0: 3 0x80004c40 (0x036be0b3) x 1 0x00000000
core   0: 0x80004c44 (0x01166bb3) or      s7, a2, a7
core   0: 3 0x80004c44 (0x01166bb3) x23 0x00000001
core   0: 0x80004c48 (0x02dd83b3) mul     t2, s11, a3
core   0: 3 0x80004c48 (0x02dd83b3) x 7 0xffffffe2
core   0: 0x80004c4c (0x03f8b0b3) mulhu   ra, a7, t6
core   0: 3 0x80004c4c (0x03f8b0b3) x 1 0x00000000
core   0: 0x80004c50 (0x02ec20b3) mulhsu  ra, s8, a4
core   0: 3 0x80004c50 (0x02ec20b3) x 1 0xffffffff
core   0: 0x80004c54 (0xc527c593) xori    a1, a5, -942
core   0: 3 0x80004c54 (0xc527c593) x11 0xfffffc52
core   0: 0x80004c58 (0x00b85313) srli    t1, a6, 11
core   0: 3 0x80004c58 (0x00b85313) x 6 0x00000000
core   0: 0x80004c5c (0x018cfd33) and     s10, s9, s8
core   0: 3 0x80004c5c (0x018cfd33) x26 0x80018ce4
core   0: 0x80004c60 (0x00a8c633) xor     a2, a7, a0
core   0: 3 0x80004c60 (0x00a8c633) x12 0x00000001
core   0: 0x80004c64 (0xd8685537) lui     a0, 0xd8685
core   0: 3 0x80004c64 (0xd8685537) x10 0xd8685000
core   0: 0x80004c68 (0x004b2eb3) slt     t4, s6, tp
core   0: 3 0x80004c68 (0x004b2eb3) x29 0x00000000
core   0: 0x80004c6c (0x00d2b5b3) sltu    a1, t0, a3
core   0: 3 0x80004c6c (0x00d2b5b3) x11 0x00000000
core   0: 0x80004c70 (0x408f08b3) sub     a7, t5, s0
core   0: 3 0x80004c70 (0x408f08b3) x17 0xbffe77fe
core   0: 0x80004c74 (0xeb336193) ori     gp, t1, -333
core   0: 3 0x80004c74 (0xeb336193) x 3 0xfffffeb3
core   0: 0x80004c78 (0x033f5ab3) divu    s5, t5, s3
core   0: 3 0x80004c78 (0x033f5ab3) x21 0xffffffff
core   0: 0x80004c7c (0x0118dc33) srl     s8, a7, a7
core   0: 3 0x80004c7c (0x0118dc33) x24 0x00000002
core   0: 0x80004c80 (0x02ff24b3) mulhsu  s1, t5, a5
core   0: 3 0x80004c80 (0x02ff24b3) x 9 0x00000000
core   0: 0x80004c84 (0xd1244b93) xori    s7, s0, -750
core   0: 3 0x80004c84 (0xd1244b93) x23 0xbffe7510
core   0: 0x80004c88 (0x01235493) srli    s1, t1, 18
core   0: 3 0x80004c88 (0x01235493) x 9 0x00000000
core   0: 0x80004c8c (0x008695b3) sll     a1, a3, s0
core   0: 3 0x80004c8c (0x008695b3) x11 0xffffff88
core   0: 0x80004c90 (0x40865613) srai    a2, a2, 8
core   0: 3 0x80004c90 (0x40865613) x12 0x00000000
core   0: 0x80004c94 (0x007190b3) sll     ra, gp, t2
core   0: 3 0x80004c94 (0x007190b3) x 1 0xfffffacc
core   0: 0x80004c98 (0x01a8fbb3) and     s7, a7, s10
core   0: 3 0x80004c98 (0x01a8fbb3) x23 0x800004e4
core   0: 0x80004c9c (0x00f744b3) xor     s1, a4, a5
core   0: 3 0x80004c9c (0x00f744b3) x 9 0x80014e64
core   0: 0x80004ca0 (0x02a73d93) sltiu   s11, a4, 42
core   0: 3 0x80004ca0 (0x02a73d93) x27 0x00000000
core   0: 0x80004ca4 (0x00104433) xor     s0, zero, ra
core   0: 3 0x80004ca4 (0x00104433) x 8 0xfffffacc
core   0: 0x80004ca8 (0x011688b3) add     a7, a3, a7
core   0: 3 0x80004ca8 (0x011688b3) x17 0xbffe77e0
core   0: 0x80004cac (0x02b354b3) divu    s1, t1, a1
core   0: 3 0x80004cac (0x02b354b3) x 9 0x00000000
core   0: 0x80004cb0 (0x031a7633) remu    a2, s4, a7
core   0: 3 0x80004cb0 (0x031a7633) x12 0x310293c0
core   0: 0x80004cb4 (0x005108b3) add     a7, sp, t0
core   0: 3 0x80004cb4 (0x005108b3) x17 0xfffffffe
core   0: 0x80004cb8 (0x7c6b8317) auipc   t1, 0x7c6b8
core   0: 3 0x80004cb8 (0x7c6b8317) x 6 0xfc6bccb8
core   0: 0x80004cbc (0x731aa693) slti    a3, s5, 1841
core   0: 3 0x80004cbc (0x731aa693) x13 0x00000001
core   0: 0x80004cc0 (0x01640533) add     a0, s0, s6
core   0: 3 0x80004cc0 (0x01640533) x10 0xfffffacd
core   0: 0x80004cc4 (0x019edc33) srl     s8, t4, s9
core   0: 3 0x80004cc4 (0x019edc33) x24 0x00000000
core   0: 0x80004cc8 (0xbff78c13) addi    s8, a5, -1025
core   0: 3 0x80004cc8 (0xbff78c13) x24 0xfffffbff
core   0: 0x80004ccc (0x001265b3) or      a1, tp, ra
core   0: 3 0x80004ccc (0x001265b3) x11 0xfffffacc
core   0: 0x80004cd0 (0x0070d9b3) srl     s3, ra, t2
core   0: 3 0x80004cd0 (0x0070d9b3) x19 0x3ffffeb3
core   0: 0x80004cd4 (0xbe72c613) xori    a2, t0, -1049
core   0: 3 0x80004cd4 (0xbe72c613) x12 0x00000419
core   0: 0x80004cd8 (0x355be793) ori     a5, s7, 853
core   0: 3 0x80004cd8 (0x355be793) x15 0x800007f5
core   0: 0x80004cdc (0x0236b533) mulhu   a0, a3, gp
core   0: 3 0x80004cdc (0x0236b533) x10 0x00000000
core   0: 0x80004ce0 (0x02861133) mulh    sp, a2, s0
core   0: 3 0x80004ce0 (0x02861133) x 2 0xffffffff
core   0: 0x80004ce4 (0x407a83b3) sub     t2, s5, t2
core   0: 3 0x80004ce4 (0x407a83b3) x 7 0x0000001d
core   0: 0x80004ce8 (0x037389b3) mul     s3, t2, s7
core   0: 3 0x80004ce8 (0x037389b3) x19 0x80008dd4
core   0: 0x80004cec (0x5de7a193) slti    gp, a5, 1502
core   0: 3 0x80004cec (0x5de7a193) x 3 0x00000001
core   0: 0x80004cf0 (0xa609a097) auipc   ra, 0xa609a
core   0: 3 0x80004cf0 (0xa609a097) x 1 0x2609ecf0
core   0: 0x80004cf4 (0x4144d2b3) sra     t0, s1, s4
core   0: 3 0x80004cf4 (0x4144d2b3) x 5 0x00000000
core   0: 0x80004cf8 (0x03bfe833) rem     a6, t6, s11
core   0: 3 0x80004cf8 (0x03bfe833) x16 0x00000000
core   0: 0x80004cfc (0x029a1833) mulh    a6, s4, s1
core   0: 3 0x80004cfc (0x029a1833) x16 0x00000000
core   0: 0x80004d00 (0x02c211b3) mulh    gp, tp, a2
core   0: 3 0x80004d00 (0x02c211b3) x 3 0x00000000
core   0: 0x80004d04 (0x40afdf13) srai    t5, t6, 10
core   0: 3 0x80004d04 (0x40afdf13) x30 0x00000000
core   0: 0x80004d08 (0x0337f8b3) remu    a7, a5, s3
core   0: 3 0x80004d08 (0x0337f8b3) x17 0x800007f5
core   0: 0x80004d0c (0x96720e93) addi    t4, tp, -1689
core   0: 3 0x80004d0c (0x96720e93) x29 0xfffff967
core   0: 0x80004d10 (0xf6546893) ori     a7, s0, -155
core   0: 3 0x80004d10 (0xf6546893) x17 0xffffffed
core   0: 0x80004d14 (0x61c8ed97) auipc   s11, 0x61c8e
core   0: 3 0x80004d14 (0x61c8ed97) x27 0xe1c92d14
core   0: 0x80004d18 (0x02932b33) mulhsu  s6, t1, s1
core   0: 3 0x80004d18 (0x02932b33) x22 0x00000000
core   0: 0x80004d1c (0x01179193) slli    gp, a5, 17
core   0: 3 0x80004d1c (0x01179193) x 3 0x0fea0000
core   0: 0x80004d20 (0xcbadf893) andi    a7, s11, -838
core   0: 3 0x80004d20 (0xcbadf893) x17 0xe1c92c10
core   0: 0x80004d24 (0x01ea9d93) slli    s11, s5, 30
core   0: 3 0x80004d24 (0x01ea9d93) x27 0xc0000000
core   0: 0x80004d28 (0x8eecf493) andi    s1, s9, -1810
core   0: 3 0x80004d28 (0x8eecf493) x 9 0x800188e4
core   0: 0x80004d2c (0x0232f933) remu    s2, t0, gp
core   0: 3 0x80004d2c (0x0232f933) x18 0x00000000
core   0: 0x80004d30 (0x009203b3) add     t2, tp, s1
core   0: 3 0x80004d30 (0x009203b3) x 7 0x800188e4
core   0: 0x80004d34 (0x00000013) nop
core   0: 3 0x80004d34 (0x00000013)
core   0: 0x80004d38 (0x03e98633) mul     a2, s3, t5
core   0: 3 0x80004d38 (0x03e98633) x12 0x00000000
core   0: 0x80004d3c (0x6f16cd93) xori    s11, a3, 1777
core   0: 3 0x80004d3c (0x6f16cd93) x27 0x000006f0
core   0: 0x80004d40 (0x01551893) slli    a7, a0, 21
core   0: 3 0x80004d40 (0x01551893) x17 0x00000000
core   0: 0x80004d44 (0x4ed3ea13) ori     s4, t2, 1261
core   0: 3 0x80004d44 (0x4ed3ea13) x20 0x80018ced
core   0: 0x80004d48 (0x40ca5f13) srai    t5, s4, 12
core   0: 3 0x80004d48 (0x40ca5f13) x30 0xfff80018
core   0: 0x80004d4c (0x03ea56b3) divu    a3, s4, t5
core   0: 3 0x80004d4c (0x03ea56b3) x13 0x00000000
core   0: 0x80004d50 (0x033aaa33) mulhsu  s4, s5, s3
core   0: 3 0x80004d50 (0x033aaa33) x20 0xffffffff
core   0: 0x80004d54 (0xf00d6d93) ori     s11, s10, -256
core   0: 3 0x80004d54 (0xf00d6d93) x27 0xffffffe4
core   0: 0x80004d58 (0x41ab5a13) srai    s4, s6, 26
core   0: 3 0x80004d58 (0x41ab5a13) x20 0x00000000
core   0: 0x80004d5c (0x006c70b3) and     ra, s8, t1
core   0: 3 0x80004d5c (0x006c70b3) x 1 0xfc6bc8b8
core   0: 0x80004d60 (0x02564eb3) div     t4, a2, t0
core   0: 3 0x80004d60 (0x02564eb3) x29 0xffffffff
core   0: 0x80004d64 (0x03681633) mulh    a2, a6, s6
core   0: 3 0x80004d64 (0x03681633) x12 0x00000000
core   0: 0x80004d68 (0x03601633) mulh    a2, zero, s6
core   0: 3 0x80004d68 (0x03601633) x12 0x00000000
core   0: 0x80004d6c (0x01de9b13) slli    s6, t4, 29
core   0: 3 0x80004d6c (0x01de9b13) x22 0xe0000000
core   0: 0x80004d70 (0xdb976a93) ori     s5, a4, -583
core   0: 3 0x80004d70 (0xdb976a93) x21 0xfffffffd
core   0: 0x80004d74 (0xf1b66e93) ori     t4, a2, -229
core   0: 3 0x80004d74 (0xf1b66e93) x29 0xffffff1b
core   0: 0x80004d78 (0x41e005b3) sub     a1, zero, t5
core   0: 3 0x80004d78 (0x41e005b3) x11 0x0007ffe8
core   0: 0x80004d7c (0x001d8eb3) add     t4, s11, ra
core   0: 3 0x80004d7c (0x001d8eb3) x29 0xfc6bc89c
core   0: 0x80004d80 (0x01b7cb33) xor     s6, a5, s11
core   0: 3 0x80004d80 (0x01b7cb33) x22 0x7ffff811
core   0: 0x80004d84 (0x01082db3) slt     s11, a6, a6
core   0: 3 0x80004d84 (0x01082db3) x27 0x00000000
core   0: 0x80004d88 (0xe77af797) auipc   a5, 0xe77af
core   0: 3 0x80004d88 (0xe77af797) x15 0x677b3d88
core   0: 0x80004d8c (0x419c5b13) srai    s6, s8, 25
core   0: 3 0x80004d8c (0x419c5b13) x22 0xffffffff
core   0: 0x80004d90 (0x24d3cf13) xori    t5, t2, 589
core   0: 3 0x80004d90 (0x24d3cf13) x30 0x80018aa9
core   0: 0x80004d94 (0x02dd85b3) mul     a1, s11, a3
core   0: 3 0x80004d94 (0x02dd85b3) x11 0x00000000
core   0: 0x80004d98 (0x005e3ab3) sltu    s5, t3, t0
core   0: 3 0x80004d98 (0x005e3ab3) x21 0x00000000
core   0: 0x80004d9c (0x203bbb13) sltiu   s6, s7, 515
core   0: 3 0x80004d9c (0x203bbb13) x22 0x00000000
core   0: 0x80004da0 (0x01404f33) xor     t5, zero, s4
core   0: 3 0x80004da0 (0x01404f33) x30 0x00000000
core   0: 0x80004da4 (0x0064da13) srli    s4, s1, 6
core   0: 3 0x80004da4 (0x0064da13) x20 0x02000623
core   0: 0x80004da8 (0xe43e4513) xori    a0, t3, -445
core   0: 3 0x80004da8 (0xe43e4513) x10 0x7ffffe43
core   0: 0x80004dac (0xa824f597) auipc   a1, 0xa824f
core   0: 3 0x80004dac (0xa824f597) x11 0x28253dac
core   0: 0x80004db0 (0xa454b693) sltiu   a3, s1, -1467
core   0: 3 0x80004db0 (0xa454b693) x13 0x00000001
core   0: 0x80004db4 (0x008b9113) slli    sp, s7, 8
core   0: 3 0x80004db4 (0x008b9113) x 2 0x0004e400
core   0: 0x80004db8 (0x02cf03b3) mul     t2, t5, a2
core   0: 3 0x80004db8 (0x02cf03b3) x 7 0x00000000
core   0: 0x80004dbc (0x005c70b3) and     ra, s8, t0
core   0: 3 0x80004dbc (0x005c70b3) x 1 0x00000000
core   0: 0x80004dc0 (0x00100db3) add     s11, zero, ra
core   0: 3 0x80004dc0 (0x00100db3) x27 0x00000000
core   0: 0x80004dc4 (0x0299b6b3) mulhu   a3, s3, s1
core   0: 3 0x80004dc4 (0x0299b6b3) x13 0x40010b5c
core   0: 0x80004dc8 (0xf142e897) auipc   a7, 0xf142e
core   0: 3 0x80004dc8 (0xf142e897) x17 0x71432dc8
core   0: 0x80004dcc (0x407c5333) sra     t1, s8, t2
core   0: 3 0x80004dcc (0x407c5333) x 6 0xfffffbff
core   0: 0x80004dd0 (0x018102b3) add     t0, sp, s8
core   0: 3 0x80004dd0 (0x018102b3) x 5 0x0004dfff
core   0: 0x80004dd4 (0x40c758b3) sra     a7, a4, a2
core   0: 3 0x80004dd4 (0x40c758b3) x17 0x80014e64
core   0: 0x80004dd8 (0x0097efb3) or      t6, a5, s1
core   0: 3 0x80004dd8 (0x0097efb3) x31 0xe77bbdec
core   0: 0x80004ddc (0x3975df17) auipc   t5, 0x3975d
core   0: 3 0x80004ddc (0x3975df17) x30 0xb9761ddc
core   0: 0x80004de0 (0x4a256c13) ori     s8, a0, 1186
core   0: 3 0x80004de0 (0x4a256c13) x24 0x7ffffee3
core   0: 0x80004de4 (0x40388333) sub     t1, a7, gp
core   0: 3 0x80004de4 (0x40388333) x 6 0x70174e64
core   0: 0x80004de8 (0x407c03b3) sub     t2, s8, t2
core   0: 3 0x80004de8 (0x407c03b3) x 7 0x7ffffee3
core   0: 0x80004dec (0x03cb7bb3) remu    s7, s6, t3
core   0: 3 0x80004dec (0x03cb7bb3) x23 0x00000000
core   0: 0x80004df0 (0x01139333) sll     t1, t2, a7
core   0: 3 0x80004df0 (0x01139333) x 6 0xffffee30
core   0: 0x80004df4 (0x00100ab3) add     s5, zero, ra
core   0: 3 0x80004df4 (0x00100ab3) x21 0x00000000
core   0: 0x80004df8 (0x02e6bd33) mulhu   s10, a3, a4
core   0: 3 0x80004df8 (0x02e6bd33) x26 0x2000d948
core   0: 0x80004dfc (0x002e0533) add     a0, t3, sp
core   0: 3 0x80004dfc (0x002e0533) x10 0x8004e400
core   0: 0x80004e00 (0x01971633) sll     a2, a4, s9
core   0: 3 0x80004e00 (0x01971633) x12 0x0014e640
core   0: 0x80004e04 (0x026c3033) mulhu   zero, s8, t1
core   0: 3 0x80004e04 (0x026c3033)
core   0: 0x80004e08 (0x00295633) srl     a2, s2, sp
core   0: 3 0x80004e08 (0x00295633) x12 0x00000000
core   0: 0x80004e0c (0x7cfaac17) auipc   s8, 0x7cfaa
core   0: 3 0x80004e0c (0x7cfaac17) x24 0xfcfaee0c
core   0: 0x80004e10 (0x01c59893) slli    a7, a1, 28
core   0: 3 0x80004e10 (0x01c59893) x17 0xc0000000
core   0: 0x80004e14 (0x3fb8a813) slti    a6, a7, 1019
core   0: 3 0x80004e14 (0x3fb8a813) x16 0x00000001
core   0: 0x80004e18 (0x008e1b13) slli    s6, t3, 8
core   0: 3 0x80004e18 (0x008e1b13) x22 0x00000000
core   0: 0x80004e1c (0x019e7933) and     s2, t3, s9
core   0: 3 0x80004e1c (0x019e7933) x18 0x80000000
core   0: 0x80004e20 (0x008b2133) slt     sp, s6, s0
core   0: 3 0x80004e20 (0x008b2133) x 2 0x00000000
core   0: 0x80004e24 (0xfbf10793) addi    a5, sp, -65
core   0: 3 0x80004e24 (0xfbf10793) x15 0xffffffbf
core   0: 0x80004e28 (0x03464333) div     t1, a2, s4
core   0: 3 0x80004e28 (0x03464333) x 6 0x00000000
core   0: 0x80004e2c (0x36358493) addi    s1, a1, 867
core   0: 3 0x80004e2c (0x36358493) x 9 0x2825410f
core   0: 0x80004e30 (0x803a8893) addi    a7, s5, -2045
core   0: 3 0x80004e30 (0x803a8893) x17 0xfffff803
core   0: 0x80004e34 (0x00000013) nop
core   0: 3 0x80004e34 (0x00000013)
core   0: 0x80004e38 (0x01c91333) sll     t1, s2, t3
core   0: 3 0x80004e38 (0x01c91333) x 6 0x80000000
core   0: 0x80004e3c (0x41285033) sra     zero, a6, s2
core   0: 3 0x80004e3c (0x41285033)
core   0: 0x80004e40 (0x0272a1b3) mulhsu  gp, t0, t2
core   0: 3 0x80004e40 (0x0272a1b3) x 3 0x00026fff
core   0: 0x80004e44 (0x03eed333) divu    t1, t4, t5
core   0: 3 0x80004e44 (0x03eed333) x 6 0x00000001
core   0: 0x80004e48 (0x03f62633) mulhsu  a2, a2, t6
core   0: 3 0x80004e48 (0x03f62633) x12 0x00000000
core   0: 0x80004e4c (0x69b38e93) addi    t4, t2, 1691
core   0: 3 0x80004e4c (0x69b38e93) x29 0x8000057e
core   0: 0x80004e50 (0x013402b3) add     t0, s0, s3
core   0: 3 0x80004e50 (0x013402b3) x 5 0x800088a0
core   0: 0x80004e54 (0x31014513) xori    a0, sp, 784
core   0: 3 0x80004e54 (0x31014513) x10 0x00000310
core   0: 0x80004e58 (0x7ef4f937) lui     s2, 0x7ef4f
core   0: 3 0x80004e58 (0x7ef4f937) x18 0x7ef4f000
core   0: 0x80004e5c (0x03d14eb3) div     t4, sp, t4
core   0: 3 0x80004e5c (0x03d14eb3) x29 0x00000000
core   0: 0x80004e60 (0x037ce633) rem     a2, s9, s7
core   0: 3 0x80004e60 (0x037ce633) x12 0x80018ce4
core   0: 0x80004e64 (0x03e2a0b3) mulhsu  ra, t0, t5
core   0: 3 0x80004e64 (0x03e2a0b3) x 1 0xa345540c
core   0: 0x80004e68 (0x40fbd633) sra     a2, s7, a5
core   0: 3 0x80004e68 (0x40fbd633) x12 0x00000000
core   0: 0x80004e6c (0x001a6db3) or      s11, s4, ra
core   0: 3 0x80004e6c (0x001a6db3) x27 0xa345562f
core   0: 0x80004e70 (0x409359b3) sra     s3, t1, s1
core   0: 3 0x80004e70 (0x409359b3) x19 0x00000000
core   0: 0x80004e74 (0x00eb7b33) and     s6, s6, a4
core   0: 3 0x80004e74 (0x00eb7b33) x22 0x00000000
core   0: 0x80004e78 (0xa452ff13) andi    t5, t0, -1467
core   0: 3 0x80004e78 (0xa452ff13) x30 0x80008800
core   0: 0x80004e7c (0x00079613) slli    a2, a5, 0
core   0: 3 0x80004e7c (0x00079613) x12 0xffffffbf
core   0: 0x80004e80 (0x00994bb3) xor     s7, s2, s1
core   0: 3 0x80004e80 (0x00994bb3) x23 0x56d1b10f
core   0: 0x80004e84 (0x6fa40db7) lui     s11, 0x6fa40
core   0: 3 0x80004e84 (0x6fa40db7) x27 0x6fa40000
core   0: 0x80004e88 (0x1dc63313) sltiu   t1, a2, 476
core   0: 3 0x80004e88 (0x1dc63313) x 6 0x00000000
core   0: 0x80004e8c (0x00436333) or      t1, t1, tp
core   0: 3 0x80004e8c (0x00436333) x 6 0x00000000
core   0: 0x80004e90 (0x03bed233) divu    tp, t4, s11
core   0: 3 0x80004e90 (0x03bed233) x 4 0x00000000
core   0: 0x80004e94 (0xe95ad197) auipc   gp, 0xe95ad
core   0: 3 0x80004e94 (0xe95ad197) x 3 0x695b1e94
core   0: 0x80004e98 (0x56d8b593) sltiu   a1, a7, 1389
core   0: 3 0x80004e98 (0x56d8b593) x11 0x00000000
core   0: 0x80004e9c (0xc807e413) ori     s0, a5, -896
core   0: 3 0x80004e9c (0xc807e413) x 8 0xffffffbf
core   0: 0x80004ea0 (0xa37f0c13) addi    s8, t5, -1481
core   0: 3 0x80004ea0 (0xa37f0c13) x24 0x80008237
core   0: 0x80004ea4 (0x032ef633) remu    a2, t4, s2
core   0: 3 0x80004ea4 (0x032ef633) x12 0x00000000
core   0: 0x80004ea8 (0x031f4f33) div     t5, t5, a7
core   0: 3 0x80004ea8 (0x031f4f33) x30 0x001005f1
core   0: 0x80004eac (0x418e8ab3) sub     s5, t4, s8
core   0: 3 0x80004eac (0x418e8ab3) x21 0x7fff7dc9
core   0: 0x80004eb0 (0x035e53b3) divu    t2, t3, s5
core   0: 3 0x80004eb0 (0x035e53b3) x 7 0x00000001
core   0: 0x80004eb4 (0x025536b3) mulhu   a3, a0, t0
core   0: 3 0x80004eb4 (0x025536b3) x13 0x00000188
core   0: 0x80004eb8 (0x023d3233) mulhu   tp, s10, gp
core   0: 3 0x80004eb8 (0x023d3233) x 4 0x0d2bbd3e
core   0: 0x80004ebc (0x0269abb3) mulhsu  s7, s3, t1
core   0: 3 0x80004ebc (0x0269abb3) x23 0x00000000
core   0: 0x80004ec0 (0x03d483b3) mul     t2, s1, t4
core   0: 3 0x80004ec0 (0x03d483b3) x 7 0x00000000
core   0: 0x80004ec4 (0x0109d5b3) srl     a1, s3, a6
core   0: 3 0x80004ec4 (0x0109d5b3) x11 0x00000000
core   0: 0x80004ec8 (0x07527193) andi    gp, tp, 117
core   0: 3 0x80004ec8 (0x07527193) x 3 0x00000034
core   0: 0x80004ecc (0x52f36913) ori     s2, t1, 1327
core   0: 3 0x80004ecc (0x52f36913) x18 0x0000052f
core   0: 0x80004ed0 (0x003698b3) sll     a7, a3, gp
core   0: 3 0x80004ed0 (0x003698b3) x17 0x18800000
core   0: 0x80004ed4 (0x8082e997) auipc   s3, 0x8082e
core   0: 3 0x80004ed4 (0x8082e997) x19 0x00832ed4
core   0: 0x80004ed8 (0x01e0de93) srli    t4, ra, 30
core   0: 3 0x80004ed8 (0x01e0de93) x29 0x00000002
core   0: 0x80004edc (0x00275433) srl     s0, a4, sp
core   0: 3 0x80004edc (0x00275433) x 8 0x80014e64
core   0: 0x80004ee0 (0x0033d633) srl     a2, t2, gp
core   0: 3 0x80004ee0 (0x0033d633) x12 0x00000000
core   0: 0x80004ee4 (0x00ccf533) and     a0, s9, a2
core   0: 3 0x80004ee4 (0x00ccf533) x10 0x00000000
core   0: 0x80004ee8 (0x012b73b3) and     t2, s6, s2
core   0: 3 0x80004ee8 (0x012b73b3) x 7 0x00000000
core   0: 0x80004eec (0xf3d016b7) lui     a3, 0xf3d01
core   0: 3 0x80004eec (0xf3d016b7) x13 0xf3d01000
core   0: 0x80004ef0 (0x012fd9b3) srl     s3, t6, s2
core   0: 3 0x80004ef0 (0x012fd9b3) x19 0x0001cef7
core   0: 0x80004ef4 (0xcb0abf93) sltiu   t6, s5, -848
core   0: 3 0x80004ef4 (0xcb0abf93) x31 0x00000001
core   0: 0x80004ef8 (0x001b64b3) or      s1, s6, ra
core   0: 3 0x80004ef8 (0x001b64b3) x 9 0xa345540c
core   0: 0x80004efc (0x01c2b033) sltu    zero, t0, t3
core   0: 3 0x80004efc (0x01c2b033)
core   0: 0x80004f00 (0x00816ab3) or      s5, sp, s0
core   0: 3 0x80004f00 (0x00816ab3) x21 0x80014e64
core   0: 0x80004f04 (0x03f6c233) div     tp, a3, t6
core   0: 3 0x80004f04 (0x03f6c233) x 4 0xf3d01000
core   0: 0x80004f08 (0x0349a333) mulhsu  t1, s3, s4
core   0: 3 0x80004f08 (0x0349a333) x 6 0x0000039d
core   0: 0x80004f0c (0x00f01693) slli    a3, zero, 15
core   0: 3 0x80004f0c (0x00f01693) x13 0x00000000
core   0: 0x80004f10 (0x91210c13) addi    s8, sp, -1774
core   0: 3 0x80004f10 (0x91210c13) x24 0xfffff912
core   0: 0x80004f14 (0x020ca3b3) mulhsu  t2, s9, zero
core   0: 3 0x80004f14 (0x020ca3b3) x 7 0x00000000
core   0: 0x80004f18 (0x03fca533) mulhsu  a0, s9, t6
core   0: 3 0x80004f18 (0x03fca533) x10 0xffffffff
core   0: 0x80004f1c (0x0095fc33) and     s8, a1, s1
core   0: 3 0x80004f1c (0x0095fc33) x24 0x00000000
core   0: 0x80004f20 (0x000e1113) slli    sp, t3, 0
core   0: 3 0x80004f20 (0x000e1113) x 2 0x80000000
core   0: 0x80004f24 (0xdd54f413) andi    s0, s1, -555
core   0: 3 0x80004f24 (0xdd54f413) x 8 0xa3455404
core   0: 0x80004f28 (0x3484f213) andi    tp, s1, 840
core   0: 3 0x80004f28 (0x3484f213) x 4 0x00000008
core   0: 0x80004f2c (0x01d4e4b3) or      s1, s1, t4
core   0: 3 0x80004f2c (0x01d4e4b3) x 9 0xa345540e
core   0: 0x80004f30 (0x02a4c433) div     s0, s1, a0
core   0: 3 0x80004f30 (0x02a4c433) x 8 0x5cbaabf2
core   0: 0x80004f34 (0x654b0393) addi    t2, s6, 1620
core   0: 3 0x80004f34 (0x654b0393) x 7 0x00000654
core   0: 0x80004f38 (0x0265f8b3) remu    a7, a1, t1
core   0: 3 0x80004f38 (0x0265f8b3) x17 0x00000000
core   0: 0x80004f3c (0x03224fb3) div     t6, tp, s2
core   0: 3 0x80004f3c (0x03224fb3) x31 0x00000000
core   0: 0x80004f40 (0x3f8bc913) xori    s2, s7, 1016
core   0: 3 0x80004f40 (0x3f8bc913) x18 0x000003f8
core   0: 0x80004f44 (0x0327a933) mulhsu  s2, a5, s2
core   0: 3 0x80004f44 (0x0327a933) x18 0xffffffff
core   0: 0x80004f48 (0x41818233) sub     tp, gp, s8
core   0: 3 0x80004f48 (0x41818233) x 4 0x00000034
core   0: 0x80004f4c (0x02d57133) remu    sp, a0, a3
core   0: 3 0x80004f4c (0x02d57133) x 2 0xffffffff
core   0: 0x80004f50 (0x40e10d33) sub     s10, sp, a4
core   0: 3 0x80004f50 (0x40e10d33) x26 0x7ffeb19b
core   0: 0x80004f54 (0x00118333) add     t1, gp, ra
core   0: 3 0x80004f54 (0x00118333) x 6 0xa3455440
core   0: 0x80004f58 (0x662a4093) xori    ra, s4, 1634
core   0: 3 0x80004f58 (0x662a4093) x 1 0x02000041
core   0: 0x80004f5c (0x0073f3b3) and     t2, t2, t2
core   0: 3 0x80004f5c (0x0073f3b3) x 7 0x00000654
core   0: 0x80004f60 (0x03da08b3) mul     a7, s4, t4
core   0: 3 0x80004f60 (0x03da08b3) x17 0x04000c46
core   0: 0x80004f64 (0x40535993) srai    s3, t1, 5
core   0: 3 0x80004f64 (0x40535993) x19 0xfd1a2aa2
core   0: 0x80004f68 (0x01521813) slli    a6, tp, 21
core   0: 3 0x80004f68 (0x01521813) x16 0x06800000
core   0: 0x80004f6c (0x41ea0c33) sub     s8, s4, t5
core   0: 3 0x80004f6c (0x41ea0c33) x24 0x01f00032
core   0: 0x80004f70 (0x02705db3) divu    s11, zero, t2
core   0: 3 0x80004f70 (0x02705db3) x27 0x00000000
core   0: 0x80004f74 (0x408c5c13) srai    s8, s8, 8
core   0: 3 0x80004f74 (0x408c5c13) x24 0x0001f000
core   0: 0x80004f78 (0x03e7aeb3) mulhsu  t4, a5, t5
core   0: 3 0x80004f78 (0x03e7aeb3) x29 0xffffffff
core   0: 0x80004f7c (0xd7e24093) xori    ra, tp, -642
core   0: 3 0x80004f7c (0xd7e24093) x 1 0xfffffd4a
core   0: 0x80004f80 (0x43702c13) slti    s8, zero, 1079
core   0: 3 0x80004f80 (0x43702c13) x24 0x00000001
core   0: 0x80004f84 (0x4058dd13) srai    s10, a7, 5
core   0: 3 0x80004f84 (0x4058dd13) x26 0x00200062
core   0: 0x80004f88 (0x00603b33) snez    s6, t1
core   0: 3 0x80004f88 (0x00603b33) x22 0x00000001
core   0: 0x80004f8c (0x008a87b3) add     a5, s5, s0
core   0: 3 0x80004f8c (0x008a87b3) x15 0xdcbbfa56
core   0: 0x80004f90 (0x01b0f1b3) and     gp, ra, s11
core   0: 3 0x80004f90 (0x01b0f1b3) x 3 0x00000000
core   0: 0x80004f94 (0x2c42bf13) sltiu   t5, t0, 708
core   0: 3 0x80004f94 (0x2c42bf13) x30 0x00000000
core   0: 0x80004f98 (0x004a17b3) sll     a5, s4, tp
core   0: 3 0x80004f98 (0x004a17b3) x15 0x62300000
core   0: 0x80004f9c (0x013f5493) srli    s1, t5, 19
core   0: 3 0x80004f9c (0x013f5493) x 9 0x00000000
core   0: 0x80004fa0 (0x030ad9b3) divu    s3, s5, a6
core   0: 3 0x80004fa0 (0x030ad9b3) x19 0x00000013
core   0: 0x80004fa4 (0x0076e4b3) or      s1, a3, t2
core   0: 3 0x80004fa4 (0x0076e4b3) x 9 0x00000654
core   0: 0x80004fa8 (0x014b39b3) sltu    s3, s6, s4
core   0: 3 0x80004fa8 (0x014b39b3) x19 0x00000001
core   0: 0x80004fac (0x01d9c8b3) xor     a7, s3, t4
core   0: 3 0x80004fac (0x01d9c8b3) x17 0xfffffffe
core   0: 0x80004fb0 (0x415b59b3) sra     s3, s6, s5
core   0: 3 0x80004fb0 (0x415b59b3) x19 0x00000000
core   0: 0x80004fb4 (0x40c78b33) sub     s6, a5, a2
core   0: 3 0x80004fb4 (0x40c78b33) x22 0x62300000
core   0: 0x80004fb8 (0x02f0d1b3) divu    gp, ra, a5
core   0: 3 0x80004fb8 (0x02f0d1b3) x 3 0x00000002
core   0: 0x80004fbc (0x00d5d633) srl     a2, a1, a3
core   0: 3 0x80004fbc (0x00d5d633) x12 0x00000000
core   0: 0x80004fc0 (0x025ed033) divu    zero, t4, t0
core   0: 3 0x80004fc0 (0x025ed033)
core   0: 0x80004fc4 (0x00b0b333) sltu    t1, ra, a1
core   0: 3 0x80004fc4 (0x00b0b333) x 6 0x00000000
core   0: 0x80004fc8 (0xe6d1a593) slti    a1, gp, -403
core   0: 3 0x80004fc8 (0xe6d1a593) x11 0x00000000
core   0: 0x80004fcc (0x00000013) nop
core   0: 3 0x80004fcc (0x00000013)
core   0: 0x80004fd0 (0x02209bb3) mulh    s7, ra, sp
core   0: 3 0x80004fd0 (0x02209bb3) x23 0x00000000
core   0: 0x80004fd4 (0x02556f33) rem     t5, a0, t0
core   0: 3 0x80004fd4 (0x02556f33) x30 0xffffffff
core   0: 0x80004fd8 (0x006ba133) slt     sp, s7, t1
core   0: 3 0x80004fd8 (0x006ba133) x 2 0x00000000
core   0: 0x80004fdc (0x019c9093) slli    ra, s9, 25
core   0: 3 0x80004fdc (0x019c9093) x 1 0xc8000000
core   0: 0x80004fe0 (0x032864b3) rem     s1, a6, s2
core   0: 3 0x80004fe0 (0x032864b3) x 9 0x00000000
core   0: 0x80004fe4 (0x02b2a633) mulhsu  a2, t0, a1
core   0: 3 0x80004fe4 (0x02b2a633) x12 0x00000000
core   0: 0x80004fe8 (0x41a6da33) sra     s4, a3, s10
core   0: 3 0x80004fe8 (0x41a6da33) x20 0x00000000
core   0: 0x80004fec (0x03579633) mulh    a2, a5, s5
core   0: 3 0x80004fec (0x03579633) x12 0xcee88040
core   0: 0x80004ff0 (0x0238b6b3) mulhu   a3, a7, gp
core   0: 3 0x80004ff0 (0x0238b6b3) x13 0x00000001
core   0: 0x80004ff4 (0x01d0c9b3) xor     s3, ra, t4
core   0: 3 0x80004ff4 (0x01d0c9b3) x19 0x37ffffff
core   0: 0x80004ff8 (0x022a7ab3) remu    s5, s4, sp
core   0: 3 0x80004ff8 (0x022a7ab3) x21 0x00000000
core   0: 0x80004ffc (0x17e84d93) xori    s11, a6, 382
core   0: 3 0x80004ffc (0x17e84d93) x27 0x0680017e
core   0: 0x80005000 (0x00cc0ab3) add     s5, s8, a2
core   0: 3 0x80005000 (0x00cc0ab3) x21 0xcee88041
core   0: 0x80005004 (0x0239c533) div     a0, s3, gp
core   0: 3 0x80005004 (0x0239c533) x10 0x1bffffff
core   0: 0x80005008 (0x011a35b3) sltu    a1, s4, a7
core   0: 3 0x80005008 (0x011a35b3) x11 0x00000001
core   0: 0x8000500c (0x02709f33) mulh    t5, ra, t2
core   0: 3 0x8000500c (0x02709f33) x30 0xfffffe9d
core   0: 0x80005010 (0x016fd093) srli    ra, t6, 22
core   0: 3 0x80005010 (0x016fd093) x 1 0x00000000
core   0: 0x80005014 (0x41f75933) sra     s2, a4, t6
core   0: 3 0x80005014 (0x41f75933) x18 0x80014e64
core   0: 0x80005018 (0x02d17833) remu    a6, sp, a3
core   0: 3 0x80005018 (0x02d17833) x16 0x00000000
core   0: 0x8000501c (0xd009c093) xori    ra, s3, -768
core   0: 3 0x8000501c (0xd009c093) x 1 0xc80002ff
core   0: 0x80005020 (0x02cab133) mulhu   sp, s5, a2
core   0: 3 0x80005020 (0x02cab133) x 2 0xa73b0190
core   0: 0x80005024 (0x02535433) divu    s0, t1, t0
core   0: 3 0x80005024 (0x02535433) x 8 0x00000000
core   0: 0x80005028 (0x01c0f933) and     s2, ra, t3
core   0: 3 0x80005028 (0x01c0f933) x18 0x80000000
core   0: 0x8000502c (0x01e25a93) srli    s5, tp, 30
core   0: 3 0x8000502c (0x01e25a93) x21 0x00000000
core   0: 0x80005030 (0x0101b0b3) sltu    ra, gp, a6
core   0: 3 0x80005030 (0x0101b0b3) x 1 0x00000000
core   0: 0x80005034 (0x008682b3) add     t0, a3, s0
core   0: 3 0x80005034 (0x008682b3) x 5 0x00000001
core   0: 0x80005038 (0x022a8b33) mul     s6, s5, sp
core   0: 3 0x80005038 (0x022a8b33) x22 0x00000000
core   0: 0x8000503c (0x008bb1b3) sltu    gp, s7, s0
core   0: 3 0x8000503c (0x008bb1b3) x 3 0x00000000
core   0: 0x80005040 (0x01509493) slli    s1, ra, 21
core   0: 3 0x80005040 (0x01509493) x 9 0x00000000
core   0: 0x80005044 (0x9b8b7637) lui     a2, 0x9b8b7
core   0: 3 0x80005044 (0x9b8b7637) x12 0x9b8b7000
core   0: 0x80005048 (0x94f25bb7) lui     s7, 0x94f25
core   0: 3 0x80005048 (0x94f25bb7) x23 0x94f25000
core   0: 0x8000504c (0x03582433) mulhsu  s0, a6, s5
core   0: 3 0x8000504c (0x03582433) x 8 0x00000000
core   0: 0x80005050 (0x00cb7f33) and     t5, s6, a2
core   0: 3 0x80005050 (0x00cb7f33) x30 0x00000000
core   0: 0x80005054 (0x88633c37) lui     s8, 0x88633
core   0: 3 0x80005054 (0x88633c37) x24 0x88633000
core   0: 0x80005058 (0x402c8433) sub     s0, s9, sp
core   0: 3 0x80005058 (0x402c8433) x 8 0xd8c68b54
core   0: 0x8000505c (0x028103b3) mul     t2, sp, s0
core   0: 3 0x8000505c (0x028103b3) x 7 0x9e95b340
core   0: 0x80005060 (0x541146b7) lui     a3, 0x54114
core   0: 3 0x80005060 (0x541146b7) x13 0x54114000
core   0: 0x80005064 (0x009f7d33) and     s10, t5, s1
core   0: 3 0x80005064 (0x009f7d33) x26 0x00000000
core   0: 0x80005068 (0x03b6d033) divu    zero, a3, s11
core   0: 3 0x80005068 (0x03b6d033)
core   0: 0x8000506c (0x034d02b3) mul     t0, s10, s4
core   0: 3 0x8000506c (0x034d02b3) x 5 0x00000000
core   0: 0x80005070 (0x00000013) nop
core   0: 3 0x80005070 (0x00000013)
core   0: 0x80005074 (0x45970b13) addi    s6, a4, 1113
core   0: 3 0x80005074 (0x45970b13) x22 0x800152bd
core   0: 0x80005078 (0x010b53b3) srl     t2, s6, a6
core   0: 3 0x80005078 (0x010b53b3) x 7 0x800152bd
core   0: 0x8000507c (0x02500d33) mul     s10, zero, t0
core   0: 3 0x8000507c (0x02500d33) x26 0x00000000
core   0: 0x80005080 (0x01445f33) srl     t5, s0, s4
core   0: 3 0x80005080 (0x01445f33) x30 0xd8c68b54
core   0: 0x80005084 (0x006cc8b3) xor     a7, s9, t1
core   0: 3 0x80005084 (0x006cc8b3) x17 0x80018ce4
core   0: 0x80005088 (0x4150d5b3) sra     a1, ra, s5
core   0: 3 0x80005088 (0x4150d5b3) x11 0x00000000
core   0: 0x8000508c (0x004704b3) add     s1, a4, tp
core   0: 3 0x8000508c (0x004704b3) x 9 0x80014e98
core   0: 0x80005090 (0x03e617b3) mulh    a5, a2, t5
core   0: 3 0x80005090 (0x03e617b3) x15 0x0f644dac
core   0: 0x80005094 (0x412987b3) sub     a5, s3, s2
core   0: 3 0x80005094 (0x412987b3) x15 0xb7ffffff
core   0: 0x80005098 (0x02c964b3) rem     s1, s2, a2
core   0: 3 0x80005098 (0x02c964b3) x 9 0xe4749000
core   0: 0x8000509c (0x0374b3b3) mulhu   t2, s1, s7
core   0: 3 0x8000509c (0x0374b3b3) x 7 0x84eba0d4
core   0: 0x800050a0 (0x020a69b3) rem     s3, s4, zero
core   0: 3 0x800050a0 (0x020a69b3) x19 0x00000000
core   0: 0x800050a4 (0x02e23533) mulhu   a0, tp, a4
core   0: 3 0x800050a4 (0x02e23533) x10 0x0000001a
core   0: 0x800050a8 (0x00cdc633) xor     a2, s11, a2
core   0: 3 0x800050a8 (0x00cdc633) x12 0x9d0b717e
core   0: 0x800050ac (0x76e71937) lui     s2, 0x76e71
core   0: 3 0x800050ac (0x76e71937) x18 0x76e71000
core   0: 0x800050b0 (0xc11e2b13) slti    s6, t3, -1007
core   0: 3 0x800050b0 (0xc11e2b13) x22 0x00000001
core   0: 0x800050b4 (0x5c30c013) xori    zero, ra, 1475
core   0: 3 0x800050b4 (0x5c30c013)
core   0: 0x800050b8 (0x00dd0d33) add     s10, s10, a3
core   0: 3 0x800050b8 (0x00dd0d33) x26 0x54114000
core   0: 0x800050bc (0x004f7633) and     a2, t5, tp
core   0: 3 0x800050bc (0x004f7633) x12 0x00000014
core   0: 0x800050c0 (0x03a766b3) rem     a3, a4, s10
core   0: 3 0x800050c0 (0x03a766b3) x13 0xd4128e64
core   0: 0x800050c4 (0xf193f193) andi    gp, t2, -231
core   0: 3 0x800050c4 (0xf193f193) x 3 0x84eba010
core   0: 0x800050c8 (0x033ccdb3) div     s11, s9, s3
core   0: 3 0x800050c8 (0x033ccdb3) x27 0xffffffff
core   0: 0x800050cc (0x9685f593) andi    a1, a1, -1688
core   0: 3 0x800050cc (0x9685f593) x11 0x00000000
core   0: 0x800050d0 (0x0009f4b3) and     s1, s3, zero
core   0: 3 0x800050d0 (0x0009f4b3) x 9 0x00000000
core   0: 0x800050d4 (0x027ff133) remu    sp, t6, t2
core   0: 3 0x800050d4 (0x027ff133) x 2 0x00000000
core   0: 0x800050d8 (0x01917fb3) and     t6, sp, s9
core   0: 3 0x800050d8 (0x01917fb3) x31 0x00000000
core   0: 0x800050dc (0x40b50633) sub     a2, a0, a1
core   0: 3 0x800050dc (0x40b50633) x12 0x0000001a
core   0: 0x800050e0 (0x586bf093) andi    ra, s7, 1414
core   0: 3 0x800050e0 (0x586bf093) x 1 0x00000000
core   0: 0x800050e4 (0x027773b3) remu    t2, a4, t2
core   0: 3 0x800050e4 (0x027773b3) x 7 0x80014e64
core   0: 0x800050e8 (0x83ee8213) addi    tp, t4, -1986
core   0: 3 0x800050e8 (0x83ee8213) x 4 0xfffff83d
core   0: 0x800050ec (0x01bc2233) slt     tp, s8, s11
core   0: 3 0x800050ec (0x01bc2233) x 4 0x00000001
core   0: 0x800050f0 (0x01db1133) sll     sp, s6, t4
core   0: 3 0x800050f0 (0x01db1133) x 2 0x80000000
core   0: 0x800050f4 (0x03faf333) remu    t1, s5, t6
core   0: 3 0x800050f4 (0x03faf333) x 6 0x00000000
core   0: 0x800050f8 (0x0040a933) slt     s2, ra, tp
core   0: 3 0x800050f8 (0x0040a933) x18 0x00000001
core   0: 0x800050fc (0x021c0eb3) mul     t4, s8, ra
core   0: 3 0x800050fc (0x021c0eb3) x29 0x00000000
core   0: 0x80005100 (0x01c35093) srli    ra, t1, 28
core   0: 3 0x80005100 (0x01c35093) x 1 0x00000000
core   0: 0x80005104 (0xd8d74c13) xori    s8, a4, -627
core   0: 3 0x80005104 (0xd8d74c13) x24 0x7ffeb3e9
core   0: 0x80005108 (0x26fd6013) ori     zero, s10, 623
core   0: 3 0x80005108 (0x26fd6013)
core   0: 0x8000510c (0x0005ddb3) srl     s11, a1, zero
core   0: 3 0x8000510c (0x0005ddb3) x27 0x00000000
core   0: 0x80005110 (0x03f8d833) divu    a6, a7, t6
core   0: 3 0x80005110 (0x03f8d833) x16 0xffffffff
core   0: 0x80005114 (0x004de5b3) or      a1, s11, tp
core   0: 3 0x80005114 (0x004de5b3) x11 0x00000001
core   0: 0x80005118 (0x01d29993) slli    s3, t0, 29
core   0: 3 0x80005118 (0x01d29993) x19 0x00000000
core   0: 0x8000511c (0x01a576b3) and     a3, a0, s10
core   0: 3 0x8000511c (0x01a576b3) x13 0x00000000
core   0: 0x80005120 (0x01107593) andi    a1, zero, 17
core   0: 3 0x80005120 (0x01107593) x11 0x00000000
core   0: 0x80005124 (0x03b55033) divu    zero, a0, s11
core   0: 3 0x80005124 (0x03b55033)
core   0: 0x80005128 (0x017a3db3) sltu    s11, s4, s7
core   0: 3 0x80005128 (0x017a3db3) x27 0x00000001
core   0: 0x8000512c (0x0392d8b3) divu    a7, t0, s9
core   0: 3 0x8000512c (0x0392d8b3) x17 0x00000000
core   0: 0x80005130 (0x0a271db7) lui     s11, 0xa271
core   0: 3 0x80005130 (0x0a271db7) x27 0x0a271000
core   0: 0x80005134 (0xa7a14a13) xori    s4, sp, -1414
core   0: 3 0x80005134 (0xa7a14a13) x20 0x7ffffa7a
core   0: 0x80005138 (0x02c1aeb3) mulhsu  t4, gp, a2
core   0: 3 0x80005138 (0x02c1aeb3) x29 0xfffffff3
core   0: 0x8000513c (0x03618c33) mul     s8, gp, s6
core   0: 3 0x8000513c (0x03618c33) x24 0x84eba010
core   0: 0x80005140 (0x02327d33) remu    s10, tp, gp
core   0: 3 0x80005140 (0x02327d33) x26 0x00000001
core   0: 0x80005144 (0x00000013) nop
core   0: 3 0x80005144 (0x00000013)
core   0: 0x80005148 (0x400b0eb3) sub     t4, s6, zero
core   0: 3 0x80005148 (0x400b0eb3) x29 0x00000001
core   0: 0x8000514c (0x25cc0213) addi    tp, s8, 604
core   0: 3 0x8000514c (0x25cc0213) x 4 0x84eba26c
core   0: 0x80005150 (0x43e3ea93) ori     s5, t2, 1086
core   0: 3 0x80005150 (0x43e3ea93) x21 0x80014e7e
core   0: 0x80005154 (0x4a244d93) xori    s11, s0, 1186
core   0: 3 0x80005154 (0x4a244d93) x27 0xd8c68ff6
core   0: 0x80005158 (0x00243eb3) sltu    t4, s0, sp
core   0: 3 0x80005158 (0x00243eb3) x29 0x00000000
core   0: 0x8000515c (0x033be8b3) rem     a7, s7, s3
core   0: 3 0x8000515c (0x033be8b3) x17 0x94f25000
core   0: 0x80005160 (0x01171393) slli    t2, a4, 17
core   0: 3 0x80005160 (0x01171393) x 7 0x9cc80000
core   0: 0x80005164 (0x014e1c13) slli    s8, t3, 20
core   0: 3 0x80005164 (0x014e1c13) x24 0x00000000
core   0: 0x80005168 (0x400bd4b3) sra     s1, s7, zero
core   0: 3 0x80005168 (0x400bd4b3) x 9 0x94f25000
core   0: 0x8000516c (0x03679fb3) mulh    t6, a5, s6
core   0: 3 0x8000516c (0x03679fb3) x31 0xffffffff
core   0: 0x80005170 (0x01eba6b3) slt     a3, s7, t5
core   0: 3 0x80005170 (0x01eba6b3) x13 0x00000001
core   0: 0x80005174 (0xa04bb113) sltiu   sp, s7, -1532
core   0: 3 0x80005174 (0xa04bb113) x 2 0x00000001
core   0: 0x80005178 (0x00c99d93) slli    s11, s3, 12
core   0: 3 0x80005178 (0x00c99d93) x27 0x00000000
core   0: 0x8000517c (0x40eed513) srai    a0, t4, 14
core   0: 3 0x8000517c (0x40eed513) x10 0x00000000
core   0: 0x80005180 (0x00000013) nop
core   0: 3 0x80005180 (0x00000013)
core   0: 0x80005184 (0x00cc0533) add     a0, s8, a2
core   0: 3 0x80005184 (0x00cc0533) x10 0x0000001a
core   0: 0x80005188 (0x01062533) slt     a0, a2, a6
core   0: 3 0x80005188 (0x01062533) x10 0x00000000
core   0: 0x8000518c (0xa4240513) addi    a0, s0, -1470
core   0: 3 0x8000518c (0xa4240513) x10 0xd8c68596
core   0: 0x80005190 (0x0123ac33) slt     s8, t2, s2
core   0: 3 0x80005190 (0x0123ac33) x24 0x00000001
core   0: 0x80005194 (0x41e20fb3) sub     t6, tp, t5
core   0: 3 0x80005194 (0x41e20fb3) x31 0xac251718
core   0: 0x80005198 (0x41218c33) sub     s8, gp, s2
core   0: 3 0x80005198 (0x41218c33) x24 0x84eba00f
core   0: 0x8000519c (0x027d99b3) mulh    s3, s11, t2
core   0: 3 0x8000519c (0x027d99b3) x19 0x00000000
core   0: 0x800051a0 (0x4069d113) srai    sp, s3, 6
core   0: 3 0x800051a0 (0x4069d113) x 2 0x00000000
core   0: 0x800051a4 (0x02f12533) mulhsu  a0, sp, a5
core   0: 3 0x800051a4 (0x02f12533) x10 0x00000000
core   0: 0x800051a8 (0x03419833) mulh    a6, gp, s4
core   0: 3 0x800051a8 (0x03419833) x16 0xc275d2af
core   0: 0x800051ac (0x002ddf33) srl     t5, s11, sp
core   0: 3 0x800051ac (0x002ddf33) x30 0x00000000
core   0: 0x800051b0 (0x7f4ee893) ori     a7, t4, 2036
core   0: 3 0x800051b0 (0x7f4ee893) x17 0x000007f4
core   0: 0x800051b4 (0x03c5aeb3) mulhsu  t4, a1, t3
core   0: 3 0x800051b4 (0x03c5aeb3) x29 0x00000000
core   0: 0x800051b8 (0x01cc5033) srl     zero, s8, t3
core   0: 3 0x800051b8 (0x01cc5033)
core   0: 0x800051bc (0x02198a33) mul     s4, s3, ra
core   0: 3 0x800051bc (0x02198a33) x20 0x00000000
core   0: 0x800051c0 (0x00351f93) slli    t6, a0, 3
core   0: 3 0x800051c0 (0x00351f93) x31 0x00000000
core   0: 0x800051c4 (0xc1aa2193) slti    gp, s4, -998
core   0: 3 0x800051c4 (0xc1aa2193) x 3 0x00000000
core   0: 0x800051c8 (0x02250133) mul     sp, a0, sp
core   0: 3 0x800051c8 (0x02250133) x 2 0x00000000
core   0: 0x800051cc (0x01bc0133) add     sp, s8, s11
core   0: 3 0x800051cc (0x01bc0133) x 2 0x84eba00f
core   0: 0x800051d0 (0x0221f633) remu    a2, gp, sp
core   0: 3 0x800051d0 (0x0221f633) x12 0x00000000
core   0: 0x800051d4 (0x0311c233) div     tp, gp, a7
core   0: 3 0x800051d4 (0x0311c233) x 4 0x00000000
core   0: 0x800051d8 (0x00136833) or      a6, t1, ra
core   0: 3 0x800051d8 (0x00136833) x16 0x00000000
core   0: 0x800051dc (0x02bb0db3) mul     s11, s6, a1
core   0: 3 0x800051dc (0x02bb0db3) x27 0x00000000
core   0: 0x800051e0 (0x53ee2b13) slti    s6, t3, 1342
core   0: 3 0x800051e0 (0x53ee2b13) x22 0x00000001
core   0: 0x800051e4 (0x02f7dc33) divu    s8, a5, a5
core   0: 3 0x800051e4 (0x02f7dc33) x24 0x00000001
core   0: 0x800051e8 (0x014daa33) slt     s4, s11, s4
core   0: 3 0x800051e8 (0x014daa33) x20 0x00000000
core   0: 0x800051ec (0x00d297b3) sll     a5, t0, a3
core   0: 3 0x800051ec (0x00d297b3) x15 0x00000000
core   0: 0x800051f0 (0x036762b3) rem     t0, a4, s6
core   0: 3 0x800051f0 (0x036762b3) x 5 0x00000000
core   0: 0x800051f4 (0x07b52093) slti    ra, a0, 123
core   0: 3 0x800051f4 (0x07b52093) x 1 0x00000001
core   0: 0x800051f8 (0x00000013) nop
core   0: 3 0x800051f8 (0x00000013)
core   0: 0x800051fc (0x444fa593) slti    a1, t6, 1092
core   0: 3 0x800051fc (0x444fa593) x11 0x00000001
core   0: 0x80005200 (0x40a8dc33) sra     s8, a7, a0
core   0: 3 0x80005200 (0x40a8dc33) x24 0x000007f4
core   0: 0x80005204 (0x0116eeb3) or      t4, a3, a7
core   0: 3 0x80005204 (0x0116eeb3) x29 0x000007f5
core   0: 0x80005208 (0x0326da33) divu    s4, a3, s2
core   0: 3 0x80005208 (0x0326da33) x20 0x00000001
core   0: 0x8000520c (0x03e00533) mul     a0, zero, t5
core   0: 3 0x8000520c (0x03e00533) x10 0x00000000
core   0: 0x80005210 (0x8be8b693) sltiu   a3, a7, -1858
core   0: 3 0x80005210 (0x8be8b693) x13 0x00000001
core   0: 0x80005214 (0x01ea5c13) srli    s8, s4, 30
core   0: 3 0x80005214 (0x01ea5c13) x24 0x00000000
core   0: 0x80005218 (0x003f4eb3) xor     t4, t5, gp
core   0: 3 0x80005218 (0x003f4eb3) x29 0x00000000
core   0: 0x8000521c (0x039444b3) div     s1, s0, s9
core   0: 3 0x8000521c (0x039444b3) x 9 0x00000000
core   0: 0x80005220 (0x016ecd33) xor     s10, t4, s6
core   0: 3 0x80005220 (0x016ecd33) x26 0x00000001
core   0: 0x80005224 (0x026f04b3) mul     s1, t5, t1
core   0: 3 0x80005224 (0x026f04b3) x 9 0x00000000
core   0: 0x80005228 (0x0174d193) srli    gp, s1, 23
core   0: 3 0x80005228 (0x0174d193) x 3 0x00000000
core   0: 0x8000522c (0x31f6cf13) xori    t5, a3, 799
core   0: 3 0x8000522c (0x31f6cf13) x30 0x0000031e
core   0: 0x80005230 (0x029c4c33) div     s8, s8, s1
core   0: 3 0x80005230 (0x029c4c33) x24 0xffffffff
core   0: 0x80005234 (0x007c5eb3) srl     t4, s8, t2
core   0: 3 0x80005234 (0x007c5eb3) x29 0xffffffff
core   0: 0x80005238 (0xb7684813) xori    a6, a6, -1162
core   0: 3 0x80005238 (0xb7684813) x16 0xfffffb76
core   0: 0x8000523c (0x0254aa33) mulhsu  s4, s1, t0
core   0: 3 0x8000523c (0x0254aa33) x20 0x00000000
core   0: 0x80005240 (0x03530433) mul     s0, t1, s5
core   0: 3 0x80005240 (0x03530433) x 8 0x00000000
core   0: 0x80005244 (0xcafa8693) addi    a3, s5, -849
core   0: 3 0x80005244 (0xcafa8693) x13 0x80014b2d
core   0: 0x80005248 (0x015c4b33) xor     s6, s8, s5
core   0: 3 0x80005248 (0x015c4b33) x22 0x7ffeb181
core   0: 0x8000524c (0x00000013) nop
core   0: 3 0x8000524c (0x00000013)
core   0: 0x80005250 (0x348bc293) xori    t0, s7, 840
core   0: 3 0x80005250 (0x348bc293) x 5 0x94f25348
core   0: 0x80005254 (0x00e9c033) xor     zero, s3, a4
core   0: 3 0x80005254 (0x00e9c033)
core   0: 0x80005258 (0x012b3c33) sltu    s8, s6, s2
core   0: 3 0x80005258 (0x012b3c33) x24 0x00000000
core   0: 0x8000525c (0x028bda33) divu    s4, s7, s0
core   0: 3 0x8000525c (0x028bda33) x20 0xffffffff
core   0: 0x80005260 (0x020a33b3) mulhu   t2, s4, zero
core   0: 3 0x80005260 (0x020a33b3) x 7 0x00000000
core   0: 0x80005264 (0x77534f93) xori    t6, t1, 1909
core   0: 3 0x80005264 (0x77534f93) x31 0x00000775
core   0: 0x80005268 (0x0089b0b3) sltu    ra, s3, s0
core   0: 3 0x80005268 (0x0089b0b3) x 1 0x00000000
core   0: 0x8000526c (0x0086c4b3) xor     s1, a3, s0
core   0: 3 0x8000526c (0x0086c4b3) x 9 0x80014b2d
core   0: 0x80005270 (0x20eba997) auipc   s3, 0x20eba
core   0: 3 0x80005270 (0x20eba997) x19 0xa0ebf270
core   0: 0x80005274 (0xb57c8c13) addi    s8, s9, -1193
core   0: 3 0x80005274 (0xb57c8c13) x24 0x8001883b
core   0: 0x80005278 (0x00fd1b33) sll     s6, s10, a5
core   0: 3 0x80005278 (0x00fd1b33) x22 0x00000001
core   0: 0x8000527c (0x52ee0393) addi    t2, t3, 1326
core   0: 3 0x8000527c (0x52ee0393) x 7 0x8000052e
core   0: 0x80005280 (0x40515f33) sra     t5, sp, t0
core   0: 3 0x80005280 (0x40515f33) x30 0xff84eba0
core   0: 0x80005284 (0x027b14b3) mulh    s1, s6, t2
core   0: 3 0x80005284 (0x027b14b3) x 9 0xffffffff
core   0: 0x80005288 (0x02d339b3) mulhu   s3, t1, a3
core   0: 3 0x80005288 (0x02d339b3) x19 0x00000000
core   0: 0x8000528c (0x02270d33) mul     s10, a4, sp
core   0: 3 0x8000528c (0x02270d33) x26 0xd6de17dc
core   0: 0x80005290 (0x01224eb3) xor     t4, tp, s2
core   0: 3 0x80005290 (0x01224eb3) x29 0x00000001
core   0: 0x80005294 (0x00000013) nop
core   0: 3 0x80005294 (0x00000013)
core   0: 0x80005298 (0x002ca4b3) slt     s1, s9, sp
core   0: 3 0x80005298 (0x002ca4b3) x 9 0x00000001
core   0: 0x8000529c (0xd80db513) sltiu   a0, s11, -640
core   0: 3 0x8000529c (0xd80db513) x10 0x00000001
core   0: 0x800052a0 (0x404701b3) sub     gp, a4, tp
core   0: 3 0x800052a0 (0x404701b3) x 3 0x80014e64
core   0: 0x800052a4 (0x6395e637) lui     a2, 0x6395e
core   0: 3 0x800052a4 (0x6395e637) x12 0x6395e000
core   0: 0x800052a8 (0x40ae8633) sub     a2, t4, a0
core   0: 3 0x800052a8 (0x40ae8633) x12 0x00000000
core   0: 0x800052ac (0xe2ddea13) ori     s4, s11, -467
core   0: 3 0x800052ac (0xe2ddea13) x20 0xfffffe2d
core   0: 0x800052b0 (0x40b883b3) sub     t2, a7, a1
core   0: 3 0x800052b0 (0x40b883b3) x 7 0x000007f3
core   0: 0x800052b4 (0x02e4b9b3) mulhu   s3, s1, a4
core   0: 3 0x800052b4 (0x02e4b9b3) x19 0x00000000
core   0: 0x800052b8 (0x00000013) nop
core   0: 3 0x800052b8 (0x00000013)
core   0: 0x800052bc (0x41360533) sub     a0, a2, s3
core   0: 3 0x800052bc (0x41360533) x10 0x00000000
core   0: 0x800052c0 (0x4055d613) srai    a2, a1, 5
core   0: 3 0x800052c0 (0x4055d613) x12 0x00000000
core   0: 0x800052c4 (0x027b5db3) divu    s11, s6, t2
core   0: 3 0x800052c4 (0x027b5db3) x27 0x00000000
core   0: 0x800052c8 (0x01e27c33) and     s8, tp, t5
core   0: 3 0x800052c8 (0x01e27c33) x24 0x00000000
core   0: 0x800052cc (0x3a8db5b7) lui     a1, 0x3a8db
core   0: 3 0x800052cc (0x3a8db5b7) x11 0x3a8db000
core   0: 0x800052d0 (0x56faa493) slti    s1, s5, 1391
core   0: 3 0x800052d0 (0x56faa493) x 9 0x00000001
core   0: 0x800052d4 (0x014585b3) add     a1, a1, s4
core   0: 3 0x800052d4 (0x014585b3) x11 0x3a8dae2d
core   0: 0x800052d8 (0x02897bb3) remu    s7, s2, s0
core   0: 3 0x800052d8 (0x02897bb3) x23 0x00000001
core   0: 0x800052dc (0x29b98013) addi    zero, s3, 667
core   0: 3 0x800052dc (0x29b98013)
core   0: 0x800052e0 (0x010f5233) srl     tp, t5, a6
core   0: 3 0x800052e0 (0x010f5233) x 4 0x000003fe
core   0: 0x800052e4 (0x40b657b3) sra     a5, a2, a1
core   0: 3 0x800052e4 (0x40b657b3) x15 0x00000000
core   0: 0x800052e8 (0x03336fb3) rem     t6, t1, s3
core   0: 3 0x800052e8 (0x03336fb3) x31 0x00000000
core   0: 0x800052ec (0x41625e93) srai    t4, tp, 22
core   0: 3 0x800052ec (0x41625e93) x29 0x00000000
core   0: 0x800052f0 (0x03f107b3) mul     a5, sp, t6
core   0: 3 0x800052f0 (0x03f107b3) x15 0x00000000
core   0: 0x800052f4 (0x02de6bb3) rem     s7, t3, a3
core   0: 3 0x800052f4 (0x02de6bb3) x23 0xfffeb4d3
core   0: 0x800052f8 (0x416f81b3) sub     gp, t6, s6
core   0: 3 0x800052f8 (0x416f81b3) x 3 0xffffffff
core   0: 0x800052fc (0x03d97c33) remu    s8, s2, t4
core   0: 3 0x800052fc (0x03d97c33) x24 0x00000001
core   0: 0x80005300 (0xa115f993) andi    s3, a1, -1519
core   0: 3 0x80005300 (0xa115f993) x19 0x3a8daa01
core   0: 0x80005304 (0x03574233) div     tp, a4, s5
core   0: 3 0x80005304 (0x03574233) x 4 0x00000001
core   0: 0x80005308 (0x00bed513) srli    a0, t4, 11
core   0: 3 0x80005308 (0x00bed513) x10 0x00000000
core   0: 0x8000530c (0x02420433) mul     s0, tp, tp
core   0: 3 0x8000530c (0x02420433) x 8 0x00000001
core   0: 0x80005310 (0xae15f393) andi    t2, a1, -1311
core   0: 3 0x80005310 (0xae15f393) x 7 0x3a8daa21
core   0: 0x80005314 (0x46f0eb37) lui     s6, 0x46f0e
core   0: 3 0x80005314 (0x46f0eb37) x22 0x46f0e000
core   0: 0x80005318 (0x01691f13) slli    t5, s2, 22
core   0: 3 0x80005318 (0x01691f13) x30 0x00400000
core   0: 0x8000531c (0x6034ec13) ori     s8, s1, 1539
core   0: 3 0x8000531c (0x6034ec13) x24 0x00000603
core   0: 0x80005320 (0x021b0f33) mul     t5, s6, ra
core   0: 3 0x80005320 (0x021b0f33) x30 0x00000000
core   0: 0x80005324 (0x415c8b33) sub     s6, s9, s5
core   0: 3 0x80005324 (0x415c8b33) x22 0x00003e66
core   0: 0x80005328 (0x846b7c13) andi    s8, s6, -1978
core   0: 3 0x80005328 (0x846b7c13) x24 0x00003846
core   0: 0x8000532c (0x02962233) mulhsu  tp, a2, s1
core   0: 3 0x8000532c (0x02962233) x 4 0x00000000
core   0: 0x80005330 (0x01ab9233) sll     tp, s7, s10
core   0: 3 0x80005330 (0x01ab9233) x 4 0x30000000
core   0: 0x80005334 (0x00f68833) add     a6, a3, a5
core   0: 3 0x80005334 (0x00f68833) x16 0x80014b2d
core   0: 0x80005338 (0x02d0e3b3) rem     t2, ra, a3
core   0: 3 0x80005338 (0x02d0e3b3) x 7 0x00000000
core   0: 0x8000533c (0x02f471b3) remu    gp, s0, a5
core   0: 3 0x8000533c (0x02f471b3) x 3 0x00000001
core   0: 0x80005340 (0x00c39613) slli    a2, t2, 12
core   0: 3 0x80005340 (0x00c39613) x12 0x00000000
core   0: 0x80005344 (0x01d59813) slli    a6, a1, 29
core   0: 3 0x80005344 (0x01d59813) x16 0xa0000000
core   0: 0x80005348 (0xe5525f17) auipc   t5, 0xe5525
core   0: 3 0x80005348 (0xe5525f17) x30 0x6552a348
core   0: 0x8000534c (0x017e4633) xor     a2, t3, s7
core   0: 3 0x8000534c (0x017e4633) x12 0x7ffeb4d3
core   0: 0x80005350 (0x400ed533) sra     a0, t4, zero
core   0: 3 0x80005350 (0x400ed533) x10 0x00000000
core   0: 0x80005354 (0x408c0533) sub     a0, s8, s0
core   0: 3 0x80005354 (0x408c0533) x10 0x00003845
core   0: 0x80005358 (0x02e8b1b3) mulhu   gp, a7, a4
core   0: 3 0x80005358 (0x02e8b1b3) x 3 0x000003fa
core   0: 0x8000535c (0x0fc73417) auipc   s0, 0xfc73
core   0: 3 0x8000535c (0x0fc73417) x 8 0x8fc7835c
core   0: 0x80005360 (0xc41a8513) addi    a0, s5, -959
core   0: 3 0x80005360 (0xc41a8513) x10 0x80014abf
core   0: 0x80005364 (0x03ff5db3) divu    s11, t5, t6
core   0: 3 0x80005364 (0x03ff5db3) x27 0xffffffff
core   0: 0x80005368 (0x014560b3) or      ra, a0, s4
core   0: 3 0x80005368 (0x014560b3) x 1 0xfffffebf
core   0: 0x8000536c (0x00000013) nop
core   0: 3 0x8000536c (0x00000013)
core   0: 0x80005370 (0x008d1333) sll     t1, s10, s0
core   0: 3 0x80005370 (0x008d1333) x 6 0xc0000000
core   0: 0x80005374 (0x00000013) nop
core   0: 3 0x80005374 (0x00000013)
core   0: 0x80005378 (0x8ecb6a37) lui     s4, 0x8ecb6
core   0: 3 0x80005378 (0x8ecb6a37) x20 0x8ecb6000
core   0: 0x8000537c (0x00000013) nop
core   0: 3 0x8000537c (0x00000013)
core   0: 0x80005380 (0x0087abb3) slt     s7, a5, s0
core   0: 3 0x80005380 (0x0087abb3) x23 0x00000000
core   0: 0x80005384 (0x48af4213) xori    tp, t5, 1162
core   0: 3 0x80005384 (0x48af4213) x 4 0x6552a7c2
core   0: 0x80005388 (0x015d4233) xor     tp, s10, s5
core   0: 3 0x80005388 (0x015d4233) x 4 0x56df59a2
core   0: 0x8000538c (0x36547613) andi    a2, s0, 869
core   0: 3 0x8000538c (0x36547613) x12 0x00000344
core   0: 0x80005390 (0x01729d13) slli    s10, t0, 23
core   0: 3 0x80005390 (0x01729d13) x26 0xa4000000
core   0: 0x80005394 (0xfa68ec13) ori     s8, a7, -90
core   0: 3 0x80005394 (0xfa68ec13) x24 0xfffffff6
core   0: 0x80005398 (0xfbf2f293) andi    t0, t0, -65
core   0: 3 0x80005398 (0xfbf2f293) x 5 0x94f25308
core   0: 0x8000539c (0xbdede313) ori     t1, s11, -1058
core   0: 3 0x8000539c (0xbdede313) x 6 0xffffffff
core   0: 0x800053a0 (0x3c51ca93) xori    s5, gp, 965
core   0: 3 0x800053a0 (0x3c51ca93) x21 0x0000003f
core   0: 0x800053a4 (0x20d83e93) sltiu   t4, a6, 525
core   0: 3 0x800053a4 (0x20d83e93) x29 0x00000000
core   0: 0x800053a8 (0x03fb24b3) mulhsu  s1, s6, t6
core   0: 3 0x800053a8 (0x03fb24b3) x 9 0x00000000
core   0: 0x800053ac (0x8b643913) sltiu   s2, s0, -1866
core   0: 3 0x800053ac (0x8b643913) x18 0x00000001
core   0: 0x800053b0 (0x01138533) add     a0, t2, a7
core   0: 3 0x800053b0 (0x01138533) x10 0x000007f4
core   0: 0x800053b4 (0x40f6d9b3) sra     s3, a3, a5
core   0: 3 0x800053b4 (0x40f6d9b3) x19 0x80014b2d
core   0: 0x800053b8 (0xd8b4b793) sltiu   a5, s1, -629
core   0: 3 0x800053b8 (0xd8b4b793) x15 0x00000001
core   0: 0x800053bc (0x004a1b93) slli    s7, s4, 4
core   0: 3 0x800053bc (0x004a1b93) x23 0xecb60000
core   0: 0x800053c0 (0x0062fd33) and     s10, t0, t1
core   0: 3 0x800053c0 (0x0062fd33) x26 0x94f25308
core   0: 0x800053c4 (0x012a6d33) or      s10, s4, s2
core   0: 3 0x800053c4 (0x012a6d33) x26 0x8ecb6001
core   0: 0x800053c8 (0x00b6bab3) sltu    s5, a3, a1
core   0: 3 0x800053c8 (0x00b6bab3) x21 0x00000000
core   0: 0x800053cc (0x00d388b3) add     a7, t2, a3
core   0: 3 0x800053cc (0x00d388b3) x17 0x80014b2d
core   0: 0x800053d0 (0x035c86b3) mul     a3, s9, s5
core   0: 3 0x800053d0 (0x035c86b3) x13 0x00000000
core   0: 0x800053d4 (0x0218cfb3) div     t6, a7, ra
core   0: 3 0x800053d4 (0x0218cfb3) x31 0x006613b4
core   0: 0x800053d8 (0xca7dbf13) sltiu   t5, s11, -857
core   0: 3 0x800053d8 (0xca7dbf13) x30 0x00000000
core   0: 0x800053dc (0xbae0c913) xori    s2, ra, -1106
core   0: 3 0x800053dc (0xbae0c913) x18 0x00000511
core   0: 0x800053e0 (0x03a59233) mulh    tp, a1, s10
core   0: 3 0x800053e0 (0x03a59233) x 4 0xe61b6cbe
core   0: 0x800053e4 (0x00a85413) srli    s0, a6, 10
core   0: 3 0x800053e4 (0x00a85413) x 8 0x00280000
core   0: 0x800053e8 (0x0319b4b3) mulhu   s1, s3, a7
core   0: 3 0x800053e8 (0x0319b4b3) x 9 0x40014b2e
core   0: 0x800053ec (0x9bab7c13) andi    s8, s6, -1606
core   0: 3 0x800053ec (0x9bab7c13) x24 0x00003822
core   0: 0x800053f0 (0xcd4bf693) andi    a3, s7, -812
core   0: 3 0x800053f0 (0xcd4bf693) x13 0xecb60000
core   0: 0x800053f4 (0x0161eeb3) or      t4, gp, s6
core   0: 3 0x800053f4 (0x0161eeb3) x29 0x00003ffe
core   0: 0x800053f8 (0x0021bbb3) sltu    s7, gp, sp
core   0: 3 0x800053f8 (0x0021bbb3) x23 0x00000001
core   0: 0x800053fc (0xae492e93) slti    t4, s2, -1308
core   0: 3 0x800053fc (0xae492e93) x29 0x00000000
core   0: 0x80005400 (0x02b397b3) mulh    a5, t2, a1
core   0: 3 0x80005400 (0x02b397b3) x15 0x00000000
core   0: 0x80005404 (0x408f02b3) sub     t0, t5, s0
core   0: 3 0x80005404 (0x408f02b3) x 5 0xffd80000
core   0: 0x80005408 (0x0223ca33) div     s4, t2, sp
core   0: 3 0x80005408 (0x0223ca33) x20 0x00000000
core   0: 0x8000540c (0x01d03933) snez    s2, t4
core   0: 3 0x8000540c (0x01d03933) x18 0x00000000
core   0: 0x80005410 (0x02887c33) remu    s8, a6, s0
core   0: 3 0x80005410 (0x02887c33) x24 0x00000000
core   0: 0x80005414 (0x02121933) mulh    s2, tp, ra
core   0: 3 0x80005414 (0x02121933) x18 0x00000020
core   0: 0x80005418 (0x03859bb3) mulh    s7, a1, s8
core   0: 3 0x80005418 (0x03859bb3) x23 0x00000000
core   0: 0x8000541c (0x41bcd893) srai    a7, s9, 27
core   0: 3 0x8000541c (0x41bcd893) x17 0xfffffff0
core   0: 0x80005420 (0x40a8d933) sra     s2, a7, a0
core   0: 3 0x80005420 (0x40a8d933) x18 0xffffffff
core   0: 0x80005424 (0x03a15c33) divu    s8, sp, s10
core   0: 3 0x80005424 (0x03a15c33) x24 0x00000000
core   0: 0x80005428 (0x03af3133) mulhu   sp, t5, s10
core   0: 3 0x80005428 (0x03af3133) x 2 0x00000000
core   0: 0x8000542c (0xb4aaf113) andi    sp, s5, -1206
core   0: 3 0x8000542c (0xb4aaf113) x 2 0x00000000
core   0: 0x80005430 (0x00a24633) xor     a2, tp, a0
core   0: 3 0x80005430 (0x00a24633) x12 0xe61b6b4a
core   0: 0x80005434 (0x03eb4db3) div     s11, s6, t5
core   0: 3 0x80005434 (0x03eb4db3) x27 0xffffffff
core   0: 0x80005438 (0x9f5e4f13) xori    t5, t3, -1547
core   0: 3 0x80005438 (0x9f5e4f13) x30 0x7ffff9f5
core   0: 0x8000543c (0x411b5513) srai    a0, s6, 17
core   0: 3 0x8000543c (0x411b5513) x10 0x00000000
core   0: 0x80005440 (0x01a77833) and     a6, a4, s10
core   0: 3 0x80005440 (0x01a77833) x16 0x80014000
core   0: 0x80005444 (0x00000013) nop
core   0: 3 0x80005444 (0x00000013)
core   0: 0x80005448 (0x73d98b13) addi    s6, s3, 1853
core   0: 3 0x80005448 (0x73d98b13) x22 0x8001526a
core   0: 0x8000544c (0x7c2e8f13) addi    t5, t4, 1986
core   0: 3 0x8000544c (0x7c2e8f13) x30 0x000007c2
core   0: 0x80005450 (0x00000013) nop
core   0: 3 0x80005450 (0x00000013)
core   0: 0x80005454 (0x6ac52b13) slti    s6, a0, 1708
core   0: 3 0x80005454 (0x6ac52b13) x22 0x00000001
core   0: 0x80005458 (0x03b7d6b3) divu    a3, a5, s11
core   0: 3 0x80005458 (0x03b7d6b3) x13 0x00000000
core   0: 0x8000545c (0x6e4b9017) auipc   zero, 0x6e4b9
core   0: 3 0x8000545c (0x6e4b9017)
core   0: 0x80005460 (0x03492433) mulhsu  s0, s2, s4
core   0: 3 0x80005460 (0x03492433) x 8 0x00000000
core   0: 0x80005464 (0x018888b3) add     a7, a7, s8
core   0: 3 0x80005464 (0x018888b3) x17 0xfffffff0
core   0: 0x80005468 (0x00548533) add     a0, s1, t0
core   0: 3 0x80005468 (0x00548533) x10 0x3fd94b2e
core   0: 0x8000546c (0x01069393) slli    t2, a3, 16
core   0: 3 0x8000546c (0x01069393) x 7 0x00000000
core   0: 0x80005470 (0x40fed513) srai    a0, t4, 15
core   0: 3 0x80005470 (0x40fed513) x10 0x00000000
core   0: 0x80005474 (0x010e5f93) srli    t6, t3, 16
core   0: 3 0x80005474 (0x010e5f93) x31 0x00008000
core   0: 0x80005478 (0x00bbf433) and     s0, s7, a1
core   0: 3 0x80005478 (0x00bbf433) x 8 0x00000000
core   0: 0x8000547c (0x03a32c33) mulhsu  s8, t1, s10
core   0: 3 0x8000547c (0x03a32c33) x24 0xffffffff
core   0: 0x80005480 (0x5fb14513) xori    a0, sp, 1531
core   0: 3 0x80005480 (0x5fb14513) x10 0x000005fb
core   0: 0x80005484 (0x2eb10b13) addi    s6, sp, 747
core   0: 3 0x80005484 (0x2eb10b13) x22 0x000002eb
core   0: 0x80005488 (0x02dabf33) mulhu   t5, s5, a3
core   0: 3 0x80005488 (0x02dabf33) x30 0x00000000
core   0: 0x8000548c (0x1709b113) sltiu   sp, s3, 368
core   0: 3 0x8000548c (0x1709b113) x 2 0x00000000
core   0: 0x80005490 (0x03f26833) rem     a6, tp, t6
core   0: 3 0x80005490 (0x03f26833) x16 0xffffecbe
core   0: 0x80005494 (0x01ac05b3) add     a1, s8, s10
core   0: 3 0x80005494 (0x01ac05b3) x11 0x8ecb6000
core   0: 0x80005498 (0x64aa3593) sltiu   a1, s4, 1610
core   0: 3 0x80005498 (0x64aa3593) x11 0x00000001
core   0: 0x8000549c (0x03ca2a33) mulhsu  s4, s4, t3
core   0: 3 0x8000549c (0x03ca2a33) x20 0x00000000
core   0: 0x800054a0 (0x0138bdb3) sltu    s11, a7, s3
core   0: 3 0x800054a0 (0x0138bdb3) x27 0x00000000
core   0: 0x800054a4 (0x0226e933) rem     s2, a3, sp
core   0: 3 0x800054a4 (0x0226e933) x18 0x00000000
core   0: 0x800054a8 (0x02487633) remu    a2, a6, tp
core   0: 3 0x800054a8 (0x02487633) x12 0x19e48000
core   0: 0x800054ac (0x034d82b3) mul     t0, s11, s4
core   0: 3 0x800054ac (0x034d82b3) x 5 0x00000000
core   0: 0x800054b0 (0x01fdef33) or      t5, s11, t6
core   0: 3 0x800054b0 (0x01fdef33) x30 0x00008000
core   0: 0x800054b4 (0xa4336993) ori     s3, t1, -1469
core   0: 3 0x800054b4 (0xa4336993) x19 0xffffffff
core   0: 0x800054b8 (0x024cab33) mulhsu  s6, s9, tp
core   0: 3 0x800054b8 (0x024cab33) x22 0x8cf3ae60
core   0: 0x800054bc (0x03c111b3) mulh    gp, sp, t3
core   0: 3 0x800054bc (0x03c111b3) x 3 0x00000000
core   0: 0x800054c0 (0x01185493) srli    s1, a6, 17
core   0: 3 0x800054c0 (0x01185493) x 9 0x00007fff
core   0: 0x800054c4 (0x4c160c37) lui     s8, 0x4c160
core   0: 3 0x800054c4 (0x4c160c37) x24 0x4c160000
core   0: 0x800054c8 (0x11eee793) ori     a5, t4, 286
core   0: 3 0x800054c8 (0x11eee793) x15 0x0000011e
core   0: 0x800054cc (0x413c0db3) sub     s11, s8, s3
core   0: 3 0x800054cc (0x413c0db3) x27 0x4c160001
core   0: 0x800054d0 (0x000042b3) xor     t0, zero, zero
core   0: 3 0x800054d0 (0x000042b3) x 5 0x00000000
core   0: 0x800054d4 (0xc0546393) ori     t2, s0, -1019
core   0: 3 0x800054d4 (0xc0546393) x 7 0xfffffc05
core   0: 0x800054d8 (0x77fa3a93) sltiu   s5, s4, 1919
core   0: 3 0x800054d8 (0x77fa3a93) x21 0x00000001
core   0: 0x800054dc (0x00f91bb3) sll     s7, s2, a5
core   0: 3 0x800054dc (0x00f91bb3) x23 0x00000000
core   0: 0x800054e0 (0x40068ab3) sub     s5, a3, zero
core   0: 3 0x800054e0 (0x40068ab3) x21 0x00000000
core   0: 0x800054e4 (0x85656193) ori     gp, a0, -1962
core   0: 3 0x800054e4 (0x85656193) x 3 0xfffffdff
core   0: 0x800054e8 (0x96bfc813) xori    a6, t6, -1685
core   0: 3 0x800054e8 (0x96bfc813) x16 0xffff796b
core   0: 0x800054ec (0x4e88e913) ori     s2, a7, 1256
core   0: 3 0x800054ec (0x4e88e913) x18 0xfffffff8
core   0: 0x800054f0 (0x03f39533) mulh    a0, t2, t6
core   0: 3 0x800054f0 (0x03f39533) x10 0xffffffff
core   0: 0x800054f4 (0x401f5d13) srai    s10, t5, 1
core   0: 3 0x800054f4 (0x401f5d13) x26 0x00004000
core   0: 0x800054f8 (0x40c9d033) sra     zero, s3, a2
core   0: 3 0x800054f8 (0x40c9d033)
core   0: 0x800054fc (0x0317d933) divu    s2, a5, a7
core   0: 3 0x800054fc (0x0317d933) x18 0x00000000
core   0: 0x80005500 (0xa626e393) ori     t2, a3, -1438
core   0: 3 0x80005500 (0xa626e393) x 7 0xfffffa62
core   0: 0x80005504 (0x01d50eb3) add     t4, a0, t4
core   0: 3 0x80005504 (0x01d50eb3) x29 0xffffffff
core   0: 0x80005508 (0x002a17b3) sll     a5, s4, sp
core   0: 3 0x80005508 (0x002a17b3) x15 0x00000000
core   0: 0x8000550c (0x02057433) remu    s0, a0, zero
core   0: 3 0x8000550c (0x02057433) x 8 0xffffffff
core   0: 0x80005510 (0x01eaf433) and     s0, s5, t5
core   0: 3 0x80005510 (0x01eaf433) x 8 0x00000000
core   0: 0x80005514 (0x03726833) rem     a6, tp, s7
core   0: 3 0x80005514 (0x03726833) x16 0xe61b6cbe
core   0: 0x80005518 (0x021fc6b3) div     a3, t6, ra
core   0: 3 0x80005518 (0x021fc6b3) x13 0xffffff9a
core   0: 0x8000551c (0x00d29833) sll     a6, t0, a3
core   0: 3 0x8000551c (0x00d29833) x16 0x00000000
core   0: 0x80005520 (0x00000013) nop
core   0: 3 0x80005520 (0x00000013)
core   0: 0x80005524 (0x9f8cba93) sltiu   s5, s9, -1544
core   0: 3 0x80005524 (0x9f8cba93) x21 0x00000001
core   0: 0x80005528 (0x024e3833) mulhu   a6, t3, tp
core   0: 3 0x80005528 (0x024e3833) x16 0x730db65f
core   0: 0x8000552c (0x40f55f13) srai    t5, a0, 15
core   0: 3 0x8000552c (0x40f55f13) x30 0xffffffff
core   0: 0x80005530 (0x012e1a33) sll     s4, t3, s2
core   0: 3 0x80005530 (0x012e1a33) x20 0x80000000
core   0: 0x80005534 (0xdca4b793) sltiu   a5, s1, -566
core   0: 3 0x80005534 (0xdca4b793) x15 0x00000001
core   0: 0x80005538 (0xae92af93) slti    t6, t0, -1303
core   0: 3 0x80005538 (0xae92af93) x31 0x00000000
core   0: 0x8000553c (0xd6d6c613) xori    a2, a3, -659
core   0: 3 0x8000553c (0xd6d6c613) x12 0x000002f7
core   0: 0x80005540 (0x4043d393) srai    t2, t2, 4
core   0: 3 0x80005540 (0x4043d393) x 7 0xffffffa6
core   0: 0x80005544 (0x00c230b3) sltu    ra, tp, a2
core   0: 3 0x80005544 (0x00c230b3) x 1 0x00000000
core   0: 0x80005548 (0x00f55db3) srl     s11, a0, a5
core   0: 3 0x80005548 (0x00f55db3) x27 0x7fffffff
core   0: 0x8000554c (0x03630db3) mul     s11, t1, s6
core   0: 3 0x8000554c (0x03630db3) x27 0x730c51a0
core   0: 0x80005550 (0x9ce60f93) addi    t6, a2, -1586
core   0: 3 0x80005550 (0x9ce60f93) x31 0xfffffcc5
core   0: 0x80005554 (0x2a4a6193) ori     gp, s4, 676
core   0: 3 0x80005554 (0x2a4a6193) x 3 0x800002a4
core   0: 0x80005558 (0x0198e033) or      zero, a7, s9
core   0: 3 0x80005558 (0x0198e033)
core   0: 0x8000555c (0x00aa2933) slt     s2, s4, a0
core   0: 3 0x8000555c (0x00aa2933) x18 0x00000001
core   0: 0x80005560 (0x01b3d333) srl     t1, t2, s11
core   0: 3 0x80005560 (0x01b3d333) x 6 0xffffffa6
core   0: 0x80005564 (0x00c4d133) srl     sp, s1, a2
core   0: 3 0x80005564 (0x00c4d133) x 2 0x00000000
core   0: 0x80005568 (0x001f65b3) or      a1, t5, ra
core   0: 3 0x80005568 (0x001f65b3) x11 0xffffffff
core   0: 0x8000556c (0x00f1d8b3) srl     a7, gp, a5
core   0: 3 0x8000556c (0x00f1d8b3) x17 0x40000152
core   0: 0x80005570 (0x03d49633) mulh    a2, s1, t4
core   0: 3 0x80005570 (0x03d49633) x12 0xffffffff
core   0: 0x80005574 (0xb6247f93) andi    t6, s0, -1182
core   0: 3 0x80005574 (0xb6247f93) x31 0x00000000
core   0: 0x80005578 (0x015b0233) add     tp, s6, s5
core   0: 3 0x80005578 (0x015b0233) x 4 0x8cf3ae61
core   0: 0x8000557c (0x03542bb3) mulhsu  s7, s0, s5
core   0: 3 0x8000557c (0x03542bb3) x23 0x00000000
core   0: 0x80005580 (0x2e460093) addi    ra, a2, 740
core   0: 3 0x80005580 (0x2e460093) x 1 0x000002e3
core   0: 0x80005584 (0x01df06b3) add     a3, t5, t4
core   0: 3 0x80005584 (0x01df06b3) x13 0xfffffffe
core   0: 0x80005588 (0x01a41833) sll     a6, s0, s10
core   0: 3 0x80005588 (0x01a41833) x16 0x00000000
core   0: 0x8000558c (0x0236a833) mulhsu  a6, a3, gp
core   0: 3 0x8000558c (0x0236a833) x16 0xfffffffe
core   0: 0x80005590 (0x406b56b3) sra     a3, s6, t1
core   0: 3 0x80005590 (0x406b56b3) x13 0xfe33ceb9
core   0: 0x80005594 (0x00bfbbb3) sltu    s7, t6, a1
core   0: 3 0x80005594 (0x00bfbbb3) x23 0x00000001
core   0: 0x80005598 (0xfb0b8a93) addi    s5, s7, -80
core   0: 3 0x80005598 (0xfb0b8a93) x21 0xffffffb1
core   0: 0x8000559c (0x0272cfb3) div     t6, t0, t2
core   0: 3 0x8000559c (0x0272cfb3) x31 0x00000000
core   0: 0x800055a0 (0x4ca83b13) sltiu   s6, a6, 1226
core   0: 3 0x800055a0 (0x4ca83b13) x22 0x00000000
core   0: 0x800055a4 (0x018e1f93) slli    t6, t3, 24
core   0: 3 0x800055a4 (0x018e1f93) x31 0x00000000
core   0: 0x800055a8 (0x02d082b3) mul     t0, ra, a3
core   0: 3 0x800055a8 (0x02d082b3) x 5 0xcf8dc00b
core   0: 0x800055ac (0x02607db3) remu    s11, zero, t1
core   0: 3 0x800055ac (0x02607db3) x27 0x00000000
core   0: 0x800055b0 (0x0015e933) or      s2, a1, ra
core   0: 3 0x800055b0 (0x0015e933) x18 0xffffffff
core   0: 0x800055b4 (0x003c9533) sll     a0, s9, gp
core   0: 3 0x800055b4 (0x003c9533) x10 0x0018ce40
core   0: 0x800055b8 (0x02d64633) div     a2, a2, a3
core   0: 3 0x800055b8 (0x02d64633) x12 0x00000000
core   0: 0x800055bc (0x02ee8a33) mul     s4, t4, a4
core   0: 3 0x800055bc (0x02ee8a33) x20 0x7ffeb19c
core   0: 0x800055c0 (0x752c5217) auipc   tp, 0x752c5
core   0: 3 0x800055c0 (0x752c5217) x 4 0xf52ca5c0
core   0: 0x800055c4 (0x01e88233) add     tp, a7, t5
core   0: 3 0x800055c4 (0x01e88233) x 4 0x40000151
core   0: 0x800055c8 (0xdd67e293) ori     t0, a5, -554
core   0: 3 0x800055c8 (0xdd67e293) x 5 0xfffffdd7
core   0: 0x800055cc (0x98bd4793) xori    a5, s10, -1653
core   0: 3 0x800055cc (0x98bd4793) x15 0xffffb98b
core   0: 0x800055d0 (0x40ad8db3) sub     s11, s11, a0
core   0: 3 0x800055d0 (0x40ad8db3) x27 0xffe731c0
core   0: 0x800055d4 (0x011f1913) slli    s2, t5, 17
core   0: 3 0x800055d4 (0x011f1913) x18 0xfffe0000
core   0: 0x800055d8 (0x372ae313) ori     t1, s5, 882
core   0: 3 0x800055d8 (0x372ae313) x 6 0xfffffff3
core   0: 0x800055dc (0xb107ad93) slti    s11, a5, -1264
core   0: 3 0x800055dc (0xb107ad93) x27 0x00000001
core   0: 0x800055e0 (0xb19224b7) lui     s1, 0xb1922
core   0: 3 0x800055e0 (0xb19224b7) x 9 0xb1922000
core   0: 0x800055e4 (0x51598997) auipc   s3, 0x51598
core   0: 3 0x800055e4 (0x51598997) x19 0xd159d5e4
core   0: 0x800055e8 (0x01a2eab3) or      s5, t0, s10
core   0: 3 0x800055e8 (0x01a2eab3) x21 0xfffffdd7
core   0: 0x800055ec (0x419389b3) sub     s3, t2, s9
core   0: 3 0x800055ec (0x419389b3) x19 0x7ffe72c2
core   0: 0x800055f0 (0x497a5237) lui     tp, 0x497a5
core   0: 3 0x800055f0 (0x497a5237) x 4 0x497a5000
core   0: 0x800055f4 (0x005ce933) or      s2, s9, t0
core   0: 3 0x800055f4 (0x005ce933) x18 0xfffffdf7
core   0: 0x800055f8 (0x020afbb3) remu    s7, s5, zero
core   0: 3 0x800055f8 (0x020afbb3) x23 0xfffffdd7
core   0: 0x800055fc (0x02da3d33) mulhu   s10, s4, a3
core   0: 3 0x800055fc (0x02da3d33) x26 0x7f189b51
core   0: 0x80005600 (0x00a448b3) xor     a7, s0, a0
core   0: 3 0x80005600 (0x00a448b3) x17 0x0018ce40
core   0: 0x80005604 (0x011e87b3) add     a5, t4, a7
core   0: 3 0x80005604 (0x011e87b3) x15 0x0018ce3f
core   0: 0x80005608 (0x025ed1b3) divu    gp, t4, t0
core   0: 3 0x80005608 (0x025ed1b3) x 3 0x00000001
core   0: 0x8000560c (0x01d27f33) and     t5, tp, t4
core   0: 3 0x8000560c (0x01d27f33) x30 0x497a5000
core   0: 0x80005610 (0x405e8c33) sub     s8, t4, t0
core   0: 3 0x80005610 (0x405e8c33) x24 0x00000228
core   0: 0x80005614 (0x00000013) nop
core   0: 3 0x80005614 (0x00000013)
core   0: 0x80005618 (0x0283e6b3) rem     a3, t2, s0
core   0: 3 0x80005618 (0x0283e6b3) x13 0xffffffa6
core   0: 0x8000561c (0x00a133b3) sltu    t2, sp, a0
core   0: 3 0x8000561c (0x00a133b3) x 7 0x00000001
core   0: 0x80005620 (0x00d296b3) sll     a3, t0, a3
core   0: 3 0x80005620 (0x00d296b3) x13 0xffff75c0
core   0: 0x80005624 (0x01393433) sltu    s0, s2, s3
core   0: 3 0x80005624 (0x01393433) x 8 0x00000000
core   0: 0x80005628 (0x02a1f9b3) remu    s3, gp, a0
core   0: 3 0x80005628 (0x02a1f9b3) x19 0x00000001
core   0: 0x8000562c (0x008140b3) xor     ra, sp, s0
core   0: 3 0x8000562c (0x008140b3) x 1 0x00000000
core   0: 0x80005630 (0x0394ab33) mulhsu  s6, s1, s9
core   0: 3 0x80005630 (0x0394ab33) x22 0xd8c89668
core   0: 0x80005634 (0x64a3e497) auipc   s1, 0x64a3e
core   0: 3 0x80005634 (0x64a3e497) x 9 0xe4a43634
core   0: 0x80005638 (0x01cad233) srl     tp, s5, t3
core   0: 3 0x80005638 (0x01cad233) x 4 0xfffffdd7
core   0: 0x8000563c (0x403cdb33) sra     s6, s9, gp
core   0: 3 0x8000563c (0x403cdb33) x22 0xc000c672
core   0: 0x80005640 (0x033ccd33) div     s10, s9, s3
core   0: 3 0x80005640 (0x033ccd33) x26 0x80018ce4
core   0: 0x80005644 (0x018690b3) sll     ra, a3, s8
core   0: 3 0x80005644 (0x018690b3) x 1 0xff75c000
core   0: 0x80005648 (0x0177f0b3) and     ra, a5, s7
core   0: 3 0x80005648 (0x0177f0b3) x 1 0x0018cc17
core   0: 0x8000564c (0x03bfa133) mulhsu  sp, t6, s11
core   0: 3 0x8000564c (0x03bfa133) x 2 0x00000000
core   0: 0x80005650 (0x02ecb233) mulhu   tp, s9, a4
core   0: 3 0x80005650 (0x02ecb233) x 4 0x40016da6
core   0: 0x80005654 (0x002cad33) slt     s10, s9, sp
core   0: 3 0x80005654 (0x002cad33) x26 0x00000001
core   0: 0x80005658 (0x6059cf13) xori    t5, s3, 1541
core   0: 3 0x80005658 (0x6059cf13) x30 0x00000604
core   0: 0x8000565c (0x0393c9b3) div     s3, t2, s9
core   0: 3 0x8000565c (0x0393c9b3) x19 0x00000000
core   0: 0x80005660 (0x013c5b93) srli    s7, s8, 19
core   0: 3 0x80005660 (0x013c5b93) x23 0x00000000
core   0: 0x80005664 (0x0004d4b3) srl     s1, s1, zero
core   0: 3 0x80005664 (0x0004d4b3) x 9 0xe4a43634
core   0: 0x80005668 (0x02399a33) mulh    s4, s3, gp
core   0: 3 0x80005668 (0x02399a33) x20 0x00000000
core   0: 0x8000566c (0x40efd093) srai    ra, t6, 14
core   0: 3 0x8000566c (0x40efd093) x 1 0x00000000
core   0: 0x80005670 (0xf668d997) auipc   s3, 0xf668d
core   0: 3 0x80005670 (0xf668d997) x19 0x76692670
core   0: 0x80005674 (0x00f4e5b3) or      a1, s1, a5
core   0: 3 0x80005674 (0x00f4e5b3) x11 0xe4bcfe3f
core   0: 0x80005678 (0x02b9fab3) remu    s5, s3, a1
core   0: 3 0x80005678 (0x02b9fab3) x21 0x76692670
core   0: 0x8000567c (0x01d23a33) sltu    s4, tp, t4
core   0: 3 0x8000567c (0x01d23a33) x20 0x00000001
core   0: 0x80005680 (0xc3a10d13) addi    s10, sp, -966
core   0: 3 0x80005680 (0xc3a10d13) x26 0xfffffc3a
core   0: 0x80005684 (0x03f69c33) mulh    s8, a3, t6
core   0: 3 0x80005684 (0x03f69c33) x24 0x00000000
core   0: 0x80005688 (0x0083eeb3) or      t4, t2, s0
core   0: 3 0x80005688 (0x0083eeb3) x29 0x00000001
core   0: 0x8000568c (0x029c59b3) divu    s3, s8, s1
core   0: 3 0x8000568c (0x029c59b3) x19 0x00000000
core   0: 0x80005690 (0x41cb5893) srai    a7, s6, 28
core   0: 3 0x80005690 (0x41cb5893) x17 0xfffffffc
core   0: 0x80005694 (0x0150d8b3) srl     a7, ra, s5
core   0: 3 0x80005694 (0x0150d8b3) x17 0x00000000
core   0: 0x80005698 (0x03d0b5b3) mulhu   a1, ra, t4
core   0: 3 0x80005698 (0x03d0b5b3) x11 0x00000000
core   0: 0x8000569c (0x00bdbbb3) sltu    s7, s11, a1
core   0: 3 0x8000569c (0x00bdbbb3) x23 0x00000000
core   0: 0x800056a0 (0x952a2513) slti    a0, s4, -1710
core   0: 3 0x800056a0 (0x952a2513) x10 0x00000000
core   0: 0x800056a4 (0x03b25633) divu    a2, tp, s11
core   0: 3 0x800056a4 (0x03b25633) x12 0x40016da6
core   0: 0x800056a8 (0x402fdd93) srai    s11, t6, 2
core   0: 3 0x800056a8 (0x402fdd93) x27 0x00000000
core   0: 0x800056ac (0x00df6b33) or      s6, t5, a3
core   0: 3 0x800056ac (0x00df6b33) x22 0xffff77c4
core   0: 0x800056b0 (0x41abd993) srai    s3, s7, 26
core   0: 3 0x800056b0 (0x41abd993) x19 0x00000000
core   0: 0x800056b4 (0x40a4d913) srai    s2, s1, 10
core   0: 3 0x800056b4 (0x40a4d913) x18 0xfff9290d
core   0: 0x800056b8 (0x00000013) nop
core   0: 3 0x800056b8 (0x00000013)
core   0: 0x800056bc (0x03eeb0b3) mulhu   ra, t4, t5
core   0: 3 0x800056bc (0x03eeb0b3) x 1 0x00000000
core   0: 0x800056c0 (0x380e4f13) xori    t5, t3, 896
core   0: 3 0x800056c0 (0x380e4f13) x30 0x80000380
core   0: 0x800056c4 (0x02a80e93) addi    t4, a6, 42
core   0: 3 0x800056c4 (0x02a80e93) x29 0x00000028
core   0: 0x800056c8 (0x009006b3) add     a3, zero, s1
core   0: 3 0x800056c8 (0x009006b3) x13 0xe4a43634
core   0: 0x800056cc (0x0339a6b3) mulhsu  a3, s3, s3
core   0: 3 0x800056cc (0x0339a6b3) x13 0x00000000
core   0: 0x800056d0 (0x01c159b3) srl     s3, sp, t3
core   0: 3 0x800056d0 (0x01c159b3) x19 0x00000000
core   0: 0x800056d4 (0x40e00533) sub     a0, zero, a4
core   0: 3 0x800056d4 (0x40e00533) x10 0x7ffeb19c
core   0: 0x800056d8 (0x40065433) sra     s0, a2, zero
core   0: 3 0x800056d8 (0x40065433) x 8 0x40016da6
core   0: 0x800056dc (0x01901693) slli    a3, zero, 25
core   0: 3 0x800056dc (0x01901693) x13 0x00000000
core   0: 0x800056e0 (0x4f299db7) lui     s11, 0x4f299
core   0: 3 0x800056e0 (0x4f299db7) x27 0x4f299000
core   0: 0x800056e4 (0x03ef6fb3) rem     t6, t5, t5
core   0: 3 0x800056e4 (0x03ef6fb3) x31 0x00000000
core   0: 0x800056e8 (0x00000013) nop
core   0: 3 0x800056e8 (0x00000013)
core   0: 0x800056ec (0x01f663b3) or      t2, a2, t6
core   0: 3 0x800056ec (0x01f663b3) x 7 0x40016da6
core   0: 0x800056f0 (0x03b02eb3) mulhsu  t4, zero, s11
core   0: 3 0x800056f0 (0x03b02eb3) x29 0x00000000
core   0: 0x800056f4 (0x40afdc33) sra     s8, t6, a0
core   0: 3 0x800056f4 (0x40afdc33) x24 0x00000000
core   0: 0x800056f8 (0x015bc6b3) xor     a3, s7, s5
core   0: 3 0x800056f8 (0x015bc6b3) x13 0x76692670
core   0: 0x800056fc (0x00465fb3) srl     t6, a2, tp
core   0: 3 0x800056fc (0x00465fb3) x31 0x010005b6
core   0: 0x80005700 (0x026350b3) divu    ra, t1, t1
core   0: 3 0x80005700 (0x026350b3) x 1 0x00000001
core   0: 0x80005704 (0x01159613) slli    a2, a1, 17
core   0: 3 0x80005704 (0x01159613) x12 0x00000000
core   0: 0x80005708 (0x02e6b033) mulhu   zero, a3, a4
core   0: 3 0x80005708 (0x02e6b033)
core   0: 0x8000570c (0x031ff8b3) remu    a7, t6, a7
core   0: 3 0x8000570c (0x031ff8b3) x17 0x010005b6
core   0: 0x80005710 (0xa4bc3d13) sltiu   s10, s8, -1461
core   0: 3 0x80005710 (0xa4bc3d13) x26 0x00000001
core   0: 0x80005714 (0x00415f13) srli    t5, sp, 4
core   0: 3 0x80005714 (0x00415f13) x30 0x00000000
core   0: 0x80005718 (0x02f4e4b3) rem     s1, s1, a5
core   0: 3 0x80005718 (0x02f4e4b3) x 9 0xfff7679a
core   0: 0x8000571c (0x02fdf4b3) remu    s1, s11, a5
core   0: 3 0x8000571c (0x02fdf4b3) x 9 0x00182730
core   0: 0x80005720 (0x41e8d5b3) sra     a1, a7, t5
core   0: 3 0x80005720 (0x41e8d5b3) x11 0x010005b6
core   0: 0x80005724 (0x01e6d833) srl     a6, a3, t5
core   0: 3 0x80005724 (0x01e6d833) x16 0x76692670
core   0: 0x80005728 (0x02c6dd33) divu    s10, a3, a2
core   0: 3 0x80005728 (0x02c6dd33) x26 0xffffffff
core   0: 0x8000572c (0x4369b813) sltiu   a6, s3, 1078
core   0: 3 0x8000572c (0x4369b813) x16 0x00000001
core   0: 0x80005730 (0x00c73f33) sltu    t5, a4, a2
core   0: 3 0x80005730 (0x00c73f33) x30 0x00000000
core   0: 0x80005734 (0x41edd233) sra     tp, s11, t5
core   0: 3 0x80005734 (0x41edd233) x 4 0x4f299000
core   0: 0x80005738 (0x01c31193) slli    gp, t1, 28
core   0: 3 0x80005738 (0x01c31193) x 3 0x30000000
core   0: 0x8000573c (0x0135a333) slt     t1, a1, s3
core   0: 3 0x8000573c (0x0135a333) x 6 0x00000000
core   0: 0x80005740 (0x00bd2033) slt     zero, s10, a1
core   0: 3 0x80005740 (0x00bd2033)
core   0: 0x80005744 (0xf387a413) slti    s0, a5, -200
core   0: 3 0x80005744 (0xf387a413) x 8 0x00000000
core   0: 0x80005748 (0x41fcd533) sra     a0, s9, t6
core   0: 3 0x80005748 (0x41fcd533) x10 0xfffffe00
core   0: 0x8000574c (0x02023133) mulhu   sp, tp, zero
core   0: 3 0x8000574c (0x02023133) x 2 0x00000000
core   0: 0x80005750 (0x03bed033) divu    zero, t4, s11
core   0: 3 0x80005750 (0x03bed033)
core   0: 0x80005754 (0x401501b3) sub     gp, a0, ra
core   0: 3 0x80005754 (0x401501b3) x 3 0xfffffdff
core   0: 0x80005758 (0x40a60033) sub     zero, a2, a0
core   0: 3 0x80005758 (0x40a60033)
core   0: 0x8000575c (0x6b683693) sltiu   a3, a6, 1718
core   0: 3 0x8000575c (0x6b683693) x13 0x00000001
core   0: 0x80005760 (0x022be833) rem     a6, s7, sp
core   0: 3 0x80005760 (0x022be833) x16 0x00000000
core   0: 0x80005764 (0x01c9df13) srli    t5, s3, 28
core   0: 3 0x80005764 (0x01c9df13) x30 0x00000000
core   0: 0x80005768 (0x01c75b93) srli    s7, a4, 28
core   0: 3 0x80005768 (0x01c75b93) x23 0x00000008
core   0: 0x8000576c (0x01996233) or      tp, s2, s9
core   0: 3 0x8000576c (0x01996233) x 4 0xfff9aded
core   0: 0x80005770 (0xb9c89997) auipc   s3, 0xb9c89
core   0: 3 0x80005770 (0xb9c89997) x19 0x39c8e770
core   0: 0x80005774 (0x5b84bf17) auipc   t5, 0x5b84b
core   0: 3 0x80005774 (0x5b84bf17) x30 0xdb850774
core   0: 0x80005778 (0x033a6033) rem     zero, s4, s3
core   0: 3 0x80005778 (0x033a6033)
core   0: 0x8000577c (0x006b05b3) add     a1, s6, t1
core   0: 3 0x8000577c (0x006b05b3) x11 0xffff77c4
core   0: 0x80005780 (0x4112d213) srai    tp, t0, 17
core   0: 3 0x80005780 (0x4112d213) x 4 0xffffffff
core   0: 0x80005784 (0x88498693) addi    a3, s3, -1916
core   0: 3 0x80005784 (0x88498693) x13 0x39c8dff4
core   0: 0x80005788 (0x02a54133) div     sp, a0, a0
core   0: 3 0x80005788 (0x02a54133) x 2 0x00000001
core   0: 0x8000578c (0x092c8693) addi    a3, s9, 146
core   0: 3 0x8000578c (0x092c8693) x13 0x80018d76
core   0: 0x80005790 (0x03131f33) mulh    t5, t1, a7
core   0: 3 0x80005790 (0x03131f33) x30 0x00000000
core   0: 0x80005794 (0x00ab1ab3) sll     s5, s6, a0
core   0: 3 0x80005794 (0x00ab1ab3) x21 0xffff77c4
core   0: 0x80005798 (0x01b73c33) sltu    s8, a4, s11
core   0: 3 0x80005798 (0x01b73c33) x24 0x00000000
core   0: 0x8000579c (0x030b6633) rem     a2, s6, a6
core   0: 3 0x8000579c (0x030b6633) x12 0xffff77c4
core   0: 0x800057a0 (0x0001d833) srl     a6, gp, zero
core   0: 3 0x800057a0 (0x0001d833) x16 0xfffffdff
core   0: 0x800057a4 (0x03eb54b3) divu    s1, s6, t5
core   0: 3 0x800057a4 (0x03eb54b3) x 9 0xffffffff
core   0: 0x800057a8 (0xd628ce93) xori    t4, a7, -670
core   0: 3 0x800057a8 (0xd628ce93) x29 0xfefff8d4
core   0: 0x800057ac (0x2615a613) slti    a2, a1, 609
core   0: 3 0x800057ac (0x2615a613) x12 0x00000001
core   0: 0x800057b0 (0x00145193) srli    gp, s0, 1
core   0: 3 0x800057b0 (0x00145193) x 3 0x00000000
core   0: 0x800057b4 (0x01595f13) srli    t5, s2, 21
core   0: 3 0x800057b4 (0x01595f13) x30 0x000007ff
core   0: 0x800057b8 (0xdcd8a893) slti    a7, a7, -563
core   0: 3 0x800057b8 (0xdcd8a893) x17 0x00000000
core   0: 0x800057bc (0x00e530b3) sltu    ra, a0, a4
core   0: 3 0x800057bc (0x00e530b3) x 1 0x00000000
core   0: 0x800057c0 (0x03620233) mul     tp, tp, s6
core   0: 3 0x800057c0 (0x03620233) x 4 0x0000883c
core   0: 0x800057c4 (0x00845613) srli    a2, s0, 8
core   0: 3 0x800057c4 (0x00845613) x12 0x00000000
core   0: 0x800057c8 (0x24c7f293) andi    t0, a5, 588
core   0: 3 0x800057c8 (0x24c7f293) x 5 0x0000020c
core   0: 0x800057cc (0xeebac413) xori    s0, s5, -277
core   0: 3 0x800057cc (0xeebac413) x 8 0x0000892f
core   0: 0x800057d0 (0x019c5993) srli    s3, s8, 25
core   0: 3 0x800057d0 (0x019c5993) x19 0x00000000
core   0: 0x800057d4 (0x03a81833) mulh    a6, a6, s10
core   0: 3 0x800057d4 (0x03a81833) x16 0x00000000
core   0: 0x800057d8 (0x00ef6633) or      a2, t5, a4
core   0: 3 0x800057d8 (0x00ef6633) x12 0x80014fff
core   0: 0x800057dc (0x77dca917) auipc   s2, 0x77dca
core   0: 3 0x800057dc (0x77dca917) x18 0xf7dcf7dc
core   0: 0x800057e0 (0x41af97b7) lui     a5, 0x41af9
core   0: 3 0x800057e0 (0x41af97b7) x15 0x41af9000
core   0: 0x800057e4 (0x0277aa33) mulhsu  s4, a5, t2
core   0: 3 0x800057e4 (0x0277aa33) x20 0x106c41d1
core   0: 0x800057e8 (0x02327eb3) remu    t4, tp, gp
core   0: 3 0x800057e8 (0x02327eb3) x29 0x0000883c
core   0: 0x800057ec (0x003b39b3) sltu    s3, s6, gp
core   0: 3 0x800057ec (0x003b39b3) x19 0x00000000
core   0: 0x800057f0 (0x00000013) nop
core   0: 3 0x800057f0 (0x00000013)
core   0: 0x800057f4 (0x002417b3) sll     a5, s0, sp
core   0: 3 0x800057f4 (0x002417b3) x15 0x0001125e
core   0: 0x800057f8 (0xf32e6193) ori     gp, t3, -206
core   0: 3 0x800057f8 (0xf32e6193) x 3 0xffffff32
core   0: 0x800057fc (0xa2baf913) andi    s2, s5, -1493
core   0: 3 0x800057fc (0xa2baf913) x18 0xffff7200
core   0: 0x80005800 (0x010f7a33) and     s4, t5, a6
core   0: 3 0x80005800 (0x010f7a33) x20 0x00000000
core   0: 0x80005804 (0x0072c6b3) xor     a3, t0, t2
core   0: 3 0x80005804 (0x0072c6b3) x13 0x40016faa
core   0: 0x80005808 (0x409a0c17) auipc   s8, 0x409a0
core   0: 3 0x80005808 (0x409a0c17) x24 0xc09a5808
core   0: 0x8000580c (0xfee8bf93) sltiu   t6, a7, -18
core   0: 3 0x8000580c (0xfee8bf93) x31 0x00000001
core   0: 0x80005810 (0x407bd693) srai    a3, s7, 7
core   0: 3 0x80005810 (0x407bd693) x13 0x00000000
core   0: 0x80005814 (0x005145b3) xor     a1, sp, t0
core   0: 3 0x80005814 (0x005145b3) x11 0x0000020d
core   0: 0x80005818 (0x002e0633) add     a2, t3, sp
core   0: 3 0x80005818 (0x002e0633) x12 0x80000001
core   0: 0x8000581c (0x66052493) slti    s1, a0, 1632
core   0: 3 0x8000581c (0x66052493) x 9 0x00000001
core   0: 0x80005820 (0x00b31133) sll     sp, t1, a1
core   0: 3 0x80005820 (0x00b31133) x 2 0x00000000
core   0: 0x80005824 (0x0286ac33) mulhsu  s8, a3, s0
core   0: 3 0x80005824 (0x0286ac33) x24 0x00000000
core   0: 0x80005828 (0x005d4eb3) xor     t4, s10, t0
core   0: 3 0x80005828 (0x005d4eb3) x29 0xfffffdf3
core   0: 0x8000582c (0xded48613) addi    a2, s1, -531
core   0: 3 0x8000582c (0xded48613) x12 0xfffffdee
core   0: 0x80005830 (0x028c2b33) mulhsu  s6, s8, s0
core   0: 3 0x80005830 (0x028c2b33) x22 0x00000000
core   0: 0x80005834 (0x00545a93) srli    s5, s0, 5
core   0: 3 0x80005834 (0x00545a93) x21 0x00000449
core   0: 0x80005838 (0x01d77333) and     t1, a4, t4
core   0: 3 0x80005838 (0x01d77333) x 6 0x80014c60
core   0: 0x8000583c (0x412bd3b3) sra     t2, s7, s2
core   0: 3 0x8000583c (0x412bd3b3) x 7 0x00000008
core   0: 0x80005840 (0xd5f64613) xori    a2, a2, -673
core   0: 3 0x80005840 (0xd5f64613) x12 0x000000b1
core   0: 0x80005844 (0x40d05793) srai    a5, zero, 13
core   0: 3 0x80005844 (0x40d05793) x15 0x00000000
core   0: 0x80005848 (0x03e5f533) remu    a0, a1, t5
core   0: 3 0x80005848 (0x03e5f533) x10 0x0000020d
core   0: 0x8000584c (0xa4c28993) addi    s3, t0, -1460
core   0: 3 0x8000584c (0xa4c28993) x19 0xfffffc58
core   0: 0x80005850 (0x03de7333) remu    t1, t3, t4
core   0: 3 0x80005850 (0x03de7333) x 6 0x80000000
core   0: 0x80005854 (0x035aadb3) mulhsu  s11, s5, s5
core   0: 3 0x80005854 (0x035aadb3) x27 0x00000000
core   0: 0x80005858 (0xf963f993) andi    s3, t2, -106
core   0: 3 0x80005858 (0xf963f993) x19 0x00000000
core   0: 0x8000585c (0x02597db3) remu    s11, s2, t0
core   0: 3 0x8000585c (0x02597db3) x27 0x00000034
core   0: 0x80005860 (0x0149d6b3) srl     a3, s3, s4
core   0: 3 0x80005860 (0x0149d6b3) x13 0x00000000
core   0: 0x80005864 (0x02bb2533) mulhsu  a0, s6, a1
core   0: 3 0x80005864 (0x02bb2533) x10 0x00000000
core   0: 0x80005868 (0xb631d897) auipc   a7, 0xb631d
core   0: 3 0x80005868 (0xb631d897) x17 0x36322868
core   0: 0x8000586c (0x419fd893) srai    a7, t6, 25
core   0: 3 0x8000586c (0x419fd893) x17 0x00000000
core   0: 0x80005870 (0x01b39593) slli    a1, t2, 27
core   0: 3 0x80005870 (0x01b39593) x11 0x40000000
core   0: 0x80005874 (0x011f6eb3) or      t4, t5, a7
core   0: 3 0x80005874 (0x011f6eb3) x29 0x000007ff
core   0: 0x80005878 (0xd65e6413) ori     s0, t3, -667
core   0: 3 0x80005878 (0xd65e6413) x 8 0xfffffd65
core   0: 0x8000587c (0x039c7933) remu    s2, s8, s9
core   0: 3 0x8000587c (0x039c7933) x18 0x00000000
core   0: 0x80005880 (0xb3cdec13) ori     s8, s11, -1220
core   0: 3 0x80005880 (0xb3cdec13) x24 0xfffffb3c
core   0: 0x80005884 (0x0136d113) srli    sp, a3, 19
core   0: 3 0x80005884 (0x0136d113) x 2 0x00000000
core   0: 0x80005888 (0x01ed5f93) srli    t6, s10, 30
core   0: 3 0x80005888 (0x01ed5f93) x31 0x00000003
core   0: 0x8000588c (0xcfbeef37) lui     t5, 0xcfbee
core   0: 3 0x8000588c (0xcfbeef37) x30 0xcfbee000
core   0: 0x80005890 (0x4059d133) sra     sp, s3, t0
core   0: 3 0x80005890 (0x4059d133) x 2 0x00000000
core   0: 0x80005894 (0x01ba7c33) and     s8, s4, s11
core   0: 3 0x80005894 (0x01ba7c33) x24 0x00000000
core   0: 0x80005898 (0x006f44b3) xor     s1, t5, t1
core   0: 3 0x80005898 (0x006f44b3) x 9 0x4fbee000
core   0: 0x8000589c (0x00349f13) slli    t5, s1, 3
core   0: 3 0x8000589c (0x00349f13) x30 0x7df70000
core   0: 0x800058a0 (0x022fd1b3) divu    gp, t6, sp
core   0: 3 0x800058a0 (0x022fd1b3) x 3 0xffffffff
core   0: 0x800058a4 (0x0063afb3) slt     t6, t2, t1
core   0: 3 0x800058a4 (0x0063afb3) x31 0x00000000
core   0: 0x800058a8 (0x01f25793) srli    a5, tp, 31
core   0: 3 0x800058a8 (0x01f25793) x15 0x00000000
core   0: 0x800058ac (0x03ef2b33) mulhsu  s6, t5, t5
core   0: 3 0x800058ac (0x03ef2b33) x22 0x3dfb2451
core   0: 0x800058b0 (0x0184b5b3) sltu    a1, s1, s8
core   0: 3 0x800058b0 (0x0184b5b3) x11 0x00000000
core   0: 0x800058b4 (0xf79a0a13) addi    s4, s4, -135
core   0: 3 0x800058b4 (0xf79a0a13) x20 0xffffff79
core   0: 0x800058b8 (0x0060e1b3) or      gp, ra, t1
core   0: 3 0x800058b8 (0x0060e1b3) x 3 0x80000000
core   0: 0x800058bc (0x0012ac33) slt     s8, t0, ra
core   0: 3 0x800058bc (0x0012ac33) x24 0x00000000
core   0: 0x800058c0 (0x41465d33) sra     s10, a2, s4
core   0: 3 0x800058c0 (0x41465d33) x26 0x00000000
core   0: 0x800058c4 (0x41990db3) sub     s11, s2, s9
core   0: 3 0x800058c4 (0x41990db3) x27 0x7ffe731c
core   0: 0x800058c8 (0x00ac6c33) or      s8, s8, a0
core   0: 3 0x800058c8 (0x00ac6c33) x24 0x00000000
core   0: 0x800058cc (0x9b7bb613) sltiu   a2, s7, -1609
core   0: 3 0x800058cc (0x9b7bb613) x12 0x00000001
core   0: 0x800058d0 (0x0260cc33) div     s8, ra, t1
core   0: 3 0x800058d0 (0x0260cc33) x24 0x00000000
core   0: 0x800058d4 (0x8ff14093) xori    ra, sp, -1793
core   0: 3 0x800058d4 (0x8ff14093) x 1 0xfffff8ff
core   0: 0x800058d8 (0x01bd2033) slt     zero, s10, s11
core   0: 3 0x800058d8 (0x01bd2033)
core   0: 0x800058dc (0x003ad8b3) srl     a7, s5, gp
core   0: 3 0x800058dc (0x003ad8b3) x17 0x00000449
core   0: 0x800058e0 (0x000bc833) xor     a6, s7, zero
core   0: 3 0x800058e0 (0x000bc833) x16 0x00000008
core   0: 0x800058e4 (0x221bbc17) auipc   s8, 0x221bb
core   0: 3 0x800058e4 (0x221bbc17) x24 0xa21c08e4
core   0: 0x800058e8 (0x039bec33) rem     s8, s7, s9
core   0: 3 0x800058e8 (0x039bec33) x24 0x00000008
core   0: 0x800058ec (0x020da8b3) mulhsu  a7, s11, zero
core   0: 3 0x800058ec (0x020da8b3) x17 0x00000000
core   0: 0x800058f0 (0x00d4e433) or      s0, s1, a3
core   0: 3 0x800058f0 (0x00d4e433) x 8 0x4fbee000
core   0: 0x800058f4 (0x7bf76217) auipc   tp, 0x7bf76
core   0: 3 0x800058f4 (0x7bf76217) x 4 0xfbf7b8f4
core   0: 0x800058f8 (0x40a508b3) sub     a7, a0, a0
core   0: 3 0x800058f8 (0x40a508b3) x17 0x00000000
core   0: 0x800058fc (0x2865cc17) auipc   s8, 0x2865c
core   0: 3 0x800058fc (0x2865cc17) x24 0xa86618fc
core   0: 0x80005900 (0x0148d313) srli    t1, a7, 20
core   0: 3 0x80005900 (0x0148d313) x 6 0x00000000
core   0: 0x80005904 (0xc31e7d93) andi    s11, t3, -975
core   0: 3 0x80005904 (0xc31e7d93) x27 0x80000000
core   0: 0x80005908 (0x01fc7eb3) and     t4, s8, t6
core   0: 3 0x80005908 (0x01fc7eb3) x29 0x00000000
core   0: 0x8000590c (0x40e0d333) sra     t1, ra, a4
core   0: 3 0x8000590c (0x40e0d333) x 6 0xffffff8f
core   0: 0x80005910 (0x41695e93) srai    t4, s2, 22
core   0: 3 0x80005910 (0x41695e93) x29 0x00000000
core   0: 0x80005914 (0x029e93b3) mulh    t2, t4, s1
core   0: 3 0x80005914 (0x029e93b3) x 7 0x00000000
core   0: 0x80005918 (0x4117d9b3) sra     s3, a5, a7
core   0: 3 0x80005918 (0x4117d9b3) x19 0x00000000
core   0: 0x8000591c (0x0186da93) srli    s5, a3, 24
core   0: 3 0x8000591c (0x0186da93) x21 0x00000000
core   0: 0x80005920 (0x870cca37) lui     s4, 0x870cc
core   0: 3 0x80005920 (0x870cca37) x20 0x870cc000
core   0: 0x80005924 (0x005c71b3) and     gp, s8, t0
core   0: 3 0x80005924 (0x005c71b3) x 3 0x0000000c
core   0: 0x80005928 (0x035284b3) mul     s1, t0, s5
core   0: 3 0x80005928 (0x035284b3) x 9 0x00000000
core   0: 0x8000592c (0x020cb433) mulhu   s0, s9, zero
core   0: 3 0x8000592c (0x020cb433) x 8 0x00000000
core   0: 0x80005930 (0x03b1db33) divu    s6, gp, s11
core   0: 3 0x80005930 (0x03b1db33) x22 0x00000000
core   0: 0x80005934 (0x95dba913) slti    s2, s7, -1699
core   0: 3 0x80005934 (0x95dba913) x18 0x00000000
core   0: 0x80005938 (0x173afb13) andi    s6, s5, 371
core   0: 3 0x80005938 (0x173afb13) x22 0x00000000
core   0: 0x8000593c (0x0016e3b3) or      t2, a3, ra
core   0: 3 0x8000593c (0x0016e3b3) x 7 0xfffff8ff
core   0: 0x80005940 (0x7846ba93) sltiu   s5, a3, 1924
core   0: 3 0x80005940 (0x7846ba93) x21 0x00000001
core   0: 0x80005944 (0x000086b3) add     a3, ra, zero
core   0: 3 0x80005944 (0x000086b3) x13 0xfffff8ff
core   0: 0x80005948 (0x03242533) mulhsu  a0, s0, s2
core   0: 3 0x80005948 (0x03242533) x10 0x00000000
core   0: 0x8000594c (0x41b88433) sub     s0, a7, s11
core   0: 3 0x8000594c (0x41b88433) x 8 0x80000000
core   0: 0x80005950 (0x382a4b13) xori    s6, s4, 898
core   0: 3 0x80005950 (0x382a4b13) x22 0x870cc382
core   0: 0x80005954 (0x03c37c33) remu    s8, t1, t3
core   0: 3 0x80005954 (0x03c37c33) x24 0x7fffff8f
core   0: 0x80005958 (0x03fc65b3) rem     a1, s8, t6
core   0: 3 0x80005958 (0x03fc65b3) x11 0x7fffff8f
core   0: 0x8000595c (0x04df5297) auipc   t0, 0x4df5
core   0: 3 0x8000595c (0x04df5297) x 5 0x84dfa95c
core   0: 0x80005960 (0x03f653b3) divu    t2, a2, t6
core   0: 3 0x80005960 (0x03f653b3) x 7 0xffffffff
core   0: 0x80005964 (0x02bd7d33) remu    s10, s10, a1
core   0: 3 0x80005964 (0x02bd7d33) x26 0x00000000
core   0: 0x80005968 (0x00000013) nop
core   0: 3 0x80005968 (0x00000013)
core   0: 0x8000596c (0x00000013) nop
core   0: 3 0x8000596c (0x00000013)
core   0: 0x80005970 (0x015af433) and     s0, s5, s5
core   0: 3 0x80005970 (0x015af433) x 8 0x00000001
core   0: 0x80005974 (0x40255d93) srai    s11, a0, 2
core   0: 3 0x80005974 (0x40255d93) x27 0x00000000
core   0: 0x80005978 (0x003b07b3) add     a5, s6, gp
core   0: 3 0x80005978 (0x003b07b3) x15 0x870cc38e
core   0: 0x8000597c (0x01f2eeb3) or      t4, t0, t6
core   0: 3 0x8000597c (0x01f2eeb3) x29 0x84dfa95c
core   0: 0x80005980 (0x00e69f13) slli    t5, a3, 14
core   0: 3 0x80005980 (0x00e69f13) x30 0xfe3fc000
core   0: 0x80005984 (0xe51f6393) ori     t2, t5, -431
core   0: 3 0x80005984 (0xe51f6393) x 7 0xfffffe51
core   0: 0x80005988 (0x004e48b3) xor     a7, t3, tp
core   0: 3 0x80005988 (0x004e48b3) x17 0x7bf7b8f4
core   0: 0x8000598c (0x00b2af33) slt     t5, t0, a1
core   0: 3 0x8000598c (0x00b2af33) x30 0x00000001
core   0: 0x80005990 (0x01322233) slt     tp, tp, s3
core   0: 3 0x80005990 (0x01322233) x 4 0x00000001
core   0: 0x80005994 (0x01a218b3) sll     a7, tp, s10
core   0: 3 0x80005994 (0x01a218b3) x17 0x00000001
core   0: 0x80005998 (0x018564b3) or      s1, a0, s8
core   0: 3 0x80005998 (0x018564b3) x 9 0x7fffff8f
core   0: 0x8000599c (0x0284b133) mulhu   sp, s1, s0
core   0: 3 0x8000599c (0x0284b133) x 2 0x00000000
core   0: 0x800059a0 (0x00fcf1b3) and     gp, s9, a5
core   0: 3 0x800059a0 (0x00fcf1b3) x 3 0x80008084
core   0: 0x800059a4 (0x0202a0b3) mulhsu  ra, t0, zero
core   0: 3 0x800059a4 (0x0202a0b3) x 1 0x00000000
core   0: 0x800059a8 (0x0233feb3) remu    t4, t2, gp
core   0: 3 0x800059a8 (0x0233feb3) x29 0x7fff7dcd
core   0: 0x800059ac (0x01e195b3) sll     a1, gp, t5
core   0: 3 0x800059ac (0x01e195b3) x11 0x00010108
core   0: 0x800059b0 (0x00abe033) or      zero, s7, a0
core   0: 3 0x800059b0 (0x00abe033)
core   0: 0x800059b4 (0x6f83e513) ori     a0, t2, 1784
core   0: 3 0x800059b4 (0x6f83e513) x10 0xfffffef9
core   0: 0x800059b8 (0x0306fc33) remu    s8, a3, a6
core   0: 3 0x800059b8 (0x0306fc33) x24 0x00000007
core   0: 0x800059bc (0x40a453b3) sra     t2, s0, a0
core   0: 3 0x800059bc (0x40a453b3) x 7 0x00000000
core   0: 0x800059c0 (0x0349cb33) div     s6, s3, s4
core   0: 3 0x800059c0 (0x0349cb33) x22 0x00000000
core   0: 0x800059c4 (0x03b46db3) rem     s11, s0, s11
core   0: 3 0x800059c4 (0x03b46db3) x27 0x00000001
core   0: 0x800059c8 (0x40c253b3) sra     t2, tp, a2
core   0: 3 0x800059c8 (0x40c253b3) x 7 0x00000000
core   0: 0x800059cc (0x0318e333) rem     t1, a7, a7
core   0: 3 0x800059cc (0x0318e333) x 6 0x00000000
core   0: 0x800059d0 (0x01441f13) slli    t5, s0, 20
core   0: 3 0x800059d0 (0x01441f13) x30 0x00100000
core   0: 0x800059d4 (0x007301b3) add     gp, t1, t2
core   0: 3 0x800059d4 (0x007301b3) x 3 0x00000000
core   0: 0x800059d8 (0x028de933) rem     s2, s11, s0
core   0: 3 0x800059d8 (0x028de933) x18 0x00000000
core   0: 0x800059dc (0x00ddabb3) slt     s7, s11, a3
core   0: 3 0x800059dc (0x00ddabb3) x23 0x00000000
core   0: 0x800059e0 (0xed488f13) addi    t5, a7, -300
core   0: 3 0x800059e0 (0xed488f13) x30 0xfffffed5
core   0: 0x800059e4 (0x01bc9c33) sll     s8, s9, s11
core   0: 3 0x800059e4 (0x01bc9c33) x24 0x000319c8
core   0: 0x800059e8 (0x00ee3db3) sltu    s11, t3, a4
core   0: 3 0x800059e8 (0x00ee3db3) x27 0x00000001
core   0: 0x800059ec (0xf90c4193) xori    gp, s8, -112
core   0: 3 0x800059ec (0xf90c4193) x 3 0xfffce658
core   0: 0x800059f0 (0x03ebb633) mulhu   a2, s7, t5
core   0: 3 0x800059f0 (0x03ebb633) x12 0x00000000
core   0: 0x800059f4 (0x00fb2c33) slt     s8, s6, a5
core   0: 3 0x800059f4 (0x00fb2c33) x24 0x00000000
core   0: 0x800059f8 (0x00000013) nop
core   0: 3 0x800059f8 (0x00000013)
core   0: 0x800059fc (0x02e79333) mulh    t1, a5, a4
core   0: 3 0x800059fc (0x02e79333) x 6 0x3c79003c
core   0: 0x80005a00 (0x00000013) nop
core   0: 3 0x80005a00 (0x00000013)
core   0: 0x80005a04 (0x00e77d33) and     s10, a4, a4
core   0: 3 0x80005a04 (0x00e77d33) x26 0x80014e64
core   0: 0x80005a08 (0x981c8637) lui     a2, 0x981c8
core   0: 3 0x80005a08 (0x981c8637) x12 0x981c8000
core   0: 0x80005a0c (0xa0d42e93) slti    t4, s0, -1523
core   0: 3 0x80005a0c (0xa0d42e93) x29 0x00000000
core   0: 0x80005a10 (0x1481bb13) sltiu   s6, gp, 328
core   0: 3 0x80005a10 (0x1481bb13) x22 0x00000000
core   0: 0x80005a14 (0x65694813) xori    a6, s2, 1622
core   0: 3 0x80005a14 (0x65694813) x16 0x00000656
core   0: 0x80005a18 (0x02e3cab3) div     s5, t2, a4
core   0: 3 0x80005a18 (0x02e3cab3) x21 0x00000000
core   0: 0x80005a1c (0x035e1db3) mulh    s11, t3, s5
core   0: 3 0x80005a1c (0x035e1db3) x27 0x00000000
core   0: 0x80005a20 (0x03a7cfb3) div     t6, a5, s10
core   0: 3 0x80005a20 (0x03a7cfb3) x31 0x00000000
core   0: 0x80005a24 (0x00447a33) and     s4, s0, tp
core   0: 3 0x80005a24 (0x00447a33) x20 0x00000001
core   0: 0x80005a28 (0x40ec00b3) sub     ra, s8, a4
core   0: 3 0x80005a28 (0x40ec00b3) x 1 0x7ffeb19c
core   0: 0x80005a2c (0x01577333) and     t1, a4, s5
core   0: 3 0x80005a2c (0x01577333) x 6 0x00000000
core   0: 0x80005a30 (0x0260e533) rem     a0, ra, t1
core   0: 3 0x80005a30 (0x0260e533) x10 0x7ffeb19c
core   0: 0x80005a34 (0x0275d533) divu    a0, a1, t2
core   0: 3 0x80005a34 (0x0275d533) x10 0xffffffff
core   0: 0x80005a38 (0x0299d6b3) divu    a3, s3, s1
core   0: 3 0x80005a38 (0x0299d6b3) x13 0x00000000
core   0: 0x80005a3c (0x03c33d33) mulhu   s10, t1, t3
core   0: 3 0x80005a3c (0x03c33d33) x26 0x00000000
core   0: 0x80005a40 (0x03392433) mulhsu  s0, s2, s3
core   0: 3 0x80005a40 (0x03392433) x 8 0x00000000
core   0: 0x80005a44 (0x50fa3513) sltiu   a0, s4, 1295
core   0: 3 0x80005a44 (0x50fa3513) x10 0x00000001
core   0: 0x80005a48 (0x81b3f293) andi    t0, t2, -2021
core   0: 3 0x80005a48 (0x81b3f293) x 5 0x00000000
core   0: 0x80005a4c (0x0075a933) slt     s2, a1, t2
core   0: 3 0x80005a4c (0x0075a933) x18 0x00000000
core   0: 0x80005a50 (0x00000013) nop
core   0: 3 0x80005a50 (0x00000013)
core   0: 0x80005a54 (0x01a829b3) slt     s3, a6, s10
core   0: 3 0x80005a54 (0x01a829b3) x19 0x00000000
core   0: 0x80005a58 (0x40eb08b3) sub     a7, s6, a4
core   0: 3 0x80005a58 (0x40eb08b3) x17 0x7ffeb19c
core   0: 0x80005a5c (0x7cd9fc13) andi    s8, s3, 1997
core   0: 3 0x80005a5c (0x7cd9fc13) x24 0x00000000
core   0: 0x80005a60 (0x32ece913) ori     s2, s9, 814
core   0: 3 0x80005a60 (0x32ece913) x18 0x80018fee
core   0: 0x80005a64 (0x92a3ca93) xori    s5, t2, -1750
core   0: 3 0x80005a64 (0x92a3ca93) x21 0xfffff92a
core   0: 0x80005a68 (0x024366b3) rem     a3, t1, tp
core   0: 3 0x80005a68 (0x024366b3) x13 0x00000000
core   0: 0x80005a6c (0x008f1e93) slli    t4, t5, 8
core   0: 3 0x80005a6c (0x008f1e93) x29 0xfffed500
core   0: 0x80005a70 (0xe79ff613) andi    a2, t6, -391
core   0: 3 0x80005a70 (0xe79ff613) x12 0x00000000
core   0: 0x80005a74 (0x00618db3) add     s11, gp, t1
core   0: 3 0x80005a74 (0x00618db3) x27 0xfffce658
core   0: 0x80005a78 (0x00000013) nop
core   0: 3 0x80005a78 (0x00000013)
core   0: 0x80005a7c (0x03a20d33) mul     s10, tp, s10
core   0: 3 0x80005a7c (0x03a20d33) x26 0x00000000
core   0: 0x80005a80 (0x03806533) rem     a0, zero, s8
core   0: 3 0x80005a80 (0x03806533) x10 0x00000000
core   0: 0x80005a84 (0x00389b33) sll     s6, a7, gp
core   0: 3 0x80005a84 (0x00389b33) x22 0x9c000000
core   0: 0x80005a88 (0x2c342b93) slti    s7, s0, 707
core   0: 3 0x80005a88 (0x2c342b93) x23 0x00000001
core   0: 0x80005a8c (0x025f65b3) rem     a1, t5, t0
core   0: 3 0x80005a8c (0x025f65b3) x11 0xfffffed5
core   0: 0x80005a90 (0x0144da13) srli    s4, s1, 20
core   0: 3 0x80005a90 (0x0144da13) x20 0x000007ff
core   0: 0x80005a94 (0x00000013) nop
core   0: 3 0x80005a94 (0x00000013)
core   0: 0x80005a98 (0xaf876813) ori     a6, a4, -1288
core   0: 3 0x80005a98 (0xaf876813) x16 0xfffffefc
core   0: 0x80005a9c (0xd976f317) auipc   t1, 0xd976f
core   0: 3 0x80005a9c (0xd976f317) x 6 0x59774a9c
core   0: 0x80005aa0 (0x03449fb3) mulh    t6, s1, s4
core   0: 3 0x80005aa0 (0x03449fb3) x31 0x000003ff
core   0: 0x80005aa4 (0x035f6933) rem     s2, t5, s5
core   0: 3 0x80005aa4 (0x035f6933) x18 0xfffffed5
core   0: 0x80005aa8 (0x12db2393) slti    t2, s6, 301
core   0: 3 0x80005aa8 (0x12db2393) x 7 0x00000001
core   0: 0x80005aac (0x01e1a0b3) slt     ra, gp, t5
core   0: 3 0x80005aac (0x01e1a0b3) x 1 0x00000001
core   0: 0x80005ab0 (0x40cd8533) sub     a0, s11, a2
core   0: 3 0x80005ab0 (0x40cd8533) x10 0xfffce658
core   0: 0x80005ab4 (0x407edf93) srai    t6, t4, 7
core   0: 3 0x80005ab4 (0x407edf93) x31 0xfffffdaa
core   0: 0x80005ab8 (0x02f65bb3) divu    s7, a2, a5
core   0: 3 0x80005ab8 (0x02f65bb3) x23 0x00000000
core   0: 0x80005abc (0x766d76b7) lui     a3, 0x766d7
core   0: 3 0x80005abc (0x766d76b7) x13 0x766d7000
core   0: 0x80005ac0 (0x3be37293) andi    t0, t1, 958
core   0: 3 0x80005ac0 (0x3be37293) x 5 0x0000029c
core   0: 0x80005ac4 (0x01bad613) srli    a2, s5, 27
core   0: 3 0x80005ac4 (0x01bad613) x12 0x0000001f
core   0: 0x80005ac8 (0xaa8a8213) addi    tp, s5, -1368
core   0: 3 0x80005ac8 (0xaa8a8213) x 4 0xfffff3d2
core   0: 0x80005acc (0x8d83b993) sltiu   s3, t2, -1832
core   0: 3 0x80005acc (0x8d83b993) x19 0x00000001
core   0: 0x80005ad0 (0x02bd3633) mulhu   a2, s10, a1
core   0: 3 0x80005ad0 (0x02bd3633) x12 0x00000000
core   0: 0x80005ad4 (0xd4dbc037) lui     zero, 0xd4dbc
core   0: 3 0x80005ad4 (0xd4dbc037)
core   0: 0x80005ad8 (0x90dfed13) ori     s10, t6, -1779
core   0: 3 0x80005ad8 (0x90dfed13) x26 0xfffffdaf
core   0: 0x80005adc (0x03f477b3) remu    a5, s0, t6
core   0: 3 0x80005adc (0x03f477b3) x15 0x00000000
core   0: 0x80005ae0 (0xcdb43193) sltiu   gp, s0, -805
core   0: 3 0x80005ae0 (0xcdb43193) x 3 0x00000001
core   0: 0x80005ae4 (0x01753db3) sltu    s11, a0, s7
core   0: 3 0x80005ae4 (0x01753db3) x27 0x00000000
core   0: 0x80005ae8 (0x84d92017) auipc   zero, 0x84d92
core   0: 3 0x80005ae8 (0x84d92017)
core   0: 0x80005aec (0x80d06a93) ori     s5, zero, -2035
core   0: 3 0x80005aec (0x80d06a93) x21 0xfffff80d
core   0: 0x80005af0 (0x01b0f6b3) and     a3, ra, s11
core   0: 3 0x80005af0 (0x01b0f6b3) x13 0x00000000
core   0: 0x80005af4 (0x034e8f33) mul     t5, t4, s4
core   0: 3 0x80005af4 (0x034e8f33) x30 0xf6a92b00
core   0: 0x80005af8 (0x410e51b3) sra     gp, t3, a6
core   0: 3 0x80005af8 (0x410e51b3) x 3 0xfffffff8
core   0: 0x80005afc (0x017f6fb3) or      t6, t5, s7
core   0: 3 0x80005afc (0x017f6fb3) x31 0xf6a92b00
core   0: 0x80005b00 (0x007df0b3) and     ra, s11, t2
core   0: 3 0x80005b00 (0x007df0b3) x 1 0x00000000
core   0: 0x80005b04 (0x389f4a93) xori    s5, t5, 905
core   0: 3 0x80005b04 (0x389f4a93) x21 0xf6a92889
core   0: 0x80005b08 (0x012ff133) and     sp, t6, s2
core   0: 3 0x80005b08 (0x012ff133) x 2 0xf6a92a00
core   0: 0x80005b0c (0x01815593) srli    a1, sp, 24
core   0: 3 0x80005b0c (0x01815593) x11 0x000000f6
core   0: 0x80005b10 (0x41e58133) sub     sp, a1, t5
core   0: 3 0x80005b10 (0x41e58133) x 2 0x0956d5f6
core   0: 0x80005b14 (0x00916d33) or      s10, sp, s1
core   0: 3 0x80005b14 (0x00916d33) x26 0x7fffffff
core   0: 0x80005b18 (0x017f0bb3) add     s7, t5, s7
core   0: 3 0x80005b18 (0x017f0bb3) x23 0xf6a92b00
core   0: 0x80005b1c (0x0099a233) slt     tp, s3, s1
core   0: 3 0x80005b1c (0x0099a233) x 4 0x00000001
core   0: 0x80005b20 (0x017a3c13) sltiu   s8, s4, 23
core   0: 3 0x80005b20 (0x017a3c13) x24 0x00000000
core   0: 0x80005b24 (0x0f6ba193) slti    gp, s7, 246
core   0: 3 0x80005b24 (0x0f6ba193) x 3 0x00000001
core   0: 0x80005b28 (0x00ac87b3) add     a5, s9, a0
core   0: 3 0x80005b28 (0x00ac87b3) x15 0x7ffe733c
core   0: 0x80005b2c (0x03a706b3) mul     a3, a4, s10
core   0: 3 0x80005b2c (0x03a706b3) x13 0x7ffeb19c
core   0: 0x80005b30 (0x1e276913) ori     s2, a4, 482
core   0: 3 0x80005b30 (0x1e276913) x18 0x80014fe6
core   0: 0x80005b34 (0x70dbe393) ori     t2, s7, 1805
core   0: 3 0x80005b34 (0x70dbe393) x 7 0xf6a92f0d
core   0: 0x80005b38 (0x56722d93) slti    s11, tp, 1383
core   0: 3 0x80005b38 (0x56722d93) x27 0x00000001
core   0: 0x80005b3c (0x31006893) ori     a7, zero, 784
core   0: 3 0x80005b3c (0x31006893) x17 0x00000310
core   0: 0x80005b40 (0x4130d493) srai    s1, ra, 19
core   0: 3 0x80005b40 (0x4130d493) x 9 0x00000000
core   0: 0x80005b44 (0x8b353893) sltiu   a7, a0, -1869
core   0: 3 0x80005b44 (0x8b353893) x17 0x00000001
core   0: 0x80005b48 (0xbdcd80b7) lui     ra, 0xbdcd8
core   0: 3 0x80005b48 (0xbdcd80b7) x 1 0xbdcd8000
core   0: 0x80005b4c (0x4091d633) sra     a2, gp, s1
core   0: 3 0x80005b4c (0x4091d633) x12 0x00000001
core   0: 0x80005b50 (0x00a1deb3) srl     t4, gp, a0
core   0: 3 0x80005b50 (0x00a1deb3) x29 0x00000000
core   0: 0x80005b54 (0x0184d233) srl     tp, s1, s8
core   0: 3 0x80005b54 (0x0184d233) x 4 0x00000000
core   0: 0x80005b58 (0x01465533) srl     a0, a2, s4
core   0: 3 0x80005b58 (0x01465533) x10 0x00000000
core   0: 0x80005b5c (0x00da9933) sll     s2, s5, a3
core   0: 3 0x80005b5c (0x00da9933) x18 0x90000000
core   0: 0x80005b60 (0x01ff1393) slli    t2, t5, 31
core   0: 3 0x80005b60 (0x01ff1393) x 7 0x00000000
core   0: 0x80005b64 (0x009c87b3) add     a5, s9, s1
core   0: 3 0x80005b64 (0x009c87b3) x15 0x80018ce4
core   0: 0x80005b68 (0xa6b57d93) andi    s11, a0, -1429
core   0: 3 0x80005b68 (0xa6b57d93) x27 0x00000000
core   0: 0x80005b6c (0x00302ab3) slt     s5, zero, gp
core   0: 3 0x80005b6c (0x00302ab3) x21 0x00000001
core   0: 0x80005b70 (0x0398b4b3) mulhu   s1, a7, s9
core   0: 3 0x80005b70 (0x0398b4b3) x 9 0x00000000
core   0: 0x80005b74 (0x027ea533) mulhsu  a0, t4, t2
core   0: 3 0x80005b74 (0x027ea533) x10 0x00000000
core   0: 0x80005b78 (0x874eed13) ori     s10, t4, -1932
core   0: 3 0x80005b78 (0x874eed13) x26 0xfffff874
core   0: 0x80005b7c (0x01047833) and     a6, s0, a6
core   0: 3 0x80005b7c (0x01047833) x16 0x00000000
core   0: 0x80005b80 (0x014cf933) and     s2, s9, s4
core   0: 3 0x80005b80 (0x014cf933) x18 0x000004e4
core   0: 0x80005b84 (0x50037913) andi    s2, t1, 1280
core   0: 3 0x80005b84 (0x50037913) x18 0x00000000
core   0: 0x80005b88 (0x00000013) nop
core   0: 3 0x80005b88 (0x00000013)
core   0: 0x80005b8c (0xdce2ab97) auipc   s7, 0xdce2a
core   0: 3 0x80005b8c (0xdce2ab97) x23 0x5ce2fb8c
core   0: 0x80005b90 (0x46ef4d93) xori    s11, t5, 1134
core   0: 3 0x80005b90 (0x46ef4d93) x27 0xf6a92f6e
core   0: 0x80005b94 (0x010627b3) slt     a5, a2, a6
core   0: 3 0x80005b94 (0x010627b3) x15 0x00000000
core   0: 0x80005b98 (0x002e7ab3) and     s5, t3, sp
core   0: 3 0x80005b98 (0x002e7ab3) x21 0x00000000
core   0: 0x80005b9c (0x00461a13) slli    s4, a2, 4
core   0: 3 0x80005b9c (0x00461a13) x20 0x00000010
core   0: 0x80005ba0 (0x03a1b333) mulhu   t1, gp, s10
core   0: 3 0x80005ba0 (0x03a1b333) x 6 0x00000000
core   0: 0x80005ba4 (0x03f6cd33) div     s10, a3, t6
core   0: 3 0x80005ba4 (0x03f6cd33) x26 0xfffffff3
core   0: 0x80005ba8 (0x2485ef13) ori     t5, a1, 584
core   0: 3 0x80005ba8 (0x2485ef13) x30 0x000002fe
core   0: 0x80005bac (0xcc4fb013) sltiu   zero, t6, -828
core   0: 3 0x80005bac (0xcc4fb013)
core   0: 0x80005bb0 (0x01a038b3) snez    a7, s10
core   0: 3 0x80005bb0 (0x01a038b3) x17 0x00000001
core   0: 0x80005bb4 (0x00726f33) or      t5, tp, t2
core   0: 3 0x80005bb4 (0x00726f33) x30 0x00000000
core   0: 0x80005bb8 (0x025ee933) rem     s2, t4, t0
core   0: 3 0x80005bb8 (0x025ee933) x18 0x00000000
core   0: 0x80005bbc (0x00000013) nop
core   0: 3 0x80005bbc (0x00000013)
core   0: 0x80005bc0 (0x0051f133) and     sp, gp, t0
core   0: 3 0x80005bc0 (0x0051f133) x 2 0x00000000
core   0: 0x80005bc4 (0x0221deb3) divu    t4, gp, sp
core   0: 3 0x80005bc4 (0x0221deb3) x29 0xffffffff
core   0: 0x80005bc8 (0xc34e52b7) lui     t0, 0xc34e5
core   0: 3 0x80005bc8 (0xc34e52b7) x 5 0xc34e5000
core   0: 0x80005bcc (0x10dcf813) andi    a6, s9, 269
core   0: 3 0x80005bcc (0x10dcf813) x16 0x00000004
core   0: 0x80005bd0 (0x836da293) slti    t0, s11, -1994
core   0: 3 0x80005bd0 (0x836da293) x 5 0x00000001
core   0: 0x80005bd4 (0x002f9633) sll     a2, t6, sp
core   0: 3 0x80005bd4 (0x002f9633) x12 0xf6a92b00
core   0: 0x80005bd8 (0xfd82e593) ori     a1, t0, -40
core   0: 3 0x80005bd8 (0xfd82e593) x11 0xffffffd9
core   0: 0x80005bdc (0x4024d113) srai    sp, s1, 2
core   0: 3 0x80005bdc (0x4024d113) x 2 0x00000000
core   0: 0x80005be0 (0x023691b3) mulh    gp, a3, gp
core   0: 3 0x80005be0 (0x023691b3) x 3 0x00000000
core   0: 0x80005be4 (0x0291bdb3) mulhu   s11, gp, s1
core   0: 3 0x80005be4 (0x0291bdb3) x27 0x00000000
core   0: 0x80005be8 (0x03d17533) remu    a0, sp, t4
core   0: 3 0x80005be8 (0x03d17533) x10 0x00000000
core   0: 0x80005bec (0x036527b3) mulhsu  a5, a0, s6
core   0: 3 0x80005bec (0x036527b3) x15 0x00000000
core   0: 0x80005bf0 (0x008930b3) sltu    ra, s2, s0
core   0: 3 0x80005bf0 (0x008930b3) x 1 0x00000000
core   0: 0x80005bf4 (0x024d4eb3) div     t4, s10, tp
core   0: 3 0x80005bf4 (0x024d4eb3) x29 0xffffffff
core   0: 0x80005bf8 (0x002b2933) slt     s2, s6, sp
core   0: 3 0x80005bf8 (0x002b2933) x18 0x00000001
core   0: 0x80005bfc (0x02426433) rem     s0, tp, tp
core   0: 3 0x80005bfc (0x02426433) x 8 0x00000000
core   0: 0x80005c00 (0x4035da13) srai    s4, a1, 3
core   0: 3 0x80005c00 (0x4035da13) x20 0xfffffffb
core   0: 0x80005c04 (0x030ff933) remu    s2, t6, a6
core   0: 3 0x80005c04 (0x030ff933) x18 0x00000000
core   0: 0x80005c08 (0x41425a13) srai    s4, tp, 20
core   0: 3 0x80005c08 (0x41425a13) x20 0x00000000
core   0: 0x80005c0c (0x028bcc33) div     s8, s7, s0
core   0: 3 0x80005c0c (0x028bcc33) x24 0xffffffff
core   0: 0x80005c10 (0xaa8e2b93) slti    s7, t3, -1368
core   0: 3 0x80005c10 (0xaa8e2b93) x23 0x00000001
core   0: 0x80005c14 (0x01b81e93) slli    t4, a6, 27
core   0: 3 0x80005c14 (0x01b81e93) x29 0x20000000
core   0: 0x80005c18 (0x019685b3) add     a1, a3, s9
core   0: 3 0x80005c18 (0x019685b3) x11 0x00003e80
core   0: 0x80005c1c (0x40e90bb3) sub     s7, s2, a4
core   0: 3 0x80005c1c (0x40e90bb3) x23 0x7ffeb19c
core   0: 0x80005c20 (0x60272c13) slti    s8, a4, 1538
core   0: 3 0x80005c20 (0x60272c13) x24 0x00000001
core   0: 0x80005c24 (0x001d5b93) srli    s7, s10, 1
core   0: 3 0x80005c24 (0x001d5b93) x23 0x7ffffff9
core   0: 0x80005c28 (0xdeeb7293) andi    t0, s6, -530
core   0: 3 0x80005c28 (0xdeeb7293) x 5 0x9c000000
core   0: 0x80005c2c (0x01f9b4b3) sltu    s1, s3, t6
core   0: 3 0x80005c2c (0x01f9b4b3) x 9 0x00000001
core   0: 0x80005c30 (0x17a16193) ori     gp, sp, 378
core   0: 3 0x80005c30 (0x17a16193) x 3 0x0000017a
core   0: 0x80005c34 (0x0391e9b3) rem     s3, gp, s9
core   0: 3 0x80005c34 (0x0391e9b3) x19 0x0000017a
core   0: 0x80005c38 (0x0130da13) srli    s4, ra, 19
core   0: 3 0x80005c38 (0x0130da13) x20 0x00000000
core   0: 0x80005c3c (0x03af6933) rem     s2, t5, s10
core   0: 3 0x80005c3c (0x03af6933) x18 0x00000000
core   0: 0x80005c40 (0x41895093) srai    ra, s2, 24
core   0: 3 0x80005c40 (0x41895093) x 1 0x00000000
core   0: 0x80005c44 (0x41ef50b3) sra     ra, t5, t5
core   0: 3 0x80005c44 (0x41ef50b3) x 1 0x00000000
core   0: 0x80005c48 (0x408603b3) sub     t2, a2, s0
core   0: 3 0x80005c48 (0x408603b3) x 7 0xf6a92b00
core   0: 0x80005c4c (0x018348b3) xor     a7, t1, s8
core   0: 3 0x80005c4c (0x018348b3) x17 0x00000001
core   0: 0x80005c50 (0xb7c18637) lui     a2, 0xb7c18
core   0: 3 0x80005c50 (0xb7c18637) x12 0xb7c18000
core   0: 0x80005c54 (0x01e5e2b3) or      t0, a1, t5
core   0: 3 0x80005c54 (0x01e5e2b3) x 5 0x00003e80
core   0: 0x80005c58 (0x0124afb3) slt     t6, s1, s2
core   0: 3 0x80005c58 (0x0124afb3) x31 0x00000000
core   0: 0x80005c5c (0x00893033) sltu    zero, s2, s0
core   0: 3 0x80005c5c (0x00893033)
core   0: 0x80005c60 (0x1d97f313) andi    t1, a5, 473
core   0: 3 0x80005c60 (0x1d97f313) x 6 0x00000000
core   0: 0x80005c64 (0x01179a33) sll     s4, a5, a7
core   0: 3 0x80005c64 (0x01179a33) x20 0x00000000
core   0: 0x80005c68 (0x020981b3) mul     gp, s3, zero
core   0: 3 0x80005c68 (0x020981b3) x 3 0x00000000
core   0: 0x80005c6c (0x3cb4b893) sltiu   a7, s1, 971
core   0: 3 0x80005c6c (0x3cb4b893) x17 0x00000001
core   0: 0x80005c70 (0x758d6213) ori     tp, s10, 1880
core   0: 3 0x80005c70 (0x758d6213) x 4 0xfffffffb
core   0: 0x80005c74 (0x031e1933) mulh    s2, t3, a7
core   0: 3 0x80005c74 (0x031e1933) x18 0xffffffff
core   0: 0x80005c78 (0x00157ab3) and     s5, a0, ra
core   0: 3 0x80005c78 (0x00157ab3) x21 0x00000000
core   0: 0x80005c7c (0x366331b7) lui     gp, 0x36633
core   0: 3 0x80005c7c (0x366331b7) x 3 0x36633000
core   0: 0x80005c80 (0xcdc9f513) andi    a0, s3, -804
core   0: 3 0x80005c80 (0xcdc9f513) x10 0x00000058
core   0: 0x80005c84 (0x00a861b3) or      gp, a6, a0
core   0: 3 0x80005c84 (0x00a861b3) x 3 0x0000005c
core   0: 0x80005c88 (0xc60d3b93) sltiu   s7, s10, -928
core   0: 3 0x80005c88 (0xc60d3b93) x23 0x00000000
core   0: 0x80005c8c (0x03e7c6b3) div     a3, a5, t5
core   0: 3 0x80005c8c (0x03e7c6b3) x13 0xffffffff
core   0: 0x80005c90 (0x198bef93) ori     t6, s7, 408
core   0: 3 0x80005c90 (0x198bef93) x31 0x00000198
core   0: 0x80005c94 (0xb1b7f493) andi    s1, a5, -1253
core   0: 3 0x80005c94 (0xb1b7f493) x 9 0x00000000
core   0: 0x80005c98 (0x011b8db3) add     s11, s7, a7
core   0: 3 0x80005c98 (0x011b8db3) x27 0x00000001
core   0: 0x80005c9c (0x00000013) nop
core   0: 3 0x80005c9c (0x00000013)
core   0: 0x80005ca0 (0x007836b3) sltu    a3, a6, t2
core   0: 3 0x80005ca0 (0x007836b3) x13 0x00000001
core   0: 0x80005ca4 (0x41ef82b3) sub     t0, t6, t5
core   0: 3 0x80005ca4 (0x41ef82b3) x 5 0x00000198
core   0: 0x80005ca8 (0x01673333) sltu    t1, a4, s6
core   0: 3 0x80005ca8 (0x01673333) x 6 0x00000001
core   0: 0x80005cac (0x64ed7893) andi    a7, s10, 1614
core   0: 3 0x80005cac (0x64ed7893) x17 0x00000642
core   0: 0x80005cb0 (0x002630b3) sltu    ra, a2, sp
core   0: 3 0x80005cb0 (0x002630b3) x 1 0x00000000
core   0: 0x80005cb4 (0x419a58b3) sra     a7, s4, s9
core   0: 3 0x80005cb4 (0x419a58b3) x17 0x00000000
core   0: 0x80005cb8 (0x027b9eb3) mulh    t4, s7, t2
core   0: 3 0x80005cb8 (0x027b9eb3) x29 0x00000000
core   0: 0x80005cbc (0xddd86813) ori     a6, a6, -547
core   0: 3 0x80005cbc (0xddd86813) x16 0xfffffddd
core   0: 0x80005cc0 (0x0255d533) divu    a0, a1, t0
core   0: 3 0x80005cc0 (0x0255d533) x10 0x00000027
core   0: 0x80005cc4 (0x003da433) slt     s0, s11, gp
core   0: 3 0x80005cc4 (0x003da433) x 8 0x00000001
core   0: 0x80005cc8 (0xc22e2c13) slti    s8, t3, -990
core   0: 3 0x80005cc8 (0xc22e2c13) x24 0x00000001
core   0: 0x80005ccc (0x008bc2b3) xor     t0, s7, s0
core   0: 3 0x80005ccc (0x008bc2b3) x 5 0x00000001
core   0: 0x80005cd0 (0x039673b3) remu    t2, a2, s9
core   0: 3 0x80005cd0 (0x039673b3) x 7 0x37bff31c
core   0: 0x80005cd4 (0x00000013) nop
core   0: 3 0x80005cd4 (0x00000013)
core   0: 0x80005cd8 (0x001839b3) sltu    s3, a6, ra
core   0: 3 0x80005cd8 (0x001839b3) x19 0x00000000
core   0: 0x80005cdc (0xf9517913) andi    s2, sp, -107
core   0: 3 0x80005cdc (0xf9517913) x18 0x00000000
core   0: 0x80005ce0 (0x02a95433) divu    s0, s2, a0
core   0: 3 0x80005ce0 (0x02a95433) x 8 0x00000000
core   0: 0x80005ce4 (0x0156dfb3) srl     t6, a3, s5
core   0: 3 0x80005ce4 (0x0156dfb3) x31 0x00000001
core   0: 0x80005ce8 (0x400dd833) sra     a6, s11, zero
core   0: 3 0x80005ce8 (0x400dd833) x16 0x00000001
core   0: 0x80005cec (0x03f851b3) divu    gp, a6, t6
core   0: 3 0x80005cec (0x03f851b3) x 3 0x00000001
core   0: 0x80005cf0 (0x0045e033) or      zero, a1, tp
core   0: 3 0x80005cf0 (0x0045e033)
core   0: 0x80005cf4 (0x01b834b3) sltu    s1, a6, s11
core   0: 3 0x80005cf4 (0x01b834b3) x 9 0x00000000
core   0: 0x80005cf8 (0x022c3333) mulhu   t1, s8, sp
core   0: 3 0x80005cf8 (0x022c3333) x 6 0x00000000
core   0: 0x80005cfc (0x0039c9b3) xor     s3, s3, gp
core   0: 3 0x80005cfc (0x0039c9b3) x19 0x00000001
core   0: 0x80005d00 (0x03d86433) rem     s0, a6, t4
core   0: 3 0x80005d00 (0x03d86433) x 8 0x00000001
core   0: 0x80005d04 (0x0014f1b3) and     gp, s1, ra
core   0: 3 0x80005d04 (0x0014f1b3) x 3 0x00000000
core   0: 0x80005d08 (0x01a35213) srli    tp, t1, 26
core   0: 3 0x80005d08 (0x01a35213) x 4 0x00000000
core   0: 0x80005d0c (0x00dc9e93) slli    t4, s9, 13
core   0: 3 0x80005d0c (0x00dc9e93) x29 0x319c8000
core   0: 0x80005d10 (0x00d568b3) or      a7, a0, a3
core   0: 3 0x80005d10 (0x00d568b3) x17 0x00000027
core   0: 0x80005d14 (0x018195b3) sll     a1, gp, s8
core   0: 3 0x80005d14 (0x018195b3) x11 0x00000000
core   0: 0x80005d18 (0x00841293) slli    t0, s0, 8
core   0: 3 0x80005d18 (0x00841293) x 5 0x00000100
core   0: 0x80005d1c (0x019f1913) slli    s2, t5, 25
core   0: 3 0x80005d1c (0x019f1913) x18 0x00000000
core   0: 0x80005d20 (0x0150cd33) xor     s10, ra, s5
core   0: 3 0x80005d20 (0x0150cd33) x26 0x00000000
core   0: 0x80005d24 (0x01905ab3) srl     s5, zero, s9
core   0: 3 0x80005d24 (0x01905ab3) x21 0x00000000
core   0: 0x80005d28 (0x5cc0f813) andi    a6, ra, 1484
core   0: 3 0x80005d28 (0x5cc0f813) x16 0x00000000
core   0: 0x80005d2c (0x01dfd333) srl     t1, t6, t4
core   0: 3 0x80005d2c (0x01dfd333) x 6 0x00000001
core   0: 0x80005d30 (0xe387b4b7) lui     s1, 0xe387b
core   0: 3 0x80005d30 (0xe387b4b7) x 9 0xe387b000
core   0: 0x80005d34 (0x03a30d33) mul     s10, t1, s10
core   0: 3 0x80005d34 (0x03a30d33) x26 0x00000000
core   0: 0x80005d38 (0x0093d0b3) srl     ra, t2, s1
core   0: 3 0x80005d38 (0x0093d0b3) x 1 0x37bff31c
core   0: 0x80005d3c (0x404cdb93) srai    s7, s9, 4
core   0: 3 0x80005d3c (0x404cdb93) x23 0xf80018ce
core   0: 0x80005d40 (0x0825c193) xori    gp, a1, 130
core   0: 3 0x80005d40 (0x0825c193) x 3 0x00000082
core   0: 0x80005d44 (0xf6badf97) auipc   t6, 0xf6bad
core   0: 3 0x80005d44 (0xf6badf97) x31 0x76bb2d44
core   0: 0x80005d48 (0x029e9333) mulh    t1, t4, s1
core   0: 3 0x80005d48 (0x029e9333) x 6 0xfa7b9123
core   0: 0x80005d4c (0x000106b3) add     a3, sp, zero
core   0: 3 0x80005d4c (0x000106b3) x13 0x00000000
core   0: 0x80005d50 (0x02b3c033) div     zero, t2, a1
core   0: 3 0x80005d50 (0x02b3c033)
core   0: 0x80005d54 (0x7ab48913) addi    s2, s1, 1963
core   0: 3 0x80005d54 (0x7ab48913) x18 0xe387b7ab
core   0: 0x80005d58 (0x03061a33) mulh    s4, a2, a6
core   0: 3 0x80005d58 (0x03061a33) x20 0x00000000
core   0: 0x80005d5c (0xb06dfe93) andi    t4, s11, -1274
core   0: 3 0x80005d5c (0xb06dfe93) x29 0x00000000
core   0: 0x80005d60 (0x21f12613) slti    a2, sp, 543
core   0: 3 0x80005d60 (0x21f12613) x12 0x00000001
core   0: 0x80005d64 (0x00000013) nop
core   0: 3 0x80005d64 (0x00000013)
core   0: 0x80005d68 (0x01092033) slt     zero, s2, a6
core   0: 3 0x80005d68 (0x01092033)
core   0: 0x80005d6c (0x02a5a333) mulhsu  t1, a1, a0
core   0: 3 0x80005d6c (0x02a5a333) x 6 0x00000000
core   0: 0x80005d70 (0x0246f5b3) remu    a1, a3, tp
core   0: 3 0x80005d70 (0x0246f5b3) x11 0x00000000
core   0: 0x80005d74 (0x4f8ae293) ori     t0, s5, 1272
core   0: 3 0x80005d74 (0x4f8ae293) x 5 0x000004f8
core   0: 0x80005d78 (0x403c5293) srai    t0, s8, 3
core   0: 3 0x80005d78 (0x403c5293) x 5 0x00000000
core   0: 0x80005d7c (0x41ec0b33) sub     s6, s8, t5
core   0: 3 0x80005d7c (0x41ec0b33) x22 0x00000001
core   0: 0x80005d80 (0x33fefeb7) lui     t4, 0x33fef
core   0: 3 0x80005d80 (0x33fefeb7) x29 0x33fef000
core   0: 0x80005d84 (0x03598433) mul     s0, s3, s5
core   0: 3 0x80005d84 (0x03598433) x 8 0x00000000
core   0: 0x80005d88 (0x01cbbfb3) sltu    t6, s7, t3
core   0: 3 0x80005d88 (0x01cbbfb3) x31 0x00000000
core   0: 0x80005d8c (0x0034b2b3) sltu    t0, s1, gp
core   0: 3 0x80005d8c (0x0034b2b3) x 5 0x00000000
core   0: 0x80005d90 (0x0037c9b3) xor     s3, a5, gp
core   0: 3 0x80005d90 (0x0037c9b3) x19 0x00000082
core   0: 0x80005d94 (0x03ba4533) div     a0, s4, s11
core   0: 3 0x80005d94 (0x03ba4533) x10 0x00000000
core   0: 0x80005d98 (0x007b5513) srli    a0, s6, 7
core   0: 3 0x80005d98 (0x007b5513) x10 0x00000000
core   0: 0x80005d9c (0x0dc7c013) xori    zero, a5, 220
core   0: 3 0x80005d9c (0x0dc7c013)
core   0: 0x80005da0 (0x02d7beb3) mulhu   t4, a5, a3
core   0: 3 0x80005da0 (0x02d7beb3) x29 0x00000000
core   0: 0x80005da4 (0xa1784493) xori    s1, a6, -1513
core   0: 3 0x80005da4 (0xa1784493) x 9 0xfffffa17
core   0: 0x80005da8 (0x673ee4b7) lui     s1, 0x673ee
core   0: 3 0x80005da8 (0x673ee4b7) x 9 0x673ee000
core   0: 0x80005dac (0x007d7133) and     sp, s10, t2
core   0: 3 0x80005dac (0x007d7133) x 2 0x00000000
core   0: 0x80005db0 (0x81430f93) addi    t6, t1, -2028
core   0: 3 0x80005db0 (0x81430f93) x31 0xfffff814
core   0: 0x80005db4 (0x40d15193) srai    gp, sp, 13
core   0: 3 0x80005db4 (0x40d15193) x 3 0x00000000
core   0: 0x80005db8 (0x02a234b3) mulhu   s1, tp, a0
core   0: 3 0x80005db8 (0x02a234b3) x 9 0x00000000
core   0: 0x80005dbc (0x00d01a13) slli    s4, zero, 13
core   0: 3 0x80005dbc (0x00d01a13) x20 0x00000000
core   0: 0x80005dc0 (0x03e0afb3) mulhsu  t6, ra, t5
core   0: 3 0x80005dc0 (0x03e0afb3) x31 0x00000000
core   0: 0x80005dc4 (0x02d8d0b3) divu    ra, a7, a3
core   0: 3 0x80005dc4 (0x02d8d0b3) x 1 0xffffffff
core   0: 0x80005dc8 (0x00f121b3) slt     gp, sp, a5
core   0: 3 0x80005dc8 (0x00f121b3) x 3 0x00000000
core   0: 0x80005dcc (0x00000013) nop
core   0: 3 0x80005dcc (0x00000013)
core   0: 0x80005dd0 (0x410652b3) sra     t0, a2, a6
core   0: 3 0x80005dd0 (0x410652b3) x 5 0x00000001
core   0: 0x80005dd4 (0x1e558813) addi    a6, a1, 485
core   0: 3 0x80005dd4 (0x1e558813) x16 0x000001e5
core   0: 0x80005dd8 (0x03105eb3) divu    t4, zero, a7
core   0: 3 0x80005dd8 (0x03105eb3) x29 0x00000000
core   0: 0x80005ddc (0x6ebbae93) slti    t4, s7, 1771
core   0: 3 0x80005ddc (0x6ebbae93) x29 0x00000001
core   0: 0x80005de0 (0x0232f7b3) remu    a5, t0, gp
core   0: 3 0x80005de0 (0x0232f7b3) x15 0x00000001
core   0: 0x80005de4 (0x01afd593) srli    a1, t6, 26
core   0: 3 0x80005de4 (0x01afd593) x11 0x00000000
core   0: 0x80005de8 (0x02624a33) div     s4, tp, t1
core   0: 3 0x80005de8 (0x02624a33) x20 0xffffffff
core   0: 0x80005dec (0x03dd06b3) mul     a3, s10, t4
core   0: 3 0x80005dec (0x03dd06b3) x13 0x00000000
core   0: 0x80005df0 (0x00bcd593) srli    a1, s9, 11
core   0: 3 0x80005df0 (0x00bcd593) x11 0x00100031
core   0: 0x80005df4 (0x01101233) sll     tp, zero, a7
core   0: 3 0x80005df4 (0x01101233) x 4 0x00000000
core   0: 0x80005df8 (0x03b06c33) rem     s8, zero, s11
core   0: 3 0x80005df8 (0x03b06c33) x24 0x00000000
core   0: 0x80005dfc (0x401dd893) srai    a7, s11, 1
core   0: 3 0x80005dfc (0x401dd893) x17 0x00000000
core   0: 0x80005e00 (0x02bdfc33) remu    s8, s11, a1
core   0: 3 0x80005e00 (0x02bdfc33) x24 0x00000001
core   0: 0x80005e04 (0xca411917) auipc   s2, 0xca411
core   0: 3 0x80005e04 (0xca411917) x18 0x4a416e04
core   0: 0x80005e08 (0x032a43b3) div     t2, s4, s2
core   0: 3 0x80005e08 (0x032a43b3) x 7 0x00000000
core   0: 0x80005e0c (0xd68cf893) andi    a7, s9, -664
core   0: 3 0x80005e0c (0xd68cf893) x17 0x80018c60
core   0: 0x80005e10 (0x013f9fb3) sll     t6, t6, s3
core   0: 3 0x80005e10 (0x013f9fb3) x31 0x00000000
core   0: 0x80005e14 (0x00b44833) xor     a6, s0, a1
core   0: 3 0x80005e14 (0x00b44833) x16 0x00100031
core   0: 0x80005e18 (0x026d7c33) remu    s8, s10, t1
core   0: 3 0x80005e18 (0x026d7c33) x24 0x00000000
core   0: 0x80005e1c (0x7efa7b17) auipc   s6, 0x7efa7
core   0: 3 0x80005e1c (0x7efa7b17) x22 0xfeface1c
core   0: 0x80005e20 (0x023be9b3) rem     s3, s7, gp
core   0: 3 0x80005e20 (0x023be9b3) x19 0xf80018ce
core   0: 0x80005e24 (0x01e160b3) or      ra, sp, t5
core   0: 3 0x80005e24 (0x01e160b3) x 1 0x00000000
core   0: 0x80005e28 (0x36768a93) addi    s5, a3, 871
core   0: 3 0x80005e28 (0x36768a93) x21 0x00000367
core   0: 0x80005e2c (0xdbe8d837) lui     a6, 0xdbe8d
core   0: 3 0x80005e2c (0xdbe8d837) x16 0xdbe8d000
core   0: 0x80005e30 (0x02d5c933) div     s2, a1, a3
core   0: 3 0x80005e30 (0x02d5c933) x18 0xffffffff
core   0: 0x80005e34 (0x1fd5aa13) slti    s4, a1, 509
core   0: 3 0x80005e34 (0x1fd5aa13) x20 0x00000000
core   0: 0x80005e38 (0x00121893) slli    a7, tp, 1
core   0: 3 0x80005e38 (0x00121893) x17 0x00000000
core   0: 0x80005e3c (0x01c576b3) and     a3, a0, t3
core   0: 3 0x80005e3c (0x01c576b3) x13 0x00000000
core   0: 0x80005e40 (0xcb4df093) andi    ra, s11, -844
core   0: 3 0x80005e40 (0xcb4df093) x 1 0x00000000
core   0: 0x80005e44 (0x026d27b3) mulhsu  a5, s10, t1
core   0: 3 0x80005e44 (0x026d27b3) x15 0x00000000
core   0: 0x80005e48 (0x0380c833) div     a6, ra, s8
core   0: 3 0x80005e48 (0x0380c833) x16 0xffffffff
core   0: 0x80005e4c (0x40f0dd13) srai    s10, ra, 15
core   0: 3 0x80005e4c (0x40f0dd13) x26 0x00000000
core   0: 0x80005e50 (0x00c3ef33) or      t5, t2, a2
core   0: 3 0x80005e50 (0x00c3ef33) x30 0x00000001
core   0: 0x80005e54 (0x03c65b33) divu    s6, a2, t3
core   0: 3 0x80005e54 (0x03c65b33) x22 0x00000000
core   0: 0x80005e58 (0x40f5d793) srai    a5, a1, 15
core   0: 3 0x80005e58 (0x40f5d793) x15 0x00000020
core   0: 0x80005e5c (0x03903b33) mulhu   s6, zero, s9
core   0: 3 0x80005e5c (0x03903b33) x22 0x00000000
core   0: 0x80005e60 (0x00e2d633) srl     a2, t0, a4
core   0: 3 0x80005e60 (0x00e2d633) x12 0x00000000
core   0: 0x80005e64 (0x00c819b3) sll     s3, a6, a2
core   0: 3 0x80005e64 (0x00c819b3) x19 0xffffffff
core   0: 0x80005e68 (0x02d53ab3) mulhu   s5, a0, a3
core   0: 3 0x80005e68 (0x02d53ab3) x21 0x00000000
core   0: 0x80005e6c (0x7209a093) slti    ra, s3, 1824
core   0: 3 0x80005e6c (0x7209a093) x 1 0x00000001
core   0: 0x80005e70 (0x00d008b3) add     a7, zero, a3
core   0: 3 0x80005e70 (0x00d008b3) x17 0x00000000
core   0: 0x80005e74 (0x020cb0b3) mulhu   ra, s9, zero
core   0: 3 0x80005e74 (0x020cb0b3) x 1 0x00000000
core   0: 0x80005e78 (0x00000013) nop
core   0: 3 0x80005e78 (0x00000013)
core   0: 0x80005e7c (0xa514b413) sltiu   s0, s1, -1455
core   0: 3 0x80005e7c (0xa514b413) x 8 0x00000001
core   0: 0x80005e80 (0x0036c933) xor     s2, a3, gp
core   0: 3 0x80005e80 (0x0036c933) x18 0x00000000
core   0: 0x80005e84 (0xd85c7117) auipc   sp, 0xd85c7
core   0: 3 0x80005e84 (0xd85c7117) x 2 0x585cce84
core   0: 0x80005e88 (0x00da49b3) xor     s3, s4, a3
core   0: 3 0x80005e88 (0x00da49b3) x19 0x00000000
core   0: 0x80005e8c (0x01e167b3) or      a5, sp, t5
core   0: 3 0x80005e8c (0x01e167b3) x15 0x585cce85
core   0: 0x80005e90 (0xb7a98013) addi    zero, s3, -1158
core   0: 3 0x80005e90 (0xb7a98013)
core   0: 0x80005e94 (0xca7fa113) slti    sp, t6, -857
core   0: 3 0x80005e94 (0xca7fa113) x 2 0x00000000
core   0: 0x80005e98 (0x03fb6033) rem     zero, s6, t6
core   0: 3 0x80005e98 (0x03fb6033)
core   0: 0x80005e9c (0x002bd993) srli    s3, s7, 2
core   0: 3 0x80005e9c (0x002bd993) x19 0x3e000633
core   0: 0x80005ea0 (0x039bdeb3) divu    t4, s7, s9
core   0: 3 0x80005ea0 (0x039bdeb3) x29 0x00000001
core   0: 0x80005ea4 (0x00625113) srli    sp, tp, 6
core   0: 3 0x80005ea4 (0x00625113) x 2 0x00000000
core   0: 0x80005ea8 (0x8ac96893) ori     a7, s2, -1876
core   0: 3 0x80005ea8 (0x8ac96893) x17 0xfffff8ac
core   0: 0x80005eac (0x03b48333) mul     t1, s1, s11
core   0: 3 0x80005eac (0x03b48333) x 6 0x00000000
core   0: 0x80005eb0 (0x3fadc593) xori    a1, s11, 1018
core   0: 3 0x80005eb0 (0x3fadc593) x11 0x000003fb
core   0: 0x80005eb4 (0x01120db3) add     s11, tp, a7
core   0: 3 0x80005eb4 (0x01120db3) x27 0xfffff8ac
core   0: 0x80005eb8 (0x4130d593) srai    a1, ra, 19
core   0: 3 0x80005eb8 (0x4130d593) x11 0x00000000
core   0: 0x80005ebc (0x00e4f0b3) and     ra, s1, a4
core   0: 3 0x80005ebc (0x00e4f0b3) x 1 0x00000000
core   0: 0x80005ec0 (0x017274b3) and     s1, tp, s7
core   0: 3 0x80005ec0 (0x017274b3) x 9 0x00000000
core   0: 0x80005ec4 (0x0307f033) remu    zero, a5, a6
core   0: 3 0x80005ec4 (0x0307f033)
core   0: 0x80005ec8 (0x4506ff13) andi    t5, a3, 1104
core   0: 3 0x80005ec8 (0x4506ff13) x30 0x00000000
core   0: 0x80005ecc (0x01f5cf33) xor     t5, a1, t6
core   0: 3 0x80005ecc (0x01f5cf33) x30 0x00000000
core   0: 0x80005ed0 (0x024c3bb3) mulhu   s7, s8, tp
core   0: 3 0x80005ed0 (0x024c3bb3) x23 0x00000000
core   0: 0x80005ed4 (0x1397e293) ori     t0, a5, 313
core   0: 3 0x80005ed4 (0x1397e293) x 5 0x585ccfbd
core   0: 0x80005ed8 (0x0ced0b13) addi    s6, s10, 206
core   0: 3 0x80005ed8 (0x0ced0b13) x22 0x000000ce
core   0: 0x80005edc (0x02773b33) mulhu   s6, a4, t2
core   0: 3 0x80005edc (0x02773b33) x22 0x00000000
core   0: 0x80005ee0 (0x1410fd93) andi    s11, ra, 321
core   0: 3 0x80005ee0 (0x1410fd93) x27 0x00000000
core   0: 0x80005ee4 (0x01f918b3) sll     a7, s2, t6
core   0: 3 0x80005ee4 (0x01f918b3) x17 0x00000000
core   0: 0x80005ee8 (0x841b0f13) addi    t5, s6, -1983
core   0: 3 0x80005ee8 (0x841b0f13) x30 0xfffff841
core   0: 0x80005eec (0x00119c33) sll     s8, gp, ra
core   0: 3 0x80005eec (0x00119c33) x24 0x00000000
core   0: 0x80005ef0 (0x4036df13) srai    t5, a3, 3
core   0: 3 0x80005ef0 (0x4036df13) x30 0x00000000
core   0: 0x80005ef4 (0x002d1b33) sll     s6, s10, sp
core   0: 3 0x80005ef4 (0x002d1b33) x22 0x00000000
core   0: 0x80005ef8 (0x032a77b3) remu    a5, s4, s2
core   0: 3 0x80005ef8 (0x032a77b3) x15 0x00000000
core   0: 0x80005efc (0x002abeb3) sltu    t4, s5, sp
core   0: 3 0x80005efc (0x002abeb3) x29 0x00000000
core   0: 0x80005f00 (0x011a91b3) sll     gp, s5, a7
core   0: 3 0x80005f00 (0x011a91b3) x 3 0x00000000
core   0: 0x80005f04 (0x03280033) mul     zero, a6, s2
core   0: 3 0x80005f04 (0x03280033)
core   0: 0x80005f08 (0x01c857b3) srl     a5, a6, t3
core   0: 3 0x80005f08 (0x01c857b3) x15 0xffffffff
core   0: 0x80005f0c (0x2c4da813) slti    a6, s11, 708
core   0: 3 0x80005f0c (0x2c4da813) x16 0x00000001
core   0: 0x80005f10 (0x0216ddb3) divu    s11, a3, ra
core   0: 3 0x80005f10 (0x0216ddb3) x27 0xffffffff
core   0: 0x80005f14 (0x40a289b3) sub     s3, t0, a0
core   0: 3 0x80005f14 (0x40a289b3) x19 0x585ccfbd
core   0: 0x80005f18 (0x7a106d97) auipc   s11, 0x7a106
core   0: 3 0x80005f18 (0x7a106d97) x27 0xfa10bf18
core   0: 0x80005f1c (0x0140a6b3) slt     a3, ra, s4
core   0: 3 0x80005f1c (0x0140a6b3) x13 0x00000000
core   0: 0x80005f20 (0x41775eb3) sra     t4, a4, s7
core   0: 3 0x80005f20 (0x41775eb3) x29 0x80014e64
core   0: 0x80005f24 (0x03c196b3) mulh    a3, gp, t3
core   0: 3 0x80005f24 (0x03c196b3) x13 0x00000000
core   0: 0x80005f28 (0x017a5313) srli    t1, s4, 23
core   0: 3 0x80005f28 (0x017a5313) x 6 0x00000000
core   0: 0x80005f2c (0x64338c13) addi    s8, t2, 1603
core   0: 3 0x80005f2c (0x64338c13) x24 0x00000643
core   0: 0x80005f30 (0x001075b3) and     a1, zero, ra
core   0: 3 0x80005f30 (0x001075b3) x11 0x00000000
core   0: 0x80005f34 (0x1769c993) xori    s3, s3, 374
core   0: 3 0x80005f34 (0x1769c993) x19 0x585ccecb
core   0: 0x80005f38 (0xfbf20e93) addi    t4, tp, -65
core   0: 3 0x80005f38 (0xfbf20e93) x29 0xffffffbf
core   0: 0x80005f3c (0x00a58133) add     sp, a1, a0
core   0: 3 0x80005f3c (0x00a58133) x 2 0x00000000
core   0: 0x80005f40 (0x40cdbd93) sltiu   s11, s11, 1036
core   0: 3 0x80005f40 (0x40cdbd93) x27 0x00000000
core   0: 0x80005f44 (0x51a9b613) sltiu   a2, s3, 1306
core   0: 3 0x80005f44 (0x51a9b613) x12 0x00000000
core   0: 0x80005f48 (0x00000013) nop
core   0: 3 0x80005f48 (0x00000013)
core   0: 0x80005f4c (0x416e5a13) srai    s4, t3, 22
core   0: 3 0x80005f4c (0x416e5a13) x20 0xfffffe00
core   0: 0x80005f50 (0x025e9a33) mulh    s4, t4, t0
core   0: 3 0x80005f50 (0x025e9a33) x20 0xffffffe9
core   0: 0x80005f54 (0x03f64133) div     sp, a2, t6
core   0: 3 0x80005f54 (0x03f64133) x 2 0xffffffff
core   0: 0x80005f58 (0x00cbd513) srli    a0, s7, 12
core   0: 3 0x80005f58 (0x00cbd513) x10 0x00000000
core   0: 0x80005f5c (0x97e2d417) auipc   s0, 0x97e2d
core   0: 3 0x80005f5c (0x97e2d417) x 8 0x17e32f5c
core   0: 0x80005f60 (0x41a7dc13) srai    s8, a5, 26
core   0: 3 0x80005f60 (0x41a7dc13) x24 0xffffffff
core   0: 0x80005f64 (0x409ed433) sra     s0, t4, s1
core   0: 3 0x80005f64 (0x409ed433) x 8 0xffffffbf
core   0: 0x80005f68 (0x0045a7b3) slt     a5, a1, tp
core   0: 3 0x80005f68 (0x0045a7b3) x15 0x00000000
core   0: 0x80005f6c (0x40c3d993) srai    s3, t2, 12
core   0: 3 0x80005f6c (0x40c3d993) x19 0x00000000
core   0: 0x80005f70 (0x0249bbb3) mulhu   s7, s3, tp
core   0: 3 0x80005f70 (0x0249bbb3) x23 0x00000000
core   0: 0x80005f74 (0x0177adb3) slt     s11, a5, s7
core   0: 3 0x80005f74 (0x0177adb3) x27 0x00000000
core   0: 0x80005f78 (0x03d56db3) rem     s11, a0, t4
core   0: 3 0x80005f78 (0x03d56db3) x27 0x00000000
core   0: 0x80005f7c (0xf9688e93) addi    t4, a7, -106
core   0: 3 0x80005f7c (0xf9688e93) x29 0xffffff96
core   0: 0x80005f80 (0x0031e133) or      sp, gp, gp
core   0: 3 0x80005f80 (0x0031e133) x 2 0x00000000
core   0: 0x80005f84 (0x0100f5b3) and     a1, ra, a6
core   0: 3 0x80005f84 (0x0100f5b3) x11 0x00000000
core   0: 0x80005f88 (0xf8d60193) addi    gp, a2, -115
core   0: 3 0x80005f88 (0xf8d60193) x 3 0xffffff8d
core   0: 0x80005f8c (0x00123f33) sltu    t5, tp, ra
core   0: 3 0x80005f8c (0x00123f33) x30 0x00000000
core   0: 0x80005f90 (0x018409b3) add     s3, s0, s8
core   0: 3 0x80005f90 (0x018409b3) x19 0xffffffbe
core   0: 0x80005f94 (0x004b3933) sltu    s2, s6, tp
core   0: 3 0x80005f94 (0x004b3933) x18 0x00000000
core   0: 0x80005f98 (0x03d70a33) mul     s4, a4, t4
core   0: 3 0x80005f98 (0x03d70a33) x20 0xff758a98
core   0: 0x80005f9c (0x2049d597) auipc   a1, 0x2049d
core   0: 3 0x80005f9c (0x2049d597) x11 0xa04a2f9c
core   0: 0x80005fa0 (0x41cc8133) sub     sp, s9, t3
core   0: 3 0x80005fa0 (0x41cc8133) x 2 0x00018ce4
core   0: 0x80005fa4 (0x6361cb13) xori    s6, gp, 1590
core   0: 3 0x80005fa4 (0x6361cb13) x22 0xfffff9bb
core   0: 0x80005fa8 (0x03144233) div     tp, s0, a7
core   0: 3 0x80005fa8 (0x03144233) x 4 0xffffffff
core   0: 0x80005fac (0x03e707b3) mul     a5, a4, t5
core   0: 3 0x80005fac (0x03e707b3) x15 0x00000000
core   0: 0x80005fb0 (0x0265e933) rem     s2, a1, t1
core   0: 3 0x80005fb0 (0x0265e933) x18 0xa04a2f9c
core   0: 0x80005fb4 (0x4ac68113) addi    sp, a3, 1196
core   0: 3 0x80005fb4 (0x4ac68113) x 2 0x000004ac
core   0: 0x80005fb8 (0x015f55b3) srl     a1, t5, s5
core   0: 3 0x80005fb8 (0x015f55b3) x11 0x00000000
core   0: 0x80005fbc (0x029a3eb3) mulhu   t4, s4, s1
core   0: 3 0x80005fbc (0x029a3eb3) x29 0x00000000
core   0: 0x80005fc0 (0xbb744793) xori    a5, s0, -1097
core   0: 3 0x80005fc0 (0xbb744793) x15 0x00000408
core   0: 0x80005fc4 (0x40f4d2b3) sra     t0, s1, a5
core   0: 3 0x80005fc4 (0x40f4d2b3) x 5 0x00000000
core   0: 0x80005fc8 (0x029ea9b3) mulhsu  s3, t4, s1
core   0: 3 0x80005fc8 (0x029ea9b3) x19 0x00000000
core   0: 0x80005fcc (0x007c6433) or      s0, s8, t2
core   0: 3 0x80005fcc (0x007c6433) x 8 0xffffffff
core   0: 0x80005fd0 (0x025fbab3) mulhu   s5, t6, t0
core   0: 3 0x80005fd0 (0x025fbab3) x21 0x00000000
core   0: 0x80005fd4 (0x41608133) sub     sp, ra, s6
core   0: 3 0x80005fd4 (0x41608133) x 2 0x00000645
core   0: 0x80005fd8 (0x8b6a6393) ori     t2, s4, -1866
core   0: 3 0x80005fd8 (0x8b6a6393) x 7 0xfffffabe
core   0: 0x80005fdc (0x03aea2b3) mulhsu  t0, t4, s10
core   0: 3 0x80005fdc (0x03aea2b3) x 5 0x00000000
core   0: 0x80005fe0 (0x0134c333) xor     t1, s1, s3
core   0: 3 0x80005fe0 (0x0134c333) x 6 0x00000000
core   0: 0x80005fe4 (0x01261393) slli    t2, a2, 18
core   0: 3 0x80005fe4 (0x01261393) x 7 0x00000000
core   0: 0x80005fe8 (0x028a4633) div     a2, s4, s0
core   0: 3 0x80005fe8 (0x028a4633) x12 0x008a7568
core   0: 0x80005fec (0x025848b3) div     a7, a6, t0
core   0: 3 0x80005fec (0x025848b3) x17 0xffffffff
core   0: 0x80005ff0 (0x41f3d213) srai    tp, t2, 31
core   0: 3 0x80005ff0 (0x41f3d213) x 4 0x00000000
core   0: 0x80005ff4 (0x8b7c2493) slti    s1, s8, -1865
core   0: 3 0x80005ff4 (0x8b7c2493) x 9 0x00000000
core   0: 0x80005ff8 (0x72bd6113) ori     sp, s10, 1835
core   0: 3 0x80005ff8 (0x72bd6113) x 2 0x0000072b
core   0: 0x80005ffc (0x018bc0b3) xor     ra, s7, s8
core   0: 3 0x80005ffc (0x018bc0b3) x 1 0xffffffff
core   0: 0x80006000 (0x6bcf7c13) andi    s8, t5, 1724
core   0: 3 0x80006000 (0x6bcf7c13) x24 0x00000000
core   0: 0x80006004 (0x8e9ff993) andi    s3, t6, -1815
core   0: 3 0x80006004 (0x8e9ff993) x19 0x00000000
core   0: 0x80006008 (0x41cdd633) sra     a2, s11, t3
core   0: 3 0x80006008 (0x41cdd633) x12 0x00000000
core   0: 0x8000600c (0x09f0ee97) auipc   t4, 0x9f0e
core   0: 3 0x8000600c (0x09f0ee97) x29 0x89f1400c
core   0: 0x80006010 (0x0394f433) remu    s0, s1, s9
core   0: 3 0x80006010 (0x0394f433) x 8 0x00000000
core   0: 0x80006014 (0x0152a033) slt     zero, t0, s5
core   0: 3 0x80006014 (0x0152a033)
core   0: 0x80006018 (0x02b7c633) div     a2, a5, a1
core   0: 3 0x80006018 (0x02b7c633) x12 0xffffffff
core   0: 0x8000601c (0x00236333) or      t1, t1, sp
core   0: 3 0x8000601c (0x00236333) x 6 0x0000072b
core   0: 0x80006020 (0x018f9033) sll     zero, t6, s8
core   0: 3 0x80006020 (0x018f9033)
core   0: 0x80006024 (0x004f9233) sll     tp, t6, tp
core   0: 3 0x80006024 (0x004f9233) x 4 0x00000000
core   0: 0x80006028 (0x02c80db3) mul     s11, a6, a2
core   0: 3 0x80006028 (0x02c80db3) x27 0xffffffff
core   0: 0x8000602c (0x007218b3) sll     a7, tp, t2
core   0: 3 0x8000602c (0x007218b3) x17 0x00000000
core   0: 0x80006030 (0x01463ab3) sltu    s5, a2, s4
core   0: 3 0x80006030 (0x01463ab3) x21 0x00000000
core   0: 0x80006034 (0x00179eb3) sll     t4, a5, ra
core   0: 3 0x80006034 (0x00179eb3) x29 0x00000000
core   0: 0x80006038 (0x111f0c13) addi    s8, t5, 273
core   0: 3 0x80006038 (0x111f0c13) x24 0x00000111
core   0: 0x8000603c (0x72a94213) xori    tp, s2, 1834
core   0: 3 0x8000603c (0x72a94213) x 4 0xa04a28b6
core   0: 0x80006040 (0x027161b3) rem     gp, sp, t2
core   0: 3 0x80006040 (0x027161b3) x 3 0x0000072b
core   0: 0x80006044 (0x034d05b3) mul     a1, s10, s4
core   0: 3 0x80006044 (0x034d05b3) x11 0x00000000
core   0: 0x80006048 (0x036227b3) mulhsu  a5, tp, s6
core   0: 3 0x80006048 (0x036227b3) x15 0xa04a2b0e
core   0: 0x8000604c (0x001c98b3) sll     a7, s9, ra
core   0: 3 0x8000604c (0x001c98b3) x17 0x00000000
core   0: 0x80006050 (0x027dfab3) remu    s5, s11, t2
core   0: 3 0x80006050 (0x027dfab3) x21 0xffffffff
core   0: 0x80006054 (0xd738ee93) ori     t4, a7, -653
core   0: 3 0x80006054 (0xd738ee93) x29 0xfffffd73
core   0: 0x80006058 (0xf271f597) auipc   a1, 0xf271f
core   0: 3 0x80006058 (0xf271f597) x11 0x72725058
core   0: 0x8000605c (0x03b63eb3) mulhu   t4, a2, s11
core   0: 3 0x8000605c (0x03b63eb3) x29 0xfffffffe
core   0: 0x80006060 (0x8c46a893) slti    a7, a3, -1852
core   0: 3 0x80006060 (0x8c46a893) x17 0x00000000
core   0: 0x80006064 (0x009e5393) srli    t2, t3, 9
core   0: 3 0x80006064 (0x009e5393) x 7 0x00400000
core   0: 0x80006068 (0x00be71b3) and     gp, t3, a1
core   0: 3 0x80006068 (0x00be71b3) x 3 0x00000000
core   0: 0x8000606c (0x60f2a013) slti    zero, t0, 1551
core   0: 3 0x8000606c (0x60f2a013)
core   0: 0x80006070 (0x00544033) xor     zero, s0, t0
core   0: 3 0x80006070 (0x00544033)
core   0: 0x80006074 (0xcbe4e193) ori     gp, s1, -834
core   0: 3 0x80006074 (0xcbe4e193) x 3 0xfffffcbe
core   0: 0x80006078 (0xc8928e93) addi    t4, t0, -887
core   0: 3 0x80006078 (0xc8928e93) x29 0xfffffc89
core   0: 0x8000607c (0x03c9aeb3) mulhsu  t4, s3, t3
core   0: 3 0x8000607c (0x03c9aeb3) x29 0x00000000
core   0: 0x80006080 (0x03d38ab3) mul     s5, t2, t4
core   0: 3 0x80006080 (0x03d38ab3) x21 0x00000000
core   0: 0x80006084 (0x027d22b3) mulhsu  t0, s10, t2
core   0: 3 0x80006084 (0x027d22b3) x 5 0x00000000
core   0: 0x80006088 (0x0051d133) srl     sp, gp, t0
core   0: 3 0x80006088 (0x0051d133) x 2 0xfffffcbe
core   0: 0x8000608c (0xd87ccf37) lui     t5, 0xd87cc
core   0: 3 0x8000608c (0xd87ccf37) x30 0xd87cc000
core   0: 0x80006090 (0x01e3cbb3) xor     s7, t2, t5
core   0: 3 0x80006090 (0x01e3cbb3) x23 0xd83cc000
core   0: 0x80006094 (0x00e66033) or      zero, a2, a4
core   0: 3 0x80006094 (0x00e66033)
core   0: 0x80006098 (0x0220dc33) divu    s8, ra, sp
core   0: 3 0x80006098 (0x0220dc33) x24 0x00000001
core   0: 0x8000609c (0x29ed3913) sltiu   s2, s10, 670
core   0: 3 0x8000609c (0x29ed3913) x18 0x00000001
core   0: 0x800060a0 (0x34f26813) ori     a6, tp, 847
core   0: 3 0x800060a0 (0x34f26813) x16 0xa04a2bff
core   0: 0x800060a4 (0x033bd133) divu    sp, s7, s3
core   0: 3 0x800060a4 (0x033bd133) x 2 0xffffffff
core   0: 0x800060a8 (0x039237b3) mulhu   a5, tp, s9
core   0: 3 0x800060a8 (0x039237b3) x15 0x50260cdc
core   0: 0x800060ac (0x02503bb3) mulhu   s7, zero, t0
core   0: 3 0x800060ac (0x02503bb3) x23 0x00000000
core   0: 0x800060b0 (0x41038f33) sub     t5, t2, a6
core   0: 3 0x800060b0 (0x41038f33) x30 0x5ff5d401
core   0: 0x800060b4 (0x41525433) sra     s0, tp, s5
core   0: 3 0x800060b4 (0x41525433) x 8 0xa04a28b6
core   0: 0x800060b8 (0x410d0133) sub     sp, s10, a6
core   0: 3 0x800060b8 (0x410d0133) x 2 0x5fb5d401
core   0: 0x800060bc (0x0125d493) srli    s1, a1, 18
core   0: 3 0x800060bc (0x0125d493) x 9 0x00001c9c
core   0: 0x800060c0 (0x01e949b3) xor     s3, s2, t5
core   0: 3 0x800060c0 (0x01e949b3) x19 0x5ff5d400
core   0: 0x800060c4 (0x01a5ed33) or      s10, a1, s10
core   0: 3 0x800060c4 (0x01a5ed33) x26 0x72725058
core   0: 0x800060c8 (0x00309f93) slli    t6, ra, 3
core   0: 3 0x800060c8 (0x00309f93) x31 0xfffffff8
core   0: 0x800060cc (0x42b2bc37) lui     s8, 0x42b2b
core   0: 3 0x800060cc (0x42b2bc37) x24 0x42b2b000
core   0: 0x800060d0 (0xcf516793) ori     a5, sp, -779
core   0: 3 0x800060d0 (0xcf516793) x15 0xfffffcf5
core   0: 0x800060d4 (0x02bcfbb3) remu    s7, s9, a1
core   0: 3 0x800060d4 (0x02bcfbb3) x23 0x0d8f3c8c
core   0: 0x800060d8 (0x01ccd533) srl     a0, s9, t3
core   0: 3 0x800060d8 (0x01ccd533) x10 0x80018ce4
core   0: 0x800060dc (0x7dd38537) lui     a0, 0x7dd38
core   0: 3 0x800060dc (0x7dd38537) x10 0x7dd38000
core   0: 0x800060e0 (0x00000013) nop
core   0: 3 0x800060e0 (0x00000013)
core   0: 0x800060e4 (0x67358337) lui     t1, 0x67358
core   0: 3 0x800060e4 (0x67358337) x 6 0x67358000
core   0: 0x800060e8 (0x03a68f33) mul     t5, a3, s10
core   0: 3 0x800060e8 (0x03a68f33) x30 0x00000000
core   0: 0x800060ec (0x40970233) sub     tp, a4, s1
core   0: 3 0x800060ec (0x40970233) x 4 0x800131c8
core   0: 0x800060f0 (0x019caeb3) slt     t4, s9, s9
core   0: 3 0x800060f0 (0x019caeb3) x29 0x00000000
core   0: 0x800060f4 (0x41005a93) srai    s5, zero, 16
core   0: 3 0x800060f4 (0x41005a93) x21 0x00000000
core   0: 0x800060f8 (0xc7c57793) andi    a5, a0, -900
core   0: 3 0x800060f8 (0xc7c57793) x15 0x7dd38000
core   0: 0x800060fc (0x03d08ab3) mul     s5, ra, t4
core   0: 3 0x800060fc (0x03d08ab3) x21 0x00000000
core   0: 0x80006100 (0x0010b133) sltu    sp, ra, ra
core   0: 3 0x80006100 (0x0010b133) x 2 0x00000000
core   0: 0x80006104 (0x02cc8833) mul     a6, s9, a2
core   0: 3 0x80006104 (0x02cc8833) x16 0x7ffe731c
core   0: 0x80006108 (0x6b586493) ori     s1, a6, 1717
core   0: 3 0x80006108 (0x6b586493) x 9 0x7ffe77bd
core   0: 0x8000610c (0x038d1b33) mulh    s6, s10, s8
core   0: 3 0x8000610c (0x038d1b33) x22 0x1dd15ae1
core   0: 0x80006110 (0x03a077b3) remu    a5, zero, s10
core   0: 3 0x80006110 (0x03a077b3) x15 0x00000000
core   0: 0x80006114 (0x021d9a33) mulh    s4, s11, ra
core   0: 3 0x80006114 (0x021d9a33) x20 0x00000000
core   0: 0x80006118 (0x00f65493) srli    s1, a2, 15
core   0: 3 0x80006118 (0x00f65493) x 9 0x0001ffff
core   0: 0x8000611c (0x416f8933) sub     s2, t6, s6
core   0: 3 0x8000611c (0x416f8933) x18 0xe22ea517
core   0: 0x80006120 (0x02ad7c33) remu    s8, s10, a0
core   0: 3 0x80006120 (0x02ad7c33) x24 0x72725058
core   0: 0x80006124 (0x039271b3) remu    gp, tp, s9
core   0: 3 0x80006124 (0x039271b3) x 3 0x800131c8
core   0: 0x80006128 (0x02e256b3) divu    a3, tp, a4
core   0: 3 0x80006128 (0x02e256b3) x13 0x00000000
core   0: 0x8000612c (0x01950fb3) add     t6, a0, s9
core   0: 3 0x8000612c (0x01950fb3) x31 0xfdd50ce4
core   0: 0x80006130 (0x02a2b633) mulhu   a2, t0, a0
core   0: 3 0x80006130 (0x02a2b633) x12 0x00000000
core   0: 0x80006134 (0x86ed0813) addi    a6, s10, -1938
core   0: 3 0x80006134 (0x86ed0813) x16 0x727248c6
core   0: 0x80006138 (0x41415513) srai    a0, sp, 20
core   0: 3 0x80006138 (0x41415513) x10 0x00000000
core   0: 0x8000613c (0x00f07c33) and     s8, zero, a5
core   0: 3 0x8000613c (0x00f07c33) x24 0x00000000
core   0: 0x80006140 (0x016cba33) sltu    s4, s9, s6
core   0: 3 0x80006140 (0x016cba33) x20 0x00000000
core   0: 0x80006144 (0x038bc7b3) div     a5, s7, s8
core   0: 3 0x80006144 (0x038bc7b3) x15 0xffffffff
core   0: 0x80006148 (0x00f19f33) sll     t5, gp, a5
core   0: 3 0x80006148 (0x00f19f33) x30 0x00000000
core   0: 0x8000614c (0x3dfe6013) ori     zero, t3, 991
core   0: 3 0x8000614c (0x3dfe6013)
core   0: 0x80006150 (0x02fc8eb3) mul     t4, s9, a5
core   0: 3 0x80006150 (0x02fc8eb3) x29 0x7ffe731c
core   0: 0x80006154 (0x03d28b33) mul     s6, t0, t4
core   0: 3 0x80006154 (0x03d28b33) x22 0x00000000
core   0: 0x80006158 (0x02718133) mul     sp, gp, t2
core   0: 3 0x80006158 (0x02718133) x 2 0x72000000
core   0: 0x8000615c (0x0018c7b3) xor     a5, a7, ra
core   0: 3 0x8000615c (0x0018c7b3) x15 0xffffffff
core   0: 0x80006160 (0x0249c2b3) div     t0, s3, tp
core   0: 3 0x80006160 (0x0249c2b3) x 5 0x00000000
core   0: 0x80006164 (0x40fa5913) srai    s2, s4, 15
core   0: 3 0x80006164 (0x40fa5913) x18 0x00000000
core   0: 0x80006168 (0x0274d0b3) divu    ra, s1, t2
core   0: 3 0x80006168 (0x0274d0b3) x 1 0x00000000
core   0: 0x8000616c (0x018845b3) xor     a1, a6, s8
core   0: 3 0x8000616c (0x018845b3) x11 0x727248c6
core   0: 0x80006170 (0x02c70933) mul     s2, a4, a2
core   0: 3 0x80006170 (0x02c70933) x18 0x00000000
core   0: 0x80006174 (0x03488c33) mul     s8, a7, s4
core   0: 3 0x80006174 (0x03488c33) x24 0x00000000
core   0: 0x80006178 (0x02daf033) remu    zero, s5, a3
core   0: 3 0x80006178 (0x02daf033)
core   0: 0x8000617c (0x0203abb3) mulhsu  s7, t2, zero
core   0: 3 0x8000617c (0x0203abb3) x23 0x00000000
core   0: 0x80006180 (0x00000013) nop
core   0: 3 0x80006180 (0x00000013)
core   0: 0x80006184 (0x005458b3) srl     a7, s0, t0
core   0: 3 0x80006184 (0x005458b3) x17 0xa04a28b6
core   0: 0x80006188 (0x00627f33) and     t5, tp, t1
core   0: 3 0x80006188 (0x00627f33) x30 0x00010000
core   0: 0x8000618c (0x01c939b3) sltu    s3, s2, t3
core   0: 3 0x8000618c (0x01c939b3) x19 0x00000001
core   0: 0x80006190 (0x00210433) add     s0, sp, sp
core   0: 3 0x80006190 (0x00210433) x 8 0xe4000000
core   0: 0x80006194 (0x00af1533) sll     a0, t5, a0
core   0: 3 0x80006194 (0x00af1533) x10 0x00010000
core   0: 0x80006198 (0x01b93fb3) sltu    t6, s2, s11
core   0: 3 0x80006198 (0x01b93fb3) x31 0x00000001
core   0: 0x8000619c (0x40b70eb3) sub     t4, a4, a1
core   0: 3 0x8000619c (0x40b70eb3) x29 0x0d8f059e
core   0: 0x800061a0 (0x037e09b3) mul     s3, t3, s7
core   0: 3 0x800061a0 (0x037e09b3) x19 0x00000000
core   0: 0x800061a4 (0x03b517b3) mulh    a5, a0, s11
core   0: 3 0x800061a4 (0x03b517b3) x15 0xffffffff
core   0: 0x800061a8 (0x01fbd1b3) srl     gp, s7, t6
core   0: 3 0x800061a8 (0x01fbd1b3) x 3 0x00000000
core   0: 0x800061ac (0x008bd933) srl     s2, s7, s0
core   0: 3 0x800061ac (0x008bd933) x18 0x00000000
core   0: 0x800061b0 (0x009b4bb3) xor     s7, s6, s1
core   0: 3 0x800061b0 (0x009b4bb3) x23 0x0001ffff
core   0: 0x800061b4 (0x0141d193) srli    gp, gp, 20
core   0: 3 0x800061b4 (0x0141d193) x 3 0x00000000
core   0: 0x800061b8 (0x9d9ac437) lui     s0, 0x9d9ac
core   0: 3 0x800061b8 (0x9d9ac437) x 8 0x9d9ac000
core   0: 0x800061bc (0xf6f2bf17) auipc   t5, 0xf6f2b
core   0: 3 0x800061bc (0xf6f2bf17) x30 0x76f311bc
core   0: 0x800061c0 (0x021a7633) remu    a2, s4, ra
core   0: 3 0x800061c0 (0x021a7633) x12 0x00000000
core   0: 0x800061c4 (0x008b1e93) slli    t4, s6, 8
core   0: 3 0x800061c4 (0x008b1e93) x29 0x00000000
core   0: 0x800061c8 (0x01581293) slli    t0, a6, 21
core   0: 3 0x800061c8 (0x01581293) x 5 0x18c00000
core   0: 0x800061cc (0x41288133) sub     sp, a7, s2
core   0: 3 0x800061cc (0x41288133) x 2 0xa04a28b6
core   0: 0x800061d0 (0x02e506b3) mul     a3, a0, a4
core   0: 3 0x800061d0 (0x02e506b3) x13 0x4e640000
core   0: 0x800061d4 (0xdaed7593) andi    a1, s10, -594
core   0: 3 0x800061d4 (0xdaed7593) x11 0x72725008
core   0: 0x800061d8 (0x038b61b3) rem     gp, s6, s8
core   0: 3 0x800061d8 (0x038b61b3) x 3 0x00000000
core   0: 0x800061dc (0x00341493) slli    s1, s0, 3
core   0: 3 0x800061dc (0x00341493) x 9 0xecd60000
core   0: 0x800061e0 (0x0022fc33) and     s8, t0, sp
core   0: 3 0x800061e0 (0x0022fc33) x24 0x00400000
core   0: 0x800061e4 (0x014ae333) or      t1, s5, s4
core   0: 3 0x800061e4 (0x014ae333) x 6 0x00000000
core   0: 0x800061e8 (0x02904fb3) div     t6, zero, s1
core   0: 3 0x800061e8 (0x02904fb3) x31 0x00000000
core   0: 0x800061ec (0x7afcac13) slti    s8, s9, 1967
core   0: 3 0x800061ec (0x7afcac13) x24 0x00000001
core   0: 0x800061f0 (0x00000013) nop
core   0: 3 0x800061f0 (0x00000013)
core   0: 0x800061f4 (0x40fbd313) srai    t1, s7, 15
core   0: 3 0x800061f4 (0x40fbd313) x 6 0x00000003
core   0: 0x800061f8 (0x02cb91b3) mulh    gp, s7, a2
core   0: 3 0x800061f8 (0x02cb91b3) x 3 0x00000000
core   0: 0x800061fc (0x02317a33) remu    s4, sp, gp
core   0: 3 0x800061fc (0x02317a33) x20 0xa04a28b6
core   0: 0x80006200 (0x416b5013) srai    zero, s6, 22
core   0: 3 0x80006200 (0x416b5013)
core   0: 0x80006204 (0x51f00513) li      a0, 1311
core   0: 3 0x80006204 (0x51f00513) x10 0x0000051f
core   0: 0x80006208 (0x028073b3) remu    t2, zero, s0
core   0: 3 0x80006208 (0x028073b3) x 7 0x00000000
core   0: 0x8000620c (0x0124f833) and     a6, s1, s2
core   0: 3 0x8000620c (0x0124f833) x16 0x00000000
core   0: 0x80006210 (0x031d5ab3) divu    s5, s10, a7
core   0: 3 0x80006210 (0x031d5ab3) x21 0x00000000
core   0: 0x80006214 (0x03bba533) mulhsu  a0, s7, s11
core   0: 3 0x80006214 (0x03bba533) x10 0x0001fffe
core   0: 0x80006218 (0x001334b3) sltu    s1, t1, ra
core   0: 3 0x80006218 (0x001334b3) x 9 0x00000000
core   0: 0x8000621c (0x57e6e493) ori     s1, a3, 1406
core   0: 3 0x8000621c (0x57e6e493) x 9 0x4e64057e
core   0: 0x80006220 (0x0057f6b3) and     a3, a5, t0
core   0: 3 0x80006220 (0x0057f6b3) x13 0x18c00000
core   0: 0x80006224 (0xc0d14a13) xori    s4, sp, -1011
core   0: 3 0x80006224 (0xc0d14a13) x20 0x5fb5d4bb
core   0: 0x80006228 (0x021f28b3) mulhsu  a7, t5, ra
core   0: 3 0x80006228 (0x021f28b3) x17 0x00000000
core   0: 0x8000622c (0xa4ef7b37) lui     s6, 0xa4ef7
core   0: 3 0x8000622c (0xa4ef7b37) x22 0xa4ef7000
core   0: 0x80006230 (0x006de4b3) or      s1, s11, t1
core   0: 3 0x80006230 (0x006de4b3) x 9 0xffffffff
core   0: 0x80006234 (0x00359693) slli    a3, a1, 3
core   0: 3 0x80006234 (0x00359693) x13 0x93928040
core   0: 0x80006238 (0x024ecab3) div     s5, t4, tp
core   0: 3 0x80006238 (0x024ecab3) x21 0x00000000
core   0: 0x8000623c (0x021d24b3) mulhsu  s1, s10, ra
core   0: 3 0x8000623c (0x021d24b3) x 9 0x00000000
core   0: 0x80006240 (0x4291b593) sltiu   a1, gp, 1065
core   0: 3 0x80006240 (0x4291b593) x11 0x00000001
core   0: 0x80006244 (0x0287f6b3) remu    a3, a5, s0
core   0: 3 0x80006244 (0x0287f6b3) x13 0x62653fff
core   0: 0x80006248 (0x426d8d93) addi    s11, s11, 1062
core   0: 3 0x80006248 (0x426d8d93) x27 0x00000425
core   0: 0x8000624c (0x00655033) srl     zero, a0, t1
core   0: 3 0x8000624c (0x00655033)
core   0: 0x80006250 (0x41f882b3) sub     t0, a7, t6
core   0: 3 0x80006250 (0x41f882b3) x 5 0x00000000
core   0: 0x80006254 (0x02af6a93) ori     s5, t5, 42
core   0: 3 0x80006254 (0x02af6a93) x21 0x76f311be
core   0: 0x80006258 (0x004ba1b3) slt     gp, s7, tp
core   0: 3 0x80006258 (0x004ba1b3) x 3 0x00000000
core   0: 0x8000625c (0x011bd6b3) srl     a3, s7, a7
core   0: 3 0x8000625c (0x011bd6b3) x13 0x0001ffff
core   0: 0x80006260 (0xcceca593) slti    a1, s9, -818
core   0: 3 0x80006260 (0xcceca593) x11 0x00000001
core   0: 0x80006264 (0xa3bf2217) auipc   tp, 0xa3bf2
core   0: 3 0x80006264 (0xa3bf2217) x 4 0x23bf8264
core   0: 0x80006268 (0xfa370593) addi    a1, a4, -93
core   0: 3 0x80006268 (0xfa370593) x11 0x80014e07
core   0: 0x8000626c (0x01f59c13) slli    s8, a1, 31
core   0: 3 0x8000626c (0x01f59c13) x24 0x80000000
core   0: 0x80006270 (0x03112c33) mulhsu  s8, sp, a7
core   0: 3 0x80006270 (0x03112c33) x24 0x00000000
core   0: 0x80006274 (0x008906b3) add     a3, s2, s0
core   0: 3 0x80006274 (0x008906b3) x13 0x9d9ac000
core   0: 0x80006278 (0xb5f5f213) andi    tp, a1, -1185
core   0: 3 0x80006278 (0xb5f5f213) x 4 0x80014a07
core   0: 0x8000627c (0x01af6133) or      sp, t5, s10
core   0: 3 0x8000627c (0x01af6133) x 2 0x76f351fc
core   0: 0x80006280 (0x01f081b3) add     gp, ra, t6
core   0: 3 0x80006280 (0x01f081b3) x 3 0x00000000
core   0: 0x80006284 (0x032365b3) rem     a1, t1, s2
core   0: 3 0x80006284 (0x032365b3) x11 0x00000003
core   0: 0x80006288 (0x0361d8b3) divu    a7, gp, s6
core   0: 3 0x80006288 (0x0361d8b3) x17 0x00000000
core   0: 0x8000628c (0x0368a633) mulhsu  a2, a7, s6
core   0: 3 0x8000628c (0x0368a633) x12 0x00000000
core   0: 0x80006290 (0xe39b8613) addi    a2, s7, -455
core   0: 3 0x80006290 (0xe39b8613) x12 0x0001fe38
core   0: 0x80006294 (0x02731c33) mulh    s8, t1, t2
core   0: 3 0x80006294 (0x02731c33) x24 0x00000000
core   0: 0x80006298 (0xe5b48117) auipc   sp, 0xe5b48
core   0: 3 0x80006298 (0xe5b48117) x 2 0x65b4e298
core   0: 0x8000629c (0x034e7db3) remu    s11, t3, s4
core   0: 3 0x8000629c (0x034e7db3) x27 0x204a2b45
core   0: 0x800062a0 (0x0062f533) and     a0, t0, t1
core   0: 3 0x800062a0 (0x0062f533) x10 0x00000000
core   0: 0x800062a4 (0x018fcf33) xor     t5, t6, s8
core   0: 3 0x800062a4 (0x018fcf33) x30 0x00000000
core   0: 0x800062a8 (0x57f8ef13) ori     t5, a7, 1407
core   0: 3 0x800062a8 (0x57f8ef13) x30 0x0000057f
core   0: 0x800062ac (0x03f54933) div     s2, a0, t6
core   0: 3 0x800062ac (0x03f54933) x18 0xffffffff
core   0: 0x800062b0 (0x8c8b6913) ori     s2, s6, -1848
core   0: 3 0x800062b0 (0x8c8b6913) x18 0xfffff8c8
core   0: 0x800062b4 (0x03fb58b3) divu    a7, s6, t6
core   0: 3 0x800062b4 (0x03fb58b3) x17 0xffffffff
core   0: 0x800062b8 (0x01b222b3) slt     t0, tp, s11
core   0: 3 0x800062b8 (0x01b222b3) x 5 0x00000001
core   0: 0x800062bc (0x49474093) xori    ra, a4, 1172
core   0: 3 0x800062bc (0x49474093) x 1 0x80014af0
core   0: 0x800062c0 (0x023346b3) div     a3, t1, gp
core   0: 3 0x800062c0 (0x023346b3) x13 0xffffffff
core   0: 0x800062c4 (0x01ec34b3) sltu    s1, s8, t5
core   0: 3 0x800062c4 (0x01ec34b3) x 9 0x00000001
core   0: 0x800062c8 (0x018b6c33) or      s8, s6, s8
core   0: 3 0x800062c8 (0x018b6c33) x24 0xa4ef7000
core   0: 0x800062cc (0x00000013) nop
core   0: 3 0x800062cc (0x00000013)
core   0: 0x800062d0 (0xc8727a93) andi    s5, tp, -889
core   0: 3 0x800062d0 (0xc8727a93) x21 0x80014807
core   0: 0x800062d4 (0x0207f9b3) remu    s3, a5, zero
core   0: 3 0x800062d4 (0x0207f9b3) x19 0xffffffff
core   0: 0x800062d8 (0x01479f13) slli    t5, a5, 20
core   0: 3 0x800062d8 (0x01479f13) x30 0xfff00000
core   0: 0x800062dc (0x499a3313) sltiu   t1, s4, 1177
core   0: 3 0x800062dc (0x499a3313) x 6 0x00000000
core   0: 0x800062e0 (0x405c87b3) sub     a5, s9, t0
core   0: 3 0x800062e0 (0x405c87b3) x15 0x80018ce3
core   0: 0x800062e4 (0x01f74333) xor     t1, a4, t6
core   0: 3 0x800062e4 (0x01f74333) x 6 0x80014e64
core   0: 0x800062e8 (0x0224a9b3) mulhsu  s3, s1, sp
core   0: 3 0x800062e8 (0x0224a9b3) x19 0x00000000
core   0: 0x800062ec (0x7af60f13) addi    t5, a2, 1967
core   0: 3 0x800062ec (0x7af60f13) x30 0x000205e7
core   0: 0x800062f0 (0x009eceb3) xor     t4, t4, s1
core   0: 3 0x800062f0 (0x009eceb3) x29 0x00000001
core   0: 0x800062f4 (0x41715593) srai    a1, sp, 23
core   0: 3 0x800062f4 (0x41715593) x11 0x000000cb
core   0: 0x800062f8 (0x405bdab3) sra     s5, s7, t0
core   0: 3 0x800062f8 (0x405bdab3) x21 0x0000ffff
core   0: 0x800062fc (0x00aa2333) slt     t1, s4, a0
core   0: 3 0x800062fc (0x00aa2333) x 6 0x00000000
core   0: 0x80006300 (0x0157afb3) slt     t6, a5, s5
core   0: 3 0x80006300 (0x0157afb3) x31 0x00000001
core   0: 0x80006304 (0x0173b5b3) sltu    a1, t2, s7
core   0: 3 0x80006304 (0x0173b5b3) x11 0x00000001
core   0: 0x80006308 (0x02c99433) mulh    s0, s3, a2
core   0: 3 0x80006308 (0x02c99433) x 8 0x00000000
core   0: 0x8000630c (0x023db233) mulhu   tp, s11, gp
core   0: 3 0x8000630c (0x023db233) x 4 0x00000000
core   0: 0x80006310 (0x00845f33) srl     t5, s0, s0
core   0: 3 0x80006310 (0x00845f33) x30 0x00000000
core   0: 0x80006314 (0x023c04b3) mul     s1, s8, gp
core   0: 3 0x80006314 (0x023c04b3) x 9 0x00000000
core   0: 0x80006318 (0x02e503b3) mul     t2, a0, a4
core   0: 3 0x80006318 (0x02e503b3) x 7 0x00000000
core   0: 0x8000631c (0xf06db513) sltiu   a0, s11, -250
core   0: 3 0x8000631c (0xf06db513) x10 0x00000001
core   0: 0x80006320 (0x02a5c933) div     s2, a1, a0
core   0: 3 0x80006320 (0x02a5c933) x18 0x00000001
core   0: 0x80006324 (0x039ae2b3) rem     t0, s5, s9
core   0: 3 0x80006324 (0x039ae2b3) x 5 0x0000ffff
core   0: 0x80006328 (0x0060cdb3) xor     s11, ra, t1
core   0: 3 0x80006328 (0x0060cdb3) x27 0x80014af0
core   0: 0x8000632c (0x010878b3) and     a7, a6, a6
core   0: 3 0x8000632c (0x010878b3) x17 0x00000000
core   0: 0x80006330 (0x01cabeb3) sltu    t4, s5, t3
core   0: 3 0x80006330 (0x01cabeb3) x29 0x00000001
core   0: 0x80006334 (0x003024b3) slt     s1, zero, gp
core   0: 3 0x80006334 (0x003024b3) x 9 0x00000000
core   0: 0x80006338 (0x22e68613) addi    a2, a3, 558
core   0: 3 0x80006338 (0x22e68613) x12 0x0000022d
core   0: 0x8000633c (0x006ad393) srli    t2, s5, 6
core   0: 3 0x8000633c (0x006ad393) x 7 0x000003ff
core   0: 0x80006340 (0x001d5193) srli    gp, s10, 1
core   0: 3 0x80006340 (0x001d5193) x 3 0x3939282c
core   0: 0x80006344 (0xe91bf893) andi    a7, s7, -367
core   0: 3 0x80006344 (0xe91bf893) x17 0x0001fe91
core   0: 0x80006348 (0x00f2c6b3) xor     a3, t0, a5
core   0: 3 0x80006348 (0x00f2c6b3) x13 0x8001731c
core   0: 0x8000634c (0x0273bdb3) mulhu   s11, t2, t2
core   0: 3 0x8000634c (0x0273bdb3) x27 0x00000000
core   0: 0x80006350 (0x008d9493) slli    s1, s11, 8
core   0: 3 0x80006350 (0x008d9493) x 9 0x00000000
core   0: 0x80006354 (0x00000013) nop
core   0: 3 0x80006354 (0x00000013)
core   0: 0x80006358 (0x01d1d913) srli    s2, gp, 29
core   0: 3 0x80006358 (0x01d1d913) x18 0x00000001
core   0: 0x8000635c (0x02ebca33) div     s4, s7, a4
core   0: 3 0x8000635c (0x02ebca33) x20 0x00000000
core   0: 0x80006360 (0x8eb88613) addi    a2, a7, -1813
core   0: 3 0x80006360 (0x8eb88613) x12 0x0001f77c
core   0: 0x80006364 (0x02cf89b3) mul     s3, t6, a2
core   0: 3 0x80006364 (0x02cf89b3) x19 0x0001f77c
core   0: 0x80006368 (0x00bb47b3) xor     a5, s6, a1
core   0: 3 0x80006368 (0x00bb47b3) x15 0xa4ef7001
core   0: 0x8000636c (0x03b5dd33) divu    s10, a1, s11
core   0: 3 0x8000636c (0x03b5dd33) x26 0xffffffff
core   0: 0x80006370 (0x524ffd13) andi    s10, t6, 1316
core   0: 3 0x80006370 (0x524ffd13) x26 0x00000000
core   0: 0x80006374 (0x00000013) nop
core   0: 3 0x80006374 (0x00000013)
core   0: 0x80006378 (0x00000013) nop
core   0: 3 0x80006378 (0x00000013)
core   0: 0x8000637c (0xcf1db793) sltiu   a5, s11, -783
core   0: 3 0x8000637c (0xcf1db793) x15 0x00000001
core   0: 0x80006380 (0x03c042b3) div     t0, zero, t3
core   0: 3 0x80006380 (0x03c042b3) x 5 0x00000000
core   0: 0x80006384 (0x03330833) mul     a6, t1, s3
core   0: 3 0x80006384 (0x03330833) x16 0x00000000
core   0: 0x80006388 (0x01d58d33) add     s10, a1, t4
core   0: 3 0x80006388 (0x01d58d33) x26 0x00000002
core   0: 0x8000638c (0x077b7e93) andi    t4, s6, 119
core   0: 3 0x8000638c (0x077b7e93) x29 0x00000000
core   0: 0x80006390 (0x016e7833) and     a6, t3, s6
core   0: 3 0x80006390 (0x016e7833) x16 0x80000000
core   0: 0x80006394 (0x01449613) slli    a2, s1, 20
core   0: 3 0x80006394 (0x01449613) x12 0x00000000
core   0: 0x80006398 (0xc713f493) andi    s1, t2, -911
core   0: 3 0x80006398 (0xc713f493) x 9 0x00000071
core   0: 0x8000639c (0x031379b3) remu    s3, t1, a7
core   0: 3 0x8000639c (0x031379b3) x19 0x00000000
core   0: 0x800063a0 (0xfc1606b7) lui     a3, 0xfc160
core   0: 3 0x800063a0 (0xfc1606b7) x13 0xfc160000
core   0: 0x800063a4 (0x01bfc4b3) xor     s1, t6, s11
core   0: 3 0x800063a4 (0x01bfc4b3) x 9 0x00000001
core   0: 0x800063a8 (0x006b0033) add     zero, s6, t1
core   0: 3 0x800063a8 (0x006b0033)
core   0: 0x800063ac (0x023aefb3) rem     t6, s5, gp
core   0: 3 0x800063ac (0x023aefb3) x31 0x0000ffff
core   0: 0x800063b0 (0x0301d1b3) divu    gp, gp, a6
core   0: 3 0x800063b0 (0x0301d1b3) x 3 0x00000000
core   0: 0x800063b4 (0x9b00a1b7) lui     gp, 0x9b00a
core   0: 3 0x800063b4 (0x9b00a1b7) x 3 0x9b00a000
core   0: 0x800063b8 (0x03de3233) mulhu   tp, t3, t4
core   0: 3 0x800063b8 (0x03de3233) x 4 0x00000000
core   0: 0x800063bc (0x1d65c093) xori    ra, a1, 470
core   0: 3 0x800063bc (0x1d65c093) x 1 0x000001d7
core   0: 0x800063c0 (0x03933333) mulhu   t1, t1, s9
core   0: 3 0x800063c0 (0x03933333) x 6 0x00000000
core   0: 0x800063c4 (0x701ecf13) xori    t5, t4, 1793
core   0: 3 0x800063c4 (0x701ecf13) x30 0x00000701
core   0: 0x800063c8 (0x026968b3) rem     a7, s2, t1
core   0: 3 0x800063c8 (0x026968b3) x17 0x00000001
core   0: 0x800063cc (0x41217097) auipc   ra, 0x41217
core   0: 3 0x800063cc (0x41217097) x 1 0xc121d3cc
core   0: 0x800063d0 (0x02082d33) mulhsu  s10, a6, zero
core   0: 3 0x800063d0 (0x02082d33) x26 0x00000000
core   0: 0x800063d4 (0x003c1213) slli    tp, s8, 3
core   0: 3 0x800063d4 (0x003c1213) x 4 0x277b8000
core   0: 0x800063d8 (0x004cfc33) and     s8, s9, tp
core   0: 3 0x800063d8 (0x004cfc33) x24 0x00018000
core   0: 0x800063dc (0x3a756f13) ori     t5, a0, 935
core   0: 3 0x800063dc (0x3a756f13) x30 0x000003a7
core   0: 0x800063e0 (0x7c9dfd13) andi    s10, s11, 1993
core   0: 3 0x800063e0 (0x7c9dfd13) x26 0x00000000
core   0: 0x800063e4 (0x0125c833) xor     a6, a1, s2
core   0: 3 0x800063e4 (0x0125c833) x16 0x00000000
core   0: 0x800063e8 (0x038a98b3) mulh    a7, s5, s8
core   0: 3 0x800063e8 (0x038a98b3) x17 0x00000001
core   0: 0x800063ec (0x021dabb3) mulhsu  s7, s11, ra
core   0: 3 0x800063ec (0x021dabb3) x23 0x00000000
core   0: 0x800063f0 (0xeb1b8c13) addi    s8, s7, -335
core   0: 3 0x800063f0 (0xeb1b8c13) x24 0xfffffeb1
core   0: 0x800063f4 (0x009035b3) snez    a1, s1
core   0: 3 0x800063f4 (0x009035b3) x11 0x00000001
core   0: 0x800063f8 (0x003f1f33) sll     t5, t5, gp
core   0: 3 0x800063f8 (0x003f1f33) x30 0x000003a7
core   0: 0x800063fc (0x02fe5d33) divu    s10, t3, a5
core   0: 3 0x800063fc (0x02fe5d33) x26 0x80000000
core   0: 0x80006400 (0x407e03b3) sub     t2, t3, t2
core   0: 3 0x80006400 (0x407e03b3) x 7 0x7ffffc01
core   0: 0x80006404 (0x0189a0b3) slt     ra, s3, s8
core   0: 3 0x80006404 (0x0189a0b3) x 1 0x00000000
core   0: 0x80006408 (0x03314d33) div     s10, sp, s3
core   0: 3 0x80006408 (0x03314d33) x26 0xffffffff
core   0: 0x8000640c (0x01f408b3) add     a7, s0, t6
core   0: 3 0x8000640c (0x01f408b3) x17 0x0000ffff
core   0: 0x80006410 (0x01a025b3) slt     a1, zero, s10
core   0: 3 0x80006410 (0x01a025b3) x11 0x00000000
core   0: 0x80006414 (0x00000013) nop
core   0: 3 0x80006414 (0x00000013)
core   0: 0x80006418 (0x00f79593) slli    a1, a5, 15
core   0: 3 0x80006418 (0x00f79593) x11 0x00008000
core   0: 0x8000641c (0x03d4e633) rem     a2, s1, t4
core   0: 3 0x8000641c (0x03d4e633) x12 0x00000001
core   0: 0x80006420 (0x002f0913) addi    s2, t5, 2
core   0: 3 0x80006420 (0x002f0913) x18 0x000003a9
core   0: 0x80006424 (0x026022b3) mulhsu  t0, zero, t1
core   0: 3 0x80006424 (0x026022b3) x 5 0x00000000
core   0: 0x80006428 (0xb3c32a93) slti    s5, t1, -1220
core   0: 3 0x80006428 (0xb3c32a93) x21 0x00000000
core   0: 0x8000642c (0x002b5613) srli    a2, s6, 2
core   0: 3 0x8000642c (0x002b5613) x12 0x293bdc00
core   0: 0x80006430 (0x63562393) slti    t2, a2, 1589
core   0: 3 0x80006430 (0x63562393) x 7 0x00000000
core   0: 0x80006434 (0x402c01b3) sub     gp, s8, sp
core   0: 3 0x80006434 (0x402c01b3) x 3 0x9a4b1c19
core   0: 0x80006438 (0x023f6a33) rem     s4, t5, gp
core   0: 3 0x80006438 (0x023f6a33) x20 0x000003a7
core   0: 0x8000643c (0x88704d93) xori    s11, zero, -1913
core   0: 3 0x8000643c (0x88704d93) x27 0xfffff887
core   0: 0x80006440 (0x012de2b3) or      t0, s11, s2
core   0: 3 0x80006440 (0x012de2b3) x 5 0xfffffbaf
core   0: 0x80006444 (0x0fe1ca13) xori    s4, gp, 254
core   0: 3 0x80006444 (0x0fe1ca13) x20 0x9a4b1ce7
core   0: 0x80006448 (0x41a35013) srai    zero, t1, 26
core   0: 3 0x80006448 (0x41a35013)
core   0: 0x8000644c (0x02ce4333) div     t1, t3, a2
core   0: 3 0x8000644c (0x02ce4333) x 6 0xfffffffd
core   0: 0x80006450 (0x033e37b3) mulhu   a5, t3, s3
core   0: 3 0x80006450 (0x033e37b3) x15 0x00000000
core   0: 0x80006454 (0x014c1d93) slli    s11, s8, 20
core   0: 3 0x80006454 (0x014c1d93) x27 0xeb100000
core   0: 0x80006458 (0x70aacc13) xori    s8, s5, 1802
core   0: 3 0x80006458 (0x70aacc13) x24 0x0000070a
core   0: 0x8000645c (0x0350d9b3) divu    s3, ra, s5
core   0: 3 0x8000645c (0x0350d9b3) x19 0xffffffff
core   0: 0x80006460 (0x41105013) srai    zero, zero, 17
core   0: 3 0x80006460 (0x41105013)
core   0: 0x80006464 (0x01da1fb3) sll     t6, s4, t4
core   0: 3 0x80006464 (0x01da1fb3) x31 0x9a4b1ce7
core   0: 0x80006468 (0xa83b4e93) xori    t4, s6, -1405
core   0: 3 0x80006468 (0xa83b4e93) x29 0x5b108a83
core   0: 0x8000646c (0xe41a8093) addi    ra, s5, -447
core   0: 3 0x8000646c (0xe41a8093) x 1 0xfffffe41
core   0: 0x80006470 (0xa044f693) andi    a3, s1, -1532
core   0: 3 0x80006470 (0xa044f693) x13 0x00000000
core   0: 0x80006474 (0x031097b3) mulh    a5, ra, a7
core   0: 3 0x80006474 (0x031097b3) x15 0xffffffff
core   0: 0x80006478 (0x40ccd893) srai    a7, s9, 12
core   0: 3 0x80006478 (0x40ccd893) x17 0xfff80018
core   0: 0x8000647c (0x0121ef33) or      t5, gp, s2
core   0: 3 0x8000647c (0x0121ef33) x30 0x9a4b1fb9
core   0: 0x80006480 (0xbc24d237) lui     tp, 0xbc24d
core   0: 3 0x80006480 (0xbc24d237) x 4 0xbc24d000
core   0: 0x80006484 (0x014ec9b3) xor     s3, t4, s4
core   0: 3 0x80006484 (0x014ec9b3) x19 0xc15b9664
core   0: 0x80006488 (0x01ea4a33) xor     s4, s4, t5
core   0: 3 0x80006488 (0x01ea4a33) x20 0x0000035e
core   0: 0x8000648c (0x03c42233) mulhsu  tp, s0, t3
core   0: 3 0x8000648c (0x03c42233) x 4 0x00000000
core   0: 0x80006490 (0x66f82013) slti    zero, a6, 1647
core   0: 3 0x80006490 (0x66f82013)
core   0: 0x80006494 (0x00fc7f33) and     t5, s8, a5
core   0: 3 0x80006494 (0x00fc7f33) x30 0x0000070a
core   0: 0x80006498 (0x0219e7b3) rem     a5, s3, ra
core   0: 3 0x80006498 (0x0219e7b3) x15 0xffffffba
core   0: 0x8000649c (0x018427b3) slt     a5, s0, s8
core   0: 3 0x8000649c (0x018427b3) x15 0x00000001
core   0: 0x800064a0 (0x038a8633) mul     a2, s5, s8
core   0: 3 0x800064a0 (0x038a8633) x12 0x00000000
core   0: 0x800064a4 (0x03042c33) mulhsu  s8, s0, a6
core   0: 3 0x800064a4 (0x03042c33) x24 0x00000000
core   0: 0x800064a8 (0x4b957a93) andi    s5, a0, 1209
core   0: 3 0x800064a8 (0x4b957a93) x21 0x00000001
core   0: 0x800064ac (0x0017db13) srli    s6, a5, 1
core   0: 3 0x800064ac (0x0017db13) x22 0x00000000
core   0: 0x800064b0 (0x02cd79b3) remu    s3, s10, a2
core   0: 3 0x800064b0 (0x02cd79b3) x19 0xffffffff
core   0: 0x800064b4 (0x40dada33) sra     s4, s5, a3
core   0: 3 0x800064b4 (0x40dada33) x20 0x00000001
core   0: 0x800064b8 (0x02d472b3) remu    t0, s0, a3
core   0: 3 0x800064b8 (0x02d472b3) x 5 0x00000000
core   0: 0x800064bc (0xff167137) lui     sp, 0xff167
core   0: 3 0x800064bc (0xff167137) x 2 0xff167000
core   0: 0x800064c0 (0x406d88b3) sub     a7, s11, t1
core   0: 3 0x800064c0 (0x406d88b3) x17 0xeb100003
core   0: 0x800064c4 (0x015fc1b3) xor     gp, t6, s5
core   0: 3 0x800064c4 (0x015fc1b3) x 3 0x9a4b1ce6
core   0: 0x800064c8 (0x30ba8513) addi    a0, s5, 779
core   0: 3 0x800064c8 (0x30ba8513) x10 0x0000030c
core   0: 0x800064cc (0x036ad1b3) divu    gp, s5, s6
core   0: 3 0x800064cc (0x036ad1b3) x 3 0xffffffff
core   0: 0x800064d0 (0x6cfd0a17) auipc   s4, 0x6cfd0
core   0: 3 0x800064d0 (0x6cfd0a17) x20 0xecfd64d0
core   0: 0x800064d4 (0xeb395197) auipc   gp, 0xeb395
core   0: 3 0x800064d4 (0xeb395197) x 3 0x6b39b4d4
core   0: 0x800064d8 (0x039b9eb3) mulh    t4, s7, s9
core   0: 3 0x800064d8 (0x039b9eb3) x29 0x00000000
core   0: 0x800064dc (0x01b07d33) and     s10, zero, s11
core   0: 3 0x800064dc (0x01b07d33) x26 0x00000000
core   0: 0x800064e0 (0x0f244813) xori    a6, s0, 242
core   0: 3 0x800064e0 (0x0f244813) x16 0x000000f2
core   0: 0x800064e4 (0xbb63d537) lui     a0, 0xbb63d
core   0: 3 0x800064e4 (0xbb63d537) x10 0xbb63d000
core   0: 0x800064e8 (0x00000013) nop
core   0: 3 0x800064e8 (0x00000013)
core   0: 0x800064ec (0x0189d113) srli    sp, s3, 24
core   0: 3 0x800064ec (0x0189d113) x 2 0x000000ff
core   0: 0x800064f0 (0x0186f1b3) and     gp, a3, s8
core   0: 3 0x800064f0 (0x0186f1b3) x 3 0x00000000
core   0: 0x800064f4 (0x00000013) nop
core   0: 3 0x800064f4 (0x00000013)
core   0: 0x800064f8 (0x00ca9633) sll     a2, s5, a2
core   0: 3 0x800064f8 (0x00ca9633) x12 0x00000001
core   0: 0x800064fc (0x03bdb333) mulhu   t1, s11, s11
core   0: 3 0x800064fc (0x03bdb333) x 6 0xd7d66100
core   0: 0x80006500 (0x76666113) ori     sp, a2, 1894
core   0: 3 0x80006500 (0x76666113) x 2 0x00000767
core   0: 0x80006504 (0x12ddc917) auipc   s2, 0x12ddc
core   0: 3 0x80006504 (0x12ddc917) x18 0x92de2504
core   0: 0x80006508 (0x00a43233) sltu    tp, s0, a0
core   0: 3 0x80006508 (0x00a43233) x 4 0x00000001
core   0: 0x8000650c (0x00b9f533) and     a0, s3, a1
core   0: 3 0x8000650c (0x00b9f533) x10 0x00008000
core   0: 0x80006510 (0x00eb54b3) srl     s1, s6, a4
core   0: 3 0x80006510 (0x00eb54b3) x 9 0x00000000
core   0: 0x80006514 (0xdbe21237) lui     tp, 0xdbe21
core   0: 3 0x80006514 (0xdbe21237) x 4 0xdbe21000
core   0: 0x80006518 (0x40338fb3) sub     t6, t2, gp
core   0: 3 0x80006518 (0x40338fb3) x31 0x00000000
core   0: 0x8000651c (0xba6f8b13) addi    s6, t6, -1114
core   0: 3 0x8000651c (0xba6f8b13) x22 0xfffffba6
core   0: 0x80006520 (0x00000013) nop
core   0: 3 0x80006520 (0x00000013)
core   0: 0x80006524 (0x41d15333) sra     t1, sp, t4
core   0: 3 0x80006524 (0x41d15333) x 6 0x00000767
core   0: 0x80006528 (0x009bb633) sltu    a2, s7, s1
core   0: 3 0x80006528 (0x009bb633) x12 0x00000000
core   0: 0x8000652c (0x409c85b3) sub     a1, s9, s1
core   0: 3 0x8000652c (0x409c85b3) x11 0x80018ce4
core   0: 0x80006530 (0x41bb5b13) srai    s6, s6, 27
core   0: 3 0x80006530 (0x41bb5b13) x22 0xffffffff
core   0: 0x80006534 (0x40e40533) sub     a0, s0, a4
core   0: 3 0x80006534 (0x40e40533) x10 0x7ffeb19c
core   0: 0x80006538 (0x02fffd33) remu    s10, t6, a5
core   0: 3 0x80006538 (0x02fffd33) x26 0x00000000
core   0: 0x8000653c (0x411c04b3) sub     s1, s8, a7
core   0: 3 0x8000653c (0x411c04b3) x 9 0x14effffd
core   0: 0x80006540 (0x405081b3) sub     gp, ra, t0
core   0: 3 0x80006540 (0x405081b3) x 3 0xfffffe41
core   0: 0x80006544 (0x01ad5b13) srli    s6, s10, 26
core   0: 3 0x80006544 (0x01ad5b13) x22 0x00000000
core   0: 0x80006548 (0x034bb633) mulhu   a2, s7, s4
core   0: 3 0x80006548 (0x034bb633) x12 0x00000000
core   0: 0x8000654c (0x002c4433) xor     s0, s8, sp
core   0: 3 0x8000654c (0x002c4433) x 8 0x00000767
core   0: 0x80006550 (0x01d76db3) or      s11, a4, t4
core   0: 3 0x80006550 (0x01d76db3) x27 0x80014e64
core   0: 0x80006554 (0x39b12193) slti    gp, sp, 923
core   0: 3 0x80006554 (0x39b12193) x 3 0x00000000
core   0: 0x80006558 (0x038d3633) mulhu   a2, s10, s8
core   0: 3 0x80006558 (0x038d3633) x12 0x00000000
core   0: 0x8000655c (0x367bc113) xori    sp, s7, 871
core   0: 3 0x8000655c (0x367bc113) x 2 0x00000367
core   0: 0x80006560 (0x9b593c37) lui     s8, 0x9b593
core   0: 3 0x80006560 (0x9b593c37) x24 0x9b593000
core   0: 0x80006564 (0x0394d4b3) divu    s1, s1, s9
core   0: 3 0x80006564 (0x0394d4b3) x 9 0x00000000
core   0: 0x80006568 (0x41b60833) sub     a6, a2, s11
core   0: 3 0x80006568 (0x41b60833) x16 0x7ffeb19c
core   0: 0x8000656c (0x02094bb3) div     s7, s2, zero
core   0: 3 0x8000656c (0x02094bb3) x23 0xffffffff
core   0: 0x80006570 (0xb1e2f313) andi    t1, t0, -1250
core   0: 3 0x80006570 (0xb1e2f313) x 6 0x00000000
core   0: 0x80006574 (0x01fa5693) srli    a3, s4, 31
core   0: 3 0x80006574 (0x01fa5693) x13 0x00000001
core   0: 0x80006578 (0x00ac1f33) sll     t5, s8, a0
core   0: 3 0x80006578 (0x00ac1f33) x30 0x00000000
core   0: 0x8000657c (0x02189133) mulh    sp, a7, ra
core   0: 3 0x8000657c (0x02189133) x 2 0x00000024
core   0: 0x80006580 (0x40255613) srai    a2, a0, 2
core   0: 3 0x80006580 (0x40255613) x12 0x1fffac67
core   0: 0x80006584 (0x9f98f413) andi    s0, a7, -1543
core   0: 3 0x80006584 (0x9f98f413) x 8 0xeb100001
core   0: 0x80006588 (0x00000013) nop
core   0: 3 0x80006588 (0x00000013)
core   0: 0x8000658c (0x01905533) srl     a0, zero, s9
core   0: 3 0x8000658c (0x01905533) x10 0x00000000
core   0: 0x80006590 (0x0038da13) srli    s4, a7, 3
core   0: 3 0x80006590 (0x0038da13) x20 0x1d620000
core   0: 0x80006594 (0x024f7b33) remu    s6, t5, tp
core   0: 3 0x80006594 (0x024f7b33) x22 0x00000000
core   0: 0x80006598 (0xfce96d93) ori     s11, s2, -50
core   0: 3 0x80006598 (0xfce96d93) x27 0xffffffce
core   0: 0x8000659c (0x017f6db3) or      s11, t5, s7
core   0: 3 0x8000659c (0x017f6db3) x27 0xffffffff
core   0: 0x800065a0 (0x01535bb3) srl     s7, t1, s5
core   0: 3 0x800065a0 (0x01535bb3) x23 0x00000000
core   0: 0x800065a4 (0x0308d833) divu    a6, a7, a6
core   0: 3 0x800065a4 (0x0308d833) x16 0x00000001
core   0: 0x800065a8 (0x0203bb33) mulhu   s6, t2, zero
core   0: 3 0x800065a8 (0x0203bb33) x22 0x00000000
core   0: 0x800065ac (0x00d607b3) add     a5, a2, a3
core   0: 3 0x800065ac (0x00d607b3) x15 0x1fffac68
core   0: 0x800065b0 (0x0162f4b3) and     s1, t0, s6
core   0: 3 0x800065b0 (0x0162f4b3) x 9 0x00000000
core   0: 0x800065b4 (0x03220bb3) mul     s7, tp, s2
core   0: 3 0x800065b4 (0x03220bb3) x23 0xfbd84000
core   0: 0x800065b8 (0x01cbceb3) xor     t4, s7, t3
core   0: 3 0x800065b8 (0x01cbceb3) x29 0x7bd84000
core   0: 0x800065bc (0x412cd333) sra     t1, s9, s2
core   0: 3 0x800065bc (0x412cd333) x 6 0xf80018ce
core   0: 0x800065c0 (0x038ecfb3) div     t6, t4, s8
core   0: 3 0x800065c0 (0x038ecfb3) x31 0xffffffff
core   0: 0x800065c4 (0xc41e7793) andi    a5, t3, -959
core   0: 3 0x800065c4 (0xc41e7793) x15 0x80000000
core   0: 0x800065c8 (0x032896b3) mulh    a3, a7, s2
core   0: 3 0x800065c8 (0x032896b3) x13 0x08ecf4d7
core   0: 0x800065cc (0x013f6633) or      a2, t5, s3
core   0: 3 0x800065cc (0x013f6633) x12 0xffffffff
core   0: 0x800065d0 (0x3dbc0793) addi    a5, s8, 987
core   0: 3 0x800065d0 (0x3dbc0793) x15 0x9b5933db
core   0: 0x800065d4 (0x0353cab3) div     s5, t2, s5
core   0: 3 0x800065d4 (0x0353cab3) x21 0x00000000
core   0: 0x800065d8 (0x01a6f233) and     tp, a3, s10
core   0: 3 0x800065d8 (0x01a6f233) x 4 0x00000000
core   0: 0x800065dc (0x731f4513) xori    a0, t5, 1841
core   0: 3 0x800065dc (0x731f4513) x10 0x00000731
core   0: 0x800065e0 (0x030ca1b3) mulhsu  gp, s9, a6
core   0: 3 0x800065e0 (0x030ca1b3) x 3 0xffffffff
core   0: 0x800065e4 (0xef718013) addi    zero, gp, -265
core   0: 3 0x800065e4 (0xef718013)
core   0: 0x800065e8 (0x41745393) srai    t2, s0, 23
core   0: 3 0x800065e8 (0x41745393) x 7 0xffffffd6
core   0: 0x800065ec (0x414e0933) sub     s2, t3, s4
core   0: 3 0x800065ec (0x414e0933) x18 0x629e0000
core   0: 0x800065f0 (0x417cda13) srai    s4, s9, 23
core   0: 3 0x800065f0 (0x417cda13) x20 0xffffff00
core   0: 0x800065f4 (0x905e6193) ori     gp, t3, -1787
core   0: 3 0x800065f4 (0x905e6193) x 3 0xfffff905
core   0: 0x800065f8 (0xdd863b93) sltiu   s7, a2, -552
core   0: 3 0x800065f8 (0xdd863b93) x23 0x00000000
core   0: 0x800065fc (0x0233a1b3) mulhsu  gp, t2, gp
core   0: 3 0x800065fc (0x0233a1b3) x 3 0xffffffd6
core   0: 0x80006600 (0xea462217) auipc   tp, 0xea462
core   0: 3 0x80006600 (0xea462217) x 4 0x6a468600
core   0: 0x80006604 (0x00196633) or      a2, s2, ra
core   0: 3 0x80006604 (0x00196633) x12 0xfffffe41
core   0: 0x80006608 (0x03f5c033) div     zero, a1, t6
core   0: 3 0x80006608 (0x03f5c033)
core   0: 0x8000660c (0x03e31833) mulh    a6, t1, t5
core   0: 3 0x8000660c (0x03e31833) x16 0x00000000
core   0: 0x80006610 (0x01fc6c33) or      s8, s8, t6
core   0: 3 0x80006610 (0x01fc6c33) x24 0xffffffff
core   0: 0x80006614 (0x0399d6b3) divu    a3, s3, s9
core   0: 3 0x80006614 (0x0399d6b3) x13 0x00000001
core   0: 0x80006618 (0x031a7233) remu    tp, s4, a7
core   0: 3 0x80006618 (0x031a7233) x 4 0x14effefd
core   0: 0x8000661c (0x01fcd5b3) srl     a1, s9, t6
core   0: 3 0x8000661c (0x01fcd5b3) x11 0x00000001
core   0: 0x80006620 (0x00757f33) and     t5, a0, t2
core   0: 3 0x80006620 (0x00757f33) x30 0x00000710
core   0: 0x80006624 (0x52078f93) addi    t6, a5, 1312
core   0: 3 0x80006624 (0x52078f93) x31 0x9b5938fb
core   0: 0x80006628 (0x00753bb3) sltu    s7, a0, t2
core   0: 3 0x80006628 (0x00753bb3) x23 0x00000001
core   0: 0x8000662c (0x00a89933) sll     s2, a7, a0
core   0: 3 0x8000662c (0x00a89933) x18 0x00060000
core   0: 0x80006630 (0x01e53533) sltu    a0, a0, t5
core   0: 3 0x80006630 (0x01e53533) x10 0x00000000
core   0: 0x80006634 (0x001dc533) xor     a0, s11, ra
core   0: 3 0x80006634 (0x001dc533) x10 0x000001be
core   0: 0x80006638 (0x8b72c637) lui     a2, 0x8b72c
core   0: 3 0x80006638 (0x8b72c637) x12 0x8b72c000
core   0: 0x8000663c (0x979d6893) ori     a7, s10, -1671
core   0: 3 0x8000663c (0x979d6893) x17 0xfffff979
core   0: 0x80006640 (0x027939b3) mulhu   s3, s2, t2
core   0: 3 0x80006640 (0x027939b3) x19 0x0005ffff
core   0: 0x80006644 (0x40b85d33) sra     s10, a6, a1
core   0: 3 0x80006644 (0x40b85d33) x26 0x00000000
core   0: 0x80006648 (0x0156d093) srli    ra, a3, 21
core   0: 3 0x80006648 (0x0156d093) x 1 0x00000000
core   0: 0x8000664c (0x030eb5b3) mulhu   a1, t4, a6
core   0: 3 0x8000664c (0x030eb5b3) x11 0x00000000
core   0: 0x80006650 (0x02c57133) remu    sp, a0, a2
core   0: 3 0x80006650 (0x02c57133) x 2 0x000001be
core   0: 0x80006654 (0x011a1933) sll     s2, s4, a7
core   0: 3 0x80006654 (0x011a1933) x18 0x00000000
core   0: 0x80006658 (0x0183b0b3) sltu    ra, t2, s8
core   0: 3 0x80006658 (0x0183b0b3) x 1 0x00000001
core   0: 0x8000665c (0x012fbab3) sltu    s5, t6, s2
core   0: 3 0x8000665c (0x012fbab3) x21 0x00000000
core   0: 0x80006660 (0x027c1db3) mulh    s11, s8, t2
core   0: 3 0x80006660 (0x027c1db3) x27 0x00000000
core   0: 0x80006664 (0x303e3213) sltiu   tp, t3, 771
core   0: 3 0x80006664 (0x303e3213) x 4 0x00000000
core   0: 0x80006668 (0xfde2bd93) sltiu   s11, t0, -34
core   0: 3 0x80006668 (0xfde2bd93) x27 0x00000001
core   0: 0x8000666c (0x265ee913) ori     s2, t4, 613
core   0: 3 0x8000666c (0x265ee913) x18 0x7bd84265
core   0: 0x80006670 (0x011ff4b3) and     s1, t6, a7
core   0: 3 0x80006670 (0x011ff4b3) x 9 0x9b593879
core   0: 0x80006674 (0x021c12b3) mulh    t0, s8, ra
core   0: 3 0x80006674 (0x021c12b3) x 5 0xffffffff
core   0: 0x80006678 (0x02413ab3) mulhu   s5, sp, tp
core   0: 3 0x80006678 (0x02413ab3) x21 0x00000000
core   0: 0x8000667c (0x02740633) mul     a2, s0, t2
core   0: 3 0x8000667c (0x02740633) x12 0x6f5fffd6
core   0: 0x80006680 (0x0062cf33) xor     t5, t0, t1
core   0: 3 0x80006680 (0x0062cf33) x30 0x07ffe731
core   0: 0x80006684 (0x40d75f93) srai    t6, a4, 13
core   0: 3 0x80006684 (0x40d75f93) x31 0xfffc000a
core   0: 0x80006688 (0x406f05b3) sub     a1, t5, t1
core   0: 3 0x80006688 (0x406f05b3) x11 0x0fffce63
core   0: 0x8000668c (0x018bbfb3) sltu    t6, s7, s8
core   0: 3 0x8000668c (0x018bbfb3) x31 0x00000001
core   0: 0x80006690 (0x024ef0b3) remu    ra, t4, tp
core   0: 3 0x80006690 (0x024ef0b3) x 1 0x7bd84000
core   0: 0x80006694 (0x88763493) sltiu   s1, a2, -1913
core   0: 3 0x80006694 (0x88763493) x 9 0x00000001
core   0: 0x80006698 (0xfd02c513) xori    a0, t0, -48
core   0: 3 0x80006698 (0xfd02c513) x10 0x0000002f
core   0: 0x8000669c (0x02a90b33) mul     s6, s2, a0
core   0: 3 0x8000669c (0x02a90b33) x22 0xbcb4308b
core   0: 0x800066a0 (0x015273b3) and     t2, tp, s5
core   0: 3 0x800066a0 (0x015273b3) x 7 0x00000000
core   0: 0x800066a4 (0x02cacfb3) div     t6, s5, a2
core   0: 3 0x800066a4 (0x02cacfb3) x31 0x00000000
core   0: 0x800066a8 (0x01c52db3) slt     s11, a0, t3
core   0: 3 0x800066a8 (0x01c52db3) x27 0x00000000
core   0: 0x800066ac (0x03ae68b3) rem     a7, t3, s10
core   0: 3 0x800066ac (0x03ae68b3) x17 0x80000000
core   0: 0x800066b0 (0x0182a3b3) slt     t2, t0, s8
core   0: 3 0x800066b0 (0x0182a3b3) x 7 0x00000000
core   0: 0x800066b4 (0x0515ed93) ori     s11, a1, 81
core   0: 3 0x800066b4 (0x0515ed93) x27 0x0fffce73
core   0: 0x800066b8 (0x41775ab3) sra     s5, a4, s7
core   0: 3 0x800066b8 (0x41775ab3) x21 0xc000a732
core   0: 0x800066bc (0x01865c13) srli    s8, a2, 24
core   0: 3 0x800066bc (0x01865c13) x24 0x0000006f
core   0: 0x800066c0 (0x02c58933) mul     s2, a1, a2
core   0: 3 0x800066c0 (0x02c58933) x18 0xb22823c2
core   0: 0x800066c4 (0x002fe9b3) or      s3, t6, sp
core   0: 3 0x800066c4 (0x002fe9b3) x19 0x000001be
core   0: 0x800066c8 (0x03a731b3) mulhu   gp, a4, s10
core   0: 3 0x800066c8 (0x03a731b3) x 3 0x00000000
core   0: 0x800066cc (0x40df5513) srai    a0, t5, 13
core   0: 3 0x800066cc (0x40df5513) x10 0x00003fff
core   0: 0x800066d0 (0xd4f3fe93) andi    t4, t2, -689
core   0: 3 0x800066d0 (0xd4f3fe93) x29 0x00000000
core   0: 0x800066d4 (0x014b7333) and     t1, s6, s4
core   0: 3 0x800066d4 (0x014b7333) x 6 0xbcb43000
core   0: 0x800066d8 (0x1b113593) sltiu   a1, sp, 433
core   0: 3 0x800066d8 (0x1b113593) x11 0x00000000
core   0: 0x800066dc (0x414f55b3) sra     a1, t5, s4
core   0: 3 0x800066dc (0x414f55b3) x11 0x07ffe731
core   0: 0x800066e0 (0x165e0113) addi    sp, t3, 357
core   0: 3 0x800066e0 (0x165e0113) x 2 0x80000165
core   0: 0x800066e4 (0x0074fbb3) and     s7, s1, t2
core   0: 3 0x800066e4 (0x0074fbb3) x23 0x00000000
core   0: 0x800066e8 (0x00701893) slli    a7, zero, 7
core   0: 3 0x800066e8 (0x00701893) x17 0x00000000
core   0: 0x800066ec (0x03f7d7b3) divu    a5, a5, t6
core   0: 3 0x800066ec (0x03f7d7b3) x15 0xffffffff
core   0: 0x800066f0 (0x02012db3) mulhsu  s11, sp, zero
core   0: 3 0x800066f0 (0x02012db3) x27 0x00000000
core   0: 0x800066f4 (0x00fada33) srl     s4, s5, a5
core   0: 3 0x800066f4 (0x00fada33) x20 0x00000001
core   0: 0x800066f8 (0x53602893) slti    a7, zero, 1334
core   0: 3 0x800066f8 (0x53602893) x17 0x00000001
core   0: 0x800066fc (0x00e29f13) slli    t5, t0, 14
core   0: 3 0x800066fc (0x00e29f13) x30 0xffffc000
core   0: 0x80006700 (0xafac3093) sltiu   ra, s8, -1286
core   0: 3 0x80006700 (0xafac3093) x 1 0x00000001
core   0: 0x80006704 (0x58e08693) addi    a3, ra, 1422
core   0: 3 0x80006704 (0x58e08693) x13 0x0000058f
core   0: 0x80006708 (0x32c0a393) slti    t2, ra, 812
core   0: 3 0x80006708 (0x32c0a393) x 7 0x00000001
core   0: 0x8000670c (0xa0d960b7) lui     ra, 0xa0d96
core   0: 3 0x8000670c (0xa0d960b7) x 1 0xa0d96000
core   0: 0x80006710 (0x65ce4113) xori    sp, t3, 1628
core   0: 3 0x80006710 (0x65ce4113) x 2 0x8000065c
core   0: 0x80006714 (0x013ffab3) and     s5, t6, s3
core   0: 3 0x80006714 (0x013ffab3) x21 0x00000000
core   0: 0x80006718 (0x0feb2593) slti    a1, s6, 254
core   0: 3 0x80006718 (0x0feb2593) x11 0x00000001
core   0: 0x8000671c (0x40dad7b3) sra     a5, s5, a3
core   0: 3 0x8000671c (0x40dad7b3) x15 0x00000000
core   0: 0x80006720 (0x02f5c8b3) div     a7, a1, a5
core   0: 3 0x80006720 (0x02f5c8b3) x17 0xffffffff
core   0: 0x80006724 (0x40ee5fb3) sra     t6, t3, a4
core   0: 3 0x80006724 (0x40ee5fb3) x31 0xf8000000
core   0: 0x80006728 (0x035e5833) divu    a6, t3, s5
core   0: 3 0x80006728 (0x035e5833) x16 0xffffffff
core   0: 0x8000672c (0x023184b3) mul     s1, gp, gp
core   0: 3 0x8000672c (0x023184b3) x 9 0x00000000
core   0: 0x80006730 (0x0394fd33) remu    s10, s1, s9
core   0: 3 0x80006730 (0x0394fd33) x26 0x00000000
core   0: 0x80006734 (0xb3cb8a13) addi    s4, s7, -1220
core   0: 3 0x80006734 (0xb3cb8a13) x20 0xfffffb3c
core   0: 0x80006738 (0x008e21b3) slt     gp, t3, s0
core   0: 3 0x80006738 (0x008e21b3) x 3 0x00000001
core   0: 0x8000673c (0xdcb44637) lui     a2, 0xdcb44
core   0: 3 0x8000673c (0xdcb44637) x12 0xdcb44000
core   0: 0x80006740 (0x01395793) srli    a5, s2, 19
core   0: 3 0x80006740 (0x01395793) x15 0x00001645
core   0: 0x80006744 (0x01135033) srl     zero, t1, a7
core   0: 3 0x80006744 (0x01135033)
core   0: 0x80006748 (0x02751bb3) mulh    s7, a0, t2
core   0: 3 0x80006748 (0x02751bb3) x23 0x00000000
core   0: 0x8000674c (0x004eed33) or      s10, t4, tp
core   0: 3 0x8000674c (0x004eed33) x26 0x00000000
core   0: 0x80006750 (0x03088633) mul     a2, a7, a6
core   0: 3 0x80006750 (0x03088633) x12 0x00000001
core   0: 0x80006754 (0x03aa96b3) mulh    a3, s5, s10
core   0: 3 0x80006754 (0x03aa96b3) x13 0x00000000
core   0: 0x80006758 (0x6d700913) li      s2, 1751
core   0: 3 0x80006758 (0x6d700913) x18 0x000006d7
core   0: 0x8000675c (0x40488ab3) sub     s5, a7, tp
core   0: 3 0x8000675c (0x40488ab3) x21 0xffffffff
core   0: 0x80006760 (0x247fd197) auipc   gp, 0x247fd
core   0: 3 0x80006760 (0x247fd197) x 3 0xa4803760
core   0: 0x80006764 (0x1250b193) sltiu   gp, ra, 293
core   0: 3 0x80006764 (0x1250b193) x 3 0x00000000
core   0: 0x80006768 (0x51e85517) auipc   a0, 0x51e85
core   0: 3 0x80006768 (0x51e85517) x10 0xd1e8b768
core   0: 0x8000676c (0xf5a9ea13) ori     s4, s3, -166
core   0: 3 0x8000676c (0xf5a9ea13) x20 0xfffffffe
core   0: 0x80006770 (0x011369b3) or      s3, t1, a7
core   0: 3 0x80006770 (0x011369b3) x19 0xffffffff
core   0: 0x80006774 (0x034effb3) remu    t6, t4, s4
core   0: 3 0x80006774 (0x034effb3) x31 0x00000000
core   0: 0x80006778 (0x01555793) srli    a5, a0, 21
core   0: 3 0x80006778 (0x01555793) x15 0x0000068f
core   0: 0x8000677c (0x0039d993) srli    s3, s3, 3
core   0: 3 0x8000677c (0x0039d993) x19 0x1fffffff
core   0: 0x80006780 (0x0315e5b3) rem     a1, a1, a7
core   0: 3 0x80006780 (0x0315e5b3) x11 0x00000000
core   0: 0x80006784 (0x30c72397) auipc   t2, 0x30c72
core   0: 3 0x80006784 (0x30c72397) x 7 0xb0c78784
core   0: 0x80006788 (0x036ee4b3) rem     s1, t4, s6
core   0: 3 0x80006788 (0x036ee4b3) x 9 0x00000000
core   0: 0x8000678c (0x9f183d13) sltiu   s10, a6, -1551
core   0: 3 0x8000678c (0x9f183d13) x26 0x00000000
core   0: 0x80006790 (0xb950b493) sltiu   s1, ra, -1131
core   0: 3 0x80006790 (0xb950b493) x 9 0x00000001
core   0: 0x80006794 (0x001e2033) slt     zero, t3, ra
core   0: 3 0x80006794 (0x001e2033)
core   0: 0x80006798 (0x13eda013) slti    zero, s11, 318
core   0: 3 0x80006798 (0x13eda013)
core   0: 0x8000679c (0x02443b33) mulhu   s6, s0, tp
core   0: 3 0x8000679c (0x02443b33) x22 0x00000000
core   0: 0x800067a0 (0x86174e93) xori    t4, a4, -1951
core   0: 3 0x800067a0 (0x86174e93) x29 0x7ffeb605
core   0: 0x800067a4 (0x0239fc33) remu    s8, s3, gp
core   0: 3 0x800067a4 (0x0239fc33) x24 0x1fffffff
core   0: 0x800067a8 (0x00495693) srli    a3, s2, 4
core   0: 3 0x800067a8 (0x00495693) x13 0x0000006d
core   0: 0x800067ac (0x006cf233) and     tp, s9, t1
core   0: 3 0x800067ac (0x006cf233) x 4 0x80000000
core   0: 0x800067b0 (0x02938c33) mul     s8, t2, s1
core   0: 3 0x800067b0 (0x02938c33) x24 0xb0c78784
core   0: 0x800067b4 (0x02f01833) mulh    a6, zero, a5
core   0: 3 0x800067b4 (0x02f01833) x16 0x00000000
core   0: 0x800067b8 (0x01c462b3) or      t0, s0, t3
core   0: 3 0x800067b8 (0x01c462b3) x 5 0xeb100001
core   0: 0x800067bc (0x4056d1b3) sra     gp, a3, t0
core   0: 3 0x800067bc (0x4056d1b3) x 3 0x00000036
core   0: 0x800067c0 (0x3d1e3513) sltiu   a0, t3, 977
core   0: 3 0x800067c0 (0x3d1e3513) x10 0x00000000
core   0: 0x800067c4 (0x5b052c13) slti    s8, a0, 1456
core   0: 3 0x800067c4 (0x5b052c13) x24 0x00000001
core   0: 0x800067c8 (0x0399fc33) remu    s8, s3, s9
core   0: 3 0x800067c8 (0x0399fc33) x24 0x1fffffff
core   0: 0x800067cc (0x00680233) add     tp, a6, t1
core   0: 3 0x800067cc (0x00680233) x 4 0xbcb43000
core   0: 0x800067d0 (0x00000013) nop
core   0: 3 0x800067d0 (0x00000013)
core   0: 0x800067d4 (0x01adffb3) and     t6, s11, s10
core   0: 3 0x800067d4 (0x01adffb3) x31 0x00000000
core   0: 0x800067d8 (0x4030d333) sra     t1, ra, gp
core   0: 3 0x800067d8 (0x4030d333) x 6 0xfffffe83
core   0: 0x800067dc (0x019b1a33) sll     s4, s6, s9
core   0: 3 0x800067dc (0x019b1a33) x20 0x00000000
core   0: 0x800067e0 (0x4e723693) sltiu   a3, tp, 1255
core   0: 3 0x800067e0 (0x4e723693) x13 0x00000000
core   0: 0x800067e4 (0x02776333) rem     t1, a4, t2
core   0: 3 0x800067e4 (0x02776333) x 6 0xcf39c6e0
core   0: 0x800067e8 (0x00000013) nop
core   0: 3 0x800067e8 (0x00000013)
core   0: 0x800067ec (0x032ddb33) divu    s6, s11, s2
core   0: 3 0x800067ec (0x032ddb33) x22 0x00000000
core   0: 0x800067f0 (0x005adeb3) srl     t4, s5, t0
core   0: 3 0x800067f0 (0x005adeb3) x29 0x7fffffff
core   0: 0x800067f4 (0x02bf5bb3) divu    s7, t5, a1
core   0: 3 0x800067f4 (0x02bf5bb3) x23 0xffffffff
core   0: 0x800067f8 (0x016b5933) srl     s2, s6, s6
core   0: 3 0x800067f8 (0x016b5933) x18 0x00000000
core   0: 0x800067fc (0x79570393) addi    t2, a4, 1941
core   0: 3 0x800067fc (0x79570393) x 7 0x800155f9
core   0: 0x80006800 (0x02baadb3) mulhsu  s11, s5, a1
core   0: 3 0x80006800 (0x02baadb3) x27 0x00000000
core   0: 0x80006804 (0x01cb9e93) slli    t4, s7, 28
core   0: 3 0x80006804 (0x01cb9e93) x29 0xf0000000
core   0: 0x80006808 (0xffcf0f13) addi    t5, t5, -4
core   0: 3 0x80006808 (0xffcf0f13) x30 0xffffbffc
core   0: 0x8000680c (0x004d5613) srli    a2, s10, 4
core   0: 3 0x8000680c (0x004d5613) x12 0x00000000
core   0: 0x80006810 (0x32600293) li      t0, 806
core   0: 3 0x80006810 (0x32600293) x 5 0x00000326
core   0: 0x80006814 (0x012e1433) sll     s0, t3, s2
core   0: 3 0x80006814 (0x012e1433) x 8 0x80000000
core   0: 0x80006818 (0x0133f233) and     tp, t2, s3
core   0: 3 0x80006818 (0x0133f233) x 4 0x000155f9
core   0: 0x8000681c (0x01345813) srli    a6, s0, 19
core   0: 3 0x8000681c (0x01345813) x16 0x00001000
core   0: 0x80006820 (0x00259113) slli    sp, a1, 2
core   0: 3 0x80006820 (0x00259113) x 2 0x00000000
core   0: 0x80006824 (0x00e8b8b3) sltu    a7, a7, a4
core   0: 3 0x80006824 (0x00e8b8b3) x17 0x00000000
core   0: 0x80006828 (0x0cd6cab7) lui     s5, 0xcd6c
core   0: 3 0x80006828 (0x0cd6cab7) x21 0x0cd6c000
core   0: 0x8000682c (0x00ec9f93) slli    t6, s9, 14
core   0: 3 0x8000682c (0x00ec9f93) x31 0x63390000
core   0: 0x80006830 (0x0171a9b3) slt     s3, gp, s7
core   0: 3 0x80006830 (0x0171a9b3) x19 0x00000000
core   0: 0x80006834 (0x015c1833) sll     a6, s8, s5
core   0: 3 0x80006834 (0x015c1833) x16 0x1fffffff
core   0: 0x80006838 (0x01f2d1b3) srl     gp, t0, t6
core   0: 3 0x80006838 (0x01f2d1b3) x 3 0x00000326
core   0: 0x8000683c (0x003db433) sltu    s0, s11, gp
core   0: 3 0x8000683c (0x003db433) x 8 0x00000001
core   0: 0x80006840 (0x23fd7617) auipc   a2, 0x23fd7
core   0: 3 0x80006840 (0x23fd7617) x12 0xa3fdd840
core   0: 0x80006844 (0x58407013) andi    zero, zero, 1412
core   0: 3 0x80006844 (0x58407013)
core   0: 0x80006848 (0x27586f17) auipc   t5, 0x27586
core   0: 3 0x80006848 (0x27586f17) x30 0xa758c848
core   0: 0x8000684c (0x03f884b3) mul     s1, a7, t6
core   0: 3 0x8000684c (0x03f884b3) x 9 0x00000000
core   0: 0x80006850 (0x00db8b33) add     s6, s7, a3
core   0: 3 0x80006850 (0x00db8b33) x22 0xffffffff
core   0: 0x80006854 (0x03eca6b3) mulhsu  a3, s9, t5
core   0: 3 0x80006854 (0x03eca6b3) x13 0xac549f4e
core   0: 0x80006858 (0x41540633) sub     a2, s0, s5
core   0: 3 0x80006858 (0x41540633) x12 0xf3294001
core   0: 0x8000685c (0x025baa33) mulhsu  s4, s7, t0
core   0: 3 0x8000685c (0x025baa33) x20 0xffffffff
core   0: 0x80006860 (0x4e1db193) sltiu   gp, s11, 1249
core   0: 3 0x80006860 (0x4e1db193) x 3 0x00000001
core   0: 0x80006864 (0x41d85793) srai    a5, a6, 29
core   0: 3 0x80006864 (0x41d85793) x15 0x00000000
core   0: 0x80006868 (0xc300b613) sltiu   a2, ra, -976
core   0: 3 0x80006868 (0xc300b613) x12 0x00000001
core   0: 0x8000686c (0x00000013) nop
core   0: 3 0x8000686c (0x00000013)
core   0: 0x80006870 (0x002b54b3) srl     s1, s6, sp
core   0: 3 0x80006870 (0x002b54b3) x 9 0xffffffff
core   0: 0x80006874 (0x03bc2933) mulhsu  s2, s8, s11
core   0: 3 0x80006874 (0x03bc2933) x18 0x00000000
core   0: 0x80006878 (0x01c78333) add     t1, a5, t3
core   0: 3 0x80006878 (0x01c78333) x 6 0x80000000
core   0: 0x8000687c (0x02192eb3) mulhsu  t4, s2, ra
core   0: 3 0x8000687c (0x02192eb3) x29 0x00000000
core   0: 0x80006880 (0x9beae013) ori     zero, s5, -1602
core   0: 3 0x80006880 (0x9beae013)
core   0: 0x80006884 (0x030d5d33) divu    s10, s10, a6
core   0: 3 0x80006884 (0x030d5d33) x26 0x00000000
core   0: 0x80006888 (0xf1b93293) sltiu   t0, s2, -229
core   0: 3 0x80006888 (0xf1b93293) x 5 0x00000001
core   0: 0x8000688c (0x6a2c7313) andi    t1, s8, 1698
core   0: 3 0x8000688c (0x6a2c7313) x 6 0x000006a2
core   0: 0x80006890 (0x03b17933) remu    s2, sp, s11
core   0: 3 0x80006890 (0x03b17933) x18 0x00000000
core   0: 0x80006894 (0x0df8cf13) xori    t5, a7, 223
core   0: 3 0x80006894 (0x0df8cf13) x30 0x000000df
core   0: 0x80006898 (0x0209a833) mulhsu  a6, s3, zero
core   0: 3 0x80006898 (0x0209a833) x16 0x00000000
core   0: 0x8000689c (0xbc617513) andi    a0, sp, -1082
core   0: 3 0x8000689c (0xbc617513) x10 0x00000000
core   0: 0x800068a0 (0x02015bb3) divu    s7, sp, zero
core   0: 3 0x800068a0 (0x02015bb3) x23 0xffffffff
core   0: 0x800068a4 (0x010573b3) and     t2, a0, a6
core   0: 3 0x800068a4 (0x010573b3) x 7 0x00000000
core   0: 0x800068a8 (0xbf68c693) xori    a3, a7, -1034
core   0: 3 0x800068a8 (0xbf68c693) x13 0xfffffbf6
core   0: 0x800068ac (0x31f6fb13) andi    s6, a3, 799
core   0: 3 0x800068ac (0x31f6fb13) x22 0x00000316
core   0: 0x800068b0 (0x02121833) mulh    a6, tp, ra
core   0: 3 0x800068b0 (0x02121833) x16 0xffff80e5
core   0: 0x800068b4 (0x9a983313) sltiu   t1, a6, -1623
core   0: 3 0x800068b4 (0x9a983313) x 6 0x00000001
core   0: 0x800068b8 (0x40a58eb3) sub     t4, a1, a0
core   0: 3 0x800068b8 (0x40a58eb3) x29 0x00000000
core   0: 0x800068bc (0x026bd4b3) divu    s1, s7, t1
core   0: 3 0x800068bc (0x026bd4b3) x 9 0xffffffff
core   0: 0x800068c0 (0x6134a893) slti    a7, s1, 1555
core   0: 3 0x800068c0 (0x6134a893) x17 0x00000001
core   0: 0x800068c4 (0x025579b3) remu    s3, a0, t0
core   0: 3 0x800068c4 (0x025579b3) x19 0x00000000
core   0: 0x800068c8 (0x07626993) ori     s3, tp, 118
core   0: 3 0x800068c8 (0x07626993) x19 0x000155ff
core   0: 0x800068cc (0x01a0dd33) srl     s10, ra, s10
core   0: 3 0x800068cc (0x01a0dd33) x26 0xa0d96000
core   0: 0x800068d0 (0x0117e0b3) or      ra, a5, a7
core   0: 3 0x800068d0 (0x0117e0b3) x 1 0x00000001
core   0: 0x800068d4 (0x01a7beb3) sltu    t4, a5, s10
core   0: 3 0x800068d4 (0x01a7beb3) x29 0x00000001
core   0: 0x800068d8 (0x00962fb3) slt     t6, a2, s1
core   0: 3 0x800068d8 (0x00962fb3) x31 0x00000000
core   0: 0x800068dc (0x006f1893) slli    a7, t5, 6
core   0: 3 0x800068dc (0x006f1893) x17 0x000037c0
core   0: 0x800068e0 (0x40db5a93) srai    s5, s6, 13
core   0: 3 0x800068e0 (0x40db5a93) x21 0x00000000
core   0: 0x800068e4 (0x01779d13) slli    s10, a5, 23
core   0: 3 0x800068e4 (0x01779d13) x26 0x00000000
core   0: 0x800068e8 (0x4121d7b3) sra     a5, gp, s2
core   0: 3 0x800068e8 (0x4121d7b3) x15 0x00000001
core   0: 0x800068ec (0x0173ba33) sltu    s4, t2, s7
core   0: 3 0x800068ec (0x0173ba33) x20 0x00000001
core   0: 0x800068f0 (0x01639613) slli    a2, t2, 22
core   0: 3 0x800068f0 (0x01639613) x12 0x00000000
core   0: 0x800068f4 (0xf5b0ca93) xori    s5, ra, -165
core   0: 3 0x800068f4 (0xf5b0ca93) x21 0xffffff5a
core   0: 0x800068f8 (0x96264813) xori    a6, a2, -1694
core   0: 3 0x800068f8 (0x96264813) x16 0xfffff962
core   0: 0x800068fc (0x408401b3) sub     gp, s0, s0
core   0: 3 0x800068fc (0x408401b3) x 3 0x00000000
core   0: 0x80006900 (0x40858333) sub     t1, a1, s0
core   0: 3 0x80006900 (0x40858333) x 6 0xffffffff
core   0: 0x80006904 (0x006658b3) srl     a7, a2, t1
core   0: 3 0x80006904 (0x006658b3) x17 0x00000000
core   0: 0x80006908 (0x01a9e333) or      t1, s3, s10
core   0: 3 0x80006908 (0x01a9e333) x 6 0x000155ff
core   0: 0x8000690c (0x03932633) mulhsu  a2, t1, s9
core   0: 3 0x8000690c (0x03932633) x12 0x0000ab01
core   0: 0x80006910 (0x0142f233) and     tp, t0, s4
core   0: 3 0x80006910 (0x0142f233) x 4 0x00000001
core   0: 0x80006914 (0x20480413) addi    s0, a6, 516
core   0: 3 0x80006914 (0x20480413) x 8 0xfffffb66
core   0: 0x80006918 (0x00819b13) slli    s6, gp, 8
core   0: 3 0x80006918 (0x00819b13) x22 0x00000000
core   0: 0x8000691c (0xc6e58837) lui     a6, 0xc6e58
core   0: 3 0x8000691c (0xc6e58837) x16 0xc6e58000
core   0: 0x80006920 (0x029241b3) div     gp, tp, s1
core   0: 3 0x80006920 (0x029241b3) x 3 0xffffffff
core   0: 0x80006924 (0x03cb31b3) mulhu   gp, s6, t3
core   0: 3 0x80006924 (0x03cb31b3) x 3 0x00000000
core   0: 0x80006928 (0x01e11413) slli    s0, sp, 30
core   0: 3 0x80006928 (0x01e11413) x 8 0x00000000
core   0: 0x8000692c (0x02824c33) div     s8, tp, s0
core   0: 3 0x8000692c (0x02824c33) x24 0xffffffff
core   0: 0x80006930 (0x03722a33) mulhsu  s4, tp, s7
core   0: 3 0x80006930 (0x03722a33) x20 0x00000000
core   0: 0x80006934 (0x02d50133) mul     sp, a0, a3
core   0: 3 0x80006934 (0x02d50133) x 2 0x00000000
core   0: 0x80006938 (0x02a7b313) sltiu   t1, a5, 42
core   0: 3 0x80006938 (0x02a7b313) x 6 0x00000001
core   0: 0x8000693c (0x000eba33) sltu    s4, t4, zero
core   0: 3 0x8000693c (0x000eba33) x20 0x00000000
core   0: 0x80006940 (0x40b184b3) sub     s1, gp, a1
core   0: 3 0x80006940 (0x40b184b3) x 9 0x00000000
core   0: 0x80006944 (0x0302d333) divu    t1, t0, a6
core   0: 3 0x80006944 (0x0302d333) x 6 0x00000000
core   0: 0x80006948 (0x9a04ef13) ori     t5, s1, -1632
core   0: 3 0x80006948 (0x9a04ef13) x30 0xfffff9a0
core   0: 0x8000694c (0xc701a393) slti    t2, gp, -912
core   0: 3 0x8000694c (0xc701a393) x 7 0x00000000
core   0: 0x80006950 (0x41078433) sub     s0, a5, a6
core   0: 3 0x80006950 (0x41078433) x 8 0x391a8001
core   0: 0x80006954 (0x0393abb3) mulhsu  s7, t2, s9
core   0: 3 0x80006954 (0x0393abb3) x23 0x00000000
core   0: 0x80006958 (0x01c5f433) and     s0, a1, t3
core   0: 3 0x80006958 (0x01c5f433) x 8 0x00000000
core   0: 0x8000695c (0xbb0ffa13) andi    s4, t6, -1104
core   0: 3 0x8000695c (0xbb0ffa13) x20 0x00000000
core   0: 0x80006960 (0x00000013) nop
core   0: 3 0x80006960 (0x00000013)
core   0: 0x80006964 (0x19ecf993) andi    s3, s9, 414
core   0: 3 0x80006964 (0x19ecf993) x19 0x00000084
core   0: 0x80006968 (0x015303b3) add     t2, t1, s5
core   0: 3 0x80006968 (0x015303b3) x 7 0xffffff5a
core   0: 0x8000696c (0x001d5bb3) srl     s7, s10, ra
core   0: 3 0x8000696c (0x001d5bb3) x23 0x00000000
core   0: 0x80006970 (0xca7f54b7) lui     s1, 0xca7f5
core   0: 3 0x80006970 (0xca7f54b7) x 9 0xca7f5000
core   0: 0x80006974 (0x035189b3) mul     s3, gp, s5
core   0: 3 0x80006974 (0x035189b3) x19 0x00000000
core   0: 0x80006978 (0x02f63a33) mulhu   s4, a2, a5
core   0: 3 0x80006978 (0x02f63a33) x20 0x00000000
core   0: 0x8000697c (0x0294e1b3) rem     gp, s1, s1
core   0: 3 0x8000697c (0x0294e1b3) x 3 0x00000000
core   0: 0x80006980 (0xcde7bc13) sltiu   s8, a5, -802
core   0: 3 0x80006980 (0xcde7bc13) x24 0x00000001
core   0: 0x80006984 (0x008cda13) srli    s4, s9, 8
core   0: 3 0x80006984 (0x008cda13) x20 0x0080018c
core   0: 0x80006988 (0x68c04493) xori    s1, zero, 1676
core   0: 3 0x80006988 (0x68c04493) x 9 0x0000068c
core   0: 0x8000698c (0xd564ad93) slti    s11, s1, -682
core   0: 3 0x8000698c (0xd564ad93) x27 0x00000000
core   0: 0x80006990 (0x036bcab3) div     s5, s7, s6
core   0: 3 0x80006990 (0x036bcab3) x21 0xffffffff
core   0: 0x80006994 (0x1c743793) sltiu   a5, s0, 455
core   0: 3 0x80006994 (0x1c743793) x15 0x00000001
core   0: 0x80006998 (0x7bd20093) addi    ra, tp, 1981
core   0: 3 0x80006998 (0x7bd20093) x 1 0x000007be
core   0: 0x8000699c (0x03ba0bb3) mul     s7, s4, s11
core   0: 3 0x8000699c (0x03ba0bb3) x23 0x00000000
core   0: 0x800069a0 (0xfd79f597) auipc   a1, 0xfd79f
core   0: 3 0x800069a0 (0xfd79f597) x11 0x7d7a59a0
core   0: 0x800069a4 (0x1d912693) slti    a3, sp, 473
core   0: 3 0x800069a4 (0x1d912693) x13 0x00000001
core   0: 0x800069a8 (0x00000013) nop
core   0: 3 0x800069a8 (0x00000013)
core   0: 0x800069ac (0xebaa6613) ori     a2, s4, -326
core   0: 3 0x800069ac (0xebaa6613) x12 0xffffffbe
core   0: 0x800069b0 (0x41e9d293) srai    t0, s3, 30
core   0: 3 0x800069b0 (0x41e9d293) x 5 0x00000000
core   0: 0x800069b4 (0x01381013) slli    zero, a6, 19
core   0: 3 0x800069b4 (0x01381013)
core   0: 0x800069b8 (0x00230033) add     zero, t1, sp
core   0: 3 0x800069b8 (0x00230033)
core   0: 0x800069bc (0x00461433) sll     s0, a2, tp
core   0: 3 0x800069bc (0x00461433) x 8 0xffffff7c
core   0: 0x800069c0 (0x01c56233) or      tp, a0, t3
core   0: 3 0x800069c0 (0x01c56233) x 4 0x80000000
core   0: 0x800069c4 (0x029c68b3) rem     a7, s8, s1
core   0: 3 0x800069c4 (0x029c68b3) x17 0x00000001
core   0: 0x800069c8 (0x41048f33) sub     t5, s1, a6
core   0: 3 0x800069c8 (0x41048f33) x30 0x391a868c
core   0: 0x800069cc (0x0042d413) srli    s0, t0, 4
core   0: 3 0x800069cc (0x0042d413) x 8 0x00000000
core   0: 0x800069d0 (0x41de8033) sub     zero, t4, t4
core   0: 3 0x800069d0 (0x41de8033)
core   0: 0x800069d4 (0x03670fb3) mul     t6, a4, s6
core   0: 3 0x800069d4 (0x03670fb3) x31 0x00000000
core   0: 0x800069d8 (0x005604b3) add     s1, a2, t0
core   0: 3 0x800069d8 (0x005604b3) x 9 0xffffffbe
core   0: 0x800069dc (0x4197dc33) sra     s8, a5, s9
core   0: 3 0x800069dc (0x4197dc33) x24 0x00000000
core   0: 0x800069e0 (0x41e1de93) srai    t4, gp, 30
core   0: 3 0x800069e0 (0x41e1de93) x29 0x00000000
core   0: 0x800069e4 (0x409cd6b3) sra     a3, s9, s1
core   0: 3 0x800069e4 (0x409cd6b3) x13 0xfffffffe
core   0: 0x800069e8 (0x40675c33) sra     s8, a4, t1
core   0: 3 0x800069e8 (0x40675c33) x24 0x80014e64
core   0: 0x800069ec (0x419bd1b3) sra     gp, s7, s9
core   0: 3 0x800069ec (0x419bd1b3) x 3 0x00000000
core   0: 0x800069f0 (0x21617193) andi    gp, sp, 534
core   0: 3 0x800069f0 (0x21617193) x 3 0x00000000
core   0: 0x800069f4 (0x00dc6133) or      sp, s8, a3
core   0: 3 0x800069f4 (0x00dc6133) x 2 0xfffffffe
core   0: 0x800069f8 (0x4093d413) srai    s0, t2, 9
core   0: 3 0x800069f8 (0x4093d413) x 8 0xffffffff
core   0: 0x800069fc (0x43783213) sltiu   tp, a6, 1079
core   0: 3 0x800069fc (0x43783213) x 4 0x00000000
core   0: 0x80006a00 (0x1d4de893) ori     a7, s11, 468
core   0: 3 0x80006a00 (0x1d4de893) x17 0x000001d4
core   0: 0x80006a04 (0x031b6233) rem     tp, s6, a7
core   0: 3 0x80006a04 (0x031b6233) x 4 0x00000000
core   0: 0x80006a08 (0x41e505b3) sub     a1, a0, t5
core   0: 3 0x80006a08 (0x41e505b3) x11 0xc6e57974
core   0: 0x80006a0c (0x7e9ca913) slti    s2, s9, 2025
core   0: 3 0x80006a0c (0x7e9ca913) x18 0x00000001
core   0: 0x80006a10 (0x03c60633) mul     a2, a2, t3
core   0: 3 0x80006a10 (0x03c60633) x12 0x00000000
core   0: 0x80006a14 (0x01e7ad33) slt     s10, a5, t5
core   0: 3 0x80006a14 (0x01e7ad33) x26 0x00000001
core   0: 0x80006a18 (0x037cfab3) remu    s5, s9, s7
core   0: 3 0x80006a18 (0x037cfab3) x21 0x80018ce4
core   0: 0x80006a1c (0x4056b693) sltiu   a3, a3, 1029
core   0: 3 0x80006a1c (0x4056b693) x13 0x00000000
core   0: 0x80006a20 (0xb96e9937) lui     s2, 0xb96e9
core   0: 3 0x80006a20 (0xb96e9937) x18 0xb96e9000
core   0: 0x80006a24 (0x03a388b3) mul     a7, t2, s10
core   0: 3 0x80006a24 (0x03a388b3) x17 0xffffff5a
core   0: 0x80006a28 (0xf7513213) sltiu   tp, sp, -139
core   0: 3 0x80006a28 (0xf7513213) x 4 0x00000000
core   0: 0x80006a2c (0xe39a0493) addi    s1, s4, -455
core   0: 3 0x80006a2c (0xe39a0493) x 9 0x007fffc5
core   0: 0x80006a30 (0x02a660b3) rem     ra, a2, a0
core   0: 3 0x80006a30 (0x02a660b3) x 1 0x00000000
core   0: 0x80006a34 (0x003f9513) slli    a0, t6, 3
core   0: 3 0x80006a34 (0x003f9513) x10 0x00000000
core   0: 0x80006a38 (0x01f21a33) sll     s4, tp, t6
core   0: 3 0x80006a38 (0x01f21a33) x20 0x00000000
core   0: 0x80006a3c (0x993bad93) slti    s11, s7, -1645
core   0: 3 0x80006a3c (0x993bad93) x27 0x00000000
core   0: 0x80006a40 (0x400e5533) sra     a0, t3, zero
core   0: 3 0x80006a40 (0x400e5533) x10 0x80000000
core   0: 0x80006a44 (0x01d121b3) slt     gp, sp, t4
core   0: 3 0x80006a44 (0x01d121b3) x 3 0x00000001
core   0: 0x80006a48 (0x0e502293) slti    t0, zero, 229
core   0: 3 0x80006a48 (0x0e502293) x 5 0x00000001
core   0: 0x80006a4c (0x03f92fb3) mulhsu  t6, s2, t6
core   0: 3 0x80006a4c (0x03f92fb3) x31 0x00000000
core   0: 0x80006a50 (0x0110d0b3) srl     ra, ra, a7
core   0: 3 0x80006a50 (0x0110d0b3) x 1 0x00000000
core   0: 0x80006a54 (0x032cd7b3) divu    a5, s9, s2
core   0: 3 0x80006a54 (0x032cd7b3) x15 0x00000000
core   0: 0x80006a58 (0xa082fa97) auipc   s5, 0xa082f
core   0: 3 0x80006a58 (0xa082fa97) x21 0x20835a58
core   0: 0x80006a5c (0x17370193) addi    gp, a4, 371
core   0: 3 0x80006a5c (0x17370193) x 3 0x80014fd7
core   0: 0x80006a60 (0x03a19ab3) mulh    s5, gp, s10
core   0: 3 0x80006a60 (0x03a19ab3) x21 0xffffffff
core   0: 0x80006a64 (0x90df3693) sltiu   a3, t5, -1779
core   0: 3 0x80006a64 (0x90df3693) x13 0x00000001
core   0: 0x80006a68 (0x039e30b3) mulhu   ra, t3, s9
core   0: 3 0x80006a68 (0x039e30b3) x 1 0x4000c672
core   0: 0x80006a6c (0xa6298193) addi    gp, s3, -1438
core   0: 3 0x80006a6c (0xa6298193) x 3 0xfffffa62
core   0: 0x80006a70 (0x01fa3d33) sltu    s10, s4, t6
core   0: 3 0x80006a70 (0x01fa3d33) x26 0x00000000
core   0: 0x80006a74 (0x00c9c033) xor     zero, s3, a2
core   0: 3 0x80006a74 (0x00c9c033)
core   0: 0x80006a78 (0xaca7e013) ori     zero, a5, -1334
core   0: 3 0x80006a78 (0xaca7e013)
core   0: 0x80006a7c (0x0094bdb3) sltu    s11, s1, s1
core   0: 3 0x80006a7c (0x0094bdb3) x27 0x00000000
core   0: 0x80006a80 (0xac687293) andi    t0, a6, -1338
core   0: 3 0x80006a80 (0xac687293) x 5 0xc6e58000
core   0: 0x80006a84 (0x02aa01b3) mul     gp, s4, a0
core   0: 3 0x80006a84 (0x02aa01b3) x 3 0x00000000
core   0: 0x80006a88 (0x00281433) sll     s0, a6, sp
core   0: 3 0x80006a88 (0x00281433) x 8 0x00000000
core   0: 0x80006a8c (0x020d5633) divu    a2, s10, zero
core   0: 3 0x80006a8c (0x020d5633) x12 0xffffffff
core   0: 0x80006a90 (0x00002333) slt     t1, zero, zero
core   0: 3 0x80006a90 (0x00002333) x 6 0x00000000
core   0: 0x80006a94 (0x01b91c33) sll     s8, s2, s11
core   0: 3 0x80006a94 (0x01b91c33) x24 0xb96e9000
core   0: 0x80006a98 (0x01abba33) sltu    s4, s7, s10
core   0: 3 0x80006a98 (0x01abba33) x20 0x00000000
core   0: 0x80006a9c (0x031ce2b3) rem     t0, s9, a7
core   0: 3 0x80006a9c (0x031ce2b3) x 5 0xffffffbc
core   0: 0x80006aa0 (0x404bda93) srai    s5, s7, 4
core   0: 3 0x80006aa0 (0x404bda93) x21 0x00000000
core   0: 0x80006aa4 (0xa86cfc37) lui     s8, 0xa86cf
core   0: 3 0x80006aa4 (0xa86cfc37) x24 0xa86cf000
core   0: 0x80006aa8 (0x03300533) mul     a0, zero, s3
core   0: 3 0x80006aa8 (0x03300533) x10 0x00000000
core   0: 0x80006aac (0x007cbd33) sltu    s10, s9, t2
core   0: 3 0x80006aac (0x007cbd33) x26 0x00000001
core   0: 0x80006ab0 (0x00bbbab3) sltu    s5, s7, a1
core   0: 3 0x80006ab0 (0x00bbbab3) x21 0x00000001
core   0: 0x80006ab4 (0x021ca7b3) mulhsu  a5, s9, ra
core   0: 3 0x80006ab4 (0x021ca7b3) x15 0xe0000001
core   0: 0x80006ab8 (0x81fa3a13) sltiu   s4, s4, -2017
core   0: 3 0x80006ab8 (0x81fa3a13) x20 0x00000001
core   0: 0x80006abc (0x14297397) auipc   t2, 0x14297
core   0: 3 0x80006abc (0x14297397) x 7 0x9429dabc
core   0: 0x80006ac0 (0x0042bfb3) sltu    t6, t0, tp
core   0: 3 0x80006ac0 (0x0042bfb3) x31 0x00000000
core   0: 0x80006ac4 (0x017ba0b3) slt     ra, s7, s7
core   0: 3 0x80006ac4 (0x017ba0b3) x 1 0x00000000
core   0: 0x80006ac8 (0x00b12233) slt     tp, sp, a1
core   0: 3 0x80006ac8 (0x00b12233) x 4 0x00000000
core   0: 0x80006acc (0x007253b3) srl     t2, tp, t2
core   0: 3 0x80006acc (0x007253b3) x 7 0x00000000
core   0: 0x80006ad0 (0x01b65593) srli    a1, a2, 27
core   0: 3 0x80006ad0 (0x01b65593) x11 0x0000001f
core   0: 0x80006ad4 (0x00da1333) sll     t1, s4, a3
core   0: 3 0x80006ad4 (0x00da1333) x 6 0x00000002
core   0: 0x80006ad8 (0x41c2d913) srai    s2, t0, 28
core   0: 3 0x80006ad8 (0x41c2d913) x18 0xffffffff
core   0: 0x80006adc (0x026bd7b3) divu    a5, s7, t1
core   0: 3 0x80006adc (0x026bd7b3) x15 0x00000000
core   0: 0x80006ae0 (0x0158d813) srli    a6, a7, 21
core   0: 3 0x80006ae0 (0x0158d813) x16 0x000007ff
core   0: 0x80006ae4 (0x41de5593) srai    a1, t3, 29
core   0: 3 0x80006ae4 (0x41de5593) x11 0xfffffffc
core   0: 0x80006ae8 (0x000b7b33) and     s6, s6, zero
core   0: 3 0x80006ae8 (0x000b7b33) x22 0x00000000
core   0: 0x80006aec (0x001d0333) add     t1, s10, ra
core   0: 3 0x80006aec (0x001d0333) x 6 0x00000001
core   0: 0x80006af0 (0x6eda7793) andi    a5, s4, 1773
core   0: 3 0x80006af0 (0x6eda7793) x15 0x00000001
core   0: 0x80006af4 (0x017159b3) srl     s3, sp, s7
core   0: 3 0x80006af4 (0x017159b3) x19 0xfffffffe
core   0: 0x80006af8 (0x01b9ec33) or      s8, s3, s11
core   0: 3 0x80006af8 (0x01b9ec33) x24 0xfffffffe
core   0: 0x80006afc (0x03912333) mulhsu  t1, sp, s9
core   0: 3 0x80006afc (0x03912333) x 6 0xfffffffe
core   0: 0x80006b00 (0x0392e4b3) rem     s1, t0, s9
core   0: 3 0x80006b00 (0x0392e4b3) x 9 0xffffffbc
core   0: 0x80006b04 (0x00331313) slli    t1, t1, 3
core   0: 3 0x80006b04 (0x00331313) x 6 0xfffffff0
core   0: 0x80006b08 (0x029690b3) mulh    ra, a3, s1
core   0: 3 0x80006b08 (0x029690b3) x 1 0xffffffff
core   0: 0x80006b0c (0x418d8f33) sub     t5, s11, s8
core   0: 3 0x80006b0c (0x418d8f33) x30 0x00000002
core   0: 0x80006b10 (0x896b6a93) ori     s5, s6, -1898
core   0: 3 0x80006b10 (0x896b6a93) x21 0xfffff896
core   0: 0x80006b14 (0x02e7af33) mulhsu  t5, a5, a4
core   0: 3 0x80006b14 (0x02e7af33) x30 0x00000000
core   0: 0x80006b18 (0xd1757513) andi    a0, a0, -745
core   0: 3 0x80006b18 (0xd1757513) x10 0x00000000
core   0: 0x80006b1c (0x01c25e93) srli    t4, tp, 28
core   0: 3 0x80006b1c (0x01c25e93) x29 0x00000000
core   0: 0x80006b20 (0x0034c0b3) xor     ra, s1, gp
core   0: 3 0x80006b20 (0x0034c0b3) x 1 0xffffffbc
core   0: 0x80006b24 (0x00eb9013) slli    zero, s7, 14
core   0: 3 0x80006b24 (0x00eb9013)
core   0: 0x80006b28 (0x0370d933) divu    s2, ra, s7
core   0: 3 0x80006b28 (0x0370d933) x18 0xffffffff
core   0: 0x80006b2c (0x176d0a13) addi    s4, s10, 374
core   0: 3 0x80006b2c (0x176d0a13) x20 0x00000177
core   0: 0x80006b30 (0x02238833) mul     a6, t2, sp
core   0: 3 0x80006b30 (0x02238833) x16 0x00000000
core   0: 0x80006b34 (0x02e72833) mulhsu  a6, a4, a4
core   0: 3 0x80006b34 (0x02e72833) x16 0xc0000001
core   0: 0x80006b38 (0x00830db3) add     s11, t1, s0
core   0: 3 0x80006b38 (0x00830db3) x27 0xfffffff0
core   0: 0x80006b3c (0x01871ab3) sll     s5, a4, s8
core   0: 3 0x80006b3c (0x01871ab3) x21 0x00000000
core   0: 0x80006b40 (0x02779633) mulh    a2, a5, t2
core   0: 3 0x80006b40 (0x02779633) x12 0x00000000
core   0: 0x80006b44 (0x00293533) sltu    a0, s2, sp
core   0: 3 0x80006b44 (0x00293533) x10 0x00000000
core   0: 0x80006b48 (0x0231aa33) mulhsu  s4, gp, gp
core   0: 3 0x80006b48 (0x0231aa33) x20 0x00000000
core   0: 0x80006b4c (0x7b960293) addi    t0, a2, 1977
core   0: 3 0x80006b4c (0x7b960293) x 5 0x000007b9
core   0: 0x80006b50 (0x948b4937) lui     s2, 0x948b4
core   0: 3 0x80006b50 (0x948b4937) x18 0x948b4000
core   0: 0x80006b54 (0x03004a33) div     s4, zero, a6
core   0: 3 0x80006b54 (0x03004a33) x20 0x00000000
core   0: 0x80006b58 (0xfa4ff393) andi    t2, t6, -92
core   0: 3 0x80006b58 (0xfa4ff393) x 7 0x00000000
core   0: 0x80006b5c (0x010f1213) slli    tp, t5, 16
core   0: 3 0x80006b5c (0x010f1213) x 4 0x00000000
core   0: 0x80006b60 (0x0225ceb3) div     t4, a1, sp
core   0: 3 0x80006b60 (0x0225ceb3) x29 0x00000002
core   0: 0x80006b64 (0x02560eb3) mul     t4, a2, t0
core   0: 3 0x80006b64 (0x02560eb3) x29 0x00000000
core   0: 0x80006b68 (0x030390b3) mulh    ra, t2, a6
core   0: 3 0x80006b68 (0x030390b3) x 1 0x00000000
core   0: 0x80006b6c (0x00b8ef33) or      t5, a7, a1
core   0: 3 0x80006b6c (0x00b8ef33) x30 0xfffffffe
core   0: 0x80006b70 (0x89a30613) addi    a2, t1, -1894
core   0: 3 0x80006b70 (0x89a30613) x12 0xfffff88a
core   0: 0x80006b74 (0x02b548b3) div     a7, a0, a1
core   0: 3 0x80006b74 (0x02b548b3) x17 0x00000000
core   0: 0x80006b78 (0x3e99ee93) ori     t4, s3, 1001
core   0: 3 0x80006b78 (0x3e99ee93) x29 0xffffffff
core   0: 0x80006b7c (0x013d9b13) slli    s6, s11, 19
core   0: 3 0x80006b7c (0x013d9b13) x22 0xff800000
core   0: 0x80006b80 (0x02b7d9b3) divu    s3, a5, a1
core   0: 3 0x80006b80 (0x02b7d9b3) x19 0x00000000
core   0: 0x80006b84 (0x40675033) sra     zero, a4, t1
core   0: 3 0x80006b84 (0x40675033)
core   0: 0x80006b88 (0x40065a33) sra     s4, a2, zero
core   0: 3 0x80006b88 (0x40065a33) x20 0xfffff88a
core   0: 0x80006b8c (0x00894933) xor     s2, s2, s0
core   0: 3 0x80006b8c (0x00894933) x18 0x948b4000
core   0: 0x80006b90 (0x002f9493) slli    s1, t6, 2
core   0: 3 0x80006b90 (0x002f9493) x 9 0x00000000
core   0: 0x80006b94 (0x0378b3b3) mulhu   t2, a7, s7
core   0: 3 0x80006b94 (0x0378b3b3) x 7 0x00000000
core   0: 0x80006b98 (0x5e51b313) sltiu   t1, gp, 1509
core   0: 3 0x80006b98 (0x5e51b313) x 6 0x00000001
core   0: 0x80006b9c (0x411fdd33) sra     s10, t6, a7
core   0: 3 0x80006b9c (0x411fdd33) x26 0x00000000
core   0: 0x80006ba0 (0x012d0c33) add     s8, s10, s2
core   0: 3 0x80006ba0 (0x012d0c33) x24 0x948b4000
core   0: 0x80006ba4 (0x40bf5793) srai    a5, t5, 11
core   0: 3 0x80006ba4 (0x40bf5793) x15 0xffffffff
core   0: 0x80006ba8 (0x019ffa33) and     s4, t6, s9
core   0: 3 0x80006ba8 (0x019ffa33) x20 0x00000000
core   0: 0x80006bac (0x039b1433) mulh    s0, s6, s9
core   0: 3 0x80006bac (0x039b1433) x 8 0x003fff39
core   0: 0x80006bb0 (0x03deff33) remu    t5, t4, t4
core   0: 3 0x80006bb0 (0x03deff33) x30 0x00000000
core   0: 0x80006bb4 (0x017664b3) or      s1, a2, s7
core   0: 3 0x80006bb4 (0x017664b3) x 9 0xfffff88a
core   0: 0x80006bb8 (0x40b15993) srai    s3, sp, 11
core   0: 3 0x80006bb8 (0x40b15993) x19 0xffffffff
core   0: 0x80006bbc (0x405e0133) sub     sp, t3, t0
core   0: 3 0x80006bbc (0x405e0133) x 2 0x7ffff847
core   0: 0x80006bc0 (0x02249f33) mulh    t5, s1, sp
core   0: 3 0x80006bc0 (0x02249f33) x30 0xfffffc45
core   0: 0x80006bc4 (0x02b759b3) divu    s3, a4, a1
core   0: 3 0x80006bc4 (0x02b759b3) x19 0x00000000
core   0: 0x80006bc8 (0x030878b3) remu    a7, a6, a6
core   0: 3 0x80006bc8 (0x030878b3) x17 0x00000000
core   0: 0x80006bcc (0x01190db3) add     s11, s2, a7
core   0: 3 0x80006bcc (0x01190db3) x27 0x948b4000
core   0: 0x80006bd0 (0xafeff313) andi    t1, t6, -1282
core   0: 3 0x80006bd0 (0xafeff313) x 6 0x00000000
core   0: 0x80006bd4 (0xca6af393) andi    t2, s5, -858
core   0: 3 0x80006bd4 (0xca6af393) x 7 0x00000000
core   0: 0x80006bd8 (0x0098c0b3) xor     ra, a7, s1
core   0: 3 0x80006bd8 (0x0098c0b3) x 1 0xfffff88a
core   0: 0x80006bdc (0x00191913) slli    s2, s2, 1
core   0: 3 0x80006bdc (0x00191913) x18 0x29168000
core   0: 0x80006be0 (0x008bf5b3) and     a1, s7, s0
core   0: 3 0x80006be0 (0x008bf5b3) x11 0x00000000
core   0: 0x80006be4 (0x41c107b3) sub     a5, sp, t3
core   0: 3 0x80006be4 (0x41c107b3) x15 0xfffff847
core   0: 0x80006be8 (0x035a8033) mul     zero, s5, s5
core   0: 3 0x80006be8 (0x035a8033)
core   0: 0x80006bec (0x44687a37) lui     s4, 0x44687
core   0: 3 0x80006bec (0x44687a37) x20 0x44687000
core   0: 0x80006bf0 (0x50f1cbb7) lui     s7, 0x50f1c
core   0: 3 0x80006bf0 (0x50f1cbb7) x23 0x50f1c000
core   0: 0x80006bf4 (0x02add933) divu    s2, s11, a0
core   0: 3 0x80006bf4 (0x02add933) x18 0xffffffff
core   0: 0x80006bf8 (0x01cb2eb3) slt     t4, s6, t3
core   0: 3 0x80006bf8 (0x01cb2eb3) x29 0x00000000
core   0: 0x80006bfc (0xe8d68013) addi    zero, a3, -371
core   0: 3 0x80006bfc (0xe8d68013)
core   0: 0x80006c00 (0xadd6c793) xori    a5, a3, -1315
core   0: 3 0x80006c00 (0xadd6c793) x15 0xfffffadc
core   0: 0x80006c04 (0x6b927d13) andi    s10, tp, 1721
core   0: 3 0x80006c04 (0x6b927d13) x26 0x00000000
core   0: 0x80006c08 (0x03dc03b3) mul     t2, s8, t4
core   0: 3 0x80006c08 (0x03dc03b3) x 7 0x00000000
core   0: 0x80006c0c (0x11f17993) andi    s3, sp, 287
core   0: 3 0x80006c0c (0x11f17993) x19 0x00000007
core   0: 0x80006c10 (0xa979f297) auipc   t0, 0xa979f
core   0: 3 0x80006c10 (0xa979f297) x 5 0x297a5c10
core   0: 0x80006c14 (0x01c89813) slli    a6, a7, 28
core   0: 3 0x80006c14 (0x01c89813) x16 0x00000000
core   0: 0x80006c18 (0x01de5e93) srli    t4, t3, 29
core   0: 3 0x80006c18 (0x01de5e93) x29 0x00000004
core   0: 0x80006c1c (0x038b0fb3) mul     t6, s6, s8
core   0: 3 0x80006c1c (0x038b0fb3) x31 0x00000000
core   0: 0x80006c20 (0x01e07533) and     a0, zero, t5
core   0: 3 0x80006c20 (0x01e07533) x10 0x00000000
core   0: 0x80006c24 (0x03ec04b3) mul     s1, s8, t5
core   0: 3 0x80006c24 (0x03ec04b3) x 9 0xdc884000
core   0: 0x80006c28 (0x02701db3) mulh    s11, zero, t2
core   0: 3 0x80006c28 (0x02701db3) x27 0x00000000
core   0: 0x80006c2c (0x036c8033) mul     zero, s9, s6
core   0: 3 0x80006c2c (0x036c8033)
core   0: 0x80006c30 (0x00d24533) xor     a0, tp, a3
core   0: 3 0x80006c30 (0x00d24533) x10 0x00000001
core   0: 0x80006c34 (0x000281b7) lui     gp, 0x28
core   0: 3 0x80006c34 (0x000281b7) x 3 0x00028000
core   0: 0x80006c38 (0x1b83b193) sltiu   gp, t2, 440
core   0: 3 0x80006c38 (0x1b83b193) x 3 0x00000001
core   0: 0x80006c3c (0x00247133) and     sp, s0, sp
core   0: 3 0x80006c3c (0x00247133) x 2 0x003ff801
core   0: 0x80006c40 (0x02bd3933) mulhu   s2, s10, a1
core   0: 3 0x80006c40 (0x02bd3933) x18 0x00000000
core   0: 0x80006c44 (0x02fe8533) mul     a0, t4, a5
core   0: 3 0x80006c44 (0x02fe8533) x10 0xffffeb70
core   0: 0x80006c48 (0x01e91493) slli    s1, s2, 30
core   0: 3 0x80006c48 (0x01e91493) x 9 0x00000000
core   0: 0x80006c4c (0x00179b93) slli    s7, a5, 1
core   0: 3 0x80006c4c (0x00179b93) x23 0xfffff5b8
core   0: 0x80006c50 (0x5b6c6a13) ori     s4, s8, 1462
core   0: 3 0x80006c50 (0x5b6c6a13) x20 0x948b45b6
core   0: 0x80006c54 (0xad913393) sltiu   t2, sp, -1319
core   0: 3 0x80006c54 (0xad913393) x 7 0x00000001
core   0: 0x80006c58 (0xc613b417) auipc   s0, 0xc613b
core   0: 3 0x80006c58 (0xc613b417) x 8 0x46141c58
core   0: 0x80006c5c (0x038444b3) div     s1, s0, s8
core   0: 3 0x80006c5c (0x038444b3) x 9 0x00000000
core   0: 0x80006c60 (0x01b0ac33) slt     s8, ra, s11
core   0: 3 0x80006c60 (0x01b0ac33) x24 0x00000001
core   0: 0x80006c64 (0x0119c9b3) xor     s3, s3, a7
core   0: 3 0x80006c64 (0x0119c9b3) x19 0x00000007
core   0: 0x80006c68 (0x03957233) remu    tp, a0, s9
core   0: 3 0x80006c68 (0x03957233) x 4 0x7ffe5e8c
core   0: 0x80006c6c (0x03243c33) mulhu   s8, s0, s2
core   0: 3 0x80006c6c (0x03243c33) x24 0x00000000
core   0: 0x80006c70 (0x02be6433) rem     s0, t3, a1
core   0: 3 0x80006c70 (0x02be6433) x 8 0x80000000
core   0: 0x80006c74 (0x0363df33) divu    t5, t2, s6
core   0: 3 0x80006c74 (0x0363df33) x30 0x00000000
core   0: 0x80006c78 (0x00fbd513) srli    a0, s7, 15
core   0: 3 0x80006c78 (0x00fbd513) x10 0x0001ffff
core   0: 0x80006c7c (0x01d06033) or      zero, zero, t4
core   0: 3 0x80006c7c (0x01d06033)
core   0: 0x80006c80 (0x03c7ca33) div     s4, a5, t3
core   0: 3 0x80006c80 (0x03c7ca33) x20 0x00000000
core   0: 0x80006c84 (0x02f57b33) remu    s6, a0, a5
core   0: 3 0x80006c84 (0x02f57b33) x22 0x0001ffff
core   0: 0x80006c88 (0x03b4d2b3) divu    t0, s1, s11
core   0: 3 0x80006c88 (0x03b4d2b3) x 5 0xffffffff
core   0: 0x80006c8c (0xce0b8d17) auipc   s10, 0xce0b8
core   0: 3 0x80006c8c (0xce0b8d17) x26 0x4e0bec8c
core   0: 0x80006c90 (0x03317633) remu    a2, sp, s3
core   0: 3 0x80006c90 (0x03317633) x12 0x00000006
core   0: 0x80006c94 (0x01025133) srl     sp, tp, a6
core   0: 3 0x80006c94 (0x01025133) x 2 0x7ffe5e8c
core   0: 0x80006c98 (0x42dceb97) auipc   s7, 0x42dce
core   0: 3 0x80006c98 (0x42dceb97) x23 0xc2dd4c98
core   0: 0x80006c9c (0xc736c513) xori    a0, a3, -909
core   0: 3 0x80006c9c (0xc736c513) x10 0xfffffc72
core   0: 0x80006ca0 (0x011066b3) or      a3, zero, a7
core   0: 3 0x80006ca0 (0x011066b3) x13 0x00000000
core   0: 0x80006ca4 (0x03eb3f33) mulhu   t5, s6, t5
core   0: 3 0x80006ca4 (0x03eb3f33) x30 0x00000000
core   0: 0x80006ca8 (0x037c1db3) mulh    s11, s8, s7
core   0: 3 0x80006ca8 (0x037c1db3) x27 0x00000000
core   0: 0x80006cac (0x006a7933) and     s2, s4, t1
core   0: 3 0x80006cac (0x006a7933) x18 0x00000000
core   0: 0x80006cb0 (0x40d98b33) sub     s6, s3, a3
core   0: 3 0x80006cb0 (0x40d98b33) x22 0x00000007
core   0: 0x80006cb4 (0x55671537) lui     a0, 0x55671
core   0: 3 0x80006cb4 (0x55671537) x10 0x55671000
core   0: 0x80006cb8 (0x03ceda33) divu    s4, t4, t3
core   0: 3 0x80006cb8 (0x03ceda33) x20 0x00000000
core   0: 0x80006cbc (0x02101633) mulh    a2, zero, ra
core   0: 3 0x80006cbc (0x02101633) x12 0x00000000
core   0: 0x80006cc0 (0x08ccbd13) sltiu   s10, s9, 140
core   0: 3 0x80006cc0 (0x08ccbd13) x26 0x00000000
core   0: 0x80006cc4 (0xb096b617) auipc   a2, 0xb096b
core   0: 3 0x80006cc4 (0xb096b617) x12 0x30971cc4
core   0: 0x80006cc8 (0x00000013) nop
core   0: 3 0x80006cc8 (0x00000013)
core   0: 0x80006ccc (0x8c278913) addi    s2, a5, -1854
core   0: 3 0x80006ccc (0x8c278913) x18 0xfffff39e
core   0: 0x80006cd0 (0x01cc9793) slli    a5, s9, 28
core   0: 3 0x80006cd0 (0x01cc9793) x15 0x40000000
core   0: 0x80006cd4 (0x7a956b13) ori     s6, a0, 1961
core   0: 3 0x80006cd4 (0x7a956b13) x22 0x556717a9
core   0: 0x80006cd8 (0x019cc7b3) xor     a5, s9, s9
core   0: 3 0x80006cd8 (0x019cc7b3) x15 0x00000000
core   0: 0x80006cdc (0x00d79893) slli    a7, a5, 13
core   0: 3 0x80006cdc (0x00d79893) x17 0x00000000
core   0: 0x80006ce0 (0x01509b33) sll     s6, ra, s5
core   0: 3 0x80006ce0 (0x01509b33) x22 0xfffff88a
core   0: 0x80006ce4 (0x00000013) nop
core   0: 3 0x80006ce4 (0x00000013)
core   0: 0x80006ce8 (0x00867ab3) and     s5, a2, s0
core   0: 3 0x80006ce8 (0x00867ab3) x21 0x00000000
core   0: 0x80006cec (0x0302c9b3) div     s3, t0, a6
core   0: 3 0x80006cec (0x0302c9b3) x19 0xffffffff
core   0: 0x80006cf0 (0x016c9193) slli    gp, s9, 22
core   0: 3 0x80006cf0 (0x016c9193) x 3 0x39000000
core   0: 0x80006cf4 (0x0101ceb3) xor     t4, gp, a6
core   0: 3 0x80006cf4 (0x0101ceb3) x29 0x39000000
core   0: 0x80006cf8 (0x0381a633) mulhsu  a2, gp, s8
core   0: 3 0x80006cf8 (0x0381a633) x12 0x00000000
core   0: 0x80006cfc (0x84a50a93) addi    s5, a0, -1974
core   0: 3 0x80006cfc (0x84a50a93) x21 0x5567084a
core   0: 0x80006d00 (0x03b11a33) mulh    s4, sp, s11
core   0: 3 0x80006d00 (0x03b11a33) x20 0x00000000
core   0: 0x80006d04 (0x00e7b033) sltu    zero, a5, a4
core   0: 3 0x80006d04 (0x00e7b033)
core   0: 0x80006d08 (0x00000013) nop
core   0: 3 0x80006d08 (0x00000013)
core   0: 0x80006d0c (0x02fa7333) remu    t1, s4, a5
core   0: 3 0x80006d0c (0x02fa7333) x 6 0x00000000
core   0: 0x80006d10 (0x000d8333) add     t1, s11, zero
core   0: 3 0x80006d10 (0x000d8333) x 6 0x00000000
core   0: 0x80006d14 (0x030f8f33) mul     t5, t6, a6
core   0: 3 0x80006d14 (0x030f8f33) x30 0x00000000
core   0: 0x80006d18 (0x416c5393) srai    t2, s8, 22
core   0: 3 0x80006d18 (0x416c5393) x 7 0x00000000
core   0: 0x80006d1c (0x02900fb3) mul     t6, zero, s1
core   0: 3 0x80006d1c (0x02900fb3) x31 0x00000000
core   0: 0x80006d20 (0xc578e193) ori     gp, a7, -937
core   0: 3 0x80006d20 (0xc578e193) x 3 0xfffffc57
core   0: 0x80006d24 (0x026abab3) mulhu   s5, s5, t1
core   0: 3 0x80006d24 (0x026abab3) x21 0x00000000
core   0: 0x80006d28 (0x49fbe013) ori     zero, s7, 1183
core   0: 3 0x80006d28 (0x49fbe013)
core   0: 0x80006d2c (0xb8e3df37) lui     t5, 0xb8e3d
core   0: 3 0x80006d2c (0xb8e3df37) x30 0xb8e3d000
core   0: 0x80006d30 (0xe8938f93) addi    t6, t2, -375
core   0: 3 0x80006d30 (0xe8938f93) x31 0xfffffe89
core   0: 0x80006d34 (0x90540897) auipc   a7, 0x90540
core   0: 3 0x80006d34 (0x90540897) x17 0x10546d34
core   0: 0x80006d38 (0x016aadb3) slt     s11, s5, s6
core   0: 3 0x80006d38 (0x016aadb3) x27 0x00000000
core   0: 0x80006d3c (0x014d1a13) slli    s4, s10, 20
core   0: 3 0x80006d3c (0x014d1a13) x20 0x00000000
core   0: 0x80006d40 (0x027546b3) div     a3, a0, t2
core   0: 3 0x80006d40 (0x027546b3) x13 0xffffffff
core   0: 0x80006d44 (0x86afb213) sltiu   tp, t6, -1942
core   0: 3 0x80006d44 (0x86afb213) x 4 0x00000000
core   0: 0x80006d48 (0x00f7e533) or      a0, a5, a5
core   0: 3 0x80006d48 (0x00f7e533) x10 0x00000000
core   0: 0x80006d4c (0x61588813) addi    a6, a7, 1557
core   0: 3 0x80006d4c (0x61588813) x16 0x10547349
core   0: 0x80006d50 (0x02475fb3) divu    t6, a4, tp
core   0: 3 0x80006d50 (0x02475fb3) x31 0xffffffff
core   0: 0x80006d54 (0x008fda93) srli    s5, t6, 8
core   0: 3 0x80006d54 (0x008fda93) x21 0x00ffffff
core   0: 0x80006d58 (0x037128b3) mulhsu  a7, sp, s7
core   0: 3 0x80006d58 (0x037128b3) x17 0x616d6889
core   0: 0x80006d5c (0x009c0293) addi    t0, s8, 9
core   0: 3 0x80006d5c (0x009c0293) x 5 0x00000009
core   0: 0x80006d60 (0xd9cf4113) xori    sp, t5, -612
core   0: 3 0x80006d60 (0xd9cf4113) x 2 0x471c2d9c
core   0: 0x80006d64 (0x00f68633) add     a2, a3, a5
core   0: 3 0x80006d64 (0x00f68633) x12 0xffffffff
core   0: 0x80006d68 (0x02a83633) mulhu   a2, a6, a0
core   0: 3 0x80006d68 (0x02a83633) x12 0x00000000
core   0: 0x80006d6c (0x0141f4b3) and     s1, gp, s4
core   0: 3 0x80006d6c (0x0141f4b3) x 9 0x00000000
core   0: 0x80006d70 (0x008a0333) add     t1, s4, s0
core   0: 3 0x80006d70 (0x008a0333) x 6 0x80000000
core   0: 0x80006d74 (0x015f0533) add     a0, t5, s5
core   0: 3 0x80006d74 (0x015f0533) x10 0xb9e3cfff
core   0: 0x80006d78 (0x00d72db3) slt     s11, a4, a3
core   0: 3 0x80006d78 (0x00d72db3) x27 0x00000001
core   0: 0x80006d7c (0xf740d397) auipc   t2, 0xf740d
core   0: 3 0x80006d7c (0xf740d397) x 7 0x77413d7c
core   0: 0x80006d80 (0x026486b3) mul     a3, s1, t1
core   0: 3 0x80006d80 (0x026486b3) x13 0x00000000
core   0: 0x80006d84 (0x01446ab3) or      s5, s0, s4
core   0: 3 0x80006d84 (0x01446ab3) x21 0x80000000
core   0: 0x80006d88 (0x01964d33) xor     s10, a2, s9
core   0: 3 0x80006d88 (0x01964d33) x26 0x80018ce4
core   0: 0x80006d8c (0x03c21333) mulh    t1, tp, t3
core   0: 3 0x80006d8c (0x03c21333) x 6 0x00000000
core   0: 0x80006d90 (0x025f0133) mul     sp, t5, t0
core   0: 3 0x80006d90 (0x025f0133) x 2 0x80025000
core   0: 0x80006d94 (0x5c8bf613) andi    a2, s7, 1480
core   0: 3 0x80006d94 (0x5c8bf613) x12 0x00000488
core   0: 0x80006d98 (0x014b40b3) xor     ra, s6, s4
core   0: 3 0x80006d98 (0x014b40b3) x 1 0xfffff88a
core   0: 0x80006d9c (0x03669633) mulh    a2, a3, s6
core   0: 3 0x80006d9c (0x03669633) x12 0x00000000
core   0: 0x80006da0 (0x2b938913) addi    s2, t2, 697
core   0: 3 0x80006da0 (0x2b938913) x18 0x77414035
core   0: 0x80006da4 (0x41d453b3) sra     t2, s0, t4
core   0: 3 0x80006da4 (0x41d453b3) x 7 0x80000000
core   0: 0x80006da8 (0x0014e1b3) or      gp, s1, ra
core   0: 3 0x80006da8 (0x0014e1b3) x 3 0xfffff88a
core   0: 0x80006dac (0x031364b3) rem     s1, t1, a7
core   0: 3 0x80006dac (0x031364b3) x 9 0x00000000
core   0: 0x80006db0 (0x0183b7b3) sltu    a5, t2, s8
core   0: 3 0x80006db0 (0x0183b7b3) x15 0x00000000
core   0: 0x80006db4 (0x0386e433) rem     s0, a3, s8
core   0: 3 0x80006db4 (0x0386e433) x 8 0x00000000
core   0: 0x80006db8 (0x00a47833) and     a6, s0, a0
core   0: 3 0x80006db8 (0x00a47833) x16 0x00000000
core   0: 0x80006dbc (0x40f88eb3) sub     t4, a7, a5
core   0: 3 0x80006dbc (0x40f88eb3) x29 0x616d6889
core   0: 0x80006dc0 (0x00953233) sltu    tp, a0, s1
core   0: 3 0x80006dc0 (0x00953233) x 4 0x00000000
core   0: 0x80006dc4 (0x00000013) nop
core   0: 3 0x80006dc4 (0x00000013)
core   0: 0x80006dc8 (0xb4edf793) andi    a5, s11, -1202
core   0: 3 0x80006dc8 (0xb4edf793) x15 0x00000000
core   0: 0x80006dcc (0x037c8933) mul     s2, s9, s7
core   0: 3 0x80006dcc (0x037c8933) x18 0xdf935760
core   0: 0x80006dd0 (0x4087d7b3) sra     a5, a5, s0
core   0: 3 0x80006dd0 (0x4087d7b3) x15 0x00000000
core   0: 0x80006dd4 (0x65ba0617) auipc   a2, 0x65ba0
core   0: 3 0x80006dd4 (0x65ba0617) x12 0xe5ba6dd4
core   0: 0x80006dd8 (0x404ad013) srai    zero, s5, 4
core   0: 3 0x80006dd8 (0x404ad013)
core   0: 0x80006ddc (0x00f4e8b3) or      a7, s1, a5
core   0: 3 0x80006ddc (0x00f4e8b3) x17 0x00000000
core   0: 0x80006de0 (0x84f82fb7) lui     t6, 0x84f82
core   0: 3 0x80006de0 (0x84f82fb7) x31 0x84f82000
core   0: 0x80006de4 (0x03b688b3) mul     a7, a3, s11
core   0: 3 0x80006de4 (0x03b688b3) x17 0x00000000
core   0: 0x80006de8 (0xc8f93313) sltiu   t1, s2, -881
core   0: 3 0x80006de8 (0xc8f93313) x 6 0x00000001
core   0: 0x80006dec (0x42f04913) xori    s2, zero, 1071
core   0: 3 0x80006dec (0x42f04913) x18 0x0000042f
core   0: 0x80006df0 (0x014cfeb3) and     t4, s9, s4
core   0: 3 0x80006df0 (0x014cfeb3) x29 0x00000000
core   0: 0x80006df4 (0x00bb5d33) srl     s10, s6, a1
core   0: 3 0x80006df4 (0x00bb5d33) x26 0xfffff88a
core   0: 0x80006df8 (0x00605913) srli    s2, zero, 6
core   0: 3 0x80006df8 (0x00605913) x18 0x00000000
core   0: 0x80006dfc (0x26bb2397) auipc   t2, 0x26bb2
core   0: 3 0x80006dfc (0x26bb2397) x 7 0xa6bb8dfc
core   0: 0x80006e00 (0x418d5c13) srai    s8, s10, 24
core   0: 3 0x80006e00 (0x418d5c13) x24 0xffffffff
core   0: 0x80006e04 (0x021d3db3) mulhu   s11, s10, ra
core   0: 3 0x80006e04 (0x021d3db3) x27 0xfffff114
core   0: 0x80006e08 (0x01659f33) sll     t5, a1, s6
core   0: 3 0x80006e08 (0x01659f33) x30 0x00000000
core   0: 0x80006e0c (0x03f40433) mul     s0, s0, t6
core   0: 3 0x80006e0c (0x03f40433) x 8 0x00000000
core   0: 0x80006e10 (0x9eb9bf93) sltiu   t6, s3, -1557
core   0: 3 0x80006e10 (0x9eb9bf93) x31 0x00000000
core   0: 0x80006e14 (0x01950433) add     s0, a0, s9
core   0: 3 0x80006e14 (0x01950433) x 8 0x39e55ce3
core   0: 0x80006e18 (0x40065493) srai    s1, a2, 0
core   0: 3 0x80006e18 (0x40065493) x 9 0xe5ba6dd4
core   0: 0x80006e1c (0x6fb7b817) auipc   a6, 0x6fb7b
core   0: 3 0x80006e1c (0x6fb7b817) x16 0xefb81e1c
core   0: 0x80006e20 (0x02548633) mul     a2, s1, t0
core   0: 3 0x80006e20 (0x02548633) x12 0x138ddc74
core   0: 0x80006e24 (0x01b677b3) and     a5, a2, s11
core   0: 3 0x80006e24 (0x01b677b3) x15 0x138dd014
core   0: 0x80006e28 (0xe4369797) auipc   a5, 0xe4369
core   0: 3 0x80006e28 (0xe4369797) x15 0x6436fe28
core   0: 0x80006e2c (0x01823f33) sltu    t5, tp, s8
core   0: 3 0x80006e2c (0x01823f33) x30 0x00000001
core   0: 0x80006e30 (0x07210793) addi    a5, sp, 114
core   0: 3 0x80006e30 (0x07210793) x15 0x80025072
core   0: 0x80006e34 (0x02bd9833) mulh    a6, s11, a1
core   0: 3 0x80006e34 (0x02bd9833) x16 0x00000000
core   0: 0x80006e38 (0xf4350293) addi    t0, a0, -189
core   0: 3 0x80006e38 (0xf4350293) x 5 0xb9e3cf42
core   0: 0x80006e3c (0xbbe20413) addi    s0, tp, -1090
core   0: 3 0x80006e3c (0xbbe20413) x 8 0xfffffbbe
core   0: 0x80006e40 (0x03bf93b3) mulh    t2, t6, s11
core   0: 3 0x80006e40 (0x03bf93b3) x 7 0x00000000
core   0: 0x80006e44 (0x04f5fd93) andi    s11, a1, 79
core   0: 3 0x80006e44 (0x04f5fd93) x27 0x00000000
core   0: 0x80006e48 (0x01fd74b3) and     s1, s10, t6
core   0: 3 0x80006e48 (0x01fd74b3) x 9 0x00000000
core   0: 0x80006e4c (0x40840ab3) sub     s5, s0, s0
core   0: 3 0x80006e4c (0x40840ab3) x21 0x00000000
core   0: 0x80006e50 (0x02c63db3) mulhu   s11, a2, a2
core   0: 3 0x80006e50 (0x02c63db3) x27 0x017e5d55
core   0: 0x80006e54 (0x01a6b4b3) sltu    s1, a3, s10
core   0: 3 0x80006e54 (0x01a6b4b3) x 9 0x00000001
core   0: 0x80006e58 (0x019bf1b3) and     gp, s7, s9
core   0: 3 0x80006e58 (0x019bf1b3) x 3 0x80010c80
core   0: 0x80006e5c (0x02f782b3) mul     t0, a5, a5
core   0: 3 0x80006e5c (0x02f782b3) x 5 0x5b0f72c4
core   0: 0x80006e60 (0x02258a33) mul     s4, a1, sp
core   0: 3 0x80006e60 (0x02258a33) x20 0x00000000
core   0: 0x80006e64 (0x01b2df13) srli    t5, t0, 27
core   0: 3 0x80006e64 (0x01b2df13) x30 0x0000000b
core   0: 0x80006e68 (0x01a5da33) srl     s4, a1, s10
core   0: 3 0x80006e68 (0x01a5da33) x20 0x00000000
core   0: 0x80006e6c (0x01f5d393) srli    t2, a1, 31
core   0: 3 0x80006e6c (0x01f5d393) x 7 0x00000000
core   0: 0x80006e70 (0x03c08bb3) mul     s7, ra, t3
core   0: 3 0x80006e70 (0x03c08bb3) x23 0x00000000
core   0: 0x80006e74 (0x41d3d413) srai    s0, t2, 29
core   0: 3 0x80006e74 (0x41d3d413) x 8 0x00000000
core   0: 0x80006e78 (0x03d8a0b3) mulhsu  ra, a7, t4
core   0: 3 0x80006e78 (0x03d8a0b3) x 1 0x00000000
core   0: 0x80006e7c (0xf4a4bb13) sltiu   s6, s1, -182
core   0: 3 0x80006e7c (0xf4a4bb13) x22 0x00000001
core   0: 0x80006e80 (0x005ec8b3) xor     a7, t4, t0
core   0: 3 0x80006e80 (0x005ec8b3) x17 0x5b0f72c4
core   0: 0x80006e84 (0x02509533) mulh    a0, ra, t0
core   0: 3 0x80006e84 (0x02509533) x10 0x00000000
core   0: 0x80006e88 (0x009db1b3) sltu    gp, s11, s1
core   0: 3 0x80006e88 (0x009db1b3) x 3 0x00000000
core   0: 0x80006e8c (0x021250b3) divu    ra, tp, ra
core   0: 3 0x80006e8c (0x021250b3) x 1 0xffffffff
core   0: 0x80006e90 (0x9389f593) andi    a1, s3, -1736
core   0: 3 0x80006e90 (0x9389f593) x11 0xfffff938
core   0: 0x80006e94 (0x01dfc533) xor     a0, t6, t4
core   0: 3 0x80006e94 (0x01dfc533) x10 0x00000000
core   0: 0x80006e98 (0xf001c137) lui     sp, 0xf001c
core   0: 3 0x80006e98 (0xf001c137) x 2 0xf001c000
core   0: 0x80006e9c (0x02bcd8b3) divu    a7, s9, a1
core   0: 3 0x80006e9c (0x02bcd8b3) x17 0x00000000
core   0: 0x80006ea0 (0x41a454b3) sra     s1, s0, s10
core   0: 3 0x80006ea0 (0x41a454b3) x 9 0x00000000
core   0: 0x80006ea4 (0x033fdbb3) divu    s7, t6, s3
core   0: 3 0x80006ea4 (0x033fdbb3) x23 0x00000000
core   0: 0x80006ea8 (0x413d1db7) lui     s11, 0x413d1
core   0: 3 0x80006ea8 (0x413d1db7) x27 0x413d1000
core   0: 0x80006eac (0xc26d3c13) sltiu   s8, s10, -986
core   0: 3 0x80006eac (0xc26d3c13) x24 0x00000001
core   0: 0x80006eb0 (0x41020b33) sub     s6, tp, a6
core   0: 3 0x80006eb0 (0x41020b33) x22 0x00000000
core   0: 0x80006eb4 (0x00314633) xor     a2, sp, gp
core   0: 3 0x80006eb4 (0x00314633) x12 0xf001c000
core   0: 0x80006eb8 (0x01f654b3) srl     s1, a2, t6
core   0: 3 0x80006eb8 (0x01f654b3) x 9 0xf001c000
core   0: 0x80006ebc (0x0378e3b3) rem     t2, a7, s7
core   0: 3 0x80006ebc (0x0378e3b3) x 7 0x00000000
core   0: 0x80006ec0 (0x0124f233) and     tp, s1, s2
core   0: 3 0x80006ec0 (0x0124f233) x 4 0x00000000
core   0: 0x80006ec4 (0x41a35f33) sra     t5, t1, s10
core   0: 3 0x80006ec4 (0x41a35f33) x30 0x00000000
core   0: 0x80006ec8 (0x00615eb3) srl     t4, sp, t1
core   0: 3 0x80006ec8 (0x00615eb3) x29 0x7800e000
core   0: 0x80006ecc (0xe5f9a693) slti    a3, s3, -417
core   0: 3 0x80006ecc (0xe5f9a693) x13 0x00000000
core   0: 0x80006ed0 (0x9e248313) addi    t1, s1, -1566
core   0: 3 0x80006ed0 (0x9e248313) x 6 0xf001b9e2
core   0: 0x80006ed4 (0x30ec5497) auipc   s1, 0x30ec5
core   0: 3 0x80006ed4 (0x30ec5497) x 9 0xb0ecbed4
core   0: 0x80006ed8 (0x0256cf33) div     t5, a3, t0
core   0: 3 0x80006ed8 (0x0256cf33) x30 0x00000000
core   0: 0x80006edc (0x030d9a33) mulh    s4, s11, a6
core   0: 3 0x80006edc (0x030d9a33) x20 0x00000000
core   0: 0x80006ee0 (0xbb019d97) auipc   s11, 0xbb019
core   0: 3 0x80006ee0 (0xbb019d97) x27 0x3b01fee0
core   0: 0x80006ee4 (0x010e8b33) add     s6, t4, a6
core   0: 3 0x80006ee4 (0x010e8b33) x22 0x7800e000
core   0: 0x80006ee8 (0x415ad293) srai    t0, s5, 21
core   0: 3 0x80006ee8 (0x415ad293) x 5 0x00000000
core   0: 0x80006eec (0xdc02f213) andi    tp, t0, -576
core   0: 3 0x80006eec (0xdc02f213) x 4 0x00000000
core   0: 0x80006ef0 (0x01a1d0b3) srl     ra, gp, s10
core   0: 3 0x80006ef0 (0x01a1d0b3) x 1 0x00000000
core   0: 0x80006ef4 (0x01ece033) or      zero, s9, t5
core   0: 3 0x80006ef4 (0x01ece033)
core   0: 0x80006ef8 (0x01c91193) slli    gp, s2, 28
core   0: 3 0x80006ef8 (0x01c91193) x 3 0x00000000
core   0: 0x80006efc (0x802d4d93) xori    s11, s10, -2046
core   0: 3 0x80006efc (0x802d4d93) x27 0x00000088
core   0: 0x80006f00 (0x03b14133) div     sp, sp, s11
core   0: 3 0x80006f00 (0x03b14133) x 2 0xffe1e52e
core   0: 0x80006f04 (0x414d5513) srai    a0, s10, 20
core   0: 3 0x80006f04 (0x414d5513) x10 0xffffffff
core   0: 0x80006f08 (0x7baaa097) auipc   ra, 0x7baaa
core   0: 3 0x80006f08 (0x7baaa097) x 1 0xfbab0f08
core   0: 0x80006f0c (0x012354b3) srl     s1, t1, s2
core   0: 3 0x80006f0c (0x012354b3) x 9 0xf001b9e2
core   0: 0x80006f10 (0x00f44db3) xor     s11, s0, a5
core   0: 3 0x80006f10 (0x00f44db3) x27 0x80025072
core   0: 0x80006f14 (0x40d75293) srai    t0, a4, 13
core   0: 3 0x80006f14 (0x40d75293) x 5 0xfffc000a
core   0: 0x80006f18 (0x00b15b93) srli    s7, sp, 11
core   0: 3 0x80006f18 (0x00b15b93) x23 0x001ffc3c
core   0: 0x80006f1c (0x96f12013) slti    zero, sp, -1681
core   0: 3 0x80006f1c (0x96f12013)
core   0: 0x80006f20 (0x0087c0b3) xor     ra, a5, s0
core   0: 3 0x80006f20 (0x0087c0b3) x 1 0x80025072
core   0: 0x80006f24 (0x00faffb3) and     t6, s5, a5
core   0: 3 0x80006f24 (0x00faffb3) x31 0x00000000
core   0: 0x80006f28 (0x01e74b33) xor     s6, a4, t5
core   0: 3 0x80006f28 (0x01e74b33) x22 0x80014e64
core   0: 0x80006f2c (0x015fe633) or      a2, t6, s5
core   0: 3 0x80006f2c (0x015fe633) x12 0x00000000
core   0: 0x80006f30 (0x7f52a693) slti    a3, t0, 2037
core   0: 3 0x80006f30 (0x7f52a693) x13 0x00000001
core   0: 0x80006f34 (0x022c8ab3) mul     s5, s9, sp
core   0: 3 0x80006f34 (0x022c8ab3) x21 0x53b344f8
core   0: 0x80006f38 (0x032a3433) mulhu   s0, s4, s2
core   0: 3 0x80006f38 (0x032a3433) x 8 0x00000000
core   0: 0x80006f3c (0x404f5b93) srai    s7, t5, 4
core   0: 3 0x80006f3c (0x404f5b93) x23 0x00000000
core   0: 0x80006f40 (0x0112ff33) and     t5, t0, a7
core   0: 3 0x80006f40 (0x0112ff33) x30 0x00000000
core   0: 0x80006f44 (0x00891c13) slli    s8, s2, 8
core   0: 3 0x80006f44 (0x00891c13) x24 0x00000000
core   0: 0x80006f48 (0x5af12613) slti    a2, sp, 1455
core   0: 3 0x80006f48 (0x5af12613) x12 0x00000001
core   0: 0x80006f4c (0xd84df637) lui     a2, 0xd84df
core   0: 3 0x80006f4c (0xd84df637) x12 0xd84df000
core   0: 0x80006f50 (0x0101b533) sltu    a0, gp, a6
core   0: 3 0x80006f50 (0x0101b533) x10 0x00000000
core   0: 0x80006f54 (0x035cb133) mulhu   sp, s9, s5
core   0: 3 0x80006f54 (0x035cb133) x 2 0x29da243f
core   0: 0x80006f58 (0x0333c233) div     tp, t2, s3
core   0: 3 0x80006f58 (0x0333c233) x 4 0x00000000
core   0: 0x80006f5c (0x0025c833) xor     a6, a1, sp
core   0: 3 0x80006f5c (0x0025c833) x16 0xd625dd07
core   0: 0x80006f60 (0x7356e513) ori     a0, a3, 1845
core   0: 3 0x80006f60 (0x7356e513) x10 0x00000735
core   0: 0x80006f64 (0x01efc4b3) xor     s1, t6, t5
core   0: 3 0x80006f64 (0x01efc4b3) x 9 0x00000000
core   0: 0x80006f68 (0x02798eb3) mul     t4, s3, t2
core   0: 3 0x80006f68 (0x02798eb3) x29 0x00000000
core   0: 0x80006f6c (0x5bf49fb7) lui     t6, 0x5bf49
core   0: 3 0x80006f6c (0x5bf49fb7) x31 0x5bf49000
core   0: 0x80006f70 (0xdc824313) xori    t1, tp, -568
core   0: 3 0x80006f70 (0xdc824313) x 6 0xfffffdc8
core   0: 0x80006f74 (0xf4523393) sltiu   t2, tp, -187
core   0: 3 0x80006f74 (0xf4523393) x 7 0x00000001
core   0: 0x80006f78 (0x03448633) mul     a2, s1, s4
core   0: 3 0x80006f78 (0x03448633) x12 0x00000000
core   0: 0x80006f7c (0x00d852b3) srl     t0, a6, a3
core   0: 3 0x80006f7c (0x00d852b3) x 5 0x6b12ee83
core   0: 0x80006f80 (0x01d01d93) slli    s11, zero, 29
core   0: 3 0x80006f80 (0x01d01d93) x27 0x00000000
core   0: 0x80006f84 (0x00cf5193) srli    gp, t5, 12
core   0: 3 0x80006f84 (0x00cf5193) x 3 0x00000000
core   0: 0x80006f88 (0x00421833) sll     a6, tp, tp
core   0: 3 0x80006f88 (0x00421833) x16 0x00000000
core   0: 0x80006f8c (0x035dfab3) remu    s5, s11, s5
core   0: 3 0x80006f8c (0x035dfab3) x21 0x00000000
core   0: 0x80006f90 (0x0075c533) xor     a0, a1, t2
core   0: 3 0x80006f90 (0x0075c533) x10 0xfffff939
core   0: 0x80006f94 (0x03b1cc33) div     s8, gp, s11
core   0: 3 0x80006f94 (0x03b1cc33) x24 0xffffffff
core   0: 0x80006f98 (0x95aa3893) sltiu   a7, s4, -1702
core   0: 3 0x80006f98 (0x95aa3893) x17 0x00000001
core   0: 0x80006f9c (0x0e0bbc13) sltiu   s8, s7, 224
core   0: 3 0x80006f9c (0x0e0bbc13) x24 0x00000001
core   0: 0x80006fa0 (0x0345fd33) remu    s10, a1, s4
core   0: 3 0x80006fa0 (0x0345fd33) x26 0xfffff938
core   0: 0x80006fa4 (0x0142a933) slt     s2, t0, s4
core   0: 3 0x80006fa4 (0x0142a933) x18 0x00000000
core   0: 0x80006fa8 (0x32e4e393) ori     t2, s1, 814
core   0: 3 0x80006fa8 (0x32e4e393) x 7 0x0000032e
core   0: 0x80006fac (0xfe246113) ori     sp, s0, -30
core   0: 3 0x80006fac (0xfe246113) x 2 0xffffffe2
core   0: 0x80006fb0 (0x88c9af93) slti    t6, s3, -1908
core   0: 3 0x80006fb0 (0x88c9af93) x31 0x00000000
core   0: 0x80006fb4 (0x01091c33) sll     s8, s2, a6
core   0: 3 0x80006fb4 (0x01091c33) x24 0x00000000
core   0: 0x80006fb8 (0x027385b3) mul     a1, t2, t2
core   0: 3 0x80006fb8 (0x027385b3) x11 0x000a1c44
core   0: 0x80006fbc (0x021d37b3) mulhu   a5, s10, ra
core   0: 3 0x80006fbc (0x021d37b3) x15 0x80024d0d
core   0: 0x80006fc0 (0x0318e533) rem     a0, a7, a7
core   0: 3 0x80006fc0 (0x0318e533) x10 0x00000000
core   0: 0x80006fc4 (0x02876533) rem     a0, a4, s0
core   0: 3 0x80006fc4 (0x02876533) x10 0x80014e64
core   0: 0x80006fc8 (0xfdf76513) ori     a0, a4, -33
core   0: 3 0x80006fc8 (0xfdf76513) x10 0xffffffff
core   0: 0x80006fcc (0x021f6c33) rem     s8, t5, ra
core   0: 3 0x80006fcc (0x021f6c33) x24 0x00000000
core   0: 0x80006fd0 (0x01a653b3) srl     t2, a2, s10
core   0: 3 0x80006fd0 (0x01a653b3) x 7 0x00000000
core   0: 0x80006fd4 (0x02601a33) mulh    s4, zero, t1
core   0: 3 0x80006fd4 (0x02601a33) x20 0x00000000
core   0: 0x80006fd8 (0xf95c6b13) ori     s6, s8, -107
core   0: 3 0x80006fd8 (0xf95c6b13) x22 0xffffff95
core   0: 0x80006fdc (0x73ba6093) ori     ra, s4, 1851
core   0: 3 0x80006fdc (0x73ba6093) x 1 0x0000073b
core   0: 0x80006fe0 (0x40755893) srai    a7, a0, 7
core   0: 3 0x80006fe0 (0x40755893) x17 0xffffffff
core   0: 0x80006fe4 (0xe9dff093) andi    ra, t6, -355
core   0: 3 0x80006fe4 (0xe9dff093) x 1 0x00000000
core   0: 0x80006fe8 (0x03ec6133) rem     sp, s8, t5
core   0: 3 0x80006fe8 (0x03ec6133) x 2 0x00000000
core   0: 0x80006fec (0x02b7f3b3) remu    t2, a5, a1
core   0: 3 0x80006fec (0x02b7f3b3) x 7 0x00027429
core   0: 0x80006ff0 (0x011bd093) srli    ra, s7, 17
core   0: 3 0x80006ff0 (0x011bd093) x 1 0x00000000
core   0: 0x80006ff4 (0xedc46c13) ori     s8, s0, -292
core   0: 3 0x80006ff4 (0xedc46c13) x24 0xfffffedc
core   0: 0x80006ff8 (0x022345b3) div     a1, t1, sp
core   0: 3 0x80006ff8 (0x022345b3) x11 0xffffffff
core   0: 0x80006ffc (0x00c06bb3) or      s7, zero, a2
core   0: 3 0x80006ffc (0x00c06bb3) x23 0x00000000
core   0: 0x80007000 (0x0203c8b3) div     a7, t2, zero
core   0: 3 0x80007000 (0x0203c8b3) x17 0xffffffff
core   0: 0x80007004 (0x00299893) slli    a7, s3, 2
core   0: 3 0x80007004 (0x00299893) x17 0xfffffffc
core   0: 0x80007008 (0x00bf5a93) srli    s5, t5, 11
core   0: 3 0x80007008 (0x00bf5a93) x21 0x00000000
core   0: 0x8000700c (0x0e4aea93) ori     s5, s5, 228
core   0: 3 0x8000700c (0x0e4aea93) x21 0x000000e4
core   0: 0x80007010 (0x02cc9a33) mulh    s4, s9, a2
core   0: 3 0x80007010 (0x02cc9a33) x20 0x00000000
core   0: 0x80007014 (0x013c7c33) and     s8, s8, s3
core   0: 3 0x80007014 (0x013c7c33) x24 0xfffffedc
core   0: 0x80007018 (0x4696fc13) andi    s8, a3, 1129
core   0: 3 0x80007018 (0x4696fc13) x24 0x00000001
core   0: 0x8000701c (0x00e55a13) srli    s4, a0, 14
core   0: 3 0x8000701c (0x00e55a13) x20 0x0003ffff
core   0: 0x80007020 (0x413d0533) sub     a0, s10, s3
core   0: 3 0x80007020 (0x413d0533) x10 0xfffff939
core   0: 0x80007024 (0x022060b3) rem     ra, zero, sp
core   0: 3 0x80007024 (0x022060b3) x 1 0x00000000
core   0: 0x80007028 (0x484cc213) xori    tp, s9, 1156
core   0: 3 0x80007028 (0x484cc213) x 4 0x80018860
core   0: 0x8000702c (0x03d6bb33) mulhu   s6, a3, t4
core   0: 3 0x8000702c (0x03d6bb33) x22 0x00000000
core   0: 0x80007030 (0x80033f93) sltiu   t6, t1, -2048
core   0: 3 0x80007030 (0x80033f93) x31 0x00000000
core   0: 0x80007034 (0x0278ad33) mulhsu  s10, a7, t2
core   0: 3 0x80007034 (0x0278ad33) x26 0xffffffff
core   0: 0x80007038 (0x00c130b3) sltu    ra, sp, a2
core   0: 3 0x80007038 (0x00c130b3) x 1 0x00000000
core   0: 0x8000703c (0x02f3e433) rem     s0, t2, a5
core   0: 3 0x8000703c (0x02f3e433) x 8 0x00027429
core   0: 0x80007040 (0x00df5a33) srl     s4, t5, a3
core   0: 3 0x80007040 (0x00df5a33) x20 0x00000000
core   0: 0x80007044 (0x034a4db3) div     s11, s4, s4
core   0: 3 0x80007044 (0x034a4db3) x27 0xffffffff
core   0: 0x80007048 (0x03162433) mulhsu  s0, a2, a7
core   0: 3 0x80007048 (0x03162433) x 8 0x00000000
core   0: 0x8000704c (0x19b16513) ori     a0, sp, 411
core   0: 3 0x8000704c (0x19b16513) x10 0x0000019b
core   0: 0x80007050 (0x40c5d633) sra     a2, a1, a2
core   0: 3 0x80007050 (0x40c5d633) x12 0xffffffff
core   0: 0x80007054 (0xf7654937) lui     s2, 0xf7654
core   0: 3 0x80007054 (0xf7654937) x18 0xf7654000
core   0: 0x80007058 (0x0348b0b3) mulhu   ra, a7, s4
core   0: 3 0x80007058 (0x0348b0b3) x 1 0x00000000
core   0: 0x8000705c (0x00225f13) srli    t5, tp, 2
core   0: 3 0x8000705c (0x00225f13) x30 0x20006218
core   0: 0x80007060 (0x00f841b3) xor     gp, a6, a5
core   0: 3 0x80007060 (0x00f841b3) x 3 0x80024d0d
core   0: 0x80007064 (0x009bdf13) srli    t5, s7, 9
core   0: 3 0x80007064 (0x009bdf13) x30 0x00000000
core   0: 0x80007068 (0x8d7e3493) sltiu   s1, t3, -1833
core   0: 3 0x80007068 (0x8d7e3493) x 9 0x00000001
core   0: 0x8000706c (0x00839993) slli    s3, t2, 8
core   0: 3 0x8000706c (0x00839993) x19 0x02742900
core   0: 0x80007070 (0xc8d0c793) xori    a5, ra, -883
core   0: 3 0x80007070 (0xc8d0c793) x15 0xfffffc8d
core   0: 0x80007074 (0x02274f33) div     t5, a4, sp
core   0: 3 0x80007074 (0x02274f33) x30 0xffffffff
core   0: 0x80007078 (0x014f84b3) add     s1, t6, s4
core   0: 3 0x80007078 (0x014f84b3) x 9 0x00000000
core   0: 0x8000707c (0x0023d633) srl     a2, t2, sp
core   0: 3 0x8000707c (0x0023d633) x12 0x00027429
core   0: 0x80007080 (0x41b85f33) sra     t5, a6, s11
core   0: 3 0x80007080 (0x41b85f33) x30 0x00000000
core   0: 0x80007084 (0x0012f4b3) and     s1, t0, ra
core   0: 3 0x80007084 (0x0012f4b3) x 9 0x00000000
core   0: 0x80007088 (0xf8b5ae93) slti    t4, a1, -117
core   0: 3 0x80007088 (0xf8b5ae93) x29 0x00000000
core   0: 0x8000708c (0x40bf84b3) sub     s1, t6, a1
core   0: 3 0x8000708c (0x40bf84b3) x 9 0x00000001
core   0: 0x80007090 (0x00000013) nop
core   0: 3 0x80007090 (0x00000013)
core   0: 0x80007094 (0x01901e93) slli    t4, zero, 25
core   0: 3 0x80007094 (0x01901e93) x29 0x00000000
core   0: 0x80007098 (0x0179b533) sltu    a0, s3, s7
core   0: 3 0x80007098 (0x0179b533) x10 0x00000000
core   0: 0x8000709c (0x01c01793) slli    a5, zero, 28
core   0: 3 0x8000709c (0x01c01793) x15 0x00000000
core   0: 0x800070a0 (0x037f7a33) remu    s4, t5, s7
core   0: 3 0x800070a0 (0x037f7a33) x20 0x00000000
core   0: 0x800070a4 (0x8920f217) auipc   tp, 0x8920f
core   0: 3 0x800070a4 (0x8920f217) x 4 0x092160a4
core   0: 0x800070a8 (0x40c4d693) srai    a3, s1, 12
core   0: 3 0x800070a8 (0x40c4d693) x13 0x00000000
core   0: 0x800070ac (0x6b196293) ori     t0, s2, 1713
core   0: 3 0x800070ac (0x6b196293) x 5 0xf76546b1
core   0: 0x800070b0 (0x006af033) and     zero, s5, t1
core   0: 3 0x800070b0 (0x006af033)
core   0: 0x800070b4 (0x27253493) sltiu   s1, a0, 626
core   0: 3 0x800070b4 (0x27253493) x 9 0x00000001
core   0: 0x800070b8 (0x00000013) nop
core   0: 3 0x800070b8 (0x00000013)
core   0: 0x800070bc (0x01661633) sll     a2, a2, s6
core   0: 3 0x800070bc (0x01661633) x12 0x00027429
core   0: 0x800070c0 (0x01419f93) slli    t6, gp, 20
core   0: 3 0x800070c0 (0x01419f93) x31 0xd0d00000
core   0: 0x800070c4 (0x00000013) nop
core   0: 3 0x800070c4 (0x00000013)
core   0: 0x800070c8 (0x40fc0633) sub     a2, s8, a5
core   0: 3 0x800070c8 (0x40fc0633) x12 0x00000001
core   0: 0x800070cc (0xb45ce997) auipc   s3, 0xb45ce
core   0: 3 0x800070cc (0xb45ce997) x19 0x345d50cc
core   0: 0x800070d0 (0x00000013) nop
core   0: 3 0x800070d0 (0x00000013)
core   0: 0x800070d4 (0x8d46d097) auipc   ra, 0x8d46d
core   0: 3 0x800070d4 (0x8d46d097) x 1 0x0d4740d4
core   0: 0x800070d8 (0x8fcab013) sltiu   zero, s5, -1796
core   0: 3 0x800070d8 (0x8fcab013)
core   0: 0x800070dc (0x010a10b3) sll     ra, s4, a6
core   0: 3 0x800070dc (0x010a10b3) x 1 0x00000000
core   0: 0x800070e0 (0x41a58bb3) sub     s7, a1, s10
core   0: 3 0x800070e0 (0x41a58bb3) x23 0x00000000
core   0: 0x800070e4 (0x41e4d133) sra     sp, s1, t5
core   0: 3 0x800070e4 (0x41e4d133) x 2 0x00000001
core   0: 0x800070e8 (0x030c1933) mulh    s2, s8, a6
core   0: 3 0x800070e8 (0x030c1933) x18 0x00000000
core   0: 0x800070ec (0x0031bd33) sltu    s10, gp, gp
core   0: 3 0x800070ec (0x0031bd33) x26 0x00000000
core   0: 0x800070f0 (0x033e9eb3) mulh    t4, t4, s3
core   0: 3 0x800070f0 (0x033e9eb3) x29 0x00000000
core   0: 0x800070f4 (0x02f937b3) mulhu   a5, s2, a5
core   0: 3 0x800070f4 (0x02f937b3) x15 0x00000000
core   0: 0x800070f8 (0x036d6633) rem     a2, s10, s6
core   0: 3 0x800070f8 (0x036d6633) x12 0x00000000
core   0: 0x800070fc (0x0204e4b3) rem     s1, s1, zero
core   0: 3 0x800070fc (0x0204e4b3) x 9 0x00000001
core   0: 0x80007100 (0x034ddeb3) divu    t4, s11, s4
core   0: 3 0x80007100 (0x034ddeb3) x29 0xffffffff
core   0: 0x80007104 (0x02662f33) mulhsu  t5, a2, t1
core   0: 3 0x80007104 (0x02662f33) x30 0x00000000
core   0: 0x80007108 (0x025472b3) remu    t0, s0, t0
core   0: 3 0x80007108 (0x025472b3) x 5 0x00000000
core   0: 0x8000710c (0xaaf6c093) xori    ra, a3, -1361
core   0: 3 0x8000710c (0xaaf6c093) x 1 0xfffffaaf
core   0: 0x80007110 (0x004bdbb3) srl     s7, s7, tp
core   0: 3 0x80007110 (0x004bdbb3) x23 0x00000000
core   0: 0x80007114 (0x02952a33) mulhsu  s4, a0, s1
core   0: 3 0x80007114 (0x02952a33) x20 0x00000000
core   0: 0x80007118 (0x032ffa33) remu    s4, t6, s2
core   0: 3 0x80007118 (0x032ffa33) x20 0xd0d00000
core   0: 0x8000711c (0x409add33) sra     s10, s5, s1
core   0: 3 0x8000711c (0x409add33) x26 0x00000072
core   0: 0x80007120 (0x02381833) mulh    a6, a6, gp
core   0: 3 0x80007120 (0x02381833) x16 0x00000000
core   0: 0x80007124 (0x00c8a3b3) slt     t2, a7, a2
core   0: 3 0x80007124 (0x00c8a3b3) x 7 0x00000001
core   0: 0x80007128 (0x012dda33) srl     s4, s11, s2
core   0: 3 0x80007128 (0x012dda33) x20 0xffffffff
core   0: 0x8000712c (0x025d7eb3) remu    t4, s10, t0
core   0: 3 0x8000712c (0x025d7eb3) x29 0x00000072
core   0: 0x80007130 (0x00339f13) slli    t5, t2, 3
core   0: 3 0x80007130 (0x00339f13) x30 0x00000008
core   0: 0x80007134 (0x670a6013) ori     zero, s4, 1648
core   0: 3 0x80007134 (0x670a6013)
core   0: 0x80007138 (0x0028cfb3) xor     t6, a7, sp
core   0: 3 0x80007138 (0x0028cfb3) x31 0xfffffffd
core   0: 0x8000713c (0xd6af7193) andi    gp, t5, -662
core   0: 3 0x8000713c (0xd6af7193) x 3 0x00000008
core   0: 0x80007140 (0x03993eb3) mulhu   t4, s2, s9
core   0: 3 0x80007140 (0x03993eb3) x29 0x00000000
core   0: 0x80007144 (0x64a92a13) slti    s4, s2, 1610
core   0: 3 0x80007144 (0x64a92a13) x20 0x00000001
core   0: 0x80007148 (0x0124ff33) and     t5, s1, s2
core   0: 3 0x80007148 (0x0124ff33) x30 0x00000000
core   0: 0x8000714c (0x41af8433) sub     s0, t6, s10
core   0: 3 0x8000714c (0x41af8433) x 8 0xffffff8b
core   0: 0x80007150 (0x00375d13) srli    s10, a4, 3
core   0: 3 0x80007150 (0x00375d13) x26 0x100029cc
core   0: 0x80007154 (0x00000013) nop
core   0: 3 0x80007154 (0x00000013)
core   0: 0x80007158 (0x036299b3) mulh    s3, t0, s6
core   0: 3 0x80007158 (0x036299b3) x19 0x00000000
core   0: 0x8000715c (0x034ef4b3) remu    s1, t4, s4
core   0: 3 0x8000715c (0x034ef4b3) x 9 0x00000000
core   0: 0x80007160 (0x037cef33) rem     t5, s9, s7
core   0: 3 0x80007160 (0x037cef33) x30 0x80018ce4
core   0: 0x80007164 (0x412b5c33) sra     s8, s6, s2
core   0: 3 0x80007164 (0x412b5c33) x24 0x00000000
core   0: 0x80007168 (0x00411893) slli    a7, sp, 4
core   0: 3 0x80007168 (0x00411893) x17 0x00000010
core   0: 0x8000716c (0x00d12ab3) slt     s5, sp, a3
core   0: 3 0x8000716c (0x00d12ab3) x21 0x00000000
core   0: 0x80007170 (0xc625cb93) xori    s7, a1, -926
core   0: 3 0x80007170 (0xc625cb93) x23 0x0000039d
core   0: 0x80007174 (0x032f5533) divu    a0, t5, s2
core   0: 3 0x80007174 (0x032f5533) x10 0xffffffff
core   0: 0x80007178 (0x032315b3) mulh    a1, t1, s2
core   0: 3 0x80007178 (0x032315b3) x11 0x00000000
core   0: 0x8000717c (0xd6b9c493) xori    s1, s3, -661
core   0: 3 0x8000717c (0xd6b9c493) x 9 0xfffffd6b
core   0: 0x80007180 (0x013f99b3) sll     s3, t6, s3
core   0: 3 0x80007180 (0x013f99b3) x19 0xfffffffd
core   0: 0x80007184 (0x6bf73e93) sltiu   t4, a4, 1727
core   0: 3 0x80007184 (0x6bf73e93) x29 0x00000000
core   0: 0x80007188 (0x01ea4eb3) xor     t4, s4, t5
core   0: 3 0x80007188 (0x01ea4eb3) x29 0x80018ce5
core   0: 0x8000718c (0x414b5133) sra     sp, s6, s4
core   0: 3 0x8000718c (0x414b5133) x 2 0x00000000
core   0: 0x80007190 (0x401bd4b3) sra     s1, s7, ra
core   0: 3 0x80007190 (0x401bd4b3) x 9 0x00000000
core   0: 0x80007194 (0x00192db3) slt     s11, s2, ra
core   0: 3 0x80007194 (0x00192db3) x27 0x00000000
core   0: 0x80007198 (0x24700f93) li      t6, 583
core   0: 3 0x80007198 (0x24700f93) x31 0x00000247
core   0: 0x8000719c (0xcb068e97) auipc   t4, 0xcb068
core   0: 3 0x8000719c (0xcb068e97) x29 0x4b06f19c
core   0: 0x800071a0 (0x019a64b3) or      s1, s4, s9
core   0: 3 0x800071a0 (0x019a64b3) x 9 0x80018ce5
core   0: 0x800071a4 (0xb337ac17) auipc   s8, 0xb337a
core   0: 3 0x800071a4 (0xb337ac17) x24 0x333811a4
core   0: 0x800071a8 (0xc2193193) sltiu   gp, s2, -991
core   0: 3 0x800071a8 (0xc2193193) x 3 0x00000001
core   0: 0x800071ac (0x014f09b3) add     s3, t5, s4
core   0: 3 0x800071ac (0x014f09b3) x19 0x80018ce5
core   0: 0x800071b0 (0x401b5db3) sra     s11, s6, ra
core   0: 3 0x800071b0 (0x401b5db3) x27 0x00000000
core   0: 0x800071b4 (0x4139de93) srai    t4, s3, 19
core   0: 3 0x800071b4 (0x4139de93) x29 0xfffff000
core   0: 0x800071b8 (0x0299a7b3) mulhsu  a5, s3, s1
core   0: 3 0x800071b8 (0x0299a7b3) x15 0xc0000002
core   0: 0x800071bc (0x68700b17) auipc   s6, 0x68700
core   0: 3 0x800071bc (0x68700b17) x22 0xe87071bc
core   0: 0x800071c0 (0x0257d0b3) divu    ra, a5, t0
core   0: 3 0x800071c0 (0x0257d0b3) x 1 0xffffffff
core   0: 0x800071c4 (0x81f03813) sltiu   a6, zero, -2017
core   0: 3 0x800071c4 (0x81f03813) x16 0x00000001
core   0: 0x800071c8 (0xf779e793) ori     a5, s3, -137
core   0: 3 0x800071c8 (0xf779e793) x15 0xfffffff7
core   0: 0x800071cc (0xbb6903b7) lui     t2, 0xbb690
core   0: 3 0x800071cc (0xbb6903b7) x 7 0xbb690000
core   0: 0x800071d0 (0x00280d33) add     s10, a6, sp
core   0: 3 0x800071d0 (0x00280d33) x26 0x00000001
core   0: 0x800071d4 (0x00ab69b3) or      s3, s6, a0
core   0: 3 0x800071d4 (0x00ab69b3) x19 0xffffffff
core   0: 0x800071d8 (0x35d908b7) lui     a7, 0x35d90
core   0: 3 0x800071d8 (0x35d908b7) x17 0x35d90000
core   0: 0x800071dc (0x50e63793) sltiu   a5, a2, 1294
core   0: 3 0x800071dc (0x50e63793) x15 0x00000001
core   0: 0x800071e0 (0x036a8a33) mul     s4, s5, s6
core   0: 3 0x800071e0 (0x036a8a33) x20 0x00000000
core   0: 0x800071e4 (0xe28a6d93) ori     s11, s4, -472
core   0: 3 0x800071e4 (0xe28a6d93) x27 0xfffffe28
core   0: 0x800071e8 (0x41378fb3) sub     t6, a5, s3
core   0: 3 0x800071e8 (0x41378fb3) x31 0x00000002
core   0: 0x800071ec (0x015f1bb3) sll     s7, t5, s5
core   0: 3 0x800071ec (0x015f1bb3) x23 0x80018ce4
core   0: 0x800071f0 (0x010b5793) srli    a5, s6, 16
core   0: 3 0x800071f0 (0x010b5793) x15 0x0000e870
core   0: 0x800071f4 (0x026f5ab3) divu    s5, t5, t1
core   0: 3 0x800071f4 (0x026f5ab3) x21 0x00000000
core   0: 0x800071f8 (0x0058e1b3) or      gp, a7, t0
core   0: 3 0x800071f8 (0x0058e1b3) x 3 0x35d90000
core   0: 0x800071fc (0x011de033) or      zero, s11, a7
core   0: 3 0x800071fc (0x011de033)
core   0: 0x80007200 (0x00317eb3) and     t4, sp, gp
core   0: 3 0x80007200 (0x00317eb3) x29 0x00000000
core   0: 0x80007204 (0x406789b3) sub     s3, a5, t1
core   0: 3 0x80007204 (0x406789b3) x19 0x0000eaa8
core   0: 0x80007208 (0xa2832f13) slti    t5, t1, -1496
core   0: 3 0x80007208 (0xa2832f13) x30 0x00000000
core   0: 0x8000720c (0x03ff0ab3) mul     s5, t5, t6
core   0: 3 0x8000720c (0x03ff0ab3) x21 0x00000000
core   0: 0x80007210 (0x0d25ad93) slti    s11, a1, 210
core   0: 3 0x80007210 (0x0d25ad93) x27 0x00000001
core   0: 0x80007214 (0x02b045b3) div     a1, zero, a1
core   0: 3 0x80007214 (0x02b045b3) x11 0xffffffff
core   0: 0x80007218 (0x01d69893) slli    a7, a3, 29
core   0: 3 0x80007218 (0x01d69893) x17 0x00000000
core   0: 0x8000721c (0x024caab3) mulhsu  s5, s9, tp
core   0: 3 0x8000721c (0x024caab3) x21 0xfb6f5dd5
core   0: 0x80007220 (0x41e7db13) srai    s6, a5, 30
core   0: 3 0x80007220 (0x41e7db13) x22 0x00000000
core   0: 0x80007224 (0x029a2933) mulhsu  s2, s4, s1
core   0: 3 0x80007224 (0x029a2933) x18 0x00000000
core   0: 0x80007228 (0x01ed9a33) sll     s4, s11, t5
core   0: 3 0x80007228 (0x01ed9a33) x20 0x00000001
core   0: 0x8000722c (0x03a54033) div     zero, a0, s10
core   0: 3 0x8000722c (0x03a54033)
core   0: 0x80007230 (0x02e939b3) mulhu   s3, s2, a4
core   0: 3 0x80007230 (0x02e939b3) x19 0x00000000
core   0: 0x80007234 (0x016d37b3) sltu    a5, s10, s6
core   0: 3 0x80007234 (0x016d37b3) x15 0x00000000
core   0: 0x80007238 (0x01c94d33) xor     s10, s2, t3
core   0: 3 0x80007238 (0x01c94d33) x26 0x80000000
core   0: 0x8000723c (0x4f389fb7) lui     t6, 0x4f389
core   0: 3 0x8000723c (0x4f389fb7) x31 0x4f389000
core   0: 0x80007240 (0x012c73b3) and     t2, s8, s2
core   0: 3 0x80007240 (0x012c73b3) x 7 0x00000000
core   0: 0x80007244 (0x00000013) nop
core   0: 3 0x80007244 (0x00000013)
core   0: 0x80007248 (0x00a31213) slli    tp, t1, 10
core   0: 3 0x80007248 (0x00a31213) x 4 0xfff72000
core   0: 0x8000724c (0x03d78333) mul     t1, a5, t4
core   0: 3 0x8000724c (0x03d78333) x 6 0x00000000
core   0: 0x80007250 (0x23120113) addi    sp, tp, 561
core   0: 3 0x80007250 (0x23120113) x 2 0xfff72231
core   0: 0x80007254 (0x40ccdb93) srai    s7, s9, 12
core   0: 3 0x80007254 (0x40ccdb93) x23 0xfff80018
core   0: 0x80007258 (0x01654f33) xor     t5, a0, s6
core   0: 3 0x80007258 (0x01654f33) x30 0xffffffff
core   0: 0x8000725c (0x0379fbb3) remu    s7, s3, s7
core   0: 3 0x8000725c (0x0379fbb3) x23 0x00000000
core   0: 0x80007260 (0x01d4a633) slt     a2, s1, t4
core   0: 3 0x80007260 (0x01d4a633) x12 0x00000001
core   0: 0x80007264 (0x0152d8b3) srl     a7, t0, s5
core   0: 3 0x80007264 (0x0152d8b3) x17 0x00000000
core   0: 0x80007268 (0x00eaf3b3) and     t2, s5, a4
core   0: 3 0x80007268 (0x00eaf3b3) x 7 0x80014c44
core   0: 0x8000726c (0x41b70a33) sub     s4, a4, s11
core   0: 3 0x8000726c (0x41b70a33) x20 0x80014e63
core   0: 0x80007270 (0x9b40ec13) ori     s8, ra, -1612
core   0: 3 0x80007270 (0x9b40ec13) x24 0xffffffff
core   0: 0x80007274 (0xe43f7a37) lui     s4, 0xe43f7
core   0: 3 0x80007274 (0xe43f7a37) x20 0xe43f7000
core   0: 0x80007278 (0x01f9e4b3) or      s1, s3, t6
core   0: 3 0x80007278 (0x01f9e4b3) x 9 0x4f389000
core   0: 0x8000727c (0x035a15b3) mulh    a1, s4, s5
core   0: 3 0x8000727c (0x035a15b3) x11 0x007eb025
core   0: 0x80007280 (0x038695b3) mulh    a1, a3, s8
core   0: 3 0x80007280 (0x038695b3) x11 0x00000000
core   0: 0x80007284 (0x01f31793) slli    a5, t1, 31
core   0: 3 0x80007284 (0x01f31793) x15 0x00000000
core   0: 0x80007288 (0x0181b833) sltu    a6, gp, s8
core   0: 3 0x80007288 (0x0181b833) x16 0x00000001
core   0: 0x8000728c (0x418200b3) sub     ra, tp, s8
core   0: 3 0x8000728c (0x418200b3) x 1 0xfff72001
core   0: 0x80007290 (0x03ecd333) divu    t1, s9, t5
core   0: 3 0x80007290 (0x03ecd333) x 6 0x00000000
core   0: 0x80007294 (0x00f66f33) or      t5, a2, a5
core   0: 3 0x80007294 (0x00f66f33) x30 0x00000001
core   0: 0x80007298 (0x028ca8b3) mulhsu  a7, s9, s0
core   0: 3 0x80007298 (0x028ca8b3) x17 0x80018d1e
core   0: 0x8000729c (0x03cefc33) remu    s8, t4, t3
core   0: 3 0x8000729c (0x03cefc33) x24 0x00000000
core   0: 0x800072a0 (0x02d7f033) remu    zero, a5, a3
core   0: 3 0x800072a0 (0x02d7f033)
core   0: 0x800072a4 (0x02f21f33) mulh    t5, tp, a5
core   0: 3 0x800072a4 (0x02f21f33) x30 0x00000000
core   0: 0x800072a8 (0x02a61a33) mulh    s4, a2, a0
core   0: 3 0x800072a8 (0x02a61a33) x20 0xffffffff
core   0: 0x800072ac (0x004347b3) xor     a5, t1, tp
core   0: 3 0x800072ac (0x004347b3) x15 0xfff72000
core   0: 0x800072b0 (0x03dbf8b3) remu    a7, s7, t4
core   0: 3 0x800072b0 (0x03dbf8b3) x17 0x00000000
core   0: 0x800072b4 (0x41848d33) sub     s10, s1, s8
core   0: 3 0x800072b4 (0x41848d33) x26 0x4f389000
core   0: 0x800072b8 (0x006233b3) sltu    t2, tp, t1
core   0: 3 0x800072b8 (0x006233b3) x 7 0x00000000
core   0: 0x800072bc (0x03c38333) mul     t1, t2, t3
core   0: 3 0x800072bc (0x03c38333) x 6 0x00000000
core   0: 0x800072c0 (0x0337da33) divu    s4, a5, s3
core   0: 3 0x800072c0 (0x0337da33) x20 0xffffffff
core   0: 0x800072c4 (0x00000013) nop
core   0: 3 0x800072c4 (0x00000013)
core   0: 0x800072c8 (0x4163d2b3) sra     t0, t2, s6
core   0: 3 0x800072c8 (0x4163d2b3) x 5 0x00000000
core   0: 0x800072cc (0x02517ab3) remu    s5, sp, t0
core   0: 3 0x800072cc (0x02517ab3) x21 0xfff72231
core   0: 0x800072d0 (0x0100a2b3) slt     t0, ra, a6
core   0: 3 0x800072d0 (0x0100a2b3) x 5 0x00000001
core   0: 0x800072d4 (0x010e1133) sll     sp, t3, a6
core   0: 3 0x800072d4 (0x010e1133) x 2 0x00000000
core   0: 0x800072d8 (0x00000013) nop
core   0: 3 0x800072d8 (0x00000013)
core   0: 0x800072dc (0x00409fb3) sll     t6, ra, tp
core   0: 3 0x800072dc (0x00409fb3) x31 0xfff72001
core   0: 0x800072e0 (0x03050ab3) mul     s5, a0, a6
core   0: 3 0x800072e0 (0x03050ab3) x21 0xffffffff
core   0: 0x800072e4 (0x40078133) sub     sp, a5, zero
core   0: 3 0x800072e4 (0x40078133) x 2 0xfff72000
core   0: 0x800072e8 (0x0063c433) xor     s0, t2, t1
core   0: 3 0x800072e8 (0x0063c433) x 8 0x00000000
core   0: 0x800072ec (0x6323bb17) auipc   s6, 0x6323b
core   0: 3 0x800072ec (0x6323bb17) x22 0xe32422ec
core   0: 0x800072f0 (0xcf73ca17) auipc   s4, 0xcf73c
core   0: 3 0x800072f0 (0xcf73ca17) x20 0x4f7432f0
core   0: 0x800072f4 (0x01fc5213) srli    tp, s8, 31
core   0: 3 0x800072f4 (0x01fc5213) x 4 0x00000000
core   0: 0x800072f8 (0x0282c933) div     s2, t0, s0
core   0: 3 0x800072f8 (0x0282c933) x18 0xffffffff
core   0: 0x800072fc (0x01992933) slt     s2, s2, s9
core   0: 3 0x800072fc (0x01992933) x18 0x00000000
core   0: 0x80007300 (0x5b7f8c13) addi    s8, t6, 1463
core   0: 3 0x80007300 (0x5b7f8c13) x24 0xfff725b8
core   0: 0x80007304 (0x4489d817) auipc   a6, 0x4489d
core   0: 3 0x80007304 (0x4489d817) x16 0xc48a4304
core   0: 0x80007308 (0x88848c13) addi    s8, s1, -1912
core   0: 3 0x80007308 (0x88848c13) x24 0x4f388888
core   0: 0x8000730c (0x00789a93) slli    s5, a7, 7
core   0: 3 0x8000730c (0x00789a93) x21 0x00000000
core   0: 0x80007310 (0x02b8a0b3) mulhsu  ra, a7, a1
core   0: 3 0x80007310 (0x02b8a0b3) x 1 0x00000000
core   0: 0x80007314 (0x0221beb3) mulhu   t4, gp, sp
core   0: 3 0x80007314 (0x0221beb3) x29 0x35d7221a
core   0: 0x80007318 (0x0121f7b3) and     a5, gp, s2
core   0: 3 0x80007318 (0x0121f7b3) x15 0x00000000
core   0: 0x8000731c (0x000620b3) slt     ra, a2, zero
core   0: 3 0x8000731c (0x000620b3) x 1 0x00000000
core   0: 0x80007320 (0x01181db3) sll     s11, a6, a7
core   0: 3 0x80007320 (0x01181db3) x27 0xc48a4304
core   0: 0x80007324 (0x03e7ddb3) divu    s11, a5, t5
core   0: 3 0x80007324 (0x03e7ddb3) x27 0xffffffff
core   0: 0x80007328 (0x8041e217) auipc   tp, 0x8041e
core   0: 3 0x80007328 (0x8041e217) x 4 0x00425328
core   0: 0x8000732c (0x3b160997) auipc   s3, 0x3b160
core   0: 3 0x8000732c (0x3b160997) x19 0xbb16732c
core   0: 0x80007330 (0x02becab3) div     s5, t4, a1
core   0: 3 0x80007330 (0x02becab3) x21 0xffffffff
core   0: 0x80007334 (0x6f1f2e93) slti    t4, t5, 1777
core   0: 3 0x80007334 (0x6f1f2e93) x29 0x00000001
core   0: 0x80007338 (0x032fb4b3) mulhu   s1, t6, s2
core   0: 3 0x80007338 (0x032fb4b3) x 9 0x00000000
core   0: 0x8000733c (0x02ab12b3) mulh    t0, s6, a0
core   0: 3 0x8000733c (0x02ab12b3) x 5 0x00000000
core   0: 0x80007340 (0x0169c4b3) xor     s1, s3, s6
core   0: 3 0x80007340 (0x0169c4b3) x 9 0x583251c0
core   0: 0x80007344 (0x01511033) sll     zero, sp, s5
core   0: 3 0x80007344 (0x01511033)
core   0: 0x80007348 (0x00e043b3) xor     t2, zero, a4
core   0: 3 0x80007348 (0x00e043b3) x 7 0x80014e64
core   0: 0x8000734c (0x00c9a0b3) slt     ra, s3, a2
core   0: 3 0x8000734c (0x00c9a0b3) x 1 0x00000001
core   0: 0x80007350 (0x09078913) addi    s2, a5, 144
core   0: 3 0x80007350 (0x09078913) x18 0x00000090
core   0: 0x80007354 (0x00025c33) srl     s8, tp, zero
core   0: 3 0x80007354 (0x00025c33) x24 0x00425328
core   0: 0x80007358 (0x366be613) ori     a2, s7, 870
core   0: 3 0x80007358 (0x366be613) x12 0x00000366
core   0: 0x8000735c (0x01a89293) slli    t0, a7, 26
core   0: 3 0x8000735c (0x01a89293) x 5 0x00000000
core   0: 0x80007360 (0x00d704b3) add     s1, a4, a3
core   0: 3 0x80007360 (0x00d704b3) x 9 0x80014e64
core   0: 0x80007364 (0x0172e7b3) or      a5, t0, s7
core   0: 3 0x80007364 (0x0172e7b3) x15 0x00000000
core   0: 0x80007368 (0x631ced17) auipc   s10, 0x631ce
core   0: 3 0x80007368 (0x631ced17) x26 0xe31d5368
core   0: 0x8000736c (0x001ddab3) srl     s5, s11, ra
core   0: 3 0x8000736c (0x001ddab3) x21 0x7fffffff
core   0: 0x80007370 (0x02206db3) rem     s11, zero, sp
core   0: 3 0x80007370 (0x02206db3) x27 0x00000000
core   0: 0x80007374 (0x0204b4b3) mulhu   s1, s1, zero
core   0: 3 0x80007374 (0x0204b4b3) x 9 0x00000000
core   0: 0x80007378 (0x3c2ca637) lui     a2, 0x3c2ca
core   0: 3 0x80007378 (0x3c2ca637) x12 0x3c2ca000
core   0: 0x8000737c (0x35d4f593) andi    a1, s1, 861
core   0: 3 0x8000737c (0x35d4f593) x11 0x00000000
core   0: 0x80007380 (0x036d11b3) mulh    gp, s10, s6
core   0: 3 0x80007380 (0x036d11b3) x 3 0x034199bc
core   0: 0x80007384 (0x03d85f33) divu    t5, a6, t4
core   0: 3 0x80007384 (0x03d85f33) x30 0xc48a4304
core   0: 0x80007388 (0x03350bb3) mul     s7, a0, s3
core   0: 3 0x80007388 (0x03350bb3) x23 0x44e98cd4
core   0: 0x8000738c (0x00da69b3) or      s3, s4, a3
core   0: 3 0x8000738c (0x00da69b3) x19 0x4f7432f0
core   0: 0x80007390 (0x8191e893) ori     a7, gp, -2023
core   0: 3 0x80007390 (0x8191e893) x17 0xfffff9bd
core   0: 0x80007394 (0x8bd8ab13) slti    s6, a7, -1859
core   0: 3 0x80007394 (0x8bd8ab13) x22 0x00000000
core   0: 0x80007398 (0x174dbe93) sltiu   t4, s11, 372
core   0: 3 0x80007398 (0x174dbe93) x29 0x00000001
core   0: 0x8000739c (0x4132de93) srai    t4, t0, 19
core   0: 3 0x8000739c (0x4132de93) x29 0x00000000
core   0: 0x800073a0 (0x1e030c13) addi    s8, t1, 480
core   0: 3 0x800073a0 (0x1e030c13) x24 0x000001e0
core   0: 0x800073a4 (0x01033f33) sltu    t5, t1, a6
core   0: 3 0x800073a4 (0x01033f33) x30 0x00000001
core   0: 0x800073a8 (0x6bff7093) andi    ra, t5, 1727
core   0: 3 0x800073a8 (0x6bff7093) x 1 0x00000001
core   0: 0x800073ac (0x004938b3) sltu    a7, s2, tp
core   0: 3 0x800073ac (0x004938b3) x17 0x00000001
core   0: 0x800073b0 (0x89fb4113) xori    sp, s6, -1889
core   0: 3 0x800073b0 (0x89fb4113) x 2 0xfffff89f
core   0: 0x800073b4 (0x416d5bb3) sra     s7, s10, s6
core   0: 3 0x800073b4 (0x416d5bb3) x23 0xe31d5368
core   0: 0x800073b8 (0x0036f133) and     sp, a3, gp
core   0: 3 0x800073b8 (0x0036f133) x 2 0x00000000
core   0: 0x800073bc (0x01602eb3) slt     t4, zero, s6
core   0: 3 0x800073bc (0x01602eb3) x29 0x00000000
core   0: 0x800073c0 (0x00a65613) srli    a2, a2, 10
core   0: 3 0x800073c0 (0x00a65613) x12 0x000f0b28
core   0: 0x800073c4 (0x01a0e033) or      zero, ra, s10
core   0: 3 0x800073c4 (0x01a0e033)
core   0: 0x800073c8 (0x001174b3) and     s1, sp, ra
core   0: 3 0x800073c8 (0x001174b3) x 9 0x00000000
core   0: 0x800073cc (0x02c1bab3) mulhu   s5, gp, a2
core   0: 3 0x800073cc (0x02c1bab3) x21 0x000030fc
core   0: 0x800073d0 (0x008edeb3) srl     t4, t4, s0
core   0: 3 0x800073d0 (0x008edeb3) x29 0x00000000
core   0: 0x800073d4 (0x0159ec33) or      s8, s3, s5
core   0: 3 0x800073d4 (0x0159ec33) x24 0x4f7432fc
core   0: 0x800073d8 (0x0146d693) srli    a3, a3, 20
core   0: 3 0x800073d8 (0x0146d693) x13 0x00000000
core   0: 0x800073dc (0x02e9b2b3) mulhu   t0, s3, a4
core   0: 3 0x800073dc (0x02e9b2b3) x 5 0x27ba8140
core   0: 0x800073e0 (0x924fd437) lui     s0, 0x924fd
core   0: 3 0x800073e0 (0x924fd437) x 8 0x924fd000
core   0: 0x800073e4 (0x5efa4393) xori    t2, s4, 1519
core   0: 3 0x800073e4 (0x5efa4393) x 7 0x4f74371f
core   0: 0x800073e8 (0x01101a93) slli    s5, zero, 17
core   0: 3 0x800073e8 (0x01101a93) x21 0x00000000
core   0: 0x800073ec (0x40b35a33) sra     s4, t1, a1
core   0: 3 0x800073ec (0x40b35a33) x20 0x00000000
core   0: 0x800073f0 (0x441eaa37) lui     s4, 0x441ea
core   0: 3 0x800073f0 (0x441eaa37) x20 0x441ea000
core   0: 0x800073f4 (0xd3a02d93) slti    s11, zero, -710
core   0: 3 0x800073f4 (0xd3a02d93) x27 0x00000000
core   0: 0x800073f8 (0x010b9f13) slli    t5, s7, 16
core   0: 3 0x800073f8 (0x010b9f13) x30 0x53680000
core   0: 0x800073fc (0x1b3f7db7) lui     s11, 0x1b3f7
core   0: 3 0x800073fc (0x1b3f7db7) x27 0x1b3f7000
core   0: 0x80007400 (0x03cbf7b3) remu    a5, s7, t3
core   0: 3 0x80007400 (0x03cbf7b3) x15 0x631d5368
core   0: 0x80007404 (0x03a4e4b3) rem     s1, s1, s10
core   0: 3 0x80007404 (0x03a4e4b3) x 9 0x00000000
core   0: 0x80007408 (0x06b524b7) lui     s1, 0x6b52
core   0: 3 0x80007408 (0x06b524b7) x 9 0x06b52000
core   0: 0x8000740c (0x002580b3) add     ra, a1, sp
core   0: 3 0x8000740c (0x002580b3) x 1 0x00000000
core   0: 0x80007410 (0x00000013) nop
core   0: 3 0x80007410 (0x00000013)
core   0: 0x80007414 (0x037317b3) mulh    a5, t1, s7
core   0: 3 0x80007414 (0x037317b3) x15 0x00000000
core   0: 0x80007418 (0x5210bd13) sltiu   s10, ra, 1313
core   0: 3 0x80007418 (0x5210bd13) x26 0x00000001
core   0: 0x8000741c (0xfcad4617) auipc   a2, 0xfcad4
core   0: 3 0x8000741c (0xfcad4617) x12 0x7cadb41c
core   0: 0x80007420 (0x40a95613) srai    a2, s2, 10
core   0: 3 0x80007420 (0x40a95613) x12 0x00000000
core   0: 0x80007424 (0x40d28bb3) sub     s7, t0, a3
core   0: 3 0x80007424 (0x40d28bb3) x23 0x27ba8140
core   0: 0x80007428 (0x01682133) slt     sp, a6, s6
core   0: 3 0x80007428 (0x01682133) x 2 0x00000001
core   0: 0x8000742c (0x03d76133) rem     sp, a4, t4
core   0: 3 0x8000742c (0x03d76133) x 2 0x80014e64
core   0: 0x80007430 (0x7ea6b113) sltiu   sp, a3, 2026
core   0: 3 0x80007430 (0x7ea6b113) x 2 0x00000001
core   0: 0x80007434 (0x01596d93) ori     s11, s2, 21
core   0: 3 0x80007434 (0x01596d93) x27 0x00000095
core   0: 0x80007438 (0x034a0f33) mul     t5, s4, s4
core   0: 3 0x80007438 (0x034a0f33) x30 0xe4000000
core   0: 0x8000743c (0x02325433) divu    s0, tp, gp
core   0: 3 0x8000743c (0x02325433) x 8 0x00000000
core   0: 0x80007440 (0x810f6513) ori     a0, t5, -2032
core   0: 3 0x80007440 (0x810f6513) x10 0xfffff810
core   0: 0x80007444 (0x11e72413) slti    s0, a4, 286
core   0: 3 0x80007444 (0x11e72413) x 8 0x00000001
core   0: 0x80007448 (0x033e7133) remu    sp, t3, s3
core   0: 3 0x80007448 (0x033e7133) x 2 0x308bcd10
core   0: 0x8000744c (0xcb997593) andi    a1, s2, -839
core   0: 3 0x8000744c (0xcb997593) x11 0x00000090
core   0: 0x80007450 (0x40310833) sub     a6, sp, gp
core   0: 3 0x80007450 (0x40310833) x16 0x2d4a3354
core   0: 0x80007454 (0x415bd693) srai    a3, s7, 21
core   0: 3 0x80007454 (0x415bd693) x13 0x0000013d
core   0: 0x80007458 (0x40f85eb3) sra     t4, a6, a5
core   0: 3 0x80007458 (0x40f85eb3) x29 0x2d4a3354
core   0: 0x8000745c (0x40728533) sub     a0, t0, t2
core   0: 3 0x8000745c (0x40728533) x10 0xd8464a21
core   0: 0x80007460 (0x1f93b113) sltiu   sp, t2, 505
core   0: 3 0x80007460 (0x1f93b113) x 2 0x00000000
core   0: 0x80007464 (0xb34e4f13) xori    t5, t3, -1228
core   0: 3 0x80007464 (0xb34e4f13) x30 0x7ffffb34
core   0: 0x80007468 (0x01e1e633) or      a2, gp, t5
core   0: 3 0x80007468 (0x01e1e633) x12 0x7ffffbbc
core   0: 0x8000746c (0x0069dfb3) srl     t6, s3, t1
core   0: 3 0x8000746c (0x0069dfb3) x31 0x4f7432f0
core   0: 0x80007470 (0xe4f1a793) slti    a5, gp, -433
core   0: 3 0x80007470 (0xe4f1a793) x15 0x00000000
core   0: 0x80007474 (0x1a60c297) auipc   t0, 0x1a60c
core   0: 3 0x80007474 (0x1a60c297) x 5 0x9a613474
core   0: 0x80007478 (0xadb101b7) lui     gp, 0xadb10
core   0: 3 0x80007478 (0xadb101b7) x 3 0xadb10000
core   0: 0x8000747c (0xaa3fea93) ori     s5, t6, -1373
core   0: 3 0x8000747c (0xaa3fea93) x21 0xfffffaf3
core   0: 0x80007480 (0x79f83917) auipc   s2, 0x79f83
core   0: 3 0x80007480 (0x79f83917) x18 0xf9f8a480
core   0: 0x80007484 (0x0075b4b3) sltu    s1, a1, t2
core   0: 3 0x80007484 (0x0075b4b3) x 9 0x00000001
core   0: 0x80007488 (0x01a0f8b3) and     a7, ra, s10
core   0: 3 0x80007488 (0x01a0f8b3) x17 0x00000000
core   0: 0x8000748c (0x00600eb3) add     t4, zero, t1
core   0: 3 0x8000748c (0x00600eb3) x29 0x00000000
core   0: 0x80007490 (0x02751333) mulh    t1, a0, t2
core   0: 3 0x80007490 (0x02751333) x 6 0xf3aba82c
core   0: 0x80007494 (0x00075c33) srl     s8, a4, zero
core   0: 3 0x80007494 (0x00075c33) x24 0x80014e64
core   0: 0x80007498 (0x3179f413) andi    s0, s3, 791
core   0: 3 0x80007498 (0x3179f413) x 8 0x00000210
core   0: 0x8000749c (0x01c01b33) sll     s6, zero, t3
core   0: 3 0x8000749c (0x01c01b33) x22 0x00000000
core   0: 0x800074a0 (0x02b7f0b3) remu    ra, a5, a1
core   0: 3 0x800074a0 (0x02b7f0b3) x 1 0x00000000
core   0: 0x800074a4 (0x003e2a33) slt     s4, t3, gp
core   0: 3 0x800074a4 (0x003e2a33) x20 0x00000001
core   0: 0x800074a8 (0x03bdf1b3) remu    gp, s11, s11
core   0: 3 0x800074a8 (0x03bdf1b3) x 3 0x00000000
core   0: 0x800074ac (0x03d4e2b3) rem     t0, s1, t4
core   0: 3 0x800074ac (0x03d4e2b3) x 5 0x00000001
core   0: 0x800074b0 (0x02e14a33) div     s4, sp, a4
core   0: 3 0x800074b0 (0x02e14a33) x20 0x00000000
core   0: 0x800074b4 (0x00e96f33) or      t5, s2, a4
core   0: 3 0x800074b4 (0x00e96f33) x30 0xf9f9eee4
core   0: 0x800074b8 (0x01124fb3) xor     t6, tp, a7
core   0: 3 0x800074b8 (0x01124fb3) x31 0x00425328
core   0: 0x800074bc (0x603f3b13) sltiu   s6, t5, 1539
core   0: 3 0x800074bc (0x603f3b13) x22 0x00000000
core   0: 0x800074c0 (0xfbfe7913) andi    s2, t3, -65
core   0: 3 0x800074c0 (0xfbfe7913) x18 0x80000000
core   0: 0x800074c4 (0x01be7db3) and     s11, t3, s11
core   0: 3 0x800074c4 (0x01be7db3) x27 0x00000000
core   0: 0x800074c8 (0x806e6e93) ori     t4, t3, -2042
core   0: 3 0x800074c8 (0x806e6e93) x29 0xfffff806
core   0: 0x800074cc (0x00000013) nop
core   0: 3 0x800074cc (0x00000013)
core   0: 0x800074d0 (0x0277b5b3) mulhu   a1, a5, t2
core   0: 3 0x800074d0 (0x0277b5b3) x11 0x00000000
core   0: 0x800074d4 (0x409909b3) sub     s3, s2, s1
core   0: 3 0x800074d4 (0x409909b3) x19 0x7fffffff
core   0: 0x800074d8 (0x0317a7b3) mulhsu  a5, a5, a7
core   0: 3 0x800074d8 (0x0317a7b3) x15 0x00000000
core   0: 0x800074dc (0x035dfdb3) remu    s11, s11, s5
core   0: 3 0x800074dc (0x035dfdb3) x27 0x00000000
core   0: 0x800074e0 (0x00000013) nop
core   0: 3 0x800074e0 (0x00000013)
core   0: 0x800074e4 (0x41e2d4b3) sra     s1, t0, t5
core   0: 3 0x800074e4 (0x41e2d4b3) x 9 0x00000000
core   0: 0x800074e8 (0x01231b13) slli    s6, t1, 18
core   0: 3 0x800074e8 (0x01231b13) x22 0xa0b00000
core   0: 0x800074ec (0x039eec33) rem     s8, t4, s9
core   0: 3 0x800074ec (0x039eec33) x24 0xfffff806
core   0: 0x800074f0 (0x00ba73b3) and     t2, s4, a1
core   0: 3 0x800074f0 (0x00ba73b3) x 7 0x00000000
core   0: 0x800074f4 (0xedac4e93) xori    t4, s8, -294
core   0: 3 0x800074f4 (0xedac4e93) x29 0x000006dc
core   0: 0x800074f8 (0x01009533) sll     a0, ra, a6
core   0: 3 0x800074f8 (0x01009533) x10 0x00000000
core   0: 0x800074fc (0x03576c33) rem     s8, a4, s5
core   0: 3 0x800074fc (0x03576c33) x24 0xfffffe3b
core   0: 0x80007500 (0x41a10d33) sub     s10, sp, s10
core   0: 3 0x80007500 (0x41a10d33) x26 0xffffffff
core   0: 0x80007504 (0x02f73c33) mulhu   s8, a4, a5
core   0: 3 0x80007504 (0x02f73c33) x24 0x00000000
core   0: 0x80007508 (0x03767693) andi    a3, a2, 55
core   0: 3 0x80007508 (0x03767693) x13 0x00000034
core   0: 0x8000750c (0x12293493) sltiu   s1, s2, 290
core   0: 3 0x8000750c (0x12293493) x 9 0x00000000
core   0: 0x80007510 (0x001bf833) and     a6, s7, ra
core   0: 3 0x80007510 (0x001bf833) x16 0x00000000
core   0: 0x80007514 (0x93ff2ab7) lui     s5, 0x93ff2
core   0: 3 0x80007514 (0x93ff2ab7) x21 0x93ff2000
core   0: 0x80007518 (0x845e6a13) ori     s4, t3, -1979
core   0: 3 0x80007518 (0x845e6a13) x20 0xfffff845
core   0: 0x8000751c (0x016ff833) and     a6, t6, s6
core   0: 3 0x8000751c (0x016ff833) x16 0x00000000
core   0: 0x80007520 (0x05770e93) addi    t4, a4, 87
core   0: 3 0x80007520 (0x05770e93) x29 0x80014ebb
core   0: 0x80007524 (0x03387033) remu    zero, a6, s3
core   0: 3 0x80007524 (0x03387033)
core   0: 0x80007528 (0x021007b3) mul     a5, zero, ra
core   0: 3 0x80007528 (0x021007b3) x15 0x00000000
core   0: 0x8000752c (0x416ed333) sra     t1, t4, s6
core   0: 3 0x8000752c (0x416ed333) x 6 0x80014ebb
core   0: 0x80007530 (0xb11e8913) addi    s2, t4, -1263
core   0: 3 0x80007530 (0xb11e8913) x18 0x800149cc
core   0: 0x80007534 (0x03ba6fb3) rem     t6, s4, s11
core   0: 3 0x80007534 (0x03ba6fb3) x31 0xfffff845
core   0: 0x80007538 (0x0370b533) mulhu   a0, ra, s7
core   0: 3 0x80007538 (0x0370b533) x10 0x00000000
core   0: 0x8000753c (0x02e34933) div     s2, t1, a4
core   0: 3 0x8000753c (0x02e34933) x18 0x00000000
core   0: 0x80007540 (0x00966fb3) or      t6, a2, s1
core   0: 3 0x80007540 (0x00966fb3) x31 0x7ffffbbc
core   0: 0x80007544 (0xf1778f93) addi    t6, a5, -233
core   0: 3 0x80007544 (0xf1778f93) x31 0xffffff17
core   0: 0x80007548 (0xd6692c13) slti    s8, s2, -666
core   0: 3 0x80007548 (0xd6692c13) x24 0x00000000
core   0: 0x8000754c (0x411b8db3) sub     s11, s7, a7
core   0: 3 0x8000754c (0x411b8db3) x27 0x27ba8140
core   0: 0x80007550 (0x01c20533) add     a0, tp, t3
core   0: 3 0x80007550 (0x01c20533) x10 0x80425328
core   0: 0x80007554 (0xf34d8d13) addi    s10, s11, -204
core   0: 3 0x80007554 (0xf34d8d13) x26 0x27ba8074
core   0: 0x80007558 (0x00de7ab3) and     s5, t3, a3
core   0: 3 0x80007558 (0x00de7ab3) x21 0x00000000
core   0: 0x8000755c (0x401ed113) srai    sp, t4, 1
core   0: 3 0x8000755c (0x401ed113) x 2 0xc000a75d
core   0: 0x80007560 (0x6c1afa93) andi    s5, s5, 1729
core   0: 3 0x80007560 (0x6c1afa93) x21 0x00000000
core   0: 0x80007564 (0x41c7d593) srai    a1, a5, 28
core   0: 3 0x80007564 (0x41c7d593) x11 0x00000000
core   0: 0x80007568 (0x79aa3c13) sltiu   s8, s4, 1946
core   0: 3 0x80007568 (0x79aa3c13) x24 0x00000000
core   0: 0x8000756c (0x0028e2b3) or      t0, a7, sp
core   0: 3 0x8000756c (0x0028e2b3) x 5 0xc000a75d
core   0: 0x80007570 (0x01f6e1b3) or      gp, a3, t6
core   0: 3 0x80007570 (0x01f6e1b3) x 3 0xffffff37
core   0: 0x80007574 (0x0073b633) sltu    a2, t2, t2
core   0: 3 0x80007574 (0x0073b633) x12 0x00000000
core   0: 0x80007578 (0x01dd5693) srli    a3, s10, 29
core   0: 3 0x80007578 (0x01dd5693) x13 0x00000001
core   0: 0x8000757c (0x533e2497) auipc   s1, 0x533e2
core   0: 3 0x8000757c (0x533e2497) x 9 0xd33e957c
core   0: 0x80007580 (0x03bef2b3) remu    t0, t4, s11
core   0: 3 0x80007580 (0x03bef2b3) x 5 0x08d1cafb
core   0: 0x80007584 (0x01da50b3) srl     ra, s4, t4
core   0: 3 0x80007584 (0x01da50b3) x 1 0x0000001f
core   0: 0x80007588 (0x4f04ec13) ori     s8, s1, 1264
core   0: 3 0x80007588 (0x4f04ec13) x24 0xd33e95fc
core   0: 0x8000758c (0x41f70ab3) sub     s5, a4, t6
core   0: 3 0x8000758c (0x41f70ab3) x21 0x80014f4d
core   0: 0x80007590 (0x02940bb3) mul     s7, s0, s1
core   0: 3 0x80007590 (0x02940bb3) x23 0xb1144fc0
core   0: 0x80007594 (0x416e0a33) sub     s4, t3, s6
core   0: 3 0x80007594 (0x416e0a33) x20 0xdf500000
core   0: 0x80007598 (0x00a6e7b3) or      a5, a3, a0
core   0: 3 0x80007598 (0x00a6e7b3) x15 0x80425329
core   0: 0x8000759c (0x40255093) srai    ra, a0, 2
core   0: 3 0x8000759c (0x40255093) x 1 0xe01094ca
core   0: 0x800075a0 (0x03431833) mulh    a6, t1, s4
core   0: 3 0x800075a0 (0x03431833) x16 0x1057d542
core   0: 0x800075a4 (0x01dfb0b3) sltu    ra, t6, t4
core   0: 3 0x800075a4 (0x01dfb0b3) x 1 0x00000000
core   0: 0x800075a8 (0xb567c693) xori    a3, a5, -1194
core   0: 3 0x800075a8 (0xb567c693) x13 0x7fbda87f
core   0: 0x800075ac (0x417c51b3) sra     gp, s8, s7
core   0: 3 0x800075ac (0x417c51b3) x 3 0xd33e95fc
core   0: 0x800075b0 (0x5a4038b7) lui     a7, 0x5a403
core   0: 3 0x800075b0 (0x5a4038b7) x17 0x5a403000
core   0: 0x800075b4 (0x4148d4b3) sra     s1, a7, s4
core   0: 3 0x800075b4 (0x4148d4b3) x 9 0x5a403000
core   0: 0x800075b8 (0x7b451117) auipc   sp, 0x7b451
core   0: 3 0x800075b8 (0x7b451117) x 2 0xfb4585b8
core   0: 0x800075bc (0x00c0d593) srli    a1, ra, 12
core   0: 3 0x800075bc (0x00c0d593) x11 0x00000000
core   0: 0x800075c0 (0xbd391437) lui     s0, 0xbd391
core   0: 3 0x800075c0 (0xbd391437) x 8 0xbd391000
core   0: 0x800075c4 (0x00a1a7b3) slt     a5, gp, a0
core   0: 3 0x800075c4 (0x00a1a7b3) x15 0x00000000
core   0: 0x800075c8 (0x00ca8033) add     zero, s5, a2
core   0: 3 0x800075c8 (0x00ca8033)
core   0: 0x800075cc (0x6ac47613) andi    a2, s0, 1708
core   0: 3 0x800075cc (0x6ac47613) x12 0x00000000
core   0: 0x800075d0 (0x01518f33) add     t5, gp, s5
core   0: 3 0x800075d0 (0x01518f33) x30 0x533fe549
core   0: 0x800075d4 (0x5cbdbe93) sltiu   t4, s11, 1483
core   0: 3 0x800075d4 (0x5cbdbe93) x29 0x00000000
core   0: 0x800075d8 (0x4fd1f493) andi    s1, gp, 1277
core   0: 3 0x800075d8 (0x4fd1f493) x 9 0x000004fc
core   0: 0x800075dc (0x666ef093) andi    ra, t4, 1638
core   0: 3 0x800075dc (0x666ef093) x 1 0x00000000
core   0: 0x800075e0 (0x008300b3) add     ra, t1, s0
core   0: 3 0x800075e0 (0x008300b3) x 1 0x3d3a5ebb
core   0: 0x800075e4 (0x0050bc33) sltu    s8, ra, t0
core   0: 3 0x800075e4 (0x0050bc33) x24 0x00000000
core   0: 0x800075e8 (0x021e3033) mulhu   zero, t3, ra
core   0: 3 0x800075e8 (0x021e3033)
core   0: 0x800075ec (0x019dfa33) and     s4, s11, s9
core   0: 3 0x800075ec (0x019dfa33) x20 0x00008040
core   0: 0x800075f0 (0x0161f2b3) and     t0, gp, s6
core   0: 3 0x800075f0 (0x0161f2b3) x 5 0x80300000
core   0: 0x800075f4 (0x9f08a893) slti    a7, a7, -1552
core   0: 3 0x800075f4 (0x9f08a893) x17 0x00000000
core   0: 0x800075f8 (0x036d2b33) mulhsu  s6, s10, s6
core   0: 3 0x800075f8 (0x036d2b33) x22 0x18efe080
core   0: 0x800075fc (0x16783a93) sltiu   s5, a6, 359
core   0: 3 0x800075fc (0x16783a93) x21 0x00000000
core   0: 0x80007600 (0x028a6133) rem     sp, s4, s0
core   0: 3 0x80007600 (0x028a6133) x 2 0x00008040
core   0: 0x80007604 (0x56b22693) slti    a3, tp, 1387
core   0: 3 0x80007604 (0x56b22693) x13 0x00000000
core   0: 0x80007608 (0x986c6a13) ori     s4, s8, -1658
core   0: 3 0x80007608 (0x986c6a13) x20 0xfffff986
core   0: 0x8000760c (0x4063d333) sra     t1, t2, t1
core   0: 3 0x8000760c (0x4063d333) x 6 0x00000000
core   0: 0x80007610 (0x809e3313) sltiu   t1, t3, -2039
core   0: 3 0x80007610 (0x809e3313) x 6 0x00000001
core   0: 0x80007614 (0x0296abb3) mulhsu  s7, a3, s1
core   0: 3 0x80007614 (0x0296abb3) x23 0x00000000
core   0: 0x80007618 (0x032a2fb3) mulhsu  t6, s4, s2
core   0: 3 0x80007618 (0x032a2fb3) x31 0x00000000
core   0: 0x8000761c (0x01a920b3) slt     ra, s2, s10
core   0: 3 0x8000761c (0x01a920b3) x 1 0x00000001
core   0: 0x80007620 (0x009fc433) xor     s0, t6, s1
core   0: 3 0x80007620 (0x009fc433) x 8 0x000004fc
core   0: 0x80007624 (0x00d75b93) srli    s7, a4, 13
core   0: 3 0x80007624 (0x00d75b93) x23 0x0004000a
core   0: 0x80007628 (0x025c5233) divu    tp, s8, t0
core   0: 3 0x80007628 (0x025c5233) x 4 0x00000000
core   0: 0x8000762c (0xe24f8013) addi    zero, t6, -476
core   0: 3 0x8000762c (0xe24f8013)
core   0: 0x80007630 (0xd6b7b013) sltiu   zero, a5, -661
core   0: 3 0x80007630 (0xd6b7b013)
core   0: 0x80007634 (0x00000013) nop
core   0: 3 0x80007634 (0x00000013)
core   0: 0x80007638 (0x039c78b3) remu    a7, s8, s9
core   0: 3 0x80007638 (0x039c78b3) x17 0x00000000
core   0: 0x8000763c (0x00425d13) srli    s10, tp, 4
core   0: 3 0x8000763c (0x00425d13) x26 0x00000000
core   0: 0x80007640 (0x009c24b3) slt     s1, s8, s1
core   0: 3 0x80007640 (0x009c24b3) x 9 0x00000001
core   0: 0x80007644 (0x0389f333) remu    t1, s3, s8
core   0: 3 0x80007644 (0x0389f333) x 6 0x7fffffff
core   0: 0x80007648 (0x03fca8b3) mulhsu  a7, s9, t6
core   0: 3 0x80007648 (0x03fca8b3) x17 0x00000000
core   0: 0x8000764c (0x010f9693) slli    a3, t6, 16
core   0: 3 0x8000764c (0x010f9693) x13 0x00000000
core   0: 0x80007650 (0x00d1a7b3) slt     a5, gp, a3
core   0: 3 0x80007650 (0x00d1a7b3) x15 0x00000001
core   0: 0x80007654 (0x083c6a93) ori     s5, s8, 131
core   0: 3 0x80007654 (0x083c6a93) x21 0x00000083
core   0: 0x80007658 (0x4020d4b3) sra     s1, ra, sp
core   0: 3 0x80007658 (0x4020d4b3) x 9 0x00000001
core   0: 0x8000765c (0x019e8db3) add     s11, t4, s9
core   0: 3 0x8000765c (0x019e8db3) x27 0x80018ce4
core   0: 0x80007660 (0x02b4dc33) divu    s8, s1, a1
core   0: 3 0x80007660 (0x02b4dc33) x24 0xffffffff
core   0: 0x80007664 (0x01f51313) slli    t1, a0, 31
core   0: 3 0x80007664 (0x01f51313) x 6 0x00000000
core   0: 0x80007668 (0x2dc94193) xori    gp, s2, 732
core   0: 3 0x80007668 (0x2dc94193) x 3 0x000002dc
core   0: 0x8000766c (0x025994b3) mulh    s1, s3, t0
core   0: 3 0x8000766c (0x025994b3) x 9 0xc0180000
core   0: 0x80007670 (0x038a2133) mulhsu  sp, s4, s8
core   0: 3 0x80007670 (0x038a2133) x 2 0xfffff986
core   0: 0x80007674 (0x00dba433) slt     s0, s7, a3
core   0: 3 0x80007674 (0x00dba433) x 8 0x00000000
core   0: 0x80007678 (0x01c5c133) xor     sp, a1, t3
core   0: 3 0x80007678 (0x01c5c133) x 2 0x80000000
core   0: 0x8000767c (0xaaab3993) sltiu   s3, s6, -1366
core   0: 3 0x8000767c (0xaaab3993) x19 0x00000001
core   0: 0x80007680 (0x42458a13) addi    s4, a1, 1060
core   0: 3 0x80007680 (0x42458a13) x20 0x00000424
core   0: 0x80007684 (0xbc6c2593) slti    a1, s8, -1082
core   0: 3 0x80007684 (0xbc6c2593) x11 0x00000000
core   0: 0x80007688 (0x40afdeb3) sra     t4, t6, a0
core   0: 3 0x80007688 (0x40afdeb3) x29 0x00000000
core   0: 0x8000768c (0x00ce95b3) sll     a1, t4, a2
core   0: 3 0x8000768c (0x00ce95b3) x11 0x00000000
core   0: 0x80007690 (0x006b9413) slli    s0, s7, 6
core   0: 3 0x80007690 (0x006b9413) x 8 0x01000280
core   0: 0x80007694 (0x00f43b33) sltu    s6, s0, a5
core   0: 3 0x80007694 (0x00f43b33) x22 0x00000000
core   0: 0x80007698 (0x0043c9b3) xor     s3, t2, tp
core   0: 3 0x80007698 (0x0043c9b3) x19 0x00000000
core   0: 0x8000769c (0x4099de93) srai    t4, s3, 9
core   0: 3 0x8000769c (0x4099de93) x29 0x00000000
core   0: 0x800076a0 (0x419ddb13) srai    s6, s11, 25
core   0: 3 0x800076a0 (0x419ddb13) x22 0xffffffc0
core   0: 0x800076a4 (0x03396d33) rem     s10, s2, s3
core   0: 3 0x800076a4 (0x03396d33) x26 0x00000000
core   0: 0x800076a8 (0x004e1db3) sll     s11, t3, tp
core   0: 3 0x800076a8 (0x004e1db3) x27 0x80000000
core   0: 0x800076ac (0x0067eb33) or      s6, a5, t1
core   0: 3 0x800076ac (0x0067eb33) x22 0x00000001
core   0: 0x800076b0 (0x00000013) nop
core   0: 3 0x800076b0 (0x00000013)
core   0: 0x800076b4 (0x01de1793) slli    a5, t3, 29
core   0: 3 0x800076b4 (0x01de1793) x15 0x00000000
core   0: 0x800076b8 (0x023220b3) mulhsu  ra, tp, gp
core   0: 3 0x800076b8 (0x023220b3) x 1 0x00000000
core   0: 0x800076bc (0x0116b3b3) sltu    t2, a3, a7
core   0: 3 0x800076bc (0x0116b3b3) x 7 0x00000000
core   0: 0x800076c0 (0xb485e593) ori     a1, a1, -1208
core   0: 3 0x800076c0 (0xb485e593) x11 0xfffffb48
core   0: 0x800076c4 (0x40fb84b3) sub     s1, s7, a5
core   0: 3 0x800076c4 (0x40fb84b3) x 9 0x0004000a
core   0: 0x800076c8 (0x41d0d413) srai    s0, ra, 29
core   0: 3 0x800076c8 (0x41d0d413) x 8 0x00000000
core   0: 0x800076cc (0xea26f193) andi    gp, a3, -350
core   0: 3 0x800076cc (0xea26f193) x 3 0x00000000
core   0: 0x800076d0 (0x039477b3) remu    a5, s0, s9
core   0: 3 0x800076d0 (0x039477b3) x15 0x00000000
core   0: 0x800076d4 (0x03ea9033) mulh    zero, s5, t5
core   0: 3 0x800076d4 (0x03ea9033)
core   0: 0x800076d8 (0x07a2c393) xori    t2, t0, 122
core   0: 3 0x800076d8 (0x07a2c393) x 7 0x8030007a
core   0: 0x800076dc (0xd6c32993) slti    s3, t1, -660
core   0: 3 0x800076dc (0xd6c32993) x19 0x00000000
core   0: 0x800076e0 (0x410a5133) sra     sp, s4, a6
core   0: 3 0x800076e0 (0x410a5133) x 2 0x00000109
core   0: 0x800076e4 (0x01b21d93) slli    s11, tp, 27
core   0: 3 0x800076e4 (0x01b21d93) x27 0x00000000
core   0: 0x800076e8 (0x01041193) slli    gp, s0, 16
core   0: 3 0x800076e8 (0x01041193) x 3 0x00000000
core   0: 0x800076ec (0x40bddf93) srai    t6, s11, 11
core   0: 3 0x800076ec (0x40bddf93) x31 0x00000000
core   0: 0x800076f0 (0x028965b3) rem     a1, s2, s0
core   0: 3 0x800076f0 (0x028965b3) x11 0x00000000
core   0: 0x800076f4 (0x03d967b3) rem     a5, s2, t4
core   0: 3 0x800076f4 (0x03d967b3) x15 0x00000000
core   0: 0x800076f8 (0x033d38b3) mulhu   a7, s10, s3
core   0: 3 0x800076f8 (0x033d38b3) x17 0x00000000
core   0: 0x800076fc (0x03a1c033) div     zero, gp, s10
core   0: 3 0x800076fc (0x03a1c033)
core   0: 0x80007700 (0x03610a33) mul     s4, sp, s6
core   0: 3 0x80007700 (0x03610a33) x20 0x00000109
core   0: 0x80007704 (0x41a08133) sub     sp, ra, s10
core   0: 3 0x80007704 (0x41a08133) x 2 0x00000000
core   0: 0x80007708 (0x4a344d93) xori    s11, s0, 1187
core   0: 3 0x80007708 (0x4a344d93) x27 0x000004a3
core   0: 0x8000770c (0x3a917db7) lui     s11, 0x3a917
core   0: 3 0x8000770c (0x3a917db7) x27 0x3a917000
core   0: 0x80007710 (0x41990633) sub     a2, s2, s9
core   0: 3 0x80007710 (0x41990633) x12 0x7ffe731c
core   0: 0x80007714 (0x0207c4b3) div     s1, a5, zero
core   0: 3 0x80007714 (0x0207c4b3) x 9 0xffffffff
core   0: 0x80007718 (0x9ce62697) auipc   a3, 0x9ce62
core   0: 3 0x80007718 (0x9ce62697) x13 0x1ce69718
core   0: 0x8000771c (0x0342c9b3) div     s3, t0, s4
core   0: 3 0x8000771c (0x0342c9b3) x19 0xff84873f
core   0: 0x80007720 (0x405f0533) sub     a0, t5, t0
core   0: 3 0x80007720 (0x405f0533) x10 0xd30fe549
core   0: 0x80007724 (0x0048b633) sltu    a2, a7, tp
core   0: 3 0x80007724 (0x0048b633) x12 0x00000000
core   0: 0x80007728 (0x41cf5a13) srai    s4, t5, 28
core   0: 3 0x80007728 (0x41cf5a13) x20 0x00000005
core   0: 0x8000772c (0x01352f33) slt     t5, a0, s3
core   0: 3 0x8000772c (0x01352f33) x30 0x00000001
core   0: 0x80007730 (0x01069d93) slli    s11, a3, 16
core   0: 3 0x80007730 (0x01069d93) x27 0x97180000
core   0: 0x80007734 (0x038af3b3) remu    t2, s5, s8
core   0: 3 0x80007734 (0x038af3b3) x 7 0x00000083
core   0: 0x80007738 (0x03a92a33) mulhsu  s4, s2, s10
core   0: 3 0x80007738 (0x03a92a33) x20 0x00000000
core   0: 0x8000773c (0x03daa633) mulhsu  a2, s5, t4
core   0: 3 0x8000773c (0x03daa633) x12 0x00000000
core   0: 0x80007740 (0x00836db3) or      s11, t1, s0
core   0: 3 0x80007740 (0x00836db3) x27 0x00000000
core   0: 0x80007744 (0x019adc13) srli    s8, s5, 25
core   0: 3 0x80007744 (0x019adc13) x24 0x00000000
core   0: 0x80007748 (0x5eb993b7) lui     t2, 0x5eb99
core   0: 3 0x80007748 (0x5eb993b7) x 7 0x5eb99000
core   0: 0x8000774c (0x00706133) or      sp, zero, t2
core   0: 3 0x8000774c (0x00706133) x 2 0x5eb99000
core   0: 0x80007750 (0xceefcb93) xori    s7, t6, -786
core   0: 3 0x80007750 (0xceefcb93) x23 0xfffffcee
core   0: 0x80007754 (0x6b8bd217) auipc   tp, 0x6b8bd
core   0: 3 0x80007754 (0x6b8bd217) x 4 0xeb8c4754
core   0: 0x80007758 (0x41920233) sub     tp, tp, s9
core   0: 3 0x80007758 (0x41920233) x 4 0x6b8aba70
core   0: 0x8000775c (0x000fb333) sltu    t1, t6, zero
core   0: 3 0x8000775c (0x000fb333) x 6 0x00000000
core   0: 0x80007760 (0x39d22413) slti    s0, tp, 925
core   0: 3 0x80007760 (0x39d22413) x 8 0x00000000
core   0: 0x80007764 (0x00a88933) add     s2, a7, a0
core   0: 3 0x80007764 (0x00a88933) x18 0xd30fe549
core   0: 0x80007768 (0x009ba0b3) slt     ra, s7, s1
core   0: 3 0x80007768 (0x009ba0b3) x 1 0x00000001
core   0: 0x8000776c (0x005e9a93) slli    s5, t4, 5
core   0: 3 0x8000776c (0x005e9a93) x21 0x00000000
core   0: 0x80007770 (0x025161b3) rem     gp, sp, t0
core   0: 3 0x80007770 (0x025161b3) x 3 0x5eb99000
core   0: 0x80007774 (0x41e25533) sra     a0, tp, t5
core   0: 3 0x80007774 (0x41e25533) x10 0x35c55d38
core   0: 0x80007778 (0x4038dbb3) sra     s7, a7, gp
core   0: 3 0x80007778 (0x4038dbb3) x23 0x00000000
core   0: 0x8000777c (0x413cd993) srai    s3, s9, 19
core   0: 3 0x8000777c (0x413cd993) x19 0xfffff000
core   0: 0x80007780 (0x03af15b3) mulh    a1, t5, s10
core   0: 3 0x80007780 (0x03af15b3) x11 0x00000000
core   0: 0x80007784 (0x2427cf93) xori    t6, a5, 578
core   0: 3 0x80007784 (0x2427cf93) x31 0x00000242
core   0: 0x80007788 (0x8fa7a2b7) lui     t0, 0x8fa7a
core   0: 3 0x80007788 (0x8fa7a2b7) x 5 0x8fa7a000
core   0: 0x8000778c (0x02de6bb3) rem     s7, t3, a3
core   0: 3 0x8000778c (0x02de6bb3) x23 0xf39a5c60
core   0: 0x80007790 (0x00000013) nop
core   0: 3 0x80007790 (0x00000013)
core   0: 0x80007794 (0xaec68993) addi    s3, a3, -1300
core   0: 3 0x80007794 (0xaec68993) x19 0x1ce69204
core   0: 0x80007798 (0x00d3b033) sltu    zero, t2, a3
core   0: 3 0x80007798 (0x00d3b033)
core   0: 0x8000779c (0x004b2033) slt     zero, s6, tp
core   0: 3 0x8000779c (0x004b2033)
core   0: 0x800077a0 (0x5d687f93) andi    t6, a6, 1494
core   0: 3 0x800077a0 (0x5d687f93) x31 0x00000542
core   0: 0x800077a4 (0x4039df13) srai    t5, s3, 3
core   0: 3 0x800077a4 (0x4039df13) x30 0x039cd240
core   0: 0x800077a8 (0x00211513) slli    a0, sp, 2
core   0: 3 0x800077a8 (0x00211513) x10 0x7ae64000
core   0: 0x800077ac (0x034ab933) mulhu   s2, s5, s4
core   0: 3 0x800077ac (0x034ab933) x18 0x00000000
core   0: 0x800077b0 (0x031c5ab3) divu    s5, s8, a7
core   0: 3 0x800077b0 (0x031c5ab3) x21 0xffffffff
core   0: 0x800077b4 (0x01084633) xor     a2, a6, a6
core   0: 3 0x800077b4 (0x01084633) x12 0x00000000
core   0: 0x800077b8 (0x035a97b3) mulh    a5, s5, s5
core   0: 3 0x800077b8 (0x035a97b3) x15 0x00000000
core   0: 0x800077bc (0x0166b933) sltu    s2, a3, s6
core   0: 3 0x800077bc (0x0166b933) x18 0x00000000
core   0: 0x800077c0 (0xda558a13) addi    s4, a1, -603
core   0: 3 0x800077c0 (0xda558a13) x20 0xfffffda5
core   0: 0x800077c4 (0x00222c33) slt     s8, tp, sp
core   0: 3 0x800077c4 (0x00222c33) x24 0x00000000
core   0: 0x800077c8 (0x41c45833) sra     a6, s0, t3
core   0: 3 0x800077c8 (0x41c45833) x16 0x00000000
core   0: 0x800077cc (0x07818893) addi    a7, gp, 120
core   0: 3 0x800077cc (0x07818893) x17 0x5eb99078
core   0: 0x800077d0 (0x404601b3) sub     gp, a2, tp
core   0: 3 0x800077d0 (0x404601b3) x 3 0x94754590
core   0: 0x800077d4 (0x03776b33) rem     s6, a4, s7
core   0: 3 0x800077d4 (0x03776b33) x22 0xfbf9b2a4
core   0: 0x800077d8 (0x01b66333) or      t1, a2, s11
core   0: 3 0x800077d8 (0x01b66333) x 6 0x00000000
core   0: 0x800077dc (0x9feb7313) andi    t1, s6, -1538
core   0: 3 0x800077dc (0x9feb7313) x 6 0xfbf9b0a4
core   0: 0x800077e0 (0x097cfd93) andi    s11, s9, 151
core   0: 3 0x800077e0 (0x097cfd93) x27 0x00000084
core   0: 0x800077e4 (0x01f82db3) slt     s11, a6, t6
core   0: 3 0x800077e4 (0x01f82db3) x27 0x00000001
core   0: 0x800077e8 (0x596efd13) andi    s10, t4, 1430
core   0: 3 0x800077e8 (0x596efd13) x26 0x00000000
core   0: 0x800077ec (0x412ad533) sra     a0, s5, s2
core   0: 3 0x800077ec (0x412ad533) x10 0xffffffff
core   0: 0x800077f0 (0x42098b93) addi    s7, s3, 1056
core   0: 3 0x800077f0 (0x42098b93) x23 0x1ce69624
core   0: 0x800077f4 (0x01306333) or      t1, zero, s3
core   0: 3 0x800077f4 (0x01306333) x 6 0x1ce69204
core   0: 0x800077f8 (0x02a906b3) mul     a3, s2, a0
core   0: 3 0x800077f8 (0x02a906b3) x13 0x00000000
core   0: 0x800077fc (0x01616a33) or      s4, sp, s6
core   0: 3 0x800077fc (0x01616a33) x20 0xfff9b2a4
core   0: 0x80007800 (0x03a4a433) mulhsu  s0, s1, s10
core   0: 3 0x80007800 (0x03a4a433) x 8 0x00000000
core   0: 0x80007804 (0x01b38933) add     s2, t2, s11
core   0: 3 0x80007804 (0x01b38933) x18 0x5eb99001
core   0: 0x80007808 (0x01351d13) slli    s10, a0, 19
core   0: 3 0x80007808 (0x01351d13) x26 0xfff80000
core   0: 0x8000780c (0x00d562b3) or      t0, a0, a3
core   0: 3 0x8000780c (0x00d562b3) x 5 0xffffffff
core   0: 0x80007810 (0x03556a33) rem     s4, a0, s5
core   0: 3 0x80007810 (0x03556a33) x20 0x00000000
core   0: 0x80007814 (0x02d96333) rem     t1, s2, a3
core   0: 3 0x80007814 (0x02d96333) x 6 0x5eb99001
core   0: 0x80007818 (0x098dec13) ori     s8, s11, 152
core   0: 3 0x80007818 (0x098dec13) x24 0x00000099
core   0: 0x8000781c (0x002d8333) add     t1, s11, sp
core   0: 3 0x8000781c (0x002d8333) x 6 0x5eb99001
core   0: 0x80007820 (0x03eeea33) rem     s4, t4, t5
core   0: 3 0x80007820 (0x03eeea33) x20 0x00000000
core   0: 0x80007824 (0x039323b3) mulhsu  t2, t1, s9
core   0: 3 0x80007824 (0x039323b3) x 7 0x2f5d5adb
core   0: 0x80007828 (0x40f786b3) sub     a3, a5, a5
core   0: 3 0x80007828 (0x40f786b3) x13 0x00000000
core   0: 0x8000782c (0x007f5e93) srli    t4, t5, 7
core   0: 3 0x8000782c (0x007f5e93) x29 0x000739a4
core   0: 0x80007830 (0x410f0033) sub     zero, t5, a6
core   0: 3 0x80007830 (0x410f0033)
core   0: 0x80007834 (0x4591f593) andi    a1, gp, 1113
core   0: 3 0x80007834 (0x4591f593) x11 0x00000410
core   0: 0x80007838 (0xd49b8093) addi    ra, s7, -695
core   0: 3 0x80007838 (0xd49b8093) x 1 0x1ce6936d
core   0: 0x8000783c (0x00efd693) srli    a3, t6, 14
core   0: 3 0x8000783c (0x00efd693) x13 0x00000000
core   0: 0x80007840 (0x0195c933) xor     s2, a1, s9
core   0: 3 0x80007840 (0x0195c933) x18 0x800188f4
core   0: 0x80007844 (0xed348e93) addi    t4, s1, -301
core   0: 3 0x80007844 (0xed348e93) x29 0xfffffed2
core   0: 0x80007848 (0x03e0e7b3) rem     a5, ra, t5
core   0: 3 0x80007848 (0x03e0e7b3) x15 0x0000016d
core   0: 0x8000784c (0x023ca8b3) mulhsu  a7, s9, gp
core   0: 3 0x8000784c (0x023ca8b3) x17 0xb5c64361
core   0: 0x80007850 (0xc9ed6b13) ori     s6, s10, -866
core   0: 3 0x80007850 (0xc9ed6b13) x22 0xfffffc9e
core   0: 0x80007854 (0x032e8ab3) mul     s5, t4, s2
core   0: 3 0x80007854 (0x032e8ab3) x21 0xfe307028
core   0: 0x80007858 (0xf3090a93) addi    s5, s2, -208
core   0: 3 0x80007858 (0xf3090a93) x21 0x80018824
core   0: 0x8000785c (0x981f6a13) ori     s4, t5, -1663
core   0: 3 0x8000785c (0x981f6a13) x20 0xfffffbc1
core   0: 0x80007860 (0x9143bc13) sltiu   s8, t2, -1772
core   0: 3 0x80007860 (0x9143bc13) x24 0x00000001
core   0: 0x80007864 (0x030a2033) mulhsu  zero, s4, a6
core   0: 3 0x80007864 (0x030a2033)
core   0: 0x80007868 (0x41ca8ab3) sub     s5, s5, t3
core   0: 3 0x80007868 (0x41ca8ab3) x21 0x00018824
core   0: 0x8000786c (0xceb18f13) addi    t5, gp, -789
core   0: 3 0x8000786c (0xceb18f13) x30 0x9475427b
core   0: 0x80007870 (0x00196f33) or      t5, s2, ra
core   0: 3 0x80007870 (0x00196f33) x30 0x9ce79bfd
core   0: 0x80007874 (0x03d2a933) mulhsu  s2, t0, t4
core   0: 3 0x80007874 (0x03d2a933) x18 0xffffffff
core   0: 0x80007878 (0x00d16db3) or      s11, sp, a3
core   0: 3 0x80007878 (0x00d16db3) x27 0x5eb99000
core   0: 0x8000787c (0x1b413513) sltiu   a0, sp, 436
core   0: 3 0x8000787c (0x1b413513) x10 0x00000000
core   0: 0x80007880 (0x46420f93) addi    t6, tp, 1124
core   0: 3 0x80007880 (0x46420f93) x31 0x6b8abed4
core   0: 0x80007884 (0x00c763b3) or      t2, a4, a2
core   0: 3 0x80007884 (0x00c763b3) x 7 0x80014e64
core   0: 0x80007888 (0x0331c133) div     sp, gp, s3
core   0: 3 0x80007888 (0x0331c133) x 2 0xfffffffd
core   0: 0x8000788c (0x02783633) mulhu   a2, a6, t2
core   0: 3 0x8000788c (0x02783633) x12 0x00000000
core   0: 0x80007890 (0x020b00b3) mul     ra, s6, zero
core   0: 3 0x80007890 (0x020b00b3) x 1 0x00000000
core   0: 0x80007894 (0x00ba81b3) add     gp, s5, a1
core   0: 3 0x80007894 (0x00ba81b3) x 3 0x00018c34
core   0: 0x80007898 (0x021ad333) divu    t1, s5, ra
core   0: 3 0x80007898 (0x021ad333) x 6 0xffffffff
core   0: 0x8000789c (0x1db7d6b7) lui     a3, 0x1db7d
core   0: 3 0x8000789c (0x1db7d6b7) x13 0x1db7d000
core   0: 0x800078a0 (0x00000013) nop
core   0: 3 0x800078a0 (0x00000013)
core   0: 0x800078a4 (0x00780f33) add     t5, a6, t2
core   0: 3 0x800078a4 (0x00780f33) x30 0x80014e64
core   0: 0x800078a8 (0xeeef19b7) lui     s3, 0xeeef1
core   0: 3 0x800078a8 (0xeeef19b7) x19 0xeeef1000
core   0: 0x800078ac (0x54193c13) sltiu   s8, s2, 1345
core   0: 3 0x800078ac (0x54193c13) x24 0x00000000
core   0: 0x800078b0 (0x00a19393) slli    t2, gp, 10
core   0: 3 0x800078b0 (0x00a19393) x 7 0x0630d000
core   0: 0x800078b4 (0xb0c8ec13) ori     s8, a7, -1268
core   0: 3 0x800078b4 (0xb0c8ec13) x24 0xfffffb6d
core   0: 0x800078b8 (0x6e89af93) slti    t6, s3, 1768
core   0: 3 0x800078b8 (0x6e89af93) x31 0x00000001
core   0: 0x800078bc (0x01841ab3) sll     s5, s0, s8
core   0: 3 0x800078bc (0x01841ab3) x21 0x00000000
core   0: 0x800078c0 (0x90584e93) xori    t4, a6, -1787
core   0: 3 0x800078c0 (0x90584e93) x29 0xfffff905
core   0: 0x800078c4 (0x02b924b3) mulhsu  s1, s2, a1
core   0: 3 0x800078c4 (0x02b924b3) x 9 0xffffffff
core   0: 0x800078c8 (0x02262033) mulhsu  zero, a2, sp
core   0: 3 0x800078c8 (0x02262033)
core   0: 0x800078cc (0x01ad1b13) slli    s6, s10, 26
core   0: 3 0x800078cc (0x01ad1b13) x22 0x00000000
core   0: 0x800078d0 (0x0171a933) slt     s2, gp, s7
core   0: 3 0x800078d0 (0x0171a933) x18 0x00000001
core   0: 0x800078d4 (0xd2ffa813) slti    a6, t6, -721
core   0: 3 0x800078d4 (0xd2ffa813) x16 0x00000000
core   0: 0x800078d8 (0x0329bf33) mulhu   t5, s3, s2
core   0: 3 0x800078d8 (0x0329bf33) x30 0x00000000
core   0: 0x800078dc (0x019aa433) slt     s0, s5, s9
core   0: 3 0x800078dc (0x019aa433) x 8 0x00000000
core   0: 0x800078e0 (0x52b3f513) andi    a0, t2, 1323
core   0: 3 0x800078e0 (0x52b3f513) x10 0x00000000
core   0: 0x800078e4 (0x412350b3) sra     ra, t1, s2
core   0: 3 0x800078e4 (0x412350b3) x 1 0xffffffff
core   0: 0x800078e8 (0x0227f2b3) remu    t0, a5, sp
core   0: 3 0x800078e8 (0x0227f2b3) x 5 0x0000016d
core   0: 0x800078ec (0x306bfe93) andi    t4, s7, 774
core   0: 3 0x800078ec (0x306bfe93) x29 0x00000204
core   0: 0x800078f0 (0x0027eab3) or      s5, a5, sp
core   0: 3 0x800078f0 (0x0027eab3) x21 0xfffffffd
core   0: 0x800078f4 (0x00dc9933) sll     s2, s9, a3
core   0: 3 0x800078f4 (0x00dc9933) x18 0x80018ce4
core   0: 0x800078f8 (0x0190d513) srli    a0, ra, 25
core   0: 3 0x800078f8 (0x0190d513) x10 0x0000007f
core   0: 0x800078fc (0x0318f3b3) remu    t2, a7, a7
core   0: 3 0x800078fc (0x0318f3b3) x 7 0x00000000
core   0: 0x80007900 (0xa7963f17) auipc   t5, 0xa7963
core   0: 3 0x80007900 (0xa7963f17) x30 0x2796a900
core   0: 0x80007904 (0x483ba813) slti    a6, s7, 1155
core   0: 3 0x80007904 (0x483ba813) x16 0x00000000
core   0: 0x80007908 (0x1179e213) ori     tp, s3, 279
core   0: 3 0x80007908 (0x1179e213) x 4 0xeeef1117
core   0: 0x8000790c (0x02acf6b3) remu    a3, s9, a0
core   0: 3 0x8000790c (0x02acf6b3) x13 0x0000000c
core   0: 0x80007910 (0x00881993) slli    s3, a6, 8
core   0: 3 0x80007910 (0x00881993) x19 0x00000000
core   0: 0x80007914 (0x03793a33) mulhu   s4, s2, s7
core   0: 3 0x80007914 (0x03793a33) x20 0x0e7377e0
core   0: 0x80007918 (0x02710633) mul     a2, sp, t2
core   0: 3 0x80007918 (0x02710633) x12 0x00000000
core   0: 0x8000791c (0x8083e693) ori     a3, t2, -2040
core   0: 3 0x8000791c (0x8083e693) x13 0xfffff808
core   0: 0x80007920 (0x01b66433) or      s0, a2, s11
core   0: 3 0x80007920 (0x01b66433) x 8 0x5eb99000
core   0: 0x80007924 (0x02438333) mul     t1, t2, tp
core   0: 3 0x80007924 (0x02438333) x 6 0x00000000
core   0: 0x80007928 (0x0229c2b3) div     t0, s3, sp
core   0: 3 0x80007928 (0x0229c2b3) x 5 0x00000000
core   0: 0x8000792c (0x01dc5db3) srl     s11, s8, t4
core   0: 3 0x8000792c (0x01dc5db3) x27 0x0fffffb6
core   0: 0x80007930 (0x02dcdfb3) divu    t6, s9, a3
core   0: 3 0x80007930 (0x02dcdfb3) x31 0x00000000
core   0: 0x80007934 (0x2894f593) andi    a1, s1, 649
core   0: 3 0x80007934 (0x2894f593) x11 0x00000289
core   0: 0x80007938 (0x41445b33) sra     s6, s0, s4
core   0: 3 0x80007938 (0x41445b33) x22 0x5eb99000
core   0: 0x8000793c (0x022775b3) remu    a1, a4, sp
core   0: 3 0x8000793c (0x022775b3) x11 0x80014e64
core   0: 0x80007940 (0x0011bab3) sltu    s5, gp, ra
core   0: 3 0x80007940 (0x0011bab3) x21 0x00000001
core   0: 0x80007944 (0x01efb4b3) sltu    s1, t6, t5
core   0: 3 0x80007944 (0x01efb4b3) x 9 0x00000001
core   0: 0x80007948 (0x0116aeb3) slt     t4, a3, a7
core   0: 3 0x80007948 (0x0116aeb3) x29 0x00000000
core   0: 0x8000794c (0x03f9e033) rem     zero, s3, t6
core   0: 3 0x8000794c (0x03f9e033)
core   0: 0x80007950 (0x01ffbc33) sltu    s8, t6, t6
core   0: 3 0x80007950 (0x01ffbc33) x24 0x00000000
core   0: 0x80007954 (0x03cb4533) div     a0, s6, t3
core   0: 3 0x80007954 (0x03cb4533) x10 0x00000000
core   0: 0x80007958 (0xdc996e93) ori     t4, s2, -567
core   0: 3 0x80007958 (0xdc996e93) x29 0xfffffded
core   0: 0x8000795c (0x3724bf13) sltiu   t5, s1, 882
core   0: 3 0x8000795c (0x3724bf13) x30 0x00000001
core   0: 0x80007960 (0xae774e93) xori    t4, a4, -1305
core   0: 3 0x80007960 (0xae774e93) x29 0x7ffeb483
core   0: 0x80007964 (0x01f6f1b3) and     gp, a3, t6
core   0: 3 0x80007964 (0x01f6f1b3) x 3 0x00000000
core   0: 0x80007968 (0xb997da97) auipc   s5, 0xb997d
core   0: 3 0x80007968 (0xb997da97) x21 0x39984968
core   0: 0x8000796c (0xe2c8ff13) andi    t5, a7, -468
core   0: 3 0x8000796c (0xe2c8ff13) x30 0xb5c64220
core   0: 0x80007970 (0x012f8133) add     sp, t6, s2
core   0: 3 0x80007970 (0x012f8133) x 2 0x80018ce4
core   0: 0x80007974 (0x00000013) nop
core   0: 3 0x80007974 (0x00000013)
core   0: 0x80007978 (0x225d2993) slti    s3, s10, 549
core   0: 3 0x80007978 (0x225d2993) x19 0x00000001
core   0: 0x8000797c (0x01363fb7) lui     t6, 0x1363
core   0: 3 0x8000797c (0x01363fb7) x31 0x01363000
core   0: 0x80007980 (0x03decf33) div     t5, t4, t4
core   0: 3 0x80007980 (0x03decf33) x30 0x00000001
core   0: 0x80007984 (0x00908533) add     a0, ra, s1
core   0: 3 0x80007984 (0x00908533) x10 0x00000000
core   0: 0x80007988 (0x032ef2b3) remu    t0, t4, s2
core   0: 3 0x80007988 (0x032ef2b3) x 5 0x7ffeb483
core   0: 0x8000798c (0x41670433) sub     s0, a4, s6
core   0: 3 0x8000798c (0x41670433) x 8 0x2147be64
core   0: 0x80007990 (0x350b6793) ori     a5, s6, 848
core   0: 3 0x80007990 (0x350b6793) x15 0x5eb99350
core   0: 0x80007994 (0xb5127c13) andi    s8, tp, -1199
core   0: 3 0x80007994 (0xb5127c13) x24 0xeeef1111
core   0: 0x80007998 (0x03f394b3) mulh    s1, t2, t6
core   0: 3 0x80007998 (0x03f394b3) x 9 0x00000000
core   0: 0x8000799c (0xdfaf8993) addi    s3, t6, -518
core   0: 3 0x8000799c (0xdfaf8993) x19 0x01362dfa
core   0: 0x800079a0 (0x3cd34f93) xori    t6, t1, 973
core   0: 3 0x800079a0 (0x3cd34f93) x31 0x000003cd
core   0: 0x800079a4 (0x01811db3) sll     s11, sp, s8
core   0: 3 0x800079a4 (0x01811db3) x27 0x19c80000
core   0: 0x800079a8 (0x41485233) sra     tp, a6, s4
core   0: 3 0x800079a8 (0x41485233) x 4 0x00000000
core   0: 0x800079ac (0x02e4a8b3) mulhsu  a7, s1, a4
core   0: 3 0x800079ac (0x02e4a8b3) x17 0x00000000
core   0: 0x800079b0 (0x02106333) rem     t1, zero, ra
core   0: 3 0x800079b0 (0x02106333) x 6 0x00000000
core   0: 0x800079b4 (0x4c797a93) andi    s5, s2, 1223
core   0: 3 0x800079b4 (0x4c797a93) x21 0x000004c4
core   0: 0x800079b8 (0xc3c801b7) lui     gp, 0xc3c80
core   0: 3 0x800079b8 (0xc3c801b7) x 3 0xc3c80000
core   0: 0x800079bc (0x01f7d033) srl     zero, a5, t6
core   0: 3 0x800079bc (0x01f7d033)
core   0: 0x800079c0 (0x02ef89b3) mul     s3, t6, a4
core   0: 3 0x800079c0 (0x02ef89b3) x19 0x84f6f214
core   0: 0x800079c4 (0x00000013) nop
core   0: 3 0x800079c4 (0x00000013)
core   0: 0x800079c8 (0x027664b3) rem     s1, a2, t2
core   0: 3 0x800079c8 (0x027664b3) x 9 0x00000000
core   0: 0x800079cc (0x40290b33) sub     s6, s2, sp
core   0: 3 0x800079cc (0x40290b33) x22 0x00000000
core   0: 0x800079d0 (0x000947b3) xor     a5, s2, zero
core   0: 3 0x800079d0 (0x000947b3) x15 0x80018ce4
core   0: 0x800079d4 (0x00000013) nop
core   0: 3 0x800079d4 (0x00000013)
core   0: 0x800079d8 (0x0138c633) xor     a2, a7, s3
core   0: 3 0x800079d8 (0x0138c633) x12 0x84f6f214
core   0: 0x800079dc (0xcbf44f93) xori    t6, s0, -833
core   0: 3 0x800079dc (0xcbf44f93) x31 0xdeb842db
core   0: 0x800079e0 (0x025f99b3) mulh    s3, t6, t0
core   0: 3 0x800079e0 (0x025f99b3) x19 0xef5c4c85
core   0: 0x800079e4 (0x0048a8b3) slt     a7, a7, tp
core   0: 3 0x800079e4 (0x0048a8b3) x17 0x00000000
core   0: 0x800079e8 (0x02a0cbb3) div     s7, ra, a0
core   0: 3 0x800079e8 (0x02a0cbb3) x23 0xffffffff
core   0: 0x800079ec (0x41ff5633) sra     a2, t5, t6
core   0: 3 0x800079ec (0x41ff5633) x12 0x00000000
core   0: 0x800079f0 (0x00f5f933) and     s2, a1, a5
core   0: 3 0x800079f0 (0x00f5f933) x18 0x80010c64
core   0: 0x800079f4 (0x24b3aa13) slti    s4, t2, 587
core   0: 3 0x800079f4 (0x24b3aa13) x20 0x00000001
core   0: 0x800079f8 (0x40e5d993) srai    s3, a1, 14
core   0: 3 0x800079f8 (0x40e5d993) x19 0xfffe0005
core   0: 0x800079fc (0x002d6233) or      tp, s10, sp
core   0: 3 0x800079fc (0x002d6233) x 4 0xfff98ce4
core   0: 0x80007a00 (0x00f221b3) slt     gp, tp, a5
core   0: 3 0x80007a00 (0x00f221b3) x 3 0x00000000
core   0: 0x80007a04 (0x002a35b3) sltu    a1, s4, sp
core   0: 3 0x80007a04 (0x002a35b3) x11 0x00000001
core   0: 0x80007a08 (0xee2b6313) ori     t1, s6, -286
core   0: 3 0x80007a08 (0xee2b6313) x 6 0xfffffee2
core   0: 0x80007a0c (0x019f1a13) slli    s4, t5, 25
core   0: 3 0x80007a0c (0x019f1a13) x20 0x02000000
core   0: 0x80007a10 (0x03c14533) div     a0, sp, t3
core   0: 3 0x80007a10 (0x03c14533) x10 0x00000000
core   0: 0x80007a14 (0x01bef3b3) and     t2, t4, s11
core   0: 3 0x80007a14 (0x01bef3b3) x 7 0x19c80000
core   0: 0x80007a18 (0x03f35633) divu    a2, t1, t6
core   0: 3 0x80007a18 (0x03f35633) x12 0x00000001
core   0: 0x80007a1c (0x011bb433) sltu    s0, s7, a7
core   0: 3 0x80007a1c (0x011bb433) x 8 0x00000000
core   0: 0x80007a20 (0x01281493) slli    s1, a6, 18
core   0: 3 0x80007a20 (0x01281493) x 9 0x00000000
core   0: 0x80007a24 (0x039c83b3) mul     t2, s9, s9
core   0: 3 0x80007a24 (0x039c83b3) x 7 0x67522b10
core   0: 0x80007a28 (0x0362ff33) remu    t5, t0, s6
core   0: 3 0x80007a28 (0x0362ff33) x30 0x7ffeb483
core   0: 0x80007a2c (0x032cb6b3) mulhu   a3, s9, s2
core   0: 3 0x80007a2c (0x032cb6b3) x13 0x40014ca5
core   0: 0x80007a30 (0x00b9da13) srli    s4, s3, 11
core   0: 3 0x80007a30 (0x00b9da13) x20 0x001fffc0
core   0: 0x80007a34 (0x0330a233) mulhsu  tp, ra, s3
core   0: 3 0x80007a34 (0x0330a233) x 4 0xffffffff
core   0: 0x80007a38 (0x01ed1c13) slli    s8, s10, 30
core   0: 3 0x80007a38 (0x01ed1c13) x24 0x00000000
core   0: 0x80007a3c (0x001e9513) slli    a0, t4, 1
core   0: 3 0x80007a3c (0x001e9513) x10 0xfffd6906
core   0: 0x80007a40 (0x41448233) sub     tp, s1, s4
core   0: 3 0x80007a40 (0x41448233) x 4 0xffe00040
core   0: 0x80007a44 (0x033389b3) mul     s3, t2, s3
core   0: 3 0x80007a44 (0x033389b3) x19 0xae7ad750
core   0: 0x80007a48 (0xac79ba17) auipc   s4, 0xac79b
core   0: 3 0x80007a48 (0xac79ba17) x20 0x2c7a2a48
core   0: 0x80007a4c (0x039b15b3) mulh    a1, s6, s9
core   0: 3 0x80007a4c (0x039b15b3) x11 0x00000000
core   0: 0x80007a50 (0x41405fb3) sra     t6, zero, s4
core   0: 3 0x80007a50 (0x41405fb3) x31 0x00000000
core   0: 0x80007a54 (0x2e0fc993) xori    s3, t6, 736
core   0: 3 0x80007a54 (0x2e0fc993) x19 0x000002e0
core   0: 0x80007a58 (0x010ada13) srli    s4, s5, 16
core   0: 3 0x80007a58 (0x010ada13) x20 0x00000000
core   0: 0x80007a5c (0x06c9f493) andi    s1, s3, 108
core   0: 3 0x80007a5c (0x06c9f493) x 9 0x00000060
core   0: 0x80007a60 (0x0a542a93) slti    s5, s0, 165
core   0: 3 0x80007a60 (0x0a542a93) x21 0x00000001
core   0: 0x80007a64 (0x03a11fb3) mulh    t6, sp, s10
core   0: 3 0x80007a64 (0x03a11fb3) x31 0x0003fff3
core   0: 0x80007a68 (0x7cc3e313) ori     t1, t2, 1996
core   0: 3 0x80007a68 (0x7cc3e313) x 6 0x67522fdc
core   0: 0x80007a6c (0x696f4513) xori    a0, t5, 1686
core   0: 3 0x80007a6c (0x696f4513) x10 0x7ffeb215
core   0: 0x80007a70 (0xfc0aa837) lui     a6, 0xfc0aa
core   0: 3 0x80007a70 (0xfc0aa837) x16 0xfc0aa000
core   0: 0x80007a74 (0x009999b3) sll     s3, s3, s1
core   0: 3 0x80007a74 (0x009999b3) x19 0x000002e0
core   0: 0x80007a78 (0x0227afb3) mulhsu  t6, a5, sp
core   0: 3 0x80007a78 (0x0227afb3) x31 0xc0000002
core   0: 0x80007a7c (0x02d879b3) remu    s3, a6, a3
core   0: 3 0x80007a7c (0x02d879b3) x19 0x3c06ba11
core   0: 0x80007a80 (0x85172993) slti    s3, a4, -1967
core   0: 3 0x80007a80 (0x85172993) x19 0x00000001
core   0: 0x80007a84 (0xedb52313) slti    t1, a0, -293
core   0: 3 0x80007a84 (0xedb52313) x 6 0x00000000
core   0: 0x80007a88 (0x036afb33) remu    s6, s5, s6
core   0: 3 0x80007a88 (0x036afb33) x22 0x00000001
core   0: 0x80007a8c (0x39f10a13) addi    s4, sp, 927
core   0: 3 0x80007a8c (0x39f10a13) x20 0x80019083
core   0: 0x80007a90 (0x022d7d33) remu    s10, s10, sp
core   0: 3 0x80007a90 (0x022d7d33) x26 0x7ff6731c
core   0: 0x80007a94 (0x41965413) srai    s0, a2, 25
core   0: 3 0x80007a94 (0x41965413) x 8 0x00000000
core   0: 0x80007a98 (0xa9db8b37) lui     s6, 0xa9db8
core   0: 3 0x80007a98 (0xa9db8b37) x22 0xa9db8000
core   0: 0x80007a9c (0x4ea04637) lui     a2, 0x4ea04
core   0: 3 0x80007a9c (0x4ea04637) x12 0x4ea04000
core   0: 0x80007aa0 (0x01045993) srli    s3, s0, 16
core   0: 3 0x80007aa0 (0x01045993) x19 0x00000000
core   0: 0x80007aa4 (0xa473bb93) sltiu   s7, t2, -1465
core   0: 3 0x80007aa4 (0xa473bb93) x23 0x00000001
core   0: 0x80007aa8 (0x009689b3) add     s3, a3, s1
core   0: 3 0x80007aa8 (0x009689b3) x19 0x40014d05
core   0: 0x80007aac (0x026d8a33) mul     s4, s11, t1
core   0: 3 0x80007aac (0x026d8a33) x20 0x00000000
core   0: 0x80007ab0 (0x40d2dfb3) sra     t6, t0, a3
core   0: 3 0x80007ab0 (0x40d2dfb3) x31 0x03fff5a4
core   0: 0x80007ab4 (0x02f9efb3) rem     t6, s3, a5
core   0: 3 0x80007ab4 (0x02f9efb3) x31 0x40014d05
core   0: 0x80007ab8 (0x16f94413) xori    s0, s2, 367
core   0: 3 0x80007ab8 (0x16f94413) x 8 0x80010d0b
core   0: 0x80007abc (0x03107933) remu    s2, zero, a7
core   0: 3 0x80007abc (0x03107933) x18 0x00000000
core   0: 0x80007ac0 (0x0017e633) or      a2, a5, ra
core   0: 3 0x80007ac0 (0x0017e633) x12 0xffffffff
core   0: 0x80007ac4 (0x00b57c33) and     s8, a0, a1
core   0: 3 0x80007ac4 (0x00b57c33) x24 0x00000000
core   0: 0x80007ac8 (0x010d3a33) sltu    s4, s10, a6
core   0: 3 0x80007ac8 (0x010d3a33) x20 0x00000001
core   0: 0x80007acc (0x035914b3) mulh    s1, s2, s5
core   0: 3 0x80007acc (0x035914b3) x 9 0x00000000
core   0: 0x80007ad0 (0x00fe2ab3) slt     s5, t3, a5
core   0: 3 0x80007ad0 (0x00fe2ab3) x21 0x00000001
core   0: 0x80007ad4 (0x01171ab3) sll     s5, a4, a7
core   0: 3 0x80007ad4 (0x01171ab3) x21 0x80014e64
core   0: 0x80007ad8 (0x03b29eb3) mulh    t4, t0, s11
core   0: 3 0x80007ad8 (0x03b29eb3) x29 0x0ce3de9d
core   0: 0x80007adc (0x000bd213) srli    tp, s7, 0
core   0: 3 0x80007adc (0x000bd213) x 4 0x00000001
core   0: 0x80007ae0 (0x01f21013) slli    zero, tp, 31
core   0: 3 0x80007ae0 (0x01f21013)
core   0: 0x80007ae4 (0x41efdb13) srai    s6, t6, 30
core   0: 3 0x80007ae4 (0x41efdb13) x22 0x00000001
core   0: 0x80007ae8 (0x019ff4b3) and     s1, t6, s9
core   0: 3 0x80007ae8 (0x019ff4b3) x 9 0x00010c04
core   0: 0x80007aec (0x02b06bb3) rem     s7, zero, a1
core   0: 3 0x80007aec (0x02b06bb3) x23 0x00000000
core   0: 0x80007af0 (0x008d4db3) xor     s11, s10, s0
core   0: 3 0x80007af0 (0x008d4db3) x27 0xfff77e17
core   0: 0x80007af4 (0x41b406b3) sub     a3, s0, s11
core   0: 3 0x80007af4 (0x41b406b3) x13 0x80098ef4
core   0: 0x80007af8 (0x01efa9b3) slt     s3, t6, t5
core   0: 3 0x80007af8 (0x01efa9b3) x19 0x00000001
core   0: 0x80007afc (0x018c6fb3) or      t6, s8, s8
core   0: 3 0x80007afc (0x018c6fb3) x31 0x00000000
core   0: 0x80007b00 (0x02e532b3) mulhu   t0, a0, a4
core   0: 3 0x80007b00 (0x02e532b3) x 5 0x4000003a
core   0: 0x80007b04 (0x400450b3) sra     ra, s0, zero
core   0: 3 0x80007b04 (0x400450b3) x 1 0x80010d0b
core   0: 0x80007b08 (0x03822bb3) mulhsu  s7, tp, s8
core   0: 3 0x80007b08 (0x03822bb3) x23 0x00000000
core   0: 0x80007b0c (0x009ddf13) srli    t5, s11, 9
core   0: 3 0x80007b0c (0x009ddf13) x30 0x007ffbbf
core   0: 0x80007b10 (0x01b9b933) sltu    s2, s3, s11
core   0: 3 0x80007b10 (0x01b9b933) x18 0x00000001
core   0: 0x80007b14 (0x0039d193) srli    gp, s3, 3
core   0: 3 0x80007b14 (0x0039d193) x 3 0x00000000
core   0: 0x80007b18 (0x3a0bf197) auipc   gp, 0x3a0bf
core   0: 3 0x80007b18 (0x3a0bf197) x 3 0xba0c6b18
core   0: 0x80007b1c (0x01409093) slli    ra, ra, 20
core   0: 3 0x80007b1c (0x01409093) x 1 0xd0b00000
core   0: 0x80007b20 (0x4149d893) srai    a7, s3, 20
core   0: 3 0x80007b20 (0x4149d893) x17 0x00000000
core   0: 0x80007b24 (0x01527eb3) and     t4, tp, s5
core   0: 3 0x80007b24 (0x01527eb3) x29 0x00000000
core   0: 0x80007b28 (0xb4db0493) addi    s1, s6, -1203
core   0: 3 0x80007b28 (0xb4db0493) x 9 0xfffffb4e
core   0: 0x80007b2c (0x5158c097) auipc   ra, 0x5158c
core   0: 3 0x80007b2c (0x5158c097) x 1 0xd1593b2c
core   0: 0x80007b30 (0x014fe133) or      sp, t6, s4
core   0: 3 0x80007b30 (0x014fe133) x 2 0x00000001
core   0: 0x80007b34 (0x02b0d1b3) divu    gp, ra, a1
core   0: 3 0x80007b34 (0x02b0d1b3) x 3 0xffffffff
core   0: 0x80007b38 (0x00000013) nop
core   0: 3 0x80007b38 (0x00000013)
core   0: 0x80007b3c (0x03603ab3) mulhu   s5, zero, s6
core   0: 3 0x80007b3c (0x03603ab3) x21 0x00000000
core   0: 0x80007b40 (0x03afb533) mulhu   a0, t6, s10
core   0: 3 0x80007b40 (0x03afb533) x10 0x00000000
core   0: 0x80007b44 (0x03517b33) remu    s6, sp, s5
core   0: 3 0x80007b44 (0x03517b33) x22 0x00000001
core   0: 0x80007b48 (0xd3294d97) auipc   s11, 0xd3294
core   0: 3 0x80007b48 (0xd3294d97) x27 0x5329bb48
core   0: 0x80007b4c (0x406dd413) srai    s0, s11, 6
core   0: 3 0x80007b4c (0x406dd413) x 8 0x014ca6ed
core   0: 0x80007b50 (0x3c397313) andi    t1, s2, 963
core   0: 3 0x80007b50 (0x3c397313) x 6 0x00000001
core   0: 0x80007b54 (0x03c772b3) remu    t0, a4, t3
core   0: 3 0x80007b54 (0x03c772b3) x 5 0x00014e64
core   0: 0x80007b58 (0x02c92933) mulhsu  s2, s2, a2
core   0: 3 0x80007b58 (0x02c92933) x18 0x00000000
core   0: 0x80007b5c (0x008d5193) srli    gp, s10, 8
core   0: 3 0x80007b5c (0x008d5193) x 3 0x007ff673
core   0: 0x80007b60 (0x00085093) srli    ra, a6, 0
core   0: 3 0x80007b60 (0x00085093) x 1 0xfc0aa000
core   0: 0x80007b64 (0x40605093) srai    ra, zero, 6
core   0: 3 0x80007b64 (0x40605093) x 1 0x00000000
core   0: 0x80007b68 (0x034b7db3) remu    s11, s6, s4
core   0: 3 0x80007b68 (0x034b7db3) x27 0x00000000
core   0: 0x80007b6c (0x41205a13) srai    s4, zero, 18
core   0: 3 0x80007b6c (0x41205a13) x20 0x00000000
core   0: 0x80007b70 (0xa757ed97) auipc   s11, 0xa757e
core   0: 3 0x80007b70 (0xa757ed97) x27 0x27585b70
core   0: 0x80007b74 (0x5e1f7c13) andi    s8, t5, 1505
core   0: 3 0x80007b74 (0x5e1f7c13) x24 0x000001a1
core   0: 0x80007b78 (0x00000013) nop
core   0: 3 0x80007b78 (0x00000013)
core   0: 0x80007b7c (0x02174f33) div     t5, a4, ra
core   0: 3 0x80007b7c (0x02174f33) x30 0xffffffff
core   0: 0x80007b80 (0x03f2e633) rem     a2, t0, t6
core   0: 3 0x80007b80 (0x03f2e633) x12 0x00014e64
core   0: 0x80007b84 (0x011e9133) sll     sp, t4, a7
core   0: 3 0x80007b84 (0x011e9133) x 2 0x00000000
core   0: 0x80007b88 (0x021741b3) div     gp, a4, ra
core   0: 3 0x80007b88 (0x021741b3) x 3 0xffffffff
core   0: 0x80007b8c (0x40f68433) sub     s0, a3, a5
core   0: 3 0x80007b8c (0x40f68433) x 8 0x00080210
core   0: 0x80007b90 (0x036705b3) mul     a1, a4, s6
core   0: 3 0x80007b90 (0x036705b3) x11 0x80014e64
core   0: 0x80007b94 (0x02956033) rem     zero, a0, s1
core   0: 3 0x80007b94 (0x02956033)
core   0: 0x80007b98 (0x04760db7) lui     s11, 0x4760
core   0: 3 0x80007b98 (0x04760db7) x27 0x04760000
core   0: 0x80007b9c (0x007c64b3) or      s1, s8, t2
core   0: 3 0x80007b9c (0x007c64b3) x 9 0x67522bb1
core   0: 0x80007ba0 (0x0204f433) remu    s0, s1, zero
core   0: 3 0x80007ba0 (0x0204f433) x 8 0x67522bb1
core   0: 0x80007ba4 (0x00493f33) sltu    t5, s2, tp
core   0: 3 0x80007ba4 (0x00493f33) x30 0x00000001
core   0: 0x80007ba8 (0x03835eb3) divu    t4, t1, s8
core   0: 3 0x80007ba8 (0x03835eb3) x29 0x00000000
core   0: 0x80007bac (0x02797933) remu    s2, s2, t2
core   0: 3 0x80007bac (0x02797933) x18 0x00000000
core   0: 0x80007bb0 (0x0000d1b3) srl     gp, ra, zero
core   0: 3 0x80007bb0 (0x0000d1b3) x 3 0x00000000
core   0: 0x80007bb4 (0x00e04c33) xor     s8, zero, a4
core   0: 3 0x80007bb4 (0x00e04c33) x24 0x80014e64
core   0: 0x80007bb8 (0x3ed80293) addi    t0, a6, 1005
core   0: 3 0x80007bb8 (0x3ed80293) x 5 0xfc0aa3ed
core   0: 0x80007bbc (0x016aa433) slt     s0, s5, s6
core   0: 3 0x80007bbc (0x016aa433) x 8 0x00000001
core   0: 0x80007bc0 (0x0191f4b3) and     s1, gp, s9
core   0: 3 0x80007bc0 (0x0191f4b3) x 9 0x00000000
core   0: 0x80007bc4 (0x00baf533) and     a0, s5, a1
core   0: 3 0x80007bc4 (0x00baf533) x10 0x00000000
core   0: 0x80007bc8 (0x139ceb93) ori     s7, s9, 313
core   0: 3 0x80007bc8 (0x139ceb93) x23 0x80018dfd
core   0: 0x80007bcc (0x9fbb6317) auipc   t1, 0x9fbb6
core   0: 3 0x80007bcc (0x9fbb6317) x 6 0x1fbbdbcc
core   0: 0x80007bd0 (0x9e4d20b7) lui     ra, 0x9e4d2
core   0: 3 0x80007bd0 (0x9e4d20b7) x 1 0x9e4d2000
core   0: 0x80007bd4 (0xe5166093) ori     ra, a2, -431
core   0: 3 0x80007bd4 (0xe5166093) x 1 0xfffffe75
core   0: 0x80007bd8 (0x01eb1233) sll     tp, s6, t5
core   0: 3 0x80007bd8 (0x01eb1233) x 4 0x00000002
core   0: 0x80007bdc (0x48586b93) ori     s7, a6, 1157
core   0: 3 0x80007bdc (0x48586b93) x23 0xfc0aa485
core   0: 0x80007be0 (0x40050933) sub     s2, a0, zero
core   0: 3 0x80007be0 (0x40050933) x18 0x00000000
core   0: 0x80007be4 (0x01d987b3) add     a5, s3, t4
core   0: 3 0x80007be4 (0x01d987b3) x15 0x00000001
core   0: 0x80007be8 (0x0191eeb3) or      t4, gp, s9
core   0: 3 0x80007be8 (0x0191eeb3) x29 0x80018ce4
core   0: 0x80007bec (0xc432b813) sltiu   a6, t0, -957
core   0: 3 0x80007bec (0xc432b813) x16 0x00000001
core   0: 0x80007bf0 (0x0155e8b3) or      a7, a1, s5
core   0: 3 0x80007bf0 (0x0155e8b3) x17 0x80014e64
core   0: 0x80007bf4 (0x407488b3) sub     a7, s1, t2
core   0: 3 0x80007bf4 (0x407488b3) x17 0x98add4f0
core   0: 0x80007bf8 (0x00fecd33) xor     s10, t4, a5
core   0: 3 0x80007bf8 (0x00fecd33) x26 0x80018ce5
core   0: 0x80007bfc (0x258da893) slti    a7, s11, 600
core   0: 3 0x80007bfc (0x258da893) x17 0x00000000
core   0: 0x80007c00 (0x406dc193) xori    gp, s11, 1030
core   0: 3 0x80007c00 (0x406dc193) x 3 0x04760406
core   0: 0x80007c04 (0x01322a33) slt     s4, tp, s3
core   0: 3 0x80007c04 (0x01322a33) x20 0x00000000
core   0: 0x80007c08 (0x03131c33) mulh    s8, t1, a7
core   0: 3 0x80007c08 (0x03131c33) x24 0x00000000
core   0: 0x80007c0c (0x030ec433) div     s0, t4, a6
core   0: 3 0x80007c0c (0x030ec433) x 8 0x80018ce4
core   0: 0x80007c10 (0x01604fb3) xor     t6, zero, s6
core   0: 3 0x80007c10 (0x01604fb3) x31 0x00000001
core   0: 0x80007c14 (0x409addb3) sra     s11, s5, s1
core   0: 3 0x80007c14 (0x409addb3) x27 0x00000000
core   0: 0x80007c18 (0x015e14b3) sll     s1, t3, s5
core   0: 3 0x80007c18 (0x015e14b3) x 9 0x80000000
core   0: 0x80007c1c (0x027cd8b3) divu    a7, s9, t2
core   0: 3 0x80007c1c (0x027cd8b3) x17 0x00000001
core   0: 0x80007c20 (0x03352433) mulhsu  s0, a0, s3
core   0: 3 0x80007c20 (0x03352433) x 8 0x00000000
core   0: 0x80007c24 (0x000e4fb3) xor     t6, t3, zero
core   0: 3 0x80007c24 (0x000e4fb3) x31 0x80000000
core   0: 0x80007c28 (0xcab5aa93) slti    s5, a1, -853
core   0: 3 0x80007c28 (0xcab5aa93) x21 0x00000001
core   0: 0x80007c2c (0x0106ddb3) srl     s11, a3, a6
core   0: 3 0x80007c2c (0x0106ddb3) x27 0x4004c77a
core   0: 0x80007c30 (0x00384933) xor     s2, a6, gp
core   0: 3 0x80007c30 (0x00384933) x18 0x04760407
core   0: 0x80007c34 (0x41818833) sub     a6, gp, s8
core   0: 3 0x80007c34 (0x41818833) x16 0x04760406
core   0: 0x80007c38 (0x038d70b3) remu    ra, s10, s8
core   0: 3 0x80007c38 (0x038d70b3) x 1 0x80018ce5
core   0: 0x80007c3c (0x40df82b3) sub     t0, t6, a3
core   0: 3 0x80007c3c (0x40df82b3) x 5 0xfff6710c
core   0: 0x80007c40 (0x7017a993) slti    s3, a5, 1793
core   0: 3 0x80007c40 (0x7017a993) x19 0x00000001
core   0: 0x80007c44 (0x02ecda33) divu    s4, s9, a4
core   0: 3 0x80007c44 (0x02ecda33) x20 0x00000001
core   0: 0x80007c48 (0x031a92b3) mulh    t0, s5, a7
core   0: 3 0x80007c48 (0x031a92b3) x 5 0x00000000
core   0: 0x80007c4c (0xeebb2db7) lui     s11, 0xeebb2
core   0: 3 0x80007c4c (0xeebb2db7) x27 0xeebb2000
core   0: 0x80007c50 (0x0baab413) sltiu   s0, s5, 186
core   0: 3 0x80007c50 (0x0baab413) x 8 0x00000001
core   0: 0x80007c54 (0x00509a13) slli    s4, ra, 5
core   0: 3 0x80007c54 (0x00509a13) x20 0x00319ca0
core   0: 0x80007c58 (0x004c29b3) slt     s3, s8, tp
core   0: 3 0x80007c58 (0x004c29b3) x19 0x00000001
core   0: 0x80007c5c (0x02f23f33) mulhu   t5, tp, a5
core   0: 3 0x80007c5c (0x02f23f33) x30 0x00000000
core   0: 0x80007c60 (0x03dc06b3) mul     a3, s8, t4
core   0: 3 0x80007c60 (0x03dc06b3) x13 0x00000000
core   0: 0x80007c64 (0x77040493) addi    s1, s0, 1904
core   0: 3 0x80007c64 (0x77040493) x 9 0x00000771
core   0: 0x80007c68 (0x038376b3) remu    a3, t1, s8
core   0: 3 0x80007c68 (0x038376b3) x13 0x1fbbdbcc
core   0: 0x80007c6c (0x13a4e913) ori     s2, s1, 314
core   0: 3 0x80007c6c (0x13a4e913) x18 0x0000077b
core   0: 0x80007c70 (0x007b1393) slli    t2, s6, 7
core   0: 3 0x80007c70 (0x007b1393) x 7 0x00000080
core   0: 0x80007c74 (0x01fbd913) srli    s2, s7, 31
core   0: 3 0x80007c74 (0x01fbd913) x18 0x00000001
core   0: 0x80007c78 (0x000b9bb3) sll     s7, s7, zero
core   0: 3 0x80007c78 (0x000b9bb3) x23 0xfc0aa485
core   0: 0x80007c7c (0x00339113) slli    sp, t2, 3
core   0: 3 0x80007c7c (0x00339113) x 2 0x00000400
core   0: 0x80007c80 (0x008deab3) or      s5, s11, s0
core   0: 3 0x80007c80 (0x008deab3) x21 0xeebb2001
core   0: 0x80007c84 (0xc46a3337) lui     t1, 0xc46a3
core   0: 3 0x80007c84 (0xc46a3337) x 6 0xc46a3000
core   0: 0x80007c88 (0x40475493) srai    s1, a4, 4
core   0: 3 0x80007c88 (0x40475493) x 9 0xf80014e6
core   0: 0x80007c8c (0xaaf0e237) lui     tp, 0xaaf0e
core   0: 3 0x80007c8c (0xaaf0e237) x 4 0xaaf0e000
core   0: 0x80007c90 (0x012bec33) or      s8, s7, s2
core   0: 3 0x80007c90 (0x012bec33) x24 0xfc0aa485
core   0: 0x80007c94 (0x008702b3) add     t0, a4, s0
core   0: 3 0x80007c94 (0x008702b3) x 5 0x80014e65
core   0: 0x80007c98 (0x0364e533) rem     a0, s1, s6
core   0: 3 0x80007c98 (0x0364e533) x10 0x00000000
core   0: 0x80007c9c (0xf1a26593) ori     a1, tp, -230
core   0: 3 0x80007c9c (0xf1a26593) x11 0xffffff1a
core   0: 0x80007ca0 (0x03271233) mulh    tp, a4, s2
core   0: 3 0x80007ca0 (0x03271233) x 4 0xffffffff
core   0: 0x80007ca4 (0x1c8c0513) addi    a0, s8, 456
core   0: 3 0x80007ca4 (0x1c8c0513) x10 0xfc0aa64d
core   0: 0x80007ca8 (0x00426933) or      s2, tp, tp
core   0: 3 0x80007ca8 (0x00426933) x18 0xffffffff
core   0: 0x80007cac (0x6f482013) slti    zero, a6, 1780
core   0: 3 0x80007cac (0x6f482013)
core   0: 0x80007cb0 (0x00c14233) xor     tp, sp, a2
core   0: 3 0x80007cb0 (0x00c14233) x 4 0x00014a64
core   0: 0x80007cb4 (0x02061633) mulh    a2, a2, zero
core   0: 3 0x80007cb4 (0x02061633) x12 0x00000000
core   0: 0x80007cb8 (0x9db3e613) ori     a2, t2, -1573
core   0: 3 0x80007cb8 (0x9db3e613) x12 0xfffff9db
core   0: 0x80007cbc (0x41bc5093) srai    ra, s8, 27
core   0: 3 0x80007cbc (0x41bc5093) x 1 0xffffffff
core   0: 0x80007cc0 (0x40b90233) sub     tp, s2, a1
core   0: 3 0x80007cc0 (0x40b90233) x 4 0x000000e5
core   0: 0x80007cc4 (0x40efd613) srai    a2, t6, 14
core   0: 3 0x80007cc4 (0x40efd613) x12 0xfffe0000
core   0: 0x80007cc8 (0x8d05f013) andi    zero, a1, -1840
core   0: 3 0x80007cc8 (0x8d05f013)
core   0: 0x80007ccc (0x00000013) nop
core   0: 3 0x80007ccc (0x00000013)
core   0: 0x80007cd0 (0x07205fb7) lui     t6, 0x7205
core   0: 3 0x80007cd0 (0x07205fb7) x31 0x07205000
core   0: 0x80007cd4 (0x02d6e233) rem     tp, a3, a3
core   0: 3 0x80007cd4 (0x02d6e233) x 4 0x00000000
core   0: 0x80007cd8 (0x0154d793) srli    a5, s1, 21
core   0: 3 0x80007cd8 (0x0154d793) x15 0x000007c0
core   0: 0x80007cdc (0x01de8033) add     zero, t4, t4
core   0: 3 0x80007cdc (0x01de8033)
core   0: 0x80007ce0 (0x00acb1b3) sltu    gp, s9, a0
core   0: 3 0x80007ce0 (0x00acb1b3) x 3 0x00000001
core   0: 0x80007ce4 (0x0197d513) srli    a0, a5, 25
core   0: 3 0x80007ce4 (0x0197d513) x10 0x00000000
core   0: 0x80007ce8 (0x03788633) mul     a2, a7, s7
core   0: 3 0x80007ce8 (0x03788633) x12 0xfc0aa485
core   0: 0x80007cec (0xb079ea93) ori     s5, s3, -1273
core   0: 3 0x80007cec (0xb079ea93) x21 0xfffffb07
core   0: 0x80007cf0 (0x00bc7b33) and     s6, s8, a1
core   0: 3 0x80007cf0 (0x00bc7b33) x22 0xfc0aa400
core   0: 0x80007cf4 (0x030151b3) divu    gp, sp, a6
core   0: 3 0x80007cf4 (0x030151b3) x 3 0x00000000
core   0: 0x80007cf8 (0x035c2233) mulhsu  tp, s8, s5
core   0: 3 0x80007cf8 (0x035c2233) x 4 0xfc0aa498
core   0: 0x80007cfc (0x01359293) slli    t0, a1, 19
core   0: 3 0x80007cfc (0x01359293) x 5 0xf8d00000
core   0: 0x80007d00 (0x3865a393) slti    t2, a1, 902
core   0: 3 0x80007d00 (0x3865a393) x 7 0x00000001
core   0: 0x80007d04 (0x03b80c33) mul     s8, a6, s11
core   0: 3 0x80007d04 (0x03b80c33) x24 0x44e2c000
core   0: 0x80007d08 (0x03c363b3) rem     t2, t1, t3
core   0: 3 0x80007d08 (0x03c363b3) x 7 0xc46a3000
core   0: 0x80007d0c (0x41c65833) sra     a6, a2, t3
core   0: 3 0x80007d0c (0x41c65833) x16 0xfc0aa485
core   0: 0x80007d10 (0x3b7a6297) auipc   t0, 0x3b7a6
core   0: 3 0x80007d10 (0x3b7a6297) x 5 0xbb7add10
core   0: 0x80007d14 (0x015518b3) sll     a7, a0, s5
core   0: 3 0x80007d14 (0x015518b3) x17 0x00000000
core   0: 0x80007d18 (0x075ef293) andi    t0, t4, 117
core   0: 3 0x80007d18 (0x075ef293) x 5 0x00000064
core   0: 0x80007d1c (0x013e98b3) sll     a7, t4, s3
core   0: 3 0x80007d1c (0x013e98b3) x17 0x000319c8
core   0: 0x80007d20 (0x029f5633) divu    a2, t5, s1
core   0: 3 0x80007d20 (0x029f5633) x12 0x00000000
core   0: 0x80007d24 (0x40f4d193) srai    gp, s1, 15
core   0: 3 0x80007d24 (0x40f4d193) x 3 0xfffff000
core   0: 0x80007d28 (0x0320fc33) remu    s8, ra, s2
core   0: 3 0x80007d28 (0x0320fc33) x24 0x00000000
core   0: 0x80007d2c (0x01106c33) or      s8, zero, a7
core   0: 3 0x80007d2c (0x01106c33) x24 0x000319c8
core   0: 0x80007d30 (0x02e14833) div     a6, sp, a4
core   0: 3 0x80007d30 (0x02e14833) x16 0x00000000
core   0: 0x80007d34 (0xfba83a13) sltiu   s4, a6, -70
core   0: 3 0x80007d34 (0xfba83a13) x20 0x00000001
core   0: 0x80007d38 (0x01667633) and     a2, a2, s6
core   0: 3 0x80007d38 (0x01667633) x12 0x00000000
core   0: 0x80007d3c (0x03f79333) mulh    t1, a5, t6
core   0: 3 0x80007d3c (0x03f79333) x 6 0x00000037
core   0: 0x80007d40 (0x02956233) rem     tp, a0, s1
core   0: 3 0x80007d40 (0x02956233) x 4 0x00000000
core   0: 0x80007d44 (0xdb486113) ori     sp, a6, -588
core   0: 3 0x80007d44 (0xdb486113) x 2 0xfffffdb4
core   0: 0x80007d48 (0x40fcdeb3) sra     t4, s9, a5
core   0: 3 0x80007d48 (0x40fcdeb3) x29 0x80018ce4
core   0: 0x80007d4c (0x020494b3) mulh    s1, s1, zero
core   0: 3 0x80007d4c (0x020494b3) x 9 0x00000000
core   0: 0x80007d50 (0x02fdd133) divu    sp, s11, a5
core   0: 3 0x80007d50 (0x02fdd133) x 2 0x001ecdd2
core   0: 0x80007d54 (0x01c1d913) srli    s2, gp, 28
core   0: 3 0x80007d54 (0x01c1d913) x18 0x0000000f
core   0: 0x80007d58 (0x01a81eb3) sll     t4, a6, s10
core   0: 3 0x80007d58 (0x01a81eb3) x29 0x00000000
core   0: 0x80007d5c (0x034c3433) mulhu   s0, s8, s4
core   0: 3 0x80007d5c (0x034c3433) x 8 0x00000000
core   0: 0x80007d60 (0x010baa33) slt     s4, s7, a6
core   0: 3 0x80007d60 (0x010baa33) x20 0x00000001
core   0: 0x80007d64 (0x40f68433) sub     s0, a3, a5
core   0: 3 0x80007d64 (0x40f68433) x 8 0x1fbbd40c
core   0: 0x80007d68 (0x41305893) srai    a7, zero, 19
core   0: 3 0x80007d68 (0x41305893) x17 0x00000000
core   0: 0x80007d6c (0x011b5293) srli    t0, s6, 17
core   0: 3 0x80007d6c (0x011b5293) x 5 0x00007e05
core   0: 0x80007d70 (0xb32c7913) andi    s2, s8, -1230
core   0: 3 0x80007d70 (0xb32c7913) x18 0x00031900
core   0: 0x80007d74 (0x03a840b3) div     ra, a6, s10
core   0: 3 0x80007d74 (0x03a840b3) x 1 0x00000000
core   0: 0x80007d78 (0x01483db3) sltu    s11, a6, s4
core   0: 3 0x80007d78 (0x01483db3) x27 0x00000001
core   0: 0x80007d7c (0x01cb2333) slt     t1, s6, t3
core   0: 3 0x80007d7c (0x01cb2333) x 6 0x00000000
core   0: 0x80007d80 (0x41c38c33) sub     s8, t2, t3
core   0: 3 0x80007d80 (0x41c38c33) x24 0x446a3000
core   0: 0x80007d84 (0xf1f76ab7) lui     s5, 0xf1f76
core   0: 3 0x80007d84 (0xf1f76ab7) x21 0xf1f76000
core   0: 0x80007d88 (0x03e1f933) remu    s2, gp, t5
core   0: 3 0x80007d88 (0x03e1f933) x18 0xfffff000
core   0: 0x80007d8c (0x024f00b3) mul     ra, t5, tp
core   0: 3 0x80007d8c (0x024f00b3) x 1 0x00000000
core   0: 0x80007d90 (0x02b9d0b3) divu    ra, s3, a1
core   0: 3 0x80007d90 (0x02b9d0b3) x 1 0x00000000
core   0: 0x80007d94 (0x01e92233) slt     tp, s2, t5
core   0: 3 0x80007d94 (0x01e92233) x 4 0x00000001
core   0: 0x80007d98 (0x35643897) auipc   a7, 0x35643
core   0: 3 0x80007d98 (0x35643897) x17 0xb564ad98
core   0: 0x80007d9c (0x848b5eb7) lui     t4, 0x848b5
core   0: 3 0x80007d9c (0x848b5eb7) x29 0x848b5000
core   0: 0x80007da0 (0x00981b33) sll     s6, a6, s1
core   0: 3 0x80007da0 (0x00981b33) x22 0x00000000
core   0: 0x80007da4 (0x02b630b3) mulhu   ra, a2, a1
core   0: 3 0x80007da4 (0x02b630b3) x 1 0x00000000
core   0: 0x80007da8 (0x0306cab3) div     s5, a3, a6
core   0: 3 0x80007da8 (0x0306cab3) x21 0xffffffff
core   0: 0x80007dac (0x02f64b33) div     s6, a2, a5
core   0: 3 0x80007dac (0x02f64b33) x22 0x00000000
core   0: 0x80007db0 (0x00d19293) slli    t0, gp, 13
core   0: 3 0x80007db0 (0x00d19293) x 5 0xfe000000
core   0: 0x80007db4 (0x036dd333) divu    t1, s11, s6
core   0: 3 0x80007db4 (0x036dd333) x 6 0xffffffff
core   0: 0x80007db8 (0x03d19833) mulh    a6, gp, t4
core   0: 3 0x80007db8 (0x03d19833) x16 0x000007b7
core   0: 0x80007dbc (0x01c366b3) or      a3, t1, t3
core   0: 3 0x80007dbc (0x01c366b3) x13 0xffffffff
core   0: 0x80007dc0 (0x01644db3) xor     s11, s0, s6
core   0: 3 0x80007dc0 (0x01644db3) x27 0x1fbbd40c
core   0: 0x80007dc4 (0x002ab9b3) sltu    s3, s5, sp
core   0: 3 0x80007dc4 (0x002ab9b3) x19 0x00000000
core   0: 0x80007dc8 (0x021476b3) remu    a3, s0, ra
core   0: 3 0x80007dc8 (0x021476b3) x13 0x1fbbd40c
core   0: 0x80007dcc (0xe8cf0c13) addi    s8, t5, -372
core   0: 3 0x80007dcc (0xe8cf0c13) x24 0xfffffe8c
core   0: 0x80007dd0 (0xd416b517) auipc   a0, 0xd416b
core   0: 3 0x80007dd0 (0xd416b517) x10 0x54172dd0
core   0: 0x80007dd4 (0x01345993) srli    s3, s0, 19
core   0: 3 0x80007dd4 (0x01345993) x19 0x000003f7
core   0: 0x80007dd8 (0x40508bb3) sub     s7, ra, t0
core   0: 3 0x80007dd8 (0x40508bb3) x23 0x02000000
core   0: 0x80007ddc (0x00011f13) slli    t5, sp, 0
core   0: 3 0x80007ddc (0x00011f13) x30 0x001ecdd2
core   0: 0x80007de0 (0x41950b33) sub     s6, a0, s9
core   0: 3 0x80007de0 (0x41950b33) x22 0xd415a0ec
core   0: 0x80007de4 (0x02829233) mulh    tp, t0, s0
core   0: 3 0x80007de4 (0x02829233) x 4 0xffc08857
core   0: 0x80007de8 (0x02878033) mul     zero, a5, s0
core   0: 3 0x80007de8 (0x02878033)
core   0: 0x80007dec (0x021c8fb3) mul     t6, s9, ra
core   0: 3 0x80007dec (0x021c8fb3) x31 0x00000000
core   0: 0x80007df0 (0x03ffcf33) div     t5, t6, t6
core   0: 3 0x80007df0 (0x03ffcf33) x30 0xffffffff
core   0: 0x80007df4 (0x032681b3) mul     gp, a3, s2
core   0: 3 0x80007df4 (0x032681b3) x 3 0x42bf4000
core   0: 0x80007df8 (0x46757e93) andi    t4, a0, 1127
core   0: 3 0x80007df8 (0x46757e93) x29 0x00000440
core   0: 0x80007dfc (0x8ab53213) sltiu   tp, a0, -1877
core   0: 3 0x80007dfc (0x8ab53213) x 4 0x00000001
core   0: 0x80007e00 (0x00000013) nop
core   0: 3 0x80007e00 (0x00000013)
core   0: 0x80007e04 (0x00000013) nop
core   0: 3 0x80007e04 (0x00000013)
core   0: 0x80007e08 (0x7e9fa913) slti    s2, t6, 2025
core   0: 3 0x80007e08 (0x7e9fa913) x18 0x00000001
core   0: 0x80007e0c (0x5d0aa9b7) lui     s3, 0x5d0aa
core   0: 3 0x80007e0c (0x5d0aa9b7) x19 0x5d0aa000
core   0: 0x80007e10 (0x40268933) sub     s2, a3, sp
core   0: 3 0x80007e10 (0x40268933) x18 0x1f9d063a
core   0: 0x80007e14 (0x028f3d33) mulhu   s10, t5, s0
core   0: 3 0x80007e14 (0x028f3d33) x26 0x1fbbd40b
core   0: 0x80007e18 (0x411104b3) sub     s1, sp, a7
core   0: 3 0x80007e18 (0x411104b3) x 9 0x4aba203a
core   0: 0x80007e1c (0x01786433) or      s0, a6, s7
core   0: 3 0x80007e1c (0x01786433) x 8 0x020007b7
core   0: 0x80007e20 (0x02900333) mul     t1, zero, s1
core   0: 3 0x80007e20 (0x02900333) x 6 0x00000000
core   0: 0x80007e24 (0x00000013) nop
core   0: 3 0x80007e24 (0x00000013)
core   0: 0x80007e28 (0x02a09933) mulh    s2, ra, a0
core   0: 3 0x80007e28 (0x02a09933) x18 0x00000000
core   0: 0x80007e2c (0x0296b1b3) mulhu   gp, a3, s1
core   0: 3 0x80007e2c (0x0296b1b3) x 3 0x09435dc2
core   0: 0x80007e30 (0x035195b3) mulh    a1, gp, s5
core   0: 3 0x80007e30 (0x035195b3) x11 0xffffffff
core   0: 0x80007e34 (0x404c5f13) srai    t5, s8, 4
core   0: 3 0x80007e34 (0x404c5f13) x30 0xffffffe8
core   0: 0x80007e38 (0x258a2a93) slti    s5, s4, 600
core   0: 3 0x80007e38 (0x258a2a93) x21 0x00000001
core   0: 0x80007e3c (0x0239a3b3) mulhsu  t2, s3, gp
core   0: 3 0x80007e3c (0x0239a3b3) x 7 0x035ddb7b
core   0: 0x80007e40 (0x037f5933) divu    s2, t5, s7
core   0: 3 0x80007e40 (0x037f5933) x18 0x0000007f
core   0: 0x80007e44 (0x03608533) mul     a0, ra, s6
core   0: 3 0x80007e44 (0x03608533) x10 0x00000000
core   0: 0x80007e48 (0x03178433) mul     s0, a5, a7
core   0: 3 0x80007e48 (0x03178433) x 8 0xcc415a00
core   0: 0x80007e4c (0x014e5f93) srli    t6, t3, 20
core   0: 3 0x80007e4c (0x014e5f93) x31 0x00000800
core   0: 0x80007e50 (0x027814b3) mulh    s1, a6, t2
core   0: 3 0x80007e50 (0x027814b3) x 9 0x00000019
core   0: 0x80007e54 (0x015265b3) or      a1, tp, s5
core   0: 3 0x80007e54 (0x015265b3) x11 0x00000001
core   0: 0x80007e58 (0x024d2f33) mulhsu  t5, s10, tp
core   0: 3 0x80007e58 (0x024d2f33) x30 0x00000000
core   0: 0x80007e5c (0x7af4b5b7) lui     a1, 0x7af4b
core   0: 3 0x80007e5c (0x7af4b5b7) x11 0x7af4b000
core   0: 0x80007e60 (0x036487b3) mul     a5, s1, s6
core   0: 3 0x80007e60 (0x036487b3) x15 0xb61cb70c
core   0: 0x80007e64 (0x3fca0413) addi    s0, s4, 1020
core   0: 3 0x80007e64 (0x3fca0413) x 8 0x000003fd
core   0: 0x80007e68 (0x018bd813) srli    a6, s7, 24
core   0: 3 0x80007e68 (0x018bd813) x16 0x00000002
core   0: 0x80007e6c (0x00000013) nop
core   0: 3 0x80007e6c (0x00000013)
core   0: 0x80007e70 (0x03ea34b3) mulhu   s1, s4, t5
core   0: 3 0x80007e70 (0x03ea34b3) x 9 0x00000000
core   0: 0x80007e74 (0x039bb7b3) mulhu   a5, s7, s9
core   0: 3 0x80007e74 (0x039bb7b3) x15 0x01000319
core   0: 0x80007e78 (0x014332b3) sltu    t0, t1, s4
core   0: 3 0x80007e78 (0x014332b3) x 5 0x00000001
core   0: 0x80007e7c (0x0036a3b3) slt     t2, a3, gp
core   0: 3 0x80007e7c (0x0036a3b3) x 7 0x00000000
core   0: 0x80007e80 (0x00a26c33) or      s8, tp, a0
core   0: 3 0x80007e80 (0x00a26c33) x24 0x00000001
core   0: 0x80007e84 (0x00b67d33) and     s10, a2, a1
core   0: 3 0x80007e84 (0x00b67d33) x26 0x00000000
core   0: 0x80007e88 (0x02a69ab3) mulh    s5, a3, a0
core   0: 3 0x80007e88 (0x02a69ab3) x21 0x00000000
core   0: 0x80007e8c (0x00a69db3) sll     s11, a3, a0
core   0: 3 0x80007e8c (0x00a69db3) x27 0x1fbbd40c
core   0: 0x80007e90 (0x00f69b13) slli    s6, a3, 15
core   0: 3 0x80007e90 (0x00f69b13) x22 0xea060000
core   0: 0x80007e94 (0x007bb8b3) sltu    a7, s7, t2
core   0: 3 0x80007e94 (0x007bb8b3) x17 0x00000000
core   0: 0x80007e98 (0x006ee533) or      a0, t4, t1
core   0: 3 0x80007e98 (0x006ee533) x10 0x00000440
core   0: 0x80007e9c (0x00000013) nop
core   0: 3 0x80007e9c (0x00000013)
core   0: 0x80007ea0 (0x4108d813) srai    a6, a7, 16
core   0: 3 0x80007ea0 (0x4108d813) x16 0x00000000
core   0: 0x80007ea4 (0x40e65b33) sra     s6, a2, a4
core   0: 3 0x80007ea4 (0x40e65b33) x22 0x00000000
core   0: 0x80007ea8 (0x4105d393) srai    t2, a1, 16
core   0: 3 0x80007ea8 (0x4105d393) x 7 0x00007af4
core   0: 0x80007eac (0x00f2f633) and     a2, t0, a5
core   0: 3 0x80007eac (0x00f2f633) x12 0x00000001
core   0: 0x80007eb0 (0x026e5f33) divu    t5, t3, t1
core   0: 3 0x80007eb0 (0x026e5f33) x30 0xffffffff
core   0: 0x80007eb4 (0xcd453493) sltiu   s1, a0, -812
core   0: 3 0x80007eb4 (0xcd453493) x 9 0x00000001
core   0: 0x80007eb8 (0xc212c193) xori    gp, t0, -991
core   0: 3 0x80007eb8 (0xc212c193) x 3 0xfffffc20
core   0: 0x80007ebc (0x16057e93) andi    t4, a0, 352
core   0: 3 0x80007ebc (0x16057e93) x29 0x00000040
core   0: 0x80007ec0 (0x02eb1fb3) mulh    t6, s6, a4
core   0: 3 0x80007ec0 (0x02eb1fb3) x31 0x00000000
core   0: 0x80007ec4 (0xedec7e93) andi    t4, s8, -290
core   0: 3 0x80007ec4 (0xedec7e93) x29 0x00000000
core   0: 0x80007ec8 (0x158f2b93) slti    s7, t5, 344
core   0: 3 0x80007ec8 (0x158f2b93) x23 0x00000001
core   0: 0x80007ecc (0x01e99eb3) sll     t4, s3, t5
core   0: 3 0x80007ecc (0x01e99eb3) x29 0x00000000
core   0: 0x80007ed0 (0x00000013) nop
core   0: 3 0x80007ed0 (0x00000013)
core   0: 0x80007ed4 (0xfb7f3893) sltiu   a7, t5, -73
core   0: 3 0x80007ed4 (0xfb7f3893) x17 0x00000000
core   0: 0x80007ed8 (0x00ba69b3) or      s3, s4, a1
core   0: 3 0x80007ed8 (0x00ba69b3) x19 0x7af4b001
core   0: 0x80007edc (0xa474bf93) sltiu   t6, s1, -1465
core   0: 3 0x80007edc (0xa474bf93) x31 0x00000001
core   0: 0x80007ee0 (0x029ed633) divu    a2, t4, s1
core   0: 3 0x80007ee0 (0x029ed633) x12 0x00000000
core   0: 0x80007ee4 (0x02548eb3) mul     t4, s1, t0
core   0: 3 0x80007ee4 (0x02548eb3) x29 0x00000001
core   0: 0x80007ee8 (0x017b8933) add     s2, s7, s7
core   0: 3 0x80007ee8 (0x017b8933) x18 0x00000002
core   0: 0x80007eec (0x008b9833) sll     a6, s7, s0
core   0: 3 0x80007eec (0x008b9833) x16 0x20000000
core   0: 0x80007ef0 (0x41f10133) sub     sp, sp, t6
core   0: 3 0x80007ef0 (0x41f10133) x 2 0x001ecdd1
core   0: 0x80007ef4 (0x00b25913) srli    s2, tp, 11
core   0: 3 0x80007ef4 (0x00b25913) x18 0x00000000
core   0: 0x80007ef8 (0x9c0a3993) sltiu   s3, s4, -1600
core   0: 3 0x80007ef8 (0x9c0a3993) x19 0x00000001
core   0: 0x80007efc (0x418fd293) srai    t0, t6, 24
core   0: 3 0x80007efc (0x418fd293) x 5 0x00000000
core   0: 0x80007f00 (0x001592b3) sll     t0, a1, ra
core   0: 3 0x80007f00 (0x001592b3) x 5 0x7af4b000
core   0: 0x80007f04 (0x03d1d133) divu    sp, gp, t4
core   0: 3 0x80007f04 (0x03d1d133) x 2 0xfffffc20
core   0: 0x80007f08 (0x1f6d7013) andi    zero, s10, 502
core   0: 3 0x80007f08 (0x1f6d7013)
core   0: 0x80007f0c (0x014673b3) and     t2, a2, s4
core   0: 3 0x80007f0c (0x014673b3) x 7 0x00000000
core   0: 0x80007f10 (0x75d2aa93) slti    s5, t0, 1885
core   0: 3 0x80007f10 (0x75d2aa93) x21 0x00000000
core   0: 0x80007f14 (0x1f0e7613) andi    a2, t3, 496
core   0: 3 0x80007f14 (0x1f0e7613) x12 0x00000000
core   0: 0x80007f18 (0x01e5a533) slt     a0, a1, t5
core   0: 3 0x80007f18 (0x01e5a533) x10 0x00000000
core   0: 0x80007f1c (0xbe5c4413) xori    s0, s8, -1051
core   0: 3 0x80007f1c (0xbe5c4413) x 8 0xfffffbe4
core   0: 0x80007f20 (0x01414833) xor     a6, sp, s4
core   0: 3 0x80007f20 (0x01414833) x16 0xfffffc21
core   0: 0x80007f24 (0x019d1913) slli    s2, s10, 25
core   0: 3 0x80007f24 (0x019d1913) x18 0x00000000
core   0: 0x80007f28 (0x0045b1b3) sltu    gp, a1, tp
core   0: 3 0x80007f28 (0x0045b1b3) x 3 0x00000000
core   0: 0x80007f2c (0x00000013) nop
core   0: 3 0x80007f2c (0x00000013)
core   0: 0x80007f30 (0x027b55b3) divu    a1, s6, t2
core   0: 3 0x80007f30 (0x027b55b3) x11 0xffffffff
core   0: 0x80007f34 (0x03822db3) mulhsu  s11, tp, s8
core   0: 3 0x80007f34 (0x03822db3) x27 0x00000000
core   0: 0x80007f38 (0x414483b3) sub     t2, s1, s4
core   0: 3 0x80007f38 (0x414483b3) x 7 0x00000000
core   0: 0x80007f3c (0x33a82f13) slti    t5, a6, 826
core   0: 3 0x80007f3c (0x33a82f13) x30 0x00000001
core   0: 0x80007f40 (0x02782a33) mulhsu  s4, a6, t2
core   0: 3 0x80007f40 (0x02782a33) x20 0x00000000
core   0: 0x80007f44 (0x89d7f413) andi    s0, a5, -1891
core   0: 3 0x80007f44 (0x89d7f413) x 8 0x01000019
core   0: 0x80007f48 (0x78d2bc13) sltiu   s8, t0, 1933
core   0: 3 0x80007f48 (0x78d2bc13) x24 0x00000000
core   0: 0x80007f4c (0x012bd893) srli    a7, s7, 18
core   0: 3 0x80007f4c (0x012bd893) x17 0x00000000
core   0: 0x80007f50 (0x00279313) slli    t1, a5, 2
core   0: 3 0x80007f50 (0x00279313) x 6 0x04000c64
core   0: 0x80007f54 (0x41bdd233) sra     tp, s11, s11
core   0: 3 0x80007f54 (0x41bdd233) x 4 0x00000000
core   0: 0x80007f58 (0x4026d7b3) sra     a5, a3, sp
core   0: 3 0x80007f58 (0x4026d7b3) x15 0x1fbbd40c
core   0: 0x80007f5c (0x0286a233) mulhsu  tp, a3, s0
core   0: 3 0x80007f5c (0x0286a233) x 4 0x001fbbd7
core   0: 0x80007f60 (0x410989b3) sub     s3, s3, a6
core   0: 3 0x80007f60 (0x410989b3) x19 0x000003e0
core   0: 0x80007f64 (0x014222b3) slt     t0, tp, s4
core   0: 3 0x80007f64 (0x014222b3) x 5 0x00000000
core   0: 0x80007f68 (0x00000013) nop
core   0: 3 0x80007f68 (0x00000013)
core   0: 0x80007f6c (0x6f274993) xori    s3, a4, 1778
core   0: 3 0x80007f6c (0x6f274993) x19 0x80014896
core   0: 0x80007f70 (0x00729133) sll     sp, t0, t2
core   0: 3 0x80007f70 (0x00729133) x 2 0x00000000
core   0: 0x80007f74 (0x012d9513) slli    a0, s11, 18
core   0: 3 0x80007f74 (0x012d9513) x10 0x00000000
core   0: 0x80007f78 (0xd852af93) slti    t6, t0, -635
core   0: 3 0x80007f78 (0xd852af93) x31 0x00000000
core   0: 0x80007f7c (0x00000013) nop
core   0: 3 0x80007f7c (0x00000013)
core   0: 0x80007f80 (0x031020b3) mulhsu  ra, zero, a7
core   0: 3 0x80007f80 (0x031020b3) x 1 0x00000000
core   0: 0x80007f84 (0x9e224d13) xori    s10, tp, -1566
core   0: 3 0x80007f84 (0x9e224d13) x26 0xffe04235
core   0: 0x80007f88 (0x020caf33) mulhsu  t5, s9, zero
core   0: 3 0x80007f88 (0x020caf33) x30 0x00000000
core   0: 0x80007f8c (0x40720eb3) sub     t4, tp, t2
core   0: 3 0x80007f8c (0x40720eb3) x29 0x001fbbd7
core   0: 0x80007f90 (0x16ca0d13) addi    s10, s4, 364
core   0: 3 0x80007f90 (0x16ca0d13) x26 0x0000016c
core   0: 0x80007f94 (0x06594513) xori    a0, s2, 101
core   0: 3 0x80007f94 (0x06594513) x10 0x00000065
core   0: 0x80007f98 (0x03d4e0b3) rem     ra, s1, t4
core   0: 3 0x80007f98 (0x03d4e0b3) x 1 0x00000001
core   0: 0x80007f9c (0x4117d193) srai    gp, a5, 17
core   0: 3 0x80007f9c (0x4117d193) x 3 0x00000fdd
core   0: 0x80007fa0 (0x02ed36b3) mulhu   a3, s10, a4
core   0: 3 0x80007fa0 (0x02ed36b3) x13 0x000000b6
core   0: 0x80007fa4 (0x02bbcb33) div     s6, s7, a1
core   0: 3 0x80007fa4 (0x02bbcb33) x22 0xffffffff
core   0: 0x80007fa8 (0x03d121b3) mulhsu  gp, sp, t4
core   0: 3 0x80007fa8 (0x03d121b3) x 3 0x00000000
core   0: 0x80007fac (0xcd176593) ori     a1, a4, -815
core   0: 3 0x80007fac (0xcd176593) x11 0xfffffef5
core   0: 0x80007fb0 (0x01c6bf33) sltu    t5, a3, t3
core   0: 3 0x80007fb0 (0x01c6bf33) x30 0x00000001
core   0: 0x80007fb4 (0xdd6bb913) sltiu   s2, s7, -554
core   0: 3 0x80007fb4 (0xdd6bb913) x18 0x00000001
core   0: 0x80007fb8 (0x03e88133) mul     sp, a7, t5
core   0: 3 0x80007fb8 (0x03e88133) x 2 0x00000000
core   0: 0x80007fbc (0x013ed833) srl     a6, t4, s3
core   0: 3 0x80007fbc (0x013ed833) x16 0x00000000
core   0: 0x80007fc0 (0x00000013) nop
core   0: 3 0x80007fc0 (0x00000013)
core   0: 0x80007fc4 (0x41b70333) sub     t1, a4, s11
core   0: 3 0x80007fc4 (0x41b70333) x 6 0x80014e64
core   0: 0x80007fc8 (0x02e34433) div     s0, t1, a4
core   0: 3 0x80007fc8 (0x02e34433) x 8 0x00000001
core   0: 0x80007fcc (0xbc00fc13) andi    s8, ra, -1088
core   0: 3 0x80007fcc (0xbc00fc13) x24 0x00000000
core   0: 0x80007fd0 (0x02138f33) mul     t5, t2, ra
core   0: 3 0x80007fd0 (0x02138f33) x30 0x00000000
core   0: 0x80007fd4 (0x62982313) slti    t1, a6, 1577
core   0: 3 0x80007fd4 (0x62982313) x 6 0x00000001
core   0: 0x80007fd8 (0x015eb9b3) sltu    s3, t4, s5
core   0: 3 0x80007fd8 (0x015eb9b3) x19 0x00000000
core   0: 0x80007fdc (0x86fcf693) andi    a3, s9, -1937
core   0: 3 0x80007fdc (0x86fcf693) x13 0x80018864
core   0: 0x80007fe0 (0x02512533) mulhsu  a0, sp, t0
core   0: 3 0x80007fe0 (0x02512533) x10 0x00000000
core   0: 0x80007fe4 (0x030c7fb3) remu    t6, s8, a6
core   0: 3 0x80007fe4 (0x030c7fb3) x31 0x00000000
core   0: 0x80007fe8 (0x72af8613) addi    a2, t6, 1834
core   0: 3 0x80007fe8 (0x72af8613) x12 0x0000072a
core   0: 0x80007fec (0x1c63e893) ori     a7, t2, 454
core   0: 3 0x80007fec (0x1c63e893) x17 0x000001c6
core   0: 0x80007ff0 (0x00000013) nop
core   0: 3 0x80007ff0 (0x00000013)
core   0: 0x80007ff4 (0x00488333) add     t1, a7, tp
core   0: 3 0x80007ff4 (0x00488333) x 6 0x001fbd9d
core   0: 0x80007ff8 (0x71564a37) lui     s4, 0x71564
core   0: 3 0x80007ff8 (0x71564a37) x20 0x71564000
core   0: 0x80007ffc (0x01e740b3) xor     ra, a4, t5
core   0: 3 0x80007ffc (0x01e740b3) x 1 0x80014e64
core   0: 0x80008000 (0x0023c2b3) xor     t0, t2, sp
core   0: 3 0x80008000 (0x0023c2b3) x 5 0x00000000
core   0: 0x80008004 (0x00000013) nop
core   0: 3 0x80008004 (0x00000013)
core   0: 0x80008008 (0x0366efb3) rem     t6, a3, s6
core   0: 3 0x80008008 (0x0366efb3) x31 0x00000000
core   0: 0x8000800c (0x0011e233) or      tp, gp, ra
core   0: 3 0x8000800c (0x0011e233) x 4 0x80014e64
core   0: 0x80008010 (0x41498f33) sub     t5, s3, s4
core   0: 3 0x80008010 (0x41498f33) x30 0x8ea9c000
core   0: 0x80008014 (0x60cfb313) sltiu   t1, t6, 1548
core   0: 3 0x80008014 (0x60cfb313) x 6 0x00000001
core   0: 0x80008018 (0x88e86517) auipc   a0, 0x88e86
core   0: 3 0x80008018 (0x88e86517) x10 0x08e8e018
core   0: 0x8000801c (0x41170c33) sub     s8, a4, a7
core   0: 3 0x8000801c (0x41170c33) x24 0x80014c9e
core   0: 0x80008020 (0xe4330d93) addi    s11, t1, -445
core   0: 3 0x80008020 (0xe4330d93) x27 0xfffffe44
core   0: 0x80008024 (0x41cc5b93) srai    s7, s8, 28
core   0: 3 0x80008024 (0x41cc5b93) x23 0xfffffff8
core   0: 0x80008028 (0x5440cf13) xori    t5, ra, 1348
core   0: 3 0x80008028 (0x5440cf13) x30 0x80014b20
core   0: 0x8000802c (0x40feda33) sra     s4, t4, a5
core   0: 3 0x8000802c (0x40feda33) x20 0x000001fb
core   0: 0x80008030 (0x01cec333) xor     t1, t4, t3
core   0: 3 0x80008030 (0x01cec333) x 6 0x801fbbd7
core   0: 0x80008034 (0x00000013) nop
core   0: 3 0x80008034 (0x00000013)
core   0: 0x80008038 (0x02b5c333) div     t1, a1, a1
core   0: 3 0x80008038 (0x02b5c333) x 6 0x00000001
core   0: 0x8000803c (0x0062c233) xor     tp, t0, t1
core   0: 3 0x8000803c (0x0062c233) x 4 0x00000001
core   0: 0x80008040 (0x02a97533) remu    a0, s2, a0
core   0: 3 0x80008040 (0x02a97533) x10 0x00000001
core   0: 0x80008044 (0x03e33833) mulhu   a6, t1, t5
core   0: 3 0x80008044 (0x03e33833) x16 0x00000000
core   0: 0x80008048 (0xbc390c37) lui     s8, 0xbc390
core   0: 3 0x80008048 (0xbc390c37) x24 0xbc390000
core   0: 0x8000804c (0x70459517) auipc   a0, 0x70459
core   0: 3 0x8000804c (0x70459517) x10 0xf046104c
core   0: 0x80008050 (0x026b9533) mulh    a0, s7, t1
core   0: 3 0x80008050 (0x026b9533) x10 0xffffffff
core   0: 0x80008054 (0x030f7db3) remu    s11, t5, a6
core   0: 3 0x80008054 (0x030f7db3) x27 0x80014b20
core   0: 0x80008058 (0x417fda33) sra     s4, t6, s7
core   0: 3 0x80008058 (0x417fda33) x20 0x00000000
core   0: 0x8000805c (0x01e81613) slli    a2, a6, 30
core   0: 3 0x8000805c (0x01e81613) x12 0x00000000
core   0: 0x80008060 (0xce50b793) sltiu   a5, ra, -795
core   0: 3 0x80008060 (0xce50b793) x15 0x00000001
core   0: 0x80008064 (0x1835a313) slti    t1, a1, 387
core   0: 3 0x80008064 (0x1835a313) x 6 0x00000001
core   0: 0x80008068 (0xe4ce7493) andi    s1, t3, -436
core   0: 3 0x80008068 (0xe4ce7493) x 9 0x80000000
core   0: 0x8000806c (0x4f8d6793) ori     a5, s10, 1272
core   0: 3 0x8000806c (0x4f8d6793) x15 0x000005fc
core   0: 0x80008070 (0x4135d493) srai    s1, a1, 19
core   0: 3 0x80008070 (0x4135d493) x 9 0xffffffff
core   0: 0x80008074 (0x52567093) andi    ra, a2, 1317
core   0: 3 0x80008074 (0x52567093) x 1 0x00000000
core   0: 0x80008078 (0x106a0313) addi    t1, s4, 262
core   0: 3 0x80008078 (0x106a0313) x 6 0x00000106
core   0: 0x8000807c (0x40448ab3) sub     s5, s1, tp
core   0: 3 0x8000807c (0x40448ab3) x21 0xfffffffe
core   0: 0x80008080 (0x02cdafb3) mulhsu  t6, s11, a2
core   0: 3 0x80008080 (0x02cdafb3) x31 0x00000000
core   0: 0x80008084 (0x0045a433) slt     s0, a1, tp
core   0: 3 0x80008084 (0x0045a433) x 8 0x00000001
core   0: 0x80008088 (0x022c94b3) mulh    s1, s9, sp
core   0: 3 0x80008088 (0x022c94b3) x 9 0x00000000
core   0: 0x8000808c (0x94ccfb13) andi    s6, s9, -1716
core   0: 3 0x8000808c (0x94ccfb13) x22 0x80018844
core   0: 0x80008090 (0x63a78493) addi    s1, a5, 1594
core   0: 3 0x80008090 (0x63a78493) x 9 0x00000c36
core   0: 0x80008094 (0x00c59193) slli    gp, a1, 12
core   0: 3 0x80008094 (0x00c59193) x 3 0xffef5000
core   0: 0x80008098 (0x01dde9b3) or      s3, s11, t4
core   0: 3 0x80008098 (0x01dde9b3) x19 0x801ffbf7
core   0: 0x8000809c (0x00ec7633) and     a2, s8, a4
core   0: 3 0x8000809c (0x00ec7633) x12 0x80010000
core   0: 0x800080a0 (0x41f08933) sub     s2, ra, t6
core   0: 3 0x800080a0 (0x41f08933) x18 0x00000000
core   0: 0x800080a4 (0x022145b3) div     a1, sp, sp
core   0: 3 0x800080a4 (0x022145b3) x11 0xffffffff
core   0: 0x800080a8 (0x039a3fb3) mulhu   t6, s4, s9
core   0: 3 0x800080a8 (0x039a3fb3) x31 0x00000000
core   0: 0x800080ac (0x00f5ff33) and     t5, a1, a5
core   0: 3 0x800080ac (0x00f5ff33) x30 0x000005fc
core   0: 0x800080b0 (0x03888c33) mul     s8, a7, s8
core   0: 3 0x800080b0 (0x03888c33) x24 0xcd160000
core   0: 0x800080b4 (0x00bd6333) or      t1, s10, a1
core   0: 3 0x800080b4 (0x00bd6333) x 6 0xffffffff
core   0: 0x800080b8 (0x40ee0ab3) sub     s5, t3, a4
core   0: 3 0x800080b8 (0x40ee0ab3) x21 0xfffeb19c
core   0: 0x800080bc (0x40025c13) srai    s8, tp, 0
core   0: 3 0x800080bc (0x40025c13) x24 0x00000001
core   0: 0x800080c0 (0x41908db3) sub     s11, ra, s9
core   0: 3 0x800080c0 (0x41908db3) x27 0x7ffe731c
core   0: 0x800080c4 (0x023d9d33) mulh    s10, s11, gp
core   0: 3 0x800080c4 (0x023d9d33) x26 0xfff7a819
core   0: 0x800080c8 (0x0329c933) div     s2, s3, s2
core   0: 3 0x800080c8 (0x0329c933) x18 0xffffffff
core   0: 0x800080cc (0x1803a313) slti    t1, t2, 384
core   0: 3 0x800080cc (0x1803a313) x 6 0x00000001
core   0: 0x800080d0 (0x0080a033) slt     zero, ra, s0
core   0: 3 0x800080d0 (0x0080a033)
core   0: 0x800080d4 (0x021a0d33) mul     s10, s4, ra
core   0: 3 0x800080d4 (0x021a0d33) x26 0x00000000
core   0: 0x800080d8 (0xe8ff84b7) lui     s1, 0xe8ff8
core   0: 3 0x800080d8 (0xe8ff84b7) x 9 0xe8ff8000
core   0: 0x800080dc (0x00165893) srli    a7, a2, 1
core   0: 3 0x800080dc (0x00165893) x17 0x40008000
core   0: 0x800080e0 (0x1a47ef93) ori     t6, a5, 420
core   0: 3 0x800080e0 (0x1a47ef93) x31 0x000005fc
core   0: 0x800080e4 (0x03bccc33) div     s8, s9, s11
core   0: 3 0x800080e4 (0x03bccc33) x24 0xffffffff
core   0: 0x800080e8 (0x00000013) nop
core   0: 3 0x800080e8 (0x00000013)
core   0: 0x800080ec (0x0145ff33) and     t5, a1, s4
core   0: 3 0x800080ec (0x0145ff33) x30 0x00000000
core   0: 0x800080f0 (0x02a15f33) divu    t5, sp, a0
core   0: 3 0x800080f0 (0x02a15f33) x30 0x00000000
core   0: 0x800080f4 (0x01c2aab3) slt     s5, t0, t3
core   0: 3 0x800080f4 (0x01c2aab3) x21 0x00000000
core   0: 0x800080f8 (0x03913db3) mulhu   s11, sp, s9
core   0: 3 0x800080f8 (0x03913db3) x27 0x00000000
core   0: 0x800080fc (0x0044b9b3) sltu    s3, s1, tp
core   0: 3 0x800080fc (0x0044b9b3) x19 0x00000000
core   0: 0x80008100 (0x00ffe5b3) or      a1, t6, a5
core   0: 3 0x80008100 (0x00ffe5b3) x11 0x000005fc
core   0: 0x80008104 (0xd235a093) slti    ra, a1, -733
core   0: 3 0x80008104 (0xd235a093) x 1 0x00000000
core   0: 0x80008108 (0x02cbb3b3) mulhu   t2, s7, a2
core   0: 3 0x80008108 (0x02cbb3b3) x 7 0x8000fffb
core   0: 0x8000810c (0x01bee833) or      a6, t4, s11
core   0: 3 0x8000810c (0x01bee833) x16 0x001fbbd7
core   0: 0x80008110 (0x01a19f93) slli    t6, gp, 26
core   0: 3 0x80008110 (0x01a19f93) x31 0x00000000
core   0: 0x80008114 (0x7fb5a993) slti    s3, a1, 2043
core   0: 3 0x80008114 (0x7fb5a993) x19 0x00000001
core   0: 0x80008118 (0x01e2ed33) or      s10, t0, t5
core   0: 3 0x80008118 (0x01e2ed33) x26 0x00000000
core   0: 0x8000811c (0x41a986b3) sub     a3, s3, s10
core   0: 3 0x8000811c (0x41a986b3) x13 0x00000001
core   0: 0x80008120 (0x00a5dd33) srl     s10, a1, a0
core   0: 3 0x80008120 (0x00a5dd33) x26 0x00000000
core   0: 0x80008124 (0x03569233) mulh    tp, a3, s5
core   0: 3 0x80008124 (0x03569233) x 4 0x00000000
core   0: 0x80008128 (0x3021ee93) ori     t4, gp, 770
core   0: 3 0x80008128 (0x3021ee93) x29 0xffef5302
core   0: 0x8000812c (0x02ad3db3) mulhu   s11, s10, a0
core   0: 3 0x8000812c (0x02ad3db3) x27 0x00000000
core   0: 0x80008130 (0xdd006613) ori     a2, zero, -560
core   0: 3 0x80008130 (0xdd006613) x12 0xfffffdd0
core   0: 0x80008134 (0x000b2ab3) slt     s5, s6, zero
core   0: 3 0x80008134 (0x000b2ab3) x21 0x00000001
core   0: 0x80008138 (0x03d4d2b3) divu    t0, s1, t4
core   0: 3 0x80008138 (0x03d4d2b3) x 5 0x00000000
core   0: 0x8000813c (0x40585933) sra     s2, a6, t0
core   0: 3 0x8000813c (0x40585933) x18 0x001fbbd7
core   0: 0x80008140 (0x59c2aa17) auipc   s4, 0x59c2a
core   0: 3 0x80008140 (0x59c2aa17) x20 0xd9c32140
core   0: 0x80008144 (0x418b08b3) sub     a7, s6, s8
core   0: 3 0x80008144 (0x418b08b3) x17 0x80018845
core   0: 0x80008148 (0x02215f33) divu    t5, sp, sp
core   0: 3 0x80008148 (0x02215f33) x30 0xffffffff
core   0: 0x8000814c (0x41d65933) sra     s2, a2, t4
core   0: 3 0x8000814c (0x41d65933) x18 0xffffff74
core   0: 0x80008150 (0x03f9fdb3) remu    s11, s3, t6
core   0: 3 0x80008150 (0x03f9fdb3) x27 0x00000001
core   0: 0x80008154 (0x023149b3) div     s3, sp, gp
core   0: 3 0x80008154 (0x023149b3) x19 0x00000000
core   0: 0x80008158 (0x01b05ab3) srl     s5, zero, s11
core   0: 3 0x80008158 (0x01b05ab3) x21 0x00000000
core   0: 0x8000815c (0x0193dfb3) srl     t6, t2, s9
core   0: 3 0x8000815c (0x0193dfb3) x31 0x08000fff
core   0: 0x80008160 (0x01ab5fb3) srl     t6, s6, s10
core   0: 3 0x80008160 (0x01ab5fb3) x31 0x80018844
core   0: 0x80008164 (0x018f0133) add     sp, t5, s8
core   0: 3 0x80008164 (0x018f0133) x 2 0xfffffffe
core   0: 0x80008168 (0x032a29b3) mulhsu  s3, s4, s2
core   0: 3 0x80008168 (0x032a29b3) x19 0xd9c32154
core   0: 0x8000816c (0x01111313) slli    t1, sp, 17
core   0: 3 0x8000816c (0x01111313) x 6 0xfffc0000
core   0: 0x80008170 (0xbf6acd13) xori    s10, s5, -1034
core   0: 3 0x80008170 (0xbf6acd13) x26 0xfffffbf6
core   0: 0x80008174 (0x40258ab3) sub     s5, a1, sp
core   0: 3 0x80008174 (0x40258ab3) x21 0x000005fe
core   0: 0x80008178 (0x00000013) nop
core   0: 3 0x80008178 (0x00000013)
core   0: 0x8000817c (0x4d526893) ori     a7, tp, 1237
core   0: 3 0x8000817c (0x4d526893) x17 0x000004d5
core   0: 0x80008180 (0x0223f2b3) remu    t0, t2, sp
core   0: 3 0x80008180 (0x0223f2b3) x 5 0x8000fffb
core   0: 0x80008184 (0x2a90cd93) xori    s11, ra, 681
core   0: 3 0x80008184 (0x2a90cd93) x27 0x000002a9
core   0: 0x80008188 (0x764bf813) andi    a6, s7, 1892
core   0: 3 0x80008188 (0x764bf813) x16 0x00000760
core   0: 0x8000818c (0x306cad93) slti    s11, s9, 774
core   0: 3 0x8000818c (0x306cad93) x27 0x00000001
core   0: 0x80008190 (0x03b3e4b3) rem     s1, t2, s11
core   0: 3 0x80008190 (0x03b3e4b3) x 9 0x00000000
core   0: 0x80008194 (0x01964eb3) xor     t4, a2, s9
core   0: 3 0x80008194 (0x01964eb3) x29 0x7ffe7134
core   0: 0x80008198 (0xcfea0a93) addi    s5, s4, -770
core   0: 3 0x80008198 (0xcfea0a93) x21 0xd9c31e3e
core   0: 0x8000819c (0x01a69933) sll     s2, a3, s10
core   0: 3 0x8000819c (0x01a69933) x18 0x00400000
core   0: 0x800081a0 (0xda820d93) addi    s11, tp, -600
core   0: 3 0x800081a0 (0xda820d93) x27 0xfffffda8
core   0: 0x800081a4 (0x01a8afb3) slt     t6, a7, s10
core   0: 3 0x800081a4 (0x01a8afb3) x31 0x00000000
core   0: 0x800081a8 (0x1957fe93) andi    t4, a5, 405
core   0: 3 0x800081a8 (0x1957fe93) x29 0x00000194
core   0: 0x800081ac (0xd1034293) xori    t0, t1, -752
core   0: 3 0x800081ac (0xd1034293) x 5 0x0003fd10
core   0: 0x800081b0 (0x1fd2b613) sltiu   a2, t0, 509
core   0: 3 0x800081b0 (0x1fd2b613) x12 0x00000000
core   0: 0x800081b4 (0x02c2beb3) mulhu   t4, t0, a2
core   0: 3 0x800081b4 (0x02c2beb3) x29 0x00000000
core   0: 0x800081b8 (0x01adbd33) sltu    s10, s11, s10
core   0: 3 0x800081b8 (0x01adbd33) x26 0x00000000
core   0: 0x800081bc (0x40710c33) sub     s8, sp, t2
core   0: 3 0x800081bc (0x40710c33) x24 0x7fff0003
core   0: 0x800081c0 (0x00c4f533) and     a0, s1, a2
core   0: 3 0x800081c0 (0x00c4f533) x10 0x00000000
core   0: 0x800081c4 (0x035ac2b3) div     t0, s5, s5
core   0: 3 0x800081c4 (0x035ac2b3) x 5 0x00000001
core   0: 0x800081c8 (0x033fc333) div     t1, t6, s3
core   0: 3 0x800081c8 (0x033fc333) x 6 0x00000000
core   0: 0x800081cc (0xb3b2bc13) sltiu   s8, t0, -1221
core   0: 3 0x800081cc (0xb3b2bc13) x24 0x00000001
core   0: 0x800081d0 (0x55898d93) addi    s11, s3, 1368
core   0: 3 0x800081d0 (0x55898d93) x27 0xd9c326ac
core   0: 0x800081d4 (0x75d74493) xori    s1, a4, 1885
core   0: 3 0x800081d4 (0x75d74493) x 9 0x80014939
core   0: 0x800081d8 (0x02e14db3) div     s11, sp, a4
core   0: 3 0x800081d8 (0x02e14db3) x27 0x00000000
core   0: 0x800081dc (0x00485513) srli    a0, a6, 4
core   0: 3 0x800081dc (0x00485513) x10 0x00000076
core   0: 0x800081e0 (0x036168b3) rem     a7, sp, s6
core   0: 3 0x800081e0 (0x036168b3) x17 0xfffffffe
core   0: 0x800081e4 (0x01460a33) add     s4, a2, s4
core   0: 3 0x800081e4 (0x01460a33) x20 0xd9c32140
core   0: 0x800081e8 (0xe2eb8a93) addi    s5, s7, -466
core   0: 3 0x800081e8 (0xe2eb8a93) x21 0xfffffe26
core   0: 0x800081ec (0x14d62513) slti    a0, a2, 333
core   0: 3 0x800081ec (0x14d62513) x10 0x00000001
core   0: 0x800081f0 (0x03e4d9b3) divu    s3, s1, t5
core   0: 3 0x800081f0 (0x03e4d9b3) x19 0x00000000
core   0: 0x800081f4 (0xf9908193) addi    gp, ra, -103
core   0: 3 0x800081f4 (0xf9908193) x 3 0xffffff99
core   0: 0x800081f8 (0x025f1133) mulh    sp, t5, t0
core   0: 3 0x800081f8 (0x025f1133) x 2 0xffffffff
core   0: 0x800081fc (0x021f1b33) mulh    s6, t5, ra
core   0: 3 0x800081fc (0x021f1b33) x22 0x00000000
core   0: 0x80008200 (0x022e3a33) mulhu   s4, t3, sp
core   0: 3 0x80008200 (0x022e3a33) x20 0x7fffffff
core   0: 0x80008204 (0x00fe30b3) sltu    ra, t3, a5
core   0: 3 0x80008204 (0x00fe30b3) x 1 0x00000000
core   0: 0x80008208 (0x00aa8433) add     s0, s5, a0
core   0: 3 0x80008208 (0x00aa8433) x 8 0xfffffe27
core   0: 0x8000820c (0x00a55eb3) srl     t4, a0, a0
core   0: 3 0x8000820c (0x00a55eb3) x29 0x00000000
core   0: 0x80008210 (0xbb33a913) slti    s2, t2, -1101
core   0: 3 0x80008210 (0xbb33a913) x18 0x00000001
core   0: 0x80008214 (0x01cd8133) add     sp, s11, t3
core   0: 3 0x80008214 (0x01cd8133) x 2 0x80000000
core   0: 0x80008218 (0x0185fa33) and     s4, a1, s8
core   0: 3 0x80008218 (0x0185fa33) x20 0x00000000
core   0: 0x8000821c (0x01287ab3) and     s5, a6, s2
core   0: 3 0x8000821c (0x01287ab3) x21 0x00000000
core   0: 0x80008220 (0x03acb233) mulhu   tp, s9, s10
core   0: 3 0x80008220 (0x03acb233) x 4 0x00000000
core   0: 0x80008224 (0x0a1d7593) andi    a1, s10, 161
core   0: 3 0x80008224 (0x0a1d7593) x11 0x00000000
core   0: 0x80008228 (0x00a93fb3) sltu    t6, s2, a0
core   0: 3 0x80008228 (0x00a93fb3) x31 0x00000000
core   0: 0x8000822c (0x8c174c13) xori    s8, a4, -1855
core   0: 3 0x8000822c (0x8c174c13) x24 0x7ffeb6a5
core   0: 0x80008230 (0x1129cd13) xori    s10, s3, 274
core   0: 3 0x80008230 (0x1129cd13) x26 0x00000112
core   0: 0x80008234 (0x01fa9a93) slli    s5, s5, 31
core   0: 3 0x80008234 (0x01fa9a93) x21 0x00000000
core   0: 0x80008238 (0x41350933) sub     s2, a0, s3
core   0: 3 0x80008238 (0x41350933) x18 0x00000001
core   0: 0x8000823c (0xf82e7c13) andi    s8, t3, -126
core   0: 3 0x8000823c (0xf82e7c13) x24 0x80000000
core   0: 0x80008240 (0xb3bff997) auipc   s3, 0xb3bff
core   0: 3 0x80008240 (0xb3bff997) x19 0x33c07240
core   0: 0x80008244 (0x02d8bb33) mulhu   s6, a7, a3
core   0: 3 0x80008244 (0x02d8bb33) x22 0x00000000
core   0: 0x80008248 (0x00e91913) slli    s2, s2, 14
core   0: 3 0x80008248 (0x00e91913) x18 0x00004000
core   0: 0x8000824c (0x018a13b3) sll     t2, s4, s8
core   0: 3 0x8000824c (0x018a13b3) x 7 0x00000000
core   0: 0x80008250 (0x00000013) nop
core   0: 3 0x80008250 (0x00000013)
core   0: 0x80008254 (0xbc73b693) sltiu   a3, t2, -1081
core   0: 3 0x80008254 (0xbc73b693) x13 0x00000001
core   0: 0x80008258 (0x0380b7b3) mulhu   a5, ra, s8
core   0: 3 0x80008258 (0x0380b7b3) x15 0x00000000
core   0: 0x8000825c (0x0039d313) srli    t1, s3, 3
core   0: 3 0x8000825c (0x0039d313) x 6 0x06780e48
core   0: 0x80008260 (0x01364db3) xor     s11, a2, s3
core   0: 3 0x80008260 (0x01364db3) x27 0x33c07240
core   0: 0x80008264 (0x405b08b3) sub     a7, s6, t0
core   0: 3 0x80008264 (0x405b08b3) x17 0xffffffff
core   0: 0x80008268 (0x78644613) xori    a2, s0, 1926
core   0: 3 0x80008268 (0x78644613) x12 0xfffff9a1
core   0: 0x8000826c (0x00dee333) or      t1, t4, a3
core   0: 3 0x8000826c (0x00dee333) x 6 0x00000001
core   0: 0x80008270 (0x003527b3) slt     a5, a0, gp
core   0: 3 0x80008270 (0x003527b3) x15 0x00000000
core   0: 0x80008274 (0x01f4b633) sltu    a2, s1, t6
core   0: 3 0x80008274 (0x01f4b633) x12 0x00000000
core   0: 0x80008278 (0xdd710913) addi    s2, sp, -553
core   0: 3 0x80008278 (0xdd710913) x18 0x7ffffdd7
core   0: 0x8000827c (0x00a99f33) sll     t5, s3, a0
core   0: 3 0x8000827c (0x00a99f33) x30 0x6780e480
core   0: 0x80008280 (0x03285c33) divu    s8, a6, s2
core   0: 3 0x80008280 (0x03285c33) x24 0x00000000
core   0: 0x80008284 (0x02195db3) divu    s11, s2, ra
core   0: 3 0x80008284 (0x02195db3) x27 0xffffffff
core   0: 0x80008288 (0x02edfc33) remu    s8, s11, a4
core   0: 3 0x80008288 (0x02edfc33) x24 0x7ffeb19b
core   0: 0x8000828c (0x01bb2ab3) slt     s5, s6, s11
core   0: 3 0x8000828c (0x01bb2ab3) x21 0x00000000
core   0: 0x80008290 (0xe3b84313) xori    t1, a6, -453
core   0: 3 0x80008290 (0xe3b84313) x 6 0xfffff95b
core   0: 0x80008294 (0x02e217b3) mulh    a5, tp, a4
core   0: 3 0x80008294 (0x02e217b3) x15 0x00000000
core   0: 0x80008298 (0x02557d33) remu    s10, a0, t0
core   0: 3 0x80008298 (0x02557d33) x26 0x00000000
core   0: 0x8000829c (0x009172b3) and     t0, sp, s1
core   0: 3 0x8000829c (0x009172b3) x 5 0x80000000
core   0: 0x800082a0 (0xcadd7193) andi    gp, s10, -851
core   0: 3 0x800082a0 (0xcadd7193) x 3 0x00000000
core   0: 0x800082a4 (0xc9477db7) lui     s11, 0xc9477
core   0: 3 0x800082a4 (0xc9477db7) x27 0xc9477000
core   0: 0x800082a8 (0x03bdac33) mulhsu  s8, s11, s11
core   0: 3 0x800082a8 (0x03bdac33) x24 0xd4f9d1cf
core   0: 0x800082ac (0x02070233) mul     tp, a4, zero
core   0: 3 0x800082ac (0x02070233) x 4 0x00000000
core   0: 0x800082b0 (0x00c593b3) sll     t2, a1, a2
core   0: 3 0x800082b0 (0x00c593b3) x 7 0x00000000
core   0: 0x800082b4 (0x0004c433) xor     s0, s1, zero
core   0: 3 0x800082b4 (0x0004c433) x 8 0x80014939
core   0: 0x800082b8 (0x0211b2b3) mulhu   t0, gp, ra
core   0: 3 0x800082b8 (0x0211b2b3) x 5 0x00000000
core   0: 0x800082bc (0x0333b6b3) mulhu   a3, t2, s3
core   0: 3 0x800082bc (0x0333b6b3) x13 0x00000000
core   0: 0x800082c0 (0x41ec53b3) sra     t2, s8, t5
core   0: 3 0x800082c0 (0x41ec53b3) x 7 0xd4f9d1cf
core   0: 0x800082c4 (0x01cbec33) or      s8, s7, t3
core   0: 3 0x800082c4 (0x01cbec33) x24 0xfffffff8
core   0: 0x800082c8 (0x46e7a813) slti    a6, a5, 1134
core   0: 3 0x800082c8 (0x46e7a813) x16 0x00000001
core   0: 0x800082cc (0x00a39a13) slli    s4, t2, 10
core   0: 3 0x800082cc (0x00a39a13) x20 0xe7473c00
core   0: 0x800082d0 (0x03e5bbb3) mulhu   s7, a1, t5
core   0: 3 0x800082d0 (0x03e5bbb3) x23 0x00000000
core   0: 0x800082d4 (0x02327233) remu    tp, tp, gp
core   0: 3 0x800082d4 (0x02327233) x 4 0x00000000
core   0: 0x800082d8 (0x00cfc4b3) xor     s1, t6, a2
core   0: 3 0x800082d8 (0x00cfc4b3) x 9 0x00000000
core   0: 0x800082dc (0x01207633) and     a2, zero, s2
core   0: 3 0x800082dc (0x01207633) x12 0x00000000
core   0: 0x800082e0 (0x41e088b3) sub     a7, ra, t5
core   0: 3 0x800082e0 (0x41e088b3) x17 0x987f1b80
core   0: 0x800082e4 (0x010d6133) or      sp, s10, a6
core   0: 3 0x800082e4 (0x010d6133) x 2 0x00000001
core   0: 0x800082e8 (0x0318aa33) mulhsu  s4, a7, a7
core   0: 3 0x800082e8 (0x0318aa33) x20 0xc2581444
core   0: 0x800082ec (0x64eb3413) sltiu   s0, s6, 1614
core   0: 3 0x800082ec (0x64eb3413) x 8 0x00000001
core   0: 0x800082f0 (0x008571b3) and     gp, a0, s0
core   0: 3 0x800082f0 (0x008571b3) x 3 0x00000001
core   0: 0x800082f4 (0x03cfb0b3) mulhu   ra, t6, t3
core   0: 3 0x800082f4 (0x03cfb0b3) x 1 0x00000000
core   0: 0x800082f8 (0x031ca1b3) mulhsu  gp, s9, a7
core   0: 3 0x800082f8 (0x031ca1b3) x 3 0xb3c15eac
core   0: 0x800082fc (0x02e576b3) remu    a3, a0, a4
core   0: 3 0x800082fc (0x02e576b3) x13 0x00000001
core   0: 0x80008300 (0x01ad4db3) xor     s11, s10, s10
core   0: 3 0x80008300 (0x01ad4db3) x27 0x00000000
core   0: 0x80008304 (0x401101b3) sub     gp, sp, ra
core   0: 3 0x80008304 (0x401101b3) x 3 0x00000001
core   0: 0x80008308 (0x020bca33) div     s4, s7, zero
core   0: 3 0x80008308 (0x020bca33) x20 0xffffffff
core   0: 0x8000830c (0xe8533313) sltiu   t1, t1, -379
core   0: 3 0x8000830c (0xe8533313) x 6 0x00000001
core   0: 0x80008310 (0xe202c113) xori    sp, t0, -480
core   0: 3 0x80008310 (0xe202c113) x 2 0xfffffe20
core   0: 0x80008314 (0x03d53333) mulhu   t1, a0, t4
core   0: 3 0x80008314 (0x03d53333) x 6 0x00000000
core   0: 0x80008318 (0x00000013) nop
core   0: 3 0x80008318 (0x00000013)
core   0: 0x8000831c (0x00896833) or      a6, s2, s0
core   0: 3 0x8000831c (0x00896833) x16 0x7ffffdd7
core   0: 0x80008320 (0x013290b3) sll     ra, t0, s3
core   0: 3 0x80008320 (0x013290b3) x 1 0x00000000
core   0: 0x80008324 (0xe0578c13) addi    s8, a5, -507
core   0: 3 0x80008324 (0xe0578c13) x24 0xfffffe05
core   0: 0x80008328 (0x40c651b3) sra     gp, a2, a2
core   0: 3 0x80008328 (0x40c651b3) x 3 0x00000000
core   0: 0x8000832c (0xb374e213) ori     tp, s1, -1225
core   0: 3 0x8000832c (0xb374e213) x 4 0xfffffb37
core   0: 0x80008330 (0x000248b3) xor     a7, tp, zero
core   0: 3 0x80008330 (0x000248b3) x17 0xfffffb37
core   0: 0x80008334 (0x00031433) sll     s0, t1, zero
core   0: 3 0x80008334 (0x00031433) x 8 0x00000000
core   0: 0x80008338 (0x00000013) nop
core   0: 3 0x80008338 (0x00000013)
core   0: 0x8000833c (0x01377033) and     zero, a4, s3
core   0: 3 0x8000833c (0x01377033)
core   0: 0x80008340 (0x18473bb7) lui     s7, 0x18473
core   0: 3 0x80008340 (0x18473bb7) x23 0x18473000
core   0: 0x80008344 (0x01b21533) sll     a0, tp, s11
core   0: 3 0x80008344 (0x01b21533) x10 0xfffffb37
core   0: 0x80008348 (0x01540eb3) add     t4, s0, s5
core   0: 3 0x80008348 (0x01540eb3) x29 0x00000000
core   0: 0x8000834c (0x008f95b3) sll     a1, t6, s0
core   0: 3 0x8000834c (0x008f95b3) x11 0x00000000
core   0: 0x80008350 (0x41795a93) srai    s5, s2, 23
core   0: 3 0x80008350 (0x41795a93) x21 0x000000ff
core   0: 0x80008354 (0x033f6033) rem     zero, t5, s3
core   0: 3 0x80008354 (0x033f6033)
core   0: 0x80008358 (0x03b9b1b3) mulhu   gp, s3, s11
core   0: 3 0x80008358 (0x03b9b1b3) x 3 0x00000000
core   0: 0x8000835c (0x039e7633) remu    a2, t3, s9
core   0: 3 0x8000835c (0x039e7633) x12 0x80000000
core   0: 0x80008360 (0x00d00a33) add     s4, zero, a3
core   0: 3 0x80008360 (0x00d00a33) x20 0x00000001
core   0: 0x80008364 (0x84d67813) andi    a6, a2, -1971
core   0: 3 0x80008364 (0x84d67813) x16 0x80000000
core   0: 0x80008368 (0x9c8fe4b7) lui     s1, 0x9c8fe
core   0: 3 0x80008368 (0x9c8fe4b7) x 9 0x9c8fe000
core   0: 0x8000836c (0x01f09c33) sll     s8, ra, t6
core   0: 3 0x8000836c (0x01f09c33) x24 0x00000000
core   0: 0x80008370 (0x66a8e913) ori     s2, a7, 1642
core   0: 3 0x80008370 (0x66a8e913) x18 0xffffff7f
core   0: 0x80008374 (0xf3bbf493) andi    s1, s7, -197
core   0: 3 0x80008374 (0xf3bbf493) x 9 0x18473000
core   0: 0x80008378 (0x20777f93) andi    t6, a4, 519
core   0: 3 0x80008378 (0x20777f93) x31 0x00000204
core   0: 0x8000837c (0xf5b03d13) sltiu   s10, zero, -165
core   0: 3 0x8000837c (0xf5b03d13) x26 0x00000001
core   0: 0x80008380 (0x0285e633) rem     a2, a1, s0
core   0: 3 0x80008380 (0x0285e633) x12 0x00000000
core   0: 0x80008384 (0xf4078317) auipc   t1, 0xf4078
core   0: 3 0x80008384 (0xf4078317) x 6 0x74080384
core   0: 0x80008388 (0x41b0dd93) srai    s11, ra, 27
core   0: 3 0x80008388 (0x41b0dd93) x27 0x00000000
core   0: 0x8000838c (0xf0a62e93) slti    t4, a2, -246
core   0: 3 0x8000838c (0xf0a62e93) x29 0x00000000
core   0: 0x80008390 (0x029164b3) rem     s1, sp, s1
core   0: 3 0x80008390 (0x029164b3) x 9 0xfffffe20
core   0: 0x80008394 (0x56c51897) auipc   a7, 0x56c51
core   0: 3 0x80008394 (0x56c51897) x17 0xd6c59394
core   0: 0x80008398 (0xfdc70893) addi    a7, a4, -36
core   0: 3 0x80008398 (0xfdc70893) x17 0x80014e40
core   0: 0x8000839c (0x01bca2b3) slt     t0, s9, s11
core   0: 3 0x8000839c (0x01bca2b3) x 5 0x00000001
core   0: 0x800083a0 (0x45033f13) sltiu   t5, t1, 1104
core   0: 3 0x800083a0 (0x45033f13) x30 0x00000000
core   0: 0x800083a4 (0x031d4533) div     a0, s10, a7
core   0: 3 0x800083a4 (0x031d4533) x10 0x00000000
core   0: 0x800083a8 (0x00e545b3) xor     a1, a0, a4
core   0: 3 0x800083a8 (0x00e545b3) x11 0x80014e64
core   0: 0x800083ac (0x01809913) slli    s2, ra, 24
core   0: 3 0x800083ac (0x01809913) x18 0x00000000
core   0: 0x800083b0 (0x03a451b3) divu    gp, s0, s10
core   0: 3 0x800083b0 (0x03a451b3) x 3 0x00000000
core   0: 0x800083b4 (0x41e1d593) srai    a1, gp, 30
core   0: 3 0x800083b4 (0x41e1d593) x11 0x00000000
core   0: 0x800083b8 (0xd2efb913) sltiu   s2, t6, -722
core   0: 3 0x800083b8 (0xd2efb913) x18 0x00000001
core   0: 0x800083bc (0x01337833) and     a6, t1, s3
core   0: 3 0x800083bc (0x01337833) x16 0x30000200
core   0: 0x800083c0 (0x00000013) nop
core   0: 3 0x800083c0 (0x00000013)
core   0: 0x800083c4 (0x9ef814b7) lui     s1, 0x9ef81
core   0: 3 0x800083c4 (0x9ef814b7) x 9 0x9ef81000
core   0: 0x800083c8 (0x4d487b93) andi    s7, a6, 1236
core   0: 3 0x800083c8 (0x4d487b93) x23 0x00000000
core   0: 0x800083cc (0x41f85c13) srai    s8, a6, 31
core   0: 3 0x800083cc (0x41f85c13) x24 0x00000000
core   0: 0x800083d0 (0x021c91b3) mulh    gp, s9, ra
core   0: 3 0x800083d0 (0x021c91b3) x 3 0x00000000
core   0: 0x800083d4 (0x01f4aa33) slt     s4, s1, t6
core   0: 3 0x800083d4 (0x01f4aa33) x20 0x00000001
core   0: 0x800083d8 (0x028db2b3) mulhu   t0, s11, s0
core   0: 3 0x800083d8 (0x028db2b3) x 5 0x00000000
core   0: 0x800083dc (0x00fadf33) srl     t5, s5, a5
core   0: 3 0x800083dc (0x00fadf33) x30 0x000000ff
core   0: 0x800083e0 (0xf3befc13) andi    s8, t4, -197
core   0: 3 0x800083e0 (0xf3befc13) x24 0x00000000
core   0: 0x800083e4 (0x4d8dfc13) andi    s8, s11, 1240
core   0: 3 0x800083e4 (0x4d8dfc13) x24 0x00000000
core   0: 0x800083e8 (0x55eb5e97) auipc   t4, 0x55eb5
core   0: 3 0x800083e8 (0x55eb5e97) x29 0xd5ebd3e8
core   0: 0x800083ec (0xe3453f93) sltiu   t6, a0, -460
core   0: 3 0x800083ec (0xe3453f93) x31 0x00000001
core   0: 0x800083f0 (0x03a33333) mulhu   t1, t1, s10
core   0: 3 0x800083f0 (0x03a33333) x 6 0x00000000
core   0: 0x800083f4 (0x0209bdb3) mulhu   s11, s3, zero
core   0: 3 0x800083f4 (0x0209bdb3) x27 0x00000000
core   0: 0x800083f8 (0xddf47513) andi    a0, s0, -545
core   0: 3 0x800083f8 (0xddf47513) x10 0x00000000
core   0: 0x800083fc (0x0108ec33) or      s8, a7, a6
core   0: 3 0x800083fc (0x0108ec33) x24 0xb0014e40
core   0: 0x80008400 (0x00678a33) add     s4, a5, t1
core   0: 3 0x80008400 (0x00678a33) x20 0x00000000
core   0: 0x80008404 (0x40fc8133) sub     sp, s9, a5
core   0: 3 0x80008404 (0x40fc8133) x 2 0x80018ce4
core   0: 0x80008408 (0x039f5ab3) divu    s5, t5, s9
core   0: 3 0x80008408 (0x039f5ab3) x21 0x00000000
core   0: 0x8000840c (0x010823b3) slt     t2, a6, a6
core   0: 3 0x8000840c (0x010823b3) x 7 0x00000000
core   0: 0x80008410 (0x0110bdb3) sltu    s11, ra, a7
core   0: 3 0x80008410 (0x0110bdb3) x27 0x00000001
core   0: 0x80008414 (0x00e84d93) xori    s11, a6, 14
core   0: 3 0x80008414 (0x00e84d93) x27 0x3000020e
core   0: 0x80008418 (0x00c65c33) srl     s8, a2, a2
core   0: 3 0x80008418 (0x00c65c33) x24 0x00000000
core   0: 0x8000841c (0x01522f33) slt     t5, tp, s5
core   0: 3 0x8000841c (0x01522f33) x30 0x00000001
core   0: 0x80008420 (0x02cf45b3) div     a1, t5, a2
core   0: 3 0x80008420 (0x02cf45b3) x11 0xffffffff
core   0: 0x80008424 (0xd0df93b7) lui     t2, 0xd0df9
core   0: 3 0x80008424 (0xd0df93b7) x 7 0xd0df9000
core   0: 0x80008428 (0x98de7c13) andi    s8, t3, -1651
core   0: 3 0x80008428 (0x98de7c13) x24 0x80000000
core   0: 0x8000842c (0x0220b5b3) mulhu   a1, ra, sp
core   0: 3 0x8000842c (0x0220b5b3) x11 0x00000000
core   0: 0x80008430 (0xb1853313) sltiu   t1, a0, -1256
core   0: 3 0x80008430 (0xb1853313) x 6 0x00000001
core   0: 0x80008434 (0x034ff7b3) remu    a5, t6, s4
core   0: 3 0x80008434 (0x034ff7b3) x15 0x00000001
core   0: 0x80008438 (0x00ea5f13) srli    t5, s4, 14
core   0: 3 0x80008438 (0x00ea5f13) x30 0x00000000
core   0: 0x8000843c (0xe43fc293) xori    t0, t6, -445
core   0: 3 0x8000843c (0xe43fc293) x 5 0xfffffe42
core   0: 0x80008440 (0x023addb3) divu    s11, s5, gp
core   0: 3 0x80008440 (0x023addb3) x27 0xffffffff
core   0: 0x80008444 (0x00ac33b3) sltu    t2, s8, a0
core   0: 3 0x80008444 (0x00ac33b3) x 7 0x00000000
core   0: 0x80008448 (0x00e62f33) slt     t5, a2, a4
core   0: 3 0x80008448 (0x00e62f33) x30 0x00000000
core   0: 0x8000844c (0xf47b3d93) sltiu   s11, s6, -185
core   0: 3 0x8000844c (0xf47b3d93) x27 0x00000001
core   0: 0x80008450 (0xc6652d93) slti    s11, a0, -922
core   0: 3 0x80008450 (0xc6652d93) x27 0x00000000
core   0: 0x80008454 (0x013adfb3) srl     t6, s5, s3
core   0: 3 0x80008454 (0x013adfb3) x31 0x00000000
core   0: 0x80008458 (0x01ea5e93) srli    t4, s4, 30
core   0: 3 0x80008458 (0x01ea5e93) x29 0x00000000
core   0: 0x8000845c (0x0218b4b3) mulhu   s1, a7, ra
core   0: 3 0x8000845c (0x0218b4b3) x 9 0x00000000
core   0: 0x80008460 (0x01243ab3) sltu    s5, s0, s2
core   0: 3 0x80008460 (0x01243ab3) x21 0x00000001
core   0: 0x80008464 (0x4163db13) srai    s6, t2, 22
core   0: 3 0x80008464 (0x4163db13) x22 0x00000000
core   0: 0x80008468 (0x54966893) ori     a7, a2, 1353
core   0: 3 0x80008468 (0x54966893) x17 0x00000549
core   0: 0x8000846c (0x02267933) remu    s2, a2, sp
core   0: 3 0x8000846c (0x02267933) x18 0x00000000
core   0: 0x80008470 (0x024db0b3) mulhu   ra, s11, tp
core   0: 3 0x80008470 (0x024db0b3) x 1 0x00000000
core   0: 0x80008474 (0x03841b33) mulh    s6, s0, s8
core   0: 3 0x80008474 (0x03841b33) x22 0x00000000
core   0: 0x80008478 (0x40330213) addi    tp, t1, 1027
core   0: 3 0x80008478 (0x40330213) x 4 0x00000404
core   0: 0x8000847c (0x4159d333) sra     t1, s3, s5
core   0: 3 0x8000847c (0x4159d333) x 6 0x19e03920
core   0: 0x80008480 (0x018c6033) or      zero, s8, s8
core   0: 3 0x80008480 (0x018c6033)
core   0: 0x80008484 (0xd9daa313) slti    t1, s5, -611
core   0: 3 0x80008484 (0xd9daa313) x 6 0x00000000
core   0: 0x80008488 (0x778afc13) andi    s8, s5, 1912
core   0: 3 0x80008488 (0x778afc13) x24 0x00000000
core   0: 0x8000848c (0x02461333) mulh    t1, a2, tp
core   0: 3 0x8000848c (0x02461333) x 6 0x00000000
core   0: 0x80008490 (0x8ec78a13) addi    s4, a5, -1812
core   0: 3 0x80008490 (0x8ec78a13) x20 0xfffff8ed
core   0: 0x80008494 (0x8a302637) lui     a2, 0x8a302
core   0: 3 0x80008494 (0x8a302637) x12 0x8a302000
core   0: 0x80008498 (0x00f90db3) add     s11, s2, a5
core   0: 3 0x80008498 (0x00f90db3) x27 0x00000001
core   0: 0x8000849c (0x00211513) slli    a0, sp, 2
core   0: 3 0x8000849c (0x00211513) x10 0x00063390
core   0: 0x800084a0 (0xd33e4e93) xori    t4, t3, -717
core   0: 3 0x800084a0 (0xd33e4e93) x29 0x7ffffd33
core   0: 0x800084a4 (0x00861993) slli    s3, a2, 8
core   0: 3 0x800084a4 (0x00861993) x19 0x30200000
core   0: 0x800084a8 (0x03da0eb3) mul     t4, s4, t4
core   0: 3 0x800084a8 (0x03da0eb3) x29 0x8013d037
core   0: 0x800084ac (0x006a9f33) sll     t5, s5, t1
core   0: 3 0x800084ac (0x006a9f33) x30 0x00000001
core   0: 0x800084b0 (0x02fb3eb3) mulhu   t4, s6, a5
core   0: 3 0x800084b0 (0x02fb3eb3) x29 0x00000000
core   0: 0x800084b4 (0x027f6133) rem     sp, t5, t2
core   0: 3 0x800084b4 (0x027f6133) x 2 0x00000001
core   0: 0x800084b8 (0x1872a813) slti    a6, t0, 391
core   0: 3 0x800084b8 (0x1872a813) x16 0x00000001
core   0: 0x800084bc (0x02949ab3) mulh    s5, s1, s1
core   0: 3 0x800084bc (0x02949ab3) x21 0x00000000
core   0: 0x800084c0 (0x5a46ceb7) lui     t4, 0x5a46c
core   0: 3 0x800084c0 (0x5a46ceb7) x29 0x5a46c000
core   0: 0x800084c4 (0x03b38f33) mul     t5, t2, s11
core   0: 3 0x800084c4 (0x03b38f33) x30 0x00000000
core   0: 0x800084c8 (0x01a8bbb3) sltu    s7, a7, s10
core   0: 3 0x800084c8 (0x01a8bbb3) x23 0x00000000
core   0: 0x800084cc (0x01ae4c33) xor     s8, t3, s10
core   0: 3 0x800084cc (0x01ae4c33) x24 0x80000001
core   0: 0x800084d0 (0x0373fab3) remu    s5, t2, s7
core   0: 3 0x800084d0 (0x0373fab3) x21 0x00000000
core   0: 0x800084d4 (0x00565f93) srli    t6, a2, 5
core   0: 3 0x800084d4 (0x00565f93) x31 0x04518100
core   0: 0x800084d8 (0x01d09c13) slli    s8, ra, 29
core   0: 3 0x800084d8 (0x01d09c13) x24 0x00000000
core   0: 0x800084dc (0x024ca2b3) mulhsu  t0, s9, tp
core   0: 3 0x800084dc (0x024ca2b3) x 5 0xfffffdfe
core   0: 0x800084e0 (0x02309433) mulh    s0, ra, gp
core   0: 3 0x800084e0 (0x02309433) x 8 0x00000000
core   0: 0x800084e4 (0x03d346b3) div     a3, t1, t4
core   0: 3 0x800084e4 (0x03d346b3) x13 0x00000000
core   0: 0x800084e8 (0x02344533) div     a0, s0, gp
core   0: 3 0x800084e8 (0x02344533) x10 0xffffffff
core   0: 0x800084ec (0x034c8833) mul     a6, s9, s4
core   0: 3 0x800084ec (0x034c8833) x16 0x75084f14
core   0: 0x800084f0 (0x038eb833) mulhu   a6, t4, s8
core   0: 3 0x800084f0 (0x038eb833) x16 0x00000000
core   0: 0x800084f4 (0x012abab3) sltu    s5, s5, s2
core   0: 3 0x800084f4 (0x012abab3) x21 0x00000000
core   0: 0x800084f8 (0x00f45633) srl     a2, s0, a5
core   0: 3 0x800084f8 (0x00f45633) x12 0x00000000
core   0: 0x800084fc (0x00482bb3) slt     s7, a6, tp
core   0: 3 0x800084fc (0x00482bb3) x23 0x00000001
core   0: 0x80008500 (0x03b76533) rem     a0, a4, s11
core   0: 3 0x80008500 (0x03b76533) x10 0x00000000
core   0: 0x80008504 (0x00301633) sll     a2, zero, gp
core   0: 3 0x80008504 (0x00301633) x12 0x00000000
core   0: 0x80008508 (0x03f228b3) mulhsu  a7, tp, t6
core   0: 3 0x80008508 (0x03f228b3) x17 0x00000011
core   0: 0x8000850c (0xc723a913) slti    s2, t2, -910
core   0: 3 0x8000850c (0xc723a913) x18 0x00000000
core   0: 0x80008510 (0x01d2bc33) sltu    s8, t0, t4
core   0: 3 0x80008510 (0x01d2bc33) x24 0x00000000
core   0: 0x80008514 (0x0227ea33) rem     s4, a5, sp
core   0: 3 0x80008514 (0x0227ea33) x20 0x00000000
core   0: 0x80008518 (0xcf00c013) xori    zero, ra, -784
core   0: 3 0x80008518 (0xcf00c013)
core   0: 0x8000851c (0x433a7913) andi    s2, s4, 1075
core   0: 3 0x8000851c (0x433a7913) x18 0x00000000
core   0: 0x80008520 (0x01d39ab3) sll     s5, t2, t4
core   0: 3 0x80008520 (0x01d39ab3) x21 0x00000000
core   0: 0x80008524 (0x41d78fb3) sub     t6, a5, t4
core   0: 3 0x80008524 (0x41d78fb3) x31 0xa5b94001
core   0: 0x80008528 (0x00047bb3) and     s7, s0, zero
core   0: 3 0x80008528 (0x00047bb3) x23 0x00000000
core   0: 0x8000852c (0x03354633) div     a2, a0, s3
core   0: 3 0x8000852c (0x03354633) x12 0x00000000
core   0: 0x80008530 (0x025fe933) rem     s2, t6, t0
core   0: 3 0x80008530 (0x025fe933) x18 0xfffffed3
core   0: 0x80008534 (0x94ccc593) xori    a1, s9, -1716
core   0: 3 0x80008534 (0x94ccc593) x11 0x7ffe75a8
core   0: 0x80008538 (0x037aadb3) mulhsu  s11, s5, s7
core   0: 3 0x80008538 (0x037aadb3) x27 0x00000000
core   0: 0x8000853c (0x4cfe10b7) lui     ra, 0x4cfe1
core   0: 3 0x8000853c (0x4cfe10b7) x 1 0x4cfe1000
core   0: 0x80008540 (0x0314a2b3) mulhsu  t0, s1, a7
core   0: 3 0x80008540 (0x0314a2b3) x 5 0x00000000
core   0: 0x80008544 (0x5b9dcb93) xori    s7, s11, 1465
core   0: 3 0x80008544 (0x5b9dcb93) x23 0x000005b9
core   0: 0x80008548 (0xea9b9ab7) lui     s5, 0xea9b9
core   0: 3 0x80008548 (0xea9b9ab7) x21 0xea9b9000
core   0: 0x8000854c (0x007512b3) sll     t0, a0, t2
core   0: 3 0x8000854c (0x007512b3) x 5 0x00000000
core   0: 0x80008550 (0x00dfebb3) or      s7, t6, a3
core   0: 3 0x80008550 (0x00dfebb3) x23 0xa5b94001
core   0: 0x80008554 (0x74c3ab93) slti    s7, t2, 1868
core   0: 3 0x80008554 (0x74c3ab93) x23 0x00000001
core   0: 0x80008558 (0x01bb68b3) or      a7, s6, s11
core   0: 3 0x80008558 (0x01bb68b3) x17 0x00000000
core   0: 0x8000855c (0x006199b3) sll     s3, gp, t1
core   0: 3 0x8000855c (0x006199b3) x19 0x00000000
core   0: 0x80008560 (0x01e44433) xor     s0, s0, t5
core   0: 3 0x80008560 (0x01e44433) x 8 0x00000000
core   0: 0x80008564 (0x0363e233) rem     tp, t2, s6
core   0: 3 0x80008564 (0x0363e233) x 4 0x00000000
core   0: 0x80008568 (0x03e93f33) mulhu   t5, s2, t5
core   0: 3 0x80008568 (0x03e93f33) x30 0x00000000
core   0: 0x8000856c (0x0004b833) sltu    a6, s1, zero
core   0: 3 0x8000856c (0x0004b833) x16 0x00000000
core   0: 0x80008570 (0x02e0e3b3) rem     t2, ra, a4
core   0: 3 0x80008570 (0x02e0e3b3) x 7 0x4cfe1000
core   0: 0x80008574 (0x03c6bdb3) mulhu   s11, a3, t3
core   0: 3 0x80008574 (0x03c6bdb3) x27 0x00000000
core   0: 0x80008578 (0x414e56b3) sra     a3, t3, s4
core   0: 3 0x80008578 (0x414e56b3) x13 0x80000000
core   0: 0x8000857c (0x01c87ab3) and     s5, a6, t3
core   0: 3 0x8000857c (0x01c87ab3) x21 0x00000000
core   0: 0x80008580 (0x01db9813) slli    a6, s7, 29
core   0: 3 0x80008580 (0x01db9813) x16 0x20000000
core   0: 0x80008584 (0x030ab6b3) mulhu   a3, s5, a6
core   0: 3 0x80008584 (0x030ab6b3) x13 0x00000000
core   0: 0x80008588 (0x41b05093) srai    ra, zero, 27
core   0: 3 0x80008588 (0x41b05093) x 1 0x00000000
core   0: 0x8000858c (0x4134d293) srai    t0, s1, 19
core   0: 3 0x8000858c (0x4134d293) x 5 0x00000000
core   0: 0x80008590 (0x41558a33) sub     s4, a1, s5
core   0: 3 0x80008590 (0x41558a33) x20 0x7ffe75a8
core   0: 0x80008594 (0x014f5793) srli    a5, t5, 20
core   0: 3 0x80008594 (0x014f5793) x15 0x00000000
core   0: 0x80008598 (0x0359e833) rem     a6, s3, s5
core   0: 3 0x80008598 (0x0359e833) x16 0x00000000
core   0: 0x8000859c (0x001a81b3) add     gp, s5, ra
core   0: 3 0x8000859c (0x001a81b3) x 3 0x00000000
core   0: 0x800085a0 (0x01844c33) xor     s8, s0, s8
core   0: 3 0x800085a0 (0x01844c33) x24 0x00000000
core   0: 0x800085a4 (0xa690a517) auipc   a0, 0xa690a
core   0: 3 0x800085a4 (0xa690a517) x10 0x269125a4
core   0: 0x800085a8 (0xf0e73c13) sltiu   s8, a4, -242
core   0: 3 0x800085a8 (0xf0e73c13) x24 0x00000001
core   0: 0x800085ac (0xc2053bb7) lui     s7, 0xc2053
core   0: 3 0x800085ac (0xc2053bb7) x23 0xc2053000
core   0: 0x800085b0 (0x68a42493) slti    s1, s0, 1674
core   0: 3 0x800085b0 (0x68a42493) x 9 0x00000001
core   0: 0x800085b4 (0x408c0333) sub     t1, s8, s0
core   0: 3 0x800085b4 (0x408c0333) x 6 0x00000001
core   0: 0x800085b8 (0x01f1ad33) slt     s10, gp, t6
core   0: 3 0x800085b8 (0x01f1ad33) x26 0x00000000
core   0: 0x800085bc (0x415ad013) srai    zero, s5, 21
core   0: 3 0x800085bc (0x415ad013)
core   0: 0x800085c0 (0x41725533) sra     a0, tp, s7
core   0: 3 0x800085c0 (0x41725533) x10 0x00000000
core   0: 0x800085c4 (0xea313d13) sltiu   s10, sp, -349
core   0: 3 0x800085c4 (0xea313d13) x26 0x00000001
core   0: 0x800085c8 (0x6fa98593) addi    a1, s3, 1786
core   0: 3 0x800085c8 (0x6fa98593) x11 0x000006fa
core   0: 0x800085cc (0x03edc933) div     s2, s11, t5
core   0: 3 0x800085cc (0x03edc933) x18 0xffffffff
core   0: 0x800085d0 (0x03651b33) mulh    s6, a0, s6
core   0: 3 0x800085d0 (0x03651b33) x22 0x00000000
core   0: 0x800085d4 (0x01445bb3) srl     s7, s0, s4
core   0: 3 0x800085d4 (0x01445bb3) x23 0x00000000
core   0: 0x800085d8 (0x024680b3) mul     ra, a3, tp
core   0: 3 0x800085d8 (0x024680b3) x 1 0x00000000
core   0: 0x800085dc (0x005b9fb3) sll     t6, s7, t0
core   0: 3 0x800085dc (0x005b9fb3) x31 0x00000000
core   0: 0x800085e0 (0x013c4b33) xor     s6, s8, s3
core   0: 3 0x800085e0 (0x013c4b33) x22 0x00000001
core   0: 0x800085e4 (0x40c40133) sub     sp, s0, a2
core   0: 3 0x800085e4 (0x40c40133) x 2 0x00000000
core   0: 0x800085e8 (0x01af9f33) sll     t5, t6, s10
core   0: 3 0x800085e8 (0x01af9f33) x30 0x00000000
core   0: 0x800085ec (0x0056f433) and     s0, a3, t0
core   0: 3 0x800085ec (0x0056f433) x 8 0x00000000
core   0: 0x800085f0 (0x0396a2b3) mulhsu  t0, a3, s9
core   0: 3 0x800085f0 (0x0396a2b3) x 5 0x00000000
core   0: 0x800085f4 (0x58d30193) addi    gp, t1, 1421
core   0: 3 0x800085f4 (0x58d30193) x 3 0x0000058e
core   0: 0x800085f8 (0x01b20533) add     a0, tp, s11
core   0: 3 0x800085f8 (0x01b20533) x10 0x00000000
core   0: 0x800085fc (0x00e0cf33) xor     t5, ra, a4
core   0: 3 0x800085fc (0x00e0cf33) x30 0x80014e64
core   0: 0x80008600 (0x2abea493) slti    s1, t4, 683
core   0: 3 0x80008600 (0x2abea493) x 9 0x00000000
core   0: 0x80008604 (0x02094c33) div     s8, s2, zero
core   0: 3 0x80008604 (0x02094c33) x24 0xffffffff
core   0: 0x80008608 (0x4036d593) srai    a1, a3, 3
core   0: 3 0x80008608 (0x4036d593) x11 0x00000000
core   0: 0x8000860c (0x0044df13) srli    t5, s1, 4
core   0: 3 0x8000860c (0x0044df13) x30 0x00000000
core   0: 0x80008610 (0x3a61c313) xori    t1, gp, 934
core   0: 3 0x80008610 (0x3a61c313) x 6 0x00000628
core   0: 0x80008614 (0x01641e93) slli    t4, s0, 22
core   0: 3 0x80008614 (0x01641e93) x29 0x00000000
core   0: 0x80008618 (0x41ac5f33) sra     t5, s8, s10
core   0: 3 0x80008618 (0x41ac5f33) x30 0xffffffff
core   0: 0x8000861c (0x402a8c33) sub     s8, s5, sp
core   0: 3 0x8000861c (0x402a8c33) x24 0x00000000
core   0: 0x80008620 (0x00ccf333) and     t1, s9, a2
core   0: 3 0x80008620 (0x00ccf333) x 6 0x00000000
core   0: 0x80008624 (0x01f08c33) add     s8, ra, t6
core   0: 3 0x80008624 (0x01f08c33) x24 0x00000000
core   0: 0x80008628 (0x407b8233) sub     tp, s7, t2
core   0: 3 0x80008628 (0x407b8233) x 4 0xb301f000
core   0: 0x8000862c (0x72f7bdb7) lui     s11, 0x72f7b
core   0: 3 0x8000862c (0x72f7bdb7) x27 0x72f7b000
core   0: 0x80008630 (0x01808c33) add     s8, ra, s8
core   0: 3 0x80008630 (0x01808c33) x24 0x00000000
core   0: 0x80008634 (0x015a5113) srli    sp, s4, 21
core   0: 3 0x80008634 (0x015a5113) x 2 0x000003ff
core   0: 0x80008638 (0x02799d33) mulh    s10, s3, t2
core   0: 3 0x80008638 (0x02799d33) x26 0x00000000
core   0: 0x8000863c (0x00cb9a33) sll     s4, s7, a2
core   0: 3 0x8000863c (0x00cb9a33) x20 0x00000000
core   0: 0x80008640 (0x01f87533) and     a0, a6, t6
core   0: 3 0x80008640 (0x01f87533) x10 0x00000000
core   0: 0x80008644 (0x03a0bdb3) mulhu   s11, ra, s10
core   0: 3 0x80008644 (0x03a0bdb3) x27 0x00000000
core   0: 0x80008648 (0x018fdf33) srl     t5, t6, s8
core   0: 3 0x80008648 (0x018fdf33) x30 0x00000000
core   0: 0x8000864c (0x00aea233) slt     tp, t4, a0
core   0: 3 0x8000864c (0x00aea233) x 4 0x00000000
core   0: 0x80008650 (0x029e3c33) mulhu   s8, t3, s1
core   0: 3 0x80008650 (0x029e3c33) x24 0x00000000
core   0: 0x80008654 (0x01fd6c33) or      s8, s10, t6
core   0: 3 0x80008654 (0x01fd6c33) x24 0x00000000
core   0: 0x80008658 (0xde5b0117) auipc   sp, 0xde5b0
core   0: 3 0x80008658 (0xde5b0117) x 2 0x5e5b8658
core   0: 0x8000865c (0x03dc55b3) divu    a1, s8, t4
core   0: 3 0x8000865c (0x03dc55b3) x11 0xffffffff
core   0: 0x80008660 (0x03299a33) mulh    s4, s3, s2
core   0: 3 0x80008660 (0x03299a33) x20 0x00000000
core   0: 0x80008664 (0x02200f33) mul     t5, zero, sp
core   0: 3 0x80008664 (0x02200f33) x30 0x00000000
core   0: 0x80008668 (0x4c576213) ori     tp, a4, 1221
core   0: 3 0x80008668 (0x4c576213) x 4 0x80014ee5
core   0: 0x8000866c (0x00cb0a33) add     s4, s6, a2
core   0: 3 0x8000866c (0x00cb0a33) x20 0x00000001
core   0: 0x80008670 (0x40975f93) srai    t6, a4, 9
core   0: 3 0x80008670 (0x40975f93) x31 0xffc000a7
core   0: 0x80008674 (0x00e38333) add     t1, t2, a4
core   0: 3 0x80008674 (0x00e38333) x 6 0xccff5e64
core   0: 0x80008678 (0x03472bb3) mulhsu  s7, a4, s4
core   0: 3 0x80008678 (0x03472bb3) x23 0xffffffff
core   0: 0x8000867c (0x02c72033) mulhsu  zero, a4, a2
core   0: 3 0x8000867c (0x02c72033)
core   0: 0x80008680 (0x0015e5b3) or      a1, a1, ra
core   0: 3 0x80008680 (0x0015e5b3) x11 0xffffffff
core   0: 0x80008684 (0xd1a82a93) slti    s5, a6, -742
core   0: 3 0x80008684 (0xd1a82a93) x21 0x00000000
core   0: 0x80008688 (0x01ed04b3) add     s1, s10, t5
core   0: 3 0x80008688 (0x01ed04b3) x 9 0x00000000
core   0: 0x8000868c (0x019fd813) srli    a6, t6, 25
core   0: 3 0x8000868c (0x019fd813) x16 0x0000007f
core   0: 0x80008690 (0x41d3d133) sra     sp, t2, t4
core   0: 3 0x80008690 (0x41d3d133) x 2 0x4cfe1000
core   0: 0x80008694 (0x010c0bb3) add     s7, s8, a6
core   0: 3 0x80008694 (0x010c0bb3) x23 0x0000007f
core   0: 0x80008698 (0x01346b33) or      s6, s0, s3
core   0: 3 0x80008698 (0x01346b33) x22 0x00000000
core   0: 0x8000869c (0x003fbfb3) sltu    t6, t6, gp
core   0: 3 0x8000869c (0x003fbfb3) x31 0x00000000
core   0: 0x800086a0 (0x03c26633) rem     a2, tp, t3
core   0: 3 0x800086a0 (0x03c26633) x12 0x80014ee5
core   0: 0x800086a4 (0x01c34ab3) xor     s5, t1, t3
core   0: 3 0x800086a4 (0x01c34ab3) x21 0x4cff5e64
core   0: 0x800086a8 (0x02d26bb3) rem     s7, tp, a3
core   0: 3 0x800086a8 (0x02d26bb3) x23 0x80014ee5
core   0: 0x800086ac (0x02722db3) mulhsu  s11, tp, t2
core   0: 3 0x800086ac (0x02722db3) x27 0xd9815cb8
core   0: 0x800086b0 (0x03330db3) mul     s11, t1, s3
core   0: 3 0x800086b0 (0x03330db3) x27 0x00000000
core   0: 0x800086b4 (0x006b9a13) slli    s4, s7, 6
core   0: 3 0x800086b4 (0x006b9a13) x20 0x0053b940
core   0: 0x800086b8 (0xbc68ab97) auipc   s7, 0xbc68a
core   0: 3 0x800086b8 (0xbc68ab97) x23 0x3c6926b8
core   0: 0x800086bc (0x004407b3) add     a5, s0, tp
core   0: 3 0x800086bc (0x004407b3) x15 0x80014ee5
core   0: 0x800086c0 (0x020dd0b3) divu    ra, s11, zero
core   0: 3 0x800086c0 (0x020dd0b3) x 1 0xffffffff
core   0: 0x800086c4 (0x402f2b93) slti    s7, t5, 1026
core   0: 3 0x800086c4 (0x402f2b93) x23 0x00000001
core   0: 0x800086c8 (0x00661213) slli    tp, a2, 6
core   0: 3 0x800086c8 (0x00661213) x 4 0x0053b940
core   0: 0x800086cc (0x038521b3) mulhsu  gp, a0, s8
core   0: 3 0x800086cc (0x038521b3) x 3 0x00000000
core   0: 0x800086d0 (0x42d2bd13) sltiu   s10, t0, 1069
core   0: 3 0x800086d0 (0x42d2bd13) x26 0x00000001
core   0: 0x800086d4 (0x00d95333) srl     t1, s2, a3
core   0: 3 0x800086d4 (0x00d95333) x 6 0xffffffff
core   0: 0x800086d8 (0x026d11b3) mulh    gp, s10, t1
core   0: 3 0x800086d8 (0x026d11b3) x 3 0xffffffff
core   0: 0x800086dc (0x00d29533) sll     a0, t0, a3
core   0: 3 0x800086dc (0x00d29533) x10 0x00000000
core   0: 0x800086e0 (0xb70a3d13) sltiu   s10, s4, -1168
core   0: 3 0x800086e0 (0xb70a3d13) x26 0x00000001
core   0: 0x800086e4 (0x4013dd13) srai    s10, t2, 1
core   0: 3 0x800086e4 (0x4013dd13) x26 0x267f0800
core   0: 0x800086e8 (0x02e99133) mulh    sp, s3, a4
core   0: 3 0x800086e8 (0x02e99133) x 2 0x00000000
core   0: 0x800086ec (0x402c0d33) sub     s10, s8, sp
core   0: 3 0x800086ec (0x402c0d33) x26 0x00000000
core   0: 0x800086f0 (0x003c7db3) and     s11, s8, gp
core   0: 3 0x800086f0 (0x003c7db3) x27 0x00000000
core   0: 0x800086f4 (0x0235d133) divu    sp, a1, gp
core   0: 3 0x800086f4 (0x0235d133) x 2 0x00000001
core   0: 0x800086f8 (0x92506193) ori     gp, zero, -1755
core   0: 3 0x800086f8 (0x92506193) x 3 0xfffff925
core   0: 0x800086fc (0x00ec4db3) xor     s11, s8, a4
core   0: 3 0x800086fc (0x00ec4db3) x27 0x80014e64
core   0: 0x80008700 (0x403ada13) srai    s4, s5, 3
core   0: 3 0x80008700 (0x403ada13) x20 0x099febcc
core   0: 0x80008704 (0x09000993) li      s3, 144
core   0: 3 0x80008704 (0x09000993) x19 0x00000090
core   0: 0x80008708 (0x01b02c33) slt     s8, zero, s11
core   0: 3 0x80008708 (0x01b02c33) x24 0x00000000
core   0: 0x8000870c (0x036cddb3) divu    s11, s9, s6
core   0: 3 0x8000870c (0x036cddb3) x27 0xffffffff
core   0: 0x80008710 (0xffeeb893) sltiu   a7, t4, -2
core   0: 3 0x80008710 (0xffeeb893) x17 0x00000001
core   0: 0x80008714 (0x41665db3) sra     s11, a2, s6
core   0: 3 0x80008714 (0x41665db3) x27 0x80014ee5
core   0: 0x80008718 (0x0261f433) remu    s0, gp, t1
core   0: 3 0x80008718 (0x0261f433) x 8 0xfffff925
core   0: 0x8000871c (0x0043c433) xor     s0, t2, tp
core   0: 3 0x8000871c (0x0043c433) x 8 0x4cada940
core   0: 0x80008720 (0x02ccd433) divu    s0, s9, a2
core   0: 3 0x80008720 (0x02ccd433) x 8 0x00000001
core   0: 0x80008724 (0x03e12933) mulhsu  s2, sp, t5
core   0: 3 0x80008724 (0x03e12933) x18 0x00000000
core   0: 0x80008728 (0x004f1d13) slli    s10, t5, 4
core   0: 3 0x80008728 (0x004f1d13) x26 0x00000000
core   0: 0x8000872c (0x02cbdd33) divu    s10, s7, a2
core   0: 3 0x8000872c (0x02cbdd33) x26 0x00000000
core   0: 0x80008730 (0x01edd893) srli    a7, s11, 30
core   0: 3 0x80008730 (0x01edd893) x17 0x00000002
core   0: 0x80008734 (0x40a880b3) sub     ra, a7, a0
core   0: 3 0x80008734 (0x40a880b3) x 1 0x00000002
core   0: 0x80008738 (0x031266b3) rem     a3, tp, a7
core   0: 3 0x80008738 (0x031266b3) x13 0x00000000
core   0: 0x8000873c (0x7e5afb93) andi    s7, s5, 2021
core   0: 3 0x8000873c (0x7e5afb93) x23 0x00000664
core   0: 0x80008740 (0xf0e18193) addi    gp, gp, -242
core   0: 3 0x80008740 (0xf0e18193) x 3 0xfffff833
core   0: 0x80008744 (0x0336eeb3) rem     t4, a3, s3
core   0: 3 0x80008744 (0x0336eeb3) x29 0x00000000
core   0: 0x80008748 (0x02c72db3) mulhsu  s11, a4, a2
core   0: 3 0x80008748 (0x02c72db3) x27 0xbfffffc1
core   0: 0x8000874c (0x03c2bfb3) mulhu   t6, t0, t3
core   0: 3 0x8000874c (0x03c2bfb3) x31 0x00000000
core   0: 0x80008750 (0x03371333) mulh    t1, a4, s3
core   0: 3 0x80008750 (0x03371333) x 6 0xffffffb8
core   0: 0x80008754 (0x001944b3) xor     s1, s2, ra
core   0: 3 0x80008754 (0x001944b3) x 9 0x00000002
core   0: 0x80008758 (0x025bceb3) div     t4, s7, t0
core   0: 3 0x80008758 (0x025bceb3) x29 0xffffffff
core   0: 0x8000875c (0x00c549b3) xor     s3, a0, a2
core   0: 3 0x8000875c (0x00c549b3) x19 0x80014ee5
core   0: 0x80008760 (0x03e43533) mulhu   a0, s0, t5
core   0: 3 0x80008760 (0x03e43533) x10 0x00000000
core   0: 0x80008764 (0x425c3097) auipc   ra, 0x425c3
core   0: 3 0x80008764 (0x425c3097) x 1 0xc25cb764
core   0: 0x80008768 (0x9e7e3c37) lui     s8, 0x9e7e3
core   0: 3 0x80008768 (0x9e7e3c37) x24 0x9e7e3000
core   0: 0x8000876c (0x9b7c4313) xori    t1, s8, -1609
core   0: 3 0x8000876c (0x9b7c4313) x 6 0x6181c9b7
core   0: 0x80008770 (0xe8d84613) xori    a2, a6, -371
core   0: 3 0x80008770 (0xe8d84613) x12 0xfffffef2
core   0: 0x80008774 (0x01b3ff33) and     t5, t2, s11
core   0: 3 0x80008774 (0x01b3ff33) x30 0x0cfe1000
core   0: 0x80008778 (0x01973c33) sltu    s8, a4, s9
core   0: 3 0x80008778 (0x01973c33) x24 0x00000001
core   0: 0x8000877c (0x0392a933) mulhsu  s2, t0, s9
core   0: 3 0x8000877c (0x0392a933) x18 0x00000000
core   0: 0x80008780 (0x03a4c133) div     sp, s1, s10
core   0: 3 0x80008780 (0x03a4c133) x 2 0xffffffff
core   0: 0x80008784 (0x02d6c4b3) div     s1, a3, a3
core   0: 3 0x80008784 (0x02d6c4b3) x 9 0xffffffff
core   0: 0x80008788 (0x00000013) nop
core   0: 3 0x80008788 (0x00000013)
core   0: 0x8000878c (0x00518433) add     s0, gp, t0
core   0: 3 0x8000878c (0x00518433) x 8 0xfffff833
core   0: 0x80008790 (0x326d3a93) sltiu   s5, s10, 806
core   0: 3 0x80008790 (0x326d3a93) x21 0x00000001
core   0: 0x80008794 (0x400ed933) sra     s2, t4, zero
core   0: 3 0x80008794 (0x400ed933) x18 0xffffffff
core   0: 0x80008798 (0x0e088e93) addi    t4, a7, 224
core   0: 3 0x80008798 (0x0e088e93) x29 0x000000e2
core   0: 0x8000879c (0x01d96633) or      a2, s2, t4
core   0: 3 0x8000879c (0x01d96633) x12 0xffffffff
core   0: 0x800087a0 (0x00000013) nop
core   0: 3 0x800087a0 (0x00000013)
core   0: 0x800087a4 (0x00b7fdb3) and     s11, a5, a1
core   0: 3 0x800087a4 (0x00b7fdb3) x27 0x80014ee5
core   0: 0x800087a8 (0x02c9dd33) divu    s10, s3, a2
core   0: 3 0x800087a8 (0x02c9dd33) x26 0x00000000
core   0: 0x800087ac (0x0133fd33) and     s10, t2, s3
core   0: 3 0x800087ac (0x0133fd33) x26 0x00000000
core   0: 0x800087b0 (0x02075133) divu    sp, a4, zero
core   0: 3 0x800087b0 (0x02075133) x 2 0xffffffff
core   0: 0x800087b4 (0x00d25993) srli    s3, tp, 13
core   0: 3 0x800087b4 (0x00d25993) x19 0x0000029d
core   0: 0x800087b8 (0x0111e933) or      s2, gp, a7
core   0: 3 0x800087b8 (0x0111e933) x18 0xfffff833
core   0: 0x800087bc (0x03e590b3) mulh    ra, a1, t5
core   0: 3 0x800087bc (0x03e590b3) x 1 0xffffffff
core   0: 0x800087c0 (0x02419933) mulh    s2, gp, tp
core   0: 3 0x800087c0 (0x02419933) x18 0xfffffffd
core   0: 0x800087c4 (0xb05b0413) addi    s0, s6, -1275
core   0: 3 0x800087c4 (0xb05b0413) x 8 0xfffffb05
core   0: 0x800087c8 (0x41c381b3) sub     gp, t2, t3
core   0: 3 0x800087c8 (0x41c381b3) x 3 0xccfe1000
core   0: 0x800087cc (0x0238d333) divu    t1, a7, gp
core   0: 3 0x800087cc (0x0238d333) x 6 0x00000000
core   0: 0x800087d0 (0x95dca413) slti    s0, s9, -1699
core   0: 3 0x800087d0 (0x95dca413) x 8 0x00000001
core   0: 0x800087d4 (0xe687f113) andi    sp, a5, -408
core   0: 3 0x800087d4 (0xe687f113) x 2 0x80014e60
core   0: 0x800087d8 (0x338a6a13) ori     s4, s4, 824
core   0: 3 0x800087d8 (0x338a6a13) x20 0x099febfc
core   0: 0x800087dc (0x4095d333) sra     t1, a1, s1
core   0: 3 0x800087dc (0x4095d333) x 6 0xffffffff
core   0: 0x800087e0 (0x22bce093) ori     ra, s9, 555
core   0: 3 0x800087e0 (0x22bce093) x 1 0x80018eef
core   0: 0x800087e4 (0x02520533) mul     a0, tp, t0
core   0: 3 0x800087e4 (0x02520533) x10 0x00000000
core   0: 0x800087e8 (0x25207d13) andi    s10, zero, 594
core   0: 3 0x800087e8 (0x25207d13) x26 0x00000000
core   0: 0x800087ec (0x2cf3ff13) andi    t5, t2, 719
core   0: 3 0x800087ec (0x2cf3ff13) x30 0x00000000
core   0: 0x800087f0 (0x01ce6d33) or      s10, t3, t3
core   0: 3 0x800087f0 (0x01ce6d33) x26 0x80000000
core   0: 0x800087f4 (0x0136c033) xor     zero, a3, s3
core   0: 3 0x800087f4 (0x0136c033)
core   0: 0x800087f8 (0x03c091b3) mulh    gp, ra, t3
core   0: 3 0x800087f8 (0x03c091b3) x 3 0x3fff3888
core   0: 0x800087fc (0xc706a097) auipc   ra, 0xc706a
core   0: 3 0x800087fc (0xc706a097) x 1 0x470727fc
core   0: 0x80008800 (0x07472c13) slti    s8, a4, 116
core   0: 3 0x80008800 (0x07472c13) x24 0x00000001
core   0: 0x80008804 (0x06754393) xori    t2, a0, 103
core   0: 3 0x80008804 (0x06754393) x 7 0x00000067
core   0: 0x80008808 (0x03bc82b3) mul     t0, s9, s11
core   0: 3 0x80008808 (0x03bc82b3) x 5 0x87347ff4
core   0: 0x8000880c (0x8dfea697) auipc   a3, 0x8dfea
core   0: 3 0x8000880c (0x8dfea697) x13 0x0dff280c
core   0: 0x80008810 (0x016253b3) srl     t2, tp, s6
core   0: 3 0x80008810 (0x016253b3) x 7 0x0053b940
core   0: 0x80008814 (0x6d5fba97) auipc   s5, 0x6d5fb
core   0: 3 0x80008814 (0x6d5fba97) x21 0xed603814
core   0: 0x80008818 (0x0e65ab13) slti    s6, a1, 230
core   0: 3 0x80008818 (0x0e65ab13) x22 0x00000001
core   0: 0x8000881c (0xdc69c613) xori    a2, s3, -570
core   0: 3 0x8000881c (0xdc69c613) x12 0xffffff5b
core   0: 0x80008820 (0x84302293) slti    t0, zero, -1981
core   0: 3 0x80008820 (0x84302293) x 5 0x00000000
core   0: 0x80008824 (0x0000a7b3) slt     a5, ra, zero
core   0: 3 0x80008824 (0x0000a7b3) x15 0x00000000
core   0: 0x80008828 (0x40c154b3) sra     s1, sp, a2
core   0: 3 0x80008828 (0x40c154b3) x 9 0xfffffff0
core   0: 0x8000882c (0x00000013) nop
core   0: 3 0x8000882c (0x00000013)
core   0: 0x80008830 (0x7aa2e193) ori     gp, t0, 1962
core   0: 3 0x80008830 (0x7aa2e193) x 3 0x000007aa
core   0: 0x80008834 (0x00ea2db3) slt     s11, s4, a4
core   0: 3 0x80008834 (0x00ea2db3) x27 0x00000000
core   0: 0x80008838 (0xb0a38a13) addi    s4, t2, -1270
core   0: 3 0x80008838 (0xb0a38a13) x20 0x0053b44a
core   0: 0x8000883c (0x411b0b33) sub     s6, s6, a7
core   0: 3 0x8000883c (0x411b0b33) x22 0xffffffff
core   0: 0x80008840 (0xba37bc17) auipc   s8, 0xba37b
core   0: 3 0x80008840 (0xba37bc17) x24 0x3a383840
core   0: 0x80008844 (0xade17113) andi    sp, sp, -1314
core   0: 3 0x80008844 (0xade17113) x 2 0x80014a40
core   0: 0x80008848 (0xa8547c13) andi    s8, s0, -1403
core   0: 3 0x80008848 (0xa8547c13) x24 0x00000001
core   0: 0x8000884c (0x0346b933) mulhu   s2, a3, s4
core   0: 3 0x8000884c (0x0346b933) x18 0x00049395
core   0: 0x80008850 (0x01d362b3) or      t0, t1, t4
core   0: 3 0x80008850 (0x01d362b3) x 5 0xffffffff
core   0: 0x80008854 (0x410284b3) sub     s1, t0, a6
core   0: 3 0x80008854 (0x410284b3) x 9 0xffffff80
core   0: 0x80008858 (0x034d7fb3) remu    t6, s10, s4
core   0: 3 0x80008858 (0x034d7fb3) x31 0x0027a2fa
core   0: 0x8000885c (0x00000013) nop
core   0: 3 0x8000885c (0x00000013)
core   0: 0x80008860 (0x404b5133) sra     sp, s6, tp
core   0: 3 0x80008860 (0x404b5133) x 2 0xffffffff
core   0: 0x80008864 (0xbfe3c693) xori    a3, t2, -1026
core   0: 3 0x80008864 (0xbfe3c693) x13 0xffac42be
core   0: 0x80008868 (0x0201deb3) divu    t4, gp, zero
core   0: 3 0x80008868 (0x0201deb3) x29 0xffffffff
core   0: 0x8000886c (0x00c3ef33) or      t5, t2, a2
core   0: 3 0x8000886c (0x00c3ef33) x30 0xffffff5b
core   0: 0x80008870 (0x0004abb3) slt     s7, s1, zero
core   0: 3 0x80008870 (0x0004abb3) x23 0x00000001
core   0: 0x80008874 (0x1d77ae93) slti    t4, a5, 471
core   0: 3 0x80008874 (0x1d77ae93) x29 0x00000001
core   0: 0x80008878 (0x059ad3b7) lui     t2, 0x59ad
core   0: 3 0x80008878 (0x059ad3b7) x 7 0x059ad000
core   0: 0x8000887c (0xfc0a3513) sltiu   a0, s4, -64
core   0: 3 0x8000887c (0xfc0a3513) x10 0x00000001
core   0: 0x80008880 (0x41028fb3) sub     t6, t0, a6
core   0: 3 0x80008880 (0x41028fb3) x31 0xffffff80
core   0: 0x80008884 (0x7ae8f993) andi    s3, a7, 1966
core   0: 3 0x80008884 (0x7ae8f993) x19 0x00000002
core   0: 0x80008888 (0x01e31413) slli    s0, t1, 30
core   0: 3 0x80008888 (0x01e31413) x 8 0xc0000000
core   0: 0x8000888c (0x02105033) divu    zero, zero, ra
core   0: 3 0x8000888c (0x02105033)
core   0: 0x80008890 (0x02939f33) mulh    t5, t2, s1
core   0: 3 0x80008890 (0x02939f33) x30 0xfffffffd
core   0: 0x80008894 (0xf5f94c13) xori    s8, s2, -161
core   0: 3 0x80008894 (0xf5f94c13) x24 0xfffb6cca
core   0: 0x80008898 (0x40b1d033) sra     zero, gp, a1
core   0: 3 0x80008898 (0x40b1d033)
core   0: 0x8000889c (0x028505b3) mul     a1, a0, s0
core   0: 3 0x8000889c (0x028505b3) x11 0xc0000000
core   0: 0x800088a0 (0x019f1993) slli    s3, t5, 25
core   0: 3 0x800088a0 (0x019f1993) x19 0xfa000000
core   0: 0x800088a4 (0x02ba8eb3) mul     t4, s5, a1
core   0: 3 0x800088a4 (0x02ba8eb3) x29 0x00000000
core   0: 0x800088a8 (0x02bc4f33) div     t5, s8, a1
core   0: 3 0x800088a8 (0x02bc4f33) x30 0x00000000
core   0: 0x800088ac (0x01f29e93) slli    t4, t0, 31
core   0: 3 0x800088ac (0x01f29e93) x29 0x80000000
core   0: 0x800088b0 (0x03136933) rem     s2, t1, a7
core   0: 3 0x800088b0 (0x03136933) x18 0xffffffff
core   0: 0x800088b4 (0x78d24b93) xori    s7, tp, 1933
core   0: 3 0x800088b4 (0x78d24b93) x23 0x0053becd
core   0: 0x800088b8 (0x406c03b3) sub     t2, s8, t1
core   0: 3 0x800088b8 (0x406c03b3) x 7 0xfffb6ccb
core   0: 0x800088bc (0x03dfbd33) mulhu   s10, t6, t4
core   0: 3 0x800088bc (0x03dfbd33) x26 0x7fffffc0
core   0: 0x800088c0 (0x03c9c4b3) div     s1, s3, t3
core   0: 3 0x800088c0 (0x03c9c4b3) x 9 0x00000000
core   0: 0x800088c4 (0x00106533) or      a0, zero, ra
core   0: 3 0x800088c4 (0x00106533) x10 0x470727fc
core   0: 0x800088c8 (0x01201333) sll     t1, zero, s2
core   0: 3 0x800088c8 (0x01201333) x 6 0x00000000
core   0: 0x800088cc (0x02180a33) mul     s4, a6, ra
core   0: 3 0x800088cc (0x02180a33) x20 0x3c8cd604
core   0: 0x800088d0 (0xb10a3493) sltiu   s1, s4, -1264
core   0: 3 0x800088d0 (0xb10a3493) x 9 0x00000001
core   0: 0x800088d4 (0x405e80b3) sub     ra, t4, t0
core   0: 3 0x800088d4 (0x405e80b3) x 1 0x80000001
core   0: 0x800088d8 (0x02f1ca33) div     s4, gp, a5
core   0: 3 0x800088d8 (0x02f1ca33) x20 0xffffffff
core   0: 0x800088dc (0x67fc3f13) sltiu   t5, s8, 1663
core   0: 3 0x800088dc (0x67fc3f13) x30 0x00000000
core   0: 0x800088e0 (0x28487f93) andi    t6, a6, 644
core   0: 3 0x800088e0 (0x28487f93) x31 0x00000004
core   0: 0x800088e4 (0x00e0cab3) xor     s5, ra, a4
core   0: 3 0x800088e4 (0x00e0cab3) x21 0x00014e65
core   0: 0x800088e8 (0x01185193) srli    gp, a6, 17
core   0: 3 0x800088e8 (0x01185193) x 3 0x00000000
core   0: 0x800088ec (0xd9237313) andi    t1, t1, -622
core   0: 3 0x800088ec (0xd9237313) x 6 0x00000000
core   0: 0x800088f0 (0x8b784817) auipc   a6, 0x8b784
core   0: 3 0x800088f0 (0x8b784817) x16 0x0b78c8f0
core   0: 0x800088f4 (0x03a73833) mulhu   a6, a4, s10
core   0: 3 0x800088f4 (0x03a73833) x16 0x4000a711
core   0: 0x800088f8 (0x03299bb3) mulh    s7, s3, s2
core   0: 3 0x800088f8 (0x03299bb3) x23 0x00000000
core   0: 0x800088fc (0x00afd633) srl     a2, t6, a0
core   0: 3 0x800088fc (0x00afd633) x12 0x00000000
core   0: 0x80008900 (0x01946c33) or      s8, s0, s9
core   0: 3 0x80008900 (0x01946c33) x24 0xc0018ce4
core   0: 0x80008904 (0x015f27b3) slt     a5, t5, s5
core   0: 3 0x80008904 (0x015f27b3) x15 0x00000001
core   0: 0x80008908 (0x0204c0b3) div     ra, s1, zero
core   0: 3 0x80008908 (0x0204c0b3) x 1 0xffffffff
core   0: 0x8000890c (0x9c306e93) ori     t4, zero, -1597
core   0: 3 0x8000890c (0x9c306e93) x29 0xfffff9c3
core   0: 0x80008910 (0x0396ef33) rem     t5, a3, s9
core   0: 3 0x80008910 (0x0396ef33) x30 0xffac42be
core   0: 0x80008914 (0x00c25fb3) srl     t6, tp, a2
core   0: 3 0x80008914 (0x00c25fb3) x31 0x0053b940
core   0: 0x80008918 (0x00000013) nop
core   0: 3 0x80008918 (0x00000013)
core   0: 0x8000891c (0x02425f33) divu    t5, tp, tp
core   0: 3 0x8000891c (0x02425f33) x30 0x00000001
core   0: 0x80008920 (0x01bcbfb3) sltu    t6, s9, s11
core   0: 3 0x80008920 (0x01bcbfb3) x31 0x00000000
core   0: 0x80008924 (0x02c94db3) div     s11, s2, a2
core   0: 3 0x80008924 (0x02c94db3) x27 0xffffffff
core   0: 0x80008928 (0x4028d513) srai    a0, a7, 2
core   0: 3 0x80008928 (0x4028d513) x10 0x00000000
core   0: 0x8000892c (0x89fb0e93) addi    t4, s6, -1889
core   0: 3 0x8000892c (0x89fb0e93) x29 0xfffff89e
core   0: 0x80008930 (0xf0b42513) slti    a0, s0, -245
core   0: 3 0x80008930 (0xf0b42513) x10 0x00000001
core   0: 0x80008934 (0x8ff1ae93) slti    t4, gp, -1793
core   0: 3 0x80008934 (0x8ff1ae93) x29 0x00000000
core   0: 0x80008938 (0x03a54f33) div     t5, a0, s10
core   0: 3 0x80008938 (0x03a54f33) x30 0x00000000
core   0: 0x8000893c (0x01977133) and     sp, a4, s9
core   0: 3 0x8000893c (0x01977133) x 2 0x80010c64
core   0: 0x80008940 (0x002ef033) and     zero, t4, sp
core   0: 3 0x80008940 (0x002ef033)
core   0: 0x80008944 (0x02dcb2b3) mulhu   t0, s9, a3
core   0: 3 0x80008944 (0x02dcb2b3) x 5 0x7fd7adc1
core   0: 0x80008948 (0x41ded2b3) sra     t0, t4, t4
core   0: 3 0x80008948 (0x41ded2b3) x 5 0x00000000
core   0: 0x8000894c (0x03a745b3) div     a1, a4, s10
core   0: 3 0x8000894c (0x03a745b3) x11 0x00000000
core   0: 0x80008950 (0x02b256b3) divu    a3, tp, a1
core   0: 3 0x80008950 (0x02b256b3) x13 0xffffffff
core   0: 0x80008954 (0x0038ed33) or      s10, a7, gp
core   0: 3 0x80008954 (0x0038ed33) x26 0x00000002
core   0: 0x80008958 (0x7c9fbf37) lui     t5, 0x7c9fb
core   0: 3 0x80008958 (0x7c9fbf37) x30 0x7c9fb000
core   0: 0x8000895c (0x0091c833) xor     a6, gp, s1
core   0: 3 0x8000895c (0x0091c833) x16 0x00000001
core   0: 0x80008960 (0x02e89433) mulh    s0, a7, a4
core   0: 3 0x80008960 (0x02e89433) x 8 0xffffffff
core   0: 0x80008964 (0x01181b13) slli    s6, a6, 17
core   0: 3 0x80008964 (0x01181b13) x22 0x00020000
core   0: 0x80008968 (0x7469deb7) lui     t4, 0x7469d
core   0: 3 0x80008968 (0x7469deb7) x29 0x7469d000
core   0: 0x8000896c (0x861bfa17) auipc   s4, 0x861bf
core   0: 3 0x8000896c (0x861bfa17) x20 0x061c796c
core   0: 0x80008970 (0x419eddb3) sra     s11, t4, s9
core   0: 3 0x80008970 (0x419eddb3) x27 0x07469d00
core   0: 0x80008974 (0x0061a1b3) slt     gp, gp, t1
core   0: 3 0x80008974 (0x0061a1b3) x 3 0x00000000
core   0: 0x80008978 (0x027b0633) mul     a2, s6, t2
core   0: 3 0x80008978 (0x027b0633) x12 0xd9960000
core   0: 0x8000897c (0x02197bb3) remu    s7, s2, ra
core   0: 3 0x8000897c (0x02197bb3) x23 0x00000000
core   0: 0x80008980 (0x014faeb3) slt     t4, t6, s4
core   0: 3 0x80008980 (0x014faeb3) x29 0x00000001
core   0: 0x80008984 (0x03c2b233) mulhu   tp, t0, t3
core   0: 3 0x80008984 (0x03c2b233) x 4 0x00000000
core   0: 0x80008988 (0x03f2fc33) remu    s8, t0, t6
core   0: 3 0x80008988 (0x03f2fc33) x24 0x00000000
core   0: 0x8000898c (0x01178133) add     sp, a5, a7
core   0: 3 0x8000898c (0x01178133) x 2 0x00000003
core   0: 0x80008990 (0x00000013) nop
core   0: 3 0x80008990 (0x00000013)
core   0: 0x80008994 (0x03035533) divu    a0, t1, a6
core   0: 3 0x80008994 (0x03035533) x10 0x00000000
core   0: 0x80008998 (0x005406b3) add     a3, s0, t0
core   0: 3 0x80008998 (0x005406b3) x13 0xffffffff
core   0: 0x8000899c (0x0155d5b3) srl     a1, a1, s5
core   0: 3 0x8000899c (0x0155d5b3) x11 0x00000000
core   0: 0x800089a0 (0x00a952b3) srl     t0, s2, a0
core   0: 3 0x800089a0 (0x00a952b3) x 5 0xffffffff
core   0: 0x800089a4 (0x88514617) auipc   a2, 0x88514
core   0: 3 0x800089a4 (0x88514617) x12 0x0851c9a4
core   0: 0x800089a8 (0x41c25613) srai    a2, tp, 28
core   0: 3 0x800089a8 (0x41c25613) x12 0x00000000
core   0: 0x800089ac (0x02e39933) mulh    s2, t2, a4
core   0: 3 0x800089ac (0x02e39933) x18 0x00024994
core   0: 0x800089b0 (0x021cb0b3) mulhu   ra, s9, ra
core   0: 3 0x800089b0 (0x021cb0b3) x 1 0x80018ce3
core   0: 0x800089b4 (0x31ceb293) sltiu   t0, t4, 796
core   0: 3 0x800089b4 (0x31ceb293) x 5 0x00000001
core   0: 0x800089b8 (0x01f60a33) add     s4, a2, t6
core   0: 3 0x800089b8 (0x01f60a33) x20 0x00000000
core   0: 0x800089bc (0x40828c33) sub     s8, t0, s0
core   0: 3 0x800089bc (0x40828c33) x24 0x00000002
core   0: 0x800089c0 (0x407a0eb3) sub     t4, s4, t2
core   0: 3 0x800089c0 (0x407a0eb3) x29 0x00049335
core   0: 0x800089c4 (0xd3843d93) sltiu   s11, s0, -712
core   0: 3 0x800089c4 (0xd3843d93) x27 0x00000000
core   0: 0x800089c8 (0x01383633) sltu    a2, a6, s3
core   0: 3 0x800089c8 (0x01383633) x12 0x00000001
core   0: 0x800089cc (0x038818b3) mulh    a7, a6, s8
core   0: 3 0x800089cc (0x038818b3) x17 0x00000000
core   0: 0x800089d0 (0x01f08333) add     t1, ra, t6
core   0: 3 0x800089d0 (0x01f08333) x 6 0x80018ce3
core   0: 0x800089d4 (0xe55182b7) lui     t0, 0xe5518
core   0: 3 0x800089d4 (0xe55182b7) x 5 0xe5518000
core   0: 0x800089d8 (0x00b5bc33) sltu    s8, a1, a1
core   0: 3 0x800089d8 (0x00b5bc33) x24 0x00000000
core   0: 0x800089dc (0x0319b3b3) mulhu   t2, s3, a7
core   0: 3 0x800089dc (0x0319b3b3) x 7 0x00000000
core   0: 0x800089e0 (0x020895b3) mulh    a1, a7, zero
core   0: 3 0x800089e0 (0x020895b3) x11 0x00000000
core   0: 0x800089e4 (0x40178b33) sub     s6, a5, ra
core   0: 3 0x800089e4 (0x40178b33) x22 0x7ffe731e
core   0: 0x800089e8 (0x0119d693) srli    a3, s3, 17
core   0: 3 0x800089e8 (0x0119d693) x13 0x00007d00
core   0: 0x800089ec (0x31a4cf13) xori    t5, s1, 794
core   0: 3 0x800089ec (0x31a4cf13) x30 0x0000031b
core   0: 0x800089f0 (0x006a60b3) or      ra, s4, t1
core   0: 3 0x800089f0 (0x006a60b3) x 1 0x80018ce3
core   0: 0x800089f4 (0x51007c17) auipc   s8, 0x51007
core   0: 3 0x800089f4 (0x51007c17) x24 0xd100f9f4
core   0: 0x800089f8 (0x00000013) nop
core   0: 3 0x800089f8 (0x00000013)
core   0: 0x800089fc (0x41e7d7b3) sra     a5, a5, t5
core   0: 3 0x800089fc (0x41e7d7b3) x15 0x00000000
core   0: 0x80008a00 (0x0182d993) srli    s3, t0, 24
core   0: 3 0x80008a00 (0x0182d993) x19 0x000000e5
core   0: 0x80008a04 (0xc1ada413) slti    s0, s11, -998
core   0: 3 0x80008a04 (0xc1ada413) x 8 0x00000000
core   0: 0x80008a08 (0x3d95a837) lui     a6, 0x3d95a
core   0: 3 0x80008a08 (0x3d95a837) x16 0x3d95a000
core   0: 0x80008a0c (0x01cb8fb3) add     t6, s7, t3
core   0: 3 0x80008a0c (0x01cb8fb3) x31 0x80000000
core   0: 0x80008a10 (0x00000013) nop
core   0: 3 0x80008a10 (0x00000013)
core   0: 0x80008a14 (0x026688b3) mul     a7, a3, t1
core   0: 3 0x80008a14 (0x026688b3) x17 0xc1cad700
core   0: 0x80008a18 (0x40fc89b3) sub     s3, s9, a5
core   0: 3 0x80008a18 (0x40fc89b3) x19 0x80018ce4
core   0: 0x80008a1c (0x03bbf6b3) remu    a3, s7, s11
core   0: 3 0x80008a1c (0x03bbf6b3) x13 0x00000000
core   0: 0x80008a20 (0x00109b13) slli    s6, ra, 1
core   0: 3 0x80008a20 (0x00109b13) x22 0x000319c6
core   0: 0x80008a24 (0x01ffa833) slt     a6, t6, t6
core   0: 3 0x80008a24 (0x01ffa833) x16 0x00000000
core   0: 0x80008a28 (0x02bb6433) rem     s0, s6, a1
core   0: 3 0x80008a28 (0x02bb6433) x 8 0x000319c6
core   0: 0x80008a2c (0x03c63f33) mulhu   t5, a2, t3
core   0: 3 0x80008a2c (0x03c63f33) x30 0x00000000
core   0: 0x80008a30 (0x20633b13) sltiu   s6, t1, 518
core   0: 3 0x80008a30 (0x20633b13) x22 0x00000000
core   0: 0x80008a34 (0x0116d093) srli    ra, a3, 17
core   0: 3 0x80008a34 (0x0116d093) x 1 0x00000000
core   0: 0x80008a38 (0xea330a93) addi    s5, t1, -349
core   0: 3 0x80008a38 (0xea330a93) x21 0x80018b86
core   0: 0x80008a3c (0x0dd7a393) slti    t2, a5, 221
core   0: 3 0x80008a3c (0x0dd7a393) x 7 0x00000001
core   0: 0x80008a40 (0x00393db3) sltu    s11, s2, gp
core   0: 3 0x80008a40 (0x00393db3) x27 0x00000000
core   0: 0x80008a44 (0xafeb1317) auipc   t1, 0xafeb1
core   0: 3 0x80008a44 (0xafeb1317) x 6 0x2feb9a44
core   0: 0x80008a48 (0x015c7db3) and     s11, s8, s5
core   0: 3 0x80008a48 (0x015c7db3) x27 0x80008984
core   0: 0x80008a4c (0x7751ab93) slti    s7, gp, 1909
core   0: 3 0x80008a4c (0x7751ab93) x23 0x00000001
core   0: 0x80008a50 (0x036e8333) mul     t1, t4, s6
core   0: 3 0x80008a50 (0x036e8333) x 6 0x00000000
core   0: 0x80008a54 (0xc81d0b13) addi    s6, s10, -895
core   0: 3 0x80008a54 (0xc81d0b13) x22 0xfffffc83
core   0: 0x80008a58 (0xc2d3ed13) ori     s10, t2, -979
core   0: 3 0x80008a58 (0xc2d3ed13) x26 0xfffffc2d
core   0: 0x80008a5c (0x41b6dd13) srai    s10, a3, 27
core   0: 3 0x80008a5c (0x41b6dd13) x26 0x00000000
core   0: 0x80008a60 (0x405a5093) srai    ra, s4, 5
core   0: 3 0x80008a60 (0x405a5093) x 1 0x00000000
core   0: 0x80008a64 (0xd4bc0413) addi    s0, s8, -693
core   0: 3 0x80008a64 (0xd4bc0413) x 8 0xd100f73f
core   0: 0x80008a68 (0xf35833b7) lui     t2, 0xf3583
core   0: 3 0x80008a68 (0xf35833b7) x 7 0xf3583000
core   0: 0x80008a6c (0x47cca3b7) lui     t2, 0x47cca
core   0: 3 0x80008a6c (0x47cca3b7) x 7 0x47cca000
core   0: 0x80008a70 (0x03929333) mulh    t1, t0, s9
core   0: 3 0x80008a70 (0x03929333) x 6 0x0d5716a2
core   0: 0x80008a74 (0x418e0833) sub     a6, t3, s8
core   0: 3 0x80008a74 (0x418e0833) x16 0xaeff060c
core   0: 0x80008a78 (0x97c64093) xori    ra, a2, -1668
core   0: 3 0x80008a78 (0x97c64093) x 1 0xfffff97d
core   0: 0x80008a7c (0x41258533) sub     a0, a1, s2
core   0: 3 0x80008a7c (0x41258533) x10 0xfffdb66c
core   0: 0x80008a80 (0x00fcd513) srli    a0, s9, 15
core   0: 3 0x80008a80 (0x00fcd513) x10 0x00010003
core   0: 0x80008a84 (0x027fdb33) divu    s6, t6, t2
core   0: 3 0x80008a84 (0x027fdb33) x22 0x00000001
core   0: 0x80008a88 (0x03ba2233) mulhsu  tp, s4, s11
core   0: 3 0x80008a88 (0x03ba2233) x 4 0x00000000
core   0: 0x80008a8c (0x007f4a33) xor     s4, t5, t2
core   0: 3 0x80008a8c (0x007f4a33) x20 0x47cca000
core   0: 0x80008a90 (0x01d411b3) sll     gp, s0, t4
core   0: 3 0x80008a90 (0x01d411b3) x 3 0xe7e00000
core   0: 0x80008a94 (0x414c83b3) sub     t2, s9, s4
core   0: 3 0x80008a94 (0x414c83b3) x 7 0x3834ece4
core   0: 0x80008a98 (0x415d8533) sub     a0, s11, s5
core   0: 3 0x80008a98 (0x415d8533) x10 0xfffefdfe
core   0: 0x80008a9c (0x014ed313) srli    t1, t4, 20
core   0: 3 0x80008a9c (0x014ed313) x 6 0x00000000
core   0: 0x80008aa0 (0xadf80a93) addi    s5, a6, -1313
core   0: 3 0x80008aa0 (0xadf80a93) x21 0xaeff00eb
core   0: 0x80008aa4 (0xfc75f513) andi    a0, a1, -57
core   0: 3 0x80008aa4 (0xfc75f513) x10 0x00000000
core   0: 0x80008aa8 (0x03843d33) mulhu   s10, s0, s8
core   0: 3 0x80008aa8 (0x03843d33) x26 0xaaa295eb
core   0: 0x80008aac (0x22730593) addi    a1, t1, 551
core   0: 3 0x80008aac (0x22730593) x11 0x00000227
core   0: 0x80008ab0 (0x001b2233) slt     tp, s6, ra
core   0: 3 0x80008ab0 (0x001b2233) x 4 0x00000000
core   0: 0x80008ab4 (0x030c01b3) mul     gp, s8, a6
core   0: 3 0x80008ab4 (0x030c01b3) x 3 0xa3f36f70
core   0: 0x80008ab8 (0x01702333) slt     t1, zero, s7
core   0: 3 0x80008ab8 (0x01702333) x 6 0x00000001
core   0: 0x80008abc (0x03d61033) mulh    zero, a2, t4
core   0: 3 0x80008abc (0x03d61033)
core   0: 0x80008ac0 (0xbf402937) lui     s2, 0xbf402
core   0: 3 0x80008ac0 (0xbf402937) x18 0xbf402000
core   0: 0x80008ac4 (0x01e841b3) xor     gp, a6, t5
core   0: 3 0x80008ac4 (0x01e841b3) x 3 0xaeff060c
core   0: 0x80008ac8 (0x00000013) nop
core   0: 3 0x80008ac8 (0x00000013)
core   0: 0x80008acc (0x019c7eb3) and     t4, s8, s9
core   0: 3 0x80008acc (0x019c7eb3) x29 0x800088e4
core   0: 0x80008ad0 (0x009c55b3) srl     a1, s8, s1
core   0: 3 0x80008ad0 (0x009c55b3) x11 0x68807cfa
core   0: 0x80008ad4 (0x7b59cc37) lui     s8, 0x7b59c
core   0: 3 0x80008ad4 (0x7b59cc37) x24 0x7b59c000
core   0: 0x80008ad8 (0x0037f033) and     zero, a5, gp
core   0: 3 0x80008ad8 (0x0037f033)
core   0: 0x80008adc (0x01389293) slli    t0, a7, 19
core   0: 3 0x80008adc (0x01389293) x 5 0xb8000000
core   0: 0x80008ae0 (0xa520af13) slti    t5, ra, -1454
core   0: 3 0x80008ae0 (0xa520af13) x30 0x00000001
core   0: 0x80008ae4 (0x01259293) slli    t0, a1, 18
core   0: 3 0x80008ae4 (0x01259293) x 5 0xf3e80000
core   0: 0x80008ae8 (0xbdf72497) auipc   s1, 0xbdf72
core   0: 3 0x80008ae8 (0xbdf72497) x 9 0x3df7aae8
core   0: 0x80008aec (0xca324f13) xori    t5, tp, -861
core   0: 3 0x80008aec (0xca324f13) x30 0xfffffca3
core   0: 0x80008af0 (0x00c52333) slt     t1, a0, a2
core   0: 3 0x80008af0 (0x00c52333) x 6 0x00000001
core   0: 0x80008af4 (0x009dd493) srli    s1, s11, 9
core   0: 3 0x80008af4 (0x009dd493) x 9 0x00400044
core   0: 0x80008af8 (0x0229f633) remu    a2, s3, sp
core   0: 3 0x80008af8 (0x0229f633) x12 0x00000002
core   0: 0x80008afc (0x67ec2193) slti    gp, s8, 1662
core   0: 3 0x80008afc (0x67ec2193) x 3 0x00000000
core   0: 0x80008b00 (0x037142b3) div     t0, sp, s7
core   0: 3 0x80008b00 (0x037142b3) x 5 0x00000003
core   0: 0x80008b04 (0x631d6bb7) lui     s7, 0x631d6
core   0: 3 0x80008b04 (0x631d6bb7) x23 0x631d6000
core   0: 0x80008b08 (0x016cb5b3) sltu    a1, s9, s6
core   0: 3 0x80008b08 (0x016cb5b3) x11 0x00000000
core   0: 0x80008b0c (0x019618b3) sll     a7, a2, s9
core   0: 3 0x80008b0c (0x019618b3) x17 0x00000020
core   0: 0x80008b10 (0x004159b3) srl     s3, sp, tp
core   0: 3 0x80008b10 (0x004159b3) x19 0x00000003
core   0: 0x80008b14 (0x02622633) mulhsu  a2, tp, t1
core   0: 3 0x80008b14 (0x02622633) x12 0x00000000
core   0: 0x80008b18 (0x002ee1b3) or      gp, t4, sp
core   0: 3 0x80008b18 (0x002ee1b3) x 3 0x800088e7
core   0: 0x80008b1c (0x019168b3) or      a7, sp, s9
core   0: 3 0x80008b1c (0x019168b3) x17 0x80018ce7
core   0: 0x80008b20 (0x007a4c33) xor     s8, s4, t2
core   0: 3 0x80008b20 (0x007a4c33) x24 0x7ff84ce4
core   0: 0x80008b24 (0x036888b3) mul     a7, a7, s6
core   0: 3 0x80008b24 (0x036888b3) x17 0x80018ce7
core   0: 0x80008b28 (0x03e327b3) mulhsu  a5, t1, t5
core   0: 3 0x80008b28 (0x03e327b3) x15 0x00000000
core   0: 0x80008b2c (0x6d5487b7) lui     a5, 0x6d548
core   0: 3 0x80008b2c (0x6d5487b7) x15 0x6d548000
core   0: 0x80008b30 (0xee91b793) sltiu   a5, gp, -279
core   0: 3 0x80008b30 (0xee91b793) x15 0x00000001
core   0: 0x80008b34 (0x01a53533) sltu    a0, a0, s10
core   0: 3 0x80008b34 (0x01a53533) x10 0x00000001
core   0: 0x80008b38 (0x00b5d213) srli    tp, a1, 11
core   0: 3 0x80008b38 (0x00b5d213) x 4 0x00000000
core   0: 0x80008b3c (0x0f903a93) sltiu   s5, zero, 249
core   0: 3 0x80008b3c (0x0f903a93) x21 0x00000001
core   0: 0x80008b40 (0x00798033) add     zero, s3, t2
core   0: 3 0x80008b40 (0x00798033)
core   0: 0x80008b44 (0x01f2b633) sltu    a2, t0, t6
core   0: 3 0x80008b44 (0x01f2b633) x12 0x00000001
core   0: 0x80008b48 (0x034a21b3) mulhsu  gp, s4, s4
core   0: 3 0x80008b48 (0x034a21b3) x 3 0x1423244f
core   0: 0x80008b4c (0x022fd533) divu    a0, t6, sp
core   0: 3 0x80008b4c (0x022fd533) x10 0x2aaaaaaa
core   0: 0x80008b50 (0xb8917e93) andi    t4, sp, -1143
core   0: 3 0x80008b50 (0xb8917e93) x29 0x00000001
core   0: 0x80008b54 (0x03c9af33) mulhsu  t5, s3, t3
core   0: 3 0x80008b54 (0x03c9af33) x30 0x00000001
core   0: 0x80008b58 (0x417a80b3) sub     ra, s5, s7
core   0: 3 0x80008b58 (0x417a80b3) x 1 0x9ce2a001
core   0: 0x80008b5c (0x26100597) auipc   a1, 0x26100
core   0: 3 0x80008b5c (0x26100597) x11 0xa6108b5c
core   0: 0x80008b60 (0x03b3cab3) div     s5, t2, s11
core   0: 3 0x80008b60 (0x03b3cab3) x21 0x00000000
core   0: 0x80008b64 (0x94678693) addi    a3, a5, -1722
core   0: 3 0x80008b64 (0x94678693) x13 0xfffff947
core   0: 0x80008b68 (0x026d86b3) mul     a3, s11, t1
core   0: 3 0x80008b68 (0x026d86b3) x13 0x80008984
core   0: 0x80008b6c (0xd7ede693) ori     a3, s11, -642
core   0: 3 0x80008b6c (0xd7ede693) x13 0xfffffdfe
core   0: 0x80008b70 (0x03a0b9b3) mulhu   s3, ra, s10
core   0: 3 0x80008b70 (0x03a0b9b3) x19 0x68922189
core   0: 0x80008b74 (0x001fdd13) srli    s10, t6, 1
core   0: 3 0x80008b74 (0x001fdd13) x26 0x40000000
core   0: 0x80008b78 (0x29f0f513) andi    a0, ra, 671
core   0: 3 0x80008b78 (0x29f0f513) x10 0x00000001
core   0: 0x80008b7c (0x40a006b3) sub     a3, zero, a0
core   0: 3 0x80008b7c (0x40a006b3) x13 0xffffffff
core   0: 0x80008b80 (0xa6143093) sltiu   ra, s0, -1439
core   0: 3 0x80008b80 (0xa6143093) x 1 0x00000001
core   0: 0x80008b84 (0x024a25b3) mulhsu  a1, s4, tp
core   0: 3 0x80008b84 (0x024a25b3) x11 0x00000000
core   0: 0x80008b88 (0x034ca8b3) mulhsu  a7, s9, s4
core   0: 3 0x80008b88 (0x034ca8b3) x17 0xdc1a1f50
core   0: 0x80008b8c (0x31083b93) sltiu   s7, a6, 784
core   0: 3 0x80008b8c (0x31083b93) x23 0x00000000
core   0: 0x80008b90 (0x019865b3) or      a1, a6, s9
core   0: 3 0x80008b90 (0x019865b3) x11 0xaeff8eec
core   0: 0x80008b94 (0xaca48493) addi    s1, s1, -1334
core   0: 3 0x80008b94 (0xaca48493) x 9 0x003ffb0e
core   0: 0x80008b98 (0xdb36c693) xori    a3, a3, -589
core   0: 3 0x80008b98 (0xdb36c693) x13 0x0000024c
core   0: 0x80008b9c (0x011aa333) slt     t1, s5, a7
core   0: 3 0x80008b9c (0x011aa333) x 6 0x00000000
core   0: 0x80008ba0 (0x0210c0b3) div     ra, ra, ra
core   0: 3 0x80008ba0 (0x0210c0b3) x 1 0x00000001
core   0: 0x80008ba4 (0xd8ae5b17) auipc   s6, 0xd8ae5
core   0: 3 0x80008ba4 (0xd8ae5b17) x22 0x58aedba4
core   0: 0x80008ba8 (0x972b2b13) slti    s6, s6, -1678
core   0: 3 0x80008ba8 (0x972b2b13) x22 0x00000000
core   0: 0x80008bac (0x020dc133) div     sp, s11, zero
core   0: 3 0x80008bac (0x020dc133) x 2 0xffffffff
core   0: 0x80008bb0 (0x02b428b3) mulhsu  a7, s0, a1
core   0: 3 0x80008bb0 (0x02b428b3) x17 0xdfdfbdc6
core   0: 0x80008bb4 (0x026277b3) remu    a5, tp, t1
core   0: 3 0x80008bb4 (0x026277b3) x15 0x00000000
core   0: 0x80008bb8 (0xaa614c37) lui     s8, 0xaa614
core   0: 3 0x80008bb8 (0xaa614c37) x24 0xaa614000
core   0: 0x80008bbc (0x41e4d6b3) sra     a3, s1, t5
core   0: 3 0x80008bbc (0x41e4d6b3) x13 0x001ffd87
core   0: 0x80008bc0 (0x01af93b3) sll     t2, t6, s10
core   0: 3 0x80008bc0 (0x01af93b3) x 7 0x80000000
core   0: 0x80008bc4 (0x00000013) nop
core   0: 3 0x80008bc4 (0x00000013)
core   0: 0x80008bc8 (0x02e68333) mul     t1, a3, a4
core   0: 3 0x80008bc8 (0x02e68333) x 6 0x49452abc
core   0: 0x80008bcc (0x0316ba33) mulhu   s4, a3, a7
core   0: 3 0x80008bcc (0x0316ba33) x20 0x001bf9ce
core   0: 0x80008bd0 (0x1e470013) addi    zero, a4, 484
core   0: 3 0x80008bd0 (0x1e470013)
core   0: 0x80008bd4 (0x0088dd93) srli    s11, a7, 8
core   0: 3 0x80008bd4 (0x0088dd93) x27 0x00dfdfbd
core   0: 0x80008bd8 (0xfb73eb13) ori     s6, t2, -73
core   0: 3 0x80008bd8 (0xfb73eb13) x22 0xffffffb7
core   0: 0x80008bdc (0xc421ba17) auipc   s4, 0xc421b
core   0: 3 0x80008bdc (0xc421ba17) x20 0x44223bdc
core   0: 0x80008be0 (0x00bdac33) slt     s8, s11, a1
core   0: 3 0x80008be0 (0x00bdac33) x24 0x00000000
core   0: 0x80008be4 (0x03f82933) mulhsu  s2, a6, t6
core   0: 3 0x80008be4 (0x03f82933) x18 0xd77f8306
core   0: 0x80008be8 (0x00397eb3) and     t4, s2, gp
core   0: 3 0x80008be8 (0x00397eb3) x29 0x14230006
core   0: 0x80008bec (0x036e6bb3) rem     s7, t3, s6
core   0: 3 0x80008bec (0x036e6bb3) x23 0xfffffff0
core   0: 0x80008bf0 (0x00b560b3) or      ra, a0, a1
core   0: 3 0x80008bf0 (0x00b560b3) x 1 0xaeff8eed
core   0: 0x80008bf4 (0xf36ea913) slti    s2, t4, -202
core   0: 3 0x80008bf4 (0xf36ea913) x18 0x00000000
core   0: 0x80008bf8 (0x00000013) nop
core   0: 3 0x80008bf8 (0x00000013)
core   0: 0x80008bfc (0x02069633) mulh    a2, a3, zero
core   0: 3 0x80008bfc (0x02069633) x12 0x00000000
core   0: 0x80008c00 (0x01b5d793) srli    a5, a1, 27
core   0: 3 0x80008c00 (0x01b5d793) x15 0x00000015
core   0: 0x80008c04 (0x18e08e97) auipc   t4, 0x18e08
core   0: 3 0x80008c04 (0x18e08e97) x29 0x98e10c04
core   0: 0x80008c08 (0x013350b3) srl     ra, t1, s3
core   0: 3 0x80008c08 (0x013350b3) x 1 0x0024a295
core   0: 0x80008c0c (0x00b39e93) slli    t4, t2, 11
core   0: 3 0x80008c0c (0x00b39e93) x29 0x00000000
core   0: 0x80008c10 (0x030e95b3) mulh    a1, t4, a6
core   0: 3 0x80008c10 (0x030e95b3) x11 0x00000000
core   0: 0x80008c14 (0x03d32fb3) mulhsu  t6, t1, t4
core   0: 3 0x80008c14 (0x03d32fb3) x31 0x00000000
core   0: 0x80008c18 (0x0205b7b3) mulhu   a5, a1, zero
core   0: 3 0x80008c18 (0x0205b7b3) x15 0x00000000
core   0: 0x80008c1c (0x01687333) and     t1, a6, s6
core   0: 3 0x80008c1c (0x01687333) x 6 0xaeff0604
core   0: 0x80008c20 (0x01e847b3) xor     a5, a6, t5
core   0: 3 0x80008c20 (0x01e847b3) x15 0xaeff060d
core   0: 0x80008c24 (0x004918b3) sll     a7, s2, tp
core   0: 3 0x80008c24 (0x004918b3) x17 0x00000000
core   0: 0x80008c28 (0x01ced913) srli    s2, t4, 28
core   0: 3 0x80008c28 (0x01ced913) x18 0x00000000
core   0: 0x80008c2c (0x401f51b3) sra     gp, t5, ra
core   0: 3 0x80008c2c (0x401f51b3) x 3 0x00000000
core   0: 0x80008c30 (0x3da17093) andi    ra, sp, 986
core   0: 3 0x80008c30 (0x3da17093) x 1 0x000003da
core   0: 0x80008c34 (0x4108d693) srai    a3, a7, 16
core   0: 3 0x80008c34 (0x4108d693) x13 0x00000000
core   0: 0x80008c38 (0x35427bb7) lui     s7, 0x35427
core   0: 3 0x80008c38 (0x35427bb7) x23 0x35427000
core   0: 0x80008c3c (0x014d9433) sll     s0, s11, s4
core   0: 3 0x80008c3c (0x014d9433) x 8 0xd0000000
core   0: 0x80008c40 (0x54acfeb7) lui     t4, 0x54acf
core   0: 3 0x80008c40 (0x54acfeb7) x29 0x54acf000
core   0: 0x80008c44 (0x02e161b3) rem     gp, sp, a4
core   0: 3 0x80008c44 (0x02e161b3) x 3 0xffffffff
core   0: 0x80008c48 (0x021aea33) rem     s4, s5, ra
core   0: 3 0x80008c48 (0x021aea33) x20 0x00000000
core   0: 0x80008c4c (0x00000013) nop
core   0: 3 0x80008c4c (0x00000013)
core   0: 0x80008c50 (0x0148ef33) or      t5, a7, s4
core   0: 3 0x80008c50 (0x0148ef33) x30 0x00000000
core   0: 0x80008c54 (0x013cd993) srli    s3, s9, 19
core   0: 3 0x80008c54 (0x013cd993) x19 0x00001000
core   0: 0x80008c58 (0x00de1813) slli    a6, t3, 13
core   0: 3 0x80008c58 (0x00de1813) x16 0x00000000
core   0: 0x80008c5c (0xc1602e93) slti    t4, zero, -1002
core   0: 3 0x80008c5c (0xc1602e93) x29 0x00000000
core   0: 0x80008c60 (0x40f5de93) srai    t4, a1, 15
core   0: 3 0x80008c60 (0x40f5de93) x29 0x00000000
core   0: 0x80008c64 (0x027f46b3) div     a3, t5, t2
core   0: 3 0x80008c64 (0x027f46b3) x13 0x00000000
core   0: 0x80008c68 (0x036e1333) mulh    t1, t3, s6
core   0: 3 0x80008c68 (0x036e1333) x 6 0x00000024
core   0: 0x80008c6c (0x02ad3433) mulhu   s0, s10, a0
core   0: 3 0x80008c6c (0x02ad3433) x 8 0x00000000
core   0: 0x80008c70 (0xc9f83293) sltiu   t0, a6, -865
core   0: 3 0x80008c70 (0xc9f83293) x 5 0x00000001
core   0: 0x80008c74 (0x5699b793) sltiu   a5, s3, 1385
core   0: 3 0x80008c74 (0x5699b793) x15 0x00000000
core   0: 0x80008c78 (0x0076d833) srl     a6, a3, t2
core   0: 3 0x80008c78 (0x0076d833) x16 0x00000000
core   0: 0x80008c7c (0x00f849b3) xor     s3, a6, a5
core   0: 3 0x80008c7c (0x00f849b3) x19 0x00000000
core   0: 0x80008c80 (0x025473b3) remu    t2, s0, t0
core   0: 3 0x80008c80 (0x025473b3) x 7 0x00000000
core   0: 0x80008c84 (0x03361633) mulh    a2, a2, s3
core   0: 3 0x80008c84 (0x03361633) x12 0x00000000
core   0: 0x80008c88 (0x41df80b3) sub     ra, t6, t4
core   0: 3 0x80008c88 (0x41df80b3) x 1 0x00000000
core   0: 0x80008c8c (0x020f27b3) mulhsu  a5, t5, zero
core   0: 3 0x80008c8c (0x020f27b3) x15 0x00000000
core   0: 0x80008c90 (0x005d8f33) add     t5, s11, t0
core   0: 3 0x80008c90 (0x005d8f33) x30 0x00dfdfbe
core   0: 0x80008c94 (0xdd078813) addi    a6, a5, -560
core   0: 3 0x80008c94 (0xdd078813) x16 0xfffffdd0
core   0: 0x80008c98 (0x02cf0eb3) mul     t4, t5, a2
core   0: 3 0x80008c98 (0x02cf0eb3) x29 0x00000000
core   0: 0x80008c9c (0x039a2533) mulhsu  a0, s4, s9
core   0: 3 0x80008c9c (0x039a2533) x10 0x00000000
core   0: 0x80008ca0 (0x7dfb2213) slti    tp, s6, 2015
core   0: 3 0x80008ca0 (0x7dfb2213) x 4 0x00000001
core   0: 0x80008ca4 (0x020ef5b3) remu    a1, t4, zero
core   0: 3 0x80008ca4 (0x020ef5b3) x11 0x00000000
core   0: 0x80008ca8 (0x01c43233) sltu    tp, s0, t3
core   0: 3 0x80008ca8 (0x01c43233) x 4 0x00000001
core   0: 0x80008cac (0x0049f533) and     a0, s3, tp
core   0: 3 0x80008cac (0x0049f533) x10 0x00000000
core   0: 0x80008cb0 (0x3f340593) addi    a1, s0, 1011
core   0: 3 0x80008cb0 (0x3f340593) x11 0x000003f3
core   0: 0x80008cb4 (0x0000f7b3) and     a5, ra, zero
core   0: 3 0x80008cb4 (0x0000f7b3) x15 0x00000000
core   0: 0x80008cb8 (0x009a6233) or      tp, s4, s1
core   0: 3 0x80008cb8 (0x009a6233) x 4 0x003ffb0e
core   0: 0x80008cbc (0x0279c633) div     a2, s3, t2
core   0: 3 0x80008cbc (0x0279c633) x12 0xffffffff
core   0: 0x80008cc0 (0x009ef7b3) and     a5, t4, s1
core   0: 3 0x80008cc0 (0x009ef7b3) x15 0x00000000
core   0: 0x80008cc4 (0x03ec01b3) mul     gp, s8, t5
core   0: 3 0x80008cc4 (0x03ec01b3) x 3 0x00000000
core   0: 0x80008cc8 (0x00a3bf33) sltu    t5, t2, a0
core   0: 3 0x80008cc8 (0x00a3bf33) x30 0x00000000
core   0: 0x80008ccc (0x4026d693) srai    a3, a3, 2
core   0: 3 0x80008ccc (0x4026d693) x13 0x00000000
core   0: 0x80008cd0 (0xd26b0c13) addi    s8, s6, -730
core   0: 3 0x80008cd0 (0xd26b0c13) x24 0xfffffcdd
core   0: 0x80008cd4 (0x01d855b3) srl     a1, a6, t4
core   0: 3 0x80008cd4 (0x01d855b3) x11 0xfffffdd0
core   0: 0x80008cd8 (0x0110fa33) and     s4, ra, a7
core   0: 3 0x80008cd8 (0x0110fa33) x20 0x00000000
core   0: 0x80008cdc (0x0338f433) remu    s0, a7, s3
core   0: 3 0x80008cdc (0x0338f433) x 8 0x00000000
core   0: 0x80008ce0 (0x4369fbb7) lui     s7, 0x4369f
core   0: 3 0x80008ce0 (0x4369fbb7) x23 0x4369f000
core   0: 0x80008ce4 (0x002e97b3) sll     a5, t4, sp
core   0: 3 0x80008ce4 (0x002e97b3) x15 0x00000000
core   0: 0x80008ce8 (0x17adbd13) sltiu   s10, s11, 378
core   0: 3 0x80008ce8 (0x17adbd13) x26 0x00000000
core   0: 0x80008cec (0x0165dfb3) srl     t6, a1, s6
core   0: 3 0x80008cec (0x0165dfb3) x31 0x000001ff
core   0: 0x80008cf0 (0x013e8b33) add     s6, t4, s3
core   0: 3 0x80008cf0 (0x013e8b33) x22 0x00000000
core   0: 0x80008cf4 (0x00000013) nop
core   0: 3 0x80008cf4 (0x00000013)
core   0: 0x80008cf8 (0x027047b3) div     a5, zero, t2
core   0: 3 0x80008cf8 (0x027047b3) x15 0xffffffff
core   0: 0x80008cfc (0x8f823593) sltiu   a1, tp, -1800
core   0: 3 0x80008cfc (0x8f823593) x11 0x00000001
core   0: 0x80008d00 (0x00633533) sltu    a0, t1, t1
core   0: 3 0x80008d00 (0x00633533) x10 0x00000000
core   0: 0x80008d04 (0x014a5533) srl     a0, s4, s4
core   0: 3 0x80008d04 (0x014a5533) x10 0x00000000
core   0: 0x80008d08 (0x008c6eb3) or      t4, s8, s0
core   0: 3 0x80008d08 (0x008c6eb3) x29 0xfffffcdd
core   0: 0x80008d0c (0x02c8d0b3) divu    ra, a7, a2
core   0: 3 0x80008d0c (0x02c8d0b3) x 1 0x00000000
core   0: 0x80008d10 (0x020fc533) div     a0, t6, zero
core   0: 3 0x80008d10 (0x020fc533) x10 0xffffffff
core   0: 0x80008d14 (0x403b35b7) lui     a1, 0x403b3
core   0: 3 0x80008d14 (0x403b35b7) x11 0x403b3000
core   0: 0x80008d18 (0x0064bdb3) sltu    s11, s1, t1
core   0: 3 0x80008d18 (0x0064bdb3) x27 0x00000000
core   0: 0x80008d1c (0x41b151b3) sra     gp, sp, s11
core   0: 3 0x80008d1c (0x41b151b3) x 3 0xffffffff
core   0: 0x80008d20 (0x00000013) nop
core   0: 3 0x80008d20 (0x00000013)
core   0: 0x80008d24 (0x546bb893) sltiu   a7, s7, 1350
core   0: 3 0x80008d24 (0x546bb893) x17 0x00000000
core   0: 0x80008d28 (0x038e3133) mulhu   sp, t3, s8
core   0: 3 0x80008d28 (0x038e3133) x 2 0x7ffffe6e
core   0: 0x80008d2c (0x0082a7b3) slt     a5, t0, s0
core   0: 3 0x80008d2c (0x0082a7b3) x15 0x00000000
core   0: 0x80008d30 (0x001b1393) slli    t2, s6, 1
core   0: 3 0x80008d30 (0x001b1393) x 7 0x00000000
core   0: 0x80008d34 (0x00000013) nop
core   0: 3 0x80008d34 (0x00000013)
core   0: 0x80008d38 (0x77a4a213) slti    tp, s1, 1914
core   0: 3 0x80008d38 (0x77a4a213) x 4 0x00000000
core   0: 0x80008d3c (0x00000013) nop
core   0: 3 0x80008d3c (0x00000013)
core   0: 0x80008d40 (0x96092b13) slti    s6, s2, -1696
core   0: 3 0x80008d40 (0x96092b13) x22 0x00000000
core   0: 0x80008d44 (0x02c776b3) remu    a3, a4, a2
core   0: 3 0x80008d44 (0x02c776b3) x13 0x80014e64
core   0: 0x80008d48 (0x038b3a33) mulhu   s4, s6, s8
core   0: 3 0x80008d48 (0x038b3a33) x20 0x00000000
core   0: 0x80008d4c (0x01dc63b3) or      t2, s8, t4
core   0: 3 0x80008d4c (0x01dc63b3) x 7 0xfffffcdd
core   0: 0x80008d50 (0x03af4ab3) div     s5, t5, s10
core   0: 3 0x80008d50 (0x03af4ab3) x21 0xffffffff
core   0: 0x80008d54 (0x7a7ff917) auipc   s2, 0x7a7ff
core   0: 3 0x80008d54 (0x7a7ff917) x18 0xfa807d54
core   0: 0x80008d58 (0x02c68f33) mul     t5, a3, a2
core   0: 3 0x80008d58 (0x02c68f33) x30 0x7ffeb19c
core   0: 0x80008d5c (0x037c02b3) mul     t0, s8, s7
core   0: 3 0x80008d5c (0x037c02b3) x 5 0x8ab43000
core   0: 0x80008d60 (0x61ae6d13) ori     s10, t3, 1562
core   0: 3 0x80008d60 (0x61ae6d13) x26 0x8000061a
core   0: 0x80008d64 (0x00000013) nop
core   0: 3 0x80008d64 (0x00000013)
core   0: 0x80008d68 (0x8866c813) xori    a6, a3, -1914
core   0: 3 0x80008d68 (0x8866c813) x16 0x7ffeb6e2
core   0: 0x80008d6c (0x01199933) sll     s2, s3, a7
core   0: 3 0x80008d6c (0x01199933) x18 0x00000000
core   0: 0x80008d70 (0x002e2333) slt     t1, t3, sp
core   0: 3 0x80008d70 (0x002e2333) x 6 0x00000001
core   0: 0x80008d74 (0x02490bb3) mul     s7, s2, tp
core   0: 3 0x80008d74 (0x02490bb3) x23 0x00000000
core   0: 0x80008d78 (0x40255233) sra     tp, a0, sp
core   0: 3 0x80008d78 (0x40255233) x 4 0xffffffff
core   0: 0x80008d7c (0x03aa9133) mulh    sp, s5, s10
core   0: 3 0x80008d7c (0x03aa9133) x 2 0x00000000
core   0: 0x80008d80 (0x4005d913) srai    s2, a1, 0
core   0: 3 0x80008d80 (0x4005d913) x18 0x403b3000
core   0: 0x80008d84 (0x03314eb3) div     t4, sp, s3
core   0: 3 0x80008d84 (0x03314eb3) x29 0xffffffff
core   0: 0x80008d88 (0x02be4f33) div     t5, t3, a1
core   0: 3 0x80008d88 (0x02be4f33) x30 0xffffffff
core   0: 0x80008d8c (0xbdf4b613) sltiu   a2, s1, -1057
core   0: 3 0x80008d8c (0xbdf4b613) x12 0x00000001
core   0: 0x80008d90 (0x06411a97) auipc   s5, 0x6411
core   0: 3 0x80008d90 (0x06411a97) x21 0x86419d90
core   0: 0x80008d94 (0x40c65ab3) sra     s5, a2, a2
core   0: 3 0x80008d94 (0x40c65ab3) x21 0x00000000
core   0: 0x80008d98 (0x02d60833) mul     a6, a2, a3
core   0: 3 0x80008d98 (0x02d60833) x16 0x80014e64
core   0: 0x80008d9c (0xa2e0bb13) sltiu   s6, ra, -1490
core   0: 3 0x80008d9c (0xa2e0bb13) x22 0x00000001
core   0: 0x80008da0 (0x00f13133) sltu    sp, sp, a5
core   0: 3 0x80008da0 (0x00f13133) x 2 0x00000000
core   0: 0x80008da4 (0xa4856893) ori     a7, a0, -1464
core   0: 3 0x80008da4 (0xa4856893) x17 0xffffffff
core   0: 0x80008da8 (0x40f304b3) sub     s1, t1, a5
core   0: 3 0x80008da8 (0x40f304b3) x 9 0x00000001
core   0: 0x80008dac (0x86f5c193) xori    gp, a1, -1937
core   0: 3 0x80008dac (0x86f5c193) x 3 0xbfc4c86f
core   0: 0x80008db0 (0x40f78833) sub     a6, a5, a5
core   0: 3 0x80008db0 (0x40f78833) x16 0x00000000
core   0: 0x80008db4 (0x00123033) sltu    zero, tp, ra
core   0: 3 0x80008db4 (0x00123033)
core   0: 0x80008db8 (0x9cf23a17) auipc   s4, 0x9cf23
core   0: 3 0x80008db8 (0x9cf23a17) x20 0x1cf2bdb8
core   0: 0x80008dbc (0x02b206b3) mul     a3, tp, a1
core   0: 3 0x80008dbc (0x02b206b3) x13 0xbfc4d000
core   0: 0x80008dc0 (0xdbf5ba13) sltiu   s4, a1, -577
core   0: 3 0x80008dc0 (0xdbf5ba13) x20 0x00000001
core   0: 0x80008dc4 (0x016c0c33) add     s8, s8, s6
core   0: 3 0x80008dc4 (0x016c0c33) x24 0xfffffcde
core   0: 0x80008dc8 (0x5cf0ed13) ori     s10, ra, 1487
core   0: 3 0x80008dc8 (0x5cf0ed13) x26 0x000005cf
core   0: 0x80008dcc (0x01339193) slli    gp, t2, 19
core   0: 3 0x80008dcc (0x01339193) x 3 0xe6e80000
core   0: 0x80008dd0 (0x03eb0d33) mul     s10, s6, t5
core   0: 3 0x80008dd0 (0x03eb0d33) x26 0xffffffff
core   0: 0x80008dd4 (0x43f34193) xori    gp, t1, 1087
core   0: 3 0x80008dd4 (0x43f34193) x 3 0x0000043e
core   0: 0x80008dd8 (0x00000013) nop
core   0: 3 0x80008dd8 (0x00000013)
core   0: 0x80008ddc (0x02cfc9b3) div     s3, t6, a2
core   0: 3 0x80008ddc (0x02cfc9b3) x19 0x000001ff
core   0: 0x80008de0 (0x014bdd33) srl     s10, s7, s4
core   0: 3 0x80008de0 (0x014bdd33) x26 0x00000000
core   0: 0x80008de4 (0x008f50b3) srl     ra, t5, s0
core   0: 3 0x80008de4 (0x008f50b3) x 1 0xffffffff
core   0: 0x80008de8 (0x4052da13) srai    s4, t0, 5
core   0: 3 0x80008de8 (0x4052da13) x20 0xfc55a180
core   0: 0x80008dec (0x02cdfdb3) remu    s11, s11, a2
core   0: 3 0x80008dec (0x02cdfdb3) x27 0x00000000
core   0: 0x80008df0 (0x01941ab3) sll     s5, s0, s9
core   0: 3 0x80008df0 (0x01941ab3) x21 0x00000000
core   0: 0x80008df4 (0x01fd20b3) slt     ra, s10, t6
core   0: 3 0x80008df4 (0x01fd20b3) x 1 0x00000001
core   0: 0x80008df8 (0xf43b6d93) ori     s11, s6, -189
core   0: 3 0x80008df8 (0xf43b6d93) x27 0xffffff43
core   0: 0x80008dfc (0x008bbc33) sltu    s8, s7, s0
core   0: 3 0x80008dfc (0x008bbc33) x24 0x00000000
core   0: 0x80008e00 (0x024451b3) divu    gp, s0, tp
core   0: 3 0x80008e00 (0x024451b3) x 3 0x00000000
core   0: 0x80008e04 (0x0023f4b3) and     s1, t2, sp
core   0: 3 0x80008e04 (0x0023f4b3) x 9 0x00000000
core   0: 0x80008e08 (0x004d6ab3) or      s5, s10, tp
core   0: 3 0x80008e08 (0x004d6ab3) x21 0xffffffff
core   0: 0x80008e0c (0x41c3da33) sra     s4, t2, t3
core   0: 3 0x80008e0c (0x41c3da33) x20 0xfffffcdd
core   0: 0x80008e10 (0x03a09db3) mulh    s11, ra, s10
core   0: 3 0x80008e10 (0x03a09db3) x27 0x00000000
core   0: 0x80008e14 (0x00000013) nop
core   0: 3 0x80008e14 (0x00000013)
core   0: 0x80008e18 (0x03b213b3) mulh    t2, tp, s11
core   0: 3 0x80008e18 (0x03b213b3) x 7 0x00000000
core   0: 0x80008e1c (0x01569e93) slli    t4, a3, 21
core   0: 3 0x80008e1c (0x01569e93) x29 0x00000000
core   0: 0x80008e20 (0x0343d1b3) divu    gp, t2, s4
core   0: 3 0x80008e20 (0x0343d1b3) x 3 0x00000000
core   0: 0x80008e24 (0x00000013) nop
core   0: 3 0x80008e24 (0x00000013)
core   0: 0x80008e28 (0x010c7833) and     a6, s8, a6
core   0: 3 0x80008e28 (0x010c7833) x16 0x00000000
core   0: 0x80008e2c (0x242a2d93) slti    s11, s4, 578
core   0: 3 0x80008e2c (0x242a2d93) x27 0x00000001
core   0: 0x80008e30 (0x00e35613) srli    a2, t1, 14
core   0: 3 0x80008e30 (0x00e35613) x12 0x00000000
core   0: 0x80008e34 (0x01bc4bb3) xor     s7, s8, s11
core   0: 3 0x80008e34 (0x01bc4bb3) x23 0x00000001
core   0: 0x80008e38 (0x00277533) and     a0, a4, sp
core   0: 3 0x80008e38 (0x00277533) x10 0x00000000
core   0: 0x80008e3c (0x023100b3) mul     ra, sp, gp
core   0: 3 0x80008e3c (0x023100b3) x 1 0x00000000
core   0: 0x80008e40 (0x725e3537) lui     a0, 0x725e3
core   0: 3 0x80008e40 (0x725e3537) x10 0x725e3000
core   0: 0x80008e44 (0x02a9a933) mulhsu  s2, s3, a0
core   0: 3 0x80008e44 (0x02a9a933) x18 0x000000e4
core   0: 0x80008e48 (0xb9095db7) lui     s11, 0xb9095
core   0: 3 0x80008e48 (0xb9095db7) x27 0xb9095000
core   0: 0x80008e4c (0x09937f17) auipc   t5, 0x9937
core   0: 3 0x80008e4c (0x09937f17) x30 0x8993fe4c
core   0: 0x80008e50 (0x03e9e433) rem     s0, s3, t5
core   0: 3 0x80008e50 (0x03e9e433) x 8 0x000001ff
core   0: 0x80008e54 (0x00855c33) srl     s8, a0, s0
core   0: 3 0x80008e54 (0x00855c33) x24 0x00000000
core   0: 0x80008e58 (0x00199513) slli    a0, s3, 1
core   0: 3 0x80008e58 (0x00199513) x10 0x000003fe
core   0: 0x80008e5c (0x79c7b313) sltiu   t1, a5, 1948
core   0: 3 0x80008e5c (0x79c7b313) x 6 0x00000001
core   0: 0x80008e60 (0x40b056b3) sra     a3, zero, a1
core   0: 3 0x80008e60 (0x40b056b3) x13 0x00000000
core   0: 0x80008e64 (0x0021e933) or      s2, gp, sp
core   0: 3 0x80008e64 (0x0021e933) x18 0x00000000
core   0: 0x80008e68 (0x8f785037) lui     zero, 0x8f785
core   0: 3 0x80008e68 (0x8f785037)
core   0: 0x80008e6c (0x00a3ceb3) xor     t4, t2, a0
core   0: 3 0x80008e6c (0x00a3ceb3) x29 0x000003fe
core   0: 0x80008e70 (0x02987033) remu    zero, a6, s1
core   0: 3 0x80008e70 (0x02987033)
core   0: 0x80008e74 (0x0135f233) and     tp, a1, s3
core   0: 3 0x80008e74 (0x0135f233) x 4 0x00000000
core   0: 0x80008e78 (0xfc642793) slti    a5, s0, -58
core   0: 3 0x80008e78 (0xfc642793) x15 0x00000000
core   0: 0x80008e7c (0x0194d613) srli    a2, s1, 25
core   0: 3 0x80008e7c (0x0194d613) x12 0x00000000
core   0: 0x80008e80 (0x006c7633) and     a2, s8, t1
core   0: 3 0x80008e80 (0x006c7633) x12 0x00000000
core   0: 0x80008e84 (0x020a2a33) mulhsu  s4, s4, zero
core   0: 3 0x80008e84 (0x020a2a33) x20 0x00000000
core   0: 0x80008e88 (0xe3059897) auipc   a7, 0xe3059
core   0: 3 0x80008e88 (0xe3059897) x17 0x63061e88
core   0: 0x80008e8c (0x034b1f33) mulh    t5, s6, s4
core   0: 3 0x80008e8c (0x034b1f33) x30 0x00000000
core   0: 0x80008e90 (0x00b9dc13) srli    s8, s3, 11
core   0: 3 0x80008e90 (0x00b9dc13) x24 0x00000000
core   0: 0x80008e94 (0x020e95b3) mulh    a1, t4, zero
core   0: 3 0x80008e94 (0x020e95b3) x11 0x00000000
core   0: 0x80008e98 (0x01bd8c33) add     s8, s11, s11
core   0: 3 0x80008e98 (0x01bd8c33) x24 0x7212a000
core   0: 0x80008e9c (0x00000013) nop
core   0: 3 0x80008e9c (0x00000013)
core   0: 0x80008ea0 (0x38e9f297) auipc   t0, 0x38e9f
core   0: 3 0x80008ea0 (0x38e9f297) x 5 0xb8ea7ea0
core   0: 0x80008ea4 (0x3989b893) sltiu   a7, s3, 920
core   0: 3 0x80008ea4 (0x3989b893) x17 0x00000001
core   0: 0x80008ea8 (0x3e093697) auipc   a3, 0x3e093
core   0: 3 0x80008ea8 (0x3e093697) x13 0xbe09bea8
core   0: 0x80008eac (0xeda98537) lui     a0, 0xeda98
core   0: 3 0x80008eac (0xeda98537) x10 0xeda98000
core   0: 0x80008eb0 (0x00000013) nop
core   0: 3 0x80008eb0 (0x00000013)
core   0: 0x80008eb4 (0x009b4833) xor     a6, s6, s1
core   0: 3 0x80008eb4 (0x009b4833) x16 0x00000001
core   0: 0x80008eb8 (0xae23cf13) xori    t5, t2, -1310
core   0: 3 0x80008eb8 (0xae23cf13) x30 0xfffffae2
core   0: 0x80008ebc (0x336c4217) auipc   tp, 0x336c4
core   0: 3 0x80008ebc (0x336c4217) x 4 0xb36ccebc
core   0: 0x80008ec0 (0x02616a33) rem     s4, sp, t1
core   0: 3 0x80008ec0 (0x02616a33) x20 0x00000000
core   0: 0x80008ec4 (0x017100b3) add     ra, sp, s7
core   0: 3 0x80008ec4 (0x017100b3) x 1 0x00000001
core   0: 0x80008ec8 (0x003e1a13) slli    s4, t3, 3
core   0: 3 0x80008ec8 (0x003e1a13) x20 0x00000000
core   0: 0x80008ecc (0x02220533) mul     a0, tp, sp
core   0: 3 0x80008ecc (0x02220533) x10 0x00000000
core   0: 0x80008ed0 (0x01456433) or      s0, a0, s4
core   0: 3 0x80008ed0 (0x01456433) x 8 0x00000000
core   0: 0x80008ed4 (0x022efab3) remu    s5, t4, sp
core   0: 3 0x80008ed4 (0x022efab3) x21 0x000003fe
core   0: 0x80008ed8 (0x419dda93) srai    s5, s11, 25
core   0: 3 0x80008ed8 (0x419dda93) x21 0xffffffdc
core   0: 0x80008edc (0x1b36be93) sltiu   t4, a3, 435
core   0: 3 0x80008edc (0x1b36be93) x29 0x00000000
core   0: 0x80008ee0 (0xc68e7d93) andi    s11, t3, -920
core   0: 3 0x80008ee0 (0xc68e7d93) x27 0x80000000
core   0: 0x80008ee4 (0x02ee91b3) mulh    gp, t4, a4
core   0: 3 0x80008ee4 (0x02ee91b3) x 3 0x00000000
core   0: 0x80008ee8 (0xc156b313) sltiu   t1, a3, -1003
core   0: 3 0x80008ee8 (0xc156b313) x 6 0x00000001
core   0: 0x80008eec (0x1007dc17) auipc   s8, 0x1007d
core   0: 3 0x80008eec (0x1007dc17) x24 0x90085eec
core   0: 0x80008ef0 (0x02c87033) remu    zero, a6, a2
core   0: 3 0x80008ef0 (0x02c87033)
core   0: 0x80008ef4 (0x2154f813) andi    a6, s1, 533
core   0: 3 0x80008ef4 (0x2154f813) x16 0x00000000
core   0: 0x80008ef8 (0x00000013) nop
core   0: 3 0x80008ef8 (0x00000013)
core   0: 0x80008efc (0x4155dbb3) sra     s7, a1, s5
core   0: 3 0x80008efc (0x4155dbb3) x23 0x00000000
core   0: 0x80008f00 (0x00346db3) or      s11, s0, gp
core   0: 3 0x80008f00 (0x00346db3) x27 0x00000000
core   0: 0x80008f04 (0x478f3413) sltiu   s0, t5, 1144
core   0: 3 0x80008f04 (0x478f3413) x 8 0x00000000
core   0: 0x80008f08 (0xf2b2ee93) ori     t4, t0, -213
core   0: 3 0x80008f08 (0xf2b2ee93) x29 0xffffffab
core   0: 0x80008f0c (0x5a223913) sltiu   s2, tp, 1442
core   0: 3 0x80008f0c (0x5a223913) x18 0x00000000
core   0: 0x80008f10 (0x1a74bf13) sltiu   t5, s1, 423
core   0: 3 0x80008f10 (0x1a74bf13) x30 0x00000001
core   0: 0x80008f14 (0x009a8fb3) add     t6, s5, s1
core   0: 3 0x80008f14 (0x009a8fb3) x31 0xffffffdc
core   0: 0x80008f18 (0xdf39b813) sltiu   a6, s3, -525
core   0: 3 0x80008f18 (0xdf39b813) x16 0x00000001
core   0: 0x80008f1c (0x003480b3) add     ra, s1, gp
core   0: 3 0x80008f1c (0x003480b3) x 1 0x00000000
core   0: 0x80008f20 (0x8d514297) auipc   t0, 0x8d514
core   0: 3 0x80008f20 (0x8d514297) x 5 0x0d51cf20
core   0: 0x80008f24 (0xf180a693) slti    a3, ra, -232
core   0: 3 0x80008f24 (0xf180a693) x13 0x00000000
core   0: 0x80008f28 (0x020e78b3) remu    a7, t3, zero
core   0: 3 0x80008f28 (0x020e78b3) x17 0x80000000
core   0: 0x80008f2c (0x00129f13) slli    t5, t0, 1
core   0: 3 0x80008f2c (0x00129f13) x30 0x1aa39e40
core   0: 0x80008f30 (0x019a2eb3) slt     t4, s4, s9
core   0: 3 0x80008f30 (0x019a2eb3) x29 0x00000000
core   0: 0x80008f34 (0x0046e533) or      a0, a3, tp
core   0: 3 0x80008f34 (0x0046e533) x10 0xb36ccebc
core   0: 0x80008f38 (0x00714333) xor     t1, sp, t2
core   0: 3 0x80008f38 (0x00714333) x 6 0x00000000
core   0: 0x80008f3c (0x033afb33) remu    s6, s5, s3
core   0: 3 0x80008f3c (0x033afb33) x22 0x000001fb
core   0: 0x80008f40 (0x01b466b3) or      a3, s0, s11
core   0: 3 0x80008f40 (0x01b466b3) x13 0x00000000
core   0: 0x80008f44 (0x01539933) sll     s2, t2, s5
core   0: 3 0x80008f44 (0x01539933) x18 0x00000000
core   0: 0x80008f48 (0x030784b3) mul     s1, a5, a6
core   0: 3 0x80008f48 (0x030784b3) x 9 0x00000000
core   0: 0x80008f4c (0x034c6eb3) rem     t4, s8, s4
core   0: 3 0x80008f4c (0x034c6eb3) x29 0x90085eec
core   0: 0x80008f50 (0x02c9b7b3) mulhu   a5, s3, a2
core   0: 3 0x80008f50 (0x02c9b7b3) x15 0x00000000
core   0: 0x80008f54 (0x032c4bb3) div     s7, s8, s2
core   0: 3 0x80008f54 (0x032c4bb3) x23 0xffffffff
core   0: 0x80008f58 (0x014bac33) slt     s8, s7, s4
core   0: 3 0x80008f58 (0x014bac33) x24 0x00000001
core   0: 0x80008f5c (0x417185b3) sub     a1, gp, s7
core   0: 3 0x80008f5c (0x417185b3) x11 0x00000001
core   0: 0x80008f60 (0x00c8af33) slt     t5, a7, a2
core   0: 3 0x80008f60 (0x00c8af33) x30 0x00000001
core   0: 0x80008f64 (0xc7c6c793) xori    a5, a3, -900
core   0: 3 0x80008f64 (0xc7c6c793) x15 0xfffffc7c
core   0: 0x80008f68 (0x9b493e93) sltiu   t4, s2, -1612
core   0: 3 0x80008f68 (0x9b493e93) x29 0x00000001
core   0: 0x80008f6c (0x02c2beb3) mulhu   t4, t0, a2
core   0: 3 0x80008f6c (0x02c2beb3) x29 0x00000000
core   0: 0x80008f70 (0x0127e233) or      tp, a5, s2
core   0: 3 0x80008f70 (0x0127e233) x 4 0xfffffc7c
core   0: 0x80008f74 (0x04f1e2b7) lui     t0, 0x4f1e
core   0: 3 0x80008f74 (0x04f1e2b7) x 5 0x04f1e000
core   0: 0x80008f78 (0x01f61a93) slli    s5, a2, 31
core   0: 3 0x80008f78 (0x01f61a93) x21 0x00000000
core   0: 0x80008f7c (0x6e1ea193) slti    gp, t4, 1761
core   0: 3 0x80008f7c (0x6e1ea193) x 3 0x00000001
core   0: 0x80008f80 (0xace3df37) lui     t5, 0xace3d
core   0: 3 0x80008f80 (0xace3df37) x30 0xace3d000
core   0: 0x80008f84 (0x0041c7b3) xor     a5, gp, tp
core   0: 3 0x80008f84 (0x0041c7b3) x15 0xfffffc7d
core   0: 0x80008f88 (0x02991233) mulh    tp, s2, s1
core   0: 3 0x80008f88 (0x02991233) x 4 0x00000000
core   0: 0x80008f8c (0x01515513) srli    a0, sp, 21
core   0: 3 0x80008f8c (0x01515513) x10 0x00000000
core   0: 0x80008f90 (0x00776db3) or      s11, a4, t2
core   0: 3 0x80008f90 (0x00776db3) x27 0x80014e64
core   0: 0x80008f94 (0x001d0a33) add     s4, s10, ra
core   0: 3 0x80008f94 (0x001d0a33) x20 0x00000000
core   0: 0x80008f98 (0x02263d33) mulhu   s10, a2, sp
core   0: 3 0x80008f98 (0x02263d33) x26 0x00000000
core   0: 0x80008f9c (0xa90fc293) xori    t0, t6, -1392
core   0: 3 0x80008f9c (0xa90fc293) x 5 0x0000054c
core   0: 0x80008fa0 (0x80433113) sltiu   sp, t1, -2044
core   0: 3 0x80008fa0 (0x80433113) x 2 0x00000001
core   0: 0x80008fa4 (0x02ec3433) mulhu   s0, s8, a4
core   0: 3 0x80008fa4 (0x02ec3433) x 8 0x00000000
core   0: 0x80008fa8 (0x00d66c33) or      s8, a2, a3
core   0: 3 0x80008fa8 (0x00d66c33) x24 0x00000000
core   0: 0x80008fac (0x00000013) nop
core   0: 3 0x80008fac (0x00000013)
core   0: 0x80008fb0 (0xa2aea313) slti    t1, t4, -1494
core   0: 3 0x80008fb0 (0xa2aea313) x 6 0x00000000
core   0: 0x80008fb4 (0x024c7933) remu    s2, s8, tp
core   0: 3 0x80008fb4 (0x024c7933) x18 0x00000000
core   0: 0x80008fb8 (0x00125f33) srl     t5, tp, ra
core   0: 3 0x80008fb8 (0x00125f33) x30 0x00000000
core   0: 0x80008fbc (0x036a89b3) mul     s3, s5, s6
core   0: 3 0x80008fbc (0x036a89b3) x19 0x00000000
core   0: 0x80008fc0 (0x0015b8b3) sltu    a7, a1, ra
core   0: 3 0x80008fc0 (0x0015b8b3) x17 0x00000000
core   0: 0x80008fc4 (0x00b98d33) add     s10, s3, a1
core   0: 3 0x80008fc4 (0x00b98d33) x26 0x00000001
core   0: 0x80008fc8 (0x01261313) slli    t1, a2, 18
core   0: 3 0x80008fc8 (0x01261313) x 6 0x00000000
core   0: 0x80008fcc (0xcc0e7f37) lui     t5, 0xcc0e7
core   0: 3 0x80008fcc (0xcc0e7f37) x30 0xcc0e7000
core   0: 0x80008fd0 (0x250ae197) auipc   gp, 0x250ae
core   0: 3 0x80008fd0 (0x250ae197) x 3 0xa50b6fd0
core   0: 0x80008fd4 (0x541d4d13) xori    s10, s10, 1345
core   0: 3 0x80008fd4 (0x541d4d13) x26 0x00000540
core   0: 0x80008fd8 (0x035f30b3) mulhu   ra, t5, s5
core   0: 3 0x80008fd8 (0x035f30b3) x 1 0x00000000
core   0: 0x80008fdc (0x022d56b3) divu    a3, s10, sp
core   0: 3 0x80008fdc (0x022d56b3) x13 0x00000540
core   0: 0x80008fe0 (0x00b9bf33) sltu    t5, s3, a1
core   0: 3 0x80008fe0 (0x00b9bf33) x30 0x00000001
core   0: 0x80008fe4 (0x4ffe6a13) ori     s4, t3, 1279
core   0: 3 0x80008fe4 (0x4ffe6a13) x20 0x800004ff
core   0: 0x80008fe8 (0x027d6b33) rem     s6, s10, t2
core   0: 3 0x80008fe8 (0x027d6b33) x22 0x00000540
core   0: 0x80008fec (0x000567b3) or      a5, a0, zero
core   0: 3 0x80008fec (0x000567b3) x15 0x00000000
core   0: 0x80008ff0 (0x410cd413) srai    s0, s9, 16
core   0: 3 0x80008ff0 (0x410cd413) x 8 0xffff8001
core   0: 0x80008ff4 (0x9e8cc513) xori    a0, s9, -1560
core   0: 3 0x80008ff4 (0x9e8cc513) x10 0x7ffe750c
core   0: 0x80008ff8 (0x03fc72b3) remu    t0, s8, t6
core   0: 3 0x80008ff8 (0x03fc72b3) x 5 0x00000000
core   0: 0x80008ffc (0xc2f36293) ori     t0, t1, -977
core   0: 3 0x80008ffc (0xc2f36293) x 5 0xfffffc2f
core   0: 0x80009000 (0x00000013) nop
core   0: 3 0x80009000 (0x00000013)
core   0: 0x80009004 (0x00a5c633) xor     a2, a1, a0
core   0: 3 0x80009004 (0x00a5c633) x12 0x7ffe750d
core   0: 0x80009008 (0x3ecc2913) slti    s2, s8, 1004
core   0: 3 0x80009008 (0x3ecc2913) x18 0x00000001
core   0: 0x8000900c (0x03315533) divu    a0, sp, s3
core   0: 3 0x8000900c (0x03315533) x10 0xffffffff
core   0: 0x80009010 (0x02731a33) mulh    s4, t1, t2
core   0: 3 0x80009010 (0x02731a33) x20 0x00000000
core   0: 0x80009014 (0x016bdf33) srl     t5, s7, s6
core   0: 3 0x80009014 (0x016bdf33) x30 0xffffffff
core   0: 0x80009018 (0x014513b3) sll     t2, a0, s4
core   0: 3 0x80009018 (0x014513b3) x 7 0xffffffff
core   0: 0x8000901c (0x017b40b3) xor     ra, s6, s7
core   0: 3 0x8000901c (0x017b40b3) x 1 0xfffffabf
core   0: 0x80009020 (0xb51e2213) slti    tp, t3, -1199
core   0: 3 0x80009020 (0xb51e2213) x 4 0x00000001
core   0: 0x80009024 (0x02ebc533) div     a0, s7, a4
core   0: 3 0x80009024 (0x02ebc533) x10 0x00000000
core   0: 0x80009028 (0x00000013) nop
core   0: 3 0x80009028 (0x00000013)
core   0: 0x8000902c (0x400950b3) sra     ra, s2, zero
core   0: 3 0x8000902c (0x400950b3) x 1 0x00000001
core   0: 0x80009030 (0x023266b3) rem     a3, tp, gp
core   0: 3 0x80009030 (0x023266b3) x13 0x00000001
core   0: 0x80009034 (0x97662393) slti    t2, a2, -1674
core   0: 3 0x80009034 (0x97662393) x 7 0x00000000
core   0: 0x80009038 (0x007dac33) slt     s8, s11, t2
core   0: 3 0x80009038 (0x007dac33) x24 0x00000001
core   0: 0x8000903c (0xfc765d17) auipc   s10, 0xfc765
core   0: 3 0x8000903c (0xfc765d17) x26 0x7c76e03c
core   0: 0x80009040 (0x40a6db13) srai    s6, a3, 10
core   0: 3 0x80009040 (0x40a6db13) x22 0x00000000
core   0: 0x80009044 (0x02e60133) mul     sp, a2, a4
core   0: 3 0x80009044 (0x02e60133) x 2 0x7c1caf14
core   0: 0x80009048 (0xb5204493) xori    s1, zero, -1198
core   0: 3 0x80009048 (0xb5204493) x 9 0xfffffb52
core   0: 0x8000904c (0x000a4033) xor     zero, s4, zero
core   0: 3 0x8000904c (0x000a4033)
core   0: 0x80009050 (0x02b70a33) mul     s4, a4, a1
core   0: 3 0x80009050 (0x02b70a33) x20 0x80014e64
core   0: 0x80009054 (0x01105393) srli    t2, zero, 17
core   0: 3 0x80009054 (0x01105393) x 7 0x00000000
core   0: 0x80009058 (0xa1fe5d37) lui     s10, 0xa1fe5
core   0: 3 0x80009058 (0xa1fe5d37) x26 0xa1fe5000
core   0: 0x8000905c (0x40680eb3) sub     t4, a6, t1
core   0: 3 0x8000905c (0x40680eb3) x29 0x00000001
core   0: 0x80009060 (0x56bd0613) addi    a2, s10, 1387
core   0: 3 0x80009060 (0x56bd0613) x12 0xa1fe556b
core   0: 0x80009064 (0x0372aa33) mulhsu  s4, t0, s7
core   0: 3 0x80009064 (0x0372aa33) x20 0xfffffc2f
core   0: 0x80009068 (0x00000013) nop
core   0: 3 0x80009068 (0x00000013)
core   0: 0x8000906c (0x009ed113) srli    sp, t4, 9
core   0: 3 0x8000906c (0x009ed113) x 2 0x00000000
core   0: 0x80009070 (0x013aa0b3) slt     ra, s5, s3
core   0: 3 0x80009070 (0x013aa0b3) x 1 0x00000000
core   0: 0x80009074 (0x41a401b3) sub     gp, s0, s10
core   0: 3 0x80009074 (0x41a401b3) x 3 0x5e013001
core   0: 0x80009078 (0x00305333) srl     t1, zero, gp
core   0: 3 0x80009078 (0x00305333) x 6 0x00000000
core   0: 0x8000907c (0x01b51233) sll     tp, a0, s11
core   0: 3 0x8000907c (0x01b51233) x 4 0x00000000
core   0: 0x80009080 (0x00e488b3) add     a7, s1, a4
core   0: 3 0x80009080 (0x00e488b3) x17 0x800149b6
core   0: 0x80009084 (0x3526f493) andi    s1, a3, 850
core   0: 3 0x80009084 (0x3526f493) x 9 0x00000000
core   0: 0x80009088 (0x00d76833) or      a6, a4, a3
core   0: 3 0x80009088 (0x00d76833) x16 0x80014e65
core   0: 0x8000908c (0x02539fb3) mulh    t6, t2, t0
core   0: 3 0x8000908c (0x02539fb3) x31 0x00000000
core   0: 0x80009090 (0x025b96b3) mulh    a3, s7, t0
core   0: 3 0x80009090 (0x025b96b3) x13 0x00000000
core   0: 0x80009094 (0x01346a33) or      s4, s0, s3
core   0: 3 0x80009094 (0x01346a33) x20 0xffff8001
core   0: 0x80009098 (0x012c99b3) sll     s3, s9, s2
core   0: 3 0x80009098 (0x012c99b3) x19 0x000319c8
core   0: 0x8000909c (0x03e48533) mul     a0, s1, t5
core   0: 3 0x8000909c (0x03e48533) x10 0x00000000
core   0: 0x800090a0 (0x013efbb3) and     s7, t4, s3
core   0: 3 0x800090a0 (0x013efbb3) x23 0x00000000
core   0: 0x800090a4 (0x02571233) mulh    tp, a4, t0
core   0: 3 0x800090a4 (0x02571233) x 4 0x000001e8
core   0: 0x800090a8 (0x01e5c133) xor     sp, a1, t5
core   0: 3 0x800090a8 (0x01e5c133) x 2 0xfffffffe
core   0: 0x800090ac (0x73123c13) sltiu   s8, tp, 1841
core   0: 3 0x800090ac (0x73123c13) x24 0x00000001
core   0: 0x800090b0 (0x40e45d13) srai    s10, s0, 14
core   0: 3 0x800090b0 (0x40e45d13) x26 0xfffffffe
core   0: 0x800090b4 (0x22c3a913) slti    s2, t2, 556
core   0: 3 0x800090b4 (0x22c3a913) x18 0x00000001
core   0: 0x800090b8 (0x40e48433) sub     s0, s1, a4
core   0: 3 0x800090b8 (0x40e48433) x 8 0x7ffeb19c
core   0: 0x800090bc (0x6778b013) sltiu   zero, a7, 1655
core   0: 3 0x800090bc (0x6778b013)
core   0: 0x800090c0 (0x9799f593) andi    a1, s3, -1671
core   0: 3 0x800090c0 (0x9799f593) x11 0x00031948
core   0: 0x800090c4 (0x016fd593) srli    a1, t6, 22
core   0: 3 0x800090c4 (0x016fd593) x11 0x00000000
core   0: 0x800090c8 (0x02c0f4b3) remu    s1, ra, a2
core   0: 3 0x800090c8 (0x02c0f4b3) x 9 0x00000000
core   0: 0x800090cc (0x00b39933) sll     s2, t2, a1
core   0: 3 0x800090cc (0x00b39933) x18 0x00000000
core   0: 0x800090d0 (0x015f0433) add     s0, t5, s5
core   0: 3 0x800090d0 (0x015f0433) x 8 0xffffffff
core   0: 0x800090d4 (0x40c7dbb3) sra     s7, a5, a2
core   0: 3 0x800090d4 (0x40c7dbb3) x23 0x00000000
core   0: 0x800090d8 (0x00c19c13) slli    s8, gp, 12
core   0: 3 0x800090d8 (0x00c19c13) x24 0x13001000
core   0: 0x800090dc (0x01e09c13) slli    s8, ra, 30
core   0: 3 0x800090dc (0x01e09c13) x24 0x00000000
core   0: 0x800090e0 (0x03408633) mul     a2, ra, s4
core   0: 3 0x800090e0 (0x03408633) x12 0x00000000
core   0: 0x800090e4 (0x00000013) nop
core   0: 3 0x800090e4 (0x00000013)
core   0: 0x800090e8 (0x41b05f33) sra     t5, zero, s11
core   0: 3 0x800090e8 (0x41b05f33) x30 0x00000000
core   0: 0x800090ec (0x0138aeb3) slt     t4, a7, s3
core   0: 3 0x800090ec (0x0138aeb3) x29 0x00000001
core   0: 0x800090f0 (0x01400f33) add     t5, zero, s4
core   0: 3 0x800090f0 (0x01400f33) x30 0xffff8001
core   0: 0x800090f4 (0x00000013) nop
core   0: 3 0x800090f4 (0x00000013)
core   0: 0x800090f8 (0x029f0d33) mul     s10, t5, s1
core   0: 3 0x800090f8 (0x029f0d33) x26 0x00000000
core   0: 0x800090fc (0x03a85a33) divu    s4, a6, s10
core   0: 3 0x800090fc (0x03a85a33) x20 0xffffffff
core   0: 0x80009100 (0xd369eb13) ori     s6, s3, -714
core   0: 3 0x80009100 (0xd369eb13) x22 0xfffffdfe
core   0: 0x80009104 (0x03f0d5b3) divu    a1, ra, t6
core   0: 3 0x80009104 (0x03f0d5b3) x11 0xffffffff
core   0: 0x80009108 (0x017d0fb3) add     t6, s10, s7
core   0: 3 0x80009108 (0x017d0fb3) x31 0x00000000
core   0: 0x8000910c (0x01c4feb3) and     t4, s1, t3
core   0: 3 0x8000910c (0x01c4feb3) x29 0x00000000
core   0: 0x80009110 (0x00b186b3) add     a3, gp, a1
core   0: 3 0x80009110 (0x00b186b3) x13 0x5e013000
core   0: 0x80009114 (0xda666913) ori     s2, a2, -602
core   0: 3 0x80009114 (0xda666913) x18 0xfffffda6
core   0: 0x80009118 (0x030fd5b3) divu    a1, t6, a6
core   0: 3 0x80009118 (0x030fd5b3) x11 0x00000000
core   0: 0x8000911c (0xa3162513) slti    a0, a2, -1487
core   0: 3 0x8000911c (0xa3162513) x10 0x00000000
core   0: 0x80009120 (0x01f56c33) or      s8, a0, t6
core   0: 3 0x80009120 (0x01f56c33) x24 0x00000000
core   0: 0x80009124 (0x8554e637) lui     a2, 0x8554e
core   0: 3 0x80009124 (0x8554e637) x12 0x8554e000
core   0: 0x80009128 (0xd7556c37) lui     s8, 0xd7556
core   0: 3 0x80009128 (0xd7556c37) x24 0xd7556000
core   0: 0x8000912c (0xd622b493) sltiu   s1, t0, -670
core   0: 3 0x8000912c (0xd622b493) x 9 0x00000001
core   0: 0x80009130 (0x02badbb3) divu    s7, s5, a1
core   0: 3 0x80009130 (0x02badbb3) x23 0xffffffff
core   0: 0x80009134 (0x01d89613) slli    a2, a7, 29
core   0: 3 0x80009134 (0x01d89613) x12 0xc0000000
core   0: 0x80009138 (0x02b53f33) mulhu   t5, a0, a1
core   0: 3 0x80009138 (0x02b53f33) x30 0x00000000
core   0: 0x8000913c (0x00765c33) srl     s8, a2, t2
core   0: 3 0x8000913c (0x00765c33) x24 0xc0000000
core   0: 0x80009140 (0x067b4eb7) lui     t4, 0x67b4
core   0: 3 0x80009140 (0x067b4eb7) x29 0x067b4000
core   0: 0x80009144 (0x01032fb3) slt     t6, t1, a6
core   0: 3 0x80009144 (0x01032fb3) x31 0x00000000
core   0: 0x80009148 (0x00d98233) add     tp, s3, a3
core   0: 3 0x80009148 (0x00d98233) x 4 0x5e0449c8
core   0: 0x8000914c (0xa571a997) auipc   s3, 0xa571a
core   0: 3 0x8000914c (0xa571a997) x19 0x2572314c
core   0: 0x80009150 (0x3d496817) auipc   a6, 0x3d496
core   0: 3 0x80009150 (0x3d496817) x16 0xbd49f150
core   0: 0x80009154 (0xace9ba93) sltiu   s5, s3, -1330
core   0: 3 0x80009154 (0xace9ba93) x21 0x00000001
core   0: 0x80009158 (0x03ba29b3) mulhsu  s3, s4, s11
core   0: 3 0x80009158 (0x03ba29b3) x19 0xffffffff
core   0: 0x8000915c (0x00b50eb3) add     t4, a0, a1
core   0: 3 0x8000915c (0x00b50eb3) x29 0x00000000
core   0: 0x80009160 (0x0011d3b3) srl     t2, gp, ra
core   0: 3 0x80009160 (0x0011d3b3) x 7 0x5e013001
core   0: 0x80009164 (0x02753a33) mulhu   s4, a0, t2
core   0: 3 0x80009164 (0x02753a33) x20 0x00000000
core   0: 0x80009168 (0x006f3133) sltu    sp, t5, t1
core   0: 3 0x80009168 (0x006f3133) x 2 0x00000000
core   0: 0x8000916c (0x305a3d93) sltiu   s11, s4, 773
core   0: 3 0x8000916c (0x305a3d93) x27 0x00000001
core   0: 0x80009170 (0x02ec06b3) mul     a3, s8, a4
core   0: 3 0x80009170 (0x02ec06b3) x13 0x00000000
core   0: 0x80009174 (0xfac3e293) ori     t0, t2, -84
core   0: 3 0x80009174 (0xfac3e293) x 5 0xffffffad
core   0: 0x80009178 (0x030036b3) mulhu   a3, zero, a6
core   0: 3 0x80009178 (0x030036b3) x13 0x00000000
core   0: 0x8000917c (0x03e5d1b3) divu    gp, a1, t5
core   0: 3 0x8000917c (0x03e5d1b3) x 3 0xffffffff
core   0: 0x80009180 (0x01e2a533) slt     a0, t0, t5
core   0: 3 0x80009180 (0x01e2a533) x10 0x00000001
core   0: 0x80009184 (0x41998833) sub     a6, s3, s9
core   0: 3 0x80009184 (0x41998833) x16 0x7ffe731b
core   0: 0x80009188 (0x0162e6b3) or      a3, t0, s6
core   0: 3 0x80009188 (0x0162e6b3) x13 0xffffffff
core   0: 0x8000918c (0x008c56b3) srl     a3, s8, s0
core   0: 3 0x8000918c (0x008c56b3) x13 0x00000001
core   0: 0x80009190 (0x0219cc33) div     s8, s3, ra
core   0: 3 0x80009190 (0x0219cc33) x24 0xffffffff
core   0: 0x80009194 (0x02e8fbb3) remu    s7, a7, a4
core   0: 3 0x80009194 (0x02e8fbb3) x23 0x800149b6
core   0: 0x80009198 (0x01f01893) slli    a7, zero, 31
core   0: 3 0x80009198 (0x01f01893) x17 0x00000000
core   0: 0x8000919c (0x009c20b3) slt     ra, s8, s1
core   0: 3 0x8000919c (0x009c20b3) x 1 0x00000001
core   0: 0x800091a0 (0x0132c9b3) xor     s3, t0, s3
core   0: 3 0x800091a0 (0x0132c9b3) x19 0x00000052
core   0: 0x800091a4 (0x02b429b3) mulhsu  s3, s0, a1
core   0: 3 0x800091a4 (0x02b429b3) x19 0x00000000
core   0: 0x800091a8 (0xda9ee193) ori     gp, t4, -599
core   0: 3 0x800091a8 (0xda9ee193) x 3 0xfffffda9
core   0: 0x800091ac (0x43016a97) auipc   s5, 0x43016
core   0: 3 0x800091ac (0x43016a97) x21 0xc301f1ac
core   0: 0x800091b0 (0x01812133) slt     sp, sp, s8
core   0: 3 0x800091b0 (0x01812133) x 2 0x00000000
core   0: 0x800091b4 (0x025283b3) mul     t2, t0, t0
core   0: 3 0x800091b4 (0x025283b3) x 7 0x00001ae9
core   0: 0x800091b8 (0x6077e313) ori     t1, a5, 1543
core   0: 3 0x800091b8 (0x6077e313) x 6 0x00000607
core   0: 0x800091bc (0x03a9e9b3) rem     s3, s3, s10
core   0: 3 0x800091bc (0x03a9e9b3) x19 0x00000000
core   0: 0x800091c0 (0x036c1f33) mulh    t5, s8, s6
core   0: 3 0x800091c0 (0x036c1f33) x30 0x00000000
core   0: 0x800091c4 (0x0031bab3) sltu    s5, gp, gp
core   0: 3 0x800091c4 (0x0031bab3) x21 0x00000000
core   0: 0x800091c8 (0x021ca333) mulhsu  t1, s9, ra
core   0: 3 0x800091c8 (0x021ca333) x 6 0xffffffff
core   0: 0x800091cc (0x024715b3) mulh    a1, a4, tp
core   0: 3 0x800091cc (0x024715b3) x11 0xd0fe55ea
core   0: 0x800091d0 (0x41f78c33) sub     s8, a5, t6
core   0: 3 0x800091d0 (0x41f78c33) x24 0x00000000
core   0: 0x800091d4 (0x03ae06b3) mul     a3, t3, s10
core   0: 3 0x800091d4 (0x03ae06b3) x13 0x00000000
core   0: 0x800091d8 (0x032df333) remu    t1, s11, s2
core   0: 3 0x800091d8 (0x032df333) x 6 0x00000001
core   0: 0x800091dc (0x02423f33) mulhu   t5, tp, tp
core   0: 3 0x800091dc (0x02423f33) x30 0x22872641
core   0: 0x800091e0 (0x039105b3) mul     a1, sp, s9
core   0: 3 0x800091e0 (0x039105b3) x11 0x00000000
core   0: 0x800091e4 (0x0207c1b3) div     gp, a5, zero
core   0: 3 0x800091e4 (0x0207c1b3) x 3 0xffffffff
core   0: 0x800091e8 (0x414d8933) sub     s2, s11, s4
core   0: 3 0x800091e8 (0x414d8933) x18 0x00000001
core   0: 0x800091ec (0x01549db3) sll     s11, s1, s5
core   0: 3 0x800091ec (0x01549db3) x27 0x00000001
core   0: 0x800091f0 (0x00889813) slli    a6, a7, 8
core   0: 3 0x800091f0 (0x00889813) x16 0x00000000
core   0: 0x800091f4 (0x441aed17) auipc   s10, 0x441ae
core   0: 3 0x800091f4 (0x441aed17) x26 0xc41b71f4
core   0: 0x800091f8 (0x02d483b3) mul     t2, s1, a3
core   0: 3 0x800091f8 (0x02d483b3) x 7 0x00000000
core   0: 0x800091fc (0x025cbf33) mulhu   t5, s9, t0
core   0: 3 0x800091fc (0x025cbf33) x30 0x80018cba
core   0: 0x80009200 (0x40055c13) srai    s8, a0, 0
core   0: 3 0x80009200 (0x40055c13) x24 0x00000001
core   0: 0x80009204 (0xa558e437) lui     s0, 0xa558e
core   0: 3 0x80009204 (0xa558e437) x 8 0xa558e000
core   0: 0x80009208 (0xbffa3993) sltiu   s3, s4, -1025
core   0: 3 0x80009208 (0xbffa3993) x19 0x00000001
core   0: 0x8000920c (0x01ed1413) slli    s0, s10, 30
core   0: 3 0x8000920c (0x01ed1413) x 8 0x00000000
core   0: 0x80009210 (0x03d5ba33) mulhu   s4, a1, t4
core   0: 3 0x80009210 (0x03d5ba33) x20 0x00000000
core   0: 0x80009214 (0x2e316893) ori     a7, sp, 739
core   0: 3 0x80009214 (0x2e316893) x17 0x000002e3
core   0: 0x80009218 (0x02df4c33) div     s8, t5, a3
core   0: 3 0x80009218 (0x02df4c33) x24 0xffffffff
core   0: 0x8000921c (0x0108e6b3) or      a3, a7, a6
core   0: 3 0x8000921c (0x0108e6b3) x13 0x000002e3
core   0: 0x80009220 (0x4066da13) srai    s4, a3, 6
core   0: 3 0x80009220 (0x4066da13) x20 0x0000000b
core   0: 0x80009224 (0x03c3a533) mulhsu  a0, t2, t3
core   0: 3 0x80009224 (0x03c3a533) x10 0x00000000
core   0: 0x80009228 (0x00935c13) srli    s8, t1, 9
core   0: 3 0x80009228 (0x00935c13) x24 0x00000000
core   0: 0x8000922c (0x03efdbb3) divu    s7, t6, t5
core   0: 3 0x8000922c (0x03efdbb3) x23 0x00000000
core   0: 0x80009230 (0xd4f98297) auipc   t0, 0xd4f98
core   0: 3 0x80009230 (0xd4f98297) x 5 0x54fa1230
core   0: 0x80009234 (0x4119d313) srai    t1, s3, 17
core   0: 3 0x80009234 (0x4119d313) x 6 0x00000000
core   0: 0x80009238 (0x3a848413) addi    s0, s1, 936
core   0: 3 0x80009238 (0x3a848413) x 8 0x000003a9
core   0: 0x8000923c (0x01453633) sltu    a2, a0, s4
core   0: 3 0x8000923c (0x01453633) x12 0x00000001
core   0: 0x80009240 (0x401a5d93) srai    s11, s4, 1
core   0: 3 0x80009240 (0x401a5d93) x27 0x00000005
core   0: 0x80009244 (0x000f5b93) srli    s7, t5, 0
core   0: 3 0x80009244 (0x000f5b93) x23 0x80018cba
core   0: 0x80009248 (0xc00d1997) auipc   s3, 0xc00d1
core   0: 3 0x80009248 (0xc00d1997) x19 0x400da248
core   0: 0x8000924c (0x325d0513) addi    a0, s10, 805
core   0: 3 0x8000924c (0x325d0513) x10 0xc41b7519
core   0: 0x80009250 (0x03e97a13) andi    s4, s2, 62
core   0: 3 0x80009250 (0x03e97a13) x20 0x00000000
core   0: 0x80009254 (0xb627da97) auipc   s5, 0xb627d
core   0: 3 0x80009254 (0xb627da97) x21 0x36286254
core   0: 0x80009258 (0x00595833) srl     a6, s2, t0
core   0: 3 0x80009258 (0x00595833) x16 0x00000000
core   0: 0x8000925c (0x00000013) nop
core   0: 3 0x8000925c (0x00000013)
core   0: 0x80009260 (0x00448a33) add     s4, s1, tp
core   0: 3 0x80009260 (0x00448a33) x20 0x5e0449c9
core   0: 0x80009264 (0x01bf60b3) or      ra, t5, s11
core   0: 3 0x80009264 (0x01bf60b3) x 1 0x80018cbf
core   0: 0x80009268 (0x005d6133) or      sp, s10, t0
core   0: 3 0x80009268 (0x005d6133) x 2 0xd4fb73f4
core   0: 0x8000926c (0x00000013) nop
core   0: 3 0x8000926c (0x00000013)
core   0: 0x80009270 (0x32a2d8b7) lui     a7, 0x32a2d
core   0: 3 0x80009270 (0x32a2d8b7) x17 0x32a2d000
core   0: 0x80009274 (0x0384f7b3) remu    a5, s1, s8
core   0: 3 0x80009274 (0x0384f7b3) x15 0x00000001
core   0: 0x80009278 (0x4045ddb3) sra     s11, a1, tp
core   0: 3 0x80009278 (0x4045ddb3) x27 0x00000000
core   0: 0x8000927c (0xbe01ad93) slti    s11, gp, -1056
core   0: 3 0x8000927c (0xbe01ad93) x27 0x00000000
core   0: 0x80009280 (0xd2bb7d93) andi    s11, s6, -725
core   0: 3 0x80009280 (0xd2bb7d93) x27 0xfffffd2a
core   0: 0x80009284 (0x00000013) nop
core   0: 3 0x80009284 (0x00000013)
core   0: 0x80009288 (0x025071b3) remu    gp, zero, t0
core   0: 3 0x80009288 (0x025071b3) x 3 0x00000000
core   0: 0x8000928c (0x003886b3) add     a3, a7, gp
core   0: 3 0x8000928c (0x003886b3) x13 0x32a2d000
core   0: 0x80009290 (0x03edc233) div     tp, s11, t5
core   0: 3 0x80009290 (0x03edc233) x 4 0x00000000
core   0: 0x80009294 (0x418e81b3) sub     gp, t4, s8
core   0: 3 0x80009294 (0x418e81b3) x 3 0x00000000
core   0: 0x80009298 (0x017b45b3) xor     a1, s6, s7
core   0: 3 0x80009298 (0x017b45b3) x11 0x7ffe7144
core   0: 0x8000929c (0x719f8f13) addi    t5, t6, 1817
core   0: 3 0x8000929c (0x719f8f13) x30 0x00000719
core   0: 0x800092a0 (0x018351b3) srl     gp, t1, s8
core   0: 3 0x800092a0 (0x018351b3) x 3 0x00000000
core   0: 0x800092a4 (0x40015f93) srai    t6, sp, 0
core   0: 3 0x800092a4 (0x40015f93) x31 0xd4fb73f4
core   0: 0x800092a8 (0x4071a893) slti    a7, gp, 1031
core   0: 3 0x800092a8 (0x4071a893) x17 0x00000001
core   0: 0x800092ac (0x02153d33) mulhu   s10, a0, ra
core   0: 3 0x800092ac (0x02153d33) x26 0x620eea79
core   0: 0x800092b0 (0x403d5433) sra     s0, s10, gp
core   0: 3 0x800092b0 (0x403d5433) x 8 0x620eea79
core   0: 0x800092b4 (0x9b2f3313) sltiu   t1, t5, -1614
core   0: 3 0x800092b4 (0x9b2f3313) x 6 0x00000001
core   0: 0x800092b8 (0x02d1b833) mulhu   a6, gp, a3
core   0: 3 0x800092b8 (0x02d1b833) x16 0x00000000
core   0: 0x800092bc (0x00583633) sltu    a2, a6, t0
core   0: 3 0x800092bc (0x00583633) x12 0x00000001
core   0: 0x800092c0 (0x00000013) nop
core   0: 3 0x800092c0 (0x00000013)
core   0: 0x800092c4 (0xf5921d97) auipc   s11, 0xf5921
core   0: 3 0x800092c4 (0xf5921d97) x27 0x7592a2c4
core   0: 0x800092c8 (0x01103f33) snez    t5, a7
core   0: 3 0x800092c8 (0x01103f33) x30 0x00000001
core   0: 0x800092cc (0x03cf9033) mulh    zero, t6, t3
core   0: 3 0x800092cc (0x03cf9033)
core   0: 0x800092d0 (0x025c80b3) mul     ra, s9, t0
core   0: 3 0x800092d0 (0x025c80b3) x 1 0x82da72c0
core   0: 0x800092d4 (0xd9040993) addi    s3, s0, -624
core   0: 3 0x800092d4 (0xd9040993) x19 0x620ee809
core   0: 0x800092d8 (0x41a65233) sra     tp, a2, s10
core   0: 3 0x800092d8 (0x41a65233) x 4 0x00000000
core   0: 0x800092dc (0x00861c33) sll     s8, a2, s0
core   0: 3 0x800092dc (0x00861c33) x24 0x02000000
core   0: 0x800092e0 (0x00ab16b3) sll     a3, s6, a0
core   0: 3 0x800092e0 (0x00ab16b3) x13 0xfc000000
core   0: 0x800092e4 (0x3b65c437) lui     s0, 0x3b65c
core   0: 3 0x800092e4 (0x3b65c437) x 8 0x3b65c000
core   0: 0x800092e8 (0x032bdc33) divu    s8, s7, s2
core   0: 3 0x800092e8 (0x032bdc33) x24 0x80018cba
core   0: 0x800092ec (0x40260bb3) sub     s7, a2, sp
core   0: 3 0x800092ec (0x40260bb3) x23 0x2b048c0d
core   0: 0x800092f0 (0x033a5433) divu    s0, s4, s3
core   0: 3 0x800092f0 (0x033a5433) x 8 0x00000000
core   0: 0x800092f4 (0x029d22b3) mulhsu  t0, s10, s1
core   0: 3 0x800092f4 (0x029d22b3) x 5 0x00000000
core   0: 0x800092f8 (0x0155a433) slt     s0, a1, s5
core   0: 3 0x800092f8 (0x0155a433) x 8 0x00000000
core   0: 0x800092fc (0x00939f13) slli    t5, t2, 9
core   0: 3 0x800092fc (0x00939f13) x30 0x00000000
core   0: 0x80009300 (0x00000013) nop
core   0: 3 0x80009300 (0x00000013)
core   0: 0x80009304 (0xb40ba197) auipc   gp, 0xb40ba
core   0: 3 0x80009304 (0xb40ba197) x 3 0x340c3304
core   0: 0x80009308 (0xb220f217) auipc   tp, 0xb220f
core   0: 3 0x80009308 (0xb220f217) x 4 0x32218308
core   0: 0x8000930c (0x411ed0b3) sra     ra, t4, a7
core   0: 3 0x8000930c (0x411ed0b3) x 1 0x00000000
core   0: 0x80009310 (0x012368b3) or      a7, t1, s2
core   0: 3 0x80009310 (0x012368b3) x17 0x00000001
core   0: 0x80009314 (0x03599b33) mulh    s6, s3, s5
core   0: 3 0x80009314 (0x03599b33) x22 0x14be9cf0
core   0: 0x80009318 (0x012b3333) sltu    t1, s6, s2
core   0: 3 0x80009318 (0x012b3333) x 6 0x00000000
core   0: 0x8000931c (0x0376cfb3) div     t6, a3, s7
core   0: 3 0x8000931c (0x0376cfb3) x31 0x00000000
core   0: 0x80009320 (0x02f64c33) div     s8, a2, a5
core   0: 3 0x80009320 (0x02f64c33) x24 0x00000001
core   0: 0x80009324 (0xec5c7293) andi    t0, s8, -315
core   0: 3 0x80009324 (0xec5c7293) x 5 0x00000001
core   0: 0x80009328 (0x03e5eeb3) rem     t4, a1, t5
core   0: 3 0x80009328 (0x03e5eeb3) x29 0x7ffe7144
core   0: 0x8000932c (0xae90f617) auipc   a2, 0xae90f
core   0: 3 0x8000932c (0xae90f617) x12 0x2e91832c
core   0: 0x80009330 (0x2b9d6813) ori     a6, s10, 697
core   0: 3 0x80009330 (0x2b9d6813) x16 0x620eeaf9
core   0: 0x80009334 (0x52dc4d93) xori    s11, s8, 1325
core   0: 3 0x80009334 (0x52dc4d93) x27 0x0000052c
core   0: 0x80009338 (0x00947d33) and     s10, s0, s1
core   0: 3 0x80009338 (0x00947d33) x26 0x00000000
core   0: 0x8000933c (0xc235f617) auipc   a2, 0xc235f
core   0: 3 0x8000933c (0xc235f617) x12 0x4236833c
core   0: 0x80009340 (0x40fe0ab3) sub     s5, t3, a5
core   0: 3 0x80009340 (0x40fe0ab3) x21 0x7fffffff
core   0: 0x80009344 (0x00754933) xor     s2, a0, t2
core   0: 3 0x80009344 (0x00754933) x18 0xc41b7519
core   0: 0x80009348 (0x000b8533) add     a0, s7, zero
core   0: 3 0x80009348 (0x000b8533) x10 0x2b048c0d
core   0: 0x8000934c (0x000ab433) sltu    s0, s5, zero
core   0: 3 0x8000934c (0x000ab433) x 8 0x00000000
core   0: 0x80009350 (0x01f18233) add     tp, gp, t6
core   0: 3 0x80009350 (0x01f18233) x 4 0x340c3304
core   0: 0x80009354 (0x001c64b3) or      s1, s8, ra
core   0: 3 0x80009354 (0x001c64b3) x 9 0x00000001
core   0: 0x80009358 (0x03071a33) mulh    s4, a4, a6
core   0: 3 0x80009358 (0x03071a33) x20 0xcef90a99
core   0: 0x8000935c (0x03e28d33) mul     s10, t0, t5
core   0: 3 0x8000935c (0x03e28d33) x26 0x00000000
core   0: 0x80009360 (0x9b6a8413) addi    s0, s5, -1610
core   0: 3 0x80009360 (0x9b6a8413) x 8 0x7ffff9b5
core   0: 0x80009364 (0x0ae4fab7) lui     s5, 0xae4f
core   0: 3 0x80009364 (0x0ae4fab7) x21 0x0ae4f000
core   0: 0x80009368 (0xbedbfd13) andi    s10, s7, -1043
core   0: 3 0x80009368 (0xbedbfd13) x26 0x2b04880d
core   0: 0x8000936c (0x03d186b3) mul     a3, gp, t4
core   0: 3 0x8000936c (0x03d186b3) x13 0xcfba5110
core   0: 0x80009370 (0x00b817b3) sll     a5, a6, a1
core   0: 3 0x80009370 (0x00b817b3) x15 0x20eeaf90
core   0: 0x80009374 (0x000cd2b3) srl     t0, s9, zero
core   0: 3 0x80009374 (0x000cd2b3) x 5 0x80018ce4
core   0: 0x80009378 (0x86c83d93) sltiu   s11, a6, -1940
core   0: 3 0x80009378 (0x86c83d93) x27 0x00000001
core   0: 0x8000937c (0x00000013) nop
core   0: 3 0x8000937c (0x00000013)
core   0: 0x80009380 (0x00b0d313) srli    t1, ra, 11
core   0: 3 0x80009380 (0x00b0d313) x 6 0x00000000
core   0: 0x80009384 (0x003e83b3) add     t2, t4, gp
core   0: 3 0x80009384 (0x003e83b3) x 7 0xb40aa448
core   0: 0x80009388 (0xb79a8013) addi    zero, s5, -1159
core   0: 3 0x80009388 (0xb79a8013)
core   0: 0x8000938c (0x019236b3) sltu    a3, tp, s9
core   0: 3 0x8000938c (0x019236b3) x13 0x00000001
core   0: 0x80009390 (0x02febc33) mulhu   s8, t4, a5
core   0: 3 0x80009390 (0x02febc33) x24 0x1077247c
core   0: 0x80009394 (0x002bd933) srl     s2, s7, sp
core   0: 3 0x80009394 (0x002bd933) x18 0x000002b0
core   0: 0x80009398 (0xab5a2c13) slti    s8, s4, -1355
core   0: 3 0x80009398 (0xab5a2c13) x24 0x00000001
core   0: 0x8000939c (0x010c0a33) add     s4, s8, a6
core   0: 3 0x8000939c (0x010c0a33) x20 0x620eeafa
core   0: 0x800093a0 (0x41485013) srai    zero, a6, 20
core   0: 3 0x800093a0 (0x41485013)
core   0: 0x800093a4 (0x0252ac33) mulhsu  s8, t0, t0
core   0: 3 0x800093a4 (0x0252ac33) x24 0xc0000002
core   0: 0x800093a8 (0x00000013) nop
core   0: 3 0x800093a8 (0x00000013)
core   0: 0x800093ac (0x71f8ef13) ori     t5, a7, 1823
core   0: 3 0x800093ac (0x71f8ef13) x30 0x0000071f
core   0: 0x800093b0 (0x00598fb3) add     t6, s3, t0
core   0: 3 0x800093b0 (0x00598fb3) x31 0xe21074ed
core   0: 0x800093b4 (0x86dfb313) sltiu   t1, t6, -1939
core   0: 3 0x800093b4 (0x86dfb313) x 6 0x00000001
core   0: 0x800093b8 (0x8bbae013) ori     zero, s5, -1861
core   0: 3 0x800093b8 (0x8bbae013)
core   0: 0x800093bc (0x028500b3) mul     ra, a0, s0
core   0: 3 0x800093bc (0x028500b3) x 1 0xca62aa31
core   0: 0x800093c0 (0x02e8d633) divu    a2, a7, a4
core   0: 3 0x800093c0 (0x02e8d633) x12 0x00000000
core   0: 0x800093c4 (0x7352a893) slti    a7, t0, 1845
core   0: 3 0x800093c4 (0x7352a893) x17 0x00000001
core   0: 0x800093c8 (0xc178a797) auipc   a5, 0xc178a
core   0: 3 0x800093c8 (0xc178a797) x15 0x417933c8
core   0: 0x800093cc (0x01969993) slli    s3, a3, 25
core   0: 3 0x800093cc (0x01969993) x19 0x02000000
core   0: 0x800093d0 (0x00b10c33) add     s8, sp, a1
core   0: 3 0x800093d0 (0x00b10c33) x24 0x54f9e538
core   0: 0x800093d4 (0x02b79333) mulh    t1, a5, a1
core   0: 3 0x800093d4 (0x02b79333) x 6 0x20bc33e9
core   0: 0x800093d8 (0x4294dab7) lui     s5, 0x4294d
core   0: 3 0x800093d8 (0x4294dab7) x21 0x4294d000
core   0: 0x800093dc (0x03073fb3) mulhu   t6, a4, a6
core   0: 3 0x800093dc (0x03073fb3) x31 0x3107f592
core   0: 0x800093e0 (0x03418db3) mul     s11, gp, s4
core   0: 3 0x800093e0 (0x03418db3) x27 0x4cc379e8
core   0: 0x800093e4 (0x0178b533) sltu    a0, a7, s7
core   0: 3 0x800093e4 (0x0178b533) x10 0x00000001
core   0: 0x800093e8 (0x01b897b3) sll     a5, a7, s11
core   0: 3 0x800093e8 (0x01b897b3) x15 0x00000100
core   0: 0x800093ec (0x028d68b3) rem     a7, s10, s0
core   0: 3 0x800093ec (0x028d68b3) x17 0x2b04880d
core   0: 0x800093f0 (0x4182d833) sra     a6, t0, s8
core   0: 3 0x800093f0 (0x4182d833) x16 0xffffff80
core   0: 0x800093f4 (0x50563d93) sltiu   s11, a2, 1285
core   0: 3 0x800093f4 (0x50563d93) x27 0x00000001
core   0: 0x800093f8 (0xcfb32797) auipc   a5, 0xcfb32
core   0: 3 0x800093f8 (0xcfb32797) x15 0x4fb3b3f8
core   0: 0x800093fc (0x409f0ab3) sub     s5, t5, s1
core   0: 3 0x800093fc (0x409f0ab3) x21 0x0000071e
core   0: 0x80009400 (0x00000013) nop
core   0: 3 0x80009400 (0x00000013)
core   0: 0x80009404 (0x01415bb3) srl     s7, sp, s4
core   0: 3 0x80009404 (0x01415bb3) x23 0x00000035
core   0: 0x80009408 (0x0343e3b3) rem     t2, t2, s4
core   0: 3 0x80009408 (0x0343e3b3) x 7 0xb40aa448
core   0: 0x8000940c (0x58418917) auipc   s2, 0x58418
core   0: 3 0x8000940c (0x58418917) x18 0xd842140c
core   0: 0x80009410 (0x67426693) ori     a3, tp, 1652
core   0: 3 0x80009410 (0x67426693) x13 0x340c3774
core   0: 0x80009414 (0x015dd413) srli    s0, s11, 21
core   0: 3 0x80009414 (0x015dd413) x 8 0x00000000
core   0: 0x80009418 (0x5d1fe893) ori     a7, t6, 1489
core   0: 3 0x80009418 (0x5d1fe893) x17 0x3107f5d3
core   0: 0x8000941c (0x0103cd33) xor     s10, t2, a6
core   0: 3 0x8000941c (0x0103cd33) x26 0x4bf55bc8
core   0: 0x80009420 (0x38cd4413) xori    s0, s10, 908
core   0: 3 0x80009420 (0x38cd4413) x 8 0x4bf55844
core   0: 0x80009424 (0x00675113) srli    sp, a4, 6
core   0: 3 0x80009424 (0x00675113) x 2 0x02000539
core   0: 0x80009428 (0x4584d997) auipc   s3, 0x4584d
core   0: 3 0x80009428 (0x4584d997) x19 0xc5856428
core   0: 0x8000942c (0x76accb93) xori    s7, s9, 1898
core   0: 3 0x8000942c (0x76accb93) x23 0x80018b8e
core   0: 0x80009430 (0x00e272b3) and     t0, tp, a4
core   0: 3 0x80009430 (0x00e272b3) x 5 0x00000204
core   0: 0x80009434 (0x0078d5b3) srl     a1, a7, t2
core   0: 3 0x80009434 (0x0078d5b3) x11 0x003107f5
core   0: 0x80009438 (0x02e8dbb3) divu    s7, a7, a4
core   0: 3 0x80009438 (0x02e8dbb3) x23 0x00000000
core   0: 0x8000943c (0x41db5d93) srai    s11, s6, 29
core   0: 3 0x8000943c (0x41db5d93) x27 0x00000000
core   0: 0x80009440 (0x00000013) nop
core   0: 3 0x80009440 (0x00000013)
core   0: 0x80009444 (0x0052a0b3) slt     ra, t0, t0
core   0: 3 0x80009444 (0x0052a0b3) x 1 0x00000000
core   0: 0x80009448 (0x00da3eb3) sltu    t4, s4, a3
core   0: 3 0x80009448 (0x00da3eb3) x29 0x00000000
core   0: 0x8000944c (0x00095613) srli    a2, s2, 0
core   0: 3 0x8000944c (0x00095613) x12 0xd842140c
core   0: 0x80009450 (0x403c57b3) sra     a5, s8, gp
core   0: 3 0x80009450 (0x403c57b3) x15 0x054f9e53
core   0: 0x80009454 (0x4190d7b3) sra     a5, ra, s9
core   0: 3 0x80009454 (0x4190d7b3) x15 0x00000000
core   0: 0x80009458 (0x013109b3) add     s3, sp, s3
core   0: 3 0x80009458 (0x013109b3) x19 0xc7856961
core   0: 0x8000945c (0x00119533) sll     a0, gp, ra
core   0: 3 0x8000945c (0x00119533) x10 0x340c3304
core   0: 0x80009460 (0x2dc40d13) addi    s10, s0, 732
core   0: 3 0x80009460 (0x2dc40d13) x26 0x4bf55b20
core   0: 0x80009464 (0x72469597) auipc   a1, 0x72469
core   0: 3 0x80009464 (0x72469597) x11 0xf2472464
core   0: 0x80009468 (0x00000013) nop
core   0: 3 0x80009468 (0x00000013)
core   0: 0x8000946c (0x000a48b3) xor     a7, s4, zero
core   0: 3 0x8000946c (0x000a48b3) x17 0x620eeafa
core   0: 0x80009470 (0xc237c993) xori    s3, a5, -989
core   0: 3 0x80009470 (0xc237c993) x19 0xfffffc23
core   0: 0x80009474 (0x00423233) sltu    tp, tp, tp
core   0: 3 0x80009474 (0x00423233) x 4 0x00000000
core   0: 0x80009478 (0x42e0eb97) auipc   s7, 0x42e0e
core   0: 3 0x80009478 (0x42e0eb97) x23 0xc2e17478
core   0: 0x8000947c (0xc0388297) auipc   t0, 0xc0388
core   0: 3 0x8000947c (0xc0388297) x 5 0x4039147c
core   0: 0x80009480 (0x0ffda613) slti    a2, s11, 255
core   0: 3 0x80009480 (0x0ffda613) x12 0x00000001
core   0: 0x80009484 (0x02bf99b3) mulh    s3, t6, a1
core   0: 3 0x80009484 (0x02bf99b3) x19 0xfd5f30bf
core   0: 0x80009488 (0x03f288b3) mul     a7, t0, t6
core   0: 3 0x80009488 (0x03f288b3) x17 0x8c8c5ab8
core   0: 0x8000948c (0x0145edb3) or      s11, a1, s4
core   0: 3 0x8000948c (0x0145edb3) x27 0xf24feefe
core   0: 0x80009490 (0x03d00f33) mul     t5, zero, t4
core   0: 3 0x80009490 (0x03d00f33) x30 0x00000000
core   0: 0x80009494 (0x00b05513) srli    a0, zero, 11
core   0: 3 0x80009494 (0x00b05513) x10 0x00000000
core   0: 0x80009498 (0x417c8a33) sub     s4, s9, s7
core   0: 3 0x80009498 (0x417c8a33) x20 0xbd20186c
core   0: 0x8000949c (0x020c6933) rem     s2, s8, zero
core   0: 3 0x8000949c (0x020c6933) x18 0x54f9e538
core   0: 0x800094a0 (0x024234b3) mulhu   s1, tp, tp
core   0: 3 0x800094a0 (0x024234b3) x 9 0x00000000
core   0: 0x800094a4 (0xc84c4393) xori    t2, s8, -892
core   0: 3 0x800094a4 (0xc84c4393) x 7 0xab0619bc
core   0: 0x800094a8 (0x01b09a13) slli    s4, ra, 27
core   0: 3 0x800094a8 (0x01b09a13) x20 0x00000000
core   0: 0x800094ac (0x023fc233) div     tp, t6, gp
core   0: 3 0x800094ac (0x023fc233) x 4 0x00000000
core   0: 0x800094b0 (0x02cd46b3) div     a3, s10, a2
core   0: 3 0x800094b0 (0x02cd46b3) x13 0x4bf55b20
core   0: 0x800094b4 (0x0381e233) rem     tp, gp, s8
core   0: 3 0x800094b4 (0x0381e233) x 4 0x340c3304
core   0: 0x800094b8 (0x018432b3) sltu    t0, s0, s8
core   0: 3 0x800094b8 (0x018432b3) x 5 0x00000001
core   0: 0x800094bc (0x4383ae93) slti    t4, t2, 1080
core   0: 3 0x800094bc (0x4383ae93) x29 0x00000001
core   0: 0x800094c0 (0x140b7d13) andi    s10, s6, 320
core   0: 3 0x800094c0 (0x140b7d13) x26 0x00000040
core   0: 0x800094c4 (0x02cd38b3) mulhu   a7, s10, a2
core   0: 3 0x800094c4 (0x02cd38b3) x17 0x00000000
core   0: 0x800094c8 (0x00ecdeb3) srl     t4, s9, a4
core   0: 3 0x800094c8 (0x00ecdeb3) x29 0x080018ce
core   0: 0x800094cc (0x014e4a33) xor     s4, t3, s4
core   0: 3 0x800094cc (0x014e4a33) x20 0x80000000
core   0: 0x800094d0 (0x034ce3b3) rem     t2, s9, s4
core   0: 3 0x800094d0 (0x034ce3b3) x 7 0x80018ce4
core   0: 0x800094d4 (0x40cb8eb3) sub     t4, s7, a2
core   0: 3 0x800094d4 (0x40cb8eb3) x29 0xc2e17477
core   0: 0x800094d8 (0x41d25a13) srai    s4, tp, 29
core   0: 3 0x800094d8 (0x41d25a13) x20 0x00000001
core   0: 0x800094dc (0x00218db3) add     s11, gp, sp
core   0: 3 0x800094dc (0x00218db3) x27 0x360c383d
core   0: 0x800094e0 (0x01fffb33) and     s6, t6, t6
core   0: 3 0x800094e0 (0x01fffb33) x22 0x3107f592
core   0: 0x800094e4 (0x01ae8833) add     a6, t4, s10
core   0: 3 0x800094e4 (0x01ae8833) x16 0xc2e174b7
core   0: 0x800094e8 (0x015b3eb3) sltu    t4, s6, s5
core   0: 3 0x800094e8 (0x015b3eb3) x29 0x00000000
core   0: 0x800094ec (0x02f6aa33) mulhsu  s4, a3, a5
core   0: 3 0x800094ec (0x02f6aa33) x20 0x00000000
core   0: 0x800094f0 (0x0053c833) xor     a6, t2, t0
core   0: 3 0x800094f0 (0x0053c833) x16 0x80018ce5
core   0: 0x800094f4 (0xc00c0393) addi    t2, s8, -1024
core   0: 3 0x800094f4 (0xc00c0393) x 7 0x54f9e138
core   0: 0x800094f8 (0x740ac1b7) lui     gp, 0x740ac
core   0: 3 0x800094f8 (0x740ac1b7) x 3 0x740ac000
core   0: 0x800094fc (0x029c9133) mulh    sp, s9, s1
core   0: 3 0x800094fc (0x029c9133) x 2 0x00000000
core   0: 0x80009500 (0x0291cdb3) div     s11, gp, s1
core   0: 3 0x80009500 (0x0291cdb3) x27 0xffffffff
core   0: 0x80009504 (0x018f5893) srli    a7, t5, 24
core   0: 3 0x80009504 (0x018f5893) x17 0x00000000
core   0: 0x80009508 (0x0001d3b3) srl     t2, gp, zero
core   0: 3 0x80009508 (0x0001d3b3) x 7 0x740ac000
core   0: 0x8000950c (0x0104c533) xor     a0, s1, a6
core   0: 3 0x8000950c (0x0104c533) x10 0x80018ce5
core   0: 0x80009510 (0x024f2a33) mulhsu  s4, t5, tp
core   0: 3 0x80009510 (0x024f2a33) x20 0x00000000
core   0: 0x80009514 (0x02051433) mulh    s0, a0, zero
core   0: 3 0x80009514 (0x02051433) x 8 0x00000000
core   0: 0x80009518 (0x408351b3) sra     gp, t1, s0
core   0: 3 0x80009518 (0x408351b3) x 3 0x20bc33e9
core   0: 0x8000951c (0x017cba33) sltu    s4, s9, s7
core   0: 3 0x8000951c (0x017cba33) x20 0x00000001
core   0: 0x80009520 (0x0032f233) and     tp, t0, gp
core   0: 3 0x80009520 (0x0032f233) x 4 0x00000001
core   0: 0x80009524 (0xedc78793) addi    a5, a5, -292
core   0: 3 0x80009524 (0xedc78793) x15 0xfffffedc
core   0: 0x80009528 (0x9089a937) lui     s2, 0x9089a
core   0: 3 0x80009528 (0x9089a937) x18 0x9089a000
core   0: 0x8000952c (0x02342933) mulhsu  s2, s0, gp
core   0: 3 0x8000952c (0x02342933) x18 0x00000000
core   0: 0x80009530 (0x406e5c33) sra     s8, t3, t1
core   0: 3 0x80009530 (0x406e5c33) x24 0xffc00000
core   0: 0x80009534 (0x0269c0b3) div     ra, s3, t1
core   0: 3 0x80009534 (0x0269c0b3) x 1 0x00000000
core   0: 0x80009538 (0x0391cab3) div     s5, gp, s9
core   0: 3 0x80009538 (0x0391cab3) x21 0x00000000
core   0: 0x8000953c (0x031b84b3) mul     s1, s7, a7
core   0: 3 0x8000953c (0x031b84b3) x 9 0x00000000
core   0: 0x80009540 (0x40a38a33) sub     s4, t2, a0
core   0: 3 0x80009540 (0x40a38a33) x20 0xf409331b
core   0: 0x80009544 (0x4121df33) sra     t5, gp, s2
core   0: 3 0x80009544 (0x4121df33) x30 0x20bc33e9
core   0: 0x80009548 (0x03f6dc33) divu    s8, a3, t6
core   0: 3 0x80009548 (0x03f6dc33) x24 0x00000001
core   0: 0x8000954c (0x40455313) srai    t1, a0, 4
core   0: 3 0x8000954c (0x40455313) x 6 0xf80018ce
core   0: 0x80009550 (0x4e3b8d93) addi    s11, s7, 1251
core   0: 3 0x80009550 (0x4e3b8d93) x27 0xc2e1795b
core   0: 0x80009554 (0x3d6c4913) xori    s2, s8, 982
core   0: 3 0x80009554 (0x3d6c4913) x18 0x000003d7
core   0: 0x80009558 (0x03808db3) mul     s11, ra, s8
core   0: 3 0x80009558 (0x03808db3) x27 0x00000000
core   0: 0x8000955c (0x01317f33) and     t5, sp, s3
core   0: 3 0x8000955c (0x01317f33) x30 0x00000000
core   0: 0x80009560 (0x230b0213) addi    tp, s6, 560
core   0: 3 0x80009560 (0x230b0213) x 4 0x3107f7c2
core   0: 0x80009564 (0x400f52b3) sra     t0, t5, zero
core   0: 3 0x80009564 (0x400f52b3) x 5 0x00000000
core   0: 0x80009568 (0x009b1eb3) sll     t4, s6, s1
core   0: 3 0x80009568 (0x009b1eb3) x29 0x3107f592
core   0: 0x8000956c (0x019db633) sltu    a2, s11, s9
core   0: 3 0x8000956c (0x019db633) x12 0x00000001
core   0: 0x80009570 (0x413ed2b3) sra     t0, t4, s3
core   0: 3 0x80009570 (0x413ed2b3) x 5 0x00000000
core   0: 0x80009574 (0x8477ef13) ori     t5, a5, -1977
core   0: 3 0x80009574 (0x8477ef13) x30 0xfffffedf
core   0: 0x80009578 (0x03032bb3) mulhsu  s7, t1, a6
core   0: 3 0x80009578 (0x03032bb3) x23 0xfbffffff
core   0: 0x8000957c (0x36430b13) addi    s6, t1, 868
core   0: 3 0x8000957c (0x36430b13) x22 0xf8001c32
core   0: 0x80009580 (0x016a1b33) sll     s6, s4, s6
core   0: 3 0x80009580 (0x016a1b33) x22 0xcc6c0000
core   0: 0x80009584 (0x016569b3) or      s3, a0, s6
core   0: 3 0x80009584 (0x016569b3) x19 0xcc6d8ce5
core   0: 0x80009588 (0x0302b5b3) mulhu   a1, t0, a6
core   0: 3 0x80009588 (0x0302b5b3) x11 0x00000000
core   0: 0x8000958c (0x40f28333) sub     t1, t0, a5
core   0: 3 0x8000958c (0x40f28333) x 6 0x00000124
core   0: 0x80009590 (0x000a6a33) or      s4, s4, zero
core   0: 3 0x80009590 (0x000a6a33) x20 0xf409331b
core   0: 0x80009594 (0x01bce933) or      s2, s9, s11
core   0: 3 0x80009594 (0x01bce933) x18 0x80018ce4
core   0: 0x80009598 (0x0008d933) srl     s2, a7, zero
core   0: 3 0x80009598 (0x0008d933) x18 0x00000000
core   0: 0x8000959c (0x023834b3) mulhu   s1, a6, gp
core   0: 3 0x8000959c (0x023834b3) x 9 0x105e4cb4
core   0: 0x800095a0 (0x4099dab3) sra     s5, s3, s1
core   0: 3 0x800095a0 (0x4099dab3) x21 0xfffffcc6
core   0: 0x800095a4 (0x00000013) nop
core   0: 3 0x800095a4 (0x00000013)
core   0: 0x800095a8 (0xc5690793) addi    a5, s2, -938
core   0: 3 0x800095a8 (0xc5690793) x15 0xfffffc56
core   0: 0x800095ac (0x026b8333) mul     t1, s7, t1
core   0: 3 0x800095ac (0x026b8333) x 6 0x6ffffedc
core   0: 0x800095b0 (0x00797a33) and     s4, s2, t2
core   0: 3 0x800095b0 (0x00797a33) x20 0x00000000
core   0: 0x800095b4 (0x01013033) sltu    zero, sp, a6
core   0: 3 0x800095b4 (0x01013033)
core   0: 0x800095b8 (0x01887f33) and     t5, a6, s8
core   0: 3 0x800095b8 (0x01887f33) x30 0x00000001
core   0: 0x800095bc (0x0026d217) auipc   tp, 0x26d
core   0: 3 0x800095bc (0x0026d217) x 4 0x802765bc
core   0: 0x800095c0 (0x0308b5b3) mulhu   a1, a7, a6
core   0: 3 0x800095c0 (0x0308b5b3) x11 0x00000000
core   0: 0x800095c4 (0x02907233) remu    tp, zero, s1
core   0: 3 0x800095c4 (0x02907233) x 4 0x00000000
core   0: 0x800095c8 (0x00000013) nop
core   0: 3 0x800095c8 (0x00000013)
core   0: 0x800095cc (0x41bed8b3) sra     a7, t4, s11
core   0: 3 0x800095cc (0x41bed8b3) x17 0x3107f592
core   0: 0x800095d0 (0x5a394893) xori    a7, s2, 1443
core   0: 3 0x800095d0 (0x5a394893) x17 0x000005a3
core   0: 0x800095d4 (0xe050f4b7) lui     s1, 0xe050f
core   0: 3 0x800095d4 (0xe050f4b7) x 9 0xe050f000
core   0: 0x800095d8 (0x00f868b3) or      a7, a6, a5
core   0: 3 0x800095d8 (0x00f868b3) x17 0xfffffcf7
core   0: 0x800095dc (0x01ea43b3) xor     t2, s4, t5
core   0: 3 0x800095dc (0x01ea43b3) x 7 0x00000001
core   0: 0x800095e0 (0x2f532b13) slti    s6, t1, 757
core   0: 3 0x800095e0 (0x2f532b13) x22 0x00000000
core   0: 0x800095e4 (0x00000013) nop
core   0: 3 0x800095e4 (0x00000013)
core   0: 0x800095e8 (0x01f276b3) and     a3, tp, t6
core   0: 3 0x800095e8 (0x01f276b3) x13 0x00000000
core   0: 0x800095ec (0x40ff8c33) sub     s8, t6, a5
core   0: 3 0x800095ec (0x40ff8c33) x24 0x3107f93c
core   0: 0x800095f0 (0x013032b3) snez    t0, s3
core   0: 3 0x800095f0 (0x013032b3) x 5 0x00000001
core   0: 0x800095f4 (0x0174afb3) slt     t6, s1, s7
core   0: 3 0x800095f4 (0x0174afb3) x31 0x00000001
core   0: 0x800095f8 (0x02d51d33) mulh    s10, a0, a3
core   0: 3 0x800095f8 (0x02d51d33) x26 0x00000000
core   0: 0x800095fc (0x41095913) srai    s2, s2, 16
core   0: 3 0x800095fc (0x41095913) x18 0x00000000
core   0: 0x80009600 (0x016bd893) srli    a7, s7, 22
core   0: 3 0x80009600 (0x016bd893) x17 0x000003ef
core   0: 0x80009604 (0x01534a33) xor     s4, t1, s5
core   0: 3 0x80009604 (0x01534a33) x20 0x9000021a
core   0: 0x80009608 (0x03cbe8b3) rem     a7, s7, t3
core   0: 3 0x80009608 (0x03cbe8b3) x17 0xfbffffff
core   0: 0x8000960c (0x407b5693) srai    a3, s6, 7
core   0: 3 0x8000960c (0x407b5693) x13 0x00000000
core   0: 0x80009610 (0x00929eb3) sll     t4, t0, s1
core   0: 3 0x80009610 (0x00929eb3) x29 0x00000001
core   0: 0x80009614 (0x409fdb33) sra     s6, t6, s1
core   0: 3 0x80009614 (0x409fdb33) x22 0x00000001
core   0: 0x80009618 (0x61d0c213) xori    tp, ra, 1565
core   0: 3 0x80009618 (0x61d0c213) x 4 0x0000061d
core   0: 0x8000961c (0x40550ab3) sub     s5, a0, t0
core   0: 3 0x8000961c (0x40550ab3) x21 0x80018ce4
core   0: 0x80009620 (0x01911c33) sll     s8, sp, s9
core   0: 3 0x80009620 (0x01911c33) x24 0x00000000
core   0: 0x80009624 (0x4097d093) srai    ra, a5, 9
core   0: 3 0x80009624 (0x4097d093) x 1 0xfffffffe
core   0: 0x80009628 (0x41040a33) sub     s4, s0, a6
core   0: 3 0x80009628 (0x41040a33) x20 0x7ffe731b
core   0: 0x8000962c (0x01483033) sltu    zero, a6, s4
core   0: 3 0x8000962c (0x01483033)
core   0: 0x80009630 (0x0076df33) srl     t5, a3, t2
core   0: 3 0x80009630 (0x0076df33) x30 0x00000000
core   0: 0x80009634 (0x0006c833) xor     a6, a3, zero
core   0: 3 0x80009634 (0x0006c833) x16 0x00000000
core   0: 0x80009638 (0x02b45d33) divu    s10, s0, a1
core   0: 3 0x80009638 (0x02b45d33) x26 0xffffffff
core   0: 0x8000963c (0x92503d13) sltiu   s10, zero, -1755
core   0: 3 0x8000963c (0x92503d13) x26 0x00000001
core   0: 0x80009640 (0x403ad1b3) sra     gp, s5, gp
core   0: 3 0x80009640 (0x403ad1b3) x 3 0xffc000c6
core   0: 0x80009644 (0x0187cd33) xor     s10, a5, s8
core   0: 3 0x80009644 (0x0187cd33) x26 0xfffffc56
core   0: 0x80009648 (0x40bbd993) srai    s3, s7, 11
core   0: 3 0x80009648 (0x40bbd993) x19 0xffff7fff
core   0: 0x8000964c (0x00000013) nop
core   0: 3 0x8000964c (0x00000013)
core   0: 0x80009650 (0xa7fb0f93) addi    t6, s6, -1409
core   0: 3 0x80009650 (0xa7fb0f93) x31 0xfffffa80
core   0: 0x80009654 (0x41d301b3) sub     gp, t1, t4
core   0: 3 0x80009654 (0x41d301b3) x 3 0x6ffffedb
core   0: 0x80009658 (0x77197db7) lui     s11, 0x77197
core   0: 3 0x80009658 (0x77197db7) x27 0x77197000
core   0: 0x8000965c (0x0aa0f993) andi    s3, ra, 170
core   0: 3 0x8000965c (0x0aa0f993) x19 0x000000aa
core   0: 0x80009660 (0x41bc5c13) srai    s8, s8, 27
core   0: 3 0x80009660 (0x41bc5c13) x24 0x00000000
core   0: 0x80009664 (0x41f4d293) srai    t0, s1, 31
core   0: 3 0x80009664 (0x41f4d293) x 5 0xffffffff
core   0: 0x80009668 (0x01bf9893) slli    a7, t6, 27
core   0: 3 0x80009668 (0x01bf9893) x17 0x00000000
core   0: 0x8000966c (0xba268393) addi    t2, a3, -1118
core   0: 3 0x8000966c (0xba268393) x 7 0xfffffba2
core   0: 0x80009670 (0x15d06993) ori     s3, zero, 349
core   0: 3 0x80009670 (0x15d06993) x19 0x0000015d
core   0: 0x80009674 (0x03ff55b3) divu    a1, t5, t6
core   0: 3 0x80009674 (0x03ff55b3) x11 0x00000000
core   0: 0x80009678 (0x0358e0b3) rem     ra, a7, s5
core   0: 3 0x80009678 (0x0358e0b3) x 1 0x00000000
core   0: 0x8000967c (0x0078d0b3) srl     ra, a7, t2
core   0: 3 0x8000967c (0x0078d0b3) x 1 0x00000000
core   0: 0x80009680 (0x41b90ab3) sub     s5, s2, s11
core   0: 3 0x80009680 (0x41b90ab3) x21 0x88e69000
core   0: 0x80009684 (0x00d39233) sll     tp, t2, a3
core   0: 3 0x80009684 (0x00d39233) x 4 0xfffffba2
core   0: 0x80009688 (0x6eec7d13) andi    s10, s8, 1774
core   0: 3 0x80009688 (0x6eec7d13) x26 0x00000000
core   0: 0x8000968c (0xaf56ff93) andi    t6, a3, -1291
core   0: 3 0x8000968c (0xaf56ff93) x31 0x00000000
core   0: 0x80009690 (0x01759eb3) sll     t4, a1, s7
core   0: 3 0x80009690 (0x01759eb3) x29 0x00000000
core   0: 0x80009694 (0x63adbc13) sltiu   s8, s11, 1594
core   0: 3 0x80009694 (0x63adbc13) x24 0x00000000
core   0: 0x80009698 (0x01856333) or      t1, a0, s8
core   0: 3 0x80009698 (0x01856333) x 6 0x80018ce5
core   0: 0x8000969c (0x41875c13) srai    s8, a4, 24
core   0: 3 0x8000969c (0x41875c13) x24 0xffffff80
core   0: 0x800096a0 (0x03a0a333) mulhsu  t1, ra, s10
core   0: 3 0x800096a0 (0x03a0a333) x 6 0x00000000
core   0: 0x800096a4 (0x4132dd13) srai    s10, t0, 19
core   0: 3 0x800096a4 (0x4132dd13) x26 0xffffffff
core   0: 0x800096a8 (0x034caf33) mulhsu  t5, s9, s4
core   0: 3 0x800096a8 (0x034caf33) x30 0xc0018ce2
core   0: 0x800096ac (0x02974db3) div     s11, a4, s1
core   0: 3 0x800096ac (0x02974db3) x27 0x00000004
core   0: 0x800096b0 (0x0169b833) sltu    a6, s3, s6
core   0: 3 0x800096b0 (0x0169b833) x16 0x00000000
core   0: 0x800096b4 (0x66bfc413) xori    s0, t6, 1643
core   0: 3 0x800096b4 (0x66bfc413) x 8 0x0000066b
core   0: 0x800096b8 (0x02d7bbb3) mulhu   s7, a5, a3
core   0: 3 0x800096b8 (0x02d7bbb3) x23 0x00000000
core   0: 0x800096bc (0x00319013) slli    zero, gp, 3
core   0: 3 0x800096bc (0x00319013)
core   0: 0x800096c0 (0x0117d913) srli    s2, a5, 17
core   0: 3 0x800096c0 (0x0117d913) x18 0x00007fff
core   0: 0x800096c4 (0x02a31eb3) mulh    t4, t1, a0
core   0: 3 0x800096c4 (0x02a31eb3) x29 0x00000000
core   0: 0x800096c8 (0x41140f33) sub     t5, s0, a7
core   0: 3 0x800096c8 (0x41140f33) x30 0x0000066b
core   0: 0x800096cc (0x40d78eb3) sub     t4, a5, a3
core   0: 3 0x800096cc (0x40d78eb3) x29 0xfffffc56
core   0: 0x800096d0 (0x03f3b7b3) mulhu   a5, t2, t6
core   0: 3 0x800096d0 (0x03f3b7b3) x15 0x00000000
core   0: 0x800096d4 (0xeb773a93) sltiu   s5, a4, -329
core   0: 3 0x800096d4 (0xeb773a93) x21 0x00000001
core   0: 0x800096d8 (0x0a98d237) lui     tp, 0xa98d
core   0: 3 0x800096d8 (0x0a98d237) x 4 0x0a98d000
core   0: 0x800096dc (0x417ea113) slti    sp, t4, 1047
core   0: 3 0x800096dc (0x417ea113) x 2 0x00000001
core   0: 0x800096e0 (0x0344c233) div     tp, s1, s4
core   0: 3 0x800096e0 (0x0344c233) x 4 0x00000000
core   0: 0x800096e4 (0x41f9d113) srai    sp, s3, 31
core   0: 3 0x800096e4 (0x41f9d113) x 2 0x00000000
core   0: 0x800096e8 (0x24a5f817) auipc   a6, 0x24a5f
core   0: 3 0x800096e8 (0x24a5f817) x16 0xa4a686e8
core   0: 0x800096ec (0x00600ab3) add     s5, zero, t1
core   0: 3 0x800096ec (0x00600ab3) x21 0x00000000
core   0: 0x800096f0 (0xb487da97) auipc   s5, 0xb487d
core   0: 3 0x800096f0 (0xb487da97) x21 0x348866f0
core   0: 0x800096f4 (0x00265593) srli    a1, a2, 2
core   0: 3 0x800096f4 (0x00265593) x11 0x00000000
core   0: 0x800096f8 (0x021b11b3) mulh    gp, s6, ra
core   0: 3 0x800096f8 (0x021b11b3) x 3 0x00000000
core   0: 0x800096fc (0xd0ea7613) andi    a2, s4, -754
core   0: 3 0x800096fc (0xd0ea7613) x12 0x7ffe710a
core   0: 0x80009700 (0x01f17833) and     a6, sp, t6
core   0: 3 0x80009700 (0x01f17833) x16 0x00000000
core   0: 0x80009704 (0x01899113) slli    sp, s3, 24
core   0: 3 0x80009704 (0x01899113) x 2 0x5d000000
core   0: 0x80009708 (0x02bd6a33) rem     s4, s10, a1
core   0: 3 0x80009708 (0x02bd6a33) x20 0xffffffff
core   0: 0x8000970c (0x402281b3) sub     gp, t0, sp
core   0: 3 0x8000970c (0x402281b3) x 3 0xa2ffffff
core   0: 0x80009710 (0x03768433) mul     s0, a3, s7
core   0: 3 0x80009710 (0x03768433) x 8 0x00000000
core   0: 0x80009714 (0x3905c113) xori    sp, a1, 912
core   0: 3 0x80009714 (0x3905c113) x 2 0x00000390
core   0: 0x80009718 (0x00a15033) srl     zero, sp, a0
core   0: 3 0x80009718 (0x00a15033)
core   0: 0x8000971c (0x017b72b3) and     t0, s6, s7
core   0: 3 0x8000971c (0x017b72b3) x 5 0x00000000
core   0: 0x80009720 (0x00561e97) auipc   t4, 0x561
core   0: 3 0x80009720 (0x00561e97) x29 0x8056a720
core   0: 0x80009724 (0xa3e2fa93) andi    s5, t0, -1474
core   0: 3 0x80009724 (0xa3e2fa93) x21 0x00000000
core   0: 0x80009728 (0x032e86b3) mul     a3, t4, s2
core   0: 3 0x80009728 (0x032e86b3) x13 0xd33958e0
core   0: 0x8000972c (0xccb2c837) lui     a6, 0xccb2c
core   0: 3 0x8000972c (0xccb2c837) x16 0xccb2c000
core   0: 0x80009730 (0x00a1cf33) xor     t5, gp, a0
core   0: 3 0x80009730 (0x00a1cf33) x30 0x22fe731a
core   0: 0x80009734 (0x00000013) nop
core   0: 3 0x80009734 (0x00000013)
core   0: 0x80009738 (0x41f28f33) sub     t5, t0, t6
core   0: 3 0x80009738 (0x41f28f33) x30 0x00000000
core   0: 0x8000973c (0x013d5693) srli    a3, s10, 19
core   0: 3 0x8000973c (0x013d5693) x13 0x00001fff
core   0: 0x80009740 (0x030ba533) mulhsu  a0, s7, a6
core   0: 3 0x80009740 (0x030ba533) x10 0x00000000
core   0: 0x80009744 (0x00b3c533) xor     a0, t2, a1
core   0: 3 0x80009744 (0x00b3c533) x10 0xfffffba2
core   0: 0x80009748 (0x63d05197) auipc   gp, 0x63d05
core   0: 3 0x80009748 (0x63d05197) x 3 0xe3d0e748
core   0: 0x8000974c (0x93013493) sltiu   s1, sp, -1744
core   0: 3 0x8000974c (0x93013493) x 9 0x00000001
core   0: 0x80009750 (0x008f4d13) xori    s10, t5, 8
core   0: 3 0x80009750 (0x008f4d13) x26 0x00000008
core   0: 0x80009754 (0x009e9293) slli    t0, t4, 9
core   0: 3 0x80009754 (0x009e9293) x 5 0xad4e4000
core   0: 0x80009758 (0x1eb9a393) slti    t2, s3, 491
core   0: 3 0x80009758 (0x1eb9a393) x 7 0x00000001
core   0: 0x8000975c (0xe42df893) andi    a7, s11, -446
core   0: 3 0x8000975c (0xe42df893) x17 0x00000000
core   0: 0x80009760 (0x007c14b3) sll     s1, s8, t2
core   0: 3 0x80009760 (0x007c14b3) x 9 0xffffff00
core   0: 0x80009764 (0x0d5af013) andi    zero, s5, 213
core   0: 3 0x80009764 (0x0d5af013)
core   0: 0x80009768 (0x01a533b3) sltu    t2, a0, s10
core   0: 3 0x80009768 (0x01a533b3) x 7 0x00000000
core   0: 0x8000976c (0xad6e4313) xori    t1, t3, -1322
core   0: 3 0x8000976c (0xad6e4313) x 6 0x7ffffad6
core   0: 0x80009770 (0x01dbbd33) sltu    s10, s7, t4
core   0: 3 0x80009770 (0x01dbbd33) x26 0x00000001
core   0: 0x80009774 (0x022ee033) rem     zero, t4, sp
core   0: 3 0x80009774 (0x022ee033)
core   0: 0x80009778 (0x02131833) mulh    a6, t1, ra
core   0: 3 0x80009778 (0x02131833) x16 0x00000000
core   0: 0x8000977c (0x004dd833) srl     a6, s11, tp
core   0: 3 0x8000977c (0x004dd833) x16 0x00000004
core   0: 0x80009780 (0x59f23b93) sltiu   s7, tp, 1439
core   0: 3 0x80009780 (0x59f23b93) x23 0x00000001
core   0: 0x80009784 (0x74e52d93) slti    s11, a0, 1870
core   0: 3 0x80009784 (0x74e52d93) x27 0x00000001
core   0: 0x80009788 (0x00819833) sll     a6, gp, s0
core   0: 3 0x80009788 (0x00819833) x16 0xe3d0e748
core   0: 0x8000978c (0x006ed613) srli    a2, t4, 6
core   0: 3 0x8000978c (0x006ed613) x12 0x02015a9c
core   0: 0x80009790 (0x0225aa33) mulhsu  s4, a1, sp
core   0: 3 0x80009790 (0x0225aa33) x20 0x00000000
core   0: 0x80009794 (0x029cd133) divu    sp, s9, s1
core   0: 3 0x80009794 (0x029cd133) x 2 0x00000000
core   0: 0x80009798 (0x01f9ec33) or      s8, s3, t6
core   0: 3 0x80009798 (0x01f9ec33) x24 0x0000015d
core   0: 0x8000979c (0x4064d033) sra     zero, s1, t1
core   0: 3 0x8000979c (0x4064d033)
core   0: 0x800097a0 (0x0398deb3) divu    t4, a7, s9
core   0: 3 0x800097a0 (0x0398deb3) x29 0x00000000
core   0: 0x800097a4 (0x00b09d13) slli    s10, ra, 11
core   0: 3 0x800097a4 (0x00b09d13) x26 0x00000000
core   0: 0x800097a8 (0xeea6e893) ori     a7, a3, -278
core   0: 3 0x800097a8 (0xeea6e893) x17 0xffffffff
core   0: 0x800097ac (0x0023fa33) and     s4, t2, sp
core   0: 3 0x800097ac (0x0023fa33) x20 0x00000000
core   0: 0x800097b0 (0x00000013) nop
core   0: 3 0x800097b0 (0x00000013)
core   0: 0x800097b4 (0x56340617) auipc   a2, 0x56340
core   0: 3 0x800097b4 (0x56340617) x12 0xd63497b4
core   0: 0x800097b8 (0x7ae53d93) sltiu   s11, a0, 1966
core   0: 3 0x800097b8 (0x7ae53d93) x27 0x00000000
core   0: 0x800097bc (0x03cebdb3) mulhu   s11, t4, t3
core   0: 3 0x800097bc (0x03cebdb3) x27 0x00000000
core   0: 0x800097c0 (0x02481fb3) mulh    t6, a6, tp
core   0: 3 0x800097c0 (0x02481fb3) x31 0x00000000
core   0: 0x800097c4 (0xf1183293) sltiu   t0, a6, -239
core   0: 3 0x800097c4 (0xf1183293) x 5 0x00000001
core   0: 0x800097c8 (0x01f814b3) sll     s1, a6, t6
core   0: 3 0x800097c8 (0x01f814b3) x 9 0xe3d0e748
core   0: 0x800097cc (0xc57fb3b7) lui     t2, 0xc57fb
core   0: 3 0x800097cc (0xc57fb3b7) x 7 0xc57fb000
core   0: 0x800097d0 (0x01ee9e93) slli    t4, t4, 30
core   0: 3 0x800097d0 (0x01ee9e93) x29 0x00000000
core   0: 0x800097d4 (0x41255533) sra     a0, a0, s2
core   0: 3 0x800097d4 (0x41255533) x10 0xffffffff
core   0: 0x800097d8 (0x72282293) slti    t0, a6, 1826
core   0: 3 0x800097d8 (0x72282293) x 5 0x00000001
core   0: 0x800097dc (0x027e8033) mul     zero, t4, t2
core   0: 3 0x800097dc (0x027e8033)
core   0: 0x800097e0 (0x01ef4bb3) xor     s7, t5, t5
core   0: 3 0x800097e0 (0x01ef4bb3) x23 0x00000000
core   0: 0x800097e4 (0x40705813) srai    a6, zero, 7
core   0: 3 0x800097e4 (0x40705813) x16 0x00000000
core   0: 0x800097e8 (0x02368533) mul     a0, a3, gp
core   0: 3 0x800097e8 (0x02368533) x10 0x391818b8
core   0: 0x800097ec (0x41e68233) sub     tp, a3, t5
core   0: 3 0x800097ec (0x41e68233) x 4 0x00001fff
core   0: 0x800097f0 (0x9c4f6b93) ori     s7, t5, -1596
core   0: 3 0x800097f0 (0x9c4f6b93) x23 0xfffff9c4
core   0: 0x800097f4 (0x02f2a4b3) mulhsu  s1, t0, a5
core   0: 3 0x800097f4 (0x02f2a4b3) x 9 0x00000000
core   0: 0x800097f8 (0xae228f13) addi    t5, t0, -1310
core   0: 3 0x800097f8 (0xae228f13) x30 0xfffffae3
core   0: 0x800097fc (0x03757bb3) remu    s7, a0, s7
core   0: 3 0x800097fc (0x03757bb3) x23 0x391818b8
core   0: 0x80009800 (0x075ecb93) xori    s7, t4, 117
core   0: 3 0x80009800 (0x075ecb93) x23 0x00000075
core   0: 0x80009804 (0x016bd4b3) srl     s1, s7, s6
core   0: 3 0x80009804 (0x016bd4b3) x 9 0x0000003a
core   0: 0x80009808 (0x0360b633) mulhu   a2, ra, s6
core   0: 3 0x80009808 (0x0360b633) x12 0x00000000
core   0: 0x8000980c (0x01630533) add     a0, t1, s6
core   0: 3 0x8000980c (0x01630533) x10 0x7ffffad7
core   0: 0x80009810 (0x002bebb3) or      s7, s7, sp
core   0: 3 0x80009810 (0x002bebb3) x23 0x00000075
core   0: 0x80009814 (0x00265893) srli    a7, a2, 2
core   0: 3 0x80009814 (0x00265893) x17 0x00000000
core   0: 0x80009818 (0x027e0533) mul     a0, t3, t2
core   0: 3 0x80009818 (0x027e0533) x10 0x00000000
core   0: 0x8000981c (0x016ada33) srl     s4, s5, s6
core   0: 3 0x8000981c (0x016ada33) x20 0x00000000
core   0: 0x80009820 (0x002be3b3) or      t2, s7, sp
core   0: 3 0x80009820 (0x002be3b3) x 7 0x00000075
core   0: 0x80009824 (0x02b68333) mul     t1, a3, a1
core   0: 3 0x80009824 (0x02b68333) x 6 0x00000000
core   0: 0x80009828 (0x8fcb7f13) andi    t5, s6, -1796
core   0: 3 0x80009828 (0x8fcb7f13) x30 0x00000000
core   0: 0x8000982c (0x01ea5a13) srli    s4, s4, 30
core   0: 3 0x8000982c (0x01ea5a13) x20 0x00000000
core   0: 0x80009830 (0x01b6b9b3) sltu    s3, a3, s11
core   0: 3 0x80009830 (0x01b6b9b3) x19 0x00000000
core   0: 0x80009834 (0x48c24113) xori    sp, tp, 1164
core   0: 3 0x80009834 (0x48c24113) x 2 0x00001b73
core   0: 0x80009838 (0x00fa10b3) sll     ra, s4, a5
core   0: 3 0x80009838 (0x00fa10b3) x 1 0x00000000
core   0: 0x8000983c (0x00f6a433) slt     s0, a3, a5
core   0: 3 0x8000983c (0x00f6a433) x 8 0x00000000
core   0: 0x80009840 (0x3336cf13) xori    t5, a3, 819
core   0: 3 0x80009840 (0x3336cf13) x30 0x00001ccc
core   0: 0x80009844 (0x40cddb13) srai    s6, s11, 12
core   0: 3 0x80009844 (0x40cddb13) x22 0x00000000
core   0: 0x80009848 (0x03505c33) divu    s8, zero, s5
core   0: 3 0x80009848 (0x03505c33) x24 0xffffffff
core   0: 0x8000984c (0x03dab933) mulhu   s2, s5, t4
core   0: 3 0x8000984c (0x03dab933) x18 0x00000000
core   0: 0x80009850 (0x755b4a13) xori    s4, s6, 1877
core   0: 3 0x80009850 (0x755b4a13) x20 0x00000755
core   0: 0x80009854 (0xca61cc17) auipc   s8, 0xca61c
core   0: 3 0x80009854 (0xca61cc17) x24 0x4a625854
core   0: 0x80009858 (0x00000013) nop
core   0: 3 0x80009858 (0x00000013)
core   0: 0x8000985c (0x035712b3) mulh    t0, a4, s5
core   0: 3 0x8000985c (0x035712b3) x 5 0x00000000
core   0: 0x80009860 (0xe27cc893) xori    a7, s9, -473
core   0: 3 0x80009860 (0xe27cc893) x17 0x7ffe72c3
core   0: 0x80009864 (0x0813cd13) xori    s10, t2, 129
core   0: 3 0x80009864 (0x0813cd13) x26 0x000000f4
core   0: 0x80009868 (0x02265fb3) divu    t6, a2, sp
core   0: 3 0x80009868 (0x02265fb3) x31 0x00000000
core   0: 0x8000986c (0x004b2a33) slt     s4, s6, tp
core   0: 3 0x8000986c (0x004b2a33) x20 0x00000001
core   0: 0x80009870 (0x03df64b3) rem     s1, t5, t4
core   0: 3 0x80009870 (0x03df64b3) x 9 0x00001ccc
core   0: 0x80009874 (0x039e7d33) remu    s10, t3, s9
core   0: 3 0x80009874 (0x039e7d33) x26 0x80000000
core   0: 0x80009878 (0x03474233) div     tp, a4, s4
core   0: 3 0x80009878 (0x03474233) x 4 0x80014e64
core   0: 0x8000987c (0x03929033) mulh    zero, t0, s9
core   0: 3 0x8000987c (0x03929033)
core   0: 0x80009880 (0xfd603013) sltiu   zero, zero, -42
core   0: 3 0x80009880 (0xfd603013)
core   0: 0x80009884 (0x02ab07b3) mul     a5, s6, a0
core   0: 3 0x80009884 (0x02ab07b3) x15 0x00000000
core   0: 0x80009888 (0x190e0a13) addi    s4, t3, 400
core   0: 3 0x80009888 (0x190e0a13) x20 0x80000190
core   0: 0x8000988c (0x565bb093) sltiu   ra, s7, 1381
core   0: 3 0x8000988c (0x565bb093) x 1 0x00000001
core   0: 0x80009890 (0x5279f893) andi    a7, s3, 1319
core   0: 3 0x80009890 (0x5279f893) x17 0x00000000
core   0: 0x80009894 (0x407e2f13) slti    t5, t3, 1031
core   0: 3 0x80009894 (0x407e2f13) x30 0x00000001
core   0: 0x80009898 (0x41cf5133) sra     sp, t5, t3
core   0: 3 0x80009898 (0x41cf5133) x 2 0x00000001
core   0: 0x8000989c (0x41d082b3) sub     t0, ra, t4
core   0: 3 0x8000989c (0x41d082b3) x 5 0x00000001
core   0: 0x800098a0 (0x032e0eb3) mul     t4, t3, s2
core   0: 3 0x800098a0 (0x032e0eb3) x29 0x00000000
core   0: 0x800098a4 (0x01499333) sll     t1, s3, s4
core   0: 3 0x800098a4 (0x01499333) x 6 0x00000000
core   0: 0x800098a8 (0xde40e813) ori     a6, ra, -540
core   0: 3 0x800098a8 (0xde40e813) x16 0xfffffde5
core   0: 0x800098ac (0x01e2db93) srli    s7, t0, 30
core   0: 3 0x800098ac (0x01e2db93) x23 0x00000000
core   0: 0x800098b0 (0xcb340813) addi    a6, s0, -845
core   0: 3 0x800098b0 (0xcb340813) x16 0xfffffcb3
core   0: 0x800098b4 (0xe118af13) slti    t5, a7, -495
core   0: 3 0x800098b4 (0xe118af13) x30 0x00000000
core   0: 0x800098b8 (0x00b7e633) or      a2, a5, a1
core   0: 3 0x800098b8 (0x00b7e633) x12 0x00000000
core   0: 0x800098bc (0x00bbcc33) xor     s8, s7, a1
core   0: 3 0x800098bc (0x00bbcc33) x24 0x00000000
core   0: 0x800098c0 (0x026a26b3) mulhsu  a3, s4, t1
core   0: 3 0x800098c0 (0x026a26b3) x13 0x00000000
core   0: 0x800098c4 (0x2b41c213) xori    tp, gp, 692
core   0: 3 0x800098c4 (0x2b41c213) x 4 0xe3d0e5fc
core   0: 0x800098c8 (0x038563b3) rem     t2, a0, s8
core   0: 3 0x800098c8 (0x038563b3) x 7 0x00000000
core   0: 0x800098cc (0x02448d33) mul     s10, s1, tp
core   0: 3 0x800098cc (0x02448d33) x26 0x639ed4d0
core   0: 0x800098d0 (0x4dd9e413) ori     s0, s3, 1245
core   0: 3 0x800098d0 (0x4dd9e413) x 8 0x000004dd
core   0: 0x800098d4 (0x025e97b3) mulh    a5, t4, t0
core   0: 3 0x800098d4 (0x025e97b3) x15 0x00000000
core   0: 0x800098d8 (0x005411b3) sll     gp, s0, t0
core   0: 3 0x800098d8 (0x005411b3) x 3 0x000009ba
core   0: 0x800098dc (0x64bf2393) slti    t2, t5, 1611
core   0: 3 0x800098dc (0x64bf2393) x 7 0x00000001
core   0: 0x800098e0 (0x0048d633) srl     a2, a7, tp
core   0: 3 0x800098e0 (0x0048d633) x12 0x00000000
core   0: 0x800098e4 (0x0058e533) or      a0, a7, t0
core   0: 3 0x800098e4 (0x0058e533) x10 0x00000001
core   0: 0x800098e8 (0x00df89b3) add     s3, t6, a3
core   0: 3 0x800098e8 (0x00df89b3) x19 0x00000000
core   0: 0x800098ec (0x011fbc33) sltu    s8, t6, a7
core   0: 3 0x800098ec (0x011fbc33) x24 0x00000000
core   0: 0x800098f0 (0xaa290693) addi    a3, s2, -1374
core   0: 3 0x800098f0 (0xaa290693) x13 0xfffffaa2
core   0: 0x800098f4 (0x01aca8b3) slt     a7, s9, s10
core   0: 3 0x800098f4 (0x01aca8b3) x17 0x00000001
core   0: 0x800098f8 (0x082fba13) sltiu   s4, t6, 130
core   0: 3 0x800098f8 (0x082fba13) x20 0x00000001
core   0: 0x800098fc (0x019feeb3) or      t4, t6, s9
core   0: 3 0x800098fc (0x019feeb3) x29 0x80018ce4
core   0: 0x80009900 (0x00431f13) slli    t5, t1, 4
core   0: 3 0x80009900 (0x00431f13) x30 0x00000000
core   0: 0x80009904 (0x01ae8f33) add     t5, t4, s10
core   0: 3 0x80009904 (0x01ae8f33) x30 0xe3a061b4
core   0: 0x80009908 (0x01670c33) add     s8, a4, s6
core   0: 3 0x80009908 (0x01670c33) x24 0x80014e64
core   0: 0x8000990c (0xa3ce4e93) xori    t4, t3, -1476
core   0: 3 0x8000990c (0xa3ce4e93) x29 0x7ffffa3c
core   0: 0x80009910 (0x027ceeb3) rem     t4, s9, t2
core   0: 3 0x80009910 (0x027ceeb3) x29 0x00000000
core   0: 0x80009914 (0x4132dab3) sra     s5, t0, s3
core   0: 3 0x80009914 (0x4132dab3) x21 0x00000001
core   0: 0x80009918 (0x36da3593) sltiu   a1, s4, 877
core   0: 3 0x80009918 (0x36da3593) x11 0x00000001
core   0: 0x8000991c (0x01894933) xor     s2, s2, s8
core   0: 3 0x8000991c (0x01894933) x18 0x80014e64
core   0: 0x80009920 (0x00761133) sll     sp, a2, t2
core   0: 3 0x80009920 (0x00761133) x 2 0x00000000
core   0: 0x80009924 (0x0012afb3) slt     t6, t0, ra
core   0: 3 0x80009924 (0x0012afb3) x31 0x00000000
core   0: 0x80009928 (0x0281dd33) divu    s10, gp, s0
core   0: 3 0x80009928 (0x0281dd33) x26 0x00000002
core   0: 0x8000992c (0x017cb233) sltu    tp, s9, s7
core   0: 3 0x8000992c (0x017cb233) x 4 0x00000000
core   0: 0x80009930 (0x41c68a33) sub     s4, a3, t3
core   0: 3 0x80009930 (0x41c68a33) x20 0x7ffffaa2
core   0: 0x80009934 (0x00367933) and     s2, a2, gp
core   0: 3 0x80009934 (0x00367933) x18 0x00000000
core   0: 0x80009938 (0x00349f13) slli    t5, s1, 3
core   0: 3 0x80009938 (0x00349f13) x30 0x0000e660
core   0: 0x8000993c (0x025f4eb3) div     t4, t5, t0
core   0: 3 0x8000993c (0x025f4eb3) x29 0x0000e660
core   0: 0x80009940 (0xa33fa213) slti    tp, t6, -1485
core   0: 3 0x80009940 (0xa33fa213) x 4 0x00000000
core   0: 0x80009944 (0x418a5c33) sra     s8, s4, s8
core   0: 3 0x80009944 (0x418a5c33) x24 0x07ffffaa
core   0: 0x80009948 (0x03c381b3) mul     gp, t2, t3
core   0: 3 0x80009948 (0x03c381b3) x 3 0x80000000
core   0: 0x8000994c (0x00e36293) ori     t0, t1, 14
core   0: 3 0x8000994c (0x00e36293) x 5 0x0000000e
core   0: 0x80009950 (0x00145233) srl     tp, s0, ra
core   0: 3 0x80009950 (0x00145233) x 4 0x0000026e
core   0: 0x80009954 (0x00878333) add     t1, a5, s0
core   0: 3 0x80009954 (0x00878333) x 6 0x000004dd
core   0: 0x80009958 (0x00000013) nop
core   0: 3 0x80009958 (0x00000013)
core   0: 0x8000995c (0x66140313) addi    t1, s0, 1633
core   0: 3 0x8000995c (0x66140313) x 6 0x00000b3e
core   0: 0x80009960 (0xf3016d13) ori     s10, sp, -208
core   0: 3 0x80009960 (0xf3016d13) x26 0xffffff30
core   0: 0x80009964 (0x7e1a6317) auipc   t1, 0x7e1a6
core   0: 3 0x80009964 (0x7e1a6317) x 6 0xfe1af964
core   0: 0x80009968 (0xbe9322b7) lui     t0, 0xbe932
core   0: 3 0x80009968 (0xbe9322b7) x 5 0xbe932000
core   0: 0x8000996c (0x022c52b3) divu    t0, s8, sp
core   0: 3 0x8000996c (0x022c52b3) x 5 0xffffffff
core   0: 0x80009970 (0x00dd68b3) or      a7, s10, a3
core   0: 3 0x80009970 (0x00dd68b3) x17 0xffffffb2
core   0: 0x80009974 (0x010ad0b3) srl     ra, s5, a6
core   0: 3 0x80009974 (0x010ad0b3) x 1 0x00000000
core   0: 0x80009978 (0x015556b3) srl     a3, a0, s5
core   0: 3 0x80009978 (0x015556b3) x13 0x00000000
core   0: 0x8000997c (0xdcfdb493) sltiu   s1, s11, -561
core   0: 3 0x8000997c (0xdcfdb493) x 9 0x00000001
core   0: 0x80009980 (0x0157d533) srl     a0, a5, s5
core   0: 3 0x80009980 (0x0157d533) x10 0x00000000
core   0: 0x80009984 (0xbbe44613) xori    a2, s0, -1090
core   0: 3 0x80009984 (0xbbe44613) x12 0xffffff63
core   0: 0x80009988 (0x8bea6f13) ori     t5, s4, -1858
core   0: 3 0x80009988 (0x8bea6f13) x30 0xfffffabe
core   0: 0x8000998c (0x01877c33) and     s8, a4, s8
core   0: 3 0x8000998c (0x01877c33) x24 0x00014e20
core   0: 0x80009990 (0x02836433) rem     s0, t1, s0
core   0: 3 0x80009990 (0x02836433) x 8 0xfffffdd3
core   0: 0x80009994 (0x0378a333) mulhsu  t1, a7, s7
core   0: 3 0x80009994 (0x0378a333) x 6 0x00000000
core   0: 0x80009998 (0x027a2513) slti    a0, s4, 39
core   0: 3 0x80009998 (0x027a2513) x10 0x00000000
core   0: 0x8000999c (0x00f8b333) sltu    t1, a7, a5
core   0: 3 0x8000999c (0x00f8b333) x 6 0x00000000
core   0: 0x800099a0 (0x75cacd93) xori    s11, s5, 1884
core   0: 3 0x800099a0 (0x75cacd93) x27 0x0000075d
core   0: 0x800099a4 (0xd42b1c37) lui     s8, 0xd42b1
core   0: 3 0x800099a4 (0xd42b1c37) x24 0xd42b1000
core   0: 0x800099a8 (0x41385613) srai    a2, a6, 19
core   0: 3 0x800099a8 (0x41385613) x12 0xffffffff
core   0: 0x800099ac (0x02b3d333) divu    t1, t2, a1
core   0: 3 0x800099ac (0x02b3d333) x 6 0x00000001
core   0: 0x800099b0 (0x4825cb93) xori    s7, a1, 1154
core   0: 3 0x800099b0 (0x4825cb93) x23 0x00000483
core   0: 0x800099b4 (0x02e73333) mulhu   t1, a4, a4
core   0: 3 0x800099b4 (0x02e73333) x 6 0x40014e65
core   0: 0x800099b8 (0xe24fc313) xori    t1, t6, -476
core   0: 3 0x800099b8 (0xe24fc313) x 6 0xfffffe24
core   0: 0x800099bc (0x03317533) remu    a0, sp, s3
core   0: 3 0x800099bc (0x03317533) x10 0x00000000
core   0: 0x800099c0 (0x02747c33) remu    s8, s0, t2
core   0: 3 0x800099c0 (0x02747c33) x24 0x00000000
core   0: 0x800099c4 (0x111a19b7) lui     s3, 0x111a1
core   0: 3 0x800099c4 (0x111a19b7) x19 0x111a1000
core   0: 0x800099c8 (0x02843f33) mulhu   t5, s0, s0
core   0: 3 0x800099c8 (0x02843f33) x30 0xfffffba6
core   0: 0x800099cc (0x03f98ab3) mul     s5, s3, t6
core   0: 3 0x800099cc (0x03f98ab3) x21 0x00000000
core   0: 0x800099d0 (0xd4613613) sltiu   a2, sp, -698
core   0: 3 0x800099d0 (0xd4613613) x12 0x00000001
core   0: 0x800099d4 (0x00bd7a33) and     s4, s10, a1
core   0: 3 0x800099d4 (0x00bd7a33) x20 0x00000000
core   0: 0x800099d8 (0x013d36b3) sltu    a3, s10, s3
core   0: 3 0x800099d8 (0x013d36b3) x13 0x00000000
core   0: 0x800099dc (0x0381e4b3) rem     s1, gp, s8
core   0: 3 0x800099dc (0x0381e4b3) x 9 0x80000000
core   0: 0x800099e0 (0x017add13) srli    s10, s5, 23
core   0: 3 0x800099e0 (0x017add13) x26 0x00000000
core   0: 0x800099e4 (0x034702b3) mul     t0, a4, s4
core   0: 3 0x800099e4 (0x034702b3) x 5 0x00000000
core   0: 0x800099e8 (0x3002c493) xori    s1, t0, 768
core   0: 3 0x800099e8 (0x3002c493) x 9 0x00000300
core   0: 0x800099ec (0x02bd72b3) remu    t0, s10, a1
core   0: 3 0x800099ec (0x02bd72b3) x 5 0x00000000
core   0: 0x800099f0 (0x02afff33) remu    t5, t6, a0
core   0: 3 0x800099f0 (0x02afff33) x30 0x00000000
core   0: 0x800099f4 (0x01a8e133) or      sp, a7, s10
core   0: 3 0x800099f4 (0x01a8e133) x 2 0xffffffb2
core   0: 0x800099f8 (0x0010b5b3) sltu    a1, ra, ra
core   0: 3 0x800099f8 (0x0010b5b3) x11 0x00000000
core   0: 0x800099fc (0x0079bb33) sltu    s6, s3, t2
core   0: 3 0x800099fc (0x0079bb33) x22 0x00000000
core   0: 0x80009a00 (0x01eedb93) srli    s7, t4, 30
core   0: 3 0x80009a00 (0x01eedb93) x23 0x00000000
core   0: 0x80009a04 (0x00000013) nop
core   0: 3 0x80009a04 (0x00000013)
core   0: 0x80009a08 (0x87473013) sltiu   zero, a4, -1932
core   0: 3 0x80009a08 (0x87473013)
core   0: 0x80009a0c (0x71967213) andi    tp, a2, 1817
core   0: 3 0x80009a0c (0x71967213) x 4 0x00000001
core   0: 0x80009a10 (0x0159f1b3) and     gp, s3, s5
core   0: 3 0x80009a10 (0x0159f1b3) x 3 0x00000000
core   0: 0x80009a14 (0x0326fbb3) remu    s7, a3, s2
core   0: 3 0x80009a14 (0x0326fbb3) x23 0x00000000
core   0: 0x80009a18 (0xafad3193) sltiu   gp, s10, -1286
core   0: 3 0x80009a18 (0xafad3193) x 3 0x00000001
core   0: 0x80009a1c (0xb35ebb93) sltiu   s7, t4, -1227
core   0: 3 0x80009a1c (0xb35ebb93) x23 0x00000001
core   0: 0x80009a20 (0x1ea437b7) lui     a5, 0x1ea43
core   0: 3 0x80009a20 (0x1ea437b7) x15 0x1ea43000
core   0: 0x80009a24 (0x400fbd13) sltiu   s10, t6, 1024
core   0: 3 0x80009a24 (0x400fbd13) x26 0x00000001
core   0: 0x80009a28 (0x00b1e133) or      sp, gp, a1
core   0: 3 0x80009a28 (0x00b1e133) x 2 0x00000001
core   0: 0x80009a2c (0x41f100b3) sub     ra, sp, t6
core   0: 3 0x80009a2c (0x41f100b3) x 1 0x00000001
core   0: 0x80009a30 (0xe5254d37) lui     s10, 0xe5254
core   0: 3 0x80009a30 (0xe5254d37) x26 0xe5254000
core   0: 0x80009a34 (0x033ef633) remu    a2, t4, s3
core   0: 3 0x80009a34 (0x033ef633) x12 0x0000e660
core   0: 0x80009a38 (0x6c29a693) slti    a3, s3, 1730
core   0: 3 0x80009a38 (0x6c29a693) x13 0x00000000
core   0: 0x80009a3c (0x0311c333) div     t1, gp, a7
core   0: 3 0x80009a3c (0x0311c333) x 6 0x00000000
core   0: 0x80009a40 (0x01f4d093) srli    ra, s1, 31
core   0: 3 0x80009a40 (0x01f4d093) x 1 0x00000000
core   0: 0x80009a44 (0x027f11b3) mulh    gp, t5, t2
core   0: 3 0x80009a44 (0x027f11b3) x 3 0x00000000
core   0: 0x80009a48 (0x329de113) ori     sp, s11, 809
core   0: 3 0x80009a48 (0x329de113) x 2 0x0000077d
core   0: 0x80009a4c (0x01404433) xor     s0, zero, s4
core   0: 3 0x80009a4c (0x01404433) x 8 0x00000000
core   0: 0x80009a50 (0x010cf6b3) and     a3, s9, a6
core   0: 3 0x80009a50 (0x010cf6b3) x13 0x80018ca0
core   0: 0x80009a54 (0x00000bb3) add     s7, zero, zero
core   0: 3 0x80009a54 (0x00000bb3) x23 0x00000000
core   0: 0x80009a58 (0xdf5f8e93) addi    t4, t6, -523
core   0: 3 0x80009a58 (0xdf5f8e93) x29 0xfffffdf5
core   0: 0x80009a5c (0x00000013) nop
core   0: 3 0x80009a5c (0x00000013)
core   0: 0x80009a60 (0x00139b93) slli    s7, t2, 1
core   0: 3 0x80009a60 (0x00139b93) x23 0x00000002
core   0: 0x80009a64 (0x03f583b3) mul     t2, a1, t6
core   0: 3 0x80009a64 (0x03f583b3) x 7 0x00000000
core   0: 0x80009a68 (0x00d9b4b3) sltu    s1, s3, a3
core   0: 3 0x80009a68 (0x00d9b4b3) x 9 0x00000001
core   0: 0x80009a6c (0x004fe933) or      s2, t6, tp
core   0: 3 0x80009a6c (0x004fe933) x18 0x00000001
core   0: 0x80009a70 (0x12c7c913) xori    s2, a5, 300
core   0: 3 0x80009a70 (0x12c7c913) x18 0x1ea4312c
core   0: 0x80009a74 (0x03da04b3) mul     s1, s4, t4
core   0: 3 0x80009a74 (0x03da04b3) x 9 0x00000000
core   0: 0x80009a78 (0x83f78693) addi    a3, a5, -1985
core   0: 3 0x80009a78 (0x83f78693) x13 0x1ea4283f
core   0: 0x80009a7c (0x00c3d3b3) srl     t2, t2, a2
core   0: 3 0x80009a7c (0x00c3d3b3) x 7 0x00000000
core   0: 0x80009a80 (0xecb2d1b7) lui     gp, 0xecb2d
core   0: 3 0x80009a80 (0xecb2d1b7) x 3 0xecb2d000
core   0: 0x80009a84 (0x034ea233) mulhsu  tp, t4, s4
core   0: 3 0x80009a84 (0x034ea233) x 4 0x00000000
core   0: 0x80009a88 (0x021a71b3) remu    gp, s4, ra
core   0: 3 0x80009a88 (0x021a71b3) x 3 0x00000000
core   0: 0x80009a8c (0x00345613) srli    a2, s0, 3
core   0: 3 0x80009a8c (0x00345613) x12 0x00000000
core   0: 0x80009a90 (0x00000013) nop
core   0: 3 0x80009a90 (0x00000013)
core   0: 0x80009a94 (0xb927b093) sltiu   ra, a5, -1134
core   0: 3 0x80009a94 (0xb927b093) x 1 0x00000001
core   0: 0x80009a98 (0x024ba1b3) mulhsu  gp, s7, tp
core   0: 3 0x80009a98 (0x024ba1b3) x 3 0x00000000
core   0: 0x80009a9c (0x40d9d313) srai    t1, s3, 13
core   0: 3 0x80009a9c (0x40d9d313) x 6 0x000088d0
core   0: 0x80009aa0 (0x00d0e5b3) or      a1, ra, a3
core   0: 3 0x80009aa0 (0x00d0e5b3) x11 0x1ea4283f
core   0: 0x80009aa4 (0xee4ac613) xori    a2, s5, -284
core   0: 3 0x80009aa4 (0xee4ac613) x12 0xfffffee4
core   0: 0x80009aa8 (0x41dc5393) srai    t2, s8, 29
core   0: 3 0x80009aa8 (0x41dc5393) x 7 0x00000000
core   0: 0x80009aac (0x03c5eb33) rem     s6, a1, t3
core   0: 3 0x80009aac (0x03c5eb33) x22 0x1ea4283f
core   0: 0x80009ab0 (0x00360bb3) add     s7, a2, gp
core   0: 3 0x80009ab0 (0x00360bb3) x23 0xfffffee4
core   0: 0x80009ab4 (0x094aa413) slti    s0, s5, 148
core   0: 3 0x80009ab4 (0x094aa413) x 8 0x00000001
core   0: 0x80009ab8 (0x9926ef13) ori     t5, a3, -1646
core   0: 3 0x80009ab8 (0x9926ef13) x30 0xfffff9bf
core   0: 0x80009abc (0x0339e933) rem     s2, s3, s3
core   0: 3 0x80009abc (0x0339e933) x18 0x00000000
core   0: 0x80009ac0 (0xa863e4b7) lui     s1, 0xa863e
core   0: 3 0x80009ac0 (0xa863e4b7) x 9 0xa863e000
core   0: 0x80009ac4 (0xa3f7f513) andi    a0, a5, -1473
core   0: 3 0x80009ac4 (0xa3f7f513) x10 0x1ea43000
core   0: 0x80009ac8 (0x01295133) srl     sp, s2, s2
core   0: 3 0x80009ac8 (0x01295133) x 2 0x00000000
core   0: 0x80009acc (0x41e30fb3) sub     t6, t1, t5
core   0: 3 0x80009acc (0x41e30fb3) x31 0x00008f11
core   0: 0x80009ad0 (0xae21f613) andi    a2, gp, -1310
core   0: 3 0x80009ad0 (0xae21f613) x12 0x00000000
core   0: 0x80009ad4 (0x00000013) nop
core   0: 3 0x80009ad4 (0x00000013)
core   0: 0x80009ad8 (0xbd52b597) auipc   a1, 0xbd52b
core   0: 3 0x80009ad8 (0xbd52b597) x11 0x3d534ad8
core   0: 0x80009adc (0x02db4333) div     t1, s6, a3
core   0: 3 0x80009adc (0x02db4333) x 6 0x00000001
core   0: 0x80009ae0 (0x02595833) divu    a6, s2, t0
core   0: 3 0x80009ae0 (0x02595833) x16 0xffffffff
core   0: 0x80009ae4 (0xeadfa293) slti    t0, t6, -339
core   0: 3 0x80009ae4 (0xeadfa293) x 5 0x00000000
core   0: 0x80009ae8 (0x015e5d93) srli    s11, t3, 21
core   0: 3 0x80009ae8 (0x015e5d93) x27 0x00000400
core   0: 0x80009aec (0x024e2233) mulhsu  tp, t3, tp
core   0: 3 0x80009aec (0x024e2233) x 4 0x00000000
core   0: 0x80009af0 (0x08709c17) auipc   s8, 0x8709
core   0: 3 0x80009af0 (0x08709c17) x24 0x88712af0
core   0: 0x80009af4 (0x6bd30297) auipc   t0, 0x6bd30
core   0: 3 0x80009af4 (0x6bd30297) x 5 0xebd39af4
core   0: 0x80009af8 (0x9e012a93) slti    s5, sp, -1568
core   0: 3 0x80009af8 (0x9e012a93) x21 0x00000000
core   0: 0x80009afc (0x03356333) rem     t1, a0, s3
core   0: 3 0x80009afc (0x03356333) x 6 0x0d8a2000
core   0: 0x80009b00 (0xab18fd93) andi    s11, a7, -1359
core   0: 3 0x80009b00 (0xab18fd93) x27 0xfffffab0
core   0: 0x80009b04 (0x00889113) slli    sp, a7, 8
core   0: 3 0x80009b04 (0x00889113) x 2 0xffffb200
core   0: 0x80009b08 (0xbcfc2613) slti    a2, s8, -1073
core   0: 3 0x80009b08 (0xbcfc2613) x12 0x00000001
core   0: 0x80009b0c (0x03faeeb3) rem     t4, s5, t6
core   0: 3 0x80009b0c (0x03faeeb3) x29 0x00000000
core   0: 0x80009b10 (0x0d8a2437) lui     s0, 0xd8a2
core   0: 3 0x80009b10 (0x0d8a2437) x 8 0x0d8a2000
core   0: 0x80009b14 (0x01b67c33) and     s8, a2, s11
core   0: 3 0x80009b14 (0x01b67c33) x24 0x00000000
core   0: 0x80009b18 (0x03649fb3) mulh    t6, s1, s6
core   0: 3 0x80009b18 (0x03649fb3) x31 0xf5838675
core   0: 0x80009b1c (0x02972c33) mulhsu  s8, a4, s1
core   0: 3 0x80009b1c (0x02972c33) x24 0xabceebf4
core   0: 0x80009b20 (0x9c97b313) sltiu   t1, a5, -1591
core   0: 3 0x80009b20 (0x9c97b313) x 6 0x00000001
core   0: 0x80009b24 (0xfc0d6013) ori     zero, s10, -64
core   0: 3 0x80009b24 (0xfc0d6013)
core   0: 0x80009b28 (0x01f71333) sll     t1, a4, t6
core   0: 3 0x80009b28 (0x01f71333) x 6 0xcc800000
core   0: 0x80009b2c (0xc02e0b13) addi    s6, t3, -1022
core   0: 3 0x80009b2c (0xc02e0b13) x22 0x7ffffc02
core   0: 0x80009b30 (0x9d95e893) ori     a7, a1, -1575
core   0: 3 0x80009b30 (0x9d95e893) x17 0xfffffbd9
core   0: 0x80009b34 (0xe14c6013) ori     zero, s8, -492
core   0: 3 0x80009b34 (0xe14c6013)
core   0: 0x80009b38 (0x01ab0233) add     tp, s6, s10
core   0: 3 0x80009b38 (0x01ab0233) x 4 0x65253c02
core   0: 0x80009b3c (0x406483b3) sub     t2, s1, t1
core   0: 3 0x80009b3c (0x406483b3) x 7 0xdbe3e000
core   0: 0x80009b40 (0x0086c1b3) xor     gp, a3, s0
core   0: 3 0x80009b40 (0x0086c1b3) x 3 0x132e083f
core   0: 0x80009b44 (0x01df3633) sltu    a2, t5, t4
core   0: 3 0x80009b44 (0x01df3633) x12 0x00000000
core   0: 0x80009b48 (0x437d0097) auipc   ra, 0x437d0
core   0: 3 0x80009b48 (0x437d0097) x 1 0xc37d9b48
core   0: 0x80009b4c (0x00434ab3) xor     s5, t1, tp
core   0: 3 0x80009b4c (0x00434ab3) x21 0xa9a53c02
core   0: 0x80009b50 (0xfb04c937) lui     s2, 0xfb04c
core   0: 3 0x80009b50 (0xfb04c937) x18 0xfb04c000
core   0: 0x80009b54 (0x00ba5a93) srli    s5, s4, 11
core   0: 3 0x80009b54 (0x00ba5a93) x21 0x00000000
core   0: 0x80009b58 (0x41e909b3) sub     s3, s2, t5
core   0: 3 0x80009b58 (0x41e909b3) x19 0xfb04c641
core   0: 0x80009b5c (0x0378e933) rem     s2, a7, s7
core   0: 3 0x80009b5c (0x0378e933) x18 0xffffff2d
core   0: 0x80009b60 (0x00c99c13) slli    s8, s3, 12
core   0: 3 0x80009b60 (0x00c99c13) x24 0x4c641000
core   0: 0x80009b64 (0x00845b93) srli    s7, s0, 8
core   0: 3 0x80009b64 (0x00845b93) x23 0x000d8a20
core   0: 0x80009b68 (0x75a76b13) ori     s6, a4, 1882
core   0: 3 0x80009b68 (0x75a76b13) x22 0x80014f7e
core   0: 0x80009b6c (0x7a1fc493) xori    s1, t6, 1953
core   0: 3 0x80009b6c (0x7a1fc493) x 9 0xf58381d4
core   0: 0x80009b70 (0x018e1513) slli    a0, t3, 24
core   0: 3 0x80009b70 (0x018e1513) x10 0x00000000
core   0: 0x80009b74 (0x032daeb3) mulhsu  t4, s11, s2
core   0: 3 0x80009b74 (0x032daeb3) x29 0xfffffab0
core   0: 0x80009b78 (0xcb8df893) andi    a7, s11, -840
core   0: 3 0x80009b78 (0xcb8df893) x17 0xfffff8b0
core   0: 0x80009b7c (0x039b3b33) mulhu   s6, s6, s9
core   0: 3 0x80009b7c (0x039b3b33) x22 0x40016e33
core   0: 0x80009b80 (0x0330a233) mulhsu  tp, ra, s3
core   0: 3 0x80009b80 (0x0330a233) x 4 0xc4ab0659
core   0: 0x80009b84 (0xe6ea8993) addi    s3, s5, -402
core   0: 3 0x80009b84 (0xe6ea8993) x19 0xfffffe6e
core   0: 0x80009b88 (0x0155bb33) sltu    s6, a1, s5
core   0: 3 0x80009b88 (0x0155bb33) x22 0x00000000
core   0: 0x80009b8c (0x03c74333) div     t1, a4, t3
core   0: 3 0x80009b8c (0x03c74333) x 6 0x00000000
core   0: 0x80009b90 (0xb49bc017) auipc   zero, 0xb49bc
core   0: 3 0x80009b90 (0xb49bc017)
core   0: 0x80009b94 (0x02381633) mulh    a2, a6, gp
core   0: 3 0x80009b94 (0x02381633) x12 0xffffffff
core   0: 0x80009b98 (0x408c8c33) sub     s8, s9, s0
core   0: 3 0x80009b98 (0x408c8c33) x24 0x72776ce4
core   0: 0x80009b9c (0x029c4333) div     t1, s8, s1
core   0: 3 0x80009b9c (0x029c4333) x 6 0xfffffff6
core   0: 0x80009ba0 (0x01fcb4b3) sltu    s1, s9, t6
core   0: 3 0x80009ba0 (0x01fcb4b3) x 9 0x00000001
core   0: 0x80009ba4 (0x00b4ffb3) and     t6, s1, a1
core   0: 3 0x80009ba4 (0x00b4ffb3) x31 0x00000000
core   0: 0x80009ba8 (0x00654233) xor     tp, a0, t1
core   0: 3 0x80009ba8 (0x00654233) x 4 0xfffffff6
core   0: 0x80009bac (0x40ecda93) srai    s5, s9, 14
core   0: 3 0x80009bac (0x40ecda93) x21 0xfffe0006
core   0: 0x80009bb0 (0x034aefb3) rem     t6, s5, s4
core   0: 3 0x80009bb0 (0x034aefb3) x31 0xfffe0006
core   0: 0x80009bb4 (0x03fb9533) mulh    a0, s7, t6
core   0: 3 0x80009bb4 (0x03fb9533) x10 0xffffffe4
core   0: 0x80009bb8 (0x8353a313) slti    t1, t2, -1995
core   0: 3 0x80009bb8 (0x8353a313) x 6 0x00000001
core   0: 0x80009bbc (0x01eed693) srli    a3, t4, 30
core   0: 3 0x80009bbc (0x01eed693) x13 0x00000003
core   0: 0x80009bc0 (0x8a6da337) lui     t1, 0x8a6da
core   0: 3 0x80009bc0 (0x8a6da337) x 6 0x8a6da000
core   0: 0x80009bc4 (0x4098d233) sra     tp, a7, s1
core   0: 3 0x80009bc4 (0x4098d233) x 4 0xfffffc58
core   0: 0x80009bc8 (0x7932ef13) ori     t5, t0, 1939
core   0: 3 0x80009bc8 (0x7932ef13) x30 0xebd39ff7
core   0: 0x80009bcc (0x00e29533) sll     a0, t0, a4
core   0: 3 0x80009bcc (0x00e29533) x10 0xbd39af40
core   0: 0x80009bd0 (0x00f3a6b3) slt     a3, t2, a5
core   0: 3 0x80009bd0 (0x00f3a6b3) x13 0x00000001
core   0: 0x80009bd4 (0x6f764613) xori    a2, a2, 1783
core   0: 3 0x80009bd4 (0x6f764613) x12 0xfffff908
core   0: 0x80009bd8 (0x03a6c533) div     a0, a3, s10
core   0: 3 0x80009bd8 (0x03a6c533) x10 0x00000000
core   0: 0x80009bdc (0x03d1bfb3) mulhu   t6, gp, t4
core   0: 3 0x80009bdc (0x03d1bfb3) x31 0x132e07d9
core   0: 0x80009be0 (0x02ba7033) remu    zero, s4, a1
core   0: 3 0x80009be0 (0x02ba7033)
core   0: 0x80009be4 (0x00d148b3) xor     a7, sp, a3
core   0: 3 0x80009be4 (0x00d148b3) x17 0xffffb201
core   0: 0x80009be8 (0x035f5233) divu    tp, t5, s5
core   0: 3 0x80009be8 (0x035f5233) x 4 0x00000000
core   0: 0x80009bec (0x01658db3) add     s11, a1, s6
core   0: 3 0x80009bec (0x01658db3) x27 0x3d534ad8
core   0: 0x80009bf0 (0x4070dbb3) sra     s7, ra, t2
core   0: 3 0x80009bf0 (0x4070dbb3) x23 0xc37d9b48
core   0: 0x80009bf4 (0x003a5933) srl     s2, s4, gp
core   0: 3 0x80009bf4 (0x003a5933) x18 0x00000000
core   0: 0x80009bf8 (0x0164e7b3) or      a5, s1, s6
core   0: 3 0x80009bf8 (0x0164e7b3) x15 0x00000001
core   0: 0x80009bfc (0x0176a133) slt     sp, a3, s7
core   0: 3 0x80009bfc (0x0176a133) x 2 0x00000000
core   0: 0x80009c00 (0x001564b3) or      s1, a0, ra
core   0: 3 0x80009c00 (0x001564b3) x 9 0xc37d9b48
core   0: 0x80009c04 (0x022eedb3) rem     s11, t4, sp
core   0: 3 0x80009c04 (0x022eedb3) x27 0xfffffab0
core   0: 0x80009c08 (0x02474333) div     t1, a4, tp
core   0: 3 0x80009c08 (0x02474333) x 6 0xffffffff
core   0: 0x80009c0c (0x0025d8b3) srl     a7, a1, sp
core   0: 3 0x80009c0c (0x0025d8b3) x17 0x3d534ad8
core   0: 0x80009c10 (0xc7ae8993) addi    s3, t4, -902
core   0: 3 0x80009c10 (0xc7ae8993) x19 0xfffff72a
core   0: 0x80009c14 (0x001da5b3) slt     a1, s11, ra
core   0: 3 0x80009c14 (0x001da5b3) x11 0x00000000
core   0: 0x80009c18 (0x73e5b197) auipc   gp, 0x73e5b
core   0: 3 0x80009c18 (0x73e5b197) x 3 0xf3e64c18
core   0: 0x80009c1c (0xfb1ae497) auipc   s1, 0xfb1ae
core   0: 3 0x80009c1c (0xfb1ae497) x 9 0x7b1b7c1c
core   0: 0x80009c20 (0x01d7c033) xor     zero, a5, t4
core   0: 3 0x80009c20 (0x01d7c033)
core   0: 0x80009c24 (0x025715b3) mulh    a1, a4, t0
core   0: 3 0x80009c24 (0x025715b3) x11 0x0a16182c
core   0: 0x80009c28 (0x9c093d93) sltiu   s11, s2, -1600
core   0: 3 0x80009c28 (0x9c093d93) x27 0x00000001
core   0: 0x80009c2c (0x03703db3) mulhu   s11, zero, s7
core   0: 3 0x80009c2c (0x03703db3) x27 0x00000000
core   0: 0x80009c30 (0x020af833) remu    a6, s5, zero
core   0: 3 0x80009c30 (0x020af833) x16 0xfffe0006
core   0: 0x80009c34 (0x41dd85b3) sub     a1, s11, t4
core   0: 3 0x80009c34 (0x41dd85b3) x11 0x00000550
core   0: 0x80009c38 (0x034ef633) remu    a2, t4, s4
core   0: 3 0x80009c38 (0x034ef633) x12 0xfffffab0
core   0: 0x80009c3c (0x00571933) sll     s2, a4, t0
core   0: 3 0x80009c3c (0x00571933) x18 0xe6400000
core   0: 0x80009c40 (0x02a4b3b3) mulhu   t2, s1, a0
core   0: 3 0x80009c40 (0x02a4b3b3) x 7 0x00000000
core   0: 0x80009c44 (0x03b5c933) div     s2, a1, s11
core   0: 3 0x80009c44 (0x03b5c933) x18 0xffffffff
core   0: 0x80009c48 (0x029e43b3) div     t2, t3, s1
core   0: 3 0x80009c48 (0x029e43b3) x 7 0xffffffff
core   0: 0x80009c4c (0x02202333) mulhsu  t1, zero, sp
core   0: 3 0x80009c4c (0x02202333) x 6 0x00000000
core   0: 0x80009c50 (0x032797b3) mulh    a5, a5, s2
core   0: 3 0x80009c50 (0x032797b3) x15 0xffffffff
core   0: 0x80009c54 (0x01115413) srli    s0, sp, 17
core   0: 3 0x80009c54 (0x01115413) x 8 0x00000000
core   0: 0x80009c58 (0x02082533) mulhsu  a0, a6, zero
core   0: 3 0x80009c58 (0x02082533) x10 0x00000000
core   0: 0x80009c5c (0x43c54813) xori    a6, a0, 1084
core   0: 3 0x80009c5c (0x43c54813) x16 0x0000043c
core   0: 0x80009c60 (0x01ce1b93) slli    s7, t3, 28
core   0: 3 0x80009c60 (0x01ce1b93) x23 0x00000000
core   0: 0x80009c64 (0x024765b3) rem     a1, a4, tp
core   0: 3 0x80009c64 (0x024765b3) x11 0x80014e64
core   0: 0x80009c68 (0x01781093) slli    ra, a6, 23
core   0: 3 0x80009c68 (0x01781093) x 1 0x1e000000
core   0: 0x80009c6c (0x019ca4b3) slt     s1, s9, s9
core   0: 3 0x80009c6c (0x019ca4b3) x 9 0x00000000
core   0: 0x80009c70 (0x003a05b3) add     a1, s4, gp
core   0: 3 0x80009c70 (0x003a05b3) x11 0xf3e64c18
core   0: 0x80009c74 (0x010558b3) srl     a7, a0, a6
core   0: 3 0x80009c74 (0x010558b3) x17 0x00000000
core   0: 0x80009c78 (0x412ad213) srai    tp, s5, 18
core   0: 3 0x80009c78 (0x412ad213) x 4 0xffffffff
core   0: 0x80009c7c (0x00251fb3) sll     t6, a0, sp
core   0: 3 0x80009c7c (0x00251fb3) x31 0x00000000
core   0: 0x80009c80 (0x01a0bdb3) sltu    s11, ra, s10
core   0: 3 0x80009c80 (0x01a0bdb3) x27 0x00000001
core   0: 0x80009c84 (0x032a0c33) mul     s8, s4, s2
core   0: 3 0x80009c84 (0x032a0c33) x24 0x00000000
core   0: 0x80009c88 (0x030c1933) mulh    s2, s8, a6
core   0: 3 0x80009c88 (0x030c1933) x18 0x00000000
core   0: 0x80009c8c (0x00bb30b3) sltu    ra, s6, a1
core   0: 3 0x80009c8c (0x00bb30b3) x 1 0x00000001
core   0: 0x80009c90 (0x4005dd13) srai    s10, a1, 0
core   0: 3 0x80009c90 (0x4005dd13) x26 0xf3e64c18
core   0: 0x80009c94 (0x0024d793) srli    a5, s1, 2
core   0: 3 0x80009c94 (0x0024d793) x15 0x00000000
core   0: 0x80009c98 (0xee69cb13) xori    s6, s3, -282
core   0: 3 0x80009c98 (0xee69cb13) x22 0x000009cc
core   0: 0x80009c9c (0x00bf2d33) slt     s10, t5, a1
core   0: 3 0x80009c9c (0x00bf2d33) x26 0x00000001
core   0: 0x80009ca0 (0x01c11eb3) sll     t4, sp, t3
core   0: 3 0x80009ca0 (0x01c11eb3) x29 0x00000000
core   0: 0x80009ca4 (0x03f76a33) rem     s4, a4, t6
core   0: 3 0x80009ca4 (0x03f76a33) x20 0x80014e64
core   0: 0x80009ca8 (0x00bc39b3) sltu    s3, s8, a1
core   0: 3 0x80009ca8 (0x00bc39b3) x19 0x00000001
core   0: 0x80009cac (0x8c5ff413) andi    s0, t6, -1851
core   0: 3 0x80009cac (0x8c5ff413) x 8 0x00000000
core   0: 0x80009cb0 (0x006571b3) and     gp, a0, t1
core   0: 3 0x80009cb0 (0x006571b3) x 3 0x00000000
core   0: 0x80009cb4 (0x026b9ab3) mulh    s5, s7, t1
core   0: 3 0x80009cb4 (0x026b9ab3) x21 0x00000000
core   0: 0x80009cb8 (0xcc4a3c13) sltiu   s8, s4, -828
core   0: 3 0x80009cb8 (0xcc4a3c13) x24 0x00000001
core   0: 0x80009cbc (0x00392333) slt     t1, s2, gp
core   0: 3 0x80009cbc (0x00392333) x 6 0x00000000
core   0: 0x80009cc0 (0x038d9133) mulh    sp, s11, s8
core   0: 3 0x80009cc0 (0x038d9133) x 2 0x00000000
core   0: 0x80009cc4 (0xb3428f13) addi    t5, t0, -1228
core   0: 3 0x80009cc4 (0xb3428f13) x30 0xebd39628
core   0: 0x80009cc8 (0x41705b93) srai    s7, zero, 23
core   0: 3 0x80009cc8 (0x41705b93) x23 0x00000000
core   0: 0x80009ccc (0x00000013) nop
core   0: 3 0x80009ccc (0x00000013)
core   0: 0x80009cd0 (0x407a5333) sra     t1, s4, t2
core   0: 3 0x80009cd0 (0x407a5333) x 6 0xffffffff
core   0: 0x80009cd4 (0xc6059397) auipc   t2, 0xc6059
core   0: 3 0x80009cd4 (0xc6059397) x 7 0x46062cd4
core   0: 0x80009cd8 (0x412edd33) sra     s10, t4, s2
core   0: 3 0x80009cd8 (0x412edd33) x26 0x00000000
core   0: 0x80009cdc (0x009f1a93) slli    s5, t5, 9
core   0: 3 0x80009cdc (0x009f1a93) x21 0xa72c5000
core   0: 0x80009ce0 (0x0040fc33) and     s8, ra, tp
core   0: 3 0x80009ce0 (0x0040fc33) x24 0x00000001
core   0: 0x80009ce4 (0x0318e033) rem     zero, a7, a7
core   0: 3 0x80009ce4 (0x0318e033)
core   0: 0x80009ce8 (0xdd3b0a93) addi    s5, s6, -557
core   0: 3 0x80009ce8 (0xdd3b0a93) x21 0x0000079f
core   0: 0x80009cec (0x01887533) and     a0, a6, s8
core   0: 3 0x80009cec (0x01887533) x10 0x00000000
core   0: 0x80009cf0 (0x038209b3) mul     s3, tp, s8
core   0: 3 0x80009cf0 (0x038209b3) x19 0xffffffff
core   0: 0x80009cf4 (0x4111d533) sra     a0, gp, a7
core   0: 3 0x80009cf4 (0x4111d533) x10 0x00000000
core   0: 0x80009cf8 (0x026ce333) rem     t1, s9, t1
core   0: 3 0x80009cf8 (0x026ce333) x 6 0x00000000
core   0: 0x80009cfc (0x01799093) slli    ra, s3, 23
core   0: 3 0x80009cfc (0x01799093) x 1 0xff800000
core   0: 0x80009d00 (0x1d90f493) andi    s1, ra, 473
core   0: 3 0x80009d00 (0x1d90f493) x 9 0x00000000
core   0: 0x80009d04 (0x22c49f17) auipc   t5, 0x22c49
core   0: 3 0x80009d04 (0x22c49f17) x30 0xa2c52d04
core   0: 0x80009d08 (0x01ad24b3) slt     s1, s10, s10
core   0: 3 0x80009d08 (0x01ad24b3) x 9 0x00000000
core   0: 0x80009d0c (0x7306b193) sltiu   gp, a3, 1840
core   0: 3 0x80009d0c (0x7306b193) x 3 0x00000001
core   0: 0x80009d10 (0x4f490613) addi    a2, s2, 1268
core   0: 3 0x80009d10 (0x4f490613) x12 0x000004f4
core   0: 0x80009d14 (0x1ecffd93) andi    s11, t6, 492
core   0: 3 0x80009d14 (0x1ecffd93) x27 0x00000000
core   0: 0x80009d18 (0x015c4c33) xor     s8, s8, s5
core   0: 3 0x80009d18 (0x015c4c33) x24 0x0000079e
core   0: 0x80009d1c (0x035f6a33) rem     s4, t5, s5
core   0: 3 0x80009d1c (0x035f6a33) x20 0xfffff877
core   0: 0x80009d20 (0x4189da13) srai    s4, s3, 24
core   0: 3 0x80009d20 (0x4189da13) x20 0xffffffff
core   0: 0x80009d24 (0x002a3433) sltu    s0, s4, sp
core   0: 3 0x80009d24 (0x002a3433) x 8 0x00000000
core   0: 0x80009d28 (0x00000013) nop
core   0: 3 0x80009d28 (0x00000013)
core   0: 0x80009d2c (0xb9784193) xori    gp, a6, -1129
core   0: 3 0x80009d2c (0xb9784193) x 3 0xffffffab
core   0: 0x80009d30 (0x034d7133) remu    sp, s10, s4
core   0: 3 0x80009d30 (0x034d7133) x 2 0x00000000
core   0: 0x80009d34 (0x4ae3c293) xori    t0, t2, 1198
core   0: 3 0x80009d34 (0x4ae3c293) x 5 0x4606287a
core   0: 0x80009d38 (0x013eb7b3) sltu    a5, t4, s3
core   0: 3 0x80009d38 (0x013eb7b3) x15 0x00000001
core   0: 0x80009d3c (0x017866b3) or      a3, a6, s7
core   0: 3 0x80009d3c (0x017866b3) x13 0x0000043c
core   0: 0x80009d40 (0x00000013) nop
core   0: 3 0x80009d40 (0x00000013)
core   0: 0x80009d44 (0x30637313) andi    t1, t1, 774
core   0: 3 0x80009d44 (0x30637313) x 6 0x00000000
core   0: 0x80009d48 (0x56ec2193) slti    gp, s8, 1390
core   0: 3 0x80009d48 (0x56ec2193) x 3 0x00000000
core   0: 0x80009d4c (0x021e0f33) mul     t5, t3, ra
core   0: 3 0x80009d4c (0x021e0f33) x30 0x00000000
core   0: 0x80009d50 (0x032ea233) mulhsu  tp, t4, s2
core   0: 3 0x80009d50 (0x032ea233) x 4 0x00000000
core   0: 0x80009d54 (0xeae04c13) xori    s8, zero, -338
core   0: 3 0x80009d54 (0xeae04c13) x24 0xfffffeae
core   0: 0x80009d58 (0x00000e17) auipc   t3, 0x0
core   0: 3 0x80009d58 (0x00000e17) x28 0x80009d58
core   0: 0x80009d5c (0x00ce0e13) addi    t3, t3, 12
core   0: 3 0x80009d5c (0x00ce0e13) x28 0x80009d64
core   0: 0x80009d60 (0x000e0067) jr      t3
core   0: 3 0x80009d60 (0x000e0067)
core   0: 0x80009d64 (0x00100193) li      gp, 1
core   0: 3 0x80009d64 (0x00100193) x 3 0x00000001
core   0: 0x80009d68 (0x00000073) ecall
core   0: exception trap_machine_ecall, epc 0x80009d68
core   0: >>>>  mtvec_handler
core   0: 0x8000a790 (0x0400006f) j       pc + 0x40
core   0: 3 0x8000a790 (0x0400006f)
core   0: 0x8000a7d0 (0xffcc8c93) addi    s9, s9, -4
core   0: 3 0x8000a7d0 (0xffcc8c93) x25 0x80018ce0
core   0: 0x8000a7d4 (0x00eca023) sw      a4, 0(s9)
core   0: 3 0x8000a7d4 (0x00eca023) mem 0x80018ce0 0x80014e64
core   0: 0x8000a7d8 (0x000c8733) add     a4, s9, zero
core   0: 3 0x8000a7d8 (0x000c8733) x14 0x80018ce0
core   0: 0x8000a7dc (0xf8070713) addi    a4, a4, -128
core   0: 3 0x8000a7dc (0xf8070713) x14 0x80018c60
core   0: 0x8000a7e0 (0x00172223) sw      ra, 4(a4)
core   0: 3 0x8000a7e0 (0x00172223) mem 0x80018c64 0xff800000
core   0: 0x8000a7e4 (0x00272423) sw      sp, 8(a4)
core   0: 3 0x8000a7e4 (0x00272423) mem 0x80018c68 0x00000000
core   0: 0x8000a7e8 (0x00372623) sw      gp, 12(a4)
core   0: 3 0x8000a7e8 (0x00372623) mem 0x80018c6c 0x00000001
core   0: 0x8000a7ec (0x00472823) sw      tp, 16(a4)
core   0: 3 0x8000a7ec (0x00472823) mem 0x80018c70 0x00000000
core   0: 0x8000a7f0 (0x00572a23) sw      t0, 20(a4)
core   0: 3 0x8000a7f0 (0x00572a23) mem 0x80018c74 0x4606287a
core   0: 0x8000a7f4 (0x00672c23) sw      t1, 24(a4)
core   0: 3 0x8000a7f4 (0x00672c23) mem 0x80018c78 0x00000000
core   0: 0x8000a7f8 (0x00772e23) sw      t2, 28(a4)
core   0: 3 0x8000a7f8 (0x00772e23) mem 0x80018c7c 0x46062cd4
core   0: 0x8000a7fc (0x02872023) sw      s0, 32(a4)
core   0: 3 0x8000a7fc (0x02872023) mem 0x80018c80 0x00000000
core   0: 0x8000a800 (0x02972223) sw      s1, 36(a4)
core   0: 3 0x8000a800 (0x02972223) mem 0x80018c84 0x00000000
core   0: 0x8000a804 (0x02a72423) sw      a0, 40(a4)
core   0: 3 0x8000a804 (0x02a72423) mem 0x80018c88 0x00000000
core   0: 0x8000a808 (0x02b72623) sw      a1, 44(a4)
core   0: 3 0x8000a808 (0x02b72623) mem 0x80018c8c 0xf3e64c18
core   0: 0x8000a80c (0x02c72823) sw      a2, 48(a4)
core   0: 3 0x8000a80c (0x02c72823) mem 0x80018c90 0x000004f4
core   0: 0x8000a810 (0x02d72a23) sw      a3, 52(a4)
core   0: 3 0x8000a810 (0x02d72a23) mem 0x80018c94 0x0000043c
core   0: 0x8000a814 (0x02e72c23) sw      a4, 56(a4)
core   0: 3 0x8000a814 (0x02e72c23) mem 0x80018c98 0x80018c60
core   0: 0x8000a818 (0x02f72e23) sw      a5, 60(a4)
core   0: 3 0x8000a818 (0x02f72e23) mem 0x80018c9c 0x00000001
core   0: 0x8000a81c (0x05072023) sw      a6, 64(a4)
core   0: 3 0x8000a81c (0x05072023) mem 0x80018ca0 0x0000043c
core   0: 0x8000a820 (0x05172223) sw      a7, 68(a4)
core   0: 3 0x8000a820 (0x05172223) mem 0x80018ca4 0x00000000
core   0: 0x8000a824 (0x05272423) sw      s2, 72(a4)
core   0: 3 0x8000a824 (0x05272423) mem 0x80018ca8 0x00000000
core   0: 0x8000a828 (0x05372623) sw      s3, 76(a4)
core   0: 3 0x8000a828 (0x05372623) mem 0x80018cac 0xffffffff
core   0: 0x8000a82c (0x05472823) sw      s4, 80(a4)
core   0: 3 0x8000a82c (0x05472823) mem 0x80018cb0 0xffffffff
core   0: 0x8000a830 (0x05572a23) sw      s5, 84(a4)
core   0: 3 0x8000a830 (0x05572a23) mem 0x80018cb4 0x0000079f
core   0: 0x8000a834 (0x05672c23) sw      s6, 88(a4)
core   0: 3 0x8000a834 (0x05672c23) mem 0x80018cb8 0x000009cc
core   0: 0x8000a838 (0x05772e23) sw      s7, 92(a4)
core   0: 3 0x8000a838 (0x05772e23) mem 0x80018cbc 0x00000000
core   0: 0x8000a83c (0x07872023) sw      s8, 96(a4)
core   0: 3 0x8000a83c (0x07872023) mem 0x80018cc0 0xfffffeae
core   0: 0x8000a840 (0x07972223) sw      s9, 100(a4)
core   0: 3 0x8000a840 (0x07972223) mem 0x80018cc4 0x80018ce0
core   0: 0x8000a844 (0x07a72423) sw      s10, 104(a4)
core   0: 3 0x8000a844 (0x07a72423) mem 0x80018cc8 0x00000000
core   0: 0x8000a848 (0x07b72623) sw      s11, 108(a4)
core   0: 3 0x8000a848 (0x07b72623) mem 0x80018ccc 0x00000000
core   0: 0x8000a84c (0x07c72823) sw      t3, 112(a4)
core   0: 3 0x8000a84c (0x07c72823) mem 0x80018cd0 0x80009d64
core   0: 0x8000a850 (0x07d72a23) sw      t4, 116(a4)
core   0: 3 0x8000a850 (0x07d72a23) mem 0x80018cd4 0x00000000
core   0: 0x8000a854 (0x07e72c23) sw      t5, 120(a4)
core   0: 3 0x8000a854 (0x07e72c23) mem 0x80018cd8 0x00000000
core   0: 0x8000a858 (0x07f72e23) sw      t6, 124(a4)
core   0: 3 0x8000a858 (0x07f72e23) mem 0x80018cdc 0x00000000
core   0: 0x8000a85c (0x00070cb3) add     s9, a4, zero
core   0: 3 0x8000a85c (0x00070cb3) x25 0x80018c60
core   0: 0x8000a860 (0x34102df3) csrr    s11, mepc
core   0: 3 0x8000a860 (0x34102df3) x27 0x80009d68
core   0: 0x8000a864 (0x34202df3) csrr    s11, mcause
core   0: 3 0x8000a864 (0x34202df3) x27 0x0000000b
core   0: 0x8000a868 (0x00300593) li      a1, 3
core   0: 3 0x8000a868 (0x00300593) x11 0x00000003
core   0: 0x8000a86c (0x2abd8a63) beq     s11, a1, pc + 692
core   0: 3 0x8000a86c (0x2abd8a63)
core   0: 0x8000a870 (0x00800593) li      a1, 8
core   0: 3 0x8000a870 (0x00800593) x11 0x00000008
core   0: 0x8000a874 (0x04bd8e63) beq     s11, a1, pc + 92
core   0: 3 0x8000a874 (0x04bd8e63)
core   0: 0x8000a878 (0x00900593) li      a1, 9
core   0: 3 0x8000a878 (0x00900593) x11 0x00000009
core   0: 0x8000a87c (0x04bd8a63) beq     s11, a1, pc + 84
core   0: 3 0x8000a87c (0x04bd8a63)
core   0: 0x8000a880 (0x00b00593) li      a1, 11
core   0: 3 0x8000a880 (0x00b00593) x11 0x0000000b
core   0: 0x8000a884 (0x04bd8663) beq     s11, a1, pc + 76
core   0: 3 0x8000a884 (0x04bd8663)
core   0: 0x8000a8d0 (0xffff5d97) auipc   s11, 0xffff5
core   0: 3 0x8000a8d0 (0xffff5d97) x27 0x7ffff8d0
core   0: 0x8000a8d4 (0x730d8d93) addi    s11, s11, 1840
core   0: 3 0x8000a8d4 (0x730d8d93) x27 0x80000000
core   0: 0x8000a8d8 (0x000da023) sw      zero, 0(s11)
core   0: 3 0x8000a8d8 (0x000da023) mem 0x80000000 0x00000000
core   0: 0x8000a8dc (0x001da223) sw      ra, 4(s11)
core   0: 3 0x8000a8dc (0x001da223) mem 0x80000004 0xff800000
core   0: 0x8000a8e0 (0x002da423) sw      sp, 8(s11)
core   0: 3 0x8000a8e0 (0x002da423) mem 0x80000008 0x00000000
core   0: 0x8000a8e4 (0x003da623) sw      gp, 12(s11)
core   0: 3 0x8000a8e4 (0x003da623) mem 0x8000000c 0x00000001
core   0: 0x8000a8e8 (0x004da823) sw      tp, 16(s11)
core   0: 3 0x8000a8e8 (0x004da823) mem 0x80000010 0x00000000
core   0: 0x8000a8ec (0x005daa23) sw      t0, 20(s11)
core   0: 3 0x8000a8ec (0x005daa23) mem 0x80000014 0x4606287a
core   0: 0x8000a8f0 (0x006dac23) sw      t1, 24(s11)
core   0: 3 0x8000a8f0 (0x006dac23) mem 0x80000018 0x00000000
core   0: 0x8000a8f4 (0x007dae23) sw      t2, 28(s11)
core   0: 3 0x8000a8f4 (0x007dae23) mem 0x8000001c 0x46062cd4
core   0: 0x8000a8f8 (0x028da023) sw      s0, 32(s11)
core   0: 3 0x8000a8f8 (0x028da023) mem 0x80000020 0x00000000
core   0: 0x8000a8fc (0x029da223) sw      s1, 36(s11)
core   0: 3 0x8000a8fc (0x029da223) mem 0x80000024 0x00000000
core   0: 0x8000a900 (0x02ada423) sw      a0, 40(s11)
core   0: 3 0x8000a900 (0x02ada423) mem 0x80000028 0x00000000
core   0: 0x8000a904 (0x02bda623) sw      a1, 44(s11)
core   0: 3 0x8000a904 (0x02bda623) mem 0x8000002c 0x0000000b
core   0: 0x8000a908 (0x02cda823) sw      a2, 48(s11)
core   0: 3 0x8000a908 (0x02cda823) mem 0x80000030 0x000004f4
core   0: 0x8000a90c (0x02ddaa23) sw      a3, 52(s11)
core   0: 3 0x8000a90c (0x02ddaa23) mem 0x80000034 0x0000043c
core   0: 0x8000a910 (0x02edac23) sw      a4, 56(s11)
core   0: 3 0x8000a910 (0x02edac23) mem 0x80000038 0x80018c60
core   0: 0x8000a914 (0x02fdae23) sw      a5, 60(s11)
core   0: 3 0x8000a914 (0x02fdae23) mem 0x8000003c 0x00000001
core   0: 0x8000a918 (0x050da023) sw      a6, 64(s11)
core   0: 3 0x8000a918 (0x050da023) mem 0x80000040 0x0000043c
core   0: 0x8000a91c (0x051da223) sw      a7, 68(s11)
core   0: 3 0x8000a91c (0x051da223) mem 0x80000044 0x00000000
core   0: 0x8000a920 (0x052da423) sw      s2, 72(s11)
core   0: 3 0x8000a920 (0x052da423) mem 0x80000048 0x00000000
core   0: 0x8000a924 (0x053da623) sw      s3, 76(s11)
core   0: 3 0x8000a924 (0x053da623) mem 0x8000004c 0xffffffff
core   0: 0x8000a928 (0x054da823) sw      s4, 80(s11)
core   0: 3 0x8000a928 (0x054da823) mem 0x80000050 0xffffffff
core   0: 0x8000a92c (0x055daa23) sw      s5, 84(s11)
core   0: 3 0x8000a92c (0x055daa23) mem 0x80000054 0x0000079f
core   0: 0x8000a930 (0x056dac23) sw      s6, 88(s11)
core   0: 3 0x8000a930 (0x056dac23) mem 0x80000058 0x000009cc
core   0: 0x8000a934 (0x057dae23) sw      s7, 92(s11)
core   0: 3 0x8000a934 (0x057dae23) mem 0x8000005c 0x00000000
core   0: 0x8000a938 (0x078da023) sw      s8, 96(s11)
core   0: 3 0x8000a938 (0x078da023) mem 0x80000060 0xfffffeae
core   0: 0x8000a93c (0x079da223) sw      s9, 100(s11)
core   0: 3 0x8000a93c (0x079da223) mem 0x80000064 0x80018c60
core   0: 0x8000a940 (0x07ada423) sw      s10, 104(s11)
core   0: 3 0x8000a940 (0x07ada423) mem 0x80000068 0x00000000
core   0: 0x8000a944 (0x07bda623) sw      s11, 108(s11)
core   0: 3 0x8000a944 (0x07bda623) mem 0x8000006c 0x80000000
core   0: 0x8000a948 (0x07cda823) sw      t3, 112(s11)
core   0: 3 0x8000a948 (0x07cda823) mem 0x80000070 0x80009d64
core   0: 0x8000a94c (0x07ddaa23) sw      t4, 116(s11)
core   0: 3 0x8000a94c (0x07ddaa23) mem 0x80000074 0x00000000
core   0: 0x8000a950 (0x07edac23) sw      t5, 120(s11)
core   0: 3 0x8000a950 (0x07edac23) mem 0x80000078 0x00000000
core   0: 0x8000a954 (0x07fdae23) sw      t6, 124(s11)
core   0: 3 0x8000a954 (0x07fdae23) mem 0x8000007c 0x00000000
core   0: 0x8000a958 (0xfffffe17) auipc   t3, 0xfffff
core   0: 3 0x8000a958 (0xfffffe17) x28 0x80009958
core   0: 0x8000a95c (0x414e0e13) addi    t3, t3, 1044
core   0: 3 0x8000a95c (0x414e0e13) x28 0x80009d6c
core   0: 0x8000a960 (0x000e0067) jr      t3
core   0: 3 0x8000a960 (0x000e0067)
core   0: 0x80009d6c (0x00006f17) auipc   t5, 0x6
core   0: 3 0x80009d6c (0x00006f17) x30 0x8000fd6c
core   0: 0x80009d70 (0x283f2a23) sw      gp, 660(t5)
core   0: 3 0x80009d70 (0x283f2a23) mem 0x80010000 0x00000001
core   0: 0x80009d74 (0xff9ff06f) j       pc - 0x8
core   0: 3 0x80009d74 (0xff9ff06f)
core   0: 0x80009d6c (0x00006f17) auipc   t5, 0x6
core   0: 3 0x80009d6c (0x00006f17) x30 0x8000fd6c
core   0: 0x80009d70 (0x283f2a23) sw      gp, 660(t5)
core   0: 3 0x80009d70 (0x283f2a23) mem 0x80010000 0x00000001
core   0: 0x80009d74 (0xff9ff06f) j       pc - 0x8
core   0: 3 0x80009d74 (0xff9ff06f)
core   0: 0x80009d6c (0x00006f17) auipc   t5, 0x6
core   0: 3 0x80009d6c (0x00006f17) x30 0x8000fd6c
core   0: 0x80009d70 (0x283f2a23) sw      gp, 660(t5)
core   0: 3 0x80009d70 (0x283f2a23) mem 0x80010000 0x00000001
core   0: 0x80009d74 (0xff9ff06f) j       pc - 0x8
core   0: 3 0x80009d74 (0xff9ff06f)
core   0: 0x80009d6c (0x00006f17) auipc   t5, 0x6
core   0: 3 0x80009d6c (0x00006f17) x30 0x8000fd6c
core   0: 0x80009d70 (0x283f2a23) sw      gp, 660(t5)
core   0: 3 0x80009d70 (0x283f2a23) mem 0x80010000 0x00000001
core   0: 0x80009d74 (0xff9ff06f) j       pc - 0x8
core   0: 3 0x80009d74 (0xff9ff06f)
core   0: 0x80009d6c (0x00006f17) auipc   t5, 0x6
core   0: 3 0x80009d6c (0x00006f17) x30 0x8000fd6c
core   0: 0x80009d70 (0x283f2a23) sw      gp, 660(t5)
core   0: 3 0x80009d70 (0x283f2a23) mem 0x80010000 0x00000001
core   0: 0x80009d74 (0xff9ff06f) j       pc - 0x8
core   0: 3 0x80009d74 (0xff9ff06f)
core   0: 0x80009d6c (0x00006f17) auipc   t5, 0x6
core   0: 3 0x80009d6c (0x00006f17) x30 0x8000fd6c
core   0: 0x80009d70 (0x283f2a23) sw      gp, 660(t5)
core   0: 3 0x80009d70 (0x283f2a23) mem 0x80010000 0x00000001
core   0: 0x80009d74 (0xff9ff06f) j       pc - 0x8
core   0: 3 0x80009d74 (0xff9ff06f)
core   0: 0x80009d6c (0x00006f17) auipc   t5, 0x6
core   0: 3 0x80009d6c (0x00006f17) x30 0x8000fd6c
core   0: 0x80009d70 (0x283f2a23) sw      gp, 660(t5)
core   0: 3 0x80009d70 (0x283f2a23) mem 0x80010000 0x00000001
core   0: 0x80009d74 (0xff9ff06f) j       pc - 0x8
core   0: 3 0x80009d74 (0xff9ff06f)
core   0: 0x80009d6c (0x00006f17) auipc   t5, 0x6
core   0: 3 0x80009d6c (0x00006f17) x30 0x8000fd6c
core   0: 0x80009d70 (0x283f2a23) sw      gp, 660(t5)
core   0: 3 0x80009d70 (0x283f2a23) mem 0x80010000 0x00000001
core   0: 0x80009d74 (0xff9ff06f) j       pc - 0x8
core   0: 3 0x80009d74 (0xff9ff06f)
core   0: 0x80009d6c (0x00006f17) auipc   t5, 0x6
core   0: 3 0x80009d6c (0x00006f17) x30 0x8000fd6c
core   0: 0x80009d70 (0x283f2a23) sw      gp, 660(t5)
core   0: 3 0x80009d70 (0x283f2a23) mem 0x80010000 0x00000001
core   0: 0x80009d74 (0xff9ff06f) j       pc - 0x8
core   0: 3 0x80009d74 (0xff9ff06f)
core   0: 0x80009d6c (0x00006f17) auipc   t5, 0x6
core   0: 3 0x80009d6c (0x00006f17) x30 0x8000fd6c
core   0: 0x80009d70 (0x283f2a23) sw      gp, 660(t5)
core   0: 3 0x80009d70 (0x283f2a23) mem 0x80010000 0x00000001
core   0: 0x80009d74 (0xff9ff06f) j       pc - 0x8
core   0: 3 0x80009d74 (0xff9ff06f)
core   0: 0x80009d6c (0x00006f17) auipc   t5, 0x6
core   0: 3 0x80009d6c (0x00006f17) x30 0x8000fd6c
core   0: 0x80009d70 (0x283f2a23) sw      gp, 660(t5)
core   0: 3 0x80009d70 (0x283f2a23) mem 0x80010000 0x00000001
core   0: 0x80009d74 (0xff9ff06f) j       pc - 0x8
core   0: 3 0x80009d74 (0xff9ff06f)
core   0: 0x80009d6c (0x00006f17) auipc   t5, 0x6
core   0: 3 0x80009d6c (0x00006f17) x30 0x8000fd6c
core   0: 0x80009d70 (0x283f2a23) sw      gp, 660(t5)
core   0: 3 0x80009d70 (0x283f2a23) mem 0x80010000 0x00000001
core   0: 0x80009d74 (0xff9ff06f) j       pc - 0x8
core   0: 3 0x80009d74 (0xff9ff06f)
core   0: 0x80009d6c (0x00006f17) auipc   t5, 0x6
core   0: 3 0x80009d6c (0x00006f17) x30 0x8000fd6c
core   0: 0x80009d70 (0x283f2a23) sw      gp, 660(t5)
core   0: 3 0x80009d70 (0x283f2a23) mem 0x80010000 0x00000001
core   0: 0x80009d74 (0xff9ff06f) j       pc - 0x8
core   0: 3 0x80009d74 (0xff9ff06f)
core   0: 0x80009d6c (0x00006f17) auipc   t5, 0x6
core   0: 3 0x80009d6c (0x00006f17) x30 0x8000fd6c
core   0: 0x80009d70 (0x283f2a23) sw      gp, 660(t5)
core   0: 3 0x80009d70 (0x283f2a23) mem 0x80010000 0x00000001
core   0: 0x80009d74 (0xff9ff06f) j       pc - 0x8
core   0: 3 0x80009d74 (0xff9ff06f)
core   0: 0x80009d6c (0x00006f17) auipc   t5, 0x6
core   0: 3 0x80009d6c (0x00006f17) x30 0x8000fd6c
core   0: 0x80009d70 (0x283f2a23) sw      gp, 660(t5)
core   0: 3 0x80009d70 (0x283f2a23) mem 0x80010000 0x00000001
core   0: 0x80009d74 (0xff9ff06f) j       pc - 0x8
core   0: 3 0x80009d74 (0xff9ff06f)
core   0: 0x80009d6c (0x00006f17) auipc   t5, 0x6
core   0: 3 0x80009d6c (0x00006f17) x30 0x8000fd6c
core   0: 0x80009d70 (0x283f2a23) sw      gp, 660(t5)
core   0: 3 0x80009d70 (0x283f2a23) mem 0x80010000 0x00000001
core   0: 0x80009d74 (0xff9ff06f) j       pc - 0x8
core   0: 3 0x80009d74 (0xff9ff06f)
core   0: 0x80009d6c (0x00006f17) auipc   t5, 0x6
core   0: 3 0x80009d6c (0x00006f17) x30 0x8000fd6c
core   0: 0x80009d70 (0x283f2a23) sw      gp, 660(t5)
core   0: 3 0x80009d70 (0x283f2a23) mem 0x80010000 0x00000001
core   0: 0x80009d74 (0xff9ff06f) j       pc - 0x8
core   0: 3 0x80009d74 (0xff9ff06f)
core   0: 0x80009d6c (0x00006f17) auipc   t5, 0x6
core   0: 3 0x80009d6c (0x00006f17) x30 0x8000fd6c
core   0: 0x80009d70 (0x283f2a23) sw      gp, 660(t5)
core   0: 3 0x80009d70 (0x283f2a23) mem 0x80010000 0x00000001
core   0: 0x80009d74 (0xff9ff06f) j       pc - 0x8
core   0: 3 0x80009d74 (0xff9ff06f)
core   0: 0x80009d6c (0x00006f17) auipc   t5, 0x6
core   0: 3 0x80009d6c (0x00006f17) x30 0x8000fd6c
core   0: 0x80009d70 (0x283f2a23) sw      gp, 660(t5)
core   0: 3 0x80009d70 (0x283f2a23) mem 0x80010000 0x00000001
core   0: 0x80009d74 (0xff9ff06f) j       pc - 0x8
core   0: 3 0x80009d74 (0xff9ff06f)
core   0: 0x80009d6c (0x00006f17) auipc   t5, 0x6
core   0: 3 0x80009d6c (0x00006f17) x30 0x8000fd6c
core   0: 0x80009d70 (0x283f2a23) sw      gp, 660(t5)
core   0: 3 0x80009d70 (0x283f2a23) mem 0x80010000 0x00000001
core   0: 0x80009d74 (0xff9ff06f) j       pc - 0x8
core   0: 3 0x80009d74 (0xff9ff06f)
core   0: 0x80009d6c (0x00006f17) auipc   t5, 0x6
core   0: 3 0x80009d6c (0x00006f17) x30 0x8000fd6c
core   0: 0x80009d70 (0x283f2a23) sw      gp, 660(t5)
core   0: 3 0x80009d70 (0x283f2a23) mem 0x80010000 0x00000001
core   0: 0x80009d74 (0xff9ff06f) j       pc - 0x8
core   0: 3 0x80009d74 (0xff9ff06f)
core   0: 0x80009d6c (0x00006f17) auipc   t5, 0x6
core   0: 3 0x80009d6c (0x00006f17) x30 0x8000fd6c
core   0: 0x80009d70 (0x283f2a23) sw      gp, 660(t5)
core   0: 3 0x80009d70 (0x283f2a23) mem 0x80010000 0x00000001
core   0: 0x80009d74 (0xff9ff06f) j       pc - 0x8
core   0: 3 0x80009d74 (0xff9ff06f)
core   0: 0x80009d6c (0x00006f17) auipc   t5, 0x6
core   0: 3 0x80009d6c (0x00006f17) x30 0x8000fd6c
core   0: 0x80009d70 (0x283f2a23) sw      gp, 660(t5)
core   0: 3 0x80009d70 (0x283f2a23) mem 0x80010000 0x00000001
core   0: 0x80009d74 (0xff9ff06f) j       pc - 0x8
core   0: 3 0x80009d74 (0xff9ff06f)
core   0: 0x80009d6c (0x00006f17) auipc   t5, 0x6
core   0: 3 0x80009d6c (0x00006f17) x30 0x8000fd6c
core   0: 0x80009d70 (0x283f2a23) sw      gp, 660(t5)
core   0: 3 0x80009d70 (0x283f2a23) mem 0x80010000 0x00000001
core   0: 0x80009d74 (0xff9ff06f) j       pc - 0x8
core   0: 3 0x80009d74 (0xff9ff06f)
core   0: 0x80009d6c (0x00006f17) auipc   t5, 0x6
core   0: 3 0x80009d6c (0x00006f17) x30 0x8000fd6c
core   0: 0x80009d70 (0x283f2a23) sw      gp, 660(t5)
core   0: 3 0x80009d70 (0x283f2a23) mem 0x80010000 0x00000001
core   0: 0x80009d74 (0xff9ff06f) j       pc - 0x8
core   0: 3 0x80009d74 (0xff9ff06f)
core   0: 0x80009d6c (0x00006f17) auipc   t5, 0x6
core   0: 3 0x80009d6c (0x00006f17) x30 0x8000fd6c
core   0: 0x80009d70 (0x283f2a23) sw      gp, 660(t5)
core   0: 3 0x80009d70 (0x283f2a23) mem 0x80010000 0x00000001
core   0: 0x80009d74 (0xff9ff06f) j       pc - 0x8
core   0: 3 0x80009d74 (0xff9ff06f)
core   0: 0x80009d6c (0x00006f17) auipc   t5, 0x6
core   0: 3 0x80009d6c (0x00006f17) x30 0x8000fd6c
core   0: 0x80009d70 (0x283f2a23) sw      gp, 660(t5)
core   0: 3 0x80009d70 (0x283f2a23) mem 0x80010000 0x00000001
core   0: 0x80009d74 (0xff9ff06f) j       pc - 0x8
core   0: 3 0x80009d74 (0xff9ff06f)
core   0: 0x80009d6c (0x00006f17) auipc   t5, 0x6
core   0: 3 0x80009d6c (0x00006f17) x30 0x8000fd6c
core   0: 0x80009d70 (0x283f2a23) sw      gp, 660(t5)
core   0: 3 0x80009d70 (0x283f2a23) mem 0x80010000 0x00000001
core   0: 0x80009d74 (0xff9ff06f) j       pc - 0x8
core   0: 3 0x80009d74 (0xff9ff06f)
core   0: 0x80009d6c (0x00006f17) auipc   t5, 0x6
core   0: 3 0x80009d6c (0x00006f17) x30 0x8000fd6c
core   0: 0x80009d70 (0x283f2a23) sw      gp, 660(t5)
core   0: 3 0x80009d70 (0x283f2a23) mem 0x80010000 0x00000001
core   0: 0x80009d74 (0xff9ff06f) j       pc - 0x8
core   0: 3 0x80009d74 (0xff9ff06f)
core   0: 0x80009d6c (0x00006f17) auipc   t5, 0x6
core   0: 3 0x80009d6c (0x00006f17) x30 0x8000fd6c
core   0: 0x80009d70 (0x283f2a23) sw      gp, 660(t5)
core   0: 3 0x80009d70 (0x283f2a23) mem 0x80010000 0x00000001
core   0: 0x80009d74 (0xff9ff06f) j       pc - 0x8
core   0: 3 0x80009d74 (0xff9ff06f)
core   0: 0x80009d6c (0x00006f17) auipc   t5, 0x6
core   0: 3 0x80009d6c (0x00006f17) x30 0x8000fd6c
core   0: 0x80009d70 (0x283f2a23) sw      gp, 660(t5)
core   0: 3 0x80009d70 (0x283f2a23) mem 0x80010000 0x00000001
core   0: 0x80009d74 (0xff9ff06f) j       pc - 0x8
core   0: 3 0x80009d74 (0xff9ff06f)
core   0: 0x80009d6c (0x00006f17) auipc   t5, 0x6
core   0: 3 0x80009d6c (0x00006f17) x30 0x8000fd6c
core   0: 0x80009d70 (0x283f2a23) sw      gp, 660(t5)
core   0: 3 0x80009d70 (0x283f2a23) mem 0x80010000 0x00000001
core   0: 0x80009d74 (0xff9ff06f) j       pc - 0x8
core   0: 3 0x80009d74 (0xff9ff06f)
core   0: 0x80009d6c (0x00006f17) auipc   t5, 0x6
core   0: 3 0x80009d6c (0x00006f17) x30 0x8000fd6c
core   0: 0x80009d70 (0x283f2a23) sw      gp, 660(t5)
core   0: 3 0x80009d70 (0x283f2a23) mem 0x80010000 0x00000001
core   0: 0x80009d74 (0xff9ff06f) j       pc - 0x8
core   0: 3 0x80009d74 (0xff9ff06f)
core   0: 0x80009d6c (0x00006f17) auipc   t5, 0x6
core   0: 3 0x80009d6c (0x00006f17) x30 0x8000fd6c
core   0: 0x80009d70 (0x283f2a23) sw      gp, 660(t5)
core   0: 3 0x80009d70 (0x283f2a23) mem 0x80010000 0x00000001
core   0: 0x80009d74 (0xff9ff06f) j       pc - 0x8
core   0: 3 0x80009d74 (0xff9ff06f)
core   0: 0x80009d6c (0x00006f17) auipc   t5, 0x6
core   0: 3 0x80009d6c (0x00006f17) x30 0x8000fd6c
core   0: 0x80009d70 (0x283f2a23) sw      gp, 660(t5)
core   0: 3 0x80009d70 (0x283f2a23) mem 0x80010000 0x00000001
core   0: 0x80009d74 (0xff9ff06f) j       pc - 0x8
core   0: 3 0x80009d74 (0xff9ff06f)
core   0: 0x80009d6c (0x00006f17) auipc   t5, 0x6
core   0: 3 0x80009d6c (0x00006f17) x30 0x8000fd6c
core   0: 0x80009d70 (0x283f2a23) sw      gp, 660(t5)
core   0: 3 0x80009d70 (0x283f2a23) mem 0x80010000 0x00000001
core   0: 0x80009d74 (0xff9ff06f) j       pc - 0x8
core   0: 3 0x80009d74 (0xff9ff06f)
core   0: 0x80009d6c (0x00006f17) auipc   t5, 0x6
core   0: 3 0x80009d6c (0x00006f17) x30 0x8000fd6c
core   0: 0x80009d70 (0x283f2a23) sw      gp, 660(t5)
core   0: 3 0x80009d70 (0x283f2a23) mem 0x80010000 0x00000001
core   0: 0x80009d74 (0xff9ff06f) j       pc - 0x8
core   0: 3 0x80009d74 (0xff9ff06f)
core   0: 0x80009d6c (0x00006f17) auipc   t5, 0x6
core   0: 3 0x80009d6c (0x00006f17) x30 0x8000fd6c
core   0: 0x80009d70 (0x283f2a23) sw      gp, 660(t5)
core   0: 3 0x80009d70 (0x283f2a23) mem 0x80010000 0x00000001
core   0: 0x80009d74 (0xff9ff06f) j       pc - 0x8
core   0: 3 0x80009d74 (0xff9ff06f)
core   0: 0x80009d6c (0x00006f17) auipc   t5, 0x6
core   0: 3 0x80009d6c (0x00006f17) x30 0x8000fd6c
core   0: 0x80009d70 (0x283f2a23) sw      gp, 660(t5)
core   0: 3 0x80009d70 (0x283f2a23) mem 0x80010000 0x00000001
core   0: 0x80009d74 (0xff9ff06f) j       pc - 0x8
core   0: 3 0x80009d74 (0xff9ff06f)
core   0: 0x80009d6c (0x00006f17) auipc   t5, 0x6
core   0: 3 0x80009d6c (0x00006f17) x30 0x8000fd6c
core   0: 0x80009d70 (0x283f2a23) sw      gp, 660(t5)
core   0: 3 0x80009d70 (0x283f2a23) mem 0x80010000 0x00000001
core   0: 0x80009d74 (0xff9ff06f) j       pc - 0x8
core   0: 3 0x80009d74 (0xff9ff06f)
core   0: 0x80009d6c (0x00006f17) auipc   t5, 0x6
core   0: 3 0x80009d6c (0x00006f17) x30 0x8000fd6c
core   0: 0x80009d70 (0x283f2a23) sw      gp, 660(t5)
core   0: 3 0x80009d70 (0x283f2a23) mem 0x80010000 0x00000001
core   0: 0x80009d74 (0xff9ff06f) j       pc - 0x8
core   0: 3 0x80009d74 (0xff9ff06f)
core   0: 0x80009d6c (0x00006f17) auipc   t5, 0x6
core   0: 3 0x80009d6c (0x00006f17) x30 0x8000fd6c
core   0: 0x80009d70 (0x283f2a23) sw      gp, 660(t5)
core   0: 3 0x80009d70 (0x283f2a23) mem 0x80010000 0x00000001
core   0: 0x80009d74 (0xff9ff06f) j       pc - 0x8
core   0: 3 0x80009d74 (0xff9ff06f)
core   0: 0x80009d6c (0x00006f17) auipc   t5, 0x6
core   0: 3 0x80009d6c (0x00006f17) x30 0x8000fd6c
core   0: 0x80009d70 (0x283f2a23) sw      gp, 660(t5)
core   0: 3 0x80009d70 (0x283f2a23) mem 0x80010000 0x00000001
core   0: 0x80009d74 (0xff9ff06f) j       pc - 0x8
core   0: 3 0x80009d74 (0xff9ff06f)
core   0: 0x80009d6c (0x00006f17) auipc   t5, 0x6
core   0: 3 0x80009d6c (0x00006f17) x30 0x8000fd6c
core   0: 0x80009d70 (0x283f2a23) sw      gp, 660(t5)
core   0: 3 0x80009d70 (0x283f2a23) mem 0x80010000 0x00000001
core   0: 0x80009d74 (0xff9ff06f) j       pc - 0x8
core   0: 3 0x80009d74 (0xff9ff06f)
core   0: 0x80009d6c (0x00006f17) auipc   t5, 0x6
core   0: 3 0x80009d6c (0x00006f17) x30 0x8000fd6c
core   0: 0x80009d70 (0x283f2a23) sw      gp, 660(t5)
core   0: 3 0x80009d70 (0x283f2a23) mem 0x80010000 0x00000001
core   0: 0x80009d74 (0xff9ff06f) j       pc - 0x8
core   0: 3 0x80009d74 (0xff9ff06f)
core   0: 0x80009d6c (0x00006f17) auipc   t5, 0x6
core   0: 3 0x80009d6c (0x00006f17) x30 0x8000fd6c
core   0: 0x80009d70 (0x283f2a23) sw      gp, 660(t5)
core   0: 3 0x80009d70 (0x283f2a23) mem 0x80010000 0x00000001
core   0: 0x80009d74 (0xff9ff06f) j       pc - 0x8
core   0: 3 0x80009d74 (0xff9ff06f)
core   0: 0x80009d6c (0x00006f17) auipc   t5, 0x6
core   0: 3 0x80009d6c (0x00006f17) x30 0x8000fd6c
core   0: 0x80009d70 (0x283f2a23) sw      gp, 660(t5)
core   0: 3 0x80009d70 (0x283f2a23) mem 0x80010000 0x00000001
core   0: 0x80009d74 (0xff9ff06f) j       pc - 0x8
core   0: 3 0x80009d74 (0xff9ff06f)
core   0: 0x80009d6c (0x00006f17) auipc   t5, 0x6
core   0: 3 0x80009d6c (0x00006f17) x30 0x8000fd6c
core   0: 0x80009d70 (0x283f2a23) sw      gp, 660(t5)
core   0: 3 0x80009d70 (0x283f2a23) mem 0x80010000 0x00000001
core   0: 0x80009d74 (0xff9ff06f) j       pc - 0x8
core   0: 3 0x80009d74 (0xff9ff06f)
core   0: 0x80009d6c (0x00006f17) auipc   t5, 0x6
core   0: 3 0x80009d6c (0x00006f17) x30 0x8000fd6c
core   0: 0x80009d70 (0x283f2a23) sw      gp, 660(t5)
core   0: 3 0x80009d70 (0x283f2a23) mem 0x80010000 0x00000001
core   0: 0x80009d74 (0xff9ff06f) j       pc - 0x8
core   0: 3 0x80009d74 (0xff9ff06f)
core   0: 0x80009d6c (0x00006f17) auipc   t5, 0x6
core   0: 3 0x80009d6c (0x00006f17) x30 0x8000fd6c
core   0: 0x80009d70 (0x283f2a23) sw      gp, 660(t5)
core   0: 3 0x80009d70 (0x283f2a23) mem 0x80010000 0x00000001
core   0: 0x80009d74 (0xff9ff06f) j       pc - 0x8
core   0: 3 0x80009d74 (0xff9ff06f)
core   0: 0x80009d6c (0x00006f17) auipc   t5, 0x6
core   0: 3 0x80009d6c (0x00006f17) x30 0x8000fd6c
core   0: 0x80009d70 (0x283f2a23) sw      gp, 660(t5)
core   0: 3 0x80009d70 (0x283f2a23) mem 0x80010000 0x00000001
core   0: 0x80009d74 (0xff9ff06f) j       pc - 0x8
core   0: 3 0x80009d74 (0xff9ff06f)
core   0: 0x80009d6c (0x00006f17) auipc   t5, 0x6
core   0: 3 0x80009d6c (0x00006f17) x30 0x8000fd6c
core   0: 0x80009d70 (0x283f2a23) sw      gp, 660(t5)
core   0: 3 0x80009d70 (0x283f2a23) mem 0x80010000 0x00000001
core   0: 0x80009d74 (0xff9ff06f) j       pc - 0x8
core   0: 3 0x80009d74 (0xff9ff06f)
core   0: 0x80009d6c (0x00006f17) auipc   t5, 0x6
core   0: 3 0x80009d6c (0x00006f17) x30 0x8000fd6c
core   0: 0x80009d70 (0x283f2a23) sw      gp, 660(t5)
core   0: 3 0x80009d70 (0x283f2a23) mem 0x80010000 0x00000001
core   0: 0x80009d74 (0xff9ff06f) j       pc - 0x8
core   0: 3 0x80009d74 (0xff9ff06f)
core   0: 0x80009d6c (0x00006f17) auipc   t5, 0x6
core   0: 3 0x80009d6c (0x00006f17) x30 0x8000fd6c
core   0: 0x80009d70 (0x283f2a23) sw      gp, 660(t5)
core   0: 3 0x80009d70 (0x283f2a23) mem 0x80010000 0x00000001
core   0: 0x80009d74 (0xff9ff06f) j       pc - 0x8
core   0: 3 0x80009d74 (0xff9ff06f)
core   0: 0x80009d6c (0x00006f17) auipc   t5, 0x6
core   0: 3 0x80009d6c (0x00006f17) x30 0x8000fd6c
core   0: 0x80009d70 (0x283f2a23) sw      gp, 660(t5)
core   0: 3 0x80009d70 (0x283f2a23) mem 0x80010000 0x00000001
core   0: 0x80009d74 (0xff9ff06f) j       pc - 0x8
core   0: 3 0x80009d74 (0xff9ff06f)
core   0: 0x80009d6c (0x00006f17) auipc   t5, 0x6
core   0: 3 0x80009d6c (0x00006f17) x30 0x8000fd6c
core   0: 0x80009d70 (0x283f2a23) sw      gp, 660(t5)
core   0: 3 0x80009d70 (0x283f2a23) mem 0x80010000 0x00000001
core   0: 0x80009d74 (0xff9ff06f) j       pc - 0x8
core   0: 3 0x80009d74 (0xff9ff06f)
core   0: 0x80009d6c (0x00006f17) auipc   t5, 0x6
core   0: 3 0x80009d6c (0x00006f17) x30 0x8000fd6c
core   0: 0x80009d70 (0x283f2a23) sw      gp, 660(t5)
core   0: 3 0x80009d70 (0x283f2a23) mem 0x80010000 0x00000001
core   0: 0x80009d74 (0xff9ff06f) j       pc - 0x8
core   0: 3 0x80009d74 (0xff9ff06f)
core   0: 0x80009d6c (0x00006f17) auipc   t5, 0x6
core   0: 3 0x80009d6c (0x00006f17) x30 0x8000fd6c
core   0: 0x80009d70 (0x283f2a23) sw      gp, 660(t5)
core   0: 3 0x80009d70 (0x283f2a23) mem 0x80010000 0x00000001
core   0: 0x80009d74 (0xff9ff06f) j       pc - 0x8
core   0: 3 0x80009d74 (0xff9ff06f)
core   0: 0x80009d6c (0x00006f17) auipc   t5, 0x6
core   0: 3 0x80009d6c (0x00006f17) x30 0x8000fd6c
core   0: 0x80009d70 (0x283f2a23) sw      gp, 660(t5)
core   0: 3 0x80009d70 (0x283f2a23) mem 0x80010000 0x00000001
core   0: 0x80009d74 (0xff9ff06f) j       pc - 0x8
core   0: 3 0x80009d74 (0xff9ff06f)
core   0: 0x80009d6c (0x00006f17) auipc   t5, 0x6
core   0: 3 0x80009d6c (0x00006f17) x30 0x8000fd6c
core   0: 0x80009d70 (0x283f2a23) sw      gp, 660(t5)
core   0: 3 0x80009d70 (0x283f2a23) mem 0x80010000 0x00000001
core   0: 0x80009d74 (0xff9ff06f) j       pc - 0x8
core   0: 3 0x80009d74 (0xff9ff06f)
core   0: 0x80009d6c (0x00006f17) auipc   t5, 0x6
core   0: 3 0x80009d6c (0x00006f17) x30 0x8000fd6c
core   0: 0x80009d70 (0x283f2a23) sw      gp, 660(t5)
core   0: 3 0x80009d70 (0x283f2a23) mem 0x80010000 0x00000001
core   0: 0x80009d74 (0xff9ff06f) j       pc - 0x8
core   0: 3 0x80009d74 (0xff9ff06f)
core   0: 0x80009d6c (0x00006f17) auipc   t5, 0x6
core   0: 3 0x80009d6c (0x00006f17) x30 0x8000fd6c
core   0: 0x80009d70 (0x283f2a23) sw      gp, 660(t5)
core   0: 3 0x80009d70 (0x283f2a23) mem 0x80010000 0x00000001
core   0: 0x80009d74 (0xff9ff06f) j       pc - 0x8
core   0: 3 0x80009d74 (0xff9ff06f)
core   0: 0x80009d6c (0x00006f17) auipc   t5, 0x6
core   0: 3 0x80009d6c (0x00006f17) x30 0x8000fd6c
core   0: 0x80009d70 (0x283f2a23) sw      gp, 660(t5)
core   0: 3 0x80009d70 (0x283f2a23) mem 0x80010000 0x00000001
core   0: 0x80009d74 (0xff9ff06f) j       pc - 0x8
core   0: 3 0x80009d74 (0xff9ff06f)
core   0: 0x80009d6c (0x00006f17) auipc   t5, 0x6
core   0: 3 0x80009d6c (0x00006f17) x30 0x8000fd6c
core   0: 0x80009d70 (0x283f2a23) sw      gp, 660(t5)
core   0: 3 0x80009d70 (0x283f2a23) mem 0x80010000 0x00000001
core   0: 0x80009d74 (0xff9ff06f) j       pc - 0x8
core   0: 3 0x80009d74 (0xff9ff06f)
core   0: 0x80009d6c (0x00006f17) auipc   t5, 0x6
core   0: 3 0x80009d6c (0x00006f17) x30 0x8000fd6c
core   0: 0x80009d70 (0x283f2a23) sw      gp, 660(t5)
core   0: 3 0x80009d70 (0x283f2a23) mem 0x80010000 0x00000001
core   0: 0x80009d74 (0xff9ff06f) j       pc - 0x8
core   0: 3 0x80009d74 (0xff9ff06f)
core   0: 0x80009d6c (0x00006f17) auipc   t5, 0x6
core   0: 3 0x80009d6c (0x00006f17) x30 0x8000fd6c
core   0: 0x80009d70 (0x283f2a23) sw      gp, 660(t5)
core   0: 3 0x80009d70 (0x283f2a23) mem 0x80010000 0x00000001
core   0: 0x80009d74 (0xff9ff06f) j       pc - 0x8
core   0: 3 0x80009d74 (0xff9ff06f)
core   0: 0x80009d6c (0x00006f17) auipc   t5, 0x6
core   0: 3 0x80009d6c (0x00006f17) x30 0x8000fd6c
core   0: 0x80009d70 (0x283f2a23) sw      gp, 660(t5)
core   0: 3 0x80009d70 (0x283f2a23) mem 0x80010000 0x00000001
core   0: 0x80009d74 (0xff9ff06f) j       pc - 0x8
core   0: 3 0x80009d74 (0xff9ff06f)
core   0: 0x80009d6c (0x00006f17) auipc   t5, 0x6
core   0: 3 0x80009d6c (0x00006f17) x30 0x8000fd6c
core   0: 0x80009d70 (0x283f2a23) sw      gp, 660(t5)
core   0: 3 0x80009d70 (0x283f2a23) mem 0x80010000 0x00000001
core   0: 0x80009d74 (0xff9ff06f) j       pc - 0x8
core   0: 3 0x80009d74 (0xff9ff06f)
core   0: 0x80009d6c (0x00006f17) auipc   t5, 0x6
core   0: 3 0x80009d6c (0x00006f17) x30 0x8000fd6c
core   0: 0x80009d70 (0x283f2a23) sw      gp, 660(t5)
core   0: 3 0x80009d70 (0x283f2a23) mem 0x80010000 0x00000001
core   0: 0x80009d74 (0xff9ff06f) j       pc - 0x8
core   0: 3 0x80009d74 (0xff9ff06f)
core   0: 0x80009d6c (0x00006f17) auipc   t5, 0x6
core   0: 3 0x80009d6c (0x00006f17) x30 0x8000fd6c
core   0: 0x80009d70 (0x283f2a23) sw      gp, 660(t5)
core   0: 3 0x80009d70 (0x283f2a23) mem 0x80010000 0x00000001
core   0: 0x80009d74 (0xff9ff06f) j       pc - 0x8
core   0: 3 0x80009d74 (0xff9ff06f)
core   0: 0x80009d6c (0x00006f17) auipc   t5, 0x6
core   0: 3 0x80009d6c (0x00006f17) x30 0x8000fd6c
core   0: 0x80009d70 (0x283f2a23) sw      gp, 660(t5)
core   0: 3 0x80009d70 (0x283f2a23) mem 0x80010000 0x00000001
core   0: 0x80009d74 (0xff9ff06f) j       pc - 0x8
core   0: 3 0x80009d74 (0xff9ff06f)
core   0: 0x80009d6c (0x00006f17) auipc   t5, 0x6
core   0: 3 0x80009d6c (0x00006f17) x30 0x8000fd6c
core   0: 0x80009d70 (0x283f2a23) sw      gp, 660(t5)
core   0: 3 0x80009d70 (0x283f2a23) mem 0x80010000 0x00000001
core   0: 0x80009d74 (0xff9ff06f) j       pc - 0x8
core   0: 3 0x80009d74 (0xff9ff06f)
core   0: 0x80009d6c (0x00006f17) auipc   t5, 0x6
core   0: 3 0x80009d6c (0x00006f17) x30 0x8000fd6c
core   0: 0x80009d70 (0x283f2a23) sw      gp, 660(t5)
core   0: 3 0x80009d70 (0x283f2a23) mem 0x80010000 0x00000001
core   0: 0x80009d74 (0xff9ff06f) j       pc - 0x8
core   0: 3 0x80009d74 (0xff9ff06f)
core   0: 0x80009d6c (0x00006f17) auipc   t5, 0x6
core   0: 3 0x80009d6c (0x00006f17) x30 0x8000fd6c
core   0: 0x80009d70 (0x283f2a23) sw      gp, 660(t5)
core   0: 3 0x80009d70 (0x283f2a23) mem 0x80010000 0x00000001
core   0: 0x80009d74 (0xff9ff06f) j       pc - 0x8
core   0: 3 0x80009d74 (0xff9ff06f)
core   0: 0x80009d6c (0x00006f17) auipc   t5, 0x6
core   0: 3 0x80009d6c (0x00006f17) x30 0x8000fd6c
core   0: 0x80009d70 (0x283f2a23) sw      gp, 660(t5)
core   0: 3 0x80009d70 (0x283f2a23) mem 0x80010000 0x00000001
core   0: 0x80009d74 (0xff9ff06f) j       pc - 0x8
core   0: 3 0x80009d74 (0xff9ff06f)
core   0: 0x80009d6c (0x00006f17) auipc   t5, 0x6
core   0: 3 0x80009d6c (0x00006f17) x30 0x8000fd6c
core   0: 0x80009d70 (0x283f2a23) sw      gp, 660(t5)
core   0: 3 0x80009d70 (0x283f2a23) mem 0x80010000 0x00000001
core   0: 0x80009d74 (0xff9ff06f) j       pc - 0x8
core   0: 3 0x80009d74 (0xff9ff06f)
core   0: 0x80009d6c (0x00006f17) auipc   t5, 0x6
core   0: 3 0x80009d6c (0x00006f17) x30 0x8000fd6c
core   0: 0x80009d70 (0x283f2a23) sw      gp, 660(t5)
core   0: 3 0x80009d70 (0x283f2a23) mem 0x80010000 0x00000001
core   0: 0x80009d74 (0xff9ff06f) j       pc - 0x8
core   0: 3 0x80009d74 (0xff9ff06f)
core   0: 0x80009d6c (0x00006f17) auipc   t5, 0x6
core   0: 3 0x80009d6c (0x00006f17) x30 0x8000fd6c
core   0: 0x80009d70 (0x283f2a23) sw      gp, 660(t5)
core   0: 3 0x80009d70 (0x283f2a23) mem 0x80010000 0x00000001
core   0: 0x80009d74 (0xff9ff06f) j       pc - 0x8
core   0: 3 0x80009d74 (0xff9ff06f)
core   0: 0x80009d6c (0x00006f17) auipc   t5, 0x6
core   0: 3 0x80009d6c (0x00006f17) x30 0x8000fd6c
core   0: 0x80009d70 (0x283f2a23) sw      gp, 660(t5)
core   0: 3 0x80009d70 (0x283f2a23) mem 0x80010000 0x00000001
core   0: 0x80009d74 (0xff9ff06f) j       pc - 0x8
core   0: 3 0x80009d74 (0xff9ff06f)
core   0: 0x80009d6c (0x00006f17) auipc   t5, 0x6
core   0: 3 0x80009d6c (0x00006f17) x30 0x8000fd6c
core   0: 0x80009d70 (0x283f2a23) sw      gp, 660(t5)
core   0: 3 0x80009d70 (0x283f2a23) mem 0x80010000 0x00000001
core   0: 0x80009d74 (0xff9ff06f) j       pc - 0x8
core   0: 3 0x80009d74 (0xff9ff06f)
core   0: 0x80009d6c (0x00006f17) auipc   t5, 0x6
core   0: 3 0x80009d6c (0x00006f17) x30 0x8000fd6c
core   0: 0x80009d70 (0x283f2a23) sw      gp, 660(t5)
core   0: 3 0x80009d70 (0x283f2a23) mem 0x80010000 0x00000001
core   0: 0x80009d74 (0xff9ff06f) j       pc - 0x8
core   0: 3 0x80009d74 (0xff9ff06f)
core   0: 0x80009d6c (0x00006f17) auipc   t5, 0x6
core   0: 3 0x80009d6c (0x00006f17) x30 0x8000fd6c
core   0: 0x80009d70 (0x283f2a23) sw      gp, 660(t5)
core   0: 3 0x80009d70 (0x283f2a23) mem 0x80010000 0x00000001
core   0: 0x80009d74 (0xff9ff06f) j       pc - 0x8
core   0: 3 0x80009d74 (0xff9ff06f)
core   0: 0x80009d6c (0x00006f17) auipc   t5, 0x6
core   0: 3 0x80009d6c (0x00006f17) x30 0x8000fd6c
core   0: 0x80009d70 (0x283f2a23) sw      gp, 660(t5)
core   0: 3 0x80009d70 (0x283f2a23) mem 0x80010000 0x00000001
core   0: 0x80009d74 (0xff9ff06f) j       pc - 0x8
core   0: 3 0x80009d74 (0xff9ff06f)
core   0: 0x80009d6c (0x00006f17) auipc   t5, 0x6
core   0: 3 0x80009d6c (0x00006f17) x30 0x8000fd6c
core   0: 0x80009d70 (0x283f2a23) sw      gp, 660(t5)
core   0: 3 0x80009d70 (0x283f2a23) mem 0x80010000 0x00000001
core   0: 0x80009d74 (0xff9ff06f) j       pc - 0x8
core   0: 3 0x80009d74 (0xff9ff06f)
core   0: 0x80009d6c (0x00006f17) auipc   t5, 0x6
core   0: 3 0x80009d6c (0x00006f17) x30 0x8000fd6c
core   0: 0x80009d70 (0x283f2a23) sw      gp, 660(t5)
core   0: 3 0x80009d70 (0x283f2a23) mem 0x80010000 0x00000001
core   0: 0x80009d74 (0xff9ff06f) j       pc - 0x8
core   0: 3 0x80009d74 (0xff9ff06f)
core   0: 0x80009d6c (0x00006f17) auipc   t5, 0x6
core   0: 3 0x80009d6c (0x00006f17) x30 0x8000fd6c
core   0: 0x80009d70 (0x283f2a23) sw      gp, 660(t5)
core   0: 3 0x80009d70 (0x283f2a23) mem 0x80010000 0x00000001
core   0: 0x80009d74 (0xff9ff06f) j       pc - 0x8
core   0: 3 0x80009d74 (0xff9ff06f)
core   0: 0x80009d6c (0x00006f17) auipc   t5, 0x6
core   0: 3 0x80009d6c (0x00006f17) x30 0x8000fd6c
core   0: 0x80009d70 (0x283f2a23) sw      gp, 660(t5)
core   0: 3 0x80009d70 (0x283f2a23) mem 0x80010000 0x00000001
core   0: 0x80009d74 (0xff9ff06f) j       pc - 0x8
core   0: 3 0x80009d74 (0xff9ff06f)
core   0: 0x80009d6c (0x00006f17) auipc   t5, 0x6
core   0: 3 0x80009d6c (0x00006f17) x30 0x8000fd6c
core   0: 0x80009d70 (0x283f2a23) sw      gp, 660(t5)
core   0: 3 0x80009d70 (0x283f2a23) mem 0x80010000 0x00000001
core   0: 0x80009d74 (0xff9ff06f) j       pc - 0x8
core   0: 3 0x80009d74 (0xff9ff06f)
core   0: 0x80009d6c (0x00006f17) auipc   t5, 0x6
core   0: 3 0x80009d6c (0x00006f17) x30 0x8000fd6c
core   0: 0x80009d70 (0x283f2a23) sw      gp, 660(t5)
core   0: 3 0x80009d70 (0x283f2a23) mem 0x80010000 0x00000001
core   0: 0x80009d74 (0xff9ff06f) j       pc - 0x8
core   0: 3 0x80009d74 (0xff9ff06f)
core   0: 0x80009d6c (0x00006f17) auipc   t5, 0x6
core   0: 3 0x80009d6c (0x00006f17) x30 0x8000fd6c
core   0: 0x80009d70 (0x283f2a23) sw      gp, 660(t5)
core   0: 3 0x80009d70 (0x283f2a23) mem 0x80010000 0x00000001
core   0: 0x80009d74 (0xff9ff06f) j       pc - 0x8
core   0: 3 0x80009d74 (0xff9ff06f)
core   0: 0x80009d6c (0x00006f17) auipc   t5, 0x6
core   0: 3 0x80009d6c (0x00006f17) x30 0x8000fd6c
core   0: 0x80009d70 (0x283f2a23) sw      gp, 660(t5)
core   0: 3 0x80009d70 (0x283f2a23) mem 0x80010000 0x00000001
core   0: 0x80009d74 (0xff9ff06f) j       pc - 0x8
core   0: 3 0x80009d74 (0xff9ff06f)
core   0: 0x80009d6c (0x00006f17) auipc   t5, 0x6
core   0: 3 0x80009d6c (0x00006f17) x30 0x8000fd6c
core   0: 0x80009d70 (0x283f2a23) sw      gp, 660(t5)
core   0: 3 0x80009d70 (0x283f2a23) mem 0x80010000 0x00000001
core   0: 0x80009d74 (0xff9ff06f) j       pc - 0x8
core   0: 3 0x80009d74 (0xff9ff06f)
core   0: 0x80009d6c (0x00006f17) auipc   t5, 0x6
core   0: 3 0x80009d6c (0x00006f17) x30 0x8000fd6c
core   0: 0x80009d70 (0x283f2a23) sw      gp, 660(t5)
core   0: 3 0x80009d70 (0x283f2a23) mem 0x80010000 0x00000001
core   0: 0x80009d74 (0xff9ff06f) j       pc - 0x8
core   0: 3 0x80009d74 (0xff9ff06f)
core   0: 0x80009d6c (0x00006f17) auipc   t5, 0x6
core   0: 3 0x80009d6c (0x00006f17) x30 0x8000fd6c
core   0: 0x80009d70 (0x283f2a23) sw      gp, 660(t5)
core   0: 3 0x80009d70 (0x283f2a23) mem 0x80010000 0x00000001
core   0: 0x80009d74 (0xff9ff06f) j       pc - 0x8
core   0: 3 0x80009d74 (0xff9ff06f)
core   0: 0x80009d6c (0x00006f17) auipc   t5, 0x6
core   0: 3 0x80009d6c (0x00006f17) x30 0x8000fd6c
core   0: 0x80009d70 (0x283f2a23) sw      gp, 660(t5)
core   0: 3 0x80009d70 (0x283f2a23) mem 0x80010000 0x00000001
core   0: 0x80009d74 (0xff9ff06f) j       pc - 0x8
core   0: 3 0x80009d74 (0xff9ff06f)
core   0: 0x80009d6c (0x00006f17) auipc   t5, 0x6
core   0: 3 0x80009d6c (0x00006f17) x30 0x8000fd6c
core   0: 0x80009d70 (0x283f2a23) sw      gp, 660(t5)
core   0: 3 0x80009d70 (0x283f2a23) mem 0x80010000 0x00000001
core   0: 0x80009d74 (0xff9ff06f) j       pc - 0x8
core   0: 3 0x80009d74 (0xff9ff06f)
core   0: 0x80009d6c (0x00006f17) auipc   t5, 0x6
core   0: 3 0x80009d6c (0x00006f17) x30 0x8000fd6c
core   0: 0x80009d70 (0x283f2a23) sw      gp, 660(t5)
core   0: 3 0x80009d70 (0x283f2a23) mem 0x80010000 0x00000001
core   0: 0x80009d74 (0xff9ff06f) j       pc - 0x8
core   0: 3 0x80009d74 (0xff9ff06f)
core   0: 0x80009d6c (0x00006f17) auipc   t5, 0x6
core   0: 3 0x80009d6c (0x00006f17) x30 0x8000fd6c
core   0: 0x80009d70 (0x283f2a23) sw      gp, 660(t5)
core   0: 3 0x80009d70 (0x283f2a23) mem 0x80010000 0x00000001
core   0: 0x80009d74 (0xff9ff06f) j       pc - 0x8
core   0: 3 0x80009d74 (0xff9ff06f)
core   0: 0x80009d6c (0x00006f17) auipc   t5, 0x6
core   0: 3 0x80009d6c (0x00006f17) x30 0x8000fd6c
core   0: 0x80009d70 (0x283f2a23) sw      gp, 660(t5)
core   0: 3 0x80009d70 (0x283f2a23) mem 0x80010000 0x00000001
core   0: 0x80009d74 (0xff9ff06f) j       pc - 0x8
core   0: 3 0x80009d74 (0xff9ff06f)
core   0: 0x80009d6c (0x00006f17) auipc   t5, 0x6
core   0: 3 0x80009d6c (0x00006f17) x30 0x8000fd6c
core   0: 0x80009d70 (0x283f2a23) sw      gp, 660(t5)
core   0: 3 0x80009d70 (0x283f2a23) mem 0x80010000 0x00000001
core   0: 0x80009d74 (0xff9ff06f) j       pc - 0x8
core   0: 3 0x80009d74 (0xff9ff06f)
core   0: 0x80009d6c (0x00006f17) auipc   t5, 0x6
core   0: 3 0x80009d6c (0x00006f17) x30 0x8000fd6c
core   0: 0x80009d70 (0x283f2a23) sw      gp, 660(t5)
core   0: 3 0x80009d70 (0x283f2a23) mem 0x80010000 0x00000001
core   0: 0x80009d74 (0xff9ff06f) j       pc - 0x8
core   0: 3 0x80009d74 (0xff9ff06f)
core   0: 0x80009d6c (0x00006f17) auipc   t5, 0x6
core   0: 3 0x80009d6c (0x00006f17) x30 0x8000fd6c
core   0: 0x80009d70 (0x283f2a23) sw      gp, 660(t5)
core   0: 3 0x80009d70 (0x283f2a23) mem 0x80010000 0x00000001
core   0: 0x80009d74 (0xff9ff06f) j       pc - 0x8
core   0: 3 0x80009d74 (0xff9ff06f)
core   0: 0x80009d6c (0x00006f17) auipc   t5, 0x6
core   0: 3 0x80009d6c (0x00006f17) x30 0x8000fd6c
core   0: 0x80009d70 (0x283f2a23) sw      gp, 660(t5)
core   0: 3 0x80009d70 (0x283f2a23) mem 0x80010000 0x00000001
core   0: 0x80009d74 (0xff9ff06f) j       pc - 0x8
core   0: 3 0x80009d74 (0xff9ff06f)
core   0: 0x80009d6c (0x00006f17) auipc   t5, 0x6
core   0: 3 0x80009d6c (0x00006f17) x30 0x8000fd6c
core   0: 0x80009d70 (0x283f2a23) sw      gp, 660(t5)
core   0: 3 0x80009d70 (0x283f2a23) mem 0x80010000 0x00000001
core   0: 0x80009d74 (0xff9ff06f) j       pc - 0x8
core   0: 3 0x80009d74 (0xff9ff06f)
core   0: 0x80009d6c (0x00006f17) auipc   t5, 0x6
core   0: 3 0x80009d6c (0x00006f17) x30 0x8000fd6c
core   0: 0x80009d70 (0x283f2a23) sw      gp, 660(t5)
core   0: 3 0x80009d70 (0x283f2a23) mem 0x80010000 0x00000001
core   0: 0x80009d74 (0xff9ff06f) j       pc - 0x8
core   0: 3 0x80009d74 (0xff9ff06f)
core   0: 0x80009d6c (0x00006f17) auipc   t5, 0x6
core   0: 3 0x80009d6c (0x00006f17) x30 0x8000fd6c
core   0: 0x80009d70 (0x283f2a23) sw      gp, 660(t5)
core   0: 3 0x80009d70 (0x283f2a23) mem 0x80010000 0x00000001
core   0: 0x80009d74 (0xff9ff06f) j       pc - 0x8
core   0: 3 0x80009d74 (0xff9ff06f)
core   0: 0x80009d6c (0x00006f17) auipc   t5, 0x6
core   0: 3 0x80009d6c (0x00006f17) x30 0x8000fd6c
core   0: 0x80009d70 (0x283f2a23) sw      gp, 660(t5)
core   0: 3 0x80009d70 (0x283f2a23) mem 0x80010000 0x00000001
core   0: 0x80009d74 (0xff9ff06f) j       pc - 0x8
core   0: 3 0x80009d74 (0xff9ff06f)
core   0: 0x80009d6c (0x00006f17) auipc   t5, 0x6
core   0: 3 0x80009d6c (0x00006f17) x30 0x8000fd6c
core   0: 0x80009d70 (0x283f2a23) sw      gp, 660(t5)
core   0: 3 0x80009d70 (0x283f2a23) mem 0x80010000 0x00000001
core   0: 0x80009d74 (0xff9ff06f) j       pc - 0x8
core   0: 3 0x80009d74 (0xff9ff06f)
core   0: 0x80009d6c (0x00006f17) auipc   t5, 0x6
core   0: 3 0x80009d6c (0x00006f17) x30 0x8000fd6c
core   0: 0x80009d70 (0x283f2a23) sw      gp, 660(t5)
core   0: 3 0x80009d70 (0x283f2a23) mem 0x80010000 0x00000001
core   0: 0x80009d74 (0xff9ff06f) j       pc - 0x8
core   0: 3 0x80009d74 (0xff9ff06f)
core   0: 0x80009d6c (0x00006f17) auipc   t5, 0x6
core   0: 3 0x80009d6c (0x00006f17) x30 0x8000fd6c
core   0: 0x80009d70 (0x283f2a23) sw      gp, 660(t5)
core   0: 3 0x80009d70 (0x283f2a23) mem 0x80010000 0x00000001
core   0: 0x80009d74 (0xff9ff06f) j       pc - 0x8
core   0: 3 0x80009d74 (0xff9ff06f)
core   0: 0x80009d6c (0x00006f17) auipc   t5, 0x6
core   0: 3 0x80009d6c (0x00006f17) x30 0x8000fd6c
core   0: 0x80009d70 (0x283f2a23) sw      gp, 660(t5)
core   0: 3 0x80009d70 (0x283f2a23) mem 0x80010000 0x00000001
core   0: 0x80009d74 (0xff9ff06f) j       pc - 0x8
core   0: 3 0x80009d74 (0xff9ff06f)
core   0: 0x80009d6c (0x00006f17) auipc   t5, 0x6
core   0: 3 0x80009d6c (0x00006f17) x30 0x8000fd6c
core   0: 0x80009d70 (0x283f2a23) sw      gp, 660(t5)
core   0: 3 0x80009d70 (0x283f2a23) mem 0x80010000 0x00000001
core   0: 0x80009d74 (0xff9ff06f) j       pc - 0x8
core   0: 3 0x80009d74 (0xff9ff06f)
core   0: 0x80009d6c (0x00006f17) auipc   t5, 0x6
core   0: 3 0x80009d6c (0x00006f17) x30 0x8000fd6c
core   0: 0x80009d70 (0x283f2a23) sw      gp, 660(t5)
core   0: 3 0x80009d70 (0x283f2a23) mem 0x80010000 0x00000001
core   0: 0x80009d74 (0xff9ff06f) j       pc - 0x8
core   0: 3 0x80009d74 (0xff9ff06f)
core   0: 0x80009d6c (0x00006f17) auipc   t5, 0x6
core   0: 3 0x80009d6c (0x00006f17) x30 0x8000fd6c
core   0: 0x80009d70 (0x283f2a23) sw      gp, 660(t5)
core   0: 3 0x80009d70 (0x283f2a23) mem 0x80010000 0x00000001
core   0: 0x80009d74 (0xff9ff06f) j       pc - 0x8
core   0: 3 0x80009d74 (0xff9ff06f)
core   0: 0x80009d6c (0x00006f17) auipc   t5, 0x6
core   0: 3 0x80009d6c (0x00006f17) x30 0x8000fd6c
core   0: 0x80009d70 (0x283f2a23) sw      gp, 660(t5)
core   0: 3 0x80009d70 (0x283f2a23) mem 0x80010000 0x00000001
core   0: 0x80009d74 (0xff9ff06f) j       pc - 0x8
core   0: 3 0x80009d74 (0xff9ff06f)
core   0: 0x80009d6c (0x00006f17) auipc   t5, 0x6
core   0: 3 0x80009d6c (0x00006f17) x30 0x8000fd6c
core   0: 0x80009d70 (0x283f2a23) sw      gp, 660(t5)
core   0: 3 0x80009d70 (0x283f2a23) mem 0x80010000 0x00000001
core   0: 0x80009d74 (0xff9ff06f) j       pc - 0x8
core   0: 3 0x80009d74 (0xff9ff06f)
core   0: 0x80009d6c (0x00006f17) auipc   t5, 0x6
core   0: 3 0x80009d6c (0x00006f17) x30 0x8000fd6c
core   0: 0x80009d70 (0x283f2a23) sw      gp, 660(t5)
core   0: 3 0x80009d70 (0x283f2a23) mem 0x80010000 0x00000001
core   0: 0x80009d74 (0xff9ff06f) j       pc - 0x8
core   0: 3 0x80009d74 (0xff9ff06f)
core   0: 0x80009d6c (0x00006f17) auipc   t5, 0x6
core   0: 3 0x80009d6c (0x00006f17) x30 0x8000fd6c
core   0: 0x80009d70 (0x283f2a23) sw      gp, 660(t5)
core   0: 3 0x80009d70 (0x283f2a23) mem 0x80010000 0x00000001
core   0: 0x80009d74 (0xff9ff06f) j       pc - 0x8
core   0: 3 0x80009d74 (0xff9ff06f)
core   0: 0x80009d6c (0x00006f17) auipc   t5, 0x6
core   0: 3 0x80009d6c (0x00006f17) x30 0x8000fd6c
core   0: 0x80009d70 (0x283f2a23) sw      gp, 660(t5)
core   0: 3 0x80009d70 (0x283f2a23) mem 0x80010000 0x00000001
core   0: 0x80009d74 (0xff9ff06f) j       pc - 0x8
core   0: 3 0x80009d74 (0xff9ff06f)
core   0: 0x80009d6c (0x00006f17) auipc   t5, 0x6
core   0: 3 0x80009d6c (0x00006f17) x30 0x8000fd6c
core   0: 0x80009d70 (0x283f2a23) sw      gp, 660(t5)
core   0: 3 0x80009d70 (0x283f2a23) mem 0x80010000 0x00000001
core   0: 0x80009d74 (0xff9ff06f) j       pc - 0x8
core   0: 3 0x80009d74 (0xff9ff06f)
core   0: 0x80009d6c (0x00006f17) auipc   t5, 0x6
core   0: 3 0x80009d6c (0x00006f17) x30 0x8000fd6c
core   0: 0x80009d70 (0x283f2a23) sw      gp, 660(t5)
core   0: 3 0x80009d70 (0x283f2a23) mem 0x80010000 0x00000001
core   0: 0x80009d74 (0xff9ff06f) j       pc - 0x8
core   0: 3 0x80009d74 (0xff9ff06f)
core   0: 0x80009d6c (0x00006f17) auipc   t5, 0x6
core   0: 3 0x80009d6c (0x00006f17) x30 0x8000fd6c
core   0: 0x80009d70 (0x283f2a23) sw      gp, 660(t5)
core   0: 3 0x80009d70 (0x283f2a23) mem 0x80010000 0x00000001
core   0: 0x80009d74 (0xff9ff06f) j       pc - 0x8
core   0: 3 0x80009d74 (0xff9ff06f)
core   0: 0x80009d6c (0x00006f17) auipc   t5, 0x6
core   0: 3 0x80009d6c (0x00006f17) x30 0x8000fd6c
core   0: 0x80009d70 (0x283f2a23) sw      gp, 660(t5)
core   0: 3 0x80009d70 (0x283f2a23) mem 0x80010000 0x00000001
core   0: 0x80009d74 (0xff9ff06f) j       pc - 0x8
core   0: 3 0x80009d74 (0xff9ff06f)
core   0: 0x80009d6c (0x00006f17) auipc   t5, 0x6
core   0: 3 0x80009d6c (0x00006f17) x30 0x8000fd6c
core   0: 0x80009d70 (0x283f2a23) sw      gp, 660(t5)
core   0: 3 0x80009d70 (0x283f2a23) mem 0x80010000 0x00000001
core   0: 0x80009d74 (0xff9ff06f) j       pc - 0x8
core   0: 3 0x80009d74 (0xff9ff06f)
core   0: 0x80009d6c (0x00006f17) auipc   t5, 0x6
core   0: 3 0x80009d6c (0x00006f17) x30 0x8000fd6c
core   0: 0x80009d70 (0x283f2a23) sw      gp, 660(t5)
core   0: 3 0x80009d70 (0x283f2a23) mem 0x80010000 0x00000001
core   0: 0x80009d74 (0xff9ff06f) j       pc - 0x8
core   0: 3 0x80009d74 (0xff9ff06f)
core   0: 0x80009d6c (0x00006f17) auipc   t5, 0x6
core   0: 3 0x80009d6c (0x00006f17) x30 0x8000fd6c
core   0: 0x80009d70 (0x283f2a23) sw      gp, 660(t5)
core   0: 3 0x80009d70 (0x283f2a23) mem 0x80010000 0x00000001
core   0: 0x80009d74 (0xff9ff06f) j       pc - 0x8
core   0: 3 0x80009d74 (0xff9ff06f)
core   0: 0x80009d6c (0x00006f17) auipc   t5, 0x6
core   0: 3 0x80009d6c (0x00006f17) x30 0x8000fd6c
core   0: 0x80009d70 (0x283f2a23) sw      gp, 660(t5)
core   0: 3 0x80009d70 (0x283f2a23) mem 0x80010000 0x00000001
core   0: 0x80009d74 (0xff9ff06f) j       pc - 0x8
core   0: 3 0x80009d74 (0xff9ff06f)
core   0: 0x80009d6c (0x00006f17) auipc   t5, 0x6
core   0: 3 0x80009d6c (0x00006f17) x30 0x8000fd6c
core   0: 0x80009d70 (0x283f2a23) sw      gp, 660(t5)
core   0: 3 0x80009d70 (0x283f2a23) mem 0x80010000 0x00000001
core   0: 0x80009d74 (0xff9ff06f) j       pc - 0x8
core   0: 3 0x80009d74 (0xff9ff06f)
core   0: 0x80009d6c (0x00006f17) auipc   t5, 0x6
core   0: 3 0x80009d6c (0x00006f17) x30 0x8000fd6c
core   0: 0x80009d70 (0x283f2a23) sw      gp, 660(t5)
core   0: 3 0x80009d70 (0x283f2a23) mem 0x80010000 0x00000001
core   0: 0x80009d74 (0xff9ff06f) j       pc - 0x8
core   0: 3 0x80009d74 (0xff9ff06f)
core   0: 0x80009d6c (0x00006f17) auipc   t5, 0x6
core   0: 3 0x80009d6c (0x00006f17) x30 0x8000fd6c
core   0: 0x80009d70 (0x283f2a23) sw      gp, 660(t5)
core   0: 3 0x80009d70 (0x283f2a23) mem 0x80010000 0x00000001
core   0: 0x80009d74 (0xff9ff06f) j       pc - 0x8
core   0: 3 0x80009d74 (0xff9ff06f)
core   0: 0x80009d6c (0x00006f17) auipc   t5, 0x6
core   0: 3 0x80009d6c (0x00006f17) x30 0x8000fd6c
core   0: 0x80009d70 (0x283f2a23) sw      gp, 660(t5)
core   0: 3 0x80009d70 (0x283f2a23) mem 0x80010000 0x00000001
core   0: 0x80009d74 (0xff9ff06f) j       pc - 0x8
core   0: 3 0x80009d74 (0xff9ff06f)
core   0: 0x80009d6c (0x00006f17) auipc   t5, 0x6
core   0: 3 0x80009d6c (0x00006f17) x30 0x8000fd6c
core   0: 0x80009d70 (0x283f2a23) sw      gp, 660(t5)
core   0: 3 0x80009d70 (0x283f2a23) mem 0x80010000 0x00000001
core   0: 0x80009d74 (0xff9ff06f) j       pc - 0x8
core   0: 3 0x80009d74 (0xff9ff06f)
core   0: 0x80009d6c (0x00006f17) auipc   t5, 0x6
core   0: 3 0x80009d6c (0x00006f17) x30 0x8000fd6c
core   0: 0x80009d70 (0x283f2a23) sw      gp, 660(t5)
core   0: 3 0x80009d70 (0x283f2a23) mem 0x80010000 0x00000001
core   0: 0x80009d74 (0xff9ff06f) j       pc - 0x8
core   0: 3 0x80009d74 (0xff9ff06f)
core   0: 0x80009d6c (0x00006f17) auipc   t5, 0x6
core   0: 3 0x80009d6c (0x00006f17) x30 0x8000fd6c
core   0: 0x80009d70 (0x283f2a23) sw      gp, 660(t5)
core   0: 3 0x80009d70 (0x283f2a23) mem 0x80010000 0x00000001
core   0: 0x80009d74 (0xff9ff06f) j       pc - 0x8
core   0: 3 0x80009d74 (0xff9ff06f)
core   0: 0x80009d6c (0x00006f17) auipc   t5, 0x6
core   0: 3 0x80009d6c (0x00006f17) x30 0x8000fd6c
core   0: 0x80009d70 (0x283f2a23) sw      gp, 660(t5)
core   0: 3 0x80009d70 (0x283f2a23) mem 0x80010000 0x00000001
core   0: 0x80009d74 (0xff9ff06f) j       pc - 0x8
core   0: 3 0x80009d74 (0xff9ff06f)
core   0: 0x80009d6c (0x00006f17) auipc   t5, 0x6
core   0: 3 0x80009d6c (0x00006f17) x30 0x8000fd6c
core   0: 0x80009d70 (0x283f2a23) sw      gp, 660(t5)
core   0: 3 0x80009d70 (0x283f2a23) mem 0x80010000 0x00000001
core   0: 0x80009d74 (0xff9ff06f) j       pc - 0x8
core   0: 3 0x80009d74 (0xff9ff06f)
core   0: 0x80009d6c (0x00006f17) auipc   t5, 0x6
core   0: 3 0x80009d6c (0x00006f17) x30 0x8000fd6c
core   0: 0x80009d70 (0x283f2a23) sw      gp, 660(t5)
core   0: 3 0x80009d70 (0x283f2a23) mem 0x80010000 0x00000001
core   0: 0x80009d74 (0xff9ff06f) j       pc - 0x8
core   0: 3 0x80009d74 (0xff9ff06f)
core   0: 0x80009d6c (0x00006f17) auipc   t5, 0x6
core   0: 3 0x80009d6c (0x00006f17) x30 0x8000fd6c
core   0: 0x80009d70 (0x283f2a23) sw      gp, 660(t5)
core   0: 3 0x80009d70 (0x283f2a23) mem 0x80010000 0x00000001
core   0: 0x80009d74 (0xff9ff06f) j       pc - 0x8
core   0: 3 0x80009d74 (0xff9ff06f)
core   0: 0x80009d6c (0x00006f17) auipc   t5, 0x6
core   0: 3 0x80009d6c (0x00006f17) x30 0x8000fd6c
core   0: 0x80009d70 (0x283f2a23) sw      gp, 660(t5)
core   0: 3 0x80009d70 (0x283f2a23) mem 0x80010000 0x00000001
core   0: 0x80009d74 (0xff9ff06f) j       pc - 0x8
core   0: 3 0x80009d74 (0xff9ff06f)
core   0: 0x80009d6c (0x00006f17) auipc   t5, 0x6
core   0: 3 0x80009d6c (0x00006f17) x30 0x8000fd6c
core   0: 0x80009d70 (0x283f2a23) sw      gp, 660(t5)
core   0: 3 0x80009d70 (0x283f2a23) mem 0x80010000 0x00000001
core   0: 0x80009d74 (0xff9ff06f) j       pc - 0x8
core   0: 3 0x80009d74 (0xff9ff06f)
core   0: 0x80009d6c (0x00006f17) auipc   t5, 0x6
core   0: 3 0x80009d6c (0x00006f17) x30 0x8000fd6c
core   0: 0x80009d70 (0x283f2a23) sw      gp, 660(t5)
core   0: 3 0x80009d70 (0x283f2a23) mem 0x80010000 0x00000001
core   0: 0x80009d74 (0xff9ff06f) j       pc - 0x8
core   0: 3 0x80009d74 (0xff9ff06f)
core   0: 0x80009d6c (0x00006f17) auipc   t5, 0x6
core   0: 3 0x80009d6c (0x00006f17) x30 0x8000fd6c
core   0: 0x80009d70 (0x283f2a23) sw      gp, 660(t5)
core   0: 3 0x80009d70 (0x283f2a23) mem 0x80010000 0x00000001
core   0: 0x80009d74 (0xff9ff06f) j       pc - 0x8
core   0: 3 0x80009d74 (0xff9ff06f)
core   0: 0x80009d6c (0x00006f17) auipc   t5, 0x6
core   0: 3 0x80009d6c (0x00006f17) x30 0x8000fd6c
core   0: 0x80009d70 (0x283f2a23) sw      gp, 660(t5)
core   0: 3 0x80009d70 (0x283f2a23) mem 0x80010000 0x00000001
core   0: 0x80009d74 (0xff9ff06f) j       pc - 0x8
core   0: 3 0x80009d74 (0xff9ff06f)
core   0: 0x80009d6c (0x00006f17) auipc   t5, 0x6
core   0: 3 0x80009d6c (0x00006f17) x30 0x8000fd6c
core   0: 0x80009d70 (0x283f2a23) sw      gp, 660(t5)
core   0: 3 0x80009d70 (0x283f2a23) mem 0x80010000 0x00000001
core   0: 0x80009d74 (0xff9ff06f) j       pc - 0x8
core   0: 3 0x80009d74 (0xff9ff06f)
core   0: 0x80009d6c (0x00006f17) auipc   t5, 0x6
core   0: 3 0x80009d6c (0x00006f17) x30 0x8000fd6c
core   0: 0x80009d70 (0x283f2a23) sw      gp, 660(t5)
core   0: 3 0x80009d70 (0x283f2a23) mem 0x80010000 0x00000001
core   0: 0x80009d74 (0xff9ff06f) j       pc - 0x8
core   0: 3 0x80009d74 (0xff9ff06f)
core   0: 0x80009d6c (0x00006f17) auipc   t5, 0x6
core   0: 3 0x80009d6c (0x00006f17) x30 0x8000fd6c
core   0: 0x80009d70 (0x283f2a23) sw      gp, 660(t5)
core   0: 3 0x80009d70 (0x283f2a23) mem 0x80010000 0x00000001
core   0: 0x80009d74 (0xff9ff06f) j       pc - 0x8
core   0: 3 0x80009d74 (0xff9ff06f)
core   0: 0x80009d6c (0x00006f17) auipc   t5, 0x6
core   0: 3 0x80009d6c (0x00006f17) x30 0x8000fd6c
core   0: 0x80009d70 (0x283f2a23) sw      gp, 660(t5)
core   0: 3 0x80009d70 (0x283f2a23) mem 0x80010000 0x00000001
core   0: 0x80009d74 (0xff9ff06f) j       pc - 0x8
core   0: 3 0x80009d74 (0xff9ff06f)
core   0: 0x80009d6c (0x00006f17) auipc   t5, 0x6
core   0: 3 0x80009d6c (0x00006f17) x30 0x8000fd6c
core   0: 0x80009d70 (0x283f2a23) sw      gp, 660(t5)
core   0: 3 0x80009d70 (0x283f2a23) mem 0x80010000 0x00000001
core   0: 0x80009d74 (0xff9ff06f) j       pc - 0x8
core   0: 3 0x80009d74 (0xff9ff06f)
core   0: 0x80009d6c (0x00006f17) auipc   t5, 0x6
core   0: 3 0x80009d6c (0x00006f17) x30 0x8000fd6c
core   0: 0x80009d70 (0x283f2a23) sw      gp, 660(t5)
core   0: 3 0x80009d70 (0x283f2a23) mem 0x80010000 0x00000001
core   0: 0x80009d74 (0xff9ff06f) j       pc - 0x8
core   0: 3 0x80009d74 (0xff9ff06f)
core   0: 0x80009d6c (0x00006f17) auipc   t5, 0x6
core   0: 3 0x80009d6c (0x00006f17) x30 0x8000fd6c
core   0: 0x80009d70 (0x283f2a23) sw      gp, 660(t5)
core   0: 3 0x80009d70 (0x283f2a23) mem 0x80010000 0x00000001
core   0: 0x80009d74 (0xff9ff06f) j       pc - 0x8
core   0: 3 0x80009d74 (0xff9ff06f)
core   0: 0x80009d6c (0x00006f17) auipc   t5, 0x6
core   0: 3 0x80009d6c (0x00006f17) x30 0x8000fd6c
core   0: 0x80009d70 (0x283f2a23) sw      gp, 660(t5)
core   0: 3 0x80009d70 (0x283f2a23) mem 0x80010000 0x00000001
core   0: 0x80009d74 (0xff9ff06f) j       pc - 0x8
core   0: 3 0x80009d74 (0xff9ff06f)
core   0: 0x80009d6c (0x00006f17) auipc   t5, 0x6
core   0: 3 0x80009d6c (0x00006f17) x30 0x8000fd6c
core   0: 0x80009d70 (0x283f2a23) sw      gp, 660(t5)
core   0: 3 0x80009d70 (0x283f2a23) mem 0x80010000 0x00000001
core   0: 0x80009d74 (0xff9ff06f) j       pc - 0x8
core   0: 3 0x80009d74 (0xff9ff06f)
core   0: 0x80009d6c (0x00006f17) auipc   t5, 0x6
core   0: 3 0x80009d6c (0x00006f17) x30 0x8000fd6c
core   0: 0x80009d70 (0x283f2a23) sw      gp, 660(t5)
core   0: 3 0x80009d70 (0x283f2a23) mem 0x80010000 0x00000001
core   0: 0x80009d74 (0xff9ff06f) j       pc - 0x8
core   0: 3 0x80009d74 (0xff9ff06f)
core   0: 0x80009d6c (0x00006f17) auipc   t5, 0x6
core   0: 3 0x80009d6c (0x00006f17) x30 0x8000fd6c
core   0: 0x80009d70 (0x283f2a23) sw      gp, 660(t5)
core   0: 3 0x80009d70 (0x283f2a23) mem 0x80010000 0x00000001
core   0: 0x80009d74 (0xff9ff06f) j       pc - 0x8
core   0: 3 0x80009d74 (0xff9ff06f)
core   0: 0x80009d6c (0x00006f17) auipc   t5, 0x6
core   0: 3 0x80009d6c (0x00006f17) x30 0x8000fd6c
core   0: 0x80009d70 (0x283f2a23) sw      gp, 660(t5)
core   0: 3 0x80009d70 (0x283f2a23) mem 0x80010000 0x00000001
core   0: 0x80009d74 (0xff9ff06f) j       pc - 0x8
core   0: 3 0x80009d74 (0xff9ff06f)
core   0: 0x80009d6c (0x00006f17) auipc   t5, 0x6
core   0: 3 0x80009d6c (0x00006f17) x30 0x8000fd6c
core   0: 0x80009d70 (0x283f2a23) sw      gp, 660(t5)
core   0: 3 0x80009d70 (0x283f2a23) mem 0x80010000 0x00000001
core   0: 0x80009d74 (0xff9ff06f) j       pc - 0x8
core   0: 3 0x80009d74 (0xff9ff06f)
core   0: 0x80009d6c (0x00006f17) auipc   t5, 0x6
core   0: 3 0x80009d6c (0x00006f17) x30 0x8000fd6c
core   0: 0x80009d70 (0x283f2a23) sw      gp, 660(t5)
core   0: 3 0x80009d70 (0x283f2a23) mem 0x80010000 0x00000001
core   0: 0x80009d74 (0xff9ff06f) j       pc - 0x8
core   0: 3 0x80009d74 (0xff9ff06f)
core   0: 0x80009d6c (0x00006f17) auipc   t5, 0x6
core   0: 3 0x80009d6c (0x00006f17) x30 0x8000fd6c
core   0: 0x80009d70 (0x283f2a23) sw      gp, 660(t5)
core   0: 3 0x80009d70 (0x283f2a23) mem 0x80010000 0x00000001
core   0: 0x80009d74 (0xff9ff06f) j       pc - 0x8
core   0: 3 0x80009d74 (0xff9ff06f)
core   0: 0x80009d6c (0x00006f17) auipc   t5, 0x6
core   0: 3 0x80009d6c (0x00006f17) x30 0x8000fd6c
core   0: 0x80009d70 (0x283f2a23) sw      gp, 660(t5)
core   0: 3 0x80009d70 (0x283f2a23) mem 0x80010000 0x00000001
core   0: 0x80009d74 (0xff9ff06f) j       pc - 0x8
core   0: 3 0x80009d74 (0xff9ff06f)
core   0: 0x80009d6c (0x00006f17) auipc   t5, 0x6
core   0: 3 0x80009d6c (0x00006f17) x30 0x8000fd6c
core   0: 0x80009d70 (0x283f2a23) sw      gp, 660(t5)
core   0: 3 0x80009d70 (0x283f2a23) mem 0x80010000 0x00000001
core   0: 0x80009d74 (0xff9ff06f) j       pc - 0x8
core   0: 3 0x80009d74 (0xff9ff06f)
core   0: 0x80009d6c (0x00006f17) auipc   t5, 0x6
core   0: 3 0x80009d6c (0x00006f17) x30 0x8000fd6c
core   0: 0x80009d70 (0x283f2a23) sw      gp, 660(t5)
core   0: 3 0x80009d70 (0x283f2a23) mem 0x80010000 0x00000001
core   0: 0x80009d74 (0xff9ff06f) j       pc - 0x8
core   0: 3 0x80009d74 (0xff9ff06f)
core   0: 0x80009d6c (0x00006f17) auipc   t5, 0x6
core   0: 3 0x80009d6c (0x00006f17) x30 0x8000fd6c
core   0: 0x80009d70 (0x283f2a23) sw      gp, 660(t5)
core   0: 3 0x80009d70 (0x283f2a23) mem 0x80010000 0x00000001
core   0: 0x80009d74 (0xff9ff06f) j       pc - 0x8
core   0: 3 0x80009d74 (0xff9ff06f)
core   0: 0x80009d6c (0x00006f17) auipc   t5, 0x6
core   0: 3 0x80009d6c (0x00006f17) x30 0x8000fd6c
core   0: 0x80009d70 (0x283f2a23) sw      gp, 660(t5)
core   0: 3 0x80009d70 (0x283f2a23) mem 0x80010000 0x00000001
core   0: 0x80009d74 (0xff9ff06f) j       pc - 0x8
core   0: 3 0x80009d74 (0xff9ff06f)
core   0: 0x80009d6c (0x00006f17) auipc   t5, 0x6
core   0: 3 0x80009d6c (0x00006f17) x30 0x8000fd6c
core   0: 0x80009d70 (0x283f2a23) sw      gp, 660(t5)
core   0: 3 0x80009d70 (0x283f2a23) mem 0x80010000 0x00000001
core   0: 0x80009d74 (0xff9ff06f) j       pc - 0x8
core   0: 3 0x80009d74 (0xff9ff06f)
core   0: 0x80009d6c (0x00006f17) auipc   t5, 0x6
core   0: 3 0x80009d6c (0x00006f17) x30 0x8000fd6c
core   0: 0x80009d70 (0x283f2a23) sw      gp, 660(t5)
core   0: 3 0x80009d70 (0x283f2a23) mem 0x80010000 0x00000001
core   0: 0x80009d74 (0xff9ff06f) j       pc - 0x8
core   0: 3 0x80009d74 (0xff9ff06f)
core   0: 0x80009d6c (0x00006f17) auipc   t5, 0x6
core   0: 3 0x80009d6c (0x00006f17) x30 0x8000fd6c
core   0: 0x80009d70 (0x283f2a23) sw      gp, 660(t5)
core   0: 3 0x80009d70 (0x283f2a23) mem 0x80010000 0x00000001
core   0: 0x80009d74 (0xff9ff06f) j       pc - 0x8
core   0: 3 0x80009d74 (0xff9ff06f)
core   0: 0x80009d6c (0x00006f17) auipc   t5, 0x6
core   0: 3 0x80009d6c (0x00006f17) x30 0x8000fd6c
core   0: 0x80009d70 (0x283f2a23) sw      gp, 660(t5)
core   0: 3 0x80009d70 (0x283f2a23) mem 0x80010000 0x00000001
core   0: 0x80009d74 (0xff9ff06f) j       pc - 0x8
core   0: 3 0x80009d74 (0xff9ff06f)
core   0: 0x80009d6c (0x00006f17) auipc   t5, 0x6
core   0: 3 0x80009d6c (0x00006f17) x30 0x8000fd6c
core   0: 0x80009d70 (0x283f2a23) sw      gp, 660(t5)
core   0: 3 0x80009d70 (0x283f2a23) mem 0x80010000 0x00000001
core   0: 0x80009d74 (0xff9ff06f) j       pc - 0x8
core   0: 3 0x80009d74 (0xff9ff06f)
core   0: 0x80009d6c (0x00006f17) auipc   t5, 0x6
core   0: 3 0x80009d6c (0x00006f17) x30 0x8000fd6c
core   0: 0x80009d70 (0x283f2a23) sw      gp, 660(t5)
core   0: 3 0x80009d70 (0x283f2a23) mem 0x80010000 0x00000001
core   0: 0x80009d74 (0xff9ff06f) j       pc - 0x8
core   0: 3 0x80009d74 (0xff9ff06f)
core   0: 0x80009d6c (0x00006f17) auipc   t5, 0x6
core   0: 3 0x80009d6c (0x00006f17) x30 0x8000fd6c
core   0: 0x80009d70 (0x283f2a23) sw      gp, 660(t5)
core   0: 3 0x80009d70 (0x283f2a23) mem 0x80010000 0x00000001
core   0: 0x80009d74 (0xff9ff06f) j       pc - 0x8
core   0: 3 0x80009d74 (0xff9ff06f)
core   0: 0x80009d6c (0x00006f17) auipc   t5, 0x6
core   0: 3 0x80009d6c (0x00006f17) x30 0x8000fd6c
core   0: 0x80009d70 (0x283f2a23) sw      gp, 660(t5)
core   0: 3 0x80009d70 (0x283f2a23) mem 0x80010000 0x00000001
core   0: 0x80009d74 (0xff9ff06f) j       pc - 0x8
core   0: 3 0x80009d74 (0xff9ff06f)
core   0: 0x80009d6c (0x00006f17) auipc   t5, 0x6
core   0: 3 0x80009d6c (0x00006f17) x30 0x8000fd6c
core   0: 0x80009d70 (0x283f2a23) sw      gp, 660(t5)
core   0: 3 0x80009d70 (0x283f2a23) mem 0x80010000 0x00000001
core   0: 0x80009d74 (0xff9ff06f) j       pc - 0x8
core   0: 3 0x80009d74 (0xff9ff06f)
core   0: 0x80009d6c (0x00006f17) auipc   t5, 0x6
core   0: 3 0x80009d6c (0x00006f17) x30 0x8000fd6c
core   0: 0x80009d70 (0x283f2a23) sw      gp, 660(t5)
core   0: 3 0x80009d70 (0x283f2a23) mem 0x80010000 0x00000001
core   0: 0x80009d74 (0xff9ff06f) j       pc - 0x8
core   0: 3 0x80009d74 (0xff9ff06f)
core   0: 0x80009d6c (0x00006f17) auipc   t5, 0x6
core   0: 3 0x80009d6c (0x00006f17) x30 0x8000fd6c
core   0: 0x80009d70 (0x283f2a23) sw      gp, 660(t5)
core   0: 3 0x80009d70 (0x283f2a23) mem 0x80010000 0x00000001
core   0: 0x80009d74 (0xff9ff06f) j       pc - 0x8
core   0: 3 0x80009d74 (0xff9ff06f)
core   0: 0x80009d6c (0x00006f17) auipc   t5, 0x6
core   0: 3 0x80009d6c (0x00006f17) x30 0x8000fd6c
core   0: 0x80009d70 (0x283f2a23) sw      gp, 660(t5)
core   0: 3 0x80009d70 (0x283f2a23) mem 0x80010000 0x00000001
core   0: 0x80009d74 (0xff9ff06f) j       pc - 0x8
core   0: 3 0x80009d74 (0xff9ff06f)
core   0: 0x80009d6c (0x00006f17) auipc   t5, 0x6
core   0: 3 0x80009d6c (0x00006f17) x30 0x8000fd6c
core   0: 0x80009d70 (0x283f2a23) sw      gp, 660(t5)
core   0: 3 0x80009d70 (0x283f2a23) mem 0x80010000 0x00000001
core   0: 0x80009d74 (0xff9ff06f) j       pc - 0x8
core   0: 3 0x80009d74 (0xff9ff06f)
core   0: 0x80009d6c (0x00006f17) auipc   t5, 0x6
core   0: 3 0x80009d6c (0x00006f17) x30 0x8000fd6c
core   0: 0x80009d70 (0x283f2a23) sw      gp, 660(t5)
core   0: 3 0x80009d70 (0x283f2a23) mem 0x80010000 0x00000001
core   0: 0x80009d74 (0xff9ff06f) j       pc - 0x8
core   0: 3 0x80009d74 (0xff9ff06f)
core   0: 0x80009d6c (0x00006f17) auipc   t5, 0x6
core   0: 3 0x80009d6c (0x00006f17) x30 0x8000fd6c
core   0: 0x80009d70 (0x283f2a23) sw      gp, 660(t5)
core   0: 3 0x80009d70 (0x283f2a23) mem 0x80010000 0x00000001
core   0: 0x80009d74 (0xff9ff06f) j       pc - 0x8
core   0: 3 0x80009d74 (0xff9ff06f)
core   0: 0x80009d6c (0x00006f17) auipc   t5, 0x6
core   0: 3 0x80009d6c (0x00006f17) x30 0x8000fd6c
core   0: 0x80009d70 (0x283f2a23) sw      gp, 660(t5)
core   0: 3 0x80009d70 (0x283f2a23) mem 0x80010000 0x00000001
core   0: 0x80009d74 (0xff9ff06f) j       pc - 0x8
core   0: 3 0x80009d74 (0xff9ff06f)
core   0: 0x80009d6c (0x00006f17) auipc   t5, 0x6
core   0: 3 0x80009d6c (0x00006f17) x30 0x8000fd6c
core   0: 0x80009d70 (0x283f2a23) sw      gp, 660(t5)
core   0: 3 0x80009d70 (0x283f2a23) mem 0x80010000 0x00000001
core   0: 0x80009d74 (0xff9ff06f) j       pc - 0x8
core   0: 3 0x80009d74 (0xff9ff06f)
core   0: 0x80009d6c (0x00006f17) auipc   t5, 0x6
core   0: 3 0x80009d6c (0x00006f17) x30 0x8000fd6c
core   0: 0x80009d70 (0x283f2a23) sw      gp, 660(t5)
core   0: 3 0x80009d70 (0x283f2a23) mem 0x80010000 0x00000001
core   0: 0x80009d74 (0xff9ff06f) j       pc - 0x8
core   0: 3 0x80009d74 (0xff9ff06f)
core   0: 0x80009d6c (0x00006f17) auipc   t5, 0x6
core   0: 3 0x80009d6c (0x00006f17) x30 0x8000fd6c
core   0: 0x80009d70 (0x283f2a23) sw      gp, 660(t5)
core   0: 3 0x80009d70 (0x283f2a23) mem 0x80010000 0x00000001
core   0: 0x80009d74 (0xff9ff06f) j       pc - 0x8
core   0: 3 0x80009d74 (0xff9ff06f)
core   0: 0x80009d6c (0x00006f17) auipc   t5, 0x6
core   0: 3 0x80009d6c (0x00006f17) x30 0x8000fd6c
core   0: 0x80009d70 (0x283f2a23) sw      gp, 660(t5)
core   0: 3 0x80009d70 (0x283f2a23) mem 0x80010000 0x00000001
core   0: 0x80009d74 (0xff9ff06f) j       pc - 0x8
core   0: 3 0x80009d74 (0xff9ff06f)
core   0: 0x80009d6c (0x00006f17) auipc   t5, 0x6
core   0: 3 0x80009d6c (0x00006f17) x30 0x8000fd6c
core   0: 0x80009d70 (0x283f2a23) sw      gp, 660(t5)
core   0: 3 0x80009d70 (0x283f2a23) mem 0x80010000 0x00000001
core   0: 0x80009d74 (0xff9ff06f) j       pc - 0x8
core   0: 3 0x80009d74 (0xff9ff06f)
core   0: 0x80009d6c (0x00006f17) auipc   t5, 0x6
core   0: 3 0x80009d6c (0x00006f17) x30 0x8000fd6c
core   0: 0x80009d70 (0x283f2a23) sw      gp, 660(t5)
core   0: 3 0x80009d70 (0x283f2a23) mem 0x80010000 0x00000001
core   0: 0x80009d74 (0xff9ff06f) j       pc - 0x8
core   0: 3 0x80009d74 (0xff9ff06f)
core   0: 0x80009d6c (0x00006f17) auipc   t5, 0x6
core   0: 3 0x80009d6c (0x00006f17) x30 0x8000fd6c
core   0: 0x80009d70 (0x283f2a23) sw      gp, 660(t5)
core   0: 3 0x80009d70 (0x283f2a23) mem 0x80010000 0x00000001
core   0: 0x80009d74 (0xff9ff06f) j       pc - 0x8
core   0: 3 0x80009d74 (0xff9ff06f)
core   0: 0x80009d6c (0x00006f17) auipc   t5, 0x6
core   0: 3 0x80009d6c (0x00006f17) x30 0x8000fd6c
core   0: 0x80009d70 (0x283f2a23) sw      gp, 660(t5)
core   0: 3 0x80009d70 (0x283f2a23) mem 0x80010000 0x00000001
core   0: 0x80009d74 (0xff9ff06f) j       pc - 0x8
core   0: 3 0x80009d74 (0xff9ff06f)
core   0: 0x80009d6c (0x00006f17) auipc   t5, 0x6
core   0: 3 0x80009d6c (0x00006f17) x30 0x8000fd6c
core   0: 0x80009d70 (0x283f2a23) sw      gp, 660(t5)
core   0: 3 0x80009d70 (0x283f2a23) mem 0x80010000 0x00000001
core   0: 0x80009d74 (0xff9ff06f) j       pc - 0x8
core   0: 3 0x80009d74 (0xff9ff06f)
core   0: 0x80009d6c (0x00006f17) auipc   t5, 0x6
core   0: 3 0x80009d6c (0x00006f17) x30 0x8000fd6c
core   0: 0x80009d70 (0x283f2a23) sw      gp, 660(t5)
core   0: 3 0x80009d70 (0x283f2a23) mem 0x80010000 0x00000001
core   0: 0x80009d74 (0xff9ff06f) j       pc - 0x8
core   0: 3 0x80009d74 (0xff9ff06f)
core   0: 0x80009d6c (0x00006f17) auipc   t5, 0x6
core   0: 3 0x80009d6c (0x00006f17) x30 0x8000fd6c
core   0: 0x80009d70 (0x283f2a23) sw      gp, 660(t5)
core   0: 3 0x80009d70 (0x283f2a23) mem 0x80010000 0x00000001
core   0: 0x80009d74 (0xff9ff06f) j       pc - 0x8
core   0: 3 0x80009d74 (0xff9ff06f)
core   0: 0x80009d6c (0x00006f17) auipc   t5, 0x6
core   0: 3 0x80009d6c (0x00006f17) x30 0x8000fd6c
core   0: 0x80009d70 (0x283f2a23) sw      gp, 660(t5)
core   0: 3 0x80009d70 (0x283f2a23) mem 0x80010000 0x00000001
core   0: 0x80009d74 (0xff9ff06f) j       pc - 0x8
core   0: 3 0x80009d74 (0xff9ff06f)
core   0: 0x80009d6c (0x00006f17) auipc   t5, 0x6
core   0: 3 0x80009d6c (0x00006f17) x30 0x8000fd6c
core   0: 0x80009d70 (0x283f2a23) sw      gp, 660(t5)
core   0: 3 0x80009d70 (0x283f2a23) mem 0x80010000 0x00000001
core   0: 0x80009d74 (0xff9ff06f) j       pc - 0x8
core   0: 3 0x80009d74 (0xff9ff06f)
core   0: 0x80009d6c (0x00006f17) auipc   t5, 0x6
core   0: 3 0x80009d6c (0x00006f17) x30 0x8000fd6c
core   0: 0x80009d70 (0x283f2a23) sw      gp, 660(t5)
core   0: 3 0x80009d70 (0x283f2a23) mem 0x80010000 0x00000001
core   0: 0x80009d74 (0xff9ff06f) j       pc - 0x8
core   0: 3 0x80009d74 (0xff9ff06f)
core   0: 0x80009d6c (0x00006f17) auipc   t5, 0x6
core   0: 3 0x80009d6c (0x00006f17) x30 0x8000fd6c
core   0: 0x80009d70 (0x283f2a23) sw      gp, 660(t5)
core   0: 3 0x80009d70 (0x283f2a23) mem 0x80010000 0x00000001
core   0: 0x80009d74 (0xff9ff06f) j       pc - 0x8
core   0: 3 0x80009d74 (0xff9ff06f)
core   0: 0x80009d6c (0x00006f17) auipc   t5, 0x6
core   0: 3 0x80009d6c (0x00006f17) x30 0x8000fd6c
core   0: 0x80009d70 (0x283f2a23) sw      gp, 660(t5)
core   0: 3 0x80009d70 (0x283f2a23) mem 0x80010000 0x00000001
core   0: 0x80009d74 (0xff9ff06f) j       pc - 0x8
core   0: 3 0x80009d74 (0xff9ff06f)
core   0: 0x80009d6c (0x00006f17) auipc   t5, 0x6
core   0: 3 0x80009d6c (0x00006f17) x30 0x8000fd6c
core   0: 0x80009d70 (0x283f2a23) sw      gp, 660(t5)
core   0: 3 0x80009d70 (0x283f2a23) mem 0x80010000 0x00000001
core   0: 0x80009d74 (0xff9ff06f) j       pc - 0x8
core   0: 3 0x80009d74 (0xff9ff06f)
core   0: 0x80009d6c (0x00006f17) auipc   t5, 0x6
core   0: 3 0x80009d6c (0x00006f17) x30 0x8000fd6c
core   0: 0x80009d70 (0x283f2a23) sw      gp, 660(t5)
core   0: 3 0x80009d70 (0x283f2a23) mem 0x80010000 0x00000001
core   0: 0x80009d74 (0xff9ff06f) j       pc - 0x8
core   0: 3 0x80009d74 (0xff9ff06f)
core   0: 0x80009d6c (0x00006f17) auipc   t5, 0x6
core   0: 3 0x80009d6c (0x00006f17) x30 0x8000fd6c
core   0: 0x80009d70 (0x283f2a23) sw      gp, 660(t5)
core   0: 3 0x80009d70 (0x283f2a23) mem 0x80010000 0x00000001
core   0: 0x80009d74 (0xff9ff06f) j       pc - 0x8
core   0: 3 0x80009d74 (0xff9ff06f)
core   0: 0x80009d6c (0x00006f17) auipc   t5, 0x6
core   0: 3 0x80009d6c (0x00006f17) x30 0x8000fd6c
core   0: 0x80009d70 (0x283f2a23) sw      gp, 660(t5)
core   0: 3 0x80009d70 (0x283f2a23) mem 0x80010000 0x00000001
core   0: 0x80009d74 (0xff9ff06f) j       pc - 0x8
core   0: 3 0x80009d74 (0xff9ff06f)
core   0: 0x80009d6c (0x00006f17) auipc   t5, 0x6
core   0: 3 0x80009d6c (0x00006f17) x30 0x8000fd6c
core   0: 0x80009d70 (0x283f2a23) sw      gp, 660(t5)
core   0: 3 0x80009d70 (0x283f2a23) mem 0x80010000 0x00000001
core   0: 0x80009d74 (0xff9ff06f) j       pc - 0x8
core   0: 3 0x80009d74 (0xff9ff06f)
core   0: 0x80009d6c (0x00006f17) auipc   t5, 0x6
core   0: 3 0x80009d6c (0x00006f17) x30 0x8000fd6c
core   0: 0x80009d70 (0x283f2a23) sw      gp, 660(t5)
core   0: 3 0x80009d70 (0x283f2a23) mem 0x80010000 0x00000001
core   0: 0x80009d74 (0xff9ff06f) j       pc - 0x8
core   0: 3 0x80009d74 (0xff9ff06f)
core   0: 0x80009d6c (0x00006f17) auipc   t5, 0x6
core   0: 3 0x80009d6c (0x00006f17) x30 0x8000fd6c
core   0: 0x80009d70 (0x283f2a23) sw      gp, 660(t5)
core   0: 3 0x80009d70 (0x283f2a23) mem 0x80010000 0x00000001
core   0: 0x80009d74 (0xff9ff06f) j       pc - 0x8
core   0: 3 0x80009d74 (0xff9ff06f)
core   0: 0x80009d6c (0x00006f17) auipc   t5, 0x6
core   0: 3 0x80009d6c (0x00006f17) x30 0x8000fd6c
core   0: 0x80009d70 (0x283f2a23) sw      gp, 660(t5)
core   0: 3 0x80009d70 (0x283f2a23) mem 0x80010000 0x00000001
core   0: 0x80009d74 (0xff9ff06f) j       pc - 0x8
core   0: 3 0x80009d74 (0xff9ff06f)
core   0: 0x80009d6c (0x00006f17) auipc   t5, 0x6
core   0: 3 0x80009d6c (0x00006f17) x30 0x8000fd6c
core   0: 0x80009d70 (0x283f2a23) sw      gp, 660(t5)
core   0: 3 0x80009d70 (0x283f2a23) mem 0x80010000 0x00000001
core   0: 0x80009d74 (0xff9ff06f) j       pc - 0x8
core   0: 3 0x80009d74 (0xff9ff06f)
core   0: 0x80009d6c (0x00006f17) auipc   t5, 0x6
core   0: 3 0x80009d6c (0x00006f17) x30 0x8000fd6c
core   0: 0x80009d70 (0x283f2a23) sw      gp, 660(t5)
core   0: 3 0x80009d70 (0x283f2a23) mem 0x80010000 0x00000001
core   0: 0x80009d74 (0xff9ff06f) j       pc - 0x8
core   0: 3 0x80009d74 (0xff9ff06f)
core   0: 0x80009d6c (0x00006f17) auipc   t5, 0x6
core   0: 3 0x80009d6c (0x00006f17) x30 0x8000fd6c
core   0: 0x80009d70 (0x283f2a23) sw      gp, 660(t5)
core   0: 3 0x80009d70 (0x283f2a23) mem 0x80010000 0x00000001
core   0: 0x80009d74 (0xff9ff06f) j       pc - 0x8
core   0: 3 0x80009d74 (0xff9ff06f)
core   0: 0x80009d6c (0x00006f17) auipc   t5, 0x6
core   0: 3 0x80009d6c (0x00006f17) x30 0x8000fd6c
core   0: 0x80009d70 (0x283f2a23) sw      gp, 660(t5)
core   0: 3 0x80009d70 (0x283f2a23) mem 0x80010000 0x00000001
core   0: 0x80009d74 (0xff9ff06f) j       pc - 0x8
core   0: 3 0x80009d74 (0xff9ff06f)
core   0: 0x80009d6c (0x00006f17) auipc   t5, 0x6
core   0: 3 0x80009d6c (0x00006f17) x30 0x8000fd6c
core   0: 0x80009d70 (0x283f2a23) sw      gp, 660(t5)
core   0: 3 0x80009d70 (0x283f2a23) mem 0x80010000 0x00000001
core   0: 0x80009d74 (0xff9ff06f) j       pc - 0x8
core   0: 3 0x80009d74 (0xff9ff06f)
core   0: 0x80009d6c (0x00006f17) auipc   t5, 0x6
core   0: 3 0x80009d6c (0x00006f17) x30 0x8000fd6c
core   0: 0x80009d70 (0x283f2a23) sw      gp, 660(t5)
core   0: 3 0x80009d70 (0x283f2a23) mem 0x80010000 0x00000001
core   0: 0x80009d74 (0xff9ff06f) j       pc - 0x8
core   0: 3 0x80009d74 (0xff9ff06f)
core   0: 0x80009d6c (0x00006f17) auipc   t5, 0x6
core   0: 3 0x80009d6c (0x00006f17) x30 0x8000fd6c
core   0: 0x80009d70 (0x283f2a23) sw      gp, 660(t5)
core   0: 3 0x80009d70 (0x283f2a23) mem 0x80010000 0x00000001
core   0: 0x80009d74 (0xff9ff06f) j       pc - 0x8
core   0: 3 0x80009d74 (0xff9ff06f)
core   0: 0x80009d6c (0x00006f17) auipc   t5, 0x6
core   0: 3 0x80009d6c (0x00006f17) x30 0x8000fd6c
core   0: 0x80009d70 (0x283f2a23) sw      gp, 660(t5)
core   0: 3 0x80009d70 (0x283f2a23) mem 0x80010000 0x00000001
core   0: 0x80009d74 (0xff9ff06f) j       pc - 0x8
core   0: 3 0x80009d74 (0xff9ff06f)
core   0: 0x80009d6c (0x00006f17) auipc   t5, 0x6
core   0: 3 0x80009d6c (0x00006f17) x30 0x8000fd6c
core   0: 0x80009d70 (0x283f2a23) sw      gp, 660(t5)
core   0: 3 0x80009d70 (0x283f2a23) mem 0x80010000 0x00000001
core   0: 0x80009d74 (0xff9ff06f) j       pc - 0x8
core   0: 3 0x80009d74 (0xff9ff06f)
core   0: 0x80009d6c (0x00006f17) auipc   t5, 0x6
core   0: 3 0x80009d6c (0x00006f17) x30 0x8000fd6c
core   0: 0x80009d70 (0x283f2a23) sw      gp, 660(t5)
core   0: 3 0x80009d70 (0x283f2a23) mem 0x80010000 0x00000001
core   0: 0x80009d74 (0xff9ff06f) j       pc - 0x8
core   0: 3 0x80009d74 (0xff9ff06f)
core   0: 0x80009d6c (0x00006f17) auipc   t5, 0x6
core   0: 3 0x80009d6c (0x00006f17) x30 0x8000fd6c
core   0: 0x80009d70 (0x283f2a23) sw      gp, 660(t5)
core   0: 3 0x80009d70 (0x283f2a23) mem 0x80010000 0x00000001
core   0: 0x80009d74 (0xff9ff06f) j       pc - 0x8
core   0: 3 0x80009d74 (0xff9ff06f)
core   0: 0x80009d6c (0x00006f17) auipc   t5, 0x6
core   0: 3 0x80009d6c (0x00006f17) x30 0x8000fd6c
core   0: 0x80009d70 (0x283f2a23) sw      gp, 660(t5)
core   0: 3 0x80009d70 (0x283f2a23) mem 0x80010000 0x00000001
core   0: 0x80009d74 (0xff9ff06f) j       pc - 0x8
core   0: 3 0x80009d74 (0xff9ff06f)
core   0: 0x80009d6c (0x00006f17) auipc   t5, 0x6
core   0: 3 0x80009d6c (0x00006f17) x30 0x8000fd6c
core   0: 0x80009d70 (0x283f2a23) sw      gp, 660(t5)
core   0: 3 0x80009d70 (0x283f2a23) mem 0x80010000 0x00000001
core   0: 0x80009d74 (0xff9ff06f) j       pc - 0x8
core   0: 3 0x80009d74 (0xff9ff06f)
core   0: 0x80009d6c (0x00006f17) auipc   t5, 0x6
core   0: 3 0x80009d6c (0x00006f17) x30 0x8000fd6c
core   0: 0x80009d70 (0x283f2a23) sw      gp, 660(t5)
core   0: 3 0x80009d70 (0x283f2a23) mem 0x80010000 0x00000001
core   0: 0x80009d74 (0xff9ff06f) j       pc - 0x8
core   0: 3 0x80009d74 (0xff9ff06f)
core   0: 0x80009d6c (0x00006f17) auipc   t5, 0x6
core   0: 3 0x80009d6c (0x00006f17) x30 0x8000fd6c
core   0: 0x80009d70 (0x283f2a23) sw      gp, 660(t5)
core   0: 3 0x80009d70 (0x283f2a23) mem 0x80010000 0x00000001
core   0: 0x80009d74 (0xff9ff06f) j       pc - 0x8
core   0: 3 0x80009d74 (0xff9ff06f)
core   0: 0x80009d6c (0x00006f17) auipc   t5, 0x6
core   0: 3 0x80009d6c (0x00006f17) x30 0x8000fd6c
core   0: 0x80009d70 (0x283f2a23) sw      gp, 660(t5)
core   0: 3 0x80009d70 (0x283f2a23) mem 0x80010000 0x00000001
core   0: 0x80009d74 (0xff9ff06f) j       pc - 0x8
core   0: 3 0x80009d74 (0xff9ff06f)
core   0: 0x80009d6c (0x00006f17) auipc   t5, 0x6
core   0: 3 0x80009d6c (0x00006f17) x30 0x8000fd6c
core   0: 0x80009d70 (0x283f2a23) sw      gp, 660(t5)
core   0: 3 0x80009d70 (0x283f2a23) mem 0x80010000 0x00000001
core   0: 0x80009d74 (0xff9ff06f) j       pc - 0x8
core   0: 3 0x80009d74 (0xff9ff06f)
core   0: 0x80009d6c (0x00006f17) auipc   t5, 0x6
core   0: 3 0x80009d6c (0x00006f17) x30 0x8000fd6c
core   0: 0x80009d70 (0x283f2a23) sw      gp, 660(t5)
core   0: 3 0x80009d70 (0x283f2a23) mem 0x80010000 0x00000001
core   0: 0x80009d74 (0xff9ff06f) j       pc - 0x8
core   0: 3 0x80009d74 (0xff9ff06f)
core   0: 0x80009d6c (0x00006f17) auipc   t5, 0x6
core   0: 3 0x80009d6c (0x00006f17) x30 0x8000fd6c
core   0: 0x80009d70 (0x283f2a23) sw      gp, 660(t5)
core   0: 3 0x80009d70 (0x283f2a23) mem 0x80010000 0x00000001
core   0: 0x80009d74 (0xff9ff06f) j       pc - 0x8
core   0: 3 0x80009d74 (0xff9ff06f)
core   0: 0x80009d6c (0x00006f17) auipc   t5, 0x6
core   0: 3 0x80009d6c (0x00006f17) x30 0x8000fd6c
core   0: 0x80009d70 (0x283f2a23) sw      gp, 660(t5)
core   0: 3 0x80009d70 (0x283f2a23) mem 0x80010000 0x00000001
core   0: 0x80009d74 (0xff9ff06f) j       pc - 0x8
core   0: 3 0x80009d74 (0xff9ff06f)
core   0: 0x80009d6c (0x00006f17) auipc   t5, 0x6
core   0: 3 0x80009d6c (0x00006f17) x30 0x8000fd6c
core   0: 0x80009d70 (0x283f2a23) sw      gp, 660(t5)
core   0: 3 0x80009d70 (0x283f2a23) mem 0x80010000 0x00000001
core   0: 0x80009d74 (0xff9ff06f) j       pc - 0x8
core   0: 3 0x80009d74 (0xff9ff06f)
core   0: 0x80009d6c (0x00006f17) auipc   t5, 0x6
core   0: 3 0x80009d6c (0x00006f17) x30 0x8000fd6c
core   0: 0x80009d70 (0x283f2a23) sw      gp, 660(t5)
core   0: 3 0x80009d70 (0x283f2a23) mem 0x80010000 0x00000001
core   0: 0x80009d74 (0xff9ff06f) j       pc - 0x8
core   0: 3 0x80009d74 (0xff9ff06f)
core   0: 0x80009d6c (0x00006f17) auipc   t5, 0x6
core   0: 3 0x80009d6c (0x00006f17) x30 0x8000fd6c
core   0: 0x80009d70 (0x283f2a23) sw      gp, 660(t5)
core   0: 3 0x80009d70 (0x283f2a23) mem 0x80010000 0x00000001
core   0: 0x80009d74 (0xff9ff06f) j       pc - 0x8
core   0: 3 0x80009d74 (0xff9ff06f)
core   0: 0x80009d6c (0x00006f17) auipc   t5, 0x6
core   0: 3 0x80009d6c (0x00006f17) x30 0x8000fd6c
core   0: 0x80009d70 (0x283f2a23) sw      gp, 660(t5)
core   0: 3 0x80009d70 (0x283f2a23) mem 0x80010000 0x00000001
core   0: 0x80009d74 (0xff9ff06f) j       pc - 0x8
core   0: 3 0x80009d74 (0xff9ff06f)
core   0: 0x80009d6c (0x00006f17) auipc   t5, 0x6
core   0: 3 0x80009d6c (0x00006f17) x30 0x8000fd6c
core   0: 0x80009d70 (0x283f2a23) sw      gp, 660(t5)
core   0: 3 0x80009d70 (0x283f2a23) mem 0x80010000 0x00000001
core   0: 0x80009d74 (0xff9ff06f) j       pc - 0x8
core   0: 3 0x80009d74 (0xff9ff06f)
core   0: 0x80009d6c (0x00006f17) auipc   t5, 0x6
core   0: 3 0x80009d6c (0x00006f17) x30 0x8000fd6c
core   0: 0x80009d70 (0x283f2a23) sw      gp, 660(t5)
core   0: 3 0x80009d70 (0x283f2a23) mem 0x80010000 0x00000001
core   0: 0x80009d74 (0xff9ff06f) j       pc - 0x8
core   0: 3 0x80009d74 (0xff9ff06f)
core   0: 0x80009d6c (0x00006f17) auipc   t5, 0x6
core   0: 3 0x80009d6c (0x00006f17) x30 0x8000fd6c
core   0: 0x80009d70 (0x283f2a23) sw      gp, 660(t5)
core   0: 3 0x80009d70 (0x283f2a23) mem 0x80010000 0x00000001
core   0: 0x80009d74 (0xff9ff06f) j       pc - 0x8
core   0: 3 0x80009d74 (0xff9ff06f)
core   0: 0x80009d6c (0x00006f17) auipc   t5, 0x6
core   0: 3 0x80009d6c (0x00006f17) x30 0x8000fd6c
core   0: 0x80009d70 (0x283f2a23) sw      gp, 660(t5)
core   0: 3 0x80009d70 (0x283f2a23) mem 0x80010000 0x00000001
core   0: 0x80009d74 (0xff9ff06f) j       pc - 0x8
core   0: 3 0x80009d74 (0xff9ff06f)
core   0: 0x80009d6c (0x00006f17) auipc   t5, 0x6
core   0: 3 0x80009d6c (0x00006f17) x30 0x8000fd6c
core   0: 0x80009d70 (0x283f2a23) sw      gp, 660(t5)
core   0: 3 0x80009d70 (0x283f2a23) mem 0x80010000 0x00000001
core   0: 0x80009d74 (0xff9ff06f) j       pc - 0x8
core   0: 3 0x80009d74 (0xff9ff06f)
core   0: 0x80009d6c (0x00006f17) auipc   t5, 0x6
core   0: 3 0x80009d6c (0x00006f17) x30 0x8000fd6c
core   0: 0x80009d70 (0x283f2a23) sw      gp, 660(t5)
core   0: 3 0x80009d70 (0x283f2a23) mem 0x80010000 0x00000001
core   0: 0x80009d74 (0xff9ff06f) j       pc - 0x8
core   0: 3 0x80009d74 (0xff9ff06f)
core   0: 0x80009d6c (0x00006f17) auipc   t5, 0x6
core   0: 3 0x80009d6c (0x00006f17) x30 0x8000fd6c
core   0: 0x80009d70 (0x283f2a23) sw      gp, 660(t5)
core   0: 3 0x80009d70 (0x283f2a23) mem 0x80010000 0x00000001
core   0: 0x80009d74 (0xff9ff06f) j       pc - 0x8
core   0: 3 0x80009d74 (0xff9ff06f)
core   0: 0x80009d6c (0x00006f17) auipc   t5, 0x6
core   0: 3 0x80009d6c (0x00006f17) x30 0x8000fd6c
core   0: 0x80009d70 (0x283f2a23) sw      gp, 660(t5)
core   0: 3 0x80009d70 (0x283f2a23) mem 0x80010000 0x00000001
core   0: 0x80009d74 (0xff9ff06f) j       pc - 0x8
core   0: 3 0x80009d74 (0xff9ff06f)
core   0: 0x80009d6c (0x00006f17) auipc   t5, 0x6
core   0: 3 0x80009d6c (0x00006f17) x30 0x8000fd6c
core   0: 0x80009d70 (0x283f2a23) sw      gp, 660(t5)
core   0: 3 0x80009d70 (0x283f2a23) mem 0x80010000 0x00000001
core   0: 0x80009d74 (0xff9ff06f) j       pc - 0x8
core   0: 3 0x80009d74 (0xff9ff06f)
core   0: 0x80009d6c (0x00006f17) auipc   t5, 0x6
core   0: 3 0x80009d6c (0x00006f17) x30 0x8000fd6c
core   0: 0x80009d70 (0x283f2a23) sw      gp, 660(t5)
core   0: 3 0x80009d70 (0x283f2a23) mem 0x80010000 0x00000001
core   0: 0x80009d74 (0xff9ff06f) j       pc - 0x8
core   0: 3 0x80009d74 (0xff9ff06f)
core   0: 0x80009d6c (0x00006f17) auipc   t5, 0x6
core   0: 3 0x80009d6c (0x00006f17) x30 0x8000fd6c
core   0: 0x80009d70 (0x283f2a23) sw      gp, 660(t5)
core   0: 3 0x80009d70 (0x283f2a23) mem 0x80010000 0x00000001
core   0: 0x80009d74 (0xff9ff06f) j       pc - 0x8
core   0: 3 0x80009d74 (0xff9ff06f)
core   0: 0x80009d6c (0x00006f17) auipc   t5, 0x6
core   0: 3 0x80009d6c (0x00006f17) x30 0x8000fd6c
core   0: 0x80009d70 (0x283f2a23) sw      gp, 660(t5)
core   0: 3 0x80009d70 (0x283f2a23) mem 0x80010000 0x00000001
core   0: 0x80009d74 (0xff9ff06f) j       pc - 0x8
core   0: 3 0x80009d74 (0xff9ff06f)
core   0: 0x80009d6c (0x00006f17) auipc   t5, 0x6
core   0: 3 0x80009d6c (0x00006f17) x30 0x8000fd6c
core   0: 0x80009d70 (0x283f2a23) sw      gp, 660(t5)
core   0: 3 0x80009d70 (0x283f2a23) mem 0x80010000 0x00000001
core   0: 0x80009d74 (0xff9ff06f) j       pc - 0x8
core   0: 3 0x80009d74 (0xff9ff06f)
core   0: 0x80009d6c (0x00006f17) auipc   t5, 0x6
core   0: 3 0x80009d6c (0x00006f17) x30 0x8000fd6c
core   0: 0x80009d70 (0x283f2a23) sw      gp, 660(t5)
core   0: 3 0x80009d70 (0x283f2a23) mem 0x80010000 0x00000001
core   0: 0x80009d74 (0xff9ff06f) j       pc - 0x8
core   0: 3 0x80009d74 (0xff9ff06f)
core   0: 0x80009d6c (0x00006f17) auipc   t5, 0x6
core   0: 3 0x80009d6c (0x00006f17) x30 0x8000fd6c
core   0: 0x80009d70 (0x283f2a23) sw      gp, 660(t5)
core   0: 3 0x80009d70 (0x283f2a23) mem 0x80010000 0x00000001
core   0: 0x80009d74 (0xff9ff06f) j       pc - 0x8
core   0: 3 0x80009d74 (0xff9ff06f)
core   0: 0x80009d6c (0x00006f17) auipc   t5, 0x6
core   0: 3 0x80009d6c (0x00006f17) x30 0x8000fd6c
core   0: 0x80009d70 (0x283f2a23) sw      gp, 660(t5)
core   0: 3 0x80009d70 (0x283f2a23) mem 0x80010000 0x00000001
core   0: 0x80009d74 (0xff9ff06f) j       pc - 0x8
core   0: 3 0x80009d74 (0xff9ff06f)
core   0: 0x80009d6c (0x00006f17) auipc   t5, 0x6
core   0: 3 0x80009d6c (0x00006f17) x30 0x8000fd6c
core   0: 0x80009d70 (0x283f2a23) sw      gp, 660(t5)
core   0: 3 0x80009d70 (0x283f2a23) mem 0x80010000 0x00000001
core   0: 0x80009d74 (0xff9ff06f) j       pc - 0x8
core   0: 3 0x80009d74 (0xff9ff06f)
core   0: 0x80009d6c (0x00006f17) auipc   t5, 0x6
core   0: 3 0x80009d6c (0x00006f17) x30 0x8000fd6c
core   0: 0x80009d70 (0x283f2a23) sw      gp, 660(t5)
core   0: 3 0x80009d70 (0x283f2a23) mem 0x80010000 0x00000001
core   0: 0x80009d74 (0xff9ff06f) j       pc - 0x8
core   0: 3 0x80009d74 (0xff9ff06f)
core   0: 0x80009d6c (0x00006f17) auipc   t5, 0x6
core   0: 3 0x80009d6c (0x00006f17) x30 0x8000fd6c
core   0: 0x80009d70 (0x283f2a23) sw      gp, 660(t5)
core   0: 3 0x80009d70 (0x283f2a23) mem 0x80010000 0x00000001
core   0: 0x80009d74 (0xff9ff06f) j       pc - 0x8
core   0: 3 0x80009d74 (0xff9ff06f)
core   0: 0x80009d6c (0x00006f17) auipc   t5, 0x6
core   0: 3 0x80009d6c (0x00006f17) x30 0x8000fd6c
core   0: 0x80009d70 (0x283f2a23) sw      gp, 660(t5)
core   0: 3 0x80009d70 (0x283f2a23) mem 0x80010000 0x00000001
core   0: 0x80009d74 (0xff9ff06f) j       pc - 0x8
core   0: 3 0x80009d74 (0xff9ff06f)
core   0: 0x80009d6c (0x00006f17) auipc   t5, 0x6
core   0: 3 0x80009d6c (0x00006f17) x30 0x8000fd6c
core   0: 0x80009d70 (0x283f2a23) sw      gp, 660(t5)
core   0: 3 0x80009d70 (0x283f2a23) mem 0x80010000 0x00000001
core   0: 0x80009d74 (0xff9ff06f) j       pc - 0x8
core   0: 3 0x80009d74 (0xff9ff06f)
core   0: 0x80009d6c (0x00006f17) auipc   t5, 0x6
core   0: 3 0x80009d6c (0x00006f17) x30 0x8000fd6c
core   0: 0x80009d70 (0x283f2a23) sw      gp, 660(t5)
core   0: 3 0x80009d70 (0x283f2a23) mem 0x80010000 0x00000001
core   0: 0x80009d74 (0xff9ff06f) j       pc - 0x8
core   0: 3 0x80009d74 (0xff9ff06f)
core   0: 0x80009d6c (0x00006f17) auipc   t5, 0x6
core   0: 3 0x80009d6c (0x00006f17) x30 0x8000fd6c
core   0: 0x80009d70 (0x283f2a23) sw      gp, 660(t5)
core   0: 3 0x80009d70 (0x283f2a23) mem 0x80010000 0x00000001
core   0: 0x80009d74 (0xff9ff06f) j       pc - 0x8
core   0: 3 0x80009d74 (0xff9ff06f)
core   0: 0x80009d6c (0x00006f17) auipc   t5, 0x6
core   0: 3 0x80009d6c (0x00006f17) x30 0x8000fd6c
core   0: 0x80009d70 (0x283f2a23) sw      gp, 660(t5)
core   0: 3 0x80009d70 (0x283f2a23) mem 0x80010000 0x00000001
core   0: 0x80009d74 (0xff9ff06f) j       pc - 0x8
core   0: 3 0x80009d74 (0xff9ff06f)
core   0: 0x80009d6c (0x00006f17) auipc   t5, 0x6
core   0: 3 0x80009d6c (0x00006f17) x30 0x8000fd6c
core   0: 0x80009d70 (0x283f2a23) sw      gp, 660(t5)
core   0: 3 0x80009d70 (0x283f2a23) mem 0x80010000 0x00000001
core   0: 0x80009d74 (0xff9ff06f) j       pc - 0x8
core   0: 3 0x80009d74 (0xff9ff06f)
core   0: 0x80009d6c (0x00006f17) auipc   t5, 0x6
core   0: 3 0x80009d6c (0x00006f17) x30 0x8000fd6c
core   0: 0x80009d70 (0x283f2a23) sw      gp, 660(t5)
core   0: 3 0x80009d70 (0x283f2a23) mem 0x80010000 0x00000001
core   0: 0x80009d74 (0xff9ff06f) j       pc - 0x8
core   0: 3 0x80009d74 (0xff9ff06f)
core   0: 0x80009d6c (0x00006f17) auipc   t5, 0x6
core   0: 3 0x80009d6c (0x00006f17) x30 0x8000fd6c
core   0: 0x80009d70 (0x283f2a23) sw      gp, 660(t5)
core   0: 3 0x80009d70 (0x283f2a23) mem 0x80010000 0x00000001
core   0: 0x80009d74 (0xff9ff06f) j       pc - 0x8
core   0: 3 0x80009d74 (0xff9ff06f)
core   0: 0x80009d6c (0x00006f17) auipc   t5, 0x6
core   0: 3 0x80009d6c (0x00006f17) x30 0x8000fd6c
core   0: 0x80009d70 (0x283f2a23) sw      gp, 660(t5)
core   0: 3 0x80009d70 (0x283f2a23) mem 0x80010000 0x00000001
core   0: 0x80009d74 (0xff9ff06f) j       pc - 0x8
core   0: 3 0x80009d74 (0xff9ff06f)
core   0: 0x80009d6c (0x00006f17) auipc   t5, 0x6
core   0: 3 0x80009d6c (0x00006f17) x30 0x8000fd6c
core   0: 0x80009d70 (0x283f2a23) sw      gp, 660(t5)
core   0: 3 0x80009d70 (0x283f2a23) mem 0x80010000 0x00000001
core   0: 0x80009d74 (0xff9ff06f) j       pc - 0x8
core   0: 3 0x80009d74 (0xff9ff06f)
core   0: 0x80009d6c (0x00006f17) auipc   t5, 0x6
core   0: 3 0x80009d6c (0x00006f17) x30 0x8000fd6c
core   0: 0x80009d70 (0x283f2a23) sw      gp, 660(t5)
core   0: 3 0x80009d70 (0x283f2a23) mem 0x80010000 0x00000001
core   0: 0x80009d74 (0xff9ff06f) j       pc - 0x8
core   0: 3 0x80009d74 (0xff9ff06f)
core   0: 0x80009d6c (0x00006f17) auipc   t5, 0x6
core   0: 3 0x80009d6c (0x00006f17) x30 0x8000fd6c
core   0: 0x80009d70 (0x283f2a23) sw      gp, 660(t5)
core   0: 3 0x80009d70 (0x283f2a23) mem 0x80010000 0x00000001
core   0: 0x80009d74 (0xff9ff06f) j       pc - 0x8
core   0: 3 0x80009d74 (0xff9ff06f)
core   0: 0x80009d6c (0x00006f17) auipc   t5, 0x6
core   0: 3 0x80009d6c (0x00006f17) x30 0x8000fd6c
core   0: 0x80009d70 (0x283f2a23) sw      gp, 660(t5)
core   0: 3 0x80009d70 (0x283f2a23) mem 0x80010000 0x00000001
core   0: 0x80009d74 (0xff9ff06f) j       pc - 0x8
core   0: 3 0x80009d74 (0xff9ff06f)
core   0: 0x80009d6c (0x00006f17) auipc   t5, 0x6
core   0: 3 0x80009d6c (0x00006f17) x30 0x8000fd6c
core   0: 0x80009d70 (0x283f2a23) sw      gp, 660(t5)
core   0: 3 0x80009d70 (0x283f2a23) mem 0x80010000 0x00000001
core   0: 0x80009d74 (0xff9ff06f) j       pc - 0x8
core   0: 3 0x80009d74 (0xff9ff06f)
core   0: 0x80009d6c (0x00006f17) auipc   t5, 0x6
core   0: 3 0x80009d6c (0x00006f17) x30 0x8000fd6c
core   0: 0x80009d70 (0x283f2a23) sw      gp, 660(t5)
core   0: 3 0x80009d70 (0x283f2a23) mem 0x80010000 0x00000001
core   0: 0x80009d74 (0xff9ff06f) j       pc - 0x8
core   0: 3 0x80009d74 (0xff9ff06f)
core   0: 0x80009d6c (0x00006f17) auipc   t5, 0x6
core   0: 3 0x80009d6c (0x00006f17) x30 0x8000fd6c
core   0: 0x80009d70 (0x283f2a23) sw      gp, 660(t5)
core   0: 3 0x80009d70 (0x283f2a23) mem 0x80010000 0x00000001
core   0: 0x80009d74 (0xff9ff06f) j       pc - 0x8
core   0: 3 0x80009d74 (0xff9ff06f)
core   0: 0x80009d6c (0x00006f17) auipc   t5, 0x6
core   0: 3 0x80009d6c (0x00006f17) x30 0x8000fd6c
core   0: 0x80009d70 (0x283f2a23) sw      gp, 660(t5)
core   0: 3 0x80009d70 (0x283f2a23) mem 0x80010000 0x00000001
core   0: 0x80009d74 (0xff9ff06f) j       pc - 0x8
core   0: 3 0x80009d74 (0xff9ff06f)
core   0: 0x80009d6c (0x00006f17) auipc   t5, 0x6
core   0: 3 0x80009d6c (0x00006f17) x30 0x8000fd6c
core   0: 0x80009d70 (0x283f2a23) sw      gp, 660(t5)
core   0: 3 0x80009d70 (0x283f2a23) mem 0x80010000 0x00000001
core   0: 0x80009d74 (0xff9ff06f) j       pc - 0x8
core   0: 3 0x80009d74 (0xff9ff06f)
core   0: 0x80009d6c (0x00006f17) auipc   t5, 0x6
core   0: 3 0x80009d6c (0x00006f17) x30 0x8000fd6c
core   0: 0x80009d70 (0x283f2a23) sw      gp, 660(t5)
core   0: 3 0x80009d70 (0x283f2a23) mem 0x80010000 0x00000001
core   0: 0x80009d74 (0xff9ff06f) j       pc - 0x8
core   0: 3 0x80009d74 (0xff9ff06f)
core   0: 0x80009d6c (0x00006f17) auipc   t5, 0x6
core   0: 3 0x80009d6c (0x00006f17) x30 0x8000fd6c
core   0: 0x80009d70 (0x283f2a23) sw      gp, 660(t5)
core   0: 3 0x80009d70 (0x283f2a23) mem 0x80010000 0x00000001
core   0: 0x80009d74 (0xff9ff06f) j       pc - 0x8
core   0: 3 0x80009d74 (0xff9ff06f)
core   0: 0x80009d6c (0x00006f17) auipc   t5, 0x6
core   0: 3 0x80009d6c (0x00006f17) x30 0x8000fd6c
core   0: 0x80009d70 (0x283f2a23) sw      gp, 660(t5)
core   0: 3 0x80009d70 (0x283f2a23) mem 0x80010000 0x00000001
core   0: 0x80009d74 (0xff9ff06f) j       pc - 0x8
core   0: 3 0x80009d74 (0xff9ff06f)
core   0: 0x80009d6c (0x00006f17) auipc   t5, 0x6
core   0: 3 0x80009d6c (0x00006f17) x30 0x8000fd6c
core   0: 0x80009d70 (0x283f2a23) sw      gp, 660(t5)
core   0: 3 0x80009d70 (0x283f2a23) mem 0x80010000 0x00000001
core   0: 0x80009d74 (0xff9ff06f) j       pc - 0x8
core   0: 3 0x80009d74 (0xff9ff06f)
core   0: 0x80009d6c (0x00006f17) auipc   t5, 0x6
core   0: 3 0x80009d6c (0x00006f17) x30 0x8000fd6c
core   0: 0x80009d70 (0x283f2a23) sw      gp, 660(t5)
core   0: 3 0x80009d70 (0x283f2a23) mem 0x80010000 0x00000001
core   0: 0x80009d74 (0xff9ff06f) j       pc - 0x8
core   0: 3 0x80009d74 (0xff9ff06f)
core   0: 0x80009d6c (0x00006f17) auipc   t5, 0x6
core   0: 3 0x80009d6c (0x00006f17) x30 0x8000fd6c
core   0: 0x80009d70 (0x283f2a23) sw      gp, 660(t5)
core   0: 3 0x80009d70 (0x283f2a23) mem 0x80010000 0x00000001
core   0: 0x80009d74 (0xff9ff06f) j       pc - 0x8
core   0: 3 0x80009d74 (0xff9ff06f)
core   0: 0x80009d6c (0x00006f17) auipc   t5, 0x6
core   0: 3 0x80009d6c (0x00006f17) x30 0x8000fd6c
core   0: 0x80009d70 (0x283f2a23) sw      gp, 660(t5)
core   0: 3 0x80009d70 (0x283f2a23) mem 0x80010000 0x00000001
core   0: 0x80009d74 (0xff9ff06f) j       pc - 0x8
core   0: 3 0x80009d74 (0xff9ff06f)
core   0: 0x80009d6c (0x00006f17) auipc   t5, 0x6
core   0: 3 0x80009d6c (0x00006f17) x30 0x8000fd6c
core   0: 0x80009d70 (0x283f2a23) sw      gp, 660(t5)
core   0: 3 0x80009d70 (0x283f2a23) mem 0x80010000 0x00000001
core   0: 0x80009d74 (0xff9ff06f) j       pc - 0x8
core   0: 3 0x80009d74 (0xff9ff06f)
core   0: 0x80009d6c (0x00006f17) auipc   t5, 0x6
core   0: 3 0x80009d6c (0x00006f17) x30 0x8000fd6c
core   0: 0x80009d70 (0x283f2a23) sw      gp, 660(t5)
core   0: 3 0x80009d70 (0x283f2a23) mem 0x80010000 0x00000001
core   0: 0x80009d74 (0xff9ff06f) j       pc - 0x8
core   0: 3 0x80009d74 (0xff9ff06f)
core   0: 0x80009d6c (0x00006f17) auipc   t5, 0x6
core   0: 3 0x80009d6c (0x00006f17) x30 0x8000fd6c
core   0: 0x80009d70 (0x283f2a23) sw      gp, 660(t5)
core   0: 3 0x80009d70 (0x283f2a23) mem 0x80010000 0x00000001
core   0: 0x80009d74 (0xff9ff06f) j       pc - 0x8
core   0: 3 0x80009d74 (0xff9ff06f)
core   0: 0x80009d6c (0x00006f17) auipc   t5, 0x6
core   0: 3 0x80009d6c (0x00006f17) x30 0x8000fd6c
core   0: 0x80009d70 (0x283f2a23) sw      gp, 660(t5)
core   0: 3 0x80009d70 (0x283f2a23) mem 0x80010000 0x00000001
core   0: 0x80009d74 (0xff9ff06f) j       pc - 0x8
core   0: 3 0x80009d74 (0xff9ff06f)
core   0: 0x80009d6c (0x00006f17) auipc   t5, 0x6
core   0: 3 0x80009d6c (0x00006f17) x30 0x8000fd6c
core   0: 0x80009d70 (0x283f2a23) sw      gp, 660(t5)
core   0: 3 0x80009d70 (0x283f2a23) mem 0x80010000 0x00000001
core   0: 0x80009d74 (0xff9ff06f) j       pc - 0x8
core   0: 3 0x80009d74 (0xff9ff06f)
core   0: 0x80009d6c (0x00006f17) auipc   t5, 0x6
core   0: 3 0x80009d6c (0x00006f17) x30 0x8000fd6c
core   0: 0x80009d70 (0x283f2a23) sw      gp, 660(t5)
core   0: 3 0x80009d70 (0x283f2a23) mem 0x80010000 0x00000001
core   0: 0x80009d74 (0xff9ff06f) j       pc - 0x8
core   0: 3 0x80009d74 (0xff9ff06f)
core   0: 0x80009d6c (0x00006f17) auipc   t5, 0x6
core   0: 3 0x80009d6c (0x00006f17) x30 0x8000fd6c
core   0: 0x80009d70 (0x283f2a23) sw      gp, 660(t5)
core   0: 3 0x80009d70 (0x283f2a23) mem 0x80010000 0x00000001
core   0: 0x80009d74 (0xff9ff06f) j       pc - 0x8
core   0: 3 0x80009d74 (0xff9ff06f)
core   0: 0x80009d6c (0x00006f17) auipc   t5, 0x6
core   0: 3 0x80009d6c (0x00006f17) x30 0x8000fd6c
core   0: 0x80009d70 (0x283f2a23) sw      gp, 660(t5)
core   0: 3 0x80009d70 (0x283f2a23) mem 0x80010000 0x00000001
core   0: 0x80009d74 (0xff9ff06f) j       pc - 0x8
core   0: 3 0x80009d74 (0xff9ff06f)
core   0: 0x80009d6c (0x00006f17) auipc   t5, 0x6
core   0: 3 0x80009d6c (0x00006f17) x30 0x8000fd6c
core   0: 0x80009d70 (0x283f2a23) sw      gp, 660(t5)
core   0: 3 0x80009d70 (0x283f2a23) mem 0x80010000 0x00000001
core   0: 0x80009d74 (0xff9ff06f) j       pc - 0x8
core   0: 3 0x80009d74 (0xff9ff06f)
core   0: 0x80009d6c (0x00006f17) auipc   t5, 0x6
core   0: 3 0x80009d6c (0x00006f17) x30 0x8000fd6c
core   0: 0x80009d70 (0x283f2a23) sw      gp, 660(t5)
core   0: 3 0x80009d70 (0x283f2a23) mem 0x80010000 0x00000001
core   0: 0x80009d74 (0xff9ff06f) j       pc - 0x8
core   0: 3 0x80009d74 (0xff9ff06f)
core   0: 0x80009d6c (0x00006f17) auipc   t5, 0x6
core   0: 3 0x80009d6c (0x00006f17) x30 0x8000fd6c
core   0: 0x80009d70 (0x283f2a23) sw      gp, 660(t5)
core   0: 3 0x80009d70 (0x283f2a23) mem 0x80010000 0x00000001
core   0: 0x80009d74 (0xff9ff06f) j       pc - 0x8
core   0: 3 0x80009d74 (0xff9ff06f)
core   0: 0x80009d6c (0x00006f17) auipc   t5, 0x6
core   0: 3 0x80009d6c (0x00006f17) x30 0x8000fd6c
core   0: 0x80009d70 (0x283f2a23) sw      gp, 660(t5)
core   0: 3 0x80009d70 (0x283f2a23) mem 0x80010000 0x00000001
core   0: 0x80009d74 (0xff9ff06f) j       pc - 0x8
core   0: 3 0x80009d74 (0xff9ff06f)
core   0: 0x80009d6c (0x00006f17) auipc   t5, 0x6
core   0: 3 0x80009d6c (0x00006f17) x30 0x8000fd6c
core   0: 0x80009d70 (0x283f2a23) sw      gp, 660(t5)
core   0: 3 0x80009d70 (0x283f2a23) mem 0x80010000 0x00000001
core   0: 0x80009d74 (0xff9ff06f) j       pc - 0x8
core   0: 3 0x80009d74 (0xff9ff06f)
core   0: 0x80009d6c (0x00006f17) auipc   t5, 0x6
core   0: 3 0x80009d6c (0x00006f17) x30 0x8000fd6c
core   0: 0x80009d70 (0x283f2a23) sw      gp, 660(t5)
core   0: 3 0x80009d70 (0x283f2a23) mem 0x80010000 0x00000001
core   0: 0x80009d74 (0xff9ff06f) j       pc - 0x8
core   0: 3 0x80009d74 (0xff9ff06f)
core   0: 0x80009d6c (0x00006f17) auipc   t5, 0x6
core   0: 3 0x80009d6c (0x00006f17) x30 0x8000fd6c
core   0: 0x80009d70 (0x283f2a23) sw      gp, 660(t5)
core   0: 3 0x80009d70 (0x283f2a23) mem 0x80010000 0x00000001
core   0: 0x80009d74 (0xff9ff06f) j       pc - 0x8
core   0: 3 0x80009d74 (0xff9ff06f)
core   0: 0x80009d6c (0x00006f17) auipc   t5, 0x6
core   0: 3 0x80009d6c (0x00006f17) x30 0x8000fd6c
core   0: 0x80009d70 (0x283f2a23) sw      gp, 660(t5)
core   0: 3 0x80009d70 (0x283f2a23) mem 0x80010000 0x00000001
core   0: 0x80009d74 (0xff9ff06f) j       pc - 0x8
core   0: 3 0x80009d74 (0xff9ff06f)
core   0: 0x80009d6c (0x00006f17) auipc   t5, 0x6
core   0: 3 0x80009d6c (0x00006f17) x30 0x8000fd6c
core   0: 0x80009d70 (0x283f2a23) sw      gp, 660(t5)
core   0: 3 0x80009d70 (0x283f2a23) mem 0x80010000 0x00000001
core   0: 0x80009d74 (0xff9ff06f) j       pc - 0x8
core   0: 3 0x80009d74 (0xff9ff06f)
core   0: 0x80009d6c (0x00006f17) auipc   t5, 0x6
core   0: 3 0x80009d6c (0x00006f17) x30 0x8000fd6c
core   0: 0x80009d70 (0x283f2a23) sw      gp, 660(t5)
core   0: 3 0x80009d70 (0x283f2a23) mem 0x80010000 0x00000001
core   0: 0x80009d74 (0xff9ff06f) j       pc - 0x8
core   0: 3 0x80009d74 (0xff9ff06f)
core   0: 0x80009d6c (0x00006f17) auipc   t5, 0x6
core   0: 3 0x80009d6c (0x00006f17) x30 0x8000fd6c
core   0: 0x80009d70 (0x283f2a23) sw      gp, 660(t5)
core   0: 3 0x80009d70 (0x283f2a23) mem 0x80010000 0x00000001
core   0: 0x80009d74 (0xff9ff06f) j       pc - 0x8
core   0: 3 0x80009d74 (0xff9ff06f)
core   0: 0x80009d6c (0x00006f17) auipc   t5, 0x6
core   0: 3 0x80009d6c (0x00006f17) x30 0x8000fd6c
core   0: 0x80009d70 (0x283f2a23) sw      gp, 660(t5)
core   0: 3 0x80009d70 (0x283f2a23) mem 0x80010000 0x00000001
core   0: 0x80009d74 (0xff9ff06f) j       pc - 0x8
core   0: 3 0x80009d74 (0xff9ff06f)
core   0: 0x80009d6c (0x00006f17) auipc   t5, 0x6
core   0: 3 0x80009d6c (0x00006f17) x30 0x8000fd6c
core   0: 0x80009d70 (0x283f2a23) sw      gp, 660(t5)
core   0: 3 0x80009d70 (0x283f2a23) mem 0x80010000 0x00000001
core   0: 0x80009d74 (0xff9ff06f) j       pc - 0x8
core   0: 3 0x80009d74 (0xff9ff06f)
core   0: 0x80009d6c (0x00006f17) auipc   t5, 0x6
core   0: 3 0x80009d6c (0x00006f17) x30 0x8000fd6c
core   0: 0x80009d70 (0x283f2a23) sw      gp, 660(t5)
core   0: 3 0x80009d70 (0x283f2a23) mem 0x80010000 0x00000001
core   0: 0x80009d74 (0xff9ff06f) j       pc - 0x8
core   0: 3 0x80009d74 (0xff9ff06f)
core   0: 0x80009d6c (0x00006f17) auipc   t5, 0x6
core   0: 3 0x80009d6c (0x00006f17) x30 0x8000fd6c
core   0: 0x80009d70 (0x283f2a23) sw      gp, 660(t5)
core   0: 3 0x80009d70 (0x283f2a23) mem 0x80010000 0x00000001
core   0: 0x80009d74 (0xff9ff06f) j       pc - 0x8
core   0: 3 0x80009d74 (0xff9ff06f)
core   0: 0x80009d6c (0x00006f17) auipc   t5, 0x6
core   0: 3 0x80009d6c (0x00006f17) x30 0x8000fd6c
core   0: 0x80009d70 (0x283f2a23) sw      gp, 660(t5)
core   0: 3 0x80009d70 (0x283f2a23) mem 0x80010000 0x00000001
core   0: 0x80009d74 (0xff9ff06f) j       pc - 0x8
core   0: 3 0x80009d74 (0xff9ff06f)
core   0: 0x80009d6c (0x00006f17) auipc   t5, 0x6
core   0: 3 0x80009d6c (0x00006f17) x30 0x8000fd6c
core   0: 0x80009d70 (0x283f2a23) sw      gp, 660(t5)
core   0: 3 0x80009d70 (0x283f2a23) mem 0x80010000 0x00000001
core   0: 0x80009d74 (0xff9ff06f) j       pc - 0x8
core   0: 3 0x80009d74 (0xff9ff06f)
core   0: 0x80009d6c (0x00006f17) auipc   t5, 0x6
core   0: 3 0x80009d6c (0x00006f17) x30 0x8000fd6c
core   0: 0x80009d70 (0x283f2a23) sw      gp, 660(t5)
core   0: 3 0x80009d70 (0x283f2a23) mem 0x80010000 0x00000001
core   0: 0x80009d74 (0xff9ff06f) j       pc - 0x8
core   0: 3 0x80009d74 (0xff9ff06f)
core   0: 0x80009d6c (0x00006f17) auipc   t5, 0x6
core   0: 3 0x80009d6c (0x00006f17) x30 0x8000fd6c
core   0: 0x80009d70 (0x283f2a23) sw      gp, 660(t5)
core   0: 3 0x80009d70 (0x283f2a23) mem 0x80010000 0x00000001
core   0: 0x80009d74 (0xff9ff06f) j       pc - 0x8
core   0: 3 0x80009d74 (0xff9ff06f)
core   0: 0x80009d6c (0x00006f17) auipc   t5, 0x6
core   0: 3 0x80009d6c (0x00006f17) x30 0x8000fd6c
core   0: 0x80009d70 (0x283f2a23) sw      gp, 660(t5)
core   0: 3 0x80009d70 (0x283f2a23) mem 0x80010000 0x00000001
core   0: 0x80009d74 (0xff9ff06f) j       pc - 0x8
core   0: 3 0x80009d74 (0xff9ff06f)
core   0: 0x80009d6c (0x00006f17) auipc   t5, 0x6
core   0: 3 0x80009d6c (0x00006f17) x30 0x8000fd6c
core   0: 0x80009d70 (0x283f2a23) sw      gp, 660(t5)
core   0: 3 0x80009d70 (0x283f2a23) mem 0x80010000 0x00000001
core   0: 0x80009d74 (0xff9ff06f) j       pc - 0x8
core   0: 3 0x80009d74 (0xff9ff06f)
core   0: 0x80009d6c (0x00006f17) auipc   t5, 0x6
core   0: 3 0x80009d6c (0x00006f17) x30 0x8000fd6c
core   0: 0x80009d70 (0x283f2a23) sw      gp, 660(t5)
core   0: 3 0x80009d70 (0x283f2a23) mem 0x80010000 0x00000001
core   0: 0x80009d74 (0xff9ff06f) j       pc - 0x8
core   0: 3 0x80009d74 (0xff9ff06f)
core   0: 0x80009d6c (0x00006f17) auipc   t5, 0x6
core   0: 3 0x80009d6c (0x00006f17) x30 0x8000fd6c
core   0: 0x80009d70 (0x283f2a23) sw      gp, 660(t5)
core   0: 3 0x80009d70 (0x283f2a23) mem 0x80010000 0x00000001
core   0: 0x80009d74 (0xff9ff06f) j       pc - 0x8
core   0: 3 0x80009d74 (0xff9ff06f)
core   0: 0x80009d6c (0x00006f17) auipc   t5, 0x6
core   0: 3 0x80009d6c (0x00006f17) x30 0x8000fd6c
core   0: 0x80009d70 (0x283f2a23) sw      gp, 660(t5)
core   0: 3 0x80009d70 (0x283f2a23) mem 0x80010000 0x00000001
core   0: 0x80009d74 (0xff9ff06f) j       pc - 0x8
core   0: 3 0x80009d74 (0xff9ff06f)
core   0: 0x80009d6c (0x00006f17) auipc   t5, 0x6
core   0: 3 0x80009d6c (0x00006f17) x30 0x8000fd6c
core   0: 0x80009d70 (0x283f2a23) sw      gp, 660(t5)
core   0: 3 0x80009d70 (0x283f2a23) mem 0x80010000 0x00000001
core   0: 0x80009d74 (0xff9ff06f) j       pc - 0x8
core   0: 3 0x80009d74 (0xff9ff06f)
core   0: 0x80009d6c (0x00006f17) auipc   t5, 0x6
core   0: 3 0x80009d6c (0x00006f17) x30 0x8000fd6c
core   0: 0x80009d70 (0x283f2a23) sw      gp, 660(t5)
core   0: 3 0x80009d70 (0x283f2a23) mem 0x80010000 0x00000001
core   0: 0x80009d74 (0xff9ff06f) j       pc - 0x8
core   0: 3 0x80009d74 (0xff9ff06f)
core   0: 0x80009d6c (0x00006f17) auipc   t5, 0x6
core   0: 3 0x80009d6c (0x00006f17) x30 0x8000fd6c
core   0: 0x80009d70 (0x283f2a23) sw      gp, 660(t5)
core   0: 3 0x80009d70 (0x283f2a23) mem 0x80010000 0x00000001
core   0: 0x80009d74 (0xff9ff06f) j       pc - 0x8
core   0: 3 0x80009d74 (0xff9ff06f)
core   0: 0x80009d6c (0x00006f17) auipc   t5, 0x6
core   0: 3 0x80009d6c (0x00006f17) x30 0x8000fd6c
core   0: 0x80009d70 (0x283f2a23) sw      gp, 660(t5)
core   0: 3 0x80009d70 (0x283f2a23) mem 0x80010000 0x00000001
core   0: 0x80009d74 (0xff9ff06f) j       pc - 0x8
core   0: 3 0x80009d74 (0xff9ff06f)
core   0: 0x80009d6c (0x00006f17) auipc   t5, 0x6
core   0: 3 0x80009d6c (0x00006f17) x30 0x8000fd6c
core   0: 0x80009d70 (0x283f2a23) sw      gp, 660(t5)
core   0: 3 0x80009d70 (0x283f2a23) mem 0x80010000 0x00000001
core   0: 0x80009d74 (0xff9ff06f) j       pc - 0x8
core   0: 3 0x80009d74 (0xff9ff06f)
core   0: 0x80009d6c (0x00006f17) auipc   t5, 0x6
core   0: 3 0x80009d6c (0x00006f17) x30 0x8000fd6c
core   0: 0x80009d70 (0x283f2a23) sw      gp, 660(t5)
core   0: 3 0x80009d70 (0x283f2a23) mem 0x80010000 0x00000001
core   0: 0x80009d74 (0xff9ff06f) j       pc - 0x8
core   0: 3 0x80009d74 (0xff9ff06f)
core   0: 0x80009d6c (0x00006f17) auipc   t5, 0x6
core   0: 3 0x80009d6c (0x00006f17) x30 0x8000fd6c
core   0: 0x80009d70 (0x283f2a23) sw      gp, 660(t5)
core   0: 3 0x80009d70 (0x283f2a23) mem 0x80010000 0x00000001
core   0: 0x80009d74 (0xff9ff06f) j       pc - 0x8
core   0: 3 0x80009d74 (0xff9ff06f)
core   0: 0x80009d6c (0x00006f17) auipc   t5, 0x6
core   0: 3 0x80009d6c (0x00006f17) x30 0x8000fd6c
core   0: 0x80009d70 (0x283f2a23) sw      gp, 660(t5)
core   0: 3 0x80009d70 (0x283f2a23) mem 0x80010000 0x00000001
core   0: 0x80009d74 (0xff9ff06f) j       pc - 0x8
core   0: 3 0x80009d74 (0xff9ff06f)
core   0: 0x80009d6c (0x00006f17) auipc   t5, 0x6
core   0: 3 0x80009d6c (0x00006f17) x30 0x8000fd6c
core   0: 0x80009d70 (0x283f2a23) sw      gp, 660(t5)
core   0: 3 0x80009d70 (0x283f2a23) mem 0x80010000 0x00000001
core   0: 0x80009d74 (0xff9ff06f) j       pc - 0x8
core   0: 3 0x80009d74 (0xff9ff06f)
core   0: 0x80009d6c (0x00006f17) auipc   t5, 0x6
core   0: 3 0x80009d6c (0x00006f17) x30 0x8000fd6c
core   0: 0x80009d70 (0x283f2a23) sw      gp, 660(t5)
core   0: 3 0x80009d70 (0x283f2a23) mem 0x80010000 0x00000001
core   0: 0x80009d74 (0xff9ff06f) j       pc - 0x8
core   0: 3 0x80009d74 (0xff9ff06f)
core   0: 0x80009d6c (0x00006f17) auipc   t5, 0x6
core   0: 3 0x80009d6c (0x00006f17) x30 0x8000fd6c
core   0: 0x80009d70 (0x283f2a23) sw      gp, 660(t5)
core   0: 3 0x80009d70 (0x283f2a23) mem 0x80010000 0x00000001
core   0: 0x80009d74 (0xff9ff06f) j       pc - 0x8
core   0: 3 0x80009d74 (0xff9ff06f)
core   0: 0x80009d6c (0x00006f17) auipc   t5, 0x6
core   0: 3 0x80009d6c (0x00006f17) x30 0x8000fd6c
core   0: 0x80009d70 (0x283f2a23) sw      gp, 660(t5)
core   0: 3 0x80009d70 (0x283f2a23) mem 0x80010000 0x00000001
core   0: 0x80009d74 (0xff9ff06f) j       pc - 0x8
core   0: 3 0x80009d74 (0xff9ff06f)
core   0: 0x80009d6c (0x00006f17) auipc   t5, 0x6
core   0: 3 0x80009d6c (0x00006f17) x30 0x8000fd6c
core   0: 0x80009d70 (0x283f2a23) sw      gp, 660(t5)
core   0: 3 0x80009d70 (0x283f2a23) mem 0x80010000 0x00000001
core   0: 0x80009d74 (0xff9ff06f) j       pc - 0x8
core   0: 3 0x80009d74 (0xff9ff06f)
core   0: 0x80009d6c (0x00006f17) auipc   t5, 0x6
core   0: 3 0x80009d6c (0x00006f17) x30 0x8000fd6c
core   0: 0x80009d70 (0x283f2a23) sw      gp, 660(t5)
core   0: 3 0x80009d70 (0x283f2a23) mem 0x80010000 0x00000001
core   0: 0x80009d74 (0xff9ff06f) j       pc - 0x8
core   0: 3 0x80009d74 (0xff9ff06f)
core   0: 0x80009d6c (0x00006f17) auipc   t5, 0x6
core   0: 3 0x80009d6c (0x00006f17) x30 0x8000fd6c
core   0: 0x80009d70 (0x283f2a23) sw      gp, 660(t5)
core   0: 3 0x80009d70 (0x283f2a23) mem 0x80010000 0x00000001
core   0: 0x80009d74 (0xff9ff06f) j       pc - 0x8
core   0: 3 0x80009d74 (0xff9ff06f)
core   0: 0x80009d6c (0x00006f17) auipc   t5, 0x6
core   0: 3 0x80009d6c (0x00006f17) x30 0x8000fd6c
core   0: 0x80009d70 (0x283f2a23) sw      gp, 660(t5)
core   0: 3 0x80009d70 (0x283f2a23) mem 0x80010000 0x00000001
core   0: 0x80009d74 (0xff9ff06f) j       pc - 0x8
core   0: 3 0x80009d74 (0xff9ff06f)
core   0: 0x80009d6c (0x00006f17) auipc   t5, 0x6
core   0: 3 0x80009d6c (0x00006f17) x30 0x8000fd6c
core   0: 0x80009d70 (0x283f2a23) sw      gp, 660(t5)
core   0: 3 0x80009d70 (0x283f2a23) mem 0x80010000 0x00000001
core   0: 0x80009d74 (0xff9ff06f) j       pc - 0x8
core   0: 3 0x80009d74 (0xff9ff06f)
core   0: 0x80009d6c (0x00006f17) auipc   t5, 0x6
core   0: 3 0x80009d6c (0x00006f17) x30 0x8000fd6c
core   0: 0x80009d70 (0x283f2a23) sw      gp, 660(t5)
core   0: 3 0x80009d70 (0x283f2a23) mem 0x80010000 0x00000001
core   0: 0x80009d74 (0xff9ff06f) j       pc - 0x8
core   0: 3 0x80009d74 (0xff9ff06f)
core   0: 0x80009d6c (0x00006f17) auipc   t5, 0x6
core   0: 3 0x80009d6c (0x00006f17) x30 0x8000fd6c
core   0: 0x80009d70 (0x283f2a23) sw      gp, 660(t5)
core   0: 3 0x80009d70 (0x283f2a23) mem 0x80010000 0x00000001
core   0: 0x80009d74 (0xff9ff06f) j       pc - 0x8
core   0: 3 0x80009d74 (0xff9ff06f)
core   0: 0x80009d6c (0x00006f17) auipc   t5, 0x6
core   0: 3 0x80009d6c (0x00006f17) x30 0x8000fd6c
core   0: 0x80009d70 (0x283f2a23) sw      gp, 660(t5)
core   0: 3 0x80009d70 (0x283f2a23) mem 0x80010000 0x00000001
core   0: 0x80009d74 (0xff9ff06f) j       pc - 0x8
core   0: 3 0x80009d74 (0xff9ff06f)
core   0: 0x80009d6c (0x00006f17) auipc   t5, 0x6
core   0: 3 0x80009d6c (0x00006f17) x30 0x8000fd6c
core   0: 0x80009d70 (0x283f2a23) sw      gp, 660(t5)
core   0: 3 0x80009d70 (0x283f2a23) mem 0x80010000 0x00000001
core   0: 0x80009d74 (0xff9ff06f) j       pc - 0x8
core   0: 3 0x80009d74 (0xff9ff06f)
core   0: 0x80009d6c (0x00006f17) auipc   t5, 0x6
core   0: 3 0x80009d6c (0x00006f17) x30 0x8000fd6c
core   0: 0x80009d70 (0x283f2a23) sw      gp, 660(t5)
core   0: 3 0x80009d70 (0x283f2a23) mem 0x80010000 0x00000001
core   0: 0x80009d74 (0xff9ff06f) j       pc - 0x8
core   0: 3 0x80009d74 (0xff9ff06f)
core   0: 0x80009d6c (0x00006f17) auipc   t5, 0x6
core   0: 3 0x80009d6c (0x00006f17) x30 0x8000fd6c
core   0: 0x80009d70 (0x283f2a23) sw      gp, 660(t5)
core   0: 3 0x80009d70 (0x283f2a23) mem 0x80010000 0x00000001
core   0: 0x80009d74 (0xff9ff06f) j       pc - 0x8
core   0: 3 0x80009d74 (0xff9ff06f)
core   0: 0x80009d6c (0x00006f17) auipc   t5, 0x6
core   0: 3 0x80009d6c (0x00006f17) x30 0x8000fd6c
core   0: 0x80009d70 (0x283f2a23) sw      gp, 660(t5)
core   0: 3 0x80009d70 (0x283f2a23) mem 0x80010000 0x00000001
core   0: 0x80009d74 (0xff9ff06f) j       pc - 0x8
core   0: 3 0x80009d74 (0xff9ff06f)
core   0: 0x80009d6c (0x00006f17) auipc   t5, 0x6
core   0: 3 0x80009d6c (0x00006f17) x30 0x8000fd6c
core   0: 0x80009d70 (0x283f2a23) sw      gp, 660(t5)
core   0: 3 0x80009d70 (0x283f2a23) mem 0x80010000 0x00000001
core   0: 0x80009d74 (0xff9ff06f) j       pc - 0x8
core   0: 3 0x80009d74 (0xff9ff06f)
core   0: 0x80009d6c (0x00006f17) auipc   t5, 0x6
core   0: 3 0x80009d6c (0x00006f17) x30 0x8000fd6c
core   0: 0x80009d70 (0x283f2a23) sw      gp, 660(t5)
core   0: 3 0x80009d70 (0x283f2a23) mem 0x80010000 0x00000001
core   0: 0x80009d74 (0xff9ff06f) j       pc - 0x8
core   0: 3 0x80009d74 (0xff9ff06f)
core   0: 0x80009d6c (0x00006f17) auipc   t5, 0x6
core   0: 3 0x80009d6c (0x00006f17) x30 0x8000fd6c
core   0: 0x80009d70 (0x283f2a23) sw      gp, 660(t5)
core   0: 3 0x80009d70 (0x283f2a23) mem 0x80010000 0x00000001
core   0: 0x80009d74 (0xff9ff06f) j       pc - 0x8
core   0: 3 0x80009d74 (0xff9ff06f)
core   0: 0x80009d6c (0x00006f17) auipc   t5, 0x6
core   0: 3 0x80009d6c (0x00006f17) x30 0x8000fd6c
core   0: 0x80009d70 (0x283f2a23) sw      gp, 660(t5)
core   0: 3 0x80009d70 (0x283f2a23) mem 0x80010000 0x00000001
core   0: 0x80009d74 (0xff9ff06f) j       pc - 0x8
core   0: 3 0x80009d74 (0xff9ff06f)
core   0: 0x80009d6c (0x00006f17) auipc   t5, 0x6
core   0: 3 0x80009d6c (0x00006f17) x30 0x8000fd6c
core   0: 0x80009d70 (0x283f2a23) sw      gp, 660(t5)
core   0: 3 0x80009d70 (0x283f2a23) mem 0x80010000 0x00000001
core   0: 0x80009d74 (0xff9ff06f) j       pc - 0x8
core   0: 3 0x80009d74 (0xff9ff06f)
core   0: 0x80009d6c (0x00006f17) auipc   t5, 0x6
core   0: 3 0x80009d6c (0x00006f17) x30 0x8000fd6c
core   0: 0x80009d70 (0x283f2a23) sw      gp, 660(t5)
core   0: 3 0x80009d70 (0x283f2a23) mem 0x80010000 0x00000001
core   0: 0x80009d74 (0xff9ff06f) j       pc - 0x8
core   0: 3 0x80009d74 (0xff9ff06f)
core   0: 0x80009d6c (0x00006f17) auipc   t5, 0x6
core   0: 3 0x80009d6c (0x00006f17) x30 0x8000fd6c
core   0: 0x80009d70 (0x283f2a23) sw      gp, 660(t5)
core   0: 3 0x80009d70 (0x283f2a23) mem 0x80010000 0x00000001
core   0: 0x80009d74 (0xff9ff06f) j       pc - 0x8
core   0: 3 0x80009d74 (0xff9ff06f)
core   0: 0x80009d6c (0x00006f17) auipc   t5, 0x6
core   0: 3 0x80009d6c (0x00006f17) x30 0x8000fd6c
core   0: 0x80009d70 (0x283f2a23) sw      gp, 660(t5)
core   0: 3 0x80009d70 (0x283f2a23) mem 0x80010000 0x00000001
core   0: 0x80009d74 (0xff9ff06f) j       pc - 0x8
core   0: 3 0x80009d74 (0xff9ff06f)
core   0: 0x80009d6c (0x00006f17) auipc   t5, 0x6
core   0: 3 0x80009d6c (0x00006f17) x30 0x8000fd6c
core   0: 0x80009d70 (0x283f2a23) sw      gp, 660(t5)
core   0: 3 0x80009d70 (0x283f2a23) mem 0x80010000 0x00000001
core   0: 0x80009d74 (0xff9ff06f) j       pc - 0x8
core   0: 3 0x80009d74 (0xff9ff06f)
core   0: 0x80009d6c (0x00006f17) auipc   t5, 0x6
core   0: 3 0x80009d6c (0x00006f17) x30 0x8000fd6c
core   0: 0x80009d70 (0x283f2a23) sw      gp, 660(t5)
core   0: 3 0x80009d70 (0x283f2a23) mem 0x80010000 0x00000001
core   0: 0x80009d74 (0xff9ff06f) j       pc - 0x8
core   0: 3 0x80009d74 (0xff9ff06f)
core   0: 0x80009d6c (0x00006f17) auipc   t5, 0x6
core   0: 3 0x80009d6c (0x00006f17) x30 0x8000fd6c
core   0: 0x80009d70 (0x283f2a23) sw      gp, 660(t5)
core   0: 3 0x80009d70 (0x283f2a23) mem 0x80010000 0x00000001
core   0: 0x80009d74 (0xff9ff06f) j       pc - 0x8
core   0: 3 0x80009d74 (0xff9ff06f)
core   0: 0x80009d6c (0x00006f17) auipc   t5, 0x6
core   0: 3 0x80009d6c (0x00006f17) x30 0x8000fd6c
core   0: 0x80009d70 (0x283f2a23) sw      gp, 660(t5)
core   0: 3 0x80009d70 (0x283f2a23) mem 0x80010000 0x00000001
core   0: 0x80009d74 (0xff9ff06f) j       pc - 0x8
core   0: 3 0x80009d74 (0xff9ff06f)
core   0: 0x80009d6c (0x00006f17) auipc   t5, 0x6
core   0: 3 0x80009d6c (0x00006f17) x30 0x8000fd6c
core   0: 0x80009d70 (0x283f2a23) sw      gp, 660(t5)
core   0: 3 0x80009d70 (0x283f2a23) mem 0x80010000 0x00000001
core   0: 0x80009d74 (0xff9ff06f) j       pc - 0x8
core   0: 3 0x80009d74 (0xff9ff06f)
core   0: 0x80009d6c (0x00006f17) auipc   t5, 0x6
core   0: 3 0x80009d6c (0x00006f17) x30 0x8000fd6c
core   0: 0x80009d70 (0x283f2a23) sw      gp, 660(t5)
core   0: 3 0x80009d70 (0x283f2a23) mem 0x80010000 0x00000001
core   0: 0x80009d74 (0xff9ff06f) j       pc - 0x8
core   0: 3 0x80009d74 (0xff9ff06f)
core   0: 0x80009d6c (0x00006f17) auipc   t5, 0x6
core   0: 3 0x80009d6c (0x00006f17) x30 0x8000fd6c
core   0: 0x80009d70 (0x283f2a23) sw      gp, 660(t5)
core   0: 3 0x80009d70 (0x283f2a23) mem 0x80010000 0x00000001
core   0: 0x80009d74 (0xff9ff06f) j       pc - 0x8
core   0: 3 0x80009d74 (0xff9ff06f)
core   0: 0x80009d6c (0x00006f17) auipc   t5, 0x6
core   0: 3 0x80009d6c (0x00006f17) x30 0x8000fd6c
core   0: 0x80009d70 (0x283f2a23) sw      gp, 660(t5)
core   0: 3 0x80009d70 (0x283f2a23) mem 0x80010000 0x00000001
core   0: 0x80009d74 (0xff9ff06f) j       pc - 0x8
core   0: 3 0x80009d74 (0xff9ff06f)
core   0: 0x80009d6c (0x00006f17) auipc   t5, 0x6
core   0: 3 0x80009d6c (0x00006f17) x30 0x8000fd6c
core   0: 0x80009d70 (0x283f2a23) sw      gp, 660(t5)
core   0: 3 0x80009d70 (0x283f2a23) mem 0x80010000 0x00000001
core   0: 0x80009d74 (0xff9ff06f) j       pc - 0x8
core   0: 3 0x80009d74 (0xff9ff06f)
core   0: 0x80009d6c (0x00006f17) auipc   t5, 0x6
core   0: 3 0x80009d6c (0x00006f17) x30 0x8000fd6c
core   0: 0x80009d70 (0x283f2a23) sw      gp, 660(t5)
core   0: 3 0x80009d70 (0x283f2a23) mem 0x80010000 0x00000001
core   0: 0x80009d74 (0xff9ff06f) j       pc - 0x8
core   0: 3 0x80009d74 (0xff9ff06f)
core   0: 0x80009d6c (0x00006f17) auipc   t5, 0x6
core   0: 3 0x80009d6c (0x00006f17) x30 0x8000fd6c
core   0: 0x80009d70 (0x283f2a23) sw      gp, 660(t5)
core   0: 3 0x80009d70 (0x283f2a23) mem 0x80010000 0x00000001
core   0: 0x80009d74 (0xff9ff06f) j       pc - 0x8
core   0: 3 0x80009d74 (0xff9ff06f)
core   0: 0x80009d6c (0x00006f17) auipc   t5, 0x6
core   0: 3 0x80009d6c (0x00006f17) x30 0x8000fd6c
core   0: 0x80009d70 (0x283f2a23) sw      gp, 660(t5)
core   0: 3 0x80009d70 (0x283f2a23) mem 0x80010000 0x00000001
core   0: 0x80009d74 (0xff9ff06f) j       pc - 0x8
core   0: 3 0x80009d74 (0xff9ff06f)
core   0: 0x80009d6c (0x00006f17) auipc   t5, 0x6
core   0: 3 0x80009d6c (0x00006f17) x30 0x8000fd6c
core   0: 0x80009d70 (0x283f2a23) sw      gp, 660(t5)
core   0: 3 0x80009d70 (0x283f2a23) mem 0x80010000 0x00000001
core   0: 0x80009d74 (0xff9ff06f) j       pc - 0x8
core   0: 3 0x80009d74 (0xff9ff06f)
core   0: 0x80009d6c (0x00006f17) auipc   t5, 0x6
core   0: 3 0x80009d6c (0x00006f17) x30 0x8000fd6c
core   0: 0x80009d70 (0x283f2a23) sw      gp, 660(t5)
core   0: 3 0x80009d70 (0x283f2a23) mem 0x80010000 0x00000001
core   0: 0x80009d74 (0xff9ff06f) j       pc - 0x8
core   0: 3 0x80009d74 (0xff9ff06f)
core   0: 0x80009d6c (0x00006f17) auipc   t5, 0x6
core   0: 3 0x80009d6c (0x00006f17) x30 0x8000fd6c
core   0: 0x80009d70 (0x283f2a23) sw      gp, 660(t5)
core   0: 3 0x80009d70 (0x283f2a23) mem 0x80010000 0x00000001
core   0: 0x80009d74 (0xff9ff06f) j       pc - 0x8
core   0: 3 0x80009d74 (0xff9ff06f)
core   0: 0x80009d6c (0x00006f17) auipc   t5, 0x6
core   0: 3 0x80009d6c (0x00006f17) x30 0x8000fd6c
core   0: 0x80009d70 (0x283f2a23) sw      gp, 660(t5)
core   0: 3 0x80009d70 (0x283f2a23) mem 0x80010000 0x00000001
core   0: 0x80009d74 (0xff9ff06f) j       pc - 0x8
core   0: 3 0x80009d74 (0xff9ff06f)
core   0: 0x80009d6c (0x00006f17) auipc   t5, 0x6
core   0: 3 0x80009d6c (0x00006f17) x30 0x8000fd6c
core   0: 0x80009d70 (0x283f2a23) sw      gp, 660(t5)
core   0: 3 0x80009d70 (0x283f2a23) mem 0x80010000 0x00000001
core   0: 0x80009d74 (0xff9ff06f) j       pc - 0x8
core   0: 3 0x80009d74 (0xff9ff06f)
core   0: 0x80009d6c (0x00006f17) auipc   t5, 0x6
core   0: 3 0x80009d6c (0x00006f17) x30 0x8000fd6c
core   0: 0x80009d70 (0x283f2a23) sw      gp, 660(t5)
core   0: 3 0x80009d70 (0x283f2a23) mem 0x80010000 0x00000001
core   0: 0x80009d74 (0xff9ff06f) j       pc - 0x8
core   0: 3 0x80009d74 (0xff9ff06f)
core   0: 0x80009d6c (0x00006f17) auipc   t5, 0x6
core   0: 3 0x80009d6c (0x00006f17) x30 0x8000fd6c
core   0: 0x80009d70 (0x283f2a23) sw      gp, 660(t5)
core   0: 3 0x80009d70 (0x283f2a23) mem 0x80010000 0x00000001
core   0: 0x80009d74 (0xff9ff06f) j       pc - 0x8
core   0: 3 0x80009d74 (0xff9ff06f)
core   0: 0x80009d6c (0x00006f17) auipc   t5, 0x6
core   0: 3 0x80009d6c (0x00006f17) x30 0x8000fd6c
core   0: 0x80009d70 (0x283f2a23) sw      gp, 660(t5)
core   0: 3 0x80009d70 (0x283f2a23) mem 0x80010000 0x00000001
core   0: 0x80009d74 (0xff9ff06f) j       pc - 0x8
core   0: 3 0x80009d74 (0xff9ff06f)
core   0: 0x80009d6c (0x00006f17) auipc   t5, 0x6
core   0: 3 0x80009d6c (0x00006f17) x30 0x8000fd6c
core   0: 0x80009d70 (0x283f2a23) sw      gp, 660(t5)
core   0: 3 0x80009d70 (0x283f2a23) mem 0x80010000 0x00000001
core   0: 0x80009d74 (0xff9ff06f) j       pc - 0x8
core   0: 3 0x80009d74 (0xff9ff06f)
core   0: 0x80009d6c (0x00006f17) auipc   t5, 0x6
core   0: 3 0x80009d6c (0x00006f17) x30 0x8000fd6c
core   0: 0x80009d70 (0x283f2a23) sw      gp, 660(t5)
core   0: 3 0x80009d70 (0x283f2a23) mem 0x80010000 0x00000001
core   0: 0x80009d74 (0xff9ff06f) j       pc - 0x8
core   0: 3 0x80009d74 (0xff9ff06f)
core   0: 0x80009d6c (0x00006f17) auipc   t5, 0x6
core   0: 3 0x80009d6c (0x00006f17) x30 0x8000fd6c
core   0: 0x80009d70 (0x283f2a23) sw      gp, 660(t5)
core   0: 3 0x80009d70 (0x283f2a23) mem 0x80010000 0x00000001
core   0: 0x80009d74 (0xff9ff06f) j       pc - 0x8
core   0: 3 0x80009d74 (0xff9ff06f)
core   0: 0x80009d6c (0x00006f17) auipc   t5, 0x6
core   0: 3 0x80009d6c (0x00006f17) x30 0x8000fd6c
core   0: 0x80009d70 (0x283f2a23) sw      gp, 660(t5)
core   0: 3 0x80009d70 (0x283f2a23) mem 0x80010000 0x00000001
core   0: 0x80009d74 (0xff9ff06f) j       pc - 0x8
core   0: 3 0x80009d74 (0xff9ff06f)
core   0: 0x80009d6c (0x00006f17) auipc   t5, 0x6
core   0: 3 0x80009d6c (0x00006f17) x30 0x8000fd6c
core   0: 0x80009d70 (0x283f2a23) sw      gp, 660(t5)
core   0: 3 0x80009d70 (0x283f2a23) mem 0x80010000 0x00000001
core   0: 0x80009d74 (0xff9ff06f) j       pc - 0x8
core   0: 3 0x80009d74 (0xff9ff06f)
core   0: 0x80009d6c (0x00006f17) auipc   t5, 0x6
core   0: 3 0x80009d6c (0x00006f17) x30 0x8000fd6c
core   0: 0x80009d70 (0x283f2a23) sw      gp, 660(t5)
core   0: 3 0x80009d70 (0x283f2a23) mem 0x80010000 0x00000001
core   0: 0x80009d74 (0xff9ff06f) j       pc - 0x8
core   0: 3 0x80009d74 (0xff9ff06f)
core   0: 0x80009d6c (0x00006f17) auipc   t5, 0x6
core   0: 3 0x80009d6c (0x00006f17) x30 0x8000fd6c
core   0: 0x80009d70 (0x283f2a23) sw      gp, 660(t5)
core   0: 3 0x80009d70 (0x283f2a23) mem 0x80010000 0x00000001
core   0: 0x80009d74 (0xff9ff06f) j       pc - 0x8
core   0: 3 0x80009d74 (0xff9ff06f)
core   0: 0x80009d6c (0x00006f17) auipc   t5, 0x6
core   0: 3 0x80009d6c (0x00006f17) x30 0x8000fd6c
core   0: 0x80009d70 (0x283f2a23) sw      gp, 660(t5)
core   0: 3 0x80009d70 (0x283f2a23) mem 0x80010000 0x00000001
core   0: 0x80009d74 (0xff9ff06f) j       pc - 0x8
core   0: 3 0x80009d74 (0xff9ff06f)
core   0: 0x80009d6c (0x00006f17) auipc   t5, 0x6
core   0: 3 0x80009d6c (0x00006f17) x30 0x8000fd6c
core   0: 0x80009d70 (0x283f2a23) sw      gp, 660(t5)
core   0: 3 0x80009d70 (0x283f2a23) mem 0x80010000 0x00000001
core   0: 0x80009d74 (0xff9ff06f) j       pc - 0x8
core   0: 3 0x80009d74 (0xff9ff06f)
core   0: 0x80009d6c (0x00006f17) auipc   t5, 0x6
core   0: 3 0x80009d6c (0x00006f17) x30 0x8000fd6c
core   0: 0x80009d70 (0x283f2a23) sw      gp, 660(t5)
core   0: 3 0x80009d70 (0x283f2a23) mem 0x80010000 0x00000001
core   0: 0x80009d74 (0xff9ff06f) j       pc - 0x8
core   0: 3 0x80009d74 (0xff9ff06f)
core   0: 0x80009d6c (0x00006f17) auipc   t5, 0x6
core   0: 3 0x80009d6c (0x00006f17) x30 0x8000fd6c
core   0: 0x80009d70 (0x283f2a23) sw      gp, 660(t5)
core   0: 3 0x80009d70 (0x283f2a23) mem 0x80010000 0x00000001
core   0: 0x80009d74 (0xff9ff06f) j       pc - 0x8
core   0: 3 0x80009d74 (0xff9ff06f)
core   0: 0x80009d6c (0x00006f17) auipc   t5, 0x6
core   0: 3 0x80009d6c (0x00006f17) x30 0x8000fd6c
core   0: 0x80009d70 (0x283f2a23) sw      gp, 660(t5)
core   0: 3 0x80009d70 (0x283f2a23) mem 0x80010000 0x00000001
core   0: 0x80009d74 (0xff9ff06f) j       pc - 0x8
core   0: 3 0x80009d74 (0xff9ff06f)
core   0: 0x80009d6c (0x00006f17) auipc   t5, 0x6
core   0: 3 0x80009d6c (0x00006f17) x30 0x8000fd6c
core   0: 0x80009d70 (0x283f2a23) sw      gp, 660(t5)
core   0: 3 0x80009d70 (0x283f2a23) mem 0x80010000 0x00000001
core   0: 0x80009d74 (0xff9ff06f) j       pc - 0x8
core   0: 3 0x80009d74 (0xff9ff06f)
core   0: 0x80009d6c (0x00006f17) auipc   t5, 0x6
core   0: 3 0x80009d6c (0x00006f17) x30 0x8000fd6c
core   0: 0x80009d70 (0x283f2a23) sw      gp, 660(t5)
core   0: 3 0x80009d70 (0x283f2a23) mem 0x80010000 0x00000001
core   0: 0x80009d74 (0xff9ff06f) j       pc - 0x8
core   0: 3 0x80009d74 (0xff9ff06f)
core   0: 0x80009d6c (0x00006f17) auipc   t5, 0x6
core   0: 3 0x80009d6c (0x00006f17) x30 0x8000fd6c
core   0: 0x80009d70 (0x283f2a23) sw      gp, 660(t5)
core   0: 3 0x80009d70 (0x283f2a23) mem 0x80010000 0x00000001
core   0: 0x80009d74 (0xff9ff06f) j       pc - 0x8
core   0: 3 0x80009d74 (0xff9ff06f)
core   0: 0x80009d6c (0x00006f17) auipc   t5, 0x6
core   0: 3 0x80009d6c (0x00006f17) x30 0x8000fd6c
core   0: 0x80009d70 (0x283f2a23) sw      gp, 660(t5)
core   0: 3 0x80009d70 (0x283f2a23) mem 0x80010000 0x00000001
core   0: 0x80009d74 (0xff9ff06f) j       pc - 0x8
core   0: 3 0x80009d74 (0xff9ff06f)
core   0: 0x80009d6c (0x00006f17) auipc   t5, 0x6
core   0: 3 0x80009d6c (0x00006f17) x30 0x8000fd6c
core   0: 0x80009d70 (0x283f2a23) sw      gp, 660(t5)
core   0: 3 0x80009d70 (0x283f2a23) mem 0x80010000 0x00000001
core   0: 0x80009d74 (0xff9ff06f) j       pc - 0x8
core   0: 3 0x80009d74 (0xff9ff06f)
core   0: 0x80009d6c (0x00006f17) auipc   t5, 0x6
core   0: 3 0x80009d6c (0x00006f17) x30 0x8000fd6c
core   0: 0x80009d70 (0x283f2a23) sw      gp, 660(t5)
core   0: 3 0x80009d70 (0x283f2a23) mem 0x80010000 0x00000001
core   0: 0x80009d74 (0xff9ff06f) j       pc - 0x8
core   0: 3 0x80009d74 (0xff9ff06f)
core   0: 0x80009d6c (0x00006f17) auipc   t5, 0x6
core   0: 3 0x80009d6c (0x00006f17) x30 0x8000fd6c
core   0: 0x80009d70 (0x283f2a23) sw      gp, 660(t5)
core   0: 3 0x80009d70 (0x283f2a23) mem 0x80010000 0x00000001
core   0: 0x80009d74 (0xff9ff06f) j       pc - 0x8
core   0: 3 0x80009d74 (0xff9ff06f)
core   0: 0x80009d6c (0x00006f17) auipc   t5, 0x6
core   0: 3 0x80009d6c (0x00006f17) x30 0x8000fd6c
core   0: 0x80009d70 (0x283f2a23) sw      gp, 660(t5)
core   0: 3 0x80009d70 (0x283f2a23) mem 0x80010000 0x00000001
core   0: 0x80009d74 (0xff9ff06f) j       pc - 0x8
core   0: 3 0x80009d74 (0xff9ff06f)
core   0: 0x80009d6c (0x00006f17) auipc   t5, 0x6
core   0: 3 0x80009d6c (0x00006f17) x30 0x8000fd6c
core   0: 0x80009d70 (0x283f2a23) sw      gp, 660(t5)
core   0: 3 0x80009d70 (0x283f2a23) mem 0x80010000 0x00000001
core   0: 0x80009d74 (0xff9ff06f) j       pc - 0x8
core   0: 3 0x80009d74 (0xff9ff06f)
core   0: 0x80009d6c (0x00006f17) auipc   t5, 0x6
core   0: 3 0x80009d6c (0x00006f17) x30 0x8000fd6c
core   0: 0x80009d70 (0x283f2a23) sw      gp, 660(t5)
core   0: 3 0x80009d70 (0x283f2a23) mem 0x80010000 0x00000001
core   0: 0x80009d74 (0xff9ff06f) j       pc - 0x8
core   0: 3 0x80009d74 (0xff9ff06f)
core   0: 0x80009d6c (0x00006f17) auipc   t5, 0x6
core   0: 3 0x80009d6c (0x00006f17) x30 0x8000fd6c
core   0: 0x80009d70 (0x283f2a23) sw      gp, 660(t5)
core   0: 3 0x80009d70 (0x283f2a23) mem 0x80010000 0x00000001
core   0: 0x80009d74 (0xff9ff06f) j       pc - 0x8
core   0: 3 0x80009d74 (0xff9ff06f)
core   0: 0x80009d6c (0x00006f17) auipc   t5, 0x6
core   0: 3 0x80009d6c (0x00006f17) x30 0x8000fd6c
core   0: 0x80009d70 (0x283f2a23) sw      gp, 660(t5)
core   0: 3 0x80009d70 (0x283f2a23) mem 0x80010000 0x00000001
core   0: 0x80009d74 (0xff9ff06f) j       pc - 0x8
core   0: 3 0x80009d74 (0xff9ff06f)
core   0: 0x80009d6c (0x00006f17) auipc   t5, 0x6
core   0: 3 0x80009d6c (0x00006f17) x30 0x8000fd6c
core   0: 0x80009d70 (0x283f2a23) sw      gp, 660(t5)
core   0: 3 0x80009d70 (0x283f2a23) mem 0x80010000 0x00000001
core   0: 0x80009d74 (0xff9ff06f) j       pc - 0x8
core   0: 3 0x80009d74 (0xff9ff06f)
core   0: 0x80009d6c (0x00006f17) auipc   t5, 0x6
core   0: 3 0x80009d6c (0x00006f17) x30 0x8000fd6c
core   0: 0x80009d70 (0x283f2a23) sw      gp, 660(t5)
core   0: 3 0x80009d70 (0x283f2a23) mem 0x80010000 0x00000001
core   0: 0x80009d74 (0xff9ff06f) j       pc - 0x8
core   0: 3 0x80009d74 (0xff9ff06f)
core   0: 0x80009d6c (0x00006f17) auipc   t5, 0x6
core   0: 3 0x80009d6c (0x00006f17) x30 0x8000fd6c
core   0: 0x80009d70 (0x283f2a23) sw      gp, 660(t5)
core   0: 3 0x80009d70 (0x283f2a23) mem 0x80010000 0x00000001
core   0: 0x80009d74 (0xff9ff06f) j       pc - 0x8
core   0: 3 0x80009d74 (0xff9ff06f)
core   0: 0x80009d6c (0x00006f17) auipc   t5, 0x6
core   0: 3 0x80009d6c (0x00006f17) x30 0x8000fd6c
core   0: 0x80009d70 (0x283f2a23) sw      gp, 660(t5)
core   0: 3 0x80009d70 (0x283f2a23) mem 0x80010000 0x00000001
core   0: 0x80009d74 (0xff9ff06f) j       pc - 0x8
core   0: 3 0x80009d74 (0xff9ff06f)
core   0: 0x80009d6c (0x00006f17) auipc   t5, 0x6
core   0: 3 0x80009d6c (0x00006f17) x30 0x8000fd6c
core   0: 0x80009d70 (0x283f2a23) sw      gp, 660(t5)
core   0: 3 0x80009d70 (0x283f2a23) mem 0x80010000 0x00000001
core   0: 0x80009d74 (0xff9ff06f) j       pc - 0x8
core   0: 3 0x80009d74 (0xff9ff06f)
core   0: 0x80009d6c (0x00006f17) auipc   t5, 0x6
core   0: 3 0x80009d6c (0x00006f17) x30 0x8000fd6c
core   0: 0x80009d70 (0x283f2a23) sw      gp, 660(t5)
core   0: 3 0x80009d70 (0x283f2a23) mem 0x80010000 0x00000001
core   0: 0x80009d74 (0xff9ff06f) j       pc - 0x8
core   0: 3 0x80009d74 (0xff9ff06f)
core   0: 0x80009d6c (0x00006f17) auipc   t5, 0x6
core   0: 3 0x80009d6c (0x00006f17) x30 0x8000fd6c
core   0: 0x80009d70 (0x283f2a23) sw      gp, 660(t5)
core   0: 3 0x80009d70 (0x283f2a23) mem 0x80010000 0x00000001
core   0: 0x80009d74 (0xff9ff06f) j       pc - 0x8
core   0: 3 0x80009d74 (0xff9ff06f)
core   0: 0x80009d6c (0x00006f17) auipc   t5, 0x6
core   0: 3 0x80009d6c (0x00006f17) x30 0x8000fd6c
core   0: 0x80009d70 (0x283f2a23) sw      gp, 660(t5)
core   0: 3 0x80009d70 (0x283f2a23) mem 0x80010000 0x00000001
core   0: 0x80009d74 (0xff9ff06f) j       pc - 0x8
core   0: 3 0x80009d74 (0xff9ff06f)
core   0: 0x80009d6c (0x00006f17) auipc   t5, 0x6
core   0: 3 0x80009d6c (0x00006f17) x30 0x8000fd6c
core   0: 0x80009d70 (0x283f2a23) sw      gp, 660(t5)
core   0: 3 0x80009d70 (0x283f2a23) mem 0x80010000 0x00000001
core   0: 0x80009d74 (0xff9ff06f) j       pc - 0x8
core   0: 3 0x80009d74 (0xff9ff06f)
core   0: 0x80009d6c (0x00006f17) auipc   t5, 0x6
core   0: 3 0x80009d6c (0x00006f17) x30 0x8000fd6c
core   0: 0x80009d70 (0x283f2a23) sw      gp, 660(t5)
core   0: 3 0x80009d70 (0x283f2a23) mem 0x80010000 0x00000001
core   0: 0x80009d74 (0xff9ff06f) j       pc - 0x8
core   0: 3 0x80009d74 (0xff9ff06f)
core   0: 0x80009d6c (0x00006f17) auipc   t5, 0x6
core   0: 3 0x80009d6c (0x00006f17) x30 0x8000fd6c
core   0: 0x80009d70 (0x283f2a23) sw      gp, 660(t5)
core   0: 3 0x80009d70 (0x283f2a23) mem 0x80010000 0x00000001
core   0: 0x80009d74 (0xff9ff06f) j       pc - 0x8
core   0: 3 0x80009d74 (0xff9ff06f)
core   0: 0x80009d6c (0x00006f17) auipc   t5, 0x6
core   0: 3 0x80009d6c (0x00006f17) x30 0x8000fd6c
core   0: 0x80009d70 (0x283f2a23) sw      gp, 660(t5)
core   0: 3 0x80009d70 (0x283f2a23) mem 0x80010000 0x00000001
core   0: 0x80009d74 (0xff9ff06f) j       pc - 0x8
core   0: 3 0x80009d74 (0xff9ff06f)
core   0: 0x80009d6c (0x00006f17) auipc   t5, 0x6
core   0: 3 0x80009d6c (0x00006f17) x30 0x8000fd6c
core   0: 0x80009d70 (0x283f2a23) sw      gp, 660(t5)
core   0: 3 0x80009d70 (0x283f2a23) mem 0x80010000 0x00000001
core   0: 0x80009d74 (0xff9ff06f) j       pc - 0x8
core   0: 3 0x80009d74 (0xff9ff06f)
core   0: 0x80009d6c (0x00006f17) auipc   t5, 0x6
core   0: 3 0x80009d6c (0x00006f17) x30 0x8000fd6c
core   0: 0x80009d70 (0x283f2a23) sw      gp, 660(t5)
core   0: 3 0x80009d70 (0x283f2a23) mem 0x80010000 0x00000001
core   0: 0x80009d74 (0xff9ff06f) j       pc - 0x8
core   0: 3 0x80009d74 (0xff9ff06f)
core   0: 0x80009d6c (0x00006f17) auipc   t5, 0x6
core   0: 3 0x80009d6c (0x00006f17) x30 0x8000fd6c
core   0: 0x80009d70 (0x283f2a23) sw      gp, 660(t5)
core   0: 3 0x80009d70 (0x283f2a23) mem 0x80010000 0x00000001
core   0: 0x80009d74 (0xff9ff06f) j       pc - 0x8
core   0: 3 0x80009d74 (0xff9ff06f)
core   0: 0x80009d6c (0x00006f17) auipc   t5, 0x6
core   0: 3 0x80009d6c (0x00006f17) x30 0x8000fd6c
core   0: 0x80009d70 (0x283f2a23) sw      gp, 660(t5)
core   0: 3 0x80009d70 (0x283f2a23) mem 0x80010000 0x00000001
core   0: 0x80009d74 (0xff9ff06f) j       pc - 0x8
core   0: 3 0x80009d74 (0xff9ff06f)
core   0: 0x80009d6c (0x00006f17) auipc   t5, 0x6
core   0: 3 0x80009d6c (0x00006f17) x30 0x8000fd6c
core   0: 0x80009d70 (0x283f2a23) sw      gp, 660(t5)
core   0: 3 0x80009d70 (0x283f2a23) mem 0x80010000 0x00000001
core   0: 0x80009d74 (0xff9ff06f) j       pc - 0x8
core   0: 3 0x80009d74 (0xff9ff06f)
core   0: 0x80009d6c (0x00006f17) auipc   t5, 0x6
core   0: 3 0x80009d6c (0x00006f17) x30 0x8000fd6c
core   0: 0x80009d70 (0x283f2a23) sw      gp, 660(t5)
core   0: 3 0x80009d70 (0x283f2a23) mem 0x80010000 0x00000001
core   0: 0x80009d74 (0xff9ff06f) j       pc - 0x8
core   0: 3 0x80009d74 (0xff9ff06f)
core   0: 0x80009d6c (0x00006f17) auipc   t5, 0x6
core   0: 3 0x80009d6c (0x00006f17) x30 0x8000fd6c
core   0: 0x80009d70 (0x283f2a23) sw      gp, 660(t5)
core   0: 3 0x80009d70 (0x283f2a23) mem 0x80010000 0x00000001
core   0: 0x80009d74 (0xff9ff06f) j       pc - 0x8
core   0: 3 0x80009d74 (0xff9ff06f)
core   0: 0x80009d6c (0x00006f17) auipc   t5, 0x6
core   0: 3 0x80009d6c (0x00006f17) x30 0x8000fd6c
core   0: 0x80009d70 (0x283f2a23) sw      gp, 660(t5)
core   0: 3 0x80009d70 (0x283f2a23) mem 0x80010000 0x00000001
core   0: 0x80009d74 (0xff9ff06f) j       pc - 0x8
core   0: 3 0x80009d74 (0xff9ff06f)
core   0: 0x80009d6c (0x00006f17) auipc   t5, 0x6
core   0: 3 0x80009d6c (0x00006f17) x30 0x8000fd6c
core   0: 0x80009d70 (0x283f2a23) sw      gp, 660(t5)
core   0: 3 0x80009d70 (0x283f2a23) mem 0x80010000 0x00000001
core   0: 0x80009d74 (0xff9ff06f) j       pc - 0x8
core   0: 3 0x80009d74 (0xff9ff06f)
core   0: 0x80009d6c (0x00006f17) auipc   t5, 0x6
core   0: 3 0x80009d6c (0x00006f17) x30 0x8000fd6c
core   0: 0x80009d70 (0x283f2a23) sw      gp, 660(t5)
core   0: 3 0x80009d70 (0x283f2a23) mem 0x80010000 0x00000001
core   0: 0x80009d74 (0xff9ff06f) j       pc - 0x8
core   0: 3 0x80009d74 (0xff9ff06f)
core   0: 0x80009d6c (0x00006f17) auipc   t5, 0x6
core   0: 3 0x80009d6c (0x00006f17) x30 0x8000fd6c
core   0: 0x80009d70 (0x283f2a23) sw      gp, 660(t5)
core   0: 3 0x80009d70 (0x283f2a23) mem 0x80010000 0x00000001
core   0: 0x80009d74 (0xff9ff06f) j       pc - 0x8
core   0: 3 0x80009d74 (0xff9ff06f)
core   0: 0x80009d6c (0x00006f17) auipc   t5, 0x6
core   0: 3 0x80009d6c (0x00006f17) x30 0x8000fd6c
core   0: 0x80009d70 (0x283f2a23) sw      gp, 660(t5)
core   0: 3 0x80009d70 (0x283f2a23) mem 0x80010000 0x00000001
core   0: 0x80009d74 (0xff9ff06f) j       pc - 0x8
core   0: 3 0x80009d74 (0xff9ff06f)
core   0: 0x80009d6c (0x00006f17) auipc   t5, 0x6
core   0: 3 0x80009d6c (0x00006f17) x30 0x8000fd6c
core   0: 0x80009d70 (0x283f2a23) sw      gp, 660(t5)
core   0: 3 0x80009d70 (0x283f2a23) mem 0x80010000 0x00000001
core   0: 0x80009d74 (0xff9ff06f) j       pc - 0x8
core   0: 3 0x80009d74 (0xff9ff06f)
core   0: 0x80009d6c (0x00006f17) auipc   t5, 0x6
core   0: 3 0x80009d6c (0x00006f17) x30 0x8000fd6c
core   0: 0x80009d70 (0x283f2a23) sw      gp, 660(t5)
core   0: 3 0x80009d70 (0x283f2a23) mem 0x80010000 0x00000001
core   0: 0x80009d74 (0xff9ff06f) j       pc - 0x8
core   0: 3 0x80009d74 (0xff9ff06f)
core   0: 0x80009d6c (0x00006f17) auipc   t5, 0x6
core   0: 3 0x80009d6c (0x00006f17) x30 0x8000fd6c
core   0: 0x80009d70 (0x283f2a23) sw      gp, 660(t5)
core   0: 3 0x80009d70 (0x283f2a23) mem 0x80010000 0x00000001
core   0: 0x80009d74 (0xff9ff06f) j       pc - 0x8
core   0: 3 0x80009d74 (0xff9ff06f)
core   0: 0x80009d6c (0x00006f17) auipc   t5, 0x6
core   0: 3 0x80009d6c (0x00006f17) x30 0x8000fd6c
core   0: 0x80009d70 (0x283f2a23) sw      gp, 660(t5)
core   0: 3 0x80009d70 (0x283f2a23) mem 0x80010000 0x00000001
core   0: 0x80009d74 (0xff9ff06f) j       pc - 0x8
core   0: 3 0x80009d74 (0xff9ff06f)
core   0: 0x80009d6c (0x00006f17) auipc   t5, 0x6
core   0: 3 0x80009d6c (0x00006f17) x30 0x8000fd6c
core   0: 0x80009d70 (0x283f2a23) sw      gp, 660(t5)
core   0: 3 0x80009d70 (0x283f2a23) mem 0x80010000 0x00000001
core   0: 0x80009d74 (0xff9ff06f) j       pc - 0x8
core   0: 3 0x80009d74 (0xff9ff06f)
core   0: 0x80009d6c (0x00006f17) auipc   t5, 0x6
core   0: 3 0x80009d6c (0x00006f17) x30 0x8000fd6c
core   0: 0x80009d70 (0x283f2a23) sw      gp, 660(t5)
core   0: 3 0x80009d70 (0x283f2a23) mem 0x80010000 0x00000001
core   0: 0x80009d74 (0xff9ff06f) j       pc - 0x8
core   0: 3 0x80009d74 (0xff9ff06f)
core   0: 0x80009d6c (0x00006f17) auipc   t5, 0x6
core   0: 3 0x80009d6c (0x00006f17) x30 0x8000fd6c
core   0: 0x80009d70 (0x283f2a23) sw      gp, 660(t5)
core   0: 3 0x80009d70 (0x283f2a23) mem 0x80010000 0x00000001
core   0: 0x80009d74 (0xff9ff06f) j       pc - 0x8
core   0: 3 0x80009d74 (0xff9ff06f)
core   0: 0x80009d6c (0x00006f17) auipc   t5, 0x6
core   0: 3 0x80009d6c (0x00006f17) x30 0x8000fd6c
core   0: 0x80009d70 (0x283f2a23) sw      gp, 660(t5)
core   0: 3 0x80009d70 (0x283f2a23) mem 0x80010000 0x00000001
core   0: 0x80009d74 (0xff9ff06f) j       pc - 0x8
core   0: 3 0x80009d74 (0xff9ff06f)
core   0: 0x80009d6c (0x00006f17) auipc   t5, 0x6
core   0: 3 0x80009d6c (0x00006f17) x30 0x8000fd6c
core   0: 0x80009d70 (0x283f2a23) sw      gp, 660(t5)
core   0: 3 0x80009d70 (0x283f2a23) mem 0x80010000 0x00000001
core   0: 0x80009d74 (0xff9ff06f) j       pc - 0x8
core   0: 3 0x80009d74 (0xff9ff06f)
core   0: 0x80009d6c (0x00006f17) auipc   t5, 0x6
core   0: 3 0x80009d6c (0x00006f17) x30 0x8000fd6c
core   0: 0x80009d70 (0x283f2a23) sw      gp, 660(t5)
core   0: 3 0x80009d70 (0x283f2a23) mem 0x80010000 0x00000001
core   0: 0x80009d74 (0xff9ff06f) j       pc - 0x8
core   0: 3 0x80009d74 (0xff9ff06f)
core   0: 0x80009d6c (0x00006f17) auipc   t5, 0x6
core   0: 3 0x80009d6c (0x00006f17) x30 0x8000fd6c
core   0: 0x80009d70 (0x283f2a23) sw      gp, 660(t5)
core   0: 3 0x80009d70 (0x283f2a23) mem 0x80010000 0x00000001
core   0: 0x80009d74 (0xff9ff06f) j       pc - 0x8
core   0: 3 0x80009d74 (0xff9ff06f)
core   0: 0x80009d6c (0x00006f17) auipc   t5, 0x6
core   0: 3 0x80009d6c (0x00006f17) x30 0x8000fd6c
core   0: 0x80009d70 (0x283f2a23) sw      gp, 660(t5)
core   0: 3 0x80009d70 (0x283f2a23) mem 0x80010000 0x00000001
core   0: 0x80009d74 (0xff9ff06f) j       pc - 0x8
core   0: 3 0x80009d74 (0xff9ff06f)
core   0: 0x80009d6c (0x00006f17) auipc   t5, 0x6
core   0: 3 0x80009d6c (0x00006f17) x30 0x8000fd6c
core   0: 0x80009d70 (0x283f2a23) sw      gp, 660(t5)
core   0: 3 0x80009d70 (0x283f2a23) mem 0x80010000 0x00000001
core   0: 0x80009d74 (0xff9ff06f) j       pc - 0x8
core   0: 3 0x80009d74 (0xff9ff06f)
core   0: 0x80009d6c (0x00006f17) auipc   t5, 0x6
core   0: 3 0x80009d6c (0x00006f17) x30 0x8000fd6c
core   0: 0x80009d70 (0x283f2a23) sw      gp, 660(t5)
core   0: 3 0x80009d70 (0x283f2a23) mem 0x80010000 0x00000001
core   0: 0x80009d74 (0xff9ff06f) j       pc - 0x8
core   0: 3 0x80009d74 (0xff9ff06f)
core   0: 0x80009d6c (0x00006f17) auipc   t5, 0x6
core   0: 3 0x80009d6c (0x00006f17) x30 0x8000fd6c
core   0: 0x80009d70 (0x283f2a23) sw      gp, 660(t5)
core   0: 3 0x80009d70 (0x283f2a23) mem 0x80010000 0x00000001
core   0: 0x80009d74 (0xff9ff06f) j       pc - 0x8
core   0: 3 0x80009d74 (0xff9ff06f)
core   0: 0x80009d6c (0x00006f17) auipc   t5, 0x6
core   0: 3 0x80009d6c (0x00006f17) x30 0x8000fd6c
core   0: 0x80009d70 (0x283f2a23) sw      gp, 660(t5)
core   0: 3 0x80009d70 (0x283f2a23) mem 0x80010000 0x00000001
core   0: 0x80009d74 (0xff9ff06f) j       pc - 0x8
core   0: 3 0x80009d74 (0xff9ff06f)
core   0: 0x80009d6c (0x00006f17) auipc   t5, 0x6
core   0: 3 0x80009d6c (0x00006f17) x30 0x8000fd6c
core   0: 0x80009d70 (0x283f2a23) sw      gp, 660(t5)
core   0: 3 0x80009d70 (0x283f2a23) mem 0x80010000 0x00000001
core   0: 0x80009d74 (0xff9ff06f) j       pc - 0x8
core   0: 3 0x80009d74 (0xff9ff06f)
core   0: 0x80009d6c (0x00006f17) auipc   t5, 0x6
core   0: 3 0x80009d6c (0x00006f17) x30 0x8000fd6c
core   0: 0x80009d70 (0x283f2a23) sw      gp, 660(t5)
core   0: 3 0x80009d70 (0x283f2a23) mem 0x80010000 0x00000001
core   0: 0x80009d74 (0xff9ff06f) j       pc - 0x8
core   0: 3 0x80009d74 (0xff9ff06f)
core   0: 0x80009d6c (0x00006f17) auipc   t5, 0x6
core   0: 3 0x80009d6c (0x00006f17) x30 0x8000fd6c
core   0: 0x80009d70 (0x283f2a23) sw      gp, 660(t5)
core   0: 3 0x80009d70 (0x283f2a23) mem 0x80010000 0x00000001
core   0: 0x80009d74 (0xff9ff06f) j       pc - 0x8
core   0: 3 0x80009d74 (0xff9ff06f)
core   0: 0x80009d6c (0x00006f17) auipc   t5, 0x6
core   0: 3 0x80009d6c (0x00006f17) x30 0x8000fd6c
core   0: 0x80009d70 (0x283f2a23) sw      gp, 660(t5)
core   0: 3 0x80009d70 (0x283f2a23) mem 0x80010000 0x00000001
core   0: 0x80009d74 (0xff9ff06f) j       pc - 0x8
core   0: 3 0x80009d74 (0xff9ff06f)
core   0: 0x80009d6c (0x00006f17) auipc   t5, 0x6
core   0: 3 0x80009d6c (0x00006f17) x30 0x8000fd6c
core   0: 0x80009d70 (0x283f2a23) sw      gp, 660(t5)
core   0: 3 0x80009d70 (0x283f2a23) mem 0x80010000 0x00000001
core   0: 0x80009d74 (0xff9ff06f) j       pc - 0x8
core   0: 3 0x80009d74 (0xff9ff06f)
core   0: 0x80009d6c (0x00006f17) auipc   t5, 0x6
core   0: 3 0x80009d6c (0x00006f17) x30 0x8000fd6c
core   0: 0x80009d70 (0x283f2a23) sw      gp, 660(t5)
core   0: 3 0x80009d70 (0x283f2a23) mem 0x80010000 0x00000001
core   0: 0x80009d74 (0xff9ff06f) j       pc - 0x8
core   0: 3 0x80009d74 (0xff9ff06f)
core   0: 0x80009d6c (0x00006f17) auipc   t5, 0x6
core   0: 3 0x80009d6c (0x00006f17) x30 0x8000fd6c
core   0: 0x80009d70 (0x283f2a23) sw      gp, 660(t5)
core   0: 3 0x80009d70 (0x283f2a23) mem 0x80010000 0x00000001
core   0: 0x80009d74 (0xff9ff06f) j       pc - 0x8
core   0: 3 0x80009d74 (0xff9ff06f)
core   0: 0x80009d6c (0x00006f17) auipc   t5, 0x6
core   0: 3 0x80009d6c (0x00006f17) x30 0x8000fd6c
core   0: 0x80009d70 (0x283f2a23) sw      gp, 660(t5)
core   0: 3 0x80009d70 (0x283f2a23) mem 0x80010000 0x00000001
core   0: 0x80009d74 (0xff9ff06f) j       pc - 0x8
core   0: 3 0x80009d74 (0xff9ff06f)
core   0: 0x80009d6c (0x00006f17) auipc   t5, 0x6
core   0: 3 0x80009d6c (0x00006f17) x30 0x8000fd6c
core   0: 0x80009d70 (0x283f2a23) sw      gp, 660(t5)
core   0: 3 0x80009d70 (0x283f2a23) mem 0x80010000 0x00000001
core   0: 0x80009d74 (0xff9ff06f) j       pc - 0x8
core   0: 3 0x80009d74 (0xff9ff06f)
core   0: 0x80009d6c (0x00006f17) auipc   t5, 0x6
core   0: 3 0x80009d6c (0x00006f17) x30 0x8000fd6c
core   0: 0x80009d70 (0x283f2a23) sw      gp, 660(t5)
core   0: 3 0x80009d70 (0x283f2a23) mem 0x80010000 0x00000001
core   0: 0x80009d74 (0xff9ff06f) j       pc - 0x8
core   0: 3 0x80009d74 (0xff9ff06f)
core   0: 0x80009d6c (0x00006f17) auipc   t5, 0x6
core   0: 3 0x80009d6c (0x00006f17) x30 0x8000fd6c
core   0: 0x80009d70 (0x283f2a23) sw      gp, 660(t5)
core   0: 3 0x80009d70 (0x283f2a23) mem 0x80010000 0x00000001
core   0: 0x80009d74 (0xff9ff06f) j       pc - 0x8
core   0: 3 0x80009d74 (0xff9ff06f)
core   0: 0x80009d6c (0x00006f17) auipc   t5, 0x6
core   0: 3 0x80009d6c (0x00006f17) x30 0x8000fd6c
core   0: 0x80009d70 (0x283f2a23) sw      gp, 660(t5)
core   0: 3 0x80009d70 (0x283f2a23) mem 0x80010000 0x00000001
core   0: 0x80009d74 (0xff9ff06f) j       pc - 0x8
core   0: 3 0x80009d74 (0xff9ff06f)
core   0: 0x80009d6c (0x00006f17) auipc   t5, 0x6
core   0: 3 0x80009d6c (0x00006f17) x30 0x8000fd6c
core   0: 0x80009d70 (0x283f2a23) sw      gp, 660(t5)
core   0: 3 0x80009d70 (0x283f2a23) mem 0x80010000 0x00000001
core   0: 0x80009d74 (0xff9ff06f) j       pc - 0x8
core   0: 3 0x80009d74 (0xff9ff06f)
core   0: 0x80009d6c (0x00006f17) auipc   t5, 0x6
core   0: 3 0x80009d6c (0x00006f17) x30 0x8000fd6c
core   0: 0x80009d70 (0x283f2a23) sw      gp, 660(t5)
core   0: 3 0x80009d70 (0x283f2a23) mem 0x80010000 0x00000001
core   0: 0x80009d74 (0xff9ff06f) j       pc - 0x8
core   0: 3 0x80009d74 (0xff9ff06f)
core   0: 0x80009d6c (0x00006f17) auipc   t5, 0x6
core   0: 3 0x80009d6c (0x00006f17) x30 0x8000fd6c
core   0: 0x80009d70 (0x283f2a23) sw      gp, 660(t5)
core   0: 3 0x80009d70 (0x283f2a23) mem 0x80010000 0x00000001
core   0: 0x80009d74 (0xff9ff06f) j       pc - 0x8
core   0: 3 0x80009d74 (0xff9ff06f)
core   0: 0x80009d6c (0x00006f17) auipc   t5, 0x6
core   0: 3 0x80009d6c (0x00006f17) x30 0x8000fd6c
core   0: 0x80009d70 (0x283f2a23) sw      gp, 660(t5)
core   0: 3 0x80009d70 (0x283f2a23) mem 0x80010000 0x00000001
core   0: 0x80009d74 (0xff9ff06f) j       pc - 0x8
core   0: 3 0x80009d74 (0xff9ff06f)
core   0: 0x80009d6c (0x00006f17) auipc   t5, 0x6
core   0: 3 0x80009d6c (0x00006f17) x30 0x8000fd6c
core   0: 0x80009d70 (0x283f2a23) sw      gp, 660(t5)
core   0: 3 0x80009d70 (0x283f2a23) mem 0x80010000 0x00000001
core   0: 0x80009d74 (0xff9ff06f) j       pc - 0x8
core   0: 3 0x80009d74 (0xff9ff06f)
core   0: 0x80009d6c (0x00006f17) auipc   t5, 0x6
core   0: 3 0x80009d6c (0x00006f17) x30 0x8000fd6c
core   0: 0x80009d70 (0x283f2a23) sw      gp, 660(t5)
core   0: 3 0x80009d70 (0x283f2a23) mem 0x80010000 0x00000001
core   0: 0x80009d74 (0xff9ff06f) j       pc - 0x8
core   0: 3 0x80009d74 (0xff9ff06f)
core   0: 0x80009d6c (0x00006f17) auipc   t5, 0x6
core   0: 3 0x80009d6c (0x00006f17) x30 0x8000fd6c
core   0: 0x80009d70 (0x283f2a23) sw      gp, 660(t5)
core   0: 3 0x80009d70 (0x283f2a23) mem 0x80010000 0x00000001
core   0: 0x80009d74 (0xff9ff06f) j       pc - 0x8
core   0: 3 0x80009d74 (0xff9ff06f)
core   0: 0x80009d6c (0x00006f17) auipc   t5, 0x6
core   0: 3 0x80009d6c (0x00006f17) x30 0x8000fd6c
core   0: 0x80009d70 (0x283f2a23) sw      gp, 660(t5)
core   0: 3 0x80009d70 (0x283f2a23) mem 0x80010000 0x00000001
core   0: 0x80009d74 (0xff9ff06f) j       pc - 0x8
core   0: 3 0x80009d74 (0xff9ff06f)
core   0: 0x80009d6c (0x00006f17) auipc   t5, 0x6
core   0: 3 0x80009d6c (0x00006f17) x30 0x8000fd6c
core   0: 0x80009d70 (0x283f2a23) sw      gp, 660(t5)
core   0: 3 0x80009d70 (0x283f2a23) mem 0x80010000 0x00000001
core   0: 0x80009d74 (0xff9ff06f) j       pc - 0x8
core   0: 3 0x80009d74 (0xff9ff06f)
core   0: 0x80009d6c (0x00006f17) auipc   t5, 0x6
core   0: 3 0x80009d6c (0x00006f17) x30 0x8000fd6c
core   0: 0x80009d70 (0x283f2a23) sw      gp, 660(t5)
core   0: 3 0x80009d70 (0x283f2a23) mem 0x80010000 0x00000001
core   0: 0x80009d74 (0xff9ff06f) j       pc - 0x8
core   0: 3 0x80009d74 (0xff9ff06f)
core   0: 0x80009d6c (0x00006f17) auipc   t5, 0x6
core   0: 3 0x80009d6c (0x00006f17) x30 0x8000fd6c
core   0: 0x80009d70 (0x283f2a23) sw      gp, 660(t5)
core   0: 3 0x80009d70 (0x283f2a23) mem 0x80010000 0x00000001
core   0: 0x80009d74 (0xff9ff06f) j       pc - 0x8
core   0: 3 0x80009d74 (0xff9ff06f)
core   0: 0x80009d6c (0x00006f17) auipc   t5, 0x6
core   0: 3 0x80009d6c (0x00006f17) x30 0x8000fd6c
core   0: 0x80009d70 (0x283f2a23) sw      gp, 660(t5)
core   0: 3 0x80009d70 (0x283f2a23) mem 0x80010000 0x00000001
core   0: 0x80009d74 (0xff9ff06f) j       pc - 0x8
core   0: 3 0x80009d74 (0xff9ff06f)
core   0: 0x80009d6c (0x00006f17) auipc   t5, 0x6
core   0: 3 0x80009d6c (0x00006f17) x30 0x8000fd6c
core   0: 0x80009d70 (0x283f2a23) sw      gp, 660(t5)
core   0: 3 0x80009d70 (0x283f2a23) mem 0x80010000 0x00000001
core   0: 0x80009d74 (0xff9ff06f) j       pc - 0x8
core   0: 3 0x80009d74 (0xff9ff06f)
core   0: 0x80009d6c (0x00006f17) auipc   t5, 0x6
core   0: 3 0x80009d6c (0x00006f17) x30 0x8000fd6c
core   0: 0x80009d70 (0x283f2a23) sw      gp, 660(t5)
core   0: 3 0x80009d70 (0x283f2a23) mem 0x80010000 0x00000001
core   0: 0x80009d74 (0xff9ff06f) j       pc - 0x8
core   0: 3 0x80009d74 (0xff9ff06f)
core   0: 0x80009d6c (0x00006f17) auipc   t5, 0x6
core   0: 3 0x80009d6c (0x00006f17) x30 0x8000fd6c
core   0: 0x80009d70 (0x283f2a23) sw      gp, 660(t5)
core   0: 3 0x80009d70 (0x283f2a23) mem 0x80010000 0x00000001
core   0: 0x80009d74 (0xff9ff06f) j       pc - 0x8
core   0: 3 0x80009d74 (0xff9ff06f)
core   0: 0x80009d6c (0x00006f17) auipc   t5, 0x6
core   0: 3 0x80009d6c (0x00006f17) x30 0x8000fd6c
core   0: 0x80009d70 (0x283f2a23) sw      gp, 660(t5)
core   0: 3 0x80009d70 (0x283f2a23) mem 0x80010000 0x00000001
core   0: 0x80009d74 (0xff9ff06f) j       pc - 0x8
core   0: 3 0x80009d74 (0xff9ff06f)
core   0: 0x80009d6c (0x00006f17) auipc   t5, 0x6
core   0: 3 0x80009d6c (0x00006f17) x30 0x8000fd6c
core   0: 0x80009d70 (0x283f2a23) sw      gp, 660(t5)
core   0: 3 0x80009d70 (0x283f2a23) mem 0x80010000 0x00000001
core   0: 0x80009d74 (0xff9ff06f) j       pc - 0x8
core   0: 3 0x80009d74 (0xff9ff06f)
core   0: 0x80009d6c (0x00006f17) auipc   t5, 0x6
core   0: 3 0x80009d6c (0x00006f17) x30 0x8000fd6c
core   0: 0x80009d70 (0x283f2a23) sw      gp, 660(t5)
core   0: 3 0x80009d70 (0x283f2a23) mem 0x80010000 0x00000001
core   0: 0x80009d74 (0xff9ff06f) j       pc - 0x8
core   0: 3 0x80009d74 (0xff9ff06f)
core   0: 0x80009d6c (0x00006f17) auipc   t5, 0x6
core   0: 3 0x80009d6c (0x00006f17) x30 0x8000fd6c
core   0: 0x80009d70 (0x283f2a23) sw      gp, 660(t5)
core   0: 3 0x80009d70 (0x283f2a23) mem 0x80010000 0x00000001
core   0: 0x80009d74 (0xff9ff06f) j       pc - 0x8
core   0: 3 0x80009d74 (0xff9ff06f)
core   0: 0x80009d6c (0x00006f17) auipc   t5, 0x6
core   0: 3 0x80009d6c (0x00006f17) x30 0x8000fd6c
core   0: 0x80009d70 (0x283f2a23) sw      gp, 660(t5)
core   0: 3 0x80009d70 (0x283f2a23) mem 0x80010000 0x00000001
core   0: 0x80009d74 (0xff9ff06f) j       pc - 0x8
core   0: 3 0x80009d74 (0xff9ff06f)
core   0: 0x80009d6c (0x00006f17) auipc   t5, 0x6
core   0: 3 0x80009d6c (0x00006f17) x30 0x8000fd6c
core   0: 0x80009d70 (0x283f2a23) sw      gp, 660(t5)
core   0: 3 0x80009d70 (0x283f2a23) mem 0x80010000 0x00000001
core   0: 0x80009d74 (0xff9ff06f) j       pc - 0x8
core   0: 3 0x80009d74 (0xff9ff06f)
core   0: 0x80009d6c (0x00006f17) auipc   t5, 0x6
core   0: 3 0x80009d6c (0x00006f17) x30 0x8000fd6c
core   0: 0x80009d70 (0x283f2a23) sw      gp, 660(t5)
core   0: 3 0x80009d70 (0x283f2a23) mem 0x80010000 0x00000001
core   0: 0x80009d74 (0xff9ff06f) j       pc - 0x8
core   0: 3 0x80009d74 (0xff9ff06f)
core   0: 0x80009d6c (0x00006f17) auipc   t5, 0x6
core   0: 3 0x80009d6c (0x00006f17) x30 0x8000fd6c
core   0: 0x80009d70 (0x283f2a23) sw      gp, 660(t5)
core   0: 3 0x80009d70 (0x283f2a23) mem 0x80010000 0x00000001
core   0: 0x80009d74 (0xff9ff06f) j       pc - 0x8
core   0: 3 0x80009d74 (0xff9ff06f)
core   0: 0x80009d6c (0x00006f17) auipc   t5, 0x6
core   0: 3 0x80009d6c (0x00006f17) x30 0x8000fd6c
core   0: 0x80009d70 (0x283f2a23) sw      gp, 660(t5)
core   0: 3 0x80009d70 (0x283f2a23) mem 0x80010000 0x00000001
core   0: 0x80009d74 (0xff9ff06f) j       pc - 0x8
core   0: 3 0x80009d74 (0xff9ff06f)
core   0: 0x80009d6c (0x00006f17) auipc   t5, 0x6
core   0: 3 0x80009d6c (0x00006f17) x30 0x8000fd6c
core   0: 0x80009d70 (0x283f2a23) sw      gp, 660(t5)
core   0: 3 0x80009d70 (0x283f2a23) mem 0x80010000 0x00000001
core   0: 0x80009d74 (0xff9ff06f) j       pc - 0x8
core   0: 3 0x80009d74 (0xff9ff06f)
core   0: 0x80009d6c (0x00006f17) auipc   t5, 0x6
core   0: 3 0x80009d6c (0x00006f17) x30 0x8000fd6c
core   0: 0x80009d70 (0x283f2a23) sw      gp, 660(t5)
core   0: 3 0x80009d70 (0x283f2a23) mem 0x80010000 0x00000001
core   0: 0x80009d74 (0xff9ff06f) j       pc - 0x8
core   0: 3 0x80009d74 (0xff9ff06f)
core   0: 0x80009d6c (0x00006f17) auipc   t5, 0x6
core   0: 3 0x80009d6c (0x00006f17) x30 0x8000fd6c
core   0: 0x80009d70 (0x283f2a23) sw      gp, 660(t5)
core   0: 3 0x80009d70 (0x283f2a23) mem 0x80010000 0x00000001
core   0: 0x80009d74 (0xff9ff06f) j       pc - 0x8
core   0: 3 0x80009d74 (0xff9ff06f)
core   0: 0x80009d6c (0x00006f17) auipc   t5, 0x6
core   0: 3 0x80009d6c (0x00006f17) x30 0x8000fd6c
core   0: 0x80009d70 (0x283f2a23) sw      gp, 660(t5)
core   0: 3 0x80009d70 (0x283f2a23) mem 0x80010000 0x00000001
core   0: 0x80009d74 (0xff9ff06f) j       pc - 0x8
core   0: 3 0x80009d74 (0xff9ff06f)
core   0: 0x80009d6c (0x00006f17) auipc   t5, 0x6
core   0: 3 0x80009d6c (0x00006f17) x30 0x8000fd6c
core   0: 0x80009d70 (0x283f2a23) sw      gp, 660(t5)
core   0: 3 0x80009d70 (0x283f2a23) mem 0x80010000 0x00000001
core   0: 0x80009d74 (0xff9ff06f) j       pc - 0x8
core   0: 3 0x80009d74 (0xff9ff06f)
core   0: 0x80009d6c (0x00006f17) auipc   t5, 0x6
core   0: 3 0x80009d6c (0x00006f17) x30 0x8000fd6c
core   0: 0x80009d70 (0x283f2a23) sw      gp, 660(t5)
core   0: 3 0x80009d70 (0x283f2a23) mem 0x80010000 0x00000001
core   0: 0x80009d74 (0xff9ff06f) j       pc - 0x8
core   0: 3 0x80009d74 (0xff9ff06f)
core   0: 0x80009d6c (0x00006f17) auipc   t5, 0x6
core   0: 3 0x80009d6c (0x00006f17) x30 0x8000fd6c
core   0: 0x80009d70 (0x283f2a23) sw      gp, 660(t5)
core   0: 3 0x80009d70 (0x283f2a23) mem 0x80010000 0x00000001
core   0: 0x80009d74 (0xff9ff06f) j       pc - 0x8
core   0: 3 0x80009d74 (0xff9ff06f)
core   0: 0x80009d6c (0x00006f17) auipc   t5, 0x6
core   0: 3 0x80009d6c (0x00006f17) x30 0x8000fd6c
core   0: 0x80009d70 (0x283f2a23) sw      gp, 660(t5)
core   0: 3 0x80009d70 (0x283f2a23) mem 0x80010000 0x00000001
core   0: 0x80009d74 (0xff9ff06f) j       pc - 0x8
core   0: 3 0x80009d74 (0xff9ff06f)
core   0: 0x80009d6c (0x00006f17) auipc   t5, 0x6
core   0: 3 0x80009d6c (0x00006f17) x30 0x8000fd6c
core   0: 0x80009d70 (0x283f2a23) sw      gp, 660(t5)
core   0: 3 0x80009d70 (0x283f2a23) mem 0x80010000 0x00000001
core   0: 0x80009d74 (0xff9ff06f) j       pc - 0x8
core   0: 3 0x80009d74 (0xff9ff06f)
core   0: 0x80009d6c (0x00006f17) auipc   t5, 0x6
core   0: 3 0x80009d6c (0x00006f17) x30 0x8000fd6c
core   0: 0x80009d70 (0x283f2a23) sw      gp, 660(t5)
core   0: 3 0x80009d70 (0x283f2a23) mem 0x80010000 0x00000001
core   0: 0x80009d74 (0xff9ff06f) j       pc - 0x8
core   0: 3 0x80009d74 (0xff9ff06f)
core   0: 0x80009d6c (0x00006f17) auipc   t5, 0x6
core   0: 3 0x80009d6c (0x00006f17) x30 0x8000fd6c
core   0: 0x80009d70 (0x283f2a23) sw      gp, 660(t5)
core   0: 3 0x80009d70 (0x283f2a23) mem 0x80010000 0x00000001
core   0: 0x80009d74 (0xff9ff06f) j       pc - 0x8
core   0: 3 0x80009d74 (0xff9ff06f)
core   0: 0x80009d6c (0x00006f17) auipc   t5, 0x6
core   0: 3 0x80009d6c (0x00006f17) x30 0x8000fd6c
core   0: 0x80009d70 (0x283f2a23) sw      gp, 660(t5)
core   0: 3 0x80009d70 (0x283f2a23) mem 0x80010000 0x00000001
core   0: 0x80009d74 (0xff9ff06f) j       pc - 0x8
core   0: 3 0x80009d74 (0xff9ff06f)
core   0: 0x80009d6c (0x00006f17) auipc   t5, 0x6
core   0: 3 0x80009d6c (0x00006f17) x30 0x8000fd6c
core   0: 0x80009d70 (0x283f2a23) sw      gp, 660(t5)
core   0: 3 0x80009d70 (0x283f2a23) mem 0x80010000 0x00000001
core   0: 0x80009d74 (0xff9ff06f) j       pc - 0x8
core   0: 3 0x80009d74 (0xff9ff06f)
core   0: 0x80009d6c (0x00006f17) auipc   t5, 0x6
core   0: 3 0x80009d6c (0x00006f17) x30 0x8000fd6c
core   0: 0x80009d70 (0x283f2a23) sw      gp, 660(t5)
core   0: 3 0x80009d70 (0x283f2a23) mem 0x80010000 0x00000001
core   0: 0x80009d74 (0xff9ff06f) j       pc - 0x8
core   0: 3 0x80009d74 (0xff9ff06f)
core   0: 0x80009d6c (0x00006f17) auipc   t5, 0x6
core   0: 3 0x80009d6c (0x00006f17) x30 0x8000fd6c
core   0: 0x80009d70 (0x283f2a23) sw      gp, 660(t5)
core   0: 3 0x80009d70 (0x283f2a23) mem 0x80010000 0x00000001
core   0: 0x80009d74 (0xff9ff06f) j       pc - 0x8
core   0: 3 0x80009d74 (0xff9ff06f)
core   0: 0x80009d6c (0x00006f17) auipc   t5, 0x6
core   0: 3 0x80009d6c (0x00006f17) x30 0x8000fd6c
core   0: 0x80009d70 (0x283f2a23) sw      gp, 660(t5)
core   0: 3 0x80009d70 (0x283f2a23) mem 0x80010000 0x00000001
core   0: 0x80009d74 (0xff9ff06f) j       pc - 0x8
core   0: 3 0x80009d74 (0xff9ff06f)
core   0: 0x80009d6c (0x00006f17) auipc   t5, 0x6
core   0: 3 0x80009d6c (0x00006f17) x30 0x8000fd6c
core   0: 0x80009d70 (0x283f2a23) sw      gp, 660(t5)
core   0: 3 0x80009d70 (0x283f2a23) mem 0x80010000 0x00000001
core   0: 0x80009d74 (0xff9ff06f) j       pc - 0x8
core   0: 3 0x80009d74 (0xff9ff06f)
core   0: 0x80009d6c (0x00006f17) auipc   t5, 0x6
core   0: 3 0x80009d6c (0x00006f17) x30 0x8000fd6c
core   0: 0x80009d70 (0x283f2a23) sw      gp, 660(t5)
core   0: 3 0x80009d70 (0x283f2a23) mem 0x80010000 0x00000001
core   0: 0x80009d74 (0xff9ff06f) j       pc - 0x8
core   0: 3 0x80009d74 (0xff9ff06f)
core   0: 0x80009d6c (0x00006f17) auipc   t5, 0x6
core   0: 3 0x80009d6c (0x00006f17) x30 0x8000fd6c
core   0: 0x80009d70 (0x283f2a23) sw      gp, 660(t5)
core   0: 3 0x80009d70 (0x283f2a23) mem 0x80010000 0x00000001
core   0: 0x80009d74 (0xff9ff06f) j       pc - 0x8
core   0: 3 0x80009d74 (0xff9ff06f)
core   0: 0x80009d6c (0x00006f17) auipc   t5, 0x6
core   0: 3 0x80009d6c (0x00006f17) x30 0x8000fd6c
core   0: 0x80009d70 (0x283f2a23) sw      gp, 660(t5)
core   0: 3 0x80009d70 (0x283f2a23) mem 0x80010000 0x00000001
core   0: 0x80009d74 (0xff9ff06f) j       pc - 0x8
core   0: 3 0x80009d74 (0xff9ff06f)
core   0: 0x80009d6c (0x00006f17) auipc   t5, 0x6
core   0: 3 0x80009d6c (0x00006f17) x30 0x8000fd6c
core   0: 0x80009d70 (0x283f2a23) sw      gp, 660(t5)
core   0: 3 0x80009d70 (0x283f2a23) mem 0x80010000 0x00000001
core   0: 0x80009d74 (0xff9ff06f) j       pc - 0x8
core   0: 3 0x80009d74 (0xff9ff06f)
core   0: 0x80009d6c (0x00006f17) auipc   t5, 0x6
core   0: 3 0x80009d6c (0x00006f17) x30 0x8000fd6c
core   0: 0x80009d70 (0x283f2a23) sw      gp, 660(t5)
core   0: 3 0x80009d70 (0x283f2a23) mem 0x80010000 0x00000001
core   0: 0x80009d74 (0xff9ff06f) j       pc - 0x8
core   0: 3 0x80009d74 (0xff9ff06f)
core   0: 0x80009d6c (0x00006f17) auipc   t5, 0x6
core   0: 3 0x80009d6c (0x00006f17) x30 0x8000fd6c
core   0: 0x80009d70 (0x283f2a23) sw      gp, 660(t5)
core   0: 3 0x80009d70 (0x283f2a23) mem 0x80010000 0x00000001
core   0: 0x80009d74 (0xff9ff06f) j       pc - 0x8
core   0: 3 0x80009d74 (0xff9ff06f)
core   0: 0x80009d6c (0x00006f17) auipc   t5, 0x6
core   0: 3 0x80009d6c (0x00006f17) x30 0x8000fd6c
core   0: 0x80009d70 (0x283f2a23) sw      gp, 660(t5)
core   0: 3 0x80009d70 (0x283f2a23) mem 0x80010000 0x00000001
core   0: 0x80009d74 (0xff9ff06f) j       pc - 0x8
core   0: 3 0x80009d74 (0xff9ff06f)
core   0: 0x80009d6c (0x00006f17) auipc   t5, 0x6
core   0: 3 0x80009d6c (0x00006f17) x30 0x8000fd6c
core   0: 0x80009d70 (0x283f2a23) sw      gp, 660(t5)
core   0: 3 0x80009d70 (0x283f2a23) mem 0x80010000 0x00000001
core   0: 0x80009d74 (0xff9ff06f) j       pc - 0x8
core   0: 3 0x80009d74 (0xff9ff06f)
core   0: 0x80009d6c (0x00006f17) auipc   t5, 0x6
core   0: 3 0x80009d6c (0x00006f17) x30 0x8000fd6c
core   0: 0x80009d70 (0x283f2a23) sw      gp, 660(t5)
core   0: 3 0x80009d70 (0x283f2a23) mem 0x80010000 0x00000001
core   0: 0x80009d74 (0xff9ff06f) j       pc - 0x8
core   0: 3 0x80009d74 (0xff9ff06f)
core   0: 0x80009d6c (0x00006f17) auipc   t5, 0x6
core   0: 3 0x80009d6c (0x00006f17) x30 0x8000fd6c
core   0: 0x80009d70 (0x283f2a23) sw      gp, 660(t5)
core   0: 3 0x80009d70 (0x283f2a23) mem 0x80010000 0x00000001
core   0: 0x80009d74 (0xff9ff06f) j       pc - 0x8
core   0: 3 0x80009d74 (0xff9ff06f)
core   0: 0x80009d6c (0x00006f17) auipc   t5, 0x6
core   0: 3 0x80009d6c (0x00006f17) x30 0x8000fd6c
core   0: 0x80009d70 (0x283f2a23) sw      gp, 660(t5)
core   0: 3 0x80009d70 (0x283f2a23) mem 0x80010000 0x00000001
core   0: 0x80009d74 (0xff9ff06f) j       pc - 0x8
core   0: 3 0x80009d74 (0xff9ff06f)
core   0: 0x80009d6c (0x00006f17) auipc   t5, 0x6
core   0: 3 0x80009d6c (0x00006f17) x30 0x8000fd6c
core   0: 0x80009d70 (0x283f2a23) sw      gp, 660(t5)
core   0: 3 0x80009d70 (0x283f2a23) mem 0x80010000 0x00000001
core   0: 0x80009d74 (0xff9ff06f) j       pc - 0x8
core   0: 3 0x80009d74 (0xff9ff06f)
core   0: 0x80009d6c (0x00006f17) auipc   t5, 0x6
core   0: 3 0x80009d6c (0x00006f17) x30 0x8000fd6c
core   0: 0x80009d70 (0x283f2a23) sw      gp, 660(t5)
core   0: 3 0x80009d70 (0x283f2a23) mem 0x80010000 0x00000001
core   0: 0x80009d74 (0xff9ff06f) j       pc - 0x8
core   0: 3 0x80009d74 (0xff9ff06f)
core   0: 0x80009d6c (0x00006f17) auipc   t5, 0x6
core   0: 3 0x80009d6c (0x00006f17) x30 0x8000fd6c
core   0: 0x80009d70 (0x283f2a23) sw      gp, 660(t5)
core   0: 3 0x80009d70 (0x283f2a23) mem 0x80010000 0x00000001
core   0: 0x80009d74 (0xff9ff06f) j       pc - 0x8
core   0: 3 0x80009d74 (0xff9ff06f)
core   0: 0x80009d6c (0x00006f17) auipc   t5, 0x6
core   0: 3 0x80009d6c (0x00006f17) x30 0x8000fd6c
core   0: 0x80009d70 (0x283f2a23) sw      gp, 660(t5)
core   0: 3 0x80009d70 (0x283f2a23) mem 0x80010000 0x00000001
core   0: 0x80009d74 (0xff9ff06f) j       pc - 0x8
core   0: 3 0x80009d74 (0xff9ff06f)
core   0: 0x80009d6c (0x00006f17) auipc   t5, 0x6
core   0: 3 0x80009d6c (0x00006f17) x30 0x8000fd6c
core   0: 0x80009d70 (0x283f2a23) sw      gp, 660(t5)
core   0: 3 0x80009d70 (0x283f2a23) mem 0x80010000 0x00000001
core   0: 0x80009d74 (0xff9ff06f) j       pc - 0x8
core   0: 3 0x80009d74 (0xff9ff06f)
core   0: 0x80009d6c (0x00006f17) auipc   t5, 0x6
core   0: 3 0x80009d6c (0x00006f17) x30 0x8000fd6c
core   0: 0x80009d70 (0x283f2a23) sw      gp, 660(t5)
core   0: 3 0x80009d70 (0x283f2a23) mem 0x80010000 0x00000001
core   0: 0x80009d74 (0xff9ff06f) j       pc - 0x8
core   0: 3 0x80009d74 (0xff9ff06f)
core   0: 0x80009d6c (0x00006f17) auipc   t5, 0x6
core   0: 3 0x80009d6c (0x00006f17) x30 0x8000fd6c
core   0: 0x80009d70 (0x283f2a23) sw      gp, 660(t5)
core   0: 3 0x80009d70 (0x283f2a23) mem 0x80010000 0x00000001
core   0: 0x80009d74 (0xff9ff06f) j       pc - 0x8
core   0: 3 0x80009d74 (0xff9ff06f)
core   0: 0x80009d6c (0x00006f17) auipc   t5, 0x6
core   0: 3 0x80009d6c (0x00006f17) x30 0x8000fd6c
core   0: 0x80009d70 (0x283f2a23) sw      gp, 660(t5)
core   0: 3 0x80009d70 (0x283f2a23) mem 0x80010000 0x00000001
core   0: 0x80009d74 (0xff9ff06f) j       pc - 0x8
core   0: 3 0x80009d74 (0xff9ff06f)
core   0: 0x80009d6c (0x00006f17) auipc   t5, 0x6
core   0: 3 0x80009d6c (0x00006f17) x30 0x8000fd6c
core   0: 0x80009d70 (0x283f2a23) sw      gp, 660(t5)
core   0: 3 0x80009d70 (0x283f2a23) mem 0x80010000 0x00000001
core   0: 0x80009d74 (0xff9ff06f) j       pc - 0x8
core   0: 3 0x80009d74 (0xff9ff06f)
core   0: 0x80009d6c (0x00006f17) auipc   t5, 0x6
core   0: 3 0x80009d6c (0x00006f17) x30 0x8000fd6c
core   0: 0x80009d70 (0x283f2a23) sw      gp, 660(t5)
core   0: 3 0x80009d70 (0x283f2a23) mem 0x80010000 0x00000001
core   0: 0x80009d74 (0xff9ff06f) j       pc - 0x8
core   0: 3 0x80009d74 (0xff9ff06f)
core   0: 0x80009d6c (0x00006f17) auipc   t5, 0x6
core   0: 3 0x80009d6c (0x00006f17) x30 0x8000fd6c
core   0: 0x80009d70 (0x283f2a23) sw      gp, 660(t5)
core   0: 3 0x80009d70 (0x283f2a23) mem 0x80010000 0x00000001
core   0: 0x80009d74 (0xff9ff06f) j       pc - 0x8
core   0: 3 0x80009d74 (0xff9ff06f)
core   0: 0x80009d6c (0x00006f17) auipc   t5, 0x6
core   0: 3 0x80009d6c (0x00006f17) x30 0x8000fd6c
core   0: 0x80009d70 (0x283f2a23) sw      gp, 660(t5)
core   0: 3 0x80009d70 (0x283f2a23) mem 0x80010000 0x00000001
core   0: 0x80009d74 (0xff9ff06f) j       pc - 0x8
core   0: 3 0x80009d74 (0xff9ff06f)
core   0: 0x80009d6c (0x00006f17) auipc   t5, 0x6
core   0: 3 0x80009d6c (0x00006f17) x30 0x8000fd6c
core   0: 0x80009d70 (0x283f2a23) sw      gp, 660(t5)
core   0: 3 0x80009d70 (0x283f2a23) mem 0x80010000 0x00000001
core   0: 0x80009d74 (0xff9ff06f) j       pc - 0x8
core   0: 3 0x80009d74 (0xff9ff06f)
core   0: 0x80009d6c (0x00006f17) auipc   t5, 0x6
core   0: 3 0x80009d6c (0x00006f17) x30 0x8000fd6c
core   0: 0x80009d70 (0x283f2a23) sw      gp, 660(t5)
core   0: 3 0x80009d70 (0x283f2a23) mem 0x80010000 0x00000001
core   0: 0x80009d74 (0xff9ff06f) j       pc - 0x8
core   0: 3 0x80009d74 (0xff9ff06f)
core   0: 0x80009d6c (0x00006f17) auipc   t5, 0x6
core   0: 3 0x80009d6c (0x00006f17) x30 0x8000fd6c
core   0: 0x80009d70 (0x283f2a23) sw      gp, 660(t5)
core   0: 3 0x80009d70 (0x283f2a23) mem 0x80010000 0x00000001
core   0: 0x80009d74 (0xff9ff06f) j       pc - 0x8
core   0: 3 0x80009d74 (0xff9ff06f)
core   0: 0x80009d6c (0x00006f17) auipc   t5, 0x6
core   0: 3 0x80009d6c (0x00006f17) x30 0x8000fd6c
core   0: 0x80009d70 (0x283f2a23) sw      gp, 660(t5)
core   0: 3 0x80009d70 (0x283f2a23) mem 0x80010000 0x00000001
core   0: 0x80009d74 (0xff9ff06f) j       pc - 0x8
core   0: 3 0x80009d74 (0xff9ff06f)
core   0: 0x80009d6c (0x00006f17) auipc   t5, 0x6
core   0: 3 0x80009d6c (0x00006f17) x30 0x8000fd6c
core   0: 0x80009d70 (0x283f2a23) sw      gp, 660(t5)
core   0: 3 0x80009d70 (0x283f2a23) mem 0x80010000 0x00000001
core   0: 0x80009d74 (0xff9ff06f) j       pc - 0x8
core   0: 3 0x80009d74 (0xff9ff06f)
core   0: 0x80009d6c (0x00006f17) auipc   t5, 0x6
core   0: 3 0x80009d6c (0x00006f17) x30 0x8000fd6c
core   0: 0x80009d70 (0x283f2a23) sw      gp, 660(t5)
core   0: 3 0x80009d70 (0x283f2a23) mem 0x80010000 0x00000001
core   0: 0x80009d74 (0xff9ff06f) j       pc - 0x8
core   0: 3 0x80009d74 (0xff9ff06f)
core   0: 0x80009d6c (0x00006f17) auipc   t5, 0x6
core   0: 3 0x80009d6c (0x00006f17) x30 0x8000fd6c
core   0: 0x80009d70 (0x283f2a23) sw      gp, 660(t5)
core   0: 3 0x80009d70 (0x283f2a23) mem 0x80010000 0x00000001
core   0: 0x80009d74 (0xff9ff06f) j       pc - 0x8
core   0: 3 0x80009d74 (0xff9ff06f)
core   0: 0x80009d6c (0x00006f17) auipc   t5, 0x6
core   0: 3 0x80009d6c (0x00006f17) x30 0x8000fd6c
core   0: 0x80009d70 (0x283f2a23) sw      gp, 660(t5)
core   0: 3 0x80009d70 (0x283f2a23) mem 0x80010000 0x00000001
core   0: 0x80009d74 (0xff9ff06f) j       pc - 0x8
core   0: 3 0x80009d74 (0xff9ff06f)
core   0: 0x80009d6c (0x00006f17) auipc   t5, 0x6
core   0: 3 0x80009d6c (0x00006f17) x30 0x8000fd6c
core   0: 0x80009d70 (0x283f2a23) sw      gp, 660(t5)
core   0: 3 0x80009d70 (0x283f2a23) mem 0x80010000 0x00000001
core   0: 0x80009d74 (0xff9ff06f) j       pc - 0x8
core   0: 3 0x80009d74 (0xff9ff06f)
core   0: 0x80009d6c (0x00006f17) auipc   t5, 0x6
core   0: 3 0x80009d6c (0x00006f17) x30 0x8000fd6c
core   0: 0x80009d70 (0x283f2a23) sw      gp, 660(t5)
core   0: 3 0x80009d70 (0x283f2a23) mem 0x80010000 0x00000001
core   0: 0x80009d74 (0xff9ff06f) j       pc - 0x8
core   0: 3 0x80009d74 (0xff9ff06f)
core   0: 0x80009d6c (0x00006f17) auipc   t5, 0x6
core   0: 3 0x80009d6c (0x00006f17) x30 0x8000fd6c
core   0: 0x80009d70 (0x283f2a23) sw      gp, 660(t5)
core   0: 3 0x80009d70 (0x283f2a23) mem 0x80010000 0x00000001
core   0: 0x80009d74 (0xff9ff06f) j       pc - 0x8
core   0: 3 0x80009d74 (0xff9ff06f)
core   0: 0x80009d6c (0x00006f17) auipc   t5, 0x6
core   0: 3 0x80009d6c (0x00006f17) x30 0x8000fd6c
core   0: 0x80009d70 (0x283f2a23) sw      gp, 660(t5)
core   0: 3 0x80009d70 (0x283f2a23) mem 0x80010000 0x00000001
core   0: 0x80009d74 (0xff9ff06f) j       pc - 0x8
core   0: 3 0x80009d74 (0xff9ff06f)
core   0: 0x80009d6c (0x00006f17) auipc   t5, 0x6
core   0: 3 0x80009d6c (0x00006f17) x30 0x8000fd6c
core   0: 0x80009d70 (0x283f2a23) sw      gp, 660(t5)
core   0: 3 0x80009d70 (0x283f2a23) mem 0x80010000 0x00000001
core   0: 0x80009d74 (0xff9ff06f) j       pc - 0x8
core   0: 3 0x80009d74 (0xff9ff06f)
core   0: 0x80009d6c (0x00006f17) auipc   t5, 0x6
core   0: 3 0x80009d6c (0x00006f17) x30 0x8000fd6c
core   0: 0x80009d70 (0x283f2a23) sw      gp, 660(t5)
core   0: 3 0x80009d70 (0x283f2a23) mem 0x80010000 0x00000001
core   0: 0x80009d74 (0xff9ff06f) j       pc - 0x8
core   0: 3 0x80009d74 (0xff9ff06f)
core   0: 0x80009d6c (0x00006f17) auipc   t5, 0x6
core   0: 3 0x80009d6c (0x00006f17) x30 0x8000fd6c
core   0: 0x80009d70 (0x283f2a23) sw      gp, 660(t5)
core   0: 3 0x80009d70 (0x283f2a23) mem 0x80010000 0x00000001
core   0: 0x80009d74 (0xff9ff06f) j       pc - 0x8
core   0: 3 0x80009d74 (0xff9ff06f)
core   0: 0x80009d6c (0x00006f17) auipc   t5, 0x6
core   0: 3 0x80009d6c (0x00006f17) x30 0x8000fd6c
core   0: 0x80009d70 (0x283f2a23) sw      gp, 660(t5)
core   0: 3 0x80009d70 (0x283f2a23) mem 0x80010000 0x00000001
core   0: 0x80009d74 (0xff9ff06f) j       pc - 0x8
core   0: 3 0x80009d74 (0xff9ff06f)
core   0: 0x80009d6c (0x00006f17) auipc   t5, 0x6
core   0: 3 0x80009d6c (0x00006f17) x30 0x8000fd6c
core   0: 0x80009d70 (0x283f2a23) sw      gp, 660(t5)
core   0: 3 0x80009d70 (0x283f2a23) mem 0x80010000 0x00000001
core   0: 0x80009d74 (0xff9ff06f) j       pc - 0x8
core   0: 3 0x80009d74 (0xff9ff06f)
core   0: 0x80009d6c (0x00006f17) auipc   t5, 0x6
core   0: 3 0x80009d6c (0x00006f17) x30 0x8000fd6c
core   0: 0x80009d70 (0x283f2a23) sw      gp, 660(t5)
core   0: 3 0x80009d70 (0x283f2a23) mem 0x80010000 0x00000001
core   0: 0x80009d74 (0xff9ff06f) j       pc - 0x8
core   0: 3 0x80009d74 (0xff9ff06f)
core   0: 0x80009d6c (0x00006f17) auipc   t5, 0x6
core   0: 3 0x80009d6c (0x00006f17) x30 0x8000fd6c
core   0: 0x80009d70 (0x283f2a23) sw      gp, 660(t5)
core   0: 3 0x80009d70 (0x283f2a23) mem 0x80010000 0x00000001
core   0: 0x80009d74 (0xff9ff06f) j       pc - 0x8
core   0: 3 0x80009d74 (0xff9ff06f)
core   0: 0x80009d6c (0x00006f17) auipc   t5, 0x6
core   0: 3 0x80009d6c (0x00006f17) x30 0x8000fd6c
core   0: 0x80009d70 (0x283f2a23) sw      gp, 660(t5)
core   0: 3 0x80009d70 (0x283f2a23) mem 0x80010000 0x00000001
core   0: 0x80009d74 (0xff9ff06f) j       pc - 0x8
core   0: 3 0x80009d74 (0xff9ff06f)
core   0: 0x80009d6c (0x00006f17) auipc   t5, 0x6
core   0: 3 0x80009d6c (0x00006f17) x30 0x8000fd6c
core   0: 0x80009d70 (0x283f2a23) sw      gp, 660(t5)
core   0: 3 0x80009d70 (0x283f2a23) mem 0x80010000 0x00000001
core   0: 0x80009d74 (0xff9ff06f) j       pc - 0x8
core   0: 3 0x80009d74 (0xff9ff06f)
core   0: 0x80009d6c (0x00006f17) auipc   t5, 0x6
core   0: 3 0x80009d6c (0x00006f17) x30 0x8000fd6c
core   0: 0x80009d70 (0x283f2a23) sw      gp, 660(t5)
core   0: 3 0x80009d70 (0x283f2a23) mem 0x80010000 0x00000001
core   0: 0x80009d74 (0xff9ff06f) j       pc - 0x8
core   0: 3 0x80009d74 (0xff9ff06f)
core   0: 0x80009d6c (0x00006f17) auipc   t5, 0x6
core   0: 3 0x80009d6c (0x00006f17) x30 0x8000fd6c
core   0: 0x80009d70 (0x283f2a23) sw      gp, 660(t5)
core   0: 3 0x80009d70 (0x283f2a23) mem 0x80010000 0x00000001
core   0: 0x80009d74 (0xff9ff06f) j       pc - 0x8
core   0: 3 0x80009d74 (0xff9ff06f)
core   0: 0x80009d6c (0x00006f17) auipc   t5, 0x6
core   0: 3 0x80009d6c (0x00006f17) x30 0x8000fd6c
core   0: 0x80009d70 (0x283f2a23) sw      gp, 660(t5)
core   0: 3 0x80009d70 (0x283f2a23) mem 0x80010000 0x00000001
core   0: 0x80009d74 (0xff9ff06f) j       pc - 0x8
core   0: 3 0x80009d74 (0xff9ff06f)
core   0: 0x80009d6c (0x00006f17) auipc   t5, 0x6
core   0: 3 0x80009d6c (0x00006f17) x30 0x8000fd6c
core   0: 0x80009d70 (0x283f2a23) sw      gp, 660(t5)
core   0: 3 0x80009d70 (0x283f2a23) mem 0x80010000 0x00000001
core   0: 0x80009d74 (0xff9ff06f) j       pc - 0x8
core   0: 3 0x80009d74 (0xff9ff06f)
core   0: 0x80009d6c (0x00006f17) auipc   t5, 0x6
core   0: 3 0x80009d6c (0x00006f17) x30 0x8000fd6c
core   0: 0x80009d70 (0x283f2a23) sw      gp, 660(t5)
core   0: 3 0x80009d70 (0x283f2a23) mem 0x80010000 0x00000001
core   0: 0x80009d74 (0xff9ff06f) j       pc - 0x8
core   0: 3 0x80009d74 (0xff9ff06f)
core   0: 0x80009d6c (0x00006f17) auipc   t5, 0x6
core   0: 3 0x80009d6c (0x00006f17) x30 0x8000fd6c
core   0: 0x80009d70 (0x283f2a23) sw      gp, 660(t5)
core   0: 3 0x80009d70 (0x283f2a23) mem 0x80010000 0x00000001
core   0: 0x80009d74 (0xff9ff06f) j       pc - 0x8
core   0: 3 0x80009d74 (0xff9ff06f)
core   0: 0x80009d6c (0x00006f17) auipc   t5, 0x6
core   0: 3 0x80009d6c (0x00006f17) x30 0x8000fd6c
core   0: 0x80009d70 (0x283f2a23) sw      gp, 660(t5)
core   0: 3 0x80009d70 (0x283f2a23) mem 0x80010000 0x00000001
core   0: 0x80009d74 (0xff9ff06f) j       pc - 0x8
core   0: 3 0x80009d74 (0xff9ff06f)
core   0: 0x80009d6c (0x00006f17) auipc   t5, 0x6
core   0: 3 0x80009d6c (0x00006f17) x30 0x8000fd6c
core   0: 0x80009d70 (0x283f2a23) sw      gp, 660(t5)
core   0: 3 0x80009d70 (0x283f2a23) mem 0x80010000 0x00000001
core   0: 0x80009d74 (0xff9ff06f) j       pc - 0x8
core   0: 3 0x80009d74 (0xff9ff06f)
core   0: 0x80009d6c (0x00006f17) auipc   t5, 0x6
core   0: 3 0x80009d6c (0x00006f17) x30 0x8000fd6c
core   0: 0x80009d70 (0x283f2a23) sw      gp, 660(t5)
core   0: 3 0x80009d70 (0x283f2a23) mem 0x80010000 0x00000001
core   0: 0x80009d74 (0xff9ff06f) j       pc - 0x8
core   0: 3 0x80009d74 (0xff9ff06f)
core   0: 0x80009d6c (0x00006f17) auipc   t5, 0x6
core   0: 3 0x80009d6c (0x00006f17) x30 0x8000fd6c
core   0: 0x80009d70 (0x283f2a23) sw      gp, 660(t5)
core   0: 3 0x80009d70 (0x283f2a23) mem 0x80010000 0x00000001
core   0: 0x80009d74 (0xff9ff06f) j       pc - 0x8
core   0: 3 0x80009d74 (0xff9ff06f)
core   0: 0x80009d6c (0x00006f17) auipc   t5, 0x6
core   0: 3 0x80009d6c (0x00006f17) x30 0x8000fd6c
core   0: 0x80009d70 (0x283f2a23) sw      gp, 660(t5)
core   0: 3 0x80009d70 (0x283f2a23) mem 0x80010000 0x00000001
core   0: 0x80009d74 (0xff9ff06f) j       pc - 0x8
core   0: 3 0x80009d74 (0xff9ff06f)
core   0: 0x80009d6c (0x00006f17) auipc   t5, 0x6
core   0: 3 0x80009d6c (0x00006f17) x30 0x8000fd6c
core   0: 0x80009d70 (0x283f2a23) sw      gp, 660(t5)
core   0: 3 0x80009d70 (0x283f2a23) mem 0x80010000 0x00000001
core   0: 0x80009d74 (0xff9ff06f) j       pc - 0x8
core   0: 3 0x80009d74 (0xff9ff06f)
core   0: 0x80009d6c (0x00006f17) auipc   t5, 0x6
core   0: 3 0x80009d6c (0x00006f17) x30 0x8000fd6c
core   0: 0x80009d70 (0x283f2a23) sw      gp, 660(t5)
core   0: 3 0x80009d70 (0x283f2a23) mem 0x80010000 0x00000001
core   0: 0x80009d74 (0xff9ff06f) j       pc - 0x8
core   0: 3 0x80009d74 (0xff9ff06f)
core   0: 0x80009d6c (0x00006f17) auipc   t5, 0x6
core   0: 3 0x80009d6c (0x00006f17) x30 0x8000fd6c
core   0: 0x80009d70 (0x283f2a23) sw      gp, 660(t5)
core   0: 3 0x80009d70 (0x283f2a23) mem 0x80010000 0x00000001
core   0: 0x80009d74 (0xff9ff06f) j       pc - 0x8
core   0: 3 0x80009d74 (0xff9ff06f)
core   0: 0x80009d6c (0x00006f17) auipc   t5, 0x6
core   0: 3 0x80009d6c (0x00006f17) x30 0x8000fd6c
core   0: 0x80009d70 (0x283f2a23) sw      gp, 660(t5)
core   0: 3 0x80009d70 (0x283f2a23) mem 0x80010000 0x00000001
core   0: 0x80009d74 (0xff9ff06f) j       pc - 0x8
core   0: 3 0x80009d74 (0xff9ff06f)
core   0: 0x80009d6c (0x00006f17) auipc   t5, 0x6
core   0: 3 0x80009d6c (0x00006f17) x30 0x8000fd6c
core   0: 0x80009d70 (0x283f2a23) sw      gp, 660(t5)
core   0: 3 0x80009d70 (0x283f2a23) mem 0x80010000 0x00000001
core   0: 0x80009d74 (0xff9ff06f) j       pc - 0x8
core   0: 3 0x80009d74 (0xff9ff06f)
core   0: 0x80009d6c (0x00006f17) auipc   t5, 0x6
core   0: 3 0x80009d6c (0x00006f17) x30 0x8000fd6c
core   0: 0x80009d70 (0x283f2a23) sw      gp, 660(t5)
core   0: 3 0x80009d70 (0x283f2a23) mem 0x80010000 0x00000001
core   0: 0x80009d74 (0xff9ff06f) j       pc - 0x8
core   0: 3 0x80009d74 (0xff9ff06f)
core   0: 0x80009d6c (0x00006f17) auipc   t5, 0x6
core   0: 3 0x80009d6c (0x00006f17) x30 0x8000fd6c
core   0: 0x80009d70 (0x283f2a23) sw      gp, 660(t5)
core   0: 3 0x80009d70 (0x283f2a23) mem 0x80010000 0x00000001
core   0: 0x80009d74 (0xff9ff06f) j       pc - 0x8
core   0: 3 0x80009d74 (0xff9ff06f)
core   0: 0x80009d6c (0x00006f17) auipc   t5, 0x6
core   0: 3 0x80009d6c (0x00006f17) x30 0x8000fd6c
core   0: 0x80009d70 (0x283f2a23) sw      gp, 660(t5)
core   0: 3 0x80009d70 (0x283f2a23) mem 0x80010000 0x00000001
core   0: 0x80009d74 (0xff9ff06f) j       pc - 0x8
core   0: 3 0x80009d74 (0xff9ff06f)
core   0: 0x80009d6c (0x00006f17) auipc   t5, 0x6
core   0: 3 0x80009d6c (0x00006f17) x30 0x8000fd6c
core   0: 0x80009d70 (0x283f2a23) sw      gp, 660(t5)
core   0: 3 0x80009d70 (0x283f2a23) mem 0x80010000 0x00000001
core   0: 0x80009d74 (0xff9ff06f) j       pc - 0x8
core   0: 3 0x80009d74 (0xff9ff06f)
core   0: 0x80009d6c (0x00006f17) auipc   t5, 0x6
core   0: 3 0x80009d6c (0x00006f17) x30 0x8000fd6c
core   0: 0x80009d70 (0x283f2a23) sw      gp, 660(t5)
core   0: 3 0x80009d70 (0x283f2a23) mem 0x80010000 0x00000001
core   0: 0x80009d74 (0xff9ff06f) j       pc - 0x8
core   0: 3 0x80009d74 (0xff9ff06f)
core   0: 0x80009d6c (0x00006f17) auipc   t5, 0x6
core   0: 3 0x80009d6c (0x00006f17) x30 0x8000fd6c
core   0: 0x80009d70 (0x283f2a23) sw      gp, 660(t5)
core   0: 3 0x80009d70 (0x283f2a23) mem 0x80010000 0x00000001
core   0: 0x80009d74 (0xff9ff06f) j       pc - 0x8
core   0: 3 0x80009d74 (0xff9ff06f)
core   0: 0x80009d6c (0x00006f17) auipc   t5, 0x6
core   0: 3 0x80009d6c (0x00006f17) x30 0x8000fd6c
core   0: 0x80009d70 (0x283f2a23) sw      gp, 660(t5)
core   0: 3 0x80009d70 (0x283f2a23) mem 0x80010000 0x00000001
core   0: 0x80009d74 (0xff9ff06f) j       pc - 0x8
core   0: 3 0x80009d74 (0xff9ff06f)
core   0: 0x80009d6c (0x00006f17) auipc   t5, 0x6
core   0: 3 0x80009d6c (0x00006f17) x30 0x8000fd6c
core   0: 0x80009d70 (0x283f2a23) sw      gp, 660(t5)
core   0: 3 0x80009d70 (0x283f2a23) mem 0x80010000 0x00000001
core   0: 0x80009d74 (0xff9ff06f) j       pc - 0x8
core   0: 3 0x80009d74 (0xff9ff06f)
core   0: 0x80009d6c (0x00006f17) auipc   t5, 0x6
core   0: 3 0x80009d6c (0x00006f17) x30 0x8000fd6c
core   0: 0x80009d70 (0x283f2a23) sw      gp, 660(t5)
core   0: 3 0x80009d70 (0x283f2a23) mem 0x80010000 0x00000001
core   0: 0x80009d74 (0xff9ff06f) j       pc - 0x8
core   0: 3 0x80009d74 (0xff9ff06f)
core   0: 0x80009d6c (0x00006f17) auipc   t5, 0x6
core   0: 3 0x80009d6c (0x00006f17) x30 0x8000fd6c
core   0: 0x80009d70 (0x283f2a23) sw      gp, 660(t5)
core   0: 3 0x80009d70 (0x283f2a23) mem 0x80010000 0x00000001
core   0: 0x80009d74 (0xff9ff06f) j       pc - 0x8
core   0: 3 0x80009d74 (0xff9ff06f)
core   0: 0x80009d6c (0x00006f17) auipc   t5, 0x6
core   0: 3 0x80009d6c (0x00006f17) x30 0x8000fd6c
core   0: 0x80009d70 (0x283f2a23) sw      gp, 660(t5)
core   0: 3 0x80009d70 (0x283f2a23) mem 0x80010000 0x00000001
core   0: 0x80009d74 (0xff9ff06f) j       pc - 0x8
core   0: 3 0x80009d74 (0xff9ff06f)
core   0: 0x80009d6c (0x00006f17) auipc   t5, 0x6
core   0: 3 0x80009d6c (0x00006f17) x30 0x8000fd6c
core   0: 0x80009d70 (0x283f2a23) sw      gp, 660(t5)
core   0: 3 0x80009d70 (0x283f2a23) mem 0x80010000 0x00000001
core   0: 0x80009d74 (0xff9ff06f) j       pc - 0x8
core   0: 3 0x80009d74 (0xff9ff06f)
core   0: 0x80009d6c (0x00006f17) auipc   t5, 0x6
core   0: 3 0x80009d6c (0x00006f17) x30 0x8000fd6c
core   0: 0x80009d70 (0x283f2a23) sw      gp, 660(t5)
core   0: 3 0x80009d70 (0x283f2a23) mem 0x80010000 0x00000001
core   0: 0x80009d74 (0xff9ff06f) j       pc - 0x8
core   0: 3 0x80009d74 (0xff9ff06f)
core   0: 0x80009d6c (0x00006f17) auipc   t5, 0x6
core   0: 3 0x80009d6c (0x00006f17) x30 0x8000fd6c
core   0: 0x80009d70 (0x283f2a23) sw      gp, 660(t5)
core   0: 3 0x80009d70 (0x283f2a23) mem 0x80010000 0x00000001
core   0: 0x80009d74 (0xff9ff06f) j       pc - 0x8
core   0: 3 0x80009d74 (0xff9ff06f)
core   0: 0x80009d6c (0x00006f17) auipc   t5, 0x6
core   0: 3 0x80009d6c (0x00006f17) x30 0x8000fd6c
core   0: 0x80009d70 (0x283f2a23) sw      gp, 660(t5)
core   0: 3 0x80009d70 (0x283f2a23) mem 0x80010000 0x00000001
core   0: 0x80009d74 (0xff9ff06f) j       pc - 0x8
core   0: 3 0x80009d74 (0xff9ff06f)
core   0: 0x80009d6c (0x00006f17) auipc   t5, 0x6
core   0: 3 0x80009d6c (0x00006f17) x30 0x8000fd6c
core   0: 0x80009d70 (0x283f2a23) sw      gp, 660(t5)
core   0: 3 0x80009d70 (0x283f2a23) mem 0x80010000 0x00000001
core   0: 0x80009d74 (0xff9ff06f) j       pc - 0x8
core   0: 3 0x80009d74 (0xff9ff06f)
core   0: 0x80009d6c (0x00006f17) auipc   t5, 0x6
core   0: 3 0x80009d6c (0x00006f17) x30 0x8000fd6c
core   0: 0x80009d70 (0x283f2a23) sw      gp, 660(t5)
core   0: 3 0x80009d70 (0x283f2a23) mem 0x80010000 0x00000001
core   0: 0x80009d74 (0xff9ff06f) j       pc - 0x8
core   0: 3 0x80009d74 (0xff9ff06f)
core   0: 0x80009d6c (0x00006f17) auipc   t5, 0x6
core   0: 3 0x80009d6c (0x00006f17) x30 0x8000fd6c
core   0: 0x80009d70 (0x283f2a23) sw      gp, 660(t5)
core   0: 3 0x80009d70 (0x283f2a23) mem 0x80010000 0x00000001
core   0: 0x80009d74 (0xff9ff06f) j       pc - 0x8
core   0: 3 0x80009d74 (0xff9ff06f)
core   0: 0x80009d6c (0x00006f17) auipc   t5, 0x6
core   0: 3 0x80009d6c (0x00006f17) x30 0x8000fd6c
core   0: 0x80009d70 (0x283f2a23) sw      gp, 660(t5)
core   0: 3 0x80009d70 (0x283f2a23) mem 0x80010000 0x00000001
core   0: 0x80009d74 (0xff9ff06f) j       pc - 0x8
core   0: 3 0x80009d74 (0xff9ff06f)
core   0: 0x80009d6c (0x00006f17) auipc   t5, 0x6
core   0: 3 0x80009d6c (0x00006f17) x30 0x8000fd6c
core   0: 0x80009d70 (0x283f2a23) sw      gp, 660(t5)
core   0: 3 0x80009d70 (0x283f2a23) mem 0x80010000 0x00000001
core   0: 0x80009d74 (0xff9ff06f) j       pc - 0x8
core   0: 3 0x80009d74 (0xff9ff06f)
core   0: 0x80009d6c (0x00006f17) auipc   t5, 0x6
core   0: 3 0x80009d6c (0x00006f17) x30 0x8000fd6c
core   0: 0x80009d70 (0x283f2a23) sw      gp, 660(t5)
core   0: 3 0x80009d70 (0x283f2a23) mem 0x80010000 0x00000001
core   0: 0x80009d74 (0xff9ff06f) j       pc - 0x8
core   0: 3 0x80009d74 (0xff9ff06f)
core   0: 0x80009d6c (0x00006f17) auipc   t5, 0x6
core   0: 3 0x80009d6c (0x00006f17) x30 0x8000fd6c
core   0: 0x80009d70 (0x283f2a23) sw      gp, 660(t5)
core   0: 3 0x80009d70 (0x283f2a23) mem 0x80010000 0x00000001
core   0: 0x80009d74 (0xff9ff06f) j       pc - 0x8
core   0: 3 0x80009d74 (0xff9ff06f)
core   0: 0x80009d6c (0x00006f17) auipc   t5, 0x6
core   0: 3 0x80009d6c (0x00006f17) x30 0x8000fd6c
core   0: 0x80009d70 (0x283f2a23) sw      gp, 660(t5)
core   0: 3 0x80009d70 (0x283f2a23) mem 0x80010000 0x00000001
core   0: 0x80009d74 (0xff9ff06f) j       pc - 0x8
core   0: 3 0x80009d74 (0xff9ff06f)
core   0: 0x80009d6c (0x00006f17) auipc   t5, 0x6
core   0: 3 0x80009d6c (0x00006f17) x30 0x8000fd6c
core   0: 0x80009d70 (0x283f2a23) sw      gp, 660(t5)
core   0: 3 0x80009d70 (0x283f2a23) mem 0x80010000 0x00000001
core   0: 0x80009d74 (0xff9ff06f) j       pc - 0x8
core   0: 3 0x80009d74 (0xff9ff06f)
core   0: 0x80009d6c (0x00006f17) auipc   t5, 0x6
core   0: 3 0x80009d6c (0x00006f17) x30 0x8000fd6c
core   0: 0x80009d70 (0x283f2a23) sw      gp, 660(t5)
core   0: 3 0x80009d70 (0x283f2a23) mem 0x80010000 0x00000001
core   0: 0x80009d74 (0xff9ff06f) j       pc - 0x8
core   0: 3 0x80009d74 (0xff9ff06f)
core   0: 0x80009d6c (0x00006f17) auipc   t5, 0x6
core   0: 3 0x80009d6c (0x00006f17) x30 0x8000fd6c
core   0: 0x80009d70 (0x283f2a23) sw      gp, 660(t5)
core   0: 3 0x80009d70 (0x283f2a23) mem 0x80010000 0x00000001
core   0: 0x80009d74 (0xff9ff06f) j       pc - 0x8
core   0: 3 0x80009d74 (0xff9ff06f)
core   0: 0x80009d6c (0x00006f17) auipc   t5, 0x6
core   0: 3 0x80009d6c (0x00006f17) x30 0x8000fd6c
core   0: 0x80009d70 (0x283f2a23) sw      gp, 660(t5)
core   0: 3 0x80009d70 (0x283f2a23) mem 0x80010000 0x00000001
core   0: 0x80009d74 (0xff9ff06f) j       pc - 0x8
core   0: 3 0x80009d74 (0xff9ff06f)
core   0: 0x80009d6c (0x00006f17) auipc   t5, 0x6
core   0: 3 0x80009d6c (0x00006f17) x30 0x8000fd6c
core   0: 0x80009d70 (0x283f2a23) sw      gp, 660(t5)
core   0: 3 0x80009d70 (0x283f2a23) mem 0x80010000 0x00000001
core   0: 0x80009d74 (0xff9ff06f) j       pc - 0x8
core   0: 3 0x80009d74 (0xff9ff06f)
core   0: 0x80009d6c (0x00006f17) auipc   t5, 0x6
core   0: 3 0x80009d6c (0x00006f17) x30 0x8000fd6c
core   0: 0x80009d70 (0x283f2a23) sw      gp, 660(t5)
core   0: 3 0x80009d70 (0x283f2a23) mem 0x80010000 0x00000001
core   0: 0x80009d74 (0xff9ff06f) j       pc - 0x8
core   0: 3 0x80009d74 (0xff9ff06f)
core   0: 0x80009d6c (0x00006f17) auipc   t5, 0x6
core   0: 3 0x80009d6c (0x00006f17) x30 0x8000fd6c
core   0: 0x80009d70 (0x283f2a23) sw      gp, 660(t5)
core   0: 3 0x80009d70 (0x283f2a23) mem 0x80010000 0x00000001
core   0: 0x80009d74 (0xff9ff06f) j       pc - 0x8
core   0: 3 0x80009d74 (0xff9ff06f)
core   0: 0x80009d6c (0x00006f17) auipc   t5, 0x6
core   0: 3 0x80009d6c (0x00006f17) x30 0x8000fd6c
core   0: 0x80009d70 (0x283f2a23) sw      gp, 660(t5)
core   0: 3 0x80009d70 (0x283f2a23) mem 0x80010000 0x00000001
core   0: 0x80009d74 (0xff9ff06f) j       pc - 0x8
core   0: 3 0x80009d74 (0xff9ff06f)
core   0: 0x80009d6c (0x00006f17) auipc   t5, 0x6
core   0: 3 0x80009d6c (0x00006f17) x30 0x8000fd6c
core   0: 0x80009d70 (0x283f2a23) sw      gp, 660(t5)
core   0: 3 0x80009d70 (0x283f2a23) mem 0x80010000 0x00000001
core   0: 0x80009d74 (0xff9ff06f) j       pc - 0x8
core   0: 3 0x80009d74 (0xff9ff06f)
core   0: 0x80009d6c (0x00006f17) auipc   t5, 0x6
core   0: 3 0x80009d6c (0x00006f17) x30 0x8000fd6c
core   0: 0x80009d70 (0x283f2a23) sw      gp, 660(t5)
core   0: 3 0x80009d70 (0x283f2a23) mem 0x80010000 0x00000001
core   0: 0x80009d74 (0xff9ff06f) j       pc - 0x8
core   0: 3 0x80009d74 (0xff9ff06f)
core   0: 0x80009d6c (0x00006f17) auipc   t5, 0x6
core   0: 3 0x80009d6c (0x00006f17) x30 0x8000fd6c
core   0: 0x80009d70 (0x283f2a23) sw      gp, 660(t5)
core   0: 3 0x80009d70 (0x283f2a23) mem 0x80010000 0x00000001
core   0: 0x80009d74 (0xff9ff06f) j       pc - 0x8
core   0: 3 0x80009d74 (0xff9ff06f)
core   0: 0x80009d6c (0x00006f17) auipc   t5, 0x6
core   0: 3 0x80009d6c (0x00006f17) x30 0x8000fd6c
core   0: 0x80009d70 (0x283f2a23) sw      gp, 660(t5)
core   0: 3 0x80009d70 (0x283f2a23) mem 0x80010000 0x00000001
core   0: 0x80009d74 (0xff9ff06f) j       pc - 0x8
core   0: 3 0x80009d74 (0xff9ff06f)
core   0: 0x80009d6c (0x00006f17) auipc   t5, 0x6
core   0: 3 0x80009d6c (0x00006f17) x30 0x8000fd6c
core   0: 0x80009d70 (0x283f2a23) sw      gp, 660(t5)
core   0: 3 0x80009d70 (0x283f2a23) mem 0x80010000 0x00000001
core   0: 0x80009d74 (0xff9ff06f) j       pc - 0x8
core   0: 3 0x80009d74 (0xff9ff06f)
core   0: 0x80009d6c (0x00006f17) auipc   t5, 0x6
core   0: 3 0x80009d6c (0x00006f17) x30 0x8000fd6c
core   0: 0x80009d70 (0x283f2a23) sw      gp, 660(t5)
core   0: 3 0x80009d70 (0x283f2a23) mem 0x80010000 0x00000001
core   0: 0x80009d74 (0xff9ff06f) j       pc - 0x8
core   0: 3 0x80009d74 (0xff9ff06f)
core   0: 0x80009d6c (0x00006f17) auipc   t5, 0x6
core   0: 3 0x80009d6c (0x00006f17) x30 0x8000fd6c
core   0: 0x80009d70 (0x283f2a23) sw      gp, 660(t5)
core   0: 3 0x80009d70 (0x283f2a23) mem 0x80010000 0x00000001
core   0: 0x80009d74 (0xff9ff06f) j       pc - 0x8
core   0: 3 0x80009d74 (0xff9ff06f)
core   0: 0x80009d6c (0x00006f17) auipc   t5, 0x6
core   0: 3 0x80009d6c (0x00006f17) x30 0x8000fd6c
core   0: 0x80009d70 (0x283f2a23) sw      gp, 660(t5)
core   0: 3 0x80009d70 (0x283f2a23) mem 0x80010000 0x00000001
core   0: 0x80009d74 (0xff9ff06f) j       pc - 0x8
core   0: 3 0x80009d74 (0xff9ff06f)
core   0: 0x80009d6c (0x00006f17) auipc   t5, 0x6
core   0: 3 0x80009d6c (0x00006f17) x30 0x8000fd6c
core   0: 0x80009d70 (0x283f2a23) sw      gp, 660(t5)
core   0: 3 0x80009d70 (0x283f2a23) mem 0x80010000 0x00000001
core   0: 0x80009d74 (0xff9ff06f) j       pc - 0x8
core   0: 3 0x80009d74 (0xff9ff06f)
core   0: 0x80009d6c (0x00006f17) auipc   t5, 0x6
core   0: 3 0x80009d6c (0x00006f17) x30 0x8000fd6c
core   0: 0x80009d70 (0x283f2a23) sw      gp, 660(t5)
core   0: 3 0x80009d70 (0x283f2a23) mem 0x80010000 0x00000001
core   0: 0x80009d74 (0xff9ff06f) j       pc - 0x8
core   0: 3 0x80009d74 (0xff9ff06f)
core   0: 0x80009d6c (0x00006f17) auipc   t5, 0x6
core   0: 3 0x80009d6c (0x00006f17) x30 0x8000fd6c
core   0: 0x80009d70 (0x283f2a23) sw      gp, 660(t5)
core   0: 3 0x80009d70 (0x283f2a23) mem 0x80010000 0x00000001
core   0: 0x80009d74 (0xff9ff06f) j       pc - 0x8
core   0: 3 0x80009d74 (0xff9ff06f)
core   0: 0x80009d6c (0x00006f17) auipc   t5, 0x6
core   0: 3 0x80009d6c (0x00006f17) x30 0x8000fd6c
core   0: 0x80009d70 (0x283f2a23) sw      gp, 660(t5)
core   0: 3 0x80009d70 (0x283f2a23) mem 0x80010000 0x00000001
core   0: 0x80009d74 (0xff9ff06f) j       pc - 0x8
core   0: 3 0x80009d74 (0xff9ff06f)
core   0: 0x80009d6c (0x00006f17) auipc   t5, 0x6
core   0: 3 0x80009d6c (0x00006f17) x30 0x8000fd6c
core   0: 0x80009d70 (0x283f2a23) sw      gp, 660(t5)
core   0: 3 0x80009d70 (0x283f2a23) mem 0x80010000 0x00000001
core   0: 0x80009d74 (0xff9ff06f) j       pc - 0x8
core   0: 3 0x80009d74 (0xff9ff06f)
core   0: 0x80009d6c (0x00006f17) auipc   t5, 0x6
core   0: 3 0x80009d6c (0x00006f17) x30 0x8000fd6c
core   0: 0x80009d70 (0x283f2a23) sw      gp, 660(t5)
core   0: 3 0x80009d70 (0x283f2a23) mem 0x80010000 0x00000001
core   0: 0x80009d74 (0xff9ff06f) j       pc - 0x8
core   0: 3 0x80009d74 (0xff9ff06f)
core   0: 0x80009d6c (0x00006f17) auipc   t5, 0x6
core   0: 3 0x80009d6c (0x00006f17) x30 0x8000fd6c
core   0: 0x80009d70 (0x283f2a23) sw      gp, 660(t5)
core   0: 3 0x80009d70 (0x283f2a23) mem 0x80010000 0x00000001
core   0: 0x80009d74 (0xff9ff06f) j       pc - 0x8
core   0: 3 0x80009d74 (0xff9ff06f)
core   0: 0x80009d6c (0x00006f17) auipc   t5, 0x6
core   0: 3 0x80009d6c (0x00006f17) x30 0x8000fd6c
core   0: 0x80009d70 (0x283f2a23) sw      gp, 660(t5)
core   0: 3 0x80009d70 (0x283f2a23) mem 0x80010000 0x00000001
core   0: 0x80009d74 (0xff9ff06f) j       pc - 0x8
core   0: 3 0x80009d74 (0xff9ff06f)
core   0: 0x80009d6c (0x00006f17) auipc   t5, 0x6
core   0: 3 0x80009d6c (0x00006f17) x30 0x8000fd6c
core   0: 0x80009d70 (0x283f2a23) sw      gp, 660(t5)
core   0: 3 0x80009d70 (0x283f2a23) mem 0x80010000 0x00000001
core   0: 0x80009d74 (0xff9ff06f) j       pc - 0x8
core   0: 3 0x80009d74 (0xff9ff06f)
core   0: 0x80009d6c (0x00006f17) auipc   t5, 0x6
core   0: 3 0x80009d6c (0x00006f17) x30 0x8000fd6c
core   0: 0x80009d70 (0x283f2a23) sw      gp, 660(t5)
core   0: 3 0x80009d70 (0x283f2a23) mem 0x80010000 0x00000001
core   0: 0x80009d74 (0xff9ff06f) j       pc - 0x8
core   0: 3 0x80009d74 (0xff9ff06f)
core   0: 0x80009d6c (0x00006f17) auipc   t5, 0x6
core   0: 3 0x80009d6c (0x00006f17) x30 0x8000fd6c
core   0: 0x80009d70 (0x283f2a23) sw      gp, 660(t5)
core   0: 3 0x80009d70 (0x283f2a23) mem 0x80010000 0x00000001
core   0: 0x80009d74 (0xff9ff06f) j       pc - 0x8
core   0: 3 0x80009d74 (0xff9ff06f)
core   0: 0x80009d6c (0x00006f17) auipc   t5, 0x6
core   0: 3 0x80009d6c (0x00006f17) x30 0x8000fd6c
core   0: 0x80009d70 (0x283f2a23) sw      gp, 660(t5)
core   0: 3 0x80009d70 (0x283f2a23) mem 0x80010000 0x00000001
core   0: 0x80009d74 (0xff9ff06f) j       pc - 0x8
core   0: 3 0x80009d74 (0xff9ff06f)
core   0: 0x80009d6c (0x00006f17) auipc   t5, 0x6
core   0: 3 0x80009d6c (0x00006f17) x30 0x8000fd6c
core   0: 0x80009d70 (0x283f2a23) sw      gp, 660(t5)
core   0: 3 0x80009d70 (0x283f2a23) mem 0x80010000 0x00000001
core   0: 0x80009d74 (0xff9ff06f) j       pc - 0x8
core   0: 3 0x80009d74 (0xff9ff06f)
core   0: 0x80009d6c (0x00006f17) auipc   t5, 0x6
core   0: 3 0x80009d6c (0x00006f17) x30 0x8000fd6c
core   0: 0x80009d70 (0x283f2a23) sw      gp, 660(t5)
core   0: 3 0x80009d70 (0x283f2a23) mem 0x80010000 0x00000001
core   0: 0x80009d74 (0xff9ff06f) j       pc - 0x8
core   0: 3 0x80009d74 (0xff9ff06f)
core   0: 0x80009d6c (0x00006f17) auipc   t5, 0x6
core   0: 3 0x80009d6c (0x00006f17) x30 0x8000fd6c
core   0: 0x80009d70 (0x283f2a23) sw      gp, 660(t5)
core   0: 3 0x80009d70 (0x283f2a23) mem 0x80010000 0x00000001
core   0: 0x80009d74 (0xff9ff06f) j       pc - 0x8
core   0: 3 0x80009d74 (0xff9ff06f)
core   0: 0x80009d6c (0x00006f17) auipc   t5, 0x6
core   0: 3 0x80009d6c (0x00006f17) x30 0x8000fd6c
core   0: 0x80009d70 (0x283f2a23) sw      gp, 660(t5)
core   0: 3 0x80009d70 (0x283f2a23) mem 0x80010000 0x00000001
core   0: 0x80009d74 (0xff9ff06f) j       pc - 0x8
core   0: 3 0x80009d74 (0xff9ff06f)
core   0: 0x80009d6c (0x00006f17) auipc   t5, 0x6
core   0: 3 0x80009d6c (0x00006f17) x30 0x8000fd6c
core   0: 0x80009d70 (0x283f2a23) sw      gp, 660(t5)
core   0: 3 0x80009d70 (0x283f2a23) mem 0x80010000 0x00000001
core   0: 0x80009d74 (0xff9ff06f) j       pc - 0x8
core   0: 3 0x80009d74 (0xff9ff06f)
core   0: 0x80009d6c (0x00006f17) auipc   t5, 0x6
core   0: 3 0x80009d6c (0x00006f17) x30 0x8000fd6c
core   0: 0x80009d70 (0x283f2a23) sw      gp, 660(t5)
core   0: 3 0x80009d70 (0x283f2a23) mem 0x80010000 0x00000001
core   0: 0x80009d74 (0xff9ff06f) j       pc - 0x8
core   0: 3 0x80009d74 (0xff9ff06f)
core   0: 0x80009d6c (0x00006f17) auipc   t5, 0x6
core   0: 3 0x80009d6c (0x00006f17) x30 0x8000fd6c
core   0: 0x80009d70 (0x283f2a23) sw      gp, 660(t5)
core   0: 3 0x80009d70 (0x283f2a23) mem 0x80010000 0x00000001
core   0: 0x80009d74 (0xff9ff06f) j       pc - 0x8
core   0: 3 0x80009d74 (0xff9ff06f)
core   0: 0x80009d6c (0x00006f17) auipc   t5, 0x6
core   0: 3 0x80009d6c (0x00006f17) x30 0x8000fd6c
core   0: 0x80009d70 (0x283f2a23) sw      gp, 660(t5)
core   0: 3 0x80009d70 (0x283f2a23) mem 0x80010000 0x00000001
core   0: 0x80009d74 (0xff9ff06f) j       pc - 0x8
core   0: 3 0x80009d74 (0xff9ff06f)
core   0: 0x80009d6c (0x00006f17) auipc   t5, 0x6
core   0: 3 0x80009d6c (0x00006f17) x30 0x8000fd6c
core   0: 0x80009d70 (0x283f2a23) sw      gp, 660(t5)
core   0: 3 0x80009d70 (0x283f2a23) mem 0x80010000 0x00000001
core   0: 0x80009d74 (0xff9ff06f) j       pc - 0x8
core   0: 3 0x80009d74 (0xff9ff06f)
core   0: 0x80009d6c (0x00006f17) auipc   t5, 0x6
core   0: 3 0x80009d6c (0x00006f17) x30 0x8000fd6c
core   0: 0x80009d70 (0x283f2a23) sw      gp, 660(t5)
core   0: 3 0x80009d70 (0x283f2a23) mem 0x80010000 0x00000001
core   0: 0x80009d74 (0xff9ff06f) j       pc - 0x8
core   0: 3 0x80009d74 (0xff9ff06f)
core   0: 0x80009d6c (0x00006f17) auipc   t5, 0x6
core   0: 3 0x80009d6c (0x00006f17) x30 0x8000fd6c
core   0: 0x80009d70 (0x283f2a23) sw      gp, 660(t5)
core   0: 3 0x80009d70 (0x283f2a23) mem 0x80010000 0x00000001
core   0: 0x80009d74 (0xff9ff06f) j       pc - 0x8
core   0: 3 0x80009d74 (0xff9ff06f)
core   0: 0x80009d6c (0x00006f17) auipc   t5, 0x6
core   0: 3 0x80009d6c (0x00006f17) x30 0x8000fd6c
core   0: 0x80009d70 (0x283f2a23) sw      gp, 660(t5)
core   0: 3 0x80009d70 (0x283f2a23) mem 0x80010000 0x00000001
core   0: 0x80009d74 (0xff9ff06f) j       pc - 0x8
core   0: 3 0x80009d74 (0xff9ff06f)
core   0: 0x80009d6c (0x00006f17) auipc   t5, 0x6
core   0: 3 0x80009d6c (0x00006f17) x30 0x8000fd6c
core   0: 0x80009d70 (0x283f2a23) sw      gp, 660(t5)
core   0: 3 0x80009d70 (0x283f2a23) mem 0x80010000 0x00000001
core   0: 0x80009d74 (0xff9ff06f) j       pc - 0x8
core   0: 3 0x80009d74 (0xff9ff06f)
core   0: 0x80009d6c (0x00006f17) auipc   t5, 0x6
core   0: 3 0x80009d6c (0x00006f17) x30 0x8000fd6c
core   0: 0x80009d70 (0x283f2a23) sw      gp, 660(t5)
core   0: 3 0x80009d70 (0x283f2a23) mem 0x80010000 0x00000001
core   0: 0x80009d74 (0xff9ff06f) j       pc - 0x8
core   0: 3 0x80009d74 (0xff9ff06f)
core   0: 0x80009d6c (0x00006f17) auipc   t5, 0x6
core   0: 3 0x80009d6c (0x00006f17) x30 0x8000fd6c
core   0: 0x80009d70 (0x283f2a23) sw      gp, 660(t5)
core   0: 3 0x80009d70 (0x283f2a23) mem 0x80010000 0x00000001
core   0: 0x80009d74 (0xff9ff06f) j       pc - 0x8
core   0: 3 0x80009d74 (0xff9ff06f)
core   0: 0x80009d6c (0x00006f17) auipc   t5, 0x6
core   0: 3 0x80009d6c (0x00006f17) x30 0x8000fd6c
core   0: 0x80009d70 (0x283f2a23) sw      gp, 660(t5)
core   0: 3 0x80009d70 (0x283f2a23) mem 0x80010000 0x00000001
core   0: 0x80009d74 (0xff9ff06f) j       pc - 0x8
core   0: 3 0x80009d74 (0xff9ff06f)
core   0: 0x80009d6c (0x00006f17) auipc   t5, 0x6
core   0: 3 0x80009d6c (0x00006f17) x30 0x8000fd6c
core   0: 0x80009d70 (0x283f2a23) sw      gp, 660(t5)
core   0: 3 0x80009d70 (0x283f2a23) mem 0x80010000 0x00000001
core   0: 0x80009d74 (0xff9ff06f) j       pc - 0x8
core   0: 3 0x80009d74 (0xff9ff06f)
core   0: 0x80009d6c (0x00006f17) auipc   t5, 0x6
core   0: 3 0x80009d6c (0x00006f17) x30 0x8000fd6c
core   0: 0x80009d70 (0x283f2a23) sw      gp, 660(t5)
core   0: 3 0x80009d70 (0x283f2a23) mem 0x80010000 0x00000001
core   0: 0x80009d74 (0xff9ff06f) j       pc - 0x8
core   0: 3 0x80009d74 (0xff9ff06f)
core   0: 0x80009d6c (0x00006f17) auipc   t5, 0x6
core   0: 3 0x80009d6c (0x00006f17) x30 0x8000fd6c
core   0: 0x80009d70 (0x283f2a23) sw      gp, 660(t5)
core   0: 3 0x80009d70 (0x283f2a23) mem 0x80010000 0x00000001
core   0: 0x80009d74 (0xff9ff06f) j       pc - 0x8
core   0: 3 0x80009d74 (0xff9ff06f)
core   0: 0x80009d6c (0x00006f17) auipc   t5, 0x6
core   0: 3 0x80009d6c (0x00006f17) x30 0x8000fd6c
core   0: 0x80009d70 (0x283f2a23) sw      gp, 660(t5)
core   0: 3 0x80009d70 (0x283f2a23) mem 0x80010000 0x00000001
core   0: 0x80009d74 (0xff9ff06f) j       pc - 0x8
core   0: 3 0x80009d74 (0xff9ff06f)
core   0: 0x80009d6c (0x00006f17) auipc   t5, 0x6
core   0: 3 0x80009d6c (0x00006f17) x30 0x8000fd6c
core   0: 0x80009d70 (0x283f2a23) sw      gp, 660(t5)
core   0: 3 0x80009d70 (0x283f2a23) mem 0x80010000 0x00000001
core   0: 0x80009d74 (0xff9ff06f) j       pc - 0x8
core   0: 3 0x80009d74 (0xff9ff06f)
core   0: 0x80009d6c (0x00006f17) auipc   t5, 0x6
core   0: 3 0x80009d6c (0x00006f17) x30 0x8000fd6c
core   0: 0x80009d70 (0x283f2a23) sw      gp, 660(t5)
core   0: 3 0x80009d70 (0x283f2a23) mem 0x80010000 0x00000001
core   0: 0x80009d74 (0xff9ff06f) j       pc - 0x8
core   0: 3 0x80009d74 (0xff9ff06f)
core   0: 0x80009d6c (0x00006f17) auipc   t5, 0x6
core   0: 3 0x80009d6c (0x00006f17) x30 0x8000fd6c
core   0: 0x80009d70 (0x283f2a23) sw      gp, 660(t5)
core   0: 3 0x80009d70 (0x283f2a23) mem 0x80010000 0x00000001
core   0: 0x80009d74 (0xff9ff06f) j       pc - 0x8
core   0: 3 0x80009d74 (0xff9ff06f)
core   0: 0x80009d6c (0x00006f17) auipc   t5, 0x6
core   0: 3 0x80009d6c (0x00006f17) x30 0x8000fd6c
core   0: 0x80009d70 (0x283f2a23) sw      gp, 660(t5)
core   0: 3 0x80009d70 (0x283f2a23) mem 0x80010000 0x00000001
core   0: 0x80009d74 (0xff9ff06f) j       pc - 0x8
core   0: 3 0x80009d74 (0xff9ff06f)
core   0: 0x80009d6c (0x00006f17) auipc   t5, 0x6
core   0: 3 0x80009d6c (0x00006f17) x30 0x8000fd6c
core   0: 0x80009d70 (0x283f2a23) sw      gp, 660(t5)
core   0: 3 0x80009d70 (0x283f2a23) mem 0x80010000 0x00000001
core   0: 0x80009d74 (0xff9ff06f) j       pc - 0x8
core   0: 3 0x80009d74 (0xff9ff06f)
core   0: 0x80009d6c (0x00006f17) auipc   t5, 0x6
core   0: 3 0x80009d6c (0x00006f17) x30 0x8000fd6c
core   0: 0x80009d70 (0x283f2a23) sw      gp, 660(t5)
core   0: 3 0x80009d70 (0x283f2a23) mem 0x80010000 0x00000001
core   0: 0x80009d74 (0xff9ff06f) j       pc - 0x8
core   0: 3 0x80009d74 (0xff9ff06f)
core   0: 0x80009d6c (0x00006f17) auipc   t5, 0x6
core   0: 3 0x80009d6c (0x00006f17) x30 0x8000fd6c
core   0: 0x80009d70 (0x283f2a23) sw      gp, 660(t5)
core   0: 3 0x80009d70 (0x283f2a23) mem 0x80010000 0x00000001
core   0: 0x80009d74 (0xff9ff06f) j       pc - 0x8
core   0: 3 0x80009d74 (0xff9ff06f)
core   0: 0x80009d6c (0x00006f17) auipc   t5, 0x6
core   0: 3 0x80009d6c (0x00006f17) x30 0x8000fd6c
core   0: 0x80009d70 (0x283f2a23) sw      gp, 660(t5)
core   0: 3 0x80009d70 (0x283f2a23) mem 0x80010000 0x00000001
core   0: 0x80009d74 (0xff9ff06f) j       pc - 0x8
core   0: 3 0x80009d74 (0xff9ff06f)
core   0: 0x80009d6c (0x00006f17) auipc   t5, 0x6
core   0: 3 0x80009d6c (0x00006f17) x30 0x8000fd6c
core   0: 0x80009d70 (0x283f2a23) sw      gp, 660(t5)
core   0: 3 0x80009d70 (0x283f2a23) mem 0x80010000 0x00000001
core   0: 0x80009d74 (0xff9ff06f) j       pc - 0x8
core   0: 3 0x80009d74 (0xff9ff06f)
core   0: 0x80009d6c (0x00006f17) auipc   t5, 0x6
core   0: 3 0x80009d6c (0x00006f17) x30 0x8000fd6c
core   0: 0x80009d70 (0x283f2a23) sw      gp, 660(t5)
core   0: 3 0x80009d70 (0x283f2a23) mem 0x80010000 0x00000001
core   0: 0x80009d74 (0xff9ff06f) j       pc - 0x8
core   0: 3 0x80009d74 (0xff9ff06f)
core   0: 0x80009d6c (0x00006f17) auipc   t5, 0x6
core   0: 3 0x80009d6c (0x00006f17) x30 0x8000fd6c
core   0: 0x80009d70 (0x283f2a23) sw      gp, 660(t5)
core   0: 3 0x80009d70 (0x283f2a23) mem 0x80010000 0x00000001
core   0: 0x80009d74 (0xff9ff06f) j       pc - 0x8
core   0: 3 0x80009d74 (0xff9ff06f)
core   0: 0x80009d6c (0x00006f17) auipc   t5, 0x6
core   0: 3 0x80009d6c (0x00006f17) x30 0x8000fd6c
core   0: 0x80009d70 (0x283f2a23) sw      gp, 660(t5)
core   0: 3 0x80009d70 (0x283f2a23) mem 0x80010000 0x00000001
core   0: 0x80009d74 (0xff9ff06f) j       pc - 0x8
core   0: 3 0x80009d74 (0xff9ff06f)
core   0: 0x80009d6c (0x00006f17) auipc   t5, 0x6
core   0: 3 0x80009d6c (0x00006f17) x30 0x8000fd6c
core   0: 0x80009d70 (0x283f2a23) sw      gp, 660(t5)
core   0: 3 0x80009d70 (0x283f2a23) mem 0x80010000 0x00000001
core   0: 0x80009d74 (0xff9ff06f) j       pc - 0x8
core   0: 3 0x80009d74 (0xff9ff06f)
core   0: 0x80009d6c (0x00006f17) auipc   t5, 0x6
core   0: 3 0x80009d6c (0x00006f17) x30 0x8000fd6c
core   0: 0x80009d70 (0x283f2a23) sw      gp, 660(t5)
core   0: 3 0x80009d70 (0x283f2a23) mem 0x80010000 0x00000001
core   0: 0x80009d74 (0xff9ff06f) j       pc - 0x8
core   0: 3 0x80009d74 (0xff9ff06f)
core   0: 0x80009d6c (0x00006f17) auipc   t5, 0x6
core   0: 3 0x80009d6c (0x00006f17) x30 0x8000fd6c
core   0: 0x80009d70 (0x283f2a23) sw      gp, 660(t5)
core   0: 3 0x80009d70 (0x283f2a23) mem 0x80010000 0x00000001
core   0: 0x80009d74 (0xff9ff06f) j       pc - 0x8
core   0: 3 0x80009d74 (0xff9ff06f)
core   0: 0x80009d6c (0x00006f17) auipc   t5, 0x6
core   0: 3 0x80009d6c (0x00006f17) x30 0x8000fd6c
core   0: 0x80009d70 (0x283f2a23) sw      gp, 660(t5)
core   0: 3 0x80009d70 (0x283f2a23) mem 0x80010000 0x00000001
core   0: 0x80009d74 (0xff9ff06f) j       pc - 0x8
core   0: 3 0x80009d74 (0xff9ff06f)
core   0: 0x80009d6c (0x00006f17) auipc   t5, 0x6
core   0: 3 0x80009d6c (0x00006f17) x30 0x8000fd6c
core   0: 0x80009d70 (0x283f2a23) sw      gp, 660(t5)
core   0: 3 0x80009d70 (0x283f2a23) mem 0x80010000 0x00000001
core   0: 0x80009d74 (0xff9ff06f) j       pc - 0x8
core   0: 3 0x80009d74 (0xff9ff06f)
core   0: 0x80009d6c (0x00006f17) auipc   t5, 0x6
core   0: 3 0x80009d6c (0x00006f17) x30 0x8000fd6c
core   0: 0x80009d70 (0x283f2a23) sw      gp, 660(t5)
core   0: 3 0x80009d70 (0x283f2a23) mem 0x80010000 0x00000001
core   0: 0x80009d74 (0xff9ff06f) j       pc - 0x8
core   0: 3 0x80009d74 (0xff9ff06f)
core   0: 0x80009d6c (0x00006f17) auipc   t5, 0x6
core   0: 3 0x80009d6c (0x00006f17) x30 0x8000fd6c
core   0: 0x80009d70 (0x283f2a23) sw      gp, 660(t5)
core   0: 3 0x80009d70 (0x283f2a23) mem 0x80010000 0x00000001
core   0: 0x80009d74 (0xff9ff06f) j       pc - 0x8
core   0: 3 0x80009d74 (0xff9ff06f)
core   0: 0x80009d6c (0x00006f17) auipc   t5, 0x6
core   0: 3 0x80009d6c (0x00006f17) x30 0x8000fd6c
core   0: 0x80009d70 (0x283f2a23) sw      gp, 660(t5)
core   0: 3 0x80009d70 (0x283f2a23) mem 0x80010000 0x00000001
core   0: 0x80009d74 (0xff9ff06f) j       pc - 0x8
core   0: 3 0x80009d74 (0xff9ff06f)
core   0: 0x80009d6c (0x00006f17) auipc   t5, 0x6
core   0: 3 0x80009d6c (0x00006f17) x30 0x8000fd6c
core   0: 0x80009d70 (0x283f2a23) sw      gp, 660(t5)
core   0: 3 0x80009d70 (0x283f2a23) mem 0x80010000 0x00000001
core   0: 0x80009d74 (0xff9ff06f) j       pc - 0x8
core   0: 3 0x80009d74 (0xff9ff06f)
core   0: 0x80009d6c (0x00006f17) auipc   t5, 0x6
core   0: 3 0x80009d6c (0x00006f17) x30 0x8000fd6c
core   0: 0x80009d70 (0x283f2a23) sw      gp, 660(t5)
core   0: 3 0x80009d70 (0x283f2a23) mem 0x80010000 0x00000001
core   0: 0x80009d74 (0xff9ff06f) j       pc - 0x8
core   0: 3 0x80009d74 (0xff9ff06f)
core   0: 0x80009d6c (0x00006f17) auipc   t5, 0x6
core   0: 3 0x80009d6c (0x00006f17) x30 0x8000fd6c
core   0: 0x80009d70 (0x283f2a23) sw      gp, 660(t5)
core   0: 3 0x80009d70 (0x283f2a23) mem 0x80010000 0x00000001
core   0: 0x80009d74 (0xff9ff06f) j       pc - 0x8
core   0: 3 0x80009d74 (0xff9ff06f)
core   0: 0x80009d6c (0x00006f17) auipc   t5, 0x6
core   0: 3 0x80009d6c (0x00006f17) x30 0x8000fd6c
core   0: 0x80009d70 (0x283f2a23) sw      gp, 660(t5)
core   0: 3 0x80009d70 (0x283f2a23) mem 0x80010000 0x00000001
core   0: 0x80009d74 (0xff9ff06f) j       pc - 0x8
core   0: 3 0x80009d74 (0xff9ff06f)
core   0: 0x80009d6c (0x00006f17) auipc   t5, 0x6
core   0: 3 0x80009d6c (0x00006f17) x30 0x8000fd6c
core   0: 0x80009d70 (0x283f2a23) sw      gp, 660(t5)
core   0: 3 0x80009d70 (0x283f2a23) mem 0x80010000 0x00000001
core   0: 0x80009d74 (0xff9ff06f) j       pc - 0x8
core   0: 3 0x80009d74 (0xff9ff06f)
core   0: 0x80009d6c (0x00006f17) auipc   t5, 0x6
core   0: 3 0x80009d6c (0x00006f17) x30 0x8000fd6c
core   0: 0x80009d70 (0x283f2a23) sw      gp, 660(t5)
core   0: 3 0x80009d70 (0x283f2a23) mem 0x80010000 0x00000001
core   0: 0x80009d74 (0xff9ff06f) j       pc - 0x8
core   0: 3 0x80009d74 (0xff9ff06f)
core   0: 0x80009d6c (0x00006f17) auipc   t5, 0x6
core   0: 3 0x80009d6c (0x00006f17) x30 0x8000fd6c
core   0: 0x80009d70 (0x283f2a23) sw      gp, 660(t5)
core   0: 3 0x80009d70 (0x283f2a23) mem 0x80010000 0x00000001
core   0: 0x80009d74 (0xff9ff06f) j       pc - 0x8
core   0: 3 0x80009d74 (0xff9ff06f)
core   0: 0x80009d6c (0x00006f17) auipc   t5, 0x6
core   0: 3 0x80009d6c (0x00006f17) x30 0x8000fd6c
core   0: 0x80009d70 (0x283f2a23) sw      gp, 660(t5)
core   0: 3 0x80009d70 (0x283f2a23) mem 0x80010000 0x00000001
core   0: 0x80009d74 (0xff9ff06f) j       pc - 0x8
core   0: 3 0x80009d74 (0xff9ff06f)
core   0: 0x80009d6c (0x00006f17) auipc   t5, 0x6
core   0: 3 0x80009d6c (0x00006f17) x30 0x8000fd6c
core   0: 0x80009d70 (0x283f2a23) sw      gp, 660(t5)
core   0: 3 0x80009d70 (0x283f2a23) mem 0x80010000 0x00000001
core   0: 0x80009d74 (0xff9ff06f) j       pc - 0x8
core   0: 3 0x80009d74 (0xff9ff06f)
core   0: 0x80009d6c (0x00006f17) auipc   t5, 0x6
core   0: 3 0x80009d6c (0x00006f17) x30 0x8000fd6c
core   0: 0x80009d70 (0x283f2a23) sw      gp, 660(t5)
core   0: 3 0x80009d70 (0x283f2a23) mem 0x80010000 0x00000001
core   0: 0x80009d74 (0xff9ff06f) j       pc - 0x8
core   0: 3 0x80009d74 (0xff9ff06f)
core   0: 0x80009d6c (0x00006f17) auipc   t5, 0x6
core   0: 3 0x80009d6c (0x00006f17) x30 0x8000fd6c
core   0: 0x80009d70 (0x283f2a23) sw      gp, 660(t5)
core   0: 3 0x80009d70 (0x283f2a23) mem 0x80010000 0x00000001
core   0: 0x80009d74 (0xff9ff06f) j       pc - 0x8
core   0: 3 0x80009d74 (0xff9ff06f)
core   0: 0x80009d6c (0x00006f17) auipc   t5, 0x6
core   0: 3 0x80009d6c (0x00006f17) x30 0x8000fd6c
core   0: 0x80009d70 (0x283f2a23) sw      gp, 660(t5)
core   0: 3 0x80009d70 (0x283f2a23) mem 0x80010000 0x00000001
core   0: 0x80009d74 (0xff9ff06f) j       pc - 0x8
core   0: 3 0x80009d74 (0xff9ff06f)
core   0: 0x80009d6c (0x00006f17) auipc   t5, 0x6
core   0: 3 0x80009d6c (0x00006f17) x30 0x8000fd6c
core   0: 0x80009d70 (0x283f2a23) sw      gp, 660(t5)
core   0: 3 0x80009d70 (0x283f2a23) mem 0x80010000 0x00000001
core   0: 0x80009d74 (0xff9ff06f) j       pc - 0x8
core   0: 3 0x80009d74 (0xff9ff06f)
core   0: 0x80009d6c (0x00006f17) auipc   t5, 0x6
core   0: 3 0x80009d6c (0x00006f17) x30 0x8000fd6c
core   0: 0x80009d70 (0x283f2a23) sw      gp, 660(t5)
core   0: 3 0x80009d70 (0x283f2a23) mem 0x80010000 0x00000001
core   0: 0x80009d74 (0xff9ff06f) j       pc - 0x8
core   0: 3 0x80009d74 (0xff9ff06f)
core   0: 0x80009d6c (0x00006f17) auipc   t5, 0x6
core   0: 3 0x80009d6c (0x00006f17) x30 0x8000fd6c
core   0: 0x80009d70 (0x283f2a23) sw      gp, 660(t5)
core   0: 3 0x80009d70 (0x283f2a23) mem 0x80010000 0x00000001
core   0: 0x80009d74 (0xff9ff06f) j       pc - 0x8
core   0: 3 0x80009d74 (0xff9ff06f)
core   0: 0x80009d6c (0x00006f17) auipc   t5, 0x6
core   0: 3 0x80009d6c (0x00006f17) x30 0x8000fd6c
core   0: 0x80009d70 (0x283f2a23) sw      gp, 660(t5)
core   0: 3 0x80009d70 (0x283f2a23) mem 0x80010000 0x00000001
core   0: 0x80009d74 (0xff9ff06f) j       pc - 0x8
core   0: 3 0x80009d74 (0xff9ff06f)
core   0: 0x80009d6c (0x00006f17) auipc   t5, 0x6
core   0: 3 0x80009d6c (0x00006f17) x30 0x8000fd6c
core   0: 0x80009d70 (0x283f2a23) sw      gp, 660(t5)
core   0: 3 0x80009d70 (0x283f2a23) mem 0x80010000 0x00000001
core   0: 0x80009d74 (0xff9ff06f) j       pc - 0x8
core   0: 3 0x80009d74 (0xff9ff06f)
core   0: 0x80009d6c (0x00006f17) auipc   t5, 0x6
core   0: 3 0x80009d6c (0x00006f17) x30 0x8000fd6c
core   0: 0x80009d70 (0x283f2a23) sw      gp, 660(t5)
core   0: 3 0x80009d70 (0x283f2a23) mem 0x80010000 0x00000001
core   0: 0x80009d74 (0xff9ff06f) j       pc - 0x8
core   0: 3 0x80009d74 (0xff9ff06f)
core   0: 0x80009d6c (0x00006f17) auipc   t5, 0x6
core   0: 3 0x80009d6c (0x00006f17) x30 0x8000fd6c
core   0: 0x80009d70 (0x283f2a23) sw      gp, 660(t5)
core   0: 3 0x80009d70 (0x283f2a23) mem 0x80010000 0x00000001
core   0: 0x80009d74 (0xff9ff06f) j       pc - 0x8
core   0: 3 0x80009d74 (0xff9ff06f)
core   0: 0x80009d6c (0x00006f17) auipc   t5, 0x6
core   0: 3 0x80009d6c (0x00006f17) x30 0x8000fd6c
core   0: 0x80009d70 (0x283f2a23) sw      gp, 660(t5)
core   0: 3 0x80009d70 (0x283f2a23) mem 0x80010000 0x00000001
core   0: 0x80009d74 (0xff9ff06f) j       pc - 0x8
core   0: 3 0x80009d74 (0xff9ff06f)
core   0: 0x80009d6c (0x00006f17) auipc   t5, 0x6
core   0: 3 0x80009d6c (0x00006f17) x30 0x8000fd6c
core   0: 0x80009d70 (0x283f2a23) sw      gp, 660(t5)
core   0: 3 0x80009d70 (0x283f2a23) mem 0x80010000 0x00000001
core   0: 0x80009d74 (0xff9ff06f) j       pc - 0x8
core   0: 3 0x80009d74 (0xff9ff06f)
core   0: 0x80009d6c (0x00006f17) auipc   t5, 0x6
core   0: 3 0x80009d6c (0x00006f17) x30 0x8000fd6c
core   0: 0x80009d70 (0x283f2a23) sw      gp, 660(t5)
core   0: 3 0x80009d70 (0x283f2a23) mem 0x80010000 0x00000001
core   0: 0x80009d74 (0xff9ff06f) j       pc - 0x8
core   0: 3 0x80009d74 (0xff9ff06f)
core   0: 0x80009d6c (0x00006f17) auipc   t5, 0x6
core   0: 3 0x80009d6c (0x00006f17) x30 0x8000fd6c
core   0: 0x80009d70 (0x283f2a23) sw      gp, 660(t5)
core   0: 3 0x80009d70 (0x283f2a23) mem 0x80010000 0x00000001
core   0: 0x80009d74 (0xff9ff06f) j       pc - 0x8
core   0: 3 0x80009d74 (0xff9ff06f)
core   0: 0x80009d6c (0x00006f17) auipc   t5, 0x6
core   0: 3 0x80009d6c (0x00006f17) x30 0x8000fd6c
core   0: 0x80009d70 (0x283f2a23) sw      gp, 660(t5)
core   0: 3 0x80009d70 (0x283f2a23) mem 0x80010000 0x00000001
core   0: 0x80009d74 (0xff9ff06f) j       pc - 0x8
core   0: 3 0x80009d74 (0xff9ff06f)
core   0: 0x80009d6c (0x00006f17) auipc   t5, 0x6
core   0: 3 0x80009d6c (0x00006f17) x30 0x8000fd6c
core   0: 0x80009d70 (0x283f2a23) sw      gp, 660(t5)
core   0: 3 0x80009d70 (0x283f2a23) mem 0x80010000 0x00000001
core   0: 0x80009d74 (0xff9ff06f) j       pc - 0x8
core   0: 3 0x80009d74 (0xff9ff06f)
core   0: 0x80009d6c (0x00006f17) auipc   t5, 0x6
core   0: 3 0x80009d6c (0x00006f17) x30 0x8000fd6c
core   0: 0x80009d70 (0x283f2a23) sw      gp, 660(t5)
core   0: 3 0x80009d70 (0x283f2a23) mem 0x80010000 0x00000001
core   0: 0x80009d74 (0xff9ff06f) j       pc - 0x8
core   0: 3 0x80009d74 (0xff9ff06f)
core   0: 0x80009d6c (0x00006f17) auipc   t5, 0x6
core   0: 3 0x80009d6c (0x00006f17) x30 0x8000fd6c
core   0: 0x80009d70 (0x283f2a23) sw      gp, 660(t5)
core   0: 3 0x80009d70 (0x283f2a23) mem 0x80010000 0x00000001
core   0: 0x80009d74 (0xff9ff06f) j       pc - 0x8
core   0: 3 0x80009d74 (0xff9ff06f)
core   0: 0x80009d6c (0x00006f17) auipc   t5, 0x6
core   0: 3 0x80009d6c (0x00006f17) x30 0x8000fd6c
core   0: 0x80009d70 (0x283f2a23) sw      gp, 660(t5)
core   0: 3 0x80009d70 (0x283f2a23) mem 0x80010000 0x00000001
core   0: 0x80009d74 (0xff9ff06f) j       pc - 0x8
core   0: 3 0x80009d74 (0xff9ff06f)
core   0: 0x80009d6c (0x00006f17) auipc   t5, 0x6
core   0: 3 0x80009d6c (0x00006f17) x30 0x8000fd6c
core   0: 0x80009d70 (0x283f2a23) sw      gp, 660(t5)
core   0: 3 0x80009d70 (0x283f2a23) mem 0x80010000 0x00000001
core   0: 0x80009d74 (0xff9ff06f) j       pc - 0x8
core   0: 3 0x80009d74 (0xff9ff06f)
core   0: 0x80009d6c (0x00006f17) auipc   t5, 0x6
core   0: 3 0x80009d6c (0x00006f17) x30 0x8000fd6c
core   0: 0x80009d70 (0x283f2a23) sw      gp, 660(t5)
core   0: 3 0x80009d70 (0x283f2a23) mem 0x80010000 0x00000001
core   0: 0x80009d74 (0xff9ff06f) j       pc - 0x8
core   0: 3 0x80009d74 (0xff9ff06f)
core   0: 0x80009d6c (0x00006f17) auipc   t5, 0x6
core   0: 3 0x80009d6c (0x00006f17) x30 0x8000fd6c
core   0: 0x80009d70 (0x283f2a23) sw      gp, 660(t5)
core   0: 3 0x80009d70 (0x283f2a23) mem 0x80010000 0x00000001
core   0: 0x80009d74 (0xff9ff06f) j       pc - 0x8
core   0: 3 0x80009d74 (0xff9ff06f)
core   0: 0x80009d6c (0x00006f17) auipc   t5, 0x6
core   0: 3 0x80009d6c (0x00006f17) x30 0x8000fd6c
core   0: 0x80009d70 (0x283f2a23) sw      gp, 660(t5)
core   0: 3 0x80009d70 (0x283f2a23) mem 0x80010000 0x00000001
core   0: 0x80009d74 (0xff9ff06f) j       pc - 0x8
core   0: 3 0x80009d74 (0xff9ff06f)
core   0: 0x80009d6c (0x00006f17) auipc   t5, 0x6
core   0: 3 0x80009d6c (0x00006f17) x30 0x8000fd6c
core   0: 0x80009d70 (0x283f2a23) sw      gp, 660(t5)
core   0: 3 0x80009d70 (0x283f2a23) mem 0x80010000 0x00000001
core   0: 0x80009d74 (0xff9ff06f) j       pc - 0x8
core   0: 3 0x80009d74 (0xff9ff06f)
core   0: 0x80009d6c (0x00006f17) auipc   t5, 0x6
core   0: 3 0x80009d6c (0x00006f17) x30 0x8000fd6c
core   0: 0x80009d70 (0x283f2a23) sw      gp, 660(t5)
core   0: 3 0x80009d70 (0x283f2a23) mem 0x80010000 0x00000001
core   0: 0x80009d74 (0xff9ff06f) j       pc - 0x8
core   0: 3 0x80009d74 (0xff9ff06f)
core   0: 0x80009d6c (0x00006f17) auipc   t5, 0x6
core   0: 3 0x80009d6c (0x00006f17) x30 0x8000fd6c
core   0: 0x80009d70 (0x283f2a23) sw      gp, 660(t5)
core   0: 3 0x80009d70 (0x283f2a23) mem 0x80010000 0x00000001
core   0: 0x80009d74 (0xff9ff06f) j       pc - 0x8
core   0: 3 0x80009d74 (0xff9ff06f)
core   0: 0x80009d6c (0x00006f17) auipc   t5, 0x6
core   0: 3 0x80009d6c (0x00006f17) x30 0x8000fd6c
core   0: 0x80009d70 (0x283f2a23) sw      gp, 660(t5)
core   0: 3 0x80009d70 (0x283f2a23) mem 0x80010000 0x00000001
core   0: 0x80009d74 (0xff9ff06f) j       pc - 0x8
core   0: 3 0x80009d74 (0xff9ff06f)
core   0: 0x80009d6c (0x00006f17) auipc   t5, 0x6
core   0: 3 0x80009d6c (0x00006f17) x30 0x8000fd6c
core   0: 0x80009d70 (0x283f2a23) sw      gp, 660(t5)
core   0: 3 0x80009d70 (0x283f2a23) mem 0x80010000 0x00000001
core   0: 0x80009d74 (0xff9ff06f) j       pc - 0x8
core   0: 3 0x80009d74 (0xff9ff06f)
core   0: 0x80009d6c (0x00006f17) auipc   t5, 0x6
core   0: 3 0x80009d6c (0x00006f17) x30 0x8000fd6c
core   0: 0x80009d70 (0x283f2a23) sw      gp, 660(t5)
core   0: 3 0x80009d70 (0x283f2a23) mem 0x80010000 0x00000001
core   0: 0x80009d74 (0xff9ff06f) j       pc - 0x8
core   0: 3 0x80009d74 (0xff9ff06f)
core   0: 0x80009d6c (0x00006f17) auipc   t5, 0x6
core   0: 3 0x80009d6c (0x00006f17) x30 0x8000fd6c
core   0: 0x80009d70 (0x283f2a23) sw      gp, 660(t5)
core   0: 3 0x80009d70 (0x283f2a23) mem 0x80010000 0x00000001
core   0: 0x80009d74 (0xff9ff06f) j       pc - 0x8
core   0: 3 0x80009d74 (0xff9ff06f)
core   0: 0x80009d6c (0x00006f17) auipc   t5, 0x6
core   0: 3 0x80009d6c (0x00006f17) x30 0x8000fd6c
core   0: 0x80009d70 (0x283f2a23) sw      gp, 660(t5)
core   0: 3 0x80009d70 (0x283f2a23) mem 0x80010000 0x00000001
core   0: 0x80009d74 (0xff9ff06f) j       pc - 0x8
core   0: 3 0x80009d74 (0xff9ff06f)
core   0: 0x80009d6c (0x00006f17) auipc   t5, 0x6
core   0: 3 0x80009d6c (0x00006f17) x30 0x8000fd6c
core   0: 0x80009d70 (0x283f2a23) sw      gp, 660(t5)
core   0: 3 0x80009d70 (0x283f2a23) mem 0x80010000 0x00000001
core   0: 0x80009d74 (0xff9ff06f) j       pc - 0x8
core   0: 3 0x80009d74 (0xff9ff06f)
core   0: 0x80009d6c (0x00006f17) auipc   t5, 0x6
core   0: 3 0x80009d6c (0x00006f17) x30 0x8000fd6c
core   0: 0x80009d70 (0x283f2a23) sw      gp, 660(t5)
core   0: 3 0x80009d70 (0x283f2a23) mem 0x80010000 0x00000001
core   0: 0x80009d74 (0xff9ff06f) j       pc - 0x8
core   0: 3 0x80009d74 (0xff9ff06f)
core   0: 0x80009d6c (0x00006f17) auipc   t5, 0x6
core   0: 3 0x80009d6c (0x00006f17) x30 0x8000fd6c
core   0: 0x80009d70 (0x283f2a23) sw      gp, 660(t5)
core   0: 3 0x80009d70 (0x283f2a23) mem 0x80010000 0x00000001
core   0: 0x80009d74 (0xff9ff06f) j       pc - 0x8
core   0: 3 0x80009d74 (0xff9ff06f)
core   0: 0x80009d6c (0x00006f17) auipc   t5, 0x6
core   0: 3 0x80009d6c (0x00006f17) x30 0x8000fd6c
core   0: 0x80009d70 (0x283f2a23) sw      gp, 660(t5)
core   0: 3 0x80009d70 (0x283f2a23) mem 0x80010000 0x00000001
core   0: 0x80009d74 (0xff9ff06f) j       pc - 0x8
core   0: 3 0x80009d74 (0xff9ff06f)
core   0: 0x80009d6c (0x00006f17) auipc   t5, 0x6
core   0: 3 0x80009d6c (0x00006f17) x30 0x8000fd6c
core   0: 0x80009d70 (0x283f2a23) sw      gp, 660(t5)
core   0: 3 0x80009d70 (0x283f2a23) mem 0x80010000 0x00000001
core   0: 0x80009d74 (0xff9ff06f) j       pc - 0x8
core   0: 3 0x80009d74 (0xff9ff06f)
core   0: 0x80009d6c (0x00006f17) auipc   t5, 0x6
core   0: 3 0x80009d6c (0x00006f17) x30 0x8000fd6c
core   0: 0x80009d70 (0x283f2a23) sw      gp, 660(t5)
core   0: 3 0x80009d70 (0x283f2a23) mem 0x80010000 0x00000001
core   0: 0x80009d74 (0xff9ff06f) j       pc - 0x8
core   0: 3 0x80009d74 (0xff9ff06f)
core   0: 0x80009d6c (0x00006f17) auipc   t5, 0x6
core   0: 3 0x80009d6c (0x00006f17) x30 0x8000fd6c
core   0: 0x80009d70 (0x283f2a23) sw      gp, 660(t5)
core   0: 3 0x80009d70 (0x283f2a23) mem 0x80010000 0x00000001
core   0: 0x80009d74 (0xff9ff06f) j       pc - 0x8
core   0: 3 0x80009d74 (0xff9ff06f)
core   0: 0x80009d6c (0x00006f17) auipc   t5, 0x6
core   0: 3 0x80009d6c (0x00006f17) x30 0x8000fd6c
core   0: 0x80009d70 (0x283f2a23) sw      gp, 660(t5)
core   0: 3 0x80009d70 (0x283f2a23) mem 0x80010000 0x00000001
core   0: 0x80009d74 (0xff9ff06f) j       pc - 0x8
core   0: 3 0x80009d74 (0xff9ff06f)
core   0: 0x80009d6c (0x00006f17) auipc   t5, 0x6
core   0: 3 0x80009d6c (0x00006f17) x30 0x8000fd6c
core   0: 0x80009d70 (0x283f2a23) sw      gp, 660(t5)
core   0: 3 0x80009d70 (0x283f2a23) mem 0x80010000 0x00000001
core   0: 0x80009d74 (0xff9ff06f) j       pc - 0x8
core   0: 3 0x80009d74 (0xff9ff06f)
core   0: 0x80009d6c (0x00006f17) auipc   t5, 0x6
core   0: 3 0x80009d6c (0x00006f17) x30 0x8000fd6c
core   0: 0x80009d70 (0x283f2a23) sw      gp, 660(t5)
core   0: 3 0x80009d70 (0x283f2a23) mem 0x80010000 0x00000001
core   0: 0x80009d74 (0xff9ff06f) j       pc - 0x8
core   0: 3 0x80009d74 (0xff9ff06f)
core   0: 0x80009d6c (0x00006f17) auipc   t5, 0x6
core   0: 3 0x80009d6c (0x00006f17) x30 0x8000fd6c
core   0: 0x80009d70 (0x283f2a23) sw      gp, 660(t5)
core   0: 3 0x80009d70 (0x283f2a23) mem 0x80010000 0x00000001
core   0: 0x80009d74 (0xff9ff06f) j       pc - 0x8
core   0: 3 0x80009d74 (0xff9ff06f)
core   0: 0x80009d6c (0x00006f17) auipc   t5, 0x6
core   0: 3 0x80009d6c (0x00006f17) x30 0x8000fd6c
core   0: 0x80009d70 (0x283f2a23) sw      gp, 660(t5)
core   0: 3 0x80009d70 (0x283f2a23) mem 0x80010000 0x00000001
core   0: 0x80009d74 (0xff9ff06f) j       pc - 0x8
core   0: 3 0x80009d74 (0xff9ff06f)
core   0: 0x80009d6c (0x00006f17) auipc   t5, 0x6
core   0: 3 0x80009d6c (0x00006f17) x30 0x8000fd6c
core   0: 0x80009d70 (0x283f2a23) sw      gp, 660(t5)
core   0: 3 0x80009d70 (0x283f2a23) mem 0x80010000 0x00000001
core   0: 0x80009d74 (0xff9ff06f) j       pc - 0x8
core   0: 3 0x80009d74 (0xff9ff06f)
core   0: 0x80009d6c (0x00006f17) auipc   t5, 0x6
core   0: 3 0x80009d6c (0x00006f17) x30 0x8000fd6c
core   0: 0x80009d70 (0x283f2a23) sw      gp, 660(t5)
core   0: 3 0x80009d70 (0x283f2a23) mem 0x80010000 0x00000001
core   0: 0x80009d74 (0xff9ff06f) j       pc - 0x8
core   0: 3 0x80009d74 (0xff9ff06f)
core   0: 0x80009d6c (0x00006f17) auipc   t5, 0x6
core   0: 3 0x80009d6c (0x00006f17) x30 0x8000fd6c
core   0: 0x80009d70 (0x283f2a23) sw      gp, 660(t5)
core   0: 3 0x80009d70 (0x283f2a23) mem 0x80010000 0x00000001
core   0: 0x80009d74 (0xff9ff06f) j       pc - 0x8
core   0: 3 0x80009d74 (0xff9ff06f)
core   0: 0x80009d6c (0x00006f17) auipc   t5, 0x6
core   0: 3 0x80009d6c (0x00006f17) x30 0x8000fd6c
core   0: 0x80009d70 (0x283f2a23) sw      gp, 660(t5)
core   0: 3 0x80009d70 (0x283f2a23) mem 0x80010000 0x00000001
core   0: 0x80009d74 (0xff9ff06f) j       pc - 0x8
core   0: 3 0x80009d74 (0xff9ff06f)
core   0: 0x80009d6c (0x00006f17) auipc   t5, 0x6
core   0: 3 0x80009d6c (0x00006f17) x30 0x8000fd6c
core   0: 0x80009d70 (0x283f2a23) sw      gp, 660(t5)
core   0: 3 0x80009d70 (0x283f2a23) mem 0x80010000 0x00000001
core   0: 0x80009d74 (0xff9ff06f) j       pc - 0x8
core   0: 3 0x80009d74 (0xff9ff06f)
core   0: 0x80009d6c (0x00006f17) auipc   t5, 0x6
core   0: 3 0x80009d6c (0x00006f17) x30 0x8000fd6c
core   0: 0x80009d70 (0x283f2a23) sw      gp, 660(t5)
core   0: 3 0x80009d70 (0x283f2a23) mem 0x80010000 0x00000001
core   0: 0x80009d74 (0xff9ff06f) j       pc - 0x8
core   0: 3 0x80009d74 (0xff9ff06f)
core   0: 0x80009d6c (0x00006f17) auipc   t5, 0x6
core   0: 3 0x80009d6c (0x00006f17) x30 0x8000fd6c
core   0: 0x80009d70 (0x283f2a23) sw      gp, 660(t5)
core   0: 3 0x80009d70 (0x283f2a23) mem 0x80010000 0x00000001
core   0: 0x80009d74 (0xff9ff06f) j       pc - 0x8
core   0: 3 0x80009d74 (0xff9ff06f)
core   0: 0x80009d6c (0x00006f17) auipc   t5, 0x6
core   0: 3 0x80009d6c (0x00006f17) x30 0x8000fd6c
core   0: 0x80009d70 (0x283f2a23) sw      gp, 660(t5)
core   0: 3 0x80009d70 (0x283f2a23) mem 0x80010000 0x00000001
core   0: 0x80009d74 (0xff9ff06f) j       pc - 0x8
core   0: 3 0x80009d74 (0xff9ff06f)
core   0: 0x80009d6c (0x00006f17) auipc   t5, 0x6
core   0: 3 0x80009d6c (0x00006f17) x30 0x8000fd6c
core   0: 0x80009d70 (0x283f2a23) sw      gp, 660(t5)
core   0: 3 0x80009d70 (0x283f2a23) mem 0x80010000 0x00000001
core   0: 0x80009d74 (0xff9ff06f) j       pc - 0x8
core   0: 3 0x80009d74 (0xff9ff06f)
core   0: 0x80009d6c (0x00006f17) auipc   t5, 0x6
core   0: 3 0x80009d6c (0x00006f17) x30 0x8000fd6c
core   0: 0x80009d70 (0x283f2a23) sw      gp, 660(t5)
core   0: 3 0x80009d70 (0x283f2a23) mem 0x80010000 0x00000001
core   0: 0x80009d74 (0xff9ff06f) j       pc - 0x8
core   0: 3 0x80009d74 (0xff9ff06f)
core   0: 0x80009d6c (0x00006f17) auipc   t5, 0x6
core   0: 3 0x80009d6c (0x00006f17) x30 0x8000fd6c
core   0: 0x80009d70 (0x283f2a23) sw      gp, 660(t5)
core   0: 3 0x80009d70 (0x283f2a23) mem 0x80010000 0x00000001
core   0: 0x80009d74 (0xff9ff06f) j       pc - 0x8
core   0: 3 0x80009d74 (0xff9ff06f)
core   0: 0x80009d6c (0x00006f17) auipc   t5, 0x6
core   0: 3 0x80009d6c (0x00006f17) x30 0x8000fd6c
core   0: 0x80009d70 (0x283f2a23) sw      gp, 660(t5)
core   0: 3 0x80009d70 (0x283f2a23) mem 0x80010000 0x00000001
core   0: 0x80009d74 (0xff9ff06f) j       pc - 0x8
core   0: 3 0x80009d74 (0xff9ff06f)
core   0: 0x80009d6c (0x00006f17) auipc   t5, 0x6
core   0: 3 0x80009d6c (0x00006f17) x30 0x8000fd6c
core   0: 0x80009d70 (0x283f2a23) sw      gp, 660(t5)
core   0: 3 0x80009d70 (0x283f2a23) mem 0x80010000 0x00000001
core   0: 0x80009d74 (0xff9ff06f) j       pc - 0x8
core   0: 3 0x80009d74 (0xff9ff06f)
core   0: 0x80009d6c (0x00006f17) auipc   t5, 0x6
core   0: 3 0x80009d6c (0x00006f17) x30 0x8000fd6c
core   0: 0x80009d70 (0x283f2a23) sw      gp, 660(t5)
core   0: 3 0x80009d70 (0x283f2a23) mem 0x80010000 0x00000001
core   0: 0x80009d74 (0xff9ff06f) j       pc - 0x8
core   0: 3 0x80009d74 (0xff9ff06f)
core   0: 0x80009d6c (0x00006f17) auipc   t5, 0x6
core   0: 3 0x80009d6c (0x00006f17) x30 0x8000fd6c
core   0: 0x80009d70 (0x283f2a23) sw      gp, 660(t5)
core   0: 3 0x80009d70 (0x283f2a23) mem 0x80010000 0x00000001
core   0: 0x80009d74 (0xff9ff06f) j       pc - 0x8
core   0: 3 0x80009d74 (0xff9ff06f)
core   0: 0x80009d6c (0x00006f17) auipc   t5, 0x6
core   0: 3 0x80009d6c (0x00006f17) x30 0x8000fd6c
core   0: 0x80009d70 (0x283f2a23) sw      gp, 660(t5)
core   0: 3 0x80009d70 (0x283f2a23) mem 0x80010000 0x00000001
core   0: 0x80009d74 (0xff9ff06f) j       pc - 0x8
core   0: 3 0x80009d74 (0xff9ff06f)
core   0: 0x80009d6c (0x00006f17) auipc   t5, 0x6
core   0: 3 0x80009d6c (0x00006f17) x30 0x8000fd6c
core   0: 0x80009d70 (0x283f2a23) sw      gp, 660(t5)
core   0: 3 0x80009d70 (0x283f2a23) mem 0x80010000 0x00000001
core   0: 0x80009d74 (0xff9ff06f) j       pc - 0x8
core   0: 3 0x80009d74 (0xff9ff06f)
core   0: 0x80009d6c (0x00006f17) auipc   t5, 0x6
core   0: 3 0x80009d6c (0x00006f17) x30 0x8000fd6c
core   0: 0x80009d70 (0x283f2a23) sw      gp, 660(t5)
core   0: 3 0x80009d70 (0x283f2a23) mem 0x80010000 0x00000001
core   0: 0x80009d74 (0xff9ff06f) j       pc - 0x8
core   0: 3 0x80009d74 (0xff9ff06f)
core   0: 0x80009d6c (0x00006f17) auipc   t5, 0x6
core   0: 3 0x80009d6c (0x00006f17) x30 0x8000fd6c
core   0: 0x80009d70 (0x283f2a23) sw      gp, 660(t5)
core   0: 3 0x80009d70 (0x283f2a23) mem 0x80010000 0x00000001
core   0: 0x80009d74 (0xff9ff06f) j       pc - 0x8
core   0: 3 0x80009d74 (0xff9ff06f)
core   0: 0x80009d6c (0x00006f17) auipc   t5, 0x6
core   0: 3 0x80009d6c (0x00006f17) x30 0x8000fd6c
core   0: 0x80009d70 (0x283f2a23) sw      gp, 660(t5)
core   0: 3 0x80009d70 (0x283f2a23) mem 0x80010000 0x00000001
core   0: 0x80009d74 (0xff9ff06f) j       pc - 0x8
core   0: 3 0x80009d74 (0xff9ff06f)
core   0: 0x80009d6c (0x00006f17) auipc   t5, 0x6
core   0: 3 0x80009d6c (0x00006f17) x30 0x8000fd6c
core   0: 0x80009d70 (0x283f2a23) sw      gp, 660(t5)
core   0: 3 0x80009d70 (0x283f2a23) mem 0x80010000 0x00000001
core   0: 0x80009d74 (0xff9ff06f) j       pc - 0x8
core   0: 3 0x80009d74 (0xff9ff06f)
core   0: 0x80009d6c (0x00006f17) auipc   t5, 0x6
core   0: 3 0x80009d6c (0x00006f17) x30 0x8000fd6c
core   0: 0x80009d70 (0x283f2a23) sw      gp, 660(t5)
core   0: 3 0x80009d70 (0x283f2a23) mem 0x80010000 0x00000001
core   0: 0x80009d74 (0xff9ff06f) j       pc - 0x8
core   0: 3 0x80009d74 (0xff9ff06f)
core   0: 0x80009d6c (0x00006f17) auipc   t5, 0x6
core   0: 3 0x80009d6c (0x00006f17) x30 0x8000fd6c
core   0: 0x80009d70 (0x283f2a23) sw      gp, 660(t5)
core   0: 3 0x80009d70 (0x283f2a23) mem 0x80010000 0x00000001
core   0: 0x80009d74 (0xff9ff06f) j       pc - 0x8
core   0: 3 0x80009d74 (0xff9ff06f)
core   0: 0x80009d6c (0x00006f17) auipc   t5, 0x6
core   0: 3 0x80009d6c (0x00006f17) x30 0x8000fd6c
core   0: 0x80009d70 (0x283f2a23) sw      gp, 660(t5)
core   0: 3 0x80009d70 (0x283f2a23) mem 0x80010000 0x00000001
core   0: 0x80009d74 (0xff9ff06f) j       pc - 0x8
core   0: 3 0x80009d74 (0xff9ff06f)
core   0: 0x80009d6c (0x00006f17) auipc   t5, 0x6
core   0: 3 0x80009d6c (0x00006f17) x30 0x8000fd6c
core   0: 0x80009d70 (0x283f2a23) sw      gp, 660(t5)
core   0: 3 0x80009d70 (0x283f2a23) mem 0x80010000 0x00000001
core   0: 0x80009d74 (0xff9ff06f) j       pc - 0x8
core   0: 3 0x80009d74 (0xff9ff06f)
core   0: 0x80009d6c (0x00006f17) auipc   t5, 0x6
core   0: 3 0x80009d6c (0x00006f17) x30 0x8000fd6c
core   0: 0x80009d70 (0x283f2a23) sw      gp, 660(t5)
core   0: 3 0x80009d70 (0x283f2a23) mem 0x80010000 0x00000001
core   0: 0x80009d74 (0xff9ff06f) j       pc - 0x8
core   0: 3 0x80009d74 (0xff9ff06f)
core   0: 0x80009d6c (0x00006f17) auipc   t5, 0x6
core   0: 3 0x80009d6c (0x00006f17) x30 0x8000fd6c
core   0: 0x80009d70 (0x283f2a23) sw      gp, 660(t5)
core   0: 3 0x80009d70 (0x283f2a23) mem 0x80010000 0x00000001
core   0: 0x80009d74 (0xff9ff06f) j       pc - 0x8
core   0: 3 0x80009d74 (0xff9ff06f)
core   0: 0x80009d6c (0x00006f17) auipc   t5, 0x6
core   0: 3 0x80009d6c (0x00006f17) x30 0x8000fd6c
core   0: 0x80009d70 (0x283f2a23) sw      gp, 660(t5)
core   0: 3 0x80009d70 (0x283f2a23) mem 0x80010000 0x00000001
core   0: 0x80009d74 (0xff9ff06f) j       pc - 0x8
core   0: 3 0x80009d74 (0xff9ff06f)
core   0: 0x80009d6c (0x00006f17) auipc   t5, 0x6
core   0: 3 0x80009d6c (0x00006f17) x30 0x8000fd6c
core   0: 0x80009d70 (0x283f2a23) sw      gp, 660(t5)
core   0: 3 0x80009d70 (0x283f2a23) mem 0x80010000 0x00000001
core   0: 0x80009d74 (0xff9ff06f) j       pc - 0x8
core   0: 3 0x80009d74 (0xff9ff06f)
core   0: 0x80009d6c (0x00006f17) auipc   t5, 0x6
core   0: 3 0x80009d6c (0x00006f17) x30 0x8000fd6c
core   0: 0x80009d70 (0x283f2a23) sw      gp, 660(t5)
core   0: 3 0x80009d70 (0x283f2a23) mem 0x80010000 0x00000001
core   0: 0x80009d74 (0xff9ff06f) j       pc - 0x8
core   0: 3 0x80009d74 (0xff9ff06f)
core   0: 0x80009d6c (0x00006f17) auipc   t5, 0x6
core   0: 3 0x80009d6c (0x00006f17) x30 0x8000fd6c
core   0: 0x80009d70 (0x283f2a23) sw      gp, 660(t5)
core   0: 3 0x80009d70 (0x283f2a23) mem 0x80010000 0x00000001
core   0: 0x80009d74 (0xff9ff06f) j       pc - 0x8
core   0: 3 0x80009d74 (0xff9ff06f)
core   0: 0x80009d6c (0x00006f17) auipc   t5, 0x6
core   0: 3 0x80009d6c (0x00006f17) x30 0x8000fd6c
core   0: 0x80009d70 (0x283f2a23) sw      gp, 660(t5)
core   0: 3 0x80009d70 (0x283f2a23) mem 0x80010000 0x00000001
core   0: 0x80009d74 (0xff9ff06f) j       pc - 0x8
core   0: 3 0x80009d74 (0xff9ff06f)
core   0: 0x80009d6c (0x00006f17) auipc   t5, 0x6
core   0: 3 0x80009d6c (0x00006f17) x30 0x8000fd6c
core   0: 0x80009d70 (0x283f2a23) sw      gp, 660(t5)
core   0: 3 0x80009d70 (0x283f2a23) mem 0x80010000 0x00000001
core   0: 0x80009d74 (0xff9ff06f) j       pc - 0x8
core   0: 3 0x80009d74 (0xff9ff06f)
core   0: 0x80009d6c (0x00006f17) auipc   t5, 0x6
core   0: 3 0x80009d6c (0x00006f17) x30 0x8000fd6c
core   0: 0x80009d70 (0x283f2a23) sw      gp, 660(t5)
core   0: 3 0x80009d70 (0x283f2a23) mem 0x80010000 0x00000001
core   0: 0x80009d74 (0xff9ff06f) j       pc - 0x8
core   0: 3 0x80009d74 (0xff9ff06f)
core   0: 0x80009d6c (0x00006f17) auipc   t5, 0x6
core   0: 3 0x80009d6c (0x00006f17) x30 0x8000fd6c
core   0: 0x80009d70 (0x283f2a23) sw      gp, 660(t5)
core   0: 3 0x80009d70 (0x283f2a23) mem 0x80010000 0x00000001
core   0: 0x80009d74 (0xff9ff06f) j       pc - 0x8
core   0: 3 0x80009d74 (0xff9ff06f)
core   0: 0x80009d6c (0x00006f17) auipc   t5, 0x6
core   0: 3 0x80009d6c (0x00006f17) x30 0x8000fd6c
core   0: 0x80009d70 (0x283f2a23) sw      gp, 660(t5)
core   0: 3 0x80009d70 (0x283f2a23) mem 0x80010000 0x00000001
core   0: 0x80009d74 (0xff9ff06f) j       pc - 0x8
core   0: 3 0x80009d74 (0xff9ff06f)
core   0: 0x80009d6c (0x00006f17) auipc   t5, 0x6
core   0: 3 0x80009d6c (0x00006f17) x30 0x8000fd6c
core   0: 0x80009d70 (0x283f2a23) sw      gp, 660(t5)
core   0: 3 0x80009d70 (0x283f2a23) mem 0x80010000 0x00000001
core   0: 0x80009d74 (0xff9ff06f) j       pc - 0x8
core   0: 3 0x80009d74 (0xff9ff06f)
core   0: 0x80009d6c (0x00006f17) auipc   t5, 0x6
core   0: 3 0x80009d6c (0x00006f17) x30 0x8000fd6c
core   0: 0x80009d70 (0x283f2a23) sw      gp, 660(t5)
core   0: 3 0x80009d70 (0x283f2a23) mem 0x80010000 0x00000001
core   0: 0x80009d74 (0xff9ff06f) j       pc - 0x8
core   0: 3 0x80009d74 (0xff9ff06f)
core   0: 0x80009d6c (0x00006f17) auipc   t5, 0x6
core   0: 3 0x80009d6c (0x00006f17) x30 0x8000fd6c
core   0: 0x80009d70 (0x283f2a23) sw      gp, 660(t5)
core   0: 3 0x80009d70 (0x283f2a23) mem 0x80010000 0x00000001
core   0: 0x80009d74 (0xff9ff06f) j       pc - 0x8
core   0: 3 0x80009d74 (0xff9ff06f)
core   0: 0x80009d6c (0x00006f17) auipc   t5, 0x6
core   0: 3 0x80009d6c (0x00006f17) x30 0x8000fd6c
core   0: 0x80009d70 (0x283f2a23) sw      gp, 660(t5)
core   0: 3 0x80009d70 (0x283f2a23) mem 0x80010000 0x00000001
core   0: 0x80009d74 (0xff9ff06f) j       pc - 0x8
core   0: 3 0x80009d74 (0xff9ff06f)
core   0: 0x80009d6c (0x00006f17) auipc   t5, 0x6
core   0: 3 0x80009d6c (0x00006f17) x30 0x8000fd6c
core   0: 0x80009d70 (0x283f2a23) sw      gp, 660(t5)
core   0: 3 0x80009d70 (0x283f2a23) mem 0x80010000 0x00000001
core   0: 0x80009d74 (0xff9ff06f) j       pc - 0x8
core   0: 3 0x80009d74 (0xff9ff06f)
core   0: 0x80009d6c (0x00006f17) auipc   t5, 0x6
core   0: 3 0x80009d6c (0x00006f17) x30 0x8000fd6c
core   0: 0x80009d70 (0x283f2a23) sw      gp, 660(t5)
core   0: 3 0x80009d70 (0x283f2a23) mem 0x80010000 0x00000001
core   0: 0x80009d74 (0xff9ff06f) j       pc - 0x8
core   0: 3 0x80009d74 (0xff9ff06f)
core   0: 0x80009d6c (0x00006f17) auipc   t5, 0x6
core   0: 3 0x80009d6c (0x00006f17) x30 0x8000fd6c
core   0: 0x80009d70 (0x283f2a23) sw      gp, 660(t5)
core   0: 3 0x80009d70 (0x283f2a23) mem 0x80010000 0x00000001
core   0: 0x80009d74 (0xff9ff06f) j       pc - 0x8
core   0: 3 0x80009d74 (0xff9ff06f)
core   0: 0x80009d6c (0x00006f17) auipc   t5, 0x6
core   0: 3 0x80009d6c (0x00006f17) x30 0x8000fd6c
core   0: 0x80009d70 (0x283f2a23) sw      gp, 660(t5)
core   0: 3 0x80009d70 (0x283f2a23) mem 0x80010000 0x00000001
core   0: 0x80009d74 (0xff9ff06f) j       pc - 0x8
core   0: 3 0x80009d74 (0xff9ff06f)
core   0: 0x80009d6c (0x00006f17) auipc   t5, 0x6
core   0: 3 0x80009d6c (0x00006f17) x30 0x8000fd6c
core   0: 0x80009d70 (0x283f2a23) sw      gp, 660(t5)
core   0: 3 0x80009d70 (0x283f2a23) mem 0x80010000 0x00000001
core   0: 0x80009d74 (0xff9ff06f) j       pc - 0x8
core   0: 3 0x80009d74 (0xff9ff06f)
core   0: 0x80009d6c (0x00006f17) auipc   t5, 0x6
core   0: 3 0x80009d6c (0x00006f17) x30 0x8000fd6c
core   0: 0x80009d70 (0x283f2a23) sw      gp, 660(t5)
core   0: 3 0x80009d70 (0x283f2a23) mem 0x80010000 0x00000001
core   0: 0x80009d74 (0xff9ff06f) j       pc - 0x8
core   0: 3 0x80009d74 (0xff9ff06f)
core   0: 0x80009d6c (0x00006f17) auipc   t5, 0x6
core   0: 3 0x80009d6c (0x00006f17) x30 0x8000fd6c
core   0: 0x80009d70 (0x283f2a23) sw      gp, 660(t5)
core   0: 3 0x80009d70 (0x283f2a23) mem 0x80010000 0x00000001
core   0: 0x80009d74 (0xff9ff06f) j       pc - 0x8
core   0: 3 0x80009d74 (0xff9ff06f)
core   0: 0x80009d6c (0x00006f17) auipc   t5, 0x6
core   0: 3 0x80009d6c (0x00006f17) x30 0x8000fd6c
core   0: 0x80009d70 (0x283f2a23) sw      gp, 660(t5)
core   0: 3 0x80009d70 (0x283f2a23) mem 0x80010000 0x00000001
core   0: 0x80009d74 (0xff9ff06f) j       pc - 0x8
core   0: 3 0x80009d74 (0xff9ff06f)
core   0: 0x80009d6c (0x00006f17) auipc   t5, 0x6
core   0: 3 0x80009d6c (0x00006f17) x30 0x8000fd6c
core   0: 0x80009d70 (0x283f2a23) sw      gp, 660(t5)
core   0: 3 0x80009d70 (0x283f2a23) mem 0x80010000 0x00000001
core   0: 0x80009d74 (0xff9ff06f) j       pc - 0x8
core   0: 3 0x80009d74 (0xff9ff06f)
core   0: 0x80009d6c (0x00006f17) auipc   t5, 0x6
core   0: 3 0x80009d6c (0x00006f17) x30 0x8000fd6c
core   0: 0x80009d70 (0x283f2a23) sw      gp, 660(t5)
core   0: 3 0x80009d70 (0x283f2a23) mem 0x80010000 0x00000001
core   0: 0x80009d74 (0xff9ff06f) j       pc - 0x8
core   0: 3 0x80009d74 (0xff9ff06f)
core   0: 0x80009d6c (0x00006f17) auipc   t5, 0x6
core   0: 3 0x80009d6c (0x00006f17) x30 0x8000fd6c
core   0: 0x80009d70 (0x283f2a23) sw      gp, 660(t5)
core   0: 3 0x80009d70 (0x283f2a23) mem 0x80010000 0x00000001
core   0: 0x80009d74 (0xff9ff06f) j       pc - 0x8
core   0: 3 0x80009d74 (0xff9ff06f)
core   0: 0x80009d6c (0x00006f17) auipc   t5, 0x6
core   0: 3 0x80009d6c (0x00006f17) x30 0x8000fd6c
core   0: 0x80009d70 (0x283f2a23) sw      gp, 660(t5)
core   0: 3 0x80009d70 (0x283f2a23) mem 0x80010000 0x00000001
core   0: 0x80009d74 (0xff9ff06f) j       pc - 0x8
core   0: 3 0x80009d74 (0xff9ff06f)
core   0: 0x80009d6c (0x00006f17) auipc   t5, 0x6
core   0: 3 0x80009d6c (0x00006f17) x30 0x8000fd6c
core   0: 0x80009d70 (0x283f2a23) sw      gp, 660(t5)
core   0: 3 0x80009d70 (0x283f2a23) mem 0x80010000 0x00000001
core   0: 0x80009d74 (0xff9ff06f) j       pc - 0x8
core   0: 3 0x80009d74 (0xff9ff06f)
core   0: 0x80009d6c (0x00006f17) auipc   t5, 0x6
core   0: 3 0x80009d6c (0x00006f17) x30 0x8000fd6c
core   0: 0x80009d70 (0x283f2a23) sw      gp, 660(t5)
core   0: 3 0x80009d70 (0x283f2a23) mem 0x80010000 0x00000001
core   0: 0x80009d74 (0xff9ff06f) j       pc - 0x8
core   0: 3 0x80009d74 (0xff9ff06f)
core   0: 0x80009d6c (0x00006f17) auipc   t5, 0x6
core   0: 3 0x80009d6c (0x00006f17) x30 0x8000fd6c
core   0: 0x80009d70 (0x283f2a23) sw      gp, 660(t5)
core   0: 3 0x80009d70 (0x283f2a23) mem 0x80010000 0x00000001
core   0: 0x80009d74 (0xff9ff06f) j       pc - 0x8
core   0: 3 0x80009d74 (0xff9ff06f)
core   0: 0x80009d6c (0x00006f17) auipc   t5, 0x6
core   0: 3 0x80009d6c (0x00006f17) x30 0x8000fd6c
core   0: 0x80009d70 (0x283f2a23) sw      gp, 660(t5)
core   0: 3 0x80009d70 (0x283f2a23) mem 0x80010000 0x00000001
core   0: 0x80009d74 (0xff9ff06f) j       pc - 0x8
core   0: 3 0x80009d74 (0xff9ff06f)
core   0: 0x80009d6c (0x00006f17) auipc   t5, 0x6
core   0: 3 0x80009d6c (0x00006f17) x30 0x8000fd6c
core   0: 0x80009d70 (0x283f2a23) sw      gp, 660(t5)
core   0: 3 0x80009d70 (0x283f2a23) mem 0x80010000 0x00000001
core   0: 0x80009d74 (0xff9ff06f) j       pc - 0x8
core   0: 3 0x80009d74 (0xff9ff06f)
core   0: 0x80009d6c (0x00006f17) auipc   t5, 0x6
core   0: 3 0x80009d6c (0x00006f17) x30 0x8000fd6c
core   0: 0x80009d70 (0x283f2a23) sw      gp, 660(t5)
core   0: 3 0x80009d70 (0x283f2a23) mem 0x80010000 0x00000001
core   0: 0x80009d74 (0xff9ff06f) j       pc - 0x8
core   0: 3 0x80009d74 (0xff9ff06f)
core   0: 0x80009d6c (0x00006f17) auipc   t5, 0x6
core   0: 3 0x80009d6c (0x00006f17) x30 0x8000fd6c
core   0: 0x80009d70 (0x283f2a23) sw      gp, 660(t5)
core   0: 3 0x80009d70 (0x283f2a23) mem 0x80010000 0x00000001
core   0: 0x80009d74 (0xff9ff06f) j       pc - 0x8
core   0: 3 0x80009d74 (0xff9ff06f)
core   0: 0x80009d6c (0x00006f17) auipc   t5, 0x6
core   0: 3 0x80009d6c (0x00006f17) x30 0x8000fd6c
core   0: 0x80009d70 (0x283f2a23) sw      gp, 660(t5)
core   0: 3 0x80009d70 (0x283f2a23) mem 0x80010000 0x00000001
core   0: 0x80009d74 (0xff9ff06f) j       pc - 0x8
core   0: 3 0x80009d74 (0xff9ff06f)
core   0: 0x80009d6c (0x00006f17) auipc   t5, 0x6
core   0: 3 0x80009d6c (0x00006f17) x30 0x8000fd6c
core   0: 0x80009d70 (0x283f2a23) sw      gp, 660(t5)
core   0: 3 0x80009d70 (0x283f2a23) mem 0x80010000 0x00000001
core   0: 0x80009d74 (0xff9ff06f) j       pc - 0x8
core   0: 3 0x80009d74 (0xff9ff06f)
core   0: 0x80009d6c (0x00006f17) auipc   t5, 0x6
core   0: 3 0x80009d6c (0x00006f17) x30 0x8000fd6c
core   0: 0x80009d70 (0x283f2a23) sw      gp, 660(t5)
core   0: 3 0x80009d70 (0x283f2a23) mem 0x80010000 0x00000001
core   0: 0x80009d74 (0xff9ff06f) j       pc - 0x8
core   0: 3 0x80009d74 (0xff9ff06f)
core   0: 0x80009d6c (0x00006f17) auipc   t5, 0x6
core   0: 3 0x80009d6c (0x00006f17) x30 0x8000fd6c
core   0: 0x80009d70 (0x283f2a23) sw      gp, 660(t5)
core   0: 3 0x80009d70 (0x283f2a23) mem 0x80010000 0x00000001
core   0: 0x80009d74 (0xff9ff06f) j       pc - 0x8
core   0: 3 0x80009d74 (0xff9ff06f)
core   0: 0x80009d6c (0x00006f17) auipc   t5, 0x6
core   0: 3 0x80009d6c (0x00006f17) x30 0x8000fd6c
core   0: 0x80009d70 (0x283f2a23) sw      gp, 660(t5)
core   0: 3 0x80009d70 (0x283f2a23) mem 0x80010000 0x00000001
core   0: 0x80009d74 (0xff9ff06f) j       pc - 0x8
core   0: 3 0x80009d74 (0xff9ff06f)
core   0: 0x80009d6c (0x00006f17) auipc   t5, 0x6
core   0: 3 0x80009d6c (0x00006f17) x30 0x8000fd6c
core   0: 0x80009d70 (0x283f2a23) sw      gp, 660(t5)
core   0: 3 0x80009d70 (0x283f2a23) mem 0x80010000 0x00000001
core   0: 0x80009d74 (0xff9ff06f) j       pc - 0x8
core   0: 3 0x80009d74 (0xff9ff06f)
core   0: 0x80009d6c (0x00006f17) auipc   t5, 0x6
core   0: 3 0x80009d6c (0x00006f17) x30 0x8000fd6c
core   0: 0x80009d70 (0x283f2a23) sw      gp, 660(t5)
core   0: 3 0x80009d70 (0x283f2a23) mem 0x80010000 0x00000001
core   0: 0x80009d74 (0xff9ff06f) j       pc - 0x8
core   0: 3 0x80009d74 (0xff9ff06f)
core   0: 0x80009d6c (0x00006f17) auipc   t5, 0x6
core   0: 3 0x80009d6c (0x00006f17) x30 0x8000fd6c
core   0: 0x80009d70 (0x283f2a23) sw      gp, 660(t5)
core   0: 3 0x80009d70 (0x283f2a23) mem 0x80010000 0x00000001
core   0: 0x80009d74 (0xff9ff06f) j       pc - 0x8
core   0: 3 0x80009d74 (0xff9ff06f)
core   0: 0x80009d6c (0x00006f17) auipc   t5, 0x6
core   0: 3 0x80009d6c (0x00006f17) x30 0x8000fd6c
core   0: 0x80009d70 (0x283f2a23) sw      gp, 660(t5)
core   0: 3 0x80009d70 (0x283f2a23) mem 0x80010000 0x00000001
core   0: 0x80009d74 (0xff9ff06f) j       pc - 0x8
core   0: 3 0x80009d74 (0xff9ff06f)
core   0: 0x80009d6c (0x00006f17) auipc   t5, 0x6
core   0: 3 0x80009d6c (0x00006f17) x30 0x8000fd6c
core   0: 0x80009d70 (0x283f2a23) sw      gp, 660(t5)
core   0: 3 0x80009d70 (0x283f2a23) mem 0x80010000 0x00000001
core   0: 0x80009d74 (0xff9ff06f) j       pc - 0x8
core   0: 3 0x80009d74 (0xff9ff06f)
core   0: 0x80009d6c (0x00006f17) auipc   t5, 0x6
core   0: 3 0x80009d6c (0x00006f17) x30 0x8000fd6c
core   0: 0x80009d70 (0x283f2a23) sw      gp, 660(t5)
core   0: 3 0x80009d70 (0x283f2a23) mem 0x80010000 0x00000001
core   0: 0x80009d74 (0xff9ff06f) j       pc - 0x8
core   0: 3 0x80009d74 (0xff9ff06f)
core   0: 0x80009d6c (0x00006f17) auipc   t5, 0x6
core   0: 3 0x80009d6c (0x00006f17) x30 0x8000fd6c
core   0: 0x80009d70 (0x283f2a23) sw      gp, 660(t5)
core   0: 3 0x80009d70 (0x283f2a23) mem 0x80010000 0x00000001
core   0: 0x80009d74 (0xff9ff06f) j       pc - 0x8
core   0: 3 0x80009d74 (0xff9ff06f)
core   0: 0x80009d6c (0x00006f17) auipc   t5, 0x6
core   0: 3 0x80009d6c (0x00006f17) x30 0x8000fd6c
core   0: 0x80009d70 (0x283f2a23) sw      gp, 660(t5)
core   0: 3 0x80009d70 (0x283f2a23) mem 0x80010000 0x00000001
core   0: 0x80009d74 (0xff9ff06f) j       pc - 0x8
core   0: 3 0x80009d74 (0xff9ff06f)
core   0: 0x80009d6c (0x00006f17) auipc   t5, 0x6
core   0: 3 0x80009d6c (0x00006f17) x30 0x8000fd6c
core   0: 0x80009d70 (0x283f2a23) sw      gp, 660(t5)
core   0: 3 0x80009d70 (0x283f2a23) mem 0x80010000 0x00000001
core   0: 0x80009d74 (0xff9ff06f) j       pc - 0x8
core   0: 3 0x80009d74 (0xff9ff06f)
core   0: 0x80009d6c (0x00006f17) auipc   t5, 0x6
core   0: 3 0x80009d6c (0x00006f17) x30 0x8000fd6c
core   0: 0x80009d70 (0x283f2a23) sw      gp, 660(t5)
core   0: 3 0x80009d70 (0x283f2a23) mem 0x80010000 0x00000001
core   0: 0x80009d74 (0xff9ff06f) j       pc - 0x8
core   0: 3 0x80009d74 (0xff9ff06f)
core   0: 0x80009d6c (0x00006f17) auipc   t5, 0x6
core   0: 3 0x80009d6c (0x00006f17) x30 0x8000fd6c
core   0: 0x80009d70 (0x283f2a23) sw      gp, 660(t5)
core   0: 3 0x80009d70 (0x283f2a23) mem 0x80010000 0x00000001
core   0: 0x80009d74 (0xff9ff06f) j       pc - 0x8
core   0: 3 0x80009d74 (0xff9ff06f)
core   0: 0x80009d6c (0x00006f17) auipc   t5, 0x6
core   0: 3 0x80009d6c (0x00006f17) x30 0x8000fd6c
core   0: 0x80009d70 (0x283f2a23) sw      gp, 660(t5)
core   0: 3 0x80009d70 (0x283f2a23) mem 0x80010000 0x00000001
core   0: 0x80009d74 (0xff9ff06f) j       pc - 0x8
core   0: 3 0x80009d74 (0xff9ff06f)
core   0: 0x80009d6c (0x00006f17) auipc   t5, 0x6
core   0: 3 0x80009d6c (0x00006f17) x30 0x8000fd6c
core   0: 0x80009d70 (0x283f2a23) sw      gp, 660(t5)
core   0: 3 0x80009d70 (0x283f2a23) mem 0x80010000 0x00000001
core   0: 0x80009d74 (0xff9ff06f) j       pc - 0x8
core   0: 3 0x80009d74 (0xff9ff06f)
core   0: 0x80009d6c (0x00006f17) auipc   t5, 0x6
core   0: 3 0x80009d6c (0x00006f17) x30 0x8000fd6c
core   0: 0x80009d70 (0x283f2a23) sw      gp, 660(t5)
core   0: 3 0x80009d70 (0x283f2a23) mem 0x80010000 0x00000001
core   0: 0x80009d74 (0xff9ff06f) j       pc - 0x8
core   0: 3 0x80009d74 (0xff9ff06f)
core   0: 0x80009d6c (0x00006f17) auipc   t5, 0x6
core   0: 3 0x80009d6c (0x00006f17) x30 0x8000fd6c
core   0: 0x80009d70 (0x283f2a23) sw      gp, 660(t5)
core   0: 3 0x80009d70 (0x283f2a23) mem 0x80010000 0x00000001
core   0: 0x80009d74 (0xff9ff06f) j       pc - 0x8
core   0: 3 0x80009d74 (0xff9ff06f)
core   0: 0x80009d6c (0x00006f17) auipc   t5, 0x6
core   0: 3 0x80009d6c (0x00006f17) x30 0x8000fd6c
core   0: 0x80009d70 (0x283f2a23) sw      gp, 660(t5)
core   0: 3 0x80009d70 (0x283f2a23) mem 0x80010000 0x00000001
core   0: 0x80009d74 (0xff9ff06f) j       pc - 0x8
core   0: 3 0x80009d74 (0xff9ff06f)
core   0: 0x80009d6c (0x00006f17) auipc   t5, 0x6
core   0: 3 0x80009d6c (0x00006f17) x30 0x8000fd6c
core   0: 0x80009d70 (0x283f2a23) sw      gp, 660(t5)
core   0: 3 0x80009d70 (0x283f2a23) mem 0x80010000 0x00000001
core   0: 0x80009d74 (0xff9ff06f) j       pc - 0x8
core   0: 3 0x80009d74 (0xff9ff06f)
core   0: 0x80009d6c (0x00006f17) auipc   t5, 0x6
core   0: 3 0x80009d6c (0x00006f17) x30 0x8000fd6c
core   0: 0x80009d70 (0x283f2a23) sw      gp, 660(t5)
core   0: 3 0x80009d70 (0x283f2a23) mem 0x80010000 0x00000001
core   0: 0x80009d74 (0xff9ff06f) j       pc - 0x8
core   0: 3 0x80009d74 (0xff9ff06f)
core   0: 0x80009d6c (0x00006f17) auipc   t5, 0x6
core   0: 3 0x80009d6c (0x00006f17) x30 0x8000fd6c
core   0: 0x80009d70 (0x283f2a23) sw      gp, 660(t5)
core   0: 3 0x80009d70 (0x283f2a23) mem 0x80010000 0x00000001
core   0: 0x80009d74 (0xff9ff06f) j       pc - 0x8
core   0: 3 0x80009d74 (0xff9ff06f)
core   0: 0x80009d6c (0x00006f17) auipc   t5, 0x6
core   0: 3 0x80009d6c (0x00006f17) x30 0x8000fd6c
core   0: 0x80009d70 (0x283f2a23) sw      gp, 660(t5)
core   0: 3 0x80009d70 (0x283f2a23) mem 0x80010000 0x00000001
core   0: 0x80009d74 (0xff9ff06f) j       pc - 0x8
core   0: 3 0x80009d74 (0xff9ff06f)
core   0: 0x80009d6c (0x00006f17) auipc   t5, 0x6
core   0: 3 0x80009d6c (0x00006f17) x30 0x8000fd6c
core   0: 0x80009d70 (0x283f2a23) sw      gp, 660(t5)
core   0: 3 0x80009d70 (0x283f2a23) mem 0x80010000 0x00000001
core   0: 0x80009d74 (0xff9ff06f) j       pc - 0x8
core   0: 3 0x80009d74 (0xff9ff06f)
core   0: 0x80009d6c (0x00006f17) auipc   t5, 0x6
core   0: 3 0x80009d6c (0x00006f17) x30 0x8000fd6c
core   0: 0x80009d70 (0x283f2a23) sw      gp, 660(t5)
core   0: 3 0x80009d70 (0x283f2a23) mem 0x80010000 0x00000001
core   0: 0x80009d74 (0xff9ff06f) j       pc - 0x8
core   0: 3 0x80009d74 (0xff9ff06f)
core   0: 0x80009d6c (0x00006f17) auipc   t5, 0x6
core   0: 3 0x80009d6c (0x00006f17) x30 0x8000fd6c
core   0: 0x80009d70 (0x283f2a23) sw      gp, 660(t5)
core   0: 3 0x80009d70 (0x283f2a23) mem 0x80010000 0x00000001
core   0: 0x80009d74 (0xff9ff06f) j       pc - 0x8
core   0: 3 0x80009d74 (0xff9ff06f)
core   0: 0x80009d6c (0x00006f17) auipc   t5, 0x6
core   0: 3 0x80009d6c (0x00006f17) x30 0x8000fd6c
core   0: 0x80009d70 (0x283f2a23) sw      gp, 660(t5)
core   0: 3 0x80009d70 (0x283f2a23) mem 0x80010000 0x00000001
core   0: 0x80009d74 (0xff9ff06f) j       pc - 0x8
core   0: 3 0x80009d74 (0xff9ff06f)
core   0: 0x80009d6c (0x00006f17) auipc   t5, 0x6
core   0: 3 0x80009d6c (0x00006f17) x30 0x8000fd6c
core   0: 0x80009d70 (0x283f2a23) sw      gp, 660(t5)
core   0: 3 0x80009d70 (0x283f2a23) mem 0x80010000 0x00000001
core   0: 0x80009d74 (0xff9ff06f) j       pc - 0x8
core   0: 3 0x80009d74 (0xff9ff06f)
core   0: 0x80009d6c (0x00006f17) auipc   t5, 0x6
core   0: 3 0x80009d6c (0x00006f17) x30 0x8000fd6c
core   0: 0x80009d70 (0x283f2a23) sw      gp, 660(t5)
core   0: 3 0x80009d70 (0x283f2a23) mem 0x80010000 0x00000001
core   0: 0x80009d74 (0xff9ff06f) j       pc - 0x8
core   0: 3 0x80009d74 (0xff9ff06f)
core   0: 0x80009d6c (0x00006f17) auipc   t5, 0x6
core   0: 3 0x80009d6c (0x00006f17) x30 0x8000fd6c
core   0: 0x80009d70 (0x283f2a23) sw      gp, 660(t5)
core   0: 3 0x80009d70 (0x283f2a23) mem 0x80010000 0x00000001
core   0: 0x80009d74 (0xff9ff06f) j       pc - 0x8
core   0: 3 0x80009d74 (0xff9ff06f)
core   0: 0x80009d6c (0x00006f17) auipc   t5, 0x6
core   0: 3 0x80009d6c (0x00006f17) x30 0x8000fd6c
core   0: 0x80009d70 (0x283f2a23) sw      gp, 660(t5)
core   0: 3 0x80009d70 (0x283f2a23) mem 0x80010000 0x00000001
core   0: 0x80009d74 (0xff9ff06f) j       pc - 0x8
core   0: 3 0x80009d74 (0xff9ff06f)
core   0: 0x80009d6c (0x00006f17) auipc   t5, 0x6
core   0: 3 0x80009d6c (0x00006f17) x30 0x8000fd6c
core   0: 0x80009d70 (0x283f2a23) sw      gp, 660(t5)
core   0: 3 0x80009d70 (0x283f2a23) mem 0x80010000 0x00000001
core   0: 0x80009d74 (0xff9ff06f) j       pc - 0x8
core   0: 3 0x80009d74 (0xff9ff06f)
core   0: 0x80009d6c (0x00006f17) auipc   t5, 0x6
core   0: 3 0x80009d6c (0x00006f17) x30 0x8000fd6c
core   0: 0x80009d70 (0x283f2a23) sw      gp, 660(t5)
core   0: 3 0x80009d70 (0x283f2a23) mem 0x80010000 0x00000001
core   0: 0x80009d74 (0xff9ff06f) j       pc - 0x8
core   0: 3 0x80009d74 (0xff9ff06f)
core   0: 0x80009d6c (0x00006f17) auipc   t5, 0x6
core   0: 3 0x80009d6c (0x00006f17) x30 0x8000fd6c
core   0: 0x80009d70 (0x283f2a23) sw      gp, 660(t5)
core   0: 3 0x80009d70 (0x283f2a23) mem 0x80010000 0x00000001
core   0: 0x80009d74 (0xff9ff06f) j       pc - 0x8
core   0: 3 0x80009d74 (0xff9ff06f)
core   0: 0x80009d6c (0x00006f17) auipc   t5, 0x6
core   0: 3 0x80009d6c (0x00006f17) x30 0x8000fd6c
core   0: 0x80009d70 (0x283f2a23) sw      gp, 660(t5)
core   0: 3 0x80009d70 (0x283f2a23) mem 0x80010000 0x00000001
core   0: 0x80009d74 (0xff9ff06f) j       pc - 0x8
core   0: 3 0x80009d74 (0xff9ff06f)
core   0: 0x80009d6c (0x00006f17) auipc   t5, 0x6
core   0: 3 0x80009d6c (0x00006f17) x30 0x8000fd6c
core   0: 0x80009d70 (0x283f2a23) sw      gp, 660(t5)
core   0: 3 0x80009d70 (0x283f2a23) mem 0x80010000 0x00000001
core   0: 0x80009d74 (0xff9ff06f) j       pc - 0x8
core   0: 3 0x80009d74 (0xff9ff06f)
core   0: 0x80009d6c (0x00006f17) auipc   t5, 0x6
core   0: 3 0x80009d6c (0x00006f17) x30 0x8000fd6c
core   0: 0x80009d70 (0x283f2a23) sw      gp, 660(t5)
core   0: 3 0x80009d70 (0x283f2a23) mem 0x80010000 0x00000001
core   0: 0x80009d74 (0xff9ff06f) j       pc - 0x8
core   0: 3 0x80009d74 (0xff9ff06f)
core   0: 0x80009d6c (0x00006f17) auipc   t5, 0x6
core   0: 3 0x80009d6c (0x00006f17) x30 0x8000fd6c
core   0: 0x80009d70 (0x283f2a23) sw      gp, 660(t5)
core   0: 3 0x80009d70 (0x283f2a23) mem 0x80010000 0x00000001
core   0: 0x80009d74 (0xff9ff06f) j       pc - 0x8
core   0: 3 0x80009d74 (0xff9ff06f)
core   0: 0x80009d6c (0x00006f17) auipc   t5, 0x6
core   0: 3 0x80009d6c (0x00006f17) x30 0x8000fd6c
core   0: 0x80009d70 (0x283f2a23) sw      gp, 660(t5)
core   0: 3 0x80009d70 (0x283f2a23) mem 0x80010000 0x00000001
core   0: 0x80009d74 (0xff9ff06f) j       pc - 0x8
core   0: 3 0x80009d74 (0xff9ff06f)
core   0: 0x80009d6c (0x00006f17) auipc   t5, 0x6
core   0: 3 0x80009d6c (0x00006f17) x30 0x8000fd6c
core   0: 0x80009d70 (0x283f2a23) sw      gp, 660(t5)
core   0: 3 0x80009d70 (0x283f2a23) mem 0x80010000 0x00000001
core   0: 0x80009d74 (0xff9ff06f) j       pc - 0x8
core   0: 3 0x80009d74 (0xff9ff06f)
core   0: 0x80009d6c (0x00006f17) auipc   t5, 0x6
core   0: 3 0x80009d6c (0x00006f17) x30 0x8000fd6c
core   0: 0x80009d70 (0x283f2a23) sw      gp, 660(t5)
core   0: 3 0x80009d70 (0x283f2a23) mem 0x80010000 0x00000001
core   0: 0x80009d74 (0xff9ff06f) j       pc - 0x8
core   0: 3 0x80009d74 (0xff9ff06f)
core   0: 0x80009d6c (0x00006f17) auipc   t5, 0x6
core   0: 3 0x80009d6c (0x00006f17) x30 0x8000fd6c
core   0: 0x80009d70 (0x283f2a23) sw      gp, 660(t5)
core   0: 3 0x80009d70 (0x283f2a23) mem 0x80010000 0x00000001
core   0: 0x80009d74 (0xff9ff06f) j       pc - 0x8
core   0: 3 0x80009d74 (0xff9ff06f)
core   0: 0x80009d6c (0x00006f17) auipc   t5, 0x6
core   0: 3 0x80009d6c (0x00006f17) x30 0x8000fd6c
core   0: 0x80009d70 (0x283f2a23) sw      gp, 660(t5)
core   0: 3 0x80009d70 (0x283f2a23) mem 0x80010000 0x00000001
core   0: 0x80009d74 (0xff9ff06f) j       pc - 0x8
core   0: 3 0x80009d74 (0xff9ff06f)
core   0: 0x80009d6c (0x00006f17) auipc   t5, 0x6
core   0: 3 0x80009d6c (0x00006f17) x30 0x8000fd6c
core   0: 0x80009d70 (0x283f2a23) sw      gp, 660(t5)
core   0: 3 0x80009d70 (0x283f2a23) mem 0x80010000 0x00000001
core   0: 0x80009d74 (0xff9ff06f) j       pc - 0x8
core   0: 3 0x80009d74 (0xff9ff06f)
core   0: 0x80009d6c (0x00006f17) auipc   t5, 0x6
core   0: 3 0x80009d6c (0x00006f17) x30 0x8000fd6c
core   0: 0x80009d70 (0x283f2a23) sw      gp, 660(t5)
core   0: 3 0x80009d70 (0x283f2a23) mem 0x80010000 0x00000001
core   0: 0x80009d74 (0xff9ff06f) j       pc - 0x8
core   0: 3 0x80009d74 (0xff9ff06f)
core   0: 0x80009d6c (0x00006f17) auipc   t5, 0x6
core   0: 3 0x80009d6c (0x00006f17) x30 0x8000fd6c
core   0: 0x80009d70 (0x283f2a23) sw      gp, 660(t5)
core   0: 3 0x80009d70 (0x283f2a23) mem 0x80010000 0x00000001
core   0: 0x80009d74 (0xff9ff06f) j       pc - 0x8
core   0: 3 0x80009d74 (0xff9ff06f)
core   0: 0x80009d6c (0x00006f17) auipc   t5, 0x6
core   0: 3 0x80009d6c (0x00006f17) x30 0x8000fd6c
core   0: 0x80009d70 (0x283f2a23) sw      gp, 660(t5)
core   0: 3 0x80009d70 (0x283f2a23) mem 0x80010000 0x00000001
core   0: 0x80009d74 (0xff9ff06f) j       pc - 0x8
core   0: 3 0x80009d74 (0xff9ff06f)
core   0: 0x80009d6c (0x00006f17) auipc   t5, 0x6
core   0: 3 0x80009d6c (0x00006f17) x30 0x8000fd6c
core   0: 0x80009d70 (0x283f2a23) sw      gp, 660(t5)
core   0: 3 0x80009d70 (0x283f2a23) mem 0x80010000 0x00000001
core   0: 0x80009d74 (0xff9ff06f) j       pc - 0x8
core   0: 3 0x80009d74 (0xff9ff06f)
core   0: 0x80009d6c (0x00006f17) auipc   t5, 0x6
core   0: 3 0x80009d6c (0x00006f17) x30 0x8000fd6c
core   0: 0x80009d70 (0x283f2a23) sw      gp, 660(t5)
core   0: 3 0x80009d70 (0x283f2a23) mem 0x80010000 0x00000001
core   0: 0x80009d74 (0xff9ff06f) j       pc - 0x8
core   0: 3 0x80009d74 (0xff9ff06f)
core   0: 0x80009d6c (0x00006f17) auipc   t5, 0x6
core   0: 3 0x80009d6c (0x00006f17) x30 0x8000fd6c
core   0: 0x80009d70 (0x283f2a23) sw      gp, 660(t5)
core   0: 3 0x80009d70 (0x283f2a23) mem 0x80010000 0x00000001
core   0: 0x80009d74 (0xff9ff06f) j       pc - 0x8
core   0: 3 0x80009d74 (0xff9ff06f)
core   0: 0x80009d6c (0x00006f17) auipc   t5, 0x6
core   0: 3 0x80009d6c (0x00006f17) x30 0x8000fd6c
core   0: 0x80009d70 (0x283f2a23) sw      gp, 660(t5)
core   0: 3 0x80009d70 (0x283f2a23) mem 0x80010000 0x00000001
core   0: 0x80009d74 (0xff9ff06f) j       pc - 0x8
core   0: 3 0x80009d74 (0xff9ff06f)
core   0: 0x80009d6c (0x00006f17) auipc   t5, 0x6
core   0: 3 0x80009d6c (0x00006f17) x30 0x8000fd6c
core   0: 0x80009d70 (0x283f2a23) sw      gp, 660(t5)
core   0: 3 0x80009d70 (0x283f2a23) mem 0x80010000 0x00000001
core   0: 0x80009d74 (0xff9ff06f) j       pc - 0x8
core   0: 3 0x80009d74 (0xff9ff06f)
core   0: 0x80009d6c (0x00006f17) auipc   t5, 0x6
core   0: 3 0x80009d6c (0x00006f17) x30 0x8000fd6c
core   0: 0x80009d70 (0x283f2a23) sw      gp, 660(t5)
core   0: 3 0x80009d70 (0x283f2a23) mem 0x80010000 0x00000001
core   0: 0x80009d74 (0xff9ff06f) j       pc - 0x8
core   0: 3 0x80009d74 (0xff9ff06f)
core   0: 0x80009d6c (0x00006f17) auipc   t5, 0x6
core   0: 3 0x80009d6c (0x00006f17) x30 0x8000fd6c
core   0: 0x80009d70 (0x283f2a23) sw      gp, 660(t5)
core   0: 3 0x80009d70 (0x283f2a23) mem 0x80010000 0x00000001
core   0: 0x80009d74 (0xff9ff06f) j       pc - 0x8
core   0: 3 0x80009d74 (0xff9ff06f)
core   0: 0x80009d6c (0x00006f17) auipc   t5, 0x6
core   0: 3 0x80009d6c (0x00006f17) x30 0x8000fd6c
core   0: 0x80009d70 (0x283f2a23) sw      gp, 660(t5)
core   0: 3 0x80009d70 (0x283f2a23) mem 0x80010000 0x00000001
core   0: 0x80009d74 (0xff9ff06f) j       pc - 0x8
core   0: 3 0x80009d74 (0xff9ff06f)
core   0: 0x80009d6c (0x00006f17) auipc   t5, 0x6
core   0: 3 0x80009d6c (0x00006f17) x30 0x8000fd6c
core   0: 0x80009d70 (0x283f2a23) sw      gp, 660(t5)
core   0: 3 0x80009d70 (0x283f2a23) mem 0x80010000 0x00000001
core   0: 0x80009d74 (0xff9ff06f) j       pc - 0x8
core   0: 3 0x80009d74 (0xff9ff06f)
core   0: 0x80009d6c (0x00006f17) auipc   t5, 0x6
core   0: 3 0x80009d6c (0x00006f17) x30 0x8000fd6c
core   0: 0x80009d70 (0x283f2a23) sw      gp, 660(t5)
core   0: 3 0x80009d70 (0x283f2a23) mem 0x80010000 0x00000001
core   0: 0x80009d74 (0xff9ff06f) j       pc - 0x8
core   0: 3 0x80009d74 (0xff9ff06f)
core   0: 0x80009d6c (0x00006f17) auipc   t5, 0x6
core   0: 3 0x80009d6c (0x00006f17) x30 0x8000fd6c
core   0: 0x80009d70 (0x283f2a23) sw      gp, 660(t5)
core   0: 3 0x80009d70 (0x283f2a23) mem 0x80010000 0x00000001
core   0: 0x80009d74 (0xff9ff06f) j       pc - 0x8
core   0: 3 0x80009d74 (0xff9ff06f)
core   0: 0x80009d6c (0x00006f17) auipc   t5, 0x6
core   0: 3 0x80009d6c (0x00006f17) x30 0x8000fd6c
core   0: 0x80009d70 (0x283f2a23) sw      gp, 660(t5)
core   0: 3 0x80009d70 (0x283f2a23) mem 0x80010000 0x00000001
core   0: 0x80009d74 (0xff9ff06f) j       pc - 0x8
core   0: 3 0x80009d74 (0xff9ff06f)
core   0: 0x80009d6c (0x00006f17) auipc   t5, 0x6
core   0: 3 0x80009d6c (0x00006f17) x30 0x8000fd6c
core   0: 0x80009d70 (0x283f2a23) sw      gp, 660(t5)
core   0: 3 0x80009d70 (0x283f2a23) mem 0x80010000 0x00000001
core   0: 0x80009d74 (0xff9ff06f) j       pc - 0x8
core   0: 3 0x80009d74 (0xff9ff06f)
core   0: 0x80009d6c (0x00006f17) auipc   t5, 0x6
core   0: 3 0x80009d6c (0x00006f17) x30 0x8000fd6c
core   0: 0x80009d70 (0x283f2a23) sw      gp, 660(t5)
core   0: 3 0x80009d70 (0x283f2a23) mem 0x80010000 0x00000001
core   0: 0x80009d74 (0xff9ff06f) j       pc - 0x8
core   0: 3 0x80009d74 (0xff9ff06f)
core   0: 0x80009d6c (0x00006f17) auipc   t5, 0x6
core   0: 3 0x80009d6c (0x00006f17) x30 0x8000fd6c
core   0: 0x80009d70 (0x283f2a23) sw      gp, 660(t5)
core   0: 3 0x80009d70 (0x283f2a23) mem 0x80010000 0x00000001
core   0: 0x80009d74 (0xff9ff06f) j       pc - 0x8
core   0: 3 0x80009d74 (0xff9ff06f)
core   0: 0x80009d6c (0x00006f17) auipc   t5, 0x6
core   0: 3 0x80009d6c (0x00006f17) x30 0x8000fd6c
core   0: 0x80009d70 (0x283f2a23) sw      gp, 660(t5)
core   0: 3 0x80009d70 (0x283f2a23) mem 0x80010000 0x00000001
core   0: 0x80009d74 (0xff9ff06f) j       pc - 0x8
core   0: 3 0x80009d74 (0xff9ff06f)
core   0: 0x80009d6c (0x00006f17) auipc   t5, 0x6
core   0: 3 0x80009d6c (0x00006f17) x30 0x8000fd6c
core   0: 0x80009d70 (0x283f2a23) sw      gp, 660(t5)
core   0: 3 0x80009d70 (0x283f2a23) mem 0x80010000 0x00000001
core   0: 0x80009d74 (0xff9ff06f) j       pc - 0x8
core   0: 3 0x80009d74 (0xff9ff06f)
core   0: 0x80009d6c (0x00006f17) auipc   t5, 0x6
core   0: 3 0x80009d6c (0x00006f17) x30 0x8000fd6c
core   0: 0x80009d70 (0x283f2a23) sw      gp, 660(t5)
core   0: 3 0x80009d70 (0x283f2a23) mem 0x80010000 0x00000001
core   0: 0x80009d74 (0xff9ff06f) j       pc - 0x8
core   0: 3 0x80009d74 (0xff9ff06f)
core   0: 0x80009d6c (0x00006f17) auipc   t5, 0x6
core   0: 3 0x80009d6c (0x00006f17) x30 0x8000fd6c
core   0: 0x80009d70 (0x283f2a23) sw      gp, 660(t5)
core   0: 3 0x80009d70 (0x283f2a23) mem 0x80010000 0x00000001
core   0: 0x80009d74 (0xff9ff06f) j       pc - 0x8
core   0: 3 0x80009d74 (0xff9ff06f)
core   0: 0x80009d6c (0x00006f17) auipc   t5, 0x6
core   0: 3 0x80009d6c (0x00006f17) x30 0x8000fd6c
core   0: 0x80009d70 (0x283f2a23) sw      gp, 660(t5)
core   0: 3 0x80009d70 (0x283f2a23) mem 0x80010000 0x00000001
core   0: 0x80009d74 (0xff9ff06f) j       pc - 0x8
core   0: 3 0x80009d74 (0xff9ff06f)
core   0: 0x80009d6c (0x00006f17) auipc   t5, 0x6
core   0: 3 0x80009d6c (0x00006f17) x30 0x8000fd6c
core   0: 0x80009d70 (0x283f2a23) sw      gp, 660(t5)
core   0: 3 0x80009d70 (0x283f2a23) mem 0x80010000 0x00000001
core   0: 0x80009d74 (0xff9ff06f) j       pc - 0x8
core   0: 3 0x80009d74 (0xff9ff06f)
core   0: 0x80009d6c (0x00006f17) auipc   t5, 0x6
core   0: 3 0x80009d6c (0x00006f17) x30 0x8000fd6c
core   0: 0x80009d70 (0x283f2a23) sw      gp, 660(t5)
core   0: 3 0x80009d70 (0x283f2a23) mem 0x80010000 0x00000001
core   0: 0x80009d74 (0xff9ff06f) j       pc - 0x8
core   0: 3 0x80009d74 (0xff9ff06f)
core   0: 0x80009d6c (0x00006f17) auipc   t5, 0x6
core   0: 3 0x80009d6c (0x00006f17) x30 0x8000fd6c
core   0: 0x80009d70 (0x283f2a23) sw      gp, 660(t5)
core   0: 3 0x80009d70 (0x283f2a23) mem 0x80010000 0x00000001
core   0: 0x80009d74 (0xff9ff06f) j       pc - 0x8
core   0: 3 0x80009d74 (0xff9ff06f)
core   0: 0x80009d6c (0x00006f17) auipc   t5, 0x6
core   0: 3 0x80009d6c (0x00006f17) x30 0x8000fd6c
core   0: 0x80009d70 (0x283f2a23) sw      gp, 660(t5)
core   0: 3 0x80009d70 (0x283f2a23) mem 0x80010000 0x00000001
core   0: 0x80009d74 (0xff9ff06f) j       pc - 0x8
core   0: 3 0x80009d74 (0xff9ff06f)
core   0: 0x80009d6c (0x00006f17) auipc   t5, 0x6
core   0: 3 0x80009d6c (0x00006f17) x30 0x8000fd6c
core   0: 0x80009d70 (0x283f2a23) sw      gp, 660(t5)
core   0: 3 0x80009d70 (0x283f2a23) mem 0x80010000 0x00000001
core   0: 0x80009d74 (0xff9ff06f) j       pc - 0x8
core   0: 3 0x80009d74 (0xff9ff06f)
core   0: 0x80009d6c (0x00006f17) auipc   t5, 0x6
core   0: 3 0x80009d6c (0x00006f17) x30 0x8000fd6c
core   0: 0x80009d70 (0x283f2a23) sw      gp, 660(t5)
core   0: 3 0x80009d70 (0x283f2a23) mem 0x80010000 0x00000001
core   0: 0x80009d74 (0xff9ff06f) j       pc - 0x8
core   0: 3 0x80009d74 (0xff9ff06f)
core   0: 0x80009d6c (0x00006f17) auipc   t5, 0x6
core   0: 3 0x80009d6c (0x00006f17) x30 0x8000fd6c
core   0: 0x80009d70 (0x283f2a23) sw      gp, 660(t5)
core   0: 3 0x80009d70 (0x283f2a23) mem 0x80010000 0x00000001
core   0: 0x80009d74 (0xff9ff06f) j       pc - 0x8
core   0: 3 0x80009d74 (0xff9ff06f)
core   0: 0x80009d6c (0x00006f17) auipc   t5, 0x6
core   0: 3 0x80009d6c (0x00006f17) x30 0x8000fd6c
core   0: 0x80009d70 (0x283f2a23) sw      gp, 660(t5)
core   0: 3 0x80009d70 (0x283f2a23) mem 0x80010000 0x00000001
core   0: 0x80009d74 (0xff9ff06f) j       pc - 0x8
core   0: 3 0x80009d74 (0xff9ff06f)
core   0: 0x80009d6c (0x00006f17) auipc   t5, 0x6
core   0: 3 0x80009d6c (0x00006f17) x30 0x8000fd6c
core   0: 0x80009d70 (0x283f2a23) sw      gp, 660(t5)
core   0: 3 0x80009d70 (0x283f2a23) mem 0x80010000 0x00000001
core   0: 0x80009d74 (0xff9ff06f) j       pc - 0x8
core   0: 3 0x80009d74 (0xff9ff06f)
core   0: 0x80009d6c (0x00006f17) auipc   t5, 0x6
core   0: 3 0x80009d6c (0x00006f17) x30 0x8000fd6c
core   0: 0x80009d70 (0x283f2a23) sw      gp, 660(t5)
core   0: 3 0x80009d70 (0x283f2a23) mem 0x80010000 0x00000001
core   0: 0x80009d74 (0xff9ff06f) j       pc - 0x8
core   0: 3 0x80009d74 (0xff9ff06f)
core   0: 0x80009d6c (0x00006f17) auipc   t5, 0x6
core   0: 3 0x80009d6c (0x00006f17) x30 0x8000fd6c
core   0: 0x80009d70 (0x283f2a23) sw      gp, 660(t5)
core   0: 3 0x80009d70 (0x283f2a23) mem 0x80010000 0x00000001
core   0: 0x80009d74 (0xff9ff06f) j       pc - 0x8
core   0: 3 0x80009d74 (0xff9ff06f)
core   0: 0x80009d6c (0x00006f17) auipc   t5, 0x6
core   0: 3 0x80009d6c (0x00006f17) x30 0x8000fd6c
core   0: 0x80009d70 (0x283f2a23) sw      gp, 660(t5)
core   0: 3 0x80009d70 (0x283f2a23) mem 0x80010000 0x00000001
core   0: 0x80009d74 (0xff9ff06f) j       pc - 0x8
core   0: 3 0x80009d74 (0xff9ff06f)
core   0: 0x80009d6c (0x00006f17) auipc   t5, 0x6
core   0: 3 0x80009d6c (0x00006f17) x30 0x8000fd6c
core   0: 0x80009d70 (0x283f2a23) sw      gp, 660(t5)
core   0: 3 0x80009d70 (0x283f2a23) mem 0x80010000 0x00000001
core   0: 0x80009d74 (0xff9ff06f) j       pc - 0x8
core   0: 3 0x80009d74 (0xff9ff06f)
core   0: 0x80009d6c (0x00006f17) auipc   t5, 0x6
core   0: 3 0x80009d6c (0x00006f17) x30 0x8000fd6c
core   0: 0x80009d70 (0x283f2a23) sw      gp, 660(t5)
core   0: 3 0x80009d70 (0x283f2a23) mem 0x80010000 0x00000001
core   0: 0x80009d74 (0xff9ff06f) j       pc - 0x8
core   0: 3 0x80009d74 (0xff9ff06f)
core   0: 0x80009d6c (0x00006f17) auipc   t5, 0x6
core   0: 3 0x80009d6c (0x00006f17) x30 0x8000fd6c
core   0: 0x80009d70 (0x283f2a23) sw      gp, 660(t5)
core   0: 3 0x80009d70 (0x283f2a23) mem 0x80010000 0x00000001
core   0: 0x80009d74 (0xff9ff06f) j       pc - 0x8
core   0: 3 0x80009d74 (0xff9ff06f)
core   0: 0x80009d6c (0x00006f17) auipc   t5, 0x6
core   0: 3 0x80009d6c (0x00006f17) x30 0x8000fd6c
core   0: 0x80009d70 (0x283f2a23) sw      gp, 660(t5)
core   0: 3 0x80009d70 (0x283f2a23) mem 0x80010000 0x00000001
core   0: 0x80009d74 (0xff9ff06f) j       pc - 0x8
core   0: 3 0x80009d74 (0xff9ff06f)
core   0: 0x80009d6c (0x00006f17) auipc   t5, 0x6
core   0: 3 0x80009d6c (0x00006f17) x30 0x8000fd6c
core   0: 0x80009d70 (0x283f2a23) sw      gp, 660(t5)
core   0: 3 0x80009d70 (0x283f2a23) mem 0x80010000 0x00000001
core   0: 0x80009d74 (0xff9ff06f) j       pc - 0x8
core   0: 3 0x80009d74 (0xff9ff06f)
core   0: 0x80009d6c (0x00006f17) auipc   t5, 0x6
core   0: 3 0x80009d6c (0x00006f17) x30 0x8000fd6c
core   0: 0x80009d70 (0x283f2a23) sw      gp, 660(t5)
core   0: 3 0x80009d70 (0x283f2a23) mem 0x80010000 0x00000001
core   0: 0x80009d74 (0xff9ff06f) j       pc - 0x8
core   0: 3 0x80009d74 (0xff9ff06f)
core   0: 0x80009d6c (0x00006f17) auipc   t5, 0x6
core   0: 3 0x80009d6c (0x00006f17) x30 0x8000fd6c
core   0: 0x80009d70 (0x283f2a23) sw      gp, 660(t5)
core   0: 3 0x80009d70 (0x283f2a23) mem 0x80010000 0x00000001
core   0: 0x80009d74 (0xff9ff06f) j       pc - 0x8
core   0: 3 0x80009d74 (0xff9ff06f)
core   0: 0x80009d6c (0x00006f17) auipc   t5, 0x6
core   0: 3 0x80009d6c (0x00006f17) x30 0x8000fd6c
core   0: 0x80009d70 (0x283f2a23) sw      gp, 660(t5)
core   0: 3 0x80009d70 (0x283f2a23) mem 0x80010000 0x00000001
core   0: 0x80009d74 (0xff9ff06f) j       pc - 0x8
core   0: 3 0x80009d74 (0xff9ff06f)
core   0: 0x80009d6c (0x00006f17) auipc   t5, 0x6
core   0: 3 0x80009d6c (0x00006f17) x30 0x8000fd6c
core   0: 0x80009d70 (0x283f2a23) sw      gp, 660(t5)
core   0: 3 0x80009d70 (0x283f2a23) mem 0x80010000 0x00000001
core   0: 0x80009d74 (0xff9ff06f) j       pc - 0x8
core   0: 3 0x80009d74 (0xff9ff06f)
core   0: 0x80009d6c (0x00006f17) auipc   t5, 0x6
core   0: 3 0x80009d6c (0x00006f17) x30 0x8000fd6c
core   0: 0x80009d70 (0x283f2a23) sw      gp, 660(t5)
core   0: 3 0x80009d70 (0x283f2a23) mem 0x80010000 0x00000001
core   0: 0x80009d74 (0xff9ff06f) j       pc - 0x8
core   0: 3 0x80009d74 (0xff9ff06f)
core   0: 0x80009d6c (0x00006f17) auipc   t5, 0x6
core   0: 3 0x80009d6c (0x00006f17) x30 0x8000fd6c
core   0: 0x80009d70 (0x283f2a23) sw      gp, 660(t5)
core   0: 3 0x80009d70 (0x283f2a23) mem 0x80010000 0x00000001
core   0: 0x80009d74 (0xff9ff06f) j       pc - 0x8
core   0: 3 0x80009d74 (0xff9ff06f)
core   0: 0x80009d6c (0x00006f17) auipc   t5, 0x6
core   0: 3 0x80009d6c (0x00006f17) x30 0x8000fd6c
core   0: 0x80009d70 (0x283f2a23) sw      gp, 660(t5)
core   0: 3 0x80009d70 (0x283f2a23) mem 0x80010000 0x00000001
core   0: 0x80009d74 (0xff9ff06f) j       pc - 0x8
core   0: 3 0x80009d74 (0xff9ff06f)
core   0: 0x80009d6c (0x00006f17) auipc   t5, 0x6
core   0: 3 0x80009d6c (0x00006f17) x30 0x8000fd6c
core   0: 0x80009d70 (0x283f2a23) sw      gp, 660(t5)
core   0: 3 0x80009d70 (0x283f2a23) mem 0x80010000 0x00000001
core   0: 0x80009d74 (0xff9ff06f) j       pc - 0x8
core   0: 3 0x80009d74 (0xff9ff06f)
core   0: 0x80009d6c (0x00006f17) auipc   t5, 0x6
core   0: 3 0x80009d6c (0x00006f17) x30 0x8000fd6c
core   0: 0x80009d70 (0x283f2a23) sw      gp, 660(t5)
core   0: 3 0x80009d70 (0x283f2a23) mem 0x80010000 0x00000001
core   0: 0x80009d74 (0xff9ff06f) j       pc - 0x8
core   0: 3 0x80009d74 (0xff9ff06f)
core   0: 0x80009d6c (0x00006f17) auipc   t5, 0x6
core   0: 3 0x80009d6c (0x00006f17) x30 0x8000fd6c
core   0: 0x80009d70 (0x283f2a23) sw      gp, 660(t5)
core   0: 3 0x80009d70 (0x283f2a23) mem 0x80010000 0x00000001
core   0: 0x80009d74 (0xff9ff06f) j       pc - 0x8
core   0: 3 0x80009d74 (0xff9ff06f)
core   0: 0x80009d6c (0x00006f17) auipc   t5, 0x6
core   0: 3 0x80009d6c (0x00006f17) x30 0x8000fd6c
core   0: 0x80009d70 (0x283f2a23) sw      gp, 660(t5)
core   0: 3 0x80009d70 (0x283f2a23) mem 0x80010000 0x00000001
core   0: 0x80009d74 (0xff9ff06f) j       pc - 0x8
core   0: 3 0x80009d74 (0xff9ff06f)
core   0: 0x80009d6c (0x00006f17) auipc   t5, 0x6
core   0: 3 0x80009d6c (0x00006f17) x30 0x8000fd6c
core   0: 0x80009d70 (0x283f2a23) sw      gp, 660(t5)
core   0: 3 0x80009d70 (0x283f2a23) mem 0x80010000 0x00000001
core   0: 0x80009d74 (0xff9ff06f) j       pc - 0x8
core   0: 3 0x80009d74 (0xff9ff06f)
core   0: 0x80009d6c (0x00006f17) auipc   t5, 0x6
core   0: 3 0x80009d6c (0x00006f17) x30 0x8000fd6c
core   0: 0x80009d70 (0x283f2a23) sw      gp, 660(t5)
core   0: 3 0x80009d70 (0x283f2a23) mem 0x80010000 0x00000001
core   0: 0x80009d74 (0xff9ff06f) j       pc - 0x8
core   0: 3 0x80009d74 (0xff9ff06f)
core   0: 0x80009d6c (0x00006f17) auipc   t5, 0x6
core   0: 3 0x80009d6c (0x00006f17) x30 0x8000fd6c
core   0: 0x80009d70 (0x283f2a23) sw      gp, 660(t5)
core   0: 3 0x80009d70 (0x283f2a23) mem 0x80010000 0x00000001
core   0: 0x80009d74 (0xff9ff06f) j       pc - 0x8
core   0: 3 0x80009d74 (0xff9ff06f)
core   0: 0x80009d6c (0x00006f17) auipc   t5, 0x6
core   0: 3 0x80009d6c (0x00006f17) x30 0x8000fd6c
core   0: 0x80009d70 (0x283f2a23) sw      gp, 660(t5)
core   0: 3 0x80009d70 (0x283f2a23) mem 0x80010000 0x00000001
core   0: 0x80009d74 (0xff9ff06f) j       pc - 0x8
core   0: 3 0x80009d74 (0xff9ff06f)
core   0: 0x80009d6c (0x00006f17) auipc   t5, 0x6
core   0: 3 0x80009d6c (0x00006f17) x30 0x8000fd6c
core   0: 0x80009d70 (0x283f2a23) sw      gp, 660(t5)
core   0: 3 0x80009d70 (0x283f2a23) mem 0x80010000 0x00000001
core   0: 0x80009d74 (0xff9ff06f) j       pc - 0x8
core   0: 3 0x80009d74 (0xff9ff06f)
core   0: 0x80009d6c (0x00006f17) auipc   t5, 0x6
core   0: 3 0x80009d6c (0x00006f17) x30 0x8000fd6c
core   0: 0x80009d70 (0x283f2a23) sw      gp, 660(t5)
core   0: 3 0x80009d70 (0x283f2a23) mem 0x80010000 0x00000001
core   0: 0x80009d74 (0xff9ff06f) j       pc - 0x8
core   0: 3 0x80009d74 (0xff9ff06f)
core   0: 0x80009d6c (0x00006f17) auipc   t5, 0x6
core   0: 3 0x80009d6c (0x00006f17) x30 0x8000fd6c
core   0: 0x80009d70 (0x283f2a23) sw      gp, 660(t5)
core   0: 3 0x80009d70 (0x283f2a23) mem 0x80010000 0x00000001
core   0: 0x80009d74 (0xff9ff06f) j       pc - 0x8
core   0: 3 0x80009d74 (0xff9ff06f)
core   0: 0x80009d6c (0x00006f17) auipc   t5, 0x6
core   0: 3 0x80009d6c (0x00006f17) x30 0x8000fd6c
core   0: 0x80009d70 (0x283f2a23) sw      gp, 660(t5)
core   0: 3 0x80009d70 (0x283f2a23) mem 0x80010000 0x00000001
core   0: 0x80009d74 (0xff9ff06f) j       pc - 0x8
core   0: 3 0x80009d74 (0xff9ff06f)
core   0: 0x80009d6c (0x00006f17) auipc   t5, 0x6
core   0: 3 0x80009d6c (0x00006f17) x30 0x8000fd6c
core   0: 0x80009d70 (0x283f2a23) sw      gp, 660(t5)
core   0: 3 0x80009d70 (0x283f2a23) mem 0x80010000 0x00000001
core   0: 0x80009d74 (0xff9ff06f) j       pc - 0x8
core   0: 3 0x80009d74 (0xff9ff06f)
core   0: 0x80009d6c (0x00006f17) auipc   t5, 0x6
core   0: 3 0x80009d6c (0x00006f17) x30 0x8000fd6c
core   0: 0x80009d70 (0x283f2a23) sw      gp, 660(t5)
core   0: 3 0x80009d70 (0x283f2a23) mem 0x80010000 0x00000001
core   0: 0x80009d74 (0xff9ff06f) j       pc - 0x8
core   0: 3 0x80009d74 (0xff9ff06f)
core   0: 0x80009d6c (0x00006f17) auipc   t5, 0x6
core   0: 3 0x80009d6c (0x00006f17) x30 0x8000fd6c
core   0: 0x80009d70 (0x283f2a23) sw      gp, 660(t5)
core   0: 3 0x80009d70 (0x283f2a23) mem 0x80010000 0x00000001
core   0: 0x80009d74 (0xff9ff06f) j       pc - 0x8
core   0: 3 0x80009d74 (0xff9ff06f)
core   0: 0x80009d6c (0x00006f17) auipc   t5, 0x6
core   0: 3 0x80009d6c (0x00006f17) x30 0x8000fd6c
core   0: 0x80009d70 (0x283f2a23) sw      gp, 660(t5)
core   0: 3 0x80009d70 (0x283f2a23) mem 0x80010000 0x00000001
core   0: 0x80009d74 (0xff9ff06f) j       pc - 0x8
core   0: 3 0x80009d74 (0xff9ff06f)
core   0: 0x80009d6c (0x00006f17) auipc   t5, 0x6
core   0: 3 0x80009d6c (0x00006f17) x30 0x8000fd6c
core   0: 0x80009d70 (0x283f2a23) sw      gp, 660(t5)
core   0: 3 0x80009d70 (0x283f2a23) mem 0x80010000 0x00000001
core   0: 0x80009d74 (0xff9ff06f) j       pc - 0x8
core   0: 3 0x80009d74 (0xff9ff06f)
core   0: 0x80009d6c (0x00006f17) auipc   t5, 0x6
core   0: 3 0x80009d6c (0x00006f17) x30 0x8000fd6c
core   0: 0x80009d70 (0x283f2a23) sw      gp, 660(t5)
core   0: 3 0x80009d70 (0x283f2a23) mem 0x80010000 0x00000001
core   0: 0x80009d74 (0xff9ff06f) j       pc - 0x8
core   0: 3 0x80009d74 (0xff9ff06f)
core   0: 0x80009d6c (0x00006f17) auipc   t5, 0x6
core   0: 3 0x80009d6c (0x00006f17) x30 0x8000fd6c
core   0: 0x80009d70 (0x283f2a23) sw      gp, 660(t5)
core   0: 3 0x80009d70 (0x283f2a23) mem 0x80010000 0x00000001
core   0: 0x80009d74 (0xff9ff06f) j       pc - 0x8
core   0: 3 0x80009d74 (0xff9ff06f)
core   0: 0x80009d6c (0x00006f17) auipc   t5, 0x6
core   0: 3 0x80009d6c (0x00006f17) x30 0x8000fd6c
core   0: 0x80009d70 (0x283f2a23) sw      gp, 660(t5)
core   0: 3 0x80009d70 (0x283f2a23) mem 0x80010000 0x00000001
core   0: 0x80009d74 (0xff9ff06f) j       pc - 0x8
core   0: 3 0x80009d74 (0xff9ff06f)
core   0: 0x80009d6c (0x00006f17) auipc   t5, 0x6
core   0: 3 0x80009d6c (0x00006f17) x30 0x8000fd6c
core   0: 0x80009d70 (0x283f2a23) sw      gp, 660(t5)
core   0: 3 0x80009d70 (0x283f2a23) mem 0x80010000 0x00000001
core   0: 0x80009d74 (0xff9ff06f) j       pc - 0x8
core   0: 3 0x80009d74 (0xff9ff06f)
core   0: 0x80009d6c (0x00006f17) auipc   t5, 0x6
core   0: 3 0x80009d6c (0x00006f17) x30 0x8000fd6c
core   0: 0x80009d70 (0x283f2a23) sw      gp, 660(t5)
core   0: 3 0x80009d70 (0x283f2a23) mem 0x80010000 0x00000001
core   0: 0x80009d74 (0xff9ff06f) j       pc - 0x8
core   0: 3 0x80009d74 (0xff9ff06f)
core   0: 0x80009d6c (0x00006f17) auipc   t5, 0x6
core   0: 3 0x80009d6c (0x00006f17) x30 0x8000fd6c
core   0: 0x80009d70 (0x283f2a23) sw      gp, 660(t5)
core   0: 3 0x80009d70 (0x283f2a23) mem 0x80010000 0x00000001
core   0: 0x80009d74 (0xff9ff06f) j       pc - 0x8
core   0: 3 0x80009d74 (0xff9ff06f)
core   0: 0x80009d6c (0x00006f17) auipc   t5, 0x6
core   0: 3 0x80009d6c (0x00006f17) x30 0x8000fd6c
core   0: 0x80009d70 (0x283f2a23) sw      gp, 660(t5)
core   0: 3 0x80009d70 (0x283f2a23) mem 0x80010000 0x00000001
core   0: 0x80009d74 (0xff9ff06f) j       pc - 0x8
core   0: 3 0x80009d74 (0xff9ff06f)
core   0: 0x80009d6c (0x00006f17) auipc   t5, 0x6
core   0: 3 0x80009d6c (0x00006f17) x30 0x8000fd6c
core   0: 0x80009d70 (0x283f2a23) sw      gp, 660(t5)
core   0: 3 0x80009d70 (0x283f2a23) mem 0x80010000 0x00000001
core   0: 0x80009d74 (0xff9ff06f) j       pc - 0x8
core   0: 3 0x80009d74 (0xff9ff06f)
core   0: 0x80009d6c (0x00006f17) auipc   t5, 0x6
core   0: 3 0x80009d6c (0x00006f17) x30 0x8000fd6c
core   0: 0x80009d70 (0x283f2a23) sw      gp, 660(t5)
core   0: 3 0x80009d70 (0x283f2a23) mem 0x80010000 0x00000001
core   0: 0x80009d74 (0xff9ff06f) j       pc - 0x8
core   0: 3 0x80009d74 (0xff9ff06f)
core   0: 0x80009d6c (0x00006f17) auipc   t5, 0x6
core   0: 3 0x80009d6c (0x00006f17) x30 0x8000fd6c
core   0: 0x80009d70 (0x283f2a23) sw      gp, 660(t5)
core   0: 3 0x80009d70 (0x283f2a23) mem 0x80010000 0x00000001
core   0: 0x80009d74 (0xff9ff06f) j       pc - 0x8
core   0: 3 0x80009d74 (0xff9ff06f)
core   0: 0x80009d6c (0x00006f17) auipc   t5, 0x6
core   0: 3 0x80009d6c (0x00006f17) x30 0x8000fd6c
core   0: 0x80009d70 (0x283f2a23) sw      gp, 660(t5)
core   0: 3 0x80009d70 (0x283f2a23) mem 0x80010000 0x00000001
core   0: 0x80009d74 (0xff9ff06f) j       pc - 0x8
core   0: 3 0x80009d74 (0xff9ff06f)
core   0: 0x80009d6c (0x00006f17) auipc   t5, 0x6
core   0: 3 0x80009d6c (0x00006f17) x30 0x8000fd6c
core   0: 0x80009d70 (0x283f2a23) sw      gp, 660(t5)
core   0: 3 0x80009d70 (0x283f2a23) mem 0x80010000 0x00000001
core   0: 0x80009d74 (0xff9ff06f) j       pc - 0x8
core   0: 3 0x80009d74 (0xff9ff06f)
core   0: 0x80009d6c (0x00006f17) auipc   t5, 0x6
core   0: 3 0x80009d6c (0x00006f17) x30 0x8000fd6c
core   0: 0x80009d70 (0x283f2a23) sw      gp, 660(t5)
core   0: 3 0x80009d70 (0x283f2a23) mem 0x80010000 0x00000001
core   0: 0x80009d74 (0xff9ff06f) j       pc - 0x8
core   0: 3 0x80009d74 (0xff9ff06f)
core   0: 0x80009d6c (0x00006f17) auipc   t5, 0x6
core   0: 3 0x80009d6c (0x00006f17) x30 0x8000fd6c
core   0: 0x80009d70 (0x283f2a23) sw      gp, 660(t5)
core   0: 3 0x80009d70 (0x283f2a23) mem 0x80010000 0x00000001
core   0: 0x80009d74 (0xff9ff06f) j       pc - 0x8
core   0: 3 0x80009d74 (0xff9ff06f)
core   0: 0x80009d6c (0x00006f17) auipc   t5, 0x6
core   0: 3 0x80009d6c (0x00006f17) x30 0x8000fd6c
core   0: 0x80009d70 (0x283f2a23) sw      gp, 660(t5)
core   0: 3 0x80009d70 (0x283f2a23) mem 0x80010000 0x00000001
core   0: 0x80009d74 (0xff9ff06f) j       pc - 0x8
core   0: 3 0x80009d74 (0xff9ff06f)
core   0: 0x80009d6c (0x00006f17) auipc   t5, 0x6
core   0: 3 0x80009d6c (0x00006f17) x30 0x8000fd6c
core   0: 0x80009d70 (0x283f2a23) sw      gp, 660(t5)
core   0: 3 0x80009d70 (0x283f2a23) mem 0x80010000 0x00000001
core   0: 0x80009d74 (0xff9ff06f) j       pc - 0x8
core   0: 3 0x80009d74 (0xff9ff06f)
core   0: 0x80009d6c (0x00006f17) auipc   t5, 0x6
core   0: 3 0x80009d6c (0x00006f17) x30 0x8000fd6c
core   0: 0x80009d70 (0x283f2a23) sw      gp, 660(t5)
core   0: 3 0x80009d70 (0x283f2a23) mem 0x80010000 0x00000001
core   0: 0x80009d74 (0xff9ff06f) j       pc - 0x8
core   0: 3 0x80009d74 (0xff9ff06f)
core   0: 0x80009d6c (0x00006f17) auipc   t5, 0x6
core   0: 3 0x80009d6c (0x00006f17) x30 0x8000fd6c
core   0: 0x80009d70 (0x283f2a23) sw      gp, 660(t5)
core   0: 3 0x80009d70 (0x283f2a23) mem 0x80010000 0x00000001
core   0: 0x80009d74 (0xff9ff06f) j       pc - 0x8
core   0: 3 0x80009d74 (0xff9ff06f)
core   0: 0x80009d6c (0x00006f17) auipc   t5, 0x6
core   0: 3 0x80009d6c (0x00006f17) x30 0x8000fd6c
core   0: 0x80009d70 (0x283f2a23) sw      gp, 660(t5)
core   0: 3 0x80009d70 (0x283f2a23) mem 0x80010000 0x00000001
core   0: 0x80009d74 (0xff9ff06f) j       pc - 0x8
core   0: 3 0x80009d74 (0xff9ff06f)
core   0: 0x80009d6c (0x00006f17) auipc   t5, 0x6
core   0: 3 0x80009d6c (0x00006f17) x30 0x8000fd6c
core   0: 0x80009d70 (0x283f2a23) sw      gp, 660(t5)
core   0: 3 0x80009d70 (0x283f2a23) mem 0x80010000 0x00000001
core   0: 0x80009d74 (0xff9ff06f) j       pc - 0x8
core   0: 3 0x80009d74 (0xff9ff06f)
core   0: 0x80009d6c (0x00006f17) auipc   t5, 0x6
core   0: 3 0x80009d6c (0x00006f17) x30 0x8000fd6c
core   0: 0x80009d70 (0x283f2a23) sw      gp, 660(t5)
core   0: 3 0x80009d70 (0x283f2a23) mem 0x80010000 0x00000001
core   0: 0x80009d74 (0xff9ff06f) j       pc - 0x8
core   0: 3 0x80009d74 (0xff9ff06f)
core   0: 0x80009d6c (0x00006f17) auipc   t5, 0x6
core   0: 3 0x80009d6c (0x00006f17) x30 0x8000fd6c
core   0: 0x80009d70 (0x283f2a23) sw      gp, 660(t5)
core   0: 3 0x80009d70 (0x283f2a23) mem 0x80010000 0x00000001
core   0: 0x80009d74 (0xff9ff06f) j       pc - 0x8
core   0: 3 0x80009d74 (0xff9ff06f)
core   0: 0x80009d6c (0x00006f17) auipc   t5, 0x6
core   0: 3 0x80009d6c (0x00006f17) x30 0x8000fd6c
core   0: 0x80009d70 (0x283f2a23) sw      gp, 660(t5)
core   0: 3 0x80009d70 (0x283f2a23) mem 0x80010000 0x00000001
core   0: 0x80009d74 (0xff9ff06f) j       pc - 0x8
core   0: 3 0x80009d74 (0xff9ff06f)
core   0: 0x80009d6c (0x00006f17) auipc   t5, 0x6
core   0: 3 0x80009d6c (0x00006f17) x30 0x8000fd6c
core   0: 0x80009d70 (0x283f2a23) sw      gp, 660(t5)
core   0: 3 0x80009d70 (0x283f2a23) mem 0x80010000 0x00000001
core   0: 0x80009d74 (0xff9ff06f) j       pc - 0x8
core   0: 3 0x80009d74 (0xff9ff06f)
core   0: 0x80009d6c (0x00006f17) auipc   t5, 0x6
core   0: 3 0x80009d6c (0x00006f17) x30 0x8000fd6c
core   0: 0x80009d70 (0x283f2a23) sw      gp, 660(t5)
core   0: 3 0x80009d70 (0x283f2a23) mem 0x80010000 0x00000001
core   0: 0x80009d74 (0xff9ff06f) j       pc - 0x8
core   0: 3 0x80009d74 (0xff9ff06f)
core   0: 0x80009d6c (0x00006f17) auipc   t5, 0x6
core   0: 3 0x80009d6c (0x00006f17) x30 0x8000fd6c
core   0: 0x80009d70 (0x283f2a23) sw      gp, 660(t5)
core   0: 3 0x80009d70 (0x283f2a23) mem 0x80010000 0x00000001
core   0: 0x80009d74 (0xff9ff06f) j       pc - 0x8
core   0: 3 0x80009d74 (0xff9ff06f)
core   0: 0x80009d6c (0x00006f17) auipc   t5, 0x6
core   0: 3 0x80009d6c (0x00006f17) x30 0x8000fd6c
core   0: 0x80009d70 (0x283f2a23) sw      gp, 660(t5)
core   0: 3 0x80009d70 (0x283f2a23) mem 0x80010000 0x00000001
core   0: 0x80009d74 (0xff9ff06f) j       pc - 0x8
core   0: 3 0x80009d74 (0xff9ff06f)
core   0: 0x80009d6c (0x00006f17) auipc   t5, 0x6
core   0: 3 0x80009d6c (0x00006f17) x30 0x8000fd6c
core   0: 0x80009d70 (0x283f2a23) sw      gp, 660(t5)
core   0: 3 0x80009d70 (0x283f2a23) mem 0x80010000 0x00000001
core   0: 0x80009d74 (0xff9ff06f) j       pc - 0x8
core   0: 3 0x80009d74 (0xff9ff06f)
core   0: 0x80009d6c (0x00006f17) auipc   t5, 0x6
core   0: 3 0x80009d6c (0x00006f17) x30 0x8000fd6c
core   0: 0x80009d70 (0x283f2a23) sw      gp, 660(t5)
core   0: 3 0x80009d70 (0x283f2a23) mem 0x80010000 0x00000001
core   0: 0x80009d74 (0xff9ff06f) j       pc - 0x8
core   0: 3 0x80009d74 (0xff9ff06f)
core   0: 0x80009d6c (0x00006f17) auipc   t5, 0x6
core   0: 3 0x80009d6c (0x00006f17) x30 0x8000fd6c
core   0: 0x80009d70 (0x283f2a23) sw      gp, 660(t5)
core   0: 3 0x80009d70 (0x283f2a23) mem 0x80010000 0x00000001
core   0: 0x80009d74 (0xff9ff06f) j       pc - 0x8
core   0: 3 0x80009d74 (0xff9ff06f)
core   0: 0x80009d6c (0x00006f17) auipc   t5, 0x6
core   0: 3 0x80009d6c (0x00006f17) x30 0x8000fd6c
core   0: 0x80009d70 (0x283f2a23) sw      gp, 660(t5)
core   0: 3 0x80009d70 (0x283f2a23) mem 0x80010000 0x00000001
core   0: 0x80009d74 (0xff9ff06f) j       pc - 0x8
core   0: 3 0x80009d74 (0xff9ff06f)
core   0: 0x80009d6c (0x00006f17) auipc   t5, 0x6
core   0: 3 0x80009d6c (0x00006f17) x30 0x8000fd6c
core   0: 0x80009d70 (0x283f2a23) sw      gp, 660(t5)
core   0: 3 0x80009d70 (0x283f2a23) mem 0x80010000 0x00000001
core   0: 0x80009d74 (0xff9ff06f) j       pc - 0x8
core   0: 3 0x80009d74 (0xff9ff06f)
core   0: 0x80009d6c (0x00006f17) auipc   t5, 0x6
core   0: 3 0x80009d6c (0x00006f17) x30 0x8000fd6c
core   0: 0x80009d70 (0x283f2a23) sw      gp, 660(t5)
core   0: 3 0x80009d70 (0x283f2a23) mem 0x80010000 0x00000001
core   0: 0x80009d74 (0xff9ff06f) j       pc - 0x8
core   0: 3 0x80009d74 (0xff9ff06f)
core   0: 0x80009d6c (0x00006f17) auipc   t5, 0x6
core   0: 3 0x80009d6c (0x00006f17) x30 0x8000fd6c
core   0: 0x80009d70 (0x283f2a23) sw      gp, 660(t5)
core   0: 3 0x80009d70 (0x283f2a23) mem 0x80010000 0x00000001
core   0: 0x80009d74 (0xff9ff06f) j       pc - 0x8
core   0: 3 0x80009d74 (0xff9ff06f)
core   0: 0x80009d6c (0x00006f17) auipc   t5, 0x6
core   0: 3 0x80009d6c (0x00006f17) x30 0x8000fd6c
core   0: 0x80009d70 (0x283f2a23) sw      gp, 660(t5)
core   0: 3 0x80009d70 (0x283f2a23) mem 0x80010000 0x00000001
core   0: 0x80009d74 (0xff9ff06f) j       pc - 0x8
core   0: 3 0x80009d74 (0xff9ff06f)
core   0: 0x80009d6c (0x00006f17) auipc   t5, 0x6
core   0: 3 0x80009d6c (0x00006f17) x30 0x8000fd6c
core   0: 0x80009d70 (0x283f2a23) sw      gp, 660(t5)
core   0: 3 0x80009d70 (0x283f2a23) mem 0x80010000 0x00000001
core   0: 0x80009d74 (0xff9ff06f) j       pc - 0x8
core   0: 3 0x80009d74 (0xff9ff06f)
core   0: 0x80009d6c (0x00006f17) auipc   t5, 0x6
core   0: 3 0x80009d6c (0x00006f17) x30 0x8000fd6c
core   0: 0x80009d70 (0x283f2a23) sw      gp, 660(t5)
core   0: 3 0x80009d70 (0x283f2a23) mem 0x80010000 0x00000001
core   0: 0x80009d74 (0xff9ff06f) j       pc - 0x8
core   0: 3 0x80009d74 (0xff9ff06f)
core   0: 0x80009d6c (0x00006f17) auipc   t5, 0x6
core   0: 3 0x80009d6c (0x00006f17) x30 0x8000fd6c
core   0: 0x80009d70 (0x283f2a23) sw      gp, 660(t5)
core   0: 3 0x80009d70 (0x283f2a23) mem 0x80010000 0x00000001
core   0: 0x80009d74 (0xff9ff06f) j       pc - 0x8
core   0: 3 0x80009d74 (0xff9ff06f)
core   0: 0x80009d6c (0x00006f17) auipc   t5, 0x6
core   0: 3 0x80009d6c (0x00006f17) x30 0x8000fd6c
core   0: 0x80009d70 (0x283f2a23) sw      gp, 660(t5)
core   0: 3 0x80009d70 (0x283f2a23) mem 0x80010000 0x00000001
core   0: 0x80009d74 (0xff9ff06f) j       pc - 0x8
core   0: 3 0x80009d74 (0xff9ff06f)
core   0: 0x80009d6c (0x00006f17) auipc   t5, 0x6
core   0: 3 0x80009d6c (0x00006f17) x30 0x8000fd6c
core   0: 0x80009d70 (0x283f2a23) sw      gp, 660(t5)
core   0: 3 0x80009d70 (0x283f2a23) mem 0x80010000 0x00000001
core   0: 0x80009d74 (0xff9ff06f) j       pc - 0x8
core   0: 3 0x80009d74 (0xff9ff06f)
core   0: 0x80009d6c (0x00006f17) auipc   t5, 0x6
core   0: 3 0x80009d6c (0x00006f17) x30 0x8000fd6c
core   0: 0x80009d70 (0x283f2a23) sw      gp, 660(t5)
core   0: 3 0x80009d70 (0x283f2a23) mem 0x80010000 0x00000001
core   0: 0x80009d74 (0xff9ff06f) j       pc - 0x8
core   0: 3 0x80009d74 (0xff9ff06f)
core   0: 0x80009d6c (0x00006f17) auipc   t5, 0x6
core   0: 3 0x80009d6c (0x00006f17) x30 0x8000fd6c
core   0: 0x80009d70 (0x283f2a23) sw      gp, 660(t5)
core   0: 3 0x80009d70 (0x283f2a23) mem 0x80010000 0x00000001
core   0: 0x80009d74 (0xff9ff06f) j       pc - 0x8
core   0: 3 0x80009d74 (0xff9ff06f)
core   0: 0x80009d6c (0x00006f17) auipc   t5, 0x6
core   0: 3 0x80009d6c (0x00006f17) x30 0x8000fd6c
core   0: 0x80009d70 (0x283f2a23) sw      gp, 660(t5)
core   0: 3 0x80009d70 (0x283f2a23) mem 0x80010000 0x00000001
core   0: 0x80009d74 (0xff9ff06f) j       pc - 0x8
core   0: 3 0x80009d74 (0xff9ff06f)
core   0: 0x80009d6c (0x00006f17) auipc   t5, 0x6
core   0: 3 0x80009d6c (0x00006f17) x30 0x8000fd6c
core   0: 0x80009d70 (0x283f2a23) sw      gp, 660(t5)
core   0: 3 0x80009d70 (0x283f2a23) mem 0x80010000 0x00000001
core   0: 0x80009d74 (0xff9ff06f) j       pc - 0x8
core   0: 3 0x80009d74 (0xff9ff06f)
core   0: 0x80009d6c (0x00006f17) auipc   t5, 0x6
core   0: 3 0x80009d6c (0x00006f17) x30 0x8000fd6c
core   0: 0x80009d70 (0x283f2a23) sw      gp, 660(t5)
core   0: 3 0x80009d70 (0x283f2a23) mem 0x80010000 0x00000001
core   0: 0x80009d74 (0xff9ff06f) j       pc - 0x8
core   0: 3 0x80009d74 (0xff9ff06f)
core   0: 0x80009d6c (0x00006f17) auipc   t5, 0x6
core   0: 3 0x80009d6c (0x00006f17) x30 0x8000fd6c
core   0: 0x80009d70 (0x283f2a23) sw      gp, 660(t5)
core   0: 3 0x80009d70 (0x283f2a23) mem 0x80010000 0x00000001
core   0: 0x80009d74 (0xff9ff06f) j       pc - 0x8
core   0: 3 0x80009d74 (0xff9ff06f)
core   0: 0x80009d6c (0x00006f17) auipc   t5, 0x6
core   0: 3 0x80009d6c (0x00006f17) x30 0x8000fd6c
core   0: 0x80009d70 (0x283f2a23) sw      gp, 660(t5)
core   0: 3 0x80009d70 (0x283f2a23) mem 0x80010000 0x00000001
core   0: 0x80009d74 (0xff9ff06f) j       pc - 0x8
core   0: 3 0x80009d74 (0xff9ff06f)
core   0: 0x80009d6c (0x00006f17) auipc   t5, 0x6
core   0: 3 0x80009d6c (0x00006f17) x30 0x8000fd6c
core   0: 0x80009d70 (0x283f2a23) sw      gp, 660(t5)
core   0: 3 0x80009d70 (0x283f2a23) mem 0x80010000 0x00000001
core   0: 0x80009d74 (0xff9ff06f) j       pc - 0x8
core   0: 3 0x80009d74 (0xff9ff06f)
core   0: 0x80009d6c (0x00006f17) auipc   t5, 0x6
core   0: 3 0x80009d6c (0x00006f17) x30 0x8000fd6c
core   0: 0x80009d70 (0x283f2a23) sw      gp, 660(t5)
core   0: 3 0x80009d70 (0x283f2a23) mem 0x80010000 0x00000001
core   0: 0x80009d74 (0xff9ff06f) j       pc - 0x8
core   0: 3 0x80009d74 (0xff9ff06f)
core   0: 0x80009d6c (0x00006f17) auipc   t5, 0x6
core   0: 3 0x80009d6c (0x00006f17) x30 0x8000fd6c
core   0: 0x80009d70 (0x283f2a23) sw      gp, 660(t5)
core   0: 3 0x80009d70 (0x283f2a23) mem 0x80010000 0x00000001
core   0: 0x80009d74 (0xff9ff06f) j       pc - 0x8
core   0: 3 0x80009d74 (0xff9ff06f)
core   0: 0x80009d6c (0x00006f17) auipc   t5, 0x6
core   0: 3 0x80009d6c (0x00006f17) x30 0x8000fd6c
core   0: 0x80009d70 (0x283f2a23) sw      gp, 660(t5)
core   0: 3 0x80009d70 (0x283f2a23) mem 0x80010000 0x00000001
core   0: 0x80009d74 (0xff9ff06f) j       pc - 0x8
core   0: 3 0x80009d74 (0xff9ff06f)
core   0: 0x80009d6c (0x00006f17) auipc   t5, 0x6
core   0: 3 0x80009d6c (0x00006f17) x30 0x8000fd6c
core   0: 0x80009d70 (0x283f2a23) sw      gp, 660(t5)
core   0: 3 0x80009d70 (0x283f2a23) mem 0x80010000 0x00000001
core   0: 0x80009d74 (0xff9ff06f) j       pc - 0x8
core   0: 3 0x80009d74 (0xff9ff06f)
core   0: 0x80009d6c (0x00006f17) auipc   t5, 0x6
core   0: 3 0x80009d6c (0x00006f17) x30 0x8000fd6c
core   0: 0x80009d70 (0x283f2a23) sw      gp, 660(t5)
core   0: 3 0x80009d70 (0x283f2a23) mem 0x80010000 0x00000001
core   0: 0x80009d74 (0xff9ff06f) j       pc - 0x8
core   0: 3 0x80009d74 (0xff9ff06f)
core   0: 0x80009d6c (0x00006f17) auipc   t5, 0x6
core   0: 3 0x80009d6c (0x00006f17) x30 0x8000fd6c
core   0: 0x80009d70 (0x283f2a23) sw      gp, 660(t5)
core   0: 3 0x80009d70 (0x283f2a23) mem 0x80010000 0x00000001
core   0: 0x80009d74 (0xff9ff06f) j       pc - 0x8
core   0: 3 0x80009d74 (0xff9ff06f)
core   0: 0x80009d6c (0x00006f17) auipc   t5, 0x6
core   0: 3 0x80009d6c (0x00006f17) x30 0x8000fd6c
core   0: 0x80009d70 (0x283f2a23) sw      gp, 660(t5)
core   0: 3 0x80009d70 (0x283f2a23) mem 0x80010000 0x00000001
core   0: 0x80009d74 (0xff9ff06f) j       pc - 0x8
core   0: 3 0x80009d74 (0xff9ff06f)
core   0: 0x80009d6c (0x00006f17) auipc   t5, 0x6
core   0: 3 0x80009d6c (0x00006f17) x30 0x8000fd6c
core   0: 0x80009d70 (0x283f2a23) sw      gp, 660(t5)
core   0: 3 0x80009d70 (0x283f2a23) mem 0x80010000 0x00000001
core   0: 0x80009d74 (0xff9ff06f) j       pc - 0x8
core   0: 3 0x80009d74 (0xff9ff06f)
core   0: 0x80009d6c (0x00006f17) auipc   t5, 0x6
core   0: 3 0x80009d6c (0x00006f17) x30 0x8000fd6c
core   0: 0x80009d70 (0x283f2a23) sw      gp, 660(t5)
core   0: 3 0x80009d70 (0x283f2a23) mem 0x80010000 0x00000001
core   0: 0x80009d74 (0xff9ff06f) j       pc - 0x8
core   0: 3 0x80009d74 (0xff9ff06f)
core   0: 0x80009d6c (0x00006f17) auipc   t5, 0x6
core   0: 3 0x80009d6c (0x00006f17) x30 0x8000fd6c
core   0: 0x80009d70 (0x283f2a23) sw      gp, 660(t5)
core   0: 3 0x80009d70 (0x283f2a23) mem 0x80010000 0x00000001
core   0: 0x80009d74 (0xff9ff06f) j       pc - 0x8
core   0: 3 0x80009d74 (0xff9ff06f)
core   0: 0x80009d6c (0x00006f17) auipc   t5, 0x6
core   0: 3 0x80009d6c (0x00006f17) x30 0x8000fd6c
core   0: 0x80009d70 (0x283f2a23) sw      gp, 660(t5)
core   0: 3 0x80009d70 (0x283f2a23) mem 0x80010000 0x00000001
core   0: 0x80009d74 (0xff9ff06f) j       pc - 0x8
core   0: 3 0x80009d74 (0xff9ff06f)
core   0: 0x80009d6c (0x00006f17) auipc   t5, 0x6
core   0: 3 0x80009d6c (0x00006f17) x30 0x8000fd6c
core   0: 0x80009d70 (0x283f2a23) sw      gp, 660(t5)
core   0: 3 0x80009d70 (0x283f2a23) mem 0x80010000 0x00000001
core   0: 0x80009d74 (0xff9ff06f) j       pc - 0x8
core   0: 3 0x80009d74 (0xff9ff06f)
core   0: 0x80009d6c (0x00006f17) auipc   t5, 0x6
core   0: 3 0x80009d6c (0x00006f17) x30 0x8000fd6c
core   0: 0x80009d70 (0x283f2a23) sw      gp, 660(t5)
core   0: 3 0x80009d70 (0x283f2a23) mem 0x80010000 0x00000001
core   0: 0x80009d74 (0xff9ff06f) j       pc - 0x8
core   0: 3 0x80009d74 (0xff9ff06f)
core   0: 0x80009d6c (0x00006f17) auipc   t5, 0x6
core   0: 3 0x80009d6c (0x00006f17) x30 0x8000fd6c
core   0: 0x80009d70 (0x283f2a23) sw      gp, 660(t5)
core   0: 3 0x80009d70 (0x283f2a23) mem 0x80010000 0x00000001
core   0: 0x80009d74 (0xff9ff06f) j       pc - 0x8
core   0: 3 0x80009d74 (0xff9ff06f)
core   0: 0x80009d6c (0x00006f17) auipc   t5, 0x6
core   0: 3 0x80009d6c (0x00006f17) x30 0x8000fd6c
core   0: 0x80009d70 (0x283f2a23) sw      gp, 660(t5)
core   0: 3 0x80009d70 (0x283f2a23) mem 0x80010000 0x00000001
core   0: 0x80009d74 (0xff9ff06f) j       pc - 0x8
core   0: 3 0x80009d74 (0xff9ff06f)
core   0: 0x80009d6c (0x00006f17) auipc   t5, 0x6
core   0: 3 0x80009d6c (0x00006f17) x30 0x8000fd6c
core   0: 0x80009d70 (0x283f2a23) sw      gp, 660(t5)
core   0: 3 0x80009d70 (0x283f2a23) mem 0x80010000 0x00000001
core   0: 0x80009d74 (0xff9ff06f) j       pc - 0x8
core   0: 3 0x80009d74 (0xff9ff06f)
core   0: 0x80009d6c (0x00006f17) auipc   t5, 0x6
core   0: 3 0x80009d6c (0x00006f17) x30 0x8000fd6c
core   0: 0x80009d70 (0x283f2a23) sw      gp, 660(t5)
core   0: 3 0x80009d70 (0x283f2a23) mem 0x80010000 0x00000001
core   0: 0x80009d74 (0xff9ff06f) j       pc - 0x8
core   0: 3 0x80009d74 (0xff9ff06f)
core   0: 0x80009d6c (0x00006f17) auipc   t5, 0x6
core   0: 3 0x80009d6c (0x00006f17) x30 0x8000fd6c
core   0: 0x80009d70 (0x283f2a23) sw      gp, 660(t5)
core   0: 3 0x80009d70 (0x283f2a23) mem 0x80010000 0x00000001
core   0: 0x80009d74 (0xff9ff06f) j       pc - 0x8
core   0: 3 0x80009d74 (0xff9ff06f)
core   0: 0x80009d6c (0x00006f17) auipc   t5, 0x6
core   0: 3 0x80009d6c (0x00006f17) x30 0x8000fd6c
core   0: 0x80009d70 (0x283f2a23) sw      gp, 660(t5)
core   0: 3 0x80009d70 (0x283f2a23) mem 0x80010000 0x00000001
core   0: 0x80009d74 (0xff9ff06f) j       pc - 0x8
core   0: 3 0x80009d74 (0xff9ff06f)
core   0: 0x80009d6c (0x00006f17) auipc   t5, 0x6
core   0: 3 0x80009d6c (0x00006f17) x30 0x8000fd6c
core   0: 0x80009d70 (0x283f2a23) sw      gp, 660(t5)
core   0: 3 0x80009d70 (0x283f2a23) mem 0x80010000 0x00000001
core   0: 0x80009d74 (0xff9ff06f) j       pc - 0x8
core   0: 3 0x80009d74 (0xff9ff06f)
core   0: 0x80009d6c (0x00006f17) auipc   t5, 0x6
core   0: 3 0x80009d6c (0x00006f17) x30 0x8000fd6c
core   0: 0x80009d70 (0x283f2a23) sw      gp, 660(t5)
core   0: 3 0x80009d70 (0x283f2a23) mem 0x80010000 0x00000001
core   0: 0x80009d74 (0xff9ff06f) j       pc - 0x8
core   0: 3 0x80009d74 (0xff9ff06f)
core   0: 0x80009d6c (0x00006f17) auipc   t5, 0x6
core   0: 3 0x80009d6c (0x00006f17) x30 0x8000fd6c
core   0: 0x80009d70 (0x283f2a23) sw      gp, 660(t5)
core   0: 3 0x80009d70 (0x283f2a23) mem 0x80010000 0x00000001
core   0: 0x80009d74 (0xff9ff06f) j       pc - 0x8
core   0: 3 0x80009d74 (0xff9ff06f)
core   0: 0x80009d6c (0x00006f17) auipc   t5, 0x6
core   0: 3 0x80009d6c (0x00006f17) x30 0x8000fd6c
core   0: 0x80009d70 (0x283f2a23) sw      gp, 660(t5)
core   0: 3 0x80009d70 (0x283f2a23) mem 0x80010000 0x00000001
core   0: 0x80009d74 (0xff9ff06f) j       pc - 0x8
core   0: 3 0x80009d74 (0xff9ff06f)
core   0: 0x80009d6c (0x00006f17) auipc   t5, 0x6
core   0: 3 0x80009d6c (0x00006f17) x30 0x8000fd6c
core   0: 0x80009d70 (0x283f2a23) sw      gp, 660(t5)
core   0: 3 0x80009d70 (0x283f2a23) mem 0x80010000 0x00000001
core   0: 0x80009d74 (0xff9ff06f) j       pc - 0x8
core   0: 3 0x80009d74 (0xff9ff06f)
core   0: 0x80009d6c (0x00006f17) auipc   t5, 0x6
core   0: 3 0x80009d6c (0x00006f17) x30 0x8000fd6c
core   0: 0x80009d70 (0x283f2a23) sw      gp, 660(t5)
core   0: 3 0x80009d70 (0x283f2a23) mem 0x80010000 0x00000001
core   0: 0x80009d74 (0xff9ff06f) j       pc - 0x8
core   0: 3 0x80009d74 (0xff9ff06f)
core   0: 0x80009d6c (0x00006f17) auipc   t5, 0x6
core   0: 3 0x80009d6c (0x00006f17) x30 0x8000fd6c
core   0: 0x80009d70 (0x283f2a23) sw      gp, 660(t5)
core   0: 3 0x80009d70 (0x283f2a23) mem 0x80010000 0x00000001
core   0: 0x80009d74 (0xff9ff06f) j       pc - 0x8
core   0: 3 0x80009d74 (0xff9ff06f)
core   0: 0x80009d6c (0x00006f17) auipc   t5, 0x6
core   0: 3 0x80009d6c (0x00006f17) x30 0x8000fd6c
core   0: 0x80009d70 (0x283f2a23) sw      gp, 660(t5)
core   0: 3 0x80009d70 (0x283f2a23) mem 0x80010000 0x00000001
core   0: 0x80009d74 (0xff9ff06f) j       pc - 0x8
core   0: 3 0x80009d74 (0xff9ff06f)
core   0: 0x80009d6c (0x00006f17) auipc   t5, 0x6
core   0: 3 0x80009d6c (0x00006f17) x30 0x8000fd6c
core   0: 0x80009d70 (0x283f2a23) sw      gp, 660(t5)
core   0: 3 0x80009d70 (0x283f2a23) mem 0x80010000 0x00000001
core   0: 0x80009d74 (0xff9ff06f) j       pc - 0x8
core   0: 3 0x80009d74 (0xff9ff06f)
core   0: 0x80009d6c (0x00006f17) auipc   t5, 0x6
core   0: 3 0x80009d6c (0x00006f17) x30 0x8000fd6c
core   0: 0x80009d70 (0x283f2a23) sw      gp, 660(t5)
core   0: 3 0x80009d70 (0x283f2a23) mem 0x80010000 0x00000001
core   0: 0x80009d74 (0xff9ff06f) j       pc - 0x8
core   0: 3 0x80009d74 (0xff9ff06f)
core   0: 0x80009d6c (0x00006f17) auipc   t5, 0x6
core   0: 3 0x80009d6c (0x00006f17) x30 0x8000fd6c
core   0: 0x80009d70 (0x283f2a23) sw      gp, 660(t5)
core   0: 3 0x80009d70 (0x283f2a23) mem 0x80010000 0x00000001
core   0: 0x80009d74 (0xff9ff06f) j       pc - 0x8
core   0: 3 0x80009d74 (0xff9ff06f)
core   0: 0x80009d6c (0x00006f17) auipc   t5, 0x6
core   0: 3 0x80009d6c (0x00006f17) x30 0x8000fd6c
core   0: 0x80009d70 (0x283f2a23) sw      gp, 660(t5)
core   0: 3 0x80009d70 (0x283f2a23) mem 0x80010000 0x00000001
core   0: 0x80009d74 (0xff9ff06f) j       pc - 0x8
core   0: 3 0x80009d74 (0xff9ff06f)
core   0: 0x80009d6c (0x00006f17) auipc   t5, 0x6
core   0: 3 0x80009d6c (0x00006f17) x30 0x8000fd6c
core   0: 0x80009d70 (0x283f2a23) sw      gp, 660(t5)
core   0: 3 0x80009d70 (0x283f2a23) mem 0x80010000 0x00000001
core   0: 0x80009d74 (0xff9ff06f) j       pc - 0x8
core   0: 3 0x80009d74 (0xff9ff06f)
core   0: 0x80009d6c (0x00006f17) auipc   t5, 0x6
core   0: 3 0x80009d6c (0x00006f17) x30 0x8000fd6c
core   0: 0x80009d70 (0x283f2a23) sw      gp, 660(t5)
core   0: 3 0x80009d70 (0x283f2a23) mem 0x80010000 0x00000001
core   0: 0x80009d74 (0xff9ff06f) j       pc - 0x8
core   0: 3 0x80009d74 (0xff9ff06f)
core   0: 0x80009d6c (0x00006f17) auipc   t5, 0x6
core   0: 3 0x80009d6c (0x00006f17) x30 0x8000fd6c
core   0: 0x80009d70 (0x283f2a23) sw      gp, 660(t5)
core   0: 3 0x80009d70 (0x283f2a23) mem 0x80010000 0x00000001
core   0: 0x80009d74 (0xff9ff06f) j       pc - 0x8
core   0: 3 0x80009d74 (0xff9ff06f)
core   0: 0x80009d6c (0x00006f17) auipc   t5, 0x6
core   0: 3 0x80009d6c (0x00006f17) x30 0x8000fd6c
core   0: 0x80009d70 (0x283f2a23) sw      gp, 660(t5)
core   0: 3 0x80009d70 (0x283f2a23) mem 0x80010000 0x00000001
core   0: 0x80009d74 (0xff9ff06f) j       pc - 0x8
core   0: 3 0x80009d74 (0xff9ff06f)
core   0: 0x80009d6c (0x00006f17) auipc   t5, 0x6
core   0: 3 0x80009d6c (0x00006f17) x30 0x8000fd6c
core   0: 0x80009d70 (0x283f2a23) sw      gp, 660(t5)
core   0: 3 0x80009d70 (0x283f2a23) mem 0x80010000 0x00000001
core   0: 0x80009d74 (0xff9ff06f) j       pc - 0x8
core   0: 3 0x80009d74 (0xff9ff06f)
core   0: 0x80009d6c (0x00006f17) auipc   t5, 0x6
core   0: 3 0x80009d6c (0x00006f17) x30 0x8000fd6c
core   0: 0x80009d70 (0x283f2a23) sw      gp, 660(t5)
core   0: 3 0x80009d70 (0x283f2a23) mem 0x80010000 0x00000001
core   0: 0x80009d74 (0xff9ff06f) j       pc - 0x8
core   0: 3 0x80009d74 (0xff9ff06f)
core   0: 0x80009d6c (0x00006f17) auipc   t5, 0x6
core   0: 3 0x80009d6c (0x00006f17) x30 0x8000fd6c
core   0: 0x80009d70 (0x283f2a23) sw      gp, 660(t5)
core   0: 3 0x80009d70 (0x283f2a23) mem 0x80010000 0x00000001
core   0: 0x80009d74 (0xff9ff06f) j       pc - 0x8
core   0: 3 0x80009d74 (0xff9ff06f)
core   0: 0x80009d6c (0x00006f17) auipc   t5, 0x6
core   0: 3 0x80009d6c (0x00006f17) x30 0x8000fd6c
core   0: 0x80009d70 (0x283f2a23) sw      gp, 660(t5)
core   0: 3 0x80009d70 (0x283f2a23) mem 0x80010000 0x00000001
core   0: 0x80009d74 (0xff9ff06f) j       pc - 0x8
core   0: 3 0x80009d74 (0xff9ff06f)
core   0: 0x80009d6c (0x00006f17) auipc   t5, 0x6
core   0: 3 0x80009d6c (0x00006f17) x30 0x8000fd6c
core   0: 0x80009d70 (0x283f2a23) sw      gp, 660(t5)
core   0: 3 0x80009d70 (0x283f2a23) mem 0x80010000 0x00000001
core   0: 0x80009d74 (0xff9ff06f) j       pc - 0x8
core   0: 3 0x80009d74 (0xff9ff06f)
core   0: 0x80009d6c (0x00006f17) auipc   t5, 0x6
core   0: 3 0x80009d6c (0x00006f17) x30 0x8000fd6c
core   0: 0x80009d70 (0x283f2a23) sw      gp, 660(t5)
core   0: 3 0x80009d70 (0x283f2a23) mem 0x80010000 0x00000001
core   0: 0x80009d74 (0xff9ff06f) j       pc - 0x8
core   0: 3 0x80009d74 (0xff9ff06f)
core   0: 0x80009d6c (0x00006f17) auipc   t5, 0x6
core   0: 3 0x80009d6c (0x00006f17) x30 0x8000fd6c
core   0: 0x80009d70 (0x283f2a23) sw      gp, 660(t5)
core   0: 3 0x80009d70 (0x283f2a23) mem 0x80010000 0x00000001
core   0: 0x80009d74 (0xff9ff06f) j       pc - 0x8
core   0: 3 0x80009d74 (0xff9ff06f)
core   0: 0x80009d6c (0x00006f17) auipc   t5, 0x6
core   0: 3 0x80009d6c (0x00006f17) x30 0x8000fd6c
core   0: 0x80009d70 (0x283f2a23) sw      gp, 660(t5)
core   0: 3 0x80009d70 (0x283f2a23) mem 0x80010000 0x00000001
core   0: 0x80009d74 (0xff9ff06f) j       pc - 0x8
core   0: 3 0x80009d74 (0xff9ff06f)
core   0: 0x80009d6c (0x00006f17) auipc   t5, 0x6
core   0: 3 0x80009d6c (0x00006f17) x30 0x8000fd6c
core   0: 0x80009d70 (0x283f2a23) sw      gp, 660(t5)
core   0: 3 0x80009d70 (0x283f2a23) mem 0x80010000 0x00000001
core   0: 0x80009d74 (0xff9ff06f) j       pc - 0x8
core   0: 3 0x80009d74 (0xff9ff06f)
core   0: 0x80009d6c (0x00006f17) auipc   t5, 0x6
core   0: 3 0x80009d6c (0x00006f17) x30 0x8000fd6c
core   0: 0x80009d70 (0x283f2a23) sw      gp, 660(t5)
core   0: 3 0x80009d70 (0x283f2a23) mem 0x80010000 0x00000001
core   0: 0x80009d74 (0xff9ff06f) j       pc - 0x8
core   0: 3 0x80009d74 (0xff9ff06f)
core   0: 0x80009d6c (0x00006f17) auipc   t5, 0x6
core   0: 3 0x80009d6c (0x00006f17) x30 0x8000fd6c
core   0: 0x80009d70 (0x283f2a23) sw      gp, 660(t5)
core   0: 3 0x80009d70 (0x283f2a23) mem 0x80010000 0x00000001
core   0: 0x80009d74 (0xff9ff06f) j       pc - 0x8
core   0: 3 0x80009d74 (0xff9ff06f)
core   0: 0x80009d6c (0x00006f17) auipc   t5, 0x6
core   0: 3 0x80009d6c (0x00006f17) x30 0x8000fd6c
core   0: 0x80009d70 (0x283f2a23) sw      gp, 660(t5)
core   0: 3 0x80009d70 (0x283f2a23) mem 0x80010000 0x00000001
core   0: 0x80009d74 (0xff9ff06f) j       pc - 0x8
core   0: 3 0x80009d74 (0xff9ff06f)
core   0: 0x80009d6c (0x00006f17) auipc   t5, 0x6
core   0: 3 0x80009d6c (0x00006f17) x30 0x8000fd6c
core   0: 0x80009d70 (0x283f2a23) sw      gp, 660(t5)
core   0: 3 0x80009d70 (0x283f2a23) mem 0x80010000 0x00000001
core   0: 0x80009d74 (0xff9ff06f) j       pc - 0x8
core   0: 3 0x80009d74 (0xff9ff06f)
core   0: 0x80009d6c (0x00006f17) auipc   t5, 0x6
core   0: 3 0x80009d6c (0x00006f17) x30 0x8000fd6c
core   0: 0x80009d70 (0x283f2a23) sw      gp, 660(t5)
core   0: 3 0x80009d70 (0x283f2a23) mem 0x80010000 0x00000001
core   0: 0x80009d74 (0xff9ff06f) j       pc - 0x8
core   0: 3 0x80009d74 (0xff9ff06f)
core   0: 0x80009d6c (0x00006f17) auipc   t5, 0x6
core   0: 3 0x80009d6c (0x00006f17) x30 0x8000fd6c
core   0: 0x80009d70 (0x283f2a23) sw      gp, 660(t5)
core   0: 3 0x80009d70 (0x283f2a23) mem 0x80010000 0x00000001
core   0: 0x80009d74 (0xff9ff06f) j       pc - 0x8
core   0: 3 0x80009d74 (0xff9ff06f)
core   0: 0x80009d6c (0x00006f17) auipc   t5, 0x6
core   0: 3 0x80009d6c (0x00006f17) x30 0x8000fd6c
core   0: 0x80009d70 (0x283f2a23) sw      gp, 660(t5)
core   0: 3 0x80009d70 (0x283f2a23) mem 0x80010000 0x00000001
core   0: 0x80009d74 (0xff9ff06f) j       pc - 0x8
core   0: 3 0x80009d74 (0xff9ff06f)
core   0: 0x80009d6c (0x00006f17) auipc   t5, 0x6
core   0: 3 0x80009d6c (0x00006f17) x30 0x8000fd6c
core   0: 0x80009d70 (0x283f2a23) sw      gp, 660(t5)
core   0: 3 0x80009d70 (0x283f2a23) mem 0x80010000 0x00000001
core   0: 0x80009d74 (0xff9ff06f) j       pc - 0x8
core   0: 3 0x80009d74 (0xff9ff06f)
core   0: 0x80009d6c (0x00006f17) auipc   t5, 0x6
core   0: 3 0x80009d6c (0x00006f17) x30 0x8000fd6c
core   0: 0x80009d70 (0x283f2a23) sw      gp, 660(t5)
core   0: 3 0x80009d70 (0x283f2a23) mem 0x80010000 0x00000001
core   0: 0x80009d74 (0xff9ff06f) j       pc - 0x8
core   0: 3 0x80009d74 (0xff9ff06f)
core   0: 0x80009d6c (0x00006f17) auipc   t5, 0x6
core   0: 3 0x80009d6c (0x00006f17) x30 0x8000fd6c
core   0: 0x80009d70 (0x283f2a23) sw      gp, 660(t5)
core   0: 3 0x80009d70 (0x283f2a23) mem 0x80010000 0x00000001
core   0: 0x80009d74 (0xff9ff06f) j       pc - 0x8
core   0: 3 0x80009d74 (0xff9ff06f)
core   0: 0x80009d6c (0x00006f17) auipc   t5, 0x6
core   0: 3 0x80009d6c (0x00006f17) x30 0x8000fd6c
core   0: 0x80009d70 (0x283f2a23) sw      gp, 660(t5)
core   0: 3 0x80009d70 (0x283f2a23) mem 0x80010000 0x00000001
core   0: 0x80009d74 (0xff9ff06f) j       pc - 0x8
core   0: 3 0x80009d74 (0xff9ff06f)
core   0: 0x80009d6c (0x00006f17) auipc   t5, 0x6
core   0: 3 0x80009d6c (0x00006f17) x30 0x8000fd6c
core   0: 0x80009d70 (0x283f2a23) sw      gp, 660(t5)
core   0: 3 0x80009d70 (0x283f2a23) mem 0x80010000 0x00000001
core   0: 0x80009d74 (0xff9ff06f) j       pc - 0x8
core   0: 3 0x80009d74 (0xff9ff06f)
core   0: 0x80009d6c (0x00006f17) auipc   t5, 0x6
core   0: 3 0x80009d6c (0x00006f17) x30 0x8000fd6c
core   0: 0x80009d70 (0x283f2a23) sw      gp, 660(t5)
core   0: 3 0x80009d70 (0x283f2a23) mem 0x80010000 0x00000001
core   0: 0x80009d74 (0xff9ff06f) j       pc - 0x8
core   0: 3 0x80009d74 (0xff9ff06f)
core   0: 0x80009d6c (0x00006f17) auipc   t5, 0x6
core   0: 3 0x80009d6c (0x00006f17) x30 0x8000fd6c
core   0: 0x80009d70 (0x283f2a23) sw      gp, 660(t5)
core   0: 3 0x80009d70 (0x283f2a23) mem 0x80010000 0x00000001
core   0: 0x80009d74 (0xff9ff06f) j       pc - 0x8
core   0: 3 0x80009d74 (0xff9ff06f)
core   0: 0x80009d6c (0x00006f17) auipc   t5, 0x6
core   0: 3 0x80009d6c (0x00006f17) x30 0x8000fd6c
core   0: 0x80009d70 (0x283f2a23) sw      gp, 660(t5)
core   0: 3 0x80009d70 (0x283f2a23) mem 0x80010000 0x00000001
core   0: 0x80009d74 (0xff9ff06f) j       pc - 0x8
core   0: 3 0x80009d74 (0xff9ff06f)
core   0: 0x80009d6c (0x00006f17) auipc   t5, 0x6
core   0: 3 0x80009d6c (0x00006f17) x30 0x8000fd6c
core   0: 0x80009d70 (0x283f2a23) sw      gp, 660(t5)
core   0: 3 0x80009d70 (0x283f2a23) mem 0x80010000 0x00000001
core   0: 0x80009d74 (0xff9ff06f) j       pc - 0x8
core   0: 3 0x80009d74 (0xff9ff06f)
core   0: 0x80009d6c (0x00006f17) auipc   t5, 0x6
core   0: 3 0x80009d6c (0x00006f17) x30 0x8000fd6c
core   0: 0x80009d70 (0x283f2a23) sw      gp, 660(t5)
core   0: 3 0x80009d70 (0x283f2a23) mem 0x80010000 0x00000001
core   0: 0x80009d74 (0xff9ff06f) j       pc - 0x8
core   0: 3 0x80009d74 (0xff9ff06f)
core   0: 0x80009d6c (0x00006f17) auipc   t5, 0x6
core   0: 3 0x80009d6c (0x00006f17) x30 0x8000fd6c
core   0: 0x80009d70 (0x283f2a23) sw      gp, 660(t5)
core   0: 3 0x80009d70 (0x283f2a23) mem 0x80010000 0x00000001
core   0: 0x80009d74 (0xff9ff06f) j       pc - 0x8
core   0: 3 0x80009d74 (0xff9ff06f)
core   0: 0x80009d6c (0x00006f17) auipc   t5, 0x6
core   0: 3 0x80009d6c (0x00006f17) x30 0x8000fd6c
core   0: 0x80009d70 (0x283f2a23) sw      gp, 660(t5)
core   0: 3 0x80009d70 (0x283f2a23) mem 0x80010000 0x00000001
core   0: 0x80009d74 (0xff9ff06f) j       pc - 0x8
core   0: 3 0x80009d74 (0xff9ff06f)
core   0: 0x80009d6c (0x00006f17) auipc   t5, 0x6
core   0: 3 0x80009d6c (0x00006f17) x30 0x8000fd6c
core   0: 0x80009d70 (0x283f2a23) sw      gp, 660(t5)
core   0: 3 0x80009d70 (0x283f2a23) mem 0x80010000 0x00000001
core   0: 0x80009d74 (0xff9ff06f) j       pc - 0x8
core   0: 3 0x80009d74 (0xff9ff06f)
core   0: 0x80009d6c (0x00006f17) auipc   t5, 0x6
core   0: 3 0x80009d6c (0x00006f17) x30 0x8000fd6c
core   0: 0x80009d70 (0x283f2a23) sw      gp, 660(t5)
core   0: 3 0x80009d70 (0x283f2a23) mem 0x80010000 0x00000001
core   0: 0x80009d74 (0xff9ff06f) j       pc - 0x8
core   0: 3 0x80009d74 (0xff9ff06f)
core   0: 0x80009d6c (0x00006f17) auipc   t5, 0x6
core   0: 3 0x80009d6c (0x00006f17) x30 0x8000fd6c
core   0: 0x80009d70 (0x283f2a23) sw      gp, 660(t5)
core   0: 3 0x80009d70 (0x283f2a23) mem 0x80010000 0x00000001
core   0: 0x80009d74 (0xff9ff06f) j       pc - 0x8
core   0: 3 0x80009d74 (0xff9ff06f)
core   0: 0x80009d6c (0x00006f17) auipc   t5, 0x6
core   0: 3 0x80009d6c (0x00006f17) x30 0x8000fd6c
core   0: 0x80009d70 (0x283f2a23) sw      gp, 660(t5)
core   0: 3 0x80009d70 (0x283f2a23) mem 0x80010000 0x00000001
core   0: 0x80009d74 (0xff9ff06f) j       pc - 0x8
core   0: 3 0x80009d74 (0xff9ff06f)
core   0: 0x80009d6c (0x00006f17) auipc   t5, 0x6
core   0: 3 0x80009d6c (0x00006f17) x30 0x8000fd6c
core   0: 0x80009d70 (0x283f2a23) sw      gp, 660(t5)
core   0: 3 0x80009d70 (0x283f2a23) mem 0x80010000 0x00000001
core   0: 0x80009d74 (0xff9ff06f) j       pc - 0x8
core   0: 3 0x80009d74 (0xff9ff06f)
core   0: 0x80009d6c (0x00006f17) auipc   t5, 0x6
core   0: 3 0x80009d6c (0x00006f17) x30 0x8000fd6c
core   0: 0x80009d70 (0x283f2a23) sw      gp, 660(t5)
core   0: 3 0x80009d70 (0x283f2a23) mem 0x80010000 0x00000001
core   0: 0x80009d74 (0xff9ff06f) j       pc - 0x8
core   0: 3 0x80009d74 (0xff9ff06f)
core   0: 0x80009d6c (0x00006f17) auipc   t5, 0x6
core   0: 3 0x80009d6c (0x00006f17) x30 0x8000fd6c
core   0: 0x80009d70 (0x283f2a23) sw      gp, 660(t5)
core   0: 3 0x80009d70 (0x283f2a23) mem 0x80010000 0x00000001
core   0: 0x80009d74 (0xff9ff06f) j       pc - 0x8
core   0: 3 0x80009d74 (0xff9ff06f)
core   0: 0x80009d6c (0x00006f17) auipc   t5, 0x6
core   0: 3 0x80009d6c (0x00006f17) x30 0x8000fd6c
core   0: 0x80009d70 (0x283f2a23) sw      gp, 660(t5)
core   0: 3 0x80009d70 (0x283f2a23) mem 0x80010000 0x00000001
core   0: 0x80009d74 (0xff9ff06f) j       pc - 0x8
core   0: 3 0x80009d74 (0xff9ff06f)
core   0: 0x80009d6c (0x00006f17) auipc   t5, 0x6
core   0: 3 0x80009d6c (0x00006f17) x30 0x8000fd6c
core   0: 0x80009d70 (0x283f2a23) sw      gp, 660(t5)
core   0: 3 0x80009d70 (0x283f2a23) mem 0x80010000 0x00000001
core   0: 0x80009d74 (0xff9ff06f) j       pc - 0x8
core   0: 3 0x80009d74 (0xff9ff06f)
core   0: 0x80009d6c (0x00006f17) auipc   t5, 0x6
core   0: 3 0x80009d6c (0x00006f17) x30 0x8000fd6c
core   0: 0x80009d70 (0x283f2a23) sw      gp, 660(t5)
core   0: 3 0x80009d70 (0x283f2a23) mem 0x80010000 0x00000001
core   0: 0x80009d74 (0xff9ff06f) j       pc - 0x8
core   0: 3 0x80009d74 (0xff9ff06f)
core   0: 0x80009d6c (0x00006f17) auipc   t5, 0x6
core   0: 3 0x80009d6c (0x00006f17) x30 0x8000fd6c
core   0: 0x80009d70 (0x283f2a23) sw      gp, 660(t5)
core   0: 3 0x80009d70 (0x283f2a23) mem 0x80010000 0x00000001
core   0: 0x80009d74 (0xff9ff06f) j       pc - 0x8
core   0: 3 0x80009d74 (0xff9ff06f)
core   0: 0x80009d6c (0x00006f17) auipc   t5, 0x6
core   0: 3 0x80009d6c (0x00006f17) x30 0x8000fd6c
core   0: 0x80009d70 (0x283f2a23) sw      gp, 660(t5)
core   0: 3 0x80009d70 (0x283f2a23) mem 0x80010000 0x00000001
core   0: 0x80009d74 (0xff9ff06f) j       pc - 0x8
core   0: 3 0x80009d74 (0xff9ff06f)
core   0: 0x80009d6c (0x00006f17) auipc   t5, 0x6
core   0: 3 0x80009d6c (0x00006f17) x30 0x8000fd6c
core   0: 0x80009d70 (0x283f2a23) sw      gp, 660(t5)
core   0: 3 0x80009d70 (0x283f2a23) mem 0x80010000 0x00000001
core   0: 0x80009d74 (0xff9ff06f) j       pc - 0x8
core   0: 3 0x80009d74 (0xff9ff06f)
core   0: 0x80009d6c (0x00006f17) auipc   t5, 0x6
core   0: 3 0x80009d6c (0x00006f17) x30 0x8000fd6c
core   0: 0x80009d70 (0x283f2a23) sw      gp, 660(t5)
core   0: 3 0x80009d70 (0x283f2a23) mem 0x80010000 0x00000001
core   0: 0x80009d74 (0xff9ff06f) j       pc - 0x8
core   0: 3 0x80009d74 (0xff9ff06f)
core   0: 0x80009d6c (0x00006f17) auipc   t5, 0x6
core   0: 3 0x80009d6c (0x00006f17) x30 0x8000fd6c
core   0: 0x80009d70 (0x283f2a23) sw      gp, 660(t5)
core   0: 3 0x80009d70 (0x283f2a23) mem 0x80010000 0x00000001
core   0: 0x80009d74 (0xff9ff06f) j       pc - 0x8
core   0: 3 0x80009d74 (0xff9ff06f)
core   0: 0x80009d6c (0x00006f17) auipc   t5, 0x6
core   0: 3 0x80009d6c (0x00006f17) x30 0x8000fd6c
core   0: 0x80009d70 (0x283f2a23) sw      gp, 660(t5)
core   0: 3 0x80009d70 (0x283f2a23) mem 0x80010000 0x00000001
core   0: 0x80009d74 (0xff9ff06f) j       pc - 0x8
core   0: 3 0x80009d74 (0xff9ff06f)
core   0: 0x80009d6c (0x00006f17) auipc   t5, 0x6
core   0: 3 0x80009d6c (0x00006f17) x30 0x8000fd6c
core   0: 0x80009d70 (0x283f2a23) sw      gp, 660(t5)
core   0: 3 0x80009d70 (0x283f2a23) mem 0x80010000 0x00000001
core   0: 0x80009d74 (0xff9ff06f) j       pc - 0x8
core   0: 3 0x80009d74 (0xff9ff06f)
core   0: 0x80009d6c (0x00006f17) auipc   t5, 0x6
core   0: 3 0x80009d6c (0x00006f17) x30 0x8000fd6c
core   0: 0x80009d70 (0x283f2a23) sw      gp, 660(t5)
core   0: 3 0x80009d70 (0x283f2a23) mem 0x80010000 0x00000001
core   0: 0x80009d74 (0xff9ff06f) j       pc - 0x8
core   0: 3 0x80009d74 (0xff9ff06f)
core   0: 0x80009d6c (0x00006f17) auipc   t5, 0x6
core   0: 3 0x80009d6c (0x00006f17) x30 0x8000fd6c
core   0: 0x80009d70 (0x283f2a23) sw      gp, 660(t5)
core   0: 3 0x80009d70 (0x283f2a23) mem 0x80010000 0x00000001
core   0: 0x80009d74 (0xff9ff06f) j       pc - 0x8
core   0: 3 0x80009d74 (0xff9ff06f)
core   0: 0x80009d6c (0x00006f17) auipc   t5, 0x6
core   0: 3 0x80009d6c (0x00006f17) x30 0x8000fd6c
core   0: 0x80009d70 (0x283f2a23) sw      gp, 660(t5)
core   0: 3 0x80009d70 (0x283f2a23) mem 0x80010000 0x00000001
core   0: 0x80009d74 (0xff9ff06f) j       pc - 0x8
core   0: 3 0x80009d74 (0xff9ff06f)
core   0: 0x80009d6c (0x00006f17) auipc   t5, 0x6
core   0: 3 0x80009d6c (0x00006f17) x30 0x8000fd6c
core   0: 0x80009d70 (0x283f2a23) sw      gp, 660(t5)
core   0: 3 0x80009d70 (0x283f2a23) mem 0x80010000 0x00000001
core   0: 0x80009d74 (0xff9ff06f) j       pc - 0x8
core   0: 3 0x80009d74 (0xff9ff06f)
core   0: 0x80009d6c (0x00006f17) auipc   t5, 0x6
core   0: 3 0x80009d6c (0x00006f17) x30 0x8000fd6c
core   0: 0x80009d70 (0x283f2a23) sw      gp, 660(t5)
core   0: 3 0x80009d70 (0x283f2a23) mem 0x80010000 0x00000001
core   0: 0x80009d74 (0xff9ff06f) j       pc - 0x8
core   0: 3 0x80009d74 (0xff9ff06f)
core   0: 0x80009d6c (0x00006f17) auipc   t5, 0x6
core   0: 3 0x80009d6c (0x00006f17) x30 0x8000fd6c
core   0: 0x80009d70 (0x283f2a23) sw      gp, 660(t5)
core   0: 3 0x80009d70 (0x283f2a23) mem 0x80010000 0x00000001
core   0: 0x80009d74 (0xff9ff06f) j       pc - 0x8
core   0: 3 0x80009d74 (0xff9ff06f)
core   0: 0x80009d6c (0x00006f17) auipc   t5, 0x6
core   0: 3 0x80009d6c (0x00006f17) x30 0x8000fd6c
core   0: 0x80009d70 (0x283f2a23) sw      gp, 660(t5)
core   0: 3 0x80009d70 (0x283f2a23) mem 0x80010000 0x00000001
core   0: 0x80009d74 (0xff9ff06f) j       pc - 0x8
core   0: 3 0x80009d74 (0xff9ff06f)
core   0: 0x80009d6c (0x00006f17) auipc   t5, 0x6
core   0: 3 0x80009d6c (0x00006f17) x30 0x8000fd6c
core   0: 0x80009d70 (0x283f2a23) sw      gp, 660(t5)
core   0: 3 0x80009d70 (0x283f2a23) mem 0x80010000 0x00000001
core   0: 0x80009d74 (0xff9ff06f) j       pc - 0x8
core   0: 3 0x80009d74 (0xff9ff06f)
core   0: 0x80009d6c (0x00006f17) auipc   t5, 0x6
core   0: 3 0x80009d6c (0x00006f17) x30 0x8000fd6c
core   0: 0x80009d70 (0x283f2a23) sw      gp, 660(t5)
core   0: 3 0x80009d70 (0x283f2a23) mem 0x80010000 0x00000001
core   0: 0x80009d74 (0xff9ff06f) j       pc - 0x8
core   0: 3 0x80009d74 (0xff9ff06f)
core   0: 0x80009d6c (0x00006f17) auipc   t5, 0x6
core   0: 3 0x80009d6c (0x00006f17) x30 0x8000fd6c
core   0: 0x80009d70 (0x283f2a23) sw      gp, 660(t5)
core   0: 3 0x80009d70 (0x283f2a23) mem 0x80010000 0x00000001
core   0: 0x80009d74 (0xff9ff06f) j       pc - 0x8
core   0: 3 0x80009d74 (0xff9ff06f)
core   0: 0x80009d6c (0x00006f17) auipc   t5, 0x6
core   0: 3 0x80009d6c (0x00006f17) x30 0x8000fd6c
core   0: 0x80009d70 (0x283f2a23) sw      gp, 660(t5)
core   0: 3 0x80009d70 (0x283f2a23) mem 0x80010000 0x00000001
core   0: 0x80009d74 (0xff9ff06f) j       pc - 0x8
core   0: 3 0x80009d74 (0xff9ff06f)
core   0: 0x80009d6c (0x00006f17) auipc   t5, 0x6
core   0: 3 0x80009d6c (0x00006f17) x30 0x8000fd6c
core   0: 0x80009d70 (0x283f2a23) sw      gp, 660(t5)
core   0: 3 0x80009d70 (0x283f2a23) mem 0x80010000 0x00000001
core   0: 0x80009d74 (0xff9ff06f) j       pc - 0x8
core   0: 3 0x80009d74 (0xff9ff06f)
core   0: 0x80009d6c (0x00006f17) auipc   t5, 0x6
core   0: 3 0x80009d6c (0x00006f17) x30 0x8000fd6c
core   0: 0x80009d70 (0x283f2a23) sw      gp, 660(t5)
core   0: 3 0x80009d70 (0x283f2a23) mem 0x80010000 0x00000001
core   0: 0x80009d74 (0xff9ff06f) j       pc - 0x8
core   0: 3 0x80009d74 (0xff9ff06f)
core   0: 0x80009d6c (0x00006f17) auipc   t5, 0x6
core   0: 3 0x80009d6c (0x00006f17) x30 0x8000fd6c
core   0: 0x80009d70 (0x283f2a23) sw      gp, 660(t5)
core   0: 3 0x80009d70 (0x283f2a23) mem 0x80010000 0x00000001
core   0: 0x80009d74 (0xff9ff06f) j       pc - 0x8
core   0: 3 0x80009d74 (0xff9ff06f)
core   0: 0x80009d6c (0x00006f17) auipc   t5, 0x6
core   0: 3 0x80009d6c (0x00006f17) x30 0x8000fd6c
core   0: 0x80009d70 (0x283f2a23) sw      gp, 660(t5)
core   0: 3 0x80009d70 (0x283f2a23) mem 0x80010000 0x00000001
core   0: 0x80009d74 (0xff9ff06f) j       pc - 0x8
core   0: 3 0x80009d74 (0xff9ff06f)
core   0: 0x80009d6c (0x00006f17) auipc   t5, 0x6
core   0: 3 0x80009d6c (0x00006f17) x30 0x8000fd6c
core   0: 0x80009d70 (0x283f2a23) sw      gp, 660(t5)
core   0: 3 0x80009d70 (0x283f2a23) mem 0x80010000 0x00000001
core   0: 0x80009d74 (0xff9ff06f) j       pc - 0x8
core   0: 3 0x80009d74 (0xff9ff06f)
core   0: 0x80009d6c (0x00006f17) auipc   t5, 0x6
core   0: 3 0x80009d6c (0x00006f17) x30 0x8000fd6c
core   0: 0x80009d70 (0x283f2a23) sw      gp, 660(t5)
core   0: 3 0x80009d70 (0x283f2a23) mem 0x80010000 0x00000001
core   0: 0x80009d74 (0xff9ff06f) j       pc - 0x8
core   0: 3 0x80009d74 (0xff9ff06f)
core   0: 0x80009d6c (0x00006f17) auipc   t5, 0x6
core   0: 3 0x80009d6c (0x00006f17) x30 0x8000fd6c
core   0: 0x80009d70 (0x283f2a23) sw      gp, 660(t5)
core   0: 3 0x80009d70 (0x283f2a23) mem 0x80010000 0x00000001
core   0: 0x80009d74 (0xff9ff06f) j       pc - 0x8
core   0: 3 0x80009d74 (0xff9ff06f)
core   0: 0x80009d6c (0x00006f17) auipc   t5, 0x6
core   0: 3 0x80009d6c (0x00006f17) x30 0x8000fd6c
core   0: 0x80009d70 (0x283f2a23) sw      gp, 660(t5)
core   0: 3 0x80009d70 (0x283f2a23) mem 0x80010000 0x00000001
core   0: 0x80009d74 (0xff9ff06f) j       pc - 0x8
core   0: 3 0x80009d74 (0xff9ff06f)
core   0: 0x80009d6c (0x00006f17) auipc   t5, 0x6
core   0: 3 0x80009d6c (0x00006f17) x30 0x8000fd6c
core   0: 0x80009d70 (0x283f2a23) sw      gp, 660(t5)
core   0: 3 0x80009d70 (0x283f2a23) mem 0x80010000 0x00000001
core   0: 0x80009d74 (0xff9ff06f) j       pc - 0x8
core   0: 3 0x80009d74 (0xff9ff06f)
core   0: 0x80009d6c (0x00006f17) auipc   t5, 0x6
core   0: 3 0x80009d6c (0x00006f17) x30 0x8000fd6c
core   0: 0x80009d70 (0x283f2a23) sw      gp, 660(t5)
core   0: 3 0x80009d70 (0x283f2a23) mem 0x80010000 0x00000001
core   0: 0x80009d74 (0xff9ff06f) j       pc - 0x8
core   0: 3 0x80009d74 (0xff9ff06f)
core   0: 0x80009d6c (0x00006f17) auipc   t5, 0x6
core   0: 3 0x80009d6c (0x00006f17) x30 0x8000fd6c
core   0: 0x80009d70 (0x283f2a23) sw      gp, 660(t5)
core   0: 3 0x80009d70 (0x283f2a23) mem 0x80010000 0x00000001
core   0: 0x80009d74 (0xff9ff06f) j       pc - 0x8
core   0: 3 0x80009d74 (0xff9ff06f)
core   0: 0x80009d6c (0x00006f17) auipc   t5, 0x6
core   0: 3 0x80009d6c (0x00006f17) x30 0x8000fd6c
core   0: 0x80009d70 (0x283f2a23) sw      gp, 660(t5)
core   0: 3 0x80009d70 (0x283f2a23) mem 0x80010000 0x00000001
core   0: 0x80009d74 (0xff9ff06f) j       pc - 0x8
core   0: 3 0x80009d74 (0xff9ff06f)
core   0: 0x80009d6c (0x00006f17) auipc   t5, 0x6
core   0: 3 0x80009d6c (0x00006f17) x30 0x8000fd6c
core   0: 0x80009d70 (0x283f2a23) sw      gp, 660(t5)
core   0: 3 0x80009d70 (0x283f2a23) mem 0x80010000 0x00000001
core   0: 0x80009d74 (0xff9ff06f) j       pc - 0x8
core   0: 3 0x80009d74 (0xff9ff06f)
core   0: 0x80009d6c (0x00006f17) auipc   t5, 0x6
core   0: 3 0x80009d6c (0x00006f17) x30 0x8000fd6c
core   0: 0x80009d70 (0x283f2a23) sw      gp, 660(t5)
core   0: 3 0x80009d70 (0x283f2a23) mem 0x80010000 0x00000001
core   0: 0x80009d74 (0xff9ff06f) j       pc - 0x8
core   0: 3 0x80009d74 (0xff9ff06f)
core   0: 0x80009d6c (0x00006f17) auipc   t5, 0x6
core   0: 3 0x80009d6c (0x00006f17) x30 0x8000fd6c
core   0: 0x80009d70 (0x283f2a23) sw      gp, 660(t5)
core   0: 3 0x80009d70 (0x283f2a23) mem 0x80010000 0x00000001
core   0: 0x80009d74 (0xff9ff06f) j       pc - 0x8
core   0: 3 0x80009d74 (0xff9ff06f)
core   0: 0x80009d6c (0x00006f17) auipc   t5, 0x6
core   0: 3 0x80009d6c (0x00006f17) x30 0x8000fd6c
core   0: 0x80009d70 (0x283f2a23) sw      gp, 660(t5)
core   0: 3 0x80009d70 (0x283f2a23) mem 0x80010000 0x00000001
core   0: 0x80009d74 (0xff9ff06f) j       pc - 0x8
core   0: 3 0x80009d74 (0xff9ff06f)
core   0: 0x80009d6c (0x00006f17) auipc   t5, 0x6
core   0: 3 0x80009d6c (0x00006f17) x30 0x8000fd6c
core   0: 0x80009d70 (0x283f2a23) sw      gp, 660(t5)
core   0: 3 0x80009d70 (0x283f2a23) mem 0x80010000 0x00000001
core   0: 0x80009d74 (0xff9ff06f) j       pc - 0x8
core   0: 3 0x80009d74 (0xff9ff06f)
core   0: 0x80009d6c (0x00006f17) auipc   t5, 0x6
core   0: 3 0x80009d6c (0x00006f17) x30 0x8000fd6c
core   0: 0x80009d70 (0x283f2a23) sw      gp, 660(t5)
core   0: 3 0x80009d70 (0x283f2a23) mem 0x80010000 0x00000001
core   0: 0x80009d74 (0xff9ff06f) j       pc - 0x8
core   0: 3 0x80009d74 (0xff9ff06f)
core   0: 0x80009d6c (0x00006f17) auipc   t5, 0x6
core   0: 3 0x80009d6c (0x00006f17) x30 0x8000fd6c
core   0: 0x80009d70 (0x283f2a23) sw      gp, 660(t5)
core   0: 3 0x80009d70 (0x283f2a23) mem 0x80010000 0x00000001
core   0: 0x80009d74 (0xff9ff06f) j       pc - 0x8
core   0: 3 0x80009d74 (0xff9ff06f)
core   0: 0x80009d6c (0x00006f17) auipc   t5, 0x6
core   0: 3 0x80009d6c (0x00006f17) x30 0x8000fd6c
core   0: 0x80009d70 (0x283f2a23) sw      gp, 660(t5)
core   0: 3 0x80009d70 (0x283f2a23) mem 0x80010000 0x00000001
core   0: 0x80009d74 (0xff9ff06f) j       pc - 0x8
core   0: 3 0x80009d74 (0xff9ff06f)
core   0: 0x80009d6c (0x00006f17) auipc   t5, 0x6
core   0: 3 0x80009d6c (0x00006f17) x30 0x8000fd6c
core   0: 0x80009d70 (0x283f2a23) sw      gp, 660(t5)
core   0: 3 0x80009d70 (0x283f2a23) mem 0x80010000 0x00000001
core   0: 0x80009d74 (0xff9ff06f) j       pc - 0x8
core   0: 3 0x80009d74 (0xff9ff06f)
core   0: 0x80009d6c (0x00006f17) auipc   t5, 0x6
core   0: 3 0x80009d6c (0x00006f17) x30 0x8000fd6c
core   0: 0x80009d70 (0x283f2a23) sw      gp, 660(t5)
core   0: 3 0x80009d70 (0x283f2a23) mem 0x80010000 0x00000001
core   0: 0x80009d74 (0xff9ff06f) j       pc - 0x8
core   0: 3 0x80009d74 (0xff9ff06f)
core   0: 0x80009d6c (0x00006f17) auipc   t5, 0x6
core   0: 3 0x80009d6c (0x00006f17) x30 0x8000fd6c
core   0: 0x80009d70 (0x283f2a23) sw      gp, 660(t5)
core   0: 3 0x80009d70 (0x283f2a23) mem 0x80010000 0x00000001
core   0: 0x80009d74 (0xff9ff06f) j       pc - 0x8
core   0: 3 0x80009d74 (0xff9ff06f)
core   0: 0x80009d6c (0x00006f17) auipc   t5, 0x6
core   0: 3 0x80009d6c (0x00006f17) x30 0x8000fd6c
core   0: 0x80009d70 (0x283f2a23) sw      gp, 660(t5)
core   0: 3 0x80009d70 (0x283f2a23) mem 0x80010000 0x00000001
core   0: 0x80009d74 (0xff9ff06f) j       pc - 0x8
core   0: 3 0x80009d74 (0xff9ff06f)
core   0: 0x80009d6c (0x00006f17) auipc   t5, 0x6
core   0: 3 0x80009d6c (0x00006f17) x30 0x8000fd6c
core   0: 0x80009d70 (0x283f2a23) sw      gp, 660(t5)
core   0: 3 0x80009d70 (0x283f2a23) mem 0x80010000 0x00000001
core   0: 0x80009d74 (0xff9ff06f) j       pc - 0x8
core   0: 3 0x80009d74 (0xff9ff06f)
core   0: 0x80009d6c (0x00006f17) auipc   t5, 0x6
core   0: 3 0x80009d6c (0x00006f17) x30 0x8000fd6c
core   0: 0x80009d70 (0x283f2a23) sw      gp, 660(t5)
core   0: 3 0x80009d70 (0x283f2a23) mem 0x80010000 0x00000001
core   0: 0x80009d74 (0xff9ff06f) j       pc - 0x8
core   0: 3 0x80009d74 (0xff9ff06f)
core   0: 0x80009d6c (0x00006f17) auipc   t5, 0x6
core   0: 3 0x80009d6c (0x00006f17) x30 0x8000fd6c
core   0: 0x80009d70 (0x283f2a23) sw      gp, 660(t5)
core   0: 3 0x80009d70 (0x283f2a23) mem 0x80010000 0x00000001
core   0: 0x80009d74 (0xff9ff06f) j       pc - 0x8
core   0: 3 0x80009d74 (0xff9ff06f)
core   0: 0x80009d6c (0x00006f17) auipc   t5, 0x6
core   0: 3 0x80009d6c (0x00006f17) x30 0x8000fd6c
core   0: 0x80009d70 (0x283f2a23) sw      gp, 660(t5)
core   0: 3 0x80009d70 (0x283f2a23) mem 0x80010000 0x00000001
core   0: 0x80009d74 (0xff9ff06f) j       pc - 0x8
core   0: 3 0x80009d74 (0xff9ff06f)
core   0: 0x80009d6c (0x00006f17) auipc   t5, 0x6
core   0: 3 0x80009d6c (0x00006f17) x30 0x8000fd6c
core   0: 0x80009d70 (0x283f2a23) sw      gp, 660(t5)
core   0: 3 0x80009d70 (0x283f2a23) mem 0x80010000 0x00000001
core   0: 0x80009d74 (0xff9ff06f) j       pc - 0x8
core   0: 3 0x80009d74 (0xff9ff06f)
core   0: 0x80009d6c (0x00006f17) auipc   t5, 0x6
core   0: 3 0x80009d6c (0x00006f17) x30 0x8000fd6c
core   0: 0x80009d70 (0x283f2a23) sw      gp, 660(t5)
core   0: 3 0x80009d70 (0x283f2a23) mem 0x80010000 0x00000001
core   0: 0x80009d74 (0xff9ff06f) j       pc - 0x8
core   0: 3 0x80009d74 (0xff9ff06f)
core   0: 0x80009d6c (0x00006f17) auipc   t5, 0x6
core   0: 3 0x80009d6c (0x00006f17) x30 0x8000fd6c
core   0: 0x80009d70 (0x283f2a23) sw      gp, 660(t5)
core   0: 3 0x80009d70 (0x283f2a23) mem 0x80010000 0x00000001
core   0: 0x80009d74 (0xff9ff06f) j       pc - 0x8
core   0: 3 0x80009d74 (0xff9ff06f)
core   0: 0x80009d6c (0x00006f17) auipc   t5, 0x6
core   0: 3 0x80009d6c (0x00006f17) x30 0x8000fd6c
core   0: 0x80009d70 (0x283f2a23) sw      gp, 660(t5)
core   0: 3 0x80009d70 (0x283f2a23) mem 0x80010000 0x00000001
core   0: 0x80009d74 (0xff9ff06f) j       pc - 0x8
core   0: 3 0x80009d74 (0xff9ff06f)
core   0: 0x80009d6c (0x00006f17) auipc   t5, 0x6
core   0: 3 0x80009d6c (0x00006f17) x30 0x8000fd6c
core   0: 0x80009d70 (0x283f2a23) sw      gp, 660(t5)
core   0: 3 0x80009d70 (0x283f2a23) mem 0x80010000 0x00000001
core   0: 0x80009d74 (0xff9ff06f) j       pc - 0x8
core   0: 3 0x80009d74 (0xff9ff06f)
core   0: 0x80009d6c (0x00006f17) auipc   t5, 0x6
core   0: 3 0x80009d6c (0x00006f17) x30 0x8000fd6c
core   0: 0x80009d70 (0x283f2a23) sw      gp, 660(t5)
core   0: 3 0x80009d70 (0x283f2a23) mem 0x80010000 0x00000001
core   0: 0x80009d74 (0xff9ff06f) j       pc - 0x8
core   0: 3 0x80009d74 (0xff9ff06f)
core   0: 0x80009d6c (0x00006f17) auipc   t5, 0x6
core   0: 3 0x80009d6c (0x00006f17) x30 0x8000fd6c
core   0: 0x80009d70 (0x283f2a23) sw      gp, 660(t5)
core   0: 3 0x80009d70 (0x283f2a23) mem 0x80010000 0x00000001
core   0: 0x80009d74 (0xff9ff06f) j       pc - 0x8
core   0: 3 0x80009d74 (0xff9ff06f)
core   0: 0x80009d6c (0x00006f17) auipc   t5, 0x6
core   0: 3 0x80009d6c (0x00006f17) x30 0x8000fd6c
core   0: 0x80009d70 (0x283f2a23) sw      gp, 660(t5)
core   0: 3 0x80009d70 (0x283f2a23) mem 0x80010000 0x00000001
core   0: 0x80009d74 (0xff9ff06f) j       pc - 0x8
core   0: 3 0x80009d74 (0xff9ff06f)
core   0: 0x80009d6c (0x00006f17) auipc   t5, 0x6
core   0: 3 0x80009d6c (0x00006f17) x30 0x8000fd6c
core   0: 0x80009d70 (0x283f2a23) sw      gp, 660(t5)
core   0: 3 0x80009d70 (0x283f2a23) mem 0x80010000 0x00000001
core   0: 0x80009d74 (0xff9ff06f) j       pc - 0x8
core   0: 3 0x80009d74 (0xff9ff06f)
core   0: 0x80009d6c (0x00006f17) auipc   t5, 0x6
core   0: 3 0x80009d6c (0x00006f17) x30 0x8000fd6c
core   0: 0x80009d70 (0x283f2a23) sw      gp, 660(t5)
core   0: 3 0x80009d70 (0x283f2a23) mem 0x80010000 0x00000001
core   0: 0x80009d74 (0xff9ff06f) j       pc - 0x8
core   0: 3 0x80009d74 (0xff9ff06f)
core   0: 0x80009d6c (0x00006f17) auipc   t5, 0x6
core   0: 3 0x80009d6c (0x00006f17) x30 0x8000fd6c
core   0: 0x80009d70 (0x283f2a23) sw      gp, 660(t5)
core   0: 3 0x80009d70 (0x283f2a23) mem 0x80010000 0x00000001
core   0: 0x80009d74 (0xff9ff06f) j       pc - 0x8
core   0: 3 0x80009d74 (0xff9ff06f)
core   0: 0x80009d6c (0x00006f17) auipc   t5, 0x6
core   0: 3 0x80009d6c (0x00006f17) x30 0x8000fd6c
core   0: 0x80009d70 (0x283f2a23) sw      gp, 660(t5)
core   0: 3 0x80009d70 (0x283f2a23) mem 0x80010000 0x00000001
core   0: 0x80009d74 (0xff9ff06f) j       pc - 0x8
core   0: 3 0x80009d74 (0xff9ff06f)
core   0: 0x80009d6c (0x00006f17) auipc   t5, 0x6
core   0: 3 0x80009d6c (0x00006f17) x30 0x8000fd6c
core   0: 0x80009d70 (0x283f2a23) sw      gp, 660(t5)
core   0: 3 0x80009d70 (0x283f2a23) mem 0x80010000 0x00000001
core   0: 0x80009d74 (0xff9ff06f) j       pc - 0x8
core   0: 3 0x80009d74 (0xff9ff06f)
core   0: 0x80009d6c (0x00006f17) auipc   t5, 0x6
core   0: 3 0x80009d6c (0x00006f17) x30 0x8000fd6c
core   0: 0x80009d70 (0x283f2a23) sw      gp, 660(t5)
core   0: 3 0x80009d70 (0x283f2a23) mem 0x80010000 0x00000001
core   0: 0x80009d74 (0xff9ff06f) j       pc - 0x8
core   0: 3 0x80009d74 (0xff9ff06f)
core   0: 0x80009d6c (0x00006f17) auipc   t5, 0x6
core   0: 3 0x80009d6c (0x00006f17) x30 0x8000fd6c
core   0: 0x80009d70 (0x283f2a23) sw      gp, 660(t5)
core   0: 3 0x80009d70 (0x283f2a23) mem 0x80010000 0x00000001
core   0: 0x80009d74 (0xff9ff06f) j       pc - 0x8
core   0: 3 0x80009d74 (0xff9ff06f)
core   0: 0x80009d6c (0x00006f17) auipc   t5, 0x6
core   0: 3 0x80009d6c (0x00006f17) x30 0x8000fd6c
core   0: 0x80009d70 (0x283f2a23) sw      gp, 660(t5)
core   0: 3 0x80009d70 (0x283f2a23) mem 0x80010000 0x00000001
core   0: 0x80009d74 (0xff9ff06f) j       pc - 0x8
core   0: 3 0x80009d74 (0xff9ff06f)
core   0: 0x80009d6c (0x00006f17) auipc   t5, 0x6
core   0: 3 0x80009d6c (0x00006f17) x30 0x8000fd6c
core   0: 0x80009d70 (0x283f2a23) sw      gp, 660(t5)
core   0: 3 0x80009d70 (0x283f2a23) mem 0x80010000 0x00000001
core   0: 0x80009d74 (0xff9ff06f) j       pc - 0x8
core   0: 3 0x80009d74 (0xff9ff06f)
core   0: 0x80009d6c (0x00006f17) auipc   t5, 0x6
core   0: 3 0x80009d6c (0x00006f17) x30 0x8000fd6c
core   0: 0x80009d70 (0x283f2a23) sw      gp, 660(t5)
core   0: 3 0x80009d70 (0x283f2a23) mem 0x80010000 0x00000001
core   0: 0x80009d74 (0xff9ff06f) j       pc - 0x8
core   0: 3 0x80009d74 (0xff9ff06f)
core   0: 0x80009d6c (0x00006f17) auipc   t5, 0x6
core   0: 3 0x80009d6c (0x00006f17) x30 0x8000fd6c
core   0: 0x80009d70 (0x283f2a23) sw      gp, 660(t5)
core   0: 3 0x80009d70 (0x283f2a23) mem 0x80010000 0x00000001
core   0: 0x80009d74 (0xff9ff06f) j       pc - 0x8
core   0: 3 0x80009d74 (0xff9ff06f)
core   0: 0x80009d6c (0x00006f17) auipc   t5, 0x6
core   0: 3 0x80009d6c (0x00006f17) x30 0x8000fd6c
core   0: 0x80009d70 (0x283f2a23) sw      gp, 660(t5)
core   0: 3 0x80009d70 (0x283f2a23) mem 0x80010000 0x00000001
core   0: 0x80009d74 (0xff9ff06f) j       pc - 0x8
core   0: 3 0x80009d74 (0xff9ff06f)
core   0: 0x80009d6c (0x00006f17) auipc   t5, 0x6
core   0: 3 0x80009d6c (0x00006f17) x30 0x8000fd6c
core   0: 0x80009d70 (0x283f2a23) sw      gp, 660(t5)
core   0: 3 0x80009d70 (0x283f2a23) mem 0x80010000 0x00000001
core   0: 0x80009d74 (0xff9ff06f) j       pc - 0x8
core   0: 3 0x80009d74 (0xff9ff06f)
core   0: 0x80009d6c (0x00006f17) auipc   t5, 0x6
core   0: 3 0x80009d6c (0x00006f17) x30 0x8000fd6c
core   0: 0x80009d70 (0x283f2a23) sw      gp, 660(t5)
core   0: 3 0x80009d70 (0x283f2a23) mem 0x80010000 0x00000001
core   0: 0x80009d74 (0xff9ff06f) j       pc - 0x8
core   0: 3 0x80009d74 (0xff9ff06f)
core   0: 0x80009d6c (0x00006f17) auipc   t5, 0x6
core   0: 3 0x80009d6c (0x00006f17) x30 0x8000fd6c
core   0: 0x80009d70 (0x283f2a23) sw      gp, 660(t5)
core   0: 3 0x80009d70 (0x283f2a23) mem 0x80010000 0x00000001
core   0: 0x80009d74 (0xff9ff06f) j       pc - 0x8
core   0: 3 0x80009d74 (0xff9ff06f)
core   0: 0x80009d6c (0x00006f17) auipc   t5, 0x6
core   0: 3 0x80009d6c (0x00006f17) x30 0x8000fd6c
core   0: 0x80009d70 (0x283f2a23) sw      gp, 660(t5)
core   0: 3 0x80009d70 (0x283f2a23) mem 0x80010000 0x00000001
core   0: 0x80009d74 (0xff9ff06f) j       pc - 0x8
core   0: 3 0x80009d74 (0xff9ff06f)
core   0: 0x80009d6c (0x00006f17) auipc   t5, 0x6
core   0: 3 0x80009d6c (0x00006f17) x30 0x8000fd6c
core   0: 0x80009d70 (0x283f2a23) sw      gp, 660(t5)
core   0: 3 0x80009d70 (0x283f2a23) mem 0x80010000 0x00000001
core   0: 0x80009d74 (0xff9ff06f) j       pc - 0x8
core   0: 3 0x80009d74 (0xff9ff06f)
core   0: 0x80009d6c (0x00006f17) auipc   t5, 0x6
core   0: 3 0x80009d6c (0x00006f17) x30 0x8000fd6c
core   0: 0x80009d70 (0x283f2a23) sw      gp, 660(t5)
core   0: 3 0x80009d70 (0x283f2a23) mem 0x80010000 0x00000001
core   0: 0x80009d74 (0xff9ff06f) j       pc - 0x8
core   0: 3 0x80009d74 (0xff9ff06f)
core   0: 0x80009d6c (0x00006f17) auipc   t5, 0x6
core   0: 3 0x80009d6c (0x00006f17) x30 0x8000fd6c
core   0: 0x80009d70 (0x283f2a23) sw      gp, 660(t5)
core   0: 3 0x80009d70 (0x283f2a23) mem 0x80010000 0x00000001
core   0: 0x80009d74 (0xff9ff06f) j       pc - 0x8
core   0: 3 0x80009d74 (0xff9ff06f)
core   0: 0x80009d6c (0x00006f17) auipc   t5, 0x6
core   0: 3 0x80009d6c (0x00006f17) x30 0x8000fd6c
core   0: 0x80009d70 (0x283f2a23) sw      gp, 660(t5)
core   0: 3 0x80009d70 (0x283f2a23) mem 0x80010000 0x00000001
core   0: 0x80009d74 (0xff9ff06f) j       pc - 0x8
core   0: 3 0x80009d74 (0xff9ff06f)
core   0: 0x80009d6c (0x00006f17) auipc   t5, 0x6
core   0: 3 0x80009d6c (0x00006f17) x30 0x8000fd6c
core   0: 0x80009d70 (0x283f2a23) sw      gp, 660(t5)
core   0: 3 0x80009d70 (0x283f2a23) mem 0x80010000 0x00000001
core   0: 0x80009d74 (0xff9ff06f) j       pc - 0x8
core   0: 3 0x80009d74 (0xff9ff06f)
core   0: 0x80009d6c (0x00006f17) auipc   t5, 0x6
core   0: 3 0x80009d6c (0x00006f17) x30 0x8000fd6c
core   0: 0x80009d70 (0x283f2a23) sw      gp, 660(t5)
core   0: 3 0x80009d70 (0x283f2a23) mem 0x80010000 0x00000001
core   0: 0x80009d74 (0xff9ff06f) j       pc - 0x8
core   0: 3 0x80009d74 (0xff9ff06f)
core   0: 0x80009d6c (0x00006f17) auipc   t5, 0x6
core   0: 3 0x80009d6c (0x00006f17) x30 0x8000fd6c
core   0: 0x80009d70 (0x283f2a23) sw      gp, 660(t5)
core   0: 3 0x80009d70 (0x283f2a23) mem 0x80010000 0x00000001
core   0: 0x80009d74 (0xff9ff06f) j       pc - 0x8
core   0: 3 0x80009d74 (0xff9ff06f)
core   0: 0x80009d6c (0x00006f17) auipc   t5, 0x6
core   0: 3 0x80009d6c (0x00006f17) x30 0x8000fd6c
core   0: 0x80009d70 (0x283f2a23) sw      gp, 660(t5)
core   0: 3 0x80009d70 (0x283f2a23) mem 0x80010000 0x00000001
core   0: 0x80009d74 (0xff9ff06f) j       pc - 0x8
core   0: 3 0x80009d74 (0xff9ff06f)
core   0: 0x80009d6c (0x00006f17) auipc   t5, 0x6
core   0: 3 0x80009d6c (0x00006f17) x30 0x8000fd6c
core   0: 0x80009d70 (0x283f2a23) sw      gp, 660(t5)
core   0: 3 0x80009d70 (0x283f2a23) mem 0x80010000 0x00000001
core   0: 0x80009d74 (0xff9ff06f) j       pc - 0x8
core   0: 3 0x80009d74 (0xff9ff06f)
core   0: 0x80009d6c (0x00006f17) auipc   t5, 0x6
core   0: 3 0x80009d6c (0x00006f17) x30 0x8000fd6c
core   0: 0x80009d70 (0x283f2a23) sw      gp, 660(t5)
core   0: 3 0x80009d70 (0x283f2a23) mem 0x80010000 0x00000001
core   0: 0x80009d74 (0xff9ff06f) j       pc - 0x8
core   0: 3 0x80009d74 (0xff9ff06f)
core   0: 0x80009d6c (0x00006f17) auipc   t5, 0x6
core   0: 3 0x80009d6c (0x00006f17) x30 0x8000fd6c
core   0: 0x80009d70 (0x283f2a23) sw      gp, 660(t5)
core   0: 3 0x80009d70 (0x283f2a23) mem 0x80010000 0x00000001
core   0: 0x80009d74 (0xff9ff06f) j       pc - 0x8
core   0: 3 0x80009d74 (0xff9ff06f)
core   0: 0x80009d6c (0x00006f17) auipc   t5, 0x6
core   0: 3 0x80009d6c (0x00006f17) x30 0x8000fd6c
core   0: 0x80009d70 (0x283f2a23) sw      gp, 660(t5)
core   0: 3 0x80009d70 (0x283f2a23) mem 0x80010000 0x00000001
core   0: 0x80009d74 (0xff9ff06f) j       pc - 0x8
core   0: 3 0x80009d74 (0xff9ff06f)
core   0: 0x80009d6c (0x00006f17) auipc   t5, 0x6
core   0: 3 0x80009d6c (0x00006f17) x30 0x8000fd6c
core   0: 0x80009d70 (0x283f2a23) sw      gp, 660(t5)
core   0: 3 0x80009d70 (0x283f2a23) mem 0x80010000 0x00000001
core   0: 0x80009d74 (0xff9ff06f) j       pc - 0x8
core   0: 3 0x80009d74 (0xff9ff06f)
core   0: 0x80009d6c (0x00006f17) auipc   t5, 0x6
core   0: 3 0x80009d6c (0x00006f17) x30 0x8000fd6c
core   0: 0x80009d70 (0x283f2a23) sw      gp, 660(t5)
core   0: 3 0x80009d70 (0x283f2a23) mem 0x80010000 0x00000001
core   0: 0x80009d74 (0xff9ff06f) j       pc - 0x8
core   0: 3 0x80009d74 (0xff9ff06f)
core   0: 0x80009d6c (0x00006f17) auipc   t5, 0x6
core   0: 3 0x80009d6c (0x00006f17) x30 0x8000fd6c
core   0: 0x80009d70 (0x283f2a23) sw      gp, 660(t5)
core   0: 3 0x80009d70 (0x283f2a23) mem 0x80010000 0x00000001
core   0: 0x80009d74 (0xff9ff06f) j       pc - 0x8
core   0: 3 0x80009d74 (0xff9ff06f)
core   0: 0x80009d6c (0x00006f17) auipc   t5, 0x6
core   0: 3 0x80009d6c (0x00006f17) x30 0x8000fd6c
core   0: 0x80009d70 (0x283f2a23) sw      gp, 660(t5)
core   0: 3 0x80009d70 (0x283f2a23) mem 0x80010000 0x00000001
core   0: 0x80009d74 (0xff9ff06f) j       pc - 0x8
core   0: 3 0x80009d74 (0xff9ff06f)
core   0: 0x80009d6c (0x00006f17) auipc   t5, 0x6
core   0: 3 0x80009d6c (0x00006f17) x30 0x8000fd6c
core   0: 0x80009d70 (0x283f2a23) sw      gp, 660(t5)
core   0: 3 0x80009d70 (0x283f2a23) mem 0x80010000 0x00000001
core   0: 0x80009d74 (0xff9ff06f) j       pc - 0x8
core   0: 3 0x80009d74 (0xff9ff06f)
core   0: 0x80009d6c (0x00006f17) auipc   t5, 0x6
core   0: 3 0x80009d6c (0x00006f17) x30 0x8000fd6c
core   0: 0x80009d70 (0x283f2a23) sw      gp, 660(t5)
core   0: 3 0x80009d70 (0x283f2a23) mem 0x80010000 0x00000001
core   0: 0x80009d74 (0xff9ff06f) j       pc - 0x8
core   0: 3 0x80009d74 (0xff9ff06f)
core   0: 0x80009d6c (0x00006f17) auipc   t5, 0x6
core   0: 3 0x80009d6c (0x00006f17) x30 0x8000fd6c
core   0: 0x80009d70 (0x283f2a23) sw      gp, 660(t5)
core   0: 3 0x80009d70 (0x283f2a23) mem 0x80010000 0x00000001
core   0: 0x80009d74 (0xff9ff06f) j       pc - 0x8
core   0: 3 0x80009d74 (0xff9ff06f)
core   0: 0x80009d6c (0x00006f17) auipc   t5, 0x6
core   0: 3 0x80009d6c (0x00006f17) x30 0x8000fd6c
core   0: 0x80009d70 (0x283f2a23) sw      gp, 660(t5)
core   0: 3 0x80009d70 (0x283f2a23) mem 0x80010000 0x00000001
core   0: 0x80009d74 (0xff9ff06f) j       pc - 0x8
core   0: 3 0x80009d74 (0xff9ff06f)
core   0: 0x80009d6c (0x00006f17) auipc   t5, 0x6
core   0: 3 0x80009d6c (0x00006f17) x30 0x8000fd6c
core   0: 0x80009d70 (0x283f2a23) sw      gp, 660(t5)
core   0: 3 0x80009d70 (0x283f2a23) mem 0x80010000 0x00000001
core   0: 0x80009d74 (0xff9ff06f) j       pc - 0x8
core   0: 3 0x80009d74 (0xff9ff06f)
core   0: 0x80009d6c (0x00006f17) auipc   t5, 0x6
core   0: 3 0x80009d6c (0x00006f17) x30 0x8000fd6c
core   0: 0x80009d70 (0x283f2a23) sw      gp, 660(t5)
core   0: 3 0x80009d70 (0x283f2a23) mem 0x80010000 0x00000001
core   0: 0x80009d74 (0xff9ff06f) j       pc - 0x8
core   0: 3 0x80009d74 (0xff9ff06f)
core   0: 0x80009d6c (0x00006f17) auipc   t5, 0x6
core   0: 3 0x80009d6c (0x00006f17) x30 0x8000fd6c
core   0: 0x80009d70 (0x283f2a23) sw      gp, 660(t5)
core   0: 3 0x80009d70 (0x283f2a23) mem 0x80010000 0x00000001
core   0: 0x80009d74 (0xff9ff06f) j       pc - 0x8
core   0: 3 0x80009d74 (0xff9ff06f)
core   0: 0x80009d6c (0x00006f17) auipc   t5, 0x6
core   0: 3 0x80009d6c (0x00006f17) x30 0x8000fd6c
core   0: 0x80009d70 (0x283f2a23) sw      gp, 660(t5)
core   0: 3 0x80009d70 (0x283f2a23) mem 0x80010000 0x00000001
core   0: 0x80009d74 (0xff9ff06f) j       pc - 0x8
core   0: 3 0x80009d74 (0xff9ff06f)
core   0: 0x80009d6c (0x00006f17) auipc   t5, 0x6
core   0: 3 0x80009d6c (0x00006f17) x30 0x8000fd6c
core   0: 0x80009d70 (0x283f2a23) sw      gp, 660(t5)
core   0: 3 0x80009d70 (0x283f2a23) mem 0x80010000 0x00000001
core   0: 0x80009d74 (0xff9ff06f) j       pc - 0x8
core   0: 3 0x80009d74 (0xff9ff06f)
core   0: 0x80009d6c (0x00006f17) auipc   t5, 0x6
core   0: 3 0x80009d6c (0x00006f17) x30 0x8000fd6c
core   0: 0x80009d70 (0x283f2a23) sw      gp, 660(t5)
core   0: 3 0x80009d70 (0x283f2a23) mem 0x80010000 0x00000001
core   0: 0x80009d74 (0xff9ff06f) j       pc - 0x8
core   0: 3 0x80009d74 (0xff9ff06f)
core   0: 0x80009d6c (0x00006f17) auipc   t5, 0x6
core   0: 3 0x80009d6c (0x00006f17) x30 0x8000fd6c
core   0: 0x80009d70 (0x283f2a23) sw      gp, 660(t5)
core   0: 3 0x80009d70 (0x283f2a23) mem 0x80010000 0x00000001
core   0: 0x80009d74 (0xff9ff06f) j       pc - 0x8
core   0: 3 0x80009d74 (0xff9ff06f)
core   0: 0x80009d6c (0x00006f17) auipc   t5, 0x6
core   0: 3 0x80009d6c (0x00006f17) x30 0x8000fd6c
core   0: 0x80009d70 (0x283f2a23) sw      gp, 660(t5)
core   0: 3 0x80009d70 (0x283f2a23) mem 0x80010000 0x00000001
core   0: 0x80009d74 (0xff9ff06f) j       pc - 0x8
core   0: 3 0x80009d74 (0xff9ff06f)
core   0: 0x80009d6c (0x00006f17) auipc   t5, 0x6
core   0: 3 0x80009d6c (0x00006f17) x30 0x8000fd6c
core   0: 0x80009d70 (0x283f2a23) sw      gp, 660(t5)
core   0: 3 0x80009d70 (0x283f2a23) mem 0x80010000 0x00000001
core   0: 0x80009d74 (0xff9ff06f) j       pc - 0x8
core   0: 3 0x80009d74 (0xff9ff06f)
core   0: 0x80009d6c (0x00006f17) auipc   t5, 0x6
core   0: 3 0x80009d6c (0x00006f17) x30 0x8000fd6c
core   0: 0x80009d70 (0x283f2a23) sw      gp, 660(t5)
core   0: 3 0x80009d70 (0x283f2a23) mem 0x80010000 0x00000001
core   0: 0x80009d74 (0xff9ff06f) j       pc - 0x8
core   0: 3 0x80009d74 (0xff9ff06f)
core   0: 0x80009d6c (0x00006f17) auipc   t5, 0x6
core   0: 3 0x80009d6c (0x00006f17) x30 0x8000fd6c
core   0: 0x80009d70 (0x283f2a23) sw      gp, 660(t5)
core   0: 3 0x80009d70 (0x283f2a23) mem 0x80010000 0x00000001
core   0: 0x80009d74 (0xff9ff06f) j       pc - 0x8
core   0: 3 0x80009d74 (0xff9ff06f)
core   0: 0x80009d6c (0x00006f17) auipc   t5, 0x6
core   0: 3 0x80009d6c (0x00006f17) x30 0x8000fd6c
core   0: 0x80009d70 (0x283f2a23) sw      gp, 660(t5)
core   0: 3 0x80009d70 (0x283f2a23) mem 0x80010000 0x00000001
core   0: 0x80009d74 (0xff9ff06f) j       pc - 0x8
core   0: 3 0x80009d74 (0xff9ff06f)
core   0: 0x80009d6c (0x00006f17) auipc   t5, 0x6
core   0: 3 0x80009d6c (0x00006f17) x30 0x8000fd6c
core   0: 0x80009d70 (0x283f2a23) sw      gp, 660(t5)
core   0: 3 0x80009d70 (0x283f2a23) mem 0x80010000 0x00000001
core   0: 0x80009d74 (0xff9ff06f) j       pc - 0x8
core   0: 3 0x80009d74 (0xff9ff06f)
core   0: 0x80009d6c (0x00006f17) auipc   t5, 0x6
core   0: 3 0x80009d6c (0x00006f17) x30 0x8000fd6c
core   0: 0x80009d70 (0x283f2a23) sw      gp, 660(t5)
core   0: 3 0x80009d70 (0x283f2a23) mem 0x80010000 0x00000001
core   0: 0x80009d74 (0xff9ff06f) j       pc - 0x8
core   0: 3 0x80009d74 (0xff9ff06f)
core   0: 0x80009d6c (0x00006f17) auipc   t5, 0x6
core   0: 3 0x80009d6c (0x00006f17) x30 0x8000fd6c
core   0: 0x80009d70 (0x283f2a23) sw      gp, 660(t5)
core   0: 3 0x80009d70 (0x283f2a23) mem 0x80010000 0x00000001
core   0: 0x80009d74 (0xff9ff06f) j       pc - 0x8
core   0: 3 0x80009d74 (0xff9ff06f)
core   0: 0x80009d6c (0x00006f17) auipc   t5, 0x6
core   0: 3 0x80009d6c (0x00006f17) x30 0x8000fd6c
core   0: 0x80009d70 (0x283f2a23) sw      gp, 660(t5)
core   0: 3 0x80009d70 (0x283f2a23) mem 0x80010000 0x00000001
core   0: 0x80009d74 (0xff9ff06f) j       pc - 0x8
core   0: 3 0x80009d74 (0xff9ff06f)
core   0: 0x80009d6c (0x00006f17) auipc   t5, 0x6
core   0: 3 0x80009d6c (0x00006f17) x30 0x8000fd6c
core   0: 0x80009d70 (0x283f2a23) sw      gp, 660(t5)
core   0: 3 0x80009d70 (0x283f2a23) mem 0x80010000 0x00000001
core   0: 0x80009d74 (0xff9ff06f) j       pc - 0x8
core   0: 3 0x80009d74 (0xff9ff06f)
core   0: 0x80009d6c (0x00006f17) auipc   t5, 0x6
core   0: 3 0x80009d6c (0x00006f17) x30 0x8000fd6c
core   0: 0x80009d70 (0x283f2a23) sw      gp, 660(t5)
core   0: 3 0x80009d70 (0x283f2a23) mem 0x80010000 0x00000001
core   0: 0x80009d74 (0xff9ff06f) j       pc - 0x8
core   0: 3 0x80009d74 (0xff9ff06f)
core   0: 0x80009d6c (0x00006f17) auipc   t5, 0x6
core   0: 3 0x80009d6c (0x00006f17) x30 0x8000fd6c
core   0: 0x80009d70 (0x283f2a23) sw      gp, 660(t5)
core   0: 3 0x80009d70 (0x283f2a23) mem 0x80010000 0x00000001
core   0: 0x80009d74 (0xff9ff06f) j       pc - 0x8
core   0: 3 0x80009d74 (0xff9ff06f)
core   0: 0x80009d6c (0x00006f17) auipc   t5, 0x6
core   0: 3 0x80009d6c (0x00006f17) x30 0x8000fd6c
core   0: 0x80009d70 (0x283f2a23) sw      gp, 660(t5)
core   0: 3 0x80009d70 (0x283f2a23) mem 0x80010000 0x00000001
core   0: 0x80009d74 (0xff9ff06f) j       pc - 0x8
core   0: 3 0x80009d74 (0xff9ff06f)
core   0: 0x80009d6c (0x00006f17) auipc   t5, 0x6
core   0: 3 0x80009d6c (0x00006f17) x30 0x8000fd6c
core   0: 0x80009d70 (0x283f2a23) sw      gp, 660(t5)
core   0: 3 0x80009d70 (0x283f2a23) mem 0x80010000 0x00000001
core   0: 0x80009d74 (0xff9ff06f) j       pc - 0x8
core   0: 3 0x80009d74 (0xff9ff06f)
core   0: 0x80009d6c (0x00006f17) auipc   t5, 0x6
core   0: 3 0x80009d6c (0x00006f17) x30 0x8000fd6c
core   0: 0x80009d70 (0x283f2a23) sw      gp, 660(t5)
core   0: 3 0x80009d70 (0x283f2a23) mem 0x80010000 0x00000001
core   0: 0x80009d74 (0xff9ff06f) j       pc - 0x8
core   0: 3 0x80009d74 (0xff9ff06f)
core   0: 0x80009d6c (0x00006f17) auipc   t5, 0x6
core   0: 3 0x80009d6c (0x00006f17) x30 0x8000fd6c
core   0: 0x80009d70 (0x283f2a23) sw      gp, 660(t5)
core   0: 3 0x80009d70 (0x283f2a23) mem 0x80010000 0x00000001
core   0: 0x80009d74 (0xff9ff06f) j       pc - 0x8
core   0: 3 0x80009d74 (0xff9ff06f)
core   0: 0x80009d6c (0x00006f17) auipc   t5, 0x6
core   0: 3 0x80009d6c (0x00006f17) x30 0x8000fd6c
core   0: 0x80009d70 (0x283f2a23) sw      gp, 660(t5)
core   0: 3 0x80009d70 (0x283f2a23) mem 0x80010000 0x00000001
core   0: 0x80009d74 (0xff9ff06f) j       pc - 0x8
core   0: 3 0x80009d74 (0xff9ff06f)
core   0: 0x80009d6c (0x00006f17) auipc   t5, 0x6
core   0: 3 0x80009d6c (0x00006f17) x30 0x8000fd6c
core   0: 0x80009d70 (0x283f2a23) sw      gp, 660(t5)
core   0: 3 0x80009d70 (0x283f2a23) mem 0x80010000 0x00000001
core   0: 0x80009d74 (0xff9ff06f) j       pc - 0x8
core   0: 3 0x80009d74 (0xff9ff06f)
core   0: 0x80009d6c (0x00006f17) auipc   t5, 0x6
core   0: 3 0x80009d6c (0x00006f17) x30 0x8000fd6c
core   0: 0x80009d70 (0x283f2a23) sw      gp, 660(t5)
core   0: 3 0x80009d70 (0x283f2a23) mem 0x80010000 0x00000001
core   0: 0x80009d74 (0xff9ff06f) j       pc - 0x8
core   0: 3 0x80009d74 (0xff9ff06f)
core   0: 0x80009d6c (0x00006f17) auipc   t5, 0x6
core   0: 3 0x80009d6c (0x00006f17) x30 0x8000fd6c
core   0: 0x80009d70 (0x283f2a23) sw      gp, 660(t5)
core   0: 3 0x80009d70 (0x283f2a23) mem 0x80010000 0x00000001
core   0: 0x80009d74 (0xff9ff06f) j       pc - 0x8
core   0: 3 0x80009d74 (0xff9ff06f)
core   0: 0x80009d6c (0x00006f17) auipc   t5, 0x6
core   0: 3 0x80009d6c (0x00006f17) x30 0x8000fd6c
core   0: 0x80009d70 (0x283f2a23) sw      gp, 660(t5)
core   0: 3 0x80009d70 (0x283f2a23) mem 0x80010000 0x00000001
core   0: 0x80009d74 (0xff9ff06f) j       pc - 0x8
core   0: 3 0x80009d74 (0xff9ff06f)
core   0: 0x80009d6c (0x00006f17) auipc   t5, 0x6
core   0: 3 0x80009d6c (0x00006f17) x30 0x8000fd6c
core   0: 0x80009d70 (0x283f2a23) sw      gp, 660(t5)
core   0: 3 0x80009d70 (0x283f2a23) mem 0x80010000 0x00000001
core   0: 0x80009d74 (0xff9ff06f) j       pc - 0x8
core   0: 3 0x80009d74 (0xff9ff06f)
core   0: 0x80009d6c (0x00006f17) auipc   t5, 0x6
core   0: 3 0x80009d6c (0x00006f17) x30 0x8000fd6c
core   0: 0x80009d70 (0x283f2a23) sw      gp, 660(t5)
core   0: 3 0x80009d70 (0x283f2a23) mem 0x80010000 0x00000001
core   0: 0x80009d74 (0xff9ff06f) j       pc - 0x8
core   0: 3 0x80009d74 (0xff9ff06f)
core   0: 0x80009d6c (0x00006f17) auipc   t5, 0x6
core   0: 3 0x80009d6c (0x00006f17) x30 0x8000fd6c
core   0: 0x80009d70 (0x283f2a23) sw      gp, 660(t5)
core   0: 3 0x80009d70 (0x283f2a23) mem 0x80010000 0x00000001
core   0: 0x80009d74 (0xff9ff06f) j       pc - 0x8
core   0: 3 0x80009d74 (0xff9ff06f)
core   0: 0x80009d6c (0x00006f17) auipc   t5, 0x6
core   0: 3 0x80009d6c (0x00006f17) x30 0x8000fd6c
core   0: 0x80009d70 (0x283f2a23) sw      gp, 660(t5)
core   0: 3 0x80009d70 (0x283f2a23) mem 0x80010000 0x00000001
core   0: 0x80009d74 (0xff9ff06f) j       pc - 0x8
core   0: 3 0x80009d74 (0xff9ff06f)
core   0: 0x80009d6c (0x00006f17) auipc   t5, 0x6
core   0: 3 0x80009d6c (0x00006f17) x30 0x8000fd6c
core   0: 0x80009d70 (0x283f2a23) sw      gp, 660(t5)
core   0: 3 0x80009d70 (0x283f2a23) mem 0x80010000 0x00000001
core   0: 0x80009d74 (0xff9ff06f) j       pc - 0x8
core   0: 3 0x80009d74 (0xff9ff06f)
core   0: 0x80009d6c (0x00006f17) auipc   t5, 0x6
core   0: 3 0x80009d6c (0x00006f17) x30 0x8000fd6c
core   0: 0x80009d70 (0x283f2a23) sw      gp, 660(t5)
core   0: 3 0x80009d70 (0x283f2a23) mem 0x80010000 0x00000001
core   0: 0x80009d74 (0xff9ff06f) j       pc - 0x8
core   0: 3 0x80009d74 (0xff9ff06f)
core   0: 0x80009d6c (0x00006f17) auipc   t5, 0x6
core   0: 3 0x80009d6c (0x00006f17) x30 0x8000fd6c
core   0: 0x80009d70 (0x283f2a23) sw      gp, 660(t5)
core   0: 3 0x80009d70 (0x283f2a23) mem 0x80010000 0x00000001
core   0: 0x80009d74 (0xff9ff06f) j       pc - 0x8
core   0: 3 0x80009d74 (0xff9ff06f)
core   0: 0x80009d6c (0x00006f17) auipc   t5, 0x6
core   0: 3 0x80009d6c (0x00006f17) x30 0x8000fd6c
core   0: 0x80009d70 (0x283f2a23) sw      gp, 660(t5)
core   0: 3 0x80009d70 (0x283f2a23) mem 0x80010000 0x00000001
core   0: 0x80009d74 (0xff9ff06f) j       pc - 0x8
core   0: 3 0x80009d74 (0xff9ff06f)
core   0: 0x80009d6c (0x00006f17) auipc   t5, 0x6
core   0: 3 0x80009d6c (0x00006f17) x30 0x8000fd6c
core   0: 0x80009d70 (0x283f2a23) sw      gp, 660(t5)
core   0: 3 0x80009d70 (0x283f2a23) mem 0x80010000 0x00000001
core   0: 0x80009d74 (0xff9ff06f) j       pc - 0x8
core   0: 3 0x80009d74 (0xff9ff06f)
core   0: 0x80009d6c (0x00006f17) auipc   t5, 0x6
core   0: 3 0x80009d6c (0x00006f17) x30 0x8000fd6c
core   0: 0x80009d70 (0x283f2a23) sw      gp, 660(t5)
core   0: 3 0x80009d70 (0x283f2a23) mem 0x80010000 0x00000001
core   0: 0x80009d74 (0xff9ff06f) j       pc - 0x8
core   0: 3 0x80009d74 (0xff9ff06f)
core   0: 0x80009d6c (0x00006f17) auipc   t5, 0x6
core   0: 3 0x80009d6c (0x00006f17) x30 0x8000fd6c
core   0: 0x80009d70 (0x283f2a23) sw      gp, 660(t5)
core   0: 3 0x80009d70 (0x283f2a23) mem 0x80010000 0x00000001
core   0: 0x80009d74 (0xff9ff06f) j       pc - 0x8
core   0: 3 0x80009d74 (0xff9ff06f)
core   0: 0x80009d6c (0x00006f17) auipc   t5, 0x6
core   0: 3 0x80009d6c (0x00006f17) x30 0x8000fd6c
core   0: 0x80009d70 (0x283f2a23) sw      gp, 660(t5)
core   0: 3 0x80009d70 (0x283f2a23) mem 0x80010000 0x00000001
core   0: 0x80009d74 (0xff9ff06f) j       pc - 0x8
core   0: 3 0x80009d74 (0xff9ff06f)
core   0: 0x80009d6c (0x00006f17) auipc   t5, 0x6
core   0: 3 0x80009d6c (0x00006f17) x30 0x8000fd6c
core   0: 0x80009d70 (0x283f2a23) sw      gp, 660(t5)
core   0: 3 0x80009d70 (0x283f2a23) mem 0x80010000 0x00000001
core   0: 0x80009d74 (0xff9ff06f) j       pc - 0x8
core   0: 3 0x80009d74 (0xff9ff06f)
core   0: 0x80009d6c (0x00006f17) auipc   t5, 0x6
core   0: 3 0x80009d6c (0x00006f17) x30 0x8000fd6c
core   0: 0x80009d70 (0x283f2a23) sw      gp, 660(t5)
core   0: 3 0x80009d70 (0x283f2a23) mem 0x80010000 0x00000001
core   0: 0x80009d74 (0xff9ff06f) j       pc - 0x8
core   0: 3 0x80009d74 (0xff9ff06f)
core   0: 0x80009d6c (0x00006f17) auipc   t5, 0x6
core   0: 3 0x80009d6c (0x00006f17) x30 0x8000fd6c
core   0: 0x80009d70 (0x283f2a23) sw      gp, 660(t5)
core   0: 3 0x80009d70 (0x283f2a23) mem 0x80010000 0x00000001
core   0: 0x80009d74 (0xff9ff06f) j       pc - 0x8
core   0: 3 0x80009d74 (0xff9ff06f)
core   0: 0x80009d6c (0x00006f17) auipc   t5, 0x6
core   0: 3 0x80009d6c (0x00006f17) x30 0x8000fd6c
core   0: 0x80009d70 (0x283f2a23) sw      gp, 660(t5)
core   0: 3 0x80009d70 (0x283f2a23) mem 0x80010000 0x00000001
core   0: 0x80009d74 (0xff9ff06f) j       pc - 0x8
core   0: 3 0x80009d74 (0xff9ff06f)
core   0: 0x80009d6c (0x00006f17) auipc   t5, 0x6
core   0: 3 0x80009d6c (0x00006f17) x30 0x8000fd6c
core   0: 0x80009d70 (0x283f2a23) sw      gp, 660(t5)
core   0: 3 0x80009d70 (0x283f2a23) mem 0x80010000 0x00000001
core   0: 0x80009d74 (0xff9ff06f) j       pc - 0x8
core   0: 3 0x80009d74 (0xff9ff06f)
core   0: 0x80009d6c (0x00006f17) auipc   t5, 0x6
core   0: 3 0x80009d6c (0x00006f17) x30 0x8000fd6c
core   0: 0x80009d70 (0x283f2a23) sw      gp, 660(t5)
core   0: 3 0x80009d70 (0x283f2a23) mem 0x80010000 0x00000001
core   0: 0x80009d74 (0xff9ff06f) j       pc - 0x8
core   0: 3 0x80009d74 (0xff9ff06f)
core   0: 0x80009d6c (0x00006f17) auipc   t5, 0x6
core   0: 3 0x80009d6c (0x00006f17) x30 0x8000fd6c
core   0: 0x80009d70 (0x283f2a23) sw      gp, 660(t5)
core   0: 3 0x80009d70 (0x283f2a23) mem 0x80010000 0x00000001
core   0: 0x80009d74 (0xff9ff06f) j       pc - 0x8
core   0: 3 0x80009d74 (0xff9ff06f)
core   0: 0x80009d6c (0x00006f17) auipc   t5, 0x6
core   0: 3 0x80009d6c (0x00006f17) x30 0x8000fd6c
core   0: 0x80009d70 (0x283f2a23) sw      gp, 660(t5)
core   0: 3 0x80009d70 (0x283f2a23) mem 0x80010000 0x00000001
core   0: 0x80009d74 (0xff9ff06f) j       pc - 0x8
core   0: 3 0x80009d74 (0xff9ff06f)
core   0: 0x80009d6c (0x00006f17) auipc   t5, 0x6
core   0: 3 0x80009d6c (0x00006f17) x30 0x8000fd6c
core   0: 0x80009d70 (0x283f2a23) sw      gp, 660(t5)
core   0: 3 0x80009d70 (0x283f2a23) mem 0x80010000 0x00000001
core   0: 0x80009d74 (0xff9ff06f) j       pc - 0x8
core   0: 3 0x80009d74 (0xff9ff06f)
core   0: 0x80009d6c (0x00006f17) auipc   t5, 0x6
core   0: 3 0x80009d6c (0x00006f17) x30 0x8000fd6c
core   0: 0x80009d70 (0x283f2a23) sw      gp, 660(t5)
core   0: 3 0x80009d70 (0x283f2a23) mem 0x80010000 0x00000001
core   0: 0x80009d74 (0xff9ff06f) j       pc - 0x8
core   0: 3 0x80009d74 (0xff9ff06f)
core   0: 0x80009d6c (0x00006f17) auipc   t5, 0x6
core   0: 3 0x80009d6c (0x00006f17) x30 0x8000fd6c
core   0: 0x80009d70 (0x283f2a23) sw      gp, 660(t5)
core   0: 3 0x80009d70 (0x283f2a23) mem 0x80010000 0x00000001
core   0: 0x80009d74 (0xff9ff06f) j       pc - 0x8
core   0: 3 0x80009d74 (0xff9ff06f)
core   0: 0x80009d6c (0x00006f17) auipc   t5, 0x6
core   0: 3 0x80009d6c (0x00006f17) x30 0x8000fd6c
core   0: 0x80009d70 (0x283f2a23) sw      gp, 660(t5)
core   0: 3 0x80009d70 (0x283f2a23) mem 0x80010000 0x00000001
core   0: 0x80009d74 (0xff9ff06f) j       pc - 0x8
core   0: 3 0x80009d74 (0xff9ff06f)
core   0: 0x80009d6c (0x00006f17) auipc   t5, 0x6
core   0: 3 0x80009d6c (0x00006f17) x30 0x8000fd6c
core   0: 0x80009d70 (0x283f2a23) sw      gp, 660(t5)
core   0: 3 0x80009d70 (0x283f2a23) mem 0x80010000 0x00000001
core   0: 0x80009d74 (0xff9ff06f) j       pc - 0x8
core   0: 3 0x80009d74 (0xff9ff06f)
core   0: 0x80009d6c (0x00006f17) auipc   t5, 0x6
core   0: 3 0x80009d6c (0x00006f17) x30 0x8000fd6c
core   0: 0x80009d70 (0x283f2a23) sw      gp, 660(t5)
core   0: 3 0x80009d70 (0x283f2a23) mem 0x80010000 0x00000001
core   0: 0x80009d74 (0xff9ff06f) j       pc - 0x8
core   0: 3 0x80009d74 (0xff9ff06f)
core   0: 0x80009d6c (0x00006f17) auipc   t5, 0x6
core   0: 3 0x80009d6c (0x00006f17) x30 0x8000fd6c
core   0: 0x80009d70 (0x283f2a23) sw      gp, 660(t5)
core   0: 3 0x80009d70 (0x283f2a23) mem 0x80010000 0x00000001
core   0: 0x80009d74 (0xff9ff06f) j       pc - 0x8
core   0: 3 0x80009d74 (0xff9ff06f)
core   0: 0x80009d6c (0x00006f17) auipc   t5, 0x6
core   0: 3 0x80009d6c (0x00006f17) x30 0x8000fd6c
core   0: 0x80009d70 (0x283f2a23) sw      gp, 660(t5)
core   0: 3 0x80009d70 (0x283f2a23) mem 0x80010000 0x00000001
core   0: 0x80009d74 (0xff9ff06f) j       pc - 0x8
core   0: 3 0x80009d74 (0xff9ff06f)
core   0: 0x80009d6c (0x00006f17) auipc   t5, 0x6
core   0: 3 0x80009d6c (0x00006f17) x30 0x8000fd6c
core   0: 0x80009d70 (0x283f2a23) sw      gp, 660(t5)
core   0: 3 0x80009d70 (0x283f2a23) mem 0x80010000 0x00000001
core   0: 0x80009d74 (0xff9ff06f) j       pc - 0x8
core   0: 3 0x80009d74 (0xff9ff06f)
core   0: 0x80009d6c (0x00006f17) auipc   t5, 0x6
core   0: 3 0x80009d6c (0x00006f17) x30 0x8000fd6c
core   0: 0x80009d70 (0x283f2a23) sw      gp, 660(t5)
core   0: 3 0x80009d70 (0x283f2a23) mem 0x80010000 0x00000001
core   0: 0x80009d74 (0xff9ff06f) j       pc - 0x8
core   0: 3 0x80009d74 (0xff9ff06f)
core   0: 0x80009d6c (0x00006f17) auipc   t5, 0x6
core   0: 3 0x80009d6c (0x00006f17) x30 0x8000fd6c
core   0: 0x80009d70 (0x283f2a23) sw      gp, 660(t5)
core   0: 3 0x80009d70 (0x283f2a23) mem 0x80010000 0x00000001
core   0: 0x80009d74 (0xff9ff06f) j       pc - 0x8
core   0: 3 0x80009d74 (0xff9ff06f)
core   0: 0x80009d6c (0x00006f17) auipc   t5, 0x6
core   0: 3 0x80009d6c (0x00006f17) x30 0x8000fd6c
core   0: 0x80009d70 (0x283f2a23) sw      gp, 660(t5)
core   0: 3 0x80009d70 (0x283f2a23) mem 0x80010000 0x00000001
core   0: 0x80009d74 (0xff9ff06f) j       pc - 0x8
core   0: 3 0x80009d74 (0xff9ff06f)
core   0: 0x80009d6c (0x00006f17) auipc   t5, 0x6
core   0: 3 0x80009d6c (0x00006f17) x30 0x8000fd6c
core   0: 0x80009d70 (0x283f2a23) sw      gp, 660(t5)
core   0: 3 0x80009d70 (0x283f2a23) mem 0x80010000 0x00000001
core   0: 0x80009d74 (0xff9ff06f) j       pc - 0x8
core   0: 3 0x80009d74 (0xff9ff06f)
core   0: 0x80009d6c (0x00006f17) auipc   t5, 0x6
core   0: 3 0x80009d6c (0x00006f17) x30 0x8000fd6c
core   0: 0x80009d70 (0x283f2a23) sw      gp, 660(t5)
core   0: 3 0x80009d70 (0x283f2a23) mem 0x80010000 0x00000001
core   0: 0x80009d74 (0xff9ff06f) j       pc - 0x8
core   0: 3 0x80009d74 (0xff9ff06f)
core   0: 0x80009d6c (0x00006f17) auipc   t5, 0x6
core   0: 3 0x80009d6c (0x00006f17) x30 0x8000fd6c
core   0: 0x80009d70 (0x283f2a23) sw      gp, 660(t5)
core   0: 3 0x80009d70 (0x283f2a23) mem 0x80010000 0x00000001
core   0: 0x80009d74 (0xff9ff06f) j       pc - 0x8
core   0: 3 0x80009d74 (0xff9ff06f)
core   0: 0x80009d6c (0x00006f17) auipc   t5, 0x6
core   0: 3 0x80009d6c (0x00006f17) x30 0x8000fd6c
core   0: 0x80009d70 (0x283f2a23) sw      gp, 660(t5)
core   0: 3 0x80009d70 (0x283f2a23) mem 0x80010000 0x00000001
core   0: 0x80009d74 (0xff9ff06f) j       pc - 0x8
core   0: 3 0x80009d74 (0xff9ff06f)
core   0: 0x80009d6c (0x00006f17) auipc   t5, 0x6
core   0: 3 0x80009d6c (0x00006f17) x30 0x8000fd6c
core   0: 0x80009d70 (0x283f2a23) sw      gp, 660(t5)
core   0: 3 0x80009d70 (0x283f2a23) mem 0x80010000 0x00000001
core   0: 0x80009d74 (0xff9ff06f) j       pc - 0x8
core   0: 3 0x80009d74 (0xff9ff06f)
core   0: 0x80009d6c (0x00006f17) auipc   t5, 0x6
core   0: 3 0x80009d6c (0x00006f17) x30 0x8000fd6c
core   0: 0x80009d70 (0x283f2a23) sw      gp, 660(t5)
core   0: 3 0x80009d70 (0x283f2a23) mem 0x80010000 0x00000001
core   0: 0x80009d74 (0xff9ff06f) j       pc - 0x8
core   0: 3 0x80009d74 (0xff9ff06f)
core   0: 0x80009d6c (0x00006f17) auipc   t5, 0x6
core   0: 3 0x80009d6c (0x00006f17) x30 0x8000fd6c
core   0: 0x80009d70 (0x283f2a23) sw      gp, 660(t5)
core   0: 3 0x80009d70 (0x283f2a23) mem 0x80010000 0x00000001
core   0: 0x80009d74 (0xff9ff06f) j       pc - 0x8
core   0: 3 0x80009d74 (0xff9ff06f)
core   0: 0x80009d6c (0x00006f17) auipc   t5, 0x6
core   0: 3 0x80009d6c (0x00006f17) x30 0x8000fd6c
core   0: 0x80009d70 (0x283f2a23) sw      gp, 660(t5)
core   0: 3 0x80009d70 (0x283f2a23) mem 0x80010000 0x00000001
core   0: 0x80009d74 (0xff9ff06f) j       pc - 0x8
core   0: 3 0x80009d74 (0xff9ff06f)
core   0: 0x80009d6c (0x00006f17) auipc   t5, 0x6
core   0: 3 0x80009d6c (0x00006f17) x30 0x8000fd6c
core   0: 0x80009d70 (0x283f2a23) sw      gp, 660(t5)
core   0: 3 0x80009d70 (0x283f2a23) mem 0x80010000 0x00000001
core   0: 0x80009d74 (0xff9ff06f) j       pc - 0x8
core   0: 3 0x80009d74 (0xff9ff06f)
core   0: 0x80009d6c (0x00006f17) auipc   t5, 0x6
core   0: 3 0x80009d6c (0x00006f17) x30 0x8000fd6c
core   0: 0x80009d70 (0x283f2a23) sw      gp, 660(t5)
core   0: 3 0x80009d70 (0x283f2a23) mem 0x80010000 0x00000001
core   0: 0x80009d74 (0xff9ff06f) j       pc - 0x8
core   0: 3 0x80009d74 (0xff9ff06f)
core   0: 0x80009d6c (0x00006f17) auipc   t5, 0x6
core   0: 3 0x80009d6c (0x00006f17) x30 0x8000fd6c
core   0: 0x80009d70 (0x283f2a23) sw      gp, 660(t5)
core   0: 3 0x80009d70 (0x283f2a23) mem 0x80010000 0x00000001
core   0: 0x80009d74 (0xff9ff06f) j       pc - 0x8
core   0: 3 0x80009d74 (0xff9ff06f)
core   0: 0x80009d6c (0x00006f17) auipc   t5, 0x6
core   0: 3 0x80009d6c (0x00006f17) x30 0x8000fd6c
core   0: 0x80009d70 (0x283f2a23) sw      gp, 660(t5)
core   0: 3 0x80009d70 (0x283f2a23) mem 0x80010000 0x00000001
core   0: 0x80009d74 (0xff9ff06f) j       pc - 0x8
core   0: 3 0x80009d74 (0xff9ff06f)
core   0: 0x80009d6c (0x00006f17) auipc   t5, 0x6
core   0: 3 0x80009d6c (0x00006f17) x30 0x8000fd6c
core   0: 0x80009d70 (0x283f2a23) sw      gp, 660(t5)
core   0: 3 0x80009d70 (0x283f2a23) mem 0x80010000 0x00000001
core   0: 0x80009d74 (0xff9ff06f) j       pc - 0x8
core   0: 3 0x80009d74 (0xff9ff06f)
core   0: 0x80009d6c (0x00006f17) auipc   t5, 0x6
core   0: 3 0x80009d6c (0x00006f17) x30 0x8000fd6c
core   0: 0x80009d70 (0x283f2a23) sw      gp, 660(t5)
core   0: 3 0x80009d70 (0x283f2a23) mem 0x80010000 0x00000001
core   0: 0x80009d74 (0xff9ff06f) j       pc - 0x8
core   0: 3 0x80009d74 (0xff9ff06f)
core   0: 0x80009d6c (0x00006f17) auipc   t5, 0x6
core   0: 3 0x80009d6c (0x00006f17) x30 0x8000fd6c
core   0: 0x80009d70 (0x283f2a23) sw      gp, 660(t5)
core   0: 3 0x80009d70 (0x283f2a23) mem 0x80010000 0x00000001
core   0: 0x80009d74 (0xff9ff06f) j       pc - 0x8
core   0: 3 0x80009d74 (0xff9ff06f)
core   0: 0x80009d6c (0x00006f17) auipc   t5, 0x6
core   0: 3 0x80009d6c (0x00006f17) x30 0x8000fd6c
core   0: 0x80009d70 (0x283f2a23) sw      gp, 660(t5)
core   0: 3 0x80009d70 (0x283f2a23) mem 0x80010000 0x00000001
core   0: 0x80009d74 (0xff9ff06f) j       pc - 0x8
core   0: 3 0x80009d74 (0xff9ff06f)
core   0: 0x80009d6c (0x00006f17) auipc   t5, 0x6
core   0: 3 0x80009d6c (0x00006f17) x30 0x8000fd6c
core   0: 0x80009d70 (0x283f2a23) sw      gp, 660(t5)
core   0: 3 0x80009d70 (0x283f2a23) mem 0x80010000 0x00000001
core   0: 0x80009d74 (0xff9ff06f) j       pc - 0x8
core   0: 3 0x80009d74 (0xff9ff06f)
core   0: 0x80009d6c (0x00006f17) auipc   t5, 0x6
core   0: 3 0x80009d6c (0x00006f17) x30 0x8000fd6c
core   0: 0x80009d70 (0x283f2a23) sw      gp, 660(t5)
core   0: 3 0x80009d70 (0x283f2a23) mem 0x80010000 0x00000001
core   0: 0x80009d74 (0xff9ff06f) j       pc - 0x8
core   0: 3 0x80009d74 (0xff9ff06f)
core   0: 0x80009d6c (0x00006f17) auipc   t5, 0x6
core   0: 3 0x80009d6c (0x00006f17) x30 0x8000fd6c
core   0: 0x80009d70 (0x283f2a23) sw      gp, 660(t5)
core   0: 3 0x80009d70 (0x283f2a23) mem 0x80010000 0x00000001
core   0: 0x80009d74 (0xff9ff06f) j       pc - 0x8
core   0: 3 0x80009d74 (0xff9ff06f)
core   0: 0x80009d6c (0x00006f17) auipc   t5, 0x6
core   0: 3 0x80009d6c (0x00006f17) x30 0x8000fd6c
core   0: 0x80009d70 (0x283f2a23) sw      gp, 660(t5)
core   0: 3 0x80009d70 (0x283f2a23) mem 0x80010000 0x00000001
core   0: 0x80009d74 (0xff9ff06f) j       pc - 0x8
core   0: 3 0x80009d74 (0xff9ff06f)
core   0: 0x80009d6c (0x00006f17) auipc   t5, 0x6
core   0: 3 0x80009d6c (0x00006f17) x30 0x8000fd6c
core   0: 0x80009d70 (0x283f2a23) sw      gp, 660(t5)
core   0: 3 0x80009d70 (0x283f2a23) mem 0x80010000 0x00000001
core   0: 0x80009d74 (0xff9ff06f) j       pc - 0x8
core   0: 3 0x80009d74 (0xff9ff06f)
core   0: 0x80009d6c (0x00006f17) auipc   t5, 0x6
core   0: 3 0x80009d6c (0x00006f17) x30 0x8000fd6c
core   0: 0x80009d70 (0x283f2a23) sw      gp, 660(t5)
core   0: 3 0x80009d70 (0x283f2a23) mem 0x80010000 0x00000001
core   0: 0x80009d74 (0xff9ff06f) j       pc - 0x8
core   0: 3 0x80009d74 (0xff9ff06f)
core   0: 0x80009d6c (0x00006f17) auipc   t5, 0x6
core   0: 3 0x80009d6c (0x00006f17) x30 0x8000fd6c
core   0: 0x80009d70 (0x283f2a23) sw      gp, 660(t5)
core   0: 3 0x80009d70 (0x283f2a23) mem 0x80010000 0x00000001
core   0: 0x80009d74 (0xff9ff06f) j       pc - 0x8
core   0: 3 0x80009d74 (0xff9ff06f)
core   0: 0x80009d6c (0x00006f17) auipc   t5, 0x6
core   0: 3 0x80009d6c (0x00006f17) x30 0x8000fd6c
core   0: 0x80009d70 (0x283f2a23) sw      gp, 660(t5)
core   0: 3 0x80009d70 (0x283f2a23) mem 0x80010000 0x00000001
core   0: 0x80009d74 (0xff9ff06f) j       pc - 0x8
core   0: 3 0x80009d74 (0xff9ff06f)
core   0: 0x80009d6c (0x00006f17) auipc   t5, 0x6
core   0: 3 0x80009d6c (0x00006f17) x30 0x8000fd6c
core   0: 0x80009d70 (0x283f2a23) sw      gp, 660(t5)
core   0: 3 0x80009d70 (0x283f2a23) mem 0x80010000 0x00000001
core   0: 0x80009d74 (0xff9ff06f) j       pc - 0x8
core   0: 3 0x80009d74 (0xff9ff06f)
core   0: 0x80009d6c (0x00006f17) auipc   t5, 0x6
core   0: 3 0x80009d6c (0x00006f17) x30 0x8000fd6c
core   0: 0x80009d70 (0x283f2a23) sw      gp, 660(t5)
core   0: 3 0x80009d70 (0x283f2a23) mem 0x80010000 0x00000001
core   0: 0x80009d74 (0xff9ff06f) j       pc - 0x8
core   0: 3 0x80009d74 (0xff9ff06f)
core   0: 0x80009d6c (0x00006f17) auipc   t5, 0x6
core   0: 3 0x80009d6c (0x00006f17) x30 0x8000fd6c
core   0: 0x80009d70 (0x283f2a23) sw      gp, 660(t5)
core   0: 3 0x80009d70 (0x283f2a23) mem 0x80010000 0x00000001
core   0: 0x80009d74 (0xff9ff06f) j       pc - 0x8
core   0: 3 0x80009d74 (0xff9ff06f)
core   0: 0x80009d6c (0x00006f17) auipc   t5, 0x6
core   0: 3 0x80009d6c (0x00006f17) x30 0x8000fd6c
core   0: 0x80009d70 (0x283f2a23) sw      gp, 660(t5)
core   0: 3 0x80009d70 (0x283f2a23) mem 0x80010000 0x00000001
core   0: 0x80009d74 (0xff9ff06f) j       pc - 0x8
core   0: 3 0x80009d74 (0xff9ff06f)
core   0: 0x80009d6c (0x00006f17) auipc   t5, 0x6
core   0: 3 0x80009d6c (0x00006f17) x30 0x8000fd6c
core   0: 0x80009d70 (0x283f2a23) sw      gp, 660(t5)
core   0: 3 0x80009d70 (0x283f2a23) mem 0x80010000 0x00000001
core   0: 0x80009d74 (0xff9ff06f) j       pc - 0x8
core   0: 3 0x80009d74 (0xff9ff06f)
core   0: 0x80009d6c (0x00006f17) auipc   t5, 0x6
core   0: 3 0x80009d6c (0x00006f17) x30 0x8000fd6c
core   0: 0x80009d70 (0x283f2a23) sw      gp, 660(t5)
core   0: 3 0x80009d70 (0x283f2a23) mem 0x80010000 0x00000001
core   0: 0x80009d74 (0xff9ff06f) j       pc - 0x8
core   0: 3 0x80009d74 (0xff9ff06f)
core   0: 0x80009d6c (0x00006f17) auipc   t5, 0x6
core   0: 3 0x80009d6c (0x00006f17) x30 0x8000fd6c
core   0: 0x80009d70 (0x283f2a23) sw      gp, 660(t5)
core   0: 3 0x80009d70 (0x283f2a23) mem 0x80010000 0x00000001
core   0: 0x80009d74 (0xff9ff06f) j       pc - 0x8
core   0: 3 0x80009d74 (0xff9ff06f)
core   0: 0x80009d6c (0x00006f17) auipc   t5, 0x6
core   0: 3 0x80009d6c (0x00006f17) x30 0x8000fd6c
core   0: 0x80009d70 (0x283f2a23) sw      gp, 660(t5)
core   0: 3 0x80009d70 (0x283f2a23) mem 0x80010000 0x00000001
core   0: 0x80009d74 (0xff9ff06f) j       pc - 0x8
core   0: 3 0x80009d74 (0xff9ff06f)
core   0: 0x80009d6c (0x00006f17) auipc   t5, 0x6
core   0: 3 0x80009d6c (0x00006f17) x30 0x8000fd6c
core   0: 0x80009d70 (0x283f2a23) sw      gp, 660(t5)
core   0: 3 0x80009d70 (0x283f2a23) mem 0x80010000 0x00000001
core   0: 0x80009d74 (0xff9ff06f) j       pc - 0x8
core   0: 3 0x80009d74 (0xff9ff06f)
core   0: 0x80009d6c (0x00006f17) auipc   t5, 0x6
core   0: 3 0x80009d6c (0x00006f17) x30 0x8000fd6c
core   0: 0x80009d70 (0x283f2a23) sw      gp, 660(t5)
core   0: 3 0x80009d70 (0x283f2a23) mem 0x80010000 0x00000001
core   0: 0x80009d74 (0xff9ff06f) j       pc - 0x8
core   0: 3 0x80009d74 (0xff9ff06f)
core   0: 0x80009d6c (0x00006f17) auipc   t5, 0x6
core   0: 3 0x80009d6c (0x00006f17) x30 0x8000fd6c
core   0: 0x80009d70 (0x283f2a23) sw      gp, 660(t5)
core   0: 3 0x80009d70 (0x283f2a23) mem 0x80010000 0x00000001
core   0: 0x80009d74 (0xff9ff06f) j       pc - 0x8
core   0: 3 0x80009d74 (0xff9ff06f)
core   0: 0x80009d6c (0x00006f17) auipc   t5, 0x6
core   0: 3 0x80009d6c (0x00006f17) x30 0x8000fd6c
core   0: 0x80009d70 (0x283f2a23) sw      gp, 660(t5)
core   0: 3 0x80009d70 (0x283f2a23) mem 0x80010000 0x00000001
core   0: 0x80009d74 (0xff9ff06f) j       pc - 0x8
core   0: 3 0x80009d74 (0xff9ff06f)
core   0: 0x80009d6c (0x00006f17) auipc   t5, 0x6
core   0: 3 0x80009d6c (0x00006f17) x30 0x8000fd6c
core   0: 0x80009d70 (0x283f2a23) sw      gp, 660(t5)
core   0: 3 0x80009d70 (0x283f2a23) mem 0x80010000 0x00000001
core   0: 0x80009d74 (0xff9ff06f) j       pc - 0x8
core   0: 3 0x80009d74 (0xff9ff06f)
core   0: 0x80009d6c (0x00006f17) auipc   t5, 0x6
core   0: 3 0x80009d6c (0x00006f17) x30 0x8000fd6c
core   0: 0x80009d70 (0x283f2a23) sw      gp, 660(t5)
core   0: 3 0x80009d70 (0x283f2a23) mem 0x80010000 0x00000001
core   0: 0x80009d74 (0xff9ff06f) j       pc - 0x8
core   0: 3 0x80009d74 (0xff9ff06f)
core   0: 0x80009d6c (0x00006f17) auipc   t5, 0x6
core   0: 3 0x80009d6c (0x00006f17) x30 0x8000fd6c
core   0: 0x80009d70 (0x283f2a23) sw      gp, 660(t5)
core   0: 3 0x80009d70 (0x283f2a23) mem 0x80010000 0x00000001
core   0: 0x80009d74 (0xff9ff06f) j       pc - 0x8
core   0: 3 0x80009d74 (0xff9ff06f)
core   0: 0x80009d6c (0x00006f17) auipc   t5, 0x6
core   0: 3 0x80009d6c (0x00006f17) x30 0x8000fd6c
core   0: 0x80009d70 (0x283f2a23) sw      gp, 660(t5)
core   0: 3 0x80009d70 (0x283f2a23) mem 0x80010000 0x00000001
core   0: 0x80009d74 (0xff9ff06f) j       pc - 0x8
core   0: 3 0x80009d74 (0xff9ff06f)
core   0: 0x80009d6c (0x00006f17) auipc   t5, 0x6
core   0: 3 0x80009d6c (0x00006f17) x30 0x8000fd6c
core   0: 0x80009d70 (0x283f2a23) sw      gp, 660(t5)
core   0: 3 0x80009d70 (0x283f2a23) mem 0x80010000 0x00000001
core   0: 0x80009d74 (0xff9ff06f) j       pc - 0x8
core   0: 3 0x80009d74 (0xff9ff06f)
core   0: 0x80009d6c (0x00006f17) auipc   t5, 0x6
core   0: 3 0x80009d6c (0x00006f17) x30 0x8000fd6c
core   0: 0x80009d70 (0x283f2a23) sw      gp, 660(t5)
core   0: 3 0x80009d70 (0x283f2a23) mem 0x80010000 0x00000001
core   0: 0x80009d74 (0xff9ff06f) j       pc - 0x8
core   0: 3 0x80009d74 (0xff9ff06f)
core   0: 0x80009d6c (0x00006f17) auipc   t5, 0x6
core   0: 3 0x80009d6c (0x00006f17) x30 0x8000fd6c
core   0: 0x80009d70 (0x283f2a23) sw      gp, 660(t5)
core   0: 3 0x80009d70 (0x283f2a23) mem 0x80010000 0x00000001
core   0: 0x80009d74 (0xff9ff06f) j       pc - 0x8
core   0: 3 0x80009d74 (0xff9ff06f)
core   0: 0x80009d6c (0x00006f17) auipc   t5, 0x6
core   0: 3 0x80009d6c (0x00006f17) x30 0x8000fd6c
core   0: 0x80009d70 (0x283f2a23) sw      gp, 660(t5)
core   0: 3 0x80009d70 (0x283f2a23) mem 0x80010000 0x00000001
core   0: 0x80009d74 (0xff9ff06f) j       pc - 0x8
core   0: 3 0x80009d74 (0xff9ff06f)
core   0: 0x80009d6c (0x00006f17) auipc   t5, 0x6
core   0: 3 0x80009d6c (0x00006f17) x30 0x8000fd6c
core   0: 0x80009d70 (0x283f2a23) sw      gp, 660(t5)
core   0: 3 0x80009d70 (0x283f2a23) mem 0x80010000 0x00000001
core   0: 0x80009d74 (0xff9ff06f) j       pc - 0x8
core   0: 3 0x80009d74 (0xff9ff06f)
core   0: 0x80009d6c (0x00006f17) auipc   t5, 0x6
core   0: 3 0x80009d6c (0x00006f17) x30 0x8000fd6c
core   0: 0x80009d70 (0x283f2a23) sw      gp, 660(t5)
core   0: 3 0x80009d70 (0x283f2a23) mem 0x80010000 0x00000001
core   0: 0x80009d74 (0xff9ff06f) j       pc - 0x8
core   0: 3 0x80009d74 (0xff9ff06f)
core   0: 0x80009d6c (0x00006f17) auipc   t5, 0x6
core   0: 3 0x80009d6c (0x00006f17) x30 0x8000fd6c
core   0: 0x80009d70 (0x283f2a23) sw      gp, 660(t5)
core   0: 3 0x80009d70 (0x283f2a23) mem 0x80010000 0x00000001
core   0: 0x80009d74 (0xff9ff06f) j       pc - 0x8
core   0: 3 0x80009d74 (0xff9ff06f)
core   0: 0x80009d6c (0x00006f17) auipc   t5, 0x6
core   0: 3 0x80009d6c (0x00006f17) x30 0x8000fd6c
core   0: 0x80009d70 (0x283f2a23) sw      gp, 660(t5)
core   0: 3 0x80009d70 (0x283f2a23) mem 0x80010000 0x00000001
core   0: 0x80009d74 (0xff9ff06f) j       pc - 0x8
core   0: 3 0x80009d74 (0xff9ff06f)
core   0: 0x80009d6c (0x00006f17) auipc   t5, 0x6
core   0: 3 0x80009d6c (0x00006f17) x30 0x8000fd6c
core   0: 0x80009d70 (0x283f2a23) sw      gp, 660(t5)
core   0: 3 0x80009d70 (0x283f2a23) mem 0x80010000 0x00000001
core   0: 0x80009d74 (0xff9ff06f) j       pc - 0x8
core   0: 3 0x80009d74 (0xff9ff06f)
core   0: 0x80009d6c (0x00006f17) auipc   t5, 0x6
core   0: 3 0x80009d6c (0x00006f17) x30 0x8000fd6c
core   0: 0x80009d70 (0x283f2a23) sw      gp, 660(t5)
core   0: 3 0x80009d70 (0x283f2a23) mem 0x80010000 0x00000001
core   0: 0x80009d74 (0xff9ff06f) j       pc - 0x8
core   0: 3 0x80009d74 (0xff9ff06f)
core   0: 0x80009d6c (0x00006f17) auipc   t5, 0x6
core   0: 3 0x80009d6c (0x00006f17) x30 0x8000fd6c
core   0: 0x80009d70 (0x283f2a23) sw      gp, 660(t5)
core   0: 3 0x80009d70 (0x283f2a23) mem 0x80010000 0x00000001
core   0: 0x80009d74 (0xff9ff06f) j       pc - 0x8
core   0: 3 0x80009d74 (0xff9ff06f)
core   0: 0x80009d6c (0x00006f17) auipc   t5, 0x6
core   0: 3 0x80009d6c (0x00006f17) x30 0x8000fd6c
core   0: 0x80009d70 (0x283f2a23) sw      gp, 660(t5)
core   0: 3 0x80009d70 (0x283f2a23) mem 0x80010000 0x00000001
core   0: 0x80009d74 (0xff9ff06f) j       pc - 0x8
core   0: 3 0x80009d74 (0xff9ff06f)
core   0: 0x80009d6c (0x00006f17) auipc   t5, 0x6
core   0: 3 0x80009d6c (0x00006f17) x30 0x8000fd6c
core   0: 0x80009d70 (0x283f2a23) sw      gp, 660(t5)
core   0: 3 0x80009d70 (0x283f2a23) mem 0x80010000 0x00000001
core   0: 0x80009d74 (0xff9ff06f) j       pc - 0x8
core   0: 3 0x80009d74 (0xff9ff06f)
core   0: 0x80009d6c (0x00006f17) auipc   t5, 0x6
core   0: 3 0x80009d6c (0x00006f17) x30 0x8000fd6c
core   0: 0x80009d70 (0x283f2a23) sw      gp, 660(t5)
core   0: 3 0x80009d70 (0x283f2a23) mem 0x80010000 0x00000001
core   0: 0x80009d74 (0xff9ff06f) j       pc - 0x8
core   0: 3 0x80009d74 (0xff9ff06f)
core   0: 0x80009d6c (0x00006f17) auipc   t5, 0x6
core   0: 3 0x80009d6c (0x00006f17) x30 0x8000fd6c
core   0: 0x80009d70 (0x283f2a23) sw      gp, 660(t5)
core   0: 3 0x80009d70 (0x283f2a23) mem 0x80010000 0x00000001
core   0: 0x80009d74 (0xff9ff06f) j       pc - 0x8
core   0: 3 0x80009d74 (0xff9ff06f)
core   0: 0x80009d6c (0x00006f17) auipc   t5, 0x6
core   0: 3 0x80009d6c (0x00006f17) x30 0x8000fd6c
core   0: 0x80009d70 (0x283f2a23) sw      gp, 660(t5)
core   0: 3 0x80009d70 (0x283f2a23) mem 0x80010000 0x00000001
core   0: 0x80009d74 (0xff9ff06f) j       pc - 0x8
core   0: 3 0x80009d74 (0xff9ff06f)
core   0: 0x80009d6c (0x00006f17) auipc   t5, 0x6
core   0: 3 0x80009d6c (0x00006f17) x30 0x8000fd6c
core   0: 0x80009d70 (0x283f2a23) sw      gp, 660(t5)
core   0: 3 0x80009d70 (0x283f2a23) mem 0x80010000 0x00000001
core   0: 0x80009d74 (0xff9ff06f) j       pc - 0x8
core   0: 3 0x80009d74 (0xff9ff06f)
core   0: 0x80009d6c (0x00006f17) auipc   t5, 0x6
core   0: 3 0x80009d6c (0x00006f17) x30 0x8000fd6c
core   0: 0x80009d70 (0x283f2a23) sw      gp, 660(t5)
core   0: 3 0x80009d70 (0x283f2a23) mem 0x80010000 0x00000001
core   0: 0x80009d74 (0xff9ff06f) j       pc - 0x8
core   0: 3 0x80009d74 (0xff9ff06f)
core   0: 0x80009d6c (0x00006f17) auipc   t5, 0x6
core   0: 3 0x80009d6c (0x00006f17) x30 0x8000fd6c
core   0: 0x80009d70 (0x283f2a23) sw      gp, 660(t5)
core   0: 3 0x80009d70 (0x283f2a23) mem 0x80010000 0x00000001
core   0: 0x80009d74 (0xff9ff06f) j       pc - 0x8
core   0: 3 0x80009d74 (0xff9ff06f)
core   0: 0x80009d6c (0x00006f17) auipc   t5, 0x6
core   0: 3 0x80009d6c (0x00006f17) x30 0x8000fd6c
core   0: 0x80009d70 (0x283f2a23) sw      gp, 660(t5)
core   0: 3 0x80009d70 (0x283f2a23) mem 0x80010000 0x00000001
core   0: 0x80009d74 (0xff9ff06f) j       pc - 0x8
core   0: 3 0x80009d74 (0xff9ff06f)
core   0: 0x80009d6c (0x00006f17) auipc   t5, 0x6
core   0: 3 0x80009d6c (0x00006f17) x30 0x8000fd6c
core   0: 0x80009d70 (0x283f2a23) sw      gp, 660(t5)
core   0: 3 0x80009d70 (0x283f2a23) mem 0x80010000 0x00000001
core   0: 0x80009d74 (0xff9ff06f) j       pc - 0x8
core   0: 3 0x80009d74 (0xff9ff06f)
core   0: 0x80009d6c (0x00006f17) auipc   t5, 0x6
core   0: 3 0x80009d6c (0x00006f17) x30 0x8000fd6c
core   0: 0x80009d70 (0x283f2a23) sw      gp, 660(t5)
core   0: 3 0x80009d70 (0x283f2a23) mem 0x80010000 0x00000001
core   0: 0x80009d74 (0xff9ff06f) j       pc - 0x8
core   0: 3 0x80009d74 (0xff9ff06f)
core   0: 0x80009d6c (0x00006f17) auipc   t5, 0x6
core   0: 3 0x80009d6c (0x00006f17) x30 0x8000fd6c
core   0: 0x80009d70 (0x283f2a23) sw      gp, 660(t5)
core   0: 3 0x80009d70 (0x283f2a23) mem 0x80010000 0x00000001
core   0: 0x80009d74 (0xff9ff06f) j       pc - 0x8
core   0: 3 0x80009d74 (0xff9ff06f)
core   0: 0x80009d6c (0x00006f17) auipc   t5, 0x6
core   0: 3 0x80009d6c (0x00006f17) x30 0x8000fd6c
core   0: 0x80009d70 (0x283f2a23) sw      gp, 660(t5)
core   0: 3 0x80009d70 (0x283f2a23) mem 0x80010000 0x00000001
core   0: 0x80009d74 (0xff9ff06f) j       pc - 0x8
core   0: 3 0x80009d74 (0xff9ff06f)
core   0: 0x80009d6c (0x00006f17) auipc   t5, 0x6
core   0: 3 0x80009d6c (0x00006f17) x30 0x8000fd6c
core   0: 0x80009d70 (0x283f2a23) sw      gp, 660(t5)
core   0: 3 0x80009d70 (0x283f2a23) mem 0x80010000 0x00000001
core   0: 0x80009d74 (0xff9ff06f) j       pc - 0x8
core   0: 3 0x80009d74 (0xff9ff06f)
core   0: 0x80009d6c (0x00006f17) auipc   t5, 0x6
core   0: 3 0x80009d6c (0x00006f17) x30 0x8000fd6c
core   0: 0x80009d70 (0x283f2a23) sw      gp, 660(t5)
core   0: 3 0x80009d70 (0x283f2a23) mem 0x80010000 0x00000001
core   0: 0x80009d74 (0xff9ff06f) j       pc - 0x8
core   0: 3 0x80009d74 (0xff9ff06f)
core   0: 0x80009d6c (0x00006f17) auipc   t5, 0x6
core   0: 3 0x80009d6c (0x00006f17) x30 0x8000fd6c
core   0: 0x80009d70 (0x283f2a23) sw      gp, 660(t5)
core   0: 3 0x80009d70 (0x283f2a23) mem 0x80010000 0x00000001
core   0: 0x80009d74 (0xff9ff06f) j       pc - 0x8
core   0: 3 0x80009d74 (0xff9ff06f)
core   0: 0x80009d6c (0x00006f17) auipc   t5, 0x6
core   0: 3 0x80009d6c (0x00006f17) x30 0x8000fd6c
core   0: 0x80009d70 (0x283f2a23) sw      gp, 660(t5)
core   0: 3 0x80009d70 (0x283f2a23) mem 0x80010000 0x00000001
core   0: 0x80009d74 (0xff9ff06f) j       pc - 0x8
core   0: 3 0x80009d74 (0xff9ff06f)
core   0: 0x80009d6c (0x00006f17) auipc   t5, 0x6
core   0: 3 0x80009d6c (0x00006f17) x30 0x8000fd6c
core   0: 0x80009d70 (0x283f2a23) sw      gp, 660(t5)
core   0: 3 0x80009d70 (0x283f2a23) mem 0x80010000 0x00000001
core   0: 0x80009d74 (0xff9ff06f) j       pc - 0x8
core   0: 3 0x80009d74 (0xff9ff06f)
core   0: 0x80009d6c (0x00006f17) auipc   t5, 0x6
core   0: 3 0x80009d6c (0x00006f17) x30 0x8000fd6c
core   0: 0x80009d70 (0x283f2a23) sw      gp, 660(t5)
core   0: 3 0x80009d70 (0x283f2a23) mem 0x80010000 0x00000001
core   0: 0x80009d74 (0xff9ff06f) j       pc - 0x8
core   0: 3 0x80009d74 (0xff9ff06f)
core   0: 0x80009d6c (0x00006f17) auipc   t5, 0x6
core   0: 3 0x80009d6c (0x00006f17) x30 0x8000fd6c
core   0: 0x80009d70 (0x283f2a23) sw      gp, 660(t5)
core   0: 3 0x80009d70 (0x283f2a23) mem 0x80010000 0x00000001
core   0: 0x80009d74 (0xff9ff06f) j       pc - 0x8
core   0: 3 0x80009d74 (0xff9ff06f)
core   0: 0x80009d6c (0x00006f17) auipc   t5, 0x6
core   0: 3 0x80009d6c (0x00006f17) x30 0x8000fd6c
core   0: 0x80009d70 (0x283f2a23) sw      gp, 660(t5)
core   0: 3 0x80009d70 (0x283f2a23) mem 0x80010000 0x00000001
core   0: 0x80009d74 (0xff9ff06f) j       pc - 0x8
core   0: 3 0x80009d74 (0xff9ff06f)
core   0: 0x80009d6c (0x00006f17) auipc   t5, 0x6
core   0: 3 0x80009d6c (0x00006f17) x30 0x8000fd6c
core   0: 0x80009d70 (0x283f2a23) sw      gp, 660(t5)
core   0: 3 0x80009d70 (0x283f2a23) mem 0x80010000 0x00000001
core   0: 0x80009d74 (0xff9ff06f) j       pc - 0x8
core   0: 3 0x80009d74 (0xff9ff06f)
core   0: 0x80009d6c (0x00006f17) auipc   t5, 0x6
core   0: 3 0x80009d6c (0x00006f17) x30 0x8000fd6c
core   0: 0x80009d70 (0x283f2a23) sw      gp, 660(t5)
core   0: 3 0x80009d70 (0x283f2a23) mem 0x80010000 0x00000001
core   0: 0x80009d74 (0xff9ff06f) j       pc - 0x8
core   0: 3 0x80009d74 (0xff9ff06f)
core   0: 0x80009d6c (0x00006f17) auipc   t5, 0x6
core   0: 3 0x80009d6c (0x00006f17) x30 0x8000fd6c
core   0: 0x80009d70 (0x283f2a23) sw      gp, 660(t5)
core   0: 3 0x80009d70 (0x283f2a23) mem 0x80010000 0x00000001
core   0: 0x80009d74 (0xff9ff06f) j       pc - 0x8
core   0: 3 0x80009d74 (0xff9ff06f)
core   0: 0x80009d6c (0x00006f17) auipc   t5, 0x6
core   0: 3 0x80009d6c (0x00006f17) x30 0x8000fd6c
core   0: 0x80009d70 (0x283f2a23) sw      gp, 660(t5)
core   0: 3 0x80009d70 (0x283f2a23) mem 0x80010000 0x00000001
core   0: 0x80009d74 (0xff9ff06f) j       pc - 0x8
core   0: 3 0x80009d74 (0xff9ff06f)
core   0: 0x80009d6c (0x00006f17) auipc   t5, 0x6
core   0: 3 0x80009d6c (0x00006f17) x30 0x8000fd6c
core   0: 0x80009d70 (0x283f2a23) sw      gp, 660(t5)
core   0: 3 0x80009d70 (0x283f2a23) mem 0x80010000 0x00000001
core   0: 0x80009d74 (0xff9ff06f) j       pc - 0x8
core   0: 3 0x80009d74 (0xff9ff06f)
core   0: 0x80009d6c (0x00006f17) auipc   t5, 0x6
core   0: 3 0x80009d6c (0x00006f17) x30 0x8000fd6c
core   0: 0x80009d70 (0x283f2a23) sw      gp, 660(t5)
core   0: 3 0x80009d70 (0x283f2a23) mem 0x80010000 0x00000001
core   0: 0x80009d74 (0xff9ff06f) j       pc - 0x8
core   0: 3 0x80009d74 (0xff9ff06f)
core   0: 0x80009d6c (0x00006f17) auipc   t5, 0x6
core   0: 3 0x80009d6c (0x00006f17) x30 0x8000fd6c
core   0: 0x80009d70 (0x283f2a23) sw      gp, 660(t5)
core   0: 3 0x80009d70 (0x283f2a23) mem 0x80010000 0x00000001
core   0: 0x80009d74 (0xff9ff06f) j       pc - 0x8
core   0: 3 0x80009d74 (0xff9ff06f)
core   0: 0x80009d6c (0x00006f17) auipc   t5, 0x6
core   0: 3 0x80009d6c (0x00006f17) x30 0x8000fd6c
core   0: 0x80009d70 (0x283f2a23) sw      gp, 660(t5)
core   0: 3 0x80009d70 (0x283f2a23) mem 0x80010000 0x00000001
core   0: 0x80009d74 (0xff9ff06f) j       pc - 0x8
core   0: 3 0x80009d74 (0xff9ff06f)
core   0: 0x80009d6c (0x00006f17) auipc   t5, 0x6
core   0: 3 0x80009d6c (0x00006f17) x30 0x8000fd6c
core   0: 0x80009d70 (0x283f2a23) sw      gp, 660(t5)
core   0: 3 0x80009d70 (0x283f2a23) mem 0x80010000 0x00000001
core   0: 0x80009d74 (0xff9ff06f) j       pc - 0x8
core   0: 3 0x80009d74 (0xff9ff06f)
core   0: 0x80009d6c (0x00006f17) auipc   t5, 0x6
core   0: 3 0x80009d6c (0x00006f17) x30 0x8000fd6c
core   0: 0x80009d70 (0x283f2a23) sw      gp, 660(t5)
core   0: 3 0x80009d70 (0x283f2a23) mem 0x80010000 0x00000001
core   0: 0x80009d74 (0xff9ff06f) j       pc - 0x8
core   0: 3 0x80009d74 (0xff9ff06f)
core   0: 0x80009d6c (0x00006f17) auipc   t5, 0x6
core   0: 3 0x80009d6c (0x00006f17) x30 0x8000fd6c
core   0: 0x80009d70 (0x283f2a23) sw      gp, 660(t5)
core   0: 3 0x80009d70 (0x283f2a23) mem 0x80010000 0x00000001
core   0: 0x80009d74 (0xff9ff06f) j       pc - 0x8
core   0: 3 0x80009d74 (0xff9ff06f)
core   0: 0x80009d6c (0x00006f17) auipc   t5, 0x6
core   0: 3 0x80009d6c (0x00006f17) x30 0x8000fd6c
core   0: 0x80009d70 (0x283f2a23) sw      gp, 660(t5)
core   0: 3 0x80009d70 (0x283f2a23) mem 0x80010000 0x00000001
core   0: 0x80009d74 (0xff9ff06f) j       pc - 0x8
core   0: 3 0x80009d74 (0xff9ff06f)
core   0: 0x80009d6c (0x00006f17) auipc   t5, 0x6
core   0: 3 0x80009d6c (0x00006f17) x30 0x8000fd6c
core   0: 0x80009d70 (0x283f2a23) sw      gp, 660(t5)
core   0: 3 0x80009d70 (0x283f2a23) mem 0x80010000 0x00000001
core   0: 0x80009d74 (0xff9ff06f) j       pc - 0x8
core   0: 3 0x80009d74 (0xff9ff06f)
core   0: 0x80009d6c (0x00006f17) auipc   t5, 0x6
core   0: 3 0x80009d6c (0x00006f17) x30 0x8000fd6c
core   0: 0x80009d70 (0x283f2a23) sw      gp, 660(t5)
core   0: 3 0x80009d70 (0x283f2a23) mem 0x80010000 0x00000001
core   0: 0x80009d74 (0xff9ff06f) j       pc - 0x8
core   0: 3 0x80009d74 (0xff9ff06f)
core   0: 0x80009d6c (0x00006f17) auipc   t5, 0x6
core   0: 3 0x80009d6c (0x00006f17) x30 0x8000fd6c
core   0: 0x80009d70 (0x283f2a23) sw      gp, 660(t5)
core   0: 3 0x80009d70 (0x283f2a23) mem 0x80010000 0x00000001
core   0: 0x80009d74 (0xff9ff06f) j       pc - 0x8
core   0: 3 0x80009d74 (0xff9ff06f)
core   0: 0x80009d6c (0x00006f17) auipc   t5, 0x6
core   0: 3 0x80009d6c (0x00006f17) x30 0x8000fd6c
core   0: 0x80009d70 (0x283f2a23) sw      gp, 660(t5)
core   0: 3 0x80009d70 (0x283f2a23) mem 0x80010000 0x00000001
core   0: 0x80009d74 (0xff9ff06f) j       pc - 0x8
core   0: 3 0x80009d74 (0xff9ff06f)
core   0: 0x80009d6c (0x00006f17) auipc   t5, 0x6
core   0: 3 0x80009d6c (0x00006f17) x30 0x8000fd6c
core   0: 0x80009d70 (0x283f2a23) sw      gp, 660(t5)
core   0: 3 0x80009d70 (0x283f2a23) mem 0x80010000 0x00000001
core   0: 0x80009d74 (0xff9ff06f) j       pc - 0x8
core   0: 3 0x80009d74 (0xff9ff06f)
core   0: 0x80009d6c (0x00006f17) auipc   t5, 0x6
core   0: 3 0x80009d6c (0x00006f17) x30 0x8000fd6c
core   0: 0x80009d70 (0x283f2a23) sw      gp, 660(t5)
core   0: 3 0x80009d70 (0x283f2a23) mem 0x80010000 0x00000001
core   0: 0x80009d74 (0xff9ff06f) j       pc - 0x8
core   0: 3 0x80009d74 (0xff9ff06f)
core   0: 0x80009d6c (0x00006f17) auipc   t5, 0x6
core   0: 3 0x80009d6c (0x00006f17) x30 0x8000fd6c
core   0: 0x80009d70 (0x283f2a23) sw      gp, 660(t5)
core   0: 3 0x80009d70 (0x283f2a23) mem 0x80010000 0x00000001
core   0: 0x80009d74 (0xff9ff06f) j       pc - 0x8
core   0: 3 0x80009d74 (0xff9ff06f)
core   0: 0x80009d6c (0x00006f17) auipc   t5, 0x6
core   0: 3 0x80009d6c (0x00006f17) x30 0x8000fd6c
core   0: 0x80009d70 (0x283f2a23) sw      gp, 660(t5)
core   0: 3 0x80009d70 (0x283f2a23) mem 0x80010000 0x00000001
core   0: 0x80009d74 (0xff9ff06f) j       pc - 0x8
core   0: 3 0x80009d74 (0xff9ff06f)
core   0: 0x80009d6c (0x00006f17) auipc   t5, 0x6
core   0: 3 0x80009d6c (0x00006f17) x30 0x8000fd6c
core   0: 0x80009d70 (0x283f2a23) sw      gp, 660(t5)
core   0: 3 0x80009d70 (0x283f2a23) mem 0x80010000 0x00000001
core   0: 0x80009d74 (0xff9ff06f) j       pc - 0x8
core   0: 3 0x80009d74 (0xff9ff06f)
core   0: 0x80009d6c (0x00006f17) auipc   t5, 0x6
core   0: 3 0x80009d6c (0x00006f17) x30 0x8000fd6c
core   0: 0x80009d70 (0x283f2a23) sw      gp, 660(t5)
core   0: 3 0x80009d70 (0x283f2a23) mem 0x80010000 0x00000001
core   0: 0x80009d74 (0xff9ff06f) j       pc - 0x8
core   0: 3 0x80009d74 (0xff9ff06f)
core   0: 0x80009d6c (0x00006f17) auipc   t5, 0x6
core   0: 3 0x80009d6c (0x00006f17) x30 0x8000fd6c
core   0: 0x80009d70 (0x283f2a23) sw      gp, 660(t5)
core   0: 3 0x80009d70 (0x283f2a23) mem 0x80010000 0x00000001
core   0: 0x80009d74 (0xff9ff06f) j       pc - 0x8
core   0: 3 0x80009d74 (0xff9ff06f)
core   0: 0x80009d6c (0x00006f17) auipc   t5, 0x6
core   0: 3 0x80009d6c (0x00006f17) x30 0x8000fd6c
core   0: 0x80009d70 (0x283f2a23) sw      gp, 660(t5)
core   0: 3 0x80009d70 (0x283f2a23) mem 0x80010000 0x00000001
core   0: 0x80009d74 (0xff9ff06f) j       pc - 0x8
core   0: 3 0x80009d74 (0xff9ff06f)
core   0: 0x80009d6c (0x00006f17) auipc   t5, 0x6
core   0: 3 0x80009d6c (0x00006f17) x30 0x8000fd6c
core   0: 0x80009d70 (0x283f2a23) sw      gp, 660(t5)
core   0: 3 0x80009d70 (0x283f2a23) mem 0x80010000 0x00000001
core   0: 0x80009d74 (0xff9ff06f) j       pc - 0x8
core   0: 3 0x80009d74 (0xff9ff06f)
core   0: 0x80009d6c (0x00006f17) auipc   t5, 0x6
core   0: 3 0x80009d6c (0x00006f17) x30 0x8000fd6c
core   0: 0x80009d70 (0x283f2a23) sw      gp, 660(t5)
core   0: 3 0x80009d70 (0x283f2a23) mem 0x80010000 0x00000001
core   0: 0x80009d74 (0xff9ff06f) j       pc - 0x8
core   0: 3 0x80009d74 (0xff9ff06f)
core   0: 0x80009d6c (0x00006f17) auipc   t5, 0x6
core   0: 3 0x80009d6c (0x00006f17) x30 0x8000fd6c
core   0: 0x80009d70 (0x283f2a23) sw      gp, 660(t5)
core   0: 3 0x80009d70 (0x283f2a23) mem 0x80010000 0x00000001
core   0: 0x80009d74 (0xff9ff06f) j       pc - 0x8
core   0: 3 0x80009d74 (0xff9ff06f)
core   0: 0x80009d6c (0x00006f17) auipc   t5, 0x6
core   0: 3 0x80009d6c (0x00006f17) x30 0x8000fd6c
core   0: 0x80009d70 (0x283f2a23) sw      gp, 660(t5)
core   0: 3 0x80009d70 (0x283f2a23) mem 0x80010000 0x00000001
core   0: 0x80009d74 (0xff9ff06f) j       pc - 0x8
core   0: 3 0x80009d74 (0xff9ff06f)
core   0: 0x80009d6c (0x00006f17) auipc   t5, 0x6
core   0: 3 0x80009d6c (0x00006f17) x30 0x8000fd6c
core   0: 0x80009d70 (0x283f2a23) sw      gp, 660(t5)
core   0: 3 0x80009d70 (0x283f2a23) mem 0x80010000 0x00000001
core   0: 0x80009d74 (0xff9ff06f) j       pc - 0x8
core   0: 3 0x80009d74 (0xff9ff06f)
core   0: 0x80009d6c (0x00006f17) auipc   t5, 0x6
core   0: 3 0x80009d6c (0x00006f17) x30 0x8000fd6c
core   0: 0x80009d70 (0x283f2a23) sw      gp, 660(t5)
core   0: 3 0x80009d70 (0x283f2a23) mem 0x80010000 0x00000001
core   0: 0x80009d74 (0xff9ff06f) j       pc - 0x8
core   0: 3 0x80009d74 (0xff9ff06f)
core   0: 0x80009d6c (0x00006f17) auipc   t5, 0x6
core   0: 3 0x80009d6c (0x00006f17) x30 0x8000fd6c
core   0: 0x80009d70 (0x283f2a23) sw      gp, 660(t5)
core   0: 3 0x80009d70 (0x283f2a23) mem 0x80010000 0x00000001
core   0: 0x80009d74 (0xff9ff06f) j       pc - 0x8
core   0: 3 0x80009d74 (0xff9ff06f)
core   0: 0x80009d6c (0x00006f17) auipc   t5, 0x6
core   0: 3 0x80009d6c (0x00006f17) x30 0x8000fd6c
core   0: 0x80009d70 (0x283f2a23) sw      gp, 660(t5)
core   0: 3 0x80009d70 (0x283f2a23) mem 0x80010000 0x00000001
core   0: 0x80009d74 (0xff9ff06f) j       pc - 0x8
core   0: 3 0x80009d74 (0xff9ff06f)
core   0: 0x80009d6c (0x00006f17) auipc   t5, 0x6
core   0: 3 0x80009d6c (0x00006f17) x30 0x8000fd6c
core   0: 0x80009d70 (0x283f2a23) sw      gp, 660(t5)
core   0: 3 0x80009d70 (0x283f2a23) mem 0x80010000 0x00000001
core   0: 0x80009d74 (0xff9ff06f) j       pc - 0x8
core   0: 3 0x80009d74 (0xff9ff06f)
core   0: 0x80009d6c (0x00006f17) auipc   t5, 0x6
core   0: 3 0x80009d6c (0x00006f17) x30 0x8000fd6c
core   0: 0x80009d70 (0x283f2a23) sw      gp, 660(t5)
core   0: 3 0x80009d70 (0x283f2a23) mem 0x80010000 0x00000001
core   0: 0x80009d74 (0xff9ff06f) j       pc - 0x8
core   0: 3 0x80009d74 (0xff9ff06f)
core   0: 0x80009d6c (0x00006f17) auipc   t5, 0x6
core   0: 3 0x80009d6c (0x00006f17) x30 0x8000fd6c
core   0: 0x80009d70 (0x283f2a23) sw      gp, 660(t5)
core   0: 3 0x80009d70 (0x283f2a23) mem 0x80010000 0x00000001
core   0: 0x80009d74 (0xff9ff06f) j       pc - 0x8
core   0: 3 0x80009d74 (0xff9ff06f)
core   0: 0x80009d6c (0x00006f17) auipc   t5, 0x6
core   0: 3 0x80009d6c (0x00006f17) x30 0x8000fd6c
core   0: 0x80009d70 (0x283f2a23) sw      gp, 660(t5)
core   0: 3 0x80009d70 (0x283f2a23) mem 0x80010000 0x00000001
core   0: 0x80009d74 (0xff9ff06f) j       pc - 0x8
core   0: 3 0x80009d74 (0xff9ff06f)
core   0: 0x80009d6c (0x00006f17) auipc   t5, 0x6
core   0: 3 0x80009d6c (0x00006f17) x30 0x8000fd6c
core   0: 0x80009d70 (0x283f2a23) sw      gp, 660(t5)
core   0: 3 0x80009d70 (0x283f2a23) mem 0x80010000 0x00000001
core   0: 0x80009d74 (0xff9ff06f) j       pc - 0x8
core   0: 3 0x80009d74 (0xff9ff06f)
core   0: 0x80009d6c (0x00006f17) auipc   t5, 0x6
core   0: 3 0x80009d6c (0x00006f17) x30 0x8000fd6c
core   0: 0x80009d70 (0x283f2a23) sw      gp, 660(t5)
core   0: 3 0x80009d70 (0x283f2a23) mem 0x80010000 0x00000001
core   0: 0x80009d74 (0xff9ff06f) j       pc - 0x8
core   0: 3 0x80009d74 (0xff9ff06f)
core   0: 0x80009d6c (0x00006f17) auipc   t5, 0x6
core   0: 3 0x80009d6c (0x00006f17) x30 0x8000fd6c
core   0: 0x80009d70 (0x283f2a23) sw      gp, 660(t5)
core   0: 3 0x80009d70 (0x283f2a23) mem 0x80010000 0x00000001
core   0: 0x80009d74 (0xff9ff06f) j       pc - 0x8
core   0: 3 0x80009d74 (0xff9ff06f)
core   0: 0x80009d6c (0x00006f17) auipc   t5, 0x6
core   0: 3 0x80009d6c (0x00006f17) x30 0x8000fd6c
core   0: 0x80009d70 (0x283f2a23) sw      gp, 660(t5)
core   0: 3 0x80009d70 (0x283f2a23) mem 0x80010000 0x00000001
core   0: 0x80009d74 (0xff9ff06f) j       pc - 0x8
core   0: 3 0x80009d74 (0xff9ff06f)
core   0: 0x80009d6c (0x00006f17) auipc   t5, 0x6
core   0: 3 0x80009d6c (0x00006f17) x30 0x8000fd6c
core   0: 0x80009d70 (0x283f2a23) sw      gp, 660(t5)
core   0: 3 0x80009d70 (0x283f2a23) mem 0x80010000 0x00000001
core   0: 0x80009d74 (0xff9ff06f) j       pc - 0x8
core   0: 3 0x80009d74 (0xff9ff06f)
core   0: 0x80009d6c (0x00006f17) auipc   t5, 0x6
core   0: 3 0x80009d6c (0x00006f17) x30 0x8000fd6c
core   0: 0x80009d70 (0x283f2a23) sw      gp, 660(t5)
core   0: 3 0x80009d70 (0x283f2a23) mem 0x80010000 0x00000001
core   0: 0x80009d74 (0xff9ff06f) j       pc - 0x8
core   0: 3 0x80009d74 (0xff9ff06f)
core   0: 0x80009d6c (0x00006f17) auipc   t5, 0x6
core   0: 3 0x80009d6c (0x00006f17) x30 0x8000fd6c
core   0: 0x80009d70 (0x283f2a23) sw      gp, 660(t5)
core   0: 3 0x80009d70 (0x283f2a23) mem 0x80010000 0x00000001
core   0: 0x80009d74 (0xff9ff06f) j       pc - 0x8
core   0: 3 0x80009d74 (0xff9ff06f)
core   0: 0x80009d6c (0x00006f17) auipc   t5, 0x6
core   0: 3 0x80009d6c (0x00006f17) x30 0x8000fd6c
core   0: 0x80009d70 (0x283f2a23) sw      gp, 660(t5)
core   0: 3 0x80009d70 (0x283f2a23) mem 0x80010000 0x00000001
core   0: 0x80009d74 (0xff9ff06f) j       pc - 0x8
core   0: 3 0x80009d74 (0xff9ff06f)
core   0: 0x80009d6c (0x00006f17) auipc   t5, 0x6
core   0: 3 0x80009d6c (0x00006f17) x30 0x8000fd6c
core   0: 0x80009d70 (0x283f2a23) sw      gp, 660(t5)
core   0: 3 0x80009d70 (0x283f2a23) mem 0x80010000 0x00000001
core   0: 0x80009d74 (0xff9ff06f) j       pc - 0x8
core   0: 3 0x80009d74 (0xff9ff06f)
core   0: 0x80009d6c (0x00006f17) auipc   t5, 0x6
core   0: 3 0x80009d6c (0x00006f17) x30 0x8000fd6c
core   0: 0x80009d70 (0x283f2a23) sw      gp, 660(t5)
core   0: 3 0x80009d70 (0x283f2a23) mem 0x80010000 0x00000001
core   0: 0x80009d74 (0xff9ff06f) j       pc - 0x8
core   0: 3 0x80009d74 (0xff9ff06f)
core   0: 0x80009d6c (0x00006f17) auipc   t5, 0x6
core   0: 3 0x80009d6c (0x00006f17) x30 0x8000fd6c
core   0: 0x80009d70 (0x283f2a23) sw      gp, 660(t5)
core   0: 3 0x80009d70 (0x283f2a23) mem 0x80010000 0x00000001
core   0: 0x80009d74 (0xff9ff06f) j       pc - 0x8
core   0: 3 0x80009d74 (0xff9ff06f)
core   0: 0x80009d6c (0x00006f17) auipc   t5, 0x6
core   0: 3 0x80009d6c (0x00006f17) x30 0x8000fd6c
core   0: 0x80009d70 (0x283f2a23) sw      gp, 660(t5)
core   0: 3 0x80009d70 (0x283f2a23) mem 0x80010000 0x00000001
core   0: 0x80009d74 (0xff9ff06f) j       pc - 0x8
core   0: 3 0x80009d74 (0xff9ff06f)
core   0: 0x80009d6c (0x00006f17) auipc   t5, 0x6
core   0: 3 0x80009d6c (0x00006f17) x30 0x8000fd6c
core   0: 0x80009d70 (0x283f2a23) sw      gp, 660(t5)
core   0: 3 0x80009d70 (0x283f2a23) mem 0x80010000 0x00000001
core   0: 0x80009d74 (0xff9ff06f) j       pc - 0x8
core   0: 3 0x80009d74 (0xff9ff06f)
core   0: 0x80009d6c (0x00006f17) auipc   t5, 0x6
core   0: 3 0x80009d6c (0x00006f17) x30 0x8000fd6c
core   0: 0x80009d70 (0x283f2a23) sw      gp, 660(t5)
core   0: 3 0x80009d70 (0x283f2a23) mem 0x80010000 0x00000001
core   0: 0x80009d74 (0xff9ff06f) j       pc - 0x8
core   0: 3 0x80009d74 (0xff9ff06f)
core   0: 0x80009d6c (0x00006f17) auipc   t5, 0x6
core   0: 3 0x80009d6c (0x00006f17) x30 0x8000fd6c
core   0: 0x80009d70 (0x283f2a23) sw      gp, 660(t5)
core   0: 3 0x80009d70 (0x283f2a23) mem 0x80010000 0x00000001
core   0: 0x80009d74 (0xff9ff06f) j       pc - 0x8
core   0: 3 0x80009d74 (0xff9ff06f)
core   0: 0x80009d6c (0x00006f17) auipc   t5, 0x6
core   0: 3 0x80009d6c (0x00006f17) x30 0x8000fd6c
core   0: 0x80009d70 (0x283f2a23) sw      gp, 660(t5)
core   0: 3 0x80009d70 (0x283f2a23) mem 0x80010000 0x00000001
core   0: 0x80009d74 (0xff9ff06f) j       pc - 0x8
core   0: 3 0x80009d74 (0xff9ff06f)
core   0: 0x80009d6c (0x00006f17) auipc   t5, 0x6
core   0: 3 0x80009d6c (0x00006f17) x30 0x8000fd6c
core   0: 0x80009d70 (0x283f2a23) sw      gp, 660(t5)
core   0: 3 0x80009d70 (0x283f2a23) mem 0x80010000 0x00000001
core   0: 0x80009d74 (0xff9ff06f) j       pc - 0x8
core   0: 3 0x80009d74 (0xff9ff06f)
core   0: 0x80009d6c (0x00006f17) auipc   t5, 0x6
core   0: 3 0x80009d6c (0x00006f17) x30 0x8000fd6c
core   0: 0x80009d70 (0x283f2a23) sw      gp, 660(t5)
core   0: 3 0x80009d70 (0x283f2a23) mem 0x80010000 0x00000001
core   0: 0x80009d74 (0xff9ff06f) j       pc - 0x8
core   0: 3 0x80009d74 (0xff9ff06f)
core   0: 0x80009d6c (0x00006f17) auipc   t5, 0x6
core   0: 3 0x80009d6c (0x00006f17) x30 0x8000fd6c
core   0: 0x80009d70 (0x283f2a23) sw      gp, 660(t5)
core   0: 3 0x80009d70 (0x283f2a23) mem 0x80010000 0x00000001
core   0: 0x80009d74 (0xff9ff06f) j       pc - 0x8
core   0: 3 0x80009d74 (0xff9ff06f)
core   0: 0x80009d6c (0x00006f17) auipc   t5, 0x6
core   0: 3 0x80009d6c (0x00006f17) x30 0x8000fd6c
core   0: 0x80009d70 (0x283f2a23) sw      gp, 660(t5)
core   0: 3 0x80009d70 (0x283f2a23) mem 0x80010000 0x00000001
core   0: 0x80009d74 (0xff9ff06f) j       pc - 0x8
core   0: 3 0x80009d74 (0xff9ff06f)
core   0: 0x80009d6c (0x00006f17) auipc   t5, 0x6
core   0: 3 0x80009d6c (0x00006f17) x30 0x8000fd6c
core   0: 0x80009d70 (0x283f2a23) sw      gp, 660(t5)
core   0: 3 0x80009d70 (0x283f2a23) mem 0x80010000 0x00000001
core   0: 0x80009d74 (0xff9ff06f) j       pc - 0x8
core   0: 3 0x80009d74 (0xff9ff06f)
core   0: 0x80009d6c (0x00006f17) auipc   t5, 0x6
core   0: 3 0x80009d6c (0x00006f17) x30 0x8000fd6c
core   0: 0x80009d70 (0x283f2a23) sw      gp, 660(t5)
core   0: 3 0x80009d70 (0x283f2a23) mem 0x80010000 0x00000001
core   0: 0x80009d74 (0xff9ff06f) j       pc - 0x8
core   0: 3 0x80009d74 (0xff9ff06f)
core   0: 0x80009d6c (0x00006f17) auipc   t5, 0x6
core   0: 3 0x80009d6c (0x00006f17) x30 0x8000fd6c
core   0: 0x80009d70 (0x283f2a23) sw      gp, 660(t5)
core   0: 3 0x80009d70 (0x283f2a23) mem 0x80010000 0x00000001
core   0: 0x80009d74 (0xff9ff06f) j       pc - 0x8
core   0: 3 0x80009d74 (0xff9ff06f)
core   0: 0x80009d6c (0x00006f17) auipc   t5, 0x6
core   0: 3 0x80009d6c (0x00006f17) x30 0x8000fd6c
core   0: 0x80009d70 (0x283f2a23) sw      gp, 660(t5)
core   0: 3 0x80009d70 (0x283f2a23) mem 0x80010000 0x00000001
core   0: 0x80009d74 (0xff9ff06f) j       pc - 0x8
core   0: 3 0x80009d74 (0xff9ff06f)
core   0: 0x80009d6c (0x00006f17) auipc   t5, 0x6
core   0: 3 0x80009d6c (0x00006f17) x30 0x8000fd6c
core   0: 0x80009d70 (0x283f2a23) sw      gp, 660(t5)
core   0: 3 0x80009d70 (0x283f2a23) mem 0x80010000 0x00000001
core   0: 0x80009d74 (0xff9ff06f) j       pc - 0x8
core   0: 3 0x80009d74 (0xff9ff06f)
core   0: 0x80009d6c (0x00006f17) auipc   t5, 0x6
core   0: 3 0x80009d6c (0x00006f17) x30 0x8000fd6c
core   0: 0x80009d70 (0x283f2a23) sw      gp, 660(t5)
core   0: 3 0x80009d70 (0x283f2a23) mem 0x80010000 0x00000001
core   0: 0x80009d74 (0xff9ff06f) j       pc - 0x8
core   0: 3 0x80009d74 (0xff9ff06f)
core   0: 0x80009d6c (0x00006f17) auipc   t5, 0x6
core   0: 3 0x80009d6c (0x00006f17) x30 0x8000fd6c
core   0: 0x80009d70 (0x283f2a23) sw      gp, 660(t5)
core   0: 3 0x80009d70 (0x283f2a23) mem 0x80010000 0x00000001
core   0: 0x80009d74 (0xff9ff06f) j       pc - 0x8
core   0: 3 0x80009d74 (0xff9ff06f)
core   0: 0x80009d6c (0x00006f17) auipc   t5, 0x6
core   0: 3 0x80009d6c (0x00006f17) x30 0x8000fd6c
core   0: 0x80009d70 (0x283f2a23) sw      gp, 660(t5)
core   0: 3 0x80009d70 (0x283f2a23) mem 0x80010000 0x00000001
core   0: 0x80009d74 (0xff9ff06f) j       pc - 0x8
core   0: 3 0x80009d74 (0xff9ff06f)
core   0: 0x80009d6c (0x00006f17) auipc   t5, 0x6
core   0: 3 0x80009d6c (0x00006f17) x30 0x8000fd6c
core   0: 0x80009d70 (0x283f2a23) sw      gp, 660(t5)
core   0: 3 0x80009d70 (0x283f2a23) mem 0x80010000 0x00000001
core   0: 0x80009d74 (0xff9ff06f) j       pc - 0x8
core   0: 3 0x80009d74 (0xff9ff06f)
core   0: 0x80009d6c (0x00006f17) auipc   t5, 0x6
core   0: 3 0x80009d6c (0x00006f17) x30 0x8000fd6c
core   0: 0x80009d70 (0x283f2a23) sw      gp, 660(t5)
core   0: 3 0x80009d70 (0x283f2a23) mem 0x80010000 0x00000001
core   0: 0x80009d74 (0xff9ff06f) j       pc - 0x8
core   0: 3 0x80009d74 (0xff9ff06f)
core   0: 0x80009d6c (0x00006f17) auipc   t5, 0x6
core   0: 3 0x80009d6c (0x00006f17) x30 0x8000fd6c
core   0: 0x80009d70 (0x283f2a23) sw      gp, 660(t5)
core   0: 3 0x80009d70 (0x283f2a23) mem 0x80010000 0x00000001
core   0: 0x80009d74 (0xff9ff06f) j       pc - 0x8
core   0: 3 0x80009d74 (0xff9ff06f)
core   0: 0x80009d6c (0x00006f17) auipc   t5, 0x6
core   0: 3 0x80009d6c (0x00006f17) x30 0x8000fd6c
core   0: 0x80009d70 (0x283f2a23) sw      gp, 660(t5)
core   0: 3 0x80009d70 (0x283f2a23) mem 0x80010000 0x00000001
core   0: 0x80009d74 (0xff9ff06f) j       pc - 0x8
core   0: 3 0x80009d74 (0xff9ff06f)
core   0: 0x80009d6c (0x00006f17) auipc   t5, 0x6
core   0: 3 0x80009d6c (0x00006f17) x30 0x8000fd6c
core   0: 0x80009d70 (0x283f2a23) sw      gp, 660(t5)
core   0: 3 0x80009d70 (0x283f2a23) mem 0x80010000 0x00000001
core   0: 0x80009d74 (0xff9ff06f) j       pc - 0x8
core   0: 3 0x80009d74 (0xff9ff06f)
core   0: 0x80009d6c (0x00006f17) auipc   t5, 0x6
core   0: 3 0x80009d6c (0x00006f17) x30 0x8000fd6c
core   0: 0x80009d70 (0x283f2a23) sw      gp, 660(t5)
core   0: 3 0x80009d70 (0x283f2a23) mem 0x80010000 0x00000001
core   0: 0x80009d74 (0xff9ff06f) j       pc - 0x8
core   0: 3 0x80009d74 (0xff9ff06f)
core   0: 0x80009d6c (0x00006f17) auipc   t5, 0x6
core   0: 3 0x80009d6c (0x00006f17) x30 0x8000fd6c
core   0: 0x80009d70 (0x283f2a23) sw      gp, 660(t5)
core   0: 3 0x80009d70 (0x283f2a23) mem 0x80010000 0x00000001
core   0: 0x80009d74 (0xff9ff06f) j       pc - 0x8
core   0: 3 0x80009d74 (0xff9ff06f)
core   0: 0x80009d6c (0x00006f17) auipc   t5, 0x6
core   0: 3 0x80009d6c (0x00006f17) x30 0x8000fd6c
core   0: 0x80009d70 (0x283f2a23) sw      gp, 660(t5)
core   0: 3 0x80009d70 (0x283f2a23) mem 0x80010000 0x00000001
core   0: 0x80009d74 (0xff9ff06f) j       pc - 0x8
core   0: 3 0x80009d74 (0xff9ff06f)
core   0: 0x80009d6c (0x00006f17) auipc   t5, 0x6
core   0: 3 0x80009d6c (0x00006f17) x30 0x8000fd6c
core   0: 0x80009d70 (0x283f2a23) sw      gp, 660(t5)
core   0: 3 0x80009d70 (0x283f2a23) mem 0x80010000 0x00000001
core   0: 0x80009d74 (0xff9ff06f) j       pc - 0x8
core   0: 3 0x80009d74 (0xff9ff06f)
core   0: 0x80009d6c (0x00006f17) auipc   t5, 0x6
core   0: 3 0x80009d6c (0x00006f17) x30 0x8000fd6c
core   0: 0x80009d70 (0x283f2a23) sw      gp, 660(t5)
core   0: 3 0x80009d70 (0x283f2a23) mem 0x80010000 0x00000001
core   0: 0x80009d74 (0xff9ff06f) j       pc - 0x8
core   0: 3 0x80009d74 (0xff9ff06f)
core   0: 0x80009d6c (0x00006f17) auipc   t5, 0x6
core   0: 3 0x80009d6c (0x00006f17) x30 0x8000fd6c
core   0: 0x80009d70 (0x283f2a23) sw      gp, 660(t5)
core   0: 3 0x80009d70 (0x283f2a23) mem 0x80010000 0x00000001
core   0: 0x80009d74 (0xff9ff06f) j       pc - 0x8
core   0: 3 0x80009d74 (0xff9ff06f)
core   0: 0x80009d6c (0x00006f17) auipc   t5, 0x6
core   0: 3 0x80009d6c (0x00006f17) x30 0x8000fd6c
core   0: 0x80009d70 (0x283f2a23) sw      gp, 660(t5)
core   0: 3 0x80009d70 (0x283f2a23) mem 0x80010000 0x00000001
core   0: 0x80009d74 (0xff9ff06f) j       pc - 0x8
core   0: 3 0x80009d74 (0xff9ff06f)
core   0: 0x80009d6c (0x00006f17) auipc   t5, 0x6
core   0: 3 0x80009d6c (0x00006f17) x30 0x8000fd6c
core   0: 0x80009d70 (0x283f2a23) sw      gp, 660(t5)
core   0: 3 0x80009d70 (0x283f2a23) mem 0x80010000 0x00000001
core   0: 0x80009d74 (0xff9ff06f) j       pc - 0x8
core   0: 3 0x80009d74 (0xff9ff06f)
core   0: 0x80009d6c (0x00006f17) auipc   t5, 0x6
core   0: 3 0x80009d6c (0x00006f17) x30 0x8000fd6c
core   0: 0x80009d70 (0x283f2a23) sw      gp, 660(t5)
core   0: 3 0x80009d70 (0x283f2a23) mem 0x80010000 0x00000001
core   0: 0x80009d74 (0xff9ff06f) j       pc - 0x8
core   0: 3 0x80009d74 (0xff9ff06f)
core   0: 0x80009d6c (0x00006f17) auipc   t5, 0x6
core   0: 3 0x80009d6c (0x00006f17) x30 0x8000fd6c
core   0: 0x80009d70 (0x283f2a23) sw      gp, 660(t5)
core   0: 3 0x80009d70 (0x283f2a23) mem 0x80010000 0x00000001
core   0: 0x80009d74 (0xff9ff06f) j       pc - 0x8
core   0: 3 0x80009d74 (0xff9ff06f)
core   0: 0x80009d6c (0x00006f17) auipc   t5, 0x6
core   0: 3 0x80009d6c (0x00006f17) x30 0x8000fd6c
core   0: 0x80009d70 (0x283f2a23) sw      gp, 660(t5)
core   0: 3 0x80009d70 (0x283f2a23) mem 0x80010000 0x00000001
core   0: 0x80009d74 (0xff9ff06f) j       pc - 0x8
core   0: 3 0x80009d74 (0xff9ff06f)
core   0: 0x80009d6c (0x00006f17) auipc   t5, 0x6
core   0: 3 0x80009d6c (0x00006f17) x30 0x8000fd6c
core   0: 0x80009d70 (0x283f2a23) sw      gp, 660(t5)
core   0: 3 0x80009d70 (0x283f2a23) mem 0x80010000 0x00000001
core   0: 0x80009d74 (0xff9ff06f) j       pc - 0x8
core   0: 3 0x80009d74 (0xff9ff06f)
core   0: 0x80009d6c (0x00006f17) auipc   t5, 0x6
core   0: 3 0x80009d6c (0x00006f17) x30 0x8000fd6c
core   0: 0x80009d70 (0x283f2a23) sw      gp, 660(t5)
core   0: 3 0x80009d70 (0x283f2a23) mem 0x80010000 0x00000001
core   0: 0x80009d74 (0xff9ff06f) j       pc - 0x8
core   0: 3 0x80009d74 (0xff9ff06f)
core   0: 0x80009d6c (0x00006f17) auipc   t5, 0x6
core   0: 3 0x80009d6c (0x00006f17) x30 0x8000fd6c
core   0: 0x80009d70 (0x283f2a23) sw      gp, 660(t5)
core   0: 3 0x80009d70 (0x283f2a23) mem 0x80010000 0x00000001
core   0: 0x80009d74 (0xff9ff06f) j       pc - 0x8
core   0: 3 0x80009d74 (0xff9ff06f)
core   0: 0x80009d6c (0x00006f17) auipc   t5, 0x6
core   0: 3 0x80009d6c (0x00006f17) x30 0x8000fd6c
core   0: 0x80009d70 (0x283f2a23) sw      gp, 660(t5)
core   0: 3 0x80009d70 (0x283f2a23) mem 0x80010000 0x00000001
core   0: 0x80009d74 (0xff9ff06f) j       pc - 0x8
core   0: 3 0x80009d74 (0xff9ff06f)
core   0: 0x80009d6c (0x00006f17) auipc   t5, 0x6
core   0: 3 0x80009d6c (0x00006f17) x30 0x8000fd6c
core   0: 0x80009d70 (0x283f2a23) sw      gp, 660(t5)
core   0: 3 0x80009d70 (0x283f2a23) mem 0x80010000 0x00000001
core   0: 0x80009d74 (0xff9ff06f) j       pc - 0x8
core   0: 3 0x80009d74 (0xff9ff06f)
core   0: 0x80009d6c (0x00006f17) auipc   t5, 0x6
core   0: 3 0x80009d6c (0x00006f17) x30 0x8000fd6c
core   0: 0x80009d70 (0x283f2a23) sw      gp, 660(t5)
core   0: 3 0x80009d70 (0x283f2a23) mem 0x80010000 0x00000001
core   0: 0x80009d74 (0xff9ff06f) j       pc - 0x8
core   0: 3 0x80009d74 (0xff9ff06f)
core   0: 0x80009d6c (0x00006f17) auipc   t5, 0x6
core   0: 3 0x80009d6c (0x00006f17) x30 0x8000fd6c
core   0: 0x80009d70 (0x283f2a23) sw      gp, 660(t5)
core   0: 3 0x80009d70 (0x283f2a23) mem 0x80010000 0x00000001
core   0: 0x80009d74 (0xff9ff06f) j       pc - 0x8
core   0: 3 0x80009d74 (0xff9ff06f)
core   0: 0x80009d6c (0x00006f17) auipc   t5, 0x6
core   0: 3 0x80009d6c (0x00006f17) x30 0x8000fd6c
core   0: 0x80009d70 (0x283f2a23) sw      gp, 660(t5)
core   0: 3 0x80009d70 (0x283f2a23) mem 0x80010000 0x00000001
core   0: 0x80009d74 (0xff9ff06f) j       pc - 0x8
core   0: 3 0x80009d74 (0xff9ff06f)
core   0: 0x80009d6c (0x00006f17) auipc   t5, 0x6
core   0: 3 0x80009d6c (0x00006f17) x30 0x8000fd6c
core   0: 0x80009d70 (0x283f2a23) sw      gp, 660(t5)
core   0: 3 0x80009d70 (0x283f2a23) mem 0x80010000 0x00000001
core   0: 0x80009d74 (0xff9ff06f) j       pc - 0x8
core   0: 3 0x80009d74 (0xff9ff06f)
core   0: 0x80009d6c (0x00006f17) auipc   t5, 0x6
core   0: 3 0x80009d6c (0x00006f17) x30 0x8000fd6c
core   0: 0x80009d70 (0x283f2a23) sw      gp, 660(t5)
core   0: 3 0x80009d70 (0x283f2a23) mem 0x80010000 0x00000001
core   0: 0x80009d74 (0xff9ff06f) j       pc - 0x8
core   0: 3 0x80009d74 (0xff9ff06f)
core   0: 0x80009d6c (0x00006f17) auipc   t5, 0x6
core   0: 3 0x80009d6c (0x00006f17) x30 0x8000fd6c
core   0: 0x80009d70 (0x283f2a23) sw      gp, 660(t5)
core   0: 3 0x80009d70 (0x283f2a23) mem 0x80010000 0x00000001
core   0: 0x80009d74 (0xff9ff06f) j       pc - 0x8
core   0: 3 0x80009d74 (0xff9ff06f)
core   0: 0x80009d6c (0x00006f17) auipc   t5, 0x6
core   0: 3 0x80009d6c (0x00006f17) x30 0x8000fd6c
core   0: 0x80009d70 (0x283f2a23) sw      gp, 660(t5)
core   0: 3 0x80009d70 (0x283f2a23) mem 0x80010000 0x00000001
core   0: 0x80009d74 (0xff9ff06f) j       pc - 0x8
core   0: 3 0x80009d74 (0xff9ff06f)
core   0: 0x80009d6c (0x00006f17) auipc   t5, 0x6
core   0: 3 0x80009d6c (0x00006f17) x30 0x8000fd6c
core   0: 0x80009d70 (0x283f2a23) sw      gp, 660(t5)
core   0: 3 0x80009d70 (0x283f2a23) mem 0x80010000 0x00000001
core   0: 0x80009d74 (0xff9ff06f) j       pc - 0x8
core   0: 3 0x80009d74 (0xff9ff06f)
core   0: 0x80009d6c (0x00006f17) auipc   t5, 0x6
core   0: 3 0x80009d6c (0x00006f17) x30 0x8000fd6c
core   0: 0x80009d70 (0x283f2a23) sw      gp, 660(t5)
core   0: 3 0x80009d70 (0x283f2a23) mem 0x80010000 0x00000001
core   0: 0x80009d74 (0xff9ff06f) j       pc - 0x8
core   0: 3 0x80009d74 (0xff9ff06f)
core   0: 0x80009d6c (0x00006f17) auipc   t5, 0x6
core   0: 3 0x80009d6c (0x00006f17) x30 0x8000fd6c
core   0: 0x80009d70 (0x283f2a23) sw      gp, 660(t5)
core   0: 3 0x80009d70 (0x283f2a23) mem 0x80010000 0x00000001
core   0: 0x80009d74 (0xff9ff06f) j       pc - 0x8
core   0: 3 0x80009d74 (0xff9ff06f)
core   0: 0x80009d6c (0x00006f17) auipc   t5, 0x6
core   0: 3 0x80009d6c (0x00006f17) x30 0x8000fd6c
core   0: 0x80009d70 (0x283f2a23) sw      gp, 660(t5)
core   0: 3 0x80009d70 (0x283f2a23) mem 0x80010000 0x00000001
core   0: 0x80009d74 (0xff9ff06f) j       pc - 0x8
core   0: 3 0x80009d74 (0xff9ff06f)
core   0: 0x80009d6c (0x00006f17) auipc   t5, 0x6
core   0: 3 0x80009d6c (0x00006f17) x30 0x8000fd6c
core   0: 0x80009d70 (0x283f2a23) sw      gp, 660(t5)
core   0: 3 0x80009d70 (0x283f2a23) mem 0x80010000 0x00000001
core   0: 0x80009d74 (0xff9ff06f) j       pc - 0x8
core   0: 3 0x80009d74 (0xff9ff06f)
core   0: 0x80009d6c (0x00006f17) auipc   t5, 0x6
core   0: 3 0x80009d6c (0x00006f17) x30 0x8000fd6c
core   0: 0x80009d70 (0x283f2a23) sw      gp, 660(t5)
core   0: 3 0x80009d70 (0x283f2a23) mem 0x80010000 0x00000001
core   0: 0x80009d74 (0xff9ff06f) j       pc - 0x8
core   0: 3 0x80009d74 (0xff9ff06f)
core   0: 0x80009d6c (0x00006f17) auipc   t5, 0x6
core   0: 3 0x80009d6c (0x00006f17) x30 0x8000fd6c
core   0: 0x80009d70 (0x283f2a23) sw      gp, 660(t5)
core   0: 3 0x80009d70 (0x283f2a23) mem 0x80010000 0x00000001
core   0: 0x80009d74 (0xff9ff06f) j       pc - 0x8
core   0: 3 0x80009d74 (0xff9ff06f)
core   0: 0x80009d6c (0x00006f17) auipc   t5, 0x6
core   0: 3 0x80009d6c (0x00006f17) x30 0x8000fd6c
core   0: 0x80009d70 (0x283f2a23) sw      gp, 660(t5)
core   0: 3 0x80009d70 (0x283f2a23) mem 0x80010000 0x00000001
core   0: 0x80009d74 (0xff9ff06f) j       pc - 0x8
core   0: 3 0x80009d74 (0xff9ff06f)
core   0: 0x80009d6c (0x00006f17) auipc   t5, 0x6
core   0: 3 0x80009d6c (0x00006f17) x30 0x8000fd6c
core   0: 0x80009d70 (0x283f2a23) sw      gp, 660(t5)
core   0: 3 0x80009d70 (0x283f2a23) mem 0x80010000 0x00000001
core   0: 0x80009d74 (0xff9ff06f) j       pc - 0x8
core   0: 3 0x80009d74 (0xff9ff06f)
core   0: 0x80009d6c (0x00006f17) auipc   t5, 0x6
core   0: 3 0x80009d6c (0x00006f17) x30 0x8000fd6c
core   0: 0x80009d70 (0x283f2a23) sw      gp, 660(t5)
core   0: 3 0x80009d70 (0x283f2a23) mem 0x80010000 0x00000001
core   0: 0x80009d74 (0xff9ff06f) j       pc - 0x8
core   0: 3 0x80009d74 (0xff9ff06f)
core   0: 0x80009d6c (0x00006f17) auipc   t5, 0x6
core   0: 3 0x80009d6c (0x00006f17) x30 0x8000fd6c
core   0: 0x80009d70 (0x283f2a23) sw      gp, 660(t5)
core   0: 3 0x80009d70 (0x283f2a23) mem 0x80010000 0x00000001
core   0: 0x80009d74 (0xff9ff06f) j       pc - 0x8
core   0: 3 0x80009d74 (0xff9ff06f)
core   0: 0x80009d6c (0x00006f17) auipc   t5, 0x6
core   0: 3 0x80009d6c (0x00006f17) x30 0x8000fd6c
core   0: 0x80009d70 (0x283f2a23) sw      gp, 660(t5)
core   0: 3 0x80009d70 (0x283f2a23) mem 0x80010000 0x00000001
core   0: 0x80009d74 (0xff9ff06f) j       pc - 0x8
core   0: 3 0x80009d74 (0xff9ff06f)
core   0: 0x80009d6c (0x00006f17) auipc   t5, 0x6
core   0: 3 0x80009d6c (0x00006f17) x30 0x8000fd6c
core   0: 0x80009d70 (0x283f2a23) sw      gp, 660(t5)
core   0: 3 0x80009d70 (0x283f2a23) mem 0x80010000 0x00000001
core   0: 0x80009d74 (0xff9ff06f) j       pc - 0x8
core   0: 3 0x80009d74 (0xff9ff06f)
core   0: 0x80009d6c (0x00006f17) auipc   t5, 0x6
core   0: 3 0x80009d6c (0x00006f17) x30 0x8000fd6c
core   0: 0x80009d70 (0x283f2a23) sw      gp, 660(t5)
core   0: 3 0x80009d70 (0x283f2a23) mem 0x80010000 0x00000001
core   0: 0x80009d74 (0xff9ff06f) j       pc - 0x8
core   0: 3 0x80009d74 (0xff9ff06f)
core   0: 0x80009d6c (0x00006f17) auipc   t5, 0x6
core   0: 3 0x80009d6c (0x00006f17) x30 0x8000fd6c
core   0: 0x80009d70 (0x283f2a23) sw      gp, 660(t5)
core   0: 3 0x80009d70 (0x283f2a23) mem 0x80010000 0x00000001
core   0: 0x80009d74 (0xff9ff06f) j       pc - 0x8
core   0: 3 0x80009d74 (0xff9ff06f)
core   0: 0x80009d6c (0x00006f17) auipc   t5, 0x6
core   0: 3 0x80009d6c (0x00006f17) x30 0x8000fd6c
core   0: 0x80009d70 (0x283f2a23) sw      gp, 660(t5)
core   0: 3 0x80009d70 (0x283f2a23) mem 0x80010000 0x00000001
core   0: 0x80009d74 (0xff9ff06f) j       pc - 0x8
core   0: 3 0x80009d74 (0xff9ff06f)
core   0: 0x80009d6c (0x00006f17) auipc   t5, 0x6
core   0: 3 0x80009d6c (0x00006f17) x30 0x8000fd6c
core   0: 0x80009d70 (0x283f2a23) sw      gp, 660(t5)
core   0: 3 0x80009d70 (0x283f2a23) mem 0x80010000 0x00000001
core   0: 0x80009d74 (0xff9ff06f) j       pc - 0x8
core   0: 3 0x80009d74 (0xff9ff06f)
core   0: 0x80009d6c (0x00006f17) auipc   t5, 0x6
core   0: 3 0x80009d6c (0x00006f17) x30 0x8000fd6c
core   0: 0x80009d70 (0x283f2a23) sw      gp, 660(t5)
core   0: 3 0x80009d70 (0x283f2a23) mem 0x80010000 0x00000001
core   0: 0x80009d74 (0xff9ff06f) j       pc - 0x8
core   0: 3 0x80009d74 (0xff9ff06f)
core   0: 0x80009d6c (0x00006f17) auipc   t5, 0x6
core   0: 3 0x80009d6c (0x00006f17) x30 0x8000fd6c
core   0: 0x80009d70 (0x283f2a23) sw      gp, 660(t5)
core   0: 3 0x80009d70 (0x283f2a23) mem 0x80010000 0x00000001
core   0: 0x80009d74 (0xff9ff06f) j       pc - 0x8
core   0: 3 0x80009d74 (0xff9ff06f)
core   0: 0x80009d6c (0x00006f17) auipc   t5, 0x6
core   0: 3 0x80009d6c (0x00006f17) x30 0x8000fd6c
core   0: 0x80009d70 (0x283f2a23) sw      gp, 660(t5)
core   0: 3 0x80009d70 (0x283f2a23) mem 0x80010000 0x00000001
core   0: 0x80009d74 (0xff9ff06f) j       pc - 0x8
core   0: 3 0x80009d74 (0xff9ff06f)
core   0: 0x80009d6c (0x00006f17) auipc   t5, 0x6
core   0: 3 0x80009d6c (0x00006f17) x30 0x8000fd6c
core   0: 0x80009d70 (0x283f2a23) sw      gp, 660(t5)
core   0: 3 0x80009d70 (0x283f2a23) mem 0x80010000 0x00000001
core   0: 0x80009d74 (0xff9ff06f) j       pc - 0x8
core   0: 3 0x80009d74 (0xff9ff06f)
core   0: 0x80009d6c (0x00006f17) auipc   t5, 0x6
core   0: 3 0x80009d6c (0x00006f17) x30 0x8000fd6c
core   0: 0x80009d70 (0x283f2a23) sw      gp, 660(t5)
core   0: 3 0x80009d70 (0x283f2a23) mem 0x80010000 0x00000001
core   0: 0x80009d74 (0xff9ff06f) j       pc - 0x8
core   0: 3 0x80009d74 (0xff9ff06f)
core   0: 0x80009d6c (0x00006f17) auipc   t5, 0x6
core   0: 3 0x80009d6c (0x00006f17) x30 0x8000fd6c
core   0: 0x80009d70 (0x283f2a23) sw      gp, 660(t5)
core   0: 3 0x80009d70 (0x283f2a23) mem 0x80010000 0x00000001
core   0: 0x80009d74 (0xff9ff06f) j       pc - 0x8
core   0: 3 0x80009d74 (0xff9ff06f)
core   0: 0x80009d6c (0x00006f17) auipc   t5, 0x6
core   0: 3 0x80009d6c (0x00006f17) x30 0x8000fd6c
core   0: 0x80009d70 (0x283f2a23) sw      gp, 660(t5)
core   0: 3 0x80009d70 (0x283f2a23) mem 0x80010000 0x00000001
core   0: 0x80009d74 (0xff9ff06f) j       pc - 0x8
core   0: 3 0x80009d74 (0xff9ff06f)
core   0: 0x80009d6c (0x00006f17) auipc   t5, 0x6
core   0: 3 0x80009d6c (0x00006f17) x30 0x8000fd6c
core   0: 0x80009d70 (0x283f2a23) sw      gp, 660(t5)
core   0: 3 0x80009d70 (0x283f2a23) mem 0x80010000 0x00000001
core   0: 0x80009d74 (0xff9ff06f) j       pc - 0x8
core   0: 3 0x80009d74 (0xff9ff06f)
core   0: 0x80009d6c (0x00006f17) auipc   t5, 0x6
core   0: 3 0x80009d6c (0x00006f17) x30 0x8000fd6c
core   0: 0x80009d70 (0x283f2a23) sw      gp, 660(t5)
core   0: 3 0x80009d70 (0x283f2a23) mem 0x80010000 0x00000001
core   0: 0x80009d74 (0xff9ff06f) j       pc - 0x8
core   0: 3 0x80009d74 (0xff9ff06f)
core   0: 0x80009d6c (0x00006f17) auipc   t5, 0x6
core   0: 3 0x80009d6c (0x00006f17) x30 0x8000fd6c
core   0: 0x80009d70 (0x283f2a23) sw      gp, 660(t5)
core   0: 3 0x80009d70 (0x283f2a23) mem 0x80010000 0x00000001
core   0: 0x80009d74 (0xff9ff06f) j       pc - 0x8
core   0: 3 0x80009d74 (0xff9ff06f)
core   0: 0x80009d6c (0x00006f17) auipc   t5, 0x6
core   0: 3 0x80009d6c (0x00006f17) x30 0x8000fd6c
core   0: 0x80009d70 (0x283f2a23) sw      gp, 660(t5)
core   0: 3 0x80009d70 (0x283f2a23) mem 0x80010000 0x00000001
core   0: 0x80009d74 (0xff9ff06f) j       pc - 0x8
core   0: 3 0x80009d74 (0xff9ff06f)
core   0: 0x80009d6c (0x00006f17) auipc   t5, 0x6
core   0: 3 0x80009d6c (0x00006f17) x30 0x8000fd6c
core   0: 0x80009d70 (0x283f2a23) sw      gp, 660(t5)
core   0: 3 0x80009d70 (0x283f2a23) mem 0x80010000 0x00000001
core   0: 0x80009d74 (0xff9ff06f) j       pc - 0x8
core   0: 3 0x80009d74 (0xff9ff06f)
core   0: 0x80009d6c (0x00006f17) auipc   t5, 0x6
core   0: 3 0x80009d6c (0x00006f17) x30 0x8000fd6c
core   0: 0x80009d70 (0x283f2a23) sw      gp, 660(t5)
core   0: 3 0x80009d70 (0x283f2a23) mem 0x80010000 0x00000001
core   0: 0x80009d74 (0xff9ff06f) j       pc - 0x8
core   0: 3 0x80009d74 (0xff9ff06f)
core   0: 0x80009d6c (0x00006f17) auipc   t5, 0x6
core   0: 3 0x80009d6c (0x00006f17) x30 0x8000fd6c
core   0: 0x80009d70 (0x283f2a23) sw      gp, 660(t5)
core   0: 3 0x80009d70 (0x283f2a23) mem 0x80010000 0x00000001
core   0: 0x80009d74 (0xff9ff06f) j       pc - 0x8
core   0: 3 0x80009d74 (0xff9ff06f)
core   0: 0x80009d6c (0x00006f17) auipc   t5, 0x6
core   0: 3 0x80009d6c (0x00006f17) x30 0x8000fd6c
core   0: 0x80009d70 (0x283f2a23) sw      gp, 660(t5)
core   0: 3 0x80009d70 (0x283f2a23) mem 0x80010000 0x00000001
core   0: 0x80009d74 (0xff9ff06f) j       pc - 0x8
core   0: 3 0x80009d74 (0xff9ff06f)
core   0: 0x80009d6c (0x00006f17) auipc   t5, 0x6
core   0: 3 0x80009d6c (0x00006f17) x30 0x8000fd6c
core   0: 0x80009d70 (0x283f2a23) sw      gp, 660(t5)
core   0: 3 0x80009d70 (0x283f2a23) mem 0x80010000 0x00000001
core   0: 0x80009d74 (0xff9ff06f) j       pc - 0x8
core   0: 3 0x80009d74 (0xff9ff06f)
core   0: 0x80009d6c (0x00006f17) auipc   t5, 0x6
core   0: 3 0x80009d6c (0x00006f17) x30 0x8000fd6c
core   0: 0x80009d70 (0x283f2a23) sw      gp, 660(t5)
core   0: 3 0x80009d70 (0x283f2a23) mem 0x80010000 0x00000001
core   0: 0x80009d74 (0xff9ff06f) j       pc - 0x8
core   0: 3 0x80009d74 (0xff9ff06f)
core   0: 0x80009d6c (0x00006f17) auipc   t5, 0x6
core   0: 3 0x80009d6c (0x00006f17) x30 0x8000fd6c
core   0: 0x80009d70 (0x283f2a23) sw      gp, 660(t5)
core   0: 3 0x80009d70 (0x283f2a23) mem 0x80010000 0x00000001
core   0: 0x80009d74 (0xff9ff06f) j       pc - 0x8
core   0: 3 0x80009d74 (0xff9ff06f)
core   0: 0x80009d6c (0x00006f17) auipc   t5, 0x6
core   0: 3 0x80009d6c (0x00006f17) x30 0x8000fd6c
core   0: 0x80009d70 (0x283f2a23) sw      gp, 660(t5)
core   0: 3 0x80009d70 (0x283f2a23) mem 0x80010000 0x00000001
core   0: 0x80009d74 (0xff9ff06f) j       pc - 0x8
core   0: 3 0x80009d74 (0xff9ff06f)
core   0: 0x80009d6c (0x00006f17) auipc   t5, 0x6
core   0: 3 0x80009d6c (0x00006f17) x30 0x8000fd6c
core   0: 0x80009d70 (0x283f2a23) sw      gp, 660(t5)
core   0: 3 0x80009d70 (0x283f2a23) mem 0x80010000 0x00000001
core   0: 0x80009d74 (0xff9ff06f) j       pc - 0x8
core   0: 3 0x80009d74 (0xff9ff06f)
core   0: 0x80009d6c (0x00006f17) auipc   t5, 0x6
core   0: 3 0x80009d6c (0x00006f17) x30 0x8000fd6c
core   0: 0x80009d70 (0x283f2a23) sw      gp, 660(t5)
core   0: 3 0x80009d70 (0x283f2a23) mem 0x80010000 0x00000001
core   0: 0x80009d74 (0xff9ff06f) j       pc - 0x8
core   0: 3 0x80009d74 (0xff9ff06f)
core   0: 0x80009d6c (0x00006f17) auipc   t5, 0x6
core   0: 3 0x80009d6c (0x00006f17) x30 0x8000fd6c
core   0: 0x80009d70 (0x283f2a23) sw      gp, 660(t5)
core   0: 3 0x80009d70 (0x283f2a23) mem 0x80010000 0x00000001
core   0: 0x80009d74 (0xff9ff06f) j       pc - 0x8
core   0: 3 0x80009d74 (0xff9ff06f)
core   0: 0x80009d6c (0x00006f17) auipc   t5, 0x6
core   0: 3 0x80009d6c (0x00006f17) x30 0x8000fd6c
core   0: 0x80009d70 (0x283f2a23) sw      gp, 660(t5)
core   0: 3 0x80009d70 (0x283f2a23) mem 0x80010000 0x00000001
core   0: 0x80009d74 (0xff9ff06f) j       pc - 0x8
core   0: 3 0x80009d74 (0xff9ff06f)
core   0: 0x80009d6c (0x00006f17) auipc   t5, 0x6
core   0: 3 0x80009d6c (0x00006f17) x30 0x8000fd6c
core   0: 0x80009d70 (0x283f2a23) sw      gp, 660(t5)
core   0: 3 0x80009d70 (0x283f2a23) mem 0x80010000 0x00000001
core   0: 0x80009d74 (0xff9ff06f) j       pc - 0x8
core   0: 3 0x80009d74 (0xff9ff06f)
core   0: 0x80009d6c (0x00006f17) auipc   t5, 0x6
core   0: 3 0x80009d6c (0x00006f17) x30 0x8000fd6c
core   0: 0x80009d70 (0x283f2a23) sw      gp, 660(t5)
core   0: 3 0x80009d70 (0x283f2a23) mem 0x80010000 0x00000001
core   0: 0x80009d74 (0xff9ff06f) j       pc - 0x8
core   0: 3 0x80009d74 (0xff9ff06f)
core   0: 0x80009d6c (0x00006f17) auipc   t5, 0x6
core   0: 3 0x80009d6c (0x00006f17) x30 0x8000fd6c
core   0: 0x80009d70 (0x283f2a23) sw      gp, 660(t5)
core   0: 3 0x80009d70 (0x283f2a23) mem 0x80010000 0x00000001
core   0: 0x80009d74 (0xff9ff06f) j       pc - 0x8
core   0: 3 0x80009d74 (0xff9ff06f)
core   0: 0x80009d6c (0x00006f17) auipc   t5, 0x6
core   0: 3 0x80009d6c (0x00006f17) x30 0x8000fd6c
core   0: 0x80009d70 (0x283f2a23) sw      gp, 660(t5)
core   0: 3 0x80009d70 (0x283f2a23) mem 0x80010000 0x00000001
core   0: 0x80009d74 (0xff9ff06f) j       pc - 0x8
core   0: 3 0x80009d74 (0xff9ff06f)
core   0: 0x80009d6c (0x00006f17) auipc   t5, 0x6
core   0: 3 0x80009d6c (0x00006f17) x30 0x8000fd6c
core   0: 0x80009d70 (0x283f2a23) sw      gp, 660(t5)
core   0: 3 0x80009d70 (0x283f2a23) mem 0x80010000 0x00000001
core   0: 0x80009d74 (0xff9ff06f) j       pc - 0x8
core   0: 3 0x80009d74 (0xff9ff06f)
core   0: 0x80009d6c (0x00006f17) auipc   t5, 0x6
core   0: 3 0x80009d6c (0x00006f17) x30 0x8000fd6c
core   0: 0x80009d70 (0x283f2a23) sw      gp, 660(t5)
core   0: 3 0x80009d70 (0x283f2a23) mem 0x80010000 0x00000001
core   0: 0x80009d74 (0xff9ff06f) j       pc - 0x8
core   0: 3 0x80009d74 (0xff9ff06f)
core   0: 0x80009d6c (0x00006f17) auipc   t5, 0x6
core   0: 3 0x80009d6c (0x00006f17) x30 0x8000fd6c
core   0: 0x80009d70 (0x283f2a23) sw      gp, 660(t5)
core   0: 3 0x80009d70 (0x283f2a23) mem 0x80010000 0x00000001
core   0: 0x80009d74 (0xff9ff06f) j       pc - 0x8
core   0: 3 0x80009d74 (0xff9ff06f)
core   0: 0x80009d6c (0x00006f17) auipc   t5, 0x6
core   0: 3 0x80009d6c (0x00006f17) x30 0x8000fd6c
core   0: 0x80009d70 (0x283f2a23) sw      gp, 660(t5)
core   0: 3 0x80009d70 (0x283f2a23) mem 0x80010000 0x00000001
core   0: 0x80009d74 (0xff9ff06f) j       pc - 0x8
core   0: 3 0x80009d74 (0xff9ff06f)
core   0: 0x80009d6c (0x00006f17) auipc   t5, 0x6
core   0: 3 0x80009d6c (0x00006f17) x30 0x8000fd6c
core   0: 0x80009d70 (0x283f2a23) sw      gp, 660(t5)
core   0: 3 0x80009d70 (0x283f2a23) mem 0x80010000 0x00000001
core   0: 0x80009d74 (0xff9ff06f) j       pc - 0x8
core   0: 3 0x80009d74 (0xff9ff06f)
core   0: 0x80009d6c (0x00006f17) auipc   t5, 0x6
core   0: 3 0x80009d6c (0x00006f17) x30 0x8000fd6c
core   0: 0x80009d70 (0x283f2a23) sw      gp, 660(t5)
core   0: 3 0x80009d70 (0x283f2a23) mem 0x80010000 0x00000001
core   0: 0x80009d74 (0xff9ff06f) j       pc - 0x8
core   0: 3 0x80009d74 (0xff9ff06f)
core   0: 0x80009d6c (0x00006f17) auipc   t5, 0x6
core   0: 3 0x80009d6c (0x00006f17) x30 0x8000fd6c
core   0: 0x80009d70 (0x283f2a23) sw      gp, 660(t5)
core   0: 3 0x80009d70 (0x283f2a23) mem 0x80010000 0x00000001
core   0: 0x80009d74 (0xff9ff06f) j       pc - 0x8
core   0: 3 0x80009d74 (0xff9ff06f)
core   0: 0x80009d6c (0x00006f17) auipc   t5, 0x6
core   0: 3 0x80009d6c (0x00006f17) x30 0x8000fd6c
core   0: 0x80009d70 (0x283f2a23) sw      gp, 660(t5)
core   0: 3 0x80009d70 (0x283f2a23) mem 0x80010000 0x00000001
core   0: 0x80009d74 (0xff9ff06f) j       pc - 0x8
core   0: 3 0x80009d74 (0xff9ff06f)
core   0: 0x80009d6c (0x00006f17) auipc   t5, 0x6
core   0: 3 0x80009d6c (0x00006f17) x30 0x8000fd6c
core   0: 0x80009d70 (0x283f2a23) sw      gp, 660(t5)
core   0: 3 0x80009d70 (0x283f2a23) mem 0x80010000 0x00000001
core   0: 0x80009d74 (0xff9ff06f) j       pc - 0x8
core   0: 3 0x80009d74 (0xff9ff06f)
core   0: 0x80009d6c (0x00006f17) auipc   t5, 0x6
core   0: 3 0x80009d6c (0x00006f17) x30 0x8000fd6c
core   0: 0x80009d70 (0x283f2a23) sw      gp, 660(t5)
core   0: 3 0x80009d70 (0x283f2a23) mem 0x80010000 0x00000001
core   0: 0x80009d74 (0xff9ff06f) j       pc - 0x8
core   0: 3 0x80009d74 (0xff9ff06f)
core   0: 0x80009d6c (0x00006f17) auipc   t5, 0x6
core   0: 3 0x80009d6c (0x00006f17) x30 0x8000fd6c
core   0: 0x80009d70 (0x283f2a23) sw      gp, 660(t5)
core   0: 3 0x80009d70 (0x283f2a23) mem 0x80010000 0x00000001
core   0: 0x80009d74 (0xff9ff06f) j       pc - 0x8
core   0: 3 0x80009d74 (0xff9ff06f)
core   0: 0x80009d6c (0x00006f17) auipc   t5, 0x6
core   0: 3 0x80009d6c (0x00006f17) x30 0x8000fd6c
core   0: 0x80009d70 (0x283f2a23) sw      gp, 660(t5)
core   0: 3 0x80009d70 (0x283f2a23) mem 0x80010000 0x00000001
core   0: 0x80009d74 (0xff9ff06f) j       pc - 0x8
core   0: 3 0x80009d74 (0xff9ff06f)
core   0: 0x80009d6c (0x00006f17) auipc   t5, 0x6
core   0: 3 0x80009d6c (0x00006f17) x30 0x8000fd6c
core   0: 0x80009d70 (0x283f2a23) sw      gp, 660(t5)
core   0: 3 0x80009d70 (0x283f2a23) mem 0x80010000 0x00000001
core   0: 0x80009d74 (0xff9ff06f) j       pc - 0x8
core   0: 3 0x80009d74 (0xff9ff06f)
core   0: 0x80009d6c (0x00006f17) auipc   t5, 0x6
core   0: 3 0x80009d6c (0x00006f17) x30 0x8000fd6c
core   0: 0x80009d70 (0x283f2a23) sw      gp, 660(t5)
core   0: 3 0x80009d70 (0x283f2a23) mem 0x80010000 0x00000001
core   0: 0x80009d74 (0xff9ff06f) j       pc - 0x8
core   0: 3 0x80009d74 (0xff9ff06f)
core   0: 0x80009d6c (0x00006f17) auipc   t5, 0x6
core   0: 3 0x80009d6c (0x00006f17) x30 0x8000fd6c
core   0: 0x80009d70 (0x283f2a23) sw      gp, 660(t5)
core   0: 3 0x80009d70 (0x283f2a23) mem 0x80010000 0x00000001
core   0: 0x80009d74 (0xff9ff06f) j       pc - 0x8
core   0: 3 0x80009d74 (0xff9ff06f)
core   0: 0x80009d6c (0x00006f17) auipc   t5, 0x6
core   0: 3 0x80009d6c (0x00006f17) x30 0x8000fd6c
core   0: 0x80009d70 (0x283f2a23) sw      gp, 660(t5)
core   0: 3 0x80009d70 (0x283f2a23) mem 0x80010000 0x00000001
core   0: 0x80009d74 (0xff9ff06f) j       pc - 0x8
core   0: 3 0x80009d74 (0xff9ff06f)
core   0: 0x80009d6c (0x00006f17) auipc   t5, 0x6
core   0: 3 0x80009d6c (0x00006f17) x30 0x8000fd6c
core   0: 0x80009d70 (0x283f2a23) sw      gp, 660(t5)
core   0: 3 0x80009d70 (0x283f2a23) mem 0x80010000 0x00000001
core   0: 0x80009d74 (0xff9ff06f) j       pc - 0x8
core   0: 3 0x80009d74 (0xff9ff06f)
core   0: 0x80009d6c (0x00006f17) auipc   t5, 0x6
core   0: 3 0x80009d6c (0x00006f17) x30 0x8000fd6c
core   0: 0x80009d70 (0x283f2a23) sw      gp, 660(t5)
core   0: 3 0x80009d70 (0x283f2a23) mem 0x80010000 0x00000001
core   0: 0x80009d74 (0xff9ff06f) j       pc - 0x8
core   0: 3 0x80009d74 (0xff9ff06f)
core   0: 0x80009d6c (0x00006f17) auipc   t5, 0x6
core   0: 3 0x80009d6c (0x00006f17) x30 0x8000fd6c
core   0: 0x80009d70 (0x283f2a23) sw      gp, 660(t5)
core   0: 3 0x80009d70 (0x283f2a23) mem 0x80010000 0x00000001
core   0: 0x80009d74 (0xff9ff06f) j       pc - 0x8
core   0: 3 0x80009d74 (0xff9ff06f)
core   0: 0x80009d6c (0x00006f17) auipc   t5, 0x6
core   0: 3 0x80009d6c (0x00006f17) x30 0x8000fd6c
core   0: 0x80009d70 (0x283f2a23) sw      gp, 660(t5)
core   0: 3 0x80009d70 (0x283f2a23) mem 0x80010000 0x00000001
core   0: 0x80009d74 (0xff9ff06f) j       pc - 0x8
core   0: 3 0x80009d74 (0xff9ff06f)
core   0: 0x80009d6c (0x00006f17) auipc   t5, 0x6
core   0: 3 0x80009d6c (0x00006f17) x30 0x8000fd6c
core   0: 0x80009d70 (0x283f2a23) sw      gp, 660(t5)
core   0: 3 0x80009d70 (0x283f2a23) mem 0x80010000 0x00000001
core   0: 0x80009d74 (0xff9ff06f) j       pc - 0x8
core   0: 3 0x80009d74 (0xff9ff06f)
core   0: 0x80009d6c (0x00006f17) auipc   t5, 0x6
core   0: 3 0x80009d6c (0x00006f17) x30 0x8000fd6c
core   0: 0x80009d70 (0x283f2a23) sw      gp, 660(t5)
core   0: 3 0x80009d70 (0x283f2a23) mem 0x80010000 0x00000001
core   0: 0x80009d74 (0xff9ff06f) j       pc - 0x8
core   0: 3 0x80009d74 (0xff9ff06f)
core   0: 0x80009d6c (0x00006f17) auipc   t5, 0x6
core   0: 3 0x80009d6c (0x00006f17) x30 0x8000fd6c
core   0: 0x80009d70 (0x283f2a23) sw      gp, 660(t5)
core   0: 3 0x80009d70 (0x283f2a23) mem 0x80010000 0x00000001
core   0: 0x80009d74 (0xff9ff06f) j       pc - 0x8
core   0: 3 0x80009d74 (0xff9ff06f)
core   0: 0x80009d6c (0x00006f17) auipc   t5, 0x6
core   0: 3 0x80009d6c (0x00006f17) x30 0x8000fd6c
core   0: 0x80009d70 (0x283f2a23) sw      gp, 660(t5)
core   0: 3 0x80009d70 (0x283f2a23) mem 0x80010000 0x00000001
core   0: 0x80009d74 (0xff9ff06f) j       pc - 0x8
core   0: 3 0x80009d74 (0xff9ff06f)
core   0: 0x80009d6c (0x00006f17) auipc   t5, 0x6
core   0: 3 0x80009d6c (0x00006f17) x30 0x8000fd6c
core   0: 0x80009d70 (0x283f2a23) sw      gp, 660(t5)
core   0: 3 0x80009d70 (0x283f2a23) mem 0x80010000 0x00000001
core   0: 0x80009d74 (0xff9ff06f) j       pc - 0x8
core   0: 3 0x80009d74 (0xff9ff06f)
core   0: 0x80009d6c (0x00006f17) auipc   t5, 0x6
core   0: 3 0x80009d6c (0x00006f17) x30 0x8000fd6c
core   0: 0x80009d70 (0x283f2a23) sw      gp, 660(t5)
core   0: 3 0x80009d70 (0x283f2a23) mem 0x80010000 0x00000001
core   0: 0x80009d74 (0xff9ff06f) j       pc - 0x8
core   0: 3 0x80009d74 (0xff9ff06f)
core   0: 0x80009d6c (0x00006f17) auipc   t5, 0x6
core   0: 3 0x80009d6c (0x00006f17) x30 0x8000fd6c
core   0: 0x80009d70 (0x283f2a23) sw      gp, 660(t5)
core   0: 3 0x80009d70 (0x283f2a23) mem 0x80010000 0x00000001
core   0: 0x80009d74 (0xff9ff06f) j       pc - 0x8
core   0: 3 0x80009d74 (0xff9ff06f)
core   0: 0x80009d6c (0x00006f17) auipc   t5, 0x6
core   0: 3 0x80009d6c (0x00006f17) x30 0x8000fd6c
core   0: 0x80009d70 (0x283f2a23) sw      gp, 660(t5)
core   0: 3 0x80009d70 (0x283f2a23) mem 0x80010000 0x00000001
core   0: 0x80009d74 (0xff9ff06f) j       pc - 0x8
core   0: 3 0x80009d74 (0xff9ff06f)
core   0: 0x80009d6c (0x00006f17) auipc   t5, 0x6
core   0: 3 0x80009d6c (0x00006f17) x30 0x8000fd6c
core   0: 0x80009d70 (0x283f2a23) sw      gp, 660(t5)
core   0: 3 0x80009d70 (0x283f2a23) mem 0x80010000 0x00000001
core   0: 0x80009d74 (0xff9ff06f) j       pc - 0x8
core   0: 3 0x80009d74 (0xff9ff06f)
core   0: 0x80009d6c (0x00006f17) auipc   t5, 0x6
core   0: 3 0x80009d6c (0x00006f17) x30 0x8000fd6c
core   0: 0x80009d70 (0x283f2a23) sw      gp, 660(t5)
core   0: 3 0x80009d70 (0x283f2a23) mem 0x80010000 0x00000001
core   0: 0x80009d74 (0xff9ff06f) j       pc - 0x8
core   0: 3 0x80009d74 (0xff9ff06f)
core   0: 0x80009d6c (0x00006f17) auipc   t5, 0x6
core   0: 3 0x80009d6c (0x00006f17) x30 0x8000fd6c
core   0: 0x80009d70 (0x283f2a23) sw      gp, 660(t5)
core   0: 3 0x80009d70 (0x283f2a23) mem 0x80010000 0x00000001
core   0: 0x80009d74 (0xff9ff06f) j       pc - 0x8
core   0: 3 0x80009d74 (0xff9ff06f)
core   0: 0x80009d6c (0x00006f17) auipc   t5, 0x6
core   0: 3 0x80009d6c (0x00006f17) x30 0x8000fd6c
core   0: 0x80009d70 (0x283f2a23) sw      gp, 660(t5)
core   0: 3 0x80009d70 (0x283f2a23) mem 0x80010000 0x00000001
core   0: 0x80009d74 (0xff9ff06f) j       pc - 0x8
core   0: 3 0x80009d74 (0xff9ff06f)
core   0: 0x80009d6c (0x00006f17) auipc   t5, 0x6
core   0: 3 0x80009d6c (0x00006f17) x30 0x8000fd6c
core   0: 0x80009d70 (0x283f2a23) sw      gp, 660(t5)
core   0: 3 0x80009d70 (0x283f2a23) mem 0x80010000 0x00000001
core   0: 0x80009d74 (0xff9ff06f) j       pc - 0x8
core   0: 3 0x80009d74 (0xff9ff06f)
core   0: 0x80009d6c (0x00006f17) auipc   t5, 0x6
core   0: 3 0x80009d6c (0x00006f17) x30 0x8000fd6c
core   0: 0x80009d70 (0x283f2a23) sw      gp, 660(t5)
core   0: 3 0x80009d70 (0x283f2a23) mem 0x80010000 0x00000001
core   0: 0x80009d74 (0xff9ff06f) j       pc - 0x8
core   0: 3 0x80009d74 (0xff9ff06f)
core   0: 0x80009d6c (0x00006f17) auipc   t5, 0x6
core   0: 3 0x80009d6c (0x00006f17) x30 0x8000fd6c
core   0: 0x80009d70 (0x283f2a23) sw      gp, 660(t5)
core   0: 3 0x80009d70 (0x283f2a23) mem 0x80010000 0x00000001
core   0: 0x80009d74 (0xff9ff06f) j       pc - 0x8
core   0: 3 0x80009d74 (0xff9ff06f)
core   0: 0x80009d6c (0x00006f17) auipc   t5, 0x6
core   0: 3 0x80009d6c (0x00006f17) x30 0x8000fd6c
core   0: 0x80009d70 (0x283f2a23) sw      gp, 660(t5)
core   0: 3 0x80009d70 (0x283f2a23) mem 0x80010000 0x00000001
core   0: 0x80009d74 (0xff9ff06f) j       pc - 0x8
core   0: 3 0x80009d74 (0xff9ff06f)
core   0: 0x80009d6c (0x00006f17) auipc   t5, 0x6
core   0: 3 0x80009d6c (0x00006f17) x30 0x8000fd6c
core   0: 0x80009d70 (0x283f2a23) sw      gp, 660(t5)
core   0: 3 0x80009d70 (0x283f2a23) mem 0x80010000 0x00000001
core   0: 0x80009d74 (0xff9ff06f) j       pc - 0x8
core   0: 3 0x80009d74 (0xff9ff06f)
core   0: 0x80009d6c (0x00006f17) auipc   t5, 0x6
core   0: 3 0x80009d6c (0x00006f17) x30 0x8000fd6c
core   0: 0x80009d70 (0x283f2a23) sw      gp, 660(t5)
core   0: 3 0x80009d70 (0x283f2a23) mem 0x80010000 0x00000001
core   0: 0x80009d74 (0xff9ff06f) j       pc - 0x8
core   0: 3 0x80009d74 (0xff9ff06f)
core   0: 0x80009d6c (0x00006f17) auipc   t5, 0x6
core   0: 3 0x80009d6c (0x00006f17) x30 0x8000fd6c
core   0: 0x80009d70 (0x283f2a23) sw      gp, 660(t5)
core   0: 3 0x80009d70 (0x283f2a23) mem 0x80010000 0x00000001
core   0: 0x80009d74 (0xff9ff06f) j       pc - 0x8
core   0: 3 0x80009d74 (0xff9ff06f)
core   0: 0x80009d6c (0x00006f17) auipc   t5, 0x6
core   0: 3 0x80009d6c (0x00006f17) x30 0x8000fd6c
core   0: 0x80009d70 (0x283f2a23) sw      gp, 660(t5)
core   0: 3 0x80009d70 (0x283f2a23) mem 0x80010000 0x00000001
core   0: 0x80009d74 (0xff9ff06f) j       pc - 0x8
core   0: 3 0x80009d74 (0xff9ff06f)
core   0: 0x80009d6c (0x00006f17) auipc   t5, 0x6
core   0: 3 0x80009d6c (0x00006f17) x30 0x8000fd6c
core   0: 0x80009d70 (0x283f2a23) sw      gp, 660(t5)
core   0: 3 0x80009d70 (0x283f2a23) mem 0x80010000 0x00000001
core   0: 0x80009d74 (0xff9ff06f) j       pc - 0x8
core   0: 3 0x80009d74 (0xff9ff06f)
core   0: 0x80009d6c (0x00006f17) auipc   t5, 0x6
core   0: 3 0x80009d6c (0x00006f17) x30 0x8000fd6c
core   0: 0x80009d70 (0x283f2a23) sw      gp, 660(t5)
core   0: 3 0x80009d70 (0x283f2a23) mem 0x80010000 0x00000001
core   0: 0x80009d74 (0xff9ff06f) j       pc - 0x8
core   0: 3 0x80009d74 (0xff9ff06f)
core   0: 0x80009d6c (0x00006f17) auipc   t5, 0x6
core   0: 3 0x80009d6c (0x00006f17) x30 0x8000fd6c
core   0: 0x80009d70 (0x283f2a23) sw      gp, 660(t5)
core   0: 3 0x80009d70 (0x283f2a23) mem 0x80010000 0x00000001
core   0: 0x80009d74 (0xff9ff06f) j       pc - 0x8
core   0: 3 0x80009d74 (0xff9ff06f)
core   0: 0x80009d6c (0x00006f17) auipc   t5, 0x6
core   0: 3 0x80009d6c (0x00006f17) x30 0x8000fd6c
core   0: 0x80009d70 (0x283f2a23) sw      gp, 660(t5)
core   0: 3 0x80009d70 (0x283f2a23) mem 0x80010000 0x00000001
core   0: 0x80009d74 (0xff9ff06f) j       pc - 0x8
core   0: 3 0x80009d74 (0xff9ff06f)
core   0: 0x80009d6c (0x00006f17) auipc   t5, 0x6
core   0: 3 0x80009d6c (0x00006f17) x30 0x8000fd6c
core   0: 0x80009d70 (0x283f2a23) sw      gp, 660(t5)
core   0: 3 0x80009d70 (0x283f2a23) mem 0x80010000 0x00000001
core   0: 0x80009d74 (0xff9ff06f) j       pc - 0x8
core   0: 3 0x80009d74 (0xff9ff06f)
core   0: 0x80009d6c (0x00006f17) auipc   t5, 0x6
core   0: 3 0x80009d6c (0x00006f17) x30 0x8000fd6c
core   0: 0x80009d70 (0x283f2a23) sw      gp, 660(t5)
core   0: 3 0x80009d70 (0x283f2a23) mem 0x80010000 0x00000001
core   0: 0x80009d74 (0xff9ff06f) j       pc - 0x8
core   0: 3 0x80009d74 (0xff9ff06f)
core   0: 0x80009d6c (0x00006f17) auipc   t5, 0x6
core   0: 3 0x80009d6c (0x00006f17) x30 0x8000fd6c
core   0: 0x80009d70 (0x283f2a23) sw      gp, 660(t5)
core   0: 3 0x80009d70 (0x283f2a23) mem 0x80010000 0x00000001
core   0: 0x80009d74 (0xff9ff06f) j       pc - 0x8
core   0: 3 0x80009d74 (0xff9ff06f)
core   0: 0x80009d6c (0x00006f17) auipc   t5, 0x6
core   0: 3 0x80009d6c (0x00006f17) x30 0x8000fd6c
core   0: 0x80009d70 (0x283f2a23) sw      gp, 660(t5)
core   0: 3 0x80009d70 (0x283f2a23) mem 0x80010000 0x00000001
core   0: 0x80009d74 (0xff9ff06f) j       pc - 0x8
core   0: 3 0x80009d74 (0xff9ff06f)
core   0: 0x80009d6c (0x00006f17) auipc   t5, 0x6
core   0: 3 0x80009d6c (0x00006f17) x30 0x8000fd6c
core   0: 0x80009d70 (0x283f2a23) sw      gp, 660(t5)
core   0: 3 0x80009d70 (0x283f2a23) mem 0x80010000 0x00000001
core   0: 0x80009d74 (0xff9ff06f) j       pc - 0x8
core   0: 3 0x80009d74 (0xff9ff06f)
core   0: 0x80009d6c (0x00006f17) auipc   t5, 0x6
core   0: 3 0x80009d6c (0x00006f17) x30 0x8000fd6c
core   0: 0x80009d70 (0x283f2a23) sw      gp, 660(t5)
core   0: 3 0x80009d70 (0x283f2a23) mem 0x80010000 0x00000001
core   0: 0x80009d74 (0xff9ff06f) j       pc - 0x8
core   0: 3 0x80009d74 (0xff9ff06f)
core   0: 0x80009d6c (0x00006f17) auipc   t5, 0x6
core   0: 3 0x80009d6c (0x00006f17) x30 0x8000fd6c
core   0: 0x80009d70 (0x283f2a23) sw      gp, 660(t5)
core   0: 3 0x80009d70 (0x283f2a23) mem 0x80010000 0x00000001
core   0: 0x80009d74 (0xff9ff06f) j       pc - 0x8
core   0: 3 0x80009d74 (0xff9ff06f)
core   0: 0x80009d6c (0x00006f17) auipc   t5, 0x6
core   0: 3 0x80009d6c (0x00006f17) x30 0x8000fd6c
core   0: 0x80009d70 (0x283f2a23) sw      gp, 660(t5)
core   0: 3 0x80009d70 (0x283f2a23) mem 0x80010000 0x00000001
core   0: 0x80009d74 (0xff9ff06f) j       pc - 0x8
core   0: 3 0x80009d74 (0xff9ff06f)
core   0: 0x80009d6c (0x00006f17) auipc   t5, 0x6
core   0: 3 0x80009d6c (0x00006f17) x30 0x8000fd6c
core   0: 0x80009d70 (0x283f2a23) sw      gp, 660(t5)
core   0: 3 0x80009d70 (0x283f2a23) mem 0x80010000 0x00000001
core   0: 0x80009d74 (0xff9ff06f) j       pc - 0x8
core   0: 3 0x80009d74 (0xff9ff06f)
core   0: 0x80009d6c (0x00006f17) auipc   t5, 0x6
core   0: 3 0x80009d6c (0x00006f17) x30 0x8000fd6c
core   0: 0x80009d70 (0x283f2a23) sw      gp, 660(t5)
core   0: 3 0x80009d70 (0x283f2a23) mem 0x80010000 0x00000001
core   0: 0x80009d74 (0xff9ff06f) j       pc - 0x8
core   0: 3 0x80009d74 (0xff9ff06f)
core   0: 0x80009d6c (0x00006f17) auipc   t5, 0x6
core   0: 3 0x80009d6c (0x00006f17) x30 0x8000fd6c
core   0: 0x80009d70 (0x283f2a23) sw      gp, 660(t5)
core   0: 3 0x80009d70 (0x283f2a23) mem 0x80010000 0x00000001
core   0: 0x80009d74 (0xff9ff06f) j       pc - 0x8
core   0: 3 0x80009d74 (0xff9ff06f)
core   0: 0x80009d6c (0x00006f17) auipc   t5, 0x6
core   0: 3 0x80009d6c (0x00006f17) x30 0x8000fd6c
core   0: 0x80009d70 (0x283f2a23) sw      gp, 660(t5)
core   0: 3 0x80009d70 (0x283f2a23) mem 0x80010000 0x00000001
core   0: 0x80009d74 (0xff9ff06f) j       pc - 0x8
core   0: 3 0x80009d74 (0xff9ff06f)
core   0: 0x80009d6c (0x00006f17) auipc   t5, 0x6
core   0: 3 0x80009d6c (0x00006f17) x30 0x8000fd6c
core   0: 0x80009d70 (0x283f2a23) sw      gp, 660(t5)
core   0: 3 0x80009d70 (0x283f2a23) mem 0x80010000 0x00000001
core   0: 0x80009d74 (0xff9ff06f) j       pc - 0x8
core   0: 3 0x80009d74 (0xff9ff06f)
core   0: 0x80009d6c (0x00006f17) auipc   t5, 0x6
core   0: 3 0x80009d6c (0x00006f17) x30 0x8000fd6c
core   0: 0x80009d70 (0x283f2a23) sw      gp, 660(t5)
core   0: 3 0x80009d70 (0x283f2a23) mem 0x80010000 0x00000001
core   0: 0x80009d74 (0xff9ff06f) j       pc - 0x8
core   0: 3 0x80009d74 (0xff9ff06f)
core   0: 0x80009d6c (0x00006f17) auipc   t5, 0x6
core   0: 3 0x80009d6c (0x00006f17) x30 0x8000fd6c
core   0: 0x80009d70 (0x283f2a23) sw      gp, 660(t5)
core   0: 3 0x80009d70 (0x283f2a23) mem 0x80010000 0x00000001
core   0: 0x80009d74 (0xff9ff06f) j       pc - 0x8
core   0: 3 0x80009d74 (0xff9ff06f)
core   0: 0x80009d6c (0x00006f17) auipc   t5, 0x6
core   0: 3 0x80009d6c (0x00006f17) x30 0x8000fd6c
core   0: 0x80009d70 (0x283f2a23) sw      gp, 660(t5)
core   0: 3 0x80009d70 (0x283f2a23) mem 0x80010000 0x00000001
core   0: 0x80009d74 (0xff9ff06f) j       pc - 0x8
core   0: 3 0x80009d74 (0xff9ff06f)
core   0: 0x80009d6c (0x00006f17) auipc   t5, 0x6
core   0: 3 0x80009d6c (0x00006f17) x30 0x8000fd6c
core   0: 0x80009d70 (0x283f2a23) sw      gp, 660(t5)
core   0: 3 0x80009d70 (0x283f2a23) mem 0x80010000 0x00000001
core   0: 0x80009d74 (0xff9ff06f) j       pc - 0x8
core   0: 3 0x80009d74 (0xff9ff06f)
core   0: 0x80009d6c (0x00006f17) auipc   t5, 0x6
core   0: 3 0x80009d6c (0x00006f17) x30 0x8000fd6c
core   0: 0x80009d70 (0x283f2a23) sw      gp, 660(t5)
core   0: 3 0x80009d70 (0x283f2a23) mem 0x80010000 0x00000001
core   0: 0x80009d74 (0xff9ff06f) j       pc - 0x8
core   0: 3 0x80009d74 (0xff9ff06f)
core   0: 0x80009d6c (0x00006f17) auipc   t5, 0x6
core   0: 3 0x80009d6c (0x00006f17) x30 0x8000fd6c
core   0: 0x80009d70 (0x283f2a23) sw      gp, 660(t5)
core   0: 3 0x80009d70 (0x283f2a23) mem 0x80010000 0x00000001
core   0: 0x80009d74 (0xff9ff06f) j       pc - 0x8
core   0: 3 0x80009d74 (0xff9ff06f)
core   0: 0x80009d6c (0x00006f17) auipc   t5, 0x6
core   0: 3 0x80009d6c (0x00006f17) x30 0x8000fd6c
core   0: 0x80009d70 (0x283f2a23) sw      gp, 660(t5)
core   0: 3 0x80009d70 (0x283f2a23) mem 0x80010000 0x00000001
core   0: 0x80009d74 (0xff9ff06f) j       pc - 0x8
core   0: 3 0x80009d74 (0xff9ff06f)
core   0: 0x80009d6c (0x00006f17) auipc   t5, 0x6
core   0: 3 0x80009d6c (0x00006f17) x30 0x8000fd6c
core   0: 0x80009d70 (0x283f2a23) sw      gp, 660(t5)
core   0: 3 0x80009d70 (0x283f2a23) mem 0x80010000 0x00000001
core   0: 0x80009d74 (0xff9ff06f) j       pc - 0x8
core   0: 3 0x80009d74 (0xff9ff06f)
core   0: 0x80009d6c (0x00006f17) auipc   t5, 0x6
core   0: 3 0x80009d6c (0x00006f17) x30 0x8000fd6c
core   0: 0x80009d70 (0x283f2a23) sw      gp, 660(t5)
core   0: 3 0x80009d70 (0x283f2a23) mem 0x80010000 0x00000001
core   0: 0x80009d74 (0xff9ff06f) j       pc - 0x8
core   0: 3 0x80009d74 (0xff9ff06f)
core   0: 0x80009d6c (0x00006f17) auipc   t5, 0x6
core   0: 3 0x80009d6c (0x00006f17) x30 0x8000fd6c
core   0: 0x80009d70 (0x283f2a23) sw      gp, 660(t5)
core   0: 3 0x80009d70 (0x283f2a23) mem 0x80010000 0x00000001
core   0: 0x80009d74 (0xff9ff06f) j       pc - 0x8
core   0: 3 0x80009d74 (0xff9ff06f)
core   0: 0x80009d6c (0x00006f17) auipc   t5, 0x6
core   0: 3 0x80009d6c (0x00006f17) x30 0x8000fd6c
core   0: 0x80009d70 (0x283f2a23) sw      gp, 660(t5)
core   0: 3 0x80009d70 (0x283f2a23) mem 0x80010000 0x00000001
core   0: 0x80009d74 (0xff9ff06f) j       pc - 0x8
core   0: 3 0x80009d74 (0xff9ff06f)
core   0: 0x80009d6c (0x00006f17) auipc   t5, 0x6
core   0: 3 0x80009d6c (0x00006f17) x30 0x8000fd6c
core   0: 0x80009d70 (0x283f2a23) sw      gp, 660(t5)
core   0: 3 0x80009d70 (0x283f2a23) mem 0x80010000 0x00000001
core   0: 0x80009d74 (0xff9ff06f) j       pc - 0x8
core   0: 3 0x80009d74 (0xff9ff06f)
core   0: 0x80009d6c (0x00006f17) auipc   t5, 0x6
core   0: 3 0x80009d6c (0x00006f17) x30 0x8000fd6c
core   0: 0x80009d70 (0x283f2a23) sw      gp, 660(t5)
core   0: 3 0x80009d70 (0x283f2a23) mem 0x80010000 0x00000001
core   0: 0x80009d74 (0xff9ff06f) j       pc - 0x8
core   0: 3 0x80009d74 (0xff9ff06f)
core   0: 0x80009d6c (0x00006f17) auipc   t5, 0x6
core   0: 3 0x80009d6c (0x00006f17) x30 0x8000fd6c
core   0: 0x80009d70 (0x283f2a23) sw      gp, 660(t5)
core   0: 3 0x80009d70 (0x283f2a23) mem 0x80010000 0x00000001
core   0: 0x80009d74 (0xff9ff06f) j       pc - 0x8
core   0: 3 0x80009d74 (0xff9ff06f)
core   0: 0x80009d6c (0x00006f17) auipc   t5, 0x6
core   0: 3 0x80009d6c (0x00006f17) x30 0x8000fd6c
core   0: 0x80009d70 (0x283f2a23) sw      gp, 660(t5)
core   0: 3 0x80009d70 (0x283f2a23) mem 0x80010000 0x00000001
core   0: 0x80009d74 (0xff9ff06f) j       pc - 0x8
core   0: 3 0x80009d74 (0xff9ff06f)
core   0: 0x80009d6c (0x00006f17) auipc   t5, 0x6
core   0: 3 0x80009d6c (0x00006f17) x30 0x8000fd6c
core   0: 0x80009d70 (0x283f2a23) sw      gp, 660(t5)
core   0: 3 0x80009d70 (0x283f2a23) mem 0x80010000 0x00000001
core   0: 0x80009d74 (0xff9ff06f) j       pc - 0x8
core   0: 3 0x80009d74 (0xff9ff06f)
core   0: 0x80009d6c (0x00006f17) auipc   t5, 0x6
core   0: 3 0x80009d6c (0x00006f17) x30 0x8000fd6c
core   0: 0x80009d70 (0x283f2a23) sw      gp, 660(t5)
core   0: 3 0x80009d70 (0x283f2a23) mem 0x80010000 0x00000001
core   0: 0x80009d74 (0xff9ff06f) j       pc - 0x8
core   0: 3 0x80009d74 (0xff9ff06f)
core   0: 0x80009d6c (0x00006f17) auipc   t5, 0x6
core   0: 3 0x80009d6c (0x00006f17) x30 0x8000fd6c
core   0: 0x80009d70 (0x283f2a23) sw      gp, 660(t5)
core   0: 3 0x80009d70 (0x283f2a23) mem 0x80010000 0x00000001
core   0: 0x80009d74 (0xff9ff06f) j       pc - 0x8
core   0: 3 0x80009d74 (0xff9ff06f)
core   0: 0x80009d6c (0x00006f17) auipc   t5, 0x6
core   0: 3 0x80009d6c (0x00006f17) x30 0x8000fd6c
core   0: 0x80009d70 (0x283f2a23) sw      gp, 660(t5)
core   0: 3 0x80009d70 (0x283f2a23) mem 0x80010000 0x00000001
core   0: 0x80009d74 (0xff9ff06f) j       pc - 0x8
core   0: 3 0x80009d74 (0xff9ff06f)
core   0: 0x80009d6c (0x00006f17) auipc   t5, 0x6
core   0: 3 0x80009d6c (0x00006f17) x30 0x8000fd6c
core   0: 0x80009d70 (0x283f2a23) sw      gp, 660(t5)
core   0: 3 0x80009d70 (0x283f2a23) mem 0x80010000 0x00000001
core   0: 0x80009d74 (0xff9ff06f) j       pc - 0x8
core   0: 3 0x80009d74 (0xff9ff06f)
core   0: 0x80009d6c (0x00006f17) auipc   t5, 0x6
core   0: 3 0x80009d6c (0x00006f17) x30 0x8000fd6c
core   0: 0x80009d70 (0x283f2a23) sw      gp, 660(t5)
core   0: 3 0x80009d70 (0x283f2a23) mem 0x80010000 0x00000001
core   0: 0x80009d74 (0xff9ff06f) j       pc - 0x8
core   0: 3 0x80009d74 (0xff9ff06f)
core   0: 0x80009d6c (0x00006f17) auipc   t5, 0x6
core   0: 3 0x80009d6c (0x00006f17) x30 0x8000fd6c
core   0: 0x80009d70 (0x283f2a23) sw      gp, 660(t5)
core   0: 3 0x80009d70 (0x283f2a23) mem 0x80010000 0x00000001
core   0: 0x80009d74 (0xff9ff06f) j       pc - 0x8
core   0: 3 0x80009d74 (0xff9ff06f)
core   0: 0x80009d6c (0x00006f17) auipc   t5, 0x6
core   0: 3 0x80009d6c (0x00006f17) x30 0x8000fd6c
core   0: 0x80009d70 (0x283f2a23) sw      gp, 660(t5)
core   0: 3 0x80009d70 (0x283f2a23) mem 0x80010000 0x00000001
core   0: 0x80009d74 (0xff9ff06f) j       pc - 0x8
core   0: 3 0x80009d74 (0xff9ff06f)
core   0: 0x80009d6c (0x00006f17) auipc   t5, 0x6
core   0: 3 0x80009d6c (0x00006f17) x30 0x8000fd6c
core   0: 0x80009d70 (0x283f2a23) sw      gp, 660(t5)
core   0: 3 0x80009d70 (0x283f2a23) mem 0x80010000 0x00000001
core   0: 0x80009d74 (0xff9ff06f) j       pc - 0x8
core   0: 3 0x80009d74 (0xff9ff06f)
core   0: 0x80009d6c (0x00006f17) auipc   t5, 0x6
core   0: 3 0x80009d6c (0x00006f17) x30 0x8000fd6c
core   0: 0x80009d70 (0x283f2a23) sw      gp, 660(t5)
core   0: 3 0x80009d70 (0x283f2a23) mem 0x80010000 0x00000001
core   0: 0x80009d74 (0xff9ff06f) j       pc - 0x8
core   0: 3 0x80009d74 (0xff9ff06f)
core   0: 0x80009d6c (0x00006f17) auipc   t5, 0x6
core   0: 3 0x80009d6c (0x00006f17) x30 0x8000fd6c
core   0: 0x80009d70 (0x283f2a23) sw      gp, 660(t5)
core   0: 3 0x80009d70 (0x283f2a23) mem 0x80010000 0x00000001
core   0: 0x80009d74 (0xff9ff06f) j       pc - 0x8
core   0: 3 0x80009d74 (0xff9ff06f)
core   0: 0x80009d6c (0x00006f17) auipc   t5, 0x6
core   0: 3 0x80009d6c (0x00006f17) x30 0x8000fd6c
core   0: 0x80009d70 (0x283f2a23) sw      gp, 660(t5)
core   0: 3 0x80009d70 (0x283f2a23) mem 0x80010000 0x00000001
core   0: 0x80009d74 (0xff9ff06f) j       pc - 0x8
core   0: 3 0x80009d74 (0xff9ff06f)
core   0: 0x80009d6c (0x00006f17) auipc   t5, 0x6
core   0: 3 0x80009d6c (0x00006f17) x30 0x8000fd6c
core   0: 0x80009d70 (0x283f2a23) sw      gp, 660(t5)
core   0: 3 0x80009d70 (0x283f2a23) mem 0x80010000 0x00000001
core   0: 0x80009d74 (0xff9ff06f) j       pc - 0x8
core   0: 3 0x80009d74 (0xff9ff06f)
core   0: 0x80009d6c (0x00006f17) auipc   t5, 0x6
core   0: 3 0x80009d6c (0x00006f17) x30 0x8000fd6c
core   0: 0x80009d70 (0x283f2a23) sw      gp, 660(t5)
core   0: 3 0x80009d70 (0x283f2a23) mem 0x80010000 0x00000001
core   0: 0x80009d74 (0xff9ff06f) j       pc - 0x8
core   0: 3 0x80009d74 (0xff9ff06f)
core   0: 0x80009d6c (0x00006f17) auipc   t5, 0x6
core   0: 3 0x80009d6c (0x00006f17) x30 0x8000fd6c
core   0: 0x80009d70 (0x283f2a23) sw      gp, 660(t5)
core   0: 3 0x80009d70 (0x283f2a23) mem 0x80010000 0x00000001
core   0: 0x80009d74 (0xff9ff06f) j       pc - 0x8
core   0: 3 0x80009d74 (0xff9ff06f)
core   0: 0x80009d6c (0x00006f17) auipc   t5, 0x6
core   0: 3 0x80009d6c (0x00006f17) x30 0x8000fd6c
core   0: 0x80009d70 (0x283f2a23) sw      gp, 660(t5)
core   0: 3 0x80009d70 (0x283f2a23) mem 0x80010000 0x00000001
core   0: 0x80009d74 (0xff9ff06f) j       pc - 0x8
core   0: 3 0x80009d74 (0xff9ff06f)
core   0: 0x80009d6c (0x00006f17) auipc   t5, 0x6
core   0: 3 0x80009d6c (0x00006f17) x30 0x8000fd6c
core   0: 0x80009d70 (0x283f2a23) sw      gp, 660(t5)
core   0: 3 0x80009d70 (0x283f2a23) mem 0x80010000 0x00000001
core   0: 0x80009d74 (0xff9ff06f) j       pc - 0x8
core   0: 3 0x80009d74 (0xff9ff06f)
core   0: 0x80009d6c (0x00006f17) auipc   t5, 0x6
core   0: 3 0x80009d6c (0x00006f17) x30 0x8000fd6c
core   0: 0x80009d70 (0x283f2a23) sw      gp, 660(t5)
core   0: 3 0x80009d70 (0x283f2a23) mem 0x80010000 0x00000001
core   0: 0x80009d74 (0xff9ff06f) j       pc - 0x8
core   0: 3 0x80009d74 (0xff9ff06f)
core   0: 0x80009d6c (0x00006f17) auipc   t5, 0x6
core   0: 3 0x80009d6c (0x00006f17) x30 0x8000fd6c
core   0: 0x80009d70 (0x283f2a23) sw      gp, 660(t5)
core   0: 3 0x80009d70 (0x283f2a23) mem 0x80010000 0x00000001
core   0: 0x80009d74 (0xff9ff06f) j       pc - 0x8
core   0: 3 0x80009d74 (0xff9ff06f)
core   0: 0x80009d6c (0x00006f17) auipc   t5, 0x6
core   0: 3 0x80009d6c (0x00006f17) x30 0x8000fd6c
core   0: 0x80009d70 (0x283f2a23) sw      gp, 660(t5)
core   0: 3 0x80009d70 (0x283f2a23) mem 0x80010000 0x00000001
core   0: 0x80009d74 (0xff9ff06f) j       pc - 0x8
core   0: 3 0x80009d74 (0xff9ff06f)
core   0: 0x80009d6c (0x00006f17) auipc   t5, 0x6
core   0: 3 0x80009d6c (0x00006f17) x30 0x8000fd6c
core   0: 0x80009d70 (0x283f2a23) sw      gp, 660(t5)
core   0: 3 0x80009d70 (0x283f2a23) mem 0x80010000 0x00000001
core   0: 0x80009d74 (0xff9ff06f) j       pc - 0x8
core   0: 3 0x80009d74 (0xff9ff06f)
core   0: 0x80009d6c (0x00006f17) auipc   t5, 0x6
core   0: 3 0x80009d6c (0x00006f17) x30 0x8000fd6c
core   0: 0x80009d70 (0x283f2a23) sw      gp, 660(t5)
core   0: 3 0x80009d70 (0x283f2a23) mem 0x80010000 0x00000001
core   0: 0x80009d74 (0xff9ff06f) j       pc - 0x8
core   0: 3 0x80009d74 (0xff9ff06f)
core   0: 0x80009d6c (0x00006f17) auipc   t5, 0x6
core   0: 3 0x80009d6c (0x00006f17) x30 0x8000fd6c
core   0: 0x80009d70 (0x283f2a23) sw      gp, 660(t5)
core   0: 3 0x80009d70 (0x283f2a23) mem 0x80010000 0x00000001
core   0: 0x80009d74 (0xff9ff06f) j       pc - 0x8
core   0: 3 0x80009d74 (0xff9ff06f)
core   0: 0x80009d6c (0x00006f17) auipc   t5, 0x6
core   0: 3 0x80009d6c (0x00006f17) x30 0x8000fd6c
core   0: 0x80009d70 (0x283f2a23) sw      gp, 660(t5)
core   0: 3 0x80009d70 (0x283f2a23) mem 0x80010000 0x00000001
core   0: 0x80009d74 (0xff9ff06f) j       pc - 0x8
core   0: 3 0x80009d74 (0xff9ff06f)
core   0: 0x80009d6c (0x00006f17) auipc   t5, 0x6
core   0: 3 0x80009d6c (0x00006f17) x30 0x8000fd6c
core   0: 0x80009d70 (0x283f2a23) sw      gp, 660(t5)
core   0: 3 0x80009d70 (0x283f2a23) mem 0x80010000 0x00000001
core   0: 0x80009d74 (0xff9ff06f) j       pc - 0x8
core   0: 3 0x80009d74 (0xff9ff06f)
core   0: 0x80009d6c (0x00006f17) auipc   t5, 0x6
core   0: 3 0x80009d6c (0x00006f17) x30 0x8000fd6c
core   0: 0x80009d70 (0x283f2a23) sw      gp, 660(t5)
core   0: 3 0x80009d70 (0x283f2a23) mem 0x80010000 0x00000001
core   0: 0x80009d74 (0xff9ff06f) j       pc - 0x8
core   0: 3 0x80009d74 (0xff9ff06f)
core   0: 0x80009d6c (0x00006f17) auipc   t5, 0x6
core   0: 3 0x80009d6c (0x00006f17) x30 0x8000fd6c
core   0: 0x80009d70 (0x283f2a23) sw      gp, 660(t5)
core   0: 3 0x80009d70 (0x283f2a23) mem 0x80010000 0x00000001
core   0: 0x80009d74 (0xff9ff06f) j       pc - 0x8
core   0: 3 0x80009d74 (0xff9ff06f)
core   0: 0x80009d6c (0x00006f17) auipc   t5, 0x6
core   0: 3 0x80009d6c (0x00006f17) x30 0x8000fd6c
core   0: 0x80009d70 (0x283f2a23) sw      gp, 660(t5)
core   0: 3 0x80009d70 (0x283f2a23) mem 0x80010000 0x00000001
core   0: 0x80009d74 (0xff9ff06f) j       pc - 0x8
core   0: 3 0x80009d74 (0xff9ff06f)
core   0: 0x80009d6c (0x00006f17) auipc   t5, 0x6
core   0: 3 0x80009d6c (0x00006f17) x30 0x8000fd6c
core   0: 0x80009d70 (0x283f2a23) sw      gp, 660(t5)
core   0: 3 0x80009d70 (0x283f2a23) mem 0x80010000 0x00000001
core   0: 0x80009d74 (0xff9ff06f) j       pc - 0x8
core   0: 3 0x80009d74 (0xff9ff06f)
core   0: 0x80009d6c (0x00006f17) auipc   t5, 0x6
core   0: 3 0x80009d6c (0x00006f17) x30 0x8000fd6c
core   0: 0x80009d70 (0x283f2a23) sw      gp, 660(t5)
core   0: 3 0x80009d70 (0x283f2a23) mem 0x80010000 0x00000001
core   0: 0x80009d74 (0xff9ff06f) j       pc - 0x8
core   0: 3 0x80009d74 (0xff9ff06f)
core   0: 0x80009d6c (0x00006f17) auipc   t5, 0x6
core   0: 3 0x80009d6c (0x00006f17) x30 0x8000fd6c
core   0: 0x80009d70 (0x283f2a23) sw      gp, 660(t5)
core   0: 3 0x80009d70 (0x283f2a23) mem 0x80010000 0x00000001
core   0: 0x80009d74 (0xff9ff06f) j       pc - 0x8
core   0: 3 0x80009d74 (0xff9ff06f)
core   0: 0x80009d6c (0x00006f17) auipc   t5, 0x6
core   0: 3 0x80009d6c (0x00006f17) x30 0x8000fd6c
core   0: 0x80009d70 (0x283f2a23) sw      gp, 660(t5)
core   0: 3 0x80009d70 (0x283f2a23) mem 0x80010000 0x00000001
core   0: 0x80009d74 (0xff9ff06f) j       pc - 0x8
core   0: 3 0x80009d74 (0xff9ff06f)
core   0: 0x80009d6c (0x00006f17) auipc   t5, 0x6
core   0: 3 0x80009d6c (0x00006f17) x30 0x8000fd6c
core   0: 0x80009d70 (0x283f2a23) sw      gp, 660(t5)
core   0: 3 0x80009d70 (0x283f2a23) mem 0x80010000 0x00000001
core   0: 0x80009d74 (0xff9ff06f) j       pc - 0x8
core   0: 3 0x80009d74 (0xff9ff06f)
core   0: 0x80009d6c (0x00006f17) auipc   t5, 0x6
core   0: 3 0x80009d6c (0x00006f17) x30 0x8000fd6c
core   0: 0x80009d70 (0x283f2a23) sw      gp, 660(t5)
core   0: 3 0x80009d70 (0x283f2a23) mem 0x80010000 0x00000001
core   0: 0x80009d74 (0xff9ff06f) j       pc - 0x8
core   0: 3 0x80009d74 (0xff9ff06f)
core   0: 0x80009d6c (0x00006f17) auipc   t5, 0x6
core   0: 3 0x80009d6c (0x00006f17) x30 0x8000fd6c
core   0: 0x80009d70 (0x283f2a23) sw      gp, 660(t5)
core   0: 3 0x80009d70 (0x283f2a23) mem 0x80010000 0x00000001
core   0: 0x80009d74 (0xff9ff06f) j       pc - 0x8
core   0: 3 0x80009d74 (0xff9ff06f)
core   0: 0x80009d6c (0x00006f17) auipc   t5, 0x6
core   0: 3 0x80009d6c (0x00006f17) x30 0x8000fd6c
core   0: 0x80009d70 (0x283f2a23) sw      gp, 660(t5)
core   0: 3 0x80009d70 (0x283f2a23) mem 0x80010000 0x00000001
core   0: 0x80009d74 (0xff9ff06f) j       pc - 0x8
core   0: 3 0x80009d74 (0xff9ff06f)
core   0: 0x80009d6c (0x00006f17) auipc   t5, 0x6
core   0: 3 0x80009d6c (0x00006f17) x30 0x8000fd6c
core   0: 0x80009d70 (0x283f2a23) sw      gp, 660(t5)
core   0: 3 0x80009d70 (0x283f2a23) mem 0x80010000 0x00000001
core   0: 0x80009d74 (0xff9ff06f) j       pc - 0x8
core   0: 3 0x80009d74 (0xff9ff06f)
core   0: 0x80009d6c (0x00006f17) auipc   t5, 0x6
core   0: 3 0x80009d6c (0x00006f17) x30 0x8000fd6c
core   0: 0x80009d70 (0x283f2a23) sw      gp, 660(t5)
core   0: 3 0x80009d70 (0x283f2a23) mem 0x80010000 0x00000001
core   0: 0x80009d74 (0xff9ff06f) j       pc - 0x8
core   0: 3 0x80009d74 (0xff9ff06f)
core   0: 0x80009d6c (0x00006f17) auipc   t5, 0x6
core   0: 3 0x80009d6c (0x00006f17) x30 0x8000fd6c
core   0: 0x80009d70 (0x283f2a23) sw      gp, 660(t5)
core   0: 3 0x80009d70 (0x283f2a23) mem 0x80010000 0x00000001
core   0: 0x80009d74 (0xff9ff06f) j       pc - 0x8
core   0: 3 0x80009d74 (0xff9ff06f)
core   0: 0x80009d6c (0x00006f17) auipc   t5, 0x6
core   0: 3 0x80009d6c (0x00006f17) x30 0x8000fd6c
core   0: 0x80009d70 (0x283f2a23) sw      gp, 660(t5)
core   0: 3 0x80009d70 (0x283f2a23) mem 0x80010000 0x00000001
core   0: 0x80009d74 (0xff9ff06f) j       pc - 0x8
core   0: 3 0x80009d74 (0xff9ff06f)
core   0: 0x80009d6c (0x00006f17) auipc   t5, 0x6
core   0: 3 0x80009d6c (0x00006f17) x30 0x8000fd6c
core   0: 0x80009d70 (0x283f2a23) sw      gp, 660(t5)
core   0: 3 0x80009d70 (0x283f2a23) mem 0x80010000 0x00000001
core   0: 0x80009d74 (0xff9ff06f) j       pc - 0x8
core   0: 3 0x80009d74 (0xff9ff06f)
core   0: 0x80009d6c (0x00006f17) auipc   t5, 0x6
core   0: 3 0x80009d6c (0x00006f17) x30 0x8000fd6c
core   0: 0x80009d70 (0x283f2a23) sw      gp, 660(t5)
core   0: 3 0x80009d70 (0x283f2a23) mem 0x80010000 0x00000001
core   0: 0x80009d74 (0xff9ff06f) j       pc - 0x8
core   0: 3 0x80009d74 (0xff9ff06f)
core   0: 0x80009d6c (0x00006f17) auipc   t5, 0x6
core   0: 3 0x80009d6c (0x00006f17) x30 0x8000fd6c
core   0: 0x80009d70 (0x283f2a23) sw      gp, 660(t5)
core   0: 3 0x80009d70 (0x283f2a23) mem 0x80010000 0x00000001
core   0: 0x80009d74 (0xff9ff06f) j       pc - 0x8
core   0: 3 0x80009d74 (0xff9ff06f)
core   0: 0x80009d6c (0x00006f17) auipc   t5, 0x6
core   0: 3 0x80009d6c (0x00006f17) x30 0x8000fd6c
core   0: 0x80009d70 (0x283f2a23) sw      gp, 660(t5)
core   0: 3 0x80009d70 (0x283f2a23) mem 0x80010000 0x00000001
core   0: 0x80009d74 (0xff9ff06f) j       pc - 0x8
core   0: 3 0x80009d74 (0xff9ff06f)
core   0: 0x80009d6c (0x00006f17) auipc   t5, 0x6
core   0: 3 0x80009d6c (0x00006f17) x30 0x8000fd6c
core   0: 0x80009d70 (0x283f2a23) sw      gp, 660(t5)
core   0: 3 0x80009d70 (0x283f2a23) mem 0x80010000 0x00000001
core   0: 0x80009d74 (0xff9ff06f) j       pc - 0x8
core   0: 3 0x80009d74 (0xff9ff06f)
core   0: 0x80009d6c (0x00006f17) auipc   t5, 0x6
core   0: 3 0x80009d6c (0x00006f17) x30 0x8000fd6c
core   0: 0x80009d70 (0x283f2a23) sw      gp, 660(t5)
core   0: 3 0x80009d70 (0x283f2a23) mem 0x80010000 0x00000001
core   0: 0x80009d74 (0xff9ff06f) j       pc - 0x8
core   0: 3 0x80009d74 (0xff9ff06f)
core   0: 0x80009d6c (0x00006f17) auipc   t5, 0x6
core   0: 3 0x80009d6c (0x00006f17) x30 0x8000fd6c
core   0: 0x80009d70 (0x283f2a23) sw      gp, 660(t5)
core   0: 3 0x80009d70 (0x283f2a23) mem 0x80010000 0x00000001
core   0: 0x80009d74 (0xff9ff06f) j       pc - 0x8
core   0: 3 0x80009d74 (0xff9ff06f)
core   0: 0x80009d6c (0x00006f17) auipc   t5, 0x6
core   0: 3 0x80009d6c (0x00006f17) x30 0x8000fd6c
core   0: 0x80009d70 (0x283f2a23) sw      gp, 660(t5)
core   0: 3 0x80009d70 (0x283f2a23) mem 0x80010000 0x00000001
core   0: 0x80009d74 (0xff9ff06f) j       pc - 0x8
core   0: 3 0x80009d74 (0xff9ff06f)
core   0: 0x80009d6c (0x00006f17) auipc   t5, 0x6
core   0: 3 0x80009d6c (0x00006f17) x30 0x8000fd6c
core   0: 0x80009d70 (0x283f2a23) sw      gp, 660(t5)
core   0: 3 0x80009d70 (0x283f2a23) mem 0x80010000 0x00000001
core   0: 0x80009d74 (0xff9ff06f) j       pc - 0x8
core   0: 3 0x80009d74 (0xff9ff06f)
core   0: 0x80009d6c (0x00006f17) auipc   t5, 0x6
core   0: 3 0x80009d6c (0x00006f17) x30 0x8000fd6c
core   0: 0x80009d70 (0x283f2a23) sw      gp, 660(t5)
core   0: 3 0x80009d70 (0x283f2a23) mem 0x80010000 0x00000001
core   0: 0x80009d74 (0xff9ff06f) j       pc - 0x8
core   0: 3 0x80009d74 (0xff9ff06f)
core   0: 0x80009d6c (0x00006f17) auipc   t5, 0x6
core   0: 3 0x80009d6c (0x00006f17) x30 0x8000fd6c
core   0: 0x80009d70 (0x283f2a23) sw      gp, 660(t5)
core   0: 3 0x80009d70 (0x283f2a23) mem 0x80010000 0x00000001
core   0: 0x80009d74 (0xff9ff06f) j       pc - 0x8
core   0: 3 0x80009d74 (0xff9ff06f)
core   0: 0x80009d6c (0x00006f17) auipc   t5, 0x6
core   0: 3 0x80009d6c (0x00006f17) x30 0x8000fd6c
core   0: 0x80009d70 (0x283f2a23) sw      gp, 660(t5)
core   0: 3 0x80009d70 (0x283f2a23) mem 0x80010000 0x00000001
core   0: 0x80009d74 (0xff9ff06f) j       pc - 0x8
core   0: 3 0x80009d74 (0xff9ff06f)
core   0: 0x80009d6c (0x00006f17) auipc   t5, 0x6
core   0: 3 0x80009d6c (0x00006f17) x30 0x8000fd6c
core   0: 0x80009d70 (0x283f2a23) sw      gp, 660(t5)
core   0: 3 0x80009d70 (0x283f2a23) mem 0x80010000 0x00000001
core   0: 0x80009d74 (0xff9ff06f) j       pc - 0x8
core   0: 3 0x80009d74 (0xff9ff06f)
core   0: 0x80009d6c (0x00006f17) auipc   t5, 0x6
core   0: 3 0x80009d6c (0x00006f17) x30 0x8000fd6c
core   0: 0x80009d70 (0x283f2a23) sw      gp, 660(t5)
core   0: 3 0x80009d70 (0x283f2a23) mem 0x80010000 0x00000001
core   0: 0x80009d74 (0xff9ff06f) j       pc - 0x8
core   0: 3 0x80009d74 (0xff9ff06f)
core   0: 0x80009d6c (0x00006f17) auipc   t5, 0x6
core   0: 3 0x80009d6c (0x00006f17) x30 0x8000fd6c
core   0: 0x80009d70 (0x283f2a23) sw      gp, 660(t5)
core   0: 3 0x80009d70 (0x283f2a23) mem 0x80010000 0x00000001
core   0: 0x80009d74 (0xff9ff06f) j       pc - 0x8
core   0: 3 0x80009d74 (0xff9ff06f)
core   0: 0x80009d6c (0x00006f17) auipc   t5, 0x6
core   0: 3 0x80009d6c (0x00006f17) x30 0x8000fd6c
core   0: 0x80009d70 (0x283f2a23) sw      gp, 660(t5)
core   0: 3 0x80009d70 (0x283f2a23) mem 0x80010000 0x00000001
core   0: 0x80009d74 (0xff9ff06f) j       pc - 0x8
core   0: 3 0x80009d74 (0xff9ff06f)
core   0: 0x80009d6c (0x00006f17) auipc   t5, 0x6
core   0: 3 0x80009d6c (0x00006f17) x30 0x8000fd6c
core   0: 0x80009d70 (0x283f2a23) sw      gp, 660(t5)
core   0: 3 0x80009d70 (0x283f2a23) mem 0x80010000 0x00000001
core   0: 0x80009d74 (0xff9ff06f) j       pc - 0x8
core   0: 3 0x80009d74 (0xff9ff06f)
core   0: 0x80009d6c (0x00006f17) auipc   t5, 0x6
core   0: 3 0x80009d6c (0x00006f17) x30 0x8000fd6c
core   0: 0x80009d70 (0x283f2a23) sw      gp, 660(t5)
core   0: 3 0x80009d70 (0x283f2a23) mem 0x80010000 0x00000001
core   0: 0x80009d74 (0xff9ff06f) j       pc - 0x8
core   0: 3 0x80009d74 (0xff9ff06f)
core   0: 0x80009d6c (0x00006f17) auipc   t5, 0x6
core   0: 3 0x80009d6c (0x00006f17) x30 0x8000fd6c
core   0: 0x80009d70 (0x283f2a23) sw      gp, 660(t5)
core   0: 3 0x80009d70 (0x283f2a23) mem 0x80010000 0x00000001
core   0: 0x80009d74 (0xff9ff06f) j       pc - 0x8
core   0: 3 0x80009d74 (0xff9ff06f)
core   0: 0x80009d6c (0x00006f17) auipc   t5, 0x6
core   0: 3 0x80009d6c (0x00006f17) x30 0x8000fd6c
core   0: 0x80009d70 (0x283f2a23) sw      gp, 660(t5)
core   0: 3 0x80009d70 (0x283f2a23) mem 0x80010000 0x00000001
core   0: 0x80009d74 (0xff9ff06f) j       pc - 0x8
core   0: 3 0x80009d74 (0xff9ff06f)
core   0: 0x80009d6c (0x00006f17) auipc   t5, 0x6
core   0: 3 0x80009d6c (0x00006f17) x30 0x8000fd6c
core   0: 0x80009d70 (0x283f2a23) sw      gp, 660(t5)
core   0: 3 0x80009d70 (0x283f2a23) mem 0x80010000 0x00000001
core   0: 0x80009d74 (0xff9ff06f) j       pc - 0x8
core   0: 3 0x80009d74 (0xff9ff06f)
core   0: 0x80009d6c (0x00006f17) auipc   t5, 0x6
core   0: 3 0x80009d6c (0x00006f17) x30 0x8000fd6c
core   0: 0x80009d70 (0x283f2a23) sw      gp, 660(t5)
core   0: 3 0x80009d70 (0x283f2a23) mem 0x80010000 0x00000001
core   0: 0x80009d74 (0xff9ff06f) j       pc - 0x8
core   0: 3 0x80009d74 (0xff9ff06f)
core   0: 0x80009d6c (0x00006f17) auipc   t5, 0x6
core   0: 3 0x80009d6c (0x00006f17) x30 0x8000fd6c
core   0: 0x80009d70 (0x283f2a23) sw      gp, 660(t5)
core   0: 3 0x80009d70 (0x283f2a23) mem 0x80010000 0x00000001
core   0: 0x80009d74 (0xff9ff06f) j       pc - 0x8
core   0: 3 0x80009d74 (0xff9ff06f)
core   0: 0x80009d6c (0x00006f17) auipc   t5, 0x6
core   0: 3 0x80009d6c (0x00006f17) x30 0x8000fd6c
core   0: 0x80009d70 (0x283f2a23) sw      gp, 660(t5)
core   0: 3 0x80009d70 (0x283f2a23) mem 0x80010000 0x00000001
core   0: 0x80009d74 (0xff9ff06f) j       pc - 0x8
core   0: 3 0x80009d74 (0xff9ff06f)
core   0: 0x80009d6c (0x00006f17) auipc   t5, 0x6
core   0: 3 0x80009d6c (0x00006f17) x30 0x8000fd6c
core   0: 0x80009d70 (0x283f2a23) sw      gp, 660(t5)
core   0: 3 0x80009d70 (0x283f2a23) mem 0x80010000 0x00000001
core   0: 0x80009d74 (0xff9ff06f) j       pc - 0x8
core   0: 3 0x80009d74 (0xff9ff06f)
core   0: 0x80009d6c (0x00006f17) auipc   t5, 0x6
core   0: 3 0x80009d6c (0x00006f17) x30 0x8000fd6c
core   0: 0x80009d70 (0x283f2a23) sw      gp, 660(t5)
core   0: 3 0x80009d70 (0x283f2a23) mem 0x80010000 0x00000001
core   0: 0x80009d74 (0xff9ff06f) j       pc - 0x8
core   0: 3 0x80009d74 (0xff9ff06f)
core   0: 0x80009d6c (0x00006f17) auipc   t5, 0x6
core   0: 3 0x80009d6c (0x00006f17) x30 0x8000fd6c
core   0: 0x80009d70 (0x283f2a23) sw      gp, 660(t5)
core   0: 3 0x80009d70 (0x283f2a23) mem 0x80010000 0x00000001
core   0: 0x80009d74 (0xff9ff06f) j       pc - 0x8
core   0: 3 0x80009d74 (0xff9ff06f)
core   0: 0x80009d6c (0x00006f17) auipc   t5, 0x6
core   0: 3 0x80009d6c (0x00006f17) x30 0x8000fd6c
core   0: 0x80009d70 (0x283f2a23) sw      gp, 660(t5)
core   0: 3 0x80009d70 (0x283f2a23) mem 0x80010000 0x00000001
core   0: 0x80009d74 (0xff9ff06f) j       pc - 0x8
core   0: 3 0x80009d74 (0xff9ff06f)
core   0: 0x80009d6c (0x00006f17) auipc   t5, 0x6
core   0: 3 0x80009d6c (0x00006f17) x30 0x8000fd6c
core   0: 0x80009d70 (0x283f2a23) sw      gp, 660(t5)
core   0: 3 0x80009d70 (0x283f2a23) mem 0x80010000 0x00000001
core   0: 0x80009d74 (0xff9ff06f) j       pc - 0x8
core   0: 3 0x80009d74 (0xff9ff06f)
core   0: 0x80009d6c (0x00006f17) auipc   t5, 0x6
core   0: 3 0x80009d6c (0x00006f17) x30 0x8000fd6c
core   0: 0x80009d70 (0x283f2a23) sw      gp, 660(t5)
core   0: 3 0x80009d70 (0x283f2a23) mem 0x80010000 0x00000001
core   0: 0x80009d74 (0xff9ff06f) j       pc - 0x8
core   0: 3 0x80009d74 (0xff9ff06f)
core   0: 0x80009d6c (0x00006f17) auipc   t5, 0x6
core   0: 3 0x80009d6c (0x00006f17) x30 0x8000fd6c
core   0: 0x80009d70 (0x283f2a23) sw      gp, 660(t5)
core   0: 3 0x80009d70 (0x283f2a23) mem 0x80010000 0x00000001
core   0: 0x80009d74 (0xff9ff06f) j       pc - 0x8
core   0: 3 0x80009d74 (0xff9ff06f)
core   0: 0x80009d6c (0x00006f17) auipc   t5, 0x6
core   0: 3 0x80009d6c (0x00006f17) x30 0x8000fd6c
core   0: 0x80009d70 (0x283f2a23) sw      gp, 660(t5)
core   0: 3 0x80009d70 (0x283f2a23) mem 0x80010000 0x00000001
core   0: 0x80009d74 (0xff9ff06f) j       pc - 0x8
core   0: 3 0x80009d74 (0xff9ff06f)
core   0: 0x80009d6c (0x00006f17) auipc   t5, 0x6
core   0: 3 0x80009d6c (0x00006f17) x30 0x8000fd6c
core   0: 0x80009d70 (0x283f2a23) sw      gp, 660(t5)
core   0: 3 0x80009d70 (0x283f2a23) mem 0x80010000 0x00000001
core   0: 0x80009d74 (0xff9ff06f) j       pc - 0x8
core   0: 3 0x80009d74 (0xff9ff06f)
core   0: 0x80009d6c (0x00006f17) auipc   t5, 0x6
core   0: 3 0x80009d6c (0x00006f17) x30 0x8000fd6c
core   0: 0x80009d70 (0x283f2a23) sw      gp, 660(t5)
core   0: 3 0x80009d70 (0x283f2a23) mem 0x80010000 0x00000001
core   0: 0x80009d74 (0xff9ff06f) j       pc - 0x8
core   0: 3 0x80009d74 (0xff9ff06f)
core   0: 0x80009d6c (0x00006f17) auipc   t5, 0x6
core   0: 3 0x80009d6c (0x00006f17) x30 0x8000fd6c
core   0: 0x80009d70 (0x283f2a23) sw      gp, 660(t5)
core   0: 3 0x80009d70 (0x283f2a23) mem 0x80010000 0x00000001
core   0: 0x80009d74 (0xff9ff06f) j       pc - 0x8
core   0: 3 0x80009d74 (0xff9ff06f)
core   0: 0x80009d6c (0x00006f17) auipc   t5, 0x6
core   0: 3 0x80009d6c (0x00006f17) x30 0x8000fd6c
core   0: 0x80009d70 (0x283f2a23) sw      gp, 660(t5)
core   0: 3 0x80009d70 (0x283f2a23) mem 0x80010000 0x00000001
core   0: 0x80009d74 (0xff9ff06f) j       pc - 0x8
core   0: 3 0x80009d74 (0xff9ff06f)
core   0: 0x80009d6c (0x00006f17) auipc   t5, 0x6
core   0: 3 0x80009d6c (0x00006f17) x30 0x8000fd6c
core   0: 0x80009d70 (0x283f2a23) sw      gp, 660(t5)
core   0: 3 0x80009d70 (0x283f2a23) mem 0x80010000 0x00000001
core   0: 0x80009d74 (0xff9ff06f) j       pc - 0x8
core   0: 3 0x80009d74 (0xff9ff06f)
core   0: 0x80009d6c (0x00006f17) auipc   t5, 0x6
core   0: 3 0x80009d6c (0x00006f17) x30 0x8000fd6c
core   0: 0x80009d70 (0x283f2a23) sw      gp, 660(t5)
core   0: 3 0x80009d70 (0x283f2a23) mem 0x80010000 0x00000001
core   0: 0x80009d74 (0xff9ff06f) j       pc - 0x8
core   0: 3 0x80009d74 (0xff9ff06f)
core   0: 0x80009d6c (0x00006f17) auipc   t5, 0x6
core   0: 3 0x80009d6c (0x00006f17) x30 0x8000fd6c
core   0: 0x80009d70 (0x283f2a23) sw      gp, 660(t5)
core   0: 3 0x80009d70 (0x283f2a23) mem 0x80010000 0x00000001
core   0: 0x80009d74 (0xff9ff06f) j       pc - 0x8
core   0: 3 0x80009d74 (0xff9ff06f)
core   0: 0x80009d6c (0x00006f17) auipc   t5, 0x6
core   0: 3 0x80009d6c (0x00006f17) x30 0x8000fd6c
core   0: 0x80009d70 (0x283f2a23) sw      gp, 660(t5)
core   0: 3 0x80009d70 (0x283f2a23) mem 0x80010000 0x00000001
core   0: 0x80009d74 (0xff9ff06f) j       pc - 0x8
core   0: 3 0x80009d74 (0xff9ff06f)
core   0: 0x80009d6c (0x00006f17) auipc   t5, 0x6
core   0: 3 0x80009d6c (0x00006f17) x30 0x8000fd6c
core   0: 0x80009d70 (0x283f2a23) sw      gp, 660(t5)
core   0: 3 0x80009d70 (0x283f2a23) mem 0x80010000 0x00000001
core   0: 0x80009d74 (0xff9ff06f) j       pc - 0x8
core   0: 3 0x80009d74 (0xff9ff06f)
core   0: 0x80009d6c (0x00006f17) auipc   t5, 0x6
core   0: 3 0x80009d6c (0x00006f17) x30 0x8000fd6c
core   0: 0x80009d70 (0x283f2a23) sw      gp, 660(t5)
core   0: 3 0x80009d70 (0x283f2a23) mem 0x80010000 0x00000001
core   0: 0x80009d74 (0xff9ff06f) j       pc - 0x8
core   0: 3 0x80009d74 (0xff9ff06f)
core   0: 0x80009d6c (0x00006f17) auipc   t5, 0x6
core   0: 3 0x80009d6c (0x00006f17) x30 0x8000fd6c
core   0: 0x80009d70 (0x283f2a23) sw      gp, 660(t5)
core   0: 3 0x80009d70 (0x283f2a23) mem 0x80010000 0x00000001
core   0: 0x80009d74 (0xff9ff06f) j       pc - 0x8
core   0: 3 0x80009d74 (0xff9ff06f)
core   0: 0x80009d6c (0x00006f17) auipc   t5, 0x6
core   0: 3 0x80009d6c (0x00006f17) x30 0x8000fd6c
core   0: 0x80009d70 (0x283f2a23) sw      gp, 660(t5)
core   0: 3 0x80009d70 (0x283f2a23) mem 0x80010000 0x00000001
core   0: 0x80009d74 (0xff9ff06f) j       pc - 0x8
core   0: 3 0x80009d74 (0xff9ff06f)
core   0: 0x80009d6c (0x00006f17) auipc   t5, 0x6
core   0: 3 0x80009d6c (0x00006f17) x30 0x8000fd6c
core   0: 0x80009d70 (0x283f2a23) sw      gp, 660(t5)
core   0: 3 0x80009d70 (0x283f2a23) mem 0x80010000 0x00000001
core   0: 0x80009d74 (0xff9ff06f) j       pc - 0x8
core   0: 3 0x80009d74 (0xff9ff06f)
core   0: 0x80009d6c (0x00006f17) auipc   t5, 0x6
core   0: 3 0x80009d6c (0x00006f17) x30 0x8000fd6c
core   0: 0x80009d70 (0x283f2a23) sw      gp, 660(t5)
core   0: 3 0x80009d70 (0x283f2a23) mem 0x80010000 0x00000001
core   0: 0x80009d74 (0xff9ff06f) j       pc - 0x8
core   0: 3 0x80009d74 (0xff9ff06f)
core   0: 0x80009d6c (0x00006f17) auipc   t5, 0x6
core   0: 3 0x80009d6c (0x00006f17) x30 0x8000fd6c
core   0: 0x80009d70 (0x283f2a23) sw      gp, 660(t5)
core   0: 3 0x80009d70 (0x283f2a23) mem 0x80010000 0x00000001
core   0: 0x80009d74 (0xff9ff06f) j       pc - 0x8
core   0: 3 0x80009d74 (0xff9ff06f)
core   0: 0x80009d6c (0x00006f17) auipc   t5, 0x6
core   0: 3 0x80009d6c (0x00006f17) x30 0x8000fd6c
core   0: 0x80009d70 (0x283f2a23) sw      gp, 660(t5)
core   0: 3 0x80009d70 (0x283f2a23) mem 0x80010000 0x00000001
core   0: 0x80009d74 (0xff9ff06f) j       pc - 0x8
core   0: 3 0x80009d74 (0xff9ff06f)
core   0: 0x80009d6c (0x00006f17) auipc   t5, 0x6
core   0: 3 0x80009d6c (0x00006f17) x30 0x8000fd6c
core   0: 0x80009d70 (0x283f2a23) sw      gp, 660(t5)
core   0: 3 0x80009d70 (0x283f2a23) mem 0x80010000 0x00000001
core   0: 0x80009d74 (0xff9ff06f) j       pc - 0x8
core   0: 3 0x80009d74 (0xff9ff06f)
core   0: 0x80009d6c (0x00006f17) auipc   t5, 0x6
core   0: 3 0x80009d6c (0x00006f17) x30 0x8000fd6c
core   0: 0x80009d70 (0x283f2a23) sw      gp, 660(t5)
core   0: 3 0x80009d70 (0x283f2a23) mem 0x80010000 0x00000001
core   0: 0x80009d74 (0xff9ff06f) j       pc - 0x8
core   0: 3 0x80009d74 (0xff9ff06f)
core   0: 0x80009d6c (0x00006f17) auipc   t5, 0x6
core   0: 3 0x80009d6c (0x00006f17) x30 0x8000fd6c
core   0: 0x80009d70 (0x283f2a23) sw      gp, 660(t5)
core   0: 3 0x80009d70 (0x283f2a23) mem 0x80010000 0x00000001
core   0: 0x80009d74 (0xff9ff06f) j       pc - 0x8
core   0: 3 0x80009d74 (0xff9ff06f)
core   0: 0x80009d6c (0x00006f17) auipc   t5, 0x6
core   0: 3 0x80009d6c (0x00006f17) x30 0x8000fd6c
core   0: 0x80009d70 (0x283f2a23) sw      gp, 660(t5)
core   0: 3 0x80009d70 (0x283f2a23) mem 0x80010000 0x00000001
core   0: 0x80009d74 (0xff9ff06f) j       pc - 0x8
core   0: 3 0x80009d74 (0xff9ff06f)
core   0: 0x80009d6c (0x00006f17) auipc   t5, 0x6
core   0: 3 0x80009d6c (0x00006f17) x30 0x8000fd6c
core   0: 0x80009d70 (0x283f2a23) sw      gp, 660(t5)
core   0: 3 0x80009d70 (0x283f2a23) mem 0x80010000 0x00000001
core   0: 0x80009d74 (0xff9ff06f) j       pc - 0x8
core   0: 3 0x80009d74 (0xff9ff06f)
core   0: 0x80009d6c (0x00006f17) auipc   t5, 0x6
core   0: 3 0x80009d6c (0x00006f17) x30 0x8000fd6c
core   0: 0x80009d70 (0x283f2a23) sw      gp, 660(t5)
core   0: 3 0x80009d70 (0x283f2a23) mem 0x80010000 0x00000001
core   0: 0x80009d74 (0xff9ff06f) j       pc - 0x8
core   0: 3 0x80009d74 (0xff9ff06f)
core   0: 0x80009d6c (0x00006f17) auipc   t5, 0x6
core   0: 3 0x80009d6c (0x00006f17) x30 0x8000fd6c
core   0: 0x80009d70 (0x283f2a23) sw      gp, 660(t5)
core   0: 3 0x80009d70 (0x283f2a23) mem 0x80010000 0x00000001
core   0: 0x80009d74 (0xff9ff06f) j       pc - 0x8
core   0: 3 0x80009d74 (0xff9ff06f)
core   0: 0x80009d6c (0x00006f17) auipc   t5, 0x6
core   0: 3 0x80009d6c (0x00006f17) x30 0x8000fd6c
core   0: 0x80009d70 (0x283f2a23) sw      gp, 660(t5)
core   0: 3 0x80009d70 (0x283f2a23) mem 0x80010000 0x00000001
core   0: 0x80009d74 (0xff9ff06f) j       pc - 0x8
core   0: 3 0x80009d74 (0xff9ff06f)
core   0: 0x80009d6c (0x00006f17) auipc   t5, 0x6
core   0: 3 0x80009d6c (0x00006f17) x30 0x8000fd6c
core   0: 0x80009d70 (0x283f2a23) sw      gp, 660(t5)
core   0: 3 0x80009d70 (0x283f2a23) mem 0x80010000 0x00000001
core   0: 0x80009d74 (0xff9ff06f) j       pc - 0x8
core   0: 3 0x80009d74 (0xff9ff06f)
core   0: 0x80009d6c (0x00006f17) auipc   t5, 0x6
core   0: 3 0x80009d6c (0x00006f17) x30 0x8000fd6c
core   0: 0x80009d70 (0x283f2a23) sw      gp, 660(t5)
core   0: 3 0x80009d70 (0x283f2a23) mem 0x80010000 0x00000001
core   0: 0x80009d74 (0xff9ff06f) j       pc - 0x8
core   0: 3 0x80009d74 (0xff9ff06f)
core   0: 0x80009d6c (0x00006f17) auipc   t5, 0x6
core   0: 3 0x80009d6c (0x00006f17) x30 0x8000fd6c
core   0: 0x80009d70 (0x283f2a23) sw      gp, 660(t5)
core   0: 3 0x80009d70 (0x283f2a23) mem 0x80010000 0x00000001
core   0: 0x80009d74 (0xff9ff06f) j       pc - 0x8
core   0: 3 0x80009d74 (0xff9ff06f)
core   0: 0x80009d6c (0x00006f17) auipc   t5, 0x6
core   0: 3 0x80009d6c (0x00006f17) x30 0x8000fd6c
core   0: 0x80009d70 (0x283f2a23) sw      gp, 660(t5)
core   0: 3 0x80009d70 (0x283f2a23) mem 0x80010000 0x00000001
core   0: 0x80009d74 (0xff9ff06f) j       pc - 0x8
core   0: 3 0x80009d74 (0xff9ff06f)
core   0: 0x80009d6c (0x00006f17) auipc   t5, 0x6
core   0: 3 0x80009d6c (0x00006f17) x30 0x8000fd6c
core   0: 0x80009d70 (0x283f2a23) sw      gp, 660(t5)
core   0: 3 0x80009d70 (0x283f2a23) mem 0x80010000 0x00000001
core   0: 0x80009d74 (0xff9ff06f) j       pc - 0x8
core   0: 3 0x80009d74 (0xff9ff06f)
core   0: 0x80009d6c (0x00006f17) auipc   t5, 0x6
core   0: 3 0x80009d6c (0x00006f17) x30 0x8000fd6c
core   0: 0x80009d70 (0x283f2a23) sw      gp, 660(t5)
core   0: 3 0x80009d70 (0x283f2a23) mem 0x80010000 0x00000001
core   0: 0x80009d74 (0xff9ff06f) j       pc - 0x8
core   0: 3 0x80009d74 (0xff9ff06f)
core   0: 0x80009d6c (0x00006f17) auipc   t5, 0x6
core   0: 3 0x80009d6c (0x00006f17) x30 0x8000fd6c
core   0: 0x80009d70 (0x283f2a23) sw      gp, 660(t5)
core   0: 3 0x80009d70 (0x283f2a23) mem 0x80010000 0x00000001
core   0: 0x80009d74 (0xff9ff06f) j       pc - 0x8
core   0: 3 0x80009d74 (0xff9ff06f)
core   0: 0x80009d6c (0x00006f17) auipc   t5, 0x6
core   0: 3 0x80009d6c (0x00006f17) x30 0x8000fd6c
core   0: 0x80009d70 (0x283f2a23) sw      gp, 660(t5)
core   0: 3 0x80009d70 (0x283f2a23) mem 0x80010000 0x00000001
core   0: 0x80009d74 (0xff9ff06f) j       pc - 0x8
core   0: 3 0x80009d74 (0xff9ff06f)
core   0: 0x80009d6c (0x00006f17) auipc   t5, 0x6
core   0: 3 0x80009d6c (0x00006f17) x30 0x8000fd6c
core   0: 0x80009d70 (0x283f2a23) sw      gp, 660(t5)
core   0: 3 0x80009d70 (0x283f2a23) mem 0x80010000 0x00000001
core   0: 0x80009d74 (0xff9ff06f) j       pc - 0x8
core   0: 3 0x80009d74 (0xff9ff06f)
core   0: 0x80009d6c (0x00006f17) auipc   t5, 0x6
core   0: 3 0x80009d6c (0x00006f17) x30 0x8000fd6c
core   0: 0x80009d70 (0x283f2a23) sw      gp, 660(t5)
core   0: 3 0x80009d70 (0x283f2a23) mem 0x80010000 0x00000001
core   0: 0x80009d74 (0xff9ff06f) j       pc - 0x8
core   0: 3 0x80009d74 (0xff9ff06f)
core   0: 0x80009d6c (0x00006f17) auipc   t5, 0x6
core   0: 3 0x80009d6c (0x00006f17) x30 0x8000fd6c
core   0: 0x80009d70 (0x283f2a23) sw      gp, 660(t5)
core   0: 3 0x80009d70 (0x283f2a23) mem 0x80010000 0x00000001
core   0: 0x80009d74 (0xff9ff06f) j       pc - 0x8
core   0: 3 0x80009d74 (0xff9ff06f)
core   0: 0x80009d6c (0x00006f17) auipc   t5, 0x6
core   0: 3 0x80009d6c (0x00006f17) x30 0x8000fd6c
core   0: 0x80009d70 (0x283f2a23) sw      gp, 660(t5)
core   0: 3 0x80009d70 (0x283f2a23) mem 0x80010000 0x00000001
core   0: 0x80009d74 (0xff9ff06f) j       pc - 0x8
core   0: 3 0x80009d74 (0xff9ff06f)
core   0: 0x80009d6c (0x00006f17) auipc   t5, 0x6
core   0: 3 0x80009d6c (0x00006f17) x30 0x8000fd6c
core   0: 0x80009d70 (0x283f2a23) sw      gp, 660(t5)
core   0: 3 0x80009d70 (0x283f2a23) mem 0x80010000 0x00000001
core   0: 0x80009d74 (0xff9ff06f) j       pc - 0x8
core   0: 3 0x80009d74 (0xff9ff06f)
core   0: 0x80009d6c (0x00006f17) auipc   t5, 0x6
core   0: 3 0x80009d6c (0x00006f17) x30 0x8000fd6c
core   0: 0x80009d70 (0x283f2a23) sw      gp, 660(t5)
core   0: 3 0x80009d70 (0x283f2a23) mem 0x80010000 0x00000001
core   0: 0x80009d74 (0xff9ff06f) j       pc - 0x8
core   0: 3 0x80009d74 (0xff9ff06f)
core   0: 0x80009d6c (0x00006f17) auipc   t5, 0x6
core   0: 3 0x80009d6c (0x00006f17) x30 0x8000fd6c
core   0: 0x80009d70 (0x283f2a23) sw      gp, 660(t5)
core   0: 3 0x80009d70 (0x283f2a23) mem 0x80010000 0x00000001
core   0: 0x80009d74 (0xff9ff06f) j       pc - 0x8
core   0: 3 0x80009d74 (0xff9ff06f)
core   0: 0x80009d6c (0x00006f17) auipc   t5, 0x6
core   0: 3 0x80009d6c (0x00006f17) x30 0x8000fd6c
core   0: 0x80009d70 (0x283f2a23) sw      gp, 660(t5)
core   0: 3 0x80009d70 (0x283f2a23) mem 0x80010000 0x00000001
core   0: 0x80009d74 (0xff9ff06f) j       pc - 0x8
core   0: 3 0x80009d74 (0xff9ff06f)
core   0: 0x80009d6c (0x00006f17) auipc   t5, 0x6
core   0: 3 0x80009d6c (0x00006f17) x30 0x8000fd6c
core   0: 0x80009d70 (0x283f2a23) sw      gp, 660(t5)
core   0: 3 0x80009d70 (0x283f2a23) mem 0x80010000 0x00000001
core   0: 0x80009d74 (0xff9ff06f) j       pc - 0x8
core   0: 3 0x80009d74 (0xff9ff06f)
core   0: 0x80009d6c (0x00006f17) auipc   t5, 0x6
core   0: 3 0x80009d6c (0x00006f17) x30 0x8000fd6c
core   0: 0x80009d70 (0x283f2a23) sw      gp, 660(t5)
core   0: 3 0x80009d70 (0x283f2a23) mem 0x80010000 0x00000001
core   0: 0x80009d74 (0xff9ff06f) j       pc - 0x8
core   0: 3 0x80009d74 (0xff9ff06f)
core   0: 0x80009d6c (0x00006f17) auipc   t5, 0x6
core   0: 3 0x80009d6c (0x00006f17) x30 0x8000fd6c
core   0: 0x80009d70 (0x283f2a23) sw      gp, 660(t5)
core   0: 3 0x80009d70 (0x283f2a23) mem 0x80010000 0x00000001
core   0: 0x80009d74 (0xff9ff06f) j       pc - 0x8
core   0: 3 0x80009d74 (0xff9ff06f)
core   0: 0x80009d6c (0x00006f17) auipc   t5, 0x6
core   0: 3 0x80009d6c (0x00006f17) x30 0x8000fd6c
core   0: 0x80009d70 (0x283f2a23) sw      gp, 660(t5)
core   0: 3 0x80009d70 (0x283f2a23) mem 0x80010000 0x00000001
core   0: 0x80009d74 (0xff9ff06f) j       pc - 0x8
core   0: 3 0x80009d74 (0xff9ff06f)
core   0: 0x80009d6c (0x00006f17) auipc   t5, 0x6
core   0: 3 0x80009d6c (0x00006f17) x30 0x8000fd6c
core   0: 0x80009d70 (0x283f2a23) sw      gp, 660(t5)
core   0: 3 0x80009d70 (0x283f2a23) mem 0x80010000 0x00000001
core   0: 0x80009d74 (0xff9ff06f) j       pc - 0x8
core   0: 3 0x80009d74 (0xff9ff06f)
core   0: 0x80009d6c (0x00006f17) auipc   t5, 0x6
core   0: 3 0x80009d6c (0x00006f17) x30 0x8000fd6c
core   0: 0x80009d70 (0x283f2a23) sw      gp, 660(t5)
core   0: 3 0x80009d70 (0x283f2a23) mem 0x80010000 0x00000001
core   0: 0x80009d74 (0xff9ff06f) j       pc - 0x8
core   0: 3 0x80009d74 (0xff9ff06f)
core   0: 0x80009d6c (0x00006f17) auipc   t5, 0x6
core   0: 3 0x80009d6c (0x00006f17) x30 0x8000fd6c
core   0: 0x80009d70 (0x283f2a23) sw      gp, 660(t5)
core   0: 3 0x80009d70 (0x283f2a23) mem 0x80010000 0x00000001
core   0: 0x80009d74 (0xff9ff06f) j       pc - 0x8
core   0: 3 0x80009d74 (0xff9ff06f)
core   0: 0x80009d6c (0x00006f17) auipc   t5, 0x6
core   0: 3 0x80009d6c (0x00006f17) x30 0x8000fd6c
core   0: 0x80009d70 (0x283f2a23) sw      gp, 660(t5)
core   0: 3 0x80009d70 (0x283f2a23) mem 0x80010000 0x00000001
core   0: 0x80009d74 (0xff9ff06f) j       pc - 0x8
core   0: 3 0x80009d74 (0xff9ff06f)
core   0: 0x80009d6c (0x00006f17) auipc   t5, 0x6
core   0: 3 0x80009d6c (0x00006f17) x30 0x8000fd6c
core   0: 0x80009d70 (0x283f2a23) sw      gp, 660(t5)
core   0: 3 0x80009d70 (0x283f2a23) mem 0x80010000 0x00000001
core   0: 0x80009d74 (0xff9ff06f) j       pc - 0x8
core   0: 3 0x80009d74 (0xff9ff06f)
core   0: 0x80009d6c (0x00006f17) auipc   t5, 0x6
core   0: 3 0x80009d6c (0x00006f17) x30 0x8000fd6c
core   0: 0x80009d70 (0x283f2a23) sw      gp, 660(t5)
core   0: 3 0x80009d70 (0x283f2a23) mem 0x80010000 0x00000001
core   0: 0x80009d74 (0xff9ff06f) j       pc - 0x8
core   0: 3 0x80009d74 (0xff9ff06f)
core   0: 0x80009d6c (0x00006f17) auipc   t5, 0x6
core   0: 3 0x80009d6c (0x00006f17) x30 0x8000fd6c
core   0: 0x80009d70 (0x283f2a23) sw      gp, 660(t5)
core   0: 3 0x80009d70 (0x283f2a23) mem 0x80010000 0x00000001
core   0: 0x80009d74 (0xff9ff06f) j       pc - 0x8
core   0: 3 0x80009d74 (0xff9ff06f)
core   0: 0x80009d6c (0x00006f17) auipc   t5, 0x6
core   0: 3 0x80009d6c (0x00006f17) x30 0x8000fd6c
core   0: 0x80009d70 (0x283f2a23) sw      gp, 660(t5)
core   0: 3 0x80009d70 (0x283f2a23) mem 0x80010000 0x00000001
core   0: 0x80009d74 (0xff9ff06f) j       pc - 0x8
core   0: 3 0x80009d74 (0xff9ff06f)
core   0: 0x80009d6c (0x00006f17) auipc   t5, 0x6
core   0: 3 0x80009d6c (0x00006f17) x30 0x8000fd6c
core   0: 0x80009d70 (0x283f2a23) sw      gp, 660(t5)
core   0: 3 0x80009d70 (0x283f2a23) mem 0x80010000 0x00000001
core   0: 0x80009d74 (0xff9ff06f) j       pc - 0x8
core   0: 3 0x80009d74 (0xff9ff06f)
core   0: 0x80009d6c (0x00006f17) auipc   t5, 0x6
core   0: 3 0x80009d6c (0x00006f17) x30 0x8000fd6c
core   0: 0x80009d70 (0x283f2a23) sw      gp, 660(t5)
core   0: 3 0x80009d70 (0x283f2a23) mem 0x80010000 0x00000001
core   0: 0x80009d74 (0xff9ff06f) j       pc - 0x8
core   0: 3 0x80009d74 (0xff9ff06f)
core   0: 0x80009d6c (0x00006f17) auipc   t5, 0x6
core   0: 3 0x80009d6c (0x00006f17) x30 0x8000fd6c
core   0: 0x80009d70 (0x283f2a23) sw      gp, 660(t5)
core   0: 3 0x80009d70 (0x283f2a23) mem 0x80010000 0x00000001
core   0: 0x80009d74 (0xff9ff06f) j       pc - 0x8
core   0: 3 0x80009d74 (0xff9ff06f)
core   0: 0x80009d6c (0x00006f17) auipc   t5, 0x6
core   0: 3 0x80009d6c (0x00006f17) x30 0x8000fd6c
core   0: 0x80009d70 (0x283f2a23) sw      gp, 660(t5)
core   0: 3 0x80009d70 (0x283f2a23) mem 0x80010000 0x00000001
core   0: 0x80009d74 (0xff9ff06f) j       pc - 0x8
core   0: 3 0x80009d74 (0xff9ff06f)
core   0: 0x80009d6c (0x00006f17) auipc   t5, 0x6
core   0: 3 0x80009d6c (0x00006f17) x30 0x8000fd6c
core   0: 0x80009d70 (0x283f2a23) sw      gp, 660(t5)
core   0: 3 0x80009d70 (0x283f2a23) mem 0x80010000 0x00000001
core   0: 0x80009d74 (0xff9ff06f) j       pc - 0x8
core   0: 3 0x80009d74 (0xff9ff06f)
core   0: 0x80009d6c (0x00006f17) auipc   t5, 0x6
core   0: 3 0x80009d6c (0x00006f17) x30 0x8000fd6c
core   0: 0x80009d70 (0x283f2a23) sw      gp, 660(t5)
core   0: 3 0x80009d70 (0x283f2a23) mem 0x80010000 0x00000001
core   0: 0x80009d74 (0xff9ff06f) j       pc - 0x8
core   0: 3 0x80009d74 (0xff9ff06f)
core   0: 0x80009d6c (0x00006f17) auipc   t5, 0x6
core   0: 3 0x80009d6c (0x00006f17) x30 0x8000fd6c
core   0: 0x80009d70 (0x283f2a23) sw      gp, 660(t5)
core   0: 3 0x80009d70 (0x283f2a23) mem 0x80010000 0x00000001
core   0: 0x80009d74 (0xff9ff06f) j       pc - 0x8
core   0: 3 0x80009d74 (0xff9ff06f)
core   0: 0x80009d6c (0x00006f17) auipc   t5, 0x6
core   0: 3 0x80009d6c (0x00006f17) x30 0x8000fd6c
core   0: 0x80009d70 (0x283f2a23) sw      gp, 660(t5)
core   0: 3 0x80009d70 (0x283f2a23) mem 0x80010000 0x00000001
core   0: 0x80009d74 (0xff9ff06f) j       pc - 0x8
core   0: 3 0x80009d74 (0xff9ff06f)
core   0: 0x80009d6c (0x00006f17) auipc   t5, 0x6
core   0: 3 0x80009d6c (0x00006f17) x30 0x8000fd6c
core   0: 0x80009d70 (0x283f2a23) sw      gp, 660(t5)
core   0: 3 0x80009d70 (0x283f2a23) mem 0x80010000 0x00000001
core   0: 0x80009d74 (0xff9ff06f) j       pc - 0x8
core   0: 3 0x80009d74 (0xff9ff06f)
core   0: 0x80009d6c (0x00006f17) auipc   t5, 0x6
core   0: 3 0x80009d6c (0x00006f17) x30 0x8000fd6c
core   0: 0x80009d70 (0x283f2a23) sw      gp, 660(t5)
core   0: 3 0x80009d70 (0x283f2a23) mem 0x80010000 0x00000001
core   0: 0x80009d74 (0xff9ff06f) j       pc - 0x8
core   0: 3 0x80009d74 (0xff9ff06f)
core   0: 0x80009d6c (0x00006f17) auipc   t5, 0x6
core   0: 3 0x80009d6c (0x00006f17) x30 0x8000fd6c
core   0: 0x80009d70 (0x283f2a23) sw      gp, 660(t5)
core   0: 3 0x80009d70 (0x283f2a23) mem 0x80010000 0x00000001
core   0: 0x80009d74 (0xff9ff06f) j       pc - 0x8
core   0: 3 0x80009d74 (0xff9ff06f)
core   0: 0x80009d6c (0x00006f17) auipc   t5, 0x6
core   0: 3 0x80009d6c (0x00006f17) x30 0x8000fd6c
core   0: 0x80009d70 (0x283f2a23) sw      gp, 660(t5)
core   0: 3 0x80009d70 (0x283f2a23) mem 0x80010000 0x00000001
core   0: 0x80009d74 (0xff9ff06f) j       pc - 0x8
core   0: 3 0x80009d74 (0xff9ff06f)
core   0: 0x80009d6c (0x00006f17) auipc   t5, 0x6
core   0: 3 0x80009d6c (0x00006f17) x30 0x8000fd6c
core   0: 0x80009d70 (0x283f2a23) sw      gp, 660(t5)
core   0: 3 0x80009d70 (0x283f2a23) mem 0x80010000 0x00000001
core   0: 0x80009d74 (0xff9ff06f) j       pc - 0x8
core   0: 3 0x80009d74 (0xff9ff06f)
core   0: 0x80009d6c (0x00006f17) auipc   t5, 0x6
core   0: 3 0x80009d6c (0x00006f17) x30 0x8000fd6c
core   0: 0x80009d70 (0x283f2a23) sw      gp, 660(t5)
core   0: 3 0x80009d70 (0x283f2a23) mem 0x80010000 0x00000001
core   0: 0x80009d74 (0xff9ff06f) j       pc - 0x8
core   0: 3 0x80009d74 (0xff9ff06f)
core   0: 0x80009d6c (0x00006f17) auipc   t5, 0x6
core   0: 3 0x80009d6c (0x00006f17) x30 0x8000fd6c
core   0: 0x80009d70 (0x283f2a23) sw      gp, 660(t5)
core   0: 3 0x80009d70 (0x283f2a23) mem 0x80010000 0x00000001
core   0: 0x80009d74 (0xff9ff06f) j       pc - 0x8
core   0: 3 0x80009d74 (0xff9ff06f)
core   0: 0x80009d6c (0x00006f17) auipc   t5, 0x6
core   0: 3 0x80009d6c (0x00006f17) x30 0x8000fd6c
core   0: 0x80009d70 (0x283f2a23) sw      gp, 660(t5)
core   0: 3 0x80009d70 (0x283f2a23) mem 0x80010000 0x00000001
core   0: 0x80009d74 (0xff9ff06f) j       pc - 0x8
core   0: 3 0x80009d74 (0xff9ff06f)
core   0: 0x80009d6c (0x00006f17) auipc   t5, 0x6
core   0: 3 0x80009d6c (0x00006f17) x30 0x8000fd6c
core   0: 0x80009d70 (0x283f2a23) sw      gp, 660(t5)
core   0: 3 0x80009d70 (0x283f2a23) mem 0x80010000 0x00000001
core   0: 0x80009d74 (0xff9ff06f) j       pc - 0x8
core   0: 3 0x80009d74 (0xff9ff06f)
core   0: 0x80009d6c (0x00006f17) auipc   t5, 0x6
core   0: 3 0x80009d6c (0x00006f17) x30 0x8000fd6c
core   0: 0x80009d70 (0x283f2a23) sw      gp, 660(t5)
core   0: 3 0x80009d70 (0x283f2a23) mem 0x80010000 0x00000001
core   0: 0x80009d74 (0xff9ff06f) j       pc - 0x8
core   0: 3 0x80009d74 (0xff9ff06f)
core   0: 0x80009d6c (0x00006f17) auipc   t5, 0x6
core   0: 3 0x80009d6c (0x00006f17) x30 0x8000fd6c
core   0: 0x80009d70 (0x283f2a23) sw      gp, 660(t5)
core   0: 3 0x80009d70 (0x283f2a23) mem 0x80010000 0x00000001
core   0: 0x80009d74 (0xff9ff06f) j       pc - 0x8
core   0: 3 0x80009d74 (0xff9ff06f)
core   0: 0x80009d6c (0x00006f17) auipc   t5, 0x6
core   0: 3 0x80009d6c (0x00006f17) x30 0x8000fd6c
core   0: 0x80009d70 (0x283f2a23) sw      gp, 660(t5)
core   0: 3 0x80009d70 (0x283f2a23) mem 0x80010000 0x00000001
core   0: 0x80009d74 (0xff9ff06f) j       pc - 0x8
core   0: 3 0x80009d74 (0xff9ff06f)
core   0: 0x80009d6c (0x00006f17) auipc   t5, 0x6
core   0: 3 0x80009d6c (0x00006f17) x30 0x8000fd6c
core   0: 0x80009d70 (0x283f2a23) sw      gp, 660(t5)
core   0: 3 0x80009d70 (0x283f2a23) mem 0x80010000 0x00000001
core   0: 0x80009d74 (0xff9ff06f) j       pc - 0x8
core   0: 3 0x80009d74 (0xff9ff06f)
core   0: 0x80009d6c (0x00006f17) auipc   t5, 0x6
core   0: 3 0x80009d6c (0x00006f17) x30 0x8000fd6c
core   0: 0x80009d70 (0x283f2a23) sw      gp, 660(t5)
core   0: 3 0x80009d70 (0x283f2a23) mem 0x80010000 0x00000001
core   0: 0x80009d74 (0xff9ff06f) j       pc - 0x8
core   0: 3 0x80009d74 (0xff9ff06f)
core   0: 0x80009d6c (0x00006f17) auipc   t5, 0x6
core   0: 3 0x80009d6c (0x00006f17) x30 0x8000fd6c
core   0: 0x80009d70 (0x283f2a23) sw      gp, 660(t5)
core   0: 3 0x80009d70 (0x283f2a23) mem 0x80010000 0x00000001
core   0: 0x80009d74 (0xff9ff06f) j       pc - 0x8
core   0: 3 0x80009d74 (0xff9ff06f)
core   0: 0x80009d6c (0x00006f17) auipc   t5, 0x6
core   0: 3 0x80009d6c (0x00006f17) x30 0x8000fd6c
core   0: 0x80009d70 (0x283f2a23) sw      gp, 660(t5)
core   0: 3 0x80009d70 (0x283f2a23) mem 0x80010000 0x00000001
core   0: 0x80009d74 (0xff9ff06f) j       pc - 0x8
core   0: 3 0x80009d74 (0xff9ff06f)
core   0: 0x80009d6c (0x00006f17) auipc   t5, 0x6
core   0: 3 0x80009d6c (0x00006f17) x30 0x8000fd6c
core   0: 0x80009d70 (0x283f2a23) sw      gp, 660(t5)
core   0: 3 0x80009d70 (0x283f2a23) mem 0x80010000 0x00000001
core   0: 0x80009d74 (0xff9ff06f) j       pc - 0x8
core   0: 3 0x80009d74 (0xff9ff06f)
core   0: 0x80009d6c (0x00006f17) auipc   t5, 0x6
core   0: 3 0x80009d6c (0x00006f17) x30 0x8000fd6c
core   0: 0x80009d70 (0x283f2a23) sw      gp, 660(t5)
core   0: 3 0x80009d70 (0x283f2a23) mem 0x80010000 0x00000001
core   0: 0x80009d74 (0xff9ff06f) j       pc - 0x8
core   0: 3 0x80009d74 (0xff9ff06f)
core   0: 0x80009d6c (0x00006f17) auipc   t5, 0x6
core   0: 3 0x80009d6c (0x00006f17) x30 0x8000fd6c
core   0: 0x80009d70 (0x283f2a23) sw      gp, 660(t5)
core   0: 3 0x80009d70 (0x283f2a23) mem 0x80010000 0x00000001
core   0: 0x80009d74 (0xff9ff06f) j       pc - 0x8
core   0: 3 0x80009d74 (0xff9ff06f)
core   0: 0x80009d6c (0x00006f17) auipc   t5, 0x6
core   0: 3 0x80009d6c (0x00006f17) x30 0x8000fd6c
core   0: 0x80009d70 (0x283f2a23) sw      gp, 660(t5)
core   0: 3 0x80009d70 (0x283f2a23) mem 0x80010000 0x00000001
core   0: 0x80009d74 (0xff9ff06f) j       pc - 0x8
core   0: 3 0x80009d74 (0xff9ff06f)
core   0: 0x80009d6c (0x00006f17) auipc   t5, 0x6
core   0: 3 0x80009d6c (0x00006f17) x30 0x8000fd6c
core   0: 0x80009d70 (0x283f2a23) sw      gp, 660(t5)
core   0: 3 0x80009d70 (0x283f2a23) mem 0x80010000 0x00000001
core   0: 0x80009d74 (0xff9ff06f) j       pc - 0x8
core   0: 3 0x80009d74 (0xff9ff06f)
core   0: 0x80009d6c (0x00006f17) auipc   t5, 0x6
core   0: 3 0x80009d6c (0x00006f17) x30 0x8000fd6c
core   0: 0x80009d70 (0x283f2a23) sw      gp, 660(t5)
core   0: 3 0x80009d70 (0x283f2a23) mem 0x80010000 0x00000001
core   0: 0x80009d74 (0xff9ff06f) j       pc - 0x8
core   0: 3 0x80009d74 (0xff9ff06f)
core   0: 0x80009d6c (0x00006f17) auipc   t5, 0x6
core   0: 3 0x80009d6c (0x00006f17) x30 0x8000fd6c
core   0: 0x80009d70 (0x283f2a23) sw      gp, 660(t5)
core   0: 3 0x80009d70 (0x283f2a23) mem 0x80010000 0x00000001
core   0: 0x80009d74 (0xff9ff06f) j       pc - 0x8
core   0: 3 0x80009d74 (0xff9ff06f)
core   0: 0x80009d6c (0x00006f17) auipc   t5, 0x6
core   0: 3 0x80009d6c (0x00006f17) x30 0x8000fd6c
core   0: 0x80009d70 (0x283f2a23) sw      gp, 660(t5)
core   0: 3 0x80009d70 (0x283f2a23) mem 0x80010000 0x00000001
core   0: 0x80009d74 (0xff9ff06f) j       pc - 0x8
core   0: 3 0x80009d74 (0xff9ff06f)
core   0: 0x80009d6c (0x00006f17) auipc   t5, 0x6
core   0: 3 0x80009d6c (0x00006f17) x30 0x8000fd6c
core   0: 0x80009d70 (0x283f2a23) sw      gp, 660(t5)
core   0: 3 0x80009d70 (0x283f2a23) mem 0x80010000 0x00000001
core   0: 0x80009d74 (0xff9ff06f) j       pc - 0x8
core   0: 3 0x80009d74 (0xff9ff06f)
core   0: 0x80009d6c (0x00006f17) auipc   t5, 0x6
core   0: 3 0x80009d6c (0x00006f17) x30 0x8000fd6c
core   0: 0x80009d70 (0x283f2a23) sw      gp, 660(t5)
core   0: 3 0x80009d70 (0x283f2a23) mem 0x80010000 0x00000001
core   0: 0x80009d74 (0xff9ff06f) j       pc - 0x8
core   0: 3 0x80009d74 (0xff9ff06f)
core   0: 0x80009d6c (0x00006f17) auipc   t5, 0x6
core   0: 3 0x80009d6c (0x00006f17) x30 0x8000fd6c
core   0: 0x80009d70 (0x283f2a23) sw      gp, 660(t5)
core   0: 3 0x80009d70 (0x283f2a23) mem 0x80010000 0x00000001
core   0: 0x80009d74 (0xff9ff06f) j       pc - 0x8
core   0: 3 0x80009d74 (0xff9ff06f)
core   0: 0x80009d6c (0x00006f17) auipc   t5, 0x6
core   0: 3 0x80009d6c (0x00006f17) x30 0x8000fd6c
core   0: 0x80009d70 (0x283f2a23) sw      gp, 660(t5)
core   0: 3 0x80009d70 (0x283f2a23) mem 0x80010000 0x00000001
core   0: 0x80009d74 (0xff9ff06f) j       pc - 0x8
core   0: 3 0x80009d74 (0xff9ff06f)
core   0: 0x80009d6c (0x00006f17) auipc   t5, 0x6
core   0: 3 0x80009d6c (0x00006f17) x30 0x8000fd6c
core   0: 0x80009d70 (0x283f2a23) sw      gp, 660(t5)
core   0: 3 0x80009d70 (0x283f2a23) mem 0x80010000 0x00000001
core   0: 0x80009d74 (0xff9ff06f) j       pc - 0x8
core   0: 3 0x80009d74 (0xff9ff06f)
core   0: 0x80009d6c (0x00006f17) auipc   t5, 0x6
core   0: 3 0x80009d6c (0x00006f17) x30 0x8000fd6c
core   0: 0x80009d70 (0x283f2a23) sw      gp, 660(t5)
core   0: 3 0x80009d70 (0x283f2a23) mem 0x80010000 0x00000001
core   0: 0x80009d74 (0xff9ff06f) j       pc - 0x8
core   0: 3 0x80009d74 (0xff9ff06f)
core   0: 0x80009d6c (0x00006f17) auipc   t5, 0x6
core   0: 3 0x80009d6c (0x00006f17) x30 0x8000fd6c
core   0: 0x80009d70 (0x283f2a23) sw      gp, 660(t5)
core   0: 3 0x80009d70 (0x283f2a23) mem 0x80010000 0x00000001
core   0: 0x80009d74 (0xff9ff06f) j       pc - 0x8
core   0: 3 0x80009d74 (0xff9ff06f)
core   0: 0x80009d6c (0x00006f17) auipc   t5, 0x6
core   0: 3 0x80009d6c (0x00006f17) x30 0x8000fd6c
core   0: 0x80009d70 (0x283f2a23) sw      gp, 660(t5)
core   0: 3 0x80009d70 (0x283f2a23) mem 0x80010000 0x00000001
core   0: 0x80009d74 (0xff9ff06f) j       pc - 0x8
core   0: 3 0x80009d74 (0xff9ff06f)
core   0: 0x80009d6c (0x00006f17) auipc   t5, 0x6
core   0: 3 0x80009d6c (0x00006f17) x30 0x8000fd6c
core   0: 0x80009d70 (0x283f2a23) sw      gp, 660(t5)
core   0: 3 0x80009d70 (0x283f2a23) mem 0x80010000 0x00000001
core   0: 0x80009d74 (0xff9ff06f) j       pc - 0x8
core   0: 3 0x80009d74 (0xff9ff06f)
core   0: 0x80009d6c (0x00006f17) auipc   t5, 0x6
core   0: 3 0x80009d6c (0x00006f17) x30 0x8000fd6c
core   0: 0x80009d70 (0x283f2a23) sw      gp, 660(t5)
core   0: 3 0x80009d70 (0x283f2a23) mem 0x80010000 0x00000001
core   0: 0x80009d74 (0xff9ff06f) j       pc - 0x8
core   0: 3 0x80009d74 (0xff9ff06f)
core   0: 0x80009d6c (0x00006f17) auipc   t5, 0x6
core   0: 3 0x80009d6c (0x00006f17) x30 0x8000fd6c
core   0: 0x80009d70 (0x283f2a23) sw      gp, 660(t5)
core   0: 3 0x80009d70 (0x283f2a23) mem 0x80010000 0x00000001
core   0: 0x80009d74 (0xff9ff06f) j       pc - 0x8
core   0: 3 0x80009d74 (0xff9ff06f)
core   0: 0x80009d6c (0x00006f17) auipc   t5, 0x6
core   0: 3 0x80009d6c (0x00006f17) x30 0x8000fd6c
core   0: 0x80009d70 (0x283f2a23) sw      gp, 660(t5)
core   0: 3 0x80009d70 (0x283f2a23) mem 0x80010000 0x00000001
core   0: 0x80009d74 (0xff9ff06f) j       pc - 0x8
core   0: 3 0x80009d74 (0xff9ff06f)
core   0: 0x80009d6c (0x00006f17) auipc   t5, 0x6
core   0: 3 0x80009d6c (0x00006f17) x30 0x8000fd6c
core   0: 0x80009d70 (0x283f2a23) sw      gp, 660(t5)
core   0: 3 0x80009d70 (0x283f2a23) mem 0x80010000 0x00000001
core   0: 0x80009d74 (0xff9ff06f) j       pc - 0x8
core   0: 3 0x80009d74 (0xff9ff06f)
core   0: 0x80009d6c (0x00006f17) auipc   t5, 0x6
core   0: 3 0x80009d6c (0x00006f17) x30 0x8000fd6c
core   0: 0x80009d70 (0x283f2a23) sw      gp, 660(t5)
core   0: 3 0x80009d70 (0x283f2a23) mem 0x80010000 0x00000001
core   0: 0x80009d74 (0xff9ff06f) j       pc - 0x8
core   0: 3 0x80009d74 (0xff9ff06f)
core   0: 0x80009d6c (0x00006f17) auipc   t5, 0x6
core   0: 3 0x80009d6c (0x00006f17) x30 0x8000fd6c
core   0: 0x80009d70 (0x283f2a23) sw      gp, 660(t5)
core   0: 3 0x80009d70 (0x283f2a23) mem 0x80010000 0x00000001
core   0: 0x80009d74 (0xff9ff06f) j       pc - 0x8
core   0: 3 0x80009d74 (0xff9ff06f)
core   0: 0x80009d6c (0x00006f17) auipc   t5, 0x6
core   0: 3 0x80009d6c (0x00006f17) x30 0x8000fd6c
core   0: 0x80009d70 (0x283f2a23) sw      gp, 660(t5)
core   0: 3 0x80009d70 (0x283f2a23) mem 0x80010000 0x00000001
core   0: 0x80009d74 (0xff9ff06f) j       pc - 0x8
core   0: 3 0x80009d74 (0xff9ff06f)
core   0: 0x80009d6c (0x00006f17) auipc   t5, 0x6
core   0: 3 0x80009d6c (0x00006f17) x30 0x8000fd6c
core   0: 0x80009d70 (0x283f2a23) sw      gp, 660(t5)
core   0: 3 0x80009d70 (0x283f2a23) mem 0x80010000 0x00000001
core   0: 0x80009d74 (0xff9ff06f) j       pc - 0x8
core   0: 3 0x80009d74 (0xff9ff06f)
core   0: 0x80009d6c (0x00006f17) auipc   t5, 0x6
core   0: 3 0x80009d6c (0x00006f17) x30 0x8000fd6c
core   0: 0x80009d70 (0x283f2a23) sw      gp, 660(t5)
core   0: 3 0x80009d70 (0x283f2a23) mem 0x80010000 0x00000001
core   0: 0x80009d74 (0xff9ff06f) j       pc - 0x8
core   0: 3 0x80009d74 (0xff9ff06f)
core   0: 0x80009d6c (0x00006f17) auipc   t5, 0x6
core   0: 3 0x80009d6c (0x00006f17) x30 0x8000fd6c
core   0: 0x80009d70 (0x283f2a23) sw      gp, 660(t5)
core   0: 3 0x80009d70 (0x283f2a23) mem 0x80010000 0x00000001
core   0: 0x80009d74 (0xff9ff06f) j       pc - 0x8
core   0: 3 0x80009d74 (0xff9ff06f)
core   0: 0x80009d6c (0x00006f17) auipc   t5, 0x6
core   0: 3 0x80009d6c (0x00006f17) x30 0x8000fd6c
core   0: 0x80009d70 (0x283f2a23) sw      gp, 660(t5)
core   0: 3 0x80009d70 (0x283f2a23) mem 0x80010000 0x00000001
core   0: 0x80009d74 (0xff9ff06f) j       pc - 0x8
core   0: 3 0x80009d74 (0xff9ff06f)
core   0: 0x80009d6c (0x00006f17) auipc   t5, 0x6
core   0: 3 0x80009d6c (0x00006f17) x30 0x8000fd6c
core   0: 0x80009d70 (0x283f2a23) sw      gp, 660(t5)
core   0: 3 0x80009d70 (0x283f2a23) mem 0x80010000 0x00000001
core   0: 0x80009d74 (0xff9ff06f) j       pc - 0x8
core   0: 3 0x80009d74 (0xff9ff06f)
core   0: 0x80009d6c (0x00006f17) auipc   t5, 0x6
core   0: 3 0x80009d6c (0x00006f17) x30 0x8000fd6c
core   0: 0x80009d70 (0x283f2a23) sw      gp, 660(t5)
core   0: 3 0x80009d70 (0x283f2a23) mem 0x80010000 0x00000001
core   0: 0x80009d74 (0xff9ff06f) j       pc - 0x8
core   0: 3 0x80009d74 (0xff9ff06f)
core   0: 0x80009d6c (0x00006f17) auipc   t5, 0x6
core   0: 3 0x80009d6c (0x00006f17) x30 0x8000fd6c
core   0: 0x80009d70 (0x283f2a23) sw      gp, 660(t5)
core   0: 3 0x80009d70 (0x283f2a23) mem 0x80010000 0x00000001
core   0: 0x80009d74 (0xff9ff06f) j       pc - 0x8
core   0: 3 0x80009d74 (0xff9ff06f)
core   0: 0x80009d6c (0x00006f17) auipc   t5, 0x6
core   0: 3 0x80009d6c (0x00006f17) x30 0x8000fd6c
core   0: 0x80009d70 (0x283f2a23) sw      gp, 660(t5)
core   0: 3 0x80009d70 (0x283f2a23) mem 0x80010000 0x00000001
core   0: 0x80009d74 (0xff9ff06f) j       pc - 0x8
core   0: 3 0x80009d74 (0xff9ff06f)
core   0: 0x80009d6c (0x00006f17) auipc   t5, 0x6
core   0: 3 0x80009d6c (0x00006f17) x30 0x8000fd6c
core   0: 0x80009d70 (0x283f2a23) sw      gp, 660(t5)
core   0: 3 0x80009d70 (0x283f2a23) mem 0x80010000 0x00000001
core   0: 0x80009d74 (0xff9ff06f) j       pc - 0x8
core   0: 3 0x80009d74 (0xff9ff06f)
core   0: 0x80009d6c (0x00006f17) auipc   t5, 0x6
core   0: 3 0x80009d6c (0x00006f17) x30 0x8000fd6c
core   0: 0x80009d70 (0x283f2a23) sw      gp, 660(t5)
core   0: 3 0x80009d70 (0x283f2a23) mem 0x80010000 0x00000001
core   0: 0x80009d74 (0xff9ff06f) j       pc - 0x8
core   0: 3 0x80009d74 (0xff9ff06f)
core   0: 0x80009d6c (0x00006f17) auipc   t5, 0x6
core   0: 3 0x80009d6c (0x00006f17) x30 0x8000fd6c
core   0: 0x80009d70 (0x283f2a23) sw      gp, 660(t5)
core   0: 3 0x80009d70 (0x283f2a23) mem 0x80010000 0x00000001
core   0: 0x80009d74 (0xff9ff06f) j       pc - 0x8
core   0: 3 0x80009d74 (0xff9ff06f)
core   0: 0x80009d6c (0x00006f17) auipc   t5, 0x6
core   0: 3 0x80009d6c (0x00006f17) x30 0x8000fd6c
core   0: 0x80009d70 (0x283f2a23) sw      gp, 660(t5)
core   0: 3 0x80009d70 (0x283f2a23) mem 0x80010000 0x00000001
core   0: 0x80009d74 (0xff9ff06f) j       pc - 0x8
core   0: 3 0x80009d74 (0xff9ff06f)
core   0: 0x80009d6c (0x00006f17) auipc   t5, 0x6
core   0: 3 0x80009d6c (0x00006f17) x30 0x8000fd6c
core   0: 0x80009d70 (0x283f2a23) sw      gp, 660(t5)
core   0: 3 0x80009d70 (0x283f2a23) mem 0x80010000 0x00000001
core   0: 0x80009d74 (0xff9ff06f) j       pc - 0x8
core   0: 3 0x80009d74 (0xff9ff06f)
core   0: 0x80009d6c (0x00006f17) auipc   t5, 0x6
core   0: 3 0x80009d6c (0x00006f17) x30 0x8000fd6c
core   0: 0x80009d70 (0x283f2a23) sw      gp, 660(t5)
core   0: 3 0x80009d70 (0x283f2a23) mem 0x80010000 0x00000001
core   0: 0x80009d74 (0xff9ff06f) j       pc - 0x8
core   0: 3 0x80009d74 (0xff9ff06f)
core   0: 0x80009d6c (0x00006f17) auipc   t5, 0x6
core   0: 3 0x80009d6c (0x00006f17) x30 0x8000fd6c
core   0: 0x80009d70 (0x283f2a23) sw      gp, 660(t5)
core   0: 3 0x80009d70 (0x283f2a23) mem 0x80010000 0x00000001
core   0: 0x80009d74 (0xff9ff06f) j       pc - 0x8
core   0: 3 0x80009d74 (0xff9ff06f)
core   0: 0x80009d6c (0x00006f17) auipc   t5, 0x6
core   0: 3 0x80009d6c (0x00006f17) x30 0x8000fd6c
core   0: 0x80009d70 (0x283f2a23) sw      gp, 660(t5)
core   0: 3 0x80009d70 (0x283f2a23) mem 0x80010000 0x00000001
core   0: 0x80009d74 (0xff9ff06f) j       pc - 0x8
core   0: 3 0x80009d74 (0xff9ff06f)
core   0: 0x80009d6c (0x00006f17) auipc   t5, 0x6
core   0: 3 0x80009d6c (0x00006f17) x30 0x8000fd6c
core   0: 0x80009d70 (0x283f2a23) sw      gp, 660(t5)
core   0: 3 0x80009d70 (0x283f2a23) mem 0x80010000 0x00000001
core   0: 0x80009d74 (0xff9ff06f) j       pc - 0x8
core   0: 3 0x80009d74 (0xff9ff06f)
core   0: 0x80009d6c (0x00006f17) auipc   t5, 0x6
core   0: 3 0x80009d6c (0x00006f17) x30 0x8000fd6c
core   0: 0x80009d70 (0x283f2a23) sw      gp, 660(t5)
core   0: 3 0x80009d70 (0x283f2a23) mem 0x80010000 0x00000001
core   0: 0x80009d74 (0xff9ff06f) j       pc - 0x8
core   0: 3 0x80009d74 (0xff9ff06f)
core   0: 0x80009d6c (0x00006f17) auipc   t5, 0x6
core   0: 3 0x80009d6c (0x00006f17) x30 0x8000fd6c
core   0: 0x80009d70 (0x283f2a23) sw      gp, 660(t5)
core   0: 3 0x80009d70 (0x283f2a23) mem 0x80010000 0x00000001
core   0: 0x80009d74 (0xff9ff06f) j       pc - 0x8
core   0: 3 0x80009d74 (0xff9ff06f)
core   0: 0x80009d6c (0x00006f17) auipc   t5, 0x6
core   0: 3 0x80009d6c (0x00006f17) x30 0x8000fd6c
core   0: 0x80009d70 (0x283f2a23) sw      gp, 660(t5)
core   0: 3 0x80009d70 (0x283f2a23) mem 0x80010000 0x00000001
core   0: 0x80009d74 (0xff9ff06f) j       pc - 0x8
core   0: 3 0x80009d74 (0xff9ff06f)
core   0: 0x80009d6c (0x00006f17) auipc   t5, 0x6
core   0: 3 0x80009d6c (0x00006f17) x30 0x8000fd6c
core   0: 0x80009d70 (0x283f2a23) sw      gp, 660(t5)
core   0: 3 0x80009d70 (0x283f2a23) mem 0x80010000 0x00000001
core   0: 0x80009d74 (0xff9ff06f) j       pc - 0x8
core   0: 3 0x80009d74 (0xff9ff06f)
core   0: 0x80009d6c (0x00006f17) auipc   t5, 0x6
core   0: 3 0x80009d6c (0x00006f17) x30 0x8000fd6c
core   0: 0x80009d70 (0x283f2a23) sw      gp, 660(t5)
core   0: 3 0x80009d70 (0x283f2a23) mem 0x80010000 0x00000001
core   0: 0x80009d74 (0xff9ff06f) j       pc - 0x8
core   0: 3 0x80009d74 (0xff9ff06f)
core   0: 0x80009d6c (0x00006f17) auipc   t5, 0x6
core   0: 3 0x80009d6c (0x00006f17) x30 0x8000fd6c
core   0: 0x80009d70 (0x283f2a23) sw      gp, 660(t5)
core   0: 3 0x80009d70 (0x283f2a23) mem 0x80010000 0x00000001
core   0: 0x80009d74 (0xff9ff06f) j       pc - 0x8
core   0: 3 0x80009d74 (0xff9ff06f)
core   0: 0x80009d6c (0x00006f17) auipc   t5, 0x6
core   0: 3 0x80009d6c (0x00006f17) x30 0x8000fd6c
core   0: 0x80009d70 (0x283f2a23) sw      gp, 660(t5)
core   0: 3 0x80009d70 (0x283f2a23) mem 0x80010000 0x00000001
core   0: 0x80009d74 (0xff9ff06f) j       pc - 0x8
core   0: 3 0x80009d74 (0xff9ff06f)
core   0: 0x80009d6c (0x00006f17) auipc   t5, 0x6
core   0: 3 0x80009d6c (0x00006f17) x30 0x8000fd6c
core   0: 0x80009d70 (0x283f2a23) sw      gp, 660(t5)
core   0: 3 0x80009d70 (0x283f2a23) mem 0x80010000 0x00000001
core   0: 0x80009d74 (0xff9ff06f) j       pc - 0x8
core   0: 3 0x80009d74 (0xff9ff06f)
core   0: 0x80009d6c (0x00006f17) auipc   t5, 0x6
core   0: 3 0x80009d6c (0x00006f17) x30 0x8000fd6c
core   0: 0x80009d70 (0x283f2a23) sw      gp, 660(t5)
core   0: 3 0x80009d70 (0x283f2a23) mem 0x80010000 0x00000001
core   0: 0x80009d74 (0xff9ff06f) j       pc - 0x8
core   0: 3 0x80009d74 (0xff9ff06f)
core   0: 0x80009d6c (0x00006f17) auipc   t5, 0x6
core   0: 3 0x80009d6c (0x00006f17) x30 0x8000fd6c
core   0: 0x80009d70 (0x283f2a23) sw      gp, 660(t5)
core   0: 3 0x80009d70 (0x283f2a23) mem 0x80010000 0x00000001
core   0: 0x80009d74 (0xff9ff06f) j       pc - 0x8
core   0: 3 0x80009d74 (0xff9ff06f)
core   0: 0x80009d6c (0x00006f17) auipc   t5, 0x6
core   0: 3 0x80009d6c (0x00006f17) x30 0x8000fd6c
core   0: 0x80009d70 (0x283f2a23) sw      gp, 660(t5)
core   0: 3 0x80009d70 (0x283f2a23) mem 0x80010000 0x00000001
core   0: 0x80009d74 (0xff9ff06f) j       pc - 0x8
core   0: 3 0x80009d74 (0xff9ff06f)
core   0: 0x80009d6c (0x00006f17) auipc   t5, 0x6
core   0: 3 0x80009d6c (0x00006f17) x30 0x8000fd6c
core   0: 0x80009d70 (0x283f2a23) sw      gp, 660(t5)
core   0: 3 0x80009d70 (0x283f2a23) mem 0x80010000 0x00000001
core   0: 0x80009d74 (0xff9ff06f) j       pc - 0x8
core   0: 3 0x80009d74 (0xff9ff06f)
core   0: 0x80009d6c (0x00006f17) auipc   t5, 0x6
core   0: 3 0x80009d6c (0x00006f17) x30 0x8000fd6c
core   0: 0x80009d70 (0x283f2a23) sw      gp, 660(t5)
core   0: 3 0x80009d70 (0x283f2a23) mem 0x80010000 0x00000001
core   0: 0x80009d74 (0xff9ff06f) j       pc - 0x8
core   0: 3 0x80009d74 (0xff9ff06f)
core   0: 0x80009d6c (0x00006f17) auipc   t5, 0x6
core   0: 3 0x80009d6c (0x00006f17) x30 0x8000fd6c
core   0: 0x80009d70 (0x283f2a23) sw      gp, 660(t5)
core   0: 3 0x80009d70 (0x283f2a23) mem 0x80010000 0x00000001
core   0: 0x80009d74 (0xff9ff06f) j       pc - 0x8
core   0: 3 0x80009d74 (0xff9ff06f)
core   0: 0x80009d6c (0x00006f17) auipc   t5, 0x6
core   0: 3 0x80009d6c (0x00006f17) x30 0x8000fd6c
core   0: 0x80009d70 (0x283f2a23) sw      gp, 660(t5)
core   0: 3 0x80009d70 (0x283f2a23) mem 0x80010000 0x00000001
core   0: 0x80009d74 (0xff9ff06f) j       pc - 0x8
core   0: 3 0x80009d74 (0xff9ff06f)
core   0: 0x80009d6c (0x00006f17) auipc   t5, 0x6
core   0: 3 0x80009d6c (0x00006f17) x30 0x8000fd6c
core   0: 0x80009d70 (0x283f2a23) sw      gp, 660(t5)
core   0: 3 0x80009d70 (0x283f2a23) mem 0x80010000 0x00000001
core   0: 0x80009d74 (0xff9ff06f) j       pc - 0x8
core   0: 3 0x80009d74 (0xff9ff06f)
core   0: 0x80009d6c (0x00006f17) auipc   t5, 0x6
core   0: 3 0x80009d6c (0x00006f17) x30 0x8000fd6c
core   0: 0x80009d70 (0x283f2a23) sw      gp, 660(t5)
core   0: 3 0x80009d70 (0x283f2a23) mem 0x80010000 0x00000001
core   0: 0x80009d74 (0xff9ff06f) j       pc - 0x8
core   0: 3 0x80009d74 (0xff9ff06f)
core   0: 0x80009d6c (0x00006f17) auipc   t5, 0x6
core   0: 3 0x80009d6c (0x00006f17) x30 0x8000fd6c
core   0: 0x80009d70 (0x283f2a23) sw      gp, 660(t5)
core   0: 3 0x80009d70 (0x283f2a23) mem 0x80010000 0x00000001
core   0: 0x80009d74 (0xff9ff06f) j       pc - 0x8
core   0: 3 0x80009d74 (0xff9ff06f)
core   0: 0x80009d6c (0x00006f17) auipc   t5, 0x6
core   0: 3 0x80009d6c (0x00006f17) x30 0x8000fd6c
core   0: 0x80009d70 (0x283f2a23) sw      gp, 660(t5)
core   0: 3 0x80009d70 (0x283f2a23) mem 0x80010000 0x00000001
core   0: 0x80009d74 (0xff9ff06f) j       pc - 0x8
core   0: 3 0x80009d74 (0xff9ff06f)
core   0: 0x80009d6c (0x00006f17) auipc   t5, 0x6
core   0: 3 0x80009d6c (0x00006f17) x30 0x8000fd6c
core   0: 0x80009d70 (0x283f2a23) sw      gp, 660(t5)
core   0: 3 0x80009d70 (0x283f2a23) mem 0x80010000 0x00000001
core   0: 0x80009d74 (0xff9ff06f) j       pc - 0x8
core   0: 3 0x80009d74 (0xff9ff06f)
core   0: 0x80009d6c (0x00006f17) auipc   t5, 0x6
core   0: 3 0x80009d6c (0x00006f17) x30 0x8000fd6c
core   0: 0x80009d70 (0x283f2a23) sw      gp, 660(t5)
core   0: 3 0x80009d70 (0x283f2a23) mem 0x80010000 0x00000001
core   0: 0x80009d74 (0xff9ff06f) j       pc - 0x8
core   0: 3 0x80009d74 (0xff9ff06f)
core   0: 0x80009d6c (0x00006f17) auipc   t5, 0x6
core   0: 3 0x80009d6c (0x00006f17) x30 0x8000fd6c
core   0: 0x80009d70 (0x283f2a23) sw      gp, 660(t5)
core   0: 3 0x80009d70 (0x283f2a23) mem 0x80010000 0x00000001
core   0: 0x80009d74 (0xff9ff06f) j       pc - 0x8
core   0: 3 0x80009d74 (0xff9ff06f)
core   0: 0x80009d6c (0x00006f17) auipc   t5, 0x6
core   0: 3 0x80009d6c (0x00006f17) x30 0x8000fd6c
core   0: 0x80009d70 (0x283f2a23) sw      gp, 660(t5)
core   0: 3 0x80009d70 (0x283f2a23) mem 0x80010000 0x00000001
core   0: 0x80009d74 (0xff9ff06f) j       pc - 0x8
core   0: 3 0x80009d74 (0xff9ff06f)
core   0: 0x80009d6c (0x00006f17) auipc   t5, 0x6
core   0: 3 0x80009d6c (0x00006f17) x30 0x8000fd6c
core   0: 0x80009d70 (0x283f2a23) sw      gp, 660(t5)
core   0: 3 0x80009d70 (0x283f2a23) mem 0x80010000 0x00000001
core   0: 0x80009d74 (0xff9ff06f) j       pc - 0x8
core   0: 3 0x80009d74 (0xff9ff06f)
core   0: 0x80009d6c (0x00006f17) auipc   t5, 0x6
core   0: 3 0x80009d6c (0x00006f17) x30 0x8000fd6c
core   0: 0x80009d70 (0x283f2a23) sw      gp, 660(t5)
core   0: 3 0x80009d70 (0x283f2a23) mem 0x80010000 0x00000001
core   0: 0x80009d74 (0xff9ff06f) j       pc - 0x8
core   0: 3 0x80009d74 (0xff9ff06f)
core   0: 0x80009d6c (0x00006f17) auipc   t5, 0x6
core   0: 3 0x80009d6c (0x00006f17) x30 0x8000fd6c
core   0: 0x80009d70 (0x283f2a23) sw      gp, 660(t5)
core   0: 3 0x80009d70 (0x283f2a23) mem 0x80010000 0x00000001
core   0: 0x80009d74 (0xff9ff06f) j       pc - 0x8
core   0: 3 0x80009d74 (0xff9ff06f)
core   0: 0x80009d6c (0x00006f17) auipc   t5, 0x6
core   0: 3 0x80009d6c (0x00006f17) x30 0x8000fd6c
core   0: 0x80009d70 (0x283f2a23) sw      gp, 660(t5)
core   0: 3 0x80009d70 (0x283f2a23) mem 0x80010000 0x00000001
core   0: 0x80009d74 (0xff9ff06f) j       pc - 0x8
core   0: 3 0x80009d74 (0xff9ff06f)
core   0: 0x80009d6c (0x00006f17) auipc   t5, 0x6
core   0: 3 0x80009d6c (0x00006f17) x30 0x8000fd6c
core   0: 0x80009d70 (0x283f2a23) sw      gp, 660(t5)
core   0: 3 0x80009d70 (0x283f2a23) mem 0x80010000 0x00000001
core   0: 0x80009d74 (0xff9ff06f) j       pc - 0x8
core   0: 3 0x80009d74 (0xff9ff06f)
core   0: 0x80009d6c (0x00006f17) auipc   t5, 0x6
core   0: 3 0x80009d6c (0x00006f17) x30 0x8000fd6c
core   0: 0x80009d70 (0x283f2a23) sw      gp, 660(t5)
core   0: 3 0x80009d70 (0x283f2a23) mem 0x80010000 0x00000001
core   0: 0x80009d74 (0xff9ff06f) j       pc - 0x8
core   0: 3 0x80009d74 (0xff9ff06f)
core   0: 0x80009d6c (0x00006f17) auipc   t5, 0x6
core   0: 3 0x80009d6c (0x00006f17) x30 0x8000fd6c
core   0: 0x80009d70 (0x283f2a23) sw      gp, 660(t5)
core   0: 3 0x80009d70 (0x283f2a23) mem 0x80010000 0x00000001
core   0: 0x80009d74 (0xff9ff06f) j       pc - 0x8
core   0: 3 0x80009d74 (0xff9ff06f)
core   0: 0x80009d6c (0x00006f17) auipc   t5, 0x6
core   0: 3 0x80009d6c (0x00006f17) x30 0x8000fd6c
core   0: 0x80009d70 (0x283f2a23) sw      gp, 660(t5)
core   0: 3 0x80009d70 (0x283f2a23) mem 0x80010000 0x00000001
core   0: 0x80009d74 (0xff9ff06f) j       pc - 0x8
core   0: 3 0x80009d74 (0xff9ff06f)
core   0: 0x80009d6c (0x00006f17) auipc   t5, 0x6
core   0: 3 0x80009d6c (0x00006f17) x30 0x8000fd6c
core   0: 0x80009d70 (0x283f2a23) sw      gp, 660(t5)
core   0: 3 0x80009d70 (0x283f2a23) mem 0x80010000 0x00000001
core   0: 0x80009d74 (0xff9ff06f) j       pc - 0x8
core   0: 3 0x80009d74 (0xff9ff06f)
core   0: 0x80009d6c (0x00006f17) auipc   t5, 0x6
core   0: 3 0x80009d6c (0x00006f17) x30 0x8000fd6c
core   0: 0x80009d70 (0x283f2a23) sw      gp, 660(t5)
core   0: 3 0x80009d70 (0x283f2a23) mem 0x80010000 0x00000001
core   0: 0x80009d74 (0xff9ff06f) j       pc - 0x8
core   0: 3 0x80009d74 (0xff9ff06f)
core   0: 0x80009d6c (0x00006f17) auipc   t5, 0x6
core   0: 3 0x80009d6c (0x00006f17) x30 0x8000fd6c
core   0: 0x80009d70 (0x283f2a23) sw      gp, 660(t5)
core   0: 3 0x80009d70 (0x283f2a23) mem 0x80010000 0x00000001
core   0: 0x80009d74 (0xff9ff06f) j       pc - 0x8
core   0: 3 0x80009d74 (0xff9ff06f)
core   0: 0x80009d6c (0x00006f17) auipc   t5, 0x6
core   0: 3 0x80009d6c (0x00006f17) x30 0x8000fd6c
core   0: 0x80009d70 (0x283f2a23) sw      gp, 660(t5)
core   0: 3 0x80009d70 (0x283f2a23) mem 0x80010000 0x00000001
core   0: 0x80009d74 (0xff9ff06f) j       pc - 0x8
core   0: 3 0x80009d74 (0xff9ff06f)
core   0: 0x80009d6c (0x00006f17) auipc   t5, 0x6
core   0: 3 0x80009d6c (0x00006f17) x30 0x8000fd6c
core   0: 0x80009d70 (0x283f2a23) sw      gp, 660(t5)
core   0: 3 0x80009d70 (0x283f2a23) mem 0x80010000 0x00000001
core   0: 0x80009d74 (0xff9ff06f) j       pc - 0x8
core   0: 3 0x80009d74 (0xff9ff06f)
core   0: 0x80009d6c (0x00006f17) auipc   t5, 0x6
core   0: 3 0x80009d6c (0x00006f17) x30 0x8000fd6c
core   0: 0x80009d70 (0x283f2a23) sw      gp, 660(t5)
core   0: 3 0x80009d70 (0x283f2a23) mem 0x80010000 0x00000001
core   0: 0x80009d74 (0xff9ff06f) j       pc - 0x8
core   0: 3 0x80009d74 (0xff9ff06f)
core   0: 0x80009d6c (0x00006f17) auipc   t5, 0x6
core   0: 3 0x80009d6c (0x00006f17) x30 0x8000fd6c
core   0: 0x80009d70 (0x283f2a23) sw      gp, 660(t5)
core   0: 3 0x80009d70 (0x283f2a23) mem 0x80010000 0x00000001
core   0: 0x80009d74 (0xff9ff06f) j       pc - 0x8
core   0: 3 0x80009d74 (0xff9ff06f)
core   0: 0x80009d6c (0x00006f17) auipc   t5, 0x6
core   0: 3 0x80009d6c (0x00006f17) x30 0x8000fd6c
core   0: 0x80009d70 (0x283f2a23) sw      gp, 660(t5)
core   0: 3 0x80009d70 (0x283f2a23) mem 0x80010000 0x00000001
core   0: 0x80009d74 (0xff9ff06f) j       pc - 0x8
core   0: 3 0x80009d74 (0xff9ff06f)
core   0: 0x80009d6c (0x00006f17) auipc   t5, 0x6
core   0: 3 0x80009d6c (0x00006f17) x30 0x8000fd6c
core   0: 0x80009d70 (0x283f2a23) sw      gp, 660(t5)
core   0: 3 0x80009d70 (0x283f2a23) mem 0x80010000 0x00000001
core   0: 0x80009d74 (0xff9ff06f) j       pc - 0x8
core   0: 3 0x80009d74 (0xff9ff06f)
core   0: 0x80009d6c (0x00006f17) auipc   t5, 0x6
core   0: 3 0x80009d6c (0x00006f17) x30 0x8000fd6c
core   0: 0x80009d70 (0x283f2a23) sw      gp, 660(t5)
core   0: 3 0x80009d70 (0x283f2a23) mem 0x80010000 0x00000001
core   0: 0x80009d74 (0xff9ff06f) j       pc - 0x8
core   0: 3 0x80009d74 (0xff9ff06f)
core   0: 0x80009d6c (0x00006f17) auipc   t5, 0x6
core   0: 3 0x80009d6c (0x00006f17) x30 0x8000fd6c
core   0: 0x80009d70 (0x283f2a23) sw      gp, 660(t5)
core   0: 3 0x80009d70 (0x283f2a23) mem 0x80010000 0x00000001
core   0: 0x80009d74 (0xff9ff06f) j       pc - 0x8
core   0: 3 0x80009d74 (0xff9ff06f)
core   0: 0x80009d6c (0x00006f17) auipc   t5, 0x6
core   0: 3 0x80009d6c (0x00006f17) x30 0x8000fd6c
core   0: 0x80009d70 (0x283f2a23) sw      gp, 660(t5)
core   0: 3 0x80009d70 (0x283f2a23) mem 0x80010000 0x00000001
core   0: 0x80009d74 (0xff9ff06f) j       pc - 0x8
core   0: 3 0x80009d74 (0xff9ff06f)
core   0: 0x80009d6c (0x00006f17) auipc   t5, 0x6
core   0: 3 0x80009d6c (0x00006f17) x30 0x8000fd6c
core   0: 0x80009d70 (0x283f2a23) sw      gp, 660(t5)
core   0: 3 0x80009d70 (0x283f2a23) mem 0x80010000 0x00000001
core   0: 0x80009d74 (0xff9ff06f) j       pc - 0x8
core   0: 3 0x80009d74 (0xff9ff06f)
core   0: 0x80009d6c (0x00006f17) auipc   t5, 0x6
core   0: 3 0x80009d6c (0x00006f17) x30 0x8000fd6c
core   0: 0x80009d70 (0x283f2a23) sw      gp, 660(t5)
core   0: 3 0x80009d70 (0x283f2a23) mem 0x80010000 0x00000001
core   0: 0x80009d74 (0xff9ff06f) j       pc - 0x8
core   0: 3 0x80009d74 (0xff9ff06f)
core   0: 0x80009d6c (0x00006f17) auipc   t5, 0x6
core   0: 3 0x80009d6c (0x00006f17) x30 0x8000fd6c
core   0: 0x80009d70 (0x283f2a23) sw      gp, 660(t5)
core   0: 3 0x80009d70 (0x283f2a23) mem 0x80010000 0x00000001
core   0: 0x80009d74 (0xff9ff06f) j       pc - 0x8
core   0: 3 0x80009d74 (0xff9ff06f)
core   0: 0x80009d6c (0x00006f17) auipc   t5, 0x6
core   0: 3 0x80009d6c (0x00006f17) x30 0x8000fd6c
core   0: 0x80009d70 (0x283f2a23) sw      gp, 660(t5)
core   0: 3 0x80009d70 (0x283f2a23) mem 0x80010000 0x00000001
core   0: 0x80009d74 (0xff9ff06f) j       pc - 0x8
core   0: 3 0x80009d74 (0xff9ff06f)
core   0: 0x80009d6c (0x00006f17) auipc   t5, 0x6
core   0: 3 0x80009d6c (0x00006f17) x30 0x8000fd6c
core   0: 0x80009d70 (0x283f2a23) sw      gp, 660(t5)
core   0: 3 0x80009d70 (0x283f2a23) mem 0x80010000 0x00000001
core   0: 0x80009d74 (0xff9ff06f) j       pc - 0x8
core   0: 3 0x80009d74 (0xff9ff06f)
core   0: 0x80009d6c (0x00006f17) auipc   t5, 0x6
core   0: 3 0x80009d6c (0x00006f17) x30 0x8000fd6c
core   0: 0x80009d70 (0x283f2a23) sw      gp, 660(t5)
core   0: 3 0x80009d70 (0x283f2a23) mem 0x80010000 0x00000001
core   0: 0x80009d74 (0xff9ff06f) j       pc - 0x8
core   0: 3 0x80009d74 (0xff9ff06f)
core   0: 0x80009d6c (0x00006f17) auipc   t5, 0x6
core   0: 3 0x80009d6c (0x00006f17) x30 0x8000fd6c
core   0: 0x80009d70 (0x283f2a23) sw      gp, 660(t5)
core   0: 3 0x80009d70 (0x283f2a23) mem 0x80010000 0x00000001
core   0: 0x80009d74 (0xff9ff06f) j       pc - 0x8
core   0: 3 0x80009d74 (0xff9ff06f)
core   0: 0x80009d6c (0x00006f17) auipc   t5, 0x6
core   0: 3 0x80009d6c (0x00006f17) x30 0x8000fd6c
core   0: 0x80009d70 (0x283f2a23) sw      gp, 660(t5)
core   0: 3 0x80009d70 (0x283f2a23) mem 0x80010000 0x00000001
core   0: 0x80009d74 (0xff9ff06f) j       pc - 0x8
core   0: 3 0x80009d74 (0xff9ff06f)
core   0: 0x80009d6c (0x00006f17) auipc   t5, 0x6
core   0: 3 0x80009d6c (0x00006f17) x30 0x8000fd6c
core   0: 0x80009d70 (0x283f2a23) sw      gp, 660(t5)
core   0: 3 0x80009d70 (0x283f2a23) mem 0x80010000 0x00000001
core   0: 0x80009d74 (0xff9ff06f) j       pc - 0x8
core   0: 3 0x80009d74 (0xff9ff06f)
core   0: 0x80009d6c (0x00006f17) auipc   t5, 0x6
core   0: 3 0x80009d6c (0x00006f17) x30 0x8000fd6c
core   0: 0x80009d70 (0x283f2a23) sw      gp, 660(t5)
core   0: 3 0x80009d70 (0x283f2a23) mem 0x80010000 0x00000001
core   0: 0x80009d74 (0xff9ff06f) j       pc - 0x8
core   0: 3 0x80009d74 (0xff9ff06f)
core   0: 0x80009d6c (0x00006f17) auipc   t5, 0x6
core   0: 3 0x80009d6c (0x00006f17) x30 0x8000fd6c
core   0: 0x80009d70 (0x283f2a23) sw      gp, 660(t5)
core   0: 3 0x80009d70 (0x283f2a23) mem 0x80010000 0x00000001
core   0: 0x80009d74 (0xff9ff06f) j       pc - 0x8
core   0: 3 0x80009d74 (0xff9ff06f)
core   0: 0x80009d6c (0x00006f17) auipc   t5, 0x6
core   0: 3 0x80009d6c (0x00006f17) x30 0x8000fd6c
core   0: 0x80009d70 (0x283f2a23) sw      gp, 660(t5)
core   0: 3 0x80009d70 (0x283f2a23) mem 0x80010000 0x00000001
