core   0: 0x00001000 (0x00000297) auipc   t0, 0x0
core   0: 3 0x00001000 (0x00000297) x 5 0x00001000
core   0: 0x00001004 (0x02028593) addi    a1, t0, 32
core   0: 3 0x00001004 (0x02028593) x11 0x00001020
core   0: 0x00001008 (0xf1402573) csrr    a0, mhartid
core   0: 3 0x00001008 (0xf1402573) x10 0x00000000
core   0: 0x0000100c (0x0182a283) lw      t0, 24(t0)
core   0: 3 0x0000100c (0x0182a283) x 5 0x80000000 mem 0x00001018
core   0: 0x00001010 (0x00028067) jr      t0
core   0: 3 0x00001010 (0x00028067)
core   0: 0x80000000 (0xf14022f3) csrr    t0, mhartid
core   0: 3 0x80000000 (0xf14022f3) x 5 0x00000000
core   0: 0x80000004 (0x00000313) li      t1, 0
core   0: 3 0x80000004 (0x00000313) x 6 0x00000000
core   0: 0x80000008 (0x00628263) beq     t0, t1, pc + 4
core   0: 3 0x80000008 (0x00628263)
core   0: 0x8000000c (0x00000297) auipc   t0, 0x0
core   0: 3 0x8000000c (0x00000297) x 5 0x8000000c
core   0: 0x80000010 (0x00c28293) addi    t0, t0, 12
core   0: 3 0x80000010 (0x00c28293) x 5 0x80000018
core   0: 0x80000014 (0x00028067) jr      t0
core   0: 3 0x80000014 (0x00028067)
core   0: 0x80000018 (0x40001b37) lui     s6, 0x40001
core   0: 3 0x80000018 (0x40001b37) x22 0x40001000
core   0: 0x8000001c (0x104b0b13) addi    s6, s6, 260
core   0: 3 0x8000001c (0x104b0b13) x22 0x40001104
core   0: 0x80000020 (0x301b1073) csrw    misa, s6
core   0: 3 0x80000020 (0x301b1073) c769_misa 0x40141100
core   0: 0x80000024 (0x00019717) auipc   a4, 0x19
core   0: 3 0x80000024 (0x00019717) x14 0x80019024
core   0: 0x80000028 (0xcc070713) addi    a4, a4, -832
core   0: 3 0x80000028 (0xcc070713) x14 0x80018ce4
core   0: 0x8000002c (0x0000ab17) auipc   s6, 0xa
core   0: 3 0x8000002c (0x0000ab17) x22 0x8000a02c
core   0: 0x80000030 (0xd54b0b13) addi    s6, s6, -684
core   0: 3 0x80000030 (0xd54b0b13) x22 0x80009d80
core   0: 0x80000034 (0x000b6b13) ori     s6, s6, 0
core   0: 3 0x80000034 (0x000b6b13) x22 0x80009d80
core   0: 0x80000038 (0x305b1073) csrw    mtvec, s6
core   0: 3 0x80000038 (0x305b1073) c773_mtvec 0x80009d80
core   0: 0x8000003c (0x00000b17) auipc   s6, 0x0
core   0: 3 0x8000003c (0x00000b17) x22 0x8000003c
core   0: 0x80000040 (0x028b0b13) addi    s6, s6, 40
core   0: 3 0x80000040 (0x028b0b13) x22 0x80000064
core   0: 0x80000044 (0x341b1073) csrw    mepc, s6
core   0: 3 0x80000044 (0x341b1073) c833_mepc 0x80000064
core   0: 0x80000048 (0x00000013) nop
core   0: 3 0x80000048 (0x00000013)
core   0: 0x8000004c (0x00002b37) lui     s6, 0x2
core   0: 3 0x8000004c (0x00002b37) x22 0x00002000
core   0: 0x80000050 (0x800b0b13) addi    s6, s6, -2048
core   0: 3 0x80000050 (0x800b0b13) x22 0x00001800
core   0: 0x80000054 (0x300b1073) csrw    mstatus, s6
core   0: 3 0x80000054 (0x300b1073) c768_mstatus 0x00001800
core   0: 0x80000058 (0x00000b13) li      s6, 0
core   0: 3 0x80000058 (0x00000b13) x22 0x00000000
core   0: 0x8000005c (0x304b1073) csrw    mie, s6
core   0: 3 0x8000005c (0x304b1073) c772_mie 0x00000000
core   0: 0x80000060 (0x30200073) mret
core   0: 3 0x80000060 (0x30200073) c768_mstatus 0x00000080
core   0: >>>>  init
core   0: 0x80000064 (0xf2f45037) lui     zero, 0xf2f45
core   0: 3 0x80000064 (0xf2f45037)
core   0: 0x80000068 (0xa2500013) li      zero, -1499
core   0: 3 0x80000068 (0xa2500013)
core   0: 0x8000006c (0x00000093) li      ra, 0
core   0: 3 0x8000006c (0x00000093) x 1 0x00000000
core   0: 0x80000070 (0x8d5fa1b7) lui     gp, 0x8d5fa
core   0: 3 0x80000070 (0x8d5fa1b7) x 3 0x8d5fa000
core   0: 0x80000074 (0x22a18193) addi    gp, gp, 554
core   0: 3 0x80000074 (0x22a18193) x 3 0x8d5fa22a
core   0: 0x80000078 (0xc6ede237) lui     tp, 0xc6ede
core   0: 3 0x80000078 (0xc6ede237) x 4 0xc6ede000
core   0: 0x8000007c (0x89d20213) addi    tp, tp, -1891
core   0: 3 0x8000007c (0x89d20213) x 4 0xc6edd89d
core   0: 0x80000080 (0xf64172b7) lui     t0, 0xf6417
core   0: 3 0x80000080 (0xf64172b7) x 5 0xf6417000
core   0: 0x80000084 (0xd2c28293) addi    t0, t0, -724
core   0: 3 0x80000084 (0xd2c28293) x 5 0xf6416d2c
core   0: 0x80000088 (0x00400313) li      t1, 4
core   0: 3 0x80000088 (0x00400313) x 6 0x00000004
core   0: 0x8000008c (0x800003b7) lui     t2, 0x80000
core   0: 3 0x8000008c (0x800003b7) x 7 0x80000000
core   0: 0x80000090 (0x00000413) li      s0, 0
core   0: 3 0x80000090 (0x00000413) x 8 0x00000000
core   0: 0x80000094 (0xf40114b7) lui     s1, 0xf4011
core   0: 3 0x80000094 (0xf40114b7) x 9 0xf4011000
core   0: 0x80000098 (0xa4848493) addi    s1, s1, -1464
core   0: 3 0x80000098 (0xa4848493) x 9 0xf4010a48
core   0: 0x8000009c (0x09cdf537) lui     a0, 0x9cdf
core   0: 3 0x8000009c (0x09cdf537) x10 0x09cdf000
core   0: 0x800000a0 (0x52350513) addi    a0, a0, 1315
core   0: 3 0x800000a0 (0x52350513) x10 0x09cdf523
core   0: 0x800000a4 (0xff30b5b7) lui     a1, 0xff30b
core   0: 3 0x800000a4 (0xff30b5b7) x11 0xff30b000
core   0: 0x800000a8 (0xcbe58593) addi    a1, a1, -834
core   0: 3 0x800000a8 (0xcbe58593) x11 0xff30acbe
core   0: 0x800000ac (0x00900613) li      a2, 9
core   0: 3 0x800000ac (0x00900613) x12 0x00000009
core   0: 0x800000b0 (0x00d00693) li      a3, 13
core   0: 3 0x800000b0 (0x00d00693) x13 0x0000000d
core   0: 0x800000b4 (0xf1aff7b7) lui     a5, 0xf1aff
core   0: 3 0x800000b4 (0xf1aff7b7) x15 0xf1aff000
core   0: 0x800000b8 (0xd8378793) addi    a5, a5, -637
core   0: 3 0x800000b8 (0xd8378793) x15 0xf1afed83
core   0: 0x800000bc (0x57edb837) lui     a6, 0x57edb
core   0: 3 0x800000bc (0x57edb837) x16 0x57edb000
core   0: 0x800000c0 (0x3bf80813) addi    a6, a6, 959
core   0: 3 0x800000c0 (0x3bf80813) x16 0x57edb3bf
core   0: 0x800000c4 (0xf0b098b7) lui     a7, 0xf0b09
core   0: 3 0x800000c4 (0xf0b098b7) x17 0xf0b09000
core   0: 0x800000c8 (0x0c188893) addi    a7, a7, 193
core   0: 3 0x800000c8 (0x0c188893) x17 0xf0b090c1
core   0: 0x800000cc (0x00000913) li      s2, 0
core   0: 3 0x800000cc (0x00000913) x18 0x00000000
core   0: 0x800000d0 (0x800009b7) lui     s3, 0x80000
core   0: 3 0x800000d0 (0x800009b7) x19 0x80000000
core   0: 0x800000d4 (0xf9ff3a37) lui     s4, 0xf9ff3
core   0: 3 0x800000d4 (0xf9ff3a37) x20 0xf9ff3000
core   0: 0x800000d8 (0x593a0a13) addi    s4, s4, 1427
core   0: 3 0x800000d8 (0x593a0a13) x20 0xf9ff3593
core   0: 0x800000dc (0xfc966ab7) lui     s5, 0xfc966
core   0: 3 0x800000dc (0xfc966ab7) x21 0xfc966000
core   0: 0x800000e0 (0x079a8a93) addi    s5, s5, 121
core   0: 3 0x800000e0 (0x079a8a93) x21 0xfc966079
core   0: 0x800000e4 (0x00f00b13) li      s6, 15
core   0: 3 0x800000e4 (0x00f00b13) x22 0x0000000f
core   0: 0x800000e8 (0x00000b93) li      s7, 0
core   0: 3 0x800000e8 (0x00000b93) x23 0x00000000
core   0: 0x800000ec (0x00500c13) li      s8, 5
core   0: 3 0x800000ec (0x00500c13) x24 0x00000005
core   0: 0x800000f0 (0x00000c93) li      s9, 0
core   0: 3 0x800000f0 (0x00000c93) x25 0x00000000
core   0: 0x800000f4 (0x1bd99d37) lui     s10, 0x1bd99
core   0: 3 0x800000f4 (0x1bd99d37) x26 0x1bd99000
core   0: 0x800000f8 (0x547d0d13) addi    s10, s10, 1351
core   0: 3 0x800000f8 (0x547d0d13) x26 0x1bd99547
core   0: 0x800000fc (0x80000db7) lui     s11, 0x80000
core   0: 3 0x800000fc (0x80000db7) x27 0x80000000
core   0: 0x80000100 (0x93df2e37) lui     t3, 0x93df2
core   0: 3 0x80000100 (0x93df2e37) x28 0x93df2000
core   0: 0x80000104 (0x637e0e13) addi    t3, t3, 1591
core   0: 3 0x80000104 (0x637e0e13) x28 0x93df2637
core   0: 0x80000108 (0x00200e93) li      t4, 2
core   0: 3 0x80000108 (0x00200e93) x29 0x00000002
core   0: 0x8000010c (0x80000f37) lui     t5, 0x80000
core   0: 3 0x8000010c (0x80000f37) x30 0x80000000
core   0: 0x80000110 (0x80000fb7) lui     t6, 0x80000
core   0: 3 0x80000110 (0x80000fb7) x31 0x80000000
core   0: 0x80000114 (0x00015117) auipc   sp, 0x15
core   0: 3 0x80000114 (0x00015117) x 2 0x80015114
core   0: 0x80000118 (0xd5010113) addi    sp, sp, -688
core   0: 3 0x80000118 (0xd5010113) x 2 0x80014e64
core   0: 0x8000011c (0x403a09b3) sub     s3, s4, gp
core   0: 3 0x8000011c (0x403a09b3) x19 0x6c9f9369
core   0: 0x80000120 (0x03b0c7b3) div     a5, ra, s11
core   0: 3 0x80000120 (0x03b0c7b3) x15 0x00000000
core   0: 0x80000124 (0x8cae3a93) sltiu   s5, t3, -1846
core   0: 3 0x80000124 (0x8cae3a93) x21 0x00000001
core   0: 0x80000128 (0x00264833) xor     a6, a2, sp
core   0: 3 0x80000128 (0x00264833) x16 0x80014e6d
core   0: 0x8000012c (0x024a8333) mul     t1, s5, tp
core   0: 3 0x8000012c (0x024a8333) x 6 0xc6edd89d
core   0: 0x80000130 (0x004836b3) sltu    a3, a6, tp
core   0: 3 0x80000130 (0x004836b3) x13 0x00000001
core   0: 0x80000134 (0xe13ce693) ori     a3, s9, -493
core   0: 3 0x80000134 (0xe13ce693) x13 0xfffffe13
core   0: 0x80000138 (0x412f5a93) srai    s5, t5, 18
core   0: 3 0x80000138 (0x412f5a93) x21 0xffffe000
core   0: 0x8000013c (0xd6806093) ori     ra, zero, -664
core   0: 3 0x8000013c (0xd6806093) x 1 0xfffffd68
core   0: 0x80000140 (0x026e30b3) mulhu   ra, t3, t1
core   0: 3 0x80000140 (0x026e30b3) x 1 0x72e7fa43
core   0: 0x80000144 (0x00e21c33) sll     s8, tp, a4
core   0: 3 0x80000144 (0x00e21c33) x24 0x6edd89d0
core   0: 0x80000148 (0x28d32d37) lui     s10, 0x28d32
core   0: 3 0x80000148 (0x28d32d37) x26 0x28d32000
core   0: 0x8000014c (0x4127df93) srai    t6, a5, 18
core   0: 3 0x8000014c (0x4127df93) x31 0x00000000
core   0: 0x80000150 (0x00a3c333) xor     t1, t2, a0
core   0: 3 0x80000150 (0x00a3c333) x 6 0x89cdf523
core   0: 0x80000154 (0x024cf233) remu    tp, s9, tp
core   0: 3 0x80000154 (0x024cf233) x 4 0x00000000
core   0: 0x80000158 (0x02b7a633) mulhsu  a2, a5, a1
core   0: 3 0x80000158 (0x02b7a633) x12 0x00000000
core   0: 0x8000015c (0x016f9333) sll     t1, t6, s6
core   0: 3 0x8000015c (0x016f9333) x 6 0x00000000
core   0: 0x80000160 (0x026dddb3) divu    s11, s11, t1
core   0: 3 0x80000160 (0x026dddb3) x27 0xffffffff
core   0: 0x80000164 (0x0034af33) slt     t5, s1, gp
core   0: 3 0x80000164 (0x0034af33) x30 0x00000000
core   0: 0x80000168 (0x67222413) slti    s0, tp, 1650
core   0: 3 0x80000168 (0x67222413) x 8 0x00000001
core   0: 0x8000016c (0x41d35533) sra     a0, t1, t4
core   0: 3 0x8000016c (0x41d35533) x10 0x00000000
core   0: 0x80000170 (0x014bd093) srli    ra, s7, 20
core   0: 3 0x80000170 (0x014bd093) x 1 0x00000000
core   0: 0x80000174 (0x02e2a333) mulhsu  t1, t0, a4
core   0: 3 0x80000174 (0x02e2a333) x 6 0xfb20a77a
core   0: 0x80000178 (0x00000013) nop
core   0: 3 0x80000178 (0x00000013)
core   0: 0x8000017c (0x25aa2593) slti    a1, s4, 602
core   0: 3 0x8000017c (0x25aa2593) x11 0x00000001
core   0: 0x80000180 (0xe669c893) xori    a7, s3, -410
core   0: 3 0x80000180 (0xe669c893) x17 0x93606d0f
core   0: 0x80000184 (0xf1273193) sltiu   gp, a4, -238
core   0: 3 0x80000184 (0xf1273193) x 3 0x00000001
core   0: 0x80000188 (0x00929993) slli    s3, t0, 9
core   0: 3 0x80000188 (0x00929993) x19 0x82da5800
core   0: 0x8000018c (0xb2a72597) auipc   a1, 0xb2a72
core   0: 3 0x8000018c (0xb2a72597) x11 0x32a7218c
core   0: 0x80000190 (0x00fe5c33) srl     s8, t3, a5
core   0: 3 0x80000190 (0x00fe5c33) x24 0x93df2637
core   0: 0x80000194 (0x0201d9b3) divu    s3, gp, zero
core   0: 3 0x80000194 (0x0201d9b3) x19 0xffffffff
core   0: 0x80000198 (0x02bc99b3) mulh    s3, s9, a1
core   0: 3 0x80000198 (0x02bc99b3) x19 0x00000000
core   0: 0x8000019c (0x00f88a33) add     s4, a7, a5
core   0: 3 0x8000019c (0x00f88a33) x20 0x93606d0f
core   0: 0x800001a0 (0x41155a93) srai    s5, a0, 17
core   0: 3 0x800001a0 (0x41155a93) x21 0x00000000
core   0: 0x800001a4 (0x02e91533) mulh    a0, s2, a4
core   0: 3 0x800001a4 (0x02e91533) x10 0x00000000
core   0: 0x800001a8 (0x00401c93) slli    s9, zero, 4
core   0: 3 0x800001a8 (0x00401c93) x25 0x00000000
core   0: 0x800001ac (0x000d04b3) add     s1, s10, zero
core   0: 3 0x800001ac (0x000d04b3) x 9 0x28d32000
core   0: 0x800001b0 (0x021446b3) div     a3, s0, ra
core   0: 3 0x800001b0 (0x021446b3) x13 0xffffffff
core   0: 0x800001b4 (0x410856b3) sra     a3, a6, a6
core   0: 3 0x800001b4 (0x410856b3) x13 0xfffc000a
core   0: 0x800001b8 (0xce282313) slti    t1, a6, -798
core   0: 3 0x800001b8 (0xce282313) x 6 0x00000001
core   0: 0x800001bc (0x005bd793) srli    a5, s7, 5
core   0: 3 0x800001bc (0x005bd793) x15 0x00000000
core   0: 0x800001c0 (0xdde7a613) slti    a2, a5, -546
core   0: 3 0x800001c0 (0xdde7a613) x12 0x00000000
core   0: 0x800001c4 (0x68276b13) ori     s6, a4, 1666
core   0: 3 0x800001c4 (0x68276b13) x22 0x80018ee6
core   0: 0x800001c8 (0x03b8b0b3) mulhu   ra, a7, s11
core   0: 3 0x800001c8 (0x03b8b0b3) x 1 0x93606d0e
core   0: 0x800001cc (0x034c7e33) remu    t3, s8, s4
core   0: 3 0x800001cc (0x034c7e33) x28 0x007eb928
core   0: 0x800001d0 (0x405c83b3) sub     t2, s9, t0
core   0: 3 0x800001d0 (0x405c83b3) x 7 0x09be92d4
core   0: 0x800001d4 (0x0095d413) srli    s0, a1, 9
core   0: 3 0x800001d4 (0x0095d413) x 8 0x00195390
core   0: 0x800001d8 (0x00cfc3b3) xor     t2, t6, a2
core   0: 3 0x800001d8 (0x00cfc3b3) x 7 0x00000000
core   0: 0x800001dc (0x01769d93) slli    s11, a3, 23
core   0: 3 0x800001dc (0x01769d93) x27 0x05000000
core   0: 0x800001e0 (0x025a96b3) mulh    a3, s5, t0
core   0: 3 0x800001e0 (0x025a96b3) x13 0x00000000
core   0: 0x800001e4 (0xa4077013) andi    zero, a4, -1472
core   0: 3 0x800001e4 (0xa4077013)
core   0: 0x800001e8 (0x9fc30193) addi    gp, t1, -1540
core   0: 3 0x800001e8 (0x9fc30193) x 3 0xfffff9fd
core   0: 0x800001ec (0x01741e13) slli    t3, s0, 23
core   0: 3 0x800001ec (0x01741e13) x28 0xc8000000
core   0: 0x800001f0 (0xe6c28513) addi    a0, t0, -404
core   0: 3 0x800001f0 (0xe6c28513) x10 0xf6416b98
core   0: 0x800001f4 (0x00cd5c93) srli    s9, s10, 12
core   0: 3 0x800001f4 (0x00cd5c93) x25 0x00028d32
core   0: 0x800001f8 (0x59d357b7) lui     a5, 0x59d35
core   0: 3 0x800001f8 (0x59d357b7) x15 0x59d35000
core   0: 0x800001fc (0x61cd2d93) slti    s11, s10, 1564
core   0: 3 0x800001fc (0x61cd2d93) x27 0x00000000
core   0: 0x80000200 (0x00000013) nop
core   0: 3 0x80000200 (0x00000013)
core   0: 0x80000204 (0x00000013) nop
core   0: 3 0x80000204 (0x00000013)
core   0: 0x80000208 (0x010b5793) srli    a5, s6, 16
core   0: 3 0x80000208 (0x010b5793) x15 0x00008001
core   0: 0x8000020c (0x030596b3) mulh    a3, a1, a6
core   0: 3 0x8000020c (0x030596b3) x13 0xe6acb165
core   0: 0x80000210 (0xfa472b93) slti    s7, a4, -92
core   0: 3 0x80000210 (0xfa472b93) x23 0x00000001
core   0: 0x80000214 (0x01631d93) slli    s11, t1, 22
core   0: 3 0x80000214 (0x01631d93) x27 0x00400000
core   0: 0x80000218 (0x84558513) addi    a0, a1, -1979
core   0: 3 0x80000218 (0x84558513) x10 0x32a719d1
core   0: 0x8000021c (0x03f6da33) divu    s4, a3, t6
core   0: 3 0x8000021c (0x03f6da33) x20 0xffffffff
core   0: 0x80000220 (0xac9e7393) andi    t2, t3, -1335
core   0: 3 0x80000220 (0xac9e7393) x 7 0xc8000000
core   0: 0x80000224 (0x006abdb3) sltu    s11, s5, t1
core   0: 3 0x80000224 (0x006abdb3) x27 0x00000001
core   0: 0x80000228 (0x5ef99a97) auipc   s5, 0x5ef99
core   0: 3 0x80000228 (0x5ef99a97) x21 0xdef99228
core   0: 0x8000022c (0x56140a17) auipc   s4, 0x56140
core   0: 3 0x8000022c (0x56140a17) x20 0xd614022c
core   0: 0x80000230 (0x02dc7033) remu    zero, s8, a3
core   0: 3 0x80000230 (0x02dc7033)
core   0: 0x80000234 (0x0149f5b3) and     a1, s3, s4
core   0: 3 0x80000234 (0x0149f5b3) x11 0x00000000
core   0: 0x80000238 (0x00e57033) and     zero, a0, a4
core   0: 3 0x80000238 (0x00e57033)
core   0: 0x8000023c (0x006125b3) slt     a1, sp, t1
core   0: 3 0x8000023c (0x006125b3) x11 0x00000001
core   0: 0x80000240 (0x01109993) slli    s3, ra, 17
core   0: 3 0x80000240 (0x01109993) x19 0xda1c0000
core   0: 0x80000244 (0x03b07f33) remu    t5, zero, s11
core   0: 3 0x80000244 (0x03b07f33) x30 0x00000000
core   0: 0x80000248 (0x00659233) sll     tp, a1, t1
core   0: 3 0x80000248 (0x00659233) x 4 0x00000002
core   0: 0x8000024c (0x02839c33) mulh    s8, t2, s0
core   0: 3 0x8000024c (0x02839c33) x24 0xfffa75b8
core   0: 0x80000250 (0xcfeea993) slti    s3, t4, -770
core   0: 3 0x80000250 (0xcfeea993) x19 0x00000000
core   0: 0x80000254 (0x00ad0333) add     t1, s10, a0
core   0: 3 0x80000254 (0x00ad0333) x 6 0x5b7a39d1
core   0: 0x80000258 (0x011ef333) and     t1, t4, a7
core   0: 3 0x80000258 (0x011ef333) x 6 0x00000002
core   0: 0x8000025c (0x00659e13) slli    t3, a1, 6
core   0: 3 0x8000025c (0x00659e13) x28 0x00000040
core   0: 0x80000260 (0x03803033) mulhu   zero, zero, s8
core   0: 3 0x80000260 (0x03803033)
core   0: 0x80000264 (0x00b549b3) xor     s3, a0, a1
core   0: 3 0x80000264 (0x00b549b3) x19 0x32a719d0
core   0: 0x80000268 (0x01fd85b3) add     a1, s11, t6
core   0: 3 0x80000268 (0x01fd85b3) x11 0x00000001
core   0: 0x8000026c (0x018358b3) srl     a7, t1, s8
core   0: 3 0x8000026c (0x018358b3) x17 0x00000000
core   0: 0x80000270 (0x00512d33) slt     s10, sp, t0
core   0: 3 0x80000270 (0x00512d33) x26 0x00000001
core   0: 0x80000274 (0x33997513) andi    a0, s2, 825
core   0: 3 0x80000274 (0x33997513) x10 0x00000000
core   0: 0x80000278 (0x037398b3) mulh    a7, t2, s7
core   0: 3 0x80000278 (0x037398b3) x17 0xffffffff
core   0: 0x8000027c (0x03035333) divu    t1, t1, a6
core   0: 3 0x8000027c (0x03035333) x 6 0x00000000
core   0: 0x80000280 (0x5c37ab93) slti    s7, a5, 1475
core   0: 3 0x80000280 (0x5c37ab93) x23 0x00000000
core   0: 0x80000284 (0x00b89ab3) sll     s5, a7, a1
core   0: 3 0x80000284 (0x00b89ab3) x21 0xfffffffe
core   0: 0x80000288 (0x0073fcb3) and     s9, t2, t2
core   0: 3 0x80000288 (0x0073fcb3) x25 0xc8000000
core   0: 0x8000028c (0x41b0d093) srai    ra, ra, 27
core   0: 3 0x8000028c (0x41b0d093) x 1 0xfffffff2
core   0: 0x80000290 (0x003afab3) and     s5, s5, gp
core   0: 3 0x80000290 (0x003afab3) x21 0xfffff9fc
core   0: 0x80000294 (0x004e9e13) slli    t3, t4, 4
core   0: 3 0x80000294 (0x004e9e13) x28 0x00000020
core   0: 0x80000298 (0x01ef0033) add     zero, t5, t5
core   0: 3 0x80000298 (0x01ef0033)
core   0: 0x8000029c (0x009fdeb3) srl     t4, t6, s1
core   0: 3 0x8000029c (0x009fdeb3) x29 0x00000000
core   0: 0x800002a0 (0x038c5233) divu    tp, s8, s8
core   0: 3 0x800002a0 (0x038c5233) x 4 0x00000001
core   0: 0x800002a4 (0x008834b3) sltu    s1, a6, s0
core   0: 3 0x800002a4 (0x008834b3) x 9 0x00000000
core   0: 0x800002a8 (0x00b721b3) slt     gp, a4, a1
core   0: 3 0x800002a8 (0x00b721b3) x 3 0x00000001
core   0: 0x800002ac (0x418180b3) sub     ra, gp, s8
core   0: 3 0x800002ac (0x418180b3) x 1 0x00058a49
core   0: 0x800002b0 (0x032404b3) mul     s1, s0, s2
core   0: 3 0x800002b0 (0x032404b3) x 9 0x00000000
core   0: 0x800002b4 (0x024bd3b3) divu    t2, s7, tp
core   0: 3 0x800002b4 (0x024bd3b3) x 7 0x00000000
core   0: 0x800002b8 (0x4c6bc093) xori    ra, s7, 1222
core   0: 3 0x800002b8 (0x4c6bc093) x 1 0x000004c6
core   0: 0x800002bc (0x01d7a033) slt     zero, a5, t4
core   0: 3 0x800002bc (0x01d7a033)
core   0: 0x800002c0 (0x00000013) nop
core   0: 3 0x800002c0 (0x00000013)
core   0: 0x800002c4 (0x012518b3) sll     a7, a0, s2
core   0: 3 0x800002c4 (0x012518b3) x17 0x00000000
core   0: 0x800002c8 (0x0147d493) srli    s1, a5, 20
core   0: 3 0x800002c8 (0x0147d493) x 9 0x00000000
core   0: 0x800002cc (0x03bb69b3) rem     s3, s6, s11
core   0: 3 0x800002cc (0x03bb69b3) x19 0x00000000
core   0: 0x800002d0 (0x49fe6fb7) lui     t6, 0x49fe6
core   0: 3 0x800002d0 (0x49fe6fb7) x31 0x49fe6000
core   0: 0x800002d4 (0x00455e33) srl     t3, a0, tp
core   0: 3 0x800002d4 (0x00455e33) x28 0x00000000
core   0: 0x800002d8 (0xf234f513) andi    a0, s1, -221
core   0: 3 0x800002d8 (0xf234f513) x10 0x00000000
core   0: 0x800002dc (0x016cdcb3) srl     s9, s9, s6
core   0: 3 0x800002dc (0x016cdcb3) x25 0x03200000
core   0: 0x800002e0 (0x0281e7b3) rem     a5, gp, s0
core   0: 3 0x800002e0 (0x0281e7b3) x15 0x00000001
core   0: 0x800002e4 (0x01477eb3) and     t4, a4, s4
core   0: 3 0x800002e4 (0x01477eb3) x29 0x80000024
core   0: 0x800002e8 (0x41455e33) sra     t3, a0, s4
core   0: 3 0x800002e8 (0x41455e33) x28 0x00000000
core   0: 0x800002ec (0x00b2df33) srl     t5, t0, a1
core   0: 3 0x800002ec (0x00b2df33) x30 0x7b20b696
core   0: 0x800002f0 (0x014b5693) srli    a3, s6, 20
core   0: 3 0x800002f0 (0x014b5693) x13 0x00000800
core   0: 0x800002f4 (0x03ad8533) mul     a0, s11, s10
core   0: 3 0x800002f4 (0x03ad8533) x10 0x00000001
core   0: 0x800002f8 (0x0318acb3) mulhsu  s9, a7, a7
core   0: 3 0x800002f8 (0x0318acb3) x25 0x00000000
core   0: 0x800002fc (0x002f24b3) slt     s1, t5, sp
core   0: 3 0x800002fc (0x002f24b3) x 9 0x00000000
core   0: 0x80000300 (0x02ba50b3) divu    ra, s4, a1
core   0: 3 0x80000300 (0x02ba50b3) x 1 0xd614022c
core   0: 0x80000304 (0x41d3d393) srai    t2, t2, 29
core   0: 3 0x80000304 (0x41d3d393) x 7 0x00000000
core   0: 0x80000308 (0x029e6ab3) rem     s5, t3, s1
core   0: 3 0x80000308 (0x029e6ab3) x21 0x00000000
core   0: 0x8000030c (0x0137ac33) slt     s8, a5, s3
core   0: 3 0x8000030c (0x0137ac33) x24 0x00000000
core   0: 0x80000310 (0x00874db3) xor     s11, a4, s0
core   0: 3 0x80000310 (0x00874db3) x27 0x8018df74
core   0: 0x80000314 (0x2ef47b13) andi    s6, s0, 751
core   0: 3 0x80000314 (0x2ef47b13) x22 0x00000280
core   0: 0x80000318 (0xc050e993) ori     s3, ra, -1019
core   0: 3 0x80000318 (0xc050e993) x19 0xfffffe2d
core   0: 0x8000031c (0x025bc9b3) div     s3, s7, t0
core   0: 3 0x8000031c (0x025bc9b3) x19 0x00000000
core   0: 0x80000320 (0x00000013) nop
core   0: 3 0x80000320 (0x00000013)
core   0: 0x80000324 (0x024c17b3) mulh    a5, s8, tp
core   0: 3 0x80000324 (0x024c17b3) x15 0x00000000
core   0: 0x80000328 (0x02fce533) rem     a0, s9, a5
core   0: 3 0x80000328 (0x02fce533) x10 0x00000000
core   0: 0x8000032c (0x02a49333) mulh    t1, s1, a0
core   0: 3 0x8000032c (0x02a49333) x 6 0x00000000
core   0: 0x80000330 (0x036d3897) auipc   a7, 0x36d3
core   0: 3 0x80000330 (0x036d3897) x17 0x836d3330
core   0: 0x80000334 (0x412bd5b3) sra     a1, s7, s2
core   0: 3 0x80000334 (0x412bd5b3) x11 0x00000000
core   0: 0x80000338 (0x03fdbc33) mulhu   s8, s11, t6
core   0: 3 0x80000338 (0x03fdbc33) x24 0x2506606f
core   0: 0x8000033c (0x00000013) nop
core   0: 3 0x8000033c (0x00000013)
core   0: 0x80000340 (0x2b55dab7) lui     s5, 0x2b55d
core   0: 3 0x80000340 (0x2b55dab7) x21 0x2b55d000
core   0: 0x80000344 (0x30651a97) auipc   s5, 0x30651
core   0: 3 0x80000344 (0x30651a97) x21 0xb0651344
core   0: 0x80000348 (0x020ea4b3) mulhsu  s1, t4, zero
core   0: 3 0x80000348 (0x020ea4b3) x 9 0x00000000
core   0: 0x8000034c (0x02033033) mulhu   zero, t1, zero
core   0: 3 0x8000034c (0x02033033)
core   0: 0x80000350 (0x00e37ab3) and     s5, t1, a4
core   0: 3 0x80000350 (0x00e37ab3) x21 0x00000000
core   0: 0x80000354 (0x018b84b3) add     s1, s7, s8
core   0: 3 0x80000354 (0x018b84b3) x 9 0x2506606f
core   0: 0x80000358 (0x03755c33) divu    s8, a0, s7
core   0: 3 0x80000358 (0x03755c33) x24 0xffffffff
core   0: 0x8000035c (0x00957f33) and     t5, a0, s1
core   0: 3 0x8000035c (0x00957f33) x30 0x00000000
core   0: 0x80000360 (0xb5d21bb7) lui     s7, 0xb5d21
core   0: 3 0x80000360 (0xb5d21bb7) x23 0xb5d21000
core   0: 0x80000364 (0x03b80333) mul     t1, a6, s11
core   0: 3 0x80000364 (0x03b80333) x 6 0xfe207c64
core   0: 0x80000368 (0x8c2fc013) xori    zero, t6, -1854
core   0: 3 0x80000368 (0x8c2fc013)
core   0: 0x8000036c (0x00000013) nop
core   0: 3 0x8000036c (0x00000013)
core   0: 0x80000370 (0x40145313) srai    t1, s0, 1
core   0: 3 0x80000370 (0x40145313) x 6 0x000ca9c8
core   0: 0x80000374 (0x01d81333) sll     t1, a6, t4
core   0: 3 0x80000374 (0x01d81333) x 6 0x0014e6d0
core   0: 0x80000378 (0x00231693) slli    a3, t1, 2
core   0: 3 0x80000378 (0x00231693) x13 0x00539b40
core   0: 0x8000037c (0x02cac333) div     t1, s5, a2
core   0: 3 0x8000037c (0x02cac333) x 6 0xffffffff
core   0: 0x80000380 (0x001c0933) add     s2, s8, ra
core   0: 3 0x80000380 (0x001c0933) x18 0xd614022b
core   0: 0x80000384 (0x0101b333) sltu    t1, gp, a6
core   0: 3 0x80000384 (0x0101b333) x 6 0x00000001
core   0: 0x80000388 (0x39762b93) slti    s7, a2, 919
core   0: 3 0x80000388 (0x39762b93) x23 0x00000001
core   0: 0x8000038c (0x00000013) nop
core   0: 3 0x8000038c (0x00000013)
core   0: 0x80000390 (0x0018df33) srl     t5, a7, ra
core   0: 3 0x80000390 (0x0018df33) x30 0x000836d3
core   0: 0x80000394 (0x02e0b1b3) mulhu   gp, ra, a4
core   0: 3 0x80000394 (0x02e0b1b3) x 3 0x6b0b4cfb
core   0: 0x80000398 (0x02a88eb3) mul     t4, a7, a0
core   0: 3 0x80000398 (0x02a88eb3) x29 0x00000000
core   0: 0x8000039c (0x00be8533) add     a0, t4, a1
core   0: 3 0x8000039c (0x00be8533) x10 0x00000000
core   0: 0x800003a0 (0x86fcea93) ori     s5, s9, -1937
core   0: 3 0x800003a0 (0x86fcea93) x21 0xfffff86f
core   0: 0x800003a4 (0x01bbefb3) or      t6, s7, s11
core   0: 3 0x800003a4 (0x01bbefb3) x31 0x8018df75
core   0: 0x800003a8 (0x02d02533) mulhsu  a0, zero, a3
core   0: 3 0x800003a8 (0x02d02533) x10 0x00000000
core   0: 0x800003ac (0xaf79eb93) ori     s7, s3, -1289
core   0: 3 0x800003ac (0xaf79eb93) x23 0xfffffaf7
core   0: 0x800003b0 (0x032b21b3) mulhsu  gp, s6, s2
core   0: 3 0x800003b0 (0x032b21b3) x 3 0x00000217
core   0: 0x800003b4 (0x02415933) divu    s2, sp, tp
core   0: 3 0x800003b4 (0x02415933) x18 0x80014e64
core   0: 0x800003b8 (0x02fd13b3) mulh    t2, s10, a5
core   0: 3 0x800003b8 (0x02fd13b3) x 7 0x00000000
core   0: 0x800003bc (0x01042c33) slt     s8, s0, a6
core   0: 3 0x800003bc (0x01042c33) x24 0x00000000
core   0: 0x800003c0 (0x01269093) slli    ra, a3, 18
core   0: 3 0x800003c0 (0x01269093) x 1 0x6d000000
core   0: 0x800003c4 (0x03280933) mul     s2, a6, s2
core   0: 3 0x800003c4 (0x03280933) x18 0x34d4d894
core   0: 0x800003c8 (0x00000013) nop
core   0: 3 0x800003c8 (0x00000013)
core   0: 0x800003cc (0x00431b13) slli    s6, t1, 4
core   0: 3 0x800003cc (0x00431b13) x22 0x00000010
core   0: 0x800003d0 (0x03fa13b3) mulh    t2, s4, t6
core   0: 3 0x800003d0 (0x03fa13b3) x 7 0x14f1ec32
core   0: 0x800003d4 (0x41065793) srai    a5, a2, 16
core   0: 3 0x800003d4 (0x41065793) x15 0x00000000
core   0: 0x800003d8 (0x69ee8237) lui     tp, 0x69ee8
core   0: 3 0x800003d8 (0x69ee8237) x 4 0x69ee8000
core   0: 0x800003dc (0x0381a7b3) mulhsu  a5, gp, s8
core   0: 3 0x800003dc (0x0381a7b3) x15 0x00000000
core   0: 0x800003e0 (0x01f68a33) add     s4, a3, t6
core   0: 3 0x800003e0 (0x01f68a33) x20 0x806c7ab5
core   0: 0x800003e4 (0x02949db3) mulh    s11, s1, s1
core   0: 3 0x800003e4 (0x02949db3) x27 0x055ad808
core   0: 0x800003e8 (0x007061b3) or      gp, zero, t2
core   0: 3 0x800003e8 (0x007061b3) x 3 0x14f1ec32
core   0: 0x800003ec (0x27e9a6b7) lui     a3, 0x27e9a
core   0: 3 0x800003ec (0x27e9a6b7) x13 0x27e9a000
core   0: 0x800003f0 (0x00e35f93) srli    t6, t1, 14
core   0: 3 0x800003f0 (0x00e35f93) x31 0x00000000
core   0: 0x800003f4 (0x00cf1613) slli    a2, t5, 12
core   0: 3 0x800003f4 (0x00cf1613) x12 0x836d3000
core   0: 0x800003f8 (0x40eed6b3) sra     a3, t4, a4
core   0: 3 0x800003f8 (0x40eed6b3) x13 0x00000000
core   0: 0x800003fc (0x03495eb3) divu    t4, s2, s4
core   0: 3 0x800003fc (0x03495eb3) x29 0x00000000
core   0: 0x80000400 (0x01a55433) srl     s0, a0, s10
core   0: 3 0x80000400 (0x01a55433) x 8 0x00000000
core   0: 0x80000404 (0x03f0a1b3) mulhsu  gp, ra, t6
core   0: 3 0x80000404 (0x03f0a1b3) x 3 0x00000000
core   0: 0x80000408 (0x01e67333) and     t1, a2, t5
core   0: 3 0x80000408 (0x01e67333) x 6 0x00083000
core   0: 0x8000040c (0x6b5c0b17) auipc   s6, 0x6b5c0
core   0: 3 0x8000040c (0x6b5c0b17) x22 0xeb5c040c
core   0: 0x80000410 (0x03651933) mulh    s2, a0, s6
core   0: 3 0x80000410 (0x03651933) x18 0x00000000
core   0: 0x80000414 (0x03ca5db3) divu    s11, s4, t3
core   0: 3 0x80000414 (0x03ca5db3) x27 0xffffffff
core   0: 0x80000418 (0x01b10533) add     a0, sp, s11
core   0: 3 0x80000418 (0x01b10533) x10 0x80014e63
core   0: 0x8000041c (0x03992433) mulhsu  s0, s2, s9
core   0: 3 0x8000041c (0x03992433) x 8 0x00000000
core   0: 0x80000420 (0x925d9c97) auipc   s9, 0x925d9
core   0: 3 0x80000420 (0x925d9c97) x25 0x125d9420
core   0: 0x80000424 (0x01cb2cb3) slt     s9, s6, t3
core   0: 3 0x80000424 (0x01cb2cb3) x25 0x00000001
core   0: 0x80000428 (0x036d7eb3) remu    t4, s10, s6
core   0: 3 0x80000428 (0x036d7eb3) x29 0x00000001
core   0: 0x8000042c (0x00000013) nop
core   0: 3 0x8000042c (0x00000013)
core   0: 0x80000430 (0x01ce90b3) sll     ra, t4, t3
core   0: 3 0x80000430 (0x01ce90b3) x 1 0x00000001
core   0: 0x80000434 (0x03d93c33) mulhu   s8, s2, t4
core   0: 3 0x80000434 (0x03d93c33) x24 0x00000000
core   0: 0x80000438 (0x023d15b3) mulh    a1, s10, gp
core   0: 3 0x80000438 (0x023d15b3) x11 0x00000000
core   0: 0x8000043c (0xab704c13) xori    s8, zero, -1353
core   0: 3 0x8000043c (0xab704c13) x24 0xfffffab7
core   0: 0x80000440 (0x9ee6e313) ori     t1, a3, -1554
core   0: 3 0x80000440 (0x9ee6e313) x 6 0xfffff9ee
core   0: 0x80000444 (0x6e2cc613) xori    a2, s9, 1762
core   0: 3 0x80000444 (0x6e2cc613) x12 0x000006e3
core   0: 0x80000448 (0x01f11813) slli    a6, sp, 31
core   0: 3 0x80000448 (0x01f11813) x16 0x00000000
core   0: 0x8000044c (0x5784f193) andi    gp, s1, 1400
core   0: 3 0x8000044c (0x5784f193) x 3 0x00000068
core   0: 0x80000450 (0x41410e33) sub     t3, sp, s4
core   0: 3 0x80000450 (0x41410e33) x28 0xff94d3af
core   0: 0x80000454 (0x753ae593) ori     a1, s5, 1875
core   0: 3 0x80000454 (0x753ae593) x11 0xffffff7f
core   0: 0x80000458 (0x40645993) srai    s3, s0, 6
core   0: 3 0x80000458 (0x40645993) x19 0x00000000
core   0: 0x8000045c (0x03cecfb3) div     t6, t4, t3
core   0: 3 0x8000045c (0x03cecfb3) x31 0x00000000
core   0: 0x80000460 (0x4065da33) sra     s4, a1, t1
core   0: 3 0x80000460 (0x4065da33) x20 0xffffffff
core   0: 0x80000464 (0x41ed5cb3) sra     s9, s10, t5
core   0: 3 0x80000464 (0x41ed5cb3) x25 0x00000000
core   0: 0x80000468 (0x2800f437) lui     s0, 0x2800f
core   0: 3 0x80000468 (0x2800f437) x 8 0x2800f000
core   0: 0x8000046c (0x026edfb3) divu    t6, t4, t1
core   0: 3 0x8000046c (0x026edfb3) x31 0x00000000
core   0: 0x80000470 (0x3eb8e193) ori     gp, a7, 1003
core   0: 3 0x80000470 (0x3eb8e193) x 3 0x836d33fb
core   0: 0x80000474 (0x01ba9233) sll     tp, s5, s11
core   0: 3 0x80000474 (0x01ba9233) x 4 0x80000000
core   0: 0x80000478 (0x00a75f13) srli    t5, a4, 10
core   0: 3 0x80000478 (0x00a75f13) x30 0x00200063
core   0: 0x8000047c (0x035f1a33) mulh    s4, t5, s5
core   0: 3 0x8000047c (0x035f1a33) x20 0xffffffff
core   0: 0x80000480 (0x00000013) nop
core   0: 3 0x80000480 (0x00000013)
core   0: 0x80000484 (0x402ad633) sra     a2, s5, sp
core   0: 3 0x80000484 (0x402ad633) x12 0xffffff86
core   0: 0x80000488 (0x002e15b3) sll     a1, t3, sp
core   0: 3 0x80000488 (0x002e15b3) x11 0xf94d3af0
core   0: 0x8000048c (0x41c7d693) srai    a3, a5, 28
core   0: 3 0x8000048c (0x41c7d693) x13 0x00000000
core   0: 0x80000490 (0xe9378c17) auipc   s8, 0xe9378
core   0: 3 0x80000490 (0xe9378c17) x24 0x69378490
core   0: 0x80000494 (0x016d13b3) sll     t2, s10, s6
core   0: 3 0x80000494 (0x016d13b3) x 7 0x00001000
core   0: 0x80000498 (0x26d0e893) ori     a7, ra, 621
core   0: 3 0x80000498 (0x26d0e893) x17 0x0000026d
core   0: 0x8000049c (0x0208b6b3) mulhu   a3, a7, zero
core   0: 3 0x8000049c (0x0208b6b3) x13 0x00000000
core   0: 0x800004a0 (0x03cdb7b3) mulhu   a5, s11, t3
core   0: 3 0x800004a0 (0x03cdb7b3) x15 0xff94d3ae
core   0: 0x800004a4 (0x02cf8c33) mul     s8, t6, a2
core   0: 3 0x800004a4 (0x02cf8c33) x24 0x00000000
core   0: 0x800004a8 (0x02f8f4b3) remu    s1, a7, a5
core   0: 3 0x800004a8 (0x02f8f4b3) x 9 0x0000026d
core   0: 0x800004ac (0x8c203013) sltiu   zero, zero, -1854
core   0: 3 0x800004ac (0x8c203013)
core   0: 0x800004b0 (0x37a1e997) auipc   s3, 0x37a1e
core   0: 3 0x800004b0 (0x37a1e997) x19 0xb7a1e4b0
core   0: 0x800004b4 (0x00685533) srl     a0, a6, t1
core   0: 3 0x800004b4 (0x00685533) x10 0x00000000
core   0: 0x800004b8 (0x02f94c33) div     s8, s2, a5
core   0: 3 0x800004b8 (0x02f94c33) x24 0x00000000
core   0: 0x800004bc (0x03dc93b3) mulh    t2, s9, t4
core   0: 3 0x800004bc (0x03dc93b3) x 7 0x00000000
core   0: 0x800004c0 (0x43207c13) andi    s8, zero, 1074
core   0: 3 0x800004c0 (0x43207c13) x24 0x00000000
core   0: 0x800004c4 (0x58a1e213) ori     tp, gp, 1418
core   0: 3 0x800004c4 (0x58a1e213) x 4 0x836d37fb
core   0: 0x800004c8 (0x02d7a5b3) mulhsu  a1, a5, a3
core   0: 3 0x800004c8 (0x02d7a5b3) x11 0x00000000
core   0: 0x800004cc (0x02edbfb3) mulhu   t6, s11, a4
core   0: 3 0x800004cc (0x02edbfb3) x31 0x80018ce3
core   0: 0x800004d0 (0x03b064b3) rem     s1, zero, s11
core   0: 3 0x800004d0 (0x03b064b3) x 9 0x00000000
core   0: 0x800004d4 (0x02d18533) mul     a0, gp, a3
core   0: 3 0x800004d4 (0x02d18533) x10 0x00000000
core   0: 0x800004d8 (0x0194f333) and     t1, s1, s9
core   0: 3 0x800004d8 (0x0194f333) x 6 0x00000000
core   0: 0x800004dc (0x01402633) slt     a2, zero, s4
core   0: 3 0x800004dc (0x01402633) x12 0x00000000
core   0: 0x800004e0 (0xcd7bcd13) xori    s10, s7, -809
core   0: 3 0x800004e0 (0xcd7bcd13) x26 0x00000620
core   0: 0x800004e4 (0x02cd2333) mulhsu  t1, s10, a2
core   0: 3 0x800004e4 (0x02cd2333) x 6 0x00000000
core   0: 0x800004e8 (0x005bdbb3) srl     s7, s7, t0
core   0: 3 0x800004e8 (0x005bdbb3) x23 0x000fffff
core   0: 0x800004ec (0x020146b3) div     a3, sp, zero
core   0: 3 0x800004ec (0x020146b3) x13 0xffffffff
core   0: 0x800004f0 (0x00849db3) sll     s11, s1, s0
core   0: 3 0x800004f0 (0x00849db3) x27 0x00000000
core   0: 0x800004f4 (0x02b88bb3) mul     s7, a7, a1
core   0: 3 0x800004f4 (0x02b88bb3) x23 0x00000000
core   0: 0x800004f8 (0x68b21f97) auipc   t6, 0x68b21
core   0: 3 0x800004f8 (0x68b21f97) x31 0xe8b214f8
core   0: 0x800004fc (0x40255c93) srai    s9, a0, 2
core   0: 3 0x800004fc (0x40255c93) x25 0x00000000
core   0: 0x80000500 (0x00d81393) slli    t2, a6, 13
core   0: 3 0x80000500 (0x00d81393) x 7 0x00000000
core   0: 0x80000504 (0x03cf57b3) divu    a5, t5, t3
core   0: 3 0x80000504 (0x03cf57b3) x15 0x00000000
core   0: 0x80000508 (0x23786ab7) lui     s5, 0x23786
core   0: 3 0x80000508 (0x23786ab7) x21 0x23786000
core   0: 0x8000050c (0x14172e93) slti    t4, a4, 321
core   0: 3 0x8000050c (0x14172e93) x29 0x00000001
core   0: 0x80000510 (0x5ee6c393) xori    t2, a3, 1518
core   0: 3 0x80000510 (0x5ee6c393) x 7 0xfffffa11
core   0: 0x80000514 (0x03254933) div     s2, a0, s2
core   0: 3 0x80000514 (0x03254933) x18 0xffffffff
core   0: 0x80000518 (0xb4df8013) addi    zero, t6, -1203
core   0: 3 0x80000518 (0xb4df8013)
core   0: 0x8000051c (0x01b3b533) sltu    a0, t2, s11
core   0: 3 0x8000051c (0x01b3b533) x10 0x00000000
core   0: 0x80000520 (0x027370b3) remu    ra, t1, t2
core   0: 3 0x80000520 (0x027370b3) x 1 0x00000000
core   0: 0x80000524 (0x0036beb3) sltu    t4, a3, gp
core   0: 3 0x80000524 (0x0036beb3) x29 0x00000000
core   0: 0x80000528 (0x0101a033) slt     zero, gp, a6
core   0: 3 0x80000528 (0x0101a033)
core   0: 0x8000052c (0x1dc27313) andi    t1, tp, 476
core   0: 3 0x8000052c (0x1dc27313) x 6 0x000001d8
core   0: 0x80000530 (0x415ad1b3) sra     gp, s5, s5
core   0: 3 0x80000530 (0x415ad1b3) x 3 0x23786000
core   0: 0x80000534 (0x011c3333) sltu    t1, s8, a7
core   0: 3 0x80000534 (0x011c3333) x 6 0x00000001
core   0: 0x80000538 (0x03fbf633) remu    a2, s7, t6
core   0: 3 0x80000538 (0x03fbf633) x12 0x00000000
core   0: 0x8000053c (0x02cca6b3) mulhsu  a3, s9, a2
core   0: 3 0x8000053c (0x02cca6b3) x13 0x00000000
core   0: 0x80000540 (0x037c1033) mulh    zero, s8, s7
core   0: 3 0x80000540 (0x037c1033)
core   0: 0x80000544 (0x00216e33) or      t3, sp, sp
core   0: 3 0x80000544 (0x00216e33) x28 0x80014e64
core   0: 0x80000548 (0x01505d33) srl     s10, zero, s5
core   0: 3 0x80000548 (0x01505d33) x26 0x00000000
core   0: 0x8000054c (0x00039433) sll     s0, t2, zero
core   0: 3 0x8000054c (0x00039433) x 8 0xfffffa11
core   0: 0x80000550 (0x00c61a93) slli    s5, a2, 12
core   0: 3 0x80000550 (0x00c61a93) x21 0x00000000
core   0: 0x80000554 (0x0ec46993) ori     s3, s0, 236
core   0: 3 0x80000554 (0x0ec46993) x19 0xfffffafd
core   0: 0x80000558 (0x02401033) mulh    zero, zero, tp
core   0: 3 0x80000558 (0x02401033)
core   0: 0x8000055c (0x008f6f33) or      t5, t5, s0
core   0: 3 0x8000055c (0x008f6f33) x30 0xfffffa73
core   0: 0x80000560 (0x36957097) auipc   ra, 0x36957
core   0: 3 0x80000560 (0x36957097) x 1 0xb6957560
core   0: 0x80000564 (0x41ce5833) sra     a6, t3, t3
core   0: 3 0x80000564 (0x41ce5833) x16 0xf80014e6
core   0: 0x80000568 (0x40d9d793) srai    a5, s3, 13
core   0: 3 0x80000568 (0x40d9d793) x15 0xffffffff
core   0: 0x8000056c (0xd7ce0f93) addi    t6, t3, -644
core   0: 3 0x8000056c (0xd7ce0f93) x31 0x80014be0
core   0: 0x80000570 (0x9cf74317) auipc   t1, 0x9cf74
core   0: 3 0x80000570 (0x9cf74317) x 6 0x1cf74570
core   0: 0x80000574 (0x97322913) slti    s2, tp, -1677
core   0: 3 0x80000574 (0x97322913) x18 0x00000001
core   0: 0x80000578 (0x00e5ce33) xor     t3, a1, a4
core   0: 3 0x80000578 (0x00e5ce33) x28 0x80018ce4
core   0: 0x8000057c (0x01ded993) srli    s3, t4, 29
core   0: 3 0x8000057c (0x01ded993) x19 0x00000000
core   0: 0x80000580 (0x00000013) nop
core   0: 3 0x80000580 (0x00000013)
core   0: 0x80000584 (0x028df633) remu    a2, s11, s0
core   0: 3 0x80000584 (0x028df633) x12 0x00000000
core   0: 0x80000588 (0x03527db3) remu    s11, tp, s5
core   0: 3 0x80000588 (0x03527db3) x27 0x836d37fb
core   0: 0x8000058c (0x414c8bb3) sub     s7, s9, s4
core   0: 3 0x8000058c (0x414c8bb3) x23 0x00000001
core   0: 0x80000590 (0x01b1d8b3) srl     a7, gp, s11
core   0: 3 0x80000590 (0x01b1d8b3) x17 0x00000004
core   0: 0x80000594 (0x00dbc933) xor     s2, s7, a3
core   0: 3 0x80000594 (0x00dbc933) x18 0x00000001
core   0: 0x80000598 (0x0077bb33) sltu    s6, a5, t2
core   0: 3 0x80000598 (0x0077bb33) x22 0x00000000
core   0: 0x8000059c (0xa2bd7b93) andi    s7, s10, -1493
core   0: 3 0x8000059c (0xa2bd7b93) x23 0x00000000
core   0: 0x800005a0 (0x02671eb3) mulh    t4, a4, t1
core   0: 3 0x800005a0 (0x02671eb3) x29 0xf1848a30
core   0: 0x800005a4 (0x00bfa333) slt     t1, t6, a1
core   0: 3 0x800005a4 (0x00bfa333) x 6 0x00000001
core   0: 0x800005a8 (0xa35a8013) addi    zero, s5, -1483
core   0: 3 0x800005a8 (0xa35a8013)
core   0: 0x800005ac (0x0c7d3f13) sltiu   t5, s10, 199
core   0: 3 0x800005ac (0x0c7d3f13) x30 0x00000001
core   0: 0x800005b0 (0x73348693) addi    a3, s1, 1843
core   0: 3 0x800005b0 (0x73348693) x13 0x00000733
core   0: 0x800005b4 (0x03c74b33) div     s6, a4, t3
core   0: 3 0x800005b4 (0x03c74b33) x22 0x00000001
core   0: 0x800005b8 (0x00b29033) sll     zero, t0, a1
core   0: 3 0x800005b8 (0x00b29033)
core   0: 0x800005bc (0x02b43233) mulhu   tp, s0, a1
core   0: 3 0x800005bc (0x02b43233) x 4 0x00000000
core   0: 0x800005c0 (0x0298b233) mulhu   tp, a7, s1
core   0: 3 0x800005c0 (0x0298b233) x 4 0x00000000
core   0: 0x800005c4 (0x033e1833) mulh    a6, t3, s3
core   0: 3 0x800005c4 (0x033e1833) x16 0x00000000
core   0: 0x800005c8 (0xd743c617) auipc   a2, 0xd743c
core   0: 3 0x800005c8 (0xd743c617) x12 0x5743c5c8
core   0: 0x800005cc (0xf8e30693) addi    a3, t1, -114
core   0: 3 0x800005cc (0xf8e30693) x13 0xffffff8f
core   0: 0x800005d0 (0x00a11613) slli    a2, sp, 10
core   0: 3 0x800005d0 (0x00a11613) x12 0x05399000
core   0: 0x800005d4 (0x416fdb33) sra     s6, t6, s6
core   0: 3 0x800005d4 (0x416fdb33) x22 0xc000a5f0
core   0: 0x800005d8 (0x00b62533) slt     a0, a2, a1
core   0: 3 0x800005d8 (0x00b62533) x10 0x00000000
core   0: 0x800005dc (0x1ee7e893) ori     a7, a5, 494
core   0: 3 0x800005dc (0x1ee7e893) x17 0xffffffff
core   0: 0x800005e0 (0x01c428b3) slt     a7, s0, t3
core   0: 3 0x800005e0 (0x01c428b3) x17 0x00000000
core   0: 0x800005e4 (0x02f716b3) mulh    a3, a4, a5
core   0: 3 0x800005e4 (0x02f716b3) x13 0x00000000
core   0: 0x800005e8 (0x0297a3b3) mulhsu  t2, a5, s1
core   0: 3 0x800005e8 (0x0297a3b3) x 7 0x00000000
core   0: 0x800005ec (0x00736db3) or      s11, t1, t2
core   0: 3 0x800005ec (0x00736db3) x27 0x00000001
core   0: 0x800005f0 (0x41248533) sub     a0, s1, s2
core   0: 3 0x800005f0 (0x41248533) x10 0xffffffff
core   0: 0x800005f4 (0xb33e0013) addi    zero, t3, -1229
core   0: 3 0x800005f4 (0xb33e0013)
core   0: 0x800005f8 (0x00000013) nop
core   0: 3 0x800005f8 (0x00000013)
core   0: 0x800005fc (0x403853b3) sra     t2, a6, gp
core   0: 3 0x800005fc (0x403853b3) x 7 0x00000000
core   0: 0x80000600 (0x03298933) mul     s2, s3, s2
core   0: 3 0x80000600 (0x03298933) x18 0x00000000
core   0: 0x80000604 (0x01356633) or      a2, a0, s3
core   0: 3 0x80000604 (0x01356633) x12 0xffffffff
core   0: 0x80000608 (0x00a5d9b3) srl     s3, a1, a0
core   0: 3 0x80000608 (0x00a5d9b3) x19 0x00000000
core   0: 0x8000060c (0xd9464397) auipc   t2, 0xd9464
core   0: 3 0x8000060c (0xd9464397) x 7 0x5946460c
core   0: 0x80000610 (0x03be6bb3) rem     s7, t3, s11
core   0: 3 0x80000610 (0x03be6bb3) x23 0x00000000
core   0: 0x80000614 (0x01187533) and     a0, a6, a7
core   0: 3 0x80000614 (0x01187533) x10 0x00000000
core   0: 0x80000618 (0x0310f4b3) remu    s1, ra, a7
core   0: 3 0x80000618 (0x0310f4b3) x 9 0xb6957560
core   0: 0x8000061c (0x0025dc93) srli    s9, a1, 2
core   0: 3 0x8000061c (0x0025dc93) x25 0x00000000
core   0: 0x80000620 (0x03fe3433) mulhu   s0, t3, t6
core   0: 3 0x80000620 (0x03fe3433) x 8 0x40016c64
core   0: 0x80000624 (0x03102fb3) mulhsu  t6, zero, a7
core   0: 3 0x80000624 (0x03102fb3) x31 0x00000000
core   0: 0x80000628 (0x27faa813) slti    a6, s5, 639
core   0: 3 0x80000628 (0x27faa813) x16 0x00000001
core   0: 0x8000062c (0x0b2a7f13) andi    t5, s4, 178
core   0: 3 0x8000062c (0x0b2a7f13) x30 0x000000b2
core   0: 0x80000630 (0x1c4f5db7) lui     s11, 0x1c4f5
core   0: 3 0x80000630 (0x1c4f5db7) x27 0x1c4f5000
core   0: 0x80000634 (0x016485b3) add     a1, s1, s6
core   0: 3 0x80000634 (0x016485b3) x11 0x76961b50
core   0: 0x80000638 (0xb22eb193) sltiu   gp, t4, -1246
core   0: 3 0x80000638 (0xb22eb193) x 3 0x00000001
core   0: 0x8000063c (0x03540233) mul     tp, s0, s5
core   0: 3 0x8000063c (0x03540233) x 4 0x00000000
core   0: 0x80000640 (0x03dddab3) divu    s5, s11, t4
core   0: 3 0x80000640 (0x03dddab3) x21 0x00000000
core   0: 0x80000644 (0x02246db3) rem     s11, s0, sp
core   0: 3 0x80000644 (0x02246db3) x27 0x40016c64
core   0: 0x80000648 (0x010d3cb3) sltu    s9, s10, a6
core   0: 3 0x80000648 (0x010d3cb3) x25 0x00000001
core   0: 0x8000064c (0x008b7db3) and     s11, s6, s0
core   0: 3 0x8000064c (0x008b7db3) x27 0x40002460
core   0: 0x80000650 (0xfee53813) sltiu   a6, a0, -18
core   0: 3 0x80000650 (0xfee53813) x16 0x00000001
core   0: 0x80000654 (0x780d0513) addi    a0, s10, 1920
core   0: 3 0x80000654 (0x780d0513) x10 0x00000780
core   0: 0x80000658 (0x0128b1b3) sltu    gp, a7, s2
core   0: 3 0x80000658 (0x0128b1b3) x 3 0x00000000
core   0: 0x8000065c (0x012ddd13) srli    s10, s11, 18
core   0: 3 0x8000065c (0x012ddd13) x26 0x00001000
core   0: 0x80000660 (0x0319d4b3) divu    s1, s3, a7
core   0: 3 0x80000660 (0x0319d4b3) x 9 0xffffffff
core   0: 0x80000664 (0xeb313813) sltiu   a6, sp, -333
core   0: 3 0x80000664 (0xeb313813) x16 0x00000001
core   0: 0x80000668 (0x00c55193) srli    gp, a0, 12
core   0: 3 0x80000668 (0x00c55193) x 3 0x00000000
core   0: 0x8000066c (0x00b1dbb3) srl     s7, gp, a1
core   0: 3 0x8000066c (0x00b1dbb3) x23 0x00000000
core   0: 0x80000670 (0x0054b933) sltu    s2, s1, t0
core   0: 3 0x80000670 (0x0054b933) x18 0x00000000
core   0: 0x80000674 (0x001e2633) slt     a2, t3, ra
core   0: 3 0x80000674 (0x001e2633) x12 0x00000001
core   0: 0x80000678 (0x0069dc93) srli    s9, s3, 6
core   0: 3 0x80000678 (0x0069dc93) x25 0x00000000
core   0: 0x8000067c (0x0726cd13) xori    s10, a3, 114
core   0: 3 0x8000067c (0x0726cd13) x26 0x00000072
core   0: 0x80000680 (0x02e456b3) divu    a3, s0, a4
core   0: 3 0x80000680 (0x02e456b3) x13 0x00000000
core   0: 0x80000684 (0x0118e7b3) or      a5, a7, a7
core   0: 3 0x80000684 (0x0118e7b3) x15 0x00000000
core   0: 0x80000688 (0x006367b3) or      a5, t1, t1
core   0: 3 0x80000688 (0x006367b3) x15 0x00000001
core   0: 0x8000068c (0xaeeec193) xori    gp, t4, -1298
core   0: 3 0x8000068c (0xaeeec193) x 3 0x0e7b70de
core   0: 0x80000690 (0x0343bb33) mulhu   s6, t2, s4
core   0: 3 0x80000690 (0x0343bb33) x22 0x5946460b
core   0: 0x80000694 (0x41f3d433) sra     s0, t2, t6
core   0: 3 0x80000694 (0x41f3d433) x 8 0x5946460c
core   0: 0x80000698 (0x01df8833) add     a6, t6, t4
core   0: 3 0x80000698 (0x01df8833) x16 0xf1848a30
core   0: 0x8000069c (0xc3e76393) ori     t2, a4, -962
core   0: 3 0x8000069c (0xc3e76393) x 7 0xfffffcfe
core   0: 0x800006a0 (0xde4e6f97) auipc   t6, 0xde4e6
core   0: 3 0x800006a0 (0xde4e6f97) x31 0x5e4e66a0
core   0: 0x800006a4 (0x0148db13) srli    s6, a7, 20
core   0: 3 0x800006a4 (0x0148db13) x22 0x00000000
core   0: 0x800006a8 (0x009763b3) or      t2, a4, s1
core   0: 3 0x800006a8 (0x009763b3) x 7 0xffffffff
core   0: 0x800006ac (0x0180cdb3) xor     s11, ra, s8
core   0: 3 0x800006ac (0x0180cdb3) x27 0xb6957560
core   0: 0x800006b0 (0x01d25c33) srl     s8, tp, t4
core   0: 3 0x800006b0 (0x01d25c33) x24 0x00000000
core   0: 0x800006b4 (0x41aa00b3) sub     ra, s4, s10
core   0: 3 0x800006b4 (0x41aa00b3) x 1 0xffffff8d
core   0: 0x800006b8 (0x0147bfb3) sltu    t6, a5, s4
core   0: 3 0x800006b8 (0x0147bfb3) x31 0x00000001
core   0: 0x800006bc (0x004ad593) srli    a1, s5, 4
core   0: 3 0x800006bc (0x004ad593) x11 0x00000000
core   0: 0x800006c0 (0x0145a833) slt     a6, a1, s4
core   0: 3 0x800006c0 (0x0145a833) x16 0x00000000
core   0: 0x800006c4 (0x001b7bb3) and     s7, s6, ra
core   0: 3 0x800006c4 (0x001b7bb3) x23 0x00000000
core   0: 0x800006c8 (0x0002d613) srli    a2, t0, 0
core   0: 3 0x800006c8 (0x0002d613) x12 0xf6416d2c
core   0: 0x800006cc (0x015ffdb3) and     s11, t6, s5
core   0: 3 0x800006cc (0x015ffdb3) x27 0x00000000
core   0: 0x800006d0 (0x41eadf13) srai    t5, s5, 30
core   0: 3 0x800006d0 (0x41eadf13) x30 0x00000000
core   0: 0x800006d4 (0x00e054b3) srl     s1, zero, a4
core   0: 3 0x800006d4 (0x00e054b3) x 9 0x00000000
core   0: 0x800006d8 (0x03b376b3) remu    a3, t1, s11
core   0: 3 0x800006d8 (0x03b376b3) x13 0x00000001
core   0: 0x800006dc (0x0105ab33) slt     s6, a1, a6
core   0: 3 0x800006dc (0x0105ab33) x22 0x00000000
core   0: 0x800006e0 (0x01c3aab3) slt     s5, t2, t3
core   0: 3 0x800006e0 (0x01c3aab3) x21 0x00000000
core   0: 0x800006e4 (0xa0be7093) andi    ra, t3, -1525
core   0: 3 0x800006e4 (0xa0be7093) x 1 0x80018800
core   0: 0x800006e8 (0x006954b3) srl     s1, s2, t1
core   0: 3 0x800006e8 (0x006954b3) x 9 0x00000000
core   0: 0x800006ec (0x010b5eb3) srl     t4, s6, a6
core   0: 3 0x800006ec (0x010b5eb3) x29 0x00000000
core   0: 0x800006f0 (0x028660b3) rem     ra, a2, s0
core   0: 3 0x800006f0 (0x028660b3) x 1 0xf6416d2c
core   0: 0x800006f4 (0x02ba8933) mul     s2, s5, a1
core   0: 3 0x800006f4 (0x02ba8933) x18 0x00000000
core   0: 0x800006f8 (0x012d7c33) and     s8, s10, s2
core   0: 3 0x800006f8 (0x012d7c33) x24 0x00000000
core   0: 0x800006fc (0x3f6d7e93) andi    t4, s10, 1014
core   0: 3 0x800006fc (0x3f6d7e93) x29 0x00000072
core   0: 0x80000700 (0x028dae33) mulhsu  t3, s11, s0
core   0: 3 0x80000700 (0x028dae33) x28 0x00000000
core   0: 0x80000704 (0x41235cb3) sra     s9, t1, s2
core   0: 3 0x80000704 (0x41235cb3) x25 0x00000001
core   0: 0x80000708 (0x00000013) nop
core   0: 3 0x80000708 (0x00000013)
core   0: 0x8000070c (0x7b8bb093) sltiu   ra, s7, 1976
core   0: 3 0x8000070c (0x7b8bb093) x 1 0x00000001
core   0: 0x80000710 (0xe22f5e37) lui     t3, 0xe22f5
core   0: 3 0x80000710 (0xe22f5e37) x28 0xe22f5000
core   0: 0x80000714 (0x0125f533) and     a0, a1, s2
core   0: 3 0x80000714 (0x0125f533) x10 0x00000000
core   0: 0x80000718 (0x2ab0b093) sltiu   ra, ra, 683
core   0: 3 0x80000718 (0x2ab0b093) x 1 0x00000001
core   0: 0x8000071c (0x2dc0d897) auipc   a7, 0x2dc0d
core   0: 3 0x8000071c (0x2dc0d897) x17 0xadc0d71c
core   0: 0x80000720 (0x0030bab3) sltu    s5, ra, gp
core   0: 3 0x80000720 (0x0030bab3) x21 0x00000001
core   0: 0x80000724 (0x405a51b3) sra     gp, s4, t0
core   0: 3 0x80000724 (0x405a51b3) x 3 0xffffffff
core   0: 0x80000728 (0x01ad5db3) srl     s11, s10, s10
core   0: 3 0x80000728 (0x01ad5db3) x27 0x00000000
core   0: 0x8000072c (0x01da9d13) slli    s10, s5, 29
core   0: 3 0x8000072c (0x01da9d13) x26 0x20000000
core   0: 0x80000730 (0x007fa233) slt     tp, t6, t2
core   0: 3 0x80000730 (0x007fa233) x 4 0x00000000
core   0: 0x80000734 (0x02078833) mul     a6, a5, zero
core   0: 3 0x80000734 (0x02078833) x16 0x00000000
core   0: 0x80000738 (0x40065a93) srai    s5, a2, 0
core   0: 3 0x80000738 (0x40065a93) x21 0xf6416d2c
core   0: 0x8000073c (0x004085b3) add     a1, ra, tp
core   0: 3 0x8000073c (0x004085b3) x11 0x00000001
core   0: 0x80000740 (0x033a85b3) mul     a1, s5, s3
core   0: 3 0x80000740 (0x033a85b3) x11 0x00000000
core   0: 0x80000744 (0x009cacb3) slt     s9, s9, s1
core   0: 3 0x80000744 (0x009cacb3) x25 0x00000000
core   0: 0x80000748 (0x00b37433) and     s0, t1, a1
core   0: 3 0x80000748 (0x00b37433) x 8 0x00000000
core   0: 0x8000074c (0x26fbe993) ori     s3, s7, 623
core   0: 3 0x8000074c (0x26fbe993) x19 0x0000026f
core   0: 0x80000750 (0x01092033) slt     zero, s2, a6
core   0: 3 0x80000750 (0x01092033)
core   0: 0x80000754 (0x00dbcc33) xor     s8, s7, a3
core   0: 3 0x80000754 (0x00dbcc33) x24 0x00000001
core   0: 0x80000758 (0x02b9d333) divu    t1, s3, a1
core   0: 3 0x80000758 (0x02b9d333) x 6 0xffffffff
core   0: 0x8000075c (0xe31e4a93) xori    s5, t3, -463
core   0: 3 0x8000075c (0xe31e4a93) x21 0x1dd0ae31
core   0: 0x80000760 (0x7abb8a13) addi    s4, s7, 1963
core   0: 3 0x80000760 (0x7abb8a13) x20 0x000007ab
core   0: 0x80000764 (0xc4927a97) auipc   s5, 0xc4927
core   0: 3 0x80000764 (0xc4927a97) x21 0x44927764
core   0: 0x80000768 (0x00468033) add     zero, a3, tp
core   0: 3 0x80000768 (0x00468033)
core   0: 0x8000076c (0x02df65b3) rem     a1, t5, a3
core   0: 3 0x8000076c (0x02df65b3) x11 0x00000000
core   0: 0x80000770 (0x014ed313) srli    t1, t4, 20
core   0: 3 0x80000770 (0x014ed313) x 6 0x00000000
core   0: 0x80000774 (0x0232a3b3) mulhsu  t2, t0, gp
core   0: 3 0x80000774 (0x0232a3b3) x 7 0xf6416d2c
core   0: 0x80000778 (0x8e37f913) andi    s2, a5, -1821
core   0: 3 0x80000778 (0x8e37f913) x18 0x00000001
core   0: 0x8000077c (0xd64d3c13) sltiu   s8, s10, -668
core   0: 3 0x8000077c (0xd64d3c13) x24 0x00000001
core   0: 0x80000780 (0xa5c0bb97) auipc   s7, 0xa5c0b
core   0: 3 0x80000780 (0xa5c0bb97) x23 0x25c0b780
core   0: 0x80000784 (0x0181b7b3) sltu    a5, gp, s8
core   0: 3 0x80000784 (0x0181b7b3) x15 0x00000000
core   0: 0x80000788 (0x0076aeb3) slt     t4, a3, t2
core   0: 3 0x80000788 (0x0076aeb3) x29 0x00000000
core   0: 0x8000078c (0x030d1bb3) mulh    s7, s10, a6
core   0: 3 0x8000078c (0x030d1bb3) x23 0x00000000
core   0: 0x80000790 (0x00833933) sltu    s2, t1, s0
core   0: 3 0x80000790 (0x00833933) x18 0x00000000
core   0: 0x80000794 (0x0093bab3) sltu    s5, t2, s1
core   0: 3 0x80000794 (0x0093bab3) x21 0x00000000
core   0: 0x80000798 (0x60b4ab93) slti    s7, s1, 1547
core   0: 3 0x80000798 (0x60b4ab93) x23 0x00000001
core   0: 0x8000079c (0x47fc4313) xori    t1, s8, 1151
core   0: 3 0x8000079c (0x47fc4313) x 6 0x0000047e
core   0: 0x800007a0 (0x00000013) nop
core   0: 3 0x800007a0 (0x00000013)
core   0: 0x800007a4 (0x0230afb3) mulhsu  t6, ra, gp
core   0: 3 0x800007a4 (0x0230afb3) x31 0x00000000
core   0: 0x800007a8 (0x0033ef33) or      t5, t2, gp
core   0: 3 0x800007a8 (0x0033ef33) x30 0xffffffff
core   0: 0x800007ac (0x99ce0c13) addi    s8, t3, -1636
core   0: 3 0x800007ac (0x99ce0c13) x24 0xe22f499c
core   0: 0x800007b0 (0x02814533) div     a0, sp, s0
core   0: 3 0x800007b0 (0x02814533) x10 0xffffffff
core   0: 0x800007b4 (0x007945b3) xor     a1, s2, t2
core   0: 3 0x800007b4 (0x007945b3) x11 0xf6416d2c
core   0: 0x800007b8 (0x0039c333) xor     t1, s3, gp
core   0: 3 0x800007b8 (0x0039c333) x 6 0xfffffd90
core   0: 0x800007bc (0x0c933937) lui     s2, 0xc933
core   0: 3 0x800007bc (0x0c933937) x18 0x0c933000
core   0: 0x800007c0 (0x007f5a33) srl     s4, t5, t2
core   0: 3 0x800007c0 (0x007f5a33) x20 0x000fffff
core   0: 0x800007c4 (0x00fab533) sltu    a0, s5, a5
core   0: 3 0x800007c4 (0x00fab533) x10 0x00000000
core   0: 0x800007c8 (0x01d62fb3) slt     t6, a2, t4
core   0: 3 0x800007c8 (0x01d62fb3) x31 0x00000001
core   0: 0x800007cc (0x01cfde13) srli    t3, t6, 28
core   0: 3 0x800007cc (0x01cfde13) x28 0x00000000
core   0: 0x800007d0 (0x00000013) nop
core   0: 3 0x800007d0 (0x00000013)
core   0: 0x800007d4 (0x001133b3) sltu    t2, sp, ra
core   0: 3 0x800007d4 (0x001133b3) x 7 0x00000000
core   0: 0x800007d8 (0x40a10eb3) sub     t4, sp, a0
core   0: 3 0x800007d8 (0x40a10eb3) x29 0x80014e64
core   0: 0x800007dc (0x025eb233) mulhu   tp, t4, t0
core   0: 3 0x800007dc (0x025eb233) x 4 0x7b21f83f
core   0: 0x800007e0 (0x01c511b3) sll     gp, a0, t3
core   0: 3 0x800007e0 (0x01c511b3) x 3 0x00000000
core   0: 0x800007e4 (0x41eb5433) sra     s0, s6, t5
core   0: 3 0x800007e4 (0x41eb5433) x 8 0x00000000
core   0: 0x800007e8 (0x039b4ab3) div     s5, s6, s9
core   0: 3 0x800007e8 (0x039b4ab3) x21 0xffffffff
core   0: 0x800007ec (0x026b8fb3) mul     t6, s7, t1
core   0: 3 0x800007ec (0x026b8fb3) x31 0xfffffd90
core   0: 0x800007f0 (0x01751b93) slli    s7, a0, 23
core   0: 3 0x800007f0 (0x01751b93) x23 0x00000000
core   0: 0x800007f4 (0x03629533) mulh    a0, t0, s6
core   0: 3 0x800007f4 (0x03629533) x10 0x00000000
core   0: 0x800007f8 (0x0165c9b3) xor     s3, a1, s6
core   0: 3 0x800007f8 (0x0165c9b3) x19 0xf6416d2c
core   0: 0x800007fc (0x00219013) slli    zero, gp, 2
core   0: 3 0x800007fc (0x00219013)
core   0: 0x80000800 (0x01daa5b3) slt     a1, s5, t4
core   0: 3 0x80000800 (0x01daa5b3) x11 0x00000000
core   0: 0x80000804 (0x0335e433) rem     s0, a1, s3
core   0: 3 0x80000804 (0x0335e433) x 8 0x00000000
core   0: 0x80000808 (0x019d5993) srli    s3, s10, 25
core   0: 3 0x80000808 (0x019d5993) x19 0x00000010
core   0: 0x8000080c (0x03d157b3) divu    a5, sp, t4
core   0: 3 0x8000080c (0x03d157b3) x15 0x00000001
core   0: 0x80000810 (0x0363fa33) remu    s4, t2, s6
core   0: 3 0x80000810 (0x0363fa33) x20 0x00000000
core   0: 0x80000814 (0x02978b33) mul     s6, a5, s1
core   0: 3 0x80000814 (0x02978b33) x22 0x00000000
core   0: 0x80000818 (0x9dc4ce93) xori    t4, s1, -1572
core   0: 3 0x80000818 (0x9dc4ce93) x29 0xfffff9dc
core   0: 0x8000081c (0x00f55313) srli    t1, a0, 15
core   0: 3 0x8000081c (0x00f55313) x 6 0x00000000
core   0: 0x80000820 (0x020734b3) mulhu   s1, a4, zero
core   0: 3 0x80000820 (0x020734b3) x 9 0x00000000
core   0: 0x80000824 (0x40fb0a33) sub     s4, s6, a5
core   0: 3 0x80000824 (0x40fb0a33) x20 0xffffffff
core   0: 0x80000828 (0x00f2d393) srli    t2, t0, 15
core   0: 3 0x80000828 (0x00f2d393) x 7 0x0001ec82
core   0: 0x8000082c (0x03eeadb3) mulhsu  s11, t4, t5
core   0: 3 0x8000082c (0x03eeadb3) x27 0xfffff9dc
core   0: 0x80000830 (0xd5417b93) andi    s7, sp, -684
core   0: 3 0x80000830 (0xd5417b93) x23 0x80014c44
core   0: 0x80000834 (0x00a75433) srl     s0, a4, a0
core   0: 3 0x80000834 (0x00a75433) x 8 0x80018ce4
core   0: 0x80000838 (0x005a8e33) add     t3, s5, t0
core   0: 3 0x80000838 (0x005a8e33) x28 0xf6416d2b
core   0: 0x8000083c (0x07cf7393) andi    t2, t5, 124
core   0: 3 0x8000083c (0x07cf7393) x 7 0x0000007c
core   0: 0x80000840 (0x00000013) nop
core   0: 3 0x80000840 (0x00000013)
core   0: 0x80000844 (0x030faab3) mulhsu  s5, t6, a6
core   0: 3 0x80000844 (0x030faab3) x21 0x00000000
core   0: 0x80000848 (0xc21a3e97) auipc   t4, 0xc21a3
core   0: 3 0x80000848 (0xc21a3e97) x29 0x421a3848
core   0: 0x8000084c (0x03121b33) mulh    s6, tp, a7
core   0: 3 0x8000084c (0x03121b33) x22 0xd870bd74
core   0: 0x80000850 (0x4187d433) sra     s0, a5, s8
core   0: 3 0x80000850 (0x4187d433) x 8 0x00000000
core   0: 0x80000854 (0x01aa57b3) srl     a5, s4, s10
core   0: 3 0x80000854 (0x01aa57b3) x15 0xffffffff
core   0: 0x80000858 (0x008e5d13) srli    s10, t3, 8
core   0: 3 0x80000858 (0x008e5d13) x26 0x00f6416d
core   0: 0x8000085c (0x01dfe933) or      s2, t6, t4
core   0: 3 0x8000085c (0x01dfe933) x18 0xfffffdd8
core   0: 0x80000860 (0x022baeb3) mulhsu  t4, s7, sp
core   0: 3 0x80000860 (0x022baeb3) x29 0xbffffef1
core   0: 0x80000864 (0x00ae4033) xor     zero, t3, a0
core   0: 3 0x80000864 (0x00ae4033)
core   0: 0x80000868 (0x009f1f13) slli    t5, t5, 9
core   0: 3 0x80000868 (0x009f1f13) x30 0xfffffe00
core   0: 0x8000086c (0x40265333) sra     t1, a2, sp
core   0: 3 0x8000086c (0x40265333) x 6 0xff6416d2
core   0: 0x80000870 (0x400354b3) sra     s1, t1, zero
core   0: 3 0x80000870 (0x400354b3) x 9 0xff6416d2
core   0: 0x80000874 (0x002da933) slt     s2, s11, sp
core   0: 3 0x80000874 (0x002da933) x18 0x00000000
core   0: 0x80000878 (0xdf7dff93) andi    t6, s11, -521
core   0: 3 0x80000878 (0xdf7dff93) x31 0xfffff9d4
core   0: 0x8000087c (0x1075a393) slti    t2, a1, 263
core   0: 3 0x8000087c (0x1075a393) x 7 0x00000001
core   0: 0x80000880 (0x1d79a813) slti    a6, s3, 471
core   0: 3 0x80000880 (0x1d79a813) x16 0x00000001
core   0: 0x80000884 (0x00000013) nop
core   0: 3 0x80000884 (0x00000013)
core   0: 0x80000888 (0x0187cab3) xor     s5, a5, s8
core   0: 3 0x80000888 (0x0187cab3) x21 0x1dd0b663
core   0: 0x8000088c (0x1339bf13) sltiu   t5, s3, 307
core   0: 3 0x8000088c (0x1339bf13) x30 0x00000001
core   0: 0x80000890 (0x03d71233) mulh    tp, a4, t4
core   0: 3 0x80000890 (0x03d71233) x 4 0x1fff9d4e
core   0: 0x80000894 (0x022db1b3) mulhu   gp, s11, sp
core   0: 3 0x80000894 (0x022db1b3) x 3 0x80014b51
core   0: 0x80000898 (0x02119f33) mulh    t5, gp, ra
core   0: 3 0x80000898 (0x02119f33) x30 0xffffffff
core   0: 0x8000089c (0xecb2f913) andi    s2, t0, -309
core   0: 3 0x8000089c (0xecb2f913) x18 0xf6416c08
core   0: 0x800008a0 (0x00938b33) add     s6, t2, s1
core   0: 3 0x800008a0 (0x00938b33) x22 0xff6416d3
core   0: 0x800008a4 (0x005549b3) xor     s3, a0, t0
core   0: 3 0x800008a4 (0x005549b3) x19 0xf6416d2c
core   0: 0x800008a8 (0x00c54433) xor     s0, a0, a2
core   0: 3 0x800008a8 (0x00c54433) x 8 0xf6416d2c
core   0: 0x800008ac (0x3f0c3393) sltiu   t2, s8, 1008
core   0: 3 0x800008ac (0x3f0c3393) x 7 0x00000000
core   0: 0x800008b0 (0xcb6f3f97) auipc   t6, 0xcb6f3
core   0: 3 0x800008b0 (0xcb6f3f97) x31 0x4b6f38b0
core   0: 0x800008b4 (0xe7d36a13) ori     s4, t1, -387
core   0: 3 0x800008b4 (0xe7d36a13) x20 0xfffffeff
core   0: 0x800008b8 (0x4b48e093) ori     ra, a7, 1204
core   0: 3 0x800008b8 (0x4b48e093) x 1 0xadc0d7bc
core   0: 0x800008bc (0x007eb7b3) sltu    a5, t4, t2
core   0: 3 0x800008bc (0x007eb7b3) x15 0x00000000
core   0: 0x800008c0 (0x0384ab33) mulhsu  s6, s1, s8
core   0: 3 0x800008c0 (0x0384ab33) x22 0xff763f58
core   0: 0x800008c4 (0x03cd9d33) mulh    s10, s11, t3
core   0: 3 0x800008c4 (0x03cd9d33) x26 0x0000003b
core   0: 0x800008c8 (0x02316b33) rem     s6, sp, gp
core   0: 3 0x800008c8 (0x02316b33) x22 0x80014e64
core   0: 0x800008cc (0x037bbd33) mulhu   s10, s7, s7
core   0: 3 0x800008cc (0x037bbd33) x26 0x40014c45
core   0: 0x800008d0 (0x009e71b3) and     gp, t3, s1
core   0: 3 0x800008d0 (0x009e71b3) x 3 0xf6400402
core   0: 0x800008d4 (0x40b751b3) sra     gp, a4, a1
core   0: 3 0x800008d4 (0x40b751b3) x 3 0x80018ce4
core   0: 0x800008d8 (0x00fc5793) srli    a5, s8, 15
core   0: 3 0x800008d8 (0x00fc5793) x15 0x0001c45e
core   0: 0x800008dc (0x40b35913) srai    s2, t1, 11
core   0: 3 0x800008dc (0x40b35913) x18 0xffffec82
core   0: 0x800008e0 (0x02b48333) mul     t1, s1, a1
core   0: 3 0x800008e0 (0x02b48333) x 6 0x00000000
core   0: 0x800008e4 (0x00e7cd33) xor     s10, a5, a4
core   0: 3 0x800008e4 (0x00e7cd33) x26 0x800048ba
core   0: 0x800008e8 (0x407d88b3) sub     a7, s11, t2
core   0: 3 0x800008e8 (0x407d88b3) x17 0xfffff9dc
core   0: 0x800008ec (0x036d9f33) mulh    t5, s11, s6
core   0: 3 0x800008ec (0x036d9f33) x30 0x00000311
core   0: 0x800008f0 (0x00597333) and     t1, s2, t0
core   0: 3 0x800008f0 (0x00597333) x 6 0xf6416c00
core   0: 0x800008f4 (0x014ec533) xor     a0, t4, s4
core   0: 3 0x800008f4 (0x014ec533) x10 0x4000000e
core   0: 0x800008f8 (0x6ec16a93) ori     s5, sp, 1772
core   0: 3 0x800008f8 (0x6ec16a93) x21 0x80014eec
core   0: 0x800008fc (0x0122eab3) or      s5, t0, s2
core   0: 3 0x800008fc (0x0122eab3) x21 0xffffedae
core   0: 0x80000900 (0x01750fb3) add     t6, a0, s7
core   0: 3 0x80000900 (0x01750fb3) x31 0xc0014c52
core   0: 0x80000904 (0x008ba633) slt     a2, s7, s0
core   0: 3 0x80000904 (0x008ba633) x12 0x00000001
core   0: 0x80000908 (0x03e57a33) remu    s4, a0, t5
core   0: 3 0x80000908 (0x03e57a33) x20 0x0000030f
core   0: 0x8000090c (0x02e123b3) mulhsu  t2, sp, a4
core   0: 3 0x8000090c (0x02e123b3) x 7 0xbfffe0c2
core   0: 0x80000910 (0x0393ae33) mulhsu  t3, t2, s9
core   0: 3 0x80000910 (0x0393ae33) x28 0x00000000
core   0: 0x80000914 (0x00556233) or      tp, a0, t0
core   0: 3 0x80000914 (0x00556233) x 4 0xf6416d2e
core   0: 0x80000918 (0x023111b3) mulh    gp, sp, gp
core   0: 3 0x80000918 (0x023111b3) x 3 0x3ffe925e
core   0: 0x8000091c (0x0b5bf893) andi    a7, s7, 181
core   0: 3 0x8000091c (0x0b5bf893) x17 0x00000004
core   0: 0x80000920 (0x02f468b3) rem     a7, s0, a5
core   0: 3 0x80000920 (0x02f468b3) x17 0xfffebf46
core   0: 0x80000924 (0x0208b933) mulhu   s2, a7, zero
core   0: 3 0x80000924 (0x0208b933) x18 0x00000000
core   0: 0x80000928 (0x08c3b193) sltiu   gp, t2, 140
core   0: 3 0x80000928 (0x08c3b193) x 3 0x00000000
core   0: 0x8000092c (0x033aa3b3) mulhsu  t2, s5, s3
core   0: 3 0x8000092c (0x033aa3b3) x 7 0xffffee60
core   0: 0x80000930 (0xb7b42c13) slti    s8, s0, -1157
core   0: 3 0x80000930 (0xb7b42c13) x24 0x00000001
core   0: 0x80000934 (0x036611b3) mulh    gp, a2, s6
core   0: 3 0x80000934 (0x036611b3) x 3 0xffffffff
core   0: 0x80000938 (0x015effb3) and     t6, t4, s5
core   0: 3 0x80000938 (0x015effb3) x31 0xbfffeca0
core   0: 0x8000093c (0xbe304893) xori    a7, zero, -1053
core   0: 3 0x8000093c (0xbe304893) x17 0xfffffbe3
core   0: 0x80000940 (0x023ab9b3) mulhu   s3, s5, gp
core   0: 3 0x80000940 (0x023ab9b3) x19 0xffffedad
core   0: 0x80000944 (0x40fcde93) srai    t4, s9, 15
core   0: 3 0x80000944 (0x40fcde93) x29 0x00000000
core   0: 0x80000948 (0x7c013993) sltiu   s3, sp, 1984
core   0: 3 0x80000948 (0x7c013993) x19 0x00000000
core   0: 0x8000094c (0x02c74633) div     a2, a4, a2
core   0: 3 0x8000094c (0x02c74633) x12 0x80018ce4
core   0: 0x80000950 (0x0357a433) mulhsu  s0, a5, s5
core   0: 3 0x80000950 (0x0357a433) x 8 0x0001c45d
core   0: 0x80000954 (0x00235f33) srl     t5, t1, sp
core   0: 3 0x80000954 (0x00235f33) x30 0x0f6416c0
core   0: 0x80000958 (0x40125833) sra     a6, tp, ra
core   0: 3 0x80000958 (0x40125833) x16 0xffffffff
core   0: 0x8000095c (0x0251b0b3) mulhu   ra, gp, t0
core   0: 3 0x8000095c (0x0251b0b3) x 1 0xf6416d2b
core   0: 0x80000960 (0x01388933) add     s2, a7, s3
core   0: 3 0x80000960 (0x01388933) x18 0xfffffbe3
core   0: 0x80000964 (0x03cd3233) mulhu   tp, s10, t3
core   0: 3 0x80000964 (0x03cd3233) x 4 0x00000000
core   0: 0x80000968 (0x409b0fb3) sub     t6, s6, s1
core   0: 3 0x80000968 (0x409b0fb3) x31 0x809d3792
core   0: 0x8000096c (0x000386b3) add     a3, t2, zero
core   0: 3 0x8000096c (0x000386b3) x13 0xffffee60
core   0: 0x80000970 (0x00e19593) slli    a1, gp, 14
core   0: 3 0x80000970 (0x00e19593) x11 0xffffc000
core   0: 0x80000974 (0x013acdb3) xor     s11, s5, s3
core   0: 3 0x80000974 (0x013acdb3) x27 0xffffedae
core   0: 0x80000978 (0x008cd4b3) srl     s1, s9, s0
core   0: 3 0x80000978 (0x008cd4b3) x 9 0x00000000
core   0: 0x8000097c (0x40b40e33) sub     t3, s0, a1
core   0: 3 0x8000097c (0x40b40e33) x28 0x0002045d
core   0: 0x80000980 (0x01f311b3) sll     gp, t1, t6
core   0: 3 0x80000980 (0x01f311b3) x 3 0xb0000000
core   0: 0x80000984 (0x01a69b33) sll     s6, a3, s10
core   0: 3 0x80000984 (0x01a69b33) x22 0x80000000
core   0: 0x80000988 (0x024599b3) mulh    s3, a1, tp
core   0: 3 0x80000988 (0x024599b3) x19 0x00000000
core   0: 0x8000098c (0x01014fb3) xor     t6, sp, a6
core   0: 3 0x8000098c (0x01014fb3) x31 0x7ffeb19b
core   0: 0x80000990 (0x035b1fb3) mulh    t6, s6, s5
core   0: 3 0x80000990 (0x035b1fb3) x31 0x00000929
core   0: 0x80000994 (0x006eeeb3) or      t4, t4, t1
core   0: 3 0x80000994 (0x006eeeb3) x29 0xf6416c00
core   0: 0x80000998 (0x01f05f13) srli    t5, zero, 31
core   0: 3 0x80000998 (0x01f05f13) x30 0x00000000
core   0: 0x8000099c (0x02877bb3) remu    s7, a4, s0
core   0: 3 0x8000099c (0x02877bb3) x23 0x00017c34
core   0: 0x800009a0 (0x4185d013) srai    zero, a1, 24
core   0: 3 0x800009a0 (0x4185d013)
core   0: 0x800009a4 (0x0316ab33) mulhsu  s6, a3, a7
core   0: 3 0x800009a4 (0x0316ab33) x22 0xffffee60
core   0: 0x800009a8 (0x00fb85b3) add     a1, s7, a5
core   0: 3 0x800009a8 (0x00fb85b3) x11 0x00034092
core   0: 0x800009ac (0x005d81b3) add     gp, s11, t0
core   0: 3 0x800009ac (0x005d81b3) x 3 0xf6415ada
core   0: 0x800009b0 (0x8fe7c393) xori    t2, a5, -1794
core   0: 3 0x800009b0 (0x8fe7c393) x 7 0xfffe3ca0
core   0: 0x800009b4 (0x01448e33) add     t3, s1, s4
core   0: 3 0x800009b4 (0x01448e33) x28 0x0000030f
core   0: 0x800009b8 (0x01a39d33) sll     s10, t2, s10
core   0: 3 0x800009b8 (0x01a39d33) x26 0x80000000
core   0: 0x800009bc (0x01914f33) xor     t5, sp, s9
core   0: 3 0x800009bc (0x01914f33) x30 0x80014e64
core   0: 0x800009c0 (0x021626b3) mulhsu  a3, a2, ra
core   0: 3 0x800009c0 (0x021626b3) x13 0x84e0c733
core   0: 0x800009c4 (0x00000013) nop
core   0: 3 0x800009c4 (0x00000013)
core   0: 0x800009c8 (0x41af8db3) sub     s11, t6, s10
core   0: 3 0x800009c8 (0x41af8db3) x27 0x80000929
core   0: 0x800009cc (0x41b1d633) sra     a2, gp, s11
core   0: 3 0x800009cc (0x41b1d633) x12 0xfffb20ad
core   0: 0x800009d0 (0x40be5fb3) sra     t6, t3, a1
core   0: 3 0x800009d0 (0x40be5fb3) x31 0x00000000
core   0: 0x800009d4 (0xbdfabd13) sltiu   s10, s5, -1057
core   0: 3 0x800009d4 (0xbdfabd13) x26 0x00000001
core   0: 0x800009d8 (0x001828b3) slt     a7, a6, ra
core   0: 3 0x800009d8 (0x001828b3) x17 0x00000000
core   0: 0x800009dc (0x03ae79b3) remu    s3, t3, s10
core   0: 3 0x800009dc (0x03ae79b3) x19 0x00000000
core   0: 0x800009e0 (0x0667eb93) ori     s7, a5, 102
core   0: 3 0x800009e0 (0x0667eb93) x23 0x0001c47e
core   0: 0x800009e4 (0x006c6ab3) or      s5, s8, t1
core   0: 3 0x800009e4 (0x006c6ab3) x21 0xf6416c01
core   0: 0x800009e8 (0x0218dbb3) divu    s7, a7, ra
core   0: 3 0x800009e8 (0x0218dbb3) x23 0x00000000
core   0: 0x800009ec (0x028b3833) mulhu   a6, s6, s0
core   0: 3 0x800009ec (0x028b3833) x16 0x0001c45c
core   0: 0x800009f0 (0x5f70b813) sltiu   a6, ra, 1527
core   0: 3 0x800009f0 (0x5f70b813) x16 0x00000000
core   0: 0x800009f4 (0x82707313) andi    t1, zero, -2009
core   0: 3 0x800009f4 (0x82707313) x 6 0x00000000
core   0: 0x800009f8 (0x01c59693) slli    a3, a1, 28
core   0: 3 0x800009f8 (0x01c59693) x13 0x20000000
core   0: 0x800009fc (0x00d0ed33) or      s10, ra, a3
core   0: 3 0x800009fc (0x00d0ed33) x26 0xf6416d2b
core   0: 0x80000a00 (0x02c69d33) mulh    s10, a3, a2
core   0: 3 0x80000a00 (0x02c69d33) x26 0xffff6415
core   0: 0x80000a04 (0x02f1b3b3) mulhu   t2, gp, a5
core   0: 3 0x80000a04 (0x02f1b3b3) x 7 0x0001b325
core   0: 0x80000a08 (0x00f940b3) xor     ra, s2, a5
core   0: 3 0x80000a08 (0x00f940b3) x 1 0xfffe3fbd
core   0: 0x80000a0c (0x033d56b3) divu    a3, s10, s3
core   0: 3 0x80000a0c (0x033d56b3) x13 0xffffffff
core   0: 0x80000a10 (0x41f1db33) sra     s6, gp, t6
core   0: 3 0x80000a10 (0x41f1db33) x22 0xf6415ada
core   0: 0x80000a14 (0xfc8c9997) auipc   s3, 0xfc8c9
core   0: 3 0x80000a14 (0xfc8c9997) x19 0x7c8c9a14
core   0: 0x80000a18 (0x00ba96b3) sll     a3, s5, a1
core   0: 3 0x80000a18 (0x00ba96b3) x13 0xb0040000
core   0: 0x80000a1c (0x03dea033) mulhsu  zero, t4, t4
core   0: 3 0x80000a1c (0x03dea033)
core   0: 0x80000a20 (0x013e7233) and     tp, t3, s3
core   0: 3 0x80000a20 (0x013e7233) x 4 0x00000204
core   0: 0x80000a24 (0xef2ee013) ori     zero, t4, -270
core   0: 3 0x80000a24 (0xef2ee013)
core   0: 0x80000a28 (0xdcbb8093) addi    ra, s7, -565
core   0: 3 0x80000a28 (0xdcbb8093) x 1 0xfffffdcb
core   0: 0x80000a2c (0x02c19fb3) mulh    t6, gp, a2
core   0: 3 0x80000a2c (0x02c19fb3) x31 0x00002f7a
core   0: 0x80000a30 (0x00dccdb3) xor     s11, s9, a3
core   0: 3 0x80000a30 (0x00dccdb3) x27 0xb0040000
core   0: 0x80000a34 (0x00066633) or      a2, a2, zero
core   0: 3 0x80000a34 (0x00066633) x12 0xfffb20ad
core   0: 0x80000a38 (0x00000013) nop
core   0: 3 0x80000a38 (0x00000013)
core   0: 0x80000a3c (0x03d303b3) mul     t2, t1, t4
core   0: 3 0x80000a3c (0x03d303b3) x 7 0x00000000
core   0: 0x80000a40 (0x002fa8b3) slt     a7, t6, sp
core   0: 3 0x80000a40 (0x002fa8b3) x17 0x00000000
core   0: 0x80000a44 (0x008980b3) add     ra, s3, s0
core   0: 3 0x80000a44 (0x008980b3) x 1 0x7c8e5e71
core   0: 0x80000a48 (0x00734333) xor     t1, t1, t2
core   0: 3 0x80000a48 (0x00734333) x 6 0x00000000
core   0: 0x80000a4c (0x00cb44b3) xor     s1, s6, a2
core   0: 3 0x80000a4c (0x00cb44b3) x 9 0x09ba7a77
core   0: 0x80000a50 (0x027241b3) div     gp, tp, t2
core   0: 3 0x80000a50 (0x027241b3) x 3 0xffffffff
core   0: 0x80000a54 (0xa96e7013) andi    zero, t3, -1386
core   0: 3 0x80000a54 (0xa96e7013)
core   0: 0x80000a58 (0x00255593) srli    a1, a0, 2
core   0: 3 0x80000a58 (0x00255593) x11 0x10000003
core   0: 0x80000a5c (0x0eb72597) auipc   a1, 0xeb72
core   0: 3 0x80000a5c (0x0eb72597) x11 0x8eb72a5c
core   0: 0x80000a60 (0x099c0e93) addi    t4, s8, 153
core   0: 3 0x80000a60 (0x099c0e93) x29 0x0000009a
core   0: 0x80000a64 (0x7e50d817) auipc   a6, 0x7e50d
core   0: 3 0x80000a64 (0x7e50d817) x16 0xfe50da64
core   0: 0x80000a68 (0x676da993) slti    s3, s11, 1654
core   0: 3 0x80000a68 (0x676da993) x19 0x00000001
core   0: 0x80000a6c (0x01fdcab3) xor     s5, s11, t6
core   0: 3 0x80000a6c (0x01fdcab3) x21 0xb0042f7a
core   0: 0x80000a70 (0x40cc0bb3) sub     s7, s8, a2
core   0: 3 0x80000a70 (0x40cc0bb3) x23 0x0004df54
core   0: 0x80000a74 (0x00000013) nop
core   0: 3 0x80000a74 (0x00000013)
core   0: 0x80000a78 (0x00d9d9b3) srl     s3, s3, a3
core   0: 3 0x80000a78 (0x00d9d9b3) x19 0x00000001
core   0: 0x80000a7c (0x40ffd8b3) sra     a7, t6, a5
core   0: 3 0x80000a7c (0x40ffd8b3) x17 0x00000000
core   0: 0x80000a80 (0xbbcb6193) ori     gp, s6, -1092
core   0: 3 0x80000a80 (0xbbcb6193) x 3 0xfffffbfe
core   0: 0x80000a84 (0x018a3933) sltu    s2, s4, s8
core   0: 3 0x80000a84 (0x018a3933) x18 0x00000000
core   0: 0x80000a88 (0xcff41537) lui     a0, 0xcff41
core   0: 3 0x80000a88 (0xcff41537) x10 0xcff41000
core   0: 0x80000a8c (0x1e4fcd93) xori    s11, t6, 484
core   0: 3 0x80000a8c (0x1e4fcd93) x27 0x00002e9e
core   0: 0x80000a90 (0x01bddc93) srli    s9, s11, 27
core   0: 3 0x80000a90 (0x01bddc93) x25 0x00000000
core   0: 0x80000a94 (0x67e37b37) lui     s6, 0x67e37
core   0: 3 0x80000a94 (0x67e37b37) x22 0x67e37000
core   0: 0x80000a98 (0x00795c33) srl     s8, s2, t2
core   0: 3 0x80000a98 (0x00795c33) x24 0x00000000
core   0: 0x80000a9c (0xc8c3ee13) ori     t3, t2, -884
core   0: 3 0x80000a9c (0xc8c3ee13) x28 0xfffffc8c
core   0: 0x80000aa0 (0x027a2233) mulhsu  tp, s4, t2
core   0: 3 0x80000aa0 (0x027a2233) x 4 0x00000000
core   0: 0x80000aa4 (0x02c7d933) divu    s2, a5, a2
core   0: 3 0x80000aa4 (0x02c7d933) x18 0x00000000
core   0: 0x80000aa8 (0x02f83c33) mulhu   s8, a6, a5
core   0: 3 0x80000aa8 (0x02f83c33) x24 0x0001c164
core   0: 0x80000aac (0x407f8f33) sub     t5, t6, t2
core   0: 3 0x80000aac (0x407f8f33) x30 0x00002f7a
core   0: 0x80000ab0 (0x033569b3) rem     s3, a0, s3
core   0: 3 0x80000ab0 (0x033569b3) x19 0x00000000
core   0: 0x80000ab4 (0x2c3d7193) andi    gp, s10, 707
core   0: 3 0x80000ab4 (0x2c3d7193) x 3 0x00000001
core   0: 0x80000ab8 (0xcb79b013) sltiu   zero, s3, -841
core   0: 3 0x80000ab8 (0xcb79b013)
core   0: 0x80000abc (0x00d39193) slli    gp, t2, 13
core   0: 3 0x80000abc (0x00d39193) x 3 0x00000000
core   0: 0x80000ac0 (0x00186833) or      a6, a6, ra
core   0: 3 0x80000ac0 (0x00186833) x16 0xfedede75
core   0: 0x80000ac4 (0x009cfab3) and     s5, s9, s1
core   0: 3 0x80000ac4 (0x009cfab3) x21 0x00000000
core   0: 0x80000ac8 (0x01ae8fb3) add     t6, t4, s10
core   0: 3 0x80000ac8 (0x01ae8fb3) x31 0xffff64af
core   0: 0x80000acc (0x00a306b3) add     a3, t1, a0
core   0: 3 0x80000acc (0x00a306b3) x13 0xcff41000
core   0: 0x80000ad0 (0xe7c119b7) lui     s3, 0xe7c11
core   0: 3 0x80000ad0 (0xe7c119b7) x19 0xe7c11000
core   0: 0x80000ad4 (0x01e59413) slli    s0, a1, 30
core   0: 3 0x80000ad4 (0x01e59413) x 8 0x00000000
core   0: 0x80000ad8 (0x02add033) divu    zero, s11, a0
core   0: 3 0x80000ad8 (0x02add033)
core   0: 0x80000adc (0xdd0c2f13) slti    t5, s8, -560
core   0: 3 0x80000adc (0xdd0c2f13) x30 0x00000000
core   0: 0x80000ae0 (0x40218c33) sub     s8, gp, sp
core   0: 3 0x80000ae0 (0x40218c33) x24 0x7ffeb19c
core   0: 0x80000ae4 (0x41065a33) sra     s4, a2, a6
core   0: 3 0x80000ae4 (0x41065a33) x20 0xffffffff
core   0: 0x80000ae8 (0x03226bb3) rem     s7, tp, s2
core   0: 3 0x80000ae8 (0x03226bb3) x23 0x00000000
core   0: 0x80000aec (0x009e6e33) or      t3, t3, s1
core   0: 3 0x80000aec (0x009e6e33) x28 0xfffffeff
core   0: 0x80000af0 (0x405d85b3) sub     a1, s11, t0
core   0: 3 0x80000af0 (0x405d85b3) x11 0x09bec172
core   0: 0x80000af4 (0x411d8933) sub     s2, s11, a7
core   0: 3 0x80000af4 (0x411d8933) x18 0x00002e9e
core   0: 0x80000af8 (0x00a81f13) slli    t5, a6, 10
core   0: 3 0x80000af8 (0x00a81f13) x30 0x7b79d400
core   0: 0x80000afc (0x03332f33) mulhsu  t5, t1, s3
core   0: 3 0x80000afc (0x03332f33) x30 0x00000000
core   0: 0x80000b00 (0x28d12b93) slti    s7, sp, 653
core   0: 3 0x80000b00 (0x28d12b93) x23 0x00000001
core   0: 0x80000b04 (0x01ac9693) slli    a3, s9, 26
core   0: 3 0x80000b04 (0x01ac9693) x13 0x00000000
core   0: 0x80000b08 (0x00c127b3) slt     a5, sp, a2
core   0: 3 0x80000b08 (0x00c127b3) x15 0x00000001
core   0: 0x80000b0c (0x6fa78f13) addi    t5, a5, 1786
core   0: 3 0x80000b0c (0x6fa78f13) x30 0x000006fb
core   0: 0x80000b10 (0x00d53c33) sltu    s8, a0, a3
core   0: 3 0x80000b10 (0x00d53c33) x24 0x00000000
core   0: 0x80000b14 (0x039c3a33) mulhu   s4, s8, s9
core   0: 3 0x80000b14 (0x039c3a33) x20 0x00000000
core   0: 0x80000b18 (0x00982633) slt     a2, a6, s1
core   0: 3 0x80000b18 (0x00982633) x12 0x00000001
core   0: 0x80000b1c (0x0154b233) sltu    tp, s1, s5
core   0: 3 0x80000b1c (0x0154b233) x 4 0x00000000
core   0: 0x80000b20 (0x02bc5d33) divu    s10, s8, a1
core   0: 3 0x80000b20 (0x02bc5d33) x26 0x00000000
core   0: 0x80000b24 (0x00272fb3) slt     t6, a4, sp
core   0: 3 0x80000b24 (0x00272fb3) x31 0x00000000
core   0: 0x80000b28 (0x4146dfb3) sra     t6, a3, s4
core   0: 3 0x80000b28 (0x4146dfb3) x31 0x00000000
core   0: 0x80000b2c (0x02ec39b3) mulhu   s3, s8, a4
core   0: 3 0x80000b2c (0x02ec39b3) x19 0x00000000
core   0: 0x80000b30 (0x01f84633) xor     a2, a6, t6
core   0: 3 0x80000b30 (0x01f84633) x12 0xfedede75
core   0: 0x80000b34 (0x01ee9913) slli    s2, t4, 30
core   0: 3 0x80000b34 (0x01ee9913) x18 0x80000000
core   0: 0x80000b38 (0x022ac3b3) div     t2, s5, sp
core   0: 3 0x80000b38 (0x022ac3b3) x 7 0x00000000
core   0: 0x80000b3c (0x0028f533) and     a0, a7, sp
core   0: 3 0x80000b3c (0x0028f533) x10 0x00000000
core   0: 0x80000b40 (0x03d55d33) divu    s10, a0, t4
core   0: 3 0x80000b40 (0x03d55d33) x26 0x00000000
core   0: 0x80000b44 (0x03e79233) mulh    tp, a5, t5
core   0: 3 0x80000b44 (0x03e79233) x 4 0x00000000
core   0: 0x80000b48 (0x03d31f33) mulh    t5, t1, t4
core   0: 3 0x80000b48 (0x03d31f33) x30 0x00000000
core   0: 0x80000b4c (0x0b837613) andi    a2, t1, 184
core   0: 3 0x80000b4c (0x0b837613) x12 0x00000000
core   0: 0x80000b50 (0x00099433) sll     s0, s3, zero
core   0: 3 0x80000b50 (0x00099433) x 8 0x00000000
core   0: 0x80000b54 (0x0384d3b3) divu    t2, s1, s8
core   0: 3 0x80000b54 (0x0384d3b3) x 7 0xffffffff
core   0: 0x80000b58 (0x7437abb7) lui     s7, 0x7437a
core   0: 3 0x80000b58 (0x7437abb7) x23 0x7437a000
core   0: 0x80000b5c (0x03e65a33) divu    s4, a2, t5
core   0: 3 0x80000b5c (0x03e65a33) x20 0xffffffff
core   0: 0x80000b60 (0x00b19e93) slli    t4, gp, 11
core   0: 3 0x80000b60 (0x00b19e93) x29 0x00000000
core   0: 0x80000b64 (0x0058f633) and     a2, a7, t0
core   0: 3 0x80000b64 (0x0058f633) x12 0x00000000
core   0: 0x80000b68 (0x03e850b3) divu    ra, a6, t5
core   0: 3 0x80000b68 (0x03e850b3) x 1 0xffffffff
core   0: 0x80000b6c (0x013ef3b3) and     t2, t4, s3
core   0: 3 0x80000b6c (0x013ef3b3) x 7 0x00000000
core   0: 0x80000b70 (0x6eea8393) addi    t2, s5, 1774
core   0: 3 0x80000b70 (0x6eea8393) x 7 0x000006ee
core   0: 0x80000b74 (0x002f64b3) or      s1, t5, sp
core   0: 3 0x80000b74 (0x002f64b3) x 9 0x80014e64
core   0: 0x80000b78 (0x03c0d8b3) divu    a7, ra, t3
core   0: 3 0x80000b78 (0x03c0d8b3) x17 0x00000001
core   0: 0x80000b7c (0x01e41e93) slli    t4, s0, 30
core   0: 3 0x80000b7c (0x01e41e93) x29 0x00000000
core   0: 0x80000b80 (0x01fc7e33) and     t3, s8, t6
core   0: 3 0x80000b80 (0x01fc7e33) x28 0x00000000
core   0: 0x80000b84 (0x0004a933) slt     s2, s1, zero
core   0: 3 0x80000b84 (0x0004a933) x18 0x00000001
core   0: 0x80000b88 (0x031cff33) remu    t5, s9, a7
core   0: 3 0x80000b88 (0x031cff33) x30 0x00000000
core   0: 0x80000b8c (0x00c20233) add     tp, tp, a2
core   0: 3 0x80000b8c (0x00c20233) x 4 0x00000000
core   0: 0x80000b90 (0x034e5e33) divu    t3, t3, s4
core   0: 3 0x80000b90 (0x034e5e33) x28 0x00000000
core   0: 0x80000b94 (0x5062c413) xori    s0, t0, 1286
core   0: 3 0x80000b94 (0x5062c413) x 8 0xf641682a
core   0: 0x80000b98 (0x40c05633) sra     a2, zero, a2
core   0: 3 0x80000b98 (0x40c05633) x12 0x00000000
core   0: 0x80000b9c (0x0158d613) srli    a2, a7, 21
core   0: 3 0x80000b9c (0x0158d613) x12 0x00000000
core   0: 0x80000ba0 (0x0164abb3) slt     s7, s1, s6
core   0: 3 0x80000ba0 (0x0164abb3) x23 0x00000001
core   0: 0x80000ba4 (0x0116eab3) or      s5, a3, a7
core   0: 3 0x80000ba4 (0x0116eab3) x21 0x00000001
core   0: 0x80000ba8 (0x16cf2813) slti    a6, t5, 364
core   0: 3 0x80000ba8 (0x16cf2813) x16 0x00000001
core   0: 0x80000bac (0x00000013) nop
core   0: 3 0x80000bac (0x00000013)
core   0: 0x80000bb0 (0x03ea8ab3) mul     s5, s5, t5
core   0: 3 0x80000bb0 (0x03ea8ab3) x21 0x00000000
core   0: 0x80000bb4 (0x01bbccb3) xor     s9, s7, s11
core   0: 3 0x80000bb4 (0x01bbccb3) x25 0x00002e9f
core   0: 0x80000bb8 (0x012d9793) slli    a5, s11, 18
core   0: 3 0x80000bb8 (0x012d9793) x15 0xba780000
core   0: 0x80000bbc (0x3c0d6eb7) lui     t4, 0x3c0d6
core   0: 3 0x80000bbc (0x3c0d6eb7) x29 0x3c0d6000
core   0: 0x80000bc0 (0x00bd5693) srli    a3, s10, 11
core   0: 3 0x80000bc0 (0x00bd5693) x13 0x00000000
core   0: 0x80000bc4 (0x01dffe33) and     t3, t6, t4
core   0: 3 0x80000bc4 (0x01dffe33) x28 0x00000000
core   0: 0x80000bc8 (0x41148bb3) sub     s7, s1, a7
core   0: 3 0x80000bc8 (0x41148bb3) x23 0x80014e63
core   0: 0x80000bcc (0x20e02613) slti    a2, zero, 526
core   0: 3 0x80000bcc (0x20e02613) x12 0x00000001
core   0: 0x80000bd0 (0x029e1433) mulh    s0, t3, s1
core   0: 3 0x80000bd0 (0x029e1433) x 8 0x00000000
core   0: 0x80000bd4 (0x40c7d513) srai    a0, a5, 12
core   0: 3 0x80000bd4 (0x40c7d513) x10 0xfffba780
core   0: 0x80000bd8 (0x41df88b3) sub     a7, t6, t4
core   0: 3 0x80000bd8 (0x41df88b3) x17 0xc3f2a000
core   0: 0x80000bdc (0x03173eb3) mulhu   t4, a4, a7
core   0: 3 0x80000bdc (0x03173eb3) x29 0x61fa7fc9
core   0: 0x80000be0 (0x03f3fb33) remu    s6, t2, t6
core   0: 3 0x80000be0 (0x03f3fb33) x22 0x000006ee
core   0: 0x80000be4 (0x0226e5b3) rem     a1, a3, sp
core   0: 3 0x80000be4 (0x0226e5b3) x11 0x00000000
core   0: 0x80000be8 (0x022a6ab3) rem     s5, s4, sp
core   0: 3 0x80000be8 (0x022a6ab3) x21 0xffffffff
core   0: 0x80000bec (0x404adbb3) sra     s7, s5, tp
core   0: 3 0x80000bec (0x404adbb3) x23 0xffffffff
core   0: 0x80000bf0 (0x407ddb13) srai    s6, s11, 7
core   0: 3 0x80000bf0 (0x407ddb13) x22 0x0000005d
core   0: 0x80000bf4 (0x67231a37) lui     s4, 0x67231
core   0: 3 0x80000bf4 (0x67231a37) x20 0x67231000
core   0: 0x80000bf8 (0x4cb00193) li      gp, 1227
core   0: 3 0x80000bf8 (0x4cb00193) x 3 0x000004cb
core   0: 0x80000bfc (0x00ebd4b3) srl     s1, s7, a4
core   0: 3 0x80000bfc (0x00ebd4b3) x 9 0x0fffffff
core   0: 0x80000c00 (0x2d5ba213) slti    tp, s7, 725
core   0: 3 0x80000c00 (0x2d5ba213) x 4 0x00000001
core   0: 0x80000c04 (0x032a9633) mulh    a2, s5, s2
core   0: 3 0x80000c04 (0x032a9633) x12 0xffffffff
core   0: 0x80000c08 (0xada12537) lui     a0, 0xada12
core   0: 3 0x80000c08 (0xada12537) x10 0xada12000
core   0: 0x80000c0c (0x00000013) nop
core   0: 3 0x80000c0c (0x00000013)
core   0: 0x80000c10 (0x00c1d4b3) srl     s1, gp, a2
core   0: 3 0x80000c10 (0x00c1d4b3) x 9 0x00000000
core   0: 0x80000c14 (0x95e03693) sltiu   a3, zero, -1698
core   0: 3 0x80000c14 (0x95e03693) x13 0x00000001
core   0: 0x80000c18 (0x011a1313) slli    t1, s4, 17
core   0: 3 0x80000c18 (0x011a1313) x 6 0x20000000
core   0: 0x80000c1c (0x001f2bb3) slt     s7, t5, ra
core   0: 3 0x80000c1c (0x001f2bb3) x23 0x00000000
core   0: 0x80000c20 (0x40bcd513) srai    a0, s9, 11
core   0: 3 0x80000c20 (0x40bcd513) x10 0x00000005
core   0: 0x80000c24 (0x01fe44b3) xor     s1, t3, t6
core   0: 3 0x80000c24 (0x01fe44b3) x 9 0x00000000
core   0: 0x80000c28 (0x0160d513) srli    a0, ra, 22
core   0: 3 0x80000c28 (0x0160d513) x10 0x000003ff
core   0: 0x80000c2c (0x00d71c33) sll     s8, a4, a3
core   0: 3 0x80000c2c (0x00d71c33) x24 0x000319c8
core   0: 0x80000c30 (0x41afd993) srai    s3, t6, 26
core   0: 3 0x80000c30 (0x41afd993) x19 0x00000000
core   0: 0x80000c34 (0x404ed813) srai    a6, t4, 4
core   0: 3 0x80000c34 (0x404ed813) x16 0x061fa7fc
core   0: 0x80000c38 (0x00000013) nop
core   0: 3 0x80000c38 (0x00000013)
core   0: 0x80000c3c (0x03f30eb3) mul     t4, t1, t6
core   0: 3 0x80000c3c (0x03f30eb3) x29 0x00000000
core   0: 0x80000c40 (0x09856993) ori     s3, a0, 152
core   0: 3 0x80000c40 (0x09856993) x19 0x000003ff
core   0: 0x80000c44 (0x015c89b3) add     s3, s9, s5
core   0: 3 0x80000c44 (0x015c89b3) x19 0x00002e9e
core   0: 0x80000c48 (0x03093e33) mulhu   t3, s2, a6
core   0: 3 0x80000c48 (0x03093e33) x28 0x00000000
core   0: 0x80000c4c (0x007b3d33) sltu    s10, s6, t2
core   0: 3 0x80000c4c (0x007b3d33) x26 0x00000001
core   0: 0x80000c50 (0x40cc8ab3) sub     s5, s9, a2
core   0: 3 0x80000c50 (0x40cc8ab3) x21 0x00002ea0
core   0: 0x80000c54 (0x03742f33) mulhsu  t5, s0, s7
core   0: 3 0x80000c54 (0x03742f33) x30 0x00000000
core   0: 0x80000c58 (0x954e6f17) auipc   t5, 0x954e6
core   0: 3 0x80000c58 (0x954e6f17) x30 0x154e6c58
core   0: 0x80000c5c (0x01519513) slli    a0, gp, 21
core   0: 3 0x80000c5c (0x01519513) x10 0x99600000
core   0: 0x80000c60 (0x4198dc93) srai    s9, a7, 25
core   0: 3 0x80000c60 (0x4198dc93) x25 0xffffffe1
core   0: 0x80000c64 (0x01864233) xor     tp, a2, s8
core   0: 3 0x80000c64 (0x01864233) x 4 0xfffce637
core   0: 0x80000c68 (0xc2e0fc93) andi    s9, ra, -978
core   0: 3 0x80000c68 (0xc2e0fc93) x25 0xfffffc2e
core   0: 0x80000c6c (0x037e0f33) mul     t5, t3, s7
core   0: 3 0x80000c6c (0x037e0f33) x30 0x00000000
core   0: 0x80000c70 (0x026eec33) rem     s8, t4, t1
core   0: 3 0x80000c70 (0x026eec33) x24 0x00000000
core   0: 0x80000c74 (0xe438f597) auipc   a1, 0xe438f
core   0: 3 0x80000c74 (0xe438f597) x11 0x6438fc74
core   0: 0x80000c78 (0x41fcdf33) sra     t5, s9, t6
core   0: 3 0x80000c78 (0x41fcdf33) x30 0xfffffc2e
core   0: 0x80000c7c (0x011454b3) srl     s1, s0, a7
core   0: 3 0x80000c7c (0x011454b3) x 9 0x00000000
core   0: 0x80000c80 (0x027ee1b3) rem     gp, t4, t2
core   0: 3 0x80000c80 (0x027ee1b3) x 3 0x00000000
core   0: 0x80000c84 (0x0198d5b3) srl     a1, a7, s9
core   0: 3 0x80000c84 (0x0198d5b3) x11 0x00030fca
core   0: 0x80000c88 (0x02d97d33) remu    s10, s2, a3
core   0: 3 0x80000c88 (0x02d97d33) x26 0x00000000
core   0: 0x80000c8c (0x01645493) srli    s1, s0, 22
core   0: 3 0x80000c8c (0x01645493) x 9 0x00000000
core   0: 0x80000c90 (0x00e301b3) add     gp, t1, a4
core   0: 3 0x80000c90 (0x00e301b3) x 3 0xa0018ce4
core   0: 0x80000c94 (0xe7ef7813) andi    a6, t5, -386
core   0: 3 0x80000c94 (0xe7ef7813) x16 0xfffffc2e
core   0: 0x80000c98 (0x00cf3333) sltu    t1, t5, a2
core   0: 3 0x80000c98 (0x00cf3333) x 6 0x00000001
core   0: 0x80000c9c (0x015870b3) and     ra, a6, s5
core   0: 3 0x80000c9c (0x015870b3) x 1 0x00002c20
core   0: 0x80000ca0 (0x7a037093) andi    ra, t1, 1952
core   0: 3 0x80000ca0 (0x7a037093) x 1 0x00000000
core   0: 0x80000ca4 (0x292657b7) lui     a5, 0x29265
core   0: 3 0x80000ca4 (0x292657b7) x15 0x29265000
core   0: 0x80000ca8 (0xf4813313) sltiu   t1, sp, -184
core   0: 3 0x80000ca8 (0xf4813313) x 6 0x00000001
core   0: 0x80000cac (0x014ef6b3) and     a3, t4, s4
core   0: 3 0x80000cac (0x014ef6b3) x13 0x00000000
core   0: 0x80000cb0 (0x02f38333) mul     t1, t2, a5
core   0: 3 0x80000cb0 (0x02f38333) x 6 0x277e6000
core   0: 0x80000cb4 (0x33cb0793) addi    a5, s6, 828
core   0: 3 0x80000cb4 (0x33cb0793) x15 0x00000399
core   0: 0x80000cb8 (0x011d9e13) slli    t3, s11, 17
core   0: 3 0x80000cb8 (0x011d9e13) x28 0x5d3c0000
core   0: 0x80000cbc (0x03916c33) rem     s8, sp, s9
core   0: 3 0x80000cbc (0x03916c33) x24 0xfffffe02
core   0: 0x80000cc0 (0xda8e4f13) xori    t5, t3, -600
core   0: 3 0x80000cc0 (0xda8e4f13) x30 0xa2c3fda8
core   0: 0x80000cc4 (0x00d10533) add     a0, sp, a3
core   0: 3 0x80000cc4 (0x00d10533) x10 0x80014e64
core   0: 0x80000cc8 (0x03e318b3) mulh    a7, t1, t5
core   0: 3 0x80000cc8 (0x03e318b3) x17 0xf19dd524
core   0: 0x80000ccc (0x78460e93) addi    t4, a2, 1924
core   0: 3 0x80000ccc (0x78460e93) x29 0x00000783
core   0: 0x80000cd0 (0x9af38093) addi    ra, t2, -1617
core   0: 3 0x80000cd0 (0x9af38093) x 1 0x0000009d
core   0: 0x80000cd4 (0x807fe213) ori     tp, t6, -2041
core   0: 3 0x80000cd4 (0x807fe213) x 4 0xfffff807
core   0: 0x80000cd8 (0x01a0f3b3) and     t2, ra, s10
core   0: 3 0x80000cd8 (0x01a0f3b3) x 7 0x00000000
core   0: 0x80000cdc (0xc5dd4813) xori    a6, s10, -931
core   0: 3 0x80000cdc (0xc5dd4813) x16 0xfffffc5d
core   0: 0x80000ce0 (0x02ecdd33) divu    s10, s9, a4
core   0: 3 0x80000ce0 (0x02ecdd33) x26 0x00000001
core   0: 0x80000ce4 (0x00372333) slt     t1, a4, gp
core   0: 3 0x80000ce4 (0x00372333) x 6 0x00000001
core   0: 0x80000ce8 (0x4f450c93) addi    s9, a0, 1268
core   0: 3 0x80000ce8 (0x4f450c93) x25 0x80015358
core   0: 0x80000cec (0x03576233) rem     tp, a4, s5
core   0: 3 0x80000cec (0x03576233) x 4 0xffffff64
core   0: 0x80000cf0 (0xfde37f13) andi    t5, t1, -34
core   0: 3 0x80000cf0 (0xfde37f13) x30 0x00000000
core   0: 0x80000cf4 (0x016be433) or      s0, s7, s6
core   0: 3 0x80000cf4 (0x016be433) x 8 0x0000005d
core   0: 0x80000cf8 (0x00000013) nop
core   0: 3 0x80000cf8 (0x00000013)
core   0: 0x80000cfc (0x0219df33) divu    t5, s3, ra
core   0: 3 0x80000cfc (0x0219df33) x30 0x0000004c
core   0: 0x80000d00 (0x008d46b3) xor     a3, s10, s0
core   0: 3 0x80000d00 (0x008d46b3) x13 0x0000005c
core   0: 0x80000d04 (0x0018bfb3) sltu    t6, a7, ra
core   0: 3 0x80000d04 (0x0018bfb3) x31 0x00000000
core   0: 0x80000d08 (0x031a0233) mul     tp, s4, a7
core   0: 3 0x80000d08 (0x031a0233) x 4 0x7d3e4000
core   0: 0x80000d0c (0x014c3433) sltu    s0, s8, s4
core   0: 3 0x80000d0c (0x014c3433) x 8 0x00000000
core   0: 0x80000d10 (0x03a9e633) rem     a2, s3, s10
core   0: 3 0x80000d10 (0x03a9e633) x12 0x00000000
core   0: 0x80000d14 (0x01a886b3) add     a3, a7, s10
core   0: 3 0x80000d14 (0x01a886b3) x13 0xf19dd525
core   0: 0x80000d18 (0x03bd9bb3) mulh    s7, s11, s11
core   0: 3 0x80000d18 (0x03bd9bb3) x23 0x00000000
core   0: 0x80000d1c (0x03de4fb3) div     t6, t3, t4
core   0: 3 0x80000d1c (0x03de4fb3) x31 0x000c696f
core   0: 0x80000d20 (0x53c08c13) addi    s8, ra, 1340
core   0: 3 0x80000d20 (0x53c08c13) x24 0x000005d9
core   0: 0x80000d24 (0xaff5cf93) xori    t6, a1, -1281
core   0: 3 0x80000d24 (0xaff5cf93) x31 0xfffcf535
core   0: 0x80000d28 (0x00fd73b3) and     t2, s10, a5
core   0: 3 0x80000d28 (0x00fd73b3) x 7 0x00000001
core   0: 0x80000d2c (0x02073e33) mulhu   t3, a4, zero
core   0: 3 0x80000d2c (0x02073e33) x28 0x00000000
core   0: 0x80000d30 (0x00000013) nop
core   0: 3 0x80000d30 (0x00000013)
core   0: 0x80000d34 (0x00361993) slli    s3, a2, 3
core   0: 3 0x80000d34 (0x00361993) x19 0x00000000
core   0: 0x80000d38 (0x01054233) xor     tp, a0, a6
core   0: 3 0x80000d38 (0x01054233) x 4 0x7ffeb239
core   0: 0x80000d3c (0x025b8d33) mul     s10, s7, t0
core   0: 3 0x80000d3c (0x025b8d33) x26 0x00000000
core   0: 0x80000d40 (0x15d591b7) lui     gp, 0x15d59
core   0: 3 0x80000d40 (0x15d591b7) x 3 0x15d59000
core   0: 0x80000d44 (0x40bd8233) sub     tp, s11, a1
core   0: 3 0x80000d44 (0x40bd8233) x 4 0xfffd1ed4
core   0: 0x80000d48 (0x5aece413) ori     s0, s9, 1454
core   0: 3 0x80000d48 (0x5aece413) x 8 0x800157fe
core   0: 0x80000d4c (0x40bfde93) srai    t4, t6, 11
core   0: 3 0x80000d4c (0x40bfde93) x29 0xffffff9e
core   0: 0x80000d50 (0x01963b33) sltu    s6, a2, s9
core   0: 3 0x80000d50 (0x01963b33) x22 0x00000001
core   0: 0x80000d54 (0x028563b3) rem     t2, a0, s0
core   0: 3 0x80000d54 (0x028563b3) x 7 0xfffff666
core   0: 0x80000d58 (0x02b23b33) mulhu   s6, tp, a1
core   0: 3 0x80000d58 (0x02b23b33) x22 0x00030fc1
core   0: 0x80000d5c (0x02c9ca33) div     s4, s3, a2
core   0: 3 0x80000d5c (0x02c9ca33) x20 0xffffffff
core   0: 0x80000d60 (0x03024433) div     s0, tp, a6
core   0: 3 0x80000d60 (0x03024433) x 8 0x000000ca
core   0: 0x80000d64 (0xa6734313) xori    t1, t1, -1433
core   0: 3 0x80000d64 (0xa6734313) x 6 0xfffffa66
core   0: 0x80000d68 (0x00c68ab3) add     s5, a3, a2
core   0: 3 0x80000d68 (0x00c68ab3) x21 0xf19dd525
core   0: 0x80000d6c (0xb248e393) ori     t2, a7, -1244
core   0: 3 0x80000d6c (0xb248e393) x 7 0xffffff24
core   0: 0x80000d70 (0x0134c3b3) xor     t2, s1, s3
core   0: 3 0x80000d70 (0x0134c3b3) x 7 0x00000000
core   0: 0x80000d74 (0x025b9833) mulh    a6, s7, t0
core   0: 3 0x80000d74 (0x025b9833) x16 0x00000000
core   0: 0x80000d78 (0x00d25f93) srli    t6, tp, 13
core   0: 3 0x80000d78 (0x00d25f93) x31 0x0007ffe8
core   0: 0x80000d7c (0x01da0a33) add     s4, s4, t4
core   0: 3 0x80000d7c (0x01da0a33) x20 0xffffff9d
core   0: 0x80000d80 (0x65bf7193) andi    gp, t5, 1627
core   0: 3 0x80000d80 (0x65bf7193) x 3 0x00000048
core   0: 0x80000d84 (0x00c8ec33) or      s8, a7, a2
core   0: 3 0x80000d84 (0x00c8ec33) x24 0xf19dd524
core   0: 0x80000d88 (0x00c28cb3) add     s9, t0, a2
core   0: 3 0x80000d88 (0x00c28cb3) x25 0xf6416d2c
core   0: 0x80000d8c (0x7749b993) sltiu   s3, s3, 1908
core   0: 3 0x80000d8c (0x7749b993) x19 0x00000001
core   0: 0x80000d90 (0x004436b3) sltu    a3, s0, tp
core   0: 3 0x80000d90 (0x004436b3) x13 0x00000001
core   0: 0x80000d94 (0x00000013) nop
core   0: 3 0x80000d94 (0x00000013)
core   0: 0x80000d98 (0x01515033) srl     zero, sp, s5
core   0: 3 0x80000d98 (0x01515033)
core   0: 0x80000d9c (0x02dc3533) mulhu   a0, s8, a3
core   0: 3 0x80000d9c (0x02dc3533) x10 0x00000000
core   0: 0x80000da0 (0x02b5fa33) remu    s4, a1, a1
core   0: 3 0x80000da0 (0x02b5fa33) x20 0x00000000
core   0: 0x80000da4 (0x03378db3) mul     s11, a5, s3
core   0: 3 0x80000da4 (0x03378db3) x27 0x00000399
core   0: 0x80000da8 (0x00b6f233) and     tp, a3, a1
core   0: 3 0x80000da8 (0x00b6f233) x 4 0x00000000
core   0: 0x80000dac (0x002af4b3) and     s1, s5, sp
core   0: 3 0x80000dac (0x002af4b3) x 9 0x80014424
core   0: 0x80000db0 (0x00643533) sltu    a0, s0, t1
core   0: 3 0x80000db0 (0x00643533) x10 0x00000001
core   0: 0x80000db4 (0xd86fbd13) sltiu   s10, t6, -634
core   0: 3 0x80000db4 (0xd86fbd13) x26 0x00000001
core   0: 0x80000db8 (0x02f8f7b3) remu    a5, a7, a5
core   0: 3 0x80000db8 (0x02f8f7b3) x15 0x000000d4
core   0: 0x80000dbc (0x0207b933) mulhu   s2, a5, zero
core   0: 3 0x80000dbc (0x0207b933) x18 0x00000000
core   0: 0x80000dc0 (0x03138bb3) mul     s7, t2, a7
core   0: 3 0x80000dc0 (0x03138bb3) x23 0x00000000
core   0: 0x80000dc4 (0x023523b3) mulhsu  t2, a0, gp
core   0: 3 0x80000dc4 (0x023523b3) x 7 0x00000000
core   0: 0x80000dc8 (0xdb7dff97) auipc   t6, 0xdb7df
core   0: 3 0x80000dc8 (0xdb7dff97) x31 0x5b7dfdc8
core   0: 0x80000dcc (0x03aff333) remu    t1, t6, s10
core   0: 3 0x80000dcc (0x03aff333) x 6 0x00000000
core   0: 0x80000dd0 (0x01ca2433) slt     s0, s4, t3
core   0: 3 0x80000dd0 (0x01ca2433) x 8 0x00000000
core   0: 0x80000dd4 (0x0235e3b3) rem     t2, a1, gp
core   0: 3 0x80000dd4 (0x0235e3b3) x 7 0x0000003a
core   0: 0x80000dd8 (0x02a82d33) mulhsu  s10, a6, a0
core   0: 3 0x80000dd8 (0x02a82d33) x26 0x00000000
core   0: 0x80000ddc (0x00000013) nop
core   0: 3 0x80000ddc (0x00000013)
core   0: 0x80000de0 (0x00345413) srli    s0, s0, 3
core   0: 3 0x80000de0 (0x00345413) x 8 0x00000000
core   0: 0x80000de4 (0x8d20e313) ori     t1, ra, -1838
core   0: 3 0x80000de4 (0x8d20e313) x 6 0xfffff8df
core   0: 0x80000de8 (0x00b8bdb3) sltu    s11, a7, a1
core   0: 3 0x80000de8 (0x00b8bdb3) x27 0x00000000
core   0: 0x80000dec (0x008011b3) sll     gp, zero, s0
core   0: 3 0x80000dec (0x008011b3) x 3 0x00000000
core   0: 0x80000df0 (0x029d5533) divu    a0, s10, s1
core   0: 3 0x80000df0 (0x029d5533) x10 0x00000000
core   0: 0x80000df4 (0x0157efb3) or      t6, a5, s5
core   0: 3 0x80000df4 (0x0157efb3) x31 0xf19dd5f5
core   0: 0x80000df8 (0x03560633) mul     a2, a2, s5
core   0: 3 0x80000df8 (0x03560633) x12 0x00000000
core   0: 0x80000dfc (0x033d7b33) remu    s6, s10, s3
core   0: 3 0x80000dfc (0x033d7b33) x22 0x00000000
core   0: 0x80000e00 (0x01f494b3) sll     s1, s1, t6
core   0: 3 0x80000e00 (0x01f494b3) x 9 0x84800000
core   0: 0x80000e04 (0x03ef6e33) rem     t3, t5, t5
core   0: 3 0x80000e04 (0x03ef6e33) x28 0x00000000
core   0: 0x80000e08 (0x4a4a6793) ori     a5, s4, 1188
core   0: 3 0x80000e08 (0x4a4a6793) x15 0x000004a4
core   0: 0x80000e0c (0x24df6613) ori     a2, t5, 589
core   0: 3 0x80000e0c (0x24df6613) x12 0x0000024d
core   0: 0x80000e10 (0x03413cb3) mulhu   s9, sp, s4
core   0: 3 0x80000e10 (0x03413cb3) x25 0x00000000
core   0: 0x80000e14 (0x012da9b3) slt     s3, s11, s2
core   0: 3 0x80000e14 (0x012da9b3) x19 0x00000000
core   0: 0x80000e18 (0x018644b3) xor     s1, a2, s8
core   0: 3 0x80000e18 (0x018644b3) x 9 0xf19dd769
core   0: 0x80000e1c (0x03cceab3) rem     s5, s9, t3
core   0: 3 0x80000e1c (0x03cceab3) x21 0x00000000
core   0: 0x80000e20 (0x011f5693) srli    a3, t5, 17
core   0: 3 0x80000e20 (0x011f5693) x13 0x00000000
core   0: 0x80000e24 (0x00000013) nop
core   0: 3 0x80000e24 (0x00000013)
core   0: 0x80000e28 (0x00b531b3) sltu    gp, a0, a1
core   0: 3 0x80000e28 (0x00b531b3) x 3 0x00000001
core   0: 0x80000e2c (0x394f00b7) lui     ra, 0x394f0
core   0: 3 0x80000e2c (0x394f00b7) x 1 0x394f0000
core   0: 0x80000e30 (0x0004dbb3) srl     s7, s1, zero
core   0: 3 0x80000e30 (0x0004dbb3) x23 0xf19dd769
core   0: 0x80000e34 (0x70afea93) ori     s5, t6, 1802
core   0: 3 0x80000e34 (0x70afea93) x21 0xf19dd7ff
core   0: 0x80000e38 (0xaeb10513) addi    a0, sp, -1301
core   0: 3 0x80000e38 (0xaeb10513) x10 0x8001494f
core   0: 0x80000e3c (0x71f36093) ori     ra, t1, 1823
core   0: 3 0x80000e3c (0x71f36093) x 1 0xffffffdf
core   0: 0x80000e40 (0x018db333) sltu    t1, s11, s8
core   0: 3 0x80000e40 (0x018db333) x 6 0x00000001
core   0: 0x80000e44 (0x0158b0b3) sltu    ra, a7, s5
core   0: 3 0x80000e44 (0x0158b0b3) x 1 0x00000001
core   0: 0x80000e48 (0x02b35b33) divu    s6, t1, a1
core   0: 3 0x80000e48 (0x02b35b33) x22 0x00000000
core   0: 0x80000e4c (0x00000013) nop
core   0: 3 0x80000e4c (0x00000013)
core   0: 0x80000e50 (0x03aa3f33) mulhu   t5, s4, s10
core   0: 3 0x80000e50 (0x03aa3f33) x30 0x00000000
core   0: 0x80000e54 (0x005feab3) or      s5, t6, t0
core   0: 3 0x80000e54 (0x005feab3) x21 0xf7ddfdfd
core   0: 0x80000e58 (0x5b740e93) addi    t4, s0, 1463
core   0: 3 0x80000e58 (0x5b740e93) x29 0x000005b7
core   0: 0x80000e5c (0x025808b3) mul     a7, a6, t0
core   0: 3 0x80000e5c (0x025808b3) x17 0x00000000
core   0: 0x80000e60 (0x01223833) sltu    a6, tp, s2
core   0: 3 0x80000e60 (0x01223833) x16 0x00000000
core   0: 0x80000e64 (0x01895c13) srli    s8, s2, 24
core   0: 3 0x80000e64 (0x01895c13) x24 0x00000000
core   0: 0x80000e68 (0x01c1a4b3) slt     s1, gp, t3
core   0: 3 0x80000e68 (0x01c1a4b3) x 9 0x00000000
core   0: 0x80000e6c (0x01fc5413) srli    s0, s8, 31
core   0: 3 0x80000e6c (0x01fc5413) x 8 0x00000000
core   0: 0x80000e70 (0x02567d33) remu    s10, a2, t0
core   0: 3 0x80000e70 (0x02567d33) x26 0x0000024d
core   0: 0x80000e74 (0x02bfc533) div     a0, t6, a1
core   0: 3 0x80000e74 (0x02bfc533) x10 0xfffffb4e
core   0: 0x80000e78 (0x024f9a33) mulh    s4, t6, tp
core   0: 3 0x80000e78 (0x024f9a33) x20 0x00000000
core   0: 0x80000e7c (0x036addb3) divu    s11, s5, s6
core   0: 3 0x80000e7c (0x036addb3) x27 0xffffffff
core   0: 0x80000e80 (0x403487b3) sub     a5, s1, gp
core   0: 3 0x80000e80 (0x403487b3) x15 0xffffffff
core   0: 0x80000e84 (0x02d8a3b3) mulhsu  t2, a7, a3
core   0: 3 0x80000e84 (0x02d8a3b3) x 7 0x00000000
core   0: 0x80000e88 (0x0ce38237) lui     tp, 0xce38
core   0: 3 0x80000e88 (0x0ce38237) x 4 0x0ce38000
core   0: 0x80000e8c (0xe488f813) andi    a6, a7, -440
core   0: 3 0x80000e8c (0xe488f813) x16 0x00000000
core   0: 0x80000e90 (0x00c07833) and     a6, zero, a2
core   0: 3 0x80000e90 (0x00c07833) x16 0x00000000
core   0: 0x80000e94 (0x7502cf93) xori    t6, t0, 1872
core   0: 3 0x80000e94 (0x7502cf93) x31 0xf6416a7c
core   0: 0x80000e98 (0x020b5433) divu    s0, s6, zero
core   0: 3 0x80000e98 (0x020b5433) x 8 0xffffffff
core   0: 0x80000e9c (0x00bb4533) xor     a0, s6, a1
core   0: 3 0x80000e9c (0x00bb4533) x10 0x00030fca
core   0: 0x80000ea0 (0x00f11f13) slli    t5, sp, 15
core   0: 3 0x80000ea0 (0x00f11f13) x30 0xa7320000
core   0: 0x80000ea4 (0x8bf98d13) addi    s10, s3, -1857
core   0: 3 0x80000ea4 (0x8bf98d13) x26 0xfffff8bf
core   0: 0x80000ea8 (0x003b1593) slli    a1, s6, 3
core   0: 3 0x80000ea8 (0x003b1593) x11 0x00000000
core   0: 0x80000eac (0x03ffb3b3) mulhu   t2, t6, t6
core   0: 3 0x80000eac (0x03ffb3b3) x 7 0xece1c95d
core   0: 0x80000eb0 (0x89e2a893) slti    a7, t0, -1890
core   0: 3 0x80000eb0 (0x89e2a893) x17 0x00000001
core   0: 0x80000eb4 (0x013164b3) or      s1, sp, s3
core   0: 3 0x80000eb4 (0x013164b3) x 9 0x80014e64
core   0: 0x80000eb8 (0x01f96d33) or      s10, s2, t6
core   0: 3 0x80000eb8 (0x01f96d33) x26 0xf6416a7c
core   0: 0x80000ebc (0x401fddb3) sra     s11, t6, ra
core   0: 3 0x80000ebc (0x401fddb3) x27 0xfb20b53e
core   0: 0x80000ec0 (0x00000013) nop
core   0: 3 0x80000ec0 (0x00000013)
core   0: 0x80000ec4 (0x025a4333) div     t1, s4, t0
core   0: 3 0x80000ec4 (0x025a4333) x 6 0x00000000
core   0: 0x80000ec8 (0x328d7e13) andi    t3, s10, 808
core   0: 3 0x80000ec8 (0x328d7e13) x28 0x00000228
core   0: 0x80000ecc (0x00a9e533) or      a0, s3, a0
core   0: 3 0x80000ecc (0x00a9e533) x10 0x00030fca
core   0: 0x80000ed0 (0xd3fae193) ori     gp, s5, -705
core   0: 3 0x80000ed0 (0xd3fae193) x 3 0xfffffdff
core   0: 0x80000ed4 (0x4189ddb3) sra     s11, s3, s8
core   0: 3 0x80000ed4 (0x4189ddb3) x27 0x00000000
core   0: 0x80000ed8 (0xaae0f613) andi    a2, ra, -1362
core   0: 3 0x80000ed8 (0xaae0f613) x12 0x00000000
core   0: 0x80000edc (0x02167033) remu    zero, a2, ra
core   0: 3 0x80000edc (0x02167033)
core   0: 0x80000ee0 (0x03a507b3) mul     a5, a0, s10
core   0: 3 0x80000ee0 (0x03a507b3) x15 0x644f49d8
core   0: 0x80000ee4 (0x027b11b3) mulh    gp, s6, t2
core   0: 3 0x80000ee4 (0x027b11b3) x 3 0x00000000
core   0: 0x80000ee8 (0x9a763b13) sltiu   s6, a2, -1625
core   0: 3 0x80000ee8 (0x9a763b13) x22 0x00000001
core   0: 0x80000eec (0x000a9613) slli    a2, s5, 0
core   0: 3 0x80000eec (0x000a9613) x12 0xf7ddfdfd
core   0: 0x80000ef0 (0xfa6cac13) slti    s8, s9, -90
core   0: 3 0x80000ef0 (0xfa6cac13) x24 0x00000000
core   0: 0x80000ef4 (0x2a416f13) ori     t5, sp, 676
core   0: 3 0x80000ef4 (0x2a416f13) x30 0x80014ee4
core   0: 0x80000ef8 (0x00000013) nop
core   0: 3 0x80000ef8 (0x00000013)
core   0: 0x80000efc (0x01791f33) sll     t5, s2, s7
core   0: 3 0x80000efc (0x01791f33) x30 0x00000000
core   0: 0x80000f00 (0x02d35833) divu    a6, t1, a3
core   0: 3 0x80000f00 (0x02d35833) x16 0xffffffff
core   0: 0x80000f04 (0xf24ea393) slti    t2, t4, -220
core   0: 3 0x80000f04 (0xf24ea393) x 7 0x00000000
core   0: 0x80000f08 (0x82260b13) addi    s6, a2, -2014
core   0: 3 0x80000f08 (0x82260b13) x22 0xf7ddf61f
core   0: 0x80000f0c (0x019b97b3) sll     a5, s7, s9
core   0: 3 0x80000f0c (0x019b97b3) x15 0xf19dd769
core   0: 0x80000f10 (0x40bd87b3) sub     a5, s11, a1
core   0: 3 0x80000f10 (0x40bd87b3) x15 0x00000000
core   0: 0x80000f14 (0x03e457b3) divu    a5, s0, t5
core   0: 3 0x80000f14 (0x03e457b3) x15 0xffffffff
core   0: 0x80000f18 (0x4179dd13) srai    s10, s3, 23
core   0: 3 0x80000f18 (0x4179dd13) x26 0x00000000
core   0: 0x80000f1c (0x3aff5b17) auipc   s6, 0x3aff5
core   0: 3 0x80000f1c (0x3aff5b17) x22 0xbaff5f1c
core   0: 0x80000f20 (0x40f3d633) sra     a2, t2, a5
core   0: 3 0x80000f20 (0x40f3d633) x12 0x00000000
core   0: 0x80000f24 (0x00fe1c13) slli    s8, t3, 15
core   0: 3 0x80000f24 (0x00fe1c13) x24 0x01140000
core   0: 0x80000f28 (0x0761fe93) andi    t4, gp, 118
core   0: 3 0x80000f28 (0x0761fe93) x29 0x00000000
core   0: 0x80000f2c (0x010c87b3) add     a5, s9, a6
core   0: 3 0x80000f2c (0x010c87b3) x15 0xffffffff
core   0: 0x80000f30 (0x0154c9b3) xor     s3, s1, s5
core   0: 3 0x80000f30 (0x0154c9b3) x19 0x77dcb399
core   0: 0x80000f34 (0x41815ab3) sra     s5, sp, s8
core   0: 3 0x80000f34 (0x41815ab3) x21 0x80014e64
core   0: 0x80000f38 (0x1e7b7893) andi    a7, s6, 487
core   0: 3 0x80000f38 (0x1e7b7893) x17 0x00000104
core   0: 0x80000f3c (0x02461e33) mulh    t3, a2, tp
core   0: 3 0x80000f3c (0x02461e33) x28 0x00000000
core   0: 0x80000f40 (0x00086cb3) or      s9, a6, zero
core   0: 3 0x80000f40 (0x00086cb3) x25 0xffffffff
core   0: 0x80000f44 (0xc9d5e193) ori     gp, a1, -867
core   0: 3 0x80000f44 (0xc9d5e193) x 3 0xfffffc9d
core   0: 0x80000f48 (0x03609233) mulh    tp, ra, s6
core   0: 3 0x80000f48 (0x03609233) x 4 0xffffffff
core   0: 0x80000f4c (0x015c1313) slli    t1, s8, 21
core   0: 3 0x80000f4c (0x015c1313) x 6 0x00000000
core   0: 0x80000f50 (0x03246833) rem     a6, s0, s2
core   0: 3 0x80000f50 (0x03246833) x16 0xffffffff
core   0: 0x80000f54 (0x0241a533) mulhsu  a0, gp, tp
core   0: 3 0x80000f54 (0x0241a533) x10 0xfffffc9d
core   0: 0x80000f58 (0x9dd7ee17) auipc   t3, 0x9dd7e
core   0: 3 0x80000f58 (0x9dd7ee17) x28 0x1dd7ef58
core   0: 0x80000f5c (0x00000013) nop
core   0: 3 0x80000f5c (0x00000013)
core   0: 0x80000f60 (0x402fd913) srai    s2, t6, 2
core   0: 3 0x80000f60 (0x402fd913) x18 0xfd905a9f
core   0: 0x80000f64 (0xa9bec6b7) lui     a3, 0xa9bec
core   0: 3 0x80000f64 (0xa9bec6b7) x13 0xa9bec000
core   0: 0x80000f68 (0x019c75b3) and     a1, s8, s9
core   0: 3 0x80000f68 (0x019c75b3) x11 0x01140000
core   0: 0x80000f6c (0x0104e0b3) or      ra, s1, a6
core   0: 3 0x80000f6c (0x0104e0b3) x 1 0xffffffff
core   0: 0x80000f70 (0x41385793) srai    a5, a6, 19
core   0: 3 0x80000f70 (0x41385793) x15 0xffffffff
core   0: 0x80000f74 (0x41e107b3) sub     a5, sp, t5
core   0: 3 0x80000f74 (0x41e107b3) x15 0x80014e64
core   0: 0x80000f78 (0x2844ca93) xori    s5, s1, 644
core   0: 3 0x80000f78 (0x2844ca93) x21 0x80014ce0
core   0: 0x80000f7c (0x162f0f93) addi    t6, t5, 354
core   0: 3 0x80000f7c (0x162f0f93) x31 0x00000162
core   0: 0x80000f80 (0x01563533) sltu    a0, a2, s5
core   0: 3 0x80000f80 (0x01563533) x10 0x00000001
core   0: 0x80000f84 (0x0143e633) or      a2, t2, s4
core   0: 3 0x80000f84 (0x0143e633) x12 0x00000000
core   0: 0x80000f88 (0x430a7e93) andi    t4, s4, 1072
core   0: 3 0x80000f88 (0x430a7e93) x29 0x00000000
core   0: 0x80000f8c (0x0322b4b3) mulhu   s1, t0, s2
core   0: 3 0x80000f8c (0x0322b4b3) x 9 0xf3e984dd
core   0: 0x80000f90 (0x010d1e33) sll     t3, s10, a6
core   0: 3 0x80000f90 (0x010d1e33) x28 0x00000000
core   0: 0x80000f94 (0x404c03b3) sub     t2, s8, tp
core   0: 3 0x80000f94 (0x404c03b3) x 7 0x01140001
core   0: 0x80000f98 (0x007f83b3) add     t2, t6, t2
core   0: 3 0x80000f98 (0x007f83b3) x 7 0x01140163
core   0: 0x80000f9c (0x4176da13) srai    s4, a3, 23
core   0: 3 0x80000f9c (0x4176da13) x20 0xffffff53
core   0: 0x80000fa0 (0x00c6da93) srli    s5, a3, 12
core   0: 3 0x80000fa0 (0x00c6da93) x21 0x000a9bec
core   0: 0x80000fa4 (0x02105cb3) divu    s9, zero, ra
core   0: 3 0x80000fa4 (0x02105cb3) x25 0x00000000
core   0: 0x80000fa8 (0x026c9333) mulh    t1, s9, t1
core   0: 3 0x80000fa8 (0x026c9333) x 6 0x00000000
core   0: 0x80000fac (0x00ed5d33) srl     s10, s10, a4
core   0: 3 0x80000fac (0x00ed5d33) x26 0x00000000
core   0: 0x80000fb0 (0x40d15533) sra     a0, sp, a3
core   0: 3 0x80000fb0 (0x40d15533) x10 0x80014e64
core   0: 0x80000fb4 (0x024206b3) mul     a3, tp, tp
core   0: 3 0x80000fb4 (0x024206b3) x13 0x00000001
core   0: 0x80000fb8 (0x732eb193) sltiu   gp, t4, 1842
core   0: 3 0x80000fb8 (0x732eb193) x 3 0x00000001
core   0: 0x80000fbc (0x00000013) nop
core   0: 3 0x80000fbc (0x00000013)
core   0: 0x80000fc0 (0x01faa6b3) slt     a3, s5, t6
core   0: 3 0x80000fc0 (0x01faa6b3) x13 0x00000000
core   0: 0x80000fc4 (0x03d40c33) mul     s8, s0, t4
core   0: 3 0x80000fc4 (0x03d40c33) x24 0x00000000
core   0: 0x80000fc8 (0x006e4f33) xor     t5, t3, t1
core   0: 3 0x80000fc8 (0x006e4f33) x30 0x00000000
core   0: 0x80000fcc (0x46537413) andi    s0, t1, 1125
core   0: 3 0x80000fcc (0x46537413) x 8 0x00000000
core   0: 0x80000fd0 (0x00096a33) or      s4, s2, zero
core   0: 3 0x80000fd0 (0x00096a33) x20 0xfd905a9f
core   0: 0x80000fd4 (0x00000013) nop
core   0: 3 0x80000fd4 (0x00000013)
core   0: 0x80000fd8 (0x0247cf33) div     t5, a5, tp
core   0: 3 0x80000fd8 (0x0247cf33) x30 0x7ffeb19c
core   0: 0x80000fdc (0x025d6233) rem     tp, s10, t0
core   0: 3 0x80000fdc (0x025d6233) x 4 0x00000000
core   0: 0x80000fe0 (0x00000013) nop
core   0: 3 0x80000fe0 (0x00000013)
core   0: 0x80000fe4 (0x03c75b33) divu    s6, a4, t3
core   0: 3 0x80000fe4 (0x03c75b33) x22 0xffffffff
core   0: 0x80000fe8 (0x00065233) srl     tp, a2, zero
core   0: 3 0x80000fe8 (0x00065233) x 4 0x00000000
core   0: 0x80000fec (0x0357cdb3) div     s11, a5, s5
core   0: 3 0x80000fec (0x0357cdb3) x27 0xfffff3f0
core   0: 0x80000ff0 (0x00000013) nop
core   0: 3 0x80000ff0 (0x00000013)
core   0: 0x80000ff4 (0x9b91dfb7) lui     t6, 0x9b91d
core   0: 3 0x80000ff4 (0x9b91dfb7) x31 0x9b91d000
core   0: 0x80000ff8 (0x027bf4b3) remu    s1, s7, t2
core   0: 3 0x80000ff8 (0x027bf4b3) x 9 0x001ca0c9
core   0: 0x80000ffc (0x009827b3) slt     a5, a6, s1
core   0: 3 0x80000ffc (0x009827b3) x15 0x00000001
core   0: 0x80001000 (0x40765793) srai    a5, a2, 7
core   0: 3 0x80001000 (0x40765793) x15 0x00000000
core   0: 0x80001004 (0x02a983b3) mul     t2, s3, a0
core   0: 3 0x80001004 (0x02a983b3) x 7 0x4487c5c4
core   0: 0x80001008 (0x0041e0b3) or      ra, gp, tp
core   0: 3 0x80001008 (0x0041e0b3) x 1 0x00000001
core   0: 0x8000100c (0x02c978b3) remu    a7, s2, a2
core   0: 3 0x8000100c (0x02c978b3) x17 0xfd905a9f
core   0: 0x80001010 (0x40508bb3) sub     s7, ra, t0
core   0: 3 0x80001010 (0x40508bb3) x23 0x09be92d5
core   0: 0x80001014 (0x41355d93) srai    s11, a0, 19
core   0: 3 0x80001014 (0x41355d93) x27 0xfffff000
core   0: 0x80001018 (0x0788eb93) ori     s7, a7, 120
core   0: 3 0x80001018 (0x0788eb93) x23 0xfd905aff
core   0: 0x8000101c (0x5220a913) slti    s2, ra, 1314
core   0: 3 0x8000101c (0x5220a913) x18 0x00000001
core   0: 0x80001020 (0x01b14933) xor     s2, sp, s11
core   0: 3 0x80001020 (0x01b14933) x18 0x7ffebe64
core   0: 0x80001024 (0x011d58b3) srl     a7, s10, a7
core   0: 3 0x80001024 (0x011d58b3) x17 0x00000000
core   0: 0x80001028 (0x006698b3) sll     a7, a3, t1
core   0: 3 0x80001028 (0x006698b3) x17 0x00000000
core   0: 0x8000102c (0x002cd9b3) srl     s3, s9, sp
core   0: 3 0x8000102c (0x002cd9b3) x19 0x00000000
core   0: 0x80001030 (0x00000013) nop
core   0: 3 0x80001030 (0x00000013)
core   0: 0x80001034 (0x0190f6b3) and     a3, ra, s9
core   0: 3 0x80001034 (0x0190f6b3) x13 0x00000000
core   0: 0x80001038 (0x3ffe8d93) addi    s11, t4, 1023
core   0: 3 0x80001038 (0x3ffe8d93) x27 0x000003ff
core   0: 0x8000103c (0x02232833) mulhsu  a6, t1, sp
core   0: 3 0x8000103c (0x02232833) x16 0x00000000
core   0: 0x80001040 (0x403d5993) srai    s3, s10, 3
core   0: 3 0x80001040 (0x403d5993) x19 0x00000000
core   0: 0x80001044 (0x00dc3633) sltu    a2, s8, a3
core   0: 3 0x80001044 (0x00dc3633) x12 0x00000000
core   0: 0x80001048 (0xba960793) addi    a5, a2, -1111
core   0: 3 0x80001048 (0xba960793) x15 0xfffffba9
core   0: 0x8000104c (0x332d3b13) sltiu   s6, s10, 818
core   0: 3 0x8000104c (0x332d3b13) x22 0x00000001
core   0: 0x80001050 (0x0311af33) mulhsu  t5, gp, a7
core   0: 3 0x80001050 (0x0311af33) x30 0x00000000
core   0: 0x80001054 (0x00000013) nop
core   0: 3 0x80001054 (0x00000013)
core   0: 0x80001058 (0x412c5b13) srai    s6, s8, 18
core   0: 3 0x80001058 (0x412c5b13) x22 0x00000000
core   0: 0x8000105c (0x01c4cbb3) xor     s7, s1, t3
core   0: 3 0x8000105c (0x01c4cbb3) x23 0x001ca0c9
core   0: 0x80001060 (0x408b5b93) srai    s7, s6, 8
core   0: 3 0x80001060 (0x408b5b93) x23 0x00000000
core   0: 0x80001064 (0x8ed8ca13) xori    s4, a7, -1811
core   0: 3 0x80001064 (0x8ed8ca13) x20 0xfffff8ed
core   0: 0x80001068 (0x01579a33) sll     s4, a5, s5
core   0: 3 0x80001068 (0x01579a33) x20 0xffba9000
core   0: 0x8000106c (0x36358393) addi    t2, a1, 867
core   0: 3 0x8000106c (0x36358393) x 7 0x01140363
core   0: 0x80001070 (0x00131633) sll     a2, t1, ra
core   0: 3 0x80001070 (0x00131633) x12 0x00000000
core   0: 0x80001074 (0x01c35233) srl     tp, t1, t3
core   0: 3 0x80001074 (0x01c35233) x 4 0x00000000
core   0: 0x80001078 (0x23dda793) slti    a5, s11, 573
core   0: 3 0x80001078 (0x23dda793) x15 0x00000000
core   0: 0x8000107c (0x7a4db013) sltiu   zero, s11, 1956
core   0: 3 0x8000107c (0x7a4db013)
core   0: 0x80001080 (0x7131e493) ori     s1, gp, 1811
core   0: 3 0x80001080 (0x7131e493) x 9 0x00000713
core   0: 0x80001084 (0x03eedd33) divu    s10, t4, t5
core   0: 3 0x80001084 (0x03eedd33) x26 0xffffffff
core   0: 0x80001088 (0x00b93db3) sltu    s11, s2, a1
core   0: 3 0x80001088 (0x00b93db3) x27 0x00000000
core   0: 0x8000108c (0x76b40f13) addi    t5, s0, 1899
core   0: 3 0x8000108c (0x76b40f13) x30 0x0000076b
core   0: 0x80001090 (0x001beeb3) or      t4, s7, ra
core   0: 3 0x80001090 (0x001beeb3) x29 0x00000001
core   0: 0x80001094 (0x015d1613) slli    a2, s10, 21
core   0: 3 0x80001094 (0x015d1613) x12 0xffe00000
core   0: 0x80001098 (0x8b1b8013) addi    zero, s7, -1871
core   0: 3 0x80001098 (0x8b1b8013)
core   0: 0x8000109c (0x03086433) rem     s0, a6, a6
core   0: 3 0x8000109c (0x03086433) x 8 0x00000000
core   0: 0x800010a0 (0x00763d33) sltu    s10, a2, t2
core   0: 3 0x800010a0 (0x00763d33) x26 0x00000000
core   0: 0x800010a4 (0x8872ee93) ori     t4, t0, -1913
core   0: 3 0x800010a4 (0x8872ee93) x29 0xfffffdaf
core   0: 0x800010a8 (0x7c047513) andi    a0, s0, 1984
core   0: 3 0x800010a8 (0x7c047513) x10 0x00000000
core   0: 0x800010ac (0x00afd213) srli    tp, t6, 10
core   0: 3 0x800010ac (0x00afd213) x 4 0x0026e474
core   0: 0x800010b0 (0xba7ff593) andi    a1, t6, -1113
core   0: 3 0x800010b0 (0xba7ff593) x11 0x9b91d000
core   0: 0x800010b4 (0x0067f533) and     a0, a5, t1
core   0: 3 0x800010b4 (0x0067f533) x10 0x00000000
core   0: 0x800010b8 (0x02422233) mulhsu  tp, tp, tp
core   0: 3 0x800010b8 (0x02422233) x 4 0x000005e8
core   0: 0x800010bc (0x4a03fa93) andi    s5, t2, 1184
core   0: 3 0x800010bc (0x4a03fa93) x21 0x00000020
core   0: 0x800010c0 (0x60ad5437) lui     s0, 0x60ad5
core   0: 3 0x800010c0 (0x60ad5437) x 8 0x60ad5000
core   0: 0x800010c4 (0x033784b3) mul     s1, a5, s3
core   0: 3 0x800010c4 (0x033784b3) x 9 0x00000000
core   0: 0x800010c8 (0x029927b3) mulhsu  a5, s2, s1
core   0: 3 0x800010c8 (0x029927b3) x15 0x00000000
core   0: 0x800010cc (0x3327cf93) xori    t6, a5, 818
core   0: 3 0x800010cc (0x3327cf93) x31 0x00000332
core   0: 0x800010d0 (0x299b0237) lui     tp, 0x299b0
core   0: 3 0x800010d0 (0x299b0237) x 4 0x299b0000
core   0: 0x800010d4 (0x02e0c433) div     s0, ra, a4
core   0: 3 0x800010d4 (0x02e0c433) x 8 0x00000000
core   0: 0x800010d8 (0x03f6b9b3) mulhu   s3, a3, t6
core   0: 3 0x800010d8 (0x03f6b9b3) x19 0x00000000
core   0: 0x800010dc (0x00a86cb3) or      s9, a6, a0
core   0: 3 0x800010dc (0x00a86cb3) x25 0x00000000
core   0: 0x800010e0 (0x412bdab3) sra     s5, s7, s2
core   0: 3 0x800010e0 (0x412bdab3) x21 0x00000000
core   0: 0x800010e4 (0xb0a2b837) lui     a6, 0xb0a2b
core   0: 3 0x800010e4 (0xb0a2b837) x16 0xb0a2b000
core   0: 0x800010e8 (0x0344ebb3) rem     s7, s1, s4
core   0: 3 0x800010e8 (0x0344ebb3) x23 0x00000000
core   0: 0x800010ec (0x26a186b7) lui     a3, 0x26a18
core   0: 3 0x800010ec (0x26a186b7) x13 0x26a18000
core   0: 0x800010f0 (0x01e178b3) and     a7, sp, t5
core   0: 3 0x800010f0 (0x01e178b3) x17 0x00000660
core   0: 0x800010f4 (0x404ed993) srai    s3, t4, 4
core   0: 3 0x800010f4 (0x404ed993) x19 0xffffffda
core   0: 0x800010f8 (0x562fe213) ori     tp, t6, 1378
core   0: 3 0x800010f8 (0x562fe213) x 4 0x00000772
core   0: 0x800010fc (0x41e985b3) sub     a1, s3, t5
core   0: 3 0x800010fc (0x41e985b3) x11 0xfffff86f
core   0: 0x80001100 (0x70f0eb93) ori     s7, ra, 1807
core   0: 3 0x80001100 (0x70f0eb93) x23 0x0000070f
core   0: 0x80001104 (0x0040c3b3) xor     t2, ra, tp
core   0: 3 0x80001104 (0x0040c3b3) x 7 0x00000773
core   0: 0x80001108 (0x030e4233) div     tp, t3, a6
core   0: 3 0x80001108 (0x030e4233) x 4 0x00000000
core   0: 0x8000110c (0x01cb3eb3) sltu    t4, s6, t3
core   0: 3 0x8000110c (0x01cb3eb3) x29 0x00000000
core   0: 0x80001110 (0x0218a8b3) mulhsu  a7, a7, ra
core   0: 3 0x80001110 (0x0218a8b3) x17 0x00000000
core   0: 0x80001114 (0x03354d33) div     s10, a0, s3
core   0: 3 0x80001114 (0x03354d33) x26 0x00000000
core   0: 0x80001118 (0x01b59a93) slli    s5, a1, 27
core   0: 3 0x80001118 (0x01b59a93) x21 0x78000000
core   0: 0x8000111c (0x00b6a233) slt     tp, a3, a1
core   0: 3 0x8000111c (0x00b6a233) x 4 0x00000000
core   0: 0x80001120 (0x013cf533) and     a0, s9, s3
core   0: 3 0x80001120 (0x013cf533) x10 0x00000000
core   0: 0x80001124 (0x16d49337) lui     t1, 0x16d49
core   0: 3 0x80001124 (0x16d49337) x 6 0x16d49000
core   0: 0x80001128 (0x039dcbb3) div     s7, s11, s9
core   0: 3 0x80001128 (0x039dcbb3) x23 0xffffffff
core   0: 0x8000112c (0x01bcc4b3) xor     s1, s9, s11
core   0: 3 0x8000112c (0x01bcc4b3) x 9 0x00000000
core   0: 0x80001130 (0x031376b3) remu    a3, t1, a7
core   0: 3 0x80001130 (0x031376b3) x13 0x16d49000
core   0: 0x80001134 (0x03046cb3) rem     s9, s0, a6
core   0: 3 0x80001134 (0x03046cb3) x25 0x00000000
core   0: 0x80001138 (0x0317cb33) div     s6, a5, a7
core   0: 3 0x80001138 (0x0317cb33) x22 0xffffffff
core   0: 0x8000113c (0x02131333) mulh    t1, t1, ra
core   0: 3 0x8000113c (0x02131333) x 6 0x00000000
core   0: 0x80001140 (0x016f34b3) sltu    s1, t5, s6
core   0: 3 0x80001140 (0x016f34b3) x 9 0x00000001
core   0: 0x80001144 (0x009783b3) add     t2, a5, s1
core   0: 3 0x80001144 (0x009783b3) x 7 0x00000001
core   0: 0x80001148 (0x03819a33) mulh    s4, gp, s8
core   0: 3 0x80001148 (0x03819a33) x20 0x00000000
core   0: 0x8000114c (0x01c09093) slli    ra, ra, 28
core   0: 3 0x8000114c (0x01c09093) x 1 0x10000000
core   0: 0x80001150 (0xc397ec93) ori     s9, a5, -967
core   0: 3 0x80001150 (0xc397ec93) x25 0xfffffc39
core   0: 0x80001154 (0x0326d633) divu    a2, a3, s2
core   0: 3 0x80001154 (0x0326d633) x12 0x00000000
core   0: 0x80001158 (0x00000013) nop
core   0: 3 0x80001158 (0x00000013)
core   0: 0x8000115c (0x011c76b3) and     a3, s8, a7
core   0: 3 0x8000115c (0x011c76b3) x13 0x00000000
core   0: 0x80001160 (0x02cd28b3) mulhsu  a7, s10, a2
core   0: 3 0x80001160 (0x02cd28b3) x17 0x00000000
core   0: 0x80001164 (0x013c9793) slli    a5, s9, 19
core   0: 3 0x80001164 (0x013c9793) x15 0xe1c80000
core   0: 0x80001168 (0x3a96fa13) andi    s4, a3, 937
core   0: 3 0x80001168 (0x3a96fa13) x20 0x00000000
core   0: 0x8000116c (0x01ac9c93) slli    s9, s9, 26
core   0: 3 0x8000116c (0x01ac9c93) x25 0xe4000000
core   0: 0x80001170 (0x03b268b3) rem     a7, tp, s11
core   0: 3 0x80001170 (0x03b268b3) x17 0x00000000
core   0: 0x80001174 (0x57b5f913) andi    s2, a1, 1403
core   0: 3 0x80001174 (0x57b5f913) x18 0x0000006b
core   0: 0x80001178 (0x01ef4bb3) xor     s7, t5, t5
core   0: 3 0x80001178 (0x01ef4bb3) x23 0x00000000
core   0: 0x8000117c (0x00075893) srli    a7, a4, 0
core   0: 3 0x8000117c (0x00075893) x17 0x80018ce4
core   0: 0x80001180 (0x0152c933) xor     s2, t0, s5
core   0: 3 0x80001180 (0x0152c933) x18 0x8e416d2c
core   0: 0x80001184 (0x00000013) nop
core   0: 3 0x80001184 (0x00000013)
core   0: 0x80001188 (0x00811d33) sll     s10, sp, s0
core   0: 3 0x80001188 (0x00811d33) x26 0x80014e64
core   0: 0x8000118c (0x41ca5f13) srai    t5, s4, 28
core   0: 3 0x8000118c (0x41ca5f13) x30 0x00000000
core   0: 0x80001190 (0x000c43b3) xor     t2, s8, zero
core   0: 3 0x80001190 (0x000c43b3) x 7 0x00000000
core   0: 0x80001194 (0x8b23ba13) sltiu   s4, t2, -1870
core   0: 3 0x80001194 (0x8b23ba13) x20 0x00000001
core   0: 0x80001198 (0x017e5a93) srli    s5, t3, 23
core   0: 3 0x80001198 (0x017e5a93) x21 0x00000000
core   0: 0x8000119c (0x1c073693) sltiu   a3, a4, 448
core   0: 3 0x8000119c (0x1c073693) x13 0x00000000
core   0: 0x800011a0 (0x7063ab93) slti    s7, t2, 1798
core   0: 3 0x800011a0 (0x7063ab93) x23 0x00000001
core   0: 0x800011a4 (0x75330a93) addi    s5, t1, 1875
core   0: 3 0x800011a4 (0x75330a93) x21 0x00000753
core   0: 0x800011a8 (0xf78db913) sltiu   s2, s11, -136
core   0: 3 0x800011a8 (0xf78db913) x18 0x00000001
core   0: 0x800011ac (0x00f12d33) slt     s10, sp, a5
core   0: 3 0x800011ac (0x00f12d33) x26 0x00000001
core   0: 0x800011b0 (0xe4704a13) xori    s4, zero, -441
core   0: 3 0x800011b0 (0xe4704a13) x20 0xfffffe47
core   0: 0x800011b4 (0x2ace3613) sltiu   a2, t3, 684
core   0: 3 0x800011b4 (0x2ace3613) x12 0x00000001
core   0: 0x800011b8 (0x020deab3) rem     s5, s11, zero
core   0: 3 0x800011b8 (0x020deab3) x21 0x00000000
core   0: 0x800011bc (0x0123de33) srl     t3, t2, s2
core   0: 3 0x800011bc (0x0123de33) x28 0x00000000
core   0: 0x800011c0 (0x03471ab3) mulh    s5, a4, s4
core   0: 3 0x800011c0 (0x03471ab3) x21 0x000000dc
core   0: 0x800011c4 (0x40826b13) ori     s6, tp, 1032
core   0: 3 0x800011c4 (0x40826b13) x22 0x00000408
core   0: 0x800011c8 (0xa7c6d0b7) lui     ra, 0xa7c6d
core   0: 3 0x800011c8 (0xa7c6d0b7) x 1 0xa7c6d000
core   0: 0x800011cc (0x02c21c33) mulh    s8, tp, a2
core   0: 3 0x800011cc (0x02c21c33) x24 0x00000000
core   0: 0x800011d0 (0x023174b3) remu    s1, sp, gp
core   0: 3 0x800011d0 (0x023174b3) x 9 0x00000000
core   0: 0x800011d4 (0x81794817) auipc   a6, 0x81794
core   0: 3 0x800011d4 (0x81794817) x16 0x017951d4
core   0: 0x800011d8 (0x29bfc093) xori    ra, t6, 667
core   0: 3 0x800011d8 (0x29bfc093) x 1 0x000001a9
core   0: 0x800011dc (0x41f251b3) sra     gp, tp, t6
core   0: 3 0x800011dc (0x41f251b3) x 3 0x00000000
core   0: 0x800011e0 (0x0036d8b3) srl     a7, a3, gp
core   0: 3 0x800011e0 (0x0036d8b3) x17 0x00000000
core   0: 0x800011e4 (0x02791933) mulh    s2, s2, t2
core   0: 3 0x800011e4 (0x02791933) x18 0x00000000
core   0: 0x800011e8 (0xb86c4f93) xori    t6, s8, -1146
core   0: 3 0x800011e8 (0xb86c4f93) x31 0xfffffb86
core   0: 0x800011ec (0x01805233) srl     tp, zero, s8
core   0: 3 0x800011ec (0x01805233) x 4 0x00000000
core   0: 0x800011f0 (0x01626eb3) or      t4, tp, s6
core   0: 3 0x800011f0 (0x01626eb3) x29 0x00000408
core   0: 0x800011f4 (0x403d8333) sub     t1, s11, gp
core   0: 3 0x800011f4 (0x403d8333) x 6 0x00000000
core   0: 0x800011f8 (0x039525b3) mulhsu  a1, a0, s9
core   0: 3 0x800011f8 (0x039525b3) x11 0x00000000
core   0: 0x800011fc (0x50e87313) andi    t1, a6, 1294
core   0: 3 0x800011fc (0x50e87313) x 6 0x00000104
core   0: 0x80001200 (0x00b39313) slli    t1, t2, 11
core   0: 3 0x80001200 (0x00b39313) x 6 0x00000000
core   0: 0x80001204 (0x038b33b3) mulhu   t2, s6, s8
core   0: 3 0x80001204 (0x038b33b3) x 7 0x00000000
core   0: 0x80001208 (0x5761fd13) andi    s10, gp, 1398
core   0: 3 0x80001208 (0x5761fd13) x26 0x00000000
core   0: 0x8000120c (0x00d6d5b3) srl     a1, a3, a3
core   0: 3 0x8000120c (0x00d6d5b3) x11 0x00000000
core   0: 0x80001210 (0x00603ab3) snez    s5, t1
core   0: 3 0x80001210 (0x00603ab3) x21 0x00000000
core   0: 0x80001214 (0x01444bb3) xor     s7, s0, s4
core   0: 3 0x80001214 (0x01444bb3) x23 0xfffffe47
core   0: 0x80001218 (0x034747b3) div     a5, a4, s4
core   0: 3 0x80001218 (0x034747b3) x15 0x004a4ce3
core   0: 0x8000121c (0x02d73533) mulhu   a0, a4, a3
core   0: 3 0x8000121c (0x02d73533) x10 0x00000000
core   0: 0x80001220 (0x00a39433) sll     s0, t2, a0
core   0: 3 0x80001220 (0x00a39433) x 8 0x00000000
core   0: 0x80001224 (0x1db7a993) slti    s3, a5, 475
core   0: 3 0x80001224 (0x1db7a993) x19 0x00000000
core   0: 0x80001228 (0x41355cb3) sra     s9, a0, s3
core   0: 3 0x80001228 (0x41355cb3) x25 0x00000000
core   0: 0x8000122c (0x40cdd393) srai    t2, s11, 12
core   0: 3 0x8000122c (0x40cdd393) x 7 0x00000000
core   0: 0x80001230 (0x0398dfb3) divu    t6, a7, s9
core   0: 3 0x80001230 (0x0398dfb3) x31 0xffffffff
core   0: 0x80001234 (0x03f5deb3) divu    t4, a1, t6
core   0: 3 0x80001234 (0x03f5deb3) x29 0x00000000
core   0: 0x80001238 (0xb0d2b093) sltiu   ra, t0, -1267
core   0: 3 0x80001238 (0xb0d2b093) x 1 0x00000001
core   0: 0x8000123c (0x00d9e4b3) or      s1, s3, a3
core   0: 3 0x8000123c (0x00d9e4b3) x 9 0x00000000
core   0: 0x80001240 (0x01c20833) add     a6, tp, t3
core   0: 3 0x80001240 (0x01c20833) x16 0x00000000
core   0: 0x80001244 (0x001ac633) xor     a2, s5, ra
core   0: 3 0x80001244 (0x001ac633) x12 0x00000001
core   0: 0x80001248 (0x023b4533) div     a0, s6, gp
core   0: 3 0x80001248 (0x023b4533) x10 0xffffffff
core   0: 0x8000124c (0x009e85b3) add     a1, t4, s1
core   0: 3 0x8000124c (0x009e85b3) x11 0x00000000
core   0: 0x80001250 (0x40dc00b3) sub     ra, s8, a3
core   0: 3 0x80001250 (0x40dc00b3) x 1 0x00000000
core   0: 0x80001254 (0x011621b3) slt     gp, a2, a7
core   0: 3 0x80001254 (0x011621b3) x 3 0x00000000
core   0: 0x80001258 (0x0021df33) srl     t5, gp, sp
core   0: 3 0x80001258 (0x0021df33) x30 0x00000000
core   0: 0x8000125c (0x01dcc7b3) xor     a5, s9, t4
core   0: 3 0x8000125c (0x01dcc7b3) x15 0x00000000
core   0: 0x80001260 (0x02a2fd33) remu    s10, t0, a0
core   0: 3 0x80001260 (0x02a2fd33) x26 0xf6416d2c
core   0: 0x80001264 (0x02393c33) mulhu   s8, s2, gp
core   0: 3 0x80001264 (0x02393c33) x24 0x00000000
core   0: 0x80001268 (0x00a940b3) xor     ra, s2, a0
core   0: 3 0x80001268 (0x00a940b3) x 1 0xffffffff
core   0: 0x8000126c (0x4b5b6813) ori     a6, s6, 1205
core   0: 3 0x8000126c (0x4b5b6813) x16 0x000004bd
core   0: 0x80001270 (0xfde7ce93) xori    t4, a5, -34
core   0: 3 0x80001270 (0xfde7ce93) x29 0xffffffde
core   0: 0x80001274 (0x417903b3) sub     t2, s2, s7
core   0: 3 0x80001274 (0x417903b3) x 7 0x000001b9
core   0: 0x80001278 (0x00e2d8b3) srl     a7, t0, a4
core   0: 3 0x80001278 (0x00e2d8b3) x17 0x0f6416d2
core   0: 0x8000127c (0x002e8a33) add     s4, t4, sp
core   0: 3 0x8000127c (0x002e8a33) x20 0x80014e42
core   0: 0x80001280 (0xd386b913) sltiu   s2, a3, -712
core   0: 3 0x80001280 (0xd386b913) x18 0x00000001
core   0: 0x80001284 (0x02f39ab3) mulh    s5, t2, a5
core   0: 3 0x80001284 (0x02f39ab3) x21 0x00000000
core   0: 0x80001288 (0x02defd33) remu    s10, t4, a3
core   0: 3 0x80001288 (0x02defd33) x26 0xffffffde
core   0: 0x8000128c (0x03e08ab3) mul     s5, ra, t5
core   0: 3 0x8000128c (0x03e08ab3) x21 0x00000000
core   0: 0x80001290 (0xbfd76e13) ori     t3, a4, -1027
core   0: 3 0x80001290 (0xbfd76e13) x28 0xfffffffd
core   0: 0x80001294 (0x17714893) xori    a7, sp, 375
core   0: 3 0x80001294 (0x17714893) x17 0x80014f13
core   0: 0x80001298 (0x03d8f8b3) remu    a7, a7, t4
core   0: 3 0x80001298 (0x03d8f8b3) x17 0x80014f13
core   0: 0x8000129c (0x41198cb3) sub     s9, s3, a7
core   0: 3 0x8000129c (0x41198cb3) x25 0x7ffeb0ed
core   0: 0x800012a0 (0x01701c13) slli    s8, zero, 23
core   0: 3 0x800012a0 (0x01701c13) x24 0x00000000
core   0: 0x800012a4 (0x9630a3b7) lui     t2, 0x9630a
core   0: 3 0x800012a4 (0x9630a3b7) x 7 0x9630a000
core   0: 0x800012a8 (0x025975b3) remu    a1, s2, t0
core   0: 3 0x800012a8 (0x025975b3) x11 0x00000001
core   0: 0x800012ac (0x01a91ab3) sll     s5, s2, s10
core   0: 3 0x800012ac (0x01a91ab3) x21 0x40000000
core   0: 0x800012b0 (0x011918b3) sll     a7, s2, a7
core   0: 3 0x800012b0 (0x011918b3) x17 0x00080000
core   0: 0x800012b4 (0x01e316b3) sll     a3, t1, t5
core   0: 3 0x800012b4 (0x01e316b3) x13 0x00000000
core   0: 0x800012b8 (0x020b8e33) mul     t3, s7, zero
core   0: 3 0x800012b8 (0x020b8e33) x28 0x00000000
core   0: 0x800012bc (0x021f0b33) mul     s6, t5, ra
core   0: 3 0x800012bc (0x021f0b33) x22 0x00000000
core   0: 0x800012c0 (0x01aed033) srl     zero, t4, s10
core   0: 3 0x800012c0 (0x01aed033)
core   0: 0x800012c4 (0x01609b33) sll     s6, ra, s6
core   0: 3 0x800012c4 (0x01609b33) x22 0xffffffff
core   0: 0x800012c8 (0x01dd81b3) add     gp, s11, t4
core   0: 3 0x800012c8 (0x01dd81b3) x 3 0xffffffde
core   0: 0x800012cc (0x036160b3) rem     ra, sp, s6
core   0: 3 0x800012cc (0x036160b3) x 1 0x00000000
core   0: 0x800012d0 (0x017513b3) sll     t2, a0, s7
core   0: 3 0x800012d0 (0x017513b3) x 7 0xffffff80
core   0: 0x800012d4 (0x01802bb3) slt     s7, zero, s8
core   0: 3 0x800012d4 (0x01802bb3) x23 0x00000000
core   0: 0x800012d8 (0x80b5a593) slti    a1, a1, -2037
core   0: 3 0x800012d8 (0x80b5a593) x11 0x00000000
core   0: 0x800012dc (0x5014f313) andi    t1, s1, 1281
core   0: 3 0x800012dc (0x5014f313) x 6 0x00000000
core   0: 0x800012e0 (0x0395ccb3) div     s9, a1, s9
core   0: 3 0x800012e0 (0x0395ccb3) x25 0x00000000
core   0: 0x800012e4 (0x4191d613) srai    a2, gp, 25
core   0: 3 0x800012e4 (0x4191d613) x12 0xffffffff
core   0: 0x800012e8 (0x02a47533) remu    a0, s0, a0
core   0: 3 0x800012e8 (0x02a47533) x10 0x00000000
core   0: 0x800012ec (0x019fd033) srl     zero, t6, s9
core   0: 3 0x800012ec (0x019fd033)
core   0: 0x800012f0 (0xce8c3493) sltiu   s1, s8, -792
core   0: 3 0x800012f0 (0xce8c3493) x 9 0x00000001
core   0: 0x800012f4 (0x018040b3) xor     ra, zero, s8
core   0: 3 0x800012f4 (0x018040b3) x 1 0x00000000
core   0: 0x800012f8 (0x002c37b3) sltu    a5, s8, sp
core   0: 3 0x800012f8 (0x002c37b3) x15 0x00000001
core   0: 0x800012fc (0x02a2eab3) rem     s5, t0, a0
core   0: 3 0x800012fc (0x02a2eab3) x21 0xf6416d2c
core   0: 0x80001300 (0x297c2093) slti    ra, s8, 663
core   0: 3 0x80001300 (0x297c2093) x 1 0x00000001
core   0: 0x80001304 (0x010d7db3) and     s11, s10, a6
core   0: 3 0x80001304 (0x010d7db3) x27 0x0000049c
core   0: 0x80001308 (0x02b3afb3) mulhsu  t6, t2, a1
core   0: 3 0x80001308 (0x02b3afb3) x31 0x00000000
core   0: 0x8000130c (0x02890db3) mul     s11, s2, s0
core   0: 3 0x8000130c (0x02890db3) x27 0x00000000
core   0: 0x80001310 (0x031fdf33) divu    t5, t6, a7
core   0: 3 0x80001310 (0x031fdf33) x30 0x00000000
core   0: 0x80001314 (0x00fc9493) slli    s1, s9, 15
core   0: 3 0x80001314 (0x00fc9493) x 9 0x00000000
core   0: 0x80001318 (0x0247ceb3) div     t4, a5, tp
core   0: 3 0x80001318 (0x0247ceb3) x29 0xffffffff
core   0: 0x8000131c (0x03354bb3) div     s7, a0, s3
core   0: 3 0x8000131c (0x03354bb3) x23 0xffffffff
core   0: 0x80001320 (0x01809e93) slli    t4, ra, 24
core   0: 3 0x80001320 (0x01809e93) x29 0x01000000
core   0: 0x80001324 (0x0348a9b3) mulhsu  s3, a7, s4
core   0: 3 0x80001324 (0x0348a9b3) x19 0x0004000a
core   0: 0x80001328 (0x40ac5eb3) sra     t4, s8, a0
core   0: 3 0x80001328 (0x40ac5eb3) x29 0x00000000
core   0: 0x8000132c (0x03fbdd33) divu    s10, s7, t6
core   0: 3 0x8000132c (0x03fbdd33) x26 0xffffffff
core   0: 0x80001330 (0x00e79033) sll     zero, a5, a4
core   0: 3 0x80001330 (0x00e79033)
core   0: 0x80001334 (0x02cd58b3) divu    a7, s10, a2
core   0: 3 0x80001334 (0x02cd58b3) x17 0x00000001
core   0: 0x80001338 (0x409ad793) srai    a5, s5, 9
core   0: 3 0x80001338 (0x409ad793) x15 0xfffb20b6
core   0: 0x8000133c (0x568cca13) xori    s4, s9, 1384
core   0: 3 0x8000133c (0x568cca13) x20 0x00000568
core   0: 0x80001340 (0x038b45b3) div     a1, s6, s8
core   0: 3 0x80001340 (0x038b45b3) x11 0xffffffff
core   0: 0x80001344 (0x036d5fb3) divu    t6, s10, s6
core   0: 3 0x80001344 (0x036d5fb3) x31 0x00000001
core   0: 0x80001348 (0x55c45637) lui     a2, 0x55c45
core   0: 3 0x80001348 (0x55c45637) x12 0x55c45000
core   0: 0x8000134c (0x02404233) div     tp, zero, tp
core   0: 3 0x8000134c (0x02404233) x 4 0xffffffff
core   0: 0x80001350 (0x41f655b3) sra     a1, a2, t6
core   0: 3 0x80001350 (0x41f655b3) x11 0x2ae22800
core   0: 0x80001354 (0x01405793) srli    a5, zero, 20
core   0: 3 0x80001354 (0x01405793) x15 0x00000000
core   0: 0x80001358 (0x51d86013) ori     zero, a6, 1309
core   0: 3 0x80001358 (0x51d86013)
core   0: 0x8000135c (0x02b10eb3) mul     t4, sp, a1
core   0: 3 0x8000135c (0x02b10eb3) x29 0xd087a000
core   0: 0x80001360 (0x6b45e493) ori     s1, a1, 1716
core   0: 3 0x80001360 (0x6b45e493) x 9 0x2ae22eb4
core   0: 0x80001364 (0x017ee933) or      s2, t4, s7
core   0: 3 0x80001364 (0x017ee933) x18 0xffffffff
core   0: 0x80001368 (0x1317b693) sltiu   a3, a5, 305
core   0: 3 0x80001368 (0x1317b693) x13 0x00000001
core   0: 0x8000136c (0x40b3d1b3) sra     gp, t2, a1
core   0: 3 0x8000136c (0x40b3d1b3) x 3 0xffffff80
core   0: 0x80001370 (0x01d26633) or      a2, tp, t4
core   0: 3 0x80001370 (0x01d26633) x12 0xffffffff
core   0: 0x80001374 (0x035ad433) divu    s0, s5, s5
core   0: 3 0x80001374 (0x035ad433) x 8 0x00000001
core   0: 0x80001378 (0x20d40493) addi    s1, s0, 525
core   0: 3 0x80001378 (0x20d40493) x 9 0x0000020e
core   0: 0x8000137c (0x01e31c93) slli    s9, t1, 30
core   0: 3 0x8000137c (0x01e31c93) x25 0x00000000
core   0: 0x80001380 (0x03d95833) divu    a6, s2, t4
core   0: 3 0x80001380 (0x03d95833) x16 0x00000001
core   0: 0x80001384 (0xef3f2a93) slti    s5, t5, -269
core   0: 3 0x80001384 (0xef3f2a93) x21 0x00000000
core   0: 0x80001388 (0x0142d1b3) srl     gp, t0, s4
core   0: 3 0x80001388 (0x0142d1b3) x 3 0x00f6416d
core   0: 0x8000138c (0x8b8ef513) andi    a0, t4, -1864
core   0: 3 0x8000138c (0x8b8ef513) x10 0xd087a000
core   0: 0x80001390 (0x90ffa437) lui     s0, 0x90ffa
core   0: 3 0x80001390 (0x90ffa437) x 8 0x90ffa000
core   0: 0x80001394 (0x009393b3) sll     t2, t2, s1
core   0: 3 0x80001394 (0x009393b3) x 7 0xffe00000
core   0: 0x80001398 (0x007c9613) slli    a2, s9, 7
core   0: 3 0x80001398 (0x007c9613) x12 0x00000000
core   0: 0x8000139c (0xfdbf6913) ori     s2, t5, -37
core   0: 3 0x8000139c (0xfdbf6913) x18 0xffffffdb
core   0: 0x800013a0 (0x03072533) mulhsu  a0, a4, a6
core   0: 3 0x800013a0 (0x03072533) x10 0xffffffff
core   0: 0x800013a4 (0x03105933) divu    s2, zero, a7
core   0: 3 0x800013a4 (0x03105933) x18 0x00000000
core   0: 0x800013a8 (0x01eb77b3) and     a5, s6, t5
core   0: 3 0x800013a8 (0x01eb77b3) x15 0x00000000
core   0: 0x800013ac (0x00da5cb3) srl     s9, s4, a3
core   0: 3 0x800013ac (0x00da5cb3) x25 0x000002b4
core   0: 0x800013b0 (0x41010433) sub     s0, sp, a6
core   0: 3 0x800013b0 (0x41010433) x 8 0x80014e63
core   0: 0x800013b4 (0x01ead333) srl     t1, s5, t5
core   0: 3 0x800013b4 (0x01ead333) x 6 0x00000000
core   0: 0x800013b8 (0x0078b5b3) sltu    a1, a7, t2
core   0: 3 0x800013b8 (0x0078b5b3) x11 0x00000001
core   0: 0x800013bc (0x7568b193) sltiu   gp, a7, 1878
core   0: 3 0x800013bc (0x7568b193) x 3 0x00000001
core   0: 0x800013c0 (0x013f1893) slli    a7, t5, 19
core   0: 3 0x800013c0 (0x013f1893) x17 0x00000000
core   0: 0x800013c4 (0x023d1cb3) mulh    s9, s10, gp
core   0: 3 0x800013c4 (0x023d1cb3) x25 0xffffffff
core   0: 0x800013c8 (0x41910bb3) sub     s7, sp, s9
core   0: 3 0x800013c8 (0x41910bb3) x23 0x80014e65
core   0: 0x800013cc (0x40f3d313) srai    t1, t2, 15
core   0: 3 0x800013cc (0x40f3d313) x 6 0xffffffc0
core   0: 0x800013d0 (0xbc67be13) sltiu   t3, a5, -1082
core   0: 3 0x800013d0 (0xbc67be13) x28 0x00000001
core   0: 0x800013d4 (0x00791013) slli    zero, s2, 7
core   0: 3 0x800013d4 (0x00791013)
core   0: 0x800013d8 (0x0298b3b3) mulhu   t2, a7, s1
core   0: 3 0x800013d8 (0x0298b3b3) x 7 0x00000000
core   0: 0x800013dc (0x4016d793) srai    a5, a3, 1
core   0: 3 0x800013dc (0x4016d793) x15 0x00000000
core   0: 0x800013e0 (0xa2e77813) andi    a6, a4, -1490
core   0: 3 0x800013e0 (0xa2e77813) x16 0x80018824
core   0: 0x800013e4 (0x1864ae13) slti    t3, s1, 390
core   0: 3 0x800013e4 (0x1864ae13) x28 0x00000000
core   0: 0x800013e8 (0x0020bb33) sltu    s6, ra, sp
core   0: 3 0x800013e8 (0x0020bb33) x22 0x00000001
core   0: 0x800013ec (0x00ac2eb3) slt     t4, s8, a0
core   0: 3 0x800013ec (0x00ac2eb3) x29 0x00000000
core   0: 0x800013f0 (0x00946ab3) or      s5, s0, s1
core   0: 3 0x800013f0 (0x00946ab3) x21 0x80014e6f
core   0: 0x800013f4 (0x430eb393) sltiu   t2, t4, 1072
core   0: 3 0x800013f4 (0x430eb393) x 7 0x00000001
core   0: 0x800013f8 (0x027735b3) mulhu   a1, a4, t2
core   0: 3 0x800013f8 (0x027735b3) x11 0x00000000
core   0: 0x800013fc (0xdaf74c13) xori    s8, a4, -593
core   0: 3 0x800013fc (0xdaf74c13) x24 0x7ffe714b
core   0: 0x80001400 (0x02b54eb3) div     t4, a0, a1
core   0: 3 0x80001400 (0x02b54eb3) x29 0xffffffff
core   0: 0x80001404 (0x03d1cc33) div     s8, gp, t4
core   0: 3 0x80001404 (0x03d1cc33) x24 0xffffffff
core   0: 0x80001408 (0x004d64b3) or      s1, s10, tp
core   0: 3 0x80001408 (0x004d64b3) x 9 0xffffffff
core   0: 0x8000140c (0x02e86ab3) rem     s5, a6, a4
core   0: 3 0x8000140c (0x02e86ab3) x21 0xfffffb40
core   0: 0x80001410 (0x94fc2317) auipc   t1, 0x94fc2
core   0: 3 0x80001410 (0x94fc2317) x 6 0x14fc3410
core   0: 0x80001414 (0x012a48b3) xor     a7, s4, s2
core   0: 3 0x80001414 (0x012a48b3) x17 0x00000568
core   0: 0x80001418 (0xb4d10413) addi    s0, sp, -1203
core   0: 3 0x80001418 (0xb4d10413) x 8 0x800149b1
core   0: 0x8000141c (0x6088be93) sltiu   t4, a7, 1544
core   0: 3 0x8000141c (0x6088be93) x29 0x00000001
core   0: 0x80001420 (0x007d1a33) sll     s4, s10, t2
core   0: 3 0x80001420 (0x007d1a33) x20 0xfffffffe
core   0: 0x80001424 (0x01ce9233) sll     tp, t4, t3
core   0: 3 0x80001424 (0x01ce9233) x 4 0x00000001
core   0: 0x80001428 (0x01325c13) srli    s8, tp, 19
core   0: 3 0x80001428 (0x01325c13) x24 0x00000000
core   0: 0x8000142c (0x0087ab33) slt     s6, a5, s0
core   0: 3 0x8000142c (0x0087ab33) x22 0x00000000
core   0: 0x80001430 (0x403e5313) srai    t1, t3, 3
core   0: 3 0x80001430 (0x403e5313) x 6 0x00000000
core   0: 0x80001434 (0x026a4f33) div     t5, s4, t1
core   0: 3 0x80001434 (0x026a4f33) x30 0xffffffff
core   0: 0x80001438 (0x01fa2033) slt     zero, s4, t6
core   0: 3 0x80001438 (0x01fa2033)
core   0: 0x8000143c (0x00000013) nop
core   0: 3 0x8000143c (0x00000013)
core   0: 0x80001440 (0x03ab6533) rem     a0, s6, s10
core   0: 3 0x80001440 (0x03ab6533) x10 0x00000000
core   0: 0x80001444 (0x0a5ccf93) xori    t6, s9, 165
core   0: 3 0x80001444 (0x0a5ccf93) x31 0xffffff5a
core   0: 0x80001448 (0x01763833) sltu    a6, a2, s7
core   0: 3 0x80001448 (0x01763833) x16 0x00000001
core   0: 0x8000144c (0x81203a93) sltiu   s5, zero, -2030
core   0: 3 0x8000144c (0x81203a93) x21 0x00000001
core   0: 0x80001450 (0x01d6a7b3) slt     a5, a3, t4
core   0: 3 0x80001450 (0x01d6a7b3) x15 0x00000000
core   0: 0x80001454 (0x00003333) snez    t1, zero
core   0: 3 0x80001454 (0x00003333) x 6 0x00000000
core   0: 0x80001458 (0x00000013) nop
core   0: 3 0x80001458 (0x00000013)
core   0: 0x8000145c (0x009fdcb3) srl     s9, t6, s1
core   0: 3 0x8000145c (0x009fdcb3) x25 0x00000001
core   0: 0x80001460 (0x97032d13) slti    s10, t1, -1680
core   0: 3 0x80001460 (0x97032d13) x26 0x00000000
core   0: 0x80001464 (0x002b5b93) srli    s7, s6, 2
core   0: 3 0x80001464 (0x002b5b93) x23 0x00000000
core   0: 0x80001468 (0x011c1f33) sll     t5, s8, a7
core   0: 3 0x80001468 (0x011c1f33) x30 0x00000000
core   0: 0x8000146c (0x0091be33) sltu    t3, gp, s1
core   0: 3 0x8000146c (0x0091be33) x28 0x00000001
core   0: 0x80001470 (0xbbb2a493) slti    s1, t0, -1093
core   0: 3 0x80001470 (0xbbb2a493) x 9 0x00000001
core   0: 0x80001474 (0x030f89b3) mul     s3, t6, a6
core   0: 3 0x80001474 (0x030f89b3) x19 0xffffff5a
core   0: 0x80001478 (0x019b18b3) sll     a7, s6, s9
core   0: 3 0x80001478 (0x019b18b3) x17 0x00000000
core   0: 0x8000147c (0x00702833) slt     a6, zero, t2
core   0: 3 0x8000147c (0x00702833) x16 0x00000001
core   0: 0x80001480 (0xb61fae93) slti    t4, t6, -1183
core   0: 3 0x80001480 (0xb61fae93) x29 0x00000000
core   0: 0x80001484 (0x419b0f33) sub     t5, s6, s9
core   0: 3 0x80001484 (0x419b0f33) x30 0xffffffff
core   0: 0x80001488 (0x6f910d93) addi    s11, sp, 1785
core   0: 3 0x80001488 (0x6f910d93) x27 0x8001555d
core   0: 0x8000148c (0x2b1cc593) xori    a1, s9, 689
core   0: 3 0x8000148c (0x2b1cc593) x11 0x000002b0
core   0: 0x80001490 (0xf8a5f313) andi    t1, a1, -118
core   0: 3 0x80001490 (0xf8a5f313) x 6 0x00000280
core   0: 0x80001494 (0x01d035b3) snez    a1, t4
core   0: 3 0x80001494 (0x01d035b3) x11 0x00000000
core   0: 0x80001498 (0x02a173b3) remu    t2, sp, a0
core   0: 3 0x80001498 (0x02a173b3) x 7 0x80014e64
core   0: 0x8000149c (0x0234e0b3) rem     ra, s1, gp
core   0: 3 0x8000149c (0x0234e0b3) x 1 0x00000000
core   0: 0x800014a0 (0x00099e33) sll     t3, s3, zero
core   0: 3 0x800014a0 (0x00099e33) x28 0xffffff5a
core   0: 0x800014a4 (0xc5ed4b93) xori    s7, s10, -930
core   0: 3 0x800014a4 (0xc5ed4b93) x23 0xfffffc5e
core   0: 0x800014a8 (0x00aeff33) and     t5, t4, a0
core   0: 3 0x800014a8 (0x00aeff33) x30 0x00000000
core   0: 0x800014ac (0x029f4033) div     zero, t5, s1
core   0: 3 0x800014ac (0x029f4033)
core   0: 0x800014b0 (0x40d5dcb3) sra     s9, a1, a3
core   0: 3 0x800014b0 (0x40d5dcb3) x25 0x00000000
core   0: 0x800014b4 (0x0115eb33) or      s6, a1, a7
core   0: 3 0x800014b4 (0x0115eb33) x22 0x00000000
core   0: 0x800014b8 (0x0303efb3) rem     t6, t2, a6
core   0: 3 0x800014b8 (0x0303efb3) x31 0x00000000
core   0: 0x800014bc (0x00cb88b3) add     a7, s7, a2
core   0: 3 0x800014bc (0x00cb88b3) x17 0xfffffc5e
core   0: 0x800014c0 (0x0259bc33) mulhu   s8, s3, t0
core   0: 3 0x800014c0 (0x0259bc33) x24 0xf6416c8c
core   0: 0x800014c4 (0x03e019b3) mulh    s3, zero, t5
core   0: 3 0x800014c4 (0x03e019b3) x19 0x00000000
core   0: 0x800014c8 (0x324ca513) slti    a0, s9, 804
core   0: 3 0x800014c8 (0x324ca513) x10 0x00000001
core   0: 0x800014cc (0x66caf693) andi    a3, s5, 1644
core   0: 3 0x800014cc (0x66caf693) x13 0x00000000
core   0: 0x800014d0 (0x01189593) slli    a1, a7, 17
core   0: 3 0x800014d0 (0x01189593) x11 0xf8bc0000
core   0: 0x800014d4 (0x00000013) nop
core   0: 3 0x800014d4 (0x00000013)
core   0: 0x800014d8 (0x412480b3) sub     ra, s1, s2
core   0: 3 0x800014d8 (0x412480b3) x 1 0x00000001
core   0: 0x800014dc (0x0256c1b3) div     gp, a3, t0
core   0: 3 0x800014dc (0x0256c1b3) x 3 0x00000000
core   0: 0x800014e0 (0xf414e897) auipc   a7, 0xf414e
core   0: 3 0x800014e0 (0xf414e897) x17 0x7414f4e0
core   0: 0x800014e4 (0x00d0dd93) srli    s11, ra, 13
core   0: 3 0x800014e4 (0x00d0dd93) x27 0x00000000
core   0: 0x800014e8 (0x029a7cb3) remu    s9, s4, s1
core   0: 3 0x800014e8 (0x029a7cb3) x25 0x00000000
core   0: 0x800014ec (0x039b5eb3) divu    t4, s6, s9
core   0: 3 0x800014ec (0x039b5eb3) x29 0xffffffff
core   0: 0x800014f0 (0x02940ab3) mul     s5, s0, s1
core   0: 3 0x800014f0 (0x02940ab3) x21 0x800149b1
core   0: 0x800014f4 (0x017d99b3) sll     s3, s11, s7
core   0: 3 0x800014f4 (0x017d99b3) x19 0x00000000
core   0: 0x800014f8 (0xa2b5e813) ori     a6, a1, -1493
core   0: 3 0x800014f8 (0xa2b5e813) x16 0xfffffa2b
core   0: 0x800014fc (0x0139de93) srli    t4, s3, 19
core   0: 3 0x800014fc (0x0139de93) x29 0x00000000
core   0: 0x80001500 (0x02215d33) divu    s10, sp, sp
core   0: 3 0x80001500 (0x02215d33) x26 0x00000001
core   0: 0x80001504 (0xbd650e13) addi    t3, a0, -1066
core   0: 3 0x80001504 (0xbd650e13) x28 0xfffffbd7
core   0: 0x80001508 (0xa44b7393) andi    t2, s6, -1468
core   0: 3 0x80001508 (0xa44b7393) x 7 0x00000000
core   0: 0x8000150c (0x00000013) nop
core   0: 3 0x8000150c (0x00000013)
core   0: 0x80001510 (0x013e00b3) add     ra, t3, s3
core   0: 3 0x80001510 (0x013e00b3) x 1 0xfffffbd7
core   0: 0x80001514 (0x03e581b3) mul     gp, a1, t5
core   0: 3 0x80001514 (0x03e581b3) x 3 0x00000000
core   0: 0x80001518 (0x03de2433) mulhsu  s0, t3, t4
core   0: 3 0x80001518 (0x03de2433) x 8 0x00000000
core   0: 0x8000151c (0x02b8e033) rem     zero, a7, a1
core   0: 3 0x8000151c (0x02b8e033)
core   0: 0x80001520 (0x0219dd33) divu    s10, s3, ra
core   0: 3 0x80001520 (0x0219dd33) x26 0x00000000
core   0: 0x80001524 (0x00000013) nop
core   0: 3 0x80001524 (0x00000013)
core   0: 0x80001528 (0x03eed433) divu    s0, t4, t5
core   0: 3 0x80001528 (0x03eed433) x 8 0xffffffff
core   0: 0x8000152c (0x01f5ebb3) or      s7, a1, t6
core   0: 3 0x8000152c (0x01f5ebb3) x23 0xf8bc0000
core   0: 0x80001530 (0x02b44cb3) div     s9, s0, a1
core   0: 3 0x80001530 (0x02b44cb3) x25 0x00000000
core   0: 0x80001534 (0x00bc5f13) srli    t5, s8, 11
core   0: 3 0x80001534 (0x00bc5f13) x30 0x001ec82d
core   0: 0x80001538 (0x401308b3) sub     a7, t1, ra
core   0: 3 0x80001538 (0x401308b3) x17 0x000006a9
core   0: 0x8000153c (0x020377b3) remu    a5, t1, zero
core   0: 3 0x8000153c (0x020377b3) x15 0x00000280
core   0: 0x80001540 (0x03f69f33) mulh    t5, a3, t6
core   0: 3 0x80001540 (0x03f69f33) x30 0x00000000
core   0: 0x80001544 (0x406b5913) srai    s2, s6, 6
core   0: 3 0x80001544 (0x406b5913) x18 0x00000000
core   0: 0x80001548 (0x429d4313) xori    t1, s10, 1065
core   0: 3 0x80001548 (0x429d4313) x 6 0x00000429
core   0: 0x8000154c (0x4ca10f93) addi    t6, sp, 1226
core   0: 3 0x8000154c (0x4ca10f93) x31 0x8001532e
core   0: 0x80001550 (0xbabcc613) xori    a2, s9, -1109
core   0: 3 0x80001550 (0xbabcc613) x12 0xfffffbab
core   0: 0x80001554 (0xda0ea613) slti    a2, t4, -608
core   0: 3 0x80001554 (0xda0ea613) x12 0x00000000
core   0: 0x80001558 (0x00b0da33) srl     s4, ra, a1
core   0: 3 0x80001558 (0x00b0da33) x20 0xfffffbd7
core   0: 0x8000155c (0xb2e50537) lui     a0, 0xb2e50
core   0: 3 0x8000155c (0xb2e50537) x10 0xb2e50000
core   0: 0x80001560 (0x59f37993) andi    s3, t1, 1439
core   0: 3 0x80001560 (0x59f37993) x19 0x00000409
core   0: 0x80001564 (0x40590033) sub     zero, s2, t0
core   0: 3 0x80001564 (0x40590033)
core   0: 0x80001568 (0x401c5033) sra     zero, s8, ra
core   0: 3 0x80001568 (0x401c5033)
core   0: 0x8000156c (0x011007b3) add     a5, zero, a7
core   0: 3 0x8000156c (0x011007b3) x15 0x000006a9
core   0: 0x80001570 (0x41f60a33) sub     s4, a2, t6
core   0: 3 0x80001570 (0x41f60a33) x20 0x7ffeacd2
core   0: 0x80001574 (0x41b98433) sub     s0, s3, s11
core   0: 3 0x80001574 (0x41b98433) x 8 0x00000409
core   0: 0x80001578 (0x03a5ce33) div     t3, a1, s10
core   0: 3 0x80001578 (0x03a5ce33) x28 0xffffffff
core   0: 0x8000157c (0x005a3db3) sltu    s11, s4, t0
core   0: 3 0x8000157c (0x005a3db3) x27 0x00000001
core   0: 0x80001580 (0x00490db3) add     s11, s2, tp
core   0: 3 0x80001580 (0x00490db3) x27 0x00000001
core   0: 0x80001584 (0x0255d833) divu    a6, a1, t0
core   0: 3 0x80001584 (0x0255d833) x16 0x00000001
core   0: 0x80001588 (0x000fc6b3) xor     a3, t6, zero
core   0: 3 0x80001588 (0x000fc6b3) x13 0x8001532e
core   0: 0x8000158c (0x6a008013) addi    zero, ra, 1696
core   0: 3 0x8000158c (0x6a008013)
core   0: 0x80001590 (0x00653933) sltu    s2, a0, t1
core   0: 3 0x80001590 (0x00653933) x18 0x00000000
core   0: 0x80001594 (0x00000013) nop
core   0: 3 0x80001594 (0x00000013)
core   0: 0x80001598 (0x40ffdb93) srai    s7, t6, 15
core   0: 3 0x80001598 (0x40ffdb93) x23 0xffff0002
core   0: 0x8000159c (0x89b93813) sltiu   a6, s2, -1893
core   0: 3 0x8000159c (0x89b93813) x16 0x00000001
core   0: 0x800015a0 (0x03ddf333) remu    t1, s11, t4
core   0: 3 0x800015a0 (0x03ddf333) x 6 0x00000001
core   0: 0x800015a4 (0x7b84e813) ori     a6, s1, 1976
core   0: 3 0x800015a4 (0x7b84e813) x16 0x000007b9
core   0: 0x800015a8 (0x03fd2c33) mulhsu  s8, s10, t6
core   0: 3 0x800015a8 (0x03fd2c33) x24 0x00000000
core   0: 0x800015ac (0x02b7a1b3) mulhsu  gp, a5, a1
core   0: 3 0x800015ac (0x02b7a1b3) x 3 0x00000678
core   0: 0x800015b0 (0x00518d33) add     s10, gp, t0
core   0: 3 0x800015b0 (0x00518d33) x26 0xf64173a4
core   0: 0x800015b4 (0x03a1e4b3) rem     s1, gp, s10
core   0: 3 0x800015b4 (0x03a1e4b3) x 9 0x00000678
core   0: 0x800015b8 (0x018a6cb3) or      s9, s4, s8
core   0: 3 0x800015b8 (0x018a6cb3) x25 0x7ffeacd2
core   0: 0x800015bc (0x033c8c33) mul     s8, s9, s3
core   0: 3 0x800015bc (0x033c8c33) x24 0x7aa75b62
core   0: 0x800015c0 (0x8a7de213) ori     tp, s11, -1881
core   0: 3 0x800015c0 (0x8a7de213) x 4 0xfffff8a7
core   0: 0x800015c4 (0x0088c333) xor     t1, a7, s0
core   0: 3 0x800015c4 (0x0088c333) x 6 0x000002a0
core   0: 0x800015c8 (0x02bc30b3) mulhu   ra, s8, a1
core   0: 3 0x800015c8 (0x02bc30b3) x 1 0x772c336e
core   0: 0x800015cc (0x019c46b3) xor     a3, s8, s9
core   0: 3 0x800015cc (0x019c46b3) x13 0x0559f7b0
core   0: 0x800015d0 (0x0301e033) rem     zero, gp, a6
core   0: 3 0x800015d0 (0x0301e033)
core   0: 0x800015d4 (0x0254cd33) div     s10, s1, t0
core   0: 3 0x800015d4 (0x0254cd33) x26 0x00000000
core   0: 0x800015d8 (0x03d17533) remu    a0, sp, t4
core   0: 3 0x800015d8 (0x03d17533) x10 0x80014e64
core   0: 0x800015dc (0x1c268913) addi    s2, a3, 450
core   0: 3 0x800015dc (0x1c268913) x18 0x0559f972
core   0: 0x800015e0 (0x039a8c33) mul     s8, s5, s9
core   0: 3 0x800015e0 (0x039a8c33) x24 0xcb2f5f32
core   0: 0x800015e4 (0x011edf33) srl     t5, t4, a7
core   0: 3 0x800015e4 (0x011edf33) x30 0x00000000
core   0: 0x800015e8 (0x00f3d393) srli    t2, t2, 15
core   0: 3 0x800015e8 (0x00f3d393) x 7 0x00000000
core   0: 0x800015ec (0x7fd4cd93) xori    s11, s1, 2045
core   0: 3 0x800015ec (0x7fd4cd93) x27 0x00000185
core   0: 0x800015f0 (0x4189de33) sra     t3, s3, s8
core   0: 3 0x800015f0 (0x4189de33) x28 0x00000000
core   0: 0x800015f4 (0x89a63e17) auipc   t3, 0x89a63
core   0: 3 0x800015f4 (0x89a63e17) x28 0x09a645f4
core   0: 0x800015f8 (0x00000013) nop
core   0: 3 0x800015f8 (0x00000013)
core   0: 0x800015fc (0x001a0cb3) add     s9, s4, ra
core   0: 3 0x800015fc (0x001a0cb3) x25 0xf72ae040
core   0: 0x80001600 (0x039dfb33) remu    s6, s11, s9
core   0: 3 0x80001600 (0x039dfb33) x22 0x00000185
core   0: 0x80001604 (0x0cbebb17) auipc   s6, 0xcbeb
core   0: 3 0x80001604 (0x0cbebb17) x22 0x8cbec604
core   0: 0x80001608 (0x019191b3) sll     gp, gp, s9
core   0: 3 0x80001608 (0x019191b3) x 3 0x00000678
core   0: 0x8000160c (0x0042d513) srli    a0, t0, 4
core   0: 3 0x8000160c (0x0042d513) x10 0x0f6416d2
core   0: 0x80001610 (0x003d9933) sll     s2, s11, gp
core   0: 3 0x80001610 (0x003d9933) x18 0x85000000
core   0: 0x80001614 (0x0198d013) srli    zero, a7, 25
core   0: 3 0x80001614 (0x0198d013)
core   0: 0x80001618 (0xfd9ba193) slti    gp, s7, -39
core   0: 3 0x80001618 (0xfd9ba193) x 3 0x00000001
core   0: 0x8000161c (0x01e325b3) slt     a1, t1, t5
core   0: 3 0x8000161c (0x01e325b3) x11 0x00000000
core   0: 0x80001620 (0x900c2393) slti    t2, s8, -1792
core   0: 3 0x80001620 (0x900c2393) x 7 0x00000001
core   0: 0x80001624 (0xbd243893) sltiu   a7, s0, -1070
core   0: 3 0x80001624 (0xbd243893) x17 0x00000001
core   0: 0x80001628 (0x31db2613) slti    a2, s6, 797
core   0: 3 0x80001628 (0x31db2613) x12 0x00000001
core   0: 0x8000162c (0x09159a97) auipc   s5, 0x9159
core   0: 3 0x8000162c (0x09159a97) x21 0x8915a62c
core   0: 0x80001630 (0x3ba2bc13) sltiu   s8, t0, 954
core   0: 3 0x80001630 (0x3ba2bc13) x24 0x00000000
core   0: 0x80001634 (0x22dd7e93) andi    t4, s10, 557
core   0: 3 0x80001634 (0x22dd7e93) x29 0x00000000
core   0: 0x80001638 (0x02c4cdb3) div     s11, s1, a2
core   0: 3 0x80001638 (0x02c4cdb3) x27 0x00000678
core   0: 0x8000163c (0x02e507b3) mul     a5, a0, a4
core   0: 3 0x8000163c (0x02e507b3) x15 0x88712b08
core   0: 0x80001640 (0x01689c33) sll     s8, a7, s6
core   0: 3 0x80001640 (0x01689c33) x24 0x00000010
core   0: 0x80001644 (0x018ed393) srli    t2, t4, 24
core   0: 3 0x80001644 (0x018ed393) x 7 0x00000000
core   0: 0x80001648 (0x00966eb3) or      t4, a2, s1
core   0: 3 0x80001648 (0x00966eb3) x29 0x00000679
core   0: 0x8000164c (0x02b344b3) div     s1, t1, a1
core   0: 3 0x8000164c (0x02b344b3) x 9 0xffffffff
core   0: 0x80001650 (0xb08d1317) auipc   t1, 0xb08d1
core   0: 3 0x80001650 (0xb08d1317) x 6 0x308d2650
core   0: 0x80001654 (0x1a5e3e13) sltiu   t3, t3, 421
core   0: 3 0x80001654 (0x1a5e3e13) x28 0x00000000
core   0: 0x80001658 (0x009729b3) slt     s3, a4, s1
core   0: 3 0x80001658 (0x009729b3) x19 0x00000001
core   0: 0x8000165c (0x022beab3) rem     s5, s7, sp
core   0: 3 0x8000165c (0x022beab3) x21 0xffff0002
core   0: 0x80001660 (0x037044b3) div     s1, zero, s7
core   0: 3 0x80001660 (0x037044b3) x 9 0x00000000
core   0: 0x80001664 (0x0233c0b3) div     ra, t2, gp
core   0: 3 0x80001664 (0x0233c0b3) x 1 0x00000000
core   0: 0x80001668 (0x006e2833) slt     a6, t3, t1
core   0: 3 0x80001668 (0x006e2833) x16 0x00000001
core   0: 0x8000166c (0x445fb693) sltiu   a3, t6, 1093
core   0: 3 0x8000166c (0x445fb693) x13 0x00000000
core   0: 0x80001670 (0x412256b3) sra     a3, tp, s2
core   0: 3 0x80001670 (0x412256b3) x13 0xfffff8a7
core   0: 0x80001674 (0x039a7933) remu    s2, s4, s9
core   0: 3 0x80001674 (0x039a7933) x18 0x7ffeacd2
core   0: 0x80001678 (0x3d075697) auipc   a3, 0x3d075
core   0: 3 0x80001678 (0x3d075697) x13 0xbd076678
core   0: 0x8000167c (0x404285b3) sub     a1, t0, tp
core   0: 3 0x8000167c (0x404285b3) x11 0xf6417485
core   0: 0x80001680 (0x01bdc6b3) xor     a3, s11, s11
core   0: 3 0x80001680 (0x01bdc6b3) x13 0x00000000
core   0: 0x80001684 (0x6066bc13) sltiu   s8, a3, 1542
core   0: 3 0x80001684 (0x6066bc13) x24 0x00000001
core   0: 0x80001688 (0x41390233) sub     tp, s2, s3
core   0: 3 0x80001688 (0x41390233) x 4 0x7ffeacd1
core   0: 0x8000168c (0x0323f833) remu    a6, t2, s2
core   0: 3 0x8000168c (0x0323f833) x16 0x00000000
core   0: 0x80001690 (0x0032d093) srli    ra, t0, 3
core   0: 3 0x80001690 (0x0032d093) x 1 0x1ec82da5
core   0: 0x80001694 (0x03615b33) divu    s6, sp, s6
core   0: 3 0x80001694 (0x03615b33) x22 0x00000000
core   0: 0x80001698 (0x00a490b3) sll     ra, s1, a0
core   0: 3 0x80001698 (0x00a490b3) x 1 0x00000000
core   0: 0x8000169c (0x013c1a33) sll     s4, s8, s3
core   0: 3 0x8000169c (0x013c1a33) x20 0x00000002
core   0: 0x800016a0 (0xcda22d17) auipc   s10, 0xcda22
core   0: 3 0x800016a0 (0xcda22d17) x26 0x4da236a0
core   0: 0x800016a4 (0x01f5b3b3) sltu    t2, a1, t6
core   0: 3 0x800016a4 (0x01f5b3b3) x 7 0x00000000
core   0: 0x800016a8 (0x009a3933) sltu    s2, s4, s1
core   0: 3 0x800016a8 (0x009a3933) x18 0x00000000
core   0: 0x800016ac (0x016860b3) or      ra, a6, s6
core   0: 3 0x800016ac (0x016860b3) x 1 0x00000000
core   0: 0x800016b0 (0x404edd33) sra     s10, t4, tp
core   0: 3 0x800016b0 (0x404edd33) x26 0x00000000
core   0: 0x800016b4 (0x01fc3ab3) sltu    s5, s8, t6
core   0: 3 0x800016b4 (0x01fc3ab3) x21 0x00000001
core   0: 0x800016b8 (0x03caff33) remu    t5, s5, t3
core   0: 3 0x800016b8 (0x03caff33) x30 0x00000001
core   0: 0x800016bc (0x02b11633) mulh    a2, sp, a1
core   0: 3 0x800016bc (0x02b11633) x12 0x04df3903
core   0: 0x800016c0 (0xefae7513) andi    a0, t3, -262
core   0: 3 0x800016c0 (0xefae7513) x10 0x00000000
core   0: 0x800016c4 (0x03295ab3) divu    s5, s2, s2
core   0: 3 0x800016c4 (0x03295ab3) x21 0xffffffff
core   0: 0x800016c8 (0x408e0d33) sub     s10, t3, s0
core   0: 3 0x800016c8 (0x408e0d33) x26 0xfffffbf7
core   0: 0x800016cc (0x26e00213) li      tp, 622
core   0: 3 0x800016cc (0x26e00213) x 4 0x0000026e
core   0: 0x800016d0 (0x41d15ab3) sra     s5, sp, t4
core   0: 3 0x800016d0 (0x41d15ab3) x21 0xffffffc0
core   0: 0x800016d4 (0x008a85b3) add     a1, s5, s0
core   0: 3 0x800016d4 (0x008a85b3) x11 0x000003c9
core   0: 0x800016d8 (0x00ad6c33) or      s8, s10, a0
core   0: 3 0x800016d8 (0x00ad6c33) x24 0xfffffbf7
core   0: 0x800016dc (0x037f5e33) divu    t3, t5, s7
core   0: 3 0x800016dc (0x037f5e33) x28 0x00000000
core   0: 0x800016e0 (0xe0d5db17) auipc   s6, 0xe0d5d
core   0: 3 0x800016e0 (0xe0d5db17) x22 0x60d5e6e0
core   0: 0x800016e4 (0x15eefc13) andi    s8, t4, 350
core   0: 3 0x800016e4 (0x15eefc13) x24 0x00000058
core   0: 0x800016e8 (0x02d0e033) rem     zero, ra, a3
core   0: 3 0x800016e8 (0x02d0e033)
core   0: 0x800016ec (0x03e663b3) rem     t2, a2, t5
core   0: 3 0x800016ec (0x03e663b3) x 7 0x00000000
core   0: 0x800016f0 (0x02ace8b3) rem     a7, s9, a0
core   0: 3 0x800016f0 (0x02ace8b3) x17 0xf72ae040
core   0: 0x800016f4 (0x0288bc33) mulhu   s8, a7, s0
core   0: 3 0x800016f4 (0x0288bc33) x24 0x000003e5
core   0: 0x800016f8 (0x8cee6397) auipc   t2, 0x8cee6
core   0: 3 0x800016f8 (0x8cee6397) x 7 0x0cee76f8
core   0: 0x800016fc (0x033fbcb3) mulhu   s9, t6, s3
core   0: 3 0x800016fc (0x033fbcb3) x25 0x00000000
core   0: 0x80001700 (0x40ad0533) sub     a0, s10, a0
core   0: 3 0x80001700 (0x40ad0533) x10 0xfffffbf7
core   0: 0x80001704 (0x01dc1393) slli    t2, s8, 29
core   0: 3 0x80001704 (0x01dc1393) x 7 0xa0000000
core   0: 0x80001708 (0x003cf833) and     a6, s9, gp
core   0: 3 0x80001708 (0x003cf833) x16 0x00000000
core   0: 0x8000170c (0x1552a893) slti    a7, t0, 341
core   0: 3 0x8000170c (0x1552a893) x17 0x00000001
core   0: 0x80001710 (0x0091e233) or      tp, gp, s1
core   0: 3 0x80001710 (0x0091e233) x 4 0x00000001
core   0: 0x80001714 (0x01d5e1b3) or      gp, a1, t4
core   0: 3 0x80001714 (0x01d5e1b3) x 3 0x000007f9
core   0: 0x80001718 (0x011308b3) add     a7, t1, a7
core   0: 3 0x80001718 (0x011308b3) x17 0x308d2651
core   0: 0x8000171c (0xf37e3893) sltiu   a7, t3, -201
core   0: 3 0x8000171c (0xf37e3893) x17 0x00000001
core   0: 0x80001720 (0x003d07b3) add     a5, s10, gp
core   0: 3 0x80001720 (0x003d07b3) x15 0x000003f0
core   0: 0x80001724 (0x81314e13) xori    t3, sp, -2029
core   0: 3 0x80001724 (0x81314e13) x28 0x7ffeb677
core   0: 0x80001728 (0x41b58bb3) sub     s7, a1, s11
core   0: 3 0x80001728 (0x41b58bb3) x23 0xfffffd51
core   0: 0x8000172c (0x01602eb3) slt     t4, zero, s6
core   0: 3 0x8000172c (0x01602eb3) x29 0x00000001
core   0: 0x80001730 (0x02e6acb3) mulhsu  s9, a3, a4
core   0: 3 0x80001730 (0x02e6acb3) x25 0x00000000
core   0: 0x80001734 (0xc4dbe813) ori     a6, s7, -947
core   0: 3 0x80001734 (0xc4dbe813) x16 0xfffffd5d
core   0: 0x80001738 (0x00000013) nop
core   0: 3 0x80001738 (0x00000013)
core   0: 0x8000173c (0x03bdf333) remu    t1, s11, s11
core   0: 3 0x8000173c (0x03bdf333) x 6 0x00000000
core   0: 0x80001740 (0x6f2cc993) xori    s3, s9, 1778
core   0: 3 0x80001740 (0x6f2cc993) x19 0x000006f2
core   0: 0x80001744 (0x02bbbf13) sltiu   t5, s7, 43
core   0: 3 0x80001744 (0x02bbbf13) x30 0x00000000
core   0: 0x80001748 (0x41734a97) auipc   s5, 0x41734
core   0: 3 0x80001748 (0x41734a97) x21 0xc1735748
core   0: 0x8000174c (0x03228833) mul     a6, t0, s2
core   0: 3 0x8000174c (0x03228833) x16 0x00000000
core   0: 0x80001750 (0x00d238b3) sltu    a7, tp, a3
core   0: 3 0x80001750 (0x00d238b3) x17 0x00000000
core   0: 0x80001754 (0x03da9233) mulh    tp, s5, t4
core   0: 3 0x80001754 (0x03da9233) x 4 0xffffffff
core   0: 0x80001758 (0x0277a0b3) mulhsu  ra, a5, t2
core   0: 3 0x80001758 (0x0277a0b3) x 1 0x00000276
core   0: 0x8000175c (0x81e12b37) lui     s6, 0x81e12
core   0: 3 0x8000175c (0x81e12b37) x22 0x81e12000
core   0: 0x80001760 (0x9e99e213) ori     tp, s3, -1559
core   0: 3 0x80001760 (0x9e99e213) x 4 0xfffffffb
core   0: 0x80001764 (0x01d0aeb3) slt     t4, ra, t4
core   0: 3 0x80001764 (0x01d0aeb3) x29 0x00000000
core   0: 0x80001768 (0x29d48693) addi    a3, s1, 669
core   0: 3 0x80001768 (0x29d48693) x13 0x0000029d
core   0: 0x8000176c (0x00000013) nop
core   0: 3 0x8000176c (0x00000013)
core   0: 0x80001770 (0x8ba84c93) xori    s9, a6, -1862
core   0: 3 0x80001770 (0x8ba84c93) x25 0xfffff8ba
core   0: 0x80001774 (0x03fbb933) mulhu   s2, s7, t6
core   0: 3 0x80001774 (0x03fbb933) x18 0x800151d6
core   0: 0x80001778 (0x6122c893) xori    a7, t0, 1554
core   0: 3 0x80001778 (0x6122c893) x17 0xf6416b3e
core   0: 0x8000177c (0x01bb2f33) slt     t5, s6, s11
core   0: 3 0x8000177c (0x01bb2f33) x30 0x00000001
core   0: 0x80001780 (0x00d59933) sll     s2, a1, a3
core   0: 3 0x80001780 (0x00d59933) x18 0x20000000
core   0: 0x80001784 (0x00ec5d13) srli    s10, s8, 14
core   0: 3 0x80001784 (0x00ec5d13) x26 0x00000000
core   0: 0x80001788 (0x018ff3b3) and     t2, t6, s8
core   0: 3 0x80001788 (0x018ff3b3) x 7 0x00000324
core   0: 0x8000178c (0xd5bbcd13) xori    s10, s7, -677
core   0: 3 0x8000178c (0xd5bbcd13) x26 0x0000000a
core   0: 0x80001790 (0x2ff590b7) lui     ra, 0x2ff59
core   0: 3 0x80001790 (0x2ff590b7) x 1 0x2ff59000
core   0: 0x80001794 (0x036ce8b3) rem     a7, s9, s6
core   0: 3 0x80001794 (0x036ce8b3) x17 0xfffff8ba
core   0: 0x80001798 (0x00e967b3) or      a5, s2, a4
core   0: 3 0x80001798 (0x00e967b3) x15 0xa0018ce4
core   0: 0x8000179c (0x41b25b33) sra     s6, tp, s11
core   0: 3 0x8000179c (0x41b25b33) x22 0xffffffff
core   0: 0x800017a0 (0x00694633) xor     a2, s2, t1
core   0: 3 0x800017a0 (0x00694633) x12 0x20000000
core   0: 0x800017a4 (0x00000013) nop
core   0: 3 0x800017a4 (0x00000013)
core   0: 0x800017a8 (0xb1c0a613) slti    a2, ra, -1252
core   0: 3 0x800017a8 (0xb1c0a613) x12 0x00000000
core   0: 0x800017ac (0x00113533) sltu    a0, sp, ra
core   0: 3 0x800017ac (0x00113533) x10 0x00000000
core   0: 0x800017b0 (0x01c75cb3) srl     s9, a4, t3
core   0: 3 0x800017b0 (0x01c75cb3) x25 0x00000100
core   0: 0x800017b4 (0xb8558f93) addi    t6, a1, -1147
core   0: 3 0x800017b4 (0xb8558f93) x31 0xffffff4e
core   0: 0x800017b8 (0x029b6f33) rem     t5, s6, s1
core   0: 3 0x800017b8 (0x029b6f33) x30 0xffffffff
core   0: 0x800017bc (0x03cc3d33) mulhu   s10, s8, t3
core   0: 3 0x800017bc (0x03cc3d33) x26 0x000001f2
core   0: 0x800017c0 (0x7925b193) sltiu   gp, a1, 1938
core   0: 3 0x800017c0 (0x7925b193) x 3 0x00000001
core   0: 0x800017c4 (0x0162d333) srl     t1, t0, s6
core   0: 3 0x800017c4 (0x0162d333) x 6 0x00000001
core   0: 0x800017c8 (0x5d912213) slti    tp, sp, 1497
core   0: 3 0x800017c8 (0x5d912213) x 4 0x00000001
core   0: 0x800017cc (0x03155bb3) divu    s7, a0, a7
core   0: 3 0x800017cc (0x03155bb3) x23 0x00000000
core   0: 0x800017d0 (0x008df7b3) and     a5, s11, s0
core   0: 3 0x800017d0 (0x008df7b3) x15 0x00000408
core   0: 0x800017d4 (0x004feb33) or      s6, t6, tp
core   0: 3 0x800017d4 (0x004feb33) x22 0xffffff4f
core   0: 0x800017d8 (0x01192e33) slt     t3, s2, a7
core   0: 3 0x800017d8 (0x01192e33) x28 0x00000000
core   0: 0x800017dc (0x0054db93) srli    s7, s1, 5
core   0: 3 0x800017dc (0x0054db93) x23 0x00000000
core   0: 0x800017e0 (0x5742cc93) xori    s9, t0, 1396
core   0: 3 0x800017e0 (0x5742cc93) x25 0xf6416858
core   0: 0x800017e4 (0x01e603b3) add     t2, a2, t5
core   0: 3 0x800017e4 (0x01e603b3) x 7 0xffffffff
core   0: 0x800017e8 (0x028dba33) mulhu   s4, s11, s0
core   0: 3 0x800017e8 (0x028dba33) x20 0x00000000
core   0: 0x800017ec (0x83629d97) auipc   s11, 0x83629
core   0: 3 0x800017ec (0x83629d97) x27 0x0362a7ec
core   0: 0x800017f0 (0x5eec28b7) lui     a7, 0x5eec2
core   0: 3 0x800017f0 (0x5eec28b7) x17 0x5eec2000
core   0: 0x800017f4 (0x2e5aae93) slti    t4, s5, 741
core   0: 3 0x800017f4 (0x2e5aae93) x29 0x00000001
core   0: 0x800017f8 (0xa5767993) andi    s3, a2, -1449
core   0: 3 0x800017f8 (0xa5767993) x19 0x00000000
core   0: 0x800017fc (0x60f1f493) andi    s1, gp, 1551
core   0: 3 0x800017fc (0x60f1f493) x 9 0x00000001
core   0: 0x80001800 (0x002f43b3) xor     t2, t5, sp
core   0: 3 0x80001800 (0x002f43b3) x 7 0x7ffeb19b
core   0: 0x80001804 (0x1f964617) auipc   a2, 0x1f964
core   0: 3 0x80001804 (0x1f964617) x12 0x9f965804
core   0: 0x80001808 (0x81cca813) slti    a6, s9, -2020
core   0: 3 0x80001808 (0x81cca813) x16 0x00000001
core   0: 0x8000180c (0x03fade33) divu    t3, s5, t6
core   0: 3 0x8000180c (0x03fade33) x28 0x00000000
core   0: 0x80001810 (0x01908cb3) add     s9, ra, s9
core   0: 3 0x80001810 (0x01908cb3) x25 0x2636f858
core   0: 0x80001814 (0x020a25b3) mulhsu  a1, s4, zero
core   0: 3 0x80001814 (0x020a25b3) x11 0x00000000
core   0: 0x80001818 (0x01805ab3) srl     s5, zero, s8
core   0: 3 0x80001818 (0x01805ab3) x21 0x00000000
core   0: 0x8000181c (0x00e11413) slli    s0, sp, 14
core   0: 3 0x8000181c (0x00e11413) x 8 0x53990000
core   0: 0x80001820 (0x01e3eab3) or      s5, t2, t5
core   0: 3 0x80001820 (0x01e3eab3) x21 0xffffffff
core   0: 0x80001824 (0xd78e3413) sltiu   s0, t3, -648
core   0: 3 0x80001824 (0xd78e3413) x 8 0x00000001
core   0: 0x80001828 (0x024cdeb3) divu    t4, s9, tp
core   0: 3 0x80001828 (0x024cdeb3) x29 0x2636f858
core   0: 0x8000182c (0x033cacb3) mulhsu  s9, s9, s3
core   0: 3 0x8000182c (0x033cacb3) x25 0x00000000
core   0: 0x80001830 (0x0317c033) div     zero, a5, a7
core   0: 3 0x80001830 (0x0317c033)
core   0: 0x80001834 (0x0043cdb3) xor     s11, t2, tp
core   0: 3 0x80001834 (0x0043cdb3) x27 0x7ffeb19a
core   0: 0x80001838 (0x00000013) nop
core   0: 3 0x80001838 (0x00000013)
core   0: 0x8000183c (0x40a85913) srai    s2, a6, 10
core   0: 3 0x8000183c (0x40a85913) x18 0x00000000
core   0: 0x80001840 (0xd0699497) auipc   s1, 0xd0699
core   0: 3 0x80001840 (0xd0699497) x 9 0x5069a840
core   0: 0x80001844 (0x49292493) slti    s1, s2, 1170
core   0: 3 0x80001844 (0x49292493) x 9 0x00000001
core   0: 0x80001848 (0x00c10533) add     a0, sp, a2
core   0: 3 0x80001848 (0x00c10533) x10 0x1f97a668
core   0: 0x8000184c (0x02ce4bb3) div     s7, t3, a2
core   0: 3 0x8000184c (0x02ce4bb3) x23 0x00000000
core   0: 0x80001850 (0x02a524b3) mulhsu  s1, a0, a0
core   0: 3 0x80001850 (0x02a524b3) x 9 0x03e61422
core   0: 0x80001854 (0x031ed533) divu    a0, t4, a7
core   0: 3 0x80001854 (0x031ed533) x10 0x00000000
core   0: 0x80001858 (0xf98f0c13) addi    s8, t5, -104
core   0: 3 0x80001858 (0xf98f0c13) x24 0xffffff97
core   0: 0x8000185c (0x418701b3) sub     gp, a4, s8
core   0: 3 0x8000185c (0x418701b3) x 3 0x80018d4d
core   0: 0x80001860 (0xbb526793) ori     a5, tp, -1099
core   0: 3 0x80001860 (0xbb526793) x15 0xfffffbb5
core   0: 0x80001864 (0x01896933) or      s2, s2, s8
core   0: 3 0x80001864 (0x01896933) x18 0xffffff97
core   0: 0x80001868 (0x13147693) andi    a3, s0, 305
core   0: 3 0x80001868 (0x13147693) x13 0x00000001
core   0: 0x8000186c (0x011a6333) or      t1, s4, a7
core   0: 3 0x8000186c (0x011a6333) x 6 0x5eec2000
core   0: 0x80001870 (0x01044833) xor     a6, s0, a6
core   0: 3 0x80001870 (0x01044833) x16 0x00000000
core   0: 0x80001874 (0x01f4c3b3) xor     t2, s1, t6
core   0: 3 0x80001874 (0x01f4c3b3) x 7 0xfc19eb6c
core   0: 0x80001878 (0x0383da33) divu    s4, t2, s8
core   0: 3 0x80001878 (0x0383da33) x20 0x00000000
core   0: 0x8000187c (0x038f06b3) mul     a3, t5, s8
core   0: 3 0x8000187c (0x038f06b3) x13 0x00000069
core   0: 0x80001880 (0xbc62ecb7) lui     s9, 0xbc62e
core   0: 3 0x80001880 (0xbc62ecb7) x25 0xbc62e000
core   0: 0x80001884 (0x41f60db3) sub     s11, a2, t6
core   0: 3 0x80001884 (0x41f60db3) x27 0x9f9658b6
core   0: 0x80001888 (0x01a1e7b3) or      a5, gp, s10
core   0: 3 0x80001888 (0x01a1e7b3) x15 0x80018dff
core   0: 0x8000188c (0x005c45b3) xor     a1, s8, t0
core   0: 3 0x8000188c (0x005c45b3) x11 0x09be92bb
core   0: 0x80001890 (0xc7ecb093) sltiu   ra, s9, -898
core   0: 3 0x80001890 (0xc7ecb093) x 1 0x00000001
core   0: 0x80001894 (0x02f6f633) remu    a2, a3, a5
core   0: 3 0x80001894 (0x02f6f633) x12 0x00000069
core   0: 0x80001898 (0x003c7033) and     zero, s8, gp
core   0: 3 0x80001898 (0x003c7033)
core   0: 0x8000189c (0x01973f33) sltu    t5, a4, s9
core   0: 3 0x8000189c (0x01973f33) x30 0x00000001
core   0: 0x800018a0 (0x00000013) nop
core   0: 3 0x800018a0 (0x00000013)
core   0: 0x800018a4 (0x033c1d33) mulh    s10, s8, s3
core   0: 3 0x800018a4 (0x033c1d33) x26 0x00000000
core   0: 0x800018a8 (0x002f1613) slli    a2, t5, 2
core   0: 3 0x800018a8 (0x002f1613) x12 0x00000004
core   0: 0x800018ac (0x41cd8e33) sub     t3, s11, t3
core   0: 3 0x800018ac (0x41cd8e33) x28 0x9f9658b6
core   0: 0x800018b0 (0x01a34633) xor     a2, t1, s10
core   0: 3 0x800018b0 (0x01a34633) x12 0x5eec2000
core   0: 0x800018b4 (0x02eaedb3) rem     s11, s5, a4
core   0: 3 0x800018b4 (0x02eaedb3) x27 0xffffffff
core   0: 0x800018b8 (0x00000013) nop
core   0: 3 0x800018b8 (0x00000013)
core   0: 0x800018bc (0x00000013) nop
core   0: 3 0x800018bc (0x00000013)
core   0: 0x800018c0 (0x01883833) sltu    a6, a6, s8
core   0: 3 0x800018c0 (0x01883833) x16 0x00000001
core   0: 0x800018c4 (0x01041213) slli    tp, s0, 16
core   0: 3 0x800018c4 (0x01041213) x 4 0x00010000
core   0: 0x800018c8 (0x02fa5333) divu    t1, s4, a5
core   0: 3 0x800018c8 (0x02fa5333) x 6 0x00000000
core   0: 0x800018cc (0x015a9233) sll     tp, s5, s5
core   0: 3 0x800018cc (0x015a9233) x 4 0x80000000
core   0: 0x800018d0 (0x736f1837) lui     a6, 0x736f1
core   0: 3 0x800018d0 (0x736f1837) x16 0x736f1000
core   0: 0x800018d4 (0x07c9bf93) sltiu   t6, s3, 124
core   0: 3 0x800018d4 (0x07c9bf93) x31 0x00000001
core   0: 0x800018d8 (0x0306bc33) mulhu   s8, a3, a6
core   0: 3 0x800018d8 (0x0306bc33) x24 0x0000002f
core   0: 0x800018dc (0x023a4b33) div     s6, s4, gp
core   0: 3 0x800018dc (0x023a4b33) x22 0x00000000
core   0: 0x800018e0 (0xa46f1eb7) lui     t4, 0xa46f1
core   0: 3 0x800018e0 (0xa46f1eb7) x29 0xa46f1000
core   0: 0x800018e4 (0x028b3bb3) mulhu   s7, s6, s0
core   0: 3 0x800018e4 (0x028b3bb3) x23 0x00000000
core   0: 0x800018e8 (0x030ba3b3) mulhsu  t2, s7, a6
core   0: 3 0x800018e8 (0x030ba3b3) x 7 0x00000000
core   0: 0x800018ec (0x40dedb13) srai    s6, t4, 13
core   0: 3 0x800018ec (0x40dedb13) x22 0xfffd2378
core   0: 0x800018f0 (0x003448b3) xor     a7, s0, gp
core   0: 3 0x800018f0 (0x003448b3) x17 0x80018d4c
core   0: 0x800018f4 (0xb9577f17) auipc   t5, 0xb9577
core   0: 3 0x800018f4 (0xb9577f17) x30 0x395788f4
core   0: 0x800018f8 (0x01248033) add     zero, s1, s2
core   0: 3 0x800018f8 (0x01248033)
core   0: 0x800018fc (0x035cc7b3) div     a5, s9, s5
core   0: 3 0x800018fc (0x035cc7b3) x15 0x439d2000
core   0: 0x80001900 (0x2730da97) auipc   s5, 0x2730d
core   0: 3 0x80001900 (0x2730da97) x21 0xa730e900
core   0: 0x80001904 (0x3a237693) andi    a3, t1, 930
core   0: 3 0x80001904 (0x3a237693) x13 0x00000000
core   0: 0x80001908 (0x021e7533) remu    a0, t3, ra
core   0: 3 0x80001908 (0x021e7533) x10 0x00000000
core   0: 0x8000190c (0x0057dbb3) srl     s7, a5, t0
core   0: 3 0x8000190c (0x0057dbb3) x23 0x000439d2
core   0: 0x80001910 (0x01c0b833) sltu    a6, ra, t3
core   0: 3 0x80001910 (0x01c0b833) x16 0x00000001
core   0: 0x80001914 (0x01d3d313) srli    t1, t2, 29
core   0: 3 0x80001914 (0x01d3d313) x 6 0x00000000
core   0: 0x80001918 (0x23decf93) xori    t6, t4, 573
core   0: 3 0x80001918 (0x23decf93) x31 0xa46f123d
core   0: 0x8000191c (0x01008433) add     s0, ra, a6
core   0: 3 0x8000191c (0x01008433) x 8 0x00000002
core   0: 0x80001920 (0xa0c1ff17) auipc   t5, 0xa0c1f
core   0: 3 0x80001920 (0xa0c1ff17) x30 0x20c20920
core   0: 0x80001924 (0x014e50b3) srl     ra, t3, s4
core   0: 3 0x80001924 (0x014e50b3) x 1 0x9f9658b6
core   0: 0x80001928 (0x00a81913) slli    s2, a6, 10
core   0: 3 0x80001928 (0x00a81913) x18 0x00000400
core   0: 0x8000192c (0x03bb6e33) rem     t3, s6, s11
core   0: 3 0x8000192c (0x03bb6e33) x28 0x00000000
core   0: 0x80001930 (0x4135dc33) sra     s8, a1, s3
core   0: 3 0x80001930 (0x4135dc33) x24 0x09be92bb
core   0: 0x80001934 (0x03c0f4b3) remu    s1, ra, t3
core   0: 3 0x80001934 (0x03c0f4b3) x 9 0x9f9658b6
core   0: 0x80001938 (0x10b25337) lui     t1, 0x10b25
core   0: 3 0x80001938 (0x10b25337) x 6 0x10b25000
core   0: 0x8000193c (0x00a731b3) sltu    gp, a4, a0
core   0: 3 0x8000193c (0x00a731b3) x 3 0x00000000
core   0: 0x80001940 (0x6343cf13) xori    t5, t2, 1588
core   0: 3 0x80001940 (0x6343cf13) x30 0x00000634
core   0: 0x80001944 (0x406358b3) sra     a7, t1, t1
core   0: 3 0x80001944 (0x406358b3) x17 0x10b25000
core   0: 0x80001948 (0x00b46a33) or      s4, s0, a1
core   0: 3 0x80001948 (0x00b46a33) x20 0x09be92bb
core   0: 0x8000194c (0x03006233) rem     tp, zero, a6
core   0: 3 0x8000194c (0x03006233) x 4 0x00000000
core   0: 0x80001950 (0x809cae93) slti    t4, s9, -2039
core   0: 3 0x80001950 (0x809cae93) x29 0x00000001
core   0: 0x80001954 (0x2532a237) lui     tp, 0x2532a
core   0: 3 0x80001954 (0x2532a237) x 4 0x2532a000
core   0: 0x80001958 (0xf0626b97) auipc   s7, 0xf0626
core   0: 3 0x80001958 (0xf0626b97) x23 0x70627958
core   0: 0x8000195c (0x404af413) andi    s0, s5, 1028
core   0: 3 0x8000195c (0x404af413) x 8 0x00000000
core   0: 0x80001960 (0x011085b3) add     a1, ra, a7
core   0: 3 0x80001960 (0x011085b3) x11 0xb048a8b6
core   0: 0x80001964 (0x03c22ab3) mulhsu  s5, tp, t3
core   0: 3 0x80001964 (0x03c22ab3) x21 0x00000000
core   0: 0x80001968 (0x3a410613) addi    a2, sp, 932
core   0: 3 0x80001968 (0x3a410613) x12 0x80015208
core   0: 0x8000196c (0x97df2a13) slti    s4, t5, -1667
core   0: 3 0x8000196c (0x97df2a13) x20 0x00000000
core   0: 0x80001970 (0xae754213) xori    tp, a0, -1305
core   0: 3 0x80001970 (0xae754213) x 4 0xfffffae7
core   0: 0x80001974 (0x40275993) srai    s3, a4, 2
core   0: 3 0x80001974 (0x40275993) x19 0xe0006339
core   0: 0x80001978 (0x022c2eb3) mulhsu  t4, s8, sp
core   0: 3 0x80001978 (0x022c2eb3) x29 0x04df5617
core   0: 0x8000197c (0x018a19b3) sll     s3, s4, s8
core   0: 3 0x8000197c (0x018a19b3) x19 0x00000000
core   0: 0x80001980 (0x65382b13) slti    s6, a6, 1619
core   0: 3 0x80001980 (0x65382b13) x22 0x00000001
core   0: 0x80001984 (0x023aa3b3) mulhsu  t2, s5, gp
core   0: 3 0x80001984 (0x023aa3b3) x 7 0x00000000
core   0: 0x80001988 (0x01afd333) srl     t1, t6, s10
core   0: 3 0x80001988 (0x01afd333) x 6 0xa46f123d
core   0: 0x8000198c (0x41565bb3) sra     s7, a2, s5
core   0: 3 0x8000198c (0x41565bb3) x23 0x80015208
core   0: 0x80001990 (0x01e29c93) slli    s9, t0, 30
core   0: 3 0x80001990 (0x01e29c93) x25 0x00000000
core   0: 0x80001994 (0x6b3fa017) auipc   zero, 0x6b3fa
core   0: 3 0x80001994 (0x6b3fa017)
core   0: 0x80001998 (0x40475013) srai    zero, a4, 4
core   0: 3 0x80001998 (0x40475013)
core   0: 0x8000199c (0x02e58a33) mul     s4, a1, a4
core   0: 3 0x8000199c (0x02e58a33) x20 0x65afca18
core   0: 0x800019a0 (0x412fd613) srai    a2, t6, 18
core   0: 3 0x800019a0 (0x412fd613) x12 0xffffe91b
core   0: 0x800019a4 (0x00000013) nop
core   0: 3 0x800019a4 (0x00000013)
core   0: 0x800019a8 (0x41aa8cb3) sub     s9, s5, s10
core   0: 3 0x800019a8 (0x41aa8cb3) x25 0x00000000
core   0: 0x800019ac (0x029684b3) mul     s1, a3, s1
core   0: 3 0x800019ac (0x029684b3) x 9 0x00000000
core   0: 0x800019b0 (0xd9686c93) ori     s9, a6, -618
core   0: 3 0x800019b0 (0xd9686c93) x25 0xfffffd97
core   0: 0x800019b4 (0x023c1233) mulh    tp, s8, gp
core   0: 3 0x800019b4 (0x023c1233) x 4 0x00000000
core   0: 0x800019b8 (0x25c06213) ori     tp, zero, 604
core   0: 3 0x800019b8 (0x25c06213) x 4 0x0000025c
core   0: 0x800019bc (0x01faeb33) or      s6, s5, t6
core   0: 3 0x800019bc (0x01faeb33) x22 0xa46f123d
core   0: 0x800019c0 (0x003b3833) sltu    a6, s6, gp
core   0: 3 0x800019c0 (0x003b3833) x16 0x00000000
core   0: 0x800019c4 (0x00000013) nop
core   0: 3 0x800019c4 (0x00000013)
core   0: 0x800019c8 (0x037d1533) mulh    a0, s10, s7
core   0: 3 0x800019c8 (0x037d1533) x10 0x00000000
core   0: 0x800019cc (0x41595913) srai    s2, s2, 21
core   0: 3 0x800019cc (0x41595913) x18 0x00000000
core   0: 0x800019d0 (0x03c888b3) mul     a7, a7, t3
core   0: 3 0x800019d0 (0x03c888b3) x17 0x00000000
core   0: 0x800019d4 (0x0176e433) or      s0, a3, s7
core   0: 3 0x800019d4 (0x0176e433) x 8 0x80015208
core   0: 0x800019d8 (0x00dfd093) srli    ra, t6, 13
core   0: 3 0x800019d8 (0x00dfd093) x 1 0x00052378
core   0: 0x800019dc (0x01fdd793) srli    a5, s11, 31
core   0: 3 0x800019dc (0x01fdd793) x15 0x00000001
core   0: 0x800019e0 (0x00cc1833) sll     a6, s8, a2
core   0: 3 0x800019e0 (0x00cc1833) x16 0xd8000000
core   0: 0x800019e4 (0x00b4da33) srl     s4, s1, a1
core   0: 3 0x800019e4 (0x00b4da33) x20 0x00000000
core   0: 0x800019e8 (0x414b5993) srai    s3, s6, 20
core   0: 3 0x800019e8 (0x414b5993) x19 0xfffffa46
core   0: 0x800019ec (0x02eb63b3) rem     t2, s6, a4
core   0: 3 0x800019ec (0x02eb63b3) x 7 0xa46f123d
core   0: 0x800019f0 (0xfdce64b7) lui     s1, 0xfdce6
core   0: 3 0x800019f0 (0xfdce64b7) x 9 0xfdce6000
core   0: 0x800019f4 (0x77d6ee93) ori     t4, a3, 1917
core   0: 3 0x800019f4 (0x77d6ee93) x29 0x0000077d
core   0: 0x800019f8 (0x00441d13) slli    s10, s0, 4
core   0: 3 0x800019f8 (0x00441d13) x26 0x00152080
core   0: 0x800019fc (0x0009a633) slt     a2, s3, zero
core   0: 3 0x800019fc (0x0009a633) x12 0x00000001
core   0: 0x80001a00 (0xbc610db7) lui     s11, 0xbc610
core   0: 3 0x80001a00 (0xbc610db7) x27 0xbc610000
core   0: 0x80001a04 (0x02800533) mul     a0, zero, s0
core   0: 3 0x80001a04 (0x02800533) x10 0x00000000
core   0: 0x80001a08 (0x026c56b3) divu    a3, s8, t1
core   0: 3 0x80001a08 (0x026c56b3) x13 0x00000000
core   0: 0x80001a0c (0x007d9b13) slli    s6, s11, 7
core   0: 3 0x80001a0c (0x007d9b13) x22 0x30800000
core   0: 0x80001a10 (0x01e19313) slli    t1, gp, 30
core   0: 3 0x80001a10 (0x01e19313) x 6 0x00000000
core   0: 0x80001a14 (0x005ebf33) sltu    t5, t4, t0
core   0: 3 0x80001a14 (0x005ebf33) x30 0x00000001
core   0: 0x80001a18 (0x070dc313) xori    t1, s11, 112
core   0: 3 0x80001a18 (0x070dc313) x 6 0xbc610070
core   0: 0x80001a1c (0x5230be13) sltiu   t3, ra, 1315
core   0: 3 0x80001a1c (0x5230be13) x28 0x00000000
core   0: 0x80001a20 (0x003d9313) slli    t1, s11, 3
core   0: 3 0x80001a20 (0x003d9313) x 6 0xe3080000
core   0: 0x80001a24 (0x00cbde93) srli    t4, s7, 12
core   0: 3 0x80001a24 (0x00cbde93) x29 0x00080015
core   0: 0x80001a28 (0x019ad013) srli    zero, s5, 25
core   0: 3 0x80001a28 (0x019ad013)
core   0: 0x80001a2c (0x41d78333) sub     t1, a5, t4
core   0: 3 0x80001a2c (0x41d78333) x 6 0xfff7ffec
core   0: 0x80001a30 (0x41400e33) sub     t3, zero, s4
core   0: 3 0x80001a30 (0x41400e33) x28 0x00000000
core   0: 0x80001a34 (0xb8908693) addi    a3, ra, -1143
core   0: 3 0x80001a34 (0xb8908693) x13 0x00051f01
core   0: 0x80001a38 (0x017a86b3) add     a3, s5, s7
core   0: 3 0x80001a38 (0x017a86b3) x13 0x80015208
core   0: 0x80001a3c (0x011ed493) srli    s1, t4, 17
core   0: 3 0x80001a3c (0x011ed493) x 9 0x00000004
core   0: 0x80001a40 (0x031edfb3) divu    t6, t4, a7
core   0: 3 0x80001a40 (0x031edfb3) x31 0xffffffff
core   0: 0x80001a44 (0x0245d533) divu    a0, a1, tp
core   0: 3 0x80001a44 (0x0245d533) x10 0x004ab760
core   0: 0x80001a48 (0x41ae5793) srai    a5, t3, 26
core   0: 3 0x80001a48 (0x41ae5793) x15 0x00000000
core   0: 0x80001a4c (0x01dcc833) xor     a6, s9, t4
core   0: 3 0x80001a4c (0x01dcc833) x16 0xfff7fd82
core   0: 0x80001a50 (0xf6b4fc93) andi    s9, s1, -149
core   0: 3 0x80001a50 (0xf6b4fc93) x25 0x00000000
core   0: 0x80001a54 (0x0050ac33) slt     s8, ra, t0
core   0: 3 0x80001a54 (0x0050ac33) x24 0x00000000
core   0: 0x80001a58 (0x0104a333) slt     t1, s1, a6
core   0: 3 0x80001a58 (0x0104a333) x 6 0x00000000
core   0: 0x80001a5c (0xee57c213) xori    tp, a5, -283
core   0: 3 0x80001a5c (0xee57c213) x 4 0xfffffee5
core   0: 0x80001a60 (0x033df933) remu    s2, s11, s3
core   0: 3 0x80001a60 (0x033df933) x18 0xbc610000
core   0: 0x80001a64 (0x680a2013) slti    zero, s4, 1664
core   0: 3 0x80001a64 (0x680a2013)
core   0: 0x80001a68 (0xc52e6313) ori     t1, t3, -942
core   0: 3 0x80001a68 (0xc52e6313) x 6 0xfffffc52
core   0: 0x80001a6c (0x6c6c7893) andi    a7, s8, 1734
core   0: 3 0x80001a6c (0x6c6c7893) x17 0x00000000
core   0: 0x80001a70 (0x00ea56b3) srl     a3, s4, a4
core   0: 3 0x80001a70 (0x00ea56b3) x13 0x00000000
core   0: 0x80001a74 (0x00bdb5b3) sltu    a1, s11, a1
core   0: 3 0x80001a74 (0x00bdb5b3) x11 0x00000000
core   0: 0x80001a78 (0x00d1dbb3) srl     s7, gp, a3
core   0: 3 0x80001a78 (0x00d1dbb3) x23 0x00000000
core   0: 0x80001a7c (0x406f8533) sub     a0, t6, t1
core   0: 3 0x80001a7c (0x406f8533) x10 0x000003ad
core   0: 0x80001a80 (0x03710cb3) mul     s9, sp, s7
core   0: 3 0x80001a80 (0x03710cb3) x25 0x00000000
core   0: 0x80001a84 (0x716a4f13) xori    t5, s4, 1814
core   0: 3 0x80001a84 (0x716a4f13) x30 0x00000716
core   0: 0x80001a88 (0xdf82af13) slti    t5, t0, -520
core   0: 3 0x80001a88 (0xdf82af13) x30 0x00000001
core   0: 0x80001a8c (0x02c62bb3) mulhsu  s7, a2, a2
core   0: 3 0x80001a8c (0x02c62bb3) x23 0x00000000
core   0: 0x80001a90 (0x03a56bb3) rem     s7, a0, s10
core   0: 3 0x80001a90 (0x03a56bb3) x23 0x000003ad
core   0: 0x80001a94 (0x02e79d33) mulh    s10, a5, a4
core   0: 3 0x80001a94 (0x02e79d33) x26 0x00000000
core   0: 0x80001a98 (0x00280533) add     a0, a6, sp
core   0: 3 0x80001a98 (0x00280533) x10 0x7ff94be6
core   0: 0x80001a9c (0x418dd093) srai    ra, s11, 24
core   0: 3 0x80001a9c (0x418dd093) x 1 0xffffffbc
core   0: 0x80001aa0 (0x01e80e33) add     t3, a6, t5
core   0: 3 0x80001aa0 (0x01e80e33) x28 0xfff7fd83
core   0: 0x80001aa4 (0x03341d33) mulh    s10, s0, s3
core   0: 3 0x80001aa4 (0x03341d33) x26 0x000002dc
core   0: 0x80001aa8 (0x00000013) nop
core   0: 3 0x80001aa8 (0x00000013)
core   0: 0x80001aac (0x9ed4cb13) xori    s6, s1, -1555
core   0: 3 0x80001aac (0x9ed4cb13) x22 0xfffff9e9
core   0: 0x80001ab0 (0x016f2db3) slt     s11, t5, s6
core   0: 3 0x80001ab0 (0x016f2db3) x27 0x00000000
core   0: 0x80001ab4 (0x005cf1b3) and     gp, s9, t0
core   0: 3 0x80001ab4 (0x005cf1b3) x 3 0x00000000
core   0: 0x80001ab8 (0x007d9fb3) sll     t6, s11, t2
core   0: 3 0x80001ab8 (0x007d9fb3) x31 0x00000000
core   0: 0x80001abc (0xf7f96c13) ori     s8, s2, -129
core   0: 3 0x80001abc (0xf7f96c13) x24 0xffffff7f
core   0: 0x80001ac0 (0x41018f33) sub     t5, gp, a6
core   0: 3 0x80001ac0 (0x41018f33) x30 0x0008027e
core   0: 0x80001ac4 (0x02bec833) div     a6, t4, a1
core   0: 3 0x80001ac4 (0x02bec833) x16 0xffffffff
core   0: 0x80001ac8 (0x0382ec33) rem     s8, t0, s8
core   0: 3 0x80001ac8 (0x0382ec33) x24 0xffffffa4
core   0: 0x80001acc (0x405ed513) srai    a0, t4, 5
core   0: 3 0x80001acc (0x405ed513) x10 0x00004000
core   0: 0x80001ad0 (0x69fe2313) slti    t1, t3, 1695
core   0: 3 0x80001ad0 (0x69fe2313) x 6 0x00000001
core   0: 0x80001ad4 (0x01691d33) sll     s10, s2, s6
core   0: 3 0x80001ad4 (0x01691d33) x26 0xc2000000
core   0: 0x80001ad8 (0x026ba7b3) mulhsu  a5, s7, t1
core   0: 3 0x80001ad8 (0x026ba7b3) x15 0x00000000
core   0: 0x80001adc (0x024d90b3) mulh    ra, s11, tp
core   0: 3 0x80001adc (0x024d90b3) x 1 0x00000000
core   0: 0x80001ae0 (0x00000013) nop
core   0: 3 0x80001ae0 (0x00000013)
core   0: 0x80001ae4 (0x64850b13) addi    s6, a0, 1608
core   0: 3 0x80001ae4 (0x64850b13) x22 0x00004648
core   0: 0x80001ae8 (0x00618633) add     a2, gp, t1
core   0: 3 0x80001ae8 (0x00618633) x12 0x00000001
core   0: 0x80001aec (0x01b3eab3) or      s5, t2, s11
core   0: 3 0x80001aec (0x01b3eab3) x21 0xa46f123d
core   0: 0x80001af0 (0x0054af33) slt     t5, s1, t0
core   0: 3 0x80001af0 (0x0054af33) x30 0x00000000
core   0: 0x80001af4 (0x0007dd13) srli    s10, a5, 0
core   0: 3 0x80001af4 (0x0007dd13) x26 0x00000000
core   0: 0x80001af8 (0x01e55793) srli    a5, a0, 30
core   0: 3 0x80001af8 (0x01e55793) x15 0x00000000
core   0: 0x80001afc (0x02af1233) mulh    tp, t5, a0
core   0: 3 0x80001afc (0x02af1233) x 4 0x00000000
core   0: 0x80001b00 (0x12deeb13) ori     s6, t4, 301
core   0: 3 0x80001b00 (0x12deeb13) x22 0x0008013d
core   0: 0x80001b04 (0x021f7f33) remu    t5, t5, ra
core   0: 3 0x80001b04 (0x021f7f33) x30 0x00000000
core   0: 0x80001b08 (0x006b9413) slli    s0, s7, 6
core   0: 3 0x80001b08 (0x006b9413) x 8 0x0000eb40
core   0: 0x80001b0c (0x012b21b3) slt     gp, s6, s2
core   0: 3 0x80001b0c (0x012b21b3) x 3 0x00000000
core   0: 0x80001b10 (0x00000013) nop
core   0: 3 0x80001b10 (0x00000013)
core   0: 0x80001b14 (0x41808833) sub     a6, ra, s8
core   0: 3 0x80001b14 (0x41808833) x16 0x0000005c
core   0: 0x80001b18 (0x01cd3db3) sltu    s11, s10, t3
core   0: 3 0x80001b18 (0x01cd3db3) x27 0x00000001
core   0: 0x80001b1c (0x2352ea93) ori     s5, t0, 565
core   0: 3 0x80001b1c (0x2352ea93) x21 0xf6416f3d
core   0: 0x80001b20 (0x00000013) nop
core   0: 3 0x80001b20 (0x00000013)
core   0: 0x80001b24 (0x828ea213) slti    tp, t4, -2008
core   0: 3 0x80001b24 (0x828ea213) x 4 0x00000000
core   0: 0x80001b28 (0x01785393) srli    t2, a6, 23
core   0: 3 0x80001b28 (0x01785393) x 7 0x00000000
core   0: 0x80001b2c (0x021de233) rem     tp, s11, ra
core   0: 3 0x80001b2c (0x021de233) x 4 0x00000001
core   0: 0x80001b30 (0x0319a333) mulhsu  t1, s3, a7
core   0: 3 0x80001b30 (0x0319a333) x 6 0x00000000
core   0: 0x80001b34 (0x01e835b3) sltu    a1, a6, t5
core   0: 3 0x80001b34 (0x01e835b3) x11 0x00000000
core   0: 0x80001b38 (0x22f4b393) sltiu   t2, s1, 559
core   0: 3 0x80001b38 (0x22f4b393) x 7 0x00000001
core   0: 0x80001b3c (0x023d95b3) mulh    a1, s11, gp
core   0: 3 0x80001b3c (0x023d95b3) x11 0x00000000
core   0: 0x80001b40 (0x3ad9b393) sltiu   t2, s3, 941
core   0: 3 0x80001b40 (0x3ad9b393) x 7 0x00000000
core   0: 0x80001b44 (0x00cf9793) slli    a5, t6, 12
core   0: 3 0x80001b44 (0x00cf9793) x15 0x00000000
core   0: 0x80001b48 (0x41ba8db3) sub     s11, s5, s11
core   0: 3 0x80001b48 (0x41ba8db3) x27 0xf6416f3c
core   0: 0x80001b4c (0x01e2ea33) or      s4, t0, t5
core   0: 3 0x80001b4c (0x01e2ea33) x20 0xf6416d2c
core   0: 0x80001b50 (0x40b95633) sra     a2, s2, a1
core   0: 3 0x80001b50 (0x40b95633) x12 0xbc610000
core   0: 0x80001b54 (0x000433b3) sltu    t2, s0, zero
core   0: 3 0x80001b54 (0x000433b3) x 7 0x00000000
core   0: 0x80001b58 (0x01e95b13) srli    s6, s2, 30
core   0: 3 0x80001b58 (0x01e95b13) x22 0x00000002
core   0: 0x80001b5c (0x67673613) sltiu   a2, a4, 1654
core   0: 3 0x80001b5c (0x67673613) x12 0x00000000
core   0: 0x80001b60 (0x02290bb3) mul     s7, s2, sp
core   0: 3 0x80001b60 (0x02290bb3) x23 0x23e40000
core   0: 0x80001b64 (0x41b0d1b3) sra     gp, ra, s11
core   0: 3 0x80001b64 (0x41b0d1b3) x 3 0x00000000
core   0: 0x80001b68 (0x90cec993) xori    s3, t4, -1780
core   0: 3 0x80001b68 (0x90cec993) x19 0xfff7f919
core   0: 0x80001b6c (0x52926793) ori     a5, tp, 1321
core   0: 3 0x80001b6c (0x52926793) x15 0x00000529
core   0: 0x80001b70 (0x00000013) nop
core   0: 3 0x80001b70 (0x00000013)
core   0: 0x80001b74 (0x030c1633) mulh    a2, s8, a6
core   0: 3 0x80001b74 (0x030c1633) x12 0xffffffff
core   0: 0x80001b78 (0x403a5433) sra     s0, s4, gp
core   0: 3 0x80001b78 (0x403a5433) x 8 0xf6416d2c
core   0: 0x80001b7c (0x00000013) nop
core   0: 3 0x80001b7c (0x00000013)
core   0: 0x80001b80 (0x0389af33) mulhsu  t5, s3, s8
core   0: 3 0x80001b80 (0x0389af33) x30 0xfff7f919
core   0: 0x80001b84 (0xa346f313) andi    t1, a3, -1484
core   0: 3 0x80001b84 (0xa346f313) x 6 0x00000000
core   0: 0x80001b88 (0x028e3e33) mulhu   t3, t3, s0
core   0: 3 0x80001b88 (0x028e3e33) x28 0xf639b8bb
core   0: 0x80001b8c (0x00bd1793) slli    a5, s10, 11
core   0: 3 0x80001b8c (0x00bd1793) x15 0x00000000
core   0: 0x80001b90 (0x02ccb033) mulhu   zero, s9, a2
core   0: 3 0x80001b90 (0x02ccb033)
core   0: 0x80001b94 (0x510ff797) auipc   a5, 0x510ff
core   0: 3 0x80001b94 (0x510ff797) x15 0xd1100b94
core   0: 0x80001b98 (0x96035437) lui     s0, 0x96035
core   0: 3 0x80001b98 (0x96035437) x 8 0x96035000
core   0: 0x80001b9c (0x01bf96b3) sll     a3, t6, s11
core   0: 3 0x80001b9c (0x01bf96b3) x13 0x00000000
core   0: 0x80001ba0 (0x03adc933) div     s2, s11, s10
core   0: 3 0x80001ba0 (0x03adc933) x18 0xffffffff
core   0: 0x80001ba4 (0x41215793) srai    a5, sp, 18
core   0: 3 0x80001ba4 (0x41215793) x15 0xffffe000
core   0: 0x80001ba8 (0x03a5a7b3) mulhsu  a5, a1, s10
core   0: 3 0x80001ba8 (0x03a5a7b3) x15 0x00000000
core   0: 0x80001bac (0x002e69b3) or      s3, t3, sp
core   0: 3 0x80001bac (0x002e69b3) x19 0xf639feff
core   0: 0x80001bb0 (0x00279793) slli    a5, a5, 2
core   0: 3 0x80001bb0 (0x00279793) x15 0x00000000
core   0: 0x80001bb4 (0x00024ab3) xor     s5, tp, zero
core   0: 3 0x80001bb4 (0x00024ab3) x21 0x00000001
core   0: 0x80001bb8 (0x00bf51b3) srl     gp, t5, a1
core   0: 3 0x80001bb8 (0x00bf51b3) x 3 0xfff7f919
core   0: 0x80001bbc (0x01f55333) srl     t1, a0, t6
core   0: 3 0x80001bbc (0x01f55333) x 6 0x00004000
core   0: 0x80001bc0 (0x401651b3) sra     gp, a2, ra
core   0: 3 0x80001bc0 (0x401651b3) x 3 0xffffffff
core   0: 0x80001bc4 (0x5bbc4413) xori    s0, s8, 1467
core   0: 3 0x80001bc4 (0x5bbc4413) x 8 0xfffffa1f
core   0: 0x80001bc8 (0xf2fc4613) xori    a2, s8, -209
core   0: 3 0x80001bc8 (0xf2fc4613) x12 0x0000008b
core   0: 0x80001bcc (0x01b3c833) xor     a6, t2, s11
core   0: 3 0x80001bcc (0x01b3c833) x16 0xf6416f3c
core   0: 0x80001bd0 (0xf9be2793) slti    a5, t3, -101
core   0: 3 0x80001bd0 (0xf9be2793) x15 0x00000001
core   0: 0x80001bd4 (0x02a11333) mulh    t1, sp, a0
core   0: 3 0x80001bd4 (0x02a11333) x 6 0xffffe000
core   0: 0x80001bd8 (0x00000013) nop
core   0: 3 0x80001bd8 (0x00000013)
core   0: 0x80001bdc (0x404e03b3) sub     t2, t3, tp
core   0: 3 0x80001bdc (0x404e03b3) x 7 0xf639b8ba
core   0: 0x80001be0 (0x55ccc197) auipc   gp, 0x55ccc
core   0: 3 0x80001be0 (0x55ccc197) x 3 0xd5ccdbe0
core   0: 0x80001be4 (0x75fb1617) auipc   a2, 0x75fb1
core   0: 3 0x80001be4 (0x75fb1617) x12 0xf5fb2be4
core   0: 0x80001be8 (0x250e2837) lui     a6, 0x250e2
core   0: 3 0x80001be8 (0x250e2837) x16 0x250e2000
core   0: 0x80001bec (0x410b5593) srai    a1, s6, 16
core   0: 3 0x80001bec (0x410b5593) x11 0x00000000
core   0: 0x80001bf0 (0x02a211b3) mulh    gp, tp, a0
core   0: 3 0x80001bf0 (0x02a211b3) x 3 0x00000000
core   0: 0x80001bf4 (0x01ee9233) sll     tp, t4, t5
core   0: 3 0x80001bf4 (0x01ee9233) x 4 0x2a000000
core   0: 0x80001bf8 (0x410106b3) sub     a3, sp, a6
core   0: 3 0x80001bf8 (0x410106b3) x13 0x5af32e64
core   0: 0x80001bfc (0x92ad5e17) auipc   t3, 0x92ad5
core   0: 3 0x80001bfc (0x92ad5e17) x28 0x12ad6bfc
core   0: 0x80001c00 (0x02e869b3) rem     s3, a6, a4
core   0: 3 0x80001c00 (0x02e869b3) x19 0x250e2000
core   0: 0x80001c04 (0x328bff13) andi    t5, s7, 808
core   0: 3 0x80001c04 (0x328bff13) x30 0x00000000
core   0: 0x80001c08 (0x032ba6b3) mulhsu  a3, s7, s2
core   0: 3 0x80001c08 (0x032ba6b3) x13 0x23e3ffff
core   0: 0x80001c0c (0x011fd013) srli    zero, t6, 17
core   0: 3 0x80001c0c (0x011fd013)
core   0: 0x80001c10 (0xb2b4be37) lui     t3, 0xb2b4b
core   0: 3 0x80001c10 (0xb2b4be37) x28 0xb2b4b000
core   0: 0x80001c14 (0x01d1b933) sltu    s2, gp, t4
core   0: 3 0x80001c14 (0x01d1b933) x18 0x00000001
core   0: 0x80001c18 (0x41795913) srai    s2, s2, 23
core   0: 3 0x80001c18 (0x41795913) x18 0x00000000
core   0: 0x80001c1c (0x03463b33) mulhu   s6, a2, s4
core   0: 3 0x80001c1c (0x03463b33) x22 0xec9e39d9
core   0: 0x80001c20 (0x0047af33) slt     t5, a5, tp
core   0: 3 0x80001c20 (0x0047af33) x30 0x00000001
core   0: 0x80001c24 (0x0264e033) rem     zero, s1, t1
core   0: 3 0x80001c24 (0x0264e033)
core   0: 0x80001c28 (0xefa1f793) andi    a5, gp, -262
core   0: 3 0x80001c28 (0xefa1f793) x15 0x00000000
core   0: 0x80001c2c (0x4070d793) srai    a5, ra, 7
core   0: 3 0x80001c2c (0x4070d793) x15 0x00000000
core   0: 0x80001c30 (0x022cc233) div     tp, s9, sp
core   0: 3 0x80001c30 (0x022cc233) x 4 0x00000000
core   0: 0x80001c34 (0x41b0d593) srai    a1, ra, 27
core   0: 3 0x80001c34 (0x41b0d593) x11 0x00000000
core   0: 0x80001c38 (0xf03e3193) sltiu   gp, t3, -253
core   0: 3 0x80001c38 (0xf03e3193) x 3 0x00000001
core   0: 0x80001c3c (0x01edd813) srli    a6, s11, 30
core   0: 3 0x80001c3c (0x01edd813) x16 0x00000003
core   0: 0x80001c40 (0x41f9d533) sra     a0, s3, t6
core   0: 3 0x80001c40 (0x41f9d533) x10 0x250e2000
core   0: 0x80001c44 (0x24d6ca13) xori    s4, a3, 589
core   0: 3 0x80001c44 (0x24d6ca13) x20 0x23e3fdb2
core   0: 0x80001c48 (0x156123b7) lui     t2, 0x15612
core   0: 3 0x80001c48 (0x156123b7) x 7 0x15612000
core   0: 0x80001c4c (0x009ddf13) srli    t5, s11, 9
core   0: 3 0x80001c4c (0x009ddf13) x30 0x007b20b7
core   0: 0x80001c50 (0x03faa633) mulhsu  a2, s5, t6
core   0: 3 0x80001c50 (0x03faa633) x12 0x00000000
core   0: 0x80001c54 (0x4012dbb3) sra     s7, t0, ra
core   0: 3 0x80001c54 (0x4012dbb3) x23 0xf6416d2c
core   0: 0x80001c58 (0xa78e6817) auipc   a6, 0xa78e6
core   0: 3 0x80001c58 (0xa78e6817) x16 0x278e7c58
core   0: 0x80001c5c (0x00000013) nop
core   0: 3 0x80001c5c (0x00000013)
core   0: 0x80001c60 (0x0007cc33) xor     s8, a5, zero
core   0: 3 0x80001c60 (0x0007cc33) x24 0x00000000
core   0: 0x80001c64 (0x00a69093) slli    ra, a3, 10
core   0: 3 0x80001c64 (0x00a69093) x 1 0x8ffffc00
core   0: 0x80001c68 (0xa2bbc197) auipc   gp, 0xa2bbc
core   0: 3 0x80001c68 (0xa2bbc197) x 3 0x22bbdc68
core   0: 0x80001c6c (0x017f88b3) add     a7, t6, s7
core   0: 3 0x80001c6c (0x017f88b3) x17 0xf6416d2c
core   0: 0x80001c70 (0x41b80fb3) sub     t6, a6, s11
core   0: 3 0x80001c70 (0x41b80fb3) x31 0x314d0d1c
core   0: 0x80001c74 (0x033b64b3) rem     s1, s6, s3
core   0: 3 0x80001c74 (0x033b64b3) x 9 0xec9e39d9
core   0: 0x80001c78 (0x98310013) addi    zero, sp, -1661
core   0: 3 0x80001c78 (0x98310013)
core   0: 0x80001c7c (0x15fda213) slti    tp, s11, 351
core   0: 3 0x80001c7c (0x15fda213) x 4 0x00000001
core   0: 0x80001c80 (0x00fb0eb3) add     t4, s6, a5
core   0: 3 0x80001c80 (0x00fb0eb3) x29 0xec9e39d9
core   0: 0x80001c84 (0x00000013) nop
core   0: 3 0x80001c84 (0x00000013)
core   0: 0x80001c88 (0x001bd933) srl     s2, s7, ra
core   0: 3 0x80001c88 (0x001bd933) x18 0xf6416d2c
core   0: 0x80001c8c (0x4139d633) sra     a2, s3, s3
core   0: 3 0x80001c8c (0x4139d633) x12 0x250e2000
core   0: 0x80001c90 (0x014216b3) sll     a3, tp, s4
core   0: 3 0x80001c90 (0x014216b3) x13 0x00040000
core   0: 0x80001c94 (0x005f8033) add     zero, t6, t0
core   0: 3 0x80001c94 (0x005f8033)
core   0: 0x80001c98 (0x41a9d093) srai    ra, s3, 26
core   0: 3 0x80001c98 (0x41a9d093) x 1 0x00000009
core   0: 0x80001c9c (0x4050d693) srai    a3, ra, 5
core   0: 3 0x80001c9c (0x4050d693) x13 0x00000000
core   0: 0x80001ca0 (0x0399a033) mulhsu  zero, s3, s9
core   0: 3 0x80001ca0 (0x0399a033)
core   0: 0x80001ca4 (0x03934a33) div     s4, t1, s9
core   0: 3 0x80001ca4 (0x03934a33) x20 0xffffffff
core   0: 0x80001ca8 (0x02f0bab3) mulhu   s5, ra, a5
core   0: 3 0x80001ca8 (0x02f0bab3) x21 0x00000000
core   0: 0x80001cac (0x017fd613) srli    a2, t6, 23
core   0: 3 0x80001cac (0x017fd613) x12 0x00000062
core   0: 0x80001cb0 (0x0049d033) srl     zero, s3, tp
core   0: 3 0x80001cb0 (0x0049d033)
core   0: 0x80001cb4 (0x03f7b0b3) mulhu   ra, a5, t6
core   0: 3 0x80001cb4 (0x03f7b0b3) x 1 0x00000000
core   0: 0x80001cb8 (0x92fef793) andi    a5, t4, -1745
core   0: 3 0x80001cb8 (0x92fef793) x15 0xec9e3909
core   0: 0x80001cbc (0x0262acb3) mulhsu  s9, t0, t1
core   0: 3 0x80001cbc (0x0262acb3) x25 0xf6416e63
core   0: 0x80001cc0 (0x415fd513) srai    a0, t6, 21
core   0: 3 0x80001cc0 (0x415fd513) x10 0x0000018a
core   0: 0x80001cc4 (0x018af7b3) and     a5, s5, s8
core   0: 3 0x80001cc4 (0x018af7b3) x15 0x00000000
core   0: 0x80001cc8 (0x0125afb3) slt     t6, a1, s2
core   0: 3 0x80001cc8 (0x0125afb3) x31 0x00000000
core   0: 0x80001ccc (0x62c74693) xori    a3, a4, 1580
core   0: 3 0x80001ccc (0x62c74693) x13 0x80018ac8
core   0: 0x80001cd0 (0x00000013) nop
core   0: 3 0x80001cd0 (0x00000013)
core   0: 0x80001cd4 (0x8646f893) andi    a7, a3, -1948
core   0: 3 0x80001cd4 (0x8646f893) x17 0x80018840
core   0: 0x80001cd8 (0x00dfe833) or      a6, t6, a3
core   0: 3 0x80001cd8 (0x00dfe833) x16 0x80018ac8
core   0: 0x80001cdc (0x029f47b3) div     a5, t5, s1
core   0: 3 0x80001cdc (0x029f47b3) x15 0x00000000
core   0: 0x80001ce0 (0xf028e217) auipc   tp, 0xf028e
core   0: 3 0x80001ce0 (0xf028e217) x 4 0x7028fce0
core   0: 0x80001ce4 (0xc5597b13) andi    s6, s2, -939
core   0: 3 0x80001ce4 (0xc5597b13) x22 0xf6416c04
core   0: 0x80001ce8 (0x01745593) srli    a1, s0, 23
core   0: 3 0x80001ce8 (0x01745593) x11 0x000001ff
core   0: 0x80001cec (0x00a35913) srli    s2, t1, 10
core   0: 3 0x80001cec (0x00a35913) x18 0x003ffff8
core   0: 0x80001cf0 (0x000064b3) or      s1, zero, zero
core   0: 3 0x80001cf0 (0x000064b3) x 9 0x00000000
core   0: 0x80001cf4 (0x0048ecb3) or      s9, a7, tp
core   0: 3 0x80001cf4 (0x0048ecb3) x25 0xf029fce0
core   0: 0x80001cf8 (0x03f550b3) divu    ra, a0, t6
core   0: 3 0x80001cf8 (0x03f550b3) x 1 0xffffffff
core   0: 0x80001cfc (0x031cedb3) rem     s11, s9, a7
core   0: 3 0x80001cfc (0x031cedb3) x27 0xf029fce0
core   0: 0x80001d00 (0x02011c33) mulh    s8, sp, zero
core   0: 3 0x80001d00 (0x02011c33) x24 0x00000000
core   0: 0x80001d04 (0x025539b3) mulhu   s3, a0, t0
core   0: 3 0x80001d04 (0x025539b3) x19 0x0000017b
core   0: 0x80001d08 (0x03516f33) rem     t5, sp, s5
core   0: 3 0x80001d08 (0x03516f33) x30 0x80014e64
core   0: 0x80001d0c (0x006a58b3) srl     a7, s4, t1
core   0: 3 0x80001d0c (0x006a58b3) x17 0xffffffff
core   0: 0x80001d10 (0x01741693) slli    a3, s0, 23
core   0: 3 0x80001d10 (0x01741693) x13 0x0f800000
core   0: 0x80001d14 (0x018bba33) sltu    s4, s7, s8
core   0: 3 0x80001d14 (0x018bba33) x20 0x00000000
core   0: 0x80001d18 (0x3f5e9497) auipc   s1, 0x3f5e9
core   0: 3 0x80001d18 (0x3f5e9497) x 9 0xbf5ead18
core   0: 0x80001d1c (0x01b838b3) sltu    a7, a6, s11
core   0: 3 0x80001d1c (0x01b838b3) x17 0x00000001
core   0: 0x80001d20 (0xa9de4913) xori    s2, t3, -1379
core   0: 3 0x80001d20 (0xa9de4913) x18 0x4d4b4a9d
core   0: 0x80001d24 (0x01bf5333) srl     t1, t5, s11
core   0: 3 0x80001d24 (0x01bf5333) x 6 0x80014e64
core   0: 0x80001d28 (0x0216c533) div     a0, a3, ra
core   0: 3 0x80001d28 (0x0216c533) x10 0xf0800000
core   0: 0x80001d2c (0x01971693) slli    a3, a4, 25
core   0: 3 0x80001d2c (0x01971693) x13 0xc8000000
core   0: 0x80001d30 (0x0023bd33) sltu    s10, t2, sp
core   0: 3 0x80001d30 (0x0023bd33) x26 0x00000001
core   0: 0x80001d34 (0x02d4cb33) div     s6, s1, a3
core   0: 3 0x80001d34 (0x02d4cb33) x22 0x00000001
core   0: 0x80001d38 (0x44334c93) xori    s9, t1, 1091
core   0: 3 0x80001d38 (0x44334c93) x25 0x80014a27
core   0: 0x80001d3c (0x00e3b933) sltu    s2, t2, a4
core   0: 3 0x80001d3c (0x00e3b933) x18 0x00000001
core   0: 0x80001d40 (0x00000013) nop
core   0: 3 0x80001d40 (0x00000013)
core   0: 0x80001d44 (0x00248eb3) add     t4, s1, sp
core   0: 3 0x80001d44 (0x00248eb3) x29 0x3f5ffb7c
core   0: 0x80001d48 (0x40530233) sub     tp, t1, t0
core   0: 3 0x80001d48 (0x40530233) x 4 0x89bfe138
core   0: 0x80001d4c (0xf4682f13) slti    t5, a6, -186
core   0: 3 0x80001d4c (0xf4682f13) x30 0x00000001
core   0: 0x80001d50 (0x400b0e33) sub     t3, s6, zero
core   0: 3 0x80001d50 (0x400b0e33) x28 0x00000001
core   0: 0x80001d54 (0x03ceb633) mulhu   a2, t4, t3
core   0: 3 0x80001d54 (0x03ceb633) x12 0x00000000
core   0: 0x80001d58 (0x0127dc33) srl     s8, a5, s2
core   0: 3 0x80001d58 (0x0127dc33) x24 0x00000000
core   0: 0x80001d5c (0x03e58ab3) mul     s5, a1, t5
core   0: 3 0x80001d5c (0x03e58ab3) x21 0x000001ff
core   0: 0x80001d60 (0xc8d78b93) addi    s7, a5, -883
core   0: 3 0x80001d60 (0xc8d78b93) x23 0xfffffc8d
core   0: 0x80001d64 (0x03cc2433) mulhsu  s0, s8, t3
core   0: 3 0x80001d64 (0x03cc2433) x 8 0x00000000
core   0: 0x80001d68 (0xba6bb917) auipc   s2, 0xba6bb
core   0: 3 0x80001d68 (0xba6bb917) x18 0x3a6bcd68
core   0: 0x80001d6c (0x40915e33) sra     t3, sp, s1
core   0: 3 0x80001d6c (0x40915e33) x28 0xffffff80
core   0: 0x80001d70 (0x41bc0533) sub     a0, s8, s11
core   0: 3 0x80001d70 (0x41bc0533) x10 0x0fd60320
core   0: 0x80001d74 (0x01229b93) slli    s7, t0, 18
core   0: 3 0x80001d74 (0x01229b93) x23 0xb4b00000
core   0: 0x80001d78 (0x0054c197) auipc   gp, 0x54c
core   0: 3 0x80001d78 (0x0054c197) x 3 0x8054dd78
core   0: 0x80001d7c (0x026abbb3) mulhu   s7, s5, t1
core   0: 3 0x80001d7c (0x026abbb3) x23 0x000000ff
core   0: 0x80001d80 (0x410d89b3) sub     s3, s11, a6
core   0: 3 0x80001d80 (0x410d89b3) x19 0x70287218
core   0: 0x80001d84 (0x00b57ab7) lui     s5, 0xb57
core   0: 3 0x80001d84 (0x00b57ab7) x21 0x00b57000
core   0: 0x80001d88 (0x030c6033) rem     zero, s8, a6
core   0: 3 0x80001d88 (0x030c6033)
core   0: 0x80001d8c (0x0288e333) rem     t1, a7, s0
core   0: 3 0x80001d8c (0x0288e333) x 6 0x00000001
core   0: 0x80001d90 (0x016c6633) or      a2, s8, s6
core   0: 3 0x80001d90 (0x016c6633) x12 0x00000001
core   0: 0x80001d94 (0x02cf3db3) mulhu   s11, t5, a2
core   0: 3 0x80001d94 (0x02cf3db3) x27 0x00000000
core   0: 0x80001d98 (0x031196b3) mulh    a3, gp, a7
core   0: 3 0x80001d98 (0x031196b3) x13 0xffffffff
core   0: 0x80001d9c (0x41a753b3) sra     t2, a4, s10
core   0: 3 0x80001d9c (0x41a753b3) x 7 0xc000c672
core   0: 0x80001da0 (0x006aa3b3) slt     t2, s5, t1
core   0: 3 0x80001da0 (0x006aa3b3) x 7 0x00000000
core   0: 0x80001da4 (0x011a7333) and     t1, s4, a7
core   0: 3 0x80001da4 (0x011a7333) x 6 0x00000000
core   0: 0x80001da8 (0x00ef3933) sltu    s2, t5, a4
core   0: 3 0x80001da8 (0x00ef3933) x18 0x00000001
core   0: 0x80001dac (0x0169e513) ori     a0, s3, 22
core   0: 3 0x80001dac (0x0169e513) x10 0x7028721e
core   0: 0x80001db0 (0x0327b233) mulhu   tp, a5, s2
core   0: 3 0x80001db0 (0x0327b233) x 4 0x00000000
core   0: 0x80001db4 (0x01f9abb3) slt     s7, s3, t6
core   0: 3 0x80001db4 (0x01f9abb3) x23 0x00000000
core   0: 0x80001db8 (0x011d9a33) sll     s4, s11, a7
core   0: 3 0x80001db8 (0x011d9a33) x20 0x00000000
core   0: 0x80001dbc (0x003171b3) and     gp, sp, gp
core   0: 3 0x80001dbc (0x003171b3) x 3 0x80004c60
core   0: 0x80001dc0 (0x12c36213) ori     tp, t1, 300
core   0: 3 0x80001dc0 (0x12c36213) x 4 0x0000012c
core   0: 0x80001dc4 (0x00265933) srl     s2, a2, sp
core   0: 3 0x80001dc4 (0x00265933) x18 0x00000000
core   0: 0x80001dc8 (0x0156b333) sltu    t1, a3, s5
core   0: 3 0x80001dc8 (0x0156b333) x 6 0x00000000
core   0: 0x80001dcc (0x03ae9233) mulh    tp, t4, s10
core   0: 3 0x80001dcc (0x03ae9233) x 4 0x00000000
core   0: 0x80001dd0 (0x03346eb3) rem     t4, s0, s3
core   0: 3 0x80001dd0 (0x03346eb3) x29 0x00000000
core   0: 0x80001dd4 (0x001183b3) add     t2, gp, ra
core   0: 3 0x80001dd4 (0x001183b3) x 7 0x80004c5f
core   0: 0x80001dd8 (0x015cc6b3) xor     a3, s9, s5
core   0: 3 0x80001dd8 (0x015cc6b3) x13 0x80b43a27
core   0: 0x80001ddc (0x02844d33) div     s10, s0, s0
core   0: 3 0x80001ddc (0x02844d33) x26 0xffffffff
core   0: 0x80001de0 (0x03478e33) mul     t3, a5, s4
core   0: 3 0x80001de0 (0x03478e33) x28 0x00000000
core   0: 0x80001de4 (0x0011d893) srli    a7, gp, 1
core   0: 3 0x80001de4 (0x0011d893) x17 0x40002630
core   0: 0x80001de8 (0x02922ab3) mulhsu  s5, tp, s1
core   0: 3 0x80001de8 (0x02922ab3) x21 0x00000000
core   0: 0x80001dec (0x01f86233) or      tp, a6, t6
core   0: 3 0x80001dec (0x01f86233) x 4 0x80018ac8
core   0: 0x80001df0 (0x72ece813) ori     a6, s9, 1838
core   0: 3 0x80001df0 (0x72ece813) x16 0x80014f2f
core   0: 0x80001df4 (0x00d405b3) add     a1, s0, a3
core   0: 3 0x80001df4 (0x00d405b3) x11 0x80b43a27
core   0: 0x80001df8 (0x41c00933) sub     s2, zero, t3
core   0: 3 0x80001df8 (0x41c00933) x18 0x00000000
core   0: 0x80001dfc (0x9d313793) sltiu   a5, sp, -1581
core   0: 3 0x80001dfc (0x9d313793) x15 0x00000001
core   0: 0x80001e00 (0x4b7c7593) andi    a1, s8, 1207
core   0: 3 0x80001e00 (0x4b7c7593) x11 0x00000000
core   0: 0x80001e04 (0xc9fc8993) addi    s3, s9, -865
core   0: 3 0x80001e04 (0xc9fc8993) x19 0x800146c6
core   0: 0x80001e08 (0x03ffa333) mulhsu  t1, t6, t6
core   0: 3 0x80001e08 (0x03ffa333) x 6 0x00000000
core   0: 0x80001e0c (0x019f00b3) add     ra, t5, s9
core   0: 3 0x80001e0c (0x019f00b3) x 1 0x80014a28
core   0: 0x80001e10 (0x0390acb3) mulhsu  s9, ra, s9
core   0: 3 0x80001e10 (0x0390acb3) x25 0xc0000002
core   0: 0x80001e14 (0x0098b7b3) sltu    a5, a7, s1
core   0: 3 0x80001e14 (0x0098b7b3) x15 0x00000001
core   0: 0x80001e18 (0x0458f393) andi    t2, a7, 69
core   0: 3 0x80001e18 (0x0458f393) x 7 0x00000000
core   0: 0x80001e1c (0x0158aab3) slt     s5, a7, s5
core   0: 3 0x80001e1c (0x0158aab3) x21 0x00000000
core   0: 0x80001e20 (0x4e23ea13) ori     s4, t2, 1250
core   0: 3 0x80001e20 (0x4e23ea13) x20 0x000004e2
core   0: 0x80001e24 (0x030a9433) mulh    s0, s5, a6
core   0: 3 0x80001e24 (0x030a9433) x 8 0x00000000
core   0: 0x80001e28 (0x0688f893) andi    a7, a7, 104
core   0: 3 0x80001e28 (0x0688f893) x17 0x00000020
core   0: 0x80001e2c (0x02d3b5b3) mulhu   a1, t2, a3
core   0: 3 0x80001e2c (0x02d3b5b3) x11 0x00000000
core   0: 0x80001e30 (0x834f3017) auipc   zero, 0x834f3
core   0: 3 0x80001e30 (0x834f3017)
core   0: 0x80001e34 (0x03d7e3b3) rem     t2, a5, t4
core   0: 3 0x80001e34 (0x03d7e3b3) x 7 0x00000001
core   0: 0x80001e38 (0x1d97a393) slti    t2, a5, 473
core   0: 3 0x80001e38 (0x1d97a393) x 7 0x00000001
core   0: 0x80001e3c (0x2337a213) slti    tp, a5, 563
core   0: 3 0x80001e3c (0x2337a213) x 4 0x00000001
core   0: 0x80001e40 (0x02ff47b3) div     a5, t5, a5
core   0: 3 0x80001e40 (0x02ff47b3) x15 0x00000001
core   0: 0x80001e44 (0x030441b3) div     gp, s0, a6
core   0: 3 0x80001e44 (0x030441b3) x 3 0x00000000
core   0: 0x80001e48 (0x41248533) sub     a0, s1, s2
core   0: 3 0x80001e48 (0x41248533) x10 0xbf5ead18
core   0: 0x80001e4c (0x0021f033) and     zero, gp, sp
core   0: 3 0x80001e4c (0x0021f033)
core   0: 0x80001e50 (0x0279bbb3) mulhu   s7, s3, t2
core   0: 3 0x80001e50 (0x0279bbb3) x23 0x00000000
core   0: 0x80001e54 (0x00cf7fb3) and     t6, t5, a2
core   0: 3 0x80001e54 (0x00cf7fb3) x31 0x00000001
core   0: 0x80001e58 (0x01e1a3b3) slt     t2, gp, t5
core   0: 3 0x80001e58 (0x01e1a3b3) x 7 0x00000001
core   0: 0x80001e5c (0x08c7ee93) ori     t4, a5, 140
core   0: 3 0x80001e5c (0x08c7ee93) x29 0x0000008d
core   0: 0x80001e60 (0x4044deb3) sra     t4, s1, tp
core   0: 3 0x80001e60 (0x4044deb3) x29 0xdfaf568c
core   0: 0x80001e64 (0x006560b3) or      ra, a0, t1
core   0: 3 0x80001e64 (0x006560b3) x 1 0xbf5ead18
core   0: 0x80001e68 (0x009520b3) slt     ra, a0, s1
core   0: 3 0x80001e68 (0x009520b3) x 1 0x00000000
core   0: 0x80001e6c (0x01c2d813) srli    a6, t0, 28
core   0: 3 0x80001e6c (0x01c2d813) x16 0x0000000f
core   0: 0x80001e70 (0x40c2d0b3) sra     ra, t0, a2
core   0: 3 0x80001e70 (0x40c2d0b3) x 1 0xfb20b696
core   0: 0x80001e74 (0x00000013) nop
core   0: 3 0x80001e74 (0x00000013)
core   0: 0x80001e78 (0x0226adb3) mulhsu  s11, a3, sp
core   0: 3 0x80001e78 (0x0226adb3) x27 0xc05976cc
core   0: 0x80001e7c (0x00000013) nop
core   0: 3 0x80001e7c (0x00000013)
core   0: 0x80001e80 (0x2fc9a313) slti    t1, s3, 764
core   0: 3 0x80001e80 (0x2fc9a313) x 6 0x00000001
core   0: 0x80001e84 (0x01d41233) sll     tp, s0, t4
core   0: 3 0x80001e84 (0x01d41233) x 4 0x00000000
core   0: 0x80001e88 (0x4099d7b3) sra     a5, s3, s1
core   0: 3 0x80001e88 (0x4099d7b3) x15 0xffffff80
core   0: 0x80001e8c (0xeb830d17) auipc   s10, 0xeb830
core   0: 3 0x80001e8c (0xeb830d17) x26 0x6b831e8c
core   0: 0x80001e90 (0x415b5993) srai    s3, s6, 21
core   0: 3 0x80001e90 (0x415b5993) x19 0x00000000
core   0: 0x80001e94 (0x016a57b3) srl     a5, s4, s6
core   0: 3 0x80001e94 (0x016a57b3) x15 0x00000271
core   0: 0x80001e98 (0xafa02937) lui     s2, 0xafa02
core   0: 3 0x80001e98 (0xafa02937) x18 0xafa02000
core   0: 0x80001e9c (0x003861b3) or      gp, a6, gp
core   0: 3 0x80001e9c (0x003861b3) x 3 0x0000000f
core   0: 0x80001ea0 (0xf603de17) auipc   t3, 0xf603d
core   0: 3 0x80001ea0 (0xf603de17) x28 0x7603eea0
core   0: 0x80001ea4 (0x41955833) sra     a6, a0, s9
core   0: 3 0x80001ea4 (0x41955833) x16 0xefd7ab46
core   0: 0x80001ea8 (0x0119da33) srl     s4, s3, a7
core   0: 3 0x80001ea8 (0x0119da33) x20 0x00000000
core   0: 0x80001eac (0x0258ed33) rem     s10, a7, t0
core   0: 3 0x80001eac (0x0258ed33) x26 0x00000020
core   0: 0x80001eb0 (0x01b5eab3) or      s5, a1, s11
core   0: 3 0x80001eb0 (0x01b5eab3) x21 0xc05976cc
core   0: 0x80001eb4 (0x01fa3533) sltu    a0, s4, t6
core   0: 3 0x80001eb4 (0x01fa3533) x10 0x00000001
core   0: 0x80001eb8 (0x86cf7b13) andi    s6, t5, -1940
core   0: 3 0x80001eb8 (0x86cf7b13) x22 0x00000000
core   0: 0x80001ebc (0x01d01bb3) sll     s7, zero, t4
core   0: 3 0x80001ebc (0x01d01bb3) x23 0x00000000
core   0: 0x80001ec0 (0x039cd0b3) divu    ra, s9, s9
core   0: 3 0x80001ec0 (0x039cd0b3) x 1 0x00000001
core   0: 0x80001ec4 (0x0071e833) or      a6, gp, t2
core   0: 3 0x80001ec4 (0x0071e833) x16 0x0000000f
core   0: 0x80001ec8 (0x40f55633) sra     a2, a0, a5
core   0: 3 0x80001ec8 (0x40f55633) x12 0x00000000
core   0: 0x80001ecc (0x43247e97) auipc   t4, 0x43247
core   0: 3 0x80001ecc (0x43247e97) x29 0xc3248ecc
core   0: 0x80001ed0 (0x002fabb3) slt     s7, t6, sp
core   0: 3 0x80001ed0 (0x002fabb3) x23 0x00000000
core   0: 0x80001ed4 (0x003c5633) srl     a2, s8, gp
core   0: 3 0x80001ed4 (0x003c5633) x12 0x00000000
core   0: 0x80001ed8 (0x02c8be33) mulhu   t3, a7, a2
core   0: 3 0x80001ed8 (0x02c8be33) x28 0x00000000
core   0: 0x80001edc (0x03b74533) div     a0, a4, s11
core   0: 3 0x80001edc (0x03b74533) x10 0x00000002
core   0: 0x80001ee0 (0x0012df33) srl     t5, t0, ra
core   0: 3 0x80001ee0 (0x0012df33) x30 0x7b20b696
core   0: 0x80001ee4 (0x40328ab3) sub     s5, t0, gp
core   0: 3 0x80001ee4 (0x40328ab3) x21 0xf6416d1d
core   0: 0x80001ee8 (0x0155bc33) sltu    s8, a1, s5
core   0: 3 0x80001ee8 (0x0155bc33) x24 0x00000001
core   0: 0x80001eec (0x00d21493) slli    s1, tp, 13
core   0: 3 0x80001eec (0x00d21493) x 9 0x00000000
core   0: 0x80001ef0 (0x006ae333) or      t1, s5, t1
core   0: 3 0x80001ef0 (0x006ae333) x 6 0xf6416d1d
core   0: 0x80001ef4 (0x00812333) slt     t1, sp, s0
core   0: 3 0x80001ef4 (0x00812333) x 6 0x00000001
core   0: 0x80001ef8 (0x01a77a33) and     s4, a4, s10
core   0: 3 0x80001ef8 (0x01a77a33) x20 0x00000020
core   0: 0x80001efc (0x0232af33) mulhsu  t5, t0, gp
core   0: 3 0x80001efc (0x0232af33) x30 0xffffffff
core   0: 0x80001f00 (0x00329013) slli    zero, t0, 3
core   0: 3 0x80001f00 (0x00329013)
core   0: 0x80001f04 (0x00008eb3) add     t4, ra, zero
core   0: 3 0x80001f04 (0x00008eb3) x29 0x00000001
core   0: 0x80001f08 (0x02f1b3b3) mulhu   t2, gp, a5
core   0: 3 0x80001f08 (0x02f1b3b3) x 7 0x00000000
core   0: 0x80001f0c (0x00a60eb3) add     t4, a2, a0
core   0: 3 0x80001f0c (0x00a60eb3) x29 0x00000002
core   0: 0x80001f10 (0x03c6aab3) mulhsu  s5, a3, t3
core   0: 3 0x80001f10 (0x03c6aab3) x21 0x00000000
core   0: 0x80001f14 (0x0131b533) sltu    a0, gp, s3
core   0: 3 0x80001f14 (0x0131b533) x10 0x00000000
core   0: 0x80001f18 (0x03244eb3) div     t4, s0, s2
core   0: 3 0x80001f18 (0x03244eb3) x29 0x00000000
core   0: 0x80001f1c (0x01ead213) srli    tp, s5, 30
core   0: 3 0x80001f1c (0x01ead213) x 4 0x00000000
core   0: 0x80001f20 (0x019f1eb3) sll     t4, t5, s9
core   0: 3 0x80001f20 (0x019f1eb3) x29 0xfffffffc
core   0: 0x80001f24 (0xfcd36637) lui     a2, 0xfcd36
core   0: 3 0x80001f24 (0xfcd36637) x12 0xfcd36000
core   0: 0x80001f28 (0x03c08c33) mul     s8, ra, t3
core   0: 3 0x80001f28 (0x03c08c33) x24 0x00000000
core   0: 0x80001f2c (0x032becb3) rem     s9, s7, s2
core   0: 3 0x80001f2c (0x032becb3) x25 0x00000000
core   0: 0x80001f30 (0x00bb1913) slli    s2, s6, 11
core   0: 3 0x80001f30 (0x00bb1913) x18 0x00000000
core   0: 0x80001f34 (0x039f2333) mulhsu  t1, t5, s9
core   0: 3 0x80001f34 (0x039f2333) x 6 0x00000000
core   0: 0x80001f38 (0x0166dab3) srl     s5, a3, s6
core   0: 3 0x80001f38 (0x0166dab3) x21 0x80b43a27
core   0: 0x80001f3c (0x59fd6c13) ori     s8, s10, 1439
core   0: 3 0x80001f3c (0x59fd6c13) x24 0x000005bf
core   0: 0x80001f40 (0x01951a93) slli    s5, a0, 25
core   0: 3 0x80001f40 (0x01951a93) x21 0x00000000
core   0: 0x80001f44 (0x001abbb3) sltu    s7, s5, ra
core   0: 3 0x80001f44 (0x001abbb3) x23 0x00000001
core   0: 0x80001f48 (0x40128ab3) sub     s5, t0, ra
core   0: 3 0x80001f48 (0x40128ab3) x21 0xf6416d2b
core   0: 0x80001f4c (0xfa76d897) auipc   a7, 0xfa76d
core   0: 3 0x80001f4c (0xfa76d897) x17 0x7a76ef4c
core   0: 0x80001f50 (0x0308c0b3) div     ra, a7, a6
core   0: 3 0x80001f50 (0x0308c0b3) x 1 0x082a0ff4
core   0: 0x80001f54 (0x00991493) slli    s1, s2, 9
core   0: 3 0x80001f54 (0x00991493) x 9 0x00000000
core   0: 0x80001f58 (0x01dfeab3) or      s5, t6, t4
core   0: 3 0x80001f58 (0x01dfeab3) x21 0xfffffffd
core   0: 0x80001f5c (0x02a0b4b3) mulhu   s1, ra, a0
core   0: 3 0x80001f5c (0x02a0b4b3) x 9 0x00000000
core   0: 0x80001f60 (0x00000013) nop
core   0: 3 0x80001f60 (0x00000013)
core   0: 0x80001f64 (0x011bdf13) srli    t5, s7, 17
core   0: 3 0x80001f64 (0x011bdf13) x30 0x00000000
core   0: 0x80001f68 (0x019e0233) add     tp, t3, s9
core   0: 3 0x80001f68 (0x019e0233) x 4 0x00000000
core   0: 0x80001f6c (0x7c4e2f93) slti    t6, t3, 1988
core   0: 3 0x80001f6c (0x7c4e2f93) x31 0x00000001
core   0: 0x80001f70 (0x00000013) nop
core   0: 3 0x80001f70 (0x00000013)
core   0: 0x80001f74 (0x032428b3) mulhsu  a7, s0, s2
core   0: 3 0x80001f74 (0x032428b3) x17 0x00000000
core   0: 0x80001f78 (0x03e94033) div     zero, s2, t5
core   0: 3 0x80001f78 (0x03e94033)
core   0: 0x80001f7c (0xd640a393) slti    t2, ra, -668
core   0: 3 0x80001f7c (0xd640a393) x 7 0x00000000
core   0: 0x80001f80 (0x407705b3) sub     a1, a4, t2
core   0: 3 0x80001f80 (0x407705b3) x11 0x80018ce4
core   0: 0x80001f84 (0x40bf5393) srai    t2, t5, 11
core   0: 3 0x80001f84 (0x40bf5393) x 7 0x00000000
core   0: 0x80001f88 (0x02ba6bb3) rem     s7, s4, a1
core   0: 3 0x80001f88 (0x02ba6bb3) x23 0x00000020
core   0: 0x80001f8c (0x0b0c8913) addi    s2, s9, 176
core   0: 3 0x80001f8c (0x0b0c8913) x18 0x000000b0
core   0: 0x80001f90 (0x53d02b13) slti    s6, zero, 1341
core   0: 3 0x80001f90 (0x53d02b13) x22 0x00000001
core   0: 0x80001f94 (0x41835633) sra     a2, t1, s8
core   0: 3 0x80001f94 (0x41835633) x12 0x00000000
core   0: 0x80001f98 (0xcedfef13) ori     t5, t6, -787
core   0: 3 0x80001f98 (0xcedfef13) x30 0xfffffced
core   0: 0x80001f9c (0x003be9b3) or      s3, s7, gp
core   0: 3 0x80001f9c (0x003be9b3) x19 0x0000002f
core   0: 0x80001fa0 (0x00b927b3) slt     a5, s2, a1
core   0: 3 0x80001fa0 (0x00b927b3) x15 0x00000000
core   0: 0x80001fa4 (0x00000013) nop
core   0: 3 0x80001fa4 (0x00000013)
core   0: 0x80001fa8 (0x013aedb3) or      s11, s5, s3
core   0: 3 0x80001fa8 (0x013aedb3) x27 0xffffffff
core   0: 0x80001fac (0xec0af793) andi    a5, s5, -320
core   0: 3 0x80001fac (0xec0af793) x15 0xfffffec0
core   0: 0x80001fb0 (0x00846033) or      zero, s0, s0
core   0: 3 0x80001fb0 (0x00846033)
core   0: 0x80001fb4 (0x006cccb3) xor     s9, s9, t1
core   0: 3 0x80001fb4 (0x006cccb3) x25 0x00000000
core   0: 0x80001fb8 (0x033e71b3) remu    gp, t3, s3
core   0: 3 0x80001fb8 (0x033e71b3) x 3 0x00000000
core   0: 0x80001fbc (0x021d2233) mulhsu  tp, s10, ra
core   0: 3 0x80001fbc (0x021d2233) x 4 0x00000001
core   0: 0x80001fc0 (0x2369ba93) sltiu   s5, s3, 566
core   0: 3 0x80001fc0 (0x2369ba93) x21 0x00000001
core   0: 0x80001fc4 (0x00b87f33) and     t5, a6, a1
core   0: 3 0x80001fc4 (0x00b87f33) x30 0x00000004
core   0: 0x80001fc8 (0x01822b33) slt     s6, tp, s8
core   0: 3 0x80001fc8 (0x01822b33) x22 0x00000001
core   0: 0x80001fcc (0xb5d67093) andi    ra, a2, -1187
core   0: 3 0x80001fcc (0xb5d67093) x 1 0x00000000
core   0: 0x80001fd0 (0x0334f8b3) remu    a7, s1, s3
core   0: 3 0x80001fd0 (0x0334f8b3) x17 0x00000000
core   0: 0x80001fd4 (0x97fb7f13) andi    t5, s6, -1665
core   0: 3 0x80001fd4 (0x97fb7f13) x30 0x00000001
core   0: 0x80001fd8 (0xdaefeb93) ori     s7, t6, -594
core   0: 3 0x80001fd8 (0xdaefeb93) x23 0xfffffdaf
core   0: 0x80001fdc (0x6cb18f37) lui     t5, 0x6cb18
core   0: 3 0x80001fdc (0x6cb18f37) x30 0x6cb18000
core   0: 0x80001fe0 (0x02a0ff33) remu    t5, ra, a0
core   0: 3 0x80001fe0 (0x02a0ff33) x30 0x00000000
core   0: 0x80001fe4 (0x02b7bbb3) mulhu   s7, a5, a1
core   0: 3 0x80001fe4 (0x02b7bbb3) x23 0x80018c43
core   0: 0x80001fe8 (0x41360db3) sub     s11, a2, s3
core   0: 3 0x80001fe8 (0x41360db3) x27 0xffffffd1
core   0: 0x80001fec (0x01162933) slt     s2, a2, a7
core   0: 3 0x80001fec (0x01162933) x18 0x00000000
core   0: 0x80001ff0 (0x416e5233) sra     tp, t3, s6
core   0: 3 0x80001ff0 (0x416e5233) x 4 0x00000000
core   0: 0x80001ff4 (0x03c21fb3) mulh    t6, tp, t3
core   0: 3 0x80001ff4 (0x03c21fb3) x31 0x00000000
core   0: 0x80001ff8 (0x5e36a813) slti    a6, a3, 1507
core   0: 3 0x80001ff8 (0x5e36a813) x16 0x00000001
core   0: 0x80001ffc (0x01049633) sll     a2, s1, a6
core   0: 3 0x80001ffc (0x01049633) x12 0x00000000
core   0: 0x80002000 (0x78ce6493) ori     s1, t3, 1932
core   0: 3 0x80002000 (0x78ce6493) x 9 0x0000078c
core   0: 0x80002004 (0x010999b3) sll     s3, s3, a6
core   0: 3 0x80002004 (0x010999b3) x19 0x0000005e
core   0: 0x80002008 (0x0260bb33) mulhu   s6, ra, t1
core   0: 3 0x80002008 (0x0260bb33) x22 0x00000000
core   0: 0x8000200c (0x4137db13) srai    s6, a5, 19
core   0: 3 0x8000200c (0x4137db13) x22 0xffffffff
core   0: 0x80002010 (0x39283b93) sltiu   s7, a6, 914
core   0: 3 0x80002010 (0x39283b93) x23 0x00000001
core   0: 0x80002014 (0x01e31233) sll     tp, t1, t5
core   0: 3 0x80002014 (0x01e31233) x 4 0x00000000
core   0: 0x80002018 (0x00000013) nop
core   0: 3 0x80002018 (0x00000013)
core   0: 0x8000201c (0x00efdd93) srli    s11, t6, 14
core   0: 3 0x8000201c (0x00efdd93) x27 0x00000000
core   0: 0x80002020 (0x372e3a13) sltiu   s4, t3, 882
core   0: 3 0x80002020 (0x372e3a13) x20 0x00000001
core   0: 0x80002024 (0x413fdd33) sra     s10, t6, s3
core   0: 3 0x80002024 (0x413fdd33) x26 0x00000000
core   0: 0x80002028 (0x011b60b3) or      ra, s6, a7
core   0: 3 0x80002028 (0x011b60b3) x 1 0xffffffff
core   0: 0x8000202c (0x00922e33) slt     t3, tp, s1
core   0: 3 0x8000202c (0x00922e33) x28 0x00000001
core   0: 0x80002030 (0x0091d813) srli    a6, gp, 9
core   0: 3 0x80002030 (0x0091d813) x16 0x00000000
core   0: 0x80002034 (0x79136313) ori     t1, t1, 1937
core   0: 3 0x80002034 (0x79136313) x 6 0x00000791
core   0: 0x80002038 (0x01ebd413) srli    s0, s7, 30
core   0: 3 0x80002038 (0x01ebd413) x 8 0x00000000
core   0: 0x8000203c (0x00379d33) sll     s10, a5, gp
core   0: 3 0x8000203c (0x00379d33) x26 0xfffffec0
core   0: 0x80002040 (0x1026e393) ori     t2, a3, 258
core   0: 3 0x80002040 (0x1026e393) x 7 0x80b43b27
core   0: 0x80002044 (0x404eda13) srai    s4, t4, 4
core   0: 3 0x80002044 (0x404eda13) x20 0xffffffff
core   0: 0x80002048 (0x00d7eb33) or      s6, a5, a3
core   0: 3 0x80002048 (0x00d7eb33) x22 0xfffffee7
core   0: 0x8000204c (0x00984b33) xor     s6, a6, s1
core   0: 3 0x8000204c (0x00984b33) x22 0x0000078c
core   0: 0x80002050 (0x8de77d13) andi    s10, a4, -1826
core   0: 3 0x80002050 (0x8de77d13) x26 0x800188c4
core   0: 0x80002054 (0x00f8f0b3) and     ra, a7, a5
core   0: 3 0x80002054 (0x00f8f0b3) x 1 0x00000000
core   0: 0x80002058 (0x021185b3) mul     a1, gp, ra
core   0: 3 0x80002058 (0x021185b3) x11 0x00000000
core   0: 0x8000205c (0x021d46b3) div     a3, s10, ra
core   0: 3 0x8000205c (0x021d46b3) x13 0xffffffff
core   0: 0x80002060 (0x00e577b3) and     a5, a0, a4
core   0: 3 0x80002060 (0x00e577b3) x15 0x00000000
core   0: 0x80002064 (0x0156bc33) sltu    s8, a3, s5
core   0: 3 0x80002064 (0x0156bc33) x24 0x00000000
core   0: 0x80002068 (0x0088e933) or      s2, a7, s0
core   0: 3 0x80002068 (0x0088e933) x18 0x00000000
core   0: 0x8000206c (0x7277e213) ori     tp, a5, 1831
core   0: 3 0x8000206c (0x7277e213) x 4 0x00000727
core   0: 0x80002070 (0x02af21b3) mulhsu  gp, t5, a0
core   0: 3 0x80002070 (0x02af21b3) x 3 0x00000000
core   0: 0x80002074 (0x4187d213) srai    tp, a5, 24
core   0: 3 0x80002074 (0x4187d213) x 4 0x00000000
core   0: 0x80002078 (0x03b3bc33) mulhu   s8, t2, s11
core   0: 3 0x80002078 (0x03b3bc33) x24 0x00000000
core   0: 0x8000207c (0x011e3b33) sltu    s6, t3, a7
core   0: 3 0x8000207c (0x011e3b33) x22 0x00000000
core   0: 0x80002080 (0x01e535b3) sltu    a1, a0, t5
core   0: 3 0x80002080 (0x01e535b3) x11 0x00000000
core   0: 0x80002084 (0xd1b480b7) lui     ra, 0xd1b48
core   0: 3 0x80002084 (0xd1b480b7) x 1 0xd1b48000
core   0: 0x80002088 (0xa98b9c97) auipc   s9, 0xa98b9
core   0: 3 0x80002088 (0xa98b9c97) x25 0x298bb088
core   0: 0x8000208c (0xfd403313) sltiu   t1, zero, -44
core   0: 3 0x8000208c (0xfd403313) x 6 0x00000001
core   0: 0x80002090 (0x008d57b3) srl     a5, s10, s0
core   0: 3 0x80002090 (0x008d57b3) x15 0x800188c4
core   0: 0x80002094 (0x410d8833) sub     a6, s11, a6
core   0: 3 0x80002094 (0x410d8833) x16 0x00000000
core   0: 0x80002098 (0x012204b3) add     s1, tp, s2
core   0: 3 0x80002098 (0x012204b3) x 9 0x00000000
core   0: 0x8000209c (0xafd47693) andi    a3, s0, -1283
core   0: 3 0x8000209c (0xafd47693) x13 0x00000000
core   0: 0x800020a0 (0x03222b33) mulhsu  s6, tp, s2
core   0: 3 0x800020a0 (0x03222b33) x22 0x00000000
core   0: 0x800020a4 (0x02812233) mulhsu  tp, sp, s0
core   0: 3 0x800020a4 (0x02812233) x 4 0x00000000
core   0: 0x800020a8 (0x01471793) slli    a5, a4, 20
core   0: 3 0x800020a8 (0x01471793) x15 0xce400000
core   0: 0x800020ac (0x03d676b3) remu    a3, a2, t4
core   0: 3 0x800020ac (0x03d676b3) x13 0x00000000
core   0: 0x800020b0 (0x0316a933) mulhsu  s2, a3, a7
core   0: 3 0x800020b0 (0x0316a933) x18 0x00000000
core   0: 0x800020b4 (0x4082dab3) sra     s5, t0, s0
core   0: 3 0x800020b4 (0x4082dab3) x21 0xf6416d2c
core   0: 0x800020b8 (0xd3865617) auipc   a2, 0xd3865
core   0: 3 0x800020b8 (0xd3865617) x12 0x538670b8
core   0: 0x800020bc (0x009db7b3) sltu    a5, s11, s1
core   0: 3 0x800020bc (0x009db7b3) x15 0x00000000
core   0: 0x800020c0 (0x00735e93) srli    t4, t1, 7
core   0: 3 0x800020c0 (0x00735e93) x29 0x00000000
core   0: 0x800020c4 (0x5d998b13) addi    s6, s3, 1497
core   0: 3 0x800020c4 (0x5d998b13) x22 0x00000637
core   0: 0x800020c8 (0x34cade17) auipc   t3, 0x34cad
core   0: 3 0x800020c8 (0x34cade17) x28 0xb4caf0c8
core   0: 0x800020cc (0x082dc793) xori    a5, s11, 130
core   0: 3 0x800020cc (0x082dc793) x15 0x00000082
core   0: 0x800020d0 (0x01220eb3) add     t4, tp, s2
core   0: 3 0x800020d0 (0x01220eb3) x29 0x00000000
core   0: 0x800020d4 (0x028d43b3) div     t2, s10, s0
core   0: 3 0x800020d4 (0x028d43b3) x 7 0xffffffff
core   0: 0x800020d8 (0x29643513) sltiu   a0, s0, 662
core   0: 3 0x800020d8 (0x29643513) x10 0x00000001
core   0: 0x800020dc (0xe9473d93) sltiu   s11, a4, -364
core   0: 3 0x800020dc (0xe9473d93) x27 0x00000001
core   0: 0x800020e0 (0x0020dc13) srli    s8, ra, 2
core   0: 3 0x800020e0 (0x0020dc13) x24 0x346d2000
core   0: 0x800020e4 (0x00922e33) slt     t3, tp, s1
core   0: 3 0x800020e4 (0x00922e33) x28 0x00000000
core   0: 0x800020e8 (0x9a047093) andi    ra, s0, -1632
core   0: 3 0x800020e8 (0x9a047093) x 1 0x00000000
core   0: 0x800020ec (0x017b5393) srli    t2, s6, 23
core   0: 3 0x800020ec (0x017b5393) x 7 0x00000000
core   0: 0x800020f0 (0x010bdc33) srl     s8, s7, a6
core   0: 3 0x800020f0 (0x010bdc33) x24 0x00000001
core   0: 0x800020f4 (0x13020793) addi    a5, tp, 304
core   0: 3 0x800020f4 (0x13020793) x15 0x00000130
core   0: 0x800020f8 (0x0293e033) rem     zero, t2, s1
core   0: 3 0x800020f8 (0x0293e033)
core   0: 0x800020fc (0x01179db3) sll     s11, a5, a7
core   0: 3 0x800020fc (0x01179db3) x27 0x00000130
core   0: 0x80002100 (0x0b6dcb93) xori    s7, s11, 182
core   0: 3 0x80002100 (0x0b6dcb93) x23 0x00000186
core   0: 0x80002104 (0x00bb99b3) sll     s3, s7, a1
core   0: 3 0x80002104 (0x00bb99b3) x19 0x00000186
core   0: 0x80002108 (0x00cee1b3) or      gp, t4, a2
core   0: 3 0x80002108 (0x00cee1b3) x 3 0x538670b8
core   0: 0x8000210c (0x032281b3) mul     gp, t0, s2
core   0: 3 0x8000210c (0x032281b3) x 3 0x00000000
core   0: 0x80002110 (0x88021397) auipc   t2, 0x88021
core   0: 3 0x80002110 (0x88021397) x 7 0x08023110
core   0: 0x80002114 (0x00cd5b33) srl     s6, s10, a2
core   0: 3 0x80002114 (0x00cd5b33) x22 0x00000080
core   0: 0x80002118 (0xcadce337) lui     t1, 0xcadce
core   0: 3 0x80002118 (0xcadce337) x 6 0xcadce000
core   0: 0x8000211c (0x027baa33) mulhsu  s4, s7, t2
core   0: 3 0x8000211c (0x027baa33) x20 0x0000000c
core   0: 0x80002120 (0x01df37b3) sltu    a5, t5, t4
core   0: 3 0x80002120 (0x01df37b3) x15 0x00000000
core   0: 0x80002124 (0xe6663337) lui     t1, 0xe6663
core   0: 3 0x80002124 (0xe6663337) x 6 0xe6663000
core   0: 0x80002128 (0x41980a33) sub     s4, a6, s9
core   0: 3 0x80002128 (0x41980a33) x20 0xd6744f78
core   0: 0x8000212c (0x006dcf33) xor     t5, s11, t1
core   0: 3 0x8000212c (0x006dcf33) x30 0xe6663130
core   0: 0x80002130 (0x00b3b433) sltu    s0, t2, a1
core   0: 3 0x80002130 (0x00b3b433) x 8 0x00000000
core   0: 0x80002134 (0x41d48db3) sub     s11, s1, t4
core   0: 3 0x80002134 (0x41d48db3) x27 0x00000000
core   0: 0x80002138 (0x02d0f5b3) remu    a1, ra, a3
core   0: 3 0x80002138 (0x02d0f5b3) x11 0x00000000
core   0: 0x8000213c (0x02fb4e33) div     t3, s6, a5
core   0: 3 0x8000213c (0x02fb4e33) x28 0xffffffff
core   0: 0x80002140 (0x021dd033) divu    zero, s11, ra
core   0: 3 0x80002140 (0x021dd033)
core   0: 0x80002144 (0x026fc1b3) div     gp, t6, t1
core   0: 3 0x80002144 (0x026fc1b3) x 3 0x00000000
core   0: 0x80002148 (0x00442533) slt     a0, s0, tp
core   0: 3 0x80002148 (0x00442533) x10 0x00000000
core   0: 0x8000214c (0x03ccc8b3) div     a7, s9, t3
core   0: 3 0x8000214c (0x03ccc8b3) x17 0xd6744f78
core   0: 0x80002150 (0x00b70fb3) add     t6, a4, a1
core   0: 3 0x80002150 (0x00b70fb3) x31 0x80018ce4
core   0: 0x80002154 (0xf8f6b493) sltiu   s1, a3, -113
core   0: 3 0x80002154 (0xf8f6b493) x 9 0x00000001
core   0: 0x80002158 (0x0034c933) xor     s2, s1, gp
core   0: 3 0x80002158 (0x0034c933) x18 0x00000001
core   0: 0x8000215c (0x021941b3) div     gp, s2, ra
core   0: 3 0x8000215c (0x021941b3) x 3 0xffffffff
core   0: 0x80002160 (0x00392fb3) slt     t6, s2, gp
core   0: 3 0x80002160 (0x00392fb3) x31 0x00000000
core   0: 0x80002164 (0x00000013) nop
core   0: 3 0x80002164 (0x00000013)
core   0: 0x80002168 (0x419fd313) srai    t1, t6, 25
core   0: 3 0x80002168 (0x419fd313) x 6 0x00000000
core   0: 0x8000216c (0x035617b3) mulh    a5, a2, s5
core   0: 3 0x8000216c (0x035617b3) x15 0xfcd2185a
core   0: 0x80002170 (0x03f4f333) remu    t1, s1, t6
core   0: 3 0x80002170 (0x03f4f333) x 6 0x00000001
core   0: 0x80002174 (0x00e46633) or      a2, s0, a4
core   0: 3 0x80002174 (0x00e46633) x12 0x80018ce4
core   0: 0x80002178 (0x00e31593) slli    a1, t1, 14
core   0: 3 0x80002178 (0x00e31593) x11 0x00004000
core   0: 0x8000217c (0x0283a4b3) mulhsu  s1, t2, s0
core   0: 3 0x8000217c (0x0283a4b3) x 9 0x00000000
core   0: 0x80002180 (0x0264e4b3) rem     s1, s1, t1
core   0: 3 0x80002180 (0x0264e4b3) x 9 0x00000000
core   0: 0x80002184 (0x01c89593) slli    a1, a7, 28
core   0: 3 0x80002184 (0x01c89593) x11 0x80000000
core   0: 0x80002188 (0x12aa2d97) auipc   s11, 0x12aa2
core   0: 3 0x80002188 (0x12aa2d97) x27 0x92aa4188
core   0: 0x8000218c (0xc57aec13) ori     s8, s5, -937
core   0: 3 0x8000218c (0xc57aec13) x24 0xfffffd7f
core   0: 0x80002190 (0x016e8db3) add     s11, t4, s6
core   0: 3 0x80002190 (0x016e8db3) x27 0x00000080
core   0: 0x80002194 (0x01420533) add     a0, tp, s4
core   0: 3 0x80002194 (0x01420533) x10 0xd6744f78
core   0: 0x80002198 (0xc0d9ee13) ori     t3, s3, -1011
core   0: 3 0x80002198 (0xc0d9ee13) x28 0xfffffd8f
core   0: 0x8000219c (0x004411b3) sll     gp, s0, tp
core   0: 3 0x8000219c (0x004411b3) x 3 0x00000000
core   0: 0x800021a0 (0x004c7433) and     s0, s8, tp
core   0: 3 0x800021a0 (0x004c7433) x 8 0x00000000
core   0: 0x800021a4 (0x53703db7) lui     s11, 0x53703
core   0: 3 0x800021a4 (0x53703db7) x27 0x53703000
core   0: 0x800021a8 (0x6a00e3b7) lui     t2, 0x6a00e
core   0: 3 0x800021a8 (0x6a00e3b7) x 7 0x6a00e000
core   0: 0x800021ac (0x15588493) addi    s1, a7, 341
core   0: 3 0x800021ac (0x15588493) x 9 0xd67450cd
core   0: 0x800021b0 (0xb8cdb4b7) lui     s1, 0xb8cdb
core   0: 3 0x800021b0 (0xb8cdb4b7) x 9 0xb8cdb000
core   0: 0x800021b4 (0x7a2fc593) xori    a1, t6, 1954
core   0: 3 0x800021b4 (0x7a2fc593) x11 0x000007a2
core   0: 0x800021b8 (0x025de7b3) rem     a5, s11, t0
core   0: 3 0x800021b8 (0x025de7b3) x15 0x057b9960
core   0: 0x800021bc (0x0556bb37) lui     s6, 0x556b
core   0: 3 0x800021bc (0x0556bb37) x22 0x0556b000
core   0: 0x800021c0 (0x5877e313) ori     t1, a5, 1415
core   0: 3 0x800021c0 (0x5877e313) x 6 0x057b9de7
core   0: 0x800021c4 (0x02f42ab3) mulhsu  s5, s0, a5
core   0: 3 0x800021c4 (0x02f42ab3) x21 0x00000000
core   0: 0x800021c8 (0x69448313) addi    t1, s1, 1684
core   0: 3 0x800021c8 (0x69448313) x 6 0xb8cdb694
core   0: 0x800021cc (0x03e1e833) rem     a6, gp, t5
core   0: 3 0x800021cc (0x03e1e833) x16 0x00000000
core   0: 0x800021d0 (0xbd9db013) sltiu   zero, s11, -1063
core   0: 3 0x800021d0 (0xbd9db013)
core   0: 0x800021d4 (0x1408fd93) andi    s11, a7, 320
core   0: 3 0x800021d4 (0x1408fd93) x27 0x00000140
core   0: 0x800021d8 (0x000c9933) sll     s2, s9, zero
core   0: 3 0x800021d8 (0x000c9933) x18 0x298bb088
core   0: 0x800021dc (0x009feab3) or      s5, t6, s1
core   0: 3 0x800021dc (0x009feab3) x21 0xb8cdb000
core   0: 0x800021e0 (0x020f97b3) mulh    a5, t6, zero
core   0: 3 0x800021e0 (0x020f97b3) x15 0x00000000
core   0: 0x800021e4 (0x00ef4233) xor     tp, t5, a4
core   0: 3 0x800021e4 (0x00ef4233) x 4 0x6667bdd4
core   0: 0x800021e8 (0x409d5433) sra     s0, s10, s1
core   0: 3 0x800021e8 (0x409d5433) x 8 0x800188c4
core   0: 0x800021ec (0x41c5d613) srai    a2, a1, 28
core   0: 3 0x800021ec (0x41c5d613) x12 0x00000000
core   0: 0x800021f0 (0x0188a233) slt     tp, a7, s8
core   0: 3 0x800021f0 (0x0188a233) x 4 0x00000001
core   0: 0x800021f4 (0x400e5433) sra     s0, t3, zero
core   0: 3 0x800021f4 (0x400e5433) x 8 0xfffffd8f
core   0: 0x800021f8 (0x03114fb3) div     t6, sp, a7
core   0: 3 0x800021f8 (0x03114fb3) x31 0x00000003
core   0: 0x800021fc (0x02b288b3) mul     a7, t0, a1
core   0: 3 0x800021fc (0x02b288b3) x17 0x9f6349d8
core   0: 0x80002200 (0x4159d913) srai    s2, s3, 21
core   0: 3 0x80002200 (0x4159d913) x18 0x00000000
core   0: 0x80002204 (0x01218033) add     zero, gp, s2
core   0: 3 0x80002204 (0x01218033)
core   0: 0x80002208 (0x0246c9b3) div     s3, a3, tp
core   0: 3 0x80002208 (0x0246c9b3) x19 0x00000000
core   0: 0x8000220c (0x02d164b3) rem     s1, sp, a3
core   0: 3 0x8000220c (0x02d164b3) x 9 0x80014e64
core   0: 0x80002210 (0x048e9d97) auipc   s11, 0x48e9
core   0: 3 0x80002210 (0x048e9d97) x27 0x848eb210
core   0: 0x80002214 (0x01b2f1b3) and     gp, t0, s11
core   0: 3 0x80002214 (0x01b2f1b3) x 3 0x84002000
core   0: 0x80002218 (0xd62c47b7) lui     a5, 0xd62c4
core   0: 3 0x80002218 (0xd62c47b7) x15 0xd62c4000
core   0: 0x8000221c (0x0187eb33) or      s6, a5, s8
core   0: 3 0x8000221c (0x0187eb33) x22 0xfffffd7f
core   0: 0x80002220 (0x01928833) add     a6, t0, s9
core   0: 3 0x80002220 (0x01928833) x16 0x1fcd1db4
core   0: 0x80002224 (0x004cdf33) srl     t5, s9, tp
core   0: 3 0x80002224 (0x004cdf33) x30 0x14c5d844
core   0: 0x80002228 (0x01a61c33) sll     s8, a2, s10
core   0: 3 0x80002228 (0x01a61c33) x24 0x00000000
core   0: 0x8000222c (0x18fb3c93) sltiu   s9, s6, 399
core   0: 3 0x8000222c (0x18fb3c93) x25 0x00000000
core   0: 0x80002230 (0xbc813b17) auipc   s6, 0xbc813
core   0: 3 0x80002230 (0xbc813b17) x22 0x3c815230
core   0: 0x80002234 (0x6b593493) sltiu   s1, s2, 1717
core   0: 3 0x80002234 (0x6b593493) x 9 0x00000001
core   0: 0x80002238 (0x3a6fb513) sltiu   a0, t6, 934
core   0: 3 0x80002238 (0x3a6fb513) x10 0x00000001
core   0: 0x8000223c (0x99156093) ori     ra, a0, -1647
core   0: 3 0x8000223c (0x99156093) x 1 0xfffff991
core   0: 0x80002240 (0x02d448b3) div     a7, s0, a3
core   0: 3 0x80002240 (0x02d448b3) x17 0xffffffff
core   0: 0x80002244 (0xaefe2c93) slti    s9, t3, -1297
core   0: 3 0x80002244 (0xaefe2c93) x25 0x00000000
core   0: 0x80002248 (0x00000013) nop
core   0: 3 0x80002248 (0x00000013)
core   0: 0x8000224c (0x03fa8b33) mul     s6, s5, t6
core   0: 3 0x8000224c (0x03fa8b33) x22 0x2a691000
core   0: 0x80002250 (0x28bebb93) sltiu   s7, t4, 651
core   0: 3 0x80002250 (0x28bebb93) x23 0x00000001
core   0: 0x80002254 (0x01041d93) slli    s11, s0, 16
core   0: 3 0x80002254 (0x01041d93) x27 0xfd8f0000
core   0: 0x80002258 (0x336fbc13) sltiu   s8, t6, 822
core   0: 3 0x80002258 (0x336fbc13) x24 0x00000001
core   0: 0x8000225c (0xcab9c337) lui     t1, 0xcab9c
core   0: 3 0x8000225c (0xcab9c337) x 6 0xcab9c000
core   0: 0x80002260 (0x025cffb3) remu    t6, s9, t0
core   0: 3 0x80002260 (0x025cffb3) x31 0x00000000
core   0: 0x80002264 (0x01fbfab3) and     s5, s7, t6
core   0: 3 0x80002264 (0x01fbfab3) x21 0x00000000
core   0: 0x80002268 (0x002ed413) srli    s0, t4, 2
core   0: 3 0x80002268 (0x002ed413) x 8 0x00000000
core   0: 0x8000226c (0x0351b8b3) mulhu   a7, gp, s5
core   0: 3 0x8000226c (0x0351b8b3) x17 0x00000000
core   0: 0x80002270 (0x381ce593) ori     a1, s9, 897
core   0: 3 0x80002270 (0x381ce593) x11 0x00000381
core   0: 0x80002274 (0xe0393093) sltiu   ra, s2, -509
core   0: 3 0x80002274 (0xe0393093) x 1 0x00000001
core   0: 0x80002278 (0x01bf5633) srl     a2, t5, s11
core   0: 3 0x80002278 (0x01bf5633) x12 0x14c5d844
core   0: 0x8000227c (0x02eb6f33) rem     t5, s6, a4
core   0: 3 0x8000227c (0x02eb6f33) x30 0x2a691000
core   0: 0x80002280 (0x025207b3) mul     a5, tp, t0
core   0: 3 0x80002280 (0x025207b3) x15 0xf6416d2c
core   0: 0x80002284 (0x03d66cb3) rem     s9, a2, t4
core   0: 3 0x80002284 (0x03d66cb3) x25 0x14c5d844
core   0: 0x80002288 (0x0378d3b3) divu    t2, a7, s7
core   0: 3 0x80002288 (0x0378d3b3) x 7 0x00000000
core   0: 0x8000228c (0x0353b8b3) mulhu   a7, t2, s5
core   0: 3 0x8000228c (0x0353b8b3) x17 0x00000000
core   0: 0x80002290 (0xc8ec6693) ori     a3, s8, -882
core   0: 3 0x80002290 (0xc8ec6693) x13 0xfffffc8f
core   0: 0x80002294 (0x0319c633) div     a2, s3, a7
core   0: 3 0x80002294 (0x0319c633) x12 0xffffffff
core   0: 0x80002298 (0x01a81993) slli    s3, a6, 26
core   0: 3 0x80002298 (0x01a81993) x19 0xd0000000
core   0: 0x8000229c (0x01fe87b3) add     a5, t4, t6
core   0: 3 0x8000229c (0x01fe87b3) x15 0x00000000
core   0: 0x800022a0 (0x01f2dd13) srli    s10, t0, 31
core   0: 3 0x800022a0 (0x01f2dd13) x26 0x00000001
core   0: 0x800022a4 (0x00971333) sll     t1, a4, s1
core   0: 3 0x800022a4 (0x00971333) x 6 0x000319c8
core   0: 0x800022a8 (0x028b01b3) mul     gp, s6, s0
core   0: 3 0x800022a8 (0x028b01b3) x 3 0x00000000
core   0: 0x800022ac (0xe6c3ca93) xori    s5, t2, -404
core   0: 3 0x800022ac (0xe6c3ca93) x21 0xfffffe6c
core   0: 0x800022b0 (0x01f8f633) and     a2, a7, t6
core   0: 3 0x800022b0 (0x01f8f633) x12 0x00000000
core   0: 0x800022b4 (0x00217ab3) and     s5, sp, sp
core   0: 3 0x800022b4 (0x00217ab3) x21 0x80014e64
core   0: 0x800022b8 (0x03562eb3) mulhsu  t4, a2, s5
core   0: 3 0x800022b8 (0x03562eb3) x29 0x00000000
core   0: 0x800022bc (0x1a32e837) lui     a6, 0x1a32e
core   0: 3 0x800022bc (0x1a32e837) x16 0x1a32e000
core   0: 0x800022c0 (0x0011cab3) xor     s5, gp, ra
core   0: 3 0x800022c0 (0x0011cab3) x21 0x00000001
core   0: 0x800022c4 (0x026c0cb3) mul     s9, s8, t1
core   0: 3 0x800022c4 (0x026c0cb3) x25 0x000319c8
core   0: 0x800022c8 (0x01409493) slli    s1, ra, 20
core   0: 3 0x800022c8 (0x01409493) x 9 0x00100000
core   0: 0x800022cc (0x038655b3) divu    a1, a2, s8
core   0: 3 0x800022cc (0x038655b3) x11 0x00000000
core   0: 0x800022d0 (0x012f5b93) srli    s7, t5, 18
core   0: 3 0x800022d0 (0x012f5b93) x23 0x00000a9a
core   0: 0x800022d4 (0x407f8a33) sub     s4, t6, t2
core   0: 3 0x800022d4 (0x407f8a33) x20 0x00000000
core   0: 0x800022d8 (0x000c3333) sltu    t1, s8, zero
core   0: 3 0x800022d8 (0x000c3333) x 6 0x00000000
core   0: 0x800022dc (0x00cbd793) srli    a5, s7, 12
core   0: 3 0x800022dc (0x00cbd793) x15 0x00000000
core   0: 0x800022e0 (0x02954f33) div     t5, a0, s1
core   0: 3 0x800022e0 (0x02954f33) x30 0x00000000
core   0: 0x800022e4 (0x00b1aa33) slt     s4, gp, a1
core   0: 3 0x800022e4 (0x00b1aa33) x20 0x00000000
core   0: 0x800022e8 (0x04882913) slti    s2, a6, 72
core   0: 3 0x800022e8 (0x04882913) x18 0x00000000
core   0: 0x800022ec (0x039ef933) remu    s2, t4, s9
core   0: 3 0x800022ec (0x039ef933) x18 0x00000000
core   0: 0x800022f0 (0x02b309b3) mul     s3, t1, a1
core   0: 3 0x800022f0 (0x02b309b3) x19 0x00000000
core   0: 0x800022f4 (0x0397d033) divu    zero, a5, s9
core   0: 3 0x800022f4 (0x0397d033)
core   0: 0x800022f8 (0x02bd8f33) mul     t5, s11, a1
core   0: 3 0x800022f8 (0x02bd8f33) x30 0x00000000
core   0: 0x800022fc (0x00c4ac33) slt     s8, s1, a2
core   0: 3 0x800022fc (0x00c4ac33) x24 0x00000000
core   0: 0x80002300 (0x40eed793) srai    a5, t4, 14
core   0: 3 0x80002300 (0x40eed793) x15 0x00000000
core   0: 0x80002304 (0x01907033) and     zero, zero, s9
core   0: 3 0x80002304 (0x01907033)
core   0: 0x80002308 (0x009354b3) srl     s1, t1, s1
core   0: 3 0x80002308 (0x009354b3) x 9 0x00000000
core   0: 0x8000230c (0x0299ccb3) div     s9, s3, s1
core   0: 3 0x8000230c (0x0299ccb3) x25 0xffffffff
core   0: 0x80002310 (0x02863433) mulhu   s0, a2, s0
core   0: 3 0x80002310 (0x02863433) x 8 0x00000000
core   0: 0x80002314 (0x4024db13) srai    s6, s1, 2
core   0: 3 0x80002314 (0x4024db13) x22 0x00000000
core   0: 0x80002318 (0x75a2f213) andi    tp, t0, 1882
core   0: 3 0x80002318 (0x75a2f213) x 4 0x00000508
core   0: 0x8000231c (0x02846f33) rem     t5, s0, s0
core   0: 3 0x8000231c (0x02846f33) x30 0x00000000
core   0: 0x80002320 (0x0142d6b3) srl     a3, t0, s4
core   0: 3 0x80002320 (0x0142d6b3) x13 0xf6416d2c
core   0: 0x80002324 (0x01f29993) slli    s3, t0, 31
core   0: 3 0x80002324 (0x01f29993) x19 0x00000000
core   0: 0x80002328 (0x01eb5233) srl     tp, s6, t5
core   0: 3 0x80002328 (0x01eb5233) x 4 0x00000000
core   0: 0x8000232c (0xbe007413) andi    s0, zero, -1056
core   0: 3 0x8000232c (0xbe007413) x 8 0x00000000
core   0: 0x80002330 (0x40b3de13) srai    t3, t2, 11
core   0: 3 0x80002330 (0x40b3de13) x28 0x00000000
core   0: 0x80002334 (0x01e259b3) srl     s3, tp, t5
core   0: 3 0x80002334 (0x01e259b3) x19 0x00000000
core   0: 0x80002338 (0x01ca1f13) slli    t5, s4, 28
core   0: 3 0x80002338 (0x01ca1f13) x30 0x00000000
core   0: 0x8000233c (0x51ae0a93) addi    s5, t3, 1306
core   0: 3 0x8000233c (0x51ae0a93) x21 0x0000051a
core   0: 0x80002340 (0x02fe4ab3) div     s5, t3, a5
core   0: 3 0x80002340 (0x02fe4ab3) x21 0xffffffff
core   0: 0x80002344 (0x03e54c33) div     s8, a0, t5
core   0: 3 0x80002344 (0x03e54c33) x24 0xffffffff
core   0: 0x80002348 (0xc6ccb497) auipc   s1, 0xc6ccb
core   0: 3 0x80002348 (0xc6ccb497) x 9 0x46ccd348
core   0: 0x8000234c (0x26063f93) sltiu   t6, a2, 608
core   0: 3 0x8000234c (0x26063f93) x31 0x00000001
core   0: 0x80002350 (0x418eda33) sra     s4, t4, s8
core   0: 3 0x80002350 (0x418eda33) x20 0x00000000
core   0: 0x80002354 (0x01823bb3) sltu    s7, tp, s8
core   0: 3 0x80002354 (0x01823bb3) x23 0x00000001
core   0: 0x80002358 (0x41838f33) sub     t5, t2, s8
core   0: 3 0x80002358 (0x41838f33) x30 0x00000001
core   0: 0x8000235c (0x38e5d397) auipc   t2, 0x38e5d
core   0: 3 0x8000235c (0x38e5d397) x 7 0xb8e5f35c
core   0: 0x80002360 (0xd5433013) sltiu   zero, t1, -684
core   0: 3 0x80002360 (0xd5433013)
core   0: 0x80002364 (0x40600bb3) sub     s7, zero, t1
core   0: 3 0x80002364 (0x40600bb3) x23 0x00000000
core   0: 0x80002368 (0x0164a5b3) slt     a1, s1, s6
core   0: 3 0x80002368 (0x0164a5b3) x11 0x00000000
core   0: 0x8000236c (0x005ec333) xor     t1, t4, t0
core   0: 3 0x8000236c (0x005ec333) x 6 0xf6416d2c
core   0: 0x80002370 (0x00dee3b3) or      t2, t4, a3
core   0: 3 0x80002370 (0x00dee3b3) x 7 0xf6416d2c
core   0: 0x80002374 (0x416ad813) srai    a6, s5, 22
core   0: 3 0x80002374 (0x416ad813) x16 0xffffffff
core   0: 0x80002378 (0xfda52e93) slti    t4, a0, -38
core   0: 3 0x80002378 (0xfda52e93) x29 0x00000000
core   0: 0x8000237c (0x40785393) srai    t2, a6, 7
core   0: 3 0x8000237c (0x40785393) x 7 0xffffffff
core   0: 0x80002380 (0x68cdb517) auipc   a0, 0x68cdb
core   0: 3 0x80002380 (0x68cdb517) x10 0xe8cdd380
core   0: 0x80002384 (0x031daa33) mulhsu  s4, s11, a7
core   0: 3 0x80002384 (0x031daa33) x20 0x00000000
core   0: 0x80002388 (0x50aef893) andi    a7, t4, 1290
core   0: 3 0x80002388 (0x50aef893) x17 0x00000000
core   0: 0x8000238c (0x00000013) nop
core   0: 3 0x8000238c (0x00000013)
core   0: 0x80002390 (0x02d19eb3) mulh    t4, gp, a3
core   0: 3 0x80002390 (0x02d19eb3) x29 0x00000000
core   0: 0x80002394 (0x017d1513) slli    a0, s10, 23
core   0: 3 0x80002394 (0x017d1513) x10 0x00800000
core   0: 0x80002398 (0x0007d8b3) srl     a7, a5, zero
core   0: 3 0x80002398 (0x0007d8b3) x17 0x00000000
core   0: 0x8000239c (0x40e28833) sub     a6, t0, a4
core   0: 3 0x8000239c (0x40e28833) x16 0x763fe048
core   0: 0x800023a0 (0x02ea5ab3) divu    s5, s4, a4
core   0: 3 0x800023a0 (0x02ea5ab3) x21 0x00000000
core   0: 0x800023a4 (0x039040b3) div     ra, zero, s9
core   0: 3 0x800023a4 (0x039040b3) x 1 0x00000000
core   0: 0x800023a8 (0x00cf9d33) sll     s10, t6, a2
core   0: 3 0x800023a8 (0x00cf9d33) x26 0x00000001
core   0: 0x800023ac (0x03a83f33) mulhu   t5, a6, s10
core   0: 3 0x800023ac (0x03a83f33) x30 0x00000000
core   0: 0x800023b0 (0x416a57b3) sra     a5, s4, s6
core   0: 3 0x800023b0 (0x416a57b3) x15 0x00000000
core   0: 0x800023b4 (0x03f528b3) mulhsu  a7, a0, t6
core   0: 3 0x800023b4 (0x03f528b3) x17 0x00000000
core   0: 0x800023b8 (0x03793b33) mulhu   s6, s2, s7
core   0: 3 0x800023b8 (0x03793b33) x22 0x00000000
core   0: 0x800023bc (0x001db0b3) sltu    ra, s11, ra
core   0: 3 0x800023bc (0x001db0b3) x 1 0x00000000
core   0: 0x800023c0 (0x00d71493) slli    s1, a4, 13
core   0: 3 0x800023c0 (0x00d71493) x 9 0x319c8000
core   0: 0x800023c4 (0x023e4033) div     zero, t3, gp
core   0: 3 0x800023c4 (0x023e4033)
core   0: 0x800023c8 (0x00000013) nop
core   0: 3 0x800023c8 (0x00000013)
core   0: 0x800023cc (0x03a61a33) mulh    s4, a2, s10
core   0: 3 0x800023cc (0x03a61a33) x20 0x00000000
core   0: 0x800023d0 (0x01bfd4b3) srl     s1, t6, s11
core   0: 3 0x800023d0 (0x01bfd4b3) x 9 0x00000001
core   0: 0x800023d4 (0xb0593f37) lui     t5, 0xb0593
core   0: 3 0x800023d4 (0xb0593f37) x30 0xb0593000
core   0: 0x800023d8 (0x01394cb3) xor     s9, s2, s3
core   0: 3 0x800023d8 (0x01394cb3) x25 0x00000000
core   0: 0x800023dc (0x097a2613) slti    a2, s4, 151
core   0: 3 0x800023dc (0x097a2613) x12 0x00000001
core   0: 0x800023e0 (0x7cda7093) andi    ra, s4, 1997
core   0: 3 0x800023e0 (0x7cda7093) x 1 0x00000000
core   0: 0x800023e4 (0x02e6f933) remu    s2, a3, a4
core   0: 3 0x800023e4 (0x02e6f933) x18 0x763fe048
core   0: 0x800023e8 (0xc3488e93) addi    t4, a7, -972
core   0: 3 0x800023e8 (0xc3488e93) x29 0xfffffc34
core   0: 0x800023ec (0x24927c13) andi    s8, tp, 585
core   0: 3 0x800023ec (0x24927c13) x24 0x00000000
core   0: 0x800023f0 (0x844da613) slti    a2, s11, -1980
core   0: 3 0x800023f0 (0x844da613) x12 0x00000001
core   0: 0x800023f4 (0x00000013) nop
core   0: 3 0x800023f4 (0x00000013)
core   0: 0x800023f8 (0x00e8b393) sltiu   t2, a7, 14
core   0: 3 0x800023f8 (0x00e8b393) x 7 0x00000001
core   0: 0x800023fc (0x027699b3) mulh    s3, a3, t2
core   0: 3 0x800023fc (0x027699b3) x19 0xffffffff
core   0: 0x80002400 (0x01a61f13) slli    t5, a2, 26
core   0: 3 0x80002400 (0x01a61f13) x30 0x04000000
core   0: 0x80002404 (0x02dee333) rem     t1, t4, a3
core   0: 3 0x80002404 (0x02dee333) x 6 0xfffffc34
core   0: 0x80002408 (0xc7667c13) andi    s8, a2, -906
core   0: 3 0x80002408 (0xc7667c13) x24 0x00000000
core   0: 0x8000240c (0x5871bb93) sltiu   s7, gp, 1415
core   0: 3 0x8000240c (0x5871bb93) x23 0x00000001
core   0: 0x80002410 (0x03583f33) mulhu   t5, a6, s5
core   0: 3 0x80002410 (0x03583f33) x30 0x00000000
core   0: 0x80002414 (0xb0586b93) ori     s7, a6, -1275
core   0: 3 0x80002414 (0xb0586b93) x23 0xfffffb4d
core   0: 0x80002418 (0x005fb333) sltu    t1, t6, t0
core   0: 3 0x80002418 (0x005fb333) x 6 0x00000001
core   0: 0x8000241c (0xa5653c13) sltiu   s8, a0, -1450
core   0: 3 0x8000241c (0xa5653c13) x24 0x00000001
core   0: 0x80002420 (0x411f5793) srai    a5, t5, 17
core   0: 3 0x80002420 (0x411f5793) x15 0x00000000
core   0: 0x80002424 (0x34570d97) auipc   s11, 0x34570
core   0: 3 0x80002424 (0x34570d97) x27 0xb4572424
core   0: 0x80002428 (0x026fd8b3) divu    a7, t6, t1
core   0: 3 0x80002428 (0x026fd8b3) x17 0x00000001
core   0: 0x8000242c (0xfcc96593) ori     a1, s2, -52
core   0: 3 0x8000242c (0xfcc96593) x11 0xffffffcc
core   0: 0x80002430 (0x00621233) sll     tp, tp, t1
core   0: 3 0x80002430 (0x00621233) x 4 0x00000000
core   0: 0x80002434 (0x00000013) nop
core   0: 3 0x80002434 (0x00000013)
core   0: 0x80002438 (0x00021093) slli    ra, tp, 0
core   0: 3 0x80002438 (0x00021093) x 1 0x00000000
core   0: 0x8000243c (0x06588193) addi    gp, a7, 101
core   0: 3 0x8000243c (0x06588193) x 3 0x00000066
core   0: 0x80002440 (0x002b87b3) add     a5, s7, sp
core   0: 3 0x80002440 (0x002b87b3) x15 0x800149b1
core   0: 0x80002444 (0x1c502813) slti    a6, zero, 453
core   0: 3 0x80002444 (0x1c502813) x16 0x00000001
core   0: 0x80002448 (0x02b30433) mul     s0, t1, a1
core   0: 3 0x80002448 (0x02b30433) x 8 0xffffffcc
core   0: 0x8000244c (0x016e9c93) slli    s9, t4, 22
core   0: 3 0x8000244c (0x016e9c93) x25 0x0d000000
core   0: 0x80002450 (0x02dd6633) rem     a2, s10, a3
core   0: 3 0x80002450 (0x02dd6633) x12 0x00000001
core   0: 0x80002454 (0x036107b3) mul     a5, sp, s6
core   0: 3 0x80002454 (0x036107b3) x15 0x00000000
core   0: 0x80002458 (0x02b4f6b3) remu    a3, s1, a1
core   0: 3 0x80002458 (0x02b4f6b3) x13 0x00000001
core   0: 0x8000245c (0x85cac813) xori    a6, s5, -1956
core   0: 3 0x8000245c (0x85cac813) x16 0xfffff85c
core   0: 0x80002460 (0x5d1c5917) auipc   s2, 0x5d1c5
core   0: 3 0x80002460 (0x5d1c5917) x18 0xdd1c7460
core   0: 0x80002464 (0xa37cc093) xori    ra, s9, -1481
core   0: 3 0x80002464 (0xa37cc093) x 1 0xf2fffa37
core   0: 0x80002468 (0xa713f093) andi    ra, t2, -1423
core   0: 3 0x80002468 (0xa713f093) x 1 0x00000001
core   0: 0x8000246c (0x000a25b3) slt     a1, s4, zero
core   0: 3 0x8000246c (0x000a25b3) x11 0x00000000
core   0: 0x80002470 (0xea2daf17) auipc   t5, 0xea2da
core   0: 3 0x80002470 (0xea2daf17) x30 0x6a2dc470
core   0: 0x80002474 (0x403f5db3) sra     s11, t5, gp
core   0: 3 0x80002474 (0x403f5db3) x27 0x01a8b711
core   0: 0x80002478 (0x40118e33) sub     t3, gp, ra
core   0: 3 0x80002478 (0x40118e33) x28 0x00000065
core   0: 0x8000247c (0x01cd6b33) or      s6, s10, t3
core   0: 3 0x8000247c (0x01cd6b33) x22 0x00000065
core   0: 0x80002480 (0x40855db3) sra     s11, a0, s0
core   0: 3 0x80002480 (0x40855db3) x27 0x00000800
core   0: 0x80002484 (0x00615bb3) srl     s7, sp, t1
core   0: 3 0x80002484 (0x00615bb3) x23 0x4000a732
core   0: 0x80002488 (0x02ee2d33) mulhsu  s10, t3, a4
core   0: 3 0x80002488 (0x02ee2d33) x26 0x00000032
core   0: 0x8000248c (0x00951813) slli    a6, a0, 9
core   0: 3 0x8000248c (0x00951813) x16 0x00000000
core   0: 0x80002490 (0x00a896b3) sll     a3, a7, a0
core   0: 3 0x80002490 (0x00a896b3) x13 0x00000001
core   0: 0x80002494 (0x00000013) nop
core   0: 3 0x80002494 (0x00000013)
core   0: 0x80002498 (0x0fc7b3b7) lui     t2, 0xfc7b
core   0: 3 0x80002498 (0x0fc7b3b7) x 7 0x0fc7b000
core   0: 0x8000249c (0x412a57b3) sra     a5, s4, s2
core   0: 3 0x8000249c (0x412a57b3) x15 0x00000000
core   0: 0x800024a0 (0x409550b3) sra     ra, a0, s1
core   0: 3 0x800024a0 (0x409550b3) x 1 0x00400000
core   0: 0x800024a4 (0x9c9f8093) addi    ra, t6, -1591
core   0: 3 0x800024a4 (0x9c9f8093) x 1 0xfffff9ca
core   0: 0x800024a8 (0x01f7eeb3) or      t4, a5, t6
core   0: 3 0x800024a8 (0x01f7eeb3) x29 0x00000001
core   0: 0x800024ac (0x0349aab3) mulhsu  s5, s3, s4
core   0: 3 0x800024ac (0x0349aab3) x21 0x00000000
core   0: 0x800024b0 (0x02d68c33) mul     s8, a3, a3
core   0: 3 0x800024b0 (0x02d68c33) x24 0x00000001
core   0: 0x800024b4 (0x9e4afc13) andi    s8, s5, -1564
core   0: 3 0x800024b4 (0x9e4afc13) x24 0x00000000
core   0: 0x800024b8 (0x60dd6193) ori     gp, s10, 1549
core   0: 3 0x800024b8 (0x60dd6193) x 3 0x0000063f
core   0: 0x800024bc (0x03c1ff33) remu    t5, gp, t3
core   0: 3 0x800024bc (0x03c1ff33) x30 0x00000054
core   0: 0x800024c0 (0x005aa233) slt     tp, s5, t0
core   0: 3 0x800024c0 (0x005aa233) x 4 0x00000000
core   0: 0x800024c4 (0x012047b3) xor     a5, zero, s2
core   0: 3 0x800024c4 (0x012047b3) x15 0xdd1c7460
core   0: 0x800024c8 (0x03fdef33) rem     t5, s11, t6
core   0: 3 0x800024c8 (0x03fdef33) x30 0x00000000
core   0: 0x800024cc (0x7e956493) ori     s1, a0, 2025
core   0: 3 0x800024cc (0x7e956493) x 9 0x008007e9
core   0: 0x800024d0 (0x0234f333) remu    t1, s1, gp
core   0: 3 0x800024d0 (0x0234f333) x 6 0x000002a8
core   0: 0x800024d4 (0x01869e93) slli    t4, a3, 24
core   0: 3 0x800024d4 (0x01869e93) x29 0x01000000
core   0: 0x800024d8 (0x01b51513) slli    a0, a0, 27
core   0: 3 0x800024d8 (0x01b51513) x10 0x00000000
core   0: 0x800024dc (0xa1fb6793) ori     a5, s6, -1505
core   0: 3 0x800024dc (0xa1fb6793) x15 0xfffffa7f
core   0: 0x800024e0 (0x01f383b3) add     t2, t2, t6
core   0: 3 0x800024e0 (0x01f383b3) x 7 0x0fc7b001
core   0: 0x800024e4 (0x02116933) rem     s2, sp, ra
core   0: 3 0x800024e4 (0x02116933) x18 0xfffffafc
core   0: 0x800024e8 (0x033b88b3) mul     a7, s7, s3
core   0: 3 0x800024e8 (0x033b88b3) x17 0xbfff58ce
core   0: 0x800024ec (0x40c7d1b3) sra     gp, a5, a2
core   0: 3 0x800024ec (0x40c7d1b3) x 3 0xfffffd3f
core   0: 0x800024f0 (0x027daa33) mulhsu  s4, s11, t2
core   0: 3 0x800024f0 (0x027daa33) x20 0x0000007e
core   0: 0x800024f4 (0x01d5e633) or      a2, a1, t4
core   0: 3 0x800024f4 (0x01d5e633) x12 0x01000000
core   0: 0x800024f8 (0x026d6833) rem     a6, s10, t1
core   0: 3 0x800024f8 (0x026d6833) x16 0x00000032
core   0: 0x800024fc (0x017a5313) srli    t1, s4, 23
core   0: 3 0x800024fc (0x017a5313) x 6 0x00000000
core   0: 0x80002500 (0x008d1993) slli    s3, s10, 8
core   0: 3 0x80002500 (0x008d1993) x19 0x00003200
core   0: 0x80002504 (0x01224033) xor     zero, tp, s2
core   0: 3 0x80002504 (0x01224033)
core   0: 0x80002508 (0x01abaa33) slt     s4, s7, s10
core   0: 3 0x80002508 (0x01abaa33) x20 0x00000000
core   0: 0x8000250c (0x01536633) or      a2, t1, s5
core   0: 3 0x8000250c (0x01536633) x12 0x00000000
core   0: 0x80002510 (0x40c506b3) sub     a3, a0, a2
core   0: 3 0x80002510 (0x40c506b3) x13 0x00000000
core   0: 0x80002514 (0x0168c033) xor     zero, a7, s6
core   0: 3 0x80002514 (0x0168c033)
core   0: 0x80002518 (0x413c83b3) sub     t2, s9, s3
core   0: 3 0x80002518 (0x413c83b3) x 7 0x0cffce00
core   0: 0x8000251c (0x47dd6213) ori     tp, s10, 1149
core   0: 3 0x8000251c (0x47dd6213) x 4 0x0000047f
core   0: 0x80002520 (0x483db613) sltiu   a2, s11, 1155
core   0: 3 0x80002520 (0x483db613) x12 0x00000000
core   0: 0x80002524 (0x40c88933) sub     s2, a7, a2
core   0: 3 0x80002524 (0x40c88933) x18 0xbfff58ce
core   0: 0x80002528 (0xe4d7a413) slti    s0, a5, -435
core   0: 3 0x80002528 (0xe4d7a413) x 8 0x00000001
core   0: 0x8000252c (0x092dc9b7) lui     s3, 0x92dc
core   0: 3 0x8000252c (0x092dc9b7) x19 0x092dc000
core   0: 0x80002530 (0x411f5d33) sra     s10, t5, a7
core   0: 3 0x80002530 (0x411f5d33) x26 0x00000000
core   0: 0x80002534 (0x00289db3) sll     s11, a7, sp
core   0: 3 0x80002534 (0x00289db3) x27 0xfff58ce0
core   0: 0x80002538 (0x000b38b3) sltu    a7, s6, zero
core   0: 3 0x80002538 (0x000b38b3) x17 0x00000000
core   0: 0x8000253c (0x00a01393) slli    t2, zero, 10
core   0: 3 0x8000253c (0x00a01393) x 7 0x00000000
core   0: 0x80002540 (0x01b51013) slli    zero, a0, 27
core   0: 3 0x80002540 (0x01b51013)
core   0: 0x80002544 (0x014a4233) xor     tp, s4, s4
core   0: 3 0x80002544 (0x014a4233) x 4 0x00000000
core   0: 0x80002548 (0x00826cb3) or      s9, tp, s0
core   0: 3 0x80002548 (0x00826cb3) x25 0x00000001
core   0: 0x8000254c (0x01331233) sll     tp, t1, s3
core   0: 3 0x8000254c (0x01331233) x 4 0x00000000
core   0: 0x80002550 (0x0022ba33) sltu    s4, t0, sp
core   0: 3 0x80002550 (0x0022ba33) x20 0x00000000
core   0: 0x80002554 (0x000483b3) add     t2, s1, zero
core   0: 3 0x80002554 (0x000483b3) x 7 0x008007e9
core   0: 0x80002558 (0x411b8b33) sub     s6, s7, a7
core   0: 3 0x80002558 (0x411b8b33) x22 0x4000a732
core   0: 0x8000255c (0xb3ab8b93) addi    s7, s7, -1222
core   0: 3 0x8000255c (0xb3ab8b93) x23 0x4000a26c
core   0: 0x80002560 (0x0213efb3) rem     t6, t2, ra
core   0: 3 0x80002560 (0x0213efb3) x31 0x000000cb
core   0: 0x80002564 (0x0169f333) and     t1, s3, s6
core   0: 3 0x80002564 (0x0169f333) x 6 0x00008000
core   0: 0x80002568 (0x00dcb6b3) sltu    a3, s9, a3
core   0: 3 0x80002568 (0x00dcb6b3) x13 0x00000000
core   0: 0x8000256c (0x00e23a33) sltu    s4, tp, a4
core   0: 3 0x8000256c (0x00e23a33) x20 0x00000001
core   0: 0x80002570 (0x023a1db3) mulh    s11, s4, gp
core   0: 3 0x80002570 (0x023a1db3) x27 0xffffffff
core   0: 0x80002574 (0x0213fdb3) remu    s11, t2, ra
core   0: 3 0x80002574 (0x0213fdb3) x27 0x008007e9
core   0: 0x80002578 (0x0d584d93) xori    s11, a6, 213
core   0: 3 0x80002578 (0x0d584d93) x27 0x000000e7
core   0: 0x8000257c (0x41e0da13) srai    s4, ra, 30
core   0: 3 0x8000257c (0x41e0da13) x20 0xffffffff
core   0: 0x80002580 (0x01b70fb3) add     t6, a4, s11
core   0: 3 0x80002580 (0x01b70fb3) x31 0x80018dcb
core   0: 0x80002584 (0x0287fc33) remu    s8, a5, s0
core   0: 3 0x80002584 (0x0287fc33) x24 0x00000000
core   0: 0x80002588 (0x02c71833) mulh    a6, a4, a2
core   0: 3 0x80002588 (0x02c71833) x16 0x00000000
core   0: 0x8000258c (0x01431933) sll     s2, t1, s4
core   0: 3 0x8000258c (0x01431933) x18 0x00000000
core   0: 0x80002590 (0x00043bb3) sltu    s7, s0, zero
core   0: 3 0x80002590 (0x00043bb3) x23 0x00000000
core   0: 0x80002594 (0x02d7d333) divu    t1, a5, a3
core   0: 3 0x80002594 (0x02d7d333) x 6 0xffffffff
core   0: 0x80002598 (0x00cc69b3) or      s3, s8, a2
core   0: 3 0x80002598 (0x00cc69b3) x19 0x00000000
core   0: 0x8000259c (0x010b3f33) sltu    t5, s6, a6
core   0: 3 0x8000259c (0x010b3f33) x30 0x00000000
core   0: 0x800025a0 (0x0211b4b3) mulhu   s1, gp, ra
core   0: 3 0x800025a0 (0x0211b4b3) x 9 0xfffff709
core   0: 0x800025a4 (0x01501a33) sll     s4, zero, s5
core   0: 3 0x800025a4 (0x01501a33) x20 0x00000000
core   0: 0x800025a8 (0x02a715b3) mulh    a1, a4, a0
core   0: 3 0x800025a8 (0x02a715b3) x11 0x00000000
core   0: 0x800025ac (0x03c24533) div     a0, tp, t3
core   0: 3 0x800025ac (0x03c24533) x10 0x00000000
core   0: 0x800025b0 (0x086bac13) slti    s8, s7, 134
core   0: 3 0x800025b0 (0x086bac13) x24 0x00000001
core   0: 0x800025b4 (0x026108b3) mul     a7, sp, t1
core   0: 3 0x800025b4 (0x026108b3) x17 0x7ffeb19c
core   0: 0x800025b8 (0x01ec5bb3) srl     s7, s8, t5
core   0: 3 0x800025b8 (0x01ec5bb3) x23 0x00000001
core   0: 0x800025bc (0x00000013) nop
core   0: 3 0x800025bc (0x00000013)
core   0: 0x800025c0 (0x00c09a93) slli    s5, ra, 12
core   0: 3 0x800025c0 (0x00c09a93) x21 0xff9ca000
core   0: 0x800025c4 (0x5bbc3993) sltiu   s3, s8, 1467
core   0: 3 0x800025c4 (0x5bbc3993) x19 0x00000001
core   0: 0x800025c8 (0x00994cb3) xor     s9, s2, s1
core   0: 3 0x800025c8 (0x00994cb3) x25 0xfffff709
core   0: 0x800025cc (0x00000013) nop
core   0: 3 0x800025cc (0x00000013)
core   0: 0x800025d0 (0x41fb88b3) sub     a7, s7, t6
core   0: 3 0x800025d0 (0x41fb88b3) x17 0x7ffe7236
core   0: 0x800025d4 (0x014050b3) srl     ra, zero, s4
core   0: 3 0x800025d4 (0x014050b3) x 1 0x00000000
core   0: 0x800025d8 (0x02afe093) ori     ra, t6, 42
core   0: 3 0x800025d8 (0x02afe093) x 1 0x80018deb
core   0: 0x800025dc (0x90079e17) auipc   t3, 0x90079
core   0: 3 0x800025dc (0x90079e17) x28 0x1007b5dc
core   0: 0x800025e0 (0x01f401b3) add     gp, s0, t6
core   0: 3 0x800025e0 (0x01f401b3) x 3 0x80018dcc
core   0: 0x800025e4 (0xc25aa413) slti    s0, s5, -987
core   0: 3 0x800025e4 (0xc25aa413) x 8 0x00000001
core   0: 0x800025e8 (0x012128b3) slt     a7, sp, s2
core   0: 3 0x800025e8 (0x012128b3) x17 0x00000001
core   0: 0x800025ec (0xb5a44b13) xori    s6, s0, -1190
core   0: 3 0x800025ec (0xb5a44b13) x22 0xfffffb5b
core   0: 0x800025f0 (0xc3404213) xori    tp, zero, -972
core   0: 3 0x800025f0 (0xc3404213) x 4 0xfffffc34
core   0: 0x800025f4 (0x01e85b93) srli    s7, a6, 30
core   0: 3 0x800025f4 (0x01e85b93) x23 0x00000000
core   0: 0x800025f8 (0x96f68913) addi    s2, a3, -1681
core   0: 3 0x800025f8 (0x96f68913) x18 0xfffff96f
core   0: 0x800025fc (0x41dd5b13) srai    s6, s10, 29
core   0: 3 0x800025fc (0x41dd5b13) x22 0x00000000
core   0: 0x80002600 (0x0195d213) srli    tp, a1, 25
core   0: 3 0x80002600 (0x0195d213) x 4 0x00000000
core   0: 0x80002604 (0x02f1ff33) remu    t5, gp, a5
core   0: 3 0x80002604 (0x02f1ff33) x30 0x80018dcc
core   0: 0x80002608 (0x94dbbc93) sltiu   s9, s7, -1715
core   0: 3 0x80002608 (0x94dbbc93) x25 0x00000001
core   0: 0x8000260c (0x01a3e533) or      a0, t2, s10
core   0: 3 0x8000260c (0x01a3e533) x10 0x008007e9
core   0: 0x80002610 (0xd2b90837) lui     a6, 0xd2b90
core   0: 3 0x80002610 (0xd2b90837) x16 0xd2b90000
core   0: 0x80002614 (0x0160c8b3) xor     a7, ra, s6
core   0: 3 0x80002614 (0x0160c8b3) x17 0x80018deb
core   0: 0x80002618 (0x00eb3533) sltu    a0, s6, a4
core   0: 3 0x80002618 (0x00eb3533) x10 0x00000001
core   0: 0x8000261c (0x00b14533) xor     a0, sp, a1
core   0: 3 0x8000261c (0x00b14533) x10 0x80014e64
core   0: 0x80002620 (0x015bbe33) sltu    t3, s7, s5
core   0: 3 0x80002620 (0x015bbe33) x28 0x00000001
core   0: 0x80002624 (0x41fdd3b3) sra     t2, s11, t6
core   0: 3 0x80002624 (0x41fdd3b3) x 7 0x00000000
core   0: 0x80002628 (0x0051dc33) srl     s8, gp, t0
core   0: 3 0x80002628 (0x0051dc33) x24 0x00080018
core   0: 0x8000262c (0xaee17c13) andi    s8, sp, -1298
core   0: 3 0x8000262c (0xaee17c13) x24 0x80014a64
core   0: 0x80002630 (0x0391ccb3) div     s9, gp, s9
core   0: 3 0x80002630 (0x0391ccb3) x25 0x80018dcc
core   0: 0x80002634 (0xf7e4c197) auipc   gp, 0xf7e4c
core   0: 3 0x80002634 (0xf7e4c197) x 3 0x77e4e634
core   0: 0x80002638 (0x322dc413) xori    s0, s11, 802
core   0: 3 0x80002638 (0x322dc413) x 8 0x000003c5
core   0: 0x8000263c (0x00000013) nop
core   0: 3 0x8000263c (0x00000013)
core   0: 0x80002640 (0x014e5f33) srl     t5, t3, s4
core   0: 3 0x80002640 (0x014e5f33) x30 0x00000001
core   0: 0x80002644 (0x25917413) andi    s0, sp, 601
core   0: 3 0x80002644 (0x25917413) x 8 0x00000240
core   0: 0x80002648 (0x417f8b33) sub     s6, t6, s7
core   0: 3 0x80002648 (0x417f8b33) x22 0x80018dcb
core   0: 0x8000264c (0x0088bfb3) sltu    t6, a7, s0
core   0: 3 0x8000264c (0x0088bfb3) x31 0x00000000
core   0: 0x80002650 (0xfc8ad397) auipc   t2, 0xfc8ad
core   0: 3 0x80002650 (0xfc8ad397) x 7 0x7c8af650
core   0: 0x80002654 (0x008f7333) and     t1, t5, s0
core   0: 3 0x80002654 (0x008f7333) x 6 0x00000000
core   0: 0x80002658 (0x00977633) and     a2, a4, s1
core   0: 3 0x80002658 (0x00977633) x12 0x80018400
core   0: 0x8000265c (0x014ba5b3) slt     a1, s7, s4
core   0: 3 0x8000265c (0x014ba5b3) x11 0x00000000
core   0: 0x80002660 (0x0f8a0993) addi    s3, s4, 248
core   0: 3 0x80002660 (0x0f8a0993) x19 0x000000f8
core   0: 0x80002664 (0x0338d5b3) divu    a1, a7, s3
core   0: 3 0x80002664 (0x0338d5b3) x11 0x008422a3
core   0: 0x80002668 (0x01ef5993) srli    s3, t5, 30
core   0: 3 0x80002668 (0x01ef5993) x19 0x00000000
core   0: 0x8000266c (0x02666db3) rem     s11, a2, t1
core   0: 3 0x8000266c (0x02666db3) x27 0x80018400
core   0: 0x80002670 (0x033928b3) mulhsu  a7, s2, s3
core   0: 3 0x80002670 (0x033928b3) x17 0x00000000
core   0: 0x80002674 (0x00185db3) srl     s11, a6, ra
core   0: 3 0x80002674 (0x00185db3) x27 0x001a5720
core   0: 0x80002678 (0x210a6313) ori     t1, s4, 528
core   0: 3 0x80002678 (0x210a6313) x 6 0x00000210
core   0: 0x8000267c (0x02260333) mul     t1, a2, sp
core   0: 3 0x8000267c (0x02260333) x 6 0xfacf9000
core   0: 0x80002680 (0x037ee933) rem     s2, t4, s7
core   0: 3 0x80002680 (0x037ee933) x18 0x01000000
core   0: 0x80002684 (0x40ed83b3) sub     t2, s11, a4
core   0: 3 0x80002684 (0x40ed83b3) x 7 0x8018ca3c
core   0: 0x80002688 (0x02adf4b3) remu    s1, s11, a0
core   0: 3 0x80002688 (0x02adf4b3) x 9 0x001a5720
core   0: 0x8000268c (0x892e0813) addi    a6, t3, -1902
core   0: 3 0x8000268c (0x892e0813) x16 0xfffff893
core   0: 0x80002690 (0x583f2313) slti    t1, t5, 1411
core   0: 3 0x80002690 (0x583f2313) x 6 0x00000001
core   0: 0x80002694 (0x1fc1c793) xori    a5, gp, 508
core   0: 3 0x80002694 (0x1fc1c793) x15 0x77e4e7c8
core   0: 0x80002698 (0x410a5813) srai    a6, s4, 16
core   0: 3 0x80002698 (0x410a5813) x16 0x00000000
core   0: 0x8000269c (0x9422f7b7) lui     a5, 0x9422f
core   0: 3 0x8000269c (0x9422f7b7) x15 0x9422f000
core   0: 0x800026a0 (0x02fde233) rem     tp, s11, a5
core   0: 3 0x800026a0 (0x02fde233) x 4 0x001a5720
core   0: 0x800026a4 (0x00000013) nop
core   0: 3 0x800026a4 (0x00000013)
core   0: 0x800026a8 (0x017cd3b3) srl     t2, s9, s7
core   0: 3 0x800026a8 (0x017cd3b3) x 7 0x80018dcc
core   0: 0x800026ac (0xf3d56d13) ori     s10, a0, -195
core   0: 3 0x800026ac (0xf3d56d13) x26 0xffffff7d
core   0: 0x800026b0 (0x00371393) slli    t2, a4, 3
core   0: 3 0x800026b0 (0x00371393) x 7 0x000c6720
core   0: 0x800026b4 (0x03851db3) mulh    s11, a0, s8
core   0: 3 0x800026b4 (0x03851db3) x27 0x3ffeb39d
core   0: 0x800026b8 (0x0168e933) or      s2, a7, s6
core   0: 3 0x800026b8 (0x0168e933) x18 0x80018dcb
core   0: 0x800026bc (0x021190b3) mulh    ra, gp, ra
core   0: 3 0x800026bc (0x021190b3) x 1 0xc40e4742
core   0: 0x800026c0 (0xe7247a13) andi    s4, s0, -398
core   0: 3 0x800026c0 (0xe7247a13) x20 0x00000240
core   0: 0x800026c4 (0x7b25bf97) auipc   t6, 0x7b25b
core   0: 3 0x800026c4 (0x7b25bf97) x31 0xfb25d6c4
core   0: 0x800026c8 (0x03812a33) mulhsu  s4, sp, s8
core   0: 3 0x800026c8 (0x03812a33) x20 0xc0000201
core   0: 0x800026cc (0x020d7bb3) remu    s7, s10, zero
core   0: 3 0x800026cc (0x020d7bb3) x23 0xffffff7d
core   0: 0x800026d0 (0xdfe40513) addi    a0, s0, -514
core   0: 3 0x800026d0 (0xdfe40513) x10 0x0000003e
core   0: 0x800026d4 (0x33ac8193) addi    gp, s9, 826
core   0: 3 0x800026d4 (0x33ac8193) x 3 0x80019106
core   0: 0x800026d8 (0x6202a437) lui     s0, 0x6202a
core   0: 3 0x800026d8 (0x6202a437) x 8 0x6202a000
core   0: 0x800026dc (0x00b29cb3) sll     s9, t0, a1
core   0: 3 0x800026dc (0x00b29cb3) x25 0xb20b6960
core   0: 0x800026e0 (0x019039b3) snez    s3, s9
core   0: 3 0x800026e0 (0x019039b3) x19 0x00000001
core   0: 0x800026e4 (0xb351fb93) andi    s7, gp, -1227
core   0: 3 0x800026e4 (0xb351fb93) x23 0x80019104
core   0: 0x800026e8 (0x03260bb3) mul     s7, a2, s2
core   0: 3 0x800026e8 (0x03260bb3) x23 0xdae7ac00
core   0: 0x800026ec (0x9ed08093) addi    ra, ra, -1555
core   0: 3 0x800026ec (0x9ed08093) x 1 0xc40e412f
core   0: 0x800026f0 (0x9c1a2013) slti    zero, s4, -1599
core   0: 3 0x800026f0 (0x9c1a2013)
core   0: 0x800026f4 (0x00dcdfb3) srl     t6, s9, a3
core   0: 3 0x800026f4 (0x00dcdfb3) x31 0xb20b6960
core   0: 0x800026f8 (0x1a7380b7) lui     ra, 0x1a738
core   0: 3 0x800026f8 (0x1a7380b7) x 1 0x1a738000
core   0: 0x800026fc (0x6c254913) xori    s2, a0, 1730
core   0: 3 0x800026fc (0x6c254913) x18 0x000006fc
core   0: 0x80002700 (0x00f0b1b3) sltu    gp, ra, a5
core   0: 3 0x80002700 (0x00f0b1b3) x 3 0x00000001
core   0: 0x80002704 (0x028ef233) remu    tp, t4, s0
core   0: 3 0x80002704 (0x028ef233) x 4 0x01000000
core   0: 0x80002708 (0x419ed333) sra     t1, t4, s9
core   0: 3 0x80002708 (0x419ed333) x 6 0x01000000
core   0: 0x8000270c (0x35c2b093) sltiu   ra, t0, 860
core   0: 3 0x8000270c (0x35c2b093) x 1 0x00000000
core   0: 0x80002710 (0x0189eb33) or      s6, s3, s8
core   0: 3 0x80002710 (0x0189eb33) x22 0x80014a65
core   0: 0x80002714 (0x03db4833) div     a6, s6, t4
core   0: 3 0x80002714 (0x03db4833) x16 0xffffff81
core   0: 0x80002718 (0x00dfb333) sltu    t1, t6, a3
core   0: 3 0x80002718 (0x00dfb333) x 6 0x00000000
core   0: 0x8000271c (0x0238ddb3) divu    s11, a7, gp
core   0: 3 0x8000271c (0x0238ddb3) x27 0x00000000
core   0: 0x80002720 (0xdeafac93) slti    s9, t6, -534
core   0: 3 0x80002720 (0xdeafac93) x25 0x00000001
core   0: 0x80002724 (0x0189dc33) srl     s8, s3, s8
core   0: 3 0x80002724 (0x0189dc33) x24 0x00000000
core   0: 0x80002728 (0x0140b633) sltu    a2, ra, s4
core   0: 3 0x80002728 (0x0140b633) x12 0x00000001
core   0: 0x8000272c (0x01230933) add     s2, t1, s2
core   0: 3 0x8000272c (0x01230933) x18 0x000006fc
core   0: 0x80002730 (0x03e1ffb3) remu    t6, gp, t5
core   0: 3 0x80002730 (0x03e1ffb3) x31 0x00000000
core   0: 0x80002734 (0x0126d533) srl     a0, a3, s2
core   0: 3 0x80002734 (0x0126d533) x10 0x00000000
core   0: 0x80002738 (0x400b0233) sub     tp, s6, zero
core   0: 3 0x80002738 (0x400b0233) x 4 0x80014a65
core   0: 0x8000273c (0xd55c0793) addi    a5, s8, -683
core   0: 3 0x8000273c (0xd55c0793) x15 0xfffffd55
core   0: 0x80002740 (0x0072da13) srli    s4, t0, 7
core   0: 3 0x80002740 (0x0072da13) x20 0x01ec82da
core   0: 0x80002744 (0xdfec0337) lui     t1, 0xdfec0
core   0: 3 0x80002744 (0xdfec0337) x 6 0xdfec0000
core   0: 0x80002748 (0x406d0db3) sub     s11, s10, t1
core   0: 3 0x80002748 (0x406d0db3) x27 0x2013ff7d
core   0: 0x8000274c (0x415e03b3) sub     t2, t3, s5
core   0: 3 0x8000274c (0x415e03b3) x 7 0x00636001
core   0: 0x80002750 (0x6c2be793) ori     a5, s7, 1730
core   0: 3 0x80002750 (0x6c2be793) x15 0xdae7aec2
core   0: 0x80002754 (0x423d0613) addi    a2, s10, 1059
core   0: 3 0x80002754 (0x423d0613) x12 0x000003a0
core   0: 0x80002758 (0x00232fb3) slt     t6, t1, sp
core   0: 3 0x80002758 (0x00232fb3) x31 0x00000000
core   0: 0x8000275c (0x03d315b3) mulh    a1, t1, t4
core   0: 3 0x8000275c (0x03d315b3) x11 0xffdfec00
core   0: 0x80002760 (0xed10a7b7) lui     a5, 0xed10a
core   0: 3 0x80002760 (0xed10a7b7) x15 0xed10a000
core   0: 0x80002764 (0x41b95d93) srai    s11, s2, 27
core   0: 3 0x80002764 (0x41b95d93) x27 0x00000000
core   0: 0x80002768 (0xb9e50b13) addi    s6, a0, -1122
core   0: 3 0x80002768 (0xb9e50b13) x22 0xfffffb9e
core   0: 0x8000276c (0x02129c33) mulh    s8, t0, ra
core   0: 3 0x8000276c (0x02129c33) x24 0x00000000
core   0: 0x80002770 (0x014f8533) add     a0, t6, s4
core   0: 3 0x80002770 (0x014f8533) x10 0x01ec82da
core   0: 0x80002774 (0x01df9e13) slli    t3, t6, 29
core   0: 3 0x80002774 (0x01df9e13) x28 0x00000000
core   0: 0x80002778 (0x02850ab3) mul     s5, a0, s0
core   0: 3 0x80002778 (0x02850ab3) x21 0x4b7c4000
core   0: 0x8000277c (0x95b10813) addi    a6, sp, -1701
core   0: 3 0x8000277c (0x95b10813) x16 0x800147bf
core   0: 0x80002780 (0x4c9afd97) auipc   s11, 0x4c9af
core   0: 3 0x80002780 (0x4c9afd97) x27 0xcc9b1780
core   0: 0x80002784 (0x14b23613) sltiu   a2, tp, 331
core   0: 3 0x80002784 (0x14b23613) x12 0x00000000
core   0: 0x80002788 (0x0008e7b3) or      a5, a7, zero
core   0: 3 0x80002788 (0x0008e7b3) x15 0x00000000
core   0: 0x8000278c (0x72663517) auipc   a0, 0x72663
core   0: 3 0x8000278c (0x72663517) x10 0xf266578c
core   0: 0x80002790 (0xea630f13) addi    t5, t1, -346
core   0: 3 0x80002790 (0xea630f13) x30 0xdfebfea6
core   0: 0x80002794 (0x181d4313) xori    t1, s10, 385
core   0: 3 0x80002794 (0x181d4313) x 6 0xfffffefc
core   0: 0x80002798 (0x00000013) nop
core   0: 3 0x80002798 (0x00000013)
core   0: 0x8000279c (0x00d5d233) srl     tp, a1, a3
core   0: 3 0x8000279c (0x00d5d233) x 4 0xffdfec00
core   0: 0x800027a0 (0x0137d533) srl     a0, a5, s3
core   0: 3 0x800027a0 (0x0137d533) x10 0x00000000
core   0: 0x800027a4 (0x02dcf4b3) remu    s1, s9, a3
core   0: 3 0x800027a4 (0x02dcf4b3) x 9 0x00000001
core   0: 0x800027a8 (0x01d21393) slli    t2, tp, 29
core   0: 3 0x800027a8 (0x01d21393) x 7 0x00000000
core   0: 0x800027ac (0x016a23b3) slt     t2, s4, s6
core   0: 3 0x800027ac (0x016a23b3) x 7 0x00000000
core   0: 0x800027b0 (0x4cb5a3b7) lui     t2, 0x4cb5a
core   0: 3 0x800027b0 (0x4cb5a3b7) x 7 0x4cb5a000
core   0: 0x800027b4 (0x0320fc33) remu    s8, ra, s2
core   0: 3 0x800027b4 (0x0320fc33) x24 0x00000000
core   0: 0x800027b8 (0x01f554b3) srl     s1, a0, t6
core   0: 3 0x800027b8 (0x01f554b3) x 9 0x00000000
core   0: 0x800027bc (0x00c7ad33) slt     s10, a5, a2
core   0: 3 0x800027bc (0x00c7ad33) x26 0x00000000
core   0: 0x800027c0 (0x01443233) sltu    tp, s0, s4
core   0: 3 0x800027c0 (0x01443233) x 4 0x00000000
core   0: 0x800027c4 (0x01479b13) slli    s6, a5, 20
core   0: 3 0x800027c4 (0x01479b13) x22 0x00000000
core   0: 0x800027c8 (0x018269b3) or      s3, tp, s8
core   0: 3 0x800027c8 (0x018269b3) x19 0x00000000
core   0: 0x800027cc (0xd836c793) xori    a5, a3, -637
core   0: 3 0x800027cc (0xd836c793) x15 0xfffffd83
core   0: 0x800027d0 (0x00f154b3) srl     s1, sp, a5
core   0: 3 0x800027d0 (0x00f154b3) x 9 0x100029cc
core   0: 0x800027d4 (0x00d70eb3) add     t4, a4, a3
core   0: 3 0x800027d4 (0x00d70eb3) x29 0x80018ce4
core   0: 0x800027d8 (0x0082d8b3) srl     a7, t0, s0
core   0: 3 0x800027d8 (0x0082d8b3) x17 0xf6416d2c
core   0: 0x800027dc (0x00121eb3) sll     t4, tp, ra
core   0: 3 0x800027dc (0x00121eb3) x29 0x00000000
core   0: 0x800027e0 (0x036f7533) remu    a0, t5, s6
core   0: 3 0x800027e0 (0x036f7533) x10 0xdfebfea6
core   0: 0x800027e4 (0x01f58b33) add     s6, a1, t6
core   0: 3 0x800027e4 (0x01f58b33) x22 0xffdfec00
core   0: 0x800027e8 (0x57534093) xori    ra, t1, 1397
core   0: 3 0x800027e8 (0x57534093) x 1 0xfffffb89
core   0: 0x800027ec (0x023643b3) div     t2, a2, gp
core   0: 3 0x800027ec (0x023643b3) x 7 0x00000000
core   0: 0x800027f0 (0x5fce0f13) addi    t5, t3, 1532
core   0: 3 0x800027f0 (0x5fce0f13) x30 0x000005fc
core   0: 0x800027f4 (0x03e997b3) mulh    a5, s3, t5
core   0: 3 0x800027f4 (0x03e997b3) x15 0x00000000
core   0: 0x800027f8 (0x03a66ab3) rem     s5, a2, s10
core   0: 3 0x800027f8 (0x03a66ab3) x21 0x00000000
core   0: 0x800027fc (0x03acc3b3) div     t2, s9, s10
core   0: 3 0x800027fc (0x03acc3b3) x 7 0xffffffff
core   0: 0x80002800 (0x030d6233) rem     tp, s10, a6
core   0: 3 0x80002800 (0x030d6233) x 4 0x00000000
core   0: 0x80002804 (0x01869ab3) sll     s5, a3, s8
core   0: 3 0x80002804 (0x01869ab3) x21 0x00000000
core   0: 0x80002808 (0x5b543493) sltiu   s1, s0, 1461
core   0: 3 0x80002808 (0x5b543493) x 9 0x00000000
core   0: 0x8000280c (0x41988c33) sub     s8, a7, s9
core   0: 3 0x8000280c (0x41988c33) x24 0xf6416d2b
core   0: 0x80002810 (0x0b428213) addi    tp, t0, 180
core   0: 3 0x80002810 (0x0b428213) x 4 0xf6416de0
core   0: 0x80002814 (0x023125b3) mulhsu  a1, sp, gp
core   0: 3 0x80002814 (0x023125b3) x11 0xffffffff
core   0: 0x80002818 (0x00000013) nop
core   0: 3 0x80002818 (0x00000013)
core   0: 0x8000281c (0x000b08b3) add     a7, s6, zero
core   0: 3 0x8000281c (0x000b08b3) x17 0xffdfec00
core   0: 0x80002820 (0x00000013) nop
core   0: 3 0x80002820 (0x00000013)
core   0: 0x80002824 (0x034bddb3) divu    s11, s7, s4
core   0: 3 0x80002824 (0x034bddb3) x27 0x00000071
core   0: 0x80002828 (0x89d08213) addi    tp, ra, -1891
core   0: 3 0x80002828 (0x89d08213) x 4 0xfffff426
core   0: 0x8000282c (0x27a20913) addi    s2, tp, 634
core   0: 3 0x8000282c (0x27a20913) x18 0xfffff6a0
core   0: 0x80002830 (0x966c5317) auipc   t1, 0x966c5
core   0: 3 0x80002830 (0x966c5317) x 6 0x166c7830
core   0: 0x80002834 (0xa59b0513) addi    a0, s6, -1447
core   0: 3 0x80002834 (0xa59b0513) x10 0xffdfe659
core   0: 0x80002838 (0x01595413) srli    s0, s2, 21
core   0: 3 0x80002838 (0x01595413) x 8 0x000007ff
core   0: 0x8000283c (0x00fc73b3) and     t2, s8, a5
core   0: 3 0x8000283c (0x00fc73b3) x 7 0x00000000
core   0: 0x80002840 (0x8e93c913) xori    s2, t2, -1815
core   0: 3 0x80002840 (0x8e93c913) x18 0xfffff8e9
core   0: 0x80002844 (0x034f6e33) rem     t3, t5, s4
core   0: 3 0x80002844 (0x034f6e33) x28 0x000005fc
core   0: 0x80002848 (0x015897b3) sll     a5, a7, s5
core   0: 3 0x80002848 (0x015897b3) x15 0xffdfec00
core   0: 0x8000284c (0x2e9e4c13) xori    s8, t3, 745
core   0: 3 0x8000284c (0x2e9e4c13) x24 0x00000715
core   0: 0x80002850 (0x035c4233) div     tp, s8, s5
core   0: 3 0x80002850 (0x035c4233) x 4 0xffffffff
core   0: 0x80002854 (0x02de4333) div     t1, t3, a3
core   0: 3 0x80002854 (0x02de4333) x 6 0xffffffff
core   0: 0x80002858 (0x8c90fc93) andi    s9, ra, -1847
core   0: 3 0x80002858 (0x8c90fc93) x25 0xfffff889
core   0: 0x8000285c (0x00b24933) xor     s2, tp, a1
core   0: 3 0x8000285c (0x00b24933) x18 0x00000000
core   0: 0x80002860 (0xeaefb0b7) lui     ra, 0xeaefb
core   0: 3 0x80002860 (0xeaefb0b7) x 1 0xeaefb000
core   0: 0x80002864 (0x002b5eb3) srl     t4, s6, sp
core   0: 3 0x80002864 (0x002b5eb3) x29 0x0ffdfec0
core   0: 0x80002868 (0x0048be33) sltu    t3, a7, tp
core   0: 3 0x80002868 (0x0048be33) x28 0x00000001
core   0: 0x8000286c (0x4ada1e17) auipc   t3, 0x4ada1
core   0: 3 0x8000286c (0x4ada1e17) x28 0xcada386c
core   0: 0x80002870 (0xa9ce4693) xori    a3, t3, -1380
core   0: 3 0x80002870 (0xa9ce4693) x13 0x3525c2f0
core   0: 0x80002874 (0x01ef5393) srli    t2, t5, 30
core   0: 3 0x80002874 (0x01ef5393) x 7 0x00000000
core   0: 0x80002878 (0x41768c33) sub     s8, a3, s7
core   0: 3 0x80002878 (0x41768c33) x24 0x5a3e16f0
core   0: 0x8000287c (0x41638ab3) sub     s5, t2, s6
core   0: 3 0x8000287c (0x41638ab3) x21 0x00201400
core   0: 0x80002880 (0x025f54b3) divu    s1, t5, t0
core   0: 3 0x80002880 (0x025f54b3) x 9 0x00000000
core   0: 0x80002884 (0x24c79517) auipc   a0, 0x24c79
core   0: 3 0x80002884 (0x24c79517) x10 0xa4c7b884
core   0: 0x80002888 (0x039c5db3) divu    s11, s8, s9
core   0: 3 0x80002888 (0x039c5db3) x27 0x00000000
core   0: 0x8000288c (0x664f4013) xori    zero, t5, 1636
core   0: 3 0x8000288c (0x664f4013)
core   0: 0x80002890 (0x41c60a33) sub     s4, a2, t3
core   0: 3 0x80002890 (0x41c60a33) x20 0x3525c794
core   0: 0x80002894 (0x40205893) srai    a7, zero, 2
core   0: 3 0x80002894 (0x40205893) x17 0x00000000
core   0: 0x80002898 (0x1dcd3013) sltiu   zero, s10, 476
core   0: 3 0x80002898 (0x1dcd3013)
core   0: 0x8000289c (0x1315ae13) slti    t3, a1, 305
core   0: 3 0x8000289c (0x1315ae13) x28 0x00000001
core   0: 0x800028a0 (0x400c5193) srai    gp, s8, 0
core   0: 3 0x800028a0 (0x400c5193) x 3 0x5a3e16f0
core   0: 0x800028a4 (0x00000013) nop
core   0: 3 0x800028a4 (0x00000013)
core   0: 0x800028a8 (0x3d45f813) andi    a6, a1, 980
core   0: 3 0x800028a8 (0x3d45f813) x16 0x000003d4
core   0: 0x800028ac (0x00261633) sll     a2, a2, sp
core   0: 3 0x800028ac (0x00261633) x12 0x00000000
core   0: 0x800028b0 (0x020e3533) mulhu   a0, t3, zero
core   0: 3 0x800028b0 (0x020e3533) x10 0x00000000
core   0: 0x800028b4 (0x03bc80b3) mul     ra, s9, s11
core   0: 3 0x800028b4 (0x03bc80b3) x 1 0x00000000
core   0: 0x800028b8 (0x41698db3) sub     s11, s3, s6
core   0: 3 0x800028b8 (0x41698db3) x27 0x00201400
core   0: 0x800028bc (0x002d5833) srl     a6, s10, sp
core   0: 3 0x800028bc (0x002d5833) x16 0x00000000
core   0: 0x800028c0 (0x010aa3b3) slt     t2, s5, a6
core   0: 3 0x800028c0 (0x010aa3b3) x 7 0x00000000
core   0: 0x800028c4 (0x035d19b3) mulh    s3, s10, s5
core   0: 3 0x800028c4 (0x035d19b3) x19 0x00000000
core   0: 0x800028c8 (0x01349913) slli    s2, s1, 19
core   0: 3 0x800028c8 (0x01349913) x18 0x00000000
core   0: 0x800028cc (0x005c1c33) sll     s8, s8, t0
core   0: 3 0x800028cc (0x005c1c33) x24 0xe16f0000
core   0: 0x800028d0 (0x18978413) addi    s0, a5, 393
core   0: 3 0x800028d0 (0x18978413) x 8 0xffdfed89
core   0: 0x800028d4 (0x012546b3) xor     a3, a0, s2
core   0: 3 0x800028d4 (0x012546b3) x13 0x00000000
core   0: 0x800028d8 (0x00ac1193) slli    gp, s8, 10
core   0: 3 0x800028d8 (0x00ac1193) x 3 0xbc000000
core   0: 0x800028dc (0x6c0fea37) lui     s4, 0x6c0fe
core   0: 3 0x800028dc (0x6c0fea37) x20 0x6c0fe000
core   0: 0x800028e0 (0x1ec3df17) auipc   t5, 0x1ec3d
core   0: 3 0x800028e0 (0x1ec3df17) x30 0x9ec3f8e0
core   0: 0x800028e4 (0x00d833b3) sltu    t2, a6, a3
core   0: 3 0x800028e4 (0x00d833b3) x 7 0x00000000
core   0: 0x800028e8 (0x502d0e93) addi    t4, s10, 1282
core   0: 3 0x800028e8 (0x502d0e93) x29 0x00000502
core   0: 0x800028ec (0x02f4f333) remu    t1, s1, a5
core   0: 3 0x800028ec (0x02f4f333) x 6 0x00000000
core   0: 0x800028f0 (0x015d7eb3) and     t4, s10, s5
core   0: 3 0x800028f0 (0x015d7eb3) x29 0x00000000
core   0: 0x800028f4 (0x49bd0e13) addi    t3, s10, 1179
core   0: 3 0x800028f4 (0x49bd0e13) x28 0x0000049b
core   0: 0x800028f8 (0xd031ce13) xori    t3, gp, -765
core   0: 3 0x800028f8 (0xd031ce13) x28 0x43fffd03
core   0: 0x800028fc (0xfa6b8d13) addi    s10, s7, -90
core   0: 3 0x800028fc (0xfa6b8d13) x26 0xdae7aba6
core   0: 0x80002900 (0xfd7b2413) slti    s0, s6, -41
core   0: 3 0x80002900 (0xfd7b2413) x 8 0x00000001
core   0: 0x80002904 (0x00b3db33) srl     s6, t2, a1
core   0: 3 0x80002904 (0x00b3db33) x22 0x00000000
core   0: 0x80002908 (0x03eac333) div     t1, s5, t5
core   0: 3 0x80002908 (0x03eac333) x 6 0x00000000
core   0: 0x8000290c (0x41cc5313) srai    t1, s8, 28
core   0: 3 0x8000290c (0x41cc5313) x 6 0xfffffffe
core   0: 0x80002910 (0x01f963b3) or      t2, s2, t6
core   0: 3 0x80002910 (0x01f963b3) x 7 0x00000000
core   0: 0x80002914 (0xe25b4f13) xori    t5, s6, -475
core   0: 3 0x80002914 (0xe25b4f13) x30 0xfffffe25
core   0: 0x80002918 (0x112d2b93) slti    s7, s10, 274
core   0: 3 0x80002918 (0x112d2b93) x23 0x00000001
core   0: 0x8000291c (0xd549c213) xori    tp, s3, -684
core   0: 3 0x8000291c (0xd549c213) x 4 0xfffffd54
core   0: 0x80002920 (0x0014e5b3) or      a1, s1, ra
core   0: 3 0x80002920 (0x0014e5b3) x11 0x00000000
core   0: 0x80002924 (0x50d88513) addi    a0, a7, 1293
core   0: 3 0x80002924 (0x50d88513) x10 0x0000050d
core   0: 0x80002928 (0x000257b3) srl     a5, tp, zero
core   0: 3 0x80002928 (0x000257b3) x15 0xfffffd54
core   0: 0x8000292c (0x00065393) srli    t2, a2, 0
core   0: 3 0x8000292c (0x00065393) x 7 0x00000000
core   0: 0x80002930 (0x038240b3) div     ra, tp, s8
core   0: 3 0x80002930 (0x038240b3) x 1 0x00000000
core   0: 0x80002934 (0x00000013) nop
core   0: 3 0x80002934 (0x00000013)
core   0: 0x80002938 (0x01b41f13) slli    t5, s0, 27
core   0: 3 0x80002938 (0x01b41f13) x30 0x08000000
core   0: 0x8000293c (0x01e6c033) xor     zero, a3, t5
core   0: 3 0x8000293c (0x01e6c033)
core   0: 0x80002940 (0x0105dd93) srli    s11, a1, 16
core   0: 3 0x80002940 (0x0105dd93) x27 0x00000000
core   0: 0x80002944 (0x7cc13d13) sltiu   s10, sp, 1996
core   0: 3 0x80002944 (0x7cc13d13) x26 0x00000000
core   0: 0x80002948 (0x015d97b3) sll     a5, s11, s5
core   0: 3 0x80002948 (0x015d97b3) x15 0x00000000
core   0: 0x8000294c (0x0199dfb3) srl     t6, s3, s9
core   0: 3 0x8000294c (0x0199dfb3) x31 0x00000000
core   0: 0x80002950 (0xc7214613) xori    a2, sp, -910
core   0: 3 0x80002950 (0xc7214613) x12 0x7ffeb216
core   0: 0x80002954 (0xed5c4537) lui     a0, 0xed5c4
core   0: 3 0x80002954 (0xed5c4537) x10 0xed5c4000
core   0: 0x80002958 (0x03c48233) mul     tp, s1, t3
core   0: 3 0x80002958 (0x03c48233) x 4 0x00000000
core   0: 0x8000295c (0x0167bfb3) sltu    t6, a5, s6
core   0: 3 0x8000295c (0x0167bfb3) x31 0x00000000
core   0: 0x80002960 (0x033fca33) div     s4, t6, s3
core   0: 3 0x80002960 (0x033fca33) x20 0xffffffff
core   0: 0x80002964 (0x02e33333) mulhu   t1, t1, a4
core   0: 3 0x80002964 (0x02e33333) x 6 0x80018ce2
core   0: 0x80002968 (0x03cc16b3) mulh    a3, s8, t3
core   0: 3 0x80002968 (0x03cc16b3) x13 0xf7e17c5b
core   0: 0x8000296c (0x0245be33) mulhu   t3, a1, tp
core   0: 3 0x8000296c (0x0245be33) x28 0x00000000
core   0: 0x80002970 (0x02a97533) remu    a0, s2, a0
core   0: 3 0x80002970 (0x02a97533) x10 0x00000000
core   0: 0x80002974 (0x5e318593) addi    a1, gp, 1507
core   0: 3 0x80002974 (0x5e318593) x11 0xbc0005e3
core   0: 0x80002978 (0x0004dd93) srli    s11, s1, 0
core   0: 3 0x80002978 (0x0004dd93) x27 0x00000000
core   0: 0x8000297c (0x51880813) addi    a6, a6, 1304
core   0: 3 0x8000297c (0x51880813) x16 0x00000518
core   0: 0x80002980 (0x036e66b3) rem     a3, t3, s6
core   0: 3 0x80002980 (0x036e66b3) x13 0x00000000
core   0: 0x80002984 (0x2384c793) xori    a5, s1, 568
core   0: 3 0x80002984 (0x2384c793) x15 0x00000238
core   0: 0x80002988 (0xa40a3793) sltiu   a5, s4, -1472
core   0: 3 0x80002988 (0xa40a3793) x15 0x00000000
core   0: 0x8000298c (0x030500b3) mul     ra, a0, a6
core   0: 3 0x8000298c (0x030500b3) x 1 0x00000000
core   0: 0x80002990 (0x001001b3) add     gp, zero, ra
core   0: 3 0x80002990 (0x001001b3) x 3 0x00000000
core   0: 0x80002994 (0x41535413) srai    s0, t1, 21
core   0: 3 0x80002994 (0x41535413) x 8 0xfffffc00
core   0: 0x80002998 (0x026b78b3) remu    a7, s6, t1
core   0: 3 0x80002998 (0x026b78b3) x17 0x00000000
core   0: 0x8000299c (0x00245513) srli    a0, s0, 2
core   0: 3 0x8000299c (0x00245513) x10 0x3fffff00
core   0: 0x800029a0 (0x00f20d33) add     s10, tp, a5
core   0: 3 0x800029a0 (0x00f20d33) x26 0x00000000
core   0: 0x800029a4 (0x002a9693) slli    a3, s5, 2
core   0: 3 0x800029a4 (0x002a9693) x13 0x00805000
core   0: 0x800029a8 (0x00000013) nop
core   0: 3 0x800029a8 (0x00000013)
core   0: 0x800029ac (0x0035a533) slt     a0, a1, gp
core   0: 3 0x800029ac (0x0035a533) x10 0x00000001
core   0: 0x800029b0 (0x0a496e13) ori     t3, s2, 164
core   0: 3 0x800029b0 (0x0a496e13) x28 0x000000a4
core   0: 0x800029b4 (0x020d6d33) rem     s10, s10, zero
core   0: 3 0x800029b4 (0x020d6d33) x26 0x00000000
core   0: 0x800029b8 (0x009d1913) slli    s2, s10, 9
core   0: 3 0x800029b8 (0x009d1913) x18 0x00000000
core   0: 0x800029bc (0x009229b3) slt     s3, tp, s1
core   0: 3 0x800029bc (0x009229b3) x19 0x00000000
core   0: 0x800029c0 (0x00dfdf93) srli    t6, t6, 13
core   0: 3 0x800029c0 (0x00dfdf93) x31 0x00000000
core   0: 0x800029c4 (0x410d5513) srai    a0, s10, 16
core   0: 3 0x800029c4 (0x410d5513) x10 0x00000000
core   0: 0x800029c8 (0x00963d33) sltu    s10, a2, s1
core   0: 3 0x800029c8 (0x00963d33) x26 0x00000000
core   0: 0x800029cc (0x40185d13) srai    s10, a6, 1
core   0: 3 0x800029cc (0x40185d13) x26 0x0000028c
core   0: 0x800029d0 (0x41075b33) sra     s6, a4, a6
core   0: 3 0x800029d0 (0x41075b33) x22 0xffffff80
core   0: 0x800029d4 (0x0088f4b3) and     s1, a7, s0
core   0: 3 0x800029d4 (0x0088f4b3) x 9 0x00000000
core   0: 0x800029d8 (0x26676493) ori     s1, a4, 614
core   0: 3 0x800029d8 (0x26676493) x 9 0x80018ee6
core   0: 0x800029dc (0x010d84b3) add     s1, s11, a6
core   0: 3 0x800029dc (0x010d84b3) x 9 0x00000518
core   0: 0x800029e0 (0x418e0933) sub     s2, t3, s8
core   0: 3 0x800029e0 (0x418e0933) x18 0x1e9100a4
core   0: 0x800029e4 (0x416bdf13) srai    t5, s7, 22
core   0: 3 0x800029e4 (0x416bdf13) x30 0x00000000
core   0: 0x800029e8 (0x02ed83b3) mul     t2, s11, a4
core   0: 3 0x800029e8 (0x02ed83b3) x 7 0x00000000
core   0: 0x800029ec (0x00abf933) and     s2, s7, a0
core   0: 3 0x800029ec (0x00abf933) x18 0x00000000
core   0: 0x800029f0 (0x0395e9b3) rem     s3, a1, s9
core   0: 3 0x800029f0 (0x0395e9b3) x19 0xfffffaf5
core   0: 0x800029f4 (0x533b2497) auipc   s1, 0x533b2
core   0: 3 0x800029f4 (0x533b2497) x 9 0xd33b49f4
core   0: 0x800029f8 (0x01b9ffb3) and     t6, s3, s11
core   0: 3 0x800029f8 (0x01b9ffb3) x31 0x00000000
core   0: 0x800029fc (0x02cb77b3) remu    a5, s6, a2
core   0: 3 0x800029fc (0x02cb77b3) x15 0x00029b54
core   0: 0x80002a00 (0x00e49693) slli    a3, s1, 14
core   0: 3 0x80002a00 (0x00e49693) x13 0xd27d0000
core   0: 0x80002a04 (0x00c81e13) slli    t3, a6, 12
core   0: 3 0x80002a04 (0x00c81e13) x28 0x00518000
core   0: 0x80002a08 (0x0361df33) divu    t5, gp, s6
core   0: 3 0x80002a08 (0x0361df33) x30 0x00000000
core   0: 0x80002a0c (0x030665b3) rem     a1, a2, a6
core   0: 3 0x80002a0c (0x030665b3) x11 0x000003be
core   0: 0x80002a10 (0x006b1e93) slli    t4, s6, 6
core   0: 3 0x80002a10 (0x006b1e93) x29 0xffffe000
core   0: 0x80002a14 (0x01750bb3) add     s7, a0, s7
core   0: 3 0x80002a14 (0x01750bb3) x23 0x00000001
core   0: 0x80002a18 (0x00c656b3) srl     a3, a2, a2
core   0: 3 0x80002a18 (0x00c656b3) x13 0x000001ff
core   0: 0x80002a1c (0x02b1e633) rem     a2, gp, a1
core   0: 3 0x80002a1c (0x02b1e633) x12 0x00000000
core   0: 0x80002a20 (0x0227cd33) div     s10, a5, sp
core   0: 3 0x80002a20 (0x0227cd33) x26 0x00000000
core   0: 0x80002a24 (0xc6aa4b13) xori    s6, s4, -918
core   0: 3 0x80002a24 (0xc6aa4b13) x22 0x00000395
core   0: 0x80002a28 (0x013865b3) or      a1, a6, s3
core   0: 3 0x80002a28 (0x013865b3) x11 0xfffffffd
core   0: 0x80002a2c (0x0355b033) mulhu   zero, a1, s5
core   0: 3 0x80002a2c (0x0355b033)
core   0: 0x80002a30 (0xac7db893) sltiu   a7, s11, -1337
core   0: 3 0x80002a30 (0xac7db893) x17 0x00000001
core   0: 0x80002a34 (0x00bd3033) sltu    zero, s10, a1
core   0: 3 0x80002a34 (0x00bd3033)
core   0: 0x80002a38 (0x0015d0b3) srl     ra, a1, ra
core   0: 3 0x80002a38 (0x0015d0b3) x 1 0xfffffffd
core   0: 0x80002a3c (0x025af7b3) remu    a5, s5, t0
core   0: 3 0x80002a3c (0x025af7b3) x15 0x00201400
core   0: 0x80002a40 (0xa2ab0493) addi    s1, s6, -1494
core   0: 3 0x80002a40 (0xa2ab0493) x 9 0xfffffdbf
core   0: 0x80002a44 (0x032edeb3) divu    t4, t4, s2
core   0: 3 0x80002a44 (0x032edeb3) x29 0xffffffff
core   0: 0x80002a48 (0xc9ee6a13) ori     s4, t3, -866
core   0: 3 0x80002a48 (0xc9ee6a13) x20 0xfffffc9e
core   0: 0x80002a4c (0x40e5df33) sra     t5, a1, a4
core   0: 3 0x80002a4c (0x40e5df33) x30 0xffffffff
core   0: 0x80002a50 (0x029e7533) remu    a0, t3, s1
core   0: 3 0x80002a50 (0x029e7533) x10 0x00518000
core   0: 0x80002a54 (0x0150b3b3) sltu    t2, ra, s5
core   0: 3 0x80002a54 (0x0150b3b3) x 7 0x00000000
core   0: 0x80002a58 (0x000475b3) and     a1, s0, zero
core   0: 3 0x80002a58 (0x000475b3) x11 0x00000000
core   0: 0x80002a5c (0x02040ab3) mul     s5, s0, zero
core   0: 3 0x80002a5c (0x02040ab3) x21 0x00000000
core   0: 0x80002a60 (0xc00e0813) addi    a6, t3, -1024
core   0: 3 0x80002a60 (0xc00e0813) x16 0x00517c00
core   0: 0x80002a64 (0x0105d093) srli    ra, a1, 16
core   0: 3 0x80002a64 (0x0105d093) x 1 0x00000000
core   0: 0x80002a68 (0x101eec13) ori     s8, t4, 257
core   0: 3 0x80002a68 (0x101eec13) x24 0xffffffff
core   0: 0x80002a6c (0x00a6b833) sltu    a6, a3, a0
core   0: 3 0x80002a6c (0x00a6b833) x16 0x00000001
core   0: 0x80002a70 (0x03bb4fb3) div     t6, s6, s11
core   0: 3 0x80002a70 (0x03bb4fb3) x31 0xffffffff
core   0: 0x80002a74 (0x53ab8893) addi    a7, s7, 1338
core   0: 3 0x80002a74 (0x53ab8893) x17 0x0000053b
core   0: 0x80002a78 (0x01e65eb3) srl     t4, a2, t5
core   0: 3 0x80002a78 (0x01e65eb3) x29 0x00000000
core   0: 0x80002a7c (0xb3a07193) andi    gp, zero, -1222
core   0: 3 0x80002a7c (0xb3a07193) x 3 0x00000000
core   0: 0x80002a80 (0x032207b3) mul     a5, tp, s2
core   0: 3 0x80002a80 (0x032207b3) x15 0x00000000
core   0: 0x80002a84 (0x03024f33) div     t5, tp, a6
core   0: 3 0x80002a84 (0x03024f33) x30 0x00000000
core   0: 0x80002a88 (0x008efdb3) and     s11, t4, s0
core   0: 3 0x80002a88 (0x008efdb3) x27 0x00000000
core   0: 0x80002a8c (0x02fffb33) remu    s6, t6, a5
core   0: 3 0x80002a8c (0x02fffb33) x22 0xffffffff
core   0: 0x80002a90 (0x41630233) sub     tp, t1, s6
core   0: 3 0x80002a90 (0x41630233) x 4 0x80018ce3
core   0: 0x80002a94 (0x00badc33) srl     s8, s5, a1
core   0: 3 0x80002a94 (0x00badc33) x24 0x00000000
core   0: 0x80002a98 (0xde244913) xori    s2, s0, -542
core   0: 3 0x80002a98 (0xde244913) x18 0x000001e2
core   0: 0x80002a9c (0x40bfdab3) sra     s5, t6, a1
core   0: 3 0x80002a9c (0x40bfdab3) x21 0xffffffff
core   0: 0x80002aa0 (0x415151b3) sra     gp, sp, s5
core   0: 3 0x80002aa0 (0x415151b3) x 3 0xffffffff
core   0: 0x80002aa4 (0x01f975b3) and     a1, s2, t6
core   0: 3 0x80002aa4 (0x01f975b3) x11 0x000001e2
core   0: 0x80002aa8 (0x030c2d33) mulhsu  s10, s8, a6
core   0: 3 0x80002aa8 (0x030c2d33) x26 0x00000000
core   0: 0x80002aac (0x7cea4593) xori    a1, s4, 1998
core   0: 3 0x80002aac (0x7cea4593) x11 0xfffffb50
core   0: 0x80002ab0 (0x007c2ab3) slt     s5, s8, t2
core   0: 3 0x80002ab0 (0x007c2ab3) x21 0x00000000
core   0: 0x80002ab4 (0xc58f0213) addi    tp, t5, -936
core   0: 3 0x80002ab4 (0xc58f0213) x 4 0xfffffc58
core   0: 0x80002ab8 (0x03f558b3) divu    a7, a0, t6
core   0: 3 0x80002ab8 (0x03f558b3) x17 0x00000000
core   0: 0x80002abc (0x03765ab3) divu    s5, a2, s7
core   0: 3 0x80002abc (0x03765ab3) x21 0x00000000
core   0: 0x80002ac0 (0x0362cfb3) div     t6, t0, s6
core   0: 3 0x80002ac0 (0x0362cfb3) x31 0x09be92d4
core   0: 0x80002ac4 (0x02232eb3) mulhsu  t4, t1, sp
core   0: 3 0x80002ac4 (0x02232eb3) x29 0xc0001f41
core   0: 0x80002ac8 (0x76ab8793) addi    a5, s7, 1898
core   0: 3 0x80002ac8 (0x76ab8793) x15 0x0000076b
core   0: 0x80002acc (0x01c17fb3) and     t6, sp, t3
core   0: 3 0x80002acc (0x01c17fb3) x31 0x00010000
core   0: 0x80002ad0 (0x0161ffb3) and     t6, gp, s6
core   0: 3 0x80002ad0 (0x0161ffb3) x31 0xffffffff
core   0: 0x80002ad4 (0x03388933) mul     s2, a7, s3
core   0: 3 0x80002ad4 (0x03388933) x18 0x00000000
core   0: 0x80002ad8 (0x036b9c33) mulh    s8, s7, s6
core   0: 3 0x80002ad8 (0x036b9c33) x24 0xffffffff
core   0: 0x80002adc (0x79ddbf13) sltiu   t5, s11, 1949
core   0: 3 0x80002adc (0x79ddbf13) x30 0x00000001
core   0: 0x80002ae0 (0x01fa30b3) sltu    ra, s4, t6
core   0: 3 0x80002ae0 (0x01fa30b3) x 1 0x00000001
core   0: 0x80002ae4 (0x01a20533) add     a0, tp, s10
core   0: 3 0x80002ae4 (0x01a20533) x10 0xfffffc58
core   0: 0x80002ae8 (0x9beb7313) andi    t1, s6, -1602
core   0: 3 0x80002ae8 (0x9beb7313) x 6 0xfffff9be
core   0: 0x80002aec (0x1e70af93) slti    t6, ra, 487
core   0: 3 0x80002aec (0x1e70af93) x31 0x00000001
core   0: 0x80002af0 (0x0003fab3) and     s5, t2, zero
core   0: 3 0x80002af0 (0x0003fab3) x21 0x00000000
core   0: 0x80002af4 (0x0132a1b3) slt     gp, t0, s3
core   0: 3 0x80002af4 (0x0132a1b3) x 3 0x00000001
core   0: 0x80002af8 (0xf58cce97) auipc   t4, 0xf58cc
core   0: 3 0x80002af8 (0xf58cce97) x29 0x758ceaf8
core   0: 0x80002afc (0x01171233) sll     tp, a4, a7
core   0: 3 0x80002afc (0x01171233) x 4 0x80018ce4
core   0: 0x80002b00 (0xd84f8937) lui     s2, 0xd84f8
core   0: 3 0x80002b00 (0xd84f8937) x18 0xd84f8000
core   0: 0x80002b04 (0x01239193) slli    gp, t2, 18
core   0: 3 0x80002b04 (0x01239193) x 3 0x00000000
core   0: 0x80002b08 (0x021ef6b3) remu    a3, t4, ra
core   0: 3 0x80002b08 (0x021ef6b3) x13 0x00000000
core   0: 0x80002b0c (0x4098da13) srai    s4, a7, 9
core   0: 3 0x80002b0c (0x4098da13) x20 0x00000000
core   0: 0x80002b10 (0x1787ba13) sltiu   s4, a5, 376
core   0: 3 0x80002b10 (0x1787ba13) x20 0x00000000
core   0: 0x80002b14 (0x413b0533) sub     a0, s6, s3
core   0: 3 0x80002b14 (0x413b0533) x10 0x0000050a
core   0: 0x80002b18 (0x0184f3b3) and     t2, s1, s8
core   0: 3 0x80002b18 (0x0184f3b3) x 7 0xfffffdbf
core   0: 0x80002b1c (0x01fa39b3) sltu    s3, s4, t6
core   0: 3 0x80002b1c (0x01fa39b3) x19 0x00000001
core   0: 0x80002b20 (0x001c9e33) sll     t3, s9, ra
core   0: 3 0x80002b20 (0x001c9e33) x28 0xfffff112
core   0: 0x80002b24 (0x810c6b97) auipc   s7, 0x810c6
core   0: 3 0x80002b24 (0x810c6b97) x23 0x010c8b24
core   0: 0x80002b28 (0x03b83a33) mulhu   s4, a6, s11
core   0: 3 0x80002b28 (0x03b83a33) x20 0x00000000
core   0: 0x80002b2c (0x00b756b3) srl     a3, a4, a1
core   0: 3 0x80002b2c (0x00b756b3) x13 0x00008001
core   0: 0x80002b30 (0x01315013) srli    zero, sp, 19
core   0: 3 0x80002b30 (0x01315013)
core   0: 0x80002b34 (0x0023f333) and     t1, t2, sp
core   0: 3 0x80002b34 (0x0023f333) x 6 0x80014c24
core   0: 0x80002b38 (0x001ed593) srli    a1, t4, 1
core   0: 3 0x80002b38 (0x001ed593) x11 0x3ac6757c
core   0: 0x80002b3c (0x5e972f13) slti    t5, a4, 1513
core   0: 3 0x80002b3c (0x5e972f13) x30 0x00000001
core   0: 0x80002b40 (0x02996fb3) rem     t6, s2, s1
core   0: 3 0x80002b40 (0x02996fb3) x31 0xfffffeb3
core   0: 0x80002b44 (0x00000013) nop
core   0: 3 0x80002b44 (0x00000013)
core   0: 0x80002b48 (0x00345313) srli    t1, s0, 3
core   0: 3 0x80002b48 (0x00345313) x 6 0x1fffff80
core   0: 0x80002b4c (0x0033bcb3) sltu    s9, t2, gp
core   0: 3 0x80002b4c (0x0033bcb3) x25 0x00000000
core   0: 0x80002b50 (0x4c787993) andi    s3, a6, 1223
core   0: 3 0x80002b50 (0x4c787993) x19 0x00000001
core   0: 0x80002b54 (0x03a016b3) mulh    a3, zero, s10
core   0: 3 0x80002b54 (0x03a016b3) x13 0x00000000
core   0: 0x80002b58 (0x32b9f393) andi    t2, s3, 811
core   0: 3 0x80002b58 (0x32b9f393) x 7 0x00000001
core   0: 0x80002b5c (0x028d50b3) divu    ra, s10, s0
core   0: 3 0x80002b5c (0x028d50b3) x 1 0x00000000
core   0: 0x80002b60 (0x41ff53b3) sra     t2, t5, t6
core   0: 3 0x80002b60 (0x41ff53b3) x 7 0x00000000
core   0: 0x80002b64 (0x9ce1f593) andi    a1, gp, -1586
core   0: 3 0x80002b64 (0x9ce1f593) x11 0x00000000
core   0: 0x80002b68 (0x2c317413) andi    s0, sp, 707
core   0: 3 0x80002b68 (0x2c317413) x 8 0x00000240
core   0: 0x80002b6c (0x01549b93) slli    s7, s1, 21
core   0: 3 0x80002b6c (0x01549b93) x23 0xb7e00000
core   0: 0x80002b70 (0x00edee33) or      t3, s11, a4
core   0: 3 0x80002b70 (0x00edee33) x28 0x80018ce4
core   0: 0x80002b74 (0x03133f33) mulhu   t5, t1, a7
core   0: 3 0x80002b74 (0x03133f33) x30 0x00000000
core   0: 0x80002b78 (0x03e89d33) mulh    s10, a7, t5
core   0: 3 0x80002b78 (0x03e89d33) x26 0x00000000
core   0: 0x80002b7c (0x03883433) mulhu   s0, a6, s8
core   0: 3 0x80002b7c (0x03883433) x 8 0x00000000
core   0: 0x80002b80 (0xb39a8393) addi    t2, s5, -1223
core   0: 3 0x80002b80 (0xb39a8393) x 7 0xfffffb39
core   0: 0x80002b84 (0x5cba4813) xori    a6, s4, 1483
core   0: 3 0x80002b84 (0x5cba4813) x16 0x000005cb
core   0: 0x80002b88 (0x0127d433) srl     s0, a5, s2
core   0: 3 0x80002b88 (0x0127d433) x 8 0x0000076b
core   0: 0x80002b8c (0x027cb1b3) mulhu   gp, s9, t2
core   0: 3 0x80002b8c (0x027cb1b3) x 3 0x00000000
core   0: 0x80002b90 (0x01caa5b3) slt     a1, s5, t3
core   0: 3 0x80002b90 (0x01caa5b3) x11 0x00000000
core   0: 0x80002b94 (0x03b7cab3) div     s5, a5, s11
core   0: 3 0x80002b94 (0x03b7cab3) x21 0xffffffff
core   0: 0x80002b98 (0x00000013) nop
core   0: 3 0x80002b98 (0x00000013)
core   0: 0x80002b9c (0xa3cfe893) ori     a7, t6, -1476
core   0: 3 0x80002b9c (0xa3cfe893) x17 0xfffffebf
core   0: 0x80002ba0 (0x03c8ddb3) divu    s11, a7, t3
core   0: 3 0x80002ba0 (0x03c8ddb3) x27 0x00000001
core   0: 0x80002ba4 (0x0062db13) srli    s6, t0, 6
core   0: 3 0x80002ba4 (0x0062db13) x22 0x03d905b4
core   0: 0x80002ba8 (0x034e78b3) remu    a7, t3, s4
core   0: 3 0x80002ba8 (0x034e78b3) x17 0x80018ce4
core   0: 0x80002bac (0x41a708b3) sub     a7, a4, s10
core   0: 3 0x80002bac (0x41a708b3) x17 0x80018ce4
core   0: 0x80002bb0 (0x496a7013) andi    zero, s4, 1174
core   0: 3 0x80002bb0 (0x496a7013)
core   0: 0x80002bb4 (0x03b997b3) mulh    a5, s3, s11
core   0: 3 0x80002bb4 (0x03b997b3) x15 0x00000000
core   0: 0x80002bb8 (0x0000d7b3) srl     a5, ra, zero
core   0: 3 0x80002bb8 (0x0000d7b3) x15 0x00000000
core   0: 0x80002bbc (0x2b338393) addi    t2, t2, 691
core   0: 3 0x80002bbc (0x2b338393) x 7 0xfffffdec
core   0: 0x80002bc0 (0x21eca793) slti    a5, s9, 542
core   0: 3 0x80002bc0 (0x21eca793) x15 0x00000001
core   0: 0x80002bc4 (0x03c1edb3) rem     s11, gp, t3
core   0: 3 0x80002bc4 (0x03c1edb3) x27 0x00000000
core   0: 0x80002bc8 (0x01ad58b3) srl     a7, s10, s10
core   0: 3 0x80002bc8 (0x01ad58b3) x17 0x00000000
core   0: 0x80002bcc (0x02e09433) mulh    s0, ra, a4
core   0: 3 0x80002bcc (0x02e09433) x 8 0x00000000
core   0: 0x80002bd0 (0x41760233) sub     tp, a2, s7
core   0: 3 0x80002bd0 (0x41760233) x 4 0x48200000
core   0: 0x80002bd4 (0x02556333) rem     t1, a0, t0
core   0: 3 0x80002bd4 (0x02556333) x 6 0x0000050a
core   0: 0x80002bd8 (0x018b5313) srli    t1, s6, 24
core   0: 3 0x80002bd8 (0x018b5313) x 6 0x00000003
core   0: 0x80002bdc (0x009fea33) or      s4, t6, s1
core   0: 3 0x80002bdc (0x009fea33) x20 0xffffffbf
core   0: 0x80002be0 (0x40495213) srai    tp, s2, 4
core   0: 3 0x80002be0 (0x40495213) x 4 0xfd84f800
core   0: 0x80002be4 (0x03d93533) mulhu   a0, s2, t4
core   0: 3 0x80002be4 (0x03d93533) x10 0x63536784
core   0: 0x80002be8 (0x03e810b3) mulh    ra, a6, t5
core   0: 3 0x80002be8 (0x03e810b3) x 1 0x00000000
core   0: 0x80002bec (0xd4403193) sltiu   gp, zero, -700
core   0: 3 0x80002bec (0xd4403193) x 3 0x00000001
core   0: 0x80002bf0 (0x023c3533) mulhu   a0, s8, gp
core   0: 3 0x80002bf0 (0x023c3533) x10 0x00000000
core   0: 0x80002bf4 (0x014f81b3) add     gp, t6, s4
core   0: 3 0x80002bf4 (0x014f81b3) x 3 0xfffffe72
core   0: 0x80002bf8 (0xc85cef13) ori     t5, s9, -891
core   0: 3 0x80002bf8 (0xc85cef13) x30 0xfffffc85
core   0: 0x80002bfc (0x417a86b3) sub     a3, s5, s7
core   0: 3 0x80002bfc (0x417a86b3) x13 0x481fffff
core   0: 0x80002c00 (0x00d7ee33) or      t3, a5, a3
core   0: 3 0x80002c00 (0x00d7ee33) x28 0x481fffff
core   0: 0x80002c04 (0x4181d013) srai    zero, gp, 24
core   0: 3 0x80002c04 (0x4181d013)
core   0: 0x80002c08 (0x014457b3) srl     a5, s0, s4
core   0: 3 0x80002c08 (0x014457b3) x15 0x00000000
core   0: 0x80002c0c (0x4eff0493) addi    s1, t5, 1263
core   0: 3 0x80002c0c (0x4eff0493) x 9 0x00000174
core   0: 0x80002c10 (0xd6bae513) ori     a0, s5, -661
core   0: 3 0x80002c10 (0xd6bae513) x10 0xffffffff
core   0: 0x80002c14 (0x025dbfb3) mulhu   t6, s11, t0
core   0: 3 0x80002c14 (0x025dbfb3) x31 0x00000000
core   0: 0x80002c18 (0x899a8693) addi    a3, s5, -1895
core   0: 3 0x80002c18 (0x899a8693) x13 0xfffff898
core   0: 0x80002c1c (0x86e06893) ori     a7, zero, -1938
core   0: 3 0x80002c1c (0x86e06893) x17 0xfffff86e
core   0: 0x80002c20 (0x01d8ae33) slt     t3, a7, t4
core   0: 3 0x80002c20 (0x01d8ae33) x28 0x00000001
core   0: 0x80002c24 (0x030c0533) mul     a0, s8, a6
core   0: 3 0x80002c24 (0x030c0533) x10 0xfffffa35
core   0: 0x80002c28 (0x01c16a33) or      s4, sp, t3
core   0: 3 0x80002c28 (0x01c16a33) x20 0x80014e65
core   0: 0x80002c2c (0x00000013) nop
core   0: 3 0x80002c2c (0x00000013)
core   0: 0x80002c30 (0x013bf1b3) and     gp, s7, s3
core   0: 3 0x80002c30 (0x013bf1b3) x 3 0x00000000
core   0: 0x80002c34 (0x006914b3) sll     s1, s2, t1
core   0: 3 0x80002c34 (0x006914b3) x 9 0xc27c0000
core   0: 0x80002c38 (0x5467a793) slti    a5, a5, 1350
core   0: 3 0x80002c38 (0x5467a793) x15 0x00000001
core   0: 0x80002c3c (0x46b42513) slti    a0, s0, 1131
core   0: 3 0x80002c3c (0x46b42513) x10 0x00000001
core   0: 0x80002c40 (0xfbcd8e13) addi    t3, s11, -68
core   0: 3 0x80002c40 (0xfbcd8e13) x28 0xffffffbc
core   0: 0x80002c44 (0x01814433) xor     s0, sp, s8
core   0: 3 0x80002c44 (0x01814433) x 8 0x7ffeb19b
core   0: 0x80002c48 (0x014f8533) add     a0, t6, s4
core   0: 3 0x80002c48 (0x014f8533) x10 0x80014e65
core   0: 0x80002c4c (0x8411a493) slti    s1, gp, -1983
core   0: 3 0x80002c4c (0x8411a493) x 9 0x00000000
core   0: 0x80002c50 (0x411bd813) srai    a6, s7, 17
core   0: 3 0x80002c50 (0x411bd813) x16 0xffffdbf0
core   0: 0x80002c54 (0x00ac40b3) xor     ra, s8, a0
core   0: 3 0x80002c54 (0x00ac40b3) x 1 0x7ffeb19a
core   0: 0x80002c58 (0x0048d233) srl     tp, a7, tp
core   0: 3 0x80002c58 (0x0048d233) x 4 0xfffff86e
core   0: 0x80002c5c (0x012716b3) sll     a3, a4, s2
core   0: 3 0x80002c5c (0x012716b3) x13 0x80018ce4
core   0: 0x80002c60 (0x016315b3) sll     a1, t1, s6
core   0: 3 0x80002c60 (0x016315b3) x11 0x00300000
core   0: 0x80002c64 (0x01645333) srl     t1, s0, s6
core   0: 3 0x80002c64 (0x01645333) x 6 0x000007ff
core   0: 0x80002c68 (0x405f01b3) sub     gp, t5, t0
core   0: 3 0x80002c68 (0x405f01b3) x 3 0x09be8f59
core   0: 0x80002c6c (0x407ad3b3) sra     t2, s5, t2
core   0: 3 0x80002c6c (0x407ad3b3) x 7 0xffffffff
core   0: 0x80002c70 (0x025d4db3) div     s11, s10, t0
core   0: 3 0x80002c70 (0x025d4db3) x27 0x00000000
core   0: 0x80002c74 (0x02291f33) mulh    t5, s2, sp
core   0: 3 0x80002c74 (0x02291f33) x30 0x13d80c28
core   0: 0x80002c78 (0x00155313) srli    t1, a0, 1
core   0: 3 0x80002c78 (0x00155313) x 6 0x4000a732
core   0: 0x80002c7c (0x01a98d93) addi    s11, s3, 26
core   0: 3 0x80002c7c (0x01a98d93) x27 0x0000001b
core   0: 0x80002c80 (0xcd488c13) addi    s8, a7, -812
core   0: 3 0x80002c80 (0xcd488c13) x24 0xfffff542
core   0: 0x80002c84 (0x411ad8b3) sra     a7, s5, a7
core   0: 3 0x80002c84 (0x411ad8b3) x17 0xffffffff
core   0: 0x80002c88 (0x01c15913) srli    s2, sp, 28
core   0: 3 0x80002c88 (0x01c15913) x18 0x00000008
core   0: 0x80002c8c (0x0095c5b3) xor     a1, a1, s1
core   0: 3 0x80002c8c (0x0095c5b3) x11 0x00300000
core   0: 0x80002c90 (0x0118afb3) slt     t6, a7, a7
core   0: 3 0x80002c90 (0x0118afb3) x31 0x00000000
core   0: 0x80002c94 (0x402380b3) sub     ra, t2, sp
core   0: 3 0x80002c94 (0x402380b3) x 1 0x7ffeb19b
core   0: 0x80002c98 (0x40255893) srai    a7, a0, 2
core   0: 3 0x80002c98 (0x40255893) x17 0xe0005399
core   0: 0x80002c9c (0x00d68233) add     tp, a3, a3
core   0: 3 0x80002c9c (0x00d68233) x 4 0x000319c8
core   0: 0x80002ca0 (0x06ccf917) auipc   s2, 0x6ccf
core   0: 3 0x80002ca0 (0x06ccf917) x18 0x86cd1ca0
core   0: 0x80002ca4 (0x03b00d33) mul     s10, zero, s11
core   0: 3 0x80002ca4 (0x03b00d33) x26 0x00000000
core   0: 0x80002ca8 (0x020d7b33) remu    s6, s10, zero
core   0: 3 0x80002ca8 (0x020d7b33) x22 0x00000000
core   0: 0x80002cac (0x0393cc33) div     s8, t2, s9
core   0: 3 0x80002cac (0x0393cc33) x24 0xffffffff
core   0: 0x80002cb0 (0x03fe9333) mulh    t1, t4, t6
core   0: 3 0x80002cb0 (0x03fe9333) x 6 0x00000000
core   0: 0x80002cb4 (0x024c6933) rem     s2, s8, tp
core   0: 3 0x80002cb4 (0x024c6933) x18 0xffffffff
core   0: 0x80002cb8 (0x01214433) xor     s0, sp, s2
core   0: 3 0x80002cb8 (0x01214433) x 8 0x7ffeb19b
core   0: 0x80002cbc (0x0263b033) mulhu   zero, t2, t1
core   0: 3 0x80002cbc (0x0263b033)
core   0: 0x80002cc0 (0x00870ab3) add     s5, a4, s0
core   0: 3 0x80002cc0 (0x00870ab3) x21 0x00003e7f
core   0: 0x80002cc4 (0x413b57b3) sra     a5, s6, s3
core   0: 3 0x80002cc4 (0x413b57b3) x15 0x00000000
core   0: 0x80002cc8 (0x03e731b3) mulhu   gp, a4, t5
core   0: 3 0x80002cc8 (0x03e731b3) x 3 0x09ec24d7
core   0: 0x80002ccc (0x00d4f5b3) and     a1, s1, a3
core   0: 3 0x80002ccc (0x00d4f5b3) x11 0x00000000
core   0: 0x80002cd0 (0x00cb1513) slli    a0, s6, 12
core   0: 3 0x80002cd0 (0x00cb1513) x10 0x00000000
core   0: 0x80002cd4 (0x00000013) nop
core   0: 3 0x80002cd4 (0x00000013)
core   0: 0x80002cd8 (0x02774d33) div     s10, a4, t2
core   0: 3 0x80002cd8 (0x02774d33) x26 0x7ffe731c
core   0: 0x80002cdc (0xc6d6aa93) slti    s5, a3, -915
core   0: 3 0x80002cdc (0xc6d6aa93) x21 0x00000001
core   0: 0x80002ce0 (0x02d4fe33) remu    t3, s1, a3
core   0: 3 0x80002ce0 (0x02d4fe33) x28 0x00000000
core   0: 0x80002ce4 (0x76bde593) ori     a1, s11, 1899
core   0: 3 0x80002ce4 (0x76bde593) x11 0x0000077b
core   0: 0x80002ce8 (0x00000013) nop
core   0: 3 0x80002ce8 (0x00000013)
core   0: 0x80002cec (0x02842033) mulhsu  zero, s0, s0
core   0: 3 0x80002cec (0x02842033)
core   0: 0x80002cf0 (0x6cada093) slti    ra, s11, 1738
core   0: 3 0x80002cf0 (0x6cada093) x 1 0x00000001
core   0: 0x80002cf4 (0x00e1c933) xor     s2, gp, a4
core   0: 3 0x80002cf4 (0x00e1c933) x18 0x89eda833
core   0: 0x80002cf8 (0x96b28313) addi    t1, t0, -1685
core   0: 3 0x80002cf8 (0x96b28313) x 6 0xf6416697
core   0: 0x80002cfc (0x001ef313) andi    t1, t4, 1
core   0: 3 0x80002cfc (0x001ef313) x 6 0x00000000
core   0: 0x80002d00 (0x037b9b33) mulh    s6, s7, s7
core   0: 3 0x80002d00 (0x037b9b33) x22 0x14520400
core   0: 0x80002d04 (0x02276db3) rem     s11, a4, sp
core   0: 3 0x80002d04 (0x02276db3) x27 0x80018ce4
core   0: 0x80002d08 (0x975d4d13) xori    s10, s10, -1675
core   0: 3 0x80002d08 (0x975d4d13) x26 0x80018a69
core   0: 0x80002d0c (0x02c5d5b3) divu    a1, a1, a2
core   0: 3 0x80002d0c (0x02c5d5b3) x11 0xffffffff
core   0: 0x80002d10 (0x03c36633) rem     a2, t1, t3
core   0: 3 0x80002d10 (0x03c36633) x12 0x00000000
core   0: 0x80002d14 (0x00c2fab3) and     s5, t0, a2
core   0: 3 0x80002d14 (0x00c2fab3) x21 0x00000000
core   0: 0x80002d18 (0x0077dab3) srl     s5, a5, t2
core   0: 3 0x80002d18 (0x0077dab3) x21 0x00000000
core   0: 0x80002d1c (0x026c8933) mul     s2, s9, t1
core   0: 3 0x80002d1c (0x026c8933) x18 0x00000000
core   0: 0x80002d20 (0x021a1533) mulh    a0, s4, ra
core   0: 3 0x80002d20 (0x021a1533) x10 0xffffffff
core   0: 0x80002d24 (0x027f8b33) mul     s6, t6, t2
core   0: 3 0x80002d24 (0x027f8b33) x22 0x00000000
core   0: 0x80002d28 (0x037c3633) mulhu   a2, s8, s7
core   0: 3 0x80002d28 (0x037c3633) x12 0xb7dfffff
core   0: 0x80002d2c (0x02ef31b3) mulhu   gp, t5, a4
core   0: 3 0x80002d2c (0x02ef31b3) x 3 0x09ec24d7
core   0: 0x80002d30 (0x03cad7b3) divu    a5, s5, t3
core   0: 3 0x80002d30 (0x03cad7b3) x15 0xffffffff
core   0: 0x80002d34 (0x40e18233) sub     tp, gp, a4
core   0: 3 0x80002d34 (0x40e18233) x 4 0x89ea97f3
core   0: 0x80002d38 (0x01c94933) xor     s2, s2, t3
core   0: 3 0x80002d38 (0x01c94933) x18 0x00000000
core   0: 0x80002d3c (0x00f533b3) sltu    t2, a0, a5
core   0: 3 0x80002d3c (0x00f533b3) x 7 0x00000000
core   0: 0x80002d40 (0x40965a93) srai    s5, a2, 9
core   0: 3 0x80002d40 (0x40965a93) x21 0xffdbefff
core   0: 0x80002d44 (0x03b58433) mul     s0, a1, s11
core   0: 3 0x80002d44 (0x03b58433) x 8 0x7ffe731c
core   0: 0x80002d48 (0x48cc2537) lui     a0, 0x48cc2
core   0: 3 0x80002d48 (0x48cc2537) x10 0x48cc2000
core   0: 0x80002d4c (0xa7b07a93) andi    s5, zero, -1413
core   0: 3 0x80002d4c (0xa7b07a93) x21 0x00000000
core   0: 0x80002d50 (0x40650eb3) sub     t4, a0, t1
core   0: 3 0x80002d50 (0x40650eb3) x29 0x48cc2000
core   0: 0x80002d54 (0x00000013) nop
core   0: 3 0x80002d54 (0x00000013)
core   0: 0x80002d58 (0x005b06b3) add     a3, s6, t0
core   0: 3 0x80002d58 (0x005b06b3) x13 0xf6416d2c
core   0: 0x80002d5c (0x3d5f2593) slti    a1, t5, 981
core   0: 3 0x80002d5c (0x3d5f2593) x11 0x00000000
core   0: 0x80002d60 (0x41815b13) srai    s6, sp, 24
core   0: 3 0x80002d60 (0x41815b13) x22 0xffffff80
core   0: 0x80002d64 (0x00f91fb3) sll     t6, s2, a5
core   0: 3 0x80002d64 (0x00f91fb3) x31 0x00000000
core   0: 0x80002d68 (0x033c3333) mulhu   t1, s8, s3
core   0: 3 0x80002d68 (0x033c3333) x 6 0x00000000
core   0: 0x80002d6c (0x406ada93) srai    s5, s5, 6
core   0: 3 0x80002d6c (0x406ada93) x21 0x00000000
core   0: 0x80002d70 (0x40d6dab3) sra     s5, a3, a3
core   0: 3 0x80002d70 (0x40d6dab3) x21 0xffff6416
core   0: 0x80002d74 (0x01a42c33) slt     s8, s0, s10
core   0: 3 0x80002d74 (0x01a42c33) x24 0x00000000
core   0: 0x80002d78 (0xc818cc13) xori    s8, a7, -895
core   0: 3 0x80002d78 (0xc818cc13) x24 0x1fffaf18
core   0: 0x80002d7c (0x00e3ae33) slt     t3, t2, a4
core   0: 3 0x80002d7c (0x00e3ae33) x28 0x00000000
core   0: 0x80002d80 (0x0362a3b3) mulhsu  t2, t0, s6
core   0: 3 0x80002d80 (0x0362a3b3) x 7 0xf6416d30
core   0: 0x80002d84 (0x402185b3) sub     a1, gp, sp
core   0: 3 0x80002d84 (0x402185b3) x11 0x89ead673
core   0: 0x80002d88 (0x41880633) sub     a2, a6, s8
core   0: 3 0x80002d88 (0x41880633) x12 0xe0002cd8
core   0: 0x80002d8c (0x022d1833) mulh    a6, s10, sp
core   0: 3 0x80002d8c (0x022d1833) x16 0x3ffe939b
core   0: 0x80002d90 (0x00c983b3) add     t2, s3, a2
core   0: 3 0x80002d90 (0x00c983b3) x 7 0xe0002cd9
core   0: 0x80002d94 (0x400e0db3) sub     s11, t3, zero
core   0: 3 0x80002d94 (0x400e0db3) x27 0x00000000
core   0: 0x80002d98 (0x018b7a33) and     s4, s6, s8
core   0: 3 0x80002d98 (0x018b7a33) x20 0x1fffaf00
core   0: 0x80002d9c (0x086f6497) auipc   s1, 0x86f6
core   0: 3 0x80002d9c (0x086f6497) x 9 0x886f8d9c
core   0: 0x80002da0 (0x41700d33) sub     s10, zero, s7
core   0: 3 0x80002da0 (0x41700d33) x26 0x48200000
core   0: 0x80002da4 (0x6551bb93) sltiu   s7, gp, 1621
core   0: 3 0x80002da4 (0x6551bb93) x23 0x00000000
core   0: 0x80002da8 (0x922d9837) lui     a6, 0x922d9
core   0: 3 0x80002da8 (0x922d9837) x16 0x922d9000
core   0: 0x80002dac (0x58e85397) auipc   t2, 0x58e85
core   0: 3 0x80002dac (0x58e85397) x 7 0xd8e87dac
core   0: 0x80002db0 (0x03131333) mulh    t1, t1, a7
core   0: 3 0x80002db0 (0x03131333) x 6 0x00000000
core   0: 0x80002db4 (0x5bd05637) lui     a2, 0x5bd05
core   0: 3 0x80002db4 (0x5bd05637) x12 0x5bd05000
core   0: 0x80002db8 (0x00133513) seqz    a0, t1
core   0: 3 0x80002db8 (0x00133513) x10 0x00000001
core   0: 0x80002dbc (0x0214c9b3) div     s3, s1, ra
core   0: 3 0x80002dbc (0x0214c9b3) x19 0x886f8d9c
core   0: 0x80002dc0 (0x026279b3) remu    s3, tp, t1
core   0: 3 0x80002dc0 (0x026279b3) x19 0x89ea97f3
core   0: 0x80002dc4 (0x3d8bb213) sltiu   tp, s7, 984
core   0: 3 0x80002dc4 (0x3d8bb213) x 4 0x00000001
core   0: 0x80002dc8 (0x412c8f33) sub     t5, s9, s2
core   0: 3 0x80002dc8 (0x412c8f33) x30 0x00000000
core   0: 0x80002dcc (0x004ec3b3) xor     t2, t4, tp
core   0: 3 0x80002dcc (0x004ec3b3) x 7 0x48cc2001
core   0: 0x80002dd0 (0x03a1e5b3) rem     a1, gp, s10
core   0: 3 0x80002dd0 (0x03a1e5b3) x11 0x09ec24d7
core   0: 0x80002dd4 (0x03ec10b3) mulh    ra, s8, t5
core   0: 3 0x80002dd4 (0x03ec10b3) x 1 0x00000000
core   0: 0x80002dd8 (0x51d27593) andi    a1, tp, 1309
core   0: 3 0x80002dd8 (0x51d27593) x11 0x00000001
core   0: 0x80002ddc (0x028e4833) div     a6, t3, s0
core   0: 3 0x80002ddc (0x028e4833) x16 0x00000000
core   0: 0x80002de0 (0x03fedcb3) divu    s9, t4, t6
core   0: 3 0x80002de0 (0x03fedcb3) x25 0xffffffff
core   0: 0x80002de4 (0xc03ae0b7) lui     ra, 0xc03ae
core   0: 3 0x80002de4 (0xc03ae0b7) x 1 0xc03ae000
core   0: 0x80002de8 (0x01c13d33) sltu    s10, sp, t3
core   0: 3 0x80002de8 (0x01c13d33) x26 0x00000000
core   0: 0x80002dec (0x02632c33) mulhsu  s8, t1, t1
core   0: 3 0x80002dec (0x02632c33) x24 0x00000000
core   0: 0x80002df0 (0x40f785b3) sub     a1, a5, a5
core   0: 3 0x80002df0 (0x40f785b3) x11 0x00000000
core   0: 0x80002df4 (0x45990313) addi    t1, s2, 1113
core   0: 3 0x80002df4 (0x45990313) x 6 0x00000459
core   0: 0x80002df8 (0x024424b3) mulhsu  s1, s0, tp
core   0: 3 0x80002df8 (0x024424b3) x 9 0x00000000
core   0: 0x80002dfc (0x8d823393) sltiu   t2, tp, -1832
core   0: 3 0x80002dfc (0x8d823393) x 7 0x00000001
core   0: 0x80002e00 (0x40a05433) sra     s0, zero, a0
core   0: 3 0x80002e00 (0x40a05433) x 8 0x00000000
core   0: 0x80002e04 (0x003defb3) or      t6, s11, gp
core   0: 3 0x80002e04 (0x003defb3) x31 0x09ec24d7
core   0: 0x80002e08 (0x03d02933) mulhsu  s2, zero, t4
core   0: 3 0x80002e08 (0x03d02933) x18 0x00000000
core   0: 0x80002e0c (0x002d9093) slli    ra, s11, 2
core   0: 3 0x80002e0c (0x002d9093) x 1 0x00000000
core   0: 0x80002e10 (0x00000013) nop
core   0: 3 0x80002e10 (0x00000013)
core   0: 0x80002e14 (0xff7ae093) ori     ra, s5, -9
core   0: 3 0x80002e14 (0xff7ae093) x 1 0xfffffff7
core   0: 0x80002e18 (0x010449b3) xor     s3, s0, a6
core   0: 3 0x80002e18 (0x010449b3) x19 0x00000000
core   0: 0x80002e1c (0x014db7b3) sltu    a5, s11, s4
core   0: 3 0x80002e1c (0x014db7b3) x15 0x00000001
core   0: 0x80002e20 (0x025b14b3) mulh    s1, s6, t0
core   0: 3 0x80002e20 (0x025b14b3) x 9 0x00000004
core   0: 0x80002e24 (0x029a6e33) rem     t3, s4, s1
core   0: 3 0x80002e24 (0x029a6e33) x28 0x00000000
core   0: 0x80002e28 (0x1219a613) slti    a2, s3, 289
core   0: 3 0x80002e28 (0x1219a613) x12 0x00000001
core   0: 0x80002e2c (0x0077fb33) and     s6, a5, t2
core   0: 3 0x80002e2c (0x0077fb33) x22 0x00000001
core   0: 0x80002e30 (0x03821b33) mulh    s6, tp, s8
core   0: 3 0x80002e30 (0x03821b33) x22 0x00000000
core   0: 0x80002e34 (0x018fcab3) xor     s5, t6, s8
core   0: 3 0x80002e34 (0x018fcab3) x21 0x09ec24d7
core   0: 0x80002e38 (0x40ddd313) srai    t1, s11, 13
core   0: 3 0x80002e38 (0x40ddd313) x 6 0x00000000
core   0: 0x80002e3c (0x023e64b3) rem     s1, t3, gp
core   0: 3 0x80002e3c (0x023e64b3) x 9 0x00000000
core   0: 0x80002e40 (0x41cc03b3) sub     t2, s8, t3
core   0: 3 0x80002e40 (0x41cc03b3) x 7 0x00000000
core   0: 0x80002e44 (0xb6ba4813) xori    a6, s4, -1173
core   0: 3 0x80002e44 (0xb6ba4813) x16 0xe000546b
core   0: 0x80002e48 (0x41838433) sub     s0, t2, s8
core   0: 3 0x80002e48 (0x41838433) x 8 0x00000000
core   0: 0x80002e4c (0x47d28f13) addi    t5, t0, 1149
core   0: 3 0x80002e4c (0x47d28f13) x30 0xf64171a9
core   0: 0x80002e50 (0xb6633393) sltiu   t2, t1, -1178
core   0: 3 0x80002e50 (0xb6633393) x 7 0x00000001
core   0: 0x80002e54 (0x02b26433) rem     s0, tp, a1
core   0: 3 0x80002e54 (0x02b26433) x 8 0x00000001
core   0: 0x80002e58 (0x022b3533) mulhu   a0, s6, sp
core   0: 3 0x80002e58 (0x022b3533) x10 0x00000000
core   0: 0x80002e5c (0x0036f4b3) and     s1, a3, gp
core   0: 3 0x80002e5c (0x0036f4b3) x 9 0x00402404
core   0: 0x80002e60 (0x40485493) srai    s1, a6, 4
core   0: 3 0x80002e60 (0x40485493) x 9 0xfe000546
core   0: 0x80002e64 (0x034abc33) mulhu   s8, s5, s4
core   0: 3 0x80002e64 (0x034abc33) x24 0x013d8177
core   0: 0x80002e68 (0x78fb0093) addi    ra, s6, 1935
core   0: 3 0x80002e68 (0x78fb0093) x 1 0x0000078f
core   0: 0x80002e6c (0x41a30333) sub     t1, t1, s10
core   0: 3 0x80002e6c (0x41a30333) x 6 0x00000000
core   0: 0x80002e70 (0x03e209b3) mul     s3, tp, t5
core   0: 3 0x80002e70 (0x03e209b3) x19 0xf64171a9
core   0: 0x80002e74 (0x019ae533) or      a0, s5, s9
core   0: 3 0x80002e74 (0x019ae533) x10 0xffffffff
core   0: 0x80002e78 (0x18cb4613) xori    a2, s6, 396
core   0: 3 0x80002e78 (0x18cb4613) x12 0x0000018c
core   0: 0x80002e7c (0x023934b3) mulhu   s1, s2, gp
core   0: 3 0x80002e7c (0x023934b3) x 9 0x00000000
core   0: 0x80002e80 (0x26d20b13) addi    s6, tp, 621
core   0: 3 0x80002e80 (0x26d20b13) x22 0x0000026e
core   0: 0x80002e84 (0x023d2c33) mulhsu  s8, s10, gp
core   0: 3 0x80002e84 (0x023d2c33) x24 0x00000000
core   0: 0x80002e88 (0x5ceb7513) andi    a0, s6, 1486
core   0: 3 0x80002e88 (0x5ceb7513) x10 0x0000004e
core   0: 0x80002e8c (0x00000013) nop
core   0: 3 0x80002e8c (0x00000013)
core   0: 0x80002e90 (0xfac1bd17) auipc   s10, 0xfac1b
core   0: 3 0x80002e90 (0xfac1bd17) x26 0x7ac1de90
core   0: 0x80002e94 (0xdcb67193) andi    gp, a2, -565
core   0: 3 0x80002e94 (0xdcb67193) x 3 0x00000188
core   0: 0x80002e98 (0x0228e4b3) rem     s1, a7, sp
core   0: 3 0x80002e98 (0x0228e4b3) x 9 0xe0005399
core   0: 0x80002e9c (0x01e4a5b3) slt     a1, s1, t5
core   0: 3 0x80002e9c (0x01e4a5b3) x11 0x00000001
core   0: 0x80002ea0 (0x0354c1b3) div     gp, s1, s5
core   0: 3 0x80002ea0 (0x0354c1b3) x 3 0xfffffffd
core   0: 0x80002ea4 (0x01a9e833) or      a6, s3, s10
core   0: 3 0x80002ea4 (0x01a9e833) x16 0xfec1ffb9
core   0: 0x80002ea8 (0x8f922c17) auipc   s8, 0x8f922
core   0: 3 0x80002ea8 (0x8f922c17) x24 0x0f924ea8
core   0: 0x80002eac (0x5a5a0393) addi    t2, s4, 1445
core   0: 3 0x80002eac (0x5a5a0393) x 7 0x1fffb4a5
core   0: 0x80002eb0 (0xf5bce913) ori     s2, s9, -165
core   0: 3 0x80002eb0 (0xf5bce913) x18 0xffffffff
core   0: 0x80002eb4 (0x0243dd33) divu    s10, t2, tp
core   0: 3 0x80002eb4 (0x0243dd33) x26 0x1fffb4a5
core   0: 0x80002eb8 (0x07d63f13) sltiu   t5, a2, 125
core   0: 3 0x80002eb8 (0x07d63f13) x30 0x00000000
core   0: 0x80002ebc (0x001d5ab3) srl     s5, s10, ra
core   0: 3 0x80002ebc (0x001d5ab3) x21 0x00003fff
core   0: 0x80002ec0 (0x01c27eb3) and     t4, tp, t3
core   0: 3 0x80002ec0 (0x01c27eb3) x29 0x00000000
core   0: 0x80002ec4 (0x03cd9933) mulh    s2, s11, t3
core   0: 3 0x80002ec4 (0x03cd9933) x18 0x00000000
core   0: 0x80002ec8 (0x00c88933) add     s2, a7, a2
core   0: 3 0x80002ec8 (0x00c88933) x18 0xe0005525
core   0: 0x80002ecc (0x4199d7b3) sra     a5, s3, s9
core   0: 3 0x80002ecc (0x4199d7b3) x15 0xffffffff
core   0: 0x80002ed0 (0x0131a833) slt     a6, gp, s3
core   0: 3 0x80002ed0 (0x0131a833) x16 0x00000000
core   0: 0x80002ed4 (0x03853bb3) mulhu   s7, a0, s8
core   0: 3 0x80002ed4 (0x03853bb3) x23 0x00000004
core   0: 0x80002ed8 (0x24eaed13) ori     s10, s5, 590
core   0: 3 0x80002ed8 (0x24eaed13) x26 0x00003fff
core   0: 0x80002edc (0xae4d4313) xori    t1, s10, -1308
core   0: 3 0x80002edc (0xae4d4313) x 6 0xffffc51b
core   0: 0x80002ee0 (0x02995bb3) divu    s7, s2, s1
core   0: 3 0x80002ee0 (0x02995bb3) x23 0x00000001
core   0: 0x80002ee4 (0x7add6693) ori     a3, s10, 1965
core   0: 3 0x80002ee4 (0x7add6693) x13 0x00003fff
core   0: 0x80002ee8 (0x01d6fe93) andi    t4, a3, 29
core   0: 3 0x80002ee8 (0x01d6fe93) x29 0x0000001d
core   0: 0x80002eec (0x6f25b917) auipc   s2, 0x6f25b
core   0: 3 0x80002eec (0x6f25b917) x18 0xef25deec
core   0: 0x80002ef0 (0xe4743b13) sltiu   s6, s0, -441
core   0: 3 0x80002ef0 (0xe4743b13) x22 0x00000001
core   0: 0x80002ef4 (0x40f35cb3) sra     s9, t1, a5
core   0: 3 0x80002ef4 (0x40f35cb3) x25 0xffffffff
core   0: 0x80002ef8 (0x01e791b3) sll     gp, a5, t5
core   0: 3 0x80002ef8 (0x01e791b3) x 3 0xffffffff
core   0: 0x80002efc (0x02ab4333) div     t1, s6, a0
core   0: 3 0x80002efc (0x02ab4333) x 6 0x00000000
core   0: 0x80002f00 (0x036f6f33) rem     t5, t5, s6
core   0: 3 0x80002f00 (0x036f6f33) x30 0x00000000
core   0: 0x80002f04 (0x00c9d813) srli    a6, s3, 12
core   0: 3 0x80002f04 (0x00c9d813) x16 0x000f6417
core   0: 0x80002f08 (0x72bf6817) auipc   a6, 0x72bf6
core   0: 3 0x80002f08 (0x72bf6817) x16 0xf2bf8f08
core   0: 0x80002f0c (0x03df0e33) mul     t3, t5, t4
core   0: 3 0x80002f0c (0x03df0e33) x28 0x00000000
core   0: 0x80002f10 (0x0097ef33) or      t5, a5, s1
core   0: 3 0x80002f10 (0x0097ef33) x30 0xffffffff
core   0: 0x80002f14 (0xfd784193) xori    gp, a6, -41
core   0: 3 0x80002f14 (0xfd784193) x 3 0x0d4070df
core   0: 0x80002f18 (0x414edf33) sra     t5, t4, s4
core   0: 3 0x80002f18 (0x414edf33) x30 0x0000001d
core   0: 0x80002f1c (0x35967993) andi    s3, a2, 857
core   0: 3 0x80002f1c (0x35967993) x19 0x00000108
core   0: 0x80002f20 (0x0096dd93) srli    s11, a3, 9
core   0: 3 0x80002f20 (0x0096dd93) x27 0x0000001f
core   0: 0x80002f24 (0x3aa88613) addi    a2, a7, 938
core   0: 3 0x80002f24 (0x3aa88613) x12 0xe0005743
core   0: 0x80002f28 (0xc6677493) andi    s1, a4, -922
core   0: 3 0x80002f28 (0xc6677493) x 9 0x80018c64
core   0: 0x80002f2c (0x02e12bb3) mulhsu  s7, sp, a4
core   0: 3 0x80002f2c (0x02e12bb3) x23 0xbfffe0c2
core   0: 0x80002f30 (0x03ec00b3) mul     ra, s8, t5
core   0: 3 0x80002f30 (0x03ec00b3) x 1 0xc392e908
core   0: 0x80002f34 (0x5e3e0197) auipc   gp, 0x5e3e0
core   0: 3 0x80002f34 (0x5e3e0197) x 3 0xde3e2f34
core   0: 0x80002f38 (0x00c35cb3) srl     s9, t1, a2
core   0: 3 0x80002f38 (0x00c35cb3) x25 0x00000000
core   0: 0x80002f3c (0x000cb6b3) sltu    a3, s9, zero
core   0: 3 0x80002f3c (0x000cb6b3) x13 0x00000000
core   0: 0x80002f40 (0x03b4b533) mulhu   a0, s1, s11
core   0: 3 0x80002f40 (0x03b4b533) x10 0x0000000f
core   0: 0x80002f44 (0x01d22233) slt     tp, tp, t4
core   0: 3 0x80002f44 (0x01d22233) x 4 0x00000001
core   0: 0x80002f48 (0xec5e2193) slti    gp, t3, -315
core   0: 3 0x80002f48 (0xec5e2193) x 3 0x00000000
core   0: 0x80002f4c (0x0357d0b3) divu    ra, a5, s5
core   0: 3 0x80002f4c (0x0357d0b3) x 1 0x00040010
core   0: 0x80002f50 (0x02acabb3) mulhsu  s7, s9, a0
core   0: 3 0x80002f50 (0x02acabb3) x23 0x00000000
core   0: 0x80002f54 (0x01259333) sll     t1, a1, s2
core   0: 3 0x80002f54 (0x01259333) x 6 0x00001000
core   0: 0x80002f58 (0x03d4c4b3) div     s1, s1, t4
core   0: 3 0x80002f58 (0x03d4c4b3) x 9 0xfb961f53
core   0: 0x80002f5c (0x0359dfb3) divu    t6, s3, s5
core   0: 3 0x80002f5c (0x0359dfb3) x31 0x00000000
core   0: 0x80002f60 (0x00000013) nop
core   0: 3 0x80002f60 (0x00000013)
core   0: 0x80002f64 (0x009145b3) xor     a1, sp, s1
core   0: 3 0x80002f64 (0x009145b3) x11 0x7b975137
core   0: 0x80002f68 (0x419e5a93) srai    s5, t3, 25
core   0: 3 0x80002f68 (0x419e5a93) x21 0x00000000
core   0: 0x80002f6c (0x02317ab3) remu    s5, sp, gp
core   0: 3 0x80002f6c (0x02317ab3) x21 0x80014e64
core   0: 0x80002f70 (0xa55d4913) xori    s2, s10, -1451
core   0: 3 0x80002f70 (0xa55d4913) x18 0xffffc5aa
core   0: 0x80002f74 (0xbdedcf93) xori    t6, s11, -1058
core   0: 3 0x80002f74 (0xbdedcf93) x31 0xfffffbc1
core   0: 0x80002f78 (0x02ee2ab3) mulhsu  s5, t3, a4
core   0: 3 0x80002f78 (0x02ee2ab3) x21 0x00000000
core   0: 0x80002f7c (0xcbf40037) lui     zero, 0xcbf40
core   0: 3 0x80002f7c (0xcbf40037)
core   0: 0x80002f80 (0x00000013) nop
core   0: 3 0x80002f80 (0x00000013)
core   0: 0x80002f84 (0x40d5db13) srai    s6, a1, 13
core   0: 3 0x80002f84 (0x40d5db13) x22 0x0003dcba
core   0: 0x80002f88 (0xc54c40b7) lui     ra, 0xc54c4
core   0: 3 0x80002f88 (0xc54c40b7) x 1 0xc54c4000
core   0: 0x80002f8c (0x02797233) remu    tp, s2, t2
core   0: 3 0x80002f8c (0x02797233) x 4 0x00022082
core   0: 0x80002f90 (0x03f42333) mulhsu  t1, s0, t6
core   0: 3 0x80002f90 (0x03f42333) x 6 0x00000000
core   0: 0x80002f94 (0x006bb3b3) sltu    t2, s7, t1
core   0: 3 0x80002f94 (0x006bb3b3) x 7 0x00000000
core   0: 0x80002f98 (0x03857f33) remu    t5, a0, s8
core   0: 3 0x80002f98 (0x03857f33) x30 0x0000000f
core   0: 0x80002f9c (0xb7382313) slti    t1, a6, -1165
core   0: 3 0x80002f9c (0xb7382313) x 6 0x00000001
core   0: 0x80002fa0 (0x017006b3) add     a3, zero, s7
core   0: 3 0x80002fa0 (0x017006b3) x13 0x00000000
core   0: 0x80002fa4 (0x8ba82793) slti    a5, a6, -1862
core   0: 3 0x80002fa4 (0x8ba82793) x15 0x00000001
core   0: 0x80002fa8 (0x03b41bb3) mulh    s7, s0, s11
core   0: 3 0x80002fa8 (0x03b41bb3) x23 0x00000000
core   0: 0x80002fac (0x02813b33) mulhu   s6, sp, s0
core   0: 3 0x80002fac (0x02813b33) x22 0x00000000
core   0: 0x80002fb0 (0x00b87533) and     a0, a6, a1
core   0: 3 0x80002fb0 (0x00b87533) x10 0x72970100
core   0: 0x80002fb4 (0x001bb333) sltu    t1, s7, ra
core   0: 3 0x80002fb4 (0x001bb333) x 6 0x00000001
core   0: 0x80002fb8 (0x01acd4b3) srl     s1, s9, s10
core   0: 3 0x80002fb8 (0x01acd4b3) x 9 0x00000000
core   0: 0x80002fbc (0xf7867513) andi    a0, a2, -136
core   0: 3 0x80002fbc (0xf7867513) x10 0xe0005740
core   0: 0x80002fc0 (0x419509b3) sub     s3, a0, s9
core   0: 3 0x80002fc0 (0x419509b3) x19 0xe0005740
core   0: 0x80002fc4 (0x0014f033) and     zero, s1, ra
core   0: 3 0x80002fc4 (0x0014f033)
core   0: 0x80002fc8 (0x4194d013) srai    zero, s1, 25
core   0: 3 0x80002fc8 (0x4194d013)
core   0: 0x80002fcc (0x4175db13) srai    s6, a1, 23
core   0: 3 0x80002fcc (0x4175db13) x22 0x000000f7
core   0: 0x80002fd0 (0x2fb67b13) andi    s6, a2, 763
core   0: 3 0x80002fd0 (0x2fb67b13) x22 0x00000243
core   0: 0x80002fd4 (0xa4074f13) xori    t5, a4, -1472
core   0: 3 0x80002fd4 (0xa4074f13) x30 0x7ffe76a4
core   0: 0x80002fd8 (0x03c05f33) divu    t5, zero, t3
core   0: 3 0x80002fd8 (0x03c05f33) x30 0xffffffff
core   0: 0x80002fdc (0x00ee30b3) sltu    ra, t3, a4
core   0: 3 0x80002fdc (0x00ee30b3) x 1 0x00000001
core   0: 0x80002fe0 (0x024e00b3) mul     ra, t3, tp
core   0: 3 0x80002fe0 (0x024e00b3) x 1 0x00000000
core   0: 0x80002fe4 (0x4133dc33) sra     s8, t2, s3
core   0: 3 0x80002fe4 (0x4133dc33) x24 0x00000000
core   0: 0x80002fe8 (0x01925bb3) srl     s7, tp, s9
core   0: 3 0x80002fe8 (0x01925bb3) x23 0x00022082
core   0: 0x80002fec (0x03b9f4b3) remu    s1, s3, s11
core   0: 3 0x80002fec (0x03b9f4b3) x 9 0x00000004
core   0: 0x80002ff0 (0x01084db3) xor     s11, a6, a6
core   0: 3 0x80002ff0 (0x01084db3) x27 0x00000000
core   0: 0x80002ff4 (0x03398ab3) mul     s5, s3, s3
core   0: 3 0x80002ff4 (0x03398ab3) x21 0x1dbc9000
core   0: 0x80002ff8 (0xa8b07013) andi    zero, zero, -1397
core   0: 3 0x80002ff8 (0xa8b07013)
core   0: 0x80002ffc (0x033264b3) rem     s1, tp, s3
core   0: 3 0x80002ffc (0x033264b3) x 9 0x00022082
core   0: 0x80003000 (0x03af57b3) divu    a5, t5, s10
core   0: 3 0x80003000 (0x03af57b3) x15 0x00040010
core   0: 0x80003004 (0x03c29a33) mulh    s4, t0, t3
core   0: 3 0x80003004 (0x03c29a33) x20 0x00000000
core   0: 0x80003008 (0x01e505b3) add     a1, a0, t5
core   0: 3 0x80003008 (0x01e505b3) x11 0xe000573f
core   0: 0x8000300c (0x00f31a93) slli    s5, t1, 15
core   0: 3 0x8000300c (0x00f31a93) x21 0x00008000
core   0: 0x80003010 (0x00000013) nop
core   0: 3 0x80003010 (0x00000013)
core   0: 0x80003014 (0x036cd0b3) divu    ra, s9, s6
core   0: 3 0x80003014 (0x036cd0b3) x 1 0x00000000
core   0: 0x80003018 (0x405fd333) sra     t1, t6, t0
core   0: 3 0x80003018 (0x405fd333) x 6 0xffffffff
core   0: 0x8000301c (0x032f07b3) mul     a5, t5, s2
core   0: 3 0x8000301c (0x032f07b3) x15 0x00003a56
core   0: 0x80003020 (0x02e09233) mulh    tp, ra, a4
core   0: 3 0x80003020 (0x02e09233) x 4 0x00000000
core   0: 0x80003024 (0x006ed893) srli    a7, t4, 6
core   0: 3 0x80003024 (0x006ed893) x17 0x00000000
core   0: 0x80003028 (0x01c71693) slli    a3, a4, 28
core   0: 3 0x80003028 (0x01c71693) x13 0x40000000
core   0: 0x8000302c (0x00821393) slli    t2, tp, 8
core   0: 3 0x8000302c (0x00821393) x 7 0x00000000
core   0: 0x80003030 (0xc0d27e13) andi    t3, tp, -1011
core   0: 3 0x80003030 (0xc0d27e13) x28 0x00000000
core   0: 0x80003034 (0x00bc21b3) slt     gp, s8, a1
core   0: 3 0x80003034 (0x00bc21b3) x 3 0x00000000
core   0: 0x80003038 (0x91eb1937) lui     s2, 0x91eb1
core   0: 3 0x80003038 (0x91eb1937) x18 0x91eb1000
core   0: 0x8000303c (0x4009db33) sra     s6, s3, zero
core   0: 3 0x8000303c (0x4009db33) x22 0xe0005740
core   0: 0x80003040 (0x033184b3) mul     s1, gp, s3
core   0: 3 0x80003040 (0x033184b3) x 9 0x00000000
core   0: 0x80003044 (0x01655f93) srli    t6, a0, 22
core   0: 3 0x80003044 (0x01655f93) x31 0x00000380
core   0: 0x80003048 (0x40685633) sra     a2, a6, t1
core   0: 3 0x80003048 (0x40685633) x12 0xffffffff
core   0: 0x8000304c (0x02fe67b3) rem     a5, t3, a5
core   0: 3 0x8000304c (0x02fe67b3) x15 0x00000000
core   0: 0x80003050 (0x01365ab3) srl     s5, a2, s3
core   0: 3 0x80003050 (0x01365ab3) x21 0xffffffff
core   0: 0x80003054 (0x405789b3) sub     s3, a5, t0
core   0: 3 0x80003054 (0x405789b3) x19 0x09be92d4
core   0: 0x80003058 (0x001d6eb3) or      t4, s10, ra
core   0: 3 0x80003058 (0x001d6eb3) x29 0x00003fff
core   0: 0x8000305c (0xcfe29497) auipc   s1, 0xcfe29
core   0: 3 0x8000305c (0xcfe29497) x 9 0x4fe2c05c
core   0: 0x80003060 (0x843ea493) slti    s1, t4, -1981
core   0: 3 0x80003060 (0x843ea493) x 9 0x00000000
core   0: 0x80003064 (0xd407e893) ori     a7, a5, -704
core   0: 3 0x80003064 (0xd407e893) x17 0xfffffd40
core   0: 0x80003068 (0x00bba4b3) slt     s1, s7, a1
core   0: 3 0x80003068 (0x00bba4b3) x 9 0x00000000
core   0: 0x8000306c (0x01d2b533) sltu    a0, t0, t4
core   0: 3 0x8000306c (0x01d2b533) x10 0x00000000
core   0: 0x80003070 (0xa26bba13) sltiu   s4, s7, -1498
core   0: 3 0x80003070 (0xa26bba13) x20 0x00000001
core   0: 0x80003074 (0x008d1b33) sll     s6, s10, s0
core   0: 3 0x80003074 (0x008d1b33) x22 0x00007ffe
core   0: 0x80003078 (0x02715e33) divu    t3, sp, t2
core   0: 3 0x80003078 (0x02715e33) x28 0xffffffff
core   0: 0x8000307c (0xb42a3013) sltiu   zero, s4, -1214
core   0: 3 0x8000307c (0xb42a3013)
core   0: 0x80003080 (0x020fda33) divu    s4, t6, zero
core   0: 3 0x80003080 (0x020fda33) x20 0xffffffff
core   0: 0x80003084 (0xa1073a93) sltiu   s5, a4, -1520
core   0: 3 0x80003084 (0xa1073a93) x21 0x00000001
core   0: 0x80003088 (0x022a7333) remu    t1, s4, sp
core   0: 3 0x80003088 (0x022a7333) x 6 0x7ffeb19b
core   0: 0x8000308c (0x004fd193) srli    gp, t6, 4
core   0: 3 0x8000308c (0x004fd193) x 3 0x00000038
core   0: 0x80003090 (0x4174d7b3) sra     a5, s1, s7
core   0: 3 0x80003090 (0x4174d7b3) x15 0x00000000
core   0: 0x80003094 (0x00bc2233) slt     tp, s8, a1
core   0: 3 0x80003094 (0x00bc2233) x 4 0x00000000
core   0: 0x80003098 (0x5bc70b37) lui     s6, 0x5bc70
core   0: 3 0x80003098 (0x5bc70b37) x22 0x5bc70000
core   0: 0x8000309c (0x01ec4833) xor     a6, s8, t5
core   0: 3 0x8000309c (0x01ec4833) x16 0xffffffff
core   0: 0x800030a0 (0x0312c333) div     t1, t0, a7
core   0: 3 0x800030a0 (0x0312c333) x 6 0x00038b1e
core   0: 0x800030a4 (0x03fff1b3) remu    gp, t6, t6
core   0: 3 0x800030a4 (0x03fff1b3) x 3 0x00000000
core   0: 0x800030a8 (0x033fb933) mulhu   s2, t6, s3
core   0: 3 0x800030a8 (0x033fb933) x18 0x00000022
core   0: 0x800030ac (0x002f2233) slt     tp, t5, sp
core   0: 3 0x800030ac (0x002f2233) x 4 0x00000000
core   0: 0x800030b0 (0x8491c393) xori    t2, gp, -1975
core   0: 3 0x800030b0 (0x8491c393) x 7 0xfffff849
core   0: 0x800030b4 (0x78fdbc13) sltiu   s8, s11, 1935
core   0: 3 0x800030b4 (0x78fdbc13) x24 0x00000001
core   0: 0x800030b8 (0x03fbda33) divu    s4, s7, t6
core   0: 3 0x800030b8 (0x03fbda33) x20 0x0000009b
core   0: 0x800030bc (0x0171c0b3) xor     ra, gp, s7
core   0: 3 0x800030bc (0x0171c0b3) x 1 0x00022082
core   0: 0x800030c0 (0x01f6c533) xor     a0, a3, t6
core   0: 3 0x800030c0 (0x01f6c533) x10 0x40000380
core   0: 0x800030c4 (0x4180d793) srai    a5, ra, 24
core   0: 3 0x800030c4 (0x4180d793) x15 0x00000000
core   0: 0x800030c8 (0xb89370b7) lui     ra, 0xb8937
core   0: 3 0x800030c8 (0xb89370b7) x 1 0xb8937000
core   0: 0x800030cc (0x5b3bb493) sltiu   s1, s7, 1459
core   0: 3 0x800030cc (0x5b3bb493) x 9 0x00000000
core   0: 0x800030d0 (0x01f3a533) slt     a0, t2, t6
core   0: 3 0x800030d0 (0x01f3a533) x10 0x00000001
core   0: 0x800030d4 (0x5623c493) xori    s1, t2, 1378
core   0: 3 0x800030d4 (0x5623c493) x 9 0xfffffd2b
core   0: 0x800030d8 (0x020078b3) remu    a7, zero, zero
core   0: 3 0x800030d8 (0x020078b3) x17 0x00000000
core   0: 0x800030dc (0x02d49a33) mulh    s4, s1, a3
core   0: 3 0x800030dc (0x02d49a33) x20 0xffffff4a
core   0: 0x800030e0 (0x014e9193) slli    gp, t4, 20
core   0: 3 0x800030e0 (0x014e9193) x 3 0xfff00000
core   0: 0x800030e4 (0x0185eb33) or      s6, a1, s8
core   0: 3 0x800030e4 (0x0185eb33) x22 0xe000573f
core   0: 0x800030e8 (0x030e88b3) mul     a7, t4, a6
core   0: 3 0x800030e8 (0x030e88b3) x17 0xffffc001
core   0: 0x800030ec (0x01a0a7b3) slt     a5, ra, s10
core   0: 3 0x800030ec (0x01a0a7b3) x15 0x00000001
core   0: 0x800030f0 (0x01ae5d13) srli    s10, t3, 26
core   0: 3 0x800030f0 (0x01ae5d13) x26 0x0000003f
core   0: 0x800030f4 (0x2ec06813) ori     a6, zero, 748
core   0: 3 0x800030f4 (0x2ec06813) x16 0x000002ec
core   0: 0x800030f8 (0x02c87033) remu    zero, a6, a2
core   0: 3 0x800030f8 (0x02c87033)
core   0: 0x800030fc (0x00ea5db3) srl     s11, s4, a4
core   0: 3 0x800030fc (0x00ea5db3) x27 0x0ffffff4
core   0: 0x80003100 (0xa6592c93) slti    s9, s2, -1435
core   0: 3 0x80003100 (0xa6592c93) x25 0x00000000
core   0: 0x80003104 (0x02bdfb33) remu    s6, s11, a1
core   0: 3 0x80003104 (0x02bdfb33) x22 0x0ffffff4
core   0: 0x80003108 (0x00e0db33) srl     s6, ra, a4
core   0: 3 0x80003108 (0x00e0db33) x22 0x0b893700
core   0: 0x8000310c (0x40815d93) srai    s11, sp, 8
core   0: 3 0x8000310c (0x40815d93) x27 0xff80014e
core   0: 0x80003110 (0x01e6d3b3) srl     t2, a3, t5
core   0: 3 0x80003110 (0x01e6d3b3) x 7 0x00000000
core   0: 0x80003114 (0x9946cd97) auipc   s11, 0x9946c
core   0: 3 0x80003114 (0x9946cd97) x27 0x1946f114
core   0: 0x80003118 (0x40ffdeb3) sra     t4, t6, a5
core   0: 3 0x80003118 (0x40ffdeb3) x29 0x000001c0
core   0: 0x8000311c (0x024c6fb3) rem     t6, s8, tp
core   0: 3 0x8000311c (0x024c6fb3) x31 0x00000001
core   0: 0x80003120 (0x01399613) slli    a2, s3, 19
core   0: 3 0x80003120 (0x01399613) x12 0x96a00000
core   0: 0x80003124 (0x01c93eb3) sltu    t4, s2, t3
core   0: 3 0x80003124 (0x01c93eb3) x29 0x00000001
core   0: 0x80003128 (0x026618b3) mulh    a7, a2, t1
core   0: 3 0x80003128 (0x026618b3) x17 0xfffe8a9c
core   0: 0x8000312c (0x0009b233) sltu    tp, s3, zero
core   0: 3 0x8000312c (0x0009b233) x 4 0x00000000
core   0: 0x80003130 (0x5c2fcf93) xori    t6, t6, 1474
core   0: 3 0x80003130 (0x5c2fcf93) x31 0x000005c3
core   0: 0x80003134 (0x3d994c13) xori    s8, s2, 985
core   0: 3 0x80003134 (0x3d994c13) x24 0x000003fb
core   0: 0x80003138 (0x00322333) slt     t1, tp, gp
core   0: 3 0x80003138 (0x00322333) x 6 0x00000000
core   0: 0x8000313c (0x02f5eab3) rem     s5, a1, a5
core   0: 3 0x8000313c (0x02f5eab3) x21 0x00000000
core   0: 0x80003140 (0x001535b3) sltu    a1, a0, ra
core   0: 3 0x80003140 (0x001535b3) x11 0x00000001
core   0: 0x80003144 (0x00d363b3) or      t2, t1, a3
core   0: 3 0x80003144 (0x00d363b3) x 7 0x40000000
core   0: 0x80003148 (0x425c38b7) lui     a7, 0x425c3
core   0: 3 0x80003148 (0x425c38b7) x17 0x425c3000
core   0: 0x8000314c (0x7d563d13) sltiu   s10, a2, 2005
core   0: 3 0x8000314c (0x7d563d13) x26 0x00000000
core   0: 0x80003150 (0xdaf4b793) sltiu   a5, s1, -593
core   0: 3 0x80003150 (0xdaf4b793) x15 0x00000001
core   0: 0x80003154 (0x01e436b3) sltu    a3, s0, t5
core   0: 3 0x80003154 (0x01e436b3) x13 0x00000001
core   0: 0x80003158 (0x0316ccb3) div     s9, a3, a7
core   0: 3 0x80003158 (0x0316ccb3) x25 0x00000000
core   0: 0x8000315c (0x013cb633) sltu    a2, s9, s3
core   0: 3 0x8000315c (0x013cb633) x12 0x00000001
core   0: 0x80003160 (0x009e9833) sll     a6, t4, s1
core   0: 3 0x80003160 (0x009e9833) x16 0x00000800
core   0: 0x80003164 (0x41975c13) srai    s8, a4, 25
core   0: 3 0x80003164 (0x41975c13) x24 0xffffffc0
core   0: 0x80003168 (0x01d8df33) srl     t5, a7, t4
core   0: 3 0x80003168 (0x01d8df33) x30 0x212e1800
core   0: 0x8000316c (0x027dc033) div     zero, s11, t2
core   0: 3 0x8000316c (0x027dc033)
core   0: 0x80003170 (0x9c4a7413) andi    s0, s4, -1596
core   0: 3 0x80003170 (0x9c4a7413) x 8 0xfffff940
core   0: 0x80003174 (0x3497ea13) ori     s4, a5, 841
core   0: 3 0x80003174 (0x3497ea13) x20 0x00000349
core   0: 0x80003178 (0x02849233) mulh    tp, s1, s0
core   0: 3 0x80003178 (0x02849233) x 4 0x00000000
core   0: 0x8000317c (0x865eeb93) ori     s7, t4, -1947
core   0: 3 0x8000317c (0x865eeb93) x23 0xfffff865
core   0: 0x80003180 (0x0362a8b3) mulhsu  a7, t0, s6
core   0: 3 0x80003180 (0x0362a8b3) x17 0xff8f969c
core   0: 0x80003184 (0x02376433) rem     s0, a4, gp
core   0: 3 0x80003184 (0x02376433) x 8 0xfff18ce4
core   0: 0x80003188 (0x0008b033) sltu    zero, a7, zero
core   0: 3 0x80003188 (0x0008b033)
core   0: 0x8000318c (0x01fcce33) xor     t3, s9, t6
core   0: 3 0x8000318c (0x01fcce33) x28 0x000005c3
core   0: 0x80003190 (0xa3d47593) andi    a1, s0, -1475
core   0: 3 0x80003190 (0xa3d47593) x11 0xfff18824
core   0: 0x80003194 (0x029e7ab3) remu    s5, t3, s1
core   0: 3 0x80003194 (0x029e7ab3) x21 0x000005c3
core   0: 0x80003198 (0x01d27d33) and     s10, tp, t4
core   0: 3 0x80003198 (0x01d27d33) x26 0x00000000
core   0: 0x8000319c (0x0383c933) div     s2, t2, s8
core   0: 3 0x8000319c (0x0383c933) x18 0xff000000
core   0: 0x800031a0 (0x03795d33) divu    s10, s2, s7
core   0: 3 0x800031a0 (0x03795d33) x26 0x00000000
core   0: 0x800031a4 (0x02a32fb3) mulhsu  t6, t1, a0
core   0: 3 0x800031a4 (0x02a32fb3) x31 0x00000000
core   0: 0x800031a8 (0x01c03433) snez    s0, t3
core   0: 3 0x800031a8 (0x01c03433) x 8 0x00000001
core   0: 0x800031ac (0x002e5233) srl     tp, t3, sp
core   0: 3 0x800031ac (0x002e5233) x 4 0x0000005c
core   0: 0x800031b0 (0x024f04b3) mul     s1, t5, tp
core   0: 3 0x800031b0 (0x024f04b3) x 9 0xec90a000
core   0: 0x800031b4 (0x02924eb3) div     t4, tp, s1
core   0: 3 0x800031b4 (0x02924eb3) x29 0x00000000
core   0: 0x800031b8 (0x035c8433) mul     s0, s9, s5
core   0: 3 0x800031b8 (0x035c8433) x 8 0x00000000
core   0: 0x800031bc (0x00f65533) srl     a0, a2, a5
core   0: 3 0x800031bc (0x00f65533) x10 0x00000000
core   0: 0x800031c0 (0x02c57233) remu    tp, a0, a2
core   0: 3 0x800031c0 (0x02c57233) x 4 0x00000000
core   0: 0x800031c4 (0x038b48b3) div     a7, s6, s8
core   0: 3 0x800031c4 (0x038b48b3) x17 0xffd1db24
core   0: 0x800031c8 (0xf7606f13) ori     t5, zero, -138
core   0: 3 0x800031c8 (0xf7606f13) x30 0xffffff76
core   0: 0x800031cc (0x0220aab3) mulhsu  s5, ra, sp
core   0: 3 0x800031cc (0x0220aab3) x21 0xdc495ab4
core   0: 0x800031d0 (0x0345b9b3) mulhu   s3, a1, s4
core   0: 3 0x800031d0 (0x0345b9b3) x19 0x00000348
core   0: 0x800031d4 (0x033ead33) mulhsu  s10, t4, s3
core   0: 3 0x800031d4 (0x033ead33) x26 0x00000000
core   0: 0x800031d8 (0x00af1893) slli    a7, t5, 10
core   0: 3 0x800031d8 (0x00af1893) x17 0xfffdd800
core   0: 0x800031dc (0x03c41ab3) mulh    s5, s0, t3
core   0: 3 0x800031dc (0x03c41ab3) x21 0x00000000
core   0: 0x800031e0 (0x71bd8813) addi    a6, s11, 1819
core   0: 3 0x800031e0 (0x71bd8813) x16 0x1946f82f
core   0: 0x800031e4 (0x8d99e213) ori     tp, s3, -1831
core   0: 3 0x800031e4 (0x8d99e213) x 4 0xfffffbd9
core   0: 0x800031e8 (0x039fe3b3) rem     t2, t6, s9
core   0: 3 0x800031e8 (0x039fe3b3) x 7 0x00000000
core   0: 0x800031ec (0x01a71ab3) sll     s5, a4, s10
core   0: 3 0x800031ec (0x01a71ab3) x21 0x80018ce4
core   0: 0x800031f0 (0x82a8aa13) slti    s4, a7, -2006
core   0: 3 0x800031f0 (0x82a8aa13) x20 0x00000001
core   0: 0x800031f4 (0xe6da0193) addi    gp, s4, -403
core   0: 3 0x800031f4 (0xe6da0193) x 3 0xfffffe6e
core   0: 0x800031f8 (0x00000013) nop
core   0: 3 0x800031f8 (0x00000013)
core   0: 0x800031fc (0x02b336b3) mulhu   a3, t1, a1
core   0: 3 0x800031fc (0x02b336b3) x13 0x00000000
core   0: 0x80003200 (0x001e2fb3) slt     t6, t3, ra
core   0: 3 0x80003200 (0x001e2fb3) x31 0x00000000
core   0: 0x80003204 (0x02ec03b3) mul     t2, s8, a4
core   0: 3 0x80003204 (0x02ec03b3) x 7 0xff9cc700
core   0: 0x80003208 (0x40840533) sub     a0, s0, s0
core   0: 3 0x80003208 (0x40840533) x10 0x00000000
core   0: 0x8000320c (0x01d320b3) slt     ra, t1, t4
core   0: 3 0x8000320c (0x01d320b3) x 1 0x00000000
core   0: 0x80003210 (0x0000e7b3) or      a5, ra, zero
core   0: 3 0x80003210 (0x0000e7b3) x15 0x00000000
core   0: 0x80003214 (0x01b98033) add     zero, s3, s11
core   0: 3 0x80003214 (0x01b98033)
core   0: 0x80003218 (0x8be44097) auipc   ra, 0x8be44
core   0: 3 0x80003218 (0x8be44097) x 1 0x0be47218
core   0: 0x8000321c (0x008b5213) srli    tp, s6, 8
core   0: 3 0x8000321c (0x008b5213) x 4 0x000b8937
core   0: 0x80003220 (0x016ed933) srl     s2, t4, s6
core   0: 3 0x80003220 (0x016ed933) x18 0x00000000
core   0: 0x80003224 (0x00590433) add     s0, s2, t0
core   0: 3 0x80003224 (0x00590433) x 8 0xf6416d2c
core   0: 0x80003228 (0x00ee5f93) srli    t6, t3, 14
core   0: 3 0x80003228 (0x00ee5f93) x31 0x00000000
core   0: 0x8000322c (0x00eae8b3) or      a7, s5, a4
core   0: 3 0x8000322c (0x00eae8b3) x17 0x80018ce4
core   0: 0x80003230 (0x02d0f633) remu    a2, ra, a3
core   0: 3 0x80003230 (0x02d0f633) x12 0x0be47218
core   0: 0x80003234 (0x491c9697) auipc   a3, 0x491c9
core   0: 3 0x80003234 (0x491c9697) x13 0xc91cc234
core   0: 0x80003238 (0x01234633) xor     a2, t1, s2
core   0: 3 0x80003238 (0x01234633) x12 0x00000000
core   0: 0x8000323c (0x01fb1513) slli    a0, s6, 31
core   0: 3 0x8000323c (0x01fb1513) x10 0x00000000
core   0: 0x80003240 (0x0257a433) mulhsu  s0, a5, t0
core   0: 3 0x80003240 (0x0257a433) x 8 0x00000000
core   0: 0x80003244 (0x00674197) auipc   gp, 0x674
core   0: 3 0x80003244 (0x00674197) x 3 0x80677244
core   0: 0x80003248 (0x026a30b3) mulhu   ra, s4, t1
core   0: 3 0x80003248 (0x026a30b3) x 1 0x00000000
core   0: 0x8000324c (0x01629413) slli    s0, t0, 22
core   0: 3 0x8000324c (0x01629413) x 8 0x4b000000
core   0: 0x80003250 (0x00375b33) srl     s6, a4, gp
core   0: 3 0x80003250 (0x00375b33) x22 0x080018ce
core   0: 0x80003254 (0x15723a13) sltiu   s4, tp, 343
core   0: 3 0x80003254 (0x15723a13) x20 0x00000000
core   0: 0x80003258 (0x32abe513) ori     a0, s7, 810
core   0: 3 0x80003258 (0x32abe513) x10 0xfffffb6f
core   0: 0x8000325c (0x03db8e33) mul     t3, s7, t4
core   0: 3 0x8000325c (0x03db8e33) x28 0x00000000
core   0: 0x80003260 (0x01801593) slli    a1, zero, 24
core   0: 3 0x80003260 (0x01801593) x11 0x00000000
core   0: 0x80003264 (0x0294feb3) remu    t4, s1, s1
core   0: 3 0x80003264 (0x0294feb3) x29 0x00000000
core   0: 0x80003268 (0x03ec06b3) mul     a3, s8, t5
core   0: 3 0x80003268 (0x03ec06b3) x13 0x00002280
core   0: 0x8000326c (0xc4d57693) andi    a3, a0, -947
core   0: 3 0x8000326c (0xc4d57693) x13 0xfffff84d
core   0: 0x80003270 (0x400bd3b3) sra     t2, s7, zero
core   0: 3 0x80003270 (0x400bd3b3) x 7 0xfffff865
core   0: 0x80003274 (0x74e70e93) addi    t4, a4, 1870
core   0: 3 0x80003274 (0x74e70e93) x29 0x80019432
core   0: 0x80003278 (0x01936cb3) or      s9, t1, s9
core   0: 3 0x80003278 (0x01936cb3) x25 0x00000000
core   0: 0x8000327c (0x022f9533) mulh    a0, t6, sp
core   0: 3 0x8000327c (0x022f9533) x10 0x00000000
core   0: 0x80003280 (0x02a480b3) mul     ra, s1, a0
core   0: 3 0x80003280 (0x02a480b3) x 1 0x00000000
core   0: 0x80003284 (0x7d5d9ab7) lui     s5, 0x7d5d9
core   0: 3 0x80003284 (0x7d5d9ab7) x21 0x7d5d9000
core   0: 0x80003288 (0x014a3433) sltu    s0, s4, s4
core   0: 3 0x80003288 (0x014a3433) x 8 0x00000000
core   0: 0x8000328c (0x0346e0b3) rem     ra, a3, s4
core   0: 3 0x8000328c (0x0346e0b3) x 1 0xfffff84d
core   0: 0x80003290 (0x5db66493) ori     s1, a2, 1499
core   0: 3 0x80003290 (0x5db66493) x 9 0x000005db
core   0: 0x80003294 (0x9d1b8d13) addi    s10, s7, -1583
core   0: 3 0x80003294 (0x9d1b8d13) x26 0xfffff236
core   0: 0x80003298 (0x021f1933) mulh    s2, t5, ra
core   0: 3 0x80003298 (0x021f1933) x18 0x00000000
core   0: 0x8000329c (0x02c1b233) mulhu   tp, gp, a2
core   0: 3 0x8000329c (0x02c1b233) x 4 0x00000000
core   0: 0x800032a0 (0x02dff333) remu    t1, t6, a3
core   0: 3 0x800032a0 (0x02dff333) x 6 0x00000000
core   0: 0x800032a4 (0x417784b3) sub     s1, a5, s7
core   0: 3 0x800032a4 (0x417784b3) x 9 0x0000079b
core   0: 0x800032a8 (0x01560033) add     zero, a2, s5
core   0: 3 0x800032a8 (0x01560033)
core   0: 0x800032ac (0x010cccb3) xor     s9, s9, a6
core   0: 3 0x800032ac (0x010cccb3) x25 0x1946f82f
core   0: 0x800032b0 (0xdc0d4b13) xori    s6, s10, -576
core   0: 3 0x800032b0 (0xdc0d4b13) x22 0x00000ff6
core   0: 0x800032b4 (0x01b2afb3) slt     t6, t0, s11
core   0: 3 0x800032b4 (0x01b2afb3) x31 0x00000001
core   0: 0x800032b8 (0x12923937) lui     s2, 0x12923
core   0: 3 0x800032b8 (0x12923937) x18 0x12923000
core   0: 0x800032bc (0x415a5513) srai    a0, s4, 21
core   0: 3 0x800032bc (0x415a5513) x10 0x00000000
core   0: 0x800032c0 (0x03b2b333) mulhu   t1, t0, s11
core   0: 3 0x800032c0 (0x03b2b333) x 6 0x1850a173
core   0: 0x800032c4 (0xd7837c13) andi    s8, t1, -648
core   0: 3 0x800032c4 (0xd7837c13) x24 0x1850a170
core   0: 0x800032c8 (0x9c31e937) lui     s2, 0x9c31e
core   0: 3 0x800032c8 (0x9c31e937) x18 0x9c31e000
core   0: 0x800032cc (0x0c21a393) slti    t2, gp, 194
core   0: 3 0x800032cc (0x0c21a393) x 7 0x00000001
core   0: 0x800032d0 (0x13a36913) ori     s2, t1, 314
core   0: 3 0x800032d0 (0x13a36913) x18 0x1850a17b
core   0: 0x800032d4 (0x02a32eb3) mulhsu  t4, t1, a0
core   0: 3 0x800032d4 (0x02a32eb3) x29 0x00000000
core   0: 0x800032d8 (0x001f1b13) slli    s6, t5, 1
core   0: 3 0x800032d8 (0x001f1b13) x22 0xfffffeec
core   0: 0x800032dc (0x022dda33) divu    s4, s11, sp
core   0: 3 0x800032dc (0x022dda33) x20 0x00000000
core   0: 0x800032e0 (0x0233c7b3) div     a5, t2, gp
core   0: 3 0x800032e0 (0x0233c7b3) x15 0x00000000
core   0: 0x800032e4 (0x52afe237) lui     tp, 0x52afe
core   0: 3 0x800032e4 (0x52afe237) x 4 0x52afe000
core   0: 0x800032e8 (0x01eadc93) srli    s9, s5, 30
core   0: 3 0x800032e8 (0x01eadc93) x25 0x00000001
core   0: 0x800032ec (0x00ca5433) srl     s0, s4, a2
core   0: 3 0x800032ec (0x00ca5433) x 8 0x00000000
core   0: 0x800032f0 (0x03f251b3) divu    gp, tp, t6
core   0: 3 0x800032f0 (0x03f251b3) x 3 0x52afe000
core   0: 0x800032f4 (0x01bb4533) xor     a0, s6, s11
core   0: 3 0x800032f4 (0x01bb4533) x10 0xe6b90ff8
core   0: 0x800032f8 (0xe3ed99b7) lui     s3, 0xe3ed9
core   0: 3 0x800032f8 (0xe3ed99b7) x19 0xe3ed9000
core   0: 0x800032fc (0x031bcdb3) div     s11, s7, a7
core   0: 3 0x800032fc (0x031bcdb3) x27 0x00000000
core   0: 0x80003300 (0x88ce6513) ori     a0, t3, -1908
core   0: 3 0x80003300 (0x88ce6513) x10 0xfffff88c
core   0: 0x80003304 (0x007ad913) srli    s2, s5, 7
core   0: 3 0x80003304 (0x007ad913) x18 0x00fabb20
core   0: 0x80003308 (0x001da333) slt     t1, s11, ra
core   0: 3 0x80003308 (0x001da333) x 6 0x00000000
core   0: 0x8000330c (0x9406ef13) ori     t5, a3, -1728
core   0: 3 0x8000330c (0x9406ef13) x30 0xfffff94d
core   0: 0x80003310 (0x0386f8b3) remu    a7, a3, s8
core   0: 3 0x80003310 (0x0386f8b3) x17 0x0cd9a9ed
core   0: 0x80003314 (0x1f62b997) auipc   s3, 0x1f62b
core   0: 3 0x80003314 (0x1f62b997) x19 0x9f62e314
core   0: 0x80003318 (0xd478fa13) andi    s4, a7, -697
core   0: 3 0x80003318 (0xd478fa13) x20 0x0cd9a945
core   0: 0x8000331c (0xd59bb993) sltiu   s3, s7, -679
core   0: 3 0x8000331c (0xd59bb993) x19 0x00000001
core   0: 0x80003320 (0x41645fb3) sra     t6, s0, s6
core   0: 3 0x80003320 (0x41645fb3) x31 0x00000000
core   0: 0x80003324 (0x66e08513) addi    a0, ra, 1646
core   0: 3 0x80003324 (0x66e08513) x10 0xfffffebb
core   0: 0x80003328 (0x00ab1893) slli    a7, s6, 10
core   0: 3 0x80003328 (0x00ab1893) x17 0xfffbb000
core   0: 0x8000332c (0x00e40a33) add     s4, s0, a4
core   0: 3 0x8000332c (0x00e40a33) x20 0x80018ce4
core   0: 0x80003330 (0x01108e33) add     t3, ra, a7
core   0: 3 0x80003330 (0x01108e33) x28 0xfffba84d
core   0: 0x80003334 (0x94a1b093) sltiu   ra, gp, -1718
core   0: 3 0x80003334 (0x94a1b093) x 1 0x00000001
core   0: 0x80003338 (0x00bcd9b3) srl     s3, s9, a1
core   0: 3 0x80003338 (0x00bcd9b3) x19 0x00000001
core   0: 0x8000333c (0x024723b3) mulhsu  t2, a4, tp
core   0: 3 0x8000333c (0x024723b3) x 7 0xd6a89031
core   0: 0x80003340 (0x00967333) and     t1, a2, s1
core   0: 3 0x80003340 (0x00967333) x 6 0x00000000
core   0: 0x80003344 (0x031d2933) mulhsu  s2, s10, a7
core   0: 3 0x80003344 (0x031d2933) x18 0xfffff236
core   0: 0x80003348 (0x02e62c33) mulhsu  s8, a2, a4
core   0: 3 0x80003348 (0x02e62c33) x24 0x00000000
core   0: 0x8000334c (0x41e204b3) sub     s1, tp, t5
core   0: 3 0x8000334c (0x41e204b3) x 9 0x52afe6b3
core   0: 0x80003350 (0x01c4f5b3) and     a1, s1, t3
core   0: 3 0x80003350 (0x01c4f5b3) x11 0x52aba001
core   0: 0x80003354 (0x01ffd233) srl     tp, t6, t6
core   0: 3 0x80003354 (0x01ffd233) x 4 0x00000000
core   0: 0x80003358 (0x01910ab3) add     s5, sp, s9
core   0: 3 0x80003358 (0x01910ab3) x21 0x80014e65
core   0: 0x8000335c (0x5721b893) sltiu   a7, gp, 1394
core   0: 3 0x8000335c (0x5721b893) x17 0x00000000
core   0: 0x80003360 (0x01c7ec33) or      s8, a5, t3
core   0: 3 0x80003360 (0x01c7ec33) x24 0xfffba84d
core   0: 0x80003364 (0x02231e33) mulh    t3, t1, sp
core   0: 3 0x80003364 (0x02231e33) x28 0x00000000
core   0: 0x80003368 (0x4129df93) srai    t6, s3, 18
core   0: 3 0x80003368 (0x4129df93) x31 0x00000000
core   0: 0x8000336c (0x035137b3) mulhu   a5, sp, s5
core   0: 3 0x8000336c (0x035137b3) x15 0x40014e66
core   0: 0x80003370 (0x03afa633) mulhsu  a2, t6, s10
core   0: 3 0x80003370 (0x03afa633) x12 0x00000000
core   0: 0x80003374 (0x015c9fb3) sll     t6, s9, s5
core   0: 3 0x80003374 (0x015c9fb3) x31 0x00000020
core   0: 0x80003378 (0x0092e6b3) or      a3, t0, s1
core   0: 3 0x80003378 (0x0092e6b3) x13 0xf6efefbf
core   0: 0x8000337c (0x012dac33) slt     s8, s11, s2
core   0: 3 0x8000337c (0x012dac33) x24 0x00000000
core   0: 0x80003380 (0x02b026b3) mulhsu  a3, zero, a1
core   0: 3 0x80003380 (0x02b026b3) x13 0x00000000
core   0: 0x80003384 (0xfa1f8f37) lui     t5, 0xfa1f8
core   0: 3 0x80003384 (0xfa1f8f37) x30 0xfa1f8000
core   0: 0x80003388 (0x036615b3) mulh    a1, a2, s6
core   0: 3 0x80003388 (0x036615b3) x11 0x00000000
core   0: 0x8000338c (0x011174b3) and     s1, sp, a7
core   0: 3 0x8000338c (0x011174b3) x 9 0x00000000
core   0: 0x80003390 (0x022194b3) mulh    s1, gp, sp
core   0: 3 0x80003390 (0x022194b3) x 9 0xd6a87c01
core   0: 0x80003394 (0x5164e093) ori     ra, s1, 1302
core   0: 3 0x80003394 (0x5164e093) x 1 0xd6a87d17
core   0: 0x80003398 (0x018bd593) srli    a1, s7, 24
core   0: 3 0x80003398 (0x018bd593) x11 0x000000ff
core   0: 0x8000339c (0x699e3913) sltiu   s2, t3, 1689
core   0: 3 0x8000339c (0x699e3913) x18 0x00000001
core   0: 0x800033a0 (0x02617633) remu    a2, sp, t1
core   0: 3 0x800033a0 (0x02617633) x12 0x80014e64
core   0: 0x800033a4 (0x03b268b3) rem     a7, tp, s11
core   0: 3 0x800033a4 (0x03b268b3) x17 0x00000000
core   0: 0x800033a8 (0xab6f6613) ori     a2, t5, -1354
core   0: 3 0x800033a8 (0xab6f6613) x12 0xfffffab6
core   0: 0x800033ac (0xcd35b693) sltiu   a3, a1, -813
core   0: 3 0x800033ac (0xcd35b693) x13 0x00000001
core   0: 0x800033b0 (0xb67c0b93) addi    s7, s8, -1177
core   0: 3 0x800033b0 (0xb67c0b93) x23 0xfffffb67
core   0: 0x800033b4 (0x17ff2613) slti    a2, t5, 383
core   0: 3 0x800033b4 (0x17ff2613) x12 0x00000001
core   0: 0x800033b8 (0x03bec0b3) div     ra, t4, s11
core   0: 3 0x800033b8 (0x03bec0b3) x 1 0xffffffff
core   0: 0x800033bc (0x02e1bf33) mulhu   t5, gp, a4
core   0: 3 0x800033bc (0x02e1bf33) x30 0x29587031
core   0: 0x800033c0 (0x01c49093) slli    ra, s1, 28
core   0: 3 0x800033c0 (0x01c49093) x 1 0x10000000
core   0: 0x800033c4 (0x02f3aeb3) mulhsu  t4, t2, a5
core   0: 3 0x800033c4 (0x02f3aeb3) x29 0xf5a9ee0b
core   0: 0x800033c8 (0x006fb1b3) sltu    gp, t6, t1
core   0: 3 0x800033c8 (0x006fb1b3) x 3 0x00000000
core   0: 0x800033cc (0x5fd9f893) andi    a7, s3, 1533
core   0: 3 0x800033cc (0x5fd9f893) x17 0x00000001
core   0: 0x800033d0 (0x6be5c0b7) lui     ra, 0x6be5c
core   0: 3 0x800033d0 (0x6be5c0b7) x 1 0x6be5c000
core   0: 0x800033d4 (0x018c5533) srl     a0, s8, s8
core   0: 3 0x800033d4 (0x018c5533) x10 0x00000000
core   0: 0x800033d8 (0x5b133213) sltiu   tp, t1, 1457
core   0: 3 0x800033d8 (0x5b133213) x 4 0x00000001
core   0: 0x800033dc (0x7abaf013) andi    zero, s5, 1963
core   0: 3 0x800033dc (0x7abaf013)
core   0: 0x800033e0 (0x02771333) mulh    t1, a4, t2
core   0: 3 0x800033e0 (0x02771333) x 6 0x14ab77cf
core   0: 0x800033e4 (0x03ca51b3) divu    gp, s4, t3
core   0: 3 0x800033e4 (0x03ca51b3) x 3 0xffffffff
core   0: 0x800033e8 (0x02b743b3) div     t2, a4, a1
core   0: 3 0x800033e8 (0x02b743b3) x 7 0xff7f810e
core   0: 0x800033ec (0x018f3c33) sltu    s8, t5, s8
core   0: 3 0x800033ec (0x018f3c33) x24 0x00000000
core   0: 0x800033f0 (0x01efdc13) srli    s8, t6, 30
core   0: 3 0x800033f0 (0x01efdc13) x24 0x00000000
core   0: 0x800033f4 (0x013f5b13) srli    s6, t5, 19
core   0: 3 0x800033f4 (0x013f5b13) x22 0x0000052b
core   0: 0x800033f8 (0x01e4e4b3) or      s1, s1, t5
core   0: 3 0x800033f8 (0x01e4e4b3) x 9 0xfff87c31
core   0: 0x800033fc (0x6aeeac93) slti    s9, t4, 1710
core   0: 3 0x800033fc (0x6aeeac93) x25 0x00000001
core   0: 0x80003400 (0x03da5ab3) divu    s5, s4, t4
core   0: 3 0x80003400 (0x03da5ab3) x21 0x00000000
core   0: 0x80003404 (0x4044d813) srai    a6, s1, 4
core   0: 3 0x80003404 (0x4044d813) x16 0xffff87c3
core   0: 0x80003408 (0x146e2f13) slti    t5, t3, 326
core   0: 3 0x80003408 (0x146e2f13) x30 0x00000001
core   0: 0x8000340c (0xe9376213) ori     tp, a4, -365
core   0: 3 0x8000340c (0xe9376213) x 4 0xfffffef7
core   0: 0x80003410 (0xda6d3213) sltiu   tp, s10, -602
core   0: 3 0x80003410 (0xda6d3213) x 4 0x00000001
core   0: 0x80003414 (0x03c1b033) mulhu   zero, gp, t3
core   0: 3 0x80003414 (0x03c1b033)
core   0: 0x80003418 (0x01178ab3) add     s5, a5, a7
core   0: 3 0x80003418 (0x01178ab3) x21 0x40014e67
core   0: 0x8000341c (0x037650b3) divu    ra, a2, s7
core   0: 3 0x8000341c (0x037650b3) x 1 0x00000000
core   0: 0x80003420 (0x00505313) srli    t1, zero, 5
core   0: 3 0x80003420 (0x00505313) x 6 0x00000000
core   0: 0x80003424 (0x013e3bb3) sltu    s7, t3, s3
core   0: 3 0x80003424 (0x013e3bb3) x23 0x00000001
core   0: 0x80003428 (0x4027d233) sra     tp, a5, sp
core   0: 3 0x80003428 (0x4027d233) x 4 0x040014e6
core   0: 0x8000342c (0x41410433) sub     s0, sp, s4
core   0: 3 0x8000342c (0x41410433) x 8 0xffffc180
core   0: 0x80003430 (0x03424533) div     a0, tp, s4
core   0: 3 0x80003430 (0x03424533) x10 0x00000000
core   0: 0x80003434 (0x0330db33) divu    s6, ra, s3
core   0: 3 0x80003434 (0x0330db33) x22 0x00000000
core   0: 0x80003438 (0x00036833) or      a6, t1, zero
core   0: 3 0x80003438 (0x00036833) x16 0x00000000
core   0: 0x8000343c (0x023adbb3) divu    s7, s5, gp
core   0: 3 0x8000343c (0x023adbb3) x23 0x00000000
core   0: 0x80003440 (0x40d685b3) sub     a1, a3, a3
core   0: 3 0x80003440 (0x40d685b3) x11 0x00000000
core   0: 0x80003444 (0x02788633) mul     a2, a7, t2
core   0: 3 0x80003444 (0x02788633) x12 0xff7f810e
core   0: 0x80003448 (0x0068b9b3) sltu    s3, a7, t1
core   0: 3 0x80003448 (0x0068b9b3) x19 0x00000000
core   0: 0x8000344c (0xabcd2893) slti    a7, s10, -1348
core   0: 3 0x8000344c (0xabcd2893) x17 0x00000001
core   0: 0x80003450 (0x005fe8b3) or      a7, t6, t0
core   0: 3 0x80003450 (0x005fe8b3) x17 0xf6416d2c
core   0: 0x80003454 (0x01ca70b3) and     ra, s4, t3
core   0: 3 0x80003454 (0x01ca70b3) x 1 0x00000000
core   0: 0x80003458 (0x00000013) nop
core   0: 3 0x80003458 (0x00000013)
core   0: 0x8000345c (0x41160333) sub     t1, a2, a7
core   0: 3 0x8000345c (0x41160333) x 6 0x093e13e2
core   0: 0x80003460 (0x00305193) srli    gp, zero, 3
core   0: 3 0x80003460 (0x00305193) x 3 0x00000000
core   0: 0x80003464 (0x022e5fb3) divu    t6, t3, sp
core   0: 3 0x80003464 (0x022e5fb3) x31 0x00000000
core   0: 0x80003468 (0x5a77c793) xori    a5, a5, 1447
core   0: 3 0x80003468 (0x5a77c793) x15 0x40014bc1
core   0: 0x8000346c (0x03d574b3) remu    s1, a0, t4
core   0: 3 0x8000346c (0x03d574b3) x 9 0x00000000
core   0: 0x80003470 (0x554dab93) slti    s7, s11, 1364
core   0: 3 0x80003470 (0x554dab93) x23 0x00000001
core   0: 0x80003474 (0x01a70d33) add     s10, a4, s10
core   0: 3 0x80003474 (0x01a70d33) x26 0x80017f1a
core   0: 0x80003478 (0xf2b48797) auipc   a5, 0xf2b48
core   0: 3 0x80003478 (0xf2b48797) x15 0x72b4b478
core   0: 0x8000347c (0x03055b33) divu    s6, a0, a6
core   0: 3 0x8000347c (0x03055b33) x22 0xffffffff
core   0: 0x80003480 (0x01d088b3) add     a7, ra, t4
core   0: 3 0x80003480 (0x01d088b3) x17 0xf5a9ee0b
core   0: 0x80003484 (0x81fefb13) andi    s6, t4, -2017
core   0: 3 0x80003484 (0x81fefb13) x22 0xf5a9e80b
core   0: 0x80003488 (0x02f63233) mulhu   tp, a2, a5
core   0: 3 0x80003488 (0x02f63233) x 4 0x727b213c
core   0: 0x8000348c (0x00771993) slli    s3, a4, 7
core   0: 3 0x8000348c (0x00771993) x19 0x00c67200
core   0: 0x80003490 (0x02621bb3) mulh    s7, tp, t1
core   0: 3 0x80003490 (0x02621bb3) x23 0x042216e1
core   0: 0x80003494 (0x021363b3) rem     t2, t1, ra
core   0: 3 0x80003494 (0x021363b3) x 7 0x093e13e2
core   0: 0x80003498 (0x0156a4b3) slt     s1, a3, s5
core   0: 3 0x80003498 (0x0156a4b3) x 9 0x00000001
core   0: 0x8000349c (0x00c09c33) sll     s8, ra, a2
core   0: 3 0x8000349c (0x00c09c33) x24 0x00000000
core   0: 0x800034a0 (0x00951313) slli    t1, a0, 9
core   0: 3 0x800034a0 (0x00951313) x 6 0x00000000
core   0: 0x800034a4 (0x0006bc33) sltu    s8, a3, zero
core   0: 3 0x800034a4 (0x0006bc33) x24 0x00000000
core   0: 0x800034a8 (0x5085b393) sltiu   t2, a1, 1288
core   0: 3 0x800034a8 (0x5085b393) x 7 0x00000001
core   0: 0x800034ac (0x03c918b3) mulh    a7, s2, t3
core   0: 3 0x800034ac (0x03c918b3) x17 0x00000000
core   0: 0x800034b0 (0x00000013) nop
core   0: 3 0x800034b0 (0x00000013)
core   0: 0x800034b4 (0x0182dbb3) srl     s7, t0, s8
core   0: 3 0x800034b4 (0x0182dbb3) x23 0xf6416d2c
core   0: 0x800034b8 (0x00d01413) slli    s0, zero, 13
core   0: 3 0x800034b8 (0x00d01413) x 8 0x00000000
core   0: 0x800034bc (0x03e47d33) remu    s10, s0, t5
core   0: 3 0x800034bc (0x03e47d33) x26 0x00000000
core   0: 0x800034c0 (0x417c8333) sub     t1, s9, s7
core   0: 3 0x800034c0 (0x417c8333) x 6 0x09be92d5
core   0: 0x800034c4 (0x01fb0533) add     a0, s6, t6
core   0: 3 0x800034c4 (0x01fb0533) x10 0xf5a9e80b
core   0: 0x800034c8 (0x038a6db3) rem     s11, s4, s8
core   0: 3 0x800034c8 (0x038a6db3) x27 0x80018ce4
core   0: 0x800034cc (0x1ce06f13) ori     t5, zero, 462
core   0: 3 0x800034cc (0x1ce06f13) x30 0x000001ce
core   0: 0x800034d0 (0x0056c333) xor     t1, a3, t0
core   0: 3 0x800034d0 (0x0056c333) x 6 0xf6416d2d
core   0: 0x800034d4 (0x0029a0b3) slt     ra, s3, sp
core   0: 3 0x800034d4 (0x0029a0b3) x 1 0x00000000
core   0: 0x800034d8 (0x409107b3) sub     a5, sp, s1
core   0: 3 0x800034d8 (0x409107b3) x15 0x80014e63
core   0: 0x800034dc (0x01af9613) slli    a2, t6, 26
core   0: 3 0x800034dc (0x01af9613) x12 0x00000000
core   0: 0x800034e0 (0xf27c5d97) auipc   s11, 0xf27c5
core   0: 3 0x800034e0 (0xf27c5d97) x27 0x727c84e0
core   0: 0x800034e4 (0x9a588613) addi    a2, a7, -1627
core   0: 3 0x800034e4 (0x9a588613) x12 0xfffff9a5
core   0: 0x800034e8 (0x38368093) addi    ra, a3, 899
core   0: 3 0x800034e8 (0x38368093) x 1 0x00000384
core   0: 0x800034ec (0x52dbf593) andi    a1, s7, 1325
core   0: 3 0x800034ec (0x52dbf593) x11 0x0000052c
core   0: 0x800034f0 (0x005fe233) or      tp, t6, t0
core   0: 3 0x800034f0 (0x005fe233) x 4 0xf6416d2c
core   0: 0x800034f4 (0x40dc8c33) sub     s8, s9, a3
core   0: 3 0x800034f4 (0x40dc8c33) x24 0x00000000
core   0: 0x800034f8 (0x36020393) addi    t2, tp, 864
core   0: 3 0x800034f8 (0x36020393) x 7 0xf641708c
core   0: 0x800034fc (0x0364feb3) remu    t4, s1, s6
core   0: 3 0x800034fc (0x0364feb3) x29 0x00000001
core   0: 0x80003500 (0x01f1e033) or      zero, gp, t6
core   0: 3 0x80003500 (0x01f1e033)
core   0: 0x80003504 (0x4078db93) srai    s7, a7, 7
core   0: 3 0x80003504 (0x4078db93) x23 0x00000000
core   0: 0x80003508 (0x03674a33) div     s4, a4, s6
core   0: 3 0x80003508 (0x03674a33) x20 0x0000000c
core   0: 0x8000350c (0x02c4a333) mulhsu  t1, s1, a2
core   0: 3 0x8000350c (0x02c4a333) x 6 0x00000000
core   0: 0x80003510 (0x1e59bf13) sltiu   t5, s3, 485
core   0: 3 0x80003510 (0x1e59bf13) x30 0x00000000
core   0: 0x80003514 (0x036db033) mulhu   zero, s11, s6
core   0: 3 0x80003514 (0x036db033)
core   0: 0x80003518 (0x5d56cf13) xori    t5, a3, 1493
core   0: 3 0x80003518 (0x5d56cf13) x30 0x000005d4
core   0: 0x8000351c (0x0323a333) mulhsu  t1, t2, s2
core   0: 3 0x8000351c (0x0323a333) x 6 0xffffffff
core   0: 0x80003520 (0x038b4433) div     s0, s6, s8
core   0: 3 0x80003520 (0x038b4433) x 8 0xffffffff
core   0: 0x80003524 (0x0329a6b3) mulhsu  a3, s3, s2
core   0: 3 0x80003524 (0x0329a6b3) x13 0x00000000
core   0: 0x80003528 (0x01c4d213) srli    tp, s1, 28
core   0: 3 0x80003528 (0x01c4d213) x 4 0x00000000
core   0: 0x8000352c (0x02af6e33) rem     t3, t5, a0
core   0: 3 0x8000352c (0x02af6e33) x28 0x000005d4
core   0: 0x80003530 (0x816f3513) sltiu   a0, t5, -2026
core   0: 3 0x80003530 (0x816f3513) x10 0x00000001
core   0: 0x80003534 (0x9a91e493) ori     s1, gp, -1623
core   0: 3 0x80003534 (0x9a91e493) x 9 0xfffff9a9
core   0: 0x80003538 (0x014d0eb3) add     t4, s10, s4
core   0: 3 0x80003538 (0x014d0eb3) x29 0x0000000c
core   0: 0x8000353c (0x00fa2333) slt     t1, s4, a5
core   0: 3 0x8000353c (0x00fa2333) x 6 0x00000000
core   0: 0x80003540 (0x01159633) sll     a2, a1, a7
core   0: 3 0x80003540 (0x01159633) x12 0x0000052c
core   0: 0x80003544 (0x00000013) nop
core   0: 3 0x80003544 (0x00000013)
core   0: 0x80003548 (0x9a40e613) ori     a2, ra, -1628
core   0: 3 0x80003548 (0x9a40e613) x12 0xfffffba4
core   0: 0x8000354c (0x4141d893) srai    a7, gp, 20
core   0: 3 0x8000354c (0x4141d893) x17 0x00000000
core   0: 0x80003550 (0xcd88c493) xori    s1, a7, -808
core   0: 3 0x80003550 (0xcd88c493) x 9 0xfffffcd8
core   0: 0x80003554 (0x4da63b13) sltiu   s6, a2, 1242
core   0: 3 0x80003554 (0x4da63b13) x22 0x00000000
core   0: 0x80003558 (0x4184d793) srai    a5, s1, 24
core   0: 3 0x80003558 (0x4184d793) x15 0xffffffff
core   0: 0x8000355c (0x44860bb7) lui     s7, 0x44860
core   0: 3 0x8000355c (0x44860bb7) x23 0x44860000
core   0: 0x80003560 (0x03cc0533) mul     a0, s8, t3
core   0: 3 0x80003560 (0x03cc0533) x10 0x00000000
core   0: 0x80003564 (0x0192a333) slt     t1, t0, s9
core   0: 3 0x80003564 (0x0192a333) x 6 0x00000001
core   0: 0x80003568 (0x01e734b3) sltu    s1, a4, t5
core   0: 3 0x80003568 (0x01e734b3) x 9 0x00000000
core   0: 0x8000356c (0xad9e08b7) lui     a7, 0xad9e0
core   0: 3 0x8000356c (0xad9e08b7) x17 0xad9e0000
core   0: 0x80003570 (0x310fb397) auipc   t2, 0x310fb
core   0: 3 0x80003570 (0x310fb397) x 7 0xb10fe570
core   0: 0x80003574 (0x21aaaf93) slti    t6, s5, 538
core   0: 3 0x80003574 (0x21aaaf93) x31 0x00000000
core   0: 0x80003578 (0xcf85aa97) auipc   s5, 0xcf85a
core   0: 3 0x80003578 (0xcf85aa97) x21 0x4f85d578
core   0: 0x8000357c (0xf101e213) ori     tp, gp, -240
core   0: 3 0x8000357c (0xf101e213) x 4 0xffffff10
core   0: 0x80003580 (0x00b4c1b3) xor     gp, s1, a1
core   0: 3 0x80003580 (0x00b4c1b3) x 3 0x0000052c
core   0: 0x80003584 (0x41d504b3) sub     s1, a0, t4
core   0: 3 0x80003584 (0x41d504b3) x 9 0xfffffff4
core   0: 0x80003588 (0x4103d993) srai    s3, t2, 16
core   0: 3 0x80003588 (0x4103d993) x19 0xffffb10f
core   0: 0x8000358c (0xe9532993) slti    s3, t1, -363
core   0: 3 0x8000358c (0xe9532993) x19 0x00000000
core   0: 0x80003590 (0xb1d12313) slti    t1, sp, -1251
core   0: 3 0x80003590 (0xb1d12313) x 6 0x00000001
core   0: 0x80003594 (0x457ffc13) andi    s8, t6, 1111
core   0: 3 0x80003594 (0x457ffc13) x24 0x00000000
core   0: 0x80003598 (0x00916bb3) or      s7, sp, s1
core   0: 3 0x80003598 (0x00916bb3) x23 0xfffffff4
core   0: 0x8000359c (0x00e9acb3) slt     s9, s3, a4
core   0: 3 0x8000359c (0x00e9acb3) x25 0x00000000
core   0: 0x800035a0 (0x03c85f33) divu    t5, a6, t3
core   0: 3 0x800035a0 (0x03c85f33) x30 0x00000000
core   0: 0x800035a4 (0xfadcdf17) auipc   t5, 0xfadcd
core   0: 3 0x800035a4 (0xfadcdf17) x30 0x7add05a4
core   0: 0x800035a8 (0x405b0d33) sub     s10, s6, t0
core   0: 3 0x800035a8 (0x405b0d33) x26 0x09be92d4
core   0: 0x800035ac (0x009c1e13) slli    t3, s8, 9
core   0: 3 0x800035ac (0x009c1e13) x28 0x00000000
core   0: 0x800035b0 (0x0308b3b3) mulhu   t2, a7, a6
core   0: 3 0x800035b0 (0x0308b3b3) x 7 0x00000000
core   0: 0x800035b4 (0x010c3233) sltu    tp, s8, a6
core   0: 3 0x800035b4 (0x010c3233) x 4 0x00000000
core   0: 0x800035b8 (0xb62c8093) addi    ra, s9, -1182
core   0: 3 0x800035b8 (0xb62c8093) x 1 0xfffffb62
core   0: 0x800035bc (0x6fa18313) addi    t1, gp, 1786
core   0: 3 0x800035bc (0x6fa18313) x 6 0x00000c26
core   0: 0x800035c0 (0x6ed2ad93) slti    s11, t0, 1773
core   0: 3 0x800035c0 (0x6ed2ad93) x27 0x00000001
core   0: 0x800035c4 (0x00000013) nop
core   0: 3 0x800035c4 (0x00000013)
core   0: 0x800035c8 (0x40d90633) sub     a2, s2, a3
core   0: 3 0x800035c8 (0x40d90633) x12 0x00000001
core   0: 0x800035cc (0x024243b3) div     t2, tp, tp
core   0: 3 0x800035cc (0x024243b3) x 7 0xffffffff
core   0: 0x800035d0 (0x46820337) lui     t1, 0x46820
core   0: 3 0x800035d0 (0x46820337) x 6 0x46820000
core   0: 0x800035d4 (0x09418c13) addi    s8, gp, 148
core   0: 3 0x800035d4 (0x09418c13) x24 0x000005c0
core   0: 0x800035d8 (0x0346feb3) remu    t4, a3, s4
core   0: 3 0x800035d8 (0x0346feb3) x29 0x00000000
core   0: 0x800035dc (0x00f21b93) slli    s7, tp, 15
core   0: 3 0x800035dc (0x00f21b93) x23 0x00000000
core   0: 0x800035e0 (0x00ce5cb3) srl     s9, t3, a2
core   0: 3 0x800035e0 (0x00ce5cb3) x25 0x00000000
core   0: 0x800035e4 (0x0d78a8b7) lui     a7, 0xd78a
core   0: 3 0x800035e4 (0x0d78a8b7) x17 0x0d78a000
core   0: 0x800035e8 (0xfc986613) ori     a2, a6, -55
core   0: 3 0x800035e8 (0xfc986613) x12 0xffffffc9
core   0: 0x800035ec (0x035f9f33) mulh    t5, t6, s5
core   0: 3 0x800035ec (0x035f9f33) x30 0x00000000
core   0: 0x800035f0 (0xe1c7ae13) slti    t3, a5, -484
core   0: 3 0x800035f0 (0xe1c7ae13) x28 0x00000000
core   0: 0x800035f4 (0x024bd833) divu    a6, s7, tp
core   0: 3 0x800035f4 (0x024bd833) x16 0xffffffff
core   0: 0x800035f8 (0x01dd8533) add     a0, s11, t4
core   0: 3 0x800035f8 (0x01dd8533) x10 0x00000001
core   0: 0x800035fc (0x00000013) nop
core   0: 3 0x800035fc (0x00000013)
core   0: 0x80003600 (0x0198d8b3) srl     a7, a7, s9
core   0: 3 0x80003600 (0x0198d8b3) x17 0x0d78a000
core   0: 0x80003604 (0x033e6ab3) rem     s5, t3, s3
core   0: 3 0x80003604 (0x033e6ab3) x21 0x00000000
core   0: 0x80003608 (0x00000013) nop
core   0: 3 0x80003608 (0x00000013)
core   0: 0x8000360c (0x186b6c13) ori     s8, s6, 390
core   0: 3 0x8000360c (0x186b6c13) x24 0x00000186
core   0: 0x80003610 (0x02b03433) mulhu   s0, zero, a1
core   0: 3 0x80003610 (0x02b03433) x 8 0x00000000
core   0: 0x80003614 (0x87be8d97) auipc   s11, 0x87be8
core   0: 3 0x80003614 (0x87be8d97) x27 0x07beb614
core   0: 0x80003618 (0x006ee433) or      s0, t4, t1
core   0: 3 0x80003618 (0x006ee433) x 8 0x46820000
core   0: 0x8000361c (0x00f63833) sltu    a6, a2, a5
core   0: 3 0x8000361c (0x00f63833) x16 0x00000001
core   0: 0x80003620 (0x01a90533) add     a0, s2, s10
core   0: 3 0x80003620 (0x01a90533) x10 0x09be92d5
core   0: 0x80003624 (0x01cab533) sltu    a0, s5, t3
core   0: 3 0x80003624 (0x01cab533) x10 0x00000000
core   0: 0x80003628 (0xe283ff93) andi    t6, t2, -472
core   0: 3 0x80003628 (0xe283ff93) x31 0xfffffe28
core   0: 0x8000362c (0x013bb333) sltu    t1, s7, s3
core   0: 3 0x8000362c (0x013bb333) x 6 0x00000000
core   0: 0x80003630 (0x01941d93) slli    s11, s0, 25
core   0: 3 0x80003630 (0x01941d93) x27 0x00000000
core   0: 0x80003634 (0x03d9cab3) div     s5, s3, t4
core   0: 3 0x80003634 (0x03d9cab3) x21 0xffffffff
core   0: 0x80003638 (0x024e87b3) mul     a5, t4, tp
core   0: 3 0x80003638 (0x024e87b3) x15 0x00000000
core   0: 0x8000363c (0x019b17b3) sll     a5, s6, s9
core   0: 3 0x8000363c (0x019b17b3) x15 0x00000000
core   0: 0x80003640 (0x00f59513) slli    a0, a1, 15
core   0: 3 0x80003640 (0x00f59513) x10 0x02960000
core   0: 0x80003644 (0x03f2a4b3) mulhsu  s1, t0, t6
core   0: 3 0x80003644 (0x03f2a4b3) x 9 0xf6416d3d
core   0: 0x80003648 (0x00d343b3) xor     t2, t1, a3
core   0: 3 0x80003648 (0x00d343b3) x 7 0x00000000
core   0: 0x8000364c (0x004074b3) and     s1, zero, tp
core   0: 3 0x8000364c (0x004074b3) x 9 0x00000000
core   0: 0x80003650 (0x016008b3) add     a7, zero, s6
core   0: 3 0x80003650 (0x016008b3) x17 0x00000000
core   0: 0x80003654 (0x00ba0233) add     tp, s4, a1
core   0: 3 0x80003654 (0x00ba0233) x 4 0x00000538
core   0: 0x80003658 (0x13256a13) ori     s4, a0, 306
core   0: 3 0x80003658 (0x13256a13) x20 0x02960132
core   0: 0x8000365c (0x03ce1f33) mulh    t5, t3, t3
core   0: 3 0x8000365c (0x03ce1f33) x30 0x00000000
core   0: 0x80003660 (0x4058da93) srai    s5, a7, 5
core   0: 3 0x80003660 (0x4058da93) x21 0x00000000
core   0: 0x80003664 (0x971a7b13) andi    s6, s4, -1679
core   0: 3 0x80003664 (0x971a7b13) x22 0x02960130
core   0: 0x80003668 (0x0d710213) addi    tp, sp, 215
core   0: 3 0x80003668 (0x0d710213) x 4 0x80014f3b
core   0: 0x8000366c (0x00e21913) slli    s2, tp, 14
core   0: 3 0x8000366c (0x00e21913) x18 0x53cec000
core   0: 0x80003670 (0x401add13) srai    s10, s5, 1
core   0: 3 0x80003670 (0x401add13) x26 0x00000000
core   0: 0x80003674 (0x015a59b3) srl     s3, s4, s5
core   0: 3 0x80003674 (0x015a59b3) x19 0x02960132
core   0: 0x80003678 (0x019a9bb3) sll     s7, s5, s9
core   0: 3 0x80003678 (0x019a9bb3) x23 0x00000000
core   0: 0x8000367c (0x038e25b3) mulhsu  a1, t3, s8
core   0: 3 0x8000367c (0x038e25b3) x11 0x00000000
core   0: 0x80003680 (0x77d2eb93) ori     s7, t0, 1917
core   0: 3 0x80003680 (0x77d2eb93) x23 0xf6416f7d
core   0: 0x80003684 (0x03ef6b33) rem     s6, t5, t5
core   0: 3 0x80003684 (0x03ef6b33) x22 0x00000000
core   0: 0x80003688 (0x03219cb3) mulh    s9, gp, s2
core   0: 3 0x80003688 (0x03219cb3) x25 0x000001b1
core   0: 0x8000368c (0x02b1f6b3) remu    a3, gp, a1
core   0: 3 0x8000368c (0x02b1f6b3) x13 0x0000052c
core   0: 0x80003690 (0x021db333) mulhu   t1, s11, ra
core   0: 3 0x80003690 (0x021db333) x 6 0x00000000
core   0: 0x80003694 (0x01765eb3) srl     t4, a2, s7
core   0: 3 0x80003694 (0x01765eb3) x29 0x00000007
core   0: 0x80003698 (0xf40ab897) auipc   a7, 0xf40ab
core   0: 3 0x80003698 (0xf40ab897) x17 0x740ae698
core   0: 0x8000369c (0x00945533) srl     a0, s0, s1
core   0: 3 0x8000369c (0x00945533) x10 0x46820000
core   0: 0x800036a0 (0x02db8f33) mul     t5, s7, a3
core   0: 3 0x800036a0 (0x02db8f33) x30 0x9a6c9a7c
core   0: 0x800036a4 (0x037871b3) remu    gp, a6, s7
core   0: 3 0x800036a4 (0x037871b3) x 3 0x00000001
core   0: 0x800036a8 (0x009dd233) srl     tp, s11, s1
core   0: 3 0x800036a8 (0x009dd233) x 4 0x00000000
core   0: 0x800036ac (0x03c9d233) divu    tp, s3, t3
core   0: 3 0x800036ac (0x03c9d233) x 4 0xffffffff
core   0: 0x800036b0 (0x03b75c33) divu    s8, a4, s11
core   0: 3 0x800036b0 (0x03b75c33) x24 0xffffffff
core   0: 0x800036b4 (0xec156e13) ori     t3, a0, -319
core   0: 3 0x800036b4 (0xec156e13) x28 0xfffffec1
core   0: 0x800036b8 (0x00aeceb3) xor     t4, t4, a0
core   0: 3 0x800036b8 (0x00aeceb3) x29 0x46820007
core   0: 0x800036bc (0xa862e513) ori     a0, t0, -1402
core   0: 3 0x800036bc (0xa862e513) x10 0xffffffae
core   0: 0x800036c0 (0x039c38b3) mulhu   a7, s8, s9
core   0: 3 0x800036c0 (0x039c38b3) x17 0x000001b0
core   0: 0x800036c4 (0x413fdd13) srai    s10, t6, 19
core   0: 3 0x800036c4 (0x413fdd13) x26 0xffffffff
core   0: 0x800036c8 (0xaf352813) slti    a6, a0, -1293
core   0: 3 0x800036c8 (0xaf352813) x16 0x00000000
core   0: 0x800036cc (0x557daf37) lui     t5, 0x557da
core   0: 3 0x800036cc (0x557daf37) x30 0x557da000
core   0: 0x800036d0 (0x00f8d1b3) srl     gp, a7, a5
core   0: 3 0x800036d0 (0x00f8d1b3) x 3 0x000001b0
core   0: 0x800036d4 (0x23086c93) ori     s9, a6, 560
core   0: 3 0x800036d4 (0x23086c93) x25 0x00000230
core   0: 0x800036d8 (0x41fe8a33) sub     s4, t4, t6
core   0: 3 0x800036d8 (0x41fe8a33) x20 0x468201df
core   0: 0x800036dc (0x039501b3) mul     gp, a0, s9
core   0: 3 0x800036dc (0x039501b3) x 3 0xffff4ca0
core   0: 0x800036e0 (0x04434a93) xori    s5, t1, 68
core   0: 3 0x800036e0 (0x04434a93) x21 0x00000044
core   0: 0x800036e4 (0xb59c6f13) ori     t5, s8, -1191
core   0: 3 0x800036e4 (0xb59c6f13) x30 0xffffffff
core   0: 0x800036e8 (0x138c3093) sltiu   ra, s8, 312
core   0: 3 0x800036e8 (0x138c3093) x 1 0x00000000
core   0: 0x800036ec (0x0278e8b3) rem     a7, a7, t2
core   0: 3 0x800036ec (0x0278e8b3) x17 0x000001b0
core   0: 0x800036f0 (0x014c89b3) add     s3, s9, s4
core   0: 3 0x800036f0 (0x014c89b3) x19 0x4682040f
core   0: 0x800036f4 (0x00e55913) srli    s2, a0, 14
core   0: 3 0x800036f4 (0x00e55913) x18 0x0003ffff
core   0: 0x800036f8 (0xcb487993) andi    s3, a6, -844
core   0: 3 0x800036f8 (0xcb487993) x19 0x00000000
core   0: 0x800036fc (0x0279a633) mulhsu  a2, s3, t2
core   0: 3 0x800036fc (0x0279a633) x12 0x00000000
core   0: 0x80003700 (0x98b7ce13) xori    t3, a5, -1653
core   0: 3 0x80003700 (0x98b7ce13) x28 0xfffff98b
core   0: 0x80003704 (0x012bc6b3) xor     a3, s7, s2
core   0: 3 0x80003704 (0x012bc6b3) x13 0xf6429082
core   0: 0x80003708 (0x00000013) nop
core   0: 3 0x80003708 (0x00000013)
core   0: 0x8000370c (0x02643933) mulhu   s2, s0, t1
core   0: 3 0x8000370c (0x02643933) x18 0x00000000
core   0: 0x80003710 (0x512db213) sltiu   tp, s11, 1298
core   0: 3 0x80003710 (0x512db213) x 4 0x00000001
core   0: 0x80003714 (0x01e9eab3) or      s5, s3, t5
core   0: 3 0x80003714 (0x01e9eab3) x21 0xffffffff
core   0: 0x80003718 (0x418753b3) sra     t2, a4, s8
core   0: 3 0x80003718 (0x418753b3) x 7 0xffffffff
core   0: 0x8000371c (0x0343f333) remu    t1, t2, s4
core   0: 3 0x8000371c (0x0343f333) x 6 0x2c79fa62
core   0: 0x80003720 (0x430bb213) sltiu   tp, s7, 1072
core   0: 3 0x80003720 (0x430bb213) x 4 0x00000000
core   0: 0x80003724 (0x4adb2d13) slti    s10, s6, 1197
core   0: 3 0x80003724 (0x4adb2d13) x26 0x00000001
core   0: 0x80003728 (0x00000013) nop
core   0: 3 0x80003728 (0x00000013)
core   0: 0x8000372c (0x0312b1b3) mulhu   gp, t0, a7
core   0: 3 0x8000372c (0x0312b1b3) x 3 0x0000019f
core   0: 0x80003730 (0x03527b33) remu    s6, tp, s5
core   0: 3 0x80003730 (0x03527b33) x22 0x00000000
core   0: 0x80003734 (0x013b9e93) slli    t4, s7, 19
core   0: 3 0x80003734 (0x013b9e93) x29 0x7be80000
core   0: 0x80003738 (0x00497e33) and     t3, s2, tp
core   0: 3 0x80003738 (0x00497e33) x28 0x00000000
core   0: 0x8000373c (0xec022d93) slti    s11, tp, -320
core   0: 3 0x8000373c (0xec022d93) x27 0x00000000
core   0: 0x80003740 (0x03ab9b33) mulh    s6, s7, s10
core   0: 3 0x80003740 (0x03ab9b33) x22 0xffffffff
core   0: 0x80003744 (0x01cb6e33) or      t3, s6, t3
core   0: 3 0x80003744 (0x01cb6e33) x28 0xffffffff
core   0: 0x80003748 (0x00938fb3) add     t6, t2, s1
core   0: 3 0x80003748 (0x00938fb3) x31 0xffffffff
core   0: 0x8000374c (0xa35e0a97) auipc   s5, 0xa35e0
core   0: 3 0x8000374c (0xa35e0a97) x21 0x235e374c
core   0: 0x80003750 (0x00905e13) srli    t3, zero, 9
core   0: 3 0x80003750 (0x00905e13) x28 0x00000000
core   0: 0x80003754 (0x4ecf0613) addi    a2, t5, 1260
core   0: 3 0x80003754 (0x4ecf0613) x12 0x000004eb
core   0: 0x80003758 (0xd78d1617) auipc   a2, 0xd78d1
core   0: 3 0x80003758 (0xd78d1617) x12 0x578d4758
core   0: 0x8000375c (0x01929c93) slli    s9, t0, 25
core   0: 3 0x8000375c (0x01929c93) x25 0x58000000
core   0: 0x80003760 (0x00e81093) slli    ra, a6, 14
core   0: 3 0x80003760 (0x00e81093) x 1 0x00000000
core   0: 0x80003764 (0x02df2bb3) mulhsu  s7, t5, a3
core   0: 3 0x80003764 (0x02df2bb3) x23 0xffffffff
core   0: 0x80003768 (0x02d90a33) mul     s4, s2, a3
core   0: 3 0x80003768 (0x02d90a33) x20 0x00000000
core   0: 0x8000376c (0xe25a3013) sltiu   zero, s4, -475
core   0: 3 0x8000376c (0xe25a3013)
core   0: 0x80003770 (0x00a40033) add     zero, s0, a0
core   0: 3 0x80003770 (0x00a40033)
core   0: 0x80003774 (0xb64f0a93) addi    s5, t5, -1180
core   0: 3 0x80003774 (0xb64f0a93) x21 0xfffffb63
core   0: 0x80003778 (0x00000013) nop
core   0: 3 0x80003778 (0x00000013)
core   0: 0x8000377c (0x02a22933) mulhsu  s2, tp, a0
core   0: 3 0x8000377c (0x02a22933) x18 0x00000000
core   0: 0x80003780 (0x01c8fdb3) and     s11, a7, t3
core   0: 3 0x80003780 (0x01c8fdb3) x27 0x00000000
core   0: 0x80003784 (0x01eec1b3) xor     gp, t4, t5
core   0: 3 0x80003784 (0x01eec1b3) x 3 0x8417ffff
core   0: 0x80003788 (0x02bf70b3) remu    ra, t5, a1
core   0: 3 0x80003788 (0x02bf70b3) x 1 0xffffffff
core   0: 0x8000378c (0x020bdfb3) divu    t6, s7, zero
core   0: 3 0x8000378c (0x020bdfb3) x31 0xffffffff
core   0: 0x80003790 (0x02573533) mulhu   a0, a4, t0
core   0: 3 0x80003790 (0x02573533) x10 0x7b22345e
core   0: 0x80003794 (0x001beeb3) or      t4, s7, ra
core   0: 3 0x80003794 (0x001beeb3) x29 0xffffffff
core   0: 0x80003798 (0x020e94b3) mulh    s1, t4, zero
core   0: 3 0x80003798 (0x020e94b3) x 9 0x00000000
core   0: 0x8000379c (0x51343393) sltiu   t2, s0, 1299
core   0: 3 0x8000379c (0x51343393) x 7 0x00000000
core   0: 0x800037a0 (0x000408b3) add     a7, s0, zero
core   0: 3 0x800037a0 (0x000408b3) x17 0x46820000
core   0: 0x800037a4 (0x01fe2fb3) slt     t6, t3, t6
core   0: 3 0x800037a4 (0x01fe2fb3) x31 0x00000000
core   0: 0x800037a8 (0x00783233) sltu    tp, a6, t2
core   0: 3 0x800037a8 (0x00783233) x 4 0x00000000
core   0: 0x800037ac (0x022870b3) remu    ra, a6, sp
core   0: 3 0x800037ac (0x022870b3) x 1 0x00000000
core   0: 0x800037b0 (0x00a2d413) srli    s0, t0, 10
core   0: 3 0x800037b0 (0x00a2d413) x 8 0x003d905b
core   0: 0x800037b4 (0x019c74b3) and     s1, s8, s9
core   0: 3 0x800037b4 (0x019c74b3) x 9 0x58000000
core   0: 0x800037b8 (0x03493433) mulhu   s0, s2, s4
core   0: 3 0x800037b8 (0x03493433) x 8 0x00000000
core   0: 0x800037bc (0x005aac33) slt     s8, s5, t0
core   0: 3 0x800037bc (0x005aac33) x24 0x00000000
core   0: 0x800037c0 (0x8cd6e437) lui     s0, 0x8cd6e
core   0: 3 0x800037c0 (0x8cd6e437) x 8 0x8cd6e000
core   0: 0x800037c4 (0x02d015b3) mulh    a1, zero, a3
core   0: 3 0x800037c4 (0x02d015b3) x11 0x00000000
core   0: 0x800037c8 (0x01ce0ab3) add     s5, t3, t3
core   0: 3 0x800037c8 (0x01ce0ab3) x21 0x00000000
core   0: 0x800037cc (0x91098993) addi    s3, s3, -1776
core   0: 3 0x800037cc (0x91098993) x19 0xfffff910
core   0: 0x800037d0 (0x00000013) nop
core   0: 3 0x800037d0 (0x00000013)
core   0: 0x800037d4 (0x00000013) nop
core   0: 3 0x800037d4 (0x00000013)
core   0: 0x800037d8 (0x02b86833) rem     a6, a6, a1
core   0: 3 0x800037d8 (0x02b86833) x16 0x00000000
core   0: 0x800037dc (0x01d67933) and     s2, a2, t4
core   0: 3 0x800037dc (0x01d67933) x18 0x578d4758
core   0: 0x800037e0 (0x01dbd093) srli    ra, s7, 29
core   0: 3 0x800037e0 (0x01dbd093) x 1 0x00000007
core   0: 0x800037e4 (0x00562333) slt     t1, a2, t0
core   0: 3 0x800037e4 (0x00562333) x 6 0x00000000
core   0: 0x800037e8 (0x031cff33) remu    t5, s9, a7
core   0: 3 0x800037e8 (0x031cff33) x30 0x117e0000
core   0: 0x800037ec (0x2b7e2093) slti    ra, t3, 695
core   0: 3 0x800037ec (0x2b7e2093) x 1 0x00000001
core   0: 0x800037f0 (0x02079233) mulh    tp, a5, zero
core   0: 3 0x800037f0 (0x02079233) x 4 0x00000000
core   0: 0x800037f4 (0xa0798c93) addi    s9, s3, -1529
core   0: 3 0x800037f4 (0xa0798c93) x25 0xfffff317
core   0: 0x800037f8 (0x03228c33) mul     s8, t0, s2
core   0: 3 0x800037f8 (0x03228c33) x24 0xe100bb20
core   0: 0x800037fc (0x034985b3) mul     a1, s3, s4
core   0: 3 0x800037fc (0x034985b3) x11 0x00000000
core   0: 0x80003800 (0x02a9eeb3) rem     t4, s3, a0
core   0: 3 0x80003800 (0x02a9eeb3) x29 0xfffff910
core   0: 0x80003804 (0x006c9c13) slli    s8, s9, 6
core   0: 3 0x80003804 (0x006c9c13) x24 0xfffcc5c0
core   0: 0x80003808 (0xada37313) andi    t1, t1, -1318
core   0: 3 0x80003808 (0xada37313) x 6 0x00000000
core   0: 0x8000380c (0x03d834b3) mulhu   s1, a6, t4
core   0: 3 0x8000380c (0x03d834b3) x 9 0x00000000
core   0: 0x80003810 (0x00000013) nop
core   0: 3 0x80003810 (0x00000013)
core   0: 0x80003814 (0x018b8633) add     a2, s7, s8
core   0: 3 0x80003814 (0x018b8633) x12 0xfffcc5bf
core   0: 0x80003818 (0x0228f933) remu    s2, a7, sp
core   0: 3 0x80003818 (0x0228f933) x18 0x46820000
core   0: 0x8000381c (0x016496b3) sll     a3, s1, s6
core   0: 3 0x8000381c (0x016496b3) x13 0x00000000
core   0: 0x80003820 (0x004f3db3) sltu    s11, t5, tp
core   0: 3 0x80003820 (0x004f3db3) x27 0x00000000
core   0: 0x80003824 (0x01be5333) srl     t1, t3, s11
core   0: 3 0x80003824 (0x01be5333) x 6 0x00000000
core   0: 0x80003828 (0x40c05093) srai    ra, zero, 12
core   0: 3 0x80003828 (0x40c05093) x 1 0x00000000
core   0: 0x8000382c (0x00000013) nop
core   0: 3 0x8000382c (0x00000013)
core   0: 0x80003830 (0x6b23b093) sltiu   ra, t2, 1714
core   0: 3 0x80003830 (0x6b23b093) x 1 0x00000001
core   0: 0x80003834 (0x01acd1b3) srl     gp, s9, s10
core   0: 3 0x80003834 (0x01acd1b3) x 3 0x7ffff98b
core   0: 0x80003838 (0x025ad433) divu    s0, s5, t0
core   0: 3 0x80003838 (0x025ad433) x 8 0x00000000
core   0: 0x8000383c (0x60950337) lui     t1, 0x60950
core   0: 3 0x8000383c (0x60950337) x 6 0x60950000
core   0: 0x80003840 (0x0296fc33) remu    s8, a3, s1
core   0: 3 0x80003840 (0x0296fc33) x24 0x00000000
core   0: 0x80003844 (0x901c8213) addi    tp, s9, -1791
core   0: 3 0x80003844 (0x901c8213) x 4 0xffffec18
core   0: 0x80003848 (0x40915e13) srai    t3, sp, 9
core   0: 3 0x80003848 (0x40915e13) x28 0xffc000a7
core   0: 0x8000384c (0x03a57933) remu    s2, a0, s10
core   0: 3 0x8000384c (0x03a57933) x18 0x00000000
core   0: 0x80003850 (0x01763833) sltu    a6, a2, s7
core   0: 3 0x80003850 (0x01763833) x16 0x00000001
core   0: 0x80003854 (0x9d499ab7) lui     s5, 0x9d499
core   0: 3 0x80003854 (0x9d499ab7) x21 0x9d499000
core   0: 0x80003858 (0x03922333) mulhsu  t1, tp, s9
core   0: 3 0x80003858 (0x03922333) x 6 0xffffec18
core   0: 0x8000385c (0x03348db3) mul     s11, s1, s3
core   0: 3 0x8000385c (0x03348db3) x27 0x00000000
core   0: 0x80003860 (0x03b6d933) divu    s2, a3, s11
core   0: 3 0x80003860 (0x03b6d933) x18 0xffffffff
core   0: 0x80003864 (0x02925033) divu    zero, tp, s1
core   0: 3 0x80003864 (0x02925033)
core   0: 0x80003868 (0x004c6033) or      zero, s8, tp
core   0: 3 0x80003868 (0x004c6033)
core   0: 0x8000386c (0xc1463c13) sltiu   s8, a2, -1004
core   0: 3 0x8000386c (0xc1463c13) x24 0x00000001
core   0: 0x80003870 (0x66cefd93) andi    s11, t4, 1644
core   0: 3 0x80003870 (0x66cefd93) x27 0x00000000
core   0: 0x80003874 (0x00712033) slt     zero, sp, t2
core   0: 3 0x80003874 (0x00712033)
core   0: 0x80003878 (0x3823b217) auipc   tp, 0x3823b
core   0: 3 0x80003878 (0x3823b217) x 4 0xb823e878
core   0: 0x8000387c (0x00c67533) and     a0, a2, a2
core   0: 3 0x8000387c (0x00c67533) x10 0xfffcc5bf
core   0: 0x80003880 (0x0020d8b3) srl     a7, ra, sp
core   0: 3 0x80003880 (0x0020d8b3) x17 0x00000000
core   0: 0x80003884 (0xd2057b37) lui     s6, 0xd2057
core   0: 3 0x80003884 (0xd2057b37) x22 0xd2057000
core   0: 0x80003888 (0x019f4933) xor     s2, t5, s9
core   0: 3 0x80003888 (0x019f4933) x18 0xee81f317
core   0: 0x8000388c (0xf644b913) sltiu   s2, s1, -156
core   0: 3 0x8000388c (0xf644b913) x18 0x00000001
core   0: 0x80003890 (0x021dfc33) remu    s8, s11, ra
core   0: 3 0x80003890 (0x021dfc33) x24 0x00000000
core   0: 0x80003894 (0x01e026b3) slt     a3, zero, t5
core   0: 3 0x80003894 (0x01e026b3) x13 0x00000001
core   0: 0x80003898 (0x5a113813) sltiu   a6, sp, 1441
core   0: 3 0x80003898 (0x5a113813) x16 0x00000000
core   0: 0x8000389c (0x0085cb33) xor     s6, a1, s0
core   0: 3 0x8000389c (0x0085cb33) x22 0x00000000
core   0: 0x800038a0 (0xa0386a13) ori     s4, a6, -1533
core   0: 3 0x800038a0 (0xa0386a13) x20 0xfffffa03
core   0: 0x800038a4 (0x02478233) mul     tp, a5, tp
core   0: 3 0x800038a4 (0x02478233) x 4 0x00000000
core   0: 0x800038a8 (0x0263fdb3) remu    s11, t2, t1
core   0: 3 0x800038a8 (0x0263fdb3) x27 0x00000000
core   0: 0x800038ac (0x4c8aaa93) slti    s5, s5, 1224
core   0: 3 0x800038ac (0x4c8aaa93) x21 0x00000001
core   0: 0x800038b0 (0x4046d013) srai    zero, a3, 4
core   0: 3 0x800038b0 (0x4046d013)
core   0: 0x800038b4 (0x00000013) nop
core   0: 3 0x800038b4 (0x00000013)
core   0: 0x800038b8 (0x0136d793) srli    a5, a3, 19
core   0: 3 0x800038b8 (0x0136d793) x15 0x00000000
core   0: 0x800038bc (0x0194d8b3) srl     a7, s1, s9
core   0: 3 0x800038bc (0x0194d8b3) x17 0x00000000
core   0: 0x800038c0 (0x00552533) slt     a0, a0, t0
core   0: 3 0x800038c0 (0x00552533) x10 0x00000000
core   0: 0x800038c4 (0x40d70833) sub     a6, a4, a3
core   0: 3 0x800038c4 (0x40d70833) x16 0x80018ce3
core   0: 0x800038c8 (0x01de24b3) slt     s1, t3, t4
core   0: 3 0x800038c8 (0x01de24b3) x 9 0x00000001
core   0: 0x800038cc (0x03522cb3) mulhsu  s9, tp, s5
core   0: 3 0x800038cc (0x03522cb3) x25 0x00000000
core   0: 0x800038d0 (0x03fac0b3) div     ra, s5, t6
core   0: 3 0x800038d0 (0x03fac0b3) x 1 0xffffffff
core   0: 0x800038d4 (0x69534217) auipc   tp, 0x69534
core   0: 3 0x800038d4 (0x69534217) x 4 0xe95378d4
core   0: 0x800038d8 (0x0a037213) andi    tp, t1, 160
core   0: 3 0x800038d8 (0x0a037213) x 4 0x00000000
core   0: 0x800038dc (0x010983b3) add     t2, s3, a6
core   0: 3 0x800038dc (0x010983b3) x 7 0x800185f3
core   0: 0x800038e0 (0x015848b3) xor     a7, a6, s5
core   0: 3 0x800038e0 (0x015848b3) x17 0x80018ce2
core   0: 0x800038e4 (0x02323633) mulhu   a2, tp, gp
core   0: 3 0x800038e4 (0x02323633) x12 0x00000000
core   0: 0x800038e8 (0x3a2d0f37) lui     t5, 0x3a2d0
core   0: 3 0x800038e8 (0x3a2d0f37) x30 0x3a2d0000
core   0: 0x800038ec (0x02deaeb3) mulhsu  t4, t4, a3
core   0: 3 0x800038ec (0x02deaeb3) x29 0xffffffff
core   0: 0x800038f0 (0xbb029fb7) lui     t6, 0xbb029
core   0: 3 0x800038f0 (0xbb029fb7) x31 0xbb029000
core   0: 0x800038f4 (0x016c5593) srli    a1, s8, 22
core   0: 3 0x800038f4 (0x016c5593) x11 0x00000000
core   0: 0x800038f8 (0x23384093) xori    ra, a6, 563
core   0: 3 0x800038f8 (0x23384093) x 1 0x80018ed0
core   0: 0x800038fc (0x40695333) sra     t1, s2, t1
core   0: 3 0x800038fc (0x40695333) x 6 0x00000000
core   0: 0x80003900 (0x033fc6b3) div     a3, t6, s3
core   0: 3 0x80003900 (0x033fc6b3) x13 0x0009f1ca
core   0: 0x80003904 (0x9cf0e8b7) lui     a7, 0x9cf0e
core   0: 3 0x80003904 (0x9cf0e8b7) x17 0x9cf0e000
core   0: 0x80003908 (0x6d662a13) slti    s4, a2, 1750
core   0: 3 0x80003908 (0x6d662a13) x20 0x00000001
core   0: 0x8000390c (0x9b953d13) sltiu   s10, a0, -1607
core   0: 3 0x8000390c (0x9b953d13) x26 0x00000001
core   0: 0x80003910 (0x00555593) srli    a1, a0, 5
core   0: 3 0x80003910 (0x00555593) x11 0x00000000
core   0: 0x80003914 (0x033153b3) divu    t2, sp, s3
core   0: 3 0x80003914 (0x033153b3) x 7 0x00000000
core   0: 0x80003918 (0x03e7e3b3) rem     t2, a5, t5
core   0: 3 0x80003918 (0x03e7e3b3) x 7 0x00000000
core   0: 0x8000391c (0x0215b7b3) mulhu   a5, a1, ra
core   0: 3 0x8000391c (0x0215b7b3) x15 0x00000000
core   0: 0x80003920 (0x007bf933) and     s2, s7, t2
core   0: 3 0x80003920 (0x007bf933) x18 0x00000000
core   0: 0x80003924 (0x003e2c33) slt     s8, t3, gp
core   0: 3 0x80003924 (0x003e2c33) x24 0x00000001
core   0: 0x80003928 (0x002fb033) sltu    zero, t6, sp
core   0: 3 0x80003928 (0x002fb033)
core   0: 0x8000392c (0x022ce633) rem     a2, s9, sp
core   0: 3 0x8000392c (0x022ce633) x12 0x00000000
core   0: 0x80003930 (0x2d1a4f13) xori    t5, s4, 721
core   0: 3 0x80003930 (0x2d1a4f13) x30 0x000002d0
core   0: 0x80003934 (0x00dc9213) slli    tp, s9, 13
core   0: 3 0x80003934 (0x00dc9213) x 4 0x00000000
core   0: 0x80003938 (0x035eb1b3) mulhu   gp, t4, s5
core   0: 3 0x80003938 (0x035eb1b3) x 3 0x00000000
core   0: 0x8000393c (0x02f7af33) mulhsu  t5, a5, a5
core   0: 3 0x8000393c (0x02f7af33) x30 0x00000000
core   0: 0x80003940 (0x03777eb3) remu    t4, a4, s7
core   0: 3 0x80003940 (0x03777eb3) x29 0x80018ce4
core   0: 0x80003944 (0x03fbd233) divu    tp, s7, t6
core   0: 3 0x80003944 (0x03fbd233) x 4 0x00000001
core   0: 0x80003948 (0x02bc2d33) mulhsu  s10, s8, a1
core   0: 3 0x80003948 (0x02bc2d33) x26 0x00000000
core   0: 0x8000394c (0xee27a013) slti    zero, a5, -286
core   0: 3 0x8000394c (0xee27a013)
core   0: 0x80003950 (0x03fe7d33) remu    s10, t3, t6
core   0: 3 0x80003950 (0x03fe7d33) x26 0x44bd70a7
core   0: 0x80003954 (0x02ac19b3) mulh    s3, s8, a0
core   0: 3 0x80003954 (0x02ac19b3) x19 0x00000000
core   0: 0x80003958 (0x861aec93) ori     s9, s5, -1951
core   0: 3 0x80003958 (0x861aec93) x25 0xfffff861
core   0: 0x8000395c (0x6a4fed93) ori     s11, t6, 1700
core   0: 3 0x8000395c (0x6a4fed93) x27 0xbb0296a4
core   0: 0x80003960 (0x9f6c2bb7) lui     s7, 0x9f6c2
core   0: 3 0x80003960 (0x9f6c2bb7) x23 0x9f6c2000
core   0: 0x80003964 (0x01799c13) slli    s8, s3, 23
core   0: 3 0x80003964 (0x01799c13) x24 0x00000000
core   0: 0x80003968 (0x01c1da13) srli    s4, gp, 28
core   0: 3 0x80003968 (0x01c1da13) x20 0x00000000
core   0: 0x8000396c (0x95407d13) andi    s10, zero, -1708
core   0: 3 0x8000396c (0x95407d13) x26 0x00000000
core   0: 0x80003970 (0x0021b6b3) sltu    a3, gp, sp
core   0: 3 0x80003970 (0x0021b6b3) x13 0x00000001
core   0: 0x80003974 (0xc9502913) slti    s2, zero, -875
core   0: 3 0x80003974 (0xc9502913) x18 0x00000000
core   0: 0x80003978 (0x40e085b3) sub     a1, ra, a4
core   0: 3 0x80003978 (0x40e085b3) x11 0x000001ec
core   0: 0x8000397c (0x000eba33) sltu    s4, t4, zero
core   0: 3 0x8000397c (0x000eba33) x20 0x00000000
core   0: 0x80003980 (0xffeeabb7) lui     s7, 0xffeea
core   0: 3 0x80003980 (0xffeeabb7) x23 0xffeea000
core   0: 0x80003984 (0x028a60b3) rem     ra, s4, s0
core   0: 3 0x80003984 (0x028a60b3) x 1 0x00000000
core   0: 0x80003988 (0x623c90b7) lui     ra, 0x623c9
core   0: 3 0x80003988 (0x623c90b7) x 1 0x623c9000
core   0: 0x8000398c (0x03fc38b3) mulhu   a7, s8, t6
core   0: 3 0x8000398c (0x03fc38b3) x17 0x00000000
core   0: 0x80003990 (0x56f18213) addi    tp, gp, 1391
core   0: 3 0x80003990 (0x56f18213) x 4 0x0000056f
core   0: 0x80003994 (0x33f9b413) sltiu   s0, s3, 831
core   0: 3 0x80003994 (0x33f9b413) x 8 0x00000001
core   0: 0x80003998 (0x00007db3) and     s11, zero, zero
core   0: 3 0x80003998 (0x00007db3) x27 0x00000000
core   0: 0x8000399c (0x03423d33) mulhu   s10, tp, s4
core   0: 3 0x8000399c (0x03423d33) x26 0x00000000
core   0: 0x800039a0 (0x02d14533) div     a0, sp, a3
core   0: 3 0x800039a0 (0x02d14533) x10 0x80014e64
core   0: 0x800039a4 (0x01338d33) add     s10, t2, s3
core   0: 3 0x800039a4 (0x01338d33) x26 0x00000000
core   0: 0x800039a8 (0x0031abb3) slt     s7, gp, gp
core   0: 3 0x800039a8 (0x0031abb3) x23 0x00000000
core   0: 0x800039ac (0x41875413) srai    s0, a4, 24
core   0: 3 0x800039ac (0x41875413) x 8 0xffffff80
core   0: 0x800039b0 (0x02cbff33) remu    t5, s7, a2
core   0: 3 0x800039b0 (0x02cbff33) x30 0x00000000
core   0: 0x800039b4 (0x6e6cb693) sltiu   a3, s9, 1766
core   0: 3 0x800039b4 (0x6e6cb693) x13 0x00000000
core   0: 0x800039b8 (0x01ea9d33) sll     s10, s5, t5
core   0: 3 0x800039b8 (0x01ea9d33) x26 0x00000001
core   0: 0x800039bc (0x00a45eb3) srl     t4, s0, a0
core   0: 3 0x800039bc (0x00a45eb3) x29 0x0ffffff8
core   0: 0x800039c0 (0x9cc44c93) xori    s9, s0, -1588
core   0: 3 0x800039c0 (0x9cc44c93) x25 0x0000064c
core   0: 0x800039c4 (0x024b1533) mulh    a0, s6, tp
core   0: 3 0x800039c4 (0x024b1533) x10 0x00000000
core   0: 0x800039c8 (0x01b5c333) xor     t1, a1, s11
core   0: 3 0x800039c8 (0x01b5c333) x 6 0x000001ec
core   0: 0x800039cc (0x000f8633) add     a2, t6, zero
core   0: 3 0x800039cc (0x000f8633) x12 0xbb029000
core   0: 0x800039d0 (0x039b3933) mulhu   s2, s6, s9
core   0: 3 0x800039d0 (0x039b3933) x18 0x00000000
core   0: 0x800039d4 (0x010e8933) add     s2, t4, a6
core   0: 3 0x800039d4 (0x010e8933) x18 0x90018cdb
core   0: 0x800039d8 (0x00010cb3) add     s9, sp, zero
core   0: 3 0x800039d8 (0x00010cb3) x25 0x80014e64
core   0: 0x800039dc (0x4e5a2513) slti    a0, s4, 1253
core   0: 3 0x800039dc (0x4e5a2513) x10 0x00000001
core   0: 0x800039e0 (0x027fd0b3) divu    ra, t6, t2
core   0: 3 0x800039e0 (0x027fd0b3) x 1 0xffffffff
core   0: 0x800039e4 (0x02f04c33) div     s8, zero, a5
core   0: 3 0x800039e4 (0x02f04c33) x24 0xffffffff
core   0: 0x800039e8 (0x404505b3) sub     a1, a0, tp
core   0: 3 0x800039e8 (0x404505b3) x11 0xfffffa92
core   0: 0x800039ec (0x01f387b3) add     a5, t2, t6
core   0: 3 0x800039ec (0x01f387b3) x15 0xbb029000
core   0: 0x800039f0 (0x01b0dbb3) srl     s7, ra, s11
core   0: 3 0x800039f0 (0x01b0dbb3) x23 0xffffffff
core   0: 0x800039f4 (0x4c0e3793) sltiu   a5, t3, 1216
core   0: 3 0x800039f4 (0x4c0e3793) x15 0x00000000
core   0: 0x800039f8 (0x03164bb3) div     s7, a2, a7
core   0: 3 0x800039f8 (0x03164bb3) x23 0xffffffff
core   0: 0x800039fc (0x01c695b3) sll     a1, a3, t3
core   0: 3 0x800039fc (0x01c695b3) x11 0x00000000
core   0: 0x80003a00 (0x0196aab3) slt     s5, a3, s9
core   0: 3 0x80003a00 (0x0196aab3) x21 0x00000000
core   0: 0x80003a04 (0x01448633) add     a2, s1, s4
core   0: 3 0x80003a04 (0x01448633) x12 0x00000001
core   0: 0x80003a08 (0x02fe25b3) mulhsu  a1, t3, a5
core   0: 3 0x80003a08 (0x02fe25b3) x11 0x00000000
core   0: 0x80003a0c (0xc5ea6013) ori     zero, s4, -930
core   0: 3 0x80003a0c (0xc5ea6013)
core   0: 0x80003a10 (0x016a2833) slt     a6, s4, s6
core   0: 3 0x80003a10 (0x016a2833) x16 0x00000000
core   0: 0x80003a14 (0x018b5c13) srli    s8, s6, 24
core   0: 3 0x80003a14 (0x018b5c13) x24 0x00000000
core   0: 0x80003a18 (0x00f28333) add     t1, t0, a5
core   0: 3 0x80003a18 (0x00f28333) x 6 0xf6416d2c
core   0: 0x80003a1c (0x00eb6a33) or      s4, s6, a4
core   0: 3 0x80003a1c (0x00eb6a33) x20 0x80018ce4
core   0: 0x80003a20 (0x020aa6b3) mulhsu  a3, s5, zero
core   0: 3 0x80003a20 (0x020aa6b3) x13 0x00000000
core   0: 0x80003a24 (0xb9782397) auipc   t2, 0xb9782
core   0: 3 0x80003a24 (0xb9782397) x 7 0x39785a24
core   0: 0x80003a28 (0x0278e3b3) rem     t2, a7, t2
core   0: 3 0x80003a28 (0x0278e3b3) x 7 0x00000000
core   0: 0x80003a2c (0x88666097) auipc   ra, 0x88666
core   0: 3 0x80003a2c (0x88666097) x 1 0x08669a2c
core   0: 0x80003a30 (0x001f79b3) and     s3, t5, ra
core   0: 3 0x80003a30 (0x001f79b3) x19 0x00000000
core   0: 0x80003a34 (0x038c03b3) mul     t2, s8, s8
core   0: 3 0x80003a34 (0x038c03b3) x 7 0x00000000
core   0: 0x80003a38 (0x7e82ab97) auipc   s7, 0x7e82a
core   0: 3 0x80003a38 (0x7e82ab97) x23 0xfe82da38
core   0: 0x80003a3c (0xcb64a413) slti    s0, s1, -842
core   0: 3 0x80003a3c (0xcb64a413) x 8 0x00000000
core   0: 0x80003a40 (0x0ec40b93) addi    s7, s0, 236
core   0: 3 0x80003a40 (0x0ec40b93) x23 0x000000ec
core   0: 0x80003a44 (0xa810b393) sltiu   t2, ra, -1407
core   0: 3 0x80003a44 (0xa810b393) x 7 0x00000001
core   0: 0x80003a48 (0x038d0933) mul     s2, s10, s8
core   0: 3 0x80003a48 (0x038d0933) x18 0x00000000
core   0: 0x80003a4c (0x03f45a33) divu    s4, s0, t6
core   0: 3 0x80003a4c (0x03f45a33) x20 0x00000000
core   0: 0x80003a50 (0x02780c33) mul     s8, a6, t2
core   0: 3 0x80003a50 (0x02780c33) x24 0x00000000
core   0: 0x80003a54 (0x03044b33) div     s6, s0, a6
core   0: 3 0x80003a54 (0x03044b33) x22 0xffffffff
core   0: 0x80003a58 (0x01b843b3) xor     t2, a6, s11
core   0: 3 0x80003a58 (0x01b843b3) x 7 0x00000000
core   0: 0x80003a5c (0x00cd29b3) slt     s3, s10, a2
core   0: 3 0x80003a5c (0x00cd29b3) x19 0x00000000
core   0: 0x80003a60 (0x022525b3) mulhsu  a1, a0, sp
core   0: 3 0x80003a60 (0x022525b3) x11 0x00000000
core   0: 0x80003a64 (0x02af7f33) remu    t5, t5, a0
core   0: 3 0x80003a64 (0x02af7f33) x30 0x00000000
core   0: 0x80003a68 (0x035a5633) divu    a2, s4, s5
core   0: 3 0x80003a68 (0x035a5633) x12 0xffffffff
core   0: 0x80003a6c (0x029e0433) mul     s0, t3, s1
core   0: 3 0x80003a6c (0x029e0433) x 8 0xffc000a7
core   0: 0x80003a70 (0x01d275b3) and     a1, tp, t4
core   0: 3 0x80003a70 (0x01d275b3) x11 0x00000568
core   0: 0x80003a74 (0x00000013) nop
core   0: 3 0x80003a74 (0x00000013)
core   0: 0x80003a78 (0x00b791b3) sll     gp, a5, a1
core   0: 3 0x80003a78 (0x00b791b3) x 3 0x00000000
core   0: 0x80003a7c (0x03e5b433) mulhu   s0, a1, t5
core   0: 3 0x80003a7c (0x03e5b433) x 8 0x00000000
core   0: 0x80003a80 (0x013abab3) sltu    s5, s5, s3
core   0: 3 0x80003a80 (0x013abab3) x21 0x00000000
core   0: 0x80003a84 (0x02158333) mul     t1, a1, ra
core   0: 3 0x80003a84 (0x02158333) x 6 0x6ab17de0
core   0: 0x80003a88 (0xa3a6ab93) slti    s7, a3, -1478
core   0: 3 0x80003a88 (0xa3a6ab93) x23 0x00000000
core   0: 0x80003a8c (0x01735333) srl     t1, t1, s7
core   0: 3 0x80003a8c (0x01735333) x 6 0x6ab17de0
core   0: 0x80003a90 (0x4bf40593) addi    a1, s0, 1215
core   0: 3 0x80003a90 (0x4bf40593) x11 0x000004bf
core   0: 0x80003a94 (0xaa64f193) andi    gp, s1, -1370
core   0: 3 0x80003a94 (0xaa64f193) x 3 0x00000000
core   0: 0x80003a98 (0x01f65333) srl     t1, a2, t6
core   0: 3 0x80003a98 (0x01f65333) x 6 0xffffffff
core   0: 0x80003a9c (0x57867413) andi    s0, a2, 1400
core   0: 3 0x80003a9c (0x57867413) x 8 0x00000578
core   0: 0x80003aa0 (0x01fd4a33) xor     s4, s10, t6
core   0: 3 0x80003aa0 (0x01fd4a33) x20 0xbb029001
core   0: 0x80003aa4 (0x96495517) auipc   a0, 0x96495
core   0: 3 0x80003aa4 (0x96495517) x10 0x16498aa4
core   0: 0x80003aa8 (0x00ddc6b3) xor     a3, s11, a3
core   0: 3 0x80003aa8 (0x00ddc6b3) x13 0x00000000
core   0: 0x80003aac (0x02e7b033) mulhu   zero, a5, a4
core   0: 3 0x80003aac (0x02e7b033)
core   0: 0x80003ab0 (0xee9b6337) lui     t1, 0xee9b6
core   0: 3 0x80003ab0 (0xee9b6337) x 6 0xee9b6000
core   0: 0x80003ab4 (0xf59b6e13) ori     t3, s6, -167
core   0: 3 0x80003ab4 (0xf59b6e13) x28 0xffffffff
core   0: 0x80003ab8 (0xe5edb813) sltiu   a6, s11, -418
core   0: 3 0x80003ab8 (0xe5edb813) x16 0x00000001
core   0: 0x80003abc (0x0078bf33) sltu    t5, a7, t2
core   0: 3 0x80003abc (0x0078bf33) x30 0x00000000
core   0: 0x80003ac0 (0x00844433) xor     s0, s0, s0
core   0: 3 0x80003ac0 (0x00844433) x 8 0x00000000
core   0: 0x80003ac4 (0x415e8333) sub     t1, t4, s5
core   0: 3 0x80003ac4 (0x415e8333) x 6 0x0ffffff8
core   0: 0x80003ac8 (0x5d836193) ori     gp, t1, 1496
core   0: 3 0x80003ac8 (0x5d836193) x 3 0x0ffffff8
core   0: 0x80003acc (0x00000013) nop
core   0: 3 0x80003acc (0x00000013)
core   0: 0x80003ad0 (0x0262c233) div     tp, t0, t1
core   0: 3 0x80003ad0 (0x0262c233) x 4 0x00000000
core   0: 0x80003ad4 (0x02c413b3) mulh    t2, s0, a2
core   0: 3 0x80003ad4 (0x02c413b3) x 7 0x00000000
core   0: 0x80003ad8 (0x00f821b3) slt     gp, a6, a5
core   0: 3 0x80003ad8 (0x00f821b3) x 3 0x00000000
core   0: 0x80003adc (0x03cae833) rem     a6, s5, t3
core   0: 3 0x80003adc (0x03cae833) x16 0x00000000
core   0: 0x80003ae0 (0x01c89933) sll     s2, a7, t3
core   0: 3 0x80003ae0 (0x01c89933) x18 0x00000000
core   0: 0x80003ae4 (0x01eff233) and     tp, t6, t5
core   0: 3 0x80003ae4 (0x01eff233) x 4 0x00000000
core   0: 0x80003ae8 (0x03ef4cb3) div     s9, t5, t5
core   0: 3 0x80003ae8 (0x03ef4cb3) x25 0xffffffff
core   0: 0x80003aec (0x020e49b3) div     s3, t3, zero
core   0: 3 0x80003aec (0x020e49b3) x19 0xffffffff
core   0: 0x80003af0 (0x01eeb933) sltu    s2, t4, t5
core   0: 3 0x80003af0 (0x01eeb933) x18 0x00000000
core   0: 0x80003af4 (0x40b0db33) sra     s6, ra, a1
core   0: 3 0x80003af4 (0x40b0db33) x22 0x00000000
core   0: 0x80003af8 (0x43f73317) auipc   t1, 0x43f73
core   0: 3 0x80003af8 (0x43f73317) x 6 0xc3f76af8
core   0: 0x80003afc (0x0261fc33) remu    s8, gp, t1
core   0: 3 0x80003afc (0x0261fc33) x24 0x00000000
core   0: 0x80003b00 (0x0058feb3) and     t4, a7, t0
core   0: 3 0x80003b00 (0x0058feb3) x29 0x00000000
core   0: 0x80003b04 (0x02b2f833) remu    a6, t0, a1
core   0: 3 0x80003b04 (0x02b2f833) x16 0x00000239
core   0: 0x80003b08 (0x031fb5b3) mulhu   a1, t6, a7
core   0: 3 0x80003b08 (0x031fb5b3) x11 0x00000000
core   0: 0x80003b0c (0x45d39ab7) lui     s5, 0x45d39
core   0: 3 0x80003b0c (0x45d39ab7) x21 0x45d39000
core   0: 0x80003b10 (0x4e907097) auipc   ra, 0x4e907
core   0: 3 0x80003b10 (0x4e907097) x 1 0xce90ab10
core   0: 0x80003b14 (0x32727337) lui     t1, 0x32727
core   0: 3 0x80003b14 (0x32727337) x 6 0x32727000
core   0: 0x80003b18 (0x00000013) nop
core   0: 3 0x80003b18 (0x00000013)
core   0: 0x80003b1c (0x0222a233) mulhsu  tp, t0, sp
core   0: 3 0x80003b1c (0x0222a233) x 4 0xfb20a9db
core   0: 0x80003b20 (0x0022e833) or      a6, t0, sp
core   0: 3 0x80003b20 (0x0022e833) x16 0xf6416f6c
core   0: 0x80003b24 (0xc81c8c97) auipc   s9, 0xc81c8
core   0: 3 0x80003b24 (0xc81c8c97) x25 0x481cbb24
core   0: 0x80003b28 (0x01773233) sltu    tp, a4, s7
core   0: 3 0x80003b28 (0x01773233) x 4 0x00000000
core   0: 0x80003b2c (0x13f1e813) ori     a6, gp, 319
core   0: 3 0x80003b2c (0x13f1e813) x16 0x0000013f
core   0: 0x80003b30 (0x01d47ab3) and     s5, s0, t4
core   0: 3 0x80003b30 (0x01d47ab3) x21 0x00000000
core   0: 0x80003b34 (0x016c6ab3) or      s5, s8, s6
core   0: 3 0x80003b34 (0x016c6ab3) x21 0x00000000
core   0: 0x80003b38 (0xd1ddef13) ori     t5, s11, -739
core   0: 3 0x80003b38 (0xd1ddef13) x30 0xfffffd1d
core   0: 0x80003b3c (0x0135ca33) xor     s4, a1, s3
core   0: 3 0x80003b3c (0x0135ca33) x20 0xffffffff
core   0: 0x80003b40 (0x009374b3) and     s1, t1, s1
core   0: 3 0x80003b40 (0x009374b3) x 9 0x00000000
core   0: 0x80003b44 (0x01a406b3) add     a3, s0, s10
core   0: 3 0x80003b44 (0x01a406b3) x13 0x00000001
core   0: 0x80003b48 (0x004b1fb3) sll     t6, s6, tp
core   0: 3 0x80003b48 (0x004b1fb3) x31 0x00000000
core   0: 0x80003b4c (0x00e63f33) sltu    t5, a2, a4
core   0: 3 0x80003b4c (0x00e63f33) x30 0x00000000
core   0: 0x80003b50 (0x400fda33) sra     s4, t6, zero
core   0: 3 0x80003b50 (0x400fda33) x20 0x00000000
core   0: 0x80003b54 (0x2e833c97) auipc   s9, 0x2e833
core   0: 3 0x80003b54 (0x2e833c97) x25 0xae836b54
core   0: 0x80003b58 (0x41fd0033) sub     zero, s10, t6
core   0: 3 0x80003b58 (0x41fd0033)
core   0: 0x80003b5c (0xb7564093) xori    ra, a2, -1163
core   0: 3 0x80003b5c (0xb7564093) x 1 0x0000048a
core   0: 0x80003b60 (0xc4723597) auipc   a1, 0xc4723
core   0: 3 0x80003b60 (0xc4723597) x11 0x44726b60
core   0: 0x80003b64 (0x018d3a33) sltu    s4, s10, s8
core   0: 3 0x80003b64 (0x018d3a33) x20 0x00000000
core   0: 0x80003b68 (0x40705fb3) sra     t6, zero, t2
core   0: 3 0x80003b68 (0x40705fb3) x31 0x00000000
core   0: 0x80003b6c (0xf1257693) andi    a3, a0, -238
core   0: 3 0x80003b6c (0xf1257693) x13 0x16498a00
core   0: 0x80003b70 (0x410cdf93) srai    t6, s9, 16
core   0: 3 0x80003b70 (0x410cdf93) x31 0xffffae83
core   0: 0x80003b74 (0x01b3afb3) slt     t6, t2, s11
core   0: 3 0x80003b74 (0x01b3afb3) x31 0x00000000
core   0: 0x80003b78 (0x349a8e93) addi    t4, s5, 841
core   0: 3 0x80003b78 (0x349a8e93) x29 0x00000349
core   0: 0x80003b7c (0x02e991b3) mulh    gp, s3, a4
core   0: 3 0x80003b7c (0x02e991b3) x 3 0x00000000
core   0: 0x80003b80 (0x40e8d413) srai    s0, a7, 14
core   0: 3 0x80003b80 (0x40e8d413) x 8 0x00000000
core   0: 0x80003b84 (0xa0242193) slti    gp, s0, -1534
core   0: 3 0x80003b84 (0xa0242193) x 3 0x00000000
core   0: 0x80003b88 (0x417c0a33) sub     s4, s8, s7
core   0: 3 0x80003b88 (0x417c0a33) x20 0x00000000
core   0: 0x80003b8c (0x031e4533) div     a0, t3, a7
core   0: 3 0x80003b8c (0x031e4533) x10 0xffffffff
core   0: 0x80003b90 (0x40eadc93) srai    s9, s5, 14
core   0: 3 0x80003b90 (0x40eadc93) x25 0x00000000
core   0: 0x80003b94 (0x03d1b0b3) mulhu   ra, gp, t4
core   0: 3 0x80003b94 (0x03d1b0b3) x 1 0x00000000
core   0: 0x80003b98 (0x03f69933) mulh    s2, a3, t6
core   0: 3 0x80003b98 (0x03f69933) x18 0x00000000
core   0: 0x80003b9c (0x4127df13) srai    t5, a5, 18
core   0: 3 0x80003b9c (0x4127df13) x30 0x00000000
core   0: 0x80003ba0 (0x01734933) xor     s2, t1, s7
core   0: 3 0x80003ba0 (0x01734933) x18 0x32727000
core   0: 0x80003ba4 (0x01b9dd33) srl     s10, s3, s11
core   0: 3 0x80003ba4 (0x01b9dd33) x26 0xffffffff
core   0: 0x80003ba8 (0x02ba7f33) remu    t5, s4, a1
core   0: 3 0x80003ba8 (0x02ba7f33) x30 0x00000000
core   0: 0x80003bac (0x03a61b33) mulh    s6, a2, s10
core   0: 3 0x80003bac (0x03a61b33) x22 0x00000000
core   0: 0x80003bb0 (0x4c3c3093) sltiu   ra, s8, 1219
core   0: 3 0x80003bb0 (0x4c3c3093) x 1 0x00000001
core   0: 0x80003bb4 (0x000e1493) slli    s1, t3, 0
core   0: 3 0x80003bb4 (0x000e1493) x 9 0xffffffff
core   0: 0x80003bb8 (0x57acbb13) sltiu   s6, s9, 1402
core   0: 3 0x80003bb8 (0x57acbb13) x22 0x00000001
core   0: 0x80003bbc (0xefcc4913) xori    s2, s8, -260
core   0: 3 0x80003bbc (0xefcc4913) x18 0xfffffefc
core   0: 0x80003bc0 (0x006149b3) xor     s3, sp, t1
core   0: 3 0x80003bc0 (0x006149b3) x19 0xb2733e64
core   0: 0x80003bc4 (0x8516b413) sltiu   s0, a3, -1967
core   0: 3 0x80003bc4 (0x8516b413) x 8 0x00000001
core   0: 0x80003bc8 (0x413cdeb3) sra     t4, s9, s3
core   0: 3 0x80003bc8 (0x413cdeb3) x29 0x00000000
core   0: 0x80003bcc (0x00f46033) or      zero, s0, a5
core   0: 3 0x80003bcc (0x00f46033)
core   0: 0x80003bd0 (0xe6467037) lui     zero, 0xe6467
core   0: 3 0x80003bd0 (0xe6467037)
core   0: 0x80003bd4 (0x002ca233) slt     tp, s9, sp
core   0: 3 0x80003bd4 (0x002ca233) x 4 0x00000000
core   0: 0x80003bd8 (0x40cf81b3) sub     gp, t6, a2
core   0: 3 0x80003bd8 (0x40cf81b3) x 3 0x00000001
core   0: 0x80003bdc (0x426cf9b7) lui     s3, 0x426cf
core   0: 3 0x80003bdc (0x426cf9b7) x19 0x426cf000
core   0: 0x80003be0 (0xa987b813) sltiu   a6, a5, -1384
core   0: 3 0x80003be0 (0xa987b813) x16 0x00000001
core   0: 0x80003be4 (0x00b1ac33) slt     s8, gp, a1
core   0: 3 0x80003be4 (0x00b1ac33) x24 0x00000001
core   0: 0x80003be8 (0x02389fb3) mulh    t6, a7, gp
core   0: 3 0x80003be8 (0x02389fb3) x31 0x00000000
core   0: 0x80003bec (0xf5f10c13) addi    s8, sp, -161
core   0: 3 0x80003bec (0xf5f10c13) x24 0x80014dc3
core   0: 0x80003bf0 (0x024ece33) div     t3, t4, tp
core   0: 3 0x80003bf0 (0x024ece33) x28 0xffffffff
core   0: 0x80003bf4 (0x896d8037) lui     zero, 0x896d8
core   0: 3 0x80003bf4 (0x896d8037)
core   0: 0x80003bf8 (0x8f9bab93) slti    s7, s7, -1799
core   0: 3 0x80003bf8 (0x8f9bab93) x23 0x00000000
core   0: 0x80003bfc (0x0105bd33) sltu    s10, a1, a6
core   0: 3 0x80003bfc (0x0105bd33) x26 0x00000000
core   0: 0x80003c00 (0x412b8333) sub     t1, s7, s2
core   0: 3 0x80003c00 (0x412b8333) x 6 0x00000104
core   0: 0x80003c04 (0x00a80033) add     zero, a6, a0
core   0: 3 0x80003c04 (0x00a80033)
core   0: 0x80003c08 (0xbc61fd13) andi    s10, gp, -1082
core   0: 3 0x80003c08 (0xbc61fd13) x26 0x00000000
core   0: 0x80003c0c (0x01f0b433) sltu    s0, ra, t6
core   0: 3 0x80003c0c (0x01f0b433) x 8 0x00000000
core   0: 0x80003c10 (0x02fe2833) mulhsu  a6, t3, a5
core   0: 3 0x80003c10 (0x02fe2833) x16 0x00000000
core   0: 0x80003c14 (0x023b9833) mulh    a6, s7, gp
core   0: 3 0x80003c14 (0x023b9833) x16 0x00000000
core   0: 0x80003c18 (0x030208b3) mul     a7, tp, a6
core   0: 3 0x80003c18 (0x030208b3) x17 0x00000000
core   0: 0x80003c1c (0x40b15013) srai    zero, sp, 11
core   0: 3 0x80003c1c (0x40b15013)
core   0: 0x80003c20 (0x00000013) nop
core   0: 3 0x80003c20 (0x00000013)
core   0: 0x80003c24 (0x033ca933) mulhsu  s2, s9, s3
core   0: 3 0x80003c24 (0x033ca933) x18 0x00000000
core   0: 0x80003c28 (0x03fb88b3) mul     a7, s7, t6
core   0: 3 0x80003c28 (0x03fb88b3) x17 0x00000000
core   0: 0x80003c2c (0x404680b3) sub     ra, a3, tp
core   0: 3 0x80003c2c (0x404680b3) x 1 0x16498a00
core   0: 0x80003c30 (0xcc972093) slti    ra, a4, -823
core   0: 3 0x80003c30 (0xcc972093) x 1 0x00000001
core   0: 0x80003c34 (0x469c7193) andi    gp, s8, 1129
core   0: 3 0x80003c34 (0x469c7193) x 3 0x00000441
core   0: 0x80003c38 (0x0104f3b3) and     t2, s1, a6
core   0: 3 0x80003c38 (0x0104f3b3) x 7 0x00000000
core   0: 0x80003c3c (0x028684b3) mul     s1, a3, s0
core   0: 3 0x80003c3c (0x028684b3) x 9 0x00000000
core   0: 0x80003c40 (0xb8ce4213) xori    tp, t3, -1140
core   0: 3 0x80003c40 (0xb8ce4213) x 4 0x00000473
core   0: 0x80003c44 (0x01059933) sll     s2, a1, a6
core   0: 3 0x80003c44 (0x01059933) x18 0x44726b60
core   0: 0x80003c48 (0x01bfc533) xor     a0, t6, s11
core   0: 3 0x80003c48 (0x01bfc533) x10 0x00000000
core   0: 0x80003c4c (0x017b0e33) add     t3, s6, s7
core   0: 3 0x80003c4c (0x017b0e33) x28 0x00000001
core   0: 0x80003c50 (0x02ea7a33) remu    s4, s4, a4
core   0: 3 0x80003c50 (0x02ea7a33) x20 0x00000000
core   0: 0x80003c54 (0x03d48db3) mul     s11, s1, t4
core   0: 3 0x80003c54 (0x03d48db3) x27 0x00000000
core   0: 0x80003c58 (0x31bf3993) sltiu   s3, t5, 795
core   0: 3 0x80003c58 (0x31bf3993) x19 0x00000001
core   0: 0x80003c5c (0x6f470b93) addi    s7, a4, 1780
core   0: 3 0x80003c5c (0x6f470b93) x23 0x800193d8
core   0: 0x80003c60 (0x01c07433) and     s0, zero, t3
core   0: 3 0x80003c60 (0x01c07433) x 8 0x00000000
core   0: 0x80003c64 (0x039885b3) mul     a1, a7, s9
core   0: 3 0x80003c64 (0x039885b3) x11 0x00000000
core   0: 0x80003c68 (0x01295033) srl     zero, s2, s2
core   0: 3 0x80003c68 (0x01295033)
core   0: 0x80003c6c (0x40550db3) sub     s11, a0, t0
core   0: 3 0x80003c6c (0x40550db3) x27 0x09be92d4
core   0: 0x80003c70 (0x01aac3b3) xor     t2, s5, s10
core   0: 3 0x80003c70 (0x01aac3b3) x 7 0x00000000
core   0: 0x80003c74 (0x027863b3) rem     t2, a6, t2
core   0: 3 0x80003c74 (0x027863b3) x 7 0x00000000
core   0: 0x80003c78 (0x00b23eb3) sltu    t4, tp, a1
core   0: 3 0x80003c78 (0x00b23eb3) x29 0x00000000
core   0: 0x80003c7c (0x00f6bab3) sltu    s5, a3, a5
core   0: 3 0x80003c7c (0x00f6bab3) x21 0x00000000
core   0: 0x80003c80 (0x008e94b3) sll     s1, t4, s0
core   0: 3 0x80003c80 (0x008e94b3) x 9 0x00000000
core   0: 0x80003c84 (0x2120c313) xori    t1, ra, 530
core   0: 3 0x80003c84 (0x2120c313) x 6 0x00000213
core   0: 0x80003c88 (0x019d7cb3) and     s9, s10, s9
core   0: 3 0x80003c88 (0x019d7cb3) x25 0x00000000
core   0: 0x80003c8c (0x01dd1793) slli    a5, s10, 29
core   0: 3 0x80003c8c (0x01dd1793) x15 0x00000000
core   0: 0x80003c90 (0x020d17b3) mulh    a5, s10, zero
core   0: 3 0x80003c90 (0x020d17b3) x15 0x00000000
core   0: 0x80003c94 (0x3d91b913) sltiu   s2, gp, 985
core   0: 3 0x80003c94 (0x3d91b913) x18 0x00000000
core   0: 0x80003c98 (0x003ad313) srli    t1, s5, 3
core   0: 3 0x80003c98 (0x003ad313) x 6 0x00000000
core   0: 0x80003c9c (0x4063d433) sra     s0, t2, t1
core   0: 3 0x80003c9c (0x4063d433) x 8 0x00000000
core   0: 0x80003ca0 (0x54fe6513) ori     a0, t3, 1359
core   0: 3 0x80003ca0 (0x54fe6513) x10 0x0000054f
core   0: 0x80003ca4 (0xe075e693) ori     a3, a1, -505
core   0: 3 0x80003ca4 (0xe075e693) x13 0xfffffe07
core   0: 0x80003ca8 (0x00952e33) slt     t3, a0, s1
core   0: 3 0x80003ca8 (0x00952e33) x28 0x00000000
core   0: 0x80003cac (0x8bfa2513) slti    a0, s4, -1857
core   0: 3 0x80003cac (0x8bfa2513) x10 0x00000000
core   0: 0x80003cb0 (0x00000013) nop
core   0: 3 0x80003cb0 (0x00000013)
core   0: 0x80003cb4 (0x002ddf93) srli    t6, s11, 2
core   0: 3 0x80003cb4 (0x002ddf93) x31 0x026fa4b5
core   0: 0x80003cb8 (0x02a829b3) mulhsu  s3, a6, a0
core   0: 3 0x80003cb8 (0x02a829b3) x19 0x00000000
core   0: 0x80003cbc (0x02f18bb3) mul     s7, gp, a5
core   0: 3 0x80003cbc (0x02f18bb3) x23 0x00000000
core   0: 0x80003cc0 (0x40d3d633) sra     a2, t2, a3
core   0: 3 0x80003cc0 (0x40d3d633) x12 0x00000000
core   0: 0x80003cc4 (0x02fac0b3) div     ra, s5, a5
core   0: 3 0x80003cc4 (0x02fac0b3) x 1 0xffffffff
core   0: 0x80003cc8 (0x014f6433) or      s0, t5, s4
core   0: 3 0x80003cc8 (0x014f6433) x 8 0x00000000
core   0: 0x80003ccc (0x011876b3) and     a3, a6, a7
core   0: 3 0x80003ccc (0x011876b3) x13 0x00000000
core   0: 0x80003cd0 (0xdc8c3813) sltiu   a6, s8, -568
core   0: 3 0x80003cd0 (0xdc8c3813) x16 0x00000001
core   0: 0x80003cd4 (0x4418a317) auipc   t1, 0x4418a
core   0: 3 0x80003cd4 (0x4418a317) x 6 0xc418dcd4
core   0: 0x80003cd8 (0x03dc0db3) mul     s11, s8, t4
core   0: 3 0x80003cd8 (0x03dc0db3) x27 0x00000000
core   0: 0x80003cdc (0x01aa53b3) srl     t2, s4, s10
core   0: 3 0x80003cdc (0x01aa53b3) x 7 0x00000000
core   0: 0x80003ce0 (0x03796533) rem     a0, s2, s7
core   0: 3 0x80003ce0 (0x03796533) x10 0x00000000
core   0: 0x80003ce4 (0x03b83433) mulhu   s0, a6, s11
core   0: 3 0x80003ce4 (0x03b83433) x 8 0x00000000
core   0: 0x80003ce8 (0x00000013) nop
core   0: 3 0x80003ce8 (0x00000013)
core   0: 0x80003cec (0x00ad1f33) sll     t5, s10, a0
core   0: 3 0x80003cec (0x00ad1f33) x30 0x00000000
core   0: 0x80003cf0 (0x038fddb3) divu    s11, t6, s8
core   0: 3 0x80003cf0 (0x038fddb3) x27 0x00000000
core   0: 0x80003cf4 (0x277fc993) xori    s3, t6, 631
core   0: 3 0x80003cf4 (0x277fc993) x19 0x026fa6c2
core   0: 0x80003cf8 (0xd8b67f93) andi    t6, a2, -629
core   0: 3 0x80003cf8 (0xd8b67f93) x31 0x00000000
core   0: 0x80003cfc (0x025d35b3) mulhu   a1, s10, t0
core   0: 3 0x80003cfc (0x025d35b3) x11 0x00000000
core   0: 0x80003d00 (0x9c05fb37) lui     s6, 0x9c05f
core   0: 3 0x80003d00 (0x9c05fb37) x22 0x9c05f000
core   0: 0x80003d04 (0x0141da93) srli    s5, gp, 20
core   0: 3 0x80003d04 (0x0141da93) x21 0x00000000
core   0: 0x80003d08 (0x6a642413) slti    s0, s0, 1702
core   0: 3 0x80003d08 (0x6a642413) x 8 0x00000001
core   0: 0x80003d0c (0x1f483493) sltiu   s1, a6, 500
core   0: 3 0x80003d0c (0x1f483493) x 9 0x00000001
core   0: 0x80003d10 (0x407cdcb3) sra     s9, s9, t2
core   0: 3 0x80003d10 (0x407cdcb3) x25 0x00000000
core   0: 0x80003d14 (0x53557bb7) lui     s7, 0x53557
core   0: 3 0x80003d14 (0x53557bb7) x23 0x53557000
core   0: 0x80003d18 (0x03a54bb3) div     s7, a0, s10
core   0: 3 0x80003d18 (0x03a54bb3) x23 0xffffffff
core   0: 0x80003d1c (0x17e9a213) slti    tp, s3, 382
core   0: 3 0x80003d1c (0x17e9a213) x 4 0x00000000
core   0: 0x80003d20 (0x00961093) slli    ra, a2, 9
core   0: 3 0x80003d20 (0x00961093) x 1 0x00000000
core   0: 0x80003d24 (0x000f50b3) srl     ra, t5, zero
core   0: 3 0x80003d24 (0x000f50b3) x 1 0x00000000
core   0: 0x80003d28 (0x0363a4b3) mulhsu  s1, t2, s6
core   0: 3 0x80003d28 (0x0363a4b3) x 9 0x00000000
core   0: 0x80003d2c (0x60b70613) addi    a2, a4, 1547
core   0: 3 0x80003d2c (0x60b70613) x12 0x800192ef
core   0: 0x80003d30 (0x028130b3) mulhu   ra, sp, s0
core   0: 3 0x80003d30 (0x028130b3) x 1 0x00000000
core   0: 0x80003d34 (0x00b850b3) srl     ra, a6, a1
core   0: 3 0x80003d34 (0x00b850b3) x 1 0x00000001
core   0: 0x80003d38 (0x01b22bb3) slt     s7, tp, s11
core   0: 3 0x80003d38 (0x01b22bb3) x23 0x00000000
core   0: 0x80003d3c (0x011a0ab3) add     s5, s4, a7
core   0: 3 0x80003d3c (0x011a0ab3) x21 0x00000000
core   0: 0x80003d40 (0xa680ff17) auipc   t5, 0xa680f
core   0: 3 0x80003d40 (0xa680ff17) x30 0x26812d40
core   0: 0x80003d44 (0x02f063b3) rem     t2, zero, a5
core   0: 3 0x80003d44 (0x02f063b3) x 7 0x00000000
core   0: 0x80003d48 (0x03eafab3) remu    s5, s5, t5
core   0: 3 0x80003d48 (0x03eafab3) x21 0x00000000
core   0: 0x80003d4c (0xab9b4c13) xori    s8, s6, -1351
core   0: 3 0x80003d4c (0xab9b4c13) x24 0x63fa0ab9
core   0: 0x80003d50 (0x02e73933) mulhu   s2, a4, a4
core   0: 3 0x80003d50 (0x02e73933) x18 0x40018ce6
core   0: 0x80003d54 (0x010058b3) srl     a7, zero, a6
core   0: 3 0x80003d54 (0x010058b3) x17 0x00000000
core   0: 0x80003d58 (0x02f293b3) mulh    t2, t0, a5
core   0: 3 0x80003d58 (0x02f293b3) x 7 0x00000000
core   0: 0x80003d5c (0x023d3fb3) mulhu   t6, s10, gp
core   0: 3 0x80003d5c (0x023d3fb3) x31 0x00000000
core   0: 0x80003d60 (0xce4d4193) xori    gp, s10, -796
core   0: 3 0x80003d60 (0xce4d4193) x 3 0xfffffce4
core   0: 0x80003d64 (0x005eddb3) srl     s11, t4, t0
core   0: 3 0x80003d64 (0x005eddb3) x27 0x00000000
core   0: 0x80003d68 (0x01e2f533) and     a0, t0, t5
core   0: 3 0x80003d68 (0x01e2f533) x10 0x26012d00
core   0: 0x80003d6c (0x00966033) or      zero, a2, s1
core   0: 3 0x80003d6c (0x00966033)
core   0: 0x80003d70 (0x971ab693) sltiu   a3, s5, -1679
core   0: 3 0x80003d70 (0x971ab693) x13 0x00000001
core   0: 0x80003d74 (0x7deb8a93) addi    s5, s7, 2014
core   0: 3 0x80003d74 (0x7deb8a93) x21 0x000007de
core   0: 0x80003d78 (0x021574b3) remu    s1, a0, ra
core   0: 3 0x80003d78 (0x021574b3) x 9 0x00000000
core   0: 0x80003d7c (0x01b767b3) or      a5, a4, s11
core   0: 3 0x80003d7c (0x01b767b3) x15 0x80018ce4
core   0: 0x80003d80 (0x5948f513) andi    a0, a7, 1428
core   0: 3 0x80003d80 (0x5948f513) x10 0x00000000
core   0: 0x80003d84 (0x024d9d33) mulh    s10, s11, tp
core   0: 3 0x80003d84 (0x024d9d33) x26 0x00000000
core   0: 0x80003d88 (0x01fb7b33) and     s6, s6, t6
core   0: 3 0x80003d88 (0x01fb7b33) x22 0x00000000
core   0: 0x80003d8c (0x0051d6b3) srl     a3, gp, t0
core   0: 3 0x80003d8c (0x0051d6b3) x13 0x000fffff
core   0: 0x80003d90 (0x029ca633) mulhsu  a2, s9, s1
core   0: 3 0x80003d90 (0x029ca633) x12 0x00000000
core   0: 0x80003d94 (0x01bd17b3) sll     a5, s10, s11
core   0: 3 0x80003d94 (0x01bd17b3) x15 0x00000000
core   0: 0x80003d98 (0x024c51b3) divu    gp, s8, tp
core   0: 3 0x80003d98 (0x024c51b3) x 3 0xffffffff
core   0: 0x80003d9c (0x5efdc093) xori    ra, s11, 1519
core   0: 3 0x80003d9c (0x5efdc093) x 1 0x000005ef
core   0: 0x80003da0 (0x00000013) nop
core   0: 3 0x80003da0 (0x00000013)
core   0: 0x80003da4 (0x03d98ab3) mul     s5, s3, t4
core   0: 3 0x80003da4 (0x03d98ab3) x21 0x00000000
core   0: 0x80003da8 (0x01903533) snez    a0, s9
core   0: 3 0x80003da8 (0x01903533) x10 0x00000000
core   0: 0x80003dac (0x00219e33) sll     t3, gp, sp
core   0: 3 0x80003dac (0x00219e33) x28 0xfffffff0
core   0: 0x80003db0 (0x01641fb3) sll     t6, s0, s6
core   0: 3 0x80003db0 (0x01641fb3) x31 0x00000001
core   0: 0x80003db4 (0x006cfc33) and     s8, s9, t1
core   0: 3 0x80003db4 (0x006cfc33) x24 0x00000000
core   0: 0x80003db8 (0x01abcbb3) xor     s7, s7, s10
core   0: 3 0x80003db8 (0x01abcbb3) x23 0x00000000
core   0: 0x80003dbc (0x4060d8b3) sra     a7, ra, t1
core   0: 3 0x80003dbc (0x4060d8b3) x17 0x00000000
core   0: 0x80003dc0 (0xad1df513) andi    a0, s11, -1327
core   0: 3 0x80003dc0 (0xad1df513) x10 0x00000000
core   0: 0x80003dc4 (0xdf02a993) slti    s3, t0, -528
core   0: 3 0x80003dc4 (0xdf02a993) x19 0x00000001
core   0: 0x80003dc8 (0x885aaeb7) lui     t4, 0x885aa
core   0: 3 0x80003dc8 (0x885aaeb7) x29 0x885aa000
core   0: 0x80003dcc (0x032c4533) div     a0, s8, s2
core   0: 3 0x80003dcc (0x032c4533) x10 0x00000000
core   0: 0x80003dd0 (0x01061013) slli    zero, a2, 16
core   0: 3 0x80003dd0 (0x01061013)
core   0: 0x80003dd4 (0x017b5b93) srli    s7, s6, 23
core   0: 3 0x80003dd4 (0x017b5b93) x23 0x00000000
core   0: 0x80003dd8 (0x000cb1b3) sltu    gp, s9, zero
core   0: 3 0x80003dd8 (0x000cb1b3) x 3 0x00000000
core   0: 0x80003ddc (0x030d70b3) remu    ra, s10, a6
core   0: 3 0x80003ddc (0x030d70b3) x 1 0x00000000
core   0: 0x80003de0 (0x00ab4933) xor     s2, s6, a0
core   0: 3 0x80003de0 (0x00ab4933) x18 0x00000000
core   0: 0x80003de4 (0x037e4333) div     t1, t3, s7
core   0: 3 0x80003de4 (0x037e4333) x 6 0xffffffff
core   0: 0x80003de8 (0x001090b3) sll     ra, ra, ra
core   0: 3 0x80003de8 (0x001090b3) x 1 0x00000000
core   0: 0x80003dec (0x1577e793) ori     a5, a5, 343
core   0: 3 0x80003dec (0x1577e793) x15 0x00000157
core   0: 0x80003df0 (0x01b48533) add     a0, s1, s11
core   0: 3 0x80003df0 (0x01b48533) x10 0x00000000
core   0: 0x80003df4 (0xb0f55e97) auipc   t4, 0xb0f55
core   0: 3 0x80003df4 (0xb0f55e97) x29 0x30f58df4
core   0: 0x80003df8 (0x566ac213) xori    tp, s5, 1382
core   0: 3 0x80003df8 (0x566ac213) x 4 0x00000566
core   0: 0x80003dfc (0x01575fb3) srl     t6, a4, s5
core   0: 3 0x80003dfc (0x01575fb3) x31 0x80018ce4
core   0: 0x80003e00 (0x7efeb393) sltiu   t2, t4, 2031
core   0: 3 0x80003e00 (0x7efeb393) x 7 0x00000000
core   0: 0x80003e04 (0x41d18e33) sub     t3, gp, t4
core   0: 3 0x80003e04 (0x41d18e33) x28 0xcf0a720c
core   0: 0x80003e08 (0x40525413) srai    s0, tp, 5
core   0: 3 0x80003e08 (0x40525413) x 8 0x0000002b
core   0: 0x80003e0c (0x893d0d13) addi    s10, s10, -1901
core   0: 3 0x80003e0c (0x893d0d13) x26 0xfffff893
core   0: 0x80003e10 (0x0160d793) srli    a5, ra, 22
core   0: 3 0x80003e10 (0x0160d793) x15 0x00000000
core   0: 0x80003e14 (0x39d3fa93) andi    s5, t2, 925
core   0: 3 0x80003e14 (0x39d3fa93) x21 0x00000000
core   0: 0x80003e18 (0x02bc3633) mulhu   a2, s8, a1
core   0: 3 0x80003e18 (0x02bc3633) x12 0x00000000
core   0: 0x80003e1c (0x52ea2193) slti    gp, s4, 1326
core   0: 3 0x80003e1c (0x52ea2193) x 3 0x00000001
core   0: 0x80003e20 (0x018a07b3) add     a5, s4, s8
core   0: 3 0x80003e20 (0x018a07b3) x15 0x00000000
core   0: 0x80003e24 (0x033a7833) remu    a6, s4, s3
core   0: 3 0x80003e24 (0x033a7833) x16 0x00000000
core   0: 0x80003e28 (0x006325b3) slt     a1, t1, t1
core   0: 3 0x80003e28 (0x006325b3) x11 0x00000000
core   0: 0x80003e2c (0x00e2d513) srli    a0, t0, 14
core   0: 3 0x80003e2c (0x00e2d513) x10 0x0003d905
core   0: 0x80003e30 (0x14d4ec93) ori     s9, s1, 333
core   0: 3 0x80003e30 (0x14d4ec93) x25 0x0000014d
core   0: 0x80003e34 (0x022d90b3) mulh    ra, s11, sp
core   0: 3 0x80003e34 (0x022d90b3) x 1 0x00000000
core   0: 0x80003e38 (0x00d4ea33) or      s4, s1, a3
core   0: 3 0x80003e38 (0x00d4ea33) x20 0x000fffff
core   0: 0x80003e3c (0x01d828b3) slt     a7, a6, t4
core   0: 3 0x80003e3c (0x01d828b3) x17 0x00000001
core   0: 0x80003e40 (0xcc6dba93) sltiu   s5, s11, -826
core   0: 3 0x80003e40 (0xcc6dba93) x21 0x00000001
core   0: 0x80003e44 (0x400355b3) sra     a1, t1, zero
core   0: 3 0x80003e44 (0x400355b3) x11 0xffffffff
core   0: 0x80003e48 (0xdb55bb93) sltiu   s7, a1, -587
core   0: 3 0x80003e48 (0xdb55bb93) x23 0x00000000
core   0: 0x80003e4c (0x01dc1613) slli    a2, s8, 29
core   0: 3 0x80003e4c (0x01dc1613) x12 0x00000000
core   0: 0x80003e50 (0x01c82833) slt     a6, a6, t3
core   0: 3 0x80003e50 (0x01c82833) x16 0x00000000
core   0: 0x80003e54 (0x40e85033) sra     zero, a6, a4
core   0: 3 0x80003e54 (0x40e85033)
core   0: 0x80003e58 (0x022c40b3) div     ra, s8, sp
core   0: 3 0x80003e58 (0x022c40b3) x 1 0x00000000
core   0: 0x80003e5c (0x02724033) div     zero, tp, t2
core   0: 3 0x80003e5c (0x02724033)
core   0: 0x80003e60 (0x0111cc33) xor     s8, gp, a7
core   0: 3 0x80003e60 (0x0111cc33) x24 0x00000000
core   0: 0x80003e64 (0x03a170b3) remu    ra, sp, s10
core   0: 3 0x80003e64 (0x03a170b3) x 1 0x80014e64
core   0: 0x80003e68 (0x0390c033) div     zero, ra, s9
core   0: 3 0x80003e68 (0x0390c033)
core   0: 0x80003e6c (0xdf38a437) lui     s0, 0xdf38a
core   0: 3 0x80003e6c (0xdf38a437) x 8 0xdf38a000
core   0: 0x80003e70 (0x007e2b33) slt     s6, t3, t2
core   0: 3 0x80003e70 (0x007e2b33) x22 0x00000001
core   0: 0x80003e74 (0x0352b833) mulhu   a6, t0, s5
core   0: 3 0x80003e74 (0x0352b833) x16 0x00000000
core   0: 0x80003e78 (0x9d5e7e13) andi    t3, t3, -1579
core   0: 3 0x80003e78 (0x9d5e7e13) x28 0xcf0a7004
core   0: 0x80003e7c (0x4a688793) addi    a5, a7, 1190
core   0: 3 0x80003e7c (0x4a688793) x15 0x000004a7
core   0: 0x80003e80 (0x022687b3) mul     a5, a3, sp
core   0: 3 0x80003e80 (0x022687b3) x15 0x663eb19c
core   0: 0x80003e84 (0xa577e8b7) lui     a7, 0xa577e
core   0: 3 0x80003e84 (0xa577e8b7) x17 0xa577e000
core   0: 0x80003e88 (0x41b55e13) srai    t3, a0, 27
core   0: 3 0x80003e88 (0x41b55e13) x28 0x00000000
core   0: 0x80003e8c (0x03dfed33) rem     s10, t6, t4
core   0: 3 0x80003e8c (0x03dfed33) x26 0xe1eca8cc
core   0: 0x80003e90 (0x009e1433) sll     s0, t3, s1
core   0: 3 0x80003e90 (0x009e1433) x 8 0x00000000
core   0: 0x80003e94 (0x02600b33) mul     s6, zero, t1
core   0: 3 0x80003e94 (0x02600b33) x22 0x00000000
core   0: 0x80003e98 (0xd0353813) sltiu   a6, a0, -765
core   0: 3 0x80003e98 (0xd0353813) x16 0x00000001
core   0: 0x80003e9c (0x00000013) nop
core   0: 3 0x80003e9c (0x00000013)
core   0: 0x80003ea0 (0x63b78813) addi    a6, a5, 1595
core   0: 3 0x80003ea0 (0x63b78813) x16 0x663eb7d7
core   0: 0x80003ea4 (0x01d5de13) srli    t3, a1, 29
core   0: 3 0x80003ea4 (0x01d5de13) x28 0x00000007
core   0: 0x80003ea8 (0x01a8f1b3) and     gp, a7, s10
core   0: 3 0x80003ea8 (0x01a8f1b3) x 3 0xa164a000
core   0: 0x80003eac (0x00000013) nop
core   0: 3 0x80003eac (0x00000013)
core   0: 0x80003eb0 (0x032c4e33) div     t3, s8, s2
core   0: 3 0x80003eb0 (0x032c4e33) x28 0xffffffff
core   0: 0x80003eb4 (0x53b42893) slti    a7, s0, 1339
core   0: 3 0x80003eb4 (0x53b42893) x17 0x00000001
core   0: 0x80003eb8 (0x66570f93) addi    t6, a4, 1637
core   0: 3 0x80003eb8 (0x66570f93) x31 0x80019349
core   0: 0x80003ebc (0x408d5cb3) sra     s9, s10, s0
core   0: 3 0x80003ebc (0x408d5cb3) x25 0xe1eca8cc
core   0: 0x80003ec0 (0x00c73933) sltu    s2, a4, a2
core   0: 3 0x80003ec0 (0x00c73933) x18 0x00000000
core   0: 0x80003ec4 (0x01ceda13) srli    s4, t4, 28
core   0: 3 0x80003ec4 (0x01ceda13) x20 0x00000003
core   0: 0x80003ec8 (0x03753bb3) mulhu   s7, a0, s7
core   0: 3 0x80003ec8 (0x03753bb3) x23 0x00000000
core   0: 0x80003ecc (0x406384b3) sub     s1, t2, t1
core   0: 3 0x80003ecc (0x406384b3) x 9 0x00000001
core   0: 0x80003ed0 (0x01ab2533) slt     a0, s6, s10
core   0: 3 0x80003ed0 (0x01ab2533) x10 0x00000000
core   0: 0x80003ed4 (0x01c8d913) srli    s2, a7, 28
core   0: 3 0x80003ed4 (0x01c8d913) x18 0x00000000
core   0: 0x80003ed8 (0xfcf12d93) slti    s11, sp, -49
core   0: 3 0x80003ed8 (0xfcf12d93) x27 0x00000001
core   0: 0x80003edc (0x0306e9b3) rem     s3, a3, a6
core   0: 3 0x80003edc (0x0306e9b3) x19 0x000fffff
core   0: 0x80003ee0 (0x03a5c833) div     a6, a1, s10
core   0: 3 0x80003ee0 (0x03a5c833) x16 0x00000000
core   0: 0x80003ee4 (0x02e3f233) remu    tp, t2, a4
core   0: 3 0x80003ee4 (0x02e3f233) x 4 0x00000000
core   0: 0x80003ee8 (0x41c45e13) srai    t3, s0, 28
core   0: 3 0x80003ee8 (0x41c45e13) x28 0x00000000
core   0: 0x80003eec (0x0292df33) divu    t5, t0, s1
core   0: 3 0x80003eec (0x0292df33) x30 0xf6416d2c
core   0: 0x80003ef0 (0x01af0233) add     tp, t5, s10
core   0: 3 0x80003ef0 (0x01af0233) x 4 0xd82e15f8
core   0: 0x80003ef4 (0xc8ae0493) addi    s1, t3, -886
core   0: 3 0x80003ef4 (0xc8ae0493) x 9 0xfffffc8a
core   0: 0x80003ef8 (0x02a58e33) mul     t3, a1, a0
core   0: 3 0x80003ef8 (0x02a58e33) x28 0x00000000
core   0: 0x80003efc (0x21a80c93) addi    s9, a6, 538
core   0: 3 0x80003efc (0x21a80c93) x25 0x0000021a
core   0: 0x80003f00 (0x0206ce33) div     t3, a3, zero
core   0: 3 0x80003f00 (0x0206ce33) x28 0xffffffff
core   0: 0x80003f04 (0x037a2bb3) mulhsu  s7, s4, s7
core   0: 3 0x80003f04 (0x037a2bb3) x23 0x00000000
core   0: 0x80003f08 (0x00821db3) sll     s11, tp, s0
core   0: 3 0x80003f08 (0x00821db3) x27 0xd82e15f8
core   0: 0x80003f0c (0x00000013) nop
core   0: 3 0x80003f0c (0x00000013)
core   0: 0x80003f10 (0x41f15fb3) sra     t6, sp, t6
core   0: 3 0x80003f10 (0x41f15fb3) x31 0xffc000a7
core   0: 0x80003f14 (0x018089b3) add     s3, ra, s8
core   0: 3 0x80003f14 (0x018089b3) x19 0x80014e64
core   0: 0x80003f18 (0x01cec1b3) xor     gp, t4, t3
core   0: 3 0x80003f18 (0x01cec1b3) x 3 0xcf0a720b
core   0: 0x80003f1c (0x01550933) add     s2, a0, s5
core   0: 3 0x80003f1c (0x01550933) x18 0x00000001
core   0: 0x80003f20 (0xdf9b7c13) andi    s8, s6, -519
core   0: 3 0x80003f20 (0xdf9b7c13) x24 0x00000000
core   0: 0x80003f24 (0x90f54093) xori    ra, a0, -1777
core   0: 3 0x80003f24 (0x90f54093) x 1 0xfffff90f
core   0: 0x80003f28 (0x01530633) add     a2, t1, s5
core   0: 3 0x80003f28 (0x01530633) x12 0x00000000
core   0: 0x80003f2c (0x2e110c93) addi    s9, sp, 737
core   0: 3 0x80003f2c (0x2e110c93) x25 0x80015145
core   0: 0x80003f30 (0x8ac1b993) sltiu   s3, gp, -1876
core   0: 3 0x80003f30 (0x8ac1b993) x19 0x00000001
core   0: 0x80003f34 (0x01d434b3) sltu    s1, s0, t4
core   0: 3 0x80003f34 (0x01d434b3) x 9 0x00000001
core   0: 0x80003f38 (0x019998b3) sll     a7, s3, s9
core   0: 3 0x80003f38 (0x019998b3) x17 0x00000020
core   0: 0x80003f3c (0x00989793) slli    a5, a7, 9
core   0: 3 0x80003f3c (0x00989793) x15 0x00004000
core   0: 0x80003f40 (0x00000013) nop
core   0: 3 0x80003f40 (0x00000013)
core   0: 0x80003f44 (0x01881e93) slli    t4, a6, 24
core   0: 3 0x80003f44 (0x01881e93) x29 0x00000000
core   0: 0x80003f48 (0x03b30533) mul     a0, t1, s11
core   0: 3 0x80003f48 (0x03b30533) x10 0x27d1ea08
core   0: 0x80003f4c (0x02b1f033) remu    zero, gp, a1
core   0: 3 0x80003f4c (0x02b1f033)
core   0: 0x80003f50 (0x088b6a13) ori     s4, s6, 136
core   0: 3 0x80003f50 (0x088b6a13) x20 0x00000088
core   0: 0x80003f54 (0x0069da13) srli    s4, s3, 6
core   0: 3 0x80003f54 (0x0069da13) x20 0x00000000
core   0: 0x80003f58 (0x026609b3) mul     s3, a2, t1
core   0: 3 0x80003f58 (0x026609b3) x19 0x00000000
core   0: 0x80003f5c (0x01181413) slli    s0, a6, 17
core   0: 3 0x80003f5c (0x01181413) x 8 0x00000000
core   0: 0x80003f60 (0x084cca93) xori    s5, s9, 132
core   0: 3 0x80003f60 (0x084cca93) x21 0x800151c1
core   0: 0x80003f64 (0x40410bb3) sub     s7, sp, tp
core   0: 3 0x80003f64 (0x40410bb3) x23 0xa7d3386c
core   0: 0x80003f68 (0x01130033) add     zero, t1, a7
core   0: 3 0x80003f68 (0x01130033)
core   0: 0x80003f6c (0x7212e613) ori     a2, t0, 1825
core   0: 3 0x80003f6c (0x7212e613) x12 0xf6416f2d
core   0: 0x80003f70 (0x01a8d593) srli    a1, a7, 26
core   0: 3 0x80003f70 (0x01a8d593) x11 0x00000000
core   0: 0x80003f74 (0xfc3c0c13) addi    s8, s8, -61
core   0: 3 0x80003f74 (0xfc3c0c13) x24 0xffffffc3
core   0: 0x80003f78 (0x09172313) slti    t1, a4, 145
core   0: 3 0x80003f78 (0x09172313) x 6 0x00000001
core   0: 0x80003f7c (0x03f791b3) mulh    gp, a5, t6
core   0: 3 0x80003f7c (0x03f791b3) x 3 0xfffffff0
core   0: 0x80003f80 (0x031528b3) mulhsu  a7, a0, a7
core   0: 3 0x80003f80 (0x031528b3) x17 0x00000004
core   0: 0x80003f84 (0x03e72f33) mulhsu  t5, a4, t5
core   0: 3 0x80003f84 (0x03e72f33) x30 0x84e0c732
core   0: 0x80003f88 (0x021d6433) rem     s0, s10, ra
core   0: 3 0x80003f88 (0x021d6433) x 8 0xfffffafc
core   0: 0x80003f8c (0x0152da13) srli    s4, t0, 21
core   0: 3 0x80003f8c (0x0152da13) x20 0x000007b2
core   0: 0x80003f90 (0x039af1b3) remu    gp, s5, s9
core   0: 3 0x80003f90 (0x039af1b3) x 3 0x0000007c
core   0: 0x80003f94 (0x00236bb3) or      s7, t1, sp
core   0: 3 0x80003f94 (0x00236bb3) x23 0x80014e65
core   0: 0x80003f98 (0x00e89d13) slli    s10, a7, 14
core   0: 3 0x80003f98 (0x00e89d13) x26 0x00010000
core   0: 0x80003f9c (0x02ea1fb3) mulh    t6, s4, a4
core   0: 3 0x80003f9c (0x02ea1fb3) x31 0xfffffc27
core   0: 0x80003fa0 (0x5cfcf513) andi    a0, s9, 1487
core   0: 3 0x80003fa0 (0x5cfcf513) x10 0x00000145
core   0: 0x80003fa4 (0x00ea4633) xor     a2, s4, a4
core   0: 3 0x80003fa4 (0x00ea4633) x12 0x80018b56
core   0: 0x80003fa8 (0x014cd193) srli    gp, s9, 20
core   0: 3 0x80003fa8 (0x014cd193) x 3 0x00000800
core   0: 0x80003fac (0x00b4aeb3) slt     t4, s1, a1
core   0: 3 0x80003fac (0x00b4aeb3) x29 0x00000000
core   0: 0x80003fb0 (0x032c9cb3) mulh    s9, s9, s2
core   0: 3 0x80003fb0 (0x032c9cb3) x25 0xffffffff
core   0: 0x80003fb4 (0x0ba39cb7) lui     s9, 0xba39
core   0: 3 0x80003fb4 (0x0ba39cb7) x25 0x0ba39000
core   0: 0x80003fb8 (0x01b69f93) slli    t6, a3, 27
core   0: 3 0x80003fb8 (0x01b69f93) x31 0xf8000000
core   0: 0x80003fbc (0x0297fa33) remu    s4, a5, s1
core   0: 3 0x80003fbc (0x0297fa33) x20 0x00000000
core   0: 0x80003fc0 (0x00645c33) srl     s8, s0, t1
core   0: 3 0x80003fc0 (0x00645c33) x24 0x7ffffd7e
core   0: 0x80003fc4 (0x00c85313) srli    t1, a6, 12
core   0: 3 0x80003fc4 (0x00c85313) x 6 0x00000000
core   0: 0x80003fc8 (0x01a2cdb3) xor     s11, t0, s10
core   0: 3 0x80003fc8 (0x01a2cdb3) x27 0xf6406d2c
core   0: 0x80003fcc (0x033de3b3) rem     t2, s11, s3
core   0: 3 0x80003fcc (0x033de3b3) x 7 0xf6406d2c
core   0: 0x80003fd0 (0x2bf54c13) xori    s8, a0, 703
core   0: 3 0x80003fd0 (0x2bf54c13) x24 0x000003fa
core   0: 0x80003fd4 (0x03d4c6b3) div     a3, s1, t4
core   0: 3 0x80003fd4 (0x03d4c6b3) x13 0xffffffff
core   0: 0x80003fd8 (0x02deeeb3) rem     t4, t4, a3
core   0: 3 0x80003fd8 (0x02deeeb3) x29 0x00000000
core   0: 0x80003fdc (0xc6eafe13) andi    t3, s5, -914
core   0: 3 0x80003fdc (0xc6eafe13) x28 0x80015040
core   0: 0x80003fe0 (0x0210d4b3) divu    s1, ra, ra
core   0: 3 0x80003fe0 (0x0210d4b3) x 9 0x00000001
core   0: 0x80003fe4 (0x9b2bb613) sltiu   a2, s7, -1614
core   0: 3 0x80003fe4 (0x9b2bb613) x12 0x00000001
core   0: 0x80003fe8 (0x75f4e017) auipc   zero, 0x75f4e
core   0: 3 0x80003fe8 (0x75f4e017)
core   0: 0x80003fec (0x3cdc2913) slti    s2, s8, 973
core   0: 3 0x80003fec (0x3cdc2913) x18 0x00000000
core   0: 0x80003ff0 (0x6b4d2f93) slti    t6, s10, 1716
core   0: 3 0x80003ff0 (0x6b4d2f93) x31 0x00000000
core   0: 0x80003ff4 (0x4122d0b3) sra     ra, t0, s2
core   0: 3 0x80003ff4 (0x4122d0b3) x 1 0xf6416d2c
core   0: 0x80003ff8 (0xb1bda693) slti    a3, s11, -1253
core   0: 3 0x80003ff8 (0xb1bda693) x13 0x00000001
core   0: 0x80003ffc (0x00a62eb3) slt     t4, a2, a0
core   0: 3 0x80003ffc (0x00a62eb3) x29 0x00000001
core   0: 0x80004000 (0x03362433) mulhsu  s0, a2, s3
core   0: 3 0x80004000 (0x03362433) x 8 0x00000000
core   0: 0x80004004 (0x0063b833) sltu    a6, t2, t1
core   0: 3 0x80004004 (0x0063b833) x16 0x00000000
core   0: 0x80004008 (0x45fab017) auipc   zero, 0x45fab
core   0: 3 0x80004008 (0x45fab017)
core   0: 0x8000400c (0x06fdd397) auipc   t2, 0x6fdd
core   0: 3 0x8000400c (0x06fdd397) x 7 0x86fe100c
core   0: 0x80004010 (0xdcddc513) xori    a0, s11, -563
core   0: 3 0x80004010 (0xdcddc513) x10 0x09bf90e1
core   0: 0x80004014 (0x8d3df993) andi    s3, s11, -1837
core   0: 3 0x80004014 (0x8d3df993) x19 0xf6406800
core   0: 0x80004018 (0x03ce8833) mul     a6, t4, t3
core   0: 3 0x80004018 (0x03ce8833) x16 0x80015040
core   0: 0x8000401c (0x035227b3) mulhsu  a5, tp, s5
core   0: 3 0x8000401c (0x035227b3) x15 0xec16d672
core   0: 0x80004020 (0x03ece5b3) rem     a1, s9, t5
core   0: 3 0x80004020 (0x03ece5b3) x11 0x0ba39000
core   0: 0x80004024 (0x00e64f33) xor     t5, a2, a4
core   0: 3 0x80004024 (0x00e64f33) x30 0x80018ce5
core   0: 0x80004028 (0xcc1c4313) xori    t1, s8, -831
core   0: 3 0x80004028 (0xcc1c4313) x 6 0xffffff3b
core   0: 0x8000402c (0x010e67b3) or      a5, t3, a6
core   0: 3 0x8000402c (0x010e67b3) x15 0x80015040
core   0: 0x80004030 (0x00000013) nop
core   0: 3 0x80004030 (0x00000013)
core   0: 0x80004034 (0x02dfa633) mulhsu  a2, t6, a3
core   0: 3 0x80004034 (0x02dfa633) x12 0x00000000
core   0: 0x80004038 (0x04652e93) slti    t4, a0, 70
core   0: 3 0x80004038 (0x04652e93) x29 0x00000000
core   0: 0x8000403c (0x78fe3f17) auipc   t5, 0x78fe3
core   0: 3 0x8000403c (0x78fe3f17) x30 0xf8fe703c
core   0: 0x80004040 (0x9f983a13) sltiu   s4, a6, -1543
core   0: 3 0x80004040 (0x9f983a13) x20 0x00000001
core   0: 0x80004044 (0x030c1533) mulh    a0, s8, a6
core   0: 3 0x80004044 (0x030c1533) x10 0xfffffe03
core   0: 0x80004048 (0x014a6033) or      zero, s4, s4
core   0: 3 0x80004048 (0x014a6033)
core   0: 0x8000404c (0xfe4a1337) lui     t1, 0xfe4a1
core   0: 3 0x8000404c (0xfe4a1337) x 6 0xfe4a1000
core   0: 0x80004050 (0x412355b3) sra     a1, t1, s2
core   0: 3 0x80004050 (0x412355b3) x11 0xfe4a1000
core   0: 0x80004054 (0x01447533) and     a0, s0, s4
core   0: 3 0x80004054 (0x01447533) x10 0x00000000
core   0: 0x80004058 (0x00efbf33) sltu    t5, t6, a4
core   0: 3 0x80004058 (0x00efbf33) x30 0x00000001
core   0: 0x8000405c (0x02218c33) mul     s8, gp, sp
core   0: 3 0x8000405c (0x02218c33) x24 0x0a732000
core   0: 0x80004060 (0x03b11b33) mulh    s6, sp, s11
core   0: 3 0x80004060 (0x03b11b33) x22 0x04dfbcae
core   0: 0x80004064 (0x20964797) auipc   a5, 0x20964
core   0: 3 0x80004064 (0x20964797) x15 0xa0968064
core   0: 0x80004068 (0x416bd4b3) sra     s1, s7, s6
core   0: 3 0x80004068 (0x416bd4b3) x 9 0xfffe0005
core   0: 0x8000406c (0x032cafb3) mulhsu  t6, s9, s2
core   0: 3 0x8000406c (0x032cafb3) x31 0x00000000
core   0: 0x80004070 (0x0368a8b3) mulhsu  a7, a7, s6
core   0: 3 0x80004070 (0x0368a8b3) x17 0x00000000
core   0: 0x80004074 (0xd7080f13) addi    t5, a6, -656
core   0: 3 0x80004074 (0xd7080f13) x30 0x80014db0
core   0: 0x80004078 (0x00956eb3) or      t4, a0, s1
core   0: 3 0x80004078 (0x00956eb3) x29 0xfffe0005
core   0: 0x8000407c (0x00000013) nop
core   0: 3 0x8000407c (0x00000013)
core   0: 0x80004080 (0x0174a8b3) slt     a7, s1, s7
core   0: 3 0x80004080 (0x0174a8b3) x17 0x00000000
core   0: 0x80004084 (0x019a8e33) add     t3, s5, s9
core   0: 3 0x80004084 (0x019a8e33) x28 0x8ba4e1c1
core   0: 0x80004088 (0x00000013) nop
core   0: 3 0x80004088 (0x00000013)
core   0: 0x8000408c (0x41b7d493) srai    s1, a5, 27
core   0: 3 0x8000408c (0x41b7d493) x 9 0xfffffff4
core   0: 0x80004090 (0x01453333) sltu    t1, a0, s4
core   0: 3 0x80004090 (0x01453333) x 6 0x00000001
core   0: 0x80004094 (0x00bf2db3) slt     s11, t5, a1
core   0: 3 0x80004094 (0x00bf2db3) x27 0x00000001
core   0: 0x80004098 (0x025b5b33) divu    s6, s6, t0
core   0: 3 0x80004098 (0x025b5b33) x22 0x00000000
core   0: 0x8000409c (0x41a6d0b3) sra     ra, a3, s10
core   0: 3 0x8000409c (0x41a6d0b3) x 1 0x00000001
core   0: 0x800040a0 (0x00000013) nop
core   0: 3 0x800040a0 (0x00000013)
core   0: 0x800040a4 (0x711d4493) xori    s1, s10, 1809
core   0: 3 0x800040a4 (0x711d4493) x 9 0x00010711
core   0: 0x800040a8 (0x026c7233) remu    tp, s8, t1
core   0: 3 0x800040a8 (0x026c7233) x 4 0x00000000
core   0: 0x800040ac (0x0361e833) rem     a6, gp, s6
core   0: 3 0x800040ac (0x0361e833) x16 0x00000800
core   0: 0x800040b0 (0x00fcd333) srl     t1, s9, a5
core   0: 3 0x800040b0 (0x00fcd333) x 6 0x00ba3900
core   0: 0x800040b4 (0x00e65f93) srli    t6, a2, 14
core   0: 3 0x800040b4 (0x00e65f93) x31 0x00000000
core   0: 0x800040b8 (0x03bad633) divu    a2, s5, s11
core   0: 3 0x800040b8 (0x03bad633) x12 0x800151c1
core   0: 0x800040bc (0x00ae1b93) slli    s7, t3, 10
core   0: 3 0x800040bc (0x00ae1b93) x23 0x93870400
core   0: 0x800040c0 (0x0355f0b3) remu    ra, a1, s5
core   0: 3 0x800040c0 (0x0355f0b3) x 1 0x7e48be3f
core   0: 0x800040c4 (0x999e2f13) slti    t5, t3, -1639
core   0: 3 0x800040c4 (0x999e2f13) x30 0x00000001
core   0: 0x800040c8 (0x00000013) nop
core   0: 3 0x800040c8 (0x00000013)
core   0: 0x800040cc (0x008663b3) or      t2, a2, s0
core   0: 3 0x800040cc (0x008663b3) x 7 0x800151c1
core   0: 0x800040d0 (0x01bb4533) xor     a0, s6, s11
core   0: 3 0x800040d0 (0x01bb4533) x10 0x00000001
core   0: 0x800040d4 (0x023f5db3) divu    s11, t5, gp
core   0: 3 0x800040d4 (0x023f5db3) x27 0x00000000
core   0: 0x800040d8 (0x061bad13) slti    s10, s7, 97
core   0: 3 0x800040d8 (0x061bad13) x26 0x00000001
core   0: 0x800040dc (0x01b89333) sll     t1, a7, s11
core   0: 3 0x800040dc (0x01b89333) x 6 0x00000000
core   0: 0x800040e0 (0xc0eb0037) lui     zero, 0xc0eb0
core   0: 3 0x800040e0 (0xc0eb0037)
core   0: 0x800040e4 (0xba34c913) xori    s2, s1, -1117
core   0: 3 0x800040e4 (0xba34c913) x18 0xfffefcb2
core   0: 0x800040e8 (0x00ff1cb3) sll     s9, t5, a5
core   0: 3 0x800040e8 (0x00ff1cb3) x25 0x00000010
core   0: 0x800040ec (0x9bd5ea13) ori     s4, a1, -1603
core   0: 3 0x800040ec (0x9bd5ea13) x20 0xfffff9bd
core   0: 0x800040f0 (0x0059d993) srli    s3, s3, 5
core   0: 3 0x800040f0 (0x0059d993) x19 0x07b20340
core   0: 0x800040f4 (0x016dd313) srli    t1, s11, 22
core   0: 3 0x800040f4 (0x016dd313) x 6 0x00000000
core   0: 0x800040f8 (0x0153d333) srl     t1, t2, s5
core   0: 3 0x800040f8 (0x0153d333) x 6 0x4000a8e0
core   0: 0x800040fc (0x40db8db3) sub     s11, s7, a3
core   0: 3 0x800040fc (0x40db8db3) x27 0x938703ff
core   0: 0x80004100 (0x00000013) nop
core   0: 3 0x80004100 (0x00000013)
core   0: 0x80004104 (0x01efb5b3) sltu    a1, t6, t5
core   0: 3 0x80004104 (0x01efb5b3) x11 0x00000001
core   0: 0x80004108 (0x00c31db3) sll     s11, t1, a2
core   0: 3 0x80004108 (0x00c31db3) x27 0x800151c0
core   0: 0x8000410c (0x8c3ec937) lui     s2, 0x8c3ec
core   0: 3 0x8000410c (0x8c3ec937) x18 0x8c3ec000
core   0: 0x80004110 (0x00000013) nop
core   0: 3 0x80004110 (0x00000013)
core   0: 0x80004114 (0xfe108d93) addi    s11, ra, -31
core   0: 3 0x80004114 (0xfe108d93) x27 0x7e48be20
core   0: 0x80004118 (0x755e0793) addi    a5, t3, 1877
core   0: 3 0x80004118 (0x755e0793) x15 0x8ba4e916
core   0: 0x8000411c (0x0339d9b3) divu    s3, s3, s3
core   0: 3 0x8000411c (0x0339d9b3) x19 0x00000001
core   0: 0x80004120 (0xcc8b7e93) andi    t4, s6, -824
core   0: 3 0x80004120 (0xcc8b7e93) x29 0x00000000
core   0: 0x80004124 (0x01e3cb33) xor     s6, t2, t5
core   0: 3 0x80004124 (0x01e3cb33) x22 0x800151c0
core   0: 0x80004128 (0x41addc33) sra     s8, s11, s10
core   0: 3 0x80004128 (0x41addc33) x24 0x3f245f10
core   0: 0x8000412c (0x00c06b33) or      s6, zero, a2
core   0: 3 0x8000412c (0x00c06b33) x22 0x800151c1
core   0: 0x80004130 (0x00b557b3) srl     a5, a0, a1
core   0: 3 0x80004130 (0x00b557b3) x15 0x00000000
core   0: 0x80004134 (0xb84fc893) xori    a7, t6, -1148
core   0: 3 0x80004134 (0xb84fc893) x17 0xfffffb84
core   0: 0x80004138 (0x01b34fb3) xor     t6, t1, s11
core   0: 3 0x80004138 (0x01b34fb3) x31 0x3e4816c0
core   0: 0x8000413c (0xda38e413) ori     s0, a7, -605
core   0: 3 0x8000413c (0xda38e413) x 8 0xffffffa7
core   0: 0x80004140 (0xc7e96817) auipc   a6, 0xc7e96
core   0: 3 0x80004140 (0xc7e96817) x16 0x47e9a140
core   0: 0x80004144 (0x40aa0033) sub     zero, s4, a0
core   0: 3 0x80004144 (0x40aa0033)
core   0: 0x80004148 (0x00c4ccb3) xor     s9, s1, a2
core   0: 3 0x80004148 (0x00c4ccb3) x25 0x800056d0
core   0: 0x8000414c (0x4c616313) ori     t1, sp, 1222
core   0: 3 0x8000414c (0x4c616313) x 6 0x80014ee6
core   0: 0x80004150 (0x016c1893) slli    a7, s8, 22
core   0: 3 0x80004150 (0x016c1893) x17 0xc4000000
core   0: 0x80004154 (0x00000013) nop
core   0: 3 0x80004154 (0x00000013)
core   0: 0x80004158 (0xb39c6a93) ori     s5, s8, -1223
core   0: 3 0x80004158 (0xb39c6a93) x21 0xffffff39
core   0: 0x8000415c (0x01b4e0b3) or      ra, s1, s11
core   0: 3 0x8000415c (0x01b4e0b3) x 1 0x7e49bf31
core   0: 0x80004160 (0x02b85033) divu    zero, a6, a1
core   0: 3 0x80004160 (0x02b85033)
core   0: 0x80004164 (0x01e557b3) srl     a5, a0, t5
core   0: 3 0x80004164 (0x01e557b3) x15 0x00000000
core   0: 0x80004168 (0x00000013) nop
core   0: 3 0x80004168 (0x00000013)
core   0: 0x8000416c (0x0340e8b3) rem     a7, ra, s4
core   0: 3 0x8000416c (0x0340e8b3) x17 0x000000f5
core   0: 0x80004170 (0x00000013) nop
core   0: 3 0x80004170 (0x00000013)
core   0: 0x80004174 (0x0044a5b3) slt     a1, s1, tp
core   0: 3 0x80004174 (0x0044a5b3) x11 0x00000000
core   0: 0x80004178 (0x00cc2ab3) slt     s5, s8, a2
core   0: 3 0x80004178 (0x00cc2ab3) x21 0x00000000
core   0: 0x8000417c (0x023bfdb3) remu    s11, s7, gp
core   0: 3 0x8000417c (0x023bfdb3) x27 0x00000400
core   0: 0x80004180 (0x00803db3) snez    s11, s0
core   0: 3 0x80004180 (0x00803db3) x27 0x00000001
core   0: 0x80004184 (0x01be5b33) srl     s6, t3, s11
core   0: 3 0x80004184 (0x01be5b33) x22 0x45d270e0
core   0: 0x80004188 (0x40b68eb3) sub     t4, a3, a1
core   0: 3 0x80004188 (0x40b68eb3) x29 0x00000001
core   0: 0x8000418c (0x190dee13) ori     t3, s11, 400
core   0: 3 0x8000418c (0x190dee13) x28 0x00000191
core   0: 0x80004190 (0x00a510b3) sll     ra, a0, a0
core   0: 3 0x80004190 (0x00a510b3) x 1 0x00000002
core   0: 0x80004194 (0x02aa46b3) div     a3, s4, a0
core   0: 3 0x80004194 (0x02aa46b3) x13 0xfffff9bd
core   0: 0x80004198 (0x403c83b3) sub     t2, s9, gp
core   0: 3 0x80004198 (0x403c83b3) x 7 0x80004ed0
core   0: 0x8000419c (0x00a38533) add     a0, t2, a0
core   0: 3 0x8000419c (0x00a38533) x10 0x80004ed1
core   0: 0x800041a0 (0x00562933) slt     s2, a2, t0
core   0: 3 0x800041a0 (0x00562933) x18 0x00000001
core   0: 0x800041a4 (0xe99cf913) andi    s2, s9, -359
core   0: 3 0x800041a4 (0xe99cf913) x18 0x80005690
core   0: 0x800041a8 (0x02361a33) mulh    s4, a2, gp
core   0: 3 0x800041a8 (0x02361a33) x20 0xfffffc00
core   0: 0x800041ac (0x41008933) sub     s2, ra, a6
core   0: 3 0x800041ac (0x41008933) x18 0xb8165ec2
core   0: 0x800041b0 (0x25e40b93) addi    s7, s0, 606
core   0: 3 0x800041b0 (0x25e40b93) x23 0x00000205
core   0: 0x800041b4 (0x01bd6c93) ori     s9, s10, 27
core   0: 3 0x800041b4 (0x01bd6c93) x25 0x0000001b
core   0: 0x800041b8 (0x001296b3) sll     a3, t0, ra
core   0: 3 0x800041b8 (0x001296b3) x13 0xd905b4b0
core   0: 0x800041bc (0x013d9933) sll     s2, s11, s3
core   0: 3 0x800041bc (0x013d9933) x18 0x00000002
core   0: 0x800041c0 (0x03e11d33) mulh    s10, sp, t5
core   0: 3 0x800041c0 (0x03e11d33) x26 0xffffffff
core   0: 0x800041c4 (0x01b99a13) slli    s4, s3, 27
core   0: 3 0x800041c4 (0x01b99a13) x20 0x08000000
core   0: 0x800041c8 (0x032f7433) remu    s0, t5, s2
core   0: 3 0x800041c8 (0x032f7433) x 8 0x00000001
core   0: 0x800041cc (0x027a54b3) divu    s1, s4, t2
core   0: 3 0x800041cc (0x027a54b3) x 9 0x00000000
core   0: 0x800041d0 (0x01ee5f13) srli    t5, t3, 30
core   0: 3 0x800041d0 (0x01ee5f13) x30 0x00000000
core   0: 0x800041d4 (0x01231eb3) sll     t4, t1, s2
core   0: 3 0x800041d4 (0x01231eb3) x29 0x00053b98
core   0: 0x800041d8 (0x404a5d33) sra     s10, s4, tp
core   0: 3 0x800041d8 (0x404a5d33) x26 0x08000000
core   0: 0x800041dc (0xb17c2313) slti    t1, s8, -1257
core   0: 3 0x800041dc (0xb17c2313) x 6 0x00000000
core   0: 0x800041e0 (0x010b9e33) sll     t3, s7, a6
core   0: 3 0x800041e0 (0x010b9e33) x28 0x00000205
core   0: 0x800041e4 (0x032463b3) rem     t2, s0, s2
core   0: 3 0x800041e4 (0x032463b3) x 7 0x00000001
core   0: 0x800041e8 (0xcc2d3237) lui     tp, 0xcc2d3
core   0: 3 0x800041e8 (0xcc2d3237) x 4 0xcc2d3000
core   0: 0x800041ec (0x401dde33) sra     t3, s11, ra
core   0: 3 0x800041ec (0x401dde33) x28 0x00000000
core   0: 0x800041f0 (0xe74b6497) auipc   s1, 0xe74b6
core   0: 3 0x800041f0 (0xe74b6497) x 9 0x674ba1f0
core   0: 0x800041f4 (0x01c1f833) and     a6, gp, t3
core   0: 3 0x800041f4 (0x01c1f833) x16 0x00000000
core   0: 0x800041f8 (0x019c2c93) slti    s9, s8, 25
core   0: 3 0x800041f8 (0x019c2c93) x25 0x00000000
core   0: 0x800041fc (0x003e26b3) slt     a3, t3, gp
core   0: 3 0x800041fc (0x003e26b3) x13 0x00000001
core   0: 0x80004200 (0x0062be33) sltu    t3, t0, t1
core   0: 3 0x80004200 (0x0062be33) x28 0x00000000
core   0: 0x80004204 (0x0266a933) mulhsu  s2, a3, t1
core   0: 3 0x80004204 (0x0266a933) x18 0x00000000
core   0: 0x80004208 (0x014399b3) sll     s3, t2, s4
core   0: 3 0x80004208 (0x014399b3) x19 0x00000001
core   0: 0x8000420c (0x00305913) srli    s2, zero, 3
core   0: 3 0x8000420c (0x00305913) x18 0x00000000
core   0: 0x80004210 (0x037d5bb3) divu    s7, s10, s7
core   0: 3 0x80004210 (0x037d5bb3) x23 0x0003f618
core   0: 0x80004214 (0xca34f837) lui     a6, 0xca34f
core   0: 3 0x80004214 (0xca34f837) x16 0xca34f000
core   0: 0x80004218 (0x01d73233) sltu    tp, a4, t4
core   0: 3 0x80004218 (0x01d73233) x 4 0x00000000
core   0: 0x8000421c (0x74c9f993) andi    s3, s3, 1868
core   0: 3 0x8000421c (0x74c9f993) x19 0x00000000
core   0: 0x80004220 (0x00e91233) sll     tp, s2, a4
core   0: 3 0x80004220 (0x00e91233) x 4 0x00000000
core   0: 0x80004224 (0x011274b3) and     s1, tp, a7
core   0: 3 0x80004224 (0x011274b3) x 9 0x00000000
core   0: 0x80004228 (0xdf910317) auipc   t1, 0xdf910
core   0: 3 0x80004228 (0xdf910317) x 6 0x5f914228
core   0: 0x8000422c (0x00f73a33) sltu    s4, a4, a5
core   0: 3 0x8000422c (0x00f73a33) x20 0x00000000
core   0: 0x80004230 (0x008bdc13) srli    s8, s7, 8
core   0: 3 0x80004230 (0x008bdc13) x24 0x000003f6
core   0: 0x80004234 (0xbaa60993) addi    s3, a2, -1110
core   0: 3 0x80004234 (0xbaa60993) x19 0x80014d6b
core   0: 0x80004238 (0x02d3d033) divu    zero, t2, a3
core   0: 3 0x80004238 (0x02d3d033)
core   0: 0x8000423c (0x40638a33) sub     s4, t2, t1
core   0: 3 0x8000423c (0x40638a33) x20 0xa06ebdd9
core   0: 0x80004240 (0x016ea0b3) slt     ra, t4, s6
core   0: 3 0x80004240 (0x016ea0b3) x 1 0x00000001
core   0: 0x80004244 (0x02182933) mulhsu  s2, a6, ra
core   0: 3 0x80004244 (0x02182933) x18 0xffffffff
core   0: 0x80004248 (0x01bef9b3) and     s3, t4, s11
core   0: 3 0x80004248 (0x01bef9b3) x19 0x00000000
core   0: 0x8000424c (0x02a69533) mulh    a0, a3, a0
core   0: 3 0x8000424c (0x02a69533) x10 0xffffffff
core   0: 0x80004250 (0x725a3f13) sltiu   t5, s4, 1829
core   0: 3 0x80004250 (0x725a3f13) x30 0x00000000
core   0: 0x80004254 (0x0321e4b3) rem     s1, gp, s2
core   0: 3 0x80004254 (0x0321e4b3) x 9 0x00000000
core   0: 0x80004258 (0x0170c233) xor     tp, ra, s7
core   0: 3 0x80004258 (0x0170c233) x 4 0x0003f619
core   0: 0x8000425c (0x007224b3) slt     s1, tp, t2
core   0: 3 0x8000425c (0x007224b3) x 9 0x00000000
core   0: 0x80004260 (0x015db3b3) sltu    t2, s11, s5
core   0: 3 0x80004260 (0x015db3b3) x 7 0x00000000
core   0: 0x80004264 (0x00186c33) or      s8, a6, ra
core   0: 3 0x80004264 (0x00186c33) x24 0xca34f001
core   0: 0x80004268 (0x033779b3) remu    s3, a4, s3
core   0: 3 0x80004268 (0x033779b3) x19 0x80018ce4
core   0: 0x8000426c (0x03c3b4b3) mulhu   s1, t2, t3
core   0: 3 0x8000426c (0x03c3b4b3) x 9 0x00000000
core   0: 0x80004270 (0x01bade33) srl     t3, s5, s11
core   0: 3 0x80004270 (0x01bade33) x28 0x00000000
core   0: 0x80004274 (0x001aa633) slt     a2, s5, ra
core   0: 3 0x80004274 (0x001aa633) x12 0x00000001
core   0: 0x80004278 (0x029e79b3) remu    s3, t3, s1
core   0: 3 0x80004278 (0x029e79b3) x19 0x00000000
core   0: 0x8000427c (0x01525893) srli    a7, tp, 21
core   0: 3 0x8000427c (0x01525893) x17 0x00000000
core   0: 0x80004280 (0x00000013) nop
core   0: 3 0x80004280 (0x00000013)
core   0: 0x80004284 (0x01dd9093) slli    ra, s11, 29
core   0: 3 0x80004284 (0x01dd9093) x 1 0x20000000
core   0: 0x80004288 (0x01d240b3) xor     ra, tp, t4
core   0: 3 0x80004288 (0x01d240b3) x 1 0x0006cd81
core   0: 0x8000428c (0x006f08b3) add     a7, t5, t1
core   0: 3 0x8000428c (0x006f08b3) x17 0x5f914228
core   0: 0x80004290 (0x405b5b13) srai    s6, s6, 5
core   0: 3 0x80004290 (0x405b5b13) x22 0x022e9387
core   0: 0x80004294 (0x27cd7393) andi    t2, s10, 636
core   0: 3 0x80004294 (0x27cd7393) x 7 0x00000000
core   0: 0x80004298 (0x01001833) sll     a6, zero, a6
core   0: 3 0x80004298 (0x01001833) x16 0x00000000
core   0: 0x8000429c (0x033157b3) divu    a5, sp, s3
core   0: 3 0x8000429c (0x033157b3) x15 0xffffffff
core   0: 0x800042a0 (0x0176f233) and     tp, a3, s7
core   0: 3 0x800042a0 (0x0176f233) x 4 0x00000000
core   0: 0x800042a4 (0x016c9c13) slli    s8, s9, 22
core   0: 3 0x800042a4 (0x016c9c13) x24 0x00000000
core   0: 0x800042a8 (0xb20b3537) lui     a0, 0xb20b3
core   0: 3 0x800042a8 (0xb20b3537) x10 0xb20b3000
core   0: 0x800042ac (0x031ac433) div     s0, s5, a7
core   0: 3 0x800042ac (0x031ac433) x 8 0x00000000
core   0: 0x800042b0 (0x00d10db3) add     s11, sp, a3
core   0: 3 0x800042b0 (0x00d10db3) x27 0x80014e65
core   0: 0x800042b4 (0xe3a3b813) sltiu   a6, t2, -454
core   0: 3 0x800042b4 (0xe3a3b813) x16 0x00000001
core   0: 0x800042b8 (0x02821233) mulh    tp, tp, s0
core   0: 3 0x800042b8 (0x02821233) x 4 0x00000000
core   0: 0x800042bc (0x03934d33) div     s10, t1, s9
core   0: 3 0x800042bc (0x03934d33) x26 0xffffffff
core   0: 0x800042c0 (0x02c20033) mul     zero, tp, a2
core   0: 3 0x800042c0 (0x02c20033)
core   0: 0x800042c4 (0x01759f93) slli    t6, a1, 23
core   0: 3 0x800042c4 (0x01759f93) x31 0x00000000
core   0: 0x800042c8 (0x00fade13) srli    t3, s5, 15
core   0: 3 0x800042c8 (0x00fade13) x28 0x00000000
core   0: 0x800042cc (0xbd714917) auipc   s2, 0xbd714
core   0: 3 0x800042cc (0xbd714917) x18 0x3d7182cc
core   0: 0x800042d0 (0x03317533) remu    a0, sp, s3
core   0: 3 0x800042d0 (0x03317533) x10 0x80014e64
core   0: 0x800042d4 (0x031067b3) rem     a5, zero, a7
core   0: 3 0x800042d4 (0x031067b3) x15 0x00000000
core   0: 0x800042d8 (0x415c5a93) srai    s5, s8, 21
core   0: 3 0x800042d8 (0x415c5a93) x21 0x00000000
core   0: 0x800042dc (0x40a301b3) sub     gp, t1, a0
core   0: 3 0x800042dc (0x40a301b3) x 3 0xdf8ff3c4
core   0: 0x800042e0 (0x02b4ecb3) rem     s9, s1, a1
core   0: 3 0x800042e0 (0x02b4ecb3) x25 0x00000000
core   0: 0x800042e4 (0x023c8ab3) mul     s5, s9, gp
core   0: 3 0x800042e4 (0x023c8ab3) x21 0x00000000
core   0: 0x800042e8 (0x03df1533) mulh    a0, t5, t4
core   0: 3 0x800042e8 (0x03df1533) x10 0x00000000
core   0: 0x800042ec (0xe8d02993) slti    s3, zero, -371
core   0: 3 0x800042ec (0xe8d02993) x19 0x00000000
core   0: 0x800042f0 (0x01cb5333) srl     t1, s6, t3
core   0: 3 0x800042f0 (0x01cb5333) x 6 0x022e9387
core   0: 0x800042f4 (0x032e98b7) lui     a7, 0x32e9
core   0: 3 0x800042f4 (0x032e98b7) x17 0x032e9000
core   0: 0x800042f8 (0x039f0cb3) mul     s9, t5, s9
core   0: 3 0x800042f8 (0x039f0cb3) x25 0x00000000
core   0: 0x800042fc (0x03d7c1b3) div     gp, a5, t4
core   0: 3 0x800042fc (0x03d7c1b3) x 3 0x00000000
core   0: 0x80004300 (0x3b96a313) slti    t1, a3, 953
core   0: 3 0x80004300 (0x3b96a313) x 6 0x00000001
core   0: 0x80004304 (0x02264033) div     zero, a2, sp
core   0: 3 0x80004304 (0x02264033)
core   0: 0x80004308 (0x003cb4b3) sltu    s1, s9, gp
core   0: 3 0x80004308 (0x003cb4b3) x 9 0x00000000
core   0: 0x8000430c (0x01127f33) and     t5, tp, a7
core   0: 3 0x8000430c (0x01127f33) x30 0x00000000
core   0: 0x80004310 (0x9e812e93) slti    t4, sp, -1560
core   0: 3 0x80004310 (0x9e812e93) x29 0x00000001
core   0: 0x80004314 (0xd8e4ae13) slti    t3, s1, -626
core   0: 3 0x80004314 (0xd8e4ae13) x28 0x00000000
core   0: 0x80004318 (0x01211413) slli    s0, sp, 18
core   0: 3 0x80004318 (0x01211413) x 8 0x39900000
core   0: 0x8000431c (0x02cb8d33) mul     s10, s7, a2
core   0: 3 0x8000431c (0x02cb8d33) x26 0x0003f618
core   0: 0x80004320 (0x403886b3) sub     a3, a7, gp
core   0: 3 0x80004320 (0x403886b3) x13 0x032e9000
core   0: 0x80004324 (0x034019b3) mulh    s3, zero, s4
core   0: 3 0x80004324 (0x034019b3) x19 0x00000000
core   0: 0x80004328 (0x00000013) nop
core   0: 3 0x80004328 (0x00000013)
core   0: 0x8000432c (0x40e75813) srai    a6, a4, 14
core   0: 3 0x8000432c (0x40e75813) x16 0xfffe0006
core   0: 0x80004330 (0x03e8cb33) div     s6, a7, t5
core   0: 3 0x80004330 (0x03e8cb33) x22 0xffffffff
core   0: 0x80004334 (0x0354a933) mulhsu  s2, s1, s5
core   0: 3 0x80004334 (0x0354a933) x18 0x00000000
core   0: 0x80004338 (0x419c5093) srai    ra, s8, 25
core   0: 3 0x80004338 (0x419c5093) x 1 0x00000000
core   0: 0x8000433c (0x007f1013) slli    zero, t5, 7
core   0: 3 0x8000433c (0x007f1013)
core   0: 0x80004340 (0x00915793) srli    a5, sp, 9
core   0: 3 0x80004340 (0x00915793) x15 0x004000a7
core   0: 0x80004344 (0xb607ce93) xori    t4, a5, -1184
core   0: 3 0x80004344 (0xb607ce93) x29 0xffbffbc7
core   0: 0x80004348 (0x405c0933) sub     s2, s8, t0
core   0: 3 0x80004348 (0x405c0933) x18 0x09be92d4
core   0: 0x8000434c (0x006f0533) add     a0, t5, t1
core   0: 3 0x8000434c (0x006f0533) x10 0x00000001
core   0: 0x80004350 (0xdcb1c793) xori    a5, gp, -565
core   0: 3 0x80004350 (0xdcb1c793) x15 0xfffffdcb
core   0: 0x80004354 (0x01151e93) slli    t4, a0, 17
core   0: 3 0x80004354 (0x01151e93) x29 0x00020000
core   0: 0x80004358 (0x0156e433) or      s0, a3, s5
core   0: 3 0x80004358 (0x0156e433) x 8 0x032e9000
core   0: 0x8000435c (0xb56a3393) sltiu   t2, s4, -1194
core   0: 3 0x8000435c (0xb56a3393) x 7 0x00000001
core   0: 0x80004360 (0x01c45b33) srl     s6, s0, t3
core   0: 3 0x80004360 (0x01c45b33) x22 0x032e9000
core   0: 0x80004364 (0x0343ce33) div     t3, t2, s4
core   0: 3 0x80004364 (0x0343ce33) x28 0x00000000
core   0: 0x80004368 (0x4127db13) srai    s6, a5, 18
core   0: 3 0x80004368 (0x4127db13) x22 0xffffffff
core   0: 0x8000436c (0x00ae2d33) slt     s10, t3, a0
core   0: 3 0x8000436c (0x00ae2d33) x26 0x00000001
core   0: 0x80004370 (0x03948a33) mul     s4, s1, s9
core   0: 3 0x80004370 (0x03948a33) x20 0x00000000
core   0: 0x80004374 (0x018f5593) srli    a1, t5, 24
core   0: 3 0x80004374 (0x018f5593) x11 0x00000000
core   0: 0x80004378 (0x02e707b3) mul     a5, a4, a4
core   0: 3 0x80004378 (0x02e707b3) x15 0x67522b10
core   0: 0x8000437c (0x0156deb3) srl     t4, a3, s5
core   0: 3 0x8000437c (0x0156deb3) x29 0x032e9000
core   0: 0x80004380 (0x00b5cbb3) xor     s7, a1, a1
core   0: 3 0x80004380 (0x00b5cbb3) x23 0x00000000
core   0: 0x80004384 (0x2225ca93) xori    s5, a1, 546
core   0: 3 0x80004384 (0x2225ca93) x21 0x00000222
core   0: 0x80004388 (0x00afde93) srli    t4, t6, 10
core   0: 3 0x80004388 (0x00afde93) x29 0x00000000
core   0: 0x8000438c (0x0034db93) srli    s7, s1, 3
core   0: 3 0x8000438c (0x0034db93) x23 0x00000000
core   0: 0x80004390 (0x03a09633) mulh    a2, ra, s10
core   0: 3 0x80004390 (0x03a09633) x12 0x00000000
core   0: 0x80004394 (0x000e0533) add     a0, t3, zero
core   0: 3 0x80004394 (0x000e0533) x10 0x00000000
core   0: 0x80004398 (0x00b9d013) srli    zero, s3, 11
core   0: 3 0x80004398 (0x00b9d013)
core   0: 0x8000439c (0x032c05b3) mul     a1, s8, s2
core   0: 3 0x8000439c (0x032c05b3) x11 0x00000000
core   0: 0x800043a0 (0x48618d13) addi    s10, gp, 1158
core   0: 3 0x800043a0 (0x48618d13) x26 0x00000486
core   0: 0x800043a4 (0x03683833) mulhu   a6, a6, s6
core   0: 3 0x800043a4 (0x03683833) x16 0xfffe0005
core   0: 0x800043a8 (0x02665833) divu    a6, a2, t1
core   0: 3 0x800043a8 (0x02665833) x16 0x00000000
core   0: 0x800043ac (0x039da333) mulhsu  t1, s11, s9
core   0: 3 0x800043ac (0x039da333) x 6 0x00000000
core   0: 0x800043b0 (0x40f8d7b3) sra     a5, a7, a5
core   0: 3 0x800043b0 (0x40f8d7b3) x15 0x0000032e
core   0: 0x800043b4 (0x00f45cb3) srl     s9, s0, a5
core   0: 3 0x800043b4 (0x00f45cb3) x25 0x00000cba
core   0: 0x800043b8 (0x028e0b33) mul     s6, t3, s0
core   0: 3 0x800043b8 (0x028e0b33) x22 0x00000000
core   0: 0x800043bc (0x1a37ad97) auipc   s11, 0x1a37a
core   0: 3 0x800043bc (0x1a37ad97) x27 0x9a37e3bc
core   0: 0x800043c0 (0x02b1f0b3) remu    ra, gp, a1
core   0: 3 0x800043c0 (0x02b1f0b3) x 1 0x00000000
core   0: 0x800043c4 (0x0387edb3) rem     s11, a5, s8
core   0: 3 0x800043c4 (0x0387edb3) x27 0x0000032e
core   0: 0x800043c8 (0x031ea4b3) mulhsu  s1, t4, a7
core   0: 3 0x800043c8 (0x031ea4b3) x 9 0x00000000
core   0: 0x800043cc (0xd5406313) ori     t1, zero, -684
core   0: 3 0x800043cc (0xd5406313) x 6 0xfffffd54
core   0: 0x800043d0 (0x01071db3) sll     s11, a4, a6
core   0: 3 0x800043d0 (0x01071db3) x27 0x80018ce4
core   0: 0x800043d4 (0x01e946b3) xor     a3, s2, t5
core   0: 3 0x800043d4 (0x01e946b3) x13 0x09be92d4
core   0: 0x800043d8 (0x00e3a533) slt     a0, t2, a4
core   0: 3 0x800043d8 (0x00e3a533) x10 0x00000000
core   0: 0x800043dc (0x00e356b3) srl     a3, t1, a4
core   0: 3 0x800043dc (0x00e356b3) x13 0x0fffffd5
core   0: 0x800043e0 (0x017cb0b3) sltu    ra, s9, s7
core   0: 3 0x800043e0 (0x017cb0b3) x 1 0x00000000
core   0: 0x800043e4 (0x03fae6b3) rem     a3, s5, t6
core   0: 3 0x800043e4 (0x03fae6b3) x13 0x00000222
core   0: 0x800043e8 (0x037f7a33) remu    s4, t5, s7
core   0: 3 0x800043e8 (0x037f7a33) x20 0x00000000
core   0: 0x800043ec (0x41f283b3) sub     t2, t0, t6
core   0: 3 0x800043ec (0x41f283b3) x 7 0xf6416d2c
core   0: 0x800043f0 (0x00fb2bb3) slt     s7, s6, a5
core   0: 3 0x800043f0 (0x00fb2bb3) x23 0x00000001
core   0: 0x800043f4 (0x01f08e33) add     t3, ra, t6
core   0: 3 0x800043f4 (0x01f08e33) x28 0x00000000
core   0: 0x800043f8 (0x005bed33) or      s10, s7, t0
core   0: 3 0x800043f8 (0x005bed33) x26 0xf6416d2d
core   0: 0x800043fc (0x02737f33) remu    t5, t1, t2
core   0: 3 0x800043fc (0x02737f33) x30 0x09be9028
core   0: 0x80004400 (0x03592933) mulhsu  s2, s2, s5
core   0: 3 0x80004400 (0x03592933) x18 0x00000014
core   0: 0x80004404 (0xdd59a313) slti    t1, s3, -555
core   0: 3 0x80004404 (0xdd59a313) x 6 0x00000000
core   0: 0x80004408 (0x032f9033) mulh    zero, t6, s2
core   0: 3 0x80004408 (0x032f9033)
core   0: 0x8000440c (0x3c39f493) andi    s1, s3, 963
core   0: 3 0x8000440c (0x3c39f493) x 9 0x00000000
core   0: 0x80004410 (0x03f56db3) rem     s11, a0, t6
core   0: 3 0x80004410 (0x03f56db3) x27 0x00000000
core   0: 0x80004414 (0xa8a7e793) ori     a5, a5, -1398
core   0: 3 0x80004414 (0xa8a7e793) x15 0xfffffbae
core   0: 0x80004418 (0x00e25d13) srli    s10, tp, 14
core   0: 3 0x80004418 (0x00e25d13) x26 0x00000000
core   0: 0x8000441c (0x01a5db13) srli    s6, a1, 26
core   0: 3 0x8000441c (0x01a5db13) x22 0x00000000
core   0: 0x80004420 (0x02313033) mulhu   zero, sp, gp
core   0: 3 0x80004420 (0x02313033)
core   0: 0x80004424 (0x00000013) nop
core   0: 3 0x80004424 (0x00000013)
core   0: 0x80004428 (0x00b51a93) slli    s5, a0, 11
core   0: 3 0x80004428 (0x00b51a93) x21 0x00000000
core   0: 0x8000442c (0x007b66b3) or      a3, s6, t2
core   0: 3 0x8000442c (0x007b66b3) x13 0xf6416d2c
core   0: 0x80004430 (0x000b1f13) slli    t5, s6, 0
core   0: 3 0x80004430 (0x000b1f13) x30 0x00000000
core   0: 0x80004434 (0x003ffa33) and     s4, t6, gp
core   0: 3 0x80004434 (0x003ffa33) x20 0x00000000
core   0: 0x80004438 (0xbeabae93) slti    t4, s7, -1046
core   0: 3 0x80004438 (0xbeabae93) x29 0x00000000
core   0: 0x8000443c (0x41f6de93) srai    t4, a3, 31
core   0: 3 0x8000443c (0x41f6de93) x29 0xffffffff
core   0: 0x80004440 (0x03f240b3) div     ra, tp, t6
core   0: 3 0x80004440 (0x03f240b3) x 1 0xffffffff
core   0: 0x80004444 (0x00091e33) sll     t3, s2, zero
core   0: 3 0x80004444 (0x00091e33) x28 0x00000014
core   0: 0x80004448 (0x00ba4533) xor     a0, s4, a1
core   0: 3 0x80004448 (0x00ba4533) x10 0x00000000
core   0: 0x8000444c (0xe4aec413) xori    s0, t4, -438
core   0: 3 0x8000444c (0xe4aec413) x 8 0x000001b5
core   0: 0x80004450 (0x02d446b3) div     a3, s0, a3
core   0: 3 0x80004450 (0x02d446b3) x13 0x00000000
core   0: 0x80004454 (0x0ff7fa93) andi    s5, a5, 255
core   0: 3 0x80004454 (0x0ff7fa93) x21 0x000000ae
core   0: 0x80004458 (0x022ce7b3) rem     a5, s9, sp
core   0: 3 0x80004458 (0x022ce7b3) x15 0x00000cba
core   0: 0x8000445c (0x54d76313) ori     t1, a4, 1357
core   0: 3 0x8000445c (0x54d76313) x 6 0x80018ded
core   0: 0x80004460 (0x8dd00997) auipc   s3, 0x8dd00
core   0: 3 0x80004460 (0x8dd00997) x19 0x0dd04460
core   0: 0x80004464 (0x2f1428b7) lui     a7, 0x2f142
core   0: 3 0x80004464 (0x2f1428b7) x17 0x2f142000
core   0: 0x80004468 (0xab8c7093) andi    ra, s8, -1352
core   0: 3 0x80004468 (0xab8c7093) x 1 0x00000000
core   0: 0x8000446c (0x00000013) nop
core   0: 3 0x8000446c (0x00000013)
core   0: 0x80004470 (0x0321b233) mulhu   tp, gp, s2
core   0: 3 0x80004470 (0x0321b233) x 4 0x00000000
core   0: 0x80004474 (0x0eed4997) auipc   s3, 0xeed4
core   0: 3 0x80004474 (0x0eed4997) x19 0x8eed8474
core   0: 0x80004478 (0x8e7b8893) addi    a7, s7, -1817
core   0: 3 0x80004478 (0x8e7b8893) x17 0xfffff8e8
core   0: 0x8000447c (0x676d0337) lui     t1, 0x676d0
core   0: 3 0x8000447c (0x676d0337) x 6 0x676d0000
core   0: 0x80004480 (0x017947b3) xor     a5, s2, s7
core   0: 3 0x80004480 (0x017947b3) x15 0x00000015
core   0: 0x80004484 (0x00a4ed33) or      s10, s1, a0
core   0: 3 0x80004484 (0x00a4ed33) x26 0x00000000
core   0: 0x80004488 (0x00f39333) sll     t1, t2, a5
core   0: 3 0x80004488 (0x00f39333) x 6 0xa5800000
core   0: 0x8000448c (0x03835d33) divu    s10, t1, s8
core   0: 3 0x8000448c (0x03835d33) x26 0xffffffff
core   0: 0x80004490 (0x4016d6b3) sra     a3, a3, ra
core   0: 3 0x80004490 (0x4016d6b3) x13 0x00000000
core   0: 0x80004494 (0x033a36b3) mulhu   a3, s4, s3
core   0: 3 0x80004494 (0x033a36b3) x13 0x00000000
core   0: 0x80004498 (0x5a0e2593) slti    a1, t3, 1440
core   0: 3 0x80004498 (0x5a0e2593) x11 0x00000001
core   0: 0x8000449c (0x023be0b3) rem     ra, s7, gp
core   0: 3 0x8000449c (0x023be0b3) x 1 0x00000001
core   0: 0x800044a0 (0x41460bb3) sub     s7, a2, s4
core   0: 3 0x800044a0 (0x41460bb3) x23 0x00000000
core   0: 0x800044a4 (0x02c978b3) remu    a7, s2, a2
core   0: 3 0x800044a4 (0x02c978b3) x17 0x00000014
core   0: 0x800044a8 (0xb2f6f313) andi    t1, a3, -1233
core   0: 3 0x800044a8 (0xb2f6f313) x 6 0x00000000
core   0: 0x800044ac (0x020f7e33) remu    t3, t5, zero
core   0: 3 0x800044ac (0x020f7e33) x28 0x00000000
core   0: 0x800044b0 (0x01805c13) srli    s8, zero, 24
core   0: 3 0x800044b0 (0x01805c13) x24 0x00000000
core   0: 0x800044b4 (0x00361eb3) sll     t4, a2, gp
core   0: 3 0x800044b4 (0x00361eb3) x29 0x00000000
core   0: 0x800044b8 (0x41b48933) sub     s2, s1, s11
core   0: 3 0x800044b8 (0x41b48933) x18 0x00000000
core   0: 0x800044bc (0x031e93b3) mulh    t2, t4, a7
core   0: 3 0x800044bc (0x031e93b3) x 7 0x00000000
core   0: 0x800044c0 (0x037c16b3) mulh    a3, s8, s7
core   0: 3 0x800044c0 (0x037c16b3) x13 0x00000000
core   0: 0x800044c4 (0x95b2a593) slti    a1, t0, -1701
core   0: 3 0x800044c4 (0x95b2a593) x11 0x00000001
core   0: 0x800044c8 (0xb9a6a993) slti    s3, a3, -1126
core   0: 3 0x800044c8 (0xb9a6a993) x19 0x00000000
core   0: 0x800044cc (0xcbad8493) addi    s1, s11, -838
core   0: 3 0x800044cc (0xcbad8493) x 9 0xfffffcba
core   0: 0x800044d0 (0x00c08e33) add     t3, ra, a2
core   0: 3 0x800044d0 (0x00c08e33) x28 0x00000001
core   0: 0x800044d4 (0x023ee033) rem     zero, t4, gp
core   0: 3 0x800044d4 (0x023ee033)
core   0: 0x800044d8 (0x03dbcf33) div     t5, s7, t4
core   0: 3 0x800044d8 (0x03dbcf33) x30 0xffffffff
core   0: 0x800044dc (0x00ba0d33) add     s10, s4, a1
core   0: 3 0x800044dc (0x00ba0d33) x26 0x00000001
core   0: 0x800044e0 (0x00831993) slli    s3, t1, 8
core   0: 3 0x800044e0 (0x00831993) x19 0x00000000
core   0: 0x800044e4 (0x01411e33) sll     t3, sp, s4
core   0: 3 0x800044e4 (0x01411e33) x28 0x80014e64
core   0: 0x800044e8 (0x00e5d413) srli    s0, a1, 14
core   0: 3 0x800044e8 (0x00e5d413) x 8 0x00000000
core   0: 0x800044ec (0x027d2e33) mulhsu  t3, s10, t2
core   0: 3 0x800044ec (0x027d2e33) x28 0x00000000
core   0: 0x800044f0 (0x01d0b233) sltu    tp, ra, t4
core   0: 3 0x800044f0 (0x01d0b233) x 4 0x00000000
core   0: 0x800044f4 (0x01f0d893) srli    a7, ra, 31
core   0: 3 0x800044f4 (0x01f0d893) x17 0x00000000
core   0: 0x800044f8 (0x4044d333) sra     t1, s1, tp
core   0: 3 0x800044f8 (0x4044d333) x 6 0xfffffcba
core   0: 0x800044fc (0x001d5793) srli    a5, s10, 1
core   0: 3 0x800044fc (0x001d5793) x15 0x00000000
core   0: 0x80004500 (0x01cabf33) sltu    t5, s5, t3
core   0: 3 0x80004500 (0x01cabf33) x30 0x00000000
core   0: 0x80004504 (0x0005bf33) sltu    t5, a1, zero
core   0: 3 0x80004504 (0x0005bf33) x30 0x00000000
core   0: 0x80004508 (0x031c4833) div     a6, s8, a7
core   0: 3 0x80004508 (0x031c4833) x16 0xffffffff
core   0: 0x8000450c (0x9ed57f93) andi    t6, a0, -1555
core   0: 3 0x8000450c (0x9ed57f93) x31 0x00000000
core   0: 0x80004510 (0x78eac513) xori    a0, s5, 1934
core   0: 3 0x80004510 (0x78eac513) x10 0x00000720
core   0: 0x80004514 (0x0233b433) mulhu   s0, t2, gp
core   0: 3 0x80004514 (0x0233b433) x 8 0x00000000
core   0: 0x80004518 (0x00e771b3) and     gp, a4, a4
core   0: 3 0x80004518 (0x00e771b3) x 3 0x80018ce4
core   0: 0x8000451c (0x01f7f433) and     s0, a5, t6
core   0: 3 0x8000451c (0x01f7f433) x 8 0x00000000
core   0: 0x80004520 (0xaaa5ad13) slti    s10, a1, -1366
core   0: 3 0x80004520 (0xaaa5ad13) x26 0x00000000
core   0: 0x80004524 (0x02e5ac13) slti    s8, a1, 46
core   0: 3 0x80004524 (0x02e5ac13) x24 0x00000001
core   0: 0x80004528 (0x41e5dcb3) sra     s9, a1, t5
core   0: 3 0x80004528 (0x41e5dcb3) x25 0x00000001
core   0: 0x8000452c (0x40b205b3) sub     a1, tp, a1
core   0: 3 0x8000452c (0x40b205b3) x11 0xffffffff
core   0: 0x80004530 (0x0154e233) or      tp, s1, s5
core   0: 3 0x80004530 (0x0154e233) x 4 0xfffffcbe
core   0: 0x80004534 (0x4d39aa13) slti    s4, s3, 1235
core   0: 3 0x80004534 (0x4d39aa13) x20 0x00000001
core   0: 0x80004538 (0x4132dc93) srai    s9, t0, 19
core   0: 3 0x80004538 (0x4132dc93) x25 0xfffffec8
core   0: 0x8000453c (0x02f75533) divu    a0, a4, a5
core   0: 3 0x8000453c (0x02f75533) x10 0xffffffff
core   0: 0x80004540 (0x011a81b3) add     gp, s5, a7
core   0: 3 0x80004540 (0x011a81b3) x 3 0x000000ae
core   0: 0x80004544 (0xdc8cb613) sltiu   a2, s9, -568
core   0: 3 0x80004544 (0xdc8cb613) x12 0x00000000
core   0: 0x80004548 (0x0137ab33) slt     s6, a5, s3
core   0: 3 0x80004548 (0x0137ab33) x22 0x00000000
core   0: 0x8000454c (0x40da0ab3) sub     s5, s4, a3
core   0: 3 0x8000454c (0x40da0ab3) x21 0x00000001
core   0: 0x80004550 (0x01b81693) slli    a3, a6, 27
core   0: 3 0x80004550 (0x01b81693) x13 0xf8000000
core   0: 0x80004554 (0x44bc0a93) addi    s5, s8, 1099
core   0: 3 0x80004554 (0x44bc0a93) x21 0x0000044c
core   0: 0x80004558 (0x019d5b33) srl     s6, s10, s9
core   0: 3 0x80004558 (0x019d5b33) x22 0x00000000
core   0: 0x8000455c (0x00d9d793) srli    a5, s3, 13
core   0: 3 0x8000455c (0x00d9d793) x15 0x00000000
core   0: 0x80004560 (0x40285893) srai    a7, a6, 2
core   0: 3 0x80004560 (0x40285893) x17 0xffffffff
core   0: 0x80004564 (0x008df333) and     t1, s11, s0
core   0: 3 0x80004564 (0x008df333) x 6 0x00000000
core   0: 0x80004568 (0x0047db93) srli    s7, a5, 4
core   0: 3 0x80004568 (0x0047db93) x23 0x00000000
core   0: 0x8000456c (0x00c79413) slli    s0, a5, 12
core   0: 3 0x8000456c (0x00c79413) x 8 0x00000000
core   0: 0x80004570 (0x0166a9b3) slt     s3, a3, s6
core   0: 3 0x80004570 (0x0166a9b3) x19 0x00000001
core   0: 0x80004574 (0x91cbb197) auipc   gp, 0x91cbb
core   0: 3 0x80004574 (0x91cbb197) x 3 0x11cbf574
core   0: 0x80004578 (0x03e1ccb3) div     s9, gp, t5
core   0: 3 0x80004578 (0x03e1ccb3) x25 0xffffffff
core   0: 0x8000457c (0x6d065937) lui     s2, 0x6d065
core   0: 3 0x8000457c (0x6d065937) x18 0x6d065000
core   0: 0x80004580 (0x41b55913) srai    s2, a0, 27
core   0: 3 0x80004580 (0x41b55913) x18 0xffffffff
core   0: 0x80004584 (0xc11f4437) lui     s0, 0xc11f4
core   0: 3 0x80004584 (0xc11f4437) x 8 0xc11f4000
core   0: 0x80004588 (0xf22c3513) sltiu   a0, s8, -222
core   0: 3 0x80004588 (0xf22c3513) x10 0x00000001
core   0: 0x8000458c (0x40b408b3) sub     a7, s0, a1
core   0: 3 0x8000458c (0x40b408b3) x17 0xc11f4001
core   0: 0x80004590 (0x01367f33) and     t5, a2, s3
core   0: 3 0x80004590 (0x01367f33) x30 0x00000000
core   0: 0x80004594 (0x03d3c033) div     zero, t2, t4
core   0: 3 0x80004594 (0x03d3c033)
core   0: 0x80004598 (0x0151e8b3) or      a7, gp, s5
core   0: 3 0x80004598 (0x0151e8b3) x17 0x11cbf57c
core   0: 0x8000459c (0x008d9cb3) sll     s9, s11, s0
core   0: 3 0x8000459c (0x008d9cb3) x25 0x00000000
core   0: 0x800045a0 (0x91486513) ori     a0, a6, -1772
core   0: 3 0x800045a0 (0x91486513) x10 0xffffffff
core   0: 0x800045a4 (0x0116c9b3) xor     s3, a3, a7
core   0: 3 0x800045a4 (0x0116c9b3) x19 0xe9cbf57c
core   0: 0x800045a8 (0x01bcb0b3) sltu    ra, s9, s11
core   0: 3 0x800045a8 (0x01bcb0b3) x 1 0x00000000
core   0: 0x800045ac (0x0003dc13) srli    s8, t2, 0
core   0: 3 0x800045ac (0x0003dc13) x24 0x00000000
core   0: 0x800045b0 (0x00000013) nop
core   0: 3 0x800045b0 (0x00000013)
core   0: 0x800045b4 (0x40ee5593) srai    a1, t3, 14
core   0: 3 0x800045b4 (0x40ee5593) x11 0x00000000
core   0: 0x800045b8 (0x00000013) nop
core   0: 3 0x800045b8 (0x00000013)
core   0: 0x800045bc (0x41595513) srai    a0, s2, 21
core   0: 3 0x800045bc (0x41595513) x10 0xffffffff
core   0: 0x800045c0 (0x01319033) sll     zero, gp, s3
core   0: 3 0x800045c0 (0x01319033)
core   0: 0x800045c4 (0x403adc13) srai    s8, s5, 3
core   0: 3 0x800045c4 (0x403adc13) x24 0x00000089
core   0: 0x800045c8 (0x40ecd513) srai    a0, s9, 14
core   0: 3 0x800045c8 (0x40ecd513) x10 0x00000000
core   0: 0x800045cc (0x187b3d93) sltiu   s11, s6, 391
core   0: 3 0x800045cc (0x187b3d93) x27 0x00000001
core   0: 0x800045d0 (0xed168313) addi    t1, a3, -303
core   0: 3 0x800045d0 (0xed168313) x 6 0xf7fffed1
core   0: 0x800045d4 (0x00169d93) slli    s11, a3, 1
core   0: 3 0x800045d4 (0x00169d93) x27 0xf0000000
core   0: 0x800045d8 (0x02d943b3) div     t2, s2, a3
core   0: 3 0x800045d8 (0x02d943b3) x 7 0x00000000
core   0: 0x800045dc (0x01841533) sll     a0, s0, s8
core   0: 3 0x800045dc (0x01841533) x10 0x3e800000
core   0: 0x800045e0 (0x00d5ac33) slt     s8, a1, a3
core   0: 3 0x800045e0 (0x00d5ac33) x24 0x00000000
core   0: 0x800045e4 (0x201dbb93) sltiu   s7, s11, 513
core   0: 3 0x800045e4 (0x201dbb93) x23 0x00000000
core   0: 0x800045e8 (0x00000013) nop
core   0: 3 0x800045e8 (0x00000013)
core   0: 0x800045ec (0x03a1e933) rem     s2, gp, s10
core   0: 3 0x800045ec (0x03a1e933) x18 0x11cbf574
core   0: 0x800045f0 (0x40a6d193) srai    gp, a3, 10
core   0: 3 0x800045f0 (0x40a6d193) x 3 0xfffe0000
core   0: 0x800045f4 (0x00149433) sll     s0, s1, ra
core   0: 3 0x800045f4 (0x00149433) x 8 0xfffffcba
core   0: 0x800045f8 (0x01f03533) snez    a0, t6
core   0: 3 0x800045f8 (0x01f03533) x10 0x00000000
core   0: 0x800045fc (0x000181b3) add     gp, gp, zero
core   0: 3 0x800045fc (0x000181b3) x 3 0xfffe0000
core   0: 0x80004600 (0x145a7893) andi    a7, s4, 325
core   0: 3 0x80004600 (0x145a7893) x17 0x00000001
core   0: 0x80004604 (0x02662833) mulhsu  a6, a2, t1
core   0: 3 0x80004604 (0x02662833) x16 0x00000000
core   0: 0x80004608 (0x01998bb3) add     s7, s3, s9
core   0: 3 0x80004608 (0x01998bb3) x23 0xe9cbf57c
core   0: 0x8000460c (0x01a51633) sll     a2, a0, s10
core   0: 3 0x8000460c (0x01a51633) x12 0x00000000
core   0: 0x80004610 (0xb776c593) xori    a1, a3, -1161
core   0: 3 0x80004610 (0xb776c593) x11 0x07fffb77
core   0: 0x80004614 (0x0300e833) rem     a6, ra, a6
core   0: 3 0x80004614 (0x0300e833) x16 0x00000000
core   0: 0x80004618 (0x01a21d13) slli    s10, tp, 26
core   0: 3 0x80004618 (0x01a21d13) x26 0xf8000000
core   0: 0x8000461c (0x416f8b33) sub     s6, t6, s6
core   0: 3 0x8000461c (0x416f8b33) x22 0x00000000
core   0: 0x80004620 (0x023396b3) mulh    a3, t2, gp
core   0: 3 0x80004620 (0x023396b3) x13 0x00000000
core   0: 0x80004624 (0x036567b3) rem     a5, a0, s6
core   0: 3 0x80004624 (0x036567b3) x15 0x00000000
core   0: 0x80004628 (0x00de5993) srli    s3, t3, 13
core   0: 3 0x80004628 (0x00de5993) x19 0x00000000
core   0: 0x8000462c (0x00000013) nop
core   0: 3 0x8000462c (0x00000013)
core   0: 0x80004630 (0x01149913) slli    s2, s1, 17
core   0: 3 0x80004630 (0x01149913) x18 0xf9740000
core   0: 0x80004634 (0x0371f6b3) remu    a3, gp, s7
core   0: 3 0x80004634 (0x0371f6b3) x13 0x16320a84
core   0: 0x80004638 (0x00a9a4b3) slt     s1, s3, a0
core   0: 3 0x80004638 (0x00a9a4b3) x 9 0x00000000
core   0: 0x8000463c (0x00649333) sll     t1, s1, t1
core   0: 3 0x8000463c (0x00649333) x 6 0x00000000
core   0: 0x80004640 (0x006f95b3) sll     a1, t6, t1
core   0: 3 0x80004640 (0x006f95b3) x11 0x00000000
core   0: 0x80004644 (0x26607613) andi    a2, zero, 614
core   0: 3 0x80004644 (0x26607613) x12 0x00000000
core   0: 0x80004648 (0x03a55e33) divu    t3, a0, s10
core   0: 3 0x80004648 (0x03a55e33) x28 0x00000000
core   0: 0x8000464c (0x1fb9a213) slti    tp, s3, 507
core   0: 3 0x8000464c (0x1fb9a213) x 4 0x00000001
core   0: 0x80004650 (0x4e682a97) auipc   s5, 0x4e682
core   0: 3 0x80004650 (0x4e682a97) x21 0xce686650
core   0: 0x80004654 (0x013f5f13) srli    t5, t5, 19
core   0: 3 0x80004654 (0x013f5f13) x30 0x00000000
core   0: 0x80004658 (0x022b7f33) remu    t5, s6, sp
core   0: 3 0x80004658 (0x022b7f33) x30 0x00000000
core   0: 0x8000465c (0x40c08f33) sub     t5, ra, a2
core   0: 3 0x8000465c (0x40c08f33) x30 0x00000000
core   0: 0x80004660 (0x0061f9b3) and     s3, gp, t1
core   0: 3 0x80004660 (0x0061f9b3) x19 0x00000000
core   0: 0x80004664 (0x11d78f13) addi    t5, a5, 285
core   0: 3 0x80004664 (0x11d78f13) x30 0x0000011d
core   0: 0x80004668 (0x247ae593) ori     a1, s5, 583
core   0: 3 0x80004668 (0x247ae593) x11 0xce686657
core   0: 0x8000466c (0x012cedb3) or      s11, s9, s2
core   0: 3 0x8000466c (0x012cedb3) x27 0xf9740000
core   0: 0x80004670 (0x4a94ba93) sltiu   s5, s1, 1193
core   0: 3 0x80004670 (0x4a94ba93) x21 0x00000001
core   0: 0x80004674 (0x2fd7b013) sltiu   zero, a5, 765
core   0: 3 0x80004674 (0x2fd7b013)
core   0: 0x80004678 (0x00f8d9b3) srl     s3, a7, a5
core   0: 3 0x80004678 (0x00f8d9b3) x19 0x00000001
core   0: 0x8000467c (0x01e53d33) sltu    s10, a0, t5
core   0: 3 0x8000467c (0x01e53d33) x26 0x00000001
core   0: 0x80004680 (0x00f72d33) slt     s10, a4, a5
core   0: 3 0x80004680 (0x00f72d33) x26 0x00000001
core   0: 0x80004684 (0xacf3c413) xori    s0, t2, -1329
core   0: 3 0x80004684 (0xacf3c413) x 8 0xfffffacf
core   0: 0x80004688 (0x0349a333) mulhsu  t1, s3, s4
core   0: 3 0x80004688 (0x0349a333) x 6 0x00000000
core   0: 0x8000468c (0x010a0633) add     a2, s4, a6
core   0: 3 0x8000468c (0x010a0633) x12 0x00000001
core   0: 0x80004690 (0x0317c533) div     a0, a5, a7
core   0: 3 0x80004690 (0x0317c533) x10 0x00000000
core   0: 0x80004694 (0x0235e813) ori     a6, a1, 35
core   0: 3 0x80004694 (0x0235e813) x16 0xce686677
core   0: 0x80004698 (0xb5edd037) lui     zero, 0xb5edd
core   0: 3 0x80004698 (0xb5edd037)
core   0: 0x8000469c (0x170eef93) ori     t6, t4, 368
core   0: 3 0x8000469c (0x170eef93) x31 0x00000170
core   0: 0x800046a0 (0x01238ab3) add     s5, t2, s2
core   0: 3 0x800046a0 (0x01238ab3) x21 0xf9740000
core   0: 0x800046a4 (0xb5ce3b13) sltiu   s6, t3, -1188
core   0: 3 0x800046a4 (0xb5ce3b13) x22 0x00000001
core   0: 0x800046a8 (0x00000013) nop
core   0: 3 0x800046a8 (0x00000013)
core   0: 0x800046ac (0x0175d913) srli    s2, a1, 23
core   0: 3 0x800046ac (0x0175d913) x18 0x0000019c
core   0: 0x800046b0 (0x03cfb6b3) mulhu   a3, t6, t3
core   0: 3 0x800046b0 (0x03cfb6b3) x13 0x00000000
core   0: 0x800046b4 (0x4023d593) srai    a1, t2, 2
core   0: 3 0x800046b4 (0x4023d593) x11 0x00000000
core   0: 0x800046b8 (0x0096a633) slt     a2, a3, s1
core   0: 3 0x800046b8 (0x0096a633) x12 0x00000000
core   0: 0x800046bc (0x40fd8633) sub     a2, s11, a5
core   0: 3 0x800046bc (0x40fd8633) x12 0xf9740000
core   0: 0x800046c0 (0x402b0033) sub     zero, s6, sp
core   0: 3 0x800046c0 (0x402b0033)
core   0: 0x800046c4 (0x035af7b3) remu    a5, s5, s5
core   0: 3 0x800046c4 (0x035af7b3) x15 0x00000000
core   0: 0x800046c8 (0x02773833) mulhu   a6, a4, t2
core   0: 3 0x800046c8 (0x02773833) x16 0x00000000
core   0: 0x800046cc (0x0176e5b3) or      a1, a3, s7
core   0: 3 0x800046cc (0x0176e5b3) x11 0xe9cbf57c
core   0: 0x800046d0 (0x025f3ab3) mulhu   s5, t5, t0
core   0: 3 0x800046d0 (0x025f3ab3) x21 0x00000112
core   0: 0x800046d4 (0x03f0d4b3) divu    s1, ra, t6
core   0: 3 0x800046d4 (0x03f0d4b3) x 9 0x00000000
core   0: 0x800046d8 (0xd3dc7897) auipc   a7, 0xd3dc7
core   0: 3 0x800046d8 (0xd3dc7897) x17 0x53dcb6d8
core   0: 0x800046dc (0xe4296093) ori     ra, s2, -446
core   0: 3 0x800046dc (0xe4296093) x 1 0xffffffde
core   0: 0x800046e0 (0x46f18f13) addi    t5, gp, 1135
core   0: 3 0x800046e0 (0x46f18f13) x30 0xfffe046f
core   0: 0x800046e4 (0x0318e0b3) rem     ra, a7, a7
core   0: 3 0x800046e4 (0x0318e0b3) x 1 0x00000000
core   0: 0x800046e8 (0x012fdf13) srli    t5, t6, 18
core   0: 3 0x800046e8 (0x012fdf13) x30 0x00000000
core   0: 0x800046ec (0x4118d033) sra     zero, a7, a7
core   0: 3 0x800046ec (0x4118d033)
core   0: 0x800046f0 (0x40f45533) sra     a0, s0, a5
core   0: 3 0x800046f0 (0x40f45533) x10 0xfffffacf
core   0: 0x800046f4 (0x03ab1233) mulh    tp, s6, s10
core   0: 3 0x800046f4 (0x03ab1233) x 4 0x00000000
core   0: 0x800046f8 (0x4c8b7fb7) lui     t6, 0x4c8b7
core   0: 3 0x800046f8 (0x4c8b7fb7) x31 0x4c8b7000
core   0: 0x800046fc (0x03590d33) mul     s10, s2, s5
core   0: 3 0x800046fc (0x03590d33) x26 0x0001b8f8
core   0: 0x80004700 (0x4055d833) sra     a6, a1, t0
core   0: 3 0x80004700 (0x4055d833) x16 0xfffe9cbf
core   0: 0x80004704 (0x00e1a633) slt     a2, gp, a4
core   0: 3 0x80004704 (0x00e1a633) x12 0x00000000
core   0: 0x80004708 (0x00c64f33) xor     t5, a2, a2
core   0: 3 0x80004708 (0x00c64f33) x30 0x00000000
core   0: 0x8000470c (0x03887933) remu    s2, a6, s8
core   0: 3 0x8000470c (0x03887933) x18 0xfffe9cbf
core   0: 0x80004710 (0x01b97fb3) and     t6, s2, s11
core   0: 3 0x80004710 (0x01b97fb3) x31 0xf9740000
core   0: 0x80004714 (0x00e8a033) slt     zero, a7, a4
core   0: 3 0x80004714 (0x00e8a033)
core   0: 0x80004718 (0xcd4faa93) slti    s5, t6, -812
core   0: 3 0x80004718 (0xcd4faa93) x21 0x00000001
core   0: 0x8000471c (0x286df397) auipc   t2, 0x286df
core   0: 3 0x8000471c (0x286df397) x 7 0xa86e371c
core   0: 0x80004720 (0x0032e4b3) or      s1, t0, gp
core   0: 3 0x80004720 (0x0032e4b3) x 9 0xffff6d2c
core   0: 0x80004724 (0x007c1a13) slli    s4, s8, 7
core   0: 3 0x80004724 (0x007c1a13) x20 0x00000000
core   0: 0x80004728 (0x03d6bdb3) mulhu   s11, a3, t4
core   0: 3 0x80004728 (0x03d6bdb3) x27 0x00000000
core   0: 0x8000472c (0x031ce333) rem     t1, s9, a7
core   0: 3 0x8000472c (0x031ce333) x 6 0x00000000
core   0: 0x80004730 (0x02d63233) mulhu   tp, a2, a3
core   0: 3 0x80004730 (0x02d63233) x 4 0x00000000
core   0: 0x80004734 (0x02ee3f33) mulhu   t5, t3, a4
core   0: 3 0x80004734 (0x02ee3f33) x30 0x00000000
core   0: 0x80004738 (0x012ff033) and     zero, t6, s2
core   0: 3 0x80004738 (0x012ff033)
core   0: 0x8000473c (0x41f7d533) sra     a0, a5, t6
core   0: 3 0x8000473c (0x41f7d533) x10 0x00000000
core   0: 0x80004740 (0x030c9433) mulh    s0, s9, a6
core   0: 3 0x80004740 (0x030c9433) x 8 0x00000000
core   0: 0x80004744 (0xe8694013) xori    zero, s2, -378
core   0: 3 0x80004744 (0xe8694013)
core   0: 0x80004748 (0x00707633) and     a2, zero, t2
core   0: 3 0x80004748 (0x00707633) x12 0x00000000
core   0: 0x8000474c (0x00a56b33) or      s6, a0, a0
core   0: 3 0x8000474c (0x00a56b33) x22 0x00000000
core   0: 0x80004750 (0x03c3ed33) rem     s10, t2, t3
core   0: 3 0x80004750 (0x03c3ed33) x26 0xa86e371c
core   0: 0x80004754 (0x0328fe33) remu    t3, a7, s2
core   0: 3 0x80004754 (0x0328fe33) x28 0x53dcb6d8
core   0: 0x80004758 (0x3607e7b7) lui     a5, 0x3607e
core   0: 3 0x80004758 (0x3607e7b7) x15 0x3607e000
core   0: 0x8000475c (0x03873833) mulhu   a6, a4, s8
core   0: 3 0x8000475c (0x03873833) x16 0x00000000
core   0: 0x80004760 (0x01de5033) srl     zero, t3, t4
core   0: 3 0x80004760 (0x01de5033)
core   0: 0x80004764 (0xb311c913) xori    s2, gp, -1231
core   0: 3 0x80004764 (0xb311c913) x18 0x0001fb31
core   0: 0x80004768 (0x014628b3) slt     a7, a2, s4
core   0: 3 0x80004768 (0x014628b3) x17 0x00000000
core   0: 0x8000476c (0x013ac233) xor     tp, s5, s3
core   0: 3 0x8000476c (0x013ac233) x 4 0x00000000
core   0: 0x80004770 (0x40720db3) sub     s11, tp, t2
core   0: 3 0x80004770 (0x40720db3) x27 0x5791c8e4
core   0: 0x80004774 (0x41c108b3) sub     a7, sp, t3
core   0: 3 0x80004774 (0x41c108b3) x17 0x2c24978c
core   0: 0x80004778 (0x01e39fb3) sll     t6, t2, t5
core   0: 3 0x80004778 (0x01e39fb3) x31 0xa86e371c
core   0: 0x8000477c (0x01bbc8b3) xor     a7, s7, s11
core   0: 3 0x8000477c (0x01bbc8b3) x17 0xbe5a3d98
core   0: 0x80004780 (0xbd558693) addi    a3, a1, -1067
core   0: 3 0x80004780 (0xbd558693) x13 0xe9cbf151
core   0: 0x80004784 (0x00751c93) slli    s9, a0, 7
core   0: 3 0x80004784 (0x00751c93) x25 0x00000000
core   0: 0x80004788 (0x4f8fcb13) xori    s6, t6, 1272
core   0: 3 0x80004788 (0x4f8fcb13) x22 0xa86e33e4
core   0: 0x8000478c (0xe12bed13) ori     s10, s7, -494
core   0: 3 0x8000478c (0xe12bed13) x26 0xffffff7e
core   0: 0x80004790 (0x2ed6f913) andi    s2, a3, 749
core   0: 3 0x80004790 (0x2ed6f913) x18 0x00000041
core   0: 0x80004794 (0x40ad5f13) srai    t5, s10, 10
core   0: 3 0x80004794 (0x40ad5f13) x30 0xffffffff
core   0: 0x80004798 (0x41105233) sra     tp, zero, a7
core   0: 3 0x80004798 (0x41105233) x 4 0x00000000
core   0: 0x8000479c (0x0306a1b3) mulhsu  gp, a3, a6
core   0: 3 0x8000479c (0x0306a1b3) x 3 0x00000000
core   0: 0x800047a0 (0x03079e33) mulh    t3, a5, a6
core   0: 3 0x800047a0 (0x03079e33) x28 0x00000000
core   0: 0x800047a4 (0xb453ba13) sltiu   s4, t2, -1211
core   0: 3 0x800047a4 (0xb453ba13) x20 0x00000001
core   0: 0x800047a8 (0xd7b3e613) ori     a2, t2, -645
core   0: 3 0x800047a8 (0xd7b3e613) x12 0xffffff7f
core   0: 0x800047ac (0x028e56b3) divu    a3, t3, s0
core   0: 3 0x800047ac (0x028e56b3) x13 0xffffffff
core   0: 0x800047b0 (0x0d0c3393) sltiu   t2, s8, 208
core   0: 3 0x800047b0 (0x0d0c3393) x 7 0x00000001
core   0: 0x800047b4 (0x02866eb3) rem     t4, a2, s0
core   0: 3 0x800047b4 (0x02866eb3) x29 0xffffff7f
core   0: 0x800047b8 (0x98f8b313) sltiu   t1, a7, -1649
core   0: 3 0x800047b8 (0x98f8b313) x 6 0x00000001
core   0: 0x800047bc (0x41d98d33) sub     s10, s3, t4
core   0: 3 0x800047bc (0x41d98d33) x26 0x00000082
core   0: 0x800047c0 (0x80e8c437) lui     s0, 0x80e8c
core   0: 3 0x800047c0 (0x80e8c437) x 8 0x80e8c000
core   0: 0x800047c4 (0xbca97cb7) lui     s9, 0xbca97
core   0: 3 0x800047c4 (0xbca97cb7) x25 0xbca97000
core   0: 0x800047c8 (0x000f3033) sltu    zero, t5, zero
core   0: 3 0x800047c8 (0x000f3033)
core   0: 0x800047cc (0x027ebeb3) mulhu   t4, t4, t2
core   0: 3 0x800047cc (0x027ebeb3) x29 0x00000000
core   0: 0x800047d0 (0x01de47b3) xor     a5, t3, t4
core   0: 3 0x800047d0 (0x01de47b3) x15 0x00000000
core   0: 0x800047d4 (0x023cb233) mulhu   tp, s9, gp
core   0: 3 0x800047d4 (0x023cb233) x 4 0x00000000
core   0: 0x800047d8 (0x03d344b3) div     s1, t1, t4
core   0: 3 0x800047d8 (0x03d344b3) x 9 0xffffffff
core   0: 0x800047dc (0x3bc72f13) slti    t5, a4, 956
core   0: 3 0x800047dc (0x3bc72f13) x30 0x00000001
core   0: 0x800047e0 (0x020d08b3) mul     a7, s10, zero
core   0: 3 0x800047e0 (0x020d08b3) x17 0x00000000
core   0: 0x800047e4 (0x038a6d33) rem     s10, s4, s8
core   0: 3 0x800047e4 (0x038a6d33) x26 0x00000001
core   0: 0x800047e8 (0x40770333) sub     t1, a4, t2
core   0: 3 0x800047e8 (0x40770333) x 6 0x80018ce3
core   0: 0x800047ec (0x0319aab3) mulhsu  s5, s3, a7
core   0: 3 0x800047ec (0x0319aab3) x21 0x00000000
core   0: 0x800047f0 (0x32fd3eb7) lui     t4, 0x32fd3
core   0: 3 0x800047f0 (0x32fd3eb7) x29 0x32fd3000
core   0: 0x800047f4 (0x0b6e3793) sltiu   a5, t3, 182
core   0: 3 0x800047f4 (0x0b6e3793) x15 0x00000001
core   0: 0x800047f8 (0x0005c4b3) xor     s1, a1, zero
core   0: 3 0x800047f8 (0x0005c4b3) x 9 0xe9cbf57c
core   0: 0x800047fc (0x0787f193) andi    gp, a5, 120
core   0: 3 0x800047fc (0x0787f193) x 3 0x00000000
core   0: 0x80004800 (0x0040f533) and     a0, ra, tp
core   0: 3 0x80004800 (0x0040f533) x10 0x00000000
core   0: 0x80004804 (0x009a1c13) slli    s8, s4, 9
core   0: 3 0x80004804 (0x009a1c13) x24 0x00000200
core   0: 0x80004808 (0x00701213) slli    tp, zero, 7
core   0: 3 0x80004808 (0x00701213) x 4 0x00000000
core   0: 0x8000480c (0x01d4e0b3) or      ra, s1, t4
core   0: 3 0x8000480c (0x01d4e0b3) x 1 0xfbfff57c
core   0: 0x80004810 (0x00531a93) slli    s5, t1, 5
core   0: 3 0x80004810 (0x00531a93) x21 0x00319c60
core   0: 0x80004814 (0xea6f0e13) addi    t3, t5, -346
core   0: 3 0x80004814 (0xea6f0e13) x28 0xfffffea7
core   0: 0x80004818 (0x00ce9613) slli    a2, t4, 12
core   0: 3 0x80004818 (0x00ce9613) x12 0xd3000000
core   0: 0x8000481c (0x00f1cbb3) xor     s7, gp, a5
core   0: 3 0x8000481c (0x00f1cbb3) x23 0x00000001
core   0: 0x80004820 (0x401c5db3) sra     s11, s8, ra
core   0: 3 0x80004820 (0x401c5db3) x27 0x00000000
core   0: 0x80004824 (0x00e96bb3) or      s7, s2, a4
core   0: 3 0x80004824 (0x00e96bb3) x23 0x80018ce5
core   0: 0x80004828 (0x00000013) nop
core   0: 3 0x80004828 (0x00000013)
core   0: 0x8000482c (0x40110e33) sub     t3, sp, ra
core   0: 3 0x8000482c (0x40110e33) x28 0x840158e8
core   0: 0x80004830 (0xa8b5c813) xori    a6, a1, -1397
core   0: 3 0x80004830 (0xa8b5c813) x16 0x16340ff7
core   0: 0x80004834 (0x0027bfb3) sltu    t6, a5, sp
core   0: 3 0x80004834 (0x0027bfb3) x31 0x00000001
core   0: 0x80004838 (0xf5fa3c93) sltiu   s9, s4, -161
core   0: 3 0x80004838 (0xf5fa3c93) x25 0x00000001
core   0: 0x8000483c (0xac0dc313) xori    t1, s11, -1344
core   0: 3 0x8000483c (0xac0dc313) x 6 0xfffffac0
core   0: 0x80004840 (0x013f17b3) sll     a5, t5, s3
core   0: 3 0x80004840 (0x013f17b3) x15 0x00000002
core   0: 0x80004844 (0xc72a0e93) addi    t4, s4, -910
core   0: 3 0x80004844 (0xc72a0e93) x29 0xfffffc73
core   0: 0x80004848 (0x159e6813) ori     a6, t3, 345
core   0: 3 0x80004848 (0x159e6813) x16 0x840159f9
core   0: 0x8000484c (0x002b87b3) add     a5, s7, sp
core   0: 3 0x8000484c (0x002b87b3) x15 0x0002db49
core   0: 0x80004850 (0x0174de13) srli    t3, s1, 23
core   0: 3 0x80004850 (0x0174de13) x28 0x000001d3
core   0: 0x80004854 (0x00e7db93) srli    s7, a5, 14
core   0: 3 0x80004854 (0x00e7db93) x23 0x0000000b
core   0: 0x80004858 (0x02d11933) mulh    s2, sp, a3
core   0: 3 0x80004858 (0x02d11933) x18 0x00000000
core   0: 0x8000485c (0x00ee0533) add     a0, t3, a4
core   0: 3 0x8000485c (0x00ee0533) x10 0x80018eb7
core   0: 0x80004860 (0x007763b3) or      t2, a4, t2
core   0: 3 0x80004860 (0x007763b3) x 7 0x80018ce5
core   0: 0x80004864 (0x6462f413) andi    s0, t0, 1606
core   0: 3 0x80004864 (0x6462f413) x 8 0x00000404
core   0: 0x80004868 (0x026eafb3) mulhsu  t6, t4, t1
core   0: 3 0x80004868 (0x026eafb3) x31 0xfffffc73
core   0: 0x8000486c (0xd155b513) sltiu   a0, a1, -747
core   0: 3 0x8000486c (0xd155b513) x10 0x00000001
core   0: 0x80004870 (0x011a1313) slli    t1, s4, 17
core   0: 3 0x80004870 (0x011a1313) x 6 0x00020000
core   0: 0x80004874 (0xa9f7e793) ori     a5, a5, -1377
core   0: 3 0x80004874 (0xa9f7e793) x15 0xfffffbdf
core   0: 0x80004878 (0x0134bab3) sltu    s5, s1, s3
core   0: 3 0x80004878 (0x0134bab3) x21 0x00000000
core   0: 0x8000487c (0xbad56893) ori     a7, a0, -1107
core   0: 3 0x8000487c (0xbad56893) x17 0xfffffbad
core   0: 0x80004880 (0x0285a533) mulhsu  a0, a1, s0
core   0: 3 0x80004880 (0x0285a533) x10 0xffffffa6
core   0: 0x80004884 (0x02050633) mul     a2, a0, zero
core   0: 3 0x80004884 (0x02050633) x12 0x00000000
core   0: 0x80004888 (0x02e477b3) remu    a5, s0, a4
core   0: 3 0x80004888 (0x02e477b3) x15 0x00000404
core   0: 0x8000488c (0x3cda0793) addi    a5, s4, 973
core   0: 3 0x8000488c (0x3cda0793) x15 0x000003ce
core   0: 0x80004890 (0x03341833) mulh    a6, s0, s3
core   0: 3 0x80004890 (0x03341833) x16 0x00000000
core   0: 0x80004894 (0x9e663f13) sltiu   t5, a2, -1562
core   0: 3 0x80004894 (0x9e663f13) x30 0x00000001
core   0: 0x80004898 (0x02ff90b3) mulh    ra, t6, a5
core   0: 3 0x80004898 (0x02ff90b3) x 1 0xffffffff
core   0: 0x8000489c (0x0052cf33) xor     t5, t0, t0
core   0: 3 0x8000489c (0x0052cf33) x30 0x00000000
core   0: 0x800048a0 (0x035afeb3) remu    t4, s5, s5
core   0: 3 0x800048a0 (0x035afeb3) x29 0x00000000
core   0: 0x800048a4 (0x00c01c13) slli    s8, zero, 12
core   0: 3 0x800048a4 (0x00c01c13) x24 0x00000000
core   0: 0x800048a8 (0x012a3fb3) sltu    t6, s4, s2
core   0: 3 0x800048a8 (0x012a3fb3) x31 0x00000000
core   0: 0x800048ac (0x0338cab3) div     s5, a7, s3
core   0: 3 0x800048ac (0x0338cab3) x21 0xfffffbad
core   0: 0x800048b0 (0xe9582f97) auipc   t6, 0xe9582
core   0: 3 0x800048b0 (0xe9582f97) x31 0x695868b0
core   0: 0x800048b4 (0x7e4ebc93) sltiu   s9, t4, 2020
core   0: 3 0x800048b4 (0x7e4ebc93) x25 0x00000001
core   0: 0x800048b8 (0x01491f33) sll     t5, s2, s4
core   0: 3 0x800048b8 (0x01491f33) x30 0x00000000
core   0: 0x800048bc (0x00572233) slt     tp, a4, t0
core   0: 3 0x800048bc (0x00572233) x 4 0x00000001
core   0: 0x800048c0 (0x01ad9c93) slli    s9, s11, 26
core   0: 3 0x800048c0 (0x01ad9c93) x25 0x00000000
core   0: 0x800048c4 (0x00000013) nop
core   0: 3 0x800048c4 (0x00000013)
core   0: 0x800048c8 (0x41e95d93) srai    s11, s2, 30
core   0: 3 0x800048c8 (0x41e95d93) x27 0x00000000
core   0: 0x800048cc (0x024983b3) mul     t2, s3, tp
core   0: 3 0x800048cc (0x024983b3) x 7 0x00000001
core   0: 0x800048d0 (0x00000013) nop
core   0: 3 0x800048d0 (0x00000013)
core   0: 0x800048d4 (0x02749033) mulh    zero, s1, t2
core   0: 3 0x800048d4 (0x02749033)
core   0: 0x800048d8 (0xb62fa693) slti    a3, t6, -1182
core   0: 3 0x800048d8 (0xb62fa693) x13 0x00000000
core   0: 0x800048dc (0x031e3833) mulhu   a6, t3, a7
core   0: 3 0x800048dc (0x031e3833) x16 0x000001d2
core   0: 0x800048e0 (0x02567333) remu    t1, a2, t0
core   0: 3 0x800048e0 (0x02567333) x 6 0x00000000
core   0: 0x800048e4 (0xd8c4a913) slti    s2, s1, -628
core   0: 3 0x800048e4 (0xd8c4a913) x18 0x00000001
core   0: 0x800048e8 (0x90ad3d97) auipc   s11, 0x90ad3
core   0: 3 0x800048e8 (0x90ad3d97) x27 0x10ad78e8
core   0: 0x800048ec (0x03be2c93) slti    s9, t3, 59
core   0: 3 0x800048ec (0x03be2c93) x25 0x00000000
core   0: 0x800048f0 (0x03496933) rem     s2, s2, s4
core   0: 3 0x800048f0 (0x03496933) x18 0x00000000
core   0: 0x800048f4 (0x00458bb3) add     s7, a1, tp
core   0: 3 0x800048f4 (0x00458bb3) x23 0xe9cbf57d
core   0: 0x800048f8 (0x0281c4b3) div     s1, gp, s0
core   0: 3 0x800048f8 (0x0281c4b3) x 9 0x00000000
core   0: 0x800048fc (0x020f18b3) mulh    a7, t5, zero
core   0: 3 0x800048fc (0x020f18b3) x17 0x00000000
core   0: 0x80004900 (0x02e27833) remu    a6, tp, a4
core   0: 3 0x80004900 (0x02e27833) x16 0x00000001
core   0: 0x80004904 (0x156df393) andi    t2, s11, 342
core   0: 3 0x80004904 (0x156df393) x 7 0x00000040
core   0: 0x80004908 (0x02148833) mul     a6, s1, ra
core   0: 3 0x80004908 (0x02148833) x16 0x00000000
core   0: 0x8000490c (0x7a298093) addi    ra, s3, 1954
core   0: 3 0x8000490c (0x7a298093) x 1 0x000007a3
core   0: 0x80004910 (0x002f5833) srl     a6, t5, sp
core   0: 3 0x80004910 (0x002f5833) x16 0x00000000
core   0: 0x80004914 (0x407dde93) srai    t4, s11, 7
core   0: 3 0x80004914 (0x407dde93) x29 0x00215af1
core   0: 0x80004918 (0xc091c9b7) lui     s3, 0xc091c
core   0: 3 0x80004918 (0xc091c9b7) x19 0xc091c000
core   0: 0x8000491c (0x0387e433) rem     s0, a5, s8
core   0: 3 0x8000491c (0x0387e433) x 8 0x000003ce
core   0: 0x80004920 (0x95056393) ori     t2, a0, -1712
core   0: 3 0x80004920 (0x95056393) x 7 0xfffffff6
core   0: 0x80004924 (0x9a8f5997) auipc   s3, 0x9a8f5
core   0: 3 0x80004924 (0x9a8f5997) x19 0x1a8f9924
core   0: 0x80004928 (0x000eb1b3) sltu    gp, t4, zero
core   0: 3 0x80004928 (0x000eb1b3) x 3 0x00000000
core   0: 0x8000492c (0x024260b3) rem     ra, tp, tp
core   0: 3 0x8000492c (0x024260b3) x 1 0x00000000
core   0: 0x80004930 (0x01629eb3) sll     t4, t0, s6
core   0: 3 0x80004930 (0x01629eb3) x29 0x6416d2c0
core   0: 0x80004934 (0x02a02633) mulhsu  a2, zero, a0
core   0: 3 0x80004934 (0x02a02633) x12 0x00000000
core   0: 0x80004938 (0x014bd3b3) srl     t2, s7, s4
core   0: 3 0x80004938 (0x014bd3b3) x 7 0x74e5fabe
core   0: 0x8000493c (0x0192dd33) srl     s10, t0, s9
core   0: 3 0x8000493c (0x0192dd33) x26 0xf6416d2c
core   0: 0x80004940 (0x415907b3) sub     a5, s2, s5
core   0: 3 0x80004940 (0x415907b3) x15 0x00000453
core   0: 0x80004944 (0x03e52033) mulhsu  zero, a0, t5
core   0: 3 0x80004944 (0x03e52033)
core   0: 0x80004948 (0x00e75d93) srli    s11, a4, 14
core   0: 3 0x80004948 (0x00e75d93) x27 0x00020006
core   0: 0x8000494c (0x41e28a33) sub     s4, t0, t5
core   0: 3 0x8000494c (0x41e28a33) x20 0xf6416d2c
core   0: 0x80004950 (0x00545c13) srli    s8, s0, 5
core   0: 3 0x80004950 (0x00545c13) x24 0x0000001e
core   0: 0x80004954 (0x418ada93) srai    s5, s5, 24
core   0: 3 0x80004954 (0x418ada93) x21 0xffffffff
core   0: 0x80004958 (0x027d5033) divu    zero, s10, t2
core   0: 3 0x80004958 (0x027d5033)
core   0: 0x8000495c (0x00808f33) add     t5, ra, s0
core   0: 3 0x8000495c (0x00808f33) x30 0x000003ce
core   0: 0x80004960 (0x6c462793) slti    a5, a2, 1732
core   0: 3 0x80004960 (0x6c462793) x15 0x00000001
core   0: 0x80004964 (0x01e0f1b3) and     gp, ra, t5
core   0: 3 0x80004964 (0x01e0f1b3) x 3 0x00000000
core   0: 0x80004968 (0x03726833) rem     a6, tp, s7
core   0: 3 0x80004968 (0x03726833) x16 0x00000001
core   0: 0x8000496c (0x01e9a0b3) slt     ra, s3, t5
core   0: 3 0x8000496c (0x01e9a0b3) x 1 0x00000000
core   0: 0x80004970 (0x017296b3) sll     a3, t0, s7
core   0: 3 0x80004970 (0x017296b3) x13 0x80000000
core   0: 0x80004974 (0xdd122537) lui     a0, 0xdd122
core   0: 3 0x80004974 (0xdd122537) x10 0xdd122000
core   0: 0x80004978 (0xb6814613) xori    a2, sp, -1176
core   0: 3 0x80004978 (0xb6814613) x12 0x7ffeb50c
core   0: 0x8000497c (0x022c19b3) mulh    s3, s8, sp
core   0: 3 0x8000497c (0x022c19b3) x19 0xfffffff1
core   0: 0x80004980 (0x00b29533) sll     a0, t0, a1
core   0: 3 0x80004980 (0x00b29533) x10 0xc0000000
core   0: 0x80004984 (0xdb07e017) auipc   zero, 0xdb07e
core   0: 3 0x80004984 (0xdb07e017)
core   0: 0x80004988 (0x00f09233) sll     tp, ra, a5
core   0: 3 0x80004988 (0x00f09233) x 4 0x00000000
core   0: 0x8000498c (0x028c1833) mulh    a6, s8, s0
core   0: 3 0x8000498c (0x028c1833) x16 0x00000000
core   0: 0x80004990 (0x03b54ab3) div     s5, a0, s11
core   0: 3 0x80004990 (0x03b54ab3) x21 0xffffe001
core   0: 0x80004994 (0x6661a093) slti    ra, gp, 1638
core   0: 3 0x80004994 (0x6661a093) x 1 0x00000001
core   0: 0x80004998 (0xb12d2693) slti    a3, s10, -1262
core   0: 3 0x80004998 (0xb12d2693) x13 0x00000001
core   0: 0x8000499c (0x40a55533) sra     a0, a0, a0
core   0: 3 0x8000499c (0x40a55533) x10 0xc0000000
core   0: 0x800049a0 (0x02cb7fb3) remu    t6, s6, a2
core   0: 3 0x800049a0 (0x02cb7fb3) x31 0x286f7ed8
core   0: 0x800049a4 (0x41770e33) sub     t3, a4, s7
core   0: 3 0x800049a4 (0x41770e33) x28 0x96359767
core   0: 0x800049a8 (0x03d92e33) mulhsu  t3, s2, t4
core   0: 3 0x800049a8 (0x03d92e33) x28 0x00000000
core   0: 0x800049ac (0x73b80313) addi    t1, a6, 1851
core   0: 3 0x800049ac (0x73b80313) x 6 0x0000073b
core   0: 0x800049b0 (0xeaecb493) sltiu   s1, s9, -338
core   0: 3 0x800049b0 (0xeaecb493) x 9 0x00000001
core   0: 0x800049b4 (0x0332a6b3) mulhsu  a3, t0, s3
core   0: 3 0x800049b4 (0x0332a6b3) x13 0xf6416d2c
core   0: 0x800049b8 (0xfc7eee37) lui     t3, 0xfc7ee
core   0: 3 0x800049b8 (0xfc7eee37) x28 0xfc7ee000
core   0: 0x800049bc (0x030756b3) divu    a3, a4, a6
core   0: 3 0x800049bc (0x030756b3) x13 0xffffffff
core   0: 0x800049c0 (0x00215a93) srli    s5, sp, 2
core   0: 3 0x800049c0 (0x00215a93) x21 0x20005399
core   0: 0x800049c4 (0x03850333) mul     t1, a0, s8
core   0: 3 0x800049c4 (0x03850333) x 6 0x80000000
core   0: 0x800049c8 (0x23bf7a93) andi    s5, t5, 571
core   0: 3 0x800049c8 (0x23bf7a93) x21 0x0000020a
core   0: 0x800049cc (0x00988233) add     tp, a7, s1
core   0: 3 0x800049cc (0x00988233) x 4 0x00000001
core   0: 0x800049d0 (0x01f11a93) slli    s5, sp, 31
core   0: 3 0x800049d0 (0x01f11a93) x21 0x00000000
core   0: 0x800049d4 (0x02b4a333) mulhsu  t1, s1, a1
core   0: 3 0x800049d4 (0x02b4a333) x 6 0x00000000
core   0: 0x800049d8 (0x01ebb8b3) sltu    a7, s7, t5
core   0: 3 0x800049d8 (0x01ebb8b3) x17 0x00000000
core   0: 0x800049dc (0x01fc7333) and     t1, s8, t6
core   0: 3 0x800049dc (0x01fc7333) x 6 0x00000018
core   0: 0x800049e0 (0x00000013) nop
core   0: 3 0x800049e0 (0x00000013)
core   0: 0x800049e4 (0x411bd633) sra     a2, s7, a7
core   0: 3 0x800049e4 (0x411bd633) x12 0xe9cbf57d
core   0: 0x800049e8 (0x99577593) andi    a1, a4, -1643
core   0: 3 0x800049e8 (0x99577593) x11 0x80018884
core   0: 0x800049ec (0x1a418593) addi    a1, gp, 420
core   0: 3 0x800049ec (0x1a418593) x11 0x000001a4
core   0: 0x800049f0 (0x02e47b33) remu    s6, s0, a4
core   0: 3 0x800049f0 (0x02e47b33) x22 0x000003ce
core   0: 0x800049f4 (0x01ff09b3) add     s3, t5, t6
core   0: 3 0x800049f4 (0x01ff09b3) x19 0x286f82a6
core   0: 0x800049f8 (0x008b75b3) and     a1, s6, s0
core   0: 3 0x800049f8 (0x008b75b3) x11 0x000003ce
core   0: 0x800049fc (0x009c4db3) xor     s11, s8, s1
core   0: 3 0x800049fc (0x009c4db3) x27 0x0000001f
core   0: 0x80004a00 (0x0367e3b3) rem     t2, a5, s6
core   0: 3 0x80004a00 (0x0367e3b3) x 7 0x00000001
core   0: 0x80004a04 (0x009228b3) slt     a7, tp, s1
core   0: 3 0x80004a04 (0x009228b3) x17 0x00000000
core   0: 0x80004a08 (0x560afb93) andi    s7, s5, 1376
core   0: 3 0x80004a08 (0x560afb93) x23 0x00000000
core   0: 0x80004a0c (0x0199bf33) sltu    t5, s3, s9
core   0: 3 0x80004a0c (0x0199bf33) x30 0x00000000
core   0: 0x80004a10 (0x020421b3) mulhsu  gp, s0, zero
core   0: 3 0x80004a10 (0x020421b3) x 3 0x00000000
core   0: 0x80004a14 (0x02fdbdb3) mulhu   s11, s11, a5
core   0: 3 0x80004a14 (0x02fdbdb3) x27 0x00000000
core   0: 0x80004a18 (0x02f7b933) mulhu   s2, a5, a5
core   0: 3 0x80004a18 (0x02f7b933) x18 0x00000000
core   0: 0x80004a1c (0x031549b3) div     s3, a0, a7
core   0: 3 0x80004a1c (0x031549b3) x19 0xffffffff
core   0: 0x80004a20 (0x363b2013) slti    zero, s6, 867
core   0: 3 0x80004a20 (0x363b2013)
core   0: 0x80004a24 (0x49b02693) slti    a3, zero, 1179
core   0: 3 0x80004a24 (0x49b02693) x13 0x00000001
core   0: 0x80004a28 (0x028bf433) remu    s0, s7, s0
core   0: 3 0x80004a28 (0x028bf433) x 8 0x00000000
core   0: 0x80004a2c (0x01aa0433) add     s0, s4, s10
core   0: 3 0x80004a2c (0x01aa0433) x 8 0xec82da58
core   0: 0x80004a30 (0x00bd68b3) or      a7, s10, a1
core   0: 3 0x80004a30 (0x00bd68b3) x17 0xf6416fee
core   0: 0x80004a34 (0x02c62533) mulhsu  a0, a2, a2
core   0: 3 0x80004a34 (0x02c62533) x10 0xebb8f1df
core   0: 0x80004a38 (0x000e4f33) xor     t5, t3, zero
core   0: 3 0x80004a38 (0x000e4f33) x30 0xfc7ee000
core   0: 0x80004a3c (0x026d0c33) mul     s8, s10, t1
core   0: 3 0x80004a3c (0x026d0c33) x24 0x16223c20
core   0: 0x80004a40 (0x00a0f933) and     s2, ra, a0
core   0: 3 0x80004a40 (0x00a0f933) x18 0x00000001
core   0: 0x80004a44 (0x012dc233) xor     tp, s11, s2
core   0: 3 0x80004a44 (0x012dc233) x 4 0x00000001
core   0: 0x80004a48 (0x5d4dfab7) lui     s5, 0x5d4df
core   0: 3 0x80004a48 (0x5d4dfab7) x21 0x5d4df000
core   0: 0x80004a4c (0x03d7b7b3) mulhu   a5, a5, t4
core   0: 3 0x80004a4c (0x03d7b7b3) x15 0x00000000
core   0: 0x80004a50 (0x41935c33) sra     s8, t1, s9
core   0: 3 0x80004a50 (0x41935c33) x24 0x00000018
core   0: 0x80004a54 (0x006caf33) slt     t5, s9, t1
core   0: 3 0x80004a54 (0x006caf33) x30 0x00000001
core   0: 0x80004a58 (0xf8636313) ori     t1, t1, -122
core   0: 3 0x80004a58 (0xf8636313) x 6 0xffffff9e
core   0: 0x80004a5c (0x026273b3) remu    t2, tp, t1
core   0: 3 0x80004a5c (0x026273b3) x 7 0x00000001
core   0: 0x80004a60 (0x03e64a33) div     s4, a2, t5
core   0: 3 0x80004a60 (0x03e64a33) x20 0xe9cbf57d
core   0: 0x80004a64 (0x42cc6f13) ori     t5, s8, 1068
core   0: 3 0x80004a64 (0x42cc6f13) x30 0x0000043c
core   0: 0x80004a68 (0xb16d3313) sltiu   t1, s10, -1258
core   0: 3 0x80004a68 (0xb16d3313) x 6 0x00000001
core   0: 0x80004a6c (0x0060ddb3) srl     s11, ra, t1
core   0: 3 0x80004a6c (0x0060ddb3) x27 0x00000000
core   0: 0x80004a70 (0x00ffd033) srl     zero, t6, a5
core   0: 3 0x80004a70 (0x00ffd033)
core   0: 0x80004a74 (0x037480b3) mul     ra, s1, s7
core   0: 3 0x80004a74 (0x037480b3) x 1 0x00000000
core   0: 0x80004a78 (0x2e766337) lui     t1, 0x2e766
core   0: 3 0x80004a78 (0x2e766337) x 6 0x2e766000
core   0: 0x80004a7c (0x92152f37) lui     t5, 0x92152
core   0: 3 0x80004a7c (0x92152f37) x30 0x92152000
core   0: 0x80004a80 (0x40e18933) sub     s2, gp, a4
core   0: 3 0x80004a80 (0x40e18933) x18 0x7ffe731c
core   0: 0x80004a84 (0x00000013) nop
core   0: 3 0x80004a84 (0x00000013)
core   0: 0x80004a88 (0x40f25933) sra     s2, tp, a5
core   0: 3 0x80004a88 (0x40f25933) x18 0x00000001
core   0: 0x80004a8c (0x013100b3) add     ra, sp, s3
core   0: 3 0x80004a8c (0x013100b3) x 1 0x80014e63
core   0: 0x80004a90 (0x003fb533) sltu    a0, t6, gp
core   0: 3 0x80004a90 (0x003fb533) x10 0x00000000
core   0: 0x80004a94 (0xca342a93) slti    s5, s0, -861
core   0: 3 0x80004a94 (0xca342a93) x21 0x00000001
core   0: 0x80004a98 (0x00000013) nop
core   0: 3 0x80004a98 (0x00000013)
core   0: 0x80004a9c (0x31f84a13) xori    s4, a6, 799
core   0: 3 0x80004a9c (0x31f84a13) x20 0x0000031f
core   0: 0x80004aa0 (0x000e1433) sll     s0, t3, zero
core   0: 3 0x80004aa0 (0x000e1433) x 8 0xfc7ee000
core   0: 0x80004aa4 (0x312649b7) lui     s3, 0x31264
core   0: 3 0x80004aa4 (0x312649b7) x19 0x31264000
core   0: 0x80004aa8 (0x02b33f33) mulhu   t5, t1, a1
core   0: 3 0x80004aa8 (0x02b33f33) x30 0x000000b0
core   0: 0x80004aac (0x01913833) sltu    a6, sp, s9
core   0: 3 0x80004aac (0x01913833) x16 0x00000000
core   0: 0x80004ab0 (0x0072a933) slt     s2, t0, t2
core   0: 3 0x80004ab0 (0x0072a933) x18 0x00000001
core   0: 0x80004ab4 (0x026b6833) rem     a6, s6, t1
core   0: 3 0x80004ab4 (0x026b6833) x16 0x000003ce
core   0: 0x80004ab8 (0x03d94033) div     zero, s2, t4
core   0: 3 0x80004ab8 (0x03d94033)
core   0: 0x80004abc (0x02ad89b3) mul     s3, s11, a0
core   0: 3 0x80004abc (0x02ad89b3) x19 0x00000000
core   0: 0x80004ac0 (0x021b70b3) remu    ra, s6, ra
core   0: 3 0x80004ac0 (0x021b70b3) x 1 0x000003ce
core   0: 0x80004ac4 (0x00f60db3) add     s11, a2, a5
core   0: 3 0x80004ac4 (0x00f60db3) x27 0xe9cbf57d
core   0: 0x80004ac8 (0xbc46b213) sltiu   tp, a3, -1084
core   0: 3 0x80004ac8 (0xbc46b213) x 4 0x00000001
core   0: 0x80004acc (0x03b494b3) mulh    s1, s1, s11
core   0: 3 0x80004acc (0x03b494b3) x 9 0xffffffff
core   0: 0x80004ad0 (0xb259ee13) ori     t3, s3, -1243
core   0: 3 0x80004ad0 (0xb259ee13) x28 0xfffffb25
core   0: 0x80004ad4 (0x0237ea33) rem     s4, a5, gp
core   0: 3 0x80004ad4 (0x0237ea33) x20 0x00000000
core   0: 0x80004ad8 (0x00000013) nop
core   0: 3 0x80004ad8 (0x00000013)
core   0: 0x80004adc (0x33fdb993) sltiu   s3, s11, 831
core   0: 3 0x80004adc (0x33fdb993) x19 0x00000000
core   0: 0x80004ae0 (0xcaf52893) slti    a7, a0, -849
core   0: 3 0x80004ae0 (0xcaf52893) x17 0x00000000
core   0: 0x80004ae4 (0x01d830b3) sltu    ra, a6, t4
core   0: 3 0x80004ae4 (0x01d830b3) x 1 0x00000001
core   0: 0x80004ae8 (0xef61eb13) ori     s6, gp, -266
core   0: 3 0x80004ae8 (0xef61eb13) x22 0xfffffef6
core   0: 0x80004aec (0x02eff9b3) remu    s3, t6, a4
core   0: 3 0x80004aec (0x02eff9b3) x19 0x286f7ed8
core   0: 0x80004af0 (0x40bb06b3) sub     a3, s6, a1
core   0: 3 0x80004af0 (0x40bb06b3) x13 0xfffffb28
core   0: 0x80004af4 (0x031b3633) mulhu   a2, s6, a7
core   0: 3 0x80004af4 (0x031b3633) x12 0x00000000
core   0: 0x80004af8 (0x8d904813) xori    a6, zero, -1831
core   0: 3 0x80004af8 (0x8d904813) x16 0xfffff8d9
core   0: 0x80004afc (0x030aac33) mulhsu  s8, s5, a6
core   0: 3 0x80004afc (0x030aac33) x24 0x00000000
core   0: 0x80004b00 (0x00496c33) or      s8, s2, tp
core   0: 3 0x80004b00 (0x00496c33) x24 0x00000001
core   0: 0x80004b04 (0x803c6193) ori     gp, s8, -2045
core   0: 3 0x80004b04 (0x803c6193) x 3 0xfffff803
core   0: 0x80004b08 (0x039cc9b3) div     s3, s9, s9
core   0: 3 0x80004b08 (0x039cc9b3) x19 0xffffffff
core   0: 0x80004b0c (0x039674b3) remu    s1, a2, s9
core   0: 3 0x80004b0c (0x039674b3) x 9 0x00000000
core   0: 0x80004b10 (0x7b1a6513) ori     a0, s4, 1969
core   0: 3 0x80004b10 (0x7b1a6513) x10 0x000007b1
core   0: 0x80004b14 (0x48d0b593) sltiu   a1, ra, 1165
core   0: 3 0x80004b14 (0x48d0b593) x11 0x00000001
core   0: 0x80004b18 (0xade55d37) lui     s10, 0xade55
core   0: 3 0x80004b18 (0xade55d37) x26 0xade55000
core   0: 0x80004b1c (0x01e17533) and     a0, sp, t5
core   0: 3 0x80004b1c (0x01e17533) x10 0x00000020
core   0: 0x80004b20 (0x00f89db3) sll     s11, a7, a5
core   0: 3 0x80004b20 (0x00f89db3) x27 0x00000000
core   0: 0x80004b24 (0x0174bf33) sltu    t5, s1, s7
core   0: 3 0x80004b24 (0x0174bf33) x30 0x00000000
core   0: 0x80004b28 (0x034d78b3) remu    a7, s10, s4
core   0: 3 0x80004b28 (0x034d78b3) x17 0xade55000
core   0: 0x80004b2c (0x4bbc6497) auipc   s1, 0x4bbc6
core   0: 3 0x80004b2c (0x4bbc6497) x 9 0xcbbcab2c
core   0: 0x80004b30 (0xbf998013) addi    zero, s3, -1031
core   0: 3 0x80004b30 (0xbf998013)
core   0: 0x80004b34 (0x011e8533) add     a0, t4, a7
core   0: 3 0x80004b34 (0x011e8533) x10 0x11fc22c0
core   0: 0x80004b38 (0x44df4997) auipc   s3, 0x44df4
core   0: 3 0x80004b38 (0x44df4997) x19 0xc4df8b38
core   0: 0x80004b3c (0x00000013) nop
core   0: 3 0x80004b3c (0x00000013)
core   0: 0x80004b40 (0xdf78cf13) xori    t5, a7, -521
core   0: 3 0x80004b40 (0xdf78cf13) x30 0x521aadf7
core   0: 0x80004b44 (0x14882593) slti    a1, a6, 328
core   0: 3 0x80004b44 (0x14882593) x11 0x00000001
core   0: 0x80004b48 (0x0172d213) srli    tp, t0, 23
core   0: 3 0x80004b48 (0x0172d213) x 4 0x000001ec
core   0: 0x80004b4c (0x01d106b3) add     a3, sp, t4
core   0: 3 0x80004b4c (0x01d106b3) x13 0xe4182124
core   0: 0x80004b50 (0x40915c13) srai    s8, sp, 9
core   0: 3 0x80004b50 (0x40915c13) x24 0xffc000a7
core   0: 0x80004b54 (0x625d0513) addi    a0, s10, 1573
core   0: 3 0x80004b54 (0x625d0513) x10 0xade55625
core   0: 0x80004b58 (0x403b5093) srai    ra, s6, 3
core   0: 3 0x80004b58 (0x403b5093) x 1 0xffffffde
core   0: 0x80004b5c (0x01220e33) add     t3, tp, s2
core   0: 3 0x80004b5c (0x01220e33) x28 0x000001ed
core   0: 0x80004b60 (0xfad5a813) slti    a6, a1, -83
core   0: 3 0x80004b60 (0xfad5a813) x16 0x00000000
core   0: 0x80004b64 (0x76dfc313) xori    t1, t6, 1901
core   0: 3 0x80004b64 (0x76dfc313) x 6 0x286f79b5
core   0: 0x80004b68 (0x029ede33) divu    t3, t4, s1
core   0: 3 0x80004b68 (0x029ede33) x28 0x00000000
core   0: 0x80004b6c (0x9bac5b97) auipc   s7, 0x9bac5
core   0: 3 0x80004b6c (0x9bac5b97) x23 0x1bac9b6c
core   0: 0x80004b70 (0x415adf33) sra     t5, s5, s5
core   0: 3 0x80004b70 (0x415adf33) x30 0x00000000
core   0: 0x80004b74 (0x00124ab3) xor     s5, tp, ra
core   0: 3 0x80004b74 (0x00124ab3) x21 0xfffffe32
core   0: 0x80004b78 (0x01731433) sll     s0, t1, s7
core   0: 3 0x80004b78 (0x01731433) x 8 0xf79b5000
core   0: 0x80004b7c (0x03b387b3) mul     a5, t2, s11
core   0: 3 0x80004b7c (0x03b387b3) x15 0x00000000
core   0: 0x80004b80 (0x01479333) sll     t1, a5, s4
core   0: 3 0x80004b80 (0x01479333) x 6 0x00000000
core   0: 0x80004b84 (0x411ad493) srai    s1, s5, 17
core   0: 3 0x80004b84 (0x411ad493) x 9 0xffffffff
core   0: 0x80004b88 (0x014d93b3) sll     t2, s11, s4
core   0: 3 0x80004b88 (0x014d93b3) x 7 0x00000000
core   0: 0x80004b8c (0x1f373a97) auipc   s5, 0x1f373
core   0: 3 0x80004b8c (0x1f373a97) x21 0x9f377b8c
core   0: 0x80004b90 (0x64f87b13) andi    s6, a6, 1615
core   0: 3 0x80004b90 (0x64f87b13) x22 0x00000000
core   0: 0x80004b94 (0x03c10f33) mul     t5, sp, t3
core   0: 3 0x80004b94 (0x03c10f33) x30 0x00000000
core   0: 0x80004b98 (0x00000013) nop
core   0: 3 0x80004b98 (0x00000013)
core   0: 0x80004b9c (0x01d03db3) snez    s11, t4
core   0: 3 0x80004b9c (0x01d03db3) x27 0x00000001
core   0: 0x80004ba0 (0x0042dfb3) srl     t6, t0, tp
core   0: 3 0x80004ba0 (0x0042dfb3) x31 0x000f6416
core   0: 0x80004ba4 (0x02413533) mulhu   a0, sp, tp
core   0: 3 0x80004ba4 (0x02413533) x10 0x000000f6
core   0: 0x80004ba8 (0x00bf6933) or      s2, t5, a1
core   0: 3 0x80004ba8 (0x00bf6933) x18 0x00000001
core   0: 0x80004bac (0x008fc3b3) xor     t2, t6, s0
core   0: 3 0x80004bac (0x008fc3b3) x 7 0xf7943416
core   0: 0x80004bb0 (0x070cb213) sltiu   tp, s9, 112
core   0: 3 0x80004bb0 (0x070cb213) x 4 0x00000001
core   0: 0x80004bb4 (0x03b67533) remu    a0, a2, s11
core   0: 3 0x80004bb4 (0x03b67533) x10 0x00000000
core   0: 0x80004bb8 (0x0321e7b3) rem     a5, gp, s2
core   0: 3 0x80004bb8 (0x0321e7b3) x15 0x00000000
core   0: 0x80004bbc (0x0146c5b3) xor     a1, a3, s4
core   0: 3 0x80004bbc (0x0146c5b3) x11 0xe4182124
core   0: 0x80004bc0 (0x00083333) sltu    t1, a6, zero
core   0: 3 0x80004bc0 (0x00083333) x 6 0x00000000
core   0: 0x80004bc4 (0x01e7dd13) srli    s10, a5, 30
core   0: 3 0x80004bc4 (0x01e7dd13) x26 0x00000000
core   0: 0x80004bc8 (0x012a4bb3) xor     s7, s4, s2
core   0: 3 0x80004bc8 (0x012a4bb3) x23 0x00000001
core   0: 0x80004bcc (0x419d5693) srai    a3, s10, 25
core   0: 3 0x80004bcc (0x419d5693) x13 0x00000000
core   0: 0x80004bd0 (0x013fca33) xor     s4, t6, s3
core   0: 3 0x80004bd0 (0x013fca33) x20 0xc4d0ef2e
core   0: 0x80004bd4 (0x41895613) srai    a2, s2, 24
core   0: 3 0x80004bd4 (0x41895613) x12 0x00000000
core   0: 0x80004bd8 (0x00f0d513) srli    a0, ra, 15
core   0: 3 0x80004bd8 (0x00f0d513) x10 0x0001ffff
core   0: 0x80004bdc (0x124c29b7) lui     s3, 0x124c2
core   0: 3 0x80004bdc (0x124c29b7) x19 0x124c2000
core   0: 0x80004be0 (0x015d5c33) srl     s8, s10, s5
core   0: 3 0x80004be0 (0x015d5c33) x24 0x00000000
core   0: 0x80004be4 (0x03558eb3) mul     t4, a1, s5
core   0: 3 0x80004be4 (0x03558eb3) x29 0xcfda6bb0
core   0: 0x80004be8 (0x00000013) nop
core   0: 3 0x80004be8 (0x00000013)
core   0: 0x80004bec (0x038684b3) mul     s1, a3, s8
core   0: 3 0x80004bec (0x038684b3) x 9 0x00000000
core   0: 0x80004bf0 (0x01bf87b3) add     a5, t6, s11
core   0: 3 0x80004bf0 (0x01bf87b3) x15 0x000f6417
core   0: 0x80004bf4 (0x41fdda93) srai    s5, s11, 31
core   0: 3 0x80004bf4 (0x41fdda93) x21 0x00000000
core   0: 0x80004bf8 (0x0174d3b3) srl     t2, s1, s7
core   0: 3 0x80004bf8 (0x0174d3b3) x 7 0x00000000
core   0: 0x80004bfc (0x0231fab3) remu    s5, gp, gp
core   0: 3 0x80004bfc (0x0231fab3) x21 0x00000000
core   0: 0x80004c00 (0x41b95eb3) sra     t4, s2, s11
core   0: 3 0x80004c00 (0x41b95eb3) x29 0x00000000
core   0: 0x80004c04 (0x034c3ab3) mulhu   s5, s8, s4
core   0: 3 0x80004c04 (0x034c3ab3) x21 0x00000000
core   0: 0x80004c08 (0xc668e237) lui     tp, 0xc668e
core   0: 3 0x80004c08 (0xc668e237) x 4 0xc668e000
core   0: 0x80004c0c (0x014471b3) and     gp, s0, s4
core   0: 3 0x80004c0c (0x014471b3) x 3 0xc4904000
core   0: 0x80004c10 (0xaafee513) ori     a0, t4, -1361
core   0: 3 0x80004c10 (0xaafee513) x10 0xfffffaaf
core   0: 0x80004c14 (0x029f9db3) mulh    s11, t6, s1
core   0: 3 0x80004c14 (0x029f9db3) x27 0x00000000
core   0: 0x80004c18 (0x005e9813) slli    a6, t4, 5
core   0: 3 0x80004c18 (0x005e9813) x16 0x00000000
core   0: 0x80004c1c (0x3e6f3a13) sltiu   s4, t5, 998
core   0: 3 0x80004c1c (0x3e6f3a13) x20 0x00000001
core   0: 0x80004c20 (0xea75e693) ori     a3, a1, -345
core   0: 3 0x80004c20 (0xea75e693) x13 0xffffffa7
core   0: 0x80004c24 (0x40c188b3) sub     a7, gp, a2
core   0: 3 0x80004c24 (0x40c188b3) x17 0xc4904000
core   0: 0x80004c28 (0x0ddee313) ori     t1, t4, 221
core   0: 3 0x80004c28 (0x0ddee313) x 6 0x000000dd
core   0: 0x80004c2c (0x40f0d233) sra     tp, ra, a5
core   0: 3 0x80004c2c (0x40f0d233) x 4 0xffffffff
core   0: 0x80004c30 (0x00dfcbb3) xor     s7, t6, a3
core   0: 3 0x80004c30 (0x00dfcbb3) x23 0xfff09bb1
core   0: 0x80004c34 (0x4058d413) srai    s0, a7, 5
core   0: 3 0x80004c34 (0x4058d413) x 8 0xfe248200
core   0: 0x80004c38 (0x02442f33) mulhsu  t5, s0, tp
core   0: 3 0x80004c38 (0x02442f33) x30 0xfe248200
core   0: 0x80004c3c (0x00a47233) and     tp, s0, a0
core   0: 3 0x80004c3c (0x00a47233) x 4 0xfe248200
core   0: 0x80004c40 (0x01707833) and     a6, zero, s7
core   0: 3 0x80004c40 (0x01707833) x16 0x00000000
core   0: 0x80004c44 (0x035d7ab3) remu    s5, s10, s5
core   0: 3 0x80004c44 (0x035d7ab3) x21 0x00000000
core   0: 0x80004c48 (0x03170033) mul     zero, a4, a7
core   0: 3 0x80004c48 (0x03170033)
core   0: 0x80004c4c (0x00d2a333) slt     t1, t0, a3
core   0: 3 0x80004c4c (0x00d2a333) x 6 0x00000001
core   0: 0x80004c50 (0x41935313) srai    t1, t1, 25
core   0: 3 0x80004c50 (0x41935313) x 6 0x00000000
core   0: 0x80004c54 (0xe208fa13) andi    s4, a7, -480
core   0: 3 0x80004c54 (0xe208fa13) x20 0xc4904000
core   0: 0x80004c58 (0x07442c13) slti    s8, s0, 116
core   0: 3 0x80004c58 (0x07442c13) x24 0x00000001
core   0: 0x80004c5c (0x0272c4b3) div     s1, t0, t2
core   0: 3 0x80004c5c (0x0272c4b3) x 9 0xffffffff
core   0: 0x80004c60 (0x81848c93) addi    s9, s1, -2024
core   0: 3 0x80004c60 (0x81848c93) x25 0xfffff817
core   0: 0x80004c64 (0x01d86d33) or      s10, a6, t4
core   0: 3 0x80004c64 (0x01d86d33) x26 0x00000000
core   0: 0x80004c68 (0x00b04b33) xor     s6, zero, a1
core   0: 3 0x80004c68 (0x00b04b33) x22 0xe4182124
core   0: 0x80004c6c (0x40245533) sra     a0, s0, sp
core   0: 3 0x80004c6c (0x40245533) x10 0xffe24820
core   0: 0x80004c70 (0x03bc01b3) mul     gp, s8, s11
core   0: 3 0x80004c70 (0x03bc01b3) x 3 0x00000000
core   0: 0x80004c74 (0x41305a13) srai    s4, zero, 19
core   0: 3 0x80004c74 (0x41305a13) x20 0x00000000
core   0: 0x80004c78 (0x1d574097) auipc   ra, 0x1d574
core   0: 3 0x80004c78 (0x1d574097) x 1 0x9d578c78
core   0: 0x80004c7c (0x039166b3) rem     a3, sp, s9
core   0: 3 0x80004c7c (0x039166b3) x13 0xfffffc37
core   0: 0x80004c80 (0x46050f37) lui     t5, 0x46050
core   0: 3 0x80004c80 (0x46050f37) x30 0x46050000
core   0: 0x80004c84 (0x4185de13) srai    t3, a1, 24
core   0: 3 0x80004c84 (0x4185de13) x28 0xffffffe4
core   0: 0x80004c88 (0x038e6eb3) rem     t4, t3, s8
core   0: 3 0x80004c88 (0x038e6eb3) x29 0x00000000
core   0: 0x80004c8c (0x65a8bb93) sltiu   s7, a7, 1626
core   0: 3 0x80004c8c (0x65a8bb93) x23 0x00000000
core   0: 0x80004c90 (0x020f7933) remu    s2, t5, zero
core   0: 3 0x80004c90 (0x020f7933) x18 0x46050000
core   0: 0x80004c94 (0x02e947b3) div     a5, s2, a4
core   0: 3 0x80004c94 (0x02e947b3) x15 0x00000000
core   0: 0x80004c98 (0x012a84b3) add     s1, s5, s2
core   0: 3 0x80004c98 (0x012a84b3) x 9 0x46050000
core   0: 0x80004c9c (0xe6b2a993) slti    s3, t0, -405
core   0: 3 0x80004c9c (0xe6b2a993) x19 0x00000001
core   0: 0x80004ca0 (0x036838b3) mulhu   a7, a6, s6
core   0: 3 0x80004ca0 (0x036838b3) x17 0x00000000
core   0: 0x80004ca4 (0x0328deb3) divu    t4, a7, s2
core   0: 3 0x80004ca4 (0x0328deb3) x29 0x00000000
core   0: 0x80004ca8 (0x01fa3fb3) sltu    t6, s4, t6
core   0: 3 0x80004ca8 (0x01fa3fb3) x31 0x00000001
core   0: 0x80004cac (0x00871213) slli    tp, a4, 8
core   0: 3 0x80004cac (0x00871213) x 4 0x018ce400
core   0: 0x80004cb0 (0x0374e333) rem     t1, s1, s7
core   0: 3 0x80004cb0 (0x0374e333) x 6 0x46050000
core   0: 0x80004cb4 (0x01329cb3) sll     s9, t0, s3
core   0: 3 0x80004cb4 (0x01329cb3) x25 0xec82da58
core   0: 0x80004cb8 (0x000d33b3) sltu    t2, s10, zero
core   0: 3 0x80004cb8 (0x000d33b3) x 7 0x00000000
core   0: 0x80004cbc (0x017db233) sltu    tp, s11, s7
core   0: 3 0x80004cbc (0x017db233) x 4 0x00000000
core   0: 0x80004cc0 (0x03d414b3) mulh    s1, s0, t4
core   0: 3 0x80004cc0 (0x03d414b3) x 9 0x00000000
core   0: 0x80004cc4 (0x007298b3) sll     a7, t0, t2
core   0: 3 0x80004cc4 (0x007298b3) x17 0xf6416d2c
core   0: 0x80004cc8 (0x019c2933) slt     s2, s8, s9
core   0: 3 0x80004cc8 (0x019c2933) x18 0x00000000
core   0: 0x80004ccc (0x412ada93) srai    s5, s5, 18
core   0: 3 0x80004ccc (0x412ada93) x21 0x00000000
core   0: 0x80004cd0 (0x0345b0b3) mulhu   ra, a1, s4
core   0: 3 0x80004cd0 (0x0345b0b3) x 1 0x00000000
core   0: 0x80004cd4 (0xa9974893) xori    a7, a4, -1383
core   0: 3 0x80004cd4 (0xa9974893) x17 0x7ffe767d
core   0: 0x80004cd8 (0x35deb793) sltiu   a5, t4, 861
core   0: 3 0x80004cd8 (0x35deb793) x15 0x00000001
core   0: 0x80004cdc (0x028bc9b3) div     s3, s7, s0
core   0: 3 0x80004cdc (0x028bc9b3) x19 0x00000000
core   0: 0x80004ce0 (0x01914db3) xor     s11, sp, s9
core   0: 3 0x80004ce0 (0x01914db3) x27 0x6c83943c
core   0: 0x80004ce4 (0x00132233) slt     tp, t1, ra
core   0: 3 0x80004ce4 (0x00132233) x 4 0x00000000
core   0: 0x80004ce8 (0x029133b3) mulhu   t2, sp, s1
core   0: 3 0x80004ce8 (0x029133b3) x 7 0x00000000
core   0: 0x80004cec (0x029081b3) mul     gp, ra, s1
core   0: 3 0x80004cec (0x029081b3) x 3 0x00000000
core   0: 0x80004cf0 (0x00000013) nop
core   0: 3 0x80004cf0 (0x00000013)
core   0: 0x80004cf4 (0x012cd513) srli    a0, s9, 18
core   0: 3 0x80004cf4 (0x012cd513) x10 0x00003b20
core   0: 0x80004cf8 (0xfc2c85b7) lui     a1, 0xfc2c8
core   0: 3 0x80004cf8 (0xfc2c85b7) x11 0xfc2c8000
core   0: 0x80004cfc (0x03220d33) mul     s10, tp, s2
core   0: 3 0x80004cfc (0x03220d33) x26 0x00000000
core   0: 0x80004d00 (0xe7cda013) slti    zero, s11, -388
core   0: 3 0x80004d00 (0xe7cda013)
core   0: 0x80004d04 (0x03d73c33) mulhu   s8, a4, t4
core   0: 3 0x80004d04 (0x03d73c33) x24 0x00000000
core   0: 0x80004d08 (0x00cdf1b3) and     gp, s11, a2
core   0: 3 0x80004d08 (0x00cdf1b3) x 3 0x00000000
core   0: 0x80004d0c (0x00000013) nop
core   0: 3 0x80004d0c (0x00000013)
core   0: 0x80004d10 (0x4a126897) auipc   a7, 0x4a126
core   0: 3 0x80004d10 (0x4a126897) x17 0xca12ad10
core   0: 0x80004d14 (0x029d9d33) mulh    s10, s11, s1
core   0: 3 0x80004d14 (0x029d9d33) x26 0x00000000
core   0: 0x80004d18 (0x00c57e33) and     t3, a0, a2
core   0: 3 0x80004d18 (0x00c57e33) x28 0x00000000
core   0: 0x80004d1c (0xd5787b17) auipc   s6, 0xd5787
core   0: 3 0x80004d1c (0xd5787b17) x22 0x5578bd1c
core   0: 0x80004d20 (0x0334f933) remu    s2, s1, s3
core   0: 3 0x80004d20 (0x0334f933) x18 0x00000000
core   0: 0x80004d24 (0xe6050d13) addi    s10, a0, -416
core   0: 3 0x80004d24 (0xe6050d13) x26 0x00003980
core   0: 0x80004d28 (0xb3d1a393) slti    t2, gp, -1219
core   0: 3 0x80004d28 (0xb3d1a393) x 7 0x00000000
core   0: 0x80004d2c (0x417dd913) srai    s2, s11, 23
core   0: 3 0x80004d2c (0x417dd913) x18 0x000000d9
core   0: 0x80004d30 (0x039c7233) remu    tp, s8, s9
core   0: 3 0x80004d30 (0x039c7233) x 4 0x00000000
core   0: 0x80004d34 (0x901aa213) slti    tp, s5, -1791
core   0: 3 0x80004d34 (0x901aa213) x 4 0x00000000
core   0: 0x80004d38 (0x7b663f13) sltiu   t5, a2, 1974
core   0: 3 0x80004d38 (0x7b663f13) x30 0x00000001
core   0: 0x80004d3c (0x031bbbb3) mulhu   s7, s7, a7
core   0: 3 0x80004d3c (0x031bbbb3) x23 0x00000000
core   0: 0x80004d40 (0xd4797893) andi    a7, s2, -697
core   0: 3 0x80004d40 (0xd4797893) x17 0x00000041
core   0: 0x80004d44 (0x397c7c13) andi    s8, s8, 919
core   0: 3 0x80004d44 (0x397c7c13) x24 0x00000000
core   0: 0x80004d48 (0x01688d33) add     s10, a7, s6
core   0: 3 0x80004d48 (0x01688d33) x26 0x5578bd5d
core   0: 0x80004d4c (0x58eaaa13) slti    s4, s5, 1422
core   0: 3 0x80004d4c (0x58eaaa13) x20 0x00000001
core   0: 0x80004d50 (0x03ed0933) mul     s2, s10, t5
core   0: 3 0x80004d50 (0x03ed0933) x18 0x5578bd5d
core   0: 0x80004d54 (0x0d0e3413) sltiu   s0, t3, 208
core   0: 3 0x80004d54 (0x0d0e3413) x 8 0x00000001
core   0: 0x80004d58 (0x01f4b9b3) sltu    s3, s1, t6
core   0: 3 0x80004d58 (0x01f4b9b3) x19 0x00000001
core   0: 0x80004d5c (0x411f0633) sub     a2, t5, a7
core   0: 3 0x80004d5c (0x411f0633) x12 0xffffffc0
core   0: 0x80004d60 (0x41a88c33) sub     s8, a7, s10
core   0: 3 0x80004d60 (0x41a88c33) x24 0xaa8742e4
core   0: 0x80004d64 (0x1caca893) slti    a7, s9, 458
core   0: 3 0x80004d64 (0x1caca893) x17 0x00000001
core   0: 0x80004d68 (0x0199fc33) and     s8, s3, s9
core   0: 3 0x80004d68 (0x0199fc33) x24 0x00000000
core   0: 0x80004d6c (0x01b4e233) or      tp, s1, s11
core   0: 3 0x80004d6c (0x01b4e233) x 4 0x6c83943c
core   0: 0x80004d70 (0x003d9eb3) sll     t4, s11, gp
core   0: 3 0x80004d70 (0x003d9eb3) x29 0x6c83943c
core   0: 0x80004d74 (0x00f0a0b3) slt     ra, ra, a5
core   0: 3 0x80004d74 (0x00f0a0b3) x 1 0x00000001
core   0: 0x80004d78 (0x016c71b3) and     gp, s8, s6
core   0: 3 0x80004d78 (0x016c71b3) x 3 0x00000000
core   0: 0x80004d7c (0x01638f33) add     t5, t2, s6
core   0: 3 0x80004d7c (0x01638f33) x30 0x5578bd1c
core   0: 0x80004d80 (0x013d5933) srl     s2, s10, s3
core   0: 3 0x80004d80 (0x013d5933) x18 0x2abc5eae
core   0: 0x80004d84 (0x01a69b33) sll     s6, a3, s10
core   0: 3 0x80004d84 (0x01a69b33) x22 0xe0000000
core   0: 0x80004d88 (0x00000013) nop
core   0: 3 0x80004d88 (0x00000013)
core   0: 0x80004d8c (0x00000013) nop
core   0: 3 0x80004d8c (0x00000013)
core   0: 0x80004d90 (0x03c80633) mul     a2, a6, t3
core   0: 3 0x80004d90 (0x03c80633) x12 0x00000000
core   0: 0x80004d94 (0xd840ea93) ori     s5, ra, -636
core   0: 3 0x80004d94 (0xd840ea93) x21 0xfffffd85
core   0: 0x80004d98 (0x03fc4eb3) div     t4, s8, t6
core   0: 3 0x80004d98 (0x03fc4eb3) x29 0x00000000
core   0: 0x80004d9c (0x00ef3c33) sltu    s8, t5, a4
core   0: 3 0x80004d9c (0x00ef3c33) x24 0x00000001
core   0: 0x80004da0 (0x41f10fb3) sub     t6, sp, t6
core   0: 3 0x80004da0 (0x41f10fb3) x31 0x80014e63
core   0: 0x80004da4 (0x00000013) nop
core   0: 3 0x80004da4 (0x00000013)
core   0: 0x80004da8 (0x00711f93) slli    t6, sp, 7
core   0: 3 0x80004da8 (0x00711f93) x31 0x00a73200
core   0: 0x80004dac (0x01a6b9b3) sltu    s3, a3, s10
core   0: 3 0x80004dac (0x01a6b9b3) x19 0x00000000
core   0: 0x80004db0 (0x03b7e0b3) rem     ra, a5, s11
core   0: 3 0x80004db0 (0x03b7e0b3) x 1 0x00000001
core   0: 0x80004db4 (0x00019993) slli    s3, gp, 0
core   0: 3 0x80004db4 (0x00019993) x19 0x00000000
core   0: 0x80004db8 (0xd2b2b593) sltiu   a1, t0, -725
core   0: 3 0x80004db8 (0xd2b2b593) x11 0x00000001
core   0: 0x80004dbc (0x015481b3) add     gp, s1, s5
core   0: 3 0x80004dbc (0x015481b3) x 3 0xfffffd85
core   0: 0x80004dc0 (0x48a52b93) slti    s7, a0, 1162
core   0: 3 0x80004dc0 (0x48a52b93) x23 0x00000000
core   0: 0x80004dc4 (0x018c46b3) xor     a3, s8, s8
core   0: 3 0x80004dc4 (0x018c46b3) x13 0x00000000
core   0: 0x80004dc8 (0x02e1a9b3) mulhsu  s3, gp, a4
core   0: 3 0x80004dc8 (0x02e1a9b3) x19 0xfffffec2
core   0: 0x80004dcc (0xae5d6e93) ori     t4, s10, -1307
core   0: 3 0x80004dcc (0xae5d6e93) x29 0xfffffffd
core   0: 0x80004dd0 (0x0186a433) slt     s0, a3, s8
core   0: 3 0x80004dd0 (0x0186a433) x 8 0x00000001
core   0: 0x80004dd4 (0x4062d7b3) sra     a5, t0, t1
core   0: 3 0x80004dd4 (0x4062d7b3) x15 0xf6416d2c
core   0: 0x80004dd8 (0x02b3afb3) mulhsu  t6, t2, a1
core   0: 3 0x80004dd8 (0x02b3afb3) x31 0x00000000
core   0: 0x80004ddc (0x7709c213) xori    tp, s3, 1904
core   0: 3 0x80004ddc (0x7709c213) x 4 0xfffff9b2
core   0: 0x80004de0 (0x03744833) div     a6, s0, s7
core   0: 3 0x80004de0 (0x03744833) x16 0xffffffff
core   0: 0x80004de4 (0x0315be33) mulhu   t3, a1, a7
core   0: 3 0x80004de4 (0x0315be33) x28 0x00000000
core   0: 0x80004de8 (0x0182cbb3) xor     s7, t0, s8
core   0: 3 0x80004de8 (0x0182cbb3) x23 0xf6416d2d
core   0: 0x80004dec (0x6ba00693) li      a3, 1722
core   0: 3 0x80004dec (0x6ba00693) x13 0x000006ba
core   0: 0x80004df0 (0x03426cb3) rem     s9, tp, s4
core   0: 3 0x80004df0 (0x03426cb3) x25 0x00000000
core   0: 0x80004df4 (0x35ff8413) addi    s0, t6, 863
core   0: 3 0x80004df4 (0x35ff8413) x 8 0x0000035f
core   0: 0x80004df8 (0x1873a3b7) lui     t2, 0x1873a
core   0: 3 0x80004df8 (0x1873a3b7) x 7 0x1873a000
core   0: 0x80004dfc (0x020601b3) mul     gp, a2, zero
core   0: 3 0x80004dfc (0x020601b3) x 3 0x00000000
core   0: 0x80004e00 (0x01e69333) sll     t1, a3, t5
core   0: 3 0x80004e00 (0x01e69333) x 6 0xa0000000
core   0: 0x80004e04 (0x01ba1c93) slli    s9, s4, 27
core   0: 3 0x80004e04 (0x01ba1c93) x25 0x08000000
core   0: 0x80004e08 (0xa4f7afb7) lui     t6, 0xa4f7a
core   0: 3 0x80004e08 (0xa4f7afb7) x31 0xa4f7a000
core   0: 0x80004e0c (0x015f0433) add     s0, t5, s5
core   0: 3 0x80004e0c (0x015f0433) x 8 0x5578baa1
core   0: 0x80004e10 (0x007ee5b3) or      a1, t4, t2
core   0: 3 0x80004e10 (0x007ee5b3) x11 0xfffffffd
core   0: 0x80004e14 (0x400d0db3) sub     s11, s10, zero
core   0: 3 0x80004e14 (0x400d0db3) x27 0x5578bd5d
core   0: 0x80004e18 (0x0099cfb3) xor     t6, s3, s1
core   0: 3 0x80004e18 (0x0099cfb3) x31 0xfffffec2
core   0: 0x80004e1c (0x01bf27b3) slt     a5, t5, s11
core   0: 3 0x80004e1c (0x01bf27b3) x15 0x00000001
core   0: 0x80004e20 (0x022dd9b3) divu    s3, s11, sp
core   0: 3 0x80004e20 (0x022dd9b3) x19 0x00000000
core   0: 0x80004e24 (0x01ac5db3) srl     s11, s8, s10
core   0: 3 0x80004e24 (0x01ac5db3) x27 0x00000000
core   0: 0x80004e28 (0x03285cb3) divu    s9, a6, s2
core   0: 3 0x80004e28 (0x03285cb3) x25 0x00000005
core   0: 0x80004e2c (0x002e2633) slt     a2, t3, sp
core   0: 3 0x80004e2c (0x002e2633) x12 0x00000000
core   0: 0x80004e30 (0x0063bbb3) sltu    s7, t2, t1
core   0: 3 0x80004e30 (0x0063bbb3) x23 0x00000001
core   0: 0x80004e34 (0x40e58d33) sub     s10, a1, a4
core   0: 3 0x80004e34 (0x40e58d33) x26 0x7ffe7319
core   0: 0x80004e38 (0x006f1233) sll     tp, t5, t1
core   0: 3 0x80004e38 (0x006f1233) x 4 0x5578bd1c
core   0: 0x80004e3c (0x03662b33) mulhsu  s6, a2, s6
core   0: 3 0x80004e3c (0x03662b33) x22 0x00000000
core   0: 0x80004e40 (0x02863f33) mulhu   t5, a2, s0
core   0: 3 0x80004e40 (0x02863f33) x30 0x00000000
core   0: 0x80004e44 (0x00765a93) srli    s5, a2, 7
core   0: 3 0x80004e44 (0x00765a93) x21 0x00000000
core   0: 0x80004e48 (0x32ecfb93) andi    s7, s9, 814
core   0: 3 0x80004e48 (0x32ecfb93) x23 0x00000004
core   0: 0x80004e4c (0x02698833) mul     a6, s3, t1
core   0: 3 0x80004e4c (0x02698833) x16 0x00000000
core   0: 0x80004e50 (0x53993013) sltiu   zero, s2, 1337
core   0: 3 0x80004e50 (0x53993013)
core   0: 0x80004e54 (0x41a15cb3) sra     s9, sp, s10
core   0: 3 0x80004e54 (0x41a15cb3) x25 0xffffffc0
core   0: 0x80004e58 (0x404800b3) sub     ra, a6, tp
core   0: 3 0x80004e58 (0x404800b3) x 1 0xaa8742e4
core   0: 0x80004e5c (0x01b5a8b3) slt     a7, a1, s11
core   0: 3 0x80004e5c (0x01b5a8b3) x17 0x00000001
core   0: 0x80004e60 (0x01724a33) xor     s4, tp, s7
core   0: 3 0x80004e60 (0x01724a33) x20 0x5578bd18
core   0: 0x80004e64 (0x016c56b3) srl     a3, s8, s6
core   0: 3 0x80004e64 (0x016c56b3) x13 0x00000001
core   0: 0x80004e68 (0x00000013) nop
core   0: 3 0x80004e68 (0x00000013)
core   0: 0x80004e6c (0x5c61cb37) lui     s6, 0x5c61c
core   0: 3 0x80004e6c (0x5c61cb37) x22 0x5c61c000
core   0: 0x80004e70 (0x01c95493) srli    s1, s2, 28
core   0: 3 0x80004e70 (0x01c95493) x 9 0x00000002
core   0: 0x80004e74 (0x01fe88b3) add     a7, t4, t6
core   0: 3 0x80004e74 (0x01fe88b3) x17 0xfffffebf
core   0: 0x80004e78 (0x029cebb3) rem     s7, s9, s1
core   0: 3 0x80004e78 (0x029cebb3) x23 0x00000000
core   0: 0x80004e7c (0x00c2e0b3) or      ra, t0, a2
core   0: 3 0x80004e7c (0x00c2e0b3) x 1 0xf6416d2c
core   0: 0x80004e80 (0x00f46433) or      s0, s0, a5
core   0: 3 0x80004e80 (0x00f46433) x 8 0x5578baa1
core   0: 0x80004e84 (0x4517ea93) ori     s5, a5, 1105
core   0: 3 0x80004e84 (0x4517ea93) x21 0x00000451
core   0: 0x80004e88 (0x033e61b3) rem     gp, t3, s3
core   0: 3 0x80004e88 (0x033e61b3) x 3 0x00000000
core   0: 0x80004e8c (0x3b817a13) andi    s4, sp, 952
core   0: 3 0x80004e8c (0x3b817a13) x20 0x00000220
core   0: 0x80004e90 (0x027b2bb3) mulhsu  s7, s6, t2
core   0: 3 0x80004e90 (0x027b2bb3) x23 0x08d2e3a6
core   0: 0x80004e94 (0x88c8c093) xori    ra, a7, -1908
core   0: 3 0x80004e94 (0x88c8c093) x 1 0x00000633
core   0: 0x80004e98 (0x009cee33) or      t3, s9, s1
core   0: 3 0x80004e98 (0x009cee33) x28 0xffffffc2
core   0: 0x80004e9c (0x05f03693) sltiu   a3, zero, 95
core   0: 3 0x80004e9c (0x05f03693) x13 0x00000001
core   0: 0x80004ea0 (0xcd482a93) slti    s5, a6, -812
core   0: 3 0x80004ea0 (0xcd482a93) x21 0x00000000
core   0: 0x80004ea4 (0x012dcd33) xor     s10, s11, s2
core   0: 3 0x80004ea4 (0x012dcd33) x26 0x2abc5eae
core   0: 0x80004ea8 (0x020ccfb3) div     t6, s9, zero
core   0: 3 0x80004ea8 (0x020ccfb3) x31 0xffffffff
core   0: 0x80004eac (0xba6844b7) lui     s1, 0xba684
core   0: 3 0x80004eac (0xba6844b7) x 9 0xba684000
core   0: 0x80004eb0 (0x0120a933) slt     s2, ra, s2
core   0: 3 0x80004eb0 (0x0120a933) x18 0x00000001
core   0: 0x80004eb4 (0x03f3c833) div     a6, t2, t6
core   0: 3 0x80004eb4 (0x03f3c833) x16 0xe78c6000
core   0: 0x80004eb8 (0x00e91a33) sll     s4, s2, a4
core   0: 3 0x80004eb8 (0x00e91a33) x20 0x00000010
core   0: 0x80004ebc (0x4168d693) srai    a3, a7, 22
core   0: 3 0x80004ebc (0x4168d693) x13 0xffffffff
core   0: 0x80004ec0 (0x03275e33) divu    t3, a4, s2
core   0: 3 0x80004ec0 (0x03275e33) x28 0x80018ce4
core   0: 0x80004ec4 (0x02cbeab3) rem     s5, s7, a2
core   0: 3 0x80004ec4 (0x02cbeab3) x21 0x08d2e3a6
core   0: 0x80004ec8 (0x01abe633) or      a2, s7, s10
core   0: 3 0x80004ec8 (0x01abe633) x12 0x2afeffae
core   0: 0x80004ecc (0x002c8fb3) add     t6, s9, sp
core   0: 3 0x80004ecc (0x002c8fb3) x31 0x80014e24
core   0: 0x80004ed0 (0x00ed0b33) add     s6, s10, a4
core   0: 3 0x80004ed0 (0x00ed0b33) x22 0xaabdeb92
core   0: 0x80004ed4 (0x509aa693) slti    a3, s5, 1289
core   0: 3 0x80004ed4 (0x509aa693) x13 0x00000000
core   0: 0x80004ed8 (0x2bb64e13) xori    t3, a2, 699
core   0: 3 0x80004ed8 (0x2bb64e13) x28 0x2afefd15
core   0: 0x80004edc (0x41968933) sub     s2, a3, s9
core   0: 3 0x80004edc (0x41968933) x18 0x00000040
core   0: 0x80004ee0 (0xf23abe93) sltiu   t4, s5, -221
core   0: 3 0x80004ee0 (0xf23abe93) x29 0x00000001
core   0: 0x80004ee4 (0x30c30f13) addi    t5, t1, 780
core   0: 3 0x80004ee4 (0x30c30f13) x30 0xa000030c
core   0: 0x80004ee8 (0xf5266093) ori     ra, a2, -174
core   0: 3 0x80004ee8 (0xf5266093) x 1 0xfffffffe
core   0: 0x80004eec (0x1c74e093) ori     ra, s1, 455
core   0: 3 0x80004eec (0x1c74e093) x 1 0xba6841c7
core   0: 0x80004ef0 (0x033c5233) divu    tp, s8, s3
core   0: 3 0x80004ef0 (0x033c5233) x 4 0xffffffff
core   0: 0x80004ef4 (0xc4818d37) lui     s10, 0xc4818
core   0: 3 0x80004ef4 (0xc4818d37) x26 0xc4818000
core   0: 0x80004ef8 (0x6cb8a313) slti    t1, a7, 1739
core   0: 3 0x80004ef8 (0x6cb8a313) x 6 0x00000001
core   0: 0x80004efc (0x83e8be13) sltiu   t3, a7, -1986
core   0: 3 0x80004efc (0x83e8be13) x28 0x00000000
core   0: 0x80004f00 (0x00c51833) sll     a6, a0, a2
core   0: 3 0x80004f00 (0x00c51833) x16 0x0ec80000
core   0: 0x80004f04 (0x00f5ec33) or      s8, a1, a5
core   0: 3 0x80004f04 (0x00f5ec33) x24 0xfffffffd
core   0: 0x80004f08 (0x00825433) srl     s0, tp, s0
core   0: 3 0x80004f08 (0x00825433) x 8 0x7fffffff
core   0: 0x80004f0c (0x01ad2fb3) slt     t6, s10, s10
core   0: 3 0x80004f0c (0x01ad2fb3) x31 0x00000000
core   0: 0x80004f10 (0x001d5613) srli    a2, s10, 1
core   0: 3 0x80004f10 (0x001d5613) x12 0x6240c000
core   0: 0x80004f14 (0x0023a8b3) slt     a7, t2, sp
core   0: 3 0x80004f14 (0x0023a8b3) x17 0x00000000
core   0: 0x80004f18 (0x01455913) srli    s2, a0, 20
core   0: 3 0x80004f18 (0x01455913) x18 0x00000000
core   0: 0x80004f1c (0x4933ae93) slti    t4, t2, 1171
core   0: 3 0x80004f1c (0x4933ae93) x29 0x00000000
core   0: 0x80004f20 (0x02f54433) div     s0, a0, a5
core   0: 3 0x80004f20 (0x02f54433) x 8 0x00003b20
core   0: 0x80004f24 (0x0111fdb3) and     s11, gp, a7
core   0: 3 0x80004f24 (0x0111fdb3) x27 0x00000000
core   0: 0x80004f28 (0x00be9493) slli    s1, t4, 11
core   0: 3 0x80004f28 (0x00be9493) x 9 0x00000000
core   0: 0x80004f2c (0xeae2e413) ori     s0, t0, -338
core   0: 3 0x80004f2c (0xeae2e413) x 8 0xffffffae
core   0: 0x80004f30 (0x02798333) mul     t1, s3, t2
core   0: 3 0x80004f30 (0x02798333) x 6 0x00000000
core   0: 0x80004f34 (0xedaa48b7) lui     a7, 0xedaa4
core   0: 3 0x80004f34 (0xedaa48b7) x17 0xedaa4000
core   0: 0x80004f38 (0x40dd0e13) addi    t3, s10, 1037
core   0: 3 0x80004f38 (0x40dd0e13) x28 0xc481840d
core   0: 0x80004f3c (0x01c07033) and     zero, zero, t3
core   0: 3 0x80004f3c (0x01c07033)
core   0: 0x80004f40 (0x028bde33) divu    t3, s7, s0
core   0: 3 0x80004f40 (0x028bde33) x28 0x00000000
core   0: 0x80004f44 (0x299d3b93) sltiu   s7, s10, 665
core   0: 3 0x80004f44 (0x299d3b93) x23 0x00000000
core   0: 0x80004f48 (0x00000013) nop
core   0: 3 0x80004f48 (0x00000013)
core   0: 0x80004f4c (0x00dee0b3) or      ra, t4, a3
core   0: 3 0x80004f4c (0x00dee0b3) x 1 0x00000000
core   0: 0x80004f50 (0x166c6393) ori     t2, s8, 358
core   0: 3 0x80004f50 (0x166c6393) x 7 0xffffffff
core   0: 0x80004f54 (0x00be99b3) sll     s3, t4, a1
core   0: 3 0x80004f54 (0x00be99b3) x19 0x00000000
core   0: 0x80004f58 (0x032e10b3) mulh    ra, t3, s2
core   0: 3 0x80004f58 (0x032e10b3) x 1 0x00000000
core   0: 0x80004f5c (0x41990d33) sub     s10, s2, s9
core   0: 3 0x80004f5c (0x41990d33) x26 0x00000040
core   0: 0x80004f60 (0x006f9213) slli    tp, t6, 6
core   0: 3 0x80004f60 (0x006f9213) x 4 0x00000000
core   0: 0x80004f64 (0x032e74b3) remu    s1, t3, s2
core   0: 3 0x80004f64 (0x032e74b3) x 9 0x00000000
core   0: 0x80004f68 (0x033699b3) mulh    s3, a3, s3
core   0: 3 0x80004f68 (0x033699b3) x19 0x00000000
core   0: 0x80004f6c (0x6768c237) lui     tp, 0x6768c
core   0: 3 0x80004f6c (0x6768c237) x 4 0x6768c000
core   0: 0x80004f70 (0x01a29413) slli    s0, t0, 26
core   0: 3 0x80004f70 (0x01a29413) x 8 0xb0000000
core   0: 0x80004f74 (0x026389b3) mul     s3, t2, t1
core   0: 3 0x80004f74 (0x026389b3) x19 0x00000000
core   0: 0x80004f78 (0x015b4fb3) xor     t6, s6, s5
core   0: 3 0x80004f78 (0x015b4fb3) x31 0xa26f0834
core   0: 0x80004f7c (0x0f2eb213) sltiu   tp, t4, 242
core   0: 3 0x80004f7c (0x0f2eb213) x 4 0x00000001
core   0: 0x80004f80 (0x03995f33) divu    t5, s2, s9
core   0: 3 0x80004f80 (0x03995f33) x30 0x00000000
core   0: 0x80004f84 (0x01489933) sll     s2, a7, s4
core   0: 3 0x80004f84 (0x01489933) x18 0x40000000
core   0: 0x80004f88 (0x00dc7ab3) and     s5, s8, a3
core   0: 3 0x80004f88 (0x00dc7ab3) x21 0x00000000
core   0: 0x80004f8c (0x0379ecb3) rem     s9, s3, s7
core   0: 3 0x80004f8c (0x0379ecb3) x25 0x00000000
core   0: 0x80004f90 (0x9e654413) xori    s0, a0, -1562
core   0: 3 0x80004f90 (0x9e654413) x 8 0xffffc2c6
core   0: 0x80004f94 (0x1052b913) sltiu   s2, t0, 261
core   0: 3 0x80004f94 (0x1052b913) x18 0x00000000
core   0: 0x80004f98 (0xb4e12793) slti    a5, sp, -1202
core   0: 3 0x80004f98 (0xb4e12793) x15 0x00000001
core   0: 0x80004f9c (0x0019da13) srli    s4, s3, 1
core   0: 3 0x80004f9c (0x0019da13) x20 0x00000000
core   0: 0x80004fa0 (0x037af1b3) remu    gp, s5, s7
core   0: 3 0x80004fa0 (0x037af1b3) x 3 0x00000000
core   0: 0x80004fa4 (0x41af51b3) sra     gp, t5, s10
core   0: 3 0x80004fa4 (0x41af51b3) x 3 0x00000000
core   0: 0x80004fa8 (0x007d4db3) xor     s11, s10, t2
core   0: 3 0x80004fa8 (0x007d4db3) x27 0xffffffbf
core   0: 0x80004fac (0x03fe7f33) remu    t5, t3, t6
core   0: 3 0x80004fac (0x03fe7f33) x30 0x00000000
core   0: 0x80004fb0 (0x01525f93) srli    t6, tp, 21
core   0: 3 0x80004fb0 (0x01525f93) x31 0x00000000
core   0: 0x80004fb4 (0x00235d33) srl     s10, t1, sp
core   0: 3 0x80004fb4 (0x00235d33) x26 0x00000000
core   0: 0x80004fb8 (0x03209eb3) mulh    t4, ra, s2
core   0: 3 0x80004fb8 (0x03209eb3) x29 0x00000000
core   0: 0x80004fbc (0x030b0f33) mul     t5, s6, a6
core   0: 3 0x80004fbc (0x030b0f33) x30 0x06100000
core   0: 0x80004fc0 (0x03bffeb3) remu    t4, t6, s11
core   0: 3 0x80004fc0 (0x03bffeb3) x29 0x00000000
core   0: 0x80004fc4 (0x009b97b3) sll     a5, s7, s1
core   0: 3 0x80004fc4 (0x009b97b3) x15 0x00000000
core   0: 0x80004fc8 (0x85384a17) auipc   s4, 0x85384
core   0: 3 0x80004fc8 (0x85384a17) x20 0x05388fc8
core   0: 0x80004fcc (0x029edcb3) divu    s9, t4, s1
core   0: 3 0x80004fcc (0x029edcb3) x25 0xffffffff
core   0: 0x80004fd0 (0x03c74a33) div     s4, a4, t3
core   0: 3 0x80004fd0 (0x03c74a33) x20 0xffffffff
core   0: 0x80004fd4 (0xfa113c93) sltiu   s9, sp, -95
core   0: 3 0x80004fd4 (0xfa113c93) x25 0x00000001
core   0: 0x80004fd8 (0x00a58233) add     tp, a1, a0
core   0: 3 0x80004fd8 (0x00a58233) x 4 0x00003b1d
core   0: 0x80004fdc (0x17f63613) sltiu   a2, a2, 383
core   0: 3 0x80004fdc (0x17f63613) x12 0x00000000
core   0: 0x80004fe0 (0x029b30b3) mulhu   ra, s6, s1
core   0: 3 0x80004fe0 (0x029b30b3) x 1 0x00000000
core   0: 0x80004fe4 (0x01519433) sll     s0, gp, s5
core   0: 3 0x80004fe4 (0x01519433) x 8 0x00000000
core   0: 0x80004fe8 (0x033639b3) mulhu   s3, a2, s3
core   0: 3 0x80004fe8 (0x033639b3) x19 0x00000000
core   0: 0x80004fec (0x032420b3) mulhsu  ra, s0, s2
core   0: 3 0x80004fec (0x032420b3) x 1 0x00000000
core   0: 0x80004ff0 (0x02df3633) mulhu   a2, t5, a3
core   0: 3 0x80004ff0 (0x02df3633) x12 0x00000000
core   0: 0x80004ff4 (0xc9f52a13) slti    s4, a0, -865
core   0: 3 0x80004ff4 (0xc9f52a13) x20 0x00000000
core   0: 0x80004ff8 (0x415add93) srai    s11, s5, 21
core   0: 3 0x80004ff8 (0x415add93) x27 0x00000000
core   0: 0x80004ffc (0xbf464b93) xori    s7, a2, -1036
core   0: 3 0x80004ffc (0xbf464b93) x23 0xfffffbf4
core   0: 0x80005000 (0x5e070a93) addi    s5, a4, 1504
core   0: 3 0x80005000 (0x5e070a93) x21 0x800192c4
core   0: 0x80005004 (0x037e17b3) mulh    a5, t3, s7
core   0: 3 0x80005004 (0x037e17b3) x15 0x00000000
core   0: 0x80005008 (0x03e07f93) andi    t6, zero, 62
core   0: 3 0x80005008 (0x03e07f93) x31 0x00000000
core   0: 0x8000500c (0x416ad8b3) sra     a7, s5, s6
core   0: 3 0x8000500c (0x416ad8b3) x17 0xffffe000
core   0: 0x80005010 (0x00000013) nop
core   0: 3 0x80005010 (0x00000013)
core   0: 0x80005014 (0x99484fb7) lui     t6, 0x99484
core   0: 3 0x80005014 (0x99484fb7) x31 0x99484000
core   0: 0x80005018 (0x015ab533) sltu    a0, s5, s5
core   0: 3 0x80005018 (0x015ab533) x10 0x00000000
core   0: 0x8000501c (0x99357b93) andi    s7, a0, -1645
core   0: 3 0x8000501c (0x99357b93) x23 0x00000000
core   0: 0x80005020 (0x0275dfb3) divu    t6, a1, t2
core   0: 3 0x80005020 (0x0275dfb3) x31 0x00000000
core   0: 0x80005024 (0xa39b8f93) addi    t6, s7, -1479
core   0: 3 0x80005024 (0xa39b8f93) x31 0xfffffa39
core   0: 0x80005028 (0x032587b3) mul     a5, a1, s2
core   0: 3 0x80005028 (0x032587b3) x15 0x00000000
core   0: 0x8000502c (0x00a000b3) add     ra, zero, a0
core   0: 3 0x8000502c (0x00a000b3) x 1 0x00000000
core   0: 0x80005030 (0x0391f1b3) remu    gp, gp, s9
core   0: 3 0x80005030 (0x0391f1b3) x 3 0x00000000
core   0: 0x80005034 (0x413ddd13) srai    s10, s11, 19
core   0: 3 0x80005034 (0x413ddd13) x26 0x00000000
core   0: 0x80005038 (0x01f12fb3) slt     t6, sp, t6
core   0: 3 0x80005038 (0x01f12fb3) x31 0x00000001
core   0: 0x8000503c (0x403ad5b3) sra     a1, s5, gp
core   0: 3 0x8000503c (0x403ad5b3) x11 0x800192c4
core   0: 0x80005040 (0x02cf6533) rem     a0, t5, a2
core   0: 3 0x80005040 (0x02cf6533) x10 0x06100000
core   0: 0x80005044 (0x033681b3) mul     gp, a3, s3
core   0: 3 0x80005044 (0x033681b3) x 3 0x00000000
core   0: 0x80005048 (0x40b5d093) srai    ra, a1, 11
core   0: 3 0x80005048 (0x40b5d093) x 1 0xfff00032
core   0: 0x8000504c (0x01ab2233) slt     tp, s6, s10
core   0: 3 0x8000504c (0x01ab2233) x 4 0x00000001
core   0: 0x80005050 (0x0025d3b3) srl     t2, a1, sp
core   0: 3 0x80005050 (0x0025d3b3) x 7 0x0800192c
core   0: 0x80005054 (0x00f2d6b3) srl     a3, t0, a5
core   0: 3 0x80005054 (0x00f2d6b3) x13 0xf6416d2c
core   0: 0x80005058 (0x0140a7b3) slt     a5, ra, s4
core   0: 3 0x80005058 (0x0140a7b3) x15 0x00000001
core   0: 0x8000505c (0x52cb8e93) addi    t4, s7, 1324
core   0: 3 0x8000505c (0x52cb8e93) x29 0x0000052c
core   0: 0x80005060 (0xe2933b93) sltiu   s7, t1, -471
core   0: 3 0x80005060 (0xe2933b93) x23 0x00000001
core   0: 0x80005064 (0xdca18013) addi    zero, gp, -566
core   0: 3 0x80005064 (0xdca18013)
core   0: 0x80005068 (0x037a9233) mulh    tp, s5, s7
core   0: 3 0x80005068 (0x037a9233) x 4 0xffffffff
core   0: 0x8000506c (0x002a8633) add     a2, s5, sp
core   0: 3 0x8000506c (0x002a8633) x12 0x0002e128
core   0: 0x80005070 (0x02a724b3) mulhsu  s1, a4, a0
core   0: 3 0x80005070 (0x02a724b3) x 9 0xfcf80966
core   0: 0x80005074 (0x0081b3b3) sltu    t2, gp, s0
core   0: 3 0x80005074 (0x0081b3b3) x 7 0x00000000
core   0: 0x80005078 (0x03756cb3) rem     s9, a0, s7
core   0: 3 0x80005078 (0x03756cb3) x25 0x00000000
core   0: 0x8000507c (0x0178fdb3) and     s11, a7, s7
core   0: 3 0x8000507c (0x0178fdb3) x27 0x00000000
core   0: 0x80005080 (0x003dc3b3) xor     t2, s11, gp
core   0: 3 0x80005080 (0x003dc3b3) x 7 0x00000000
core   0: 0x80005084 (0x017d1193) slli    gp, s10, 23
core   0: 3 0x80005084 (0x017d1193) x 3 0x00000000
core   0: 0x80005088 (0x03d50433) mul     s0, a0, t4
core   0: 3 0x80005088 (0x03d50433) x 8 0x5ac00000
core   0: 0x8000508c (0x0282d8b3) divu    a7, t0, s0
core   0: 3 0x8000508c (0x0282d8b3) x17 0x00000002
core   0: 0x80005090 (0x0277dd33) divu    s10, a5, t2
core   0: 3 0x80005090 (0x0277dd33) x26 0xffffffff
core   0: 0x80005094 (0x01e8b633) sltu    a2, a7, t5
core   0: 3 0x80005094 (0x01e8b633) x12 0x00000001
core   0: 0x80005098 (0x0128a9b3) slt     s3, a7, s2
core   0: 3 0x80005098 (0x0128a9b3) x19 0x00000000
core   0: 0x8000509c (0x01e80a33) add     s4, a6, t5
core   0: 3 0x8000509c (0x01e80a33) x20 0x14d80000
core   0: 0x800050a0 (0x402ad533) sra     a0, s5, sp
core   0: 3 0x800050a0 (0x402ad533) x10 0xf800192c
core   0: 0x800050a4 (0x03b8c1b3) div     gp, a7, s11
core   0: 3 0x800050a4 (0x03b8c1b3) x 3 0xffffffff
core   0: 0x800050a8 (0x037723b3) mulhsu  t2, a4, s7
core   0: 3 0x800050a8 (0x037723b3) x 7 0xffffffff
core   0: 0x800050ac (0x40c85633) sra     a2, a6, a2
core   0: 3 0x800050ac (0x40c85633) x12 0x07640000
core   0: 0x800050b0 (0x01d98f33) add     t5, s3, t4
core   0: 3 0x800050b0 (0x01d98f33) x30 0x0000052c
core   0: 0x800050b4 (0x01b751b3) srl     gp, a4, s11
core   0: 3 0x800050b4 (0x01b751b3) x 3 0x80018ce4
core   0: 0x800050b8 (0x01cec933) xor     s2, t4, t3
core   0: 3 0x800050b8 (0x01cec933) x18 0x0000052c
core   0: 0x800050bc (0x00849233) sll     tp, s1, s0
core   0: 3 0x800050bc (0x00849233) x 4 0xfcf80966
core   0: 0x800050c0 (0x00b53db3) sltu    s11, a0, a1
core   0: 3 0x800050c0 (0x00b53db3) x27 0x00000000
core   0: 0x800050c4 (0x407c5a33) sra     s4, s8, t2
core   0: 3 0x800050c4 (0x407c5a33) x20 0xffffffff
core   0: 0x800050c8 (0x0333b6b3) mulhu   a3, t2, s3
core   0: 3 0x800050c8 (0x0333b6b3) x13 0x00000000
core   0: 0x800050cc (0x3f0f4613) xori    a2, t5, 1008
core   0: 3 0x800050cc (0x3f0f4613) x12 0x000006dc
core   0: 0x800050d0 (0x026e6e33) rem     t3, t3, t1
core   0: 3 0x800050d0 (0x026e6e33) x28 0x00000000
core   0: 0x800050d4 (0x00103b33) snez    s6, ra
core   0: 3 0x800050d4 (0x00103b33) x22 0x00000001
core   0: 0x800050d8 (0xe2e5e797) auipc   a5, 0xe2e5e
core   0: 3 0x800050d8 (0xe2e5e797) x15 0x62e630d8
core   0: 0x800050dc (0xef3ec393) xori    t2, t4, -269
core   0: 3 0x800050dc (0xef3ec393) x 7 0xfffffbdf
core   0: 0x800050e0 (0x0053d493) srli    s1, t2, 5
core   0: 3 0x800050e0 (0x0053d493) x 9 0x07ffffde
core   0: 0x800050e4 (0x01c66c33) or      s8, a2, t3
core   0: 3 0x800050e4 (0x01c66c33) x24 0x000006dc
core   0: 0x800050e8 (0xf5b1e8b7) lui     a7, 0xf5b1e
core   0: 3 0x800050e8 (0xf5b1e8b7) x17 0xf5b1e000
core   0: 0x800050ec (0x00ba1a13) slli    s4, s4, 11
core   0: 3 0x800050ec (0x00ba1a13) x20 0xfffff800
core   0: 0x800050f0 (0xa2b62a97) auipc   s5, 0xa2b62
core   0: 3 0x800050f0 (0xa2b62a97) x21 0x22b670f0
core   0: 0x800050f4 (0x00c67eb3) and     t4, a2, a2
core   0: 3 0x800050f4 (0x00c67eb3) x29 0x000006dc
core   0: 0x800050f8 (0x414b8cb3) sub     s9, s7, s4
core   0: 3 0x800050f8 (0x414b8cb3) x25 0x00000801
core   0: 0x800050fc (0x0157eeb3) or      t4, a5, s5
core   0: 3 0x800050fc (0x0157eeb3) x29 0x62f670f8
core   0: 0x80005100 (0x0d513193) sltiu   gp, sp, 213
core   0: 3 0x80005100 (0x0d513193) x 3 0x00000000
core   0: 0x80005104 (0x01b7a6b3) slt     a3, a5, s11
core   0: 3 0x80005104 (0x01b7a6b3) x13 0x00000000
core   0: 0x80005108 (0x412ad913) srai    s2, s5, 18
core   0: 3 0x80005108 (0x412ad913) x18 0x000008ad
core   0: 0x8000510c (0xf5cf3f93) sltiu   t6, t5, -164
core   0: 3 0x8000510c (0xf5cf3f93) x31 0x00000001
core   0: 0x80005110 (0x1fdf8993) addi    s3, t6, 509
core   0: 3 0x80005110 (0x1fdf8993) x19 0x000001fe
core   0: 0x80005114 (0x0149df93) srli    t6, s3, 20
core   0: 3 0x80005114 (0x0149df93) x31 0x00000000
core   0: 0x80005118 (0x033391b3) mulh    gp, t2, s3
core   0: 3 0x80005118 (0x033391b3) x 3 0xffffffff
core   0: 0x8000511c (0x03038b33) mul     s6, t2, a6
core   0: 3 0x8000511c (0x03038b33) x22 0xf8380000
core   0: 0x80005120 (0x0241f633) remu    a2, gp, tp
core   0: 3 0x80005120 (0x0241f633) x12 0x0307f699
core   0: 0x80005124 (0x01371e33) sll     t3, a4, s3
core   0: 3 0x80005124 (0x01371e33) x28 0x00000000
core   0: 0x80005128 (0x008eb0b3) sltu    ra, t4, s0
core   0: 3 0x80005128 (0x008eb0b3) x 1 0x00000000
core   0: 0x8000512c (0x03b861b3) rem     gp, a6, s11
core   0: 3 0x8000512c (0x03b861b3) x 3 0x0ec80000
core   0: 0x80005130 (0x0dcc4393) xori    t2, s8, 220
core   0: 3 0x80005130 (0x0dcc4393) x 7 0x00000600
core   0: 0x80005134 (0x03a5f033) remu    zero, a1, s10
core   0: 3 0x80005134 (0x03a5f033)
core   0: 0x80005138 (0x038135b3) mulhu   a1, sp, s8
core   0: 3 0x80005138 (0x038135b3) x11 0x0000036e
core   0: 0x8000513c (0x9c050993) addi    s3, a0, -1600
core   0: 3 0x8000513c (0x9c050993) x19 0xf80012ec
core   0: 0x80005140 (0x41dadd13) srai    s10, s5, 29
core   0: 3 0x80005140 (0x41dadd13) x26 0x00000001
core   0: 0x80005144 (0x033c7033) remu    zero, s8, s3
core   0: 3 0x80005144 (0x033c7033)
core   0: 0x80005148 (0x023687b3) mul     a5, a3, gp
core   0: 3 0x80005148 (0x023687b3) x15 0x00000000
core   0: 0x8000514c (0x43022613) slti    a2, tp, 1072
core   0: 3 0x8000514c (0x43022613) x12 0x00000001
core   0: 0x80005150 (0x02a6f0b3) remu    ra, a3, a0
core   0: 3 0x80005150 (0x02a6f0b3) x 1 0x00000000
core   0: 0x80005154 (0x92d17893) andi    a7, sp, -1747
core   0: 3 0x80005154 (0x92d17893) x17 0x80014824
core   0: 0x80005158 (0x0b4dea93) ori     s5, s11, 180
core   0: 3 0x80005158 (0x0b4dea93) x21 0x000000b4
core   0: 0x8000515c (0x008f2533) slt     a0, t5, s0
core   0: 3 0x8000515c (0x008f2533) x10 0x00000001
core   0: 0x80005160 (0x019a05b3) add     a1, s4, s9
core   0: 3 0x80005160 (0x019a05b3) x11 0x00000001
core   0: 0x80005164 (0x01421d93) slli    s11, tp, 20
core   0: 3 0x80005164 (0x01421d93) x27 0x96600000
core   0: 0x80005168 (0xdb219f17) auipc   t5, 0xdb219
core   0: 3 0x80005168 (0xdb219f17) x30 0x5b21e168
core   0: 0x8000516c (0x72d5b213) sltiu   tp, a1, 1837
core   0: 3 0x8000516c (0x72d5b213) x 4 0x00000001
core   0: 0x80005170 (0x009c61b3) or      gp, s8, s1
core   0: 3 0x80005170 (0x009c61b3) x 3 0x07ffffde
core   0: 0x80005174 (0x014e70b3) and     ra, t3, s4
core   0: 3 0x80005174 (0x014e70b3) x 1 0x00000000
core   0: 0x80005178 (0x000a9833) sll     a6, s5, zero
core   0: 3 0x80005178 (0x000a9833) x16 0x000000b4
core   0: 0x8000517c (0x00f61193) slli    gp, a2, 15
core   0: 3 0x8000517c (0x00f61193) x 3 0x00008000
core   0: 0x80005180 (0x017d7d33) and     s10, s10, s7
core   0: 3 0x80005180 (0x017d7d33) x26 0x00000001
core   0: 0x80005184 (0x0189c3b3) xor     t2, s3, s8
core   0: 3 0x80005184 (0x0189c3b3) x 7 0xf8001430
core   0: 0x80005188 (0xc884c493) xori    s1, s1, -888
core   0: 3 0x80005188 (0xc884c493) x 9 0xf8000356
core   0: 0x8000518c (0x01865433) srl     s0, a2, s8
core   0: 3 0x8000518c (0x01865433) x 8 0x00000000
core   0: 0x80005190 (0x3885f913) andi    s2, a1, 904
core   0: 3 0x80005190 (0x3885f913) x18 0x00000000
core   0: 0x80005194 (0x00be0033) add     zero, t3, a1
core   0: 3 0x80005194 (0x00be0033)
core   0: 0x80005198 (0x40a6d1b3) sra     gp, a3, a0
core   0: 3 0x80005198 (0x40a6d1b3) x 3 0x00000000
core   0: 0x8000519c (0x03b1e633) rem     a2, gp, s11
core   0: 3 0x8000519c (0x03b1e633) x12 0x00000000
core   0: 0x800051a0 (0x016a9c13) slli    s8, s5, 22
core   0: 3 0x800051a0 (0x016a9c13) x24 0x2d000000
core   0: 0x800051a4 (0x14703b93) sltiu   s7, zero, 327
core   0: 3 0x800051a4 (0x14703b93) x23 0x00000001
core   0: 0x800051a8 (0x0130d793) srli    a5, ra, 19
core   0: 3 0x800051a8 (0x0130d793) x15 0x00000000
core   0: 0x800051ac (0x0292d933) divu    s2, t0, s1
core   0: 3 0x800051ac (0x0292d933) x18 0x00000000
core   0: 0x800051b0 (0x01f37db3) and     s11, t1, t6
core   0: 3 0x800051b0 (0x01f37db3) x27 0x00000000
core   0: 0x800051b4 (0x018f85b3) add     a1, t6, s8
core   0: 3 0x800051b4 (0x018f85b3) x11 0x2d000000
core   0: 0x800051b8 (0x00a8a333) slt     t1, a7, a0
core   0: 3 0x800051b8 (0x00a8a333) x 6 0x00000001
core   0: 0x800051bc (0x00d2a033) slt     zero, t0, a3
core   0: 3 0x800051bc (0x00d2a033)
core   0: 0x800051c0 (0x1880b513) sltiu   a0, ra, 392
core   0: 3 0x800051c0 (0x1880b513) x10 0x00000001
core   0: 0x800051c4 (0x02fc6cb3) rem     s9, s8, a5
core   0: 3 0x800051c4 (0x02fc6cb3) x25 0x2d000000
core   0: 0x800051c8 (0x00254533) xor     a0, a0, sp
core   0: 3 0x800051c8 (0x00254533) x10 0x80014e65
core   0: 0x800051cc (0x03715e33) divu    t3, sp, s7
core   0: 3 0x800051cc (0x03715e33) x28 0x80014e64
core   0: 0x800051d0 (0xd0d24e93) xori    t4, tp, -755
core   0: 3 0x800051d0 (0xd0d24e93) x29 0xfffffd0c
core   0: 0x800051d4 (0x009911b3) sll     gp, s2, s1
core   0: 3 0x800051d4 (0x009911b3) x 3 0x00000000
core   0: 0x800051d8 (0x020550b3) divu    ra, a0, zero
core   0: 3 0x800051d8 (0x020550b3) x 1 0xffffffff
core   0: 0x800051dc (0x02bdc5b3) div     a1, s11, a1
core   0: 3 0x800051dc (0x02bdc5b3) x11 0x00000000
core   0: 0x800051e0 (0x01ddeb33) or      s6, s11, t4
core   0: 3 0x800051e0 (0x01ddeb33) x22 0xfffffd0c
core   0: 0x800051e4 (0x405350b3) sra     ra, t1, t0
core   0: 3 0x800051e4 (0x405350b3) x 1 0x00000000
core   0: 0x800051e8 (0x023a68b3) rem     a7, s4, gp
core   0: 3 0x800051e8 (0x023a68b3) x17 0xfffff800
core   0: 0x800051ec (0x0031ea33) or      s4, gp, gp
core   0: 3 0x800051ec (0x0031ea33) x20 0x00000000
core   0: 0x800051f0 (0xc9eccb13) xori    s6, s9, -866
core   0: 3 0x800051f0 (0xc9eccb13) x22 0xd2fffc9e
core   0: 0x800051f4 (0x00d5c633) xor     a2, a1, a3
core   0: 3 0x800051f4 (0x00d5c633) x12 0x00000000
core   0: 0x800051f8 (0x01805013) srli    zero, zero, 24
core   0: 3 0x800051f8 (0x01805013)
core   0: 0x800051fc (0x379f3b93) sltiu   s7, t5, 889
core   0: 3 0x800051fc (0x379f3b93) x23 0x00000000
core   0: 0x80005200 (0x02df05b3) mul     a1, t5, a3
core   0: 3 0x80005200 (0x02df05b3) x11 0x00000000
core   0: 0x80005204 (0x014ab533) sltu    a0, s5, s4
core   0: 3 0x80005204 (0x014ab533) x10 0x00000000
core   0: 0x80005208 (0x03ff1eb3) mulh    t4, t5, t6
core   0: 3 0x80005208 (0x03ff1eb3) x29 0x00000000
core   0: 0x8000520c (0x46a03e93) sltiu   t4, zero, 1130
core   0: 3 0x8000520c (0x46a03e93) x29 0x00000001
core   0: 0x80005210 (0x01881d33) sll     s10, a6, s8
core   0: 3 0x80005210 (0x01881d33) x26 0x000000b4
core   0: 0x80005214 (0x014160b3) or      ra, sp, s4
core   0: 3 0x80005214 (0x014160b3) x 1 0x80014e64
core   0: 0x80005218 (0x0279abb3) mulhsu  s7, s3, t2
core   0: 3 0x80005218 (0x0279abb3) x23 0xf84011b3
core   0: 0x8000521c (0x02b5d6b3) divu    a3, a1, a1
core   0: 3 0x8000521c (0x02b5d6b3) x13 0xffffffff
core   0: 0x80005220 (0x0149a9b3) slt     s3, s3, s4
core   0: 3 0x80005220 (0x0149a9b3) x19 0x00000001
core   0: 0x80005224 (0x00fa36b3) sltu    a3, s4, a5
core   0: 3 0x80005224 (0x00fa36b3) x13 0x00000000
core   0: 0x80005228 (0x00b4fa33) and     s4, s1, a1
core   0: 3 0x80005228 (0x00b4fa33) x20 0x00000000
core   0: 0x8000522c (0xea08ff13) andi    t5, a7, -352
core   0: 3 0x8000522c (0xea08ff13) x30 0xfffff800
core   0: 0x80005230 (0x00000013) nop
core   0: 3 0x80005230 (0x00000013)
core   0: 0x80005234 (0x01273833) sltu    a6, a4, s2
core   0: 3 0x80005234 (0x01273833) x16 0x00000000
core   0: 0x80005238 (0x01a0f333) and     t1, ra, s10
core   0: 3 0x80005238 (0x01a0f333) x 6 0x00000024
core   0: 0x8000523c (0x41bd5bb3) sra     s7, s10, s11
core   0: 3 0x8000523c (0x41bd5bb3) x23 0x000000b4
core   0: 0x80005240 (0x01c62033) slt     zero, a2, t3
core   0: 3 0x80005240 (0x01c62033)
core   0: 0x80005244 (0x024f55b3) divu    a1, t5, tp
core   0: 3 0x80005244 (0x024f55b3) x11 0xfffff800
core   0: 0x80005248 (0x7609ef13) ori     t5, s3, 1888
core   0: 3 0x80005248 (0x7609ef13) x30 0x00000761
core   0: 0x8000524c (0x30833593) sltiu   a1, t1, 776
core   0: 3 0x8000524c (0x30833593) x11 0x00000001
core   0: 0x80005250 (0x40aa0a33) sub     s4, s4, a0
core   0: 3 0x80005250 (0x40aa0a33) x20 0x00000000
core   0: 0x80005254 (0x03d3bc33) mulhu   s8, t2, t4
core   0: 3 0x80005254 (0x03d3bc33) x24 0x00000000
core   0: 0x80005258 (0x03bc53b3) divu    t2, s8, s11
core   0: 3 0x80005258 (0x03bc53b3) x 7 0xffffffff
core   0: 0x8000525c (0x033f1433) mulh    s0, t5, s3
core   0: 3 0x8000525c (0x033f1433) x 8 0x00000000
core   0: 0x80005260 (0x74afe513) ori     a0, t6, 1866
core   0: 3 0x80005260 (0x74afe513) x10 0x0000074a
core   0: 0x80005264 (0x410ed0b3) sra     ra, t4, a6
core   0: 3 0x80005264 (0x410ed0b3) x 1 0x00000001
core   0: 0x80005268 (0x00a36933) or      s2, t1, a0
core   0: 3 0x80005268 (0x00a36933) x18 0x0000076e
core   0: 0x8000526c (0x02e396b3) mulh    a3, t2, a4
core   0: 3 0x8000526c (0x02e396b3) x13 0x00000000
core   0: 0x80005270 (0x00bfb333) sltu    t1, t6, a1
core   0: 3 0x80005270 (0x00bfb333) x 6 0x00000001
core   0: 0x80005274 (0x01731193) slli    gp, t1, 23
core   0: 3 0x80005274 (0x01731193) x 3 0x00800000
core   0: 0x80005278 (0xebb807b7) lui     a5, 0xebb80
core   0: 3 0x80005278 (0xebb807b7) x15 0xebb80000
core   0: 0x8000527c (0x034e1cb3) mulh    s9, t3, s4
core   0: 3 0x8000527c (0x034e1cb3) x25 0x00000000
core   0: 0x80005280 (0x01602333) slt     t1, zero, s6
core   0: 3 0x80005280 (0x01602333) x 6 0x00000000
core   0: 0x80005284 (0xef732193) slti    gp, t1, -265
core   0: 3 0x80005284 (0xef732193) x 3 0x00000000
core   0: 0x80005288 (0x41f9d333) sra     t1, s3, t6
core   0: 3 0x80005288 (0x41f9d333) x 6 0x00000001
core   0: 0x8000528c (0x002e9433) sll     s0, t4, sp
core   0: 3 0x8000528c (0x002e9433) x 8 0x00000010
core   0: 0x80005290 (0x00edb633) sltu    a2, s11, a4
core   0: 3 0x80005290 (0x00edb633) x12 0x00000001
core   0: 0x80005294 (0x409fde93) srai    t4, t6, 9
core   0: 3 0x80005294 (0x409fde93) x29 0x00000000
core   0: 0x80005298 (0x03d927b3) mulhsu  a5, s2, t4
core   0: 3 0x80005298 (0x03d927b3) x15 0x00000000
core   0: 0x8000529c (0x00d52b33) slt     s6, a0, a3
core   0: 3 0x8000529c (0x00d52b33) x22 0x00000000
core   0: 0x800052a0 (0x03d511b3) mulh    gp, a0, t4
core   0: 3 0x800052a0 (0x03d511b3) x 3 0x00000000
core   0: 0x800052a4 (0x03b59333) mulh    t1, a1, s11
core   0: 3 0x800052a4 (0x03b59333) x 6 0x00000000
core   0: 0x800052a8 (0x02a0f0b3) remu    ra, ra, a0
core   0: 3 0x800052a8 (0x02a0f0b3) x 1 0x00000001
core   0: 0x800052ac (0x034bc533) div     a0, s7, s4
core   0: 3 0x800052ac (0x034bc533) x10 0xffffffff
core   0: 0x800052b0 (0xb0c9f913) andi    s2, s3, -1268
core   0: 3 0x800052b0 (0xb0c9f913) x18 0x00000000
core   0: 0x800052b4 (0x9d53c613) xori    a2, t2, -1579
core   0: 3 0x800052b4 (0x9d53c613) x12 0x0000062a
core   0: 0x800052b8 (0x02f1cc33) div     s8, gp, a5
core   0: 3 0x800052b8 (0x02f1cc33) x24 0xffffffff
core   0: 0x800052bc (0xeed84c13) xori    s8, a6, -275
core   0: 3 0x800052bc (0xeed84c13) x24 0xfffffeed
core   0: 0x800052c0 (0xfb4b6513) ori     a0, s6, -76
core   0: 3 0x800052c0 (0xfb4b6513) x10 0xffffffb4
core   0: 0x800052c4 (0x001718b3) sll     a7, a4, ra
core   0: 3 0x800052c4 (0x001718b3) x17 0x000319c8
core   0: 0x800052c8 (0x01a15d93) srli    s11, sp, 26
core   0: 3 0x800052c8 (0x01a15d93) x27 0x00000020
core   0: 0x800052cc (0xe057b637) lui     a2, 0xe057b
core   0: 3 0x800052cc (0xe057b637) x12 0xe057b000
core   0: 0x800052d0 (0x00564f33) xor     t5, a2, t0
core   0: 3 0x800052d0 (0x00564f33) x30 0x1616dd2c
core   0: 0x800052d4 (0x40885393) srai    t2, a6, 8
core   0: 3 0x800052d4 (0x40885393) x 7 0x00000000
core   0: 0x800052d8 (0x4115d8b3) sra     a7, a1, a7
core   0: 3 0x800052d8 (0x4115d8b3) x17 0x00000000
core   0: 0x800052dc (0x008f1f33) sll     t5, t5, s0
core   0: 3 0x800052dc (0x008f1f33) x30 0xdd2c0000
core   0: 0x800052e0 (0x02341d33) mulh    s10, s0, gp
core   0: 3 0x800052e0 (0x02341d33) x26 0x00000000
core   0: 0x800052e4 (0x02cda433) mulhsu  s0, s11, a2
core   0: 3 0x800052e4 (0x02cda433) x 8 0x0000001c
core   0: 0x800052e8 (0x030151b3) divu    gp, sp, a6
core   0: 3 0x800052e8 (0x030151b3) x 3 0xffffffff
core   0: 0x800052ec (0x41978eb3) sub     t4, a5, s9
core   0: 3 0x800052ec (0x41978eb3) x29 0x00000000
core   0: 0x800052f0 (0x02864e33) div     t3, a2, s0
core   0: 3 0x800052f0 (0x02864e33) x28 0xfede8f6e
core   0: 0x800052f4 (0x00019413) slli    s0, gp, 0
core   0: 3 0x800052f4 (0x00019413) x 8 0xffffffff
core   0: 0x800052f8 (0x0310eb33) rem     s6, ra, a7
core   0: 3 0x800052f8 (0x0310eb33) x22 0x00000001
core   0: 0x800052fc (0xf8a63393) sltiu   t2, a2, -118
core   0: 3 0x800052fc (0xf8a63393) x 7 0x00000001
core   0: 0x80005300 (0x02b03fb3) mulhu   t6, zero, a1
core   0: 3 0x80005300 (0x02b03fb3) x31 0x00000000
core   0: 0x80005304 (0x02be7833) remu    a6, t3, a1
core   0: 3 0x80005304 (0x02be7833) x16 0x00000000
core   0: 0x80005308 (0x03c0da33) divu    s4, ra, t3
core   0: 3 0x80005308 (0x03c0da33) x20 0x00000000
core   0: 0x8000530c (0x03526233) rem     tp, tp, s5
core   0: 3 0x8000530c (0x03526233) x 4 0x00000001
core   0: 0x80005310 (0x00897eb3) and     t4, s2, s0
core   0: 3 0x80005310 (0x00897eb3) x29 0x00000000
core   0: 0x80005314 (0x0057fbb3) and     s7, a5, t0
core   0: 3 0x80005314 (0x0057fbb3) x23 0x00000000
core   0: 0x80005318 (0x40af5533) sra     a0, t5, a0
core   0: 3 0x80005318 (0x40af5533) x10 0xfffffdd2
core   0: 0x8000531c (0x6f54fa97) auipc   s5, 0x6f54f
core   0: 3 0x8000531c (0x6f54fa97) x21 0xef55431c
core   0: 0x80005320 (0x039b8433) mul     s0, s7, s9
core   0: 3 0x80005320 (0x039b8433) x 8 0x00000000
core   0: 0x80005324 (0x41cddb33) sra     s6, s11, t3
core   0: 3 0x80005324 (0x41cddb33) x22 0x00000000
core   0: 0x80005328 (0x01b59e93) slli    t4, a1, 27
core   0: 3 0x80005328 (0x01b59e93) x29 0x08000000
core   0: 0x8000532c (0x41cfd0b3) sra     ra, t6, t3
core   0: 3 0x8000532c (0x41cfd0b3) x 1 0x00000000
core   0: 0x80005330 (0x0265d433) divu    s0, a1, t1
core   0: 3 0x80005330 (0x0265d433) x 8 0xffffffff
core   0: 0x80005334 (0xb0fe9197) auipc   gp, 0xb0fe9
core   0: 3 0x80005334 (0xb0fe9197) x 3 0x30fee334
core   0: 0x80005338 (0x002e9813) slli    a6, t4, 2
core   0: 3 0x80005338 (0x002e9813) x16 0x20000000
core   0: 0x8000533c (0x447e6b93) ori     s7, t3, 1095
core   0: 3 0x8000533c (0x447e6b93) x23 0xfede8f6f
core   0: 0x80005340 (0x028784b3) mul     s1, a5, s0
core   0: 3 0x80005340 (0x028784b3) x 9 0x00000000
core   0: 0x80005344 (0x01761c93) slli    s9, a2, 23
core   0: 3 0x80005344 (0x01761c93) x25 0x00000000
core   0: 0x80005348 (0x68398313) addi    t1, s3, 1667
core   0: 3 0x80005348 (0x68398313) x 6 0x00000684
core   0: 0x8000534c (0xfca6a793) slti    a5, a3, -54
core   0: 3 0x8000534c (0xfca6a793) x15 0x00000000
core   0: 0x80005350 (0x00e9fc33) and     s8, s3, a4
core   0: 3 0x80005350 (0x00e9fc33) x24 0x00000000
core   0: 0x80005354 (0x012b5813) srli    a6, s6, 18
core   0: 3 0x80005354 (0x012b5813) x16 0x00000000
core   0: 0x80005358 (0x41fe5233) sra     tp, t3, t6
core   0: 3 0x80005358 (0x41fe5233) x 4 0xfede8f6e
core   0: 0x8000535c (0x01e83233) sltu    tp, a6, t5
core   0: 3 0x8000535c (0x01e83233) x 4 0x00000001
core   0: 0x80005360 (0x02828233) mul     tp, t0, s0
core   0: 3 0x80005360 (0x02828233) x 4 0x09be92d4
core   0: 0x80005364 (0x7a4a7f93) andi    t6, s4, 1956
core   0: 3 0x80005364 (0x7a4a7f93) x31 0x00000000
core   0: 0x80005368 (0x02d26533) rem     a0, tp, a3
core   0: 3 0x80005368 (0x02d26533) x10 0x09be92d4
core   0: 0x8000536c (0x02fee7b3) rem     a5, t4, a5
core   0: 3 0x8000536c (0x02fee7b3) x15 0x08000000
core   0: 0x80005370 (0x03848933) mul     s2, s1, s8
core   0: 3 0x80005370 (0x03848933) x18 0x00000000
core   0: 0x80005374 (0x023e0933) mul     s2, t3, gp
core   0: 3 0x80005374 (0x023e0933) x18 0x0d87ac58
core   0: 0x80005378 (0x61b33f93) sltiu   t6, t1, 1563
core   0: 3 0x80005378 (0x61b33f93) x31 0x00000000
core   0: 0x8000537c (0x59ce0793) addi    a5, t3, 1436
core   0: 3 0x8000537c (0x59ce0793) x15 0xfede950a
core   0: 0x80005380 (0x03c77433) remu    s0, a4, t3
core   0: 3 0x80005380 (0x03c77433) x 8 0x80018ce4
core   0: 0x80005384 (0x419105b3) sub     a1, sp, s9
core   0: 3 0x80005384 (0x419105b3) x11 0x80014e64
core   0: 0x80005388 (0x02fda3b3) mulhsu  t2, s11, a5
core   0: 3 0x80005388 (0x02fda3b3) x 7 0x0000001f
core   0: 0x8000538c (0x00000013) nop
core   0: 3 0x8000538c (0x00000013)
core   0: 0x80005390 (0x03c5beb3) mulhu   t4, a1, t3
core   0: 3 0x80005390 (0x03c5beb3) x29 0x7f7094a0
core   0: 0x80005394 (0x00729d93) slli    s11, t0, 7
core   0: 3 0x80005394 (0x00729d93) x27 0x20b69600
core   0: 0x80005398 (0x01bea7b3) slt     a5, t4, s11
core   0: 3 0x80005398 (0x01bea7b3) x15 0x00000000
core   0: 0x8000539c (0x01171493) slli    s1, a4, 17
core   0: 3 0x8000539c (0x01171493) x 9 0x19c80000
core   0: 0x800053a0 (0x03ac0c33) mul     s8, s8, s10
core   0: 3 0x800053a0 (0x03ac0c33) x24 0x00000000
core   0: 0x800053a4 (0x01564933) xor     s2, a2, s5
core   0: 3 0x800053a4 (0x01564933) x18 0x0f02f31c
core   0: 0x800053a8 (0x0206b333) mulhu   t1, a3, zero
core   0: 3 0x800053a8 (0x0206b333) x 6 0x00000000
core   0: 0x800053ac (0x02c9f933) remu    s2, s3, a2
core   0: 3 0x800053ac (0x02c9f933) x18 0x00000001
core   0: 0x800053b0 (0xa83ea697) auipc   a3, 0xa83ea
core   0: 3 0x800053b0 (0xa83ea697) x13 0x283ef3b0
core   0: 0x800053b4 (0x008f6d33) or      s10, t5, s0
core   0: 3 0x800053b4 (0x008f6d33) x26 0xdd2d8ce4
core   0: 0x800053b8 (0xcee26c13) ori     s8, tp, -786
core   0: 3 0x800053b8 (0xcee26c13) x24 0xfffffefe
core   0: 0x800053bc (0x1234fe93) andi    t4, s1, 291
core   0: 3 0x800053bc (0x1234fe93) x29 0x00000000
core   0: 0x800053c0 (0x0309fab3) remu    s5, s3, a6
core   0: 3 0x800053c0 (0x0309fab3) x21 0x00000001
core   0: 0x800053c4 (0x02e9aeb3) mulhsu  t4, s3, a4
core   0: 3 0x800053c4 (0x02e9aeb3) x29 0x00000000
core   0: 0x800053c8 (0x03f8fdb3) remu    s11, a7, t6
core   0: 3 0x800053c8 (0x03f8fdb3) x27 0x00000000
core   0: 0x800053cc (0x419bd313) srai    t1, s7, 25
core   0: 3 0x800053cc (0x419bd313) x 6 0xffffffff
core   0: 0x800053d0 (0x032484b3) mul     s1, s1, s2
core   0: 3 0x800053d0 (0x032484b3) x 9 0x19c80000
core   0: 0x800053d4 (0x00b09513) slli    a0, ra, 11
core   0: 3 0x800053d4 (0x00b09513) x10 0x00000000
core   0: 0x800053d8 (0x00a4fab3) and     s5, s1, a0
core   0: 3 0x800053d8 (0x00a4fab3) x21 0x00000000
core   0: 0x800053dc (0x010cd013) srli    zero, s9, 16
core   0: 3 0x800053dc (0x010cd013)
core   0: 0x800053e0 (0xb0457993) andi    s3, a0, -1276
core   0: 3 0x800053e0 (0xb0457993) x19 0x00000000
core   0: 0x800053e4 (0x6a1fca13) xori    s4, t6, 1697
core   0: 3 0x800053e4 (0x6a1fca13) x20 0x000006a1
core   0: 0x800053e8 (0x00000013) nop
core   0: 3 0x800053e8 (0x00000013)
core   0: 0x800053ec (0x013ccc33) xor     s8, s9, s3
core   0: 3 0x800053ec (0x013ccc33) x24 0x00000000
core   0: 0x800053f0 (0x00000013) nop
core   0: 3 0x800053f0 (0x00000013)
core   0: 0x800053f4 (0x0285b6b3) mulhu   a3, a1, s0
core   0: 3 0x800053f4 (0x0285b6b3) x13 0x40016da6
core   0: 0x800053f8 (0x01f09913) slli    s2, ra, 31
core   0: 3 0x800053f8 (0x01f09913) x18 0x00000000
core   0: 0x800053fc (0x00b417b3) sll     a5, s0, a1
core   0: 3 0x800053fc (0x00b417b3) x15 0x0018ce40
core   0: 0x80005400 (0x4114dfb3) sra     t6, s1, a7
core   0: 3 0x80005400 (0x4114dfb3) x31 0x19c80000
core   0: 0x80005404 (0x00acef33) or      t5, s9, a0
core   0: 3 0x80005404 (0x00acef33) x30 0x00000000
core   0: 0x80005408 (0xf23c6593) ori     a1, s8, -221
core   0: 3 0x80005408 (0xf23c6593) x11 0xffffff23
core   0: 0x8000540c (0x004ad913) srli    s2, s5, 4
core   0: 3 0x8000540c (0x004ad913) x18 0x00000000
core   0: 0x80005410 (0x027770b3) remu    ra, a4, t2
core   0: 3 0x80005410 (0x027770b3) x 1 0x00000013
core   0: 0x80005414 (0x0111ad33) slt     s10, gp, a7
core   0: 3 0x80005414 (0x0111ad33) x26 0x00000000
core   0: 0x80005418 (0x41edd393) srai    t2, s11, 30
core   0: 3 0x80005418 (0x41edd393) x 7 0x00000000
core   0: 0x8000541c (0x69470393) addi    t2, a4, 1684
core   0: 3 0x8000541c (0x69470393) x 7 0x80019378
core   0: 0x80005420 (0x007cdf33) srl     t5, s9, t2
core   0: 3 0x80005420 (0x007cdf33) x30 0x00000000
core   0: 0x80005424 (0x31cd0513) addi    a0, s10, 796
core   0: 3 0x80005424 (0x31cd0513) x10 0x0000031c
core   0: 0x80005428 (0x02b5b0b3) mulhu   ra, a1, a1
core   0: 3 0x80005428 (0x02b5b0b3) x 1 0xfffffe46
core   0: 0x8000542c (0x3ee00537) lui     a0, 0x3ee00
core   0: 3 0x8000542c (0x3ee00537) x10 0x3ee00000
core   0: 0x80005430 (0x0020d533) srl     a0, ra, sp
core   0: 3 0x80005430 (0x0020d533) x10 0x0fffffe4
core   0: 0x80005434 (0x01105333) srl     t1, zero, a7
core   0: 3 0x80005434 (0x01105333) x 6 0x00000000
core   0: 0x80005438 (0x00345793) srli    a5, s0, 3
core   0: 3 0x80005438 (0x00345793) x15 0x1000319c
core   0: 0x8000543c (0x037fc533) div     a0, t6, s7
core   0: 3 0x8000543c (0x037fc533) x10 0xffffffea
core   0: 0x80005440 (0x02cbbd33) mulhu   s10, s7, a2
core   0: 3 0x80005440 (0x02cbbd33) x26 0xdf5a0a5c
core   0: 0x80005444 (0x02558f33) mul     t5, a1, t0
core   0: 3 0x80005444 (0x02558f33) x30 0x6984c104
core   0: 0x80005448 (0x41765f33) sra     t5, a2, s7
core   0: 3 0x80005448 (0x41765f33) x30 0xffffc0af
core   0: 0x8000544c (0x00000013) nop
core   0: 3 0x8000544c (0x00000013)
core   0: 0x80005450 (0x018c3a33) sltu    s4, s8, s8
core   0: 3 0x80005450 (0x018c3a33) x20 0x00000000
core   0: 0x80005454 (0x01f33433) sltu    s0, t1, t6
core   0: 3 0x80005454 (0x01f33433) x 8 0x00000001
core   0: 0x80005458 (0x00ae38b3) sltu    a7, t3, a0
core   0: 3 0x80005458 (0x00ae38b3) x17 0x00000001
core   0: 0x8000545c (0x02c2f3b3) remu    t2, t0, a2
core   0: 3 0x8000545c (0x02c2f3b3) x 7 0x15e9bd2c
core   0: 0x80005460 (0x40d75f93) srai    t6, a4, 13
core   0: 3 0x80005460 (0x40d75f93) x31 0xfffc000c
core   0: 0x80005464 (0x012ac8b3) xor     a7, s5, s2
core   0: 3 0x80005464 (0x012ac8b3) x17 0x00000000
core   0: 0x80005468 (0x00f6e0b3) or      ra, a3, a5
core   0: 3 0x80005468 (0x00f6e0b3) x 1 0x50017dbe
core   0: 0x8000546c (0x014f5613) srli    a2, t5, 20
core   0: 3 0x8000546c (0x014f5613) x12 0x00000fff
core   0: 0x80005470 (0x41fe57b3) sra     a5, t3, t6
core   0: 3 0x80005470 (0x41fe57b3) x15 0xffffede8
core   0: 0x80005474 (0x02a2ac33) mulhsu  s8, t0, a0
core   0: 3 0x80005474 (0x02a2ac33) x24 0xf6416d2c
core   0: 0x80005478 (0x01e7a833) slt     a6, a5, t5
core   0: 3 0x80005478 (0x01e7a833) x16 0x00000000
core   0: 0x8000547c (0x00fd9013) slli    zero, s11, 15
core   0: 3 0x8000547c (0x00fd9013)
core   0: 0x80005480 (0x00d41ab3) sll     s5, s0, a3
core   0: 3 0x80005480 (0x00d41ab3) x21 0x00000040
core   0: 0x80005484 (0x01adfdb3) and     s11, s11, s10
core   0: 3 0x80005484 (0x01adfdb3) x27 0x00000000
core   0: 0x80005488 (0x00000013) nop
core   0: 3 0x80005488 (0x00000013)
core   0: 0x8000548c (0x03186233) rem     tp, a6, a7
core   0: 3 0x8000548c (0x03186233) x 4 0x00000000
core   0: 0x80005490 (0x413a8c33) sub     s8, s5, s3
core   0: 3 0x80005490 (0x413a8c33) x24 0x00000040
core   0: 0x80005494 (0x006c9c33) sll     s8, s9, t1
core   0: 3 0x80005494 (0x006c9c33) x24 0x00000000
core   0: 0x80005498 (0x037053b3) divu    t2, zero, s7
core   0: 3 0x80005498 (0x037053b3) x 7 0x00000000
core   0: 0x8000549c (0x00397333) and     t1, s2, gp
core   0: 3 0x8000549c (0x00397333) x 6 0x00000000
core   0: 0x800054a0 (0x4036d8b3) sra     a7, a3, gp
core   0: 3 0x800054a0 (0x4036d8b3) x17 0x00000400
core   0: 0x800054a4 (0x0175e1b3) or      gp, a1, s7
core   0: 3 0x800054a4 (0x0175e1b3) x 3 0xffffff6f
core   0: 0x800054a8 (0x40a75693) srai    a3, a4, 10
core   0: 3 0x800054a8 (0x40a75693) x13 0xffe00063
core   0: 0x800054ac (0x01ee5233) srl     tp, t3, t5
core   0: 3 0x800054ac (0x01ee5233) x 4 0x0001fdbd
core   0: 0x800054b0 (0x00a71533) sll     a0, a4, a0
core   0: 3 0x800054b0 (0x00a71533) x10 0x06339000
core   0: 0x800054b4 (0xb0e2f313) andi    t1, t0, -1266
core   0: 3 0x800054b4 (0xb0e2f313) x 6 0xf641690c
core   0: 0x800054b8 (0x41325f13) srai    t5, tp, 19
core   0: 3 0x800054b8 (0x41325f13) x30 0x00000000
core   0: 0x800054bc (0xccea8917) auipc   s2, 0xccea8
core   0: 3 0x800054bc (0xccea8917) x18 0x4cead4bc
core   0: 0x800054c0 (0x0289b0b3) mulhu   ra, s3, s0
core   0: 3 0x800054c0 (0x0289b0b3) x 1 0x00000000
core   0: 0x800054c4 (0x036d85b3) mul     a1, s11, s6
core   0: 3 0x800054c4 (0x036d85b3) x11 0x00000000
core   0: 0x800054c8 (0x010d1ab3) sll     s5, s10, a6
core   0: 3 0x800054c8 (0x010d1ab3) x21 0xdf5a0a5c
core   0: 0x800054cc (0x00099313) slli    t1, s3, 0
core   0: 3 0x800054cc (0x00099313) x 6 0x00000000
core   0: 0x800054d0 (0xd4b6a813) slti    a6, a3, -693
core   0: 3 0x800054d0 (0xd4b6a813) x16 0x00000001
core   0: 0x800054d4 (0x3610b193) sltiu   gp, ra, 865
core   0: 3 0x800054d4 (0x3610b193) x 3 0x00000001
core   0: 0x800054d8 (0x7d5b3813) sltiu   a6, s6, 2005
core   0: 3 0x800054d8 (0x7d5b3813) x16 0x00000001
core   0: 0x800054dc (0x000040b3) xor     ra, zero, zero
core   0: 3 0x800054dc (0x000040b3) x 1 0x00000000
core   0: 0x800054e0 (0x0315a0b3) mulhsu  ra, a1, a7
core   0: 3 0x800054e0 (0x0315a0b3) x 1 0x00000000
core   0: 0x800054e4 (0x406c59b3) sra     s3, s8, t1
core   0: 3 0x800054e4 (0x406c59b3) x19 0x00000000
core   0: 0x800054e8 (0x009e1c93) slli    s9, t3, 9
core   0: 3 0x800054e8 (0x009e1c93) x25 0xbd1edc00
core   0: 0x800054ec (0x0019b4b3) sltu    s1, s3, ra
core   0: 3 0x800054ec (0x0019b4b3) x 9 0x00000000
core   0: 0x800054f0 (0x70f68913) addi    s2, a3, 1807
core   0: 3 0x800054f0 (0x70f68913) x18 0xffe00772
core   0: 0x800054f4 (0x0138afb3) slt     t6, a7, s3
core   0: 3 0x800054f4 (0x0138afb3) x31 0x00000000
core   0: 0x800054f8 (0x024f4433) div     s0, t5, tp
core   0: 3 0x800054f8 (0x024f4433) x 8 0x00000000
core   0: 0x800054fc (0x0043a4b3) slt     s1, t2, tp
core   0: 3 0x800054fc (0x0043a4b3) x 9 0x00000001
core   0: 0x80005500 (0x00d834b3) sltu    s1, a6, a3
core   0: 3 0x80005500 (0x00d834b3) x 9 0x00000001
core   0: 0x80005504 (0x41d3de33) sra     t3, t2, t4
core   0: 3 0x80005504 (0x41d3de33) x28 0x00000000
core   0: 0x80005508 (0x00856033) or      zero, a0, s0
core   0: 3 0x80005508 (0x00856033)
core   0: 0x8000550c (0x02402bb3) mulhsu  s7, zero, tp
core   0: 3 0x8000550c (0x02402bb3) x23 0x00000000
core   0: 0x80005510 (0x02f157b3) divu    a5, sp, a5
core   0: 3 0x80005510 (0x02f157b3) x15 0x00000000
core   0: 0x80005514 (0x03f20633) mul     a2, tp, t6
core   0: 3 0x80005514 (0x03f20633) x12 0x00000000
core   0: 0x80005518 (0x413f5233) sra     tp, t5, s3
core   0: 3 0x80005518 (0x413f5233) x 4 0x00000000
core   0: 0x8000551c (0x00d35833) srl     a6, t1, a3
core   0: 3 0x8000551c (0x00d35833) x16 0x00000000
core   0: 0x80005520 (0xf1333313) sltiu   t1, t1, -237
core   0: 3 0x80005520 (0xf1333313) x 6 0x00000001
core   0: 0x80005524 (0x41fa5a13) srai    s4, s4, 31
core   0: 3 0x80005524 (0x41fa5a13) x20 0x00000000
core   0: 0x80005528 (0x41b80933) sub     s2, a6, s11
core   0: 3 0x80005528 (0x41b80933) x18 0x00000000
core   0: 0x8000552c (0x02c445b3) div     a1, s0, a2
core   0: 3 0x8000552c (0x02c445b3) x11 0xffffffff
core   0: 0x80005530 (0x02eda033) mulhsu  zero, s11, a4
core   0: 3 0x80005530 (0x02eda033)
core   0: 0x80005534 (0x013e41b3) xor     gp, t3, s3
core   0: 3 0x80005534 (0x013e41b3) x 3 0x00000000
core   0: 0x80005538 (0xa1f5f793) andi    a5, a1, -1505
core   0: 3 0x80005538 (0xa1f5f793) x15 0xfffffa1f
core   0: 0x8000553c (0x0163de13) srli    t3, t2, 22
core   0: 3 0x8000553c (0x0163de13) x28 0x00000000
core   0: 0x80005540 (0x02d66ab3) rem     s5, a2, a3
core   0: 3 0x80005540 (0x02d66ab3) x21 0x00000000
core   0: 0x80005544 (0x7a850513) addi    a0, a0, 1960
core   0: 3 0x80005544 (0x7a850513) x10 0x063397a8
core   0: 0x80005548 (0x02639933) mulh    s2, t2, t1
core   0: 3 0x80005548 (0x02639933) x18 0x00000000
core   0: 0x8000554c (0x40aed333) sra     t1, t4, a0
core   0: 3 0x8000554c (0x40aed333) x 6 0x00000000
core   0: 0x80005550 (0x00dc4ab3) xor     s5, s8, a3
core   0: 3 0x80005550 (0x00dc4ab3) x21 0xffe00063
core   0: 0x80005554 (0x0104d3b3) srl     t2, s1, a6
core   0: 3 0x80005554 (0x0104d3b3) x 7 0x00000001
core   0: 0x80005558 (0x027eeeb3) rem     t4, t4, t2
core   0: 3 0x80005558 (0x027eeeb3) x29 0x00000000
core   0: 0x8000555c (0x8d972637) lui     a2, 0x8d972
core   0: 3 0x8000555c (0x8d972637) x12 0x8d972000
core   0: 0x80005560 (0x628da313) slti    t1, s11, 1576
core   0: 3 0x80005560 (0x628da313) x 6 0x00000001
core   0: 0x80005564 (0x4da76413) ori     s0, a4, 1242
core   0: 3 0x80005564 (0x4da76413) x 8 0x80018cfe
core   0: 0x80005568 (0x0023d6b3) srl     a3, t2, sp
core   0: 3 0x80005568 (0x0023d6b3) x13 0x00000000
core   0: 0x8000556c (0x404a0a33) sub     s4, s4, tp
core   0: 3 0x8000556c (0x404a0a33) x20 0x00000000
core   0: 0x80005570 (0x03b4fcb3) remu    s9, s1, s11
core   0: 3 0x80005570 (0x03b4fcb3) x25 0x00000001
core   0: 0x80005574 (0x021321b3) mulhsu  gp, t1, ra
core   0: 3 0x80005574 (0x021321b3) x 3 0x00000000
core   0: 0x80005578 (0x0298ecb3) rem     s9, a7, s1
core   0: 3 0x80005578 (0x0298ecb3) x25 0x00000000
core   0: 0x8000557c (0x022750b3) divu    ra, a4, sp
core   0: 3 0x8000557c (0x022750b3) x 1 0x00000001
core   0: 0x80005580 (0x03c9c1b3) div     gp, s3, t3
core   0: 3 0x80005580 (0x03c9c1b3) x 3 0xffffffff
core   0: 0x80005584 (0x00181633) sll     a2, a6, ra
core   0: 3 0x80005584 (0x00181633) x12 0x00000000
core   0: 0x80005588 (0x00501493) slli    s1, zero, 5
core   0: 3 0x80005588 (0x00501493) x 9 0x00000000
core   0: 0x8000558c (0x02c6e433) rem     s0, a3, a2
core   0: 3 0x8000558c (0x02c6e433) x 8 0x00000000
core   0: 0x80005590 (0x019bed33) or      s10, s7, s9
core   0: 3 0x80005590 (0x019bed33) x26 0x00000000
core   0: 0x80005594 (0x19850f93) addi    t6, a0, 408
core   0: 3 0x80005594 (0x19850f93) x31 0x06339940
core   0: 0x80005598 (0x411dd693) srai    a3, s11, 17
core   0: 3 0x80005598 (0x411dd693) x13 0x00000000
core   0: 0x8000559c (0x00fcbd33) sltu    s10, s9, a5
core   0: 3 0x8000559c (0x00fcbd33) x26 0x00000001
core   0: 0x800055a0 (0x028bf0b3) remu    ra, s7, s0
core   0: 3 0x800055a0 (0x028bf0b3) x 1 0x00000000
core   0: 0x800055a4 (0x017d4cb3) xor     s9, s10, s7
core   0: 3 0x800055a4 (0x017d4cb3) x25 0x00000001
core   0: 0x800055a8 (0x01f15013) srli    zero, sp, 31
core   0: 3 0x800055a8 (0x01f15013)
core   0: 0x800055ac (0x039643b3) div     t2, a2, s9
core   0: 3 0x800055ac (0x039643b3) x 7 0x00000000
core   0: 0x800055b0 (0x00225193) srli    gp, tp, 2
core   0: 3 0x800055b0 (0x00225193) x 3 0x00000000
core   0: 0x800055b4 (0x41efd693) srai    a3, t6, 30
core   0: 3 0x800055b4 (0x41efd693) x13 0x00000000
core   0: 0x800055b8 (0xcb59f093) andi    ra, s3, -843
core   0: 3 0x800055b8 (0xcb59f093) x 1 0x00000000
core   0: 0x800055bc (0x70dd8497) auipc   s1, 0x70dd8
core   0: 3 0x800055bc (0x70dd8497) x 9 0xf0ddd5bc
core   0: 0x800055c0 (0x41a43f93) sltiu   t6, s0, 1050
core   0: 3 0x800055c0 (0x41a43f93) x31 0x00000001
core   0: 0x800055c4 (0x0155fe33) and     t3, a1, s5
core   0: 3 0x800055c4 (0x0155fe33) x28 0xffe00063
core   0: 0x800055c8 (0x00b2f4b3) and     s1, t0, a1
core   0: 3 0x800055c8 (0x00b2f4b3) x 9 0xf6416d2c
core   0: 0x800055cc (0x6ad34a93) xori    s5, t1, 1709
core   0: 3 0x800055cc (0x6ad34a93) x21 0x000006ac
core   0: 0x800055d0 (0x01d07eb3) and     t4, zero, t4
core   0: 3 0x800055d0 (0x01d07eb3) x29 0x00000000
core   0: 0x800055d4 (0x02fab833) mulhu   a6, s5, a5
core   0: 3 0x800055d4 (0x02fab833) x16 0x000006ab
core   0: 0x800055d8 (0x40a45333) sra     t1, s0, a0
core   0: 3 0x800055d8 (0x40a45333) x 6 0x00000000
core   0: 0x800055dc (0xc4fe8437) lui     s0, 0xc4fe8
core   0: 3 0x800055dc (0xc4fe8437) x 8 0xc4fe8000
core   0: 0x800055e0 (0x02d560b3) rem     ra, a0, a3
core   0: 3 0x800055e0 (0x02d560b3) x 1 0x063397a8
core   0: 0x800055e4 (0x033f5ab3) divu    s5, t5, s3
core   0: 3 0x800055e4 (0x033f5ab3) x21 0xffffffff
core   0: 0x800055e8 (0xe4f3c793) xori    a5, t2, -433
core   0: 3 0x800055e8 (0xe4f3c793) x15 0xfffffe4f
core   0: 0x800055ec (0x02e3e7b3) rem     a5, t2, a4
core   0: 3 0x800055ec (0x02e3e7b3) x15 0x00000000
core   0: 0x800055f0 (0x5e7eaa13) slti    s4, t4, 1511
core   0: 3 0x800055f0 (0x5e7eaa13) x20 0x00000001
core   0: 0x800055f4 (0x25574513) xori    a0, a4, 597
core   0: 3 0x800055f4 (0x25574513) x10 0x80018eb1
core   0: 0x800055f8 (0x02de6933) rem     s2, t3, a3
core   0: 3 0x800055f8 (0x02de6933) x18 0xffe00063
core   0: 0x800055fc (0x0195da93) srli    s5, a1, 25
core   0: 3 0x800055fc (0x0195da93) x21 0x0000007f
core   0: 0x80005600 (0x02211933) mulh    s2, sp, sp
core   0: 3 0x80005600 (0x02211933) x18 0x3ffeb19d
core   0: 0x80005604 (0x02d6b3b3) mulhu   t2, a3, a3
core   0: 3 0x80005604 (0x02d6b3b3) x 7 0x00000000
core   0: 0x80005608 (0x035315b3) mulh    a1, t1, s5
core   0: 3 0x80005608 (0x035315b3) x11 0x00000000
core   0: 0x8000560c (0x029f30b3) mulhu   ra, t5, s1
core   0: 3 0x8000560c (0x029f30b3) x 1 0x00000000
core   0: 0x80005610 (0x016570b3) and     ra, a0, s6
core   0: 3 0x80005610 (0x016570b3) x 1 0x00000000
core   0: 0x80005614 (0x005e7bb3) and     s7, t3, t0
core   0: 3 0x80005614 (0x005e7bb3) x23 0xf6400020
core   0: 0x80005618 (0x4bf8e693) ori     a3, a7, 1215
core   0: 3 0x80005618 (0x4bf8e693) x13 0x000004bf
core   0: 0x8000561c (0x01b69933) sll     s2, a3, s11
core   0: 3 0x8000561c (0x01b69933) x18 0x000004bf
core   0: 0x80005620 (0x41985933) sra     s2, a6, s9
core   0: 3 0x80005620 (0x41985933) x18 0x00000355
core   0: 0x80005624 (0x039db4b3) mulhu   s1, s11, s9
core   0: 3 0x80005624 (0x039db4b3) x 9 0x00000000
core   0: 0x80005628 (0x02d57833) remu    a6, a0, a3
core   0: 3 0x80005628 (0x02d57833) x16 0x00000139
core   0: 0x8000562c (0x017d1333) sll     t1, s10, s7
core   0: 3 0x8000562c (0x017d1333) x 6 0x00000001
core   0: 0x80005630 (0x03136433) rem     s0, t1, a7
core   0: 3 0x80005630 (0x03136433) x 8 0x00000001
core   0: 0x80005634 (0x02155233) divu    tp, a0, ra
core   0: 3 0x80005634 (0x02155233) x 4 0xffffffff
core   0: 0x80005638 (0x005b7033) and     zero, s6, t0
core   0: 3 0x80005638 (0x005b7033)
core   0: 0x8000563c (0xb9153a13) sltiu   s4, a0, -1135
core   0: 3 0x8000563c (0xb9153a13) x20 0x00000001
core   0: 0x80005640 (0x03267533) remu    a0, a2, s2
core   0: 3 0x80005640 (0x03267533) x10 0x00000000
core   0: 0x80005644 (0x5f833b93) sltiu   s7, t1, 1528
core   0: 3 0x80005644 (0x5f833b93) x23 0x00000001
core   0: 0x80005648 (0x02e7a233) mulhsu  tp, a5, a4
core   0: 3 0x80005648 (0x02e7a233) x 4 0x00000000
core   0: 0x8000564c (0x023b4db3) div     s11, s6, gp
core   0: 3 0x8000564c (0x023b4db3) x27 0xffffffff
core   0: 0x80005650 (0x031277b3) remu    a5, tp, a7
core   0: 3 0x80005650 (0x031277b3) x15 0x00000000
core   0: 0x80005654 (0x0246b6b3) mulhu   a3, a3, tp
core   0: 3 0x80005654 (0x0246b6b3) x13 0x00000000
core   0: 0x80005658 (0x00000013) nop
core   0: 3 0x80005658 (0x00000013)
core   0: 0x8000565c (0x028e2c33) mulhsu  s8, t3, s0
core   0: 3 0x8000565c (0x028e2c33) x24 0xffffffff
core   0: 0x80005660 (0x41498233) sub     tp, s3, s4
core   0: 3 0x80005660 (0x41498233) x 4 0xffffffff
core   0: 0x80005664 (0x02947c33) remu    s8, s0, s1
core   0: 3 0x80005664 (0x02947c33) x24 0x00000001
core   0: 0x80005668 (0x0311e5b3) rem     a1, gp, a7
core   0: 3 0x80005668 (0x0311e5b3) x11 0x00000000
core   0: 0x8000566c (0x401bd913) srai    s2, s7, 1
core   0: 3 0x8000566c (0x401bd913) x18 0x00000000
core   0: 0x80005670 (0x01647633) and     a2, s0, s6
core   0: 3 0x80005670 (0x01647633) x12 0x00000000
core   0: 0x80005674 (0x00000013) nop
core   0: 3 0x80005674 (0x00000013)
core   0: 0x80005678 (0x013b1333) sll     t1, s6, s3
core   0: 3 0x80005678 (0x013b1333) x 6 0x00000000
core   0: 0x8000567c (0x0070b6b3) sltu    a3, ra, t2
core   0: 3 0x8000567c (0x0070b6b3) x13 0x00000000
core   0: 0x80005680 (0x00df7ab3) and     s5, t5, a3
core   0: 3 0x80005680 (0x00df7ab3) x21 0x00000000
core   0: 0x80005684 (0x1456e897) auipc   a7, 0x1456e
core   0: 3 0x80005684 (0x1456e897) x17 0x94573684
core   0: 0x80005688 (0x1037bd13) sltiu   s10, a5, 259
core   0: 3 0x80005688 (0x1037bd13) x26 0x00000001
core   0: 0x8000568c (0x0276bbb3) mulhu   s7, a3, t2
core   0: 3 0x8000568c (0x0276bbb3) x23 0x00000000
core   0: 0x80005690 (0xddb18637) lui     a2, 0xddb18
core   0: 3 0x80005690 (0xddb18637) x12 0xddb18000
core   0: 0x80005694 (0x0157fab3) and     s5, a5, s5
core   0: 3 0x80005694 (0x0157fab3) x21 0x00000000
core   0: 0x80005698 (0x03b1e533) rem     a0, gp, s11
core   0: 3 0x80005698 (0x03b1e533) x10 0x00000000
core   0: 0x8000569c (0x60ada793) slti    a5, s11, 1546
core   0: 3 0x8000569c (0x60ada793) x15 0x00000001
core   0: 0x800056a0 (0x90dfae93) slti    t4, t6, -1779
core   0: 3 0x800056a0 (0x90dfae93) x29 0x00000000
core   0: 0x800056a4 (0x002065b3) or      a1, zero, sp
core   0: 3 0x800056a4 (0x002065b3) x11 0x80014e64
core   0: 0x800056a8 (0x03a83433) mulhu   s0, a6, s10
core   0: 3 0x800056a8 (0x03a83433) x 8 0x00000000
core   0: 0x800056ac (0x403e80b3) sub     ra, t4, gp
core   0: 3 0x800056ac (0x403e80b3) x 1 0x00000000
core   0: 0x800056b0 (0x00a210b3) sll     ra, tp, a0
core   0: 3 0x800056b0 (0x00a210b3) x 1 0xffffffff
core   0: 0x800056b4 (0x03b30f33) mul     t5, t1, s11
core   0: 3 0x800056b4 (0x03b30f33) x30 0x00000000
core   0: 0x800056b8 (0x40c889b3) sub     s3, a7, a2
core   0: 3 0x800056b8 (0x40c889b3) x19 0xb6a5b684
core   0: 0x800056bc (0x6888f093) andi    ra, a7, 1672
core   0: 3 0x800056bc (0x6888f093) x 1 0x00000680
core   0: 0x800056c0 (0x91191237) lui     tp, 0x91191
core   0: 3 0x800056c0 (0x91191237) x 4 0x91191000
core   0: 0x800056c4 (0x029213b3) mulh    t2, tp, s1
core   0: 3 0x800056c4 (0x029213b3) x 7 0x00000000
core   0: 0x800056c8 (0x6804c313) xori    t1, s1, 1664
core   0: 3 0x800056c8 (0x6804c313) x 6 0x00000680
core   0: 0x800056cc (0x6bcacf97) auipc   t6, 0x6bcac
core   0: 3 0x800056cc (0x6bcacf97) x31 0xebcb16cc
core   0: 0x800056d0 (0x01cfeeb3) or      t4, t6, t3
core   0: 3 0x800056d0 (0x01cfeeb3) x29 0xffeb16ef
core   0: 0x800056d4 (0x289646b7) lui     a3, 0x28964
core   0: 3 0x800056d4 (0x289646b7) x13 0x28964000
core   0: 0x800056d8 (0x00909413) slli    s0, ra, 9
core   0: 3 0x800056d8 (0x00909413) x 8 0x000d0000
core   0: 0x800056dc (0x01962933) slt     s2, a2, s9
core   0: 3 0x800056dc (0x01962933) x18 0x00000001
core   0: 0x800056e0 (0x40badc33) sra     s8, s5, a1
core   0: 3 0x800056e0 (0x40badc33) x24 0x00000000
core   0: 0x800056e4 (0x00c5bbb3) sltu    s7, a1, a2
core   0: 3 0x800056e4 (0x00c5bbb3) x23 0x00000001
core   0: 0x800056e8 (0xfa398393) addi    t2, s3, -93
core   0: 3 0x800056e8 (0xfa398393) x 7 0xb6a5b627
core   0: 0x800056ec (0x68e5f837) lui     a6, 0x68e5f
core   0: 3 0x800056ec (0x68e5f837) x16 0x68e5f000
core   0: 0x800056f0 (0x4b9db613) sltiu   a2, s11, 1209
core   0: 3 0x800056f0 (0x4b9db613) x12 0x00000000
core   0: 0x800056f4 (0x0147d433) srl     s0, a5, s4
core   0: 3 0x800056f4 (0x0147d433) x 8 0x00000000
core   0: 0x800056f8 (0x01a85893) srli    a7, a6, 26
core   0: 3 0x800056f8 (0x01a85893) x17 0x0000001a
core   0: 0x800056fc (0x0c97c913) xori    s2, a5, 201
core   0: 3 0x800056fc (0x0c97c913) x18 0x000000c8
core   0: 0x80005700 (0x02ed6333) rem     t1, s10, a4
core   0: 3 0x80005700 (0x02ed6333) x 6 0x00000001
core   0: 0x80005704 (0x03dddbb3) divu    s7, s11, t4
core   0: 3 0x80005704 (0x03dddbb3) x23 0x00000001
core   0: 0x80005708 (0x004843b3) xor     t2, a6, tp
core   0: 3 0x80005708 (0x004843b3) x 7 0xf9fce000
core   0: 0x8000570c (0x0006c3b3) xor     t2, a3, zero
core   0: 3 0x8000570c (0x0006c3b3) x 7 0x28964000
core   0: 0x80005710 (0x665d0b93) addi    s7, s10, 1637
core   0: 3 0x80005710 (0x665d0b93) x23 0x00000666
core   0: 0x80005714 (0x07593793) sltiu   a5, s2, 117
core   0: 3 0x80005714 (0x07593793) x15 0x00000000
core   0: 0x80005718 (0x41af5433) sra     s0, t5, s10
core   0: 3 0x80005718 (0x41af5433) x 8 0x00000000
core   0: 0x8000571c (0x00ea39b3) sltu    s3, s4, a4
core   0: 3 0x8000571c (0x00ea39b3) x19 0x00000001
core   0: 0x80005720 (0x36657a13) andi    s4, a0, 870
core   0: 3 0x80005720 (0x36657a13) x20 0x00000000
core   0: 0x80005724 (0x02d69633) mulh    a2, a3, a3
core   0: 3 0x80005724 (0x02d69633) x12 0x066f4c2f
core   0: 0x80005728 (0x017e7633) and     a2, t3, s7
core   0: 3 0x80005728 (0x017e7633) x12 0x00000062
core   0: 0x8000572c (0xf6e96b37) lui     s6, 0xf6e96
core   0: 3 0x8000572c (0xf6e96b37) x22 0xf6e96000
core   0: 0x80005730 (0x4100dab3) sra     s5, ra, a6
core   0: 3 0x80005730 (0x4100dab3) x21 0x00000680
core   0: 0x80005734 (0x02ccfe33) remu    t3, s9, a2
core   0: 3 0x80005734 (0x02ccfe33) x28 0x00000001
core   0: 0x80005738 (0x41768933) sub     s2, a3, s7
core   0: 3 0x80005738 (0x41768933) x18 0x2896399a
core   0: 0x8000573c (0x41f15f33) sra     t5, sp, t6
core   0: 3 0x8000573c (0x41f15f33) x30 0xfff80014
core   0: 0x80005740 (0x02677533) remu    a0, a4, t1
core   0: 3 0x80005740 (0x02677533) x10 0x00000000
core   0: 0x80005744 (0x018aaab3) slt     s5, s5, s8
core   0: 3 0x80005744 (0x018aaab3) x21 0x00000000
core   0: 0x80005748 (0x02a15633) divu    a2, sp, a0
core   0: 3 0x80005748 (0x02a15633) x12 0xffffffff
core   0: 0x8000574c (0x03d67ab3) remu    s5, a2, t4
core   0: 3 0x8000574c (0x03d67ab3) x21 0x0014e910
core   0: 0x80005750 (0x02be63b3) rem     t2, t3, a1
core   0: 3 0x80005750 (0x02be63b3) x 7 0x00000001
core   0: 0x80005754 (0x00000013) nop
core   0: 3 0x80005754 (0x00000013)
core   0: 0x80005758 (0x01d28533) add     a0, t0, t4
core   0: 3 0x80005758 (0x01d28533) x10 0xf62c841b
core   0: 0x8000575c (0x2ea78797) auipc   a5, 0x2ea78
core   0: 3 0x8000575c (0x2ea78797) x15 0xaea7d75c
core   0: 0x80005760 (0x019cf7b3) and     a5, s9, s9
core   0: 3 0x80005760 (0x019cf7b3) x15 0x00000001
core   0: 0x80005764 (0x88a0fb93) andi    s7, ra, -1910
core   0: 3 0x80005764 (0x88a0fb93) x23 0x00000080
core   0: 0x80005768 (0x01672933) slt     s2, a4, s6
core   0: 3 0x80005768 (0x01672933) x18 0x00000001
core   0: 0x8000576c (0x00632db3) slt     s11, t1, t1
core   0: 3 0x8000576c (0x00632db3) x27 0x00000000
core   0: 0x80005770 (0x17d6c513) xori    a0, a3, 381
core   0: 3 0x80005770 (0x17d6c513) x10 0x2896417d
core   0: 0x80005774 (0xae977e13) andi    t3, a4, -1303
core   0: 3 0x80005774 (0xae977e13) x28 0x800188e0
core   0: 0x80005778 (0x01c7bbb3) sltu    s7, a5, t3
core   0: 3 0x80005778 (0x01c7bbb3) x23 0x00000001
core   0: 0x8000577c (0x00cad8b3) srl     a7, s5, a2
core   0: 3 0x8000577c (0x00cad8b3) x17 0x00000000
core   0: 0x80005780 (0xc9736f13) ori     t5, t1, -873
core   0: 3 0x80005780 (0xc9736f13) x30 0xfffffc97
core   0: 0x80005784 (0x40da5313) srai    t1, s4, 13
core   0: 3 0x80005784 (0x40da5313) x 6 0x00000000
core   0: 0x80005788 (0x018e99b3) sll     s3, t4, s8
core   0: 3 0x80005788 (0x018e99b3) x19 0xffeb16ef
core   0: 0x8000578c (0x0086edb3) or      s11, a3, s0
core   0: 3 0x8000578c (0x0086edb3) x27 0x28964000
core   0: 0x80005790 (0x02446bb3) rem     s7, s0, tp
core   0: 3 0x80005790 (0x02446bb3) x23 0x00000000
core   0: 0x80005794 (0x4059d313) srai    t1, s3, 5
core   0: 3 0x80005794 (0x4059d313) x 6 0xffff58b7
core   0: 0x80005798 (0x408b0a33) sub     s4, s6, s0
core   0: 3 0x80005798 (0x408b0a33) x20 0xf6e96000
core   0: 0x8000579c (0x00000013) nop
core   0: 3 0x8000579c (0x00000013)
core   0: 0x800057a0 (0x03ceb833) mulhu   a6, t4, t3
core   0: 3 0x800057a0 (0x03ceb833) x16 0x7ff71437
core   0: 0x800057a4 (0x1d250817) auipc   a6, 0x1d250
core   0: 3 0x800057a4 (0x1d250817) x16 0x9d2557a4
core   0: 0x800057a8 (0x9f595d97) auipc   s11, 0x9f595
core   0: 3 0x800057a8 (0x9f595d97) x27 0x1f59a7a8
core   0: 0x800057ac (0x023947b3) div     a5, s2, gp
core   0: 3 0x800057ac (0x023947b3) x15 0xffffffff
core   0: 0x800057b0 (0x23068bb7) lui     s7, 0x23068
core   0: 3 0x800057b0 (0x23068bb7) x23 0x23068000
core   0: 0x800057b4 (0x17a4f213) andi    tp, s1, 378
core   0: 3 0x800057b4 (0x17a4f213) x 4 0x00000000
core   0: 0x800057b8 (0x0006d9b3) srl     s3, a3, zero
core   0: 3 0x800057b8 (0x0006d9b3) x19 0x28964000
core   0: 0x800057bc (0x01899933) sll     s2, s3, s8
core   0: 3 0x800057bc (0x01899933) x18 0x28964000
core   0: 0x800057c0 (0xaba57213) andi    tp, a0, -1350
core   0: 3 0x800057c0 (0xaba57213) x 4 0x28964038
core   0: 0x800057c4 (0x00000013) nop
core   0: 3 0x800057c4 (0x00000013)
core   0: 0x800057c8 (0x02e2c8b3) div     a7, t0, a4
core   0: 3 0x800057c8 (0x02e2c8b3) x17 0x00000000
core   0: 0x800057cc (0x01072933) slt     s2, a4, a6
core   0: 3 0x800057cc (0x01072933) x18 0x00000001
core   0: 0x800057d0 (0x6156e693) ori     a3, a3, 1557
core   0: 3 0x800057d0 (0x6156e693) x13 0x28964615
core   0: 0x800057d4 (0x00a1d313) srli    t1, gp, 10
core   0: 3 0x800057d4 (0x00a1d313) x 6 0x00000000
core   0: 0x800057d8 (0x281aa9b7) lui     s3, 0x281aa
core   0: 3 0x800057d8 (0x281aa9b7) x19 0x281aa000
core   0: 0x800057dc (0xdc61b213) sltiu   tp, gp, -570
core   0: 3 0x800057dc (0xdc61b213) x 4 0x00000001
core   0: 0x800057e0 (0x01123233) sltu    tp, tp, a7
core   0: 3 0x800057e0 (0x01123233) x 4 0x00000000
core   0: 0x800057e4 (0x0b4d7b93) andi    s7, s10, 180
core   0: 3 0x800057e4 (0x0b4d7b93) x23 0x00000000
core   0: 0x800057e8 (0x00000013) nop
core   0: 3 0x800057e8 (0x00000013)
core   0: 0x800057ec (0x2aaed417) auipc   s0, 0x2aaed
core   0: 3 0x800057ec (0x2aaed417) x 8 0xaaaf27ec
core   0: 0x800057f0 (0x0039fd33) and     s10, s3, gp
core   0: 3 0x800057f0 (0x0039fd33) x26 0x00000000
core   0: 0x800057f4 (0x00db9833) sll     a6, s7, a3
core   0: 3 0x800057f4 (0x00db9833) x16 0x00000000
core   0: 0x800057f8 (0x021d1cb3) mulh    s9, s10, ra
core   0: 3 0x800057f8 (0x021d1cb3) x25 0x00000000
core   0: 0x800057fc (0x01a296b3) sll     a3, t0, s10
core   0: 3 0x800057fc (0x01a296b3) x13 0xf6416d2c
core   0: 0x80005800 (0xea04c513) xori    a0, s1, -352
core   0: 3 0x80005800 (0xea04c513) x10 0xfffffea0
core   0: 0x80005804 (0x02dc85b3) mul     a1, s9, a3
core   0: 3 0x80005804 (0x02dc85b3) x11 0x00000000
core   0: 0x80005808 (0x03acf533) remu    a0, s9, s10
core   0: 3 0x80005808 (0x03acf533) x10 0x00000000
core   0: 0x8000580c (0x00863533) sltu    a0, a2, s0
core   0: 3 0x8000580c (0x00863533) x10 0x00000000
core   0: 0x80005810 (0x029f67b3) rem     a5, t5, s1
core   0: 3 0x80005810 (0x029f67b3) x15 0xfffffc97
core   0: 0x80005814 (0xbb747337) lui     t1, 0xbb747
core   0: 3 0x80005814 (0xbb747337) x 6 0xbb747000
core   0: 0x80005818 (0x034cb833) mulhu   a6, s9, s4
core   0: 3 0x80005818 (0x034cb833) x16 0x00000000
core   0: 0x8000581c (0x02225fb3) divu    t6, tp, sp
core   0: 3 0x8000581c (0x02225fb3) x31 0x00000000
core   0: 0x80005820 (0x01a6f633) and     a2, a3, s10
core   0: 3 0x80005820 (0x01a6f633) x12 0x00000000
core   0: 0x80005824 (0x00000013) nop
core   0: 3 0x80005824 (0x00000013)
core   0: 0x80005828 (0x03cb37b3) mulhu   a5, s6, t3
core   0: 3 0x80005828 (0x03cb37b3) x15 0x7b762aed
core   0: 0x8000582c (0x0245acb3) mulhsu  s9, a1, tp
core   0: 3 0x8000582c (0x0245acb3) x25 0x00000000
core   0: 0x80005830 (0x00ebcd33) xor     s10, s7, a4
core   0: 3 0x80005830 (0x00ebcd33) x26 0x80018ce4
core   0: 0x80005834 (0x07e63793) sltiu   a5, a2, 126
core   0: 3 0x80005834 (0x07e63793) x15 0x00000001
core   0: 0x80005838 (0x0a2da413) slti    s0, s11, 162
core   0: 3 0x80005838 (0x0a2da413) x 8 0x00000000
core   0: 0x8000583c (0x00000013) nop
core   0: 3 0x8000583c (0x00000013)
core   0: 0x80005840 (0x01d95933) srl     s2, s2, t4
core   0: 3 0x80005840 (0x01d95933) x18 0x00000000
core   0: 0x80005844 (0x80030c13) addi    s8, t1, -2048
core   0: 3 0x80005844 (0x80030c13) x24 0xbb746800
core   0: 0x80005848 (0xa3c1b893) sltiu   a7, gp, -1476
core   0: 3 0x80005848 (0xa3c1b893) x17 0x00000001
core   0: 0x8000584c (0x024c2eb3) mulhsu  t4, s8, tp
core   0: 3 0x8000584c (0x024c2eb3) x29 0x00000000
core   0: 0x80005850 (0x00000013) nop
core   0: 3 0x80005850 (0x00000013)
core   0: 0x80005854 (0x011b8e33) add     t3, s7, a7
core   0: 3 0x80005854 (0x011b8e33) x28 0x00000001
core   0: 0x80005858 (0x009c57b3) srl     a5, s8, s1
core   0: 3 0x80005858 (0x009c57b3) x15 0xbb746800
core   0: 0x8000585c (0x0051d013) srli    zero, gp, 5
core   0: 3 0x8000585c (0x0051d013)
core   0: 0x80005860 (0x405d5d93) srai    s11, s10, 5
core   0: 3 0x80005860 (0x405d5d93) x27 0xfc000c67
core   0: 0x80005864 (0xbe022d93) slti    s11, tp, -1056
core   0: 3 0x80005864 (0xbe022d93) x27 0x00000000
core   0: 0x80005868 (0x97586793) ori     a5, a6, -1675
core   0: 3 0x80005868 (0x97586793) x15 0xfffff975
core   0: 0x8000586c (0x0373b233) mulhu   tp, t2, s7
core   0: 3 0x8000586c (0x0373b233) x 4 0x00000000
core   0: 0x80005870 (0x306cc213) xori    tp, s9, 774
core   0: 3 0x80005870 (0x306cc213) x 4 0x00000306
core   0: 0x80005874 (0xd402a493) slti    s1, t0, -704
core   0: 3 0x80005874 (0xd402a493) x 9 0x00000001
core   0: 0x80005878 (0x98c4ed93) ori     s11, s1, -1652
core   0: 3 0x80005878 (0x98c4ed93) x27 0xfffff98d
core   0: 0x8000587c (0x02d05233) divu    tp, zero, a3
core   0: 3 0x8000587c (0x02d05233) x 4 0x00000000
core   0: 0x80005880 (0x00000013) nop
core   0: 3 0x80005880 (0x00000013)
core   0: 0x80005884 (0xcd674f13) xori    t5, a4, -810
core   0: 3 0x80005884 (0xcd674f13) x30 0x7ffe7032
core   0: 0x80005888 (0x2eea7fb7) lui     t6, 0x2eea7
core   0: 3 0x80005888 (0x2eea7fb7) x31 0x2eea7000
core   0: 0x8000588c (0x405edb33) sra     s6, t4, t0
core   0: 3 0x8000588c (0x405edb33) x22 0x00000000
core   0: 0x80005890 (0x36ab0393) addi    t2, s6, 874
core   0: 3 0x80005890 (0x36ab0393) x 7 0x0000036a
core   0: 0x80005894 (0x02911a33) mulh    s4, sp, s1
core   0: 3 0x80005894 (0x02911a33) x20 0xffffffff
core   0: 0x80005898 (0x00afaeb3) slt     t4, t6, a0
core   0: 3 0x80005898 (0x00afaeb3) x29 0x00000000
core   0: 0x8000589c (0x03cbfe33) remu    t3, s7, t3
core   0: 3 0x8000589c (0x03cbfe33) x28 0x00000000
core   0: 0x800058a0 (0x028174b3) remu    s1, sp, s0
core   0: 3 0x800058a0 (0x028174b3) x 9 0x80014e64
core   0: 0x800058a4 (0xf2bb0013) addi    zero, s6, -213
core   0: 3 0x800058a4 (0xf2bb0013)
core   0: 0x800058a8 (0x40f9ddb3) sra     s11, s3, a5
core   0: 3 0x800058a8 (0x40f9ddb3) x27 0x00000140
core   0: 0x800058ac (0x40218533) sub     a0, gp, sp
core   0: 3 0x800058ac (0x40218533) x10 0x7ffeb19c
core   0: 0x800058b0 (0xa6106b13) ori     s6, zero, -1439
core   0: 3 0x800058b0 (0xa6106b13) x22 0xfffffa61
core   0: 0x800058b4 (0x03173233) mulhu   tp, a4, a7
core   0: 3 0x800058b4 (0x03173233) x 4 0x00000000
core   0: 0x800058b8 (0x96d74a93) xori    s5, a4, -1683
core   0: 3 0x800058b8 (0x96d74a93) x21 0x7ffe7589
core   0: 0x800058bc (0x3c21be97) auipc   t4, 0x3c21b
core   0: 3 0x800058bc (0x3c21be97) x29 0xbc2208bc
core   0: 0x800058c0 (0x01169193) slli    gp, a3, 17
core   0: 3 0x800058c0 (0x01169193) x 3 0xda580000
core   0: 0x800058c4 (0x02976633) rem     a2, a4, s1
core   0: 3 0x800058c4 (0x02976633) x12 0x80018ce4
core   0: 0x800058c8 (0x011261b3) or      gp, tp, a7
core   0: 3 0x800058c8 (0x011261b3) x 3 0x00000001
core   0: 0x800058cc (0x021a5533) divu    a0, s4, ra
core   0: 3 0x800058cc (0x021a5533) x10 0x00276276
core   0: 0x800058d0 (0x32b7ac93) slti    s9, a5, 811
core   0: 3 0x800058d0 (0x32b7ac93) x25 0x00000001
core   0: 0x800058d4 (0x41cb5433) sra     s0, s6, t3
core   0: 3 0x800058d4 (0x41cb5433) x 8 0xfffffa61
core   0: 0x800058d8 (0x0170dd33) srl     s10, ra, s7
core   0: 3 0x800058d8 (0x0170dd33) x26 0x00000680
core   0: 0x800058dc (0x40ef5933) sra     s2, t5, a4
core   0: 3 0x800058dc (0x40ef5933) x18 0x07ffe703
core   0: 0x800058e0 (0x0148cbb3) xor     s7, a7, s4
core   0: 3 0x800058e0 (0x0148cbb3) x23 0xfffffffe
core   0: 0x800058e4 (0x00cad433) srl     s0, s5, a2
core   0: 3 0x800058e4 (0x00cad433) x 8 0x07ffe758
core   0: 0x800058e8 (0x03dd5f33) divu    t5, s10, t4
core   0: 3 0x800058e8 (0x03dd5f33) x30 0x00000000
core   0: 0x800058ec (0x40005093) srai    ra, zero, 0
core   0: 3 0x800058ec (0x40005093) x 1 0x00000000
core   0: 0x800058f0 (0x03a16d33) rem     s10, sp, s10
core   0: 3 0x800058f0 (0x03a16d33) x26 0xfffffbe4
core   0: 0x800058f4 (0x03126ab3) rem     s5, tp, a7
core   0: 3 0x800058f4 (0x03126ab3) x21 0x00000000
core   0: 0x800058f8 (0x00bfbd33) sltu    s10, t6, a1
core   0: 3 0x800058f8 (0x00bfbd33) x26 0x00000000
core   0: 0x800058fc (0xdb227393) andi    t2, tp, -590
core   0: 3 0x800058fc (0xdb227393) x 7 0x00000000
core   0: 0x80005900 (0x006b6f33) or      t5, s6, t1
core   0: 3 0x80005900 (0x006b6f33) x30 0xfffffa61
core   0: 0x80005904 (0x4004d413) srai    s0, s1, 0
core   0: 3 0x80005904 (0x4004d413) x 8 0x80014e64
core   0: 0x80005908 (0xc9c40db7) lui     s11, 0xc9c40
core   0: 3 0x80005908 (0xc9c40db7) x27 0xc9c40000
core   0: 0x8000590c (0x00986cb3) or      s9, a6, s1
core   0: 3 0x8000590c (0x00986cb3) x25 0x80014e64
core   0: 0x80005910 (0x010ca8b3) slt     a7, s9, a6
core   0: 3 0x80005910 (0x010ca8b3) x17 0x00000001
core   0: 0x80005914 (0x0194f5b3) and     a1, s1, s9
core   0: 3 0x80005914 (0x0194f5b3) x11 0x80014e64
core   0: 0x80005918 (0x00eed233) srl     tp, t4, a4
core   0: 3 0x80005918 (0x00eed233) x 4 0x0bc2208b
core   0: 0x8000591c (0xc3cd6637) lui     a2, 0xc3cd6
core   0: 3 0x8000591c (0xc3cd6637) x12 0xc3cd6000
core   0: 0x80005920 (0x39622c93) slti    s9, tp, 918
core   0: 3 0x80005920 (0x39622c93) x25 0x00000000
core   0: 0x80005924 (0x01ce8333) add     t1, t4, t3
core   0: 3 0x80005924 (0x01ce8333) x 6 0xbc2208bc
core   0: 0x80005928 (0x01aa5233) srl     tp, s4, s10
core   0: 3 0x80005928 (0x01aa5233) x 4 0xffffffff
core   0: 0x8000592c (0x00819093) slli    ra, gp, 8
core   0: 3 0x8000592c (0x00819093) x 1 0x00000100
core   0: 0x80005930 (0x00000013) nop
core   0: 3 0x80005930 (0x00000013)
core   0: 0x80005934 (0x02db2233) mulhsu  tp, s6, a3
core   0: 3 0x80005934 (0x02db2233) x 4 0xfffffa97
core   0: 0x80005938 (0x032a6b33) rem     s6, s4, s2
core   0: 3 0x80005938 (0x032a6b33) x22 0xffffffff
core   0: 0x8000593c (0x40cb0eb3) sub     t4, s6, a2
core   0: 3 0x8000593c (0x40cb0eb3) x29 0x3c329fff
core   0: 0x80005940 (0x02c104b3) mul     s1, sp, a2
core   0: 3 0x80005940 (0x02c104b3) x 9 0x6f798000
core   0: 0x80005944 (0x011b7cb3) and     s9, s6, a7
core   0: 3 0x80005944 (0x011b7cb3) x25 0x00000001
core   0: 0x80005948 (0x03bf83b3) mul     t2, t6, s11
core   0: 3 0x80005948 (0x03bf83b3) x 7 0xc0000000
core   0: 0x8000594c (0x00ec5c93) srli    s9, s8, 14
core   0: 3 0x8000594c (0x00ec5c93) x25 0x0002edd1
core   0: 0x80005950 (0x005fc833) xor     a6, t6, t0
core   0: 3 0x80005950 (0x005fc833) x16 0xd8ab1d2c
core   0: 0x80005954 (0x41b1d6b3) sra     a3, gp, s11
core   0: 3 0x80005954 (0x41b1d6b3) x13 0x00000001
core   0: 0x80005958 (0x018dbe33) sltu    t3, s11, s8
core   0: 3 0x80005958 (0x018dbe33) x28 0x00000000
core   0: 0x8000595c (0x030f4633) div     a2, t5, a6
core   0: 3 0x8000595c (0x030f4633) x12 0x00000000
core   0: 0x80005960 (0xdddb8013) addi    zero, s7, -547
core   0: 3 0x80005960 (0xdddb8013)
core   0: 0x80005964 (0x028ef5b3) remu    a1, t4, s0
core   0: 3 0x80005964 (0x028ef5b3) x11 0x3c329fff
core   0: 0x80005968 (0x03d53233) mulhu   tp, a0, t4
core   0: 3 0x80005968 (0x03d53233) x 4 0x000942dd
core   0: 0x8000596c (0x03f077b3) remu    a5, zero, t6
core   0: 3 0x8000596c (0x03f077b3) x15 0x00000000
core   0: 0x80005970 (0x02109833) mulh    a6, ra, ra
core   0: 3 0x80005970 (0x02109833) x16 0x00000000
core   0: 0x80005974 (0x0d8da493) slti    s1, s11, 216
core   0: 3 0x80005974 (0x0d8da493) x 9 0x00000001
core   0: 0x80005978 (0x032c5f33) divu    t5, s8, s2
core   0: 3 0x80005978 (0x032c5f33) x30 0x00000017
core   0: 0x8000597c (0x02015b33) divu    s6, sp, zero
core   0: 3 0x8000597c (0x02015b33) x22 0xffffffff
core   0: 0x80005980 (0x00de0f33) add     t5, t3, a3
core   0: 3 0x80005980 (0x00de0f33) x30 0x00000001
core   0: 0x80005984 (0x03535fb3) divu    t6, t1, s5
core   0: 3 0x80005984 (0x03535fb3) x31 0xffffffff
core   0: 0x80005988 (0x01ddb433) sltu    s0, s11, t4
core   0: 3 0x80005988 (0x01ddb433) x 8 0x00000000
core   0: 0x8000598c (0x00a095b3) sll     a1, ra, a0
core   0: 3 0x8000598c (0x00a095b3) x11 0x40000000
core   0: 0x80005990 (0x22903613) sltiu   a2, zero, 553
core   0: 3 0x80005990 (0x22903613) x12 0x00000001
core   0: 0x80005994 (0x0144c233) xor     tp, s1, s4
core   0: 3 0x80005994 (0x0144c233) x 4 0xfffffffe
core   0: 0x80005998 (0xc8113813) sltiu   a6, sp, -895
core   0: 3 0x80005998 (0xc8113813) x16 0x00000001
core   0: 0x8000599c (0x00000013) nop
core   0: 3 0x8000599c (0x00000013)
core   0: 0x800059a0 (0x0184a233) slt     tp, s1, s8
core   0: 3 0x800059a0 (0x0184a233) x 4 0x00000000
core   0: 0x800059a4 (0xbeecff93) andi    t6, s9, -1042
core   0: 3 0x800059a4 (0xbeecff93) x31 0x0002e9c0
core   0: 0x800059a8 (0x00efd893) srli    a7, t6, 14
core   0: 3 0x800059a8 (0x00efd893) x17 0x0000000b
core   0: 0x800059ac (0x02557db3) remu    s11, a0, t0
core   0: 3 0x800059ac (0x02557db3) x27 0x00276276
core   0: 0x800059b0 (0xf9382b13) slti    s6, a6, -109
core   0: 3 0x800059b0 (0xf9382b13) x22 0x00000000
core   0: 0x800059b4 (0x037c89b3) mul     s3, s9, s7
core   0: 3 0x800059b4 (0x037c89b3) x19 0xfffa245e
core   0: 0x800059b8 (0x9c942093) slti    ra, s0, -1591
core   0: 3 0x800059b8 (0x9c942093) x 1 0x00000000
core   0: 0x800059bc (0x73388893) addi    a7, a7, 1843
core   0: 3 0x800059bc (0x73388893) x17 0x0000073e
core   0: 0x800059c0 (0x0202afb3) mulhsu  t6, t0, zero
core   0: 3 0x800059c0 (0x0202afb3) x31 0x00000000
core   0: 0x800059c4 (0x0265d9b3) divu    s3, a1, t1
core   0: 3 0x800059c4 (0x0265d9b3) x19 0x00000000
core   0: 0x800059c8 (0x0077d0b3) srl     ra, a5, t2
core   0: 3 0x800059c8 (0x0077d0b3) x 1 0x00000000
core   0: 0x800059cc (0x00fc8cb3) add     s9, s9, a5
core   0: 3 0x800059cc (0x00fc8cb3) x25 0x0002edd1
core   0: 0x800059d0 (0x01bbf4b3) and     s1, s7, s11
core   0: 3 0x800059d0 (0x01bbf4b3) x 9 0x00276276
core   0: 0x800059d4 (0x784dfb93) andi    s7, s11, 1924
core   0: 3 0x800059d4 (0x784dfb93) x23 0x00000204
core   0: 0x800059d8 (0x00a4b1b3) sltu    gp, s1, a0
core   0: 3 0x800059d8 (0x00a4b1b3) x 3 0x00000000
core   0: 0x800059dc (0x0263b633) mulhu   a2, t2, t1
core   0: 3 0x800059dc (0x0263b633) x12 0x8d19868d
core   0: 0x800059e0 (0x01af9013) slli    zero, t6, 26
core   0: 3 0x800059e0 (0x01af9013)
core   0: 0x800059e4 (0xa67ce793) ori     a5, s9, -1433
core   0: 3 0x800059e4 (0xa67ce793) x15 0xfffffff7
core   0: 0x800059e8 (0x8795abb7) lui     s7, 0x8795a
core   0: 3 0x800059e8 (0x8795abb7) x23 0x8795a000
core   0: 0x800059ec (0x03abdd33) divu    s10, s7, s10
core   0: 3 0x800059ec (0x03abdd33) x26 0xffffffff
core   0: 0x800059f0 (0x0335ea33) rem     s4, a1, s3
core   0: 3 0x800059f0 (0x0335ea33) x20 0x40000000
core   0: 0x800059f4 (0x36f9e017) auipc   zero, 0x36f9e
core   0: 3 0x800059f4 (0x36f9e017)
core   0: 0x800059f8 (0x00ba5ab3) srl     s5, s4, a1
core   0: 3 0x800059f8 (0x00ba5ab3) x21 0x40000000
core   0: 0x800059fc (0x022e8eb3) mul     t4, t4, sp
core   0: 3 0x800059fc (0x022e8eb3) x29 0x1085319c
core   0: 0x80005a00 (0x94b2e9b7) lui     s3, 0x94b2e
core   0: 3 0x80005a00 (0x94b2e9b7) x19 0x94b2e000
core   0: 0x80005a04 (0xba096313) ori     t1, s2, -1120
core   0: 3 0x80005a04 (0xba096313) x 6 0xffffffa3
core   0: 0x80005a08 (0x01bd2633) slt     a2, s10, s11
core   0: 3 0x80005a08 (0x01bd2633) x12 0x00000001
core   0: 0x80005a0c (0x00fd9893) slli    a7, s11, 15
core   0: 3 0x80005a0c (0x00fd9893) x17 0xb13b0000
core   0: 0x80005a10 (0x41fade93) srai    t4, s5, 31
core   0: 3 0x80005a10 (0x41fade93) x29 0x00000000
core   0: 0x80005a14 (0x02717d33) remu    s10, sp, t2
core   0: 3 0x80005a14 (0x02717d33) x26 0x80014e64
core   0: 0x80005a18 (0x4ff3bb13) sltiu   s6, t2, 1279
core   0: 3 0x80005a18 (0x4ff3bb13) x22 0x00000000
core   0: 0x80005a1c (0x3e880537) lui     a0, 0x3e880
core   0: 3 0x80005a1c (0x3e880537) x10 0x3e880000
core   0: 0x80005a20 (0x0294ba33) mulhu   s4, s1, s1
core   0: 3 0x80005a20 (0x0294ba33) x20 0x0000060f
core   0: 0x80005a24 (0x01a870b3) and     ra, a6, s10
core   0: 3 0x80005a24 (0x01a870b3) x 1 0x00000000
core   0: 0x80005a28 (0x0396d3b3) divu    t2, a3, s9
core   0: 3 0x80005a28 (0x0396d3b3) x 7 0x00000000
core   0: 0x80005a2c (0xb840fb13) andi    s6, ra, -1148
core   0: 3 0x80005a2c (0xb840fb13) x22 0x00000000
core   0: 0x80005a30 (0x02bbe1b3) rem     gp, s7, a1
core   0: 3 0x80005a30 (0x02bbe1b3) x 3 0xc795a000
core   0: 0x80005a34 (0x02dd75b3) remu    a1, s10, a3
core   0: 3 0x80005a34 (0x02dd75b3) x11 0x00000000
core   0: 0x80005a38 (0x02422cb3) mulhsu  s9, tp, tp
core   0: 3 0x80005a38 (0x02422cb3) x25 0x00000000
core   0: 0x80005a3c (0x02ac37b3) mulhu   a5, s8, a0
core   0: 3 0x80005a3c (0x02ac37b3) x15 0x2dc9c707
core   0: 0x80005a40 (0x006583b3) add     t2, a1, t1
core   0: 3 0x80005a40 (0x006583b3) x 7 0xffffffa3
core   0: 0x80005a44 (0x001a5893) srli    a7, s4, 1
core   0: 3 0x80005a44 (0x001a5893) x17 0x00000307
core   0: 0x80005a48 (0x271ac493) xori    s1, s5, 625
core   0: 3 0x80005a48 (0x271ac493) x 9 0x40000271
core   0: 0x80005a4c (0x03536bb3) rem     s7, t1, s5
core   0: 3 0x80005a4c (0x03536bb3) x23 0xffffffa3
core   0: 0x80005a50 (0x00e0a9b3) slt     s3, ra, a4
core   0: 3 0x80005a50 (0x00e0a9b3) x19 0x00000000
core   0: 0x80005a54 (0x00000013) nop
core   0: 3 0x80005a54 (0x00000013)
core   0: 0x80005a58 (0x012f2bb3) slt     s7, t5, s2
core   0: 3 0x80005a58 (0x012f2bb3) x23 0x00000001
core   0: 0x80005a5c (0x40238633) sub     a2, t2, sp
core   0: 3 0x80005a5c (0x40238633) x12 0x7ffeb13f
core   0: 0x80005a60 (0x95b9e693) ori     a3, s3, -1701
core   0: 3 0x80005a60 (0x95b9e693) x13 0xfffff95b
core   0: 0x80005a64 (0x4dc5fb13) andi    s6, a1, 1244
core   0: 3 0x80005a64 (0x4dc5fb13) x22 0x00000000
core   0: 0x80005a68 (0x0276b0b3) mulhu   ra, a3, t2
core   0: 3 0x80005a68 (0x0276b0b3) x 1 0xfffff8fe
core   0: 0x80005a6c (0x01aadc93) srli    s9, s5, 26
core   0: 3 0x80005a6c (0x01aadc93) x25 0x00000010
core   0: 0x80005a70 (0x41d189b3) sub     s3, gp, t4
core   0: 3 0x80005a70 (0x41d189b3) x19 0xc795a000
core   0: 0x80005a74 (0x030e0233) mul     tp, t3, a6
core   0: 3 0x80005a74 (0x030e0233) x 4 0x00000000
core   0: 0x80005a78 (0x0143eb33) or      s6, t2, s4
core   0: 3 0x80005a78 (0x0143eb33) x22 0xffffffaf
core   0: 0x80005a7c (0x037b4533) div     a0, s6, s7
core   0: 3 0x80005a7c (0x037b4533) x10 0xffffffaf
core   0: 0x80005a80 (0x403c8e33) sub     t3, s9, gp
core   0: 3 0x80005a80 (0x403c8e33) x28 0x386a6010
core   0: 0x80005a84 (0xd7dc6f13) ori     t5, s8, -643
core   0: 3 0x80005a84 (0xd7dc6f13) x30 0xfffffd7d
core   0: 0x80005a88 (0x500d3f93) sltiu   t6, s10, 1280
core   0: 3 0x80005a88 (0x500d3f93) x31 0x00000000
core   0: 0x80005a8c (0x0115c833) xor     a6, a1, a7
core   0: 3 0x80005a8c (0x0115c833) x16 0x00000307
core   0: 0x80005a90 (0x00000013) nop
core   0: 3 0x80005a90 (0x00000013)
core   0: 0x80005a94 (0x24733f13) sltiu   t5, t1, 583
core   0: 3 0x80005a94 (0x24733f13) x30 0x00000000
core   0: 0x80005a98 (0x18c80393) addi    t2, a6, 396
core   0: 3 0x80005a98 (0x18c80393) x 7 0x00000493
core   0: 0x80005a9c (0x3cec4597) auipc   a1, 0x3cec4
core   0: 3 0x80005a9c (0x3cec4597) x11 0xbcec9a9c
core   0: 0x80005aa0 (0x00be9d93) slli    s11, t4, 11
core   0: 3 0x80005aa0 (0x00be9d93) x27 0x00000000
core   0: 0x80005aa4 (0x41458533) sub     a0, a1, s4
core   0: 3 0x80005aa4 (0x41458533) x10 0xbcec948d
core   0: 0x80005aa8 (0x02bcdfb3) divu    t6, s9, a1
core   0: 3 0x80005aa8 (0x02bcdfb3) x31 0x00000000
core   0: 0x80005aac (0x01d531b3) sltu    gp, a0, t4
core   0: 3 0x80005aac (0x01d531b3) x 3 0x00000000
core   0: 0x80005ab0 (0x004f5fb3) srl     t6, t5, tp
core   0: 3 0x80005ab0 (0x004f5fb3) x31 0x00000000
core   0: 0x80005ab4 (0x03a257b3) divu    a5, tp, s10
core   0: 3 0x80005ab4 (0x03a257b3) x15 0x00000000
core   0: 0x80005ab8 (0x019ceab3) or      s5, s9, s9
core   0: 3 0x80005ab8 (0x019ceab3) x21 0x00000010
core   0: 0x80005abc (0x021f0793) addi    a5, t5, 33
core   0: 3 0x80005abc (0x021f0793) x15 0x00000021
core   0: 0x80005ac0 (0x03873fb3) mulhu   t6, a4, s8
core   0: 3 0x80005ac0 (0x03873fb3) x31 0x5dbb569f
core   0: 0x80005ac4 (0xd5d14393) xori    t2, sp, -675
core   0: 3 0x80005ac4 (0xd5d14393) x 7 0x7ffeb339
core   0: 0x80005ac8 (0x02763eb3) mulhu   t4, a2, t2
core   0: 3 0x80005ac8 (0x02763eb3) x29 0x3ffeb23d
core   0: 0x80005acc (0x00000013) nop
core   0: 3 0x80005acc (0x00000013)
core   0: 0x80005ad0 (0x032a96b3) mulh    a3, s5, s2
core   0: 3 0x80005ad0 (0x032a96b3) x13 0x00000000
core   0: 0x80005ad4 (0x41d05813) srai    a6, zero, 29
core   0: 3 0x80005ad4 (0x41d05813) x16 0x00000000
core   0: 0x80005ad8 (0x039023b3) mulhsu  t2, zero, s9
core   0: 3 0x80005ad8 (0x039023b3) x 7 0x00000000
core   0: 0x80005adc (0x5ff448b7) lui     a7, 0x5ff44
core   0: 3 0x80005adc (0x5ff448b7) x17 0x5ff44000
core   0: 0x80005ae0 (0x03e0fd33) remu    s10, ra, t5
core   0: 3 0x80005ae0 (0x03e0fd33) x26 0xfffff8fe
core   0: 0x80005ae4 (0x02936fb3) rem     t6, t1, s1
core   0: 3 0x80005ae4 (0x02936fb3) x31 0xffffffa3
core   0: 0x80005ae8 (0x029e14b3) mulh    s1, t3, s1
core   0: 3 0x80005ae8 (0x029e14b3) x 9 0x0e1a988d
core   0: 0x80005aec (0x038c9533) mulh    a0, s9, s8
core   0: 3 0x80005aec (0x038c9533) x10 0xfffffffb
core   0: 0x80005af0 (0x8bf8be93) sltiu   t4, a7, -1857
core   0: 3 0x80005af0 (0x8bf8be93) x29 0x00000001
core   0: 0x80005af4 (0x008b2eb3) slt     t4, s6, s0
core   0: 3 0x80005af4 (0x008b2eb3) x29 0x00000001
core   0: 0x80005af8 (0x41f65d93) srai    s11, a2, 31
core   0: 3 0x80005af8 (0x41f65d93) x27 0x00000000
core   0: 0x80005afc (0x039b41b3) div     gp, s6, s9
core   0: 3 0x80005afc (0x039b41b3) x 3 0xfffffffb
core   0: 0x80005b00 (0x00e4aeb3) slt     t4, s1, a4
core   0: 3 0x80005b00 (0x00e4aeb3) x29 0x00000000
core   0: 0x80005b04 (0x00d58633) add     a2, a1, a3
core   0: 3 0x80005b04 (0x00d58633) x12 0xbcec9a9c
core   0: 0x80005b08 (0x66a54fb7) lui     t6, 0x66a54
core   0: 3 0x80005b08 (0x66a54fb7) x31 0x66a54000
core   0: 0x80005b0c (0xeb526193) ori     gp, tp, -331
core   0: 3 0x80005b0c (0xeb526193) x 3 0xfffffeb5
core   0: 0x80005b10 (0x142f3813) sltiu   a6, t5, 322
core   0: 3 0x80005b10 (0x142f3813) x16 0x00000001
core   0: 0x80005b14 (0x03d44fb3) div     t6, s0, t4
core   0: 3 0x80005b14 (0x03d44fb3) x31 0xffffffff
core   0: 0x80005b18 (0x871ba413) slti    s0, s7, -1935
core   0: 3 0x80005b18 (0x871ba413) x 8 0x00000000
core   0: 0x80005b1c (0x40bbde33) sra     t3, s7, a1
core   0: 3 0x80005b1c (0x40bbde33) x28 0x00000000
core   0: 0x80005b20 (0x03a40a33) mul     s4, s0, s10
core   0: 3 0x80005b20 (0x03a40a33) x20 0x00000000
core   0: 0x80005b24 (0x0086e333) or      t1, a3, s0
core   0: 3 0x80005b24 (0x0086e333) x 6 0x00000000
core   0: 0x80005b28 (0x017ff033) and     zero, t6, s7
core   0: 3 0x80005b28 (0x017ff033)
core   0: 0x80005b2c (0x03faab33) mulhsu  s6, s5, t6
core   0: 3 0x80005b2c (0x03faab33) x22 0x0000000f
core   0: 0x80005b30 (0x00f40333) add     t1, s0, a5
core   0: 3 0x80005b30 (0x00f40333) x 6 0x00000021
core   0: 0x80005b34 (0x849a7f93) andi    t6, s4, -1975
core   0: 3 0x80005b34 (0x849a7f93) x31 0x00000000
core   0: 0x80005b38 (0x01c80e33) add     t3, a6, t3
core   0: 3 0x80005b38 (0x01c80e33) x28 0x00000001
core   0: 0x80005b3c (0x02e71c33) mulh    s8, a4, a4
core   0: 3 0x80005b3c (0x02e71c33) x24 0x3ffe731e
core   0: 0x80005b40 (0xf0c43fb7) lui     t6, 0xf0c43
core   0: 3 0x80005b40 (0xf0c43fb7) x31 0xf0c43000
core   0: 0x80005b44 (0xf416af93) slti    t6, a3, -191
core   0: 3 0x80005b44 (0xf416af93) x31 0x00000000
core   0: 0x80005b48 (0x0c948013) addi    zero, s1, 201
core   0: 3 0x80005b48 (0x0c948013)
core   0: 0x80005b4c (0x02dc5833) divu    a6, s8, a3
core   0: 3 0x80005b4c (0x02dc5833) x16 0xffffffff
core   0: 0x80005b50 (0xde3bb993) sltiu   s3, s7, -541
core   0: 3 0x80005b50 (0xde3bb993) x19 0x00000001
core   0: 0x80005b54 (0x03952633) mulhsu  a2, a0, s9
core   0: 3 0x80005b54 (0x03952633) x12 0xffffffff
core   0: 0x80005b58 (0x034e7e33) remu    t3, t3, s4
core   0: 3 0x80005b58 (0x034e7e33) x28 0x00000001
core   0: 0x80005b5c (0xd63198b7) lui     a7, 0xd6319
core   0: 3 0x80005b5c (0xd63198b7) x17 0xd6319000
core   0: 0x80005b60 (0x00572d33) slt     s10, a4, t0
core   0: 3 0x80005b60 (0x00572d33) x26 0x00000001
core   0: 0x80005b64 (0x03f1bdb3) mulhu   s11, gp, t6
core   0: 3 0x80005b64 (0x03f1bdb3) x27 0x00000000
core   0: 0x80005b68 (0x00000013) nop
core   0: 3 0x80005b68 (0x00000013)
core   0: 0x80005b6c (0x40a4da13) srai    s4, s1, 10
core   0: 3 0x80005b6c (0x40a4da13) x20 0x000386a6
core   0: 0x80005b70 (0x0060a1b3) slt     gp, ra, t1
core   0: 3 0x80005b70 (0x0060a1b3) x 3 0x00000001
core   0: 0x80005b74 (0x009776b3) and     a3, a4, s1
core   0: 3 0x80005b74 (0x009776b3) x13 0x00008884
core   0: 0x80005b78 (0x01789693) slli    a3, a7, 23
core   0: 3 0x80005b78 (0x01789693) x13 0x00000000
core   0: 0x80005b7c (0x00e543b3) xor     t2, a0, a4
core   0: 3 0x80005b7c (0x00e543b3) x 7 0x7ffe731f
core   0: 0x80005b80 (0xe2efea93) ori     s5, t6, -466
core   0: 3 0x80005b80 (0xe2efea93) x21 0xfffffe2e
core   0: 0x80005b84 (0x033a4533) div     a0, s4, s3
core   0: 3 0x80005b84 (0x033a4533) x10 0x000386a6
core   0: 0x80005b88 (0x01e78533) add     a0, a5, t5
core   0: 3 0x80005b88 (0x01e78533) x10 0x00000021
core   0: 0x80005b8c (0x02deafb3) mulhsu  t6, t4, a3
core   0: 3 0x80005b8c (0x02deafb3) x31 0x00000000
core   0: 0x80005b90 (0x01c55db3) srl     s11, a0, t3
core   0: 3 0x80005b90 (0x01c55db3) x27 0x00000010
core   0: 0x80005b94 (0x01575193) srli    gp, a4, 21
core   0: 3 0x80005b94 (0x01575193) x 3 0x00000400
core   0: 0x80005b98 (0x01b03233) snez    tp, s11
core   0: 3 0x80005b98 (0x01b03233) x 4 0x00000001
core   0: 0x80005b9c (0x00548233) add     tp, s1, t0
core   0: 3 0x80005b9c (0x00548233) x 4 0x045c05b9
core   0: 0x80005ba0 (0x02b70433) mul     s0, a4, a1
core   0: 3 0x80005ba0 (0x02b70433) x 8 0x41e302f0
core   0: 0x80005ba4 (0x41910f33) sub     t5, sp, s9
core   0: 3 0x80005ba4 (0x41910f33) x30 0x80014e54
core   0: 0x80005ba8 (0x03f58233) mul     tp, a1, t6
core   0: 3 0x80005ba8 (0x03f58233) x 4 0x00000000
core   0: 0x80005bac (0x1b4a4613) xori    a2, s4, 436
core   0: 3 0x80005bac (0x1b4a4613) x12 0x00038712
core   0: 0x80005bb0 (0x31e8b017) auipc   zero, 0x31e8b
core   0: 3 0x80005bb0 (0x31e8b017)
core   0: 0x80005bb4 (0x036b34b3) mulhu   s1, s6, s6
core   0: 3 0x80005bb4 (0x036b34b3) x 9 0x00000000
core   0: 0x80005bb8 (0x40405cb3) sra     s9, zero, tp
core   0: 3 0x80005bb8 (0x40405cb3) x25 0x00000000
core   0: 0x80005bbc (0x00ff38b3) sltu    a7, t5, a5
core   0: 3 0x80005bbc (0x00ff38b3) x17 0x00000000
core   0: 0x80005bc0 (0x03b46fb3) rem     t6, s0, s11
core   0: 3 0x80005bc0 (0x03b46fb3) x31 0x00000000
core   0: 0x80005bc4 (0x00000013) nop
core   0: 3 0x80005bc4 (0x00000013)
core   0: 0x80005bc8 (0x25f3bb93) sltiu   s7, t2, 607
core   0: 3 0x80005bc8 (0x25f3bb93) x23 0x00000000
core   0: 0x80005bcc (0xd7a3ae93) slti    t4, t2, -646
core   0: 3 0x80005bcc (0xd7a3ae93) x29 0x00000000
core   0: 0x80005bd0 (0x03e2e7b3) rem     a5, t0, t5
core   0: 3 0x80005bd0 (0x03e2e7b3) x15 0xf6416d2c
core   0: 0x80005bd4 (0x005f0433) add     s0, t5, t0
core   0: 3 0x80005bd4 (0x005f0433) x 8 0x7642bb80
core   0: 0x80005bd8 (0x02315233) divu    tp, sp, gp
core   0: 3 0x80005bd8 (0x02315233) x 4 0x00200053
core   0: 0x80005bdc (0x5f590793) addi    a5, s2, 1525
core   0: 3 0x80005bdc (0x5f590793) x15 0x07ffecf8
core   0: 0x80005be0 (0x4cc98c13) addi    s8, s3, 1228
core   0: 3 0x80005be0 (0x4cc98c13) x24 0x000004cd
core   0: 0x80005be4 (0x41005833) sra     a6, zero, a6
core   0: 3 0x80005be4 (0x41005833) x16 0x00000000
core   0: 0x80005be8 (0x0125dc33) srl     s8, a1, s2
core   0: 3 0x80005be8 (0x0125dc33) x24 0x179d9353
core   0: 0x80005bec (0xc05f4813) xori    a6, t5, -1019
core   0: 3 0x80005bec (0xc05f4813) x16 0x7ffeb251
core   0: 0x80005bf0 (0x4181dc13) srai    s8, gp, 24
core   0: 3 0x80005bf0 (0x4181dc13) x24 0x00000000
core   0: 0x80005bf4 (0x1e38a993) slti    s3, a7, 483
core   0: 3 0x80005bf4 (0x1e38a993) x19 0x00000001
core   0: 0x80005bf8 (0x5d193b17) auipc   s6, 0x5d193
core   0: 3 0x80005bf8 (0x5d193b17) x22 0xdd198bf8
core   0: 0x80005bfc (0xf5a3c593) xori    a1, t2, -166
core   0: 3 0x80005bfc (0xf5a3c593) x11 0x80018c45
core   0: 0x80005c00 (0x91e2ca13) xori    s4, t0, -1762
core   0: 3 0x80005c00 (0x91e2ca13) x20 0x09be9432
core   0: 0x80005c04 (0x02ef1533) mulh    a0, t5, a4
core   0: 3 0x80005c04 (0x02ef1533) x10 0x3ffe9266
core   0: 0x80005c08 (0x017080b3) add     ra, ra, s7
core   0: 3 0x80005c08 (0x017080b3) x 1 0xfffff8fe
core   0: 0x80005c0c (0x2114fa97) auipc   s5, 0x2114f
core   0: 3 0x80005c0c (0x2114fa97) x21 0xa1154c0c
core   0: 0x80005c10 (0x010776b3) and     a3, a4, a6
core   0: 3 0x80005c10 (0x010776b3) x13 0x00008040
core   0: 0x80005c14 (0x00056cb3) or      s9, a0, zero
core   0: 3 0x80005c14 (0x00056cb3) x25 0x3ffe9266
core   0: 0x80005c18 (0x001a01b3) add     gp, s4, ra
core   0: 3 0x80005c18 (0x001a01b3) x 3 0x09be8d30
core   0: 0x80005c1c (0x022eb933) mulhu   s2, t4, sp
core   0: 3 0x80005c1c (0x022eb933) x18 0x00000000
core   0: 0x80005c20 (0x02820033) mul     zero, tp, s0
core   0: 3 0x80005c20 (0x02820033)
core   0: 0x80005c24 (0x00bf9db3) sll     s11, t6, a1
core   0: 3 0x80005c24 (0x00bf9db3) x27 0x00000000
core   0: 0x80005c28 (0x8b848317) auipc   t1, 0x8b848
core   0: 3 0x80005c28 (0x8b848317) x 6 0x0b84dc28
core   0: 0x80005c2c (0x51f667b7) lui     a5, 0x51f66
core   0: 3 0x80005c2c (0x51f667b7) x15 0x51f66000
core   0: 0x80005c30 (0x230ca8b7) lui     a7, 0x230ca
core   0: 3 0x80005c30 (0x230ca8b7) x17 0x230ca000
core   0: 0x80005c34 (0x41e85933) sra     s2, a6, t5
core   0: 3 0x80005c34 (0x41e85933) x18 0x000007ff
core   0: 0x80005c38 (0x07212f37) lui     t5, 0x7212
core   0: 3 0x80005c38 (0x07212f37) x30 0x07212000
core   0: 0x80005c3c (0x720f9417) auipc   s0, 0x720f9
core   0: 3 0x80005c3c (0x720f9417) x 8 0xf20fec3c
core   0: 0x80005c40 (0x34547217) auipc   tp, 0x34547
core   0: 3 0x80005c40 (0x34547217) x 4 0xb454cc40
core   0: 0x80005c44 (0x3b128513) addi    a0, t0, 945
core   0: 3 0x80005c44 (0x3b128513) x10 0xf64170dd
core   0: 0x80005c48 (0x01309513) slli    a0, ra, 19
core   0: 3 0x80005c48 (0x01309513) x10 0xc7f00000
core   0: 0x80005c4c (0x0232b033) mulhu   zero, t0, gp
core   0: 3 0x80005c4c (0x0232b033)
core   0: 0x80005c50 (0xd6d64d13) xori    s10, a2, -659
core   0: 3 0x80005c50 (0xd6d64d13) x26 0xfffc7a7f
core   0: 0x80005c54 (0x00000013) nop
core   0: 3 0x80005c54 (0x00000013)
core   0: 0x80005c58 (0x02648933) mul     s2, s1, t1
core   0: 3 0x80005c58 (0x02648933) x18 0x00000000
core   0: 0x80005c5c (0x02b86cb3) rem     s9, a6, a1
core   0: 3 0x80005c5c (0x02b86cb3) x25 0x00003e96
core   0: 0x80005c60 (0x035ac9b3) div     s3, s5, s5
core   0: 3 0x80005c60 (0x035ac9b3) x19 0x00000001
core   0: 0x80005c64 (0x017621b3) slt     gp, a2, s7
core   0: 3 0x80005c64 (0x017621b3) x 3 0x00000000
core   0: 0x80005c68 (0xe7f2bd37) lui     s10, 0xe7f2b
core   0: 3 0x80005c68 (0xe7f2bd37) x26 0xe7f2b000
core   0: 0x80005c6c (0x015e5f33) srl     t5, t3, s5
core   0: 3 0x80005c6c (0x015e5f33) x30 0x00000000
core   0: 0x80005c70 (0x414f51b3) sra     gp, t5, s4
core   0: 3 0x80005c70 (0x414f51b3) x 3 0x00000000
core   0: 0x80005c74 (0x9eb7a893) slti    a7, a5, -1557
core   0: 3 0x80005c74 (0x9eb7a893) x17 0x00000000
core   0: 0x80005c78 (0x024ea3b3) mulhsu  t2, t4, tp
core   0: 3 0x80005c78 (0x024ea3b3) x 7 0x00000000
core   0: 0x80005c7c (0x7d13c193) xori    gp, t2, 2001
core   0: 3 0x80005c7c (0x7d13c193) x 3 0x000007d1
core   0: 0x80005c80 (0x03859eb3) mulh    t4, a1, s8
core   0: 3 0x80005c80 (0x03859eb3) x29 0x00000000
core   0: 0x80005c84 (0x03e1c7b3) div     a5, gp, t5
core   0: 3 0x80005c84 (0x03e1c7b3) x15 0xffffffff
core   0: 0x80005c88 (0x00000013) nop
core   0: 3 0x80005c88 (0x00000013)
core   0: 0x80005c8c (0xb3aee313) ori     t1, t4, -1222
core   0: 3 0x80005c8c (0xb3aee313) x 6 0xfffffb3a
core   0: 0x80005c90 (0xbe107c93) andi    s9, zero, -1055
core   0: 3 0x80005c90 (0xbe107c93) x25 0x00000000
core   0: 0x80005c94 (0xb9f8aa13) slti    s4, a7, -1121
core   0: 3 0x80005c94 (0xb9f8aa13) x20 0x00000000
core   0: 0x80005c98 (0x34a6a537) lui     a0, 0x34a6a
core   0: 3 0x80005c98 (0x34a6a537) x10 0x34a6a000
core   0: 0x80005c9c (0x01fa11b3) sll     gp, s4, t6
core   0: 3 0x80005c9c (0x01fa11b3) x 3 0x00000000
core   0: 0x80005ca0 (0x8a2e7913) andi    s2, t3, -1886
core   0: 3 0x80005ca0 (0x8a2e7913) x18 0x00000000
core   0: 0x80005ca4 (0x025c9c33) mulh    s8, s9, t0
core   0: 3 0x80005ca4 (0x025c9c33) x24 0x00000000
core   0: 0x80005ca8 (0x02b074b3) remu    s1, zero, a1
core   0: 3 0x80005ca8 (0x02b074b3) x 9 0x00000000
core   0: 0x80005cac (0xdd5e6d97) auipc   s11, 0xdd5e6
core   0: 3 0x80005cac (0xdd5e6d97) x27 0x5d5ebcac
core   0: 0x80005cb0 (0x0392fc33) remu    s8, t0, s9
core   0: 3 0x80005cb0 (0x0392fc33) x24 0xf6416d2c
core   0: 0x80005cb4 (0x2e29c093) xori    ra, s3, 738
core   0: 3 0x80005cb4 (0x2e29c093) x 1 0x000002e3
core   0: 0x80005cb8 (0x00d451b3) srl     gp, s0, a3
core   0: 3 0x80005cb8 (0x00d451b3) x 3 0xf20fec3c
core   0: 0x80005cbc (0x01574c33) xor     s8, a4, s5
core   0: 3 0x80005cbc (0x01574c33) x24 0x2114c0e8
core   0: 0x80005cc0 (0x007098b3) sll     a7, ra, t2
core   0: 3 0x80005cc0 (0x007098b3) x17 0x000002e3
core   0: 0x80005cc4 (0x00ed3233) sltu    tp, s10, a4
core   0: 3 0x80005cc4 (0x00ed3233) x 4 0x00000000
core   0: 0x80005cc8 (0x41ead593) srai    a1, s5, 30
core   0: 3 0x80005cc8 (0x41ead593) x11 0xfffffffe
core   0: 0x80005ccc (0x00000013) nop
core   0: 3 0x80005ccc (0x00000013)
core   0: 0x80005cd0 (0x00000013) nop
core   0: 3 0x80005cd0 (0x00000013)
core   0: 0x80005cd4 (0x01adca33) xor     s4, s11, s10
core   0: 3 0x80005cd4 (0x01adca33) x20 0xbaac0cac
core   0: 0x80005cd8 (0x00f6ca13) xori    s4, a3, 15
core   0: 3 0x80005cd8 (0x00f6ca13) x20 0x0000804f
core   0: 0x80005cdc (0x32483b93) sltiu   s7, a6, 804
core   0: 3 0x80005cdc (0x32483b93) x23 0x00000000
core   0: 0x80005ce0 (0x00000013) nop
core   0: 3 0x80005ce0 (0x00000013)
core   0: 0x80005ce4 (0x00000013) nop
core   0: 3 0x80005ce4 (0x00000013)
core   0: 0x80005ce8 (0x40c7db33) sra     s6, a5, a2
core   0: 3 0x80005ce8 (0x40c7db33) x22 0xffffffff
core   0: 0x80005cec (0x321aad93) slti    s11, s5, 801
core   0: 3 0x80005cec (0x321aad93) x27 0x00000001
core   0: 0x80005cf0 (0x00344e33) xor     t3, s0, gp
core   0: 3 0x80005cf0 (0x00344e33) x28 0x00000000
core   0: 0x80005cf4 (0x012dbf33) sltu    t5, s11, s2
core   0: 3 0x80005cf4 (0x012dbf33) x30 0x00000000
core   0: 0x80005cf8 (0x6269ab13) slti    s6, s3, 1574
core   0: 3 0x80005cf8 (0x6269ab13) x22 0x00000001
core   0: 0x80005cfc (0x02f72433) mulhsu  s0, a4, a5
core   0: 3 0x80005cfc (0x02f72433) x 8 0x80018ce4
core   0: 0x80005d00 (0x00fc8433) add     s0, s9, a5
core   0: 3 0x80005d00 (0x00fc8433) x 8 0xffffffff
core   0: 0x80005d04 (0x8b8d4493) xori    s1, s10, -1864
core   0: 3 0x80005d04 (0x8b8d4493) x 9 0x180d48b8
core   0: 0x80005d08 (0x02a77e33) remu    t3, a4, a0
core   0: 3 0x80005d08 (0x02a77e33) x28 0x16b44ce4
core   0: 0x80005d0c (0xb1eab193) sltiu   gp, s5, -1250
core   0: 3 0x80005d0c (0xb1eab193) x 3 0x00000001
core   0: 0x80005d10 (0x00c42f33) slt     t5, s0, a2
core   0: 3 0x80005d10 (0x00c42f33) x30 0x00000001
core   0: 0x80005d14 (0x7e65ad13) slti    s10, a1, 2022
core   0: 3 0x80005d14 (0x7e65ad13) x26 0x00000001
core   0: 0x80005d18 (0x03c861b3) rem     gp, a6, t3
core   0: 3 0x80005d18 (0x03c861b3) x 3 0x0e7931dd
core   0: 0x80005d1c (0x2f154197) auipc   gp, 0x2f154
core   0: 3 0x80005d1c (0x2f154197) x 3 0xaf159d1c
core   0: 0x80005d20 (0x004e85b3) add     a1, t4, tp
core   0: 3 0x80005d20 (0x004e85b3) x11 0x00000000
core   0: 0x80005d24 (0x7e3d2693) slti    a3, s10, 2019
core   0: 3 0x80005d24 (0x7e3d2693) x13 0x00000001
core   0: 0x80005d28 (0x03b7d933) divu    s2, a5, s11
core   0: 3 0x80005d28 (0x03b7d933) x18 0xffffffff
core   0: 0x80005d2c (0x03b635b3) mulhu   a1, a2, s11
core   0: 3 0x80005d2c (0x03b635b3) x11 0x00000000
core   0: 0x80005d30 (0x019ff233) and     tp, t6, s9
core   0: 3 0x80005d30 (0x019ff233) x 4 0x00000000
core   0: 0x80005d34 (0x00d89e13) slli    t3, a7, 13
core   0: 3 0x80005d34 (0x00d89e13) x28 0x005c6000
core   0: 0x80005d38 (0x006e8833) add     a6, t4, t1
core   0: 3 0x80005d38 (0x006e8833) x16 0xfffffb3a
core   0: 0x80005d3c (0x01b1c5b3) xor     a1, gp, s11
core   0: 3 0x80005d3c (0x01b1c5b3) x11 0xaf159d1d
core   0: 0x80005d40 (0x407f5933) sra     s2, t5, t2
core   0: 3 0x80005d40 (0x407f5933) x18 0x00000001
core   0: 0x80005d44 (0xc5b7ac13) slti    s8, a5, -933
core   0: 3 0x80005d44 (0xc5b7ac13) x24 0x00000000
core   0: 0x80005d48 (0x272b3013) sltiu   zero, s6, 626
core   0: 3 0x80005d48 (0x272b3013)
core   0: 0x80005d4c (0x004db033) sltu    zero, s11, tp
core   0: 3 0x80005d4c (0x004db033)
core   0: 0x80005d50 (0x4126d493) srai    s1, a3, 18
core   0: 3 0x80005d50 (0x4126d493) x 9 0x00000000
core   0: 0x80005d54 (0x01641c13) slli    s8, s0, 22
core   0: 3 0x80005d54 (0x01641c13) x24 0xffc00000
core   0: 0x80005d58 (0x01c286b3) add     a3, t0, t3
core   0: 3 0x80005d58 (0x01c286b3) x13 0xf69dcd2c
core   0: 0x80005d5c (0x9b040517) auipc   a0, 0x9b040
core   0: 3 0x80005d5c (0x9b040517) x10 0x1b045d5c
core   0: 0x80005d60 (0x66f375b7) lui     a1, 0x66f37
core   0: 3 0x80005d60 (0x66f375b7) x11 0x66f37000
core   0: 0x80005d64 (0x035f3633) mulhu   a2, t5, s5
core   0: 3 0x80005d64 (0x035f3633) x12 0x00000000
core   0: 0x80005d68 (0x014ca633) slt     a2, s9, s4
core   0: 3 0x80005d68 (0x014ca633) x12 0x00000001
core   0: 0x80005d6c (0x41f78d33) sub     s10, a5, t6
core   0: 3 0x80005d6c (0x41f78d33) x26 0xffffffff
core   0: 0x80005d70 (0x030c9633) mulh    a2, s9, a6
core   0: 3 0x80005d70 (0x030c9633) x12 0x00000000
core   0: 0x80005d74 (0x8e9eff93) andi    t6, t4, -1815
core   0: 3 0x80005d74 (0x8e9eff93) x31 0x00000000
core   0: 0x80005d78 (0x017606b3) add     a3, a2, s7
core   0: 3 0x80005d78 (0x017606b3) x13 0x00000000
core   0: 0x80005d7c (0x00c833b3) sltu    t2, a6, a2
core   0: 3 0x80005d7c (0x00c833b3) x 7 0x00000000
core   0: 0x80005d80 (0x825cb793) sltiu   a5, s9, -2011
core   0: 3 0x80005d80 (0x825cb793) x15 0x00000001
core   0: 0x80005d84 (0x41c55213) srai    tp, a0, 28
core   0: 3 0x80005d84 (0x41c55213) x 4 0x00000001
core   0: 0x80005d88 (0x00c41eb3) sll     t4, s0, a2
core   0: 3 0x80005d88 (0x00c41eb3) x29 0xffffffff
core   0: 0x80005d8c (0x007a9813) slli    a6, s5, 7
core   0: 3 0x80005d8c (0x007a9813) x16 0x8aa60600
core   0: 0x80005d90 (0x034aad33) mulhsu  s10, s5, s4
core   0: 3 0x80005d90 (0x034aad33) x26 0xffffd06d
core   0: 0x80005d94 (0x0290e233) rem     tp, ra, s1
core   0: 3 0x80005d94 (0x0290e233) x 4 0x000002e3
core   0: 0x80005d98 (0x00635813) srli    a6, t1, 6
core   0: 3 0x80005d98 (0x00635813) x16 0x03ffffec
core   0: 0x80005d9c (0x011d1533) sll     a0, s10, a7
core   0: 3 0x80005d9c (0x011d1533) x10 0xfffe8368
core   0: 0x80005da0 (0xea8dfe13) andi    t3, s11, -344
core   0: 3 0x80005da0 (0xea8dfe13) x28 0x00000000
core   0: 0x80005da4 (0x01d79513) slli    a0, a5, 29
core   0: 3 0x80005da4 (0x01d79513) x10 0x20000000
core   0: 0x80005da8 (0x01ea54b3) srl     s1, s4, t5
core   0: 3 0x80005da8 (0x01ea54b3) x 9 0x00004027
core   0: 0x80005dac (0x02f91533) mulh    a0, s2, a5
core   0: 3 0x80005dac (0x02f91533) x10 0x00000000
core   0: 0x80005db0 (0x017633b3) sltu    t2, a2, s7
core   0: 3 0x80005db0 (0x017633b3) x 7 0x00000000
core   0: 0x80005db4 (0x417cd413) srai    s0, s9, 23
core   0: 3 0x80005db4 (0x417cd413) x 8 0x00000000
core   0: 0x80005db8 (0x01f9aab3) slt     s5, s3, t6
core   0: 3 0x80005db8 (0x01f9aab3) x21 0x00000000
core   0: 0x80005dbc (0x01756c33) or      s8, a0, s7
core   0: 3 0x80005dbc (0x01756c33) x24 0x00000000
core   0: 0x80005dc0 (0x00000013) nop
core   0: 3 0x80005dc0 (0x00000013)
core   0: 0x80005dc4 (0x024b58b3) divu    a7, s6, tp
core   0: 3 0x80005dc4 (0x024b58b3) x17 0x00000000
core   0: 0x80005dc8 (0xddf70793) addi    a5, a4, -545
core   0: 3 0x80005dc8 (0xddf70793) x15 0x80018ac3
core   0: 0x80005dcc (0x9c198413) addi    s0, s3, -1599
core   0: 3 0x80005dcc (0x9c198413) x 8 0xfffff9c2
core   0: 0x80005dd0 (0x02cdd533) divu    a0, s11, a2
core   0: 3 0x80005dd0 (0x02cdd533) x10 0xffffffff
core   0: 0x80005dd4 (0x8200eeb7) lui     t4, 0x8200e
core   0: 3 0x80005dd4 (0x8200eeb7) x29 0x8200e000
core   0: 0x80005dd8 (0x2d20b493) sltiu   s1, ra, 722
core   0: 3 0x80005dd8 (0x2d20b493) x 9 0x00000000
core   0: 0x80005ddc (0x5cf8f913) andi    s2, a7, 1487
core   0: 3 0x80005ddc (0x5cf8f913) x18 0x00000000
core   0: 0x80005de0 (0xca32b193) sltiu   gp, t0, -861
core   0: 3 0x80005de0 (0xca32b193) x 3 0x00000001
core   0: 0x80005de4 (0x00d6c533) xor     a0, a3, a3
core   0: 3 0x80005de4 (0x00d6c533) x10 0x00000000
core   0: 0x80005de8 (0x02a9db33) divu    s6, s3, a0
core   0: 3 0x80005de8 (0x02a9db33) x22 0xffffffff
core   0: 0x80005dec (0xd9e34f37) lui     t5, 0xd9e34
core   0: 3 0x80005dec (0xd9e34f37) x30 0xd9e34000
core   0: 0x80005df0 (0x00962bb3) slt     s7, a2, s1
core   0: 3 0x80005df0 (0x00962bb3) x23 0x00000000
core   0: 0x80005df4 (0xcbc48093) addi    ra, s1, -836
core   0: 3 0x80005df4 (0xcbc48093) x 1 0xfffffcbc
core   0: 0x80005df8 (0xa148a317) auipc   t1, 0xa148a
core   0: 3 0x80005df8 (0xa148a317) x 6 0x2148fdf8
core   0: 0x80005dfc (0x2a3d6793) ori     a5, s10, 675
core   0: 3 0x80005dfc (0x2a3d6793) x15 0xffffd2ef
core   0: 0x80005e00 (0xce158693) addi    a3, a1, -799
core   0: 3 0x80005e00 (0xce158693) x13 0x66f36ce1
core   0: 0x80005e04 (0x87a4ee93) ori     t4, s1, -1926
core   0: 3 0x80005e04 (0x87a4ee93) x29 0xfffff87a
core   0: 0x80005e08 (0x0079d0b3) srl     ra, s3, t2
core   0: 3 0x80005e08 (0x0079d0b3) x 1 0x00000001
core   0: 0x80005e0c (0x03f98633) mul     a2, s3, t6
core   0: 3 0x80005e0c (0x03f98633) x12 0x00000000
core   0: 0x80005e10 (0x402855b3) sra     a1, a6, sp
core   0: 3 0x80005e10 (0x402855b3) x11 0x003ffffe
core   0: 0x80005e14 (0x02d4dab3) divu    s5, s1, a3
core   0: 3 0x80005e14 (0x02d4dab3) x21 0x00000000
core   0: 0x80005e18 (0x41e65393) srai    t2, a2, 30
core   0: 3 0x80005e18 (0x41e65393) x 7 0x00000000
core   0: 0x80005e1c (0x9a2905b7) lui     a1, 0x9a290
core   0: 3 0x80005e1c (0x9a2905b7) x11 0x9a290000
core   0: 0x80005e20 (0x02589f33) mulh    t5, a7, t0
core   0: 3 0x80005e20 (0x02589f33) x30 0x00000000
core   0: 0x80005e24 (0x019f1a93) slli    s5, t5, 25
core   0: 3 0x80005e24 (0x019f1a93) x21 0x00000000
core   0: 0x80005e28 (0x02c36fb3) rem     t6, t1, a2
core   0: 3 0x80005e28 (0x02c36fb3) x31 0x2148fdf8
core   0: 0x80005e2c (0x034d6833) rem     a6, s10, s4
core   0: 3 0x80005e2c (0x034d6833) x16 0xffffd06d
core   0: 0x80005e30 (0x0311ab33) mulhsu  s6, gp, a7
core   0: 3 0x80005e30 (0x0311ab33) x22 0x00000000
core   0: 0x80005e34 (0x01a7e5b3) or      a1, a5, s10
core   0: 3 0x80005e34 (0x01a7e5b3) x11 0xffffd2ef
core   0: 0x80005e38 (0x037607b3) mul     a5, a2, s7
core   0: 3 0x80005e38 (0x037607b3) x15 0x00000000
core   0: 0x80005e3c (0x01d2d933) srl     s2, t0, t4
core   0: 3 0x80005e3c (0x01d2d933) x18 0x0000003d
core   0: 0x80005e40 (0x04c2eb93) ori     s7, t0, 76
core   0: 3 0x80005e40 (0x04c2eb93) x23 0xf6416d6c
core   0: 0x80005e44 (0x00000013) nop
core   0: 3 0x80005e44 (0x00000013)
core   0: 0x80005e48 (0x028779b3) remu    s3, a4, s0
core   0: 3 0x80005e48 (0x028779b3) x19 0x80018ce4
core   0: 0x80005e4c (0x012d38b3) sltu    a7, s10, s2
core   0: 3 0x80005e4c (0x012d38b3) x17 0x00000000
core   0: 0x80005e50 (0x6665fc13) andi    s8, a1, 1638
core   0: 3 0x80005e50 (0x6665fc13) x24 0x00000266
core   0: 0x80005e54 (0x015bac33) slt     s8, s7, s5
core   0: 3 0x80005e54 (0x015bac33) x24 0x00000001
core   0: 0x80005e58 (0x40630233) sub     tp, t1, t1
core   0: 3 0x80005e58 (0x40630233) x 4 0x00000000
core   0: 0x80005e5c (0x01005513) srli    a0, zero, 16
core   0: 3 0x80005e5c (0x01005513) x10 0x00000000
core   0: 0x80005e60 (0x02fb58b3) divu    a7, s6, a5
core   0: 3 0x80005e60 (0x02fb58b3) x17 0xffffffff
core   0: 0x80005e64 (0xcb676e93) ori     t4, a4, -842
core   0: 3 0x80005e64 (0xcb676e93) x29 0xfffffcf6
core   0: 0x80005e68 (0x02e3b433) mulhu   s0, t2, a4
core   0: 3 0x80005e68 (0x02e3b433) x 8 0x00000000
core   0: 0x80005e6c (0x412bd593) srai    a1, s7, 18
core   0: 3 0x80005e6c (0x412bd593) x11 0xfffffd90
core   0: 0x80005e70 (0x02d6d633) divu    a2, a3, a3
core   0: 3 0x80005e70 (0x02d6d633) x12 0x00000001
core   0: 0x80005e74 (0x02d316b3) mulh    a3, t1, a3
core   0: 3 0x80005e74 (0x02d316b3) x13 0x0d62bba1
core   0: 0x80005e78 (0xcef97513) andi    a0, s2, -785
core   0: 3 0x80005e78 (0xcef97513) x10 0x0000002d
core   0: 0x80005e7c (0x00dada13) srli    s4, s5, 13
core   0: 3 0x80005e7c (0x00dada13) x20 0x00000000
core   0: 0x80005e80 (0x406b0ab3) sub     s5, s6, t1
core   0: 3 0x80005e80 (0x406b0ab3) x21 0xdeb70208
core   0: 0x80005e84 (0x00b6dcb3) srl     s9, a3, a1
core   0: 3 0x80005e84 (0x00b6dcb3) x25 0x00000d62
core   0: 0x80005e88 (0x03c1ad33) mulhsu  s10, gp, t3
core   0: 3 0x80005e88 (0x03c1ad33) x26 0x00000000
core   0: 0x80005e8c (0x1645f513) andi    a0, a1, 356
core   0: 3 0x80005e8c (0x1645f513) x10 0x00000100
core   0: 0x80005e90 (0x006b19b3) sll     s3, s6, t1
core   0: 3 0x80005e90 (0x006b19b3) x19 0x00000000
core   0: 0x80005e94 (0x216cea37) lui     s4, 0x216ce
core   0: 3 0x80005e94 (0x216cea37) x20 0x216ce000
core   0: 0x80005e98 (0x05179e17) auipc   t3, 0x5179
core   0: 3 0x80005e98 (0x05179e17) x28 0x8517ee98
core   0: 0x80005e9c (0x01ee8433) add     s0, t4, t5
core   0: 3 0x80005e9c (0x01ee8433) x 8 0xfffffcf6
core   0: 0x80005ea0 (0xfedce193) ori     gp, s9, -19
core   0: 3 0x80005ea0 (0xfedce193) x 3 0xffffffef
core   0: 0x80005ea4 (0x02cb49b3) div     s3, s6, a2
core   0: 3 0x80005ea4 (0x02cb49b3) x19 0x00000000
core   0: 0x80005ea8 (0x00d94e33) xor     t3, s2, a3
core   0: 3 0x80005ea8 (0x00d94e33) x28 0x0d62bb9c
core   0: 0x80005eac (0x0290bfb3) mulhu   t6, ra, s1
core   0: 3 0x80005eac (0x0290bfb3) x31 0x00000000
core   0: 0x80005eb0 (0x03cf7633) remu    a2, t5, t3
core   0: 3 0x80005eb0 (0x03cf7633) x12 0x00000000
core   0: 0x80005eb4 (0x41795b13) srai    s6, s2, 23
core   0: 3 0x80005eb4 (0x41795b13) x22 0x00000000
core   0: 0x80005eb8 (0x02aa16b3) mulh    a3, s4, a0
core   0: 3 0x80005eb8 (0x02aa16b3) x13 0x00000021
core   0: 0x80005ebc (0x008f91b3) sll     gp, t6, s0
core   0: 3 0x80005ebc (0x008f91b3) x 3 0x00000000
core   0: 0x80005ec0 (0x40f6dd93) srai    s11, a3, 15
core   0: 3 0x80005ec0 (0x40f6dd93) x27 0x00000000
core   0: 0x80005ec4 (0xd397ce93) xori    t4, a5, -711
core   0: 3 0x80005ec4 (0xd397ce93) x29 0xfffffd39
core   0: 0x80005ec8 (0x01b7e5b3) or      a1, a5, s11
core   0: 3 0x80005ec8 (0x01b7e5b3) x11 0x00000000
core   0: 0x80005ecc (0x032890b3) mulh    ra, a7, s2
core   0: 3 0x80005ecc (0x032890b3) x 1 0xffffffff
core   0: 0x80005ed0 (0x0022d093) srli    ra, t0, 2
core   0: 3 0x80005ed0 (0x0022d093) x 1 0x3d905b4b
core   0: 0x80005ed4 (0x027d6cb3) rem     s9, s10, t2
core   0: 3 0x80005ed4 (0x027d6cb3) x25 0x00000000
core   0: 0x80005ed8 (0x64616197) auipc   gp, 0x64616
core   0: 3 0x80005ed8 (0x64616197) x 3 0xe461bed8
core   0: 0x80005edc (0x5c787a13) andi    s4, a6, 1479
core   0: 3 0x80005edc (0x5c787a13) x20 0x00000045
core   0: 0x80005ee0 (0x31680013) addi    zero, a6, 790
core   0: 3 0x80005ee0 (0x31680013)
core   0: 0x80005ee4 (0x02311f33) mulh    t5, sp, gp
core   0: 3 0x80005ee4 (0x02311f33) x30 0x0dcefc80
core   0: 0x80005ee8 (0x0074dd33) srl     s10, s1, t2
core   0: 3 0x80005ee8 (0x0074dd33) x26 0x00000000
core   0: 0x80005eec (0x00185093) srli    ra, a6, 1
core   0: 3 0x80005eec (0x00185093) x 1 0x7fffe836
core   0: 0x80005ef0 (0xe087eb37) lui     s6, 0xe087e
core   0: 3 0x80005ef0 (0xe087eb37) x22 0xe087e000
core   0: 0x80005ef4 (0xd822f813) andi    a6, t0, -638
core   0: 3 0x80005ef4 (0xd822f813) x16 0xf6416d00
core   0: 0x80005ef8 (0x02f901b3) mul     gp, s2, a5
core   0: 3 0x80005ef8 (0x02f901b3) x 3 0x00000000
core   0: 0x80005efc (0x003cb0b3) sltu    ra, s9, gp
core   0: 3 0x80005efc (0x003cb0b3) x 1 0x00000000
core   0: 0x80005f00 (0x012e1233) sll     tp, t3, s2
core   0: 3 0x80005f00 (0x012e1233) x 4 0x80000000
core   0: 0x80005f04 (0x01b8d693) srli    a3, a7, 27
core   0: 3 0x80005f04 (0x01b8d693) x13 0x0000001f
core   0: 0x80005f08 (0x41900db3) sub     s11, zero, s9
core   0: 3 0x80005f08 (0x41900db3) x27 0x00000000
core   0: 0x80005f0c (0x00000013) nop
core   0: 3 0x80005f0c (0x00000013)
core   0: 0x80005f10 (0x02c0f233) remu    tp, ra, a2
core   0: 3 0x80005f10 (0x02c0f233) x 4 0x00000000
core   0: 0x80005f14 (0x0097da93) srli    s5, a5, 9
core   0: 3 0x80005f14 (0x0097da93) x21 0x00000000
core   0: 0x80005f18 (0x03840c33) mul     s8, s0, s8
core   0: 3 0x80005f18 (0x03840c33) x24 0xfffffcf6
core   0: 0x80005f1c (0x021dfa33) remu    s4, s11, ra
core   0: 3 0x80005f1c (0x021dfa33) x20 0x00000000
core   0: 0x80005f20 (0x0008e9b3) or      s3, a7, zero
core   0: 3 0x80005f20 (0x0008e9b3) x19 0xffffffff
core   0: 0x80005f24 (0x4a05fc93) andi    s9, a1, 1184
core   0: 3 0x80005f24 (0x4a05fc93) x25 0x00000000
core   0: 0x80005f28 (0x01ac37b3) sltu    a5, s8, s10
core   0: 3 0x80005f28 (0x01ac37b3) x15 0x00000000
core   0: 0x80005f2c (0x40acdc93) srai    s9, s9, 10
core   0: 3 0x80005f2c (0x40acdc93) x25 0x00000000
core   0: 0x80005f30 (0x0092d013) srli    zero, t0, 9
core   0: 3 0x80005f30 (0x0092d013)
core   0: 0x80005f34 (0x006a1cb3) sll     s9, s4, t1
core   0: 3 0x80005f34 (0x006a1cb3) x25 0x00000000
core   0: 0x80005f38 (0x018c4f33) xor     t5, s8, s8
core   0: 3 0x80005f38 (0x018c4f33) x30 0x00000000
core   0: 0x80005f3c (0x02b466b3) rem     a3, s0, a1
core   0: 3 0x80005f3c (0x02b466b3) x13 0xfffffcf6
core   0: 0x80005f40 (0x32ff2993) slti    s3, t5, 815
core   0: 3 0x80005f40 (0x32ff2993) x19 0x00000001
core   0: 0x80005f44 (0x014ebab3) sltu    s5, t4, s4
core   0: 3 0x80005f44 (0x014ebab3) x21 0x00000000
core   0: 0x80005f48 (0x030d5b33) divu    s6, s10, a6
core   0: 3 0x80005f48 (0x030d5b33) x22 0x00000000
core   0: 0x80005f4c (0x0038e633) or      a2, a7, gp
core   0: 3 0x80005f4c (0x0038e633) x12 0xffffffff
core   0: 0x80005f50 (0x019db1b3) sltu    gp, s11, s9
core   0: 3 0x80005f50 (0x019db1b3) x 3 0x00000000
core   0: 0x80005f54 (0x414c0933) sub     s2, s8, s4
core   0: 3 0x80005f54 (0x414c0933) x18 0xfffffcf6
core   0: 0x80005f58 (0xbd7f3393) sltiu   t2, t5, -1065
core   0: 3 0x80005f58 (0xbd7f3393) x 7 0x00000001
core   0: 0x80005f5c (0x033df8b3) remu    a7, s11, s3
core   0: 3 0x80005f5c (0x033df8b3) x17 0x00000000
core   0: 0x80005f60 (0x19438eb7) lui     t4, 0x19438
core   0: 3 0x80005f60 (0x19438eb7) x29 0x19438000
core   0: 0x80005f64 (0x023a9533) mulh    a0, s5, gp
core   0: 3 0x80005f64 (0x023a9533) x10 0x00000000
core   0: 0x80005f68 (0x40b68e33) sub     t3, a3, a1
core   0: 3 0x80005f68 (0x40b68e33) x28 0xfffffcf6
core   0: 0x80005f6c (0x008bdf33) srl     t5, s7, s0
core   0: 3 0x80005f6c (0x008bdf33) x30 0x000003d9
core   0: 0x80005f70 (0x3a8d8093) addi    ra, s11, 936
core   0: 3 0x80005f70 (0x3a8d8093) x 1 0x000003a8
core   0: 0x80005f74 (0x03beeeb3) rem     t4, t4, s11
core   0: 3 0x80005f74 (0x03beeeb3) x29 0x19438000
core   0: 0x80005f78 (0x0273b233) mulhu   tp, t2, t2
core   0: 3 0x80005f78 (0x0273b233) x 4 0x00000000
core   0: 0x80005f7c (0x41ca83b3) sub     t2, s5, t3
core   0: 3 0x80005f7c (0x41ca83b3) x 7 0x0000030a
core   0: 0x80005f80 (0x26fde093) ori     ra, s11, 623
core   0: 3 0x80005f80 (0x26fde093) x 1 0x0000026f
core   0: 0x80005f84 (0x00ad8bb3) add     s7, s11, a0
core   0: 3 0x80005f84 (0x00ad8bb3) x23 0x00000000
core   0: 0x80005f88 (0x02e0aab3) mulhsu  s5, ra, a4
core   0: 3 0x80005f88 (0x02e0aab3) x21 0x00000137
core   0: 0x80005f8c (0xa2530d93) addi    s11, t1, -1499
core   0: 3 0x80005f8c (0xa2530d93) x27 0x2148f81d
core   0: 0x80005f90 (0x01754933) xor     s2, a0, s7
core   0: 3 0x80005f90 (0x01754933) x18 0x00000000
core   0: 0x80005f94 (0x00a2d833) srl     a6, t0, a0
core   0: 3 0x80005f94 (0x00a2d833) x16 0xf6416d2c
core   0: 0x80005f98 (0x017bf333) and     t1, s7, s7
core   0: 3 0x80005f98 (0x017bf333) x 6 0x00000000
core   0: 0x80005f9c (0x02a343b3) div     t2, t1, a0
core   0: 3 0x80005f9c (0x02a343b3) x 7 0xffffffff
core   0: 0x80005fa0 (0x00ba5893) srli    a7, s4, 11
core   0: 3 0x80005fa0 (0x00ba5893) x17 0x00000000
core   0: 0x80005fa4 (0x019d9033) sll     zero, s11, s9
core   0: 3 0x80005fa4 (0x019d9033)
core   0: 0x80005fa8 (0x47e47b13) andi    s6, s0, 1150
core   0: 3 0x80005fa8 (0x47e47b13) x22 0x00000476
core   0: 0x80005fac (0x0218edb3) rem     s11, a7, ra
core   0: 3 0x80005fac (0x0218edb3) x27 0x00000000
core   0: 0x80005fb0 (0x40cb81b3) sub     gp, s7, a2
core   0: 3 0x80005fb0 (0x40cb81b3) x 3 0x00000001
core   0: 0x80005fb4 (0x41575313) srai    t1, a4, 21
core   0: 3 0x80005fb4 (0x41575313) x 6 0xfffffc00
core   0: 0x80005fb8 (0x52228193) addi    gp, t0, 1314
core   0: 3 0x80005fb8 (0x52228193) x 3 0xf641724e
core   0: 0x80005fbc (0x00c33433) sltu    s0, t1, a2
core   0: 3 0x80005fbc (0x00c33433) x 8 0x00000001
core   0: 0x80005fc0 (0x0138f0b3) and     ra, a7, s3
core   0: 3 0x80005fc0 (0x0138f0b3) x 1 0x00000000
core   0: 0x80005fc4 (0x6db62f93) slti    t6, a2, 1755
core   0: 3 0x80005fc4 (0x6db62f93) x31 0x00000001
core   0: 0x80005fc8 (0x0298bab3) mulhu   s5, a7, s1
core   0: 3 0x80005fc8 (0x0298bab3) x21 0x00000000
core   0: 0x80005fcc (0x00000013) nop
core   0: 3 0x80005fcc (0x00000013)
core   0: 0x80005fd0 (0x4140d613) srai    a2, ra, 20
core   0: 3 0x80005fd0 (0x4140d613) x12 0x00000000
core   0: 0x80005fd4 (0x414fd693) srai    a3, t6, 20
core   0: 3 0x80005fd4 (0x414fd693) x13 0x00000000
core   0: 0x80005fd8 (0x41ab0c33) sub     s8, s6, s10
core   0: 3 0x80005fd8 (0x41ab0c33) x24 0x00000476
core   0: 0x80005fdc (0x0068d4b3) srl     s1, a7, t1
core   0: 3 0x80005fdc (0x0068d4b3) x 9 0x00000000
core   0: 0x80005fe0 (0x0016ec33) or      s8, a3, ra
core   0: 3 0x80005fe0 (0x0016ec33) x24 0x00000000
core   0: 0x80005fe4 (0x00b2af33) slt     t5, t0, a1
core   0: 3 0x80005fe4 (0x00b2af33) x30 0x00000001
core   0: 0x80005fe8 (0x032f2033) mulhsu  zero, t5, s2
core   0: 3 0x80005fe8 (0x032f2033)
core   0: 0x80005fec (0x036166b3) rem     a3, sp, s6
core   0: 3 0x80005fec (0x036166b3) x13 0xfffffd6e
core   0: 0x80005ff0 (0x01b621b3) slt     gp, a2, s11
core   0: 3 0x80005ff0 (0x01b621b3) x 3 0x00000000
core   0: 0x80005ff4 (0x432abd13) sltiu   s10, s5, 1074
core   0: 3 0x80005ff4 (0x432abd13) x26 0x00000001
core   0: 0x80005ff8 (0xa8466d93) ori     s11, a2, -1404
core   0: 3 0x80005ff8 (0xa8466d93) x27 0xfffffa84
core   0: 0x80005ffc (0xabd84013) xori    zero, a6, -1347
core   0: 3 0x80005ffc (0xabd84013)
core   0: 0x80006000 (0x40735f33) sra     t5, t1, t2
core   0: 3 0x80006000 (0x40735f33) x30 0xffffffff
core   0: 0x80006004 (0x001bfbb3) and     s7, s7, ra
core   0: 3 0x80006004 (0x001bfbb3) x23 0x00000000
core   0: 0x80006008 (0x0275f7b3) remu    a5, a1, t2
core   0: 3 0x80006008 (0x0275f7b3) x15 0x00000000
core   0: 0x8000600c (0x0026a9b3) slt     s3, a3, sp
core   0: 3 0x8000600c (0x0026a9b3) x19 0x00000000
core   0: 0x80006010 (0xb17f6693) ori     a3, t5, -1257
core   0: 3 0x80006010 (0xb17f6693) x13 0xffffffff
core   0: 0x80006014 (0x01055513) srli    a0, a0, 16
core   0: 3 0x80006014 (0x01055513) x10 0x00000000
core   0: 0x80006018 (0x012671b3) and     gp, a2, s2
core   0: 3 0x80006018 (0x012671b3) x 3 0x00000000
core   0: 0x8000601c (0x3fb98793) addi    a5, s3, 1019
core   0: 3 0x8000601c (0x3fb98793) x15 0x000003fb
core   0: 0x80006020 (0x02fb6433) rem     s0, s6, a5
core   0: 3 0x80006020 (0x02fb6433) x 8 0x0000007b
core   0: 0x80006024 (0x40160433) sub     s0, a2, ra
core   0: 3 0x80006024 (0x40160433) x 8 0x00000000
core   0: 0x80006028 (0x0277b4b3) mulhu   s1, a5, t2
core   0: 3 0x80006028 (0x0277b4b3) x 9 0x000003fa
core   0: 0x8000602c (0x8f40b313) sltiu   t1, ra, -1804
core   0: 3 0x8000602c (0x8f40b313) x 6 0x00000001
core   0: 0x80006030 (0x01d4a933) slt     s2, s1, t4
core   0: 3 0x80006030 (0x01d4a933) x18 0x00000001
core   0: 0x80006034 (0x94606913) ori     s2, zero, -1722
core   0: 3 0x80006034 (0x94606913) x18 0xfffff946
core   0: 0x80006038 (0x001761b3) or      gp, a4, ra
core   0: 3 0x80006038 (0x001761b3) x 3 0x80018ce4
core   0: 0x8000603c (0x005f5693) srli    a3, t5, 5
core   0: 3 0x8000603c (0x005f5693) x13 0x07ffffff
core   0: 0x80006040 (0x32537313) andi    t1, t1, 805
core   0: 3 0x80006040 (0x32537313) x 6 0x00000001
core   0: 0x80006044 (0x0205e433) rem     s0, a1, zero
core   0: 3 0x80006044 (0x0205e433) x 8 0x00000000
core   0: 0x80006048 (0x015e01b3) add     gp, t3, s5
core   0: 3 0x80006048 (0x015e01b3) x 3 0xfffffcf6
core   0: 0x8000604c (0x408c87b3) sub     a5, s9, s0
core   0: 3 0x8000604c (0x408c87b3) x15 0x00000000
core   0: 0x80006050 (0x0202cd93) xori    s11, t0, 32
core   0: 3 0x80006050 (0x0202cd93) x27 0xf6416d0c
core   0: 0x80006054 (0x03de67b3) rem     a5, t3, t4
core   0: 3 0x80006054 (0x03de67b3) x15 0xfffffcf6
core   0: 0x80006058 (0x03ccca33) div     s4, s9, t3
core   0: 3 0x80006058 (0x03ccca33) x20 0x00000000
core   0: 0x8000605c (0xb2bc0013) addi    zero, s8, -1237
core   0: 3 0x8000605c (0xb2bc0013)
core   0: 0x80006060 (0x02c28a33) mul     s4, t0, a2
core   0: 3 0x80006060 (0x02c28a33) x20 0x00000000
core   0: 0x80006064 (0xc327c413) xori    s0, a5, -974
core   0: 3 0x80006064 (0xc327c413) x 8 0x000000c4
core   0: 0x80006068 (0xe5382913) slti    s2, a6, -429
core   0: 3 0x80006068 (0xe5382913) x18 0x00000001
core   0: 0x8000606c (0x01fa76b3) and     a3, s4, t6
core   0: 3 0x8000606c (0x01fa76b3) x13 0x00000000
core   0: 0x80006070 (0x014884b3) add     s1, a7, s4
core   0: 3 0x80006070 (0x014884b3) x 9 0x00000000
core   0: 0x80006074 (0x02bf4c33) div     s8, t5, a1
core   0: 3 0x80006074 (0x02bf4c33) x24 0xffffffff
core   0: 0x80006078 (0x98b30a17) auipc   s4, 0x98b30
core   0: 3 0x80006078 (0x98b30a17) x20 0x18b36078
core   0: 0x8000607c (0x000287b3) add     a5, t0, zero
core   0: 3 0x8000607c (0x000287b3) x15 0xf6416d2c
core   0: 0x80006080 (0x3d032c13) slti    s8, t1, 976
core   0: 3 0x80006080 (0x3d032c13) x24 0x00000001
core   0: 0x80006084 (0x00a16333) or      t1, sp, a0
core   0: 3 0x80006084 (0x00a16333) x 6 0x80014e64
core   0: 0x80006088 (0x341acc97) auipc   s9, 0x341ac
core   0: 3 0x80006088 (0x341acc97) x25 0xb41b2088
core   0: 0x8000608c (0x8e32ee13) ori     t3, t0, -1821
core   0: 3 0x8000608c (0x8e32ee13) x28 0xfffffdef
core   0: 0x80006090 (0x0258fa33) remu    s4, a7, t0
core   0: 3 0x80006090 (0x0258fa33) x20 0x00000000
core   0: 0x80006094 (0x0321f0b3) remu    ra, gp, s2
core   0: 3 0x80006094 (0x0321f0b3) x 1 0x00000000
core   0: 0x80006098 (0x72d62e13) slti    t3, a2, 1837
core   0: 3 0x80006098 (0x72d62e13) x28 0x00000001
core   0: 0x8000609c (0x03b30333) mul     t1, t1, s11
core   0: 3 0x8000609c (0x03b30333) x 6 0x8dd440b0
core   0: 0x800060a0 (0xa3246c93) ori     s9, s0, -1486
core   0: 3 0x800060a0 (0xa3246c93) x25 0xfffffaf6
core   0: 0x800060a4 (0x00000013) nop
core   0: 3 0x800060a4 (0x00000013)
core   0: 0x800060a8 (0x01001bb3) sll     s7, zero, a6
core   0: 3 0x800060a8 (0x01001bb3) x23 0x00000000
core   0: 0x800060ac (0x489fae93) slti    t4, t6, 1161
core   0: 3 0x800060ac (0x489fae93) x29 0x00000001
core   0: 0x800060b0 (0x0249e1b3) rem     gp, s3, tp
core   0: 3 0x800060b0 (0x0249e1b3) x 3 0x00000000
core   0: 0x800060b4 (0x0362b633) mulhu   a2, t0, s6
core   0: 3 0x800060b4 (0x0362b633) x12 0x0000044a
core   0: 0x800060b8 (0x413a0893) addi    a7, s4, 1043
core   0: 3 0x800060b8 (0x413a0893) x17 0x00000413
core   0: 0x800060bc (0x0077ce33) xor     t3, a5, t2
core   0: 3 0x800060bc (0x0077ce33) x28 0x09be92d3
core   0: 0x800060c0 (0x1a1bb213) sltiu   tp, s7, 417
core   0: 3 0x800060c0 (0x1a1bb213) x 4 0x00000001
core   0: 0x800060c4 (0x0024b1b3) sltu    gp, s1, sp
core   0: 3 0x800060c4 (0x0024b1b3) x 3 0x00000001
core   0: 0x800060c8 (0x0113fab3) and     s5, t2, a7
core   0: 3 0x800060c8 (0x0113fab3) x21 0x00000413
core   0: 0x800060cc (0x03184433) div     s0, a6, a7
core   0: 3 0x800060cc (0x03184433) x 8 0xfffd9bb8
core   0: 0x800060d0 (0x01fb5c93) srli    s9, s6, 31
core   0: 3 0x800060d0 (0x01fb5c93) x25 0x00000000
core   0: 0x800060d4 (0x01e78233) add     tp, a5, t5
core   0: 3 0x800060d4 (0x01e78233) x 4 0xf6416d2b
core   0: 0x800060d8 (0x028fe1b3) rem     gp, t6, s0
core   0: 3 0x800060d8 (0x028fe1b3) x 3 0x00000001
core   0: 0x800060dc (0x03563db3) mulhu   s11, a2, s5
core   0: 3 0x800060dc (0x03563db3) x27 0x00000000
core   0: 0x800060e0 (0x025626b3) mulhsu  a3, a2, t0
core   0: 3 0x800060e0 (0x025626b3) x13 0x00000420
core   0: 0x800060e4 (0x00000013) nop
core   0: 3 0x800060e4 (0x00000013)
core   0: 0x800060e8 (0x00000013) nop
core   0: 3 0x800060e8 (0x00000013)
core   0: 0x800060ec (0x40ee5393) srai    t2, t3, 14
core   0: 3 0x800060ec (0x40ee5393) x 7 0x000026fa
core   0: 0x800060f0 (0x4b334313) xori    t1, t1, 1203
core   0: 3 0x800060f0 (0x4b334313) x 6 0x8dd44403
core   0: 0x800060f4 (0x92014e13) xori    t3, sp, -1760
core   0: 3 0x800060f4 (0x92014e13) x28 0x7ffeb744
core   0: 0x800060f8 (0x01782fb3) slt     t6, a6, s7
core   0: 3 0x800060f8 (0x01782fb3) x31 0x00000001
core   0: 0x800060fc (0x68586513) ori     a0, a6, 1669
core   0: 3 0x800060fc (0x68586513) x10 0xf6416fad
core   0: 0x80006100 (0x40fe5f33) sra     t5, t3, a5
core   0: 3 0x80006100 (0x40fe5f33) x30 0x0007ffeb
core   0: 0x80006104 (0x00913c33) sltu    s8, sp, s1
core   0: 3 0x80006104 (0x00913c33) x24 0x00000000
core   0: 0x80006108 (0x4038deb3) sra     t4, a7, gp
core   0: 3 0x80006108 (0x4038deb3) x29 0x00000209
core   0: 0x8000610c (0xf429ab93) slti    s7, s3, -190
core   0: 3 0x8000610c (0xf429ab93) x23 0x00000000
core   0: 0x80006110 (0x01f1bb33) sltu    s6, gp, t6
core   0: 3 0x80006110 (0x01f1bb33) x22 0x00000000
core   0: 0x80006114 (0x14718e93) addi    t4, gp, 327
core   0: 3 0x80006114 (0x14718e93) x29 0x00000148
core   0: 0x80006118 (0x0163e833) or      a6, t2, s6
core   0: 3 0x80006118 (0x0163e833) x16 0x000026fa
core   0: 0x8000611c (0x013a96b3) sll     a3, s5, s3
core   0: 3 0x8000611c (0x013a96b3) x13 0x00000413
core   0: 0x80006120 (0x01cdfcb3) and     s9, s11, t3
core   0: 3 0x80006120 (0x01cdfcb3) x25 0x00000000
core   0: 0x80006124 (0x020fa7b3) mulhsu  a5, t6, zero
core   0: 3 0x80006124 (0x020fa7b3) x15 0x00000000
core   0: 0x80006128 (0x032f5cb3) divu    s9, t5, s2
core   0: 3 0x80006128 (0x032f5cb3) x25 0x0007ffeb
core   0: 0x8000612c (0x03848433) mul     s0, s1, s8
core   0: 3 0x8000612c (0x03848433) x 8 0x00000000
core   0: 0x80006130 (0x02955433) divu    s0, a0, s1
core   0: 3 0x80006130 (0x02955433) x 8 0xffffffff
core   0: 0x80006134 (0x86a1f013) andi    zero, gp, -1942
core   0: 3 0x80006134 (0x86a1f013)
core   0: 0x80006138 (0x50b17b13) andi    s6, sp, 1291
core   0: 3 0x80006138 (0x50b17b13) x22 0x00000400
core   0: 0x8000613c (0x02742ab3) mulhsu  s5, s0, t2
core   0: 3 0x8000613c (0x02742ab3) x21 0xffffffff
core   0: 0x80006140 (0x032fb433) mulhu   s0, t6, s2
core   0: 3 0x80006140 (0x032fb433) x 8 0x00000000
core   0: 0x80006144 (0x01af85b3) add     a1, t6, s10
core   0: 3 0x80006144 (0x01af85b3) x11 0x00000002
core   0: 0x80006148 (0x4111d093) srai    ra, gp, 17
core   0: 3 0x80006148 (0x4111d093) x 1 0x00000000
core   0: 0x8000614c (0x000e21b3) slt     gp, t3, zero
core   0: 3 0x8000614c (0x000e21b3) x 3 0x00000000
core   0: 0x80006150 (0x55d87317) auipc   t1, 0x55d87
core   0: 3 0x80006150 (0x55d87317) x 6 0xd5d8d150
core   0: 0x80006154 (0xd57e4fb7) lui     t6, 0xd57e4
core   0: 3 0x80006154 (0xd57e4fb7) x31 0xd57e4000
core   0: 0x80006158 (0x00906db3) or      s11, zero, s1
core   0: 3 0x80006158 (0x00906db3) x27 0x00000000
core   0: 0x8000615c (0xfa08e593) ori     a1, a7, -96
core   0: 3 0x8000615c (0xfa08e593) x11 0xffffffb3
core   0: 0x80006160 (0x01026a33) or      s4, tp, a6
core   0: 3 0x80006160 (0x01026a33) x20 0xf6416ffb
core   0: 0x80006164 (0x412659b3) sra     s3, a2, s2
core   0: 3 0x80006164 (0x412659b3) x19 0x00000225
core   0: 0x80006168 (0xc8753213) sltiu   tp, a0, -889
core   0: 3 0x80006168 (0xc8753213) x 4 0x00000001
core   0: 0x8000616c (0x41be53b3) sra     t2, t3, s11
core   0: 3 0x8000616c (0x41be53b3) x 7 0x7ffeb744
core   0: 0x80006170 (0x02084233) div     tp, a6, zero
core   0: 3 0x80006170 (0x02084233) x 4 0xffffffff
core   0: 0x80006174 (0x0193af33) slt     t5, t2, s9
core   0: 3 0x80006174 (0x0193af33) x30 0x00000000
core   0: 0x80006178 (0xc9a77213) andi    tp, a4, -870
core   0: 3 0x80006178 (0xc9a77213) x 4 0x80018c80
core   0: 0x8000617c (0x00747f33) and     t5, s0, t2
core   0: 3 0x8000617c (0x00747f33) x30 0x00000000
core   0: 0x80006180 (0x03aaeab3) rem     s5, s5, s10
core   0: 3 0x80006180 (0x03aaeab3) x21 0x00000000
core   0: 0x80006184 (0x00d78633) add     a2, a5, a3
core   0: 3 0x80006184 (0x00d78633) x12 0x00000413
core   0: 0x80006188 (0x01af3833) sltu    a6, t5, s10
core   0: 3 0x80006188 (0x01af3833) x16 0x00000001
core   0: 0x8000618c (0x99aa2b13) slti    s6, s4, -1638
core   0: 3 0x8000618c (0x99aa2b13) x22 0x00000001
core   0: 0x80006190 (0xd89626b7) lui     a3, 0xd8962
core   0: 3 0x80006190 (0xd89626b7) x13 0xd8962000
core   0: 0x80006194 (0x96b4f493) andi    s1, s1, -1685
core   0: 3 0x80006194 (0x96b4f493) x 9 0x00000000
core   0: 0x80006198 (0x03b45b33) divu    s6, s0, s11
core   0: 3 0x80006198 (0x03b45b33) x22 0xffffffff
core   0: 0x8000619c (0xa6aefd13) andi    s10, t4, -1430
core   0: 3 0x8000619c (0xa6aefd13) x26 0x00000048
core   0: 0x800061a0 (0x00024d33) xor     s10, tp, zero
core   0: 3 0x800061a0 (0x00024d33) x26 0x80018c80
core   0: 0x800061a4 (0x3125f517) auipc   a0, 0x3125f
core   0: 3 0x800061a4 (0x3125f517) x10 0xb12651a4
core   0: 0x800061a8 (0x00a3cfb3) xor     t6, t2, a0
core   0: 3 0x800061a8 (0x00a3cfb3) x31 0xced8e6e0
core   0: 0x800061ac (0x003770b3) and     ra, a4, gp
core   0: 3 0x800061ac (0x003770b3) x 1 0x00000000
core   0: 0x800061b0 (0x81ded8b7) lui     a7, 0x81ded
core   0: 3 0x800061b0 (0x81ded8b7) x17 0x81ded000
core   0: 0x800061b4 (0x019aff33) and     t5, s5, s9
core   0: 3 0x800061b4 (0x019aff33) x30 0x00000000
core   0: 0x800061b8 (0x03b26533) rem     a0, tp, s11
core   0: 3 0x800061b8 (0x03b26533) x10 0x80018c80
core   0: 0x800061bc (0x4045d433) sra     s0, a1, tp
core   0: 3 0x800061bc (0x4045d433) x 8 0xffffffb3
core   0: 0x800061c0 (0x0370e633) rem     a2, ra, s7
core   0: 3 0x800061c0 (0x0370e633) x12 0x00000000
core   0: 0x800061c4 (0x561b6ab7) lui     s5, 0x561b6
core   0: 3 0x800061c4 (0x561b6ab7) x21 0x561b6000
core   0: 0x800061c8 (0x00f0da93) srli    s5, ra, 15
core   0: 3 0x800061c8 (0x00f0da93) x21 0x00000000
core   0: 0x800061cc (0x03e47633) remu    a2, s0, t5
core   0: 3 0x800061cc (0x03e47633) x12 0xffffffb3
core   0: 0x800061d0 (0xa0388a13) addi    s4, a7, -1533
core   0: 3 0x800061d0 (0xa0388a13) x20 0x81deca03
core   0: 0x800061d4 (0x00114233) xor     tp, sp, ra
core   0: 3 0x800061d4 (0x00114233) x 4 0x80014e64
core   0: 0x800061d8 (0x00c29833) sll     a6, t0, a2
core   0: 3 0x800061d8 (0x00c29833) x16 0x69600000
core   0: 0x800061dc (0x01cdfc33) and     s8, s11, t3
core   0: 3 0x800061dc (0x01cdfc33) x24 0x00000000
core   0: 0x800061e0 (0x0090be33) sltu    t3, ra, s1
core   0: 3 0x800061e0 (0x0090be33) x28 0x00000000
core   0: 0x800061e4 (0x664c6313) ori     t1, s8, 1636
core   0: 3 0x800061e4 (0x664c6313) x 6 0x00000664
core   0: 0x800061e8 (0x4016db93) srai    s7, a3, 1
core   0: 3 0x800061e8 (0x4016db93) x23 0xec4b1000
core   0: 0x800061ec (0x02293033) mulhu   zero, s2, sp
core   0: 3 0x800061ec (0x02293033)
core   0: 0x800061f0 (0x00579b33) sll     s6, a5, t0
core   0: 3 0x800061f0 (0x00579b33) x22 0x00000000
core   0: 0x800061f4 (0x0359f833) remu    a6, s3, s5
core   0: 3 0x800061f4 (0x0359f833) x16 0x00000225
core   0: 0x800061f8 (0x00d5b533) sltu    a0, a1, a3
core   0: 3 0x800061f8 (0x00d5b533) x10 0x00000000
core   0: 0x800061fc (0x365cce93) xori    t4, s9, 869
core   0: 3 0x800061fc (0x365cce93) x29 0x0007fc8e
core   0: 0x80006200 (0x41d5d813) srai    a6, a1, 29
core   0: 3 0x80006200 (0x41d5d813) x16 0xffffffff
core   0: 0x80006204 (0x03d3bc33) mulhu   s8, t2, t4
core   0: 3 0x80006204 (0x03d3bc33) x24 0x0003fe3c
core   0: 0x80006208 (0x8aa9c097) auipc   ra, 0x8aa9c
core   0: 3 0x80006208 (0x8aa9c097) x 1 0x0aaa2208
core   0: 0x8000620c (0xf219fa93) andi    s5, s3, -223
core   0: 3 0x8000620c (0xf219fa93) x21 0x00000221
core   0: 0x80006210 (0x03a54633) div     a2, a0, s10
core   0: 3 0x80006210 (0x03a54633) x12 0x00000000
core   0: 0x80006214 (0x024138b3) mulhu   a7, sp, tp
core   0: 3 0x80006214 (0x024138b3) x17 0x40014e65
core   0: 0x80006218 (0x02905d33) divu    s10, zero, s1
core   0: 3 0x80006218 (0x02905d33) x26 0xffffffff
core   0: 0x8000621c (0x007dd813) srli    a6, s11, 7
core   0: 3 0x8000621c (0x007dd813) x16 0x00000000
core   0: 0x80006220 (0x0d5ebf93) sltiu   t6, t4, 213
core   0: 3 0x80006220 (0x0d5ebf93) x31 0x00000000
core   0: 0x80006224 (0x4c10a597) auipc   a1, 0x4c10a
core   0: 3 0x80006224 (0x4c10a597) x11 0xcc110224
core   0: 0x80006228 (0x01f1b7b3) sltu    a5, gp, t6
core   0: 3 0x80006228 (0x01f1b7b3) x15 0x00000000
core   0: 0x8000622c (0x000ec6b3) xor     a3, t4, zero
core   0: 3 0x8000622c (0x000ec6b3) x13 0x0007fc8e
core   0: 0x80006230 (0x035e8333) mul     t1, t4, s5
core   0: 3 0x80006230 (0x035e8333) x 6 0x1100aa4e
core   0: 0x80006234 (0x2cdce893) ori     a7, s9, 717
core   0: 3 0x80006234 (0x2cdce893) x17 0x0007ffef
core   0: 0x80006238 (0x40e35593) srai    a1, t1, 14
core   0: 3 0x80006238 (0x40e35593) x11 0x00004402
core   0: 0x8000623c (0x0305c1b3) div     gp, a1, a6
core   0: 3 0x8000623c (0x0305c1b3) x 3 0xffffffff
core   0: 0x80006240 (0x0019c233) xor     tp, s3, ra
core   0: 3 0x80006240 (0x0019c233) x 4 0x0aaa202d
core   0: 0x80006244 (0x02218533) mul     a0, gp, sp
core   0: 3 0x80006244 (0x02218533) x10 0x7ffeb19c
core   0: 0x80006248 (0xe29ff913) andi    s2, t6, -471
core   0: 3 0x80006248 (0xe29ff913) x18 0x00000000
core   0: 0x8000624c (0x02344233) div     tp, s0, gp
core   0: 3 0x8000624c (0x02344233) x 4 0x0000004d
core   0: 0x80006250 (0xa0344093) xori    ra, s0, -1533
core   0: 3 0x80006250 (0xa0344093) x 1 0x000005b0
core   0: 0x80006254 (0x01e9c0b3) xor     ra, s3, t5
core   0: 3 0x80006254 (0x01e9c0b3) x 1 0x00000225
core   0: 0x80006258 (0x0041c4b3) xor     s1, gp, tp
core   0: 3 0x80006258 (0x0041c4b3) x 9 0xffffffb2
core   0: 0x8000625c (0x01b94f33) xor     t5, s2, s11
core   0: 3 0x8000625c (0x01b94f33) x30 0x00000000
core   0: 0x80006260 (0x01e5d933) srl     s2, a1, t5
core   0: 3 0x80006260 (0x01e5d933) x18 0x00004402
core   0: 0x80006264 (0x32e7b4b7) lui     s1, 0x32e7b
core   0: 3 0x80006264 (0x32e7b4b7) x 9 0x32e7b000
core   0: 0x80006268 (0x01c2f333) and     t1, t0, t3
core   0: 3 0x80006268 (0x01c2f333) x 6 0x00000000
core   0: 0x8000626c (0x039adab3) divu    s5, s5, s9
core   0: 3 0x8000626c (0x039adab3) x21 0x00000000
core   0: 0x80006270 (0x4023d593) srai    a1, t2, 2
core   0: 3 0x80006270 (0x4023d593) x11 0x1fffadd1
core   0: 0x80006274 (0x01cb07b3) add     a5, s6, t3
core   0: 3 0x80006274 (0x01cb07b3) x15 0x00000000
core   0: 0x80006278 (0x02272533) mulhsu  a0, a4, sp
core   0: 3 0x80006278 (0x02272533) x10 0xc0001f42
core   0: 0x8000627c (0x00256633) or      a2, a0, sp
core   0: 3 0x8000627c (0x00256633) x12 0xc0015f66
core   0: 0x80006280 (0x009f5593) srli    a1, t5, 9
core   0: 3 0x80006280 (0x009f5593) x11 0x00000000
core   0: 0x80006284 (0x02ae20b3) mulhsu  ra, t3, a0
core   0: 3 0x80006284 (0x02ae20b3) x 1 0x00000000
core   0: 0x80006288 (0x013e5b93) srli    s7, t3, 19
core   0: 3 0x80006288 (0x013e5b93) x23 0x00000000
core   0: 0x8000628c (0x03820d33) mul     s10, tp, s8
core   0: 3 0x8000628c (0x03820d33) x26 0x0133780c
core   0: 0x80006290 (0x030e5633) divu    a2, t3, a6
core   0: 3 0x80006290 (0x030e5633) x12 0xffffffff
core   0: 0x80006294 (0x0045d333) srl     t1, a1, tp
core   0: 3 0x80006294 (0x0045d333) x 6 0x00000000
core   0: 0x80006298 (0x032b15b3) mulh    a1, s6, s2
core   0: 3 0x80006298 (0x032b15b3) x11 0x00000000
core   0: 0x8000629c (0x01b0f233) and     tp, ra, s11
core   0: 3 0x8000629c (0x01b0f233) x 4 0x00000000
core   0: 0x800062a0 (0x00db7c33) and     s8, s6, a3
core   0: 3 0x800062a0 (0x00db7c33) x24 0x00000000
core   0: 0x800062a4 (0x4f914f93) xori    t6, sp, 1273
core   0: 3 0x800062a4 (0x4f914f93) x31 0x80014a9d
core   0: 0x800062a8 (0x02926233) rem     tp, tp, s1
core   0: 3 0x800062a8 (0x02926233) x 4 0x00000000
core   0: 0x800062ac (0xa20efb93) andi    s7, t4, -1504
core   0: 3 0x800062ac (0xa20efb93) x23 0x0007f800
core   0: 0x800062b0 (0x4199c913) xori    s2, s3, 1049
core   0: 3 0x800062b0 (0x4199c913) x18 0x0000063c
core   0: 0x800062b4 (0xa9960f13) addi    t5, a2, -1383
core   0: 3 0x800062b4 (0xa9960f13) x30 0xfffffa98
core   0: 0x800062b8 (0x1a184393) xori    t2, a6, 417
core   0: 3 0x800062b8 (0x1a184393) x 7 0x000001a1
core   0: 0x800062bc (0x02a4c5b3) div     a1, s1, a0
core   0: 3 0x800062bc (0x02a4c5b3) x11 0x00000000
core   0: 0x800062c0 (0x030dd6b3) divu    a3, s11, a6
core   0: 3 0x800062c0 (0x030dd6b3) x13 0xffffffff
core   0: 0x800062c4 (0x00000013) nop
core   0: 3 0x800062c4 (0x00000013)
core   0: 0x800062c8 (0x03b5fa33) remu    s4, a1, s11
core   0: 3 0x800062c8 (0x03b5fa33) x20 0x00000000
core   0: 0x800062cc (0x00a947b3) xor     a5, s2, a0
core   0: 3 0x800062cc (0x00a947b3) x15 0xc000197e
core   0: 0x800062d0 (0x4068d933) sra     s2, a7, t1
core   0: 3 0x800062d0 (0x4068d933) x18 0x0007ffef
core   0: 0x800062d4 (0x00d587b3) add     a5, a1, a3
core   0: 3 0x800062d4 (0x00d587b3) x15 0xffffffff
core   0: 0x800062d8 (0x25b67e13) andi    t3, a2, 603
core   0: 3 0x800062d8 (0x25b67e13) x28 0x0000025b
core   0: 0x800062dc (0x03fac033) div     zero, s5, t6
core   0: 3 0x800062dc (0x03fac033)
core   0: 0x800062e0 (0x43623337) lui     t1, 0x43623
core   0: 3 0x800062e0 (0x43623337) x 6 0x43623000
core   0: 0x800062e4 (0x0094bbb3) sltu    s7, s1, s1
core   0: 3 0x800062e4 (0x0094bbb3) x23 0x00000000
core   0: 0x800062e8 (0x6da42a13) slti    s4, s0, 1754
core   0: 3 0x800062e8 (0x6da42a13) x20 0x00000001
core   0: 0x800062ec (0x41730d33) sub     s10, t1, s7
core   0: 3 0x800062ec (0x41730d33) x26 0x43623000
core   0: 0x800062f0 (0x01185533) srl     a0, a6, a7
core   0: 3 0x800062f0 (0x01185533) x10 0x00000000
core   0: 0x800062f4 (0x72cfb893) sltiu   a7, t6, 1836
core   0: 3 0x800062f4 (0x72cfb893) x17 0x00000000
core   0: 0x800062f8 (0x035e5a33) divu    s4, t3, s5
core   0: 3 0x800062f8 (0x035e5a33) x20 0xffffffff
core   0: 0x800062fc (0x8c118e13) addi    t3, gp, -1855
core   0: 3 0x800062fc (0x8c118e13) x28 0xfffff8c0
core   0: 0x80006300 (0x00a0ff33) and     t5, ra, a0
core   0: 3 0x80006300 (0x00a0ff33) x30 0x00000000
core   0: 0x80006304 (0x03f7a233) mulhsu  tp, a5, t6
core   0: 3 0x80006304 (0x03f7a233) x 4 0xffffffff
core   0: 0x80006308 (0x0210b7b3) mulhu   a5, ra, ra
core   0: 3 0x80006308 (0x0210b7b3) x15 0x00000000
core   0: 0x8000630c (0x03ad7bb3) remu    s7, s10, s10
core   0: 3 0x8000630c (0x03ad7bb3) x23 0x00000000
core   0: 0x80006310 (0xd30c2e93) slti    t4, s8, -720
core   0: 3 0x80006310 (0xd30c2e93) x29 0x00000000
core   0: 0x80006314 (0x012a0233) add     tp, s4, s2
core   0: 3 0x80006314 (0x012a0233) x 4 0x0007ffee
core   0: 0x80006318 (0x037f1d33) mulh    s10, t5, s7
core   0: 3 0x80006318 (0x037f1d33) x26 0x00000000
core   0: 0x8000631c (0x40ef5693) srai    a3, t5, 14
core   0: 3 0x8000631c (0x40ef5693) x13 0x00000000
core   0: 0x80006320 (0x41a7d313) srai    t1, a5, 26
core   0: 3 0x80006320 (0x41a7d313) x 6 0x00000000
core   0: 0x80006324 (0x3a807393) andi    t2, zero, 936
core   0: 3 0x80006324 (0x3a807393) x 7 0x00000000
core   0: 0x80006328 (0x025a9833) mulh    a6, s5, t0
core   0: 3 0x80006328 (0x025a9833) x16 0x00000000
core   0: 0x8000632c (0x41ac8db3) sub     s11, s9, s10
core   0: 3 0x8000632c (0x41ac8db3) x27 0x0007ffeb
core   0: 0x80006330 (0xdf298793) addi    a5, s3, -526
core   0: 3 0x80006330 (0xdf298793) x15 0x00000017
core   0: 0x80006334 (0x628aa493) slti    s1, s5, 1576
core   0: 3 0x80006334 (0x628aa493) x 9 0x00000001
core   0: 0x80006338 (0x028df7b3) remu    a5, s11, s0
core   0: 3 0x80006338 (0x028df7b3) x15 0x0007ffeb
core   0: 0x8000633c (0x404d5933) sra     s2, s10, tp
core   0: 3 0x8000633c (0x404d5933) x18 0x00000000
core   0: 0x80006340 (0x19f54193) xori    gp, a0, 415
core   0: 3 0x80006340 (0x19f54193) x 3 0x0000019f
core   0: 0x80006344 (0x03d124b3) mulhsu  s1, sp, t4
core   0: 3 0x80006344 (0x03d124b3) x 9 0x00000000
core   0: 0x80006348 (0x015d9e33) sll     t3, s11, s5
core   0: 3 0x80006348 (0x015d9e33) x28 0x0007ffeb
core   0: 0x8000634c (0x01721813) slli    a6, tp, 23
core   0: 3 0x8000634c (0x01721813) x16 0xf7000000
core   0: 0x80006350 (0x020e6a33) rem     s4, t3, zero
core   0: 3 0x80006350 (0x020e6a33) x20 0x0007ffeb
core   0: 0x80006354 (0x019095b3) sll     a1, ra, s9
core   0: 3 0x80006354 (0x019095b3) x11 0x00000000
core   0: 0x80006358 (0x014c1d93) slli    s11, s8, 20
core   0: 3 0x80006358 (0x014c1d93) x27 0x00000000
core   0: 0x8000635c (0x0163c4b3) xor     s1, t2, s6
core   0: 3 0x8000635c (0x0163c4b3) x 9 0x00000000
core   0: 0x80006360 (0x020a8533) mul     a0, s5, zero
core   0: 3 0x80006360 (0x020a8533) x10 0x00000000
core   0: 0x80006364 (0x6f1b7397) auipc   t2, 0x6f1b7
core   0: 3 0x80006364 (0x6f1b7397) x 7 0xef1bd364
core   0: 0x80006368 (0x02fffe33) remu    t3, t6, a5
core   0: 3 0x80006368 (0x02fffe33) x28 0x00029a9d
core   0: 0x8000636c (0x008fcbb3) xor     s7, t6, s0
core   0: 3 0x8000636c (0x008fcbb3) x23 0x7ffeb52e
core   0: 0x80006370 (0x026b7433) remu    s0, s6, t1
core   0: 3 0x80006370 (0x026b7433) x 8 0x00000000
core   0: 0x80006374 (0x01be79b3) and     s3, t3, s11
core   0: 3 0x80006374 (0x01be79b3) x19 0x00000000
core   0: 0x80006378 (0xb33c8013) addi    zero, s9, -1229
core   0: 3 0x80006378 (0xb33c8013)
core   0: 0x8000637c (0x007144b3) xor     s1, sp, t2
core   0: 3 0x8000637c (0x007144b3) x 9 0x6f1a9d00
core   0: 0x80006380 (0x00000013) nop
core   0: 3 0x80006380 (0x00000013)
core   0: 0x80006384 (0x0b47f837) lui     a6, 0xb47f
core   0: 3 0x80006384 (0x0b47f837) x16 0x0b47f000
core   0: 0x80006388 (0x37ba8793) addi    a5, s5, 891
core   0: 3 0x80006388 (0x37ba8793) x15 0x0000037b
core   0: 0x8000638c (0x0195c833) xor     a6, a1, s9
core   0: 3 0x8000638c (0x0195c833) x16 0x0007ffeb
core   0: 0x80006390 (0x401eda13) srai    s4, t4, 1
core   0: 3 0x80006390 (0x401eda13) x20 0x00000000
core   0: 0x80006394 (0x0300b0b3) mulhu   ra, ra, a6
core   0: 3 0x80006394 (0x0300b0b3) x 1 0x00000000
core   0: 0x80006398 (0x1dc27913) andi    s2, tp, 476
core   0: 3 0x80006398 (0x1dc27913) x18 0x000001cc
core   0: 0x8000639c (0x51eead93) slti    s11, t4, 1310
core   0: 3 0x8000639c (0x51eead93) x27 0x00000001
core   0: 0x800063a0 (0x01379fb3) sll     t6, a5, s3
core   0: 3 0x800063a0 (0x01379fb3) x31 0x0000037b
core   0: 0x800063a4 (0xc1680813) addi    a6, a6, -1002
core   0: 3 0x800063a4 (0xc1680813) x16 0x0007fc01
core   0: 0x800063a8 (0x366ba013) slti    zero, s7, 870
core   0: 3 0x800063a8 (0x366ba013)
core   0: 0x800063ac (0x404ede13) srai    t3, t4, 4
core   0: 3 0x800063ac (0x404ede13) x28 0x00000000
core   0: 0x800063b0 (0x03868333) mul     t1, a3, s8
core   0: 3 0x800063b0 (0x03868333) x 6 0x00000000
core   0: 0x800063b4 (0x0085b9b3) sltu    s3, a1, s0
core   0: 3 0x800063b4 (0x0085b9b3) x19 0x00000000
core   0: 0x800063b8 (0xe2daceb7) lui     t4, 0xe2dac
core   0: 3 0x800063b8 (0xe2daceb7) x29 0xe2dac000
core   0: 0x800063bc (0x370a2f13) slti    t5, s4, 880
core   0: 3 0x800063bc (0x370a2f13) x30 0x00000001
core   0: 0x800063c0 (0x02302433) mulhsu  s0, zero, gp
core   0: 3 0x800063c0 (0x02302433) x 8 0x00000000
core   0: 0x800063c4 (0x869e8337) lui     t1, 0x869e8
core   0: 3 0x800063c4 (0x869e8337) x 6 0x869e8000
core   0: 0x800063c8 (0x2dca7913) andi    s2, s4, 732
core   0: 3 0x800063c8 (0x2dca7913) x18 0x00000000
core   0: 0x800063cc (0x0255c5b3) div     a1, a1, t0
core   0: 3 0x800063cc (0x0255c5b3) x11 0x00000000
core   0: 0x800063d0 (0x03bfcc33) div     s8, t6, s11
core   0: 3 0x800063d0 (0x03bfcc33) x24 0x0000037b
core   0: 0x800063d4 (0x036396b3) mulh    a3, t2, s6
core   0: 3 0x800063d4 (0x036396b3) x13 0x00000000
core   0: 0x800063d8 (0x5499a793) slti    a5, s3, 1353
core   0: 3 0x800063d8 (0x5499a793) x15 0x00000001
core   0: 0x800063dc (0x4058dc93) srai    s9, a7, 5
core   0: 3 0x800063dc (0x4058dc93) x25 0x00000000
core   0: 0x800063e0 (0x03d98fb3) mul     t6, s3, t4
core   0: 3 0x800063e0 (0x03d98fb3) x31 0x00000000
core   0: 0x800063e4 (0xf3680513) addi    a0, a6, -202
core   0: 3 0x800063e4 (0xf3680513) x10 0x0007fb37
core   0: 0x800063e8 (0x01831fb3) sll     t6, t1, s8
core   0: 3 0x800063e8 (0x01831fb3) x31 0x00000000
core   0: 0x800063ec (0x034ef933) remu    s2, t4, s4
core   0: 3 0x800063ec (0x034ef933) x18 0xe2dac000
core   0: 0x800063f0 (0x00070e33) add     t3, a4, zero
core   0: 3 0x800063f0 (0x00070e33) x28 0x80018ce4
core   0: 0x800063f4 (0x2f00eb93) ori     s7, ra, 752
core   0: 3 0x800063f4 (0x2f00eb93) x23 0x000002f0
core   0: 0x800063f8 (0x706b2597) auipc   a1, 0x706b2
core   0: 3 0x800063f8 (0x706b2597) x11 0xf06b83f8
core   0: 0x800063fc (0x02592cb3) mulhsu  s9, s2, t0
core   0: 3 0x800063fc (0x02592cb3) x25 0xe3f6c19c
core   0: 0x80006400 (0x032649b3) div     s3, a2, s2
core   0: 3 0x80006400 (0x032649b3) x19 0x00000000
core   0: 0x80006404 (0x24013b13) sltiu   s6, sp, 576
core   0: 3 0x80006404 (0x24013b13) x22 0x00000000
core   0: 0x80006408 (0x012d5933) srl     s2, s10, s2
core   0: 3 0x80006408 (0x012d5933) x18 0x00000000
core   0: 0x8000640c (0x00624333) xor     t1, tp, t1
core   0: 3 0x8000640c (0x00624333) x 6 0x86997fee
core   0: 0x80006410 (0x00f60f33) add     t5, a2, a5
core   0: 3 0x80006410 (0x00f60f33) x30 0x00000000
core   0: 0x80006414 (0x007a4f33) xor     t5, s4, t2
core   0: 3 0x80006414 (0x007a4f33) x30 0xef1bd364
core   0: 0x80006418 (0x00233f33) sltu    t5, t1, sp
core   0: 3 0x80006418 (0x00233f33) x30 0x00000000
core   0: 0x8000641c (0x002a8f33) add     t5, s5, sp
core   0: 3 0x8000641c (0x002a8f33) x30 0x80014e64
core   0: 0x80006420 (0x40c30cb3) sub     s9, t1, a2
core   0: 3 0x80006420 (0x40c30cb3) x25 0x86997fef
core   0: 0x80006424 (0x40e60fb3) sub     t6, a2, a4
core   0: 3 0x80006424 (0x40e60fb3) x31 0x7ffe731b
core   0: 0x80006428 (0x00211693) slli    a3, sp, 2
core   0: 3 0x80006428 (0x00211693) x13 0x00053990
core   0: 0x8000642c (0x00000013) nop
core   0: 3 0x8000642c (0x00000013)
core   0: 0x80006430 (0xb667ab13) slti    s6, a5, -1178
core   0: 3 0x80006430 (0xb667ab13) x22 0x00000000
core   0: 0x80006434 (0x406c8bb3) sub     s7, s9, t1
core   0: 3 0x80006434 (0x406c8bb3) x23 0x00000001
core   0: 0x80006438 (0x01b055b3) srl     a1, zero, s11
core   0: 3 0x80006438 (0x01b055b3) x11 0x00000000
core   0: 0x8000643c (0xc5e76593) ori     a1, a4, -930
core   0: 3 0x8000643c (0xc5e76593) x11 0xfffffcfe
core   0: 0x80006440 (0x0289db33) divu    s6, s3, s0
core   0: 3 0x80006440 (0x0289db33) x22 0xffffffff
core   0: 0x80006444 (0x039cd333) divu    t1, s9, s9
core   0: 3 0x80006444 (0x039cd333) x 6 0x00000001
core   0: 0x80006448 (0x409f5433) sra     s0, t5, s1
core   0: 3 0x80006448 (0x409f5433) x 8 0x80014e64
core   0: 0x8000644c (0xc3607213) andi    tp, zero, -970
core   0: 3 0x8000644c (0xc3607213) x 4 0x00000000
core   0: 0x80006450 (0x14af2eb7) lui     t4, 0x14af2
core   0: 3 0x80006450 (0x14af2eb7) x29 0x14af2000
core   0: 0x80006454 (0x00df0fb3) add     t6, t5, a3
core   0: 3 0x80006454 (0x00df0fb3) x31 0x800687f4
core   0: 0x80006458 (0x01a28c33) add     s8, t0, s10
core   0: 3 0x80006458 (0x01a28c33) x24 0xf6416d2c
core   0: 0x8000645c (0x03035db3) divu    s11, t1, a6
core   0: 3 0x8000645c (0x03035db3) x27 0x00000000
core   0: 0x80006460 (0x0007c333) xor     t1, a5, zero
core   0: 3 0x80006460 (0x0007c333) x 6 0x00000001
core   0: 0x80006464 (0x022ef4b3) remu    s1, t4, sp
core   0: 3 0x80006464 (0x022ef4b3) x 9 0x14af2000
core   0: 0x80006468 (0x002d1e13) slli    t3, s10, 2
core   0: 3 0x80006468 (0x002d1e13) x28 0x00000000
core   0: 0x8000646c (0xfbad0313) addi    t1, s10, -70
core   0: 3 0x8000646c (0xfbad0313) x 6 0xffffffba
core   0: 0x80006470 (0x00000013) nop
core   0: 3 0x80006470 (0x00000013)
core   0: 0x80006474 (0x008085b3) add     a1, ra, s0
core   0: 3 0x80006474 (0x008085b3) x11 0x80014e64
core   0: 0x80006478 (0x01f31033) sll     zero, t1, t6
core   0: 3 0x80006478 (0x01f31033)
core   0: 0x8000647c (0x01c83a33) sltu    s4, a6, t3
core   0: 3 0x8000647c (0x01c83a33) x20 0x00000000
core   0: 0x80006480 (0xa9d92f13) slti    t5, s2, -1379
core   0: 3 0x80006480 (0xa9d92f13) x30 0x00000000
core   0: 0x80006484 (0x01c297b3) sll     a5, t0, t3
core   0: 3 0x80006484 (0x01c297b3) x15 0xf6416d2c
core   0: 0x80006488 (0x00000013) nop
core   0: 3 0x80006488 (0x00000013)
core   0: 0x8000648c (0x21203ab7) lui     s5, 0x21203
core   0: 3 0x8000648c (0x21203ab7) x21 0x21203000
core   0: 0x80006490 (0x02f3b8b3) mulhu   a7, t2, a5
core   0: 3 0x80006490 (0x02f3b8b3) x17 0xe601d92a
core   0: 0x80006494 (0x018aa633) slt     a2, s5, s8
core   0: 3 0x80006494 (0x018aa633) x12 0x00000000
core   0: 0x80006498 (0x0230f6b3) remu    a3, ra, gp
core   0: 3 0x80006498 (0x0230f6b3) x13 0x00000000
core   0: 0x8000649c (0x00ddd813) srli    a6, s11, 13
core   0: 3 0x8000649c (0x00ddd813) x16 0x00000000
core   0: 0x800064a0 (0x474f2793) slti    a5, t5, 1140
core   0: 3 0x800064a0 (0x474f2793) x15 0x00000001
core   0: 0x800064a4 (0x0074e233) or      tp, s1, t2
core   0: 3 0x800064a4 (0x0074e233) x 4 0xffbff364
core   0: 0x800064a8 (0x414b5313) srai    t1, s6, 20
core   0: 3 0x800064a8 (0x414b5313) x 6 0xffffffff
core   0: 0x800064ac (0x00af9313) slli    t1, t6, 10
core   0: 3 0x800064ac (0x00af9313) x 6 0x1a1fd000
core   0: 0x800064b0 (0x00000013) nop
core   0: 3 0x800064b0 (0x00000013)
core   0: 0x800064b4 (0x01a124b3) slt     s1, sp, s10
core   0: 3 0x800064b4 (0x01a124b3) x 9 0x00000001
core   0: 0x800064b8 (0x034cba33) mulhu   s4, s9, s4
core   0: 3 0x800064b8 (0x034cba33) x20 0x00000000
core   0: 0x800064bc (0x404d5e93) srai    t4, s10, 4
core   0: 3 0x800064bc (0x404d5e93) x29 0x00000000
core   0: 0x800064c0 (0xcc6f6897) auipc   a7, 0xcc6f6
core   0: 3 0x800064c0 (0xcc6f6897) x17 0x4c6fc4c0
core   0: 0x800064c4 (0x01d50ab3) add     s5, a0, t4
core   0: 3 0x800064c4 (0x01d50ab3) x21 0x0007fb37
core   0: 0x800064c8 (0xf64cce13) xori    t3, s9, -156
core   0: 3 0x800064c8 (0xf64cce13) x28 0x7966808b
core   0: 0x800064cc (0x02b347b3) div     a5, t1, a1
core   0: 3 0x800064cc (0x02b347b3) x15 0x00000000
core   0: 0x800064d0 (0x03d9f233) remu    tp, s3, t4
core   0: 3 0x800064d0 (0x03d9f233) x 4 0x00000000
core   0: 0x800064d4 (0x0148d193) srli    gp, a7, 20
core   0: 3 0x800064d4 (0x0148d193) x 3 0x000004c6
core   0: 0x800064d8 (0x003e49b3) xor     s3, t3, gp
core   0: 3 0x800064d8 (0x003e49b3) x19 0x7966844d
core   0: 0x800064dc (0x005318b3) sll     a7, t1, t0
core   0: 3 0x800064dc (0x005318b3) x17 0xfd000000
core   0: 0x800064e0 (0x00216233) or      tp, sp, sp
core   0: 3 0x800064e0 (0x00216233) x 4 0x80014e64
core   0: 0x800064e4 (0xb27ceb13) ori     s6, s9, -1241
core   0: 3 0x800064e4 (0xb27ceb13) x22 0xffffffef
core   0: 0x800064e8 (0x01442f33) slt     t5, s0, s4
core   0: 3 0x800064e8 (0x01442f33) x30 0x00000001
core   0: 0x800064ec (0x01b205b3) add     a1, tp, s11
core   0: 3 0x800064ec (0x01b205b3) x11 0x80014e64
core   0: 0x800064f0 (0xd0f78f97) auipc   t6, 0xd0f78
core   0: 3 0x800064f0 (0xd0f78f97) x31 0x50f7e4f0
core   0: 0x800064f4 (0x8095cf17) auipc   t5, 0x8095c
core   0: 3 0x800064f4 (0x8095cf17) x30 0x009624f4
core   0: 0x800064f8 (0x0221b633) mulhu   a2, gp, sp
core   0: 3 0x800064f8 (0x0221b633) x12 0x00000263
core   0: 0x800064fc (0x026b1933) mulh    s2, s6, t1
core   0: 3 0x800064fc (0x026b1933) x18 0xfffffffe
core   0: 0x80006500 (0x03e20633) mul     a2, tp, t5
core   0: 3 0x80006500 (0x03e20633) x12 0x1edcc750
core   0: 0x80006504 (0x00124233) xor     tp, tp, ra
core   0: 3 0x80006504 (0x00124233) x 4 0x80014e64
core   0: 0x80006508 (0x00bda233) slt     tp, s11, a1
core   0: 3 0x80006508 (0x00bda233) x 4 0x00000000
core   0: 0x8000650c (0x03466db3) rem     s11, a2, s4
core   0: 3 0x8000650c (0x03466db3) x27 0x1edcc750
core   0: 0x80006510 (0x13517493) andi    s1, sp, 309
core   0: 3 0x80006510 (0x13517493) x 9 0x00000024
core   0: 0x80006514 (0x011e40b3) xor     ra, t3, a7
core   0: 3 0x80006514 (0x011e40b3) x 1 0x8466808b
core   0: 0x80006518 (0x03959db3) mulh    s11, a1, s9
core   0: 3 0x80006518 (0x03959db3) x27 0x3cb2a175
core   0: 0x8000651c (0x02a8c333) div     t1, a7, a0
core   0: 3 0x8000651c (0x02a8c333) x 6 0xffffffa0
core   0: 0x80006520 (0x01ac5c93) srli    s9, s8, 26
core   0: 3 0x80006520 (0x01ac5c93) x25 0x0000003d
core   0: 0x80006524 (0x97ae6213) ori     tp, t3, -1670
core   0: 3 0x80006524 (0x97ae6213) x 4 0xfffff9fb
core   0: 0x80006528 (0x01662933) slt     s2, a2, s6
core   0: 3 0x80006528 (0x01662933) x18 0x00000000
core   0: 0x8000652c (0x5cc93213) sltiu   tp, s2, 1484
core   0: 3 0x8000652c (0x5cc93213) x 4 0x00000001
core   0: 0x80006530 (0x029af633) remu    a2, s5, s1
core   0: 3 0x80006530 (0x029af633) x12 0x00000013
core   0: 0x80006534 (0xbf23f913) andi    s2, t2, -1038
core   0: 3 0x80006534 (0xbf23f913) x18 0xef1bd360
core   0: 0x80006538 (0x01ae25b3) slt     a1, t3, s10
core   0: 3 0x80006538 (0x01ae25b3) x11 0x00000000
core   0: 0x8000653c (0x006b2ab3) slt     s5, s6, t1
core   0: 3 0x8000653c (0x006b2ab3) x21 0x00000000
core   0: 0x80006540 (0x00462db3) slt     s11, a2, tp
core   0: 3 0x80006540 (0x00462db3) x27 0x00000000
core   0: 0x80006544 (0xf4cd4f13) xori    t5, s10, -180
core   0: 3 0x80006544 (0xf4cd4f13) x30 0xffffff4c
core   0: 0x80006548 (0x0322b233) mulhu   tp, t0, s2
core   0: 3 0x80006548 (0x0322b233) x 4 0xe601d926
core   0: 0x8000654c (0x00dedc33) srl     s8, t4, a3
core   0: 3 0x8000654c (0x00dedc33) x24 0x00000000
core   0: 0x80006550 (0xe689ef13) ori     t5, s3, -408
core   0: 3 0x80006550 (0xe689ef13) x30 0xfffffe6d
core   0: 0x80006554 (0x015c5fb3) srl     t6, s8, s5
core   0: 3 0x80006554 (0x015c5fb3) x31 0x00000000
core   0: 0x80006558 (0x00853d33) sltu    s10, a0, s0
core   0: 3 0x80006558 (0x00853d33) x26 0x00000001
core   0: 0x8000655c (0xf3418193) addi    gp, gp, -204
core   0: 3 0x8000655c (0xf3418193) x 3 0x000003fa
core   0: 0x80006560 (0x507e7213) andi    tp, t3, 1287
core   0: 3 0x80006560 (0x507e7213) x 4 0x00000003
core   0: 0x80006564 (0x02ca3eb3) mulhu   t4, s4, a2
core   0: 3 0x80006564 (0x02ca3eb3) x29 0x00000000
core   0: 0x80006568 (0xcf800f13) li      t5, -776
core   0: 3 0x80006568 (0xcf800f13) x30 0xfffffcf8
core   0: 0x8000656c (0x00dbd033) srl     zero, s7, a3
core   0: 3 0x8000656c (0x00dbd033)
core   0: 0x80006570 (0xa7d20893) addi    a7, tp, -1411
core   0: 3 0x80006570 (0xa7d20893) x17 0xfffffa80
core   0: 0x80006574 (0x41a081b3) sub     gp, ra, s10
core   0: 3 0x80006574 (0x41a081b3) x 3 0x8466808a
core   0: 0x80006578 (0x81fff993) andi    s3, t6, -2017
core   0: 3 0x80006578 (0x81fff993) x19 0x00000000
core   0: 0x8000657c (0x40da5633) sra     a2, s4, a3
core   0: 3 0x8000657c (0x40da5633) x12 0x00000000
core   0: 0x80006580 (0x001650b3) srl     ra, a2, ra
core   0: 3 0x80006580 (0x001650b3) x 1 0x00000000
core   0: 0x80006584 (0x86dca913) slti    s2, s9, -1939
core   0: 3 0x80006584 (0x86dca913) x18 0x00000000
core   0: 0x80006588 (0x418f5813) srai    a6, t5, 24
core   0: 3 0x80006588 (0x418f5813) x16 0xffffffff
core   0: 0x8000658c (0x01779533) sll     a0, a5, s7
core   0: 3 0x8000658c (0x01779533) x10 0x00000000
core   0: 0x80006590 (0x03372233) mulhsu  tp, a4, s3
core   0: 3 0x80006590 (0x03372233) x 4 0x00000000
core   0: 0x80006594 (0x03434c33) div     s8, t1, s4
core   0: 3 0x80006594 (0x03434c33) x24 0xffffffff
core   0: 0x80006598 (0x0339aab3) mulhsu  s5, s3, s3
core   0: 3 0x80006598 (0x0339aab3) x21 0x00000000
core   0: 0x8000659c (0x00b7a433) slt     s0, a5, a1
core   0: 3 0x8000659c (0x00b7a433) x 8 0x00000000
core   0: 0x800065a0 (0x037e5533) divu    a0, t3, s7
core   0: 3 0x800065a0 (0x037e5533) x10 0x7966808b
core   0: 0x800065a4 (0x026a7bb3) remu    s7, s4, t1
core   0: 3 0x800065a4 (0x026a7bb3) x23 0x00000000
core   0: 0x800065a8 (0x01e88ab3) add     s5, a7, t5
core   0: 3 0x800065a8 (0x01e88ab3) x21 0xfffff778
core   0: 0x800065ac (0x417c8f33) sub     t5, s9, s7
core   0: 3 0x800065ac (0x417c8f33) x30 0x0000003d
core   0: 0x800065b0 (0x015504b3) add     s1, a0, s5
core   0: 3 0x800065b0 (0x015504b3) x 9 0x79667803
core   0: 0x800065b4 (0x01b111b3) sll     gp, sp, s11
core   0: 3 0x800065b4 (0x01b111b3) x 3 0x80014e64
core   0: 0x800065b8 (0x00b5a833) slt     a6, a1, a1
core   0: 3 0x800065b8 (0x00b5a833) x16 0x00000000
core   0: 0x800065bc (0x402cd533) sra     a0, s9, sp
core   0: 3 0x800065bc (0x402cd533) x10 0x00000003
core   0: 0x800065c0 (0x01ce7933) and     s2, t3, t3
core   0: 3 0x800065c0 (0x01ce7933) x18 0x7966808b
core   0: 0x800065c4 (0x711d8793) addi    a5, s11, 1809
core   0: 3 0x800065c4 (0x711d8793) x15 0x00000711
core   0: 0x800065c8 (0x0065fe33) and     t3, a1, t1
core   0: 3 0x800065c8 (0x0065fe33) x28 0x00000000
core   0: 0x800065cc (0x010e55b3) srl     a1, t3, a6
core   0: 3 0x800065cc (0x010e55b3) x11 0x00000000
core   0: 0x800065d0 (0x02bca333) mulhsu  t1, s9, a1
core   0: 3 0x800065d0 (0x02bca333) x 6 0x00000000
core   0: 0x800065d4 (0x01667db3) and     s11, a2, s6
core   0: 3 0x800065d4 (0x01667db3) x27 0x00000000
core   0: 0x800065d8 (0x01f9d693) srli    a3, s3, 31
core   0: 3 0x800065d8 (0x01f9d693) x13 0x00000000
core   0: 0x800065dc (0x41dcda33) sra     s4, s9, t4
core   0: 3 0x800065dc (0x41dcda33) x20 0x0000003d
core   0: 0x800065e0 (0xe1c78b93) addi    s7, a5, -484
core   0: 3 0x800065e0 (0xe1c78b93) x23 0x0000052d
core   0: 0x800065e4 (0x03b148b3) div     a7, sp, s11
core   0: 3 0x800065e4 (0x03b148b3) x17 0xffffffff
core   0: 0x800065e8 (0x032e6b33) rem     s6, t3, s2
core   0: 3 0x800065e8 (0x032e6b33) x22 0x00000000
core   0: 0x800065ec (0x028e25b3) mulhsu  a1, t3, s0
core   0: 3 0x800065ec (0x028e25b3) x11 0x00000000
core   0: 0x800065f0 (0x28be0893) addi    a7, t3, 651
core   0: 3 0x800065f0 (0x28be0893) x17 0x0000028b
core   0: 0x800065f4 (0x0129f7b3) and     a5, s3, s2
core   0: 3 0x800065f4 (0x0129f7b3) x15 0x00000000
core   0: 0x800065f8 (0x4f16ad13) slti    s10, a3, 1265
core   0: 3 0x800065f8 (0x4f16ad13) x26 0x00000001
core   0: 0x800065fc (0x008f8333) add     t1, t6, s0
core   0: 3 0x800065fc (0x008f8333) x 6 0x00000000
core   0: 0x80006600 (0x6b727513) andi    a0, tp, 1719
core   0: 3 0x80006600 (0x6b727513) x10 0x00000000
core   0: 0x80006604 (0x00807e33) and     t3, zero, s0
core   0: 3 0x80006604 (0x00807e33) x28 0x00000000
core   0: 0x80006608 (0x2983fe93) andi    t4, t2, 664
core   0: 3 0x80006608 (0x2983fe93) x29 0x00000200
core   0: 0x8000660c (0x03887ab3) remu    s5, a6, s8
core   0: 3 0x8000660c (0x03887ab3) x21 0x00000000
core   0: 0x80006610 (0x40155393) srai    t2, a0, 1
core   0: 3 0x80006610 (0x40155393) x 7 0x00000000
core   0: 0x80006614 (0x00000013) nop
core   0: 3 0x80006614 (0x00000013)
core   0: 0x80006618 (0x01f4da33) srl     s4, s1, t6
core   0: 3 0x80006618 (0x01f4da33) x20 0x79667803
core   0: 0x8000661c (0x02255533) divu    a0, a0, sp
core   0: 3 0x8000661c (0x02255533) x10 0x00000000
core   0: 0x80006620 (0x22e80893) addi    a7, a6, 558
core   0: 3 0x80006620 (0x22e80893) x17 0x0000022e
core   0: 0x80006624 (0x4c9c4e13) xori    t3, s8, 1225
core   0: 3 0x80006624 (0x4c9c4e13) x28 0xfffffb36
core   0: 0x80006628 (0x41480533) sub     a0, a6, s4
core   0: 3 0x80006628 (0x41480533) x10 0x869987fd
core   0: 0x8000662c (0x00000013) nop
core   0: 3 0x8000662c (0x00000013)
core   0: 0x80006630 (0x9f971f17) auipc   t5, 0x9f971
core   0: 3 0x80006630 (0x9f971f17) x30 0x1f977630
core   0: 0x80006634 (0xf442b213) sltiu   tp, t0, -188
core   0: 3 0x80006634 (0xf442b213) x 4 0x00000001
core   0: 0x80006638 (0xa19b0e93) addi    t4, s6, -1511
core   0: 3 0x80006638 (0xa19b0e93) x29 0xfffffa19
core   0: 0x8000663c (0x02bfe5b3) rem     a1, t6, a1
core   0: 3 0x8000663c (0x02bfe5b3) x11 0x00000000
core   0: 0x80006640 (0x029a2533) mulhsu  a0, s4, s1
core   0: 3 0x80006640 (0x029a2533) x10 0x39920676
core   0: 0x80006644 (0x036bcfb3) div     t6, s7, s6
core   0: 3 0x80006644 (0x036bcfb3) x31 0xffffffff
core   0: 0x80006648 (0x414c8433) sub     s0, s9, s4
core   0: 3 0x80006648 (0x414c8433) x 8 0x8699883a
core   0: 0x8000664c (0x02f5af33) mulhsu  t5, a1, a5
core   0: 3 0x8000664c (0x02f5af33) x30 0x00000000
core   0: 0x80006650 (0x375e4313) xori    t1, t3, 885
core   0: 3 0x80006650 (0x375e4313) x 6 0xfffff843
core   0: 0x80006654 (0x5e5ca3b7) lui     t2, 0x5e5ca
core   0: 3 0x80006654 (0x5e5ca3b7) x 7 0x5e5ca000
core   0: 0x80006658 (0x391ce593) ori     a1, s9, 913
core   0: 3 0x80006658 (0x391ce593) x11 0x000003bd
core   0: 0x8000665c (0x03bdba33) mulhu   s4, s11, s11
core   0: 3 0x8000665c (0x03bdba33) x20 0x00000000
core   0: 0x80006660 (0x00000013) nop
core   0: 3 0x80006660 (0x00000013)
core   0: 0x80006664 (0x40145d33) sra     s10, s0, ra
core   0: 3 0x80006664 (0x40145d33) x26 0x8699883a
core   0: 0x80006668 (0x4c4fa493) slti    s1, t6, 1220
core   0: 3 0x80006668 (0x4c4fa493) x 9 0x00000001
core   0: 0x8000666c (0x03ec9d33) mulh    s10, s9, t5
core   0: 3 0x8000666c (0x03ec9d33) x26 0x00000000
core   0: 0x80006670 (0x003ab033) sltu    zero, s5, gp
core   0: 3 0x80006670 (0x003ab033)
core   0: 0x80006674 (0x01ba0f33) add     t5, s4, s11
core   0: 3 0x80006674 (0x01ba0f33) x30 0x00000000
core   0: 0x80006678 (0xec943613) sltiu   a2, s0, -311
core   0: 3 0x80006678 (0xec943613) x12 0x00000001
core   0: 0x8000667c (0x008f6433) or      s0, t5, s0
core   0: 3 0x8000667c (0x008f6433) x 8 0x8699883a
core   0: 0x80006680 (0x015d74b3) and     s1, s10, s5
core   0: 3 0x80006680 (0x015d74b3) x 9 0x00000000
core   0: 0x80006684 (0xbeb4c313) xori    t1, s1, -1045
core   0: 3 0x80006684 (0xbeb4c313) x 6 0xfffffbeb
core   0: 0x80006688 (0x02615033) divu    zero, sp, t1
core   0: 3 0x80006688 (0x02615033)
core   0: 0x8000668c (0x00775f33) srl     t5, a4, t2
core   0: 3 0x8000668c (0x00775f33) x30 0x80018ce4
core   0: 0x80006690 (0x01436933) or      s2, t1, s4
core   0: 3 0x80006690 (0x01436933) x18 0xfffffbeb
core   0: 0x80006694 (0x400ddc33) sra     s8, s11, zero
core   0: 3 0x80006694 (0x400ddc33) x24 0x00000000
core   0: 0x80006698 (0x036946b3) div     a3, s2, s6
core   0: 3 0x80006698 (0x036946b3) x13 0xffffffff
core   0: 0x8000669c (0x00b4f0b3) and     ra, s1, a1
core   0: 3 0x8000669c (0x00b4f0b3) x 1 0x00000000
core   0: 0x800066a0 (0x0202e3b3) rem     t2, t0, zero
core   0: 3 0x800066a0 (0x0202e3b3) x 7 0xf6416d2c
core   0: 0x800066a4 (0x01c8f333) and     t1, a7, t3
core   0: 3 0x800066a4 (0x01c8f333) x 6 0x00000226
core   0: 0x800066a8 (0xb80b1c97) auipc   s9, 0xb80b1
core   0: 3 0x800066a8 (0xb80b1c97) x25 0x380b76a8
core   0: 0x800066ac (0x639f7813) andi    a6, t5, 1593
core   0: 3 0x800066ac (0x639f7813) x16 0x00000420
core   0: 0x800066b0 (0x00971a93) slli    s5, a4, 9
core   0: 3 0x800066b0 (0x00971a93) x21 0x0319c800
core   0: 0x800066b4 (0x406e5513) srai    a0, t3, 6
core   0: 3 0x800066b4 (0x406e5513) x10 0xffffffec
core   0: 0x800066b8 (0x00950fb3) add     t6, a0, s1
core   0: 3 0x800066b8 (0x00950fb3) x31 0xffffffec
core   0: 0x800066bc (0x40785d93) srai    s11, a6, 7
core   0: 3 0x800066bc (0x40785d93) x27 0x00000008
core   0: 0x800066c0 (0x01b29a93) slli    s5, t0, 27
core   0: 3 0x800066c0 (0x01b29a93) x21 0x60000000
core   0: 0x800066c4 (0x009b7b33) and     s6, s6, s1
core   0: 3 0x800066c4 (0x009b7b33) x22 0x00000000
core   0: 0x800066c8 (0x455ac393) xori    t2, s5, 1109
core   0: 3 0x800066c8 (0x455ac393) x 7 0x60000455
core   0: 0x800066cc (0x014cf8b3) and     a7, s9, s4
core   0: 3 0x800066cc (0x014cf8b3) x17 0x00000000
core   0: 0x800066d0 (0x02b5bf33) mulhu   t5, a1, a1
core   0: 3 0x800066d0 (0x02b5bf33) x30 0x00000000
core   0: 0x800066d4 (0x07026213) ori     tp, tp, 112
core   0: 3 0x800066d4 (0x07026213) x 4 0x00000071
core   0: 0x800066d8 (0x006a9cb3) sll     s9, s5, t1
core   0: 3 0x800066d8 (0x006a9cb3) x25 0x00000000
core   0: 0x800066dc (0x4afc2d13) slti    s10, s8, 1199
core   0: 3 0x800066dc (0x4afc2d13) x26 0x00000001
core   0: 0x800066e0 (0x30702617) auipc   a2, 0x30702
core   0: 3 0x800066e0 (0x30702617) x12 0xb07086e0
core   0: 0x800066e4 (0x01e203b3) add     t2, tp, t5
core   0: 3 0x800066e4 (0x01e203b3) x 7 0x00000071
core   0: 0x800066e8 (0x03c17b33) remu    s6, sp, t3
core   0: 3 0x800066e8 (0x03c17b33) x22 0x80014e64
core   0: 0x800066ec (0x03a2d633) divu    a2, t0, s10
core   0: 3 0x800066ec (0x03a2d633) x12 0xf6416d2c
core   0: 0x800066f0 (0x4ca6a893) slti    a7, a3, 1226
core   0: 3 0x800066f0 (0x4ca6a893) x17 0x00000001
core   0: 0x800066f4 (0x01a1de33) srl     t3, gp, s10
core   0: 3 0x800066f4 (0x01a1de33) x28 0x4000a732
core   0: 0x800066f8 (0x0dfdc3b7) lui     t2, 0xdfdc
core   0: 3 0x800066f8 (0x0dfdc3b7) x 7 0x0dfdc000
core   0: 0x800066fc (0x001a3db3) sltu    s11, s4, ra
core   0: 3 0x800066fc (0x001a3db3) x27 0x00000000
core   0: 0x80006700 (0x01eef033) and     zero, t4, t5
core   0: 3 0x80006700 (0x01eef033)
core   0: 0x80006704 (0x00389db3) sll     s11, a7, gp
core   0: 3 0x80006704 (0x00389db3) x27 0x00000010
core   0: 0x80006708 (0x0122b833) sltu    a6, t0, s2
core   0: 3 0x80006708 (0x0122b833) x16 0x00000001
core   0: 0x8000670c (0x02d2e3b3) rem     t2, t0, a3
core   0: 3 0x8000670c (0x02d2e3b3) x 7 0x00000000
core   0: 0x80006710 (0xc5de6313) ori     t1, t3, -931
core   0: 3 0x80006710 (0xc5de6313) x 6 0xffffff7f
core   0: 0x80006714 (0x00eb0ab3) add     s5, s6, a4
core   0: 3 0x80006714 (0x00eb0ab3) x21 0x0002db48
core   0: 0x80006718 (0xfcdef613) andi    a2, t4, -51
core   0: 3 0x80006718 (0xfcdef613) x12 0xfffffa09
core   0: 0x8000671c (0x01f91793) slli    a5, s2, 31
core   0: 3 0x8000671c (0x01f91793) x15 0x80000000
core   0: 0x80006720 (0x41e0d8b3) sra     a7, ra, t5
core   0: 3 0x80006720 (0x41e0d8b3) x17 0x00000000
core   0: 0x80006724 (0xa85b6f93) ori     t6, s6, -1403
core   0: 3 0x80006724 (0xa85b6f93) x31 0xfffffee5
core   0: 0x80006728 (0x014ac913) xori    s2, s5, 20
core   0: 3 0x80006728 (0x014ac913) x18 0x0002db5c
core   0: 0x8000672c (0x409fd9b3) sra     s3, t6, s1
core   0: 3 0x8000672c (0x409fd9b3) x19 0xfffffee5
core   0: 0x80006730 (0x00e92db3) slt     s11, s2, a4
core   0: 3 0x80006730 (0x00e92db3) x27 0x00000000
core   0: 0x80006734 (0x02781eb7) lui     t4, 0x2781
core   0: 3 0x80006734 (0x02781eb7) x29 0x02781000
core   0: 0x80006738 (0x0060a533) slt     a0, ra, t1
core   0: 3 0x80006738 (0x0060a533) x10 0x00000000
core   0: 0x8000673c (0x79a72c13) slti    s8, a4, 1946
core   0: 3 0x8000673c (0x79a72c13) x24 0x00000001
core   0: 0x80006740 (0x411ed5b3) sra     a1, t4, a7
core   0: 3 0x80006740 (0x411ed5b3) x11 0x02781000
core   0: 0x80006744 (0x029944b3) div     s1, s2, s1
core   0: 3 0x80006744 (0x029944b3) x 9 0xffffffff
core   0: 0x80006748 (0x76296613) ori     a2, s2, 1890
core   0: 3 0x80006748 (0x76296613) x12 0x0002df7e
core   0: 0x8000674c (0xebbb7197) auipc   gp, 0xebbb7
core   0: 3 0x8000674c (0xebbb7197) x 3 0x6bbbd74c
core   0: 0x80006750 (0x02b877b3) remu    a5, a6, a1
core   0: 3 0x80006750 (0x02b877b3) x15 0x00000001
core   0: 0x80006754 (0x0200e5b3) rem     a1, ra, zero
core   0: 3 0x80006754 (0x0200e5b3) x11 0x00000000
core   0: 0x80006758 (0x023056b3) divu    a3, zero, gp
core   0: 3 0x80006758 (0x023056b3) x13 0x00000000
core   0: 0x8000675c (0x4ca54693) xori    a3, a0, 1226
core   0: 3 0x8000675c (0x4ca54693) x13 0x000004ca
core   0: 0x80006760 (0x40645233) sra     tp, s0, t1
core   0: 3 0x80006760 (0x40645233) x 4 0xffffffff
core   0: 0x80006764 (0xe27acd13) xori    s10, s5, -473
core   0: 3 0x80006764 (0xe27acd13) x26 0xfffd256f
core   0: 0x80006768 (0x05fdcd93) xori    s11, s11, 95
core   0: 3 0x80006768 (0x05fdcd93) x27 0x0000005f
core   0: 0x8000676c (0x01a96533) or      a0, s2, s10
core   0: 3 0x8000676c (0x01a96533) x10 0xffffff7f
core   0: 0x80006770 (0x40e880b3) sub     ra, a7, a4
core   0: 3 0x80006770 (0x40e880b3) x 1 0x7ffe731c
core   0: 0x80006774 (0x02b35d33) divu    s10, t1, a1
core   0: 3 0x80006774 (0x02b35d33) x26 0xffffffff
core   0: 0x80006778 (0x4b870513) addi    a0, a4, 1208
core   0: 3 0x80006778 (0x4b870513) x10 0x8001919c
core   0: 0x8000677c (0x39804813) xori    a6, zero, 920
core   0: 3 0x8000677c (0x39804813) x16 0x00000398
core   0: 0x80006780 (0x005bcab3) xor     s5, s7, t0
core   0: 3 0x80006780 (0x005bcab3) x21 0xf6416801
core   0: 0x80006784 (0x7f027593) andi    a1, tp, 2032
core   0: 3 0x80006784 (0x7f027593) x11 0x000007f0
core   0: 0x80006788 (0x41934313) xori    t1, t1, 1049
core   0: 3 0x80006788 (0x41934313) x 6 0xfffffb66
core   0: 0x8000678c (0x4065d613) srai    a2, a1, 6
core   0: 3 0x8000678c (0x4065d613) x12 0x0000001f
core   0: 0x80006790 (0x027a2d33) mulhsu  s10, s4, t2
core   0: 3 0x80006790 (0x027a2d33) x26 0x00000000
core   0: 0x80006794 (0x076a3a17) auipc   s4, 0x76a3
core   0: 3 0x80006794 (0x076a3a17) x20 0x876a9794
core   0: 0x80006798 (0x02172333) mulhsu  t1, a4, ra
core   0: 3 0x80006798 (0x02172333) x 6 0xc0018ce1
core   0: 0x8000679c (0x026b5b33) divu    s6, s6, t1
core   0: 3 0x8000679c (0x026b5b33) x22 0x00000000
core   0: 0x800067a0 (0x00a5c4b3) xor     s1, a1, a0
core   0: 3 0x800067a0 (0x00a5c4b3) x 9 0x8001966c
core   0: 0x800067a4 (0x00000013) nop
core   0: 3 0x800067a4 (0x00000013)
core   0: 0x800067a8 (0x008d84b3) add     s1, s11, s0
core   0: 3 0x800067a8 (0x008d84b3) x 9 0x86998899
core   0: 0x800067ac (0x071ef213) andi    tp, t4, 113
core   0: 3 0x800067ac (0x071ef213) x 4 0x00000000
core   0: 0x800067b0 (0x019556b3) srl     a3, a0, s9
core   0: 3 0x800067b0 (0x019556b3) x13 0x8001919c
core   0: 0x800067b4 (0x44313193) sltiu   gp, sp, 1091
core   0: 3 0x800067b4 (0x44313193) x 3 0x00000000
core   0: 0x800067b8 (0xfd310613) addi    a2, sp, -45
core   0: 3 0x800067b8 (0xfd310613) x12 0x80014e37
core   0: 0x800067bc (0xe46d8e93) addi    t4, s11, -442
core   0: 3 0x800067bc (0xe46d8e93) x29 0xfffffea5
core   0: 0x800067c0 (0x01dbbd33) sltu    s10, s7, t4
core   0: 3 0x800067c0 (0x01dbbd33) x26 0x00000001
core   0: 0x800067c4 (0x00098bb3) add     s7, s3, zero
core   0: 3 0x800067c4 (0x00098bb3) x23 0xfffffee5
core   0: 0x800067c8 (0x01e3d333) srl     t1, t2, t5
core   0: 3 0x800067c8 (0x01e3d333) x 6 0x00000000
core   0: 0x800067cc (0x01f61813) slli    a6, a2, 31
core   0: 3 0x800067cc (0x01f61813) x16 0x80000000
core   0: 0x800067d0 (0xdfcbaf13) slti    t5, s7, -516
core   0: 3 0x800067d0 (0xdfcbaf13) x30 0x00000000
core   0: 0x800067d4 (0x00c689b3) add     s3, a3, a2
core   0: 3 0x800067d4 (0x00c689b3) x19 0x0002dfd3
core   0: 0x800067d8 (0x7effbb13) sltiu   s6, t6, 2031
core   0: 3 0x800067d8 (0x7effbb13) x22 0x00000000
core   0: 0x800067dc (0x01597333) and     t1, s2, s5
core   0: 3 0x800067dc (0x01597333) x 6 0x00004800
core   0: 0x800067e0 (0xfc76b413) sltiu   s0, a3, -57
core   0: 3 0x800067e0 (0xfc76b413) x 8 0x00000001
core   0: 0x800067e4 (0x03c8e6b3) rem     a3, a7, t3
core   0: 3 0x800067e4 (0x03c8e6b3) x13 0x00000000
core   0: 0x800067e8 (0x015bf4b3) and     s1, s7, s5
core   0: 3 0x800067e8 (0x015bf4b3) x 9 0xf6416801
core   0: 0x800067ec (0xe0028493) addi    s1, t0, -512
core   0: 3 0x800067ec (0xe0028493) x 9 0xf6416b2c
core   0: 0x800067f0 (0x56118313) addi    t1, gp, 1377
core   0: 3 0x800067f0 (0x56118313) x 6 0x00000561
core   0: 0x800067f4 (0x00c41493) slli    s1, s0, 12
core   0: 3 0x800067f4 (0x00c41493) x 9 0x00001000
core   0: 0x800067f8 (0x007961b3) or      gp, s2, t2
core   0: 3 0x800067f8 (0x007961b3) x 3 0x0002db5c
core   0: 0x800067fc (0x02ebbe33) mulhu   t3, s7, a4
core   0: 3 0x800067fc (0x02ebbe33) x28 0x80018c56
core   0: 0x80006800 (0x01937c33) and     s8, t1, s9
core   0: 3 0x80006800 (0x01937c33) x24 0x00000000
core   0: 0x80006804 (0x00000013) nop
core   0: 3 0x80006804 (0x00000013)
core   0: 0x80006808 (0x015d5313) srli    t1, s10, 21
core   0: 3 0x80006808 (0x015d5313) x 6 0x00000000
core   0: 0x8000680c (0x00632a33) slt     s4, t1, t1
core   0: 3 0x8000680c (0x00632a33) x20 0x00000000
core   0: 0x80006810 (0x033fb933) mulhu   s2, t6, s3
core   0: 3 0x80006810 (0x033fb933) x18 0x0002dfd2
core   0: 0x80006814 (0x01074433) xor     s0, a4, a6
core   0: 3 0x80006814 (0x01074433) x 8 0x00018ce4
core   0: 0x80006818 (0x03663033) mulhu   zero, a2, s6
core   0: 3 0x80006818 (0x03663033)
core   0: 0x8000681c (0x027a40b3) div     ra, s4, t2
core   0: 3 0x8000681c (0x027a40b3) x 1 0xffffffff
core   0: 0x80006820 (0x605e6393) ori     t2, t3, 1541
core   0: 3 0x80006820 (0x605e6393) x 7 0x80018e57
core   0: 0x80006824 (0x00f6dfb3) srl     t6, a3, a5
core   0: 3 0x80006824 (0x00f6dfb3) x31 0x00000000
core   0: 0x80006828 (0x01a1d993) srli    s3, gp, 26
core   0: 3 0x80006828 (0x01a1d993) x19 0x00000000
core   0: 0x8000682c (0x00000013) nop
core   0: 3 0x8000682c (0x00000013)
core   0: 0x80006830 (0xdac4f893) andi    a7, s1, -596
core   0: 3 0x80006830 (0xdac4f893) x17 0x00001000
core   0: 0x80006834 (0x40725893) srai    a7, tp, 7
core   0: 3 0x80006834 (0x40725893) x17 0x00000000
core   0: 0x80006838 (0x410907b3) sub     a5, s2, a6
core   0: 3 0x80006838 (0x410907b3) x15 0x8002dfd2
core   0: 0x8000683c (0x01bc8033) add     zero, s9, s11
core   0: 3 0x8000683c (0x01bc8033)
core   0: 0x80006840 (0x01a398b3) sll     a7, t2, s10
core   0: 3 0x80006840 (0x01a398b3) x17 0x00031cae
core   0: 0x80006844 (0x028989b3) mul     s3, s3, s0
core   0: 3 0x80006844 (0x028989b3) x19 0x00000000
core   0: 0x80006848 (0x56972c93) slti    s9, a4, 1385
core   0: 3 0x80006848 (0x56972c93) x25 0x00000001
core   0: 0x8000684c (0x6da2f213) andi    tp, t0, 1754
core   0: 3 0x8000684c (0x6da2f213) x 4 0x00000408
core   0: 0x80006850 (0x8f9a3d13) sltiu   s10, s4, -1799
core   0: 3 0x80006850 (0x8f9a3d13) x26 0x00000001
core   0: 0x80006854 (0xacc46917) auipc   s2, 0xacc46
core   0: 3 0x80006854 (0xacc46917) x18 0x2cc4c854
core   0: 0x80006858 (0x01d087b3) add     a5, ra, t4
core   0: 3 0x80006858 (0x01d087b3) x15 0xfffffea4
core   0: 0x8000685c (0x017603b3) add     t2, a2, s7
core   0: 3 0x8000685c (0x017603b3) x 7 0x80014d1c
core   0: 0x80006860 (0x02bb8f33) mul     t5, s7, a1
core   0: 3 0x80006860 (0x02bb8f33) x30 0xfff739b0
core   0: 0x80006864 (0x00935a33) srl     s4, t1, s1
core   0: 3 0x80006864 (0x00935a33) x20 0x00000000
core   0: 0x80006868 (0x02bee5b3) rem     a1, t4, a1
core   0: 3 0x80006868 (0x02bee5b3) x11 0xfffffea5
core   0: 0x8000686c (0xbe4aafb7) lui     t6, 0xbe4aa
core   0: 3 0x8000686c (0xbe4aafb7) x31 0xbe4aa000
core   0: 0x80006870 (0x005de6b3) or      a3, s11, t0
core   0: 3 0x80006870 (0x005de6b3) x13 0xf6416d7f
core   0: 0x80006874 (0x03d1e1b3) rem     gp, gp, t4
core   0: 3 0x80006874 (0x03d1e1b3) x 3 0x000000c3
core   0: 0x80006878 (0x7e908d93) addi    s11, ra, 2025
core   0: 3 0x80006878 (0x7e908d93) x27 0x000007e8
core   0: 0x8000687c (0x039d53b3) divu    t2, s10, s9
core   0: 3 0x8000687c (0x039d53b3) x 7 0x00000001
core   0: 0x80006880 (0xa3112193) slti    gp, sp, -1487
core   0: 3 0x80006880 (0xa3112193) x 3 0x00000001
core   0: 0x80006884 (0x00abb0b3) sltu    ra, s7, a0
core   0: 3 0x80006884 (0x00abb0b3) x 1 0x00000000
core   0: 0x80006888 (0x02ef1833) mulh    a6, t5, a4
core   0: 3 0x80006888 (0x02ef1833) x16 0x0004631a
core   0: 0x8000688c (0x00bf0c33) add     s8, t5, a1
core   0: 3 0x8000688c (0x00bf0c33) x24 0xfff73855
core   0: 0x80006890 (0x008dbc33) sltu    s8, s11, s0
core   0: 3 0x80006890 (0x008dbc33) x24 0x00000001
core   0: 0x80006894 (0xab764eb7) lui     t4, 0xab764
core   0: 3 0x80006894 (0xab764eb7) x29 0xab764000
core   0: 0x80006898 (0x029b5ab3) divu    s5, s6, s1
core   0: 3 0x80006898 (0x029b5ab3) x21 0x00000000
core   0: 0x8000689c (0x028acd33) div     s10, s5, s0
core   0: 3 0x8000689c (0x028acd33) x26 0x00000000
core   0: 0x800068a0 (0x008fdab3) srl     s5, t6, s0
core   0: 3 0x800068a0 (0x008fdab3) x21 0x0be4aa00
core   0: 0x800068a4 (0x262efd13) andi    s10, t4, 610
core   0: 3 0x800068a4 (0x262efd13) x26 0x00000000
core   0: 0x800068a8 (0x58454b93) xori    s7, a0, 1412
core   0: 3 0x800068a8 (0x58454b93) x23 0x80019418
core   0: 0x800068ac (0x026557b3) divu    a5, a0, t1
core   0: 3 0x800068ac (0x026557b3) x15 0xffffffff
core   0: 0x800068b0 (0x41560e33) sub     t3, a2, s5
core   0: 3 0x800068b0 (0x41560e33) x28 0x741ca437
core   0: 0x800068b4 (0x031b1f33) mulh    t5, s6, a7
core   0: 3 0x800068b4 (0x031b1f33) x30 0x00000000
core   0: 0x800068b8 (0x405f89b3) sub     s3, t6, t0
core   0: 3 0x800068b8 (0x405f89b3) x19 0xc80932d4
core   0: 0x800068bc (0x038fb433) mulhu   s0, t6, s8
core   0: 3 0x800068bc (0x038fb433) x 8 0x00000000
core   0: 0x800068c0 (0x01585bb3) srl     s7, a6, s5
core   0: 3 0x800068c0 (0x01585bb3) x23 0x0004631a
core   0: 0x800068c4 (0x0220ee33) rem     t3, ra, sp
core   0: 3 0x800068c4 (0x0220ee33) x28 0x00000000
core   0: 0x800068c8 (0x00b006b3) add     a3, zero, a1
core   0: 3 0x800068c8 (0x00b006b3) x13 0xfffffea5
core   0: 0x800068cc (0x03088833) mul     a6, a7, a6
core   0: 3 0x800068cc (0x03088833) x16 0xa72033ac
core   0: 0x800068d0 (0x02489cb3) mulh    s9, a7, tp
core   0: 3 0x800068d0 (0x02489cb3) x25 0x00000000
core   0: 0x800068d4 (0x00fe9333) sll     t1, t4, a5
core   0: 3 0x800068d4 (0x00fe9333) x 6 0x00000000
core   0: 0x800068d8 (0x0124db33) srl     s6, s1, s2
core   0: 3 0x800068d8 (0x0124db33) x22 0x00000000
core   0: 0x800068dc (0x002ab1b3) sltu    gp, s5, sp
core   0: 3 0x800068dc (0x002ab1b3) x 3 0x00000001
core   0: 0x800068e0 (0x00000013) nop
core   0: 3 0x800068e0 (0x00000013)
core   0: 0x800068e4 (0x410c83b3) sub     t2, s9, a6
core   0: 3 0x800068e4 (0x410c83b3) x 7 0x58dfcc54
core   0: 0x800068e8 (0x024f6393) ori     t2, t5, 36
core   0: 3 0x800068e8 (0x024f6393) x 7 0x00000024
core   0: 0x800068ec (0x56e79d37) lui     s10, 0x56e79
core   0: 3 0x800068ec (0x56e79d37) x26 0x56e79000
core   0: 0x800068f0 (0xe752e937) lui     s2, 0xe752e
core   0: 3 0x800068f0 (0xe752e937) x18 0xe752e000
core   0: 0x800068f4 (0xc6518397) auipc   t2, 0xc6518
core   0: 3 0x800068f4 (0xc6518397) x 7 0x4651e8f4
core   0: 0x800068f8 (0xa531a797) auipc   a5, 0xa531a
core   0: 3 0x800068f8 (0xa531a797) x15 0x253208f8
core   0: 0x800068fc (0x027df533) remu    a0, s11, t2
core   0: 3 0x800068fc (0x027df533) x10 0x000007e8
core   0: 0x80006900 (0x03fa0833) mul     a6, s4, t6
core   0: 3 0x80006900 (0x03fa0833) x16 0x00000000
core   0: 0x80006904 (0x03f8acb3) mulhsu  s9, a7, t6
core   0: 3 0x80006904 (0x03f8acb3) x25 0x00025031
core   0: 0x80006908 (0x001d1593) slli    a1, s10, 1
core   0: 3 0x80006908 (0x001d1593) x11 0xadcf2000
core   0: 0x8000690c (0x01525313) srli    t1, tp, 21
core   0: 3 0x8000690c (0x01525313) x 6 0x00000000
core   0: 0x80006910 (0x036c3fb3) mulhu   t6, s8, s6
core   0: 3 0x80006910 (0x036c3fb3) x31 0x00000000
core   0: 0x80006914 (0x0119d3b3) srl     t2, s3, a7
core   0: 3 0x80006914 (0x0119d3b3) x 7 0x00032024
core   0: 0x80006918 (0x015167b3) or      a5, sp, s5
core   0: 3 0x80006918 (0x015167b3) x15 0x8be5ee64
core   0: 0x8000691c (0x032bcc33) div     s8, s7, s2
core   0: 3 0x8000691c (0x032bcc33) x24 0x00000000
core   0: 0x80006920 (0x9e7eb917) auipc   s2, 0x9e7eb
core   0: 3 0x80006920 (0x9e7eb917) x18 0x1e7f1920
core   0: 0x80006924 (0x419dde93) srai    t4, s11, 25
core   0: 3 0x80006924 (0x419dde93) x29 0x00000000
core   0: 0x80006928 (0x01f42cb3) slt     s9, s0, t6
core   0: 3 0x80006928 (0x01f42cb3) x25 0x00000000
core   0: 0x8000692c (0x004ab9b3) sltu    s3, s5, tp
core   0: 3 0x8000692c (0x004ab9b3) x19 0x00000000
core   0: 0x80006930 (0x032e37b3) mulhu   a5, t3, s2
core   0: 3 0x80006930 (0x032e37b3) x15 0x00000000
core   0: 0x80006934 (0x01ba6fb3) or      t6, s4, s11
core   0: 3 0x80006934 (0x01ba6fb3) x31 0x000007e8
core   0: 0x80006938 (0xbdf9bf13) sltiu   t5, s3, -1057
core   0: 3 0x80006938 (0xbdf9bf13) x30 0x00000001
core   0: 0x8000693c (0x025de6b3) rem     a3, s11, t0
core   0: 3 0x8000693c (0x025de6b3) x13 0x000007e8
core   0: 0x80006940 (0x01c6dbb3) srl     s7, a3, t3
core   0: 3 0x80006940 (0x01c6dbb3) x23 0x000007e8
core   0: 0x80006944 (0x01b533b3) sltu    t2, a0, s11
core   0: 3 0x80006944 (0x01b533b3) x 7 0x00000000
core   0: 0x80006948 (0x40c35f33) sra     t5, t1, a2
core   0: 3 0x80006948 (0x40c35f33) x30 0x00000000
core   0: 0x8000694c (0x40f55213) srai    tp, a0, 15
core   0: 3 0x8000694c (0x40f55213) x 4 0x00000000
core   0: 0x80006950 (0x40438f33) sub     t5, t2, tp
core   0: 3 0x80006950 (0x40438f33) x30 0x00000000
core   0: 0x80006954 (0x40e25933) sra     s2, tp, a4
core   0: 3 0x80006954 (0x40e25933) x18 0x00000000
core   0: 0x80006958 (0x002f4bb3) xor     s7, t5, sp
core   0: 3 0x80006958 (0x002f4bb3) x23 0x80014e64
core   0: 0x8000695c (0x2364cb93) xori    s7, s1, 566
core   0: 3 0x8000695c (0x2364cb93) x23 0x00001236
core   0: 0x80006960 (0x0190d0b3) srl     ra, ra, s9
core   0: 3 0x80006960 (0x0190d0b3) x 1 0x00000000
core   0: 0x80006964 (0x01753033) sltu    zero, a0, s7
core   0: 3 0x80006964 (0x01753033)
core   0: 0x80006968 (0x0146d893) srli    a7, a3, 20
core   0: 3 0x80006968 (0x0146d893) x17 0x00000000
core   0: 0x8000696c (0xba206f13) ori     t5, zero, -1118
core   0: 3 0x8000696c (0xba206f13) x30 0xfffffba2
core   0: 0x80006970 (0x415dd193) srai    gp, s11, 21
core   0: 3 0x80006970 (0x415dd193) x 3 0x00000000
core   0: 0x80006974 (0x41dc5033) sra     zero, s8, t4
core   0: 3 0x80006974 (0x41dc5033)
core   0: 0x80006978 (0x493db993) sltiu   s3, s11, 1171
core   0: 3 0x80006978 (0x493db993) x19 0x00000000
core   0: 0x8000697c (0x034dc833) div     a6, s11, s4
core   0: 3 0x8000697c (0x034dc833) x16 0xffffffff
core   0: 0x80006980 (0x62340b13) addi    s6, s0, 1571
core   0: 3 0x80006980 (0x62340b13) x22 0x00000623
core   0: 0x80006984 (0x02e44f33) div     t5, s0, a4
core   0: 3 0x80006984 (0x02e44f33) x30 0x00000000
core   0: 0x80006988 (0x01489633) sll     a2, a7, s4
core   0: 3 0x80006988 (0x01489633) x12 0x00000000
core   0: 0x8000698c (0x031f0d33) mul     s10, t5, a7
core   0: 3 0x8000698c (0x031f0d33) x26 0x00000000
core   0: 0x80006990 (0xe978ab37) lui     s6, 0xe978a
core   0: 3 0x80006990 (0xe978ab37) x22 0xe978a000
core   0: 0x80006994 (0x03288933) mul     s2, a7, s2
core   0: 3 0x80006994 (0x03288933) x18 0x00000000
core   0: 0x80006998 (0x037f3bb3) mulhu   s7, t5, s7
core   0: 3 0x80006998 (0x037f3bb3) x23 0x00000000
core   0: 0x8000699c (0x360e3317) auipc   t1, 0x360e3
core   0: 3 0x8000699c (0x360e3317) x 6 0xb60e999c
core   0: 0x800069a0 (0x03f349b3) div     s3, t1, t6
core   0: 3 0x800069a0 (0x03f349b3) x19 0xfff6a5c5
core   0: 0x800069a4 (0xb04f9b97) auipc   s7, 0xb04f9
core   0: 3 0x800069a4 (0xb04f9b97) x23 0x304ff9a4
core   0: 0x800069a8 (0x01dd25b3) slt     a1, s10, t4
core   0: 3 0x800069a8 (0x01dd25b3) x11 0x00000000
core   0: 0x800069ac (0x017c1533) sll     a0, s8, s7
core   0: 3 0x800069ac (0x017c1533) x10 0x00000000
core   0: 0x800069b0 (0x03dc0b33) mul     s6, s8, t4
core   0: 3 0x800069b0 (0x03dc0b33) x22 0x00000000
core   0: 0x800069b4 (0x005dab33) slt     s6, s11, t0
core   0: 3 0x800069b4 (0x005dab33) x22 0x00000000
core   0: 0x800069b8 (0x011eaa33) slt     s4, t4, a7
core   0: 3 0x800069b8 (0x011eaa33) x20 0x00000000
core   0: 0x800069bc (0xa2ddbd93) sltiu   s11, s11, -1491
core   0: 3 0x800069bc (0xa2ddbd93) x27 0x00000001
core   0: 0x800069c0 (0x023906b3) mul     a3, s2, gp
core   0: 3 0x800069c0 (0x023906b3) x13 0x00000000
core   0: 0x800069c4 (0x40f95a93) srai    s5, s2, 15
core   0: 3 0x800069c4 (0x40f95a93) x21 0x00000000
core   0: 0x800069c8 (0x01006ab3) or      s5, zero, a6
core   0: 3 0x800069c8 (0x01006ab3) x21 0xffffffff
core   0: 0x800069cc (0x00089db3) sll     s11, a7, zero
core   0: 3 0x800069cc (0x00089db3) x27 0x00000000
core   0: 0x800069d0 (0x8328df97) auipc   t6, 0x8328d
core   0: 3 0x800069d0 (0x8328df97) x31 0x032939d0
core   0: 0x800069d4 (0x00a0ccb3) xor     s9, ra, a0
core   0: 3 0x800069d4 (0x00a0ccb3) x25 0x00000000
core   0: 0x800069d8 (0x0024ba33) sltu    s4, s1, sp
core   0: 3 0x800069d8 (0x0024ba33) x20 0x00000001
core   0: 0x800069dc (0x41eb5493) srai    s1, s6, 30
core   0: 3 0x800069dc (0x41eb5493) x 9 0x00000000
core   0: 0x800069e0 (0x40c95533) sra     a0, s2, a2
core   0: 3 0x800069e0 (0x40c95533) x10 0x00000000
core   0: 0x800069e4 (0x026f1233) mulh    tp, t5, t1
core   0: 3 0x800069e4 (0x026f1233) x 4 0x00000000
core   0: 0x800069e8 (0x35964237) lui     tp, 0x35964
core   0: 3 0x800069e8 (0x35964237) x 4 0x35964000
core   0: 0x800069ec (0x415ddeb3) sra     t4, s11, s5
core   0: 3 0x800069ec (0x415ddeb3) x29 0x00000000
core   0: 0x800069f0 (0x012c5e93) srli    t4, s8, 18
core   0: 3 0x800069f0 (0x012c5e93) x29 0x00000000
core   0: 0x800069f4 (0x009084b3) add     s1, ra, s1
core   0: 3 0x800069f4 (0x009084b3) x 9 0x00000000
core   0: 0x800069f8 (0x02c3feb3) remu    t4, t2, a2
core   0: 3 0x800069f8 (0x02c3feb3) x29 0x00000000
core   0: 0x800069fc (0x03bfb9b3) mulhu   s3, t6, s11
core   0: 3 0x800069fc (0x03bfb9b3) x19 0x00000000
core   0: 0x80006a00 (0x018aa6b3) slt     a3, s5, s8
core   0: 3 0x80006a00 (0x018aa6b3) x13 0x00000001
core   0: 0x80006a04 (0x76197593) andi    a1, s2, 1889
core   0: 3 0x80006a04 (0x76197593) x11 0x00000000
core   0: 0x80006a08 (0x0333ffb3) remu    t6, t2, s3
core   0: 3 0x80006a08 (0x0333ffb3) x31 0x00000000
core   0: 0x80006a0c (0x02af46b3) div     a3, t5, a0
core   0: 3 0x80006a0c (0x02af46b3) x13 0xffffffff
core   0: 0x80006a10 (0x000ce9b3) or      s3, s9, zero
core   0: 3 0x80006a10 (0x000ce9b3) x19 0x00000000
core   0: 0x80006a14 (0x03efc333) div     t1, t6, t5
core   0: 3 0x80006a14 (0x03efc333) x 6 0xffffffff
core   0: 0x80006a18 (0x031ab8b3) mulhu   a7, s5, a7
core   0: 3 0x80006a18 (0x031ab8b3) x17 0x00000000
core   0: 0x80006a1c (0x417c8633) sub     a2, s9, s7
core   0: 3 0x80006a1c (0x417c8633) x12 0xcfb0065c
core   0: 0x80006a20 (0xf205ba93) sltiu   s5, a1, -224
core   0: 3 0x80006a20 (0xf205ba93) x21 0x00000001
core   0: 0x80006a24 (0x96ffaa93) slti    s5, t6, -1681
core   0: 3 0x80006a24 (0x96ffaa93) x21 0x00000000
core   0: 0x80006a28 (0x01312db3) slt     s11, sp, s3
core   0: 3 0x80006a28 (0x01312db3) x27 0x00000001
core   0: 0x80006a2c (0x03463e33) mulhu   t3, a2, s4
core   0: 3 0x80006a2c (0x03463e33) x28 0x00000000
core   0: 0x80006a30 (0x00676eb3) or      t4, a4, t1
core   0: 3 0x80006a30 (0x00676eb3) x29 0xffffffff
core   0: 0x80006a34 (0x40dc55b3) sra     a1, s8, a3
core   0: 3 0x80006a34 (0x40dc55b3) x11 0x00000000
core   0: 0x80006a38 (0x03afa033) mulhsu  zero, t6, s10
core   0: 3 0x80006a38 (0x03afa033)
core   0: 0x80006a3c (0x00573433) sltu    s0, a4, t0
core   0: 3 0x80006a3c (0x00573433) x 8 0x00000001
core   0: 0x80006a40 (0x02e9fab3) remu    s5, s3, a4
core   0: 3 0x80006a40 (0x02e9fab3) x21 0x00000000
core   0: 0x80006a44 (0x02c86f33) rem     t5, a6, a2
core   0: 3 0x80006a44 (0x02c86f33) x30 0xffffffff
core   0: 0x80006a48 (0x00000013) nop
core   0: 3 0x80006a48 (0x00000013)
core   0: 0x80006a4c (0x007a17b3) sll     a5, s4, t2
core   0: 3 0x80006a4c (0x007a17b3) x15 0x00000001
core   0: 0x80006a50 (0x28c32f17) auipc   t5, 0x28c32
core   0: 3 0x80006a50 (0x28c32f17) x30 0xa8c38a50
core   0: 0x80006a54 (0x021949b3) div     s3, s2, ra
core   0: 3 0x80006a54 (0x021949b3) x19 0xffffffff
core   0: 0x80006a58 (0x00740833) add     a6, s0, t2
core   0: 3 0x80006a58 (0x00740833) x16 0x00000001
core   0: 0x80006a5c (0x9b203593) sltiu   a1, zero, -1614
core   0: 3 0x80006a5c (0x9b203593) x11 0x00000001
core   0: 0x80006a60 (0xad1b8d93) addi    s11, s7, -1327
core   0: 3 0x80006a60 (0xad1b8d93) x27 0x304ff475
core   0: 0x80006a64 (0x7922fe93) andi    t4, t0, 1938
core   0: 3 0x80006a64 (0x7922fe93) x29 0x00000500
core   0: 0x80006a68 (0x00350233) add     tp, a0, gp
core   0: 3 0x80006a68 (0x00350233) x 4 0x00000000
core   0: 0x80006a6c (0x40575a33) sra     s4, a4, t0
core   0: 3 0x80006a6c (0x40575a33) x20 0xfff80018
core   0: 0x80006a70 (0x99b10613) addi    a2, sp, -1637
core   0: 3 0x80006a70 (0x99b10613) x12 0x800147ff
core   0: 0x80006a74 (0x5d816093) ori     ra, sp, 1496
core   0: 3 0x80006a74 (0x5d816093) x 1 0x80014ffc
core   0: 0x80006a78 (0x03147eb3) remu    t4, s0, a7
core   0: 3 0x80006a78 (0x03147eb3) x29 0x00000001
core   0: 0x80006a7c (0x025e37b3) mulhu   a5, t3, t0
core   0: 3 0x80006a7c (0x025e37b3) x15 0x00000000
core   0: 0x80006a80 (0x02ffb633) mulhu   a2, t6, a5
core   0: 3 0x80006a80 (0x02ffb633) x12 0x00000000
core   0: 0x80006a84 (0x0337f0b3) remu    ra, a5, s3
core   0: 3 0x80006a84 (0x0337f0b3) x 1 0x00000000
core   0: 0x80006a88 (0x9b333793) sltiu   a5, t1, -1613
core   0: 3 0x80006a88 (0x9b333793) x15 0x00000000
core   0: 0x80006a8c (0x016f9493) slli    s1, t6, 22
core   0: 3 0x80006a8c (0x016f9493) x 9 0x00000000
core   0: 0x80006a90 (0x00a21f93) slli    t6, tp, 10
core   0: 3 0x80006a90 (0x00a21f93) x31 0x00000000
core   0: 0x80006a94 (0x02bcd533) divu    a0, s9, a1
core   0: 3 0x80006a94 (0x02bcd533) x10 0x00000000
core   0: 0x80006a98 (0x1f12e897) auipc   a7, 0x1f12e
core   0: 3 0x80006a98 (0x1f12e897) x17 0x9f134a98
core   0: 0x80006a9c (0x00a9d633) srl     a2, s3, a0
core   0: 3 0x80006a9c (0x00a9d633) x12 0xffffffff
core   0: 0x80006aa0 (0x015dc6b3) xor     a3, s11, s5
core   0: 3 0x80006aa0 (0x015dc6b3) x13 0x304ff475
core   0: 0x80006aa4 (0x03fc7db3) remu    s11, s8, t6
core   0: 3 0x80006aa4 (0x03fc7db3) x27 0x00000000
core   0: 0x80006aa8 (0x00000013) nop
core   0: 3 0x80006aa8 (0x00000013)
core   0: 0x80006aac (0x66310a93) addi    s5, sp, 1635
core   0: 3 0x80006aac (0x66310a93) x21 0x800154c7
core   0: 0x80006ab0 (0xd27da513) slti    a0, s11, -729
core   0: 3 0x80006ab0 (0xd27da513) x10 0x00000000
core   0: 0x80006ab4 (0x00000013) nop
core   0: 3 0x80006ab4 (0x00000013)
core   0: 0x80006ab8 (0x02a3e033) rem     zero, t2, a0
core   0: 3 0x80006ab8 (0x02a3e033)
core   0: 0x80006abc (0x01f8f233) and     tp, a7, t6
core   0: 3 0x80006abc (0x01f8f233) x 4 0x00000000
core   0: 0x80006ac0 (0x4788c693) xori    a3, a7, 1144
core   0: 3 0x80006ac0 (0x4788c693) x13 0x9f134ee0
core   0: 0x80006ac4 (0x400a5cb3) sra     s9, s4, zero
core   0: 3 0x80006ac4 (0x400a5cb3) x25 0xfff80018
core   0: 0x80006ac8 (0x021306b3) mul     a3, t1, ra
core   0: 3 0x80006ac8 (0x021306b3) x13 0x00000000
core   0: 0x80006acc (0x03899d33) mulh    s10, s3, s8
core   0: 3 0x80006acc (0x03899d33) x26 0x00000000
core   0: 0x80006ad0 (0x02e05ab3) divu    s5, zero, a4
core   0: 3 0x80006ad0 (0x02e05ab3) x21 0x00000000
core   0: 0x80006ad4 (0x40655593) srai    a1, a0, 6
core   0: 3 0x80006ad4 (0x40655593) x11 0x00000000
core   0: 0x80006ad8 (0x93c19217) auipc   tp, 0x93c19
core   0: 3 0x80006ad8 (0x93c19217) x 4 0x13c1fad8
core   0: 0x80006adc (0x65f42693) slti    a3, s0, 1631
core   0: 3 0x80006adc (0x65f42693) x13 0x00000001
core   0: 0x80006ae0 (0x26d14b93) xori    s7, sp, 621
core   0: 3 0x80006ae0 (0x26d14b93) x23 0x80014c09
core   0: 0x80006ae4 (0xa654f893) andi    a7, s1, -1435
core   0: 3 0x80006ae4 (0xa654f893) x17 0x00000000
core   0: 0x80006ae8 (0x840bc313) xori    t1, s7, -1984
core   0: 3 0x80006ae8 (0x840bc313) x 6 0x7ffeb449
core   0: 0x80006aec (0x01dff7b3) and     a5, t6, t4
core   0: 3 0x80006aec (0x01dff7b3) x15 0x00000000
core   0: 0x80006af0 (0x01837633) and     a2, t1, s8
core   0: 3 0x80006af0 (0x01837633) x12 0x00000000
core   0: 0x80006af4 (0xd099f493) andi    s1, s3, -759
core   0: 3 0x80006af4 (0xd099f493) x 9 0xfffffd09
core   0: 0x80006af8 (0x000ad633) srl     a2, s5, zero
core   0: 3 0x80006af8 (0x000ad633) x12 0x00000000
core   0: 0x80006afc (0x40da0633) sub     a2, s4, a3
core   0: 3 0x80006afc (0x40da0633) x12 0xfff80017
core   0: 0x80006b00 (0x7c6ef693) andi    a3, t4, 1990
core   0: 3 0x80006b00 (0x7c6ef693) x13 0x00000000
core   0: 0x80006b04 (0x012d1693) slli    a3, s10, 18
core   0: 3 0x80006b04 (0x012d1693) x13 0x00000000
core   0: 0x80006b08 (0x0293a933) mulhsu  s2, t2, s1
core   0: 3 0x80006b08 (0x0293a933) x18 0x00000000
core   0: 0x80006b0c (0x4c9ea693) slti    a3, t4, 1225
core   0: 3 0x80006b0c (0x4c9ea693) x13 0x00000001
core   0: 0x80006b10 (0x00000013) nop
core   0: 3 0x80006b10 (0x00000013)
core   0: 0x80006b14 (0x4008d513) srai    a0, a7, 0
core   0: 3 0x80006b14 (0x4008d513) x10 0x00000000
core   0: 0x80006b18 (0x03c03433) mulhu   s0, zero, t3
core   0: 3 0x80006b18 (0x03c03433) x 8 0x00000000
core   0: 0x80006b1c (0xffc26e97) auipc   t4, 0xffc26
core   0: 3 0x80006b1c (0xffc26e97) x29 0x7fc2cb1c
core   0: 0x80006b20 (0x41a60f33) sub     t5, a2, s10
core   0: 3 0x80006b20 (0x41a60f33) x30 0xfff80017
core   0: 0x80006b24 (0xbe692a97) auipc   s5, 0xbe692
core   0: 3 0x80006b24 (0xbe692a97) x21 0x3e698b24
core   0: 0x80006b28 (0x02a7df33) divu    t5, a5, a0
core   0: 3 0x80006b28 (0x02a7df33) x30 0xffffffff
core   0: 0x80006b2c (0x00341a33) sll     s4, s0, gp
core   0: 3 0x80006b2c (0x00341a33) x20 0x00000000
core   0: 0x80006b30 (0x026fa933) mulhsu  s2, t6, t1
core   0: 3 0x80006b30 (0x026fa933) x18 0x00000000
core   0: 0x80006b34 (0x13807b93) andi    s7, zero, 312
core   0: 3 0x80006b34 (0x13807b93) x23 0x00000000
core   0: 0x80006b38 (0x02dea933) mulhsu  s2, t4, a3
core   0: 3 0x80006b38 (0x02dea933) x18 0x00000000
core   0: 0x80006b3c (0x03e7e4b3) rem     s1, a5, t5
core   0: 3 0x80006b3c (0x03e7e4b3) x 9 0x00000000
core   0: 0x80006b40 (0x219eeb93) ori     s7, t4, 537
core   0: 3 0x80006b40 (0x219eeb93) x23 0x7fc2cb1d
core   0: 0x80006b44 (0x01b81eb3) sll     t4, a6, s11
core   0: 3 0x80006b44 (0x01b81eb3) x29 0x00000001
core   0: 0x80006b48 (0x03acbd33) mulhu   s10, s9, s10
core   0: 3 0x80006b48 (0x03acbd33) x26 0x00000000
core   0: 0x80006b4c (0x01db5693) srli    a3, s6, 29
core   0: 3 0x80006b4c (0x01db5693) x13 0x00000000
core   0: 0x80006b50 (0x001b9f33) sll     t5, s7, ra
core   0: 3 0x80006b50 (0x001b9f33) x30 0x7fc2cb1d
core   0: 0x80006b54 (0x40870fb3) sub     t6, a4, s0
core   0: 3 0x80006b54 (0x40870fb3) x31 0x80018ce4
core   0: 0x80006b58 (0x007980b3) add     ra, s3, t2
core   0: 3 0x80006b58 (0x007980b3) x 1 0xffffffff
core   0: 0x80006b5c (0x41628333) sub     t1, t0, s6
core   0: 3 0x80006b5c (0x41628333) x 6 0xf6416d2c
core   0: 0x80006b60 (0x016d5a33) srl     s4, s10, s6
core   0: 3 0x80006b60 (0x016d5a33) x20 0x00000000
core   0: 0x80006b64 (0x018447b3) xor     a5, s0, s8
core   0: 3 0x80006b64 (0x018447b3) x15 0x00000000
core   0: 0x80006b68 (0x03110f33) mul     t5, sp, a7
core   0: 3 0x80006b68 (0x03110f33) x30 0x00000000
core   0: 0x80006b6c (0x0c12f213) andi    tp, t0, 193
core   0: 3 0x80006b6c (0x0c12f213) x 4 0x00000000
core   0: 0x80006b70 (0x00c2ee33) or      t3, t0, a2
core   0: 3 0x80006b70 (0x00c2ee33) x28 0xfff96d3f
core   0: 0x80006b74 (0x026e05b3) mul     a1, t3, t1
core   0: 3 0x80006b74 (0x026e05b3) x11 0x796199d4
core   0: 0x80006b78 (0x019b9393) slli    t2, s7, 25
core   0: 3 0x80006b78 (0x019b9393) x 7 0x3a000000
core   0: 0x80006b7c (0x03995233) divu    tp, s2, s9
core   0: 3 0x80006b7c (0x03995233) x 4 0x00000000
core   0: 0x80006b80 (0x02051d33) mulh    s10, a0, zero
core   0: 3 0x80006b80 (0x02051d33) x26 0x00000000
core   0: 0x80006b84 (0x00000013) nop
core   0: 3 0x80006b84 (0x00000013)
core   0: 0x80006b88 (0x016448b3) xor     a7, s0, s6
core   0: 3 0x80006b88 (0x016448b3) x17 0x00000000
core   0: 0x80006b8c (0x403cd8b3) sra     a7, s9, gp
core   0: 3 0x80006b8c (0x403cd8b3) x17 0xfff80018
core   0: 0x80006b90 (0x03a06bb3) rem     s7, zero, s10
core   0: 3 0x80006b90 (0x03a06bb3) x23 0x00000000
core   0: 0x80006b94 (0x01e9da93) srli    s5, s3, 30
core   0: 3 0x80006b94 (0x01e9da93) x21 0x00000003
core   0: 0x80006b98 (0x03675cb3) divu    s9, a4, s6
core   0: 3 0x80006b98 (0x03675cb3) x25 0xffffffff
core   0: 0x80006b9c (0x014323b3) slt     t2, t1, s4
core   0: 3 0x80006b9c (0x014323b3) x 7 0x00000001
core   0: 0x80006ba0 (0x023f88b3) mul     a7, t6, gp
core   0: 3 0x80006ba0 (0x023f88b3) x17 0x00000000
core   0: 0x80006ba4 (0x96568193) addi    gp, a3, -1691
core   0: 3 0x80006ba4 (0x96568193) x 3 0xfffff965
core   0: 0x80006ba8 (0x009003b3) add     t2, zero, s1
core   0: 3 0x80006ba8 (0x009003b3) x 7 0x00000000
core   0: 0x80006bac (0x7f29c313) xori    t1, s3, 2034
core   0: 3 0x80006bac (0x7f29c313) x 6 0xfffff80d
core   0: 0x80006bb0 (0x55486017) auipc   zero, 0x55486
core   0: 3 0x80006bb0 (0x55486017)
core   0: 0x80006bb4 (0xda464413) xori    s0, a2, -604
core   0: 3 0x80006bb4 (0xda464413) x 8 0x0007fdb3
core   0: 0x80006bb8 (0x020bd933) divu    s2, s7, zero
core   0: 3 0x80006bb8 (0x020bd933) x18 0xffffffff
core   0: 0x80006bbc (0x00000013) nop
core   0: 3 0x80006bbc (0x00000013)
core   0: 0x80006bc0 (0x03bb9f33) mulh    t5, s7, s11
core   0: 3 0x80006bc0 (0x03bb9f33) x30 0x00000000
core   0: 0x80006bc4 (0x02acedb3) rem     s11, s9, a0
core   0: 3 0x80006bc4 (0x02acedb3) x27 0xffffffff
core   0: 0x80006bc8 (0x030f7ab3) remu    s5, t5, a6
core   0: 3 0x80006bc8 (0x030f7ab3) x21 0x00000000
core   0: 0x80006bcc (0xff1c7037) lui     zero, 0xff1c7
core   0: 3 0x80006bcc (0xff1c7037)
core   0: 0x80006bd0 (0x8fbc7993) andi    s3, s8, -1797
core   0: 3 0x80006bd0 (0x8fbc7993) x19 0x00000000
core   0: 0x80006bd4 (0x00000013) nop
core   0: 3 0x80006bd4 (0x00000013)
core   0: 0x80006bd8 (0x020e0fb3) mul     t6, t3, zero
core   0: 3 0x80006bd8 (0x020e0fb3) x31 0x00000000
core   0: 0x80006bdc (0x0038c233) xor     tp, a7, gp
core   0: 3 0x80006bdc (0x0038c233) x 4 0xfffff965
core   0: 0x80006be0 (0x0343b933) mulhu   s2, t2, s4
core   0: 3 0x80006be0 (0x0343b933) x18 0x00000000
core   0: 0x80006be4 (0x25c36313) ori     t1, t1, 604
core   0: 3 0x80006be4 (0x25c36313) x 6 0xfffffa5d
core   0: 0x80006be8 (0xf01e0413) addi    s0, t3, -255
core   0: 3 0x80006be8 (0xf01e0413) x 8 0xfff96c40
core   0: 0x80006bec (0x01a85f93) srli    t6, a6, 26
core   0: 3 0x80006bec (0x01a85f93) x31 0x00000000
core   0: 0x80006bf0 (0x43d08393) addi    t2, ra, 1085
core   0: 3 0x80006bf0 (0x43d08393) x 7 0x0000043c
core   0: 0x80006bf4 (0x00fa9e33) sll     t3, s5, a5
core   0: 3 0x80006bf4 (0x00fa9e33) x28 0x00000000
core   0: 0x80006bf8 (0x41d85d93) srai    s11, a6, 29
core   0: 3 0x80006bf8 (0x41d85d93) x27 0x00000000
core   0: 0x80006bfc (0x02b993b3) mulh    t2, s3, a1
core   0: 3 0x80006bfc (0x02b993b3) x 7 0x00000000
core   0: 0x80006c00 (0x400ede33) sra     t3, t4, zero
core   0: 3 0x80006c00 (0x400ede33) x28 0x00000001
core   0: 0x80006c04 (0x4600ed93) ori     s11, ra, 1120
core   0: 3 0x80006c04 (0x4600ed93) x27 0xffffffff
core   0: 0x80006c08 (0x0168a633) slt     a2, a7, s6
core   0: 3 0x80006c08 (0x0168a633) x12 0x00000000
core   0: 0x80006c0c (0xbb4ce437) lui     s0, 0xbb4ce
core   0: 3 0x80006c0c (0xbb4ce437) x 8 0xbb4ce000
core   0: 0x80006c10 (0x028d3c33) mulhu   s8, s10, s0
core   0: 3 0x80006c10 (0x028d3c33) x24 0x00000000
core   0: 0x80006c14 (0x98bc4f13) xori    t5, s8, -1653
core   0: 3 0x80006c14 (0x98bc4f13) x30 0xfffff98b
core   0: 0x80006c18 (0x5f888093) addi    ra, a7, 1528
core   0: 3 0x80006c18 (0x5f888093) x 1 0x000005f8
core   0: 0x80006c1c (0xdd046a13) ori     s4, s0, -560
core   0: 3 0x80006c1c (0xdd046a13) x20 0xfffffdd0
core   0: 0x80006c20 (0x112d4493) xori    s1, s10, 274
core   0: 3 0x80006c20 (0x112d4493) x 9 0x00000112
core   0: 0x80006c24 (0x9cf0c013) xori    zero, ra, -1585
core   0: 3 0x80006c24 (0x9cf0c013)
core   0: 0x80006c28 (0x78f32e93) slti    t4, t1, 1935
core   0: 3 0x80006c28 (0x78f32e93) x29 0x00000001
core   0: 0x80006c2c (0x02eceab3) rem     s5, s9, a4
core   0: 3 0x80006c2c (0x02eceab3) x21 0xffffffff
core   0: 0x80006c30 (0x40cadfb3) sra     t6, s5, a2
core   0: 3 0x80006c30 (0x40cadfb3) x31 0xffffffff
core   0: 0x80006c34 (0x03e6fc33) remu    s8, a3, t5
core   0: 3 0x80006c34 (0x03e6fc33) x24 0x00000000
core   0: 0x80006c38 (0x16736313) ori     t1, t1, 359
core   0: 3 0x80006c38 (0x16736313) x 6 0xfffffb7f
core   0: 0x80006c3c (0x818ae417) auipc   s0, 0x818ae
core   0: 3 0x80006c3c (0x818ae417) x 8 0x018b4c3c
core   0: 0x80006c40 (0x039f5fb3) divu    t6, t5, s9
core   0: 3 0x80006c40 (0x039f5fb3) x31 0x00000000
core   0: 0x80006c44 (0x00000013) nop
core   0: 3 0x80006c44 (0x00000013)
core   0: 0x80006c48 (0x00000013) nop
core   0: 3 0x80006c48 (0x00000013)
core   0: 0x80006c4c (0x94200817) auipc   a6, 0x94200
core   0: 3 0x80006c4c (0x94200817) x16 0x14206c4c
core   0: 0x80006c50 (0xcc10a993) slti    s3, ra, -831
core   0: 3 0x80006c50 (0xcc10a993) x19 0x00000000
core   0: 0x80006c54 (0x32fc8513) addi    a0, s9, 815
core   0: 3 0x80006c54 (0x32fc8513) x10 0x0000032e
core   0: 0x80006c58 (0x01a2b333) sltu    t1, t0, s10
core   0: 3 0x80006c58 (0x01a2b333) x 6 0x00000000
core   0: 0x80006c5c (0x405e8033) sub     zero, t4, t0
core   0: 3 0x80006c5c (0x405e8033)
core   0: 0x80006c60 (0x00000013) nop
core   0: 3 0x80006c60 (0x00000013)
core   0: 0x80006c64 (0x00d07033) and     zero, zero, a3
core   0: 3 0x80006c64 (0x00d07033)
core   0: 0x80006c68 (0xe593c793) xori    a5, t2, -423
core   0: 3 0x80006c68 (0xe593c793) x15 0xfffffe59
core   0: 0x80006c6c (0x00000013) nop
core   0: 3 0x80006c6c (0x00000013)
core   0: 0x80006c70 (0x00749633) sll     a2, s1, t2
core   0: 3 0x80006c70 (0x00749633) x12 0x00000112
core   0: 0x80006c74 (0xdcdea893) slti    a7, t4, -563
core   0: 3 0x80006c74 (0xdcdea893) x17 0x00000000
core   0: 0x80006c78 (0x02f383b3) mul     t2, t2, a5
core   0: 3 0x80006c78 (0x02f383b3) x 7 0x00000000
core   0: 0x80006c7c (0x00560033) add     zero, a2, t0
core   0: 3 0x80006c7c (0x00560033)
core   0: 0x80006c80 (0x033da8b3) mulhsu  a7, s11, s3
core   0: 3 0x80006c80 (0x033da8b3) x17 0x00000000
core   0: 0x80006c84 (0x007091b3) sll     gp, ra, t2
core   0: 3 0x80006c84 (0x007091b3) x 3 0x000005f8
core   0: 0x80006c88 (0x006f3433) sltu    s0, t5, t1
core   0: 3 0x80006c88 (0x006f3433) x 8 0x00000000
core   0: 0x80006c8c (0x0b812a93) slti    s5, sp, 184
core   0: 3 0x80006c8c (0x0b812a93) x21 0x00000001
core   0: 0x80006c90 (0x00979493) slli    s1, a5, 9
core   0: 3 0x80006c90 (0x00979493) x 9 0xfffcb200
core   0: 0x80006c94 (0x03cfa933) mulhsu  s2, t6, t3
core   0: 3 0x80006c94 (0x03cfa933) x18 0x00000000
core   0: 0x80006c98 (0x02d4d4b3) divu    s1, s1, a3
core   0: 3 0x80006c98 (0x02d4d4b3) x 9 0xffffffff
core   0: 0x80006c9c (0x01f867b3) or      a5, a6, t6
core   0: 3 0x80006c9c (0x01f867b3) x15 0x14206c4c
core   0: 0x80006ca0 (0x01b24433) xor     s0, tp, s11
core   0: 3 0x80006ca0 (0x01b24433) x 8 0x0000069a
core   0: 0x80006ca4 (0xd1287093) andi    ra, a6, -750
core   0: 3 0x80006ca4 (0xd1287093) x 1 0x14206c00
core   0: 0x80006ca8 (0xc1850393) addi    t2, a0, -1000
core   0: 3 0x80006ca8 (0xc1850393) x 7 0xffffff46
core   0: 0x80006cac (0x0ad9ae93) slti    t4, s3, 173
core   0: 3 0x80006cac (0x0ad9ae93) x29 0x00000001
core   0: 0x80006cb0 (0x03046b93) ori     s7, s0, 48
core   0: 3 0x80006cb0 (0x03046b93) x23 0x000006ba
core   0: 0x80006cb4 (0x00000013) nop
core   0: 3 0x80006cb4 (0x00000013)
core   0: 0x80006cb8 (0x014b5913) srli    s2, s6, 20
core   0: 3 0x80006cb8 (0x014b5913) x18 0x00000000
core   0: 0x80006cbc (0x00711c33) sll     s8, sp, t2
core   0: 3 0x80006cbc (0x00711c33) x24 0x00539900
core   0: 0x80006cc0 (0x74d677b7) lui     a5, 0x74d67
core   0: 3 0x80006cc0 (0x74d677b7) x15 0x74d67000
core   0: 0x80006cc4 (0x7e067a93) andi    s5, a2, 2016
core   0: 3 0x80006cc4 (0x7e067a93) x21 0x00000100
core   0: 0x80006cc8 (0x004ceb33) or      s6, s9, tp
core   0: 3 0x80006cc8 (0x004ceb33) x22 0xffffffff
core   0: 0x80006ccc (0x018f5333) srl     t1, t5, s8
core   0: 3 0x80006ccc (0x018f5333) x 6 0xfffff98b
core   0: 0x80006cd0 (0x2bb57e93) andi    t4, a0, 699
core   0: 3 0x80006cd0 (0x2bb57e93) x29 0x0000022a
core   0: 0x80006cd4 (0x58a58d13) addi    s10, a1, 1418
core   0: 3 0x80006cd4 (0x58a58d13) x26 0x79619f5e
core   0: 0x80006cd8 (0x01d22ab3) slt     s5, tp, t4
core   0: 3 0x80006cd8 (0x01d22ab3) x21 0x00000001
core   0: 0x80006cdc (0x00bef0b3) and     ra, t4, a1
core   0: 3 0x80006cdc (0x00bef0b3) x 1 0x00000000
core   0: 0x80006ce0 (0x31b8e813) ori     a6, a7, 795
core   0: 3 0x80006ce0 (0x31b8e813) x16 0x0000031b
core   0: 0x80006ce4 (0x03dd9933) mulh    s2, s11, t4
core   0: 3 0x80006ce4 (0x03dd9933) x18 0xffffffff
core   0: 0x80006ce8 (0x036828b3) mulhsu  a7, a6, s6
core   0: 3 0x80006ce8 (0x036828b3) x17 0x0000031a
core   0: 0x80006cec (0x78514c93) xori    s9, sp, 1925
core   0: 3 0x80006cec (0x78514c93) x25 0x800149e1
core   0: 0x80006cf0 (0x016e11b3) sll     gp, t3, s6
core   0: 3 0x80006cf0 (0x016e11b3) x 3 0x80000000
core   0: 0x80006cf4 (0x01e71313) slli    t1, a4, 30
core   0: 3 0x80006cf4 (0x01e71313) x 6 0x00000000
core   0: 0x80006cf8 (0x018a3c33) sltu    s8, s4, s8
core   0: 3 0x80006cf8 (0x018a3c33) x24 0x00000000
core   0: 0x80006cfc (0x01ac27b3) slt     a5, s8, s10
core   0: 3 0x80006cfc (0x01ac27b3) x15 0x00000001
core   0: 0x80006d00 (0x00000013) nop
core   0: 3 0x80006d00 (0x00000013)
core   0: 0x80006d04 (0x033448b3) div     a7, s0, s3
core   0: 3 0x80006d04 (0x033448b3) x17 0xffffffff
core   0: 0x80006d08 (0x629c8217) auipc   tp, 0x629c8
core   0: 3 0x80006d08 (0x629c8217) x 4 0xe29ced08
core   0: 0x80006d0c (0x331daa93) slti    s5, s11, 817
core   0: 3 0x80006d0c (0x331daa93) x21 0x00000001
core   0: 0x80006d10 (0x022188b3) mul     a7, gp, sp
core   0: 3 0x80006d10 (0x022188b3) x17 0x00000000
core   0: 0x80006d14 (0x00191213) slli    tp, s2, 1
core   0: 3 0x80006d14 (0x00191213) x 4 0xfffffffe
core   0: 0x80006d18 (0x00000013) nop
core   0: 3 0x80006d18 (0x00000013)
core   0: 0x80006d1c (0x022721b3) mulhsu  gp, a4, sp
core   0: 3 0x80006d1c (0x022721b3) x 3 0xc0001f42
core   0: 0x80006d20 (0x00000013) nop
core   0: 3 0x80006d20 (0x00000013)
core   0: 0x80006d24 (0x029836b3) mulhu   a3, a6, s1
core   0: 3 0x80006d24 (0x029836b3) x13 0x0000031a
core   0: 0x80006d28 (0x004b01b3) add     gp, s6, tp
core   0: 3 0x80006d28 (0x004b01b3) x 3 0xfffffffd
core   0: 0x80006d2c (0x03e0ceb3) div     t4, ra, t5
core   0: 3 0x80006d2c (0x03e0ceb3) x29 0x00000000
core   0: 0x80006d30 (0x4151db33) sra     s6, gp, s5
core   0: 3 0x80006d30 (0x4151db33) x22 0xfffffffe
core   0: 0x80006d34 (0x008b8d33) add     s10, s7, s0
core   0: 3 0x80006d34 (0x008b8d33) x26 0x00000d54
core   0: 0x80006d38 (0x00c605b3) add     a1, a2, a2
core   0: 3 0x80006d38 (0x00c605b3) x11 0x00000224
core   0: 0x80006d3c (0x03c26933) rem     s2, tp, t3
core   0: 3 0x80006d3c (0x03c26933) x18 0x00000000
core   0: 0x80006d40 (0x032106b3) mul     a3, sp, s2
core   0: 3 0x80006d40 (0x032106b3) x13 0x00000000
core   0: 0x80006d44 (0x0029bfb3) sltu    t6, s3, sp
core   0: 3 0x80006d44 (0x0029bfb3) x31 0x00000001
core   0: 0x80006d48 (0x00968c33) add     s8, a3, s1
core   0: 3 0x80006d48 (0x00968c33) x24 0xffffffff
core   0: 0x80006d4c (0x0124c933) xor     s2, s1, s2
core   0: 3 0x80006d4c (0x0124c933) x18 0xffffffff
core   0: 0x80006d50 (0x336f3017) auipc   zero, 0x336f3
core   0: 3 0x80006d50 (0x336f3017)
core   0: 0x80006d54 (0x035614b3) mulh    s1, a2, s5
core   0: 3 0x80006d54 (0x035614b3) x 9 0x00000000
core   0: 0x80006d58 (0x0228fd33) remu    s10, a7, sp
core   0: 3 0x80006d58 (0x0228fd33) x26 0x00000000
core   0: 0x80006d5c (0x021abcb3) mulhu   s9, s5, ra
core   0: 3 0x80006d5c (0x021abcb3) x25 0x00000000
core   0: 0x80006d60 (0x02100fb3) mul     t6, zero, ra
core   0: 3 0x80006d60 (0x02100fb3) x31 0x00000000
core   0: 0x80006d64 (0x022fca33) div     s4, t6, sp
core   0: 3 0x80006d64 (0x022fca33) x20 0x00000000
core   0: 0x80006d68 (0x034a5633) divu    a2, s4, s4
core   0: 3 0x80006d68 (0x034a5633) x12 0xffffffff
core   0: 0x80006d6c (0x021a3933) mulhu   s2, s4, ra
core   0: 3 0x80006d6c (0x021a3933) x18 0x00000000
core   0: 0x80006d70 (0x02a33433) mulhu   s0, t1, a0
core   0: 3 0x80006d70 (0x02a33433) x 8 0x00000000
core   0: 0x80006d74 (0x02240533) mul     a0, s0, sp
core   0: 3 0x80006d74 (0x02240533) x10 0x00000000
core   0: 0x80006d78 (0x01e1b333) sltu    t1, gp, t5
core   0: 3 0x80006d78 (0x01e1b333) x 6 0x00000000
core   0: 0x80006d7c (0x039bfbb3) remu    s7, s7, s9
core   0: 3 0x80006d7c (0x039bfbb3) x23 0x000006ba
core   0: 0x80006d80 (0x01989433) sll     s0, a7, s9
core   0: 3 0x80006d80 (0x01989433) x 8 0x00000000
core   0: 0x80006d84 (0x43233a93) sltiu   s5, t1, 1074
core   0: 3 0x80006d84 (0x43233a93) x21 0x00000001
core   0: 0x80006d88 (0x4117d033) sra     zero, a5, a7
core   0: 3 0x80006d88 (0x4117d033)
core   0: 0x80006d8c (0x2ca00f93) li      t6, 714
core   0: 3 0x80006d8c (0x2ca00f93) x31 0x000002ca
core   0: 0x80006d90 (0x00000013) nop
core   0: 3 0x80006d90 (0x00000013)
core   0: 0x80006d94 (0xd0448493) addi    s1, s1, -764
core   0: 3 0x80006d94 (0xd0448493) x 9 0xfffffd04
core   0: 0x80006d98 (0x03cc60b3) rem     ra, s8, t3
core   0: 3 0x80006d98 (0x03cc60b3) x 1 0x00000000
core   0: 0x80006d9c (0xf0798937) lui     s2, 0xf0798
core   0: 3 0x80006d9c (0xf0798937) x18 0xf0798000
core   0: 0x80006da0 (0x01e65f93) srli    t6, a2, 30
core   0: 3 0x80006da0 (0x01e65f93) x31 0x00000003
core   0: 0x80006da4 (0x01a65313) srli    t1, a2, 26
core   0: 3 0x80006da4 (0x01a65313) x 6 0x0000003f
core   0: 0x80006da8 (0x011fd533) srl     a0, t6, a7
core   0: 3 0x80006da8 (0x011fd533) x10 0x00000003
core   0: 0x80006dac (0x01bcc233) xor     tp, s9, s11
core   0: 3 0x80006dac (0x01bcc233) x 4 0xffffffff
core   0: 0x80006db0 (0x01d4cab3) xor     s5, s1, t4
core   0: 3 0x80006db0 (0x01d4cab3) x21 0xfffffd04
core   0: 0x80006db4 (0x02adafb3) mulhsu  t6, s11, a0
core   0: 3 0x80006db4 (0x02adafb3) x31 0xffffffff
core   0: 0x80006db8 (0x02285a33) divu    s4, a6, sp
core   0: 3 0x80006db8 (0x02285a33) x20 0x00000000
core   0: 0x80006dbc (0x4264eb93) ori     s7, s1, 1062
core   0: 3 0x80006dbc (0x4264eb93) x23 0xfffffd26
core   0: 0x80006dc0 (0x03ba86b3) mul     a3, s5, s11
core   0: 3 0x80006dc0 (0x03ba86b3) x13 0x000002fc
core   0: 0x80006dc4 (0x03055533) divu    a0, a0, a6
core   0: 3 0x80006dc4 (0x03055533) x10 0x00000000
core   0: 0x80006dc8 (0x00839233) sll     tp, t2, s0
core   0: 3 0x80006dc8 (0x00839233) x 4 0xffffff46
core   0: 0x80006dcc (0xb7e17193) andi    gp, sp, -1154
core   0: 3 0x80006dcc (0xb7e17193) x 3 0x80014a64
core   0: 0x80006dd0 (0x0253c833) div     a6, t2, t0
core   0: 3 0x80006dd0 (0x0253c833) x16 0x00000000
core   0: 0x80006dd4 (0x007c5793) srli    a5, s8, 7
core   0: 3 0x80006dd4 (0x007c5793) x15 0x01ffffff
core   0: 0x80006dd8 (0x03ebecb3) rem     s9, s7, t5
core   0: 3 0x80006dd8 (0x03ebecb3) x25 0xfffffd26
core   0: 0x80006ddc (0x00881c33) sll     s8, a6, s0
core   0: 3 0x80006ddc (0x00881c33) x24 0x00000000
core   0: 0x80006de0 (0xe2dae513) ori     a0, s5, -467
core   0: 3 0x80006de0 (0xe2dae513) x10 0xffffff2d
core   0: 0x80006de4 (0x02746c33) rem     s8, s0, t2
core   0: 3 0x80006de4 (0x02746c33) x24 0x00000000
core   0: 0x80006de8 (0x03c33533) mulhu   a0, t1, t3
core   0: 3 0x80006de8 (0x03c33533) x10 0x00000000
core   0: 0x80006dec (0x03f30e33) mul     t3, t1, t6
core   0: 3 0x80006dec (0x03f30e33) x28 0xffffffc1
core   0: 0x80006df0 (0xa4f00593) li      a1, -1457
core   0: 3 0x80006df0 (0xa4f00593) x11 0xfffffa4f
core   0: 0x80006df4 (0x0376d833) divu    a6, a3, s7
core   0: 3 0x80006df4 (0x0376d833) x16 0x00000000
core   0: 0x80006df8 (0x0121de13) srli    t3, gp, 18
core   0: 3 0x80006df8 (0x0121de13) x28 0x00002000
core   0: 0x80006dfc (0x025b3cb3) mulhu   s9, s6, t0
core   0: 3 0x80006dfc (0x025b3cb3) x25 0xf6416d2a
core   0: 0x80006e00 (0x61e4c913) xori    s2, s1, 1566
core   0: 3 0x80006e00 (0x61e4c913) x18 0xfffffb1a
core   0: 0x80006e04 (0x012f86b3) add     a3, t6, s2
core   0: 3 0x80006e04 (0x012f86b3) x13 0xfffffb19
core   0: 0x80006e08 (0x02ac61b3) rem     gp, s8, a0
core   0: 3 0x80006e08 (0x02ac61b3) x 3 0x00000000
core   0: 0x80006e0c (0x023f8533) mul     a0, t6, gp
core   0: 3 0x80006e0c (0x023f8533) x10 0x00000000
core   0: 0x80006e10 (0x03e310b3) mulh    ra, t1, t5
core   0: 3 0x80006e10 (0x03e310b3) x 1 0xffffffff
core   0: 0x80006e14 (0x024a4db3) div     s11, s4, tp
core   0: 3 0x80006e14 (0x024a4db3) x27 0x00000000
core   0: 0x80006e18 (0xa05f80b7) lui     ra, 0xa05f8
core   0: 3 0x80006e18 (0xa05f80b7) x 1 0xa05f8000
core   0: 0x80006e1c (0x004fb6b3) sltu    a3, t6, tp
core   0: 3 0x80006e1c (0x004fb6b3) x13 0x00000000
core   0: 0x80006e20 (0x03e6afb3) mulhsu  t6, a3, t5
core   0: 3 0x80006e20 (0x03e6afb3) x31 0x00000000
core   0: 0x80006e24 (0x0332e333) rem     t1, t0, s3
core   0: 3 0x80006e24 (0x0332e333) x 6 0xf6416d2c
core   0: 0x80006e28 (0x002233b3) sltu    t2, tp, sp
core   0: 3 0x80006e28 (0x002233b3) x 7 0x00000000
core   0: 0x80006e2c (0x23fdf193) andi    gp, s11, 575
core   0: 3 0x80006e2c (0x23fdf193) x 3 0x00000000
core   0: 0x80006e30 (0x037f77b3) remu    a5, t5, s7
core   0: 3 0x80006e30 (0x037f77b3) x15 0xfffff98b
core   0: 0x80006e34 (0x001bdeb3) srl     t4, s7, ra
core   0: 3 0x80006e34 (0x001bdeb3) x29 0xfffffd26
core   0: 0x80006e38 (0x02b880b3) mul     ra, a7, a1
core   0: 3 0x80006e38 (0x02b880b3) x 1 0x00000000
core   0: 0x80006e3c (0x03ff8fb3) mul     t6, t6, t6
core   0: 3 0x80006e3c (0x03ff8fb3) x31 0x00000000
core   0: 0x80006e40 (0x037f3533) mulhu   a0, t5, s7
core   0: 3 0x80006e40 (0x037f3533) x10 0xfffff6b1
core   0: 0x80006e44 (0x021c5033) divu    zero, s8, ra
core   0: 3 0x80006e44 (0x021c5033)
core   0: 0x80006e48 (0x03804a33) div     s4, zero, s8
core   0: 3 0x80006e48 (0x03804a33) x20 0xffffffff
core   0: 0x80006e4c (0x03ca8933) mul     s2, s5, t3
core   0: 3 0x80006e4c (0x03ca8933) x18 0xffa08000
core   0: 0x80006e50 (0x03911a33) mulh    s4, sp, s9
core   0: 3 0x80006e50 (0x03911a33) x20 0x04df3cb0
core   0: 0x80006e54 (0x00d0a533) slt     a0, ra, a3
core   0: 3 0x80006e54 (0x00d0a533) x10 0x00000000
core   0: 0x80006e58 (0x01e08ab3) add     s5, ra, t5
core   0: 3 0x80006e58 (0x01e08ab3) x21 0xfffff98b
core   0: 0x80006e5c (0xbc7f3b93) sltiu   s7, t5, -1081
core   0: 3 0x80006e5c (0xbc7f3b93) x23 0x00000001
core   0: 0x80006e60 (0x01c2c033) xor     zero, t0, t3
core   0: 3 0x80006e60 (0x01c2c033)
core   0: 0x80006e64 (0x413101b3) sub     gp, sp, s3
core   0: 3 0x80006e64 (0x413101b3) x 3 0x80014e64
core   0: 0x80006e68 (0x67622e93) slti    t4, tp, 1654
core   0: 3 0x80006e68 (0x67622e93) x29 0x00000001
core   0: 0x80006e6c (0x4052d793) srai    a5, t0, 5
core   0: 3 0x80006e6c (0x4052d793) x15 0xffb20b69
core   0: 0x80006e70 (0x41c8df33) sra     t5, a7, t3
core   0: 3 0x80006e70 (0x41c8df33) x30 0x00000000
core   0: 0x80006e74 (0x64b00f93) li      t6, 1611
core   0: 3 0x80006e74 (0x64b00f93) x31 0x0000064b
core   0: 0x80006e78 (0x021d4db3) div     s11, s10, ra
core   0: 3 0x80006e78 (0x021d4db3) x27 0xffffffff
core   0: 0x80006e7c (0x5f3f6793) ori     a5, t5, 1523
core   0: 3 0x80006e7c (0x5f3f6793) x15 0x000005f3
core   0: 0x80006e80 (0x0085d913) srli    s2, a1, 8
core   0: 3 0x80006e80 (0x0085d913) x18 0x00fffffa
core   0: 0x80006e84 (0x103da493) slti    s1, s11, 259
core   0: 3 0x80006e84 (0x103da493) x 9 0x00000001
core   0: 0x80006e88 (0x4108d833) sra     a6, a7, a6
core   0: 3 0x80006e88 (0x4108d833) x16 0x00000000
core   0: 0x80006e8c (0x025fe7b3) rem     a5, t6, t0
core   0: 3 0x80006e8c (0x025fe7b3) x15 0x0000064b
core   0: 0x80006e90 (0x01349b33) sll     s6, s1, s3
core   0: 3 0x80006e90 (0x01349b33) x22 0x00000001
core   0: 0x80006e94 (0x41680cb3) sub     s9, a6, s6
core   0: 3 0x80006e94 (0x41680cb3) x25 0xffffffff
core   0: 0x80006e98 (0x0275a5b3) mulhsu  a1, a1, t2
core   0: 3 0x80006e98 (0x0275a5b3) x11 0x00000000
core   0: 0x80006e9c (0x02735b33) divu    s6, t1, t2
core   0: 3 0x80006e9c (0x02735b33) x22 0xffffffff
core   0: 0x80006ea0 (0xe01bb513) sltiu   a0, s7, -511
core   0: 3 0x80006ea0 (0xe01bb513) x10 0x00000001
core   0: 0x80006ea4 (0x00e4a6b3) slt     a3, s1, a4
core   0: 3 0x80006ea4 (0x00e4a6b3) x13 0x00000000
core   0: 0x80006ea8 (0x013b9b93) slli    s7, s7, 19
core   0: 3 0x80006ea8 (0x013b9b93) x23 0x00080000
core   0: 0x80006eac (0x0040bbb3) sltu    s7, ra, tp
core   0: 3 0x80006eac (0x0040bbb3) x23 0x00000001
core   0: 0x80006eb0 (0x025f14b3) mulh    s1, t5, t0
core   0: 3 0x80006eb0 (0x025f14b3) x 9 0x00000000
core   0: 0x80006eb4 (0x016bc0b3) xor     ra, s7, s6
core   0: 3 0x80006eb4 (0x016bc0b3) x 1 0xfffffffe
core   0: 0x80006eb8 (0x40b0d213) srai    tp, ra, 11
core   0: 3 0x80006eb8 (0x40b0d213) x 4 0xffffffff
core   0: 0x80006ebc (0x02c0f633) remu    a2, ra, a2
core   0: 3 0x80006ebc (0x02c0f633) x12 0xfffffffe
core   0: 0x80006ec0 (0x02ee77b3) remu    a5, t3, a4
core   0: 3 0x80006ec0 (0x02ee77b3) x15 0x00002000
core   0: 0x80006ec4 (0x46c757b7) lui     a5, 0x46c75
core   0: 3 0x80006ec4 (0x46c757b7) x15 0x46c75000
core   0: 0x80006ec8 (0x00fbdc33) srl     s8, s7, a5
core   0: 3 0x80006ec8 (0x00fbdc33) x24 0x00000001
core   0: 0x80006ecc (0xc3183393) sltiu   t2, a6, -975
core   0: 3 0x80006ecc (0xc3183393) x 7 0x00000001
core   0: 0x80006ed0 (0x03166233) rem     tp, a2, a7
core   0: 3 0x80006ed0 (0x03166233) x 4 0xfffffffe
core   0: 0x80006ed4 (0x01dad433) srl     s0, s5, t4
core   0: 3 0x80006ed4 (0x01dad433) x 8 0x7ffffcc5
core   0: 0x80006ed8 (0x018b4f33) xor     t5, s6, s8
core   0: 3 0x80006ed8 (0x018b4f33) x30 0xfffffffe
core   0: 0x80006edc (0x416d8ab3) sub     s5, s11, s6
core   0: 3 0x80006edc (0x416d8ab3) x21 0x00000000
core   0: 0x80006ee0 (0x41b1dd13) srai    s10, gp, 27
core   0: 3 0x80006ee0 (0x41b1dd13) x26 0xfffffff0
core   0: 0x80006ee4 (0x1e335697) auipc   a3, 0x1e335
core   0: 3 0x80006ee4 (0x1e335697) x13 0x9e33bee4
core   0: 0x80006ee8 (0x01241093) slli    ra, s0, 18
core   0: 3 0x80006ee8 (0x01241093) x 1 0xf3140000
core   0: 0x80006eec (0x018b55b3) srl     a1, s6, s8
core   0: 3 0x80006eec (0x018b55b3) x11 0x7fffffff
core   0: 0x80006ef0 (0x76840513) addi    a0, s0, 1896
core   0: 3 0x80006ef0 (0x76840513) x10 0x8000042d
core   0: 0x80006ef4 (0x03dd3c33) mulhu   s8, s10, t4
core   0: 3 0x80006ef4 (0x03dd3c33) x24 0x00000000
core   0: 0x80006ef8 (0x81b0ae13) slti    t3, ra, -2021
core   0: 3 0x80006ef8 (0x81b0ae13) x28 0x00000001
core   0: 0x80006efc (0x014405b3) add     a1, s0, s4
core   0: 3 0x80006efc (0x014405b3) x11 0x84df3975
core   0: 0x80006f00 (0x002dcab3) xor     s5, s11, sp
core   0: 3 0x80006f00 (0x002dcab3) x21 0x7ffeb19b
core   0: 0x80006f04 (0x02f2de33) divu    t3, t0, a5
core   0: 3 0x80006f04 (0x02f2de33) x28 0x00000003
core   0: 0x80006f08 (0x021b77b3) remu    a5, s6, ra
core   0: 3 0x80006f08 (0x021b77b3) x15 0x0cebffff
core   0: 0x80006f0c (0x40f6dc93) srai    s9, a3, 15
core   0: 3 0x80006f0c (0x40f6dc93) x25 0xffff3c67
core   0: 0x80006f10 (0x417b53b3) sra     t2, s6, s7
core   0: 3 0x80006f10 (0x417b53b3) x 7 0xffffffff
core   0: 0x80006f14 (0x2866ae13) slti    t3, a3, 646
core   0: 3 0x80006f14 (0x2866ae13) x28 0x00000001
core   0: 0x80006f18 (0x00a7df93) srli    t6, a5, 10
core   0: 3 0x80006f18 (0x00a7df93) x31 0x00033aff
core   0: 0x80006f1c (0x03ea8ab3) mul     s5, s5, t5
core   0: 3 0x80006f1c (0x03ea8ab3) x21 0x00029cca
core   0: 0x80006f20 (0x01788633) add     a2, a7, s7
core   0: 3 0x80006f20 (0x01788633) x12 0x00000001
core   0: 0x80006f24 (0x017335b3) sltu    a1, t1, s7
core   0: 3 0x80006f24 (0x017335b3) x11 0x00000000
core   0: 0x80006f28 (0xe5e46993) ori     s3, s0, -418
core   0: 3 0x80006f28 (0xe5e46993) x19 0xfffffedf
core   0: 0x80006f2c (0x417fd193) srai    gp, t6, 23
core   0: 3 0x80006f2c (0x417fd193) x 3 0x00000000
core   0: 0x80006f30 (0x41fe5b13) srai    s6, t3, 31
core   0: 3 0x80006f30 (0x41fe5b13) x22 0x00000000
core   0: 0x80006f34 (0x011f6433) or      s0, t5, a7
core   0: 3 0x80006f34 (0x011f6433) x 8 0xfffffffe
core   0: 0x80006f38 (0xa1614f93) xori    t6, sp, -1514
core   0: 3 0x80006f38 (0xa1614f93) x31 0x7ffeb472
core   0: 0x80006f3c (0x0174ef33) or      t5, s1, s7
core   0: 3 0x80006f3c (0x0174ef33) x30 0x00000001
core   0: 0x80006f40 (0x00000013) nop
core   0: 3 0x80006f40 (0x00000013)
core   0: 0x80006f44 (0x02377a33) remu    s4, a4, gp
core   0: 3 0x80006f44 (0x02377a33) x20 0x80018ce4
core   0: 0x80006f48 (0x24483013) sltiu   zero, a6, 580
core   0: 3 0x80006f48 (0x24483013)
core   0: 0x80006f4c (0x007fd4b3) srl     s1, t6, t2
core   0: 3 0x80006f4c (0x007fd4b3) x 9 0x00000000
core   0: 0x80006f50 (0x00015193) srli    gp, sp, 0
core   0: 3 0x80006f50 (0x00015193) x 3 0x80014e64
core   0: 0x80006f54 (0x96006893) ori     a7, zero, -1696
core   0: 3 0x80006f54 (0x96006893) x17 0xfffff960
core   0: 0x80006f58 (0x42d4eb37) lui     s6, 0x42d4e
core   0: 3 0x80006f58 (0x42d4eb37) x22 0x42d4e000
core   0: 0x80006f5c (0x262c8693) addi    a3, s9, 610
core   0: 3 0x80006f5c (0x262c8693) x13 0xffff3ec9
core   0: 0x80006f60 (0xa13e4193) xori    gp, t3, -1517
core   0: 3 0x80006f60 (0xa13e4193) x 3 0xfffffa12
core   0: 0x80006f64 (0x02613b33) mulhu   s6, sp, t1
core   0: 3 0x80006f64 (0x02613b33) x22 0x7b21f83f
core   0: 0x80006f68 (0x82ea6513) ori     a0, s4, -2002
core   0: 3 0x80006f68 (0x82ea6513) x10 0xfffffcee
core   0: 0x80006f6c (0x026c7b33) remu    s6, s8, t1
core   0: 3 0x80006f6c (0x026c7b33) x22 0x00000000
core   0: 0x80006f70 (0x00000013) nop
core   0: 3 0x80006f70 (0x00000013)
core   0: 0x80006f74 (0x62014413) xori    s0, sp, 1568
core   0: 3 0x80006f74 (0x62014413) x 8 0x80014844
core   0: 0x80006f78 (0x039fd433) divu    s0, t6, s9
core   0: 3 0x80006f78 (0x039fd433) x 8 0x00000000
core   0: 0x80006f7c (0x714cfa97) auipc   s5, 0x714cf
core   0: 3 0x80006f7c (0x714cfa97) x21 0xf14d5f7c
core   0: 0x80006f80 (0x00281433) sll     s0, a6, sp
core   0: 3 0x80006f80 (0x00281433) x 8 0x00000000
core   0: 0x80006f84 (0x033506b3) mul     a3, a0, s3
core   0: 3 0x80006f84 (0x033506b3) x13 0x00037752
core   0: 0x80006f88 (0x8283a793) slti    a5, t2, -2008
core   0: 3 0x80006f88 (0x8283a793) x15 0x00000000
core   0: 0x80006f8c (0x0063ebb3) or      s7, t2, t1
core   0: 3 0x80006f8c (0x0063ebb3) x23 0xffffffff
core   0: 0x80006f90 (0x0037dcb3) srl     s9, a5, gp
core   0: 3 0x80006f90 (0x0037dcb3) x25 0x00000000
core   0: 0x80006f94 (0x029223b3) mulhsu  t2, tp, s1
core   0: 3 0x80006f94 (0x029223b3) x 7 0x00000000
core   0: 0x80006f98 (0xb5e1b913) sltiu   s2, gp, -1186
core   0: 3 0x80006f98 (0xb5e1b913) x18 0x00000001
core   0: 0x80006f9c (0x023f6ab3) rem     s5, t5, gp
core   0: 3 0x80006f9c (0x023f6ab3) x21 0x00000001
core   0: 0x80006fa0 (0x409d8a33) sub     s4, s11, s1
core   0: 3 0x80006fa0 (0x409d8a33) x20 0xffffffff
core   0: 0x80006fa4 (0x00f81393) slli    t2, a6, 15
core   0: 3 0x80006fa4 (0x00f81393) x 7 0x00000000
core   0: 0x80006fa8 (0x1fe9e213) ori     tp, s3, 510
core   0: 3 0x80006fa8 (0x1fe9e213) x 4 0xffffffff
core   0: 0x80006fac (0x8512ea93) ori     s5, t0, -1967
core   0: 3 0x80006fac (0x8512ea93) x21 0xfffffd7d
core   0: 0x80006fb0 (0x653ba313) slti    t1, s7, 1619
core   0: 3 0x80006fb0 (0x653ba313) x 6 0x00000001
core   0: 0x80006fb4 (0x00000013) nop
core   0: 3 0x80006fb4 (0x00000013)
core   0: 0x80006fb8 (0x03c4d833) divu    a6, s1, t3
core   0: 3 0x80006fb8 (0x03c4d833) x16 0x00000000
core   0: 0x80006fbc (0x02014533) div     a0, sp, zero
core   0: 3 0x80006fbc (0x02014533) x10 0xffffffff
core   0: 0x80006fc0 (0x01a719b3) sll     s3, a4, s10
core   0: 3 0x80006fc0 (0x01a719b3) x19 0x8ce40000
core   0: 0x80006fc4 (0x4ee5bb13) sltiu   s6, a1, 1262
core   0: 3 0x80006fc4 (0x4ee5bb13) x22 0x00000001
core   0: 0x80006fc8 (0x013fae33) slt     t3, t6, s3
core   0: 3 0x80006fc8 (0x013fae33) x28 0x00000000
core   0: 0x80006fcc (0x6cd1bc13) sltiu   s8, gp, 1741
core   0: 3 0x80006fcc (0x6cd1bc13) x24 0x00000000
core   0: 0x80006fd0 (0x40e15cb3) sra     s9, sp, a4
core   0: 3 0x80006fd0 (0x40e15cb3) x25 0xf80014e6
core   0: 0x80006fd4 (0xe279e197) auipc   gp, 0xe279e
core   0: 3 0x80006fd4 (0xe279e197) x 3 0x627a4fd4
core   0: 0x80006fd8 (0x00c3fe33) and     t3, t2, a2
core   0: 3 0x80006fd8 (0x00c3fe33) x28 0x00000000
core   0: 0x80006fdc (0x0358b933) mulhu   s2, a7, s5
core   0: 3 0x80006fdc (0x0358b933) x18 0xfffff6dd
core   0: 0x80006fe0 (0xd900ec13) ori     s8, ra, -624
core   0: 3 0x80006fe0 (0xd900ec13) x24 0xfffffd90
core   0: 0x80006fe4 (0x793b2613) slti    a2, s6, 1939
core   0: 3 0x80006fe4 (0x793b2613) x12 0x00000001
core   0: 0x80006fe8 (0x005914b3) sll     s1, s2, t0
core   0: 3 0x80006fe8 (0x005914b3) x 9 0xff6dd000
core   0: 0x80006fec (0x00e38bb3) add     s7, t2, a4
core   0: 3 0x80006fec (0x00e38bb3) x23 0x80018ce4
core   0: 0x80006ff0 (0x024d1eb3) mulh    t4, s10, tp
core   0: 3 0x80006ff0 (0x024d1eb3) x29 0x00000000
core   0: 0x80006ff4 (0x00000013) nop
core   0: 3 0x80006ff4 (0x00000013)
core   0: 0x80006ff8 (0xa9d8e693) ori     a3, a7, -1379
core   0: 3 0x80006ff8 (0xa9d8e693) x13 0xfffffbfd
core   0: 0x80006ffc (0x62a64a37) lui     s4, 0x62a64
core   0: 3 0x80006ffc (0x62a64a37) x20 0x62a64000
core   0: 0x80007000 (0x011e1533) sll     a0, t3, a7
core   0: 3 0x80007000 (0x011e1533) x10 0x00000000
core   0: 0x80007004 (0x40655533) sra     a0, a0, t1
core   0: 3 0x80007004 (0x40655533) x10 0x00000000
core   0: 0x80007008 (0x00ec90b3) sll     ra, s9, a4
core   0: 3 0x80007008 (0x00ec90b3) x 1 0x80014e60
core   0: 0x8000700c (0x161bcd93) xori    s11, s7, 353
core   0: 3 0x8000700c (0x161bcd93) x27 0x80018d85
core   0: 0x80007010 (0x0233c3b3) div     t2, t2, gp
core   0: 3 0x80007010 (0x0233c3b3) x 7 0x00000000
core   0: 0x80007014 (0x004494b3) sll     s1, s1, tp
core   0: 3 0x80007014 (0x004494b3) x 9 0x00000000
core   0: 0x80007018 (0x0030d0b3) srl     ra, ra, gp
core   0: 3 0x80007018 (0x0030d0b3) x 1 0x00000800
core   0: 0x8000701c (0x025b6fb3) rem     t6, s6, t0
core   0: 3 0x8000701c (0x025b6fb3) x31 0x00000001
core   0: 0x80007020 (0x00bfc933) xor     s2, t6, a1
core   0: 3 0x80007020 (0x00bfc933) x18 0x00000001
core   0: 0x80007024 (0x01230533) add     a0, t1, s2
core   0: 3 0x80007024 (0x01230533) x10 0x00000002
core   0: 0x80007028 (0xf83dab17) auipc   s6, 0xf83da
core   0: 3 0x80007028 (0xf83dab17) x22 0x783e1028
core   0: 0x8000702c (0x03396ab3) rem     s5, s2, s3
core   0: 3 0x8000702c (0x03396ab3) x21 0x00000001
core   0: 0x80007030 (0x0144d893) srli    a7, s1, 20
core   0: 3 0x80007030 (0x0144d893) x17 0x00000000
core   0: 0x80007034 (0x00d0a333) slt     t1, ra, a3
core   0: 3 0x80007034 (0x00d0a333) x 6 0x00000000
core   0: 0x80007038 (0x0eea7b93) andi    s7, s4, 238
core   0: 3 0x80007038 (0x0eea7b93) x23 0x00000000
core   0: 0x8000703c (0x0206bdb3) mulhu   s11, a3, zero
core   0: 3 0x8000703c (0x0206bdb3) x27 0x00000000
core   0: 0x80007040 (0x009ad313) srli    t1, s5, 9
core   0: 3 0x80007040 (0x009ad313) x 6 0x00000000
core   0: 0x80007044 (0x0232d4b3) divu    s1, t0, gp
core   0: 3 0x80007044 (0x0232d4b3) x 9 0x00000002
core   0: 0x80007048 (0x412a05b3) sub     a1, s4, s2
core   0: 3 0x80007048 (0x412a05b3) x11 0x62a63fff
core   0: 0x8000704c (0x0043d1b3) srl     gp, t2, tp
core   0: 3 0x8000704c (0x0043d1b3) x 3 0x00000000
core   0: 0x80007050 (0x035ea8b3) mulhsu  a7, t4, s5
core   0: 3 0x80007050 (0x035ea8b3) x17 0x00000000
core   0: 0x80007054 (0x3382b537) lui     a0, 0x3382b
core   0: 3 0x80007054 (0x3382b537) x10 0x3382b000
core   0: 0x80007058 (0x014008b3) add     a7, zero, s4
core   0: 3 0x80007058 (0x014008b3) x17 0x62a64000
core   0: 0x8000705c (0x023e67b3) rem     a5, t3, gp
core   0: 3 0x8000705c (0x023e67b3) x15 0x00000000
core   0: 0x80007060 (0x0f86c393) xori    t2, a3, 248
core   0: 3 0x80007060 (0x0f86c393) x 7 0xfffffb05
core   0: 0x80007064 (0x86b51897) auipc   a7, 0x86b51
core   0: 3 0x80007064 (0x86b51897) x17 0x06b58064
core   0: 0x80007068 (0x212cf417) auipc   s0, 0x212cf
core   0: 3 0x80007068 (0x212cf417) x 8 0xa12d6068
core   0: 0x8000706c (0xea1d8797) auipc   a5, 0xea1d8
core   0: 3 0x8000706c (0xea1d8797) x15 0x6a1df06c
core   0: 0x80007070 (0xfdabc097) auipc   ra, 0xfdabc
core   0: 3 0x80007070 (0xfdabc097) x 1 0x7dac3070
core   0: 0x80007074 (0x01421db3) sll     s11, tp, s4
core   0: 3 0x80007074 (0x01421db3) x27 0xffffffff
core   0: 0x80007078 (0x0033e0b3) or      ra, t2, gp
core   0: 3 0x80007078 (0x0033e0b3) x 1 0xfffffb05
core   0: 0x8000707c (0x033618b3) mulh    a7, a2, s3
core   0: 3 0x8000707c (0x033618b3) x17 0xffffffff
core   0: 0x80007080 (0x003a18b3) sll     a7, s4, gp
core   0: 3 0x80007080 (0x003a18b3) x17 0x62a64000
core   0: 0x80007084 (0x02cac533) div     a0, s5, a2
core   0: 3 0x80007084 (0x02cac533) x10 0x00000001
core   0: 0x80007088 (0x0d7c2313) slti    t1, s8, 215
core   0: 3 0x80007088 (0x0d7c2313) x 6 0x00000001
core   0: 0x8000708c (0x068c2493) slti    s1, s8, 104
core   0: 3 0x8000708c (0x068c2493) x 9 0x00000001
core   0: 0x80007090 (0x37400eb7) lui     t4, 0x37400
core   0: 3 0x80007090 (0x37400eb7) x29 0x37400000
core   0: 0x80007094 (0x3489b597) auipc   a1, 0x3489b
core   0: 3 0x80007094 (0x3489b597) x11 0xb48a2094
core   0: 0x80007098 (0x00465593) srli    a1, a2, 4
core   0: 3 0x80007098 (0x00465593) x11 0x00000000
core   0: 0x8000709c (0xa47085b7) lui     a1, 0xa4708
core   0: 3 0x8000709c (0xa47085b7) x11 0xa4708000
core   0: 0x800070a0 (0x00000013) nop
core   0: 3 0x800070a0 (0x00000013)
core   0: 0x800070a4 (0x038c8f33) mul     t5, s9, s8
core   0: 3 0x800070a4 (0x038c8f33) x30 0x7fcd0f60
core   0: 0x800070a8 (0x00000013) nop
core   0: 3 0x800070a8 (0x00000013)
core   0: 0x800070ac (0x02217033) remu    zero, sp, sp
core   0: 3 0x800070ac (0x02217033)
core   0: 0x800070b0 (0xe43b7db7) lui     s11, 0xe43b7
core   0: 3 0x800070b0 (0xe43b7db7) x27 0xe43b7000
core   0: 0x800070b4 (0x03c14a33) div     s4, sp, t3
core   0: 3 0x800070b4 (0x03c14a33) x20 0xffffffff
core   0: 0x800070b8 (0x014f33b3) sltu    t2, t5, s4
core   0: 3 0x800070b8 (0x014f33b3) x 7 0x00000001
core   0: 0x800070bc (0x410151b3) sra     gp, sp, a6
core   0: 3 0x800070bc (0x410151b3) x 3 0x80014e64
core   0: 0x800070c0 (0x01fcd633) srl     a2, s9, t6
core   0: 3 0x800070c0 (0x01fcd633) x12 0x7c000a73
core   0: 0x800070c4 (0x01325eb3) srl     t4, tp, s3
core   0: 3 0x800070c4 (0x01325eb3) x29 0xffffffff
core   0: 0x800070c8 (0x01241833) sll     a6, s0, s2
core   0: 3 0x800070c8 (0x01241833) x16 0x425ac0d0
core   0: 0x800070cc (0x01171833) sll     a6, a4, a7
core   0: 3 0x800070cc (0x01171833) x16 0x80018ce4
core   0: 0x800070d0 (0x0129d033) srl     zero, s3, s2
core   0: 3 0x800070d0 (0x0129d033)
core   0: 0x800070d4 (0x40158833) sub     a6, a1, ra
core   0: 3 0x800070d4 (0x40158833) x16 0xa47084fb
core   0: 0x800070d8 (0x004c9413) slli    s0, s9, 4
core   0: 3 0x800070d8 (0x004c9413) x 8 0x80014e60
core   0: 0x800070dc (0x0059a633) slt     a2, s3, t0
core   0: 3 0x800070dc (0x0059a633) x12 0x00000001
core   0: 0x800070e0 (0x01aefab3) and     s5, t4, s10
core   0: 3 0x800070e0 (0x01aefab3) x21 0xfffffff0
core   0: 0x800070e4 (0xf32aac93) slti    s9, s5, -206
core   0: 3 0x800070e4 (0xf32aac93) x25 0x00000000
core   0: 0x800070e8 (0xea2f6513) ori     a0, t5, -350
core   0: 3 0x800070e8 (0xea2f6513) x10 0xffffffe2
core   0: 0x800070ec (0x0192d313) srli    t1, t0, 25
core   0: 3 0x800070ec (0x0192d313) x 6 0x0000007b
core   0: 0x800070f0 (0x00ac9033) sll     zero, s9, a0
core   0: 3 0x800070f0 (0x00ac9033)
core   0: 0x800070f4 (0x01869813) slli    a6, a3, 24
core   0: 3 0x800070f4 (0x01869813) x16 0xfd000000
core   0: 0x800070f8 (0xe4b76f13) ori     t5, a4, -437
core   0: 3 0x800070f8 (0xe4b76f13) x30 0xfffffeef
core   0: 0x800070fc (0x00000013) nop
core   0: 3 0x800070fc (0x00000013)
core   0: 0x80007100 (0x001c5933) srl     s2, s8, ra
core   0: 3 0x80007100 (0x001c5933) x18 0x07ffffec
core   0: 0x80007104 (0x02d35db3) divu    s11, t1, a3
core   0: 3 0x80007104 (0x02d35db3) x27 0x00000000
core   0: 0x80007108 (0x03998eb3) mul     t4, s3, s9
core   0: 3 0x80007108 (0x03998eb3) x29 0x00000000
core   0: 0x8000710c (0x010e00b3) add     ra, t3, a6
core   0: 3 0x8000710c (0x010e00b3) x 1 0xfd000000
core   0: 0x80007110 (0x6d8d6013) ori     zero, s10, 1752
core   0: 3 0x80007110 (0x6d8d6013)
core   0: 0x80007114 (0x03303333) mulhu   t1, zero, s3
core   0: 3 0x80007114 (0x03303333) x 6 0x00000000
core   0: 0x80007118 (0xf10faf13) slti    t5, t6, -240
core   0: 3 0x80007118 (0xf10faf13) x30 0x00000000
core   0: 0x8000711c (0x01d84eb3) xor     t4, a6, t4
core   0: 3 0x8000711c (0x01d84eb3) x29 0xfd000000
core   0: 0x80007120 (0x40cf56b3) sra     a3, t5, a2
core   0: 3 0x80007120 (0x40cf56b3) x13 0x00000000
core   0: 0x80007124 (0x00b291b3) sll     gp, t0, a1
core   0: 3 0x80007124 (0x00b291b3) x 3 0xf6416d2c
core   0: 0x80007128 (0x41c6dbb3) sra     s7, a3, t3
core   0: 3 0x80007128 (0x41c6dbb3) x23 0x00000000
core   0: 0x8000712c (0x00000013) nop
core   0: 3 0x8000712c (0x00000013)
core   0: 0x80007130 (0x03d495b3) mulh    a1, s1, t4
core   0: 3 0x80007130 (0x03d495b3) x11 0xffffffff
core   0: 0x80007134 (0x0129f4b3) and     s1, s3, s2
core   0: 3 0x80007134 (0x0129f4b3) x 9 0x04e40000
core   0: 0x80007138 (0x005771b3) and     gp, a4, t0
core   0: 3 0x80007138 (0x005771b3) x 3 0x80010c24
core   0: 0x8000713c (0x0e5e0393) addi    t2, t3, 229
core   0: 3 0x8000713c (0x0e5e0393) x 7 0x000000e5
core   0: 0x80007140 (0x01550eb3) add     t4, a0, s5
core   0: 3 0x80007140 (0x01550eb3) x29 0xffffffd2
core   0: 0x80007144 (0x8be73513) sltiu   a0, a4, -1858
core   0: 3 0x80007144 (0x8be73513) x10 0x00000001
core   0: 0x80007148 (0x00ea01b3) add     gp, s4, a4
core   0: 3 0x80007148 (0x00ea01b3) x 3 0x80018ce3
core   0: 0x8000714c (0x0053c633) xor     a2, t2, t0
core   0: 3 0x8000714c (0x0053c633) x12 0xf6416dc9
core   0: 0x80007150 (0x40dbd793) srai    a5, s7, 13
core   0: 3 0x80007150 (0x40dbd793) x15 0x00000000
core   0: 0x80007154 (0x02c96eb3) rem     t4, s2, a2
core   0: 3 0x80007154 (0x02c96eb3) x29 0x07ffffec
core   0: 0x80007158 (0x03f62db3) mulhsu  s11, a2, t6
core   0: 3 0x80007158 (0x03f62db3) x27 0xffffffff
core   0: 0x8000715c (0x020f58b3) divu    a7, t5, zero
core   0: 3 0x8000715c (0x020f58b3) x17 0xffffffff
core   0: 0x80007160 (0x037f8cb7) lui     s9, 0x37f8
core   0: 3 0x80007160 (0x037f8cb7) x25 0x037f8000
core   0: 0x80007164 (0x00c3a397) auipc   t2, 0xc3a
core   0: 3 0x80007164 (0x00c3a397) x 7 0x80c41164
core   0: 0x80007168 (0x002ff833) and     a6, t6, sp
core   0: 3 0x80007168 (0x002ff833) x16 0x00000000
core   0: 0x8000716c (0x02b851b3) divu    gp, a6, a1
core   0: 3 0x8000716c (0x02b851b3) x 3 0x00000000
core   0: 0x80007170 (0xec3d3593) sltiu   a1, s10, -317
core   0: 3 0x80007170 (0xec3d3593) x11 0x00000000
core   0: 0x80007174 (0x407e5b33) sra     s6, t3, t2
core   0: 3 0x80007174 (0x407e5b33) x22 0x00000000
core   0: 0x80007178 (0x00a85c93) srli    s9, a6, 10
core   0: 3 0x80007178 (0x00a85c93) x25 0x00000000
core   0: 0x8000717c (0x0183c533) xor     a0, t2, s8
core   0: 3 0x8000717c (0x0183c533) x10 0x7f3becf4
core   0: 0x80007180 (0x5bc376b7) lui     a3, 0x5bc37
core   0: 3 0x80007180 (0x5bc376b7) x13 0x5bc37000
core   0: 0x80007184 (0x005a2e33) slt     t3, s4, t0
core   0: 3 0x80007184 (0x005a2e33) x28 0x00000000
core   0: 0x80007188 (0x0339a4b3) mulhsu  s1, s3, s3
core   0: 3 0x80007188 (0x0339a4b3) x 9 0xc0a62b10
core   0: 0x8000718c (0x02f25533) divu    a0, tp, a5
core   0: 3 0x8000718c (0x02f25533) x10 0xffffffff
core   0: 0x80007190 (0xaf8c2893) slti    a7, s8, -1288
core   0: 3 0x80007190 (0xaf8c2893) x17 0x00000000
core   0: 0x80007194 (0x409608b3) sub     a7, a2, s1
core   0: 3 0x80007194 (0x409608b3) x17 0x359b42b9
core   0: 0x80007198 (0x01361013) slli    zero, a2, 19
core   0: 3 0x80007198 (0x01361013)
core   0: 0x8000719c (0x85d90513) addi    a0, s2, -1955
core   0: 3 0x8000719c (0x85d90513) x10 0x07fff849
core   0: 0x800071a0 (0x0390eeb3) rem     t4, ra, s9
core   0: 3 0x800071a0 (0x0390eeb3) x29 0xfd000000
core   0: 0x800071a4 (0x03d6f0b3) remu    ra, a3, t4
core   0: 3 0x800071a4 (0x03d6f0b3) x 1 0x5bc37000
core   0: 0x800071a8 (0x65663513) sltiu   a0, a2, 1622
core   0: 3 0x800071a8 (0x65663513) x10 0x00000000
core   0: 0x800071ac (0x00751e13) slli    t3, a0, 7
core   0: 3 0x800071ac (0x00751e13) x28 0x00000000
core   0: 0x800071b0 (0x4117da33) sra     s4, a5, a7
core   0: 3 0x800071b0 (0x4117da33) x20 0x00000000
core   0: 0x800071b4 (0x00f624b3) slt     s1, a2, a5
core   0: 3 0x800071b4 (0x00f624b3) x 9 0x00000001
core   0: 0x800071b8 (0x017f06b3) add     a3, t5, s7
core   0: 3 0x800071b8 (0x017f06b3) x13 0x00000000
core   0: 0x800071bc (0x01f87e33) and     t3, a6, t6
core   0: 3 0x800071bc (0x01f87e33) x28 0x00000000
core   0: 0x800071c0 (0x00967a33) and     s4, a2, s1
core   0: 3 0x800071c0 (0x00967a33) x20 0x00000001
core   0: 0x800071c4 (0x017368b3) or      a7, t1, s7
core   0: 3 0x800071c4 (0x017368b3) x17 0x00000000
core   0: 0x800071c8 (0x825a9537) lui     a0, 0x825a9
core   0: 3 0x800071c8 (0x825a9537) x10 0x825a9000
core   0: 0x800071cc (0x00000013) nop
core   0: 3 0x800071cc (0x00000013)
core   0: 0x800071d0 (0x0834b393) sltiu   t2, s1, 131
core   0: 3 0x800071d0 (0x0834b393) x 7 0x00000001
core   0: 0x800071d4 (0x0248f833) remu    a6, a7, tp
core   0: 3 0x800071d4 (0x0248f833) x16 0x00000000
core   0: 0x800071d8 (0x69be2693) slti    a3, t3, 1691
core   0: 3 0x800071d8 (0x69be2693) x13 0x00000001
core   0: 0x800071dc (0x003e16b3) sll     a3, t3, gp
core   0: 3 0x800071dc (0x003e16b3) x13 0x00000000
core   0: 0x800071e0 (0x53fc2913) slti    s2, s8, 1343
core   0: 3 0x800071e0 (0x53fc2913) x18 0x00000001
core   0: 0x800071e4 (0x00239533) sll     a0, t2, sp
core   0: 3 0x800071e4 (0x00239533) x10 0x00000010
core   0: 0x800071e8 (0xb452f517) auipc   a0, 0xb452f
core   0: 3 0x800071e8 (0xb452f517) x10 0x345361e8
core   0: 0x800071ec (0xb99b7b13) andi    s6, s6, -1127
core   0: 3 0x800071ec (0xb99b7b13) x22 0x00000000
core   0: 0x800071f0 (0x027661b3) rem     gp, a2, t2
core   0: 3 0x800071f0 (0x027661b3) x 3 0x00000000
core   0: 0x800071f4 (0x0379ffb3) remu    t6, s3, s7
core   0: 3 0x800071f4 (0x0379ffb3) x31 0x8ce40000
core   0: 0x800071f8 (0x000bdd93) srli    s11, s7, 0
core   0: 3 0x800071f8 (0x000bdd93) x27 0x00000000
core   0: 0x800071fc (0x0236fcb3) remu    s9, a3, gp
core   0: 3 0x800071fc (0x0236fcb3) x25 0x00000000
core   0: 0x80007200 (0x2783ff13) andi    t5, t2, 632
core   0: 3 0x80007200 (0x2783ff13) x30 0x00000000
core   0: 0x80007204 (0x135e0c93) addi    s9, t3, 309
core   0: 3 0x80007204 (0x135e0c93) x25 0x00000135
core   0: 0x80007208 (0xf6182013) slti    zero, a6, -159
core   0: 3 0x80007208 (0xf6182013)
core   0: 0x8000720c (0x7e0ff413) andi    s0, t6, 2016
core   0: 3 0x8000720c (0x7e0ff413) x 8 0x00000000
core   0: 0x80007210 (0x02057bb3) remu    s7, a0, zero
core   0: 3 0x80007210 (0x02057bb3) x23 0x345361e8
core   0: 0x80007214 (0x00c233b3) sltu    t2, tp, a2
core   0: 3 0x80007214 (0x00c233b3) x 7 0x00000000
core   0: 0x80007218 (0x02702db3) mulhsu  s11, zero, t2
core   0: 3 0x80007218 (0x02702db3) x27 0x00000000
core   0: 0x8000721c (0x62ce2917) auipc   s2, 0x62ce2
core   0: 3 0x8000721c (0x62ce2917) x18 0xe2ce921c
core   0: 0x80007220 (0x00c9e533) or      a0, s3, a2
core   0: 3 0x80007220 (0x00c9e533) x10 0xfee56dc9
core   0: 0x80007224 (0x018438b3) sltu    a7, s0, s8
core   0: 3 0x80007224 (0x018438b3) x17 0x00000001
core   0: 0x80007228 (0x02932433) mulhsu  s0, t1, s1
core   0: 3 0x80007228 (0x02932433) x 8 0x00000000
core   0: 0x8000722c (0x01e81e33) sll     t3, a6, t5
core   0: 3 0x8000722c (0x01e81e33) x28 0x00000000
core   0: 0x80007230 (0x003c5513) srli    a0, s8, 3
core   0: 3 0x80007230 (0x003c5513) x10 0x1fffffb2
core   0: 0x80007234 (0x00668533) add     a0, a3, t1
core   0: 3 0x80007234 (0x00668533) x10 0x00000000
core   0: 0x80007238 (0x00312233) slt     tp, sp, gp
core   0: 3 0x80007238 (0x00312233) x 4 0x00000001
core   0: 0x8000723c (0xe4ad7cb7) lui     s9, 0xe4ad7
core   0: 3 0x8000723c (0xe4ad7cb7) x25 0xe4ad7000
core   0: 0x80007240 (0x11fceb13) ori     s6, s9, 287
core   0: 3 0x80007240 (0x11fceb13) x22 0xe4ad711f
core   0: 0x80007244 (0x00db0233) add     tp, s6, a3
core   0: 3 0x80007244 (0x00db0233) x 4 0xe4ad711f
core   0: 0x80007248 (0x019c6bb3) or      s7, s8, s9
core   0: 3 0x80007248 (0x019c6bb3) x23 0xfffffd90
core   0: 0x8000724c (0x030cfd33) remu    s10, s9, a6
core   0: 3 0x8000724c (0x030cfd33) x26 0xe4ad7000
core   0: 0x80007250 (0x0187d1b3) srl     gp, a5, s8
core   0: 3 0x80007250 (0x0187d1b3) x 3 0x00000000
core   0: 0x80007254 (0x023ff533) remu    a0, t6, gp
core   0: 3 0x80007254 (0x023ff533) x10 0x8ce40000
core   0: 0x80007258 (0x035a9eb3) mulh    t4, s5, s5
core   0: 3 0x80007258 (0x035a9eb3) x29 0x00000000
core   0: 0x8000725c (0x417554b3) sra     s1, a0, s7
core   0: 3 0x8000725c (0x417554b3) x 9 0xffff8ce4
core   0: 0x80007260 (0x00000013) nop
core   0: 3 0x80007260 (0x00000013)
core   0: 0x80007264 (0x039dfcb3) remu    s9, s11, s9
core   0: 3 0x80007264 (0x039dfcb3) x25 0x00000000
core   0: 0x80007268 (0x3bd1ee13) ori     t3, gp, 957
core   0: 3 0x80007268 (0x3bd1ee13) x28 0x000003bd
core   0: 0x8000726c (0x03168b33) mul     s6, a3, a7
core   0: 3 0x8000726c (0x03168b33) x22 0x00000000
core   0: 0x80007270 (0x01c8a8b3) slt     a7, a7, t3
core   0: 3 0x80007270 (0x01c8a8b3) x17 0x00000001
core   0: 0x80007274 (0x13f2ab17) auipc   s6, 0x13f2a
core   0: 3 0x80007274 (0x13f2ab17) x22 0x93f31274
core   0: 0x80007278 (0x0340f0b3) remu    ra, ra, s4
core   0: 3 0x80007278 (0x0340f0b3) x 1 0x00000000
core   0: 0x8000727c (0x7a0f7013) andi    zero, t5, 1952
core   0: 3 0x8000727c (0x7a0f7013)
core   0: 0x80007280 (0x00000013) nop
core   0: 3 0x80007280 (0x00000013)
core   0: 0x80007284 (0xfd7cd617) auipc   a2, 0xfd7cd
core   0: 3 0x80007284 (0xfd7cd617) x12 0x7d7d4284
core   0: 0x80007288 (0x027240b3) div     ra, tp, t2
core   0: 3 0x80007288 (0x027240b3) x 1 0xffffffff
core   0: 0x8000728c (0x02d00633) mul     a2, zero, a3
core   0: 3 0x8000728c (0x02d00633) x12 0x00000000
core   0: 0x80007290 (0x0055bab3) sltu    s5, a1, t0
core   0: 3 0x80007290 (0x0055bab3) x21 0x00000001
core   0: 0x80007294 (0x9f6c8437) lui     s0, 0x9f6c8
core   0: 3 0x80007294 (0x9f6c8437) x 8 0x9f6c8000
core   0: 0x80007298 (0x0088ea33) or      s4, a7, s0
core   0: 3 0x80007298 (0x0088ea33) x20 0x9f6c8001
core   0: 0x8000729c (0x00974333) xor     t1, a4, s1
core   0: 3 0x8000729c (0x00974333) x 6 0x7ffe0000
core   0: 0x800072a0 (0x40015393) srai    t2, sp, 0
core   0: 3 0x800072a0 (0x40015393) x 7 0x80014e64
core   0: 0x800072a4 (0x00000013) nop
core   0: 3 0x800072a4 (0x00000013)
core   0: 0x800072a8 (0x03fdc5b3) div     a1, s11, t6
core   0: 3 0x800072a8 (0x03fdc5b3) x11 0x00000000
core   0: 0x800072ac (0x3ffa2a13) slti    s4, s4, 1023
core   0: 3 0x800072ac (0x3ffa2a13) x20 0x00000001
core   0: 0x800072b0 (0x406bd433) sra     s0, s7, t1
core   0: 3 0x800072b0 (0x406bd433) x 8 0xfffffd90
core   0: 0x800072b4 (0x039735b3) mulhu   a1, a4, s9
core   0: 3 0x800072b4 (0x039735b3) x11 0x00000000
core   0: 0x800072b8 (0x0160d613) srli    a2, ra, 22
core   0: 3 0x800072b8 (0x0160d613) x12 0x000003ff
core   0: 0x800072bc (0x02c7b0b3) mulhu   ra, a5, a2
core   0: 3 0x800072bc (0x02c7b0b3) x 1 0x00000000
core   0: 0x800072c0 (0x409e8cb3) sub     s9, t4, s1
core   0: 3 0x800072c0 (0x409e8cb3) x25 0x0000731c
core   0: 0x800072c4 (0x0166f533) and     a0, a3, s6
core   0: 3 0x800072c4 (0x0166f533) x10 0x00000000
core   0: 0x800072c8 (0x0036a533) slt     a0, a3, gp
core   0: 3 0x800072c8 (0x0036a533) x10 0x00000000
core   0: 0x800072cc (0x01d19793) slli    a5, gp, 29
core   0: 3 0x800072cc (0x01d19793) x15 0x00000000
core   0: 0x800072d0 (0xdff47193) andi    gp, s0, -513
core   0: 3 0x800072d0 (0xdff47193) x 3 0xfffffd90
core   0: 0x800072d4 (0xe63d3f13) sltiu   t5, s10, -413
core   0: 3 0x800072d4 (0xe63d3f13) x30 0x00000001
core   0: 0x800072d8 (0x03be77b3) remu    a5, t3, s11
core   0: 3 0x800072d8 (0x03be77b3) x15 0x000003bd
core   0: 0x800072dc (0x41195193) srai    gp, s2, 17
core   0: 3 0x800072dc (0x41195193) x 3 0xfffff167
core   0: 0x800072e0 (0x0011a7b3) slt     a5, gp, ra
core   0: 3 0x800072e0 (0x0011a7b3) x15 0x00000001
core   0: 0x800072e4 (0xc7cf0193) addi    gp, t5, -900
core   0: 3 0x800072e4 (0xc7cf0193) x 3 0xfffffc7d
core   0: 0x800072e8 (0x01048d33) add     s10, s1, a6
core   0: 3 0x800072e8 (0x01048d33) x26 0xffff8ce4
core   0: 0x800072ec (0x030485b3) mul     a1, s1, a6
core   0: 3 0x800072ec (0x030485b3) x11 0x00000000
core   0: 0x800072f0 (0x75fd2d93) slti    s11, s10, 1887
core   0: 3 0x800072f0 (0x75fd2d93) x27 0x00000001
core   0: 0x800072f4 (0x324a4413) xori    s0, s4, 804
core   0: 3 0x800072f4 (0x324a4413) x 8 0x00000325
core   0: 0x800072f8 (0x5dcaea93) ori     s5, s5, 1500
core   0: 3 0x800072f8 (0x5dcaea93) x21 0x000005dd
core   0: 0x800072fc (0x029a4cb3) div     s9, s4, s1
core   0: 3 0x800072fc (0x029a4cb3) x25 0x00000000
core   0: 0x80007300 (0xff89ec13) ori     s8, s3, -8
core   0: 3 0x80007300 (0xff89ec13) x24 0xfffffff8
core   0: 0x80007304 (0xdf2ea793) slti    a5, t4, -526
core   0: 3 0x80007304 (0xdf2ea793) x15 0x00000000
core   0: 0x80007308 (0x011a5313) srli    t1, s4, 17
core   0: 3 0x80007308 (0x011a5313) x 6 0x00000000
core   0: 0x8000730c (0x00c99393) slli    t2, s3, 12
core   0: 3 0x8000730c (0x00c99393) x 7 0x40000000
core   0: 0x80007310 (0x00a77b33) and     s6, a4, a0
core   0: 3 0x80007310 (0x00a77b33) x22 0x00000000
core   0: 0x80007314 (0x02080933) mul     s2, a6, zero
core   0: 3 0x80007314 (0x02080933) x18 0x00000000
core   0: 0x80007318 (0x406c5a93) srai    s5, s8, 6
core   0: 3 0x80007318 (0x406c5a93) x21 0xffffffff
core   0: 0x8000731c (0x78b3c813) xori    a6, t2, 1931
core   0: 3 0x8000731c (0x78b3c813) x16 0x4000078b
core   0: 0x80007320 (0x01956333) or      t1, a0, s9
core   0: 3 0x80007320 (0x01956333) x 6 0x00000000
core   0: 0x80007324 (0x5b387313) andi    t1, a6, 1459
core   0: 3 0x80007324 (0x5b387313) x 6 0x00000583
core   0: 0x80007328 (0x401bd433) sra     s0, s7, ra
core   0: 3 0x80007328 (0x401bd433) x 8 0xfffffd90
core   0: 0x8000732c (0x017a6fb3) or      t6, s4, s7
core   0: 3 0x8000732c (0x017a6fb3) x31 0xfffffd91
core   0: 0x80007330 (0x03fc6fb3) rem     t6, s8, t6
core   0: 3 0x80007330 (0x03fc6fb3) x31 0xfffffff8
core   0: 0x80007334 (0x816e8513) addi    a0, t4, -2026
core   0: 3 0x80007334 (0x816e8513) x10 0xfffff816
core   0: 0x80007338 (0x77944e13) xori    t3, s0, 1913
core   0: 3 0x80007338 (0x77944e13) x28 0xfffffae9
core   0: 0x8000733c (0x589cf3b7) lui     t2, 0x589cf
core   0: 3 0x8000733c (0x589cf3b7) x 7 0x589cf000
core   0: 0x80007340 (0x11b64b93) xori    s7, a2, 283
core   0: 3 0x80007340 (0x11b64b93) x23 0x000002e4
core   0: 0x80007344 (0xe58c4993) xori    s3, s8, -424
core   0: 3 0x80007344 (0xe58c4993) x19 0x000001a0
core   0: 0x80007348 (0x00d950b3) srl     ra, s2, a3
core   0: 3 0x80007348 (0x00d950b3) x 1 0x00000000
core   0: 0x8000734c (0x00d209b3) add     s3, tp, a3
core   0: 3 0x8000734c (0x00d209b3) x19 0xe4ad711f
core   0: 0x80007350 (0x0243d433) divu    s0, t2, tp
core   0: 3 0x80007350 (0x0243d433) x 8 0x00000000
core   0: 0x80007354 (0xae573393) sltiu   t2, a4, -1307
core   0: 3 0x80007354 (0xae573393) x 7 0x00000001
core   0: 0x80007358 (0x014eeab3) or      s5, t4, s4
core   0: 3 0x80007358 (0x014eeab3) x21 0x00000001
core   0: 0x8000735c (0x03ec3cb3) mulhu   s9, s8, t5
core   0: 3 0x8000735c (0x03ec3cb3) x25 0x00000000
core   0: 0x80007360 (0x02becb33) div     s6, t4, a1
core   0: 3 0x80007360 (0x02becb33) x22 0xffffffff
core   0: 0x80007364 (0x02dd0db3) mul     s11, s10, a3
core   0: 3 0x80007364 (0x02dd0db3) x27 0x00000000
core   0: 0x80007368 (0xaaec6f13) ori     t5, s8, -1362
core   0: 3 0x80007368 (0xaaec6f13) x30 0xfffffffe
core   0: 0x8000736c (0x03611833) mulh    a6, sp, s6
core   0: 3 0x8000736c (0x03611833) x16 0x00000000
core   0: 0x80007370 (0x000bde13) srli    t3, s7, 0
core   0: 3 0x80007370 (0x000bde13) x28 0x000002e4
core   0: 0x80007374 (0x00fa1c93) slli    s9, s4, 15
core   0: 3 0x80007374 (0x00fa1c93) x25 0x00008000
core   0: 0x80007378 (0x03052833) mulhsu  a6, a0, a6
core   0: 3 0x80007378 (0x03052833) x16 0x00000000
core   0: 0x8000737c (0xc4e23e93) sltiu   t4, tp, -946
core   0: 3 0x8000737c (0xc4e23e93) x29 0x00000001
core   0: 0x80007380 (0x00f20e33) add     t3, tp, a5
core   0: 3 0x80007380 (0x00f20e33) x28 0xe4ad711f
core   0: 0x80007384 (0x007de933) or      s2, s11, t2
core   0: 3 0x80007384 (0x007de933) x18 0x00000001
core   0: 0x80007388 (0x4135d933) sra     s2, a1, s3
core   0: 3 0x80007388 (0x4135d933) x18 0x00000000
core   0: 0x8000738c (0x03564533) div     a0, a2, s5
core   0: 3 0x8000738c (0x03564533) x10 0x000003ff
core   0: 0x80007390 (0x023996b3) mulh    a3, s3, gp
core   0: 3 0x80007390 (0x023996b3) x13 0x0000005f
core   0: 0x80007394 (0x6c818e13) addi    t3, gp, 1736
core   0: 3 0x80007394 (0x6c818e13) x28 0x00000345
core   0: 0x80007398 (0x0335b6b3) mulhu   a3, a1, s3
core   0: 3 0x80007398 (0x0335b6b3) x13 0x00000000
core   0: 0x8000739c (0x014844b3) xor     s1, a6, s4
core   0: 3 0x8000739c (0x014844b3) x 9 0x00000001
core   0: 0x800073a0 (0x4110da13) srai    s4, ra, 17
core   0: 3 0x800073a0 (0x4110da13) x20 0x00000000
core   0: 0x800073a4 (0xfc436313) ori     t1, t1, -60
core   0: 3 0x800073a4 (0xfc436313) x 6 0xffffffc7
core   0: 0x800073a8 (0x03891033) mulh    zero, s2, s8
core   0: 3 0x800073a8 (0x03891033)
core   0: 0x800073ac (0x03fb1c33) mulh    s8, s6, t6
core   0: 3 0x800073ac (0x03fb1c33) x24 0x00000000
core   0: 0x800073b0 (0xb9cbaf93) slti    t6, s7, -1124
core   0: 3 0x800073b0 (0xb9cbaf93) x31 0x00000000
core   0: 0x800073b4 (0x00000013) nop
core   0: 3 0x800073b4 (0x00000013)
core   0: 0x800073b8 (0xbce2a693) slti    a3, t0, -1074
core   0: 3 0x800073b8 (0xbce2a693) x13 0x00000001
core   0: 0x800073bc (0x404a5b13) srai    s6, s4, 4
core   0: 3 0x800073bc (0x404a5b13) x22 0x00000000
core   0: 0x800073c0 (0x02f09fb3) mulh    t6, ra, a5
core   0: 3 0x800073c0 (0x02f09fb3) x31 0x00000000
core   0: 0x800073c4 (0x34af7a93) andi    s5, t5, 842
core   0: 3 0x800073c4 (0x34af7a93) x21 0x0000034a
core   0: 0x800073c8 (0x00f9d593) srli    a1, s3, 15
core   0: 3 0x800073c8 (0x00f9d593) x11 0x0001c95a
core   0: 0x800073cc (0x037157b3) divu    a5, sp, s7
core   0: 3 0x800073cc (0x037157b3) x15 0x002c4868
core   0: 0x800073d0 (0x028870b3) remu    ra, a6, s0
core   0: 3 0x800073d0 (0x028870b3) x 1 0x00000000
core   0: 0x800073d4 (0x02b504b3) mul     s1, a0, a1
core   0: 3 0x800073d4 (0x02b504b3) x 9 0x07239ea6
core   0: 0x800073d8 (0x41ffd913) srai    s2, t6, 31
core   0: 3 0x800073d8 (0x41ffd913) x18 0x00000000
core   0: 0x800073dc (0x4168d8b3) sra     a7, a7, s6
core   0: 3 0x800073dc (0x4168d8b3) x17 0x00000001
core   0: 0x800073e0 (0x0381f033) remu    zero, gp, s8
core   0: 3 0x800073e0 (0x0381f033)
core   0: 0x800073e4 (0x02d403b3) mul     t2, s0, a3
core   0: 3 0x800073e4 (0x02d403b3) x 7 0x00000000
core   0: 0x800073e8 (0x03a5e7b3) rem     a5, a1, s10
core   0: 3 0x800073e8 (0x03a5e7b3) x15 0x00007006
core   0: 0x800073ec (0x8ce31eb7) lui     t4, 0x8ce31
core   0: 3 0x800073ec (0x8ce31eb7) x29 0x8ce31000
core   0: 0x800073f0 (0xfe0c0b13) addi    s6, s8, -32
core   0: 3 0x800073f0 (0xfe0c0b13) x22 0xffffffe0
core   0: 0x800073f4 (0x012bde33) srl     t3, s7, s2
core   0: 3 0x800073f4 (0x012bde33) x28 0x000002e4
core   0: 0x800073f8 (0x78c9cb93) xori    s7, s3, 1932
core   0: 3 0x800073f8 (0x78c9cb93) x23 0xe4ad7693
core   0: 0x800073fc (0x01a450b3) srl     ra, s0, s10
core   0: 3 0x800073fc (0x01a450b3) x 1 0x00000000
core   0: 0x80007400 (0x02bd3a33) mulhu   s4, s10, a1
core   0: 3 0x80007400 (0x02bd3a33) x20 0x0001c959
core   0: 0x80007404 (0xba96aa93) slti    s5, a3, -1111
core   0: 3 0x80007404 (0xba96aa93) x21 0x00000000
core   0: 0x80007408 (0x007b7533) and     a0, s6, t2
core   0: 3 0x80007408 (0x007b7533) x10 0x00000000
core   0: 0x8000740c (0x024ba0b3) mulhsu  ra, s7, tp
core   0: 3 0x8000740c (0x024ba0b3) x 1 0xe797fac1
core   0: 0x80007410 (0x036235b3) mulhu   a1, tp, s6
core   0: 3 0x80007410 (0x036235b3) x11 0xe4ad7102
core   0: 0x80007414 (0x03408fb3) mul     t6, ra, s4
core   0: 3 0x80007414 (0x03408fb3) x31 0xd278b619
core   0: 0x80007418 (0x01ff5613) srli    a2, t5, 31
core   0: 3 0x80007418 (0x01ff5613) x12 0x00000001
core   0: 0x8000741c (0x00e51693) slli    a3, a0, 14
core   0: 3 0x8000741c (0x00e51693) x13 0x00000000
core   0: 0x80007420 (0x021118b3) mulh    a7, sp, ra
core   0: 3 0x80007420 (0x021118b3) x17 0x0c33e2be
core   0: 0x80007424 (0x024c27b3) mulhsu  a5, s8, tp
core   0: 3 0x80007424 (0x024c27b3) x15 0x00000000
core   0: 0x80007428 (0x00565633) srl     a2, a2, t0
core   0: 3 0x80007428 (0x00565633) x12 0x00000000
core   0: 0x8000742c (0x020e9d33) mulh    s10, t4, zero
core   0: 3 0x8000742c (0x020e9d33) x26 0x00000000
core   0: 0x80007430 (0x00c06cb3) or      s9, zero, a2
core   0: 3 0x80007430 (0x00c06cb3) x25 0x00000000
core   0: 0x80007434 (0x67ce4493) xori    s1, t3, 1660
core   0: 3 0x80007434 (0x67ce4493) x 9 0x00000498
core   0: 0x80007438 (0x036b4633) div     a2, s6, s6
core   0: 3 0x80007438 (0x036b4633) x12 0x00000001
core   0: 0x8000743c (0x009d1833) sll     a6, s10, s1
core   0: 3 0x8000743c (0x009d1833) x16 0x00000000
core   0: 0x80007440 (0x03b65eb3) divu    t4, a2, s11
core   0: 3 0x80007440 (0x03b65eb3) x29 0xffffffff
core   0: 0x80007444 (0x00f20d33) add     s10, tp, a5
core   0: 3 0x80007444 (0x00f20d33) x26 0xe4ad711f
core   0: 0x80007448 (0x545cdc17) auipc   s8, 0x545cd
core   0: 3 0x80007448 (0x545cdc17) x24 0xd45d4448
core   0: 0x8000744c (0xf4c62d97) auipc   s11, 0xf4c62
core   0: 3 0x8000744c (0xf4c62d97) x27 0x74c6944c
core   0: 0x80007450 (0x96b5ac13) slti    s8, a1, -1685
core   0: 3 0x80007450 (0x96b5ac13) x24 0x00000001
core   0: 0x80007454 (0x02c80db3) mul     s11, a6, a2
core   0: 3 0x80007454 (0x02c80db3) x27 0x00000000
core   0: 0x80007458 (0xb32eba93) sltiu   s5, t4, -1230
core   0: 3 0x80007458 (0xb32eba93) x21 0x00000000
core   0: 0x8000745c (0x0281beb3) mulhu   t4, gp, s0
core   0: 3 0x8000745c (0x0281beb3) x29 0x00000000
core   0: 0x80007460 (0x4000dd13) srai    s10, ra, 0
core   0: 3 0x80007460 (0x4000dd13) x26 0xe797fac1
core   0: 0x80007464 (0x02bb54b3) divu    s1, s6, a1
core   0: 3 0x80007464 (0x02bb54b3) x 9 0x00000001
core   0: 0x80007468 (0x00f6da13) srli    s4, a3, 15
core   0: 3 0x80007468 (0x00f6da13) x20 0x00000000
core   0: 0x8000746c (0x036505b3) mul     a1, a0, s6
core   0: 3 0x8000746c (0x036505b3) x11 0x00000000
core   0: 0x80007470 (0x02018d33) mul     s10, gp, zero
core   0: 3 0x80007470 (0x02018d33) x26 0x00000000
core   0: 0x80007474 (0x001e39b3) sltu    s3, t3, ra
core   0: 3 0x80007474 (0x001e39b3) x19 0x00000001
core   0: 0x80007478 (0x0393e9b3) rem     s3, t2, s9
core   0: 3 0x80007478 (0x0393e9b3) x19 0x00000000
core   0: 0x8000747c (0x00000013) nop
core   0: 3 0x8000747c (0x00000013)
core   0: 0x80007480 (0x0279f633) remu    a2, s3, t2
core   0: 3 0x80007480 (0x0279f633) x12 0x00000000
core   0: 0x80007484 (0x02a216b3) mulh    a3, tp, a0
core   0: 3 0x80007484 (0x02a216b3) x13 0x00000000
core   0: 0x80007488 (0x41bcd6b3) sra     a3, s9, s11
core   0: 3 0x80007488 (0x41bcd6b3) x13 0x00000000
core   0: 0x8000748c (0x03e50533) mul     a0, a0, t5
core   0: 3 0x8000748c (0x03e50533) x10 0x00000000
core   0: 0x80007490 (0x03fc3833) mulhu   a6, s8, t6
core   0: 3 0x80007490 (0x03fc3833) x16 0x00000000
core   0: 0x80007494 (0x7bec3213) sltiu   tp, s8, 1982
core   0: 3 0x80007494 (0x7bec3213) x 4 0x00000001
core   0: 0x80007498 (0x03660f33) mul     t5, a2, s6
core   0: 3 0x80007498 (0x03660f33) x30 0x00000000
core   0: 0x8000749c (0x0357c8b3) div     a7, a5, s5
core   0: 3 0x8000749c (0x0357c8b3) x17 0xffffffff
core   0: 0x800074a0 (0x4055d633) sra     a2, a1, t0
core   0: 3 0x800074a0 (0x4055d633) x12 0x00000000
core   0: 0x800074a4 (0x01c72e33) slt     t3, a4, t3
core   0: 3 0x800074a4 (0x01c72e33) x28 0x00000001
core   0: 0x800074a8 (0x40ae01b3) sub     gp, t3, a0
core   0: 3 0x800074a8 (0x40ae01b3) x 3 0x00000001
core   0: 0x800074ac (0xe87d6237) lui     tp, 0xe87d6
core   0: 3 0x800074ac (0xe87d6237) x 4 0xe87d6000
core   0: 0x800074b0 (0x0193d597) auipc   a1, 0x193d
core   0: 3 0x800074b0 (0x0193d597) x11 0x819444b0
core   0: 0x800074b4 (0x015df433) and     s0, s11, s5
core   0: 3 0x800074b4 (0x015df433) x 8 0x00000000
core   0: 0x800074b8 (0x02d0bdb3) mulhu   s11, ra, a3
core   0: 3 0x800074b8 (0x02d0bdb3) x27 0x00000000
core   0: 0x800074bc (0xfa4e2237) lui     tp, 0xfa4e2
core   0: 3 0x800074bc (0xfa4e2237) x 4 0xfa4e2000
core   0: 0x800074c0 (0x01d29193) slli    gp, t0, 29
core   0: 3 0x800074c0 (0x01d29193) x 3 0x80000000
core   0: 0x800074c4 (0x01a85db3) srl     s11, a6, s10
core   0: 3 0x800074c4 (0x01a85db3) x27 0x00000000
core   0: 0x800074c8 (0x02bd7933) remu    s2, s10, a1
core   0: 3 0x800074c8 (0x02bd7933) x18 0x00000000
core   0: 0x800074cc (0x01a78433) add     s0, a5, s10
core   0: 3 0x800074cc (0x01a78433) x 8 0x00000000
core   0: 0x800074d0 (0x035e7033) remu    zero, t3, s5
core   0: 3 0x800074d0 (0x035e7033)
core   0: 0x800074d4 (0x40e20ab3) sub     s5, tp, a4
core   0: 3 0x800074d4 (0x40e20ab3) x21 0x7a4c931c
core   0: 0x800074d8 (0x01a85433) srl     s0, a6, s10
core   0: 3 0x800074d8 (0x01a85433) x 8 0x00000000
core   0: 0x800074dc (0x01220533) add     a0, tp, s2
core   0: 3 0x800074dc (0x01220533) x10 0xfa4e2000
core   0: 0x800074e0 (0x02d50533) mul     a0, a0, a3
core   0: 3 0x800074e0 (0x02d50533) x10 0x00000000
core   0: 0x800074e4 (0x022f3e33) mulhu   t3, t5, sp
core   0: 3 0x800074e4 (0x022f3e33) x28 0x00000000
core   0: 0x800074e8 (0x00aa2233) slt     tp, s4, a0
core   0: 3 0x800074e8 (0x00aa2233) x 4 0x00000000
core   0: 0x800074ec (0x005c9633) sll     a2, s9, t0
core   0: 3 0x800074ec (0x005c9633) x12 0x00000000
core   0: 0x800074f0 (0x03af89b3) mul     s3, t6, s10
core   0: 3 0x800074f0 (0x03af89b3) x19 0x00000000
core   0: 0x800074f4 (0x025f7933) remu    s2, t5, t0
core   0: 3 0x800074f4 (0x025f7933) x18 0x00000000
core   0: 0x800074f8 (0x0064c6b3) xor     a3, s1, t1
core   0: 3 0x800074f8 (0x0064c6b3) x13 0xffffffc6
core   0: 0x800074fc (0x009253b3) srl     t2, tp, s1
core   0: 3 0x800074fc (0x009253b3) x 7 0x00000000
core   0: 0x80007500 (0x0157ab33) slt     s6, a5, s5
core   0: 3 0x80007500 (0x0157ab33) x22 0x00000001
core   0: 0x80007504 (0x48724c13) xori    s8, tp, 1159
core   0: 3 0x80007504 (0x48724c13) x24 0x00000487
core   0: 0x80007508 (0x40995b13) srai    s6, s2, 9
core   0: 3 0x80007508 (0x40995b13) x22 0x00000000
core   0: 0x8000750c (0x035c18b3) mulh    a7, s8, s5
core   0: 3 0x8000750c (0x035c18b3) x17 0x00000229
core   0: 0x80007510 (0x01409eb3) sll     t4, ra, s4
core   0: 3 0x80007510 (0x01409eb3) x29 0xe797fac1
core   0: 0x80007514 (0x026bd333) divu    t1, s7, t1
core   0: 3 0x80007514 (0x026bd333) x 6 0x00000000
core   0: 0x80007518 (0x5ac2ea13) ori     s4, t0, 1452
core   0: 3 0x80007518 (0x5ac2ea13) x20 0xf6416dac
core   0: 0x8000751c (0x00000013) nop
core   0: 3 0x8000751c (0x00000013)
core   0: 0x80007520 (0x03771433) mulh    s0, a4, s7
core   0: 3 0x80007520 (0x03771433) x 8 0x0da91a5a
core   0: 0x80007524 (0x032a7f33) remu    t5, s4, s2
core   0: 3 0x80007524 (0x032a7f33) x30 0xf6416dac
core   0: 0x80007528 (0x001e23b3) slt     t2, t3, ra
core   0: 3 0x80007528 (0x001e23b3) x 7 0x00000000
core   0: 0x8000752c (0x01eec6b3) xor     a3, t4, t5
core   0: 3 0x8000752c (0x01eec6b3) x13 0x11d6976d
core   0: 0x80007530 (0x03268633) mul     a2, a3, s2
core   0: 3 0x80007530 (0x03268633) x12 0x00000000
core   0: 0x80007534 (0x86254f13) xori    t5, a0, -1950
core   0: 3 0x80007534 (0x86254f13) x30 0xfffff862
core   0: 0x80007538 (0x02840e33) mul     t3, s0, s0
core   0: 3 0x80007538 (0x02840e33) x28 0xf18a67a4
core   0: 0x8000753c (0x0218c3b3) div     t2, a7, ra
core   0: 3 0x8000753c (0x0218c3b3) x 7 0x00000000
core   0: 0x80007540 (0xb6f93f93) sltiu   t6, s2, -1169
core   0: 3 0x80007540 (0xb6f93f93) x31 0x00000001
core   0: 0x80007544 (0x7a6dac13) slti    s8, s11, 1958
core   0: 3 0x80007544 (0x7a6dac13) x24 0x00000001
core   0: 0x80007548 (0x00d905b3) add     a1, s2, a3
core   0: 3 0x80007548 (0x00d905b3) x11 0x11d6976d
core   0: 0x8000754c (0x03a6f833) remu    a6, a3, s10
core   0: 3 0x8000754c (0x03a6f833) x16 0x11d6976d
core   0: 0x80007550 (0x02c8edb3) rem     s11, a7, a2
core   0: 3 0x80007550 (0x02c8edb3) x27 0x00000229
core   0: 0x80007554 (0x02644433) div     s0, s0, t1
core   0: 3 0x80007554 (0x02644433) x 8 0xffffffff
core   0: 0x80007558 (0x015f0b33) add     s6, t5, s5
core   0: 3 0x80007558 (0x015f0b33) x22 0x7a4c8b7e
core   0: 0x8000755c (0x412b5533) sra     a0, s6, s2
core   0: 3 0x8000755c (0x412b5533) x10 0x7a4c8b7e
core   0: 0x80007560 (0x40ea5413) srai    s0, s4, 14
core   0: 3 0x80007560 (0x40ea5413) x 8 0xffffd905
core   0: 0x80007564 (0x0167df93) srli    t6, a5, 22
core   0: 3 0x80007564 (0x0167df93) x31 0x00000000
core   0: 0x80007568 (0x64827213) andi    tp, tp, 1608
core   0: 3 0x80007568 (0x64827213) x 4 0x00000000
core   0: 0x8000756c (0x03b2c0b3) div     ra, t0, s11
core   0: 3 0x8000756c (0x03b2c0b3) x 1 0xfffb7d31
core   0: 0x80007570 (0x03ca2c33) mulhsu  s8, s4, t3
core   0: 3 0x80007570 (0x03ca2c33) x24 0xf6ce5392
core   0: 0x80007574 (0x5a304013) xori    zero, zero, 1443
core   0: 3 0x80007574 (0x5a304013)
core   0: 0x80007578 (0xd9cf3097) auipc   ra, 0xd9cf3
core   0: 3 0x80007578 (0xd9cf3097) x 1 0x59cfa578
core   0: 0x8000757c (0x5b46fb93) andi    s7, a3, 1460
core   0: 3 0x8000757c (0x5b46fb93) x23 0x00000524
core   0: 0x80007580 (0x03d8ed33) rem     s10, a7, t4
core   0: 3 0x80007580 (0x03d8ed33) x26 0x00000229
core   0: 0x80007584 (0x0033e4b3) or      s1, t2, gp
core   0: 3 0x80007584 (0x0033e4b3) x 9 0x80000000
core   0: 0x80007588 (0xb03cbf93) sltiu   t6, s9, -1277
core   0: 3 0x80007588 (0xb03cbf93) x31 0x00000001
core   0: 0x8000758c (0x9e24c813) xori    a6, s1, -1566
core   0: 3 0x8000758c (0x9e24c813) x16 0x7ffff9e2
core   0: 0x80007590 (0x00dcb433) sltu    s0, s9, a3
core   0: 3 0x80007590 (0x00dcb433) x 8 0x00000001
core   0: 0x80007594 (0xe0c46313) ori     t1, s0, -500
core   0: 3 0x80007594 (0xe0c46313) x 6 0xfffffe0d
core   0: 0x80007598 (0x03e72933) mulhsu  s2, a4, t5
core   0: 3 0x80007598 (0x03e72933) x18 0x800190b2
core   0: 0x8000759c (0x02154f33) div     t5, a0, ra
core   0: 3 0x8000759c (0x02154f33) x30 0x00000001
core   0: 0x800075a0 (0x00fa75b3) and     a1, s4, a5
core   0: 3 0x800075a0 (0x00fa75b3) x11 0x00000000
core   0: 0x800075a4 (0x01e4ec33) or      s8, s1, t5
core   0: 3 0x800075a4 (0x01e4ec33) x24 0x80000001
core   0: 0x800075a8 (0x020af7b3) remu    a5, s5, zero
core   0: 3 0x800075a8 (0x020af7b3) x15 0x7a4c931c
core   0: 0x800075ac (0x791db793) sltiu   a5, s11, 1937
core   0: 3 0x800075ac (0x791db793) x15 0x00000001
core   0: 0x800075b0 (0x031bceb3) div     t4, s7, a7
core   0: 3 0x800075b0 (0x031bceb3) x29 0x00000002
core   0: 0x800075b4 (0x02c13533) mulhu   a0, sp, a2
core   0: 3 0x800075b4 (0x02c13533) x10 0x00000000
core   0: 0x800075b8 (0x01711bb3) sll     s7, sp, s7
core   0: 3 0x800075b8 (0x01711bb3) x23 0x0014e640
core   0: 0x800075bc (0x03a849b3) div     s3, a6, s10
core   0: 3 0x800075bc (0x03a849b3) x19 0x003b4143
core   0: 0x800075c0 (0x408a5613) srai    a2, s4, 8
core   0: 3 0x800075c0 (0x408a5613) x12 0xfff6416d
core   0: 0x800075c4 (0x00d0df13) srli    t5, ra, 13
core   0: 3 0x800075c4 (0x00d0df13) x30 0x0002ce7d
core   0: 0x800075c8 (0x03128f33) mul     t5, t0, a7
core   0: 3 0x800075c8 (0x03128f33) x30 0xf354d40c
core   0: 0x800075cc (0x01a65b33) srl     s6, a2, s10
core   0: 3 0x800075cc (0x01a65b33) x22 0x007ffb20
core   0: 0x800075d0 (0x01668fb3) add     t6, a3, s6
core   0: 3 0x800075d0 (0x01668fb3) x31 0x1256928d
core   0: 0x800075d4 (0x023cb233) mulhu   tp, s9, gp
core   0: 3 0x800075d4 (0x023cb233) x 4 0x00000000
core   0: 0x800075d8 (0x00375793) srli    a5, a4, 3
core   0: 3 0x800075d8 (0x00375793) x15 0x1000319c
core   0: 0x800075dc (0xbd369f17) auipc   t5, 0xbd369
core   0: 3 0x800075dc (0xbd369f17) x30 0x3d3705dc
core   0: 0x800075e0 (0x01670333) add     t1, a4, s6
core   0: 3 0x800075e0 (0x01670333) x 6 0x80818804
core   0: 0x800075e4 (0x00e5e6b3) or      a3, a1, a4
core   0: 3 0x800075e4 (0x00e5e6b3) x13 0x80018ce4
core   0: 0x800075e8 (0x13f1a413) slti    s0, gp, 319
core   0: 3 0x800075e8 (0x13f1a413) x 8 0x00000001
core   0: 0x800075ec (0x003e5933) srl     s2, t3, gp
core   0: 3 0x800075ec (0x003e5933) x18 0xf18a67a4
core   0: 0x800075f0 (0x00894333) xor     t1, s2, s0
core   0: 3 0x800075f0 (0x00894333) x 6 0xf18a67a5
core   0: 0x800075f4 (0x01a7e7b3) or      a5, a5, s10
core   0: 3 0x800075f4 (0x01a7e7b3) x15 0x100033bd
core   0: 0x800075f8 (0x0315e7b3) rem     a5, a1, a7
core   0: 3 0x800075f8 (0x0315e7b3) x15 0x00000000
core   0: 0x800075fc (0x013c5d33) srl     s10, s8, s3
core   0: 3 0x800075fc (0x013c5d33) x26 0x10000000
core   0: 0x80007600 (0x9ee8c693) xori    a3, a7, -1554
core   0: 3 0x80007600 (0x9ee8c693) x13 0xfffffbc7
core   0: 0x80007604 (0x035261b3) rem     gp, tp, s5
core   0: 3 0x80007604 (0x035261b3) x 3 0x00000000
core   0: 0x80007608 (0x00000013) nop
core   0: 3 0x80007608 (0x00000013)
core   0: 0x8000760c (0x00005db3) srl     s11, zero, zero
core   0: 3 0x8000760c (0x00005db3) x27 0x00000000
core   0: 0x80007610 (0x004695b3) sll     a1, a3, tp
core   0: 3 0x80007610 (0x004695b3) x11 0xfffffbc7
core   0: 0x80007614 (0x7a3d6393) ori     t2, s10, 1955
core   0: 3 0x80007614 (0x7a3d6393) x 7 0x100007a3
core   0: 0x80007618 (0x0002dd33) srl     s10, t0, zero
core   0: 3 0x80007618 (0x0002dd33) x26 0xf6416d2c
core   0: 0x8000761c (0x03a3cdb3) div     s11, t2, s10
core   0: 3 0x8000761c (0x03a3cdb3) x27 0xffffffff
core   0: 0x80007620 (0x41c1d593) srai    a1, gp, 28
core   0: 3 0x80007620 (0x41c1d593) x11 0x00000000
core   0: 0x80007624 (0x015b2bb3) slt     s7, s6, s5
core   0: 3 0x80007624 (0x015b2bb3) x23 0x00000001
core   0: 0x80007628 (0x002a7eb3) and     t4, s4, sp
core   0: 3 0x80007628 (0x002a7eb3) x29 0x80014c24
core   0: 0x8000762c (0x885c4613) xori    a2, s8, -1915
core   0: 3 0x8000762c (0x885c4613) x12 0x7ffff884
core   0: 0x80007630 (0x032a2033) mulhsu  zero, s4, s2
core   0: 3 0x80007630 (0x032a2033)
core   0: 0x80007634 (0x2266fc13) andi    s8, a3, 550
core   0: 3 0x80007634 (0x2266fc13) x24 0x00000206
core   0: 0x80007638 (0x00000013) nop
core   0: 3 0x80007638 (0x00000013)
core   0: 0x8000763c (0x029f7a33) remu    s4, t5, s1
core   0: 3 0x8000763c (0x029f7a33) x20 0x3d3705dc
core   0: 0x80007640 (0x0069cc33) xor     s8, s3, t1
core   0: 3 0x80007640 (0x0069cc33) x24 0xf1b126e6
core   0: 0x80007644 (0x00189533) sll     a0, a7, ra
core   0: 3 0x80007644 (0x00189533) x10 0x29000000
core   0: 0x80007648 (0x449cf693) andi    a3, s9, 1097
core   0: 3 0x80007648 (0x449cf693) x13 0x00000000
core   0: 0x8000764c (0xfc518693) addi    a3, gp, -59
core   0: 3 0x8000764c (0xfc518693) x13 0xffffffc5
core   0: 0x80007650 (0x0265b333) mulhu   t1, a1, t1
core   0: 3 0x80007650 (0x0265b333) x 6 0x00000000
core   0: 0x80007654 (0x6b2fac13) slti    s8, t6, 1714
core   0: 3 0x80007654 (0x6b2fac13) x24 0x00000000
core   0: 0x80007658 (0x112d8237) lui     tp, 0x112d8
core   0: 3 0x80007658 (0x112d8237) x 4 0x112d8000
core   0: 0x8000765c (0xe252b913) sltiu   s2, t0, -475
core   0: 3 0x8000765c (0xe252b913) x18 0x00000001
core   0: 0x80007660 (0x02b513b3) mulh    t2, a0, a1
core   0: 3 0x80007660 (0x02b513b3) x 7 0x00000000
core   0: 0x80007664 (0x00a461b3) or      gp, s0, a0
core   0: 3 0x80007664 (0x00a461b3) x 3 0x29000001
core   0: 0x80007668 (0xab67f817) auipc   a6, 0xab67f
core   0: 3 0x80007668 (0xab67f817) x16 0x2b686668
core   0: 0x8000766c (0x1ef82593) slti    a1, a6, 495
core   0: 3 0x8000766c (0x1ef82593) x11 0x00000000
core   0: 0x80007670 (0x40bbdd13) srai    s10, s7, 11
core   0: 3 0x80007670 (0x40bbdd13) x26 0x00000000
core   0: 0x80007674 (0x0e9b4813) xori    a6, s6, 233
core   0: 3 0x80007674 (0x0e9b4813) x16 0x007ffbc9
core   0: 0x80007678 (0x025b65b3) rem     a1, s6, t0
core   0: 3 0x80007678 (0x025b65b3) x11 0x007ffb20
core   0: 0x8000767c (0x00287433) and     s0, a6, sp
core   0: 3 0x8000767c (0x00287433) x 8 0x00014a40
core   0: 0x80007680 (0x03f9ceb3) div     t4, s3, t6
core   0: 3 0x80007680 (0x03f9ceb3) x29 0x00000000
core   0: 0x80007684 (0x02f1c1b3) div     gp, gp, a5
core   0: 3 0x80007684 (0x02f1c1b3) x 3 0xffffffff
core   0: 0x80007688 (0x7b32fd97) auipc   s11, 0x7b32f
core   0: 3 0x80007688 (0x7b32fd97) x27 0xfb336688
core   0: 0x8000768c (0x41288e33) sub     t3, a7, s2
core   0: 3 0x8000768c (0x41288e33) x28 0x00000228
core   0: 0x80007690 (0x03b96833) rem     a6, s2, s11
core   0: 3 0x80007690 (0x03b96833) x16 0x00000001
core   0: 0x80007694 (0x015cf233) and     tp, s9, s5
core   0: 3 0x80007694 (0x015cf233) x 4 0x00000000
core   0: 0x80007698 (0x02ee9e33) mulh    t3, t4, a4
core   0: 3 0x80007698 (0x02ee9e33) x28 0x00000000
core   0: 0x8000769c (0x03aad9b3) divu    s3, s5, s10
core   0: 3 0x8000769c (0x03aad9b3) x19 0xffffffff
core   0: 0x800076a0 (0x0097eab3) or      s5, a5, s1
core   0: 3 0x800076a0 (0x0097eab3) x21 0x80000000
core   0: 0x800076a4 (0x02aec1b3) div     gp, t4, a0
core   0: 3 0x800076a4 (0x02aec1b3) x 3 0x00000000
core   0: 0x800076a8 (0xdcca4c37) lui     s8, 0xdcca4
core   0: 3 0x800076a8 (0xdcca4c37) x24 0xdcca4000
core   0: 0x800076ac (0xd1a4e893) ori     a7, s1, -742
core   0: 3 0x800076ac (0xd1a4e893) x17 0xfffffd1a
core   0: 0x800076b0 (0x574ebbb7) lui     s7, 0x574eb
core   0: 3 0x800076b0 (0x574ebbb7) x23 0x574eb000
core   0: 0x800076b4 (0x034bcc33) div     s8, s7, s4
core   0: 3 0x800076b4 (0x034bcc33) x24 0x00000001
core   0: 0x800076b8 (0x022d31b3) mulhu   gp, s10, sp
core   0: 3 0x800076b8 (0x022d31b3) x 3 0x00000000
core   0: 0x800076bc (0x00000013) nop
core   0: 3 0x800076bc (0x00000013)
core   0: 0x800076c0 (0x02c90833) mul     a6, s2, a2
core   0: 3 0x800076c0 (0x02c90833) x16 0x7ffff884
core   0: 0x800076c4 (0x008e2fb3) slt     t6, t3, s0
core   0: 3 0x800076c4 (0x008e2fb3) x31 0x00000001
core   0: 0x800076c8 (0x0083d013) srli    zero, t2, 8
core   0: 3 0x800076c8 (0x0083d013)
core   0: 0x800076cc (0x0278b033) mulhu   zero, a7, t2
core   0: 3 0x800076cc (0x0278b033)
core   0: 0x800076d0 (0x00000013) nop
core   0: 3 0x800076d0 (0x00000013)
core   0: 0x800076d4 (0x02947933) remu    s2, s0, s1
core   0: 3 0x800076d4 (0x02947933) x18 0x00014a40
core   0: 0x800076d8 (0x018aa333) slt     t1, s5, s8
core   0: 3 0x800076d8 (0x018aa333) x 6 0x00000001
core   0: 0x800076dc (0xbc44a993) slti    s3, s1, -1084
core   0: 3 0x800076dc (0xbc44a993) x19 0x00000001
core   0: 0x800076e0 (0x005fa233) slt     tp, t6, t0
core   0: 3 0x800076e0 (0x005fa233) x 4 0x00000000
core   0: 0x800076e4 (0x5673e4b7) lui     s1, 0x5673e
core   0: 3 0x800076e4 (0x5673e4b7) x 9 0x5673e000
core   0: 0x800076e8 (0x3b958913) addi    s2, a1, 953
core   0: 3 0x800076e8 (0x3b958913) x18 0x007ffed9
core   0: 0x800076ec (0x00ba8ab3) add     s5, s5, a1
core   0: 3 0x800076ec (0x00ba8ab3) x21 0x807ffb20
core   0: 0x800076f0 (0x026e76b3) remu    a3, t3, t1
core   0: 3 0x800076f0 (0x026e76b3) x13 0x00000000
core   0: 0x800076f4 (0x03a78bb3) mul     s7, a5, s10
core   0: 3 0x800076f4 (0x03a78bb3) x23 0x00000000
core   0: 0x800076f8 (0x2f90d9b7) lui     s3, 0x2f90d
core   0: 3 0x800076f8 (0x2f90d9b7) x19 0x2f90d000
core   0: 0x800076fc (0x00619f13) slli    t5, gp, 6
core   0: 3 0x800076fc (0x00619f13) x30 0x00000000
core   0: 0x80007700 (0x780cb093) sltiu   ra, s9, 1920
core   0: 3 0x80007700 (0x780cb093) x 1 0x00000001
core   0: 0x80007704 (0x00551893) slli    a7, a0, 5
core   0: 3 0x80007704 (0x00551893) x17 0x20000000
core   0: 0x80007708 (0x026a4f33) div     t5, s4, t1
core   0: 3 0x80007708 (0x026a4f33) x30 0x3d3705dc
core   0: 0x8000770c (0x8a39a993) slti    s3, s3, -1885
core   0: 3 0x8000770c (0x8a39a993) x19 0x00000000
core   0: 0x80007710 (0x01ff2ab3) slt     s5, t5, t6
core   0: 3 0x80007710 (0x01ff2ab3) x21 0x00000000
core   0: 0x80007714 (0x029587b3) mul     a5, a1, s1
core   0: 3 0x80007714 (0x029587b3) x15 0x8b1c0000
core   0: 0x80007718 (0x024077b3) remu    a5, zero, tp
core   0: 3 0x80007718 (0x024077b3) x15 0x00000000
core   0: 0x8000771c (0x029b9933) mulh    s2, s7, s1
core   0: 3 0x8000771c (0x029b9933) x18 0x00000000
core   0: 0x80007720 (0xec68b993) sltiu   s3, a7, -314
core   0: 3 0x80007720 (0xec68b993) x19 0x00000001
core   0: 0x80007724 (0x77837213) andi    tp, t1, 1912
core   0: 3 0x80007724 (0x77837213) x 4 0x00000000
core   0: 0x80007728 (0x00000013) nop
core   0: 3 0x80007728 (0x00000013)
core   0: 0x8000772c (0x41345d33) sra     s10, s0, s3
core   0: 3 0x8000772c (0x41345d33) x26 0x0000a520
core   0: 0x80007730 (0x002aa6b3) slt     a3, s5, sp
core   0: 3 0x80007730 (0x002aa6b3) x13 0x00000000
core   0: 0x80007734 (0x00580db3) add     s11, a6, t0
core   0: 3 0x80007734 (0x00580db3) x27 0x764165b0
core   0: 0x80007738 (0x0a079c37) lui     s8, 0xa079
core   0: 3 0x80007738 (0x0a079c37) x24 0x0a079000
core   0: 0x8000773c (0x01dd95b3) sll     a1, s11, t4
core   0: 3 0x8000773c (0x01dd95b3) x11 0x764165b0
core   0: 0x80007740 (0x01874db3) xor     s11, a4, s8
core   0: 3 0x80007740 (0x01874db3) x27 0x8a061ce4
core   0: 0x80007744 (0xdc523b93) sltiu   s7, tp, -571
core   0: 3 0x80007744 (0xdc523b93) x23 0x00000001
core   0: 0x80007748 (0x02bdc033) div     zero, s11, a1
core   0: 3 0x80007748 (0x02bdc033)
core   0: 0x8000774c (0x009154b3) srl     s1, sp, s1
core   0: 3 0x8000774c (0x009154b3) x 9 0x80014e64
core   0: 0x80007750 (0x028e85b3) mul     a1, t4, s0
core   0: 3 0x80007750 (0x028e85b3) x11 0x00000000
core   0: 0x80007754 (0x03f7e233) rem     tp, a5, t6
core   0: 3 0x80007754 (0x03f7e233) x 4 0x00000000
core   0: 0x80007758 (0x03640893) addi    a7, s0, 54
core   0: 3 0x80007758 (0x03640893) x17 0x00014a76
core   0: 0x8000775c (0xac41ff93) andi    t6, gp, -1340
core   0: 3 0x8000775c (0xac41ff93) x31 0x00000000
core   0: 0x80007760 (0x013cb4b3) sltu    s1, s9, s3
core   0: 3 0x80007760 (0x013cb4b3) x 9 0x00000001
core   0: 0x80007764 (0x00832ab3) slt     s5, t1, s0
core   0: 3 0x80007764 (0x00832ab3) x21 0x00000001
core   0: 0x80007768 (0x01149a33) sll     s4, s1, a7
core   0: 3 0x80007768 (0x01149a33) x20 0x00400000
core   0: 0x8000776c (0x8e1b1097) auipc   ra, 0x8e1b1
core   0: 3 0x8000776c (0x8e1b1097) x 1 0x0e1b876c
core   0: 0x80007770 (0x0021cd33) xor     s10, gp, sp
core   0: 3 0x80007770 (0x0021cd33) x26 0x80014e64
core   0: 0x80007774 (0x0276de33) divu    t3, a3, t2
core   0: 3 0x80007774 (0x0276de33) x28 0xffffffff
core   0: 0x80007778 (0x01bbc233) xor     tp, s7, s11
core   0: 3 0x80007778 (0x01bbc233) x 4 0x8a061ce5
core   0: 0x8000777c (0x01442033) slt     zero, s0, s4
core   0: 3 0x8000777c (0x01442033)
core   0: 0x80007780 (0x00275d93) srli    s11, a4, 2
core   0: 3 0x80007780 (0x00275d93) x27 0x20006339
core   0: 0x80007784 (0x01a13833) sltu    a6, sp, s10
core   0: 3 0x80007784 (0x01a13833) x16 0x00000000
core   0: 0x80007788 (0x25fd6693) ori     a3, s10, 607
core   0: 3 0x80007788 (0x25fd6693) x13 0x80014e7f
core   0: 0x8000778c (0x0315d233) divu    tp, a1, a7
core   0: 3 0x8000778c (0x0315d233) x 4 0x00000000
core   0: 0x80007790 (0x03676433) rem     s0, a4, s6
core   0: 3 0x80007790 (0x03676433) x 8 0xfffcace4
core   0: 0x80007794 (0xe7f50593) addi    a1, a0, -385
core   0: 3 0x80007794 (0xe7f50593) x11 0x28fffe7f
core   0: 0x80007798 (0x1a3c6d13) ori     s10, s8, 419
core   0: 3 0x80007798 (0x1a3c6d13) x26 0x0a0791a3
core   0: 0x8000779c (0x03539933) mulh    s2, t2, s5
core   0: 3 0x8000779c (0x03539933) x18 0x00000000
core   0: 0x800077a0 (0x4082da33) sra     s4, t0, s0
core   0: 3 0x800077a0 (0x4082da33) x20 0xff6416d2
core   0: 0x800077a4 (0x022dd933) divu    s2, s11, sp
core   0: 3 0x800077a4 (0x022dd933) x18 0x00000000
core   0: 0x800077a8 (0x00300d33) add     s10, zero, gp
core   0: 3 0x800077a8 (0x00300d33) x26 0x00000000
core   0: 0x800077ac (0x316ecc93) xori    s9, t4, 790
core   0: 3 0x800077ac (0x316ecc93) x25 0x00000316
core   0: 0x800077b0 (0x03c9bbb3) mulhu   s7, s3, t3
core   0: 3 0x800077b0 (0x03c9bbb3) x23 0x00000000
core   0: 0x800077b4 (0x01ea5913) srli    s2, s4, 30
core   0: 3 0x800077b4 (0x01ea5913) x18 0x00000003
core   0: 0x800077b8 (0x02ff0fb3) mul     t6, t5, a5
core   0: 3 0x800077b8 (0x02ff0fb3) x31 0x00000000
core   0: 0x800077bc (0x34e5bf13) sltiu   t5, a1, 846
core   0: 3 0x800077bc (0x34e5bf13) x30 0x00000000
core   0: 0x800077c0 (0x03dd33b3) mulhu   t2, s10, t4
core   0: 3 0x800077c0 (0x03dd33b3) x 7 0x00000000
core   0: 0x800077c4 (0x00b02eb3) slt     t4, zero, a1
core   0: 3 0x800077c4 (0x00b02eb3) x29 0x00000001
core   0: 0x800077c8 (0x412bd613) srai    a2, s7, 18
core   0: 3 0x800077c8 (0x412bd613) x12 0x00000000
core   0: 0x800077cc (0x018983b3) add     t2, s3, s8
core   0: 3 0x800077cc (0x018983b3) x 7 0x0a079001
core   0: 0x800077d0 (0xb0a24797) auipc   a5, 0xb0a24
core   0: 3 0x800077d0 (0xb0a24797) x15 0x30a2b7d0
core   0: 0x800077d4 (0x005afdb3) and     s11, s5, t0
core   0: 3 0x800077d4 (0x005afdb3) x27 0x00000000
core   0: 0x800077d8 (0x40615cb3) sra     s9, sp, t1
core   0: 3 0x800077d8 (0x40615cb3) x25 0xc000a732
core   0: 0x800077dc (0x011df3b3) and     t2, s11, a7
core   0: 3 0x800077dc (0x011df3b3) x 7 0x00000000
core   0: 0x800077e0 (0x0355a3b3) mulhsu  t2, a1, s5
core   0: 3 0x800077e0 (0x0355a3b3) x 7 0x00000000
core   0: 0x800077e4 (0x01b3ddb3) srl     s11, t2, s11
core   0: 3 0x800077e4 (0x01b3ddb3) x27 0x00000000
core   0: 0x800077e8 (0x005c3933) sltu    s2, s8, t0
core   0: 3 0x800077e8 (0x005c3933) x18 0x00000001
core   0: 0x800077ec (0x00ac1193) slli    gp, s8, 10
core   0: 3 0x800077ec (0x00ac1193) x 3 0x1e400000
core   0: 0x800077f0 (0x7a068c13) addi    s8, a3, 1952
core   0: 3 0x800077f0 (0x7a068c13) x24 0x8001561f
core   0: 0x800077f4 (0x4125d613) srai    a2, a1, 18
core   0: 3 0x800077f4 (0x4125d613) x12 0x00000a3f
core   0: 0x800077f8 (0x011b5d13) srli    s10, s6, 17
core   0: 3 0x800077f8 (0x011b5d13) x26 0x0000003f
core   0: 0x800077fc (0xcbf197b7) lui     a5, 0xcbf19
core   0: 3 0x800077fc (0xcbf197b7) x15 0xcbf19000
core   0: 0x80007800 (0x01269d93) slli    s11, a3, 18
core   0: 3 0x80007800 (0x01269d93) x27 0x39fc0000
core   0: 0x80007804 (0x0380d0b3) divu    ra, ra, s8
core   0: 3 0x80007804 (0x0380d0b3) x 1 0x00000000
core   0: 0x80007808 (0x01843033) sltu    zero, s0, s8
core   0: 3 0x80007808 (0x01843033)
core   0: 0x8000780c (0x02988c33) mul     s8, a7, s1
core   0: 3 0x8000780c (0x02988c33) x24 0x00014a76
core   0: 0x80007810 (0x995fad13) slti    s10, t6, -1643
core   0: 3 0x80007810 (0x995fad13) x26 0x00000000
core   0: 0x80007814 (0x03f673b3) remu    t2, a2, t6
core   0: 3 0x80007814 (0x03f673b3) x 7 0x00000a3f
core   0: 0x80007818 (0x00eb7433) and     s0, s6, a4
core   0: 3 0x80007818 (0x00eb7433) x 8 0x00018820
core   0: 0x8000781c (0x64510493) addi    s1, sp, 1605
core   0: 3 0x8000781c (0x64510493) x 9 0x800154a9
core   0: 0x80007820 (0x001d5c93) srli    s9, s10, 1
core   0: 3 0x80007820 (0x001d5c93) x25 0x00000000
core   0: 0x80007824 (0x00707c33) and     s8, zero, t2
core   0: 3 0x80007824 (0x00707c33) x24 0x00000000
core   0: 0x80007828 (0x03df3333) mulhu   t1, t5, t4
core   0: 3 0x80007828 (0x03df3333) x 6 0x00000000
core   0: 0x8000782c (0x01989833) sll     a6, a7, s9
core   0: 3 0x8000782c (0x01989833) x16 0x00014a76
core   0: 0x80007830 (0xea41e817) auipc   a6, 0xea41e
core   0: 3 0x80007830 (0xea41e817) x16 0x6a425830
core   0: 0x80007834 (0x010b1833) sll     a6, s6, a6
core   0: 3 0x80007834 (0x010b1833) x16 0xfb200000
core   0: 0x80007838 (0x71133613) sltiu   a2, t1, 1809
core   0: 3 0x80007838 (0x71133613) x12 0x00000001
core   0: 0x8000783c (0x035c7c33) remu    s8, s8, s5
core   0: 3 0x8000783c (0x035c7c33) x24 0x00000000
core   0: 0x80007840 (0x58f6b797) auipc   a5, 0x58f6b
core   0: 3 0x80007840 (0x58f6b797) x15 0xd8f72840
core   0: 0x80007844 (0x003b0ab3) add     s5, s6, gp
core   0: 3 0x80007844 (0x003b0ab3) x21 0x1ebffb20
core   0: 0x80007848 (0x02637ab3) remu    s5, t1, t1
core   0: 3 0x80007848 (0x02637ab3) x21 0x00000000
core   0: 0x8000784c (0x00a3d9b3) srl     s3, t2, a0
core   0: 3 0x8000784c (0x00a3d9b3) x19 0x00000a3f
core   0: 0x80007850 (0x03a83533) mulhu   a0, a6, s10
core   0: 3 0x80007850 (0x03a83533) x10 0x00000000
core   0: 0x80007854 (0x1bdded93) ori     s11, s11, 445
core   0: 3 0x80007854 (0x1bdded93) x27 0x39fc01bd
core   0: 0x80007858 (0x01c994b3) sll     s1, s3, t3
core   0: 3 0x80007858 (0x01c994b3) x 9 0x80000000
core   0: 0x8000785c (0x909cb793) sltiu   a5, s9, -1783
core   0: 3 0x8000785c (0x909cb793) x15 0x00000001
core   0: 0x80007860 (0x00355e33) srl     t3, a0, gp
core   0: 3 0x80007860 (0x00355e33) x28 0x00000000
core   0: 0x80007864 (0x00671c33) sll     s8, a4, t1
core   0: 3 0x80007864 (0x00671c33) x24 0x80018ce4
core   0: 0x80007868 (0x007693b3) sll     t2, a3, t2
core   0: 3 0x80007868 (0x007693b3) x 7 0x80000000
core   0: 0x8000786c (0x018f0533) add     a0, t5, s8
core   0: 3 0x8000786c (0x018f0533) x10 0x80018ce4
core   0: 0x80007870 (0x4071da33) sra     s4, gp, t2
core   0: 3 0x80007870 (0x4071da33) x20 0x1e400000
core   0: 0x80007874 (0x03b0fe33) remu    t3, ra, s11
core   0: 3 0x80007874 (0x03b0fe33) x28 0x00000000
core   0: 0x80007878 (0x004c7633) and     a2, s8, tp
core   0: 3 0x80007878 (0x004c7633) x12 0x00000000
core   0: 0x8000787c (0xfe4fd417) auipc   s0, 0xfe4fd
core   0: 3 0x8000787c (0xfe4fd417) x 8 0x7e50487c
core   0: 0x80007880 (0x4a597813) andi    a6, s2, 1189
core   0: 3 0x80007880 (0x4a597813) x16 0x00000001
core   0: 0x80007884 (0x0da02b13) slti    s6, zero, 218
core   0: 3 0x80007884 (0x0da02b13) x22 0x00000001
core   0: 0x80007888 (0x416b5993) srai    s3, s6, 22
core   0: 3 0x80007888 (0x416b5993) x19 0x00000000
core   0: 0x8000788c (0x02577fb3) remu    t6, a4, t0
core   0: 3 0x8000788c (0x02577fb3) x31 0x80018ce4
core   0: 0x80007890 (0xe12d9e17) auipc   t3, 0xe12d9
core   0: 3 0x80007890 (0xe12d9e17) x28 0x612e0890
core   0: 0x80007894 (0x01752933) slt     s2, a0, s7
core   0: 3 0x80007894 (0x01752933) x18 0x00000001
core   0: 0x80007898 (0xa05e98b7) lui     a7, 0xa05e9
core   0: 3 0x80007898 (0xa05e98b7) x17 0xa05e9000
core   0: 0x8000789c (0xcf2a4093) xori    ra, s4, -782
core   0: 3 0x8000789c (0xcf2a4093) x 1 0xe1bffcf2
core   0: 0x800078a0 (0xac5fb993) sltiu   s3, t6, -1339
core   0: 3 0x800078a0 (0xac5fb993) x19 0x00000001
core   0: 0x800078a4 (0x76546c13) ori     s8, s0, 1893
core   0: 3 0x800078a4 (0x76546c13) x24 0x7e504f7d
core   0: 0x800078a8 (0x415184b3) sub     s1, gp, s5
core   0: 3 0x800078a8 (0x415184b3) x 9 0x1e400000
core   0: 0x800078ac (0x02bc2ab3) mulhsu  s5, s8, a1
core   0: 3 0x800078ac (0x02bc2ab3) x21 0x143adbfd
core   0: 0x800078b0 (0x004ebe33) sltu    t3, t4, tp
core   0: 3 0x800078b0 (0x004ebe33) x28 0x00000000
core   0: 0x800078b4 (0x0dd64813) xori    a6, a2, 221
core   0: 3 0x800078b4 (0x0dd64813) x16 0x000000dd
core   0: 0x800078b8 (0x01ac9433) sll     s0, s9, s10
core   0: 3 0x800078b8 (0x01ac9433) x 8 0x00000000
core   0: 0x800078bc (0xaeb14093) xori    ra, sp, -1301
core   0: 3 0x800078bc (0xaeb14093) x 1 0x7ffeb48f
core   0: 0x800078c0 (0x018bdd13) srli    s10, s7, 24
core   0: 3 0x800078c0 (0x018bdd13) x26 0x00000000
core   0: 0x800078c4 (0x7b506613) ori     a2, zero, 1973
core   0: 3 0x800078c4 (0x7b506613) x12 0x000007b5
core   0: 0x800078c8 (0x01e15693) srli    a3, sp, 30
core   0: 3 0x800078c8 (0x01e15693) x13 0x00000002
core   0: 0x800078cc (0x8924b897) auipc   a7, 0x8924b
core   0: 3 0x800078cc (0x8924b897) x17 0x092528cc
core   0: 0x800078d0 (0x02077333) remu    t1, a4, zero
core   0: 3 0x800078d0 (0x02077333) x 6 0x80018ce4
core   0: 0x800078d4 (0x019823b3) slt     t2, a6, s9
core   0: 3 0x800078d4 (0x019823b3) x 7 0x00000000
core   0: 0x800078d8 (0x02298833) mul     a6, s3, sp
core   0: 3 0x800078d8 (0x02298833) x16 0x80014e64
core   0: 0x800078dc (0x003ce5b3) or      a1, s9, gp
core   0: 3 0x800078dc (0x003ce5b3) x11 0x1e400000
core   0: 0x800078e0 (0x0160d233) srl     tp, ra, s6
core   0: 3 0x800078e0 (0x0160d233) x 4 0x3fff5a47
core   0: 0x800078e4 (0x9890de97) auipc   t4, 0x9890d
core   0: 3 0x800078e4 (0x9890de97) x29 0x189148e4
core   0: 0x800078e8 (0x03e939b3) mulhu   s3, s2, t5
core   0: 3 0x800078e8 (0x03e939b3) x19 0x00000000
core   0: 0x800078ec (0x0115bc33) sltu    s8, a1, a7
core   0: 3 0x800078ec (0x0115bc33) x24 0x00000000
core   0: 0x800078f0 (0x0021aeb3) slt     t4, gp, sp
core   0: 3 0x800078f0 (0x0021aeb3) x29 0x00000000
core   0: 0x800078f4 (0x4908f913) andi    s2, a7, 1168
core   0: 3 0x800078f4 (0x4908f913) x18 0x00000080
core   0: 0x800078f8 (0x40b489b3) sub     s3, s1, a1
core   0: 3 0x800078f8 (0x40b489b3) x19 0x00000000
core   0: 0x800078fc (0x01799eb3) sll     t4, s3, s7
core   0: 3 0x800078fc (0x01799eb3) x29 0x00000000
core   0: 0x80007900 (0xa8b8c313) xori    t1, a7, -1397
core   0: 3 0x80007900 (0xa8b8c313) x 6 0xf6dad247
core   0: 0x80007904 (0x41ec5b93) srai    s7, s8, 30
core   0: 3 0x80007904 (0x41ec5b93) x23 0x00000000
core   0: 0x80007908 (0x00cdd533) srl     a0, s11, a2
core   0: 3 0x80007908 (0x00cdd533) x10 0x000001cf
core   0: 0x8000790c (0x670ebd13) sltiu   s10, t4, 1648
core   0: 3 0x8000790c (0x670ebd13) x26 0x00000001
core   0: 0x80007910 (0x02926033) rem     zero, tp, s1
core   0: 3 0x80007910 (0x02926033)
core   0: 0x80007914 (0x000af6b3) and     a3, s5, zero
core   0: 3 0x80007914 (0x000af6b3) x13 0x00000000
core   0: 0x80007918 (0x178ee493) ori     s1, t4, 376
core   0: 3 0x80007918 (0x178ee493) x 9 0x00000178
core   0: 0x8000791c (0x416ed8b3) sra     a7, t4, s6
core   0: 3 0x8000791c (0x416ed8b3) x17 0x00000000
core   0: 0x80007920 (0x0da53893) sltiu   a7, a0, 218
core   0: 3 0x80007920 (0x0da53893) x17 0x00000000
core   0: 0x80007924 (0x41e95eb3) sra     t4, s2, t5
core   0: 3 0x80007924 (0x41e95eb3) x29 0x00000080
core   0: 0x80007928 (0x02a0eb33) rem     s6, ra, a0
core   0: 3 0x80007928 (0x02a0eb33) x22 0x000000a9
core   0: 0x8000792c (0x4294a993) slti    s3, s1, 1065
core   0: 3 0x8000792c (0x4294a993) x19 0x00000001
core   0: 0x80007930 (0x03078ab3) mul     s5, a5, a6
core   0: 3 0x80007930 (0x03078ab3) x21 0x80014e64
core   0: 0x80007934 (0x024246b3) div     a3, tp, tp
core   0: 3 0x80007934 (0x024246b3) x13 0x00000001
core   0: 0x80007938 (0x0158eab3) or      s5, a7, s5
core   0: 3 0x80007938 (0x0158eab3) x21 0x80014e64
core   0: 0x8000793c (0x9583f613) andi    a2, t2, -1704
core   0: 3 0x8000793c (0x9583f613) x12 0x00000000
core   0: 0x80007940 (0x0149a3b3) slt     t2, s3, s4
core   0: 3 0x80007940 (0x0149a3b3) x 7 0x00000001
core   0: 0x80007944 (0x03f07933) remu    s2, zero, t6
core   0: 3 0x80007944 (0x03f07933) x18 0x00000000
core   0: 0x80007948 (0x019eb4b3) sltu    s1, t4, s9
core   0: 3 0x80007948 (0x019eb4b3) x 9 0x00000000
core   0: 0x8000794c (0x035e4a33) div     s4, t3, s5
core   0: 3 0x8000794c (0x035e4a33) x20 0x00000000
core   0: 0x80007950 (0x032b5d33) divu    s10, s6, s2
core   0: 3 0x80007950 (0x032b5d33) x26 0xffffffff
core   0: 0x80007954 (0x0006efb3) or      t6, a3, zero
core   0: 3 0x80007954 (0x0006efb3) x31 0x00000001
core   0: 0x80007958 (0x03f01533) mulh    a0, zero, t6
core   0: 3 0x80007958 (0x03f01533) x10 0x00000000
core   0: 0x8000795c (0x02a66bb3) rem     s7, a2, a0
core   0: 3 0x8000795c (0x02a66bb3) x23 0x00000000
core   0: 0x80007960 (0xd1362f13) slti    t5, a2, -749
core   0: 3 0x80007960 (0xd1362f13) x30 0x00000000
core   0: 0x80007964 (0x50cbc493) xori    s1, s7, 1292
core   0: 3 0x80007964 (0x50cbc493) x 9 0x0000050c
core   0: 0x80007968 (0x037134b3) mulhu   s1, sp, s7
core   0: 3 0x80007968 (0x037134b3) x 9 0x00000000
core   0: 0x8000796c (0x01d3c033) xor     zero, t2, t4
core   0: 3 0x8000796c (0x01d3c033)
core   0: 0x80007970 (0x02211d33) mulh    s10, sp, sp
core   0: 3 0x80007970 (0x02211d33) x26 0x3ffeb19d
core   0: 0x80007974 (0x40995b13) srai    s6, s2, 9
core   0: 3 0x80007974 (0x40995b13) x22 0x00000000
core   0: 0x80007978 (0x5bcb4513) xori    a0, s6, 1468
core   0: 3 0x80007978 (0x5bcb4513) x10 0x000005bc
core   0: 0x8000797c (0x019e1033) sll     zero, t3, s9
core   0: 3 0x8000797c (0x019e1033)
core   0: 0x80007980 (0xbaf54213) xori    tp, a0, -1105
core   0: 3 0x80007980 (0xbaf54213) x 4 0xfffffe13
core   0: 0x80007984 (0x02cdfc33) remu    s8, s11, a2
core   0: 3 0x80007984 (0x02cdfc33) x24 0x39fc01bd
core   0: 0x80007988 (0x419e0db3) sub     s11, t3, s9
core   0: 3 0x80007988 (0x419e0db3) x27 0x00000000
core   0: 0x8000798c (0x8c96a393) slti    t2, a3, -1847
core   0: 3 0x8000798c (0x8c96a393) x 7 0x00000000
core   0: 0x80007990 (0x404ede93) srai    t4, t4, 4
core   0: 3 0x80007990 (0x404ede93) x29 0x00000008
core   0: 0x80007994 (0x01803033) snez    zero, s8
core   0: 3 0x80007994 (0x01803033)
core   0: 0x80007998 (0x0315db33) divu    s6, a1, a7
core   0: 3 0x80007998 (0x0315db33) x22 0xffffffff
core   0: 0x8000799c (0x021680b3) mul     ra, a3, ra
core   0: 3 0x8000799c (0x021680b3) x 1 0x7ffeb48f
core   0: 0x800079a0 (0x018d09b3) add     s3, s10, s8
core   0: 3 0x800079a0 (0x018d09b3) x19 0x79fab35a
core   0: 0x800079a4 (0x03e287b3) mul     a5, t0, t5
core   0: 3 0x800079a4 (0x03e287b3) x15 0x00000000
core   0: 0x800079a8 (0x00aad3b3) srl     t2, s5, a0
core   0: 3 0x800079a8 (0x00aad3b3) x 7 0x00000008
core   0: 0x800079ac (0x00bf71b3) and     gp, t5, a1
core   0: 3 0x800079ac (0x00bf71b3) x 3 0x00000000
core   0: 0x800079b0 (0xc0a63313) sltiu   t1, a2, -1014
core   0: 3 0x800079b0 (0xc0a63313) x 6 0x00000001
core   0: 0x800079b4 (0x034a6533) rem     a0, s4, s4
core   0: 3 0x800079b4 (0x034a6533) x10 0x00000000
core   0: 0x800079b8 (0x017be4b3) or      s1, s7, s7
core   0: 3 0x800079b8 (0x017be4b3) x 9 0x00000000
core   0: 0x800079bc (0xd0d1c513) xori    a0, gp, -755
core   0: 3 0x800079bc (0xd0d1c513) x10 0xfffffd0d
core   0: 0x800079c0 (0x038cd9b3) divu    s3, s9, s8
core   0: 3 0x800079c0 (0x038cd9b3) x19 0x00000000
core   0: 0x800079c4 (0x015a0f33) add     t5, s4, s5
core   0: 3 0x800079c4 (0x015a0f33) x30 0x80014e64
core   0: 0x800079c8 (0x03fe0db3) mul     s11, t3, t6
core   0: 3 0x800079c8 (0x03fe0db3) x27 0x00000000
core   0: 0x800079cc (0x41725ab3) sra     s5, tp, s7
core   0: 3 0x800079cc (0x41725ab3) x21 0xfffffe13
core   0: 0x800079d0 (0xb8daa093) slti    ra, s5, -1139
core   0: 3 0x800079d0 (0xb8daa093) x 1 0x00000000
core   0: 0x800079d4 (0x010f45b3) xor     a1, t5, a6
core   0: 3 0x800079d4 (0x010f45b3) x11 0x00000000
core   0: 0x800079d8 (0x00265313) srli    t1, a2, 2
core   0: 3 0x800079d8 (0x00265313) x 6 0x00000000
core   0: 0x800079dc (0x01030b33) add     s6, t1, a6
core   0: 3 0x800079dc (0x01030b33) x22 0x80014e64
core   0: 0x800079e0 (0x004866b3) or      a3, a6, tp
core   0: 3 0x800079e0 (0x004866b3) x13 0xfffffe77
core   0: 0x800079e4 (0xd9436eb7) lui     t4, 0xd9436
core   0: 3 0x800079e4 (0xd9436eb7) x29 0xd9436000
core   0: 0x800079e8 (0x31a8be13) sltiu   t3, a7, 794
core   0: 3 0x800079e8 (0x31a8be13) x28 0x00000001
core   0: 0x800079ec (0x41efde93) srai    t4, t6, 30
core   0: 3 0x800079ec (0x41efde93) x29 0x00000000
core   0: 0x800079f0 (0x03d6d633) divu    a2, a3, t4
core   0: 3 0x800079f0 (0x03d6d633) x12 0xffffffff
core   0: 0x800079f4 (0x01b22933) slt     s2, tp, s11
core   0: 3 0x800079f4 (0x01b22933) x18 0x00000001
core   0: 0x800079f8 (0x01fc57b3) srl     a5, s8, t6
core   0: 3 0x800079f8 (0x01fc57b3) x15 0x1cfe00de
core   0: 0x800079fc (0x0042ae33) slt     t3, t0, tp
core   0: 3 0x800079fc (0x0042ae33) x28 0x00000001
core   0: 0x80007a00 (0x00648b33) add     s6, s1, t1
core   0: 3 0x80007a00 (0x00648b33) x22 0x00000000
core   0: 0x80007a04 (0x029a77b3) remu    a5, s4, s1
core   0: 3 0x80007a04 (0x029a77b3) x15 0x00000000
core   0: 0x80007a08 (0x81689397) auipc   t2, 0x81689
core   0: 3 0x80007a08 (0x81689397) x 7 0x01690a08
core   0: 0x80007a0c (0x5872e617) auipc   a2, 0x5872e
core   0: 3 0x80007a0c (0x5872e617) x12 0xd8735a0c
core   0: 0x80007a10 (0x5c1046b7) lui     a3, 0x5c104
core   0: 3 0x80007a10 (0x5c1046b7) x13 0x5c104000
core   0: 0x80007a14 (0x004098b3) sll     a7, ra, tp
core   0: 3 0x80007a14 (0x004098b3) x17 0x00000000
core   0: 0x80007a18 (0x7ebce993) ori     s3, s9, 2027
core   0: 3 0x80007a18 (0x7ebce993) x19 0x000007eb
core   0: 0x80007a1c (0x01c65d13) srli    s10, a2, 28
core   0: 3 0x80007a1c (0x01c65d13) x26 0x0000000d
core   0: 0x80007a20 (0x410804b3) sub     s1, a6, a6
core   0: 3 0x80007a20 (0x410804b3) x 9 0x00000000
core   0: 0x80007a24 (0x0239a4b3) mulhsu  s1, s3, gp
core   0: 3 0x80007a24 (0x0239a4b3) x 9 0x00000000
core   0: 0x80007a28 (0x01f3e333) or      t1, t2, t6
core   0: 3 0x80007a28 (0x01f3e333) x 6 0x01690a09
core   0: 0x80007a2c (0x029850b3) divu    ra, a6, s1
core   0: 3 0x80007a2c (0x029850b3) x 1 0xffffffff
core   0: 0x80007a30 (0x034bca33) div     s4, s7, s4
core   0: 3 0x80007a30 (0x034bca33) x20 0xffffffff
core   0: 0x80007a34 (0x01b1b1b3) sltu    gp, gp, s11
core   0: 3 0x80007a34 (0x01b1b1b3) x 3 0x00000000
core   0: 0x80007a38 (0x02da6033) rem     zero, s4, a3
core   0: 3 0x80007a38 (0x02da6033)
core   0: 0x80007a3c (0x1a187513) andi    a0, a6, 417
core   0: 3 0x80007a3c (0x1a187513) x10 0x00000020
core   0: 0x80007a40 (0x2a152997) auipc   s3, 0x2a152
core   0: 3 0x80007a40 (0x2a152997) x19 0xaa159a40
core   0: 0x80007a44 (0x96193993) sltiu   s3, s2, -1695
core   0: 3 0x80007a44 (0x96193993) x19 0x00000001
core   0: 0x80007a48 (0x02745e33) divu    t3, s0, t2
core   0: 3 0x80007a48 (0x02745e33) x28 0x00000000
core   0: 0x80007a4c (0x01f8d633) srl     a2, a7, t6
core   0: 3 0x80007a4c (0x01f8d633) x12 0x00000000
core   0: 0x80007a50 (0x1d607313) andi    t1, zero, 470
core   0: 3 0x80007a50 (0x1d607313) x 6 0x00000000
core   0: 0x80007a54 (0x6acd6593) ori     a1, s10, 1708
core   0: 3 0x80007a54 (0x6acd6593) x11 0x000006ad
core   0: 0x80007a58 (0x4019d233) sra     tp, s3, ra
core   0: 3 0x80007a58 (0x4019d233) x 4 0x00000000
core   0: 0x80007a5c (0x28814f13) xori    t5, sp, 648
core   0: 3 0x80007a5c (0x28814f13) x30 0x80014cec
core   0: 0x80007a60 (0x03e28533) mul     a0, t0, t5
core   0: 3 0x80007a60 (0x03e28533) x10 0xdde5b490
core   0: 0x80007a64 (0x7260e413) ori     s0, ra, 1830
core   0: 3 0x80007a64 (0x7260e413) x 8 0xffffffff
core   0: 0x80007a68 (0x00000013) nop
core   0: 3 0x80007a68 (0x00000013)
core   0: 0x80007a6c (0x404a5233) sra     tp, s4, tp
core   0: 3 0x80007a6c (0x404a5233) x 4 0xffffffff
core   0: 0x80007a70 (0x0284ef33) rem     t5, s1, s0
core   0: 3 0x80007a70 (0x0284ef33) x30 0x00000000
core   0: 0x80007a74 (0x02b5abb3) mulhsu  s7, a1, a1
core   0: 3 0x80007a74 (0x02b5abb3) x23 0x00000000
core   0: 0x80007a78 (0x035f2833) mulhsu  a6, t5, s5
core   0: 3 0x80007a78 (0x035f2833) x16 0x00000000
core   0: 0x80007a7c (0x02047333) remu    t1, s0, zero
core   0: 3 0x80007a7c (0x02047333) x 6 0xffffffff
core   0: 0x80007a80 (0x01ad4933) xor     s2, s10, s10
core   0: 3 0x80007a80 (0x01ad4933) x18 0x00000000
core   0: 0x80007a84 (0x036b1db3) mulh    s11, s6, s6
core   0: 3 0x80007a84 (0x036b1db3) x27 0x00000000
core   0: 0x80007a88 (0x00ad64b3) or      s1, s10, a0
core   0: 3 0x80007a88 (0x00ad64b3) x 9 0xdde5b49d
core   0: 0x80007a8c (0x014b76b3) and     a3, s6, s4
core   0: 3 0x80007a8c (0x014b76b3) x13 0x00000000
core   0: 0x80007a90 (0x41ed0833) sub     a6, s10, t5
core   0: 3 0x80007a90 (0x41ed0833) x16 0x0000000d
core   0: 0x80007a94 (0x010bf1b3) and     gp, s7, a6
core   0: 3 0x80007a94 (0x010bf1b3) x 3 0x00000000
core   0: 0x80007a98 (0x413500b3) sub     ra, a0, s3
core   0: 3 0x80007a98 (0x413500b3) x 1 0xdde5b48f
core   0: 0x80007a9c (0x3c4e0f13) addi    t5, t3, 964
core   0: 3 0x80007a9c (0x3c4e0f13) x30 0x000003c4
core   0: 0x80007aa0 (0xf7918037) lui     zero, 0xf7918
core   0: 3 0x80007aa0 (0xf7918037)
core   0: 0x80007aa4 (0x02c395b3) mulh    a1, t2, a2
core   0: 3 0x80007aa4 (0x02c395b3) x11 0x00000000
core   0: 0x80007aa8 (0x01add693) srli    a3, s11, 26
core   0: 3 0x80007aa8 (0x01add693) x13 0x00000000
core   0: 0x80007aac (0x00fcb233) sltu    tp, s9, a5
core   0: 3 0x80007aac (0x00fcb233) x 4 0x00000000
core   0: 0x80007ab0 (0x01f725b3) slt     a1, a4, t6
core   0: 3 0x80007ab0 (0x01f725b3) x11 0x00000001
core   0: 0x80007ab4 (0xddc48e93) addi    t4, s1, -548
core   0: 3 0x80007ab4 (0xddc48e93) x29 0xdde5b279
core   0: 0x80007ab8 (0x037747b3) div     a5, a4, s7
core   0: 3 0x80007ab8 (0x037747b3) x15 0xffffffff
core   0: 0x80007abc (0x86baf013) andi    zero, s5, -1941
core   0: 3 0x80007abc (0x86baf013)
core   0: 0x80007ac0 (0x0221ca33) div     s4, gp, sp
core   0: 3 0x80007ac0 (0x0221ca33) x20 0x00000000
core   0: 0x80007ac4 (0x008f5533) srl     a0, t5, s0
core   0: 3 0x80007ac4 (0x008f5533) x10 0x00000000
core   0: 0x80007ac8 (0x00000013) nop
core   0: 3 0x80007ac8 (0x00000013)
core   0: 0x80007acc (0x014585b3) add     a1, a1, s4
core   0: 3 0x80007acc (0x014585b3) x11 0x00000001
core   0: 0x80007ad0 (0x006bb233) sltu    tp, s7, t1
core   0: 3 0x80007ad0 (0x006bb233) x 4 0x00000001
core   0: 0x80007ad4 (0x02fc7c33) remu    s8, s8, a5
core   0: 3 0x80007ad4 (0x02fc7c33) x24 0x39fc01bd
core   0: 0x80007ad8 (0x4183da93) srai    s5, t2, 24
core   0: 3 0x80007ad8 (0x4183da93) x21 0x00000001
core   0: 0x80007adc (0x000d1933) sll     s2, s10, zero
core   0: 3 0x80007adc (0x000d1933) x18 0x0000000d
core   0: 0x80007ae0 (0x35bbee13) ori     t3, s7, 859
core   0: 3 0x80007ae0 (0x35bbee13) x28 0x0000035b
core   0: 0x80007ae4 (0x037c59b3) divu    s3, s8, s7
core   0: 3 0x80007ae4 (0x037c59b3) x19 0xffffffff
core   0: 0x80007ae8 (0x0303d0b3) divu    ra, t2, a6
core   0: 3 0x80007ae8 (0x0303d0b3) x 1 0x001bc5b1
core   0: 0x80007aec (0xb0302f93) slti    t6, zero, -1277
core   0: 3 0x80007aec (0xb0302f93) x31 0x00000000
core   0: 0x80007af0 (0x0270fab3) remu    s5, ra, t2
core   0: 3 0x80007af0 (0x0270fab3) x21 0x001bc5b1
core   0: 0x80007af4 (0x01ed6e33) or      t3, s10, t5
core   0: 3 0x80007af4 (0x01ed6e33) x28 0x000003cd
core   0: 0x80007af8 (0x024c1f33) mulh    t5, s8, tp
core   0: 3 0x80007af8 (0x024c1f33) x30 0x00000000
core   0: 0x80007afc (0x02f0c6b3) div     a3, ra, a5
core   0: 3 0x80007afc (0x02f0c6b3) x13 0xffe43a4f
core   0: 0x80007b00 (0x03f4c9b3) div     s3, s1, t6
core   0: 3 0x80007b00 (0x03f4c9b3) x19 0xffffffff
core   0: 0x80007b04 (0x011b26b3) slt     a3, s6, a7
core   0: 3 0x80007b04 (0x011b26b3) x13 0x00000000
core   0: 0x80007b08 (0x00988bb3) add     s7, a7, s1
core   0: 3 0x80007b08 (0x00988bb3) x23 0xdde5b49d
core   0: 0x80007b0c (0x0394acb3) mulhsu  s9, s1, s9
core   0: 3 0x80007b0c (0x0394acb3) x25 0x00000000
core   0: 0x80007b10 (0x005aaab3) slt     s5, s5, t0
core   0: 3 0x80007b10 (0x005aaab3) x21 0x00000000
core   0: 0x80007b14 (0x011dc1b3) xor     gp, s11, a7
core   0: 3 0x80007b14 (0x011dc1b3) x 3 0x00000000
core   0: 0x80007b18 (0x1075b8b7) lui     a7, 0x1075b
core   0: 3 0x80007b18 (0x1075b8b7) x17 0x1075b000
core   0: 0x80007b1c (0x01575193) srli    gp, a4, 21
core   0: 3 0x80007b1c (0x01575193) x 3 0x00000400
core   0: 0x80007b20 (0x5d07b893) sltiu   a7, a5, 1488
core   0: 3 0x80007b20 (0x5d07b893) x17 0x00000000
core   0: 0x80007b24 (0xfea8ad93) slti    s11, a7, -22
core   0: 3 0x80007b24 (0xfea8ad93) x27 0x00000000
core   0: 0x80007b28 (0x00ba9a93) slli    s5, s5, 11
core   0: 3 0x80007b28 (0x00ba9a93) x21 0x00000000
core   0: 0x80007b2c (0xbabafc97) auipc   s9, 0xbabaf
core   0: 3 0x80007b2c (0xbabafc97) x25 0x3abb6b2c
core   0: 0x80007b30 (0x9cc9a693) slti    a3, s3, -1588
core   0: 3 0x80007b30 (0x9cc9a693) x13 0x00000000
core   0: 0x80007b34 (0x30ddcf93) xori    t6, s11, 781
core   0: 3 0x80007b34 (0x30ddcf93) x31 0x0000030d
core   0: 0x80007b38 (0x41d25f13) srai    t5, tp, 29
core   0: 3 0x80007b38 (0x41d25f13) x30 0x00000000
core   0: 0x80007b3c (0x002403b3) add     t2, s0, sp
core   0: 3 0x80007b3c (0x002403b3) x 7 0x80014e63
core   0: 0x80007b40 (0x03492233) mulhsu  tp, s2, s4
core   0: 3 0x80007b40 (0x03492233) x 4 0x00000000
core   0: 0x80007b44 (0x004d1d13) slli    s10, s10, 4
core   0: 3 0x80007b44 (0x004d1d13) x26 0x000000d0
core   0: 0x80007b48 (0x03b43db3) mulhu   s11, s0, s11
core   0: 3 0x80007b48 (0x03b43db3) x27 0x00000000
core   0: 0x80007b4c (0x395d7513) andi    a0, s10, 917
core   0: 3 0x80007b4c (0x395d7513) x10 0x00000090
core   0: 0x80007b50 (0x00bdd793) srli    a5, s11, 11
core   0: 3 0x80007b50 (0x00bdd793) x15 0x00000000
core   0: 0x80007b54 (0x4194dab3) sra     s5, s1, s9
core   0: 3 0x80007b54 (0x4194dab3) x21 0xfffdde5b
core   0: 0x80007b58 (0x00000013) nop
core   0: 3 0x80007b58 (0x00000013)
core   0: 0x80007b5c (0x01a56e33) or      t3, a0, s10
core   0: 3 0x80007b5c (0x01a56e33) x28 0x000000d0
core   0: 0x80007b60 (0x01c09793) slli    a5, ra, 28
core   0: 3 0x80007b60 (0x01c09793) x15 0x10000000
core   0: 0x80007b64 (0x009cfab3) and     s5, s9, s1
core   0: 3 0x80007b64 (0x009cfab3) x21 0x18a1200c
core   0: 0x80007b68 (0x03ffc533) div     a0, t6, t6
core   0: 3 0x80007b68 (0x03ffc533) x10 0x00000001
core   0: 0x80007b6c (0x01b01e13) slli    t3, zero, 27
core   0: 3 0x80007b6c (0x01b01e13) x28 0x00000000
core   0: 0x80007b70 (0xd510f813) andi    a6, ra, -687
core   0: 3 0x80007b70 (0xd510f813) x16 0x001bc511
core   0: 0x80007b74 (0x02699033) mulh    zero, s3, t1
core   0: 3 0x80007b74 (0x02699033)
core   0: 0x80007b78 (0x6d103b93) sltiu   s7, zero, 1745
core   0: 3 0x80007b78 (0x6d103b93) x23 0x00000001
core   0: 0x80007b7c (0x4199ddb3) sra     s11, s3, s9
core   0: 3 0x80007b7c (0x4199ddb3) x27 0xffffffff
core   0: 0x80007b80 (0x01d407b3) add     a5, s0, t4
core   0: 3 0x80007b80 (0x01d407b3) x15 0xdde5b278
core   0: 0x80007b84 (0x00bc9a93) slli    s5, s9, 11
core   0: 3 0x80007b84 (0x00bc9a93) x21 0xdb596000
core   0: 0x80007b88 (0x1b8ccd13) xori    s10, s9, 440
core   0: 3 0x80007b88 (0x1b8ccd13) x26 0x3abb6a94
core   0: 0x80007b8c (0x0286b8b3) mulhu   a7, a3, s0
core   0: 3 0x80007b8c (0x0286b8b3) x17 0x00000000
core   0: 0x80007b90 (0x0391f8b3) remu    a7, gp, s9
core   0: 3 0x80007b90 (0x0391f8b3) x17 0x00000400
core   0: 0x80007b94 (0x00000013) nop
core   0: 3 0x80007b94 (0x00000013)
core   0: 0x80007b98 (0x0115afb3) slt     t6, a1, a7
core   0: 3 0x80007b98 (0x0115afb3) x31 0x00000001
core   0: 0x80007b9c (0x00691233) sll     tp, s2, t1
core   0: 3 0x80007b9c (0x00691233) x 4 0x80000000
core   0: 0x80007ba0 (0x40738bb3) sub     s7, t2, t2
core   0: 3 0x80007ba0 (0x40738bb3) x23 0x00000000
core   0: 0x80007ba4 (0x04a89317) auipc   t1, 0x4a89
core   0: 3 0x80007ba4 (0x04a89317) x 6 0x84a90ba4
core   0: 0x80007ba8 (0x035c36b3) mulhu   a3, s8, s5
core   0: 3 0x80007ba8 (0x035c36b3) x13 0x31aed3d7
core   0: 0x80007bac (0x024cbab3) mulhu   s5, s9, tp
core   0: 3 0x80007bac (0x024cbab3) x21 0x1d5db596
core   0: 0x80007bb0 (0x0260ab33) mulhsu  s6, ra, t1
core   0: 3 0x80007bb0 (0x0260ab33) x22 0x000e6446
core   0: 0x80007bb4 (0x0324bcb3) mulhu   s9, s1, s2
core   0: 3 0x80007bb4 (0x0324bcb3) x25 0x0000000b
core   0: 0x80007bb8 (0x003a1c13) slli    s8, s4, 3
core   0: 3 0x80007bb8 (0x003a1c13) x24 0x00000000
core   0: 0x80007bbc (0xef94f993) andi    s3, s1, -263
core   0: 3 0x80007bbc (0xef94f993) x19 0xdde5b499
core   0: 0x80007bc0 (0x41f50633) sub     a2, a0, t6
core   0: 3 0x80007bc0 (0x41f50633) x12 0x00000000
core   0: 0x80007bc4 (0x40250433) sub     s0, a0, sp
core   0: 3 0x80007bc4 (0x40250433) x 8 0x7ffeb19d
core   0: 0x80007bc8 (0x023471b3) remu    gp, s0, gp
core   0: 3 0x80007bc8 (0x023471b3) x 3 0x0000019d
core   0: 0x80007bcc (0x00729913) slli    s2, t0, 7
core   0: 3 0x80007bcc (0x00729913) x18 0x20b69600
core   0: 0x80007bd0 (0x417656b3) sra     a3, a2, s7
core   0: 3 0x80007bd0 (0x417656b3) x13 0x00000000
core   0: 0x80007bd4 (0x009f5313) srli    t1, t5, 9
core   0: 3 0x80007bd4 (0x009f5313) x 6 0x00000000
core   0: 0x80007bd8 (0x01bebf33) sltu    t5, t4, s11
core   0: 3 0x80007bd8 (0x01bebf33) x30 0x00000001
core   0: 0x80007bdc (0x1d74a597) auipc   a1, 0x1d74a
core   0: 3 0x80007bdc (0x1d74a597) x11 0x9d751bdc
core   0: 0x80007be0 (0x02903333) mulhu   t1, zero, s1
core   0: 3 0x80007be0 (0x02903333) x 6 0x00000000
core   0: 0x80007be4 (0xaf0b8093) addi    ra, s7, -1296
core   0: 3 0x80007be4 (0xaf0b8093) x 1 0xfffffaf0
core   0: 0x80007be8 (0x01cf8bb3) add     s7, t6, t3
core   0: 3 0x80007be8 (0x01cf8bb3) x23 0x00000001
core   0: 0x80007bec (0x007a55b3) srl     a1, s4, t2
core   0: 3 0x80007bec (0x007a55b3) x11 0x00000000
core   0: 0x80007bf0 (0x6db4f413) andi    s0, s1, 1755
core   0: 3 0x80007bf0 (0x6db4f413) x 8 0x00000499
core   0: 0x80007bf4 (0x03947ab3) remu    s5, s0, s9
core   0: 3 0x80007bf4 (0x03947ab3) x21 0x00000000
core   0: 0x80007bf8 (0x028dd5b3) divu    a1, s11, s0
core   0: 3 0x80007bf8 (0x028dd5b3) x11 0x0037ae38
core   0: 0x80007bfc (0x03f529b3) mulhsu  s3, a0, t6
core   0: 3 0x80007bfc (0x03f529b3) x19 0x00000000
core   0: 0x80007c00 (0xa6a5ef13) ori     t5, a1, -1430
core   0: 3 0x80007c00 (0xa6a5ef13) x30 0xfffffe7a
core   0: 0x80007c04 (0x3f45d597) auipc   a1, 0x3f45d
core   0: 3 0x80007c04 (0x3f45d597) x11 0xbf464c04
core   0: 0x80007c08 (0x40fe5993) srai    s3, t3, 15
core   0: 3 0x80007c08 (0x40fe5993) x19 0x00000000
core   0: 0x80007c0c (0x7ffbb313) sltiu   t1, s7, 2047
core   0: 3 0x80007c0c (0x7ffbb313) x 6 0x00000001
core   0: 0x80007c10 (0xdcedef93) ori     t6, s11, -562
core   0: 3 0x80007c10 (0xdcedef93) x31 0xffffffff
core   0: 0x80007c14 (0x01320f33) add     t5, tp, s3
core   0: 3 0x80007c14 (0x01320f33) x30 0x80000000
core   0: 0x80007c18 (0x40e45893) srai    a7, s0, 14
core   0: 3 0x80007c18 (0x40e45893) x17 0x00000000
core   0: 0x80007c1c (0x04c8cfb7) lui     t6, 0x4c8c
core   0: 3 0x80007c1c (0x04c8cfb7) x31 0x04c8c000
core   0: 0x80007c20 (0x00000013) nop
core   0: 3 0x80007c20 (0x00000013)
core   0: 0x80007c24 (0x002de933) or      s2, s11, sp
core   0: 3 0x80007c24 (0x002de933) x18 0xffffffff
core   0: 0x80007c28 (0x01c6c633) xor     a2, a3, t3
core   0: 3 0x80007c28 (0x01c6c633) x12 0x00000000
core   0: 0x80007c2c (0x16566313) ori     t1, a2, 357
core   0: 3 0x80007c2c (0x16566313) x 6 0x00000165
core   0: 0x80007c30 (0x01cb9d93) slli    s11, s7, 28
core   0: 3 0x80007c30 (0x01cb9d93) x27 0x10000000
core   0: 0x80007c34 (0x0216c5b3) div     a1, a3, ra
core   0: 3 0x80007c34 (0x0216c5b3) x11 0x00000000
core   0: 0x80007c38 (0x030073b3) remu    t2, zero, a6
core   0: 3 0x80007c38 (0x030073b3) x 7 0x00000000
core   0: 0x80007c3c (0x737384b7) lui     s1, 0x73738
core   0: 3 0x80007c3c (0x737384b7) x 9 0x73738000
core   0: 0x80007c40 (0x03ab9eb3) mulh    t4, s7, s10
core   0: 3 0x80007c40 (0x03ab9eb3) x29 0x00000000
core   0: 0x80007c44 (0x20ba2b93) slti    s7, s4, 523
core   0: 3 0x80007c44 (0x20ba2b93) x23 0x00000001
core   0: 0x80007c48 (0x02ab0ab3) mul     s5, s6, a0
core   0: 3 0x80007c48 (0x02ab0ab3) x21 0x000e6446
core   0: 0x80007c4c (0x02db5e33) divu    t3, s6, a3
core   0: 3 0x80007c4c (0x02db5e33) x28 0xffffffff
core   0: 0x80007c50 (0x03f104b3) mul     s1, sp, t6
core   0: 3 0x80007c50 (0x03f104b3) x 9 0xc8eb0000
core   0: 0x80007c54 (0x9335c893) xori    a7, a1, -1741
core   0: 3 0x80007c54 (0x9335c893) x17 0xfffff933
core   0: 0x80007c58 (0x004ea6b3) slt     a3, t4, tp
core   0: 3 0x80007c58 (0x004ea6b3) x13 0x00000000
core   0: 0x80007c5c (0x03638633) mul     a2, t2, s6
core   0: 3 0x80007c5c (0x03638633) x12 0x00000000
core   0: 0x80007c60 (0x032b4233) div     tp, s6, s2
core   0: 3 0x80007c60 (0x032b4233) x 4 0xfff19bba
core   0: 0x80007c64 (0x004f0533) add     a0, t5, tp
core   0: 3 0x80007c64 (0x004f0533) x10 0x7ff19bba
core   0: 0x80007c68 (0xf7950413) addi    s0, a0, -135
core   0: 3 0x80007c68 (0xf7950413) x 8 0x7ff19b33
core   0: 0x80007c6c (0x87c0cc93) xori    s9, ra, -1924
core   0: 3 0x80007c6c (0x87c0cc93) x25 0x0000028c
core   0: 0x80007c70 (0x023d6533) rem     a0, s10, gp
core   0: 3 0x80007c70 (0x023d6533) x10 0x00000026
core   0: 0x80007c74 (0x00315ab3) srl     s5, sp, gp
core   0: 3 0x80007c74 (0x00315ab3) x21 0x00000004
core   0: 0x80007c78 (0x00002633) slt     a2, zero, zero
core   0: 3 0x80007c78 (0x00002633) x12 0x00000000
core   0: 0x80007c7c (0x016ecb33) xor     s6, t4, s6
core   0: 3 0x80007c7c (0x016ecb33) x22 0x000e6446
core   0: 0x80007c80 (0x01e694b3) sll     s1, a3, t5
core   0: 3 0x80007c80 (0x01e694b3) x 9 0x00000000
core   0: 0x80007c84 (0xeb518313) addi    t1, gp, -331
core   0: 3 0x80007c84 (0xeb518313) x 6 0x00000052
core   0: 0x80007c88 (0xaacc4d93) xori    s11, s8, -1364
core   0: 3 0x80007c88 (0xaacc4d93) x27 0xfffffaac
core   0: 0x80007c8c (0xfd15cd13) xori    s10, a1, -47
core   0: 3 0x80007c8c (0xfd15cd13) x26 0xffffffd1
core   0: 0x80007c90 (0x02b19f33) mulh    t5, gp, a1
core   0: 3 0x80007c90 (0x02b19f33) x30 0x00000000
core   0: 0x80007c94 (0x40a80333) sub     t1, a6, a0
core   0: 3 0x80007c94 (0x40a80333) x 6 0x001bc4eb
core   0: 0x80007c98 (0x0378e633) rem     a2, a7, s7
core   0: 3 0x80007c98 (0x0378e633) x12 0x00000000
core   0: 0x80007c9c (0x0107bc33) sltu    s8, a5, a6
core   0: 3 0x80007c9c (0x0107bc33) x24 0x00000000
core   0: 0x80007ca0 (0xb9e7b593) sltiu   a1, a5, -1122
core   0: 3 0x80007ca0 (0xb9e7b593) x11 0x00000001
core   0: 0x80007ca4 (0x029d18b3) mulh    a7, s10, s1
core   0: 3 0x80007ca4 (0x029d18b3) x17 0x00000000
core   0: 0x80007ca8 (0xa0ca8313) addi    t1, s5, -1524
core   0: 3 0x80007ca8 (0xa0ca8313) x 6 0xfffffa10
core   0: 0x80007cac (0xc5fbd8b7) lui     a7, 0xc5fbd
core   0: 3 0x80007cac (0xc5fbd8b7) x17 0xc5fbd000
core   0: 0x80007cb0 (0x037f0633) mul     a2, t5, s7
core   0: 3 0x80007cb0 (0x037f0633) x12 0x00000000
core   0: 0x80007cb4 (0x41175513) srai    a0, a4, 17
core   0: 3 0x80007cb4 (0x41175513) x10 0xffffc000
core   0: 0x80007cb8 (0x5d2aec13) ori     s8, s5, 1490
core   0: 3 0x80007cb8 (0x5d2aec13) x24 0x000005d6
core   0: 0x80007cbc (0x1c3f8393) addi    t2, t6, 451
core   0: 3 0x80007cbc (0x1c3f8393) x 7 0x04c8c1c3
core   0: 0x80007cc0 (0x49857d93) andi    s11, a0, 1176
core   0: 3 0x80007cc0 (0x49857d93) x27 0x00000000
core   0: 0x80007cc4 (0x67d80097) auipc   ra, 0x67d80
core   0: 3 0x80007cc4 (0x67d80097) x 1 0xe7d87cc4
core   0: 0x80007cc8 (0x03c2acb3) mulhsu  s9, t0, t3
core   0: 3 0x80007cc8 (0x03c2acb3) x25 0xf6416d2c
core   0: 0x80007ccc (0x01f05513) srli    a0, zero, 31
core   0: 3 0x80007ccc (0x01f05513) x10 0x00000000
core   0: 0x80007cd0 (0xa22f14b7) lui     s1, 0xa22f1
core   0: 3 0x80007cd0 (0xa22f14b7) x 9 0xa22f1000
core   0: 0x80007cd4 (0x0188b3b3) sltu    t2, a7, s8
core   0: 3 0x80007cd4 (0x0188b3b3) x 7 0x00000000
core   0: 0x80007cd8 (0x00f8f233) and     tp, a7, a5
core   0: 3 0x80007cd8 (0x00f8f233) x 4 0xc5e19000
core   0: 0x80007cdc (0x02dc73b3) remu    t2, s8, a3
core   0: 3 0x80007cdc (0x02dc73b3) x 7 0x000005d6
core   0: 0x80007ce0 (0x392ed037) lui     zero, 0x392ed
core   0: 3 0x80007ce0 (0x392ed037)
core   0: 0x80007ce4 (0x01225d13) srli    s10, tp, 18
core   0: 3 0x80007ce4 (0x01225d13) x26 0x00003178
core   0: 0x80007ce8 (0x00cd96b3) sll     a3, s11, a2
core   0: 3 0x80007ce8 (0x00cd96b3) x13 0x00000000
core   0: 0x80007cec (0x0305bb33) mulhu   s6, a1, a6
core   0: 3 0x80007cec (0x0305bb33) x22 0x00000000
core   0: 0x80007cf0 (0xb273e617) auipc   a2, 0xb273e
core   0: 3 0x80007cf0 (0xb273e617) x12 0x32745cf0
core   0: 0x80007cf4 (0x00000013) nop
core   0: 3 0x80007cf4 (0x00000013)
core   0: 0x80007cf8 (0x310f7f13) andi    t5, t5, 784
core   0: 3 0x80007cf8 (0x310f7f13) x30 0x00000000
core   0: 0x80007cfc (0x0af7b393) sltiu   t2, a5, 175
core   0: 3 0x80007cfc (0x0af7b393) x 7 0x00000000
core   0: 0x80007d00 (0x028d2233) mulhsu  tp, s10, s0
core   0: 3 0x80007d00 (0x028d2233) x 4 0x000018b9
core   0: 0x80007d04 (0x03f86bb3) rem     s7, a6, t6
core   0: 3 0x80007d04 (0x03f86bb3) x23 0x001bc511
core   0: 0x80007d08 (0x02200c33) mul     s8, zero, sp
core   0: 3 0x80007d08 (0x02200c33) x24 0x00000000
core   0: 0x80007d0c (0x01e59c13) slli    s8, a1, 30
core   0: 3 0x80007d0c (0x01e59c13) x24 0x40000000
core   0: 0x80007d10 (0x019e1493) slli    s1, t3, 25
core   0: 3 0x80007d10 (0x019e1493) x 9 0xfe000000
core   0: 0x80007d14 (0x2fb98593) addi    a1, s3, 763
core   0: 3 0x80007d14 (0x2fb98593) x11 0x000002fb
core   0: 0x80007d18 (0x41975693) srai    a3, a4, 25
core   0: 3 0x80007d18 (0x41975693) x13 0xffffffc0
core   0: 0x80007d1c (0xaf167613) andi    a2, a2, -1295
core   0: 3 0x80007d1c (0xaf167613) x12 0x327458f0
core   0: 0x80007d20 (0x415ddab3) sra     s5, s11, s5
core   0: 3 0x80007d20 (0x415ddab3) x21 0x00000000
core   0: 0x80007d24 (0x024c7cb3) remu    s9, s8, tp
core   0: 3 0x80007d24 (0x024c7cb3) x25 0x0000067a
core   0: 0x80007d28 (0x00129a33) sll     s4, t0, ra
core   0: 3 0x80007d28 (0x00129a33) x20 0x6416d2c0
core   0: 0x80007d2c (0x02c879b3) remu    s3, a6, a2
core   0: 3 0x80007d2c (0x02c879b3) x19 0x001bc511
core   0: 0x80007d30 (0x41bed333) sra     t1, t4, s11
core   0: 3 0x80007d30 (0x41bed333) x 6 0x00000000
core   0: 0x80007d34 (0x0248e0b3) rem     ra, a7, tp
core   0: 3 0x80007d34 (0x0248e0b3) x 1 0xfffff2c0
core   0: 0x80007d38 (0x03ce4ab3) div     s5, t3, t3
core   0: 3 0x80007d38 (0x03ce4ab3) x21 0x00000001
core   0: 0x80007d3c (0x41f7d3b3) sra     t2, a5, t6
core   0: 3 0x80007d3c (0x41f7d3b3) x 7 0xdde5b278
core   0: 0x80007d40 (0x026d8ab3) mul     s5, s11, t1
core   0: 3 0x80007d40 (0x026d8ab3) x21 0x00000000
core   0: 0x80007d44 (0x02c69d33) mulh    s10, a3, a2
core   0: 3 0x80007d44 (0x02c69d33) x26 0xfffffff3
core   0: 0x80007d48 (0x000af233) and     tp, s5, zero
core   0: 3 0x80007d48 (0x000af233) x 4 0x00000000
core   0: 0x80007d4c (0x03691033) mulh    zero, s2, s6
core   0: 3 0x80007d4c (0x03691033)
core   0: 0x80007d50 (0x40bc06b3) sub     a3, s8, a1
core   0: 3 0x80007d50 (0x40bc06b3) x13 0x3ffffd05
core   0: 0x80007d54 (0x005c9893) slli    a7, s9, 5
core   0: 3 0x80007d54 (0x005c9893) x17 0x0000cf40
core   0: 0x80007d58 (0x012d7e33) and     t3, s10, s2
core   0: 3 0x80007d58 (0x012d7e33) x28 0xfffffff3
core   0: 0x80007d5c (0x03880a33) mul     s4, a6, s8
core   0: 3 0x80007d5c (0x03880a33) x20 0x40000000
core   0: 0x80007d60 (0xd9664013) xori    zero, a2, -618
core   0: 3 0x80007d60 (0xd9664013)
core   0: 0x80007d64 (0x001b6e33) or      t3, s6, ra
core   0: 3 0x80007d64 (0x001b6e33) x28 0xfffff2c0
core   0: 0x80007d68 (0x01bf9a33) sll     s4, t6, s11
core   0: 3 0x80007d68 (0x01bf9a33) x20 0x04c8c000
core   0: 0x80007d6c (0x01bf95b3) sll     a1, t6, s11
core   0: 3 0x80007d6c (0x01bf95b3) x11 0x04c8c000
core   0: 0x80007d70 (0x03e8a833) mulhsu  a6, a7, t5
core   0: 3 0x80007d70 (0x03e8a833) x16 0x00000000
core   0: 0x80007d74 (0x2181aa37) lui     s4, 0x2181a
core   0: 3 0x80007d74 (0x2181aa37) x20 0x2181a000
core   0: 0x80007d78 (0x01c9d633) srl     a2, s3, t3
core   0: 3 0x80007d78 (0x01c9d633) x12 0x001bc511
core   0: 0x80007d7c (0xe9103c93) sltiu   s9, zero, -367
core   0: 3 0x80007d7c (0xe9103c93) x25 0x00000001
core   0: 0x80007d80 (0x1c362313) slti    t1, a2, 451
core   0: 3 0x80007d80 (0x1c362313) x 6 0x00000000
core   0: 0x80007d84 (0x03df58b3) divu    a7, t5, t4
core   0: 3 0x80007d84 (0x03df58b3) x17 0xffffffff
core   0: 0x80007d88 (0x021e2fb3) mulhsu  t6, t3, ra
core   0: 3 0x80007d88 (0x021e2fb3) x31 0xfffff2c0
core   0: 0x80007d8c (0x02f6b5b3) mulhu   a1, a3, a5
core   0: 3 0x80007d8c (0x02f6b5b3) x11 0x37796a08
core   0: 0x80007d90 (0x01268f33) add     t5, a3, s2
core   0: 3 0x80007d90 (0x01268f33) x30 0x3ffffd04
core   0: 0x80007d94 (0x96e24513) xori    a0, tp, -1682
core   0: 3 0x80007d94 (0x96e24513) x10 0xfffff96e
core   0: 0x80007d98 (0x028b48b3) div     a7, s6, s0
core   0: 3 0x80007d98 (0x028b48b3) x17 0x00000000
core   0: 0x80007d9c (0x02eac933) div     s2, s5, a4
core   0: 3 0x80007d9c (0x02eac933) x18 0x00000000
core   0: 0x80007da0 (0x01c82eb3) slt     t4, a6, t3
core   0: 3 0x80007da0 (0x01c82eb3) x29 0x00000000
core   0: 0x80007da4 (0x031b5c33) divu    s8, s6, a7
core   0: 3 0x80007da4 (0x031b5c33) x24 0xffffffff
core   0: 0x80007da8 (0x01d30433) add     s0, t1, t4
core   0: 3 0x80007da8 (0x01d30433) x 8 0x00000000
core   0: 0x80007dac (0x02ddba33) mulhu   s4, s11, a3
core   0: 3 0x80007dac (0x02ddba33) x20 0x00000000
core   0: 0x80007db0 (0x00563033) sltu    zero, a2, t0
core   0: 3 0x80007db0 (0x00563033)
core   0: 0x80007db4 (0x02f3a333) mulhsu  t1, t2, a5
core   0: 3 0x80007db4 (0x02f3a333) x 6 0xe270b1c3
core   0: 0x80007db8 (0x03c5ddb3) divu    s11, a1, t3
core   0: 3 0x80007db8 (0x03c5ddb3) x27 0x00000000
core   0: 0x80007dbc (0x00000013) nop
core   0: 3 0x80007dbc (0x00000013)
core   0: 0x80007dc0 (0x01a013b3) sll     t2, zero, s10
core   0: 3 0x80007dc0 (0x01a013b3) x 7 0x00000000
core   0: 0x80007dc4 (0x40865a33) sra     s4, a2, s0
core   0: 3 0x80007dc4 (0x40865a33) x20 0x001bc511
core   0: 0x80007dc8 (0x014b5f13) srli    t5, s6, 20
core   0: 3 0x80007dc8 (0x014b5f13) x30 0x00000000
core   0: 0x80007dcc (0x00455d33) srl     s10, a0, tp
core   0: 3 0x80007dcc (0x00455d33) x26 0xfffff96e
core   0: 0x80007dd0 (0x03a7bc33) mulhu   s8, a5, s10
core   0: 3 0x80007dd0 (0x03a7bc33) x24 0xdde5acc6
core   0: 0x80007dd4 (0x409c5693) srai    a3, s8, 9
core   0: 3 0x80007dd4 (0x409c5693) x13 0xffeef2d6
core   0: 0x80007dd8 (0x0211a3b3) mulhsu  t2, gp, ra
core   0: 3 0x80007dd8 (0x0211a3b3) x 7 0x0000019c
core   0: 0x80007ddc (0x2841b513) sltiu   a0, gp, 644
core   0: 3 0x80007ddc (0x2841b513) x10 0x00000001
core   0: 0x80007de0 (0x2d0c6a93) ori     s5, s8, 720
core   0: 3 0x80007de0 (0x2d0c6a93) x21 0xdde5aed6
core   0: 0x80007de4 (0x0314a833) mulhsu  a6, s1, a7
core   0: 3 0x80007de4 (0x0314a833) x16 0x00000000
core   0: 0x80007de8 (0x019cb0b3) sltu    ra, s9, s9
core   0: 3 0x80007de8 (0x019cb0b3) x 1 0x00000000
core   0: 0x80007dec (0x01d41a33) sll     s4, s0, t4
core   0: 3 0x80007dec (0x01d41a33) x20 0x00000000
core   0: 0x80007df0 (0x03dc3cb3) mulhu   s9, s8, t4
core   0: 3 0x80007df0 (0x03dc3cb3) x25 0x00000000
core   0: 0x80007df4 (0xfa96f393) andi    t2, a3, -87
core   0: 3 0x80007df4 (0xfa96f393) x 7 0xffeef280
core   0: 0x80007df8 (0x001b9a93) slli    s5, s7, 1
core   0: 3 0x80007df8 (0x001b9a93) x21 0x00378a22
core   0: 0x80007dfc (0x008193b3) sll     t2, gp, s0
core   0: 3 0x80007dfc (0x008193b3) x 7 0x0000019d
core   0: 0x80007e00 (0x03756e33) rem     t3, a0, s7
core   0: 3 0x80007e00 (0x03756e33) x28 0x00000001
core   0: 0x80007e04 (0x01f85393) srli    t2, a6, 31
core   0: 3 0x80007e04 (0x01f85393) x 7 0x00000000
core   0: 0x80007e08 (0xff447213) andi    tp, s0, -12
core   0: 3 0x80007e08 (0xff447213) x 4 0x00000000
core   0: 0x80007e0c (0x38290993) addi    s3, s2, 898
core   0: 3 0x80007e0c (0x38290993) x19 0x00000382
core   0: 0x80007e10 (0x00000013) nop
core   0: 3 0x80007e10 (0x00000013)
core   0: 0x80007e14 (0x01fe3033) sltu    zero, t3, t6
core   0: 3 0x80007e14 (0x01fe3033)
core   0: 0x80007e18 (0x00ddc5b3) xor     a1, s11, a3
core   0: 3 0x80007e18 (0x00ddc5b3) x11 0xffeef2d6
core   0: 0x80007e1c (0x00a717b3) sll     a5, a4, a0
core   0: 3 0x80007e1c (0x00a717b3) x15 0x000319c8
core   0: 0x80007e20 (0x03ad36b3) mulhu   a3, s10, s10
core   0: 3 0x80007e20 (0x03ad36b3) x13 0xfffff2dc
core   0: 0x80007e24 (0x03c7cf33) div     t5, a5, t3
core   0: 3 0x80007e24 (0x03c7cf33) x30 0x000319c8
core   0: 0x80007e28 (0x70eeae93) slti    t4, t4, 1806
core   0: 3 0x80007e28 (0x70eeae93) x29 0x00000001
core   0: 0x80007e2c (0x024d7a33) remu    s4, s10, tp
core   0: 3 0x80007e2c (0x024d7a33) x20 0xfffff96e
core   0: 0x80007e30 (0x1906cc93) xori    s9, a3, 400
core   0: 3 0x80007e30 (0x1906cc93) x25 0xfffff34c
core   0: 0x80007e34 (0x0133b233) sltu    tp, t2, s3
core   0: 3 0x80007e34 (0x0133b233) x 4 0x00000001
core   0: 0x80007e38 (0x02d685b3) mul     a1, a3, a3
core   0: 3 0x80007e38 (0x02d685b3) x11 0x00acad10
core   0: 0x80007e3c (0x00557633) and     a2, a0, t0
core   0: 3 0x80007e3c (0x00557633) x12 0x00000000
core   0: 0x80007e40 (0xe49d6213) ori     tp, s10, -439
core   0: 3 0x80007e40 (0xe49d6213) x 4 0xffffff6f
core   0: 0x80007e44 (0x01274c33) xor     s8, a4, s2
core   0: 3 0x80007e44 (0x01274c33) x24 0x80018ce4
core   0: 0x80007e48 (0x03139933) mulh    s2, t2, a7
core   0: 3 0x80007e48 (0x03139933) x18 0x00000000
core   0: 0x80007e4c (0x00f1a333) slt     t1, gp, a5
core   0: 3 0x80007e4c (0x00f1a333) x 6 0x00000001
core   0: 0x80007e50 (0x01456ab3) or      s5, a0, s4
core   0: 3 0x80007e50 (0x01456ab3) x21 0xfffff96f
core   0: 0x80007e54 (0x019281b3) add     gp, t0, s9
core   0: 3 0x80007e54 (0x019281b3) x 3 0xf6416078
core   0: 0x80007e58 (0x00e681b3) add     gp, a3, a4
core   0: 3 0x80007e58 (0x00e681b3) x 3 0x80017fc0
core   0: 0x80007e5c (0xe6983517) auipc   a0, 0xe6983
core   0: 3 0x80007e5c (0xe6983517) x10 0x6698ae5c
core   0: 0x80007e60 (0xdf4a4193) xori    gp, s4, -524
core   0: 3 0x80007e60 (0xdf4a4193) x 3 0x0000049a
core   0: 0x80007e64 (0x01064d33) xor     s10, a2, a6
core   0: 3 0x80007e64 (0x01064d33) x26 0x00000000
core   0: 0x80007e68 (0x00d51213) slli    tp, a0, 13
core   0: 3 0x80007e68 (0x00d51213) x 4 0x15cb8000
core   0: 0x80007e6c (0x00995db3) srl     s11, s2, s1
core   0: 3 0x80007e6c (0x00995db3) x27 0x00000000
core   0: 0x80007e70 (0x00825913) srli    s2, tp, 8
core   0: 3 0x80007e70 (0x00825913) x18 0x0015cb80
core   0: 0x80007e74 (0x014d9693) slli    a3, s11, 20
core   0: 3 0x80007e74 (0x014d9693) x13 0x00000000
core   0: 0x80007e78 (0x0343bd33) mulhu   s10, t2, s4
core   0: 3 0x80007e78 (0x0343bd33) x26 0x00000000
core   0: 0x80007e7c (0x005ea7b3) slt     a5, t4, t0
core   0: 3 0x80007e7c (0x005ea7b3) x15 0x00000000
core   0: 0x80007e80 (0x02308333) mul     t1, ra, gp
core   0: 3 0x80007e80 (0x02308333) x 6 0x00000000
core   0: 0x80007e84 (0x03c0efb3) rem     t6, ra, t3
core   0: 3 0x80007e84 (0x03c0efb3) x31 0x00000000
core   0: 0x80007e88 (0x02cd7933) remu    s2, s10, a2
core   0: 3 0x80007e88 (0x02cd7933) x18 0x00000000
core   0: 0x80007e8c (0x005f8533) add     a0, t6, t0
core   0: 3 0x80007e8c (0x005f8533) x10 0xf6416d2c
core   0: 0x80007e90 (0xcba8ee93) ori     t4, a7, -838
core   0: 3 0x80007e90 (0xcba8ee93) x29 0xfffffcba
core   0: 0x80007e94 (0x03517333) remu    t1, sp, s5
core   0: 3 0x80007e94 (0x03517333) x 6 0x80014e64
core   0: 0x80007e98 (0xbe263993) sltiu   s3, a2, -1054
core   0: 3 0x80007e98 (0xbe263993) x19 0x00000001
core   0: 0x80007e9c (0x00ffc033) xor     zero, t6, a5
core   0: 3 0x80007e9c (0x00ffc033)
core   0: 0x80007ea0 (0x00dea1b3) slt     gp, t4, a3
core   0: 3 0x80007ea0 (0x00dea1b3) x 3 0x00000001
core   0: 0x80007ea4 (0x005ca8b3) slt     a7, s9, t0
core   0: 3 0x80007ea4 (0x005ca8b3) x17 0x00000000
core   0: 0x80007ea8 (0x0000c7b3) xor     a5, ra, zero
core   0: 3 0x80007ea8 (0x0000c7b3) x15 0x00000000
core   0: 0x80007eac (0x40cb50b3) sra     ra, s6, a2
core   0: 3 0x80007eac (0x40cb50b3) x 1 0x00000000
core   0: 0x80007eb0 (0xad806f93) ori     t6, zero, -1320
core   0: 3 0x80007eb0 (0xad806f93) x31 0xfffffad8
core   0: 0x80007eb4 (0x001b15b3) sll     a1, s6, ra
core   0: 3 0x80007eb4 (0x001b15b3) x11 0x00000000
core   0: 0x80007eb8 (0x03188ab3) mul     s5, a7, a7
core   0: 3 0x80007eb8 (0x03188ab3) x21 0x00000000
core   0: 0x80007ebc (0x0c448513) addi    a0, s1, 196
core   0: 3 0x80007ebc (0x0c448513) x10 0xfe0000c4
core   0: 0x80007ec0 (0x4153d693) srai    a3, t2, 21
core   0: 3 0x80007ec0 (0x4153d693) x13 0x00000000
core   0: 0x80007ec4 (0x0191d993) srli    s3, gp, 25
core   0: 3 0x80007ec4 (0x0191d993) x19 0x00000000
core   0: 0x80007ec8 (0x401305b3) sub     a1, t1, ra
core   0: 3 0x80007ec8 (0x401305b3) x11 0x80014e64
core   0: 0x80007ecc (0xc1b8fd93) andi    s11, a7, -997
core   0: 3 0x80007ecc (0xc1b8fd93) x27 0x00000000
core   0: 0x80007ed0 (0x03dbc6b3) div     a3, s7, t4
core   0: 3 0x80007ed0 (0x03dbc6b3) x13 0xfffff785
core   0: 0x80007ed4 (0x00000013) nop
core   0: 3 0x80007ed4 (0x00000013)
core   0: 0x80007ed8 (0x31ef4993) xori    s3, t5, 798
core   0: 3 0x80007ed8 (0x31ef4993) x19 0x00031ad6
core   0: 0x80007edc (0x41385333) sra     t1, a6, s3
core   0: 3 0x80007edc (0x41385333) x 6 0x00000000
core   0: 0x80007ee0 (0x01c07633) and     a2, zero, t3
core   0: 3 0x80007ee0 (0x01c07633) x12 0x00000000
core   0: 0x80007ee4 (0x01eac433) xor     s0, s5, t5
core   0: 3 0x80007ee4 (0x01eac433) x 8 0x000319c8
core   0: 0x80007ee8 (0x1aedea17) auipc   s4, 0x1aede
core   0: 3 0x80007ee8 (0x1aedea17) x20 0x9aee5ee8
core   0: 0x80007eec (0x7fdf6593) ori     a1, t5, 2045
core   0: 3 0x80007eec (0x7fdf6593) x11 0x00031ffd
core   0: 0x80007ef0 (0x00000013) nop
core   0: 3 0x80007ef0 (0x00000013)
core   0: 0x80007ef4 (0x01c11b33) sll     s6, sp, t3
core   0: 3 0x80007ef4 (0x01c11b33) x22 0x00029cc8
core   0: 0x80007ef8 (0x03b22cb3) mulhsu  s9, tp, s11
core   0: 3 0x80007ef8 (0x03b22cb3) x25 0x00000000
core   0: 0x80007efc (0x0295b7b3) mulhu   a5, a1, s1
core   0: 3 0x80007efc (0x0295b7b3) x15 0x000319bd
core   0: 0x80007f00 (0x01d22933) slt     s2, tp, t4
core   0: 3 0x80007f00 (0x01d22933) x18 0x00000000
core   0: 0x80007f04 (0x02c74833) div     a6, a4, a2
core   0: 3 0x80007f04 (0x02c74833) x16 0xffffffff
core   0: 0x80007f08 (0x02244033) div     zero, s0, sp
core   0: 3 0x80007f08 (0x02244033)
core   0: 0x80007f0c (0x0124e9b3) or      s3, s1, s2
core   0: 3 0x80007f0c (0x0124e9b3) x19 0xfe000000
core   0: 0x80007f10 (0x408406b3) sub     a3, s0, s0
core   0: 3 0x80007f10 (0x408406b3) x13 0x00000000
core   0: 0x80007f14 (0x0371f633) remu    a2, gp, s7
core   0: 3 0x80007f14 (0x0371f633) x12 0x00000001
core   0: 0x80007f18 (0x02a54ab3) div     s5, a0, a0
core   0: 3 0x80007f18 (0x02a54ab3) x21 0x00000001
core   0: 0x80007f1c (0x4f8bd397) auipc   t2, 0x4f8bd
core   0: 3 0x80007f1c (0x4f8bd397) x 7 0xcf8c4f1c
core   0: 0x80007f20 (0x9f842093) slti    ra, s0, -1544
core   0: 3 0x80007f20 (0x9f842093) x 1 0x00000000
core   0: 0x80007f24 (0x0120abb3) slt     s7, ra, s2
core   0: 3 0x80007f24 (0x0120abb3) x23 0x00000000
core   0: 0x80007f28 (0x40dd5c93) srai    s9, s10, 13
core   0: 3 0x80007f28 (0x40dd5c93) x25 0x00000000
core   0: 0x80007f2c (0x031ed8b3) divu    a7, t4, a7
core   0: 3 0x80007f2c (0x031ed8b3) x17 0xffffffff
core   0: 0x80007f30 (0x039ee3b3) rem     t2, t4, s9
core   0: 3 0x80007f30 (0x039ee3b3) x 7 0xfffffcba
core   0: 0x80007f34 (0x01b7a933) slt     s2, a5, s11
core   0: 3 0x80007f34 (0x01b7a933) x18 0x00000000
core   0: 0x80007f38 (0x0353b533) mulhu   a0, t2, s5
core   0: 3 0x80007f38 (0x0353b533) x10 0x00000000
core   0: 0x80007f3c (0x00000013) nop
core   0: 3 0x80007f3c (0x00000013)
core   0: 0x80007f40 (0xc74df437) lui     s0, 0xc74df
core   0: 3 0x80007f40 (0xc74df437) x 8 0xc74df000
core   0: 0x80007f44 (0x734c4593) xori    a1, s8, 1844
core   0: 3 0x80007f44 (0x734c4593) x11 0x80018bd0
core   0: 0x80007f48 (0x00022533) slt     a0, tp, zero
core   0: 3 0x80007f48 (0x00022533) x10 0x00000000
core   0: 0x80007f4c (0x004cc233) xor     tp, s9, tp
core   0: 3 0x80007f4c (0x004cc233) x 4 0x15cb8000
core   0: 0x80007f50 (0x03d98a33) mul     s4, s3, t4
core   0: 3 0x80007f50 (0x03d98a33) x20 0x8c000000
core   0: 0x80007f54 (0xc9547c13) andi    s8, s0, -875
core   0: 3 0x80007f54 (0xc9547c13) x24 0xc74df000
core   0: 0x80007f58 (0x0375c6b3) div     a3, a1, s7
core   0: 3 0x80007f58 (0x0375c6b3) x13 0xffffffff
core   0: 0x80007f5c (0x9eea9b97) auipc   s7, 0x9eea9
core   0: 3 0x80007f5c (0x9eea9b97) x23 0x1eeb0f5c
core   0: 0x80007f60 (0x0276c533) div     a0, a3, t2
core   0: 3 0x80007f60 (0x0276c533) x10 0x00000000
core   0: 0x80007f64 (0x52170437) lui     s0, 0x52170
core   0: 3 0x80007f64 (0x52170437) x 8 0x52170000
core   0: 0x80007f68 (0x014c9cb3) sll     s9, s9, s4
core   0: 3 0x80007f68 (0x014c9cb3) x25 0x00000000
core   0: 0x80007f6c (0x02da5d33) divu    s10, s4, a3
core   0: 3 0x80007f6c (0x02da5d33) x26 0x00000000
core   0: 0x80007f70 (0xfd0c0513) addi    a0, s8, -48
core   0: 3 0x80007f70 (0xfd0c0513) x10 0xc74defd0
core   0: 0x80007f74 (0x01ff0f33) add     t5, t5, t6
core   0: 3 0x80007f74 (0x01ff0f33) x30 0x000314a0
core   0: 0x80007f78 (0x01f29c93) slli    s9, t0, 31
core   0: 3 0x80007f78 (0x01f29c93) x25 0x00000000
core   0: 0x80007f7c (0x01001993) slli    s3, zero, 16
core   0: 3 0x80007f7c (0x01001993) x19 0x00000000
core   0: 0x80007f80 (0xf5480b93) addi    s7, a6, -172
core   0: 3 0x80007f80 (0xf5480b93) x23 0xffffff53
core   0: 0x80007f84 (0x025a2e33) mulhsu  t3, s4, t0
core   0: 3 0x80007f84 (0x025a2e33) x28 0x906a5a88
core   0: 0x80007f88 (0x004c5793) srli    a5, s8, 4
core   0: 3 0x80007f88 (0x004c5793) x15 0x0c74df00
core   0: 0x80007f8c (0x00d3e7b3) or      a5, t2, a3
core   0: 3 0x80007f8c (0x00d3e7b3) x15 0xffffffff
core   0: 0x80007f90 (0x01422833) slt     a6, tp, s4
core   0: 3 0x80007f90 (0x01422833) x16 0x00000000
core   0: 0x80007f94 (0x05520613) addi    a2, tp, 85
core   0: 3 0x80007f94 (0x05520613) x12 0x15cb8055
core   0: 0x80007f98 (0xee20cd37) lui     s10, 0xee20c
core   0: 3 0x80007f98 (0xee20cd37) x26 0xee20c000
core   0: 0x80007f9c (0x022c9033) mulh    zero, s9, sp
core   0: 3 0x80007f9c (0x022c9033)
core   0: 0x80007fa0 (0x40ebd693) srai    a3, s7, 14
core   0: 3 0x80007fa0 (0x40ebd693) x13 0xffffffff
core   0: 0x80007fa4 (0x04166893) ori     a7, a2, 65
core   0: 3 0x80007fa4 (0x04166893) x17 0x15cb8055
core   0: 0x80007fa8 (0x02ff0633) mul     a2, t5, a5
core   0: 3 0x80007fa8 (0x02ff0633) x12 0xfffceb60
core   0: 0x80007fac (0x404f5e33) sra     t3, t5, tp
core   0: 3 0x80007fac (0x404f5e33) x28 0x000314a0
core   0: 0x80007fb0 (0x405a8ab3) sub     s5, s5, t0
core   0: 3 0x80007fb0 (0x405a8ab3) x21 0x09be92d5
core   0: 0x80007fb4 (0x02ec5f33) divu    t5, s8, a4
core   0: 3 0x80007fb4 (0x02ec5f33) x30 0x00000001
core   0: 0x80007fb8 (0x0331b7b3) mulhu   a5, gp, s3
core   0: 3 0x80007fb8 (0x0331b7b3) x15 0x00000000
core   0: 0x80007fbc (0x02740cb3) mul     s9, s0, t2
core   0: 3 0x80007fbc (0x02740cb3) x25 0x48b60000
core   0: 0x80007fc0 (0x03300033) mul     zero, zero, s3
core   0: 3 0x80007fc0 (0x03300033)
core   0: 0x80007fc4 (0xb9358397) auipc   t2, 0xb9358
core   0: 3 0x80007fc4 (0xb9358397) x 7 0x3935ffc4
core   0: 0x80007fc8 (0x407edc93) srai    s9, t4, 7
core   0: 3 0x80007fc8 (0x407edc93) x25 0xfffffff9
core   0: 0x80007fcc (0x039a7bb3) remu    s7, s4, s9
core   0: 3 0x80007fcc (0x039a7bb3) x23 0x8c000000
core   0: 0x80007fd0 (0x40685d13) srai    s10, a6, 6
core   0: 3 0x80007fd0 (0x40685d13) x26 0x00000000
core   0: 0x80007fd4 (0x03ab0cb3) mul     s9, s6, s10
core   0: 3 0x80007fd4 (0x03ab0cb3) x25 0x00000000
core   0: 0x80007fd8 (0x0213bc33) mulhu   s8, t2, ra
core   0: 3 0x80007fd8 (0x0213bc33) x24 0x00000000
core   0: 0x80007fdc (0xd019f613) andi    a2, s3, -767
core   0: 3 0x80007fdc (0xd019f613) x12 0x00000000
core   0: 0x80007fe0 (0x921e3913) sltiu   s2, t3, -1759
core   0: 3 0x80007fe0 (0x921e3913) x18 0x00000001
core   0: 0x80007fe4 (0x0356a933) mulhsu  s2, a3, s5
core   0: 3 0x80007fe4 (0x0356a933) x18 0xffffffff
core   0: 0x80007fe8 (0x035959b3) divu    s3, s2, s5
core   0: 3 0x80007fe8 (0x035959b3) x19 0x0000001a
core   0: 0x80007fec (0x019ddc13) srli    s8, s11, 25
core   0: 3 0x80007fec (0x019ddc13) x24 0x00000000
core   0: 0x80007ff0 (0xe44eb613) sltiu   a2, t4, -444
core   0: 3 0x80007ff0 (0xe44eb613) x12 0x00000001
core   0: 0x80007ff4 (0x00219fb3) sll     t6, gp, sp
core   0: 3 0x80007ff4 (0x00219fb3) x31 0x00000010
core   0: 0x80007ff8 (0xee026913) ori     s2, tp, -288
core   0: 3 0x80007ff8 (0xee026913) x18 0xfffffee0
core   0: 0x80007ffc (0x437bf893) andi    a7, s7, 1079
core   0: 3 0x80007ffc (0x437bf893) x17 0x00000000
core   0: 0x80008000 (0x015e6d33) or      s10, t3, s5
core   0: 3 0x80008000 (0x015e6d33) x26 0x09bf96f5
core   0: 0x80008004 (0x4ecffa13) andi    s4, t6, 1260
core   0: 3 0x80008004 (0x4ecffa13) x20 0x00000000
core   0: 0x80008008 (0x3cd38593) addi    a1, t2, 973
core   0: 3 0x80008008 (0x3cd38593) x11 0x39360391
core   0: 0x8000800c (0x001aaab3) slt     s5, s5, ra
core   0: 3 0x8000800c (0x001aaab3) x21 0x00000000
core   0: 0x80008010 (0x004f41b3) xor     gp, t5, tp
core   0: 3 0x80008010 (0x004f41b3) x 3 0x15cb8001
core   0: 0x80008014 (0x0304c333) div     t1, s1, a6
core   0: 3 0x80008014 (0x0304c333) x 6 0xffffffff
core   0: 0x80008018 (0x03b20533) mul     a0, tp, s11
core   0: 3 0x80008018 (0x03b20533) x10 0x00000000
core   0: 0x8000801c (0x004c74b3) and     s1, s8, tp
core   0: 3 0x8000801c (0x004c74b3) x 9 0x00000000
core   0: 0x80008020 (0x0218ad13) slti    s10, a7, 33
core   0: 3 0x80008020 (0x0218ad13) x26 0x00000001
core   0: 0x80008024 (0x037b00b3) mul     ra, s6, s7
core   0: 3 0x80008024 (0x037b00b3) x 1 0x60000000
core   0: 0x80008028 (0x4072d933) sra     s2, t0, t2
core   0: 3 0x80008028 (0x4072d933) x18 0xff6416d2
core   0: 0x8000802c (0x00d529b3) slt     s3, a0, a3
core   0: 3 0x8000802c (0x00d529b3) x19 0x00000000
core   0: 0x80008030 (0x4143d413) srai    s0, t2, 20
core   0: 3 0x80008030 (0x4143d413) x 8 0x00000393
core   0: 0x80008034 (0x0095f033) and     zero, a1, s1
core   0: 3 0x80008034 (0x0095f033)
core   0: 0x80008038 (0x41525ab3) sra     s5, tp, s5
core   0: 3 0x80008038 (0x41525ab3) x21 0x15cb8000
core   0: 0x8000803c (0x02cf86b3) mul     a3, t6, a2
core   0: 3 0x8000803c (0x02cf86b3) x13 0x00000010
core   0: 0x80008040 (0x017cafb3) slt     t6, s9, s7
core   0: 3 0x80008040 (0x017cafb3) x31 0x00000000
core   0: 0x80008044 (0x03240d33) mul     s10, s0, s2
core   0: 3 0x80008044 (0x03240d33) x26 0xd2bd9096
core   0: 0x80008048 (0x011097b3) sll     a5, ra, a7
core   0: 3 0x80008048 (0x011097b3) x15 0x60000000
core   0: 0x8000804c (0x41570533) sub     a0, a4, s5
core   0: 3 0x8000804c (0x41570533) x10 0x6a360ce4
core   0: 0x80008050 (0x0062f333) and     t1, t0, t1
core   0: 3 0x80008050 (0x0062f333) x 6 0xf6416d2c
core   0: 0x80008054 (0x002353b3) srl     t2, t1, sp
core   0: 3 0x80008054 (0x002353b3) x 7 0x0f6416d2
core   0: 0x80008058 (0x0f528193) addi    gp, t0, 245
core   0: 3 0x80008058 (0x0f528193) x 3 0xf6416e21
core   0: 0x8000805c (0x12b26893) ori     a7, tp, 299
core   0: 3 0x8000805c (0x12b26893) x17 0x15cb812b
core   0: 0x80008060 (0x00000013) nop
core   0: 3 0x80008060 (0x00000013)
core   0: 0x80008064 (0x41ffd933) sra     s2, t6, t6
core   0: 3 0x80008064 (0x41ffd933) x18 0x00000000
core   0: 0x80008068 (0x00396c93) ori     s9, s2, 3
core   0: 3 0x80008068 (0x00396c93) x25 0x00000003
core   0: 0x8000806c (0x02de3033) mulhu   zero, t3, a3
core   0: 3 0x8000806c (0x02de3033)
core   0: 0x80008070 (0x6f947493) andi    s1, s0, 1785
core   0: 3 0x80008070 (0x6f947493) x 9 0x00000291
core   0: 0x80008074 (0x00d35d13) srli    s10, t1, 13
core   0: 3 0x80008074 (0x00d35d13) x26 0x0007b20b
core   0: 0x80008078 (0x02820233) mul     tp, tp, s0
core   0: 3 0x80008078 (0x02820233) x 4 0xe65a8000
core   0: 0x8000807c (0x1e437cb7) lui     s9, 0x1e437
core   0: 3 0x8000807c (0x1e437cb7) x25 0x1e437000
core   0: 0x80008080 (0x002b1eb3) sll     t4, s6, sp
core   0: 3 0x80008080 (0x002b1eb3) x29 0x0029cc80
core   0: 0x80008084 (0x00000013) nop
core   0: 3 0x80008084 (0x00000013)
core   0: 0x80008088 (0x001226b3) slt     a3, tp, ra
core   0: 3 0x80008088 (0x001226b3) x13 0x00000001
core   0: 0x8000808c (0x02c360b3) rem     ra, t1, a2
core   0: 3 0x8000808c (0x02c360b3) x 1 0x00000000
core   0: 0x80008090 (0x417a5c33) sra     s8, s4, s7
core   0: 3 0x80008090 (0x417a5c33) x24 0x00000000
core   0: 0x80008094 (0x02660533) mul     a0, a2, t1
core   0: 3 0x80008094 (0x02660533) x10 0xf6416d2c
core   0: 0x80008098 (0x4621eb93) ori     s7, gp, 1122
core   0: 3 0x80008098 (0x4621eb93) x23 0xf6416e63
core   0: 0x8000809c (0x00000013) nop
core   0: 3 0x8000809c (0x00000013)
core   0: 0x800080a0 (0x039a3833) mulhu   a6, s4, s9
core   0: 3 0x800080a0 (0x039a3833) x16 0x00000000
core   0: 0x800080a4 (0xcfe8fa13) andi    s4, a7, -770
core   0: 3 0x800080a4 (0xcfe8fa13) x20 0x15cb802a
core   0: 0x800080a8 (0x0185feb3) and     t4, a1, s8
core   0: 3 0x800080a8 (0x0185feb3) x29 0x00000000
core   0: 0x800080ac (0x036c47b3) div     a5, s8, s6
core   0: 3 0x800080ac (0x036c47b3) x15 0x00000000
core   0: 0x800080b0 (0x02ea7933) remu    s2, s4, a4
core   0: 3 0x800080b0 (0x02ea7933) x18 0x15cb802a
core   0: 0x800080b4 (0x00a0f833) and     a6, ra, a0
core   0: 3 0x800080b4 (0x00a0f833) x16 0x00000000
core   0: 0x800080b8 (0xc3578f13) addi    t5, a5, -971
core   0: 3 0x800080b8 (0xc3578f13) x30 0xfffffc35
core   0: 0x800080bc (0x97dd7a93) andi    s5, s10, -1667
core   0: 3 0x800080bc (0x97dd7a93) x21 0x0007b009
core   0: 0x800080c0 (0x70712197) auipc   gp, 0x70712
core   0: 3 0x800080c0 (0x70712197) x 3 0xf071a0c0
core   0: 0x800080c4 (0x01571533) sll     a0, a4, s5
core   0: 3 0x800080c4 (0x01571533) x10 0x0319c800
core   0: 0x800080c8 (0x3b84fcb7) lui     s9, 0x3b84f
core   0: 3 0x800080c8 (0x3b84fcb7) x25 0x3b84f000
core   0: 0x800080cc (0x0287a033) mulhsu  zero, a5, s0
core   0: 3 0x800080cc (0x0287a033)
core   0: 0x800080d0 (0x01c4f633) and     a2, s1, t3
core   0: 3 0x800080d0 (0x01c4f633) x12 0x00000080
core   0: 0x800080d4 (0x0320dab3) divu    s5, ra, s2
core   0: 3 0x800080d4 (0x0320dab3) x21 0x00000000
core   0: 0x800080d8 (0x0210f8b3) remu    a7, ra, ra
core   0: 3 0x800080d8 (0x0210f8b3) x17 0x00000000
core   0: 0x800080dc (0x413a8d33) sub     s10, s5, s3
core   0: 3 0x800080dc (0x413a8d33) x26 0x00000000
core   0: 0x800080e0 (0x7c59c013) xori    zero, s3, 1989
core   0: 3 0x800080e0 (0x7c59c013)
core   0: 0x800080e4 (0x40e98333) sub     t1, s3, a4
core   0: 3 0x800080e4 (0x40e98333) x 6 0x7ffe731c
core   0: 0x800080e8 (0x01753ab3) sltu    s5, a0, s7
core   0: 3 0x800080e8 (0x01753ab3) x21 0x00000001
core   0: 0x800080ec (0x8c24fa13) andi    s4, s1, -1854
core   0: 3 0x800080ec (0x8c24fa13) x20 0x00000080
core   0: 0x800080f0 (0x02fb95b3) mulh    a1, s7, a5
core   0: 3 0x800080f0 (0x02fb95b3) x11 0x00000000
core   0: 0x800080f4 (0x008e2097) auipc   ra, 0x8e2
core   0: 3 0x800080f4 (0x008e2097) x 1 0x808ea0f4
core   0: 0x800080f8 (0x0127c233) xor     tp, a5, s2
core   0: 3 0x800080f8 (0x0127c233) x 4 0x15cb802a
core   0: 0x800080fc (0x03dffdb3) remu    s11, t6, t4
core   0: 3 0x800080fc (0x03dffdb3) x27 0x00000000
core   0: 0x80008100 (0x0105e6b3) or      a3, a1, a6
core   0: 3 0x80008100 (0x0105e6b3) x13 0x00000000
core   0: 0x80008104 (0x00e4da13) srli    s4, s1, 14
core   0: 3 0x80008104 (0x00e4da13) x20 0x00000000
core   0: 0x80008108 (0x3a140317) auipc   t1, 0x3a140
core   0: 3 0x80008108 (0x3a140317) x 6 0xba148108
core   0: 0x8000810c (0x563d4c93) xori    s9, s10, 1379
core   0: 3 0x8000810c (0x563d4c93) x25 0x00000563
core   0: 0x80008110 (0x009cdc93) srli    s9, s9, 9
core   0: 3 0x80008110 (0x009cdc93) x25 0x00000002
core   0: 0x80008114 (0x00ddd493) srli    s1, s11, 13
core   0: 3 0x80008114 (0x00ddd493) x 9 0x00000000
core   0: 0x80008118 (0x0d85c013) xori    zero, a1, 216
core   0: 3 0x80008118 (0x0d85c013)
core   0: 0x8000811c (0x0242aab3) mulhsu  s5, t0, tp
core   0: 3 0x8000811c (0x0242aab3) x21 0xff2b9ef5
core   0: 0x80008120 (0x01ee4ab3) xor     s5, t3, t5
core   0: 3 0x80008120 (0x01ee4ab3) x21 0xfffce895
core   0: 0x80008124 (0xa71baf93) slti    t6, s7, -1423
core   0: 3 0x80008124 (0xa71baf93) x31 0x00000001
core   0: 0x80008128 (0x020bec33) rem     s8, s7, zero
core   0: 3 0x80008128 (0x020bec33) x24 0xf6416e63
core   0: 0x8000812c (0x014954b3) srl     s1, s2, s4
core   0: 3 0x8000812c (0x014954b3) x 9 0x15cb802a
core   0: 0x80008130 (0xcc6f2693) slti    a3, t5, -826
core   0: 3 0x80008130 (0xcc6f2693) x13 0x00000001
core   0: 0x80008134 (0x00be1513) slli    a0, t3, 11
core   0: 3 0x80008134 (0x00be1513) x10 0x18a50000
core   0: 0x80008138 (0xabfa31b7) lui     gp, 0xabfa3
core   0: 3 0x80008138 (0xabfa31b7) x 3 0xabfa3000
core   0: 0x8000813c (0x00c1f4b3) and     s1, gp, a2
core   0: 3 0x8000813c (0x00c1f4b3) x 9 0x00000000
core   0: 0x80008140 (0x00ee8633) add     a2, t4, a4
core   0: 3 0x80008140 (0x00ee8633) x12 0x80018ce4
core   0: 0x80008144 (0x025dc4b3) div     s1, s11, t0
core   0: 3 0x80008144 (0x025dc4b3) x 9 0x00000000
core   0: 0x80008148 (0xb03d8037) lui     zero, 0xb03d8
core   0: 3 0x80008148 (0xb03d8037)
core   0: 0x8000814c (0x037dc3b3) div     t2, s11, s7
core   0: 3 0x8000814c (0x037dc3b3) x 7 0x00000000
core   0: 0x80008150 (0x0116f7b3) and     a5, a3, a7
core   0: 3 0x80008150 (0x0116f7b3) x15 0x00000000
core   0: 0x80008154 (0x41f65813) srai    a6, a2, 31
core   0: 3 0x80008154 (0x41f65813) x16 0xffffffff
core   0: 0x80008158 (0x405e5533) sra     a0, t3, t0
core   0: 3 0x80008158 (0x405e5533) x10 0x00000031
core   0: 0x8000815c (0x039bdfb3) divu    t6, s7, s9
core   0: 3 0x8000815c (0x039bdfb3) x31 0x7b20b731
core   0: 0x80008160 (0x01412d33) slt     s10, sp, s4
core   0: 3 0x80008160 (0x01412d33) x26 0x00000001
core   0: 0x80008164 (0x41495d13) srai    s10, s2, 20
core   0: 3 0x80008164 (0x41495d13) x26 0x0000015c
core   0: 0x80008168 (0x0123a1b3) slt     gp, t2, s2
core   0: 3 0x80008168 (0x0123a1b3) x 3 0x00000001
core   0: 0x8000816c (0x413b5f93) srai    t6, s6, 19
core   0: 3 0x8000816c (0x413b5f93) x31 0x00000000
core   0: 0x80008170 (0x4897a513) slti    a0, a5, 1161
core   0: 3 0x80008170 (0x4897a513) x10 0x00000001
core   0: 0x80008174 (0xd1e7e793) ori     a5, a5, -738
core   0: 3 0x80008174 (0xd1e7e793) x15 0xfffffd1e
core   0: 0x80008178 (0x41bf5613) srai    a2, t5, 27
core   0: 3 0x80008178 (0x41bf5613) x12 0xffffffff
core   0: 0x8000817c (0x00bccbb3) xor     s7, s9, a1
core   0: 3 0x8000817c (0x00bccbb3) x23 0x00000002
core   0: 0x80008180 (0x031fed33) rem     s10, t6, a7
core   0: 3 0x80008180 (0x031fed33) x26 0x00000000
core   0: 0x80008184 (0x03880233) mul     tp, a6, s8
core   0: 3 0x80008184 (0x03880233) x 4 0x09be919d
core   0: 0x80008188 (0x9d779a37) lui     s4, 0x9d779
core   0: 3 0x80008188 (0x9d779a37) x20 0x9d779000
core   0: 0x8000818c (0x8f547913) andi    s2, s0, -1803
core   0: 3 0x8000818c (0x8f547913) x18 0x00000091
core   0: 0x80008190 (0x005a7db3) and     s11, s4, t0
core   0: 3 0x80008190 (0x005a7db3) x27 0x94410000
core   0: 0x80008194 (0x4ae98b13) addi    s6, s3, 1198
core   0: 3 0x80008194 (0x4ae98b13) x22 0x000004ae
core   0: 0x80008198 (0x01b8f1b3) and     gp, a7, s11
core   0: 3 0x80008198 (0x01b8f1b3) x 3 0x00000000
core   0: 0x8000819c (0xb2b655b7) lui     a1, 0xb2b65
core   0: 3 0x8000819c (0xb2b655b7) x11 0xb2b65000
core   0: 0x800081a0 (0x00c520b3) slt     ra, a0, a2
core   0: 3 0x800081a0 (0x00c520b3) x 1 0x00000000
core   0: 0x800081a4 (0x380b1197) auipc   gp, 0x380b1
core   0: 3 0x800081a4 (0x380b1197) x 3 0xb80b91a4
core   0: 0x800081a8 (0x01ee1e33) sll     t3, t3, t5
core   0: 3 0x800081a8 (0x01ee1e33) x28 0x94000000
core   0: 0x800081ac (0x03b04fb3) div     t6, zero, s11
core   0: 3 0x800081ac (0x03b04fb3) x31 0x00000000
core   0: 0x800081b0 (0x00c8d513) srli    a0, a7, 12
core   0: 3 0x800081b0 (0x00c8d513) x10 0x00000000
core   0: 0x800081b4 (0x41bf0f33) sub     t5, t5, s11
core   0: 3 0x800081b4 (0x41bf0f33) x30 0x6bbefc35
core   0: 0x800081b8 (0x02591e33) mulh    t3, s2, t0
core   0: 3 0x800081b8 (0x02591e33) x28 0xfffffffa
core   0: 0x800081bc (0x6b84a537) lui     a0, 0x6b84a
core   0: 3 0x800081bc (0x6b84a537) x10 0x6b84a000
core   0: 0x800081c0 (0x7e7e3b13) sltiu   s6, t3, 2023
core   0: 3 0x800081c0 (0x7e7e3b13) x22 0x00000000
core   0: 0x800081c4 (0x0186dab3) srl     s5, a3, s8
core   0: 3 0x800081c4 (0x0186dab3) x21 0x00000000
core   0: 0x800081c8 (0x029a30b3) mulhu   ra, s4, s1
core   0: 3 0x800081c8 (0x029a30b3) x 1 0x00000000
core   0: 0x800081cc (0x0018f8b3) and     a7, a7, ra
core   0: 3 0x800081cc (0x0018f8b3) x17 0x00000000
core   0: 0x800081d0 (0x02806233) rem     tp, zero, s0
core   0: 3 0x800081d0 (0x02806233) x 4 0x00000000
core   0: 0x800081d4 (0x00fecf33) xor     t5, t4, a5
core   0: 3 0x800081d4 (0x00fecf33) x30 0xfffffd1e
core   0: 0x800081d8 (0x412fdc33) sra     s8, t6, s2
core   0: 3 0x800081d8 (0x412fdc33) x24 0x00000000
core   0: 0x800081dc (0x02ac9bb3) mulh    s7, s9, a0
core   0: 3 0x800081dc (0x02ac9bb3) x23 0x00000000
core   0: 0x800081e0 (0x036f0433) mul     s0, t5, s6
core   0: 3 0x800081e0 (0x036f0433) x 8 0x00000000
core   0: 0x800081e4 (0x012900b3) add     ra, s2, s2
core   0: 3 0x800081e4 (0x012900b3) x 1 0x00000122
core   0: 0x800081e8 (0xb7a72b93) slti    s7, a4, -1158
core   0: 3 0x800081e8 (0xb7a72b93) x23 0x00000001
core   0: 0x800081ec (0x0252be33) mulhu   t3, t0, t0
core   0: 3 0x800081ec (0x0252be33) x28 0xece1ce89
core   0: 0x800081f0 (0x015dc8b3) xor     a7, s11, s5
core   0: 3 0x800081f0 (0x015dc8b3) x17 0x94410000
core   0: 0x800081f4 (0x038ead33) mulhsu  s10, t4, s8
core   0: 3 0x800081f4 (0x038ead33) x26 0x00000000
core   0: 0x800081f8 (0x006fa333) slt     t1, t6, t1
core   0: 3 0x800081f8 (0x006fa333) x 6 0x00000000
core   0: 0x800081fc (0x008d1a13) slli    s4, s10, 8
core   0: 3 0x800081fc (0x008d1a13) x20 0x00000000
core   0: 0x80008200 (0xcff97393) andi    t2, s2, -769
core   0: 3 0x80008200 (0xcff97393) x 7 0x00000091
core   0: 0x80008204 (0x412f5513) srai    a0, t5, 18
core   0: 3 0x80008204 (0x412f5513) x10 0xffffffff
core   0: 0x80008208 (0x02a55db3) divu    s11, a0, a0
core   0: 3 0x80008208 (0x02a55db3) x27 0x00000001
core   0: 0x8000820c (0x02d42cb3) mulhsu  s9, s0, a3
core   0: 3 0x8000820c (0x02d42cb3) x25 0x00000000
core   0: 0x80008210 (0x40410c33) sub     s8, sp, tp
core   0: 3 0x80008210 (0x40410c33) x24 0x80014e64
core   0: 0x80008214 (0x017d34b3) sltu    s1, s10, s7
core   0: 3 0x80008214 (0x017d34b3) x 9 0x00000001
core   0: 0x80008218 (0x02d816b3) mulh    a3, a6, a3
core   0: 3 0x80008218 (0x02d816b3) x13 0xffffffff
core   0: 0x8000821c (0x014ef7b3) and     a5, t4, s4
core   0: 3 0x8000821c (0x014ef7b3) x15 0x00000000
core   0: 0x80008220 (0x00000013) nop
core   0: 3 0x80008220 (0x00000013)
core   0: 0x80008224 (0x44f43193) sltiu   gp, s0, 1103
core   0: 3 0x80008224 (0x44f43193) x 3 0x00000001
core   0: 0x80008228 (0x419dd093) srai    ra, s11, 25
core   0: 3 0x80008228 (0x419dd093) x 1 0x00000000
core   0: 0x8000822c (0x5d6cf613) andi    a2, s9, 1494
core   0: 3 0x8000822c (0x5d6cf613) x12 0x00000000
core   0: 0x80008230 (0x002b6a33) or      s4, s6, sp
core   0: 3 0x80008230 (0x002b6a33) x20 0x80014e64
core   0: 0x80008234 (0x00000013) nop
core   0: 3 0x80008234 (0x00000013)
core   0: 0x80008238 (0x017c1c13) slli    s8, s8, 23
core   0: 3 0x80008238 (0x017c1c13) x24 0x32000000
core   0: 0x8000823c (0x03866b33) rem     s6, a2, s8
core   0: 3 0x8000823c (0x03866b33) x22 0x00000000
core   0: 0x80008240 (0x40c2d3b3) sra     t2, t0, a2
core   0: 3 0x80008240 (0x40c2d3b3) x 7 0xf6416d2c
core   0: 0x80008244 (0x03b751b3) divu    gp, a4, s11
core   0: 3 0x80008244 (0x03b751b3) x 3 0x80018ce4
core   0: 0x80008248 (0x01a0de93) srli    t4, ra, 26
core   0: 3 0x80008248 (0x01a0de93) x29 0x00000000
core   0: 0x8000824c (0x00842033) slt     zero, s0, s0
core   0: 3 0x8000824c (0x00842033)
core   0: 0x80008250 (0x00000013) nop
core   0: 3 0x80008250 (0x00000013)
core   0: 0x80008254 (0xf04deb13) ori     s6, s11, -252
core   0: 3 0x80008254 (0xf04deb13) x22 0xffffff05
core   0: 0x80008258 (0x0961e013) ori     zero, gp, 150
core   0: 3 0x80008258 (0x0961e013)
core   0: 0x8000825c (0x02d59933) mulh    s2, a1, a3
core   0: 3 0x8000825c (0x02d59933) x18 0x00000000
core   0: 0x80008260 (0x4ea4e893) ori     a7, s1, 1258
core   0: 3 0x80008260 (0x4ea4e893) x17 0x000004eb
core   0: 0x80008264 (0x003dad33) slt     s10, s11, gp
core   0: 3 0x80008264 (0x003dad33) x26 0x00000000
core   0: 0x80008268 (0x01ff3a33) sltu    s4, t5, t6
core   0: 3 0x80008268 (0x01ff3a33) x20 0x00000000
core   0: 0x8000826c (0x0214b9b3) mulhu   s3, s1, ra
core   0: 3 0x8000826c (0x0214b9b3) x19 0x00000000
core   0: 0x80008270 (0x41fb5013) srai    zero, s6, 31
core   0: 3 0x80008270 (0x41fb5013)
core   0: 0x80008274 (0x01808833) add     a6, ra, s8
core   0: 3 0x80008274 (0x01808833) x16 0x32000000
core   0: 0x80008278 (0x51f3ae13) slti    t3, t2, 1311
core   0: 3 0x80008278 (0x51f3ae13) x28 0x00000001
core   0: 0x8000827c (0x00a06ab3) or      s5, zero, a0
core   0: 3 0x8000827c (0x00a06ab3) x21 0xffffffff
core   0: 0x80008280 (0x0122d813) srli    a6, t0, 18
core   0: 3 0x80008280 (0x0122d813) x16 0x00003d90
core   0: 0x80008284 (0xa42e3593) sltiu   a1, t3, -1470
core   0: 3 0x80008284 (0xa42e3593) x11 0x00000001
core   0: 0x80008288 (0x3e526e13) ori     t3, tp, 997
core   0: 3 0x80008288 (0x3e526e13) x28 0x000003e5
core   0: 0x8000828c (0x01191433) sll     s0, s2, a7
core   0: 3 0x8000828c (0x01191433) x 8 0x00000000
core   0: 0x80008290 (0x00000013) nop
core   0: 3 0x80008290 (0x00000013)
core   0: 0x80008294 (0x41e95793) srai    a5, s2, 30
core   0: 3 0x80008294 (0x41e95793) x15 0x00000000
core   0: 0x80008298 (0x035819b3) mulh    s3, a6, s5
core   0: 3 0x80008298 (0x035819b3) x19 0xffffffff
core   0: 0x8000829c (0x005a4033) xor     zero, s4, t0
core   0: 3 0x8000829c (0x005a4033)
core   0: 0x800082a0 (0x03e9ad33) mulhsu  s10, s3, t5
core   0: 3 0x800082a0 (0x03e9ad33) x26 0xffffffff
core   0: 0x800082a4 (0x00be2fb3) slt     t6, t3, a1
core   0: 3 0x800082a4 (0x00be2fb3) x31 0x00000000
core   0: 0x800082a8 (0x868ac013) xori    zero, s5, -1944
core   0: 3 0x800082a8 (0x868ac013)
core   0: 0x800082ac (0xb7963193) sltiu   gp, a2, -1159
core   0: 3 0x800082ac (0xb7963193) x 3 0x00000001
core   0: 0x800082b0 (0x0298d533) divu    a0, a7, s1
core   0: 3 0x800082b0 (0x0298d533) x10 0x000004eb
core   0: 0x800082b4 (0x409dd893) srai    a7, s11, 9
core   0: 3 0x800082b4 (0x409dd893) x17 0x00000000
core   0: 0x800082b8 (0x008ef233) and     tp, t4, s0
core   0: 3 0x800082b8 (0x008ef233) x 4 0x00000000
core   0: 0x800082bc (0x00ef1233) sll     tp, t5, a4
core   0: 3 0x800082bc (0x00ef1233) x 4 0xffffd1e0
core   0: 0x800082c0 (0x97052b13) slti    s6, a0, -1680
core   0: 3 0x800082c0 (0x97052b13) x22 0x00000000
core   0: 0x800082c4 (0x03cf44b3) div     s1, t5, t3
core   0: 3 0x800082c4 (0x03cf44b3) x 9 0x00000000
core   0: 0x800082c8 (0x033dfeb3) remu    t4, s11, s3
core   0: 3 0x800082c8 (0x033dfeb3) x29 0x00000001
core   0: 0x800082cc (0x01da5013) srli    zero, s4, 29
core   0: 3 0x800082cc (0x01da5013)
core   0: 0x800082d0 (0x014b5333) srl     t1, s6, s4
core   0: 3 0x800082d0 (0x014b5333) x 6 0x00000000
core   0: 0x800082d4 (0xa4741f97) auipc   t6, 0xa4741
core   0: 3 0x800082d4 (0xa4741f97) x31 0x247492d4
core   0: 0x800082d8 (0x00000013) nop
core   0: 3 0x800082d8 (0x00000013)
core   0: 0x800082dc (0x01f4e7b3) or      a5, s1, t6
core   0: 3 0x800082dc (0x01f4e7b3) x15 0x247492d4
core   0: 0x800082e0 (0x017d4fb3) xor     t6, s10, s7
core   0: 3 0x800082e0 (0x017d4fb3) x31 0xfffffffe
core   0: 0x800082e4 (0x8476c313) xori    t1, a3, -1977
core   0: 3 0x800082e4 (0x8476c313) x 6 0x000007b8
core   0: 0x800082e8 (0xea910613) addi    a2, sp, -343
core   0: 3 0x800082e8 (0xea910613) x12 0x80014d0d
core   0: 0x800082ec (0x81cec1b7) lui     gp, 0x81cec
core   0: 3 0x800082ec (0x81cec1b7) x 3 0x81cec000
core   0: 0x800082f0 (0x029f7a33) remu    s4, t5, s1
core   0: 3 0x800082f0 (0x029f7a33) x20 0xfffffd1e
core   0: 0x800082f4 (0x007e30b3) sltu    ra, t3, t2
core   0: 3 0x800082f4 (0x007e30b3) x 1 0x00000001
core   0: 0x800082f8 (0x001003b3) add     t2, zero, ra
core   0: 3 0x800082f8 (0x001003b3) x 7 0x00000001
core   0: 0x800082fc (0x016cc333) xor     t1, s9, s6
core   0: 3 0x800082fc (0x016cc333) x 6 0x00000000
core   0: 0x80008300 (0x03c397b3) mulh    a5, t2, t3
core   0: 3 0x80008300 (0x03c397b3) x15 0x00000000
core   0: 0x80008304 (0x685a4893) xori    a7, s4, 1669
core   0: 3 0x80008304 (0x685a4893) x17 0xfffffb9b
core   0: 0x80008308 (0x418ddd93) srai    s11, s11, 24
core   0: 3 0x80008308 (0x418ddd93) x27 0x00000000
core   0: 0x8000830c (0x401456b3) sra     a3, s0, ra
core   0: 3 0x8000830c (0x401456b3) x13 0x00000000
core   0: 0x80008310 (0x4085d1b3) sra     gp, a1, s0
core   0: 3 0x80008310 (0x4085d1b3) x 3 0x00000001
core   0: 0x80008314 (0x00b9a6b3) slt     a3, s3, a1
core   0: 3 0x80008314 (0x00b9a6b3) x13 0x00000001
core   0: 0x80008318 (0x00d66a33) or      s4, a2, a3
core   0: 3 0x80008318 (0x00d66a33) x20 0x80014d0d
core   0: 0x8000831c (0xb7d73e93) sltiu   t4, a4, -1155
core   0: 3 0x8000831c (0xb7d73e93) x29 0x00000001
core   0: 0x80008320 (0x3ab7a7b7) lui     a5, 0x3ab7a
core   0: 3 0x80008320 (0x3ab7a7b7) x15 0x3ab7a000
core   0: 0x80008324 (0x00d35433) srl     s0, t1, a3
core   0: 3 0x80008324 (0x00d35433) x 8 0x00000000
core   0: 0x80008328 (0x41300833) sub     a6, zero, s3
core   0: 3 0x80008328 (0x41300833) x16 0x00000001
core   0: 0x8000832c (0x9fa0e697) auipc   a3, 0x9fa0e
core   0: 3 0x8000832c (0x9fa0e697) x13 0x1fa1632c
core   0: 0x80008330 (0x019e5d93) srli    s11, t3, 25
core   0: 3 0x80008330 (0x019e5d93) x27 0x00000000
core   0: 0x80008334 (0x026011b3) mulh    gp, zero, t1
core   0: 3 0x80008334 (0x026011b3) x 3 0x00000000
core   0: 0x80008338 (0xf60ee993) ori     s3, t4, -160
core   0: 3 0x80008338 (0xf60ee993) x19 0xffffff61
core   0: 0x8000833c (0x008989b3) add     s3, s3, s0
core   0: 3 0x8000833c (0x008989b3) x19 0xffffff61
core   0: 0x80008340 (0x01941b13) slli    s6, s0, 25
core   0: 3 0x80008340 (0x01941b13) x22 0x00000000
core   0: 0x80008344 (0x036ac8b3) div     a7, s5, s6
core   0: 3 0x80008344 (0x036ac8b3) x17 0xffffffff
core   0: 0x80008348 (0x03af0533) mul     a0, t5, s10
core   0: 3 0x80008348 (0x03af0533) x10 0x000002e2
core   0: 0x8000834c (0x01e180b3) add     ra, gp, t5
core   0: 3 0x8000834c (0x01e180b3) x 1 0xfffffd1e
core   0: 0x80008350 (0x910bad93) slti    s11, s7, -1776
core   0: 3 0x80008350 (0x910bad93) x27 0x00000000
core   0: 0x80008354 (0x01d6efb3) or      t6, a3, t4
core   0: 3 0x80008354 (0x01d6efb3) x31 0x1fa1632d
core   0: 0x80008358 (0x02869ab3) mulh    s5, a3, s0
core   0: 3 0x80008358 (0x02869ab3) x21 0x00000000
core   0: 0x8000835c (0x0112df13) srli    t5, t0, 17
core   0: 3 0x8000835c (0x0112df13) x30 0x00007b20
core   0: 0x80008360 (0x034401b3) mul     gp, s0, s4
core   0: 3 0x80008360 (0x034401b3) x 3 0x00000000
core   0: 0x80008364 (0x02477ab3) remu    s5, a4, tp
core   0: 3 0x80008364 (0x02477ab3) x21 0x80018ce4
core   0: 0x80008368 (0x404c0333) sub     t1, s8, tp
core   0: 3 0x80008368 (0x404c0333) x 6 0x32002e20
core   0: 0x8000836c (0xe55eb313) sltiu   t1, t4, -427
core   0: 3 0x8000836c (0xe55eb313) x 6 0x00000001
core   0: 0x80008370 (0x00989333) sll     t1, a7, s1
core   0: 3 0x80008370 (0x00989333) x 6 0xffffffff
core   0: 0x80008374 (0x41570033) sub     zero, a4, s5
core   0: 3 0x80008374 (0x41570033)
core   0: 0x80008378 (0x01119fb3) sll     t6, gp, a7
core   0: 3 0x80008378 (0x01119fb3) x31 0x00000000
core   0: 0x8000837c (0x7e8ce393) ori     t2, s9, 2024
core   0: 3 0x8000837c (0x7e8ce393) x 7 0x000007e8
core   0: 0x80008380 (0x0059d313) srli    t1, s3, 5
core   0: 3 0x80008380 (0x0059d313) x 6 0x07fffffb
core   0: 0x80008384 (0x019200b3) add     ra, tp, s9
core   0: 3 0x80008384 (0x019200b3) x 1 0xffffd1e0
core   0: 0x80008388 (0x025c5e33) divu    t3, s8, t0
core   0: 3 0x80008388 (0x025c5e33) x28 0x00000000
core   0: 0x8000838c (0x004711b3) sll     gp, a4, tp
core   0: 3 0x8000838c (0x004711b3) x 3 0x80018ce4
core   0: 0x80008390 (0x036305b3) mul     a1, t1, s6
core   0: 3 0x80008390 (0x036305b3) x11 0x00000000
core   0: 0x80008394 (0x01061093) slli    ra, a2, 16
core   0: 3 0x80008394 (0x01061093) x 1 0x4d0d0000
core   0: 0x80008398 (0xdf723a13) sltiu   s4, tp, -521
core   0: 3 0x80008398 (0xdf723a13) x20 0x00000001
core   0: 0x8000839c (0x02475f33) divu    t5, a4, tp
core   0: 3 0x8000839c (0x02475f33) x30 0x00000000
core   0: 0x800083a0 (0xe4dbe193) ori     gp, s7, -435
core   0: 3 0x800083a0 (0xe4dbe193) x 3 0xfffffe4d
core   0: 0x800083a4 (0x01b19c33) sll     s8, gp, s11
core   0: 3 0x800083a4 (0x01b19c33) x24 0xfffffe4d
core   0: 0x800083a8 (0x84a92d93) slti    s11, s2, -1974
core   0: 3 0x800083a8 (0x84a92d93) x27 0x00000000
core   0: 0x800083ac (0x162a9537) lui     a0, 0x162a9
core   0: 3 0x800083ac (0x162a9537) x10 0x162a9000
core   0: 0x800083b0 (0x693ab813) sltiu   a6, s5, 1683
core   0: 3 0x800083b0 (0x693ab813) x16 0x00000000
core   0: 0x800083b4 (0xee3e2497) auipc   s1, 0xee3e2
core   0: 3 0x800083b4 (0xee3e2497) x 9 0x6e3ea3b4
core   0: 0x800083b8 (0x02ddac33) mulhsu  s8, s11, a3
core   0: 3 0x800083b8 (0x02ddac33) x24 0x00000000
core   0: 0x800083bc (0x01dd6833) or      a6, s10, t4
core   0: 3 0x800083bc (0x01dd6833) x16 0xffffffff
core   0: 0x800083c0 (0x00ab76b3) and     a3, s6, a0
core   0: 3 0x800083c0 (0x00ab76b3) x13 0x00000000
core   0: 0x800083c4 (0x01aaaa33) slt     s4, s5, s10
core   0: 3 0x800083c4 (0x01aaaa33) x20 0x00000001
core   0: 0x800083c8 (0x016ffd33) and     s10, t6, s6
core   0: 3 0x800083c8 (0x016ffd33) x26 0x00000000
core   0: 0x800083cc (0x022b36b3) mulhu   a3, s6, sp
core   0: 3 0x800083cc (0x022b36b3) x13 0x00000000
core   0: 0x800083d0 (0x00000013) nop
core   0: 3 0x800083d0 (0x00000013)
core   0: 0x800083d4 (0x02090f33) mul     t5, s2, zero
core   0: 3 0x800083d4 (0x02090f33) x30 0x00000000
core   0: 0x800083d8 (0x3a144017) auipc   zero, 0x3a144
core   0: 3 0x800083d8 (0x3a144017)
core   0: 0x800083dc (0x00cb1593) slli    a1, s6, 12
core   0: 3 0x800083dc (0x00cb1593) x11 0x00000000
core   0: 0x800083e0 (0x01eb6433) or      s0, s6, t5
core   0: 3 0x800083e0 (0x01eb6433) x 8 0x00000000
core   0: 0x800083e4 (0x001a9fb3) sll     t6, s5, ra
core   0: 3 0x800083e4 (0x001a9fb3) x31 0x80018ce4
core   0: 0x800083e8 (0x02c60233) mul     tp, a2, a2
core   0: 3 0x800083e8 (0x02c60233) x 4 0xb14ad2a9
core   0: 0x800083ec (0x0141c233) xor     tp, gp, s4
core   0: 3 0x800083ec (0x0141c233) x 4 0xfffffe4c
core   0: 0x800083f0 (0x61572913) slti    s2, a4, 1557
core   0: 3 0x800083f0 (0x61572913) x18 0x00000001
core   0: 0x800083f4 (0x412a5913) srai    s2, s4, 18
core   0: 3 0x800083f4 (0x412a5913) x18 0x00000000
core   0: 0x800083f8 (0x00529193) slli    gp, t0, 5
core   0: 3 0x800083f8 (0x00529193) x 3 0xc82da580
core   0: 0x800083fc (0x400c0eb3) sub     t4, s8, zero
core   0: 3 0x800083fc (0x400c0eb3) x29 0x00000000
core   0: 0x80008400 (0x6901c313) xori    t1, gp, 1680
core   0: 3 0x80008400 (0x6901c313) x 6 0xc82da310
core   0: 0x80008404 (0x4166d613) srai    a2, a3, 22
core   0: 3 0x80008404 (0x4166d613) x12 0x00000000
core   0: 0x80008408 (0x013893b3) sll     t2, a7, s3
core   0: 3 0x80008408 (0x013893b3) x 7 0xfffffffe
core   0: 0x8000840c (0x03b61bb3) mulh    s7, a2, s11
core   0: 3 0x8000840c (0x03b61bb3) x23 0x00000000
core   0: 0x80008410 (0x06f1c637) lui     a2, 0x6f1c
core   0: 3 0x80008410 (0x06f1c637) x12 0x06f1c000
core   0: 0x80008414 (0xc14cbe13) sltiu   t3, s9, -1004
core   0: 3 0x80008414 (0xc14cbe13) x28 0x00000001
core   0: 0x80008418 (0x02ec4033) div     zero, s8, a4
core   0: 3 0x80008418 (0x02ec4033)
core   0: 0x8000841c (0x00e14433) xor     s0, sp, a4
core   0: 3 0x8000841c (0x00e14433) x 8 0x0000c280
core   0: 0x80008420 (0x011734b3) sltu    s1, a4, a7
core   0: 3 0x80008420 (0x011734b3) x 9 0x00000001
core   0: 0x80008424 (0xda71fc37) lui     s8, 0xda71f
core   0: 3 0x80008424 (0xda71fc37) x24 0xda71f000
core   0: 0x80008428 (0x00ec3b33) sltu    s6, s8, a4
core   0: 3 0x80008428 (0x00ec3b33) x22 0x00000000
core   0: 0x8000842c (0x00001b93) slli    s7, zero, 0
core   0: 3 0x8000842c (0x00001b93) x23 0x00000000
core   0: 0x80008430 (0x414c51b3) sra     gp, s8, s4
core   0: 3 0x80008430 (0x414c51b3) x 3 0xed38f800
core   0: 0x80008434 (0x010e1bb3) sll     s7, t3, a6
core   0: 3 0x80008434 (0x010e1bb3) x23 0x80000000
core   0: 0x80008438 (0x00bf5fb3) srl     t6, t5, a1
core   0: 3 0x80008438 (0x00bf5fb3) x31 0x00000000
core   0: 0x8000843c (0x0144da33) srl     s4, s1, s4
core   0: 3 0x8000843c (0x0144da33) x20 0x00000000
core   0: 0x80008440 (0xa984ef93) ori     t6, s1, -1384
core   0: 3 0x80008440 (0xa984ef93) x31 0xfffffa99
core   0: 0x80008444 (0x029d7433) remu    s0, s10, s1
core   0: 3 0x80008444 (0x029d7433) x 8 0x00000000
core   0: 0x80008448 (0x2290ad93) slti    s11, ra, 553
core   0: 3 0x80008448 (0x2290ad93) x27 0x00000000
core   0: 0x8000844c (0x03aeb4b3) mulhu   s1, t4, s10
core   0: 3 0x8000844c (0x03aeb4b3) x 9 0x00000000
core   0: 0x80008450 (0x8c080c13) addi    s8, a6, -1856
core   0: 3 0x80008450 (0x8c080c13) x24 0xfffff8bf
core   0: 0x80008454 (0x03f3b9b3) mulhu   s3, t2, t6
core   0: 3 0x80008454 (0x03f3b9b3) x19 0xfffffa97
core   0: 0x80008458 (0xd8b3cc13) xori    s8, t2, -629
core   0: 3 0x80008458 (0xd8b3cc13) x24 0x00000275
core   0: 0x8000845c (0x03ffa0b3) mulhsu  ra, t6, t6
core   0: 3 0x8000845c (0x03ffa0b3) x 1 0xfffffa99
core   0: 0x80008460 (0x7adf7013) andi    zero, t5, 1965
core   0: 3 0x80008460 (0x7adf7013)
core   0: 0x80008464 (0x7ac0ce93) xori    t4, ra, 1964
core   0: 3 0x80008464 (0x7ac0ce93) x29 0xfffffd35
core   0: 0x80008468 (0x02a3d8b3) divu    a7, t2, a0
core   0: 3 0x80008468 (0x02a3d8b3) x17 0x0000000b
core   0: 0x8000846c (0x01dd65b3) or      a1, s10, t4
core   0: 3 0x8000846c (0x01dd65b3) x11 0xfffffd35
core   0: 0x80008470 (0x02eef1b3) remu    gp, t4, a4
core   0: 3 0x80008470 (0x02eef1b3) x 3 0x7ffe7051
core   0: 0x80008474 (0x034dd033) divu    zero, s11, s4
core   0: 3 0x80008474 (0x034dd033)
core   0: 0x80008478 (0x40495933) sra     s2, s2, tp
core   0: 3 0x80008478 (0x40495933) x18 0x00000000
core   0: 0x8000847c (0x002afdb3) and     s11, s5, sp
core   0: 3 0x8000847c (0x002afdb3) x27 0x80010c64
core   0: 0x80008480 (0xfa5b8d13) addi    s10, s7, -91
core   0: 3 0x80008480 (0xfa5b8d13) x26 0x7fffffa5
core   0: 0x80008484 (0x036fc5b3) div     a1, t6, s6
core   0: 3 0x80008484 (0x036fc5b3) x11 0xffffffff
core   0: 0x80008488 (0x02008b33) mul     s6, ra, zero
core   0: 3 0x80008488 (0x02008b33) x22 0x00000000
core   0: 0x8000848c (0x01d4db13) srli    s6, s1, 29
core   0: 3 0x8000848c (0x01d4db13) x22 0x00000000
core   0: 0x80008490 (0x03c873b3) remu    t2, a6, t3
core   0: 3 0x80008490 (0x03c873b3) x 7 0x00000000
core   0: 0x80008494 (0x00d29893) slli    a7, t0, 13
core   0: 3 0x80008494 (0x00d29893) x17 0x2da58000
core   0: 0x80008498 (0x40aed3b3) sra     t2, t4, a0
core   0: 3 0x80008498 (0x40aed3b3) x 7 0xfffffd35
core   0: 0x8000849c (0xd6a30d93) addi    s11, t1, -662
core   0: 3 0x8000849c (0xd6a30d93) x27 0xc82da07a
core   0: 0x800084a0 (0x36ff0a97) auipc   s5, 0x36ff0
core   0: 3 0x800084a0 (0x36ff0a97) x21 0xb6ff84a0
core   0: 0x800084a4 (0x410cdb93) srai    s7, s9, 16
core   0: 3 0x800084a4 (0x410cdb93) x23 0x00000000
core   0: 0x800084a8 (0x02631d33) mulh    s10, t1, t1
core   0: 3 0x800084a8 (0x02631d33) x26 0x0c2c10cb
core   0: 0x800084ac (0x01d20f33) add     t5, tp, t4
core   0: 3 0x800084ac (0x01d20f33) x30 0xfffffb81
core   0: 0x800084b0 (0x000e9333) sll     t1, t4, zero
core   0: 3 0x800084b0 (0x000e9333) x 6 0xfffffd35
core   0: 0x800084b4 (0x00000013) nop
core   0: 3 0x800084b4 (0x00000013)
core   0: 0x800084b8 (0x01f2a333) slt     t1, t0, t6
core   0: 3 0x800084b8 (0x01f2a333) x 6 0x00000001
core   0: 0x800084bc (0x00f05e33) srl     t3, zero, a5
core   0: 3 0x800084bc (0x00f05e33) x28 0x00000000
core   0: 0x800084c0 (0x010d89b3) add     s3, s11, a6
core   0: 3 0x800084c0 (0x010d89b3) x19 0xc82da079
core   0: 0x800084c4 (0x0056cab3) xor     s5, a3, t0
core   0: 3 0x800084c4 (0x0056cab3) x21 0xf6416d2c
core   0: 0x800084c8 (0x48e73217) auipc   tp, 0x48e73
core   0: 3 0x800084c8 (0x48e73217) x 4 0xc8e7b4c8
core   0: 0x800084cc (0x409f0533) sub     a0, t5, s1
core   0: 3 0x800084cc (0x409f0533) x10 0xfffffb81
core   0: 0x800084d0 (0x0360dcb3) divu    s9, ra, s6
core   0: 3 0x800084d0 (0x0360dcb3) x25 0xffffffff
core   0: 0x800084d4 (0x000413b3) sll     t2, s0, zero
core   0: 3 0x800084d4 (0x000413b3) x 7 0x00000000
core   0: 0x800084d8 (0x402a01b3) sub     gp, s4, sp
core   0: 3 0x800084d8 (0x402a01b3) x 3 0x7ffeb19c
core   0: 0x800084dc (0x008adf13) srli    t5, s5, 8
core   0: 3 0x800084dc (0x008adf13) x30 0x00f6416d
core   0: 0x800084e0 (0x031da7b3) mulhsu  a5, s11, a7
core   0: 3 0x800084e0 (0x031da7b3) x15 0xf60beeb4
core   0: 0x800084e4 (0x00000013) nop
core   0: 3 0x800084e4 (0x00000013)
core   0: 0x800084e8 (0x02991ab3) mulh    s5, s2, s1
core   0: 3 0x800084e8 (0x02991ab3) x21 0x00000000
core   0: 0x800084ec (0x0137efb3) or      t6, a5, s3
core   0: 3 0x800084ec (0x0137efb3) x31 0xfe2feefd
core   0: 0x800084f0 (0x034f40b3) div     ra, t5, s4
core   0: 3 0x800084f0 (0x034f40b3) x 1 0xffffffff
core   0: 0x800084f4 (0x00873a33) sltu    s4, a4, s0
core   0: 3 0x800084f4 (0x00873a33) x20 0x00000000
core   0: 0x800084f8 (0x1ea7f913) andi    s2, a5, 490
core   0: 3 0x800084f8 (0x1ea7f913) x18 0x000000a0
core   0: 0x800084fc (0x40ca0433) sub     s0, s4, a2
core   0: 3 0x800084fc (0x40ca0433) x 8 0xf90e4000
core   0: 0x80008500 (0x03b1c3b3) div     t2, gp, s11
core   0: 3 0x80008500 (0x03b1c3b3) x 7 0xfffffffe
core   0: 0x80008504 (0x01da60b3) or      ra, s4, t4
core   0: 3 0x80008504 (0x01da60b3) x 1 0xfffffd35
core   0: 0x80008508 (0x00000013) nop
core   0: 3 0x80008508 (0x00000013)
core   0: 0x8000850c (0x99312237) lui     tp, 0x99312
core   0: 3 0x8000850c (0x99312237) x 4 0x99312000
core   0: 0x80008510 (0x19c60693) addi    a3, a2, 412
core   0: 3 0x80008510 (0x19c60693) x13 0x06f1c19c
core   0: 0x80008514 (0x017357b3) srl     a5, t1, s7
core   0: 3 0x80008514 (0x017357b3) x15 0x00000001
core   0: 0x80008518 (0x032306b3) mul     a3, t1, s2
core   0: 3 0x80008518 (0x032306b3) x13 0x000000a0
core   0: 0x8000851c (0x03679fb3) mulh    t6, a5, s6
core   0: 3 0x8000851c (0x03679fb3) x31 0x00000000
core   0: 0x80008520 (0xf29c8013) addi    zero, s9, -215
core   0: 3 0x80008520 (0xf29c8013)
core   0: 0x80008524 (0x0139e0b3) or      ra, s3, s3
core   0: 3 0x80008524 (0x0139e0b3) x 1 0xc82da079
core   0: 0x80008528 (0x0237b833) mulhu   a6, a5, gp
core   0: 3 0x80008528 (0x0237b833) x16 0x00000000
core   0: 0x8000852c (0x03ed5933) divu    s2, s10, t5
core   0: 3 0x8000852c (0x03ed5933) x18 0x0000000c
core   0: 0x80008530 (0x01b97cb3) and     s9, s2, s11
core   0: 3 0x80008530 (0x01b97cb3) x25 0x00000008
core   0: 0x80008534 (0x0167f4b3) and     s1, a5, s6
core   0: 3 0x80008534 (0x0167f4b3) x 9 0x00000000
core   0: 0x80008538 (0x020c4833) div     a6, s8, zero
core   0: 3 0x80008538 (0x020c4833) x16 0xffffffff
core   0: 0x8000853c (0x03036533) rem     a0, t1, a6
core   0: 3 0x8000853c (0x03036533) x10 0x00000000
core   0: 0x80008540 (0x01ec58b3) srl     a7, s8, t5
core   0: 3 0x80008540 (0x01ec58b3) x17 0x00000000
core   0: 0x80008544 (0x0026c7b3) xor     a5, a3, sp
core   0: 3 0x80008544 (0x0026c7b3) x15 0x80014ec4
core   0: 0x80008548 (0xf96e6213) ori     tp, t3, -106
core   0: 3 0x80008548 (0xf96e6213) x 4 0xffffff96
core   0: 0x8000854c (0x03101433) mulh    s0, zero, a7
core   0: 3 0x8000854c (0x03101433) x 8 0x00000000
core   0: 0x80008550 (0x41eb5b93) srai    s7, s6, 30
core   0: 3 0x80008550 (0x41eb5b93) x23 0x00000000
core   0: 0x80008554 (0x009460b3) or      ra, s0, s1
core   0: 3 0x80008554 (0x009460b3) x 1 0x00000000
core   0: 0x80008558 (0x02a0eab3) rem     s5, ra, a0
core   0: 3 0x80008558 (0x02a0eab3) x21 0x00000000
core   0: 0x8000855c (0x008cedb3) or      s11, s9, s0
core   0: 3 0x8000855c (0x008cedb3) x27 0x00000008
core   0: 0x80008560 (0xb664ef93) ori     t6, s1, -1178
core   0: 3 0x80008560 (0xb664ef93) x31 0xfffffb66
core   0: 0x80008564 (0x00cae433) or      s0, s5, a2
core   0: 3 0x80008564 (0x00cae433) x 8 0x06f1c000
core   0: 0x80008568 (0x00dc1193) slli    gp, s8, 13
core   0: 3 0x80008568 (0x00dc1193) x 3 0x004ea000
core   0: 0x8000856c (0x30c33f13) sltiu   t5, t1, 780
core   0: 3 0x8000856c (0x30c33f13) x30 0x00000001
core   0: 0x80008570 (0xad077537) lui     a0, 0xad077
core   0: 3 0x80008570 (0xad077537) x10 0xad077000
core   0: 0x80008574 (0x00000013) nop
core   0: 3 0x80008574 (0x00000013)
core   0: 0x80008578 (0x03bfd1b3) divu    gp, t6, s11
core   0: 3 0x80008578 (0x03bfd1b3) x 3 0x1fffff6c
core   0: 0x8000857c (0x00af60b3) or      ra, t5, a0
core   0: 3 0x8000857c (0x00af60b3) x 1 0xad077001
core   0: 0x80008580 (0x4024d613) srai    a2, s1, 2
core   0: 3 0x80008580 (0x4024d613) x12 0x00000000
core   0: 0x80008584 (0x46946c13) ori     s8, s0, 1129
core   0: 3 0x80008584 (0x46946c13) x24 0x06f1c469
core   0: 0x80008588 (0x02b113b3) mulh    t2, sp, a1
core   0: 3 0x80008588 (0x02b113b3) x 7 0x00000000
core   0: 0x8000858c (0x41925433) sra     s0, tp, s9
core   0: 3 0x8000858c (0x41925433) x 8 0xffffffff
core   0: 0x80008590 (0x01109393) slli    t2, ra, 17
core   0: 3 0x80008590 (0x01109393) x 7 0xe0020000
core   0: 0x80008594 (0x031d7433) remu    s0, s10, a7
core   0: 3 0x80008594 (0x031d7433) x 8 0x0c2c10cb
core   0: 0x80008598 (0x01c4a0b3) slt     ra, s1, t3
core   0: 3 0x80008598 (0x01c4a0b3) x 1 0x00000000
core   0: 0x8000859c (0x02273fb3) mulhu   t6, a4, sp
core   0: 3 0x8000859c (0x02273fb3) x31 0x40016da6
core   0: 0x800085a0 (0x03b004b3) mul     s1, zero, s11
core   0: 3 0x800085a0 (0x03b004b3) x 9 0x00000000
core   0: 0x800085a4 (0x00000013) nop
core   0: 3 0x800085a4 (0x00000013)
core   0: 0x800085a8 (0x013921b3) slt     gp, s2, s3
core   0: 3 0x800085a8 (0x013921b3) x 3 0x00000000
core   0: 0x800085ac (0x0297efb3) rem     t6, a5, s1
core   0: 3 0x800085ac (0x0297efb3) x31 0x80014ec4
core   0: 0x800085b0 (0x72fc2a93) slti    s5, s8, 1839
core   0: 3 0x800085b0 (0x72fc2a93) x21 0x00000000
core   0: 0x800085b4 (0x0284aa33) mulhsu  s4, s1, s0
core   0: 3 0x800085b4 (0x0284aa33) x20 0x00000000
core   0: 0x800085b8 (0x02b06333) rem     t1, zero, a1
core   0: 3 0x800085b8 (0x02b06333) x 6 0x00000000
core   0: 0x800085bc (0x038e7db3) remu    s11, t3, s8
core   0: 3 0x800085bc (0x038e7db3) x27 0x00000000
core   0: 0x800085c0 (0x02c88f33) mul     t5, a7, a2
core   0: 3 0x800085c0 (0x02c88f33) x30 0x00000000
core   0: 0x800085c4 (0x14d44793) xori    a5, s0, 333
core   0: 3 0x800085c4 (0x14d44793) x15 0x0c2c1186
core   0: 0x800085c8 (0x00000013) nop
core   0: 3 0x800085c8 (0x00000013)
core   0: 0x800085cc (0x0039a333) slt     t1, s3, gp
core   0: 3 0x800085cc (0x0039a333) x 6 0x00000001
core   0: 0x800085d0 (0x003f0db3) add     s11, t5, gp
core   0: 3 0x800085d0 (0x003f0db3) x27 0x00000000
core   0: 0x800085d4 (0x03fd2333) mulhsu  t1, s10, t6
core   0: 3 0x800085d4 (0x03fd2333) x 6 0x06161850
core   0: 0x800085d8 (0x0291f9b3) remu    s3, gp, s1
core   0: 3 0x800085d8 (0x0291f9b3) x19 0x00000000
core   0: 0x800085dc (0x416b01b3) sub     gp, s6, s6
core   0: 3 0x800085dc (0x416b01b3) x 3 0x00000000
core   0: 0x800085e0 (0x9726cc13) xori    s8, a3, -1678
core   0: 3 0x800085e0 (0x9726cc13) x24 0xfffff9d2
core   0: 0x800085e4 (0x0054ae33) slt     t3, s1, t0
core   0: 3 0x800085e4 (0x0054ae33) x28 0x00000000
core   0: 0x800085e8 (0x01b08333) add     t1, ra, s11
core   0: 3 0x800085e8 (0x01b08333) x 6 0x00000000
core   0: 0x800085ec (0x03c96b33) rem     s6, s2, t3
core   0: 3 0x800085ec (0x03c96b33) x22 0x0000000c
core   0: 0x800085f0 (0x997c0e93) addi    t4, s8, -1641
core   0: 3 0x800085f0 (0x997c0e93) x29 0xfffff369
core   0: 0x800085f4 (0x902d2813) slti    a6, s10, -1790
core   0: 3 0x800085f4 (0x902d2813) x16 0x00000000
core   0: 0x800085f8 (0x021489b3) mul     s3, s1, ra
core   0: 3 0x800085f8 (0x021489b3) x19 0x00000000
core   0: 0x800085fc (0x90803c13) sltiu   s8, zero, -1784
core   0: 3 0x800085fc (0x90803c13) x24 0x00000001
core   0: 0x80008600 (0x02ad1ab3) mulh    s5, s10, a0
core   0: 3 0x80008600 (0x02ad1ab3) x21 0xfc0e1115
core   0: 0x80008604 (0x02519033) mulh    zero, gp, t0
core   0: 3 0x80008604 (0x02519033)
core   0: 0x80008608 (0x00376bb3) or      s7, a4, gp
core   0: 3 0x80008608 (0x00376bb3) x23 0x80018ce4
core   0: 0x8000860c (0xd00c2813) slti    a6, s8, -768
core   0: 3 0x8000860c (0xd00c2813) x16 0x00000000
core   0: 0x80008610 (0x005d81b3) add     gp, s11, t0
core   0: 3 0x80008610 (0x005d81b3) x 3 0xf6416d2c
core   0: 0x80008614 (0x00f8aab3) slt     s5, a7, a5
core   0: 3 0x80008614 (0x00f8aab3) x21 0x00000001
core   0: 0x80008618 (0x40ae5793) srai    a5, t3, 10
core   0: 3 0x80008618 (0x40ae5793) x15 0x00000000
core   0: 0x8000861c (0x03e6f333) remu    t1, a3, t5
core   0: 3 0x8000861c (0x03e6f333) x 6 0x000000a0
core   0: 0x80008620 (0xa61d8513) addi    a0, s11, -1439
core   0: 3 0x80008620 (0xa61d8513) x10 0xfffffa61
core   0: 0x80008624 (0x03cdc833) div     a6, s11, t3
core   0: 3 0x80008624 (0x03cdc833) x16 0xffffffff
core   0: 0x80008628 (0x0004deb3) srl     t4, s1, zero
core   0: 3 0x80008628 (0x0004deb3) x29 0x00000000
core   0: 0x8000862c (0x023acd33) div     s10, s5, gp
core   0: 3 0x8000862c (0x023acd33) x26 0x00000000
core   0: 0x80008630 (0x01b3d493) srli    s1, t2, 27
core   0: 3 0x80008630 (0x01b3d493) x 9 0x0000001c
core   0: 0x80008634 (0x008d5b33) srl     s6, s10, s0
core   0: 3 0x80008634 (0x008d5b33) x22 0x00000000
core   0: 0x80008638 (0x0004d413) srli    s0, s1, 0
core   0: 3 0x80008638 (0x0004d413) x 8 0x0000001c
core   0: 0x8000863c (0x020399b3) mulh    s3, t2, zero
core   0: 3 0x8000863c (0x020399b3) x19 0x00000000
core   0: 0x80008640 (0x035f27b3) mulhsu  a5, t5, s5
core   0: 3 0x80008640 (0x035f27b3) x15 0x00000000
core   0: 0x80008644 (0x4114d6b3) sra     a3, s1, a7
core   0: 3 0x80008644 (0x4114d6b3) x13 0x0000001c
core   0: 0x80008648 (0x00e91433) sll     s0, s2, a4
core   0: 3 0x80008648 (0x00e91433) x 8 0x000000c0
core   0: 0x8000864c (0x021a6c33) rem     s8, s4, ra
core   0: 3 0x8000864c (0x021a6c33) x24 0x00000000
core   0: 0x80008650 (0x404a3c13) sltiu   s8, s4, 1028
core   0: 3 0x80008650 (0x404a3c13) x24 0x00000001
core   0: 0x80008654 (0x031bcab3) div     s5, s7, a7
core   0: 3 0x80008654 (0x031bcab3) x21 0xffffffff
core   0: 0x80008658 (0x40edd233) sra     tp, s11, a4
core   0: 3 0x80008658 (0x40edd233) x 4 0x00000000
core   0: 0x8000865c (0xd60f7993) andi    s3, t5, -672
core   0: 3 0x8000865c (0xd60f7993) x19 0x00000000
core   0: 0x80008660 (0x03fcb4b3) mulhu   s1, s9, t6
core   0: 3 0x80008660 (0x03fcb4b3) x 9 0x00000004
core   0: 0x80008664 (0x02657433) remu    s0, a0, t1
core   0: 3 0x80008664 (0x02657433) x 8 0x00000061
core   0: 0x80008668 (0x03692533) mulhsu  a0, s2, s6
core   0: 3 0x80008668 (0x03692533) x10 0x00000000
core   0: 0x8000866c (0x00d32633) slt     a2, t1, a3
core   0: 3 0x8000866c (0x00d32633) x12 0x00000000
core   0: 0x80008670 (0x03bdd333) divu    t1, s11, s11
core   0: 3 0x80008670 (0x03bdd333) x 6 0xffffffff
core   0: 0x80008674 (0xa9f47f93) andi    t6, s0, -1377
core   0: 3 0x80008674 (0xa9f47f93) x31 0x00000001
core   0: 0x80008678 (0x031b4233) div     tp, s6, a7
core   0: 3 0x80008678 (0x031b4233) x 4 0xffffffff
core   0: 0x8000867c (0x035ee0b3) rem     ra, t4, s5
core   0: 3 0x8000867c (0x035ee0b3) x 1 0x00000000
core   0: 0x80008680 (0x01119a93) slli    s5, gp, 17
core   0: 3 0x80008680 (0x01119a93) x21 0xda580000
core   0: 0x80008684 (0x00b5e1b3) or      gp, a1, a1
core   0: 3 0x80008684 (0x00b5e1b3) x 3 0xffffffff
core   0: 0x80008688 (0x00a55c13) srli    s8, a0, 10
core   0: 3 0x80008688 (0x00a55c13) x24 0x00000000
core   0: 0x8000868c (0x0392e7b3) rem     a5, t0, s9
core   0: 3 0x8000868c (0x0392e7b3) x15 0xfffffffc
core   0: 0x80008690 (0xfd6c6797) auipc   a5, 0xfd6c6
core   0: 3 0x80008690 (0xfd6c6797) x15 0x7d6ce690
core   0: 0x80008694 (0x01d543b3) xor     t2, a0, t4
core   0: 3 0x80008694 (0x01d543b3) x 7 0x00000000
core   0: 0x80008698 (0x00bb39b3) sltu    s3, s6, a1
core   0: 3 0x80008698 (0x00bb39b3) x19 0x00000001
core   0: 0x8000869c (0x0164ee33) or      t3, s1, s6
core   0: 3 0x8000869c (0x0164ee33) x28 0x00000004
core   0: 0x800086a0 (0x878b4613) xori    a2, s6, -1928
core   0: 3 0x800086a0 (0x878b4613) x12 0xfffff878
core   0: 0x800086a4 (0x41f80b13) addi    s6, a6, 1055
core   0: 3 0x800086a4 (0x41f80b13) x22 0x0000041e
core   0: 0x800086a8 (0x8ad27a93) andi    s5, tp, -1875
core   0: 3 0x800086a8 (0x8ad27a93) x21 0xfffff8ad
core   0: 0x800086ac (0xfe1b29b7) lui     s3, 0xfe1b2
core   0: 3 0x800086ac (0xfe1b29b7) x19 0xfe1b2000
core   0: 0x800086b0 (0x018a6bb3) or      s7, s4, s8
core   0: 3 0x800086b0 (0x018a6bb3) x23 0x00000000
core   0: 0x800086b4 (0x30bd4793) xori    a5, s10, 779
core   0: 3 0x800086b4 (0x30bd4793) x15 0x0000030b
core   0: 0x800086b8 (0x00312033) slt     zero, sp, gp
core   0: 3 0x800086b8 (0x00312033)
core   0: 0x800086bc (0x03b43a33) mulhu   s4, s0, s11
core   0: 3 0x800086bc (0x03b43a33) x20 0x00000000
core   0: 0x800086c0 (0x01fe8233) add     tp, t4, t6
core   0: 3 0x800086c0 (0x01fe8233) x 4 0x00000001
core   0: 0x800086c4 (0x00ad58b3) srl     a7, s10, a0
core   0: 3 0x800086c4 (0x00ad58b3) x17 0x00000000
core   0: 0x800086c8 (0xd992ea13) ori     s4, t0, -615
core   0: 3 0x800086c8 (0xd992ea13) x20 0xfffffdbd
core   0: 0x800086cc (0x02d59933) mulh    s2, a1, a3
core   0: 3 0x800086cc (0x02d59933) x18 0xffffffff
core   0: 0x800086d0 (0x01b69b13) slli    s6, a3, 27
core   0: 3 0x800086d0 (0x01b69b13) x22 0xe0000000
core   0: 0x800086d4 (0x00031b33) sll     s6, t1, zero
core   0: 3 0x800086d4 (0x00031b33) x22 0xffffffff
core   0: 0x800086d8 (0xb177a893) slti    a7, a5, -1257
core   0: 3 0x800086d8 (0xb177a893) x17 0x00000000
core   0: 0x800086dc (0x00d6d213) srli    tp, a3, 13
core   0: 3 0x800086dc (0x00d6d213) x 4 0x00000000
core   0: 0x800086e0 (0x40915c33) sra     s8, sp, s1
core   0: 3 0x800086e0 (0x40915c33) x24 0xf80014e6
core   0: 0x800086e4 (0x0104fbb3) and     s7, s1, a6
core   0: 3 0x800086e4 (0x0104fbb3) x23 0x00000004
core   0: 0x800086e8 (0x672b8c93) addi    s9, s7, 1650
core   0: 3 0x800086e8 (0x672b8c93) x25 0x00000676
core   0: 0x800086ec (0xb7efb193) sltiu   gp, t6, -1154
core   0: 3 0x800086ec (0xb7efb193) x 3 0x00000001
core   0: 0x800086f0 (0x41495933) sra     s2, s2, s4
core   0: 3 0x800086f0 (0x41495933) x18 0xffffffff
core   0: 0x800086f4 (0x00000013) nop
core   0: 3 0x800086f4 (0x00000013)
core   0: 0x800086f8 (0x41a1d6b3) sra     a3, gp, s10
core   0: 3 0x800086f8 (0x41a1d6b3) x13 0x00000001
core   0: 0x800086fc (0x01fa3d33) sltu    s10, s4, t6
core   0: 3 0x800086fc (0x01fa3d33) x26 0x00000000
core   0: 0x80008700 (0x03cb33b3) mulhu   t2, s6, t3
core   0: 3 0x80008700 (0x03cb33b3) x 7 0x00000003
core   0: 0x80008704 (0x41308533) sub     a0, ra, s3
core   0: 3 0x80008704 (0x41308533) x10 0x01e4e000
core   0: 0x80008708 (0xfb150993) addi    s3, a0, -79
core   0: 3 0x80008708 (0xfb150993) x19 0x01e4dfb1
core   0: 0x8000870c (0xd158c213) xori    tp, a7, -747
core   0: 3 0x8000870c (0xd158c213) x 4 0xfffffd15
core   0: 0x80008710 (0x3733a513) slti    a0, t2, 883
core   0: 3 0x80008710 (0x3733a513) x10 0x00000001
core   0: 0x80008714 (0x0191f933) and     s2, gp, s9
core   0: 3 0x80008714 (0x0191f933) x18 0x00000000
core   0: 0x80008718 (0x039a11b3) mulh    gp, s4, s9
core   0: 3 0x80008718 (0x039a11b3) x 3 0xffffffff
core   0: 0x8000871c (0x038488b3) mul     a7, s1, s8
core   0: 3 0x8000871c (0x038488b3) x17 0xe0005398
core   0: 0x80008720 (0x03cff333) remu    t1, t6, t3
core   0: 3 0x80008720 (0x03cff333) x 6 0x00000001
core   0: 0x80008724 (0x02b893b3) mulh    t2, a7, a1
core   0: 3 0x80008724 (0x02b893b3) x 7 0x00000000
core   0: 0x80008728 (0x41b2da33) sra     s4, t0, s11
core   0: 3 0x80008728 (0x41b2da33) x20 0xf6416d2c
core   0: 0x8000872c (0x83f03693) sltiu   a3, zero, -1985
core   0: 3 0x8000872c (0x83f03693) x13 0x00000001
core   0: 0x80008730 (0x41d3da93) srai    s5, t2, 29
core   0: 3 0x80008730 (0x41d3da93) x21 0x00000000
core   0: 0x80008734 (0x41ab5f13) srai    t5, s6, 26
core   0: 3 0x80008734 (0x41ab5f13) x30 0xffffffff
core   0: 0x80008738 (0x01765793) srli    a5, a2, 23
core   0: 3 0x80008738 (0x01765793) x15 0x000001ff
core   0: 0x8000873c (0x024873b3) remu    t2, a6, tp
core   0: 3 0x8000873c (0x024873b3) x 7 0x000002ea
core   0: 0x80008740 (0x42932d13) slti    s10, t1, 1065
core   0: 3 0x80008740 (0x42932d13) x26 0x00000001
core   0: 0x80008744 (0x41065493) srai    s1, a2, 16
core   0: 3 0x80008744 (0x41065493) x 9 0xffffffff
core   0: 0x80008748 (0x00d58d33) add     s10, a1, a3
core   0: 3 0x80008748 (0x00d58d33) x26 0x00000000
core   0: 0x8000874c (0x19106ab7) lui     s5, 0x19106
core   0: 3 0x8000874c (0x19106ab7) x21 0x19106000
core   0: 0x80008750 (0x00fb2fb3) slt     t6, s6, a5
core   0: 3 0x80008750 (0x00fb2fb3) x31 0x00000001
core   0: 0x80008754 (0x3640b613) sltiu   a2, ra, 868
core   0: 3 0x80008754 (0x3640b613) x12 0x00000001
core   0: 0x80008758 (0x00e0dcb3) srl     s9, ra, a4
core   0: 3 0x80008758 (0x00e0dcb3) x25 0x00000000
core   0: 0x8000875c (0x00f953b3) srl     t2, s2, a5
core   0: 3 0x8000875c (0x00f953b3) x 7 0x00000000
core   0: 0x80008760 (0x20c8fa93) andi    s5, a7, 524
core   0: 3 0x80008760 (0x20c8fa93) x21 0x00000208
core   0: 0x80008764 (0x693de613) ori     a2, s11, 1683
core   0: 3 0x80008764 (0x693de613) x12 0x00000693
core   0: 0x80008768 (0x03f887b3) mul     a5, a7, t6
core   0: 3 0x80008768 (0x03f887b3) x15 0xe0005398
core   0: 0x8000876c (0x01c55f93) srli    t6, a0, 28
core   0: 3 0x8000876c (0x01c55f93) x31 0x00000000
core   0: 0x80008770 (0x017c0bb3) add     s7, s8, s7
core   0: 3 0x80008770 (0x017c0bb3) x23 0xf80014ea
core   0: 0x80008774 (0x02b56933) rem     s2, a0, a1
core   0: 3 0x80008774 (0x02b56933) x18 0x00000000
core   0: 0x80008778 (0x4026d613) srai    a2, a3, 2
core   0: 3 0x80008778 (0x4026d613) x12 0x00000000
core   0: 0x8000877c (0x01c744b3) xor     s1, a4, t3
core   0: 3 0x8000877c (0x01c744b3) x 9 0x80018ce0
core   0: 0x80008780 (0x853cf013) andi    zero, s9, -1965
core   0: 3 0x80008780 (0x853cf013)
core   0: 0x80008784 (0x61526813) ori     a6, tp, 1557
core   0: 3 0x80008784 (0x61526813) x16 0xffffff15
core   0: 0x80008788 (0x01605213) srli    tp, zero, 22
core   0: 3 0x80008788 (0x01605213) x 4 0x00000000
core   0: 0x8000878c (0x00297233) and     tp, s2, sp
core   0: 3 0x8000878c (0x00297233) x 4 0x00000000
core   0: 0x80008790 (0x00000013) nop
core   0: 3 0x80008790 (0x00000013)
core   0: 0x80008794 (0x01debe33) sltu    t3, t4, t4
core   0: 3 0x80008794 (0x01debe33) x28 0x00000000
core   0: 0x80008798 (0x011840b3) xor     ra, a6, a7
core   0: 3 0x80008798 (0x011840b3) x 1 0x1fffac8d
core   0: 0x8000879c (0x02cbe433) rem     s0, s7, a2
core   0: 3 0x8000879c (0x02cbe433) x 8 0xf80014ea
core   0: 0x800087a0 (0x02dbe1b3) rem     gp, s7, a3
core   0: 3 0x800087a0 (0x02dbe1b3) x 3 0x00000000
core   0: 0x800087a4 (0x41c28cb3) sub     s9, t0, t3
core   0: 3 0x800087a4 (0x41c28cb3) x25 0xf6416d2c
core   0: 0x800087a8 (0x45b4b693) sltiu   a3, s1, 1115
core   0: 3 0x800087a8 (0x45b4b693) x13 0x00000000
core   0: 0x800087ac (0x44c1c013) xori    zero, gp, 1100
core   0: 3 0x800087ac (0x44c1c013)
core   0: 0x800087b0 (0xa31d4193) xori    gp, s10, -1487
core   0: 3 0x800087b0 (0xa31d4193) x 3 0xfffffa31
core   0: 0x800087b4 (0x00000013) nop
core   0: 3 0x800087b4 (0x00000013)
core   0: 0x800087b8 (0x417f5a33) sra     s4, t5, s7
core   0: 3 0x800087b8 (0x417f5a33) x20 0xffffffff
core   0: 0x800087bc (0x00036fb3) or      t6, t1, zero
core   0: 3 0x800087bc (0x00036fb3) x31 0x00000001
core   0: 0x800087c0 (0x0de31b17) auipc   s6, 0xde31
core   0: 3 0x800087c0 (0x0de31b17) x22 0x8de397c0
core   0: 0x800087c4 (0x00428bb3) add     s7, t0, tp
core   0: 3 0x800087c4 (0x00428bb3) x23 0xf6416d2c
core   0: 0x800087c8 (0x40c35d33) sra     s10, t1, a2
core   0: 3 0x800087c8 (0x40c35d33) x26 0x00000001
core   0: 0x800087cc (0x0071f8b3) and     a7, gp, t2
core   0: 3 0x800087cc (0x0071f8b3) x17 0x00000000
core   0: 0x800087d0 (0x037ff333) remu    t1, t6, s7
core   0: 3 0x800087d0 (0x037ff333) x 6 0x00000001
core   0: 0x800087d4 (0x01dc9933) sll     s2, s9, t4
core   0: 3 0x800087d4 (0x01dc9933) x18 0xf6416d2c
core   0: 0x800087d8 (0x01d19213) slli    tp, gp, 29
core   0: 3 0x800087d8 (0x01d19213) x 4 0x20000000
core   0: 0x800087dc (0x411b56b3) sra     a3, s6, a7
core   0: 3 0x800087dc (0x411b56b3) x13 0x8de397c0
core   0: 0x800087e0 (0x01f99bb3) sll     s7, s3, t6
core   0: 3 0x800087e0 (0x01f99bb3) x23 0x03c9bf62
core   0: 0x800087e4 (0x19d849b7) lui     s3, 0x19d84
core   0: 3 0x800087e4 (0x19d849b7) x19 0x19d84000
core   0: 0x800087e8 (0x024521b3) mulhsu  gp, a0, tp
core   0: 3 0x800087e8 (0x024521b3) x 3 0x00000000
core   0: 0x800087ec (0x028b9e33) mulh    t3, s7, s0
core   0: 3 0x800087ec (0x028b9e33) x28 0xffe1b254
core   0: 0x800087f0 (0xdc36ae93) slti    t4, a3, -573
core   0: 3 0x800087f0 (0xdc36ae93) x29 0x00000001
core   0: 0x800087f4 (0x039104b3) mul     s1, sp, s9
core   0: 3 0x800087f4 (0x039104b3) x 9 0x8dfe0d30
core   0: 0x800087f8 (0x000d2e33) slt     t3, s10, zero
core   0: 3 0x800087f8 (0x000d2e33) x28 0x00000000
core   0: 0x800087fc (0x414d5893) srai    a7, s10, 20
core   0: 3 0x800087fc (0x414d5893) x17 0x00000000
core   0: 0x80008800 (0x8c824597) auipc   a1, 0x8c824
core   0: 3 0x80008800 (0x8c824597) x11 0x0c82c800
core   0: 0x80008804 (0xcc2cea13) ori     s4, s9, -830
core   0: 3 0x80008804 (0xcc2cea13) x20 0xfffffdee
core   0: 0x80008808 (0x3de36393) ori     t2, t1, 990
core   0: 3 0x80008808 (0x3de36393) x 7 0x000003df
core   0: 0x8000880c (0x03343d33) mulhu   s10, s0, s3
core   0: 3 0x8000880c (0x03343d33) x26 0x1909801c
core   0: 0x80008810 (0x2f270c13) addi    s8, a4, 754
core   0: 3 0x80008810 (0x2f270c13) x24 0x80018fd6
core   0: 0x80008814 (0x45648693) addi    a3, s1, 1110
core   0: 3 0x80008814 (0x45648693) x13 0x8dfe1186
core   0: 0x80008818 (0x0229f3b3) remu    t2, s3, sp
core   0: 3 0x80008818 (0x0229f3b3) x 7 0x19d84000
core   0: 0x8000881c (0x012a1b33) sll     s6, s4, s2
core   0: 3 0x8000881c (0x012a1b33) x22 0xffdee000
core   0: 0x80008820 (0x29a3e893) ori     a7, t2, 666
core   0: 3 0x80008820 (0x29a3e893) x17 0x19d8429a
core   0: 0x80008824 (0x025ada33) divu    s4, s5, t0
core   0: 3 0x80008824 (0x025ada33) x20 0x00000000
core   0: 0x80008828 (0x009db7b3) sltu    a5, s11, s1
core   0: 3 0x80008828 (0x009db7b3) x15 0x00000001
core   0: 0x8000882c (0x02d6dbb3) divu    s7, a3, a3
core   0: 3 0x8000882c (0x02d6dbb3) x23 0x00000001
core   0: 0x80008830 (0xdc9ae193) ori     gp, s5, -567
core   0: 3 0x80008830 (0xdc9ae193) x 3 0xffffffc9
core   0: 0x80008834 (0x01b1c333) xor     t1, gp, s11
core   0: 3 0x80008834 (0x01b1c333) x 6 0xffffffc9
core   0: 0x80008838 (0x40fd0233) sub     tp, s10, a5
core   0: 3 0x80008838 (0x40fd0233) x 4 0x1909801b
core   0: 0x8000883c (0x02fbdd33) divu    s10, s7, a5
core   0: 3 0x8000883c (0x02fbdd33) x26 0x00000001
core   0: 0x80008840 (0x012294b3) sll     s1, t0, s2
core   0: 3 0x80008840 (0x012294b3) x 9 0x16d2c000
core   0: 0x80008844 (0x03d1aa33) mulhsu  s4, gp, t4
core   0: 3 0x80008844 (0x03d1aa33) x20 0xffffffff
core   0: 0x80008848 (0x00c96833) or      a6, s2, a2
core   0: 3 0x80008848 (0x00c96833) x16 0xf6416d2c
core   0: 0x8000884c (0x01076db3) or      s11, a4, a6
core   0: 3 0x8000884c (0x01076db3) x27 0xf641edec
core   0: 0x80008850 (0x00a848b3) xor     a7, a6, a0
core   0: 3 0x80008850 (0x00a848b3) x17 0xf6416d2d
core   0: 0x80008854 (0x032e1c33) mulh    s8, t3, s2
core   0: 3 0x80008854 (0x032e1c33) x24 0x00000000
core   0: 0x80008858 (0x015a1693) slli    a3, s4, 21
core   0: 3 0x80008858 (0x015a1693) x13 0xffe00000
core   0: 0x8000885c (0x02dd4cb3) div     s9, s10, a3
core   0: 3 0x8000885c (0x02dd4cb3) x25 0x00000000
core   0: 0x80008860 (0xf61f2513) slti    a0, t5, -159
core   0: 3 0x80008860 (0xf61f2513) x10 0x00000000
core   0: 0x80008864 (0x00addf13) srli    t5, s11, 10
core   0: 3 0x80008864 (0x00addf13) x30 0x003d907b
core   0: 0x80008868 (0x00e751b3) srl     gp, a4, a4
core   0: 3 0x80008868 (0x00e751b3) x 3 0x080018ce
core   0: 0x8000886c (0x035b87b3) mul     a5, s7, s5
core   0: 3 0x8000886c (0x035b87b3) x15 0x00000208
core   0: 0x80008870 (0x00000013) nop
core   0: 3 0x80008870 (0x00000013)
core   0: 0x80008874 (0xda6c9537) lui     a0, 0xda6c9
core   0: 3 0x80008874 (0xda6c9537) x10 0xda6c9000
core   0: 0x80008878 (0x01031313) slli    t1, t1, 16
core   0: 3 0x80008878 (0x01031313) x 6 0xffc90000
core   0: 0x8000887c (0x01acaab3) slt     s5, s9, s10
core   0: 3 0x8000887c (0x01acaab3) x21 0x00000001
core   0: 0x80008880 (0x742c4193) xori    gp, s8, 1858
core   0: 3 0x80008880 (0x742c4193) x 3 0x00000742
core   0: 0x80008884 (0x01fe1db3) sll     s11, t3, t6
core   0: 3 0x80008884 (0x01fe1db3) x27 0x00000000
core   0: 0x80008888 (0x0123d6b3) srl     a3, t2, s2
core   0: 3 0x80008888 (0x0123d6b3) x13 0x00019d84
core   0: 0x8000888c (0x00000013) nop
core   0: 3 0x8000888c (0x00000013)
core   0: 0x80008890 (0x0019f3b3) and     t2, s3, ra
core   0: 3 0x80008890 (0x0019f3b3) x 7 0x19d80000
core   0: 0x80008894 (0x02009ab3) mulh    s5, ra, zero
core   0: 3 0x80008894 (0x02009ab3) x21 0x00000000
core   0: 0x80008898 (0x00399d33) sll     s10, s3, gp
core   0: 3 0x80008898 (0x00399d33) x26 0x67610000
core   0: 0x8000889c (0x01cadf13) srli    t5, s5, 28
core   0: 3 0x8000889c (0x01cadf13) x30 0x00000000
core   0: 0x800088a0 (0x0108e333) or      t1, a7, a6
core   0: 3 0x800088a0 (0x0108e333) x 6 0xf6416d2d
core   0: 0x800088a4 (0x5736ec13) ori     s8, a3, 1395
core   0: 3 0x800088a4 (0x5736ec13) x24 0x00019df7
core   0: 0x800088a8 (0x038306b3) mul     a3, t1, s8
core   0: 3 0x800088a8 (0x038306b3) x13 0x2641ef6b
core   0: 0x800088ac (0x00000013) nop
core   0: 3 0x800088ac (0x00000013)
core   0: 0x800088b0 (0x8a95b037) lui     zero, 0x8a95b
core   0: 3 0x800088b0 (0x8a95b037)
core   0: 0x800088b4 (0x00d48f33) add     t5, s1, a3
core   0: 3 0x800088b4 (0x00d48f33) x30 0x3d14af6b
core   0: 0x800088b8 (0x000fd233) srl     tp, t6, zero
core   0: 3 0x800088b8 (0x000fd233) x 4 0x00000001
core   0: 0x800088bc (0x01095eb3) srl     t4, s2, a6
core   0: 3 0x800088bc (0x01095eb3) x29 0x000f6416
core   0: 0x800088c0 (0x40ea0db3) sub     s11, s4, a4
core   0: 3 0x800088c0 (0x40ea0db3) x27 0x7ffe731b
core   0: 0x800088c4 (0x410ad013) srai    zero, s5, 16
core   0: 3 0x800088c4 (0x410ad013)
core   0: 0x800088c8 (0x01637cb3) and     s9, t1, s6
core   0: 3 0x800088c8 (0x01637cb3) x25 0xf6406000
core   0: 0x800088cc (0x018b1093) slli    ra, s6, 24
core   0: 3 0x800088cc (0x018b1093) x 1 0x00000000
core   0: 0x800088d0 (0x00000013) nop
core   0: 3 0x800088d0 (0x00000013)
core   0: 0x800088d4 (0x8e964793) xori    a5, a2, -1815
core   0: 3 0x800088d4 (0x8e964793) x15 0xfffff8e9
core   0: 0x800088d8 (0x7dd02f13) slti    t5, zero, 2013
core   0: 3 0x800088d8 (0x7dd02f13) x30 0x00000001
core   0: 0x800088dc (0x026808b3) mul     a7, a6, t1
core   0: 3 0x800088dc (0x026808b3) x17 0x2527ecbc
core   0: 0x800088e0 (0x01aae033) or      zero, s5, s10
core   0: 3 0x800088e0 (0x01aae033)
core   0: 0x800088e4 (0x02f465b3) rem     a1, s0, a5
core   0: 3 0x800088e4 (0x02f465b3) x11 0xfffffe80
core   0: 0x800088e8 (0x01127d33) and     s10, tp, a7
core   0: 3 0x800088e8 (0x01127d33) x26 0x00000000
core   0: 0x800088ec (0x00d28f33) add     t5, t0, a3
core   0: 3 0x800088ec (0x00d28f33) x30 0x1c835c97
core   0: 0x800088f0 (0x03bebcb3) mulhu   s9, t4, s11
core   0: 3 0x800088f0 (0x03bebcb3) x25 0x0007b1f3
core   0: 0x800088f4 (0x40735d93) srai    s11, t1, 7
core   0: 3 0x800088f4 (0x40735d93) x27 0xffec82da
core   0: 0x800088f8 (0x03b5c6b3) div     a3, a1, s11
core   0: 3 0x800088f8 (0x03b5c6b3) x13 0x00000000
core   0: 0x800088fc (0x8bd7e097) auipc   ra, 0x8bd7e
core   0: 3 0x800088fc (0x8bd7e097) x 1 0x0bd868fc
core   0: 0x80008900 (0x013311b3) sll     gp, t1, s3
core   0: 3 0x80008900 (0x013311b3) x 3 0xf6416d2d
core   0: 0x80008904 (0x01ba9333) sll     t1, s5, s11
core   0: 3 0x80008904 (0x01ba9333) x 6 0x00000000
core   0: 0x80008908 (0x00516f33) or      t5, sp, t0
core   0: 3 0x80008908 (0x00516f33) x30 0xf6416f6c
core   0: 0x8000890c (0x0042d033) srl     zero, t0, tp
core   0: 3 0x8000890c (0x0042d033)
core   0: 0x80008910 (0x0219f4b3) remu    s1, s3, ra
core   0: 3 0x80008910 (0x0219f4b3) x 9 0x02276e08
core   0: 0x80008914 (0x00000013) nop
core   0: 3 0x80008914 (0x00000013)
core   0: 0x80008918 (0x03d77eb3) remu    t4, a4, t4
core   0: 3 0x80008918 (0x03d77eb3) x29 0x000231ee
core   0: 0x8000891c (0xac685937) lui     s2, 0xac685
core   0: 3 0x8000891c (0xac685937) x18 0xac685000
core   0: 0x80008920 (0x95e20ab7) lui     s5, 0x95e20
core   0: 3 0x80008920 (0x95e20ab7) x21 0x95e20000
core   0: 0x80008924 (0x25708613) addi    a2, ra, 599
core   0: 3 0x80008924 (0x25708613) x12 0x0bd86b53
core   0: 0x80008928 (0x67664d93) xori    s11, a2, 1654
core   0: 3 0x80008928 (0x67664d93) x27 0x0bd86d25
core   0: 0x8000892c (0x003e7033) and     zero, t3, gp
core   0: 3 0x8000892c (0x003e7033)
core   0: 0x80008930 (0x00115593) srli    a1, sp, 1
core   0: 3 0x80008930 (0x00115593) x11 0x4000a732
core   0: 0x80008934 (0x4c792393) slti    t2, s2, 1223
core   0: 3 0x80008934 (0x4c792393) x 7 0x00000001
core   0: 0x80008938 (0x0223ae13) slti    t3, t2, 34
core   0: 3 0x80008938 (0x0223ae13) x28 0x00000001
core   0: 0x8000893c (0x02e389b3) mul     s3, t2, a4
core   0: 3 0x8000893c (0x02e389b3) x19 0x80018ce4
core   0: 0x80008940 (0x40f5de93) srai    t4, a1, 15
core   0: 3 0x80008940 (0x40f5de93) x29 0x00008001
core   0: 0x80008944 (0x03057633) remu    a2, a0, a6
core   0: 3 0x80008944 (0x03057633) x12 0xda6c9000
core   0: 0x80008948 (0x71a18613) addi    a2, gp, 1818
core   0: 3 0x80008948 (0x71a18613) x12 0xf6417447
core   0: 0x8000894c (0x02c493b3) mulh    t2, s1, a2
core   0: 3 0x8000894c (0x02c493b3) x 7 0xffeb02b1
core   0: 0x80008950 (0x4060d213) srai    tp, ra, 6
core   0: 3 0x80008950 (0x4060d213) x 4 0x002f61a3
core   0: 0x80008954 (0x949bc537) lui     a0, 0x949bc
core   0: 3 0x80008954 (0x949bc537) x10 0x949bc000
core   0: 0x80008958 (0x013d81b3) add     gp, s11, s3
core   0: 3 0x80008958 (0x013d81b3) x 3 0x8bd9fa09
core   0: 0x8000895c (0x025c60b3) rem     ra, s8, t0
core   0: 3 0x8000895c (0x025c60b3) x 1 0x00019df7
core   0: 0x80008960 (0x02a6b7b3) mulhu   a5, a3, a0
core   0: 3 0x80008960 (0x02a6b7b3) x15 0x00000000
core   0: 0x80008964 (0x4fea8a93) addi    s5, s5, 1278
core   0: 3 0x80008964 (0x4fea8a93) x21 0x95e204fe
core   0: 0x80008968 (0xfa0dff93) andi    t6, s11, -96
core   0: 3 0x80008968 (0xfa0dff93) x31 0x0bd86d20
core   0: 0x8000896c (0x0e00c393) xori    t2, ra, 224
core   0: 3 0x8000896c (0x0e00c393) x 7 0x00019d17
core   0: 0x80008970 (0x013c4b33) xor     s6, s8, s3
core   0: 3 0x80008970 (0x013c4b33) x22 0x80001113
core   0: 0x80008974 (0xfd4e6a37) lui     s4, 0xfd4e6
core   0: 3 0x80008974 (0xfd4e6a37) x20 0xfd4e6000
core   0: 0x80008978 (0x039674b3) remu    s1, a2, s9
core   0: 3 0x80008978 (0x039674b3) x 9 0x00031447
core   0: 0x8000897c (0x406adbb3) sra     s7, s5, t1
core   0: 3 0x8000897c (0x406adbb3) x23 0x95e204fe
core   0: 0x80008980 (0x00051693) slli    a3, a0, 0
core   0: 3 0x80008980 (0x00051693) x13 0x949bc000
core   0: 0x80008984 (0x00e40533) add     a0, s0, a4
core   0: 3 0x80008984 (0x00e40533) x10 0x7801a1ce
core   0: 0x80008988 (0x023671b3) remu    gp, a2, gp
core   0: 3 0x80008988 (0x023671b3) x 3 0x6a677a3e
core   0: 0x8000898c (0x01bfb533) sltu    a0, t6, s11
core   0: 3 0x8000898c (0x01bfb533) x10 0x00000001
core   0: 0x80008990 (0x38f67b13) andi    s6, a2, 911
core   0: 3 0x80008990 (0x38f67b13) x22 0x00000007
core   0: 0x80008994 (0x0211b9b3) mulhu   s3, gp, ra
core   0: 3 0x80008994 (0x0211b9b3) x19 0x0000ac0f
core   0: 0x80008998 (0x03eaff33) remu    t5, s5, t5
core   0: 3 0x80008998 (0x03eaff33) x30 0x95e204fe
core   0: 0x8000899c (0x027437b3) mulhu   a5, s0, t2
core   0: 3 0x8000899c (0x027437b3) x15 0x0001902e
core   0: 0x800089a0 (0x7bc58eb7) lui     t4, 0x7bc58
core   0: 3 0x800089a0 (0x7bc58eb7) x29 0x7bc58000
core   0: 0x800089a4 (0x00b92533) slt     a0, s2, a1
core   0: 3 0x800089a4 (0x00b92533) x10 0x00000001
core   0: 0x800089a8 (0x03c30fb3) mul     t6, t1, t3
core   0: 3 0x800089a8 (0x03c30fb3) x31 0x00000000
core   0: 0x800089ac (0x416e5d13) srai    s10, t3, 22
core   0: 3 0x800089ac (0x416e5d13) x26 0x00000000
core   0: 0x800089b0 (0x00000013) nop
core   0: 3 0x800089b0 (0x00000013)
core   0: 0x800089b4 (0x00000013) nop
core   0: 3 0x800089b4 (0x00000013)
core   0: 0x800089b8 (0x0271feb3) remu    t4, gp, t2
core   0: 3 0x800089b8 (0x0271feb3) x29 0x00015dae
core   0: 0x800089bc (0x03f996b3) mulh    a3, s3, t6
core   0: 3 0x800089bc (0x03f996b3) x13 0x00000000
core   0: 0x800089c0 (0x0121bcb3) sltu    s9, gp, s2
core   0: 3 0x800089c0 (0x0121bcb3) x25 0x00000001
core   0: 0x800089c4 (0x02c753b3) divu    t2, a4, a2
core   0: 3 0x800089c4 (0x02c753b3) x 7 0x00000000
core   0: 0x800089c8 (0x02207a33) remu    s4, zero, sp
core   0: 3 0x800089c8 (0x02207a33) x20 0x00000000
core   0: 0x800089cc (0x003c4533) xor     a0, s8, gp
core   0: 3 0x800089cc (0x003c4533) x10 0x6a66e7c9
core   0: 0x800089d0 (0x01fc9233) sll     tp, s9, t6
core   0: 3 0x800089d0 (0x01fc9233) x 4 0x00000001
core   0: 0x800089d4 (0x01fcfc33) and     s8, s9, t6
core   0: 3 0x800089d4 (0x01fcfc33) x24 0x00000000
core   0: 0x800089d8 (0x03912033) mulhsu  zero, sp, s9
core   0: 3 0x800089d8 (0x03912033)
core   0: 0x800089dc (0xd95a0f97) auipc   t6, 0xd95a0
core   0: 3 0x800089dc (0xd95a0f97) x31 0x595a89dc
core   0: 0x800089e0 (0x405bdd13) srai    s10, s7, 5
core   0: 3 0x800089e0 (0x405bdd13) x26 0xfcaf1027
core   0: 0x800089e4 (0xeabbb317) auipc   t1, 0xeabbb
core   0: 3 0x800089e4 (0xeabbb317) x 6 0x6abc39e4
core   0: 0x800089e8 (0x018c75b3) and     a1, s8, s8
core   0: 3 0x800089e8 (0x018c75b3) x11 0x00000000
core   0: 0x800089ec (0xbac28693) addi    a3, t0, -1108
core   0: 3 0x800089ec (0xbac28693) x13 0xf64168d8
core   0: 0x800089f0 (0x0699b993) sltiu   s3, s3, 105
core   0: 3 0x800089f0 (0x0699b993) x19 0x00000000
core   0: 0x800089f4 (0x40df09b3) sub     s3, t5, a3
core   0: 3 0x800089f4 (0x40df09b3) x19 0x9fa09c26
core   0: 0x800089f8 (0x03a168b3) rem     a7, sp, s10
core   0: 3 0x800089f8 (0x03a168b3) x17 0xfe04e89a
core   0: 0x800089fc (0x005728b3) slt     a7, a4, t0
core   0: 3 0x800089fc (0x005728b3) x17 0x00000001
core   0: 0x80008a00 (0x03623433) mulhu   s0, tp, s6
core   0: 3 0x80008a00 (0x03623433) x 8 0x00000000
core   0: 0x80008a04 (0x02f05337) lui     t1, 0x2f05
core   0: 3 0x80008a04 (0x02f05337) x 6 0x02f05000
core   0: 0x80008a08 (0x01ad4533) xor     a0, s10, s10
core   0: 3 0x80008a08 (0x01ad4533) x10 0x00000000
core   0: 0x80008a0c (0x00c63333) sltu    t1, a2, a2
core   0: 3 0x80008a0c (0x00c63333) x 6 0x00000000
core   0: 0x80008a10 (0x0319e933) rem     s2, s3, a7
core   0: 3 0x80008a10 (0x0319e933) x18 0x00000000
core   0: 0x80008a14 (0x03be7fb3) remu    t6, t3, s11
core   0: 3 0x80008a14 (0x03be7fb3) x31 0x00000001
core   0: 0x80008a18 (0x1b9f7393) andi    t2, t5, 441
core   0: 3 0x80008a18 (0x1b9f7393) x 7 0x000000b8
core   0: 0x80008a1c (0x005df633) and     a2, s11, t0
core   0: 3 0x80008a1c (0x005df633) x12 0x02406d24
core   0: 0x80008a20 (0x00025433) srl     s0, tp, zero
core   0: 3 0x80008a20 (0x00025433) x 8 0x00000001
core   0: 0x80008a24 (0x41aa5413) srai    s0, s4, 26
core   0: 3 0x80008a24 (0x41aa5413) x 8 0x00000000
core   0: 0x80008a28 (0x003479b3) and     s3, s0, gp
core   0: 3 0x80008a28 (0x003479b3) x19 0x00000000
core   0: 0x80008a2c (0x00ab0a33) add     s4, s6, a0
core   0: 3 0x80008a2c (0x00ab0a33) x20 0x00000007
core   0: 0x80008a30 (0xe5917db7) lui     s11, 0xe5917
core   0: 3 0x80008a30 (0xe5917db7) x27 0xe5917000
core   0: 0x80008a34 (0x85483813) sltiu   a6, a6, -1964
core   0: 3 0x80008a34 (0x85483813) x16 0x00000001
core   0: 0x80008a38 (0x02bed0b3) divu    ra, t4, a1
core   0: 3 0x80008a38 (0x02bed0b3) x 1 0xffffffff
core   0: 0x80008a3c (0x009dfd33) and     s10, s11, s1
core   0: 3 0x80008a3c (0x009dfd33) x26 0x00011000
core   0: 0x80008a40 (0xe0926a37) lui     s4, 0xe0926
core   0: 3 0x80008a40 (0xe0926a37) x20 0xe0926000
core   0: 0x80008a44 (0x00a7cab3) xor     s5, a5, a0
core   0: 3 0x80008a44 (0x00a7cab3) x21 0x0001902e
core   0: 0x80008a48 (0x01eb56b3) srl     a3, s6, t5
core   0: 3 0x80008a48 (0x01eb56b3) x13 0x00000000
core   0: 0x80008a4c (0x85544613) xori    a2, s0, -1963
core   0: 3 0x80008a4c (0x85544613) x12 0xfffff855
core   0: 0x80008a50 (0xd0c4eb13) ori     s6, s1, -756
core   0: 3 0x80008a50 (0xd0c4eb13) x22 0xfffffd4f
core   0: 0x80008a54 (0x8fb5f213) andi    tp, a1, -1797
core   0: 3 0x80008a54 (0x8fb5f213) x 4 0x00000000
core   0: 0x80008a58 (0xf4f93e37) lui     t3, 0xf4f93
core   0: 3 0x80008a58 (0xf4f93e37) x28 0xf4f93000
core   0: 0x80008a5c (0x01625b13) srli    s6, tp, 22
core   0: 3 0x80008a5c (0x01625b13) x22 0x00000000
core   0: 0x80008a60 (0x07fc3513) sltiu   a0, s8, 127
core   0: 3 0x80008a60 (0x07fc3513) x10 0x00000001
core   0: 0x80008a64 (0x3a648493) addi    s1, s1, 934
core   0: 3 0x80008a64 (0x3a648493) x 9 0x000317ed
core   0: 0x80008a68 (0x0365e9b3) rem     s3, a1, s6
core   0: 3 0x80008a68 (0x0365e9b3) x19 0x00000000
core   0: 0x80008a6c (0x03e47033) remu    zero, s0, t5
core   0: 3 0x80008a6c (0x03e47033)
core   0: 0x80008a70 (0x55e34913) xori    s2, t1, 1374
core   0: 3 0x80008a70 (0x55e34913) x18 0x0000055e
core   0: 0x80008a74 (0x01f5abb3) slt     s7, a1, t6
core   0: 3 0x80008a74 (0x01f5abb3) x23 0x00000001
core   0: 0x80008a78 (0x4178d513) srai    a0, a7, 23
core   0: 3 0x80008a78 (0x4178d513) x10 0x00000000
core   0: 0x80008a7c (0x03872333) mulhsu  t1, a4, s8
core   0: 3 0x80008a7c (0x03872333) x 6 0x00000000
core   0: 0x80008a80 (0x0102d4b3) srl     s1, t0, a6
core   0: 3 0x80008a80 (0x0102d4b3) x 9 0x7b20b696
core   0: 0x80008a84 (0x65f9adb7) lui     s11, 0x65f9a
core   0: 3 0x80008a84 (0x65f9adb7) x27 0x65f9a000
core   0: 0x80008a88 (0x0312f233) remu    tp, t0, a7
core   0: 3 0x80008a88 (0x0312f233) x 4 0x00000000
core   0: 0x80008a8c (0x55123db7) lui     s11, 0x55123
core   0: 3 0x80008a8c (0x55123db7) x27 0x55123000
core   0: 0x80008a90 (0x00ba46b3) xor     a3, s4, a1
core   0: 3 0x80008a90 (0x00ba46b3) x13 0xe0926000
core   0: 0x80008a94 (0x0273f633) remu    a2, t2, t2
core   0: 3 0x80008a94 (0x0273f633) x12 0x00000000
core   0: 0x80008a98 (0xa7d7e613) ori     a2, a5, -1411
core   0: 3 0x80008a98 (0xa7d7e613) x12 0xfffffa7f
core   0: 0x80008a9c (0x00000013) nop
core   0: 3 0x80008a9c (0x00000013)
core   0: 0x80008aa0 (0xdb42cf17) auipc   t5, 0xdb42c
core   0: 3 0x80008aa0 (0xdb42cf17) x30 0x5b434aa0
core   0: 0x80008aa4 (0x02966a33) rem     s4, a2, s1
core   0: 3 0x80008aa4 (0x02966a33) x20 0xfffffa7f
core   0: 0x80008aa8 (0x02177f33) remu    t5, a4, ra
core   0: 3 0x80008aa8 (0x02177f33) x30 0x80018ce4
core   0: 0x80008aac (0xd0fb4d13) xori    s10, s6, -753
core   0: 3 0x80008aac (0xd0fb4d13) x26 0xfffffd0f
core   0: 0x80008ab0 (0x0215b1b3) mulhu   gp, a1, ra
core   0: 3 0x80008ab0 (0x0215b1b3) x 3 0x00000000
core   0: 0x80008ab4 (0x01be5793) srli    a5, t3, 27
core   0: 3 0x80008ab4 (0x01be5793) x15 0x0000001e
core   0: 0x80008ab8 (0x014b6a33) or      s4, s6, s4
core   0: 3 0x80008ab8 (0x014b6a33) x20 0xfffffa7f
core   0: 0x80008abc (0x00269493) slli    s1, a3, 2
core   0: 3 0x80008abc (0x00269493) x 9 0x82498000
core   0: 0x80008ac0 (0x0033d593) srli    a1, t2, 3
core   0: 3 0x80008ac0 (0x0033d593) x11 0x00000017
core   0: 0x80008ac4 (0xa4fb3c93) sltiu   s9, s6, -1457
core   0: 3 0x80008ac4 (0xa4fb3c93) x25 0x00000001
core   0: 0x80008ac8 (0x03a9c433) div     s0, s3, s10
core   0: 3 0x80008ac8 (0x03a9c433) x 8 0x00000000
core   0: 0x80008acc (0x024634b3) mulhu   s1, a2, tp
core   0: 3 0x80008acc (0x024634b3) x 9 0x00000000
core   0: 0x80008ad0 (0x419fde33) sra     t3, t6, s9
core   0: 3 0x80008ad0 (0x419fde33) x28 0x00000000
core   0: 0x80008ad4 (0x016ef033) and     zero, t4, s6
core   0: 3 0x80008ad4 (0x016ef033)
core   0: 0x80008ad8 (0x030c5833) divu    a6, s8, a6
core   0: 3 0x80008ad8 (0x030c5833) x16 0x00000000
core   0: 0x80008adc (0x03b17533) remu    a0, sp, s11
core   0: 3 0x80008adc (0x03b17533) x10 0x2aef1e64
core   0: 0x80008ae0 (0xe62b0313) addi    t1, s6, -414
core   0: 3 0x80008ae0 (0xe62b0313) x 6 0xfffffe62
core   0: 0x80008ae4 (0x318df617) auipc   a2, 0x318df
core   0: 3 0x80008ae4 (0x318df617) x12 0xb18e7ae4
core   0: 0x80008ae8 (0x01631393) slli    t2, t1, 22
core   0: 3 0x80008ae8 (0x01631393) x 7 0x98800000
core   0: 0x80008aec (0x008f36b3) sltu    a3, t5, s0
core   0: 3 0x80008aec (0x008f36b3) x13 0x00000000
core   0: 0x80008af0 (0x00960633) add     a2, a2, s1
core   0: 3 0x80008af0 (0x00960633) x12 0xb18e7ae4
core   0: 0x80008af4 (0xff826b93) ori     s7, tp, -8
core   0: 3 0x80008af4 (0xff826b93) x23 0xfffffff8
core   0: 0x80008af8 (0x014b3f33) sltu    t5, s6, s4
core   0: 3 0x80008af8 (0x014b3f33) x30 0x00000001
core   0: 0x80008afc (0x016bd093) srli    ra, s7, 22
core   0: 3 0x80008afc (0x016bd093) x 1 0x000003ff
core   0: 0x80008b00 (0x40175933) sra     s2, a4, ra
core   0: 3 0x80008b00 (0x40175933) x18 0xffffffff
core   0: 0x80008b04 (0x02df76b3) remu    a3, t5, a3
core   0: 3 0x80008b04 (0x02df76b3) x13 0x00000001
core   0: 0x80008b08 (0x039a7a33) remu    s4, s4, s9
core   0: 3 0x80008b08 (0x039a7a33) x20 0x00000000
core   0: 0x80008b0c (0x000e3db3) sltu    s11, t3, zero
core   0: 3 0x80008b0c (0x000e3db3) x27 0x00000000
core   0: 0x80008b10 (0x88d76513) ori     a0, a4, -1907
core   0: 3 0x80008b10 (0x88d76513) x10 0xfffffced
core   0: 0x80008b14 (0x408d8cb3) sub     s9, s11, s0
core   0: 3 0x80008b14 (0x408d8cb3) x25 0x00000000
core   0: 0x80008b18 (0x0004dc93) srli    s9, s1, 0
core   0: 3 0x80008b18 (0x0004dc93) x25 0x00000000
core   0: 0x80008b1c (0x02899cb3) mulh    s9, s3, s0
core   0: 3 0x80008b1c (0x02899cb3) x25 0x00000000
core   0: 0x80008b20 (0x4172dfb3) sra     t6, t0, s7
core   0: 3 0x80008b20 (0x4172dfb3) x31 0xfffffff6
core   0: 0x80008b24 (0x00c94233) xor     tp, s2, a2
core   0: 3 0x80008b24 (0x00c94233) x 4 0x4e71851b
core   0: 0x80008b28 (0x0091be33) sltu    t3, gp, s1
core   0: 3 0x80008b28 (0x0091be33) x28 0x00000000
core   0: 0x80008b2c (0x03ed4fb3) div     t6, s10, t5
core   0: 3 0x80008b2c (0x03ed4fb3) x31 0xfffffd0f
core   0: 0x80008b30 (0x00ad3933) sltu    s2, s10, a0
core   0: 3 0x80008b30 (0x00ad3933) x18 0x00000000
core   0: 0x80008b34 (0x00efd813) srli    a6, t6, 14
core   0: 3 0x80008b34 (0x00efd813) x16 0x0003ffff
core   0: 0x80008b38 (0x0192d6b3) srl     a3, t0, s9
core   0: 3 0x80008b38 (0x0192d6b3) x13 0xf6416d2c
core   0: 0x80008b3c (0x00526233) or      tp, tp, t0
core   0: 3 0x80008b3c (0x00526233) x 4 0xfe71ed3f
core   0: 0x80008b40 (0xc32d6613) ori     a2, s10, -974
core   0: 3 0x80008b40 (0xc32d6613) x12 0xfffffd3f
core   0: 0x80008b44 (0x00405b33) srl     s6, zero, tp
core   0: 3 0x80008b44 (0x00405b33) x22 0x00000000
core   0: 0x80008b48 (0x037ab033) mulhu   zero, s5, s7
core   0: 3 0x80008b48 (0x037ab033)
core   0: 0x80008b4c (0xc40a3193) sltiu   gp, s4, -960
core   0: 3 0x80008b4c (0xc40a3193) x 3 0x00000001
core   0: 0x80008b50 (0x01599213) slli    tp, s3, 21
core   0: 3 0x80008b50 (0x01599213) x 4 0x00000000
core   0: 0x80008b54 (0xf680fc93) andi    s9, ra, -152
core   0: 3 0x80008b54 (0xf680fc93) x25 0x00000368
core   0: 0x80008b58 (0x24424d93) xori    s11, tp, 580
core   0: 3 0x80008b58 (0x24424d93) x27 0x00000244
core   0: 0x80008b5c (0x00015b93) srli    s7, sp, 0
core   0: 3 0x80008b5c (0x00015b93) x23 0x80014e64
core   0: 0x80008b60 (0x03bb2833) mulhsu  a6, s6, s11
core   0: 3 0x80008b60 (0x03bb2833) x16 0x00000000
core   0: 0x80008b64 (0x00595313) srli    t1, s2, 5
core   0: 3 0x80008b64 (0x00595313) x 6 0x00000000
core   0: 0x80008b68 (0x127ae613) ori     a2, s5, 295
core   0: 3 0x80008b68 (0x127ae613) x12 0x0001912f
core   0: 0x80008b6c (0x01701633) sll     a2, zero, s7
core   0: 3 0x80008b6c (0x01701633) x12 0x00000000
core   0: 0x80008b70 (0xea958013) addi    zero, a1, -343
core   0: 3 0x80008b70 (0xea958013)
core   0: 0x80008b74 (0x014a8ab3) add     s5, s5, s4
core   0: 3 0x80008b74 (0x014a8ab3) x21 0x0001902e
core   0: 0x80008b78 (0x00c51db3) sll     s11, a0, a2
core   0: 3 0x80008b78 (0x00c51db3) x27 0xfffffced
core   0: 0x80008b7c (0x9626f593) andi    a1, a3, -1694
core   0: 3 0x80008b7c (0x9626f593) x11 0xf6416920
core   0: 0x80008b80 (0x1ebfbeb7) lui     t4, 0x1ebfb
core   0: 3 0x80008b80 (0x1ebfbeb7) x29 0x1ebfb000
core   0: 0x80008b84 (0x01718533) add     a0, gp, s7
core   0: 3 0x80008b84 (0x01718533) x10 0x80014e65
core   0: 0x80008b88 (0x00000013) nop
core   0: 3 0x80008b88 (0x00000013)
core   0: 0x80008b8c (0xa0626793) ori     a5, tp, -1530
core   0: 3 0x80008b8c (0xa0626793) x15 0xfffffa06
core   0: 0x80008b90 (0x8cca2a13) slti    s4, s4, -1844
core   0: 3 0x80008b90 (0x8cca2a13) x20 0x00000000
core   0: 0x80008b94 (0x15386f13) ori     t5, a6, 339
core   0: 3 0x80008b94 (0x15386f13) x30 0x00000153
core   0: 0x80008b98 (0xd3f42693) slti    a3, s0, -705
core   0: 3 0x80008b98 (0xd3f42693) x13 0x00000000
core   0: 0x80008b9c (0x4130d1b3) sra     gp, ra, s3
core   0: 3 0x80008b9c (0x4130d1b3) x 3 0x000003ff
core   0: 0x80008ba0 (0x2a08b193) sltiu   gp, a7, 672
core   0: 3 0x80008ba0 (0x2a08b193) x 3 0x00000001
core   0: 0x80008ba4 (0x02969ab3) mulh    s5, a3, s1
core   0: 3 0x80008ba4 (0x02969ab3) x21 0x00000000
core   0: 0x80008ba8 (0xd272ac13) slti    s8, t0, -729
core   0: 3 0x80008ba8 (0xd272ac13) x24 0x00000001
core   0: 0x80008bac (0x4ff20eb7) lui     t4, 0x4ff20
core   0: 3 0x80008bac (0x4ff20eb7) x29 0x4ff20000
core   0: 0x80008bb0 (0x00e85d93) srli    s11, a6, 14
core   0: 3 0x80008bb0 (0x00e85d93) x27 0x00000000
core   0: 0x80008bb4 (0x027ecf33) div     t5, t4, t2
core   0: 3 0x80008bb4 (0x027ecf33) x30 0x00000000
core   0: 0x80008bb8 (0x00000013) nop
core   0: 3 0x80008bb8 (0x00000013)
core   0: 0x80008bbc (0x01114333) xor     t1, sp, a7
core   0: 3 0x80008bbc (0x01114333) x 6 0x80014e65
core   0: 0x80008bc0 (0x404d8033) sub     zero, s11, tp
core   0: 3 0x80008bc0 (0x404d8033)
core   0: 0x80008bc4 (0x00ca5c33) srl     s8, s4, a2
core   0: 3 0x80008bc4 (0x00ca5c33) x24 0x00000000
core   0: 0x80008bc8 (0x014a9f13) slli    t5, s5, 20
core   0: 3 0x80008bc8 (0x014a9f13) x30 0x00000000
core   0: 0x80008bcc (0x41f30033) sub     zero, t1, t6
core   0: 3 0x80008bcc (0x41f30033)
core   0: 0x80008bd0 (0x0351aa33) mulhsu  s4, gp, s5
core   0: 3 0x80008bd0 (0x0351aa33) x20 0x00000000
core   0: 0x80008bd4 (0x02e57f33) remu    t5, a0, a4
core   0: 3 0x80008bd4 (0x02e57f33) x30 0x80014e65
core   0: 0x80008bd8 (0xa6db8c37) lui     s8, 0xa6db8
core   0: 3 0x80008bd8 (0xa6db8c37) x24 0xa6db8000
core   0: 0x80008bdc (0x024f7e33) remu    t3, t5, tp
core   0: 3 0x80008bdc (0x024f7e33) x28 0x80014e65
core   0: 0x80008be0 (0xa3682393) slti    t2, a6, -1482
core   0: 3 0x80008be0 (0xa3682393) x 7 0x00000000
core   0: 0x80008be4 (0x25fc0793) addi    a5, s8, 607
core   0: 3 0x80008be4 (0x25fc0793) x15 0xa6db825f
core   0: 0x80008be8 (0x009e5cb3) srl     s9, t3, s1
core   0: 3 0x80008be8 (0x009e5cb3) x25 0x80014e65
core   0: 0x80008bec (0x039643b3) div     t2, a2, s9
core   0: 3 0x80008bec (0x039643b3) x 7 0x00000000
core   0: 0x80008bf0 (0xc9264917) auipc   s2, 0xc9264
core   0: 3 0x80008bf0 (0xc9264917) x18 0x4926cbf0
core   0: 0x80008bf4 (0xf9c50913) addi    s2, a0, -100
core   0: 3 0x80008bf4 (0xf9c50913) x18 0x80014e01
core   0: 0x80008bf8 (0x5747e697) auipc   a3, 0x5747e
core   0: 3 0x80008bf8 (0x5747e697) x13 0xd7486bf8
core   0: 0x80008bfc (0x000ee3b3) or      t2, t4, zero
core   0: 3 0x80008bfc (0x000ee3b3) x 7 0x4ff20000
core   0: 0x80008c00 (0x9ca76517) auipc   a0, 0x9ca76
core   0: 3 0x80008c00 (0x9ca76517) x10 0x1ca7ec00
core   0: 0x80008c04 (0x0336d933) divu    s2, a3, s3
core   0: 3 0x80008c04 (0x0336d933) x18 0xffffffff
core   0: 0x80008c08 (0xa9a41eb7) lui     t4, 0xa9a41
core   0: 3 0x80008c08 (0xa9a41eb7) x29 0xa9a41000
core   0: 0x80008c0c (0x03c88333) mul     t1, a7, t3
core   0: 3 0x80008c0c (0x03c88333) x 6 0x80014e65
core   0: 0x80008c10 (0xf57c0e93) addi    t4, s8, -169
core   0: 3 0x80008c10 (0xf57c0e93) x29 0xa6db7f57
core   0: 0x80008c14 (0x000b3333) sltu    t1, s6, zero
core   0: 3 0x80008c14 (0x000b3333) x 6 0x00000000
core   0: 0x80008c18 (0x012cacb3) slt     s9, s9, s2
core   0: 3 0x80008c18 (0x012cacb3) x25 0x00000001
core   0: 0x80008c1c (0x00c79093) slli    ra, a5, 12
core   0: 3 0x80008c1c (0x00c79093) x 1 0xb825f000
core   0: 0x80008c20 (0x349c7413) andi    s0, s8, 841
core   0: 3 0x80008c20 (0x349c7413) x 8 0x00000000
core   0: 0x80008c24 (0x0196feb3) and     t4, a3, s9
core   0: 3 0x80008c24 (0x0196feb3) x29 0x00000000
core   0: 0x80008c28 (0x003c94b3) sll     s1, s9, gp
core   0: 3 0x80008c28 (0x003c94b3) x 9 0x00000002
core   0: 0x80008c2c (0x03bc5233) divu    tp, s8, s11
core   0: 3 0x80008c2c (0x03bc5233) x 4 0xffffffff
core   0: 0x80008c30 (0x00916533) or      a0, sp, s1
core   0: 3 0x80008c30 (0x00916533) x10 0x80014e66
core   0: 0x80008c34 (0x1204fb93) andi    s7, s1, 288
core   0: 3 0x80008c34 (0x1204fb93) x23 0x00000000
core   0: 0x80008c38 (0xd1d0a993) slti    s3, ra, -739
core   0: 3 0x80008c38 (0xd1d0a993) x19 0x00000001
core   0: 0x80008c3c (0x00450ab3) add     s5, a0, tp
core   0: 3 0x80008c3c (0x00450ab3) x21 0x80014e65
core   0: 0x80008c40 (0x03df2333) mulhsu  t1, t5, t4
core   0: 3 0x80008c40 (0x03df2333) x 6 0x00000000
core   0: 0x80008c44 (0x03bad1b3) divu    gp, s5, s11
core   0: 3 0x80008c44 (0x03bad1b3) x 3 0xffffffff
core   0: 0x80008c48 (0x00266b33) or      s6, a2, sp
core   0: 3 0x80008c48 (0x00266b33) x22 0x80014e64
core   0: 0x80008c4c (0x7f3d4213) xori    tp, s10, 2035
core   0: 3 0x80008c4c (0x7f3d4213) x 4 0xfffffafc
core   0: 0x80008c50 (0x03f2b8b3) mulhu   a7, t0, t6
core   0: 3 0x80008c50 (0x03f2b8b3) x17 0xf6416a57
core   0: 0x80008c54 (0xe4a56413) ori     s0, a0, -438
core   0: 3 0x80008c54 (0xe4a56413) x 8 0xfffffe6e
core   0: 0x80008c58 (0x9cd33993) sltiu   s3, t1, -1587
core   0: 3 0x80008c58 (0x9cd33993) x19 0x00000001
core   0: 0x80008c5c (0x40245033) sra     zero, s0, sp
core   0: 3 0x80008c5c (0x40245033)
core   0: 0x80008c60 (0x005247b3) xor     a5, tp, t0
core   0: 3 0x80008c60 (0x005247b3) x15 0x09be97d0
core   0: 0x80008c64 (0x5b0e6593) ori     a1, t3, 1456
core   0: 3 0x80008c64 (0x5b0e6593) x11 0x80014ff5
core   0: 0x80008c68 (0x02e7a7b3) mulhsu  a5, a5, a4
core   0: 3 0x80008c68 (0x02e7a7b3) x15 0x04df5b03
core   0: 0x80008c6c (0x0341e633) rem     a2, gp, s4
core   0: 3 0x80008c6c (0x0341e633) x12 0xffffffff
core   0: 0x80008c70 (0x02201933) mulh    s2, zero, sp
core   0: 3 0x80008c70 (0x02201933) x18 0x00000000
core   0: 0x80008c74 (0x444036b7) lui     a3, 0x44403
core   0: 3 0x80008c74 (0x444036b7) x13 0x44403000
core   0: 0x80008c78 (0x40a8d313) srai    t1, a7, 10
core   0: 3 0x80008c78 (0x40a8d313) x 6 0xfffd905a
core   0: 0x80008c7c (0x2d18cb93) xori    s7, a7, 721
core   0: 3 0x80008c7c (0x2d18cb93) x23 0xf6416886
core   0: 0x80008c80 (0x00cf6233) or      tp, t5, a2
core   0: 3 0x80008c80 (0x00cf6233) x 4 0xffffffff
core   0: 0x80008c84 (0x02e1c633) div     a2, gp, a4
core   0: 3 0x80008c84 (0x02e1c633) x12 0x00000000
core   0: 0x80008c88 (0xc425cd93) xori    s11, a1, -958
core   0: 3 0x80008c88 (0xc425cd93) x27 0x7ffeb3b7
core   0: 0x80008c8c (0xf4aa0093) addi    ra, s4, -182
core   0: 3 0x80008c8c (0xf4aa0093) x 1 0xffffff4a
core   0: 0x80008c90 (0x2d3457b7) lui     a5, 0x2d345
core   0: 3 0x80008c90 (0x2d3457b7) x15 0x2d345000
core   0: 0x80008c94 (0x02ff0d33) mul     s10, t5, a5
core   0: 3 0x80008c94 (0x02ff0d33) x26 0x16039000
core   0: 0x80008c98 (0x01445533) srl     a0, s0, s4
core   0: 3 0x80008c98 (0x01445533) x10 0xfffffe6e
core   0: 0x80008c9c (0x01ee1b13) slli    s6, t3, 30
core   0: 3 0x80008c9c (0x01ee1b13) x22 0x40000000
core   0: 0x80008ca0 (0x014c1193) slli    gp, s8, 20
core   0: 3 0x80008ca0 (0x014c1193) x 3 0x00000000
core   0: 0x80008ca4 (0x00000013) nop
core   0: 3 0x80008ca4 (0x00000013)
core   0: 0x80008ca8 (0x41d456b3) sra     a3, s0, t4
core   0: 3 0x80008ca8 (0x41d456b3) x13 0xfffffe6e
core   0: 0x80008cac (0x0331dcb3) divu    s9, gp, s3
core   0: 3 0x80008cac (0x0331dcb3) x25 0x00000000
core   0: 0x80008cb0 (0x00a93533) sltu    a0, s2, a0
core   0: 3 0x80008cb0 (0x00a93533) x10 0x00000001
core   0: 0x80008cb4 (0xdf302093) slti    ra, zero, -525
core   0: 3 0x80008cb4 (0xdf302093) x 1 0x00000000
core   0: 0x80008cb8 (0x00000013) nop
core   0: 3 0x80008cb8 (0x00000013)
core   0: 0x80008cbc (0x039c6e33) rem     t3, s8, s9
core   0: 3 0x80008cbc (0x039c6e33) x28 0xa6db8000
core   0: 0x80008cc0 (0x01839833) sll     a6, t2, s8
core   0: 3 0x80008cc0 (0x01839833) x16 0x4ff20000
core   0: 0x80008cc4 (0x00b67bb3) and     s7, a2, a1
core   0: 3 0x80008cc4 (0x00b67bb3) x23 0x00000000
core   0: 0x80008cc8 (0x036c5cb3) divu    s9, s8, s6
core   0: 3 0x80008cc8 (0x036c5cb3) x25 0x00000002
core   0: 0x80008ccc (0x4051de33) sra     t3, gp, t0
core   0: 3 0x80008ccc (0x4051de33) x28 0x00000000
core   0: 0x80008cd0 (0xf00a0c93) addi    s9, s4, -256
core   0: 3 0x80008cd0 (0xf00a0c93) x25 0xffffff00
core   0: 0x80008cd4 (0x90f82513) slti    a0, a6, -1777
core   0: 3 0x80008cd4 (0x90f82513) x10 0x00000000
core   0: 0x80008cd8 (0x71193193) sltiu   gp, s2, 1809
core   0: 3 0x80008cd8 (0x71193193) x 3 0x00000001
core   0: 0x80008cdc (0x0322d333) divu    t1, t0, s2
core   0: 3 0x80008cdc (0x0322d333) x 6 0xffffffff
core   0: 0x80008ce0 (0x419f5433) sra     s0, t5, s9
core   0: 3 0x80008ce0 (0x419f5433) x 8 0x80014e65
core   0: 0x80008ce4 (0xe9aee693) ori     a3, t4, -358
core   0: 3 0x80008ce4 (0xe9aee693) x13 0xfffffe9a
core   0: 0x80008ce8 (0x03d130b3) mulhu   ra, sp, t4
core   0: 3 0x80008ce8 (0x03d130b3) x 1 0x00000000
core   0: 0x80008cec (0x0001e033) or      zero, gp, zero
core   0: 3 0x80008cec (0x0001e033)
core   0: 0x80008cf0 (0x407dd433) sra     s0, s11, t2
core   0: 3 0x80008cf0 (0x407dd433) x 8 0x7ffeb3b7
core   0: 0x80008cf4 (0x00f23033) sltu    zero, tp, a5
core   0: 3 0x80008cf4 (0x00f23033)
core   0: 0x80008cf8 (0x016c8833) add     a6, s9, s6
core   0: 3 0x80008cf8 (0x016c8833) x16 0x3fffff00
core   0: 0x80008cfc (0x03132533) mulhsu  a0, t1, a7
core   0: 3 0x80008cfc (0x03132533) x10 0xffffffff
core   0: 0x80008d00 (0x0219b233) mulhu   tp, s3, ra
core   0: 3 0x80008d00 (0x0219b233) x 4 0x00000000
core   0: 0x80008d04 (0x0137ffb3) and     t6, a5, s3
core   0: 3 0x80008d04 (0x0137ffb3) x31 0x00000000
core   0: 0x80008d08 (0x8ed72b93) slti    s7, a4, -1811
core   0: 3 0x80008d08 (0x8ed72b93) x23 0x00000001
core   0: 0x80008d0c (0x402cdd93) srai    s11, s9, 2
core   0: 3 0x80008d0c (0x402cdd93) x27 0xffffffc0
core   0: 0x80008d10 (0x0219a9b3) mulhsu  s3, s3, ra
core   0: 3 0x80008d10 (0x0219a9b3) x19 0x00000000
core   0: 0x80008d14 (0x00de1e33) sll     t3, t3, a3
core   0: 3 0x80008d14 (0x00de1e33) x28 0x00000000
core   0: 0x80008d18 (0x0039edb3) or      s11, s3, gp
core   0: 3 0x80008d18 (0x0039edb3) x27 0x00000001
core   0: 0x80008d1c (0x47148437) lui     s0, 0x47148
core   0: 3 0x80008d1c (0x47148437) x 8 0x47148000
core   0: 0x80008d20 (0x01e4fdb3) and     s11, s1, t5
core   0: 3 0x80008d20 (0x01e4fdb3) x27 0x00000000
core   0: 0x80008d24 (0x01e87913) andi    s2, a6, 30
core   0: 3 0x80008d24 (0x01e87913) x18 0x00000000
core   0: 0x80008d28 (0x00f9b633) sltu    a2, s3, a5
core   0: 3 0x80008d28 (0x00f9b633) x12 0x00000001
core   0: 0x80008d2c (0x01deacb3) slt     s9, t4, t4
core   0: 3 0x80008d2c (0x01deacb3) x25 0x00000000
core   0: 0x80008d30 (0xa4116d93) ori     s11, sp, -1471
core   0: 3 0x80008d30 (0xa4116d93) x27 0xfffffe65
core   0: 0x80008d34 (0x03224a33) div     s4, tp, s2
core   0: 3 0x80008d34 (0x03224a33) x20 0xffffffff
core   0: 0x80008d38 (0x026f8bb3) mul     s7, t6, t1
core   0: 3 0x80008d38 (0x026f8bb3) x23 0x00000000
core   0: 0x80008d3c (0x023767b3) rem     a5, a4, gp
core   0: 3 0x80008d3c (0x023767b3) x15 0x00000000
core   0: 0x80008d40 (0x02846db3) rem     s11, s0, s0
core   0: 3 0x80008d40 (0x02846db3) x27 0x00000000
core   0: 0x80008d44 (0x03ee10b3) mulh    ra, t3, t5
core   0: 3 0x80008d44 (0x03ee10b3) x 1 0x00000000
core   0: 0x80008d48 (0x01c448b3) xor     a7, s0, t3
core   0: 3 0x80008d48 (0x01c448b3) x17 0x47148000
core   0: 0x80008d4c (0x02d26233) rem     tp, tp, a3
core   0: 3 0x80008d4c (0x02d26233) x 4 0x00000000
core   0: 0x80008d50 (0x03f7b6b3) mulhu   a3, a5, t6
core   0: 3 0x80008d50 (0x03f7b6b3) x13 0x00000000
core   0: 0x80008d54 (0x3e06fa13) andi    s4, a3, 992
core   0: 3 0x80008d54 (0x3e06fa13) x20 0x00000000
core   0: 0x80008d58 (0x7daf0513) addi    a0, t5, 2010
core   0: 3 0x80008d58 (0x7daf0513) x10 0x8001563f
core   0: 0x80008d5c (0xaa522613) slti    a2, tp, -1371
core   0: 3 0x80008d5c (0xaa522613) x12 0x00000000
core   0: 0x80008d60 (0xbd88b313) sltiu   t1, a7, -1064
core   0: 3 0x80008d60 (0xbd88b313) x 6 0x00000001
core   0: 0x80008d64 (0x02e6d7b3) divu    a5, a3, a4
core   0: 3 0x80008d64 (0x02e6d7b3) x15 0x00000000
core   0: 0x80008d68 (0xe0c2e613) ori     a2, t0, -500
core   0: 3 0x80008d68 (0xe0c2e613) x12 0xffffff2c
core   0: 0x80008d6c (0x00c115b3) sll     a1, sp, a2
core   0: 3 0x80008d6c (0x00c115b3) x11 0x14e64000
core   0: 0x80008d70 (0x01744c33) xor     s8, s0, s7
core   0: 3 0x80008d70 (0x01744c33) x24 0x47148000
core   0: 0x80008d74 (0x034bbc33) mulhu   s8, s7, s4
core   0: 3 0x80008d74 (0x034bbc33) x24 0x00000000
core   0: 0x80008d78 (0x01038cb3) add     s9, t2, a6
core   0: 3 0x80008d78 (0x01038cb3) x25 0x8ff1ff00
core   0: 0x80008d7c (0x02c445b3) div     a1, s0, a2
core   0: 3 0x80008d7c (0x02c445b3) x11 0xffaa2adf
core   0: 0x80008d80 (0x000c74b3) and     s1, s8, zero
core   0: 3 0x80008d80 (0x000c74b3) x 9 0x00000000
core   0: 0x80008d84 (0x02ace1b3) rem     gp, s9, a0
core   0: 3 0x80008d84 (0x02ace1b3) x 3 0x8ff1ff00
core   0: 0x80008d88 (0x011bd033) srl     zero, s7, a7
core   0: 3 0x80008d88 (0x011bd033)
core   0: 0x80008d8c (0x02b2bcb3) mulhu   s9, t0, a1
core   0: 3 0x80008d8c (0x02b2bcb3) x25 0xf5eedc6e
core   0: 0x80008d90 (0xe99dc913) xori    s2, s11, -359
core   0: 3 0x80008d90 (0xe99dc913) x18 0xfffffe99
core   0: 0x80008d94 (0x00605f33) srl     t5, zero, t1
core   0: 3 0x80008d94 (0x00605f33) x30 0x00000000
core   0: 0x80008d98 (0x41dcd633) sra     a2, s9, t4
core   0: 3 0x80008d98 (0x41dcd633) x12 0xf5eedc6e
core   0: 0x80008d9c (0x0308f333) remu    t1, a7, a6
core   0: 3 0x80008d9c (0x0308f333) x 6 0x07148100
core   0: 0x80008da0 (0x03b23a33) mulhu   s4, tp, s11
core   0: 3 0x80008da0 (0x03b23a33) x20 0x00000000
core   0: 0x80008da4 (0x0219e7b3) rem     a5, s3, ra
core   0: 3 0x80008da4 (0x0219e7b3) x15 0x00000000
core   0: 0x80008da8 (0x01e1e0b3) or      ra, gp, t5
core   0: 3 0x80008da8 (0x01e1e0b3) x 1 0x8ff1ff00
core   0: 0x80008dac (0xad0d2993) slti    s3, s10, -1328
core   0: 3 0x80008dac (0xad0d2993) x19 0x00000000
core   0: 0x80008db0 (0x8df44793) xori    a5, s0, -1825
core   0: 3 0x80008db0 (0x8df44793) x15 0xb8eb78df
core   0: 0x80008db4 (0x40ccd593) srai    a1, s9, 12
core   0: 3 0x80008db4 (0x40ccd593) x11 0xffff5eed
core   0: 0x80008db8 (0xc318a093) slti    ra, a7, -975
core   0: 3 0x80008db8 (0xc318a093) x 1 0x00000000
core   0: 0x80008dbc (0x005e4033) xor     zero, t3, t0
core   0: 3 0x80008dbc (0x005e4033)
core   0: 0x80008dc0 (0x02c2c9b3) div     s3, t0, a2
core   0: 3 0x80008dc0 (0x02c2c9b3) x19 0x00000000
core   0: 0x80008dc4 (0x003afe33) and     t3, s5, gp
core   0: 3 0x80008dc4 (0x003afe33) x28 0x80014e00
core   0: 0x80008dc8 (0x0083f333) and     t1, t2, s0
core   0: 3 0x80008dc8 (0x0083f333) x 6 0x47100000
core   0: 0x80008dcc (0x0140ceb3) xor     t4, ra, s4
core   0: 3 0x80008dcc (0x0140ceb3) x29 0x00000000
core   0: 0x80008dd0 (0x5802c613) xori    a2, t0, 1408
core   0: 3 0x80008dd0 (0x5802c613) x12 0xf64168ac
core   0: 0x80008dd4 (0x00000013) nop
core   0: 3 0x80008dd4 (0x00000013)
core   0: 0x80008dd8 (0x01246e33) or      t3, s0, s2
core   0: 3 0x80008dd8 (0x01246e33) x28 0xfffffe99
core   0: 0x80008ddc (0x0304e233) rem     tp, s1, a6
core   0: 3 0x80008ddc (0x0304e233) x 4 0x00000000
core   0: 0x80008de0 (0x40f35233) sra     tp, t1, a5
core   0: 3 0x80008de0 (0x40f35233) x 4 0x00000000
core   0: 0x80008de4 (0x015b6eb3) or      t4, s6, s5
core   0: 3 0x80008de4 (0x015b6eb3) x29 0xc0014e65
core   0: 0x80008de8 (0x02466333) rem     t1, a2, tp
core   0: 3 0x80008de8 (0x02466333) x 6 0xf64168ac
core   0: 0x80008dec (0x028a7633) remu    a2, s4, s0
core   0: 3 0x80008dec (0x028a7633) x12 0x00000000
core   0: 0x80008df0 (0x03748fb3) mul     t6, s1, s7
core   0: 3 0x80008df0 (0x03748fb3) x31 0x00000000
core   0: 0x80008df4 (0x30793493) sltiu   s1, s2, 775
core   0: 3 0x80008df4 (0x30793493) x 9 0x00000000
core   0: 0x80008df8 (0x000b1213) slli    tp, s6, 0
core   0: 3 0x80008df8 (0x000b1213) x 4 0x40000000
core   0: 0x80008dfc (0x02955c33) divu    s8, a0, s1
core   0: 3 0x80008dfc (0x02955c33) x24 0xffffffff
core   0: 0x80008e00 (0x3b24ee17) auipc   t3, 0x3b24e
core   0: 3 0x80008e00 (0x3b24ee17) x28 0xbb256e00
core   0: 0x80008e04 (0x01d13533) sltu    a0, sp, t4
core   0: 3 0x80008e04 (0x01d13533) x10 0x00000001
core   0: 0x80008e08 (0x40ab5d93) srai    s11, s6, 10
core   0: 3 0x80008e08 (0x40ab5d93) x27 0x00100000
core   0: 0x80008e0c (0x00bde833) or      a6, s11, a1
core   0: 3 0x80008e0c (0x00bde833) x16 0xffff5eed
core   0: 0x80008e10 (0x01096533) or      a0, s2, a6
core   0: 3 0x80008e10 (0x01096533) x10 0xfffffefd
core   0: 0x80008e14 (0x00bd86b3) add     a3, s11, a1
core   0: 3 0x80008e14 (0x00bd86b3) x13 0x000f5eed
core   0: 0x80008e18 (0x0260f533) remu    a0, ra, t1
core   0: 3 0x80008e18 (0x0260f533) x10 0x00000000
core   0: 0x80008e1c (0x01a4d913) srli    s2, s1, 26
core   0: 3 0x80008e1c (0x01a4d913) x18 0x00000000
core   0: 0x80008e20 (0x00729bb3) sll     s7, t0, t2
core   0: 3 0x80008e20 (0x00729bb3) x23 0xf6416d2c
core   0: 0x80008e24 (0x019cdd93) srli    s11, s9, 25
core   0: 3 0x80008e24 (0x019cdd93) x27 0x0000007a
core   0: 0x80008e28 (0xb888b693) sltiu   a3, a7, -1144
core   0: 3 0x80008e28 (0xb888b693) x13 0x00000001
core   0: 0x80008e2c (0x00053e33) sltu    t3, a0, zero
core   0: 3 0x80008e2c (0x00053e33) x28 0x00000000
core   0: 0x80008e30 (0x033cb233) mulhu   tp, s9, s3
core   0: 3 0x80008e30 (0x033cb233) x 4 0x00000000
core   0: 0x80008e34 (0x01075a93) srli    s5, a4, 16
core   0: 3 0x80008e34 (0x01075a93) x21 0x00008001
core   0: 0x80008e38 (0xaffbc513) xori    a0, s7, -1281
core   0: 3 0x80008e38 (0xaffbc513) x10 0x09be97d3
core   0: 0x80008e3c (0x039b1c33) mulh    s8, s6, s9
core   0: 3 0x80008e3c (0x039b1c33) x24 0xfd7bb71b
core   0: 0x80008e40 (0x001a9213) slli    tp, s5, 1
core   0: 3 0x80008e40 (0x001a9213) x 4 0x00010002
core   0: 0x80008e44 (0x01fd7233) and     tp, s10, t6
core   0: 3 0x80008e44 (0x01fd7233) x 4 0x00000000
core   0: 0x80008e48 (0x001fa1b3) slt     gp, t6, ra
core   0: 3 0x80008e48 (0x001fa1b3) x 3 0x00000000
core   0: 0x80008e4c (0x44c8c313) xori    t1, a7, 1100
core   0: 3 0x80008e4c (0x44c8c313) x 6 0x4714844c
core   0: 0x80008e50 (0x012d86b3) add     a3, s11, s2
core   0: 3 0x80008e50 (0x012d86b3) x13 0x0000007a
core   0: 0x80008e54 (0x0198d413) srli    s0, a7, 25
core   0: 3 0x80008e54 (0x0198d413) x 8 0x00000023
core   0: 0x80008e58 (0x0220d433) divu    s0, ra, sp
core   0: 3 0x80008e58 (0x0220d433) x 8 0x00000000
core   0: 0x80008e5c (0x03b687b3) mul     a5, a3, s11
core   0: 3 0x80008e5c (0x03b687b3) x15 0x00003a24
core   0: 0x80008e60 (0x8cd77993) andi    s3, a4, -1843
core   0: 3 0x80008e60 (0x8cd77993) x19 0x800188c4
core   0: 0x80008e64 (0x00000013) nop
core   0: 3 0x80008e64 (0x00000013)
core   0: 0x80008e68 (0x023f5ab3) divu    s5, t5, gp
core   0: 3 0x80008e68 (0x023f5ab3) x21 0xffffffff
core   0: 0x80008e6c (0x00a31913) slli    s2, t1, 10
core   0: 3 0x80008e6c (0x00a31913) x18 0x52113000
core   0: 0x80008e70 (0x034c66b3) rem     a3, s8, s4
core   0: 3 0x80008e70 (0x034c66b3) x13 0xfd7bb71b
core   0: 0x80008e74 (0x400d8033) sub     zero, s11, zero
core   0: 3 0x80008e74 (0x400d8033)
core   0: 0x80008e78 (0x02557ab3) remu    s5, a0, t0
core   0: 3 0x80008e78 (0x02557ab3) x21 0x09be97d3
core   0: 0x80008e7c (0x01d7cd33) xor     s10, a5, t4
core   0: 3 0x80008e7c (0x01d7cd33) x26 0xc0017441
core   0: 0x80008e80 (0x001070b3) and     ra, zero, ra
core   0: 3 0x80008e80 (0x001070b3) x 1 0x00000000
core   0: 0x80008e84 (0x01e39e93) slli    t4, t2, 30
core   0: 3 0x80008e84 (0x01e39e93) x29 0x00000000
core   0: 0x80008e88 (0x40b4d3b3) sra     t2, s1, a1
core   0: 3 0x80008e88 (0x40b4d3b3) x 7 0x00000000
core   0: 0x80008e8c (0x023fa233) mulhsu  tp, t6, gp
core   0: 3 0x80008e8c (0x023fa233) x 4 0x00000000
core   0: 0x80008e90 (0x001c9393) slli    t2, s9, 1
core   0: 3 0x80008e90 (0x001c9393) x 7 0xebddb8dc
core   0: 0x80008e94 (0x028d7933) remu    s2, s10, s0
core   0: 3 0x80008e94 (0x028d7933) x18 0xc0017441
core   0: 0x80008e98 (0x0353c6b3) div     a3, t2, s5
core   0: 3 0x80008e98 (0x0353c6b3) x13 0xfffffffe
core   0: 0x80008e9c (0x01503fb3) snez    t6, s5
core   0: 3 0x80008e9c (0x01503fb3) x31 0x00000001
core   0: 0x80008ea0 (0x03ecb4b3) mulhu   s1, s9, t5
core   0: 3 0x80008ea0 (0x03ecb4b3) x 9 0x00000000
core   0: 0x80008ea4 (0x748dcc13) xori    s8, s11, 1864
core   0: 3 0x80008ea4 (0x748dcc13) x24 0x00000732
core   0: 0x80008ea8 (0x40855b13) srai    s6, a0, 8
core   0: 3 0x80008ea8 (0x40855b13) x22 0x0009be97
core   0: 0x80008eac (0x02cdd633) divu    a2, s11, a2
core   0: 3 0x80008eac (0x02cdd633) x12 0xffffffff
core   0: 0x80008eb0 (0x97264217) auipc   tp, 0x97264
core   0: 3 0x80008eb0 (0x97264217) x 4 0x1726ceb0
core   0: 0x80008eb4 (0x01756933) or      s2, a0, s7
core   0: 3 0x80008eb4 (0x01756933) x18 0xffffffff
core   0: 0x80008eb8 (0x02ba20b3) mulhsu  ra, s4, a1
core   0: 3 0x80008eb8 (0x02ba20b3) x 1 0x00000000
core   0: 0x80008ebc (0x84213093) sltiu   ra, sp, -1982
core   0: 3 0x80008ebc (0x84213093) x 1 0x00000001
core   0: 0x80008ec0 (0x00c475b3) and     a1, s0, a2
core   0: 3 0x80008ec0 (0x00c475b3) x11 0x00000000
core   0: 0x80008ec4 (0x02df2bb3) mulhsu  s7, t5, a3
core   0: 3 0x80008ec4 (0x02df2bb3) x23 0x00000000
core   0: 0x80008ec8 (0x03b63db3) mulhu   s11, a2, s11
core   0: 3 0x80008ec8 (0x03b63db3) x27 0x00000079
core   0: 0x80008ecc (0x010358b3) srl     a7, t1, a6
core   0: 3 0x80008ecc (0x010358b3) x17 0x000238a4
core   0: 0x80008ed0 (0x007b11b3) sll     gp, s6, t2
core   0: 3 0x80008ed0 (0x007b11b3) x 3 0x70000000
core   0: 0x80008ed4 (0x47574a13) xori    s4, a4, 1141
core   0: 3 0x80008ed4 (0x47574a13) x20 0x80018891
core   0: 0x80008ed8 (0x00bc9db3) sll     s11, s9, a1
core   0: 3 0x80008ed8 (0x00bc9db3) x27 0xf5eedc6e
core   0: 0x80008edc (0x034253b3) divu    t2, tp, s4
core   0: 3 0x80008edc (0x034253b3) x 7 0x00000000
core   0: 0x80008ee0 (0x01feb6b3) sltu    a3, t4, t6
core   0: 3 0x80008ee0 (0x01feb6b3) x13 0x00000001
core   0: 0x80008ee4 (0x0087ca33) xor     s4, a5, s0
core   0: 3 0x80008ee4 (0x0087ca33) x20 0x00003a24
core   0: 0x80008ee8 (0x00000013) nop
core   0: 3 0x80008ee8 (0x00000013)
core   0: 0x80008eec (0x00499393) slli    t2, s3, 4
core   0: 3 0x80008eec (0x00499393) x 7 0x00188c40
core   0: 0x80008ef0 (0x293cd517) auipc   a0, 0x293cd
core   0: 3 0x80008ef0 (0x293cd517) x10 0xa93d5ef0
core   0: 0x80008ef4 (0x03a0b6b3) mulhu   a3, ra, s10
core   0: 3 0x80008ef4 (0x03a0b6b3) x13 0x00000000
core   0: 0x80008ef8 (0x019fe633) or      a2, t6, s9
core   0: 3 0x80008ef8 (0x019fe633) x12 0xf5eedc6f
core   0: 0x80008efc (0x01107233) and     tp, zero, a7
core   0: 3 0x80008efc (0x01107233) x 4 0x00000000
core   0: 0x80008f00 (0x01fd5b33) srl     s6, s10, t6
core   0: 3 0x80008f00 (0x01fd5b33) x22 0x6000ba20
core   0: 0x80008f04 (0x0351c6b3) div     a3, gp, s5
core   0: 3 0x80008f04 (0x0351c6b3) x13 0x0000000b
core   0: 0x80008f08 (0x563088b7) lui     a7, 0x56308
core   0: 3 0x80008f08 (0x563088b7) x17 0x56308000
core   0: 0x80008f0c (0x00ae6eb3) or      t4, t3, a0
core   0: 3 0x80008f0c (0x00ae6eb3) x29 0xa93d5ef0
core   0: 0x80008f10 (0x01f32f33) slt     t5, t1, t6
core   0: 3 0x80008f10 (0x01f32f33) x30 0x00000000
core   0: 0x80008f14 (0x40260933) sub     s2, a2, sp
core   0: 3 0x80008f14 (0x40260933) x18 0x75ed8e0b
core   0: 0x80008f18 (0x0276abb3) mulhsu  s7, a3, t2
core   0: 3 0x80008f18 (0x0276abb3) x23 0x00000000
core   0: 0x80008f1c (0x00000013) nop
core   0: 3 0x80008f1c (0x00000013)
core   0: 0x80008f20 (0x007f17b3) sll     a5, t5, t2
core   0: 3 0x80008f20 (0x007f17b3) x15 0x00000000
core   0: 0x80008f24 (0x026bb833) mulhu   a6, s7, t1
core   0: 3 0x80008f24 (0x026bb833) x16 0x00000000
core   0: 0x80008f28 (0x00e9c633) xor     a2, s3, a4
core   0: 3 0x80008f28 (0x00e9c633) x12 0x00000420
core   0: 0x80008f2c (0x5c0ac993) xori    s3, s5, 1472
core   0: 3 0x80008f2c (0x5c0ac993) x19 0x09be9213
core   0: 0x80008f30 (0x00251633) sll     a2, a0, sp
core   0: 3 0x80008f30 (0x00251633) x12 0x93d5ef00
core   0: 0x80008f34 (0x00000013) nop
core   0: 3 0x80008f34 (0x00000013)
core   0: 0x80008f38 (0x03de5bb3) divu    s7, t3, t4
core   0: 3 0x80008f38 (0x03de5bb3) x23 0x00000000
core   0: 0x80008f3c (0x9800cd13) xori    s10, ra, -1664
core   0: 3 0x80008f3c (0x9800cd13) x26 0xfffff981
core   0: 0x80008f40 (0x0368a633) mulhsu  a2, a7, s6
core   0: 3 0x80008f40 (0x0368a633) x12 0x20526eaa
core   0: 0x80008f44 (0x0332ad33) mulhsu  s10, t0, s3
core   0: 3 0x80008f44 (0x0332ad33) x26 0xffa10bd6
core   0: 0x80008f48 (0x0616ba93) sltiu   s5, a3, 97
core   0: 3 0x80008f48 (0x0616ba93) x21 0x00000001
core   0: 0x80008f4c (0x00af4633) xor     a2, t5, a0
core   0: 3 0x80008f4c (0x00af4633) x12 0xa93d5ef0
core   0: 0x80008f50 (0x49f76a93) ori     s5, a4, 1183
core   0: 3 0x80008f50 (0x49f76a93) x21 0x80018cff
core   0: 0x80008f54 (0x25f3ce13) xori    t3, t2, 607
core   0: 3 0x80008f54 (0x25f3ce13) x28 0x00188e1f
core   0: 0x80008f58 (0xccc3f913) andi    s2, t2, -820
core   0: 3 0x80008f58 (0xccc3f913) x18 0x00188c40
core   0: 0x80008f5c (0x039b8633) mul     a2, s7, s9
core   0: 3 0x80008f5c (0x039b8633) x12 0x00000000
core   0: 0x80008f60 (0x00407233) and     tp, zero, tp
core   0: 3 0x80008f60 (0x00407233) x 4 0x00000000
core   0: 0x80008f64 (0x010264b3) or      s1, tp, a6
core   0: 3 0x80008f64 (0x010264b3) x 9 0x00000000
core   0: 0x80008f68 (0x01f01413) slli    s0, zero, 31
core   0: 3 0x80008f68 (0x01f01413) x 8 0x00000000
core   0: 0x80008f6c (0x411addb3) sra     s11, s5, a7
core   0: 3 0x80008f6c (0x411addb3) x27 0x80018cff
core   0: 0x80008f70 (0x41b85c13) srai    s8, a6, 27
core   0: 3 0x80008f70 (0x41b85c13) x24 0x00000000
core   0: 0x80008f74 (0x0396f333) remu    t1, a3, s9
core   0: 3 0x80008f74 (0x0396f333) x 6 0x0000000b
core   0: 0x80008f78 (0x4093d513) srai    a0, t2, 9
core   0: 3 0x80008f78 (0x4093d513) x10 0x00000c46
core   0: 0x80008f7c (0x01343c33) sltu    s8, s0, s3
core   0: 3 0x80008f7c (0x01343c33) x24 0x00000001
core   0: 0x80008f80 (0x030387b3) mul     a5, t2, a6
core   0: 3 0x80008f80 (0x030387b3) x15 0x00000000
core   0: 0x80008f84 (0x00a4cbb3) xor     s7, s1, a0
core   0: 3 0x80008f84 (0x00a4cbb3) x23 0x00000c46
core   0: 0x80008f88 (0x017aa033) slt     zero, s5, s7
core   0: 3 0x80008f88 (0x017aa033)
core   0: 0x80008f8c (0x4011d0b3) sra     ra, gp, ra
core   0: 3 0x80008f8c (0x4011d0b3) x 1 0x38000000
core   0: 0x80008f90 (0x008898b3) sll     a7, a7, s0
core   0: 3 0x80008f90 (0x008898b3) x17 0x56308000
core   0: 0x80008f94 (0x013e7cb3) and     s9, t3, s3
core   0: 3 0x80008f94 (0x013e7cb3) x25 0x00188213
core   0: 0x80008f98 (0xbcd48c13) addi    s8, s1, -1075
core   0: 3 0x80008f98 (0xbcd48c13) x24 0xfffffbcd
core   0: 0x80008f9c (0xf06f8417) auipc   s0, 0xf06f8
core   0: 3 0x80008f9c (0xf06f8417) x 8 0x70700f9c
core   0: 0x80008fa0 (0x03641c33) mulh    s8, s0, s6
core   0: 3 0x80008fa0 (0x03641c33) x24 0x2a2a5799
core   0: 0x80008fa4 (0xc95eff17) auipc   t5, 0xc95ef
core   0: 3 0x80008fa4 (0xc95eff17) x30 0x495f7fa4
core   0: 0x80008fa8 (0x0050c033) xor     zero, ra, t0
core   0: 3 0x80008fa8 (0x0050c033)
core   0: 0x80008fac (0x00dcf633) and     a2, s9, a3
core   0: 3 0x80008fac (0x00dcf633) x12 0x00000003
core   0: 0x80008fb0 (0x006b38b3) sltu    a7, s6, t1
core   0: 3 0x80008fb0 (0x006b38b3) x17 0x00000000
core   0: 0x80008fb4 (0x03244bb3) div     s7, s0, s2
core   0: 3 0x80008fb4 (0x03244bb3) x23 0x00000494
core   0: 0x80008fb8 (0x0060dd13) srli    s10, ra, 6
core   0: 3 0x80008fb8 (0x0060dd13) x26 0x00e00000
core   0: 0x80008fbc (0x034fc633) div     a2, t6, s4
core   0: 3 0x80008fbc (0x034fc633) x12 0x00000000
core   0: 0x80008fc0 (0x01d00ab3) add     s5, zero, t4
core   0: 3 0x80008fc0 (0x01d00ab3) x21 0xa93d5ef0
core   0: 0x80008fc4 (0x00cfd493) srli    s1, t6, 12
core   0: 3 0x80008fc4 (0x00cfd493) x 9 0x00000000
core   0: 0x80008fc8 (0x41b90fb3) sub     t6, s2, s11
core   0: 3 0x80008fc8 (0x41b90fb3) x31 0x8016ff41
core   0: 0x80008fcc (0x01af0433) add     s0, t5, s10
core   0: 3 0x80008fcc (0x01af0433) x 8 0x4a3f7fa4
core   0: 0x80008fd0 (0x007c2cb3) slt     s9, s8, t2
core   0: 3 0x80008fd0 (0x007c2cb3) x25 0x00000000
core   0: 0x80008fd4 (0xdcd9f193) andi    gp, s3, -563
core   0: 3 0x80008fd4 (0xdcd9f193) x 3 0x09be9001
core   0: 0x80008fd8 (0x006747b3) xor     a5, a4, t1
core   0: 3 0x80008fd8 (0x006747b3) x15 0x80018cef
core   0: 0x80008fdc (0x40f5dd13) srai    s10, a1, 15
core   0: 3 0x80008fdc (0x40f5dd13) x26 0x00000000
core   0: 0x80008fe0 (0x0225bd33) mulhu   s10, a1, sp
core   0: 3 0x80008fe0 (0x0225bd33) x26 0x00000000
core   0: 0x80008fe4 (0x02716cb3) rem     s9, sp, t2
core   0: 3 0x80008fe4 (0x02716cb3) x25 0xffec23e4
core   0: 0x80008fe8 (0x0130a633) slt     a2, ra, s3
core   0: 3 0x80008fe8 (0x0130a633) x12 0x00000000
core   0: 0x80008fec (0x01e59393) slli    t2, a1, 30
core   0: 3 0x80008fec (0x01e59393) x 7 0x00000000
core   0: 0x80008ff0 (0x000d2bb3) slt     s7, s10, zero
core   0: 3 0x80008ff0 (0x000d2bb3) x23 0x00000000
core   0: 0x80008ff4 (0x3ee43093) sltiu   ra, s0, 1006
core   0: 3 0x80008ff4 (0x3ee43093) x 1 0x00000000
core   0: 0x80008ff8 (0x37403e93) sltiu   t4, zero, 884
core   0: 3 0x80008ff8 (0x37403e93) x29 0x00000001
core   0: 0x80008ffc (0x9fd60893) addi    a7, a2, -1539
core   0: 3 0x80008ffc (0x9fd60893) x17 0xfffff9fd
core   0: 0x80009000 (0x02774e33) div     t3, a4, t2
core   0: 3 0x80009000 (0x02774e33) x28 0xffffffff
core   0: 0x80009004 (0x019efab3) and     s5, t4, s9
core   0: 3 0x80009004 (0x019efab3) x21 0x00000000
core   0: 0x80009008 (0x01eb4f33) xor     t5, s6, t5
core   0: 3 0x80009008 (0x01eb4f33) x30 0x295fc584
core   0: 0x8000900c (0xe6b84613) xori    a2, a6, -405
core   0: 3 0x8000900c (0xe6b84613) x12 0xfffffe6b
core   0: 0x80009010 (0x00731033) sll     zero, t1, t2
core   0: 3 0x80009010 (0x00731033)
core   0: 0x80009014 (0x024af233) remu    tp, s5, tp
core   0: 3 0x80009014 (0x024af233) x 4 0x00000000
core   0: 0x80009018 (0xf2e3b793) sltiu   a5, t2, -210
core   0: 3 0x80009018 (0xf2e3b793) x15 0x00000001
core   0: 0x8000901c (0x0387dd33) divu    s10, a5, s8
core   0: 3 0x8000901c (0x0387dd33) x26 0x00000000
core   0: 0x80009020 (0x024b27b3) mulhsu  a5, s6, tp
core   0: 3 0x80009020 (0x024b27b3) x15 0x00000000
core   0: 0x80009024 (0x02c591b3) mulh    gp, a1, a2
core   0: 3 0x80009024 (0x02c591b3) x 3 0x00000000
core   0: 0x80009028 (0x00914f33) xor     t5, sp, s1
core   0: 3 0x80009028 (0x00914f33) x30 0x80014e64
core   0: 0x8000902c (0x019acab3) xor     s5, s5, s9
core   0: 3 0x8000902c (0x019acab3) x21 0xffec23e4
core   0: 0x80009030 (0x0f363513) sltiu   a0, a2, 243
core   0: 3 0x80009030 (0x0f363513) x10 0x00000000
core   0: 0x80009034 (0x02bdf033) remu    zero, s11, a1
core   0: 3 0x80009034 (0x02bdf033)
core   0: 0x80009038 (0x00c81393) slli    t2, a6, 12
core   0: 3 0x80009038 (0x00c81393) x 7 0x00000000
core   0: 0x8000903c (0x03d0b333) mulhu   t1, ra, t4
core   0: 3 0x8000903c (0x03d0b333) x 6 0x00000000
core   0: 0x80009040 (0xcb870393) addi    t2, a4, -840
core   0: 3 0x80009040 (0xcb870393) x 7 0x8001899c
core   0: 0x80009044 (0x015a80b3) add     ra, s5, s5
core   0: 3 0x80009044 (0x015a80b3) x 1 0xffd847c8
core   0: 0x80009048 (0x0125cd33) xor     s10, a1, s2
core   0: 3 0x80009048 (0x0125cd33) x26 0x00188c40
core   0: 0x8000904c (0x01f49533) sll     a0, s1, t6
core   0: 3 0x8000904c (0x01f49533) x10 0x00000000
core   0: 0x80009050 (0x8f002893) slti    a7, zero, -1808
core   0: 3 0x80009050 (0x8f002893) x17 0x00000000
core   0: 0x80009054 (0x013785b3) add     a1, a5, s3
core   0: 3 0x80009054 (0x013785b3) x11 0x09be9213
core   0: 0x80009058 (0x83804893) xori    a7, zero, -1992
core   0: 3 0x80009058 (0x83804893) x17 0xfffff838
core   0: 0x8000905c (0x015731b3) sltu    gp, a4, s5
core   0: 3 0x8000905c (0x015731b3) x 3 0x00000001
core   0: 0x80009060 (0x8af26993) ori     s3, tp, -1873
core   0: 3 0x80009060 (0x8af26993) x19 0xfffff8af
core   0: 0x80009064 (0x00090c33) add     s8, s2, zero
core   0: 3 0x80009064 (0x00090c33) x24 0x00188c40
core   0: 0x80009068 (0xe53b6217) auipc   tp, 0xe53b6
core   0: 3 0x80009068 (0xe53b6217) x 4 0x653bf068
core   0: 0x8000906c (0x00000013) nop
core   0: 3 0x8000906c (0x00000013)
core   0: 0x80009070 (0x009fef33) or      t5, t6, s1
core   0: 3 0x80009070 (0x009fef33) x30 0x8016ff41
core   0: 0x80009074 (0x8cca4313) xori    t1, s4, -1844
core   0: 3 0x80009074 (0x8cca4313) x 6 0xffffc2e8
core   0: 0x80009078 (0x02e75233) divu    tp, a4, a4
core   0: 3 0x80009078 (0x02e75233) x 4 0x00000001
core   0: 0x8000907c (0x2ee7a013) slti    zero, a5, 750
core   0: 3 0x8000907c (0x2ee7a013)
core   0: 0x80009080 (0x021407b3) mul     a5, s0, ra
core   0: 3 0x80009080 (0x021407b3) x15 0xac623420
core   0: 0x80009084 (0x006bb7b3) sltu    a5, s7, t1
core   0: 3 0x80009084 (0x006bb7b3) x15 0x00000001
core   0: 0x80009088 (0x409b09b3) sub     s3, s6, s1
core   0: 3 0x80009088 (0x409b09b3) x19 0x6000ba20
core   0: 0x8000908c (0x038dfd33) remu    s10, s11, s8
core   0: 3 0x8000908c (0x038dfd33) x26 0x0016b77f
core   0: 0x80009090 (0x79a2b513) sltiu   a0, t0, 1946
core   0: 3 0x80009090 (0x79a2b513) x10 0x00000000
core   0: 0x80009094 (0x92c4ac93) slti    s9, s1, -1748
core   0: 3 0x80009094 (0x92c4ac93) x25 0x00000000
core   0: 0x80009098 (0xf9fa4097) auipc   ra, 0xf9fa4
core   0: 3 0x80009098 (0xf9fa4097) x 1 0x79fad098
core   0: 0x8000909c (0x01c52533) slt     a0, a0, t3
core   0: 3 0x8000909c (0x01c52533) x10 0x00000000
core   0: 0x800090a0 (0x01ff8433) add     s0, t6, t6
core   0: 3 0x800090a0 (0x01ff8433) x 8 0x002dfe82
core   0: 0x800090a4 (0x00129913) slli    s2, t0, 1
core   0: 3 0x800090a4 (0x00129913) x18 0xec82da58
core   0: 0x800090a8 (0xcf65b193) sltiu   gp, a1, -778
core   0: 3 0x800090a8 (0xcf65b193) x 3 0x00000001
core   0: 0x800090ac (0xa13aab17) auipc   s6, 0xa13aa
core   0: 3 0x800090ac (0xa13aab17) x22 0x213b30ac
core   0: 0x800090b0 (0x00000013) nop
core   0: 3 0x800090b0 (0x00000013)
core   0: 0x800090b4 (0x01925b93) srli    s7, tp, 25
core   0: 3 0x800090b4 (0x01925b93) x23 0x00000000
core   0: 0x800090b8 (0x73c98a13) addi    s4, s3, 1852
core   0: 3 0x800090b8 (0x73c98a13) x20 0x6000c15c
core   0: 0x800090bc (0x00db0533) add     a0, s6, a3
core   0: 3 0x800090bc (0x00db0533) x10 0x213b30b7
core   0: 0x800090c0 (0x55c071b7) lui     gp, 0x55c07
core   0: 3 0x800090c0 (0x55c071b7) x 3 0x55c07000
core   0: 0x800090c4 (0x01374533) xor     a0, a4, s3
core   0: 3 0x800090c4 (0x01374533) x10 0xe00136c4
core   0: 0x800090c8 (0x02eef433) remu    s0, t4, a4
core   0: 3 0x800090c8 (0x02eef433) x 8 0x00000001
core   0: 0x800090cc (0x03299cb3) mulh    s9, s3, s2
core   0: 3 0x800090cc (0x03299cb3) x25 0xf8b103b5
core   0: 0x800090d0 (0x6c207493) andi    s1, zero, 1730
core   0: 3 0x800090d0 (0x6c207493) x 9 0x00000000
core   0: 0x800090d4 (0x03fca633) mulhsu  a2, s9, t6
core   0: 3 0x800090d4 (0x03fca633) x12 0xfc57d9c7
core   0: 0x800090d8 (0x026b1033) mulh    zero, s6, t1
core   0: 3 0x800090d8 (0x026b1033)
core   0: 0x800090dc (0x4167dd33) sra     s10, a5, s6
core   0: 3 0x800090dc (0x4167dd33) x26 0x00000000
core   0: 0x800090e0 (0x615d1fb7) lui     t6, 0x615d1
core   0: 3 0x800090e0 (0x615d1fb7) x31 0x615d1000
core   0: 0x800090e4 (0x004ef5b3) and     a1, t4, tp
core   0: 3 0x800090e4 (0x004ef5b3) x11 0x00000001
core   0: 0x800090e8 (0x3a292d17) auipc   s10, 0x3a292
core   0: 3 0x800090e8 (0x3a292d17) x26 0xba29b0e8
core   0: 0x800090ec (0x41dc5e93) srai    t4, s8, 29
core   0: 3 0x800090ec (0x41dc5e93) x29 0x00000000
core   0: 0x800090f0 (0x018c03b3) add     t2, s8, s8
core   0: 3 0x800090f0 (0x018c03b3) x 7 0x00311880
core   0: 0x800090f4 (0x71aae513) ori     a0, s5, 1818
core   0: 3 0x800090f4 (0x71aae513) x10 0xffec27fe
core   0: 0x800090f8 (0x02c2ad33) mulhsu  s10, t0, a2
core   0: 3 0x800090f8 (0x02c2ad33) x26 0xf6650f69
core   0: 0x800090fc (0x9b242eb7) lui     t4, 0x9b242
core   0: 3 0x800090fc (0x9b242eb7) x29 0x9b242000
core   0: 0x80009100 (0x0311f3b3) remu    t2, gp, a7
core   0: 3 0x80009100 (0x0311f3b3) x 7 0x55c07000
core   0: 0x80009104 (0x3bbfca97) auipc   s5, 0x3bbfc
core   0: 3 0x80009104 (0x3bbfca97) x21 0xbbc05104
core   0: 0x80009108 (0x3ec14613) xori    a2, sp, 1004
core   0: 3 0x80009108 (0x3ec14613) x12 0x80014d88
core   0: 0x8000910c (0x405ed513) srai    a0, t4, 5
core   0: 3 0x8000910c (0x405ed513) x10 0xfcd92100
core   0: 0x80009110 (0x03f04a33) div     s4, zero, t6
core   0: 3 0x80009110 (0x03f04a33) x20 0x00000000
core   0: 0x80009114 (0x026b95b3) mulh    a1, s7, t1
core   0: 3 0x80009114 (0x026b95b3) x11 0x00000000
core   0: 0x80009118 (0xd51b6d13) ori     s10, s6, -687
core   0: 3 0x80009118 (0xd51b6d13) x26 0xfffffdfd
core   0: 0x8000911c (0x41b7d893) srai    a7, a5, 27
core   0: 3 0x8000911c (0x41b7d893) x17 0x00000000
core   0: 0x80009120 (0x0c442f93) slti    t6, s0, 196
core   0: 3 0x80009120 (0x0c442f93) x31 0x00000001
core   0: 0x80009124 (0x0017d893) srli    a7, a5, 1
core   0: 3 0x80009124 (0x0017d893) x17 0x00000000
core   0: 0x80009128 (0x021dcbb3) div     s7, s11, ra
core   0: 3 0x80009128 (0x021dcbb3) x23 0xffffffff
core   0: 0x8000912c (0x04dabd93) sltiu   s11, s5, 77
core   0: 3 0x8000912c (0x04dabd93) x27 0x00000000
core   0: 0x80009130 (0x00a15233) srl     tp, sp, a0
core   0: 3 0x80009130 (0x00a15233) x 4 0x80014e64
core   0: 0x80009134 (0x8335c593) xori    a1, a1, -1997
core   0: 3 0x80009134 (0x8335c593) x11 0xfffff833
core   0: 0x80009138 (0x01b866b3) or      a3, a6, s11
core   0: 3 0x80009138 (0x01b866b3) x13 0x00000000
core   0: 0x8000913c (0x028bb7b3) mulhu   a5, s7, s0
core   0: 3 0x8000913c (0x028bb7b3) x15 0x00000000
core   0: 0x80009140 (0xaaa5fe13) andi    t3, a1, -1366
core   0: 3 0x80009140 (0xaaa5fe13) x28 0xfffff822
core   0: 0x80009144 (0x01465193) srli    gp, a2, 20
core   0: 3 0x80009144 (0x01465193) x 3 0x00000800
core   0: 0x80009148 (0x97243a93) sltiu   s5, s0, -1678
core   0: 3 0x80009148 (0x97243a93) x21 0x00000001
core   0: 0x8000914c (0x4018d8b3) sra     a7, a7, ra
core   0: 3 0x8000914c (0x4018d8b3) x17 0x00000000
core   0: 0x80009150 (0xae6c7337) lui     t1, 0xae6c7
core   0: 3 0x80009150 (0xae6c7337) x 6 0xae6c7000
core   0: 0x80009154 (0x01b681b3) add     gp, a3, s11
core   0: 3 0x80009154 (0x01b681b3) x 3 0x00000000
core   0: 0x80009158 (0x99e96a93) ori     s5, s2, -1634
core   0: 3 0x80009158 (0x99e96a93) x21 0xfffffbde
core   0: 0x8000915c (0x01fe0533) add     a0, t3, t6
core   0: 3 0x8000915c (0x01fe0533) x10 0xfffff823
core   0: 0x80009160 (0x03abc533) div     a0, s7, s10
core   0: 3 0x80009160 (0x03abc533) x10 0x00000000
core   0: 0x80009164 (0x027d6e33) rem     t3, s10, t2
core   0: 3 0x80009164 (0x027d6e33) x28 0xfffffdfd
core   0: 0x80009168 (0x02ab3433) mulhu   s0, s6, a0
core   0: 3 0x80009168 (0x02ab3433) x 8 0x00000000
core   0: 0x8000916c (0x03ed81b3) mul     gp, s11, t5
core   0: 3 0x8000916c (0x03ed81b3) x 3 0x00000000
core   0: 0x80009170 (0x02c78933) mul     s2, a5, a2
core   0: 3 0x80009170 (0x02c78933) x18 0x00000000
core   0: 0x80009174 (0x03c51533) mulh    a0, a0, t3
core   0: 3 0x80009174 (0x03c51533) x10 0x00000000
core   0: 0x80009178 (0x0132c6b3) xor     a3, t0, s3
core   0: 3 0x80009178 (0x0132c6b3) x13 0x9641d70c
core   0: 0x8000917c (0x00904bb3) xor     s7, zero, s1
core   0: 3 0x8000917c (0x00904bb3) x23 0x00000000
core   0: 0x80009180 (0x025e7f33) remu    t5, t3, t0
core   0: 3 0x80009180 (0x025e7f33) x30 0x09be90d1
core   0: 0x80009184 (0xd3c01c97) auipc   s9, 0xd3c01
core   0: 3 0x80009184 (0xd3c01c97) x25 0x53c0a184
core   0: 0x80009188 (0x02a8c4b3) div     s1, a7, a0
core   0: 3 0x80009188 (0x02a8c4b3) x 9 0xffffffff
core   0: 0x8000918c (0x00299213) slli    tp, s3, 2
core   0: 3 0x8000918c (0x00299213) x 4 0x8002e880
core   0: 0x80009190 (0x02975833) divu    a6, a4, s1
core   0: 3 0x80009190 (0x02975833) x16 0x00000000
core   0: 0x80009194 (0x2b930b17) auipc   s6, 0x2b930
core   0: 3 0x80009194 (0x2b930b17) x22 0xab939194
core   0: 0x80009198 (0x600f69b7) lui     s3, 0x600f6
core   0: 3 0x80009198 (0x600f69b7) x19 0x600f6000
core   0: 0x8000919c (0x9ea4cb93) xori    s7, s1, -1558
core   0: 3 0x8000919c (0x9ea4cb93) x23 0x00000615
core   0: 0x800091a0 (0x03216333) rem     t1, sp, s2
core   0: 3 0x800091a0 (0x03216333) x 6 0x80014e64
core   0: 0x800091a4 (0x41670633) sub     a2, a4, s6
core   0: 3 0x800091a4 (0x41670633) x12 0xd46dfb50
core   0: 0x800091a8 (0x40325d13) srai    s10, tp, 3
core   0: 3 0x800091a8 (0x40325d13) x26 0xf0005d10
core   0: 0x800091ac (0x01e0afb3) slt     t6, ra, t5
core   0: 3 0x800091ac (0x01e0afb3) x31 0x00000000
core   0: 0x800091b0 (0x01123333) sltu    t1, tp, a7
core   0: 3 0x800091b0 (0x01123333) x 6 0x00000000
core   0: 0x800091b4 (0x03721833) mulh    a6, tp, s7
core   0: 3 0x800091b4 (0x03721833) x16 0xfffffcf5
core   0: 0x800091b8 (0x00b4d533) srl     a0, s1, a1
core   0: 3 0x800091b8 (0x00b4d533) x10 0x00001fff
core   0: 0x800091bc (0x2f7a8e93) addi    t4, s5, 759
core   0: 3 0x800091bc (0x2f7a8e93) x29 0xfffffed5
core   0: 0x800091c0 (0x010a1db3) sll     s11, s4, a6
core   0: 3 0x800091c0 (0x010a1db3) x27 0x00000000
core   0: 0x800091c4 (0xf7b42813) slti    a6, s0, -133
core   0: 3 0x800091c4 (0xf7b42813) x16 0x00000000
core   0: 0x800091c8 (0x0389b233) mulhu   tp, s3, s8
core   0: 3 0x800091c8 (0x0389b233) x 4 0x00093611
core   0: 0x800091cc (0x035aa933) mulhsu  s2, s5, s5
core   0: 3 0x800091cc (0x035aa933) x18 0xfffffbde
core   0: 0x800091d0 (0x01ac3db3) sltu    s11, s8, s10
core   0: 3 0x800091d0 (0x01ac3db3) x27 0x00000001
core   0: 0x800091d4 (0x00865533) srl     a0, a2, s0
core   0: 3 0x800091d4 (0x00865533) x10 0xd46dfb50
core   0: 0x800091d8 (0x02695b33) divu    s6, s2, t1
core   0: 3 0x800091d8 (0x02695b33) x22 0xffffffff
core   0: 0x800091dc (0x00000013) nop
core   0: 3 0x800091dc (0x00000013)
core   0: 0x800091e0 (0x1a60cc13) xori    s8, ra, 422
core   0: 3 0x800091e0 (0x1a60cc13) x24 0x79fad13e
core   0: 0x800091e4 (0x002486b3) add     a3, s1, sp
core   0: 3 0x800091e4 (0x002486b3) x13 0x80014e63
core   0: 0x800091e8 (0x03ef2ab3) mulhsu  s5, t5, t5
core   0: 3 0x800091e8 (0x03ef2ab3) x21 0x005ef409
core   0: 0x800091ec (0x00cac1b3) xor     gp, s5, a2
core   0: 3 0x800091ec (0x00cac1b3) x 3 0xd4330f59
core   0: 0x800091f0 (0x01094533) xor     a0, s2, a6
core   0: 3 0x800091f0 (0x01094533) x10 0xfffffbde
core   0: 0x800091f4 (0x0059d0b3) srl     ra, s3, t0
core   0: 3 0x800091f4 (0x0059d0b3) x 1 0x000600f6
core   0: 0x800091f8 (0x02758cb3) mul     s9, a1, t2
core   0: 3 0x800091f8 (0x02758cb3) x25 0x11d65000
core   0: 0x800091fc (0x00b25e13) srli    t3, tp, 11
core   0: 3 0x800091fc (0x00b25e13) x28 0x00000126
core   0: 0x80009200 (0xf2466993) ori     s3, a2, -220
core   0: 3 0x80009200 (0xf2466993) x19 0xffffff74
core   0: 0x80009204 (0x4d6b0513) addi    a0, s6, 1238
core   0: 3 0x80009204 (0x4d6b0513) x10 0x000004d5
core   0: 0x80009208 (0xd1c6f513) andi    a0, a3, -740
core   0: 3 0x80009208 (0xd1c6f513) x10 0x80014c00
core   0: 0x8000920c (0xa87cf917) auipc   s2, 0xa87cf
core   0: 3 0x8000920c (0xa87cf917) x18 0x287d820c
core   0: 0x80009210 (0x025a6f33) rem     t5, s4, t0
core   0: 3 0x80009210 (0x025a6f33) x30 0x00000000
core   0: 0x80009214 (0x0338e4b3) rem     s1, a7, s3
core   0: 3 0x80009214 (0x0338e4b3) x 9 0x00000000
core   0: 0x80009218 (0x00079193) slli    gp, a5, 0
core   0: 3 0x80009218 (0x00079193) x 3 0x00000000
core   0: 0x8000921c (0x03100933) mul     s2, zero, a7
core   0: 3 0x8000921c (0x03100933) x18 0x00000000
core   0: 0x80009220 (0x008191b3) sll     gp, gp, s0
core   0: 3 0x80009220 (0x008191b3) x 3 0x00000000
core   0: 0x80009224 (0x9e890693) addi    a3, s2, -1560
core   0: 3 0x80009224 (0x9e890693) x13 0xfffff9e8
core   0: 0x80009228 (0x03f5da33) divu    s4, a1, t6
core   0: 3 0x80009228 (0x03f5da33) x20 0xffffffff
core   0: 0x8000922c (0x00000013) nop
core   0: 3 0x8000922c (0x00000013)
core   0: 0x80009230 (0x4067d913) srai    s2, a5, 6
core   0: 3 0x80009230 (0x4067d913) x18 0x00000000
core   0: 0x80009234 (0x02fa2333) mulhsu  t1, s4, a5
core   0: 3 0x80009234 (0x02fa2333) x 6 0x00000000
core   0: 0x80009238 (0x407c59b3) sra     s3, s8, t2
core   0: 3 0x80009238 (0x407c59b3) x19 0x79fad13e
core   0: 0x8000923c (0x5cfe8f93) addi    t6, t4, 1487
core   0: 3 0x8000923c (0x5cfe8f93) x31 0x000004a4
core   0: 0x80009240 (0x4094d213) srai    tp, s1, 9
core   0: 3 0x80009240 (0x4094d213) x 4 0x00000000
core   0: 0x80009244 (0x401b5c33) sra     s8, s6, ra
core   0: 3 0x80009244 (0x401b5c33) x24 0xffffffff
core   0: 0x80009248 (0x40c45a93) srai    s5, s0, 12
core   0: 3 0x80009248 (0x40c45a93) x21 0x00000000
core   0: 0x8000924c (0x98fc8213) addi    tp, s9, -1649
core   0: 3 0x8000924c (0x98fc8213) x 4 0x11d6498f
core   0: 0x80009250 (0x4070dd93) srai    s11, ra, 7
core   0: 3 0x80009250 (0x4070dd93) x27 0x00000c01
core   0: 0x80009254 (0x0d31fa93) andi    s5, gp, 211
core   0: 3 0x80009254 (0x0d31fa93) x21 0x00000000
core   0: 0x80009258 (0x00000013) nop
core   0: 3 0x80009258 (0x00000013)
core   0: 0x8000925c (0x40dc0633) sub     a2, s8, a3
core   0: 3 0x8000925c (0x40dc0633) x12 0x00000617
core   0: 0x80009260 (0xe3885217) auipc   tp, 0xe3885
core   0: 3 0x80009260 (0xe3885217) x 4 0x6388e260
core   0: 0x80009264 (0x02e1b633) mulhu   a2, gp, a4
core   0: 3 0x80009264 (0x02e1b633) x12 0x00000000
core   0: 0x80009268 (0xb63e8d13) addi    s10, t4, -1181
core   0: 3 0x80009268 (0xb63e8d13) x26 0xfffffa38
core   0: 0x8000926c (0x40950933) sub     s2, a0, s1
core   0: 3 0x8000926c (0x40950933) x18 0x80014c00
core   0: 0x80009270 (0x00000013) nop
core   0: 3 0x80009270 (0x00000013)
core   0: 0x80009274 (0x02500ab3) mul     s5, zero, t0
core   0: 3 0x80009274 (0x02500ab3) x21 0x00000000
core   0: 0x80009278 (0x1ab9f613) andi    a2, s3, 427
core   0: 3 0x80009278 (0x1ab9f613) x12 0x0000012a
core   0: 0x8000927c (0x007151b3) srl     gp, sp, t2
core   0: 3 0x8000927c (0x007151b3) x 3 0x80014e64
core   0: 0x80009280 (0x02c204b3) mul     s1, tp, a2
core   0: 3 0x80009280 (0x02c204b3) x 9 0xdd5783c0
core   0: 0x80009284 (0x03f375b3) remu    a1, t1, t6
core   0: 3 0x80009284 (0x03f375b3) x11 0x00000000
core   0: 0x80009288 (0x038f9b33) mulh    s6, t6, s8
core   0: 3 0x80009288 (0x038f9b33) x22 0xffffffff
core   0: 0x8000928c (0x016797b3) sll     a5, a5, s6
core   0: 3 0x8000928c (0x016797b3) x15 0x00000000
core   0: 0x80009290 (0x41715913) srai    s2, sp, 23
core   0: 3 0x80009290 (0x41715913) x18 0xffffff00
core   0: 0x80009294 (0x00447433) and     s0, s0, tp
core   0: 3 0x80009294 (0x00447433) x 8 0x00000000
core   0: 0x80009298 (0x03e64a33) div     s4, a2, t5
core   0: 3 0x80009298 (0x03e64a33) x20 0xffffffff
core   0: 0x8000929c (0x00e8ae33) slt     t3, a7, a4
core   0: 3 0x8000929c (0x00e8ae33) x28 0x00000000
core   0: 0x800092a0 (0x2d6683b7) lui     t2, 0x2d668
core   0: 3 0x800092a0 (0x2d6683b7) x 7 0x2d668000
core   0: 0x800092a4 (0x01174b33) xor     s6, a4, a7
core   0: 3 0x800092a4 (0x01174b33) x22 0x80018ce4
core   0: 0x800092a8 (0xda4ae813) ori     a6, s5, -604
core   0: 3 0x800092a8 (0xda4ae813) x16 0xfffffda4
core   0: 0x800092ac (0x00a50033) add     zero, a0, a0
core   0: 3 0x800092ac (0x00a50033)
core   0: 0x800092b0 (0xa2578697) auipc   a3, 0xa2578
core   0: 3 0x800092b0 (0xa2578697) x13 0x225812b0
core   0: 0x800092b4 (0xdadcaf13) slti    t5, s9, -595
core   0: 3 0x800092b4 (0xdadcaf13) x30 0x00000000
core   0: 0x800092b8 (0xb599ba93) sltiu   s5, s3, -1191
core   0: 3 0x800092b8 (0xb599ba93) x21 0x00000001
core   0: 0x800092bc (0x016fa533) slt     a0, t6, s6
core   0: 3 0x800092bc (0x016fa533) x10 0x00000000
core   0: 0x800092c0 (0x0036ef33) or      t5, a3, gp
core   0: 3 0x800092c0 (0x0036ef33) x30 0xa2595ef4
core   0: 0x800092c4 (0x403b8933) sub     s2, s7, gp
core   0: 3 0x800092c4 (0x403b8933) x18 0x7ffeb7b1
core   0: 0x800092c8 (0x02500db3) mul     s11, zero, t0
core   0: 3 0x800092c8 (0x02500db3) x27 0x00000000
core   0: 0x800092cc (0x008bd813) srli    a6, s7, 8
core   0: 3 0x800092cc (0x008bd813) x16 0x00000006
core   0: 0x800092d0 (0x2e792d17) auipc   s10, 0x2e792
core   0: 3 0x800092d0 (0x2e792d17) x26 0xae79b2d0
core   0: 0x800092d4 (0x03d48033) mul     zero, s1, t4
core   0: 3 0x800092d4 (0x03d48033)
core   0: 0x800092d8 (0x00000013) nop
core   0: 3 0x800092d8 (0x00000013)
core   0: 0x800092dc (0x01989393) slli    t2, a7, 25
core   0: 3 0x800092dc (0x01989393) x 7 0x00000000
core   0: 0x800092e0 (0x03b31fb3) mulh    t6, t1, s11
core   0: 3 0x800092e0 (0x03b31fb3) x31 0x00000000
core   0: 0x800092e4 (0x007e99b3) sll     s3, t4, t2
core   0: 3 0x800092e4 (0x007e99b3) x19 0xfffffed5
core   0: 0x800092e8 (0x003625b3) slt     a1, a2, gp
core   0: 3 0x800092e8 (0x003625b3) x11 0x00000000
core   0: 0x800092ec (0x006d3c33) sltu    s8, s10, t1
core   0: 3 0x800092ec (0x006d3c33) x24 0x00000000
core   0: 0x800092f0 (0x01a3e3b3) or      t2, t2, s10
core   0: 3 0x800092f0 (0x01a3e3b3) x 7 0xae79b2d0
core   0: 0x800092f4 (0x00000013) nop
core   0: 3 0x800092f4 (0x00000013)
core   0: 0x800092f8 (0x033fe033) rem     zero, t6, s3
core   0: 3 0x800092f8 (0x033fe033)
core   0: 0x800092fc (0xb75d4f97) auipc   t6, 0xb75d4
core   0: 3 0x800092fc (0xb75d4f97) x31 0x375dd2fc
core   0: 0x80009300 (0x463cea17) auipc   s4, 0x463ce
core   0: 3 0x80009300 (0x463cea17) x20 0xc63d7300
core   0: 0x80009304 (0xc21ef513) andi    a0, t4, -991
core   0: 3 0x80009304 (0xc21ef513) x10 0xfffffc01
core   0: 0x80009308 (0x02195eb3) divu    t4, s2, ra
core   0: 3 0x80009308 (0x02195eb3) x29 0x00001551
core   0: 0x8000930c (0x01329693) slli    a3, t0, 19
core   0: 3 0x8000930c (0x01329693) x13 0x69600000
core   0: 0x80009310 (0x008e5613) srli    a2, t3, 8
core   0: 3 0x80009310 (0x008e5613) x12 0x00000000
core   0: 0x80009314 (0x01cb9013) slli    zero, s7, 28
core   0: 3 0x80009314 (0x01cb9013)
core   0: 0x80009318 (0x028e78b3) remu    a7, t3, s0
core   0: 3 0x80009318 (0x028e78b3) x17 0x00000000
core   0: 0x8000931c (0x1f7d4793) xori    a5, s10, 503
core   0: 3 0x8000931c (0x1f7d4793) x15 0xae79b327
core   0: 0x80009320 (0xfbf02693) slti    a3, zero, -65
core   0: 3 0x80009320 (0xfbf02693) x13 0x00000000
core   0: 0x80009324 (0x00fa4eb3) xor     t4, s4, a5
core   0: 3 0x80009324 (0x00fa4eb3) x29 0x6844c027
core   0: 0x80009328 (0x01cd0f33) add     t5, s10, t3
core   0: 3 0x80009328 (0x01cd0f33) x30 0xae79b2d0
core   0: 0x8000932c (0x038e67b3) rem     a5, t3, s8
core   0: 3 0x8000932c (0x038e67b3) x15 0x00000000
core   0: 0x80009330 (0x02f4f233) remu    tp, s1, a5
core   0: 3 0x80009330 (0x02f4f233) x 4 0xdd5783c0
core   0: 0x80009334 (0x00fe39b3) sltu    s3, t3, a5
core   0: 3 0x80009334 (0x00fe39b3) x19 0x00000000
core   0: 0x80009338 (0x035c2db3) mulhsu  s11, s8, s5
core   0: 3 0x80009338 (0x035c2db3) x27 0x00000000
core   0: 0x8000933c (0x0021d8b3) srl     a7, gp, sp
core   0: 3 0x8000933c (0x0021d8b3) x17 0x080014e6
core   0: 0x80009340 (0xa095e413) ori     s0, a1, -1527
core   0: 3 0x80009340 (0xa095e413) x 8 0xfffffa09
core   0: 0x80009344 (0x0335c3b3) div     t2, a1, s3
core   0: 3 0x80009344 (0x0335c3b3) x 7 0xffffffff
core   0: 0x80009348 (0x41d90233) sub     tp, s2, t4
core   0: 3 0x80009348 (0x41d90233) x 4 0x17b9f78a
core   0: 0x8000934c (0x00f51b93) slli    s7, a0, 15
core   0: 3 0x8000934c (0x00f51b93) x23 0xfe008000
core   0: 0x80009350 (0x031adf33) divu    t5, s5, a7
core   0: 3 0x80009350 (0x031adf33) x30 0x00000000
core   0: 0x80009354 (0x00917033) and     zero, sp, s1
core   0: 3 0x80009354 (0x00917033)
core   0: 0x80009358 (0x00bd2db3) slt     s11, s10, a1
core   0: 3 0x80009358 (0x00bd2db3) x27 0x00000001
core   0: 0x8000935c (0x020a90b3) mulh    ra, s5, zero
core   0: 3 0x8000935c (0x020a90b3) x 1 0x00000000
core   0: 0x80009360 (0x005e8433) add     s0, t4, t0
core   0: 3 0x80009360 (0x005e8433) x 8 0x5e862d53
core   0: 0x80009364 (0x419dd833) sra     a6, s11, s9
core   0: 3 0x80009364 (0x419dd833) x16 0x00000001
core   0: 0x80009368 (0x4f483f93) sltiu   t6, a6, 1268
core   0: 3 0x80009368 (0x4f483f93) x31 0x00000001
core   0: 0x8000936c (0xeb337993) andi    s3, t1, -333
core   0: 3 0x8000936c (0xeb337993) x19 0x00000000
core   0: 0x80009370 (0x003667b3) or      a5, a2, gp
core   0: 3 0x80009370 (0x003667b3) x15 0x80014e64
core   0: 0x80009374 (0x005b63b3) or      t2, s6, t0
core   0: 3 0x80009374 (0x005b63b3) x 7 0xf641edec
core   0: 0x80009378 (0x0810a213) slti    tp, ra, 129
core   0: 3 0x80009378 (0x0810a213) x 4 0x00000001
core   0: 0x8000937c (0x018cefb3) or      t6, s9, s8
core   0: 3 0x8000937c (0x018cefb3) x31 0x11d65000
core   0: 0x80009380 (0x01e19913) slli    s2, gp, 30
core   0: 3 0x80009380 (0x01e19913) x18 0x00000000
core   0: 0x80009384 (0x54bab813) sltiu   a6, s5, 1355
core   0: 3 0x80009384 (0x54bab813) x16 0x00000001
core   0: 0x80009388 (0x01b55a33) srl     s4, a0, s11
core   0: 3 0x80009388 (0x01b55a33) x20 0x7ffffe00
core   0: 0x8000938c (0x007beeb3) or      t4, s7, t2
core   0: 3 0x8000938c (0x007beeb3) x29 0xfe41edec
core   0: 0x80009390 (0x02cd4ab3) div     s5, s10, a2
core   0: 3 0x80009390 (0x02cd4ab3) x21 0xffffffff
core   0: 0x80009394 (0x412a0db3) sub     s11, s4, s2
core   0: 3 0x80009394 (0x412a0db3) x27 0x7ffffe00
core   0: 0x80009398 (0x024a2833) mulhsu  a6, s4, tp
core   0: 3 0x80009398 (0x024a2833) x16 0x00000000
core   0: 0x8000939c (0x01935813) srli    a6, t1, 25
core   0: 3 0x8000939c (0x01935813) x16 0x00000000
core   0: 0x800093a0 (0xad346693) ori     a3, s0, -1325
core   0: 3 0x800093a0 (0xad346693) x13 0xffffffd3
core   0: 0x800093a4 (0xb8402d13) slti    s10, zero, -1148
core   0: 3 0x800093a4 (0xb8402d13) x26 0x00000000
core   0: 0x800093a8 (0x02469233) mulh    tp, a3, tp
core   0: 3 0x800093a8 (0x02469233) x 4 0xffffffff
core   0: 0x800093ac (0x0041a3b3) slt     t2, gp, tp
core   0: 3 0x800093ac (0x0041a3b3) x 7 0x00000001
core   0: 0x800093b0 (0x0291d933) divu    s2, gp, s1
core   0: 3 0x800093b0 (0x0291d933) x18 0x00000000
core   0: 0x800093b4 (0x01bd9eb3) sll     t4, s11, s11
core   0: 3 0x800093b4 (0x01bd9eb3) x29 0x7ffffe00
core   0: 0x800093b8 (0xf307c5b7) lui     a1, 0xf307c
core   0: 3 0x800093b8 (0xf307c5b7) x11 0xf307c000
core   0: 0x800093bc (0x41900eb3) sub     t4, zero, s9
core   0: 3 0x800093bc (0x41900eb3) x29 0xee29b000
core   0: 0x800093c0 (0xd330ed13) ori     s10, ra, -717
core   0: 3 0x800093c0 (0xd330ed13) x26 0xfffffd33
core   0: 0x800093c4 (0x40225233) sra     tp, tp, sp
core   0: 3 0x800093c4 (0x40225233) x 4 0xffffffff
core   0: 0x800093c8 (0x005d8b33) add     s6, s11, t0
core   0: 3 0x800093c8 (0x005d8b33) x22 0x76416b2c
core   0: 0x800093cc (0x00000013) nop
core   0: 3 0x800093cc (0x00000013)
core   0: 0x800093d0 (0xa312b393) sltiu   t2, t0, -1487
core   0: 3 0x800093d0 (0xa312b393) x 7 0x00000001
core   0: 0x800093d4 (0x013fa6b3) slt     a3, t6, s3
core   0: 3 0x800093d4 (0x013fa6b3) x13 0x00000000
core   0: 0x800093d8 (0x50913693) sltiu   a3, sp, 1289
core   0: 3 0x800093d8 (0x50913693) x13 0x00000000
core   0: 0x800093dc (0x03c5f8b3) remu    a7, a1, t3
core   0: 3 0x800093dc (0x03c5f8b3) x17 0xf307c000
core   0: 0x800093e0 (0x014dafb3) slt     t6, s11, s4
core   0: 3 0x800093e0 (0x014dafb3) x31 0x00000000
core   0: 0x800093e4 (0x03bf09b3) mul     s3, t5, s11
core   0: 3 0x800093e4 (0x03bf09b3) x19 0x00000000
core   0: 0x800093e8 (0x00dfff33) and     t5, t6, a3
core   0: 3 0x800093e8 (0x00dfff33) x30 0x00000000
core   0: 0x800093ec (0x01c5e833) or      a6, a1, t3
core   0: 3 0x800093ec (0x01c5e833) x16 0xf307c000
core   0: 0x800093f0 (0x03aa8f33) mul     t5, s5, s10
core   0: 3 0x800093f0 (0x03aa8f33) x30 0x000002cd
core   0: 0x800093f4 (0x0314b033) mulhu   zero, s1, a7
core   0: 3 0x800093f4 (0x0314b033)
core   0: 0x800093f8 (0x0036e8b3) or      a7, a3, gp
core   0: 3 0x800093f8 (0x0036e8b3) x17 0x80014e64
core   0: 0x800093fc (0x000dd813) srli    a6, s11, 0
core   0: 3 0x800093fc (0x000dd813) x16 0x7ffffe00
core   0: 0x80009400 (0x010f3ab3) sltu    s5, t5, a6
core   0: 3 0x80009400 (0x010f3ab3) x21 0x00000001
core   0: 0x80009404 (0x02b240b3) div     ra, tp, a1
core   0: 3 0x80009404 (0x02b240b3) x 1 0x00000000
core   0: 0x80009408 (0x0096fcb3) and     s9, a3, s1
core   0: 3 0x80009408 (0x0096fcb3) x25 0x00000000
core   0: 0x8000940c (0x0284a7b3) mulhsu  a5, s1, s0
core   0: 3 0x8000940c (0x0284a7b3) x15 0xf333f80c
core   0: 0x80009410 (0x00b3f5b3) and     a1, t2, a1
core   0: 3 0x80009410 (0x00b3f5b3) x11 0x00000000
core   0: 0x80009414 (0x8652fd93) andi    s11, t0, -1947
core   0: 3 0x80009414 (0x8652fd93) x27 0xf6416824
core   0: 0x80009418 (0x00f489b3) add     s3, s1, a5
core   0: 3 0x80009418 (0x00f489b3) x19 0xd08b7bcc
core   0: 0x8000941c (0x02d350b3) divu    ra, t1, a3
core   0: 3 0x8000941c (0x02d350b3) x 1 0xffffffff
core   0: 0x80009420 (0x02645433) divu    s0, s0, t1
core   0: 3 0x80009420 (0x02645433) x 8 0xffffffff
core   0: 0x80009424 (0x4143d193) srai    gp, t2, 20
core   0: 3 0x80009424 (0x4143d193) x 3 0x00000000
core   0: 0x80009428 (0xe6392413) slti    s0, s2, -413
core   0: 3 0x80009428 (0xe6392413) x 8 0x00000000
core   0: 0x8000942c (0x00435513) srli    a0, t1, 4
core   0: 3 0x8000942c (0x00435513) x10 0x00000000
core   0: 0x80009430 (0x02fafc33) remu    s8, s5, a5
core   0: 3 0x80009430 (0x02fafc33) x24 0x00000001
core   0: 0x80009434 (0x019f5a13) srli    s4, t5, 25
core   0: 3 0x80009434 (0x019f5a13) x20 0x00000000
core   0: 0x80009438 (0xd51ca093) slti    ra, s9, -687
core   0: 3 0x80009438 (0xd51ca093) x 1 0x00000000
core   0: 0x8000943c (0x01e8d3b3) srl     t2, a7, t5
core   0: 3 0x8000943c (0x01e8d3b3) x 7 0x0004000a
core   0: 0x80009440 (0xc50e7913) andi    s2, t3, -944
core   0: 3 0x80009440 (0xc50e7913) x18 0x00000000
core   0: 0x80009444 (0x367c4937) lui     s2, 0x367c4
core   0: 3 0x80009444 (0x367c4937) x18 0x367c4000
core   0: 0x80009448 (0x022b43b3) div     t2, s6, sp
core   0: 3 0x80009448 (0x022b43b3) x 7 0x00000000
core   0: 0x8000944c (0x00405993) srli    s3, zero, 4
core   0: 3 0x8000944c (0x00405993) x19 0x00000000
core   0: 0x80009450 (0x009c2f33) slt     t5, s8, s1
core   0: 3 0x80009450 (0x009c2f33) x30 0x00000000
core   0: 0x80009454 (0xc7d63813) sltiu   a6, a2, -899
core   0: 3 0x80009454 (0xc7d63813) x16 0x00000001
core   0: 0x80009458 (0x014aed33) or      s10, s5, s4
core   0: 3 0x80009458 (0x014aed33) x26 0x00000001
core   0: 0x8000945c (0x03bf0b33) mul     s6, t5, s11
core   0: 3 0x8000945c (0x03bf0b33) x22 0x00000000
core   0: 0x80009460 (0x032067b3) rem     a5, zero, s2
core   0: 3 0x80009460 (0x032067b3) x15 0x00000000
core   0: 0x80009464 (0x00914fb3) xor     t6, sp, s1
core   0: 3 0x80009464 (0x00914fb3) x31 0x5d56cda4
core   0: 0x80009468 (0x01c8a333) slt     t1, a7, t3
core   0: 3 0x80009468 (0x01c8a333) x 6 0x00000001
core   0: 0x8000946c (0x01dcc7b3) xor     a5, s9, t4
core   0: 3 0x8000946c (0x01dcc7b3) x15 0xee29b000
core   0: 0x80009470 (0x00838b33) add     s6, t2, s0
core   0: 3 0x80009470 (0x00838b33) x22 0x00000000
core   0: 0x80009474 (0x025ff033) remu    zero, t6, t0
core   0: 3 0x80009474 (0x025ff033)
core   0: 0x80009478 (0x01589313) slli    t1, a7, 21
core   0: 3 0x80009478 (0x01589313) x 6 0xcc800000
core   0: 0x8000947c (0x40dc8e33) sub     t3, s9, a3
core   0: 3 0x8000947c (0x40dc8e33) x28 0x00000000
core   0: 0x80009480 (0xf674e837) lui     a6, 0xf674e
core   0: 3 0x80009480 (0xf674e837) x16 0xf674e000
core   0: 0x80009484 (0x00000013) nop
core   0: 3 0x80009484 (0x00000013)
core   0: 0x80009488 (0xce48fd13) andi    s10, a7, -796
core   0: 3 0x80009488 (0xce48fd13) x26 0x80014c64
core   0: 0x8000948c (0x02dc4ab3) div     s5, s8, a3
core   0: 3 0x8000948c (0x02dc4ab3) x21 0xffffffff
core   0: 0x80009490 (0x9ccfe393) ori     t2, t6, -1588
core   0: 3 0x80009490 (0x9ccfe393) x 7 0xfffffdec
core   0: 0x80009494 (0x020870b3) remu    ra, a6, zero
core   0: 3 0x80009494 (0x020870b3) x 1 0xf674e000
core   0: 0x80009498 (0x008ebf33) sltu    t5, t4, s0
core   0: 3 0x80009498 (0x008ebf33) x30 0x00000000
core   0: 0x8000949c (0xc0abbf93) sltiu   t6, s7, -1014
core   0: 3 0x8000949c (0xc0abbf93) x31 0x00000001
core   0: 0x800094a0 (0x02f733b3) mulhu   t2, a4, a5
core   0: 3 0x800094a0 (0x02f733b3) x 7 0x7716493c
core   0: 0x800094a4 (0x01dc60b3) or      ra, s8, t4
core   0: 3 0x800094a4 (0x01dc60b3) x 1 0xee29b001
core   0: 0x800094a8 (0x017d6db3) or      s11, s10, s7
core   0: 3 0x800094a8 (0x017d6db3) x27 0xfe01cc64
core   0: 0x800094ac (0x028fa433) mulhsu  s0, t6, s0
core   0: 3 0x800094ac (0x028fa433) x 8 0x00000000
core   0: 0x800094b0 (0x0184b4b3) sltu    s1, s1, s8
core   0: 3 0x800094b0 (0x0184b4b3) x 9 0x00000000
core   0: 0x800094b4 (0x0093b1b3) sltu    gp, t2, s1
core   0: 3 0x800094b4 (0x0093b1b3) x 3 0x00000000
core   0: 0x800094b8 (0x40c5d693) srai    a3, a1, 12
core   0: 3 0x800094b8 (0x40c5d693) x13 0x00000000
core   0: 0x800094bc (0x01ef6bb3) or      s7, t5, t5
core   0: 3 0x800094bc (0x01ef6bb3) x23 0x00000000
core   0: 0x800094c0 (0x01061033) sll     zero, a2, a6
core   0: 3 0x800094c0 (0x01061033)
core   0: 0x800094c4 (0x00239e33) sll     t3, t2, sp
core   0: 3 0x800094c4 (0x00239e33) x28 0x716493c0
core   0: 0x800094c8 (0x02c26933) rem     s2, tp, a2
core   0: 3 0x800094c8 (0x02c26933) x18 0xffffffff
core   0: 0x800094cc (0x005ff4b3) and     s1, t6, t0
core   0: 3 0x800094cc (0x005ff4b3) x 9 0x00000000
core   0: 0x800094d0 (0x8a12e993) ori     s3, t0, -1887
core   0: 3 0x800094d0 (0x8a12e993) x19 0xfffffdad
core   0: 0x800094d4 (0xe238e393) ori     t2, a7, -477
core   0: 3 0x800094d4 (0xe238e393) x 7 0xfffffe67
core   0: 0x800094d8 (0xe975ee13) ori     t3, a1, -361
core   0: 3 0x800094d8 (0xe975ee13) x28 0xfffffe97
core   0: 0x800094dc (0x00564233) xor     tp, a2, t0
core   0: 3 0x800094dc (0x00564233) x 4 0xf6416d2c
core   0: 0x800094e0 (0x6a5d8c93) addi    s9, s11, 1701
core   0: 3 0x800094e0 (0x6a5d8c93) x25 0xfe01d309
core   0: 0x800094e4 (0x05f4f393) andi    t2, s1, 95
core   0: 3 0x800094e4 (0x05f4f393) x 7 0x00000000
core   0: 0x800094e8 (0x00483c33) sltu    s8, a6, tp
core   0: 3 0x800094e8 (0x00483c33) x24 0x00000000
core   0: 0x800094ec (0x01a0d513) srli    a0, ra, 26
core   0: 3 0x800094ec (0x01a0d513) x10 0x0000003b
core   0: 0x800094f0 (0xaba94313) xori    t1, s2, -1350
core   0: 3 0x800094f0 (0xaba94313) x 6 0x00000545
core   0: 0x800094f4 (0x676c0797) auipc   a5, 0x676c0
core   0: 3 0x800094f4 (0x676c0797) x15 0xe76c94f4
core   0: 0x800094f8 (0x33af7ab7) lui     s5, 0x33af7
core   0: 3 0x800094f8 (0x33af7ab7) x21 0x33af7000
core   0: 0x800094fc (0x032ba933) mulhsu  s2, s7, s2
core   0: 3 0x800094fc (0x032ba933) x18 0x00000000
core   0: 0x80009500 (0xf2d94693) xori    a3, s2, -211
core   0: 3 0x80009500 (0xf2d94693) x13 0xffffff2d
core   0: 0x80009504 (0x01e99d33) sll     s10, s3, t5
core   0: 3 0x80009504 (0x01e99d33) x26 0xfffffdad
core   0: 0x80009508 (0x00465193) srli    gp, a2, 4
core   0: 3 0x80009508 (0x00465193) x 3 0x00000000
core   0: 0x8000950c (0x0242a633) mulhsu  a2, t0, tp
core   0: 3 0x8000950c (0x0242a633) x12 0xf6a0615d
core   0: 0x80009510 (0x02050d33) mul     s10, a0, zero
core   0: 3 0x80009510 (0x02050d33) x26 0x00000000
core   0: 0x80009514 (0x00000013) nop
core   0: 3 0x80009514 (0x00000013)
core   0: 0x80009518 (0x01784eb3) xor     t4, a6, s7
core   0: 3 0x80009518 (0x01784eb3) x29 0xf674e000
core   0: 0x8000951c (0x0046c533) xor     a0, a3, tp
core   0: 3 0x8000951c (0x0046c533) x10 0x09be9201
core   0: 0x80009520 (0x00000013) nop
core   0: 3 0x80009520 (0x00000013)
core   0: 0x80009524 (0x031676b3) remu    a3, a2, a7
core   0: 3 0x80009524 (0x031676b3) x13 0x769f12f9
core   0: 0x80009528 (0x03b5ec33) rem     s8, a1, s11
core   0: 3 0x80009528 (0x03b5ec33) x24 0x00000000
core   0: 0x8000952c (0x0038df13) srli    t5, a7, 3
core   0: 3 0x8000952c (0x0038df13) x30 0x100029cc
core   0: 0x80009530 (0x027cb3b3) mulhu   t2, s9, t2
core   0: 3 0x80009530 (0x027cb3b3) x 7 0x00000000
core   0: 0x80009534 (0x00000013) nop
core   0: 3 0x80009534 (0x00000013)
core   0: 0x80009538 (0x0083e4b3) or      s1, t2, s0
core   0: 3 0x80009538 (0x0083e4b3) x 9 0x00000000
core   0: 0x8000953c (0x01e46ab3) or      s5, s0, t5
core   0: 3 0x8000953c (0x01e46ab3) x21 0x100029cc
core   0: 0x80009540 (0x038536b3) mulhu   a3, a0, s8
core   0: 3 0x80009540 (0x038536b3) x13 0x00000000
core   0: 0x80009544 (0x00000013) nop
core   0: 3 0x80009544 (0x00000013)
core   0: 0x80009548 (0x9af26613) ori     a2, tp, -1617
core   0: 3 0x80009548 (0x9af26613) x12 0xfffffdaf
core   0: 0x8000954c (0x01dd5693) srli    a3, s10, 29
core   0: 3 0x8000954c (0x01dd5693) x13 0x00000000
core   0: 0x80009550 (0x4028d193) srai    gp, a7, 2
core   0: 3 0x80009550 (0x4028d193) x 3 0xe0005399
core   0: 0x80009554 (0x00357933) and     s2, a0, gp
core   0: 3 0x80009554 (0x00357933) x18 0x00001201
core   0: 0x80009558 (0x03d58833) mul     a6, a1, t4
core   0: 3 0x80009558 (0x03d58833) x16 0x00000000
core   0: 0x8000955c (0x02100e33) mul     t3, zero, ra
core   0: 3 0x8000955c (0x02100e33) x28 0x00000000
core   0: 0x80009560 (0x416a5a93) srai    s5, s4, 22
core   0: 3 0x80009560 (0x416a5a93) x21 0x00000000
core   0: 0x80009564 (0x4045d633) sra     a2, a1, tp
core   0: 3 0x80009564 (0x4045d633) x12 0x00000000
core   0: 0x80009568 (0x009040b3) xor     ra, zero, s1
core   0: 3 0x80009568 (0x009040b3) x 1 0x00000000
core   0: 0x8000956c (0x48f12e17) auipc   t3, 0x48f12
core   0: 3 0x8000956c (0x48f12e17) x28 0xc8f1b56c
core   0: 0x80009570 (0x41585a33) sra     s4, a6, s5
core   0: 3 0x80009570 (0x41585a33) x20 0x00000000
core   0: 0x80009574 (0x09733e13) sltiu   t3, t1, 151
core   0: 3 0x80009574 (0x09733e13) x28 0x00000000
core   0: 0x80009578 (0x2e4a7697) auipc   a3, 0x2e4a7
core   0: 3 0x80009578 (0x2e4a7697) x13 0xae4b0578
core   0: 0x8000957c (0x4105d393) srai    t2, a1, 16
core   0: 3 0x8000957c (0x4105d393) x 7 0x00000000
core   0: 0x80009580 (0x419a8c33) sub     s8, s5, s9
core   0: 3 0x80009580 (0x419a8c33) x24 0x01fe2cf7
core   0: 0x80009584 (0x02e5e7b3) rem     a5, a1, a4
core   0: 3 0x80009584 (0x02e5e7b3) x15 0x00000000
core   0: 0x80009588 (0x403003b3) sub     t2, zero, gp
core   0: 3 0x80009588 (0x403003b3) x 7 0x1fffac67
core   0: 0x8000958c (0x03ee6833) rem     a6, t3, t5
core   0: 3 0x8000958c (0x03ee6833) x16 0x00000000
core   0: 0x80009590 (0x006e9b93) slli    s7, t4, 6
core   0: 3 0x80009590 (0x006e9b93) x23 0x9d380000
core   0: 0x80009594 (0x0380b5b3) mulhu   a1, ra, s8
core   0: 3 0x80009594 (0x0380b5b3) x11 0x00000000
core   0: 0x80009598 (0xe567e493) ori     s1, a5, -426
core   0: 3 0x80009598 (0xe567e493) x 9 0xfffffe56
core   0: 0x8000959c (0x510f8917) auipc   s2, 0x510f8
core   0: 3 0x8000959c (0x510f8917) x18 0xd110159c
core   0: 0x800095a0 (0x000eb533) sltu    a0, t4, zero
core   0: 3 0x800095a0 (0x000eb533) x10 0x00000000
core   0: 0x800095a4 (0x00000013) nop
core   0: 3 0x800095a4 (0x00000013)
core   0: 0x800095a8 (0x03bc8033) mul     zero, s9, s11
core   0: 3 0x800095a8 (0x03bc8033)
core   0: 0x800095ac (0xfc293193) sltiu   gp, s2, -62
core   0: 3 0x800095ac (0xfc293193) x 3 0x00000001
core   0: 0x800095b0 (0x0274fc33) remu    s8, s1, t2
core   0: 3 0x800095b0 (0x0274fc33) x24 0x00029b1e
core   0: 0x800095b4 (0xfa70f497) auipc   s1, 0xfa70f
core   0: 3 0x800095b4 (0xfa70f497) x 9 0x7a7185b4
core   0: 0x800095b8 (0x6d6ad397) auipc   t2, 0x6d6ad
core   0: 3 0x800095b8 (0x6d6ad397) x 7 0xed6b65b8
core   0: 0x800095bc (0x002d40b3) xor     ra, s10, sp
core   0: 3 0x800095bc (0x002d40b3) x 1 0x80014e64
core   0: 0x800095c0 (0x251dcf13) xori    t5, s11, 593
core   0: 3 0x800095c0 (0x251dcf13) x30 0xfe01ce35
core   0: 0x800095c4 (0x0e252d93) slti    s11, a0, 226
core   0: 3 0x800095c4 (0x0e252d93) x27 0x00000001
core   0: 0x800095c8 (0x022bfdb3) remu    s11, s7, sp
core   0: 3 0x800095c8 (0x022bfdb3) x27 0x1d36b19c
core   0: 0x800095cc (0x006c1513) slli    a0, s8, 6
core   0: 3 0x800095cc (0x006c1513) x10 0x00a6c780
core   0: 0x800095d0 (0x03a851b3) divu    gp, a6, s10
core   0: 3 0x800095d0 (0x03a851b3) x 3 0xffffffff
core   0: 0x800095d4 (0x016b1033) sll     zero, s6, s6
core   0: 3 0x800095d4 (0x016b1033)
core   0: 0x800095d8 (0x00000013) nop
core   0: 3 0x800095d8 (0x00000013)
core   0: 0x800095dc (0x01e08233) add     tp, ra, t5
core   0: 3 0x800095dc (0x01e08233) x 4 0x7e031c99
core   0: 0x800095e0 (0x02e668b3) rem     a7, a2, a4
core   0: 3 0x800095e0 (0x02e668b3) x17 0x00000000
core   0: 0x800095e4 (0x038a0d33) mul     s10, s4, s8
core   0: 3 0x800095e4 (0x038a0d33) x26 0x00000000
core   0: 0x800095e8 (0x02e968b3) rem     a7, s2, a4
core   0: 3 0x800095e8 (0x02e968b3) x17 0xd110159c
core   0: 0x800095ec (0x7af22813) slti    a6, tp, 1967
core   0: 3 0x800095ec (0x7af22813) x16 0x00000000
core   0: 0x800095f0 (0x40148cb3) sub     s9, s1, ra
core   0: 3 0x800095f0 (0x40148cb3) x25 0xfa703750
core   0: 0x800095f4 (0x000f5893) srli    a7, t5, 0
core   0: 3 0x800095f4 (0x000f5893) x17 0xfe01ce35
core   0: 0x800095f8 (0x03d106b3) mul     a3, sp, t4
core   0: 3 0x800095f8 (0x03d106b3) x13 0xc1e78000
core   0: 0x800095fc (0x00000013) nop
core   0: 3 0x800095fc (0x00000013)
core   0: 0x80009600 (0x01e605b3) add     a1, a2, t5
core   0: 3 0x80009600 (0x01e605b3) x11 0xfe01ce35
core   0: 0x80009604 (0x03b79eb3) mulh    t4, a5, s11
core   0: 3 0x80009604 (0x03b79eb3) x29 0x00000000
core   0: 0x80009608 (0x027f4633) div     a2, t5, t2
core   0: 3 0x80009608 (0x027f4633) x12 0x00000000
core   0: 0x8000960c (0x001f68b3) or      a7, t5, ra
core   0: 3 0x8000960c (0x001f68b3) x17 0xfe01ce75
core   0: 0x80009610 (0xd05d2913) slti    s2, s10, -763
core   0: 3 0x80009610 (0xd05d2913) x18 0x00000000
core   0: 0x80009614 (0x00000013) nop
core   0: 3 0x80009614 (0x00000013)
core   0: 0x80009618 (0x02d20c33) mul     s8, tp, a3
core   0: 3 0x80009618 (0x02d20c33) x24 0xb55b8000
core   0: 0x8000961c (0x01d36ab3) or      s5, t1, t4
core   0: 3 0x8000961c (0x01d36ab3) x21 0x00000545
core   0: 0x80009620 (0x01985cb3) srl     s9, a6, s9
core   0: 3 0x80009620 (0x01985cb3) x25 0x00000000
core   0: 0x80009624 (0x02374f33) div     t5, a4, gp
core   0: 3 0x80009624 (0x02374f33) x30 0x7ffe731c
core   0: 0x80009628 (0xdffdbd13) sltiu   s10, s11, -513
core   0: 3 0x80009628 (0xdffdbd13) x26 0x00000001
core   0: 0x8000962c (0x03943bb3) mulhu   s7, s0, s9
core   0: 3 0x8000962c (0x03943bb3) x23 0x00000000
core   0: 0x80009630 (0x96040213) addi    tp, s0, -1696
core   0: 3 0x80009630 (0x96040213) x 4 0xfffff960
core   0: 0x80009634 (0x011d9313) slli    t1, s11, 17
core   0: 3 0x80009634 (0x011d9313) x 6 0x63380000
core   0: 0x80009638 (0x03213bb3) mulhu   s7, sp, s2
core   0: 3 0x80009638 (0x03213bb3) x23 0x00000000
core   0: 0x8000963c (0x41d9d613) srai    a2, s3, 29
core   0: 3 0x8000963c (0x41d9d613) x12 0xffffffff
core   0: 0x80009640 (0x0397f933) remu    s2, a5, s9
core   0: 3 0x80009640 (0x0397f933) x18 0x00000000
core   0: 0x80009644 (0xe5d67313) andi    t1, a2, -419
core   0: 3 0x80009644 (0xe5d67313) x 6 0xfffffe5d
core   0: 0x80009648 (0x10d87213) andi    tp, a6, 269
core   0: 3 0x80009648 (0x10d87213) x 4 0x00000000
core   0: 0x8000964c (0x02bdb233) mulhu   tp, s11, a1
core   0: 3 0x8000964c (0x02bdb233) x 4 0x1cfc78f7
core   0: 0x80009650 (0x438ae8b7) lui     a7, 0x438ae
core   0: 3 0x80009650 (0x438ae8b7) x17 0x438ae000
core   0: 0x80009654 (0x4047d533) sra     a0, a5, tp
core   0: 3 0x80009654 (0x4047d533) x10 0x00000000
core   0: 0x80009658 (0x409956b3) sra     a3, s2, s1
core   0: 3 0x80009658 (0x409956b3) x13 0x00000000
core   0: 0x8000965c (0x00f6f533) and     a0, a3, a5
core   0: 3 0x8000965c (0x00f6f533) x10 0x00000000
core   0: 0x80009660 (0x035c83b3) mul     t2, s9, s5
core   0: 3 0x80009660 (0x035c83b3) x 7 0x00000000
core   0: 0x80009664 (0xe2ebcc93) xori    s9, s7, -466
core   0: 3 0x80009664 (0xe2ebcc93) x25 0xfffffe2e
core   0: 0x80009668 (0x3a17d237) lui     tp, 0x3a17d
core   0: 3 0x80009668 (0x3a17d237) x 4 0x3a17d000
core   0: 0x8000966c (0x416d5533) sra     a0, s10, s6
core   0: 3 0x8000966c (0x416d5533) x10 0x00000001
core   0: 0x80009670 (0x2ccaf793) andi    a5, s5, 716
core   0: 3 0x80009670 (0x2ccaf793) x15 0x00000044
core   0: 0x80009674 (0x00f6d993) srli    s3, a3, 15
core   0: 3 0x80009674 (0x00f6d993) x19 0x00000000
core   0: 0x80009678 (0x03d2f5b3) remu    a1, t0, t4
core   0: 3 0x80009678 (0x03d2f5b3) x11 0xf6416d2c
core   0: 0x8000967c (0x0384a5b3) mulhsu  a1, s1, s8
core   0: 3 0x8000967c (0x0384a5b3) x11 0x56be071b
core   0: 0x80009680 (0xc3746e97) auipc   t4, 0xc3746
core   0: 3 0x80009680 (0xc3746e97) x29 0x4374f680
core   0: 0x80009684 (0x03a188b3) mul     a7, gp, s10
core   0: 3 0x80009684 (0x03a188b3) x17 0xffffffff
core   0: 0x80009688 (0x409b0fb3) sub     t6, s6, s1
core   0: 3 0x80009688 (0x409b0fb3) x31 0x858e7a4c
core   0: 0x8000968c (0x01d8c233) xor     tp, a7, t4
core   0: 3 0x8000968c (0x01d8c233) x 4 0xbc8b097f
core   0: 0x80009690 (0x01661e33) sll     t3, a2, s6
core   0: 3 0x80009690 (0x01661e33) x28 0xffffffff
core   0: 0x80009694 (0x017f03b3) add     t2, t5, s7
core   0: 3 0x80009694 (0x017f03b3) x 7 0x7ffe731c
core   0: 0x80009698 (0x02ad21b3) mulhsu  gp, s10, a0
core   0: 3 0x80009698 (0x02ad21b3) x 3 0x00000000
core   0: 0x8000969c (0x0370a233) mulhsu  tp, ra, s7
core   0: 3 0x8000969c (0x0370a233) x 4 0x00000000
core   0: 0x800096a0 (0x03b01fb3) mulh    t6, zero, s11
core   0: 3 0x800096a0 (0x03b01fb3) x31 0x00000000
core   0: 0x800096a4 (0x008a9693) slli    a3, s5, 8
core   0: 3 0x800096a4 (0x008a9693) x13 0x00054500
core   0: 0x800096a8 (0x01cf28b3) slt     a7, t5, t3
core   0: 3 0x800096a8 (0x01cf28b3) x17 0x00000000
core   0: 0x800096ac (0x01d571b3) and     gp, a0, t4
core   0: 3 0x800096ac (0x01d571b3) x 3 0x00000000
core   0: 0x800096b0 (0x021f4333) div     t1, t5, ra
core   0: 3 0x800096b0 (0x021f4333) x 6 0x00000000
core   0: 0x800096b4 (0x011f6b33) or      s6, t5, a7
core   0: 3 0x800096b4 (0x011f6b33) x22 0x7ffe731c
core   0: 0x800096b8 (0x96f26893) ori     a7, tp, -1681
core   0: 3 0x800096b8 (0x96f26893) x17 0xfffff96f
core   0: 0x800096bc (0x010ab6b3) sltu    a3, s5, a6
core   0: 3 0x800096bc (0x010ab6b3) x13 0x00000000
core   0: 0x800096c0 (0x023665b3) rem     a1, a2, gp
core   0: 3 0x800096c0 (0x023665b3) x11 0xffffffff
core   0: 0x800096c4 (0xaa5fa593) slti    a1, t6, -1371
core   0: 3 0x800096c4 (0xaa5fa593) x11 0x00000000
core   0: 0x800096c8 (0xb0294793) xori    a5, s2, -1278
core   0: 3 0x800096c8 (0xb0294793) x15 0xfffffb02
core   0: 0x800096cc (0x51bfa937) lui     s2, 0x51bfa
core   0: 3 0x800096cc (0x51bfa937) x18 0x51bfa000
core   0: 0x800096d0 (0x40f35933) sra     s2, t1, a5
core   0: 3 0x800096d0 (0x40f35933) x18 0x00000000
core   0: 0x800096d4 (0x407481b3) sub     gp, s1, t2
core   0: 3 0x800096d4 (0x407481b3) x 3 0xfa731298
core   0: 0x800096d8 (0x457db093) sltiu   ra, s11, 1111
core   0: 3 0x800096d8 (0x457db093) x 1 0x00000000
core   0: 0x800096dc (0x40790bb3) sub     s7, s2, t2
core   0: 3 0x800096dc (0x40790bb3) x23 0x80018ce4
core   0: 0x800096e0 (0xa3534437) lui     s0, 0xa3534
core   0: 3 0x800096e0 (0xa3534437) x 8 0xa3534000
core   0: 0x800096e4 (0xa0722417) auipc   s0, 0xa0722
core   0: 3 0x800096e4 (0xa0722417) x 8 0x2072b6e4
core   0: 0x800096e8 (0x00000013) nop
core   0: 3 0x800096e8 (0x00000013)
core   0: 0x800096ec (0x03a986b3) mul     a3, s3, s10
core   0: 3 0x800096ec (0x03a986b3) x13 0x00000000
core   0: 0x800096f0 (0x313d0e93) addi    t4, s10, 787
core   0: 3 0x800096f0 (0x313d0e93) x29 0x00000314
core   0: 0x800096f4 (0xf1b4f613) andi    a2, s1, -229
core   0: 3 0x800096f4 (0xf1b4f613) x12 0x7a718510
core   0: 0x800096f8 (0x013f0b33) add     s6, t5, s3
core   0: 3 0x800096f8 (0x013f0b33) x22 0x7ffe731c
core   0: 0x800096fc (0xfe263f93) sltiu   t6, a2, -30
core   0: 3 0x800096fc (0xfe263f93) x31 0x00000001
core   0: 0x80009700 (0x99974393) xori    t2, a4, -1639
core   0: 3 0x80009700 (0x99974393) x 7 0x7ffe757d
core   0: 0x80009704 (0x41725e13) srai    t3, tp, 23
core   0: 3 0x80009704 (0x41725e13) x28 0x00000000
core   0: 0x80009708 (0xc6edc493) xori    s1, s11, -914
core   0: 3 0x80009708 (0xc6edc493) x 9 0xe2c94df2
core   0: 0x8000970c (0x5ac90313) addi    t1, s2, 1452
core   0: 3 0x8000970c (0x5ac90313) x 6 0x000005ac
core   0: 0x80009710 (0x00000013) nop
core   0: 3 0x80009710 (0x00000013)
core   0: 0x80009714 (0x41280833) sub     a6, a6, s2
core   0: 3 0x80009714 (0x41280833) x16 0x00000000
core   0: 0x80009718 (0x00111533) sll     a0, sp, ra
core   0: 3 0x80009718 (0x00111533) x10 0x80014e64
core   0: 0x8000971c (0x01738ab3) add     s5, t2, s7
core   0: 3 0x8000971c (0x01738ab3) x21 0x00000261
core   0: 0x80009720 (0x737d0c93) addi    s9, s10, 1847
core   0: 3 0x80009720 (0x737d0c93) x25 0x00000738
core   0: 0x80009724 (0x41dbde33) sra     t3, s7, t4
core   0: 3 0x80009724 (0x41dbde33) x28 0xfffff800
core   0: 0x80009728 (0x0366a7b3) mulhsu  a5, a3, s6
core   0: 3 0x80009728 (0x0366a7b3) x15 0x00000000
core   0: 0x8000972c (0x55f03393) sltiu   t2, zero, 1375
core   0: 3 0x8000972c (0x55f03393) x 7 0x00000001
core   0: 0x80009730 (0x01a0f033) and     zero, ra, s10
core   0: 3 0x80009730 (0x01a0f033)
core   0: 0x80009734 (0x00a7b233) sltu    tp, a5, a0
core   0: 3 0x80009734 (0x00a7b233) x 4 0x00000001
core   0: 0x80009738 (0x00dd43b3) xor     t2, s10, a3
core   0: 3 0x80009738 (0x00dd43b3) x 7 0x00000001
core   0: 0x8000973c (0x01d696b3) sll     a3, a3, t4
core   0: 3 0x8000973c (0x01d696b3) x13 0x00000000
core   0: 0x80009740 (0x18e57397) auipc   t2, 0x18e57
core   0: 3 0x80009740 (0x18e57397) x 7 0x98e60740
core   0: 0x80009744 (0x023bc333) div     t1, s7, gp
core   0: 3 0x80009744 (0x023bc333) x 6 0x00000017
core   0: 0x80009748 (0x03336d33) rem     s10, t1, s3
core   0: 3 0x80009748 (0x03336d33) x26 0x00000017
core   0: 0x8000974c (0x330bc993) xori    s3, s7, 816
core   0: 3 0x8000974c (0x330bc993) x19 0x80018fd4
core   0: 0x80009750 (0x01191013) slli    zero, s2, 17
core   0: 3 0x80009750 (0x01191013)
core   0: 0x80009754 (0x415ed4b3) sra     s1, t4, s5
core   0: 3 0x80009754 (0x415ed4b3) x 9 0x0000018a
core   0: 0x80009758 (0xa8a50993) addi    s3, a0, -1398
core   0: 3 0x80009758 (0xa8a50993) x19 0x800148ee
core   0: 0x8000975c (0x8c1a4417) auipc   s0, 0x8c1a4
core   0: 3 0x8000975c (0x8c1a4417) x 8 0x0c1ad75c
core   0: 0x80009760 (0xedf23c93) sltiu   s9, tp, -289
core   0: 3 0x80009760 (0xedf23c93) x25 0x00000001
core   0: 0x80009764 (0x012c0cb3) add     s9, s8, s2
core   0: 3 0x80009764 (0x012c0cb3) x25 0xb55b8000
core   0: 0x80009768 (0x95176d17) auipc   s10, 0x95176
core   0: 3 0x80009768 (0x95176d17) x26 0x1517f768
core   0: 0x8000976c (0x00000013) nop
core   0: 3 0x8000976c (0x00000013)
core   0: 0x80009770 (0x03823333) mulhu   t1, tp, s8
core   0: 3 0x80009770 (0x03823333) x 6 0x00000000
core   0: 0x80009774 (0x3a853613) sltiu   a2, a0, 936
core   0: 3 0x80009774 (0x3a853613) x12 0x00000000
core   0: 0x80009778 (0x00000013) nop
core   0: 3 0x80009778 (0x00000013)
core   0: 0x8000977c (0xf97f8617) auipc   a2, 0xf97f8
core   0: 3 0x8000977c (0xf97f8617) x12 0x7980177c
core   0: 0x80009780 (0x00ac3bb3) sltu    s7, s8, a0
core   0: 3 0x80009780 (0x00ac3bb3) x23 0x00000000
core   0: 0x80009784 (0x019ab533) sltu    a0, s5, s9
core   0: 3 0x80009784 (0x019ab533) x10 0x00000001
core   0: 0x80009788 (0x00000013) nop
core   0: 3 0x80009788 (0x00000013)
core   0: 0x8000978c (0xa9a7ee13) ori     t3, a5, -1382
core   0: 3 0x8000978c (0xa9a7ee13) x28 0xfffffa9a
core   0: 0x80009790 (0x01abdd33) srl     s10, s7, s10
core   0: 3 0x80009790 (0x01abdd33) x26 0x00000000
core   0: 0x80009794 (0x000eac33) slt     s8, t4, zero
core   0: 3 0x80009794 (0x000eac33) x24 0x00000000
core   0: 0x80009798 (0x00000013) nop
core   0: 3 0x80009798 (0x00000013)
core   0: 0x8000979c (0x0016e333) or      t1, a3, ra
core   0: 3 0x8000979c (0x0016e333) x 6 0x00000000
core   0: 0x800097a0 (0x02ec2833) mulhsu  a6, s8, a4
core   0: 3 0x800097a0 (0x02ec2833) x16 0x00000000
core   0: 0x800097a4 (0x40a90333) sub     t1, s2, a0
core   0: 3 0x800097a4 (0x40a90333) x 6 0xffffffff
core   0: 0x800097a8 (0x001ef3b3) and     t2, t4, ra
core   0: 3 0x800097a8 (0x001ef3b3) x 7 0x00000000
core   0: 0x800097ac (0xff0c6d93) ori     s11, s8, -16
core   0: 3 0x800097ac (0xff0c6d93) x27 0xfffffff0
core   0: 0x800097b0 (0xcea46e13) ori     t3, s0, -790
core   0: 3 0x800097b0 (0xcea46e13) x28 0xfffffffe
core   0: 0x800097b4 (0x01ec5333) srl     t1, s8, t5
core   0: 3 0x800097b4 (0x01ec5333) x 6 0x00000000
core   0: 0x800097b8 (0x6ef8fe13) andi    t3, a7, 1775
core   0: 3 0x800097b8 (0x6ef8fe13) x28 0x0000006f
core   0: 0x800097bc (0x02ef2933) mulhsu  s2, t5, a4
core   0: 3 0x800097bc (0x02ef2933) x18 0x3ffffffd
core   0: 0x800097c0 (0x11277b93) andi    s7, a4, 274
core   0: 3 0x800097c0 (0x11277b93) x23 0x00000000
core   0: 0x800097c4 (0x034f49b3) div     s3, t5, s4
core   0: 3 0x800097c4 (0x034f49b3) x19 0xffffffff
core   0: 0x800097c8 (0x006baeb3) slt     t4, s7, t1
core   0: 3 0x800097c8 (0x006baeb3) x29 0x00000000
core   0: 0x800097cc (0x01bbfdb3) and     s11, s7, s11
core   0: 3 0x800097cc (0x01bbfdb3) x27 0x00000000
core   0: 0x800097d0 (0x01ed9193) slli    gp, s11, 30
core   0: 3 0x800097d0 (0x01ed9193) x 3 0x00000000
core   0: 0x800097d4 (0xc6bbae93) slti    t4, s7, -917
core   0: 3 0x800097d4 (0xc6bbae93) x29 0x00000000
core   0: 0x800097d8 (0x02f34ab3) div     s5, t1, a5
core   0: 3 0x800097d8 (0x02f34ab3) x21 0xffffffff
core   0: 0x800097dc (0xf9ef4c13) xori    s8, t5, -98
core   0: 3 0x800097dc (0xf9ef4c13) x24 0x80018c82
core   0: 0x800097e0 (0x02b78233) mul     tp, a5, a1
core   0: 3 0x800097e0 (0x02b78233) x 4 0x00000000
core   0: 0x800097e4 (0x026ed433) divu    s0, t4, t1
core   0: 3 0x800097e4 (0x026ed433) x 8 0xffffffff
core   0: 0x800097e8 (0x018e5493) srli    s1, t3, 24
core   0: 3 0x800097e8 (0x018e5493) x 9 0x00000000
core   0: 0x800097ec (0x933ebd17) auipc   s10, 0x933eb
core   0: 3 0x800097ec (0x933ebd17) x26 0x133f47ec
core   0: 0x800097f0 (0x0070a633) slt     a2, ra, t2
core   0: 3 0x800097f0 (0x0070a633) x12 0x00000000
core   0: 0x800097f4 (0xe7f9c697) auipc   a3, 0xe7f9c
core   0: 3 0x800097f4 (0xe7f9c697) x13 0x67fa57f4
core   0: 0x800097f8 (0x03984233) div     tp, a6, s9
core   0: 3 0x800097f8 (0x03984233) x 4 0x00000000
core   0: 0x800097fc (0x00dc4033) xor     zero, s8, a3
core   0: 3 0x800097fc (0x00dc4033)
core   0: 0x80009800 (0x02cffe33) remu    t3, t6, a2
core   0: 3 0x80009800 (0x02cffe33) x28 0x00000001
core   0: 0x80009804 (0x030f2033) mulhsu  zero, t5, a6
core   0: 3 0x80009804 (0x030f2033)
core   0: 0x80009808 (0x658e8313) addi    t1, t4, 1624
core   0: 3 0x80009808 (0x658e8313) x 6 0x00000658
core   0: 0x8000980c (0x0066d533) srl     a0, a3, t1
core   0: 3 0x8000980c (0x0066d533) x10 0x00000067
core   0: 0x80009810 (0x00000013) nop
core   0: 3 0x80009810 (0x00000013)
core   0: 0x80009814 (0x01ec4d33) xor     s10, s8, t5
core   0: 3 0x80009814 (0x01ec4d33) x26 0xffffff9e
core   0: 0x80009818 (0xaaf90b13) addi    s6, s2, -1361
core   0: 3 0x80009818 (0xaaf90b13) x22 0x3ffffaac
core   0: 0x8000981c (0x002637b3) sltu    a5, a2, sp
core   0: 3 0x8000981c (0x002637b3) x15 0x00000001
core   0: 0x80009820 (0x014f7e33) and     t3, t5, s4
core   0: 3 0x80009820 (0x014f7e33) x28 0x00000000
core   0: 0x80009824 (0x02426233) rem     tp, tp, tp
core   0: 3 0x80009824 (0x02426233) x 4 0x00000000
core   0: 0x80009828 (0x36dca697) auipc   a3, 0x36dca
core   0: 3 0x80009828 (0x36dca697) x13 0xb6dd3828
core   0: 0x8000982c (0x00bd11b3) sll     gp, s10, a1
core   0: 3 0x8000982c (0x00bd11b3) x 3 0xffffff9e
core   0: 0x80009830 (0x02c04db3) div     s11, zero, a2
core   0: 3 0x80009830 (0x02c04db3) x27 0xffffffff
core   0: 0x80009834 (0x02640933) mul     s2, s0, t1
core   0: 3 0x80009834 (0x02640933) x18 0xfffff9a8
core   0: 0x80009838 (0x025ec033) div     zero, t4, t0
core   0: 3 0x80009838 (0x025ec033)
core   0: 0x8000983c (0xef748813) addi    a6, s1, -265
core   0: 3 0x8000983c (0xef748813) x16 0xfffffef7
core   0: 0x80009840 (0x033f0e33) mul     t3, t5, s3
core   0: 3 0x80009840 (0x033f0e33) x28 0x80018ce4
core   0: 0x80009844 (0x027f8ab3) mul     s5, t6, t2
core   0: 3 0x80009844 (0x027f8ab3) x21 0x00000000
core   0: 0x80009848 (0x0237d3b3) divu    t2, a5, gp
core   0: 3 0x80009848 (0x0237d3b3) x 7 0x00000000
core   0: 0x8000984c (0x0365c3b3) div     t2, a1, s6
core   0: 3 0x8000984c (0x0365c3b3) x 7 0x00000000
core   0: 0x80009850 (0x019e1813) slli    a6, t3, 25
core   0: 3 0x80009850 (0x019e1813) x16 0xc8000000
core   0: 0x80009854 (0xc4e93f13) sltiu   t5, s2, -946
core   0: 3 0x80009854 (0xc4e93f13) x30 0x00000001
core   0: 0x80009858 (0x6ec47493) andi    s1, s0, 1772
core   0: 3 0x80009858 (0x6ec47493) x 9 0x000006ec
core   0: 0x8000985c (0x404eda13) srai    s4, t4, 4
core   0: 3 0x8000985c (0x404eda13) x20 0x00000000
core   0: 0x80009860 (0x000edd33) srl     s10, t4, zero
core   0: 3 0x80009860 (0x000edd33) x26 0x00000000
core   0: 0x80009864 (0x0e690193) addi    gp, s2, 230
core   0: 3 0x80009864 (0x0e690193) x 3 0xfffffa8e
core   0: 0x80009868 (0x032f7033) remu    zero, t5, s2
core   0: 3 0x80009868 (0x032f7033)
core   0: 0x8000986c (0x010d9833) sll     a6, s11, a6
core   0: 3 0x8000986c (0x010d9833) x16 0xffffffff
core   0: 0x80009870 (0x7cceec93) ori     s9, t4, 1996
core   0: 3 0x80009870 (0x7cceec93) x25 0x000007cc
core   0: 0x80009874 (0x02313c33) mulhu   s8, sp, gp
core   0: 3 0x80009874 (0x02313c33) x24 0x80014baa
core   0: 0x80009878 (0x00a6d593) srli    a1, a3, 10
core   0: 3 0x80009878 (0x00a6d593) x11 0x002db74e
core   0: 0x8000987c (0x03d8b233) mulhu   tp, a7, t4
core   0: 3 0x8000987c (0x03d8b233) x 4 0x00000000
core   0: 0x80009880 (0x24688893) addi    a7, a7, 582
core   0: 3 0x80009880 (0x24688893) x17 0xfffffbb5
core   0: 0x80009884 (0x415308b3) sub     a7, t1, s5
core   0: 3 0x80009884 (0x415308b3) x17 0x00000658
core   0: 0x80009888 (0x0158fe33) and     t3, a7, s5
core   0: 3 0x80009888 (0x0158fe33) x28 0x00000000
core   0: 0x8000988c (0x0017ceb3) xor     t4, a5, ra
core   0: 3 0x8000988c (0x0017ceb3) x29 0x00000001
core   0: 0x80009890 (0x033095b3) mulh    a1, ra, s3
core   0: 3 0x80009890 (0x033095b3) x11 0x00000000
core   0: 0x80009894 (0x00ffd033) srl     zero, t6, a5
core   0: 3 0x80009894 (0x00ffd033)
core   0: 0x80009898 (0x00df41b3) xor     gp, t5, a3
core   0: 3 0x80009898 (0x00df41b3) x 3 0xb6dd3829
core   0: 0x8000989c (0x029acdb3) div     s11, s5, s1
core   0: 3 0x8000989c (0x029acdb3) x27 0x00000000
core   0: 0x800098a0 (0x00d7d493) srli    s1, a5, 13
core   0: 3 0x800098a0 (0x00d7d493) x 9 0x00000000
core   0: 0x800098a4 (0x020e5533) divu    a0, t3, zero
core   0: 3 0x800098a4 (0x020e5533) x10 0xffffffff
core   0: 0x800098a8 (0xf5556893) ori     a7, a0, -171
core   0: 3 0x800098a8 (0xf5556893) x17 0xffffffff
core   0: 0x800098ac (0x03e76f33) rem     t5, a4, t5
core   0: 3 0x800098ac (0x03e76f33) x30 0x00000000
core   0: 0x800098b0 (0x02dc7833) remu    a6, s8, a3
core   0: 3 0x800098b0 (0x02dc7833) x16 0x80014baa
core   0: 0x800098b4 (0x011c8ab3) add     s5, s9, a7
core   0: 3 0x800098b4 (0x011c8ab3) x21 0x000007cb
core   0: 0x800098b8 (0x01f900b3) add     ra, s2, t6
core   0: 3 0x800098b8 (0x01f900b3) x 1 0xfffff9a9
core   0: 0x800098bc (0x0025a333) slt     t1, a1, sp
core   0: 3 0x800098bc (0x0025a333) x 6 0x00000000
core   0: 0x800098c0 (0x40eed993) srai    s3, t4, 14
core   0: 3 0x800098c0 (0x40eed993) x19 0x00000000
core   0: 0x800098c4 (0x020fb6b3) mulhu   a3, t6, zero
core   0: 3 0x800098c4 (0x020fb6b3) x13 0x00000000
core   0: 0x800098c8 (0x031d1533) mulh    a0, s10, a7
core   0: 3 0x800098c8 (0x031d1533) x10 0x00000000
core   0: 0x800098cc (0x03c50c33) mul     s8, a0, t3
core   0: 3 0x800098cc (0x03c50c33) x24 0x00000000
core   0: 0x800098d0 (0x822fa213) slti    tp, t6, -2014
core   0: 3 0x800098d0 (0x822fa213) x 4 0x00000000
core   0: 0x800098d4 (0x997403b7) lui     t2, 0x99740
core   0: 3 0x800098d4 (0x997403b7) x 7 0x99740000
core   0: 0x800098d8 (0x0207cd33) div     s10, a5, zero
core   0: 3 0x800098d8 (0x0207cd33) x26 0xffffffff
core   0: 0x800098dc (0x001d0cb3) add     s9, s10, ra
core   0: 3 0x800098dc (0x001d0cb3) x25 0xfffff9a8
core   0: 0x800098e0 (0x02ba71b3) remu    gp, s4, a1
core   0: 3 0x800098e0 (0x02ba71b3) x 3 0x00000000
core   0: 0x800098e4 (0x56430893) addi    a7, t1, 1380
core   0: 3 0x800098e4 (0x56430893) x17 0x00000564
core   0: 0x800098e8 (0x00d93333) sltu    t1, s2, a3
core   0: 3 0x800098e8 (0x00d93333) x 6 0x00000000
core   0: 0x800098ec (0x038650b3) divu    ra, a2, s8
core   0: 3 0x800098ec (0x038650b3) x 1 0xffffffff
core   0: 0x800098f0 (0x41d45db3) sra     s11, s0, t4
core   0: 3 0x800098f0 (0x41d45db3) x27 0xffffffff
core   0: 0x800098f4 (0x4019d313) srai    t1, s3, 1
core   0: 3 0x800098f4 (0x4019d313) x 6 0x00000000
core   0: 0x800098f8 (0x0293ef33) rem     t5, t2, s1
core   0: 3 0x800098f8 (0x0293ef33) x30 0x99740000
core   0: 0x800098fc (0x01e09213) slli    tp, ra, 30
core   0: 3 0x800098fc (0x01e09213) x 4 0xc0000000
core   0: 0x80009900 (0x03fbdab3) divu    s5, s7, t6
core   0: 3 0x80009900 (0x03fbdab3) x21 0x00000000
core   0: 0x80009904 (0x03038533) mul     a0, t2, a6
core   0: 3 0x80009904 (0x03038533) x10 0xe3080000
core   0: 0x80009908 (0xbf8394b7) lui     s1, 0xbf839
core   0: 3 0x80009908 (0xbf8394b7) x 9 0xbf839000
core   0: 0x8000990c (0x41b3d533) sra     a0, t2, s11
core   0: 3 0x8000990c (0x41b3d533) x10 0xffffffff
core   0: 0x80009910 (0xab2eb913) sltiu   s2, t4, -1358
core   0: 3 0x80009910 (0xab2eb913) x18 0x00000001
core   0: 0x80009914 (0x03f250b3) divu    ra, tp, t6
core   0: 3 0x80009914 (0x03f250b3) x 1 0xc0000000
core   0: 0x80009918 (0x01620db3) add     s11, tp, s6
core   0: 3 0x80009918 (0x01620db3) x27 0xfffffaac
core   0: 0x8000991c (0x02f587b3) mul     a5, a1, a5
core   0: 3 0x8000991c (0x02f587b3) x15 0x00000000
core   0: 0x80009920 (0x01fadcb3) srl     s9, s5, t6
core   0: 3 0x80009920 (0x01fadcb3) x25 0x00000000
core   0: 0x80009924 (0x01eb8433) add     s0, s7, t5
core   0: 3 0x80009924 (0x01eb8433) x 8 0x99740000
core   0: 0x80009928 (0x03b27bb3) remu    s7, tp, s11
core   0: 3 0x80009928 (0x03b27bb3) x23 0xc0000000
core   0: 0x8000992c (0x016e57b3) srl     a5, t3, s6
core   0: 3 0x8000992c (0x016e57b3) x15 0x00000000
core   0: 0x80009930 (0x4a6b7a97) auipc   s5, 0x4a6b7
core   0: 3 0x80009930 (0x4a6b7a97) x21 0xca6c0930
core   0: 0x80009934 (0x010347b3) xor     a5, t1, a6
core   0: 3 0x80009934 (0x010347b3) x15 0x80014baa
core   0: 0x80009938 (0x4161d993) srai    s3, gp, 22
core   0: 3 0x80009938 (0x4161d993) x19 0x00000000
core   0: 0x8000993c (0x000ddf13) srli    t5, s11, 0
core   0: 3 0x8000993c (0x000ddf13) x30 0xfffffaac
core   0: 0x80009940 (0x4343c4b7) lui     s1, 0x4343c
core   0: 3 0x80009940 (0x4343c4b7) x 9 0x4343c000
core   0: 0x80009944 (0x03561eb3) mulh    t4, a2, s5
core   0: 3 0x80009944 (0x03561eb3) x29 0x00000000
core   0: 0x80009948 (0x001a8e33) add     t3, s5, ra
core   0: 3 0x80009948 (0x001a8e33) x28 0x8a6c0930
core   0: 0x8000994c (0x020f2533) mulhsu  a0, t5, zero
core   0: 3 0x8000994c (0x020f2533) x10 0x00000000
core   0: 0x80009950 (0x002a1e93) slli    t4, s4, 2
core   0: 3 0x80009950 (0x002a1e93) x29 0x00000000
core   0: 0x80009954 (0x41ae8233) sub     tp, t4, s10
core   0: 3 0x80009954 (0x41ae8233) x 4 0x00000001
core   0: 0x80009958 (0x02b8d0b3) divu    ra, a7, a1
core   0: 3 0x80009958 (0x02b8d0b3) x 1 0xffffffff
core   0: 0x8000995c (0x007dd513) srli    a0, s11, 7
core   0: 3 0x8000995c (0x007dd513) x10 0x01fffff5
core   0: 0x80009960 (0x40cb88b3) sub     a7, s7, a2
core   0: 3 0x80009960 (0x40cb88b3) x17 0xc0000000
core   0: 0x80009964 (0x00000013) nop
core   0: 3 0x80009964 (0x00000013)
core   0: 0x80009968 (0xc58c4b13) xori    s6, s8, -936
core   0: 3 0x80009968 (0xc58c4b13) x22 0xfffffc58
core   0: 0x8000996c (0x00417233) and     tp, sp, tp
core   0: 3 0x8000996c (0x00417233) x 4 0x00000000
core   0: 0x80009970 (0xeb330c13) addi    s8, t1, -333
core   0: 3 0x80009970 (0xeb330c13) x24 0xfffffeb3
core   0: 0x80009974 (0x03b79ab3) mulh    s5, a5, s11
core   0: 3 0x80009974 (0x03b79ab3) x21 0x000002a9
core   0: 0x80009978 (0x030e3833) mulhu   a6, t3, a6
core   0: 3 0x80009978 (0x030e3833) x16 0x4536b7ed
core   0: 0x8000997c (0xf796f697) auipc   a3, 0xf796f
core   0: 3 0x8000997c (0xf796f697) x13 0x7797897c
core   0: 0x80009980 (0x40408333) sub     t1, ra, tp
core   0: 3 0x80009980 (0x40408333) x 6 0xffffffff
core   0: 0x80009984 (0x21112893) slti    a7, sp, 529
core   0: 3 0x80009984 (0x21112893) x17 0x00000001
core   0: 0x80009988 (0x1bd22a93) slti    s5, tp, 445
core   0: 3 0x80009988 (0x1bd22a93) x21 0x00000001
core   0: 0x8000998c (0x18e25b37) lui     s6, 0x18e25
core   0: 3 0x8000998c (0x18e25b37) x22 0x18e25000
core   0: 0x80009990 (0x7c376237) lui     tp, 0x7c376
core   0: 3 0x80009990 (0x7c376237) x 4 0x7c376000
core   0: 0x80009994 (0x9f2edeb7) lui     t4, 0x9f2ed
core   0: 3 0x80009994 (0x9f2edeb7) x29 0x9f2ed000
core   0: 0x80009998 (0x40e75b33) sra     s6, a4, a4
core   0: 3 0x80009998 (0x40e75b33) x22 0xf80018ce
core   0: 0x8000999c (0x16736817) auipc   a6, 0x16736
core   0: 3 0x8000999c (0x16736817) x16 0x9673f99c
core   0: 0x800099a0 (0x030ef1b3) remu    gp, t4, a6
core   0: 3 0x800099a0 (0x030ef1b3) x 3 0x08bad664
core   0: 0x800099a4 (0x0118c633) xor     a2, a7, a7
core   0: 3 0x800099a4 (0x0118c633) x12 0x00000000
core   0: 0x800099a8 (0x426ba913) slti    s2, s7, 1062
core   0: 3 0x800099a8 (0x426ba913) x18 0x00000001
core   0: 0x800099ac (0x01a655b3) srl     a1, a2, s10
core   0: 3 0x800099ac (0x01a655b3) x11 0x00000000
core   0: 0x800099b0 (0x00841593) slli    a1, s0, 8
core   0: 3 0x800099b0 (0x00841593) x11 0x74000000
core   0: 0x800099b4 (0x48966317) auipc   t1, 0x48966
core   0: 3 0x800099b4 (0x48966317) x 6 0xc896f9b4
core   0: 0x800099b8 (0x411055b3) sra     a1, zero, a7
core   0: 3 0x800099b8 (0x411055b3) x11 0x00000000
core   0: 0x800099bc (0x019708b3) add     a7, a4, s9
core   0: 3 0x800099bc (0x019708b3) x17 0x80018ce4
core   0: 0x800099c0 (0x405f0233) sub     tp, t5, t0
core   0: 3 0x800099c0 (0x405f0233) x 4 0x09be8d80
core   0: 0x800099c4 (0x00d380b3) add     ra, t2, a3
core   0: 3 0x800099c4 (0x00d380b3) x 1 0x110b897c
core   0: 0x800099c8 (0x0218c1b3) div     gp, a7, ra
core   0: 3 0x800099c8 (0x0218c1b3) x 3 0xfffffff9
core   0: 0x800099cc (0x41d100b3) sub     ra, sp, t4
core   0: 3 0x800099cc (0x41d100b3) x 1 0xe0d27e64
core   0: 0x800099d0 (0x40a1d313) srai    t1, gp, 10
core   0: 3 0x800099d0 (0x40a1d313) x 6 0xffffffff
core   0: 0x800099d4 (0x2525a413) slti    s0, a1, 594
core   0: 3 0x800099d4 (0x2525a413) x 8 0x00000001
core   0: 0x800099d8 (0xdd7abc93) sltiu   s9, s5, -553
core   0: 3 0x800099d8 (0xdd7abc93) x25 0x00000001
core   0: 0x800099dc (0x016bab33) slt     s6, s7, s6
core   0: 3 0x800099dc (0x016bab33) x22 0x00000001
core   0: 0x800099e0 (0x01849c33) sll     s8, s1, s8
core   0: 3 0x800099e0 (0x01849c33) x24 0x00000000
core   0: 0x800099e4 (0x034fb333) mulhu   t1, t6, s4
core   0: 3 0x800099e4 (0x034fb333) x 6 0x00000000
core   0: 0x800099e8 (0x02ac48b3) div     a7, s8, a0
core   0: 3 0x800099e8 (0x02ac48b3) x17 0x00000000
core   0: 0x800099ec (0x394c7f93) andi    t6, s8, 916
core   0: 3 0x800099ec (0x394c7f93) x31 0x00000000
core   0: 0x800099f0 (0x0070fb33) and     s6, ra, t2
core   0: 3 0x800099f0 (0x0070fb33) x22 0x80500000
core   0: 0x800099f4 (0x00891a93) slli    s5, s2, 8
core   0: 3 0x800099f4 (0x00891a93) x21 0x00000100
core   0: 0x800099f8 (0x002aa833) slt     a6, s5, sp
core   0: 3 0x800099f8 (0x002aa833) x16 0x00000000
core   0: 0x800099fc (0x0d2ec493) xori    s1, t4, 210
core   0: 3 0x800099fc (0x0d2ec493) x 9 0x9f2ed0d2
core   0: 0x80009a00 (0xd5336393) ori     t2, t1, -685
core   0: 3 0x80009a00 (0xd5336393) x 7 0xfffffd53
core   0: 0x80009a04 (0x02458fb3) mul     t6, a1, tp
core   0: 3 0x80009a04 (0x02458fb3) x31 0x00000000
core   0: 0x80009a08 (0x209c4693) xori    a3, s8, 521
core   0: 3 0x80009a08 (0x209c4693) x13 0x00000209
core   0: 0x80009a0c (0x409cd413) srai    s0, s9, 9
core   0: 3 0x80009a0c (0x409cd413) x 8 0x00000000
core   0: 0x80009a10 (0x004815b3) sll     a1, a6, tp
core   0: 3 0x80009a10 (0x004815b3) x11 0x00000000
core   0: 0x80009a14 (0xc9204013) xori    zero, zero, -878
core   0: 3 0x80009a14 (0xc9204013)
core   0: 0x80009a18 (0x0099dd33) srl     s10, s3, s1
core   0: 3 0x80009a18 (0x0099dd33) x26 0x00000000
core   0: 0x80009a1c (0xacddca13) xori    s4, s11, -1331
core   0: 3 0x80009a1c (0xacddca13) x20 0x00000061
core   0: 0x80009a20 (0x02cbf433) remu    s0, s7, a2
core   0: 3 0x80009a20 (0x02cbf433) x 8 0xc0000000
core   0: 0x80009a24 (0x002b36b3) sltu    a3, s6, sp
core   0: 3 0x80009a24 (0x002b36b3) x13 0x00000000
core   0: 0x80009a28 (0x0291cfb3) div     t6, gp, s1
core   0: 3 0x80009a28 (0x0291cfb3) x31 0x00000000
core   0: 0x80009a2c (0x03364933) div     s2, a2, s3
core   0: 3 0x80009a2c (0x03364933) x18 0xffffffff
core   0: 0x80009a30 (0x03ba2933) mulhsu  s2, s4, s11
core   0: 3 0x80009a30 (0x03ba2933) x18 0x00000060
core   0: 0x80009a34 (0x036ca3b3) mulhsu  t2, s9, s6
core   0: 3 0x80009a34 (0x036ca3b3) x 7 0x00000000
core   0: 0x80009a38 (0x677fbc13) sltiu   s8, t6, 1655
core   0: 3 0x80009a38 (0x677fbc13) x24 0x00000001
core   0: 0x80009a3c (0x010bc433) xor     s0, s7, a6
core   0: 3 0x80009a3c (0x010bc433) x 8 0xc0000000
core   0: 0x80009a40 (0x02e164b3) rem     s1, sp, a4
core   0: 3 0x80009a40 (0x02e164b3) x 9 0xffffc180
core   0: 0x80009a44 (0x403a8fb3) sub     t6, s5, gp
core   0: 3 0x80009a44 (0x403a8fb3) x31 0x00000107
core   0: 0x80009a48 (0x00cd8933) add     s2, s11, a2
core   0: 3 0x80009a48 (0x00cd8933) x18 0xfffffaac
core   0: 0x80009a4c (0x8fc7ed93) ori     s11, a5, -1796
core   0: 3 0x80009a4c (0x8fc7ed93) x27 0xfffffbfe
core   0: 0x80009a50 (0x00000013) nop
core   0: 3 0x80009a50 (0x00000013)
core   0: 0x80009a54 (0x00cd1c13) slli    s8, s10, 12
core   0: 3 0x80009a54 (0x00cd1c13) x24 0x00000000
core   0: 0x80009a58 (0x52e17413) andi    s0, sp, 1326
core   0: 3 0x80009a58 (0x52e17413) x 8 0x00000424
core   0: 0x80009a5c (0x00557333) and     t1, a0, t0
core   0: 3 0x80009a5c (0x00557333) x 6 0x00416d24
core   0: 0x80009a60 (0x02788fb3) mul     t6, a7, t2
core   0: 3 0x80009a60 (0x02788fb3) x31 0x00000000
core   0: 0x80009a64 (0xc8097a13) andi    s4, s2, -896
core   0: 3 0x80009a64 (0xc8097a13) x20 0xfffff880
core   0: 0x80009a68 (0x00284e33) xor     t3, a6, sp
core   0: 3 0x80009a68 (0x00284e33) x28 0x80014e64
core   0: 0x80009a6c (0x03ecee33) rem     t3, s9, t5
core   0: 3 0x80009a6c (0x03ecee33) x28 0x00000001
core   0: 0x80009a70 (0x5cc1a9b7) lui     s3, 0x5cc1a
core   0: 3 0x80009a70 (0x5cc1a9b7) x19 0x5cc1a000
core   0: 0x80009a74 (0x00c15c33) srl     s8, sp, a2
core   0: 3 0x80009a74 (0x00c15c33) x24 0x80014e64
core   0: 0x80009a78 (0x86b00d93) li      s11, -1941
core   0: 3 0x80009a78 (0x86b00d93) x27 0xfffff86b
core   0: 0x80009a7c (0x01548233) add     tp, s1, s5
core   0: 3 0x80009a7c (0x01548233) x 4 0xffffc280
core   0: 0x80009a80 (0x00b655b3) srl     a1, a2, a1
core   0: 3 0x80009a80 (0x00b655b3) x11 0x00000000
core   0: 0x80009a84 (0x8db67693) andi    a3, a2, -1829
core   0: 3 0x80009a84 (0x8db67693) x13 0x00000000
core   0: 0x80009a88 (0x02189b33) mulh    s6, a7, ra
core   0: 3 0x80009a88 (0x02189b33) x22 0x00000000
core   0: 0x80009a8c (0x03d247b3) div     a5, tp, t4
core   0: 3 0x80009a8c (0x03d247b3) x15 0x00000000
core   0: 0x80009a90 (0x8d199417) auipc   s0, 0x8d199
core   0: 3 0x80009a90 (0x8d199417) x 8 0x0d1a2a90
core   0: 0x80009a94 (0x01c45c33) srl     s8, s0, t3
core   0: 3 0x80009a94 (0x01c45c33) x24 0x068d1548
core   0: 0x80009a98 (0x013bdc93) srli    s9, s7, 19
core   0: 3 0x80009a98 (0x013bdc93) x25 0x00001800
core   0: 0x80009a9c (0x2ae8e813) ori     a6, a7, 686
core   0: 3 0x80009a9c (0x2ae8e813) x16 0x000002ae
core   0: 0x80009aa0 (0x033f8333) mul     t1, t6, s3
core   0: 3 0x80009aa0 (0x033f8333) x 6 0x00000000
core   0: 0x80009aa4 (0x00d3c933) xor     s2, t2, a3
core   0: 3 0x80009aa4 (0x00d3c933) x18 0x00000000
core   0: 0x80009aa8 (0x68e1bc13) sltiu   s8, gp, 1678
core   0: 3 0x80009aa8 (0x68e1bc13) x24 0x00000000
core   0: 0x80009aac (0x0220bdb3) mulhu   s11, ra, sp
core   0: 3 0x80009aac (0x0220bdb3) x27 0x706a64dc
core   0: 0x80009ab0 (0x00b74033) xor     zero, a4, a1
core   0: 3 0x80009ab0 (0x00b74033)
core   0: 0x80009ab4 (0x00e54833) xor     a6, a0, a4
core   0: 3 0x80009ab4 (0x00e54833) x16 0x81fe7311
core   0: 0x80009ab8 (0x408b0833) sub     a6, s6, s0
core   0: 3 0x80009ab8 (0x408b0833) x16 0xf2e5d570
core   0: 0x80009abc (0xb4f17693) andi    a3, sp, -1201
core   0: 3 0x80009abc (0xb4f17693) x13 0x80014a44
core   0: 0x80009ac0 (0x00fe11b3) sll     gp, t3, a5
core   0: 3 0x80009ac0 (0x00fe11b3) x 3 0x00000001
core   0: 0x80009ac4 (0x0385c0b3) div     ra, a1, s8
core   0: 3 0x80009ac4 (0x0385c0b3) x 1 0xffffffff
core   0: 0x80009ac8 (0x02da0533) mul     a0, s4, a3
core   0: 3 0x80009ac8 (0x02da0533) x10 0xf6530200
core   0: 0x80009acc (0x01168533) add     a0, a3, a7
core   0: 3 0x80009acc (0x01168533) x10 0x80014a44
core   0: 0x80009ad0 (0x03ceff33) remu    t5, t4, t3
core   0: 3 0x80009ad0 (0x03ceff33) x30 0x00000000
core   0: 0x80009ad4 (0x0283a433) mulhsu  s0, t2, s0
core   0: 3 0x80009ad4 (0x0283a433) x 8 0x00000000
core   0: 0x80009ad8 (0x78e9a593) slti    a1, s3, 1934
core   0: 3 0x80009ad8 (0x78e9a593) x11 0x00000000
core   0: 0x80009adc (0xb77c7f93) andi    t6, s8, -1161
core   0: 3 0x80009adc (0xb77c7f93) x31 0x00000000
core   0: 0x80009ae0 (0x027d78b3) remu    a7, s10, t2
core   0: 3 0x80009ae0 (0x027d78b3) x17 0x00000000
core   0: 0x80009ae4 (0x0153a833) slt     a6, t2, s5
core   0: 3 0x80009ae4 (0x0153a833) x16 0x00000001
core   0: 0x80009ae8 (0x01c81cb3) sll     s9, a6, t3
core   0: 3 0x80009ae8 (0x01c81cb3) x25 0x00000002
core   0: 0x80009aec (0xa78e0b93) addi    s7, t3, -1416
core   0: 3 0x80009aec (0xa78e0b93) x23 0xfffffa79
core   0: 0x80009af0 (0x0151a533) slt     a0, gp, s5
core   0: 3 0x80009af0 (0x0151a533) x10 0x00000001
core   0: 0x80009af4 (0x02f7a7b3) mulhsu  a5, a5, a5
core   0: 3 0x80009af4 (0x02f7a7b3) x15 0x00000000
core   0: 0x80009af8 (0x01e123b3) slt     t2, sp, t5
core   0: 3 0x80009af8 (0x01e123b3) x 7 0x00000001
core   0: 0x80009afc (0x02e1c8b3) div     a7, gp, a4
core   0: 3 0x80009afc (0x02e1c8b3) x17 0x00000000
core   0: 0x80009b00 (0x40a50fb3) sub     t6, a0, a0
core   0: 3 0x80009b00 (0x40a50fb3) x31 0x00000000
core   0: 0x80009b04 (0x52222d13) slti    s10, tp, 1314
core   0: 3 0x80009b04 (0x52222d13) x26 0x00000001
core   0: 0x80009b08 (0x00000013) nop
core   0: 3 0x80009b08 (0x00000013)
core   0: 0x80009b0c (0x005cb4b3) sltu    s1, s9, t0
core   0: 3 0x80009b0c (0x005cb4b3) x 9 0x00000001
core   0: 0x80009b10 (0x02b2f3b3) remu    t2, t0, a1
core   0: 3 0x80009b10 (0x02b2f3b3) x 7 0xf6416d2c
core   0: 0x80009b14 (0x00bafc33) and     s8, s5, a1
core   0: 3 0x80009b14 (0x00bafc33) x24 0x00000000
core   0: 0x80009b18 (0x028644b3) div     s1, a2, s0
core   0: 3 0x80009b18 (0x028644b3) x 9 0xffffffff
core   0: 0x80009b1c (0x00122cb3) slt     s9, tp, ra
core   0: 3 0x80009b1c (0x00122cb3) x25 0x00000001
core   0: 0x80009b20 (0xed423513) sltiu   a0, tp, -300
core   0: 3 0x80009b20 (0xed423513) x10 0x00000001
core   0: 0x80009b24 (0x01b14f33) xor     t5, sp, s11
core   0: 3 0x80009b24 (0x01b14f33) x30 0xf06b2ab8
core   0: 0x80009b28 (0x03de0fb3) mul     t6, t3, t4
core   0: 3 0x80009b28 (0x03de0fb3) x31 0x9f2ed000
core   0: 0x80009b2c (0x406c5893) srai    a7, s8, 6
core   0: 3 0x80009b2c (0x406c5893) x17 0x00000000
core   0: 0x80009b30 (0x0160c3b3) xor     t2, ra, s6
core   0: 3 0x80009b30 (0x0160c3b3) x 7 0xffffffff
core   0: 0x80009b34 (0x027f54b3) divu    s1, t5, t2
core   0: 3 0x80009b34 (0x027f54b3) x 9 0x00000000
core   0: 0x80009b38 (0x55dae913) ori     s2, s5, 1373
core   0: 3 0x80009b38 (0x55dae913) x18 0x0000055d
core   0: 0x80009b3c (0x00a1df93) srli    t6, gp, 10
core   0: 3 0x80009b3c (0x00a1df93) x31 0x00000000
core   0: 0x80009b40 (0x0037fa33) and     s4, a5, gp
core   0: 3 0x80009b40 (0x0037fa33) x20 0x00000000
core   0: 0x80009b44 (0x02fb2c33) mulhsu  s8, s6, a5
core   0: 3 0x80009b44 (0x02fb2c33) x24 0x00000000
core   0: 0x80009b48 (0x7694a993) slti    s3, s1, 1897
core   0: 3 0x80009b48 (0x7694a993) x19 0x00000001
core   0: 0x80009b4c (0x01ec5013) srli    zero, s8, 30
core   0: 3 0x80009b4c (0x01ec5013)
core   0: 0x80009b50 (0x019a1433) sll     s0, s4, s9
core   0: 3 0x80009b50 (0x019a1433) x 8 0x00000000
core   0: 0x80009b54 (0x00db0a33) add     s4, s6, a3
core   0: 3 0x80009b54 (0x00db0a33) x20 0x80014a44
core   0: 0x80009b58 (0x037ef033) remu    zero, t4, s7
core   0: 3 0x80009b58 (0x037ef033)
core   0: 0x80009b5c (0x006fcf33) xor     t5, t6, t1
core   0: 3 0x80009b5c (0x006fcf33) x30 0x00000000
core   0: 0x80009b60 (0x0195e633) or      a2, a1, s9
core   0: 3 0x80009b60 (0x0195e633) x12 0x00000001
core   0: 0x80009b64 (0x02600e33) mul     t3, zero, t1
core   0: 3 0x80009b64 (0x02600e33) x28 0x00000000
core   0: 0x80009b68 (0x010cda13) srli    s4, s9, 16
core   0: 3 0x80009b68 (0x010cda13) x20 0x00000000
core   0: 0x80009b6c (0x41ac5a93) srai    s5, s8, 26
core   0: 3 0x80009b6c (0x41ac5a93) x21 0x00000000
core   0: 0x80009b70 (0x03863db3) mulhu   s11, a2, s8
core   0: 3 0x80009b70 (0x03863db3) x27 0x00000000
core   0: 0x80009b74 (0x410b8db3) sub     s11, s7, a6
core   0: 3 0x80009b74 (0x410b8db3) x27 0xfffffa78
core   0: 0x80009b78 (0x039c6633) rem     a2, s8, s9
core   0: 3 0x80009b78 (0x039c6633) x12 0x00000000
core   0: 0x80009b7c (0x009e5e13) srli    t3, t3, 9
core   0: 3 0x80009b7c (0x009e5e13) x28 0x00000000
core   0: 0x80009b80 (0x00000013) nop
core   0: 3 0x80009b80 (0x00000013)
core   0: 0x80009b84 (0x03d595b3) mulh    a1, a1, t4
core   0: 3 0x80009b84 (0x03d595b3) x11 0x00000000
core   0: 0x80009b88 (0x032a9233) mulh    tp, s5, s2
core   0: 3 0x80009b88 (0x032a9233) x 4 0x00000000
core   0: 0x80009b8c (0x02ee60b3) rem     ra, t3, a4
core   0: 3 0x80009b8c (0x02ee60b3) x 1 0x00000000
core   0: 0x80009b90 (0x025115b3) mulh    a1, sp, t0
core   0: 3 0x80009b90 (0x025115b3) x11 0x04df3caf
core   0: 0x80009b94 (0x038b0a33) mul     s4, s6, s8
core   0: 3 0x80009b94 (0x038b0a33) x20 0x00000000
core   0: 0x80009b98 (0xb8deb797) auipc   a5, 0xb8deb
core   0: 3 0x80009b98 (0xb8deb797) x15 0x38df4b98
core   0: 0x80009b9c (0x00eebe33) sltu    t3, t4, a4
core   0: 3 0x80009b9c (0x00eebe33) x28 0x00000000
core   0: 0x80009ba0 (0x00000013) nop
core   0: 3 0x80009ba0 (0x00000013)
core   0: 0x80009ba4 (0x03703233) mulhu   tp, zero, s7
core   0: 3 0x80009ba4 (0x03703233) x 4 0x00000000
core   0: 0x80009ba8 (0x417f1397) auipc   t2, 0x417f1
core   0: 3 0x80009ba8 (0x417f1397) x 7 0xc17faba8
core   0: 0x80009bac (0x890b8a13) addi    s4, s7, -1904
core   0: 3 0x80009bac (0x890b8a13) x20 0xfffff309
core   0: 0x80009bb0 (0x41a8d3b3) sra     t2, a7, s10
core   0: 3 0x80009bb0 (0x41a8d3b3) x 7 0x00000000
core   0: 0x80009bb4 (0x02f6f3b3) remu    t2, a3, a5
core   0: 3 0x80009bb4 (0x02f6f3b3) x 7 0x0e42b314
core   0: 0x80009bb8 (0x027681b3) mul     gp, a3, t2
core   0: 3 0x80009bb8 (0x027681b3) x 3 0xc48f5950
core   0: 0x80009bbc (0x01dcb033) sltu    zero, s9, t4
core   0: 3 0x80009bbc (0x01dcb033)
core   0: 0x80009bc0 (0x01214633) xor     a2, sp, s2
core   0: 3 0x80009bc0 (0x01214633) x12 0x80014b39
core   0: 0x80009bc4 (0xb2916237) lui     tp, 0xb2916
core   0: 3 0x80009bc4 (0xb2916237) x 4 0xb2916000
core   0: 0x80009bc8 (0x00000013) nop
core   0: 3 0x80009bc8 (0x00000013)
core   0: 0x80009bcc (0x008aa4b3) slt     s1, s5, s0
core   0: 3 0x80009bcc (0x008aa4b3) x 9 0x00000000
core   0: 0x80009bd0 (0x022bdbb3) divu    s7, s7, sp
core   0: 3 0x80009bd0 (0x022bdbb3) x23 0x00000001
core   0: 0x80009bd4 (0x41a5d1b3) sra     gp, a1, s10
core   0: 3 0x80009bd4 (0x41a5d1b3) x 3 0x026f9e57
core   0: 0x80009bd8 (0x00749b93) slli    s7, s1, 7
core   0: 3 0x80009bd8 (0x00749b93) x23 0x00000000
core   0: 0x80009bdc (0x00d0d693) srli    a3, ra, 13
core   0: 3 0x80009bdc (0x00d0d693) x13 0x00000000
core   0: 0x80009be0 (0x025778b3) remu    a7, a4, t0
core   0: 3 0x80009be0 (0x025778b3) x17 0x80018ce4
core   0: 0x80009be4 (0x2e56f513) andi    a0, a3, 741
core   0: 3 0x80009be4 (0x2e56f513) x10 0x00000000
core   0: 0x80009be8 (0x3ac43e13) sltiu   t3, s0, 940
core   0: 3 0x80009be8 (0x3ac43e13) x28 0x00000001
core   0: 0x80009bec (0xa3517d93) andi    s11, sp, -1483
core   0: 3 0x80009bec (0xa3517d93) x27 0x80014a24
core   0: 0x80009bf0 (0xa8cc6c17) auipc   s8, 0xa8cc6
core   0: 3 0x80009bf0 (0xa8cc6c17) x24 0x28ccfbf0
core   0: 0x80009bf4 (0x409551b3) sra     gp, a0, s1
core   0: 3 0x80009bf4 (0x409551b3) x 3 0x00000000
core   0: 0x80009bf8 (0x01af3033) sltu    zero, t5, s10
core   0: 3 0x80009bf8 (0x01af3033)
core   0: 0x80009bfc (0x03638533) mul     a0, t2, s6
core   0: 3 0x80009bfc (0x03638533) x10 0x00000000
core   0: 0x80009c00 (0x03f0b6b3) mulhu   a3, ra, t6
core   0: 3 0x80009c00 (0x03f0b6b3) x13 0x00000000
core   0: 0x80009c04 (0xc256f093) andi    ra, a3, -987
core   0: 3 0x80009c04 (0xc256f093) x 1 0x00000000
core   0: 0x80009c08 (0x01e9f1b3) and     gp, s3, t5
core   0: 3 0x80009c08 (0x01e9f1b3) x 3 0x00000000
core   0: 0x80009c0c (0x021bb033) mulhu   zero, s7, ra
core   0: 3 0x80009c0c (0x021bb033)
core   0: 0x80009c10 (0x003bffb3) and     t6, s7, gp
core   0: 3 0x80009c10 (0x003bffb3) x31 0x00000000
core   0: 0x80009c14 (0x020a0933) mul     s2, s4, zero
core   0: 3 0x80009c14 (0x020a0933) x18 0x00000000
core   0: 0x80009c18 (0x0175d493) srli    s1, a1, 23
core   0: 3 0x80009c18 (0x0175d493) x 9 0x00000009
core   0: 0x80009c1c (0x03faa533) mulhsu  a0, s5, t6
core   0: 3 0x80009c1c (0x03faa533) x10 0x00000000
core   0: 0x80009c20 (0x00000013) nop
core   0: 3 0x80009c20 (0x00000013)
core   0: 0x80009c24 (0x018523b3) slt     t2, a0, s8
core   0: 3 0x80009c24 (0x018523b3) x 7 0x00000001
core   0: 0x80009c28 (0x00311fb3) sll     t6, sp, gp
core   0: 3 0x80009c28 (0x00311fb3) x31 0x80014e64
core   0: 0x80009c2c (0xee6f4a13) xori    s4, t5, -282
core   0: 3 0x80009c2c (0xee6f4a13) x20 0xfffffee6
core   0: 0x80009c30 (0x03ad7db3) remu    s11, s10, s10
core   0: 3 0x80009c30 (0x03ad7db3) x27 0x00000000
core   0: 0x80009c34 (0x4813c993) xori    s3, t2, 1153
core   0: 3 0x80009c34 (0x4813c993) x19 0x00000480
core   0: 0x80009c38 (0x87674893) xori    a7, a4, -1930
core   0: 3 0x80009c38 (0x87674893) x17 0x7ffe7492
core   0: 0x80009c3c (0x41ced013) srai    zero, t4, 28
core   0: 3 0x80009c3c (0x41ced013)
core   0: 0x80009c40 (0x027533b3) mulhu   t2, a0, t2
core   0: 3 0x80009c40 (0x027533b3) x 7 0x00000000
core   0: 0x80009c44 (0x0c6f6017) auipc   zero, 0xc6f6
core   0: 3 0x80009c44 (0x0c6f6017)
core   0: 0x80009c48 (0x00000013) nop
core   0: 3 0x80009c48 (0x00000013)
core   0: 0x80009c4c (0x450d6c93) ori     s9, s10, 1104
core   0: 3 0x80009c4c (0x450d6c93) x25 0x00000451
core   0: 0x80009c50 (0x022bedb3) rem     s11, s7, sp
core   0: 3 0x80009c50 (0x022bedb3) x27 0x00000000
core   0: 0x80009c54 (0x01c05213) srli    tp, zero, 28
core   0: 3 0x80009c54 (0x01c05213) x 4 0x00000000
core   0: 0x80009c58 (0x79273d13) sltiu   s10, a4, 1938
core   0: 3 0x80009c58 (0x79273d13) x26 0x00000000
core   0: 0x80009c5c (0x743d7c13) andi    s8, s10, 1859
core   0: 3 0x80009c5c (0x743d7c13) x24 0x00000000
core   0: 0x80009c60 (0x38f9ce93) xori    t4, s3, 911
core   0: 3 0x80009c60 (0x38f9ce93) x29 0x0000070f
core   0: 0x80009c64 (0x41f15a93) srai    s5, sp, 31
core   0: 3 0x80009c64 (0x41f15a93) x21 0xffffffff
core   0: 0x80009c68 (0x01a09f93) slli    t6, ra, 26
core   0: 3 0x80009c68 (0x01a09f93) x31 0x00000000
core   0: 0x80009c6c (0x97234993) xori    s3, t1, -1678
core   0: 3 0x80009c6c (0x97234993) x19 0xfffff972
core   0: 0x80009c70 (0x0114bd33) sltu    s10, s1, a7
core   0: 3 0x80009c70 (0x0114bd33) x26 0x00000001
core   0: 0x80009c74 (0x0089c333) xor     t1, s3, s0
core   0: 3 0x80009c74 (0x0089c333) x 6 0xfffff972
core   0: 0x80009c78 (0x00601933) sll     s2, zero, t1
core   0: 3 0x80009c78 (0x00601933) x18 0x00000000
core   0: 0x80009c7c (0x038fc3b3) div     t2, t6, s8
core   0: 3 0x80009c7c (0x038fc3b3) x 7 0xffffffff
core   0: 0x80009c80 (0x300b3593) sltiu   a1, s6, 768
core   0: 3 0x80009c80 (0x300b3593) x11 0x00000001
core   0: 0x80009c84 (0x02a6b233) mulhu   tp, a3, a0
core   0: 3 0x80009c84 (0x02a6b233) x 4 0x00000000
core   0: 0x80009c88 (0x69aa2693) slti    a3, s4, 1690
core   0: 3 0x80009c88 (0x69aa2693) x13 0x00000001
core   0: 0x80009c8c (0x67166f13) ori     t5, a2, 1649
core   0: 3 0x80009c8c (0x67166f13) x30 0x80014f79
core   0: 0x80009c90 (0x3cc9a193) slti    gp, s3, 972
core   0: 3 0x80009c90 (0x3cc9a193) x 3 0x00000001
core   0: 0x80009c94 (0x0123ac33) slt     s8, t2, s2
core   0: 3 0x80009c94 (0x0123ac33) x24 0x00000001
core   0: 0x80009c98 (0x0154d633) srl     a2, s1, s5
core   0: 3 0x80009c98 (0x0154d633) x12 0x00000000
core   0: 0x80009c9c (0x03b4e4b3) rem     s1, s1, s11
core   0: 3 0x80009c9c (0x03b4e4b3) x 9 0x00000009
core   0: 0x80009ca0 (0x722c0393) addi    t2, s8, 1826
core   0: 3 0x80009ca0 (0x722c0393) x 7 0x00000723
core   0: 0x80009ca4 (0x36d0ef97) auipc   t6, 0x36d0e
core   0: 3 0x80009ca4 (0x36d0ef97) x31 0xb6d17ca4
core   0: 0x80009ca8 (0xb1b8f213) andi    tp, a7, -1253
core   0: 3 0x80009ca8 (0xb1b8f213) x 4 0x7ffe7012
core   0: 0x80009cac (0x01dacd33) xor     s10, s5, t4
core   0: 3 0x80009cac (0x01dacd33) x26 0xfffff8f0
core   0: 0x80009cb0 (0x00545013) srli    zero, s0, 5
core   0: 3 0x80009cb0 (0x00545013)
core   0: 0x80009cb4 (0x029c47b3) div     a5, s8, s1
core   0: 3 0x80009cb4 (0x029c47b3) x15 0x00000000
core   0: 0x80009cb8 (0x41a45a93) srai    s5, s0, 26
core   0: 3 0x80009cb8 (0x41a45a93) x21 0x00000000
core   0: 0x80009cbc (0x194570b7) lui     ra, 0x19457
core   0: 3 0x80009cbc (0x194570b7) x 1 0x19457000
core   0: 0x80009cc0 (0x008648b3) xor     a7, a2, s0
core   0: 3 0x80009cc0 (0x008648b3) x17 0x00000000
core   0: 0x80009cc4 (0x004a5d93) srli    s11, s4, 4
core   0: 3 0x80009cc4 (0x004a5d93) x27 0x0fffffee
core   0: 0x80009cc8 (0x0058da93) srli    s5, a7, 5
core   0: 3 0x80009cc8 (0x0058da93) x21 0x00000000
core   0: 0x80009ccc (0x029736b3) mulhu   a3, a4, s1
core   0: 3 0x80009ccc (0x029736b3) x13 0x00000004
core   0: 0x80009cd0 (0x02daf5b3) remu    a1, s5, a3
core   0: 3 0x80009cd0 (0x02daf5b3) x11 0x00000000
core   0: 0x80009cd4 (0x9fffb797) auipc   a5, 0x9fffb
core   0: 3 0x80009cd4 (0x9fffb797) x15 0x20004cd4
core   0: 0x80009cd8 (0x02ebac33) mulhsu  s8, s7, a4
core   0: 3 0x80009cd8 (0x02ebac33) x24 0x00000000
core   0: 0x80009cdc (0x00c57533) and     a0, a0, a2
core   0: 3 0x80009cdc (0x00c57533) x10 0x00000000
core   0: 0x80009ce0 (0x00f61ab3) sll     s5, a2, a5
core   0: 3 0x80009ce0 (0x00f61ab3) x21 0x00000000
core   0: 0x80009ce4 (0x019bf033) and     zero, s7, s9
core   0: 3 0x80009ce4 (0x019bf033)
core   0: 0x80009ce8 (0x02279333) mulh    t1, a5, sp
core   0: 3 0x80009ce8 (0x02279333) x 6 0xf0000362
core   0: 0x80009cec (0x01f61533) sll     a0, a2, t6
core   0: 3 0x80009cec (0x01f61533) x10 0x00000000
core   0: 0x80009cf0 (0xedaf8193) addi    gp, t6, -294
core   0: 3 0x80009cf0 (0xedaf8193) x 3 0xb6d17b7e
core   0: 0x80009cf4 (0xad933e93) sltiu   t4, t1, -1319
core   0: 3 0x80009cf4 (0xad933e93) x29 0x00000001
core   0: 0x80009cf8 (0x407ed313) srai    t1, t4, 7
core   0: 3 0x80009cf8 (0x407ed313) x 6 0x00000000
core   0: 0x80009cfc (0x0221f433) remu    s0, gp, sp
core   0: 3 0x80009cfc (0x0221f433) x 8 0x36d02d1a
core   0: 0x80009d00 (0x0313f6b3) remu    a3, t2, a7
core   0: 3 0x80009d00 (0x0313f6b3) x13 0x00000723
core   0: 0x80009d04 (0x0266b333) mulhu   t1, a3, t1
core   0: 3 0x80009d04 (0x0266b333) x 6 0x00000000
core   0: 0x80009d08 (0x00465c93) srli    s9, a2, 4
core   0: 3 0x80009d08 (0x00465c93) x25 0x00000000
core   0: 0x80009d0c (0x5992f213) andi    tp, t0, 1433
core   0: 3 0x80009d0c (0x5992f213) x 4 0x00000508
core   0: 0x80009d10 (0x0277f3b3) remu    t2, a5, t2
core   0: 3 0x80009d10 (0x0277f3b3) x 7 0x0000041c
core   0: 0x80009d14 (0x946a86b7) lui     a3, 0x946a8
core   0: 3 0x80009d14 (0x946a86b7) x13 0x946a8000
core   0: 0x80009d18 (0x037aedb3) rem     s11, s5, s7
core   0: 3 0x80009d18 (0x037aedb3) x27 0x00000000
core   0: 0x80009d1c (0x02b4a333) mulhsu  t1, s1, a1
core   0: 3 0x80009d1c (0x02b4a333) x 6 0x00000000
core   0: 0x80009d20 (0x02a009b3) mul     s3, zero, a0
core   0: 3 0x80009d20 (0x02a009b3) x19 0x00000000
core   0: 0x80009d24 (0xaefbc213) xori    tp, s7, -1297
core   0: 3 0x80009d24 (0xaefbc213) x 4 0xfffffaef
core   0: 0x80009d28 (0x2703ef13) ori     t5, t2, 624
core   0: 3 0x80009d28 (0x2703ef13) x30 0x0000067c
core   0: 0x80009d2c (0x0048d913) srli    s2, a7, 4
core   0: 3 0x80009d2c (0x0048d913) x18 0x00000000
core   0: 0x80009d30 (0x019d5913) srli    s2, s10, 25
core   0: 3 0x80009d30 (0x019d5913) x18 0x0000007f
core   0: 0x80009d34 (0x35e3ae93) slti    t4, t2, 862
core   0: 3 0x80009d34 (0x35e3ae93) x29 0x00000000
core   0: 0x80009d38 (0x0190c933) xor     s2, ra, s9
core   0: 3 0x80009d38 (0x0190c933) x18 0x19457000
core   0: 0x80009d3c (0x00fb5a33) srl     s4, s6, a5
core   0: 3 0x80009d3c (0x00fb5a33) x20 0x00000000
core   0: 0x80009d40 (0x40755593) srai    a1, a0, 7
core   0: 3 0x80009d40 (0x40755593) x11 0x00000000
core   0: 0x80009d44 (0x00fb9e93) slli    t4, s7, 15
core   0: 3 0x80009d44 (0x00fb9e93) x29 0x00000000
core   0: 0x80009d48 (0x40f85513) srai    a0, a6, 15
core   0: 3 0x80009d48 (0x40f85513) x10 0x00000000
core   0: 0x80009d4c (0x012c3433) sltu    s0, s8, s2
core   0: 3 0x80009d4c (0x012c3433) x 8 0x00000001
core   0: 0x80009d50 (0x025ae0b3) rem     ra, s5, t0
core   0: 3 0x80009d50 (0x025ae0b3) x 1 0x00000000
core   0: 0x80009d54 (0xc3513493) sltiu   s1, sp, -971
core   0: 3 0x80009d54 (0xc3513493) x 9 0x00000001
core   0: 0x80009d58 (0x011ca333) slt     t1, s9, a7
core   0: 3 0x80009d58 (0x011ca333) x 6 0x00000000
core   0: 0x80009d5c (0x00000297) auipc   t0, 0x0
core   0: 3 0x80009d5c (0x00000297) x 5 0x80009d5c
core   0: 0x80009d60 (0x00c28293) addi    t0, t0, 12
core   0: 3 0x80009d60 (0x00c28293) x 5 0x80009d68
core   0: 0x80009d64 (0x00028067) jr      t0
core   0: 3 0x80009d64 (0x00028067)
core   0: 0x80009d68 (0x00100193) li      gp, 1
core   0: 3 0x80009d68 (0x00100193) x 3 0x00000001
core   0: 0x80009d6c (0x00000073) ecall
core   0: exception trap_machine_ecall, epc 0x80009d6c
core   0: >>>>  mtvec_handler
core   0: 0x80009d80 (0xffc70713) addi    a4, a4, -4
core   0: 3 0x80009d80 (0xffc70713) x14 0x80018ce0
core   0: 0x80009d84 (0x00272023) sw      sp, 0(a4)
core   0: 3 0x80009d84 (0x00272023) mem 0x80018ce0 0x80014e64
core   0: 0x80009d88 (0x00070133) add     sp, a4, zero
core   0: 3 0x80009d88 (0x00070133) x 2 0x80018ce0
core   0: 0x80009d8c (0xf8010113) addi    sp, sp, -128
core   0: 3 0x80009d8c (0xf8010113) x 2 0x80018c60
core   0: 0x80009d90 (0x00112223) sw      ra, 4(sp)
core   0: 3 0x80009d90 (0x00112223) mem 0x80018c64 0x00000000
core   0: 0x80009d94 (0x00212423) sw      sp, 8(sp)
core   0: 3 0x80009d94 (0x00212423) mem 0x80018c68 0x80018c60
core   0: 0x80009d98 (0x00312623) sw      gp, 12(sp)
core   0: 3 0x80009d98 (0x00312623) mem 0x80018c6c 0x00000001
core   0: 0x80009d9c (0x00412823) sw      tp, 16(sp)
core   0: 3 0x80009d9c (0x00412823) mem 0x80018c70 0xfffffaef
core   0: 0x80009da0 (0x00512a23) sw      t0, 20(sp)
core   0: 3 0x80009da0 (0x00512a23) mem 0x80018c74 0x80009d68
core   0: 0x80009da4 (0x00612c23) sw      t1, 24(sp)
core   0: 3 0x80009da4 (0x00612c23) mem 0x80018c78 0x00000000
core   0: 0x80009da8 (0x00712e23) sw      t2, 28(sp)
core   0: 3 0x80009da8 (0x00712e23) mem 0x80018c7c 0x0000041c
core   0: 0x80009dac (0x02812023) sw      s0, 32(sp)
core   0: 3 0x80009dac (0x02812023) mem 0x80018c80 0x00000001
core   0: 0x80009db0 (0x02912223) sw      s1, 36(sp)
core   0: 3 0x80009db0 (0x02912223) mem 0x80018c84 0x00000001
core   0: 0x80009db4 (0x02a12423) sw      a0, 40(sp)
core   0: 3 0x80009db4 (0x02a12423) mem 0x80018c88 0x00000000
core   0: 0x80009db8 (0x02b12623) sw      a1, 44(sp)
core   0: 3 0x80009db8 (0x02b12623) mem 0x80018c8c 0x00000000
core   0: 0x80009dbc (0x02c12823) sw      a2, 48(sp)
core   0: 3 0x80009dbc (0x02c12823) mem 0x80018c90 0x00000000
core   0: 0x80009dc0 (0x02d12a23) sw      a3, 52(sp)
core   0: 3 0x80009dc0 (0x02d12a23) mem 0x80018c94 0x946a8000
core   0: 0x80009dc4 (0x02e12c23) sw      a4, 56(sp)
core   0: 3 0x80009dc4 (0x02e12c23) mem 0x80018c98 0x80018ce0
core   0: 0x80009dc8 (0x02f12e23) sw      a5, 60(sp)
core   0: 3 0x80009dc8 (0x02f12e23) mem 0x80018c9c 0x20004cd4
core   0: 0x80009dcc (0x05012023) sw      a6, 64(sp)
core   0: 3 0x80009dcc (0x05012023) mem 0x80018ca0 0x00000001
core   0: 0x80009dd0 (0x05112223) sw      a7, 68(sp)
core   0: 3 0x80009dd0 (0x05112223) mem 0x80018ca4 0x00000000
core   0: 0x80009dd4 (0x05212423) sw      s2, 72(sp)
core   0: 3 0x80009dd4 (0x05212423) mem 0x80018ca8 0x19457000
core   0: 0x80009dd8 (0x05312623) sw      s3, 76(sp)
core   0: 3 0x80009dd8 (0x05312623) mem 0x80018cac 0x00000000
core   0: 0x80009ddc (0x05412823) sw      s4, 80(sp)
core   0: 3 0x80009ddc (0x05412823) mem 0x80018cb0 0x00000000
core   0: 0x80009de0 (0x05512a23) sw      s5, 84(sp)
core   0: 3 0x80009de0 (0x05512a23) mem 0x80018cb4 0x00000000
core   0: 0x80009de4 (0x05612c23) sw      s6, 88(sp)
core   0: 3 0x80009de4 (0x05612c23) mem 0x80018cb8 0x00000000
core   0: 0x80009de8 (0x05712e23) sw      s7, 92(sp)
core   0: 3 0x80009de8 (0x05712e23) mem 0x80018cbc 0x00000000
core   0: 0x80009dec (0x07812023) sw      s8, 96(sp)
core   0: 3 0x80009dec (0x07812023) mem 0x80018cc0 0x00000000
core   0: 0x80009df0 (0x07912223) sw      s9, 100(sp)
core   0: 3 0x80009df0 (0x07912223) mem 0x80018cc4 0x00000000
core   0: 0x80009df4 (0x07a12423) sw      s10, 104(sp)
core   0: 3 0x80009df4 (0x07a12423) mem 0x80018cc8 0xfffff8f0
core   0: 0x80009df8 (0x07b12623) sw      s11, 108(sp)
core   0: 3 0x80009df8 (0x07b12623) mem 0x80018ccc 0x00000000
core   0: 0x80009dfc (0x07c12823) sw      t3, 112(sp)
core   0: 3 0x80009dfc (0x07c12823) mem 0x80018cd0 0x00000001
core   0: 0x80009e00 (0x07d12a23) sw      t4, 116(sp)
core   0: 3 0x80009e00 (0x07d12a23) mem 0x80018cd4 0x00000000
core   0: 0x80009e04 (0x07e12c23) sw      t5, 120(sp)
core   0: 3 0x80009e04 (0x07e12c23) mem 0x80018cd8 0x0000067c
core   0: 0x80009e08 (0x07f12e23) sw      t6, 124(sp)
core   0: 3 0x80009e08 (0x07f12e23) mem 0x80018cdc 0xb6d17ca4
core   0: 0x80009e0c (0x00010733) add     a4, sp, zero
core   0: 3 0x80009e0c (0x00010733) x14 0x80018c60
core   0: 0x80009e10 (0x30002b73) csrr    s6, mstatus
core   0: 3 0x80009e10 (0x30002b73) x22 0x00001800
core   0: 0x80009e14 (0x34202b73) csrr    s6, mcause
core   0: 3 0x80009e14 (0x34202b73) x22 0x0000000b
core   0: 0x80009e18 (0x01fb5b13) srli    s6, s6, 31
core   0: 3 0x80009e18 (0x01fb5b13) x22 0x00000000
core   0: 0x80009e1c (0x400b1463) bnez    s6, pc + 1032
core   0: 3 0x80009e1c (0x400b1463)
core   0: 0x80009e20 (0x34102b73) csrr    s6, mepc
core   0: 3 0x80009e20 (0x34102b73) x22 0x80009d6c
core   0: 0x80009e24 (0x34202b73) csrr    s6, mcause
core   0: 3 0x80009e24 (0x34202b73) x22 0x0000000b
core   0: 0x80009e28 (0x00300593) li      a1, 3
core   0: 3 0x80009e28 (0x00300593) x11 0x00000003
core   0: 0x80009e2c (0x2abb0a63) beq     s6, a1, pc + 692
core   0: 3 0x80009e2c (0x2abb0a63)
core   0: 0x80009e30 (0x00800593) li      a1, 8
core   0: 3 0x80009e30 (0x00800593) x11 0x00000008
core   0: 0x80009e34 (0x04bb0e63) beq     s6, a1, pc + 92
core   0: 3 0x80009e34 (0x04bb0e63)
core   0: 0x80009e38 (0x00900593) li      a1, 9
core   0: 3 0x80009e38 (0x00900593) x11 0x00000009
core   0: 0x80009e3c (0x04bb0a63) beq     s6, a1, pc + 84
core   0: 3 0x80009e3c (0x04bb0a63)
core   0: 0x80009e40 (0x00b00593) li      a1, 11
core   0: 3 0x80009e40 (0x00b00593) x11 0x0000000b
core   0: 0x80009e44 (0x04bb0663) beq     s6, a1, pc + 76
core   0: 3 0x80009e44 (0x04bb0663)
core   0: 0x80009e90 (0xffff6b17) auipc   s6, 0xffff6
core   0: 3 0x80009e90 (0xffff6b17) x22 0x7ffffe90
core   0: 0x80009e94 (0x170b0b13) addi    s6, s6, 368
core   0: 3 0x80009e94 (0x170b0b13) x22 0x80000000
core   0: 0x80009e98 (0x000b2023) sw      zero, 0(s6)
core   0: 3 0x80009e98 (0x000b2023) mem 0x80000000 0x00000000
core   0: 0x80009e9c (0x001b2223) sw      ra, 4(s6)
core   0: 3 0x80009e9c (0x001b2223) mem 0x80000004 0x00000000
core   0: 0x80009ea0 (0x002b2423) sw      sp, 8(s6)
core   0: 3 0x80009ea0 (0x002b2423) mem 0x80000008 0x80018c60
core   0: 0x80009ea4 (0x003b2623) sw      gp, 12(s6)
core   0: 3 0x80009ea4 (0x003b2623) mem 0x8000000c 0x00000001
core   0: 0x80009ea8 (0x004b2823) sw      tp, 16(s6)
core   0: 3 0x80009ea8 (0x004b2823) mem 0x80000010 0xfffffaef
core   0: 0x80009eac (0x005b2a23) sw      t0, 20(s6)
core   0: 3 0x80009eac (0x005b2a23) mem 0x80000014 0x80009d68
core   0: 0x80009eb0 (0x006b2c23) sw      t1, 24(s6)
core   0: 3 0x80009eb0 (0x006b2c23) mem 0x80000018 0x00000000
core   0: 0x80009eb4 (0x007b2e23) sw      t2, 28(s6)
core   0: 3 0x80009eb4 (0x007b2e23) mem 0x8000001c 0x0000041c
core   0: 0x80009eb8 (0x028b2023) sw      s0, 32(s6)
core   0: 3 0x80009eb8 (0x028b2023) mem 0x80000020 0x00000001
core   0: 0x80009ebc (0x029b2223) sw      s1, 36(s6)
core   0: 3 0x80009ebc (0x029b2223) mem 0x80000024 0x00000001
core   0: 0x80009ec0 (0x02ab2423) sw      a0, 40(s6)
core   0: 3 0x80009ec0 (0x02ab2423) mem 0x80000028 0x00000000
core   0: 0x80009ec4 (0x02bb2623) sw      a1, 44(s6)
core   0: 3 0x80009ec4 (0x02bb2623) mem 0x8000002c 0x0000000b
core   0: 0x80009ec8 (0x02cb2823) sw      a2, 48(s6)
core   0: 3 0x80009ec8 (0x02cb2823) mem 0x80000030 0x00000000
core   0: 0x80009ecc (0x02db2a23) sw      a3, 52(s6)
core   0: 3 0x80009ecc (0x02db2a23) mem 0x80000034 0x946a8000
core   0: 0x80009ed0 (0x02eb2c23) sw      a4, 56(s6)
core   0: 3 0x80009ed0 (0x02eb2c23) mem 0x80000038 0x80018c60
core   0: 0x80009ed4 (0x02fb2e23) sw      a5, 60(s6)
core   0: 3 0x80009ed4 (0x02fb2e23) mem 0x8000003c 0x20004cd4
core   0: 0x80009ed8 (0x050b2023) sw      a6, 64(s6)
core   0: 3 0x80009ed8 (0x050b2023) mem 0x80000040 0x00000001
core   0: 0x80009edc (0x051b2223) sw      a7, 68(s6)
core   0: 3 0x80009edc (0x051b2223) mem 0x80000044 0x00000000
core   0: 0x80009ee0 (0x052b2423) sw      s2, 72(s6)
core   0: 3 0x80009ee0 (0x052b2423) mem 0x80000048 0x19457000
core   0: 0x80009ee4 (0x053b2623) sw      s3, 76(s6)
core   0: 3 0x80009ee4 (0x053b2623) mem 0x8000004c 0x00000000
core   0: 0x80009ee8 (0x054b2823) sw      s4, 80(s6)
core   0: 3 0x80009ee8 (0x054b2823) mem 0x80000050 0x00000000
core   0: 0x80009eec (0x055b2a23) sw      s5, 84(s6)
core   0: 3 0x80009eec (0x055b2a23) mem 0x80000054 0x00000000
core   0: 0x80009ef0 (0x056b2c23) sw      s6, 88(s6)
core   0: 3 0x80009ef0 (0x056b2c23) mem 0x80000058 0x80000000
core   0: 0x80009ef4 (0x057b2e23) sw      s7, 92(s6)
core   0: 3 0x80009ef4 (0x057b2e23) mem 0x8000005c 0x00000000
core   0: 0x80009ef8 (0x078b2023) sw      s8, 96(s6)
core   0: 3 0x80009ef8 (0x078b2023) mem 0x80000060 0x00000000
core   0: 0x80009efc (0x079b2223) sw      s9, 100(s6)
core   0: 3 0x80009efc (0x079b2223) mem 0x80000064 0x00000000
core   0: 0x80009f00 (0x07ab2423) sw      s10, 104(s6)
core   0: 3 0x80009f00 (0x07ab2423) mem 0x80000068 0xfffff8f0
core   0: 0x80009f04 (0x07bb2623) sw      s11, 108(s6)
core   0: 3 0x80009f04 (0x07bb2623) mem 0x8000006c 0x00000000
core   0: 0x80009f08 (0x07cb2823) sw      t3, 112(s6)
core   0: 3 0x80009f08 (0x07cb2823) mem 0x80000070 0x00000001
core   0: 0x80009f0c (0x07db2a23) sw      t4, 116(s6)
core   0: 3 0x80009f0c (0x07db2a23) mem 0x80000074 0x00000000
core   0: 0x80009f10 (0x07eb2c23) sw      t5, 120(s6)
core   0: 3 0x80009f10 (0x07eb2c23) mem 0x80000078 0x0000067c
core   0: 0x80009f14 (0x07fb2e23) sw      t6, 124(s6)
core   0: 3 0x80009f14 (0x07fb2e23) mem 0x8000007c 0xb6d17ca4
core   0: 0x80009f18 (0x00000297) auipc   t0, 0x0
core   0: 3 0x80009f18 (0x00000297) x 5 0x80009f18
core   0: 0x80009f1c (0xe5828293) addi    t0, t0, -424
core   0: 3 0x80009f1c (0xe5828293) x 5 0x80009d70
core   0: 0x80009f20 (0x00028067) jr      t0
core   0: 3 0x80009f20 (0x00028067)
core   0: 0x80009d70 (0x00006f17) auipc   t5, 0x6
core   0: 3 0x80009d70 (0x00006f17) x30 0x8000fd70
core   0: 0x80009d74 (0x283f2823) sw      gp, 656(t5)
core   0: 3 0x80009d74 (0x283f2823) mem 0x80010000 0x00000001
core   0: 0x80009d78 (0xff9ff06f) j       pc - 0x8
core   0: 3 0x80009d78 (0xff9ff06f)
core   0: 0x80009d70 (0x00006f17) auipc   t5, 0x6
core   0: 3 0x80009d70 (0x00006f17) x30 0x8000fd70
core   0: 0x80009d74 (0x283f2823) sw      gp, 656(t5)
core   0: 3 0x80009d74 (0x283f2823) mem 0x80010000 0x00000001
core   0: 0x80009d78 (0xff9ff06f) j       pc - 0x8
core   0: 3 0x80009d78 (0xff9ff06f)
core   0: 0x80009d70 (0x00006f17) auipc   t5, 0x6
core   0: 3 0x80009d70 (0x00006f17) x30 0x8000fd70
core   0: 0x80009d74 (0x283f2823) sw      gp, 656(t5)
core   0: 3 0x80009d74 (0x283f2823) mem 0x80010000 0x00000001
core   0: 0x80009d78 (0xff9ff06f) j       pc - 0x8
core   0: 3 0x80009d78 (0xff9ff06f)
core   0: 0x80009d70 (0x00006f17) auipc   t5, 0x6
core   0: 3 0x80009d70 (0x00006f17) x30 0x8000fd70
core   0: 0x80009d74 (0x283f2823) sw      gp, 656(t5)
core   0: 3 0x80009d74 (0x283f2823) mem 0x80010000 0x00000001
core   0: 0x80009d78 (0xff9ff06f) j       pc - 0x8
core   0: 3 0x80009d78 (0xff9ff06f)
core   0: 0x80009d70 (0x00006f17) auipc   t5, 0x6
core   0: 3 0x80009d70 (0x00006f17) x30 0x8000fd70
core   0: 0x80009d74 (0x283f2823) sw      gp, 656(t5)
core   0: 3 0x80009d74 (0x283f2823) mem 0x80010000 0x00000001
core   0: 0x80009d78 (0xff9ff06f) j       pc - 0x8
core   0: 3 0x80009d78 (0xff9ff06f)
core   0: 0x80009d70 (0x00006f17) auipc   t5, 0x6
core   0: 3 0x80009d70 (0x00006f17) x30 0x8000fd70
core   0: 0x80009d74 (0x283f2823) sw      gp, 656(t5)
core   0: 3 0x80009d74 (0x283f2823) mem 0x80010000 0x00000001
core   0: 0x80009d78 (0xff9ff06f) j       pc - 0x8
core   0: 3 0x80009d78 (0xff9ff06f)
core   0: 0x80009d70 (0x00006f17) auipc   t5, 0x6
core   0: 3 0x80009d70 (0x00006f17) x30 0x8000fd70
core   0: 0x80009d74 (0x283f2823) sw      gp, 656(t5)
core   0: 3 0x80009d74 (0x283f2823) mem 0x80010000 0x00000001
core   0: 0x80009d78 (0xff9ff06f) j       pc - 0x8
core   0: 3 0x80009d78 (0xff9ff06f)
core   0: 0x80009d70 (0x00006f17) auipc   t5, 0x6
core   0: 3 0x80009d70 (0x00006f17) x30 0x8000fd70
core   0: 0x80009d74 (0x283f2823) sw      gp, 656(t5)
core   0: 3 0x80009d74 (0x283f2823) mem 0x80010000 0x00000001
core   0: 0x80009d78 (0xff9ff06f) j       pc - 0x8
core   0: 3 0x80009d78 (0xff9ff06f)
core   0: 0x80009d70 (0x00006f17) auipc   t5, 0x6
core   0: 3 0x80009d70 (0x00006f17) x30 0x8000fd70
core   0: 0x80009d74 (0x283f2823) sw      gp, 656(t5)
core   0: 3 0x80009d74 (0x283f2823) mem 0x80010000 0x00000001
core   0: 0x80009d78 (0xff9ff06f) j       pc - 0x8
core   0: 3 0x80009d78 (0xff9ff06f)
core   0: 0x80009d70 (0x00006f17) auipc   t5, 0x6
core   0: 3 0x80009d70 (0x00006f17) x30 0x8000fd70
core   0: 0x80009d74 (0x283f2823) sw      gp, 656(t5)
core   0: 3 0x80009d74 (0x283f2823) mem 0x80010000 0x00000001
core   0: 0x80009d78 (0xff9ff06f) j       pc - 0x8
core   0: 3 0x80009d78 (0xff9ff06f)
core   0: 0x80009d70 (0x00006f17) auipc   t5, 0x6
core   0: 3 0x80009d70 (0x00006f17) x30 0x8000fd70
core   0: 0x80009d74 (0x283f2823) sw      gp, 656(t5)
core   0: 3 0x80009d74 (0x283f2823) mem 0x80010000 0x00000001
core   0: 0x80009d78 (0xff9ff06f) j       pc - 0x8
core   0: 3 0x80009d78 (0xff9ff06f)
core   0: 0x80009d70 (0x00006f17) auipc   t5, 0x6
core   0: 3 0x80009d70 (0x00006f17) x30 0x8000fd70
core   0: 0x80009d74 (0x283f2823) sw      gp, 656(t5)
core   0: 3 0x80009d74 (0x283f2823) mem 0x80010000 0x00000001
core   0: 0x80009d78 (0xff9ff06f) j       pc - 0x8
core   0: 3 0x80009d78 (0xff9ff06f)
core   0: 0x80009d70 (0x00006f17) auipc   t5, 0x6
core   0: 3 0x80009d70 (0x00006f17) x30 0x8000fd70
core   0: 0x80009d74 (0x283f2823) sw      gp, 656(t5)
core   0: 3 0x80009d74 (0x283f2823) mem 0x80010000 0x00000001
core   0: 0x80009d78 (0xff9ff06f) j       pc - 0x8
core   0: 3 0x80009d78 (0xff9ff06f)
core   0: 0x80009d70 (0x00006f17) auipc   t5, 0x6
core   0: 3 0x80009d70 (0x00006f17) x30 0x8000fd70
core   0: 0x80009d74 (0x283f2823) sw      gp, 656(t5)
core   0: 3 0x80009d74 (0x283f2823) mem 0x80010000 0x00000001
core   0: 0x80009d78 (0xff9ff06f) j       pc - 0x8
core   0: 3 0x80009d78 (0xff9ff06f)
core   0: 0x80009d70 (0x00006f17) auipc   t5, 0x6
core   0: 3 0x80009d70 (0x00006f17) x30 0x8000fd70
core   0: 0x80009d74 (0x283f2823) sw      gp, 656(t5)
core   0: 3 0x80009d74 (0x283f2823) mem 0x80010000 0x00000001
core   0: 0x80009d78 (0xff9ff06f) j       pc - 0x8
core   0: 3 0x80009d78 (0xff9ff06f)
core   0: 0x80009d70 (0x00006f17) auipc   t5, 0x6
core   0: 3 0x80009d70 (0x00006f17) x30 0x8000fd70
core   0: 0x80009d74 (0x283f2823) sw      gp, 656(t5)
core   0: 3 0x80009d74 (0x283f2823) mem 0x80010000 0x00000001
core   0: 0x80009d78 (0xff9ff06f) j       pc - 0x8
core   0: 3 0x80009d78 (0xff9ff06f)
core   0: 0x80009d70 (0x00006f17) auipc   t5, 0x6
core   0: 3 0x80009d70 (0x00006f17) x30 0x8000fd70
core   0: 0x80009d74 (0x283f2823) sw      gp, 656(t5)
core   0: 3 0x80009d74 (0x283f2823) mem 0x80010000 0x00000001
core   0: 0x80009d78 (0xff9ff06f) j       pc - 0x8
core   0: 3 0x80009d78 (0xff9ff06f)
core   0: 0x80009d70 (0x00006f17) auipc   t5, 0x6
core   0: 3 0x80009d70 (0x00006f17) x30 0x8000fd70
core   0: 0x80009d74 (0x283f2823) sw      gp, 656(t5)
core   0: 3 0x80009d74 (0x283f2823) mem 0x80010000 0x00000001
core   0: 0x80009d78 (0xff9ff06f) j       pc - 0x8
core   0: 3 0x80009d78 (0xff9ff06f)
core   0: 0x80009d70 (0x00006f17) auipc   t5, 0x6
core   0: 3 0x80009d70 (0x00006f17) x30 0x8000fd70
core   0: 0x80009d74 (0x283f2823) sw      gp, 656(t5)
core   0: 3 0x80009d74 (0x283f2823) mem 0x80010000 0x00000001
core   0: 0x80009d78 (0xff9ff06f) j       pc - 0x8
core   0: 3 0x80009d78 (0xff9ff06f)
core   0: 0x80009d70 (0x00006f17) auipc   t5, 0x6
core   0: 3 0x80009d70 (0x00006f17) x30 0x8000fd70
core   0: 0x80009d74 (0x283f2823) sw      gp, 656(t5)
core   0: 3 0x80009d74 (0x283f2823) mem 0x80010000 0x00000001
core   0: 0x80009d78 (0xff9ff06f) j       pc - 0x8
core   0: 3 0x80009d78 (0xff9ff06f)
core   0: 0x80009d70 (0x00006f17) auipc   t5, 0x6
core   0: 3 0x80009d70 (0x00006f17) x30 0x8000fd70
core   0: 0x80009d74 (0x283f2823) sw      gp, 656(t5)
core   0: 3 0x80009d74 (0x283f2823) mem 0x80010000 0x00000001
core   0: 0x80009d78 (0xff9ff06f) j       pc - 0x8
core   0: 3 0x80009d78 (0xff9ff06f)
core   0: 0x80009d70 (0x00006f17) auipc   t5, 0x6
core   0: 3 0x80009d70 (0x00006f17) x30 0x8000fd70
core   0: 0x80009d74 (0x283f2823) sw      gp, 656(t5)
core   0: 3 0x80009d74 (0x283f2823) mem 0x80010000 0x00000001
core   0: 0x80009d78 (0xff9ff06f) j       pc - 0x8
core   0: 3 0x80009d78 (0xff9ff06f)
core   0: 0x80009d70 (0x00006f17) auipc   t5, 0x6
core   0: 3 0x80009d70 (0x00006f17) x30 0x8000fd70
core   0: 0x80009d74 (0x283f2823) sw      gp, 656(t5)
core   0: 3 0x80009d74 (0x283f2823) mem 0x80010000 0x00000001
core   0: 0x80009d78 (0xff9ff06f) j       pc - 0x8
core   0: 3 0x80009d78 (0xff9ff06f)
core   0: 0x80009d70 (0x00006f17) auipc   t5, 0x6
core   0: 3 0x80009d70 (0x00006f17) x30 0x8000fd70
core   0: 0x80009d74 (0x283f2823) sw      gp, 656(t5)
core   0: 3 0x80009d74 (0x283f2823) mem 0x80010000 0x00000001
core   0: 0x80009d78 (0xff9ff06f) j       pc - 0x8
core   0: 3 0x80009d78 (0xff9ff06f)
core   0: 0x80009d70 (0x00006f17) auipc   t5, 0x6
core   0: 3 0x80009d70 (0x00006f17) x30 0x8000fd70
core   0: 0x80009d74 (0x283f2823) sw      gp, 656(t5)
core   0: 3 0x80009d74 (0x283f2823) mem 0x80010000 0x00000001
core   0: 0x80009d78 (0xff9ff06f) j       pc - 0x8
core   0: 3 0x80009d78 (0xff9ff06f)
core   0: 0x80009d70 (0x00006f17) auipc   t5, 0x6
core   0: 3 0x80009d70 (0x00006f17) x30 0x8000fd70
core   0: 0x80009d74 (0x283f2823) sw      gp, 656(t5)
core   0: 3 0x80009d74 (0x283f2823) mem 0x80010000 0x00000001
core   0: 0x80009d78 (0xff9ff06f) j       pc - 0x8
core   0: 3 0x80009d78 (0xff9ff06f)
core   0: 0x80009d70 (0x00006f17) auipc   t5, 0x6
core   0: 3 0x80009d70 (0x00006f17) x30 0x8000fd70
core   0: 0x80009d74 (0x283f2823) sw      gp, 656(t5)
core   0: 3 0x80009d74 (0x283f2823) mem 0x80010000 0x00000001
core   0: 0x80009d78 (0xff9ff06f) j       pc - 0x8
core   0: 3 0x80009d78 (0xff9ff06f)
core   0: 0x80009d70 (0x00006f17) auipc   t5, 0x6
core   0: 3 0x80009d70 (0x00006f17) x30 0x8000fd70
core   0: 0x80009d74 (0x283f2823) sw      gp, 656(t5)
core   0: 3 0x80009d74 (0x283f2823) mem 0x80010000 0x00000001
core   0: 0x80009d78 (0xff9ff06f) j       pc - 0x8
core   0: 3 0x80009d78 (0xff9ff06f)
core   0: 0x80009d70 (0x00006f17) auipc   t5, 0x6
core   0: 3 0x80009d70 (0x00006f17) x30 0x8000fd70
core   0: 0x80009d74 (0x283f2823) sw      gp, 656(t5)
core   0: 3 0x80009d74 (0x283f2823) mem 0x80010000 0x00000001
core   0: 0x80009d78 (0xff9ff06f) j       pc - 0x8
core   0: 3 0x80009d78 (0xff9ff06f)
core   0: 0x80009d70 (0x00006f17) auipc   t5, 0x6
core   0: 3 0x80009d70 (0x00006f17) x30 0x8000fd70
core   0: 0x80009d74 (0x283f2823) sw      gp, 656(t5)
core   0: 3 0x80009d74 (0x283f2823) mem 0x80010000 0x00000001
core   0: 0x80009d78 (0xff9ff06f) j       pc - 0x8
core   0: 3 0x80009d78 (0xff9ff06f)
core   0: 0x80009d70 (0x00006f17) auipc   t5, 0x6
core   0: 3 0x80009d70 (0x00006f17) x30 0x8000fd70
core   0: 0x80009d74 (0x283f2823) sw      gp, 656(t5)
core   0: 3 0x80009d74 (0x283f2823) mem 0x80010000 0x00000001
core   0: 0x80009d78 (0xff9ff06f) j       pc - 0x8
core   0: 3 0x80009d78 (0xff9ff06f)
core   0: 0x80009d70 (0x00006f17) auipc   t5, 0x6
core   0: 3 0x80009d70 (0x00006f17) x30 0x8000fd70
core   0: 0x80009d74 (0x283f2823) sw      gp, 656(t5)
core   0: 3 0x80009d74 (0x283f2823) mem 0x80010000 0x00000001
core   0: 0x80009d78 (0xff9ff06f) j       pc - 0x8
core   0: 3 0x80009d78 (0xff9ff06f)
core   0: 0x80009d70 (0x00006f17) auipc   t5, 0x6
core   0: 3 0x80009d70 (0x00006f17) x30 0x8000fd70
core   0: 0x80009d74 (0x283f2823) sw      gp, 656(t5)
core   0: 3 0x80009d74 (0x283f2823) mem 0x80010000 0x00000001
core   0: 0x80009d78 (0xff9ff06f) j       pc - 0x8
core   0: 3 0x80009d78 (0xff9ff06f)
core   0: 0x80009d70 (0x00006f17) auipc   t5, 0x6
core   0: 3 0x80009d70 (0x00006f17) x30 0x8000fd70
core   0: 0x80009d74 (0x283f2823) sw      gp, 656(t5)
core   0: 3 0x80009d74 (0x283f2823) mem 0x80010000 0x00000001
core   0: 0x80009d78 (0xff9ff06f) j       pc - 0x8
core   0: 3 0x80009d78 (0xff9ff06f)
core   0: 0x80009d70 (0x00006f17) auipc   t5, 0x6
core   0: 3 0x80009d70 (0x00006f17) x30 0x8000fd70
core   0: 0x80009d74 (0x283f2823) sw      gp, 656(t5)
core   0: 3 0x80009d74 (0x283f2823) mem 0x80010000 0x00000001
core   0: 0x80009d78 (0xff9ff06f) j       pc - 0x8
core   0: 3 0x80009d78 (0xff9ff06f)
core   0: 0x80009d70 (0x00006f17) auipc   t5, 0x6
core   0: 3 0x80009d70 (0x00006f17) x30 0x8000fd70
core   0: 0x80009d74 (0x283f2823) sw      gp, 656(t5)
core   0: 3 0x80009d74 (0x283f2823) mem 0x80010000 0x00000001
core   0: 0x80009d78 (0xff9ff06f) j       pc - 0x8
core   0: 3 0x80009d78 (0xff9ff06f)
core   0: 0x80009d70 (0x00006f17) auipc   t5, 0x6
core   0: 3 0x80009d70 (0x00006f17) x30 0x8000fd70
core   0: 0x80009d74 (0x283f2823) sw      gp, 656(t5)
core   0: 3 0x80009d74 (0x283f2823) mem 0x80010000 0x00000001
core   0: 0x80009d78 (0xff9ff06f) j       pc - 0x8
core   0: 3 0x80009d78 (0xff9ff06f)
core   0: 0x80009d70 (0x00006f17) auipc   t5, 0x6
core   0: 3 0x80009d70 (0x00006f17) x30 0x8000fd70
core   0: 0x80009d74 (0x283f2823) sw      gp, 656(t5)
core   0: 3 0x80009d74 (0x283f2823) mem 0x80010000 0x00000001
core   0: 0x80009d78 (0xff9ff06f) j       pc - 0x8
core   0: 3 0x80009d78 (0xff9ff06f)
core   0: 0x80009d70 (0x00006f17) auipc   t5, 0x6
core   0: 3 0x80009d70 (0x00006f17) x30 0x8000fd70
core   0: 0x80009d74 (0x283f2823) sw      gp, 656(t5)
core   0: 3 0x80009d74 (0x283f2823) mem 0x80010000 0x00000001
core   0: 0x80009d78 (0xff9ff06f) j       pc - 0x8
core   0: 3 0x80009d78 (0xff9ff06f)
core   0: 0x80009d70 (0x00006f17) auipc   t5, 0x6
core   0: 3 0x80009d70 (0x00006f17) x30 0x8000fd70
core   0: 0x80009d74 (0x283f2823) sw      gp, 656(t5)
core   0: 3 0x80009d74 (0x283f2823) mem 0x80010000 0x00000001
core   0: 0x80009d78 (0xff9ff06f) j       pc - 0x8
core   0: 3 0x80009d78 (0xff9ff06f)
core   0: 0x80009d70 (0x00006f17) auipc   t5, 0x6
core   0: 3 0x80009d70 (0x00006f17) x30 0x8000fd70
core   0: 0x80009d74 (0x283f2823) sw      gp, 656(t5)
core   0: 3 0x80009d74 (0x283f2823) mem 0x80010000 0x00000001
core   0: 0x80009d78 (0xff9ff06f) j       pc - 0x8
core   0: 3 0x80009d78 (0xff9ff06f)
core   0: 0x80009d70 (0x00006f17) auipc   t5, 0x6
core   0: 3 0x80009d70 (0x00006f17) x30 0x8000fd70
core   0: 0x80009d74 (0x283f2823) sw      gp, 656(t5)
core   0: 3 0x80009d74 (0x283f2823) mem 0x80010000 0x00000001
core   0: 0x80009d78 (0xff9ff06f) j       pc - 0x8
core   0: 3 0x80009d78 (0xff9ff06f)
core   0: 0x80009d70 (0x00006f17) auipc   t5, 0x6
core   0: 3 0x80009d70 (0x00006f17) x30 0x8000fd70
core   0: 0x80009d74 (0x283f2823) sw      gp, 656(t5)
core   0: 3 0x80009d74 (0x283f2823) mem 0x80010000 0x00000001
core   0: 0x80009d78 (0xff9ff06f) j       pc - 0x8
core   0: 3 0x80009d78 (0xff9ff06f)
core   0: 0x80009d70 (0x00006f17) auipc   t5, 0x6
core   0: 3 0x80009d70 (0x00006f17) x30 0x8000fd70
core   0: 0x80009d74 (0x283f2823) sw      gp, 656(t5)
core   0: 3 0x80009d74 (0x283f2823) mem 0x80010000 0x00000001
core   0: 0x80009d78 (0xff9ff06f) j       pc - 0x8
core   0: 3 0x80009d78 (0xff9ff06f)
core   0: 0x80009d70 (0x00006f17) auipc   t5, 0x6
core   0: 3 0x80009d70 (0x00006f17) x30 0x8000fd70
core   0: 0x80009d74 (0x283f2823) sw      gp, 656(t5)
core   0: 3 0x80009d74 (0x283f2823) mem 0x80010000 0x00000001
core   0: 0x80009d78 (0xff9ff06f) j       pc - 0x8
core   0: 3 0x80009d78 (0xff9ff06f)
core   0: 0x80009d70 (0x00006f17) auipc   t5, 0x6
core   0: 3 0x80009d70 (0x00006f17) x30 0x8000fd70
core   0: 0x80009d74 (0x283f2823) sw      gp, 656(t5)
core   0: 3 0x80009d74 (0x283f2823) mem 0x80010000 0x00000001
core   0: 0x80009d78 (0xff9ff06f) j       pc - 0x8
core   0: 3 0x80009d78 (0xff9ff06f)
core   0: 0x80009d70 (0x00006f17) auipc   t5, 0x6
core   0: 3 0x80009d70 (0x00006f17) x30 0x8000fd70
core   0: 0x80009d74 (0x283f2823) sw      gp, 656(t5)
core   0: 3 0x80009d74 (0x283f2823) mem 0x80010000 0x00000001
core   0: 0x80009d78 (0xff9ff06f) j       pc - 0x8
core   0: 3 0x80009d78 (0xff9ff06f)
core   0: 0x80009d70 (0x00006f17) auipc   t5, 0x6
core   0: 3 0x80009d70 (0x00006f17) x30 0x8000fd70
core   0: 0x80009d74 (0x283f2823) sw      gp, 656(t5)
core   0: 3 0x80009d74 (0x283f2823) mem 0x80010000 0x00000001
core   0: 0x80009d78 (0xff9ff06f) j       pc - 0x8
core   0: 3 0x80009d78 (0xff9ff06f)
core   0: 0x80009d70 (0x00006f17) auipc   t5, 0x6
core   0: 3 0x80009d70 (0x00006f17) x30 0x8000fd70
core   0: 0x80009d74 (0x283f2823) sw      gp, 656(t5)
core   0: 3 0x80009d74 (0x283f2823) mem 0x80010000 0x00000001
core   0: 0x80009d78 (0xff9ff06f) j       pc - 0x8
core   0: 3 0x80009d78 (0xff9ff06f)
core   0: 0x80009d70 (0x00006f17) auipc   t5, 0x6
core   0: 3 0x80009d70 (0x00006f17) x30 0x8000fd70
core   0: 0x80009d74 (0x283f2823) sw      gp, 656(t5)
core   0: 3 0x80009d74 (0x283f2823) mem 0x80010000 0x00000001
core   0: 0x80009d78 (0xff9ff06f) j       pc - 0x8
core   0: 3 0x80009d78 (0xff9ff06f)
core   0: 0x80009d70 (0x00006f17) auipc   t5, 0x6
core   0: 3 0x80009d70 (0x00006f17) x30 0x8000fd70
core   0: 0x80009d74 (0x283f2823) sw      gp, 656(t5)
core   0: 3 0x80009d74 (0x283f2823) mem 0x80010000 0x00000001
core   0: 0x80009d78 (0xff9ff06f) j       pc - 0x8
core   0: 3 0x80009d78 (0xff9ff06f)
core   0: 0x80009d70 (0x00006f17) auipc   t5, 0x6
core   0: 3 0x80009d70 (0x00006f17) x30 0x8000fd70
core   0: 0x80009d74 (0x283f2823) sw      gp, 656(t5)
core   0: 3 0x80009d74 (0x283f2823) mem 0x80010000 0x00000001
core   0: 0x80009d78 (0xff9ff06f) j       pc - 0x8
core   0: 3 0x80009d78 (0xff9ff06f)
core   0: 0x80009d70 (0x00006f17) auipc   t5, 0x6
core   0: 3 0x80009d70 (0x00006f17) x30 0x8000fd70
core   0: 0x80009d74 (0x283f2823) sw      gp, 656(t5)
core   0: 3 0x80009d74 (0x283f2823) mem 0x80010000 0x00000001
core   0: 0x80009d78 (0xff9ff06f) j       pc - 0x8
core   0: 3 0x80009d78 (0xff9ff06f)
core   0: 0x80009d70 (0x00006f17) auipc   t5, 0x6
core   0: 3 0x80009d70 (0x00006f17) x30 0x8000fd70
core   0: 0x80009d74 (0x283f2823) sw      gp, 656(t5)
core   0: 3 0x80009d74 (0x283f2823) mem 0x80010000 0x00000001
core   0: 0x80009d78 (0xff9ff06f) j       pc - 0x8
core   0: 3 0x80009d78 (0xff9ff06f)
core   0: 0x80009d70 (0x00006f17) auipc   t5, 0x6
core   0: 3 0x80009d70 (0x00006f17) x30 0x8000fd70
core   0: 0x80009d74 (0x283f2823) sw      gp, 656(t5)
core   0: 3 0x80009d74 (0x283f2823) mem 0x80010000 0x00000001
core   0: 0x80009d78 (0xff9ff06f) j       pc - 0x8
core   0: 3 0x80009d78 (0xff9ff06f)
core   0: 0x80009d70 (0x00006f17) auipc   t5, 0x6
core   0: 3 0x80009d70 (0x00006f17) x30 0x8000fd70
core   0: 0x80009d74 (0x283f2823) sw      gp, 656(t5)
core   0: 3 0x80009d74 (0x283f2823) mem 0x80010000 0x00000001
core   0: 0x80009d78 (0xff9ff06f) j       pc - 0x8
core   0: 3 0x80009d78 (0xff9ff06f)
core   0: 0x80009d70 (0x00006f17) auipc   t5, 0x6
core   0: 3 0x80009d70 (0x00006f17) x30 0x8000fd70
core   0: 0x80009d74 (0x283f2823) sw      gp, 656(t5)
core   0: 3 0x80009d74 (0x283f2823) mem 0x80010000 0x00000001
core   0: 0x80009d78 (0xff9ff06f) j       pc - 0x8
core   0: 3 0x80009d78 (0xff9ff06f)
core   0: 0x80009d70 (0x00006f17) auipc   t5, 0x6
core   0: 3 0x80009d70 (0x00006f17) x30 0x8000fd70
core   0: 0x80009d74 (0x283f2823) sw      gp, 656(t5)
core   0: 3 0x80009d74 (0x283f2823) mem 0x80010000 0x00000001
core   0: 0x80009d78 (0xff9ff06f) j       pc - 0x8
core   0: 3 0x80009d78 (0xff9ff06f)
core   0: 0x80009d70 (0x00006f17) auipc   t5, 0x6
core   0: 3 0x80009d70 (0x00006f17) x30 0x8000fd70
core   0: 0x80009d74 (0x283f2823) sw      gp, 656(t5)
core   0: 3 0x80009d74 (0x283f2823) mem 0x80010000 0x00000001
core   0: 0x80009d78 (0xff9ff06f) j       pc - 0x8
core   0: 3 0x80009d78 (0xff9ff06f)
core   0: 0x80009d70 (0x00006f17) auipc   t5, 0x6
core   0: 3 0x80009d70 (0x00006f17) x30 0x8000fd70
core   0: 0x80009d74 (0x283f2823) sw      gp, 656(t5)
core   0: 3 0x80009d74 (0x283f2823) mem 0x80010000 0x00000001
core   0: 0x80009d78 (0xff9ff06f) j       pc - 0x8
core   0: 3 0x80009d78 (0xff9ff06f)
core   0: 0x80009d70 (0x00006f17) auipc   t5, 0x6
core   0: 3 0x80009d70 (0x00006f17) x30 0x8000fd70
core   0: 0x80009d74 (0x283f2823) sw      gp, 656(t5)
core   0: 3 0x80009d74 (0x283f2823) mem 0x80010000 0x00000001
core   0: 0x80009d78 (0xff9ff06f) j       pc - 0x8
core   0: 3 0x80009d78 (0xff9ff06f)
core   0: 0x80009d70 (0x00006f17) auipc   t5, 0x6
core   0: 3 0x80009d70 (0x00006f17) x30 0x8000fd70
core   0: 0x80009d74 (0x283f2823) sw      gp, 656(t5)
core   0: 3 0x80009d74 (0x283f2823) mem 0x80010000 0x00000001
core   0: 0x80009d78 (0xff9ff06f) j       pc - 0x8
core   0: 3 0x80009d78 (0xff9ff06f)
core   0: 0x80009d70 (0x00006f17) auipc   t5, 0x6
core   0: 3 0x80009d70 (0x00006f17) x30 0x8000fd70
core   0: 0x80009d74 (0x283f2823) sw      gp, 656(t5)
core   0: 3 0x80009d74 (0x283f2823) mem 0x80010000 0x00000001
core   0: 0x80009d78 (0xff9ff06f) j       pc - 0x8
core   0: 3 0x80009d78 (0xff9ff06f)
core   0: 0x80009d70 (0x00006f17) auipc   t5, 0x6
core   0: 3 0x80009d70 (0x00006f17) x30 0x8000fd70
core   0: 0x80009d74 (0x283f2823) sw      gp, 656(t5)
core   0: 3 0x80009d74 (0x283f2823) mem 0x80010000 0x00000001
core   0: 0x80009d78 (0xff9ff06f) j       pc - 0x8
core   0: 3 0x80009d78 (0xff9ff06f)
core   0: 0x80009d70 (0x00006f17) auipc   t5, 0x6
core   0: 3 0x80009d70 (0x00006f17) x30 0x8000fd70
core   0: 0x80009d74 (0x283f2823) sw      gp, 656(t5)
core   0: 3 0x80009d74 (0x283f2823) mem 0x80010000 0x00000001
core   0: 0x80009d78 (0xff9ff06f) j       pc - 0x8
core   0: 3 0x80009d78 (0xff9ff06f)
core   0: 0x80009d70 (0x00006f17) auipc   t5, 0x6
core   0: 3 0x80009d70 (0x00006f17) x30 0x8000fd70
core   0: 0x80009d74 (0x283f2823) sw      gp, 656(t5)
core   0: 3 0x80009d74 (0x283f2823) mem 0x80010000 0x00000001
core   0: 0x80009d78 (0xff9ff06f) j       pc - 0x8
core   0: 3 0x80009d78 (0xff9ff06f)
core   0: 0x80009d70 (0x00006f17) auipc   t5, 0x6
core   0: 3 0x80009d70 (0x00006f17) x30 0x8000fd70
core   0: 0x80009d74 (0x283f2823) sw      gp, 656(t5)
core   0: 3 0x80009d74 (0x283f2823) mem 0x80010000 0x00000001
core   0: 0x80009d78 (0xff9ff06f) j       pc - 0x8
core   0: 3 0x80009d78 (0xff9ff06f)
core   0: 0x80009d70 (0x00006f17) auipc   t5, 0x6
core   0: 3 0x80009d70 (0x00006f17) x30 0x8000fd70
core   0: 0x80009d74 (0x283f2823) sw      gp, 656(t5)
core   0: 3 0x80009d74 (0x283f2823) mem 0x80010000 0x00000001
core   0: 0x80009d78 (0xff9ff06f) j       pc - 0x8
core   0: 3 0x80009d78 (0xff9ff06f)
core   0: 0x80009d70 (0x00006f17) auipc   t5, 0x6
core   0: 3 0x80009d70 (0x00006f17) x30 0x8000fd70
core   0: 0x80009d74 (0x283f2823) sw      gp, 656(t5)
core   0: 3 0x80009d74 (0x283f2823) mem 0x80010000 0x00000001
core   0: 0x80009d78 (0xff9ff06f) j       pc - 0x8
core   0: 3 0x80009d78 (0xff9ff06f)
core   0: 0x80009d70 (0x00006f17) auipc   t5, 0x6
core   0: 3 0x80009d70 (0x00006f17) x30 0x8000fd70
core   0: 0x80009d74 (0x283f2823) sw      gp, 656(t5)
core   0: 3 0x80009d74 (0x283f2823) mem 0x80010000 0x00000001
core   0: 0x80009d78 (0xff9ff06f) j       pc - 0x8
core   0: 3 0x80009d78 (0xff9ff06f)
core   0: 0x80009d70 (0x00006f17) auipc   t5, 0x6
core   0: 3 0x80009d70 (0x00006f17) x30 0x8000fd70
core   0: 0x80009d74 (0x283f2823) sw      gp, 656(t5)
core   0: 3 0x80009d74 (0x283f2823) mem 0x80010000 0x00000001
core   0: 0x80009d78 (0xff9ff06f) j       pc - 0x8
core   0: 3 0x80009d78 (0xff9ff06f)
core   0: 0x80009d70 (0x00006f17) auipc   t5, 0x6
core   0: 3 0x80009d70 (0x00006f17) x30 0x8000fd70
core   0: 0x80009d74 (0x283f2823) sw      gp, 656(t5)
core   0: 3 0x80009d74 (0x283f2823) mem 0x80010000 0x00000001
core   0: 0x80009d78 (0xff9ff06f) j       pc - 0x8
core   0: 3 0x80009d78 (0xff9ff06f)
core   0: 0x80009d70 (0x00006f17) auipc   t5, 0x6
core   0: 3 0x80009d70 (0x00006f17) x30 0x8000fd70
core   0: 0x80009d74 (0x283f2823) sw      gp, 656(t5)
core   0: 3 0x80009d74 (0x283f2823) mem 0x80010000 0x00000001
core   0: 0x80009d78 (0xff9ff06f) j       pc - 0x8
core   0: 3 0x80009d78 (0xff9ff06f)
core   0: 0x80009d70 (0x00006f17) auipc   t5, 0x6
core   0: 3 0x80009d70 (0x00006f17) x30 0x8000fd70
core   0: 0x80009d74 (0x283f2823) sw      gp, 656(t5)
core   0: 3 0x80009d74 (0x283f2823) mem 0x80010000 0x00000001
core   0: 0x80009d78 (0xff9ff06f) j       pc - 0x8
core   0: 3 0x80009d78 (0xff9ff06f)
core   0: 0x80009d70 (0x00006f17) auipc   t5, 0x6
core   0: 3 0x80009d70 (0x00006f17) x30 0x8000fd70
core   0: 0x80009d74 (0x283f2823) sw      gp, 656(t5)
core   0: 3 0x80009d74 (0x283f2823) mem 0x80010000 0x00000001
core   0: 0x80009d78 (0xff9ff06f) j       pc - 0x8
core   0: 3 0x80009d78 (0xff9ff06f)
core   0: 0x80009d70 (0x00006f17) auipc   t5, 0x6
core   0: 3 0x80009d70 (0x00006f17) x30 0x8000fd70
core   0: 0x80009d74 (0x283f2823) sw      gp, 656(t5)
core   0: 3 0x80009d74 (0x283f2823) mem 0x80010000 0x00000001
core   0: 0x80009d78 (0xff9ff06f) j       pc - 0x8
core   0: 3 0x80009d78 (0xff9ff06f)
core   0: 0x80009d70 (0x00006f17) auipc   t5, 0x6
core   0: 3 0x80009d70 (0x00006f17) x30 0x8000fd70
core   0: 0x80009d74 (0x283f2823) sw      gp, 656(t5)
core   0: 3 0x80009d74 (0x283f2823) mem 0x80010000 0x00000001
core   0: 0x80009d78 (0xff9ff06f) j       pc - 0x8
core   0: 3 0x80009d78 (0xff9ff06f)
core   0: 0x80009d70 (0x00006f17) auipc   t5, 0x6
core   0: 3 0x80009d70 (0x00006f17) x30 0x8000fd70
core   0: 0x80009d74 (0x283f2823) sw      gp, 656(t5)
core   0: 3 0x80009d74 (0x283f2823) mem 0x80010000 0x00000001
core   0: 0x80009d78 (0xff9ff06f) j       pc - 0x8
core   0: 3 0x80009d78 (0xff9ff06f)
core   0: 0x80009d70 (0x00006f17) auipc   t5, 0x6
core   0: 3 0x80009d70 (0x00006f17) x30 0x8000fd70
core   0: 0x80009d74 (0x283f2823) sw      gp, 656(t5)
core   0: 3 0x80009d74 (0x283f2823) mem 0x80010000 0x00000001
core   0: 0x80009d78 (0xff9ff06f) j       pc - 0x8
core   0: 3 0x80009d78 (0xff9ff06f)
core   0: 0x80009d70 (0x00006f17) auipc   t5, 0x6
core   0: 3 0x80009d70 (0x00006f17) x30 0x8000fd70
core   0: 0x80009d74 (0x283f2823) sw      gp, 656(t5)
core   0: 3 0x80009d74 (0x283f2823) mem 0x80010000 0x00000001
core   0: 0x80009d78 (0xff9ff06f) j       pc - 0x8
core   0: 3 0x80009d78 (0xff9ff06f)
core   0: 0x80009d70 (0x00006f17) auipc   t5, 0x6
core   0: 3 0x80009d70 (0x00006f17) x30 0x8000fd70
core   0: 0x80009d74 (0x283f2823) sw      gp, 656(t5)
core   0: 3 0x80009d74 (0x283f2823) mem 0x80010000 0x00000001
core   0: 0x80009d78 (0xff9ff06f) j       pc - 0x8
core   0: 3 0x80009d78 (0xff9ff06f)
core   0: 0x80009d70 (0x00006f17) auipc   t5, 0x6
core   0: 3 0x80009d70 (0x00006f17) x30 0x8000fd70
core   0: 0x80009d74 (0x283f2823) sw      gp, 656(t5)
core   0: 3 0x80009d74 (0x283f2823) mem 0x80010000 0x00000001
core   0: 0x80009d78 (0xff9ff06f) j       pc - 0x8
core   0: 3 0x80009d78 (0xff9ff06f)
core   0: 0x80009d70 (0x00006f17) auipc   t5, 0x6
core   0: 3 0x80009d70 (0x00006f17) x30 0x8000fd70
core   0: 0x80009d74 (0x283f2823) sw      gp, 656(t5)
core   0: 3 0x80009d74 (0x283f2823) mem 0x80010000 0x00000001
core   0: 0x80009d78 (0xff9ff06f) j       pc - 0x8
core   0: 3 0x80009d78 (0xff9ff06f)
core   0: 0x80009d70 (0x00006f17) auipc   t5, 0x6
core   0: 3 0x80009d70 (0x00006f17) x30 0x8000fd70
core   0: 0x80009d74 (0x283f2823) sw      gp, 656(t5)
core   0: 3 0x80009d74 (0x283f2823) mem 0x80010000 0x00000001
core   0: 0x80009d78 (0xff9ff06f) j       pc - 0x8
core   0: 3 0x80009d78 (0xff9ff06f)
core   0: 0x80009d70 (0x00006f17) auipc   t5, 0x6
core   0: 3 0x80009d70 (0x00006f17) x30 0x8000fd70
core   0: 0x80009d74 (0x283f2823) sw      gp, 656(t5)
core   0: 3 0x80009d74 (0x283f2823) mem 0x80010000 0x00000001
core   0: 0x80009d78 (0xff9ff06f) j       pc - 0x8
core   0: 3 0x80009d78 (0xff9ff06f)
core   0: 0x80009d70 (0x00006f17) auipc   t5, 0x6
core   0: 3 0x80009d70 (0x00006f17) x30 0x8000fd70
core   0: 0x80009d74 (0x283f2823) sw      gp, 656(t5)
core   0: 3 0x80009d74 (0x283f2823) mem 0x80010000 0x00000001
core   0: 0x80009d78 (0xff9ff06f) j       pc - 0x8
core   0: 3 0x80009d78 (0xff9ff06f)
core   0: 0x80009d70 (0x00006f17) auipc   t5, 0x6
core   0: 3 0x80009d70 (0x00006f17) x30 0x8000fd70
core   0: 0x80009d74 (0x283f2823) sw      gp, 656(t5)
core   0: 3 0x80009d74 (0x283f2823) mem 0x80010000 0x00000001
core   0: 0x80009d78 (0xff9ff06f) j       pc - 0x8
core   0: 3 0x80009d78 (0xff9ff06f)
core   0: 0x80009d70 (0x00006f17) auipc   t5, 0x6
core   0: 3 0x80009d70 (0x00006f17) x30 0x8000fd70
core   0: 0x80009d74 (0x283f2823) sw      gp, 656(t5)
core   0: 3 0x80009d74 (0x283f2823) mem 0x80010000 0x00000001
core   0: 0x80009d78 (0xff9ff06f) j       pc - 0x8
core   0: 3 0x80009d78 (0xff9ff06f)
core   0: 0x80009d70 (0x00006f17) auipc   t5, 0x6
core   0: 3 0x80009d70 (0x00006f17) x30 0x8000fd70
core   0: 0x80009d74 (0x283f2823) sw      gp, 656(t5)
core   0: 3 0x80009d74 (0x283f2823) mem 0x80010000 0x00000001
core   0: 0x80009d78 (0xff9ff06f) j       pc - 0x8
core   0: 3 0x80009d78 (0xff9ff06f)
core   0: 0x80009d70 (0x00006f17) auipc   t5, 0x6
core   0: 3 0x80009d70 (0x00006f17) x30 0x8000fd70
core   0: 0x80009d74 (0x283f2823) sw      gp, 656(t5)
core   0: 3 0x80009d74 (0x283f2823) mem 0x80010000 0x00000001
core   0: 0x80009d78 (0xff9ff06f) j       pc - 0x8
core   0: 3 0x80009d78 (0xff9ff06f)
core   0: 0x80009d70 (0x00006f17) auipc   t5, 0x6
core   0: 3 0x80009d70 (0x00006f17) x30 0x8000fd70
core   0: 0x80009d74 (0x283f2823) sw      gp, 656(t5)
core   0: 3 0x80009d74 (0x283f2823) mem 0x80010000 0x00000001
core   0: 0x80009d78 (0xff9ff06f) j       pc - 0x8
core   0: 3 0x80009d78 (0xff9ff06f)
core   0: 0x80009d70 (0x00006f17) auipc   t5, 0x6
core   0: 3 0x80009d70 (0x00006f17) x30 0x8000fd70
core   0: 0x80009d74 (0x283f2823) sw      gp, 656(t5)
core   0: 3 0x80009d74 (0x283f2823) mem 0x80010000 0x00000001
core   0: 0x80009d78 (0xff9ff06f) j       pc - 0x8
core   0: 3 0x80009d78 (0xff9ff06f)
core   0: 0x80009d70 (0x00006f17) auipc   t5, 0x6
core   0: 3 0x80009d70 (0x00006f17) x30 0x8000fd70
core   0: 0x80009d74 (0x283f2823) sw      gp, 656(t5)
core   0: 3 0x80009d74 (0x283f2823) mem 0x80010000 0x00000001
core   0: 0x80009d78 (0xff9ff06f) j       pc - 0x8
core   0: 3 0x80009d78 (0xff9ff06f)
core   0: 0x80009d70 (0x00006f17) auipc   t5, 0x6
core   0: 3 0x80009d70 (0x00006f17) x30 0x8000fd70
core   0: 0x80009d74 (0x283f2823) sw      gp, 656(t5)
core   0: 3 0x80009d74 (0x283f2823) mem 0x80010000 0x00000001
core   0: 0x80009d78 (0xff9ff06f) j       pc - 0x8
core   0: 3 0x80009d78 (0xff9ff06f)
core   0: 0x80009d70 (0x00006f17) auipc   t5, 0x6
core   0: 3 0x80009d70 (0x00006f17) x30 0x8000fd70
core   0: 0x80009d74 (0x283f2823) sw      gp, 656(t5)
core   0: 3 0x80009d74 (0x283f2823) mem 0x80010000 0x00000001
core   0: 0x80009d78 (0xff9ff06f) j       pc - 0x8
core   0: 3 0x80009d78 (0xff9ff06f)
core   0: 0x80009d70 (0x00006f17) auipc   t5, 0x6
core   0: 3 0x80009d70 (0x00006f17) x30 0x8000fd70
core   0: 0x80009d74 (0x283f2823) sw      gp, 656(t5)
core   0: 3 0x80009d74 (0x283f2823) mem 0x80010000 0x00000001
core   0: 0x80009d78 (0xff9ff06f) j       pc - 0x8
core   0: 3 0x80009d78 (0xff9ff06f)
core   0: 0x80009d70 (0x00006f17) auipc   t5, 0x6
core   0: 3 0x80009d70 (0x00006f17) x30 0x8000fd70
core   0: 0x80009d74 (0x283f2823) sw      gp, 656(t5)
core   0: 3 0x80009d74 (0x283f2823) mem 0x80010000 0x00000001
core   0: 0x80009d78 (0xff9ff06f) j       pc - 0x8
core   0: 3 0x80009d78 (0xff9ff06f)
core   0: 0x80009d70 (0x00006f17) auipc   t5, 0x6
core   0: 3 0x80009d70 (0x00006f17) x30 0x8000fd70
core   0: 0x80009d74 (0x283f2823) sw      gp, 656(t5)
core   0: 3 0x80009d74 (0x283f2823) mem 0x80010000 0x00000001
core   0: 0x80009d78 (0xff9ff06f) j       pc - 0x8
core   0: 3 0x80009d78 (0xff9ff06f)
core   0: 0x80009d70 (0x00006f17) auipc   t5, 0x6
core   0: 3 0x80009d70 (0x00006f17) x30 0x8000fd70
core   0: 0x80009d74 (0x283f2823) sw      gp, 656(t5)
core   0: 3 0x80009d74 (0x283f2823) mem 0x80010000 0x00000001
core   0: 0x80009d78 (0xff9ff06f) j       pc - 0x8
core   0: 3 0x80009d78 (0xff9ff06f)
core   0: 0x80009d70 (0x00006f17) auipc   t5, 0x6
core   0: 3 0x80009d70 (0x00006f17) x30 0x8000fd70
core   0: 0x80009d74 (0x283f2823) sw      gp, 656(t5)
core   0: 3 0x80009d74 (0x283f2823) mem 0x80010000 0x00000001
core   0: 0x80009d78 (0xff9ff06f) j       pc - 0x8
core   0: 3 0x80009d78 (0xff9ff06f)
core   0: 0x80009d70 (0x00006f17) auipc   t5, 0x6
core   0: 3 0x80009d70 (0x00006f17) x30 0x8000fd70
core   0: 0x80009d74 (0x283f2823) sw      gp, 656(t5)
core   0: 3 0x80009d74 (0x283f2823) mem 0x80010000 0x00000001
core   0: 0x80009d78 (0xff9ff06f) j       pc - 0x8
core   0: 3 0x80009d78 (0xff9ff06f)
core   0: 0x80009d70 (0x00006f17) auipc   t5, 0x6
core   0: 3 0x80009d70 (0x00006f17) x30 0x8000fd70
core   0: 0x80009d74 (0x283f2823) sw      gp, 656(t5)
core   0: 3 0x80009d74 (0x283f2823) mem 0x80010000 0x00000001
core   0: 0x80009d78 (0xff9ff06f) j       pc - 0x8
core   0: 3 0x80009d78 (0xff9ff06f)
core   0: 0x80009d70 (0x00006f17) auipc   t5, 0x6
core   0: 3 0x80009d70 (0x00006f17) x30 0x8000fd70
core   0: 0x80009d74 (0x283f2823) sw      gp, 656(t5)
core   0: 3 0x80009d74 (0x283f2823) mem 0x80010000 0x00000001
core   0: 0x80009d78 (0xff9ff06f) j       pc - 0x8
core   0: 3 0x80009d78 (0xff9ff06f)
core   0: 0x80009d70 (0x00006f17) auipc   t5, 0x6
core   0: 3 0x80009d70 (0x00006f17) x30 0x8000fd70
core   0: 0x80009d74 (0x283f2823) sw      gp, 656(t5)
core   0: 3 0x80009d74 (0x283f2823) mem 0x80010000 0x00000001
core   0: 0x80009d78 (0xff9ff06f) j       pc - 0x8
core   0: 3 0x80009d78 (0xff9ff06f)
core   0: 0x80009d70 (0x00006f17) auipc   t5, 0x6
core   0: 3 0x80009d70 (0x00006f17) x30 0x8000fd70
core   0: 0x80009d74 (0x283f2823) sw      gp, 656(t5)
core   0: 3 0x80009d74 (0x283f2823) mem 0x80010000 0x00000001
core   0: 0x80009d78 (0xff9ff06f) j       pc - 0x8
core   0: 3 0x80009d78 (0xff9ff06f)
core   0: 0x80009d70 (0x00006f17) auipc   t5, 0x6
core   0: 3 0x80009d70 (0x00006f17) x30 0x8000fd70
core   0: 0x80009d74 (0x283f2823) sw      gp, 656(t5)
core   0: 3 0x80009d74 (0x283f2823) mem 0x80010000 0x00000001
core   0: 0x80009d78 (0xff9ff06f) j       pc - 0x8
core   0: 3 0x80009d78 (0xff9ff06f)
core   0: 0x80009d70 (0x00006f17) auipc   t5, 0x6
core   0: 3 0x80009d70 (0x00006f17) x30 0x8000fd70
core   0: 0x80009d74 (0x283f2823) sw      gp, 656(t5)
core   0: 3 0x80009d74 (0x283f2823) mem 0x80010000 0x00000001
core   0: 0x80009d78 (0xff9ff06f) j       pc - 0x8
core   0: 3 0x80009d78 (0xff9ff06f)
core   0: 0x80009d70 (0x00006f17) auipc   t5, 0x6
core   0: 3 0x80009d70 (0x00006f17) x30 0x8000fd70
core   0: 0x80009d74 (0x283f2823) sw      gp, 656(t5)
core   0: 3 0x80009d74 (0x283f2823) mem 0x80010000 0x00000001
core   0: 0x80009d78 (0xff9ff06f) j       pc - 0x8
core   0: 3 0x80009d78 (0xff9ff06f)
core   0: 0x80009d70 (0x00006f17) auipc   t5, 0x6
core   0: 3 0x80009d70 (0x00006f17) x30 0x8000fd70
core   0: 0x80009d74 (0x283f2823) sw      gp, 656(t5)
core   0: 3 0x80009d74 (0x283f2823) mem 0x80010000 0x00000001
core   0: 0x80009d78 (0xff9ff06f) j       pc - 0x8
core   0: 3 0x80009d78 (0xff9ff06f)
core   0: 0x80009d70 (0x00006f17) auipc   t5, 0x6
core   0: 3 0x80009d70 (0x00006f17) x30 0x8000fd70
core   0: 0x80009d74 (0x283f2823) sw      gp, 656(t5)
core   0: 3 0x80009d74 (0x283f2823) mem 0x80010000 0x00000001
core   0: 0x80009d78 (0xff9ff06f) j       pc - 0x8
core   0: 3 0x80009d78 (0xff9ff06f)
core   0: 0x80009d70 (0x00006f17) auipc   t5, 0x6
core   0: 3 0x80009d70 (0x00006f17) x30 0x8000fd70
core   0: 0x80009d74 (0x283f2823) sw      gp, 656(t5)
core   0: 3 0x80009d74 (0x283f2823) mem 0x80010000 0x00000001
core   0: 0x80009d78 (0xff9ff06f) j       pc - 0x8
core   0: 3 0x80009d78 (0xff9ff06f)
core   0: 0x80009d70 (0x00006f17) auipc   t5, 0x6
core   0: 3 0x80009d70 (0x00006f17) x30 0x8000fd70
core   0: 0x80009d74 (0x283f2823) sw      gp, 656(t5)
core   0: 3 0x80009d74 (0x283f2823) mem 0x80010000 0x00000001
core   0: 0x80009d78 (0xff9ff06f) j       pc - 0x8
core   0: 3 0x80009d78 (0xff9ff06f)
core   0: 0x80009d70 (0x00006f17) auipc   t5, 0x6
core   0: 3 0x80009d70 (0x00006f17) x30 0x8000fd70
core   0: 0x80009d74 (0x283f2823) sw      gp, 656(t5)
core   0: 3 0x80009d74 (0x283f2823) mem 0x80010000 0x00000001
core   0: 0x80009d78 (0xff9ff06f) j       pc - 0x8
core   0: 3 0x80009d78 (0xff9ff06f)
core   0: 0x80009d70 (0x00006f17) auipc   t5, 0x6
core   0: 3 0x80009d70 (0x00006f17) x30 0x8000fd70
core   0: 0x80009d74 (0x283f2823) sw      gp, 656(t5)
core   0: 3 0x80009d74 (0x283f2823) mem 0x80010000 0x00000001
core   0: 0x80009d78 (0xff9ff06f) j       pc - 0x8
core   0: 3 0x80009d78 (0xff9ff06f)
core   0: 0x80009d70 (0x00006f17) auipc   t5, 0x6
core   0: 3 0x80009d70 (0x00006f17) x30 0x8000fd70
core   0: 0x80009d74 (0x283f2823) sw      gp, 656(t5)
core   0: 3 0x80009d74 (0x283f2823) mem 0x80010000 0x00000001
core   0: 0x80009d78 (0xff9ff06f) j       pc - 0x8
core   0: 3 0x80009d78 (0xff9ff06f)
core   0: 0x80009d70 (0x00006f17) auipc   t5, 0x6
core   0: 3 0x80009d70 (0x00006f17) x30 0x8000fd70
core   0: 0x80009d74 (0x283f2823) sw      gp, 656(t5)
core   0: 3 0x80009d74 (0x283f2823) mem 0x80010000 0x00000001
core   0: 0x80009d78 (0xff9ff06f) j       pc - 0x8
core   0: 3 0x80009d78 (0xff9ff06f)
core   0: 0x80009d70 (0x00006f17) auipc   t5, 0x6
core   0: 3 0x80009d70 (0x00006f17) x30 0x8000fd70
core   0: 0x80009d74 (0x283f2823) sw      gp, 656(t5)
core   0: 3 0x80009d74 (0x283f2823) mem 0x80010000 0x00000001
core   0: 0x80009d78 (0xff9ff06f) j       pc - 0x8
core   0: 3 0x80009d78 (0xff9ff06f)
core   0: 0x80009d70 (0x00006f17) auipc   t5, 0x6
core   0: 3 0x80009d70 (0x00006f17) x30 0x8000fd70
core   0: 0x80009d74 (0x283f2823) sw      gp, 656(t5)
core   0: 3 0x80009d74 (0x283f2823) mem 0x80010000 0x00000001
core   0: 0x80009d78 (0xff9ff06f) j       pc - 0x8
core   0: 3 0x80009d78 (0xff9ff06f)
core   0: 0x80009d70 (0x00006f17) auipc   t5, 0x6
core   0: 3 0x80009d70 (0x00006f17) x30 0x8000fd70
core   0: 0x80009d74 (0x283f2823) sw      gp, 656(t5)
core   0: 3 0x80009d74 (0x283f2823) mem 0x80010000 0x00000001
core   0: 0x80009d78 (0xff9ff06f) j       pc - 0x8
core   0: 3 0x80009d78 (0xff9ff06f)
core   0: 0x80009d70 (0x00006f17) auipc   t5, 0x6
core   0: 3 0x80009d70 (0x00006f17) x30 0x8000fd70
core   0: 0x80009d74 (0x283f2823) sw      gp, 656(t5)
core   0: 3 0x80009d74 (0x283f2823) mem 0x80010000 0x00000001
core   0: 0x80009d78 (0xff9ff06f) j       pc - 0x8
core   0: 3 0x80009d78 (0xff9ff06f)
core   0: 0x80009d70 (0x00006f17) auipc   t5, 0x6
core   0: 3 0x80009d70 (0x00006f17) x30 0x8000fd70
core   0: 0x80009d74 (0x283f2823) sw      gp, 656(t5)
core   0: 3 0x80009d74 (0x283f2823) mem 0x80010000 0x00000001
core   0: 0x80009d78 (0xff9ff06f) j       pc - 0x8
core   0: 3 0x80009d78 (0xff9ff06f)
core   0: 0x80009d70 (0x00006f17) auipc   t5, 0x6
core   0: 3 0x80009d70 (0x00006f17) x30 0x8000fd70
core   0: 0x80009d74 (0x283f2823) sw      gp, 656(t5)
core   0: 3 0x80009d74 (0x283f2823) mem 0x80010000 0x00000001
core   0: 0x80009d78 (0xff9ff06f) j       pc - 0x8
core   0: 3 0x80009d78 (0xff9ff06f)
core   0: 0x80009d70 (0x00006f17) auipc   t5, 0x6
core   0: 3 0x80009d70 (0x00006f17) x30 0x8000fd70
core   0: 0x80009d74 (0x283f2823) sw      gp, 656(t5)
core   0: 3 0x80009d74 (0x283f2823) mem 0x80010000 0x00000001
core   0: 0x80009d78 (0xff9ff06f) j       pc - 0x8
core   0: 3 0x80009d78 (0xff9ff06f)
core   0: 0x80009d70 (0x00006f17) auipc   t5, 0x6
core   0: 3 0x80009d70 (0x00006f17) x30 0x8000fd70
core   0: 0x80009d74 (0x283f2823) sw      gp, 656(t5)
core   0: 3 0x80009d74 (0x283f2823) mem 0x80010000 0x00000001
core   0: 0x80009d78 (0xff9ff06f) j       pc - 0x8
core   0: 3 0x80009d78 (0xff9ff06f)
core   0: 0x80009d70 (0x00006f17) auipc   t5, 0x6
core   0: 3 0x80009d70 (0x00006f17) x30 0x8000fd70
core   0: 0x80009d74 (0x283f2823) sw      gp, 656(t5)
core   0: 3 0x80009d74 (0x283f2823) mem 0x80010000 0x00000001
core   0: 0x80009d78 (0xff9ff06f) j       pc - 0x8
core   0: 3 0x80009d78 (0xff9ff06f)
core   0: 0x80009d70 (0x00006f17) auipc   t5, 0x6
core   0: 3 0x80009d70 (0x00006f17) x30 0x8000fd70
core   0: 0x80009d74 (0x283f2823) sw      gp, 656(t5)
core   0: 3 0x80009d74 (0x283f2823) mem 0x80010000 0x00000001
core   0: 0x80009d78 (0xff9ff06f) j       pc - 0x8
core   0: 3 0x80009d78 (0xff9ff06f)
core   0: 0x80009d70 (0x00006f17) auipc   t5, 0x6
core   0: 3 0x80009d70 (0x00006f17) x30 0x8000fd70
core   0: 0x80009d74 (0x283f2823) sw      gp, 656(t5)
core   0: 3 0x80009d74 (0x283f2823) mem 0x80010000 0x00000001
core   0: 0x80009d78 (0xff9ff06f) j       pc - 0x8
core   0: 3 0x80009d78 (0xff9ff06f)
core   0: 0x80009d70 (0x00006f17) auipc   t5, 0x6
core   0: 3 0x80009d70 (0x00006f17) x30 0x8000fd70
core   0: 0x80009d74 (0x283f2823) sw      gp, 656(t5)
core   0: 3 0x80009d74 (0x283f2823) mem 0x80010000 0x00000001
core   0: 0x80009d78 (0xff9ff06f) j       pc - 0x8
core   0: 3 0x80009d78 (0xff9ff06f)
core   0: 0x80009d70 (0x00006f17) auipc   t5, 0x6
core   0: 3 0x80009d70 (0x00006f17) x30 0x8000fd70
core   0: 0x80009d74 (0x283f2823) sw      gp, 656(t5)
core   0: 3 0x80009d74 (0x283f2823) mem 0x80010000 0x00000001
core   0: 0x80009d78 (0xff9ff06f) j       pc - 0x8
core   0: 3 0x80009d78 (0xff9ff06f)
core   0: 0x80009d70 (0x00006f17) auipc   t5, 0x6
core   0: 3 0x80009d70 (0x00006f17) x30 0x8000fd70
core   0: 0x80009d74 (0x283f2823) sw      gp, 656(t5)
core   0: 3 0x80009d74 (0x283f2823) mem 0x80010000 0x00000001
core   0: 0x80009d78 (0xff9ff06f) j       pc - 0x8
core   0: 3 0x80009d78 (0xff9ff06f)
core   0: 0x80009d70 (0x00006f17) auipc   t5, 0x6
core   0: 3 0x80009d70 (0x00006f17) x30 0x8000fd70
core   0: 0x80009d74 (0x283f2823) sw      gp, 656(t5)
core   0: 3 0x80009d74 (0x283f2823) mem 0x80010000 0x00000001
core   0: 0x80009d78 (0xff9ff06f) j       pc - 0x8
core   0: 3 0x80009d78 (0xff9ff06f)
core   0: 0x80009d70 (0x00006f17) auipc   t5, 0x6
core   0: 3 0x80009d70 (0x00006f17) x30 0x8000fd70
core   0: 0x80009d74 (0x283f2823) sw      gp, 656(t5)
core   0: 3 0x80009d74 (0x283f2823) mem 0x80010000 0x00000001
core   0: 0x80009d78 (0xff9ff06f) j       pc - 0x8
core   0: 3 0x80009d78 (0xff9ff06f)
core   0: 0x80009d70 (0x00006f17) auipc   t5, 0x6
core   0: 3 0x80009d70 (0x00006f17) x30 0x8000fd70
core   0: 0x80009d74 (0x283f2823) sw      gp, 656(t5)
core   0: 3 0x80009d74 (0x283f2823) mem 0x80010000 0x00000001
core   0: 0x80009d78 (0xff9ff06f) j       pc - 0x8
core   0: 3 0x80009d78 (0xff9ff06f)
core   0: 0x80009d70 (0x00006f17) auipc   t5, 0x6
core   0: 3 0x80009d70 (0x00006f17) x30 0x8000fd70
core   0: 0x80009d74 (0x283f2823) sw      gp, 656(t5)
core   0: 3 0x80009d74 (0x283f2823) mem 0x80010000 0x00000001
core   0: 0x80009d78 (0xff9ff06f) j       pc - 0x8
core   0: 3 0x80009d78 (0xff9ff06f)
core   0: 0x80009d70 (0x00006f17) auipc   t5, 0x6
core   0: 3 0x80009d70 (0x00006f17) x30 0x8000fd70
core   0: 0x80009d74 (0x283f2823) sw      gp, 656(t5)
core   0: 3 0x80009d74 (0x283f2823) mem 0x80010000 0x00000001
core   0: 0x80009d78 (0xff9ff06f) j       pc - 0x8
core   0: 3 0x80009d78 (0xff9ff06f)
core   0: 0x80009d70 (0x00006f17) auipc   t5, 0x6
core   0: 3 0x80009d70 (0x00006f17) x30 0x8000fd70
core   0: 0x80009d74 (0x283f2823) sw      gp, 656(t5)
core   0: 3 0x80009d74 (0x283f2823) mem 0x80010000 0x00000001
core   0: 0x80009d78 (0xff9ff06f) j       pc - 0x8
core   0: 3 0x80009d78 (0xff9ff06f)
core   0: 0x80009d70 (0x00006f17) auipc   t5, 0x6
core   0: 3 0x80009d70 (0x00006f17) x30 0x8000fd70
core   0: 0x80009d74 (0x283f2823) sw      gp, 656(t5)
core   0: 3 0x80009d74 (0x283f2823) mem 0x80010000 0x00000001
core   0: 0x80009d78 (0xff9ff06f) j       pc - 0x8
core   0: 3 0x80009d78 (0xff9ff06f)
core   0: 0x80009d70 (0x00006f17) auipc   t5, 0x6
core   0: 3 0x80009d70 (0x00006f17) x30 0x8000fd70
core   0: 0x80009d74 (0x283f2823) sw      gp, 656(t5)
core   0: 3 0x80009d74 (0x283f2823) mem 0x80010000 0x00000001
core   0: 0x80009d78 (0xff9ff06f) j       pc - 0x8
core   0: 3 0x80009d78 (0xff9ff06f)
core   0: 0x80009d70 (0x00006f17) auipc   t5, 0x6
core   0: 3 0x80009d70 (0x00006f17) x30 0x8000fd70
core   0: 0x80009d74 (0x283f2823) sw      gp, 656(t5)
core   0: 3 0x80009d74 (0x283f2823) mem 0x80010000 0x00000001
core   0: 0x80009d78 (0xff9ff06f) j       pc - 0x8
core   0: 3 0x80009d78 (0xff9ff06f)
core   0: 0x80009d70 (0x00006f17) auipc   t5, 0x6
core   0: 3 0x80009d70 (0x00006f17) x30 0x8000fd70
core   0: 0x80009d74 (0x283f2823) sw      gp, 656(t5)
core   0: 3 0x80009d74 (0x283f2823) mem 0x80010000 0x00000001
core   0: 0x80009d78 (0xff9ff06f) j       pc - 0x8
core   0: 3 0x80009d78 (0xff9ff06f)
core   0: 0x80009d70 (0x00006f17) auipc   t5, 0x6
core   0: 3 0x80009d70 (0x00006f17) x30 0x8000fd70
core   0: 0x80009d74 (0x283f2823) sw      gp, 656(t5)
core   0: 3 0x80009d74 (0x283f2823) mem 0x80010000 0x00000001
core   0: 0x80009d78 (0xff9ff06f) j       pc - 0x8
core   0: 3 0x80009d78 (0xff9ff06f)
core   0: 0x80009d70 (0x00006f17) auipc   t5, 0x6
core   0: 3 0x80009d70 (0x00006f17) x30 0x8000fd70
core   0: 0x80009d74 (0x283f2823) sw      gp, 656(t5)
core   0: 3 0x80009d74 (0x283f2823) mem 0x80010000 0x00000001
core   0: 0x80009d78 (0xff9ff06f) j       pc - 0x8
core   0: 3 0x80009d78 (0xff9ff06f)
core   0: 0x80009d70 (0x00006f17) auipc   t5, 0x6
core   0: 3 0x80009d70 (0x00006f17) x30 0x8000fd70
core   0: 0x80009d74 (0x283f2823) sw      gp, 656(t5)
core   0: 3 0x80009d74 (0x283f2823) mem 0x80010000 0x00000001
core   0: 0x80009d78 (0xff9ff06f) j       pc - 0x8
core   0: 3 0x80009d78 (0xff9ff06f)
core   0: 0x80009d70 (0x00006f17) auipc   t5, 0x6
core   0: 3 0x80009d70 (0x00006f17) x30 0x8000fd70
core   0: 0x80009d74 (0x283f2823) sw      gp, 656(t5)
core   0: 3 0x80009d74 (0x283f2823) mem 0x80010000 0x00000001
core   0: 0x80009d78 (0xff9ff06f) j       pc - 0x8
core   0: 3 0x80009d78 (0xff9ff06f)
core   0: 0x80009d70 (0x00006f17) auipc   t5, 0x6
core   0: 3 0x80009d70 (0x00006f17) x30 0x8000fd70
core   0: 0x80009d74 (0x283f2823) sw      gp, 656(t5)
core   0: 3 0x80009d74 (0x283f2823) mem 0x80010000 0x00000001
core   0: 0x80009d78 (0xff9ff06f) j       pc - 0x8
core   0: 3 0x80009d78 (0xff9ff06f)
core   0: 0x80009d70 (0x00006f17) auipc   t5, 0x6
core   0: 3 0x80009d70 (0x00006f17) x30 0x8000fd70
core   0: 0x80009d74 (0x283f2823) sw      gp, 656(t5)
core   0: 3 0x80009d74 (0x283f2823) mem 0x80010000 0x00000001
core   0: 0x80009d78 (0xff9ff06f) j       pc - 0x8
core   0: 3 0x80009d78 (0xff9ff06f)
core   0: 0x80009d70 (0x00006f17) auipc   t5, 0x6
core   0: 3 0x80009d70 (0x00006f17) x30 0x8000fd70
core   0: 0x80009d74 (0x283f2823) sw      gp, 656(t5)
core   0: 3 0x80009d74 (0x283f2823) mem 0x80010000 0x00000001
core   0: 0x80009d78 (0xff9ff06f) j       pc - 0x8
core   0: 3 0x80009d78 (0xff9ff06f)
core   0: 0x80009d70 (0x00006f17) auipc   t5, 0x6
core   0: 3 0x80009d70 (0x00006f17) x30 0x8000fd70
core   0: 0x80009d74 (0x283f2823) sw      gp, 656(t5)
core   0: 3 0x80009d74 (0x283f2823) mem 0x80010000 0x00000001
core   0: 0x80009d78 (0xff9ff06f) j       pc - 0x8
core   0: 3 0x80009d78 (0xff9ff06f)
core   0: 0x80009d70 (0x00006f17) auipc   t5, 0x6
core   0: 3 0x80009d70 (0x00006f17) x30 0x8000fd70
core   0: 0x80009d74 (0x283f2823) sw      gp, 656(t5)
core   0: 3 0x80009d74 (0x283f2823) mem 0x80010000 0x00000001
core   0: 0x80009d78 (0xff9ff06f) j       pc - 0x8
core   0: 3 0x80009d78 (0xff9ff06f)
core   0: 0x80009d70 (0x00006f17) auipc   t5, 0x6
core   0: 3 0x80009d70 (0x00006f17) x30 0x8000fd70
core   0: 0x80009d74 (0x283f2823) sw      gp, 656(t5)
core   0: 3 0x80009d74 (0x283f2823) mem 0x80010000 0x00000001
core   0: 0x80009d78 (0xff9ff06f) j       pc - 0x8
core   0: 3 0x80009d78 (0xff9ff06f)
core   0: 0x80009d70 (0x00006f17) auipc   t5, 0x6
core   0: 3 0x80009d70 (0x00006f17) x30 0x8000fd70
core   0: 0x80009d74 (0x283f2823) sw      gp, 656(t5)
core   0: 3 0x80009d74 (0x283f2823) mem 0x80010000 0x00000001
core   0: 0x80009d78 (0xff9ff06f) j       pc - 0x8
core   0: 3 0x80009d78 (0xff9ff06f)
core   0: 0x80009d70 (0x00006f17) auipc   t5, 0x6
core   0: 3 0x80009d70 (0x00006f17) x30 0x8000fd70
core   0: 0x80009d74 (0x283f2823) sw      gp, 656(t5)
core   0: 3 0x80009d74 (0x283f2823) mem 0x80010000 0x00000001
core   0: 0x80009d78 (0xff9ff06f) j       pc - 0x8
core   0: 3 0x80009d78 (0xff9ff06f)
core   0: 0x80009d70 (0x00006f17) auipc   t5, 0x6
core   0: 3 0x80009d70 (0x00006f17) x30 0x8000fd70
core   0: 0x80009d74 (0x283f2823) sw      gp, 656(t5)
core   0: 3 0x80009d74 (0x283f2823) mem 0x80010000 0x00000001
core   0: 0x80009d78 (0xff9ff06f) j       pc - 0x8
core   0: 3 0x80009d78 (0xff9ff06f)
core   0: 0x80009d70 (0x00006f17) auipc   t5, 0x6
core   0: 3 0x80009d70 (0x00006f17) x30 0x8000fd70
core   0: 0x80009d74 (0x283f2823) sw      gp, 656(t5)
core   0: 3 0x80009d74 (0x283f2823) mem 0x80010000 0x00000001
core   0: 0x80009d78 (0xff9ff06f) j       pc - 0x8
core   0: 3 0x80009d78 (0xff9ff06f)
core   0: 0x80009d70 (0x00006f17) auipc   t5, 0x6
core   0: 3 0x80009d70 (0x00006f17) x30 0x8000fd70
core   0: 0x80009d74 (0x283f2823) sw      gp, 656(t5)
core   0: 3 0x80009d74 (0x283f2823) mem 0x80010000 0x00000001
core   0: 0x80009d78 (0xff9ff06f) j       pc - 0x8
core   0: 3 0x80009d78 (0xff9ff06f)
core   0: 0x80009d70 (0x00006f17) auipc   t5, 0x6
core   0: 3 0x80009d70 (0x00006f17) x30 0x8000fd70
core   0: 0x80009d74 (0x283f2823) sw      gp, 656(t5)
core   0: 3 0x80009d74 (0x283f2823) mem 0x80010000 0x00000001
core   0: 0x80009d78 (0xff9ff06f) j       pc - 0x8
core   0: 3 0x80009d78 (0xff9ff06f)
core   0: 0x80009d70 (0x00006f17) auipc   t5, 0x6
core   0: 3 0x80009d70 (0x00006f17) x30 0x8000fd70
core   0: 0x80009d74 (0x283f2823) sw      gp, 656(t5)
core   0: 3 0x80009d74 (0x283f2823) mem 0x80010000 0x00000001
core   0: 0x80009d78 (0xff9ff06f) j       pc - 0x8
core   0: 3 0x80009d78 (0xff9ff06f)
core   0: 0x80009d70 (0x00006f17) auipc   t5, 0x6
core   0: 3 0x80009d70 (0x00006f17) x30 0x8000fd70
core   0: 0x80009d74 (0x283f2823) sw      gp, 656(t5)
core   0: 3 0x80009d74 (0x283f2823) mem 0x80010000 0x00000001
core   0: 0x80009d78 (0xff9ff06f) j       pc - 0x8
core   0: 3 0x80009d78 (0xff9ff06f)
core   0: 0x80009d70 (0x00006f17) auipc   t5, 0x6
core   0: 3 0x80009d70 (0x00006f17) x30 0x8000fd70
core   0: 0x80009d74 (0x283f2823) sw      gp, 656(t5)
core   0: 3 0x80009d74 (0x283f2823) mem 0x80010000 0x00000001
core   0: 0x80009d78 (0xff9ff06f) j       pc - 0x8
core   0: 3 0x80009d78 (0xff9ff06f)
core   0: 0x80009d70 (0x00006f17) auipc   t5, 0x6
core   0: 3 0x80009d70 (0x00006f17) x30 0x8000fd70
core   0: 0x80009d74 (0x283f2823) sw      gp, 656(t5)
core   0: 3 0x80009d74 (0x283f2823) mem 0x80010000 0x00000001
core   0: 0x80009d78 (0xff9ff06f) j       pc - 0x8
core   0: 3 0x80009d78 (0xff9ff06f)
core   0: 0x80009d70 (0x00006f17) auipc   t5, 0x6
core   0: 3 0x80009d70 (0x00006f17) x30 0x8000fd70
core   0: 0x80009d74 (0x283f2823) sw      gp, 656(t5)
core   0: 3 0x80009d74 (0x283f2823) mem 0x80010000 0x00000001
core   0: 0x80009d78 (0xff9ff06f) j       pc - 0x8
core   0: 3 0x80009d78 (0xff9ff06f)
core   0: 0x80009d70 (0x00006f17) auipc   t5, 0x6
core   0: 3 0x80009d70 (0x00006f17) x30 0x8000fd70
core   0: 0x80009d74 (0x283f2823) sw      gp, 656(t5)
core   0: 3 0x80009d74 (0x283f2823) mem 0x80010000 0x00000001
core   0: 0x80009d78 (0xff9ff06f) j       pc - 0x8
core   0: 3 0x80009d78 (0xff9ff06f)
core   0: 0x80009d70 (0x00006f17) auipc   t5, 0x6
core   0: 3 0x80009d70 (0x00006f17) x30 0x8000fd70
core   0: 0x80009d74 (0x283f2823) sw      gp, 656(t5)
core   0: 3 0x80009d74 (0x283f2823) mem 0x80010000 0x00000001
core   0: 0x80009d78 (0xff9ff06f) j       pc - 0x8
core   0: 3 0x80009d78 (0xff9ff06f)
core   0: 0x80009d70 (0x00006f17) auipc   t5, 0x6
core   0: 3 0x80009d70 (0x00006f17) x30 0x8000fd70
core   0: 0x80009d74 (0x283f2823) sw      gp, 656(t5)
core   0: 3 0x80009d74 (0x283f2823) mem 0x80010000 0x00000001
core   0: 0x80009d78 (0xff9ff06f) j       pc - 0x8
core   0: 3 0x80009d78 (0xff9ff06f)
core   0: 0x80009d70 (0x00006f17) auipc   t5, 0x6
core   0: 3 0x80009d70 (0x00006f17) x30 0x8000fd70
core   0: 0x80009d74 (0x283f2823) sw      gp, 656(t5)
core   0: 3 0x80009d74 (0x283f2823) mem 0x80010000 0x00000001
core   0: 0x80009d78 (0xff9ff06f) j       pc - 0x8
core   0: 3 0x80009d78 (0xff9ff06f)
core   0: 0x80009d70 (0x00006f17) auipc   t5, 0x6
core   0: 3 0x80009d70 (0x00006f17) x30 0x8000fd70
core   0: 0x80009d74 (0x283f2823) sw      gp, 656(t5)
core   0: 3 0x80009d74 (0x283f2823) mem 0x80010000 0x00000001
core   0: 0x80009d78 (0xff9ff06f) j       pc - 0x8
core   0: 3 0x80009d78 (0xff9ff06f)
core   0: 0x80009d70 (0x00006f17) auipc   t5, 0x6
core   0: 3 0x80009d70 (0x00006f17) x30 0x8000fd70
core   0: 0x80009d74 (0x283f2823) sw      gp, 656(t5)
core   0: 3 0x80009d74 (0x283f2823) mem 0x80010000 0x00000001
core   0: 0x80009d78 (0xff9ff06f) j       pc - 0x8
core   0: 3 0x80009d78 (0xff9ff06f)
core   0: 0x80009d70 (0x00006f17) auipc   t5, 0x6
core   0: 3 0x80009d70 (0x00006f17) x30 0x8000fd70
core   0: 0x80009d74 (0x283f2823) sw      gp, 656(t5)
core   0: 3 0x80009d74 (0x283f2823) mem 0x80010000 0x00000001
core   0: 0x80009d78 (0xff9ff06f) j       pc - 0x8
core   0: 3 0x80009d78 (0xff9ff06f)
core   0: 0x80009d70 (0x00006f17) auipc   t5, 0x6
core   0: 3 0x80009d70 (0x00006f17) x30 0x8000fd70
core   0: 0x80009d74 (0x283f2823) sw      gp, 656(t5)
core   0: 3 0x80009d74 (0x283f2823) mem 0x80010000 0x00000001
core   0: 0x80009d78 (0xff9ff06f) j       pc - 0x8
core   0: 3 0x80009d78 (0xff9ff06f)
core   0: 0x80009d70 (0x00006f17) auipc   t5, 0x6
core   0: 3 0x80009d70 (0x00006f17) x30 0x8000fd70
core   0: 0x80009d74 (0x283f2823) sw      gp, 656(t5)
core   0: 3 0x80009d74 (0x283f2823) mem 0x80010000 0x00000001
core   0: 0x80009d78 (0xff9ff06f) j       pc - 0x8
core   0: 3 0x80009d78 (0xff9ff06f)
core   0: 0x80009d70 (0x00006f17) auipc   t5, 0x6
core   0: 3 0x80009d70 (0x00006f17) x30 0x8000fd70
core   0: 0x80009d74 (0x283f2823) sw      gp, 656(t5)
core   0: 3 0x80009d74 (0x283f2823) mem 0x80010000 0x00000001
core   0: 0x80009d78 (0xff9ff06f) j       pc - 0x8
core   0: 3 0x80009d78 (0xff9ff06f)
core   0: 0x80009d70 (0x00006f17) auipc   t5, 0x6
core   0: 3 0x80009d70 (0x00006f17) x30 0x8000fd70
core   0: 0x80009d74 (0x283f2823) sw      gp, 656(t5)
core   0: 3 0x80009d74 (0x283f2823) mem 0x80010000 0x00000001
core   0: 0x80009d78 (0xff9ff06f) j       pc - 0x8
core   0: 3 0x80009d78 (0xff9ff06f)
core   0: 0x80009d70 (0x00006f17) auipc   t5, 0x6
core   0: 3 0x80009d70 (0x00006f17) x30 0x8000fd70
core   0: 0x80009d74 (0x283f2823) sw      gp, 656(t5)
core   0: 3 0x80009d74 (0x283f2823) mem 0x80010000 0x00000001
core   0: 0x80009d78 (0xff9ff06f) j       pc - 0x8
core   0: 3 0x80009d78 (0xff9ff06f)
core   0: 0x80009d70 (0x00006f17) auipc   t5, 0x6
core   0: 3 0x80009d70 (0x00006f17) x30 0x8000fd70
core   0: 0x80009d74 (0x283f2823) sw      gp, 656(t5)
core   0: 3 0x80009d74 (0x283f2823) mem 0x80010000 0x00000001
core   0: 0x80009d78 (0xff9ff06f) j       pc - 0x8
core   0: 3 0x80009d78 (0xff9ff06f)
core   0: 0x80009d70 (0x00006f17) auipc   t5, 0x6
core   0: 3 0x80009d70 (0x00006f17) x30 0x8000fd70
core   0: 0x80009d74 (0x283f2823) sw      gp, 656(t5)
core   0: 3 0x80009d74 (0x283f2823) mem 0x80010000 0x00000001
core   0: 0x80009d78 (0xff9ff06f) j       pc - 0x8
core   0: 3 0x80009d78 (0xff9ff06f)
core   0: 0x80009d70 (0x00006f17) auipc   t5, 0x6
core   0: 3 0x80009d70 (0x00006f17) x30 0x8000fd70
core   0: 0x80009d74 (0x283f2823) sw      gp, 656(t5)
core   0: 3 0x80009d74 (0x283f2823) mem 0x80010000 0x00000001
core   0: 0x80009d78 (0xff9ff06f) j       pc - 0x8
core   0: 3 0x80009d78 (0xff9ff06f)
core   0: 0x80009d70 (0x00006f17) auipc   t5, 0x6
core   0: 3 0x80009d70 (0x00006f17) x30 0x8000fd70
core   0: 0x80009d74 (0x283f2823) sw      gp, 656(t5)
core   0: 3 0x80009d74 (0x283f2823) mem 0x80010000 0x00000001
core   0: 0x80009d78 (0xff9ff06f) j       pc - 0x8
core   0: 3 0x80009d78 (0xff9ff06f)
core   0: 0x80009d70 (0x00006f17) auipc   t5, 0x6
core   0: 3 0x80009d70 (0x00006f17) x30 0x8000fd70
core   0: 0x80009d74 (0x283f2823) sw      gp, 656(t5)
core   0: 3 0x80009d74 (0x283f2823) mem 0x80010000 0x00000001
core   0: 0x80009d78 (0xff9ff06f) j       pc - 0x8
core   0: 3 0x80009d78 (0xff9ff06f)
core   0: 0x80009d70 (0x00006f17) auipc   t5, 0x6
core   0: 3 0x80009d70 (0x00006f17) x30 0x8000fd70
core   0: 0x80009d74 (0x283f2823) sw      gp, 656(t5)
core   0: 3 0x80009d74 (0x283f2823) mem 0x80010000 0x00000001
core   0: 0x80009d78 (0xff9ff06f) j       pc - 0x8
core   0: 3 0x80009d78 (0xff9ff06f)
core   0: 0x80009d70 (0x00006f17) auipc   t5, 0x6
core   0: 3 0x80009d70 (0x00006f17) x30 0x8000fd70
core   0: 0x80009d74 (0x283f2823) sw      gp, 656(t5)
core   0: 3 0x80009d74 (0x283f2823) mem 0x80010000 0x00000001
core   0: 0x80009d78 (0xff9ff06f) j       pc - 0x8
core   0: 3 0x80009d78 (0xff9ff06f)
core   0: 0x80009d70 (0x00006f17) auipc   t5, 0x6
core   0: 3 0x80009d70 (0x00006f17) x30 0x8000fd70
core   0: 0x80009d74 (0x283f2823) sw      gp, 656(t5)
core   0: 3 0x80009d74 (0x283f2823) mem 0x80010000 0x00000001
core   0: 0x80009d78 (0xff9ff06f) j       pc - 0x8
core   0: 3 0x80009d78 (0xff9ff06f)
core   0: 0x80009d70 (0x00006f17) auipc   t5, 0x6
core   0: 3 0x80009d70 (0x00006f17) x30 0x8000fd70
core   0: 0x80009d74 (0x283f2823) sw      gp, 656(t5)
core   0: 3 0x80009d74 (0x283f2823) mem 0x80010000 0x00000001
core   0: 0x80009d78 (0xff9ff06f) j       pc - 0x8
core   0: 3 0x80009d78 (0xff9ff06f)
core   0: 0x80009d70 (0x00006f17) auipc   t5, 0x6
core   0: 3 0x80009d70 (0x00006f17) x30 0x8000fd70
core   0: 0x80009d74 (0x283f2823) sw      gp, 656(t5)
core   0: 3 0x80009d74 (0x283f2823) mem 0x80010000 0x00000001
core   0: 0x80009d78 (0xff9ff06f) j       pc - 0x8
core   0: 3 0x80009d78 (0xff9ff06f)
core   0: 0x80009d70 (0x00006f17) auipc   t5, 0x6
core   0: 3 0x80009d70 (0x00006f17) x30 0x8000fd70
core   0: 0x80009d74 (0x283f2823) sw      gp, 656(t5)
core   0: 3 0x80009d74 (0x283f2823) mem 0x80010000 0x00000001
core   0: 0x80009d78 (0xff9ff06f) j       pc - 0x8
core   0: 3 0x80009d78 (0xff9ff06f)
core   0: 0x80009d70 (0x00006f17) auipc   t5, 0x6
core   0: 3 0x80009d70 (0x00006f17) x30 0x8000fd70
core   0: 0x80009d74 (0x283f2823) sw      gp, 656(t5)
core   0: 3 0x80009d74 (0x283f2823) mem 0x80010000 0x00000001
core   0: 0x80009d78 (0xff9ff06f) j       pc - 0x8
core   0: 3 0x80009d78 (0xff9ff06f)
core   0: 0x80009d70 (0x00006f17) auipc   t5, 0x6
core   0: 3 0x80009d70 (0x00006f17) x30 0x8000fd70
core   0: 0x80009d74 (0x283f2823) sw      gp, 656(t5)
core   0: 3 0x80009d74 (0x283f2823) mem 0x80010000 0x00000001
core   0: 0x80009d78 (0xff9ff06f) j       pc - 0x8
core   0: 3 0x80009d78 (0xff9ff06f)
core   0: 0x80009d70 (0x00006f17) auipc   t5, 0x6
core   0: 3 0x80009d70 (0x00006f17) x30 0x8000fd70
core   0: 0x80009d74 (0x283f2823) sw      gp, 656(t5)
core   0: 3 0x80009d74 (0x283f2823) mem 0x80010000 0x00000001
core   0: 0x80009d78 (0xff9ff06f) j       pc - 0x8
core   0: 3 0x80009d78 (0xff9ff06f)
core   0: 0x80009d70 (0x00006f17) auipc   t5, 0x6
core   0: 3 0x80009d70 (0x00006f17) x30 0x8000fd70
core   0: 0x80009d74 (0x283f2823) sw      gp, 656(t5)
core   0: 3 0x80009d74 (0x283f2823) mem 0x80010000 0x00000001
core   0: 0x80009d78 (0xff9ff06f) j       pc - 0x8
core   0: 3 0x80009d78 (0xff9ff06f)
core   0: 0x80009d70 (0x00006f17) auipc   t5, 0x6
core   0: 3 0x80009d70 (0x00006f17) x30 0x8000fd70
core   0: 0x80009d74 (0x283f2823) sw      gp, 656(t5)
core   0: 3 0x80009d74 (0x283f2823) mem 0x80010000 0x00000001
core   0: 0x80009d78 (0xff9ff06f) j       pc - 0x8
core   0: 3 0x80009d78 (0xff9ff06f)
core   0: 0x80009d70 (0x00006f17) auipc   t5, 0x6
core   0: 3 0x80009d70 (0x00006f17) x30 0x8000fd70
core   0: 0x80009d74 (0x283f2823) sw      gp, 656(t5)
core   0: 3 0x80009d74 (0x283f2823) mem 0x80010000 0x00000001
core   0: 0x80009d78 (0xff9ff06f) j       pc - 0x8
core   0: 3 0x80009d78 (0xff9ff06f)
core   0: 0x80009d70 (0x00006f17) auipc   t5, 0x6
core   0: 3 0x80009d70 (0x00006f17) x30 0x8000fd70
core   0: 0x80009d74 (0x283f2823) sw      gp, 656(t5)
core   0: 3 0x80009d74 (0x283f2823) mem 0x80010000 0x00000001
core   0: 0x80009d78 (0xff9ff06f) j       pc - 0x8
core   0: 3 0x80009d78 (0xff9ff06f)
core   0: 0x80009d70 (0x00006f17) auipc   t5, 0x6
core   0: 3 0x80009d70 (0x00006f17) x30 0x8000fd70
core   0: 0x80009d74 (0x283f2823) sw      gp, 656(t5)
core   0: 3 0x80009d74 (0x283f2823) mem 0x80010000 0x00000001
core   0: 0x80009d78 (0xff9ff06f) j       pc - 0x8
core   0: 3 0x80009d78 (0xff9ff06f)
core   0: 0x80009d70 (0x00006f17) auipc   t5, 0x6
core   0: 3 0x80009d70 (0x00006f17) x30 0x8000fd70
core   0: 0x80009d74 (0x283f2823) sw      gp, 656(t5)
core   0: 3 0x80009d74 (0x283f2823) mem 0x80010000 0x00000001
core   0: 0x80009d78 (0xff9ff06f) j       pc - 0x8
core   0: 3 0x80009d78 (0xff9ff06f)
core   0: 0x80009d70 (0x00006f17) auipc   t5, 0x6
core   0: 3 0x80009d70 (0x00006f17) x30 0x8000fd70
core   0: 0x80009d74 (0x283f2823) sw      gp, 656(t5)
core   0: 3 0x80009d74 (0x283f2823) mem 0x80010000 0x00000001
core   0: 0x80009d78 (0xff9ff06f) j       pc - 0x8
core   0: 3 0x80009d78 (0xff9ff06f)
core   0: 0x80009d70 (0x00006f17) auipc   t5, 0x6
core   0: 3 0x80009d70 (0x00006f17) x30 0x8000fd70
core   0: 0x80009d74 (0x283f2823) sw      gp, 656(t5)
core   0: 3 0x80009d74 (0x283f2823) mem 0x80010000 0x00000001
core   0: 0x80009d78 (0xff9ff06f) j       pc - 0x8
core   0: 3 0x80009d78 (0xff9ff06f)
core   0: 0x80009d70 (0x00006f17) auipc   t5, 0x6
core   0: 3 0x80009d70 (0x00006f17) x30 0x8000fd70
core   0: 0x80009d74 (0x283f2823) sw      gp, 656(t5)
core   0: 3 0x80009d74 (0x283f2823) mem 0x80010000 0x00000001
core   0: 0x80009d78 (0xff9ff06f) j       pc - 0x8
core   0: 3 0x80009d78 (0xff9ff06f)
core   0: 0x80009d70 (0x00006f17) auipc   t5, 0x6
core   0: 3 0x80009d70 (0x00006f17) x30 0x8000fd70
core   0: 0x80009d74 (0x283f2823) sw      gp, 656(t5)
core   0: 3 0x80009d74 (0x283f2823) mem 0x80010000 0x00000001
core   0: 0x80009d78 (0xff9ff06f) j       pc - 0x8
core   0: 3 0x80009d78 (0xff9ff06f)
core   0: 0x80009d70 (0x00006f17) auipc   t5, 0x6
core   0: 3 0x80009d70 (0x00006f17) x30 0x8000fd70
core   0: 0x80009d74 (0x283f2823) sw      gp, 656(t5)
core   0: 3 0x80009d74 (0x283f2823) mem 0x80010000 0x00000001
core   0: 0x80009d78 (0xff9ff06f) j       pc - 0x8
core   0: 3 0x80009d78 (0xff9ff06f)
core   0: 0x80009d70 (0x00006f17) auipc   t5, 0x6
core   0: 3 0x80009d70 (0x00006f17) x30 0x8000fd70
core   0: 0x80009d74 (0x283f2823) sw      gp, 656(t5)
core   0: 3 0x80009d74 (0x283f2823) mem 0x80010000 0x00000001
core   0: 0x80009d78 (0xff9ff06f) j       pc - 0x8
core   0: 3 0x80009d78 (0xff9ff06f)
core   0: 0x80009d70 (0x00006f17) auipc   t5, 0x6
core   0: 3 0x80009d70 (0x00006f17) x30 0x8000fd70
core   0: 0x80009d74 (0x283f2823) sw      gp, 656(t5)
core   0: 3 0x80009d74 (0x283f2823) mem 0x80010000 0x00000001
core   0: 0x80009d78 (0xff9ff06f) j       pc - 0x8
core   0: 3 0x80009d78 (0xff9ff06f)
core   0: 0x80009d70 (0x00006f17) auipc   t5, 0x6
core   0: 3 0x80009d70 (0x00006f17) x30 0x8000fd70
core   0: 0x80009d74 (0x283f2823) sw      gp, 656(t5)
core   0: 3 0x80009d74 (0x283f2823) mem 0x80010000 0x00000001
core   0: 0x80009d78 (0xff9ff06f) j       pc - 0x8
core   0: 3 0x80009d78 (0xff9ff06f)
core   0: 0x80009d70 (0x00006f17) auipc   t5, 0x6
core   0: 3 0x80009d70 (0x00006f17) x30 0x8000fd70
core   0: 0x80009d74 (0x283f2823) sw      gp, 656(t5)
core   0: 3 0x80009d74 (0x283f2823) mem 0x80010000 0x00000001
core   0: 0x80009d78 (0xff9ff06f) j       pc - 0x8
core   0: 3 0x80009d78 (0xff9ff06f)
core   0: 0x80009d70 (0x00006f17) auipc   t5, 0x6
core   0: 3 0x80009d70 (0x00006f17) x30 0x8000fd70
core   0: 0x80009d74 (0x283f2823) sw      gp, 656(t5)
core   0: 3 0x80009d74 (0x283f2823) mem 0x80010000 0x00000001
core   0: 0x80009d78 (0xff9ff06f) j       pc - 0x8
core   0: 3 0x80009d78 (0xff9ff06f)
core   0: 0x80009d70 (0x00006f17) auipc   t5, 0x6
core   0: 3 0x80009d70 (0x00006f17) x30 0x8000fd70
core   0: 0x80009d74 (0x283f2823) sw      gp, 656(t5)
core   0: 3 0x80009d74 (0x283f2823) mem 0x80010000 0x00000001
core   0: 0x80009d78 (0xff9ff06f) j       pc - 0x8
core   0: 3 0x80009d78 (0xff9ff06f)
core   0: 0x80009d70 (0x00006f17) auipc   t5, 0x6
core   0: 3 0x80009d70 (0x00006f17) x30 0x8000fd70
core   0: 0x80009d74 (0x283f2823) sw      gp, 656(t5)
core   0: 3 0x80009d74 (0x283f2823) mem 0x80010000 0x00000001
core   0: 0x80009d78 (0xff9ff06f) j       pc - 0x8
core   0: 3 0x80009d78 (0xff9ff06f)
core   0: 0x80009d70 (0x00006f17) auipc   t5, 0x6
core   0: 3 0x80009d70 (0x00006f17) x30 0x8000fd70
core   0: 0x80009d74 (0x283f2823) sw      gp, 656(t5)
core   0: 3 0x80009d74 (0x283f2823) mem 0x80010000 0x00000001
core   0: 0x80009d78 (0xff9ff06f) j       pc - 0x8
core   0: 3 0x80009d78 (0xff9ff06f)
core   0: 0x80009d70 (0x00006f17) auipc   t5, 0x6
core   0: 3 0x80009d70 (0x00006f17) x30 0x8000fd70
core   0: 0x80009d74 (0x283f2823) sw      gp, 656(t5)
core   0: 3 0x80009d74 (0x283f2823) mem 0x80010000 0x00000001
core   0: 0x80009d78 (0xff9ff06f) j       pc - 0x8
core   0: 3 0x80009d78 (0xff9ff06f)
core   0: 0x80009d70 (0x00006f17) auipc   t5, 0x6
core   0: 3 0x80009d70 (0x00006f17) x30 0x8000fd70
core   0: 0x80009d74 (0x283f2823) sw      gp, 656(t5)
core   0: 3 0x80009d74 (0x283f2823) mem 0x80010000 0x00000001
core   0: 0x80009d78 (0xff9ff06f) j       pc - 0x8
core   0: 3 0x80009d78 (0xff9ff06f)
core   0: 0x80009d70 (0x00006f17) auipc   t5, 0x6
core   0: 3 0x80009d70 (0x00006f17) x30 0x8000fd70
core   0: 0x80009d74 (0x283f2823) sw      gp, 656(t5)
core   0: 3 0x80009d74 (0x283f2823) mem 0x80010000 0x00000001
core   0: 0x80009d78 (0xff9ff06f) j       pc - 0x8
core   0: 3 0x80009d78 (0xff9ff06f)
core   0: 0x80009d70 (0x00006f17) auipc   t5, 0x6
core   0: 3 0x80009d70 (0x00006f17) x30 0x8000fd70
core   0: 0x80009d74 (0x283f2823) sw      gp, 656(t5)
core   0: 3 0x80009d74 (0x283f2823) mem 0x80010000 0x00000001
core   0: 0x80009d78 (0xff9ff06f) j       pc - 0x8
core   0: 3 0x80009d78 (0xff9ff06f)
core   0: 0x80009d70 (0x00006f17) auipc   t5, 0x6
core   0: 3 0x80009d70 (0x00006f17) x30 0x8000fd70
core   0: 0x80009d74 (0x283f2823) sw      gp, 656(t5)
core   0: 3 0x80009d74 (0x283f2823) mem 0x80010000 0x00000001
core   0: 0x80009d78 (0xff9ff06f) j       pc - 0x8
core   0: 3 0x80009d78 (0xff9ff06f)
core   0: 0x80009d70 (0x00006f17) auipc   t5, 0x6
core   0: 3 0x80009d70 (0x00006f17) x30 0x8000fd70
core   0: 0x80009d74 (0x283f2823) sw      gp, 656(t5)
core   0: 3 0x80009d74 (0x283f2823) mem 0x80010000 0x00000001
core   0: 0x80009d78 (0xff9ff06f) j       pc - 0x8
core   0: 3 0x80009d78 (0xff9ff06f)
core   0: 0x80009d70 (0x00006f17) auipc   t5, 0x6
core   0: 3 0x80009d70 (0x00006f17) x30 0x8000fd70
core   0: 0x80009d74 (0x283f2823) sw      gp, 656(t5)
core   0: 3 0x80009d74 (0x283f2823) mem 0x80010000 0x00000001
core   0: 0x80009d78 (0xff9ff06f) j       pc - 0x8
core   0: 3 0x80009d78 (0xff9ff06f)
core   0: 0x80009d70 (0x00006f17) auipc   t5, 0x6
core   0: 3 0x80009d70 (0x00006f17) x30 0x8000fd70
core   0: 0x80009d74 (0x283f2823) sw      gp, 656(t5)
core   0: 3 0x80009d74 (0x283f2823) mem 0x80010000 0x00000001
core   0: 0x80009d78 (0xff9ff06f) j       pc - 0x8
core   0: 3 0x80009d78 (0xff9ff06f)
core   0: 0x80009d70 (0x00006f17) auipc   t5, 0x6
core   0: 3 0x80009d70 (0x00006f17) x30 0x8000fd70
core   0: 0x80009d74 (0x283f2823) sw      gp, 656(t5)
core   0: 3 0x80009d74 (0x283f2823) mem 0x80010000 0x00000001
core   0: 0x80009d78 (0xff9ff06f) j       pc - 0x8
core   0: 3 0x80009d78 (0xff9ff06f)
core   0: 0x80009d70 (0x00006f17) auipc   t5, 0x6
core   0: 3 0x80009d70 (0x00006f17) x30 0x8000fd70
core   0: 0x80009d74 (0x283f2823) sw      gp, 656(t5)
core   0: 3 0x80009d74 (0x283f2823) mem 0x80010000 0x00000001
core   0: 0x80009d78 (0xff9ff06f) j       pc - 0x8
core   0: 3 0x80009d78 (0xff9ff06f)
core   0: 0x80009d70 (0x00006f17) auipc   t5, 0x6
core   0: 3 0x80009d70 (0x00006f17) x30 0x8000fd70
core   0: 0x80009d74 (0x283f2823) sw      gp, 656(t5)
core   0: 3 0x80009d74 (0x283f2823) mem 0x80010000 0x00000001
core   0: 0x80009d78 (0xff9ff06f) j       pc - 0x8
core   0: 3 0x80009d78 (0xff9ff06f)
core   0: 0x80009d70 (0x00006f17) auipc   t5, 0x6
core   0: 3 0x80009d70 (0x00006f17) x30 0x8000fd70
core   0: 0x80009d74 (0x283f2823) sw      gp, 656(t5)
core   0: 3 0x80009d74 (0x283f2823) mem 0x80010000 0x00000001
core   0: 0x80009d78 (0xff9ff06f) j       pc - 0x8
core   0: 3 0x80009d78 (0xff9ff06f)
core   0: 0x80009d70 (0x00006f17) auipc   t5, 0x6
core   0: 3 0x80009d70 (0x00006f17) x30 0x8000fd70
core   0: 0x80009d74 (0x283f2823) sw      gp, 656(t5)
core   0: 3 0x80009d74 (0x283f2823) mem 0x80010000 0x00000001
core   0: 0x80009d78 (0xff9ff06f) j       pc - 0x8
core   0: 3 0x80009d78 (0xff9ff06f)
core   0: 0x80009d70 (0x00006f17) auipc   t5, 0x6
core   0: 3 0x80009d70 (0x00006f17) x30 0x8000fd70
core   0: 0x80009d74 (0x283f2823) sw      gp, 656(t5)
core   0: 3 0x80009d74 (0x283f2823) mem 0x80010000 0x00000001
core   0: 0x80009d78 (0xff9ff06f) j       pc - 0x8
core   0: 3 0x80009d78 (0xff9ff06f)
core   0: 0x80009d70 (0x00006f17) auipc   t5, 0x6
core   0: 3 0x80009d70 (0x00006f17) x30 0x8000fd70
core   0: 0x80009d74 (0x283f2823) sw      gp, 656(t5)
core   0: 3 0x80009d74 (0x283f2823) mem 0x80010000 0x00000001
core   0: 0x80009d78 (0xff9ff06f) j       pc - 0x8
core   0: 3 0x80009d78 (0xff9ff06f)
core   0: 0x80009d70 (0x00006f17) auipc   t5, 0x6
core   0: 3 0x80009d70 (0x00006f17) x30 0x8000fd70
core   0: 0x80009d74 (0x283f2823) sw      gp, 656(t5)
core   0: 3 0x80009d74 (0x283f2823) mem 0x80010000 0x00000001
core   0: 0x80009d78 (0xff9ff06f) j       pc - 0x8
core   0: 3 0x80009d78 (0xff9ff06f)
core   0: 0x80009d70 (0x00006f17) auipc   t5, 0x6
core   0: 3 0x80009d70 (0x00006f17) x30 0x8000fd70
core   0: 0x80009d74 (0x283f2823) sw      gp, 656(t5)
core   0: 3 0x80009d74 (0x283f2823) mem 0x80010000 0x00000001
core   0: 0x80009d78 (0xff9ff06f) j       pc - 0x8
core   0: 3 0x80009d78 (0xff9ff06f)
core   0: 0x80009d70 (0x00006f17) auipc   t5, 0x6
core   0: 3 0x80009d70 (0x00006f17) x30 0x8000fd70
core   0: 0x80009d74 (0x283f2823) sw      gp, 656(t5)
core   0: 3 0x80009d74 (0x283f2823) mem 0x80010000 0x00000001
core   0: 0x80009d78 (0xff9ff06f) j       pc - 0x8
core   0: 3 0x80009d78 (0xff9ff06f)
core   0: 0x80009d70 (0x00006f17) auipc   t5, 0x6
core   0: 3 0x80009d70 (0x00006f17) x30 0x8000fd70
core   0: 0x80009d74 (0x283f2823) sw      gp, 656(t5)
core   0: 3 0x80009d74 (0x283f2823) mem 0x80010000 0x00000001
core   0: 0x80009d78 (0xff9ff06f) j       pc - 0x8
core   0: 3 0x80009d78 (0xff9ff06f)
core   0: 0x80009d70 (0x00006f17) auipc   t5, 0x6
core   0: 3 0x80009d70 (0x00006f17) x30 0x8000fd70
core   0: 0x80009d74 (0x283f2823) sw      gp, 656(t5)
core   0: 3 0x80009d74 (0x283f2823) mem 0x80010000 0x00000001
core   0: 0x80009d78 (0xff9ff06f) j       pc - 0x8
core   0: 3 0x80009d78 (0xff9ff06f)
core   0: 0x80009d70 (0x00006f17) auipc   t5, 0x6
core   0: 3 0x80009d70 (0x00006f17) x30 0x8000fd70
core   0: 0x80009d74 (0x283f2823) sw      gp, 656(t5)
core   0: 3 0x80009d74 (0x283f2823) mem 0x80010000 0x00000001
core   0: 0x80009d78 (0xff9ff06f) j       pc - 0x8
core   0: 3 0x80009d78 (0xff9ff06f)
core   0: 0x80009d70 (0x00006f17) auipc   t5, 0x6
core   0: 3 0x80009d70 (0x00006f17) x30 0x8000fd70
core   0: 0x80009d74 (0x283f2823) sw      gp, 656(t5)
core   0: 3 0x80009d74 (0x283f2823) mem 0x80010000 0x00000001
core   0: 0x80009d78 (0xff9ff06f) j       pc - 0x8
core   0: 3 0x80009d78 (0xff9ff06f)
core   0: 0x80009d70 (0x00006f17) auipc   t5, 0x6
core   0: 3 0x80009d70 (0x00006f17) x30 0x8000fd70
core   0: 0x80009d74 (0x283f2823) sw      gp, 656(t5)
core   0: 3 0x80009d74 (0x283f2823) mem 0x80010000 0x00000001
core   0: 0x80009d78 (0xff9ff06f) j       pc - 0x8
core   0: 3 0x80009d78 (0xff9ff06f)
core   0: 0x80009d70 (0x00006f17) auipc   t5, 0x6
core   0: 3 0x80009d70 (0x00006f17) x30 0x8000fd70
core   0: 0x80009d74 (0x283f2823) sw      gp, 656(t5)
core   0: 3 0x80009d74 (0x283f2823) mem 0x80010000 0x00000001
core   0: 0x80009d78 (0xff9ff06f) j       pc - 0x8
core   0: 3 0x80009d78 (0xff9ff06f)
core   0: 0x80009d70 (0x00006f17) auipc   t5, 0x6
core   0: 3 0x80009d70 (0x00006f17) x30 0x8000fd70
core   0: 0x80009d74 (0x283f2823) sw      gp, 656(t5)
core   0: 3 0x80009d74 (0x283f2823) mem 0x80010000 0x00000001
core   0: 0x80009d78 (0xff9ff06f) j       pc - 0x8
core   0: 3 0x80009d78 (0xff9ff06f)
core   0: 0x80009d70 (0x00006f17) auipc   t5, 0x6
core   0: 3 0x80009d70 (0x00006f17) x30 0x8000fd70
core   0: 0x80009d74 (0x283f2823) sw      gp, 656(t5)
core   0: 3 0x80009d74 (0x283f2823) mem 0x80010000 0x00000001
core   0: 0x80009d78 (0xff9ff06f) j       pc - 0x8
core   0: 3 0x80009d78 (0xff9ff06f)
core   0: 0x80009d70 (0x00006f17) auipc   t5, 0x6
core   0: 3 0x80009d70 (0x00006f17) x30 0x8000fd70
core   0: 0x80009d74 (0x283f2823) sw      gp, 656(t5)
core   0: 3 0x80009d74 (0x283f2823) mem 0x80010000 0x00000001
core   0: 0x80009d78 (0xff9ff06f) j       pc - 0x8
core   0: 3 0x80009d78 (0xff9ff06f)
core   0: 0x80009d70 (0x00006f17) auipc   t5, 0x6
core   0: 3 0x80009d70 (0x00006f17) x30 0x8000fd70
core   0: 0x80009d74 (0x283f2823) sw      gp, 656(t5)
core   0: 3 0x80009d74 (0x283f2823) mem 0x80010000 0x00000001
core   0: 0x80009d78 (0xff9ff06f) j       pc - 0x8
core   0: 3 0x80009d78 (0xff9ff06f)
core   0: 0x80009d70 (0x00006f17) auipc   t5, 0x6
core   0: 3 0x80009d70 (0x00006f17) x30 0x8000fd70
core   0: 0x80009d74 (0x283f2823) sw      gp, 656(t5)
core   0: 3 0x80009d74 (0x283f2823) mem 0x80010000 0x00000001
core   0: 0x80009d78 (0xff9ff06f) j       pc - 0x8
core   0: 3 0x80009d78 (0xff9ff06f)
core   0: 0x80009d70 (0x00006f17) auipc   t5, 0x6
core   0: 3 0x80009d70 (0x00006f17) x30 0x8000fd70
core   0: 0x80009d74 (0x283f2823) sw      gp, 656(t5)
core   0: 3 0x80009d74 (0x283f2823) mem 0x80010000 0x00000001
core   0: 0x80009d78 (0xff9ff06f) j       pc - 0x8
core   0: 3 0x80009d78 (0xff9ff06f)
core   0: 0x80009d70 (0x00006f17) auipc   t5, 0x6
core   0: 3 0x80009d70 (0x00006f17) x30 0x8000fd70
core   0: 0x80009d74 (0x283f2823) sw      gp, 656(t5)
core   0: 3 0x80009d74 (0x283f2823) mem 0x80010000 0x00000001
core   0: 0x80009d78 (0xff9ff06f) j       pc - 0x8
core   0: 3 0x80009d78 (0xff9ff06f)
core   0: 0x80009d70 (0x00006f17) auipc   t5, 0x6
core   0: 3 0x80009d70 (0x00006f17) x30 0x8000fd70
core   0: 0x80009d74 (0x283f2823) sw      gp, 656(t5)
core   0: 3 0x80009d74 (0x283f2823) mem 0x80010000 0x00000001
core   0: 0x80009d78 (0xff9ff06f) j       pc - 0x8
core   0: 3 0x80009d78 (0xff9ff06f)
core   0: 0x80009d70 (0x00006f17) auipc   t5, 0x6
core   0: 3 0x80009d70 (0x00006f17) x30 0x8000fd70
core   0: 0x80009d74 (0x283f2823) sw      gp, 656(t5)
core   0: 3 0x80009d74 (0x283f2823) mem 0x80010000 0x00000001
core   0: 0x80009d78 (0xff9ff06f) j       pc - 0x8
core   0: 3 0x80009d78 (0xff9ff06f)
core   0: 0x80009d70 (0x00006f17) auipc   t5, 0x6
core   0: 3 0x80009d70 (0x00006f17) x30 0x8000fd70
core   0: 0x80009d74 (0x283f2823) sw      gp, 656(t5)
core   0: 3 0x80009d74 (0x283f2823) mem 0x80010000 0x00000001
core   0: 0x80009d78 (0xff9ff06f) j       pc - 0x8
core   0: 3 0x80009d78 (0xff9ff06f)
core   0: 0x80009d70 (0x00006f17) auipc   t5, 0x6
core   0: 3 0x80009d70 (0x00006f17) x30 0x8000fd70
core   0: 0x80009d74 (0x283f2823) sw      gp, 656(t5)
core   0: 3 0x80009d74 (0x283f2823) mem 0x80010000 0x00000001
core   0: 0x80009d78 (0xff9ff06f) j       pc - 0x8
core   0: 3 0x80009d78 (0xff9ff06f)
core   0: 0x80009d70 (0x00006f17) auipc   t5, 0x6
core   0: 3 0x80009d70 (0x00006f17) x30 0x8000fd70
core   0: 0x80009d74 (0x283f2823) sw      gp, 656(t5)
core   0: 3 0x80009d74 (0x283f2823) mem 0x80010000 0x00000001
core   0: 0x80009d78 (0xff9ff06f) j       pc - 0x8
core   0: 3 0x80009d78 (0xff9ff06f)
core   0: 0x80009d70 (0x00006f17) auipc   t5, 0x6
core   0: 3 0x80009d70 (0x00006f17) x30 0x8000fd70
core   0: 0x80009d74 (0x283f2823) sw      gp, 656(t5)
core   0: 3 0x80009d74 (0x283f2823) mem 0x80010000 0x00000001
core   0: 0x80009d78 (0xff9ff06f) j       pc - 0x8
core   0: 3 0x80009d78 (0xff9ff06f)
core   0: 0x80009d70 (0x00006f17) auipc   t5, 0x6
core   0: 3 0x80009d70 (0x00006f17) x30 0x8000fd70
core   0: 0x80009d74 (0x283f2823) sw      gp, 656(t5)
core   0: 3 0x80009d74 (0x283f2823) mem 0x80010000 0x00000001
core   0: 0x80009d78 (0xff9ff06f) j       pc - 0x8
core   0: 3 0x80009d78 (0xff9ff06f)
core   0: 0x80009d70 (0x00006f17) auipc   t5, 0x6
core   0: 3 0x80009d70 (0x00006f17) x30 0x8000fd70
core   0: 0x80009d74 (0x283f2823) sw      gp, 656(t5)
core   0: 3 0x80009d74 (0x283f2823) mem 0x80010000 0x00000001
core   0: 0x80009d78 (0xff9ff06f) j       pc - 0x8
core   0: 3 0x80009d78 (0xff9ff06f)
core   0: 0x80009d70 (0x00006f17) auipc   t5, 0x6
core   0: 3 0x80009d70 (0x00006f17) x30 0x8000fd70
core   0: 0x80009d74 (0x283f2823) sw      gp, 656(t5)
core   0: 3 0x80009d74 (0x283f2823) mem 0x80010000 0x00000001
core   0: 0x80009d78 (0xff9ff06f) j       pc - 0x8
core   0: 3 0x80009d78 (0xff9ff06f)
core   0: 0x80009d70 (0x00006f17) auipc   t5, 0x6
core   0: 3 0x80009d70 (0x00006f17) x30 0x8000fd70
core   0: 0x80009d74 (0x283f2823) sw      gp, 656(t5)
core   0: 3 0x80009d74 (0x283f2823) mem 0x80010000 0x00000001
core   0: 0x80009d78 (0xff9ff06f) j       pc - 0x8
core   0: 3 0x80009d78 (0xff9ff06f)
core   0: 0x80009d70 (0x00006f17) auipc   t5, 0x6
core   0: 3 0x80009d70 (0x00006f17) x30 0x8000fd70
core   0: 0x80009d74 (0x283f2823) sw      gp, 656(t5)
core   0: 3 0x80009d74 (0x283f2823) mem 0x80010000 0x00000001
core   0: 0x80009d78 (0xff9ff06f) j       pc - 0x8
core   0: 3 0x80009d78 (0xff9ff06f)
core   0: 0x80009d70 (0x00006f17) auipc   t5, 0x6
core   0: 3 0x80009d70 (0x00006f17) x30 0x8000fd70
core   0: 0x80009d74 (0x283f2823) sw      gp, 656(t5)
core   0: 3 0x80009d74 (0x283f2823) mem 0x80010000 0x00000001
core   0: 0x80009d78 (0xff9ff06f) j       pc - 0x8
core   0: 3 0x80009d78 (0xff9ff06f)
core   0: 0x80009d70 (0x00006f17) auipc   t5, 0x6
core   0: 3 0x80009d70 (0x00006f17) x30 0x8000fd70
core   0: 0x80009d74 (0x283f2823) sw      gp, 656(t5)
core   0: 3 0x80009d74 (0x283f2823) mem 0x80010000 0x00000001
core   0: 0x80009d78 (0xff9ff06f) j       pc - 0x8
core   0: 3 0x80009d78 (0xff9ff06f)
core   0: 0x80009d70 (0x00006f17) auipc   t5, 0x6
core   0: 3 0x80009d70 (0x00006f17) x30 0x8000fd70
core   0: 0x80009d74 (0x283f2823) sw      gp, 656(t5)
core   0: 3 0x80009d74 (0x283f2823) mem 0x80010000 0x00000001
core   0: 0x80009d78 (0xff9ff06f) j       pc - 0x8
core   0: 3 0x80009d78 (0xff9ff06f)
core   0: 0x80009d70 (0x00006f17) auipc   t5, 0x6
core   0: 3 0x80009d70 (0x00006f17) x30 0x8000fd70
core   0: 0x80009d74 (0x283f2823) sw      gp, 656(t5)
core   0: 3 0x80009d74 (0x283f2823) mem 0x80010000 0x00000001
core   0: 0x80009d78 (0xff9ff06f) j       pc - 0x8
core   0: 3 0x80009d78 (0xff9ff06f)
core   0: 0x80009d70 (0x00006f17) auipc   t5, 0x6
core   0: 3 0x80009d70 (0x00006f17) x30 0x8000fd70
core   0: 0x80009d74 (0x283f2823) sw      gp, 656(t5)
core   0: 3 0x80009d74 (0x283f2823) mem 0x80010000 0x00000001
core   0: 0x80009d78 (0xff9ff06f) j       pc - 0x8
core   0: 3 0x80009d78 (0xff9ff06f)
core   0: 0x80009d70 (0x00006f17) auipc   t5, 0x6
core   0: 3 0x80009d70 (0x00006f17) x30 0x8000fd70
core   0: 0x80009d74 (0x283f2823) sw      gp, 656(t5)
core   0: 3 0x80009d74 (0x283f2823) mem 0x80010000 0x00000001
core   0: 0x80009d78 (0xff9ff06f) j       pc - 0x8
core   0: 3 0x80009d78 (0xff9ff06f)
core   0: 0x80009d70 (0x00006f17) auipc   t5, 0x6
core   0: 3 0x80009d70 (0x00006f17) x30 0x8000fd70
core   0: 0x80009d74 (0x283f2823) sw      gp, 656(t5)
core   0: 3 0x80009d74 (0x283f2823) mem 0x80010000 0x00000001
core   0: 0x80009d78 (0xff9ff06f) j       pc - 0x8
core   0: 3 0x80009d78 (0xff9ff06f)
core   0: 0x80009d70 (0x00006f17) auipc   t5, 0x6
core   0: 3 0x80009d70 (0x00006f17) x30 0x8000fd70
core   0: 0x80009d74 (0x283f2823) sw      gp, 656(t5)
core   0: 3 0x80009d74 (0x283f2823) mem 0x80010000 0x00000001
core   0: 0x80009d78 (0xff9ff06f) j       pc - 0x8
core   0: 3 0x80009d78 (0xff9ff06f)
core   0: 0x80009d70 (0x00006f17) auipc   t5, 0x6
core   0: 3 0x80009d70 (0x00006f17) x30 0x8000fd70
core   0: 0x80009d74 (0x283f2823) sw      gp, 656(t5)
core   0: 3 0x80009d74 (0x283f2823) mem 0x80010000 0x00000001
core   0: 0x80009d78 (0xff9ff06f) j       pc - 0x8
core   0: 3 0x80009d78 (0xff9ff06f)
core   0: 0x80009d70 (0x00006f17) auipc   t5, 0x6
core   0: 3 0x80009d70 (0x00006f17) x30 0x8000fd70
core   0: 0x80009d74 (0x283f2823) sw      gp, 656(t5)
core   0: 3 0x80009d74 (0x283f2823) mem 0x80010000 0x00000001
core   0: 0x80009d78 (0xff9ff06f) j       pc - 0x8
core   0: 3 0x80009d78 (0xff9ff06f)
core   0: 0x80009d70 (0x00006f17) auipc   t5, 0x6
core   0: 3 0x80009d70 (0x00006f17) x30 0x8000fd70
core   0: 0x80009d74 (0x283f2823) sw      gp, 656(t5)
core   0: 3 0x80009d74 (0x283f2823) mem 0x80010000 0x00000001
core   0: 0x80009d78 (0xff9ff06f) j       pc - 0x8
core   0: 3 0x80009d78 (0xff9ff06f)
core   0: 0x80009d70 (0x00006f17) auipc   t5, 0x6
core   0: 3 0x80009d70 (0x00006f17) x30 0x8000fd70
core   0: 0x80009d74 (0x283f2823) sw      gp, 656(t5)
core   0: 3 0x80009d74 (0x283f2823) mem 0x80010000 0x00000001
core   0: 0x80009d78 (0xff9ff06f) j       pc - 0x8
core   0: 3 0x80009d78 (0xff9ff06f)
core   0: 0x80009d70 (0x00006f17) auipc   t5, 0x6
core   0: 3 0x80009d70 (0x00006f17) x30 0x8000fd70
core   0: 0x80009d74 (0x283f2823) sw      gp, 656(t5)
core   0: 3 0x80009d74 (0x283f2823) mem 0x80010000 0x00000001
core   0: 0x80009d78 (0xff9ff06f) j       pc - 0x8
core   0: 3 0x80009d78 (0xff9ff06f)
core   0: 0x80009d70 (0x00006f17) auipc   t5, 0x6
core   0: 3 0x80009d70 (0x00006f17) x30 0x8000fd70
core   0: 0x80009d74 (0x283f2823) sw      gp, 656(t5)
core   0: 3 0x80009d74 (0x283f2823) mem 0x80010000 0x00000001
core   0: 0x80009d78 (0xff9ff06f) j       pc - 0x8
core   0: 3 0x80009d78 (0xff9ff06f)
core   0: 0x80009d70 (0x00006f17) auipc   t5, 0x6
core   0: 3 0x80009d70 (0x00006f17) x30 0x8000fd70
core   0: 0x80009d74 (0x283f2823) sw      gp, 656(t5)
core   0: 3 0x80009d74 (0x283f2823) mem 0x80010000 0x00000001
core   0: 0x80009d78 (0xff9ff06f) j       pc - 0x8
core   0: 3 0x80009d78 (0xff9ff06f)
core   0: 0x80009d70 (0x00006f17) auipc   t5, 0x6
core   0: 3 0x80009d70 (0x00006f17) x30 0x8000fd70
core   0: 0x80009d74 (0x283f2823) sw      gp, 656(t5)
core   0: 3 0x80009d74 (0x283f2823) mem 0x80010000 0x00000001
core   0: 0x80009d78 (0xff9ff06f) j       pc - 0x8
core   0: 3 0x80009d78 (0xff9ff06f)
core   0: 0x80009d70 (0x00006f17) auipc   t5, 0x6
core   0: 3 0x80009d70 (0x00006f17) x30 0x8000fd70
core   0: 0x80009d74 (0x283f2823) sw      gp, 656(t5)
core   0: 3 0x80009d74 (0x283f2823) mem 0x80010000 0x00000001
core   0: 0x80009d78 (0xff9ff06f) j       pc - 0x8
core   0: 3 0x80009d78 (0xff9ff06f)
core   0: 0x80009d70 (0x00006f17) auipc   t5, 0x6
core   0: 3 0x80009d70 (0x00006f17) x30 0x8000fd70
core   0: 0x80009d74 (0x283f2823) sw      gp, 656(t5)
core   0: 3 0x80009d74 (0x283f2823) mem 0x80010000 0x00000001
core   0: 0x80009d78 (0xff9ff06f) j       pc - 0x8
core   0: 3 0x80009d78 (0xff9ff06f)
core   0: 0x80009d70 (0x00006f17) auipc   t5, 0x6
core   0: 3 0x80009d70 (0x00006f17) x30 0x8000fd70
core   0: 0x80009d74 (0x283f2823) sw      gp, 656(t5)
core   0: 3 0x80009d74 (0x283f2823) mem 0x80010000 0x00000001
core   0: 0x80009d78 (0xff9ff06f) j       pc - 0x8
core   0: 3 0x80009d78 (0xff9ff06f)
core   0: 0x80009d70 (0x00006f17) auipc   t5, 0x6
core   0: 3 0x80009d70 (0x00006f17) x30 0x8000fd70
core   0: 0x80009d74 (0x283f2823) sw      gp, 656(t5)
core   0: 3 0x80009d74 (0x283f2823) mem 0x80010000 0x00000001
core   0: 0x80009d78 (0xff9ff06f) j       pc - 0x8
core   0: 3 0x80009d78 (0xff9ff06f)
core   0: 0x80009d70 (0x00006f17) auipc   t5, 0x6
core   0: 3 0x80009d70 (0x00006f17) x30 0x8000fd70
core   0: 0x80009d74 (0x283f2823) sw      gp, 656(t5)
core   0: 3 0x80009d74 (0x283f2823) mem 0x80010000 0x00000001
core   0: 0x80009d78 (0xff9ff06f) j       pc - 0x8
core   0: 3 0x80009d78 (0xff9ff06f)
core   0: 0x80009d70 (0x00006f17) auipc   t5, 0x6
core   0: 3 0x80009d70 (0x00006f17) x30 0x8000fd70
core   0: 0x80009d74 (0x283f2823) sw      gp, 656(t5)
core   0: 3 0x80009d74 (0x283f2823) mem 0x80010000 0x00000001
core   0: 0x80009d78 (0xff9ff06f) j       pc - 0x8
core   0: 3 0x80009d78 (0xff9ff06f)
core   0: 0x80009d70 (0x00006f17) auipc   t5, 0x6
core   0: 3 0x80009d70 (0x00006f17) x30 0x8000fd70
core   0: 0x80009d74 (0x283f2823) sw      gp, 656(t5)
core   0: 3 0x80009d74 (0x283f2823) mem 0x80010000 0x00000001
core   0: 0x80009d78 (0xff9ff06f) j       pc - 0x8
core   0: 3 0x80009d78 (0xff9ff06f)
core   0: 0x80009d70 (0x00006f17) auipc   t5, 0x6
core   0: 3 0x80009d70 (0x00006f17) x30 0x8000fd70
core   0: 0x80009d74 (0x283f2823) sw      gp, 656(t5)
core   0: 3 0x80009d74 (0x283f2823) mem 0x80010000 0x00000001
core   0: 0x80009d78 (0xff9ff06f) j       pc - 0x8
core   0: 3 0x80009d78 (0xff9ff06f)
core   0: 0x80009d70 (0x00006f17) auipc   t5, 0x6
core   0: 3 0x80009d70 (0x00006f17) x30 0x8000fd70
core   0: 0x80009d74 (0x283f2823) sw      gp, 656(t5)
core   0: 3 0x80009d74 (0x283f2823) mem 0x80010000 0x00000001
core   0: 0x80009d78 (0xff9ff06f) j       pc - 0x8
core   0: 3 0x80009d78 (0xff9ff06f)
core   0: 0x80009d70 (0x00006f17) auipc   t5, 0x6
core   0: 3 0x80009d70 (0x00006f17) x30 0x8000fd70
core   0: 0x80009d74 (0x283f2823) sw      gp, 656(t5)
core   0: 3 0x80009d74 (0x283f2823) mem 0x80010000 0x00000001
core   0: 0x80009d78 (0xff9ff06f) j       pc - 0x8
core   0: 3 0x80009d78 (0xff9ff06f)
core   0: 0x80009d70 (0x00006f17) auipc   t5, 0x6
core   0: 3 0x80009d70 (0x00006f17) x30 0x8000fd70
core   0: 0x80009d74 (0x283f2823) sw      gp, 656(t5)
core   0: 3 0x80009d74 (0x283f2823) mem 0x80010000 0x00000001
core   0: 0x80009d78 (0xff9ff06f) j       pc - 0x8
core   0: 3 0x80009d78 (0xff9ff06f)
core   0: 0x80009d70 (0x00006f17) auipc   t5, 0x6
core   0: 3 0x80009d70 (0x00006f17) x30 0x8000fd70
core   0: 0x80009d74 (0x283f2823) sw      gp, 656(t5)
core   0: 3 0x80009d74 (0x283f2823) mem 0x80010000 0x00000001
core   0: 0x80009d78 (0xff9ff06f) j       pc - 0x8
core   0: 3 0x80009d78 (0xff9ff06f)
core   0: 0x80009d70 (0x00006f17) auipc   t5, 0x6
core   0: 3 0x80009d70 (0x00006f17) x30 0x8000fd70
core   0: 0x80009d74 (0x283f2823) sw      gp, 656(t5)
core   0: 3 0x80009d74 (0x283f2823) mem 0x80010000 0x00000001
core   0: 0x80009d78 (0xff9ff06f) j       pc - 0x8
core   0: 3 0x80009d78 (0xff9ff06f)
core   0: 0x80009d70 (0x00006f17) auipc   t5, 0x6
core   0: 3 0x80009d70 (0x00006f17) x30 0x8000fd70
core   0: 0x80009d74 (0x283f2823) sw      gp, 656(t5)
core   0: 3 0x80009d74 (0x283f2823) mem 0x80010000 0x00000001
core   0: 0x80009d78 (0xff9ff06f) j       pc - 0x8
core   0: 3 0x80009d78 (0xff9ff06f)
core   0: 0x80009d70 (0x00006f17) auipc   t5, 0x6
core   0: 3 0x80009d70 (0x00006f17) x30 0x8000fd70
core   0: 0x80009d74 (0x283f2823) sw      gp, 656(t5)
core   0: 3 0x80009d74 (0x283f2823) mem 0x80010000 0x00000001
core   0: 0x80009d78 (0xff9ff06f) j       pc - 0x8
core   0: 3 0x80009d78 (0xff9ff06f)
core   0: 0x80009d70 (0x00006f17) auipc   t5, 0x6
core   0: 3 0x80009d70 (0x00006f17) x30 0x8000fd70
core   0: 0x80009d74 (0x283f2823) sw      gp, 656(t5)
core   0: 3 0x80009d74 (0x283f2823) mem 0x80010000 0x00000001
core   0: 0x80009d78 (0xff9ff06f) j       pc - 0x8
core   0: 3 0x80009d78 (0xff9ff06f)
core   0: 0x80009d70 (0x00006f17) auipc   t5, 0x6
core   0: 3 0x80009d70 (0x00006f17) x30 0x8000fd70
core   0: 0x80009d74 (0x283f2823) sw      gp, 656(t5)
core   0: 3 0x80009d74 (0x283f2823) mem 0x80010000 0x00000001
core   0: 0x80009d78 (0xff9ff06f) j       pc - 0x8
core   0: 3 0x80009d78 (0xff9ff06f)
core   0: 0x80009d70 (0x00006f17) auipc   t5, 0x6
core   0: 3 0x80009d70 (0x00006f17) x30 0x8000fd70
core   0: 0x80009d74 (0x283f2823) sw      gp, 656(t5)
core   0: 3 0x80009d74 (0x283f2823) mem 0x80010000 0x00000001
core   0: 0x80009d78 (0xff9ff06f) j       pc - 0x8
core   0: 3 0x80009d78 (0xff9ff06f)
core   0: 0x80009d70 (0x00006f17) auipc   t5, 0x6
core   0: 3 0x80009d70 (0x00006f17) x30 0x8000fd70
core   0: 0x80009d74 (0x283f2823) sw      gp, 656(t5)
core   0: 3 0x80009d74 (0x283f2823) mem 0x80010000 0x00000001
core   0: 0x80009d78 (0xff9ff06f) j       pc - 0x8
core   0: 3 0x80009d78 (0xff9ff06f)
core   0: 0x80009d70 (0x00006f17) auipc   t5, 0x6
core   0: 3 0x80009d70 (0x00006f17) x30 0x8000fd70
core   0: 0x80009d74 (0x283f2823) sw      gp, 656(t5)
core   0: 3 0x80009d74 (0x283f2823) mem 0x80010000 0x00000001
core   0: 0x80009d78 (0xff9ff06f) j       pc - 0x8
core   0: 3 0x80009d78 (0xff9ff06f)
core   0: 0x80009d70 (0x00006f17) auipc   t5, 0x6
core   0: 3 0x80009d70 (0x00006f17) x30 0x8000fd70
core   0: 0x80009d74 (0x283f2823) sw      gp, 656(t5)
core   0: 3 0x80009d74 (0x283f2823) mem 0x80010000 0x00000001
core   0: 0x80009d78 (0xff9ff06f) j       pc - 0x8
core   0: 3 0x80009d78 (0xff9ff06f)
core   0: 0x80009d70 (0x00006f17) auipc   t5, 0x6
core   0: 3 0x80009d70 (0x00006f17) x30 0x8000fd70
core   0: 0x80009d74 (0x283f2823) sw      gp, 656(t5)
core   0: 3 0x80009d74 (0x283f2823) mem 0x80010000 0x00000001
core   0: 0x80009d78 (0xff9ff06f) j       pc - 0x8
core   0: 3 0x80009d78 (0xff9ff06f)
core   0: 0x80009d70 (0x00006f17) auipc   t5, 0x6
core   0: 3 0x80009d70 (0x00006f17) x30 0x8000fd70
core   0: 0x80009d74 (0x283f2823) sw      gp, 656(t5)
core   0: 3 0x80009d74 (0x283f2823) mem 0x80010000 0x00000001
core   0: 0x80009d78 (0xff9ff06f) j       pc - 0x8
core   0: 3 0x80009d78 (0xff9ff06f)
core   0: 0x80009d70 (0x00006f17) auipc   t5, 0x6
core   0: 3 0x80009d70 (0x00006f17) x30 0x8000fd70
core   0: 0x80009d74 (0x283f2823) sw      gp, 656(t5)
core   0: 3 0x80009d74 (0x283f2823) mem 0x80010000 0x00000001
core   0: 0x80009d78 (0xff9ff06f) j       pc - 0x8
core   0: 3 0x80009d78 (0xff9ff06f)
core   0: 0x80009d70 (0x00006f17) auipc   t5, 0x6
core   0: 3 0x80009d70 (0x00006f17) x30 0x8000fd70
core   0: 0x80009d74 (0x283f2823) sw      gp, 656(t5)
core   0: 3 0x80009d74 (0x283f2823) mem 0x80010000 0x00000001
core   0: 0x80009d78 (0xff9ff06f) j       pc - 0x8
core   0: 3 0x80009d78 (0xff9ff06f)
core   0: 0x80009d70 (0x00006f17) auipc   t5, 0x6
core   0: 3 0x80009d70 (0x00006f17) x30 0x8000fd70
core   0: 0x80009d74 (0x283f2823) sw      gp, 656(t5)
core   0: 3 0x80009d74 (0x283f2823) mem 0x80010000 0x00000001
core   0: 0x80009d78 (0xff9ff06f) j       pc - 0x8
core   0: 3 0x80009d78 (0xff9ff06f)
core   0: 0x80009d70 (0x00006f17) auipc   t5, 0x6
core   0: 3 0x80009d70 (0x00006f17) x30 0x8000fd70
core   0: 0x80009d74 (0x283f2823) sw      gp, 656(t5)
core   0: 3 0x80009d74 (0x283f2823) mem 0x80010000 0x00000001
core   0: 0x80009d78 (0xff9ff06f) j       pc - 0x8
core   0: 3 0x80009d78 (0xff9ff06f)
core   0: 0x80009d70 (0x00006f17) auipc   t5, 0x6
core   0: 3 0x80009d70 (0x00006f17) x30 0x8000fd70
core   0: 0x80009d74 (0x283f2823) sw      gp, 656(t5)
core   0: 3 0x80009d74 (0x283f2823) mem 0x80010000 0x00000001
core   0: 0x80009d78 (0xff9ff06f) j       pc - 0x8
core   0: 3 0x80009d78 (0xff9ff06f)
core   0: 0x80009d70 (0x00006f17) auipc   t5, 0x6
core   0: 3 0x80009d70 (0x00006f17) x30 0x8000fd70
core   0: 0x80009d74 (0x283f2823) sw      gp, 656(t5)
core   0: 3 0x80009d74 (0x283f2823) mem 0x80010000 0x00000001
core   0: 0x80009d78 (0xff9ff06f) j       pc - 0x8
core   0: 3 0x80009d78 (0xff9ff06f)
core   0: 0x80009d70 (0x00006f17) auipc   t5, 0x6
core   0: 3 0x80009d70 (0x00006f17) x30 0x8000fd70
core   0: 0x80009d74 (0x283f2823) sw      gp, 656(t5)
core   0: 3 0x80009d74 (0x283f2823) mem 0x80010000 0x00000001
core   0: 0x80009d78 (0xff9ff06f) j       pc - 0x8
core   0: 3 0x80009d78 (0xff9ff06f)
core   0: 0x80009d70 (0x00006f17) auipc   t5, 0x6
core   0: 3 0x80009d70 (0x00006f17) x30 0x8000fd70
core   0: 0x80009d74 (0x283f2823) sw      gp, 656(t5)
core   0: 3 0x80009d74 (0x283f2823) mem 0x80010000 0x00000001
core   0: 0x80009d78 (0xff9ff06f) j       pc - 0x8
core   0: 3 0x80009d78 (0xff9ff06f)
core   0: 0x80009d70 (0x00006f17) auipc   t5, 0x6
core   0: 3 0x80009d70 (0x00006f17) x30 0x8000fd70
core   0: 0x80009d74 (0x283f2823) sw      gp, 656(t5)
core   0: 3 0x80009d74 (0x283f2823) mem 0x80010000 0x00000001
core   0: 0x80009d78 (0xff9ff06f) j       pc - 0x8
core   0: 3 0x80009d78 (0xff9ff06f)
core   0: 0x80009d70 (0x00006f17) auipc   t5, 0x6
core   0: 3 0x80009d70 (0x00006f17) x30 0x8000fd70
core   0: 0x80009d74 (0x283f2823) sw      gp, 656(t5)
core   0: 3 0x80009d74 (0x283f2823) mem 0x80010000 0x00000001
core   0: 0x80009d78 (0xff9ff06f) j       pc - 0x8
core   0: 3 0x80009d78 (0xff9ff06f)
core   0: 0x80009d70 (0x00006f17) auipc   t5, 0x6
core   0: 3 0x80009d70 (0x00006f17) x30 0x8000fd70
core   0: 0x80009d74 (0x283f2823) sw      gp, 656(t5)
core   0: 3 0x80009d74 (0x283f2823) mem 0x80010000 0x00000001
core   0: 0x80009d78 (0xff9ff06f) j       pc - 0x8
core   0: 3 0x80009d78 (0xff9ff06f)
core   0: 0x80009d70 (0x00006f17) auipc   t5, 0x6
core   0: 3 0x80009d70 (0x00006f17) x30 0x8000fd70
core   0: 0x80009d74 (0x283f2823) sw      gp, 656(t5)
core   0: 3 0x80009d74 (0x283f2823) mem 0x80010000 0x00000001
core   0: 0x80009d78 (0xff9ff06f) j       pc - 0x8
core   0: 3 0x80009d78 (0xff9ff06f)
core   0: 0x80009d70 (0x00006f17) auipc   t5, 0x6
core   0: 3 0x80009d70 (0x00006f17) x30 0x8000fd70
core   0: 0x80009d74 (0x283f2823) sw      gp, 656(t5)
core   0: 3 0x80009d74 (0x283f2823) mem 0x80010000 0x00000001
core   0: 0x80009d78 (0xff9ff06f) j       pc - 0x8
core   0: 3 0x80009d78 (0xff9ff06f)
core   0: 0x80009d70 (0x00006f17) auipc   t5, 0x6
core   0: 3 0x80009d70 (0x00006f17) x30 0x8000fd70
core   0: 0x80009d74 (0x283f2823) sw      gp, 656(t5)
core   0: 3 0x80009d74 (0x283f2823) mem 0x80010000 0x00000001
core   0: 0x80009d78 (0xff9ff06f) j       pc - 0x8
core   0: 3 0x80009d78 (0xff9ff06f)
core   0: 0x80009d70 (0x00006f17) auipc   t5, 0x6
core   0: 3 0x80009d70 (0x00006f17) x30 0x8000fd70
core   0: 0x80009d74 (0x283f2823) sw      gp, 656(t5)
core   0: 3 0x80009d74 (0x283f2823) mem 0x80010000 0x00000001
core   0: 0x80009d78 (0xff9ff06f) j       pc - 0x8
core   0: 3 0x80009d78 (0xff9ff06f)
core   0: 0x80009d70 (0x00006f17) auipc   t5, 0x6
core   0: 3 0x80009d70 (0x00006f17) x30 0x8000fd70
core   0: 0x80009d74 (0x283f2823) sw      gp, 656(t5)
core   0: 3 0x80009d74 (0x283f2823) mem 0x80010000 0x00000001
core   0: 0x80009d78 (0xff9ff06f) j       pc - 0x8
core   0: 3 0x80009d78 (0xff9ff06f)
core   0: 0x80009d70 (0x00006f17) auipc   t5, 0x6
core   0: 3 0x80009d70 (0x00006f17) x30 0x8000fd70
core   0: 0x80009d74 (0x283f2823) sw      gp, 656(t5)
core   0: 3 0x80009d74 (0x283f2823) mem 0x80010000 0x00000001
core   0: 0x80009d78 (0xff9ff06f) j       pc - 0x8
core   0: 3 0x80009d78 (0xff9ff06f)
core   0: 0x80009d70 (0x00006f17) auipc   t5, 0x6
core   0: 3 0x80009d70 (0x00006f17) x30 0x8000fd70
core   0: 0x80009d74 (0x283f2823) sw      gp, 656(t5)
core   0: 3 0x80009d74 (0x283f2823) mem 0x80010000 0x00000001
core   0: 0x80009d78 (0xff9ff06f) j       pc - 0x8
core   0: 3 0x80009d78 (0xff9ff06f)
core   0: 0x80009d70 (0x00006f17) auipc   t5, 0x6
core   0: 3 0x80009d70 (0x00006f17) x30 0x8000fd70
core   0: 0x80009d74 (0x283f2823) sw      gp, 656(t5)
core   0: 3 0x80009d74 (0x283f2823) mem 0x80010000 0x00000001
core   0: 0x80009d78 (0xff9ff06f) j       pc - 0x8
core   0: 3 0x80009d78 (0xff9ff06f)
core   0: 0x80009d70 (0x00006f17) auipc   t5, 0x6
core   0: 3 0x80009d70 (0x00006f17) x30 0x8000fd70
core   0: 0x80009d74 (0x283f2823) sw      gp, 656(t5)
core   0: 3 0x80009d74 (0x283f2823) mem 0x80010000 0x00000001
core   0: 0x80009d78 (0xff9ff06f) j       pc - 0x8
core   0: 3 0x80009d78 (0xff9ff06f)
core   0: 0x80009d70 (0x00006f17) auipc   t5, 0x6
core   0: 3 0x80009d70 (0x00006f17) x30 0x8000fd70
core   0: 0x80009d74 (0x283f2823) sw      gp, 656(t5)
core   0: 3 0x80009d74 (0x283f2823) mem 0x80010000 0x00000001
core   0: 0x80009d78 (0xff9ff06f) j       pc - 0x8
core   0: 3 0x80009d78 (0xff9ff06f)
core   0: 0x80009d70 (0x00006f17) auipc   t5, 0x6
core   0: 3 0x80009d70 (0x00006f17) x30 0x8000fd70
core   0: 0x80009d74 (0x283f2823) sw      gp, 656(t5)
core   0: 3 0x80009d74 (0x283f2823) mem 0x80010000 0x00000001
core   0: 0x80009d78 (0xff9ff06f) j       pc - 0x8
core   0: 3 0x80009d78 (0xff9ff06f)
core   0: 0x80009d70 (0x00006f17) auipc   t5, 0x6
core   0: 3 0x80009d70 (0x00006f17) x30 0x8000fd70
core   0: 0x80009d74 (0x283f2823) sw      gp, 656(t5)
core   0: 3 0x80009d74 (0x283f2823) mem 0x80010000 0x00000001
core   0: 0x80009d78 (0xff9ff06f) j       pc - 0x8
core   0: 3 0x80009d78 (0xff9ff06f)
core   0: 0x80009d70 (0x00006f17) auipc   t5, 0x6
core   0: 3 0x80009d70 (0x00006f17) x30 0x8000fd70
core   0: 0x80009d74 (0x283f2823) sw      gp, 656(t5)
core   0: 3 0x80009d74 (0x283f2823) mem 0x80010000 0x00000001
core   0: 0x80009d78 (0xff9ff06f) j       pc - 0x8
core   0: 3 0x80009d78 (0xff9ff06f)
core   0: 0x80009d70 (0x00006f17) auipc   t5, 0x6
core   0: 3 0x80009d70 (0x00006f17) x30 0x8000fd70
core   0: 0x80009d74 (0x283f2823) sw      gp, 656(t5)
core   0: 3 0x80009d74 (0x283f2823) mem 0x80010000 0x00000001
core   0: 0x80009d78 (0xff9ff06f) j       pc - 0x8
core   0: 3 0x80009d78 (0xff9ff06f)
core   0: 0x80009d70 (0x00006f17) auipc   t5, 0x6
core   0: 3 0x80009d70 (0x00006f17) x30 0x8000fd70
core   0: 0x80009d74 (0x283f2823) sw      gp, 656(t5)
core   0: 3 0x80009d74 (0x283f2823) mem 0x80010000 0x00000001
core   0: 0x80009d78 (0xff9ff06f) j       pc - 0x8
core   0: 3 0x80009d78 (0xff9ff06f)
core   0: 0x80009d70 (0x00006f17) auipc   t5, 0x6
core   0: 3 0x80009d70 (0x00006f17) x30 0x8000fd70
core   0: 0x80009d74 (0x283f2823) sw      gp, 656(t5)
core   0: 3 0x80009d74 (0x283f2823) mem 0x80010000 0x00000001
core   0: 0x80009d78 (0xff9ff06f) j       pc - 0x8
core   0: 3 0x80009d78 (0xff9ff06f)
core   0: 0x80009d70 (0x00006f17) auipc   t5, 0x6
core   0: 3 0x80009d70 (0x00006f17) x30 0x8000fd70
core   0: 0x80009d74 (0x283f2823) sw      gp, 656(t5)
core   0: 3 0x80009d74 (0x283f2823) mem 0x80010000 0x00000001
core   0: 0x80009d78 (0xff9ff06f) j       pc - 0x8
core   0: 3 0x80009d78 (0xff9ff06f)
core   0: 0x80009d70 (0x00006f17) auipc   t5, 0x6
core   0: 3 0x80009d70 (0x00006f17) x30 0x8000fd70
core   0: 0x80009d74 (0x283f2823) sw      gp, 656(t5)
core   0: 3 0x80009d74 (0x283f2823) mem 0x80010000 0x00000001
core   0: 0x80009d78 (0xff9ff06f) j       pc - 0x8
core   0: 3 0x80009d78 (0xff9ff06f)
core   0: 0x80009d70 (0x00006f17) auipc   t5, 0x6
core   0: 3 0x80009d70 (0x00006f17) x30 0x8000fd70
core   0: 0x80009d74 (0x283f2823) sw      gp, 656(t5)
core   0: 3 0x80009d74 (0x283f2823) mem 0x80010000 0x00000001
core   0: 0x80009d78 (0xff9ff06f) j       pc - 0x8
core   0: 3 0x80009d78 (0xff9ff06f)
core   0: 0x80009d70 (0x00006f17) auipc   t5, 0x6
core   0: 3 0x80009d70 (0x00006f17) x30 0x8000fd70
core   0: 0x80009d74 (0x283f2823) sw      gp, 656(t5)
core   0: 3 0x80009d74 (0x283f2823) mem 0x80010000 0x00000001
core   0: 0x80009d78 (0xff9ff06f) j       pc - 0x8
core   0: 3 0x80009d78 (0xff9ff06f)
core   0: 0x80009d70 (0x00006f17) auipc   t5, 0x6
core   0: 3 0x80009d70 (0x00006f17) x30 0x8000fd70
core   0: 0x80009d74 (0x283f2823) sw      gp, 656(t5)
core   0: 3 0x80009d74 (0x283f2823) mem 0x80010000 0x00000001
core   0: 0x80009d78 (0xff9ff06f) j       pc - 0x8
core   0: 3 0x80009d78 (0xff9ff06f)
core   0: 0x80009d70 (0x00006f17) auipc   t5, 0x6
core   0: 3 0x80009d70 (0x00006f17) x30 0x8000fd70
core   0: 0x80009d74 (0x283f2823) sw      gp, 656(t5)
core   0: 3 0x80009d74 (0x283f2823) mem 0x80010000 0x00000001
core   0: 0x80009d78 (0xff9ff06f) j       pc - 0x8
core   0: 3 0x80009d78 (0xff9ff06f)
core   0: 0x80009d70 (0x00006f17) auipc   t5, 0x6
core   0: 3 0x80009d70 (0x00006f17) x30 0x8000fd70
core   0: 0x80009d74 (0x283f2823) sw      gp, 656(t5)
core   0: 3 0x80009d74 (0x283f2823) mem 0x80010000 0x00000001
core   0: 0x80009d78 (0xff9ff06f) j       pc - 0x8
core   0: 3 0x80009d78 (0xff9ff06f)
core   0: 0x80009d70 (0x00006f17) auipc   t5, 0x6
core   0: 3 0x80009d70 (0x00006f17) x30 0x8000fd70
core   0: 0x80009d74 (0x283f2823) sw      gp, 656(t5)
core   0: 3 0x80009d74 (0x283f2823) mem 0x80010000 0x00000001
core   0: 0x80009d78 (0xff9ff06f) j       pc - 0x8
core   0: 3 0x80009d78 (0xff9ff06f)
core   0: 0x80009d70 (0x00006f17) auipc   t5, 0x6
core   0: 3 0x80009d70 (0x00006f17) x30 0x8000fd70
core   0: 0x80009d74 (0x283f2823) sw      gp, 656(t5)
core   0: 3 0x80009d74 (0x283f2823) mem 0x80010000 0x00000001
core   0: 0x80009d78 (0xff9ff06f) j       pc - 0x8
core   0: 3 0x80009d78 (0xff9ff06f)
core   0: 0x80009d70 (0x00006f17) auipc   t5, 0x6
core   0: 3 0x80009d70 (0x00006f17) x30 0x8000fd70
core   0: 0x80009d74 (0x283f2823) sw      gp, 656(t5)
core   0: 3 0x80009d74 (0x283f2823) mem 0x80010000 0x00000001
core   0: 0x80009d78 (0xff9ff06f) j       pc - 0x8
core   0: 3 0x80009d78 (0xff9ff06f)
core   0: 0x80009d70 (0x00006f17) auipc   t5, 0x6
core   0: 3 0x80009d70 (0x00006f17) x30 0x8000fd70
core   0: 0x80009d74 (0x283f2823) sw      gp, 656(t5)
core   0: 3 0x80009d74 (0x283f2823) mem 0x80010000 0x00000001
core   0: 0x80009d78 (0xff9ff06f) j       pc - 0x8
core   0: 3 0x80009d78 (0xff9ff06f)
core   0: 0x80009d70 (0x00006f17) auipc   t5, 0x6
core   0: 3 0x80009d70 (0x00006f17) x30 0x8000fd70
core   0: 0x80009d74 (0x283f2823) sw      gp, 656(t5)
core   0: 3 0x80009d74 (0x283f2823) mem 0x80010000 0x00000001
core   0: 0x80009d78 (0xff9ff06f) j       pc - 0x8
core   0: 3 0x80009d78 (0xff9ff06f)
core   0: 0x80009d70 (0x00006f17) auipc   t5, 0x6
core   0: 3 0x80009d70 (0x00006f17) x30 0x8000fd70
core   0: 0x80009d74 (0x283f2823) sw      gp, 656(t5)
core   0: 3 0x80009d74 (0x283f2823) mem 0x80010000 0x00000001
core   0: 0x80009d78 (0xff9ff06f) j       pc - 0x8
core   0: 3 0x80009d78 (0xff9ff06f)
core   0: 0x80009d70 (0x00006f17) auipc   t5, 0x6
core   0: 3 0x80009d70 (0x00006f17) x30 0x8000fd70
core   0: 0x80009d74 (0x283f2823) sw      gp, 656(t5)
core   0: 3 0x80009d74 (0x283f2823) mem 0x80010000 0x00000001
core   0: 0x80009d78 (0xff9ff06f) j       pc - 0x8
core   0: 3 0x80009d78 (0xff9ff06f)
core   0: 0x80009d70 (0x00006f17) auipc   t5, 0x6
core   0: 3 0x80009d70 (0x00006f17) x30 0x8000fd70
core   0: 0x80009d74 (0x283f2823) sw      gp, 656(t5)
core   0: 3 0x80009d74 (0x283f2823) mem 0x80010000 0x00000001
core   0: 0x80009d78 (0xff9ff06f) j       pc - 0x8
core   0: 3 0x80009d78 (0xff9ff06f)
core   0: 0x80009d70 (0x00006f17) auipc   t5, 0x6
core   0: 3 0x80009d70 (0x00006f17) x30 0x8000fd70
core   0: 0x80009d74 (0x283f2823) sw      gp, 656(t5)
core   0: 3 0x80009d74 (0x283f2823) mem 0x80010000 0x00000001
core   0: 0x80009d78 (0xff9ff06f) j       pc - 0x8
core   0: 3 0x80009d78 (0xff9ff06f)
core   0: 0x80009d70 (0x00006f17) auipc   t5, 0x6
core   0: 3 0x80009d70 (0x00006f17) x30 0x8000fd70
core   0: 0x80009d74 (0x283f2823) sw      gp, 656(t5)
core   0: 3 0x80009d74 (0x283f2823) mem 0x80010000 0x00000001
core   0: 0x80009d78 (0xff9ff06f) j       pc - 0x8
core   0: 3 0x80009d78 (0xff9ff06f)
core   0: 0x80009d70 (0x00006f17) auipc   t5, 0x6
core   0: 3 0x80009d70 (0x00006f17) x30 0x8000fd70
core   0: 0x80009d74 (0x283f2823) sw      gp, 656(t5)
core   0: 3 0x80009d74 (0x283f2823) mem 0x80010000 0x00000001
core   0: 0x80009d78 (0xff9ff06f) j       pc - 0x8
core   0: 3 0x80009d78 (0xff9ff06f)
core   0: 0x80009d70 (0x00006f17) auipc   t5, 0x6
core   0: 3 0x80009d70 (0x00006f17) x30 0x8000fd70
core   0: 0x80009d74 (0x283f2823) sw      gp, 656(t5)
core   0: 3 0x80009d74 (0x283f2823) mem 0x80010000 0x00000001
core   0: 0x80009d78 (0xff9ff06f) j       pc - 0x8
core   0: 3 0x80009d78 (0xff9ff06f)
core   0: 0x80009d70 (0x00006f17) auipc   t5, 0x6
core   0: 3 0x80009d70 (0x00006f17) x30 0x8000fd70
core   0: 0x80009d74 (0x283f2823) sw      gp, 656(t5)
core   0: 3 0x80009d74 (0x283f2823) mem 0x80010000 0x00000001
core   0: 0x80009d78 (0xff9ff06f) j       pc - 0x8
core   0: 3 0x80009d78 (0xff9ff06f)
core   0: 0x80009d70 (0x00006f17) auipc   t5, 0x6
core   0: 3 0x80009d70 (0x00006f17) x30 0x8000fd70
core   0: 0x80009d74 (0x283f2823) sw      gp, 656(t5)
core   0: 3 0x80009d74 (0x283f2823) mem 0x80010000 0x00000001
core   0: 0x80009d78 (0xff9ff06f) j       pc - 0x8
core   0: 3 0x80009d78 (0xff9ff06f)
core   0: 0x80009d70 (0x00006f17) auipc   t5, 0x6
core   0: 3 0x80009d70 (0x00006f17) x30 0x8000fd70
core   0: 0x80009d74 (0x283f2823) sw      gp, 656(t5)
core   0: 3 0x80009d74 (0x283f2823) mem 0x80010000 0x00000001
core   0: 0x80009d78 (0xff9ff06f) j       pc - 0x8
core   0: 3 0x80009d78 (0xff9ff06f)
core   0: 0x80009d70 (0x00006f17) auipc   t5, 0x6
core   0: 3 0x80009d70 (0x00006f17) x30 0x8000fd70
core   0: 0x80009d74 (0x283f2823) sw      gp, 656(t5)
core   0: 3 0x80009d74 (0x283f2823) mem 0x80010000 0x00000001
core   0: 0x80009d78 (0xff9ff06f) j       pc - 0x8
core   0: 3 0x80009d78 (0xff9ff06f)
core   0: 0x80009d70 (0x00006f17) auipc   t5, 0x6
core   0: 3 0x80009d70 (0x00006f17) x30 0x8000fd70
core   0: 0x80009d74 (0x283f2823) sw      gp, 656(t5)
core   0: 3 0x80009d74 (0x283f2823) mem 0x80010000 0x00000001
core   0: 0x80009d78 (0xff9ff06f) j       pc - 0x8
core   0: 3 0x80009d78 (0xff9ff06f)
core   0: 0x80009d70 (0x00006f17) auipc   t5, 0x6
core   0: 3 0x80009d70 (0x00006f17) x30 0x8000fd70
core   0: 0x80009d74 (0x283f2823) sw      gp, 656(t5)
core   0: 3 0x80009d74 (0x283f2823) mem 0x80010000 0x00000001
core   0: 0x80009d78 (0xff9ff06f) j       pc - 0x8
core   0: 3 0x80009d78 (0xff9ff06f)
core   0: 0x80009d70 (0x00006f17) auipc   t5, 0x6
core   0: 3 0x80009d70 (0x00006f17) x30 0x8000fd70
core   0: 0x80009d74 (0x283f2823) sw      gp, 656(t5)
core   0: 3 0x80009d74 (0x283f2823) mem 0x80010000 0x00000001
core   0: 0x80009d78 (0xff9ff06f) j       pc - 0x8
core   0: 3 0x80009d78 (0xff9ff06f)
core   0: 0x80009d70 (0x00006f17) auipc   t5, 0x6
core   0: 3 0x80009d70 (0x00006f17) x30 0x8000fd70
core   0: 0x80009d74 (0x283f2823) sw      gp, 656(t5)
core   0: 3 0x80009d74 (0x283f2823) mem 0x80010000 0x00000001
core   0: 0x80009d78 (0xff9ff06f) j       pc - 0x8
core   0: 3 0x80009d78 (0xff9ff06f)
core   0: 0x80009d70 (0x00006f17) auipc   t5, 0x6
core   0: 3 0x80009d70 (0x00006f17) x30 0x8000fd70
core   0: 0x80009d74 (0x283f2823) sw      gp, 656(t5)
core   0: 3 0x80009d74 (0x283f2823) mem 0x80010000 0x00000001
core   0: 0x80009d78 (0xff9ff06f) j       pc - 0x8
core   0: 3 0x80009d78 (0xff9ff06f)
core   0: 0x80009d70 (0x00006f17) auipc   t5, 0x6
core   0: 3 0x80009d70 (0x00006f17) x30 0x8000fd70
core   0: 0x80009d74 (0x283f2823) sw      gp, 656(t5)
core   0: 3 0x80009d74 (0x283f2823) mem 0x80010000 0x00000001
core   0: 0x80009d78 (0xff9ff06f) j       pc - 0x8
core   0: 3 0x80009d78 (0xff9ff06f)
core   0: 0x80009d70 (0x00006f17) auipc   t5, 0x6
core   0: 3 0x80009d70 (0x00006f17) x30 0x8000fd70
core   0: 0x80009d74 (0x283f2823) sw      gp, 656(t5)
core   0: 3 0x80009d74 (0x283f2823) mem 0x80010000 0x00000001
core   0: 0x80009d78 (0xff9ff06f) j       pc - 0x8
core   0: 3 0x80009d78 (0xff9ff06f)
core   0: 0x80009d70 (0x00006f17) auipc   t5, 0x6
core   0: 3 0x80009d70 (0x00006f17) x30 0x8000fd70
core   0: 0x80009d74 (0x283f2823) sw      gp, 656(t5)
core   0: 3 0x80009d74 (0x283f2823) mem 0x80010000 0x00000001
core   0: 0x80009d78 (0xff9ff06f) j       pc - 0x8
core   0: 3 0x80009d78 (0xff9ff06f)
core   0: 0x80009d70 (0x00006f17) auipc   t5, 0x6
core   0: 3 0x80009d70 (0x00006f17) x30 0x8000fd70
core   0: 0x80009d74 (0x283f2823) sw      gp, 656(t5)
core   0: 3 0x80009d74 (0x283f2823) mem 0x80010000 0x00000001
core   0: 0x80009d78 (0xff9ff06f) j       pc - 0x8
core   0: 3 0x80009d78 (0xff9ff06f)
core   0: 0x80009d70 (0x00006f17) auipc   t5, 0x6
core   0: 3 0x80009d70 (0x00006f17) x30 0x8000fd70
core   0: 0x80009d74 (0x283f2823) sw      gp, 656(t5)
core   0: 3 0x80009d74 (0x283f2823) mem 0x80010000 0x00000001
core   0: 0x80009d78 (0xff9ff06f) j       pc - 0x8
core   0: 3 0x80009d78 (0xff9ff06f)
core   0: 0x80009d70 (0x00006f17) auipc   t5, 0x6
core   0: 3 0x80009d70 (0x00006f17) x30 0x8000fd70
core   0: 0x80009d74 (0x283f2823) sw      gp, 656(t5)
core   0: 3 0x80009d74 (0x283f2823) mem 0x80010000 0x00000001
core   0: 0x80009d78 (0xff9ff06f) j       pc - 0x8
core   0: 3 0x80009d78 (0xff9ff06f)
core   0: 0x80009d70 (0x00006f17) auipc   t5, 0x6
core   0: 3 0x80009d70 (0x00006f17) x30 0x8000fd70
core   0: 0x80009d74 (0x283f2823) sw      gp, 656(t5)
core   0: 3 0x80009d74 (0x283f2823) mem 0x80010000 0x00000001
core   0: 0x80009d78 (0xff9ff06f) j       pc - 0x8
core   0: 3 0x80009d78 (0xff9ff06f)
core   0: 0x80009d70 (0x00006f17) auipc   t5, 0x6
core   0: 3 0x80009d70 (0x00006f17) x30 0x8000fd70
core   0: 0x80009d74 (0x283f2823) sw      gp, 656(t5)
core   0: 3 0x80009d74 (0x283f2823) mem 0x80010000 0x00000001
core   0: 0x80009d78 (0xff9ff06f) j       pc - 0x8
core   0: 3 0x80009d78 (0xff9ff06f)
core   0: 0x80009d70 (0x00006f17) auipc   t5, 0x6
core   0: 3 0x80009d70 (0x00006f17) x30 0x8000fd70
core   0: 0x80009d74 (0x283f2823) sw      gp, 656(t5)
core   0: 3 0x80009d74 (0x283f2823) mem 0x80010000 0x00000001
core   0: 0x80009d78 (0xff9ff06f) j       pc - 0x8
core   0: 3 0x80009d78 (0xff9ff06f)
core   0: 0x80009d70 (0x00006f17) auipc   t5, 0x6
core   0: 3 0x80009d70 (0x00006f17) x30 0x8000fd70
core   0: 0x80009d74 (0x283f2823) sw      gp, 656(t5)
core   0: 3 0x80009d74 (0x283f2823) mem 0x80010000 0x00000001
core   0: 0x80009d78 (0xff9ff06f) j       pc - 0x8
core   0: 3 0x80009d78 (0xff9ff06f)
core   0: 0x80009d70 (0x00006f17) auipc   t5, 0x6
core   0: 3 0x80009d70 (0x00006f17) x30 0x8000fd70
core   0: 0x80009d74 (0x283f2823) sw      gp, 656(t5)
core   0: 3 0x80009d74 (0x283f2823) mem 0x80010000 0x00000001
core   0: 0x80009d78 (0xff9ff06f) j       pc - 0x8
core   0: 3 0x80009d78 (0xff9ff06f)
core   0: 0x80009d70 (0x00006f17) auipc   t5, 0x6
core   0: 3 0x80009d70 (0x00006f17) x30 0x8000fd70
core   0: 0x80009d74 (0x283f2823) sw      gp, 656(t5)
core   0: 3 0x80009d74 (0x283f2823) mem 0x80010000 0x00000001
core   0: 0x80009d78 (0xff9ff06f) j       pc - 0x8
core   0: 3 0x80009d78 (0xff9ff06f)
core   0: 0x80009d70 (0x00006f17) auipc   t5, 0x6
core   0: 3 0x80009d70 (0x00006f17) x30 0x8000fd70
core   0: 0x80009d74 (0x283f2823) sw      gp, 656(t5)
core   0: 3 0x80009d74 (0x283f2823) mem 0x80010000 0x00000001
core   0: 0x80009d78 (0xff9ff06f) j       pc - 0x8
core   0: 3 0x80009d78 (0xff9ff06f)
core   0: 0x80009d70 (0x00006f17) auipc   t5, 0x6
core   0: 3 0x80009d70 (0x00006f17) x30 0x8000fd70
core   0: 0x80009d74 (0x283f2823) sw      gp, 656(t5)
core   0: 3 0x80009d74 (0x283f2823) mem 0x80010000 0x00000001
core   0: 0x80009d78 (0xff9ff06f) j       pc - 0x8
core   0: 3 0x80009d78 (0xff9ff06f)
core   0: 0x80009d70 (0x00006f17) auipc   t5, 0x6
core   0: 3 0x80009d70 (0x00006f17) x30 0x8000fd70
core   0: 0x80009d74 (0x283f2823) sw      gp, 656(t5)
core   0: 3 0x80009d74 (0x283f2823) mem 0x80010000 0x00000001
core   0: 0x80009d78 (0xff9ff06f) j       pc - 0x8
core   0: 3 0x80009d78 (0xff9ff06f)
core   0: 0x80009d70 (0x00006f17) auipc   t5, 0x6
core   0: 3 0x80009d70 (0x00006f17) x30 0x8000fd70
core   0: 0x80009d74 (0x283f2823) sw      gp, 656(t5)
core   0: 3 0x80009d74 (0x283f2823) mem 0x80010000 0x00000001
core   0: 0x80009d78 (0xff9ff06f) j       pc - 0x8
core   0: 3 0x80009d78 (0xff9ff06f)
core   0: 0x80009d70 (0x00006f17) auipc   t5, 0x6
core   0: 3 0x80009d70 (0x00006f17) x30 0x8000fd70
core   0: 0x80009d74 (0x283f2823) sw      gp, 656(t5)
core   0: 3 0x80009d74 (0x283f2823) mem 0x80010000 0x00000001
core   0: 0x80009d78 (0xff9ff06f) j       pc - 0x8
core   0: 3 0x80009d78 (0xff9ff06f)
core   0: 0x80009d70 (0x00006f17) auipc   t5, 0x6
core   0: 3 0x80009d70 (0x00006f17) x30 0x8000fd70
core   0: 0x80009d74 (0x283f2823) sw      gp, 656(t5)
core   0: 3 0x80009d74 (0x283f2823) mem 0x80010000 0x00000001
core   0: 0x80009d78 (0xff9ff06f) j       pc - 0x8
core   0: 3 0x80009d78 (0xff9ff06f)
core   0: 0x80009d70 (0x00006f17) auipc   t5, 0x6
core   0: 3 0x80009d70 (0x00006f17) x30 0x8000fd70
core   0: 0x80009d74 (0x283f2823) sw      gp, 656(t5)
core   0: 3 0x80009d74 (0x283f2823) mem 0x80010000 0x00000001
core   0: 0x80009d78 (0xff9ff06f) j       pc - 0x8
core   0: 3 0x80009d78 (0xff9ff06f)
core   0: 0x80009d70 (0x00006f17) auipc   t5, 0x6
core   0: 3 0x80009d70 (0x00006f17) x30 0x8000fd70
core   0: 0x80009d74 (0x283f2823) sw      gp, 656(t5)
core   0: 3 0x80009d74 (0x283f2823) mem 0x80010000 0x00000001
core   0: 0x80009d78 (0xff9ff06f) j       pc - 0x8
core   0: 3 0x80009d78 (0xff9ff06f)
core   0: 0x80009d70 (0x00006f17) auipc   t5, 0x6
core   0: 3 0x80009d70 (0x00006f17) x30 0x8000fd70
core   0: 0x80009d74 (0x283f2823) sw      gp, 656(t5)
core   0: 3 0x80009d74 (0x283f2823) mem 0x80010000 0x00000001
core   0: 0x80009d78 (0xff9ff06f) j       pc - 0x8
core   0: 3 0x80009d78 (0xff9ff06f)
core   0: 0x80009d70 (0x00006f17) auipc   t5, 0x6
core   0: 3 0x80009d70 (0x00006f17) x30 0x8000fd70
core   0: 0x80009d74 (0x283f2823) sw      gp, 656(t5)
core   0: 3 0x80009d74 (0x283f2823) mem 0x80010000 0x00000001
core   0: 0x80009d78 (0xff9ff06f) j       pc - 0x8
core   0: 3 0x80009d78 (0xff9ff06f)
core   0: 0x80009d70 (0x00006f17) auipc   t5, 0x6
core   0: 3 0x80009d70 (0x00006f17) x30 0x8000fd70
core   0: 0x80009d74 (0x283f2823) sw      gp, 656(t5)
core   0: 3 0x80009d74 (0x283f2823) mem 0x80010000 0x00000001
core   0: 0x80009d78 (0xff9ff06f) j       pc - 0x8
core   0: 3 0x80009d78 (0xff9ff06f)
core   0: 0x80009d70 (0x00006f17) auipc   t5, 0x6
core   0: 3 0x80009d70 (0x00006f17) x30 0x8000fd70
core   0: 0x80009d74 (0x283f2823) sw      gp, 656(t5)
core   0: 3 0x80009d74 (0x283f2823) mem 0x80010000 0x00000001
core   0: 0x80009d78 (0xff9ff06f) j       pc - 0x8
core   0: 3 0x80009d78 (0xff9ff06f)
core   0: 0x80009d70 (0x00006f17) auipc   t5, 0x6
core   0: 3 0x80009d70 (0x00006f17) x30 0x8000fd70
core   0: 0x80009d74 (0x283f2823) sw      gp, 656(t5)
core   0: 3 0x80009d74 (0x283f2823) mem 0x80010000 0x00000001
core   0: 0x80009d78 (0xff9ff06f) j       pc - 0x8
core   0: 3 0x80009d78 (0xff9ff06f)
core   0: 0x80009d70 (0x00006f17) auipc   t5, 0x6
core   0: 3 0x80009d70 (0x00006f17) x30 0x8000fd70
core   0: 0x80009d74 (0x283f2823) sw      gp, 656(t5)
core   0: 3 0x80009d74 (0x283f2823) mem 0x80010000 0x00000001
core   0: 0x80009d78 (0xff9ff06f) j       pc - 0x8
core   0: 3 0x80009d78 (0xff9ff06f)
core   0: 0x80009d70 (0x00006f17) auipc   t5, 0x6
core   0: 3 0x80009d70 (0x00006f17) x30 0x8000fd70
core   0: 0x80009d74 (0x283f2823) sw      gp, 656(t5)
core   0: 3 0x80009d74 (0x283f2823) mem 0x80010000 0x00000001
core   0: 0x80009d78 (0xff9ff06f) j       pc - 0x8
core   0: 3 0x80009d78 (0xff9ff06f)
core   0: 0x80009d70 (0x00006f17) auipc   t5, 0x6
core   0: 3 0x80009d70 (0x00006f17) x30 0x8000fd70
core   0: 0x80009d74 (0x283f2823) sw      gp, 656(t5)
core   0: 3 0x80009d74 (0x283f2823) mem 0x80010000 0x00000001
core   0: 0x80009d78 (0xff9ff06f) j       pc - 0x8
core   0: 3 0x80009d78 (0xff9ff06f)
core   0: 0x80009d70 (0x00006f17) auipc   t5, 0x6
core   0: 3 0x80009d70 (0x00006f17) x30 0x8000fd70
core   0: 0x80009d74 (0x283f2823) sw      gp, 656(t5)
core   0: 3 0x80009d74 (0x283f2823) mem 0x80010000 0x00000001
core   0: 0x80009d78 (0xff9ff06f) j       pc - 0x8
core   0: 3 0x80009d78 (0xff9ff06f)
core   0: 0x80009d70 (0x00006f17) auipc   t5, 0x6
core   0: 3 0x80009d70 (0x00006f17) x30 0x8000fd70
core   0: 0x80009d74 (0x283f2823) sw      gp, 656(t5)
core   0: 3 0x80009d74 (0x283f2823) mem 0x80010000 0x00000001
core   0: 0x80009d78 (0xff9ff06f) j       pc - 0x8
core   0: 3 0x80009d78 (0xff9ff06f)
core   0: 0x80009d70 (0x00006f17) auipc   t5, 0x6
core   0: 3 0x80009d70 (0x00006f17) x30 0x8000fd70
core   0: 0x80009d74 (0x283f2823) sw      gp, 656(t5)
core   0: 3 0x80009d74 (0x283f2823) mem 0x80010000 0x00000001
core   0: 0x80009d78 (0xff9ff06f) j       pc - 0x8
core   0: 3 0x80009d78 (0xff9ff06f)
core   0: 0x80009d70 (0x00006f17) auipc   t5, 0x6
core   0: 3 0x80009d70 (0x00006f17) x30 0x8000fd70
core   0: 0x80009d74 (0x283f2823) sw      gp, 656(t5)
core   0: 3 0x80009d74 (0x283f2823) mem 0x80010000 0x00000001
core   0: 0x80009d78 (0xff9ff06f) j       pc - 0x8
core   0: 3 0x80009d78 (0xff9ff06f)
core   0: 0x80009d70 (0x00006f17) auipc   t5, 0x6
core   0: 3 0x80009d70 (0x00006f17) x30 0x8000fd70
core   0: 0x80009d74 (0x283f2823) sw      gp, 656(t5)
core   0: 3 0x80009d74 (0x283f2823) mem 0x80010000 0x00000001
core   0: 0x80009d78 (0xff9ff06f) j       pc - 0x8
core   0: 3 0x80009d78 (0xff9ff06f)
core   0: 0x80009d70 (0x00006f17) auipc   t5, 0x6
core   0: 3 0x80009d70 (0x00006f17) x30 0x8000fd70
core   0: 0x80009d74 (0x283f2823) sw      gp, 656(t5)
core   0: 3 0x80009d74 (0x283f2823) mem 0x80010000 0x00000001
core   0: 0x80009d78 (0xff9ff06f) j       pc - 0x8
core   0: 3 0x80009d78 (0xff9ff06f)
core   0: 0x80009d70 (0x00006f17) auipc   t5, 0x6
core   0: 3 0x80009d70 (0x00006f17) x30 0x8000fd70
core   0: 0x80009d74 (0x283f2823) sw      gp, 656(t5)
core   0: 3 0x80009d74 (0x283f2823) mem 0x80010000 0x00000001
core   0: 0x80009d78 (0xff9ff06f) j       pc - 0x8
core   0: 3 0x80009d78 (0xff9ff06f)
core   0: 0x80009d70 (0x00006f17) auipc   t5, 0x6
core   0: 3 0x80009d70 (0x00006f17) x30 0x8000fd70
core   0: 0x80009d74 (0x283f2823) sw      gp, 656(t5)
core   0: 3 0x80009d74 (0x283f2823) mem 0x80010000 0x00000001
core   0: 0x80009d78 (0xff9ff06f) j       pc - 0x8
core   0: 3 0x80009d78 (0xff9ff06f)
core   0: 0x80009d70 (0x00006f17) auipc   t5, 0x6
core   0: 3 0x80009d70 (0x00006f17) x30 0x8000fd70
core   0: 0x80009d74 (0x283f2823) sw      gp, 656(t5)
core   0: 3 0x80009d74 (0x283f2823) mem 0x80010000 0x00000001
core   0: 0x80009d78 (0xff9ff06f) j       pc - 0x8
core   0: 3 0x80009d78 (0xff9ff06f)
core   0: 0x80009d70 (0x00006f17) auipc   t5, 0x6
core   0: 3 0x80009d70 (0x00006f17) x30 0x8000fd70
core   0: 0x80009d74 (0x283f2823) sw      gp, 656(t5)
core   0: 3 0x80009d74 (0x283f2823) mem 0x80010000 0x00000001
core   0: 0x80009d78 (0xff9ff06f) j       pc - 0x8
core   0: 3 0x80009d78 (0xff9ff06f)
core   0: 0x80009d70 (0x00006f17) auipc   t5, 0x6
core   0: 3 0x80009d70 (0x00006f17) x30 0x8000fd70
core   0: 0x80009d74 (0x283f2823) sw      gp, 656(t5)
core   0: 3 0x80009d74 (0x283f2823) mem 0x80010000 0x00000001
core   0: 0x80009d78 (0xff9ff06f) j       pc - 0x8
core   0: 3 0x80009d78 (0xff9ff06f)
core   0: 0x80009d70 (0x00006f17) auipc   t5, 0x6
core   0: 3 0x80009d70 (0x00006f17) x30 0x8000fd70
core   0: 0x80009d74 (0x283f2823) sw      gp, 656(t5)
core   0: 3 0x80009d74 (0x283f2823) mem 0x80010000 0x00000001
core   0: 0x80009d78 (0xff9ff06f) j       pc - 0x8
core   0: 3 0x80009d78 (0xff9ff06f)
core   0: 0x80009d70 (0x00006f17) auipc   t5, 0x6
core   0: 3 0x80009d70 (0x00006f17) x30 0x8000fd70
core   0: 0x80009d74 (0x283f2823) sw      gp, 656(t5)
core   0: 3 0x80009d74 (0x283f2823) mem 0x80010000 0x00000001
core   0: 0x80009d78 (0xff9ff06f) j       pc - 0x8
core   0: 3 0x80009d78 (0xff9ff06f)
core   0: 0x80009d70 (0x00006f17) auipc   t5, 0x6
core   0: 3 0x80009d70 (0x00006f17) x30 0x8000fd70
core   0: 0x80009d74 (0x283f2823) sw      gp, 656(t5)
core   0: 3 0x80009d74 (0x283f2823) mem 0x80010000 0x00000001
core   0: 0x80009d78 (0xff9ff06f) j       pc - 0x8
core   0: 3 0x80009d78 (0xff9ff06f)
core   0: 0x80009d70 (0x00006f17) auipc   t5, 0x6
core   0: 3 0x80009d70 (0x00006f17) x30 0x8000fd70
core   0: 0x80009d74 (0x283f2823) sw      gp, 656(t5)
core   0: 3 0x80009d74 (0x283f2823) mem 0x80010000 0x00000001
core   0: 0x80009d78 (0xff9ff06f) j       pc - 0x8
core   0: 3 0x80009d78 (0xff9ff06f)
core   0: 0x80009d70 (0x00006f17) auipc   t5, 0x6
core   0: 3 0x80009d70 (0x00006f17) x30 0x8000fd70
core   0: 0x80009d74 (0x283f2823) sw      gp, 656(t5)
core   0: 3 0x80009d74 (0x283f2823) mem 0x80010000 0x00000001
core   0: 0x80009d78 (0xff9ff06f) j       pc - 0x8
core   0: 3 0x80009d78 (0xff9ff06f)
core   0: 0x80009d70 (0x00006f17) auipc   t5, 0x6
core   0: 3 0x80009d70 (0x00006f17) x30 0x8000fd70
core   0: 0x80009d74 (0x283f2823) sw      gp, 656(t5)
core   0: 3 0x80009d74 (0x283f2823) mem 0x80010000 0x00000001
core   0: 0x80009d78 (0xff9ff06f) j       pc - 0x8
core   0: 3 0x80009d78 (0xff9ff06f)
core   0: 0x80009d70 (0x00006f17) auipc   t5, 0x6
core   0: 3 0x80009d70 (0x00006f17) x30 0x8000fd70
core   0: 0x80009d74 (0x283f2823) sw      gp, 656(t5)
core   0: 3 0x80009d74 (0x283f2823) mem 0x80010000 0x00000001
core   0: 0x80009d78 (0xff9ff06f) j       pc - 0x8
core   0: 3 0x80009d78 (0xff9ff06f)
core   0: 0x80009d70 (0x00006f17) auipc   t5, 0x6
core   0: 3 0x80009d70 (0x00006f17) x30 0x8000fd70
core   0: 0x80009d74 (0x283f2823) sw      gp, 656(t5)
core   0: 3 0x80009d74 (0x283f2823) mem 0x80010000 0x00000001
core   0: 0x80009d78 (0xff9ff06f) j       pc - 0x8
core   0: 3 0x80009d78 (0xff9ff06f)
core   0: 0x80009d70 (0x00006f17) auipc   t5, 0x6
core   0: 3 0x80009d70 (0x00006f17) x30 0x8000fd70
core   0: 0x80009d74 (0x283f2823) sw      gp, 656(t5)
core   0: 3 0x80009d74 (0x283f2823) mem 0x80010000 0x00000001
core   0: 0x80009d78 (0xff9ff06f) j       pc - 0x8
core   0: 3 0x80009d78 (0xff9ff06f)
core   0: 0x80009d70 (0x00006f17) auipc   t5, 0x6
core   0: 3 0x80009d70 (0x00006f17) x30 0x8000fd70
core   0: 0x80009d74 (0x283f2823) sw      gp, 656(t5)
core   0: 3 0x80009d74 (0x283f2823) mem 0x80010000 0x00000001
core   0: 0x80009d78 (0xff9ff06f) j       pc - 0x8
core   0: 3 0x80009d78 (0xff9ff06f)
core   0: 0x80009d70 (0x00006f17) auipc   t5, 0x6
core   0: 3 0x80009d70 (0x00006f17) x30 0x8000fd70
core   0: 0x80009d74 (0x283f2823) sw      gp, 656(t5)
core   0: 3 0x80009d74 (0x283f2823) mem 0x80010000 0x00000001
core   0: 0x80009d78 (0xff9ff06f) j       pc - 0x8
core   0: 3 0x80009d78 (0xff9ff06f)
core   0: 0x80009d70 (0x00006f17) auipc   t5, 0x6
core   0: 3 0x80009d70 (0x00006f17) x30 0x8000fd70
core   0: 0x80009d74 (0x283f2823) sw      gp, 656(t5)
core   0: 3 0x80009d74 (0x283f2823) mem 0x80010000 0x00000001
core   0: 0x80009d78 (0xff9ff06f) j       pc - 0x8
core   0: 3 0x80009d78 (0xff9ff06f)
core   0: 0x80009d70 (0x00006f17) auipc   t5, 0x6
core   0: 3 0x80009d70 (0x00006f17) x30 0x8000fd70
core   0: 0x80009d74 (0x283f2823) sw      gp, 656(t5)
core   0: 3 0x80009d74 (0x283f2823) mem 0x80010000 0x00000001
core   0: 0x80009d78 (0xff9ff06f) j       pc - 0x8
core   0: 3 0x80009d78 (0xff9ff06f)
core   0: 0x80009d70 (0x00006f17) auipc   t5, 0x6
core   0: 3 0x80009d70 (0x00006f17) x30 0x8000fd70
core   0: 0x80009d74 (0x283f2823) sw      gp, 656(t5)
core   0: 3 0x80009d74 (0x283f2823) mem 0x80010000 0x00000001
core   0: 0x80009d78 (0xff9ff06f) j       pc - 0x8
core   0: 3 0x80009d78 (0xff9ff06f)
core   0: 0x80009d70 (0x00006f17) auipc   t5, 0x6
core   0: 3 0x80009d70 (0x00006f17) x30 0x8000fd70
core   0: 0x80009d74 (0x283f2823) sw      gp, 656(t5)
core   0: 3 0x80009d74 (0x283f2823) mem 0x80010000 0x00000001
core   0: 0x80009d78 (0xff9ff06f) j       pc - 0x8
core   0: 3 0x80009d78 (0xff9ff06f)
core   0: 0x80009d70 (0x00006f17) auipc   t5, 0x6
core   0: 3 0x80009d70 (0x00006f17) x30 0x8000fd70
core   0: 0x80009d74 (0x283f2823) sw      gp, 656(t5)
core   0: 3 0x80009d74 (0x283f2823) mem 0x80010000 0x00000001
core   0: 0x80009d78 (0xff9ff06f) j       pc - 0x8
core   0: 3 0x80009d78 (0xff9ff06f)
core   0: 0x80009d70 (0x00006f17) auipc   t5, 0x6
core   0: 3 0x80009d70 (0x00006f17) x30 0x8000fd70
core   0: 0x80009d74 (0x283f2823) sw      gp, 656(t5)
core   0: 3 0x80009d74 (0x283f2823) mem 0x80010000 0x00000001
core   0: 0x80009d78 (0xff9ff06f) j       pc - 0x8
core   0: 3 0x80009d78 (0xff9ff06f)
core   0: 0x80009d70 (0x00006f17) auipc   t5, 0x6
core   0: 3 0x80009d70 (0x00006f17) x30 0x8000fd70
core   0: 0x80009d74 (0x283f2823) sw      gp, 656(t5)
core   0: 3 0x80009d74 (0x283f2823) mem 0x80010000 0x00000001
core   0: 0x80009d78 (0xff9ff06f) j       pc - 0x8
core   0: 3 0x80009d78 (0xff9ff06f)
core   0: 0x80009d70 (0x00006f17) auipc   t5, 0x6
core   0: 3 0x80009d70 (0x00006f17) x30 0x8000fd70
core   0: 0x80009d74 (0x283f2823) sw      gp, 656(t5)
core   0: 3 0x80009d74 (0x283f2823) mem 0x80010000 0x00000001
core   0: 0x80009d78 (0xff9ff06f) j       pc - 0x8
core   0: 3 0x80009d78 (0xff9ff06f)
core   0: 0x80009d70 (0x00006f17) auipc   t5, 0x6
core   0: 3 0x80009d70 (0x00006f17) x30 0x8000fd70
core   0: 0x80009d74 (0x283f2823) sw      gp, 656(t5)
core   0: 3 0x80009d74 (0x283f2823) mem 0x80010000 0x00000001
core   0: 0x80009d78 (0xff9ff06f) j       pc - 0x8
core   0: 3 0x80009d78 (0xff9ff06f)
core   0: 0x80009d70 (0x00006f17) auipc   t5, 0x6
core   0: 3 0x80009d70 (0x00006f17) x30 0x8000fd70
core   0: 0x80009d74 (0x283f2823) sw      gp, 656(t5)
core   0: 3 0x80009d74 (0x283f2823) mem 0x80010000 0x00000001
core   0: 0x80009d78 (0xff9ff06f) j       pc - 0x8
core   0: 3 0x80009d78 (0xff9ff06f)
core   0: 0x80009d70 (0x00006f17) auipc   t5, 0x6
core   0: 3 0x80009d70 (0x00006f17) x30 0x8000fd70
core   0: 0x80009d74 (0x283f2823) sw      gp, 656(t5)
core   0: 3 0x80009d74 (0x283f2823) mem 0x80010000 0x00000001
core   0: 0x80009d78 (0xff9ff06f) j       pc - 0x8
core   0: 3 0x80009d78 (0xff9ff06f)
core   0: 0x80009d70 (0x00006f17) auipc   t5, 0x6
core   0: 3 0x80009d70 (0x00006f17) x30 0x8000fd70
core   0: 0x80009d74 (0x283f2823) sw      gp, 656(t5)
core   0: 3 0x80009d74 (0x283f2823) mem 0x80010000 0x00000001
core   0: 0x80009d78 (0xff9ff06f) j       pc - 0x8
core   0: 3 0x80009d78 (0xff9ff06f)
core   0: 0x80009d70 (0x00006f17) auipc   t5, 0x6
core   0: 3 0x80009d70 (0x00006f17) x30 0x8000fd70
core   0: 0x80009d74 (0x283f2823) sw      gp, 656(t5)
core   0: 3 0x80009d74 (0x283f2823) mem 0x80010000 0x00000001
core   0: 0x80009d78 (0xff9ff06f) j       pc - 0x8
core   0: 3 0x80009d78 (0xff9ff06f)
core   0: 0x80009d70 (0x00006f17) auipc   t5, 0x6
core   0: 3 0x80009d70 (0x00006f17) x30 0x8000fd70
core   0: 0x80009d74 (0x283f2823) sw      gp, 656(t5)
core   0: 3 0x80009d74 (0x283f2823) mem 0x80010000 0x00000001
core   0: 0x80009d78 (0xff9ff06f) j       pc - 0x8
core   0: 3 0x80009d78 (0xff9ff06f)
core   0: 0x80009d70 (0x00006f17) auipc   t5, 0x6
core   0: 3 0x80009d70 (0x00006f17) x30 0x8000fd70
core   0: 0x80009d74 (0x283f2823) sw      gp, 656(t5)
core   0: 3 0x80009d74 (0x283f2823) mem 0x80010000 0x00000001
core   0: 0x80009d78 (0xff9ff06f) j       pc - 0x8
core   0: 3 0x80009d78 (0xff9ff06f)
core   0: 0x80009d70 (0x00006f17) auipc   t5, 0x6
core   0: 3 0x80009d70 (0x00006f17) x30 0x8000fd70
core   0: 0x80009d74 (0x283f2823) sw      gp, 656(t5)
core   0: 3 0x80009d74 (0x283f2823) mem 0x80010000 0x00000001
core   0: 0x80009d78 (0xff9ff06f) j       pc - 0x8
core   0: 3 0x80009d78 (0xff9ff06f)
core   0: 0x80009d70 (0x00006f17) auipc   t5, 0x6
core   0: 3 0x80009d70 (0x00006f17) x30 0x8000fd70
core   0: 0x80009d74 (0x283f2823) sw      gp, 656(t5)
core   0: 3 0x80009d74 (0x283f2823) mem 0x80010000 0x00000001
core   0: 0x80009d78 (0xff9ff06f) j       pc - 0x8
core   0: 3 0x80009d78 (0xff9ff06f)
core   0: 0x80009d70 (0x00006f17) auipc   t5, 0x6
core   0: 3 0x80009d70 (0x00006f17) x30 0x8000fd70
core   0: 0x80009d74 (0x283f2823) sw      gp, 656(t5)
core   0: 3 0x80009d74 (0x283f2823) mem 0x80010000 0x00000001
core   0: 0x80009d78 (0xff9ff06f) j       pc - 0x8
core   0: 3 0x80009d78 (0xff9ff06f)
core   0: 0x80009d70 (0x00006f17) auipc   t5, 0x6
core   0: 3 0x80009d70 (0x00006f17) x30 0x8000fd70
core   0: 0x80009d74 (0x283f2823) sw      gp, 656(t5)
core   0: 3 0x80009d74 (0x283f2823) mem 0x80010000 0x00000001
core   0: 0x80009d78 (0xff9ff06f) j       pc - 0x8
core   0: 3 0x80009d78 (0xff9ff06f)
core   0: 0x80009d70 (0x00006f17) auipc   t5, 0x6
core   0: 3 0x80009d70 (0x00006f17) x30 0x8000fd70
core   0: 0x80009d74 (0x283f2823) sw      gp, 656(t5)
core   0: 3 0x80009d74 (0x283f2823) mem 0x80010000 0x00000001
core   0: 0x80009d78 (0xff9ff06f) j       pc - 0x8
core   0: 3 0x80009d78 (0xff9ff06f)
core   0: 0x80009d70 (0x00006f17) auipc   t5, 0x6
core   0: 3 0x80009d70 (0x00006f17) x30 0x8000fd70
core   0: 0x80009d74 (0x283f2823) sw      gp, 656(t5)
core   0: 3 0x80009d74 (0x283f2823) mem 0x80010000 0x00000001
core   0: 0x80009d78 (0xff9ff06f) j       pc - 0x8
core   0: 3 0x80009d78 (0xff9ff06f)
core   0: 0x80009d70 (0x00006f17) auipc   t5, 0x6
core   0: 3 0x80009d70 (0x00006f17) x30 0x8000fd70
core   0: 0x80009d74 (0x283f2823) sw      gp, 656(t5)
core   0: 3 0x80009d74 (0x283f2823) mem 0x80010000 0x00000001
core   0: 0x80009d78 (0xff9ff06f) j       pc - 0x8
core   0: 3 0x80009d78 (0xff9ff06f)
core   0: 0x80009d70 (0x00006f17) auipc   t5, 0x6
core   0: 3 0x80009d70 (0x00006f17) x30 0x8000fd70
core   0: 0x80009d74 (0x283f2823) sw      gp, 656(t5)
core   0: 3 0x80009d74 (0x283f2823) mem 0x80010000 0x00000001
core   0: 0x80009d78 (0xff9ff06f) j       pc - 0x8
core   0: 3 0x80009d78 (0xff9ff06f)
core   0: 0x80009d70 (0x00006f17) auipc   t5, 0x6
core   0: 3 0x80009d70 (0x00006f17) x30 0x8000fd70
core   0: 0x80009d74 (0x283f2823) sw      gp, 656(t5)
core   0: 3 0x80009d74 (0x283f2823) mem 0x80010000 0x00000001
core   0: 0x80009d78 (0xff9ff06f) j       pc - 0x8
core   0: 3 0x80009d78 (0xff9ff06f)
core   0: 0x80009d70 (0x00006f17) auipc   t5, 0x6
core   0: 3 0x80009d70 (0x00006f17) x30 0x8000fd70
core   0: 0x80009d74 (0x283f2823) sw      gp, 656(t5)
core   0: 3 0x80009d74 (0x283f2823) mem 0x80010000 0x00000001
core   0: 0x80009d78 (0xff9ff06f) j       pc - 0x8
core   0: 3 0x80009d78 (0xff9ff06f)
core   0: 0x80009d70 (0x00006f17) auipc   t5, 0x6
core   0: 3 0x80009d70 (0x00006f17) x30 0x8000fd70
core   0: 0x80009d74 (0x283f2823) sw      gp, 656(t5)
core   0: 3 0x80009d74 (0x283f2823) mem 0x80010000 0x00000001
core   0: 0x80009d78 (0xff9ff06f) j       pc - 0x8
core   0: 3 0x80009d78 (0xff9ff06f)
core   0: 0x80009d70 (0x00006f17) auipc   t5, 0x6
core   0: 3 0x80009d70 (0x00006f17) x30 0x8000fd70
core   0: 0x80009d74 (0x283f2823) sw      gp, 656(t5)
core   0: 3 0x80009d74 (0x283f2823) mem 0x80010000 0x00000001
core   0: 0x80009d78 (0xff9ff06f) j       pc - 0x8
core   0: 3 0x80009d78 (0xff9ff06f)
core   0: 0x80009d70 (0x00006f17) auipc   t5, 0x6
core   0: 3 0x80009d70 (0x00006f17) x30 0x8000fd70
core   0: 0x80009d74 (0x283f2823) sw      gp, 656(t5)
core   0: 3 0x80009d74 (0x283f2823) mem 0x80010000 0x00000001
core   0: 0x80009d78 (0xff9ff06f) j       pc - 0x8
core   0: 3 0x80009d78 (0xff9ff06f)
core   0: 0x80009d70 (0x00006f17) auipc   t5, 0x6
core   0: 3 0x80009d70 (0x00006f17) x30 0x8000fd70
core   0: 0x80009d74 (0x283f2823) sw      gp, 656(t5)
core   0: 3 0x80009d74 (0x283f2823) mem 0x80010000 0x00000001
core   0: 0x80009d78 (0xff9ff06f) j       pc - 0x8
core   0: 3 0x80009d78 (0xff9ff06f)
core   0: 0x80009d70 (0x00006f17) auipc   t5, 0x6
core   0: 3 0x80009d70 (0x00006f17) x30 0x8000fd70
core   0: 0x80009d74 (0x283f2823) sw      gp, 656(t5)
core   0: 3 0x80009d74 (0x283f2823) mem 0x80010000 0x00000001
core   0: 0x80009d78 (0xff9ff06f) j       pc - 0x8
core   0: 3 0x80009d78 (0xff9ff06f)
core   0: 0x80009d70 (0x00006f17) auipc   t5, 0x6
core   0: 3 0x80009d70 (0x00006f17) x30 0x8000fd70
core   0: 0x80009d74 (0x283f2823) sw      gp, 656(t5)
core   0: 3 0x80009d74 (0x283f2823) mem 0x80010000 0x00000001
core   0: 0x80009d78 (0xff9ff06f) j       pc - 0x8
core   0: 3 0x80009d78 (0xff9ff06f)
core   0: 0x80009d70 (0x00006f17) auipc   t5, 0x6
core   0: 3 0x80009d70 (0x00006f17) x30 0x8000fd70
core   0: 0x80009d74 (0x283f2823) sw      gp, 656(t5)
core   0: 3 0x80009d74 (0x283f2823) mem 0x80010000 0x00000001
core   0: 0x80009d78 (0xff9ff06f) j       pc - 0x8
core   0: 3 0x80009d78 (0xff9ff06f)
core   0: 0x80009d70 (0x00006f17) auipc   t5, 0x6
core   0: 3 0x80009d70 (0x00006f17) x30 0x8000fd70
core   0: 0x80009d74 (0x283f2823) sw      gp, 656(t5)
core   0: 3 0x80009d74 (0x283f2823) mem 0x80010000 0x00000001
core   0: 0x80009d78 (0xff9ff06f) j       pc - 0x8
core   0: 3 0x80009d78 (0xff9ff06f)
core   0: 0x80009d70 (0x00006f17) auipc   t5, 0x6
core   0: 3 0x80009d70 (0x00006f17) x30 0x8000fd70
core   0: 0x80009d74 (0x283f2823) sw      gp, 656(t5)
core   0: 3 0x80009d74 (0x283f2823) mem 0x80010000 0x00000001
core   0: 0x80009d78 (0xff9ff06f) j       pc - 0x8
core   0: 3 0x80009d78 (0xff9ff06f)
core   0: 0x80009d70 (0x00006f17) auipc   t5, 0x6
core   0: 3 0x80009d70 (0x00006f17) x30 0x8000fd70
core   0: 0x80009d74 (0x283f2823) sw      gp, 656(t5)
core   0: 3 0x80009d74 (0x283f2823) mem 0x80010000 0x00000001
core   0: 0x80009d78 (0xff9ff06f) j       pc - 0x8
core   0: 3 0x80009d78 (0xff9ff06f)
core   0: 0x80009d70 (0x00006f17) auipc   t5, 0x6
core   0: 3 0x80009d70 (0x00006f17) x30 0x8000fd70
core   0: 0x80009d74 (0x283f2823) sw      gp, 656(t5)
core   0: 3 0x80009d74 (0x283f2823) mem 0x80010000 0x00000001
core   0: 0x80009d78 (0xff9ff06f) j       pc - 0x8
core   0: 3 0x80009d78 (0xff9ff06f)
core   0: 0x80009d70 (0x00006f17) auipc   t5, 0x6
core   0: 3 0x80009d70 (0x00006f17) x30 0x8000fd70
core   0: 0x80009d74 (0x283f2823) sw      gp, 656(t5)
core   0: 3 0x80009d74 (0x283f2823) mem 0x80010000 0x00000001
core   0: 0x80009d78 (0xff9ff06f) j       pc - 0x8
core   0: 3 0x80009d78 (0xff9ff06f)
core   0: 0x80009d70 (0x00006f17) auipc   t5, 0x6
core   0: 3 0x80009d70 (0x00006f17) x30 0x8000fd70
core   0: 0x80009d74 (0x283f2823) sw      gp, 656(t5)
core   0: 3 0x80009d74 (0x283f2823) mem 0x80010000 0x00000001
core   0: 0x80009d78 (0xff9ff06f) j       pc - 0x8
core   0: 3 0x80009d78 (0xff9ff06f)
core   0: 0x80009d70 (0x00006f17) auipc   t5, 0x6
core   0: 3 0x80009d70 (0x00006f17) x30 0x8000fd70
core   0: 0x80009d74 (0x283f2823) sw      gp, 656(t5)
core   0: 3 0x80009d74 (0x283f2823) mem 0x80010000 0x00000001
core   0: 0x80009d78 (0xff9ff06f) j       pc - 0x8
core   0: 3 0x80009d78 (0xff9ff06f)
core   0: 0x80009d70 (0x00006f17) auipc   t5, 0x6
core   0: 3 0x80009d70 (0x00006f17) x30 0x8000fd70
core   0: 0x80009d74 (0x283f2823) sw      gp, 656(t5)
core   0: 3 0x80009d74 (0x283f2823) mem 0x80010000 0x00000001
core   0: 0x80009d78 (0xff9ff06f) j       pc - 0x8
core   0: 3 0x80009d78 (0xff9ff06f)
core   0: 0x80009d70 (0x00006f17) auipc   t5, 0x6
core   0: 3 0x80009d70 (0x00006f17) x30 0x8000fd70
core   0: 0x80009d74 (0x283f2823) sw      gp, 656(t5)
core   0: 3 0x80009d74 (0x283f2823) mem 0x80010000 0x00000001
core   0: 0x80009d78 (0xff9ff06f) j       pc - 0x8
core   0: 3 0x80009d78 (0xff9ff06f)
core   0: 0x80009d70 (0x00006f17) auipc   t5, 0x6
core   0: 3 0x80009d70 (0x00006f17) x30 0x8000fd70
core   0: 0x80009d74 (0x283f2823) sw      gp, 656(t5)
core   0: 3 0x80009d74 (0x283f2823) mem 0x80010000 0x00000001
core   0: 0x80009d78 (0xff9ff06f) j       pc - 0x8
core   0: 3 0x80009d78 (0xff9ff06f)
core   0: 0x80009d70 (0x00006f17) auipc   t5, 0x6
core   0: 3 0x80009d70 (0x00006f17) x30 0x8000fd70
core   0: 0x80009d74 (0x283f2823) sw      gp, 656(t5)
core   0: 3 0x80009d74 (0x283f2823) mem 0x80010000 0x00000001
core   0: 0x80009d78 (0xff9ff06f) j       pc - 0x8
core   0: 3 0x80009d78 (0xff9ff06f)
core   0: 0x80009d70 (0x00006f17) auipc   t5, 0x6
core   0: 3 0x80009d70 (0x00006f17) x30 0x8000fd70
core   0: 0x80009d74 (0x283f2823) sw      gp, 656(t5)
core   0: 3 0x80009d74 (0x283f2823) mem 0x80010000 0x00000001
core   0: 0x80009d78 (0xff9ff06f) j       pc - 0x8
core   0: 3 0x80009d78 (0xff9ff06f)
core   0: 0x80009d70 (0x00006f17) auipc   t5, 0x6
core   0: 3 0x80009d70 (0x00006f17) x30 0x8000fd70
core   0: 0x80009d74 (0x283f2823) sw      gp, 656(t5)
core   0: 3 0x80009d74 (0x283f2823) mem 0x80010000 0x00000001
core   0: 0x80009d78 (0xff9ff06f) j       pc - 0x8
core   0: 3 0x80009d78 (0xff9ff06f)
core   0: 0x80009d70 (0x00006f17) auipc   t5, 0x6
core   0: 3 0x80009d70 (0x00006f17) x30 0x8000fd70
core   0: 0x80009d74 (0x283f2823) sw      gp, 656(t5)
core   0: 3 0x80009d74 (0x283f2823) mem 0x80010000 0x00000001
core   0: 0x80009d78 (0xff9ff06f) j       pc - 0x8
core   0: 3 0x80009d78 (0xff9ff06f)
core   0: 0x80009d70 (0x00006f17) auipc   t5, 0x6
core   0: 3 0x80009d70 (0x00006f17) x30 0x8000fd70
core   0: 0x80009d74 (0x283f2823) sw      gp, 656(t5)
core   0: 3 0x80009d74 (0x283f2823) mem 0x80010000 0x00000001
core   0: 0x80009d78 (0xff9ff06f) j       pc - 0x8
core   0: 3 0x80009d78 (0xff9ff06f)
core   0: 0x80009d70 (0x00006f17) auipc   t5, 0x6
core   0: 3 0x80009d70 (0x00006f17) x30 0x8000fd70
core   0: 0x80009d74 (0x283f2823) sw      gp, 656(t5)
core   0: 3 0x80009d74 (0x283f2823) mem 0x80010000 0x00000001
core   0: 0x80009d78 (0xff9ff06f) j       pc - 0x8
core   0: 3 0x80009d78 (0xff9ff06f)
core   0: 0x80009d70 (0x00006f17) auipc   t5, 0x6
core   0: 3 0x80009d70 (0x00006f17) x30 0x8000fd70
core   0: 0x80009d74 (0x283f2823) sw      gp, 656(t5)
core   0: 3 0x80009d74 (0x283f2823) mem 0x80010000 0x00000001
core   0: 0x80009d78 (0xff9ff06f) j       pc - 0x8
core   0: 3 0x80009d78 (0xff9ff06f)
core   0: 0x80009d70 (0x00006f17) auipc   t5, 0x6
core   0: 3 0x80009d70 (0x00006f17) x30 0x8000fd70
core   0: 0x80009d74 (0x283f2823) sw      gp, 656(t5)
core   0: 3 0x80009d74 (0x283f2823) mem 0x80010000 0x00000001
core   0: 0x80009d78 (0xff9ff06f) j       pc - 0x8
core   0: 3 0x80009d78 (0xff9ff06f)
core   0: 0x80009d70 (0x00006f17) auipc   t5, 0x6
core   0: 3 0x80009d70 (0x00006f17) x30 0x8000fd70
core   0: 0x80009d74 (0x283f2823) sw      gp, 656(t5)
core   0: 3 0x80009d74 (0x283f2823) mem 0x80010000 0x00000001
core   0: 0x80009d78 (0xff9ff06f) j       pc - 0x8
core   0: 3 0x80009d78 (0xff9ff06f)
core   0: 0x80009d70 (0x00006f17) auipc   t5, 0x6
core   0: 3 0x80009d70 (0x00006f17) x30 0x8000fd70
core   0: 0x80009d74 (0x283f2823) sw      gp, 656(t5)
core   0: 3 0x80009d74 (0x283f2823) mem 0x80010000 0x00000001
core   0: 0x80009d78 (0xff9ff06f) j       pc - 0x8
core   0: 3 0x80009d78 (0xff9ff06f)
core   0: 0x80009d70 (0x00006f17) auipc   t5, 0x6
core   0: 3 0x80009d70 (0x00006f17) x30 0x8000fd70
core   0: 0x80009d74 (0x283f2823) sw      gp, 656(t5)
core   0: 3 0x80009d74 (0x283f2823) mem 0x80010000 0x00000001
core   0: 0x80009d78 (0xff9ff06f) j       pc - 0x8
core   0: 3 0x80009d78 (0xff9ff06f)
core   0: 0x80009d70 (0x00006f17) auipc   t5, 0x6
core   0: 3 0x80009d70 (0x00006f17) x30 0x8000fd70
core   0: 0x80009d74 (0x283f2823) sw      gp, 656(t5)
core   0: 3 0x80009d74 (0x283f2823) mem 0x80010000 0x00000001
core   0: 0x80009d78 (0xff9ff06f) j       pc - 0x8
core   0: 3 0x80009d78 (0xff9ff06f)
core   0: 0x80009d70 (0x00006f17) auipc   t5, 0x6
core   0: 3 0x80009d70 (0x00006f17) x30 0x8000fd70
core   0: 0x80009d74 (0x283f2823) sw      gp, 656(t5)
core   0: 3 0x80009d74 (0x283f2823) mem 0x80010000 0x00000001
core   0: 0x80009d78 (0xff9ff06f) j       pc - 0x8
core   0: 3 0x80009d78 (0xff9ff06f)
core   0: 0x80009d70 (0x00006f17) auipc   t5, 0x6
core   0: 3 0x80009d70 (0x00006f17) x30 0x8000fd70
core   0: 0x80009d74 (0x283f2823) sw      gp, 656(t5)
core   0: 3 0x80009d74 (0x283f2823) mem 0x80010000 0x00000001
core   0: 0x80009d78 (0xff9ff06f) j       pc - 0x8
core   0: 3 0x80009d78 (0xff9ff06f)
core   0: 0x80009d70 (0x00006f17) auipc   t5, 0x6
core   0: 3 0x80009d70 (0x00006f17) x30 0x8000fd70
core   0: 0x80009d74 (0x283f2823) sw      gp, 656(t5)
core   0: 3 0x80009d74 (0x283f2823) mem 0x80010000 0x00000001
core   0: 0x80009d78 (0xff9ff06f) j       pc - 0x8
core   0: 3 0x80009d78 (0xff9ff06f)
core   0: 0x80009d70 (0x00006f17) auipc   t5, 0x6
core   0: 3 0x80009d70 (0x00006f17) x30 0x8000fd70
core   0: 0x80009d74 (0x283f2823) sw      gp, 656(t5)
core   0: 3 0x80009d74 (0x283f2823) mem 0x80010000 0x00000001
core   0: 0x80009d78 (0xff9ff06f) j       pc - 0x8
core   0: 3 0x80009d78 (0xff9ff06f)
core   0: 0x80009d70 (0x00006f17) auipc   t5, 0x6
core   0: 3 0x80009d70 (0x00006f17) x30 0x8000fd70
core   0: 0x80009d74 (0x283f2823) sw      gp, 656(t5)
core   0: 3 0x80009d74 (0x283f2823) mem 0x80010000 0x00000001
core   0: 0x80009d78 (0xff9ff06f) j       pc - 0x8
core   0: 3 0x80009d78 (0xff9ff06f)
core   0: 0x80009d70 (0x00006f17) auipc   t5, 0x6
core   0: 3 0x80009d70 (0x00006f17) x30 0x8000fd70
core   0: 0x80009d74 (0x283f2823) sw      gp, 656(t5)
core   0: 3 0x80009d74 (0x283f2823) mem 0x80010000 0x00000001
core   0: 0x80009d78 (0xff9ff06f) j       pc - 0x8
core   0: 3 0x80009d78 (0xff9ff06f)
core   0: 0x80009d70 (0x00006f17) auipc   t5, 0x6
core   0: 3 0x80009d70 (0x00006f17) x30 0x8000fd70
core   0: 0x80009d74 (0x283f2823) sw      gp, 656(t5)
core   0: 3 0x80009d74 (0x283f2823) mem 0x80010000 0x00000001
core   0: 0x80009d78 (0xff9ff06f) j       pc - 0x8
core   0: 3 0x80009d78 (0xff9ff06f)
core   0: 0x80009d70 (0x00006f17) auipc   t5, 0x6
core   0: 3 0x80009d70 (0x00006f17) x30 0x8000fd70
core   0: 0x80009d74 (0x283f2823) sw      gp, 656(t5)
core   0: 3 0x80009d74 (0x283f2823) mem 0x80010000 0x00000001
core   0: 0x80009d78 (0xff9ff06f) j       pc - 0x8
core   0: 3 0x80009d78 (0xff9ff06f)
core   0: 0x80009d70 (0x00006f17) auipc   t5, 0x6
core   0: 3 0x80009d70 (0x00006f17) x30 0x8000fd70
core   0: 0x80009d74 (0x283f2823) sw      gp, 656(t5)
core   0: 3 0x80009d74 (0x283f2823) mem 0x80010000 0x00000001
core   0: 0x80009d78 (0xff9ff06f) j       pc - 0x8
core   0: 3 0x80009d78 (0xff9ff06f)
core   0: 0x80009d70 (0x00006f17) auipc   t5, 0x6
core   0: 3 0x80009d70 (0x00006f17) x30 0x8000fd70
core   0: 0x80009d74 (0x283f2823) sw      gp, 656(t5)
core   0: 3 0x80009d74 (0x283f2823) mem 0x80010000 0x00000001
core   0: 0x80009d78 (0xff9ff06f) j       pc - 0x8
core   0: 3 0x80009d78 (0xff9ff06f)
core   0: 0x80009d70 (0x00006f17) auipc   t5, 0x6
core   0: 3 0x80009d70 (0x00006f17) x30 0x8000fd70
core   0: 0x80009d74 (0x283f2823) sw      gp, 656(t5)
core   0: 3 0x80009d74 (0x283f2823) mem 0x80010000 0x00000001
core   0: 0x80009d78 (0xff9ff06f) j       pc - 0x8
core   0: 3 0x80009d78 (0xff9ff06f)
core   0: 0x80009d70 (0x00006f17) auipc   t5, 0x6
core   0: 3 0x80009d70 (0x00006f17) x30 0x8000fd70
core   0: 0x80009d74 (0x283f2823) sw      gp, 656(t5)
core   0: 3 0x80009d74 (0x283f2823) mem 0x80010000 0x00000001
core   0: 0x80009d78 (0xff9ff06f) j       pc - 0x8
core   0: 3 0x80009d78 (0xff9ff06f)
core   0: 0x80009d70 (0x00006f17) auipc   t5, 0x6
core   0: 3 0x80009d70 (0x00006f17) x30 0x8000fd70
core   0: 0x80009d74 (0x283f2823) sw      gp, 656(t5)
core   0: 3 0x80009d74 (0x283f2823) mem 0x80010000 0x00000001
core   0: 0x80009d78 (0xff9ff06f) j       pc - 0x8
core   0: 3 0x80009d78 (0xff9ff06f)
core   0: 0x80009d70 (0x00006f17) auipc   t5, 0x6
core   0: 3 0x80009d70 (0x00006f17) x30 0x8000fd70
core   0: 0x80009d74 (0x283f2823) sw      gp, 656(t5)
core   0: 3 0x80009d74 (0x283f2823) mem 0x80010000 0x00000001
core   0: 0x80009d78 (0xff9ff06f) j       pc - 0x8
core   0: 3 0x80009d78 (0xff9ff06f)
core   0: 0x80009d70 (0x00006f17) auipc   t5, 0x6
core   0: 3 0x80009d70 (0x00006f17) x30 0x8000fd70
core   0: 0x80009d74 (0x283f2823) sw      gp, 656(t5)
core   0: 3 0x80009d74 (0x283f2823) mem 0x80010000 0x00000001
core   0: 0x80009d78 (0xff9ff06f) j       pc - 0x8
core   0: 3 0x80009d78 (0xff9ff06f)
core   0: 0x80009d70 (0x00006f17) auipc   t5, 0x6
core   0: 3 0x80009d70 (0x00006f17) x30 0x8000fd70
core   0: 0x80009d74 (0x283f2823) sw      gp, 656(t5)
core   0: 3 0x80009d74 (0x283f2823) mem 0x80010000 0x00000001
core   0: 0x80009d78 (0xff9ff06f) j       pc - 0x8
core   0: 3 0x80009d78 (0xff9ff06f)
core   0: 0x80009d70 (0x00006f17) auipc   t5, 0x6
core   0: 3 0x80009d70 (0x00006f17) x30 0x8000fd70
core   0: 0x80009d74 (0x283f2823) sw      gp, 656(t5)
core   0: 3 0x80009d74 (0x283f2823) mem 0x80010000 0x00000001
core   0: 0x80009d78 (0xff9ff06f) j       pc - 0x8
core   0: 3 0x80009d78 (0xff9ff06f)
core   0: 0x80009d70 (0x00006f17) auipc   t5, 0x6
core   0: 3 0x80009d70 (0x00006f17) x30 0x8000fd70
core   0: 0x80009d74 (0x283f2823) sw      gp, 656(t5)
core   0: 3 0x80009d74 (0x283f2823) mem 0x80010000 0x00000001
core   0: 0x80009d78 (0xff9ff06f) j       pc - 0x8
core   0: 3 0x80009d78 (0xff9ff06f)
core   0: 0x80009d70 (0x00006f17) auipc   t5, 0x6
core   0: 3 0x80009d70 (0x00006f17) x30 0x8000fd70
core   0: 0x80009d74 (0x283f2823) sw      gp, 656(t5)
core   0: 3 0x80009d74 (0x283f2823) mem 0x80010000 0x00000001
core   0: 0x80009d78 (0xff9ff06f) j       pc - 0x8
core   0: 3 0x80009d78 (0xff9ff06f)
core   0: 0x80009d70 (0x00006f17) auipc   t5, 0x6
core   0: 3 0x80009d70 (0x00006f17) x30 0x8000fd70
core   0: 0x80009d74 (0x283f2823) sw      gp, 656(t5)
core   0: 3 0x80009d74 (0x283f2823) mem 0x80010000 0x00000001
core   0: 0x80009d78 (0xff9ff06f) j       pc - 0x8
core   0: 3 0x80009d78 (0xff9ff06f)
core   0: 0x80009d70 (0x00006f17) auipc   t5, 0x6
core   0: 3 0x80009d70 (0x00006f17) x30 0x8000fd70
core   0: 0x80009d74 (0x283f2823) sw      gp, 656(t5)
core   0: 3 0x80009d74 (0x283f2823) mem 0x80010000 0x00000001
core   0: 0x80009d78 (0xff9ff06f) j       pc - 0x8
core   0: 3 0x80009d78 (0xff9ff06f)
core   0: 0x80009d70 (0x00006f17) auipc   t5, 0x6
core   0: 3 0x80009d70 (0x00006f17) x30 0x8000fd70
core   0: 0x80009d74 (0x283f2823) sw      gp, 656(t5)
core   0: 3 0x80009d74 (0x283f2823) mem 0x80010000 0x00000001
core   0: 0x80009d78 (0xff9ff06f) j       pc - 0x8
core   0: 3 0x80009d78 (0xff9ff06f)
core   0: 0x80009d70 (0x00006f17) auipc   t5, 0x6
core   0: 3 0x80009d70 (0x00006f17) x30 0x8000fd70
core   0: 0x80009d74 (0x283f2823) sw      gp, 656(t5)
core   0: 3 0x80009d74 (0x283f2823) mem 0x80010000 0x00000001
core   0: 0x80009d78 (0xff9ff06f) j       pc - 0x8
core   0: 3 0x80009d78 (0xff9ff06f)
core   0: 0x80009d70 (0x00006f17) auipc   t5, 0x6
core   0: 3 0x80009d70 (0x00006f17) x30 0x8000fd70
core   0: 0x80009d74 (0x283f2823) sw      gp, 656(t5)
core   0: 3 0x80009d74 (0x283f2823) mem 0x80010000 0x00000001
core   0: 0x80009d78 (0xff9ff06f) j       pc - 0x8
core   0: 3 0x80009d78 (0xff9ff06f)
core   0: 0x80009d70 (0x00006f17) auipc   t5, 0x6
core   0: 3 0x80009d70 (0x00006f17) x30 0x8000fd70
core   0: 0x80009d74 (0x283f2823) sw      gp, 656(t5)
core   0: 3 0x80009d74 (0x283f2823) mem 0x80010000 0x00000001
core   0: 0x80009d78 (0xff9ff06f) j       pc - 0x8
core   0: 3 0x80009d78 (0xff9ff06f)
core   0: 0x80009d70 (0x00006f17) auipc   t5, 0x6
core   0: 3 0x80009d70 (0x00006f17) x30 0x8000fd70
core   0: 0x80009d74 (0x283f2823) sw      gp, 656(t5)
core   0: 3 0x80009d74 (0x283f2823) mem 0x80010000 0x00000001
core   0: 0x80009d78 (0xff9ff06f) j       pc - 0x8
core   0: 3 0x80009d78 (0xff9ff06f)
core   0: 0x80009d70 (0x00006f17) auipc   t5, 0x6
core   0: 3 0x80009d70 (0x00006f17) x30 0x8000fd70
core   0: 0x80009d74 (0x283f2823) sw      gp, 656(t5)
core   0: 3 0x80009d74 (0x283f2823) mem 0x80010000 0x00000001
core   0: 0x80009d78 (0xff9ff06f) j       pc - 0x8
core   0: 3 0x80009d78 (0xff9ff06f)
core   0: 0x80009d70 (0x00006f17) auipc   t5, 0x6
core   0: 3 0x80009d70 (0x00006f17) x30 0x8000fd70
core   0: 0x80009d74 (0x283f2823) sw      gp, 656(t5)
core   0: 3 0x80009d74 (0x283f2823) mem 0x80010000 0x00000001
core   0: 0x80009d78 (0xff9ff06f) j       pc - 0x8
core   0: 3 0x80009d78 (0xff9ff06f)
core   0: 0x80009d70 (0x00006f17) auipc   t5, 0x6
core   0: 3 0x80009d70 (0x00006f17) x30 0x8000fd70
core   0: 0x80009d74 (0x283f2823) sw      gp, 656(t5)
core   0: 3 0x80009d74 (0x283f2823) mem 0x80010000 0x00000001
core   0: 0x80009d78 (0xff9ff06f) j       pc - 0x8
core   0: 3 0x80009d78 (0xff9ff06f)
core   0: 0x80009d70 (0x00006f17) auipc   t5, 0x6
core   0: 3 0x80009d70 (0x00006f17) x30 0x8000fd70
core   0: 0x80009d74 (0x283f2823) sw      gp, 656(t5)
core   0: 3 0x80009d74 (0x283f2823) mem 0x80010000 0x00000001
core   0: 0x80009d78 (0xff9ff06f) j       pc - 0x8
core   0: 3 0x80009d78 (0xff9ff06f)
core   0: 0x80009d70 (0x00006f17) auipc   t5, 0x6
core   0: 3 0x80009d70 (0x00006f17) x30 0x8000fd70
core   0: 0x80009d74 (0x283f2823) sw      gp, 656(t5)
core   0: 3 0x80009d74 (0x283f2823) mem 0x80010000 0x00000001
core   0: 0x80009d78 (0xff9ff06f) j       pc - 0x8
core   0: 3 0x80009d78 (0xff9ff06f)
core   0: 0x80009d70 (0x00006f17) auipc   t5, 0x6
core   0: 3 0x80009d70 (0x00006f17) x30 0x8000fd70
core   0: 0x80009d74 (0x283f2823) sw      gp, 656(t5)
core   0: 3 0x80009d74 (0x283f2823) mem 0x80010000 0x00000001
core   0: 0x80009d78 (0xff9ff06f) j       pc - 0x8
core   0: 3 0x80009d78 (0xff9ff06f)
core   0: 0x80009d70 (0x00006f17) auipc   t5, 0x6
core   0: 3 0x80009d70 (0x00006f17) x30 0x8000fd70
core   0: 0x80009d74 (0x283f2823) sw      gp, 656(t5)
core   0: 3 0x80009d74 (0x283f2823) mem 0x80010000 0x00000001
core   0: 0x80009d78 (0xff9ff06f) j       pc - 0x8
core   0: 3 0x80009d78 (0xff9ff06f)
core   0: 0x80009d70 (0x00006f17) auipc   t5, 0x6
core   0: 3 0x80009d70 (0x00006f17) x30 0x8000fd70
core   0: 0x80009d74 (0x283f2823) sw      gp, 656(t5)
core   0: 3 0x80009d74 (0x283f2823) mem 0x80010000 0x00000001
core   0: 0x80009d78 (0xff9ff06f) j       pc - 0x8
core   0: 3 0x80009d78 (0xff9ff06f)
core   0: 0x80009d70 (0x00006f17) auipc   t5, 0x6
core   0: 3 0x80009d70 (0x00006f17) x30 0x8000fd70
core   0: 0x80009d74 (0x283f2823) sw      gp, 656(t5)
core   0: 3 0x80009d74 (0x283f2823) mem 0x80010000 0x00000001
core   0: 0x80009d78 (0xff9ff06f) j       pc - 0x8
core   0: 3 0x80009d78 (0xff9ff06f)
core   0: 0x80009d70 (0x00006f17) auipc   t5, 0x6
core   0: 3 0x80009d70 (0x00006f17) x30 0x8000fd70
core   0: 0x80009d74 (0x283f2823) sw      gp, 656(t5)
core   0: 3 0x80009d74 (0x283f2823) mem 0x80010000 0x00000001
core   0: 0x80009d78 (0xff9ff06f) j       pc - 0x8
core   0: 3 0x80009d78 (0xff9ff06f)
core   0: 0x80009d70 (0x00006f17) auipc   t5, 0x6
core   0: 3 0x80009d70 (0x00006f17) x30 0x8000fd70
core   0: 0x80009d74 (0x283f2823) sw      gp, 656(t5)
core   0: 3 0x80009d74 (0x283f2823) mem 0x80010000 0x00000001
core   0: 0x80009d78 (0xff9ff06f) j       pc - 0x8
core   0: 3 0x80009d78 (0xff9ff06f)
core   0: 0x80009d70 (0x00006f17) auipc   t5, 0x6
core   0: 3 0x80009d70 (0x00006f17) x30 0x8000fd70
core   0: 0x80009d74 (0x283f2823) sw      gp, 656(t5)
core   0: 3 0x80009d74 (0x283f2823) mem 0x80010000 0x00000001
core   0: 0x80009d78 (0xff9ff06f) j       pc - 0x8
core   0: 3 0x80009d78 (0xff9ff06f)
core   0: 0x80009d70 (0x00006f17) auipc   t5, 0x6
core   0: 3 0x80009d70 (0x00006f17) x30 0x8000fd70
core   0: 0x80009d74 (0x283f2823) sw      gp, 656(t5)
core   0: 3 0x80009d74 (0x283f2823) mem 0x80010000 0x00000001
core   0: 0x80009d78 (0xff9ff06f) j       pc - 0x8
core   0: 3 0x80009d78 (0xff9ff06f)
core   0: 0x80009d70 (0x00006f17) auipc   t5, 0x6
core   0: 3 0x80009d70 (0x00006f17) x30 0x8000fd70
core   0: 0x80009d74 (0x283f2823) sw      gp, 656(t5)
core   0: 3 0x80009d74 (0x283f2823) mem 0x80010000 0x00000001
core   0: 0x80009d78 (0xff9ff06f) j       pc - 0x8
core   0: 3 0x80009d78 (0xff9ff06f)
core   0: 0x80009d70 (0x00006f17) auipc   t5, 0x6
core   0: 3 0x80009d70 (0x00006f17) x30 0x8000fd70
core   0: 0x80009d74 (0x283f2823) sw      gp, 656(t5)
core   0: 3 0x80009d74 (0x283f2823) mem 0x80010000 0x00000001
core   0: 0x80009d78 (0xff9ff06f) j       pc - 0x8
core   0: 3 0x80009d78 (0xff9ff06f)
core   0: 0x80009d70 (0x00006f17) auipc   t5, 0x6
core   0: 3 0x80009d70 (0x00006f17) x30 0x8000fd70
core   0: 0x80009d74 (0x283f2823) sw      gp, 656(t5)
core   0: 3 0x80009d74 (0x283f2823) mem 0x80010000 0x00000001
core   0: 0x80009d78 (0xff9ff06f) j       pc - 0x8
core   0: 3 0x80009d78 (0xff9ff06f)
core   0: 0x80009d70 (0x00006f17) auipc   t5, 0x6
core   0: 3 0x80009d70 (0x00006f17) x30 0x8000fd70
core   0: 0x80009d74 (0x283f2823) sw      gp, 656(t5)
core   0: 3 0x80009d74 (0x283f2823) mem 0x80010000 0x00000001
core   0: 0x80009d78 (0xff9ff06f) j       pc - 0x8
core   0: 3 0x80009d78 (0xff9ff06f)
core   0: 0x80009d70 (0x00006f17) auipc   t5, 0x6
core   0: 3 0x80009d70 (0x00006f17) x30 0x8000fd70
core   0: 0x80009d74 (0x283f2823) sw      gp, 656(t5)
core   0: 3 0x80009d74 (0x283f2823) mem 0x80010000 0x00000001
core   0: 0x80009d78 (0xff9ff06f) j       pc - 0x8
core   0: 3 0x80009d78 (0xff9ff06f)
core   0: 0x80009d70 (0x00006f17) auipc   t5, 0x6
core   0: 3 0x80009d70 (0x00006f17) x30 0x8000fd70
core   0: 0x80009d74 (0x283f2823) sw      gp, 656(t5)
core   0: 3 0x80009d74 (0x283f2823) mem 0x80010000 0x00000001
core   0: 0x80009d78 (0xff9ff06f) j       pc - 0x8
core   0: 3 0x80009d78 (0xff9ff06f)
core   0: 0x80009d70 (0x00006f17) auipc   t5, 0x6
core   0: 3 0x80009d70 (0x00006f17) x30 0x8000fd70
core   0: 0x80009d74 (0x283f2823) sw      gp, 656(t5)
core   0: 3 0x80009d74 (0x283f2823) mem 0x80010000 0x00000001
core   0: 0x80009d78 (0xff9ff06f) j       pc - 0x8
core   0: 3 0x80009d78 (0xff9ff06f)
core   0: 0x80009d70 (0x00006f17) auipc   t5, 0x6
core   0: 3 0x80009d70 (0x00006f17) x30 0x8000fd70
core   0: 0x80009d74 (0x283f2823) sw      gp, 656(t5)
core   0: 3 0x80009d74 (0x283f2823) mem 0x80010000 0x00000001
core   0: 0x80009d78 (0xff9ff06f) j       pc - 0x8
core   0: 3 0x80009d78 (0xff9ff06f)
core   0: 0x80009d70 (0x00006f17) auipc   t5, 0x6
core   0: 3 0x80009d70 (0x00006f17) x30 0x8000fd70
core   0: 0x80009d74 (0x283f2823) sw      gp, 656(t5)
core   0: 3 0x80009d74 (0x283f2823) mem 0x80010000 0x00000001
core   0: 0x80009d78 (0xff9ff06f) j       pc - 0x8
core   0: 3 0x80009d78 (0xff9ff06f)
core   0: 0x80009d70 (0x00006f17) auipc   t5, 0x6
core   0: 3 0x80009d70 (0x00006f17) x30 0x8000fd70
core   0: 0x80009d74 (0x283f2823) sw      gp, 656(t5)
core   0: 3 0x80009d74 (0x283f2823) mem 0x80010000 0x00000001
core   0: 0x80009d78 (0xff9ff06f) j       pc - 0x8
core   0: 3 0x80009d78 (0xff9ff06f)
core   0: 0x80009d70 (0x00006f17) auipc   t5, 0x6
core   0: 3 0x80009d70 (0x00006f17) x30 0x8000fd70
core   0: 0x80009d74 (0x283f2823) sw      gp, 656(t5)
core   0: 3 0x80009d74 (0x283f2823) mem 0x80010000 0x00000001
core   0: 0x80009d78 (0xff9ff06f) j       pc - 0x8
core   0: 3 0x80009d78 (0xff9ff06f)
core   0: 0x80009d70 (0x00006f17) auipc   t5, 0x6
core   0: 3 0x80009d70 (0x00006f17) x30 0x8000fd70
core   0: 0x80009d74 (0x283f2823) sw      gp, 656(t5)
core   0: 3 0x80009d74 (0x283f2823) mem 0x80010000 0x00000001
core   0: 0x80009d78 (0xff9ff06f) j       pc - 0x8
core   0: 3 0x80009d78 (0xff9ff06f)
core   0: 0x80009d70 (0x00006f17) auipc   t5, 0x6
core   0: 3 0x80009d70 (0x00006f17) x30 0x8000fd70
core   0: 0x80009d74 (0x283f2823) sw      gp, 656(t5)
core   0: 3 0x80009d74 (0x283f2823) mem 0x80010000 0x00000001
core   0: 0x80009d78 (0xff9ff06f) j       pc - 0x8
core   0: 3 0x80009d78 (0xff9ff06f)
core   0: 0x80009d70 (0x00006f17) auipc   t5, 0x6
core   0: 3 0x80009d70 (0x00006f17) x30 0x8000fd70
core   0: 0x80009d74 (0x283f2823) sw      gp, 656(t5)
core   0: 3 0x80009d74 (0x283f2823) mem 0x80010000 0x00000001
core   0: 0x80009d78 (0xff9ff06f) j       pc - 0x8
core   0: 3 0x80009d78 (0xff9ff06f)
core   0: 0x80009d70 (0x00006f17) auipc   t5, 0x6
core   0: 3 0x80009d70 (0x00006f17) x30 0x8000fd70
core   0: 0x80009d74 (0x283f2823) sw      gp, 656(t5)
core   0: 3 0x80009d74 (0x283f2823) mem 0x80010000 0x00000001
core   0: 0x80009d78 (0xff9ff06f) j       pc - 0x8
core   0: 3 0x80009d78 (0xff9ff06f)
core   0: 0x80009d70 (0x00006f17) auipc   t5, 0x6
core   0: 3 0x80009d70 (0x00006f17) x30 0x8000fd70
core   0: 0x80009d74 (0x283f2823) sw      gp, 656(t5)
core   0: 3 0x80009d74 (0x283f2823) mem 0x80010000 0x00000001
core   0: 0x80009d78 (0xff9ff06f) j       pc - 0x8
core   0: 3 0x80009d78 (0xff9ff06f)
core   0: 0x80009d70 (0x00006f17) auipc   t5, 0x6
core   0: 3 0x80009d70 (0x00006f17) x30 0x8000fd70
core   0: 0x80009d74 (0x283f2823) sw      gp, 656(t5)
core   0: 3 0x80009d74 (0x283f2823) mem 0x80010000 0x00000001
core   0: 0x80009d78 (0xff9ff06f) j       pc - 0x8
core   0: 3 0x80009d78 (0xff9ff06f)
core   0: 0x80009d70 (0x00006f17) auipc   t5, 0x6
core   0: 3 0x80009d70 (0x00006f17) x30 0x8000fd70
core   0: 0x80009d74 (0x283f2823) sw      gp, 656(t5)
core   0: 3 0x80009d74 (0x283f2823) mem 0x80010000 0x00000001
core   0: 0x80009d78 (0xff9ff06f) j       pc - 0x8
core   0: 3 0x80009d78 (0xff9ff06f)
core   0: 0x80009d70 (0x00006f17) auipc   t5, 0x6
core   0: 3 0x80009d70 (0x00006f17) x30 0x8000fd70
core   0: 0x80009d74 (0x283f2823) sw      gp, 656(t5)
core   0: 3 0x80009d74 (0x283f2823) mem 0x80010000 0x00000001
core   0: 0x80009d78 (0xff9ff06f) j       pc - 0x8
core   0: 3 0x80009d78 (0xff9ff06f)
core   0: 0x80009d70 (0x00006f17) auipc   t5, 0x6
core   0: 3 0x80009d70 (0x00006f17) x30 0x8000fd70
core   0: 0x80009d74 (0x283f2823) sw      gp, 656(t5)
core   0: 3 0x80009d74 (0x283f2823) mem 0x80010000 0x00000001
core   0: 0x80009d78 (0xff9ff06f) j       pc - 0x8
core   0: 3 0x80009d78 (0xff9ff06f)
core   0: 0x80009d70 (0x00006f17) auipc   t5, 0x6
core   0: 3 0x80009d70 (0x00006f17) x30 0x8000fd70
core   0: 0x80009d74 (0x283f2823) sw      gp, 656(t5)
core   0: 3 0x80009d74 (0x283f2823) mem 0x80010000 0x00000001
core   0: 0x80009d78 (0xff9ff06f) j       pc - 0x8
core   0: 3 0x80009d78 (0xff9ff06f)
core   0: 0x80009d70 (0x00006f17) auipc   t5, 0x6
core   0: 3 0x80009d70 (0x00006f17) x30 0x8000fd70
core   0: 0x80009d74 (0x283f2823) sw      gp, 656(t5)
core   0: 3 0x80009d74 (0x283f2823) mem 0x80010000 0x00000001
core   0: 0x80009d78 (0xff9ff06f) j       pc - 0x8
core   0: 3 0x80009d78 (0xff9ff06f)
core   0: 0x80009d70 (0x00006f17) auipc   t5, 0x6
core   0: 3 0x80009d70 (0x00006f17) x30 0x8000fd70
core   0: 0x80009d74 (0x283f2823) sw      gp, 656(t5)
core   0: 3 0x80009d74 (0x283f2823) mem 0x80010000 0x00000001
core   0: 0x80009d78 (0xff9ff06f) j       pc - 0x8
core   0: 3 0x80009d78 (0xff9ff06f)
core   0: 0x80009d70 (0x00006f17) auipc   t5, 0x6
core   0: 3 0x80009d70 (0x00006f17) x30 0x8000fd70
core   0: 0x80009d74 (0x283f2823) sw      gp, 656(t5)
core   0: 3 0x80009d74 (0x283f2823) mem 0x80010000 0x00000001
core   0: 0x80009d78 (0xff9ff06f) j       pc - 0x8
core   0: 3 0x80009d78 (0xff9ff06f)
core   0: 0x80009d70 (0x00006f17) auipc   t5, 0x6
core   0: 3 0x80009d70 (0x00006f17) x30 0x8000fd70
core   0: 0x80009d74 (0x283f2823) sw      gp, 656(t5)
core   0: 3 0x80009d74 (0x283f2823) mem 0x80010000 0x00000001
core   0: 0x80009d78 (0xff9ff06f) j       pc - 0x8
core   0: 3 0x80009d78 (0xff9ff06f)
core   0: 0x80009d70 (0x00006f17) auipc   t5, 0x6
core   0: 3 0x80009d70 (0x00006f17) x30 0x8000fd70
core   0: 0x80009d74 (0x283f2823) sw      gp, 656(t5)
core   0: 3 0x80009d74 (0x283f2823) mem 0x80010000 0x00000001
core   0: 0x80009d78 (0xff9ff06f) j       pc - 0x8
core   0: 3 0x80009d78 (0xff9ff06f)
core   0: 0x80009d70 (0x00006f17) auipc   t5, 0x6
core   0: 3 0x80009d70 (0x00006f17) x30 0x8000fd70
core   0: 0x80009d74 (0x283f2823) sw      gp, 656(t5)
core   0: 3 0x80009d74 (0x283f2823) mem 0x80010000 0x00000001
core   0: 0x80009d78 (0xff9ff06f) j       pc - 0x8
core   0: 3 0x80009d78 (0xff9ff06f)
core   0: 0x80009d70 (0x00006f17) auipc   t5, 0x6
core   0: 3 0x80009d70 (0x00006f17) x30 0x8000fd70
core   0: 0x80009d74 (0x283f2823) sw      gp, 656(t5)
core   0: 3 0x80009d74 (0x283f2823) mem 0x80010000 0x00000001
core   0: 0x80009d78 (0xff9ff06f) j       pc - 0x8
core   0: 3 0x80009d78 (0xff9ff06f)
core   0: 0x80009d70 (0x00006f17) auipc   t5, 0x6
core   0: 3 0x80009d70 (0x00006f17) x30 0x8000fd70
core   0: 0x80009d74 (0x283f2823) sw      gp, 656(t5)
core   0: 3 0x80009d74 (0x283f2823) mem 0x80010000 0x00000001
core   0: 0x80009d78 (0xff9ff06f) j       pc - 0x8
core   0: 3 0x80009d78 (0xff9ff06f)
core   0: 0x80009d70 (0x00006f17) auipc   t5, 0x6
core   0: 3 0x80009d70 (0x00006f17) x30 0x8000fd70
core   0: 0x80009d74 (0x283f2823) sw      gp, 656(t5)
core   0: 3 0x80009d74 (0x283f2823) mem 0x80010000 0x00000001
core   0: 0x80009d78 (0xff9ff06f) j       pc - 0x8
core   0: 3 0x80009d78 (0xff9ff06f)
core   0: 0x80009d70 (0x00006f17) auipc   t5, 0x6
core   0: 3 0x80009d70 (0x00006f17) x30 0x8000fd70
core   0: 0x80009d74 (0x283f2823) sw      gp, 656(t5)
core   0: 3 0x80009d74 (0x283f2823) mem 0x80010000 0x00000001
core   0: 0x80009d78 (0xff9ff06f) j       pc - 0x8
core   0: 3 0x80009d78 (0xff9ff06f)
core   0: 0x80009d70 (0x00006f17) auipc   t5, 0x6
core   0: 3 0x80009d70 (0x00006f17) x30 0x8000fd70
core   0: 0x80009d74 (0x283f2823) sw      gp, 656(t5)
core   0: 3 0x80009d74 (0x283f2823) mem 0x80010000 0x00000001
core   0: 0x80009d78 (0xff9ff06f) j       pc - 0x8
core   0: 3 0x80009d78 (0xff9ff06f)
core   0: 0x80009d70 (0x00006f17) auipc   t5, 0x6
core   0: 3 0x80009d70 (0x00006f17) x30 0x8000fd70
core   0: 0x80009d74 (0x283f2823) sw      gp, 656(t5)
core   0: 3 0x80009d74 (0x283f2823) mem 0x80010000 0x00000001
core   0: 0x80009d78 (0xff9ff06f) j       pc - 0x8
core   0: 3 0x80009d78 (0xff9ff06f)
core   0: 0x80009d70 (0x00006f17) auipc   t5, 0x6
core   0: 3 0x80009d70 (0x00006f17) x30 0x8000fd70
core   0: 0x80009d74 (0x283f2823) sw      gp, 656(t5)
core   0: 3 0x80009d74 (0x283f2823) mem 0x80010000 0x00000001
core   0: 0x80009d78 (0xff9ff06f) j       pc - 0x8
core   0: 3 0x80009d78 (0xff9ff06f)
core   0: 0x80009d70 (0x00006f17) auipc   t5, 0x6
core   0: 3 0x80009d70 (0x00006f17) x30 0x8000fd70
core   0: 0x80009d74 (0x283f2823) sw      gp, 656(t5)
core   0: 3 0x80009d74 (0x283f2823) mem 0x80010000 0x00000001
core   0: 0x80009d78 (0xff9ff06f) j       pc - 0x8
core   0: 3 0x80009d78 (0xff9ff06f)
core   0: 0x80009d70 (0x00006f17) auipc   t5, 0x6
core   0: 3 0x80009d70 (0x00006f17) x30 0x8000fd70
core   0: 0x80009d74 (0x283f2823) sw      gp, 656(t5)
core   0: 3 0x80009d74 (0x283f2823) mem 0x80010000 0x00000001
core   0: 0x80009d78 (0xff9ff06f) j       pc - 0x8
core   0: 3 0x80009d78 (0xff9ff06f)
core   0: 0x80009d70 (0x00006f17) auipc   t5, 0x6
core   0: 3 0x80009d70 (0x00006f17) x30 0x8000fd70
core   0: 0x80009d74 (0x283f2823) sw      gp, 656(t5)
core   0: 3 0x80009d74 (0x283f2823) mem 0x80010000 0x00000001
core   0: 0x80009d78 (0xff9ff06f) j       pc - 0x8
core   0: 3 0x80009d78 (0xff9ff06f)
core   0: 0x80009d70 (0x00006f17) auipc   t5, 0x6
core   0: 3 0x80009d70 (0x00006f17) x30 0x8000fd70
core   0: 0x80009d74 (0x283f2823) sw      gp, 656(t5)
core   0: 3 0x80009d74 (0x283f2823) mem 0x80010000 0x00000001
core   0: 0x80009d78 (0xff9ff06f) j       pc - 0x8
core   0: 3 0x80009d78 (0xff9ff06f)
core   0: 0x80009d70 (0x00006f17) auipc   t5, 0x6
core   0: 3 0x80009d70 (0x00006f17) x30 0x8000fd70
core   0: 0x80009d74 (0x283f2823) sw      gp, 656(t5)
core   0: 3 0x80009d74 (0x283f2823) mem 0x80010000 0x00000001
core   0: 0x80009d78 (0xff9ff06f) j       pc - 0x8
core   0: 3 0x80009d78 (0xff9ff06f)
core   0: 0x80009d70 (0x00006f17) auipc   t5, 0x6
core   0: 3 0x80009d70 (0x00006f17) x30 0x8000fd70
core   0: 0x80009d74 (0x283f2823) sw      gp, 656(t5)
core   0: 3 0x80009d74 (0x283f2823) mem 0x80010000 0x00000001
core   0: 0x80009d78 (0xff9ff06f) j       pc - 0x8
core   0: 3 0x80009d78 (0xff9ff06f)
core   0: 0x80009d70 (0x00006f17) auipc   t5, 0x6
core   0: 3 0x80009d70 (0x00006f17) x30 0x8000fd70
core   0: 0x80009d74 (0x283f2823) sw      gp, 656(t5)
core   0: 3 0x80009d74 (0x283f2823) mem 0x80010000 0x00000001
core   0: 0x80009d78 (0xff9ff06f) j       pc - 0x8
core   0: 3 0x80009d78 (0xff9ff06f)
core   0: 0x80009d70 (0x00006f17) auipc   t5, 0x6
core   0: 3 0x80009d70 (0x00006f17) x30 0x8000fd70
core   0: 0x80009d74 (0x283f2823) sw      gp, 656(t5)
core   0: 3 0x80009d74 (0x283f2823) mem 0x80010000 0x00000001
core   0: 0x80009d78 (0xff9ff06f) j       pc - 0x8
core   0: 3 0x80009d78 (0xff9ff06f)
core   0: 0x80009d70 (0x00006f17) auipc   t5, 0x6
core   0: 3 0x80009d70 (0x00006f17) x30 0x8000fd70
core   0: 0x80009d74 (0x283f2823) sw      gp, 656(t5)
core   0: 3 0x80009d74 (0x283f2823) mem 0x80010000 0x00000001
core   0: 0x80009d78 (0xff9ff06f) j       pc - 0x8
core   0: 3 0x80009d78 (0xff9ff06f)
core   0: 0x80009d70 (0x00006f17) auipc   t5, 0x6
core   0: 3 0x80009d70 (0x00006f17) x30 0x8000fd70
core   0: 0x80009d74 (0x283f2823) sw      gp, 656(t5)
core   0: 3 0x80009d74 (0x283f2823) mem 0x80010000 0x00000001
core   0: 0x80009d78 (0xff9ff06f) j       pc - 0x8
core   0: 3 0x80009d78 (0xff9ff06f)
core   0: 0x80009d70 (0x00006f17) auipc   t5, 0x6
core   0: 3 0x80009d70 (0x00006f17) x30 0x8000fd70
core   0: 0x80009d74 (0x283f2823) sw      gp, 656(t5)
core   0: 3 0x80009d74 (0x283f2823) mem 0x80010000 0x00000001
core   0: 0x80009d78 (0xff9ff06f) j       pc - 0x8
core   0: 3 0x80009d78 (0xff9ff06f)
core   0: 0x80009d70 (0x00006f17) auipc   t5, 0x6
core   0: 3 0x80009d70 (0x00006f17) x30 0x8000fd70
core   0: 0x80009d74 (0x283f2823) sw      gp, 656(t5)
core   0: 3 0x80009d74 (0x283f2823) mem 0x80010000 0x00000001
core   0: 0x80009d78 (0xff9ff06f) j       pc - 0x8
core   0: 3 0x80009d78 (0xff9ff06f)
core   0: 0x80009d70 (0x00006f17) auipc   t5, 0x6
core   0: 3 0x80009d70 (0x00006f17) x30 0x8000fd70
core   0: 0x80009d74 (0x283f2823) sw      gp, 656(t5)
core   0: 3 0x80009d74 (0x283f2823) mem 0x80010000 0x00000001
core   0: 0x80009d78 (0xff9ff06f) j       pc - 0x8
core   0: 3 0x80009d78 (0xff9ff06f)
core   0: 0x80009d70 (0x00006f17) auipc   t5, 0x6
core   0: 3 0x80009d70 (0x00006f17) x30 0x8000fd70
core   0: 0x80009d74 (0x283f2823) sw      gp, 656(t5)
core   0: 3 0x80009d74 (0x283f2823) mem 0x80010000 0x00000001
core   0: 0x80009d78 (0xff9ff06f) j       pc - 0x8
core   0: 3 0x80009d78 (0xff9ff06f)
core   0: 0x80009d70 (0x00006f17) auipc   t5, 0x6
core   0: 3 0x80009d70 (0x00006f17) x30 0x8000fd70
core   0: 0x80009d74 (0x283f2823) sw      gp, 656(t5)
core   0: 3 0x80009d74 (0x283f2823) mem 0x80010000 0x00000001
core   0: 0x80009d78 (0xff9ff06f) j       pc - 0x8
core   0: 3 0x80009d78 (0xff9ff06f)
core   0: 0x80009d70 (0x00006f17) auipc   t5, 0x6
core   0: 3 0x80009d70 (0x00006f17) x30 0x8000fd70
core   0: 0x80009d74 (0x283f2823) sw      gp, 656(t5)
core   0: 3 0x80009d74 (0x283f2823) mem 0x80010000 0x00000001
core   0: 0x80009d78 (0xff9ff06f) j       pc - 0x8
core   0: 3 0x80009d78 (0xff9ff06f)
core   0: 0x80009d70 (0x00006f17) auipc   t5, 0x6
core   0: 3 0x80009d70 (0x00006f17) x30 0x8000fd70
core   0: 0x80009d74 (0x283f2823) sw      gp, 656(t5)
core   0: 3 0x80009d74 (0x283f2823) mem 0x80010000 0x00000001
core   0: 0x80009d78 (0xff9ff06f) j       pc - 0x8
core   0: 3 0x80009d78 (0xff9ff06f)
core   0: 0x80009d70 (0x00006f17) auipc   t5, 0x6
core   0: 3 0x80009d70 (0x00006f17) x30 0x8000fd70
core   0: 0x80009d74 (0x283f2823) sw      gp, 656(t5)
core   0: 3 0x80009d74 (0x283f2823) mem 0x80010000 0x00000001
core   0: 0x80009d78 (0xff9ff06f) j       pc - 0x8
core   0: 3 0x80009d78 (0xff9ff06f)
core   0: 0x80009d70 (0x00006f17) auipc   t5, 0x6
core   0: 3 0x80009d70 (0x00006f17) x30 0x8000fd70
core   0: 0x80009d74 (0x283f2823) sw      gp, 656(t5)
core   0: 3 0x80009d74 (0x283f2823) mem 0x80010000 0x00000001
core   0: 0x80009d78 (0xff9ff06f) j       pc - 0x8
core   0: 3 0x80009d78 (0xff9ff06f)
core   0: 0x80009d70 (0x00006f17) auipc   t5, 0x6
core   0: 3 0x80009d70 (0x00006f17) x30 0x8000fd70
core   0: 0x80009d74 (0x283f2823) sw      gp, 656(t5)
core   0: 3 0x80009d74 (0x283f2823) mem 0x80010000 0x00000001
core   0: 0x80009d78 (0xff9ff06f) j       pc - 0x8
core   0: 3 0x80009d78 (0xff9ff06f)
core   0: 0x80009d70 (0x00006f17) auipc   t5, 0x6
core   0: 3 0x80009d70 (0x00006f17) x30 0x8000fd70
core   0: 0x80009d74 (0x283f2823) sw      gp, 656(t5)
core   0: 3 0x80009d74 (0x283f2823) mem 0x80010000 0x00000001
core   0: 0x80009d78 (0xff9ff06f) j       pc - 0x8
core   0: 3 0x80009d78 (0xff9ff06f)
core   0: 0x80009d70 (0x00006f17) auipc   t5, 0x6
core   0: 3 0x80009d70 (0x00006f17) x30 0x8000fd70
core   0: 0x80009d74 (0x283f2823) sw      gp, 656(t5)
core   0: 3 0x80009d74 (0x283f2823) mem 0x80010000 0x00000001
core   0: 0x80009d78 (0xff9ff06f) j       pc - 0x8
core   0: 3 0x80009d78 (0xff9ff06f)
core   0: 0x80009d70 (0x00006f17) auipc   t5, 0x6
core   0: 3 0x80009d70 (0x00006f17) x30 0x8000fd70
core   0: 0x80009d74 (0x283f2823) sw      gp, 656(t5)
core   0: 3 0x80009d74 (0x283f2823) mem 0x80010000 0x00000001
core   0: 0x80009d78 (0xff9ff06f) j       pc - 0x8
core   0: 3 0x80009d78 (0xff9ff06f)
core   0: 0x80009d70 (0x00006f17) auipc   t5, 0x6
core   0: 3 0x80009d70 (0x00006f17) x30 0x8000fd70
core   0: 0x80009d74 (0x283f2823) sw      gp, 656(t5)
core   0: 3 0x80009d74 (0x283f2823) mem 0x80010000 0x00000001
core   0: 0x80009d78 (0xff9ff06f) j       pc - 0x8
core   0: 3 0x80009d78 (0xff9ff06f)
core   0: 0x80009d70 (0x00006f17) auipc   t5, 0x6
core   0: 3 0x80009d70 (0x00006f17) x30 0x8000fd70
core   0: 0x80009d74 (0x283f2823) sw      gp, 656(t5)
core   0: 3 0x80009d74 (0x283f2823) mem 0x80010000 0x00000001
core   0: 0x80009d78 (0xff9ff06f) j       pc - 0x8
core   0: 3 0x80009d78 (0xff9ff06f)
core   0: 0x80009d70 (0x00006f17) auipc   t5, 0x6
core   0: 3 0x80009d70 (0x00006f17) x30 0x8000fd70
core   0: 0x80009d74 (0x283f2823) sw      gp, 656(t5)
core   0: 3 0x80009d74 (0x283f2823) mem 0x80010000 0x00000001
core   0: 0x80009d78 (0xff9ff06f) j       pc - 0x8
core   0: 3 0x80009d78 (0xff9ff06f)
core   0: 0x80009d70 (0x00006f17) auipc   t5, 0x6
core   0: 3 0x80009d70 (0x00006f17) x30 0x8000fd70
core   0: 0x80009d74 (0x283f2823) sw      gp, 656(t5)
core   0: 3 0x80009d74 (0x283f2823) mem 0x80010000 0x00000001
core   0: 0x80009d78 (0xff9ff06f) j       pc - 0x8
core   0: 3 0x80009d78 (0xff9ff06f)
core   0: 0x80009d70 (0x00006f17) auipc   t5, 0x6
core   0: 3 0x80009d70 (0x00006f17) x30 0x8000fd70
core   0: 0x80009d74 (0x283f2823) sw      gp, 656(t5)
core   0: 3 0x80009d74 (0x283f2823) mem 0x80010000 0x00000001
core   0: 0x80009d78 (0xff9ff06f) j       pc - 0x8
core   0: 3 0x80009d78 (0xff9ff06f)
core   0: 0x80009d70 (0x00006f17) auipc   t5, 0x6
core   0: 3 0x80009d70 (0x00006f17) x30 0x8000fd70
core   0: 0x80009d74 (0x283f2823) sw      gp, 656(t5)
core   0: 3 0x80009d74 (0x283f2823) mem 0x80010000 0x00000001
core   0: 0x80009d78 (0xff9ff06f) j       pc - 0x8
core   0: 3 0x80009d78 (0xff9ff06f)
core   0: 0x80009d70 (0x00006f17) auipc   t5, 0x6
core   0: 3 0x80009d70 (0x00006f17) x30 0x8000fd70
core   0: 0x80009d74 (0x283f2823) sw      gp, 656(t5)
core   0: 3 0x80009d74 (0x283f2823) mem 0x80010000 0x00000001
core   0: 0x80009d78 (0xff9ff06f) j       pc - 0x8
core   0: 3 0x80009d78 (0xff9ff06f)
core   0: 0x80009d70 (0x00006f17) auipc   t5, 0x6
core   0: 3 0x80009d70 (0x00006f17) x30 0x8000fd70
core   0: 0x80009d74 (0x283f2823) sw      gp, 656(t5)
core   0: 3 0x80009d74 (0x283f2823) mem 0x80010000 0x00000001
core   0: 0x80009d78 (0xff9ff06f) j       pc - 0x8
core   0: 3 0x80009d78 (0xff9ff06f)
core   0: 0x80009d70 (0x00006f17) auipc   t5, 0x6
core   0: 3 0x80009d70 (0x00006f17) x30 0x8000fd70
core   0: 0x80009d74 (0x283f2823) sw      gp, 656(t5)
core   0: 3 0x80009d74 (0x283f2823) mem 0x80010000 0x00000001
core   0: 0x80009d78 (0xff9ff06f) j       pc - 0x8
core   0: 3 0x80009d78 (0xff9ff06f)
core   0: 0x80009d70 (0x00006f17) auipc   t5, 0x6
core   0: 3 0x80009d70 (0x00006f17) x30 0x8000fd70
core   0: 0x80009d74 (0x283f2823) sw      gp, 656(t5)
core   0: 3 0x80009d74 (0x283f2823) mem 0x80010000 0x00000001
core   0: 0x80009d78 (0xff9ff06f) j       pc - 0x8
core   0: 3 0x80009d78 (0xff9ff06f)
core   0: 0x80009d70 (0x00006f17) auipc   t5, 0x6
core   0: 3 0x80009d70 (0x00006f17) x30 0x8000fd70
core   0: 0x80009d74 (0x283f2823) sw      gp, 656(t5)
core   0: 3 0x80009d74 (0x283f2823) mem 0x80010000 0x00000001
core   0: 0x80009d78 (0xff9ff06f) j       pc - 0x8
core   0: 3 0x80009d78 (0xff9ff06f)
core   0: 0x80009d70 (0x00006f17) auipc   t5, 0x6
core   0: 3 0x80009d70 (0x00006f17) x30 0x8000fd70
core   0: 0x80009d74 (0x283f2823) sw      gp, 656(t5)
core   0: 3 0x80009d74 (0x283f2823) mem 0x80010000 0x00000001
core   0: 0x80009d78 (0xff9ff06f) j       pc - 0x8
core   0: 3 0x80009d78 (0xff9ff06f)
core   0: 0x80009d70 (0x00006f17) auipc   t5, 0x6
core   0: 3 0x80009d70 (0x00006f17) x30 0x8000fd70
core   0: 0x80009d74 (0x283f2823) sw      gp, 656(t5)
core   0: 3 0x80009d74 (0x283f2823) mem 0x80010000 0x00000001
core   0: 0x80009d78 (0xff9ff06f) j       pc - 0x8
core   0: 3 0x80009d78 (0xff9ff06f)
core   0: 0x80009d70 (0x00006f17) auipc   t5, 0x6
core   0: 3 0x80009d70 (0x00006f17) x30 0x8000fd70
core   0: 0x80009d74 (0x283f2823) sw      gp, 656(t5)
core   0: 3 0x80009d74 (0x283f2823) mem 0x80010000 0x00000001
core   0: 0x80009d78 (0xff9ff06f) j       pc - 0x8
core   0: 3 0x80009d78 (0xff9ff06f)
core   0: 0x80009d70 (0x00006f17) auipc   t5, 0x6
core   0: 3 0x80009d70 (0x00006f17) x30 0x8000fd70
core   0: 0x80009d74 (0x283f2823) sw      gp, 656(t5)
core   0: 3 0x80009d74 (0x283f2823) mem 0x80010000 0x00000001
core   0: 0x80009d78 (0xff9ff06f) j       pc - 0x8
core   0: 3 0x80009d78 (0xff9ff06f)
core   0: 0x80009d70 (0x00006f17) auipc   t5, 0x6
core   0: 3 0x80009d70 (0x00006f17) x30 0x8000fd70
core   0: 0x80009d74 (0x283f2823) sw      gp, 656(t5)
core   0: 3 0x80009d74 (0x283f2823) mem 0x80010000 0x00000001
core   0: 0x80009d78 (0xff9ff06f) j       pc - 0x8
core   0: 3 0x80009d78 (0xff9ff06f)
core   0: 0x80009d70 (0x00006f17) auipc   t5, 0x6
core   0: 3 0x80009d70 (0x00006f17) x30 0x8000fd70
core   0: 0x80009d74 (0x283f2823) sw      gp, 656(t5)
core   0: 3 0x80009d74 (0x283f2823) mem 0x80010000 0x00000001
core   0: 0x80009d78 (0xff9ff06f) j       pc - 0x8
core   0: 3 0x80009d78 (0xff9ff06f)
core   0: 0x80009d70 (0x00006f17) auipc   t5, 0x6
core   0: 3 0x80009d70 (0x00006f17) x30 0x8000fd70
core   0: 0x80009d74 (0x283f2823) sw      gp, 656(t5)
core   0: 3 0x80009d74 (0x283f2823) mem 0x80010000 0x00000001
core   0: 0x80009d78 (0xff9ff06f) j       pc - 0x8
core   0: 3 0x80009d78 (0xff9ff06f)
core   0: 0x80009d70 (0x00006f17) auipc   t5, 0x6
core   0: 3 0x80009d70 (0x00006f17) x30 0x8000fd70
core   0: 0x80009d74 (0x283f2823) sw      gp, 656(t5)
core   0: 3 0x80009d74 (0x283f2823) mem 0x80010000 0x00000001
core   0: 0x80009d78 (0xff9ff06f) j       pc - 0x8
core   0: 3 0x80009d78 (0xff9ff06f)
core   0: 0x80009d70 (0x00006f17) auipc   t5, 0x6
core   0: 3 0x80009d70 (0x00006f17) x30 0x8000fd70
core   0: 0x80009d74 (0x283f2823) sw      gp, 656(t5)
core   0: 3 0x80009d74 (0x283f2823) mem 0x80010000 0x00000001
core   0: 0x80009d78 (0xff9ff06f) j       pc - 0x8
core   0: 3 0x80009d78 (0xff9ff06f)
core   0: 0x80009d70 (0x00006f17) auipc   t5, 0x6
core   0: 3 0x80009d70 (0x00006f17) x30 0x8000fd70
core   0: 0x80009d74 (0x283f2823) sw      gp, 656(t5)
core   0: 3 0x80009d74 (0x283f2823) mem 0x80010000 0x00000001
core   0: 0x80009d78 (0xff9ff06f) j       pc - 0x8
core   0: 3 0x80009d78 (0xff9ff06f)
core   0: 0x80009d70 (0x00006f17) auipc   t5, 0x6
core   0: 3 0x80009d70 (0x00006f17) x30 0x8000fd70
core   0: 0x80009d74 (0x283f2823) sw      gp, 656(t5)
core   0: 3 0x80009d74 (0x283f2823) mem 0x80010000 0x00000001
core   0: 0x80009d78 (0xff9ff06f) j       pc - 0x8
core   0: 3 0x80009d78 (0xff9ff06f)
core   0: 0x80009d70 (0x00006f17) auipc   t5, 0x6
core   0: 3 0x80009d70 (0x00006f17) x30 0x8000fd70
core   0: 0x80009d74 (0x283f2823) sw      gp, 656(t5)
core   0: 3 0x80009d74 (0x283f2823) mem 0x80010000 0x00000001
core   0: 0x80009d78 (0xff9ff06f) j       pc - 0x8
core   0: 3 0x80009d78 (0xff9ff06f)
core   0: 0x80009d70 (0x00006f17) auipc   t5, 0x6
core   0: 3 0x80009d70 (0x00006f17) x30 0x8000fd70
core   0: 0x80009d74 (0x283f2823) sw      gp, 656(t5)
core   0: 3 0x80009d74 (0x283f2823) mem 0x80010000 0x00000001
core   0: 0x80009d78 (0xff9ff06f) j       pc - 0x8
core   0: 3 0x80009d78 (0xff9ff06f)
core   0: 0x80009d70 (0x00006f17) auipc   t5, 0x6
core   0: 3 0x80009d70 (0x00006f17) x30 0x8000fd70
core   0: 0x80009d74 (0x283f2823) sw      gp, 656(t5)
core   0: 3 0x80009d74 (0x283f2823) mem 0x80010000 0x00000001
core   0: 0x80009d78 (0xff9ff06f) j       pc - 0x8
core   0: 3 0x80009d78 (0xff9ff06f)
core   0: 0x80009d70 (0x00006f17) auipc   t5, 0x6
core   0: 3 0x80009d70 (0x00006f17) x30 0x8000fd70
core   0: 0x80009d74 (0x283f2823) sw      gp, 656(t5)
core   0: 3 0x80009d74 (0x283f2823) mem 0x80010000 0x00000001
core   0: 0x80009d78 (0xff9ff06f) j       pc - 0x8
core   0: 3 0x80009d78 (0xff9ff06f)
core   0: 0x80009d70 (0x00006f17) auipc   t5, 0x6
core   0: 3 0x80009d70 (0x00006f17) x30 0x8000fd70
core   0: 0x80009d74 (0x283f2823) sw      gp, 656(t5)
core   0: 3 0x80009d74 (0x283f2823) mem 0x80010000 0x00000001
core   0: 0x80009d78 (0xff9ff06f) j       pc - 0x8
core   0: 3 0x80009d78 (0xff9ff06f)
core   0: 0x80009d70 (0x00006f17) auipc   t5, 0x6
core   0: 3 0x80009d70 (0x00006f17) x30 0x8000fd70
core   0: 0x80009d74 (0x283f2823) sw      gp, 656(t5)
core   0: 3 0x80009d74 (0x283f2823) mem 0x80010000 0x00000001
core   0: 0x80009d78 (0xff9ff06f) j       pc - 0x8
core   0: 3 0x80009d78 (0xff9ff06f)
core   0: 0x80009d70 (0x00006f17) auipc   t5, 0x6
core   0: 3 0x80009d70 (0x00006f17) x30 0x8000fd70
core   0: 0x80009d74 (0x283f2823) sw      gp, 656(t5)
core   0: 3 0x80009d74 (0x283f2823) mem 0x80010000 0x00000001
core   0: 0x80009d78 (0xff9ff06f) j       pc - 0x8
core   0: 3 0x80009d78 (0xff9ff06f)
core   0: 0x80009d70 (0x00006f17) auipc   t5, 0x6
core   0: 3 0x80009d70 (0x00006f17) x30 0x8000fd70
core   0: 0x80009d74 (0x283f2823) sw      gp, 656(t5)
core   0: 3 0x80009d74 (0x283f2823) mem 0x80010000 0x00000001
core   0: 0x80009d78 (0xff9ff06f) j       pc - 0x8
core   0: 3 0x80009d78 (0xff9ff06f)
core   0: 0x80009d70 (0x00006f17) auipc   t5, 0x6
core   0: 3 0x80009d70 (0x00006f17) x30 0x8000fd70
core   0: 0x80009d74 (0x283f2823) sw      gp, 656(t5)
core   0: 3 0x80009d74 (0x283f2823) mem 0x80010000 0x00000001
core   0: 0x80009d78 (0xff9ff06f) j       pc - 0x8
core   0: 3 0x80009d78 (0xff9ff06f)
core   0: 0x80009d70 (0x00006f17) auipc   t5, 0x6
core   0: 3 0x80009d70 (0x00006f17) x30 0x8000fd70
core   0: 0x80009d74 (0x283f2823) sw      gp, 656(t5)
core   0: 3 0x80009d74 (0x283f2823) mem 0x80010000 0x00000001
core   0: 0x80009d78 (0xff9ff06f) j       pc - 0x8
core   0: 3 0x80009d78 (0xff9ff06f)
core   0: 0x80009d70 (0x00006f17) auipc   t5, 0x6
core   0: 3 0x80009d70 (0x00006f17) x30 0x8000fd70
core   0: 0x80009d74 (0x283f2823) sw      gp, 656(t5)
core   0: 3 0x80009d74 (0x283f2823) mem 0x80010000 0x00000001
core   0: 0x80009d78 (0xff9ff06f) j       pc - 0x8
core   0: 3 0x80009d78 (0xff9ff06f)
core   0: 0x80009d70 (0x00006f17) auipc   t5, 0x6
core   0: 3 0x80009d70 (0x00006f17) x30 0x8000fd70
core   0: 0x80009d74 (0x283f2823) sw      gp, 656(t5)
core   0: 3 0x80009d74 (0x283f2823) mem 0x80010000 0x00000001
core   0: 0x80009d78 (0xff9ff06f) j       pc - 0x8
core   0: 3 0x80009d78 (0xff9ff06f)
core   0: 0x80009d70 (0x00006f17) auipc   t5, 0x6
core   0: 3 0x80009d70 (0x00006f17) x30 0x8000fd70
core   0: 0x80009d74 (0x283f2823) sw      gp, 656(t5)
core   0: 3 0x80009d74 (0x283f2823) mem 0x80010000 0x00000001
core   0: 0x80009d78 (0xff9ff06f) j       pc - 0x8
core   0: 3 0x80009d78 (0xff9ff06f)
core   0: 0x80009d70 (0x00006f17) auipc   t5, 0x6
core   0: 3 0x80009d70 (0x00006f17) x30 0x8000fd70
core   0: 0x80009d74 (0x283f2823) sw      gp, 656(t5)
core   0: 3 0x80009d74 (0x283f2823) mem 0x80010000 0x00000001
core   0: 0x80009d78 (0xff9ff06f) j       pc - 0x8
core   0: 3 0x80009d78 (0xff9ff06f)
core   0: 0x80009d70 (0x00006f17) auipc   t5, 0x6
core   0: 3 0x80009d70 (0x00006f17) x30 0x8000fd70
core   0: 0x80009d74 (0x283f2823) sw      gp, 656(t5)
core   0: 3 0x80009d74 (0x283f2823) mem 0x80010000 0x00000001
core   0: 0x80009d78 (0xff9ff06f) j       pc - 0x8
core   0: 3 0x80009d78 (0xff9ff06f)
core   0: 0x80009d70 (0x00006f17) auipc   t5, 0x6
core   0: 3 0x80009d70 (0x00006f17) x30 0x8000fd70
core   0: 0x80009d74 (0x283f2823) sw      gp, 656(t5)
core   0: 3 0x80009d74 (0x283f2823) mem 0x80010000 0x00000001
core   0: 0x80009d78 (0xff9ff06f) j       pc - 0x8
core   0: 3 0x80009d78 (0xff9ff06f)
core   0: 0x80009d70 (0x00006f17) auipc   t5, 0x6
core   0: 3 0x80009d70 (0x00006f17) x30 0x8000fd70
core   0: 0x80009d74 (0x283f2823) sw      gp, 656(t5)
core   0: 3 0x80009d74 (0x283f2823) mem 0x80010000 0x00000001
core   0: 0x80009d78 (0xff9ff06f) j       pc - 0x8
core   0: 3 0x80009d78 (0xff9ff06f)
core   0: 0x80009d70 (0x00006f17) auipc   t5, 0x6
core   0: 3 0x80009d70 (0x00006f17) x30 0x8000fd70
core   0: 0x80009d74 (0x283f2823) sw      gp, 656(t5)
core   0: 3 0x80009d74 (0x283f2823) mem 0x80010000 0x00000001
core   0: 0x80009d78 (0xff9ff06f) j       pc - 0x8
core   0: 3 0x80009d78 (0xff9ff06f)
core   0: 0x80009d70 (0x00006f17) auipc   t5, 0x6
core   0: 3 0x80009d70 (0x00006f17) x30 0x8000fd70
core   0: 0x80009d74 (0x283f2823) sw      gp, 656(t5)
core   0: 3 0x80009d74 (0x283f2823) mem 0x80010000 0x00000001
core   0: 0x80009d78 (0xff9ff06f) j       pc - 0x8
core   0: 3 0x80009d78 (0xff9ff06f)
core   0: 0x80009d70 (0x00006f17) auipc   t5, 0x6
core   0: 3 0x80009d70 (0x00006f17) x30 0x8000fd70
core   0: 0x80009d74 (0x283f2823) sw      gp, 656(t5)
core   0: 3 0x80009d74 (0x283f2823) mem 0x80010000 0x00000001
core   0: 0x80009d78 (0xff9ff06f) j       pc - 0x8
core   0: 3 0x80009d78 (0xff9ff06f)
core   0: 0x80009d70 (0x00006f17) auipc   t5, 0x6
core   0: 3 0x80009d70 (0x00006f17) x30 0x8000fd70
core   0: 0x80009d74 (0x283f2823) sw      gp, 656(t5)
core   0: 3 0x80009d74 (0x283f2823) mem 0x80010000 0x00000001
core   0: 0x80009d78 (0xff9ff06f) j       pc - 0x8
core   0: 3 0x80009d78 (0xff9ff06f)
core   0: 0x80009d70 (0x00006f17) auipc   t5, 0x6
core   0: 3 0x80009d70 (0x00006f17) x30 0x8000fd70
core   0: 0x80009d74 (0x283f2823) sw      gp, 656(t5)
core   0: 3 0x80009d74 (0x283f2823) mem 0x80010000 0x00000001
core   0: 0x80009d78 (0xff9ff06f) j       pc - 0x8
core   0: 3 0x80009d78 (0xff9ff06f)
core   0: 0x80009d70 (0x00006f17) auipc   t5, 0x6
core   0: 3 0x80009d70 (0x00006f17) x30 0x8000fd70
core   0: 0x80009d74 (0x283f2823) sw      gp, 656(t5)
core   0: 3 0x80009d74 (0x283f2823) mem 0x80010000 0x00000001
core   0: 0x80009d78 (0xff9ff06f) j       pc - 0x8
core   0: 3 0x80009d78 (0xff9ff06f)
core   0: 0x80009d70 (0x00006f17) auipc   t5, 0x6
core   0: 3 0x80009d70 (0x00006f17) x30 0x8000fd70
core   0: 0x80009d74 (0x283f2823) sw      gp, 656(t5)
core   0: 3 0x80009d74 (0x283f2823) mem 0x80010000 0x00000001
core   0: 0x80009d78 (0xff9ff06f) j       pc - 0x8
core   0: 3 0x80009d78 (0xff9ff06f)
core   0: 0x80009d70 (0x00006f17) auipc   t5, 0x6
core   0: 3 0x80009d70 (0x00006f17) x30 0x8000fd70
core   0: 0x80009d74 (0x283f2823) sw      gp, 656(t5)
core   0: 3 0x80009d74 (0x283f2823) mem 0x80010000 0x00000001
core   0: 0x80009d78 (0xff9ff06f) j       pc - 0x8
core   0: 3 0x80009d78 (0xff9ff06f)
core   0: 0x80009d70 (0x00006f17) auipc   t5, 0x6
core   0: 3 0x80009d70 (0x00006f17) x30 0x8000fd70
core   0: 0x80009d74 (0x283f2823) sw      gp, 656(t5)
core   0: 3 0x80009d74 (0x283f2823) mem 0x80010000 0x00000001
core   0: 0x80009d78 (0xff9ff06f) j       pc - 0x8
core   0: 3 0x80009d78 (0xff9ff06f)
core   0: 0x80009d70 (0x00006f17) auipc   t5, 0x6
core   0: 3 0x80009d70 (0x00006f17) x30 0x8000fd70
core   0: 0x80009d74 (0x283f2823) sw      gp, 656(t5)
core   0: 3 0x80009d74 (0x283f2823) mem 0x80010000 0x00000001
core   0: 0x80009d78 (0xff9ff06f) j       pc - 0x8
core   0: 3 0x80009d78 (0xff9ff06f)
core   0: 0x80009d70 (0x00006f17) auipc   t5, 0x6
core   0: 3 0x80009d70 (0x00006f17) x30 0x8000fd70
core   0: 0x80009d74 (0x283f2823) sw      gp, 656(t5)
core   0: 3 0x80009d74 (0x283f2823) mem 0x80010000 0x00000001
core   0: 0x80009d78 (0xff9ff06f) j       pc - 0x8
core   0: 3 0x80009d78 (0xff9ff06f)
core   0: 0x80009d70 (0x00006f17) auipc   t5, 0x6
core   0: 3 0x80009d70 (0x00006f17) x30 0x8000fd70
core   0: 0x80009d74 (0x283f2823) sw      gp, 656(t5)
core   0: 3 0x80009d74 (0x283f2823) mem 0x80010000 0x00000001
core   0: 0x80009d78 (0xff9ff06f) j       pc - 0x8
core   0: 3 0x80009d78 (0xff9ff06f)
core   0: 0x80009d70 (0x00006f17) auipc   t5, 0x6
core   0: 3 0x80009d70 (0x00006f17) x30 0x8000fd70
core   0: 0x80009d74 (0x283f2823) sw      gp, 656(t5)
core   0: 3 0x80009d74 (0x283f2823) mem 0x80010000 0x00000001
core   0: 0x80009d78 (0xff9ff06f) j       pc - 0x8
core   0: 3 0x80009d78 (0xff9ff06f)
core   0: 0x80009d70 (0x00006f17) auipc   t5, 0x6
core   0: 3 0x80009d70 (0x00006f17) x30 0x8000fd70
core   0: 0x80009d74 (0x283f2823) sw      gp, 656(t5)
core   0: 3 0x80009d74 (0x283f2823) mem 0x80010000 0x00000001
core   0: 0x80009d78 (0xff9ff06f) j       pc - 0x8
core   0: 3 0x80009d78 (0xff9ff06f)
core   0: 0x80009d70 (0x00006f17) auipc   t5, 0x6
core   0: 3 0x80009d70 (0x00006f17) x30 0x8000fd70
core   0: 0x80009d74 (0x283f2823) sw      gp, 656(t5)
core   0: 3 0x80009d74 (0x283f2823) mem 0x80010000 0x00000001
core   0: 0x80009d78 (0xff9ff06f) j       pc - 0x8
core   0: 3 0x80009d78 (0xff9ff06f)
core   0: 0x80009d70 (0x00006f17) auipc   t5, 0x6
core   0: 3 0x80009d70 (0x00006f17) x30 0x8000fd70
core   0: 0x80009d74 (0x283f2823) sw      gp, 656(t5)
core   0: 3 0x80009d74 (0x283f2823) mem 0x80010000 0x00000001
core   0: 0x80009d78 (0xff9ff06f) j       pc - 0x8
core   0: 3 0x80009d78 (0xff9ff06f)
core   0: 0x80009d70 (0x00006f17) auipc   t5, 0x6
core   0: 3 0x80009d70 (0x00006f17) x30 0x8000fd70
core   0: 0x80009d74 (0x283f2823) sw      gp, 656(t5)
core   0: 3 0x80009d74 (0x283f2823) mem 0x80010000 0x00000001
core   0: 0x80009d78 (0xff9ff06f) j       pc - 0x8
core   0: 3 0x80009d78 (0xff9ff06f)
core   0: 0x80009d70 (0x00006f17) auipc   t5, 0x6
core   0: 3 0x80009d70 (0x00006f17) x30 0x8000fd70
core   0: 0x80009d74 (0x283f2823) sw      gp, 656(t5)
core   0: 3 0x80009d74 (0x283f2823) mem 0x80010000 0x00000001
core   0: 0x80009d78 (0xff9ff06f) j       pc - 0x8
core   0: 3 0x80009d78 (0xff9ff06f)
core   0: 0x80009d70 (0x00006f17) auipc   t5, 0x6
core   0: 3 0x80009d70 (0x00006f17) x30 0x8000fd70
core   0: 0x80009d74 (0x283f2823) sw      gp, 656(t5)
core   0: 3 0x80009d74 (0x283f2823) mem 0x80010000 0x00000001
core   0: 0x80009d78 (0xff9ff06f) j       pc - 0x8
core   0: 3 0x80009d78 (0xff9ff06f)
core   0: 0x80009d70 (0x00006f17) auipc   t5, 0x6
core   0: 3 0x80009d70 (0x00006f17) x30 0x8000fd70
core   0: 0x80009d74 (0x283f2823) sw      gp, 656(t5)
core   0: 3 0x80009d74 (0x283f2823) mem 0x80010000 0x00000001
core   0: 0x80009d78 (0xff9ff06f) j       pc - 0x8
core   0: 3 0x80009d78 (0xff9ff06f)
core   0: 0x80009d70 (0x00006f17) auipc   t5, 0x6
core   0: 3 0x80009d70 (0x00006f17) x30 0x8000fd70
core   0: 0x80009d74 (0x283f2823) sw      gp, 656(t5)
core   0: 3 0x80009d74 (0x283f2823) mem 0x80010000 0x00000001
core   0: 0x80009d78 (0xff9ff06f) j       pc - 0x8
core   0: 3 0x80009d78 (0xff9ff06f)
core   0: 0x80009d70 (0x00006f17) auipc   t5, 0x6
core   0: 3 0x80009d70 (0x00006f17) x30 0x8000fd70
core   0: 0x80009d74 (0x283f2823) sw      gp, 656(t5)
core   0: 3 0x80009d74 (0x283f2823) mem 0x80010000 0x00000001
core   0: 0x80009d78 (0xff9ff06f) j       pc - 0x8
core   0: 3 0x80009d78 (0xff9ff06f)
core   0: 0x80009d70 (0x00006f17) auipc   t5, 0x6
core   0: 3 0x80009d70 (0x00006f17) x30 0x8000fd70
core   0: 0x80009d74 (0x283f2823) sw      gp, 656(t5)
core   0: 3 0x80009d74 (0x283f2823) mem 0x80010000 0x00000001
core   0: 0x80009d78 (0xff9ff06f) j       pc - 0x8
core   0: 3 0x80009d78 (0xff9ff06f)
core   0: 0x80009d70 (0x00006f17) auipc   t5, 0x6
core   0: 3 0x80009d70 (0x00006f17) x30 0x8000fd70
core   0: 0x80009d74 (0x283f2823) sw      gp, 656(t5)
core   0: 3 0x80009d74 (0x283f2823) mem 0x80010000 0x00000001
core   0: 0x80009d78 (0xff9ff06f) j       pc - 0x8
core   0: 3 0x80009d78 (0xff9ff06f)
core   0: 0x80009d70 (0x00006f17) auipc   t5, 0x6
core   0: 3 0x80009d70 (0x00006f17) x30 0x8000fd70
core   0: 0x80009d74 (0x283f2823) sw      gp, 656(t5)
core   0: 3 0x80009d74 (0x283f2823) mem 0x80010000 0x00000001
core   0: 0x80009d78 (0xff9ff06f) j       pc - 0x8
core   0: 3 0x80009d78 (0xff9ff06f)
core   0: 0x80009d70 (0x00006f17) auipc   t5, 0x6
core   0: 3 0x80009d70 (0x00006f17) x30 0x8000fd70
core   0: 0x80009d74 (0x283f2823) sw      gp, 656(t5)
core   0: 3 0x80009d74 (0x283f2823) mem 0x80010000 0x00000001
core   0: 0x80009d78 (0xff9ff06f) j       pc - 0x8
core   0: 3 0x80009d78 (0xff9ff06f)
core   0: 0x80009d70 (0x00006f17) auipc   t5, 0x6
core   0: 3 0x80009d70 (0x00006f17) x30 0x8000fd70
core   0: 0x80009d74 (0x283f2823) sw      gp, 656(t5)
core   0: 3 0x80009d74 (0x283f2823) mem 0x80010000 0x00000001
core   0: 0x80009d78 (0xff9ff06f) j       pc - 0x8
core   0: 3 0x80009d78 (0xff9ff06f)
core   0: 0x80009d70 (0x00006f17) auipc   t5, 0x6
core   0: 3 0x80009d70 (0x00006f17) x30 0x8000fd70
core   0: 0x80009d74 (0x283f2823) sw      gp, 656(t5)
core   0: 3 0x80009d74 (0x283f2823) mem 0x80010000 0x00000001
core   0: 0x80009d78 (0xff9ff06f) j       pc - 0x8
core   0: 3 0x80009d78 (0xff9ff06f)
core   0: 0x80009d70 (0x00006f17) auipc   t5, 0x6
core   0: 3 0x80009d70 (0x00006f17) x30 0x8000fd70
core   0: 0x80009d74 (0x283f2823) sw      gp, 656(t5)
core   0: 3 0x80009d74 (0x283f2823) mem 0x80010000 0x00000001
core   0: 0x80009d78 (0xff9ff06f) j       pc - 0x8
core   0: 3 0x80009d78 (0xff9ff06f)
core   0: 0x80009d70 (0x00006f17) auipc   t5, 0x6
core   0: 3 0x80009d70 (0x00006f17) x30 0x8000fd70
core   0: 0x80009d74 (0x283f2823) sw      gp, 656(t5)
core   0: 3 0x80009d74 (0x283f2823) mem 0x80010000 0x00000001
core   0: 0x80009d78 (0xff9ff06f) j       pc - 0x8
core   0: 3 0x80009d78 (0xff9ff06f)
core   0: 0x80009d70 (0x00006f17) auipc   t5, 0x6
core   0: 3 0x80009d70 (0x00006f17) x30 0x8000fd70
core   0: 0x80009d74 (0x283f2823) sw      gp, 656(t5)
core   0: 3 0x80009d74 (0x283f2823) mem 0x80010000 0x00000001
core   0: 0x80009d78 (0xff9ff06f) j       pc - 0x8
core   0: 3 0x80009d78 (0xff9ff06f)
core   0: 0x80009d70 (0x00006f17) auipc   t5, 0x6
core   0: 3 0x80009d70 (0x00006f17) x30 0x8000fd70
core   0: 0x80009d74 (0x283f2823) sw      gp, 656(t5)
core   0: 3 0x80009d74 (0x283f2823) mem 0x80010000 0x00000001
core   0: 0x80009d78 (0xff9ff06f) j       pc - 0x8
core   0: 3 0x80009d78 (0xff9ff06f)
core   0: 0x80009d70 (0x00006f17) auipc   t5, 0x6
core   0: 3 0x80009d70 (0x00006f17) x30 0x8000fd70
core   0: 0x80009d74 (0x283f2823) sw      gp, 656(t5)
core   0: 3 0x80009d74 (0x283f2823) mem 0x80010000 0x00000001
core   0: 0x80009d78 (0xff9ff06f) j       pc - 0x8
core   0: 3 0x80009d78 (0xff9ff06f)
core   0: 0x80009d70 (0x00006f17) auipc   t5, 0x6
core   0: 3 0x80009d70 (0x00006f17) x30 0x8000fd70
core   0: 0x80009d74 (0x283f2823) sw      gp, 656(t5)
core   0: 3 0x80009d74 (0x283f2823) mem 0x80010000 0x00000001
core   0: 0x80009d78 (0xff9ff06f) j       pc - 0x8
core   0: 3 0x80009d78 (0xff9ff06f)
core   0: 0x80009d70 (0x00006f17) auipc   t5, 0x6
core   0: 3 0x80009d70 (0x00006f17) x30 0x8000fd70
core   0: 0x80009d74 (0x283f2823) sw      gp, 656(t5)
core   0: 3 0x80009d74 (0x283f2823) mem 0x80010000 0x00000001
core   0: 0x80009d78 (0xff9ff06f) j       pc - 0x8
core   0: 3 0x80009d78 (0xff9ff06f)
core   0: 0x80009d70 (0x00006f17) auipc   t5, 0x6
core   0: 3 0x80009d70 (0x00006f17) x30 0x8000fd70
core   0: 0x80009d74 (0x283f2823) sw      gp, 656(t5)
core   0: 3 0x80009d74 (0x283f2823) mem 0x80010000 0x00000001
core   0: 0x80009d78 (0xff9ff06f) j       pc - 0x8
core   0: 3 0x80009d78 (0xff9ff06f)
core   0: 0x80009d70 (0x00006f17) auipc   t5, 0x6
core   0: 3 0x80009d70 (0x00006f17) x30 0x8000fd70
core   0: 0x80009d74 (0x283f2823) sw      gp, 656(t5)
core   0: 3 0x80009d74 (0x283f2823) mem 0x80010000 0x00000001
core   0: 0x80009d78 (0xff9ff06f) j       pc - 0x8
core   0: 3 0x80009d78 (0xff9ff06f)
core   0: 0x80009d70 (0x00006f17) auipc   t5, 0x6
core   0: 3 0x80009d70 (0x00006f17) x30 0x8000fd70
core   0: 0x80009d74 (0x283f2823) sw      gp, 656(t5)
core   0: 3 0x80009d74 (0x283f2823) mem 0x80010000 0x00000001
core   0: 0x80009d78 (0xff9ff06f) j       pc - 0x8
core   0: 3 0x80009d78 (0xff9ff06f)
core   0: 0x80009d70 (0x00006f17) auipc   t5, 0x6
core   0: 3 0x80009d70 (0x00006f17) x30 0x8000fd70
core   0: 0x80009d74 (0x283f2823) sw      gp, 656(t5)
core   0: 3 0x80009d74 (0x283f2823) mem 0x80010000 0x00000001
core   0: 0x80009d78 (0xff9ff06f) j       pc - 0x8
core   0: 3 0x80009d78 (0xff9ff06f)
core   0: 0x80009d70 (0x00006f17) auipc   t5, 0x6
core   0: 3 0x80009d70 (0x00006f17) x30 0x8000fd70
core   0: 0x80009d74 (0x283f2823) sw      gp, 656(t5)
core   0: 3 0x80009d74 (0x283f2823) mem 0x80010000 0x00000001
core   0: 0x80009d78 (0xff9ff06f) j       pc - 0x8
core   0: 3 0x80009d78 (0xff9ff06f)
core   0: 0x80009d70 (0x00006f17) auipc   t5, 0x6
core   0: 3 0x80009d70 (0x00006f17) x30 0x8000fd70
core   0: 0x80009d74 (0x283f2823) sw      gp, 656(t5)
core   0: 3 0x80009d74 (0x283f2823) mem 0x80010000 0x00000001
core   0: 0x80009d78 (0xff9ff06f) j       pc - 0x8
core   0: 3 0x80009d78 (0xff9ff06f)
core   0: 0x80009d70 (0x00006f17) auipc   t5, 0x6
core   0: 3 0x80009d70 (0x00006f17) x30 0x8000fd70
core   0: 0x80009d74 (0x283f2823) sw      gp, 656(t5)
core   0: 3 0x80009d74 (0x283f2823) mem 0x80010000 0x00000001
core   0: 0x80009d78 (0xff9ff06f) j       pc - 0x8
core   0: 3 0x80009d78 (0xff9ff06f)
core   0: 0x80009d70 (0x00006f17) auipc   t5, 0x6
core   0: 3 0x80009d70 (0x00006f17) x30 0x8000fd70
core   0: 0x80009d74 (0x283f2823) sw      gp, 656(t5)
core   0: 3 0x80009d74 (0x283f2823) mem 0x80010000 0x00000001
core   0: 0x80009d78 (0xff9ff06f) j       pc - 0x8
core   0: 3 0x80009d78 (0xff9ff06f)
core   0: 0x80009d70 (0x00006f17) auipc   t5, 0x6
core   0: 3 0x80009d70 (0x00006f17) x30 0x8000fd70
core   0: 0x80009d74 (0x283f2823) sw      gp, 656(t5)
core   0: 3 0x80009d74 (0x283f2823) mem 0x80010000 0x00000001
core   0: 0x80009d78 (0xff9ff06f) j       pc - 0x8
core   0: 3 0x80009d78 (0xff9ff06f)
core   0: 0x80009d70 (0x00006f17) auipc   t5, 0x6
core   0: 3 0x80009d70 (0x00006f17) x30 0x8000fd70
core   0: 0x80009d74 (0x283f2823) sw      gp, 656(t5)
core   0: 3 0x80009d74 (0x283f2823) mem 0x80010000 0x00000001
core   0: 0x80009d78 (0xff9ff06f) j       pc - 0x8
core   0: 3 0x80009d78 (0xff9ff06f)
core   0: 0x80009d70 (0x00006f17) auipc   t5, 0x6
core   0: 3 0x80009d70 (0x00006f17) x30 0x8000fd70
core   0: 0x80009d74 (0x283f2823) sw      gp, 656(t5)
core   0: 3 0x80009d74 (0x283f2823) mem 0x80010000 0x00000001
core   0: 0x80009d78 (0xff9ff06f) j       pc - 0x8
core   0: 3 0x80009d78 (0xff9ff06f)
core   0: 0x80009d70 (0x00006f17) auipc   t5, 0x6
core   0: 3 0x80009d70 (0x00006f17) x30 0x8000fd70
core   0: 0x80009d74 (0x283f2823) sw      gp, 656(t5)
core   0: 3 0x80009d74 (0x283f2823) mem 0x80010000 0x00000001
core   0: 0x80009d78 (0xff9ff06f) j       pc - 0x8
core   0: 3 0x80009d78 (0xff9ff06f)
core   0: 0x80009d70 (0x00006f17) auipc   t5, 0x6
core   0: 3 0x80009d70 (0x00006f17) x30 0x8000fd70
core   0: 0x80009d74 (0x283f2823) sw      gp, 656(t5)
core   0: 3 0x80009d74 (0x283f2823) mem 0x80010000 0x00000001
core   0: 0x80009d78 (0xff9ff06f) j       pc - 0x8
core   0: 3 0x80009d78 (0xff9ff06f)
core   0: 0x80009d70 (0x00006f17) auipc   t5, 0x6
core   0: 3 0x80009d70 (0x00006f17) x30 0x8000fd70
core   0: 0x80009d74 (0x283f2823) sw      gp, 656(t5)
core   0: 3 0x80009d74 (0x283f2823) mem 0x80010000 0x00000001
core   0: 0x80009d78 (0xff9ff06f) j       pc - 0x8
core   0: 3 0x80009d78 (0xff9ff06f)
core   0: 0x80009d70 (0x00006f17) auipc   t5, 0x6
core   0: 3 0x80009d70 (0x00006f17) x30 0x8000fd70
core   0: 0x80009d74 (0x283f2823) sw      gp, 656(t5)
core   0: 3 0x80009d74 (0x283f2823) mem 0x80010000 0x00000001
core   0: 0x80009d78 (0xff9ff06f) j       pc - 0x8
core   0: 3 0x80009d78 (0xff9ff06f)
core   0: 0x80009d70 (0x00006f17) auipc   t5, 0x6
core   0: 3 0x80009d70 (0x00006f17) x30 0x8000fd70
core   0: 0x80009d74 (0x283f2823) sw      gp, 656(t5)
core   0: 3 0x80009d74 (0x283f2823) mem 0x80010000 0x00000001
core   0: 0x80009d78 (0xff9ff06f) j       pc - 0x8
core   0: 3 0x80009d78 (0xff9ff06f)
core   0: 0x80009d70 (0x00006f17) auipc   t5, 0x6
core   0: 3 0x80009d70 (0x00006f17) x30 0x8000fd70
core   0: 0x80009d74 (0x283f2823) sw      gp, 656(t5)
core   0: 3 0x80009d74 (0x283f2823) mem 0x80010000 0x00000001
core   0: 0x80009d78 (0xff9ff06f) j       pc - 0x8
core   0: 3 0x80009d78 (0xff9ff06f)
core   0: 0x80009d70 (0x00006f17) auipc   t5, 0x6
core   0: 3 0x80009d70 (0x00006f17) x30 0x8000fd70
core   0: 0x80009d74 (0x283f2823) sw      gp, 656(t5)
core   0: 3 0x80009d74 (0x283f2823) mem 0x80010000 0x00000001
core   0: 0x80009d78 (0xff9ff06f) j       pc - 0x8
core   0: 3 0x80009d78 (0xff9ff06f)
core   0: 0x80009d70 (0x00006f17) auipc   t5, 0x6
core   0: 3 0x80009d70 (0x00006f17) x30 0x8000fd70
core   0: 0x80009d74 (0x283f2823) sw      gp, 656(t5)
core   0: 3 0x80009d74 (0x283f2823) mem 0x80010000 0x00000001
core   0: 0x80009d78 (0xff9ff06f) j       pc - 0x8
core   0: 3 0x80009d78 (0xff9ff06f)
core   0: 0x80009d70 (0x00006f17) auipc   t5, 0x6
core   0: 3 0x80009d70 (0x00006f17) x30 0x8000fd70
core   0: 0x80009d74 (0x283f2823) sw      gp, 656(t5)
core   0: 3 0x80009d74 (0x283f2823) mem 0x80010000 0x00000001
core   0: 0x80009d78 (0xff9ff06f) j       pc - 0x8
core   0: 3 0x80009d78 (0xff9ff06f)
core   0: 0x80009d70 (0x00006f17) auipc   t5, 0x6
core   0: 3 0x80009d70 (0x00006f17) x30 0x8000fd70
core   0: 0x80009d74 (0x283f2823) sw      gp, 656(t5)
core   0: 3 0x80009d74 (0x283f2823) mem 0x80010000 0x00000001
core   0: 0x80009d78 (0xff9ff06f) j       pc - 0x8
core   0: 3 0x80009d78 (0xff9ff06f)
core   0: 0x80009d70 (0x00006f17) auipc   t5, 0x6
core   0: 3 0x80009d70 (0x00006f17) x30 0x8000fd70
core   0: 0x80009d74 (0x283f2823) sw      gp, 656(t5)
core   0: 3 0x80009d74 (0x283f2823) mem 0x80010000 0x00000001
core   0: 0x80009d78 (0xff9ff06f) j       pc - 0x8
core   0: 3 0x80009d78 (0xff9ff06f)
core   0: 0x80009d70 (0x00006f17) auipc   t5, 0x6
core   0: 3 0x80009d70 (0x00006f17) x30 0x8000fd70
core   0: 0x80009d74 (0x283f2823) sw      gp, 656(t5)
core   0: 3 0x80009d74 (0x283f2823) mem 0x80010000 0x00000001
core   0: 0x80009d78 (0xff9ff06f) j       pc - 0x8
core   0: 3 0x80009d78 (0xff9ff06f)
core   0: 0x80009d70 (0x00006f17) auipc   t5, 0x6
core   0: 3 0x80009d70 (0x00006f17) x30 0x8000fd70
core   0: 0x80009d74 (0x283f2823) sw      gp, 656(t5)
core   0: 3 0x80009d74 (0x283f2823) mem 0x80010000 0x00000001
core   0: 0x80009d78 (0xff9ff06f) j       pc - 0x8
core   0: 3 0x80009d78 (0xff9ff06f)
core   0: 0x80009d70 (0x00006f17) auipc   t5, 0x6
core   0: 3 0x80009d70 (0x00006f17) x30 0x8000fd70
core   0: 0x80009d74 (0x283f2823) sw      gp, 656(t5)
core   0: 3 0x80009d74 (0x283f2823) mem 0x80010000 0x00000001
core   0: 0x80009d78 (0xff9ff06f) j       pc - 0x8
core   0: 3 0x80009d78 (0xff9ff06f)
core   0: 0x80009d70 (0x00006f17) auipc   t5, 0x6
core   0: 3 0x80009d70 (0x00006f17) x30 0x8000fd70
core   0: 0x80009d74 (0x283f2823) sw      gp, 656(t5)
core   0: 3 0x80009d74 (0x283f2823) mem 0x80010000 0x00000001
core   0: 0x80009d78 (0xff9ff06f) j       pc - 0x8
core   0: 3 0x80009d78 (0xff9ff06f)
core   0: 0x80009d70 (0x00006f17) auipc   t5, 0x6
core   0: 3 0x80009d70 (0x00006f17) x30 0x8000fd70
core   0: 0x80009d74 (0x283f2823) sw      gp, 656(t5)
core   0: 3 0x80009d74 (0x283f2823) mem 0x80010000 0x00000001
core   0: 0x80009d78 (0xff9ff06f) j       pc - 0x8
core   0: 3 0x80009d78 (0xff9ff06f)
core   0: 0x80009d70 (0x00006f17) auipc   t5, 0x6
core   0: 3 0x80009d70 (0x00006f17) x30 0x8000fd70
core   0: 0x80009d74 (0x283f2823) sw      gp, 656(t5)
core   0: 3 0x80009d74 (0x283f2823) mem 0x80010000 0x00000001
core   0: 0x80009d78 (0xff9ff06f) j       pc - 0x8
core   0: 3 0x80009d78 (0xff9ff06f)
core   0: 0x80009d70 (0x00006f17) auipc   t5, 0x6
core   0: 3 0x80009d70 (0x00006f17) x30 0x8000fd70
core   0: 0x80009d74 (0x283f2823) sw      gp, 656(t5)
core   0: 3 0x80009d74 (0x283f2823) mem 0x80010000 0x00000001
core   0: 0x80009d78 (0xff9ff06f) j       pc - 0x8
core   0: 3 0x80009d78 (0xff9ff06f)
core   0: 0x80009d70 (0x00006f17) auipc   t5, 0x6
core   0: 3 0x80009d70 (0x00006f17) x30 0x8000fd70
core   0: 0x80009d74 (0x283f2823) sw      gp, 656(t5)
core   0: 3 0x80009d74 (0x283f2823) mem 0x80010000 0x00000001
core   0: 0x80009d78 (0xff9ff06f) j       pc - 0x8
core   0: 3 0x80009d78 (0xff9ff06f)
core   0: 0x80009d70 (0x00006f17) auipc   t5, 0x6
core   0: 3 0x80009d70 (0x00006f17) x30 0x8000fd70
core   0: 0x80009d74 (0x283f2823) sw      gp, 656(t5)
core   0: 3 0x80009d74 (0x283f2823) mem 0x80010000 0x00000001
core   0: 0x80009d78 (0xff9ff06f) j       pc - 0x8
core   0: 3 0x80009d78 (0xff9ff06f)
core   0: 0x80009d70 (0x00006f17) auipc   t5, 0x6
core   0: 3 0x80009d70 (0x00006f17) x30 0x8000fd70
core   0: 0x80009d74 (0x283f2823) sw      gp, 656(t5)
core   0: 3 0x80009d74 (0x283f2823) mem 0x80010000 0x00000001
core   0: 0x80009d78 (0xff9ff06f) j       pc - 0x8
core   0: 3 0x80009d78 (0xff9ff06f)
core   0: 0x80009d70 (0x00006f17) auipc   t5, 0x6
core   0: 3 0x80009d70 (0x00006f17) x30 0x8000fd70
core   0: 0x80009d74 (0x283f2823) sw      gp, 656(t5)
core   0: 3 0x80009d74 (0x283f2823) mem 0x80010000 0x00000001
core   0: 0x80009d78 (0xff9ff06f) j       pc - 0x8
core   0: 3 0x80009d78 (0xff9ff06f)
core   0: 0x80009d70 (0x00006f17) auipc   t5, 0x6
core   0: 3 0x80009d70 (0x00006f17) x30 0x8000fd70
core   0: 0x80009d74 (0x283f2823) sw      gp, 656(t5)
core   0: 3 0x80009d74 (0x283f2823) mem 0x80010000 0x00000001
core   0: 0x80009d78 (0xff9ff06f) j       pc - 0x8
core   0: 3 0x80009d78 (0xff9ff06f)
core   0: 0x80009d70 (0x00006f17) auipc   t5, 0x6
core   0: 3 0x80009d70 (0x00006f17) x30 0x8000fd70
core   0: 0x80009d74 (0x283f2823) sw      gp, 656(t5)
core   0: 3 0x80009d74 (0x283f2823) mem 0x80010000 0x00000001
core   0: 0x80009d78 (0xff9ff06f) j       pc - 0x8
core   0: 3 0x80009d78 (0xff9ff06f)
core   0: 0x80009d70 (0x00006f17) auipc   t5, 0x6
core   0: 3 0x80009d70 (0x00006f17) x30 0x8000fd70
core   0: 0x80009d74 (0x283f2823) sw      gp, 656(t5)
core   0: 3 0x80009d74 (0x283f2823) mem 0x80010000 0x00000001
core   0: 0x80009d78 (0xff9ff06f) j       pc - 0x8
core   0: 3 0x80009d78 (0xff9ff06f)
core   0: 0x80009d70 (0x00006f17) auipc   t5, 0x6
core   0: 3 0x80009d70 (0x00006f17) x30 0x8000fd70
core   0: 0x80009d74 (0x283f2823) sw      gp, 656(t5)
core   0: 3 0x80009d74 (0x283f2823) mem 0x80010000 0x00000001
core   0: 0x80009d78 (0xff9ff06f) j       pc - 0x8
core   0: 3 0x80009d78 (0xff9ff06f)
core   0: 0x80009d70 (0x00006f17) auipc   t5, 0x6
core   0: 3 0x80009d70 (0x00006f17) x30 0x8000fd70
core   0: 0x80009d74 (0x283f2823) sw      gp, 656(t5)
core   0: 3 0x80009d74 (0x283f2823) mem 0x80010000 0x00000001
core   0: 0x80009d78 (0xff9ff06f) j       pc - 0x8
core   0: 3 0x80009d78 (0xff9ff06f)
core   0: 0x80009d70 (0x00006f17) auipc   t5, 0x6
core   0: 3 0x80009d70 (0x00006f17) x30 0x8000fd70
core   0: 0x80009d74 (0x283f2823) sw      gp, 656(t5)
core   0: 3 0x80009d74 (0x283f2823) mem 0x80010000 0x00000001
core   0: 0x80009d78 (0xff9ff06f) j       pc - 0x8
core   0: 3 0x80009d78 (0xff9ff06f)
core   0: 0x80009d70 (0x00006f17) auipc   t5, 0x6
core   0: 3 0x80009d70 (0x00006f17) x30 0x8000fd70
core   0: 0x80009d74 (0x283f2823) sw      gp, 656(t5)
core   0: 3 0x80009d74 (0x283f2823) mem 0x80010000 0x00000001
core   0: 0x80009d78 (0xff9ff06f) j       pc - 0x8
core   0: 3 0x80009d78 (0xff9ff06f)
core   0: 0x80009d70 (0x00006f17) auipc   t5, 0x6
core   0: 3 0x80009d70 (0x00006f17) x30 0x8000fd70
core   0: 0x80009d74 (0x283f2823) sw      gp, 656(t5)
core   0: 3 0x80009d74 (0x283f2823) mem 0x80010000 0x00000001
core   0: 0x80009d78 (0xff9ff06f) j       pc - 0x8
core   0: 3 0x80009d78 (0xff9ff06f)
core   0: 0x80009d70 (0x00006f17) auipc   t5, 0x6
core   0: 3 0x80009d70 (0x00006f17) x30 0x8000fd70
core   0: 0x80009d74 (0x283f2823) sw      gp, 656(t5)
core   0: 3 0x80009d74 (0x283f2823) mem 0x80010000 0x00000001
core   0: 0x80009d78 (0xff9ff06f) j       pc - 0x8
core   0: 3 0x80009d78 (0xff9ff06f)
core   0: 0x80009d70 (0x00006f17) auipc   t5, 0x6
core   0: 3 0x80009d70 (0x00006f17) x30 0x8000fd70
core   0: 0x80009d74 (0x283f2823) sw      gp, 656(t5)
core   0: 3 0x80009d74 (0x283f2823) mem 0x80010000 0x00000001
core   0: 0x80009d78 (0xff9ff06f) j       pc - 0x8
core   0: 3 0x80009d78 (0xff9ff06f)
core   0: 0x80009d70 (0x00006f17) auipc   t5, 0x6
core   0: 3 0x80009d70 (0x00006f17) x30 0x8000fd70
core   0: 0x80009d74 (0x283f2823) sw      gp, 656(t5)
core   0: 3 0x80009d74 (0x283f2823) mem 0x80010000 0x00000001
core   0: 0x80009d78 (0xff9ff06f) j       pc - 0x8
core   0: 3 0x80009d78 (0xff9ff06f)
core   0: 0x80009d70 (0x00006f17) auipc   t5, 0x6
core   0: 3 0x80009d70 (0x00006f17) x30 0x8000fd70
core   0: 0x80009d74 (0x283f2823) sw      gp, 656(t5)
core   0: 3 0x80009d74 (0x283f2823) mem 0x80010000 0x00000001
core   0: 0x80009d78 (0xff9ff06f) j       pc - 0x8
core   0: 3 0x80009d78 (0xff9ff06f)
core   0: 0x80009d70 (0x00006f17) auipc   t5, 0x6
core   0: 3 0x80009d70 (0x00006f17) x30 0x8000fd70
core   0: 0x80009d74 (0x283f2823) sw      gp, 656(t5)
core   0: 3 0x80009d74 (0x283f2823) mem 0x80010000 0x00000001
core   0: 0x80009d78 (0xff9ff06f) j       pc - 0x8
core   0: 3 0x80009d78 (0xff9ff06f)
core   0: 0x80009d70 (0x00006f17) auipc   t5, 0x6
core   0: 3 0x80009d70 (0x00006f17) x30 0x8000fd70
core   0: 0x80009d74 (0x283f2823) sw      gp, 656(t5)
core   0: 3 0x80009d74 (0x283f2823) mem 0x80010000 0x00000001
core   0: 0x80009d78 (0xff9ff06f) j       pc - 0x8
core   0: 3 0x80009d78 (0xff9ff06f)
core   0: 0x80009d70 (0x00006f17) auipc   t5, 0x6
core   0: 3 0x80009d70 (0x00006f17) x30 0x8000fd70
core   0: 0x80009d74 (0x283f2823) sw      gp, 656(t5)
core   0: 3 0x80009d74 (0x283f2823) mem 0x80010000 0x00000001
core   0: 0x80009d78 (0xff9ff06f) j       pc - 0x8
core   0: 3 0x80009d78 (0xff9ff06f)
core   0: 0x80009d70 (0x00006f17) auipc   t5, 0x6
core   0: 3 0x80009d70 (0x00006f17) x30 0x8000fd70
core   0: 0x80009d74 (0x283f2823) sw      gp, 656(t5)
core   0: 3 0x80009d74 (0x283f2823) mem 0x80010000 0x00000001
core   0: 0x80009d78 (0xff9ff06f) j       pc - 0x8
core   0: 3 0x80009d78 (0xff9ff06f)
core   0: 0x80009d70 (0x00006f17) auipc   t5, 0x6
core   0: 3 0x80009d70 (0x00006f17) x30 0x8000fd70
core   0: 0x80009d74 (0x283f2823) sw      gp, 656(t5)
core   0: 3 0x80009d74 (0x283f2823) mem 0x80010000 0x00000001
core   0: 0x80009d78 (0xff9ff06f) j       pc - 0x8
core   0: 3 0x80009d78 (0xff9ff06f)
core   0: 0x80009d70 (0x00006f17) auipc   t5, 0x6
core   0: 3 0x80009d70 (0x00006f17) x30 0x8000fd70
core   0: 0x80009d74 (0x283f2823) sw      gp, 656(t5)
core   0: 3 0x80009d74 (0x283f2823) mem 0x80010000 0x00000001
core   0: 0x80009d78 (0xff9ff06f) j       pc - 0x8
core   0: 3 0x80009d78 (0xff9ff06f)
core   0: 0x80009d70 (0x00006f17) auipc   t5, 0x6
core   0: 3 0x80009d70 (0x00006f17) x30 0x8000fd70
core   0: 0x80009d74 (0x283f2823) sw      gp, 656(t5)
core   0: 3 0x80009d74 (0x283f2823) mem 0x80010000 0x00000001
core   0: 0x80009d78 (0xff9ff06f) j       pc - 0x8
core   0: 3 0x80009d78 (0xff9ff06f)
core   0: 0x80009d70 (0x00006f17) auipc   t5, 0x6
core   0: 3 0x80009d70 (0x00006f17) x30 0x8000fd70
core   0: 0x80009d74 (0x283f2823) sw      gp, 656(t5)
core   0: 3 0x80009d74 (0x283f2823) mem 0x80010000 0x00000001
core   0: 0x80009d78 (0xff9ff06f) j       pc - 0x8
core   0: 3 0x80009d78 (0xff9ff06f)
core   0: 0x80009d70 (0x00006f17) auipc   t5, 0x6
core   0: 3 0x80009d70 (0x00006f17) x30 0x8000fd70
core   0: 0x80009d74 (0x283f2823) sw      gp, 656(t5)
core   0: 3 0x80009d74 (0x283f2823) mem 0x80010000 0x00000001
core   0: 0x80009d78 (0xff9ff06f) j       pc - 0x8
core   0: 3 0x80009d78 (0xff9ff06f)
core   0: 0x80009d70 (0x00006f17) auipc   t5, 0x6
core   0: 3 0x80009d70 (0x00006f17) x30 0x8000fd70
core   0: 0x80009d74 (0x283f2823) sw      gp, 656(t5)
core   0: 3 0x80009d74 (0x283f2823) mem 0x80010000 0x00000001
core   0: 0x80009d78 (0xff9ff06f) j       pc - 0x8
core   0: 3 0x80009d78 (0xff9ff06f)
core   0: 0x80009d70 (0x00006f17) auipc   t5, 0x6
core   0: 3 0x80009d70 (0x00006f17) x30 0x8000fd70
core   0: 0x80009d74 (0x283f2823) sw      gp, 656(t5)
core   0: 3 0x80009d74 (0x283f2823) mem 0x80010000 0x00000001
core   0: 0x80009d78 (0xff9ff06f) j       pc - 0x8
core   0: 3 0x80009d78 (0xff9ff06f)
core   0: 0x80009d70 (0x00006f17) auipc   t5, 0x6
core   0: 3 0x80009d70 (0x00006f17) x30 0x8000fd70
core   0: 0x80009d74 (0x283f2823) sw      gp, 656(t5)
core   0: 3 0x80009d74 (0x283f2823) mem 0x80010000 0x00000001
core   0: 0x80009d78 (0xff9ff06f) j       pc - 0x8
core   0: 3 0x80009d78 (0xff9ff06f)
core   0: 0x80009d70 (0x00006f17) auipc   t5, 0x6
core   0: 3 0x80009d70 (0x00006f17) x30 0x8000fd70
core   0: 0x80009d74 (0x283f2823) sw      gp, 656(t5)
core   0: 3 0x80009d74 (0x283f2823) mem 0x80010000 0x00000001
core   0: 0x80009d78 (0xff9ff06f) j       pc - 0x8
core   0: 3 0x80009d78 (0xff9ff06f)
core   0: 0x80009d70 (0x00006f17) auipc   t5, 0x6
core   0: 3 0x80009d70 (0x00006f17) x30 0x8000fd70
core   0: 0x80009d74 (0x283f2823) sw      gp, 656(t5)
core   0: 3 0x80009d74 (0x283f2823) mem 0x80010000 0x00000001
core   0: 0x80009d78 (0xff9ff06f) j       pc - 0x8
core   0: 3 0x80009d78 (0xff9ff06f)
core   0: 0x80009d70 (0x00006f17) auipc   t5, 0x6
core   0: 3 0x80009d70 (0x00006f17) x30 0x8000fd70
core   0: 0x80009d74 (0x283f2823) sw      gp, 656(t5)
core   0: 3 0x80009d74 (0x283f2823) mem 0x80010000 0x00000001
core   0: 0x80009d78 (0xff9ff06f) j       pc - 0x8
core   0: 3 0x80009d78 (0xff9ff06f)
core   0: 0x80009d70 (0x00006f17) auipc   t5, 0x6
core   0: 3 0x80009d70 (0x00006f17) x30 0x8000fd70
core   0: 0x80009d74 (0x283f2823) sw      gp, 656(t5)
core   0: 3 0x80009d74 (0x283f2823) mem 0x80010000 0x00000001
core   0: 0x80009d78 (0xff9ff06f) j       pc - 0x8
core   0: 3 0x80009d78 (0xff9ff06f)
core   0: 0x80009d70 (0x00006f17) auipc   t5, 0x6
core   0: 3 0x80009d70 (0x00006f17) x30 0x8000fd70
core   0: 0x80009d74 (0x283f2823) sw      gp, 656(t5)
core   0: 3 0x80009d74 (0x283f2823) mem 0x80010000 0x00000001
core   0: 0x80009d78 (0xff9ff06f) j       pc - 0x8
core   0: 3 0x80009d78 (0xff9ff06f)
core   0: 0x80009d70 (0x00006f17) auipc   t5, 0x6
core   0: 3 0x80009d70 (0x00006f17) x30 0x8000fd70
core   0: 0x80009d74 (0x283f2823) sw      gp, 656(t5)
core   0: 3 0x80009d74 (0x283f2823) mem 0x80010000 0x00000001
core   0: 0x80009d78 (0xff9ff06f) j       pc - 0x8
core   0: 3 0x80009d78 (0xff9ff06f)
core   0: 0x80009d70 (0x00006f17) auipc   t5, 0x6
core   0: 3 0x80009d70 (0x00006f17) x30 0x8000fd70
core   0: 0x80009d74 (0x283f2823) sw      gp, 656(t5)
core   0: 3 0x80009d74 (0x283f2823) mem 0x80010000 0x00000001
core   0: 0x80009d78 (0xff9ff06f) j       pc - 0x8
core   0: 3 0x80009d78 (0xff9ff06f)
core   0: 0x80009d70 (0x00006f17) auipc   t5, 0x6
core   0: 3 0x80009d70 (0x00006f17) x30 0x8000fd70
core   0: 0x80009d74 (0x283f2823) sw      gp, 656(t5)
core   0: 3 0x80009d74 (0x283f2823) mem 0x80010000 0x00000001
core   0: 0x80009d78 (0xff9ff06f) j       pc - 0x8
core   0: 3 0x80009d78 (0xff9ff06f)
core   0: 0x80009d70 (0x00006f17) auipc   t5, 0x6
core   0: 3 0x80009d70 (0x00006f17) x30 0x8000fd70
core   0: 0x80009d74 (0x283f2823) sw      gp, 656(t5)
core   0: 3 0x80009d74 (0x283f2823) mem 0x80010000 0x00000001
core   0: 0x80009d78 (0xff9ff06f) j       pc - 0x8
core   0: 3 0x80009d78 (0xff9ff06f)
core   0: 0x80009d70 (0x00006f17) auipc   t5, 0x6
core   0: 3 0x80009d70 (0x00006f17) x30 0x8000fd70
core   0: 0x80009d74 (0x283f2823) sw      gp, 656(t5)
core   0: 3 0x80009d74 (0x283f2823) mem 0x80010000 0x00000001
core   0: 0x80009d78 (0xff9ff06f) j       pc - 0x8
core   0: 3 0x80009d78 (0xff9ff06f)
core   0: 0x80009d70 (0x00006f17) auipc   t5, 0x6
core   0: 3 0x80009d70 (0x00006f17) x30 0x8000fd70
core   0: 0x80009d74 (0x283f2823) sw      gp, 656(t5)
core   0: 3 0x80009d74 (0x283f2823) mem 0x80010000 0x00000001
core   0: 0x80009d78 (0xff9ff06f) j       pc - 0x8
core   0: 3 0x80009d78 (0xff9ff06f)
core   0: 0x80009d70 (0x00006f17) auipc   t5, 0x6
core   0: 3 0x80009d70 (0x00006f17) x30 0x8000fd70
core   0: 0x80009d74 (0x283f2823) sw      gp, 656(t5)
core   0: 3 0x80009d74 (0x283f2823) mem 0x80010000 0x00000001
core   0: 0x80009d78 (0xff9ff06f) j       pc - 0x8
core   0: 3 0x80009d78 (0xff9ff06f)
core   0: 0x80009d70 (0x00006f17) auipc   t5, 0x6
core   0: 3 0x80009d70 (0x00006f17) x30 0x8000fd70
core   0: 0x80009d74 (0x283f2823) sw      gp, 656(t5)
core   0: 3 0x80009d74 (0x283f2823) mem 0x80010000 0x00000001
core   0: 0x80009d78 (0xff9ff06f) j       pc - 0x8
core   0: 3 0x80009d78 (0xff9ff06f)
core   0: 0x80009d70 (0x00006f17) auipc   t5, 0x6
core   0: 3 0x80009d70 (0x00006f17) x30 0x8000fd70
core   0: 0x80009d74 (0x283f2823) sw      gp, 656(t5)
core   0: 3 0x80009d74 (0x283f2823) mem 0x80010000 0x00000001
core   0: 0x80009d78 (0xff9ff06f) j       pc - 0x8
core   0: 3 0x80009d78 (0xff9ff06f)
core   0: 0x80009d70 (0x00006f17) auipc   t5, 0x6
core   0: 3 0x80009d70 (0x00006f17) x30 0x8000fd70
core   0: 0x80009d74 (0x283f2823) sw      gp, 656(t5)
core   0: 3 0x80009d74 (0x283f2823) mem 0x80010000 0x00000001
core   0: 0x80009d78 (0xff9ff06f) j       pc - 0x8
core   0: 3 0x80009d78 (0xff9ff06f)
core   0: 0x80009d70 (0x00006f17) auipc   t5, 0x6
core   0: 3 0x80009d70 (0x00006f17) x30 0x8000fd70
core   0: 0x80009d74 (0x283f2823) sw      gp, 656(t5)
core   0: 3 0x80009d74 (0x283f2823) mem 0x80010000 0x00000001
core   0: 0x80009d78 (0xff9ff06f) j       pc - 0x8
core   0: 3 0x80009d78 (0xff9ff06f)
core   0: 0x80009d70 (0x00006f17) auipc   t5, 0x6
core   0: 3 0x80009d70 (0x00006f17) x30 0x8000fd70
core   0: 0x80009d74 (0x283f2823) sw      gp, 656(t5)
core   0: 3 0x80009d74 (0x283f2823) mem 0x80010000 0x00000001
core   0: 0x80009d78 (0xff9ff06f) j       pc - 0x8
core   0: 3 0x80009d78 (0xff9ff06f)
core   0: 0x80009d70 (0x00006f17) auipc   t5, 0x6
core   0: 3 0x80009d70 (0x00006f17) x30 0x8000fd70
core   0: 0x80009d74 (0x283f2823) sw      gp, 656(t5)
core   0: 3 0x80009d74 (0x283f2823) mem 0x80010000 0x00000001
core   0: 0x80009d78 (0xff9ff06f) j       pc - 0x8
core   0: 3 0x80009d78 (0xff9ff06f)
core   0: 0x80009d70 (0x00006f17) auipc   t5, 0x6
core   0: 3 0x80009d70 (0x00006f17) x30 0x8000fd70
core   0: 0x80009d74 (0x283f2823) sw      gp, 656(t5)
core   0: 3 0x80009d74 (0x283f2823) mem 0x80010000 0x00000001
core   0: 0x80009d78 (0xff9ff06f) j       pc - 0x8
core   0: 3 0x80009d78 (0xff9ff06f)
core   0: 0x80009d70 (0x00006f17) auipc   t5, 0x6
core   0: 3 0x80009d70 (0x00006f17) x30 0x8000fd70
core   0: 0x80009d74 (0x283f2823) sw      gp, 656(t5)
core   0: 3 0x80009d74 (0x283f2823) mem 0x80010000 0x00000001
core   0: 0x80009d78 (0xff9ff06f) j       pc - 0x8
core   0: 3 0x80009d78 (0xff9ff06f)
core   0: 0x80009d70 (0x00006f17) auipc   t5, 0x6
core   0: 3 0x80009d70 (0x00006f17) x30 0x8000fd70
core   0: 0x80009d74 (0x283f2823) sw      gp, 656(t5)
core   0: 3 0x80009d74 (0x283f2823) mem 0x80010000 0x00000001
core   0: 0x80009d78 (0xff9ff06f) j       pc - 0x8
core   0: 3 0x80009d78 (0xff9ff06f)
core   0: 0x80009d70 (0x00006f17) auipc   t5, 0x6
core   0: 3 0x80009d70 (0x00006f17) x30 0x8000fd70
core   0: 0x80009d74 (0x283f2823) sw      gp, 656(t5)
core   0: 3 0x80009d74 (0x283f2823) mem 0x80010000 0x00000001
core   0: 0x80009d78 (0xff9ff06f) j       pc - 0x8
core   0: 3 0x80009d78 (0xff9ff06f)
core   0: 0x80009d70 (0x00006f17) auipc   t5, 0x6
core   0: 3 0x80009d70 (0x00006f17) x30 0x8000fd70
core   0: 0x80009d74 (0x283f2823) sw      gp, 656(t5)
core   0: 3 0x80009d74 (0x283f2823) mem 0x80010000 0x00000001
core   0: 0x80009d78 (0xff9ff06f) j       pc - 0x8
core   0: 3 0x80009d78 (0xff9ff06f)
core   0: 0x80009d70 (0x00006f17) auipc   t5, 0x6
core   0: 3 0x80009d70 (0x00006f17) x30 0x8000fd70
core   0: 0x80009d74 (0x283f2823) sw      gp, 656(t5)
core   0: 3 0x80009d74 (0x283f2823) mem 0x80010000 0x00000001
core   0: 0x80009d78 (0xff9ff06f) j       pc - 0x8
core   0: 3 0x80009d78 (0xff9ff06f)
core   0: 0x80009d70 (0x00006f17) auipc   t5, 0x6
core   0: 3 0x80009d70 (0x00006f17) x30 0x8000fd70
core   0: 0x80009d74 (0x283f2823) sw      gp, 656(t5)
core   0: 3 0x80009d74 (0x283f2823) mem 0x80010000 0x00000001
core   0: 0x80009d78 (0xff9ff06f) j       pc - 0x8
core   0: 3 0x80009d78 (0xff9ff06f)
core   0: 0x80009d70 (0x00006f17) auipc   t5, 0x6
core   0: 3 0x80009d70 (0x00006f17) x30 0x8000fd70
core   0: 0x80009d74 (0x283f2823) sw      gp, 656(t5)
core   0: 3 0x80009d74 (0x283f2823) mem 0x80010000 0x00000001
core   0: 0x80009d78 (0xff9ff06f) j       pc - 0x8
core   0: 3 0x80009d78 (0xff9ff06f)
core   0: 0x80009d70 (0x00006f17) auipc   t5, 0x6
core   0: 3 0x80009d70 (0x00006f17) x30 0x8000fd70
core   0: 0x80009d74 (0x283f2823) sw      gp, 656(t5)
core   0: 3 0x80009d74 (0x283f2823) mem 0x80010000 0x00000001
core   0: 0x80009d78 (0xff9ff06f) j       pc - 0x8
core   0: 3 0x80009d78 (0xff9ff06f)
core   0: 0x80009d70 (0x00006f17) auipc   t5, 0x6
core   0: 3 0x80009d70 (0x00006f17) x30 0x8000fd70
core   0: 0x80009d74 (0x283f2823) sw      gp, 656(t5)
core   0: 3 0x80009d74 (0x283f2823) mem 0x80010000 0x00000001
core   0: 0x80009d78 (0xff9ff06f) j       pc - 0x8
core   0: 3 0x80009d78 (0xff9ff06f)
core   0: 0x80009d70 (0x00006f17) auipc   t5, 0x6
core   0: 3 0x80009d70 (0x00006f17) x30 0x8000fd70
core   0: 0x80009d74 (0x283f2823) sw      gp, 656(t5)
core   0: 3 0x80009d74 (0x283f2823) mem 0x80010000 0x00000001
core   0: 0x80009d78 (0xff9ff06f) j       pc - 0x8
core   0: 3 0x80009d78 (0xff9ff06f)
core   0: 0x80009d70 (0x00006f17) auipc   t5, 0x6
core   0: 3 0x80009d70 (0x00006f17) x30 0x8000fd70
core   0: 0x80009d74 (0x283f2823) sw      gp, 656(t5)
core   0: 3 0x80009d74 (0x283f2823) mem 0x80010000 0x00000001
core   0: 0x80009d78 (0xff9ff06f) j       pc - 0x8
core   0: 3 0x80009d78 (0xff9ff06f)
core   0: 0x80009d70 (0x00006f17) auipc   t5, 0x6
core   0: 3 0x80009d70 (0x00006f17) x30 0x8000fd70
core   0: 0x80009d74 (0x283f2823) sw      gp, 656(t5)
core   0: 3 0x80009d74 (0x283f2823) mem 0x80010000 0x00000001
core   0: 0x80009d78 (0xff9ff06f) j       pc - 0x8
core   0: 3 0x80009d78 (0xff9ff06f)
core   0: 0x80009d70 (0x00006f17) auipc   t5, 0x6
core   0: 3 0x80009d70 (0x00006f17) x30 0x8000fd70
core   0: 0x80009d74 (0x283f2823) sw      gp, 656(t5)
core   0: 3 0x80009d74 (0x283f2823) mem 0x80010000 0x00000001
core   0: 0x80009d78 (0xff9ff06f) j       pc - 0x8
core   0: 3 0x80009d78 (0xff9ff06f)
core   0: 0x80009d70 (0x00006f17) auipc   t5, 0x6
core   0: 3 0x80009d70 (0x00006f17) x30 0x8000fd70
core   0: 0x80009d74 (0x283f2823) sw      gp, 656(t5)
core   0: 3 0x80009d74 (0x283f2823) mem 0x80010000 0x00000001
core   0: 0x80009d78 (0xff9ff06f) j       pc - 0x8
core   0: 3 0x80009d78 (0xff9ff06f)
core   0: 0x80009d70 (0x00006f17) auipc   t5, 0x6
core   0: 3 0x80009d70 (0x00006f17) x30 0x8000fd70
core   0: 0x80009d74 (0x283f2823) sw      gp, 656(t5)
core   0: 3 0x80009d74 (0x283f2823) mem 0x80010000 0x00000001
core   0: 0x80009d78 (0xff9ff06f) j       pc - 0x8
core   0: 3 0x80009d78 (0xff9ff06f)
core   0: 0x80009d70 (0x00006f17) auipc   t5, 0x6
core   0: 3 0x80009d70 (0x00006f17) x30 0x8000fd70
core   0: 0x80009d74 (0x283f2823) sw      gp, 656(t5)
core   0: 3 0x80009d74 (0x283f2823) mem 0x80010000 0x00000001
core   0: 0x80009d78 (0xff9ff06f) j       pc - 0x8
core   0: 3 0x80009d78 (0xff9ff06f)
core   0: 0x80009d70 (0x00006f17) auipc   t5, 0x6
core   0: 3 0x80009d70 (0x00006f17) x30 0x8000fd70
core   0: 0x80009d74 (0x283f2823) sw      gp, 656(t5)
core   0: 3 0x80009d74 (0x283f2823) mem 0x80010000 0x00000001
core   0: 0x80009d78 (0xff9ff06f) j       pc - 0x8
core   0: 3 0x80009d78 (0xff9ff06f)
core   0: 0x80009d70 (0x00006f17) auipc   t5, 0x6
core   0: 3 0x80009d70 (0x00006f17) x30 0x8000fd70
core   0: 0x80009d74 (0x283f2823) sw      gp, 656(t5)
core   0: 3 0x80009d74 (0x283f2823) mem 0x80010000 0x00000001
core   0: 0x80009d78 (0xff9ff06f) j       pc - 0x8
core   0: 3 0x80009d78 (0xff9ff06f)
core   0: 0x80009d70 (0x00006f17) auipc   t5, 0x6
core   0: 3 0x80009d70 (0x00006f17) x30 0x8000fd70
core   0: 0x80009d74 (0x283f2823) sw      gp, 656(t5)
core   0: 3 0x80009d74 (0x283f2823) mem 0x80010000 0x00000001
core   0: 0x80009d78 (0xff9ff06f) j       pc - 0x8
core   0: 3 0x80009d78 (0xff9ff06f)
core   0: 0x80009d70 (0x00006f17) auipc   t5, 0x6
core   0: 3 0x80009d70 (0x00006f17) x30 0x8000fd70
core   0: 0x80009d74 (0x283f2823) sw      gp, 656(t5)
core   0: 3 0x80009d74 (0x283f2823) mem 0x80010000 0x00000001
core   0: 0x80009d78 (0xff9ff06f) j       pc - 0x8
core   0: 3 0x80009d78 (0xff9ff06f)
core   0: 0x80009d70 (0x00006f17) auipc   t5, 0x6
core   0: 3 0x80009d70 (0x00006f17) x30 0x8000fd70
core   0: 0x80009d74 (0x283f2823) sw      gp, 656(t5)
core   0: 3 0x80009d74 (0x283f2823) mem 0x80010000 0x00000001
core   0: 0x80009d78 (0xff9ff06f) j       pc - 0x8
core   0: 3 0x80009d78 (0xff9ff06f)
core   0: 0x80009d70 (0x00006f17) auipc   t5, 0x6
core   0: 3 0x80009d70 (0x00006f17) x30 0x8000fd70
core   0: 0x80009d74 (0x283f2823) sw      gp, 656(t5)
core   0: 3 0x80009d74 (0x283f2823) mem 0x80010000 0x00000001
core   0: 0x80009d78 (0xff9ff06f) j       pc - 0x8
core   0: 3 0x80009d78 (0xff9ff06f)
core   0: 0x80009d70 (0x00006f17) auipc   t5, 0x6
core   0: 3 0x80009d70 (0x00006f17) x30 0x8000fd70
core   0: 0x80009d74 (0x283f2823) sw      gp, 656(t5)
core   0: 3 0x80009d74 (0x283f2823) mem 0x80010000 0x00000001
core   0: 0x80009d78 (0xff9ff06f) j       pc - 0x8
core   0: 3 0x80009d78 (0xff9ff06f)
core   0: 0x80009d70 (0x00006f17) auipc   t5, 0x6
core   0: 3 0x80009d70 (0x00006f17) x30 0x8000fd70
core   0: 0x80009d74 (0x283f2823) sw      gp, 656(t5)
core   0: 3 0x80009d74 (0x283f2823) mem 0x80010000 0x00000001
core   0: 0x80009d78 (0xff9ff06f) j       pc - 0x8
core   0: 3 0x80009d78 (0xff9ff06f)
core   0: 0x80009d70 (0x00006f17) auipc   t5, 0x6
core   0: 3 0x80009d70 (0x00006f17) x30 0x8000fd70
core   0: 0x80009d74 (0x283f2823) sw      gp, 656(t5)
core   0: 3 0x80009d74 (0x283f2823) mem 0x80010000 0x00000001
core   0: 0x80009d78 (0xff9ff06f) j       pc - 0x8
core   0: 3 0x80009d78 (0xff9ff06f)
core   0: 0x80009d70 (0x00006f17) auipc   t5, 0x6
core   0: 3 0x80009d70 (0x00006f17) x30 0x8000fd70
core   0: 0x80009d74 (0x283f2823) sw      gp, 656(t5)
core   0: 3 0x80009d74 (0x283f2823) mem 0x80010000 0x00000001
core   0: 0x80009d78 (0xff9ff06f) j       pc - 0x8
core   0: 3 0x80009d78 (0xff9ff06f)
core   0: 0x80009d70 (0x00006f17) auipc   t5, 0x6
core   0: 3 0x80009d70 (0x00006f17) x30 0x8000fd70
core   0: 0x80009d74 (0x283f2823) sw      gp, 656(t5)
core   0: 3 0x80009d74 (0x283f2823) mem 0x80010000 0x00000001
core   0: 0x80009d78 (0xff9ff06f) j       pc - 0x8
core   0: 3 0x80009d78 (0xff9ff06f)
core   0: 0x80009d70 (0x00006f17) auipc   t5, 0x6
core   0: 3 0x80009d70 (0x00006f17) x30 0x8000fd70
core   0: 0x80009d74 (0x283f2823) sw      gp, 656(t5)
core   0: 3 0x80009d74 (0x283f2823) mem 0x80010000 0x00000001
core   0: 0x80009d78 (0xff9ff06f) j       pc - 0x8
core   0: 3 0x80009d78 (0xff9ff06f)
core   0: 0x80009d70 (0x00006f17) auipc   t5, 0x6
core   0: 3 0x80009d70 (0x00006f17) x30 0x8000fd70
core   0: 0x80009d74 (0x283f2823) sw      gp, 656(t5)
core   0: 3 0x80009d74 (0x283f2823) mem 0x80010000 0x00000001
core   0: 0x80009d78 (0xff9ff06f) j       pc - 0x8
core   0: 3 0x80009d78 (0xff9ff06f)
core   0: 0x80009d70 (0x00006f17) auipc   t5, 0x6
core   0: 3 0x80009d70 (0x00006f17) x30 0x8000fd70
core   0: 0x80009d74 (0x283f2823) sw      gp, 656(t5)
core   0: 3 0x80009d74 (0x283f2823) mem 0x80010000 0x00000001
core   0: 0x80009d78 (0xff9ff06f) j       pc - 0x8
core   0: 3 0x80009d78 (0xff9ff06f)
core   0: 0x80009d70 (0x00006f17) auipc   t5, 0x6
core   0: 3 0x80009d70 (0x00006f17) x30 0x8000fd70
core   0: 0x80009d74 (0x283f2823) sw      gp, 656(t5)
core   0: 3 0x80009d74 (0x283f2823) mem 0x80010000 0x00000001
core   0: 0x80009d78 (0xff9ff06f) j       pc - 0x8
core   0: 3 0x80009d78 (0xff9ff06f)
core   0: 0x80009d70 (0x00006f17) auipc   t5, 0x6
core   0: 3 0x80009d70 (0x00006f17) x30 0x8000fd70
core   0: 0x80009d74 (0x283f2823) sw      gp, 656(t5)
core   0: 3 0x80009d74 (0x283f2823) mem 0x80010000 0x00000001
core   0: 0x80009d78 (0xff9ff06f) j       pc - 0x8
core   0: 3 0x80009d78 (0xff9ff06f)
core   0: 0x80009d70 (0x00006f17) auipc   t5, 0x6
core   0: 3 0x80009d70 (0x00006f17) x30 0x8000fd70
core   0: 0x80009d74 (0x283f2823) sw      gp, 656(t5)
core   0: 3 0x80009d74 (0x283f2823) mem 0x80010000 0x00000001
core   0: 0x80009d78 (0xff9ff06f) j       pc - 0x8
core   0: 3 0x80009d78 (0xff9ff06f)
core   0: 0x80009d70 (0x00006f17) auipc   t5, 0x6
core   0: 3 0x80009d70 (0x00006f17) x30 0x8000fd70
core   0: 0x80009d74 (0x283f2823) sw      gp, 656(t5)
core   0: 3 0x80009d74 (0x283f2823) mem 0x80010000 0x00000001
core   0: 0x80009d78 (0xff9ff06f) j       pc - 0x8
core   0: 3 0x80009d78 (0xff9ff06f)
core   0: 0x80009d70 (0x00006f17) auipc   t5, 0x6
core   0: 3 0x80009d70 (0x00006f17) x30 0x8000fd70
core   0: 0x80009d74 (0x283f2823) sw      gp, 656(t5)
core   0: 3 0x80009d74 (0x283f2823) mem 0x80010000 0x00000001
core   0: 0x80009d78 (0xff9ff06f) j       pc - 0x8
core   0: 3 0x80009d78 (0xff9ff06f)
core   0: 0x80009d70 (0x00006f17) auipc   t5, 0x6
core   0: 3 0x80009d70 (0x00006f17) x30 0x8000fd70
core   0: 0x80009d74 (0x283f2823) sw      gp, 656(t5)
core   0: 3 0x80009d74 (0x283f2823) mem 0x80010000 0x00000001
core   0: 0x80009d78 (0xff9ff06f) j       pc - 0x8
core   0: 3 0x80009d78 (0xff9ff06f)
core   0: 0x80009d70 (0x00006f17) auipc   t5, 0x6
core   0: 3 0x80009d70 (0x00006f17) x30 0x8000fd70
core   0: 0x80009d74 (0x283f2823) sw      gp, 656(t5)
core   0: 3 0x80009d74 (0x283f2823) mem 0x80010000 0x00000001
core   0: 0x80009d78 (0xff9ff06f) j       pc - 0x8
core   0: 3 0x80009d78 (0xff9ff06f)
core   0: 0x80009d70 (0x00006f17) auipc   t5, 0x6
core   0: 3 0x80009d70 (0x00006f17) x30 0x8000fd70
core   0: 0x80009d74 (0x283f2823) sw      gp, 656(t5)
core   0: 3 0x80009d74 (0x283f2823) mem 0x80010000 0x00000001
core   0: 0x80009d78 (0xff9ff06f) j       pc - 0x8
core   0: 3 0x80009d78 (0xff9ff06f)
core   0: 0x80009d70 (0x00006f17) auipc   t5, 0x6
core   0: 3 0x80009d70 (0x00006f17) x30 0x8000fd70
core   0: 0x80009d74 (0x283f2823) sw      gp, 656(t5)
core   0: 3 0x80009d74 (0x283f2823) mem 0x80010000 0x00000001
core   0: 0x80009d78 (0xff9ff06f) j       pc - 0x8
core   0: 3 0x80009d78 (0xff9ff06f)
core   0: 0x80009d70 (0x00006f17) auipc   t5, 0x6
core   0: 3 0x80009d70 (0x00006f17) x30 0x8000fd70
core   0: 0x80009d74 (0x283f2823) sw      gp, 656(t5)
core   0: 3 0x80009d74 (0x283f2823) mem 0x80010000 0x00000001
core   0: 0x80009d78 (0xff9ff06f) j       pc - 0x8
core   0: 3 0x80009d78 (0xff9ff06f)
core   0: 0x80009d70 (0x00006f17) auipc   t5, 0x6
core   0: 3 0x80009d70 (0x00006f17) x30 0x8000fd70
core   0: 0x80009d74 (0x283f2823) sw      gp, 656(t5)
core   0: 3 0x80009d74 (0x283f2823) mem 0x80010000 0x00000001
core   0: 0x80009d78 (0xff9ff06f) j       pc - 0x8
core   0: 3 0x80009d78 (0xff9ff06f)
core   0: 0x80009d70 (0x00006f17) auipc   t5, 0x6
core   0: 3 0x80009d70 (0x00006f17) x30 0x8000fd70
core   0: 0x80009d74 (0x283f2823) sw      gp, 656(t5)
core   0: 3 0x80009d74 (0x283f2823) mem 0x80010000 0x00000001
core   0: 0x80009d78 (0xff9ff06f) j       pc - 0x8
core   0: 3 0x80009d78 (0xff9ff06f)
core   0: 0x80009d70 (0x00006f17) auipc   t5, 0x6
core   0: 3 0x80009d70 (0x00006f17) x30 0x8000fd70
core   0: 0x80009d74 (0x283f2823) sw      gp, 656(t5)
core   0: 3 0x80009d74 (0x283f2823) mem 0x80010000 0x00000001
core   0: 0x80009d78 (0xff9ff06f) j       pc - 0x8
core   0: 3 0x80009d78 (0xff9ff06f)
core   0: 0x80009d70 (0x00006f17) auipc   t5, 0x6
core   0: 3 0x80009d70 (0x00006f17) x30 0x8000fd70
core   0: 0x80009d74 (0x283f2823) sw      gp, 656(t5)
core   0: 3 0x80009d74 (0x283f2823) mem 0x80010000 0x00000001
core   0: 0x80009d78 (0xff9ff06f) j       pc - 0x8
core   0: 3 0x80009d78 (0xff9ff06f)
core   0: 0x80009d70 (0x00006f17) auipc   t5, 0x6
core   0: 3 0x80009d70 (0x00006f17) x30 0x8000fd70
core   0: 0x80009d74 (0x283f2823) sw      gp, 656(t5)
core   0: 3 0x80009d74 (0x283f2823) mem 0x80010000 0x00000001
core   0: 0x80009d78 (0xff9ff06f) j       pc - 0x8
core   0: 3 0x80009d78 (0xff9ff06f)
core   0: 0x80009d70 (0x00006f17) auipc   t5, 0x6
core   0: 3 0x80009d70 (0x00006f17) x30 0x8000fd70
core   0: 0x80009d74 (0x283f2823) sw      gp, 656(t5)
core   0: 3 0x80009d74 (0x283f2823) mem 0x80010000 0x00000001
core   0: 0x80009d78 (0xff9ff06f) j       pc - 0x8
core   0: 3 0x80009d78 (0xff9ff06f)
core   0: 0x80009d70 (0x00006f17) auipc   t5, 0x6
core   0: 3 0x80009d70 (0x00006f17) x30 0x8000fd70
core   0: 0x80009d74 (0x283f2823) sw      gp, 656(t5)
core   0: 3 0x80009d74 (0x283f2823) mem 0x80010000 0x00000001
core   0: 0x80009d78 (0xff9ff06f) j       pc - 0x8
core   0: 3 0x80009d78 (0xff9ff06f)
core   0: 0x80009d70 (0x00006f17) auipc   t5, 0x6
core   0: 3 0x80009d70 (0x00006f17) x30 0x8000fd70
core   0: 0x80009d74 (0x283f2823) sw      gp, 656(t5)
core   0: 3 0x80009d74 (0x283f2823) mem 0x80010000 0x00000001
core   0: 0x80009d78 (0xff9ff06f) j       pc - 0x8
core   0: 3 0x80009d78 (0xff9ff06f)
core   0: 0x80009d70 (0x00006f17) auipc   t5, 0x6
core   0: 3 0x80009d70 (0x00006f17) x30 0x8000fd70
core   0: 0x80009d74 (0x283f2823) sw      gp, 656(t5)
core   0: 3 0x80009d74 (0x283f2823) mem 0x80010000 0x00000001
core   0: 0x80009d78 (0xff9ff06f) j       pc - 0x8
core   0: 3 0x80009d78 (0xff9ff06f)
core   0: 0x80009d70 (0x00006f17) auipc   t5, 0x6
core   0: 3 0x80009d70 (0x00006f17) x30 0x8000fd70
core   0: 0x80009d74 (0x283f2823) sw      gp, 656(t5)
core   0: 3 0x80009d74 (0x283f2823) mem 0x80010000 0x00000001
core   0: 0x80009d78 (0xff9ff06f) j       pc - 0x8
core   0: 3 0x80009d78 (0xff9ff06f)
core   0: 0x80009d70 (0x00006f17) auipc   t5, 0x6
core   0: 3 0x80009d70 (0x00006f17) x30 0x8000fd70
core   0: 0x80009d74 (0x283f2823) sw      gp, 656(t5)
core   0: 3 0x80009d74 (0x283f2823) mem 0x80010000 0x00000001
core   0: 0x80009d78 (0xff9ff06f) j       pc - 0x8
core   0: 3 0x80009d78 (0xff9ff06f)
core   0: 0x80009d70 (0x00006f17) auipc   t5, 0x6
core   0: 3 0x80009d70 (0x00006f17) x30 0x8000fd70
core   0: 0x80009d74 (0x283f2823) sw      gp, 656(t5)
core   0: 3 0x80009d74 (0x283f2823) mem 0x80010000 0x00000001
core   0: 0x80009d78 (0xff9ff06f) j       pc - 0x8
core   0: 3 0x80009d78 (0xff9ff06f)
core   0: 0x80009d70 (0x00006f17) auipc   t5, 0x6
core   0: 3 0x80009d70 (0x00006f17) x30 0x8000fd70
core   0: 0x80009d74 (0x283f2823) sw      gp, 656(t5)
core   0: 3 0x80009d74 (0x283f2823) mem 0x80010000 0x00000001
core   0: 0x80009d78 (0xff9ff06f) j       pc - 0x8
core   0: 3 0x80009d78 (0xff9ff06f)
core   0: 0x80009d70 (0x00006f17) auipc   t5, 0x6
core   0: 3 0x80009d70 (0x00006f17) x30 0x8000fd70
core   0: 0x80009d74 (0x283f2823) sw      gp, 656(t5)
core   0: 3 0x80009d74 (0x283f2823) mem 0x80010000 0x00000001
core   0: 0x80009d78 (0xff9ff06f) j       pc - 0x8
core   0: 3 0x80009d78 (0xff9ff06f)
core   0: 0x80009d70 (0x00006f17) auipc   t5, 0x6
core   0: 3 0x80009d70 (0x00006f17) x30 0x8000fd70
core   0: 0x80009d74 (0x283f2823) sw      gp, 656(t5)
core   0: 3 0x80009d74 (0x283f2823) mem 0x80010000 0x00000001
core   0: 0x80009d78 (0xff9ff06f) j       pc - 0x8
core   0: 3 0x80009d78 (0xff9ff06f)
core   0: 0x80009d70 (0x00006f17) auipc   t5, 0x6
core   0: 3 0x80009d70 (0x00006f17) x30 0x8000fd70
core   0: 0x80009d74 (0x283f2823) sw      gp, 656(t5)
core   0: 3 0x80009d74 (0x283f2823) mem 0x80010000 0x00000001
core   0: 0x80009d78 (0xff9ff06f) j       pc - 0x8
core   0: 3 0x80009d78 (0xff9ff06f)
core   0: 0x80009d70 (0x00006f17) auipc   t5, 0x6
core   0: 3 0x80009d70 (0x00006f17) x30 0x8000fd70
core   0: 0x80009d74 (0x283f2823) sw      gp, 656(t5)
core   0: 3 0x80009d74 (0x283f2823) mem 0x80010000 0x00000001
core   0: 0x80009d78 (0xff9ff06f) j       pc - 0x8
core   0: 3 0x80009d78 (0xff9ff06f)
core   0: 0x80009d70 (0x00006f17) auipc   t5, 0x6
core   0: 3 0x80009d70 (0x00006f17) x30 0x8000fd70
core   0: 0x80009d74 (0x283f2823) sw      gp, 656(t5)
core   0: 3 0x80009d74 (0x283f2823) mem 0x80010000 0x00000001
core   0: 0x80009d78 (0xff9ff06f) j       pc - 0x8
core   0: 3 0x80009d78 (0xff9ff06f)
core   0: 0x80009d70 (0x00006f17) auipc   t5, 0x6
core   0: 3 0x80009d70 (0x00006f17) x30 0x8000fd70
core   0: 0x80009d74 (0x283f2823) sw      gp, 656(t5)
core   0: 3 0x80009d74 (0x283f2823) mem 0x80010000 0x00000001
core   0: 0x80009d78 (0xff9ff06f) j       pc - 0x8
core   0: 3 0x80009d78 (0xff9ff06f)
core   0: 0x80009d70 (0x00006f17) auipc   t5, 0x6
core   0: 3 0x80009d70 (0x00006f17) x30 0x8000fd70
core   0: 0x80009d74 (0x283f2823) sw      gp, 656(t5)
core   0: 3 0x80009d74 (0x283f2823) mem 0x80010000 0x00000001
core   0: 0x80009d78 (0xff9ff06f) j       pc - 0x8
core   0: 3 0x80009d78 (0xff9ff06f)
core   0: 0x80009d70 (0x00006f17) auipc   t5, 0x6
core   0: 3 0x80009d70 (0x00006f17) x30 0x8000fd70
core   0: 0x80009d74 (0x283f2823) sw      gp, 656(t5)
core   0: 3 0x80009d74 (0x283f2823) mem 0x80010000 0x00000001
core   0: 0x80009d78 (0xff9ff06f) j       pc - 0x8
core   0: 3 0x80009d78 (0xff9ff06f)
core   0: 0x80009d70 (0x00006f17) auipc   t5, 0x6
core   0: 3 0x80009d70 (0x00006f17) x30 0x8000fd70
core   0: 0x80009d74 (0x283f2823) sw      gp, 656(t5)
core   0: 3 0x80009d74 (0x283f2823) mem 0x80010000 0x00000001
core   0: 0x80009d78 (0xff9ff06f) j       pc - 0x8
core   0: 3 0x80009d78 (0xff9ff06f)
core   0: 0x80009d70 (0x00006f17) auipc   t5, 0x6
core   0: 3 0x80009d70 (0x00006f17) x30 0x8000fd70
core   0: 0x80009d74 (0x283f2823) sw      gp, 656(t5)
core   0: 3 0x80009d74 (0x283f2823) mem 0x80010000 0x00000001
core   0: 0x80009d78 (0xff9ff06f) j       pc - 0x8
core   0: 3 0x80009d78 (0xff9ff06f)
core   0: 0x80009d70 (0x00006f17) auipc   t5, 0x6
core   0: 3 0x80009d70 (0x00006f17) x30 0x8000fd70
core   0: 0x80009d74 (0x283f2823) sw      gp, 656(t5)
core   0: 3 0x80009d74 (0x283f2823) mem 0x80010000 0x00000001
core   0: 0x80009d78 (0xff9ff06f) j       pc - 0x8
core   0: 3 0x80009d78 (0xff9ff06f)
core   0: 0x80009d70 (0x00006f17) auipc   t5, 0x6
core   0: 3 0x80009d70 (0x00006f17) x30 0x8000fd70
core   0: 0x80009d74 (0x283f2823) sw      gp, 656(t5)
core   0: 3 0x80009d74 (0x283f2823) mem 0x80010000 0x00000001
core   0: 0x80009d78 (0xff9ff06f) j       pc - 0x8
core   0: 3 0x80009d78 (0xff9ff06f)
core   0: 0x80009d70 (0x00006f17) auipc   t5, 0x6
core   0: 3 0x80009d70 (0x00006f17) x30 0x8000fd70
core   0: 0x80009d74 (0x283f2823) sw      gp, 656(t5)
core   0: 3 0x80009d74 (0x283f2823) mem 0x80010000 0x00000001
core   0: 0x80009d78 (0xff9ff06f) j       pc - 0x8
core   0: 3 0x80009d78 (0xff9ff06f)
core   0: 0x80009d70 (0x00006f17) auipc   t5, 0x6
core   0: 3 0x80009d70 (0x00006f17) x30 0x8000fd70
core   0: 0x80009d74 (0x283f2823) sw      gp, 656(t5)
core   0: 3 0x80009d74 (0x283f2823) mem 0x80010000 0x00000001
core   0: 0x80009d78 (0xff9ff06f) j       pc - 0x8
core   0: 3 0x80009d78 (0xff9ff06f)
core   0: 0x80009d70 (0x00006f17) auipc   t5, 0x6
core   0: 3 0x80009d70 (0x00006f17) x30 0x8000fd70
core   0: 0x80009d74 (0x283f2823) sw      gp, 656(t5)
core   0: 3 0x80009d74 (0x283f2823) mem 0x80010000 0x00000001
core   0: 0x80009d78 (0xff9ff06f) j       pc - 0x8
core   0: 3 0x80009d78 (0xff9ff06f)
core   0: 0x80009d70 (0x00006f17) auipc   t5, 0x6
core   0: 3 0x80009d70 (0x00006f17) x30 0x8000fd70
core   0: 0x80009d74 (0x283f2823) sw      gp, 656(t5)
core   0: 3 0x80009d74 (0x283f2823) mem 0x80010000 0x00000001
core   0: 0x80009d78 (0xff9ff06f) j       pc - 0x8
core   0: 3 0x80009d78 (0xff9ff06f)
core   0: 0x80009d70 (0x00006f17) auipc   t5, 0x6
core   0: 3 0x80009d70 (0x00006f17) x30 0x8000fd70
core   0: 0x80009d74 (0x283f2823) sw      gp, 656(t5)
core   0: 3 0x80009d74 (0x283f2823) mem 0x80010000 0x00000001
core   0: 0x80009d78 (0xff9ff06f) j       pc - 0x8
core   0: 3 0x80009d78 (0xff9ff06f)
core   0: 0x80009d70 (0x00006f17) auipc   t5, 0x6
core   0: 3 0x80009d70 (0x00006f17) x30 0x8000fd70
core   0: 0x80009d74 (0x283f2823) sw      gp, 656(t5)
core   0: 3 0x80009d74 (0x283f2823) mem 0x80010000 0x00000001
core   0: 0x80009d78 (0xff9ff06f) j       pc - 0x8
core   0: 3 0x80009d78 (0xff9ff06f)
core   0: 0x80009d70 (0x00006f17) auipc   t5, 0x6
core   0: 3 0x80009d70 (0x00006f17) x30 0x8000fd70
core   0: 0x80009d74 (0x283f2823) sw      gp, 656(t5)
core   0: 3 0x80009d74 (0x283f2823) mem 0x80010000 0x00000001
core   0: 0x80009d78 (0xff9ff06f) j       pc - 0x8
core   0: 3 0x80009d78 (0xff9ff06f)
core   0: 0x80009d70 (0x00006f17) auipc   t5, 0x6
core   0: 3 0x80009d70 (0x00006f17) x30 0x8000fd70
core   0: 0x80009d74 (0x283f2823) sw      gp, 656(t5)
core   0: 3 0x80009d74 (0x283f2823) mem 0x80010000 0x00000001
core   0: 0x80009d78 (0xff9ff06f) j       pc - 0x8
core   0: 3 0x80009d78 (0xff9ff06f)
core   0: 0x80009d70 (0x00006f17) auipc   t5, 0x6
core   0: 3 0x80009d70 (0x00006f17) x30 0x8000fd70
core   0: 0x80009d74 (0x283f2823) sw      gp, 656(t5)
core   0: 3 0x80009d74 (0x283f2823) mem 0x80010000 0x00000001
core   0: 0x80009d78 (0xff9ff06f) j       pc - 0x8
core   0: 3 0x80009d78 (0xff9ff06f)
core   0: 0x80009d70 (0x00006f17) auipc   t5, 0x6
core   0: 3 0x80009d70 (0x00006f17) x30 0x8000fd70
core   0: 0x80009d74 (0x283f2823) sw      gp, 656(t5)
core   0: 3 0x80009d74 (0x283f2823) mem 0x80010000 0x00000001
core   0: 0x80009d78 (0xff9ff06f) j       pc - 0x8
core   0: 3 0x80009d78 (0xff9ff06f)
core   0: 0x80009d70 (0x00006f17) auipc   t5, 0x6
core   0: 3 0x80009d70 (0x00006f17) x30 0x8000fd70
core   0: 0x80009d74 (0x283f2823) sw      gp, 656(t5)
core   0: 3 0x80009d74 (0x283f2823) mem 0x80010000 0x00000001
core   0: 0x80009d78 (0xff9ff06f) j       pc - 0x8
core   0: 3 0x80009d78 (0xff9ff06f)
core   0: 0x80009d70 (0x00006f17) auipc   t5, 0x6
core   0: 3 0x80009d70 (0x00006f17) x30 0x8000fd70
core   0: 0x80009d74 (0x283f2823) sw      gp, 656(t5)
core   0: 3 0x80009d74 (0x283f2823) mem 0x80010000 0x00000001
core   0: 0x80009d78 (0xff9ff06f) j       pc - 0x8
core   0: 3 0x80009d78 (0xff9ff06f)
core   0: 0x80009d70 (0x00006f17) auipc   t5, 0x6
core   0: 3 0x80009d70 (0x00006f17) x30 0x8000fd70
core   0: 0x80009d74 (0x283f2823) sw      gp, 656(t5)
core   0: 3 0x80009d74 (0x283f2823) mem 0x80010000 0x00000001
core   0: 0x80009d78 (0xff9ff06f) j       pc - 0x8
core   0: 3 0x80009d78 (0xff9ff06f)
core   0: 0x80009d70 (0x00006f17) auipc   t5, 0x6
core   0: 3 0x80009d70 (0x00006f17) x30 0x8000fd70
core   0: 0x80009d74 (0x283f2823) sw      gp, 656(t5)
core   0: 3 0x80009d74 (0x283f2823) mem 0x80010000 0x00000001
core   0: 0x80009d78 (0xff9ff06f) j       pc - 0x8
core   0: 3 0x80009d78 (0xff9ff06f)
core   0: 0x80009d70 (0x00006f17) auipc   t5, 0x6
core   0: 3 0x80009d70 (0x00006f17) x30 0x8000fd70
core   0: 0x80009d74 (0x283f2823) sw      gp, 656(t5)
core   0: 3 0x80009d74 (0x283f2823) mem 0x80010000 0x00000001
core   0: 0x80009d78 (0xff9ff06f) j       pc - 0x8
core   0: 3 0x80009d78 (0xff9ff06f)
core   0: 0x80009d70 (0x00006f17) auipc   t5, 0x6
core   0: 3 0x80009d70 (0x00006f17) x30 0x8000fd70
core   0: 0x80009d74 (0x283f2823) sw      gp, 656(t5)
core   0: 3 0x80009d74 (0x283f2823) mem 0x80010000 0x00000001
core   0: 0x80009d78 (0xff9ff06f) j       pc - 0x8
core   0: 3 0x80009d78 (0xff9ff06f)
core   0: 0x80009d70 (0x00006f17) auipc   t5, 0x6
core   0: 3 0x80009d70 (0x00006f17) x30 0x8000fd70
core   0: 0x80009d74 (0x283f2823) sw      gp, 656(t5)
core   0: 3 0x80009d74 (0x283f2823) mem 0x80010000 0x00000001
core   0: 0x80009d78 (0xff9ff06f) j       pc - 0x8
core   0: 3 0x80009d78 (0xff9ff06f)
core   0: 0x80009d70 (0x00006f17) auipc   t5, 0x6
core   0: 3 0x80009d70 (0x00006f17) x30 0x8000fd70
core   0: 0x80009d74 (0x283f2823) sw      gp, 656(t5)
core   0: 3 0x80009d74 (0x283f2823) mem 0x80010000 0x00000001
core   0: 0x80009d78 (0xff9ff06f) j       pc - 0x8
core   0: 3 0x80009d78 (0xff9ff06f)
core   0: 0x80009d70 (0x00006f17) auipc   t5, 0x6
core   0: 3 0x80009d70 (0x00006f17) x30 0x8000fd70
core   0: 0x80009d74 (0x283f2823) sw      gp, 656(t5)
core   0: 3 0x80009d74 (0x283f2823) mem 0x80010000 0x00000001
core   0: 0x80009d78 (0xff9ff06f) j       pc - 0x8
core   0: 3 0x80009d78 (0xff9ff06f)
core   0: 0x80009d70 (0x00006f17) auipc   t5, 0x6
core   0: 3 0x80009d70 (0x00006f17) x30 0x8000fd70
core   0: 0x80009d74 (0x283f2823) sw      gp, 656(t5)
core   0: 3 0x80009d74 (0x283f2823) mem 0x80010000 0x00000001
core   0: 0x80009d78 (0xff9ff06f) j       pc - 0x8
core   0: 3 0x80009d78 (0xff9ff06f)
core   0: 0x80009d70 (0x00006f17) auipc   t5, 0x6
core   0: 3 0x80009d70 (0x00006f17) x30 0x8000fd70
core   0: 0x80009d74 (0x283f2823) sw      gp, 656(t5)
core   0: 3 0x80009d74 (0x283f2823) mem 0x80010000 0x00000001
core   0: 0x80009d78 (0xff9ff06f) j       pc - 0x8
core   0: 3 0x80009d78 (0xff9ff06f)
core   0: 0x80009d70 (0x00006f17) auipc   t5, 0x6
core   0: 3 0x80009d70 (0x00006f17) x30 0x8000fd70
core   0: 0x80009d74 (0x283f2823) sw      gp, 656(t5)
core   0: 3 0x80009d74 (0x283f2823) mem 0x80010000 0x00000001
core   0: 0x80009d78 (0xff9ff06f) j       pc - 0x8
core   0: 3 0x80009d78 (0xff9ff06f)
core   0: 0x80009d70 (0x00006f17) auipc   t5, 0x6
core   0: 3 0x80009d70 (0x00006f17) x30 0x8000fd70
core   0: 0x80009d74 (0x283f2823) sw      gp, 656(t5)
core   0: 3 0x80009d74 (0x283f2823) mem 0x80010000 0x00000001
core   0: 0x80009d78 (0xff9ff06f) j       pc - 0x8
core   0: 3 0x80009d78 (0xff9ff06f)
core   0: 0x80009d70 (0x00006f17) auipc   t5, 0x6
core   0: 3 0x80009d70 (0x00006f17) x30 0x8000fd70
core   0: 0x80009d74 (0x283f2823) sw      gp, 656(t5)
core   0: 3 0x80009d74 (0x283f2823) mem 0x80010000 0x00000001
core   0: 0x80009d78 (0xff9ff06f) j       pc - 0x8
core   0: 3 0x80009d78 (0xff9ff06f)
core   0: 0x80009d70 (0x00006f17) auipc   t5, 0x6
core   0: 3 0x80009d70 (0x00006f17) x30 0x8000fd70
core   0: 0x80009d74 (0x283f2823) sw      gp, 656(t5)
core   0: 3 0x80009d74 (0x283f2823) mem 0x80010000 0x00000001
core   0: 0x80009d78 (0xff9ff06f) j       pc - 0x8
core   0: 3 0x80009d78 (0xff9ff06f)
core   0: 0x80009d70 (0x00006f17) auipc   t5, 0x6
core   0: 3 0x80009d70 (0x00006f17) x30 0x8000fd70
core   0: 0x80009d74 (0x283f2823) sw      gp, 656(t5)
core   0: 3 0x80009d74 (0x283f2823) mem 0x80010000 0x00000001
core   0: 0x80009d78 (0xff9ff06f) j       pc - 0x8
core   0: 3 0x80009d78 (0xff9ff06f)
core   0: 0x80009d70 (0x00006f17) auipc   t5, 0x6
core   0: 3 0x80009d70 (0x00006f17) x30 0x8000fd70
core   0: 0x80009d74 (0x283f2823) sw      gp, 656(t5)
core   0: 3 0x80009d74 (0x283f2823) mem 0x80010000 0x00000001
core   0: 0x80009d78 (0xff9ff06f) j       pc - 0x8
core   0: 3 0x80009d78 (0xff9ff06f)
core   0: 0x80009d70 (0x00006f17) auipc   t5, 0x6
core   0: 3 0x80009d70 (0x00006f17) x30 0x8000fd70
core   0: 0x80009d74 (0x283f2823) sw      gp, 656(t5)
core   0: 3 0x80009d74 (0x283f2823) mem 0x80010000 0x00000001
core   0: 0x80009d78 (0xff9ff06f) j       pc - 0x8
core   0: 3 0x80009d78 (0xff9ff06f)
core   0: 0x80009d70 (0x00006f17) auipc   t5, 0x6
core   0: 3 0x80009d70 (0x00006f17) x30 0x8000fd70
core   0: 0x80009d74 (0x283f2823) sw      gp, 656(t5)
core   0: 3 0x80009d74 (0x283f2823) mem 0x80010000 0x00000001
core   0: 0x80009d78 (0xff9ff06f) j       pc - 0x8
core   0: 3 0x80009d78 (0xff9ff06f)
core   0: 0x80009d70 (0x00006f17) auipc   t5, 0x6
core   0: 3 0x80009d70 (0x00006f17) x30 0x8000fd70
core   0: 0x80009d74 (0x283f2823) sw      gp, 656(t5)
core   0: 3 0x80009d74 (0x283f2823) mem 0x80010000 0x00000001
core   0: 0x80009d78 (0xff9ff06f) j       pc - 0x8
core   0: 3 0x80009d78 (0xff9ff06f)
core   0: 0x80009d70 (0x00006f17) auipc   t5, 0x6
core   0: 3 0x80009d70 (0x00006f17) x30 0x8000fd70
core   0: 0x80009d74 (0x283f2823) sw      gp, 656(t5)
core   0: 3 0x80009d74 (0x283f2823) mem 0x80010000 0x00000001
core   0: 0x80009d78 (0xff9ff06f) j       pc - 0x8
core   0: 3 0x80009d78 (0xff9ff06f)
core   0: 0x80009d70 (0x00006f17) auipc   t5, 0x6
core   0: 3 0x80009d70 (0x00006f17) x30 0x8000fd70
core   0: 0x80009d74 (0x283f2823) sw      gp, 656(t5)
core   0: 3 0x80009d74 (0x283f2823) mem 0x80010000 0x00000001
core   0: 0x80009d78 (0xff9ff06f) j       pc - 0x8
core   0: 3 0x80009d78 (0xff9ff06f)
core   0: 0x80009d70 (0x00006f17) auipc   t5, 0x6
core   0: 3 0x80009d70 (0x00006f17) x30 0x8000fd70
core   0: 0x80009d74 (0x283f2823) sw      gp, 656(t5)
core   0: 3 0x80009d74 (0x283f2823) mem 0x80010000 0x00000001
core   0: 0x80009d78 (0xff9ff06f) j       pc - 0x8
core   0: 3 0x80009d78 (0xff9ff06f)
core   0: 0x80009d70 (0x00006f17) auipc   t5, 0x6
core   0: 3 0x80009d70 (0x00006f17) x30 0x8000fd70
core   0: 0x80009d74 (0x283f2823) sw      gp, 656(t5)
core   0: 3 0x80009d74 (0x283f2823) mem 0x80010000 0x00000001
core   0: 0x80009d78 (0xff9ff06f) j       pc - 0x8
core   0: 3 0x80009d78 (0xff9ff06f)
core   0: 0x80009d70 (0x00006f17) auipc   t5, 0x6
core   0: 3 0x80009d70 (0x00006f17) x30 0x8000fd70
core   0: 0x80009d74 (0x283f2823) sw      gp, 656(t5)
core   0: 3 0x80009d74 (0x283f2823) mem 0x80010000 0x00000001
core   0: 0x80009d78 (0xff9ff06f) j       pc - 0x8
core   0: 3 0x80009d78 (0xff9ff06f)
core   0: 0x80009d70 (0x00006f17) auipc   t5, 0x6
core   0: 3 0x80009d70 (0x00006f17) x30 0x8000fd70
core   0: 0x80009d74 (0x283f2823) sw      gp, 656(t5)
core   0: 3 0x80009d74 (0x283f2823) mem 0x80010000 0x00000001
core   0: 0x80009d78 (0xff9ff06f) j       pc - 0x8
core   0: 3 0x80009d78 (0xff9ff06f)
core   0: 0x80009d70 (0x00006f17) auipc   t5, 0x6
core   0: 3 0x80009d70 (0x00006f17) x30 0x8000fd70
core   0: 0x80009d74 (0x283f2823) sw      gp, 656(t5)
core   0: 3 0x80009d74 (0x283f2823) mem 0x80010000 0x00000001
core   0: 0x80009d78 (0xff9ff06f) j       pc - 0x8
core   0: 3 0x80009d78 (0xff9ff06f)
core   0: 0x80009d70 (0x00006f17) auipc   t5, 0x6
core   0: 3 0x80009d70 (0x00006f17) x30 0x8000fd70
core   0: 0x80009d74 (0x283f2823) sw      gp, 656(t5)
core   0: 3 0x80009d74 (0x283f2823) mem 0x80010000 0x00000001
core   0: 0x80009d78 (0xff9ff06f) j       pc - 0x8
core   0: 3 0x80009d78 (0xff9ff06f)
core   0: 0x80009d70 (0x00006f17) auipc   t5, 0x6
core   0: 3 0x80009d70 (0x00006f17) x30 0x8000fd70
core   0: 0x80009d74 (0x283f2823) sw      gp, 656(t5)
core   0: 3 0x80009d74 (0x283f2823) mem 0x80010000 0x00000001
core   0: 0x80009d78 (0xff9ff06f) j       pc - 0x8
core   0: 3 0x80009d78 (0xff9ff06f)
core   0: 0x80009d70 (0x00006f17) auipc   t5, 0x6
core   0: 3 0x80009d70 (0x00006f17) x30 0x8000fd70
core   0: 0x80009d74 (0x283f2823) sw      gp, 656(t5)
core   0: 3 0x80009d74 (0x283f2823) mem 0x80010000 0x00000001
core   0: 0x80009d78 (0xff9ff06f) j       pc - 0x8
core   0: 3 0x80009d78 (0xff9ff06f)
core   0: 0x80009d70 (0x00006f17) auipc   t5, 0x6
core   0: 3 0x80009d70 (0x00006f17) x30 0x8000fd70
core   0: 0x80009d74 (0x283f2823) sw      gp, 656(t5)
core   0: 3 0x80009d74 (0x283f2823) mem 0x80010000 0x00000001
core   0: 0x80009d78 (0xff9ff06f) j       pc - 0x8
core   0: 3 0x80009d78 (0xff9ff06f)
core   0: 0x80009d70 (0x00006f17) auipc   t5, 0x6
core   0: 3 0x80009d70 (0x00006f17) x30 0x8000fd70
core   0: 0x80009d74 (0x283f2823) sw      gp, 656(t5)
core   0: 3 0x80009d74 (0x283f2823) mem 0x80010000 0x00000001
core   0: 0x80009d78 (0xff9ff06f) j       pc - 0x8
core   0: 3 0x80009d78 (0xff9ff06f)
core   0: 0x80009d70 (0x00006f17) auipc   t5, 0x6
core   0: 3 0x80009d70 (0x00006f17) x30 0x8000fd70
core   0: 0x80009d74 (0x283f2823) sw      gp, 656(t5)
core   0: 3 0x80009d74 (0x283f2823) mem 0x80010000 0x00000001
core   0: 0x80009d78 (0xff9ff06f) j       pc - 0x8
core   0: 3 0x80009d78 (0xff9ff06f)
core   0: 0x80009d70 (0x00006f17) auipc   t5, 0x6
core   0: 3 0x80009d70 (0x00006f17) x30 0x8000fd70
core   0: 0x80009d74 (0x283f2823) sw      gp, 656(t5)
core   0: 3 0x80009d74 (0x283f2823) mem 0x80010000 0x00000001
core   0: 0x80009d78 (0xff9ff06f) j       pc - 0x8
core   0: 3 0x80009d78 (0xff9ff06f)
core   0: 0x80009d70 (0x00006f17) auipc   t5, 0x6
core   0: 3 0x80009d70 (0x00006f17) x30 0x8000fd70
core   0: 0x80009d74 (0x283f2823) sw      gp, 656(t5)
core   0: 3 0x80009d74 (0x283f2823) mem 0x80010000 0x00000001
core   0: 0x80009d78 (0xff9ff06f) j       pc - 0x8
core   0: 3 0x80009d78 (0xff9ff06f)
core   0: 0x80009d70 (0x00006f17) auipc   t5, 0x6
core   0: 3 0x80009d70 (0x00006f17) x30 0x8000fd70
core   0: 0x80009d74 (0x283f2823) sw      gp, 656(t5)
core   0: 3 0x80009d74 (0x283f2823) mem 0x80010000 0x00000001
core   0: 0x80009d78 (0xff9ff06f) j       pc - 0x8
core   0: 3 0x80009d78 (0xff9ff06f)
core   0: 0x80009d70 (0x00006f17) auipc   t5, 0x6
core   0: 3 0x80009d70 (0x00006f17) x30 0x8000fd70
core   0: 0x80009d74 (0x283f2823) sw      gp, 656(t5)
core   0: 3 0x80009d74 (0x283f2823) mem 0x80010000 0x00000001
core   0: 0x80009d78 (0xff9ff06f) j       pc - 0x8
core   0: 3 0x80009d78 (0xff9ff06f)
core   0: 0x80009d70 (0x00006f17) auipc   t5, 0x6
core   0: 3 0x80009d70 (0x00006f17) x30 0x8000fd70
core   0: 0x80009d74 (0x283f2823) sw      gp, 656(t5)
core   0: 3 0x80009d74 (0x283f2823) mem 0x80010000 0x00000001
core   0: 0x80009d78 (0xff9ff06f) j       pc - 0x8
core   0: 3 0x80009d78 (0xff9ff06f)
core   0: 0x80009d70 (0x00006f17) auipc   t5, 0x6
core   0: 3 0x80009d70 (0x00006f17) x30 0x8000fd70
core   0: 0x80009d74 (0x283f2823) sw      gp, 656(t5)
core   0: 3 0x80009d74 (0x283f2823) mem 0x80010000 0x00000001
core   0: 0x80009d78 (0xff9ff06f) j       pc - 0x8
core   0: 3 0x80009d78 (0xff9ff06f)
core   0: 0x80009d70 (0x00006f17) auipc   t5, 0x6
core   0: 3 0x80009d70 (0x00006f17) x30 0x8000fd70
core   0: 0x80009d74 (0x283f2823) sw      gp, 656(t5)
core   0: 3 0x80009d74 (0x283f2823) mem 0x80010000 0x00000001
core   0: 0x80009d78 (0xff9ff06f) j       pc - 0x8
core   0: 3 0x80009d78 (0xff9ff06f)
core   0: 0x80009d70 (0x00006f17) auipc   t5, 0x6
core   0: 3 0x80009d70 (0x00006f17) x30 0x8000fd70
core   0: 0x80009d74 (0x283f2823) sw      gp, 656(t5)
core   0: 3 0x80009d74 (0x283f2823) mem 0x80010000 0x00000001
core   0: 0x80009d78 (0xff9ff06f) j       pc - 0x8
core   0: 3 0x80009d78 (0xff9ff06f)
core   0: 0x80009d70 (0x00006f17) auipc   t5, 0x6
core   0: 3 0x80009d70 (0x00006f17) x30 0x8000fd70
core   0: 0x80009d74 (0x283f2823) sw      gp, 656(t5)
core   0: 3 0x80009d74 (0x283f2823) mem 0x80010000 0x00000001
core   0: 0x80009d78 (0xff9ff06f) j       pc - 0x8
core   0: 3 0x80009d78 (0xff9ff06f)
core   0: 0x80009d70 (0x00006f17) auipc   t5, 0x6
core   0: 3 0x80009d70 (0x00006f17) x30 0x8000fd70
core   0: 0x80009d74 (0x283f2823) sw      gp, 656(t5)
core   0: 3 0x80009d74 (0x283f2823) mem 0x80010000 0x00000001
core   0: 0x80009d78 (0xff9ff06f) j       pc - 0x8
core   0: 3 0x80009d78 (0xff9ff06f)
core   0: 0x80009d70 (0x00006f17) auipc   t5, 0x6
core   0: 3 0x80009d70 (0x00006f17) x30 0x8000fd70
core   0: 0x80009d74 (0x283f2823) sw      gp, 656(t5)
core   0: 3 0x80009d74 (0x283f2823) mem 0x80010000 0x00000001
core   0: 0x80009d78 (0xff9ff06f) j       pc - 0x8
core   0: 3 0x80009d78 (0xff9ff06f)
core   0: 0x80009d70 (0x00006f17) auipc   t5, 0x6
core   0: 3 0x80009d70 (0x00006f17) x30 0x8000fd70
core   0: 0x80009d74 (0x283f2823) sw      gp, 656(t5)
core   0: 3 0x80009d74 (0x283f2823) mem 0x80010000 0x00000001
core   0: 0x80009d78 (0xff9ff06f) j       pc - 0x8
core   0: 3 0x80009d78 (0xff9ff06f)
core   0: 0x80009d70 (0x00006f17) auipc   t5, 0x6
core   0: 3 0x80009d70 (0x00006f17) x30 0x8000fd70
core   0: 0x80009d74 (0x283f2823) sw      gp, 656(t5)
core   0: 3 0x80009d74 (0x283f2823) mem 0x80010000 0x00000001
core   0: 0x80009d78 (0xff9ff06f) j       pc - 0x8
core   0: 3 0x80009d78 (0xff9ff06f)
core   0: 0x80009d70 (0x00006f17) auipc   t5, 0x6
core   0: 3 0x80009d70 (0x00006f17) x30 0x8000fd70
core   0: 0x80009d74 (0x283f2823) sw      gp, 656(t5)
core   0: 3 0x80009d74 (0x283f2823) mem 0x80010000 0x00000001
core   0: 0x80009d78 (0xff9ff06f) j       pc - 0x8
core   0: 3 0x80009d78 (0xff9ff06f)
core   0: 0x80009d70 (0x00006f17) auipc   t5, 0x6
core   0: 3 0x80009d70 (0x00006f17) x30 0x8000fd70
core   0: 0x80009d74 (0x283f2823) sw      gp, 656(t5)
core   0: 3 0x80009d74 (0x283f2823) mem 0x80010000 0x00000001
core   0: 0x80009d78 (0xff9ff06f) j       pc - 0x8
core   0: 3 0x80009d78 (0xff9ff06f)
core   0: 0x80009d70 (0x00006f17) auipc   t5, 0x6
core   0: 3 0x80009d70 (0x00006f17) x30 0x8000fd70
core   0: 0x80009d74 (0x283f2823) sw      gp, 656(t5)
core   0: 3 0x80009d74 (0x283f2823) mem 0x80010000 0x00000001
core   0: 0x80009d78 (0xff9ff06f) j       pc - 0x8
core   0: 3 0x80009d78 (0xff9ff06f)
core   0: 0x80009d70 (0x00006f17) auipc   t5, 0x6
core   0: 3 0x80009d70 (0x00006f17) x30 0x8000fd70
core   0: 0x80009d74 (0x283f2823) sw      gp, 656(t5)
core   0: 3 0x80009d74 (0x283f2823) mem 0x80010000 0x00000001
core   0: 0x80009d78 (0xff9ff06f) j       pc - 0x8
core   0: 3 0x80009d78 (0xff9ff06f)
core   0: 0x80009d70 (0x00006f17) auipc   t5, 0x6
core   0: 3 0x80009d70 (0x00006f17) x30 0x8000fd70
core   0: 0x80009d74 (0x283f2823) sw      gp, 656(t5)
core   0: 3 0x80009d74 (0x283f2823) mem 0x80010000 0x00000001
core   0: 0x80009d78 (0xff9ff06f) j       pc - 0x8
core   0: 3 0x80009d78 (0xff9ff06f)
core   0: 0x80009d70 (0x00006f17) auipc   t5, 0x6
core   0: 3 0x80009d70 (0x00006f17) x30 0x8000fd70
core   0: 0x80009d74 (0x283f2823) sw      gp, 656(t5)
core   0: 3 0x80009d74 (0x283f2823) mem 0x80010000 0x00000001
core   0: 0x80009d78 (0xff9ff06f) j       pc - 0x8
core   0: 3 0x80009d78 (0xff9ff06f)
core   0: 0x80009d70 (0x00006f17) auipc   t5, 0x6
core   0: 3 0x80009d70 (0x00006f17) x30 0x8000fd70
core   0: 0x80009d74 (0x283f2823) sw      gp, 656(t5)
core   0: 3 0x80009d74 (0x283f2823) mem 0x80010000 0x00000001
core   0: 0x80009d78 (0xff9ff06f) j       pc - 0x8
core   0: 3 0x80009d78 (0xff9ff06f)
core   0: 0x80009d70 (0x00006f17) auipc   t5, 0x6
core   0: 3 0x80009d70 (0x00006f17) x30 0x8000fd70
core   0: 0x80009d74 (0x283f2823) sw      gp, 656(t5)
core   0: 3 0x80009d74 (0x283f2823) mem 0x80010000 0x00000001
core   0: 0x80009d78 (0xff9ff06f) j       pc - 0x8
core   0: 3 0x80009d78 (0xff9ff06f)
core   0: 0x80009d70 (0x00006f17) auipc   t5, 0x6
core   0: 3 0x80009d70 (0x00006f17) x30 0x8000fd70
core   0: 0x80009d74 (0x283f2823) sw      gp, 656(t5)
core   0: 3 0x80009d74 (0x283f2823) mem 0x80010000 0x00000001
core   0: 0x80009d78 (0xff9ff06f) j       pc - 0x8
core   0: 3 0x80009d78 (0xff9ff06f)
core   0: 0x80009d70 (0x00006f17) auipc   t5, 0x6
core   0: 3 0x80009d70 (0x00006f17) x30 0x8000fd70
core   0: 0x80009d74 (0x283f2823) sw      gp, 656(t5)
core   0: 3 0x80009d74 (0x283f2823) mem 0x80010000 0x00000001
core   0: 0x80009d78 (0xff9ff06f) j       pc - 0x8
core   0: 3 0x80009d78 (0xff9ff06f)
core   0: 0x80009d70 (0x00006f17) auipc   t5, 0x6
core   0: 3 0x80009d70 (0x00006f17) x30 0x8000fd70
core   0: 0x80009d74 (0x283f2823) sw      gp, 656(t5)
core   0: 3 0x80009d74 (0x283f2823) mem 0x80010000 0x00000001
core   0: 0x80009d78 (0xff9ff06f) j       pc - 0x8
core   0: 3 0x80009d78 (0xff9ff06f)
core   0: 0x80009d70 (0x00006f17) auipc   t5, 0x6
core   0: 3 0x80009d70 (0x00006f17) x30 0x8000fd70
core   0: 0x80009d74 (0x283f2823) sw      gp, 656(t5)
core   0: 3 0x80009d74 (0x283f2823) mem 0x80010000 0x00000001
core   0: 0x80009d78 (0xff9ff06f) j       pc - 0x8
core   0: 3 0x80009d78 (0xff9ff06f)
core   0: 0x80009d70 (0x00006f17) auipc   t5, 0x6
core   0: 3 0x80009d70 (0x00006f17) x30 0x8000fd70
core   0: 0x80009d74 (0x283f2823) sw      gp, 656(t5)
core   0: 3 0x80009d74 (0x283f2823) mem 0x80010000 0x00000001
core   0: 0x80009d78 (0xff9ff06f) j       pc - 0x8
core   0: 3 0x80009d78 (0xff9ff06f)
core   0: 0x80009d70 (0x00006f17) auipc   t5, 0x6
core   0: 3 0x80009d70 (0x00006f17) x30 0x8000fd70
core   0: 0x80009d74 (0x283f2823) sw      gp, 656(t5)
core   0: 3 0x80009d74 (0x283f2823) mem 0x80010000 0x00000001
core   0: 0x80009d78 (0xff9ff06f) j       pc - 0x8
core   0: 3 0x80009d78 (0xff9ff06f)
core   0: 0x80009d70 (0x00006f17) auipc   t5, 0x6
core   0: 3 0x80009d70 (0x00006f17) x30 0x8000fd70
core   0: 0x80009d74 (0x283f2823) sw      gp, 656(t5)
core   0: 3 0x80009d74 (0x283f2823) mem 0x80010000 0x00000001
core   0: 0x80009d78 (0xff9ff06f) j       pc - 0x8
core   0: 3 0x80009d78 (0xff9ff06f)
core   0: 0x80009d70 (0x00006f17) auipc   t5, 0x6
core   0: 3 0x80009d70 (0x00006f17) x30 0x8000fd70
core   0: 0x80009d74 (0x283f2823) sw      gp, 656(t5)
core   0: 3 0x80009d74 (0x283f2823) mem 0x80010000 0x00000001
core   0: 0x80009d78 (0xff9ff06f) j       pc - 0x8
core   0: 3 0x80009d78 (0xff9ff06f)
core   0: 0x80009d70 (0x00006f17) auipc   t5, 0x6
core   0: 3 0x80009d70 (0x00006f17) x30 0x8000fd70
core   0: 0x80009d74 (0x283f2823) sw      gp, 656(t5)
core   0: 3 0x80009d74 (0x283f2823) mem 0x80010000 0x00000001
core   0: 0x80009d78 (0xff9ff06f) j       pc - 0x8
core   0: 3 0x80009d78 (0xff9ff06f)
core   0: 0x80009d70 (0x00006f17) auipc   t5, 0x6
core   0: 3 0x80009d70 (0x00006f17) x30 0x8000fd70
core   0: 0x80009d74 (0x283f2823) sw      gp, 656(t5)
core   0: 3 0x80009d74 (0x283f2823) mem 0x80010000 0x00000001
core   0: 0x80009d78 (0xff9ff06f) j       pc - 0x8
core   0: 3 0x80009d78 (0xff9ff06f)
core   0: 0x80009d70 (0x00006f17) auipc   t5, 0x6
core   0: 3 0x80009d70 (0x00006f17) x30 0x8000fd70
core   0: 0x80009d74 (0x283f2823) sw      gp, 656(t5)
core   0: 3 0x80009d74 (0x283f2823) mem 0x80010000 0x00000001
core   0: 0x80009d78 (0xff9ff06f) j       pc - 0x8
core   0: 3 0x80009d78 (0xff9ff06f)
core   0: 0x80009d70 (0x00006f17) auipc   t5, 0x6
core   0: 3 0x80009d70 (0x00006f17) x30 0x8000fd70
core   0: 0x80009d74 (0x283f2823) sw      gp, 656(t5)
core   0: 3 0x80009d74 (0x283f2823) mem 0x80010000 0x00000001
core   0: 0x80009d78 (0xff9ff06f) j       pc - 0x8
core   0: 3 0x80009d78 (0xff9ff06f)
core   0: 0x80009d70 (0x00006f17) auipc   t5, 0x6
core   0: 3 0x80009d70 (0x00006f17) x30 0x8000fd70
core   0: 0x80009d74 (0x283f2823) sw      gp, 656(t5)
core   0: 3 0x80009d74 (0x283f2823) mem 0x80010000 0x00000001
core   0: 0x80009d78 (0xff9ff06f) j       pc - 0x8
core   0: 3 0x80009d78 (0xff9ff06f)
core   0: 0x80009d70 (0x00006f17) auipc   t5, 0x6
core   0: 3 0x80009d70 (0x00006f17) x30 0x8000fd70
core   0: 0x80009d74 (0x283f2823) sw      gp, 656(t5)
core   0: 3 0x80009d74 (0x283f2823) mem 0x80010000 0x00000001
core   0: 0x80009d78 (0xff9ff06f) j       pc - 0x8
core   0: 3 0x80009d78 (0xff9ff06f)
core   0: 0x80009d70 (0x00006f17) auipc   t5, 0x6
core   0: 3 0x80009d70 (0x00006f17) x30 0x8000fd70
core   0: 0x80009d74 (0x283f2823) sw      gp, 656(t5)
core   0: 3 0x80009d74 (0x283f2823) mem 0x80010000 0x00000001
core   0: 0x80009d78 (0xff9ff06f) j       pc - 0x8
core   0: 3 0x80009d78 (0xff9ff06f)
core   0: 0x80009d70 (0x00006f17) auipc   t5, 0x6
core   0: 3 0x80009d70 (0x00006f17) x30 0x8000fd70
core   0: 0x80009d74 (0x283f2823) sw      gp, 656(t5)
core   0: 3 0x80009d74 (0x283f2823) mem 0x80010000 0x00000001
core   0: 0x80009d78 (0xff9ff06f) j       pc - 0x8
core   0: 3 0x80009d78 (0xff9ff06f)
core   0: 0x80009d70 (0x00006f17) auipc   t5, 0x6
core   0: 3 0x80009d70 (0x00006f17) x30 0x8000fd70
core   0: 0x80009d74 (0x283f2823) sw      gp, 656(t5)
core   0: 3 0x80009d74 (0x283f2823) mem 0x80010000 0x00000001
core   0: 0x80009d78 (0xff9ff06f) j       pc - 0x8
core   0: 3 0x80009d78 (0xff9ff06f)
core   0: 0x80009d70 (0x00006f17) auipc   t5, 0x6
core   0: 3 0x80009d70 (0x00006f17) x30 0x8000fd70
core   0: 0x80009d74 (0x283f2823) sw      gp, 656(t5)
core   0: 3 0x80009d74 (0x283f2823) mem 0x80010000 0x00000001
core   0: 0x80009d78 (0xff9ff06f) j       pc - 0x8
core   0: 3 0x80009d78 (0xff9ff06f)
core   0: 0x80009d70 (0x00006f17) auipc   t5, 0x6
core   0: 3 0x80009d70 (0x00006f17) x30 0x8000fd70
core   0: 0x80009d74 (0x283f2823) sw      gp, 656(t5)
core   0: 3 0x80009d74 (0x283f2823) mem 0x80010000 0x00000001
core   0: 0x80009d78 (0xff9ff06f) j       pc - 0x8
core   0: 3 0x80009d78 (0xff9ff06f)
core   0: 0x80009d70 (0x00006f17) auipc   t5, 0x6
core   0: 3 0x80009d70 (0x00006f17) x30 0x8000fd70
core   0: 0x80009d74 (0x283f2823) sw      gp, 656(t5)
core   0: 3 0x80009d74 (0x283f2823) mem 0x80010000 0x00000001
core   0: 0x80009d78 (0xff9ff06f) j       pc - 0x8
core   0: 3 0x80009d78 (0xff9ff06f)
core   0: 0x80009d70 (0x00006f17) auipc   t5, 0x6
core   0: 3 0x80009d70 (0x00006f17) x30 0x8000fd70
core   0: 0x80009d74 (0x283f2823) sw      gp, 656(t5)
core   0: 3 0x80009d74 (0x283f2823) mem 0x80010000 0x00000001
core   0: 0x80009d78 (0xff9ff06f) j       pc - 0x8
core   0: 3 0x80009d78 (0xff9ff06f)
core   0: 0x80009d70 (0x00006f17) auipc   t5, 0x6
core   0: 3 0x80009d70 (0x00006f17) x30 0x8000fd70
core   0: 0x80009d74 (0x283f2823) sw      gp, 656(t5)
core   0: 3 0x80009d74 (0x283f2823) mem 0x80010000 0x00000001
core   0: 0x80009d78 (0xff9ff06f) j       pc - 0x8
core   0: 3 0x80009d78 (0xff9ff06f)
core   0: 0x80009d70 (0x00006f17) auipc   t5, 0x6
core   0: 3 0x80009d70 (0x00006f17) x30 0x8000fd70
core   0: 0x80009d74 (0x283f2823) sw      gp, 656(t5)
core   0: 3 0x80009d74 (0x283f2823) mem 0x80010000 0x00000001
core   0: 0x80009d78 (0xff9ff06f) j       pc - 0x8
core   0: 3 0x80009d78 (0xff9ff06f)
core   0: 0x80009d70 (0x00006f17) auipc   t5, 0x6
core   0: 3 0x80009d70 (0x00006f17) x30 0x8000fd70
core   0: 0x80009d74 (0x283f2823) sw      gp, 656(t5)
core   0: 3 0x80009d74 (0x283f2823) mem 0x80010000 0x00000001
core   0: 0x80009d78 (0xff9ff06f) j       pc - 0x8
core   0: 3 0x80009d78 (0xff9ff06f)
core   0: 0x80009d70 (0x00006f17) auipc   t5, 0x6
core   0: 3 0x80009d70 (0x00006f17) x30 0x8000fd70
core   0: 0x80009d74 (0x283f2823) sw      gp, 656(t5)
core   0: 3 0x80009d74 (0x283f2823) mem 0x80010000 0x00000001
core   0: 0x80009d78 (0xff9ff06f) j       pc - 0x8
core   0: 3 0x80009d78 (0xff9ff06f)
core   0: 0x80009d70 (0x00006f17) auipc   t5, 0x6
core   0: 3 0x80009d70 (0x00006f17) x30 0x8000fd70
core   0: 0x80009d74 (0x283f2823) sw      gp, 656(t5)
core   0: 3 0x80009d74 (0x283f2823) mem 0x80010000 0x00000001
core   0: 0x80009d78 (0xff9ff06f) j       pc - 0x8
core   0: 3 0x80009d78 (0xff9ff06f)
core   0: 0x80009d70 (0x00006f17) auipc   t5, 0x6
core   0: 3 0x80009d70 (0x00006f17) x30 0x8000fd70
core   0: 0x80009d74 (0x283f2823) sw      gp, 656(t5)
core   0: 3 0x80009d74 (0x283f2823) mem 0x80010000 0x00000001
core   0: 0x80009d78 (0xff9ff06f) j       pc - 0x8
core   0: 3 0x80009d78 (0xff9ff06f)
core   0: 0x80009d70 (0x00006f17) auipc   t5, 0x6
core   0: 3 0x80009d70 (0x00006f17) x30 0x8000fd70
core   0: 0x80009d74 (0x283f2823) sw      gp, 656(t5)
core   0: 3 0x80009d74 (0x283f2823) mem 0x80010000 0x00000001
core   0: 0x80009d78 (0xff9ff06f) j       pc - 0x8
core   0: 3 0x80009d78 (0xff9ff06f)
core   0: 0x80009d70 (0x00006f17) auipc   t5, 0x6
core   0: 3 0x80009d70 (0x00006f17) x30 0x8000fd70
core   0: 0x80009d74 (0x283f2823) sw      gp, 656(t5)
core   0: 3 0x80009d74 (0x283f2823) mem 0x80010000 0x00000001
core   0: 0x80009d78 (0xff9ff06f) j       pc - 0x8
core   0: 3 0x80009d78 (0xff9ff06f)
core   0: 0x80009d70 (0x00006f17) auipc   t5, 0x6
core   0: 3 0x80009d70 (0x00006f17) x30 0x8000fd70
core   0: 0x80009d74 (0x283f2823) sw      gp, 656(t5)
core   0: 3 0x80009d74 (0x283f2823) mem 0x80010000 0x00000001
core   0: 0x80009d78 (0xff9ff06f) j       pc - 0x8
core   0: 3 0x80009d78 (0xff9ff06f)
core   0: 0x80009d70 (0x00006f17) auipc   t5, 0x6
core   0: 3 0x80009d70 (0x00006f17) x30 0x8000fd70
core   0: 0x80009d74 (0x283f2823) sw      gp, 656(t5)
core   0: 3 0x80009d74 (0x283f2823) mem 0x80010000 0x00000001
core   0: 0x80009d78 (0xff9ff06f) j       pc - 0x8
core   0: 3 0x80009d78 (0xff9ff06f)
core   0: 0x80009d70 (0x00006f17) auipc   t5, 0x6
core   0: 3 0x80009d70 (0x00006f17) x30 0x8000fd70
core   0: 0x80009d74 (0x283f2823) sw      gp, 656(t5)
core   0: 3 0x80009d74 (0x283f2823) mem 0x80010000 0x00000001
core   0: 0x80009d78 (0xff9ff06f) j       pc - 0x8
core   0: 3 0x80009d78 (0xff9ff06f)
core   0: 0x80009d70 (0x00006f17) auipc   t5, 0x6
core   0: 3 0x80009d70 (0x00006f17) x30 0x8000fd70
core   0: 0x80009d74 (0x283f2823) sw      gp, 656(t5)
core   0: 3 0x80009d74 (0x283f2823) mem 0x80010000 0x00000001
core   0: 0x80009d78 (0xff9ff06f) j       pc - 0x8
core   0: 3 0x80009d78 (0xff9ff06f)
core   0: 0x80009d70 (0x00006f17) auipc   t5, 0x6
core   0: 3 0x80009d70 (0x00006f17) x30 0x8000fd70
core   0: 0x80009d74 (0x283f2823) sw      gp, 656(t5)
core   0: 3 0x80009d74 (0x283f2823) mem 0x80010000 0x00000001
core   0: 0x80009d78 (0xff9ff06f) j       pc - 0x8
core   0: 3 0x80009d78 (0xff9ff06f)
core   0: 0x80009d70 (0x00006f17) auipc   t5, 0x6
core   0: 3 0x80009d70 (0x00006f17) x30 0x8000fd70
core   0: 0x80009d74 (0x283f2823) sw      gp, 656(t5)
core   0: 3 0x80009d74 (0x283f2823) mem 0x80010000 0x00000001
core   0: 0x80009d78 (0xff9ff06f) j       pc - 0x8
core   0: 3 0x80009d78 (0xff9ff06f)
core   0: 0x80009d70 (0x00006f17) auipc   t5, 0x6
core   0: 3 0x80009d70 (0x00006f17) x30 0x8000fd70
core   0: 0x80009d74 (0x283f2823) sw      gp, 656(t5)
core   0: 3 0x80009d74 (0x283f2823) mem 0x80010000 0x00000001
core   0: 0x80009d78 (0xff9ff06f) j       pc - 0x8
core   0: 3 0x80009d78 (0xff9ff06f)
core   0: 0x80009d70 (0x00006f17) auipc   t5, 0x6
core   0: 3 0x80009d70 (0x00006f17) x30 0x8000fd70
core   0: 0x80009d74 (0x283f2823) sw      gp, 656(t5)
core   0: 3 0x80009d74 (0x283f2823) mem 0x80010000 0x00000001
core   0: 0x80009d78 (0xff9ff06f) j       pc - 0x8
core   0: 3 0x80009d78 (0xff9ff06f)
core   0: 0x80009d70 (0x00006f17) auipc   t5, 0x6
core   0: 3 0x80009d70 (0x00006f17) x30 0x8000fd70
core   0: 0x80009d74 (0x283f2823) sw      gp, 656(t5)
core   0: 3 0x80009d74 (0x283f2823) mem 0x80010000 0x00000001
core   0: 0x80009d78 (0xff9ff06f) j       pc - 0x8
core   0: 3 0x80009d78 (0xff9ff06f)
core   0: 0x80009d70 (0x00006f17) auipc   t5, 0x6
core   0: 3 0x80009d70 (0x00006f17) x30 0x8000fd70
core   0: 0x80009d74 (0x283f2823) sw      gp, 656(t5)
core   0: 3 0x80009d74 (0x283f2823) mem 0x80010000 0x00000001
core   0: 0x80009d78 (0xff9ff06f) j       pc - 0x8
core   0: 3 0x80009d78 (0xff9ff06f)
core   0: 0x80009d70 (0x00006f17) auipc   t5, 0x6
core   0: 3 0x80009d70 (0x00006f17) x30 0x8000fd70
core   0: 0x80009d74 (0x283f2823) sw      gp, 656(t5)
core   0: 3 0x80009d74 (0x283f2823) mem 0x80010000 0x00000001
core   0: 0x80009d78 (0xff9ff06f) j       pc - 0x8
core   0: 3 0x80009d78 (0xff9ff06f)
core   0: 0x80009d70 (0x00006f17) auipc   t5, 0x6
core   0: 3 0x80009d70 (0x00006f17) x30 0x8000fd70
core   0: 0x80009d74 (0x283f2823) sw      gp, 656(t5)
core   0: 3 0x80009d74 (0x283f2823) mem 0x80010000 0x00000001
core   0: 0x80009d78 (0xff9ff06f) j       pc - 0x8
core   0: 3 0x80009d78 (0xff9ff06f)
core   0: 0x80009d70 (0x00006f17) auipc   t5, 0x6
core   0: 3 0x80009d70 (0x00006f17) x30 0x8000fd70
core   0: 0x80009d74 (0x283f2823) sw      gp, 656(t5)
core   0: 3 0x80009d74 (0x283f2823) mem 0x80010000 0x00000001
core   0: 0x80009d78 (0xff9ff06f) j       pc - 0x8
core   0: 3 0x80009d78 (0xff9ff06f)
core   0: 0x80009d70 (0x00006f17) auipc   t5, 0x6
core   0: 3 0x80009d70 (0x00006f17) x30 0x8000fd70
core   0: 0x80009d74 (0x283f2823) sw      gp, 656(t5)
core   0: 3 0x80009d74 (0x283f2823) mem 0x80010000 0x00000001
core   0: 0x80009d78 (0xff9ff06f) j       pc - 0x8
core   0: 3 0x80009d78 (0xff9ff06f)
core   0: 0x80009d70 (0x00006f17) auipc   t5, 0x6
core   0: 3 0x80009d70 (0x00006f17) x30 0x8000fd70
core   0: 0x80009d74 (0x283f2823) sw      gp, 656(t5)
core   0: 3 0x80009d74 (0x283f2823) mem 0x80010000 0x00000001
core   0: 0x80009d78 (0xff9ff06f) j       pc - 0x8
core   0: 3 0x80009d78 (0xff9ff06f)
core   0: 0x80009d70 (0x00006f17) auipc   t5, 0x6
core   0: 3 0x80009d70 (0x00006f17) x30 0x8000fd70
core   0: 0x80009d74 (0x283f2823) sw      gp, 656(t5)
core   0: 3 0x80009d74 (0x283f2823) mem 0x80010000 0x00000001
core   0: 0x80009d78 (0xff9ff06f) j       pc - 0x8
core   0: 3 0x80009d78 (0xff9ff06f)
core   0: 0x80009d70 (0x00006f17) auipc   t5, 0x6
core   0: 3 0x80009d70 (0x00006f17) x30 0x8000fd70
core   0: 0x80009d74 (0x283f2823) sw      gp, 656(t5)
core   0: 3 0x80009d74 (0x283f2823) mem 0x80010000 0x00000001
core   0: 0x80009d78 (0xff9ff06f) j       pc - 0x8
core   0: 3 0x80009d78 (0xff9ff06f)
core   0: 0x80009d70 (0x00006f17) auipc   t5, 0x6
core   0: 3 0x80009d70 (0x00006f17) x30 0x8000fd70
core   0: 0x80009d74 (0x283f2823) sw      gp, 656(t5)
core   0: 3 0x80009d74 (0x283f2823) mem 0x80010000 0x00000001
core   0: 0x80009d78 (0xff9ff06f) j       pc - 0x8
core   0: 3 0x80009d78 (0xff9ff06f)
core   0: 0x80009d70 (0x00006f17) auipc   t5, 0x6
core   0: 3 0x80009d70 (0x00006f17) x30 0x8000fd70
core   0: 0x80009d74 (0x283f2823) sw      gp, 656(t5)
core   0: 3 0x80009d74 (0x283f2823) mem 0x80010000 0x00000001
core   0: 0x80009d78 (0xff9ff06f) j       pc - 0x8
core   0: 3 0x80009d78 (0xff9ff06f)
core   0: 0x80009d70 (0x00006f17) auipc   t5, 0x6
core   0: 3 0x80009d70 (0x00006f17) x30 0x8000fd70
core   0: 0x80009d74 (0x283f2823) sw      gp, 656(t5)
core   0: 3 0x80009d74 (0x283f2823) mem 0x80010000 0x00000001
core   0: 0x80009d78 (0xff9ff06f) j       pc - 0x8
core   0: 3 0x80009d78 (0xff9ff06f)
core   0: 0x80009d70 (0x00006f17) auipc   t5, 0x6
core   0: 3 0x80009d70 (0x00006f17) x30 0x8000fd70
core   0: 0x80009d74 (0x283f2823) sw      gp, 656(t5)
core   0: 3 0x80009d74 (0x283f2823) mem 0x80010000 0x00000001
core   0: 0x80009d78 (0xff9ff06f) j       pc - 0x8
core   0: 3 0x80009d78 (0xff9ff06f)
core   0: 0x80009d70 (0x00006f17) auipc   t5, 0x6
core   0: 3 0x80009d70 (0x00006f17) x30 0x8000fd70
core   0: 0x80009d74 (0x283f2823) sw      gp, 656(t5)
core   0: 3 0x80009d74 (0x283f2823) mem 0x80010000 0x00000001
core   0: 0x80009d78 (0xff9ff06f) j       pc - 0x8
core   0: 3 0x80009d78 (0xff9ff06f)
core   0: 0x80009d70 (0x00006f17) auipc   t5, 0x6
core   0: 3 0x80009d70 (0x00006f17) x30 0x8000fd70
core   0: 0x80009d74 (0x283f2823) sw      gp, 656(t5)
core   0: 3 0x80009d74 (0x283f2823) mem 0x80010000 0x00000001
core   0: 0x80009d78 (0xff9ff06f) j       pc - 0x8
core   0: 3 0x80009d78 (0xff9ff06f)
core   0: 0x80009d70 (0x00006f17) auipc   t5, 0x6
core   0: 3 0x80009d70 (0x00006f17) x30 0x8000fd70
core   0: 0x80009d74 (0x283f2823) sw      gp, 656(t5)
core   0: 3 0x80009d74 (0x283f2823) mem 0x80010000 0x00000001
core   0: 0x80009d78 (0xff9ff06f) j       pc - 0x8
core   0: 3 0x80009d78 (0xff9ff06f)
core   0: 0x80009d70 (0x00006f17) auipc   t5, 0x6
core   0: 3 0x80009d70 (0x00006f17) x30 0x8000fd70
core   0: 0x80009d74 (0x283f2823) sw      gp, 656(t5)
core   0: 3 0x80009d74 (0x283f2823) mem 0x80010000 0x00000001
core   0: 0x80009d78 (0xff9ff06f) j       pc - 0x8
core   0: 3 0x80009d78 (0xff9ff06f)
core   0: 0x80009d70 (0x00006f17) auipc   t5, 0x6
core   0: 3 0x80009d70 (0x00006f17) x30 0x8000fd70
core   0: 0x80009d74 (0x283f2823) sw      gp, 656(t5)
core   0: 3 0x80009d74 (0x283f2823) mem 0x80010000 0x00000001
core   0: 0x80009d78 (0xff9ff06f) j       pc - 0x8
core   0: 3 0x80009d78 (0xff9ff06f)
core   0: 0x80009d70 (0x00006f17) auipc   t5, 0x6
core   0: 3 0x80009d70 (0x00006f17) x30 0x8000fd70
core   0: 0x80009d74 (0x283f2823) sw      gp, 656(t5)
core   0: 3 0x80009d74 (0x283f2823) mem 0x80010000 0x00000001
core   0: 0x80009d78 (0xff9ff06f) j       pc - 0x8
core   0: 3 0x80009d78 (0xff9ff06f)
core   0: 0x80009d70 (0x00006f17) auipc   t5, 0x6
core   0: 3 0x80009d70 (0x00006f17) x30 0x8000fd70
core   0: 0x80009d74 (0x283f2823) sw      gp, 656(t5)
core   0: 3 0x80009d74 (0x283f2823) mem 0x80010000 0x00000001
core   0: 0x80009d78 (0xff9ff06f) j       pc - 0x8
core   0: 3 0x80009d78 (0xff9ff06f)
core   0: 0x80009d70 (0x00006f17) auipc   t5, 0x6
core   0: 3 0x80009d70 (0x00006f17) x30 0x8000fd70
core   0: 0x80009d74 (0x283f2823) sw      gp, 656(t5)
core   0: 3 0x80009d74 (0x283f2823) mem 0x80010000 0x00000001
core   0: 0x80009d78 (0xff9ff06f) j       pc - 0x8
core   0: 3 0x80009d78 (0xff9ff06f)
core   0: 0x80009d70 (0x00006f17) auipc   t5, 0x6
core   0: 3 0x80009d70 (0x00006f17) x30 0x8000fd70
core   0: 0x80009d74 (0x283f2823) sw      gp, 656(t5)
core   0: 3 0x80009d74 (0x283f2823) mem 0x80010000 0x00000001
core   0: 0x80009d78 (0xff9ff06f) j       pc - 0x8
core   0: 3 0x80009d78 (0xff9ff06f)
core   0: 0x80009d70 (0x00006f17) auipc   t5, 0x6
core   0: 3 0x80009d70 (0x00006f17) x30 0x8000fd70
core   0: 0x80009d74 (0x283f2823) sw      gp, 656(t5)
core   0: 3 0x80009d74 (0x283f2823) mem 0x80010000 0x00000001
core   0: 0x80009d78 (0xff9ff06f) j       pc - 0x8
core   0: 3 0x80009d78 (0xff9ff06f)
core   0: 0x80009d70 (0x00006f17) auipc   t5, 0x6
core   0: 3 0x80009d70 (0x00006f17) x30 0x8000fd70
core   0: 0x80009d74 (0x283f2823) sw      gp, 656(t5)
core   0: 3 0x80009d74 (0x283f2823) mem 0x80010000 0x00000001
core   0: 0x80009d78 (0xff9ff06f) j       pc - 0x8
core   0: 3 0x80009d78 (0xff9ff06f)
core   0: 0x80009d70 (0x00006f17) auipc   t5, 0x6
core   0: 3 0x80009d70 (0x00006f17) x30 0x8000fd70
core   0: 0x80009d74 (0x283f2823) sw      gp, 656(t5)
core   0: 3 0x80009d74 (0x283f2823) mem 0x80010000 0x00000001
core   0: 0x80009d78 (0xff9ff06f) j       pc - 0x8
core   0: 3 0x80009d78 (0xff9ff06f)
core   0: 0x80009d70 (0x00006f17) auipc   t5, 0x6
core   0: 3 0x80009d70 (0x00006f17) x30 0x8000fd70
core   0: 0x80009d74 (0x283f2823) sw      gp, 656(t5)
core   0: 3 0x80009d74 (0x283f2823) mem 0x80010000 0x00000001
core   0: 0x80009d78 (0xff9ff06f) j       pc - 0x8
core   0: 3 0x80009d78 (0xff9ff06f)
core   0: 0x80009d70 (0x00006f17) auipc   t5, 0x6
core   0: 3 0x80009d70 (0x00006f17) x30 0x8000fd70
core   0: 0x80009d74 (0x283f2823) sw      gp, 656(t5)
core   0: 3 0x80009d74 (0x283f2823) mem 0x80010000 0x00000001
core   0: 0x80009d78 (0xff9ff06f) j       pc - 0x8
core   0: 3 0x80009d78 (0xff9ff06f)
core   0: 0x80009d70 (0x00006f17) auipc   t5, 0x6
core   0: 3 0x80009d70 (0x00006f17) x30 0x8000fd70
core   0: 0x80009d74 (0x283f2823) sw      gp, 656(t5)
core   0: 3 0x80009d74 (0x283f2823) mem 0x80010000 0x00000001
core   0: 0x80009d78 (0xff9ff06f) j       pc - 0x8
core   0: 3 0x80009d78 (0xff9ff06f)
core   0: 0x80009d70 (0x00006f17) auipc   t5, 0x6
core   0: 3 0x80009d70 (0x00006f17) x30 0x8000fd70
core   0: 0x80009d74 (0x283f2823) sw      gp, 656(t5)
core   0: 3 0x80009d74 (0x283f2823) mem 0x80010000 0x00000001
core   0: 0x80009d78 (0xff9ff06f) j       pc - 0x8
core   0: 3 0x80009d78 (0xff9ff06f)
core   0: 0x80009d70 (0x00006f17) auipc   t5, 0x6
core   0: 3 0x80009d70 (0x00006f17) x30 0x8000fd70
core   0: 0x80009d74 (0x283f2823) sw      gp, 656(t5)
core   0: 3 0x80009d74 (0x283f2823) mem 0x80010000 0x00000001
core   0: 0x80009d78 (0xff9ff06f) j       pc - 0x8
core   0: 3 0x80009d78 (0xff9ff06f)
core   0: 0x80009d70 (0x00006f17) auipc   t5, 0x6
core   0: 3 0x80009d70 (0x00006f17) x30 0x8000fd70
core   0: 0x80009d74 (0x283f2823) sw      gp, 656(t5)
core   0: 3 0x80009d74 (0x283f2823) mem 0x80010000 0x00000001
core   0: 0x80009d78 (0xff9ff06f) j       pc - 0x8
core   0: 3 0x80009d78 (0xff9ff06f)
core   0: 0x80009d70 (0x00006f17) auipc   t5, 0x6
core   0: 3 0x80009d70 (0x00006f17) x30 0x8000fd70
core   0: 0x80009d74 (0x283f2823) sw      gp, 656(t5)
core   0: 3 0x80009d74 (0x283f2823) mem 0x80010000 0x00000001
core   0: 0x80009d78 (0xff9ff06f) j       pc - 0x8
core   0: 3 0x80009d78 (0xff9ff06f)
core   0: 0x80009d70 (0x00006f17) auipc   t5, 0x6
core   0: 3 0x80009d70 (0x00006f17) x30 0x8000fd70
core   0: 0x80009d74 (0x283f2823) sw      gp, 656(t5)
core   0: 3 0x80009d74 (0x283f2823) mem 0x80010000 0x00000001
core   0: 0x80009d78 (0xff9ff06f) j       pc - 0x8
core   0: 3 0x80009d78 (0xff9ff06f)
core   0: 0x80009d70 (0x00006f17) auipc   t5, 0x6
core   0: 3 0x80009d70 (0x00006f17) x30 0x8000fd70
core   0: 0x80009d74 (0x283f2823) sw      gp, 656(t5)
core   0: 3 0x80009d74 (0x283f2823) mem 0x80010000 0x00000001
core   0: 0x80009d78 (0xff9ff06f) j       pc - 0x8
core   0: 3 0x80009d78 (0xff9ff06f)
core   0: 0x80009d70 (0x00006f17) auipc   t5, 0x6
core   0: 3 0x80009d70 (0x00006f17) x30 0x8000fd70
core   0: 0x80009d74 (0x283f2823) sw      gp, 656(t5)
core   0: 3 0x80009d74 (0x283f2823) mem 0x80010000 0x00000001
core   0: 0x80009d78 (0xff9ff06f) j       pc - 0x8
core   0: 3 0x80009d78 (0xff9ff06f)
core   0: 0x80009d70 (0x00006f17) auipc   t5, 0x6
core   0: 3 0x80009d70 (0x00006f17) x30 0x8000fd70
core   0: 0x80009d74 (0x283f2823) sw      gp, 656(t5)
core   0: 3 0x80009d74 (0x283f2823) mem 0x80010000 0x00000001
core   0: 0x80009d78 (0xff9ff06f) j       pc - 0x8
core   0: 3 0x80009d78 (0xff9ff06f)
core   0: 0x80009d70 (0x00006f17) auipc   t5, 0x6
core   0: 3 0x80009d70 (0x00006f17) x30 0x8000fd70
core   0: 0x80009d74 (0x283f2823) sw      gp, 656(t5)
core   0: 3 0x80009d74 (0x283f2823) mem 0x80010000 0x00000001
core   0: 0x80009d78 (0xff9ff06f) j       pc - 0x8
core   0: 3 0x80009d78 (0xff9ff06f)
core   0: 0x80009d70 (0x00006f17) auipc   t5, 0x6
core   0: 3 0x80009d70 (0x00006f17) x30 0x8000fd70
core   0: 0x80009d74 (0x283f2823) sw      gp, 656(t5)
core   0: 3 0x80009d74 (0x283f2823) mem 0x80010000 0x00000001
core   0: 0x80009d78 (0xff9ff06f) j       pc - 0x8
core   0: 3 0x80009d78 (0xff9ff06f)
core   0: 0x80009d70 (0x00006f17) auipc   t5, 0x6
core   0: 3 0x80009d70 (0x00006f17) x30 0x8000fd70
core   0: 0x80009d74 (0x283f2823) sw      gp, 656(t5)
core   0: 3 0x80009d74 (0x283f2823) mem 0x80010000 0x00000001
core   0: 0x80009d78 (0xff9ff06f) j       pc - 0x8
core   0: 3 0x80009d78 (0xff9ff06f)
core   0: 0x80009d70 (0x00006f17) auipc   t5, 0x6
core   0: 3 0x80009d70 (0x00006f17) x30 0x8000fd70
core   0: 0x80009d74 (0x283f2823) sw      gp, 656(t5)
core   0: 3 0x80009d74 (0x283f2823) mem 0x80010000 0x00000001
core   0: 0x80009d78 (0xff9ff06f) j       pc - 0x8
core   0: 3 0x80009d78 (0xff9ff06f)
core   0: 0x80009d70 (0x00006f17) auipc   t5, 0x6
core   0: 3 0x80009d70 (0x00006f17) x30 0x8000fd70
core   0: 0x80009d74 (0x283f2823) sw      gp, 656(t5)
core   0: 3 0x80009d74 (0x283f2823) mem 0x80010000 0x00000001
core   0: 0x80009d78 (0xff9ff06f) j       pc - 0x8
core   0: 3 0x80009d78 (0xff9ff06f)
core   0: 0x80009d70 (0x00006f17) auipc   t5, 0x6
core   0: 3 0x80009d70 (0x00006f17) x30 0x8000fd70
core   0: 0x80009d74 (0x283f2823) sw      gp, 656(t5)
core   0: 3 0x80009d74 (0x283f2823) mem 0x80010000 0x00000001
core   0: 0x80009d78 (0xff9ff06f) j       pc - 0x8
core   0: 3 0x80009d78 (0xff9ff06f)
core   0: 0x80009d70 (0x00006f17) auipc   t5, 0x6
core   0: 3 0x80009d70 (0x00006f17) x30 0x8000fd70
core   0: 0x80009d74 (0x283f2823) sw      gp, 656(t5)
core   0: 3 0x80009d74 (0x283f2823) mem 0x80010000 0x00000001
core   0: 0x80009d78 (0xff9ff06f) j       pc - 0x8
core   0: 3 0x80009d78 (0xff9ff06f)
core   0: 0x80009d70 (0x00006f17) auipc   t5, 0x6
core   0: 3 0x80009d70 (0x00006f17) x30 0x8000fd70
core   0: 0x80009d74 (0x283f2823) sw      gp, 656(t5)
core   0: 3 0x80009d74 (0x283f2823) mem 0x80010000 0x00000001
core   0: 0x80009d78 (0xff9ff06f) j       pc - 0x8
core   0: 3 0x80009d78 (0xff9ff06f)
core   0: 0x80009d70 (0x00006f17) auipc   t5, 0x6
core   0: 3 0x80009d70 (0x00006f17) x30 0x8000fd70
core   0: 0x80009d74 (0x283f2823) sw      gp, 656(t5)
core   0: 3 0x80009d74 (0x283f2823) mem 0x80010000 0x00000001
core   0: 0x80009d78 (0xff9ff06f) j       pc - 0x8
core   0: 3 0x80009d78 (0xff9ff06f)
core   0: 0x80009d70 (0x00006f17) auipc   t5, 0x6
core   0: 3 0x80009d70 (0x00006f17) x30 0x8000fd70
core   0: 0x80009d74 (0x283f2823) sw      gp, 656(t5)
core   0: 3 0x80009d74 (0x283f2823) mem 0x80010000 0x00000001
core   0: 0x80009d78 (0xff9ff06f) j       pc - 0x8
core   0: 3 0x80009d78 (0xff9ff06f)
core   0: 0x80009d70 (0x00006f17) auipc   t5, 0x6
core   0: 3 0x80009d70 (0x00006f17) x30 0x8000fd70
core   0: 0x80009d74 (0x283f2823) sw      gp, 656(t5)
core   0: 3 0x80009d74 (0x283f2823) mem 0x80010000 0x00000001
core   0: 0x80009d78 (0xff9ff06f) j       pc - 0x8
core   0: 3 0x80009d78 (0xff9ff06f)
core   0: 0x80009d70 (0x00006f17) auipc   t5, 0x6
core   0: 3 0x80009d70 (0x00006f17) x30 0x8000fd70
core   0: 0x80009d74 (0x283f2823) sw      gp, 656(t5)
core   0: 3 0x80009d74 (0x283f2823) mem 0x80010000 0x00000001
core   0: 0x80009d78 (0xff9ff06f) j       pc - 0x8
core   0: 3 0x80009d78 (0xff9ff06f)
core   0: 0x80009d70 (0x00006f17) auipc   t5, 0x6
core   0: 3 0x80009d70 (0x00006f17) x30 0x8000fd70
core   0: 0x80009d74 (0x283f2823) sw      gp, 656(t5)
core   0: 3 0x80009d74 (0x283f2823) mem 0x80010000 0x00000001
core   0: 0x80009d78 (0xff9ff06f) j       pc - 0x8
core   0: 3 0x80009d78 (0xff9ff06f)
core   0: 0x80009d70 (0x00006f17) auipc   t5, 0x6
core   0: 3 0x80009d70 (0x00006f17) x30 0x8000fd70
core   0: 0x80009d74 (0x283f2823) sw      gp, 656(t5)
core   0: 3 0x80009d74 (0x283f2823) mem 0x80010000 0x00000001
core   0: 0x80009d78 (0xff9ff06f) j       pc - 0x8
core   0: 3 0x80009d78 (0xff9ff06f)
core   0: 0x80009d70 (0x00006f17) auipc   t5, 0x6
core   0: 3 0x80009d70 (0x00006f17) x30 0x8000fd70
core   0: 0x80009d74 (0x283f2823) sw      gp, 656(t5)
core   0: 3 0x80009d74 (0x283f2823) mem 0x80010000 0x00000001
core   0: 0x80009d78 (0xff9ff06f) j       pc - 0x8
core   0: 3 0x80009d78 (0xff9ff06f)
core   0: 0x80009d70 (0x00006f17) auipc   t5, 0x6
core   0: 3 0x80009d70 (0x00006f17) x30 0x8000fd70
core   0: 0x80009d74 (0x283f2823) sw      gp, 656(t5)
core   0: 3 0x80009d74 (0x283f2823) mem 0x80010000 0x00000001
core   0: 0x80009d78 (0xff9ff06f) j       pc - 0x8
core   0: 3 0x80009d78 (0xff9ff06f)
core   0: 0x80009d70 (0x00006f17) auipc   t5, 0x6
core   0: 3 0x80009d70 (0x00006f17) x30 0x8000fd70
core   0: 0x80009d74 (0x283f2823) sw      gp, 656(t5)
core   0: 3 0x80009d74 (0x283f2823) mem 0x80010000 0x00000001
core   0: 0x80009d78 (0xff9ff06f) j       pc - 0x8
core   0: 3 0x80009d78 (0xff9ff06f)
core   0: 0x80009d70 (0x00006f17) auipc   t5, 0x6
core   0: 3 0x80009d70 (0x00006f17) x30 0x8000fd70
core   0: 0x80009d74 (0x283f2823) sw      gp, 656(t5)
core   0: 3 0x80009d74 (0x283f2823) mem 0x80010000 0x00000001
core   0: 0x80009d78 (0xff9ff06f) j       pc - 0x8
core   0: 3 0x80009d78 (0xff9ff06f)
core   0: 0x80009d70 (0x00006f17) auipc   t5, 0x6
core   0: 3 0x80009d70 (0x00006f17) x30 0x8000fd70
core   0: 0x80009d74 (0x283f2823) sw      gp, 656(t5)
core   0: 3 0x80009d74 (0x283f2823) mem 0x80010000 0x00000001
core   0: 0x80009d78 (0xff9ff06f) j       pc - 0x8
core   0: 3 0x80009d78 (0xff9ff06f)
core   0: 0x80009d70 (0x00006f17) auipc   t5, 0x6
core   0: 3 0x80009d70 (0x00006f17) x30 0x8000fd70
core   0: 0x80009d74 (0x283f2823) sw      gp, 656(t5)
core   0: 3 0x80009d74 (0x283f2823) mem 0x80010000 0x00000001
core   0: 0x80009d78 (0xff9ff06f) j       pc - 0x8
core   0: 3 0x80009d78 (0xff9ff06f)
core   0: 0x80009d70 (0x00006f17) auipc   t5, 0x6
core   0: 3 0x80009d70 (0x00006f17) x30 0x8000fd70
core   0: 0x80009d74 (0x283f2823) sw      gp, 656(t5)
core   0: 3 0x80009d74 (0x283f2823) mem 0x80010000 0x00000001
core   0: 0x80009d78 (0xff9ff06f) j       pc - 0x8
core   0: 3 0x80009d78 (0xff9ff06f)
core   0: 0x80009d70 (0x00006f17) auipc   t5, 0x6
core   0: 3 0x80009d70 (0x00006f17) x30 0x8000fd70
core   0: 0x80009d74 (0x283f2823) sw      gp, 656(t5)
core   0: 3 0x80009d74 (0x283f2823) mem 0x80010000 0x00000001
core   0: 0x80009d78 (0xff9ff06f) j       pc - 0x8
core   0: 3 0x80009d78 (0xff9ff06f)
core   0: 0x80009d70 (0x00006f17) auipc   t5, 0x6
core   0: 3 0x80009d70 (0x00006f17) x30 0x8000fd70
core   0: 0x80009d74 (0x283f2823) sw      gp, 656(t5)
core   0: 3 0x80009d74 (0x283f2823) mem 0x80010000 0x00000001
core   0: 0x80009d78 (0xff9ff06f) j       pc - 0x8
core   0: 3 0x80009d78 (0xff9ff06f)
core   0: 0x80009d70 (0x00006f17) auipc   t5, 0x6
core   0: 3 0x80009d70 (0x00006f17) x30 0x8000fd70
core   0: 0x80009d74 (0x283f2823) sw      gp, 656(t5)
core   0: 3 0x80009d74 (0x283f2823) mem 0x80010000 0x00000001
core   0: 0x80009d78 (0xff9ff06f) j       pc - 0x8
core   0: 3 0x80009d78 (0xff9ff06f)
core   0: 0x80009d70 (0x00006f17) auipc   t5, 0x6
core   0: 3 0x80009d70 (0x00006f17) x30 0x8000fd70
core   0: 0x80009d74 (0x283f2823) sw      gp, 656(t5)
core   0: 3 0x80009d74 (0x283f2823) mem 0x80010000 0x00000001
core   0: 0x80009d78 (0xff9ff06f) j       pc - 0x8
core   0: 3 0x80009d78 (0xff9ff06f)
core   0: 0x80009d70 (0x00006f17) auipc   t5, 0x6
core   0: 3 0x80009d70 (0x00006f17) x30 0x8000fd70
core   0: 0x80009d74 (0x283f2823) sw      gp, 656(t5)
core   0: 3 0x80009d74 (0x283f2823) mem 0x80010000 0x00000001
core   0: 0x80009d78 (0xff9ff06f) j       pc - 0x8
core   0: 3 0x80009d78 (0xff9ff06f)
core   0: 0x80009d70 (0x00006f17) auipc   t5, 0x6
core   0: 3 0x80009d70 (0x00006f17) x30 0x8000fd70
core   0: 0x80009d74 (0x283f2823) sw      gp, 656(t5)
core   0: 3 0x80009d74 (0x283f2823) mem 0x80010000 0x00000001
core   0: 0x80009d78 (0xff9ff06f) j       pc - 0x8
core   0: 3 0x80009d78 (0xff9ff06f)
core   0: 0x80009d70 (0x00006f17) auipc   t5, 0x6
core   0: 3 0x80009d70 (0x00006f17) x30 0x8000fd70
core   0: 0x80009d74 (0x283f2823) sw      gp, 656(t5)
core   0: 3 0x80009d74 (0x283f2823) mem 0x80010000 0x00000001
core   0: 0x80009d78 (0xff9ff06f) j       pc - 0x8
core   0: 3 0x80009d78 (0xff9ff06f)
core   0: 0x80009d70 (0x00006f17) auipc   t5, 0x6
core   0: 3 0x80009d70 (0x00006f17) x30 0x8000fd70
core   0: 0x80009d74 (0x283f2823) sw      gp, 656(t5)
core   0: 3 0x80009d74 (0x283f2823) mem 0x80010000 0x00000001
core   0: 0x80009d78 (0xff9ff06f) j       pc - 0x8
core   0: 3 0x80009d78 (0xff9ff06f)
core   0: 0x80009d70 (0x00006f17) auipc   t5, 0x6
core   0: 3 0x80009d70 (0x00006f17) x30 0x8000fd70
core   0: 0x80009d74 (0x283f2823) sw      gp, 656(t5)
core   0: 3 0x80009d74 (0x283f2823) mem 0x80010000 0x00000001
core   0: 0x80009d78 (0xff9ff06f) j       pc - 0x8
core   0: 3 0x80009d78 (0xff9ff06f)
core   0: 0x80009d70 (0x00006f17) auipc   t5, 0x6
core   0: 3 0x80009d70 (0x00006f17) x30 0x8000fd70
core   0: 0x80009d74 (0x283f2823) sw      gp, 656(t5)
core   0: 3 0x80009d74 (0x283f2823) mem 0x80010000 0x00000001
core   0: 0x80009d78 (0xff9ff06f) j       pc - 0x8
core   0: 3 0x80009d78 (0xff9ff06f)
core   0: 0x80009d70 (0x00006f17) auipc   t5, 0x6
core   0: 3 0x80009d70 (0x00006f17) x30 0x8000fd70
core   0: 0x80009d74 (0x283f2823) sw      gp, 656(t5)
core   0: 3 0x80009d74 (0x283f2823) mem 0x80010000 0x00000001
core   0: 0x80009d78 (0xff9ff06f) j       pc - 0x8
core   0: 3 0x80009d78 (0xff9ff06f)
core   0: 0x80009d70 (0x00006f17) auipc   t5, 0x6
core   0: 3 0x80009d70 (0x00006f17) x30 0x8000fd70
core   0: 0x80009d74 (0x283f2823) sw      gp, 656(t5)
core   0: 3 0x80009d74 (0x283f2823) mem 0x80010000 0x00000001
core   0: 0x80009d78 (0xff9ff06f) j       pc - 0x8
core   0: 3 0x80009d78 (0xff9ff06f)
core   0: 0x80009d70 (0x00006f17) auipc   t5, 0x6
core   0: 3 0x80009d70 (0x00006f17) x30 0x8000fd70
core   0: 0x80009d74 (0x283f2823) sw      gp, 656(t5)
core   0: 3 0x80009d74 (0x283f2823) mem 0x80010000 0x00000001
core   0: 0x80009d78 (0xff9ff06f) j       pc - 0x8
core   0: 3 0x80009d78 (0xff9ff06f)
core   0: 0x80009d70 (0x00006f17) auipc   t5, 0x6
core   0: 3 0x80009d70 (0x00006f17) x30 0x8000fd70
core   0: 0x80009d74 (0x283f2823) sw      gp, 656(t5)
core   0: 3 0x80009d74 (0x283f2823) mem 0x80010000 0x00000001
core   0: 0x80009d78 (0xff9ff06f) j       pc - 0x8
core   0: 3 0x80009d78 (0xff9ff06f)
core   0: 0x80009d70 (0x00006f17) auipc   t5, 0x6
core   0: 3 0x80009d70 (0x00006f17) x30 0x8000fd70
core   0: 0x80009d74 (0x283f2823) sw      gp, 656(t5)
core   0: 3 0x80009d74 (0x283f2823) mem 0x80010000 0x00000001
core   0: 0x80009d78 (0xff9ff06f) j       pc - 0x8
core   0: 3 0x80009d78 (0xff9ff06f)
core   0: 0x80009d70 (0x00006f17) auipc   t5, 0x6
core   0: 3 0x80009d70 (0x00006f17) x30 0x8000fd70
core   0: 0x80009d74 (0x283f2823) sw      gp, 656(t5)
core   0: 3 0x80009d74 (0x283f2823) mem 0x80010000 0x00000001
core   0: 0x80009d78 (0xff9ff06f) j       pc - 0x8
core   0: 3 0x80009d78 (0xff9ff06f)
core   0: 0x80009d70 (0x00006f17) auipc   t5, 0x6
core   0: 3 0x80009d70 (0x00006f17) x30 0x8000fd70
core   0: 0x80009d74 (0x283f2823) sw      gp, 656(t5)
core   0: 3 0x80009d74 (0x283f2823) mem 0x80010000 0x00000001
core   0: 0x80009d78 (0xff9ff06f) j       pc - 0x8
core   0: 3 0x80009d78 (0xff9ff06f)
core   0: 0x80009d70 (0x00006f17) auipc   t5, 0x6
core   0: 3 0x80009d70 (0x00006f17) x30 0x8000fd70
core   0: 0x80009d74 (0x283f2823) sw      gp, 656(t5)
core   0: 3 0x80009d74 (0x283f2823) mem 0x80010000 0x00000001
core   0: 0x80009d78 (0xff9ff06f) j       pc - 0x8
core   0: 3 0x80009d78 (0xff9ff06f)
core   0: 0x80009d70 (0x00006f17) auipc   t5, 0x6
core   0: 3 0x80009d70 (0x00006f17) x30 0x8000fd70
core   0: 0x80009d74 (0x283f2823) sw      gp, 656(t5)
core   0: 3 0x80009d74 (0x283f2823) mem 0x80010000 0x00000001
core   0: 0x80009d78 (0xff9ff06f) j       pc - 0x8
core   0: 3 0x80009d78 (0xff9ff06f)
core   0: 0x80009d70 (0x00006f17) auipc   t5, 0x6
core   0: 3 0x80009d70 (0x00006f17) x30 0x8000fd70
core   0: 0x80009d74 (0x283f2823) sw      gp, 656(t5)
core   0: 3 0x80009d74 (0x283f2823) mem 0x80010000 0x00000001
core   0: 0x80009d78 (0xff9ff06f) j       pc - 0x8
core   0: 3 0x80009d78 (0xff9ff06f)
core   0: 0x80009d70 (0x00006f17) auipc   t5, 0x6
core   0: 3 0x80009d70 (0x00006f17) x30 0x8000fd70
core   0: 0x80009d74 (0x283f2823) sw      gp, 656(t5)
core   0: 3 0x80009d74 (0x283f2823) mem 0x80010000 0x00000001
core   0: 0x80009d78 (0xff9ff06f) j       pc - 0x8
core   0: 3 0x80009d78 (0xff9ff06f)
core   0: 0x80009d70 (0x00006f17) auipc   t5, 0x6
core   0: 3 0x80009d70 (0x00006f17) x30 0x8000fd70
core   0: 0x80009d74 (0x283f2823) sw      gp, 656(t5)
core   0: 3 0x80009d74 (0x283f2823) mem 0x80010000 0x00000001
core   0: 0x80009d78 (0xff9ff06f) j       pc - 0x8
core   0: 3 0x80009d78 (0xff9ff06f)
core   0: 0x80009d70 (0x00006f17) auipc   t5, 0x6
core   0: 3 0x80009d70 (0x00006f17) x30 0x8000fd70
core   0: 0x80009d74 (0x283f2823) sw      gp, 656(t5)
core   0: 3 0x80009d74 (0x283f2823) mem 0x80010000 0x00000001
core   0: 0x80009d78 (0xff9ff06f) j       pc - 0x8
core   0: 3 0x80009d78 (0xff9ff06f)
core   0: 0x80009d70 (0x00006f17) auipc   t5, 0x6
core   0: 3 0x80009d70 (0x00006f17) x30 0x8000fd70
core   0: 0x80009d74 (0x283f2823) sw      gp, 656(t5)
core   0: 3 0x80009d74 (0x283f2823) mem 0x80010000 0x00000001
core   0: 0x80009d78 (0xff9ff06f) j       pc - 0x8
core   0: 3 0x80009d78 (0xff9ff06f)
core   0: 0x80009d70 (0x00006f17) auipc   t5, 0x6
core   0: 3 0x80009d70 (0x00006f17) x30 0x8000fd70
core   0: 0x80009d74 (0x283f2823) sw      gp, 656(t5)
core   0: 3 0x80009d74 (0x283f2823) mem 0x80010000 0x00000001
core   0: 0x80009d78 (0xff9ff06f) j       pc - 0x8
core   0: 3 0x80009d78 (0xff9ff06f)
core   0: 0x80009d70 (0x00006f17) auipc   t5, 0x6
core   0: 3 0x80009d70 (0x00006f17) x30 0x8000fd70
core   0: 0x80009d74 (0x283f2823) sw      gp, 656(t5)
core   0: 3 0x80009d74 (0x283f2823) mem 0x80010000 0x00000001
core   0: 0x80009d78 (0xff9ff06f) j       pc - 0x8
core   0: 3 0x80009d78 (0xff9ff06f)
core   0: 0x80009d70 (0x00006f17) auipc   t5, 0x6
core   0: 3 0x80009d70 (0x00006f17) x30 0x8000fd70
core   0: 0x80009d74 (0x283f2823) sw      gp, 656(t5)
core   0: 3 0x80009d74 (0x283f2823) mem 0x80010000 0x00000001
core   0: 0x80009d78 (0xff9ff06f) j       pc - 0x8
core   0: 3 0x80009d78 (0xff9ff06f)
core   0: 0x80009d70 (0x00006f17) auipc   t5, 0x6
core   0: 3 0x80009d70 (0x00006f17) x30 0x8000fd70
core   0: 0x80009d74 (0x283f2823) sw      gp, 656(t5)
core   0: 3 0x80009d74 (0x283f2823) mem 0x80010000 0x00000001
core   0: 0x80009d78 (0xff9ff06f) j       pc - 0x8
core   0: 3 0x80009d78 (0xff9ff06f)
core   0: 0x80009d70 (0x00006f17) auipc   t5, 0x6
core   0: 3 0x80009d70 (0x00006f17) x30 0x8000fd70
core   0: 0x80009d74 (0x283f2823) sw      gp, 656(t5)
core   0: 3 0x80009d74 (0x283f2823) mem 0x80010000 0x00000001
core   0: 0x80009d78 (0xff9ff06f) j       pc - 0x8
core   0: 3 0x80009d78 (0xff9ff06f)
core   0: 0x80009d70 (0x00006f17) auipc   t5, 0x6
core   0: 3 0x80009d70 (0x00006f17) x30 0x8000fd70
core   0: 0x80009d74 (0x283f2823) sw      gp, 656(t5)
core   0: 3 0x80009d74 (0x283f2823) mem 0x80010000 0x00000001
core   0: 0x80009d78 (0xff9ff06f) j       pc - 0x8
core   0: 3 0x80009d78 (0xff9ff06f)
core   0: 0x80009d70 (0x00006f17) auipc   t5, 0x6
core   0: 3 0x80009d70 (0x00006f17) x30 0x8000fd70
core   0: 0x80009d74 (0x283f2823) sw      gp, 656(t5)
core   0: 3 0x80009d74 (0x283f2823) mem 0x80010000 0x00000001
core   0: 0x80009d78 (0xff9ff06f) j       pc - 0x8
core   0: 3 0x80009d78 (0xff9ff06f)
core   0: 0x80009d70 (0x00006f17) auipc   t5, 0x6
core   0: 3 0x80009d70 (0x00006f17) x30 0x8000fd70
core   0: 0x80009d74 (0x283f2823) sw      gp, 656(t5)
core   0: 3 0x80009d74 (0x283f2823) mem 0x80010000 0x00000001
core   0: 0x80009d78 (0xff9ff06f) j       pc - 0x8
core   0: 3 0x80009d78 (0xff9ff06f)
core   0: 0x80009d70 (0x00006f17) auipc   t5, 0x6
core   0: 3 0x80009d70 (0x00006f17) x30 0x8000fd70
core   0: 0x80009d74 (0x283f2823) sw      gp, 656(t5)
core   0: 3 0x80009d74 (0x283f2823) mem 0x80010000 0x00000001
core   0: 0x80009d78 (0xff9ff06f) j       pc - 0x8
core   0: 3 0x80009d78 (0xff9ff06f)
core   0: 0x80009d70 (0x00006f17) auipc   t5, 0x6
core   0: 3 0x80009d70 (0x00006f17) x30 0x8000fd70
core   0: 0x80009d74 (0x283f2823) sw      gp, 656(t5)
core   0: 3 0x80009d74 (0x283f2823) mem 0x80010000 0x00000001
core   0: 0x80009d78 (0xff9ff06f) j       pc - 0x8
core   0: 3 0x80009d78 (0xff9ff06f)
core   0: 0x80009d70 (0x00006f17) auipc   t5, 0x6
core   0: 3 0x80009d70 (0x00006f17) x30 0x8000fd70
core   0: 0x80009d74 (0x283f2823) sw      gp, 656(t5)
core   0: 3 0x80009d74 (0x283f2823) mem 0x80010000 0x00000001
core   0: 0x80009d78 (0xff9ff06f) j       pc - 0x8
core   0: 3 0x80009d78 (0xff9ff06f)
core   0: 0x80009d70 (0x00006f17) auipc   t5, 0x6
core   0: 3 0x80009d70 (0x00006f17) x30 0x8000fd70
core   0: 0x80009d74 (0x283f2823) sw      gp, 656(t5)
core   0: 3 0x80009d74 (0x283f2823) mem 0x80010000 0x00000001
core   0: 0x80009d78 (0xff9ff06f) j       pc - 0x8
core   0: 3 0x80009d78 (0xff9ff06f)
core   0: 0x80009d70 (0x00006f17) auipc   t5, 0x6
core   0: 3 0x80009d70 (0x00006f17) x30 0x8000fd70
core   0: 0x80009d74 (0x283f2823) sw      gp, 656(t5)
core   0: 3 0x80009d74 (0x283f2823) mem 0x80010000 0x00000001
core   0: 0x80009d78 (0xff9ff06f) j       pc - 0x8
core   0: 3 0x80009d78 (0xff9ff06f)
core   0: 0x80009d70 (0x00006f17) auipc   t5, 0x6
core   0: 3 0x80009d70 (0x00006f17) x30 0x8000fd70
core   0: 0x80009d74 (0x283f2823) sw      gp, 656(t5)
core   0: 3 0x80009d74 (0x283f2823) mem 0x80010000 0x00000001
core   0: 0x80009d78 (0xff9ff06f) j       pc - 0x8
core   0: 3 0x80009d78 (0xff9ff06f)
core   0: 0x80009d70 (0x00006f17) auipc   t5, 0x6
core   0: 3 0x80009d70 (0x00006f17) x30 0x8000fd70
core   0: 0x80009d74 (0x283f2823) sw      gp, 656(t5)
core   0: 3 0x80009d74 (0x283f2823) mem 0x80010000 0x00000001
core   0: 0x80009d78 (0xff9ff06f) j       pc - 0x8
core   0: 3 0x80009d78 (0xff9ff06f)
core   0: 0x80009d70 (0x00006f17) auipc   t5, 0x6
core   0: 3 0x80009d70 (0x00006f17) x30 0x8000fd70
core   0: 0x80009d74 (0x283f2823) sw      gp, 656(t5)
core   0: 3 0x80009d74 (0x283f2823) mem 0x80010000 0x00000001
core   0: 0x80009d78 (0xff9ff06f) j       pc - 0x8
core   0: 3 0x80009d78 (0xff9ff06f)
core   0: 0x80009d70 (0x00006f17) auipc   t5, 0x6
core   0: 3 0x80009d70 (0x00006f17) x30 0x8000fd70
core   0: 0x80009d74 (0x283f2823) sw      gp, 656(t5)
core   0: 3 0x80009d74 (0x283f2823) mem 0x80010000 0x00000001
core   0: 0x80009d78 (0xff9ff06f) j       pc - 0x8
core   0: 3 0x80009d78 (0xff9ff06f)
core   0: 0x80009d70 (0x00006f17) auipc   t5, 0x6
core   0: 3 0x80009d70 (0x00006f17) x30 0x8000fd70
core   0: 0x80009d74 (0x283f2823) sw      gp, 656(t5)
core   0: 3 0x80009d74 (0x283f2823) mem 0x80010000 0x00000001
core   0: 0x80009d78 (0xff9ff06f) j       pc - 0x8
core   0: 3 0x80009d78 (0xff9ff06f)
core   0: 0x80009d70 (0x00006f17) auipc   t5, 0x6
core   0: 3 0x80009d70 (0x00006f17) x30 0x8000fd70
core   0: 0x80009d74 (0x283f2823) sw      gp, 656(t5)
core   0: 3 0x80009d74 (0x283f2823) mem 0x80010000 0x00000001
core   0: 0x80009d78 (0xff9ff06f) j       pc - 0x8
core   0: 3 0x80009d78 (0xff9ff06f)
core   0: 0x80009d70 (0x00006f17) auipc   t5, 0x6
core   0: 3 0x80009d70 (0x00006f17) x30 0x8000fd70
core   0: 0x80009d74 (0x283f2823) sw      gp, 656(t5)
core   0: 3 0x80009d74 (0x283f2823) mem 0x80010000 0x00000001
core   0: 0x80009d78 (0xff9ff06f) j       pc - 0x8
core   0: 3 0x80009d78 (0xff9ff06f)
core   0: 0x80009d70 (0x00006f17) auipc   t5, 0x6
core   0: 3 0x80009d70 (0x00006f17) x30 0x8000fd70
core   0: 0x80009d74 (0x283f2823) sw      gp, 656(t5)
core   0: 3 0x80009d74 (0x283f2823) mem 0x80010000 0x00000001
core   0: 0x80009d78 (0xff9ff06f) j       pc - 0x8
core   0: 3 0x80009d78 (0xff9ff06f)
core   0: 0x80009d70 (0x00006f17) auipc   t5, 0x6
core   0: 3 0x80009d70 (0x00006f17) x30 0x8000fd70
core   0: 0x80009d74 (0x283f2823) sw      gp, 656(t5)
core   0: 3 0x80009d74 (0x283f2823) mem 0x80010000 0x00000001
core   0: 0x80009d78 (0xff9ff06f) j       pc - 0x8
core   0: 3 0x80009d78 (0xff9ff06f)
core   0: 0x80009d70 (0x00006f17) auipc   t5, 0x6
core   0: 3 0x80009d70 (0x00006f17) x30 0x8000fd70
core   0: 0x80009d74 (0x283f2823) sw      gp, 656(t5)
core   0: 3 0x80009d74 (0x283f2823) mem 0x80010000 0x00000001
core   0: 0x80009d78 (0xff9ff06f) j       pc - 0x8
core   0: 3 0x80009d78 (0xff9ff06f)
core   0: 0x80009d70 (0x00006f17) auipc   t5, 0x6
core   0: 3 0x80009d70 (0x00006f17) x30 0x8000fd70
core   0: 0x80009d74 (0x283f2823) sw      gp, 656(t5)
core   0: 3 0x80009d74 (0x283f2823) mem 0x80010000 0x00000001
core   0: 0x80009d78 (0xff9ff06f) j       pc - 0x8
core   0: 3 0x80009d78 (0xff9ff06f)
core   0: 0x80009d70 (0x00006f17) auipc   t5, 0x6
core   0: 3 0x80009d70 (0x00006f17) x30 0x8000fd70
core   0: 0x80009d74 (0x283f2823) sw      gp, 656(t5)
core   0: 3 0x80009d74 (0x283f2823) mem 0x80010000 0x00000001
core   0: 0x80009d78 (0xff9ff06f) j       pc - 0x8
core   0: 3 0x80009d78 (0xff9ff06f)
core   0: 0x80009d70 (0x00006f17) auipc   t5, 0x6
core   0: 3 0x80009d70 (0x00006f17) x30 0x8000fd70
core   0: 0x80009d74 (0x283f2823) sw      gp, 656(t5)
core   0: 3 0x80009d74 (0x283f2823) mem 0x80010000 0x00000001
core   0: 0x80009d78 (0xff9ff06f) j       pc - 0x8
core   0: 3 0x80009d78 (0xff9ff06f)
core   0: 0x80009d70 (0x00006f17) auipc   t5, 0x6
core   0: 3 0x80009d70 (0x00006f17) x30 0x8000fd70
core   0: 0x80009d74 (0x283f2823) sw      gp, 656(t5)
core   0: 3 0x80009d74 (0x283f2823) mem 0x80010000 0x00000001
core   0: 0x80009d78 (0xff9ff06f) j       pc - 0x8
core   0: 3 0x80009d78 (0xff9ff06f)
core   0: 0x80009d70 (0x00006f17) auipc   t5, 0x6
core   0: 3 0x80009d70 (0x00006f17) x30 0x8000fd70
core   0: 0x80009d74 (0x283f2823) sw      gp, 656(t5)
core   0: 3 0x80009d74 (0x283f2823) mem 0x80010000 0x00000001
core   0: 0x80009d78 (0xff9ff06f) j       pc - 0x8
core   0: 3 0x80009d78 (0xff9ff06f)
core   0: 0x80009d70 (0x00006f17) auipc   t5, 0x6
core   0: 3 0x80009d70 (0x00006f17) x30 0x8000fd70
core   0: 0x80009d74 (0x283f2823) sw      gp, 656(t5)
core   0: 3 0x80009d74 (0x283f2823) mem 0x80010000 0x00000001
core   0: 0x80009d78 (0xff9ff06f) j       pc - 0x8
core   0: 3 0x80009d78 (0xff9ff06f)
core   0: 0x80009d70 (0x00006f17) auipc   t5, 0x6
core   0: 3 0x80009d70 (0x00006f17) x30 0x8000fd70
core   0: 0x80009d74 (0x283f2823) sw      gp, 656(t5)
core   0: 3 0x80009d74 (0x283f2823) mem 0x80010000 0x00000001
core   0: 0x80009d78 (0xff9ff06f) j       pc - 0x8
core   0: 3 0x80009d78 (0xff9ff06f)
core   0: 0x80009d70 (0x00006f17) auipc   t5, 0x6
core   0: 3 0x80009d70 (0x00006f17) x30 0x8000fd70
core   0: 0x80009d74 (0x283f2823) sw      gp, 656(t5)
core   0: 3 0x80009d74 (0x283f2823) mem 0x80010000 0x00000001
core   0: 0x80009d78 (0xff9ff06f) j       pc - 0x8
core   0: 3 0x80009d78 (0xff9ff06f)
core   0: 0x80009d70 (0x00006f17) auipc   t5, 0x6
core   0: 3 0x80009d70 (0x00006f17) x30 0x8000fd70
core   0: 0x80009d74 (0x283f2823) sw      gp, 656(t5)
core   0: 3 0x80009d74 (0x283f2823) mem 0x80010000 0x00000001
core   0: 0x80009d78 (0xff9ff06f) j       pc - 0x8
core   0: 3 0x80009d78 (0xff9ff06f)
core   0: 0x80009d70 (0x00006f17) auipc   t5, 0x6
core   0: 3 0x80009d70 (0x00006f17) x30 0x8000fd70
core   0: 0x80009d74 (0x283f2823) sw      gp, 656(t5)
core   0: 3 0x80009d74 (0x283f2823) mem 0x80010000 0x00000001
core   0: 0x80009d78 (0xff9ff06f) j       pc - 0x8
core   0: 3 0x80009d78 (0xff9ff06f)
core   0: 0x80009d70 (0x00006f17) auipc   t5, 0x6
core   0: 3 0x80009d70 (0x00006f17) x30 0x8000fd70
core   0: 0x80009d74 (0x283f2823) sw      gp, 656(t5)
core   0: 3 0x80009d74 (0x283f2823) mem 0x80010000 0x00000001
core   0: 0x80009d78 (0xff9ff06f) j       pc - 0x8
core   0: 3 0x80009d78 (0xff9ff06f)
core   0: 0x80009d70 (0x00006f17) auipc   t5, 0x6
core   0: 3 0x80009d70 (0x00006f17) x30 0x8000fd70
core   0: 0x80009d74 (0x283f2823) sw      gp, 656(t5)
core   0: 3 0x80009d74 (0x283f2823) mem 0x80010000 0x00000001
core   0: 0x80009d78 (0xff9ff06f) j       pc - 0x8
core   0: 3 0x80009d78 (0xff9ff06f)
core   0: 0x80009d70 (0x00006f17) auipc   t5, 0x6
core   0: 3 0x80009d70 (0x00006f17) x30 0x8000fd70
core   0: 0x80009d74 (0x283f2823) sw      gp, 656(t5)
core   0: 3 0x80009d74 (0x283f2823) mem 0x80010000 0x00000001
core   0: 0x80009d78 (0xff9ff06f) j       pc - 0x8
core   0: 3 0x80009d78 (0xff9ff06f)
core   0: 0x80009d70 (0x00006f17) auipc   t5, 0x6
core   0: 3 0x80009d70 (0x00006f17) x30 0x8000fd70
core   0: 0x80009d74 (0x283f2823) sw      gp, 656(t5)
core   0: 3 0x80009d74 (0x283f2823) mem 0x80010000 0x00000001
core   0: 0x80009d78 (0xff9ff06f) j       pc - 0x8
core   0: 3 0x80009d78 (0xff9ff06f)
core   0: 0x80009d70 (0x00006f17) auipc   t5, 0x6
core   0: 3 0x80009d70 (0x00006f17) x30 0x8000fd70
core   0: 0x80009d74 (0x283f2823) sw      gp, 656(t5)
core   0: 3 0x80009d74 (0x283f2823) mem 0x80010000 0x00000001
core   0: 0x80009d78 (0xff9ff06f) j       pc - 0x8
core   0: 3 0x80009d78 (0xff9ff06f)
core   0: 0x80009d70 (0x00006f17) auipc   t5, 0x6
core   0: 3 0x80009d70 (0x00006f17) x30 0x8000fd70
core   0: 0x80009d74 (0x283f2823) sw      gp, 656(t5)
core   0: 3 0x80009d74 (0x283f2823) mem 0x80010000 0x00000001
core   0: 0x80009d78 (0xff9ff06f) j       pc - 0x8
core   0: 3 0x80009d78 (0xff9ff06f)
core   0: 0x80009d70 (0x00006f17) auipc   t5, 0x6
core   0: 3 0x80009d70 (0x00006f17) x30 0x8000fd70
core   0: 0x80009d74 (0x283f2823) sw      gp, 656(t5)
core   0: 3 0x80009d74 (0x283f2823) mem 0x80010000 0x00000001
core   0: 0x80009d78 (0xff9ff06f) j       pc - 0x8
core   0: 3 0x80009d78 (0xff9ff06f)
core   0: 0x80009d70 (0x00006f17) auipc   t5, 0x6
core   0: 3 0x80009d70 (0x00006f17) x30 0x8000fd70
core   0: 0x80009d74 (0x283f2823) sw      gp, 656(t5)
core   0: 3 0x80009d74 (0x283f2823) mem 0x80010000 0x00000001
core   0: 0x80009d78 (0xff9ff06f) j       pc - 0x8
core   0: 3 0x80009d78 (0xff9ff06f)
core   0: 0x80009d70 (0x00006f17) auipc   t5, 0x6
core   0: 3 0x80009d70 (0x00006f17) x30 0x8000fd70
core   0: 0x80009d74 (0x283f2823) sw      gp, 656(t5)
core   0: 3 0x80009d74 (0x283f2823) mem 0x80010000 0x00000001
core   0: 0x80009d78 (0xff9ff06f) j       pc - 0x8
core   0: 3 0x80009d78 (0xff9ff06f)
core   0: 0x80009d70 (0x00006f17) auipc   t5, 0x6
core   0: 3 0x80009d70 (0x00006f17) x30 0x8000fd70
core   0: 0x80009d74 (0x283f2823) sw      gp, 656(t5)
core   0: 3 0x80009d74 (0x283f2823) mem 0x80010000 0x00000001
core   0: 0x80009d78 (0xff9ff06f) j       pc - 0x8
core   0: 3 0x80009d78 (0xff9ff06f)
core   0: 0x80009d70 (0x00006f17) auipc   t5, 0x6
core   0: 3 0x80009d70 (0x00006f17) x30 0x8000fd70
core   0: 0x80009d74 (0x283f2823) sw      gp, 656(t5)
core   0: 3 0x80009d74 (0x283f2823) mem 0x80010000 0x00000001
core   0: 0x80009d78 (0xff9ff06f) j       pc - 0x8
core   0: 3 0x80009d78 (0xff9ff06f)
core   0: 0x80009d70 (0x00006f17) auipc   t5, 0x6
core   0: 3 0x80009d70 (0x00006f17) x30 0x8000fd70
core   0: 0x80009d74 (0x283f2823) sw      gp, 656(t5)
core   0: 3 0x80009d74 (0x283f2823) mem 0x80010000 0x00000001
core   0: 0x80009d78 (0xff9ff06f) j       pc - 0x8
core   0: 3 0x80009d78 (0xff9ff06f)
core   0: 0x80009d70 (0x00006f17) auipc   t5, 0x6
core   0: 3 0x80009d70 (0x00006f17) x30 0x8000fd70
core   0: 0x80009d74 (0x283f2823) sw      gp, 656(t5)
core   0: 3 0x80009d74 (0x283f2823) mem 0x80010000 0x00000001
core   0: 0x80009d78 (0xff9ff06f) j       pc - 0x8
core   0: 3 0x80009d78 (0xff9ff06f)
core   0: 0x80009d70 (0x00006f17) auipc   t5, 0x6
core   0: 3 0x80009d70 (0x00006f17) x30 0x8000fd70
core   0: 0x80009d74 (0x283f2823) sw      gp, 656(t5)
core   0: 3 0x80009d74 (0x283f2823) mem 0x80010000 0x00000001
core   0: 0x80009d78 (0xff9ff06f) j       pc - 0x8
core   0: 3 0x80009d78 (0xff9ff06f)
core   0: 0x80009d70 (0x00006f17) auipc   t5, 0x6
core   0: 3 0x80009d70 (0x00006f17) x30 0x8000fd70
core   0: 0x80009d74 (0x283f2823) sw      gp, 656(t5)
core   0: 3 0x80009d74 (0x283f2823) mem 0x80010000 0x00000001
core   0: 0x80009d78 (0xff9ff06f) j       pc - 0x8
core   0: 3 0x80009d78 (0xff9ff06f)
core   0: 0x80009d70 (0x00006f17) auipc   t5, 0x6
core   0: 3 0x80009d70 (0x00006f17) x30 0x8000fd70
core   0: 0x80009d74 (0x283f2823) sw      gp, 656(t5)
core   0: 3 0x80009d74 (0x283f2823) mem 0x80010000 0x00000001
core   0: 0x80009d78 (0xff9ff06f) j       pc - 0x8
core   0: 3 0x80009d78 (0xff9ff06f)
core   0: 0x80009d70 (0x00006f17) auipc   t5, 0x6
core   0: 3 0x80009d70 (0x00006f17) x30 0x8000fd70
core   0: 0x80009d74 (0x283f2823) sw      gp, 656(t5)
core   0: 3 0x80009d74 (0x283f2823) mem 0x80010000 0x00000001
core   0: 0x80009d78 (0xff9ff06f) j       pc - 0x8
core   0: 3 0x80009d78 (0xff9ff06f)
core   0: 0x80009d70 (0x00006f17) auipc   t5, 0x6
core   0: 3 0x80009d70 (0x00006f17) x30 0x8000fd70
core   0: 0x80009d74 (0x283f2823) sw      gp, 656(t5)
core   0: 3 0x80009d74 (0x283f2823) mem 0x80010000 0x00000001
core   0: 0x80009d78 (0xff9ff06f) j       pc - 0x8
core   0: 3 0x80009d78 (0xff9ff06f)
core   0: 0x80009d70 (0x00006f17) auipc   t5, 0x6
core   0: 3 0x80009d70 (0x00006f17) x30 0x8000fd70
core   0: 0x80009d74 (0x283f2823) sw      gp, 656(t5)
core   0: 3 0x80009d74 (0x283f2823) mem 0x80010000 0x00000001
core   0: 0x80009d78 (0xff9ff06f) j       pc - 0x8
core   0: 3 0x80009d78 (0xff9ff06f)
core   0: 0x80009d70 (0x00006f17) auipc   t5, 0x6
core   0: 3 0x80009d70 (0x00006f17) x30 0x8000fd70
core   0: 0x80009d74 (0x283f2823) sw      gp, 656(t5)
core   0: 3 0x80009d74 (0x283f2823) mem 0x80010000 0x00000001
core   0: 0x80009d78 (0xff9ff06f) j       pc - 0x8
core   0: 3 0x80009d78 (0xff9ff06f)
core   0: 0x80009d70 (0x00006f17) auipc   t5, 0x6
core   0: 3 0x80009d70 (0x00006f17) x30 0x8000fd70
core   0: 0x80009d74 (0x283f2823) sw      gp, 656(t5)
core   0: 3 0x80009d74 (0x283f2823) mem 0x80010000 0x00000001
core   0: 0x80009d78 (0xff9ff06f) j       pc - 0x8
core   0: 3 0x80009d78 (0xff9ff06f)
core   0: 0x80009d70 (0x00006f17) auipc   t5, 0x6
core   0: 3 0x80009d70 (0x00006f17) x30 0x8000fd70
core   0: 0x80009d74 (0x283f2823) sw      gp, 656(t5)
core   0: 3 0x80009d74 (0x283f2823) mem 0x80010000 0x00000001
core   0: 0x80009d78 (0xff9ff06f) j       pc - 0x8
core   0: 3 0x80009d78 (0xff9ff06f)
core   0: 0x80009d70 (0x00006f17) auipc   t5, 0x6
core   0: 3 0x80009d70 (0x00006f17) x30 0x8000fd70
core   0: 0x80009d74 (0x283f2823) sw      gp, 656(t5)
core   0: 3 0x80009d74 (0x283f2823) mem 0x80010000 0x00000001
core   0: 0x80009d78 (0xff9ff06f) j       pc - 0x8
core   0: 3 0x80009d78 (0xff9ff06f)
core   0: 0x80009d70 (0x00006f17) auipc   t5, 0x6
core   0: 3 0x80009d70 (0x00006f17) x30 0x8000fd70
core   0: 0x80009d74 (0x283f2823) sw      gp, 656(t5)
core   0: 3 0x80009d74 (0x283f2823) mem 0x80010000 0x00000001
core   0: 0x80009d78 (0xff9ff06f) j       pc - 0x8
core   0: 3 0x80009d78 (0xff9ff06f)
core   0: 0x80009d70 (0x00006f17) auipc   t5, 0x6
core   0: 3 0x80009d70 (0x00006f17) x30 0x8000fd70
core   0: 0x80009d74 (0x283f2823) sw      gp, 656(t5)
core   0: 3 0x80009d74 (0x283f2823) mem 0x80010000 0x00000001
core   0: 0x80009d78 (0xff9ff06f) j       pc - 0x8
core   0: 3 0x80009d78 (0xff9ff06f)
core   0: 0x80009d70 (0x00006f17) auipc   t5, 0x6
core   0: 3 0x80009d70 (0x00006f17) x30 0x8000fd70
core   0: 0x80009d74 (0x283f2823) sw      gp, 656(t5)
core   0: 3 0x80009d74 (0x283f2823) mem 0x80010000 0x00000001
core   0: 0x80009d78 (0xff9ff06f) j       pc - 0x8
core   0: 3 0x80009d78 (0xff9ff06f)
core   0: 0x80009d70 (0x00006f17) auipc   t5, 0x6
core   0: 3 0x80009d70 (0x00006f17) x30 0x8000fd70
core   0: 0x80009d74 (0x283f2823) sw      gp, 656(t5)
core   0: 3 0x80009d74 (0x283f2823) mem 0x80010000 0x00000001
core   0: 0x80009d78 (0xff9ff06f) j       pc - 0x8
core   0: 3 0x80009d78 (0xff9ff06f)
core   0: 0x80009d70 (0x00006f17) auipc   t5, 0x6
core   0: 3 0x80009d70 (0x00006f17) x30 0x8000fd70
core   0: 0x80009d74 (0x283f2823) sw      gp, 656(t5)
core   0: 3 0x80009d74 (0x283f2823) mem 0x80010000 0x00000001
core   0: 0x80009d78 (0xff9ff06f) j       pc - 0x8
core   0: 3 0x80009d78 (0xff9ff06f)
core   0: 0x80009d70 (0x00006f17) auipc   t5, 0x6
core   0: 3 0x80009d70 (0x00006f17) x30 0x8000fd70
core   0: 0x80009d74 (0x283f2823) sw      gp, 656(t5)
core   0: 3 0x80009d74 (0x283f2823) mem 0x80010000 0x00000001
core   0: 0x80009d78 (0xff9ff06f) j       pc - 0x8
core   0: 3 0x80009d78 (0xff9ff06f)
core   0: 0x80009d70 (0x00006f17) auipc   t5, 0x6
core   0: 3 0x80009d70 (0x00006f17) x30 0x8000fd70
core   0: 0x80009d74 (0x283f2823) sw      gp, 656(t5)
core   0: 3 0x80009d74 (0x283f2823) mem 0x80010000 0x00000001
core   0: 0x80009d78 (0xff9ff06f) j       pc - 0x8
core   0: 3 0x80009d78 (0xff9ff06f)
core   0: 0x80009d70 (0x00006f17) auipc   t5, 0x6
core   0: 3 0x80009d70 (0x00006f17) x30 0x8000fd70
core   0: 0x80009d74 (0x283f2823) sw      gp, 656(t5)
core   0: 3 0x80009d74 (0x283f2823) mem 0x80010000 0x00000001
core   0: 0x80009d78 (0xff9ff06f) j       pc - 0x8
core   0: 3 0x80009d78 (0xff9ff06f)
core   0: 0x80009d70 (0x00006f17) auipc   t5, 0x6
core   0: 3 0x80009d70 (0x00006f17) x30 0x8000fd70
core   0: 0x80009d74 (0x283f2823) sw      gp, 656(t5)
core   0: 3 0x80009d74 (0x283f2823) mem 0x80010000 0x00000001
core   0: 0x80009d78 (0xff9ff06f) j       pc - 0x8
core   0: 3 0x80009d78 (0xff9ff06f)
core   0: 0x80009d70 (0x00006f17) auipc   t5, 0x6
core   0: 3 0x80009d70 (0x00006f17) x30 0x8000fd70
core   0: 0x80009d74 (0x283f2823) sw      gp, 656(t5)
core   0: 3 0x80009d74 (0x283f2823) mem 0x80010000 0x00000001
core   0: 0x80009d78 (0xff9ff06f) j       pc - 0x8
core   0: 3 0x80009d78 (0xff9ff06f)
core   0: 0x80009d70 (0x00006f17) auipc   t5, 0x6
core   0: 3 0x80009d70 (0x00006f17) x30 0x8000fd70
core   0: 0x80009d74 (0x283f2823) sw      gp, 656(t5)
core   0: 3 0x80009d74 (0x283f2823) mem 0x80010000 0x00000001
core   0: 0x80009d78 (0xff9ff06f) j       pc - 0x8
core   0: 3 0x80009d78 (0xff9ff06f)
core   0: 0x80009d70 (0x00006f17) auipc   t5, 0x6
core   0: 3 0x80009d70 (0x00006f17) x30 0x8000fd70
core   0: 0x80009d74 (0x283f2823) sw      gp, 656(t5)
core   0: 3 0x80009d74 (0x283f2823) mem 0x80010000 0x00000001
core   0: 0x80009d78 (0xff9ff06f) j       pc - 0x8
core   0: 3 0x80009d78 (0xff9ff06f)
core   0: 0x80009d70 (0x00006f17) auipc   t5, 0x6
core   0: 3 0x80009d70 (0x00006f17) x30 0x8000fd70
core   0: 0x80009d74 (0x283f2823) sw      gp, 656(t5)
core   0: 3 0x80009d74 (0x283f2823) mem 0x80010000 0x00000001
core   0: 0x80009d78 (0xff9ff06f) j       pc - 0x8
core   0: 3 0x80009d78 (0xff9ff06f)
core   0: 0x80009d70 (0x00006f17) auipc   t5, 0x6
core   0: 3 0x80009d70 (0x00006f17) x30 0x8000fd70
core   0: 0x80009d74 (0x283f2823) sw      gp, 656(t5)
core   0: 3 0x80009d74 (0x283f2823) mem 0x80010000 0x00000001
core   0: 0x80009d78 (0xff9ff06f) j       pc - 0x8
core   0: 3 0x80009d78 (0xff9ff06f)
core   0: 0x80009d70 (0x00006f17) auipc   t5, 0x6
core   0: 3 0x80009d70 (0x00006f17) x30 0x8000fd70
core   0: 0x80009d74 (0x283f2823) sw      gp, 656(t5)
core   0: 3 0x80009d74 (0x283f2823) mem 0x80010000 0x00000001
core   0: 0x80009d78 (0xff9ff06f) j       pc - 0x8
core   0: 3 0x80009d78 (0xff9ff06f)
core   0: 0x80009d70 (0x00006f17) auipc   t5, 0x6
core   0: 3 0x80009d70 (0x00006f17) x30 0x8000fd70
core   0: 0x80009d74 (0x283f2823) sw      gp, 656(t5)
core   0: 3 0x80009d74 (0x283f2823) mem 0x80010000 0x00000001
core   0: 0x80009d78 (0xff9ff06f) j       pc - 0x8
core   0: 3 0x80009d78 (0xff9ff06f)
core   0: 0x80009d70 (0x00006f17) auipc   t5, 0x6
core   0: 3 0x80009d70 (0x00006f17) x30 0x8000fd70
core   0: 0x80009d74 (0x283f2823) sw      gp, 656(t5)
core   0: 3 0x80009d74 (0x283f2823) mem 0x80010000 0x00000001
core   0: 0x80009d78 (0xff9ff06f) j       pc - 0x8
core   0: 3 0x80009d78 (0xff9ff06f)
core   0: 0x80009d70 (0x00006f17) auipc   t5, 0x6
core   0: 3 0x80009d70 (0x00006f17) x30 0x8000fd70
core   0: 0x80009d74 (0x283f2823) sw      gp, 656(t5)
core   0: 3 0x80009d74 (0x283f2823) mem 0x80010000 0x00000001
core   0: 0x80009d78 (0xff9ff06f) j       pc - 0x8
core   0: 3 0x80009d78 (0xff9ff06f)
core   0: 0x80009d70 (0x00006f17) auipc   t5, 0x6
core   0: 3 0x80009d70 (0x00006f17) x30 0x8000fd70
core   0: 0x80009d74 (0x283f2823) sw      gp, 656(t5)
core   0: 3 0x80009d74 (0x283f2823) mem 0x80010000 0x00000001
core   0: 0x80009d78 (0xff9ff06f) j       pc - 0x8
core   0: 3 0x80009d78 (0xff9ff06f)
core   0: 0x80009d70 (0x00006f17) auipc   t5, 0x6
core   0: 3 0x80009d70 (0x00006f17) x30 0x8000fd70
core   0: 0x80009d74 (0x283f2823) sw      gp, 656(t5)
core   0: 3 0x80009d74 (0x283f2823) mem 0x80010000 0x00000001
core   0: 0x80009d78 (0xff9ff06f) j       pc - 0x8
core   0: 3 0x80009d78 (0xff9ff06f)
core   0: 0x80009d70 (0x00006f17) auipc   t5, 0x6
core   0: 3 0x80009d70 (0x00006f17) x30 0x8000fd70
core   0: 0x80009d74 (0x283f2823) sw      gp, 656(t5)
core   0: 3 0x80009d74 (0x283f2823) mem 0x80010000 0x00000001
core   0: 0x80009d78 (0xff9ff06f) j       pc - 0x8
core   0: 3 0x80009d78 (0xff9ff06f)
core   0: 0x80009d70 (0x00006f17) auipc   t5, 0x6
core   0: 3 0x80009d70 (0x00006f17) x30 0x8000fd70
core   0: 0x80009d74 (0x283f2823) sw      gp, 656(t5)
core   0: 3 0x80009d74 (0x283f2823) mem 0x80010000 0x00000001
core   0: 0x80009d78 (0xff9ff06f) j       pc - 0x8
core   0: 3 0x80009d78 (0xff9ff06f)
core   0: 0x80009d70 (0x00006f17) auipc   t5, 0x6
core   0: 3 0x80009d70 (0x00006f17) x30 0x8000fd70
core   0: 0x80009d74 (0x283f2823) sw      gp, 656(t5)
core   0: 3 0x80009d74 (0x283f2823) mem 0x80010000 0x00000001
core   0: 0x80009d78 (0xff9ff06f) j       pc - 0x8
core   0: 3 0x80009d78 (0xff9ff06f)
core   0: 0x80009d70 (0x00006f17) auipc   t5, 0x6
core   0: 3 0x80009d70 (0x00006f17) x30 0x8000fd70
core   0: 0x80009d74 (0x283f2823) sw      gp, 656(t5)
core   0: 3 0x80009d74 (0x283f2823) mem 0x80010000 0x00000001
core   0: 0x80009d78 (0xff9ff06f) j       pc - 0x8
core   0: 3 0x80009d78 (0xff9ff06f)
core   0: 0x80009d70 (0x00006f17) auipc   t5, 0x6
core   0: 3 0x80009d70 (0x00006f17) x30 0x8000fd70
core   0: 0x80009d74 (0x283f2823) sw      gp, 656(t5)
core   0: 3 0x80009d74 (0x283f2823) mem 0x80010000 0x00000001
core   0: 0x80009d78 (0xff9ff06f) j       pc - 0x8
core   0: 3 0x80009d78 (0xff9ff06f)
core   0: 0x80009d70 (0x00006f17) auipc   t5, 0x6
core   0: 3 0x80009d70 (0x00006f17) x30 0x8000fd70
core   0: 0x80009d74 (0x283f2823) sw      gp, 656(t5)
core   0: 3 0x80009d74 (0x283f2823) mem 0x80010000 0x00000001
core   0: 0x80009d78 (0xff9ff06f) j       pc - 0x8
core   0: 3 0x80009d78 (0xff9ff06f)
core   0: 0x80009d70 (0x00006f17) auipc   t5, 0x6
core   0: 3 0x80009d70 (0x00006f17) x30 0x8000fd70
core   0: 0x80009d74 (0x283f2823) sw      gp, 656(t5)
core   0: 3 0x80009d74 (0x283f2823) mem 0x80010000 0x00000001
core   0: 0x80009d78 (0xff9ff06f) j       pc - 0x8
core   0: 3 0x80009d78 (0xff9ff06f)
core   0: 0x80009d70 (0x00006f17) auipc   t5, 0x6
core   0: 3 0x80009d70 (0x00006f17) x30 0x8000fd70
core   0: 0x80009d74 (0x283f2823) sw      gp, 656(t5)
core   0: 3 0x80009d74 (0x283f2823) mem 0x80010000 0x00000001
core   0: 0x80009d78 (0xff9ff06f) j       pc - 0x8
core   0: 3 0x80009d78 (0xff9ff06f)
core   0: 0x80009d70 (0x00006f17) auipc   t5, 0x6
core   0: 3 0x80009d70 (0x00006f17) x30 0x8000fd70
core   0: 0x80009d74 (0x283f2823) sw      gp, 656(t5)
core   0: 3 0x80009d74 (0x283f2823) mem 0x80010000 0x00000001
core   0: 0x80009d78 (0xff9ff06f) j       pc - 0x8
core   0: 3 0x80009d78 (0xff9ff06f)
core   0: 0x80009d70 (0x00006f17) auipc   t5, 0x6
core   0: 3 0x80009d70 (0x00006f17) x30 0x8000fd70
core   0: 0x80009d74 (0x283f2823) sw      gp, 656(t5)
core   0: 3 0x80009d74 (0x283f2823) mem 0x80010000 0x00000001
core   0: 0x80009d78 (0xff9ff06f) j       pc - 0x8
core   0: 3 0x80009d78 (0xff9ff06f)
core   0: 0x80009d70 (0x00006f17) auipc   t5, 0x6
core   0: 3 0x80009d70 (0x00006f17) x30 0x8000fd70
core   0: 0x80009d74 (0x283f2823) sw      gp, 656(t5)
core   0: 3 0x80009d74 (0x283f2823) mem 0x80010000 0x00000001
core   0: 0x80009d78 (0xff9ff06f) j       pc - 0x8
core   0: 3 0x80009d78 (0xff9ff06f)
core   0: 0x80009d70 (0x00006f17) auipc   t5, 0x6
core   0: 3 0x80009d70 (0x00006f17) x30 0x8000fd70
core   0: 0x80009d74 (0x283f2823) sw      gp, 656(t5)
core   0: 3 0x80009d74 (0x283f2823) mem 0x80010000 0x00000001
core   0: 0x80009d78 (0xff9ff06f) j       pc - 0x8
core   0: 3 0x80009d78 (0xff9ff06f)
core   0: 0x80009d70 (0x00006f17) auipc   t5, 0x6
core   0: 3 0x80009d70 (0x00006f17) x30 0x8000fd70
core   0: 0x80009d74 (0x283f2823) sw      gp, 656(t5)
core   0: 3 0x80009d74 (0x283f2823) mem 0x80010000 0x00000001
core   0: 0x80009d78 (0xff9ff06f) j       pc - 0x8
core   0: 3 0x80009d78 (0xff9ff06f)
core   0: 0x80009d70 (0x00006f17) auipc   t5, 0x6
core   0: 3 0x80009d70 (0x00006f17) x30 0x8000fd70
core   0: 0x80009d74 (0x283f2823) sw      gp, 656(t5)
core   0: 3 0x80009d74 (0x283f2823) mem 0x80010000 0x00000001
core   0: 0x80009d78 (0xff9ff06f) j       pc - 0x8
core   0: 3 0x80009d78 (0xff9ff06f)
core   0: 0x80009d70 (0x00006f17) auipc   t5, 0x6
core   0: 3 0x80009d70 (0x00006f17) x30 0x8000fd70
core   0: 0x80009d74 (0x283f2823) sw      gp, 656(t5)
core   0: 3 0x80009d74 (0x283f2823) mem 0x80010000 0x00000001
core   0: 0x80009d78 (0xff9ff06f) j       pc - 0x8
core   0: 3 0x80009d78 (0xff9ff06f)
core   0: 0x80009d70 (0x00006f17) auipc   t5, 0x6
core   0: 3 0x80009d70 (0x00006f17) x30 0x8000fd70
core   0: 0x80009d74 (0x283f2823) sw      gp, 656(t5)
core   0: 3 0x80009d74 (0x283f2823) mem 0x80010000 0x00000001
core   0: 0x80009d78 (0xff9ff06f) j       pc - 0x8
core   0: 3 0x80009d78 (0xff9ff06f)
core   0: 0x80009d70 (0x00006f17) auipc   t5, 0x6
core   0: 3 0x80009d70 (0x00006f17) x30 0x8000fd70
core   0: 0x80009d74 (0x283f2823) sw      gp, 656(t5)
core   0: 3 0x80009d74 (0x283f2823) mem 0x80010000 0x00000001
core   0: 0x80009d78 (0xff9ff06f) j       pc - 0x8
core   0: 3 0x80009d78 (0xff9ff06f)
core   0: 0x80009d70 (0x00006f17) auipc   t5, 0x6
core   0: 3 0x80009d70 (0x00006f17) x30 0x8000fd70
core   0: 0x80009d74 (0x283f2823) sw      gp, 656(t5)
core   0: 3 0x80009d74 (0x283f2823) mem 0x80010000 0x00000001
core   0: 0x80009d78 (0xff9ff06f) j       pc - 0x8
core   0: 3 0x80009d78 (0xff9ff06f)
core   0: 0x80009d70 (0x00006f17) auipc   t5, 0x6
core   0: 3 0x80009d70 (0x00006f17) x30 0x8000fd70
core   0: 0x80009d74 (0x283f2823) sw      gp, 656(t5)
core   0: 3 0x80009d74 (0x283f2823) mem 0x80010000 0x00000001
core   0: 0x80009d78 (0xff9ff06f) j       pc - 0x8
core   0: 3 0x80009d78 (0xff9ff06f)
core   0: 0x80009d70 (0x00006f17) auipc   t5, 0x6
core   0: 3 0x80009d70 (0x00006f17) x30 0x8000fd70
core   0: 0x80009d74 (0x283f2823) sw      gp, 656(t5)
core   0: 3 0x80009d74 (0x283f2823) mem 0x80010000 0x00000001
core   0: 0x80009d78 (0xff9ff06f) j       pc - 0x8
core   0: 3 0x80009d78 (0xff9ff06f)
core   0: 0x80009d70 (0x00006f17) auipc   t5, 0x6
core   0: 3 0x80009d70 (0x00006f17) x30 0x8000fd70
core   0: 0x80009d74 (0x283f2823) sw      gp, 656(t5)
core   0: 3 0x80009d74 (0x283f2823) mem 0x80010000 0x00000001
core   0: 0x80009d78 (0xff9ff06f) j       pc - 0x8
core   0: 3 0x80009d78 (0xff9ff06f)
core   0: 0x80009d70 (0x00006f17) auipc   t5, 0x6
core   0: 3 0x80009d70 (0x00006f17) x30 0x8000fd70
core   0: 0x80009d74 (0x283f2823) sw      gp, 656(t5)
core   0: 3 0x80009d74 (0x283f2823) mem 0x80010000 0x00000001
core   0: 0x80009d78 (0xff9ff06f) j       pc - 0x8
core   0: 3 0x80009d78 (0xff9ff06f)
core   0: 0x80009d70 (0x00006f17) auipc   t5, 0x6
core   0: 3 0x80009d70 (0x00006f17) x30 0x8000fd70
core   0: 0x80009d74 (0x283f2823) sw      gp, 656(t5)
core   0: 3 0x80009d74 (0x283f2823) mem 0x80010000 0x00000001
core   0: 0x80009d78 (0xff9ff06f) j       pc - 0x8
core   0: 3 0x80009d78 (0xff9ff06f)
core   0: 0x80009d70 (0x00006f17) auipc   t5, 0x6
core   0: 3 0x80009d70 (0x00006f17) x30 0x8000fd70
core   0: 0x80009d74 (0x283f2823) sw      gp, 656(t5)
core   0: 3 0x80009d74 (0x283f2823) mem 0x80010000 0x00000001
core   0: 0x80009d78 (0xff9ff06f) j       pc - 0x8
core   0: 3 0x80009d78 (0xff9ff06f)
core   0: 0x80009d70 (0x00006f17) auipc   t5, 0x6
core   0: 3 0x80009d70 (0x00006f17) x30 0x8000fd70
core   0: 0x80009d74 (0x283f2823) sw      gp, 656(t5)
core   0: 3 0x80009d74 (0x283f2823) mem 0x80010000 0x00000001
core   0: 0x80009d78 (0xff9ff06f) j       pc - 0x8
core   0: 3 0x80009d78 (0xff9ff06f)
core   0: 0x80009d70 (0x00006f17) auipc   t5, 0x6
core   0: 3 0x80009d70 (0x00006f17) x30 0x8000fd70
core   0: 0x80009d74 (0x283f2823) sw      gp, 656(t5)
core   0: 3 0x80009d74 (0x283f2823) mem 0x80010000 0x00000001
core   0: 0x80009d78 (0xff9ff06f) j       pc - 0x8
core   0: 3 0x80009d78 (0xff9ff06f)
core   0: 0x80009d70 (0x00006f17) auipc   t5, 0x6
core   0: 3 0x80009d70 (0x00006f17) x30 0x8000fd70
core   0: 0x80009d74 (0x283f2823) sw      gp, 656(t5)
core   0: 3 0x80009d74 (0x283f2823) mem 0x80010000 0x00000001
core   0: 0x80009d78 (0xff9ff06f) j       pc - 0x8
core   0: 3 0x80009d78 (0xff9ff06f)
core   0: 0x80009d70 (0x00006f17) auipc   t5, 0x6
core   0: 3 0x80009d70 (0x00006f17) x30 0x8000fd70
core   0: 0x80009d74 (0x283f2823) sw      gp, 656(t5)
core   0: 3 0x80009d74 (0x283f2823) mem 0x80010000 0x00000001
core   0: 0x80009d78 (0xff9ff06f) j       pc - 0x8
core   0: 3 0x80009d78 (0xff9ff06f)
core   0: 0x80009d70 (0x00006f17) auipc   t5, 0x6
core   0: 3 0x80009d70 (0x00006f17) x30 0x8000fd70
core   0: 0x80009d74 (0x283f2823) sw      gp, 656(t5)
core   0: 3 0x80009d74 (0x283f2823) mem 0x80010000 0x00000001
core   0: 0x80009d78 (0xff9ff06f) j       pc - 0x8
core   0: 3 0x80009d78 (0xff9ff06f)
core   0: 0x80009d70 (0x00006f17) auipc   t5, 0x6
core   0: 3 0x80009d70 (0x00006f17) x30 0x8000fd70
core   0: 0x80009d74 (0x283f2823) sw      gp, 656(t5)
core   0: 3 0x80009d74 (0x283f2823) mem 0x80010000 0x00000001
core   0: 0x80009d78 (0xff9ff06f) j       pc - 0x8
core   0: 3 0x80009d78 (0xff9ff06f)
core   0: 0x80009d70 (0x00006f17) auipc   t5, 0x6
core   0: 3 0x80009d70 (0x00006f17) x30 0x8000fd70
core   0: 0x80009d74 (0x283f2823) sw      gp, 656(t5)
core   0: 3 0x80009d74 (0x283f2823) mem 0x80010000 0x00000001
core   0: 0x80009d78 (0xff9ff06f) j       pc - 0x8
core   0: 3 0x80009d78 (0xff9ff06f)
core   0: 0x80009d70 (0x00006f17) auipc   t5, 0x6
core   0: 3 0x80009d70 (0x00006f17) x30 0x8000fd70
core   0: 0x80009d74 (0x283f2823) sw      gp, 656(t5)
core   0: 3 0x80009d74 (0x283f2823) mem 0x80010000 0x00000001
core   0: 0x80009d78 (0xff9ff06f) j       pc - 0x8
core   0: 3 0x80009d78 (0xff9ff06f)
core   0: 0x80009d70 (0x00006f17) auipc   t5, 0x6
core   0: 3 0x80009d70 (0x00006f17) x30 0x8000fd70
core   0: 0x80009d74 (0x283f2823) sw      gp, 656(t5)
core   0: 3 0x80009d74 (0x283f2823) mem 0x80010000 0x00000001
core   0: 0x80009d78 (0xff9ff06f) j       pc - 0x8
core   0: 3 0x80009d78 (0xff9ff06f)
core   0: 0x80009d70 (0x00006f17) auipc   t5, 0x6
core   0: 3 0x80009d70 (0x00006f17) x30 0x8000fd70
core   0: 0x80009d74 (0x283f2823) sw      gp, 656(t5)
core   0: 3 0x80009d74 (0x283f2823) mem 0x80010000 0x00000001
core   0: 0x80009d78 (0xff9ff06f) j       pc - 0x8
core   0: 3 0x80009d78 (0xff9ff06f)
core   0: 0x80009d70 (0x00006f17) auipc   t5, 0x6
core   0: 3 0x80009d70 (0x00006f17) x30 0x8000fd70
core   0: 0x80009d74 (0x283f2823) sw      gp, 656(t5)
core   0: 3 0x80009d74 (0x283f2823) mem 0x80010000 0x00000001
core   0: 0x80009d78 (0xff9ff06f) j       pc - 0x8
core   0: 3 0x80009d78 (0xff9ff06f)
core   0: 0x80009d70 (0x00006f17) auipc   t5, 0x6
core   0: 3 0x80009d70 (0x00006f17) x30 0x8000fd70
core   0: 0x80009d74 (0x283f2823) sw      gp, 656(t5)
core   0: 3 0x80009d74 (0x283f2823) mem 0x80010000 0x00000001
core   0: 0x80009d78 (0xff9ff06f) j       pc - 0x8
core   0: 3 0x80009d78 (0xff9ff06f)
core   0: 0x80009d70 (0x00006f17) auipc   t5, 0x6
core   0: 3 0x80009d70 (0x00006f17) x30 0x8000fd70
core   0: 0x80009d74 (0x283f2823) sw      gp, 656(t5)
core   0: 3 0x80009d74 (0x283f2823) mem 0x80010000 0x00000001
core   0: 0x80009d78 (0xff9ff06f) j       pc - 0x8
core   0: 3 0x80009d78 (0xff9ff06f)
core   0: 0x80009d70 (0x00006f17) auipc   t5, 0x6
core   0: 3 0x80009d70 (0x00006f17) x30 0x8000fd70
core   0: 0x80009d74 (0x283f2823) sw      gp, 656(t5)
core   0: 3 0x80009d74 (0x283f2823) mem 0x80010000 0x00000001
core   0: 0x80009d78 (0xff9ff06f) j       pc - 0x8
core   0: 3 0x80009d78 (0xff9ff06f)
core   0: 0x80009d70 (0x00006f17) auipc   t5, 0x6
core   0: 3 0x80009d70 (0x00006f17) x30 0x8000fd70
core   0: 0x80009d74 (0x283f2823) sw      gp, 656(t5)
core   0: 3 0x80009d74 (0x283f2823) mem 0x80010000 0x00000001
core   0: 0x80009d78 (0xff9ff06f) j       pc - 0x8
core   0: 3 0x80009d78 (0xff9ff06f)
core   0: 0x80009d70 (0x00006f17) auipc   t5, 0x6
core   0: 3 0x80009d70 (0x00006f17) x30 0x8000fd70
core   0: 0x80009d74 (0x283f2823) sw      gp, 656(t5)
core   0: 3 0x80009d74 (0x283f2823) mem 0x80010000 0x00000001
core   0: 0x80009d78 (0xff9ff06f) j       pc - 0x8
core   0: 3 0x80009d78 (0xff9ff06f)
core   0: 0x80009d70 (0x00006f17) auipc   t5, 0x6
core   0: 3 0x80009d70 (0x00006f17) x30 0x8000fd70
core   0: 0x80009d74 (0x283f2823) sw      gp, 656(t5)
core   0: 3 0x80009d74 (0x283f2823) mem 0x80010000 0x00000001
core   0: 0x80009d78 (0xff9ff06f) j       pc - 0x8
core   0: 3 0x80009d78 (0xff9ff06f)
core   0: 0x80009d70 (0x00006f17) auipc   t5, 0x6
core   0: 3 0x80009d70 (0x00006f17) x30 0x8000fd70
core   0: 0x80009d74 (0x283f2823) sw      gp, 656(t5)
core   0: 3 0x80009d74 (0x283f2823) mem 0x80010000 0x00000001
core   0: 0x80009d78 (0xff9ff06f) j       pc - 0x8
core   0: 3 0x80009d78 (0xff9ff06f)
core   0: 0x80009d70 (0x00006f17) auipc   t5, 0x6
core   0: 3 0x80009d70 (0x00006f17) x30 0x8000fd70
core   0: 0x80009d74 (0x283f2823) sw      gp, 656(t5)
core   0: 3 0x80009d74 (0x283f2823) mem 0x80010000 0x00000001
core   0: 0x80009d78 (0xff9ff06f) j       pc - 0x8
core   0: 3 0x80009d78 (0xff9ff06f)
core   0: 0x80009d70 (0x00006f17) auipc   t5, 0x6
core   0: 3 0x80009d70 (0x00006f17) x30 0x8000fd70
core   0: 0x80009d74 (0x283f2823) sw      gp, 656(t5)
core   0: 3 0x80009d74 (0x283f2823) mem 0x80010000 0x00000001
core   0: 0x80009d78 (0xff9ff06f) j       pc - 0x8
core   0: 3 0x80009d78 (0xff9ff06f)
core   0: 0x80009d70 (0x00006f17) auipc   t5, 0x6
core   0: 3 0x80009d70 (0x00006f17) x30 0x8000fd70
core   0: 0x80009d74 (0x283f2823) sw      gp, 656(t5)
core   0: 3 0x80009d74 (0x283f2823) mem 0x80010000 0x00000001
core   0: 0x80009d78 (0xff9ff06f) j       pc - 0x8
core   0: 3 0x80009d78 (0xff9ff06f)
core   0: 0x80009d70 (0x00006f17) auipc   t5, 0x6
core   0: 3 0x80009d70 (0x00006f17) x30 0x8000fd70
core   0: 0x80009d74 (0x283f2823) sw      gp, 656(t5)
core   0: 3 0x80009d74 (0x283f2823) mem 0x80010000 0x00000001
core   0: 0x80009d78 (0xff9ff06f) j       pc - 0x8
core   0: 3 0x80009d78 (0xff9ff06f)
core   0: 0x80009d70 (0x00006f17) auipc   t5, 0x6
core   0: 3 0x80009d70 (0x00006f17) x30 0x8000fd70
core   0: 0x80009d74 (0x283f2823) sw      gp, 656(t5)
core   0: 3 0x80009d74 (0x283f2823) mem 0x80010000 0x00000001
core   0: 0x80009d78 (0xff9ff06f) j       pc - 0x8
core   0: 3 0x80009d78 (0xff9ff06f)
core   0: 0x80009d70 (0x00006f17) auipc   t5, 0x6
core   0: 3 0x80009d70 (0x00006f17) x30 0x8000fd70
core   0: 0x80009d74 (0x283f2823) sw      gp, 656(t5)
core   0: 3 0x80009d74 (0x283f2823) mem 0x80010000 0x00000001
core   0: 0x80009d78 (0xff9ff06f) j       pc - 0x8
core   0: 3 0x80009d78 (0xff9ff06f)
core   0: 0x80009d70 (0x00006f17) auipc   t5, 0x6
core   0: 3 0x80009d70 (0x00006f17) x30 0x8000fd70
core   0: 0x80009d74 (0x283f2823) sw      gp, 656(t5)
core   0: 3 0x80009d74 (0x283f2823) mem 0x80010000 0x00000001
core   0: 0x80009d78 (0xff9ff06f) j       pc - 0x8
core   0: 3 0x80009d78 (0xff9ff06f)
core   0: 0x80009d70 (0x00006f17) auipc   t5, 0x6
core   0: 3 0x80009d70 (0x00006f17) x30 0x8000fd70
core   0: 0x80009d74 (0x283f2823) sw      gp, 656(t5)
core   0: 3 0x80009d74 (0x283f2823) mem 0x80010000 0x00000001
core   0: 0x80009d78 (0xff9ff06f) j       pc - 0x8
core   0: 3 0x80009d78 (0xff9ff06f)
core   0: 0x80009d70 (0x00006f17) auipc   t5, 0x6
core   0: 3 0x80009d70 (0x00006f17) x30 0x8000fd70
core   0: 0x80009d74 (0x283f2823) sw      gp, 656(t5)
core   0: 3 0x80009d74 (0x283f2823) mem 0x80010000 0x00000001
core   0: 0x80009d78 (0xff9ff06f) j       pc - 0x8
core   0: 3 0x80009d78 (0xff9ff06f)
core   0: 0x80009d70 (0x00006f17) auipc   t5, 0x6
core   0: 3 0x80009d70 (0x00006f17) x30 0x8000fd70
core   0: 0x80009d74 (0x283f2823) sw      gp, 656(t5)
core   0: 3 0x80009d74 (0x283f2823) mem 0x80010000 0x00000001
core   0: 0x80009d78 (0xff9ff06f) j       pc - 0x8
core   0: 3 0x80009d78 (0xff9ff06f)
core   0: 0x80009d70 (0x00006f17) auipc   t5, 0x6
core   0: 3 0x80009d70 (0x00006f17) x30 0x8000fd70
core   0: 0x80009d74 (0x283f2823) sw      gp, 656(t5)
core   0: 3 0x80009d74 (0x283f2823) mem 0x80010000 0x00000001
core   0: 0x80009d78 (0xff9ff06f) j       pc - 0x8
core   0: 3 0x80009d78 (0xff9ff06f)
core   0: 0x80009d70 (0x00006f17) auipc   t5, 0x6
core   0: 3 0x80009d70 (0x00006f17) x30 0x8000fd70
core   0: 0x80009d74 (0x283f2823) sw      gp, 656(t5)
core   0: 3 0x80009d74 (0x283f2823) mem 0x80010000 0x00000001
core   0: 0x80009d78 (0xff9ff06f) j       pc - 0x8
core   0: 3 0x80009d78 (0xff9ff06f)
core   0: 0x80009d70 (0x00006f17) auipc   t5, 0x6
core   0: 3 0x80009d70 (0x00006f17) x30 0x8000fd70
core   0: 0x80009d74 (0x283f2823) sw      gp, 656(t5)
core   0: 3 0x80009d74 (0x283f2823) mem 0x80010000 0x00000001
core   0: 0x80009d78 (0xff9ff06f) j       pc - 0x8
core   0: 3 0x80009d78 (0xff9ff06f)
core   0: 0x80009d70 (0x00006f17) auipc   t5, 0x6
core   0: 3 0x80009d70 (0x00006f17) x30 0x8000fd70
core   0: 0x80009d74 (0x283f2823) sw      gp, 656(t5)
core   0: 3 0x80009d74 (0x283f2823) mem 0x80010000 0x00000001
core   0: 0x80009d78 (0xff9ff06f) j       pc - 0x8
core   0: 3 0x80009d78 (0xff9ff06f)
core   0: 0x80009d70 (0x00006f17) auipc   t5, 0x6
core   0: 3 0x80009d70 (0x00006f17) x30 0x8000fd70
core   0: 0x80009d74 (0x283f2823) sw      gp, 656(t5)
core   0: 3 0x80009d74 (0x283f2823) mem 0x80010000 0x00000001
core   0: 0x80009d78 (0xff9ff06f) j       pc - 0x8
core   0: 3 0x80009d78 (0xff9ff06f)
core   0: 0x80009d70 (0x00006f17) auipc   t5, 0x6
core   0: 3 0x80009d70 (0x00006f17) x30 0x8000fd70
core   0: 0x80009d74 (0x283f2823) sw      gp, 656(t5)
core   0: 3 0x80009d74 (0x283f2823) mem 0x80010000 0x00000001
core   0: 0x80009d78 (0xff9ff06f) j       pc - 0x8
core   0: 3 0x80009d78 (0xff9ff06f)
core   0: 0x80009d70 (0x00006f17) auipc   t5, 0x6
core   0: 3 0x80009d70 (0x00006f17) x30 0x8000fd70
core   0: 0x80009d74 (0x283f2823) sw      gp, 656(t5)
core   0: 3 0x80009d74 (0x283f2823) mem 0x80010000 0x00000001
core   0: 0x80009d78 (0xff9ff06f) j       pc - 0x8
core   0: 3 0x80009d78 (0xff9ff06f)
core   0: 0x80009d70 (0x00006f17) auipc   t5, 0x6
core   0: 3 0x80009d70 (0x00006f17) x30 0x8000fd70
core   0: 0x80009d74 (0x283f2823) sw      gp, 656(t5)
core   0: 3 0x80009d74 (0x283f2823) mem 0x80010000 0x00000001
core   0: 0x80009d78 (0xff9ff06f) j       pc - 0x8
core   0: 3 0x80009d78 (0xff9ff06f)
core   0: 0x80009d70 (0x00006f17) auipc   t5, 0x6
core   0: 3 0x80009d70 (0x00006f17) x30 0x8000fd70
core   0: 0x80009d74 (0x283f2823) sw      gp, 656(t5)
core   0: 3 0x80009d74 (0x283f2823) mem 0x80010000 0x00000001
core   0: 0x80009d78 (0xff9ff06f) j       pc - 0x8
core   0: 3 0x80009d78 (0xff9ff06f)
core   0: 0x80009d70 (0x00006f17) auipc   t5, 0x6
core   0: 3 0x80009d70 (0x00006f17) x30 0x8000fd70
core   0: 0x80009d74 (0x283f2823) sw      gp, 656(t5)
core   0: 3 0x80009d74 (0x283f2823) mem 0x80010000 0x00000001
core   0: 0x80009d78 (0xff9ff06f) j       pc - 0x8
core   0: 3 0x80009d78 (0xff9ff06f)
core   0: 0x80009d70 (0x00006f17) auipc   t5, 0x6
core   0: 3 0x80009d70 (0x00006f17) x30 0x8000fd70
core   0: 0x80009d74 (0x283f2823) sw      gp, 656(t5)
core   0: 3 0x80009d74 (0x283f2823) mem 0x80010000 0x00000001
core   0: 0x80009d78 (0xff9ff06f) j       pc - 0x8
core   0: 3 0x80009d78 (0xff9ff06f)
core   0: 0x80009d70 (0x00006f17) auipc   t5, 0x6
core   0: 3 0x80009d70 (0x00006f17) x30 0x8000fd70
core   0: 0x80009d74 (0x283f2823) sw      gp, 656(t5)
core   0: 3 0x80009d74 (0x283f2823) mem 0x80010000 0x00000001
core   0: 0x80009d78 (0xff9ff06f) j       pc - 0x8
core   0: 3 0x80009d78 (0xff9ff06f)
core   0: 0x80009d70 (0x00006f17) auipc   t5, 0x6
core   0: 3 0x80009d70 (0x00006f17) x30 0x8000fd70
core   0: 0x80009d74 (0x283f2823) sw      gp, 656(t5)
core   0: 3 0x80009d74 (0x283f2823) mem 0x80010000 0x00000001
core   0: 0x80009d78 (0xff9ff06f) j       pc - 0x8
core   0: 3 0x80009d78 (0xff9ff06f)
core   0: 0x80009d70 (0x00006f17) auipc   t5, 0x6
core   0: 3 0x80009d70 (0x00006f17) x30 0x8000fd70
core   0: 0x80009d74 (0x283f2823) sw      gp, 656(t5)
core   0: 3 0x80009d74 (0x283f2823) mem 0x80010000 0x00000001
core   0: 0x80009d78 (0xff9ff06f) j       pc - 0x8
core   0: 3 0x80009d78 (0xff9ff06f)
core   0: 0x80009d70 (0x00006f17) auipc   t5, 0x6
core   0: 3 0x80009d70 (0x00006f17) x30 0x8000fd70
core   0: 0x80009d74 (0x283f2823) sw      gp, 656(t5)
core   0: 3 0x80009d74 (0x283f2823) mem 0x80010000 0x00000001
core   0: 0x80009d78 (0xff9ff06f) j       pc - 0x8
core   0: 3 0x80009d78 (0xff9ff06f)
core   0: 0x80009d70 (0x00006f17) auipc   t5, 0x6
core   0: 3 0x80009d70 (0x00006f17) x30 0x8000fd70
core   0: 0x80009d74 (0x283f2823) sw      gp, 656(t5)
core   0: 3 0x80009d74 (0x283f2823) mem 0x80010000 0x00000001
core   0: 0x80009d78 (0xff9ff06f) j       pc - 0x8
core   0: 3 0x80009d78 (0xff9ff06f)
core   0: 0x80009d70 (0x00006f17) auipc   t5, 0x6
core   0: 3 0x80009d70 (0x00006f17) x30 0x8000fd70
core   0: 0x80009d74 (0x283f2823) sw      gp, 656(t5)
core   0: 3 0x80009d74 (0x283f2823) mem 0x80010000 0x00000001
core   0: 0x80009d78 (0xff9ff06f) j       pc - 0x8
core   0: 3 0x80009d78 (0xff9ff06f)
core   0: 0x80009d70 (0x00006f17) auipc   t5, 0x6
core   0: 3 0x80009d70 (0x00006f17) x30 0x8000fd70
core   0: 0x80009d74 (0x283f2823) sw      gp, 656(t5)
core   0: 3 0x80009d74 (0x283f2823) mem 0x80010000 0x00000001
core   0: 0x80009d78 (0xff9ff06f) j       pc - 0x8
core   0: 3 0x80009d78 (0xff9ff06f)
core   0: 0x80009d70 (0x00006f17) auipc   t5, 0x6
core   0: 3 0x80009d70 (0x00006f17) x30 0x8000fd70
core   0: 0x80009d74 (0x283f2823) sw      gp, 656(t5)
core   0: 3 0x80009d74 (0x283f2823) mem 0x80010000 0x00000001
core   0: 0x80009d78 (0xff9ff06f) j       pc - 0x8
core   0: 3 0x80009d78 (0xff9ff06f)
core   0: 0x80009d70 (0x00006f17) auipc   t5, 0x6
core   0: 3 0x80009d70 (0x00006f17) x30 0x8000fd70
core   0: 0x80009d74 (0x283f2823) sw      gp, 656(t5)
core   0: 3 0x80009d74 (0x283f2823) mem 0x80010000 0x00000001
core   0: 0x80009d78 (0xff9ff06f) j       pc - 0x8
core   0: 3 0x80009d78 (0xff9ff06f)
core   0: 0x80009d70 (0x00006f17) auipc   t5, 0x6
core   0: 3 0x80009d70 (0x00006f17) x30 0x8000fd70
core   0: 0x80009d74 (0x283f2823) sw      gp, 656(t5)
core   0: 3 0x80009d74 (0x283f2823) mem 0x80010000 0x00000001
core   0: 0x80009d78 (0xff9ff06f) j       pc - 0x8
core   0: 3 0x80009d78 (0xff9ff06f)
core   0: 0x80009d70 (0x00006f17) auipc   t5, 0x6
core   0: 3 0x80009d70 (0x00006f17) x30 0x8000fd70
core   0: 0x80009d74 (0x283f2823) sw      gp, 656(t5)
core   0: 3 0x80009d74 (0x283f2823) mem 0x80010000 0x00000001
core   0: 0x80009d78 (0xff9ff06f) j       pc - 0x8
core   0: 3 0x80009d78 (0xff9ff06f)
core   0: 0x80009d70 (0x00006f17) auipc   t5, 0x6
core   0: 3 0x80009d70 (0x00006f17) x30 0x8000fd70
core   0: 0x80009d74 (0x283f2823) sw      gp, 656(t5)
core   0: 3 0x80009d74 (0x283f2823) mem 0x80010000 0x00000001
core   0: 0x80009d78 (0xff9ff06f) j       pc - 0x8
core   0: 3 0x80009d78 (0xff9ff06f)
core   0: 0x80009d70 (0x00006f17) auipc   t5, 0x6
core   0: 3 0x80009d70 (0x00006f17) x30 0x8000fd70
core   0: 0x80009d74 (0x283f2823) sw      gp, 656(t5)
core   0: 3 0x80009d74 (0x283f2823) mem 0x80010000 0x00000001
core   0: 0x80009d78 (0xff9ff06f) j       pc - 0x8
core   0: 3 0x80009d78 (0xff9ff06f)
core   0: 0x80009d70 (0x00006f17) auipc   t5, 0x6
core   0: 3 0x80009d70 (0x00006f17) x30 0x8000fd70
core   0: 0x80009d74 (0x283f2823) sw      gp, 656(t5)
core   0: 3 0x80009d74 (0x283f2823) mem 0x80010000 0x00000001
core   0: 0x80009d78 (0xff9ff06f) j       pc - 0x8
core   0: 3 0x80009d78 (0xff9ff06f)
core   0: 0x80009d70 (0x00006f17) auipc   t5, 0x6
core   0: 3 0x80009d70 (0x00006f17) x30 0x8000fd70
core   0: 0x80009d74 (0x283f2823) sw      gp, 656(t5)
core   0: 3 0x80009d74 (0x283f2823) mem 0x80010000 0x00000001
core   0: 0x80009d78 (0xff9ff06f) j       pc - 0x8
core   0: 3 0x80009d78 (0xff9ff06f)
core   0: 0x80009d70 (0x00006f17) auipc   t5, 0x6
core   0: 3 0x80009d70 (0x00006f17) x30 0x8000fd70
core   0: 0x80009d74 (0x283f2823) sw      gp, 656(t5)
core   0: 3 0x80009d74 (0x283f2823) mem 0x80010000 0x00000001
core   0: 0x80009d78 (0xff9ff06f) j       pc - 0x8
core   0: 3 0x80009d78 (0xff9ff06f)
core   0: 0x80009d70 (0x00006f17) auipc   t5, 0x6
core   0: 3 0x80009d70 (0x00006f17) x30 0x8000fd70
core   0: 0x80009d74 (0x283f2823) sw      gp, 656(t5)
core   0: 3 0x80009d74 (0x283f2823) mem 0x80010000 0x00000001
core   0: 0x80009d78 (0xff9ff06f) j       pc - 0x8
core   0: 3 0x80009d78 (0xff9ff06f)
core   0: 0x80009d70 (0x00006f17) auipc   t5, 0x6
core   0: 3 0x80009d70 (0x00006f17) x30 0x8000fd70
core   0: 0x80009d74 (0x283f2823) sw      gp, 656(t5)
core   0: 3 0x80009d74 (0x283f2823) mem 0x80010000 0x00000001
core   0: 0x80009d78 (0xff9ff06f) j       pc - 0x8
core   0: 3 0x80009d78 (0xff9ff06f)
core   0: 0x80009d70 (0x00006f17) auipc   t5, 0x6
core   0: 3 0x80009d70 (0x00006f17) x30 0x8000fd70
core   0: 0x80009d74 (0x283f2823) sw      gp, 656(t5)
core   0: 3 0x80009d74 (0x283f2823) mem 0x80010000 0x00000001
core   0: 0x80009d78 (0xff9ff06f) j       pc - 0x8
core   0: 3 0x80009d78 (0xff9ff06f)
core   0: 0x80009d70 (0x00006f17) auipc   t5, 0x6
core   0: 3 0x80009d70 (0x00006f17) x30 0x8000fd70
core   0: 0x80009d74 (0x283f2823) sw      gp, 656(t5)
core   0: 3 0x80009d74 (0x283f2823) mem 0x80010000 0x00000001
core   0: 0x80009d78 (0xff9ff06f) j       pc - 0x8
core   0: 3 0x80009d78 (0xff9ff06f)
core   0: 0x80009d70 (0x00006f17) auipc   t5, 0x6
core   0: 3 0x80009d70 (0x00006f17) x30 0x8000fd70
core   0: 0x80009d74 (0x283f2823) sw      gp, 656(t5)
core   0: 3 0x80009d74 (0x283f2823) mem 0x80010000 0x00000001
core   0: 0x80009d78 (0xff9ff06f) j       pc - 0x8
core   0: 3 0x80009d78 (0xff9ff06f)
core   0: 0x80009d70 (0x00006f17) auipc   t5, 0x6
core   0: 3 0x80009d70 (0x00006f17) x30 0x8000fd70
core   0: 0x80009d74 (0x283f2823) sw      gp, 656(t5)
core   0: 3 0x80009d74 (0x283f2823) mem 0x80010000 0x00000001
core   0: 0x80009d78 (0xff9ff06f) j       pc - 0x8
core   0: 3 0x80009d78 (0xff9ff06f)
core   0: 0x80009d70 (0x00006f17) auipc   t5, 0x6
core   0: 3 0x80009d70 (0x00006f17) x30 0x8000fd70
core   0: 0x80009d74 (0x283f2823) sw      gp, 656(t5)
core   0: 3 0x80009d74 (0x283f2823) mem 0x80010000 0x00000001
core   0: 0x80009d78 (0xff9ff06f) j       pc - 0x8
core   0: 3 0x80009d78 (0xff9ff06f)
core   0: 0x80009d70 (0x00006f17) auipc   t5, 0x6
core   0: 3 0x80009d70 (0x00006f17) x30 0x8000fd70
core   0: 0x80009d74 (0x283f2823) sw      gp, 656(t5)
core   0: 3 0x80009d74 (0x283f2823) mem 0x80010000 0x00000001
core   0: 0x80009d78 (0xff9ff06f) j       pc - 0x8
core   0: 3 0x80009d78 (0xff9ff06f)
core   0: 0x80009d70 (0x00006f17) auipc   t5, 0x6
core   0: 3 0x80009d70 (0x00006f17) x30 0x8000fd70
core   0: 0x80009d74 (0x283f2823) sw      gp, 656(t5)
core   0: 3 0x80009d74 (0x283f2823) mem 0x80010000 0x00000001
core   0: 0x80009d78 (0xff9ff06f) j       pc - 0x8
core   0: 3 0x80009d78 (0xff9ff06f)
core   0: 0x80009d70 (0x00006f17) auipc   t5, 0x6
core   0: 3 0x80009d70 (0x00006f17) x30 0x8000fd70
core   0: 0x80009d74 (0x283f2823) sw      gp, 656(t5)
core   0: 3 0x80009d74 (0x283f2823) mem 0x80010000 0x00000001
core   0: 0x80009d78 (0xff9ff06f) j       pc - 0x8
core   0: 3 0x80009d78 (0xff9ff06f)
core   0: 0x80009d70 (0x00006f17) auipc   t5, 0x6
core   0: 3 0x80009d70 (0x00006f17) x30 0x8000fd70
core   0: 0x80009d74 (0x283f2823) sw      gp, 656(t5)
core   0: 3 0x80009d74 (0x283f2823) mem 0x80010000 0x00000001
core   0: 0x80009d78 (0xff9ff06f) j       pc - 0x8
core   0: 3 0x80009d78 (0xff9ff06f)
core   0: 0x80009d70 (0x00006f17) auipc   t5, 0x6
core   0: 3 0x80009d70 (0x00006f17) x30 0x8000fd70
core   0: 0x80009d74 (0x283f2823) sw      gp, 656(t5)
core   0: 3 0x80009d74 (0x283f2823) mem 0x80010000 0x00000001
core   0: 0x80009d78 (0xff9ff06f) j       pc - 0x8
core   0: 3 0x80009d78 (0xff9ff06f)
core   0: 0x80009d70 (0x00006f17) auipc   t5, 0x6
core   0: 3 0x80009d70 (0x00006f17) x30 0x8000fd70
core   0: 0x80009d74 (0x283f2823) sw      gp, 656(t5)
core   0: 3 0x80009d74 (0x283f2823) mem 0x80010000 0x00000001
core   0: 0x80009d78 (0xff9ff06f) j       pc - 0x8
core   0: 3 0x80009d78 (0xff9ff06f)
core   0: 0x80009d70 (0x00006f17) auipc   t5, 0x6
core   0: 3 0x80009d70 (0x00006f17) x30 0x8000fd70
core   0: 0x80009d74 (0x283f2823) sw      gp, 656(t5)
core   0: 3 0x80009d74 (0x283f2823) mem 0x80010000 0x00000001
core   0: 0x80009d78 (0xff9ff06f) j       pc - 0x8
core   0: 3 0x80009d78 (0xff9ff06f)
core   0: 0x80009d70 (0x00006f17) auipc   t5, 0x6
core   0: 3 0x80009d70 (0x00006f17) x30 0x8000fd70
core   0: 0x80009d74 (0x283f2823) sw      gp, 656(t5)
core   0: 3 0x80009d74 (0x283f2823) mem 0x80010000 0x00000001
core   0: 0x80009d78 (0xff9ff06f) j       pc - 0x8
core   0: 3 0x80009d78 (0xff9ff06f)
core   0: 0x80009d70 (0x00006f17) auipc   t5, 0x6
core   0: 3 0x80009d70 (0x00006f17) x30 0x8000fd70
core   0: 0x80009d74 (0x283f2823) sw      gp, 656(t5)
core   0: 3 0x80009d74 (0x283f2823) mem 0x80010000 0x00000001
core   0: 0x80009d78 (0xff9ff06f) j       pc - 0x8
core   0: 3 0x80009d78 (0xff9ff06f)
core   0: 0x80009d70 (0x00006f17) auipc   t5, 0x6
core   0: 3 0x80009d70 (0x00006f17) x30 0x8000fd70
core   0: 0x80009d74 (0x283f2823) sw      gp, 656(t5)
core   0: 3 0x80009d74 (0x283f2823) mem 0x80010000 0x00000001
core   0: 0x80009d78 (0xff9ff06f) j       pc - 0x8
core   0: 3 0x80009d78 (0xff9ff06f)
core   0: 0x80009d70 (0x00006f17) auipc   t5, 0x6
core   0: 3 0x80009d70 (0x00006f17) x30 0x8000fd70
core   0: 0x80009d74 (0x283f2823) sw      gp, 656(t5)
core   0: 3 0x80009d74 (0x283f2823) mem 0x80010000 0x00000001
core   0: 0x80009d78 (0xff9ff06f) j       pc - 0x8
core   0: 3 0x80009d78 (0xff9ff06f)
core   0: 0x80009d70 (0x00006f17) auipc   t5, 0x6
core   0: 3 0x80009d70 (0x00006f17) x30 0x8000fd70
core   0: 0x80009d74 (0x283f2823) sw      gp, 656(t5)
core   0: 3 0x80009d74 (0x283f2823) mem 0x80010000 0x00000001
core   0: 0x80009d78 (0xff9ff06f) j       pc - 0x8
core   0: 3 0x80009d78 (0xff9ff06f)
core   0: 0x80009d70 (0x00006f17) auipc   t5, 0x6
core   0: 3 0x80009d70 (0x00006f17) x30 0x8000fd70
core   0: 0x80009d74 (0x283f2823) sw      gp, 656(t5)
core   0: 3 0x80009d74 (0x283f2823) mem 0x80010000 0x00000001
core   0: 0x80009d78 (0xff9ff06f) j       pc - 0x8
core   0: 3 0x80009d78 (0xff9ff06f)
core   0: 0x80009d70 (0x00006f17) auipc   t5, 0x6
core   0: 3 0x80009d70 (0x00006f17) x30 0x8000fd70
core   0: 0x80009d74 (0x283f2823) sw      gp, 656(t5)
core   0: 3 0x80009d74 (0x283f2823) mem 0x80010000 0x00000001
core   0: 0x80009d78 (0xff9ff06f) j       pc - 0x8
core   0: 3 0x80009d78 (0xff9ff06f)
core   0: 0x80009d70 (0x00006f17) auipc   t5, 0x6
core   0: 3 0x80009d70 (0x00006f17) x30 0x8000fd70
core   0: 0x80009d74 (0x283f2823) sw      gp, 656(t5)
core   0: 3 0x80009d74 (0x283f2823) mem 0x80010000 0x00000001
core   0: 0x80009d78 (0xff9ff06f) j       pc - 0x8
core   0: 3 0x80009d78 (0xff9ff06f)
core   0: 0x80009d70 (0x00006f17) auipc   t5, 0x6
core   0: 3 0x80009d70 (0x00006f17) x30 0x8000fd70
core   0: 0x80009d74 (0x283f2823) sw      gp, 656(t5)
core   0: 3 0x80009d74 (0x283f2823) mem 0x80010000 0x00000001
core   0: 0x80009d78 (0xff9ff06f) j       pc - 0x8
core   0: 3 0x80009d78 (0xff9ff06f)
core   0: 0x80009d70 (0x00006f17) auipc   t5, 0x6
core   0: 3 0x80009d70 (0x00006f17) x30 0x8000fd70
core   0: 0x80009d74 (0x283f2823) sw      gp, 656(t5)
core   0: 3 0x80009d74 (0x283f2823) mem 0x80010000 0x00000001
core   0: 0x80009d78 (0xff9ff06f) j       pc - 0x8
core   0: 3 0x80009d78 (0xff9ff06f)
core   0: 0x80009d70 (0x00006f17) auipc   t5, 0x6
core   0: 3 0x80009d70 (0x00006f17) x30 0x8000fd70
core   0: 0x80009d74 (0x283f2823) sw      gp, 656(t5)
core   0: 3 0x80009d74 (0x283f2823) mem 0x80010000 0x00000001
core   0: 0x80009d78 (0xff9ff06f) j       pc - 0x8
core   0: 3 0x80009d78 (0xff9ff06f)
core   0: 0x80009d70 (0x00006f17) auipc   t5, 0x6
core   0: 3 0x80009d70 (0x00006f17) x30 0x8000fd70
core   0: 0x80009d74 (0x283f2823) sw      gp, 656(t5)
core   0: 3 0x80009d74 (0x283f2823) mem 0x80010000 0x00000001
core   0: 0x80009d78 (0xff9ff06f) j       pc - 0x8
core   0: 3 0x80009d78 (0xff9ff06f)
core   0: 0x80009d70 (0x00006f17) auipc   t5, 0x6
core   0: 3 0x80009d70 (0x00006f17) x30 0x8000fd70
core   0: 0x80009d74 (0x283f2823) sw      gp, 656(t5)
core   0: 3 0x80009d74 (0x283f2823) mem 0x80010000 0x00000001
core   0: 0x80009d78 (0xff9ff06f) j       pc - 0x8
core   0: 3 0x80009d78 (0xff9ff06f)
core   0: 0x80009d70 (0x00006f17) auipc   t5, 0x6
core   0: 3 0x80009d70 (0x00006f17) x30 0x8000fd70
core   0: 0x80009d74 (0x283f2823) sw      gp, 656(t5)
core   0: 3 0x80009d74 (0x283f2823) mem 0x80010000 0x00000001
core   0: 0x80009d78 (0xff9ff06f) j       pc - 0x8
core   0: 3 0x80009d78 (0xff9ff06f)
core   0: 0x80009d70 (0x00006f17) auipc   t5, 0x6
core   0: 3 0x80009d70 (0x00006f17) x30 0x8000fd70
core   0: 0x80009d74 (0x283f2823) sw      gp, 656(t5)
core   0: 3 0x80009d74 (0x283f2823) mem 0x80010000 0x00000001
core   0: 0x80009d78 (0xff9ff06f) j       pc - 0x8
core   0: 3 0x80009d78 (0xff9ff06f)
core   0: 0x80009d70 (0x00006f17) auipc   t5, 0x6
core   0: 3 0x80009d70 (0x00006f17) x30 0x8000fd70
core   0: 0x80009d74 (0x283f2823) sw      gp, 656(t5)
core   0: 3 0x80009d74 (0x283f2823) mem 0x80010000 0x00000001
core   0: 0x80009d78 (0xff9ff06f) j       pc - 0x8
core   0: 3 0x80009d78 (0xff9ff06f)
core   0: 0x80009d70 (0x00006f17) auipc   t5, 0x6
core   0: 3 0x80009d70 (0x00006f17) x30 0x8000fd70
core   0: 0x80009d74 (0x283f2823) sw      gp, 656(t5)
core   0: 3 0x80009d74 (0x283f2823) mem 0x80010000 0x00000001
core   0: 0x80009d78 (0xff9ff06f) j       pc - 0x8
core   0: 3 0x80009d78 (0xff9ff06f)
core   0: 0x80009d70 (0x00006f17) auipc   t5, 0x6
core   0: 3 0x80009d70 (0x00006f17) x30 0x8000fd70
core   0: 0x80009d74 (0x283f2823) sw      gp, 656(t5)
core   0: 3 0x80009d74 (0x283f2823) mem 0x80010000 0x00000001
core   0: 0x80009d78 (0xff9ff06f) j       pc - 0x8
core   0: 3 0x80009d78 (0xff9ff06f)
core   0: 0x80009d70 (0x00006f17) auipc   t5, 0x6
core   0: 3 0x80009d70 (0x00006f17) x30 0x8000fd70
core   0: 0x80009d74 (0x283f2823) sw      gp, 656(t5)
core   0: 3 0x80009d74 (0x283f2823) mem 0x80010000 0x00000001
core   0: 0x80009d78 (0xff9ff06f) j       pc - 0x8
core   0: 3 0x80009d78 (0xff9ff06f)
core   0: 0x80009d70 (0x00006f17) auipc   t5, 0x6
core   0: 3 0x80009d70 (0x00006f17) x30 0x8000fd70
core   0: 0x80009d74 (0x283f2823) sw      gp, 656(t5)
core   0: 3 0x80009d74 (0x283f2823) mem 0x80010000 0x00000001
core   0: 0x80009d78 (0xff9ff06f) j       pc - 0x8
core   0: 3 0x80009d78 (0xff9ff06f)
core   0: 0x80009d70 (0x00006f17) auipc   t5, 0x6
core   0: 3 0x80009d70 (0x00006f17) x30 0x8000fd70
core   0: 0x80009d74 (0x283f2823) sw      gp, 656(t5)
core   0: 3 0x80009d74 (0x283f2823) mem 0x80010000 0x00000001
core   0: 0x80009d78 (0xff9ff06f) j       pc - 0x8
core   0: 3 0x80009d78 (0xff9ff06f)
core   0: 0x80009d70 (0x00006f17) auipc   t5, 0x6
core   0: 3 0x80009d70 (0x00006f17) x30 0x8000fd70
core   0: 0x80009d74 (0x283f2823) sw      gp, 656(t5)
core   0: 3 0x80009d74 (0x283f2823) mem 0x80010000 0x00000001
core   0: 0x80009d78 (0xff9ff06f) j       pc - 0x8
core   0: 3 0x80009d78 (0xff9ff06f)
core   0: 0x80009d70 (0x00006f17) auipc   t5, 0x6
core   0: 3 0x80009d70 (0x00006f17) x30 0x8000fd70
core   0: 0x80009d74 (0x283f2823) sw      gp, 656(t5)
core   0: 3 0x80009d74 (0x283f2823) mem 0x80010000 0x00000001
core   0: 0x80009d78 (0xff9ff06f) j       pc - 0x8
core   0: 3 0x80009d78 (0xff9ff06f)
core   0: 0x80009d70 (0x00006f17) auipc   t5, 0x6
core   0: 3 0x80009d70 (0x00006f17) x30 0x8000fd70
core   0: 0x80009d74 (0x283f2823) sw      gp, 656(t5)
core   0: 3 0x80009d74 (0x283f2823) mem 0x80010000 0x00000001
core   0: 0x80009d78 (0xff9ff06f) j       pc - 0x8
core   0: 3 0x80009d78 (0xff9ff06f)
core   0: 0x80009d70 (0x00006f17) auipc   t5, 0x6
core   0: 3 0x80009d70 (0x00006f17) x30 0x8000fd70
core   0: 0x80009d74 (0x283f2823) sw      gp, 656(t5)
core   0: 3 0x80009d74 (0x283f2823) mem 0x80010000 0x00000001
core   0: 0x80009d78 (0xff9ff06f) j       pc - 0x8
core   0: 3 0x80009d78 (0xff9ff06f)
core   0: 0x80009d70 (0x00006f17) auipc   t5, 0x6
core   0: 3 0x80009d70 (0x00006f17) x30 0x8000fd70
core   0: 0x80009d74 (0x283f2823) sw      gp, 656(t5)
core   0: 3 0x80009d74 (0x283f2823) mem 0x80010000 0x00000001
core   0: 0x80009d78 (0xff9ff06f) j       pc - 0x8
core   0: 3 0x80009d78 (0xff9ff06f)
core   0: 0x80009d70 (0x00006f17) auipc   t5, 0x6
core   0: 3 0x80009d70 (0x00006f17) x30 0x8000fd70
core   0: 0x80009d74 (0x283f2823) sw      gp, 656(t5)
core   0: 3 0x80009d74 (0x283f2823) mem 0x80010000 0x00000001
core   0: 0x80009d78 (0xff9ff06f) j       pc - 0x8
core   0: 3 0x80009d78 (0xff9ff06f)
core   0: 0x80009d70 (0x00006f17) auipc   t5, 0x6
core   0: 3 0x80009d70 (0x00006f17) x30 0x8000fd70
core   0: 0x80009d74 (0x283f2823) sw      gp, 656(t5)
core   0: 3 0x80009d74 (0x283f2823) mem 0x80010000 0x00000001
core   0: 0x80009d78 (0xff9ff06f) j       pc - 0x8
core   0: 3 0x80009d78 (0xff9ff06f)
core   0: 0x80009d70 (0x00006f17) auipc   t5, 0x6
core   0: 3 0x80009d70 (0x00006f17) x30 0x8000fd70
core   0: 0x80009d74 (0x283f2823) sw      gp, 656(t5)
core   0: 3 0x80009d74 (0x283f2823) mem 0x80010000 0x00000001
core   0: 0x80009d78 (0xff9ff06f) j       pc - 0x8
core   0: 3 0x80009d78 (0xff9ff06f)
core   0: 0x80009d70 (0x00006f17) auipc   t5, 0x6
core   0: 3 0x80009d70 (0x00006f17) x30 0x8000fd70
core   0: 0x80009d74 (0x283f2823) sw      gp, 656(t5)
core   0: 3 0x80009d74 (0x283f2823) mem 0x80010000 0x00000001
core   0: 0x80009d78 (0xff9ff06f) j       pc - 0x8
core   0: 3 0x80009d78 (0xff9ff06f)
core   0: 0x80009d70 (0x00006f17) auipc   t5, 0x6
core   0: 3 0x80009d70 (0x00006f17) x30 0x8000fd70
core   0: 0x80009d74 (0x283f2823) sw      gp, 656(t5)
core   0: 3 0x80009d74 (0x283f2823) mem 0x80010000 0x00000001
core   0: 0x80009d78 (0xff9ff06f) j       pc - 0x8
core   0: 3 0x80009d78 (0xff9ff06f)
core   0: 0x80009d70 (0x00006f17) auipc   t5, 0x6
core   0: 3 0x80009d70 (0x00006f17) x30 0x8000fd70
core   0: 0x80009d74 (0x283f2823) sw      gp, 656(t5)
core   0: 3 0x80009d74 (0x283f2823) mem 0x80010000 0x00000001
core   0: 0x80009d78 (0xff9ff06f) j       pc - 0x8
core   0: 3 0x80009d78 (0xff9ff06f)
core   0: 0x80009d70 (0x00006f17) auipc   t5, 0x6
core   0: 3 0x80009d70 (0x00006f17) x30 0x8000fd70
core   0: 0x80009d74 (0x283f2823) sw      gp, 656(t5)
core   0: 3 0x80009d74 (0x283f2823) mem 0x80010000 0x00000001
core   0: 0x80009d78 (0xff9ff06f) j       pc - 0x8
core   0: 3 0x80009d78 (0xff9ff06f)
core   0: 0x80009d70 (0x00006f17) auipc   t5, 0x6
core   0: 3 0x80009d70 (0x00006f17) x30 0x8000fd70
core   0: 0x80009d74 (0x283f2823) sw      gp, 656(t5)
core   0: 3 0x80009d74 (0x283f2823) mem 0x80010000 0x00000001
core   0: 0x80009d78 (0xff9ff06f) j       pc - 0x8
core   0: 3 0x80009d78 (0xff9ff06f)
core   0: 0x80009d70 (0x00006f17) auipc   t5, 0x6
core   0: 3 0x80009d70 (0x00006f17) x30 0x8000fd70
core   0: 0x80009d74 (0x283f2823) sw      gp, 656(t5)
core   0: 3 0x80009d74 (0x283f2823) mem 0x80010000 0x00000001
core   0: 0x80009d78 (0xff9ff06f) j       pc - 0x8
core   0: 3 0x80009d78 (0xff9ff06f)
core   0: 0x80009d70 (0x00006f17) auipc   t5, 0x6
core   0: 3 0x80009d70 (0x00006f17) x30 0x8000fd70
core   0: 0x80009d74 (0x283f2823) sw      gp, 656(t5)
core   0: 3 0x80009d74 (0x283f2823) mem 0x80010000 0x00000001
core   0: 0x80009d78 (0xff9ff06f) j       pc - 0x8
core   0: 3 0x80009d78 (0xff9ff06f)
core   0: 0x80009d70 (0x00006f17) auipc   t5, 0x6
core   0: 3 0x80009d70 (0x00006f17) x30 0x8000fd70
core   0: 0x80009d74 (0x283f2823) sw      gp, 656(t5)
core   0: 3 0x80009d74 (0x283f2823) mem 0x80010000 0x00000001
core   0: 0x80009d78 (0xff9ff06f) j       pc - 0x8
core   0: 3 0x80009d78 (0xff9ff06f)
core   0: 0x80009d70 (0x00006f17) auipc   t5, 0x6
core   0: 3 0x80009d70 (0x00006f17) x30 0x8000fd70
core   0: 0x80009d74 (0x283f2823) sw      gp, 656(t5)
core   0: 3 0x80009d74 (0x283f2823) mem 0x80010000 0x00000001
core   0: 0x80009d78 (0xff9ff06f) j       pc - 0x8
core   0: 3 0x80009d78 (0xff9ff06f)
core   0: 0x80009d70 (0x00006f17) auipc   t5, 0x6
core   0: 3 0x80009d70 (0x00006f17) x30 0x8000fd70
core   0: 0x80009d74 (0x283f2823) sw      gp, 656(t5)
core   0: 3 0x80009d74 (0x283f2823) mem 0x80010000 0x00000001
core   0: 0x80009d78 (0xff9ff06f) j       pc - 0x8
core   0: 3 0x80009d78 (0xff9ff06f)
core   0: 0x80009d70 (0x00006f17) auipc   t5, 0x6
core   0: 3 0x80009d70 (0x00006f17) x30 0x8000fd70
core   0: 0x80009d74 (0x283f2823) sw      gp, 656(t5)
core   0: 3 0x80009d74 (0x283f2823) mem 0x80010000 0x00000001
core   0: 0x80009d78 (0xff9ff06f) j       pc - 0x8
core   0: 3 0x80009d78 (0xff9ff06f)
core   0: 0x80009d70 (0x00006f17) auipc   t5, 0x6
core   0: 3 0x80009d70 (0x00006f17) x30 0x8000fd70
core   0: 0x80009d74 (0x283f2823) sw      gp, 656(t5)
core   0: 3 0x80009d74 (0x283f2823) mem 0x80010000 0x00000001
core   0: 0x80009d78 (0xff9ff06f) j       pc - 0x8
core   0: 3 0x80009d78 (0xff9ff06f)
core   0: 0x80009d70 (0x00006f17) auipc   t5, 0x6
core   0: 3 0x80009d70 (0x00006f17) x30 0x8000fd70
core   0: 0x80009d74 (0x283f2823) sw      gp, 656(t5)
core   0: 3 0x80009d74 (0x283f2823) mem 0x80010000 0x00000001
core   0: 0x80009d78 (0xff9ff06f) j       pc - 0x8
core   0: 3 0x80009d78 (0xff9ff06f)
core   0: 0x80009d70 (0x00006f17) auipc   t5, 0x6
core   0: 3 0x80009d70 (0x00006f17) x30 0x8000fd70
core   0: 0x80009d74 (0x283f2823) sw      gp, 656(t5)
core   0: 3 0x80009d74 (0x283f2823) mem 0x80010000 0x00000001
core   0: 0x80009d78 (0xff9ff06f) j       pc - 0x8
core   0: 3 0x80009d78 (0xff9ff06f)
core   0: 0x80009d70 (0x00006f17) auipc   t5, 0x6
core   0: 3 0x80009d70 (0x00006f17) x30 0x8000fd70
core   0: 0x80009d74 (0x283f2823) sw      gp, 656(t5)
core   0: 3 0x80009d74 (0x283f2823) mem 0x80010000 0x00000001
core   0: 0x80009d78 (0xff9ff06f) j       pc - 0x8
core   0: 3 0x80009d78 (0xff9ff06f)
core   0: 0x80009d70 (0x00006f17) auipc   t5, 0x6
core   0: 3 0x80009d70 (0x00006f17) x30 0x8000fd70
core   0: 0x80009d74 (0x283f2823) sw      gp, 656(t5)
core   0: 3 0x80009d74 (0x283f2823) mem 0x80010000 0x00000001
core   0: 0x80009d78 (0xff9ff06f) j       pc - 0x8
core   0: 3 0x80009d78 (0xff9ff06f)
core   0: 0x80009d70 (0x00006f17) auipc   t5, 0x6
core   0: 3 0x80009d70 (0x00006f17) x30 0x8000fd70
core   0: 0x80009d74 (0x283f2823) sw      gp, 656(t5)
core   0: 3 0x80009d74 (0x283f2823) mem 0x80010000 0x00000001
core   0: 0x80009d78 (0xff9ff06f) j       pc - 0x8
core   0: 3 0x80009d78 (0xff9ff06f)
core   0: 0x80009d70 (0x00006f17) auipc   t5, 0x6
core   0: 3 0x80009d70 (0x00006f17) x30 0x8000fd70
core   0: 0x80009d74 (0x283f2823) sw      gp, 656(t5)
core   0: 3 0x80009d74 (0x283f2823) mem 0x80010000 0x00000001
core   0: 0x80009d78 (0xff9ff06f) j       pc - 0x8
core   0: 3 0x80009d78 (0xff9ff06f)
core   0: 0x80009d70 (0x00006f17) auipc   t5, 0x6
core   0: 3 0x80009d70 (0x00006f17) x30 0x8000fd70
core   0: 0x80009d74 (0x283f2823) sw      gp, 656(t5)
core   0: 3 0x80009d74 (0x283f2823) mem 0x80010000 0x00000001
core   0: 0x80009d78 (0xff9ff06f) j       pc - 0x8
core   0: 3 0x80009d78 (0xff9ff06f)
core   0: 0x80009d70 (0x00006f17) auipc   t5, 0x6
core   0: 3 0x80009d70 (0x00006f17) x30 0x8000fd70
core   0: 0x80009d74 (0x283f2823) sw      gp, 656(t5)
core   0: 3 0x80009d74 (0x283f2823) mem 0x80010000 0x00000001
core   0: 0x80009d78 (0xff9ff06f) j       pc - 0x8
core   0: 3 0x80009d78 (0xff9ff06f)
core   0: 0x80009d70 (0x00006f17) auipc   t5, 0x6
core   0: 3 0x80009d70 (0x00006f17) x30 0x8000fd70
core   0: 0x80009d74 (0x283f2823) sw      gp, 656(t5)
core   0: 3 0x80009d74 (0x283f2823) mem 0x80010000 0x00000001
core   0: 0x80009d78 (0xff9ff06f) j       pc - 0x8
core   0: 3 0x80009d78 (0xff9ff06f)
core   0: 0x80009d70 (0x00006f17) auipc   t5, 0x6
core   0: 3 0x80009d70 (0x00006f17) x30 0x8000fd70
core   0: 0x80009d74 (0x283f2823) sw      gp, 656(t5)
core   0: 3 0x80009d74 (0x283f2823) mem 0x80010000 0x00000001
core   0: 0x80009d78 (0xff9ff06f) j       pc - 0x8
core   0: 3 0x80009d78 (0xff9ff06f)
core   0: 0x80009d70 (0x00006f17) auipc   t5, 0x6
core   0: 3 0x80009d70 (0x00006f17) x30 0x8000fd70
core   0: 0x80009d74 (0x283f2823) sw      gp, 656(t5)
core   0: 3 0x80009d74 (0x283f2823) mem 0x80010000 0x00000001
core   0: 0x80009d78 (0xff9ff06f) j       pc - 0x8
core   0: 3 0x80009d78 (0xff9ff06f)
core   0: 0x80009d70 (0x00006f17) auipc   t5, 0x6
core   0: 3 0x80009d70 (0x00006f17) x30 0x8000fd70
core   0: 0x80009d74 (0x283f2823) sw      gp, 656(t5)
core   0: 3 0x80009d74 (0x283f2823) mem 0x80010000 0x00000001
core   0: 0x80009d78 (0xff9ff06f) j       pc - 0x8
core   0: 3 0x80009d78 (0xff9ff06f)
core   0: 0x80009d70 (0x00006f17) auipc   t5, 0x6
core   0: 3 0x80009d70 (0x00006f17) x30 0x8000fd70
core   0: 0x80009d74 (0x283f2823) sw      gp, 656(t5)
core   0: 3 0x80009d74 (0x283f2823) mem 0x80010000 0x00000001
core   0: 0x80009d78 (0xff9ff06f) j       pc - 0x8
core   0: 3 0x80009d78 (0xff9ff06f)
core   0: 0x80009d70 (0x00006f17) auipc   t5, 0x6
core   0: 3 0x80009d70 (0x00006f17) x30 0x8000fd70
core   0: 0x80009d74 (0x283f2823) sw      gp, 656(t5)
core   0: 3 0x80009d74 (0x283f2823) mem 0x80010000 0x00000001
core   0: 0x80009d78 (0xff9ff06f) j       pc - 0x8
core   0: 3 0x80009d78 (0xff9ff06f)
core   0: 0x80009d70 (0x00006f17) auipc   t5, 0x6
core   0: 3 0x80009d70 (0x00006f17) x30 0x8000fd70
core   0: 0x80009d74 (0x283f2823) sw      gp, 656(t5)
core   0: 3 0x80009d74 (0x283f2823) mem 0x80010000 0x00000001
core   0: 0x80009d78 (0xff9ff06f) j       pc - 0x8
core   0: 3 0x80009d78 (0xff9ff06f)
core   0: 0x80009d70 (0x00006f17) auipc   t5, 0x6
core   0: 3 0x80009d70 (0x00006f17) x30 0x8000fd70
core   0: 0x80009d74 (0x283f2823) sw      gp, 656(t5)
core   0: 3 0x80009d74 (0x283f2823) mem 0x80010000 0x00000001
core   0: 0x80009d78 (0xff9ff06f) j       pc - 0x8
core   0: 3 0x80009d78 (0xff9ff06f)
core   0: 0x80009d70 (0x00006f17) auipc   t5, 0x6
core   0: 3 0x80009d70 (0x00006f17) x30 0x8000fd70
core   0: 0x80009d74 (0x283f2823) sw      gp, 656(t5)
core   0: 3 0x80009d74 (0x283f2823) mem 0x80010000 0x00000001
core   0: 0x80009d78 (0xff9ff06f) j       pc - 0x8
core   0: 3 0x80009d78 (0xff9ff06f)
core   0: 0x80009d70 (0x00006f17) auipc   t5, 0x6
core   0: 3 0x80009d70 (0x00006f17) x30 0x8000fd70
core   0: 0x80009d74 (0x283f2823) sw      gp, 656(t5)
core   0: 3 0x80009d74 (0x283f2823) mem 0x80010000 0x00000001
core   0: 0x80009d78 (0xff9ff06f) j       pc - 0x8
core   0: 3 0x80009d78 (0xff9ff06f)
core   0: 0x80009d70 (0x00006f17) auipc   t5, 0x6
core   0: 3 0x80009d70 (0x00006f17) x30 0x8000fd70
core   0: 0x80009d74 (0x283f2823) sw      gp, 656(t5)
core   0: 3 0x80009d74 (0x283f2823) mem 0x80010000 0x00000001
core   0: 0x80009d78 (0xff9ff06f) j       pc - 0x8
core   0: 3 0x80009d78 (0xff9ff06f)
core   0: 0x80009d70 (0x00006f17) auipc   t5, 0x6
core   0: 3 0x80009d70 (0x00006f17) x30 0x8000fd70
core   0: 0x80009d74 (0x283f2823) sw      gp, 656(t5)
core   0: 3 0x80009d74 (0x283f2823) mem 0x80010000 0x00000001
core   0: 0x80009d78 (0xff9ff06f) j       pc - 0x8
core   0: 3 0x80009d78 (0xff9ff06f)
core   0: 0x80009d70 (0x00006f17) auipc   t5, 0x6
core   0: 3 0x80009d70 (0x00006f17) x30 0x8000fd70
core   0: 0x80009d74 (0x283f2823) sw      gp, 656(t5)
core   0: 3 0x80009d74 (0x283f2823) mem 0x80010000 0x00000001
core   0: 0x80009d78 (0xff9ff06f) j       pc - 0x8
core   0: 3 0x80009d78 (0xff9ff06f)
core   0: 0x80009d70 (0x00006f17) auipc   t5, 0x6
core   0: 3 0x80009d70 (0x00006f17) x30 0x8000fd70
core   0: 0x80009d74 (0x283f2823) sw      gp, 656(t5)
core   0: 3 0x80009d74 (0x283f2823) mem 0x80010000 0x00000001
core   0: 0x80009d78 (0xff9ff06f) j       pc - 0x8
core   0: 3 0x80009d78 (0xff9ff06f)
core   0: 0x80009d70 (0x00006f17) auipc   t5, 0x6
core   0: 3 0x80009d70 (0x00006f17) x30 0x8000fd70
core   0: 0x80009d74 (0x283f2823) sw      gp, 656(t5)
core   0: 3 0x80009d74 (0x283f2823) mem 0x80010000 0x00000001
core   0: 0x80009d78 (0xff9ff06f) j       pc - 0x8
core   0: 3 0x80009d78 (0xff9ff06f)
core   0: 0x80009d70 (0x00006f17) auipc   t5, 0x6
core   0: 3 0x80009d70 (0x00006f17) x30 0x8000fd70
core   0: 0x80009d74 (0x283f2823) sw      gp, 656(t5)
core   0: 3 0x80009d74 (0x283f2823) mem 0x80010000 0x00000001
core   0: 0x80009d78 (0xff9ff06f) j       pc - 0x8
core   0: 3 0x80009d78 (0xff9ff06f)
core   0: 0x80009d70 (0x00006f17) auipc   t5, 0x6
core   0: 3 0x80009d70 (0x00006f17) x30 0x8000fd70
core   0: 0x80009d74 (0x283f2823) sw      gp, 656(t5)
core   0: 3 0x80009d74 (0x283f2823) mem 0x80010000 0x00000001
core   0: 0x80009d78 (0xff9ff06f) j       pc - 0x8
core   0: 3 0x80009d78 (0xff9ff06f)
core   0: 0x80009d70 (0x00006f17) auipc   t5, 0x6
core   0: 3 0x80009d70 (0x00006f17) x30 0x8000fd70
core   0: 0x80009d74 (0x283f2823) sw      gp, 656(t5)
core   0: 3 0x80009d74 (0x283f2823) mem 0x80010000 0x00000001
core   0: 0x80009d78 (0xff9ff06f) j       pc - 0x8
core   0: 3 0x80009d78 (0xff9ff06f)
core   0: 0x80009d70 (0x00006f17) auipc   t5, 0x6
core   0: 3 0x80009d70 (0x00006f17) x30 0x8000fd70
core   0: 0x80009d74 (0x283f2823) sw      gp, 656(t5)
core   0: 3 0x80009d74 (0x283f2823) mem 0x80010000 0x00000001
core   0: 0x80009d78 (0xff9ff06f) j       pc - 0x8
core   0: 3 0x80009d78 (0xff9ff06f)
core   0: 0x80009d70 (0x00006f17) auipc   t5, 0x6
core   0: 3 0x80009d70 (0x00006f17) x30 0x8000fd70
core   0: 0x80009d74 (0x283f2823) sw      gp, 656(t5)
core   0: 3 0x80009d74 (0x283f2823) mem 0x80010000 0x00000001
core   0: 0x80009d78 (0xff9ff06f) j       pc - 0x8
core   0: 3 0x80009d78 (0xff9ff06f)
core   0: 0x80009d70 (0x00006f17) auipc   t5, 0x6
core   0: 3 0x80009d70 (0x00006f17) x30 0x8000fd70
core   0: 0x80009d74 (0x283f2823) sw      gp, 656(t5)
core   0: 3 0x80009d74 (0x283f2823) mem 0x80010000 0x00000001
core   0: 0x80009d78 (0xff9ff06f) j       pc - 0x8
core   0: 3 0x80009d78 (0xff9ff06f)
core   0: 0x80009d70 (0x00006f17) auipc   t5, 0x6
core   0: 3 0x80009d70 (0x00006f17) x30 0x8000fd70
core   0: 0x80009d74 (0x283f2823) sw      gp, 656(t5)
core   0: 3 0x80009d74 (0x283f2823) mem 0x80010000 0x00000001
core   0: 0x80009d78 (0xff9ff06f) j       pc - 0x8
core   0: 3 0x80009d78 (0xff9ff06f)
core   0: 0x80009d70 (0x00006f17) auipc   t5, 0x6
core   0: 3 0x80009d70 (0x00006f17) x30 0x8000fd70
core   0: 0x80009d74 (0x283f2823) sw      gp, 656(t5)
core   0: 3 0x80009d74 (0x283f2823) mem 0x80010000 0x00000001
core   0: 0x80009d78 (0xff9ff06f) j       pc - 0x8
core   0: 3 0x80009d78 (0xff9ff06f)
core   0: 0x80009d70 (0x00006f17) auipc   t5, 0x6
core   0: 3 0x80009d70 (0x00006f17) x30 0x8000fd70
core   0: 0x80009d74 (0x283f2823) sw      gp, 656(t5)
core   0: 3 0x80009d74 (0x283f2823) mem 0x80010000 0x00000001
core   0: 0x80009d78 (0xff9ff06f) j       pc - 0x8
core   0: 3 0x80009d78 (0xff9ff06f)
core   0: 0x80009d70 (0x00006f17) auipc   t5, 0x6
core   0: 3 0x80009d70 (0x00006f17) x30 0x8000fd70
core   0: 0x80009d74 (0x283f2823) sw      gp, 656(t5)
core   0: 3 0x80009d74 (0x283f2823) mem 0x80010000 0x00000001
core   0: 0x80009d78 (0xff9ff06f) j       pc - 0x8
core   0: 3 0x80009d78 (0xff9ff06f)
core   0: 0x80009d70 (0x00006f17) auipc   t5, 0x6
core   0: 3 0x80009d70 (0x00006f17) x30 0x8000fd70
core   0: 0x80009d74 (0x283f2823) sw      gp, 656(t5)
core   0: 3 0x80009d74 (0x283f2823) mem 0x80010000 0x00000001
core   0: 0x80009d78 (0xff9ff06f) j       pc - 0x8
core   0: 3 0x80009d78 (0xff9ff06f)
core   0: 0x80009d70 (0x00006f17) auipc   t5, 0x6
core   0: 3 0x80009d70 (0x00006f17) x30 0x8000fd70
core   0: 0x80009d74 (0x283f2823) sw      gp, 656(t5)
core   0: 3 0x80009d74 (0x283f2823) mem 0x80010000 0x00000001
core   0: 0x80009d78 (0xff9ff06f) j       pc - 0x8
core   0: 3 0x80009d78 (0xff9ff06f)
core   0: 0x80009d70 (0x00006f17) auipc   t5, 0x6
core   0: 3 0x80009d70 (0x00006f17) x30 0x8000fd70
core   0: 0x80009d74 (0x283f2823) sw      gp, 656(t5)
core   0: 3 0x80009d74 (0x283f2823) mem 0x80010000 0x00000001
core   0: 0x80009d78 (0xff9ff06f) j       pc - 0x8
core   0: 3 0x80009d78 (0xff9ff06f)
core   0: 0x80009d70 (0x00006f17) auipc   t5, 0x6
core   0: 3 0x80009d70 (0x00006f17) x30 0x8000fd70
core   0: 0x80009d74 (0x283f2823) sw      gp, 656(t5)
core   0: 3 0x80009d74 (0x283f2823) mem 0x80010000 0x00000001
core   0: 0x80009d78 (0xff9ff06f) j       pc - 0x8
core   0: 3 0x80009d78 (0xff9ff06f)
core   0: 0x80009d70 (0x00006f17) auipc   t5, 0x6
core   0: 3 0x80009d70 (0x00006f17) x30 0x8000fd70
core   0: 0x80009d74 (0x283f2823) sw      gp, 656(t5)
core   0: 3 0x80009d74 (0x283f2823) mem 0x80010000 0x00000001
core   0: 0x80009d78 (0xff9ff06f) j       pc - 0x8
core   0: 3 0x80009d78 (0xff9ff06f)
core   0: 0x80009d70 (0x00006f17) auipc   t5, 0x6
core   0: 3 0x80009d70 (0x00006f17) x30 0x8000fd70
core   0: 0x80009d74 (0x283f2823) sw      gp, 656(t5)
core   0: 3 0x80009d74 (0x283f2823) mem 0x80010000 0x00000001
core   0: 0x80009d78 (0xff9ff06f) j       pc - 0x8
core   0: 3 0x80009d78 (0xff9ff06f)
core   0: 0x80009d70 (0x00006f17) auipc   t5, 0x6
core   0: 3 0x80009d70 (0x00006f17) x30 0x8000fd70
core   0: 0x80009d74 (0x283f2823) sw      gp, 656(t5)
core   0: 3 0x80009d74 (0x283f2823) mem 0x80010000 0x00000001
core   0: 0x80009d78 (0xff9ff06f) j       pc - 0x8
core   0: 3 0x80009d78 (0xff9ff06f)
core   0: 0x80009d70 (0x00006f17) auipc   t5, 0x6
core   0: 3 0x80009d70 (0x00006f17) x30 0x8000fd70
core   0: 0x80009d74 (0x283f2823) sw      gp, 656(t5)
core   0: 3 0x80009d74 (0x283f2823) mem 0x80010000 0x00000001
core   0: 0x80009d78 (0xff9ff06f) j       pc - 0x8
core   0: 3 0x80009d78 (0xff9ff06f)
core   0: 0x80009d70 (0x00006f17) auipc   t5, 0x6
core   0: 3 0x80009d70 (0x00006f17) x30 0x8000fd70
core   0: 0x80009d74 (0x283f2823) sw      gp, 656(t5)
core   0: 3 0x80009d74 (0x283f2823) mem 0x80010000 0x00000001
core   0: 0x80009d78 (0xff9ff06f) j       pc - 0x8
core   0: 3 0x80009d78 (0xff9ff06f)
core   0: 0x80009d70 (0x00006f17) auipc   t5, 0x6
core   0: 3 0x80009d70 (0x00006f17) x30 0x8000fd70
core   0: 0x80009d74 (0x283f2823) sw      gp, 656(t5)
core   0: 3 0x80009d74 (0x283f2823) mem 0x80010000 0x00000001
core   0: 0x80009d78 (0xff9ff06f) j       pc - 0x8
core   0: 3 0x80009d78 (0xff9ff06f)
core   0: 0x80009d70 (0x00006f17) auipc   t5, 0x6
core   0: 3 0x80009d70 (0x00006f17) x30 0x8000fd70
core   0: 0x80009d74 (0x283f2823) sw      gp, 656(t5)
core   0: 3 0x80009d74 (0x283f2823) mem 0x80010000 0x00000001
core   0: 0x80009d78 (0xff9ff06f) j       pc - 0x8
core   0: 3 0x80009d78 (0xff9ff06f)
core   0: 0x80009d70 (0x00006f17) auipc   t5, 0x6
core   0: 3 0x80009d70 (0x00006f17) x30 0x8000fd70
core   0: 0x80009d74 (0x283f2823) sw      gp, 656(t5)
core   0: 3 0x80009d74 (0x283f2823) mem 0x80010000 0x00000001
core   0: 0x80009d78 (0xff9ff06f) j       pc - 0x8
core   0: 3 0x80009d78 (0xff9ff06f)
core   0: 0x80009d70 (0x00006f17) auipc   t5, 0x6
core   0: 3 0x80009d70 (0x00006f17) x30 0x8000fd70
core   0: 0x80009d74 (0x283f2823) sw      gp, 656(t5)
core   0: 3 0x80009d74 (0x283f2823) mem 0x80010000 0x00000001
core   0: 0x80009d78 (0xff9ff06f) j       pc - 0x8
core   0: 3 0x80009d78 (0xff9ff06f)
core   0: 0x80009d70 (0x00006f17) auipc   t5, 0x6
core   0: 3 0x80009d70 (0x00006f17) x30 0x8000fd70
core   0: 0x80009d74 (0x283f2823) sw      gp, 656(t5)
core   0: 3 0x80009d74 (0x283f2823) mem 0x80010000 0x00000001
core   0: 0x80009d78 (0xff9ff06f) j       pc - 0x8
core   0: 3 0x80009d78 (0xff9ff06f)
core   0: 0x80009d70 (0x00006f17) auipc   t5, 0x6
core   0: 3 0x80009d70 (0x00006f17) x30 0x8000fd70
core   0: 0x80009d74 (0x283f2823) sw      gp, 656(t5)
core   0: 3 0x80009d74 (0x283f2823) mem 0x80010000 0x00000001
core   0: 0x80009d78 (0xff9ff06f) j       pc - 0x8
core   0: 3 0x80009d78 (0xff9ff06f)
core   0: 0x80009d70 (0x00006f17) auipc   t5, 0x6
core   0: 3 0x80009d70 (0x00006f17) x30 0x8000fd70
core   0: 0x80009d74 (0x283f2823) sw      gp, 656(t5)
core   0: 3 0x80009d74 (0x283f2823) mem 0x80010000 0x00000001
core   0: 0x80009d78 (0xff9ff06f) j       pc - 0x8
core   0: 3 0x80009d78 (0xff9ff06f)
core   0: 0x80009d70 (0x00006f17) auipc   t5, 0x6
core   0: 3 0x80009d70 (0x00006f17) x30 0x8000fd70
core   0: 0x80009d74 (0x283f2823) sw      gp, 656(t5)
core   0: 3 0x80009d74 (0x283f2823) mem 0x80010000 0x00000001
core   0: 0x80009d78 (0xff9ff06f) j       pc - 0x8
core   0: 3 0x80009d78 (0xff9ff06f)
core   0: 0x80009d70 (0x00006f17) auipc   t5, 0x6
core   0: 3 0x80009d70 (0x00006f17) x30 0x8000fd70
core   0: 0x80009d74 (0x283f2823) sw      gp, 656(t5)
core   0: 3 0x80009d74 (0x283f2823) mem 0x80010000 0x00000001
core   0: 0x80009d78 (0xff9ff06f) j       pc - 0x8
core   0: 3 0x80009d78 (0xff9ff06f)
core   0: 0x80009d70 (0x00006f17) auipc   t5, 0x6
core   0: 3 0x80009d70 (0x00006f17) x30 0x8000fd70
core   0: 0x80009d74 (0x283f2823) sw      gp, 656(t5)
core   0: 3 0x80009d74 (0x283f2823) mem 0x80010000 0x00000001
core   0: 0x80009d78 (0xff9ff06f) j       pc - 0x8
core   0: 3 0x80009d78 (0xff9ff06f)
core   0: 0x80009d70 (0x00006f17) auipc   t5, 0x6
core   0: 3 0x80009d70 (0x00006f17) x30 0x8000fd70
core   0: 0x80009d74 (0x283f2823) sw      gp, 656(t5)
core   0: 3 0x80009d74 (0x283f2823) mem 0x80010000 0x00000001
core   0: 0x80009d78 (0xff9ff06f) j       pc - 0x8
core   0: 3 0x80009d78 (0xff9ff06f)
core   0: 0x80009d70 (0x00006f17) auipc   t5, 0x6
core   0: 3 0x80009d70 (0x00006f17) x30 0x8000fd70
core   0: 0x80009d74 (0x283f2823) sw      gp, 656(t5)
core   0: 3 0x80009d74 (0x283f2823) mem 0x80010000 0x00000001
core   0: 0x80009d78 (0xff9ff06f) j       pc - 0x8
core   0: 3 0x80009d78 (0xff9ff06f)
core   0: 0x80009d70 (0x00006f17) auipc   t5, 0x6
core   0: 3 0x80009d70 (0x00006f17) x30 0x8000fd70
core   0: 0x80009d74 (0x283f2823) sw      gp, 656(t5)
core   0: 3 0x80009d74 (0x283f2823) mem 0x80010000 0x00000001
core   0: 0x80009d78 (0xff9ff06f) j       pc - 0x8
core   0: 3 0x80009d78 (0xff9ff06f)
core   0: 0x80009d70 (0x00006f17) auipc   t5, 0x6
core   0: 3 0x80009d70 (0x00006f17) x30 0x8000fd70
core   0: 0x80009d74 (0x283f2823) sw      gp, 656(t5)
core   0: 3 0x80009d74 (0x283f2823) mem 0x80010000 0x00000001
core   0: 0x80009d78 (0xff9ff06f) j       pc - 0x8
core   0: 3 0x80009d78 (0xff9ff06f)
core   0: 0x80009d70 (0x00006f17) auipc   t5, 0x6
core   0: 3 0x80009d70 (0x00006f17) x30 0x8000fd70
core   0: 0x80009d74 (0x283f2823) sw      gp, 656(t5)
core   0: 3 0x80009d74 (0x283f2823) mem 0x80010000 0x00000001
core   0: 0x80009d78 (0xff9ff06f) j       pc - 0x8
core   0: 3 0x80009d78 (0xff9ff06f)
core   0: 0x80009d70 (0x00006f17) auipc   t5, 0x6
core   0: 3 0x80009d70 (0x00006f17) x30 0x8000fd70
core   0: 0x80009d74 (0x283f2823) sw      gp, 656(t5)
core   0: 3 0x80009d74 (0x283f2823) mem 0x80010000 0x00000001
core   0: 0x80009d78 (0xff9ff06f) j       pc - 0x8
core   0: 3 0x80009d78 (0xff9ff06f)
core   0: 0x80009d70 (0x00006f17) auipc   t5, 0x6
core   0: 3 0x80009d70 (0x00006f17) x30 0x8000fd70
core   0: 0x80009d74 (0x283f2823) sw      gp, 656(t5)
core   0: 3 0x80009d74 (0x283f2823) mem 0x80010000 0x00000001
core   0: 0x80009d78 (0xff9ff06f) j       pc - 0x8
core   0: 3 0x80009d78 (0xff9ff06f)
core   0: 0x80009d70 (0x00006f17) auipc   t5, 0x6
core   0: 3 0x80009d70 (0x00006f17) x30 0x8000fd70
core   0: 0x80009d74 (0x283f2823) sw      gp, 656(t5)
core   0: 3 0x80009d74 (0x283f2823) mem 0x80010000 0x00000001
core   0: 0x80009d78 (0xff9ff06f) j       pc - 0x8
core   0: 3 0x80009d78 (0xff9ff06f)
core   0: 0x80009d70 (0x00006f17) auipc   t5, 0x6
core   0: 3 0x80009d70 (0x00006f17) x30 0x8000fd70
core   0: 0x80009d74 (0x283f2823) sw      gp, 656(t5)
core   0: 3 0x80009d74 (0x283f2823) mem 0x80010000 0x00000001
core   0: 0x80009d78 (0xff9ff06f) j       pc - 0x8
core   0: 3 0x80009d78 (0xff9ff06f)
core   0: 0x80009d70 (0x00006f17) auipc   t5, 0x6
core   0: 3 0x80009d70 (0x00006f17) x30 0x8000fd70
core   0: 0x80009d74 (0x283f2823) sw      gp, 656(t5)
core   0: 3 0x80009d74 (0x283f2823) mem 0x80010000 0x00000001
core   0: 0x80009d78 (0xff9ff06f) j       pc - 0x8
core   0: 3 0x80009d78 (0xff9ff06f)
core   0: 0x80009d70 (0x00006f17) auipc   t5, 0x6
core   0: 3 0x80009d70 (0x00006f17) x30 0x8000fd70
core   0: 0x80009d74 (0x283f2823) sw      gp, 656(t5)
core   0: 3 0x80009d74 (0x283f2823) mem 0x80010000 0x00000001
core   0: 0x80009d78 (0xff9ff06f) j       pc - 0x8
core   0: 3 0x80009d78 (0xff9ff06f)
core   0: 0x80009d70 (0x00006f17) auipc   t5, 0x6
core   0: 3 0x80009d70 (0x00006f17) x30 0x8000fd70
core   0: 0x80009d74 (0x283f2823) sw      gp, 656(t5)
core   0: 3 0x80009d74 (0x283f2823) mem 0x80010000 0x00000001
core   0: 0x80009d78 (0xff9ff06f) j       pc - 0x8
core   0: 3 0x80009d78 (0xff9ff06f)
core   0: 0x80009d70 (0x00006f17) auipc   t5, 0x6
core   0: 3 0x80009d70 (0x00006f17) x30 0x8000fd70
core   0: 0x80009d74 (0x283f2823) sw      gp, 656(t5)
core   0: 3 0x80009d74 (0x283f2823) mem 0x80010000 0x00000001
core   0: 0x80009d78 (0xff9ff06f) j       pc - 0x8
core   0: 3 0x80009d78 (0xff9ff06f)
core   0: 0x80009d70 (0x00006f17) auipc   t5, 0x6
core   0: 3 0x80009d70 (0x00006f17) x30 0x8000fd70
core   0: 0x80009d74 (0x283f2823) sw      gp, 656(t5)
core   0: 3 0x80009d74 (0x283f2823) mem 0x80010000 0x00000001
core   0: 0x80009d78 (0xff9ff06f) j       pc - 0x8
core   0: 3 0x80009d78 (0xff9ff06f)
core   0: 0x80009d70 (0x00006f17) auipc   t5, 0x6
core   0: 3 0x80009d70 (0x00006f17) x30 0x8000fd70
core   0: 0x80009d74 (0x283f2823) sw      gp, 656(t5)
core   0: 3 0x80009d74 (0x283f2823) mem 0x80010000 0x00000001
core   0: 0x80009d78 (0xff9ff06f) j       pc - 0x8
core   0: 3 0x80009d78 (0xff9ff06f)
core   0: 0x80009d70 (0x00006f17) auipc   t5, 0x6
core   0: 3 0x80009d70 (0x00006f17) x30 0x8000fd70
core   0: 0x80009d74 (0x283f2823) sw      gp, 656(t5)
core   0: 3 0x80009d74 (0x283f2823) mem 0x80010000 0x00000001
core   0: 0x80009d78 (0xff9ff06f) j       pc - 0x8
core   0: 3 0x80009d78 (0xff9ff06f)
core   0: 0x80009d70 (0x00006f17) auipc   t5, 0x6
core   0: 3 0x80009d70 (0x00006f17) x30 0x8000fd70
core   0: 0x80009d74 (0x283f2823) sw      gp, 656(t5)
core   0: 3 0x80009d74 (0x283f2823) mem 0x80010000 0x00000001
core   0: 0x80009d78 (0xff9ff06f) j       pc - 0x8
core   0: 3 0x80009d78 (0xff9ff06f)
core   0: 0x80009d70 (0x00006f17) auipc   t5, 0x6
core   0: 3 0x80009d70 (0x00006f17) x30 0x8000fd70
core   0: 0x80009d74 (0x283f2823) sw      gp, 656(t5)
core   0: 3 0x80009d74 (0x283f2823) mem 0x80010000 0x00000001
core   0: 0x80009d78 (0xff9ff06f) j       pc - 0x8
core   0: 3 0x80009d78 (0xff9ff06f)
core   0: 0x80009d70 (0x00006f17) auipc   t5, 0x6
core   0: 3 0x80009d70 (0x00006f17) x30 0x8000fd70
core   0: 0x80009d74 (0x283f2823) sw      gp, 656(t5)
core   0: 3 0x80009d74 (0x283f2823) mem 0x80010000 0x00000001
core   0: 0x80009d78 (0xff9ff06f) j       pc - 0x8
core   0: 3 0x80009d78 (0xff9ff06f)
core   0: 0x80009d70 (0x00006f17) auipc   t5, 0x6
core   0: 3 0x80009d70 (0x00006f17) x30 0x8000fd70
core   0: 0x80009d74 (0x283f2823) sw      gp, 656(t5)
core   0: 3 0x80009d74 (0x283f2823) mem 0x80010000 0x00000001
core   0: 0x80009d78 (0xff9ff06f) j       pc - 0x8
core   0: 3 0x80009d78 (0xff9ff06f)
core   0: 0x80009d70 (0x00006f17) auipc   t5, 0x6
core   0: 3 0x80009d70 (0x00006f17) x30 0x8000fd70
core   0: 0x80009d74 (0x283f2823) sw      gp, 656(t5)
core   0: 3 0x80009d74 (0x283f2823) mem 0x80010000 0x00000001
core   0: 0x80009d78 (0xff9ff06f) j       pc - 0x8
core   0: 3 0x80009d78 (0xff9ff06f)
core   0: 0x80009d70 (0x00006f17) auipc   t5, 0x6
core   0: 3 0x80009d70 (0x00006f17) x30 0x8000fd70
core   0: 0x80009d74 (0x283f2823) sw      gp, 656(t5)
core   0: 3 0x80009d74 (0x283f2823) mem 0x80010000 0x00000001
core   0: 0x80009d78 (0xff9ff06f) j       pc - 0x8
core   0: 3 0x80009d78 (0xff9ff06f)
core   0: 0x80009d70 (0x00006f17) auipc   t5, 0x6
core   0: 3 0x80009d70 (0x00006f17) x30 0x8000fd70
core   0: 0x80009d74 (0x283f2823) sw      gp, 656(t5)
core   0: 3 0x80009d74 (0x283f2823) mem 0x80010000 0x00000001
core   0: 0x80009d78 (0xff9ff06f) j       pc - 0x8
core   0: 3 0x80009d78 (0xff9ff06f)
core   0: 0x80009d70 (0x00006f17) auipc   t5, 0x6
core   0: 3 0x80009d70 (0x00006f17) x30 0x8000fd70
core   0: 0x80009d74 (0x283f2823) sw      gp, 656(t5)
core   0: 3 0x80009d74 (0x283f2823) mem 0x80010000 0x00000001
core   0: 0x80009d78 (0xff9ff06f) j       pc - 0x8
core   0: 3 0x80009d78 (0xff9ff06f)
core   0: 0x80009d70 (0x00006f17) auipc   t5, 0x6
core   0: 3 0x80009d70 (0x00006f17) x30 0x8000fd70
core   0: 0x80009d74 (0x283f2823) sw      gp, 656(t5)
core   0: 3 0x80009d74 (0x283f2823) mem 0x80010000 0x00000001
core   0: 0x80009d78 (0xff9ff06f) j       pc - 0x8
core   0: 3 0x80009d78 (0xff9ff06f)
core   0: 0x80009d70 (0x00006f17) auipc   t5, 0x6
core   0: 3 0x80009d70 (0x00006f17) x30 0x8000fd70
core   0: 0x80009d74 (0x283f2823) sw      gp, 656(t5)
core   0: 3 0x80009d74 (0x283f2823) mem 0x80010000 0x00000001
core   0: 0x80009d78 (0xff9ff06f) j       pc - 0x8
core   0: 3 0x80009d78 (0xff9ff06f)
core   0: 0x80009d70 (0x00006f17) auipc   t5, 0x6
core   0: 3 0x80009d70 (0x00006f17) x30 0x8000fd70
core   0: 0x80009d74 (0x283f2823) sw      gp, 656(t5)
core   0: 3 0x80009d74 (0x283f2823) mem 0x80010000 0x00000001
core   0: 0x80009d78 (0xff9ff06f) j       pc - 0x8
core   0: 3 0x80009d78 (0xff9ff06f)
core   0: 0x80009d70 (0x00006f17) auipc   t5, 0x6
core   0: 3 0x80009d70 (0x00006f17) x30 0x8000fd70
core   0: 0x80009d74 (0x283f2823) sw      gp, 656(t5)
core   0: 3 0x80009d74 (0x283f2823) mem 0x80010000 0x00000001
core   0: 0x80009d78 (0xff9ff06f) j       pc - 0x8
core   0: 3 0x80009d78 (0xff9ff06f)
core   0: 0x80009d70 (0x00006f17) auipc   t5, 0x6
core   0: 3 0x80009d70 (0x00006f17) x30 0x8000fd70
core   0: 0x80009d74 (0x283f2823) sw      gp, 656(t5)
core   0: 3 0x80009d74 (0x283f2823) mem 0x80010000 0x00000001
core   0: 0x80009d78 (0xff9ff06f) j       pc - 0x8
core   0: 3 0x80009d78 (0xff9ff06f)
core   0: 0x80009d70 (0x00006f17) auipc   t5, 0x6
core   0: 3 0x80009d70 (0x00006f17) x30 0x8000fd70
core   0: 0x80009d74 (0x283f2823) sw      gp, 656(t5)
core   0: 3 0x80009d74 (0x283f2823) mem 0x80010000 0x00000001
core   0: 0x80009d78 (0xff9ff06f) j       pc - 0x8
core   0: 3 0x80009d78 (0xff9ff06f)
core   0: 0x80009d70 (0x00006f17) auipc   t5, 0x6
core   0: 3 0x80009d70 (0x00006f17) x30 0x8000fd70
core   0: 0x80009d74 (0x283f2823) sw      gp, 656(t5)
core   0: 3 0x80009d74 (0x283f2823) mem 0x80010000 0x00000001
core   0: 0x80009d78 (0xff9ff06f) j       pc - 0x8
core   0: 3 0x80009d78 (0xff9ff06f)
core   0: 0x80009d70 (0x00006f17) auipc   t5, 0x6
core   0: 3 0x80009d70 (0x00006f17) x30 0x8000fd70
core   0: 0x80009d74 (0x283f2823) sw      gp, 656(t5)
core   0: 3 0x80009d74 (0x283f2823) mem 0x80010000 0x00000001
core   0: 0x80009d78 (0xff9ff06f) j       pc - 0x8
core   0: 3 0x80009d78 (0xff9ff06f)
core   0: 0x80009d70 (0x00006f17) auipc   t5, 0x6
core   0: 3 0x80009d70 (0x00006f17) x30 0x8000fd70
core   0: 0x80009d74 (0x283f2823) sw      gp, 656(t5)
core   0: 3 0x80009d74 (0x283f2823) mem 0x80010000 0x00000001
core   0: 0x80009d78 (0xff9ff06f) j       pc - 0x8
core   0: 3 0x80009d78 (0xff9ff06f)
core   0: 0x80009d70 (0x00006f17) auipc   t5, 0x6
core   0: 3 0x80009d70 (0x00006f17) x30 0x8000fd70
core   0: 0x80009d74 (0x283f2823) sw      gp, 656(t5)
core   0: 3 0x80009d74 (0x283f2823) mem 0x80010000 0x00000001
core   0: 0x80009d78 (0xff9ff06f) j       pc - 0x8
core   0: 3 0x80009d78 (0xff9ff06f)
core   0: 0x80009d70 (0x00006f17) auipc   t5, 0x6
core   0: 3 0x80009d70 (0x00006f17) x30 0x8000fd70
core   0: 0x80009d74 (0x283f2823) sw      gp, 656(t5)
core   0: 3 0x80009d74 (0x283f2823) mem 0x80010000 0x00000001
core   0: 0x80009d78 (0xff9ff06f) j       pc - 0x8
core   0: 3 0x80009d78 (0xff9ff06f)
core   0: 0x80009d70 (0x00006f17) auipc   t5, 0x6
core   0: 3 0x80009d70 (0x00006f17) x30 0x8000fd70
core   0: 0x80009d74 (0x283f2823) sw      gp, 656(t5)
core   0: 3 0x80009d74 (0x283f2823) mem 0x80010000 0x00000001
core   0: 0x80009d78 (0xff9ff06f) j       pc - 0x8
core   0: 3 0x80009d78 (0xff9ff06f)
core   0: 0x80009d70 (0x00006f17) auipc   t5, 0x6
core   0: 3 0x80009d70 (0x00006f17) x30 0x8000fd70
core   0: 0x80009d74 (0x283f2823) sw      gp, 656(t5)
core   0: 3 0x80009d74 (0x283f2823) mem 0x80010000 0x00000001
core   0: 0x80009d78 (0xff9ff06f) j       pc - 0x8
core   0: 3 0x80009d78 (0xff9ff06f)
core   0: 0x80009d70 (0x00006f17) auipc   t5, 0x6
core   0: 3 0x80009d70 (0x00006f17) x30 0x8000fd70
core   0: 0x80009d74 (0x283f2823) sw      gp, 656(t5)
core   0: 3 0x80009d74 (0x283f2823) mem 0x80010000 0x00000001
core   0: 0x80009d78 (0xff9ff06f) j       pc - 0x8
core   0: 3 0x80009d78 (0xff9ff06f)
core   0: 0x80009d70 (0x00006f17) auipc   t5, 0x6
core   0: 3 0x80009d70 (0x00006f17) x30 0x8000fd70
core   0: 0x80009d74 (0x283f2823) sw      gp, 656(t5)
core   0: 3 0x80009d74 (0x283f2823) mem 0x80010000 0x00000001
core   0: 0x80009d78 (0xff9ff06f) j       pc - 0x8
core   0: 3 0x80009d78 (0xff9ff06f)
core   0: 0x80009d70 (0x00006f17) auipc   t5, 0x6
core   0: 3 0x80009d70 (0x00006f17) x30 0x8000fd70
core   0: 0x80009d74 (0x283f2823) sw      gp, 656(t5)
core   0: 3 0x80009d74 (0x283f2823) mem 0x80010000 0x00000001
core   0: 0x80009d78 (0xff9ff06f) j       pc - 0x8
core   0: 3 0x80009d78 (0xff9ff06f)
core   0: 0x80009d70 (0x00006f17) auipc   t5, 0x6
core   0: 3 0x80009d70 (0x00006f17) x30 0x8000fd70
core   0: 0x80009d74 (0x283f2823) sw      gp, 656(t5)
core   0: 3 0x80009d74 (0x283f2823) mem 0x80010000 0x00000001
core   0: 0x80009d78 (0xff9ff06f) j       pc - 0x8
core   0: 3 0x80009d78 (0xff9ff06f)
core   0: 0x80009d70 (0x00006f17) auipc   t5, 0x6
core   0: 3 0x80009d70 (0x00006f17) x30 0x8000fd70
core   0: 0x80009d74 (0x283f2823) sw      gp, 656(t5)
core   0: 3 0x80009d74 (0x283f2823) mem 0x80010000 0x00000001
core   0: 0x80009d78 (0xff9ff06f) j       pc - 0x8
core   0: 3 0x80009d78 (0xff9ff06f)
core   0: 0x80009d70 (0x00006f17) auipc   t5, 0x6
core   0: 3 0x80009d70 (0x00006f17) x30 0x8000fd70
core   0: 0x80009d74 (0x283f2823) sw      gp, 656(t5)
core   0: 3 0x80009d74 (0x283f2823) mem 0x80010000 0x00000001
core   0: 0x80009d78 (0xff9ff06f) j       pc - 0x8
core   0: 3 0x80009d78 (0xff9ff06f)
core   0: 0x80009d70 (0x00006f17) auipc   t5, 0x6
core   0: 3 0x80009d70 (0x00006f17) x30 0x8000fd70
core   0: 0x80009d74 (0x283f2823) sw      gp, 656(t5)
core   0: 3 0x80009d74 (0x283f2823) mem 0x80010000 0x00000001
core   0: 0x80009d78 (0xff9ff06f) j       pc - 0x8
core   0: 3 0x80009d78 (0xff9ff06f)
core   0: 0x80009d70 (0x00006f17) auipc   t5, 0x6
core   0: 3 0x80009d70 (0x00006f17) x30 0x8000fd70
core   0: 0x80009d74 (0x283f2823) sw      gp, 656(t5)
core   0: 3 0x80009d74 (0x283f2823) mem 0x80010000 0x00000001
core   0: 0x80009d78 (0xff9ff06f) j       pc - 0x8
core   0: 3 0x80009d78 (0xff9ff06f)
core   0: 0x80009d70 (0x00006f17) auipc   t5, 0x6
core   0: 3 0x80009d70 (0x00006f17) x30 0x8000fd70
core   0: 0x80009d74 (0x283f2823) sw      gp, 656(t5)
core   0: 3 0x80009d74 (0x283f2823) mem 0x80010000 0x00000001
core   0: 0x80009d78 (0xff9ff06f) j       pc - 0x8
core   0: 3 0x80009d78 (0xff9ff06f)
core   0: 0x80009d70 (0x00006f17) auipc   t5, 0x6
core   0: 3 0x80009d70 (0x00006f17) x30 0x8000fd70
core   0: 0x80009d74 (0x283f2823) sw      gp, 656(t5)
core   0: 3 0x80009d74 (0x283f2823) mem 0x80010000 0x00000001
core   0: 0x80009d78 (0xff9ff06f) j       pc - 0x8
core   0: 3 0x80009d78 (0xff9ff06f)
core   0: 0x80009d70 (0x00006f17) auipc   t5, 0x6
core   0: 3 0x80009d70 (0x00006f17) x30 0x8000fd70
core   0: 0x80009d74 (0x283f2823) sw      gp, 656(t5)
core   0: 3 0x80009d74 (0x283f2823) mem 0x80010000 0x00000001
core   0: 0x80009d78 (0xff9ff06f) j       pc - 0x8
core   0: 3 0x80009d78 (0xff9ff06f)
core   0: 0x80009d70 (0x00006f17) auipc   t5, 0x6
core   0: 3 0x80009d70 (0x00006f17) x30 0x8000fd70
core   0: 0x80009d74 (0x283f2823) sw      gp, 656(t5)
core   0: 3 0x80009d74 (0x283f2823) mem 0x80010000 0x00000001
core   0: 0x80009d78 (0xff9ff06f) j       pc - 0x8
core   0: 3 0x80009d78 (0xff9ff06f)
core   0: 0x80009d70 (0x00006f17) auipc   t5, 0x6
core   0: 3 0x80009d70 (0x00006f17) x30 0x8000fd70
core   0: 0x80009d74 (0x283f2823) sw      gp, 656(t5)
core   0: 3 0x80009d74 (0x283f2823) mem 0x80010000 0x00000001
core   0: 0x80009d78 (0xff9ff06f) j       pc - 0x8
core   0: 3 0x80009d78 (0xff9ff06f)
core   0: 0x80009d70 (0x00006f17) auipc   t5, 0x6
core   0: 3 0x80009d70 (0x00006f17) x30 0x8000fd70
core   0: 0x80009d74 (0x283f2823) sw      gp, 656(t5)
core   0: 3 0x80009d74 (0x283f2823) mem 0x80010000 0x00000001
core   0: 0x80009d78 (0xff9ff06f) j       pc - 0x8
core   0: 3 0x80009d78 (0xff9ff06f)
core   0: 0x80009d70 (0x00006f17) auipc   t5, 0x6
core   0: 3 0x80009d70 (0x00006f17) x30 0x8000fd70
core   0: 0x80009d74 (0x283f2823) sw      gp, 656(t5)
core   0: 3 0x80009d74 (0x283f2823) mem 0x80010000 0x00000001
core   0: 0x80009d78 (0xff9ff06f) j       pc - 0x8
core   0: 3 0x80009d78 (0xff9ff06f)
core   0: 0x80009d70 (0x00006f17) auipc   t5, 0x6
core   0: 3 0x80009d70 (0x00006f17) x30 0x8000fd70
core   0: 0x80009d74 (0x283f2823) sw      gp, 656(t5)
core   0: 3 0x80009d74 (0x283f2823) mem 0x80010000 0x00000001
core   0: 0x80009d78 (0xff9ff06f) j       pc - 0x8
core   0: 3 0x80009d78 (0xff9ff06f)
core   0: 0x80009d70 (0x00006f17) auipc   t5, 0x6
core   0: 3 0x80009d70 (0x00006f17) x30 0x8000fd70
core   0: 0x80009d74 (0x283f2823) sw      gp, 656(t5)
core   0: 3 0x80009d74 (0x283f2823) mem 0x80010000 0x00000001
core   0: 0x80009d78 (0xff9ff06f) j       pc - 0x8
core   0: 3 0x80009d78 (0xff9ff06f)
core   0: 0x80009d70 (0x00006f17) auipc   t5, 0x6
core   0: 3 0x80009d70 (0x00006f17) x30 0x8000fd70
core   0: 0x80009d74 (0x283f2823) sw      gp, 656(t5)
core   0: 3 0x80009d74 (0x283f2823) mem 0x80010000 0x00000001
core   0: 0x80009d78 (0xff9ff06f) j       pc - 0x8
core   0: 3 0x80009d78 (0xff9ff06f)
core   0: 0x80009d70 (0x00006f17) auipc   t5, 0x6
core   0: 3 0x80009d70 (0x00006f17) x30 0x8000fd70
core   0: 0x80009d74 (0x283f2823) sw      gp, 656(t5)
core   0: 3 0x80009d74 (0x283f2823) mem 0x80010000 0x00000001
core   0: 0x80009d78 (0xff9ff06f) j       pc - 0x8
core   0: 3 0x80009d78 (0xff9ff06f)
core   0: 0x80009d70 (0x00006f17) auipc   t5, 0x6
core   0: 3 0x80009d70 (0x00006f17) x30 0x8000fd70
core   0: 0x80009d74 (0x283f2823) sw      gp, 656(t5)
core   0: 3 0x80009d74 (0x283f2823) mem 0x80010000 0x00000001
core   0: 0x80009d78 (0xff9ff06f) j       pc - 0x8
core   0: 3 0x80009d78 (0xff9ff06f)
core   0: 0x80009d70 (0x00006f17) auipc   t5, 0x6
core   0: 3 0x80009d70 (0x00006f17) x30 0x8000fd70
core   0: 0x80009d74 (0x283f2823) sw      gp, 656(t5)
core   0: 3 0x80009d74 (0x283f2823) mem 0x80010000 0x00000001
core   0: 0x80009d78 (0xff9ff06f) j       pc - 0x8
core   0: 3 0x80009d78 (0xff9ff06f)
core   0: 0x80009d70 (0x00006f17) auipc   t5, 0x6
core   0: 3 0x80009d70 (0x00006f17) x30 0x8000fd70
core   0: 0x80009d74 (0x283f2823) sw      gp, 656(t5)
core   0: 3 0x80009d74 (0x283f2823) mem 0x80010000 0x00000001
core   0: 0x80009d78 (0xff9ff06f) j       pc - 0x8
core   0: 3 0x80009d78 (0xff9ff06f)
core   0: 0x80009d70 (0x00006f17) auipc   t5, 0x6
core   0: 3 0x80009d70 (0x00006f17) x30 0x8000fd70
core   0: 0x80009d74 (0x283f2823) sw      gp, 656(t5)
core   0: 3 0x80009d74 (0x283f2823) mem 0x80010000 0x00000001
core   0: 0x80009d78 (0xff9ff06f) j       pc - 0x8
core   0: 3 0x80009d78 (0xff9ff06f)
core   0: 0x80009d70 (0x00006f17) auipc   t5, 0x6
core   0: 3 0x80009d70 (0x00006f17) x30 0x8000fd70
core   0: 0x80009d74 (0x283f2823) sw      gp, 656(t5)
core   0: 3 0x80009d74 (0x283f2823) mem 0x80010000 0x00000001
core   0: 0x80009d78 (0xff9ff06f) j       pc - 0x8
core   0: 3 0x80009d78 (0xff9ff06f)
core   0: 0x80009d70 (0x00006f17) auipc   t5, 0x6
core   0: 3 0x80009d70 (0x00006f17) x30 0x8000fd70
core   0: 0x80009d74 (0x283f2823) sw      gp, 656(t5)
core   0: 3 0x80009d74 (0x283f2823) mem 0x80010000 0x00000001
core   0: 0x80009d78 (0xff9ff06f) j       pc - 0x8
core   0: 3 0x80009d78 (0xff9ff06f)
core   0: 0x80009d70 (0x00006f17) auipc   t5, 0x6
core   0: 3 0x80009d70 (0x00006f17) x30 0x8000fd70
core   0: 0x80009d74 (0x283f2823) sw      gp, 656(t5)
core   0: 3 0x80009d74 (0x283f2823) mem 0x80010000 0x00000001
core   0: 0x80009d78 (0xff9ff06f) j       pc - 0x8
core   0: 3 0x80009d78 (0xff9ff06f)
core   0: 0x80009d70 (0x00006f17) auipc   t5, 0x6
core   0: 3 0x80009d70 (0x00006f17) x30 0x8000fd70
core   0: 0x80009d74 (0x283f2823) sw      gp, 656(t5)
core   0: 3 0x80009d74 (0x283f2823) mem 0x80010000 0x00000001
core   0: 0x80009d78 (0xff9ff06f) j       pc - 0x8
core   0: 3 0x80009d78 (0xff9ff06f)
core   0: 0x80009d70 (0x00006f17) auipc   t5, 0x6
core   0: 3 0x80009d70 (0x00006f17) x30 0x8000fd70
core   0: 0x80009d74 (0x283f2823) sw      gp, 656(t5)
core   0: 3 0x80009d74 (0x283f2823) mem 0x80010000 0x00000001
core   0: 0x80009d78 (0xff9ff06f) j       pc - 0x8
core   0: 3 0x80009d78 (0xff9ff06f)
core   0: 0x80009d70 (0x00006f17) auipc   t5, 0x6
core   0: 3 0x80009d70 (0x00006f17) x30 0x8000fd70
core   0: 0x80009d74 (0x283f2823) sw      gp, 656(t5)
core   0: 3 0x80009d74 (0x283f2823) mem 0x80010000 0x00000001
core   0: 0x80009d78 (0xff9ff06f) j       pc - 0x8
core   0: 3 0x80009d78 (0xff9ff06f)
core   0: 0x80009d70 (0x00006f17) auipc   t5, 0x6
core   0: 3 0x80009d70 (0x00006f17) x30 0x8000fd70
core   0: 0x80009d74 (0x283f2823) sw      gp, 656(t5)
core   0: 3 0x80009d74 (0x283f2823) mem 0x80010000 0x00000001
core   0: 0x80009d78 (0xff9ff06f) j       pc - 0x8
core   0: 3 0x80009d78 (0xff9ff06f)
core   0: 0x80009d70 (0x00006f17) auipc   t5, 0x6
core   0: 3 0x80009d70 (0x00006f17) x30 0x8000fd70
core   0: 0x80009d74 (0x283f2823) sw      gp, 656(t5)
core   0: 3 0x80009d74 (0x283f2823) mem 0x80010000 0x00000001
core   0: 0x80009d78 (0xff9ff06f) j       pc - 0x8
core   0: 3 0x80009d78 (0xff9ff06f)
core   0: 0x80009d70 (0x00006f17) auipc   t5, 0x6
core   0: 3 0x80009d70 (0x00006f17) x30 0x8000fd70
core   0: 0x80009d74 (0x283f2823) sw      gp, 656(t5)
core   0: 3 0x80009d74 (0x283f2823) mem 0x80010000 0x00000001
core   0: 0x80009d78 (0xff9ff06f) j       pc - 0x8
core   0: 3 0x80009d78 (0xff9ff06f)
core   0: 0x80009d70 (0x00006f17) auipc   t5, 0x6
core   0: 3 0x80009d70 (0x00006f17) x30 0x8000fd70
core   0: 0x80009d74 (0x283f2823) sw      gp, 656(t5)
core   0: 3 0x80009d74 (0x283f2823) mem 0x80010000 0x00000001
core   0: 0x80009d78 (0xff9ff06f) j       pc - 0x8
core   0: 3 0x80009d78 (0xff9ff06f)
core   0: 0x80009d70 (0x00006f17) auipc   t5, 0x6
core   0: 3 0x80009d70 (0x00006f17) x30 0x8000fd70
core   0: 0x80009d74 (0x283f2823) sw      gp, 656(t5)
core   0: 3 0x80009d74 (0x283f2823) mem 0x80010000 0x00000001
core   0: 0x80009d78 (0xff9ff06f) j       pc - 0x8
core   0: 3 0x80009d78 (0xff9ff06f)
core   0: 0x80009d70 (0x00006f17) auipc   t5, 0x6
core   0: 3 0x80009d70 (0x00006f17) x30 0x8000fd70
core   0: 0x80009d74 (0x283f2823) sw      gp, 656(t5)
core   0: 3 0x80009d74 (0x283f2823) mem 0x80010000 0x00000001
core   0: 0x80009d78 (0xff9ff06f) j       pc - 0x8
core   0: 3 0x80009d78 (0xff9ff06f)
core   0: 0x80009d70 (0x00006f17) auipc   t5, 0x6
core   0: 3 0x80009d70 (0x00006f17) x30 0x8000fd70
core   0: 0x80009d74 (0x283f2823) sw      gp, 656(t5)
core   0: 3 0x80009d74 (0x283f2823) mem 0x80010000 0x00000001
core   0: 0x80009d78 (0xff9ff06f) j       pc - 0x8
core   0: 3 0x80009d78 (0xff9ff06f)
core   0: 0x80009d70 (0x00006f17) auipc   t5, 0x6
core   0: 3 0x80009d70 (0x00006f17) x30 0x8000fd70
core   0: 0x80009d74 (0x283f2823) sw      gp, 656(t5)
core   0: 3 0x80009d74 (0x283f2823) mem 0x80010000 0x00000001
core   0: 0x80009d78 (0xff9ff06f) j       pc - 0x8
core   0: 3 0x80009d78 (0xff9ff06f)
core   0: 0x80009d70 (0x00006f17) auipc   t5, 0x6
core   0: 3 0x80009d70 (0x00006f17) x30 0x8000fd70
core   0: 0x80009d74 (0x283f2823) sw      gp, 656(t5)
core   0: 3 0x80009d74 (0x283f2823) mem 0x80010000 0x00000001
core   0: 0x80009d78 (0xff9ff06f) j       pc - 0x8
core   0: 3 0x80009d78 (0xff9ff06f)
core   0: 0x80009d70 (0x00006f17) auipc   t5, 0x6
core   0: 3 0x80009d70 (0x00006f17) x30 0x8000fd70
core   0: 0x80009d74 (0x283f2823) sw      gp, 656(t5)
core   0: 3 0x80009d74 (0x283f2823) mem 0x80010000 0x00000001
core   0: 0x80009d78 (0xff9ff06f) j       pc - 0x8
core   0: 3 0x80009d78 (0xff9ff06f)
core   0: 0x80009d70 (0x00006f17) auipc   t5, 0x6
core   0: 3 0x80009d70 (0x00006f17) x30 0x8000fd70
core   0: 0x80009d74 (0x283f2823) sw      gp, 656(t5)
core   0: 3 0x80009d74 (0x283f2823) mem 0x80010000 0x00000001
core   0: 0x80009d78 (0xff9ff06f) j       pc - 0x8
core   0: 3 0x80009d78 (0xff9ff06f)
core   0: 0x80009d70 (0x00006f17) auipc   t5, 0x6
core   0: 3 0x80009d70 (0x00006f17) x30 0x8000fd70
core   0: 0x80009d74 (0x283f2823) sw      gp, 656(t5)
core   0: 3 0x80009d74 (0x283f2823) mem 0x80010000 0x00000001
core   0: 0x80009d78 (0xff9ff06f) j       pc - 0x8
core   0: 3 0x80009d78 (0xff9ff06f)
core   0: 0x80009d70 (0x00006f17) auipc   t5, 0x6
core   0: 3 0x80009d70 (0x00006f17) x30 0x8000fd70
core   0: 0x80009d74 (0x283f2823) sw      gp, 656(t5)
core   0: 3 0x80009d74 (0x283f2823) mem 0x80010000 0x00000001
core   0: 0x80009d78 (0xff9ff06f) j       pc - 0x8
core   0: 3 0x80009d78 (0xff9ff06f)
core   0: 0x80009d70 (0x00006f17) auipc   t5, 0x6
core   0: 3 0x80009d70 (0x00006f17) x30 0x8000fd70
core   0: 0x80009d74 (0x283f2823) sw      gp, 656(t5)
core   0: 3 0x80009d74 (0x283f2823) mem 0x80010000 0x00000001
core   0: 0x80009d78 (0xff9ff06f) j       pc - 0x8
core   0: 3 0x80009d78 (0xff9ff06f)
core   0: 0x80009d70 (0x00006f17) auipc   t5, 0x6
core   0: 3 0x80009d70 (0x00006f17) x30 0x8000fd70
core   0: 0x80009d74 (0x283f2823) sw      gp, 656(t5)
core   0: 3 0x80009d74 (0x283f2823) mem 0x80010000 0x00000001
core   0: 0x80009d78 (0xff9ff06f) j       pc - 0x8
core   0: 3 0x80009d78 (0xff9ff06f)
core   0: 0x80009d70 (0x00006f17) auipc   t5, 0x6
core   0: 3 0x80009d70 (0x00006f17) x30 0x8000fd70
core   0: 0x80009d74 (0x283f2823) sw      gp, 656(t5)
core   0: 3 0x80009d74 (0x283f2823) mem 0x80010000 0x00000001
core   0: 0x80009d78 (0xff9ff06f) j       pc - 0x8
core   0: 3 0x80009d78 (0xff9ff06f)
core   0: 0x80009d70 (0x00006f17) auipc   t5, 0x6
core   0: 3 0x80009d70 (0x00006f17) x30 0x8000fd70
core   0: 0x80009d74 (0x283f2823) sw      gp, 656(t5)
core   0: 3 0x80009d74 (0x283f2823) mem 0x80010000 0x00000001
core   0: 0x80009d78 (0xff9ff06f) j       pc - 0x8
core   0: 3 0x80009d78 (0xff9ff06f)
core   0: 0x80009d70 (0x00006f17) auipc   t5, 0x6
core   0: 3 0x80009d70 (0x00006f17) x30 0x8000fd70
core   0: 0x80009d74 (0x283f2823) sw      gp, 656(t5)
core   0: 3 0x80009d74 (0x283f2823) mem 0x80010000 0x00000001
core   0: 0x80009d78 (0xff9ff06f) j       pc - 0x8
core   0: 3 0x80009d78 (0xff9ff06f)
core   0: 0x80009d70 (0x00006f17) auipc   t5, 0x6
core   0: 3 0x80009d70 (0x00006f17) x30 0x8000fd70
core   0: 0x80009d74 (0x283f2823) sw      gp, 656(t5)
core   0: 3 0x80009d74 (0x283f2823) mem 0x80010000 0x00000001
core   0: 0x80009d78 (0xff9ff06f) j       pc - 0x8
core   0: 3 0x80009d78 (0xff9ff06f)
core   0: 0x80009d70 (0x00006f17) auipc   t5, 0x6
core   0: 3 0x80009d70 (0x00006f17) x30 0x8000fd70
core   0: 0x80009d74 (0x283f2823) sw      gp, 656(t5)
core   0: 3 0x80009d74 (0x283f2823) mem 0x80010000 0x00000001
core   0: 0x80009d78 (0xff9ff06f) j       pc - 0x8
core   0: 3 0x80009d78 (0xff9ff06f)
core   0: 0x80009d70 (0x00006f17) auipc   t5, 0x6
core   0: 3 0x80009d70 (0x00006f17) x30 0x8000fd70
core   0: 0x80009d74 (0x283f2823) sw      gp, 656(t5)
core   0: 3 0x80009d74 (0x283f2823) mem 0x80010000 0x00000001
core   0: 0x80009d78 (0xff9ff06f) j       pc - 0x8
core   0: 3 0x80009d78 (0xff9ff06f)
core   0: 0x80009d70 (0x00006f17) auipc   t5, 0x6
core   0: 3 0x80009d70 (0x00006f17) x30 0x8000fd70
core   0: 0x80009d74 (0x283f2823) sw      gp, 656(t5)
core   0: 3 0x80009d74 (0x283f2823) mem 0x80010000 0x00000001
core   0: 0x80009d78 (0xff9ff06f) j       pc - 0x8
core   0: 3 0x80009d78 (0xff9ff06f)
core   0: 0x80009d70 (0x00006f17) auipc   t5, 0x6
core   0: 3 0x80009d70 (0x00006f17) x30 0x8000fd70
core   0: 0x80009d74 (0x283f2823) sw      gp, 656(t5)
core   0: 3 0x80009d74 (0x283f2823) mem 0x80010000 0x00000001
core   0: 0x80009d78 (0xff9ff06f) j       pc - 0x8
core   0: 3 0x80009d78 (0xff9ff06f)
core   0: 0x80009d70 (0x00006f17) auipc   t5, 0x6
core   0: 3 0x80009d70 (0x00006f17) x30 0x8000fd70
core   0: 0x80009d74 (0x283f2823) sw      gp, 656(t5)
core   0: 3 0x80009d74 (0x283f2823) mem 0x80010000 0x00000001
core   0: 0x80009d78 (0xff9ff06f) j       pc - 0x8
core   0: 3 0x80009d78 (0xff9ff06f)
core   0: 0x80009d70 (0x00006f17) auipc   t5, 0x6
core   0: 3 0x80009d70 (0x00006f17) x30 0x8000fd70
core   0: 0x80009d74 (0x283f2823) sw      gp, 656(t5)
core   0: 3 0x80009d74 (0x283f2823) mem 0x80010000 0x00000001
core   0: 0x80009d78 (0xff9ff06f) j       pc - 0x8
core   0: 3 0x80009d78 (0xff9ff06f)
core   0: 0x80009d70 (0x00006f17) auipc   t5, 0x6
core   0: 3 0x80009d70 (0x00006f17) x30 0x8000fd70
core   0: 0x80009d74 (0x283f2823) sw      gp, 656(t5)
core   0: 3 0x80009d74 (0x283f2823) mem 0x80010000 0x00000001
core   0: 0x80009d78 (0xff9ff06f) j       pc - 0x8
core   0: 3 0x80009d78 (0xff9ff06f)
core   0: 0x80009d70 (0x00006f17) auipc   t5, 0x6
core   0: 3 0x80009d70 (0x00006f17) x30 0x8000fd70
core   0: 0x80009d74 (0x283f2823) sw      gp, 656(t5)
core   0: 3 0x80009d74 (0x283f2823) mem 0x80010000 0x00000001
core   0: 0x80009d78 (0xff9ff06f) j       pc - 0x8
core   0: 3 0x80009d78 (0xff9ff06f)
core   0: 0x80009d70 (0x00006f17) auipc   t5, 0x6
core   0: 3 0x80009d70 (0x00006f17) x30 0x8000fd70
core   0: 0x80009d74 (0x283f2823) sw      gp, 656(t5)
core   0: 3 0x80009d74 (0x283f2823) mem 0x80010000 0x00000001
core   0: 0x80009d78 (0xff9ff06f) j       pc - 0x8
core   0: 3 0x80009d78 (0xff9ff06f)
core   0: 0x80009d70 (0x00006f17) auipc   t5, 0x6
core   0: 3 0x80009d70 (0x00006f17) x30 0x8000fd70
core   0: 0x80009d74 (0x283f2823) sw      gp, 656(t5)
core   0: 3 0x80009d74 (0x283f2823) mem 0x80010000 0x00000001
core   0: 0x80009d78 (0xff9ff06f) j       pc - 0x8
core   0: 3 0x80009d78 (0xff9ff06f)
core   0: 0x80009d70 (0x00006f17) auipc   t5, 0x6
core   0: 3 0x80009d70 (0x00006f17) x30 0x8000fd70
core   0: 0x80009d74 (0x283f2823) sw      gp, 656(t5)
core   0: 3 0x80009d74 (0x283f2823) mem 0x80010000 0x00000001
core   0: 0x80009d78 (0xff9ff06f) j       pc - 0x8
core   0: 3 0x80009d78 (0xff9ff06f)
core   0: 0x80009d70 (0x00006f17) auipc   t5, 0x6
core   0: 3 0x80009d70 (0x00006f17) x30 0x8000fd70
core   0: 0x80009d74 (0x283f2823) sw      gp, 656(t5)
core   0: 3 0x80009d74 (0x283f2823) mem 0x80010000 0x00000001
core   0: 0x80009d78 (0xff9ff06f) j       pc - 0x8
core   0: 3 0x80009d78 (0xff9ff06f)
core   0: 0x80009d70 (0x00006f17) auipc   t5, 0x6
core   0: 3 0x80009d70 (0x00006f17) x30 0x8000fd70
core   0: 0x80009d74 (0x283f2823) sw      gp, 656(t5)
core   0: 3 0x80009d74 (0x283f2823) mem 0x80010000 0x00000001
core   0: 0x80009d78 (0xff9ff06f) j       pc - 0x8
core   0: 3 0x80009d78 (0xff9ff06f)
core   0: 0x80009d70 (0x00006f17) auipc   t5, 0x6
core   0: 3 0x80009d70 (0x00006f17) x30 0x8000fd70
core   0: 0x80009d74 (0x283f2823) sw      gp, 656(t5)
core   0: 3 0x80009d74 (0x283f2823) mem 0x80010000 0x00000001
core   0: 0x80009d78 (0xff9ff06f) j       pc - 0x8
core   0: 3 0x80009d78 (0xff9ff06f)
core   0: 0x80009d70 (0x00006f17) auipc   t5, 0x6
core   0: 3 0x80009d70 (0x00006f17) x30 0x8000fd70
core   0: 0x80009d74 (0x283f2823) sw      gp, 656(t5)
core   0: 3 0x80009d74 (0x283f2823) mem 0x80010000 0x00000001
core   0: 0x80009d78 (0xff9ff06f) j       pc - 0x8
core   0: 3 0x80009d78 (0xff9ff06f)
core   0: 0x80009d70 (0x00006f17) auipc   t5, 0x6
core   0: 3 0x80009d70 (0x00006f17) x30 0x8000fd70
core   0: 0x80009d74 (0x283f2823) sw      gp, 656(t5)
core   0: 3 0x80009d74 (0x283f2823) mem 0x80010000 0x00000001
core   0: 0x80009d78 (0xff9ff06f) j       pc - 0x8
core   0: 3 0x80009d78 (0xff9ff06f)
core   0: 0x80009d70 (0x00006f17) auipc   t5, 0x6
core   0: 3 0x80009d70 (0x00006f17) x30 0x8000fd70
core   0: 0x80009d74 (0x283f2823) sw      gp, 656(t5)
core   0: 3 0x80009d74 (0x283f2823) mem 0x80010000 0x00000001
core   0: 0x80009d78 (0xff9ff06f) j       pc - 0x8
core   0: 3 0x80009d78 (0xff9ff06f)
core   0: 0x80009d70 (0x00006f17) auipc   t5, 0x6
core   0: 3 0x80009d70 (0x00006f17) x30 0x8000fd70
core   0: 0x80009d74 (0x283f2823) sw      gp, 656(t5)
core   0: 3 0x80009d74 (0x283f2823) mem 0x80010000 0x00000001
core   0: 0x80009d78 (0xff9ff06f) j       pc - 0x8
core   0: 3 0x80009d78 (0xff9ff06f)
core   0: 0x80009d70 (0x00006f17) auipc   t5, 0x6
core   0: 3 0x80009d70 (0x00006f17) x30 0x8000fd70
core   0: 0x80009d74 (0x283f2823) sw      gp, 656(t5)
core   0: 3 0x80009d74 (0x283f2823) mem 0x80010000 0x00000001
core   0: 0x80009d78 (0xff9ff06f) j       pc - 0x8
core   0: 3 0x80009d78 (0xff9ff06f)
core   0: 0x80009d70 (0x00006f17) auipc   t5, 0x6
core   0: 3 0x80009d70 (0x00006f17) x30 0x8000fd70
core   0: 0x80009d74 (0x283f2823) sw      gp, 656(t5)
core   0: 3 0x80009d74 (0x283f2823) mem 0x80010000 0x00000001
core   0: 0x80009d78 (0xff9ff06f) j       pc - 0x8
core   0: 3 0x80009d78 (0xff9ff06f)
core   0: 0x80009d70 (0x00006f17) auipc   t5, 0x6
core   0: 3 0x80009d70 (0x00006f17) x30 0x8000fd70
core   0: 0x80009d74 (0x283f2823) sw      gp, 656(t5)
core   0: 3 0x80009d74 (0x283f2823) mem 0x80010000 0x00000001
core   0: 0x80009d78 (0xff9ff06f) j       pc - 0x8
core   0: 3 0x80009d78 (0xff9ff06f)
core   0: 0x80009d70 (0x00006f17) auipc   t5, 0x6
core   0: 3 0x80009d70 (0x00006f17) x30 0x8000fd70
core   0: 0x80009d74 (0x283f2823) sw      gp, 656(t5)
core   0: 3 0x80009d74 (0x283f2823) mem 0x80010000 0x00000001
core   0: 0x80009d78 (0xff9ff06f) j       pc - 0x8
core   0: 3 0x80009d78 (0xff9ff06f)
core   0: 0x80009d70 (0x00006f17) auipc   t5, 0x6
core   0: 3 0x80009d70 (0x00006f17) x30 0x8000fd70
core   0: 0x80009d74 (0x283f2823) sw      gp, 656(t5)
core   0: 3 0x80009d74 (0x283f2823) mem 0x80010000 0x00000001
core   0: 0x80009d78 (0xff9ff06f) j       pc - 0x8
core   0: 3 0x80009d78 (0xff9ff06f)
core   0: 0x80009d70 (0x00006f17) auipc   t5, 0x6
core   0: 3 0x80009d70 (0x00006f17) x30 0x8000fd70
core   0: 0x80009d74 (0x283f2823) sw      gp, 656(t5)
core   0: 3 0x80009d74 (0x283f2823) mem 0x80010000 0x00000001
core   0: 0x80009d78 (0xff9ff06f) j       pc - 0x8
core   0: 3 0x80009d78 (0xff9ff06f)
core   0: 0x80009d70 (0x00006f17) auipc   t5, 0x6
core   0: 3 0x80009d70 (0x00006f17) x30 0x8000fd70
core   0: 0x80009d74 (0x283f2823) sw      gp, 656(t5)
core   0: 3 0x80009d74 (0x283f2823) mem 0x80010000 0x00000001
core   0: 0x80009d78 (0xff9ff06f) j       pc - 0x8
core   0: 3 0x80009d78 (0xff9ff06f)
core   0: 0x80009d70 (0x00006f17) auipc   t5, 0x6
core   0: 3 0x80009d70 (0x00006f17) x30 0x8000fd70
core   0: 0x80009d74 (0x283f2823) sw      gp, 656(t5)
core   0: 3 0x80009d74 (0x283f2823) mem 0x80010000 0x00000001
core   0: 0x80009d78 (0xff9ff06f) j       pc - 0x8
core   0: 3 0x80009d78 (0xff9ff06f)
core   0: 0x80009d70 (0x00006f17) auipc   t5, 0x6
core   0: 3 0x80009d70 (0x00006f17) x30 0x8000fd70
core   0: 0x80009d74 (0x283f2823) sw      gp, 656(t5)
core   0: 3 0x80009d74 (0x283f2823) mem 0x80010000 0x00000001
core   0: 0x80009d78 (0xff9ff06f) j       pc - 0x8
core   0: 3 0x80009d78 (0xff9ff06f)
core   0: 0x80009d70 (0x00006f17) auipc   t5, 0x6
core   0: 3 0x80009d70 (0x00006f17) x30 0x8000fd70
core   0: 0x80009d74 (0x283f2823) sw      gp, 656(t5)
core   0: 3 0x80009d74 (0x283f2823) mem 0x80010000 0x00000001
core   0: 0x80009d78 (0xff9ff06f) j       pc - 0x8
core   0: 3 0x80009d78 (0xff9ff06f)
core   0: 0x80009d70 (0x00006f17) auipc   t5, 0x6
core   0: 3 0x80009d70 (0x00006f17) x30 0x8000fd70
core   0: 0x80009d74 (0x283f2823) sw      gp, 656(t5)
core   0: 3 0x80009d74 (0x283f2823) mem 0x80010000 0x00000001
core   0: 0x80009d78 (0xff9ff06f) j       pc - 0x8
core   0: 3 0x80009d78 (0xff9ff06f)
core   0: 0x80009d70 (0x00006f17) auipc   t5, 0x6
core   0: 3 0x80009d70 (0x00006f17) x30 0x8000fd70
core   0: 0x80009d74 (0x283f2823) sw      gp, 656(t5)
core   0: 3 0x80009d74 (0x283f2823) mem 0x80010000 0x00000001
core   0: 0x80009d78 (0xff9ff06f) j       pc - 0x8
core   0: 3 0x80009d78 (0xff9ff06f)
core   0: 0x80009d70 (0x00006f17) auipc   t5, 0x6
core   0: 3 0x80009d70 (0x00006f17) x30 0x8000fd70
core   0: 0x80009d74 (0x283f2823) sw      gp, 656(t5)
core   0: 3 0x80009d74 (0x283f2823) mem 0x80010000 0x00000001
core   0: 0x80009d78 (0xff9ff06f) j       pc - 0x8
core   0: 3 0x80009d78 (0xff9ff06f)
core   0: 0x80009d70 (0x00006f17) auipc   t5, 0x6
core   0: 3 0x80009d70 (0x00006f17) x30 0x8000fd70
core   0: 0x80009d74 (0x283f2823) sw      gp, 656(t5)
core   0: 3 0x80009d74 (0x283f2823) mem 0x80010000 0x00000001
core   0: 0x80009d78 (0xff9ff06f) j       pc - 0x8
core   0: 3 0x80009d78 (0xff9ff06f)
core   0: 0x80009d70 (0x00006f17) auipc   t5, 0x6
core   0: 3 0x80009d70 (0x00006f17) x30 0x8000fd70
core   0: 0x80009d74 (0x283f2823) sw      gp, 656(t5)
core   0: 3 0x80009d74 (0x283f2823) mem 0x80010000 0x00000001
core   0: 0x80009d78 (0xff9ff06f) j       pc - 0x8
core   0: 3 0x80009d78 (0xff9ff06f)
core   0: 0x80009d70 (0x00006f17) auipc   t5, 0x6
core   0: 3 0x80009d70 (0x00006f17) x30 0x8000fd70
core   0: 0x80009d74 (0x283f2823) sw      gp, 656(t5)
core   0: 3 0x80009d74 (0x283f2823) mem 0x80010000 0x00000001
core   0: 0x80009d78 (0xff9ff06f) j       pc - 0x8
core   0: 3 0x80009d78 (0xff9ff06f)
core   0: 0x80009d70 (0x00006f17) auipc   t5, 0x6
core   0: 3 0x80009d70 (0x00006f17) x30 0x8000fd70
core   0: 0x80009d74 (0x283f2823) sw      gp, 656(t5)
core   0: 3 0x80009d74 (0x283f2823) mem 0x80010000 0x00000001
core   0: 0x80009d78 (0xff9ff06f) j       pc - 0x8
core   0: 3 0x80009d78 (0xff9ff06f)
core   0: 0x80009d70 (0x00006f17) auipc   t5, 0x6
core   0: 3 0x80009d70 (0x00006f17) x30 0x8000fd70
core   0: 0x80009d74 (0x283f2823) sw      gp, 656(t5)
core   0: 3 0x80009d74 (0x283f2823) mem 0x80010000 0x00000001
core   0: 0x80009d78 (0xff9ff06f) j       pc - 0x8
core   0: 3 0x80009d78 (0xff9ff06f)
core   0: 0x80009d70 (0x00006f17) auipc   t5, 0x6
core   0: 3 0x80009d70 (0x00006f17) x30 0x8000fd70
core   0: 0x80009d74 (0x283f2823) sw      gp, 656(t5)
core   0: 3 0x80009d74 (0x283f2823) mem 0x80010000 0x00000001
core   0: 0x80009d78 (0xff9ff06f) j       pc - 0x8
core   0: 3 0x80009d78 (0xff9ff06f)
core   0: 0x80009d70 (0x00006f17) auipc   t5, 0x6
core   0: 3 0x80009d70 (0x00006f17) x30 0x8000fd70
core   0: 0x80009d74 (0x283f2823) sw      gp, 656(t5)
core   0: 3 0x80009d74 (0x283f2823) mem 0x80010000 0x00000001
core   0: 0x80009d78 (0xff9ff06f) j       pc - 0x8
core   0: 3 0x80009d78 (0xff9ff06f)
core   0: 0x80009d70 (0x00006f17) auipc   t5, 0x6
core   0: 3 0x80009d70 (0x00006f17) x30 0x8000fd70
core   0: 0x80009d74 (0x283f2823) sw      gp, 656(t5)
core   0: 3 0x80009d74 (0x283f2823) mem 0x80010000 0x00000001
core   0: 0x80009d78 (0xff9ff06f) j       pc - 0x8
core   0: 3 0x80009d78 (0xff9ff06f)
core   0: 0x80009d70 (0x00006f17) auipc   t5, 0x6
core   0: 3 0x80009d70 (0x00006f17) x30 0x8000fd70
core   0: 0x80009d74 (0x283f2823) sw      gp, 656(t5)
core   0: 3 0x80009d74 (0x283f2823) mem 0x80010000 0x00000001
core   0: 0x80009d78 (0xff9ff06f) j       pc - 0x8
core   0: 3 0x80009d78 (0xff9ff06f)
core   0: 0x80009d70 (0x00006f17) auipc   t5, 0x6
core   0: 3 0x80009d70 (0x00006f17) x30 0x8000fd70
core   0: 0x80009d74 (0x283f2823) sw      gp, 656(t5)
core   0: 3 0x80009d74 (0x283f2823) mem 0x80010000 0x00000001
core   0: 0x80009d78 (0xff9ff06f) j       pc - 0x8
core   0: 3 0x80009d78 (0xff9ff06f)
core   0: 0x80009d70 (0x00006f17) auipc   t5, 0x6
core   0: 3 0x80009d70 (0x00006f17) x30 0x8000fd70
core   0: 0x80009d74 (0x283f2823) sw      gp, 656(t5)
core   0: 3 0x80009d74 (0x283f2823) mem 0x80010000 0x00000001
core   0: 0x80009d78 (0xff9ff06f) j       pc - 0x8
core   0: 3 0x80009d78 (0xff9ff06f)
core   0: 0x80009d70 (0x00006f17) auipc   t5, 0x6
core   0: 3 0x80009d70 (0x00006f17) x30 0x8000fd70
core   0: 0x80009d74 (0x283f2823) sw      gp, 656(t5)
core   0: 3 0x80009d74 (0x283f2823) mem 0x80010000 0x00000001
core   0: 0x80009d78 (0xff9ff06f) j       pc - 0x8
core   0: 3 0x80009d78 (0xff9ff06f)
core   0: 0x80009d70 (0x00006f17) auipc   t5, 0x6
core   0: 3 0x80009d70 (0x00006f17) x30 0x8000fd70
core   0: 0x80009d74 (0x283f2823) sw      gp, 656(t5)
core   0: 3 0x80009d74 (0x283f2823) mem 0x80010000 0x00000001
core   0: 0x80009d78 (0xff9ff06f) j       pc - 0x8
core   0: 3 0x80009d78 (0xff9ff06f)
core   0: 0x80009d70 (0x00006f17) auipc   t5, 0x6
core   0: 3 0x80009d70 (0x00006f17) x30 0x8000fd70
core   0: 0x80009d74 (0x283f2823) sw      gp, 656(t5)
core   0: 3 0x80009d74 (0x283f2823) mem 0x80010000 0x00000001
core   0: 0x80009d78 (0xff9ff06f) j       pc - 0x8
core   0: 3 0x80009d78 (0xff9ff06f)
core   0: 0x80009d70 (0x00006f17) auipc   t5, 0x6
core   0: 3 0x80009d70 (0x00006f17) x30 0x8000fd70
core   0: 0x80009d74 (0x283f2823) sw      gp, 656(t5)
core   0: 3 0x80009d74 (0x283f2823) mem 0x80010000 0x00000001
core   0: 0x80009d78 (0xff9ff06f) j       pc - 0x8
core   0: 3 0x80009d78 (0xff9ff06f)
core   0: 0x80009d70 (0x00006f17) auipc   t5, 0x6
core   0: 3 0x80009d70 (0x00006f17) x30 0x8000fd70
core   0: 0x80009d74 (0x283f2823) sw      gp, 656(t5)
core   0: 3 0x80009d74 (0x283f2823) mem 0x80010000 0x00000001
core   0: 0x80009d78 (0xff9ff06f) j       pc - 0x8
core   0: 3 0x80009d78 (0xff9ff06f)
core   0: 0x80009d70 (0x00006f17) auipc   t5, 0x6
core   0: 3 0x80009d70 (0x00006f17) x30 0x8000fd70
core   0: 0x80009d74 (0x283f2823) sw      gp, 656(t5)
core   0: 3 0x80009d74 (0x283f2823) mem 0x80010000 0x00000001
core   0: 0x80009d78 (0xff9ff06f) j       pc - 0x8
core   0: 3 0x80009d78 (0xff9ff06f)
core   0: 0x80009d70 (0x00006f17) auipc   t5, 0x6
core   0: 3 0x80009d70 (0x00006f17) x30 0x8000fd70
core   0: 0x80009d74 (0x283f2823) sw      gp, 656(t5)
core   0: 3 0x80009d74 (0x283f2823) mem 0x80010000 0x00000001
core   0: 0x80009d78 (0xff9ff06f) j       pc - 0x8
core   0: 3 0x80009d78 (0xff9ff06f)
core   0: 0x80009d70 (0x00006f17) auipc   t5, 0x6
core   0: 3 0x80009d70 (0x00006f17) x30 0x8000fd70
core   0: 0x80009d74 (0x283f2823) sw      gp, 656(t5)
core   0: 3 0x80009d74 (0x283f2823) mem 0x80010000 0x00000001
core   0: 0x80009d78 (0xff9ff06f) j       pc - 0x8
core   0: 3 0x80009d78 (0xff9ff06f)
core   0: 0x80009d70 (0x00006f17) auipc   t5, 0x6
core   0: 3 0x80009d70 (0x00006f17) x30 0x8000fd70
core   0: 0x80009d74 (0x283f2823) sw      gp, 656(t5)
core   0: 3 0x80009d74 (0x283f2823) mem 0x80010000 0x00000001
core   0: 0x80009d78 (0xff9ff06f) j       pc - 0x8
core   0: 3 0x80009d78 (0xff9ff06f)
core   0: 0x80009d70 (0x00006f17) auipc   t5, 0x6
core   0: 3 0x80009d70 (0x00006f17) x30 0x8000fd70
core   0: 0x80009d74 (0x283f2823) sw      gp, 656(t5)
core   0: 3 0x80009d74 (0x283f2823) mem 0x80010000 0x00000001
core   0: 0x80009d78 (0xff9ff06f) j       pc - 0x8
core   0: 3 0x80009d78 (0xff9ff06f)
core   0: 0x80009d70 (0x00006f17) auipc   t5, 0x6
core   0: 3 0x80009d70 (0x00006f17) x30 0x8000fd70
core   0: 0x80009d74 (0x283f2823) sw      gp, 656(t5)
core   0: 3 0x80009d74 (0x283f2823) mem 0x80010000 0x00000001
core   0: 0x80009d78 (0xff9ff06f) j       pc - 0x8
core   0: 3 0x80009d78 (0xff9ff06f)
core   0: 0x80009d70 (0x00006f17) auipc   t5, 0x6
core   0: 3 0x80009d70 (0x00006f17) x30 0x8000fd70
core   0: 0x80009d74 (0x283f2823) sw      gp, 656(t5)
core   0: 3 0x80009d74 (0x283f2823) mem 0x80010000 0x00000001
core   0: 0x80009d78 (0xff9ff06f) j       pc - 0x8
core   0: 3 0x80009d78 (0xff9ff06f)
core   0: 0x80009d70 (0x00006f17) auipc   t5, 0x6
core   0: 3 0x80009d70 (0x00006f17) x30 0x8000fd70
core   0: 0x80009d74 (0x283f2823) sw      gp, 656(t5)
core   0: 3 0x80009d74 (0x283f2823) mem 0x80010000 0x00000001
core   0: 0x80009d78 (0xff9ff06f) j       pc - 0x8
core   0: 3 0x80009d78 (0xff9ff06f)
core   0: 0x80009d70 (0x00006f17) auipc   t5, 0x6
core   0: 3 0x80009d70 (0x00006f17) x30 0x8000fd70
core   0: 0x80009d74 (0x283f2823) sw      gp, 656(t5)
core   0: 3 0x80009d74 (0x283f2823) mem 0x80010000 0x00000001
core   0: 0x80009d78 (0xff9ff06f) j       pc - 0x8
core   0: 3 0x80009d78 (0xff9ff06f)
core   0: 0x80009d70 (0x00006f17) auipc   t5, 0x6
core   0: 3 0x80009d70 (0x00006f17) x30 0x8000fd70
core   0: 0x80009d74 (0x283f2823) sw      gp, 656(t5)
core   0: 3 0x80009d74 (0x283f2823) mem 0x80010000 0x00000001
core   0: 0x80009d78 (0xff9ff06f) j       pc - 0x8
core   0: 3 0x80009d78 (0xff9ff06f)
core   0: 0x80009d70 (0x00006f17) auipc   t5, 0x6
core   0: 3 0x80009d70 (0x00006f17) x30 0x8000fd70
core   0: 0x80009d74 (0x283f2823) sw      gp, 656(t5)
core   0: 3 0x80009d74 (0x283f2823) mem 0x80010000 0x00000001
core   0: 0x80009d78 (0xff9ff06f) j       pc - 0x8
core   0: 3 0x80009d78 (0xff9ff06f)
core   0: 0x80009d70 (0x00006f17) auipc   t5, 0x6
core   0: 3 0x80009d70 (0x00006f17) x30 0x8000fd70
core   0: 0x80009d74 (0x283f2823) sw      gp, 656(t5)
core   0: 3 0x80009d74 (0x283f2823) mem 0x80010000 0x00000001
core   0: 0x80009d78 (0xff9ff06f) j       pc - 0x8
core   0: 3 0x80009d78 (0xff9ff06f)
core   0: 0x80009d70 (0x00006f17) auipc   t5, 0x6
core   0: 3 0x80009d70 (0x00006f17) x30 0x8000fd70
core   0: 0x80009d74 (0x283f2823) sw      gp, 656(t5)
core   0: 3 0x80009d74 (0x283f2823) mem 0x80010000 0x00000001
core   0: 0x80009d78 (0xff9ff06f) j       pc - 0x8
core   0: 3 0x80009d78 (0xff9ff06f)
core   0: 0x80009d70 (0x00006f17) auipc   t5, 0x6
core   0: 3 0x80009d70 (0x00006f17) x30 0x8000fd70
core   0: 0x80009d74 (0x283f2823) sw      gp, 656(t5)
core   0: 3 0x80009d74 (0x283f2823) mem 0x80010000 0x00000001
core   0: 0x80009d78 (0xff9ff06f) j       pc - 0x8
core   0: 3 0x80009d78 (0xff9ff06f)
core   0: 0x80009d70 (0x00006f17) auipc   t5, 0x6
core   0: 3 0x80009d70 (0x00006f17) x30 0x8000fd70
core   0: 0x80009d74 (0x283f2823) sw      gp, 656(t5)
core   0: 3 0x80009d74 (0x283f2823) mem 0x80010000 0x00000001
core   0: 0x80009d78 (0xff9ff06f) j       pc - 0x8
core   0: 3 0x80009d78 (0xff9ff06f)
core   0: 0x80009d70 (0x00006f17) auipc   t5, 0x6
core   0: 3 0x80009d70 (0x00006f17) x30 0x8000fd70
core   0: 0x80009d74 (0x283f2823) sw      gp, 656(t5)
core   0: 3 0x80009d74 (0x283f2823) mem 0x80010000 0x00000001
core   0: 0x80009d78 (0xff9ff06f) j       pc - 0x8
core   0: 3 0x80009d78 (0xff9ff06f)
core   0: 0x80009d70 (0x00006f17) auipc   t5, 0x6
core   0: 3 0x80009d70 (0x00006f17) x30 0x8000fd70
core   0: 0x80009d74 (0x283f2823) sw      gp, 656(t5)
core   0: 3 0x80009d74 (0x283f2823) mem 0x80010000 0x00000001
core   0: 0x80009d78 (0xff9ff06f) j       pc - 0x8
core   0: 3 0x80009d78 (0xff9ff06f)
core   0: 0x80009d70 (0x00006f17) auipc   t5, 0x6
core   0: 3 0x80009d70 (0x00006f17) x30 0x8000fd70
core   0: 0x80009d74 (0x283f2823) sw      gp, 656(t5)
core   0: 3 0x80009d74 (0x283f2823) mem 0x80010000 0x00000001
core   0: 0x80009d78 (0xff9ff06f) j       pc - 0x8
core   0: 3 0x80009d78 (0xff9ff06f)
core   0: 0x80009d70 (0x00006f17) auipc   t5, 0x6
core   0: 3 0x80009d70 (0x00006f17) x30 0x8000fd70
core   0: 0x80009d74 (0x283f2823) sw      gp, 656(t5)
core   0: 3 0x80009d74 (0x283f2823) mem 0x80010000 0x00000001
core   0: 0x80009d78 (0xff9ff06f) j       pc - 0x8
core   0: 3 0x80009d78 (0xff9ff06f)
core   0: 0x80009d70 (0x00006f17) auipc   t5, 0x6
core   0: 3 0x80009d70 (0x00006f17) x30 0x8000fd70
core   0: 0x80009d74 (0x283f2823) sw      gp, 656(t5)
core   0: 3 0x80009d74 (0x283f2823) mem 0x80010000 0x00000001
core   0: 0x80009d78 (0xff9ff06f) j       pc - 0x8
core   0: 3 0x80009d78 (0xff9ff06f)
core   0: 0x80009d70 (0x00006f17) auipc   t5, 0x6
core   0: 3 0x80009d70 (0x00006f17) x30 0x8000fd70
core   0: 0x80009d74 (0x283f2823) sw      gp, 656(t5)
core   0: 3 0x80009d74 (0x283f2823) mem 0x80010000 0x00000001
core   0: 0x80009d78 (0xff9ff06f) j       pc - 0x8
core   0: 3 0x80009d78 (0xff9ff06f)
core   0: 0x80009d70 (0x00006f17) auipc   t5, 0x6
core   0: 3 0x80009d70 (0x00006f17) x30 0x8000fd70
core   0: 0x80009d74 (0x283f2823) sw      gp, 656(t5)
core   0: 3 0x80009d74 (0x283f2823) mem 0x80010000 0x00000001
core   0: 0x80009d78 (0xff9ff06f) j       pc - 0x8
core   0: 3 0x80009d78 (0xff9ff06f)
core   0: 0x80009d70 (0x00006f17) auipc   t5, 0x6
core   0: 3 0x80009d70 (0x00006f17) x30 0x8000fd70
core   0: 0x80009d74 (0x283f2823) sw      gp, 656(t5)
core   0: 3 0x80009d74 (0x283f2823) mem 0x80010000 0x00000001
core   0: 0x80009d78 (0xff9ff06f) j       pc - 0x8
core   0: 3 0x80009d78 (0xff9ff06f)
core   0: 0x80009d70 (0x00006f17) auipc   t5, 0x6
core   0: 3 0x80009d70 (0x00006f17) x30 0x8000fd70
core   0: 0x80009d74 (0x283f2823) sw      gp, 656(t5)
core   0: 3 0x80009d74 (0x283f2823) mem 0x80010000 0x00000001
core   0: 0x80009d78 (0xff9ff06f) j       pc - 0x8
core   0: 3 0x80009d78 (0xff9ff06f)
core   0: 0x80009d70 (0x00006f17) auipc   t5, 0x6
core   0: 3 0x80009d70 (0x00006f17) x30 0x8000fd70
core   0: 0x80009d74 (0x283f2823) sw      gp, 656(t5)
core   0: 3 0x80009d74 (0x283f2823) mem 0x80010000 0x00000001
core   0: 0x80009d78 (0xff9ff06f) j       pc - 0x8
core   0: 3 0x80009d78 (0xff9ff06f)
core   0: 0x80009d70 (0x00006f17) auipc   t5, 0x6
core   0: 3 0x80009d70 (0x00006f17) x30 0x8000fd70
core   0: 0x80009d74 (0x283f2823) sw      gp, 656(t5)
core   0: 3 0x80009d74 (0x283f2823) mem 0x80010000 0x00000001
core   0: 0x80009d78 (0xff9ff06f) j       pc - 0x8
core   0: 3 0x80009d78 (0xff9ff06f)
core   0: 0x80009d70 (0x00006f17) auipc   t5, 0x6
core   0: 3 0x80009d70 (0x00006f17) x30 0x8000fd70
core   0: 0x80009d74 (0x283f2823) sw      gp, 656(t5)
core   0: 3 0x80009d74 (0x283f2823) mem 0x80010000 0x00000001
core   0: 0x80009d78 (0xff9ff06f) j       pc - 0x8
core   0: 3 0x80009d78 (0xff9ff06f)
core   0: 0x80009d70 (0x00006f17) auipc   t5, 0x6
core   0: 3 0x80009d70 (0x00006f17) x30 0x8000fd70
core   0: 0x80009d74 (0x283f2823) sw      gp, 656(t5)
core   0: 3 0x80009d74 (0x283f2823) mem 0x80010000 0x00000001
core   0: 0x80009d78 (0xff9ff06f) j       pc - 0x8
core   0: 3 0x80009d78 (0xff9ff06f)
core   0: 0x80009d70 (0x00006f17) auipc   t5, 0x6
core   0: 3 0x80009d70 (0x00006f17) x30 0x8000fd70
core   0: 0x80009d74 (0x283f2823) sw      gp, 656(t5)
core   0: 3 0x80009d74 (0x283f2823) mem 0x80010000 0x00000001
core   0: 0x80009d78 (0xff9ff06f) j       pc - 0x8
core   0: 3 0x80009d78 (0xff9ff06f)
core   0: 0x80009d70 (0x00006f17) auipc   t5, 0x6
core   0: 3 0x80009d70 (0x00006f17) x30 0x8000fd70
core   0: 0x80009d74 (0x283f2823) sw      gp, 656(t5)
core   0: 3 0x80009d74 (0x283f2823) mem 0x80010000 0x00000001
core   0: 0x80009d78 (0xff9ff06f) j       pc - 0x8
core   0: 3 0x80009d78 (0xff9ff06f)
core   0: 0x80009d70 (0x00006f17) auipc   t5, 0x6
core   0: 3 0x80009d70 (0x00006f17) x30 0x8000fd70
core   0: 0x80009d74 (0x283f2823) sw      gp, 656(t5)
core   0: 3 0x80009d74 (0x283f2823) mem 0x80010000 0x00000001
core   0: 0x80009d78 (0xff9ff06f) j       pc - 0x8
core   0: 3 0x80009d78 (0xff9ff06f)
core   0: 0x80009d70 (0x00006f17) auipc   t5, 0x6
core   0: 3 0x80009d70 (0x00006f17) x30 0x8000fd70
core   0: 0x80009d74 (0x283f2823) sw      gp, 656(t5)
core   0: 3 0x80009d74 (0x283f2823) mem 0x80010000 0x00000001
core   0: 0x80009d78 (0xff9ff06f) j       pc - 0x8
core   0: 3 0x80009d78 (0xff9ff06f)
core   0: 0x80009d70 (0x00006f17) auipc   t5, 0x6
core   0: 3 0x80009d70 (0x00006f17) x30 0x8000fd70
core   0: 0x80009d74 (0x283f2823) sw      gp, 656(t5)
core   0: 3 0x80009d74 (0x283f2823) mem 0x80010000 0x00000001
core   0: 0x80009d78 (0xff9ff06f) j       pc - 0x8
core   0: 3 0x80009d78 (0xff9ff06f)
core   0: 0x80009d70 (0x00006f17) auipc   t5, 0x6
core   0: 3 0x80009d70 (0x00006f17) x30 0x8000fd70
core   0: 0x80009d74 (0x283f2823) sw      gp, 656(t5)
core   0: 3 0x80009d74 (0x283f2823) mem 0x80010000 0x00000001
core   0: 0x80009d78 (0xff9ff06f) j       pc - 0x8
core   0: 3 0x80009d78 (0xff9ff06f)
core   0: 0x80009d70 (0x00006f17) auipc   t5, 0x6
core   0: 3 0x80009d70 (0x00006f17) x30 0x8000fd70
core   0: 0x80009d74 (0x283f2823) sw      gp, 656(t5)
core   0: 3 0x80009d74 (0x283f2823) mem 0x80010000 0x00000001
core   0: 0x80009d78 (0xff9ff06f) j       pc - 0x8
core   0: 3 0x80009d78 (0xff9ff06f)
core   0: 0x80009d70 (0x00006f17) auipc   t5, 0x6
core   0: 3 0x80009d70 (0x00006f17) x30 0x8000fd70
core   0: 0x80009d74 (0x283f2823) sw      gp, 656(t5)
core   0: 3 0x80009d74 (0x283f2823) mem 0x80010000 0x00000001
core   0: 0x80009d78 (0xff9ff06f) j       pc - 0x8
core   0: 3 0x80009d78 (0xff9ff06f)
core   0: 0x80009d70 (0x00006f17) auipc   t5, 0x6
core   0: 3 0x80009d70 (0x00006f17) x30 0x8000fd70
core   0: 0x80009d74 (0x283f2823) sw      gp, 656(t5)
core   0: 3 0x80009d74 (0x283f2823) mem 0x80010000 0x00000001
core   0: 0x80009d78 (0xff9ff06f) j       pc - 0x8
core   0: 3 0x80009d78 (0xff9ff06f)
core   0: 0x80009d70 (0x00006f17) auipc   t5, 0x6
core   0: 3 0x80009d70 (0x00006f17) x30 0x8000fd70
core   0: 0x80009d74 (0x283f2823) sw      gp, 656(t5)
core   0: 3 0x80009d74 (0x283f2823) mem 0x80010000 0x00000001
core   0: 0x80009d78 (0xff9ff06f) j       pc - 0x8
core   0: 3 0x80009d78 (0xff9ff06f)
core   0: 0x80009d70 (0x00006f17) auipc   t5, 0x6
core   0: 3 0x80009d70 (0x00006f17) x30 0x8000fd70
core   0: 0x80009d74 (0x283f2823) sw      gp, 656(t5)
core   0: 3 0x80009d74 (0x283f2823) mem 0x80010000 0x00000001
core   0: 0x80009d78 (0xff9ff06f) j       pc - 0x8
core   0: 3 0x80009d78 (0xff9ff06f)
core   0: 0x80009d70 (0x00006f17) auipc   t5, 0x6
core   0: 3 0x80009d70 (0x00006f17) x30 0x8000fd70
core   0: 0x80009d74 (0x283f2823) sw      gp, 656(t5)
core   0: 3 0x80009d74 (0x283f2823) mem 0x80010000 0x00000001
core   0: 0x80009d78 (0xff9ff06f) j       pc - 0x8
core   0: 3 0x80009d78 (0xff9ff06f)
core   0: 0x80009d70 (0x00006f17) auipc   t5, 0x6
core   0: 3 0x80009d70 (0x00006f17) x30 0x8000fd70
core   0: 0x80009d74 (0x283f2823) sw      gp, 656(t5)
core   0: 3 0x80009d74 (0x283f2823) mem 0x80010000 0x00000001
core   0: 0x80009d78 (0xff9ff06f) j       pc - 0x8
core   0: 3 0x80009d78 (0xff9ff06f)
core   0: 0x80009d70 (0x00006f17) auipc   t5, 0x6
core   0: 3 0x80009d70 (0x00006f17) x30 0x8000fd70
core   0: 0x80009d74 (0x283f2823) sw      gp, 656(t5)
core   0: 3 0x80009d74 (0x283f2823) mem 0x80010000 0x00000001
core   0: 0x80009d78 (0xff9ff06f) j       pc - 0x8
core   0: 3 0x80009d78 (0xff9ff06f)
core   0: 0x80009d70 (0x00006f17) auipc   t5, 0x6
core   0: 3 0x80009d70 (0x00006f17) x30 0x8000fd70
core   0: 0x80009d74 (0x283f2823) sw      gp, 656(t5)
core   0: 3 0x80009d74 (0x283f2823) mem 0x80010000 0x00000001
core   0: 0x80009d78 (0xff9ff06f) j       pc - 0x8
core   0: 3 0x80009d78 (0xff9ff06f)
core   0: 0x80009d70 (0x00006f17) auipc   t5, 0x6
core   0: 3 0x80009d70 (0x00006f17) x30 0x8000fd70
core   0: 0x80009d74 (0x283f2823) sw      gp, 656(t5)
core   0: 3 0x80009d74 (0x283f2823) mem 0x80010000 0x00000001
core   0: 0x80009d78 (0xff9ff06f) j       pc - 0x8
core   0: 3 0x80009d78 (0xff9ff06f)
core   0: 0x80009d70 (0x00006f17) auipc   t5, 0x6
core   0: 3 0x80009d70 (0x00006f17) x30 0x8000fd70
core   0: 0x80009d74 (0x283f2823) sw      gp, 656(t5)
core   0: 3 0x80009d74 (0x283f2823) mem 0x80010000 0x00000001
core   0: 0x80009d78 (0xff9ff06f) j       pc - 0x8
core   0: 3 0x80009d78 (0xff9ff06f)
core   0: 0x80009d70 (0x00006f17) auipc   t5, 0x6
core   0: 3 0x80009d70 (0x00006f17) x30 0x8000fd70
core   0: 0x80009d74 (0x283f2823) sw      gp, 656(t5)
core   0: 3 0x80009d74 (0x283f2823) mem 0x80010000 0x00000001
core   0: 0x80009d78 (0xff9ff06f) j       pc - 0x8
core   0: 3 0x80009d78 (0xff9ff06f)
core   0: 0x80009d70 (0x00006f17) auipc   t5, 0x6
core   0: 3 0x80009d70 (0x00006f17) x30 0x8000fd70
core   0: 0x80009d74 (0x283f2823) sw      gp, 656(t5)
core   0: 3 0x80009d74 (0x283f2823) mem 0x80010000 0x00000001
core   0: 0x80009d78 (0xff9ff06f) j       pc - 0x8
core   0: 3 0x80009d78 (0xff9ff06f)
core   0: 0x80009d70 (0x00006f17) auipc   t5, 0x6
core   0: 3 0x80009d70 (0x00006f17) x30 0x8000fd70
core   0: 0x80009d74 (0x283f2823) sw      gp, 656(t5)
core   0: 3 0x80009d74 (0x283f2823) mem 0x80010000 0x00000001
core   0: 0x80009d78 (0xff9ff06f) j       pc - 0x8
core   0: 3 0x80009d78 (0xff9ff06f)
core   0: 0x80009d70 (0x00006f17) auipc   t5, 0x6
core   0: 3 0x80009d70 (0x00006f17) x30 0x8000fd70
core   0: 0x80009d74 (0x283f2823) sw      gp, 656(t5)
core   0: 3 0x80009d74 (0x283f2823) mem 0x80010000 0x00000001
core   0: 0x80009d78 (0xff9ff06f) j       pc - 0x8
core   0: 3 0x80009d78 (0xff9ff06f)
core   0: 0x80009d70 (0x00006f17) auipc   t5, 0x6
core   0: 3 0x80009d70 (0x00006f17) x30 0x8000fd70
core   0: 0x80009d74 (0x283f2823) sw      gp, 656(t5)
core   0: 3 0x80009d74 (0x283f2823) mem 0x80010000 0x00000001
core   0: 0x80009d78 (0xff9ff06f) j       pc - 0x8
core   0: 3 0x80009d78 (0xff9ff06f)
core   0: 0x80009d70 (0x00006f17) auipc   t5, 0x6
core   0: 3 0x80009d70 (0x00006f17) x30 0x8000fd70
core   0: 0x80009d74 (0x283f2823) sw      gp, 656(t5)
core   0: 3 0x80009d74 (0x283f2823) mem 0x80010000 0x00000001
core   0: 0x80009d78 (0xff9ff06f) j       pc - 0x8
core   0: 3 0x80009d78 (0xff9ff06f)
core   0: 0x80009d70 (0x00006f17) auipc   t5, 0x6
core   0: 3 0x80009d70 (0x00006f17) x30 0x8000fd70
core   0: 0x80009d74 (0x283f2823) sw      gp, 656(t5)
core   0: 3 0x80009d74 (0x283f2823) mem 0x80010000 0x00000001
core   0: 0x80009d78 (0xff9ff06f) j       pc - 0x8
core   0: 3 0x80009d78 (0xff9ff06f)
core   0: 0x80009d70 (0x00006f17) auipc   t5, 0x6
core   0: 3 0x80009d70 (0x00006f17) x30 0x8000fd70
core   0: 0x80009d74 (0x283f2823) sw      gp, 656(t5)
core   0: 3 0x80009d74 (0x283f2823) mem 0x80010000 0x00000001
core   0: 0x80009d78 (0xff9ff06f) j       pc - 0x8
core   0: 3 0x80009d78 (0xff9ff06f)
core   0: 0x80009d70 (0x00006f17) auipc   t5, 0x6
core   0: 3 0x80009d70 (0x00006f17) x30 0x8000fd70
core   0: 0x80009d74 (0x283f2823) sw      gp, 656(t5)
core   0: 3 0x80009d74 (0x283f2823) mem 0x80010000 0x00000001
core   0: 0x80009d78 (0xff9ff06f) j       pc - 0x8
core   0: 3 0x80009d78 (0xff9ff06f)
core   0: 0x80009d70 (0x00006f17) auipc   t5, 0x6
core   0: 3 0x80009d70 (0x00006f17) x30 0x8000fd70
core   0: 0x80009d74 (0x283f2823) sw      gp, 656(t5)
core   0: 3 0x80009d74 (0x283f2823) mem 0x80010000 0x00000001
core   0: 0x80009d78 (0xff9ff06f) j       pc - 0x8
core   0: 3 0x80009d78 (0xff9ff06f)
core   0: 0x80009d70 (0x00006f17) auipc   t5, 0x6
core   0: 3 0x80009d70 (0x00006f17) x30 0x8000fd70
core   0: 0x80009d74 (0x283f2823) sw      gp, 656(t5)
core   0: 3 0x80009d74 (0x283f2823) mem 0x80010000 0x00000001
core   0: 0x80009d78 (0xff9ff06f) j       pc - 0x8
core   0: 3 0x80009d78 (0xff9ff06f)
core   0: 0x80009d70 (0x00006f17) auipc   t5, 0x6
core   0: 3 0x80009d70 (0x00006f17) x30 0x8000fd70
core   0: 0x80009d74 (0x283f2823) sw      gp, 656(t5)
core   0: 3 0x80009d74 (0x283f2823) mem 0x80010000 0x00000001
core   0: 0x80009d78 (0xff9ff06f) j       pc - 0x8
core   0: 3 0x80009d78 (0xff9ff06f)
core   0: 0x80009d70 (0x00006f17) auipc   t5, 0x6
core   0: 3 0x80009d70 (0x00006f17) x30 0x8000fd70
core   0: 0x80009d74 (0x283f2823) sw      gp, 656(t5)
core   0: 3 0x80009d74 (0x283f2823) mem 0x80010000 0x00000001
core   0: 0x80009d78 (0xff9ff06f) j       pc - 0x8
core   0: 3 0x80009d78 (0xff9ff06f)
core   0: 0x80009d70 (0x00006f17) auipc   t5, 0x6
core   0: 3 0x80009d70 (0x00006f17) x30 0x8000fd70
core   0: 0x80009d74 (0x283f2823) sw      gp, 656(t5)
core   0: 3 0x80009d74 (0x283f2823) mem 0x80010000 0x00000001
core   0: 0x80009d78 (0xff9ff06f) j       pc - 0x8
core   0: 3 0x80009d78 (0xff9ff06f)
core   0: 0x80009d70 (0x00006f17) auipc   t5, 0x6
core   0: 3 0x80009d70 (0x00006f17) x30 0x8000fd70
core   0: 0x80009d74 (0x283f2823) sw      gp, 656(t5)
core   0: 3 0x80009d74 (0x283f2823) mem 0x80010000 0x00000001
core   0: 0x80009d78 (0xff9ff06f) j       pc - 0x8
core   0: 3 0x80009d78 (0xff9ff06f)
core   0: 0x80009d70 (0x00006f17) auipc   t5, 0x6
core   0: 3 0x80009d70 (0x00006f17) x30 0x8000fd70
core   0: 0x80009d74 (0x283f2823) sw      gp, 656(t5)
core   0: 3 0x80009d74 (0x283f2823) mem 0x80010000 0x00000001
core   0: 0x80009d78 (0xff9ff06f) j       pc - 0x8
core   0: 3 0x80009d78 (0xff9ff06f)
core   0: 0x80009d70 (0x00006f17) auipc   t5, 0x6
core   0: 3 0x80009d70 (0x00006f17) x30 0x8000fd70
core   0: 0x80009d74 (0x283f2823) sw      gp, 656(t5)
core   0: 3 0x80009d74 (0x283f2823) mem 0x80010000 0x00000001
core   0: 0x80009d78 (0xff9ff06f) j       pc - 0x8
core   0: 3 0x80009d78 (0xff9ff06f)
core   0: 0x80009d70 (0x00006f17) auipc   t5, 0x6
core   0: 3 0x80009d70 (0x00006f17) x30 0x8000fd70
core   0: 0x80009d74 (0x283f2823) sw      gp, 656(t5)
core   0: 3 0x80009d74 (0x283f2823) mem 0x80010000 0x00000001
core   0: 0x80009d78 (0xff9ff06f) j       pc - 0x8
core   0: 3 0x80009d78 (0xff9ff06f)
core   0: 0x80009d70 (0x00006f17) auipc   t5, 0x6
core   0: 3 0x80009d70 (0x00006f17) x30 0x8000fd70
core   0: 0x80009d74 (0x283f2823) sw      gp, 656(t5)
core   0: 3 0x80009d74 (0x283f2823) mem 0x80010000 0x00000001
core   0: 0x80009d78 (0xff9ff06f) j       pc - 0x8
core   0: 3 0x80009d78 (0xff9ff06f)
core   0: 0x80009d70 (0x00006f17) auipc   t5, 0x6
core   0: 3 0x80009d70 (0x00006f17) x30 0x8000fd70
core   0: 0x80009d74 (0x283f2823) sw      gp, 656(t5)
core   0: 3 0x80009d74 (0x283f2823) mem 0x80010000 0x00000001
core   0: 0x80009d78 (0xff9ff06f) j       pc - 0x8
core   0: 3 0x80009d78 (0xff9ff06f)
core   0: 0x80009d70 (0x00006f17) auipc   t5, 0x6
core   0: 3 0x80009d70 (0x00006f17) x30 0x8000fd70
core   0: 0x80009d74 (0x283f2823) sw      gp, 656(t5)
core   0: 3 0x80009d74 (0x283f2823) mem 0x80010000 0x00000001
core   0: 0x80009d78 (0xff9ff06f) j       pc - 0x8
core   0: 3 0x80009d78 (0xff9ff06f)
core   0: 0x80009d70 (0x00006f17) auipc   t5, 0x6
core   0: 3 0x80009d70 (0x00006f17) x30 0x8000fd70
core   0: 0x80009d74 (0x283f2823) sw      gp, 656(t5)
core   0: 3 0x80009d74 (0x283f2823) mem 0x80010000 0x00000001
core   0: 0x80009d78 (0xff9ff06f) j       pc - 0x8
core   0: 3 0x80009d78 (0xff9ff06f)
core   0: 0x80009d70 (0x00006f17) auipc   t5, 0x6
core   0: 3 0x80009d70 (0x00006f17) x30 0x8000fd70
core   0: 0x80009d74 (0x283f2823) sw      gp, 656(t5)
core   0: 3 0x80009d74 (0x283f2823) mem 0x80010000 0x00000001
core   0: 0x80009d78 (0xff9ff06f) j       pc - 0x8
core   0: 3 0x80009d78 (0xff9ff06f)
core   0: 0x80009d70 (0x00006f17) auipc   t5, 0x6
core   0: 3 0x80009d70 (0x00006f17) x30 0x8000fd70
core   0: 0x80009d74 (0x283f2823) sw      gp, 656(t5)
core   0: 3 0x80009d74 (0x283f2823) mem 0x80010000 0x00000001
core   0: 0x80009d78 (0xff9ff06f) j       pc - 0x8
core   0: 3 0x80009d78 (0xff9ff06f)
core   0: 0x80009d70 (0x00006f17) auipc   t5, 0x6
core   0: 3 0x80009d70 (0x00006f17) x30 0x8000fd70
core   0: 0x80009d74 (0x283f2823) sw      gp, 656(t5)
core   0: 3 0x80009d74 (0x283f2823) mem 0x80010000 0x00000001
core   0: 0x80009d78 (0xff9ff06f) j       pc - 0x8
core   0: 3 0x80009d78 (0xff9ff06f)
core   0: 0x80009d70 (0x00006f17) auipc   t5, 0x6
core   0: 3 0x80009d70 (0x00006f17) x30 0x8000fd70
core   0: 0x80009d74 (0x283f2823) sw      gp, 656(t5)
core   0: 3 0x80009d74 (0x283f2823) mem 0x80010000 0x00000001
core   0: 0x80009d78 (0xff9ff06f) j       pc - 0x8
core   0: 3 0x80009d78 (0xff9ff06f)
core   0: 0x80009d70 (0x00006f17) auipc   t5, 0x6
core   0: 3 0x80009d70 (0x00006f17) x30 0x8000fd70
core   0: 0x80009d74 (0x283f2823) sw      gp, 656(t5)
core   0: 3 0x80009d74 (0x283f2823) mem 0x80010000 0x00000001
core   0: 0x80009d78 (0xff9ff06f) j       pc - 0x8
core   0: 3 0x80009d78 (0xff9ff06f)
core   0: 0x80009d70 (0x00006f17) auipc   t5, 0x6
core   0: 3 0x80009d70 (0x00006f17) x30 0x8000fd70
core   0: 0x80009d74 (0x283f2823) sw      gp, 656(t5)
core   0: 3 0x80009d74 (0x283f2823) mem 0x80010000 0x00000001
core   0: 0x80009d78 (0xff9ff06f) j       pc - 0x8
core   0: 3 0x80009d78 (0xff9ff06f)
core   0: 0x80009d70 (0x00006f17) auipc   t5, 0x6
core   0: 3 0x80009d70 (0x00006f17) x30 0x8000fd70
core   0: 0x80009d74 (0x283f2823) sw      gp, 656(t5)
core   0: 3 0x80009d74 (0x283f2823) mem 0x80010000 0x00000001
core   0: 0x80009d78 (0xff9ff06f) j       pc - 0x8
core   0: 3 0x80009d78 (0xff9ff06f)
core   0: 0x80009d70 (0x00006f17) auipc   t5, 0x6
core   0: 3 0x80009d70 (0x00006f17) x30 0x8000fd70
core   0: 0x80009d74 (0x283f2823) sw      gp, 656(t5)
core   0: 3 0x80009d74 (0x283f2823) mem 0x80010000 0x00000001
core   0: 0x80009d78 (0xff9ff06f) j       pc - 0x8
core   0: 3 0x80009d78 (0xff9ff06f)
core   0: 0x80009d70 (0x00006f17) auipc   t5, 0x6
core   0: 3 0x80009d70 (0x00006f17) x30 0x8000fd70
core   0: 0x80009d74 (0x283f2823) sw      gp, 656(t5)
core   0: 3 0x80009d74 (0x283f2823) mem 0x80010000 0x00000001
core   0: 0x80009d78 (0xff9ff06f) j       pc - 0x8
core   0: 3 0x80009d78 (0xff9ff06f)
core   0: 0x80009d70 (0x00006f17) auipc   t5, 0x6
core   0: 3 0x80009d70 (0x00006f17) x30 0x8000fd70
core   0: 0x80009d74 (0x283f2823) sw      gp, 656(t5)
core   0: 3 0x80009d74 (0x283f2823) mem 0x80010000 0x00000001
core   0: 0x80009d78 (0xff9ff06f) j       pc - 0x8
core   0: 3 0x80009d78 (0xff9ff06f)
core   0: 0x80009d70 (0x00006f17) auipc   t5, 0x6
core   0: 3 0x80009d70 (0x00006f17) x30 0x8000fd70
core   0: 0x80009d74 (0x283f2823) sw      gp, 656(t5)
core   0: 3 0x80009d74 (0x283f2823) mem 0x80010000 0x00000001
core   0: 0x80009d78 (0xff9ff06f) j       pc - 0x8
core   0: 3 0x80009d78 (0xff9ff06f)
core   0: 0x80009d70 (0x00006f17) auipc   t5, 0x6
core   0: 3 0x80009d70 (0x00006f17) x30 0x8000fd70
core   0: 0x80009d74 (0x283f2823) sw      gp, 656(t5)
core   0: 3 0x80009d74 (0x283f2823) mem 0x80010000 0x00000001
core   0: 0x80009d78 (0xff9ff06f) j       pc - 0x8
core   0: 3 0x80009d78 (0xff9ff06f)
core   0: 0x80009d70 (0x00006f17) auipc   t5, 0x6
core   0: 3 0x80009d70 (0x00006f17) x30 0x8000fd70
core   0: 0x80009d74 (0x283f2823) sw      gp, 656(t5)
core   0: 3 0x80009d74 (0x283f2823) mem 0x80010000 0x00000001
core   0: 0x80009d78 (0xff9ff06f) j       pc - 0x8
core   0: 3 0x80009d78 (0xff9ff06f)
core   0: 0x80009d70 (0x00006f17) auipc   t5, 0x6
core   0: 3 0x80009d70 (0x00006f17) x30 0x8000fd70
core   0: 0x80009d74 (0x283f2823) sw      gp, 656(t5)
core   0: 3 0x80009d74 (0x283f2823) mem 0x80010000 0x00000001
core   0: 0x80009d78 (0xff9ff06f) j       pc - 0x8
core   0: 3 0x80009d78 (0xff9ff06f)
core   0: 0x80009d70 (0x00006f17) auipc   t5, 0x6
core   0: 3 0x80009d70 (0x00006f17) x30 0x8000fd70
core   0: 0x80009d74 (0x283f2823) sw      gp, 656(t5)
core   0: 3 0x80009d74 (0x283f2823) mem 0x80010000 0x00000001
core   0: 0x80009d78 (0xff9ff06f) j       pc - 0x8
core   0: 3 0x80009d78 (0xff9ff06f)
core   0: 0x80009d70 (0x00006f17) auipc   t5, 0x6
core   0: 3 0x80009d70 (0x00006f17) x30 0x8000fd70
core   0: 0x80009d74 (0x283f2823) sw      gp, 656(t5)
core   0: 3 0x80009d74 (0x283f2823) mem 0x80010000 0x00000001
core   0: 0x80009d78 (0xff9ff06f) j       pc - 0x8
core   0: 3 0x80009d78 (0xff9ff06f)
core   0: 0x80009d70 (0x00006f17) auipc   t5, 0x6
core   0: 3 0x80009d70 (0x00006f17) x30 0x8000fd70
core   0: 0x80009d74 (0x283f2823) sw      gp, 656(t5)
core   0: 3 0x80009d74 (0x283f2823) mem 0x80010000 0x00000001
core   0: 0x80009d78 (0xff9ff06f) j       pc - 0x8
core   0: 3 0x80009d78 (0xff9ff06f)
core   0: 0x80009d70 (0x00006f17) auipc   t5, 0x6
core   0: 3 0x80009d70 (0x00006f17) x30 0x8000fd70
core   0: 0x80009d74 (0x283f2823) sw      gp, 656(t5)
core   0: 3 0x80009d74 (0x283f2823) mem 0x80010000 0x00000001
core   0: 0x80009d78 (0xff9ff06f) j       pc - 0x8
core   0: 3 0x80009d78 (0xff9ff06f)
core   0: 0x80009d70 (0x00006f17) auipc   t5, 0x6
core   0: 3 0x80009d70 (0x00006f17) x30 0x8000fd70
core   0: 0x80009d74 (0x283f2823) sw      gp, 656(t5)
core   0: 3 0x80009d74 (0x283f2823) mem 0x80010000 0x00000001
core   0: 0x80009d78 (0xff9ff06f) j       pc - 0x8
core   0: 3 0x80009d78 (0xff9ff06f)
core   0: 0x80009d70 (0x00006f17) auipc   t5, 0x6
core   0: 3 0x80009d70 (0x00006f17) x30 0x8000fd70
core   0: 0x80009d74 (0x283f2823) sw      gp, 656(t5)
core   0: 3 0x80009d74 (0x283f2823) mem 0x80010000 0x00000001
core   0: 0x80009d78 (0xff9ff06f) j       pc - 0x8
core   0: 3 0x80009d78 (0xff9ff06f)
core   0: 0x80009d70 (0x00006f17) auipc   t5, 0x6
core   0: 3 0x80009d70 (0x00006f17) x30 0x8000fd70
core   0: 0x80009d74 (0x283f2823) sw      gp, 656(t5)
core   0: 3 0x80009d74 (0x283f2823) mem 0x80010000 0x00000001
core   0: 0x80009d78 (0xff9ff06f) j       pc - 0x8
core   0: 3 0x80009d78 (0xff9ff06f)
core   0: 0x80009d70 (0x00006f17) auipc   t5, 0x6
core   0: 3 0x80009d70 (0x00006f17) x30 0x8000fd70
core   0: 0x80009d74 (0x283f2823) sw      gp, 656(t5)
core   0: 3 0x80009d74 (0x283f2823) mem 0x80010000 0x00000001
core   0: 0x80009d78 (0xff9ff06f) j       pc - 0x8
core   0: 3 0x80009d78 (0xff9ff06f)
core   0: 0x80009d70 (0x00006f17) auipc   t5, 0x6
core   0: 3 0x80009d70 (0x00006f17) x30 0x8000fd70
core   0: 0x80009d74 (0x283f2823) sw      gp, 656(t5)
core   0: 3 0x80009d74 (0x283f2823) mem 0x80010000 0x00000001
core   0: 0x80009d78 (0xff9ff06f) j       pc - 0x8
core   0: 3 0x80009d78 (0xff9ff06f)
core   0: 0x80009d70 (0x00006f17) auipc   t5, 0x6
core   0: 3 0x80009d70 (0x00006f17) x30 0x8000fd70
core   0: 0x80009d74 (0x283f2823) sw      gp, 656(t5)
core   0: 3 0x80009d74 (0x283f2823) mem 0x80010000 0x00000001
core   0: 0x80009d78 (0xff9ff06f) j       pc - 0x8
core   0: 3 0x80009d78 (0xff9ff06f)
core   0: 0x80009d70 (0x00006f17) auipc   t5, 0x6
core   0: 3 0x80009d70 (0x00006f17) x30 0x8000fd70
core   0: 0x80009d74 (0x283f2823) sw      gp, 656(t5)
core   0: 3 0x80009d74 (0x283f2823) mem 0x80010000 0x00000001
core   0: 0x80009d78 (0xff9ff06f) j       pc - 0x8
core   0: 3 0x80009d78 (0xff9ff06f)
core   0: 0x80009d70 (0x00006f17) auipc   t5, 0x6
core   0: 3 0x80009d70 (0x00006f17) x30 0x8000fd70
core   0: 0x80009d74 (0x283f2823) sw      gp, 656(t5)
core   0: 3 0x80009d74 (0x283f2823) mem 0x80010000 0x00000001
core   0: 0x80009d78 (0xff9ff06f) j       pc - 0x8
core   0: 3 0x80009d78 (0xff9ff06f)
core   0: 0x80009d70 (0x00006f17) auipc   t5, 0x6
core   0: 3 0x80009d70 (0x00006f17) x30 0x8000fd70
core   0: 0x80009d74 (0x283f2823) sw      gp, 656(t5)
core   0: 3 0x80009d74 (0x283f2823) mem 0x80010000 0x00000001
core   0: 0x80009d78 (0xff9ff06f) j       pc - 0x8
core   0: 3 0x80009d78 (0xff9ff06f)
core   0: 0x80009d70 (0x00006f17) auipc   t5, 0x6
core   0: 3 0x80009d70 (0x00006f17) x30 0x8000fd70
core   0: 0x80009d74 (0x283f2823) sw      gp, 656(t5)
core   0: 3 0x80009d74 (0x283f2823) mem 0x80010000 0x00000001
core   0: 0x80009d78 (0xff9ff06f) j       pc - 0x8
core   0: 3 0x80009d78 (0xff9ff06f)
core   0: 0x80009d70 (0x00006f17) auipc   t5, 0x6
core   0: 3 0x80009d70 (0x00006f17) x30 0x8000fd70
core   0: 0x80009d74 (0x283f2823) sw      gp, 656(t5)
core   0: 3 0x80009d74 (0x283f2823) mem 0x80010000 0x00000001
core   0: 0x80009d78 (0xff9ff06f) j       pc - 0x8
core   0: 3 0x80009d78 (0xff9ff06f)
core   0: 0x80009d70 (0x00006f17) auipc   t5, 0x6
core   0: 3 0x80009d70 (0x00006f17) x30 0x8000fd70
core   0: 0x80009d74 (0x283f2823) sw      gp, 656(t5)
core   0: 3 0x80009d74 (0x283f2823) mem 0x80010000 0x00000001
core   0: 0x80009d78 (0xff9ff06f) j       pc - 0x8
core   0: 3 0x80009d78 (0xff9ff06f)
core   0: 0x80009d70 (0x00006f17) auipc   t5, 0x6
core   0: 3 0x80009d70 (0x00006f17) x30 0x8000fd70
core   0: 0x80009d74 (0x283f2823) sw      gp, 656(t5)
core   0: 3 0x80009d74 (0x283f2823) mem 0x80010000 0x00000001
core   0: 0x80009d78 (0xff9ff06f) j       pc - 0x8
core   0: 3 0x80009d78 (0xff9ff06f)
core   0: 0x80009d70 (0x00006f17) auipc   t5, 0x6
core   0: 3 0x80009d70 (0x00006f17) x30 0x8000fd70
core   0: 0x80009d74 (0x283f2823) sw      gp, 656(t5)
core   0: 3 0x80009d74 (0x283f2823) mem 0x80010000 0x00000001
core   0: 0x80009d78 (0xff9ff06f) j       pc - 0x8
core   0: 3 0x80009d78 (0xff9ff06f)
core   0: 0x80009d70 (0x00006f17) auipc   t5, 0x6
core   0: 3 0x80009d70 (0x00006f17) x30 0x8000fd70
core   0: 0x80009d74 (0x283f2823) sw      gp, 656(t5)
core   0: 3 0x80009d74 (0x283f2823) mem 0x80010000 0x00000001
core   0: 0x80009d78 (0xff9ff06f) j       pc - 0x8
core   0: 3 0x80009d78 (0xff9ff06f)
core   0: 0x80009d70 (0x00006f17) auipc   t5, 0x6
core   0: 3 0x80009d70 (0x00006f17) x30 0x8000fd70
core   0: 0x80009d74 (0x283f2823) sw      gp, 656(t5)
core   0: 3 0x80009d74 (0x283f2823) mem 0x80010000 0x00000001
core   0: 0x80009d78 (0xff9ff06f) j       pc - 0x8
core   0: 3 0x80009d78 (0xff9ff06f)
core   0: 0x80009d70 (0x00006f17) auipc   t5, 0x6
core   0: 3 0x80009d70 (0x00006f17) x30 0x8000fd70
core   0: 0x80009d74 (0x283f2823) sw      gp, 656(t5)
core   0: 3 0x80009d74 (0x283f2823) mem 0x80010000 0x00000001
core   0: 0x80009d78 (0xff9ff06f) j       pc - 0x8
core   0: 3 0x80009d78 (0xff9ff06f)
core   0: 0x80009d70 (0x00006f17) auipc   t5, 0x6
core   0: 3 0x80009d70 (0x00006f17) x30 0x8000fd70
core   0: 0x80009d74 (0x283f2823) sw      gp, 656(t5)
core   0: 3 0x80009d74 (0x283f2823) mem 0x80010000 0x00000001
core   0: 0x80009d78 (0xff9ff06f) j       pc - 0x8
core   0: 3 0x80009d78 (0xff9ff06f)
core   0: 0x80009d70 (0x00006f17) auipc   t5, 0x6
core   0: 3 0x80009d70 (0x00006f17) x30 0x8000fd70
core   0: 0x80009d74 (0x283f2823) sw      gp, 656(t5)
core   0: 3 0x80009d74 (0x283f2823) mem 0x80010000 0x00000001
core   0: 0x80009d78 (0xff9ff06f) j       pc - 0x8
core   0: 3 0x80009d78 (0xff9ff06f)
core   0: 0x80009d70 (0x00006f17) auipc   t5, 0x6
core   0: 3 0x80009d70 (0x00006f17) x30 0x8000fd70
core   0: 0x80009d74 (0x283f2823) sw      gp, 656(t5)
core   0: 3 0x80009d74 (0x283f2823) mem 0x80010000 0x00000001
core   0: 0x80009d78 (0xff9ff06f) j       pc - 0x8
core   0: 3 0x80009d78 (0xff9ff06f)
core   0: 0x80009d70 (0x00006f17) auipc   t5, 0x6
core   0: 3 0x80009d70 (0x00006f17) x30 0x8000fd70
core   0: 0x80009d74 (0x283f2823) sw      gp, 656(t5)
core   0: 3 0x80009d74 (0x283f2823) mem 0x80010000 0x00000001
core   0: 0x80009d78 (0xff9ff06f) j       pc - 0x8
core   0: 3 0x80009d78 (0xff9ff06f)
core   0: 0x80009d70 (0x00006f17) auipc   t5, 0x6
core   0: 3 0x80009d70 (0x00006f17) x30 0x8000fd70
core   0: 0x80009d74 (0x283f2823) sw      gp, 656(t5)
core   0: 3 0x80009d74 (0x283f2823) mem 0x80010000 0x00000001
core   0: 0x80009d78 (0xff9ff06f) j       pc - 0x8
core   0: 3 0x80009d78 (0xff9ff06f)
core   0: 0x80009d70 (0x00006f17) auipc   t5, 0x6
core   0: 3 0x80009d70 (0x00006f17) x30 0x8000fd70
core   0: 0x80009d74 (0x283f2823) sw      gp, 656(t5)
core   0: 3 0x80009d74 (0x283f2823) mem 0x80010000 0x00000001
core   0: 0x80009d78 (0xff9ff06f) j       pc - 0x8
core   0: 3 0x80009d78 (0xff9ff06f)
core   0: 0x80009d70 (0x00006f17) auipc   t5, 0x6
core   0: 3 0x80009d70 (0x00006f17) x30 0x8000fd70
core   0: 0x80009d74 (0x283f2823) sw      gp, 656(t5)
core   0: 3 0x80009d74 (0x283f2823) mem 0x80010000 0x00000001
core   0: 0x80009d78 (0xff9ff06f) j       pc - 0x8
core   0: 3 0x80009d78 (0xff9ff06f)
core   0: 0x80009d70 (0x00006f17) auipc   t5, 0x6
core   0: 3 0x80009d70 (0x00006f17) x30 0x8000fd70
core   0: 0x80009d74 (0x283f2823) sw      gp, 656(t5)
core   0: 3 0x80009d74 (0x283f2823) mem 0x80010000 0x00000001
core   0: 0x80009d78 (0xff9ff06f) j       pc - 0x8
core   0: 3 0x80009d78 (0xff9ff06f)
core   0: 0x80009d70 (0x00006f17) auipc   t5, 0x6
core   0: 3 0x80009d70 (0x00006f17) x30 0x8000fd70
core   0: 0x80009d74 (0x283f2823) sw      gp, 656(t5)
core   0: 3 0x80009d74 (0x283f2823) mem 0x80010000 0x00000001
core   0: 0x80009d78 (0xff9ff06f) j       pc - 0x8
core   0: 3 0x80009d78 (0xff9ff06f)
core   0: 0x80009d70 (0x00006f17) auipc   t5, 0x6
core   0: 3 0x80009d70 (0x00006f17) x30 0x8000fd70
core   0: 0x80009d74 (0x283f2823) sw      gp, 656(t5)
core   0: 3 0x80009d74 (0x283f2823) mem 0x80010000 0x00000001
core   0: 0x80009d78 (0xff9ff06f) j       pc - 0x8
core   0: 3 0x80009d78 (0xff9ff06f)
core   0: 0x80009d70 (0x00006f17) auipc   t5, 0x6
core   0: 3 0x80009d70 (0x00006f17) x30 0x8000fd70
core   0: 0x80009d74 (0x283f2823) sw      gp, 656(t5)
core   0: 3 0x80009d74 (0x283f2823) mem 0x80010000 0x00000001
core   0: 0x80009d78 (0xff9ff06f) j       pc - 0x8
core   0: 3 0x80009d78 (0xff9ff06f)
core   0: 0x80009d70 (0x00006f17) auipc   t5, 0x6
core   0: 3 0x80009d70 (0x00006f17) x30 0x8000fd70
core   0: 0x80009d74 (0x283f2823) sw      gp, 656(t5)
core   0: 3 0x80009d74 (0x283f2823) mem 0x80010000 0x00000001
core   0: 0x80009d78 (0xff9ff06f) j       pc - 0x8
core   0: 3 0x80009d78 (0xff9ff06f)
core   0: 0x80009d70 (0x00006f17) auipc   t5, 0x6
core   0: 3 0x80009d70 (0x00006f17) x30 0x8000fd70
core   0: 0x80009d74 (0x283f2823) sw      gp, 656(t5)
core   0: 3 0x80009d74 (0x283f2823) mem 0x80010000 0x00000001
core   0: 0x80009d78 (0xff9ff06f) j       pc - 0x8
core   0: 3 0x80009d78 (0xff9ff06f)
core   0: 0x80009d70 (0x00006f17) auipc   t5, 0x6
core   0: 3 0x80009d70 (0x00006f17) x30 0x8000fd70
core   0: 0x80009d74 (0x283f2823) sw      gp, 656(t5)
core   0: 3 0x80009d74 (0x283f2823) mem 0x80010000 0x00000001
core   0: 0x80009d78 (0xff9ff06f) j       pc - 0x8
core   0: 3 0x80009d78 (0xff9ff06f)
core   0: 0x80009d70 (0x00006f17) auipc   t5, 0x6
core   0: 3 0x80009d70 (0x00006f17) x30 0x8000fd70
core   0: 0x80009d74 (0x283f2823) sw      gp, 656(t5)
core   0: 3 0x80009d74 (0x283f2823) mem 0x80010000 0x00000001
core   0: 0x80009d78 (0xff9ff06f) j       pc - 0x8
core   0: 3 0x80009d78 (0xff9ff06f)
core   0: 0x80009d70 (0x00006f17) auipc   t5, 0x6
core   0: 3 0x80009d70 (0x00006f17) x30 0x8000fd70
core   0: 0x80009d74 (0x283f2823) sw      gp, 656(t5)
core   0: 3 0x80009d74 (0x283f2823) mem 0x80010000 0x00000001
core   0: 0x80009d78 (0xff9ff06f) j       pc - 0x8
core   0: 3 0x80009d78 (0xff9ff06f)
core   0: 0x80009d70 (0x00006f17) auipc   t5, 0x6
core   0: 3 0x80009d70 (0x00006f17) x30 0x8000fd70
core   0: 0x80009d74 (0x283f2823) sw      gp, 656(t5)
core   0: 3 0x80009d74 (0x283f2823) mem 0x80010000 0x00000001
core   0: 0x80009d78 (0xff9ff06f) j       pc - 0x8
core   0: 3 0x80009d78 (0xff9ff06f)
core   0: 0x80009d70 (0x00006f17) auipc   t5, 0x6
core   0: 3 0x80009d70 (0x00006f17) x30 0x8000fd70
core   0: 0x80009d74 (0x283f2823) sw      gp, 656(t5)
core   0: 3 0x80009d74 (0x283f2823) mem 0x80010000 0x00000001
core   0: 0x80009d78 (0xff9ff06f) j       pc - 0x8
core   0: 3 0x80009d78 (0xff9ff06f)
core   0: 0x80009d70 (0x00006f17) auipc   t5, 0x6
core   0: 3 0x80009d70 (0x00006f17) x30 0x8000fd70
core   0: 0x80009d74 (0x283f2823) sw      gp, 656(t5)
core   0: 3 0x80009d74 (0x283f2823) mem 0x80010000 0x00000001
core   0: 0x80009d78 (0xff9ff06f) j       pc - 0x8
core   0: 3 0x80009d78 (0xff9ff06f)
core   0: 0x80009d70 (0x00006f17) auipc   t5, 0x6
core   0: 3 0x80009d70 (0x00006f17) x30 0x8000fd70
core   0: 0x80009d74 (0x283f2823) sw      gp, 656(t5)
core   0: 3 0x80009d74 (0x283f2823) mem 0x80010000 0x00000001
core   0: 0x80009d78 (0xff9ff06f) j       pc - 0x8
core   0: 3 0x80009d78 (0xff9ff06f)
core   0: 0x80009d70 (0x00006f17) auipc   t5, 0x6
core   0: 3 0x80009d70 (0x00006f17) x30 0x8000fd70
core   0: 0x80009d74 (0x283f2823) sw      gp, 656(t5)
core   0: 3 0x80009d74 (0x283f2823) mem 0x80010000 0x00000001
core   0: 0x80009d78 (0xff9ff06f) j       pc - 0x8
core   0: 3 0x80009d78 (0xff9ff06f)
core   0: 0x80009d70 (0x00006f17) auipc   t5, 0x6
core   0: 3 0x80009d70 (0x00006f17) x30 0x8000fd70
core   0: 0x80009d74 (0x283f2823) sw      gp, 656(t5)
core   0: 3 0x80009d74 (0x283f2823) mem 0x80010000 0x00000001
core   0: 0x80009d78 (0xff9ff06f) j       pc - 0x8
core   0: 3 0x80009d78 (0xff9ff06f)
core   0: 0x80009d70 (0x00006f17) auipc   t5, 0x6
core   0: 3 0x80009d70 (0x00006f17) x30 0x8000fd70
core   0: 0x80009d74 (0x283f2823) sw      gp, 656(t5)
core   0: 3 0x80009d74 (0x283f2823) mem 0x80010000 0x00000001
core   0: 0x80009d78 (0xff9ff06f) j       pc - 0x8
core   0: 3 0x80009d78 (0xff9ff06f)
core   0: 0x80009d70 (0x00006f17) auipc   t5, 0x6
core   0: 3 0x80009d70 (0x00006f17) x30 0x8000fd70
core   0: 0x80009d74 (0x283f2823) sw      gp, 656(t5)
core   0: 3 0x80009d74 (0x283f2823) mem 0x80010000 0x00000001
core   0: 0x80009d78 (0xff9ff06f) j       pc - 0x8
core   0: 3 0x80009d78 (0xff9ff06f)
core   0: 0x80009d70 (0x00006f17) auipc   t5, 0x6
core   0: 3 0x80009d70 (0x00006f17) x30 0x8000fd70
core   0: 0x80009d74 (0x283f2823) sw      gp, 656(t5)
core   0: 3 0x80009d74 (0x283f2823) mem 0x80010000 0x00000001
core   0: 0x80009d78 (0xff9ff06f) j       pc - 0x8
core   0: 3 0x80009d78 (0xff9ff06f)
core   0: 0x80009d70 (0x00006f17) auipc   t5, 0x6
core   0: 3 0x80009d70 (0x00006f17) x30 0x8000fd70
core   0: 0x80009d74 (0x283f2823) sw      gp, 656(t5)
core   0: 3 0x80009d74 (0x283f2823) mem 0x80010000 0x00000001
core   0: 0x80009d78 (0xff9ff06f) j       pc - 0x8
core   0: 3 0x80009d78 (0xff9ff06f)
core   0: 0x80009d70 (0x00006f17) auipc   t5, 0x6
core   0: 3 0x80009d70 (0x00006f17) x30 0x8000fd70
core   0: 0x80009d74 (0x283f2823) sw      gp, 656(t5)
core   0: 3 0x80009d74 (0x283f2823) mem 0x80010000 0x00000001
core   0: 0x80009d78 (0xff9ff06f) j       pc - 0x8
core   0: 3 0x80009d78 (0xff9ff06f)
core   0: 0x80009d70 (0x00006f17) auipc   t5, 0x6
core   0: 3 0x80009d70 (0x00006f17) x30 0x8000fd70
core   0: 0x80009d74 (0x283f2823) sw      gp, 656(t5)
core   0: 3 0x80009d74 (0x283f2823) mem 0x80010000 0x00000001
core   0: 0x80009d78 (0xff9ff06f) j       pc - 0x8
core   0: 3 0x80009d78 (0xff9ff06f)
core   0: 0x80009d70 (0x00006f17) auipc   t5, 0x6
core   0: 3 0x80009d70 (0x00006f17) x30 0x8000fd70
core   0: 0x80009d74 (0x283f2823) sw      gp, 656(t5)
core   0: 3 0x80009d74 (0x283f2823) mem 0x80010000 0x00000001
core   0: 0x80009d78 (0xff9ff06f) j       pc - 0x8
core   0: 3 0x80009d78 (0xff9ff06f)
core   0: 0x80009d70 (0x00006f17) auipc   t5, 0x6
core   0: 3 0x80009d70 (0x00006f17) x30 0x8000fd70
core   0: 0x80009d74 (0x283f2823) sw      gp, 656(t5)
core   0: 3 0x80009d74 (0x283f2823) mem 0x80010000 0x00000001
core   0: 0x80009d78 (0xff9ff06f) j       pc - 0x8
core   0: 3 0x80009d78 (0xff9ff06f)
core   0: 0x80009d70 (0x00006f17) auipc   t5, 0x6
core   0: 3 0x80009d70 (0x00006f17) x30 0x8000fd70
core   0: 0x80009d74 (0x283f2823) sw      gp, 656(t5)
core   0: 3 0x80009d74 (0x283f2823) mem 0x80010000 0x00000001
core   0: 0x80009d78 (0xff9ff06f) j       pc - 0x8
core   0: 3 0x80009d78 (0xff9ff06f)
core   0: 0x80009d70 (0x00006f17) auipc   t5, 0x6
core   0: 3 0x80009d70 (0x00006f17) x30 0x8000fd70
core   0: 0x80009d74 (0x283f2823) sw      gp, 656(t5)
core   0: 3 0x80009d74 (0x283f2823) mem 0x80010000 0x00000001
core   0: 0x80009d78 (0xff9ff06f) j       pc - 0x8
core   0: 3 0x80009d78 (0xff9ff06f)
core   0: 0x80009d70 (0x00006f17) auipc   t5, 0x6
core   0: 3 0x80009d70 (0x00006f17) x30 0x8000fd70
core   0: 0x80009d74 (0x283f2823) sw      gp, 656(t5)
core   0: 3 0x80009d74 (0x283f2823) mem 0x80010000 0x00000001
core   0: 0x80009d78 (0xff9ff06f) j       pc - 0x8
core   0: 3 0x80009d78 (0xff9ff06f)
core   0: 0x80009d70 (0x00006f17) auipc   t5, 0x6
core   0: 3 0x80009d70 (0x00006f17) x30 0x8000fd70
core   0: 0x80009d74 (0x283f2823) sw      gp, 656(t5)
core   0: 3 0x80009d74 (0x283f2823) mem 0x80010000 0x00000001
core   0: 0x80009d78 (0xff9ff06f) j       pc - 0x8
core   0: 3 0x80009d78 (0xff9ff06f)
core   0: 0x80009d70 (0x00006f17) auipc   t5, 0x6
core   0: 3 0x80009d70 (0x00006f17) x30 0x8000fd70
core   0: 0x80009d74 (0x283f2823) sw      gp, 656(t5)
core   0: 3 0x80009d74 (0x283f2823) mem 0x80010000 0x00000001
core   0: 0x80009d78 (0xff9ff06f) j       pc - 0x8
core   0: 3 0x80009d78 (0xff9ff06f)
core   0: 0x80009d70 (0x00006f17) auipc   t5, 0x6
core   0: 3 0x80009d70 (0x00006f17) x30 0x8000fd70
core   0: 0x80009d74 (0x283f2823) sw      gp, 656(t5)
core   0: 3 0x80009d74 (0x283f2823) mem 0x80010000 0x00000001
core   0: 0x80009d78 (0xff9ff06f) j       pc - 0x8
core   0: 3 0x80009d78 (0xff9ff06f)
core   0: 0x80009d70 (0x00006f17) auipc   t5, 0x6
core   0: 3 0x80009d70 (0x00006f17) x30 0x8000fd70
core   0: 0x80009d74 (0x283f2823) sw      gp, 656(t5)
core   0: 3 0x80009d74 (0x283f2823) mem 0x80010000 0x00000001
core   0: 0x80009d78 (0xff9ff06f) j       pc - 0x8
core   0: 3 0x80009d78 (0xff9ff06f)
core   0: 0x80009d70 (0x00006f17) auipc   t5, 0x6
core   0: 3 0x80009d70 (0x00006f17) x30 0x8000fd70
core   0: 0x80009d74 (0x283f2823) sw      gp, 656(t5)
core   0: 3 0x80009d74 (0x283f2823) mem 0x80010000 0x00000001
core   0: 0x80009d78 (0xff9ff06f) j       pc - 0x8
core   0: 3 0x80009d78 (0xff9ff06f)
core   0: 0x80009d70 (0x00006f17) auipc   t5, 0x6
core   0: 3 0x80009d70 (0x00006f17) x30 0x8000fd70
core   0: 0x80009d74 (0x283f2823) sw      gp, 656(t5)
core   0: 3 0x80009d74 (0x283f2823) mem 0x80010000 0x00000001
core   0: 0x80009d78 (0xff9ff06f) j       pc - 0x8
core   0: 3 0x80009d78 (0xff9ff06f)
core   0: 0x80009d70 (0x00006f17) auipc   t5, 0x6
core   0: 3 0x80009d70 (0x00006f17) x30 0x8000fd70
core   0: 0x80009d74 (0x283f2823) sw      gp, 656(t5)
core   0: 3 0x80009d74 (0x283f2823) mem 0x80010000 0x00000001
core   0: 0x80009d78 (0xff9ff06f) j       pc - 0x8
core   0: 3 0x80009d78 (0xff9ff06f)
core   0: 0x80009d70 (0x00006f17) auipc   t5, 0x6
core   0: 3 0x80009d70 (0x00006f17) x30 0x8000fd70
core   0: 0x80009d74 (0x283f2823) sw      gp, 656(t5)
core   0: 3 0x80009d74 (0x283f2823) mem 0x80010000 0x00000001
core   0: 0x80009d78 (0xff9ff06f) j       pc - 0x8
core   0: 3 0x80009d78 (0xff9ff06f)
core   0: 0x80009d70 (0x00006f17) auipc   t5, 0x6
core   0: 3 0x80009d70 (0x00006f17) x30 0x8000fd70
core   0: 0x80009d74 (0x283f2823) sw      gp, 656(t5)
core   0: 3 0x80009d74 (0x283f2823) mem 0x80010000 0x00000001
core   0: 0x80009d78 (0xff9ff06f) j       pc - 0x8
core   0: 3 0x80009d78 (0xff9ff06f)
core   0: 0x80009d70 (0x00006f17) auipc   t5, 0x6
core   0: 3 0x80009d70 (0x00006f17) x30 0x8000fd70
core   0: 0x80009d74 (0x283f2823) sw      gp, 656(t5)
core   0: 3 0x80009d74 (0x283f2823) mem 0x80010000 0x00000001
core   0: 0x80009d78 (0xff9ff06f) j       pc - 0x8
core   0: 3 0x80009d78 (0xff9ff06f)
core   0: 0x80009d70 (0x00006f17) auipc   t5, 0x6
core   0: 3 0x80009d70 (0x00006f17) x30 0x8000fd70
core   0: 0x80009d74 (0x283f2823) sw      gp, 656(t5)
core   0: 3 0x80009d74 (0x283f2823) mem 0x80010000 0x00000001
core   0: 0x80009d78 (0xff9ff06f) j       pc - 0x8
core   0: 3 0x80009d78 (0xff9ff06f)
core   0: 0x80009d70 (0x00006f17) auipc   t5, 0x6
core   0: 3 0x80009d70 (0x00006f17) x30 0x8000fd70
core   0: 0x80009d74 (0x283f2823) sw      gp, 656(t5)
core   0: 3 0x80009d74 (0x283f2823) mem 0x80010000 0x00000001
core   0: 0x80009d78 (0xff9ff06f) j       pc - 0x8
core   0: 3 0x80009d78 (0xff9ff06f)
core   0: 0x80009d70 (0x00006f17) auipc   t5, 0x6
core   0: 3 0x80009d70 (0x00006f17) x30 0x8000fd70
core   0: 0x80009d74 (0x283f2823) sw      gp, 656(t5)
core   0: 3 0x80009d74 (0x283f2823) mem 0x80010000 0x00000001
core   0: 0x80009d78 (0xff9ff06f) j       pc - 0x8
core   0: 3 0x80009d78 (0xff9ff06f)
core   0: 0x80009d70 (0x00006f17) auipc   t5, 0x6
core   0: 3 0x80009d70 (0x00006f17) x30 0x8000fd70
core   0: 0x80009d74 (0x283f2823) sw      gp, 656(t5)
core   0: 3 0x80009d74 (0x283f2823) mem 0x80010000 0x00000001
core   0: 0x80009d78 (0xff9ff06f) j       pc - 0x8
core   0: 3 0x80009d78 (0xff9ff06f)
core   0: 0x80009d70 (0x00006f17) auipc   t5, 0x6
core   0: 3 0x80009d70 (0x00006f17) x30 0x8000fd70
core   0: 0x80009d74 (0x283f2823) sw      gp, 656(t5)
core   0: 3 0x80009d74 (0x283f2823) mem 0x80010000 0x00000001
core   0: 0x80009d78 (0xff9ff06f) j       pc - 0x8
core   0: 3 0x80009d78 (0xff9ff06f)
core   0: 0x80009d70 (0x00006f17) auipc   t5, 0x6
core   0: 3 0x80009d70 (0x00006f17) x30 0x8000fd70
core   0: 0x80009d74 (0x283f2823) sw      gp, 656(t5)
core   0: 3 0x80009d74 (0x283f2823) mem 0x80010000 0x00000001
core   0: 0x80009d78 (0xff9ff06f) j       pc - 0x8
core   0: 3 0x80009d78 (0xff9ff06f)
core   0: 0x80009d70 (0x00006f17) auipc   t5, 0x6
core   0: 3 0x80009d70 (0x00006f17) x30 0x8000fd70
core   0: 0x80009d74 (0x283f2823) sw      gp, 656(t5)
core   0: 3 0x80009d74 (0x283f2823) mem 0x80010000 0x00000001
core   0: 0x80009d78 (0xff9ff06f) j       pc - 0x8
core   0: 3 0x80009d78 (0xff9ff06f)
core   0: 0x80009d70 (0x00006f17) auipc   t5, 0x6
core   0: 3 0x80009d70 (0x00006f17) x30 0x8000fd70
core   0: 0x80009d74 (0x283f2823) sw      gp, 656(t5)
core   0: 3 0x80009d74 (0x283f2823) mem 0x80010000 0x00000001
core   0: 0x80009d78 (0xff9ff06f) j       pc - 0x8
core   0: 3 0x80009d78 (0xff9ff06f)
core   0: 0x80009d70 (0x00006f17) auipc   t5, 0x6
core   0: 3 0x80009d70 (0x00006f17) x30 0x8000fd70
core   0: 0x80009d74 (0x283f2823) sw      gp, 656(t5)
core   0: 3 0x80009d74 (0x283f2823) mem 0x80010000 0x00000001
core   0: 0x80009d78 (0xff9ff06f) j       pc - 0x8
core   0: 3 0x80009d78 (0xff9ff06f)
core   0: 0x80009d70 (0x00006f17) auipc   t5, 0x6
core   0: 3 0x80009d70 (0x00006f17) x30 0x8000fd70
core   0: 0x80009d74 (0x283f2823) sw      gp, 656(t5)
core   0: 3 0x80009d74 (0x283f2823) mem 0x80010000 0x00000001
core   0: 0x80009d78 (0xff9ff06f) j       pc - 0x8
core   0: 3 0x80009d78 (0xff9ff06f)
core   0: 0x80009d70 (0x00006f17) auipc   t5, 0x6
core   0: 3 0x80009d70 (0x00006f17) x30 0x8000fd70
core   0: 0x80009d74 (0x283f2823) sw      gp, 656(t5)
core   0: 3 0x80009d74 (0x283f2823) mem 0x80010000 0x00000001
core   0: 0x80009d78 (0xff9ff06f) j       pc - 0x8
core   0: 3 0x80009d78 (0xff9ff06f)
core   0: 0x80009d70 (0x00006f17) auipc   t5, 0x6
core   0: 3 0x80009d70 (0x00006f17) x30 0x8000fd70
core   0: 0x80009d74 (0x283f2823) sw      gp, 656(t5)
core   0: 3 0x80009d74 (0x283f2823) mem 0x80010000 0x00000001
core   0: 0x80009d78 (0xff9ff06f) j       pc - 0x8
core   0: 3 0x80009d78 (0xff9ff06f)
core   0: 0x80009d70 (0x00006f17) auipc   t5, 0x6
core   0: 3 0x80009d70 (0x00006f17) x30 0x8000fd70
core   0: 0x80009d74 (0x283f2823) sw      gp, 656(t5)
core   0: 3 0x80009d74 (0x283f2823) mem 0x80010000 0x00000001
core   0: 0x80009d78 (0xff9ff06f) j       pc - 0x8
core   0: 3 0x80009d78 (0xff9ff06f)
core   0: 0x80009d70 (0x00006f17) auipc   t5, 0x6
core   0: 3 0x80009d70 (0x00006f17) x30 0x8000fd70
core   0: 0x80009d74 (0x283f2823) sw      gp, 656(t5)
core   0: 3 0x80009d74 (0x283f2823) mem 0x80010000 0x00000001
core   0: 0x80009d78 (0xff9ff06f) j       pc - 0x8
core   0: 3 0x80009d78 (0xff9ff06f)
core   0: 0x80009d70 (0x00006f17) auipc   t5, 0x6
core   0: 3 0x80009d70 (0x00006f17) x30 0x8000fd70
core   0: 0x80009d74 (0x283f2823) sw      gp, 656(t5)
core   0: 3 0x80009d74 (0x283f2823) mem 0x80010000 0x00000001
core   0: 0x80009d78 (0xff9ff06f) j       pc - 0x8
core   0: 3 0x80009d78 (0xff9ff06f)
core   0: 0x80009d70 (0x00006f17) auipc   t5, 0x6
core   0: 3 0x80009d70 (0x00006f17) x30 0x8000fd70
core   0: 0x80009d74 (0x283f2823) sw      gp, 656(t5)
core   0: 3 0x80009d74 (0x283f2823) mem 0x80010000 0x00000001
core   0: 0x80009d78 (0xff9ff06f) j       pc - 0x8
core   0: 3 0x80009d78 (0xff9ff06f)
core   0: 0x80009d70 (0x00006f17) auipc   t5, 0x6
core   0: 3 0x80009d70 (0x00006f17) x30 0x8000fd70
core   0: 0x80009d74 (0x283f2823) sw      gp, 656(t5)
core   0: 3 0x80009d74 (0x283f2823) mem 0x80010000 0x00000001
core   0: 0x80009d78 (0xff9ff06f) j       pc - 0x8
core   0: 3 0x80009d78 (0xff9ff06f)
core   0: 0x80009d70 (0x00006f17) auipc   t5, 0x6
core   0: 3 0x80009d70 (0x00006f17) x30 0x8000fd70
core   0: 0x80009d74 (0x283f2823) sw      gp, 656(t5)
core   0: 3 0x80009d74 (0x283f2823) mem 0x80010000 0x00000001
core   0: 0x80009d78 (0xff9ff06f) j       pc - 0x8
core   0: 3 0x80009d78 (0xff9ff06f)
core   0: 0x80009d70 (0x00006f17) auipc   t5, 0x6
core   0: 3 0x80009d70 (0x00006f17) x30 0x8000fd70
core   0: 0x80009d74 (0x283f2823) sw      gp, 656(t5)
core   0: 3 0x80009d74 (0x283f2823) mem 0x80010000 0x00000001
core   0: 0x80009d78 (0xff9ff06f) j       pc - 0x8
core   0: 3 0x80009d78 (0xff9ff06f)
core   0: 0x80009d70 (0x00006f17) auipc   t5, 0x6
core   0: 3 0x80009d70 (0x00006f17) x30 0x8000fd70
core   0: 0x80009d74 (0x283f2823) sw      gp, 656(t5)
core   0: 3 0x80009d74 (0x283f2823) mem 0x80010000 0x00000001
core   0: 0x80009d78 (0xff9ff06f) j       pc - 0x8
core   0: 3 0x80009d78 (0xff9ff06f)
core   0: 0x80009d70 (0x00006f17) auipc   t5, 0x6
core   0: 3 0x80009d70 (0x00006f17) x30 0x8000fd70
core   0: 0x80009d74 (0x283f2823) sw      gp, 656(t5)
core   0: 3 0x80009d74 (0x283f2823) mem 0x80010000 0x00000001
core   0: 0x80009d78 (0xff9ff06f) j       pc - 0x8
core   0: 3 0x80009d78 (0xff9ff06f)
core   0: 0x80009d70 (0x00006f17) auipc   t5, 0x6
core   0: 3 0x80009d70 (0x00006f17) x30 0x8000fd70
core   0: 0x80009d74 (0x283f2823) sw      gp, 656(t5)
core   0: 3 0x80009d74 (0x283f2823) mem 0x80010000 0x00000001
core   0: 0x80009d78 (0xff9ff06f) j       pc - 0x8
core   0: 3 0x80009d78 (0xff9ff06f)
core   0: 0x80009d70 (0x00006f17) auipc   t5, 0x6
core   0: 3 0x80009d70 (0x00006f17) x30 0x8000fd70
core   0: 0x80009d74 (0x283f2823) sw      gp, 656(t5)
core   0: 3 0x80009d74 (0x283f2823) mem 0x80010000 0x00000001
core   0: 0x80009d78 (0xff9ff06f) j       pc - 0x8
core   0: 3 0x80009d78 (0xff9ff06f)
core   0: 0x80009d70 (0x00006f17) auipc   t5, 0x6
core   0: 3 0x80009d70 (0x00006f17) x30 0x8000fd70
core   0: 0x80009d74 (0x283f2823) sw      gp, 656(t5)
core   0: 3 0x80009d74 (0x283f2823) mem 0x80010000 0x00000001
core   0: 0x80009d78 (0xff9ff06f) j       pc - 0x8
core   0: 3 0x80009d78 (0xff9ff06f)
core   0: 0x80009d70 (0x00006f17) auipc   t5, 0x6
core   0: 3 0x80009d70 (0x00006f17) x30 0x8000fd70
core   0: 0x80009d74 (0x283f2823) sw      gp, 656(t5)
core   0: 3 0x80009d74 (0x283f2823) mem 0x80010000 0x00000001
core   0: 0x80009d78 (0xff9ff06f) j       pc - 0x8
core   0: 3 0x80009d78 (0xff9ff06f)
core   0: 0x80009d70 (0x00006f17) auipc   t5, 0x6
core   0: 3 0x80009d70 (0x00006f17) x30 0x8000fd70
core   0: 0x80009d74 (0x283f2823) sw      gp, 656(t5)
core   0: 3 0x80009d74 (0x283f2823) mem 0x80010000 0x00000001
core   0: 0x80009d78 (0xff9ff06f) j       pc - 0x8
core   0: 3 0x80009d78 (0xff9ff06f)
core   0: 0x80009d70 (0x00006f17) auipc   t5, 0x6
core   0: 3 0x80009d70 (0x00006f17) x30 0x8000fd70
core   0: 0x80009d74 (0x283f2823) sw      gp, 656(t5)
core   0: 3 0x80009d74 (0x283f2823) mem 0x80010000 0x00000001
core   0: 0x80009d78 (0xff9ff06f) j       pc - 0x8
core   0: 3 0x80009d78 (0xff9ff06f)
core   0: 0x80009d70 (0x00006f17) auipc   t5, 0x6
core   0: 3 0x80009d70 (0x00006f17) x30 0x8000fd70
core   0: 0x80009d74 (0x283f2823) sw      gp, 656(t5)
core   0: 3 0x80009d74 (0x283f2823) mem 0x80010000 0x00000001
core   0: 0x80009d78 (0xff9ff06f) j       pc - 0x8
core   0: 3 0x80009d78 (0xff9ff06f)
core   0: 0x80009d70 (0x00006f17) auipc   t5, 0x6
core   0: 3 0x80009d70 (0x00006f17) x30 0x8000fd70
core   0: 0x80009d74 (0x283f2823) sw      gp, 656(t5)
core   0: 3 0x80009d74 (0x283f2823) mem 0x80010000 0x00000001
core   0: 0x80009d78 (0xff9ff06f) j       pc - 0x8
core   0: 3 0x80009d78 (0xff9ff06f)
core   0: 0x80009d70 (0x00006f17) auipc   t5, 0x6
core   0: 3 0x80009d70 (0x00006f17) x30 0x8000fd70
core   0: 0x80009d74 (0x283f2823) sw      gp, 656(t5)
core   0: 3 0x80009d74 (0x283f2823) mem 0x80010000 0x00000001
core   0: 0x80009d78 (0xff9ff06f) j       pc - 0x8
core   0: 3 0x80009d78 (0xff9ff06f)
core   0: 0x80009d70 (0x00006f17) auipc   t5, 0x6
core   0: 3 0x80009d70 (0x00006f17) x30 0x8000fd70
core   0: 0x80009d74 (0x283f2823) sw      gp, 656(t5)
core   0: 3 0x80009d74 (0x283f2823) mem 0x80010000 0x00000001
core   0: 0x80009d78 (0xff9ff06f) j       pc - 0x8
core   0: 3 0x80009d78 (0xff9ff06f)
core   0: 0x80009d70 (0x00006f17) auipc   t5, 0x6
core   0: 3 0x80009d70 (0x00006f17) x30 0x8000fd70
core   0: 0x80009d74 (0x283f2823) sw      gp, 656(t5)
core   0: 3 0x80009d74 (0x283f2823) mem 0x80010000 0x00000001
core   0: 0x80009d78 (0xff9ff06f) j       pc - 0x8
core   0: 3 0x80009d78 (0xff9ff06f)
core   0: 0x80009d70 (0x00006f17) auipc   t5, 0x6
core   0: 3 0x80009d70 (0x00006f17) x30 0x8000fd70
core   0: 0x80009d74 (0x283f2823) sw      gp, 656(t5)
core   0: 3 0x80009d74 (0x283f2823) mem 0x80010000 0x00000001
core   0: 0x80009d78 (0xff9ff06f) j       pc - 0x8
core   0: 3 0x80009d78 (0xff9ff06f)
core   0: 0x80009d70 (0x00006f17) auipc   t5, 0x6
core   0: 3 0x80009d70 (0x00006f17) x30 0x8000fd70
core   0: 0x80009d74 (0x283f2823) sw      gp, 656(t5)
core   0: 3 0x80009d74 (0x283f2823) mem 0x80010000 0x00000001
core   0: 0x80009d78 (0xff9ff06f) j       pc - 0x8
core   0: 3 0x80009d78 (0xff9ff06f)
core   0: 0x80009d70 (0x00006f17) auipc   t5, 0x6
core   0: 3 0x80009d70 (0x00006f17) x30 0x8000fd70
core   0: 0x80009d74 (0x283f2823) sw      gp, 656(t5)
core   0: 3 0x80009d74 (0x283f2823) mem 0x80010000 0x00000001
core   0: 0x80009d78 (0xff9ff06f) j       pc - 0x8
core   0: 3 0x80009d78 (0xff9ff06f)
core   0: 0x80009d70 (0x00006f17) auipc   t5, 0x6
core   0: 3 0x80009d70 (0x00006f17) x30 0x8000fd70
core   0: 0x80009d74 (0x283f2823) sw      gp, 656(t5)
core   0: 3 0x80009d74 (0x283f2823) mem 0x80010000 0x00000001
core   0: 0x80009d78 (0xff9ff06f) j       pc - 0x8
core   0: 3 0x80009d78 (0xff9ff06f)
core   0: 0x80009d70 (0x00006f17) auipc   t5, 0x6
core   0: 3 0x80009d70 (0x00006f17) x30 0x8000fd70
core   0: 0x80009d74 (0x283f2823) sw      gp, 656(t5)
core   0: 3 0x80009d74 (0x283f2823) mem 0x80010000 0x00000001
core   0: 0x80009d78 (0xff9ff06f) j       pc - 0x8
core   0: 3 0x80009d78 (0xff9ff06f)
core   0: 0x80009d70 (0x00006f17) auipc   t5, 0x6
core   0: 3 0x80009d70 (0x00006f17) x30 0x8000fd70
core   0: 0x80009d74 (0x283f2823) sw      gp, 656(t5)
core   0: 3 0x80009d74 (0x283f2823) mem 0x80010000 0x00000001
core   0: 0x80009d78 (0xff9ff06f) j       pc - 0x8
core   0: 3 0x80009d78 (0xff9ff06f)
core   0: 0x80009d70 (0x00006f17) auipc   t5, 0x6
core   0: 3 0x80009d70 (0x00006f17) x30 0x8000fd70
core   0: 0x80009d74 (0x283f2823) sw      gp, 656(t5)
core   0: 3 0x80009d74 (0x283f2823) mem 0x80010000 0x00000001
core   0: 0x80009d78 (0xff9ff06f) j       pc - 0x8
core   0: 3 0x80009d78 (0xff9ff06f)
core   0: 0x80009d70 (0x00006f17) auipc   t5, 0x6
core   0: 3 0x80009d70 (0x00006f17) x30 0x8000fd70
core   0: 0x80009d74 (0x283f2823) sw      gp, 656(t5)
core   0: 3 0x80009d74 (0x283f2823) mem 0x80010000 0x00000001
core   0: 0x80009d78 (0xff9ff06f) j       pc - 0x8
core   0: 3 0x80009d78 (0xff9ff06f)
core   0: 0x80009d70 (0x00006f17) auipc   t5, 0x6
core   0: 3 0x80009d70 (0x00006f17) x30 0x8000fd70
core   0: 0x80009d74 (0x283f2823) sw      gp, 656(t5)
core   0: 3 0x80009d74 (0x283f2823) mem 0x80010000 0x00000001
core   0: 0x80009d78 (0xff9ff06f) j       pc - 0x8
core   0: 3 0x80009d78 (0xff9ff06f)
core   0: 0x80009d70 (0x00006f17) auipc   t5, 0x6
core   0: 3 0x80009d70 (0x00006f17) x30 0x8000fd70
core   0: 0x80009d74 (0x283f2823) sw      gp, 656(t5)
core   0: 3 0x80009d74 (0x283f2823) mem 0x80010000 0x00000001
core   0: 0x80009d78 (0xff9ff06f) j       pc - 0x8
core   0: 3 0x80009d78 (0xff9ff06f)
core   0: 0x80009d70 (0x00006f17) auipc   t5, 0x6
core   0: 3 0x80009d70 (0x00006f17) x30 0x8000fd70
core   0: 0x80009d74 (0x283f2823) sw      gp, 656(t5)
core   0: 3 0x80009d74 (0x283f2823) mem 0x80010000 0x00000001
core   0: 0x80009d78 (0xff9ff06f) j       pc - 0x8
core   0: 3 0x80009d78 (0xff9ff06f)
core   0: 0x80009d70 (0x00006f17) auipc   t5, 0x6
core   0: 3 0x80009d70 (0x00006f17) x30 0x8000fd70
core   0: 0x80009d74 (0x283f2823) sw      gp, 656(t5)
core   0: 3 0x80009d74 (0x283f2823) mem 0x80010000 0x00000001
core   0: 0x80009d78 (0xff9ff06f) j       pc - 0x8
core   0: 3 0x80009d78 (0xff9ff06f)
core   0: 0x80009d70 (0x00006f17) auipc   t5, 0x6
core   0: 3 0x80009d70 (0x00006f17) x30 0x8000fd70
core   0: 0x80009d74 (0x283f2823) sw      gp, 656(t5)
core   0: 3 0x80009d74 (0x283f2823) mem 0x80010000 0x00000001
core   0: 0x80009d78 (0xff9ff06f) j       pc - 0x8
core   0: 3 0x80009d78 (0xff9ff06f)
core   0: 0x80009d70 (0x00006f17) auipc   t5, 0x6
core   0: 3 0x80009d70 (0x00006f17) x30 0x8000fd70
core   0: 0x80009d74 (0x283f2823) sw      gp, 656(t5)
core   0: 3 0x80009d74 (0x283f2823) mem 0x80010000 0x00000001
core   0: 0x80009d78 (0xff9ff06f) j       pc - 0x8
core   0: 3 0x80009d78 (0xff9ff06f)
core   0: 0x80009d70 (0x00006f17) auipc   t5, 0x6
core   0: 3 0x80009d70 (0x00006f17) x30 0x8000fd70
core   0: 0x80009d74 (0x283f2823) sw      gp, 656(t5)
core   0: 3 0x80009d74 (0x283f2823) mem 0x80010000 0x00000001
core   0: 0x80009d78 (0xff9ff06f) j       pc - 0x8
core   0: 3 0x80009d78 (0xff9ff06f)
core   0: 0x80009d70 (0x00006f17) auipc   t5, 0x6
core   0: 3 0x80009d70 (0x00006f17) x30 0x8000fd70
core   0: 0x80009d74 (0x283f2823) sw      gp, 656(t5)
core   0: 3 0x80009d74 (0x283f2823) mem 0x80010000 0x00000001
core   0: 0x80009d78 (0xff9ff06f) j       pc - 0x8
core   0: 3 0x80009d78 (0xff9ff06f)
core   0: 0x80009d70 (0x00006f17) auipc   t5, 0x6
core   0: 3 0x80009d70 (0x00006f17) x30 0x8000fd70
core   0: 0x80009d74 (0x283f2823) sw      gp, 656(t5)
core   0: 3 0x80009d74 (0x283f2823) mem 0x80010000 0x00000001
core   0: 0x80009d78 (0xff9ff06f) j       pc - 0x8
core   0: 3 0x80009d78 (0xff9ff06f)
core   0: 0x80009d70 (0x00006f17) auipc   t5, 0x6
core   0: 3 0x80009d70 (0x00006f17) x30 0x8000fd70
core   0: 0x80009d74 (0x283f2823) sw      gp, 656(t5)
core   0: 3 0x80009d74 (0x283f2823) mem 0x80010000 0x00000001
core   0: 0x80009d78 (0xff9ff06f) j       pc - 0x8
core   0: 3 0x80009d78 (0xff9ff06f)
core   0: 0x80009d70 (0x00006f17) auipc   t5, 0x6
core   0: 3 0x80009d70 (0x00006f17) x30 0x8000fd70
core   0: 0x80009d74 (0x283f2823) sw      gp, 656(t5)
core   0: 3 0x80009d74 (0x283f2823) mem 0x80010000 0x00000001
core   0: 0x80009d78 (0xff9ff06f) j       pc - 0x8
core   0: 3 0x80009d78 (0xff9ff06f)
core   0: 0x80009d70 (0x00006f17) auipc   t5, 0x6
core   0: 3 0x80009d70 (0x00006f17) x30 0x8000fd70
core   0: 0x80009d74 (0x283f2823) sw      gp, 656(t5)
core   0: 3 0x80009d74 (0x283f2823) mem 0x80010000 0x00000001
core   0: 0x80009d78 (0xff9ff06f) j       pc - 0x8
core   0: 3 0x80009d78 (0xff9ff06f)
core   0: 0x80009d70 (0x00006f17) auipc   t5, 0x6
core   0: 3 0x80009d70 (0x00006f17) x30 0x8000fd70
core   0: 0x80009d74 (0x283f2823) sw      gp, 656(t5)
core   0: 3 0x80009d74 (0x283f2823) mem 0x80010000 0x00000001
core   0: 0x80009d78 (0xff9ff06f) j       pc - 0x8
core   0: 3 0x80009d78 (0xff9ff06f)
core   0: 0x80009d70 (0x00006f17) auipc   t5, 0x6
core   0: 3 0x80009d70 (0x00006f17) x30 0x8000fd70
core   0: 0x80009d74 (0x283f2823) sw      gp, 656(t5)
core   0: 3 0x80009d74 (0x283f2823) mem 0x80010000 0x00000001
core   0: 0x80009d78 (0xff9ff06f) j       pc - 0x8
core   0: 3 0x80009d78 (0xff9ff06f)
core   0: 0x80009d70 (0x00006f17) auipc   t5, 0x6
core   0: 3 0x80009d70 (0x00006f17) x30 0x8000fd70
core   0: 0x80009d74 (0x283f2823) sw      gp, 656(t5)
core   0: 3 0x80009d74 (0x283f2823) mem 0x80010000 0x00000001
core   0: 0x80009d78 (0xff9ff06f) j       pc - 0x8
core   0: 3 0x80009d78 (0xff9ff06f)
core   0: 0x80009d70 (0x00006f17) auipc   t5, 0x6
core   0: 3 0x80009d70 (0x00006f17) x30 0x8000fd70
core   0: 0x80009d74 (0x283f2823) sw      gp, 656(t5)
core   0: 3 0x80009d74 (0x283f2823) mem 0x80010000 0x00000001
core   0: 0x80009d78 (0xff9ff06f) j       pc - 0x8
core   0: 3 0x80009d78 (0xff9ff06f)
core   0: 0x80009d70 (0x00006f17) auipc   t5, 0x6
core   0: 3 0x80009d70 (0x00006f17) x30 0x8000fd70
core   0: 0x80009d74 (0x283f2823) sw      gp, 656(t5)
core   0: 3 0x80009d74 (0x283f2823) mem 0x80010000 0x00000001
core   0: 0x80009d78 (0xff9ff06f) j       pc - 0x8
core   0: 3 0x80009d78 (0xff9ff06f)
core   0: 0x80009d70 (0x00006f17) auipc   t5, 0x6
core   0: 3 0x80009d70 (0x00006f17) x30 0x8000fd70
core   0: 0x80009d74 (0x283f2823) sw      gp, 656(t5)
core   0: 3 0x80009d74 (0x283f2823) mem 0x80010000 0x00000001
core   0: 0x80009d78 (0xff9ff06f) j       pc - 0x8
core   0: 3 0x80009d78 (0xff9ff06f)
core   0: 0x80009d70 (0x00006f17) auipc   t5, 0x6
core   0: 3 0x80009d70 (0x00006f17) x30 0x8000fd70
core   0: 0x80009d74 (0x283f2823) sw      gp, 656(t5)
core   0: 3 0x80009d74 (0x283f2823) mem 0x80010000 0x00000001
core   0: 0x80009d78 (0xff9ff06f) j       pc - 0x8
core   0: 3 0x80009d78 (0xff9ff06f)
core   0: 0x80009d70 (0x00006f17) auipc   t5, 0x6
core   0: 3 0x80009d70 (0x00006f17) x30 0x8000fd70
core   0: 0x80009d74 (0x283f2823) sw      gp, 656(t5)
core   0: 3 0x80009d74 (0x283f2823) mem 0x80010000 0x00000001
core   0: 0x80009d78 (0xff9ff06f) j       pc - 0x8
core   0: 3 0x80009d78 (0xff9ff06f)
core   0: 0x80009d70 (0x00006f17) auipc   t5, 0x6
core   0: 3 0x80009d70 (0x00006f17) x30 0x8000fd70
core   0: 0x80009d74 (0x283f2823) sw      gp, 656(t5)
core   0: 3 0x80009d74 (0x283f2823) mem 0x80010000 0x00000001
core   0: 0x80009d78 (0xff9ff06f) j       pc - 0x8
core   0: 3 0x80009d78 (0xff9ff06f)
core   0: 0x80009d70 (0x00006f17) auipc   t5, 0x6
core   0: 3 0x80009d70 (0x00006f17) x30 0x8000fd70
core   0: 0x80009d74 (0x283f2823) sw      gp, 656(t5)
core   0: 3 0x80009d74 (0x283f2823) mem 0x80010000 0x00000001
core   0: 0x80009d78 (0xff9ff06f) j       pc - 0x8
core   0: 3 0x80009d78 (0xff9ff06f)
core   0: 0x80009d70 (0x00006f17) auipc   t5, 0x6
core   0: 3 0x80009d70 (0x00006f17) x30 0x8000fd70
core   0: 0x80009d74 (0x283f2823) sw      gp, 656(t5)
core   0: 3 0x80009d74 (0x283f2823) mem 0x80010000 0x00000001
core   0: 0x80009d78 (0xff9ff06f) j       pc - 0x8
core   0: 3 0x80009d78 (0xff9ff06f)
core   0: 0x80009d70 (0x00006f17) auipc   t5, 0x6
core   0: 3 0x80009d70 (0x00006f17) x30 0x8000fd70
core   0: 0x80009d74 (0x283f2823) sw      gp, 656(t5)
core   0: 3 0x80009d74 (0x283f2823) mem 0x80010000 0x00000001
core   0: 0x80009d78 (0xff9ff06f) j       pc - 0x8
core   0: 3 0x80009d78 (0xff9ff06f)
core   0: 0x80009d70 (0x00006f17) auipc   t5, 0x6
core   0: 3 0x80009d70 (0x00006f17) x30 0x8000fd70
core   0: 0x80009d74 (0x283f2823) sw      gp, 656(t5)
core   0: 3 0x80009d74 (0x283f2823) mem 0x80010000 0x00000001
core   0: 0x80009d78 (0xff9ff06f) j       pc - 0x8
core   0: 3 0x80009d78 (0xff9ff06f)
core   0: 0x80009d70 (0x00006f17) auipc   t5, 0x6
core   0: 3 0x80009d70 (0x00006f17) x30 0x8000fd70
core   0: 0x80009d74 (0x283f2823) sw      gp, 656(t5)
core   0: 3 0x80009d74 (0x283f2823) mem 0x80010000 0x00000001
core   0: 0x80009d78 (0xff9ff06f) j       pc - 0x8
core   0: 3 0x80009d78 (0xff9ff06f)
core   0: 0x80009d70 (0x00006f17) auipc   t5, 0x6
core   0: 3 0x80009d70 (0x00006f17) x30 0x8000fd70
core   0: 0x80009d74 (0x283f2823) sw      gp, 656(t5)
core   0: 3 0x80009d74 (0x283f2823) mem 0x80010000 0x00000001
core   0: 0x80009d78 (0xff9ff06f) j       pc - 0x8
core   0: 3 0x80009d78 (0xff9ff06f)
core   0: 0x80009d70 (0x00006f17) auipc   t5, 0x6
core   0: 3 0x80009d70 (0x00006f17) x30 0x8000fd70
core   0: 0x80009d74 (0x283f2823) sw      gp, 656(t5)
core   0: 3 0x80009d74 (0x283f2823) mem 0x80010000 0x00000001
core   0: 0x80009d78 (0xff9ff06f) j       pc - 0x8
core   0: 3 0x80009d78 (0xff9ff06f)
core   0: 0x80009d70 (0x00006f17) auipc   t5, 0x6
core   0: 3 0x80009d70 (0x00006f17) x30 0x8000fd70
core   0: 0x80009d74 (0x283f2823) sw      gp, 656(t5)
core   0: 3 0x80009d74 (0x283f2823) mem 0x80010000 0x00000001
core   0: 0x80009d78 (0xff9ff06f) j       pc - 0x8
core   0: 3 0x80009d78 (0xff9ff06f)
core   0: 0x80009d70 (0x00006f17) auipc   t5, 0x6
core   0: 3 0x80009d70 (0x00006f17) x30 0x8000fd70
core   0: 0x80009d74 (0x283f2823) sw      gp, 656(t5)
core   0: 3 0x80009d74 (0x283f2823) mem 0x80010000 0x00000001
core   0: 0x80009d78 (0xff9ff06f) j       pc - 0x8
core   0: 3 0x80009d78 (0xff9ff06f)
core   0: 0x80009d70 (0x00006f17) auipc   t5, 0x6
core   0: 3 0x80009d70 (0x00006f17) x30 0x8000fd70
core   0: 0x80009d74 (0x283f2823) sw      gp, 656(t5)
core   0: 3 0x80009d74 (0x283f2823) mem 0x80010000 0x00000001
core   0: 0x80009d78 (0xff9ff06f) j       pc - 0x8
core   0: 3 0x80009d78 (0xff9ff06f)
core   0: 0x80009d70 (0x00006f17) auipc   t5, 0x6
core   0: 3 0x80009d70 (0x00006f17) x30 0x8000fd70
core   0: 0x80009d74 (0x283f2823) sw      gp, 656(t5)
core   0: 3 0x80009d74 (0x283f2823) mem 0x80010000 0x00000001
core   0: 0x80009d78 (0xff9ff06f) j       pc - 0x8
core   0: 3 0x80009d78 (0xff9ff06f)
core   0: 0x80009d70 (0x00006f17) auipc   t5, 0x6
core   0: 3 0x80009d70 (0x00006f17) x30 0x8000fd70
core   0: 0x80009d74 (0x283f2823) sw      gp, 656(t5)
core   0: 3 0x80009d74 (0x283f2823) mem 0x80010000 0x00000001
core   0: 0x80009d78 (0xff9ff06f) j       pc - 0x8
core   0: 3 0x80009d78 (0xff9ff06f)
core   0: 0x80009d70 (0x00006f17) auipc   t5, 0x6
core   0: 3 0x80009d70 (0x00006f17) x30 0x8000fd70
core   0: 0x80009d74 (0x283f2823) sw      gp, 656(t5)
core   0: 3 0x80009d74 (0x283f2823) mem 0x80010000 0x00000001
core   0: 0x80009d78 (0xff9ff06f) j       pc - 0x8
core   0: 3 0x80009d78 (0xff9ff06f)
core   0: 0x80009d70 (0x00006f17) auipc   t5, 0x6
core   0: 3 0x80009d70 (0x00006f17) x30 0x8000fd70
core   0: 0x80009d74 (0x283f2823) sw      gp, 656(t5)
core   0: 3 0x80009d74 (0x283f2823) mem 0x80010000 0x00000001
core   0: 0x80009d78 (0xff9ff06f) j       pc - 0x8
core   0: 3 0x80009d78 (0xff9ff06f)
core   0: 0x80009d70 (0x00006f17) auipc   t5, 0x6
core   0: 3 0x80009d70 (0x00006f17) x30 0x8000fd70
core   0: 0x80009d74 (0x283f2823) sw      gp, 656(t5)
core   0: 3 0x80009d74 (0x283f2823) mem 0x80010000 0x00000001
core   0: 0x80009d78 (0xff9ff06f) j       pc - 0x8
core   0: 3 0x80009d78 (0xff9ff06f)
core   0: 0x80009d70 (0x00006f17) auipc   t5, 0x6
core   0: 3 0x80009d70 (0x00006f17) x30 0x8000fd70
core   0: 0x80009d74 (0x283f2823) sw      gp, 656(t5)
core   0: 3 0x80009d74 (0x283f2823) mem 0x80010000 0x00000001
core   0: 0x80009d78 (0xff9ff06f) j       pc - 0x8
core   0: 3 0x80009d78 (0xff9ff06f)
core   0: 0x80009d70 (0x00006f17) auipc   t5, 0x6
core   0: 3 0x80009d70 (0x00006f17) x30 0x8000fd70
core   0: 0x80009d74 (0x283f2823) sw      gp, 656(t5)
core   0: 3 0x80009d74 (0x283f2823) mem 0x80010000 0x00000001
core   0: 0x80009d78 (0xff9ff06f) j       pc - 0x8
core   0: 3 0x80009d78 (0xff9ff06f)
core   0: 0x80009d70 (0x00006f17) auipc   t5, 0x6
core   0: 3 0x80009d70 (0x00006f17) x30 0x8000fd70
core   0: 0x80009d74 (0x283f2823) sw      gp, 656(t5)
core   0: 3 0x80009d74 (0x283f2823) mem 0x80010000 0x00000001
core   0: 0x80009d78 (0xff9ff06f) j       pc - 0x8
core   0: 3 0x80009d78 (0xff9ff06f)
core   0: 0x80009d70 (0x00006f17) auipc   t5, 0x6
core   0: 3 0x80009d70 (0x00006f17) x30 0x8000fd70
core   0: 0x80009d74 (0x283f2823) sw      gp, 656(t5)
core   0: 3 0x80009d74 (0x283f2823) mem 0x80010000 0x00000001
core   0: 0x80009d78 (0xff9ff06f) j       pc - 0x8
core   0: 3 0x80009d78 (0xff9ff06f)
core   0: 0x80009d70 (0x00006f17) auipc   t5, 0x6
core   0: 3 0x80009d70 (0x00006f17) x30 0x8000fd70
core   0: 0x80009d74 (0x283f2823) sw      gp, 656(t5)
core   0: 3 0x80009d74 (0x283f2823) mem 0x80010000 0x00000001
core   0: 0x80009d78 (0xff9ff06f) j       pc - 0x8
core   0: 3 0x80009d78 (0xff9ff06f)
core   0: 0x80009d70 (0x00006f17) auipc   t5, 0x6
core   0: 3 0x80009d70 (0x00006f17) x30 0x8000fd70
core   0: 0x80009d74 (0x283f2823) sw      gp, 656(t5)
core   0: 3 0x80009d74 (0x283f2823) mem 0x80010000 0x00000001
core   0: 0x80009d78 (0xff9ff06f) j       pc - 0x8
core   0: 3 0x80009d78 (0xff9ff06f)
core   0: 0x80009d70 (0x00006f17) auipc   t5, 0x6
core   0: 3 0x80009d70 (0x00006f17) x30 0x8000fd70
core   0: 0x80009d74 (0x283f2823) sw      gp, 656(t5)
core   0: 3 0x80009d74 (0x283f2823) mem 0x80010000 0x00000001
core   0: 0x80009d78 (0xff9ff06f) j       pc - 0x8
core   0: 3 0x80009d78 (0xff9ff06f)
core   0: 0x80009d70 (0x00006f17) auipc   t5, 0x6
core   0: 3 0x80009d70 (0x00006f17) x30 0x8000fd70
core   0: 0x80009d74 (0x283f2823) sw      gp, 656(t5)
core   0: 3 0x80009d74 (0x283f2823) mem 0x80010000 0x00000001
core   0: 0x80009d78 (0xff9ff06f) j       pc - 0x8
core   0: 3 0x80009d78 (0xff9ff06f)
core   0: 0x80009d70 (0x00006f17) auipc   t5, 0x6
core   0: 3 0x80009d70 (0x00006f17) x30 0x8000fd70
core   0: 0x80009d74 (0x283f2823) sw      gp, 656(t5)
core   0: 3 0x80009d74 (0x283f2823) mem 0x80010000 0x00000001
core   0: 0x80009d78 (0xff9ff06f) j       pc - 0x8
core   0: 3 0x80009d78 (0xff9ff06f)
core   0: 0x80009d70 (0x00006f17) auipc   t5, 0x6
core   0: 3 0x80009d70 (0x00006f17) x30 0x8000fd70
core   0: 0x80009d74 (0x283f2823) sw      gp, 656(t5)
core   0: 3 0x80009d74 (0x283f2823) mem 0x80010000 0x00000001
core   0: 0x80009d78 (0xff9ff06f) j       pc - 0x8
core   0: 3 0x80009d78 (0xff9ff06f)
core   0: 0x80009d70 (0x00006f17) auipc   t5, 0x6
core   0: 3 0x80009d70 (0x00006f17) x30 0x8000fd70
core   0: 0x80009d74 (0x283f2823) sw      gp, 656(t5)
core   0: 3 0x80009d74 (0x283f2823) mem 0x80010000 0x00000001
core   0: 0x80009d78 (0xff9ff06f) j       pc - 0x8
core   0: 3 0x80009d78 (0xff9ff06f)
core   0: 0x80009d70 (0x00006f17) auipc   t5, 0x6
core   0: 3 0x80009d70 (0x00006f17) x30 0x8000fd70
core   0: 0x80009d74 (0x283f2823) sw      gp, 656(t5)
core   0: 3 0x80009d74 (0x283f2823) mem 0x80010000 0x00000001
core   0: 0x80009d78 (0xff9ff06f) j       pc - 0x8
core   0: 3 0x80009d78 (0xff9ff06f)
core   0: 0x80009d70 (0x00006f17) auipc   t5, 0x6
core   0: 3 0x80009d70 (0x00006f17) x30 0x8000fd70
core   0: 0x80009d74 (0x283f2823) sw      gp, 656(t5)
core   0: 3 0x80009d74 (0x283f2823) mem 0x80010000 0x00000001
core   0: 0x80009d78 (0xff9ff06f) j       pc - 0x8
core   0: 3 0x80009d78 (0xff9ff06f)
core   0: 0x80009d70 (0x00006f17) auipc   t5, 0x6
core   0: 3 0x80009d70 (0x00006f17) x30 0x8000fd70
core   0: 0x80009d74 (0x283f2823) sw      gp, 656(t5)
core   0: 3 0x80009d74 (0x283f2823) mem 0x80010000 0x00000001
core   0: 0x80009d78 (0xff9ff06f) j       pc - 0x8
core   0: 3 0x80009d78 (0xff9ff06f)
core   0: 0x80009d70 (0x00006f17) auipc   t5, 0x6
core   0: 3 0x80009d70 (0x00006f17) x30 0x8000fd70
core   0: 0x80009d74 (0x283f2823) sw      gp, 656(t5)
core   0: 3 0x80009d74 (0x283f2823) mem 0x80010000 0x00000001
core   0: 0x80009d78 (0xff9ff06f) j       pc - 0x8
core   0: 3 0x80009d78 (0xff9ff06f)
core   0: 0x80009d70 (0x00006f17) auipc   t5, 0x6
core   0: 3 0x80009d70 (0x00006f17) x30 0x8000fd70
core   0: 0x80009d74 (0x283f2823) sw      gp, 656(t5)
core   0: 3 0x80009d74 (0x283f2823) mem 0x80010000 0x00000001
core   0: 0x80009d78 (0xff9ff06f) j       pc - 0x8
core   0: 3 0x80009d78 (0xff9ff06f)
core   0: 0x80009d70 (0x00006f17) auipc   t5, 0x6
core   0: 3 0x80009d70 (0x00006f17) x30 0x8000fd70
core   0: 0x80009d74 (0x283f2823) sw      gp, 656(t5)
core   0: 3 0x80009d74 (0x283f2823) mem 0x80010000 0x00000001
core   0: 0x80009d78 (0xff9ff06f) j       pc - 0x8
core   0: 3 0x80009d78 (0xff9ff06f)
core   0: 0x80009d70 (0x00006f17) auipc   t5, 0x6
core   0: 3 0x80009d70 (0x00006f17) x30 0x8000fd70
core   0: 0x80009d74 (0x283f2823) sw      gp, 656(t5)
core   0: 3 0x80009d74 (0x283f2823) mem 0x80010000 0x00000001
core   0: 0x80009d78 (0xff9ff06f) j       pc - 0x8
core   0: 3 0x80009d78 (0xff9ff06f)
core   0: 0x80009d70 (0x00006f17) auipc   t5, 0x6
core   0: 3 0x80009d70 (0x00006f17) x30 0x8000fd70
core   0: 0x80009d74 (0x283f2823) sw      gp, 656(t5)
core   0: 3 0x80009d74 (0x283f2823) mem 0x80010000 0x00000001
core   0: 0x80009d78 (0xff9ff06f) j       pc - 0x8
core   0: 3 0x80009d78 (0xff9ff06f)
core   0: 0x80009d70 (0x00006f17) auipc   t5, 0x6
core   0: 3 0x80009d70 (0x00006f17) x30 0x8000fd70
core   0: 0x80009d74 (0x283f2823) sw      gp, 656(t5)
core   0: 3 0x80009d74 (0x283f2823) mem 0x80010000 0x00000001
core   0: 0x80009d78 (0xff9ff06f) j       pc - 0x8
core   0: 3 0x80009d78 (0xff9ff06f)
core   0: 0x80009d70 (0x00006f17) auipc   t5, 0x6
core   0: 3 0x80009d70 (0x00006f17) x30 0x8000fd70
core   0: 0x80009d74 (0x283f2823) sw      gp, 656(t5)
core   0: 3 0x80009d74 (0x283f2823) mem 0x80010000 0x00000001
core   0: 0x80009d78 (0xff9ff06f) j       pc - 0x8
core   0: 3 0x80009d78 (0xff9ff06f)
core   0: 0x80009d70 (0x00006f17) auipc   t5, 0x6
core   0: 3 0x80009d70 (0x00006f17) x30 0x8000fd70
core   0: 0x80009d74 (0x283f2823) sw      gp, 656(t5)
core   0: 3 0x80009d74 (0x283f2823) mem 0x80010000 0x00000001
core   0: 0x80009d78 (0xff9ff06f) j       pc - 0x8
core   0: 3 0x80009d78 (0xff9ff06f)
core   0: 0x80009d70 (0x00006f17) auipc   t5, 0x6
core   0: 3 0x80009d70 (0x00006f17) x30 0x8000fd70
core   0: 0x80009d74 (0x283f2823) sw      gp, 656(t5)
core   0: 3 0x80009d74 (0x283f2823) mem 0x80010000 0x00000001
core   0: 0x80009d78 (0xff9ff06f) j       pc - 0x8
core   0: 3 0x80009d78 (0xff9ff06f)
core   0: 0x80009d70 (0x00006f17) auipc   t5, 0x6
core   0: 3 0x80009d70 (0x00006f17) x30 0x8000fd70
core   0: 0x80009d74 (0x283f2823) sw      gp, 656(t5)
core   0: 3 0x80009d74 (0x283f2823) mem 0x80010000 0x00000001
core   0: 0x80009d78 (0xff9ff06f) j       pc - 0x8
core   0: 3 0x80009d78 (0xff9ff06f)
core   0: 0x80009d70 (0x00006f17) auipc   t5, 0x6
core   0: 3 0x80009d70 (0x00006f17) x30 0x8000fd70
core   0: 0x80009d74 (0x283f2823) sw      gp, 656(t5)
core   0: 3 0x80009d74 (0x283f2823) mem 0x80010000 0x00000001
core   0: 0x80009d78 (0xff9ff06f) j       pc - 0x8
core   0: 3 0x80009d78 (0xff9ff06f)
core   0: 0x80009d70 (0x00006f17) auipc   t5, 0x6
core   0: 3 0x80009d70 (0x00006f17) x30 0x8000fd70
core   0: 0x80009d74 (0x283f2823) sw      gp, 656(t5)
core   0: 3 0x80009d74 (0x283f2823) mem 0x80010000 0x00000001
core   0: 0x80009d78 (0xff9ff06f) j       pc - 0x8
core   0: 3 0x80009d78 (0xff9ff06f)
core   0: 0x80009d70 (0x00006f17) auipc   t5, 0x6
core   0: 3 0x80009d70 (0x00006f17) x30 0x8000fd70
core   0: 0x80009d74 (0x283f2823) sw      gp, 656(t5)
core   0: 3 0x80009d74 (0x283f2823) mem 0x80010000 0x00000001
core   0: 0x80009d78 (0xff9ff06f) j       pc - 0x8
core   0: 3 0x80009d78 (0xff9ff06f)
core   0: 0x80009d70 (0x00006f17) auipc   t5, 0x6
core   0: 3 0x80009d70 (0x00006f17) x30 0x8000fd70
core   0: 0x80009d74 (0x283f2823) sw      gp, 656(t5)
core   0: 3 0x80009d74 (0x283f2823) mem 0x80010000 0x00000001
core   0: 0x80009d78 (0xff9ff06f) j       pc - 0x8
core   0: 3 0x80009d78 (0xff9ff06f)
core   0: 0x80009d70 (0x00006f17) auipc   t5, 0x6
core   0: 3 0x80009d70 (0x00006f17) x30 0x8000fd70
core   0: 0x80009d74 (0x283f2823) sw      gp, 656(t5)
core   0: 3 0x80009d74 (0x283f2823) mem 0x80010000 0x00000001
core   0: 0x80009d78 (0xff9ff06f) j       pc - 0x8
core   0: 3 0x80009d78 (0xff9ff06f)
core   0: 0x80009d70 (0x00006f17) auipc   t5, 0x6
core   0: 3 0x80009d70 (0x00006f17) x30 0x8000fd70
core   0: 0x80009d74 (0x283f2823) sw      gp, 656(t5)
core   0: 3 0x80009d74 (0x283f2823) mem 0x80010000 0x00000001
core   0: 0x80009d78 (0xff9ff06f) j       pc - 0x8
core   0: 3 0x80009d78 (0xff9ff06f)
core   0: 0x80009d70 (0x00006f17) auipc   t5, 0x6
core   0: 3 0x80009d70 (0x00006f17) x30 0x8000fd70
core   0: 0x80009d74 (0x283f2823) sw      gp, 656(t5)
core   0: 3 0x80009d74 (0x283f2823) mem 0x80010000 0x00000001
core   0: 0x80009d78 (0xff9ff06f) j       pc - 0x8
core   0: 3 0x80009d78 (0xff9ff06f)
core   0: 0x80009d70 (0x00006f17) auipc   t5, 0x6
core   0: 3 0x80009d70 (0x00006f17) x30 0x8000fd70
core   0: 0x80009d74 (0x283f2823) sw      gp, 656(t5)
core   0: 3 0x80009d74 (0x283f2823) mem 0x80010000 0x00000001
core   0: 0x80009d78 (0xff9ff06f) j       pc - 0x8
core   0: 3 0x80009d78 (0xff9ff06f)
core   0: 0x80009d70 (0x00006f17) auipc   t5, 0x6
core   0: 3 0x80009d70 (0x00006f17) x30 0x8000fd70
core   0: 0x80009d74 (0x283f2823) sw      gp, 656(t5)
core   0: 3 0x80009d74 (0x283f2823) mem 0x80010000 0x00000001
core   0: 0x80009d78 (0xff9ff06f) j       pc - 0x8
core   0: 3 0x80009d78 (0xff9ff06f)
core   0: 0x80009d70 (0x00006f17) auipc   t5, 0x6
core   0: 3 0x80009d70 (0x00006f17) x30 0x8000fd70
core   0: 0x80009d74 (0x283f2823) sw      gp, 656(t5)
core   0: 3 0x80009d74 (0x283f2823) mem 0x80010000 0x00000001
core   0: 0x80009d78 (0xff9ff06f) j       pc - 0x8
core   0: 3 0x80009d78 (0xff9ff06f)
core   0: 0x80009d70 (0x00006f17) auipc   t5, 0x6
core   0: 3 0x80009d70 (0x00006f17) x30 0x8000fd70
core   0: 0x80009d74 (0x283f2823) sw      gp, 656(t5)
core   0: 3 0x80009d74 (0x283f2823) mem 0x80010000 0x00000001
core   0: 0x80009d78 (0xff9ff06f) j       pc - 0x8
core   0: 3 0x80009d78 (0xff9ff06f)
core   0: 0x80009d70 (0x00006f17) auipc   t5, 0x6
core   0: 3 0x80009d70 (0x00006f17) x30 0x8000fd70
core   0: 0x80009d74 (0x283f2823) sw      gp, 656(t5)
core   0: 3 0x80009d74 (0x283f2823) mem 0x80010000 0x00000001
core   0: 0x80009d78 (0xff9ff06f) j       pc - 0x8
core   0: 3 0x80009d78 (0xff9ff06f)
core   0: 0x80009d70 (0x00006f17) auipc   t5, 0x6
core   0: 3 0x80009d70 (0x00006f17) x30 0x8000fd70
core   0: 0x80009d74 (0x283f2823) sw      gp, 656(t5)
core   0: 3 0x80009d74 (0x283f2823) mem 0x80010000 0x00000001
core   0: 0x80009d78 (0xff9ff06f) j       pc - 0x8
core   0: 3 0x80009d78 (0xff9ff06f)
core   0: 0x80009d70 (0x00006f17) auipc   t5, 0x6
core   0: 3 0x80009d70 (0x00006f17) x30 0x8000fd70
core   0: 0x80009d74 (0x283f2823) sw      gp, 656(t5)
core   0: 3 0x80009d74 (0x283f2823) mem 0x80010000 0x00000001
core   0: 0x80009d78 (0xff9ff06f) j       pc - 0x8
core   0: 3 0x80009d78 (0xff9ff06f)
core   0: 0x80009d70 (0x00006f17) auipc   t5, 0x6
core   0: 3 0x80009d70 (0x00006f17) x30 0x8000fd70
core   0: 0x80009d74 (0x283f2823) sw      gp, 656(t5)
core   0: 3 0x80009d74 (0x283f2823) mem 0x80010000 0x00000001
core   0: 0x80009d78 (0xff9ff06f) j       pc - 0x8
core   0: 3 0x80009d78 (0xff9ff06f)
core   0: 0x80009d70 (0x00006f17) auipc   t5, 0x6
core   0: 3 0x80009d70 (0x00006f17) x30 0x8000fd70
core   0: 0x80009d74 (0x283f2823) sw      gp, 656(t5)
core   0: 3 0x80009d74 (0x283f2823) mem 0x80010000 0x00000001
core   0: 0x80009d78 (0xff9ff06f) j       pc - 0x8
core   0: 3 0x80009d78 (0xff9ff06f)
core   0: 0x80009d70 (0x00006f17) auipc   t5, 0x6
core   0: 3 0x80009d70 (0x00006f17) x30 0x8000fd70
core   0: 0x80009d74 (0x283f2823) sw      gp, 656(t5)
core   0: 3 0x80009d74 (0x283f2823) mem 0x80010000 0x00000001
core   0: 0x80009d78 (0xff9ff06f) j       pc - 0x8
core   0: 3 0x80009d78 (0xff9ff06f)
core   0: 0x80009d70 (0x00006f17) auipc   t5, 0x6
core   0: 3 0x80009d70 (0x00006f17) x30 0x8000fd70
core   0: 0x80009d74 (0x283f2823) sw      gp, 656(t5)
core   0: 3 0x80009d74 (0x283f2823) mem 0x80010000 0x00000001
core   0: 0x80009d78 (0xff9ff06f) j       pc - 0x8
core   0: 3 0x80009d78 (0xff9ff06f)
core   0: 0x80009d70 (0x00006f17) auipc   t5, 0x6
core   0: 3 0x80009d70 (0x00006f17) x30 0x8000fd70
core   0: 0x80009d74 (0x283f2823) sw      gp, 656(t5)
core   0: 3 0x80009d74 (0x283f2823) mem 0x80010000 0x00000001
core   0: 0x80009d78 (0xff9ff06f) j       pc - 0x8
core   0: 3 0x80009d78 (0xff9ff06f)
core   0: 0x80009d70 (0x00006f17) auipc   t5, 0x6
core   0: 3 0x80009d70 (0x00006f17) x30 0x8000fd70
core   0: 0x80009d74 (0x283f2823) sw      gp, 656(t5)
core   0: 3 0x80009d74 (0x283f2823) mem 0x80010000 0x00000001
core   0: 0x80009d78 (0xff9ff06f) j       pc - 0x8
core   0: 3 0x80009d78 (0xff9ff06f)
core   0: 0x80009d70 (0x00006f17) auipc   t5, 0x6
core   0: 3 0x80009d70 (0x00006f17) x30 0x8000fd70
core   0: 0x80009d74 (0x283f2823) sw      gp, 656(t5)
core   0: 3 0x80009d74 (0x283f2823) mem 0x80010000 0x00000001
core   0: 0x80009d78 (0xff9ff06f) j       pc - 0x8
core   0: 3 0x80009d78 (0xff9ff06f)
core   0: 0x80009d70 (0x00006f17) auipc   t5, 0x6
core   0: 3 0x80009d70 (0x00006f17) x30 0x8000fd70
core   0: 0x80009d74 (0x283f2823) sw      gp, 656(t5)
core   0: 3 0x80009d74 (0x283f2823) mem 0x80010000 0x00000001
core   0: 0x80009d78 (0xff9ff06f) j       pc - 0x8
core   0: 3 0x80009d78 (0xff9ff06f)
core   0: 0x80009d70 (0x00006f17) auipc   t5, 0x6
core   0: 3 0x80009d70 (0x00006f17) x30 0x8000fd70
core   0: 0x80009d74 (0x283f2823) sw      gp, 656(t5)
core   0: 3 0x80009d74 (0x283f2823) mem 0x80010000 0x00000001
core   0: 0x80009d78 (0xff9ff06f) j       pc - 0x8
core   0: 3 0x80009d78 (0xff9ff06f)
core   0: 0x80009d70 (0x00006f17) auipc   t5, 0x6
core   0: 3 0x80009d70 (0x00006f17) x30 0x8000fd70
core   0: 0x80009d74 (0x283f2823) sw      gp, 656(t5)
core   0: 3 0x80009d74 (0x283f2823) mem 0x80010000 0x00000001
core   0: 0x80009d78 (0xff9ff06f) j       pc - 0x8
core   0: 3 0x80009d78 (0xff9ff06f)
core   0: 0x80009d70 (0x00006f17) auipc   t5, 0x6
core   0: 3 0x80009d70 (0x00006f17) x30 0x8000fd70
core   0: 0x80009d74 (0x283f2823) sw      gp, 656(t5)
core   0: 3 0x80009d74 (0x283f2823) mem 0x80010000 0x00000001
core   0: 0x80009d78 (0xff9ff06f) j       pc - 0x8
core   0: 3 0x80009d78 (0xff9ff06f)
core   0: 0x80009d70 (0x00006f17) auipc   t5, 0x6
core   0: 3 0x80009d70 (0x00006f17) x30 0x8000fd70
core   0: 0x80009d74 (0x283f2823) sw      gp, 656(t5)
core   0: 3 0x80009d74 (0x283f2823) mem 0x80010000 0x00000001
core   0: 0x80009d78 (0xff9ff06f) j       pc - 0x8
core   0: 3 0x80009d78 (0xff9ff06f)
core   0: 0x80009d70 (0x00006f17) auipc   t5, 0x6
core   0: 3 0x80009d70 (0x00006f17) x30 0x8000fd70
core   0: 0x80009d74 (0x283f2823) sw      gp, 656(t5)
core   0: 3 0x80009d74 (0x283f2823) mem 0x80010000 0x00000001
core   0: 0x80009d78 (0xff9ff06f) j       pc - 0x8
core   0: 3 0x80009d78 (0xff9ff06f)
core   0: 0x80009d70 (0x00006f17) auipc   t5, 0x6
core   0: 3 0x80009d70 (0x00006f17) x30 0x8000fd70
core   0: 0x80009d74 (0x283f2823) sw      gp, 656(t5)
core   0: 3 0x80009d74 (0x283f2823) mem 0x80010000 0x00000001
core   0: 0x80009d78 (0xff9ff06f) j       pc - 0x8
core   0: 3 0x80009d78 (0xff9ff06f)
core   0: 0x80009d70 (0x00006f17) auipc   t5, 0x6
core   0: 3 0x80009d70 (0x00006f17) x30 0x8000fd70
core   0: 0x80009d74 (0x283f2823) sw      gp, 656(t5)
core   0: 3 0x80009d74 (0x283f2823) mem 0x80010000 0x00000001
core   0: 0x80009d78 (0xff9ff06f) j       pc - 0x8
core   0: 3 0x80009d78 (0xff9ff06f)
core   0: 0x80009d70 (0x00006f17) auipc   t5, 0x6
core   0: 3 0x80009d70 (0x00006f17) x30 0x8000fd70
core   0: 0x80009d74 (0x283f2823) sw      gp, 656(t5)
core   0: 3 0x80009d74 (0x283f2823) mem 0x80010000 0x00000001
core   0: 0x80009d78 (0xff9ff06f) j       pc - 0x8
core   0: 3 0x80009d78 (0xff9ff06f)
core   0: 0x80009d70 (0x00006f17) auipc   t5, 0x6
core   0: 3 0x80009d70 (0x00006f17) x30 0x8000fd70
core   0: 0x80009d74 (0x283f2823) sw      gp, 656(t5)
core   0: 3 0x80009d74 (0x283f2823) mem 0x80010000 0x00000001
core   0: 0x80009d78 (0xff9ff06f) j       pc - 0x8
core   0: 3 0x80009d78 (0xff9ff06f)
core   0: 0x80009d70 (0x00006f17) auipc   t5, 0x6
core   0: 3 0x80009d70 (0x00006f17) x30 0x8000fd70
core   0: 0x80009d74 (0x283f2823) sw      gp, 656(t5)
core   0: 3 0x80009d74 (0x283f2823) mem 0x80010000 0x00000001
core   0: 0x80009d78 (0xff9ff06f) j       pc - 0x8
core   0: 3 0x80009d78 (0xff9ff06f)
core   0: 0x80009d70 (0x00006f17) auipc   t5, 0x6
core   0: 3 0x80009d70 (0x00006f17) x30 0x8000fd70
core   0: 0x80009d74 (0x283f2823) sw      gp, 656(t5)
core   0: 3 0x80009d74 (0x283f2823) mem 0x80010000 0x00000001
core   0: 0x80009d78 (0xff9ff06f) j       pc - 0x8
core   0: 3 0x80009d78 (0xff9ff06f)
core   0: 0x80009d70 (0x00006f17) auipc   t5, 0x6
core   0: 3 0x80009d70 (0x00006f17) x30 0x8000fd70
core   0: 0x80009d74 (0x283f2823) sw      gp, 656(t5)
core   0: 3 0x80009d74 (0x283f2823) mem 0x80010000 0x00000001
core   0: 0x80009d78 (0xff9ff06f) j       pc - 0x8
core   0: 3 0x80009d78 (0xff9ff06f)
core   0: 0x80009d70 (0x00006f17) auipc   t5, 0x6
core   0: 3 0x80009d70 (0x00006f17) x30 0x8000fd70
core   0: 0x80009d74 (0x283f2823) sw      gp, 656(t5)
core   0: 3 0x80009d74 (0x283f2823) mem 0x80010000 0x00000001
core   0: 0x80009d78 (0xff9ff06f) j       pc - 0x8
core   0: 3 0x80009d78 (0xff9ff06f)
core   0: 0x80009d70 (0x00006f17) auipc   t5, 0x6
core   0: 3 0x80009d70 (0x00006f17) x30 0x8000fd70
core   0: 0x80009d74 (0x283f2823) sw      gp, 656(t5)
core   0: 3 0x80009d74 (0x283f2823) mem 0x80010000 0x00000001
core   0: 0x80009d78 (0xff9ff06f) j       pc - 0x8
core   0: 3 0x80009d78 (0xff9ff06f)
core   0: 0x80009d70 (0x00006f17) auipc   t5, 0x6
core   0: 3 0x80009d70 (0x00006f17) x30 0x8000fd70
core   0: 0x80009d74 (0x283f2823) sw      gp, 656(t5)
core   0: 3 0x80009d74 (0x283f2823) mem 0x80010000 0x00000001
core   0: 0x80009d78 (0xff9ff06f) j       pc - 0x8
core   0: 3 0x80009d78 (0xff9ff06f)
core   0: 0x80009d70 (0x00006f17) auipc   t5, 0x6
core   0: 3 0x80009d70 (0x00006f17) x30 0x8000fd70
core   0: 0x80009d74 (0x283f2823) sw      gp, 656(t5)
core   0: 3 0x80009d74 (0x283f2823) mem 0x80010000 0x00000001
core   0: 0x80009d78 (0xff9ff06f) j       pc - 0x8
core   0: 3 0x80009d78 (0xff9ff06f)
core   0: 0x80009d70 (0x00006f17) auipc   t5, 0x6
core   0: 3 0x80009d70 (0x00006f17) x30 0x8000fd70
core   0: 0x80009d74 (0x283f2823) sw      gp, 656(t5)
core   0: 3 0x80009d74 (0x283f2823) mem 0x80010000 0x00000001
core   0: 0x80009d78 (0xff9ff06f) j       pc - 0x8
core   0: 3 0x80009d78 (0xff9ff06f)
core   0: 0x80009d70 (0x00006f17) auipc   t5, 0x6
core   0: 3 0x80009d70 (0x00006f17) x30 0x8000fd70
core   0: 0x80009d74 (0x283f2823) sw      gp, 656(t5)
core   0: 3 0x80009d74 (0x283f2823) mem 0x80010000 0x00000001
core   0: 0x80009d78 (0xff9ff06f) j       pc - 0x8
core   0: 3 0x80009d78 (0xff9ff06f)
core   0: 0x80009d70 (0x00006f17) auipc   t5, 0x6
core   0: 3 0x80009d70 (0x00006f17) x30 0x8000fd70
core   0: 0x80009d74 (0x283f2823) sw      gp, 656(t5)
core   0: 3 0x80009d74 (0x283f2823) mem 0x80010000 0x00000001
core   0: 0x80009d78 (0xff9ff06f) j       pc - 0x8
core   0: 3 0x80009d78 (0xff9ff06f)
core   0: 0x80009d70 (0x00006f17) auipc   t5, 0x6
core   0: 3 0x80009d70 (0x00006f17) x30 0x8000fd70
core   0: 0x80009d74 (0x283f2823) sw      gp, 656(t5)
core   0: 3 0x80009d74 (0x283f2823) mem 0x80010000 0x00000001
core   0: 0x80009d78 (0xff9ff06f) j       pc - 0x8
core   0: 3 0x80009d78 (0xff9ff06f)
core   0: 0x80009d70 (0x00006f17) auipc   t5, 0x6
core   0: 3 0x80009d70 (0x00006f17) x30 0x8000fd70
core   0: 0x80009d74 (0x283f2823) sw      gp, 656(t5)
core   0: 3 0x80009d74 (0x283f2823) mem 0x80010000 0x00000001
core   0: 0x80009d78 (0xff9ff06f) j       pc - 0x8
core   0: 3 0x80009d78 (0xff9ff06f)
core   0: 0x80009d70 (0x00006f17) auipc   t5, 0x6
core   0: 3 0x80009d70 (0x00006f17) x30 0x8000fd70
core   0: 0x80009d74 (0x283f2823) sw      gp, 656(t5)
core   0: 3 0x80009d74 (0x283f2823) mem 0x80010000 0x00000001
core   0: 0x80009d78 (0xff9ff06f) j       pc - 0x8
core   0: 3 0x80009d78 (0xff9ff06f)
core   0: 0x80009d70 (0x00006f17) auipc   t5, 0x6
core   0: 3 0x80009d70 (0x00006f17) x30 0x8000fd70
core   0: 0x80009d74 (0x283f2823) sw      gp, 656(t5)
core   0: 3 0x80009d74 (0x283f2823) mem 0x80010000 0x00000001
core   0: 0x80009d78 (0xff9ff06f) j       pc - 0x8
core   0: 3 0x80009d78 (0xff9ff06f)
core   0: 0x80009d70 (0x00006f17) auipc   t5, 0x6
core   0: 3 0x80009d70 (0x00006f17) x30 0x8000fd70
core   0: 0x80009d74 (0x283f2823) sw      gp, 656(t5)
core   0: 3 0x80009d74 (0x283f2823) mem 0x80010000 0x00000001
core   0: 0x80009d78 (0xff9ff06f) j       pc - 0x8
core   0: 3 0x80009d78 (0xff9ff06f)
core   0: 0x80009d70 (0x00006f17) auipc   t5, 0x6
core   0: 3 0x80009d70 (0x00006f17) x30 0x8000fd70
core   0: 0x80009d74 (0x283f2823) sw      gp, 656(t5)
core   0: 3 0x80009d74 (0x283f2823) mem 0x80010000 0x00000001
core   0: 0x80009d78 (0xff9ff06f) j       pc - 0x8
core   0: 3 0x80009d78 (0xff9ff06f)
core   0: 0x80009d70 (0x00006f17) auipc   t5, 0x6
core   0: 3 0x80009d70 (0x00006f17) x30 0x8000fd70
core   0: 0x80009d74 (0x283f2823) sw      gp, 656(t5)
core   0: 3 0x80009d74 (0x283f2823) mem 0x80010000 0x00000001
core   0: 0x80009d78 (0xff9ff06f) j       pc - 0x8
core   0: 3 0x80009d78 (0xff9ff06f)
core   0: 0x80009d70 (0x00006f17) auipc   t5, 0x6
core   0: 3 0x80009d70 (0x00006f17) x30 0x8000fd70
core   0: 0x80009d74 (0x283f2823) sw      gp, 656(t5)
core   0: 3 0x80009d74 (0x283f2823) mem 0x80010000 0x00000001
core   0: 0x80009d78 (0xff9ff06f) j       pc - 0x8
core   0: 3 0x80009d78 (0xff9ff06f)
core   0: 0x80009d70 (0x00006f17) auipc   t5, 0x6
core   0: 3 0x80009d70 (0x00006f17) x30 0x8000fd70
core   0: 0x80009d74 (0x283f2823) sw      gp, 656(t5)
core   0: 3 0x80009d74 (0x283f2823) mem 0x80010000 0x00000001
core   0: 0x80009d78 (0xff9ff06f) j       pc - 0x8
core   0: 3 0x80009d78 (0xff9ff06f)
core   0: 0x80009d70 (0x00006f17) auipc   t5, 0x6
core   0: 3 0x80009d70 (0x00006f17) x30 0x8000fd70
core   0: 0x80009d74 (0x283f2823) sw      gp, 656(t5)
core   0: 3 0x80009d74 (0x283f2823) mem 0x80010000 0x00000001
core   0: 0x80009d78 (0xff9ff06f) j       pc - 0x8
core   0: 3 0x80009d78 (0xff9ff06f)
core   0: 0x80009d70 (0x00006f17) auipc   t5, 0x6
core   0: 3 0x80009d70 (0x00006f17) x30 0x8000fd70
core   0: 0x80009d74 (0x283f2823) sw      gp, 656(t5)
core   0: 3 0x80009d74 (0x283f2823) mem 0x80010000 0x00000001
core   0: 0x80009d78 (0xff9ff06f) j       pc - 0x8
core   0: 3 0x80009d78 (0xff9ff06f)
core   0: 0x80009d70 (0x00006f17) auipc   t5, 0x6
core   0: 3 0x80009d70 (0x00006f17) x30 0x8000fd70
core   0: 0x80009d74 (0x283f2823) sw      gp, 656(t5)
core   0: 3 0x80009d74 (0x283f2823) mem 0x80010000 0x00000001
core   0: 0x80009d78 (0xff9ff06f) j       pc - 0x8
core   0: 3 0x80009d78 (0xff9ff06f)
core   0: 0x80009d70 (0x00006f17) auipc   t5, 0x6
core   0: 3 0x80009d70 (0x00006f17) x30 0x8000fd70
core   0: 0x80009d74 (0x283f2823) sw      gp, 656(t5)
core   0: 3 0x80009d74 (0x283f2823) mem 0x80010000 0x00000001
core   0: 0x80009d78 (0xff9ff06f) j       pc - 0x8
core   0: 3 0x80009d78 (0xff9ff06f)
core   0: 0x80009d70 (0x00006f17) auipc   t5, 0x6
core   0: 3 0x80009d70 (0x00006f17) x30 0x8000fd70
core   0: 0x80009d74 (0x283f2823) sw      gp, 656(t5)
core   0: 3 0x80009d74 (0x283f2823) mem 0x80010000 0x00000001
core   0: 0x80009d78 (0xff9ff06f) j       pc - 0x8
core   0: 3 0x80009d78 (0xff9ff06f)
core   0: 0x80009d70 (0x00006f17) auipc   t5, 0x6
core   0: 3 0x80009d70 (0x00006f17) x30 0x8000fd70
core   0: 0x80009d74 (0x283f2823) sw      gp, 656(t5)
core   0: 3 0x80009d74 (0x283f2823) mem 0x80010000 0x00000001
core   0: 0x80009d78 (0xff9ff06f) j       pc - 0x8
core   0: 3 0x80009d78 (0xff9ff06f)
core   0: 0x80009d70 (0x00006f17) auipc   t5, 0x6
core   0: 3 0x80009d70 (0x00006f17) x30 0x8000fd70
core   0: 0x80009d74 (0x283f2823) sw      gp, 656(t5)
core   0: 3 0x80009d74 (0x283f2823) mem 0x80010000 0x00000001
core   0: 0x80009d78 (0xff9ff06f) j       pc - 0x8
core   0: 3 0x80009d78 (0xff9ff06f)
core   0: 0x80009d70 (0x00006f17) auipc   t5, 0x6
core   0: 3 0x80009d70 (0x00006f17) x30 0x8000fd70
core   0: 0x80009d74 (0x283f2823) sw      gp, 656(t5)
core   0: 3 0x80009d74 (0x283f2823) mem 0x80010000 0x00000001
core   0: 0x80009d78 (0xff9ff06f) j       pc - 0x8
core   0: 3 0x80009d78 (0xff9ff06f)
core   0: 0x80009d70 (0x00006f17) auipc   t5, 0x6
core   0: 3 0x80009d70 (0x00006f17) x30 0x8000fd70
core   0: 0x80009d74 (0x283f2823) sw      gp, 656(t5)
core   0: 3 0x80009d74 (0x283f2823) mem 0x80010000 0x00000001
core   0: 0x80009d78 (0xff9ff06f) j       pc - 0x8
core   0: 3 0x80009d78 (0xff9ff06f)
core   0: 0x80009d70 (0x00006f17) auipc   t5, 0x6
core   0: 3 0x80009d70 (0x00006f17) x30 0x8000fd70
core   0: 0x80009d74 (0x283f2823) sw      gp, 656(t5)
core   0: 3 0x80009d74 (0x283f2823) mem 0x80010000 0x00000001
