core   0: 0x00001000 (0x00000297) auipc   t0, 0x0
core   0: 3 0x00001000 (0x00000297) x 5 0x00001000
core   0: 0x00001004 (0x02028593) addi    a1, t0, 32
core   0: 3 0x00001004 (0x02028593) x11 0x00001020
core   0: 0x00001008 (0xf1402573) csrr    a0, mhartid
core   0: 3 0x00001008 (0xf1402573) x10 0x00000000
core   0: 0x0000100c (0x0182a283) lw      t0, 24(t0)
core   0: 3 0x0000100c (0x0182a283) x 5 0x80000000 mem 0x00001018
core   0: 0x00001010 (0x00028067) jr      t0
core   0: 3 0x00001010 (0x00028067)
core   0: 0x80000000 (0xf14022f3) csrr    t0, mhartid
core   0: 3 0x80000000 (0xf14022f3) x 5 0x00000000
core   0: 0x80000004 (0x00000313) li      t1, 0
core   0: 3 0x80000004 (0x00000313) x 6 0x00000000
core   0: 0x80000008 (0x00628263) beq     t0, t1, pc + 4
core   0: 3 0x80000008 (0x00628263)
core   0: 0x8000000c (0x00000f17) auipc   t5, 0x0
core   0: 3 0x8000000c (0x00000f17) x30 0x8000000c
core   0: 0x80000010 (0x00cf0f13) addi    t5, t5, 12
core   0: 3 0x80000010 (0x00cf0f13) x30 0x80000018
core   0: 0x80000014 (0x000f0067) jr      t5
core   0: 3 0x80000014 (0x000f0067)
core   0: 0x80000018 (0x400015b7) lui     a1, 0x40001
core   0: 3 0x80000018 (0x400015b7) x11 0x40001000
core   0: 0x8000001c (0x10458593) addi    a1, a1, 260
core   0: 3 0x8000001c (0x10458593) x11 0x40001104
core   0: 0x80000020 (0x30159073) csrw    misa, a1
core   0: 3 0x80000020 (0x30159073) c769_misa 0x40141100
core   0: 0x80000024 (0x0002aa97) auipc   s5, 0x2a
core   0: 3 0x80000024 (0x0002aa97) x21 0x8002a024
core   0: 0x80000028 (0xcc0a8a93) addi    s5, s5, -832
core   0: 3 0x80000028 (0xcc0a8a93) x21 0x80029ce4
core   0: 0x8000002c (0x0000e597) auipc   a1, 0xe
core   0: 3 0x8000002c (0x0000e597) x11 0x8000e02c
core   0: 0x80000030 (0xf1858593) addi    a1, a1, -232
core   0: 3 0x80000030 (0xf1858593) x11 0x8000df44
core   0: 0x80000034 (0x0005e593) ori     a1, a1, 0
core   0: 3 0x80000034 (0x0005e593) x11 0x8000df44
core   0: 0x80000038 (0x30559073) csrw    mtvec, a1
core   0: 3 0x80000038 (0x30559073) c773_mtvec 0x8000df44
core   0: 0x8000003c (0x00000597) auipc   a1, 0x0
core   0: 3 0x8000003c (0x00000597) x11 0x8000003c
core   0: 0x80000040 (0x02858593) addi    a1, a1, 40
core   0: 3 0x80000040 (0x02858593) x11 0x80000064
core   0: 0x80000044 (0x34159073) csrw    mepc, a1
core   0: 3 0x80000044 (0x34159073) c833_mepc 0x80000064
core   0: 0x80000048 (0x00000013) nop
core   0: 3 0x80000048 (0x00000013)
core   0: 0x8000004c (0x000025b7) lui     a1, 0x2
core   0: 3 0x8000004c (0x000025b7) x11 0x00002000
core   0: 0x80000050 (0x80058593) addi    a1, a1, -2048
core   0: 3 0x80000050 (0x80058593) x11 0x00001800
core   0: 0x80000054 (0x30059073) csrw    mstatus, a1
core   0: 3 0x80000054 (0x30059073) c768_mstatus 0x00001800
core   0: 0x80000058 (0x00000593) li      a1, 0
core   0: 3 0x80000058 (0x00000593) x11 0x00000000
core   0: 0x8000005c (0x30459073) csrw    mie, a1
core   0: 3 0x8000005c (0x30459073) c772_mie 0x00000000
core   0: 0x80000060 (0x30200073) mret
core   0: 3 0x80000060 (0x30200073) c768_mstatus 0x00000080
core   0: >>>>  init
core   0: 0x80000064 (0xc3252037) lui     zero, 0xc3252
core   0: 3 0x80000064 (0xc3252037)
core   0: 0x80000068 (0x09600013) li      zero, 150
core   0: 3 0x80000068 (0x09600013)
core   0: 0x8000006c (0x3b4270b7) lui     ra, 0x3b427
core   0: 3 0x8000006c (0x3b4270b7) x 1 0x3b427000
core   0: 0x80000070 (0x98608093) addi    ra, ra, -1658
core   0: 3 0x80000070 (0x98608093) x 1 0x3b426986
core   0: 0x80000074 (0x80000137) lui     sp, 0x80000
core   0: 3 0x80000074 (0x80000137) x 2 0x80000000
core   0: 0x80000078 (0x00f00193) li      gp, 15
core   0: 3 0x80000078 (0x00f00193) x 3 0x0000000f
core   0: 0x8000007c (0xfac38237) lui     tp, 0xfac38
core   0: 3 0x8000007c (0xfac38237) x 4 0xfac38000
core   0: 0x80000080 (0x55520213) addi    tp, tp, 1365
core   0: 3 0x80000080 (0x55520213) x 4 0xfac38555
core   0: 0x80000084 (0x800002b7) lui     t0, 0x80000
core   0: 3 0x80000084 (0x800002b7) x 5 0x80000000
core   0: 0x80000088 (0x00000313) li      t1, 0
core   0: 3 0x80000088 (0x00000313) x 6 0x00000000
core   0: 0x8000008c (0x800003b7) lui     t2, 0x80000
core   0: 3 0x8000008c (0x800003b7) x 7 0x80000000
core   0: 0x80000090 (0x00000413) li      s0, 0
core   0: 3 0x80000090 (0x00000413) x 8 0x00000000
core   0: 0x80000094 (0xd01424b7) lui     s1, 0xd0142
core   0: 3 0x80000094 (0xd01424b7) x 9 0xd0142000
core   0: 0x80000098 (0x4b048493) addi    s1, s1, 1200
core   0: 3 0x80000098 (0x4b048493) x 9 0xd01424b0
core   0: 0x8000009c (0x548e3537) lui     a0, 0x548e3
core   0: 3 0x8000009c (0x548e3537) x10 0x548e3000
core   0: 0x800000a0 (0x5b950513) addi    a0, a0, 1465
core   0: 3 0x800000a0 (0x5b950513) x10 0x548e35b9
core   0: 0x800000a4 (0x00400593) li      a1, 4
core   0: 3 0x800000a4 (0x00400593) x11 0x00000004
core   0: 0x800000a8 (0x7274e637) lui     a2, 0x7274e
core   0: 3 0x800000a8 (0x7274e637) x12 0x7274e000
core   0: 0x800000ac (0x5f460613) addi    a2, a2, 1524
core   0: 3 0x800000ac (0x5f460613) x12 0x7274e5f4
core   0: 0x800000b0 (0x00000693) li      a3, 0
core   0: 3 0x800000b0 (0x00000693) x13 0x00000000
core   0: 0x800000b4 (0x00000713) li      a4, 0
core   0: 3 0x800000b4 (0x00000713) x14 0x00000000
core   0: 0x800000b8 (0xf5f05837) lui     a6, 0xf5f05
core   0: 3 0x800000b8 (0xf5f05837) x16 0xf5f05000
core   0: 0x800000bc (0xecb80813) addi    a6, a6, -309
core   0: 3 0x800000bc (0xecb80813) x16 0xf5f04ecb
core   0: 0x800000c0 (0x00900893) li      a7, 9
core   0: 3 0x800000c0 (0x00900893) x17 0x00000009
core   0: 0x800000c4 (0xf150c937) lui     s2, 0xf150c
core   0: 3 0x800000c4 (0xf150c937) x18 0xf150c000
core   0: 0x800000c8 (0x9c290913) addi    s2, s2, -1598
core   0: 3 0x800000c8 (0x9c290913) x18 0xf150b9c2
core   0: 0x800000cc (0xfd5729b7) lui     s3, 0xfd572
core   0: 3 0x800000cc (0xfd5729b7) x19 0xfd572000
core   0: 0x800000d0 (0x37a98993) addi    s3, s3, 890
core   0: 3 0x800000d0 (0x37a98993) x19 0xfd57237a
core   0: 0x800000d4 (0xae693a37) lui     s4, 0xae693
core   0: 3 0x800000d4 (0xae693a37) x20 0xae693000
core   0: 0x800000d8 (0x26ca0a13) addi    s4, s4, 620
core   0: 3 0x800000d8 (0x26ca0a13) x20 0xae69326c
core   0: 0x800000dc (0x0c86bb37) lui     s6, 0xc86b
core   0: 3 0x800000dc (0x0c86bb37) x22 0x0c86b000
core   0: 0x800000e0 (0xd29b0b13) addi    s6, s6, -727
core   0: 3 0x800000e0 (0xd29b0b13) x22 0x0c86ad29
core   0: 0x800000e4 (0x00000b93) li      s7, 0
core   0: 3 0x800000e4 (0x00000b93) x23 0x00000000
core   0: 0x800000e8 (0x7cc90c37) lui     s8, 0x7cc90
core   0: 3 0x800000e8 (0x7cc90c37) x24 0x7cc90000
core   0: 0x800000ec (0xc09c0c13) addi    s8, s8, -1015
core   0: 3 0x800000ec (0xc09c0c13) x24 0x7cc8fc09
core   0: 0x800000f0 (0x80000cb7) lui     s9, 0x80000
core   0: 3 0x800000f0 (0x80000cb7) x25 0x80000000
core   0: 0x800000f4 (0xfba44d37) lui     s10, 0xfba44
core   0: 3 0x800000f4 (0xfba44d37) x26 0xfba44000
core   0: 0x800000f8 (0x297d0d13) addi    s10, s10, 663
core   0: 3 0x800000f8 (0x297d0d13) x26 0xfba44297
core   0: 0x800000fc (0xf689cdb7) lui     s11, 0xf689c
core   0: 3 0x800000fc (0xf689cdb7) x27 0xf689c000
core   0: 0x80000100 (0x70dd8d93) addi    s11, s11, 1805
core   0: 3 0x80000100 (0x70dd8d93) x27 0xf689c70d
core   0: 0x80000104 (0xfe26be37) lui     t3, 0xfe26b
core   0: 3 0x80000104 (0xfe26be37) x28 0xfe26b000
core   0: 0x80000108 (0x09ce0e13) addi    t3, t3, 156
core   0: 3 0x80000108 (0x09ce0e13) x28 0xfe26b09c
core   0: 0x8000010c (0x00000e93) li      t4, 0
core   0: 3 0x8000010c (0x00000e93) x29 0x00000000
core   0: 0x80000110 (0x00000f13) li      t5, 0
core   0: 3 0x80000110 (0x00000f13) x30 0x00000000
core   0: 0x80000114 (0xb6f8efb7) lui     t6, 0xb6f8e
core   0: 3 0x80000114 (0xb6f8efb7) x31 0xb6f8e000
core   0: 0x80000118 (0xc7df8f93) addi    t6, t6, -899
core   0: 3 0x80000118 (0xc7df8f93) x31 0xb6f8dc7d
core   0: 0x8000011c (0x00026797) auipc   a5, 0x26
core   0: 3 0x8000011c (0x00026797) x15 0x8002611c
core   0: 0x80000120 (0xd4878793) addi    a5, a5, -696
core   0: 3 0x80000120 (0xd4878793) x15 0x80025e64
core   0: 0x80000124 (0x70558937) lui     s2, 0x70558
core   0: 3 0x80000124 (0x70558937) x18 0x70558000
core   0: 0x80000128 (0x01891e13) slli    t3, s2, 24
core   0: 3 0x80000128 (0x01891e13) x28 0x00000000
core   0: 0x8000012c (0x00981c13) slli    s8, a6, 9
core   0: 3 0x8000012c (0x00981c13) x24 0xe09d9600
core   0: 0x80000130 (0x0000a597) auipc   a1, 0xa
core   0: 3 0x80000130 (0x0000a597) x11 0x8000a130
core   0: 0x80000134 (0x1d458593) addi    a1, a1, 468
core   0: 3 0x80000134 (0x1d458593) x11 0x8000a304
core   0: 0x80000138 (0x028ea0b3) mulhsu  ra, t4, s0
core   0: 3 0x80000138 (0x028ea0b3) x 1 0x00000000
core   0: 0x8000013c (0x518fa713) slti    a4, t6, 1304
core   0: 3 0x8000013c (0x518fa713) x14 0x00000001
core   0: 0x80000140 (0xe9558593) addi    a1, a1, -363
core   0: 3 0x80000140 (0xe9558593) x11 0x8000a199
core   0: 0x80000144 (0x0023a193) slti    gp, t2, 2
core   0: 3 0x80000144 (0x0023a193) x 3 0x00000001
core   0: 0x80000148 (0x16b58267) jalr    tp, a1, 363
core   0: 3 0x80000148 (0x16b58267) x 4 0x8000014c
core   0: 0x8000a304 (0x0341f9b3) remu    s3, gp, s4
core   0: 3 0x8000a304 (0x0341f9b3) x19 0x00000001
core   0: 0x8000a308 (0x3a089517) auipc   a0, 0x3a089
core   0: 3 0x8000a308 (0x3a089517) x10 0xba093308
core   0: 0x8000a30c (0xa2256393) ori     t2, a0, -1502
core   0: 3 0x8000a30c (0xa2256393) x 7 0xfffffb2a
core   0: 0x8000a310 (0x00d96463) bltu    s2, a3, pc + 8
core   0: 3 0x8000a310 (0x00d96463)
core   0: 0x8000a314 (0x00e77833) and     a6, a4, a4
core   0: 3 0x8000a314 (0x00e77833) x16 0x00000001
core   0: 0x8000a318 (0xff878793) addi    a5, a5, -8
core   0: 3 0x8000a318 (0xff878793) x15 0x80025e5c
core   0: 0x8000a31c (0x0047a223) sw      tp, 4(a5)
core   0: 3 0x8000a31c (0x0047a223) mem 0x80025e60 0x8000014c
core   0: 0x8000a320 (0x03b5d933) divu    s2, a1, s11
core   0: 3 0x8000a320 (0x03b5d933) x18 0x00000000
core   0: 0x8000a324 (0x479c6d13) ori     s10, s8, 1145
core   0: 3 0x8000a324 (0x479c6d13) x26 0xe09d9679
core   0: 0x8000a328 (0x012bb333) sltu    t1, s7, s2
core   0: 3 0x8000a328 (0x012bb333) x 6 0x00000000
core   0: 0x8000a32c (0x00a00593) li      a1, 10
core   0: 3 0x8000a32c (0x00a00593) x11 0x0000000a
core   0: 0x8000a330 (0x00900813) li      a6, 9
core   0: 3 0x8000a330 (0x00900813) x16 0x00000009
core   0: 0x8000a334 (0x03147e33) remu    t3, s0, a7
core   0: 3 0x8000a334 (0x03147e33) x28 0x00000000
core   0: 0x8000a338 (0x02a4f2b3) remu    t0, s1, a0
core   0: 3 0x8000a338 (0x02a4f2b3) x 5 0x160af1a8
core   0: 0x8000a33c (0x02af5033) divu    zero, t5, a0
core   0: 3 0x8000a33c (0x02af5033)
core   0: 0x8000a340 (0xff958593) addi    a1, a1, -7
core   0: 3 0x8000a340 (0xff958593) x11 0x00000003
core   0: 0x8000a344 (0x021376b3) remu    a3, t1, ra
core   0: 3 0x8000a344 (0x021376b3) x13 0x00000000
core   0: 0x8000a348 (0x00e7e633) or      a2, a5, a4
core   0: 3 0x8000a348 (0x00e7e633) x12 0x80025e5d
core   0: 0x8000a34c (0x00700493) li      s1, 7
core   0: 3 0x8000a34c (0x00700493) x 9 0x00000007
core   0: 0x8000a350 (0x00600393) li      t2, 6
core   0: 3 0x8000a350 (0x00600393) x 7 0x00000006
core   0: 0x8000a354 (0x03a15e33) divu    t3, sp, s10
core   0: 3 0x8000a354 (0x03a15e33) x28 0x00000000
core   0: 0x8000a358 (0xa2628513) addi    a0, t0, -1498
core   0: 3 0x8000a358 (0xa2628513) x10 0x160aebce
core   0: 0x8000a35c (0x00a2f733) and     a4, t0, a0
core   0: 3 0x8000a35c (0x00a2f733) x14 0x160ae188
core   0: 0x8000a360 (0x0179d193) srli    gp, s3, 23
core   0: 3 0x8000a360 (0x0179d193) x 3 0x00000000
core   0: 0x8000a364 (0x03ef0cb3) mul     s9, t5, t5
core   0: 3 0x8000a364 (0x03ef0cb3) x25 0x00000000
core   0: 0x8000a368 (0xffe48493) addi    s1, s1, -2
core   0: 3 0x8000a368 (0xffe48493) x 9 0x00000005
core   0: 0x8000a36c (0x032a9fb3) mulh    t6, s5, s2
core   0: 3 0x8000a36c (0x032a9fb3) x31 0x00000000
core   0: 0x8000a370 (0x0050d413) srli    s0, ra, 5
core   0: 3 0x8000a370 (0x0050d413) x 8 0x00000000
core   0: 0x8000a374 (0x03dcda33) divu    s4, s9, t4
core   0: 3 0x8000a374 (0x03dcda33) x20 0xffffffff
core   0: 0x8000a378 (0xfe74f6e3) bgeu    s1, t2, pc - 20
core   0: 3 0x8000a378 (0xfe74f6e3)
core   0: 0x8000a37c (0x03814fb3) div     t6, sp, s8
core   0: 3 0x8000a37c (0x03814fb3) x31 0x00000004
core   0: 0x8000a380 (0x5ebcc893) xori    a7, s9, 1515
core   0: 3 0x8000a380 (0x5ebcc893) x17 0x000005eb
core   0: 0x8000a384 (0xfb05fce3) bgeu    a1, a6, pc - 72
core   0: 3 0x8000a384 (0xfb05fce3)
core   0: 0x8000a388 (0x01911033) sll     zero, sp, s9
core   0: 3 0x8000a388 (0x01911033)
core   0: 0x8000a38c (0x00000493) li      s1, 0
core   0: 3 0x8000a38c (0x00000493) x 9 0x00000000
core   0: 0x8000a390 (0x496a4437) lui     s0, 0x496a4
core   0: 3 0x8000a390 (0x496a4437) x 8 0x496a4000
core   0: 0x8000a394 (0x00c00093) li      ra, 12
core   0: 3 0x8000a394 (0x00c00093) x 1 0x0000000c
core   0: 0x8000a398 (0x004d88b3) add     a7, s11, tp
core   0: 3 0x8000a398 (0x004d88b3) x17 0x7689c859
core   0: 0x8000a39c (0x03f48e33) mul     t3, s1, t6
core   0: 3 0x8000a39c (0x03f48e33) x28 0x00000000
core   0: 0x8000a3a0 (0x00848493) addi    s1, s1, 8
core   0: 3 0x8000a3a0 (0x00848493) x 9 0x00000008
core   0: 0x8000a3a4 (0xfe14eae3) bltu    s1, ra, pc - 12
core   0: 3 0x8000a3a4 (0xfe14eae3)
core   0: 0x8000a398 (0x004d88b3) add     a7, s11, tp
core   0: 3 0x8000a398 (0x004d88b3) x17 0x7689c859
core   0: 0x8000a39c (0x03f48e33) mul     t3, s1, t6
core   0: 3 0x8000a39c (0x03f48e33) x28 0x00000020
core   0: 0x8000a3a0 (0x00848493) addi    s1, s1, 8
core   0: 3 0x8000a3a0 (0x00848493) x 9 0x00000010
core   0: 0x8000a3a4 (0xfe14eae3) bltu    s1, ra, pc - 12
core   0: 3 0x8000a3a4 (0xfe14eae3)
core   0: 0x8000a3a8 (0x01451413) slli    s0, a0, 20
core   0: 3 0x8000a3a8 (0x01451413) x 8 0xbce00000
core   0: 0x8000a3ac (0x00100313) li      t1, 1
core   0: 3 0x8000a3ac (0x00100313) x 6 0x00000001
core   0: 0x8000a3b0 (0x79537d93) andi    s11, t1, 1941
core   0: 3 0x8000a3b0 (0x79537d93) x27 0x00000001
core   0: 0x8000a3b4 (0x00000013) nop
core   0: 3 0x8000a3b4 (0x00000013)
core   0: 0x8000a3b8 (0xff400d13) li      s10, -12
core   0: 3 0x8000a3b8 (0xff400d13) x26 0xfffffff4
core   0: 0x8000a3bc (0x0d65bb13) sltiu   s6, a1, 214
core   0: 3 0x8000a3bc (0x0d65bb13) x22 0x00000001
core   0: 0x8000a3c0 (0x012ae733) or      a4, s5, s2
core   0: 3 0x8000a3c0 (0x012ae733) x14 0x80029ce4
core   0: 0x8000a3c4 (0x01b26db3) or      s11, tp, s11
core   0: 3 0x8000a3c4 (0x01b26db3) x27 0x8000014d
core   0: 0x8000a3c8 (0xffd30313) addi    t1, t1, -3
core   0: 3 0x8000a3c8 (0xffd30313) x 6 0xfffffffe
core   0: 0x8000a3cc (0xc52ee213) ori     tp, t4, -942
core   0: 3 0x8000a3cc (0xc52ee213) x 4 0xfffffc52
core   0: 0x8000a3d0 (0x02db6533) rem     a0, s6, a3
core   0: 3 0x8000a3d0 (0x02db6533) x10 0x00000001
core   0: 0x8000a3d4 (0x00600b93) li      s7, 6
core   0: 3 0x8000a3d4 (0x00600b93) x23 0x00000006
core   0: 0x8000a3d8 (0x002b0733) add     a4, s6, sp
core   0: 3 0x8000a3d8 (0x002b0733) x14 0x80000001
core   0: 0x8000a3dc (0x00800993) li      s3, 8
core   0: 3 0x8000a3dc (0x00800993) x19 0x00000008
core   0: 0x8000a3e0 (0x001888b3) add     a7, a7, ra
core   0: 3 0x8000a3e0 (0x001888b3) x17 0x7689c865
core   0: 0x8000a3e4 (0x002b8b93) addi    s7, s7, 2
core   0: 3 0x8000a3e4 (0x002b8b93) x23 0x00000008
core   0: 0x8000a3e8 (0x41c90733) sub     a4, s2, t3
core   0: 3 0x8000a3e8 (0x41c90733) x14 0xffffffe0
core   0: 0x8000a3ec (0x015a9d93) slli    s11, s5, 21
core   0: 3 0x8000a3ec (0x015a9d93) x27 0x9c800000
core   0: 0x8000a3f0 (0xff3b98e3) bne     s7, s3, pc - 16
core   0: 3 0x8000a3f0 (0xff3b98e3)
core   0: 0x8000a3f4 (0xfda356e3) bge     t1, s10, pc - 52
core   0: 3 0x8000a3f4 (0xfda356e3)
core   0: 0x8000a3c0 (0x012ae733) or      a4, s5, s2
core   0: 3 0x8000a3c0 (0x012ae733) x14 0x80029ce4
core   0: 0x8000a3c4 (0x01b26db3) or      s11, tp, s11
core   0: 3 0x8000a3c4 (0x01b26db3) x27 0xfffffc52
core   0: 0x8000a3c8 (0xffd30313) addi    t1, t1, -3
core   0: 3 0x8000a3c8 (0xffd30313) x 6 0xfffffffb
core   0: 0x8000a3cc (0xc52ee213) ori     tp, t4, -942
core   0: 3 0x8000a3cc (0xc52ee213) x 4 0xfffffc52
core   0: 0x8000a3d0 (0x02db6533) rem     a0, s6, a3
core   0: 3 0x8000a3d0 (0x02db6533) x10 0x00000001
core   0: 0x8000a3d4 (0x00600b93) li      s7, 6
core   0: 3 0x8000a3d4 (0x00600b93) x23 0x00000006
core   0: 0x8000a3d8 (0x002b0733) add     a4, s6, sp
core   0: 3 0x8000a3d8 (0x002b0733) x14 0x80000001
core   0: 0x8000a3dc (0x00800993) li      s3, 8
core   0: 3 0x8000a3dc (0x00800993) x19 0x00000008
core   0: 0x8000a3e0 (0x001888b3) add     a7, a7, ra
core   0: 3 0x8000a3e0 (0x001888b3) x17 0x7689c871
core   0: 0x8000a3e4 (0x002b8b93) addi    s7, s7, 2
core   0: 3 0x8000a3e4 (0x002b8b93) x23 0x00000008
core   0: 0x8000a3e8 (0x41c90733) sub     a4, s2, t3
core   0: 3 0x8000a3e8 (0x41c90733) x14 0xffffffe0
core   0: 0x8000a3ec (0x015a9d93) slli    s11, s5, 21
core   0: 3 0x8000a3ec (0x015a9d93) x27 0x9c800000
core   0: 0x8000a3f0 (0xff3b98e3) bne     s7, s3, pc - 16
core   0: 3 0x8000a3f0 (0xff3b98e3)
core   0: 0x8000a3f4 (0xfda356e3) bge     t1, s10, pc - 52
core   0: 3 0x8000a3f4 (0xfda356e3)
core   0: 0x8000a3c0 (0x012ae733) or      a4, s5, s2
core   0: 3 0x8000a3c0 (0x012ae733) x14 0x80029ce4
core   0: 0x8000a3c4 (0x01b26db3) or      s11, tp, s11
core   0: 3 0x8000a3c4 (0x01b26db3) x27 0xfffffc52
core   0: 0x8000a3c8 (0xffd30313) addi    t1, t1, -3
core   0: 3 0x8000a3c8 (0xffd30313) x 6 0xfffffff8
core   0: 0x8000a3cc (0xc52ee213) ori     tp, t4, -942
core   0: 3 0x8000a3cc (0xc52ee213) x 4 0xfffffc52
core   0: 0x8000a3d0 (0x02db6533) rem     a0, s6, a3
core   0: 3 0x8000a3d0 (0x02db6533) x10 0x00000001
core   0: 0x8000a3d4 (0x00600b93) li      s7, 6
core   0: 3 0x8000a3d4 (0x00600b93) x23 0x00000006
core   0: 0x8000a3d8 (0x002b0733) add     a4, s6, sp
core   0: 3 0x8000a3d8 (0x002b0733) x14 0x80000001
core   0: 0x8000a3dc (0x00800993) li      s3, 8
core   0: 3 0x8000a3dc (0x00800993) x19 0x00000008
core   0: 0x8000a3e0 (0x001888b3) add     a7, a7, ra
core   0: 3 0x8000a3e0 (0x001888b3) x17 0x7689c87d
core   0: 0x8000a3e4 (0x002b8b93) addi    s7, s7, 2
core   0: 3 0x8000a3e4 (0x002b8b93) x23 0x00000008
core   0: 0x8000a3e8 (0x41c90733) sub     a4, s2, t3
core   0: 3 0x8000a3e8 (0x41c90733) x14 0xffffffe0
core   0: 0x8000a3ec (0x015a9d93) slli    s11, s5, 21
core   0: 3 0x8000a3ec (0x015a9d93) x27 0x9c800000
core   0: 0x8000a3f0 (0xff3b98e3) bne     s7, s3, pc - 16
core   0: 3 0x8000a3f0 (0xff3b98e3)
core   0: 0x8000a3f4 (0xfda356e3) bge     t1, s10, pc - 52
core   0: 3 0x8000a3f4 (0xfda356e3)
core   0: 0x8000a3c0 (0x012ae733) or      a4, s5, s2
core   0: 3 0x8000a3c0 (0x012ae733) x14 0x80029ce4
core   0: 0x8000a3c4 (0x01b26db3) or      s11, tp, s11
core   0: 3 0x8000a3c4 (0x01b26db3) x27 0xfffffc52
core   0: 0x8000a3c8 (0xffd30313) addi    t1, t1, -3
core   0: 3 0x8000a3c8 (0xffd30313) x 6 0xfffffff5
core   0: 0x8000a3cc (0xc52ee213) ori     tp, t4, -942
core   0: 3 0x8000a3cc (0xc52ee213) x 4 0xfffffc52
core   0: 0x8000a3d0 (0x02db6533) rem     a0, s6, a3
core   0: 3 0x8000a3d0 (0x02db6533) x10 0x00000001
core   0: 0x8000a3d4 (0x00600b93) li      s7, 6
core   0: 3 0x8000a3d4 (0x00600b93) x23 0x00000006
core   0: 0x8000a3d8 (0x002b0733) add     a4, s6, sp
core   0: 3 0x8000a3d8 (0x002b0733) x14 0x80000001
core   0: 0x8000a3dc (0x00800993) li      s3, 8
core   0: 3 0x8000a3dc (0x00800993) x19 0x00000008
core   0: 0x8000a3e0 (0x001888b3) add     a7, a7, ra
core   0: 3 0x8000a3e0 (0x001888b3) x17 0x7689c889
core   0: 0x8000a3e4 (0x002b8b93) addi    s7, s7, 2
core   0: 3 0x8000a3e4 (0x002b8b93) x23 0x00000008
core   0: 0x8000a3e8 (0x41c90733) sub     a4, s2, t3
core   0: 3 0x8000a3e8 (0x41c90733) x14 0xffffffe0
core   0: 0x8000a3ec (0x015a9d93) slli    s11, s5, 21
core   0: 3 0x8000a3ec (0x015a9d93) x27 0x9c800000
core   0: 0x8000a3f0 (0xff3b98e3) bne     s7, s3, pc - 16
core   0: 3 0x8000a3f0 (0xff3b98e3)
core   0: 0x8000a3f4 (0xfda356e3) bge     t1, s10, pc - 52
core   0: 3 0x8000a3f4 (0xfda356e3)
core   0: 0x8000a3c0 (0x012ae733) or      a4, s5, s2
core   0: 3 0x8000a3c0 (0x012ae733) x14 0x80029ce4
core   0: 0x8000a3c4 (0x01b26db3) or      s11, tp, s11
core   0: 3 0x8000a3c4 (0x01b26db3) x27 0xfffffc52
core   0: 0x8000a3c8 (0xffd30313) addi    t1, t1, -3
core   0: 3 0x8000a3c8 (0xffd30313) x 6 0xfffffff2
core   0: 0x8000a3cc (0xc52ee213) ori     tp, t4, -942
core   0: 3 0x8000a3cc (0xc52ee213) x 4 0xfffffc52
core   0: 0x8000a3d0 (0x02db6533) rem     a0, s6, a3
core   0: 3 0x8000a3d0 (0x02db6533) x10 0x00000001
core   0: 0x8000a3d4 (0x00600b93) li      s7, 6
core   0: 3 0x8000a3d4 (0x00600b93) x23 0x00000006
core   0: 0x8000a3d8 (0x002b0733) add     a4, s6, sp
core   0: 3 0x8000a3d8 (0x002b0733) x14 0x80000001
core   0: 0x8000a3dc (0x00800993) li      s3, 8
core   0: 3 0x8000a3dc (0x00800993) x19 0x00000008
core   0: 0x8000a3e0 (0x001888b3) add     a7, a7, ra
core   0: 3 0x8000a3e0 (0x001888b3) x17 0x7689c895
core   0: 0x8000a3e4 (0x002b8b93) addi    s7, s7, 2
core   0: 3 0x8000a3e4 (0x002b8b93) x23 0x00000008
core   0: 0x8000a3e8 (0x41c90733) sub     a4, s2, t3
core   0: 3 0x8000a3e8 (0x41c90733) x14 0xffffffe0
core   0: 0x8000a3ec (0x015a9d93) slli    s11, s5, 21
core   0: 3 0x8000a3ec (0x015a9d93) x27 0x9c800000
core   0: 0x8000a3f0 (0xff3b98e3) bne     s7, s3, pc - 16
core   0: 3 0x8000a3f0 (0xff3b98e3)
core   0: 0x8000a3f4 (0xfda356e3) bge     t1, s10, pc - 52
core   0: 3 0x8000a3f4 (0xfda356e3)
core   0: 0x8000a3f8 (0x031026b3) mulhsu  a3, zero, a7
core   0: 3 0x8000a3f8 (0x031026b3) x13 0x00000000
core   0: 0x8000a3fc (0xffe00513) li      a0, -2
core   0: 3 0x8000a3fc (0xffe00513) x10 0xfffffffe
core   0: 0x8000a400 (0x2d3cb897) auipc   a7, 0x2d3cb
core   0: 3 0x8000a400 (0x2d3cb897) x17 0xad3d5400
core   0: 0x8000a404 (0xd4d50c13) addi    s8, a0, -691
core   0: 3 0x8000a404 (0xd4d50c13) x24 0xfffffd4b
core   0: 0x8000a408 (0x00400a13) li      s4, 4
core   0: 3 0x8000a408 (0x00400a13) x20 0x00000004
core   0: 0x8000a40c (0xaa8a4293) xori    t0, s4, -1368
core   0: 3 0x8000a40c (0xaa8a4293) x 5 0xfffffaac
core   0: 0x8000a410 (0x03b30eb3) mul     t4, t1, s11
core   0: 3 0x8000a410 (0x03b30eb3) x29 0x71000000
core   0: 0x8000a414 (0x26907393) andi    t2, zero, 617
core   0: 3 0x8000a414 (0x26907393) x 7 0x00000000
core   0: 0x8000a418 (0x00b50fb3) add     t6, a0, a1
core   0: 3 0x8000a418 (0x00b50fb3) x31 0x00000001
core   0: 0x8000a41c (0x00b8fb33) and     s6, a7, a1
core   0: 3 0x8000a41c (0x00b8fb33) x22 0x00000000
core   0: 0x8000a420 (0x01839933) sll     s2, t2, s8
core   0: 3 0x8000a420 (0x01839933) x18 0x00000000
core   0: 0x8000a424 (0x0216ce33) div     t3, a3, ra
core   0: 3 0x8000a424 (0x0216ce33) x28 0x00000000
core   0: 0x8000a428 (0x031693b3) mulh    t2, a3, a7
core   0: 3 0x8000a428 (0x031693b3) x 7 0x00000000
core   0: 0x8000a42c (0x005ece33) xor     t3, t4, t0
core   0: 3 0x8000a42c (0x005ece33) x28 0x8efffaac
core   0: 0x8000a430 (0x5228f393) andi    t2, a7, 1314
core   0: 3 0x8000a430 (0x5228f393) x 7 0x00000400
core   0: 0x8000a434 (0x00cd31b3) sltu    gp, s10, a2
core   0: 3 0x8000a434 (0x00cd31b3) x 3 0x00000000
core   0: 0x8000a438 (0x0315bdb3) mulhu   s11, a1, a7
core   0: 3 0x8000a438 (0x0315bdb3) x27 0x00000002
core   0: 0x8000a43c (0x00a50513) addi    a0, a0, 10
core   0: 3 0x8000a43c (0x00a50513) x10 0x00000008
core   0: 0x8000a440 (0x00bfb133) sltu    sp, t6, a1
core   0: 3 0x8000a440 (0x00bfb133) x 2 0x00000001
core   0: 0x8000a444 (0x007096b3) sll     a3, ra, t2
core   0: 3 0x8000a444 (0x007096b3) x13 0x0000000c
core   0: 0x8000a448 (0x029a5eb3) divu    t4, s4, s1
core   0: 3 0x8000a448 (0x029a5eb3) x29 0x00000000
core   0: 0x8000a44c (0x401e8633) sub     a2, t4, ra
core   0: 3 0x8000a44c (0x401e8633) x12 0xfffffff4
core   0: 0x8000a450 (0x02d2d5b3) divu    a1, t0, a3
core   0: 3 0x8000a450 (0x02d2d5b3) x11 0x155554e3
core   0: 0x8000a454 (0x00ead713) srli    a4, s5, 14
core   0: 3 0x8000a454 (0x00ead713) x14 0x0002000a
core   0: 0x8000a458 (0x02f55233) divu    tp, a0, a5
core   0: 3 0x8000a458 (0x02f55233) x 4 0x00000000
core   0: 0x8000a45c (0x4179d6b3) sra     a3, s3, s7
core   0: 3 0x8000a45c (0x4179d6b3) x13 0x00000000
core   0: 0x8000a460 (0x016cc3b3) xor     t2, s9, s6
core   0: 3 0x8000a460 (0x016cc3b3) x 7 0x00000000
core   0: 0x8000a464 (0x01679db3) sll     s11, a5, s6
core   0: 3 0x8000a464 (0x01679db3) x27 0x80025e5c
core   0: 0x8000a468 (0x40980d33) sub     s10, a6, s1
core   0: 3 0x8000a468 (0x40980d33) x26 0xfffffff9
core   0: 0x8000a46c (0xfb456ce3) bltu    a0, s4, pc - 72
core   0: 3 0x8000a46c (0xfb456ce3)
core   0: 0x8000a470 (0x02bf7833) remu    a6, t5, a1
core   0: 3 0x8000a470 (0x02bf7833) x16 0x00000000
core   0: 0x8000a474 (0xff600b93) li      s7, -10
core   0: 3 0x8000a474 (0xff600b93) x23 0xfffffff6
core   0: 0x8000a478 (0xffa00d93) li      s11, -6
core   0: 3 0x8000a478 (0xffa00d93) x27 0xfffffffa
core   0: 0x8000a47c (0x3e586493) ori     s1, a6, 997
core   0: 3 0x8000a47c (0x3e586493) x 9 0x000003e5
core   0: 0x8000a480 (0x011441b3) xor     gp, s0, a7
core   0: 3 0x8000a480 (0x011441b3) x 3 0x11dd5400
core   0: 0x8000a484 (0x1cce0313) addi    t1, t3, 460
core   0: 3 0x8000a484 (0x1cce0313) x 6 0x8efffc78
core   0: 0x8000a488 (0x003b4fb3) xor     t6, s6, gp
core   0: 3 0x8000a488 (0x003b4fb3) x31 0x11dd5400
core   0: 0x8000a48c (0x78d5f393) andi    t2, a1, 1933
core   0: 3 0x8000a48c (0x78d5f393) x 7 0x00000481
core   0: 0x8000a490 (0x2649c293) xori    t0, s3, 612
core   0: 3 0x8000a490 (0x2649c293) x 5 0x0000026c
core   0: 0x8000a494 (0x03b4d9b3) divu    s3, s1, s11
core   0: 3 0x8000a494 (0x03b4d9b3) x19 0x00000000
core   0: 0x8000a498 (0x005b8b93) addi    s7, s7, 5
core   0: 3 0x8000a498 (0x005b8b93) x23 0xfffffffb
core   0: 0x8000a49c (0x00000013) nop
core   0: 3 0x8000a49c (0x00000013)
core   0: 0x8000a4a0 (0xffe00c13) li      s8, -2
core   0: 3 0x8000a4a0 (0xffe00c13) x24 0xfffffffe
core   0: 0x8000a4a4 (0xb2426213) ori     tp, tp, -1244
core   0: 3 0x8000a4a4 (0xb2426213) x 4 0xfffffb24
core   0: 0x8000a4a8 (0x00ee81b3) add     gp, t4, a4
core   0: 3 0x8000a4a8 (0x00ee81b3) x 3 0x0002000a
core   0: 0x8000a4ac (0x016bdf93) srli    t6, s7, 22
core   0: 3 0x8000a4ac (0x016bdf93) x31 0x000003ff
core   0: 0x8000a4b0 (0x00d00713) li      a4, 13
core   0: 3 0x8000a4b0 (0x00d00713) x14 0x0000000d
core   0: 0x8000a4b4 (0x268e2213) slti    tp, t3, 616
core   0: 3 0x8000a4b4 (0x268e2213) x 4 0x00000001
core   0: 0x8000a4b8 (0x03c571b3) remu    gp, a0, t3
core   0: 3 0x8000a4b8 (0x03c571b3) x 3 0x00000008
core   0: 0x8000a4bc (0x027f23b3) mulhsu  t2, t5, t2
core   0: 3 0x8000a4bc (0x027f23b3) x 7 0x00000000
core   0: 0x8000a4c0 (0x63037e17) auipc   t3, 0x63037
core   0: 3 0x8000a4c0 (0x63037e17) x28 0xe30414c0
core   0: 0x8000a4c4 (0x4156d333) sra     t1, a3, s5
core   0: 3 0x8000a4c4 (0x4156d333) x 6 0x00000000
core   0: 0x8000a4c8 (0x007c0c13) addi    s8, s8, 7
core   0: 3 0x8000a4c8 (0x007c0c13) x24 0x00000005
core   0: 0x8000a4cc (0x037f48b3) div     a7, t5, s7
core   0: 3 0x8000a4cc (0x037f48b3) x17 0x00000000
core   0: 0x8000a4d0 (0xfeec44e3) blt     s8, a4, pc - 24
core   0: 3 0x8000a4d0 (0xfeec44e3)
core   0: 0x8000a4b8 (0x03c571b3) remu    gp, a0, t3
core   0: 3 0x8000a4b8 (0x03c571b3) x 3 0x00000008
core   0: 0x8000a4bc (0x027f23b3) mulhsu  t2, t5, t2
core   0: 3 0x8000a4bc (0x027f23b3) x 7 0x00000000
core   0: 0x8000a4c0 (0x63037e17) auipc   t3, 0x63037
core   0: 3 0x8000a4c0 (0x63037e17) x28 0xe30414c0
core   0: 0x8000a4c4 (0x4156d333) sra     t1, a3, s5
core   0: 3 0x8000a4c4 (0x4156d333) x 6 0x00000000
core   0: 0x8000a4c8 (0x007c0c13) addi    s8, s8, 7
core   0: 3 0x8000a4c8 (0x007c0c13) x24 0x0000000c
core   0: 0x8000a4cc (0x037f48b3) div     a7, t5, s7
core   0: 3 0x8000a4cc (0x037f48b3) x17 0x00000000
core   0: 0x8000a4d0 (0xfeec44e3) blt     s8, a4, pc - 24
core   0: 3 0x8000a4d0 (0xfeec44e3)
core   0: 0x8000a4b8 (0x03c571b3) remu    gp, a0, t3
core   0: 3 0x8000a4b8 (0x03c571b3) x 3 0x00000008
core   0: 0x8000a4bc (0x027f23b3) mulhsu  t2, t5, t2
core   0: 3 0x8000a4bc (0x027f23b3) x 7 0x00000000
core   0: 0x8000a4c0 (0x63037e17) auipc   t3, 0x63037
core   0: 3 0x8000a4c0 (0x63037e17) x28 0xe30414c0
core   0: 0x8000a4c4 (0x4156d333) sra     t1, a3, s5
core   0: 3 0x8000a4c4 (0x4156d333) x 6 0x00000000
core   0: 0x8000a4c8 (0x007c0c13) addi    s8, s8, 7
core   0: 3 0x8000a4c8 (0x007c0c13) x24 0x00000013
core   0: 0x8000a4cc (0x037f48b3) div     a7, t5, s7
core   0: 3 0x8000a4cc (0x037f48b3) x17 0x00000000
core   0: 0x8000a4d0 (0xfeec44e3) blt     s8, a4, pc - 24
core   0: 3 0x8000a4d0 (0xfeec44e3)
core   0: 0x8000a4d4 (0x00c69693) slli    a3, a3, 12
core   0: 3 0x8000a4d4 (0x00c69693) x13 0x00000000
core   0: 0x8000a4d8 (0xfbbbc8e3) blt     s7, s11, pc - 80
core   0: 3 0x8000a4d8 (0xfbbbc8e3)
core   0: 0x8000a4dc (0x01a2a1b3) slt     gp, t0, s10
core   0: 3 0x8000a4dc (0x01a2a1b3) x 3 0x00000000
core   0: 0x8000a4e0 (0x00700713) li      a4, 7
core   0: 3 0x8000a4e0 (0x00700713) x14 0x00000007
core   0: 0x8000a4e4 (0xe6c84d13) xori    s10, a6, -404
core   0: 3 0x8000a4e4 (0xe6c84d13) x26 0xfffffe6c
core   0: 0x8000a4e8 (0x00700c93) li      s9, 7
core   0: 3 0x8000a4e8 (0x00700c93) x25 0x00000007
core   0: 0x8000a4ec (0x00000013) nop
core   0: 3 0x8000a4ec (0x00000013)
core   0: 0x8000a4f0 (0x009de833) or      a6, s11, s1
core   0: 3 0x8000a4f0 (0x009de833) x16 0xffffffff
core   0: 0x8000a4f4 (0xffb70713) addi    a4, a4, -5
core   0: 3 0x8000a4f4 (0xffb70713) x14 0x00000002
core   0: 0x8000a4f8 (0x00000193) li      gp, 0
core   0: 3 0x8000a4f8 (0x00000193) x 3 0x00000000
core   0: 0x8000a4fc (0x02de98b3) mulh    a7, t4, a3
core   0: 3 0x8000a4fc (0x02de98b3) x17 0x00000000
core   0: 0x8000a500 (0x0246f9b3) remu    s3, a3, tp
core   0: 3 0x8000a500 (0x0246f9b3) x19 0x00000000
core   0: 0x8000a504 (0xfee00393) li      t2, -18
core   0: 3 0x8000a504 (0xfee00393) x 7 0xffffffee
core   0: 0x8000a508 (0x033befb3) rem     t6, s7, s3
core   0: 3 0x8000a508 (0x033befb3) x31 0xfffffffb
core   0: 0x8000a50c (0x01829233) sll     tp, t0, s8
core   0: 3 0x8000a50c (0x01829233) x 4 0x13600000
core   0: 0x8000a510 (0x02f5bb33) mulhu   s6, a1, a5
core   0: 3 0x8000a510 (0x02f5bb33) x22 0x0aaadcf9
core   0: 0x8000a514 (0xf3605617) auipc   a2, 0xf3605
core   0: 3 0x8000a514 (0xf3605617) x12 0x7360f514
core   0: 0x8000a518 (0x022d2933) mulhsu  s2, s10, sp
core   0: 3 0x8000a518 (0x022d2933) x18 0xffffffff
core   0: 0x8000a51c (0x00000013) nop
core   0: 3 0x8000a51c (0x00000013)
core   0: 0x8000a520 (0xaf2a3d93) sltiu   s11, s4, -1294
core   0: 3 0x8000a520 (0xaf2a3d93) x27 0x00000001
core   0: 0x8000a524 (0xfff18193) addi    gp, gp, -1
core   0: 3 0x8000a524 (0xfff18193) x 3 0xffffffff
core   0: 0x8000a528 (0x00ecbdb3) sltu    s11, s9, a4
core   0: 3 0x8000a528 (0x00ecbdb3) x27 0x00000000
core   0: 0x8000a52c (0xfe718ae3) beq     gp, t2, pc - 12
core   0: 3 0x8000a52c (0xfe718ae3)
core   0: 0x8000a530 (0x02b5d233) divu    tp, a1, a1
core   0: 3 0x8000a530 (0x02b5d233) x 4 0x00000001
core   0: 0x8000a534 (0x00b52fb3) slt     t6, a0, a1
core   0: 3 0x8000a534 (0x00b52fb3) x31 0x00000001
core   0: 0x8000a538 (0xa0d8eb17) auipc   s6, 0xa0d8e
core   0: 3 0x8000a538 (0xa0d8eb17) x22 0x20d98538
core   0: 0x8000a53c (0x51e57d93) andi    s11, a0, 1310
core   0: 3 0x8000a53c (0x51e57d93) x27 0x00000008
core   0: 0x8000a540 (0x03a3f9b3) remu    s3, t2, s10
core   0: 3 0x8000a540 (0x03a3f9b3) x19 0x00000182
core   0: 0x8000a544 (0x01b630b3) sltu    ra, a2, s11
core   0: 3 0x8000a544 (0x01b630b3) x 1 0x00000000
core   0: 0x8000a548 (0x41b68d33) sub     s10, a3, s11
core   0: 3 0x8000a548 (0x41b68d33) x26 0xfffffff8
core   0: 0x8000a54c (0x030b6a33) rem     s4, s6, a6
core   0: 3 0x8000a54c (0x030b6a33) x20 0x00000000
core   0: 0x8000a550 (0xf9977ee3) bgeu    a4, s9, pc - 100
core   0: 3 0x8000a550 (0xf9977ee3)
core   0: 0x8000a554 (0x00db78b3) and     a7, s6, a3
core   0: 3 0x8000a554 (0x00db78b3) x17 0x00000000
core   0: 0x8000a558 (0x00700413) li      s0, 7
core   0: 3 0x8000a558 (0x00700413) x 8 0x00000007
core   0: 0x8000a55c (0x00a00a13) li      s4, 10
core   0: 3 0x8000a55c (0x00a00a13) x20 0x0000000a
core   0: 0x8000a560 (0x8bcaeb93) ori     s7, s5, -1860
core   0: 3 0x8000a560 (0x8bcaeb93) x23 0xfffffcfc
core   0: 0x8000a564 (0x00140413) addi    s0, s0, 1
core   0: 3 0x8000a564 (0x00140413) x 8 0x00000008
core   0: 0x8000a568 (0xff440ce3) beq     s0, s4, pc - 8
core   0: 3 0x8000a568 (0xff440ce3)
core   0: 0x8000a56c (0x00d97533) and     a0, s2, a3
core   0: 3 0x8000a56c (0x00d97533) x10 0x00000000
core   0: 0x8000a570 (0xffd00493) li      s1, -3
core   0: 3 0x8000a570 (0xffd00493) x 9 0xfffffffd
core   0: 0x8000a574 (0x6127a097) auipc   ra, 0x6127a
core   0: 3 0x8000a574 (0x6127a097) x 1 0xe1284574
core   0: 0x8000a578 (0x00100c93) li      s9, 1
core   0: 3 0x8000a578 (0x00100c93) x25 0x00000001
core   0: 0x8000a57c (0x03af42b3) div     t0, t5, s10
core   0: 3 0x8000a57c (0x03af42b3) x 5 0x00000000
core   0: 0x8000a580 (0x40e80bb3) sub     s7, a6, a4
core   0: 3 0x8000a580 (0x40e80bb3) x23 0xfffffffd
core   0: 0x8000a584 (0x01613db3) sltu    s11, sp, s6
core   0: 3 0x8000a584 (0x01613db3) x27 0x00000001
core   0: 0x8000a588 (0x027f28b3) mulhsu  a7, t5, t2
core   0: 3 0x8000a588 (0x027f28b3) x17 0x00000000
core   0: 0x8000a58c (0x00448493) addi    s1, s1, 4
core   0: 3 0x8000a58c (0x00448493) x 9 0x00000001
core   0: 0x8000a590 (0x01e388b3) add     a7, t2, t5
core   0: 3 0x8000a590 (0x01e388b3) x17 0xffffffee
core   0: 0x8000a594 (0x0362e6b3) rem     a3, t0, s6
core   0: 3 0x8000a594 (0x0362e6b3) x13 0x00000000
core   0: 0x8000a598 (0x02ce2db3) mulhsu  s11, t3, a2
core   0: 3 0x8000a598 (0x02ce2db3) x27 0xf2efdb1a
core   0: 0x8000a59c (0xd9d6e193) ori     gp, a3, -611
core   0: 3 0x8000a59c (0xd9d6e193) x 3 0xfffffd9d
core   0: 0x8000a5a0 (0xff9484e3) beq     s1, s9, pc - 24
core   0: 3 0x8000a5a0 (0xff9484e3)
core   0: 0x8000a588 (0x027f28b3) mulhsu  a7, t5, t2
core   0: 3 0x8000a588 (0x027f28b3) x17 0x00000000
core   0: 0x8000a58c (0x00448493) addi    s1, s1, 4
core   0: 3 0x8000a58c (0x00448493) x 9 0x00000005
core   0: 0x8000a590 (0x01e388b3) add     a7, t2, t5
core   0: 3 0x8000a590 (0x01e388b3) x17 0xffffffee
core   0: 0x8000a594 (0x0362e6b3) rem     a3, t0, s6
core   0: 3 0x8000a594 (0x0362e6b3) x13 0x00000000
core   0: 0x8000a598 (0x02ce2db3) mulhsu  s11, t3, a2
core   0: 3 0x8000a598 (0x02ce2db3) x27 0xf2efdb1a
core   0: 0x8000a59c (0xd9d6e193) ori     gp, a3, -611
core   0: 3 0x8000a59c (0xd9d6e193) x 3 0xfffffd9d
core   0: 0x8000a5a0 (0xff9484e3) beq     s1, s9, pc - 24
core   0: 3 0x8000a5a0 (0xff9484e3)
core   0: 0x8000a5a4 (0xfd26ef93) ori     t6, a3, -46
core   0: 3 0x8000a5a4 (0xfd26ef93) x31 0xffffffd2
core   0: 0x8000a5a8 (0xff800693) li      a3, -8
core   0: 3 0x8000a5a8 (0xff800693) x13 0xfffffff8
core   0: 0x8000a5ac (0x01cefeb3) and     t4, t4, t3
core   0: 3 0x8000a5ac (0x01cefeb3) x29 0x00000000
core   0: 0x8000a5b0 (0x034daa33) mulhsu  s4, s11, s4
core   0: 3 0x8000a5b0 (0x034daa33) x20 0xffffffff
core   0: 0x8000a5b4 (0x9d2ea293) slti    t0, t4, -1582
core   0: 3 0x8000a5b4 (0x9d2ea293) x 5 0x00000000
core   0: 0x8000a5b8 (0x031f3933) mulhu   s2, t5, a7
core   0: 3 0x8000a5b8 (0x031f3933) x18 0x00000000
core   0: 0x8000a5bc (0x00c00b13) li      s6, 12
core   0: 3 0x8000a5bc (0x00c00b13) x22 0x0000000c
core   0: 0x8000a5c0 (0x416e5013) srai    zero, t3, 22
core   0: 3 0x8000a5c0 (0x416e5013)
core   0: 0x8000a5c4 (0xd73d6cb7) lui     s9, 0xd73d6
core   0: 3 0x8000a5c4 (0xd73d6cb7) x25 0xd73d6000
core   0: 0x8000a5c8 (0x0180d013) srli    zero, ra, 24
core   0: 3 0x8000a5c8 (0x0180d013)
core   0: 0x8000a5cc (0x4a4d1337) lui     t1, 0x4a4d1
core   0: 3 0x8000a5cc (0x4a4d1337) x 6 0x4a4d1000
core   0: 0x8000a5d0 (0x00b08e33) add     t3, ra, a1
core   0: 3 0x8000a5d0 (0x00b08e33) x28 0xf67d9a57
core   0: 0x8000a5d4 (0x03836d33) rem     s10, t1, s8
core   0: 3 0x8000a5d4 (0x03836d33) x26 0x00000002
core   0: 0x8000a5d8 (0x03f14fb3) div     t6, sp, t6
core   0: 3 0x8000a5d8 (0x03f14fb3) x31 0x00000000
core   0: 0x8000a5dc (0x03490333) mul     t1, s2, s4
core   0: 3 0x8000a5dc (0x03490333) x 6 0x00000000
core   0: 0x8000a5e0 (0x016ebfb3) sltu    t6, t4, s6
core   0: 3 0x8000a5e0 (0x016ebfb3) x31 0x00000001
core   0: 0x8000a5e4 (0x00468693) addi    a3, a3, 4
core   0: 3 0x8000a5e4 (0x00468693) x13 0xfffffffc
core   0: 0x8000a5e8 (0x0540fe93) andi    t4, ra, 84
core   0: 3 0x8000a5e8 (0x0540fe93) x29 0x00000054
core   0: 0x8000a5ec (0x00000013) nop
core   0: 3 0x8000a5ec (0x00000013)
core   0: 0x8000a5f0 (0x04f0ce93) xori    t4, ra, 79
core   0: 3 0x8000a5f0 (0x04f0ce93) x29 0xe128453b
core   0: 0x8000a5f4 (0x408dda33) sra     s4, s11, s0
core   0: 3 0x8000a5f4 (0x408dda33) x20 0xfff2efdb
core   0: 0x8000a5f8 (0xff66c4e3) blt     a3, s6, pc - 24
core   0: 3 0x8000a5f8 (0xff66c4e3)
core   0: 0x8000a5e0 (0x016ebfb3) sltu    t6, t4, s6
core   0: 3 0x8000a5e0 (0x016ebfb3) x31 0x00000000
core   0: 0x8000a5e4 (0x00468693) addi    a3, a3, 4
core   0: 3 0x8000a5e4 (0x00468693) x13 0x00000000
core   0: 0x8000a5e8 (0x0540fe93) andi    t4, ra, 84
core   0: 3 0x8000a5e8 (0x0540fe93) x29 0x00000054
core   0: 0x8000a5ec (0x00000013) nop
core   0: 3 0x8000a5ec (0x00000013)
core   0: 0x8000a5f0 (0x04f0ce93) xori    t4, ra, 79
core   0: 3 0x8000a5f0 (0x04f0ce93) x29 0xe128453b
core   0: 0x8000a5f4 (0x408dda33) sra     s4, s11, s0
core   0: 3 0x8000a5f4 (0x408dda33) x20 0xfff2efdb
core   0: 0x8000a5f8 (0xff66c4e3) blt     a3, s6, pc - 24
core   0: 3 0x8000a5f8 (0xff66c4e3)
core   0: 0x8000a5e0 (0x016ebfb3) sltu    t6, t4, s6
core   0: 3 0x8000a5e0 (0x016ebfb3) x31 0x00000000
core   0: 0x8000a5e4 (0x00468693) addi    a3, a3, 4
core   0: 3 0x8000a5e4 (0x00468693) x13 0x00000004
core   0: 0x8000a5e8 (0x0540fe93) andi    t4, ra, 84
core   0: 3 0x8000a5e8 (0x0540fe93) x29 0x00000054
core   0: 0x8000a5ec (0x00000013) nop
core   0: 3 0x8000a5ec (0x00000013)
core   0: 0x8000a5f0 (0x04f0ce93) xori    t4, ra, 79
core   0: 3 0x8000a5f0 (0x04f0ce93) x29 0xe128453b
core   0: 0x8000a5f4 (0x408dda33) sra     s4, s11, s0
core   0: 3 0x8000a5f4 (0x408dda33) x20 0xfff2efdb
core   0: 0x8000a5f8 (0xff66c4e3) blt     a3, s6, pc - 24
core   0: 3 0x8000a5f8 (0xff66c4e3)
core   0: 0x8000a5e0 (0x016ebfb3) sltu    t6, t4, s6
core   0: 3 0x8000a5e0 (0x016ebfb3) x31 0x00000000
core   0: 0x8000a5e4 (0x00468693) addi    a3, a3, 4
core   0: 3 0x8000a5e4 (0x00468693) x13 0x00000008
core   0: 0x8000a5e8 (0x0540fe93) andi    t4, ra, 84
core   0: 3 0x8000a5e8 (0x0540fe93) x29 0x00000054
core   0: 0x8000a5ec (0x00000013) nop
core   0: 3 0x8000a5ec (0x00000013)
core   0: 0x8000a5f0 (0x04f0ce93) xori    t4, ra, 79
core   0: 3 0x8000a5f0 (0x04f0ce93) x29 0xe128453b
core   0: 0x8000a5f4 (0x408dda33) sra     s4, s11, s0
core   0: 3 0x8000a5f4 (0x408dda33) x20 0xfff2efdb
core   0: 0x8000a5f8 (0xff66c4e3) blt     a3, s6, pc - 24
core   0: 3 0x8000a5f8 (0xff66c4e3)
core   0: 0x8000a5e0 (0x016ebfb3) sltu    t6, t4, s6
core   0: 3 0x8000a5e0 (0x016ebfb3) x31 0x00000000
core   0: 0x8000a5e4 (0x00468693) addi    a3, a3, 4
core   0: 3 0x8000a5e4 (0x00468693) x13 0x0000000c
core   0: 0x8000a5e8 (0x0540fe93) andi    t4, ra, 84
core   0: 3 0x8000a5e8 (0x0540fe93) x29 0x00000054
core   0: 0x8000a5ec (0x00000013) nop
core   0: 3 0x8000a5ec (0x00000013)
core   0: 0x8000a5f0 (0x04f0ce93) xori    t4, ra, 79
core   0: 3 0x8000a5f0 (0x04f0ce93) x29 0xe128453b
core   0: 0x8000a5f4 (0x408dda33) sra     s4, s11, s0
core   0: 3 0x8000a5f4 (0x408dda33) x20 0xfff2efdb
core   0: 0x8000a5f8 (0xff66c4e3) blt     a3, s6, pc - 24
core   0: 3 0x8000a5f8 (0xff66c4e3)
core   0: 0x8000a5fc (0x01a95bb3) srl     s7, s2, s10
core   0: 3 0x8000a5fc (0x01a95bb3) x23 0x00000000
core   0: 0x8000a600 (0x00500493) li      s1, 5
core   0: 3 0x8000a600 (0x00500493) x 9 0x00000005
core   0: 0x8000a604 (0x03db75b3) remu    a1, s6, t4
core   0: 3 0x8000a604 (0x03db75b3) x11 0x0000000c
core   0: 0x8000a608 (0xf9226513) ori     a0, tp, -110
core   0: 3 0x8000a608 (0xf9226513) x10 0xffffff93
core   0: 0x8000a60c (0x02b64d33) div     s10, a2, a1
core   0: 3 0x8000a60c (0x02b64d33) x26 0x099d69c1
core   0: 0x8000a610 (0x40145d13) srai    s10, s0, 1
core   0: 3 0x8000a610 (0x40145d13) x26 0x00000004
core   0: 0x8000a614 (0x003f1033) sll     zero, t5, gp
core   0: 3 0x8000a614 (0x003f1033)
core   0: 0x8000a618 (0x00b39e93) slli    t4, t2, 11
core   0: 3 0x8000a618 (0x00b39e93) x29 0xffff7000
core   0: 0x8000a61c (0x018f1433) sll     s0, t5, s8
core   0: 3 0x8000a61c (0x018f1433) x 8 0x00000000
core   0: 0x8000a620 (0x01d8d393) srli    t2, a7, 29
core   0: 3 0x8000a620 (0x01d8d393) x 7 0x00000007
core   0: 0x8000a624 (0x00237033) and     zero, t1, sp
core   0: 3 0x8000a624 (0x00237033)
core   0: 0x8000a628 (0x00300f93) li      t6, 3
core   0: 3 0x8000a628 (0x00300f93) x31 0x00000003
core   0: 0x8000a62c (0x41c15513) srai    a0, sp, 28
core   0: 3 0x8000a62c (0x41c15513) x10 0x00000000
core   0: 0x8000a630 (0x01edebb3) or      s7, s11, t5
core   0: 3 0x8000a630 (0x01edebb3) x23 0xf2efdb1a
core   0: 0x8000a634 (0x10cbbd93) sltiu   s11, s7, 268
core   0: 3 0x8000a634 (0x10cbbd93) x27 0x00000000
core   0: 0x8000a638 (0x4165db93) srai    s7, a1, 22
core   0: 3 0x8000a638 (0x4165db93) x23 0x00000000
core   0: 0x8000a63c (0x416fd133) sra     sp, t6, s6
core   0: 3 0x8000a63c (0x416fd133) x 2 0x00000000
core   0: 0x8000a640 (0x03992a33) mulhsu  s4, s2, s9
core   0: 3 0x8000a640 (0x03992a33) x20 0x00000000
core   0: 0x8000a644 (0xa35f8db7) lui     s11, 0xa35f8
core   0: 3 0x8000a644 (0xa35f8db7) x27 0xa35f8000
core   0: 0x8000a648 (0x00230d33) add     s10, t1, sp
core   0: 3 0x8000a648 (0x00230d33) x26 0x00000000
core   0: 0x8000a64c (0xffe48493) addi    s1, s1, -2
core   0: 3 0x8000a64c (0xffe48493) x 9 0x00000003
core   0: 0x8000a650 (0x008425b3) slt     a1, s0, s0
core   0: 3 0x8000a650 (0x008425b3) x11 0x00000000
core   0: 0x8000a654 (0x00000013) nop
core   0: 3 0x8000a654 (0x00000013)
core   0: 0x8000a658 (0xfdf4fee3) bgeu    s1, t6, pc - 36
core   0: 3 0x8000a658 (0xfdf4fee3)
core   0: 0x8000a634 (0x10cbbd93) sltiu   s11, s7, 268
core   0: 3 0x8000a634 (0x10cbbd93) x27 0x00000001
core   0: 0x8000a638 (0x4165db93) srai    s7, a1, 22
core   0: 3 0x8000a638 (0x4165db93) x23 0x00000000
core   0: 0x8000a63c (0x416fd133) sra     sp, t6, s6
core   0: 3 0x8000a63c (0x416fd133) x 2 0x00000000
core   0: 0x8000a640 (0x03992a33) mulhsu  s4, s2, s9
core   0: 3 0x8000a640 (0x03992a33) x20 0x00000000
core   0: 0x8000a644 (0xa35f8db7) lui     s11, 0xa35f8
core   0: 3 0x8000a644 (0xa35f8db7) x27 0xa35f8000
core   0: 0x8000a648 (0x00230d33) add     s10, t1, sp
core   0: 3 0x8000a648 (0x00230d33) x26 0x00000000
core   0: 0x8000a64c (0xffe48493) addi    s1, s1, -2
core   0: 3 0x8000a64c (0xffe48493) x 9 0x00000001
core   0: 0x8000a650 (0x008425b3) slt     a1, s0, s0
core   0: 3 0x8000a650 (0x008425b3) x11 0x00000000
core   0: 0x8000a654 (0x00000013) nop
core   0: 3 0x8000a654 (0x00000013)
core   0: 0x8000a658 (0xfdf4fee3) bgeu    s1, t6, pc - 36
core   0: 3 0x8000a658 (0xfdf4fee3)
core   0: 0x8000a65c (0x00000013) nop
core   0: 3 0x8000a65c (0x00000013)
core   0: 0x8000a660 (0xff800613) li      a2, -8
core   0: 3 0x8000a660 (0xff800613) x12 0xfffffff8
core   0: 0x8000a664 (0x012a6233) or      tp, s4, s2
core   0: 3 0x8000a664 (0x012a6233) x 4 0x00000000
core   0: 0x8000a668 (0x032503b3) mul     t2, a0, s2
core   0: 3 0x8000a668 (0x032503b3) x 7 0x00000000
core   0: 0x8000a66c (0xf756aa13) slti    s4, a3, -139
core   0: 3 0x8000a66c (0xf756aa13) x20 0x00000000
core   0: 0x8000a670 (0xeb6d2893) slti    a7, s10, -330
core   0: 3 0x8000a670 (0xeb6d2893) x17 0x00000000
core   0: 0x8000a674 (0x8ae6cd97) auipc   s11, 0x8ae6c
core   0: 3 0x8000a674 (0x8ae6cd97) x27 0x0ae76674
core   0: 0x8000a678 (0x00900b13) li      s6, 9
core   0: 3 0x8000a678 (0x00900b13) x22 0x00000009
core   0: 0x8000a67c (0x021ec3b3) div     t2, t4, ra
core   0: 3 0x8000a67c (0x021ec3b3) x 7 0x00000000
core   0: 0x8000a680 (0x3c886313) ori     t1, a6, 968
core   0: 3 0x8000a680 (0x3c886313) x 6 0xffffffff
core   0: 0x8000a684 (0x03527c33) remu    s8, tp, s5
core   0: 3 0x8000a684 (0x03527c33) x24 0x00000000
core   0: 0x8000a688 (0x00a788b3) add     a7, a5, a0
core   0: 3 0x8000a688 (0x00a788b3) x17 0x80025e5c
core   0: 0x8000a68c (0x029c69b3) rem     s3, s8, s1
core   0: 3 0x8000a68c (0x029c69b3) x19 0x00000000
core   0: 0x8000a690 (0x00591993) slli    s3, s2, 5
core   0: 3 0x8000a690 (0x00591993) x19 0x00000000
core   0: 0x8000a694 (0x01359393) slli    t2, a1, 19
core   0: 3 0x8000a694 (0x01359393) x 7 0x00000000
core   0: 0x8000a698 (0x035b9e33) mulh    t3, s7, s5
core   0: 3 0x8000a698 (0x035b9e33) x28 0x00000000
core   0: 0x8000a69c (0x027ef8b3) remu    a7, t4, t2
core   0: 3 0x8000a69c (0x027ef8b3) x17 0xffff7000
core   0: 0x8000a6a0 (0x2ca8c9b7) lui     s3, 0x2ca8c
core   0: 3 0x8000a6a0 (0x2ca8c9b7) x19 0x2ca8c000
core   0: 0x8000a6a4 (0x00760613) addi    a2, a2, 7
core   0: 3 0x8000a6a4 (0x00760613) x12 0xffffffff
core   0: 0x8000a6a8 (0x809a7e93) andi    t4, s4, -2039
core   0: 3 0x8000a6a8 (0x809a7e93) x29 0x00000000
core   0: 0x8000a6ac (0x00659013) slli    zero, a1, 6
core   0: 3 0x8000a6ac (0x00659013)
core   0: 0x8000a6b0 (0xf3506d93) ori     s11, zero, -203
core   0: 3 0x8000a6b0 (0xf3506d93) x27 0xffffff35
core   0: 0x8000a6b4 (0x01911433) sll     s0, sp, s9
core   0: 3 0x8000a6b4 (0x01911433) x 8 0x00000000
core   0: 0x8000a6b8 (0xcac7b113) sltiu   sp, a5, -852
core   0: 3 0x8000a6b8 (0xcac7b113) x 2 0x00000001
core   0: 0x8000a6bc (0x00026e33) or      t3, tp, zero
core   0: 3 0x8000a6bc (0x00026e33) x28 0x00000000
core   0: 0x8000a6c0 (0xfd666ce3) bltu    a2, s6, pc - 40
core   0: 3 0x8000a6c0 (0xfd666ce3)
core   0: 0x8000a6c4 (0x006f8533) add     a0, t6, t1
core   0: 3 0x8000a6c4 (0x006f8533) x10 0x00000002
core   0: 0x8000a6c8 (0xff700313) li      t1, -9
core   0: 3 0x8000a6c8 (0xff700313) x 6 0xfffffff7
core   0: 0x8000a6cc (0x01393cb3) sltu    s9, s2, s3
core   0: 3 0x8000a6cc (0x01393cb3) x25 0x00000001
core   0: 0x8000a6d0 (0x017bd5b3) srl     a1, s7, s7
core   0: 3 0x8000a6d0 (0x017bd5b3) x11 0x00000000
core   0: 0x8000a6d4 (0x7c323d93) sltiu   s11, tp, 1987
core   0: 3 0x8000a6d4 (0x7c323d93) x27 0x00000001
core   0: 0x8000a6d8 (0x0374b0b3) mulhu   ra, s1, s7
core   0: 3 0x8000a6d8 (0x0374b0b3) x 1 0x00000000
core   0: 0x8000a6dc (0x00b00e93) li      t4, 11
core   0: 3 0x8000a6dc (0x00b00e93) x29 0x0000000b
core   0: 0x8000a6e0 (0x03f108b3) mul     a7, sp, t6
core   0: 3 0x8000a6e0 (0x03f108b3) x17 0x00000003
core   0: 0x8000a6e4 (0x03b0b9b3) mulhu   s3, ra, s11
core   0: 3 0x8000a6e4 (0x03b0b9b3) x19 0x00000000
core   0: 0x8000a6e8 (0x00430313) addi    t1, t1, 4
core   0: 3 0x8000a6e8 (0x00430313) x 6 0xfffffffb
core   0: 0x8000a6ec (0x01bc5093) srli    ra, s8, 27
core   0: 3 0x8000a6ec (0x01bc5093) x 1 0x00000000
core   0: 0x8000a6f0 (0x41555e13) srai    t3, a0, 21
core   0: 3 0x8000a6f0 (0x41555e13) x28 0x00000000
core   0: 0x8000a6f4 (0x75b0c037) lui     zero, 0x75b0c
core   0: 3 0x8000a6f4 (0x75b0c037)
core   0: 0x8000a6f8 (0xd2c12b93) slti    s7, sp, -724
core   0: 3 0x8000a6f8 (0xd2c12b93) x23 0x00000000
core   0: 0x8000a6fc (0x62c476b7) lui     a3, 0x62c47
core   0: 3 0x8000a6fc (0x62c476b7) x13 0x62c47000
core   0: 0x8000a700 (0x00800713) li      a4, 8
core   0: 3 0x8000a700 (0x00800713) x14 0x00000008
core   0: 0x8000a704 (0x007f13b3) sll     t2, t5, t2
core   0: 3 0x8000a704 (0x007f13b3) x 7 0x00000000
core   0: 0x8000a708 (0x00800613) li      a2, 8
core   0: 3 0x8000a708 (0x00800613) x12 0x00000008
core   0: 0x8000a70c (0x013f65b3) or      a1, t5, s3
core   0: 3 0x8000a70c (0x013f65b3) x11 0x00000000
core   0: 0x8000a710 (0x7c46a393) slti    t2, a3, 1988
core   0: 3 0x8000a710 (0x7c46a393) x 7 0x00000000
core   0: 0x8000a714 (0x00a40433) add     s0, s0, a0
core   0: 3 0x8000a714 (0x00a40433) x 8 0x00000002
core   0: 0x8000a718 (0x40b089b3) sub     s3, ra, a1
core   0: 3 0x8000a718 (0x40b089b3) x19 0x00000000
core   0: 0x8000a71c (0x41b208b3) sub     a7, tp, s11
core   0: 3 0x8000a71c (0x41b208b3) x17 0xffffffff
core   0: 0x8000a720 (0x412a5e33) sra     t3, s4, s2
core   0: 3 0x8000a720 (0x412a5e33) x28 0x00000000
core   0: 0x8000a724 (0x03224e33) div     t3, tp, s2
core   0: 3 0x8000a724 (0x03224e33) x28 0xffffffff
core   0: 0x8000a728 (0xa6a6f5b7) lui     a1, 0xa6a6f
core   0: 3 0x8000a728 (0xa6a6f5b7) x11 0xa6a6f000
core   0: 0x8000a72c (0xffe70713) addi    a4, a4, -2
core   0: 3 0x8000a72c (0xffe70713) x14 0x00000006
core   0: 0x8000a730 (0xfec756e3) bge     a4, a2, pc - 20
core   0: 3 0x8000a730 (0xfec756e3)
core   0: 0x8000a734 (0x007b92b3) sll     t0, s7, t2
core   0: 3 0x8000a734 (0x007b92b3) x 5 0x00000000
core   0: 0x8000a738 (0x00d8c433) xor     s0, a7, a3
core   0: 3 0x8000a738 (0x00d8c433) x 8 0x9d3b8fff
core   0: 0x8000a73c (0x4dbbcc93) xori    s9, s7, 1243
core   0: 3 0x8000a73c (0x4dbbcc93) x25 0x000004db
core   0: 0x8000a740 (0xfbd300e3) beq     t1, t4, pc - 96
core   0: 3 0x8000a740 (0xfbd300e3)
core   0: 0x8000a744 (0x0240ec33) rem     s8, ra, tp
core   0: 3 0x8000a744 (0x0240ec33) x24 0x00000000
core   0: 0x8000a748 (0x6fb8f193) andi    gp, a7, 1787
core   0: 3 0x8000a748 (0x6fb8f193) x 3 0x000006fb
core   0: 0x8000a74c (0xf05fc397) auipc   t2, 0xf05fc
core   0: 3 0x8000a74c (0xf05fc397) x 7 0x7060674c
core   0: 0x8000a750 (0xe53b7637) lui     a2, 0xe53b7
core   0: 3 0x8000a750 (0xe53b7637) x12 0xe53b7000
core   0: 0x8000a754 (0x025bdcb3) divu    s9, s7, t0
core   0: 3 0x8000a754 (0x025bdcb3) x25 0xffffffff
core   0: 0x8000a758 (0x016d69b3) or      s3, s10, s6
core   0: 3 0x8000a758 (0x016d69b3) x19 0x00000009
core   0: 0x8000a75c (0x020c1833) mulh    a6, s8, zero
core   0: 3 0x8000a75c (0x020c1833) x16 0x00000000
core   0: 0x8000a760 (0x02047eb3) remu    t4, s0, zero
core   0: 3 0x8000a760 (0x02047eb3) x29 0x9d3b8fff
core   0: 0x8000a764 (0x039cfa33) remu    s4, s9, s9
core   0: 3 0x8000a764 (0x039cfa33) x20 0x00000000
core   0: 0x8000a768 (0xe9c3c913) xori    s2, t2, -356
core   0: 3 0x8000a768 (0xe9c3c913) x18 0x8f9f99d0
core   0: 0x8000a76c (0x01b97463) bgeu    s2, s11, pc + 8
core   0: 3 0x8000a76c (0x01b97463)
core   0: 0x8000a774 (0x012e81b3) add     gp, t4, s2
core   0: 3 0x8000a774 (0x012e81b3) x 3 0x2cdb29cf
core   0: 0x8000a778 (0x0117d633) srl     a2, a5, a7
core   0: 3 0x8000a778 (0x0117d633) x12 0x00000001
core   0: 0x8000a77c (0x1dcd7513) andi    a0, s10, 476
core   0: 3 0x8000a77c (0x1dcd7513) x10 0x00000000
core   0: 0x8000a780 (0x00000013) nop
core   0: 3 0x8000a780 (0x00000013)
core   0: 0x8000a784 (0x857f2c13) slti    s8, t5, -1961
core   0: 3 0x8000a784 (0x857f2c13) x24 0x00000000
core   0: 0x8000a788 (0xc2600897) auipc   a7, 0xc2600
core   0: 3 0x8000a788 (0xc2600897) x17 0x4260a788
core   0: 0x8000a78c (0x013a82b3) add     t0, s5, s3
core   0: 3 0x8000a78c (0x013a82b3) x 5 0x80029ced
core   0: 0x8000a790 (0x410ad133) sra     sp, s5, a6
core   0: 3 0x8000a790 (0x410ad133) x 2 0x80029ce4
core   0: 0x8000a794 (0x03cccc33) div     s8, s9, t3
core   0: 3 0x8000a794 (0x03cccc33) x24 0x00000001
core   0: 0x8000a798 (0x0396ee63) bltu    a3, s9, pc + 60
core   0: 3 0x8000a798 (0x0396ee63)
core   0: 0x8000a7d4 (0x01d01493) slli    s1, zero, 29
core   0: 3 0x8000a7d4 (0x01d01493) x 9 0x00000000
core   0: 0x8000a7d8 (0x02588663) beq     a7, t0, pc + 44
core   0: 3 0x8000a7d8 (0x02588663)
core   0: 0x8000a7dc (0x0214d633) divu    a2, s1, ra
core   0: 3 0x8000a7dc (0x0214d633) x12 0xffffffff
core   0: 0x8000a7e0 (0x417050b3) sra     ra, zero, s7
core   0: 3 0x8000a7e0 (0x417050b3) x 1 0x00000000
core   0: 0x8000a7e4 (0x02e74a63) blt     a4, a4, pc + 52
core   0: 3 0x8000a7e4 (0x02e74a63)
core   0: 0x8000a7e8 (0x02e1fa63) bgeu    gp, a4, pc + 52
core   0: 3 0x8000a7e8 (0x02e1fa63)
core   0: 0x8000a81c (0x006dc2b3) xor     t0, s11, t1
core   0: 3 0x8000a81c (0x006dc2b3) x 5 0xfffffffa
core   0: 0x8000a820 (0x395c2c93) slti    s9, s8, 917
core   0: 3 0x8000a820 (0x395c2c93) x25 0x00000001
core   0: 0x8000a824 (0x08c2f397) auipc   t2, 0x8c2f
core   0: 3 0x8000a824 (0x08c2f397) x 7 0x88c39824
core   0: 0x8000a828 (0x7fd70c93) addi    s9, a4, 2045
core   0: 3 0x8000a828 (0x7fd70c93) x25 0x00000803
core   0: 0x8000a82c (0x01f2f3b3) and     t2, t0, t6
core   0: 3 0x8000a82c (0x01f2f3b3) x 7 0x00000002
core   0: 0x8000a830 (0x0b80b513) sltiu   a0, ra, 184
core   0: 3 0x8000a830 (0x0b80b513) x10 0x00000001
core   0: 0x8000a834 (0x0226ec33) rem     s8, a3, sp
core   0: 3 0x8000a834 (0x0226ec33) x24 0x62c47000
core   0: 0x8000a838 (0x0160b0b3) sltu    ra, ra, s6
core   0: 3 0x8000a838 (0x0160b0b3) x 1 0x00000001
core   0: 0x8000a83c (0x03181fb3) mulh    t6, a6, a7
core   0: 3 0x8000a83c (0x03181fb3) x31 0x00000000
core   0: 0x8000a840 (0xec82a293) slti    t0, t0, -312
core   0: 3 0x8000a840 (0xec82a293) x 5 0x00000000
core   0: 0x8000a844 (0x9876e693) ori     a3, a3, -1657
core   0: 3 0x8000a844 (0x9876e693) x13 0xfffff987
core   0: 0x8000a848 (0x01c31a13) slli    s4, t1, 28
core   0: 3 0x8000a848 (0x01c31a13) x20 0xb0000000
core   0: 0x8000a84c (0x40b08333) sub     t1, ra, a1
core   0: 3 0x8000a84c (0x40b08333) x 6 0x59591001
core   0: 0x8000a850 (0x03cd8633) mul     a2, s11, t3
core   0: 3 0x8000a850 (0x03cd8633) x12 0xffffffff
core   0: 0x8000a854 (0xeecff26f) jal     tp, pc - 0x914
core   0: 3 0x8000a854 (0xeecff26f) x 4 0x8000a858
core   0: 0x80009f40 (0x01c47463) bgeu    s0, t3, pc + 8
core   0: 3 0x80009f40 (0x01c47463)
core   0: 0x80009f44 (0x00f66033) or      zero, a2, a5
core   0: 3 0x80009f44 (0x00f66033)
core   0: 0x80009f48 (0xff078793) addi    a5, a5, -16
core   0: 3 0x80009f48 (0xff078793) x15 0x80025e4c
core   0: 0x80009f4c (0xc3b94c13) xori    s8, s2, -965
core   0: 3 0x80009f4c (0xc3b94c13) x24 0x706065eb
core   0: 0x80009f50 (0xd962aa17) auipc   s4, 0xd962a
core   0: 3 0x80009f50 (0xd962aa17) x20 0x59633f50
core   0: 0x80009f54 (0x0047a223) sw      tp, 4(a5)
core   0: 3 0x80009f54 (0x0047a223) mem 0x80025e50 0x8000a858
core   0: 0x80009f58 (0x41395313) srai    t1, s2, 19
core   0: 3 0x80009f58 (0x41395313) x 6 0xfffff1f3
core   0: 0x80009f5c (0x4173d033) sra     zero, t2, s7
core   0: 3 0x80009f5c (0x4173d033)
core   0: 0x80009f60 (0x02815333) divu    t1, sp, s0
core   0: 3 0x80009f60 (0x02815333) x 6 0x00000000
core   0: 0x80009f64 (0x00a00993) li      s3, 10
core   0: 3 0x80009f64 (0x00a00993) x19 0x0000000a
core   0: 0x80009f68 (0xb233f717) auipc   a4, 0xb233f
core   0: 3 0x80009f68 (0xb233f717) x14 0x32348f68
core   0: 0x80009f6c (0x00079733) sll     a4, a5, zero
core   0: 3 0x80009f6c (0x00079733) x14 0x80025e4c
core   0: 0x80009f70 (0x00f00293) li      t0, 15
core   0: 3 0x80009f70 (0x00f00293) x 5 0x0000000f
core   0: 0x80009f74 (0x01160033) add     zero, a2, a7
core   0: 3 0x80009f74 (0x01160033)
core   0: 0x80009f78 (0x023844b3) div     s1, a6, gp
core   0: 3 0x80009f78 (0x023844b3) x 9 0x00000000
core   0: 0x80009f7c (0xf5138cb7) lui     s9, 0xf5138
core   0: 3 0x80009f7c (0xf5138cb7) x25 0xf5138000
core   0: 0x80009f80 (0x406d50b3) sra     ra, s10, t1
core   0: 3 0x80009f80 (0x406d50b3) x 1 0x00000000
core   0: 0x80009f84 (0x00d97233) and     tp, s2, a3
core   0: 3 0x80009f84 (0x00d97233) x 4 0x8f9f9980
core   0: 0x80009f88 (0x40585d13) srai    s10, a6, 5
core   0: 3 0x80009f88 (0x40585d13) x26 0x00000000
core   0: 0x80009f8c (0x74a52c93) slti    s9, a0, 1866
core   0: 3 0x80009f8c (0x74a52c93) x25 0x00000001
core   0: 0x80009f90 (0x00998993) addi    s3, s3, 9
core   0: 3 0x80009f90 (0x00998993) x19 0x00000013
core   0: 0x80009f94 (0x026553b3) divu    t2, a0, t1
core   0: 3 0x80009f94 (0x026553b3) x 7 0xffffffff
core   0: 0x80009f98 (0x0193d1b3) srl     gp, t2, s9
core   0: 3 0x80009f98 (0x0193d1b3) x 3 0x7fffffff
core   0: 0x80009f9c (0x003c55b3) srl     a1, s8, gp
core   0: 3 0x80009f9c (0x003c55b3) x11 0x00000000
core   0: 0x80009fa0 (0x0a9e88b7) lui     a7, 0xa9e8
core   0: 3 0x80009fa0 (0x0a9e88b7) x17 0x0a9e8000
core   0: 0x80009fa4 (0x030a21b3) mulhsu  gp, s4, a6
core   0: 3 0x80009fa4 (0x030a21b3) x 3 0x00000000
core   0: 0x80009fa8 (0xfe59e2e3) bltu    s3, t0, pc - 28
core   0: 3 0x80009fa8 (0xfe59e2e3)
core   0: 0x80009fac (0x0037dd93) srli    s11, a5, 3
core   0: 3 0x80009fac (0x0037dd93) x27 0x10004bc9
core   0: 0x80009fb0 (0xff900493) li      s1, -7
core   0: 3 0x80009fb0 (0xff900493) x 9 0xfffffff9
core   0: 0x80009fb4 (0xccff0193) addi    gp, t5, -817
core   0: 3 0x80009fb4 (0xccff0193) x 3 0xfffffccf
core   0: 0x80009fb8 (0x02307033) remu    zero, zero, gp
core   0: 3 0x80009fb8 (0x02307033)
core   0: 0x80009fbc (0x033a8833) mul     a6, s5, s3
core   0: 3 0x80009fbc (0x033a8833) x16 0x8031a4ec
core   0: 0x80009fc0 (0x01e39a33) sll     s4, t2, t5
core   0: 3 0x80009fc0 (0x01e39a33) x20 0xffffffff
core   0: 0x80009fc4 (0x947b7213) andi    tp, s6, -1721
core   0: 3 0x80009fc4 (0x947b7213) x 4 0x00000001
core   0: 0x80009fc8 (0x00f95713) srli    a4, s2, 15
core   0: 3 0x80009fc8 (0x00f95713) x14 0x00011f3f
core   0: 0x80009fcc (0x0133f3b3) and     t2, t2, s3
core   0: 3 0x80009fcc (0x0133f3b3) x 7 0x00000013
core   0: 0x80009fd0 (0xff400893) li      a7, -12
core   0: 3 0x80009fd0 (0xff400893) x17 0xfffffff4
core   0: 0x80009fd4 (0x013d3833) sltu    a6, s10, s3
core   0: 3 0x80009fd4 (0x013d3833) x16 0x00000001
core   0: 0x80009fd8 (0x03107933) remu    s2, zero, a7
core   0: 3 0x80009fd8 (0x03107933) x18 0x00000000
core   0: 0x80009fdc (0xef527213) andi    tp, tp, -267
core   0: 3 0x80009fdc (0xef527213) x 4 0x00000001
core   0: 0x80009fe0 (0xffe48493) addi    s1, s1, -2
core   0: 3 0x80009fe0 (0xffe48493) x 9 0xfffffff7
core   0: 0x80009fe4 (0x03f6ccb3) div     s9, a3, t6
core   0: 3 0x80009fe4 (0x03f6ccb3) x25 0xffffffff
core   0: 0x80009fe8 (0x0100ddb3) srl     s11, ra, a6
core   0: 3 0x80009fe8 (0x0100ddb3) x27 0x00000000
core   0: 0x80009fec (0x00300d13) li      s10, 3
core   0: 3 0x80009fec (0x00300d13) x26 0x00000003
core   0: 0x80009ff0 (0x41a00233) sub     tp, zero, s10
core   0: 3 0x80009ff0 (0x41a00233) x 4 0xfffffffd
core   0: 0x80009ff4 (0x01300513) li      a0, 19
core   0: 3 0x80009ff4 (0x01300513) x10 0x00000013
core   0: 0x80009ff8 (0x401ade93) srai    t4, s5, 1
core   0: 3 0x80009ff8 (0x401ade93) x29 0xc0014e72
core   0: 0x80009ffc (0x01d09a33) sll     s4, ra, t4
core   0: 3 0x80009ffc (0x01d09a33) x20 0x00000000
core   0: 0x8000a000 (0x41640a13) addi    s4, s0, 1046
core   0: 3 0x8000a000 (0x41640a13) x20 0x9d3b9415
core   0: 0x8000a004 (0x0340a5b3) mulhsu  a1, ra, s4
core   0: 3 0x8000a004 (0x0340a5b3) x11 0x00000000
core   0: 0x8000a008 (0x56b7b137) lui     sp, 0x56b7b
core   0: 3 0x8000a008 (0x56b7b137) x 2 0x56b7b000
core   0: 0x8000a00c (0x03e2c9b3) div     s3, t0, t5
core   0: 3 0x8000a00c (0x03e2c9b3) x19 0xffffffff
core   0: 0x8000a010 (0x001d0d13) addi    s10, s10, 1
core   0: 3 0x8000a010 (0x001d0d13) x26 0x00000004
core   0: 0x8000a014 (0x00dcae33) slt     t3, s9, a3
core   0: 3 0x8000a014 (0x00dcae33) x28 0x00000000
core   0: 0x8000a018 (0xfead14e3) bne     s10, a0, pc - 24
core   0: 3 0x8000a018 (0xfead14e3)
core   0: 0x8000a000 (0x41640a13) addi    s4, s0, 1046
core   0: 3 0x8000a000 (0x41640a13) x20 0x9d3b9415
core   0: 0x8000a004 (0x0340a5b3) mulhsu  a1, ra, s4
core   0: 3 0x8000a004 (0x0340a5b3) x11 0x00000000
core   0: 0x8000a008 (0x56b7b137) lui     sp, 0x56b7b
core   0: 3 0x8000a008 (0x56b7b137) x 2 0x56b7b000
core   0: 0x8000a00c (0x03e2c9b3) div     s3, t0, t5
core   0: 3 0x8000a00c (0x03e2c9b3) x19 0xffffffff
core   0: 0x8000a010 (0x001d0d13) addi    s10, s10, 1
core   0: 3 0x8000a010 (0x001d0d13) x26 0x00000005
core   0: 0x8000a014 (0x00dcae33) slt     t3, s9, a3
core   0: 3 0x8000a014 (0x00dcae33) x28 0x00000000
core   0: 0x8000a018 (0xfead14e3) bne     s10, a0, pc - 24
core   0: 3 0x8000a018 (0xfead14e3)
core   0: 0x8000a000 (0x41640a13) addi    s4, s0, 1046
core   0: 3 0x8000a000 (0x41640a13) x20 0x9d3b9415
core   0: 0x8000a004 (0x0340a5b3) mulhsu  a1, ra, s4
core   0: 3 0x8000a004 (0x0340a5b3) x11 0x00000000
core   0: 0x8000a008 (0x56b7b137) lui     sp, 0x56b7b
core   0: 3 0x8000a008 (0x56b7b137) x 2 0x56b7b000
core   0: 0x8000a00c (0x03e2c9b3) div     s3, t0, t5
core   0: 3 0x8000a00c (0x03e2c9b3) x19 0xffffffff
core   0: 0x8000a010 (0x001d0d13) addi    s10, s10, 1
core   0: 3 0x8000a010 (0x001d0d13) x26 0x00000006
core   0: 0x8000a014 (0x00dcae33) slt     t3, s9, a3
core   0: 3 0x8000a014 (0x00dcae33) x28 0x00000000
core   0: 0x8000a018 (0xfead14e3) bne     s10, a0, pc - 24
core   0: 3 0x8000a018 (0xfead14e3)
core   0: 0x8000a000 (0x41640a13) addi    s4, s0, 1046
core   0: 3 0x8000a000 (0x41640a13) x20 0x9d3b9415
core   0: 0x8000a004 (0x0340a5b3) mulhsu  a1, ra, s4
core   0: 3 0x8000a004 (0x0340a5b3) x11 0x00000000
core   0: 0x8000a008 (0x56b7b137) lui     sp, 0x56b7b
core   0: 3 0x8000a008 (0x56b7b137) x 2 0x56b7b000
core   0: 0x8000a00c (0x03e2c9b3) div     s3, t0, t5
core   0: 3 0x8000a00c (0x03e2c9b3) x19 0xffffffff
core   0: 0x8000a010 (0x001d0d13) addi    s10, s10, 1
core   0: 3 0x8000a010 (0x001d0d13) x26 0x00000007
core   0: 0x8000a014 (0x00dcae33) slt     t3, s9, a3
core   0: 3 0x8000a014 (0x00dcae33) x28 0x00000000
core   0: 0x8000a018 (0xfead14e3) bne     s10, a0, pc - 24
core   0: 3 0x8000a018 (0xfead14e3)
core   0: 0x8000a000 (0x41640a13) addi    s4, s0, 1046
core   0: 3 0x8000a000 (0x41640a13) x20 0x9d3b9415
core   0: 0x8000a004 (0x0340a5b3) mulhsu  a1, ra, s4
core   0: 3 0x8000a004 (0x0340a5b3) x11 0x00000000
core   0: 0x8000a008 (0x56b7b137) lui     sp, 0x56b7b
core   0: 3 0x8000a008 (0x56b7b137) x 2 0x56b7b000
core   0: 0x8000a00c (0x03e2c9b3) div     s3, t0, t5
core   0: 3 0x8000a00c (0x03e2c9b3) x19 0xffffffff
core   0: 0x8000a010 (0x001d0d13) addi    s10, s10, 1
core   0: 3 0x8000a010 (0x001d0d13) x26 0x00000008
core   0: 0x8000a014 (0x00dcae33) slt     t3, s9, a3
core   0: 3 0x8000a014 (0x00dcae33) x28 0x00000000
core   0: 0x8000a018 (0xfead14e3) bne     s10, a0, pc - 24
core   0: 3 0x8000a018 (0xfead14e3)
core   0: 0x8000a000 (0x41640a13) addi    s4, s0, 1046
core   0: 3 0x8000a000 (0x41640a13) x20 0x9d3b9415
core   0: 0x8000a004 (0x0340a5b3) mulhsu  a1, ra, s4
core   0: 3 0x8000a004 (0x0340a5b3) x11 0x00000000
core   0: 0x8000a008 (0x56b7b137) lui     sp, 0x56b7b
core   0: 3 0x8000a008 (0x56b7b137) x 2 0x56b7b000
core   0: 0x8000a00c (0x03e2c9b3) div     s3, t0, t5
core   0: 3 0x8000a00c (0x03e2c9b3) x19 0xffffffff
core   0: 0x8000a010 (0x001d0d13) addi    s10, s10, 1
core   0: 3 0x8000a010 (0x001d0d13) x26 0x00000009
core   0: 0x8000a014 (0x00dcae33) slt     t3, s9, a3
core   0: 3 0x8000a014 (0x00dcae33) x28 0x00000000
core   0: 0x8000a018 (0xfead14e3) bne     s10, a0, pc - 24
core   0: 3 0x8000a018 (0xfead14e3)
core   0: 0x8000a000 (0x41640a13) addi    s4, s0, 1046
core   0: 3 0x8000a000 (0x41640a13) x20 0x9d3b9415
core   0: 0x8000a004 (0x0340a5b3) mulhsu  a1, ra, s4
core   0: 3 0x8000a004 (0x0340a5b3) x11 0x00000000
core   0: 0x8000a008 (0x56b7b137) lui     sp, 0x56b7b
core   0: 3 0x8000a008 (0x56b7b137) x 2 0x56b7b000
core   0: 0x8000a00c (0x03e2c9b3) div     s3, t0, t5
core   0: 3 0x8000a00c (0x03e2c9b3) x19 0xffffffff
core   0: 0x8000a010 (0x001d0d13) addi    s10, s10, 1
core   0: 3 0x8000a010 (0x001d0d13) x26 0x0000000a
core   0: 0x8000a014 (0x00dcae33) slt     t3, s9, a3
core   0: 3 0x8000a014 (0x00dcae33) x28 0x00000000
core   0: 0x8000a018 (0xfead14e3) bne     s10, a0, pc - 24
core   0: 3 0x8000a018 (0xfead14e3)
core   0: 0x8000a000 (0x41640a13) addi    s4, s0, 1046
core   0: 3 0x8000a000 (0x41640a13) x20 0x9d3b9415
core   0: 0x8000a004 (0x0340a5b3) mulhsu  a1, ra, s4
core   0: 3 0x8000a004 (0x0340a5b3) x11 0x00000000
core   0: 0x8000a008 (0x56b7b137) lui     sp, 0x56b7b
core   0: 3 0x8000a008 (0x56b7b137) x 2 0x56b7b000
core   0: 0x8000a00c (0x03e2c9b3) div     s3, t0, t5
core   0: 3 0x8000a00c (0x03e2c9b3) x19 0xffffffff
core   0: 0x8000a010 (0x001d0d13) addi    s10, s10, 1
core   0: 3 0x8000a010 (0x001d0d13) x26 0x0000000b
core   0: 0x8000a014 (0x00dcae33) slt     t3, s9, a3
core   0: 3 0x8000a014 (0x00dcae33) x28 0x00000000
core   0: 0x8000a018 (0xfead14e3) bne     s10, a0, pc - 24
core   0: 3 0x8000a018 (0xfead14e3)
core   0: 0x8000a000 (0x41640a13) addi    s4, s0, 1046
core   0: 3 0x8000a000 (0x41640a13) x20 0x9d3b9415
core   0: 0x8000a004 (0x0340a5b3) mulhsu  a1, ra, s4
core   0: 3 0x8000a004 (0x0340a5b3) x11 0x00000000
core   0: 0x8000a008 (0x56b7b137) lui     sp, 0x56b7b
core   0: 3 0x8000a008 (0x56b7b137) x 2 0x56b7b000
core   0: 0x8000a00c (0x03e2c9b3) div     s3, t0, t5
core   0: 3 0x8000a00c (0x03e2c9b3) x19 0xffffffff
core   0: 0x8000a010 (0x001d0d13) addi    s10, s10, 1
core   0: 3 0x8000a010 (0x001d0d13) x26 0x0000000c
core   0: 0x8000a014 (0x00dcae33) slt     t3, s9, a3
core   0: 3 0x8000a014 (0x00dcae33) x28 0x00000000
core   0: 0x8000a018 (0xfead14e3) bne     s10, a0, pc - 24
core   0: 3 0x8000a018 (0xfead14e3)
core   0: 0x8000a000 (0x41640a13) addi    s4, s0, 1046
core   0: 3 0x8000a000 (0x41640a13) x20 0x9d3b9415
core   0: 0x8000a004 (0x0340a5b3) mulhsu  a1, ra, s4
core   0: 3 0x8000a004 (0x0340a5b3) x11 0x00000000
core   0: 0x8000a008 (0x56b7b137) lui     sp, 0x56b7b
core   0: 3 0x8000a008 (0x56b7b137) x 2 0x56b7b000
core   0: 0x8000a00c (0x03e2c9b3) div     s3, t0, t5
core   0: 3 0x8000a00c (0x03e2c9b3) x19 0xffffffff
core   0: 0x8000a010 (0x001d0d13) addi    s10, s10, 1
core   0: 3 0x8000a010 (0x001d0d13) x26 0x0000000d
core   0: 0x8000a014 (0x00dcae33) slt     t3, s9, a3
core   0: 3 0x8000a014 (0x00dcae33) x28 0x00000000
core   0: 0x8000a018 (0xfead14e3) bne     s10, a0, pc - 24
core   0: 3 0x8000a018 (0xfead14e3)
core   0: 0x8000a000 (0x41640a13) addi    s4, s0, 1046
core   0: 3 0x8000a000 (0x41640a13) x20 0x9d3b9415
core   0: 0x8000a004 (0x0340a5b3) mulhsu  a1, ra, s4
core   0: 3 0x8000a004 (0x0340a5b3) x11 0x00000000
core   0: 0x8000a008 (0x56b7b137) lui     sp, 0x56b7b
core   0: 3 0x8000a008 (0x56b7b137) x 2 0x56b7b000
core   0: 0x8000a00c (0x03e2c9b3) div     s3, t0, t5
core   0: 3 0x8000a00c (0x03e2c9b3) x19 0xffffffff
core   0: 0x8000a010 (0x001d0d13) addi    s10, s10, 1
core   0: 3 0x8000a010 (0x001d0d13) x26 0x0000000e
core   0: 0x8000a014 (0x00dcae33) slt     t3, s9, a3
core   0: 3 0x8000a014 (0x00dcae33) x28 0x00000000
core   0: 0x8000a018 (0xfead14e3) bne     s10, a0, pc - 24
core   0: 3 0x8000a018 (0xfead14e3)
core   0: 0x8000a000 (0x41640a13) addi    s4, s0, 1046
core   0: 3 0x8000a000 (0x41640a13) x20 0x9d3b9415
core   0: 0x8000a004 (0x0340a5b3) mulhsu  a1, ra, s4
core   0: 3 0x8000a004 (0x0340a5b3) x11 0x00000000
core   0: 0x8000a008 (0x56b7b137) lui     sp, 0x56b7b
core   0: 3 0x8000a008 (0x56b7b137) x 2 0x56b7b000
core   0: 0x8000a00c (0x03e2c9b3) div     s3, t0, t5
core   0: 3 0x8000a00c (0x03e2c9b3) x19 0xffffffff
core   0: 0x8000a010 (0x001d0d13) addi    s10, s10, 1
core   0: 3 0x8000a010 (0x001d0d13) x26 0x0000000f
core   0: 0x8000a014 (0x00dcae33) slt     t3, s9, a3
core   0: 3 0x8000a014 (0x00dcae33) x28 0x00000000
core   0: 0x8000a018 (0xfead14e3) bne     s10, a0, pc - 24
core   0: 3 0x8000a018 (0xfead14e3)
core   0: 0x8000a000 (0x41640a13) addi    s4, s0, 1046
core   0: 3 0x8000a000 (0x41640a13) x20 0x9d3b9415
core   0: 0x8000a004 (0x0340a5b3) mulhsu  a1, ra, s4
core   0: 3 0x8000a004 (0x0340a5b3) x11 0x00000000
core   0: 0x8000a008 (0x56b7b137) lui     sp, 0x56b7b
core   0: 3 0x8000a008 (0x56b7b137) x 2 0x56b7b000
core   0: 0x8000a00c (0x03e2c9b3) div     s3, t0, t5
core   0: 3 0x8000a00c (0x03e2c9b3) x19 0xffffffff
core   0: 0x8000a010 (0x001d0d13) addi    s10, s10, 1
core   0: 3 0x8000a010 (0x001d0d13) x26 0x00000010
core   0: 0x8000a014 (0x00dcae33) slt     t3, s9, a3
core   0: 3 0x8000a014 (0x00dcae33) x28 0x00000000
core   0: 0x8000a018 (0xfead14e3) bne     s10, a0, pc - 24
core   0: 3 0x8000a018 (0xfead14e3)
core   0: 0x8000a000 (0x41640a13) addi    s4, s0, 1046
core   0: 3 0x8000a000 (0x41640a13) x20 0x9d3b9415
core   0: 0x8000a004 (0x0340a5b3) mulhsu  a1, ra, s4
core   0: 3 0x8000a004 (0x0340a5b3) x11 0x00000000
core   0: 0x8000a008 (0x56b7b137) lui     sp, 0x56b7b
core   0: 3 0x8000a008 (0x56b7b137) x 2 0x56b7b000
core   0: 0x8000a00c (0x03e2c9b3) div     s3, t0, t5
core   0: 3 0x8000a00c (0x03e2c9b3) x19 0xffffffff
core   0: 0x8000a010 (0x001d0d13) addi    s10, s10, 1
core   0: 3 0x8000a010 (0x001d0d13) x26 0x00000011
core   0: 0x8000a014 (0x00dcae33) slt     t3, s9, a3
core   0: 3 0x8000a014 (0x00dcae33) x28 0x00000000
core   0: 0x8000a018 (0xfead14e3) bne     s10, a0, pc - 24
core   0: 3 0x8000a018 (0xfead14e3)
core   0: 0x8000a000 (0x41640a13) addi    s4, s0, 1046
core   0: 3 0x8000a000 (0x41640a13) x20 0x9d3b9415
core   0: 0x8000a004 (0x0340a5b3) mulhsu  a1, ra, s4
core   0: 3 0x8000a004 (0x0340a5b3) x11 0x00000000
core   0: 0x8000a008 (0x56b7b137) lui     sp, 0x56b7b
core   0: 3 0x8000a008 (0x56b7b137) x 2 0x56b7b000
core   0: 0x8000a00c (0x03e2c9b3) div     s3, t0, t5
core   0: 3 0x8000a00c (0x03e2c9b3) x19 0xffffffff
core   0: 0x8000a010 (0x001d0d13) addi    s10, s10, 1
core   0: 3 0x8000a010 (0x001d0d13) x26 0x00000012
core   0: 0x8000a014 (0x00dcae33) slt     t3, s9, a3
core   0: 3 0x8000a014 (0x00dcae33) x28 0x00000000
core   0: 0x8000a018 (0xfead14e3) bne     s10, a0, pc - 24
core   0: 3 0x8000a018 (0xfead14e3)
core   0: 0x8000a000 (0x41640a13) addi    s4, s0, 1046
core   0: 3 0x8000a000 (0x41640a13) x20 0x9d3b9415
core   0: 0x8000a004 (0x0340a5b3) mulhsu  a1, ra, s4
core   0: 3 0x8000a004 (0x0340a5b3) x11 0x00000000
core   0: 0x8000a008 (0x56b7b137) lui     sp, 0x56b7b
core   0: 3 0x8000a008 (0x56b7b137) x 2 0x56b7b000
core   0: 0x8000a00c (0x03e2c9b3) div     s3, t0, t5
core   0: 3 0x8000a00c (0x03e2c9b3) x19 0xffffffff
core   0: 0x8000a010 (0x001d0d13) addi    s10, s10, 1
core   0: 3 0x8000a010 (0x001d0d13) x26 0x00000013
core   0: 0x8000a014 (0x00dcae33) slt     t3, s9, a3
core   0: 3 0x8000a014 (0x00dcae33) x28 0x00000000
core   0: 0x8000a018 (0xfead14e3) bne     s10, a0, pc - 24
core   0: 3 0x8000a018 (0xfead14e3)
core   0: 0x8000a01c (0x01a2b0b3) sltu    ra, t0, s10
core   0: 3 0x8000a01c (0x01a2b0b3) x 1 0x00000001
core   0: 0x8000a020 (0xa683b113) sltiu   sp, t2, -1432
core   0: 3 0x8000a020 (0xa683b113) x 2 0x00000001
core   0: 0x8000a024 (0x66a88917) auipc   s2, 0x66a88
core   0: 3 0x8000a024 (0x66a88917) x18 0xe6a92024
core   0: 0x8000a028 (0xfb14d6e3) bge     s1, a7, pc - 84
core   0: 3 0x8000a028 (0xfb14d6e3)
core   0: 0x80009fd4 (0x013d3833) sltu    a6, s10, s3
core   0: 3 0x80009fd4 (0x013d3833) x16 0x00000001
core   0: 0x80009fd8 (0x03107933) remu    s2, zero, a7
core   0: 3 0x80009fd8 (0x03107933) x18 0x00000000
core   0: 0x80009fdc (0xef527213) andi    tp, tp, -267
core   0: 3 0x80009fdc (0xef527213) x 4 0xfffffef5
core   0: 0x80009fe0 (0xffe48493) addi    s1, s1, -2
core   0: 3 0x80009fe0 (0xffe48493) x 9 0xfffffff5
core   0: 0x80009fe4 (0x03f6ccb3) div     s9, a3, t6
core   0: 3 0x80009fe4 (0x03f6ccb3) x25 0xffffffff
core   0: 0x80009fe8 (0x0100ddb3) srl     s11, ra, a6
core   0: 3 0x80009fe8 (0x0100ddb3) x27 0x00000000
core   0: 0x80009fec (0x00300d13) li      s10, 3
core   0: 3 0x80009fec (0x00300d13) x26 0x00000003
core   0: 0x80009ff0 (0x41a00233) sub     tp, zero, s10
core   0: 3 0x80009ff0 (0x41a00233) x 4 0xfffffffd
core   0: 0x80009ff4 (0x01300513) li      a0, 19
core   0: 3 0x80009ff4 (0x01300513) x10 0x00000013
core   0: 0x80009ff8 (0x401ade93) srai    t4, s5, 1
core   0: 3 0x80009ff8 (0x401ade93) x29 0xc0014e72
core   0: 0x80009ffc (0x01d09a33) sll     s4, ra, t4
core   0: 3 0x80009ffc (0x01d09a33) x20 0x00040000
core   0: 0x8000a000 (0x41640a13) addi    s4, s0, 1046
core   0: 3 0x8000a000 (0x41640a13) x20 0x9d3b9415
core   0: 0x8000a004 (0x0340a5b3) mulhsu  a1, ra, s4
core   0: 3 0x8000a004 (0x0340a5b3) x11 0x00000000
core   0: 0x8000a008 (0x56b7b137) lui     sp, 0x56b7b
core   0: 3 0x8000a008 (0x56b7b137) x 2 0x56b7b000
core   0: 0x8000a00c (0x03e2c9b3) div     s3, t0, t5
core   0: 3 0x8000a00c (0x03e2c9b3) x19 0xffffffff
core   0: 0x8000a010 (0x001d0d13) addi    s10, s10, 1
core   0: 3 0x8000a010 (0x001d0d13) x26 0x00000004
core   0: 0x8000a014 (0x00dcae33) slt     t3, s9, a3
core   0: 3 0x8000a014 (0x00dcae33) x28 0x00000000
core   0: 0x8000a018 (0xfead14e3) bne     s10, a0, pc - 24
core   0: 3 0x8000a018 (0xfead14e3)
core   0: 0x8000a000 (0x41640a13) addi    s4, s0, 1046
core   0: 3 0x8000a000 (0x41640a13) x20 0x9d3b9415
core   0: 0x8000a004 (0x0340a5b3) mulhsu  a1, ra, s4
core   0: 3 0x8000a004 (0x0340a5b3) x11 0x00000000
core   0: 0x8000a008 (0x56b7b137) lui     sp, 0x56b7b
core   0: 3 0x8000a008 (0x56b7b137) x 2 0x56b7b000
core   0: 0x8000a00c (0x03e2c9b3) div     s3, t0, t5
core   0: 3 0x8000a00c (0x03e2c9b3) x19 0xffffffff
core   0: 0x8000a010 (0x001d0d13) addi    s10, s10, 1
core   0: 3 0x8000a010 (0x001d0d13) x26 0x00000005
core   0: 0x8000a014 (0x00dcae33) slt     t3, s9, a3
core   0: 3 0x8000a014 (0x00dcae33) x28 0x00000000
core   0: 0x8000a018 (0xfead14e3) bne     s10, a0, pc - 24
core   0: 3 0x8000a018 (0xfead14e3)
core   0: 0x8000a000 (0x41640a13) addi    s4, s0, 1046
core   0: 3 0x8000a000 (0x41640a13) x20 0x9d3b9415
core   0: 0x8000a004 (0x0340a5b3) mulhsu  a1, ra, s4
core   0: 3 0x8000a004 (0x0340a5b3) x11 0x00000000
core   0: 0x8000a008 (0x56b7b137) lui     sp, 0x56b7b
core   0: 3 0x8000a008 (0x56b7b137) x 2 0x56b7b000
core   0: 0x8000a00c (0x03e2c9b3) div     s3, t0, t5
core   0: 3 0x8000a00c (0x03e2c9b3) x19 0xffffffff
core   0: 0x8000a010 (0x001d0d13) addi    s10, s10, 1
core   0: 3 0x8000a010 (0x001d0d13) x26 0x00000006
core   0: 0x8000a014 (0x00dcae33) slt     t3, s9, a3
core   0: 3 0x8000a014 (0x00dcae33) x28 0x00000000
core   0: 0x8000a018 (0xfead14e3) bne     s10, a0, pc - 24
core   0: 3 0x8000a018 (0xfead14e3)
core   0: 0x8000a000 (0x41640a13) addi    s4, s0, 1046
core   0: 3 0x8000a000 (0x41640a13) x20 0x9d3b9415
core   0: 0x8000a004 (0x0340a5b3) mulhsu  a1, ra, s4
core   0: 3 0x8000a004 (0x0340a5b3) x11 0x00000000
core   0: 0x8000a008 (0x56b7b137) lui     sp, 0x56b7b
core   0: 3 0x8000a008 (0x56b7b137) x 2 0x56b7b000
core   0: 0x8000a00c (0x03e2c9b3) div     s3, t0, t5
core   0: 3 0x8000a00c (0x03e2c9b3) x19 0xffffffff
core   0: 0x8000a010 (0x001d0d13) addi    s10, s10, 1
core   0: 3 0x8000a010 (0x001d0d13) x26 0x00000007
core   0: 0x8000a014 (0x00dcae33) slt     t3, s9, a3
core   0: 3 0x8000a014 (0x00dcae33) x28 0x00000000
core   0: 0x8000a018 (0xfead14e3) bne     s10, a0, pc - 24
core   0: 3 0x8000a018 (0xfead14e3)
core   0: 0x8000a000 (0x41640a13) addi    s4, s0, 1046
core   0: 3 0x8000a000 (0x41640a13) x20 0x9d3b9415
core   0: 0x8000a004 (0x0340a5b3) mulhsu  a1, ra, s4
core   0: 3 0x8000a004 (0x0340a5b3) x11 0x00000000
core   0: 0x8000a008 (0x56b7b137) lui     sp, 0x56b7b
core   0: 3 0x8000a008 (0x56b7b137) x 2 0x56b7b000
core   0: 0x8000a00c (0x03e2c9b3) div     s3, t0, t5
core   0: 3 0x8000a00c (0x03e2c9b3) x19 0xffffffff
core   0: 0x8000a010 (0x001d0d13) addi    s10, s10, 1
core   0: 3 0x8000a010 (0x001d0d13) x26 0x00000008
core   0: 0x8000a014 (0x00dcae33) slt     t3, s9, a3
core   0: 3 0x8000a014 (0x00dcae33) x28 0x00000000
core   0: 0x8000a018 (0xfead14e3) bne     s10, a0, pc - 24
core   0: 3 0x8000a018 (0xfead14e3)
core   0: 0x8000a000 (0x41640a13) addi    s4, s0, 1046
core   0: 3 0x8000a000 (0x41640a13) x20 0x9d3b9415
core   0: 0x8000a004 (0x0340a5b3) mulhsu  a1, ra, s4
core   0: 3 0x8000a004 (0x0340a5b3) x11 0x00000000
core   0: 0x8000a008 (0x56b7b137) lui     sp, 0x56b7b
core   0: 3 0x8000a008 (0x56b7b137) x 2 0x56b7b000
core   0: 0x8000a00c (0x03e2c9b3) div     s3, t0, t5
core   0: 3 0x8000a00c (0x03e2c9b3) x19 0xffffffff
core   0: 0x8000a010 (0x001d0d13) addi    s10, s10, 1
core   0: 3 0x8000a010 (0x001d0d13) x26 0x00000009
core   0: 0x8000a014 (0x00dcae33) slt     t3, s9, a3
core   0: 3 0x8000a014 (0x00dcae33) x28 0x00000000
core   0: 0x8000a018 (0xfead14e3) bne     s10, a0, pc - 24
core   0: 3 0x8000a018 (0xfead14e3)
core   0: 0x8000a000 (0x41640a13) addi    s4, s0, 1046
core   0: 3 0x8000a000 (0x41640a13) x20 0x9d3b9415
core   0: 0x8000a004 (0x0340a5b3) mulhsu  a1, ra, s4
core   0: 3 0x8000a004 (0x0340a5b3) x11 0x00000000
core   0: 0x8000a008 (0x56b7b137) lui     sp, 0x56b7b
core   0: 3 0x8000a008 (0x56b7b137) x 2 0x56b7b000
core   0: 0x8000a00c (0x03e2c9b3) div     s3, t0, t5
core   0: 3 0x8000a00c (0x03e2c9b3) x19 0xffffffff
core   0: 0x8000a010 (0x001d0d13) addi    s10, s10, 1
core   0: 3 0x8000a010 (0x001d0d13) x26 0x0000000a
core   0: 0x8000a014 (0x00dcae33) slt     t3, s9, a3
core   0: 3 0x8000a014 (0x00dcae33) x28 0x00000000
core   0: 0x8000a018 (0xfead14e3) bne     s10, a0, pc - 24
core   0: 3 0x8000a018 (0xfead14e3)
core   0: 0x8000a000 (0x41640a13) addi    s4, s0, 1046
core   0: 3 0x8000a000 (0x41640a13) x20 0x9d3b9415
core   0: 0x8000a004 (0x0340a5b3) mulhsu  a1, ra, s4
core   0: 3 0x8000a004 (0x0340a5b3) x11 0x00000000
core   0: 0x8000a008 (0x56b7b137) lui     sp, 0x56b7b
core   0: 3 0x8000a008 (0x56b7b137) x 2 0x56b7b000
core   0: 0x8000a00c (0x03e2c9b3) div     s3, t0, t5
core   0: 3 0x8000a00c (0x03e2c9b3) x19 0xffffffff
core   0: 0x8000a010 (0x001d0d13) addi    s10, s10, 1
core   0: 3 0x8000a010 (0x001d0d13) x26 0x0000000b
core   0: 0x8000a014 (0x00dcae33) slt     t3, s9, a3
core   0: 3 0x8000a014 (0x00dcae33) x28 0x00000000
core   0: 0x8000a018 (0xfead14e3) bne     s10, a0, pc - 24
core   0: 3 0x8000a018 (0xfead14e3)
core   0: 0x8000a000 (0x41640a13) addi    s4, s0, 1046
core   0: 3 0x8000a000 (0x41640a13) x20 0x9d3b9415
core   0: 0x8000a004 (0x0340a5b3) mulhsu  a1, ra, s4
core   0: 3 0x8000a004 (0x0340a5b3) x11 0x00000000
core   0: 0x8000a008 (0x56b7b137) lui     sp, 0x56b7b
core   0: 3 0x8000a008 (0x56b7b137) x 2 0x56b7b000
core   0: 0x8000a00c (0x03e2c9b3) div     s3, t0, t5
core   0: 3 0x8000a00c (0x03e2c9b3) x19 0xffffffff
core   0: 0x8000a010 (0x001d0d13) addi    s10, s10, 1
core   0: 3 0x8000a010 (0x001d0d13) x26 0x0000000c
core   0: 0x8000a014 (0x00dcae33) slt     t3, s9, a3
core   0: 3 0x8000a014 (0x00dcae33) x28 0x00000000
core   0: 0x8000a018 (0xfead14e3) bne     s10, a0, pc - 24
core   0: 3 0x8000a018 (0xfead14e3)
core   0: 0x8000a000 (0x41640a13) addi    s4, s0, 1046
core   0: 3 0x8000a000 (0x41640a13) x20 0x9d3b9415
core   0: 0x8000a004 (0x0340a5b3) mulhsu  a1, ra, s4
core   0: 3 0x8000a004 (0x0340a5b3) x11 0x00000000
core   0: 0x8000a008 (0x56b7b137) lui     sp, 0x56b7b
core   0: 3 0x8000a008 (0x56b7b137) x 2 0x56b7b000
core   0: 0x8000a00c (0x03e2c9b3) div     s3, t0, t5
core   0: 3 0x8000a00c (0x03e2c9b3) x19 0xffffffff
core   0: 0x8000a010 (0x001d0d13) addi    s10, s10, 1
core   0: 3 0x8000a010 (0x001d0d13) x26 0x0000000d
core   0: 0x8000a014 (0x00dcae33) slt     t3, s9, a3
core   0: 3 0x8000a014 (0x00dcae33) x28 0x00000000
core   0: 0x8000a018 (0xfead14e3) bne     s10, a0, pc - 24
core   0: 3 0x8000a018 (0xfead14e3)
core   0: 0x8000a000 (0x41640a13) addi    s4, s0, 1046
core   0: 3 0x8000a000 (0x41640a13) x20 0x9d3b9415
core   0: 0x8000a004 (0x0340a5b3) mulhsu  a1, ra, s4
core   0: 3 0x8000a004 (0x0340a5b3) x11 0x00000000
core   0: 0x8000a008 (0x56b7b137) lui     sp, 0x56b7b
core   0: 3 0x8000a008 (0x56b7b137) x 2 0x56b7b000
core   0: 0x8000a00c (0x03e2c9b3) div     s3, t0, t5
core   0: 3 0x8000a00c (0x03e2c9b3) x19 0xffffffff
core   0: 0x8000a010 (0x001d0d13) addi    s10, s10, 1
core   0: 3 0x8000a010 (0x001d0d13) x26 0x0000000e
core   0: 0x8000a014 (0x00dcae33) slt     t3, s9, a3
core   0: 3 0x8000a014 (0x00dcae33) x28 0x00000000
core   0: 0x8000a018 (0xfead14e3) bne     s10, a0, pc - 24
core   0: 3 0x8000a018 (0xfead14e3)
core   0: 0x8000a000 (0x41640a13) addi    s4, s0, 1046
core   0: 3 0x8000a000 (0x41640a13) x20 0x9d3b9415
core   0: 0x8000a004 (0x0340a5b3) mulhsu  a1, ra, s4
core   0: 3 0x8000a004 (0x0340a5b3) x11 0x00000000
core   0: 0x8000a008 (0x56b7b137) lui     sp, 0x56b7b
core   0: 3 0x8000a008 (0x56b7b137) x 2 0x56b7b000
core   0: 0x8000a00c (0x03e2c9b3) div     s3, t0, t5
core   0: 3 0x8000a00c (0x03e2c9b3) x19 0xffffffff
core   0: 0x8000a010 (0x001d0d13) addi    s10, s10, 1
core   0: 3 0x8000a010 (0x001d0d13) x26 0x0000000f
core   0: 0x8000a014 (0x00dcae33) slt     t3, s9, a3
core   0: 3 0x8000a014 (0x00dcae33) x28 0x00000000
core   0: 0x8000a018 (0xfead14e3) bne     s10, a0, pc - 24
core   0: 3 0x8000a018 (0xfead14e3)
core   0: 0x8000a000 (0x41640a13) addi    s4, s0, 1046
core   0: 3 0x8000a000 (0x41640a13) x20 0x9d3b9415
core   0: 0x8000a004 (0x0340a5b3) mulhsu  a1, ra, s4
core   0: 3 0x8000a004 (0x0340a5b3) x11 0x00000000
core   0: 0x8000a008 (0x56b7b137) lui     sp, 0x56b7b
core   0: 3 0x8000a008 (0x56b7b137) x 2 0x56b7b000
core   0: 0x8000a00c (0x03e2c9b3) div     s3, t0, t5
core   0: 3 0x8000a00c (0x03e2c9b3) x19 0xffffffff
core   0: 0x8000a010 (0x001d0d13) addi    s10, s10, 1
core   0: 3 0x8000a010 (0x001d0d13) x26 0x00000010
core   0: 0x8000a014 (0x00dcae33) slt     t3, s9, a3
core   0: 3 0x8000a014 (0x00dcae33) x28 0x00000000
core   0: 0x8000a018 (0xfead14e3) bne     s10, a0, pc - 24
core   0: 3 0x8000a018 (0xfead14e3)
core   0: 0x8000a000 (0x41640a13) addi    s4, s0, 1046
core   0: 3 0x8000a000 (0x41640a13) x20 0x9d3b9415
core   0: 0x8000a004 (0x0340a5b3) mulhsu  a1, ra, s4
core   0: 3 0x8000a004 (0x0340a5b3) x11 0x00000000
core   0: 0x8000a008 (0x56b7b137) lui     sp, 0x56b7b
core   0: 3 0x8000a008 (0x56b7b137) x 2 0x56b7b000
core   0: 0x8000a00c (0x03e2c9b3) div     s3, t0, t5
core   0: 3 0x8000a00c (0x03e2c9b3) x19 0xffffffff
core   0: 0x8000a010 (0x001d0d13) addi    s10, s10, 1
core   0: 3 0x8000a010 (0x001d0d13) x26 0x00000011
core   0: 0x8000a014 (0x00dcae33) slt     t3, s9, a3
core   0: 3 0x8000a014 (0x00dcae33) x28 0x00000000
core   0: 0x8000a018 (0xfead14e3) bne     s10, a0, pc - 24
core   0: 3 0x8000a018 (0xfead14e3)
core   0: 0x8000a000 (0x41640a13) addi    s4, s0, 1046
core   0: 3 0x8000a000 (0x41640a13) x20 0x9d3b9415
core   0: 0x8000a004 (0x0340a5b3) mulhsu  a1, ra, s4
core   0: 3 0x8000a004 (0x0340a5b3) x11 0x00000000
core   0: 0x8000a008 (0x56b7b137) lui     sp, 0x56b7b
core   0: 3 0x8000a008 (0x56b7b137) x 2 0x56b7b000
core   0: 0x8000a00c (0x03e2c9b3) div     s3, t0, t5
core   0: 3 0x8000a00c (0x03e2c9b3) x19 0xffffffff
core   0: 0x8000a010 (0x001d0d13) addi    s10, s10, 1
core   0: 3 0x8000a010 (0x001d0d13) x26 0x00000012
core   0: 0x8000a014 (0x00dcae33) slt     t3, s9, a3
core   0: 3 0x8000a014 (0x00dcae33) x28 0x00000000
core   0: 0x8000a018 (0xfead14e3) bne     s10, a0, pc - 24
core   0: 3 0x8000a018 (0xfead14e3)
core   0: 0x8000a000 (0x41640a13) addi    s4, s0, 1046
core   0: 3 0x8000a000 (0x41640a13) x20 0x9d3b9415
core   0: 0x8000a004 (0x0340a5b3) mulhsu  a1, ra, s4
core   0: 3 0x8000a004 (0x0340a5b3) x11 0x00000000
core   0: 0x8000a008 (0x56b7b137) lui     sp, 0x56b7b
core   0: 3 0x8000a008 (0x56b7b137) x 2 0x56b7b000
core   0: 0x8000a00c (0x03e2c9b3) div     s3, t0, t5
core   0: 3 0x8000a00c (0x03e2c9b3) x19 0xffffffff
core   0: 0x8000a010 (0x001d0d13) addi    s10, s10, 1
core   0: 3 0x8000a010 (0x001d0d13) x26 0x00000013
core   0: 0x8000a014 (0x00dcae33) slt     t3, s9, a3
core   0: 3 0x8000a014 (0x00dcae33) x28 0x00000000
core   0: 0x8000a018 (0xfead14e3) bne     s10, a0, pc - 24
core   0: 3 0x8000a018 (0xfead14e3)
core   0: 0x8000a01c (0x01a2b0b3) sltu    ra, t0, s10
core   0: 3 0x8000a01c (0x01a2b0b3) x 1 0x00000001
core   0: 0x8000a020 (0xa683b113) sltiu   sp, t2, -1432
core   0: 3 0x8000a020 (0xa683b113) x 2 0x00000001
core   0: 0x8000a024 (0x66a88917) auipc   s2, 0x66a88
core   0: 3 0x8000a024 (0x66a88917) x18 0xe6a92024
core   0: 0x8000a028 (0xfb14d6e3) bge     s1, a7, pc - 84
core   0: 3 0x8000a028 (0xfb14d6e3)
core   0: 0x80009fd4 (0x013d3833) sltu    a6, s10, s3
core   0: 3 0x80009fd4 (0x013d3833) x16 0x00000001
core   0: 0x80009fd8 (0x03107933) remu    s2, zero, a7
core   0: 3 0x80009fd8 (0x03107933) x18 0x00000000
core   0: 0x80009fdc (0xef527213) andi    tp, tp, -267
core   0: 3 0x80009fdc (0xef527213) x 4 0xfffffef5
core   0: 0x80009fe0 (0xffe48493) addi    s1, s1, -2
core   0: 3 0x80009fe0 (0xffe48493) x 9 0xfffffff3
core   0: 0x80009fe4 (0x03f6ccb3) div     s9, a3, t6
core   0: 3 0x80009fe4 (0x03f6ccb3) x25 0xffffffff
core   0: 0x80009fe8 (0x0100ddb3) srl     s11, ra, a6
core   0: 3 0x80009fe8 (0x0100ddb3) x27 0x00000000
core   0: 0x80009fec (0x00300d13) li      s10, 3
core   0: 3 0x80009fec (0x00300d13) x26 0x00000003
core   0: 0x80009ff0 (0x41a00233) sub     tp, zero, s10
core   0: 3 0x80009ff0 (0x41a00233) x 4 0xfffffffd
core   0: 0x80009ff4 (0x01300513) li      a0, 19
core   0: 3 0x80009ff4 (0x01300513) x10 0x00000013
core   0: 0x80009ff8 (0x401ade93) srai    t4, s5, 1
core   0: 3 0x80009ff8 (0x401ade93) x29 0xc0014e72
core   0: 0x80009ffc (0x01d09a33) sll     s4, ra, t4
core   0: 3 0x80009ffc (0x01d09a33) x20 0x00040000
core   0: 0x8000a000 (0x41640a13) addi    s4, s0, 1046
core   0: 3 0x8000a000 (0x41640a13) x20 0x9d3b9415
core   0: 0x8000a004 (0x0340a5b3) mulhsu  a1, ra, s4
core   0: 3 0x8000a004 (0x0340a5b3) x11 0x00000000
core   0: 0x8000a008 (0x56b7b137) lui     sp, 0x56b7b
core   0: 3 0x8000a008 (0x56b7b137) x 2 0x56b7b000
core   0: 0x8000a00c (0x03e2c9b3) div     s3, t0, t5
core   0: 3 0x8000a00c (0x03e2c9b3) x19 0xffffffff
core   0: 0x8000a010 (0x001d0d13) addi    s10, s10, 1
core   0: 3 0x8000a010 (0x001d0d13) x26 0x00000004
core   0: 0x8000a014 (0x00dcae33) slt     t3, s9, a3
core   0: 3 0x8000a014 (0x00dcae33) x28 0x00000000
core   0: 0x8000a018 (0xfead14e3) bne     s10, a0, pc - 24
core   0: 3 0x8000a018 (0xfead14e3)
core   0: 0x8000a000 (0x41640a13) addi    s4, s0, 1046
core   0: 3 0x8000a000 (0x41640a13) x20 0x9d3b9415
core   0: 0x8000a004 (0x0340a5b3) mulhsu  a1, ra, s4
core   0: 3 0x8000a004 (0x0340a5b3) x11 0x00000000
core   0: 0x8000a008 (0x56b7b137) lui     sp, 0x56b7b
core   0: 3 0x8000a008 (0x56b7b137) x 2 0x56b7b000
core   0: 0x8000a00c (0x03e2c9b3) div     s3, t0, t5
core   0: 3 0x8000a00c (0x03e2c9b3) x19 0xffffffff
core   0: 0x8000a010 (0x001d0d13) addi    s10, s10, 1
core   0: 3 0x8000a010 (0x001d0d13) x26 0x00000005
core   0: 0x8000a014 (0x00dcae33) slt     t3, s9, a3
core   0: 3 0x8000a014 (0x00dcae33) x28 0x00000000
core   0: 0x8000a018 (0xfead14e3) bne     s10, a0, pc - 24
core   0: 3 0x8000a018 (0xfead14e3)
core   0: 0x8000a000 (0x41640a13) addi    s4, s0, 1046
core   0: 3 0x8000a000 (0x41640a13) x20 0x9d3b9415
core   0: 0x8000a004 (0x0340a5b3) mulhsu  a1, ra, s4
core   0: 3 0x8000a004 (0x0340a5b3) x11 0x00000000
core   0: 0x8000a008 (0x56b7b137) lui     sp, 0x56b7b
core   0: 3 0x8000a008 (0x56b7b137) x 2 0x56b7b000
core   0: 0x8000a00c (0x03e2c9b3) div     s3, t0, t5
core   0: 3 0x8000a00c (0x03e2c9b3) x19 0xffffffff
core   0: 0x8000a010 (0x001d0d13) addi    s10, s10, 1
core   0: 3 0x8000a010 (0x001d0d13) x26 0x00000006
core   0: 0x8000a014 (0x00dcae33) slt     t3, s9, a3
core   0: 3 0x8000a014 (0x00dcae33) x28 0x00000000
core   0: 0x8000a018 (0xfead14e3) bne     s10, a0, pc - 24
core   0: 3 0x8000a018 (0xfead14e3)
core   0: 0x8000a000 (0x41640a13) addi    s4, s0, 1046
core   0: 3 0x8000a000 (0x41640a13) x20 0x9d3b9415
core   0: 0x8000a004 (0x0340a5b3) mulhsu  a1, ra, s4
core   0: 3 0x8000a004 (0x0340a5b3) x11 0x00000000
core   0: 0x8000a008 (0x56b7b137) lui     sp, 0x56b7b
core   0: 3 0x8000a008 (0x56b7b137) x 2 0x56b7b000
core   0: 0x8000a00c (0x03e2c9b3) div     s3, t0, t5
core   0: 3 0x8000a00c (0x03e2c9b3) x19 0xffffffff
core   0: 0x8000a010 (0x001d0d13) addi    s10, s10, 1
core   0: 3 0x8000a010 (0x001d0d13) x26 0x00000007
core   0: 0x8000a014 (0x00dcae33) slt     t3, s9, a3
core   0: 3 0x8000a014 (0x00dcae33) x28 0x00000000
core   0: 0x8000a018 (0xfead14e3) bne     s10, a0, pc - 24
core   0: 3 0x8000a018 (0xfead14e3)
core   0: 0x8000a000 (0x41640a13) addi    s4, s0, 1046
core   0: 3 0x8000a000 (0x41640a13) x20 0x9d3b9415
core   0: 0x8000a004 (0x0340a5b3) mulhsu  a1, ra, s4
core   0: 3 0x8000a004 (0x0340a5b3) x11 0x00000000
core   0: 0x8000a008 (0x56b7b137) lui     sp, 0x56b7b
core   0: 3 0x8000a008 (0x56b7b137) x 2 0x56b7b000
core   0: 0x8000a00c (0x03e2c9b3) div     s3, t0, t5
core   0: 3 0x8000a00c (0x03e2c9b3) x19 0xffffffff
core   0: 0x8000a010 (0x001d0d13) addi    s10, s10, 1
core   0: 3 0x8000a010 (0x001d0d13) x26 0x00000008
core   0: 0x8000a014 (0x00dcae33) slt     t3, s9, a3
core   0: 3 0x8000a014 (0x00dcae33) x28 0x00000000
core   0: 0x8000a018 (0xfead14e3) bne     s10, a0, pc - 24
core   0: 3 0x8000a018 (0xfead14e3)
core   0: 0x8000a000 (0x41640a13) addi    s4, s0, 1046
core   0: 3 0x8000a000 (0x41640a13) x20 0x9d3b9415
core   0: 0x8000a004 (0x0340a5b3) mulhsu  a1, ra, s4
core   0: 3 0x8000a004 (0x0340a5b3) x11 0x00000000
core   0: 0x8000a008 (0x56b7b137) lui     sp, 0x56b7b
core   0: 3 0x8000a008 (0x56b7b137) x 2 0x56b7b000
core   0: 0x8000a00c (0x03e2c9b3) div     s3, t0, t5
core   0: 3 0x8000a00c (0x03e2c9b3) x19 0xffffffff
core   0: 0x8000a010 (0x001d0d13) addi    s10, s10, 1
core   0: 3 0x8000a010 (0x001d0d13) x26 0x00000009
core   0: 0x8000a014 (0x00dcae33) slt     t3, s9, a3
core   0: 3 0x8000a014 (0x00dcae33) x28 0x00000000
core   0: 0x8000a018 (0xfead14e3) bne     s10, a0, pc - 24
core   0: 3 0x8000a018 (0xfead14e3)
core   0: 0x8000a000 (0x41640a13) addi    s4, s0, 1046
core   0: 3 0x8000a000 (0x41640a13) x20 0x9d3b9415
core   0: 0x8000a004 (0x0340a5b3) mulhsu  a1, ra, s4
core   0: 3 0x8000a004 (0x0340a5b3) x11 0x00000000
core   0: 0x8000a008 (0x56b7b137) lui     sp, 0x56b7b
core   0: 3 0x8000a008 (0x56b7b137) x 2 0x56b7b000
core   0: 0x8000a00c (0x03e2c9b3) div     s3, t0, t5
core   0: 3 0x8000a00c (0x03e2c9b3) x19 0xffffffff
core   0: 0x8000a010 (0x001d0d13) addi    s10, s10, 1
core   0: 3 0x8000a010 (0x001d0d13) x26 0x0000000a
core   0: 0x8000a014 (0x00dcae33) slt     t3, s9, a3
core   0: 3 0x8000a014 (0x00dcae33) x28 0x00000000
core   0: 0x8000a018 (0xfead14e3) bne     s10, a0, pc - 24
core   0: 3 0x8000a018 (0xfead14e3)
core   0: 0x8000a000 (0x41640a13) addi    s4, s0, 1046
core   0: 3 0x8000a000 (0x41640a13) x20 0x9d3b9415
core   0: 0x8000a004 (0x0340a5b3) mulhsu  a1, ra, s4
core   0: 3 0x8000a004 (0x0340a5b3) x11 0x00000000
core   0: 0x8000a008 (0x56b7b137) lui     sp, 0x56b7b
core   0: 3 0x8000a008 (0x56b7b137) x 2 0x56b7b000
core   0: 0x8000a00c (0x03e2c9b3) div     s3, t0, t5
core   0: 3 0x8000a00c (0x03e2c9b3) x19 0xffffffff
core   0: 0x8000a010 (0x001d0d13) addi    s10, s10, 1
core   0: 3 0x8000a010 (0x001d0d13) x26 0x0000000b
core   0: 0x8000a014 (0x00dcae33) slt     t3, s9, a3
core   0: 3 0x8000a014 (0x00dcae33) x28 0x00000000
core   0: 0x8000a018 (0xfead14e3) bne     s10, a0, pc - 24
core   0: 3 0x8000a018 (0xfead14e3)
core   0: 0x8000a000 (0x41640a13) addi    s4, s0, 1046
core   0: 3 0x8000a000 (0x41640a13) x20 0x9d3b9415
core   0: 0x8000a004 (0x0340a5b3) mulhsu  a1, ra, s4
core   0: 3 0x8000a004 (0x0340a5b3) x11 0x00000000
core   0: 0x8000a008 (0x56b7b137) lui     sp, 0x56b7b
core   0: 3 0x8000a008 (0x56b7b137) x 2 0x56b7b000
core   0: 0x8000a00c (0x03e2c9b3) div     s3, t0, t5
core   0: 3 0x8000a00c (0x03e2c9b3) x19 0xffffffff
core   0: 0x8000a010 (0x001d0d13) addi    s10, s10, 1
core   0: 3 0x8000a010 (0x001d0d13) x26 0x0000000c
core   0: 0x8000a014 (0x00dcae33) slt     t3, s9, a3
core   0: 3 0x8000a014 (0x00dcae33) x28 0x00000000
core   0: 0x8000a018 (0xfead14e3) bne     s10, a0, pc - 24
core   0: 3 0x8000a018 (0xfead14e3)
core   0: 0x8000a000 (0x41640a13) addi    s4, s0, 1046
core   0: 3 0x8000a000 (0x41640a13) x20 0x9d3b9415
core   0: 0x8000a004 (0x0340a5b3) mulhsu  a1, ra, s4
core   0: 3 0x8000a004 (0x0340a5b3) x11 0x00000000
core   0: 0x8000a008 (0x56b7b137) lui     sp, 0x56b7b
core   0: 3 0x8000a008 (0x56b7b137) x 2 0x56b7b000
core   0: 0x8000a00c (0x03e2c9b3) div     s3, t0, t5
core   0: 3 0x8000a00c (0x03e2c9b3) x19 0xffffffff
core   0: 0x8000a010 (0x001d0d13) addi    s10, s10, 1
core   0: 3 0x8000a010 (0x001d0d13) x26 0x0000000d
core   0: 0x8000a014 (0x00dcae33) slt     t3, s9, a3
core   0: 3 0x8000a014 (0x00dcae33) x28 0x00000000
core   0: 0x8000a018 (0xfead14e3) bne     s10, a0, pc - 24
core   0: 3 0x8000a018 (0xfead14e3)
core   0: 0x8000a000 (0x41640a13) addi    s4, s0, 1046
core   0: 3 0x8000a000 (0x41640a13) x20 0x9d3b9415
core   0: 0x8000a004 (0x0340a5b3) mulhsu  a1, ra, s4
core   0: 3 0x8000a004 (0x0340a5b3) x11 0x00000000
core   0: 0x8000a008 (0x56b7b137) lui     sp, 0x56b7b
core   0: 3 0x8000a008 (0x56b7b137) x 2 0x56b7b000
core   0: 0x8000a00c (0x03e2c9b3) div     s3, t0, t5
core   0: 3 0x8000a00c (0x03e2c9b3) x19 0xffffffff
core   0: 0x8000a010 (0x001d0d13) addi    s10, s10, 1
core   0: 3 0x8000a010 (0x001d0d13) x26 0x0000000e
core   0: 0x8000a014 (0x00dcae33) slt     t3, s9, a3
core   0: 3 0x8000a014 (0x00dcae33) x28 0x00000000
core   0: 0x8000a018 (0xfead14e3) bne     s10, a0, pc - 24
core   0: 3 0x8000a018 (0xfead14e3)
core   0: 0x8000a000 (0x41640a13) addi    s4, s0, 1046
core   0: 3 0x8000a000 (0x41640a13) x20 0x9d3b9415
core   0: 0x8000a004 (0x0340a5b3) mulhsu  a1, ra, s4
core   0: 3 0x8000a004 (0x0340a5b3) x11 0x00000000
core   0: 0x8000a008 (0x56b7b137) lui     sp, 0x56b7b
core   0: 3 0x8000a008 (0x56b7b137) x 2 0x56b7b000
core   0: 0x8000a00c (0x03e2c9b3) div     s3, t0, t5
core   0: 3 0x8000a00c (0x03e2c9b3) x19 0xffffffff
core   0: 0x8000a010 (0x001d0d13) addi    s10, s10, 1
core   0: 3 0x8000a010 (0x001d0d13) x26 0x0000000f
core   0: 0x8000a014 (0x00dcae33) slt     t3, s9, a3
core   0: 3 0x8000a014 (0x00dcae33) x28 0x00000000
core   0: 0x8000a018 (0xfead14e3) bne     s10, a0, pc - 24
core   0: 3 0x8000a018 (0xfead14e3)
core   0: 0x8000a000 (0x41640a13) addi    s4, s0, 1046
core   0: 3 0x8000a000 (0x41640a13) x20 0x9d3b9415
core   0: 0x8000a004 (0x0340a5b3) mulhsu  a1, ra, s4
core   0: 3 0x8000a004 (0x0340a5b3) x11 0x00000000
core   0: 0x8000a008 (0x56b7b137) lui     sp, 0x56b7b
core   0: 3 0x8000a008 (0x56b7b137) x 2 0x56b7b000
core   0: 0x8000a00c (0x03e2c9b3) div     s3, t0, t5
core   0: 3 0x8000a00c (0x03e2c9b3) x19 0xffffffff
core   0: 0x8000a010 (0x001d0d13) addi    s10, s10, 1
core   0: 3 0x8000a010 (0x001d0d13) x26 0x00000010
core   0: 0x8000a014 (0x00dcae33) slt     t3, s9, a3
core   0: 3 0x8000a014 (0x00dcae33) x28 0x00000000
core   0: 0x8000a018 (0xfead14e3) bne     s10, a0, pc - 24
core   0: 3 0x8000a018 (0xfead14e3)
core   0: 0x8000a000 (0x41640a13) addi    s4, s0, 1046
core   0: 3 0x8000a000 (0x41640a13) x20 0x9d3b9415
core   0: 0x8000a004 (0x0340a5b3) mulhsu  a1, ra, s4
core   0: 3 0x8000a004 (0x0340a5b3) x11 0x00000000
core   0: 0x8000a008 (0x56b7b137) lui     sp, 0x56b7b
core   0: 3 0x8000a008 (0x56b7b137) x 2 0x56b7b000
core   0: 0x8000a00c (0x03e2c9b3) div     s3, t0, t5
core   0: 3 0x8000a00c (0x03e2c9b3) x19 0xffffffff
core   0: 0x8000a010 (0x001d0d13) addi    s10, s10, 1
core   0: 3 0x8000a010 (0x001d0d13) x26 0x00000011
core   0: 0x8000a014 (0x00dcae33) slt     t3, s9, a3
core   0: 3 0x8000a014 (0x00dcae33) x28 0x00000000
core   0: 0x8000a018 (0xfead14e3) bne     s10, a0, pc - 24
core   0: 3 0x8000a018 (0xfead14e3)
core   0: 0x8000a000 (0x41640a13) addi    s4, s0, 1046
core   0: 3 0x8000a000 (0x41640a13) x20 0x9d3b9415
core   0: 0x8000a004 (0x0340a5b3) mulhsu  a1, ra, s4
core   0: 3 0x8000a004 (0x0340a5b3) x11 0x00000000
core   0: 0x8000a008 (0x56b7b137) lui     sp, 0x56b7b
core   0: 3 0x8000a008 (0x56b7b137) x 2 0x56b7b000
core   0: 0x8000a00c (0x03e2c9b3) div     s3, t0, t5
core   0: 3 0x8000a00c (0x03e2c9b3) x19 0xffffffff
core   0: 0x8000a010 (0x001d0d13) addi    s10, s10, 1
core   0: 3 0x8000a010 (0x001d0d13) x26 0x00000012
core   0: 0x8000a014 (0x00dcae33) slt     t3, s9, a3
core   0: 3 0x8000a014 (0x00dcae33) x28 0x00000000
core   0: 0x8000a018 (0xfead14e3) bne     s10, a0, pc - 24
core   0: 3 0x8000a018 (0xfead14e3)
core   0: 0x8000a000 (0x41640a13) addi    s4, s0, 1046
core   0: 3 0x8000a000 (0x41640a13) x20 0x9d3b9415
core   0: 0x8000a004 (0x0340a5b3) mulhsu  a1, ra, s4
core   0: 3 0x8000a004 (0x0340a5b3) x11 0x00000000
core   0: 0x8000a008 (0x56b7b137) lui     sp, 0x56b7b
core   0: 3 0x8000a008 (0x56b7b137) x 2 0x56b7b000
core   0: 0x8000a00c (0x03e2c9b3) div     s3, t0, t5
core   0: 3 0x8000a00c (0x03e2c9b3) x19 0xffffffff
core   0: 0x8000a010 (0x001d0d13) addi    s10, s10, 1
core   0: 3 0x8000a010 (0x001d0d13) x26 0x00000013
core   0: 0x8000a014 (0x00dcae33) slt     t3, s9, a3
core   0: 3 0x8000a014 (0x00dcae33) x28 0x00000000
core   0: 0x8000a018 (0xfead14e3) bne     s10, a0, pc - 24
core   0: 3 0x8000a018 (0xfead14e3)
core   0: 0x8000a01c (0x01a2b0b3) sltu    ra, t0, s10
core   0: 3 0x8000a01c (0x01a2b0b3) x 1 0x00000001
core   0: 0x8000a020 (0xa683b113) sltiu   sp, t2, -1432
core   0: 3 0x8000a020 (0xa683b113) x 2 0x00000001
core   0: 0x8000a024 (0x66a88917) auipc   s2, 0x66a88
core   0: 3 0x8000a024 (0x66a88917) x18 0xe6a92024
core   0: 0x8000a028 (0xfb14d6e3) bge     s1, a7, pc - 84
core   0: 3 0x8000a028 (0xfb14d6e3)
core   0: 0x8000a02c (0x4825e297) auipc   t0, 0x4825e
core   0: 3 0x8000a02c (0x4825e297) x 5 0xc826802c
core   0: 0x8000a030 (0x40098933) sub     s2, s3, zero
core   0: 3 0x8000a030 (0x40098933) x18 0xffffffff
core   0: 0x8000a034 (0x015e8263) beq     t4, s5, pc + 4
core   0: 3 0x8000a034 (0x015e8263)
core   0: 0x8000a038 (0x02acca33) div     s4, s9, a0
core   0: 3 0x8000a038 (0x02acca33) x20 0x00000000
core   0: 0x8000a03c (0xbbf22c93) slti    s9, tp, -1089
core   0: 3 0x8000a03c (0xbbf22c93) x25 0x00000000
core   0: 0x8000a040 (0x05f27863) bgeu    tp, t6, pc + 80
core   0: 3 0x8000a040 (0x05f27863)
core   0: 0x8000a090 (0x057e5463) bge     t3, s7, pc + 72
core   0: 3 0x8000a090 (0x057e5463)
core   0: 0x8000a0d8 (0x0134ca33) xor     s4, s1, s3
core   0: 3 0x8000a0d8 (0x0134ca33) x20 0x0000000c
core   0: 0x8000a0dc (0x03d5db33) divu    s6, a1, t4
core   0: 3 0x8000a0dc (0x03d5db33) x22 0x00000000
core   0: 0x8000a0e0 (0x00f36433) or      s0, t1, a5
core   0: 3 0x8000a0e0 (0x00f36433) x 8 0x80025e4c
core   0: 0x8000a0e4 (0x0016f533) and     a0, a3, ra
core   0: 3 0x8000a0e4 (0x0016f533) x10 0x00000001
core   0: 0x8000a0e8 (0xfb66aa13) slti    s4, a3, -74
core   0: 3 0x8000a0e8 (0xfb66aa13) x20 0x00000001
core   0: 0x8000a0ec (0x001344b3) xor     s1, t1, ra
core   0: 3 0x8000a0ec (0x001344b3) x 9 0x00000001
core   0: 0x8000a0f0 (0x00000e13) li      t3, 0
core   0: 3 0x8000a0f0 (0x00000e13) x28 0x00000000
core   0: 0x8000a0f4 (0x406a0b33) sub     s6, s4, t1
core   0: 3 0x8000a0f4 (0x406a0b33) x22 0x00000001
core   0: 0x8000a0f8 (0xffa00313) li      t1, -6
core   0: 3 0x8000a0f8 (0xffa00313) x 6 0xfffffffa
core   0: 0x8000a0fc (0x03b0c133) div     sp, ra, s11
core   0: 3 0x8000a0fc (0x03b0c133) x 2 0xffffffff
core   0: 0x8000a100 (0xfc9d7937) lui     s2, 0xfc9d7
core   0: 3 0x8000a100 (0xfc9d7937) x18 0xfc9d7000
core   0: 0x8000a104 (0xffae0e13) addi    t3, t3, -6
core   0: 3 0x8000a104 (0xffae0e13) x28 0xfffffffa
core   0: 0x8000a108 (0x00100b93) li      s7, 1
core   0: 3 0x8000a108 (0x00100b93) x23 0x00000001
core   0: 0x8000a10c (0xff700c93) li      s9, -9
core   0: 3 0x8000a10c (0xff700c93) x25 0xfffffff7
core   0: 0x8000a110 (0x24bc6d13) ori     s10, s8, 587
core   0: 3 0x8000a110 (0x24bc6d13) x26 0x706067eb
core   0: 0x8000a114 (0x0e090693) addi    a3, s2, 224
core   0: 3 0x8000a114 (0x0e090693) x13 0xfc9d70e0
core   0: 0x8000a118 (0x02292933) mulhsu  s2, s2, sp
core   0: 3 0x8000a118 (0x02292933) x18 0xfc9d7000
core   0: 0x8000a11c (0xff6b8b93) addi    s7, s7, -10
core   0: 3 0x8000a11c (0xff6b8b93) x23 0xfffffff7
core   0: 0x8000a120 (0x019554b3) srl     s1, a0, s9
core   0: 3 0x8000a120 (0x019554b3) x 9 0x00000000
core   0: 0x8000a124 (0x023ba3b3) mulhsu  t2, s7, gp
core   0: 3 0x8000a124 (0x023ba3b3) x 7 0xfffffff7
core   0: 0x8000a128 (0x0040f933) and     s2, ra, tp
core   0: 3 0x8000a128 (0x0040f933) x18 0x00000001
core   0: 0x8000a12c (0xff9b84e3) beq     s7, s9, pc - 24
core   0: 3 0x8000a12c (0xff9b84e3)
core   0: 0x8000a114 (0x0e090693) addi    a3, s2, 224
core   0: 3 0x8000a114 (0x0e090693) x13 0x000000e1
core   0: 0x8000a118 (0x02292933) mulhsu  s2, s2, sp
core   0: 3 0x8000a118 (0x02292933) x18 0x00000000
core   0: 0x8000a11c (0xff6b8b93) addi    s7, s7, -10
core   0: 3 0x8000a11c (0xff6b8b93) x23 0xffffffed
core   0: 0x8000a120 (0x019554b3) srl     s1, a0, s9
core   0: 3 0x8000a120 (0x019554b3) x 9 0x00000000
core   0: 0x8000a124 (0x023ba3b3) mulhsu  t2, s7, gp
core   0: 3 0x8000a124 (0x023ba3b3) x 7 0xffffffed
core   0: 0x8000a128 (0x0040f933) and     s2, ra, tp
core   0: 3 0x8000a128 (0x0040f933) x18 0x00000001
core   0: 0x8000a12c (0xff9b84e3) beq     s7, s9, pc - 24
core   0: 3 0x8000a12c (0xff9b84e3)
core   0: 0x8000a130 (0x00c3c6b3) xor     a3, t2, a2
core   0: 3 0x8000a130 (0x00c3c6b3) x13 0x00000012
core   0: 0x8000a134 (0x00000013) nop
core   0: 3 0x8000a134 (0x00000013)
core   0: 0x8000a138 (0xfc6e02e3) beq     t3, t1, pc - 60
core   0: 3 0x8000a138 (0xfc6e02e3)
core   0: 0x8000a0fc (0x03b0c133) div     sp, ra, s11
core   0: 3 0x8000a0fc (0x03b0c133) x 2 0xffffffff
core   0: 0x8000a100 (0xfc9d7937) lui     s2, 0xfc9d7
core   0: 3 0x8000a100 (0xfc9d7937) x18 0xfc9d7000
core   0: 0x8000a104 (0xffae0e13) addi    t3, t3, -6
core   0: 3 0x8000a104 (0xffae0e13) x28 0xfffffff4
core   0: 0x8000a108 (0x00100b93) li      s7, 1
core   0: 3 0x8000a108 (0x00100b93) x23 0x00000001
core   0: 0x8000a10c (0xff700c93) li      s9, -9
core   0: 3 0x8000a10c (0xff700c93) x25 0xfffffff7
core   0: 0x8000a110 (0x24bc6d13) ori     s10, s8, 587
core   0: 3 0x8000a110 (0x24bc6d13) x26 0x706067eb
core   0: 0x8000a114 (0x0e090693) addi    a3, s2, 224
core   0: 3 0x8000a114 (0x0e090693) x13 0xfc9d70e0
core   0: 0x8000a118 (0x02292933) mulhsu  s2, s2, sp
core   0: 3 0x8000a118 (0x02292933) x18 0xfc9d7000
core   0: 0x8000a11c (0xff6b8b93) addi    s7, s7, -10
core   0: 3 0x8000a11c (0xff6b8b93) x23 0xfffffff7
core   0: 0x8000a120 (0x019554b3) srl     s1, a0, s9
core   0: 3 0x8000a120 (0x019554b3) x 9 0x00000000
core   0: 0x8000a124 (0x023ba3b3) mulhsu  t2, s7, gp
core   0: 3 0x8000a124 (0x023ba3b3) x 7 0xfffffff7
core   0: 0x8000a128 (0x0040f933) and     s2, ra, tp
core   0: 3 0x8000a128 (0x0040f933) x18 0x00000001
core   0: 0x8000a12c (0xff9b84e3) beq     s7, s9, pc - 24
core   0: 3 0x8000a12c (0xff9b84e3)
core   0: 0x8000a114 (0x0e090693) addi    a3, s2, 224
core   0: 3 0x8000a114 (0x0e090693) x13 0x000000e1
core   0: 0x8000a118 (0x02292933) mulhsu  s2, s2, sp
core   0: 3 0x8000a118 (0x02292933) x18 0x00000000
core   0: 0x8000a11c (0xff6b8b93) addi    s7, s7, -10
core   0: 3 0x8000a11c (0xff6b8b93) x23 0xffffffed
core   0: 0x8000a120 (0x019554b3) srl     s1, a0, s9
core   0: 3 0x8000a120 (0x019554b3) x 9 0x00000000
core   0: 0x8000a124 (0x023ba3b3) mulhsu  t2, s7, gp
core   0: 3 0x8000a124 (0x023ba3b3) x 7 0xffffffed
core   0: 0x8000a128 (0x0040f933) and     s2, ra, tp
core   0: 3 0x8000a128 (0x0040f933) x18 0x00000001
core   0: 0x8000a12c (0xff9b84e3) beq     s7, s9, pc - 24
core   0: 3 0x8000a12c (0xff9b84e3)
core   0: 0x8000a130 (0x00c3c6b3) xor     a3, t2, a2
core   0: 3 0x8000a130 (0x00c3c6b3) x13 0x00000012
core   0: 0x8000a134 (0x00000013) nop
core   0: 3 0x8000a134 (0x00000013)
core   0: 0x8000a138 (0xfc6e02e3) beq     t3, t1, pc - 60
core   0: 3 0x8000a138 (0xfc6e02e3)
core   0: 0x8000a13c (0x405ed8b3) sra     a7, t4, t0
core   0: 3 0x8000a13c (0x405ed8b3) x17 0xfffc0014
core   0: 0x8000a140 (0x024cbcb3) mulhu   s9, s9, tp
core   0: 3 0x8000a140 (0x024cbcb3) x25 0xfffffff4
core   0: 0x8000a144 (0x00779c33) sll     s8, a5, t2
core   0: 3 0x8000a144 (0x00779c33) x24 0x4bc98000
core   0: 0x8000a148 (0x00cef733) and     a4, t4, a2
core   0: 3 0x8000a148 (0x00cef733) x14 0xc0014e72
core   0: 0x8000a14c (0x33f77913) andi    s2, a4, 831
core   0: 3 0x8000a14c (0x33f77913) x18 0x00000232
core   0: 0x8000a150 (0x0386e433) rem     s0, a3, s8
core   0: 3 0x8000a150 (0x0386e433) x 8 0x00000012
core   0: 0x8000a154 (0x007b1333) sll     t1, s6, t2
core   0: 3 0x8000a154 (0x007b1333) x 6 0x00002000
core   0: 0x8000a158 (0x85672117) auipc   sp, 0x85672
core   0: 3 0x8000a158 (0x85672117) x 2 0x0567c158
core   0: 0x8000a15c (0x00000013) nop
core   0: 3 0x8000a15c (0x00000013)
core   0: 0x8000a160 (0x008d4663) blt     s10, s0, pc + 12
core   0: 3 0x8000a160 (0x008d4663)
core   0: 0x8000a164 (0x038efd33) remu    s10, t4, s8
core   0: 3 0x8000a164 (0x038efd33) x26 0x286e4e72
core   0: 0x8000a168 (0x03d86663) bltu    a6, t4, pc + 44
core   0: 3 0x8000a168 (0x03d86663)
core   0: 0x8000a194 (0xd23a3f93) sltiu   t6, s4, -733
core   0: 3 0x8000a194 (0xd23a3f93) x31 0x00000001
core   0: 0x8000a198 (0x00401513) slli    a0, zero, 4
core   0: 3 0x8000a198 (0x00401513) x10 0x00000000
core   0: 0x8000a19c (0x013dc663) blt     s11, s3, pc + 12
core   0: 3 0x8000a19c (0x013dc663)
core   0: 0x8000a1a0 (0x00d56663) bltu    a0, a3, pc + 12
core   0: 3 0x8000a1a0 (0x00d56663)
core   0: 0x8000a1ac (0x031f80b3) mul     ra, t6, a7
core   0: 3 0x8000a1ac (0x031f80b3) x 1 0xfffc0014
core   0: 0x8000a1b0 (0xbe553593) sltiu   a1, a0, -1051
core   0: 3 0x8000a1b0 (0xbe553593) x11 0x00000001
core   0: 0x8000a1b4 (0x01c78cb3) add     s9, a5, t3
core   0: 3 0x8000a1b4 (0x01c78cb3) x25 0x80025e40
core   0: 0x8000a1b8 (0x01bd5313) srli    t1, s10, 27
core   0: 3 0x8000a1b8 (0x01bd5313) x 6 0x00000005
core   0: 0x8000a1bc (0x012d8c63) beq     s11, s2, pc + 24
core   0: 3 0x8000a1bc (0x012d8c63)
core   0: 0x8000a1c0 (0x02f40fb3) mul     t6, s0, a5
core   0: 3 0x8000a1c0 (0x02f40fb3) x31 0x002aa158
core   0: 0x8000a1c4 (0x009be4b3) or      s1, s7, s1
core   0: 3 0x8000a1c4 (0x009be4b3) x 9 0xffffffed
core   0: 0x8000a1c8 (0xb24f66b7) lui     a3, 0xb24f6
core   0: 3 0x8000a1c8 (0xb24f66b7) x13 0xb24f6000
core   0: 0x8000a1cc (0x016c3333) sltu    t1, s8, s6
core   0: 3 0x8000a1cc (0x016c3333) x 6 0x00000000
core   0: 0x8000a1d0 (0x01509b33) sll     s6, ra, s5
core   0: 3 0x8000a1d0 (0x01509b33) x22 0xffc00140
core   0: 0x8000a1d4 (0xe101cb13) xori    s6, gp, -496
core   0: 3 0x8000a1d4 (0xe101cb13) x22 0x000002df
core   0: 0x8000a1d8 (0x03e6b833) mulhu   a6, a3, t5
core   0: 3 0x8000a1d8 (0x03e6b833) x16 0x00000000
core   0: 0x8000a1dc (0x03e38b33) mul     s6, t2, t5
core   0: 3 0x8000a1dc (0x03e38b33) x22 0x00000000
core   0: 0x8000a1e0 (0x00000013) nop
core   0: 3 0x8000a1e0 (0x00000013)
core   0: 0x8000a1e4 (0x03dd0eb3) mul     t4, s10, t4
core   0: 3 0x8000a1e4 (0x03dd0eb3) x29 0x6b77aac4
core   0: 0x8000a1e8 (0x6b753213) sltiu   tp, a0, 1719
core   0: 3 0x8000a1e8 (0x6b753213) x 4 0x00000001
core   0: 0x8000a1ec (0x41c15eb3) sra     t4, sp, t3
core   0: 3 0x8000a1ec (0x41c15eb3) x29 0x00000056
core   0: 0x8000a1f0 (0x0149fe63) bgeu    s3, s4, pc + 28
core   0: 3 0x8000a1f0 (0x0149fe63)
core   0: 0x8000a20c (0x01e8a913) slti    s2, a7, 30
core   0: 3 0x8000a20c (0x01e8a913) x18 0x00000001
core   0: 0x8000a210 (0xc5d88113) addi    sp, a7, -931
core   0: 3 0x8000a210 (0xc5d88113) x 2 0xfffbfc71
core   0: 0x8000a214 (0x056cd463) bge     s9, s6, pc + 72
core   0: 3 0x8000a214 (0x056cd463)
core   0: 0x8000a218 (0x02820cb3) mul     s9, tp, s0
core   0: 3 0x8000a218 (0x02820cb3) x25 0x00000012
core   0: 0x8000a21c (0x00000013) nop
core   0: 3 0x8000a21c (0x00000013)
core   0: 0x8000a220 (0x03ad5863) bge     s10, s10, pc + 48
core   0: 3 0x8000a220 (0x03ad5863)
core   0: 0x8000a250 (0x00988b33) add     s6, a7, s1
core   0: 3 0x8000a250 (0x00988b33) x22 0xfffc0001
core   0: 0x8000a254 (0x037a8a33) mul     s4, s5, s7
core   0: 3 0x8000a254 (0x037a8a33) x20 0x7fce5b14
core   0: 0x8000a258 (0x033b10b3) mulh    ra, s6, s3
core   0: 3 0x8000a258 (0x033b10b3) x 1 0x00000000
core   0: 0x8000a25c (0x401e6b97) auipc   s7, 0x401e6
core   0: 3 0x8000a25c (0x401e6b97) x23 0xc01f025c
core   0: 0x8000a260 (0x00801693) slli    a3, zero, 8
core   0: 3 0x8000a260 (0x00801693) x13 0x00000000
core   0: 0x8000a264 (0x4013d433) sra     s0, t2, ra
core   0: 3 0x8000a264 (0x4013d433) x 8 0xffffffed
core   0: 0x8000a268 (0x03db0533) mul     a0, s6, t4
core   0: 3 0x8000a268 (0x03db0533) x10 0xfea80056
core   0: 0x8000a26c (0x00d1de93) srli    t4, gp, 13
core   0: 3 0x8000a26c (0x00d1de93) x29 0x0007ffff
core   0: 0x8000a270 (0x00d64d33) xor     s10, a2, a3
core   0: 3 0x8000a270 (0x00d64d33) x26 0xffffffff
core   0: 0x8000a274 (0x00c49b13) slli    s6, s1, 12
core   0: 3 0x8000a274 (0x00c49b13) x22 0xfffed000
core   0: 0x8000a278 (0x53006713) ori     a4, zero, 1328
core   0: 3 0x8000a278 (0x53006713) x14 0x00000530
core   0: 0x8000a27c (0x403fde33) sra     t3, t6, gp
core   0: 3 0x8000a27c (0x403fde33) x28 0x00000055
core   0: 0x8000a280 (0x03f10a33) mul     s4, sp, t6
core   0: 3 0x8000a280 (0x03f10a33) x20 0xe2ebd7d8
core   0: 0x8000a284 (0x01537663) bgeu    t1, s5, pc + 12
core   0: 3 0x8000a284 (0x01537663)
core   0: 0x8000a288 (0x02df49b3) div     s3, t5, a3
core   0: 3 0x8000a288 (0x02df49b3) x19 0xffffffff
core   0: 0x8000a28c (0x002c5b33) srl     s6, s8, sp
core   0: 3 0x8000a28c (0x002c5b33) x22 0x000025e4
core   0: 0x8000a290 (0x007c5813) srli    a6, s8, 7
core   0: 3 0x8000a290 (0x007c5813) x16 0x00979300
core   0: 0x8000a294 (0x7e690313) addi    t1, s2, 2022
core   0: 3 0x8000a294 (0x7e690313) x 6 0x000007e7
core   0: 0x8000a298 (0x017e35b3) sltu    a1, t3, s7
core   0: 3 0x8000a298 (0x017e35b3) x11 0x00000001
core   0: 0x8000a29c (0x40a30eb3) sub     t4, t1, a0
core   0: 3 0x8000a29c (0x40a30eb3) x29 0x01580791
core   0: 0x8000a2a0 (0x03813833) mulhu   a6, sp, s8
core   0: 3 0x8000a2a0 (0x03813833) x16 0x4bc84fcc
core   0: 0x8000a2a4 (0x02da5db3) divu    s11, s4, a3
core   0: 3 0x8000a2a4 (0x02da5db3) x27 0xffffffff
core   0: 0x8000a2a8 (0x0188a733) slt     a4, a7, s8
core   0: 3 0x8000a2a8 (0x0188a733) x14 0x00000001
core   0: 0x8000a2ac (0x03425263) bge     tp, s4, pc + 36
core   0: 3 0x8000a2ac (0x03425263)
core   0: 0x8000a2d0 (0x00048463) beqz    s1, pc + 8
core   0: 3 0x8000a2d0 (0x00048463)
core   0: 0x8000a2d4 (0x00857033) and     zero, a0, s0
core   0: 3 0x8000a2d4 (0x00857033)
core   0: 0x8000a2d8 (0x00cfbbb3) sltu    s7, t6, a2
core   0: 3 0x8000a2d8 (0x00cfbbb3) x23 0x00000001
core   0: 0x8000a2dc (0xa4f1dd17) auipc   s10, 0xa4f1d
core   0: 3 0x8000a2dc (0xa4f1dd17) x26 0x24f272dc
core   0: 0x8000a2e0 (0x0047a203) lw      tp, 4(a5)
core   0: 3 0x8000a2e0 (0x0047a203) x 4 0x8000a858 mem 0x80025e50
core   0: 0x8000a2e4 (0x01f3d2b3) srl     t0, t2, t6
core   0: 3 0x8000a2e4 (0x01f3d2b3) x 5 0x000000ff
core   0: 0x8000a2e8 (0x40b304b3) sub     s1, t1, a1
core   0: 3 0x8000a2e8 (0x40b304b3) x 9 0x000007e6
core   0: 0x8000a2ec (0x02e796b3) mulh    a3, a5, a4
core   0: 3 0x8000a2ec (0x02e796b3) x13 0xffffffff
core   0: 0x8000a2f0 (0x01078793) addi    a5, a5, 16
core   0: 3 0x8000a2f0 (0x01078793) x15 0x80025e5c
core   0: 0x8000a2f4 (0x41645d93) srai    s11, s0, 22
core   0: 3 0x8000a2f4 (0x41645d93) x27 0xffffffff
core   0: 0x8000a2f8 (0x0101f8b3) and     a7, gp, a6
core   0: 3 0x8000a2f8 (0x0101f8b3) x17 0x4bc84ccc
core   0: 0x8000a2fc (0x00020893) mv      a7, tp
core   0: 3 0x8000a2fc (0x00020893) x17 0x8000a858
core   0: 0x8000a300 (0x000888e7) jalr    a7, a7, 0
core   0: 3 0x8000a300 (0x000888e7) x17 0x8000a304
core   0: 0x8000a858 (0x93b52813) slti    a6, a0, -1733
core   0: 3 0x8000a858 (0x93b52813) x16 0x00000001
core   0: 0x8000a85c (0x002f5913) srli    s2, t5, 2
core   0: 3 0x8000a85c (0x002f5913) x18 0x00000000
core   0: 0x8000a860 (0x043a6093) ori     ra, s4, 67
core   0: 3 0x8000a860 (0x043a6093) x 1 0xe2ebd7db
core   0: 0x8000a864 (0x02ae5863) bge     t3, a0, pc + 48
core   0: 3 0x8000a864 (0x02ae5863)
core   0: 0x8000a894 (0x0500da63) bge     ra, a6, pc + 84
core   0: 3 0x8000a894 (0x0500da63)
core   0: 0x8000a898 (0x8c8bbf93) sltiu   t6, s7, -1848
core   0: 3 0x8000a898 (0x8c8bbf93) x31 0x00000001
core   0: 0x8000a89c (0x005ccb33) xor     s6, s9, t0
core   0: 3 0x8000a89c (0x005ccb33) x22 0x000000ed
core   0: 0x8000a8a0 (0x40bad093) srai    ra, s5, 11
core   0: 3 0x8000a8a0 (0x40bad093) x 1 0xfff00053
core   0: 0x8000a8a4 (0x005e2033) slt     zero, t3, t0
core   0: 3 0x8000a8a4 (0x005e2033)
core   0: 0x8000a8a8 (0x023d92b3) mulh    t0, s11, gp
core   0: 3 0x8000a8a8 (0x023d92b3) x 5 0x00000000
core   0: 0x8000a8ac (0x03694c63) blt     s2, s6, pc + 56
core   0: 3 0x8000a8ac (0x03694c63)
core   0: 0x8000a8e4 (0x407d8633) sub     a2, s11, t2
core   0: 3 0x8000a8e4 (0x407d8633) x12 0x00000012
core   0: 0x8000a8e8 (0x02d00933) mul     s2, zero, a3
core   0: 3 0x8000a8e8 (0x02d00933) x18 0x00000000
core   0: 0x8000a8ec (0xe6d5b393) sltiu   t2, a1, -403
core   0: 3 0x8000a8ec (0xe6d5b393) x 7 0x00000001
core   0: 0x8000a8f0 (0x01aea5b3) slt     a1, t4, s10
core   0: 3 0x8000a8f0 (0x01aea5b3) x11 0x00000001
core   0: 0x8000a8f4 (0x007d36b3) sltu    a3, s10, t2
core   0: 3 0x8000a8f4 (0x007d36b3) x13 0x00000000
core   0: 0x8000a8f8 (0x035c5bb3) divu    s7, s8, s5
core   0: 3 0x8000a8f8 (0x035c5bb3) x23 0x00000000
core   0: 0x8000a8fc (0x0195beb3) sltu    t4, a1, s9
core   0: 3 0x8000a8fc (0x0195beb3) x29 0x00000001
core   0: 0x8000a900 (0x03fe6663) bltu    t3, t6, pc + 44
core   0: 3 0x8000a900 (0x03fe6663)
core   0: 0x8000a904 (0x034c78b3) remu    a7, s8, s4
core   0: 3 0x8000a904 (0x034c78b3) x17 0x4bc98000
core   0: 0x8000a908 (0x01aaa6b3) slt     a3, s5, s10
core   0: 3 0x8000a908 (0x01aaa6b3) x13 0x00000001
core   0: 0x8000a90c (0x00c7e663) bltu    a5, a2, pc + 12
core   0: 3 0x8000a90c (0x00c7e663)
core   0: 0x8000a910 (0x83432713) slti    a4, t1, -1996
core   0: 3 0x8000a910 (0x83432713) x14 0x00000000
core   0: 0x8000a914 (0x418c5033) sra     zero, s8, s8
core   0: 3 0x8000a914 (0x418c5033)
core   0: 0x8000a918 (0x0080dd13) srli    s10, ra, 8
core   0: 3 0x8000a918 (0x0080dd13) x26 0x00fff000
core   0: 0x8000a91c (0x002eacb3) slt     s9, t4, sp
core   0: 3 0x8000a91c (0x002eacb3) x25 0x00000000
core   0: 0x8000a920 (0x03ade633) rem     a2, s11, s10
core   0: 3 0x8000a920 (0x03ade633) x12 0xffffffff
core   0: 0x8000a924 (0x404400b3) sub     ra, s0, tp
core   0: 3 0x8000a924 (0x404400b3) x 1 0x7fff5795
core   0: 0x8000a928 (0x66be7e17) auipc   t3, 0x66be7
core   0: 3 0x8000a928 (0x66be7e17) x28 0xe6bf1928
core   0: 0x8000a92c (0x41a804b3) sub     s1, a6, s10
core   0: 3 0x8000a92c (0x41a804b3) x 9 0xff001001
core   0: 0x8000a930 (0xe6ccb113) sltiu   sp, s9, -404
core   0: 3 0x8000a930 (0xe6ccb113) x 2 0x00000001
core   0: 0x8000a934 (0x409eda13) srai    s4, t4, 9
core   0: 3 0x8000a934 (0x409eda13) x20 0x00000000
core   0: 0x8000a938 (0x047c4863) blt     s8, t2, pc + 80
core   0: 3 0x8000a938 (0x047c4863)
core   0: 0x8000a93c (0x025949b3) div     s3, s2, t0
core   0: 3 0x8000a93c (0x025949b3) x19 0xffffffff
core   0: 0x8000a940 (0x0210d3b3) divu    t2, ra, ra
core   0: 3 0x8000a940 (0x0210d3b3) x 7 0x00000001
core   0: 0x8000a944 (0x006ffcb3) and     s9, t6, t1
core   0: 3 0x8000a944 (0x006ffcb3) x25 0x00000001
core   0: 0x8000a948 (0xce270893) addi    a7, a4, -798
core   0: 3 0x8000a948 (0xce270893) x17 0xfffffce2
core   0: 0x8000a94c (0x00000013) nop
core   0: 3 0x8000a94c (0x00000013)
core   0: 0x8000a950 (0x00c213b3) sll     t2, tp, a2
core   0: 3 0x8000a950 (0x00c213b3) x 7 0x00000000
core   0: 0x8000a954 (0x00181463) bne     a6, ra, pc + 8
core   0: 3 0x8000a954 (0x00181463)
core   0: 0x8000a95c (0x00000013) nop
core   0: 3 0x8000a95c (0x00000013)
core   0: 0x8000a960 (0x178c7137) lui     sp, 0x178c7
core   0: 3 0x8000a960 (0x178c7137) x 2 0x178c7000
core   0: 0x8000a964 (0x00ba7463) bgeu    s4, a1, pc + 8
core   0: 3 0x8000a964 (0x00ba7463)
core   0: 0x8000a968 (0x004ad333) srl     t1, s5, tp
core   0: 3 0x8000a968 (0x004ad333) x 6 0x00000080
core   0: 0x8000a96c (0x03bb8063) beq     s7, s11, pc + 32
core   0: 3 0x8000a96c (0x03bb8063)
core   0: 0x8000a970 (0x00000013) nop
core   0: 3 0x8000a970 (0x00000013)
core   0: 0x8000a974 (0x01e06bb3) or      s7, zero, t5
core   0: 3 0x8000a974 (0x01e06bb3) x23 0x00000000
core   0: 0x8000a978 (0x010ae863) bltu    s5, a6, pc + 16
core   0: 3 0x8000a978 (0x010ae863)
core   0: 0x8000a97c (0x018706b3) add     a3, a4, s8
core   0: 3 0x8000a97c (0x018706b3) x13 0x4bc98000
core   0: 0x8000a980 (0x0091a333) slt     t1, gp, s1
core   0: 3 0x8000a980 (0x0091a333) x 6 0x00000000
core   0: 0x8000a984 (0x4216c6b7) lui     a3, 0x4216c
core   0: 3 0x8000a984 (0x4216c6b7) x13 0x4216c000
core   0: 0x8000a988 (0x015d2eb3) slt     t4, s10, s5
core   0: 3 0x8000a988 (0x015d2eb3) x29 0x00000000
core   0: 0x8000a98c (0xdb3ffb93) andi    s7, t6, -589
core   0: 3 0x8000a98c (0xdb3ffb93) x23 0x00000001
core   0: 0x8000a990 (0x48aea893) slti    a7, t4, 1162
core   0: 3 0x8000a990 (0x48aea893) x17 0x00000001
core   0: 0x8000a994 (0xadb16437) lui     s0, 0xadb16
core   0: 3 0x8000a994 (0xadb16437) x 8 0xadb16000
core   0: 0x8000a998 (0x0089ab33) slt     s6, s3, s0
core   0: 3 0x8000a998 (0x0089ab33) x22 0x00000000
core   0: 0x8000a99c (0x00118133) add     sp, gp, ra
core   0: 3 0x8000a99c (0x00118133) x 2 0x7fff5464
core   0: 0x8000a9a0 (0x04fbe863) bltu    s7, a5, pc + 80
core   0: 3 0x8000a9a0 (0x04fbe863)
core   0: 0x8000a9f0 (0x41f5d913) srai    s2, a1, 31
core   0: 3 0x8000a9f0 (0x41f5d913) x18 0x00000000
core   0: 0x8000a9f4 (0x00786463) bltu    a6, t2, pc + 8
core   0: 3 0x8000a9f4 (0x00786463)
core   0: 0x8000a9f8 (0x01461e93) slli    t4, a2, 20
core   0: 3 0x8000a9f8 (0x01461e93) x29 0xfff00000
core   0: 0x8000a9fc (0x012d6e93) ori     t4, s10, 18
core   0: 3 0x8000a9fc (0x012d6e93) x29 0x00fff012
core   0: 0x8000aa00 (0x4014d993) srai    s3, s1, 1
core   0: 3 0x8000aa00 (0x4014d993) x19 0xff800800
core   0: 0x8000aa04 (0x02341333) mulh    t1, s0, gp
core   0: 3 0x8000aa04 (0x02341333) x 6 0x00000106
core   0: 0x8000aa08 (0x037cf2b3) remu    t0, s9, s7
core   0: 3 0x8000aa08 (0x037cf2b3) x 5 0x00000000
core   0: 0x8000aa0c (0x03a68633) mul     a2, a3, s10
core   0: 3 0x8000aa0c (0x03a68633) x12 0x94000000
core   0: 0x8000aa10 (0x03483233) mulhu   tp, a6, s4
core   0: 3 0x8000aa10 (0x03483233) x 4 0x00000000
core   0: 0x8000aa14 (0x004ba533) slt     a0, s7, tp
core   0: 3 0x8000aa14 (0x004ba533) x10 0x00000000
core   0: 0x8000aa18 (0x024052b3) divu    t0, zero, tp
core   0: 3 0x8000aa18 (0x024052b3) x 5 0xffffffff
core   0: 0x8000aa1c (0x029a42b3) div     t0, s4, s1
core   0: 3 0x8000aa1c (0x029a42b3) x 5 0x00000000
core   0: 0x8000aa20 (0x4b422593) slti    a1, tp, 1204
core   0: 3 0x8000aa20 (0x4b422593) x11 0x00000001
core   0: 0x8000aa24 (0x12270d97) auipc   s11, 0x12270
core   0: 3 0x8000aa24 (0x12270d97) x27 0x9227aa24
core   0: 0x8000aa28 (0x00000013) nop
core   0: 3 0x8000aa28 (0x00000013)
core   0: 0x8000aa2c (0x02c7d2b3) divu    t0, a5, a2
core   0: 3 0x8000aa2c (0x02c7d2b3) x 5 0x00000000
core   0: 0x8000aa30 (0x01408733) add     a4, ra, s4
core   0: 3 0x8000aa30 (0x01408733) x14 0x7fff5795
core   0: 0x8000aa34 (0x03c4bc33) mulhu   s8, s1, t3
core   0: 3 0x8000aa34 (0x03c4bc33) x24 0xe5d8687b
core   0: 0x8000aa38 (0x38670593) addi    a1, a4, 902
core   0: 3 0x8000aa38 (0x38670593) x11 0x7fff5b1b
core   0: 0x8000aa3c (0x01369813) slli    a6, a3, 19
core   0: 3 0x8000aa3c (0x01369813) x16 0x00000000
core   0: 0x8000aa40 (0x40efda33) sra     s4, t6, a4
core   0: 3 0x8000aa40 (0x40efda33) x20 0x00000000
core   0: 0x8000aa44 (0x41200733) sub     a4, zero, s2
core   0: 3 0x8000aa44 (0x41200733) x14 0x00000000
core   0: 0x8000aa48 (0x00000013) nop
core   0: 3 0x8000aa48 (0x00000013)
core   0: 0x8000aa4c (0x418eda13) srai    s4, t4, 24
core   0: 3 0x8000aa4c (0x418eda13) x20 0x00000000
core   0: 0x8000aa50 (0x008e3133) sltu    sp, t3, s0
core   0: 3 0x8000aa50 (0x008e3133) x 2 0x00000000
core   0: 0x8000aa54 (0x037022b3) mulhsu  t0, zero, s7
core   0: 3 0x8000aa54 (0x037022b3) x 5 0x00000000
core   0: 0x8000aa58 (0x00ec5e63) bge     s8, a4, pc + 28
core   0: 3 0x8000aa58 (0x00ec5e63)
core   0: 0x8000aa5c (0x00000013) nop
core   0: 3 0x8000aa5c (0x00000013)
core   0: 0x8000aa60 (0x003a6633) or      a2, s4, gp
core   0: 3 0x8000aa60 (0x003a6633) x12 0xfffffccf
core   0: 0x8000aa64 (0x03f3ad33) mulhsu  s10, t2, t6
core   0: 3 0x8000aa64 (0x03f3ad33) x26 0x00000000
core   0: 0x8000aa68 (0x013706b3) add     a3, a4, s3
core   0: 3 0x8000aa68 (0x013706b3) x13 0xff800800
core   0: 0x8000aa6c (0x0320f533) remu    a0, ra, s2
core   0: 3 0x8000aa6c (0x0320f533) x10 0x7fff5795
core   0: 0x8000aa70 (0x00611213) slli    tp, sp, 6
core   0: 3 0x8000aa70 (0x00611213) x 4 0x00000000
core   0: 0x8000aa74 (0x75df6893) ori     a7, t5, 1885
core   0: 3 0x8000aa74 (0x75df6893) x17 0x0000075d
core   0: 0x8000aa78 (0x02cc7233) remu    tp, s8, a2
core   0: 3 0x8000aa78 (0x02cc7233) x 4 0xe5d8687b
core   0: 0x8000aa7c (0x023e1a63) bne     t3, gp, pc + 52
core   0: 3 0x8000aa7c (0x023e1a63)
core   0: 0x8000aab0 (0x6a4fc013) xori    zero, t6, 1700
core   0: 3 0x8000aab0 (0x6a4fc013)
core   0: 0x8000aab4 (0x4106d693) srai    a3, a3, 16
core   0: 3 0x8000aab4 (0x4106d693) x13 0xffffff80
core   0: 0x8000aab8 (0x68fe2113) slti    sp, t3, 1679
core   0: 3 0x8000aab8 (0x68fe2113) x 2 0x00000001
core   0: 0x8000aabc (0x028313b3) mulh    t2, t1, s0
core   0: 3 0x8000aabc (0x028313b3) x 7 0xffffffab
core   0: 0x8000aac0 (0x010fce63) blt     t6, a6, pc + 28
core   0: 3 0x8000aac0 (0x010fce63)
core   0: 0x8000aac4 (0x3eeaee93) ori     t4, s5, 1006
core   0: 3 0x8000aac4 (0x3eeaee93) x29 0x80029fee
core   0: 0x8000aac8 (0x400e8fb3) sub     t6, t4, zero
core   0: 3 0x8000aac8 (0x400e8fb3) x31 0x80029fee
core   0: 0x8000aacc (0xe9bc9037) lui     zero, 0xe9bc9
core   0: 3 0x8000aacc (0xe9bc9037)
core   0: 0x8000aad0 (0x28d8bb93) sltiu   s7, a7, 653
core   0: 3 0x8000aad0 (0x28d8bb93) x23 0x00000000
core   0: 0x8000aad4 (0x027875b3) remu    a1, a6, t2
core   0: 3 0x8000aad4 (0x027875b3) x11 0x00000000
core   0: 0x8000aad8 (0x0c182093) slti    ra, a6, 193
core   0: 3 0x8000aad8 (0x0c182093) x 1 0x00000001
core   0: 0x8000aadc (0x01620533) add     a0, tp, s6
core   0: 3 0x8000aadc (0x01620533) x10 0xe5d8687b
core   0: 0x8000aae0 (0x01d9ae33) slt     t3, s3, t4
core   0: 3 0x8000aae0 (0x01d9ae33) x28 0x00000000
core   0: 0x8000aae4 (0x022aaeb3) mulhsu  t4, s5, sp
core   0: 3 0x8000aae4 (0x022aaeb3) x29 0xffffffff
core   0: 0x8000aae8 (0x00331c93) slli    s9, t1, 3
core   0: 3 0x8000aae8 (0x00331c93) x25 0x00000830
core   0: 0x8000aaec (0x03fdd4b3) divu    s1, s11, t6
core   0: 3 0x8000aaec (0x03fdd4b3) x 9 0x00000001
core   0: 0x8000aaf0 (0x03606863) bltu    zero, s6, pc + 48
core   0: 3 0x8000aaf0 (0x03606863)
core   0: 0x8000aaf4 (0x03971663) bne     a4, s9, pc + 44
core   0: 3 0x8000aaf4 (0x03971663)
core   0: 0x8000ab20 (0x125a2137) lui     sp, 0x125a2
core   0: 3 0x8000ab20 (0x125a2137) x 2 0x125a2000
core   0: 0x8000ab24 (0x03d26c33) rem     s8, tp, t4
core   0: 3 0x8000ab24 (0x03d26c33) x24 0x00000000
core   0: 0x8000ab28 (0x418c0333) sub     t1, s8, s8
core   0: 3 0x8000ab28 (0x418c0333) x 6 0x00000000
core   0: 0x8000ab2c (0x01d53733) sltu    a4, a0, t4
core   0: 3 0x8000ab2c (0x01d53733) x14 0x00000001
core   0: 0x8000ab30 (0x4167d293) srai    t0, a5, 22
core   0: 3 0x8000ab30 (0x4167d293) x 5 0xfffffe00
core   0: 0x8000ab34 (0x03b0ebb3) rem     s7, ra, s11
core   0: 3 0x8000ab34 (0x03b0ebb3) x23 0x00000001
core   0: 0x8000ab38 (0x02e70e63) beq     a4, a4, pc + 60
core   0: 3 0x8000ab38 (0x02e70e63)
core   0: 0x8000ab74 (0x02454733) div     a4, a0, tp
core   0: 3 0x8000ab74 (0x02454733) x14 0x00000001
core   0: 0x8000ab78 (0x02bd6863) bltu    s10, a1, pc + 48
core   0: 3 0x8000ab78 (0x02bd6863)
core   0: 0x8000ab7c (0x13e1e513) ori     a0, gp, 318
core   0: 3 0x8000ab7c (0x13e1e513) x10 0xfffffdff
core   0: 0x8000ab80 (0x40f655b3) sra     a1, a2, a5
core   0: 3 0x8000ab80 (0x40f655b3) x11 0xffffffff
core   0: 0x8000ab84 (0x1ceacd13) xori    s10, s5, 462
core   0: 3 0x8000ab84 (0x1ceacd13) x26 0x80029d2a
core   0: 0x8000ab88 (0x020be733) rem     a4, s7, zero
core   0: 3 0x8000ab88 (0x020be733) x14 0x00000001
core   0: 0x8000ab8c (0x02822a33) mulhsu  s4, tp, s0
core   0: 3 0x8000ab8c (0x02822a33) x20 0xee411f6c
core   0: 0x8000ab90 (0x032c99b3) mulh    s3, s9, s2
core   0: 3 0x8000ab90 (0x032c99b3) x19 0x00000000
core   0: 0x8000ab94 (0x0247f333) remu    t1, a5, tp
core   0: 3 0x8000ab94 (0x0247f333) x 6 0x80025e5c
core   0: 0x8000ab98 (0x0fc76997) auipc   s3, 0xfc76
core   0: 3 0x8000ab98 (0x0fc76997) x19 0x8fc80b98
core   0: 0x8000ab9c (0x9776ca17) auipc   s4, 0x9776c
core   0: 3 0x8000ab9c (0x9776ca17) x20 0x17776b9c
core   0: 0x8000aba0 (0x02e1b433) mulhu   s0, gp, a4
core   0: 3 0x8000aba0 (0x02e1b433) x 8 0x00000000
core   0: 0x8000aba4 (0x413d5b33) sra     s6, s10, s3
core   0: 3 0x8000aba4 (0x413d5b33) x22 0xffffff80
core   0: 0x8000aba8 (0x027ee863) bltu    t4, t2, pc + 48
core   0: 3 0x8000aba8 (0x027ee863)
core   0: 0x8000abac (0x007cc333) xor     t1, s9, t2
core   0: 3 0x8000abac (0x007cc333) x 6 0xfffff79b
core   0: 0x8000abb0 (0x011be4b3) or      s1, s7, a7
core   0: 3 0x8000abb0 (0x011be4b3) x 9 0x0000075d
core   0: 0x8000abb4 (0x02661433) mulh    s0, a2, t1
core   0: 3 0x8000abb4 (0x02661433) x 8 0x00000000
core   0: 0x8000abb8 (0x0251cdb3) div     s11, gp, t0
core   0: 3 0x8000abb8 (0x0251cdb3) x27 0x00000001
core   0: 0x8000abbc (0x009bfb33) and     s6, s7, s1
core   0: 3 0x8000abbc (0x009bfb33) x22 0x00000001
core   0: 0x8000abc0 (0x41b2d413) srai    s0, t0, 27
core   0: 3 0x8000abc0 (0x41b2d413) x 8 0xffffffff
core   0: 0x8000abc4 (0x8e8b8193) addi    gp, s7, -1816
core   0: 3 0x8000abc4 (0x8e8b8193) x 3 0xfffff8e9
core   0: 0x8000abc8 (0x023e1a63) bne     t3, gp, pc + 52
core   0: 3 0x8000abc8 (0x023e1a63)
core   0: 0x8000abfc (0x0269e3b3) rem     t2, s3, t1
core   0: 3 0x8000abfc (0x0269e3b3) x 7 0xfffff7b0
core   0: 0x8000ac00 (0x0065ccb3) xor     s9, a1, t1
core   0: 3 0x8000ac00 (0x0065ccb3) x25 0x00000864
core   0: 0x8000ac04 (0x03769e33) mulh    t3, a3, s7
core   0: 3 0x8000ac04 (0x03769e33) x28 0xffffffff
core   0: 0x8000ac08 (0x03baafb3) mulhsu  t6, s5, s11
core   0: 3 0x8000ac08 (0x03baafb3) x31 0xffffffff
core   0: 0x8000ac0c (0x8e947313) andi    t1, s0, -1815
core   0: 3 0x8000ac0c (0x8e947313) x 6 0xfffff8e9
core   0: 0x8000ac10 (0x0034ec33) or      s8, s1, gp
core   0: 3 0x8000ac10 (0x0034ec33) x24 0xfffffffd
core   0: 0x8000ac14 (0x40fc5093) srai    ra, s8, 15
core   0: 3 0x8000ac14 (0x40fc5093) x 1 0xffffffff
core   0: 0x8000ac18 (0x00c44a63) blt     s0, a2, pc + 20
core   0: 3 0x8000ac18 (0x00c44a63)
core   0: 0x8000ac1c (0x016b5593) srli    a1, s6, 22
core   0: 3 0x8000ac1c (0x016b5593) x11 0x00000000
core   0: 0x8000ac20 (0x91776a37) lui     s4, 0x91776
core   0: 3 0x8000ac20 (0x91776a37) x20 0x91776000
core   0: 0x8000ac24 (0x3b58aa13) slti    s4, a7, 949
core   0: 3 0x8000ac24 (0x3b58aa13) x20 0x00000000
core   0: 0x8000ac28 (0x40a05113) srai    sp, zero, 10
core   0: 3 0x8000ac28 (0x40a05113) x 2 0x00000000
core   0: 0x8000ac2c (0x00000013) nop
core   0: 3 0x8000ac2c (0x00000013)
core   0: 0x8000ac30 (0x00000013) nop
core   0: 3 0x8000ac30 (0x00000013)
core   0: 0x8000ac34 (0x5e454293) xori    t0, a0, 1508
core   0: 3 0x8000ac34 (0x5e454293) x 5 0xfffff81b
core   0: 0x8000ac38 (0x00e0de33) srl     t3, ra, a4
core   0: 3 0x8000ac38 (0x00e0de33) x28 0x7fffffff
core   0: 0x8000ac3c (0x009996b3) sll     a3, s3, s1
core   0: 3 0x8000ac3c (0x009996b3) x13 0x00000000
core   0: 0x8000ac40 (0x0284b533) mulhu   a0, s1, s0
core   0: 3 0x8000ac40 (0x0284b533) x10 0x0000075c
core   0: 0x8000ac44 (0x8acbc813) xori    a6, s7, -1876
core   0: 3 0x8000ac44 (0x8acbc813) x16 0xfffff8ad
core   0: 0x8000ac48 (0xc7286113) ori     sp, a6, -910
core   0: 3 0x8000ac48 (0xc7286113) x 2 0xfffffcff
core   0: 0x8000ac4c (0x00217e33) and     t3, sp, sp
core   0: 3 0x8000ac4c (0x00217e33) x28 0xfffffcff
core   0: 0x8000ac50 (0x0206d4b3) divu    s1, a3, zero
core   0: 3 0x8000ac50 (0x0206d4b3) x 9 0xffffffff
core   0: 0x8000ac54 (0x00c376b3) and     a3, t1, a2
core   0: 3 0x8000ac54 (0x00c376b3) x13 0xfffff8c9
core   0: 0x8000ac58 (0x01655d33) srl     s10, a0, s6
core   0: 3 0x8000ac58 (0x01655d33) x26 0x000003ae
core   0: 0x8000ac5c (0x012161b3) or      gp, sp, s2
core   0: 3 0x8000ac5c (0x012161b3) x 3 0xfffffcff
core   0: 0x8000ac60 (0x41e8d913) srai    s2, a7, 30
core   0: 3 0x8000ac60 (0x41e8d913) x18 0x00000000
core   0: 0x8000ac64 (0xbaa72a13) slti    s4, a4, -1110
core   0: 3 0x8000ac64 (0xbaa72a13) x20 0x00000000
core   0: 0x8000ac68 (0x40a05933) sra     s2, zero, a0
core   0: 3 0x8000ac68 (0x40a05933) x18 0x00000000
core   0: 0x8000ac6c (0x414c09b3) sub     s3, s8, s4
core   0: 3 0x8000ac6c (0x414c09b3) x19 0xfffffffd
core   0: 0x8000ac70 (0x410c58b3) sra     a7, s8, a6
core   0: 3 0x8000ac70 (0x410c58b3) x17 0xffffffff
core   0: 0x8000ac74 (0x018a9e93) slli    t4, s5, 24
core   0: 3 0x8000ac74 (0x018a9e93) x29 0xe4000000
core   0: 0x8000ac78 (0x38de2893) slti    a7, t3, 909
core   0: 3 0x8000ac78 (0x38de2893) x17 0x00000001
core   0: 0x8000ac7c (0x248b5097) auipc   ra, 0x248b5
core   0: 3 0x8000ac7c (0x248b5097) x 1 0xa48bfc7c
core   0: 0x8000ac80 (0x0176fcb3) and     s9, a3, s7
core   0: 3 0x8000ac80 (0x0176fcb3) x25 0x00000001
core   0: 0x8000ac84 (0x05f1f863) bgeu    gp, t6, pc + 80
core   0: 3 0x8000ac84 (0x05f1f863)
core   0: 0x8000ac88 (0x01ee58b3) srl     a7, t3, t5
core   0: 3 0x8000ac88 (0x01ee58b3) x17 0xfffffcff
core   0: 0x8000ac8c (0x00617db3) and     s11, sp, t1
core   0: 3 0x8000ac8c (0x00617db3) x27 0xfffff8e9
core   0: 0x8000ac90 (0x955b8213) addi    tp, s7, -1707
core   0: 3 0x8000ac90 (0x955b8213) x 4 0xfffff956
core   0: 0x8000ac94 (0x0050a233) slt     tp, ra, t0
core   0: 3 0x8000ac94 (0x0050a233) x 4 0x00000001
core   0: 0x8000ac98 (0x00e64263) blt     a2, a4, pc + 4
core   0: 3 0x8000ac98 (0x00e64263)
core   0: 0x8000ac9c (0x0327ba33) mulhu   s4, a5, s2
core   0: 3 0x8000ac9c (0x0327ba33) x20 0x00000000
core   0: 0x8000aca0 (0x024dde63) bge     s11, tp, pc + 60
core   0: 3 0x8000aca0 (0x024dde63)
core   0: 0x8000aca4 (0x0f71ce93) xori    t4, gp, 247
core   0: 3 0x8000aca4 (0x0f71ce93) x29 0xfffffc08
core   0: 0x8000aca8 (0xb82e0f93) addi    t6, t3, -1150
core   0: 3 0x8000aca8 (0xb82e0f93) x31 0xfffff881
core   0: 0x8000acac (0x0171d933) srl     s2, gp, s7
core   0: 3 0x8000acac (0x0171d933) x18 0x7ffffe7f
core   0: 0x8000acb0 (0x01f3bdb3) sltu    s11, t2, t6
core   0: 3 0x8000acb0 (0x01f3bdb3) x27 0x00000001
core   0: 0x8000acb4 (0x027d2c33) mulhsu  s8, s10, t2
core   0: 3 0x8000acb4 (0x027d2c33) x24 0x000003ad
core   0: 0x8000acb8 (0x02f70063) beq     a4, a5, pc + 32
core   0: 3 0x8000acb8 (0x02f70063)
core   0: 0x8000acbc (0x41eb5d13) srai    s10, s6, 30
core   0: 3 0x8000acbc (0x41eb5d13) x26 0x00000000
core   0: 0x8000acc0 (0x01122733) slt     a4, tp, a7
core   0: 3 0x8000acc0 (0x01122733) x14 0x00000000
core   0: 0x8000acc4 (0x019a42b3) xor     t0, s4, s9
core   0: 3 0x8000acc4 (0x019a42b3) x 5 0x00000001
core   0: 0x8000acc8 (0x02818233) mul     tp, gp, s0
core   0: 3 0x8000acc8 (0x02818233) x 4 0x00000301
core   0: 0x8000accc (0x00000013) nop
core   0: 3 0x8000accc (0x00000013)
core   0: 0x8000acd0 (0x00000013) nop
core   0: 3 0x8000acd0 (0x00000013)
core   0: 0x8000acd4 (0x03f85233) divu    tp, a6, t6
core   0: 3 0x8000acd4 (0x03f85233) x 4 0x00000001
core   0: 0x8000acd8 (0x02a09a63) bne     ra, a0, pc + 52
core   0: 3 0x8000acd8 (0x02a09a63)
core   0: 0x8000ad0c (0x01ea0233) add     tp, s4, t5
core   0: 3 0x8000ad0c (0x01ea0233) x 4 0x00000000
core   0: 0x8000ad10 (0xbfe7e413) ori     s0, a5, -1026
core   0: 3 0x8000ad10 (0xbfe7e413) x 8 0xfffffffe
core   0: 0x8000ad14 (0x03446fb3) rem     t6, s0, s4
core   0: 3 0x8000ad14 (0x03446fb3) x31 0xfffffffe
core   0: 0x8000ad18 (0xff47e217) auipc   tp, 0xff47e
core   0: 3 0x8000ad18 (0xff47e217) x 4 0x7f488d18
core   0: 0x8000ad1c (0x02614533) div     a0, sp, t1
core   0: 3 0x8000ad1c (0x02614533) x10 0x00000000
core   0: 0x8000ad20 (0x000bb4b3) sltu    s1, s7, zero
core   0: 3 0x8000ad20 (0x000bb4b3) x 9 0x00000000
core   0: 0x8000ad24 (0x011d9e33) sll     t3, s11, a7
core   0: 3 0x8000ad24 (0x011d9e33) x28 0x80000000
core   0: 0x8000ad28 (0x03d585b3) mul     a1, a1, t4
core   0: 3 0x8000ad28 (0x03d585b3) x11 0x00000000
core   0: 0x8000ad2c (0x003dceb3) xor     t4, s11, gp
core   0: 3 0x8000ad2c (0x003dceb3) x29 0xfffffcfe
core   0: 0x8000ad30 (0x01d64463) blt     a2, t4, pc + 8
core   0: 3 0x8000ad30 (0x01d64463)
core   0: 0x8000ad38 (0xaff80b17) auipc   s6, 0xaff80
core   0: 3 0x8000ad38 (0xaff80b17) x22 0x2ff8ad38
core   0: 0x8000ad3c (0x015a5213) srli    tp, s4, 21
core   0: 3 0x8000ad3c (0x015a5213) x 4 0x00000000
core   0: 0x8000ad40 (0x007c1833) sll     a6, s8, t2
core   0: 3 0x8000ad40 (0x007c1833) x16 0x03ad0000
core   0: 0x8000ad44 (0x038fdcb3) divu    s9, t6, s8
core   0: 3 0x8000ad44 (0x038fdcb3) x25 0x0045a522
core   0: 0x8000ad48 (0x012242b3) xor     t0, tp, s2
core   0: 3 0x8000ad48 (0x012242b3) x 5 0x7ffffe7f
core   0: 0x8000ad4c (0x83840697) auipc   a3, 0x83840
core   0: 3 0x8000ad4c (0x83840697) x13 0x0384ad4c
core   0: 0x8000ad50 (0x2d472d37) lui     s10, 0x2d472
core   0: 3 0x8000ad50 (0x2d472d37) x26 0x2d472000
core   0: 0x8000ad54 (0x9b67e617) auipc   a2, 0x9b67e
core   0: 3 0x8000ad54 (0x9b67e617) x12 0x1b688d54
core   0: 0x8000ad58 (0x94e39117) auipc   sp, 0x94e39
core   0: 3 0x8000ad58 (0x94e39117) x 2 0x14e43d58
core   0: 0x8000ad5c (0x034611b3) mulh    gp, a2, s4
core   0: 3 0x8000ad5c (0x034611b3) x 3 0x00000000
core   0: 0x8000ad60 (0x361cbb13) sltiu   s6, s9, 865
core   0: 3 0x8000ad60 (0x361cbb13) x22 0x00000000
core   0: 0x8000ad64 (0x00000013) nop
core   0: 3 0x8000ad64 (0x00000013)
core   0: 0x8000ad68 (0x057fc063) blt     t6, s7, pc + 64
core   0: 3 0x8000ad68 (0x057fc063)
core   0: 0x8000ada8 (0x4e207493) andi    s1, zero, 1250
core   0: 3 0x8000ada8 (0x4e207493) x 9 0x00000000
core   0: 0x8000adac (0x01c0f133) and     sp, ra, t3
core   0: 3 0x8000adac (0x01c0f133) x 2 0x80000000
core   0: 0x8000adb0 (0x019b8b33) add     s6, s7, s9
core   0: 3 0x8000adb0 (0x019b8b33) x22 0x0045a523
core   0: 0x8000adb4 (0x015f9d13) slli    s10, t6, 21
core   0: 3 0x8000adb4 (0x015f9d13) x26 0xffc00000
core   0: 0x8000adb8 (0x02d28b33) mul     s6, t0, a3
core   0: 3 0x8000adb8 (0x02d28b33) x22 0xb57760b4
core   0: 0x8000adbc (0x02c25e63) bge     tp, a2, pc + 60
core   0: 3 0x8000adbc (0x02c25e63)
core   0: 0x8000adc0 (0x027c0633) mul     a2, s8, t2
core   0: 3 0x8000adc0 (0x027c0633) x12 0xffe171f0
core   0: 0x8000adc4 (0xf609a313) slti    t1, s3, -160
core   0: 3 0x8000adc4 (0xf609a313) x 6 0x00000000
core   0: 0x8000adc8 (0x03328663) beq     t0, s3, pc + 44
core   0: 3 0x8000adc8 (0x03328663)
core   0: 0x8000adcc (0x01ac0d33) add     s10, s8, s10
core   0: 3 0x8000adcc (0x01ac0d33) x26 0xffc003ad
core   0: 0x8000add0 (0x036ddfb3) divu    t6, s11, s6
core   0: 3 0x8000add0 (0x036ddfb3) x31 0x00000000
core   0: 0x8000add4 (0x93f13413) sltiu   s0, sp, -1729
core   0: 3 0x8000add4 (0x93f13413) x 8 0x00000001
core   0: 0x8000add8 (0x0342c8b3) div     a7, t0, s4
core   0: 3 0x8000add8 (0x0342c8b3) x17 0xffffffff
core   0: 0x8000addc (0x004852b3) srl     t0, a6, tp
core   0: 3 0x8000addc (0x004852b3) x 5 0x03ad0000
core   0: 0x8000ade0 (0x02174733) div     a4, a4, ra
core   0: 3 0x8000ade0 (0x02174733) x14 0x00000000
core   0: 0x8000ade4 (0x05028463) beq     t0, a6, pc + 72
core   0: 3 0x8000ade4 (0x05028463)
core   0: 0x8000ae2c (0x00000013) nop
core   0: 3 0x8000ae2c (0x00000013)
core   0: 0x8000ae30 (0x02ca43b3) div     t2, s4, a2
core   0: 3 0x8000ae30 (0x02ca43b3) x 7 0x00000000
core   0: 0x8000ae34 (0x14488093) addi    ra, a7, 324
core   0: 3 0x8000ae34 (0x14488093) x 1 0x00000143
core   0: 0x8000ae38 (0x02bde863) bltu    s11, a1, pc + 48
core   0: 3 0x8000ae38 (0x02bde863)
core   0: 0x8000ae3c (0x0137dd33) srl     s10, a5, s3
core   0: 3 0x8000ae3c (0x0137dd33) x26 0x00000004
core   0: 0x8000ae40 (0x00c4acb3) slt     s9, s1, a2
core   0: 3 0x8000ae40 (0x00c4acb3) x25 0x00000000
core   0: 0x8000ae44 (0x011dceb3) xor     t4, s11, a7
core   0: 3 0x8000ae44 (0x011dceb3) x29 0xfffffffe
core   0: 0x8000ae48 (0x01a894b3) sll     s1, a7, s10
core   0: 3 0x8000ae48 (0x01a894b3) x 9 0xfffffff0
core   0: 0x8000ae4c (0x5c94cb37) lui     s6, 0x5c94c
core   0: 3 0x8000ae4c (0x5c94cb37) x22 0x5c94c000
core   0: 0x8000ae50 (0x01a65e33) srl     t3, a2, s10
core   0: 3 0x8000ae50 (0x01a65e33) x28 0x0ffe171f
core   0: 0x8000ae54 (0x0456e063) bltu    a3, t0, pc + 64
core   0: 3 0x8000ae54 (0x0456e063)
core   0: 0x8000ae94 (0x00e54633) xor     a2, a0, a4
core   0: 3 0x8000ae94 (0x00e54633) x12 0x00000000
core   0: 0x8000ae98 (0x014bad33) slt     s10, s7, s4
core   0: 3 0x8000ae98 (0x014bad33) x26 0x00000000
core   0: 0x8000ae9c (0x021ca2b3) mulhsu  t0, s9, ra
core   0: 3 0x8000ae9c (0x021ca2b3) x 5 0x00000000
core   0: 0x8000aea0 (0x01f12c33) slt     s8, sp, t6
core   0: 3 0x8000aea0 (0x01f12c33) x24 0x00000001
core   0: 0x8000aea4 (0x00b55533) srl     a0, a0, a1
core   0: 3 0x8000aea4 (0x00b55533) x10 0x00000000
core   0: 0x8000aea8 (0x00f91693) slli    a3, s2, 15
core   0: 3 0x8000aea8 (0x00f91693) x13 0xff3f8000
core   0: 0x8000aeac (0x00b52fb3) slt     t6, a0, a1
core   0: 3 0x8000aeac (0x00b52fb3) x31 0x00000000
core   0: 0x8000aeb0 (0x01725013) srli    zero, tp, 23
core   0: 3 0x8000aeb0 (0x01725013)
core   0: 0x8000aeb4 (0x04109863) bne     ra, ra, pc + 80
core   0: 3 0x8000aeb4 (0x04109863)
core   0: 0x8000aeb8 (0xd4eb0893) addi    a7, s6, -690
core   0: 3 0x8000aeb8 (0xd4eb0893) x17 0x5c94bd4e
core   0: 0x8000aebc (0x03e5e6b3) rem     a3, a1, t5
core   0: 3 0x8000aebc (0x03e5e6b3) x13 0x00000000
core   0: 0x8000aec0 (0x005626b3) slt     a3, a2, t0
core   0: 3 0x8000aec0 (0x005626b3) x13 0x00000000
core   0: 0x8000aec4 (0x41c4dd13) srai    s10, s1, 28
core   0: 3 0x8000aec4 (0x41c4dd13) x26 0xffffffff
core   0: 0x8000aec8 (0x029982b3) mul     t0, s3, s1
core   0: 3 0x8000aec8 (0x029982b3) x 5 0x00000030
core   0: 0x8000aecc (0x00000013) nop
core   0: 3 0x8000aecc (0x00000013)
core   0: 0x8000aed0 (0x02012833) mulhsu  a6, sp, zero
core   0: 3 0x8000aed0 (0x02012833) x16 0x00000000
core   0: 0x8000aed4 (0x035cb733) mulhu   a4, s9, s5
core   0: 3 0x8000aed4 (0x035cb733) x14 0x00000000
core   0: 0x8000aed8 (0x401a88b3) sub     a7, s5, ra
core   0: 3 0x8000aed8 (0x401a88b3) x17 0x80029ba1
core   0: 0x8000aedc (0x01291193) slli    gp, s2, 18
core   0: 3 0x8000aedc (0x01291193) x 3 0xf9fc0000
core   0: 0x8000aee0 (0x02c59663) bne     a1, a2, pc + 44
core   0: 3 0x8000aee0 (0x02c59663)
core   0: 0x8000aee4 (0x010db9b3) sltu    s3, s11, a6
core   0: 3 0x8000aee4 (0x010db9b3) x19 0x00000000
core   0: 0x8000aee8 (0x0023d3b3) srl     t2, t2, sp
core   0: 3 0x8000aee8 (0x0023d3b3) x 7 0x00000000
core   0: 0x8000aeec (0x03786a63) bltu    a6, s7, pc + 52
core   0: 3 0x8000aeec (0x03786a63)
core   0: 0x8000af20 (0x017e9bb3) sll     s7, t4, s7
core   0: 3 0x8000af20 (0x017e9bb3) x23 0xfffffffc
core   0: 0x8000af24 (0x86e44bb7) lui     s7, 0x86e44
core   0: 3 0x8000af24 (0x86e44bb7) x23 0x86e44000
core   0: 0x8000af28 (0x012d7463) bgeu    s10, s2, pc + 8
core   0: 3 0x8000af28 (0x012d7463)
core   0: 0x8000af30 (0x02859333) mulh    t1, a1, s0
core   0: 3 0x8000af30 (0x02859333) x 6 0x00000000
core   0: 0x8000af34 (0x00d39833) sll     a6, t2, a3
core   0: 3 0x8000af34 (0x00d39833) x16 0x00000000
core   0: 0x8000af38 (0x00bcfa63) bgeu    s9, a1, pc + 20
core   0: 3 0x8000af38 (0x00bcfa63)
core   0: 0x8000af4c (0x010db733) sltu    a4, s11, a6
core   0: 3 0x8000af4c (0x010db733) x14 0x00000000
core   0: 0x8000af50 (0x41efdc13) srai    s8, t6, 30
core   0: 3 0x8000af50 (0x41efdc13) x24 0x00000000
core   0: 0x8000af54 (0x0146e333) or      t1, a3, s4
core   0: 3 0x8000af54 (0x0146e333) x 6 0x00000000
core   0: 0x8000af58 (0x4df92893) slti    a7, s2, 1247
core   0: 3 0x8000af58 (0x4df92893) x17 0x00000000
core   0: 0x8000af5c (0x00f625b3) slt     a1, a2, a5
core   0: 3 0x8000af5c (0x00f625b3) x11 0x00000000
core   0: 0x8000af60 (0xa48fba13) sltiu   s4, t6, -1464
core   0: 3 0x8000af60 (0xa48fba13) x20 0x00000001
core   0: 0x8000af64 (0x03e6e633) rem     a2, a3, t5
core   0: 3 0x8000af64 (0x03e6e633) x12 0x00000000
core   0: 0x8000af68 (0x009f8233) add     tp, t6, s1
core   0: 3 0x8000af68 (0x009f8233) x 4 0xfffffff0
core   0: 0x8000af6c (0x011ecd33) xor     s10, t4, a7
core   0: 3 0x8000af6c (0x011ecd33) x26 0xfffffffe
core   0: 0x8000af70 (0x70fd2a13) slti    s4, s10, 1807
core   0: 3 0x8000af70 (0x70fd2a13) x20 0x00000001
core   0: 0x8000af74 (0xf00b2013) slti    zero, s6, -256
core   0: 3 0x8000af74 (0xf00b2013)
core   0: 0x8000af78 (0x78ee8c13) addi    s8, t4, 1934
core   0: 3 0x8000af78 (0x78ee8c13) x24 0x0000078c
core   0: 0x8000af7c (0x026d81b3) mul     gp, s11, t1
core   0: 3 0x8000af7c (0x026d81b3) x 3 0x00000000
core   0: 0x8000af80 (0x01d1ea33) or      s4, gp, t4
core   0: 3 0x8000af80 (0x01d1ea33) x20 0xfffffffe
core   0: 0x8000af84 (0x004a01b3) add     gp, s4, tp
core   0: 3 0x8000af84 (0x004a01b3) x 3 0xffffffee
core   0: 0x8000af88 (0x01896463) bltu    s2, s8, pc + 8
core   0: 3 0x8000af88 (0x01896463)
core   0: 0x8000af8c (0x015118b3) sll     a7, sp, s5
core   0: 3 0x8000af8c (0x015118b3) x17 0x00000000
core   0: 0x8000af90 (0x40fd5533) sra     a0, s10, a5
core   0: 3 0x8000af90 (0x40fd5533) x10 0xffffffff
core   0: 0x8000af94 (0x05400863) beq     zero, s4, pc + 80
core   0: 3 0x8000af94 (0x05400863)
core   0: 0x8000af98 (0x40a6d313) srai    t1, a3, 10
core   0: 3 0x8000af98 (0x40a6d313) x 6 0x00000000
core   0: 0x8000af9c (0x039d8733) mul     a4, s11, s9
core   0: 3 0x8000af9c (0x039d8733) x14 0x00000000
core   0: 0x8000afa0 (0x00000013) nop
core   0: 3 0x8000afa0 (0x00000013)
core   0: 0x8000afa4 (0x014424b3) slt     s1, s0, s4
core   0: 3 0x8000afa4 (0x014424b3) x 9 0x00000000
core   0: 0x8000afa8 (0x03bede63) bge     t4, s11, pc + 60
core   0: 3 0x8000afa8 (0x03bede63)
core   0: 0x8000afac (0x03533b33) mulhu   s6, t1, s5
core   0: 3 0x8000afac (0x03533b33) x22 0x00000000
core   0: 0x8000afb0 (0x00f79e63) bne     a5, a5, pc + 28
core   0: 3 0x8000afb0 (0x00f79e63)
core   0: 0x8000afb4 (0x037d8cb3) mul     s9, s11, s7
core   0: 3 0x8000afb4 (0x037d8cb3) x25 0x86e44000
core   0: 0x8000afb8 (0x03ceedb3) rem     s11, t4, t3
core   0: 3 0x8000afb8 (0x03ceedb3) x27 0xfffffffe
core   0: 0x8000afbc (0x499bb393) sltiu   t2, s7, 1177
core   0: 3 0x8000afbc (0x499bb393) x 7 0x00000000
core   0: 0x8000afc0 (0x03096063) bltu    s2, a6, pc + 32
core   0: 3 0x8000afc0 (0x03096063)
core   0: 0x8000afc4 (0x0086d613) srli    a2, a3, 8
core   0: 3 0x8000afc4 (0x0086d613) x12 0x00000000
core   0: 0x8000afc8 (0x02d74d33) div     s10, a4, a3
core   0: 3 0x8000afc8 (0x02d74d33) x26 0xffffffff
core   0: 0x8000afcc (0x025260b3) rem     ra, tp, t0
core   0: 3 0x8000afcc (0x025260b3) x 1 0xfffffff0
core   0: 0x8000afd0 (0xca658313) addi    t1, a1, -858
core   0: 3 0x8000afd0 (0xca658313) x 6 0xfffffca6
core   0: 0x8000afd4 (0x41d85293) srai    t0, a6, 29
core   0: 3 0x8000afd4 (0x41d85293) x 5 0x00000000
core   0: 0x8000afd8 (0x0050ce63) blt     ra, t0, pc + 28
core   0: 3 0x8000afd8 (0x0050ce63)
core   0: 0x8000aff4 (0x0053e263) bltu    t2, t0, pc + 4
core   0: 3 0x8000aff4 (0x0053e263)
core   0: 0x8000aff8 (0x01c7ea33) or      s4, a5, t3
core   0: 3 0x8000aff8 (0x01c7ea33) x20 0x8ffe5f5f
core   0: 0x8000affc (0x021a1a63) bne     s4, ra, pc + 52
core   0: 3 0x8000affc (0x021a1a63)
core   0: 0x8000b030 (0x0102a633) slt     a2, t0, a6
core   0: 3 0x8000b030 (0x0102a633) x12 0x00000000
core   0: 0x8000b034 (0x022e3eb3) mulhu   t4, t3, sp
core   0: 3 0x8000b034 (0x022e3eb3) x29 0x07ff0b8f
core   0: 0x8000b038 (0x01087fb3) and     t6, a6, a6
core   0: 3 0x8000b038 (0x01087fb3) x31 0x00000000
core   0: 0x8000b03c (0x006aacb3) slt     s9, s5, t1
core   0: 3 0x8000b03c (0x006aacb3) x25 0x00000001
core   0: 0x8000b040 (0x8d722493) slti    s1, tp, -1833
core   0: 3 0x8000b040 (0x8d722493) x 9 0x00000000
core   0: 0x8000b044 (0x03ce0333) mul     t1, t3, t3
core   0: 3 0x8000b044 (0x03ce0333) x 6 0x859a95c1
core   0: 0x8000b048 (0xba29a817) auipc   a6, 0xba29a
core   0: 3 0x8000b048 (0xba29a817) x16 0x3a2a5048
core   0: 0x8000b04c (0x006dd413) srli    s0, s11, 6
core   0: 3 0x8000b04c (0x006dd413) x 8 0x03ffffff
core   0: 0x8000b050 (0x032add33) divu    s10, s5, s2
core   0: 3 0x8000b050 (0x032add33) x26 0x00000001
core   0: 0x8000b054 (0x02a08063) beq     ra, a0, pc + 32
core   0: 3 0x8000b054 (0x02a08063)
core   0: 0x8000b058 (0x031a16b3) mulh    a3, s4, a7
core   0: 3 0x8000b058 (0x031a16b3) x13 0x00000000
core   0: 0x8000b05c (0x038f8d33) mul     s10, t6, s8
core   0: 3 0x8000b05c (0x038f8d33) x26 0x00000000
core   0: 0x8000b060 (0x03141db3) mulh    s11, s0, a7
core   0: 3 0x8000b060 (0x03141db3) x27 0x00000000
core   0: 0x8000b064 (0x00000013) nop
core   0: 3 0x8000b064 (0x00000013)
core   0: 0x8000b068 (0x02d1abb3) mulhsu  s7, gp, a3
core   0: 3 0x8000b068 (0x02d1abb3) x23 0x00000000
core   0: 0x8000b06c (0x05408663) beq     ra, s4, pc + 76
core   0: 3 0x8000b06c (0x05408663)
core   0: 0x8000b070 (0x9641ec93) ori     s9, gp, -1692
core   0: 3 0x8000b070 (0x9641ec93) x25 0xffffffee
core   0: 0x8000b074 (0x01492933) slt     s2, s2, s4
core   0: 3 0x8000b074 (0x01492933) x18 0x00000000
core   0: 0x8000b078 (0x764ddb37) lui     s6, 0x764dd
core   0: 3 0x8000b078 (0x764ddb37) x22 0x764dd000
core   0: 0x8000b07c (0x96d18093) addi    ra, gp, -1683
core   0: 3 0x8000b07c (0x96d18093) x 1 0xfffff95b
core   0: 0x8000b080 (0x021fcfb3) div     t6, t6, ra
core   0: 3 0x8000b080 (0x021fcfb3) x31 0x00000000
core   0: 0x8000b084 (0x00e9a6b3) slt     a3, s3, a4
core   0: 3 0x8000b084 (0x00e9a6b3) x13 0x00000000
core   0: 0x8000b088 (0xaa24b597) auipc   a1, 0xaa24b
core   0: 3 0x8000b088 (0xaa24b597) x11 0x2a256088
core   0: 0x8000b08c (0x01a20863) beq     tp, s10, pc + 16
core   0: 3 0x8000b08c (0x01a20863)
core   0: 0x8000b090 (0x8cd8f593) andi    a1, a7, -1843
core   0: 3 0x8000b090 (0x8cd8f593) x11 0x00000000
core   0: 0x8000b094 (0x0347db33) divu    s6, a5, s4
core   0: 3 0x8000b094 (0x0347db33) x22 0x00000000
core   0: 0x8000b098 (0x04770863) beq     a4, t2, pc + 80
core   0: 3 0x8000b098 (0x04770863)
core   0: 0x8000b0e8 (0x02319863) bne     gp, gp, pc + 48
core   0: 3 0x8000b0e8 (0x02319863)
core   0: 0x8000b0ec (0x404780b3) sub     ra, a5, tp
core   0: 3 0x8000b0ec (0x404780b3) x 1 0x80025e6c
core   0: 0x8000b0f0 (0x00f6de33) srl     t3, a3, a5
core   0: 3 0x8000b0f0 (0x00f6de33) x28 0x00000000
core   0: 0x8000b0f4 (0x03b91863) bne     s2, s11, pc + 48
core   0: 3 0x8000b0f4 (0x03b91863)
core   0: 0x8000b0f8 (0xb60a7293) andi    t0, s4, -1184
core   0: 3 0x8000b0f8 (0xb60a7293) x 5 0x8ffe5b40
core   0: 0x8000b0fc (0x0097fb33) and     s6, a5, s1
core   0: 3 0x8000b0fc (0x0097fb33) x22 0x00000000
core   0: 0x8000b100 (0x00890c33) add     s8, s2, s0
core   0: 3 0x8000b100 (0x00890c33) x24 0x03ffffff
core   0: 0x8000b104 (0x03c4eeb3) rem     t4, s1, t3
core   0: 3 0x8000b104 (0x03c4eeb3) x29 0x00000000
core   0: 0x8000b108 (0x0291e233) rem     tp, gp, s1
core   0: 3 0x8000b108 (0x0291e233) x 4 0xffffffee
core   0: 0x8000b10c (0x001f4bb3) xor     s7, t5, ra
core   0: 3 0x8000b10c (0x001f4bb3) x23 0x80025e6c
core   0: 0x8000b110 (0x01eea5b3) slt     a1, t4, t5
core   0: 3 0x8000b110 (0x01eea5b3) x11 0x00000000
core   0: 0x8000b114 (0x0291ecb3) rem     s9, gp, s1
core   0: 3 0x8000b114 (0x0291ecb3) x25 0xffffffee
core   0: 0x8000b118 (0x00386033) or      zero, a6, gp
core   0: 3 0x8000b118 (0x00386033)
core   0: 0x8000b11c (0x03899a63) bne     s3, s8, pc + 52
core   0: 3 0x8000b11c (0x03899a63)
core   0: 0x8000b150 (0x0d577913) andi    s2, a4, 213
core   0: 3 0x8000b150 (0x0d577913) x18 0x00000000
core   0: 0x8000b154 (0x02089eb3) mulh    t4, a7, zero
core   0: 3 0x8000b154 (0x02089eb3) x29 0x00000000
core   0: 0x8000b158 (0x0047a203) lw      tp, 4(a5)
core   0: 3 0x8000b158 (0x0047a203) x 4 0x8000014c mem 0x80025e60
core   0: 0x8000b15c (0x00119633) sll     a2, gp, ra
core   0: 3 0x8000b15c (0x00119633) x12 0xfffee000
core   0: 0x8000b160 (0x00878793) addi    a5, a5, 8
core   0: 3 0x8000b160 (0x00878793) x15 0x80025e64
core   0: 0x8000b164 (0xfacdb713) sltiu   a4, s11, -84
core   0: 3 0x8000b164 (0xfacdb713) x14 0x00000001
core   0: 0x8000b168 (0x8f8b7e97) auipc   t4, 0x8f8b7
core   0: 3 0x8000b168 (0x8f8b7e97) x29 0x0f8c2168
core   0: 0x8000b16c (0x01b75293) srli    t0, a4, 27
core   0: 3 0x8000b16c (0x01b75293) x 5 0x00000000
core   0: 0x8000b170 (0x00000013) nop
core   0: 3 0x8000b170 (0x00000013)
core   0: 0x8000b174 (0x00020613) mv      a2, tp
core   0: 3 0x8000b174 (0x00020613) x12 0x8000014c
core   0: 0x8000b178 (0x00060667) jalr    a2, a2, 0
core   0: 3 0x8000b178 (0x00060667) x12 0x8000b17c
core   0: 0x8000014c (0x00600413) li      s0, 6
core   0: 3 0x8000014c (0x00600413) x 8 0x00000006
core   0: 0x80000150 (0x00d0fbb3) and     s7, ra, a3
core   0: 3 0x80000150 (0x00d0fbb3) x23 0x00000000
core   0: 0x80000154 (0xfef00e13) li      t3, -17
core   0: 3 0x80000154 (0xfef00e13) x28 0xffffffef
core   0: 0x80000158 (0x96ede517) auipc   a0, 0x96ede
core   0: 3 0x80000158 (0x96ede517) x10 0x16ede158
core   0: 0x8000015c (0x78c6a693) slti    a3, a3, 1932
core   0: 3 0x8000015c (0x78c6a693) x13 0x00000001
core   0: 0x80000160 (0xffc40413) addi    s0, s0, -4
core   0: 3 0x80000160 (0xffc40413) x 8 0x00000002
core   0: 0x80000164 (0x01b94eb3) xor     t4, s2, s11
core   0: 3 0x80000164 (0x01b94eb3) x29 0x00000000
core   0: 0x80000168 (0xb9187693) andi    a3, a6, -1135
core   0: 3 0x80000168 (0xb9187693) x13 0x3a2a5000
core   0: 0x8000016c (0xffc458e3) bge     s0, t3, pc - 16
core   0: 3 0x8000016c (0xffc458e3)
core   0: 0x8000015c (0x78c6a693) slti    a3, a3, 1932
core   0: 3 0x8000015c (0x78c6a693) x13 0x00000000
core   0: 0x80000160 (0xffc40413) addi    s0, s0, -4
core   0: 3 0x80000160 (0xffc40413) x 8 0xfffffffe
core   0: 0x80000164 (0x01b94eb3) xor     t4, s2, s11
core   0: 3 0x80000164 (0x01b94eb3) x29 0x00000000
core   0: 0x80000168 (0xb9187693) andi    a3, a6, -1135
core   0: 3 0x80000168 (0xb9187693) x13 0x3a2a5000
core   0: 0x8000016c (0xffc458e3) bge     s0, t3, pc - 16
core   0: 3 0x8000016c (0xffc458e3)
core   0: 0x8000015c (0x78c6a693) slti    a3, a3, 1932
core   0: 3 0x8000015c (0x78c6a693) x13 0x00000000
core   0: 0x80000160 (0xffc40413) addi    s0, s0, -4
core   0: 3 0x80000160 (0xffc40413) x 8 0xfffffffa
core   0: 0x80000164 (0x01b94eb3) xor     t4, s2, s11
core   0: 3 0x80000164 (0x01b94eb3) x29 0x00000000
core   0: 0x80000168 (0xb9187693) andi    a3, a6, -1135
core   0: 3 0x80000168 (0xb9187693) x13 0x3a2a5000
core   0: 0x8000016c (0xffc458e3) bge     s0, t3, pc - 16
core   0: 3 0x8000016c (0xffc458e3)
core   0: 0x8000015c (0x78c6a693) slti    a3, a3, 1932
core   0: 3 0x8000015c (0x78c6a693) x13 0x00000000
core   0: 0x80000160 (0xffc40413) addi    s0, s0, -4
core   0: 3 0x80000160 (0xffc40413) x 8 0xfffffff6
core   0: 0x80000164 (0x01b94eb3) xor     t4, s2, s11
core   0: 3 0x80000164 (0x01b94eb3) x29 0x00000000
core   0: 0x80000168 (0xb9187693) andi    a3, a6, -1135
core   0: 3 0x80000168 (0xb9187693) x13 0x3a2a5000
core   0: 0x8000016c (0xffc458e3) bge     s0, t3, pc - 16
core   0: 3 0x8000016c (0xffc458e3)
core   0: 0x8000015c (0x78c6a693) slti    a3, a3, 1932
core   0: 3 0x8000015c (0x78c6a693) x13 0x00000000
core   0: 0x80000160 (0xffc40413) addi    s0, s0, -4
core   0: 3 0x80000160 (0xffc40413) x 8 0xfffffff2
core   0: 0x80000164 (0x01b94eb3) xor     t4, s2, s11
core   0: 3 0x80000164 (0x01b94eb3) x29 0x00000000
core   0: 0x80000168 (0xb9187693) andi    a3, a6, -1135
core   0: 3 0x80000168 (0xb9187693) x13 0x3a2a5000
core   0: 0x8000016c (0xffc458e3) bge     s0, t3, pc - 16
core   0: 3 0x8000016c (0xffc458e3)
core   0: 0x8000015c (0x78c6a693) slti    a3, a3, 1932
core   0: 3 0x8000015c (0x78c6a693) x13 0x00000000
core   0: 0x80000160 (0xffc40413) addi    s0, s0, -4
core   0: 3 0x80000160 (0xffc40413) x 8 0xffffffee
core   0: 0x80000164 (0x01b94eb3) xor     t4, s2, s11
core   0: 3 0x80000164 (0x01b94eb3) x29 0x00000000
core   0: 0x80000168 (0xb9187693) andi    a3, a6, -1135
core   0: 3 0x80000168 (0xb9187693) x13 0x3a2a5000
core   0: 0x8000016c (0xffc458e3) bge     s0, t3, pc - 16
core   0: 3 0x8000016c (0xffc458e3)
core   0: 0x80000170 (0x00a0b033) sltu    zero, ra, a0
core   0: 3 0x80000170 (0x00a0b033)
core   0: 0x80000174 (0xffc00713) li      a4, -4
core   0: 3 0x80000174 (0xffc00713) x14 0xfffffffc
core   0: 0x80000178 (0x00600e13) li      t3, 6
core   0: 3 0x80000178 (0x00600e13) x28 0x00000006
core   0: 0x8000017c (0x00e1a4b3) slt     s1, gp, a4
core   0: 3 0x8000017c (0x00e1a4b3) x 9 0x00000001
core   0: 0x80000180 (0x00541593) slli    a1, s0, 5
core   0: 3 0x80000180 (0x00541593) x11 0xfffffdc0
core   0: 0x80000184 (0x0177a4b3) slt     s1, a5, s7
core   0: 3 0x80000184 (0x0177a4b3) x 9 0x00000001
core   0: 0x80000188 (0x00170713) addi    a4, a4, 1
core   0: 3 0x80000188 (0x00170713) x14 0xfffffffd
core   0: 0x8000018c (0x00800a13) li      s4, 8
core   0: 3 0x8000018c (0x00800a13) x20 0x00000008
core   0: 0x80000190 (0x00000013) nop
core   0: 3 0x80000190 (0x00000013)
core   0: 0x80000194 (0xff700213) li      tp, -9
core   0: 3 0x80000194 (0xff700213) x 4 0xfffffff7
core   0: 0x80000198 (0x00d3db33) srl     s6, t2, a3
core   0: 3 0x80000198 (0x00d3db33) x22 0x00000000
core   0: 0x8000019c (0x019a1513) slli    a0, s4, 25
core   0: 3 0x8000019c (0x019a1513) x10 0x10000000
core   0: 0x800001a0 (0x0220ffb3) remu    t6, ra, sp
core   0: 3 0x800001a0 (0x0220ffb3) x31 0x00025e6c
core   0: 0x800001a4 (0x00faf9b3) and     s3, s5, a5
core   0: 3 0x800001a4 (0x00faf9b3) x19 0x80021c64
core   0: 0x800001a8 (0x280c2293) slti    t0, s8, 640
core   0: 3 0x800001a8 (0x280c2293) x 5 0x00000000
core   0: 0x800001ac (0x2972e313) ori     t1, t0, 663
core   0: 3 0x800001ac (0x2972e313) x 6 0x00000297
core   0: 0x800001b0 (0x037b92b3) mulh    t0, s7, s7
core   0: 3 0x800001b0 (0x037b92b3) x 5 0x00000000
core   0: 0x800001b4 (0xff6a0a13) addi    s4, s4, -10
core   0: 3 0x800001b4 (0xff6a0a13) x20 0xfffffffe
core   0: 0x800001b8 (0x01a8a933) slt     s2, a7, s10
core   0: 3 0x800001b8 (0x01a8a933) x18 0x00000000
core   0: 0x800001bc (0x00d41d93) slli    s11, s0, 13
core   0: 3 0x800001bc (0x00d41d93) x27 0xfffdc000
core   0: 0x800001c0 (0xfe4a58e3) bge     s4, tp, pc - 16
core   0: 3 0x800001c0 (0xfe4a58e3)
core   0: 0x800001b0 (0x037b92b3) mulh    t0, s7, s7
core   0: 3 0x800001b0 (0x037b92b3) x 5 0x00000000
core   0: 0x800001b4 (0xff6a0a13) addi    s4, s4, -10
core   0: 3 0x800001b4 (0xff6a0a13) x20 0xfffffff4
core   0: 0x800001b8 (0x01a8a933) slt     s2, a7, s10
core   0: 3 0x800001b8 (0x01a8a933) x18 0x00000000
core   0: 0x800001bc (0x00d41d93) slli    s11, s0, 13
core   0: 3 0x800001bc (0x00d41d93) x27 0xfffdc000
core   0: 0x800001c0 (0xfe4a58e3) bge     s4, tp, pc - 16
core   0: 3 0x800001c0 (0xfe4a58e3)
core   0: 0x800001c4 (0x03f93d33) mulhu   s10, s2, t6
core   0: 3 0x800001c4 (0x03f93d33) x26 0x00000000
core   0: 0x800001c8 (0x01479893) slli    a7, a5, 20
core   0: 3 0x800001c8 (0x01479893) x17 0xe6400000
core   0: 0x800001cc (0x401052b3) sra     t0, zero, ra
core   0: 3 0x800001cc (0x401052b3) x 5 0x00000000
core   0: 0x800001d0 (0xfbc71ae3) bne     a4, t3, pc - 76
core   0: 3 0x800001d0 (0xfbc71ae3)
core   0: 0x80000184 (0x0177a4b3) slt     s1, a5, s7
core   0: 3 0x80000184 (0x0177a4b3) x 9 0x00000001
core   0: 0x80000188 (0x00170713) addi    a4, a4, 1
core   0: 3 0x80000188 (0x00170713) x14 0xfffffffe
core   0: 0x8000018c (0x00800a13) li      s4, 8
core   0: 3 0x8000018c (0x00800a13) x20 0x00000008
core   0: 0x80000190 (0x00000013) nop
core   0: 3 0x80000190 (0x00000013)
core   0: 0x80000194 (0xff700213) li      tp, -9
core   0: 3 0x80000194 (0xff700213) x 4 0xfffffff7
core   0: 0x80000198 (0x00d3db33) srl     s6, t2, a3
core   0: 3 0x80000198 (0x00d3db33) x22 0x00000000
core   0: 0x8000019c (0x019a1513) slli    a0, s4, 25
core   0: 3 0x8000019c (0x019a1513) x10 0x10000000
core   0: 0x800001a0 (0x0220ffb3) remu    t6, ra, sp
core   0: 3 0x800001a0 (0x0220ffb3) x31 0x00025e6c
core   0: 0x800001a4 (0x00faf9b3) and     s3, s5, a5
core   0: 3 0x800001a4 (0x00faf9b3) x19 0x80021c64
core   0: 0x800001a8 (0x280c2293) slti    t0, s8, 640
core   0: 3 0x800001a8 (0x280c2293) x 5 0x00000000
core   0: 0x800001ac (0x2972e313) ori     t1, t0, 663
core   0: 3 0x800001ac (0x2972e313) x 6 0x00000297
core   0: 0x800001b0 (0x037b92b3) mulh    t0, s7, s7
core   0: 3 0x800001b0 (0x037b92b3) x 5 0x00000000
core   0: 0x800001b4 (0xff6a0a13) addi    s4, s4, -10
core   0: 3 0x800001b4 (0xff6a0a13) x20 0xfffffffe
core   0: 0x800001b8 (0x01a8a933) slt     s2, a7, s10
core   0: 3 0x800001b8 (0x01a8a933) x18 0x00000001
core   0: 0x800001bc (0x00d41d93) slli    s11, s0, 13
core   0: 3 0x800001bc (0x00d41d93) x27 0xfffdc000
core   0: 0x800001c0 (0xfe4a58e3) bge     s4, tp, pc - 16
core   0: 3 0x800001c0 (0xfe4a58e3)
core   0: 0x800001b0 (0x037b92b3) mulh    t0, s7, s7
core   0: 3 0x800001b0 (0x037b92b3) x 5 0x00000000
core   0: 0x800001b4 (0xff6a0a13) addi    s4, s4, -10
core   0: 3 0x800001b4 (0xff6a0a13) x20 0xfffffff4
core   0: 0x800001b8 (0x01a8a933) slt     s2, a7, s10
core   0: 3 0x800001b8 (0x01a8a933) x18 0x00000001
core   0: 0x800001bc (0x00d41d93) slli    s11, s0, 13
core   0: 3 0x800001bc (0x00d41d93) x27 0xfffdc000
core   0: 0x800001c0 (0xfe4a58e3) bge     s4, tp, pc - 16
core   0: 3 0x800001c0 (0xfe4a58e3)
core   0: 0x800001c4 (0x03f93d33) mulhu   s10, s2, t6
core   0: 3 0x800001c4 (0x03f93d33) x26 0x00000000
core   0: 0x800001c8 (0x01479893) slli    a7, a5, 20
core   0: 3 0x800001c8 (0x01479893) x17 0xe6400000
core   0: 0x800001cc (0x401052b3) sra     t0, zero, ra
core   0: 3 0x800001cc (0x401052b3) x 5 0x00000000
core   0: 0x800001d0 (0xfbc71ae3) bne     a4, t3, pc - 76
core   0: 3 0x800001d0 (0xfbc71ae3)
core   0: 0x80000184 (0x0177a4b3) slt     s1, a5, s7
core   0: 3 0x80000184 (0x0177a4b3) x 9 0x00000001
core   0: 0x80000188 (0x00170713) addi    a4, a4, 1
core   0: 3 0x80000188 (0x00170713) x14 0xffffffff
core   0: 0x8000018c (0x00800a13) li      s4, 8
core   0: 3 0x8000018c (0x00800a13) x20 0x00000008
core   0: 0x80000190 (0x00000013) nop
core   0: 3 0x80000190 (0x00000013)
core   0: 0x80000194 (0xff700213) li      tp, -9
core   0: 3 0x80000194 (0xff700213) x 4 0xfffffff7
core   0: 0x80000198 (0x00d3db33) srl     s6, t2, a3
core   0: 3 0x80000198 (0x00d3db33) x22 0x00000000
core   0: 0x8000019c (0x019a1513) slli    a0, s4, 25
core   0: 3 0x8000019c (0x019a1513) x10 0x10000000
core   0: 0x800001a0 (0x0220ffb3) remu    t6, ra, sp
core   0: 3 0x800001a0 (0x0220ffb3) x31 0x00025e6c
core   0: 0x800001a4 (0x00faf9b3) and     s3, s5, a5
core   0: 3 0x800001a4 (0x00faf9b3) x19 0x80021c64
core   0: 0x800001a8 (0x280c2293) slti    t0, s8, 640
core   0: 3 0x800001a8 (0x280c2293) x 5 0x00000000
core   0: 0x800001ac (0x2972e313) ori     t1, t0, 663
core   0: 3 0x800001ac (0x2972e313) x 6 0x00000297
core   0: 0x800001b0 (0x037b92b3) mulh    t0, s7, s7
core   0: 3 0x800001b0 (0x037b92b3) x 5 0x00000000
core   0: 0x800001b4 (0xff6a0a13) addi    s4, s4, -10
core   0: 3 0x800001b4 (0xff6a0a13) x20 0xfffffffe
core   0: 0x800001b8 (0x01a8a933) slt     s2, a7, s10
core   0: 3 0x800001b8 (0x01a8a933) x18 0x00000001
core   0: 0x800001bc (0x00d41d93) slli    s11, s0, 13
core   0: 3 0x800001bc (0x00d41d93) x27 0xfffdc000
core   0: 0x800001c0 (0xfe4a58e3) bge     s4, tp, pc - 16
core   0: 3 0x800001c0 (0xfe4a58e3)
core   0: 0x800001b0 (0x037b92b3) mulh    t0, s7, s7
core   0: 3 0x800001b0 (0x037b92b3) x 5 0x00000000
core   0: 0x800001b4 (0xff6a0a13) addi    s4, s4, -10
core   0: 3 0x800001b4 (0xff6a0a13) x20 0xfffffff4
core   0: 0x800001b8 (0x01a8a933) slt     s2, a7, s10
core   0: 3 0x800001b8 (0x01a8a933) x18 0x00000001
core   0: 0x800001bc (0x00d41d93) slli    s11, s0, 13
core   0: 3 0x800001bc (0x00d41d93) x27 0xfffdc000
core   0: 0x800001c0 (0xfe4a58e3) bge     s4, tp, pc - 16
core   0: 3 0x800001c0 (0xfe4a58e3)
core   0: 0x800001c4 (0x03f93d33) mulhu   s10, s2, t6
core   0: 3 0x800001c4 (0x03f93d33) x26 0x00000000
core   0: 0x800001c8 (0x01479893) slli    a7, a5, 20
core   0: 3 0x800001c8 (0x01479893) x17 0xe6400000
core   0: 0x800001cc (0x401052b3) sra     t0, zero, ra
core   0: 3 0x800001cc (0x401052b3) x 5 0x00000000
core   0: 0x800001d0 (0xfbc71ae3) bne     a4, t3, pc - 76
core   0: 3 0x800001d0 (0xfbc71ae3)
core   0: 0x80000184 (0x0177a4b3) slt     s1, a5, s7
core   0: 3 0x80000184 (0x0177a4b3) x 9 0x00000001
core   0: 0x80000188 (0x00170713) addi    a4, a4, 1
core   0: 3 0x80000188 (0x00170713) x14 0x00000000
core   0: 0x8000018c (0x00800a13) li      s4, 8
core   0: 3 0x8000018c (0x00800a13) x20 0x00000008
core   0: 0x80000190 (0x00000013) nop
core   0: 3 0x80000190 (0x00000013)
core   0: 0x80000194 (0xff700213) li      tp, -9
core   0: 3 0x80000194 (0xff700213) x 4 0xfffffff7
core   0: 0x80000198 (0x00d3db33) srl     s6, t2, a3
core   0: 3 0x80000198 (0x00d3db33) x22 0x00000000
core   0: 0x8000019c (0x019a1513) slli    a0, s4, 25
core   0: 3 0x8000019c (0x019a1513) x10 0x10000000
core   0: 0x800001a0 (0x0220ffb3) remu    t6, ra, sp
core   0: 3 0x800001a0 (0x0220ffb3) x31 0x00025e6c
core   0: 0x800001a4 (0x00faf9b3) and     s3, s5, a5
core   0: 3 0x800001a4 (0x00faf9b3) x19 0x80021c64
core   0: 0x800001a8 (0x280c2293) slti    t0, s8, 640
core   0: 3 0x800001a8 (0x280c2293) x 5 0x00000000
core   0: 0x800001ac (0x2972e313) ori     t1, t0, 663
core   0: 3 0x800001ac (0x2972e313) x 6 0x00000297
core   0: 0x800001b0 (0x037b92b3) mulh    t0, s7, s7
core   0: 3 0x800001b0 (0x037b92b3) x 5 0x00000000
core   0: 0x800001b4 (0xff6a0a13) addi    s4, s4, -10
core   0: 3 0x800001b4 (0xff6a0a13) x20 0xfffffffe
core   0: 0x800001b8 (0x01a8a933) slt     s2, a7, s10
core   0: 3 0x800001b8 (0x01a8a933) x18 0x00000001
core   0: 0x800001bc (0x00d41d93) slli    s11, s0, 13
core   0: 3 0x800001bc (0x00d41d93) x27 0xfffdc000
core   0: 0x800001c0 (0xfe4a58e3) bge     s4, tp, pc - 16
core   0: 3 0x800001c0 (0xfe4a58e3)
core   0: 0x800001b0 (0x037b92b3) mulh    t0, s7, s7
core   0: 3 0x800001b0 (0x037b92b3) x 5 0x00000000
core   0: 0x800001b4 (0xff6a0a13) addi    s4, s4, -10
core   0: 3 0x800001b4 (0xff6a0a13) x20 0xfffffff4
core   0: 0x800001b8 (0x01a8a933) slt     s2, a7, s10
core   0: 3 0x800001b8 (0x01a8a933) x18 0x00000001
core   0: 0x800001bc (0x00d41d93) slli    s11, s0, 13
core   0: 3 0x800001bc (0x00d41d93) x27 0xfffdc000
core   0: 0x800001c0 (0xfe4a58e3) bge     s4, tp, pc - 16
core   0: 3 0x800001c0 (0xfe4a58e3)
core   0: 0x800001c4 (0x03f93d33) mulhu   s10, s2, t6
core   0: 3 0x800001c4 (0x03f93d33) x26 0x00000000
core   0: 0x800001c8 (0x01479893) slli    a7, a5, 20
core   0: 3 0x800001c8 (0x01479893) x17 0xe6400000
core   0: 0x800001cc (0x401052b3) sra     t0, zero, ra
core   0: 3 0x800001cc (0x401052b3) x 5 0x00000000
core   0: 0x800001d0 (0xfbc71ae3) bne     a4, t3, pc - 76
core   0: 3 0x800001d0 (0xfbc71ae3)
core   0: 0x80000184 (0x0177a4b3) slt     s1, a5, s7
core   0: 3 0x80000184 (0x0177a4b3) x 9 0x00000001
core   0: 0x80000188 (0x00170713) addi    a4, a4, 1
core   0: 3 0x80000188 (0x00170713) x14 0x00000001
core   0: 0x8000018c (0x00800a13) li      s4, 8
core   0: 3 0x8000018c (0x00800a13) x20 0x00000008
core   0: 0x80000190 (0x00000013) nop
core   0: 3 0x80000190 (0x00000013)
core   0: 0x80000194 (0xff700213) li      tp, -9
core   0: 3 0x80000194 (0xff700213) x 4 0xfffffff7
core   0: 0x80000198 (0x00d3db33) srl     s6, t2, a3
core   0: 3 0x80000198 (0x00d3db33) x22 0x00000000
core   0: 0x8000019c (0x019a1513) slli    a0, s4, 25
core   0: 3 0x8000019c (0x019a1513) x10 0x10000000
core   0: 0x800001a0 (0x0220ffb3) remu    t6, ra, sp
core   0: 3 0x800001a0 (0x0220ffb3) x31 0x00025e6c
core   0: 0x800001a4 (0x00faf9b3) and     s3, s5, a5
core   0: 3 0x800001a4 (0x00faf9b3) x19 0x80021c64
core   0: 0x800001a8 (0x280c2293) slti    t0, s8, 640
core   0: 3 0x800001a8 (0x280c2293) x 5 0x00000000
core   0: 0x800001ac (0x2972e313) ori     t1, t0, 663
core   0: 3 0x800001ac (0x2972e313) x 6 0x00000297
core   0: 0x800001b0 (0x037b92b3) mulh    t0, s7, s7
core   0: 3 0x800001b0 (0x037b92b3) x 5 0x00000000
core   0: 0x800001b4 (0xff6a0a13) addi    s4, s4, -10
core   0: 3 0x800001b4 (0xff6a0a13) x20 0xfffffffe
core   0: 0x800001b8 (0x01a8a933) slt     s2, a7, s10
core   0: 3 0x800001b8 (0x01a8a933) x18 0x00000001
core   0: 0x800001bc (0x00d41d93) slli    s11, s0, 13
core   0: 3 0x800001bc (0x00d41d93) x27 0xfffdc000
core   0: 0x800001c0 (0xfe4a58e3) bge     s4, tp, pc - 16
core   0: 3 0x800001c0 (0xfe4a58e3)
core   0: 0x800001b0 (0x037b92b3) mulh    t0, s7, s7
core   0: 3 0x800001b0 (0x037b92b3) x 5 0x00000000
core   0: 0x800001b4 (0xff6a0a13) addi    s4, s4, -10
core   0: 3 0x800001b4 (0xff6a0a13) x20 0xfffffff4
core   0: 0x800001b8 (0x01a8a933) slt     s2, a7, s10
core   0: 3 0x800001b8 (0x01a8a933) x18 0x00000001
core   0: 0x800001bc (0x00d41d93) slli    s11, s0, 13
core   0: 3 0x800001bc (0x00d41d93) x27 0xfffdc000
core   0: 0x800001c0 (0xfe4a58e3) bge     s4, tp, pc - 16
core   0: 3 0x800001c0 (0xfe4a58e3)
core   0: 0x800001c4 (0x03f93d33) mulhu   s10, s2, t6
core   0: 3 0x800001c4 (0x03f93d33) x26 0x00000000
core   0: 0x800001c8 (0x01479893) slli    a7, a5, 20
core   0: 3 0x800001c8 (0x01479893) x17 0xe6400000
core   0: 0x800001cc (0x401052b3) sra     t0, zero, ra
core   0: 3 0x800001cc (0x401052b3) x 5 0x00000000
core   0: 0x800001d0 (0xfbc71ae3) bne     a4, t3, pc - 76
core   0: 3 0x800001d0 (0xfbc71ae3)
core   0: 0x80000184 (0x0177a4b3) slt     s1, a5, s7
core   0: 3 0x80000184 (0x0177a4b3) x 9 0x00000001
core   0: 0x80000188 (0x00170713) addi    a4, a4, 1
core   0: 3 0x80000188 (0x00170713) x14 0x00000002
core   0: 0x8000018c (0x00800a13) li      s4, 8
core   0: 3 0x8000018c (0x00800a13) x20 0x00000008
core   0: 0x80000190 (0x00000013) nop
core   0: 3 0x80000190 (0x00000013)
core   0: 0x80000194 (0xff700213) li      tp, -9
core   0: 3 0x80000194 (0xff700213) x 4 0xfffffff7
core   0: 0x80000198 (0x00d3db33) srl     s6, t2, a3
core   0: 3 0x80000198 (0x00d3db33) x22 0x00000000
core   0: 0x8000019c (0x019a1513) slli    a0, s4, 25
core   0: 3 0x8000019c (0x019a1513) x10 0x10000000
core   0: 0x800001a0 (0x0220ffb3) remu    t6, ra, sp
core   0: 3 0x800001a0 (0x0220ffb3) x31 0x00025e6c
core   0: 0x800001a4 (0x00faf9b3) and     s3, s5, a5
core   0: 3 0x800001a4 (0x00faf9b3) x19 0x80021c64
core   0: 0x800001a8 (0x280c2293) slti    t0, s8, 640
core   0: 3 0x800001a8 (0x280c2293) x 5 0x00000000
core   0: 0x800001ac (0x2972e313) ori     t1, t0, 663
core   0: 3 0x800001ac (0x2972e313) x 6 0x00000297
core   0: 0x800001b0 (0x037b92b3) mulh    t0, s7, s7
core   0: 3 0x800001b0 (0x037b92b3) x 5 0x00000000
core   0: 0x800001b4 (0xff6a0a13) addi    s4, s4, -10
core   0: 3 0x800001b4 (0xff6a0a13) x20 0xfffffffe
core   0: 0x800001b8 (0x01a8a933) slt     s2, a7, s10
core   0: 3 0x800001b8 (0x01a8a933) x18 0x00000001
core   0: 0x800001bc (0x00d41d93) slli    s11, s0, 13
core   0: 3 0x800001bc (0x00d41d93) x27 0xfffdc000
core   0: 0x800001c0 (0xfe4a58e3) bge     s4, tp, pc - 16
core   0: 3 0x800001c0 (0xfe4a58e3)
core   0: 0x800001b0 (0x037b92b3) mulh    t0, s7, s7
core   0: 3 0x800001b0 (0x037b92b3) x 5 0x00000000
core   0: 0x800001b4 (0xff6a0a13) addi    s4, s4, -10
core   0: 3 0x800001b4 (0xff6a0a13) x20 0xfffffff4
core   0: 0x800001b8 (0x01a8a933) slt     s2, a7, s10
core   0: 3 0x800001b8 (0x01a8a933) x18 0x00000001
core   0: 0x800001bc (0x00d41d93) slli    s11, s0, 13
core   0: 3 0x800001bc (0x00d41d93) x27 0xfffdc000
core   0: 0x800001c0 (0xfe4a58e3) bge     s4, tp, pc - 16
core   0: 3 0x800001c0 (0xfe4a58e3)
core   0: 0x800001c4 (0x03f93d33) mulhu   s10, s2, t6
core   0: 3 0x800001c4 (0x03f93d33) x26 0x00000000
core   0: 0x800001c8 (0x01479893) slli    a7, a5, 20
core   0: 3 0x800001c8 (0x01479893) x17 0xe6400000
core   0: 0x800001cc (0x401052b3) sra     t0, zero, ra
core   0: 3 0x800001cc (0x401052b3) x 5 0x00000000
core   0: 0x800001d0 (0xfbc71ae3) bne     a4, t3, pc - 76
core   0: 3 0x800001d0 (0xfbc71ae3)
core   0: 0x80000184 (0x0177a4b3) slt     s1, a5, s7
core   0: 3 0x80000184 (0x0177a4b3) x 9 0x00000001
core   0: 0x80000188 (0x00170713) addi    a4, a4, 1
core   0: 3 0x80000188 (0x00170713) x14 0x00000003
core   0: 0x8000018c (0x00800a13) li      s4, 8
core   0: 3 0x8000018c (0x00800a13) x20 0x00000008
core   0: 0x80000190 (0x00000013) nop
core   0: 3 0x80000190 (0x00000013)
core   0: 0x80000194 (0xff700213) li      tp, -9
core   0: 3 0x80000194 (0xff700213) x 4 0xfffffff7
core   0: 0x80000198 (0x00d3db33) srl     s6, t2, a3
core   0: 3 0x80000198 (0x00d3db33) x22 0x00000000
core   0: 0x8000019c (0x019a1513) slli    a0, s4, 25
core   0: 3 0x8000019c (0x019a1513) x10 0x10000000
core   0: 0x800001a0 (0x0220ffb3) remu    t6, ra, sp
core   0: 3 0x800001a0 (0x0220ffb3) x31 0x00025e6c
core   0: 0x800001a4 (0x00faf9b3) and     s3, s5, a5
core   0: 3 0x800001a4 (0x00faf9b3) x19 0x80021c64
core   0: 0x800001a8 (0x280c2293) slti    t0, s8, 640
core   0: 3 0x800001a8 (0x280c2293) x 5 0x00000000
core   0: 0x800001ac (0x2972e313) ori     t1, t0, 663
core   0: 3 0x800001ac (0x2972e313) x 6 0x00000297
core   0: 0x800001b0 (0x037b92b3) mulh    t0, s7, s7
core   0: 3 0x800001b0 (0x037b92b3) x 5 0x00000000
core   0: 0x800001b4 (0xff6a0a13) addi    s4, s4, -10
core   0: 3 0x800001b4 (0xff6a0a13) x20 0xfffffffe
core   0: 0x800001b8 (0x01a8a933) slt     s2, a7, s10
core   0: 3 0x800001b8 (0x01a8a933) x18 0x00000001
core   0: 0x800001bc (0x00d41d93) slli    s11, s0, 13
core   0: 3 0x800001bc (0x00d41d93) x27 0xfffdc000
core   0: 0x800001c0 (0xfe4a58e3) bge     s4, tp, pc - 16
core   0: 3 0x800001c0 (0xfe4a58e3)
core   0: 0x800001b0 (0x037b92b3) mulh    t0, s7, s7
core   0: 3 0x800001b0 (0x037b92b3) x 5 0x00000000
core   0: 0x800001b4 (0xff6a0a13) addi    s4, s4, -10
core   0: 3 0x800001b4 (0xff6a0a13) x20 0xfffffff4
core   0: 0x800001b8 (0x01a8a933) slt     s2, a7, s10
core   0: 3 0x800001b8 (0x01a8a933) x18 0x00000001
core   0: 0x800001bc (0x00d41d93) slli    s11, s0, 13
core   0: 3 0x800001bc (0x00d41d93) x27 0xfffdc000
core   0: 0x800001c0 (0xfe4a58e3) bge     s4, tp, pc - 16
core   0: 3 0x800001c0 (0xfe4a58e3)
core   0: 0x800001c4 (0x03f93d33) mulhu   s10, s2, t6
core   0: 3 0x800001c4 (0x03f93d33) x26 0x00000000
core   0: 0x800001c8 (0x01479893) slli    a7, a5, 20
core   0: 3 0x800001c8 (0x01479893) x17 0xe6400000
core   0: 0x800001cc (0x401052b3) sra     t0, zero, ra
core   0: 3 0x800001cc (0x401052b3) x 5 0x00000000
core   0: 0x800001d0 (0xfbc71ae3) bne     a4, t3, pc - 76
core   0: 3 0x800001d0 (0xfbc71ae3)
core   0: 0x80000184 (0x0177a4b3) slt     s1, a5, s7
core   0: 3 0x80000184 (0x0177a4b3) x 9 0x00000001
core   0: 0x80000188 (0x00170713) addi    a4, a4, 1
core   0: 3 0x80000188 (0x00170713) x14 0x00000004
core   0: 0x8000018c (0x00800a13) li      s4, 8
core   0: 3 0x8000018c (0x00800a13) x20 0x00000008
core   0: 0x80000190 (0x00000013) nop
core   0: 3 0x80000190 (0x00000013)
core   0: 0x80000194 (0xff700213) li      tp, -9
core   0: 3 0x80000194 (0xff700213) x 4 0xfffffff7
core   0: 0x80000198 (0x00d3db33) srl     s6, t2, a3
core   0: 3 0x80000198 (0x00d3db33) x22 0x00000000
core   0: 0x8000019c (0x019a1513) slli    a0, s4, 25
core   0: 3 0x8000019c (0x019a1513) x10 0x10000000
core   0: 0x800001a0 (0x0220ffb3) remu    t6, ra, sp
core   0: 3 0x800001a0 (0x0220ffb3) x31 0x00025e6c
core   0: 0x800001a4 (0x00faf9b3) and     s3, s5, a5
core   0: 3 0x800001a4 (0x00faf9b3) x19 0x80021c64
core   0: 0x800001a8 (0x280c2293) slti    t0, s8, 640
core   0: 3 0x800001a8 (0x280c2293) x 5 0x00000000
core   0: 0x800001ac (0x2972e313) ori     t1, t0, 663
core   0: 3 0x800001ac (0x2972e313) x 6 0x00000297
core   0: 0x800001b0 (0x037b92b3) mulh    t0, s7, s7
core   0: 3 0x800001b0 (0x037b92b3) x 5 0x00000000
core   0: 0x800001b4 (0xff6a0a13) addi    s4, s4, -10
core   0: 3 0x800001b4 (0xff6a0a13) x20 0xfffffffe
core   0: 0x800001b8 (0x01a8a933) slt     s2, a7, s10
core   0: 3 0x800001b8 (0x01a8a933) x18 0x00000001
core   0: 0x800001bc (0x00d41d93) slli    s11, s0, 13
core   0: 3 0x800001bc (0x00d41d93) x27 0xfffdc000
core   0: 0x800001c0 (0xfe4a58e3) bge     s4, tp, pc - 16
core   0: 3 0x800001c0 (0xfe4a58e3)
core   0: 0x800001b0 (0x037b92b3) mulh    t0, s7, s7
core   0: 3 0x800001b0 (0x037b92b3) x 5 0x00000000
core   0: 0x800001b4 (0xff6a0a13) addi    s4, s4, -10
core   0: 3 0x800001b4 (0xff6a0a13) x20 0xfffffff4
core   0: 0x800001b8 (0x01a8a933) slt     s2, a7, s10
core   0: 3 0x800001b8 (0x01a8a933) x18 0x00000001
core   0: 0x800001bc (0x00d41d93) slli    s11, s0, 13
core   0: 3 0x800001bc (0x00d41d93) x27 0xfffdc000
core   0: 0x800001c0 (0xfe4a58e3) bge     s4, tp, pc - 16
core   0: 3 0x800001c0 (0xfe4a58e3)
core   0: 0x800001c4 (0x03f93d33) mulhu   s10, s2, t6
core   0: 3 0x800001c4 (0x03f93d33) x26 0x00000000
core   0: 0x800001c8 (0x01479893) slli    a7, a5, 20
core   0: 3 0x800001c8 (0x01479893) x17 0xe6400000
core   0: 0x800001cc (0x401052b3) sra     t0, zero, ra
core   0: 3 0x800001cc (0x401052b3) x 5 0x00000000
core   0: 0x800001d0 (0xfbc71ae3) bne     a4, t3, pc - 76
core   0: 3 0x800001d0 (0xfbc71ae3)
core   0: 0x80000184 (0x0177a4b3) slt     s1, a5, s7
core   0: 3 0x80000184 (0x0177a4b3) x 9 0x00000001
core   0: 0x80000188 (0x00170713) addi    a4, a4, 1
core   0: 3 0x80000188 (0x00170713) x14 0x00000005
core   0: 0x8000018c (0x00800a13) li      s4, 8
core   0: 3 0x8000018c (0x00800a13) x20 0x00000008
core   0: 0x80000190 (0x00000013) nop
core   0: 3 0x80000190 (0x00000013)
core   0: 0x80000194 (0xff700213) li      tp, -9
core   0: 3 0x80000194 (0xff700213) x 4 0xfffffff7
core   0: 0x80000198 (0x00d3db33) srl     s6, t2, a3
core   0: 3 0x80000198 (0x00d3db33) x22 0x00000000
core   0: 0x8000019c (0x019a1513) slli    a0, s4, 25
core   0: 3 0x8000019c (0x019a1513) x10 0x10000000
core   0: 0x800001a0 (0x0220ffb3) remu    t6, ra, sp
core   0: 3 0x800001a0 (0x0220ffb3) x31 0x00025e6c
core   0: 0x800001a4 (0x00faf9b3) and     s3, s5, a5
core   0: 3 0x800001a4 (0x00faf9b3) x19 0x80021c64
core   0: 0x800001a8 (0x280c2293) slti    t0, s8, 640
core   0: 3 0x800001a8 (0x280c2293) x 5 0x00000000
core   0: 0x800001ac (0x2972e313) ori     t1, t0, 663
core   0: 3 0x800001ac (0x2972e313) x 6 0x00000297
core   0: 0x800001b0 (0x037b92b3) mulh    t0, s7, s7
core   0: 3 0x800001b0 (0x037b92b3) x 5 0x00000000
core   0: 0x800001b4 (0xff6a0a13) addi    s4, s4, -10
core   0: 3 0x800001b4 (0xff6a0a13) x20 0xfffffffe
core   0: 0x800001b8 (0x01a8a933) slt     s2, a7, s10
core   0: 3 0x800001b8 (0x01a8a933) x18 0x00000001
core   0: 0x800001bc (0x00d41d93) slli    s11, s0, 13
core   0: 3 0x800001bc (0x00d41d93) x27 0xfffdc000
core   0: 0x800001c0 (0xfe4a58e3) bge     s4, tp, pc - 16
core   0: 3 0x800001c0 (0xfe4a58e3)
core   0: 0x800001b0 (0x037b92b3) mulh    t0, s7, s7
core   0: 3 0x800001b0 (0x037b92b3) x 5 0x00000000
core   0: 0x800001b4 (0xff6a0a13) addi    s4, s4, -10
core   0: 3 0x800001b4 (0xff6a0a13) x20 0xfffffff4
core   0: 0x800001b8 (0x01a8a933) slt     s2, a7, s10
core   0: 3 0x800001b8 (0x01a8a933) x18 0x00000001
core   0: 0x800001bc (0x00d41d93) slli    s11, s0, 13
core   0: 3 0x800001bc (0x00d41d93) x27 0xfffdc000
core   0: 0x800001c0 (0xfe4a58e3) bge     s4, tp, pc - 16
core   0: 3 0x800001c0 (0xfe4a58e3)
core   0: 0x800001c4 (0x03f93d33) mulhu   s10, s2, t6
core   0: 3 0x800001c4 (0x03f93d33) x26 0x00000000
core   0: 0x800001c8 (0x01479893) slli    a7, a5, 20
core   0: 3 0x800001c8 (0x01479893) x17 0xe6400000
core   0: 0x800001cc (0x401052b3) sra     t0, zero, ra
core   0: 3 0x800001cc (0x401052b3) x 5 0x00000000
core   0: 0x800001d0 (0xfbc71ae3) bne     a4, t3, pc - 76
core   0: 3 0x800001d0 (0xfbc71ae3)
core   0: 0x80000184 (0x0177a4b3) slt     s1, a5, s7
core   0: 3 0x80000184 (0x0177a4b3) x 9 0x00000001
core   0: 0x80000188 (0x00170713) addi    a4, a4, 1
core   0: 3 0x80000188 (0x00170713) x14 0x00000006
core   0: 0x8000018c (0x00800a13) li      s4, 8
core   0: 3 0x8000018c (0x00800a13) x20 0x00000008
core   0: 0x80000190 (0x00000013) nop
core   0: 3 0x80000190 (0x00000013)
core   0: 0x80000194 (0xff700213) li      tp, -9
core   0: 3 0x80000194 (0xff700213) x 4 0xfffffff7
core   0: 0x80000198 (0x00d3db33) srl     s6, t2, a3
core   0: 3 0x80000198 (0x00d3db33) x22 0x00000000
core   0: 0x8000019c (0x019a1513) slli    a0, s4, 25
core   0: 3 0x8000019c (0x019a1513) x10 0x10000000
core   0: 0x800001a0 (0x0220ffb3) remu    t6, ra, sp
core   0: 3 0x800001a0 (0x0220ffb3) x31 0x00025e6c
core   0: 0x800001a4 (0x00faf9b3) and     s3, s5, a5
core   0: 3 0x800001a4 (0x00faf9b3) x19 0x80021c64
core   0: 0x800001a8 (0x280c2293) slti    t0, s8, 640
core   0: 3 0x800001a8 (0x280c2293) x 5 0x00000000
core   0: 0x800001ac (0x2972e313) ori     t1, t0, 663
core   0: 3 0x800001ac (0x2972e313) x 6 0x00000297
core   0: 0x800001b0 (0x037b92b3) mulh    t0, s7, s7
core   0: 3 0x800001b0 (0x037b92b3) x 5 0x00000000
core   0: 0x800001b4 (0xff6a0a13) addi    s4, s4, -10
core   0: 3 0x800001b4 (0xff6a0a13) x20 0xfffffffe
core   0: 0x800001b8 (0x01a8a933) slt     s2, a7, s10
core   0: 3 0x800001b8 (0x01a8a933) x18 0x00000001
core   0: 0x800001bc (0x00d41d93) slli    s11, s0, 13
core   0: 3 0x800001bc (0x00d41d93) x27 0xfffdc000
core   0: 0x800001c0 (0xfe4a58e3) bge     s4, tp, pc - 16
core   0: 3 0x800001c0 (0xfe4a58e3)
core   0: 0x800001b0 (0x037b92b3) mulh    t0, s7, s7
core   0: 3 0x800001b0 (0x037b92b3) x 5 0x00000000
core   0: 0x800001b4 (0xff6a0a13) addi    s4, s4, -10
core   0: 3 0x800001b4 (0xff6a0a13) x20 0xfffffff4
core   0: 0x800001b8 (0x01a8a933) slt     s2, a7, s10
core   0: 3 0x800001b8 (0x01a8a933) x18 0x00000001
core   0: 0x800001bc (0x00d41d93) slli    s11, s0, 13
core   0: 3 0x800001bc (0x00d41d93) x27 0xfffdc000
core   0: 0x800001c0 (0xfe4a58e3) bge     s4, tp, pc - 16
core   0: 3 0x800001c0 (0xfe4a58e3)
core   0: 0x800001c4 (0x03f93d33) mulhu   s10, s2, t6
core   0: 3 0x800001c4 (0x03f93d33) x26 0x00000000
core   0: 0x800001c8 (0x01479893) slli    a7, a5, 20
core   0: 3 0x800001c8 (0x01479893) x17 0xe6400000
core   0: 0x800001cc (0x401052b3) sra     t0, zero, ra
core   0: 3 0x800001cc (0x401052b3) x 5 0x00000000
core   0: 0x800001d0 (0xfbc71ae3) bne     a4, t3, pc - 76
core   0: 3 0x800001d0 (0xfbc71ae3)
core   0: 0x800001d4 (0x01401093) slli    ra, zero, 20
core   0: 3 0x800001d4 (0x01401093) x 1 0x00000000
core   0: 0x800001d8 (0x00a00113) li      sp, 10
core   0: 3 0x800001d8 (0x00a00113) x 2 0x0000000a
core   0: 0x800001dc (0x6911eb93) ori     s7, gp, 1681
core   0: 3 0x800001dc (0x6911eb93) x23 0xffffffff
core   0: 0x800001e0 (0x402e5933) sra     s2, t3, sp
core   0: 3 0x800001e0 (0x402e5933) x18 0x00000000
core   0: 0x800001e4 (0x00df8633) add     a2, t6, a3
core   0: 3 0x800001e4 (0x00df8633) x12 0x3a2cae6c
core   0: 0x800001e8 (0x019f9a33) sll     s4, t6, s9
core   0: 3 0x800001e8 (0x019f9a33) x20 0x979b0000
core   0: 0x800001ec (0x30a1fe17) auipc   t3, 0x30a1f
core   0: 3 0x800001ec (0x30a1fe17) x28 0xb0a1f1ec
core   0: 0x800001f0 (0x00000013) nop
core   0: 3 0x800001f0 (0x00000013)
core   0: 0x800001f4 (0x02a2d633) divu    a2, t0, a0
core   0: 3 0x800001f4 (0x02a2d633) x12 0x00000000
core   0: 0x800001f8 (0x004e0c33) add     s8, t3, tp
core   0: 3 0x800001f8 (0x004e0c33) x24 0xb0a1f1e3
core   0: 0x800001fc (0x01400593) li      a1, 20
core   0: 3 0x800001fc (0x01400593) x11 0x00000014
core   0: 0x80000200 (0x034f2b33) mulhsu  s6, t5, s4
core   0: 3 0x80000200 (0x034f2b33) x22 0x00000000
core   0: 0x80000204 (0x01f8e4b3) or      s1, a7, t6
core   0: 3 0x80000204 (0x01f8e4b3) x 9 0xe6425e6c
core   0: 0x80000208 (0x17807d97) auipc   s11, 0x17807
core   0: 3 0x80000208 (0x17807d97) x27 0x97807208
core   0: 0x8000020c (0x2c0d6613) ori     a2, s10, 704
core   0: 3 0x8000020c (0x2c0d6613) x12 0x000002c0
core   0: 0x80000210 (0x00a10113) addi    sp, sp, 10
core   0: 3 0x80000210 (0x00a10113) x 2 0x00000014
core   0: 0x80000214 (0x467d3297) auipc   t0, 0x467d3
core   0: 3 0x80000214 (0x467d3297) x 5 0xc67d3214
core   0: 0x80000218 (0x01f25493) srli    s1, tp, 31
core   0: 3 0x80000218 (0x01f25493) x 9 0x00000001
core   0: 0x8000021c (0x0145bb33) sltu    s6, a1, s4
core   0: 3 0x8000021c (0x0145bb33) x22 0x00000001
core   0: 0x80000220 (0x41afd533) sra     a0, t6, s10
core   0: 3 0x80000220 (0x41afd533) x10 0x00025e6c
core   0: 0x80000224 (0x00600213) li      tp, 6
core   0: 3 0x80000224 (0x00600213) x 4 0x00000006
core   0: 0x80000228 (0x91323e93) sltiu   t4, tp, -1773
core   0: 3 0x80000228 (0x91323e93) x29 0x00000001
core   0: 0x8000022c (0xffa00f93) li      t6, -6
core   0: 3 0x8000022c (0xffa00f93) x31 0xfffffffa
core   0: 0x80000230 (0x40cd0833) sub     a6, s10, a2
core   0: 3 0x80000230 (0x40cd0833) x16 0xfffffd40
core   0: 0x80000234 (0x418e0033) sub     zero, t3, s8
core   0: 3 0x80000234 (0x418e0033)
core   0: 0x80000238 (0x0084dcb3) srl     s9, s1, s0
core   0: 3 0x80000238 (0x0084dcb3) x25 0x00000000
core   0: 0x8000023c (0x402ad893) srai    a7, s5, 2
core   0: 3 0x8000023c (0x402ad893) x17 0xe000a739
core   0: 0x80000240 (0xffc20213) addi    tp, tp, -4
core   0: 3 0x80000240 (0xffc20213) x 4 0x00000002
core   0: 0x80000244 (0x014d6b33) or      s6, s10, s4
core   0: 3 0x80000244 (0x014d6b33) x22 0x979b0000
core   0: 0x80000248 (0xfff256e3) bge     tp, t6, pc - 20
core   0: 3 0x80000248 (0xfff256e3)
core   0: 0x80000234 (0x418e0033) sub     zero, t3, s8
core   0: 3 0x80000234 (0x418e0033)
core   0: 0x80000238 (0x0084dcb3) srl     s9, s1, s0
core   0: 3 0x80000238 (0x0084dcb3) x25 0x00000000
core   0: 0x8000023c (0x402ad893) srai    a7, s5, 2
core   0: 3 0x8000023c (0x402ad893) x17 0xe000a739
core   0: 0x80000240 (0xffc20213) addi    tp, tp, -4
core   0: 3 0x80000240 (0xffc20213) x 4 0xfffffffe
core   0: 0x80000244 (0x014d6b33) or      s6, s10, s4
core   0: 3 0x80000244 (0x014d6b33) x22 0x979b0000
core   0: 0x80000248 (0xfff256e3) bge     tp, t6, pc - 20
core   0: 3 0x80000248 (0xfff256e3)
core   0: 0x80000234 (0x418e0033) sub     zero, t3, s8
core   0: 3 0x80000234 (0x418e0033)
core   0: 0x80000238 (0x0084dcb3) srl     s9, s1, s0
core   0: 3 0x80000238 (0x0084dcb3) x25 0x00000000
core   0: 0x8000023c (0x402ad893) srai    a7, s5, 2
core   0: 3 0x8000023c (0x402ad893) x17 0xe000a739
core   0: 0x80000240 (0xffc20213) addi    tp, tp, -4
core   0: 3 0x80000240 (0xffc20213) x 4 0xfffffffa
core   0: 0x80000244 (0x014d6b33) or      s6, s10, s4
core   0: 3 0x80000244 (0x014d6b33) x22 0x979b0000
core   0: 0x80000248 (0xfff256e3) bge     tp, t6, pc - 20
core   0: 3 0x80000248 (0xfff256e3)
core   0: 0x80000234 (0x418e0033) sub     zero, t3, s8
core   0: 3 0x80000234 (0x418e0033)
core   0: 0x80000238 (0x0084dcb3) srl     s9, s1, s0
core   0: 3 0x80000238 (0x0084dcb3) x25 0x00000000
core   0: 0x8000023c (0x402ad893) srai    a7, s5, 2
core   0: 3 0x8000023c (0x402ad893) x17 0xe000a739
core   0: 0x80000240 (0xffc20213) addi    tp, tp, -4
core   0: 3 0x80000240 (0xffc20213) x 4 0xfffffff6
core   0: 0x80000244 (0x014d6b33) or      s6, s10, s4
core   0: 3 0x80000244 (0x014d6b33) x22 0x979b0000
core   0: 0x80000248 (0xfff256e3) bge     tp, t6, pc - 20
core   0: 3 0x80000248 (0xfff256e3)
core   0: 0x8000024c (0x0240c9b3) div     s3, ra, tp
core   0: 3 0x8000024c (0x0240c9b3) x19 0x00000000
core   0: 0x80000250 (0xc29a3393) sltiu   t2, s4, -983
core   0: 3 0x80000250 (0xc29a3393) x 7 0x00000001
core   0: 0x80000254 (0x40c8db13) srai    s6, a7, 12
core   0: 3 0x80000254 (0x40c8db13) x22 0xfffe000a
core   0: 0x80000258 (0xfab166e3) bltu    sp, a1, pc - 84
core   0: 3 0x80000258 (0xfab166e3)
core   0: 0x8000025c (0x0379dc33) divu    s8, s3, s7
core   0: 3 0x8000025c (0x0379dc33) x24 0x00000000
core   0: 0x80000260 (0x00500993) li      s3, 5
core   0: 3 0x80000260 (0x00500993) x19 0x00000005
core   0: 0x80000264 (0x0093a2b3) slt     t0, t2, s1
core   0: 3 0x80000264 (0x0093a2b3) x 5 0x00000000
core   0: 0x80000268 (0x033c05b3) mul     a1, s8, s3
core   0: 3 0x80000268 (0x033c05b3) x11 0x00000000
core   0: 0x8000026c (0x02463633) mulhu   a2, a2, tp
core   0: 3 0x8000026c (0x02463633) x12 0x000002bf
core   0: 0x80000270 (0xffb00413) li      s0, -5
core   0: 3 0x80000270 (0xffb00413) x 8 0xfffffffb
core   0: 0x80000274 (0x024de6b3) rem     a3, s11, tp
core   0: 3 0x80000274 (0x024de6b3) x13 0x00000000
core   0: 0x80000278 (0x40290033) sub     zero, s2, sp
core   0: 3 0x80000278 (0x40290033)
core   0: 0x8000027c (0x01ce50b3) srl     ra, t3, t3
core   0: 3 0x8000027c (0x01ce50b3) x 1 0x000b0a1f
core   0: 0x80000280 (0x417a5113) srai    sp, s4, 23
core   0: 3 0x80000280 (0x417a5113) x 2 0xffffff2f
core   0: 0x80000284 (0x414103b3) sub     t2, sp, s4
core   0: 3 0x80000284 (0x414103b3) x 7 0x6864ff2f
core   0: 0x80000288 (0x01351113) slli    sp, a0, 19
core   0: 3 0x80000288 (0x01351113) x 2 0xf3600000
core   0: 0x8000028c (0x01d388b3) add     a7, t2, t4
core   0: 3 0x8000028c (0x01d388b3) x17 0x6864ff30
core   0: 0x80000290 (0x0304dfb3) divu    t6, s1, a6
core   0: 3 0x80000290 (0x0304dfb3) x31 0x00000000
core   0: 0x80000294 (0x00c58cb3) add     s9, a1, a2
core   0: 3 0x80000294 (0x00c58cb3) x25 0x000002bf
core   0: 0x80000298 (0x00e232b3) sltu    t0, tp, a4
core   0: 3 0x80000298 (0x00e232b3) x 5 0x00000000
core   0: 0x8000029c (0x014f1eb3) sll     t4, t5, s4
core   0: 3 0x8000029c (0x014f1eb3) x29 0x00000000
core   0: 0x800002a0 (0xffb98993) addi    s3, s3, -5
core   0: 3 0x800002a0 (0xffb98993) x19 0x00000000
core   0: 0x800002a4 (0x02c6bb33) mulhu   s6, a3, a2
core   0: 3 0x800002a4 (0x02c6bb33) x22 0x00000000
core   0: 0x800002a8 (0x009922b3) slt     t0, s2, s1
core   0: 3 0x800002a8 (0x009922b3) x 5 0x00000001
core   0: 0x800002ac (0x1f593893) sltiu   a7, s2, 501
core   0: 3 0x800002ac (0x1f593893) x17 0x00000001
core   0: 0x800002b0 (0x0032a6b3) slt     a3, t0, gp
core   0: 3 0x800002b0 (0x0032a6b3) x13 0x00000000
core   0: 0x800002b4 (0x015dbb33) sltu    s6, s11, s5
core   0: 3 0x800002b4 (0x015dbb33) x22 0x00000000
core   0: 0x800002b8 (0x407e83b3) sub     t2, t4, t2
core   0: 3 0x800002b8 (0x407e83b3) x 7 0x979b00d1
core   0: 0x800002bc (0x011c2633) slt     a2, s8, a7
core   0: 3 0x800002bc (0x011c2633) x12 0x00000001
core   0: 0x800002c0 (0xfc8986e3) beq     s3, s0, pc - 52
core   0: 3 0x800002c0 (0xfc8986e3)
core   0: 0x800002c4 (0x19444497) auipc   s1, 0x19444
core   0: 3 0x800002c4 (0x19444497) x 9 0x994442c4
core   0: 0x800002c8 (0x00700c93) li      s9, 7
core   0: 3 0x800002c8 (0x00700c93) x25 0x00000007
core   0: 0x800002cc (0x53b05097) auipc   ra, 0x53b05
core   0: 3 0x800002cc (0x53b05097) x 1 0xd3b052cc
core   0: 0x800002d0 (0x02e293b3) mulh    t2, t0, a4
core   0: 3 0x800002d0 (0x02e293b3) x 7 0x00000000
core   0: 0x800002d4 (0x00000013) nop
core   0: 3 0x800002d4 (0x00000013)
core   0: 0x800002d8 (0x028cd833) divu    a6, s9, s0
core   0: 3 0x800002d8 (0x028cd833) x16 0x00000000
core   0: 0x800002dc (0x41085b33) sra     s6, a6, a6
core   0: 3 0x800002dc (0x41085b33) x22 0x00000000
core   0: 0x800002e0 (0xff400c13) li      s8, -12
core   0: 3 0x800002e0 (0xff400c13) x24 0xfffffff4
core   0: 0x800002e4 (0x03a828b3) mulhsu  a7, a6, s10
core   0: 3 0x800002e4 (0x03a828b3) x17 0x00000000
core   0: 0x800002e8 (0xfffc8c93) addi    s9, s9, -1
core   0: 3 0x800002e8 (0xfffc8c93) x25 0x00000006
core   0: 0x800002ec (0x00f5a733) slt     a4, a1, a5
core   0: 3 0x800002ec (0x00f5a733) x14 0x00000000
core   0: 0x800002f0 (0xff800293) li      t0, -8
core   0: 3 0x800002f0 (0xff800293) x 5 0xfffffff8
core   0: 0x800002f4 (0x00700d13) li      s10, 7
core   0: 3 0x800002f4 (0x00700d13) x26 0x00000007
core   0: 0x800002f8 (0x02d87833) remu    a6, a6, a3
core   0: 3 0x800002f8 (0x02d87833) x16 0x00000000
core   0: 0x800002fc (0x02eea733) mulhsu  a4, t4, a4
core   0: 3 0x800002fc (0x02eea733) x14 0x00000000
core   0: 0x80000300 (0x00328293) addi    t0, t0, 3
core   0: 3 0x80000300 (0x00328293) x 5 0xfffffffb
core   0: 0x80000304 (0xffa2eae3) bltu    t0, s10, pc - 12
core   0: 3 0x80000304 (0xffa2eae3)
core   0: 0x80000308 (0x0097a633) slt     a2, a5, s1
core   0: 3 0x80000308 (0x0097a633) x12 0x00000001
core   0: 0x8000030c (0x0034b533) sltu    a0, s1, gp
core   0: 3 0x8000030c (0x0034b533) x10 0x00000001
core   0: 0x80000310 (0xfd8cdae3) bge     s9, s8, pc - 44
core   0: 3 0x80000310 (0xfd8cdae3)
core   0: 0x800002e4 (0x03a828b3) mulhsu  a7, a6, s10
core   0: 3 0x800002e4 (0x03a828b3) x17 0x00000000
core   0: 0x800002e8 (0xfffc8c93) addi    s9, s9, -1
core   0: 3 0x800002e8 (0xfffc8c93) x25 0x00000005
core   0: 0x800002ec (0x00f5a733) slt     a4, a1, a5
core   0: 3 0x800002ec (0x00f5a733) x14 0x00000000
core   0: 0x800002f0 (0xff800293) li      t0, -8
core   0: 3 0x800002f0 (0xff800293) x 5 0xfffffff8
core   0: 0x800002f4 (0x00700d13) li      s10, 7
core   0: 3 0x800002f4 (0x00700d13) x26 0x00000007
core   0: 0x800002f8 (0x02d87833) remu    a6, a6, a3
core   0: 3 0x800002f8 (0x02d87833) x16 0x00000000
core   0: 0x800002fc (0x02eea733) mulhsu  a4, t4, a4
core   0: 3 0x800002fc (0x02eea733) x14 0x00000000
core   0: 0x80000300 (0x00328293) addi    t0, t0, 3
core   0: 3 0x80000300 (0x00328293) x 5 0xfffffffb
core   0: 0x80000304 (0xffa2eae3) bltu    t0, s10, pc - 12
core   0: 3 0x80000304 (0xffa2eae3)
core   0: 0x80000308 (0x0097a633) slt     a2, a5, s1
core   0: 3 0x80000308 (0x0097a633) x12 0x00000001
core   0: 0x8000030c (0x0034b533) sltu    a0, s1, gp
core   0: 3 0x8000030c (0x0034b533) x10 0x00000001
core   0: 0x80000310 (0xfd8cdae3) bge     s9, s8, pc - 44
core   0: 3 0x80000310 (0xfd8cdae3)
core   0: 0x800002e4 (0x03a828b3) mulhsu  a7, a6, s10
core   0: 3 0x800002e4 (0x03a828b3) x17 0x00000000
core   0: 0x800002e8 (0xfffc8c93) addi    s9, s9, -1
core   0: 3 0x800002e8 (0xfffc8c93) x25 0x00000004
core   0: 0x800002ec (0x00f5a733) slt     a4, a1, a5
core   0: 3 0x800002ec (0x00f5a733) x14 0x00000000
core   0: 0x800002f0 (0xff800293) li      t0, -8
core   0: 3 0x800002f0 (0xff800293) x 5 0xfffffff8
core   0: 0x800002f4 (0x00700d13) li      s10, 7
core   0: 3 0x800002f4 (0x00700d13) x26 0x00000007
core   0: 0x800002f8 (0x02d87833) remu    a6, a6, a3
core   0: 3 0x800002f8 (0x02d87833) x16 0x00000000
core   0: 0x800002fc (0x02eea733) mulhsu  a4, t4, a4
core   0: 3 0x800002fc (0x02eea733) x14 0x00000000
core   0: 0x80000300 (0x00328293) addi    t0, t0, 3
core   0: 3 0x80000300 (0x00328293) x 5 0xfffffffb
core   0: 0x80000304 (0xffa2eae3) bltu    t0, s10, pc - 12
core   0: 3 0x80000304 (0xffa2eae3)
core   0: 0x80000308 (0x0097a633) slt     a2, a5, s1
core   0: 3 0x80000308 (0x0097a633) x12 0x00000001
core   0: 0x8000030c (0x0034b533) sltu    a0, s1, gp
core   0: 3 0x8000030c (0x0034b533) x10 0x00000001
core   0: 0x80000310 (0xfd8cdae3) bge     s9, s8, pc - 44
core   0: 3 0x80000310 (0xfd8cdae3)
core   0: 0x800002e4 (0x03a828b3) mulhsu  a7, a6, s10
core   0: 3 0x800002e4 (0x03a828b3) x17 0x00000000
core   0: 0x800002e8 (0xfffc8c93) addi    s9, s9, -1
core   0: 3 0x800002e8 (0xfffc8c93) x25 0x00000003
core   0: 0x800002ec (0x00f5a733) slt     a4, a1, a5
core   0: 3 0x800002ec (0x00f5a733) x14 0x00000000
core   0: 0x800002f0 (0xff800293) li      t0, -8
core   0: 3 0x800002f0 (0xff800293) x 5 0xfffffff8
core   0: 0x800002f4 (0x00700d13) li      s10, 7
core   0: 3 0x800002f4 (0x00700d13) x26 0x00000007
core   0: 0x800002f8 (0x02d87833) remu    a6, a6, a3
core   0: 3 0x800002f8 (0x02d87833) x16 0x00000000
core   0: 0x800002fc (0x02eea733) mulhsu  a4, t4, a4
core   0: 3 0x800002fc (0x02eea733) x14 0x00000000
core   0: 0x80000300 (0x00328293) addi    t0, t0, 3
core   0: 3 0x80000300 (0x00328293) x 5 0xfffffffb
core   0: 0x80000304 (0xffa2eae3) bltu    t0, s10, pc - 12
core   0: 3 0x80000304 (0xffa2eae3)
core   0: 0x80000308 (0x0097a633) slt     a2, a5, s1
core   0: 3 0x80000308 (0x0097a633) x12 0x00000001
core   0: 0x8000030c (0x0034b533) sltu    a0, s1, gp
core   0: 3 0x8000030c (0x0034b533) x10 0x00000001
core   0: 0x80000310 (0xfd8cdae3) bge     s9, s8, pc - 44
core   0: 3 0x80000310 (0xfd8cdae3)
core   0: 0x800002e4 (0x03a828b3) mulhsu  a7, a6, s10
core   0: 3 0x800002e4 (0x03a828b3) x17 0x00000000
core   0: 0x800002e8 (0xfffc8c93) addi    s9, s9, -1
core   0: 3 0x800002e8 (0xfffc8c93) x25 0x00000002
core   0: 0x800002ec (0x00f5a733) slt     a4, a1, a5
core   0: 3 0x800002ec (0x00f5a733) x14 0x00000000
core   0: 0x800002f0 (0xff800293) li      t0, -8
core   0: 3 0x800002f0 (0xff800293) x 5 0xfffffff8
core   0: 0x800002f4 (0x00700d13) li      s10, 7
core   0: 3 0x800002f4 (0x00700d13) x26 0x00000007
core   0: 0x800002f8 (0x02d87833) remu    a6, a6, a3
core   0: 3 0x800002f8 (0x02d87833) x16 0x00000000
core   0: 0x800002fc (0x02eea733) mulhsu  a4, t4, a4
core   0: 3 0x800002fc (0x02eea733) x14 0x00000000
core   0: 0x80000300 (0x00328293) addi    t0, t0, 3
core   0: 3 0x80000300 (0x00328293) x 5 0xfffffffb
core   0: 0x80000304 (0xffa2eae3) bltu    t0, s10, pc - 12
core   0: 3 0x80000304 (0xffa2eae3)
core   0: 0x80000308 (0x0097a633) slt     a2, a5, s1
core   0: 3 0x80000308 (0x0097a633) x12 0x00000001
core   0: 0x8000030c (0x0034b533) sltu    a0, s1, gp
core   0: 3 0x8000030c (0x0034b533) x10 0x00000001
core   0: 0x80000310 (0xfd8cdae3) bge     s9, s8, pc - 44
core   0: 3 0x80000310 (0xfd8cdae3)
core   0: 0x800002e4 (0x03a828b3) mulhsu  a7, a6, s10
core   0: 3 0x800002e4 (0x03a828b3) x17 0x00000000
core   0: 0x800002e8 (0xfffc8c93) addi    s9, s9, -1
core   0: 3 0x800002e8 (0xfffc8c93) x25 0x00000001
core   0: 0x800002ec (0x00f5a733) slt     a4, a1, a5
core   0: 3 0x800002ec (0x00f5a733) x14 0x00000000
core   0: 0x800002f0 (0xff800293) li      t0, -8
core   0: 3 0x800002f0 (0xff800293) x 5 0xfffffff8
core   0: 0x800002f4 (0x00700d13) li      s10, 7
core   0: 3 0x800002f4 (0x00700d13) x26 0x00000007
core   0: 0x800002f8 (0x02d87833) remu    a6, a6, a3
core   0: 3 0x800002f8 (0x02d87833) x16 0x00000000
core   0: 0x800002fc (0x02eea733) mulhsu  a4, t4, a4
core   0: 3 0x800002fc (0x02eea733) x14 0x00000000
core   0: 0x80000300 (0x00328293) addi    t0, t0, 3
core   0: 3 0x80000300 (0x00328293) x 5 0xfffffffb
core   0: 0x80000304 (0xffa2eae3) bltu    t0, s10, pc - 12
core   0: 3 0x80000304 (0xffa2eae3)
core   0: 0x80000308 (0x0097a633) slt     a2, a5, s1
core   0: 3 0x80000308 (0x0097a633) x12 0x00000001
core   0: 0x8000030c (0x0034b533) sltu    a0, s1, gp
core   0: 3 0x8000030c (0x0034b533) x10 0x00000001
core   0: 0x80000310 (0xfd8cdae3) bge     s9, s8, pc - 44
core   0: 3 0x80000310 (0xfd8cdae3)
core   0: 0x800002e4 (0x03a828b3) mulhsu  a7, a6, s10
core   0: 3 0x800002e4 (0x03a828b3) x17 0x00000000
core   0: 0x800002e8 (0xfffc8c93) addi    s9, s9, -1
core   0: 3 0x800002e8 (0xfffc8c93) x25 0x00000000
core   0: 0x800002ec (0x00f5a733) slt     a4, a1, a5
core   0: 3 0x800002ec (0x00f5a733) x14 0x00000000
core   0: 0x800002f0 (0xff800293) li      t0, -8
core   0: 3 0x800002f0 (0xff800293) x 5 0xfffffff8
core   0: 0x800002f4 (0x00700d13) li      s10, 7
core   0: 3 0x800002f4 (0x00700d13) x26 0x00000007
core   0: 0x800002f8 (0x02d87833) remu    a6, a6, a3
core   0: 3 0x800002f8 (0x02d87833) x16 0x00000000
core   0: 0x800002fc (0x02eea733) mulhsu  a4, t4, a4
core   0: 3 0x800002fc (0x02eea733) x14 0x00000000
core   0: 0x80000300 (0x00328293) addi    t0, t0, 3
core   0: 3 0x80000300 (0x00328293) x 5 0xfffffffb
core   0: 0x80000304 (0xffa2eae3) bltu    t0, s10, pc - 12
core   0: 3 0x80000304 (0xffa2eae3)
core   0: 0x80000308 (0x0097a633) slt     a2, a5, s1
core   0: 3 0x80000308 (0x0097a633) x12 0x00000001
core   0: 0x8000030c (0x0034b533) sltu    a0, s1, gp
core   0: 3 0x8000030c (0x0034b533) x10 0x00000001
core   0: 0x80000310 (0xfd8cdae3) bge     s9, s8, pc - 44
core   0: 3 0x80000310 (0xfd8cdae3)
core   0: 0x800002e4 (0x03a828b3) mulhsu  a7, a6, s10
core   0: 3 0x800002e4 (0x03a828b3) x17 0x00000000
core   0: 0x800002e8 (0xfffc8c93) addi    s9, s9, -1
core   0: 3 0x800002e8 (0xfffc8c93) x25 0xffffffff
core   0: 0x800002ec (0x00f5a733) slt     a4, a1, a5
core   0: 3 0x800002ec (0x00f5a733) x14 0x00000000
core   0: 0x800002f0 (0xff800293) li      t0, -8
core   0: 3 0x800002f0 (0xff800293) x 5 0xfffffff8
core   0: 0x800002f4 (0x00700d13) li      s10, 7
core   0: 3 0x800002f4 (0x00700d13) x26 0x00000007
core   0: 0x800002f8 (0x02d87833) remu    a6, a6, a3
core   0: 3 0x800002f8 (0x02d87833) x16 0x00000000
core   0: 0x800002fc (0x02eea733) mulhsu  a4, t4, a4
core   0: 3 0x800002fc (0x02eea733) x14 0x00000000
core   0: 0x80000300 (0x00328293) addi    t0, t0, 3
core   0: 3 0x80000300 (0x00328293) x 5 0xfffffffb
core   0: 0x80000304 (0xffa2eae3) bltu    t0, s10, pc - 12
core   0: 3 0x80000304 (0xffa2eae3)
core   0: 0x80000308 (0x0097a633) slt     a2, a5, s1
core   0: 3 0x80000308 (0x0097a633) x12 0x00000001
core   0: 0x8000030c (0x0034b533) sltu    a0, s1, gp
core   0: 3 0x8000030c (0x0034b533) x10 0x00000001
core   0: 0x80000310 (0xfd8cdae3) bge     s9, s8, pc - 44
core   0: 3 0x80000310 (0xfd8cdae3)
core   0: 0x800002e4 (0x03a828b3) mulhsu  a7, a6, s10
core   0: 3 0x800002e4 (0x03a828b3) x17 0x00000000
core   0: 0x800002e8 (0xfffc8c93) addi    s9, s9, -1
core   0: 3 0x800002e8 (0xfffc8c93) x25 0xfffffffe
core   0: 0x800002ec (0x00f5a733) slt     a4, a1, a5
core   0: 3 0x800002ec (0x00f5a733) x14 0x00000000
core   0: 0x800002f0 (0xff800293) li      t0, -8
core   0: 3 0x800002f0 (0xff800293) x 5 0xfffffff8
core   0: 0x800002f4 (0x00700d13) li      s10, 7
core   0: 3 0x800002f4 (0x00700d13) x26 0x00000007
core   0: 0x800002f8 (0x02d87833) remu    a6, a6, a3
core   0: 3 0x800002f8 (0x02d87833) x16 0x00000000
core   0: 0x800002fc (0x02eea733) mulhsu  a4, t4, a4
core   0: 3 0x800002fc (0x02eea733) x14 0x00000000
core   0: 0x80000300 (0x00328293) addi    t0, t0, 3
core   0: 3 0x80000300 (0x00328293) x 5 0xfffffffb
core   0: 0x80000304 (0xffa2eae3) bltu    t0, s10, pc - 12
core   0: 3 0x80000304 (0xffa2eae3)
core   0: 0x80000308 (0x0097a633) slt     a2, a5, s1
core   0: 3 0x80000308 (0x0097a633) x12 0x00000001
core   0: 0x8000030c (0x0034b533) sltu    a0, s1, gp
core   0: 3 0x8000030c (0x0034b533) x10 0x00000001
core   0: 0x80000310 (0xfd8cdae3) bge     s9, s8, pc - 44
core   0: 3 0x80000310 (0xfd8cdae3)
core   0: 0x800002e4 (0x03a828b3) mulhsu  a7, a6, s10
core   0: 3 0x800002e4 (0x03a828b3) x17 0x00000000
core   0: 0x800002e8 (0xfffc8c93) addi    s9, s9, -1
core   0: 3 0x800002e8 (0xfffc8c93) x25 0xfffffffd
core   0: 0x800002ec (0x00f5a733) slt     a4, a1, a5
core   0: 3 0x800002ec (0x00f5a733) x14 0x00000000
core   0: 0x800002f0 (0xff800293) li      t0, -8
core   0: 3 0x800002f0 (0xff800293) x 5 0xfffffff8
core   0: 0x800002f4 (0x00700d13) li      s10, 7
core   0: 3 0x800002f4 (0x00700d13) x26 0x00000007
core   0: 0x800002f8 (0x02d87833) remu    a6, a6, a3
core   0: 3 0x800002f8 (0x02d87833) x16 0x00000000
core   0: 0x800002fc (0x02eea733) mulhsu  a4, t4, a4
core   0: 3 0x800002fc (0x02eea733) x14 0x00000000
core   0: 0x80000300 (0x00328293) addi    t0, t0, 3
core   0: 3 0x80000300 (0x00328293) x 5 0xfffffffb
core   0: 0x80000304 (0xffa2eae3) bltu    t0, s10, pc - 12
core   0: 3 0x80000304 (0xffa2eae3)
core   0: 0x80000308 (0x0097a633) slt     a2, a5, s1
core   0: 3 0x80000308 (0x0097a633) x12 0x00000001
core   0: 0x8000030c (0x0034b533) sltu    a0, s1, gp
core   0: 3 0x8000030c (0x0034b533) x10 0x00000001
core   0: 0x80000310 (0xfd8cdae3) bge     s9, s8, pc - 44
core   0: 3 0x80000310 (0xfd8cdae3)
core   0: 0x800002e4 (0x03a828b3) mulhsu  a7, a6, s10
core   0: 3 0x800002e4 (0x03a828b3) x17 0x00000000
core   0: 0x800002e8 (0xfffc8c93) addi    s9, s9, -1
core   0: 3 0x800002e8 (0xfffc8c93) x25 0xfffffffc
core   0: 0x800002ec (0x00f5a733) slt     a4, a1, a5
core   0: 3 0x800002ec (0x00f5a733) x14 0x00000000
core   0: 0x800002f0 (0xff800293) li      t0, -8
core   0: 3 0x800002f0 (0xff800293) x 5 0xfffffff8
core   0: 0x800002f4 (0x00700d13) li      s10, 7
core   0: 3 0x800002f4 (0x00700d13) x26 0x00000007
core   0: 0x800002f8 (0x02d87833) remu    a6, a6, a3
core   0: 3 0x800002f8 (0x02d87833) x16 0x00000000
core   0: 0x800002fc (0x02eea733) mulhsu  a4, t4, a4
core   0: 3 0x800002fc (0x02eea733) x14 0x00000000
core   0: 0x80000300 (0x00328293) addi    t0, t0, 3
core   0: 3 0x80000300 (0x00328293) x 5 0xfffffffb
core   0: 0x80000304 (0xffa2eae3) bltu    t0, s10, pc - 12
core   0: 3 0x80000304 (0xffa2eae3)
core   0: 0x80000308 (0x0097a633) slt     a2, a5, s1
core   0: 3 0x80000308 (0x0097a633) x12 0x00000001
core   0: 0x8000030c (0x0034b533) sltu    a0, s1, gp
core   0: 3 0x8000030c (0x0034b533) x10 0x00000001
core   0: 0x80000310 (0xfd8cdae3) bge     s9, s8, pc - 44
core   0: 3 0x80000310 (0xfd8cdae3)
core   0: 0x800002e4 (0x03a828b3) mulhsu  a7, a6, s10
core   0: 3 0x800002e4 (0x03a828b3) x17 0x00000000
core   0: 0x800002e8 (0xfffc8c93) addi    s9, s9, -1
core   0: 3 0x800002e8 (0xfffc8c93) x25 0xfffffffb
core   0: 0x800002ec (0x00f5a733) slt     a4, a1, a5
core   0: 3 0x800002ec (0x00f5a733) x14 0x00000000
core   0: 0x800002f0 (0xff800293) li      t0, -8
core   0: 3 0x800002f0 (0xff800293) x 5 0xfffffff8
core   0: 0x800002f4 (0x00700d13) li      s10, 7
core   0: 3 0x800002f4 (0x00700d13) x26 0x00000007
core   0: 0x800002f8 (0x02d87833) remu    a6, a6, a3
core   0: 3 0x800002f8 (0x02d87833) x16 0x00000000
core   0: 0x800002fc (0x02eea733) mulhsu  a4, t4, a4
core   0: 3 0x800002fc (0x02eea733) x14 0x00000000
core   0: 0x80000300 (0x00328293) addi    t0, t0, 3
core   0: 3 0x80000300 (0x00328293) x 5 0xfffffffb
core   0: 0x80000304 (0xffa2eae3) bltu    t0, s10, pc - 12
core   0: 3 0x80000304 (0xffa2eae3)
core   0: 0x80000308 (0x0097a633) slt     a2, a5, s1
core   0: 3 0x80000308 (0x0097a633) x12 0x00000001
core   0: 0x8000030c (0x0034b533) sltu    a0, s1, gp
core   0: 3 0x8000030c (0x0034b533) x10 0x00000001
core   0: 0x80000310 (0xfd8cdae3) bge     s9, s8, pc - 44
core   0: 3 0x80000310 (0xfd8cdae3)
core   0: 0x800002e4 (0x03a828b3) mulhsu  a7, a6, s10
core   0: 3 0x800002e4 (0x03a828b3) x17 0x00000000
core   0: 0x800002e8 (0xfffc8c93) addi    s9, s9, -1
core   0: 3 0x800002e8 (0xfffc8c93) x25 0xfffffffa
core   0: 0x800002ec (0x00f5a733) slt     a4, a1, a5
core   0: 3 0x800002ec (0x00f5a733) x14 0x00000000
core   0: 0x800002f0 (0xff800293) li      t0, -8
core   0: 3 0x800002f0 (0xff800293) x 5 0xfffffff8
core   0: 0x800002f4 (0x00700d13) li      s10, 7
core   0: 3 0x800002f4 (0x00700d13) x26 0x00000007
core   0: 0x800002f8 (0x02d87833) remu    a6, a6, a3
core   0: 3 0x800002f8 (0x02d87833) x16 0x00000000
core   0: 0x800002fc (0x02eea733) mulhsu  a4, t4, a4
core   0: 3 0x800002fc (0x02eea733) x14 0x00000000
core   0: 0x80000300 (0x00328293) addi    t0, t0, 3
core   0: 3 0x80000300 (0x00328293) x 5 0xfffffffb
core   0: 0x80000304 (0xffa2eae3) bltu    t0, s10, pc - 12
core   0: 3 0x80000304 (0xffa2eae3)
core   0: 0x80000308 (0x0097a633) slt     a2, a5, s1
core   0: 3 0x80000308 (0x0097a633) x12 0x00000001
core   0: 0x8000030c (0x0034b533) sltu    a0, s1, gp
core   0: 3 0x8000030c (0x0034b533) x10 0x00000001
core   0: 0x80000310 (0xfd8cdae3) bge     s9, s8, pc - 44
core   0: 3 0x80000310 (0xfd8cdae3)
core   0: 0x800002e4 (0x03a828b3) mulhsu  a7, a6, s10
core   0: 3 0x800002e4 (0x03a828b3) x17 0x00000000
core   0: 0x800002e8 (0xfffc8c93) addi    s9, s9, -1
core   0: 3 0x800002e8 (0xfffc8c93) x25 0xfffffff9
core   0: 0x800002ec (0x00f5a733) slt     a4, a1, a5
core   0: 3 0x800002ec (0x00f5a733) x14 0x00000000
core   0: 0x800002f0 (0xff800293) li      t0, -8
core   0: 3 0x800002f0 (0xff800293) x 5 0xfffffff8
core   0: 0x800002f4 (0x00700d13) li      s10, 7
core   0: 3 0x800002f4 (0x00700d13) x26 0x00000007
core   0: 0x800002f8 (0x02d87833) remu    a6, a6, a3
core   0: 3 0x800002f8 (0x02d87833) x16 0x00000000
core   0: 0x800002fc (0x02eea733) mulhsu  a4, t4, a4
core   0: 3 0x800002fc (0x02eea733) x14 0x00000000
core   0: 0x80000300 (0x00328293) addi    t0, t0, 3
core   0: 3 0x80000300 (0x00328293) x 5 0xfffffffb
core   0: 0x80000304 (0xffa2eae3) bltu    t0, s10, pc - 12
core   0: 3 0x80000304 (0xffa2eae3)
core   0: 0x80000308 (0x0097a633) slt     a2, a5, s1
core   0: 3 0x80000308 (0x0097a633) x12 0x00000001
core   0: 0x8000030c (0x0034b533) sltu    a0, s1, gp
core   0: 3 0x8000030c (0x0034b533) x10 0x00000001
core   0: 0x80000310 (0xfd8cdae3) bge     s9, s8, pc - 44
core   0: 3 0x80000310 (0xfd8cdae3)
core   0: 0x800002e4 (0x03a828b3) mulhsu  a7, a6, s10
core   0: 3 0x800002e4 (0x03a828b3) x17 0x00000000
core   0: 0x800002e8 (0xfffc8c93) addi    s9, s9, -1
core   0: 3 0x800002e8 (0xfffc8c93) x25 0xfffffff8
core   0: 0x800002ec (0x00f5a733) slt     a4, a1, a5
core   0: 3 0x800002ec (0x00f5a733) x14 0x00000000
core   0: 0x800002f0 (0xff800293) li      t0, -8
core   0: 3 0x800002f0 (0xff800293) x 5 0xfffffff8
core   0: 0x800002f4 (0x00700d13) li      s10, 7
core   0: 3 0x800002f4 (0x00700d13) x26 0x00000007
core   0: 0x800002f8 (0x02d87833) remu    a6, a6, a3
core   0: 3 0x800002f8 (0x02d87833) x16 0x00000000
core   0: 0x800002fc (0x02eea733) mulhsu  a4, t4, a4
core   0: 3 0x800002fc (0x02eea733) x14 0x00000000
core   0: 0x80000300 (0x00328293) addi    t0, t0, 3
core   0: 3 0x80000300 (0x00328293) x 5 0xfffffffb
core   0: 0x80000304 (0xffa2eae3) bltu    t0, s10, pc - 12
core   0: 3 0x80000304 (0xffa2eae3)
core   0: 0x80000308 (0x0097a633) slt     a2, a5, s1
core   0: 3 0x80000308 (0x0097a633) x12 0x00000001
core   0: 0x8000030c (0x0034b533) sltu    a0, s1, gp
core   0: 3 0x8000030c (0x0034b533) x10 0x00000001
core   0: 0x80000310 (0xfd8cdae3) bge     s9, s8, pc - 44
core   0: 3 0x80000310 (0xfd8cdae3)
core   0: 0x800002e4 (0x03a828b3) mulhsu  a7, a6, s10
core   0: 3 0x800002e4 (0x03a828b3) x17 0x00000000
core   0: 0x800002e8 (0xfffc8c93) addi    s9, s9, -1
core   0: 3 0x800002e8 (0xfffc8c93) x25 0xfffffff7
core   0: 0x800002ec (0x00f5a733) slt     a4, a1, a5
core   0: 3 0x800002ec (0x00f5a733) x14 0x00000000
core   0: 0x800002f0 (0xff800293) li      t0, -8
core   0: 3 0x800002f0 (0xff800293) x 5 0xfffffff8
core   0: 0x800002f4 (0x00700d13) li      s10, 7
core   0: 3 0x800002f4 (0x00700d13) x26 0x00000007
core   0: 0x800002f8 (0x02d87833) remu    a6, a6, a3
core   0: 3 0x800002f8 (0x02d87833) x16 0x00000000
core   0: 0x800002fc (0x02eea733) mulhsu  a4, t4, a4
core   0: 3 0x800002fc (0x02eea733) x14 0x00000000
core   0: 0x80000300 (0x00328293) addi    t0, t0, 3
core   0: 3 0x80000300 (0x00328293) x 5 0xfffffffb
core   0: 0x80000304 (0xffa2eae3) bltu    t0, s10, pc - 12
core   0: 3 0x80000304 (0xffa2eae3)
core   0: 0x80000308 (0x0097a633) slt     a2, a5, s1
core   0: 3 0x80000308 (0x0097a633) x12 0x00000001
core   0: 0x8000030c (0x0034b533) sltu    a0, s1, gp
core   0: 3 0x8000030c (0x0034b533) x10 0x00000001
core   0: 0x80000310 (0xfd8cdae3) bge     s9, s8, pc - 44
core   0: 3 0x80000310 (0xfd8cdae3)
core   0: 0x800002e4 (0x03a828b3) mulhsu  a7, a6, s10
core   0: 3 0x800002e4 (0x03a828b3) x17 0x00000000
core   0: 0x800002e8 (0xfffc8c93) addi    s9, s9, -1
core   0: 3 0x800002e8 (0xfffc8c93) x25 0xfffffff6
core   0: 0x800002ec (0x00f5a733) slt     a4, a1, a5
core   0: 3 0x800002ec (0x00f5a733) x14 0x00000000
core   0: 0x800002f0 (0xff800293) li      t0, -8
core   0: 3 0x800002f0 (0xff800293) x 5 0xfffffff8
core   0: 0x800002f4 (0x00700d13) li      s10, 7
core   0: 3 0x800002f4 (0x00700d13) x26 0x00000007
core   0: 0x800002f8 (0x02d87833) remu    a6, a6, a3
core   0: 3 0x800002f8 (0x02d87833) x16 0x00000000
core   0: 0x800002fc (0x02eea733) mulhsu  a4, t4, a4
core   0: 3 0x800002fc (0x02eea733) x14 0x00000000
core   0: 0x80000300 (0x00328293) addi    t0, t0, 3
core   0: 3 0x80000300 (0x00328293) x 5 0xfffffffb
core   0: 0x80000304 (0xffa2eae3) bltu    t0, s10, pc - 12
core   0: 3 0x80000304 (0xffa2eae3)
core   0: 0x80000308 (0x0097a633) slt     a2, a5, s1
core   0: 3 0x80000308 (0x0097a633) x12 0x00000001
core   0: 0x8000030c (0x0034b533) sltu    a0, s1, gp
core   0: 3 0x8000030c (0x0034b533) x10 0x00000001
core   0: 0x80000310 (0xfd8cdae3) bge     s9, s8, pc - 44
core   0: 3 0x80000310 (0xfd8cdae3)
core   0: 0x800002e4 (0x03a828b3) mulhsu  a7, a6, s10
core   0: 3 0x800002e4 (0x03a828b3) x17 0x00000000
core   0: 0x800002e8 (0xfffc8c93) addi    s9, s9, -1
core   0: 3 0x800002e8 (0xfffc8c93) x25 0xfffffff5
core   0: 0x800002ec (0x00f5a733) slt     a4, a1, a5
core   0: 3 0x800002ec (0x00f5a733) x14 0x00000000
core   0: 0x800002f0 (0xff800293) li      t0, -8
core   0: 3 0x800002f0 (0xff800293) x 5 0xfffffff8
core   0: 0x800002f4 (0x00700d13) li      s10, 7
core   0: 3 0x800002f4 (0x00700d13) x26 0x00000007
core   0: 0x800002f8 (0x02d87833) remu    a6, a6, a3
core   0: 3 0x800002f8 (0x02d87833) x16 0x00000000
core   0: 0x800002fc (0x02eea733) mulhsu  a4, t4, a4
core   0: 3 0x800002fc (0x02eea733) x14 0x00000000
core   0: 0x80000300 (0x00328293) addi    t0, t0, 3
core   0: 3 0x80000300 (0x00328293) x 5 0xfffffffb
core   0: 0x80000304 (0xffa2eae3) bltu    t0, s10, pc - 12
core   0: 3 0x80000304 (0xffa2eae3)
core   0: 0x80000308 (0x0097a633) slt     a2, a5, s1
core   0: 3 0x80000308 (0x0097a633) x12 0x00000001
core   0: 0x8000030c (0x0034b533) sltu    a0, s1, gp
core   0: 3 0x8000030c (0x0034b533) x10 0x00000001
core   0: 0x80000310 (0xfd8cdae3) bge     s9, s8, pc - 44
core   0: 3 0x80000310 (0xfd8cdae3)
core   0: 0x800002e4 (0x03a828b3) mulhsu  a7, a6, s10
core   0: 3 0x800002e4 (0x03a828b3) x17 0x00000000
core   0: 0x800002e8 (0xfffc8c93) addi    s9, s9, -1
core   0: 3 0x800002e8 (0xfffc8c93) x25 0xfffffff4
core   0: 0x800002ec (0x00f5a733) slt     a4, a1, a5
core   0: 3 0x800002ec (0x00f5a733) x14 0x00000000
core   0: 0x800002f0 (0xff800293) li      t0, -8
core   0: 3 0x800002f0 (0xff800293) x 5 0xfffffff8
core   0: 0x800002f4 (0x00700d13) li      s10, 7
core   0: 3 0x800002f4 (0x00700d13) x26 0x00000007
core   0: 0x800002f8 (0x02d87833) remu    a6, a6, a3
core   0: 3 0x800002f8 (0x02d87833) x16 0x00000000
core   0: 0x800002fc (0x02eea733) mulhsu  a4, t4, a4
core   0: 3 0x800002fc (0x02eea733) x14 0x00000000
core   0: 0x80000300 (0x00328293) addi    t0, t0, 3
core   0: 3 0x80000300 (0x00328293) x 5 0xfffffffb
core   0: 0x80000304 (0xffa2eae3) bltu    t0, s10, pc - 12
core   0: 3 0x80000304 (0xffa2eae3)
core   0: 0x80000308 (0x0097a633) slt     a2, a5, s1
core   0: 3 0x80000308 (0x0097a633) x12 0x00000001
core   0: 0x8000030c (0x0034b533) sltu    a0, s1, gp
core   0: 3 0x8000030c (0x0034b533) x10 0x00000001
core   0: 0x80000310 (0xfd8cdae3) bge     s9, s8, pc - 44
core   0: 3 0x80000310 (0xfd8cdae3)
core   0: 0x800002e4 (0x03a828b3) mulhsu  a7, a6, s10
core   0: 3 0x800002e4 (0x03a828b3) x17 0x00000000
core   0: 0x800002e8 (0xfffc8c93) addi    s9, s9, -1
core   0: 3 0x800002e8 (0xfffc8c93) x25 0xfffffff3
core   0: 0x800002ec (0x00f5a733) slt     a4, a1, a5
core   0: 3 0x800002ec (0x00f5a733) x14 0x00000000
core   0: 0x800002f0 (0xff800293) li      t0, -8
core   0: 3 0x800002f0 (0xff800293) x 5 0xfffffff8
core   0: 0x800002f4 (0x00700d13) li      s10, 7
core   0: 3 0x800002f4 (0x00700d13) x26 0x00000007
core   0: 0x800002f8 (0x02d87833) remu    a6, a6, a3
core   0: 3 0x800002f8 (0x02d87833) x16 0x00000000
core   0: 0x800002fc (0x02eea733) mulhsu  a4, t4, a4
core   0: 3 0x800002fc (0x02eea733) x14 0x00000000
core   0: 0x80000300 (0x00328293) addi    t0, t0, 3
core   0: 3 0x80000300 (0x00328293) x 5 0xfffffffb
core   0: 0x80000304 (0xffa2eae3) bltu    t0, s10, pc - 12
core   0: 3 0x80000304 (0xffa2eae3)
core   0: 0x80000308 (0x0097a633) slt     a2, a5, s1
core   0: 3 0x80000308 (0x0097a633) x12 0x00000001
core   0: 0x8000030c (0x0034b533) sltu    a0, s1, gp
core   0: 3 0x8000030c (0x0034b533) x10 0x00000001
core   0: 0x80000310 (0xfd8cdae3) bge     s9, s8, pc - 44
core   0: 3 0x80000310 (0xfd8cdae3)
core   0: 0x80000314 (0x01446a33) or      s4, s0, s4
core   0: 3 0x80000314 (0x01446a33) x20 0xfffffffb
core   0: 0x80000318 (0x00700e93) li      t4, 7
core   0: 3 0x80000318 (0x00700e93) x29 0x00000007
core   0: 0x8000031c (0x0b31f993) andi    s3, gp, 179
core   0: 3 0x8000031c (0x0b31f993) x19 0x000000a2
core   0: 0x80000320 (0x00c00513) li      a0, 12
core   0: 3 0x80000320 (0x00c00513) x10 0x0000000c
core   0: 0x80000324 (0xd2456393) ori     t2, a0, -732
core   0: 3 0x80000324 (0xd2456393) x 7 0xfffffd2c
core   0: 0x80000328 (0x00000013) nop
core   0: 3 0x80000328 (0x00000013)
core   0: 0x8000032c (0x02a103b3) mul     t2, sp, a0
core   0: 3 0x8000032c (0x02a103b3) x 7 0x68800000
core   0: 0x80000330 (0x005e8e93) addi    t4, t4, 5
core   0: 3 0x80000330 (0x005e8e93) x29 0x0000000c
core   0: 0x80000334 (0x030234b3) mulhu   s1, tp, a6
core   0: 3 0x80000334 (0x030234b3) x 9 0x00000000
core   0: 0x80000338 (0x486d3393) sltiu   t2, s10, 1158
core   0: 3 0x80000338 (0x486d3393) x 7 0x00000001
core   0: 0x8000033c (0x02fc0cb3) mul     s9, s8, a5
core   0: 3 0x8000033c (0x02fc0cb3) x25 0xffe39350
core   0: 0x80000340 (0x40255fb3) sra     t6, a0, sp
core   0: 3 0x80000340 (0x40255fb3) x31 0x0000000c
core   0: 0x80000344 (0x417c5b93) srai    s7, s8, 23
core   0: 3 0x80000344 (0x417c5b93) x23 0xffffffff
core   0: 0x80000348 (0x00000013) nop
core   0: 3 0x80000348 (0x00000013)
core   0: 0x8000034c (0x114a0817) auipc   a6, 0x114a0
core   0: 3 0x8000034c (0x114a0817) x16 0x914a034c
core   0: 0x80000350 (0x0072c233) xor     tp, t0, t2
core   0: 3 0x80000350 (0x0072c233) x 4 0xfffffffa
core   0: 0x80000354 (0xfcaee8e3) bltu    t4, a0, pc - 48
core   0: 3 0x80000354 (0xfcaee8e3)
core   0: 0x80000358 (0x03594733) div     a4, s2, s5
core   0: 3 0x80000358 (0x03594733) x14 0x00000000
core   0: 0x8000035c (0x00900c93) li      s9, 9
core   0: 3 0x8000035c (0x00900c93) x25 0x00000009
core   0: 0x80000360 (0x03784d33) div     s10, a6, s7
core   0: 3 0x80000360 (0x03784d33) x26 0x6eb5fcb4
core   0: 0x80000364 (0x0075ad33) slt     s10, a1, t2
core   0: 3 0x80000364 (0x0075ad33) x26 0x00000001
core   0: 0x80000368 (0x00800a13) li      s4, 8
core   0: 3 0x80000368 (0x00800a13) x20 0x00000008
core   0: 0x8000036c (0x033af633) remu    a2, s5, s3
core   0: 3 0x8000036c (0x033af633) x12 0x00000094
core   0: 0x80000370 (0x01f001b3) add     gp, zero, t6
core   0: 3 0x80000370 (0x01f001b3) x 3 0x0000000c
core   0: 0x80000374 (0x00000013) nop
core   0: 3 0x80000374 (0x00000013)
core   0: 0x80000378 (0x0116a633) slt     a2, a3, a7
core   0: 3 0x80000378 (0x0116a633) x12 0x00000000
core   0: 0x8000037c (0x01805d13) srli    s10, zero, 24
core   0: 3 0x8000037c (0x01805d13) x26 0x00000000
core   0: 0x80000380 (0xffbc8c93) addi    s9, s9, -5
core   0: 3 0x80000380 (0xffbc8c93) x25 0x00000004
core   0: 0x80000384 (0xc1357493) andi    s1, a0, -1005
core   0: 3 0x80000384 (0xc1357493) x 9 0x00000000
core   0: 0x80000388 (0x00600e93) li      t4, 6
core   0: 3 0x80000388 (0x00600e93) x29 0x00000006
core   0: 0x8000038c (0x40d2d113) srai    sp, t0, 13
core   0: 3 0x8000038c (0x40d2d113) x 2 0xffffffff
core   0: 0x80000390 (0x12ac3d13) sltiu   s10, s8, 298
core   0: 3 0x80000390 (0x12ac3d13) x26 0x00000000
core   0: 0x80000394 (0x00900693) li      a3, 9
core   0: 3 0x80000394 (0x00900693) x13 0x00000009
core   0: 0x80000398 (0x026d1c33) mulh    s8, s10, t1
core   0: 3 0x80000398 (0x026d1c33) x24 0x00000000
core   0: 0x8000039c (0x0367bfb3) mulhu   t6, a5, s6
core   0: 3 0x8000039c (0x0367bfb3) x31 0x00000000
core   0: 0x800003a0 (0x00b7cb33) xor     s6, a5, a1
core   0: 3 0x800003a0 (0x00b7cb33) x22 0x80025e64
core   0: 0x800003a4 (0x0066a033) slt     zero, a3, t1
core   0: 3 0x800003a4 (0x0066a033)
core   0: 0x800003a8 (0x003e8e93) addi    t4, t4, 3
core   0: 3 0x800003a8 (0x003e8e93) x29 0x00000009
core   0: 0x800003ac (0x02fd9d33) mulh    s10, s11, a5
core   0: 3 0x800003ac (0x02fd9d33) x26 0x343ecf75
core   0: 0x800003b0 (0x01638db3) add     s11, t2, s6
core   0: 3 0x800003b0 (0x01638db3) x27 0x80025e65
core   0: 0x800003b4 (0x020dbd33) mulhu   s10, s11, zero
core   0: 3 0x800003b4 (0x020dbd33) x26 0x00000000
core   0: 0x800003b8 (0x00bc5d93) srli    s11, s8, 11
core   0: 3 0x800003b8 (0x00bc5d93) x27 0x00000000
core   0: 0x800003bc (0xfedee0e3) bltu    t4, a3, pc - 32
core   0: 3 0x800003bc (0xfedee0e3)
core   0: 0x800003c0 (0xbae03337) lui     t1, 0xbae03
core   0: 3 0x800003c0 (0xbae03337) x 6 0xbae03000
core   0: 0x800003c4 (0x023ddb33) divu    s6, s11, gp
core   0: 3 0x800003c4 (0x023ddb33) x22 0x00000000
core   0: 0x800003c8 (0xfb4cf8e3) bgeu    s9, s4, pc - 80
core   0: 3 0x800003c8 (0xfb4cf8e3)
core   0: 0x800003cc (0x3c48b213) sltiu   tp, a7, 964
core   0: 3 0x800003cc (0x3c48b213) x 4 0x00000001
core   0: 0x800003d0 (0xff600513) li      a0, -10
core   0: 3 0x800003d0 (0xff600513) x10 0xfffffff6
core   0: 0x800003d4 (0x40bc5493) srai    s1, s8, 11
core   0: 3 0x800003d4 (0x40bc5493) x 9 0x00000000
core   0: 0x800003d8 (0x00e00313) li      t1, 14
core   0: 3 0x800003d8 (0x00e00313) x 6 0x0000000e
core   0: 0x800003dc (0x00d7b9b3) sltu    s3, a5, a3
core   0: 3 0x800003dc (0x00d7b9b3) x19 0x00000000
core   0: 0x800003e0 (0x00250513) addi    a0, a0, 2
core   0: 3 0x800003e0 (0x00250513) x10 0xfffffff8
core   0: 0x800003e4 (0x00600913) li      s2, 6
core   0: 3 0x800003e4 (0x00600913) x18 0x00000006
core   0: 0x800003e8 (0x00600b13) li      s6, 6
core   0: 3 0x800003e8 (0x00600b13) x22 0x00000006
core   0: 0x800003ec (0x03a5e733) rem     a4, a1, s10
core   0: 3 0x800003ec (0x03a5e733) x14 0x00000000
core   0: 0x800003f0 (0x0305e2b3) rem     t0, a1, a6
core   0: 3 0x800003f0 (0x0305e2b3) x 5 0x00000000
core   0: 0x800003f4 (0xffe90913) addi    s2, s2, -2
core   0: 3 0x800003f4 (0xffe90913) x18 0x00000004
core   0: 0x800003f8 (0xff697ce3) bgeu    s2, s6, pc - 8
core   0: 3 0x800003f8 (0xff697ce3)
core   0: 0x800003fc (0xfe6510e3) bne     a0, t1, pc - 32
core   0: 3 0x800003fc (0xfe6510e3)
core   0: 0x800003dc (0x00d7b9b3) sltu    s3, a5, a3
core   0: 3 0x800003dc (0x00d7b9b3) x19 0x00000000
core   0: 0x800003e0 (0x00250513) addi    a0, a0, 2
core   0: 3 0x800003e0 (0x00250513) x10 0xfffffffa
core   0: 0x800003e4 (0x00600913) li      s2, 6
core   0: 3 0x800003e4 (0x00600913) x18 0x00000006
core   0: 0x800003e8 (0x00600b13) li      s6, 6
core   0: 3 0x800003e8 (0x00600b13) x22 0x00000006
core   0: 0x800003ec (0x03a5e733) rem     a4, a1, s10
core   0: 3 0x800003ec (0x03a5e733) x14 0x00000000
core   0: 0x800003f0 (0x0305e2b3) rem     t0, a1, a6
core   0: 3 0x800003f0 (0x0305e2b3) x 5 0x00000000
core   0: 0x800003f4 (0xffe90913) addi    s2, s2, -2
core   0: 3 0x800003f4 (0xffe90913) x18 0x00000004
core   0: 0x800003f8 (0xff697ce3) bgeu    s2, s6, pc - 8
core   0: 3 0x800003f8 (0xff697ce3)
core   0: 0x800003fc (0xfe6510e3) bne     a0, t1, pc - 32
core   0: 3 0x800003fc (0xfe6510e3)
core   0: 0x800003dc (0x00d7b9b3) sltu    s3, a5, a3
core   0: 3 0x800003dc (0x00d7b9b3) x19 0x00000000
core   0: 0x800003e0 (0x00250513) addi    a0, a0, 2
core   0: 3 0x800003e0 (0x00250513) x10 0xfffffffc
core   0: 0x800003e4 (0x00600913) li      s2, 6
core   0: 3 0x800003e4 (0x00600913) x18 0x00000006
core   0: 0x800003e8 (0x00600b13) li      s6, 6
core   0: 3 0x800003e8 (0x00600b13) x22 0x00000006
core   0: 0x800003ec (0x03a5e733) rem     a4, a1, s10
core   0: 3 0x800003ec (0x03a5e733) x14 0x00000000
core   0: 0x800003f0 (0x0305e2b3) rem     t0, a1, a6
core   0: 3 0x800003f0 (0x0305e2b3) x 5 0x00000000
core   0: 0x800003f4 (0xffe90913) addi    s2, s2, -2
core   0: 3 0x800003f4 (0xffe90913) x18 0x00000004
core   0: 0x800003f8 (0xff697ce3) bgeu    s2, s6, pc - 8
core   0: 3 0x800003f8 (0xff697ce3)
core   0: 0x800003fc (0xfe6510e3) bne     a0, t1, pc - 32
core   0: 3 0x800003fc (0xfe6510e3)
core   0: 0x800003dc (0x00d7b9b3) sltu    s3, a5, a3
core   0: 3 0x800003dc (0x00d7b9b3) x19 0x00000000
core   0: 0x800003e0 (0x00250513) addi    a0, a0, 2
core   0: 3 0x800003e0 (0x00250513) x10 0xfffffffe
core   0: 0x800003e4 (0x00600913) li      s2, 6
core   0: 3 0x800003e4 (0x00600913) x18 0x00000006
core   0: 0x800003e8 (0x00600b13) li      s6, 6
core   0: 3 0x800003e8 (0x00600b13) x22 0x00000006
core   0: 0x800003ec (0x03a5e733) rem     a4, a1, s10
core   0: 3 0x800003ec (0x03a5e733) x14 0x00000000
core   0: 0x800003f0 (0x0305e2b3) rem     t0, a1, a6
core   0: 3 0x800003f0 (0x0305e2b3) x 5 0x00000000
core   0: 0x800003f4 (0xffe90913) addi    s2, s2, -2
core   0: 3 0x800003f4 (0xffe90913) x18 0x00000004
core   0: 0x800003f8 (0xff697ce3) bgeu    s2, s6, pc - 8
core   0: 3 0x800003f8 (0xff697ce3)
core   0: 0x800003fc (0xfe6510e3) bne     a0, t1, pc - 32
core   0: 3 0x800003fc (0xfe6510e3)
core   0: 0x800003dc (0x00d7b9b3) sltu    s3, a5, a3
core   0: 3 0x800003dc (0x00d7b9b3) x19 0x00000000
core   0: 0x800003e0 (0x00250513) addi    a0, a0, 2
core   0: 3 0x800003e0 (0x00250513) x10 0x00000000
core   0: 0x800003e4 (0x00600913) li      s2, 6
core   0: 3 0x800003e4 (0x00600913) x18 0x00000006
core   0: 0x800003e8 (0x00600b13) li      s6, 6
core   0: 3 0x800003e8 (0x00600b13) x22 0x00000006
core   0: 0x800003ec (0x03a5e733) rem     a4, a1, s10
core   0: 3 0x800003ec (0x03a5e733) x14 0x00000000
core   0: 0x800003f0 (0x0305e2b3) rem     t0, a1, a6
core   0: 3 0x800003f0 (0x0305e2b3) x 5 0x00000000
core   0: 0x800003f4 (0xffe90913) addi    s2, s2, -2
core   0: 3 0x800003f4 (0xffe90913) x18 0x00000004
core   0: 0x800003f8 (0xff697ce3) bgeu    s2, s6, pc - 8
core   0: 3 0x800003f8 (0xff697ce3)
core   0: 0x800003fc (0xfe6510e3) bne     a0, t1, pc - 32
core   0: 3 0x800003fc (0xfe6510e3)
core   0: 0x800003dc (0x00d7b9b3) sltu    s3, a5, a3
core   0: 3 0x800003dc (0x00d7b9b3) x19 0x00000000
core   0: 0x800003e0 (0x00250513) addi    a0, a0, 2
core   0: 3 0x800003e0 (0x00250513) x10 0x00000002
core   0: 0x800003e4 (0x00600913) li      s2, 6
core   0: 3 0x800003e4 (0x00600913) x18 0x00000006
core   0: 0x800003e8 (0x00600b13) li      s6, 6
core   0: 3 0x800003e8 (0x00600b13) x22 0x00000006
core   0: 0x800003ec (0x03a5e733) rem     a4, a1, s10
core   0: 3 0x800003ec (0x03a5e733) x14 0x00000000
core   0: 0x800003f0 (0x0305e2b3) rem     t0, a1, a6
core   0: 3 0x800003f0 (0x0305e2b3) x 5 0x00000000
core   0: 0x800003f4 (0xffe90913) addi    s2, s2, -2
core   0: 3 0x800003f4 (0xffe90913) x18 0x00000004
core   0: 0x800003f8 (0xff697ce3) bgeu    s2, s6, pc - 8
core   0: 3 0x800003f8 (0xff697ce3)
core   0: 0x800003fc (0xfe6510e3) bne     a0, t1, pc - 32
core   0: 3 0x800003fc (0xfe6510e3)
core   0: 0x800003dc (0x00d7b9b3) sltu    s3, a5, a3
core   0: 3 0x800003dc (0x00d7b9b3) x19 0x00000000
core   0: 0x800003e0 (0x00250513) addi    a0, a0, 2
core   0: 3 0x800003e0 (0x00250513) x10 0x00000004
core   0: 0x800003e4 (0x00600913) li      s2, 6
core   0: 3 0x800003e4 (0x00600913) x18 0x00000006
core   0: 0x800003e8 (0x00600b13) li      s6, 6
core   0: 3 0x800003e8 (0x00600b13) x22 0x00000006
core   0: 0x800003ec (0x03a5e733) rem     a4, a1, s10
core   0: 3 0x800003ec (0x03a5e733) x14 0x00000000
core   0: 0x800003f0 (0x0305e2b3) rem     t0, a1, a6
core   0: 3 0x800003f0 (0x0305e2b3) x 5 0x00000000
core   0: 0x800003f4 (0xffe90913) addi    s2, s2, -2
core   0: 3 0x800003f4 (0xffe90913) x18 0x00000004
core   0: 0x800003f8 (0xff697ce3) bgeu    s2, s6, pc - 8
core   0: 3 0x800003f8 (0xff697ce3)
core   0: 0x800003fc (0xfe6510e3) bne     a0, t1, pc - 32
core   0: 3 0x800003fc (0xfe6510e3)
core   0: 0x800003dc (0x00d7b9b3) sltu    s3, a5, a3
core   0: 3 0x800003dc (0x00d7b9b3) x19 0x00000000
core   0: 0x800003e0 (0x00250513) addi    a0, a0, 2
core   0: 3 0x800003e0 (0x00250513) x10 0x00000006
core   0: 0x800003e4 (0x00600913) li      s2, 6
core   0: 3 0x800003e4 (0x00600913) x18 0x00000006
core   0: 0x800003e8 (0x00600b13) li      s6, 6
core   0: 3 0x800003e8 (0x00600b13) x22 0x00000006
core   0: 0x800003ec (0x03a5e733) rem     a4, a1, s10
core   0: 3 0x800003ec (0x03a5e733) x14 0x00000000
core   0: 0x800003f0 (0x0305e2b3) rem     t0, a1, a6
core   0: 3 0x800003f0 (0x0305e2b3) x 5 0x00000000
core   0: 0x800003f4 (0xffe90913) addi    s2, s2, -2
core   0: 3 0x800003f4 (0xffe90913) x18 0x00000004
core   0: 0x800003f8 (0xff697ce3) bgeu    s2, s6, pc - 8
core   0: 3 0x800003f8 (0xff697ce3)
core   0: 0x800003fc (0xfe6510e3) bne     a0, t1, pc - 32
core   0: 3 0x800003fc (0xfe6510e3)
core   0: 0x800003dc (0x00d7b9b3) sltu    s3, a5, a3
core   0: 3 0x800003dc (0x00d7b9b3) x19 0x00000000
core   0: 0x800003e0 (0x00250513) addi    a0, a0, 2
core   0: 3 0x800003e0 (0x00250513) x10 0x00000008
core   0: 0x800003e4 (0x00600913) li      s2, 6
core   0: 3 0x800003e4 (0x00600913) x18 0x00000006
core   0: 0x800003e8 (0x00600b13) li      s6, 6
core   0: 3 0x800003e8 (0x00600b13) x22 0x00000006
core   0: 0x800003ec (0x03a5e733) rem     a4, a1, s10
core   0: 3 0x800003ec (0x03a5e733) x14 0x00000000
core   0: 0x800003f0 (0x0305e2b3) rem     t0, a1, a6
core   0: 3 0x800003f0 (0x0305e2b3) x 5 0x00000000
core   0: 0x800003f4 (0xffe90913) addi    s2, s2, -2
core   0: 3 0x800003f4 (0xffe90913) x18 0x00000004
core   0: 0x800003f8 (0xff697ce3) bgeu    s2, s6, pc - 8
core   0: 3 0x800003f8 (0xff697ce3)
core   0: 0x800003fc (0xfe6510e3) bne     a0, t1, pc - 32
core   0: 3 0x800003fc (0xfe6510e3)
core   0: 0x800003dc (0x00d7b9b3) sltu    s3, a5, a3
core   0: 3 0x800003dc (0x00d7b9b3) x19 0x00000000
core   0: 0x800003e0 (0x00250513) addi    a0, a0, 2
core   0: 3 0x800003e0 (0x00250513) x10 0x0000000a
core   0: 0x800003e4 (0x00600913) li      s2, 6
core   0: 3 0x800003e4 (0x00600913) x18 0x00000006
core   0: 0x800003e8 (0x00600b13) li      s6, 6
core   0: 3 0x800003e8 (0x00600b13) x22 0x00000006
core   0: 0x800003ec (0x03a5e733) rem     a4, a1, s10
core   0: 3 0x800003ec (0x03a5e733) x14 0x00000000
core   0: 0x800003f0 (0x0305e2b3) rem     t0, a1, a6
core   0: 3 0x800003f0 (0x0305e2b3) x 5 0x00000000
core   0: 0x800003f4 (0xffe90913) addi    s2, s2, -2
core   0: 3 0x800003f4 (0xffe90913) x18 0x00000004
core   0: 0x800003f8 (0xff697ce3) bgeu    s2, s6, pc - 8
core   0: 3 0x800003f8 (0xff697ce3)
core   0: 0x800003fc (0xfe6510e3) bne     a0, t1, pc - 32
core   0: 3 0x800003fc (0xfe6510e3)
core   0: 0x800003dc (0x00d7b9b3) sltu    s3, a5, a3
core   0: 3 0x800003dc (0x00d7b9b3) x19 0x00000000
core   0: 0x800003e0 (0x00250513) addi    a0, a0, 2
core   0: 3 0x800003e0 (0x00250513) x10 0x0000000c
core   0: 0x800003e4 (0x00600913) li      s2, 6
core   0: 3 0x800003e4 (0x00600913) x18 0x00000006
core   0: 0x800003e8 (0x00600b13) li      s6, 6
core   0: 3 0x800003e8 (0x00600b13) x22 0x00000006
core   0: 0x800003ec (0x03a5e733) rem     a4, a1, s10
core   0: 3 0x800003ec (0x03a5e733) x14 0x00000000
core   0: 0x800003f0 (0x0305e2b3) rem     t0, a1, a6
core   0: 3 0x800003f0 (0x0305e2b3) x 5 0x00000000
core   0: 0x800003f4 (0xffe90913) addi    s2, s2, -2
core   0: 3 0x800003f4 (0xffe90913) x18 0x00000004
core   0: 0x800003f8 (0xff697ce3) bgeu    s2, s6, pc - 8
core   0: 3 0x800003f8 (0xff697ce3)
core   0: 0x800003fc (0xfe6510e3) bne     a0, t1, pc - 32
core   0: 3 0x800003fc (0xfe6510e3)
core   0: 0x800003dc (0x00d7b9b3) sltu    s3, a5, a3
core   0: 3 0x800003dc (0x00d7b9b3) x19 0x00000000
core   0: 0x800003e0 (0x00250513) addi    a0, a0, 2
core   0: 3 0x800003e0 (0x00250513) x10 0x0000000e
core   0: 0x800003e4 (0x00600913) li      s2, 6
core   0: 3 0x800003e4 (0x00600913) x18 0x00000006
core   0: 0x800003e8 (0x00600b13) li      s6, 6
core   0: 3 0x800003e8 (0x00600b13) x22 0x00000006
core   0: 0x800003ec (0x03a5e733) rem     a4, a1, s10
core   0: 3 0x800003ec (0x03a5e733) x14 0x00000000
core   0: 0x800003f0 (0x0305e2b3) rem     t0, a1, a6
core   0: 3 0x800003f0 (0x0305e2b3) x 5 0x00000000
core   0: 0x800003f4 (0xffe90913) addi    s2, s2, -2
core   0: 3 0x800003f4 (0xffe90913) x18 0x00000004
core   0: 0x800003f8 (0xff697ce3) bgeu    s2, s6, pc - 8
core   0: 3 0x800003f8 (0xff697ce3)
core   0: 0x800003fc (0xfe6510e3) bne     a0, t1, pc - 32
core   0: 3 0x800003fc (0xfe6510e3)
core   0: 0x80000400 (0xb397c493) xori    s1, a5, -1223
core   0: 3 0x80000400 (0xb397c493) x 9 0x7ffda55d
core   0: 0x80000404 (0x00a00693) li      a3, 10
core   0: 3 0x80000404 (0x00a00693) x13 0x0000000a
core   0: 0x80000408 (0x00000013) nop
core   0: 3 0x80000408 (0x00000013)
core   0: 0x8000040c (0xff300913) li      s2, -13
core   0: 3 0x8000040c (0xff300913) x18 0xfffffff3
core   0: 0x80000410 (0x021d9b33) mulh    s6, s11, ra
core   0: 3 0x80000410 (0x021d9b33) x22 0x00000000
core   0: 0x80000414 (0x03ead333) divu    t1, s5, t5
core   0: 3 0x80000414 (0x03ead333) x 6 0xffffffff
core   0: 0x80000418 (0x0164e2b3) or      t0, s1, s6
core   0: 3 0x80000418 (0x0164e2b3) x 5 0x7ffda55d
core   0: 0x8000041c (0x0330bdb3) mulhu   s11, ra, s3
core   0: 3 0x8000041c (0x0330bdb3) x27 0x00000000
core   0: 0x80000420 (0x41ef09b3) sub     s3, t5, t5
core   0: 3 0x80000420 (0x41ef09b3) x19 0x00000000
core   0: 0x80000424 (0xffb68693) addi    a3, a3, -5
core   0: 3 0x80000424 (0xffb68693) x13 0x00000005
core   0: 0x80000428 (0x419c0633) sub     a2, s8, s9
core   0: 3 0x80000428 (0x419c0633) x12 0xfffffffc
core   0: 0x8000042c (0xff26d4e3) bge     a3, s2, pc - 24
core   0: 3 0x8000042c (0xff26d4e3)
core   0: 0x80000414 (0x03ead333) divu    t1, s5, t5
core   0: 3 0x80000414 (0x03ead333) x 6 0xffffffff
core   0: 0x80000418 (0x0164e2b3) or      t0, s1, s6
core   0: 3 0x80000418 (0x0164e2b3) x 5 0x7ffda55d
core   0: 0x8000041c (0x0330bdb3) mulhu   s11, ra, s3
core   0: 3 0x8000041c (0x0330bdb3) x27 0x00000000
core   0: 0x80000420 (0x41ef09b3) sub     s3, t5, t5
core   0: 3 0x80000420 (0x41ef09b3) x19 0x00000000
core   0: 0x80000424 (0xffb68693) addi    a3, a3, -5
core   0: 3 0x80000424 (0xffb68693) x13 0x00000000
core   0: 0x80000428 (0x419c0633) sub     a2, s8, s9
core   0: 3 0x80000428 (0x419c0633) x12 0xfffffffc
core   0: 0x8000042c (0xff26d4e3) bge     a3, s2, pc - 24
core   0: 3 0x8000042c (0xff26d4e3)
core   0: 0x80000414 (0x03ead333) divu    t1, s5, t5
core   0: 3 0x80000414 (0x03ead333) x 6 0xffffffff
core   0: 0x80000418 (0x0164e2b3) or      t0, s1, s6
core   0: 3 0x80000418 (0x0164e2b3) x 5 0x7ffda55d
core   0: 0x8000041c (0x0330bdb3) mulhu   s11, ra, s3
core   0: 3 0x8000041c (0x0330bdb3) x27 0x00000000
core   0: 0x80000420 (0x41ef09b3) sub     s3, t5, t5
core   0: 3 0x80000420 (0x41ef09b3) x19 0x00000000
core   0: 0x80000424 (0xffb68693) addi    a3, a3, -5
core   0: 3 0x80000424 (0xffb68693) x13 0xfffffffb
core   0: 0x80000428 (0x419c0633) sub     a2, s8, s9
core   0: 3 0x80000428 (0x419c0633) x12 0xfffffffc
core   0: 0x8000042c (0xff26d4e3) bge     a3, s2, pc - 24
core   0: 3 0x8000042c (0xff26d4e3)
core   0: 0x80000414 (0x03ead333) divu    t1, s5, t5
core   0: 3 0x80000414 (0x03ead333) x 6 0xffffffff
core   0: 0x80000418 (0x0164e2b3) or      t0, s1, s6
core   0: 3 0x80000418 (0x0164e2b3) x 5 0x7ffda55d
core   0: 0x8000041c (0x0330bdb3) mulhu   s11, ra, s3
core   0: 3 0x8000041c (0x0330bdb3) x27 0x00000000
core   0: 0x80000420 (0x41ef09b3) sub     s3, t5, t5
core   0: 3 0x80000420 (0x41ef09b3) x19 0x00000000
core   0: 0x80000424 (0xffb68693) addi    a3, a3, -5
core   0: 3 0x80000424 (0xffb68693) x13 0xfffffff6
core   0: 0x80000428 (0x419c0633) sub     a2, s8, s9
core   0: 3 0x80000428 (0x419c0633) x12 0xfffffffc
core   0: 0x8000042c (0xff26d4e3) bge     a3, s2, pc - 24
core   0: 3 0x8000042c (0xff26d4e3)
core   0: 0x80000414 (0x03ead333) divu    t1, s5, t5
core   0: 3 0x80000414 (0x03ead333) x 6 0xffffffff
core   0: 0x80000418 (0x0164e2b3) or      t0, s1, s6
core   0: 3 0x80000418 (0x0164e2b3) x 5 0x7ffda55d
core   0: 0x8000041c (0x0330bdb3) mulhu   s11, ra, s3
core   0: 3 0x8000041c (0x0330bdb3) x27 0x00000000
core   0: 0x80000420 (0x41ef09b3) sub     s3, t5, t5
core   0: 3 0x80000420 (0x41ef09b3) x19 0x00000000
core   0: 0x80000424 (0xffb68693) addi    a3, a3, -5
core   0: 3 0x80000424 (0xffb68693) x13 0xfffffff1
core   0: 0x80000428 (0x419c0633) sub     a2, s8, s9
core   0: 3 0x80000428 (0x419c0633) x12 0xfffffffc
core   0: 0x8000042c (0xff26d4e3) bge     a3, s2, pc - 24
core   0: 3 0x8000042c (0xff26d4e3)
core   0: 0x80000430 (0x9f1750b7) lui     ra, 0x9f175
core   0: 3 0x80000430 (0x9f1750b7) x 1 0x9f175000
core   0: 0x80000434 (0x00400293) li      t0, 4
core   0: 3 0x80000434 (0x00400293) x 5 0x00000004
core   0: 0x80000438 (0x02848233) mul     tp, s1, s0
core   0: 3 0x80000438 (0x02848233) x 4 0x800bc52f
core   0: 0x8000043c (0x02103eb3) mulhu   t4, zero, ra
core   0: 3 0x8000043c (0x02103eb3) x29 0x00000000
core   0: 0x80000440 (0x00400893) li      a7, 4
core   0: 3 0x80000440 (0x00400893) x17 0x00000004
core   0: 0x80000444 (0x024ef533) remu    a0, t4, tp
core   0: 3 0x80000444 (0x024ef533) x10 0x00000000
core   0: 0x80000448 (0x039e1733) mulh    a4, t3, s9
core   0: 3 0x80000448 (0x039e1733) x14 0xfffffffe
core   0: 0x8000044c (0xffc28293) addi    t0, t0, -4
core   0: 3 0x8000044c (0xffc28293) x 5 0x00000000
core   0: 0x80000450 (0x00700d13) li      s10, 7
core   0: 3 0x80000450 (0x00700d13) x26 0x00000007
core   0: 0x80000454 (0xe5fdfb13) andi    s6, s11, -417
core   0: 3 0x80000454 (0xe5fdfb13) x22 0x00000000
core   0: 0x80000458 (0x00c00e13) li      t3, 12
core   0: 3 0x80000458 (0x00c00e13) x28 0x0000000c
core   0: 0x8000045c (0x821ae713) ori     a4, s5, -2015
core   0: 3 0x8000045c (0x821ae713) x14 0xfffffce5
core   0: 0x80000460 (0x01608733) add     a4, ra, s6
core   0: 3 0x80000460 (0x01608733) x14 0x9f175000
core   0: 0x80000464 (0x00ad0d13) addi    s10, s10, 10
core   0: 3 0x80000464 (0x00ad0d13) x26 0x00000011
core   0: 0x80000468 (0xffcd6ae3) bltu    s10, t3, pc - 12
core   0: 3 0x80000468 (0xffcd6ae3)
core   0: 0x8000046c (0xfd12dce3) bge     t0, a7, pc - 40
core   0: 3 0x8000046c (0xfd12dce3)
core   0: 0x80000470 (0x37340513) addi    a0, s0, 883
core   0: 3 0x80000470 (0x37340513) x10 0x0000036e
core   0: 0x80000474 (0xffc00413) li      s0, -4
core   0: 3 0x80000474 (0xffc00413) x 8 0xfffffffc
core   0: 0x80000478 (0xff400713) li      a4, -12
core   0: 3 0x80000478 (0xff400713) x14 0xfffffff4
core   0: 0x8000047c (0x0083ba33) sltu    s4, t2, s0
core   0: 3 0x8000047c (0x0083ba33) x20 0x00000001
core   0: 0x80000480 (0x00000013) nop
core   0: 3 0x80000480 (0x00000013)
core   0: 0x80000484 (0x02dd2cb3) mulhsu  s9, s10, a3
core   0: 3 0x80000484 (0x02dd2cb3) x25 0x00000010
core   0: 0x80000488 (0x027decb3) rem     s9, s11, t2
core   0: 3 0x80000488 (0x027decb3) x25 0x00000000
core   0: 0x8000048c (0x017f5233) srl     tp, t5, s7
core   0: 3 0x8000048c (0x017f5233) x 4 0x00000000
core   0: 0x80000490 (0x03bc8e33) mul     t3, s9, s11
core   0: 3 0x80000490 (0x03bc8e33) x28 0x00000000
core   0: 0x80000494 (0xff840413) addi    s0, s0, -8
core   0: 3 0x80000494 (0xff840413) x 8 0xfffffff4
core   0: 0x80000498 (0x00500313) li      t1, 5
core   0: 3 0x80000498 (0x00500313) x 6 0x00000005
core   0: 0x8000049c (0xf5e8f1b7) lui     gp, 0xf5e8f
core   0: 3 0x8000049c (0xf5e8f1b7) x 3 0xf5e8f000
core   0: 0x800004a0 (0x02456eb3) rem     t4, a0, tp
core   0: 3 0x800004a0 (0x02456eb3) x29 0x0000036e
core   0: 0x800004a4 (0x00500b13) li      s6, 5
core   0: 3 0x800004a4 (0x00500b13) x22 0x00000005
core   0: 0x800004a8 (0x021c7833) remu    a6, s8, ra
core   0: 3 0x800004a8 (0x021c7833) x16 0x00000000
core   0: 0x800004ac (0x02231fb3) mulh    t6, t1, sp
core   0: 3 0x800004ac (0x02231fb3) x31 0xffffffff
core   0: 0x800004b0 (0x013b2c33) slt     s8, s6, s3
core   0: 3 0x800004b0 (0x013b2c33) x24 0x00000000
core   0: 0x800004b4 (0xffe30313) addi    t1, t1, -2
core   0: 3 0x800004b4 (0xffe30313) x 6 0x00000003
core   0: 0x800004b8 (0x430d5897) auipc   a7, 0x430d5
core   0: 3 0x800004b8 (0x430d5897) x17 0xc30d54b8
core   0: 0x800004bc (0xff6378e3) bgeu    t1, s6, pc - 16
core   0: 3 0x800004bc (0xff6378e3)
core   0: 0x800004c0 (0x9b917613) andi    a2, sp, -1607
core   0: 3 0x800004c0 (0x9b917613) x12 0xfffff9b9
core   0: 0x800004c4 (0xfce400e3) beq     s0, a4, pc - 64
core   0: 3 0x800004c4 (0xfce400e3)
core   0: 0x80000484 (0x02dd2cb3) mulhsu  s9, s10, a3
core   0: 3 0x80000484 (0x02dd2cb3) x25 0x00000010
core   0: 0x80000488 (0x027decb3) rem     s9, s11, t2
core   0: 3 0x80000488 (0x027decb3) x25 0x00000000
core   0: 0x8000048c (0x017f5233) srl     tp, t5, s7
core   0: 3 0x8000048c (0x017f5233) x 4 0x00000000
core   0: 0x80000490 (0x03bc8e33) mul     t3, s9, s11
core   0: 3 0x80000490 (0x03bc8e33) x28 0x00000000
core   0: 0x80000494 (0xff840413) addi    s0, s0, -8
core   0: 3 0x80000494 (0xff840413) x 8 0xffffffec
core   0: 0x80000498 (0x00500313) li      t1, 5
core   0: 3 0x80000498 (0x00500313) x 6 0x00000005
core   0: 0x8000049c (0xf5e8f1b7) lui     gp, 0xf5e8f
core   0: 3 0x8000049c (0xf5e8f1b7) x 3 0xf5e8f000
core   0: 0x800004a0 (0x02456eb3) rem     t4, a0, tp
core   0: 3 0x800004a0 (0x02456eb3) x29 0x0000036e
core   0: 0x800004a4 (0x00500b13) li      s6, 5
core   0: 3 0x800004a4 (0x00500b13) x22 0x00000005
core   0: 0x800004a8 (0x021c7833) remu    a6, s8, ra
core   0: 3 0x800004a8 (0x021c7833) x16 0x00000000
core   0: 0x800004ac (0x02231fb3) mulh    t6, t1, sp
core   0: 3 0x800004ac (0x02231fb3) x31 0xffffffff
core   0: 0x800004b0 (0x013b2c33) slt     s8, s6, s3
core   0: 3 0x800004b0 (0x013b2c33) x24 0x00000000
core   0: 0x800004b4 (0xffe30313) addi    t1, t1, -2
core   0: 3 0x800004b4 (0xffe30313) x 6 0x00000003
core   0: 0x800004b8 (0x430d5897) auipc   a7, 0x430d5
core   0: 3 0x800004b8 (0x430d5897) x17 0xc30d54b8
core   0: 0x800004bc (0xff6378e3) bgeu    t1, s6, pc - 16
core   0: 3 0x800004bc (0xff6378e3)
core   0: 0x800004c0 (0x9b917613) andi    a2, sp, -1607
core   0: 3 0x800004c0 (0x9b917613) x12 0xfffff9b9
core   0: 0x800004c4 (0xfce400e3) beq     s0, a4, pc - 64
core   0: 3 0x800004c4 (0xfce400e3)
core   0: 0x800004c8 (0x01b3d513) srli    a0, t2, 27
core   0: 3 0x800004c8 (0x01b3d513) x10 0x00000000
core   0: 0x800004cc (0x00a00413) li      s0, 10
core   0: 3 0x800004cc (0x00a00413) x 8 0x0000000a
core   0: 0x800004d0 (0x03e42133) mulhsu  sp, s0, t5
core   0: 3 0x800004d0 (0x03e42133) x 2 0x00000000
core   0: 0x800004d4 (0xf8e08397) auipc   t2, 0xf8e08
core   0: 3 0x800004d4 (0xf8e08397) x 7 0x78e084d4
core   0: 0x800004d8 (0x40b0d093) srai    ra, ra, 11
core   0: 3 0x800004d8 (0x40b0d093) x 1 0xfff3e2ea
core   0: 0x800004dc (0x00edf333) and     t1, s11, a4
core   0: 3 0x800004dc (0x00edf333) x 6 0x00000000
core   0: 0x800004e0 (0x00a00e93) li      t4, 10
core   0: 3 0x800004e0 (0x00a00e93) x29 0x0000000a
core   0: 0x800004e4 (0x01f4fdb3) and     s11, s1, t6
core   0: 3 0x800004e4 (0x01f4fdb3) x27 0x7ffda55d
core   0: 0x800004e8 (0x03e229b3) mulhsu  s3, tp, t5
core   0: 3 0x800004e8 (0x03e229b3) x19 0x00000000
core   0: 0x800004ec (0x021bcdb3) div     s11, s7, ra
core   0: 3 0x800004ec (0x021bcdb3) x27 0x00000000
core   0: 0x800004f0 (0x00000013) nop
core   0: 3 0x800004f0 (0x00000013)
core   0: 0x800004f4 (0x00ccd393) srli    t2, s9, 12
core   0: 3 0x800004f4 (0x00ccd393) x 7 0x00000000
core   0: 0x800004f8 (0x9f7b3893) sltiu   a7, s6, -1545
core   0: 3 0x800004f8 (0x9f7b3893) x17 0x00000001
core   0: 0x800004fc (0x02e2c333) div     t1, t0, a4
core   0: 3 0x800004fc (0x02e2c333) x 6 0x00000000
core   0: 0x80000500 (0xffd40413) addi    s0, s0, -3
core   0: 3 0x80000500 (0xffd40413) x 8 0x00000007
core   0: 0x80000504 (0xffd472e3) bgeu    s0, t4, pc - 28
core   0: 3 0x80000504 (0xffd472e3)
core   0: 0x80000508 (0x03b6b533) mulhu   a0, a3, s11
core   0: 3 0x80000508 (0x03b6b533) x10 0x00000000
core   0: 0x8000050c (0xfff00513) li      a0, -1
core   0: 3 0x8000050c (0xfff00513) x10 0xffffffff
core   0: 0x80000510 (0xc0988b93) addi    s7, a7, -1015
core   0: 3 0x80000510 (0xc0988b93) x23 0xfffffc0a
core   0: 0x80000514 (0x01db1293) slli    t0, s6, 29
core   0: 3 0x80000514 (0x01db1293) x 5 0xa0000000
core   0: 0x80000518 (0x99fe6013) ori     zero, t3, -1633
core   0: 3 0x80000518 (0x99fe6013)
core   0: 0x8000051c (0x02499bb3) mulh    s7, s3, tp
core   0: 3 0x8000051c (0x02499bb3) x23 0x00000000
core   0: 0x80000520 (0x0145aeb3) slt     t4, a1, s4
core   0: 3 0x80000520 (0x0145aeb3) x29 0x00000001
core   0: 0x80000524 (0x01300093) li      ra, 19
core   0: 3 0x80000524 (0x01300093) x 1 0x00000013
core   0: 0x80000528 (0x02ef6633) rem     a2, t5, a4
core   0: 3 0x80000528 (0x02ef6633) x12 0x00000000
core   0: 0x8000052c (0xa0e0e217) auipc   tp, 0xa0e0e
core   0: 3 0x8000052c (0xa0e0e217) x 4 0x20e0e52c
core   0: 0x80000530 (0x013b03b3) add     t2, s6, s3
core   0: 3 0x80000530 (0x013b03b3) x 7 0x00000005
core   0: 0x80000534 (0x7d414b97) auipc   s7, 0x7d414
core   0: 3 0x80000534 (0x7d414b97) x23 0xfd414534
core   0: 0x80000538 (0x00650513) addi    a0, a0, 6
core   0: 3 0x80000538 (0x00650513) x10 0x00000005
core   0: 0x8000053c (0x023fa933) mulhsu  s2, t6, gp
core   0: 3 0x8000053c (0x023fa933) x18 0xffffffff
core   0: 0x80000540 (0xff600713) li      a4, -10
core   0: 3 0x80000540 (0xff600713) x14 0xfffffff6
core   0: 0x80000544 (0xcb17c193) xori    gp, a5, -847
core   0: 3 0x80000544 (0xcb17c193) x 3 0x7ffda2d5
core   0: 0x80000548 (0x00f00d13) li      s10, 15
core   0: 3 0x80000548 (0x00f00d13) x26 0x0000000f
core   0: 0x8000054c (0x012705b3) add     a1, a4, s2
core   0: 3 0x8000054c (0x012705b3) x11 0xfffffff5
core   0: 0x80000550 (0x03239a33) mulh    s4, t2, s2
core   0: 3 0x80000550 (0x03239a33) x20 0xffffffff
core   0: 0x80000554 (0xdc560213) addi    tp, a2, -571
core   0: 3 0x80000554 (0xdc560213) x 4 0xfffffdc5
core   0: 0x80000558 (0x38fde897) auipc   a7, 0x38fde
core   0: 3 0x80000558 (0x38fde897) x17 0xb8fde558
core   0: 0x8000055c (0x63512a17) auipc   s4, 0x63512
core   0: 3 0x8000055c (0x63512a17) x20 0xe351255c
core   0: 0x80000560 (0x00170713) addi    a4, a4, 1
core   0: 3 0x80000560 (0x00170713) x14 0xfffffff7
core   0: 0x80000564 (0xffa70ae3) beq     a4, s10, pc - 12
core   0: 3 0x80000564 (0xffa70ae3)
core   0: 0x80000568 (0xfc1546e3) blt     a0, ra, pc - 52
core   0: 3 0x80000568 (0xfc1546e3)
core   0: 0x80000534 (0x7d414b97) auipc   s7, 0x7d414
core   0: 3 0x80000534 (0x7d414b97) x23 0xfd414534
core   0: 0x80000538 (0x00650513) addi    a0, a0, 6
core   0: 3 0x80000538 (0x00650513) x10 0x0000000b
core   0: 0x8000053c (0x023fa933) mulhsu  s2, t6, gp
core   0: 3 0x8000053c (0x023fa933) x18 0xffffffff
core   0: 0x80000540 (0xff600713) li      a4, -10
core   0: 3 0x80000540 (0xff600713) x14 0xfffffff6
core   0: 0x80000544 (0xcb17c193) xori    gp, a5, -847
core   0: 3 0x80000544 (0xcb17c193) x 3 0x7ffda2d5
core   0: 0x80000548 (0x00f00d13) li      s10, 15
core   0: 3 0x80000548 (0x00f00d13) x26 0x0000000f
core   0: 0x8000054c (0x012705b3) add     a1, a4, s2
core   0: 3 0x8000054c (0x012705b3) x11 0xfffffff5
core   0: 0x80000550 (0x03239a33) mulh    s4, t2, s2
core   0: 3 0x80000550 (0x03239a33) x20 0xffffffff
core   0: 0x80000554 (0xdc560213) addi    tp, a2, -571
core   0: 3 0x80000554 (0xdc560213) x 4 0xfffffdc5
core   0: 0x80000558 (0x38fde897) auipc   a7, 0x38fde
core   0: 3 0x80000558 (0x38fde897) x17 0xb8fde558
core   0: 0x8000055c (0x63512a17) auipc   s4, 0x63512
core   0: 3 0x8000055c (0x63512a17) x20 0xe351255c
core   0: 0x80000560 (0x00170713) addi    a4, a4, 1
core   0: 3 0x80000560 (0x00170713) x14 0xfffffff7
core   0: 0x80000564 (0xffa70ae3) beq     a4, s10, pc - 12
core   0: 3 0x80000564 (0xffa70ae3)
core   0: 0x80000568 (0xfc1546e3) blt     a0, ra, pc - 52
core   0: 3 0x80000568 (0xfc1546e3)
core   0: 0x80000534 (0x7d414b97) auipc   s7, 0x7d414
core   0: 3 0x80000534 (0x7d414b97) x23 0xfd414534
core   0: 0x80000538 (0x00650513) addi    a0, a0, 6
core   0: 3 0x80000538 (0x00650513) x10 0x00000011
core   0: 0x8000053c (0x023fa933) mulhsu  s2, t6, gp
core   0: 3 0x8000053c (0x023fa933) x18 0xffffffff
core   0: 0x80000540 (0xff600713) li      a4, -10
core   0: 3 0x80000540 (0xff600713) x14 0xfffffff6
core   0: 0x80000544 (0xcb17c193) xori    gp, a5, -847
core   0: 3 0x80000544 (0xcb17c193) x 3 0x7ffda2d5
core   0: 0x80000548 (0x00f00d13) li      s10, 15
core   0: 3 0x80000548 (0x00f00d13) x26 0x0000000f
core   0: 0x8000054c (0x012705b3) add     a1, a4, s2
core   0: 3 0x8000054c (0x012705b3) x11 0xfffffff5
core   0: 0x80000550 (0x03239a33) mulh    s4, t2, s2
core   0: 3 0x80000550 (0x03239a33) x20 0xffffffff
core   0: 0x80000554 (0xdc560213) addi    tp, a2, -571
core   0: 3 0x80000554 (0xdc560213) x 4 0xfffffdc5
core   0: 0x80000558 (0x38fde897) auipc   a7, 0x38fde
core   0: 3 0x80000558 (0x38fde897) x17 0xb8fde558
core   0: 0x8000055c (0x63512a17) auipc   s4, 0x63512
core   0: 3 0x8000055c (0x63512a17) x20 0xe351255c
core   0: 0x80000560 (0x00170713) addi    a4, a4, 1
core   0: 3 0x80000560 (0x00170713) x14 0xfffffff7
core   0: 0x80000564 (0xffa70ae3) beq     a4, s10, pc - 12
core   0: 3 0x80000564 (0xffa70ae3)
core   0: 0x80000568 (0xfc1546e3) blt     a0, ra, pc - 52
core   0: 3 0x80000568 (0xfc1546e3)
core   0: 0x80000534 (0x7d414b97) auipc   s7, 0x7d414
core   0: 3 0x80000534 (0x7d414b97) x23 0xfd414534
core   0: 0x80000538 (0x00650513) addi    a0, a0, 6
core   0: 3 0x80000538 (0x00650513) x10 0x00000017
core   0: 0x8000053c (0x023fa933) mulhsu  s2, t6, gp
core   0: 3 0x8000053c (0x023fa933) x18 0xffffffff
core   0: 0x80000540 (0xff600713) li      a4, -10
core   0: 3 0x80000540 (0xff600713) x14 0xfffffff6
core   0: 0x80000544 (0xcb17c193) xori    gp, a5, -847
core   0: 3 0x80000544 (0xcb17c193) x 3 0x7ffda2d5
core   0: 0x80000548 (0x00f00d13) li      s10, 15
core   0: 3 0x80000548 (0x00f00d13) x26 0x0000000f
core   0: 0x8000054c (0x012705b3) add     a1, a4, s2
core   0: 3 0x8000054c (0x012705b3) x11 0xfffffff5
core   0: 0x80000550 (0x03239a33) mulh    s4, t2, s2
core   0: 3 0x80000550 (0x03239a33) x20 0xffffffff
core   0: 0x80000554 (0xdc560213) addi    tp, a2, -571
core   0: 3 0x80000554 (0xdc560213) x 4 0xfffffdc5
core   0: 0x80000558 (0x38fde897) auipc   a7, 0x38fde
core   0: 3 0x80000558 (0x38fde897) x17 0xb8fde558
core   0: 0x8000055c (0x63512a17) auipc   s4, 0x63512
core   0: 3 0x8000055c (0x63512a17) x20 0xe351255c
core   0: 0x80000560 (0x00170713) addi    a4, a4, 1
core   0: 3 0x80000560 (0x00170713) x14 0xfffffff7
core   0: 0x80000564 (0xffa70ae3) beq     a4, s10, pc - 12
core   0: 3 0x80000564 (0xffa70ae3)
core   0: 0x80000568 (0xfc1546e3) blt     a0, ra, pc - 52
core   0: 3 0x80000568 (0xfc1546e3)
core   0: 0x8000056c (0x033dee33) rem     t3, s11, s3
core   0: 3 0x8000056c (0x033dee33) x28 0x00000000
core   0: 0x80000570 (0x00a00593) li      a1, 10
core   0: 3 0x80000570 (0x00a00593) x11 0x0000000a
core   0: 0x80000574 (0x40aad813) srai    a6, s5, 10
core   0: 3 0x80000574 (0x40aad813) x16 0xffe000a7
core   0: 0x80000578 (0x00eadcb3) srl     s9, s5, a4
core   0: 3 0x80000578 (0x00eadcb3) x25 0x00000100
core   0: 0x8000057c (0x01100c13) li      s8, 17
core   0: 3 0x8000057c (0x01100c13) x24 0x00000011
core   0: 0x80000580 (0x6c88cb13) xori    s6, a7, 1736
core   0: 3 0x80000580 (0x6c88cb13) x22 0xb8fde390
core   0: 0x80000584 (0x02be11b3) mulh    gp, t3, a1
core   0: 3 0x80000584 (0x02be11b3) x 3 0x00000000
core   0: 0x80000588 (0x47b47e93) andi    t4, s0, 1147
core   0: 3 0x80000588 (0x47b47e93) x29 0x00000003
core   0: 0x8000058c (0x00758593) addi    a1, a1, 7
core   0: 3 0x8000058c (0x00758593) x11 0x00000011
core   0: 0x80000590 (0x008dad33) slt     s10, s11, s0
core   0: 3 0x80000590 (0x008dad33) x26 0x00000001
core   0: 0x80000594 (0xc2f10c93) addi    s9, sp, -977
core   0: 3 0x80000594 (0xc2f10c93) x25 0xfffffc2f
core   0: 0x80000598 (0x019abe33) sltu    t3, s5, s9
core   0: 3 0x80000598 (0x019abe33) x28 0x00000001
core   0: 0x8000059c (0x00300493) li      s1, 3
core   0: 3 0x8000059c (0x00300493) x 9 0x00000003
core   0: 0x800005a0 (0x01300713) li      a4, 19
core   0: 3 0x800005a0 (0x01300713) x14 0x00000013
core   0: 0x800005a4 (0x02bf4b33) div     s6, t5, a1
core   0: 3 0x800005a4 (0x02bf4b33) x22 0x00000000
core   0: 0x800005a8 (0x621806b7) lui     a3, 0x62180
core   0: 3 0x800005a8 (0x621806b7) x13 0x62180000
core   0: 0x800005ac (0x40cd02b3) sub     t0, s10, a2
core   0: 3 0x800005ac (0x40cd02b3) x 5 0x00000001
core   0: 0x800005b0 (0x00148493) addi    s1, s1, 1
core   0: 3 0x800005b0 (0x00148493) x 9 0x00000004
core   0: 0x800005b4 (0xfee49ae3) bne     s1, a4, pc - 12
core   0: 3 0x800005b4 (0xfee49ae3)
core   0: 0x800005a8 (0x621806b7) lui     a3, 0x62180
core   0: 3 0x800005a8 (0x621806b7) x13 0x62180000
core   0: 0x800005ac (0x40cd02b3) sub     t0, s10, a2
core   0: 3 0x800005ac (0x40cd02b3) x 5 0x00000001
core   0: 0x800005b0 (0x00148493) addi    s1, s1, 1
core   0: 3 0x800005b0 (0x00148493) x 9 0x00000005
core   0: 0x800005b4 (0xfee49ae3) bne     s1, a4, pc - 12
core   0: 3 0x800005b4 (0xfee49ae3)
core   0: 0x800005a8 (0x621806b7) lui     a3, 0x62180
core   0: 3 0x800005a8 (0x621806b7) x13 0x62180000
core   0: 0x800005ac (0x40cd02b3) sub     t0, s10, a2
core   0: 3 0x800005ac (0x40cd02b3) x 5 0x00000001
core   0: 0x800005b0 (0x00148493) addi    s1, s1, 1
core   0: 3 0x800005b0 (0x00148493) x 9 0x00000006
core   0: 0x800005b4 (0xfee49ae3) bne     s1, a4, pc - 12
core   0: 3 0x800005b4 (0xfee49ae3)
core   0: 0x800005a8 (0x621806b7) lui     a3, 0x62180
core   0: 3 0x800005a8 (0x621806b7) x13 0x62180000
core   0: 0x800005ac (0x40cd02b3) sub     t0, s10, a2
core   0: 3 0x800005ac (0x40cd02b3) x 5 0x00000001
core   0: 0x800005b0 (0x00148493) addi    s1, s1, 1
core   0: 3 0x800005b0 (0x00148493) x 9 0x00000007
core   0: 0x800005b4 (0xfee49ae3) bne     s1, a4, pc - 12
core   0: 3 0x800005b4 (0xfee49ae3)
core   0: 0x800005a8 (0x621806b7) lui     a3, 0x62180
core   0: 3 0x800005a8 (0x621806b7) x13 0x62180000
core   0: 0x800005ac (0x40cd02b3) sub     t0, s10, a2
core   0: 3 0x800005ac (0x40cd02b3) x 5 0x00000001
core   0: 0x800005b0 (0x00148493) addi    s1, s1, 1
core   0: 3 0x800005b0 (0x00148493) x 9 0x00000008
core   0: 0x800005b4 (0xfee49ae3) bne     s1, a4, pc - 12
core   0: 3 0x800005b4 (0xfee49ae3)
core   0: 0x800005a8 (0x621806b7) lui     a3, 0x62180
core   0: 3 0x800005a8 (0x621806b7) x13 0x62180000
core   0: 0x800005ac (0x40cd02b3) sub     t0, s10, a2
core   0: 3 0x800005ac (0x40cd02b3) x 5 0x00000001
core   0: 0x800005b0 (0x00148493) addi    s1, s1, 1
core   0: 3 0x800005b0 (0x00148493) x 9 0x00000009
core   0: 0x800005b4 (0xfee49ae3) bne     s1, a4, pc - 12
core   0: 3 0x800005b4 (0xfee49ae3)
core   0: 0x800005a8 (0x621806b7) lui     a3, 0x62180
core   0: 3 0x800005a8 (0x621806b7) x13 0x62180000
core   0: 0x800005ac (0x40cd02b3) sub     t0, s10, a2
core   0: 3 0x800005ac (0x40cd02b3) x 5 0x00000001
core   0: 0x800005b0 (0x00148493) addi    s1, s1, 1
core   0: 3 0x800005b0 (0x00148493) x 9 0x0000000a
core   0: 0x800005b4 (0xfee49ae3) bne     s1, a4, pc - 12
core   0: 3 0x800005b4 (0xfee49ae3)
core   0: 0x800005a8 (0x621806b7) lui     a3, 0x62180
core   0: 3 0x800005a8 (0x621806b7) x13 0x62180000
core   0: 0x800005ac (0x40cd02b3) sub     t0, s10, a2
core   0: 3 0x800005ac (0x40cd02b3) x 5 0x00000001
core   0: 0x800005b0 (0x00148493) addi    s1, s1, 1
core   0: 3 0x800005b0 (0x00148493) x 9 0x0000000b
core   0: 0x800005b4 (0xfee49ae3) bne     s1, a4, pc - 12
core   0: 3 0x800005b4 (0xfee49ae3)
core   0: 0x800005a8 (0x621806b7) lui     a3, 0x62180
core   0: 3 0x800005a8 (0x621806b7) x13 0x62180000
core   0: 0x800005ac (0x40cd02b3) sub     t0, s10, a2
core   0: 3 0x800005ac (0x40cd02b3) x 5 0x00000001
core   0: 0x800005b0 (0x00148493) addi    s1, s1, 1
core   0: 3 0x800005b0 (0x00148493) x 9 0x0000000c
core   0: 0x800005b4 (0xfee49ae3) bne     s1, a4, pc - 12
core   0: 3 0x800005b4 (0xfee49ae3)
core   0: 0x800005a8 (0x621806b7) lui     a3, 0x62180
core   0: 3 0x800005a8 (0x621806b7) x13 0x62180000
core   0: 0x800005ac (0x40cd02b3) sub     t0, s10, a2
core   0: 3 0x800005ac (0x40cd02b3) x 5 0x00000001
core   0: 0x800005b0 (0x00148493) addi    s1, s1, 1
core   0: 3 0x800005b0 (0x00148493) x 9 0x0000000d
core   0: 0x800005b4 (0xfee49ae3) bne     s1, a4, pc - 12
core   0: 3 0x800005b4 (0xfee49ae3)
core   0: 0x800005a8 (0x621806b7) lui     a3, 0x62180
core   0: 3 0x800005a8 (0x621806b7) x13 0x62180000
core   0: 0x800005ac (0x40cd02b3) sub     t0, s10, a2
core   0: 3 0x800005ac (0x40cd02b3) x 5 0x00000001
core   0: 0x800005b0 (0x00148493) addi    s1, s1, 1
core   0: 3 0x800005b0 (0x00148493) x 9 0x0000000e
core   0: 0x800005b4 (0xfee49ae3) bne     s1, a4, pc - 12
core   0: 3 0x800005b4 (0xfee49ae3)
core   0: 0x800005a8 (0x621806b7) lui     a3, 0x62180
core   0: 3 0x800005a8 (0x621806b7) x13 0x62180000
core   0: 0x800005ac (0x40cd02b3) sub     t0, s10, a2
core   0: 3 0x800005ac (0x40cd02b3) x 5 0x00000001
core   0: 0x800005b0 (0x00148493) addi    s1, s1, 1
core   0: 3 0x800005b0 (0x00148493) x 9 0x0000000f
core   0: 0x800005b4 (0xfee49ae3) bne     s1, a4, pc - 12
core   0: 3 0x800005b4 (0xfee49ae3)
core   0: 0x800005a8 (0x621806b7) lui     a3, 0x62180
core   0: 3 0x800005a8 (0x621806b7) x13 0x62180000
core   0: 0x800005ac (0x40cd02b3) sub     t0, s10, a2
core   0: 3 0x800005ac (0x40cd02b3) x 5 0x00000001
core   0: 0x800005b0 (0x00148493) addi    s1, s1, 1
core   0: 3 0x800005b0 (0x00148493) x 9 0x00000010
core   0: 0x800005b4 (0xfee49ae3) bne     s1, a4, pc - 12
core   0: 3 0x800005b4 (0xfee49ae3)
core   0: 0x800005a8 (0x621806b7) lui     a3, 0x62180
core   0: 3 0x800005a8 (0x621806b7) x13 0x62180000
core   0: 0x800005ac (0x40cd02b3) sub     t0, s10, a2
core   0: 3 0x800005ac (0x40cd02b3) x 5 0x00000001
core   0: 0x800005b0 (0x00148493) addi    s1, s1, 1
core   0: 3 0x800005b0 (0x00148493) x 9 0x00000011
core   0: 0x800005b4 (0xfee49ae3) bne     s1, a4, pc - 12
core   0: 3 0x800005b4 (0xfee49ae3)
core   0: 0x800005a8 (0x621806b7) lui     a3, 0x62180
core   0: 3 0x800005a8 (0x621806b7) x13 0x62180000
core   0: 0x800005ac (0x40cd02b3) sub     t0, s10, a2
core   0: 3 0x800005ac (0x40cd02b3) x 5 0x00000001
core   0: 0x800005b0 (0x00148493) addi    s1, s1, 1
core   0: 3 0x800005b0 (0x00148493) x 9 0x00000012
core   0: 0x800005b4 (0xfee49ae3) bne     s1, a4, pc - 12
core   0: 3 0x800005b4 (0xfee49ae3)
core   0: 0x800005a8 (0x621806b7) lui     a3, 0x62180
core   0: 3 0x800005a8 (0x621806b7) x13 0x62180000
core   0: 0x800005ac (0x40cd02b3) sub     t0, s10, a2
core   0: 3 0x800005ac (0x40cd02b3) x 5 0x00000001
core   0: 0x800005b0 (0x00148493) addi    s1, s1, 1
core   0: 3 0x800005b0 (0x00148493) x 9 0x00000013
core   0: 0x800005b4 (0xfee49ae3) bne     s1, a4, pc - 12
core   0: 3 0x800005b4 (0xfee49ae3)
core   0: 0x800005b8 (0x01814cb3) xor     s9, sp, s8
core   0: 3 0x800005b8 (0x01814cb3) x25 0x00000011
core   0: 0x800005bc (0xfd85c4e3) blt     a1, s8, pc - 56
core   0: 3 0x800005bc (0xfd85c4e3)
core   0: 0x800005c0 (0x01910133) add     sp, sp, s9
core   0: 3 0x800005c0 (0x01910133) x 2 0x00000011
core   0: 0x800005c4 (0xffd00913) li      s2, -3
core   0: 3 0x800005c4 (0xffd00913) x18 0xfffffffd
core   0: 0x800005c8 (0x009f1b33) sll     s6, t5, s1
core   0: 3 0x800005c8 (0x009f1b33) x22 0x00000000
core   0: 0x800005cc (0x03f9f0b3) remu    ra, s3, t6
core   0: 3 0x800005cc (0x03f9f0b3) x 1 0x00000000
core   0: 0x800005d0 (0x02de69b3) rem     s3, t3, a3
core   0: 3 0x800005d0 (0x02de69b3) x19 0x00000001
core   0: 0x800005d4 (0x02a47a33) remu    s4, s0, a0
core   0: 3 0x800005d4 (0x02a47a33) x20 0x00000007
core   0: 0x800005d8 (0xff500893) li      a7, -11
core   0: 3 0x800005d8 (0xff500893) x17 0xfffffff5
core   0: 0x800005dc (0x014ae3b3) or      t2, s5, s4
core   0: 3 0x800005dc (0x014ae3b3) x 7 0x80029ce7
core   0: 0x800005e0 (0x01647233) and     tp, s0, s6
core   0: 3 0x800005e0 (0x01647233) x 4 0x00000000
core   0: 0x800005e4 (0xffc90913) addi    s2, s2, -4
core   0: 3 0x800005e4 (0xffc90913) x18 0xfffffff9
core   0: 0x800005e8 (0x00000013) nop
core   0: 3 0x800005e8 (0x00000013)
core   0: 0x800005ec (0x0339d833) divu    a6, s3, s3
core   0: 3 0x800005ec (0x0339d833) x16 0x00000001
core   0: 0x800005f0 (0x88a5b293) sltiu   t0, a1, -1910
core   0: 3 0x800005f0 (0x88a5b293) x 5 0x00000001
core   0: 0x800005f4 (0x00bce0b3) or      ra, s9, a1
core   0: 3 0x800005f4 (0x00bce0b3) x 1 0x00000011
core   0: 0x800005f8 (0x92966693) ori     a3, a2, -1751
core   0: 3 0x800005f8 (0x92966693) x13 0xfffff929
core   0: 0x800005fc (0x009ebb33) sltu    s6, t4, s1
core   0: 3 0x800005fc (0x009ebb33) x22 0x00000001
core   0: 0x80000600 (0xb9c52413) slti    s0, a0, -1124
core   0: 3 0x80000600 (0xb9c52413) x 8 0x00000000
core   0: 0x80000604 (0x40510b33) sub     s6, sp, t0
core   0: 3 0x80000604 (0x40510b33) x22 0x00000010
core   0: 0x80000608 (0x6b81fb93) andi    s7, gp, 1720
core   0: 3 0x80000608 (0x6b81fb93) x23 0x00000000
core   0: 0x8000060c (0x020ef6b3) remu    a3, t4, zero
core   0: 3 0x8000060c (0x020ef6b3) x13 0x00000003
core   0: 0x80000610 (0x64d5f617) auipc   a2, 0x64d5f
core   0: 3 0x80000610 (0x64d5f617) x12 0xe4d5f610
core   0: 0x80000614 (0x028c4233) div     tp, s8, s0
core   0: 3 0x80000614 (0x028c4233) x 4 0xffffffff
core   0: 0x80000618 (0x01e49c33) sll     s8, s1, t5
core   0: 3 0x80000618 (0x01e49c33) x24 0x00000013
core   0: 0x8000061c (0x03086633) rem     a2, a6, a6
core   0: 3 0x8000061c (0x03086633) x12 0x00000000
core   0: 0x80000620 (0x0257c733) div     a4, a5, t0
core   0: 3 0x80000620 (0x0257c733) x14 0x80025e64
core   0: 0x80000624 (0xff6786b7) lui     a3, 0xff678
core   0: 3 0x80000624 (0xff6786b7) x13 0xff678000
core   0: 0x80000628 (0xfb195ce3) bge     s2, a7, pc - 72
core   0: 3 0x80000628 (0xfb195ce3)
core   0: 0x800005e0 (0x01647233) and     tp, s0, s6
core   0: 3 0x800005e0 (0x01647233) x 4 0x00000000
core   0: 0x800005e4 (0xffc90913) addi    s2, s2, -4
core   0: 3 0x800005e4 (0xffc90913) x18 0xfffffff5
core   0: 0x800005e8 (0x00000013) nop
core   0: 3 0x800005e8 (0x00000013)
core   0: 0x800005ec (0x0339d833) divu    a6, s3, s3
core   0: 3 0x800005ec (0x0339d833) x16 0x00000001
core   0: 0x800005f0 (0x88a5b293) sltiu   t0, a1, -1910
core   0: 3 0x800005f0 (0x88a5b293) x 5 0x00000001
core   0: 0x800005f4 (0x00bce0b3) or      ra, s9, a1
core   0: 3 0x800005f4 (0x00bce0b3) x 1 0x00000011
core   0: 0x800005f8 (0x92966693) ori     a3, a2, -1751
core   0: 3 0x800005f8 (0x92966693) x13 0xfffff929
core   0: 0x800005fc (0x009ebb33) sltu    s6, t4, s1
core   0: 3 0x800005fc (0x009ebb33) x22 0x00000001
core   0: 0x80000600 (0xb9c52413) slti    s0, a0, -1124
core   0: 3 0x80000600 (0xb9c52413) x 8 0x00000000
core   0: 0x80000604 (0x40510b33) sub     s6, sp, t0
core   0: 3 0x80000604 (0x40510b33) x22 0x00000010
core   0: 0x80000608 (0x6b81fb93) andi    s7, gp, 1720
core   0: 3 0x80000608 (0x6b81fb93) x23 0x00000000
core   0: 0x8000060c (0x020ef6b3) remu    a3, t4, zero
core   0: 3 0x8000060c (0x020ef6b3) x13 0x00000003
core   0: 0x80000610 (0x64d5f617) auipc   a2, 0x64d5f
core   0: 3 0x80000610 (0x64d5f617) x12 0xe4d5f610
core   0: 0x80000614 (0x028c4233) div     tp, s8, s0
core   0: 3 0x80000614 (0x028c4233) x 4 0xffffffff
core   0: 0x80000618 (0x01e49c33) sll     s8, s1, t5
core   0: 3 0x80000618 (0x01e49c33) x24 0x00000013
core   0: 0x8000061c (0x03086633) rem     a2, a6, a6
core   0: 3 0x8000061c (0x03086633) x12 0x00000000
core   0: 0x80000620 (0x0257c733) div     a4, a5, t0
core   0: 3 0x80000620 (0x0257c733) x14 0x80025e64
core   0: 0x80000624 (0xff6786b7) lui     a3, 0xff678
core   0: 3 0x80000624 (0xff6786b7) x13 0xff678000
core   0: 0x80000628 (0xfb195ce3) bge     s2, a7, pc - 72
core   0: 3 0x80000628 (0xfb195ce3)
core   0: 0x800005e0 (0x01647233) and     tp, s0, s6
core   0: 3 0x800005e0 (0x01647233) x 4 0x00000000
core   0: 0x800005e4 (0xffc90913) addi    s2, s2, -4
core   0: 3 0x800005e4 (0xffc90913) x18 0xfffffff1
core   0: 0x800005e8 (0x00000013) nop
core   0: 3 0x800005e8 (0x00000013)
core   0: 0x800005ec (0x0339d833) divu    a6, s3, s3
core   0: 3 0x800005ec (0x0339d833) x16 0x00000001
core   0: 0x800005f0 (0x88a5b293) sltiu   t0, a1, -1910
core   0: 3 0x800005f0 (0x88a5b293) x 5 0x00000001
core   0: 0x800005f4 (0x00bce0b3) or      ra, s9, a1
core   0: 3 0x800005f4 (0x00bce0b3) x 1 0x00000011
core   0: 0x800005f8 (0x92966693) ori     a3, a2, -1751
core   0: 3 0x800005f8 (0x92966693) x13 0xfffff929
core   0: 0x800005fc (0x009ebb33) sltu    s6, t4, s1
core   0: 3 0x800005fc (0x009ebb33) x22 0x00000001
core   0: 0x80000600 (0xb9c52413) slti    s0, a0, -1124
core   0: 3 0x80000600 (0xb9c52413) x 8 0x00000000
core   0: 0x80000604 (0x40510b33) sub     s6, sp, t0
core   0: 3 0x80000604 (0x40510b33) x22 0x00000010
core   0: 0x80000608 (0x6b81fb93) andi    s7, gp, 1720
core   0: 3 0x80000608 (0x6b81fb93) x23 0x00000000
core   0: 0x8000060c (0x020ef6b3) remu    a3, t4, zero
core   0: 3 0x8000060c (0x020ef6b3) x13 0x00000003
core   0: 0x80000610 (0x64d5f617) auipc   a2, 0x64d5f
core   0: 3 0x80000610 (0x64d5f617) x12 0xe4d5f610
core   0: 0x80000614 (0x028c4233) div     tp, s8, s0
core   0: 3 0x80000614 (0x028c4233) x 4 0xffffffff
core   0: 0x80000618 (0x01e49c33) sll     s8, s1, t5
core   0: 3 0x80000618 (0x01e49c33) x24 0x00000013
core   0: 0x8000061c (0x03086633) rem     a2, a6, a6
core   0: 3 0x8000061c (0x03086633) x12 0x00000000
core   0: 0x80000620 (0x0257c733) div     a4, a5, t0
core   0: 3 0x80000620 (0x0257c733) x14 0x80025e64
core   0: 0x80000624 (0xff6786b7) lui     a3, 0xff678
core   0: 3 0x80000624 (0xff6786b7) x13 0xff678000
core   0: 0x80000628 (0xfb195ce3) bge     s2, a7, pc - 72
core   0: 3 0x80000628 (0xfb195ce3)
core   0: 0x8000062c (0x00b3e2b3) or      t0, t2, a1
core   0: 3 0x8000062c (0x00b3e2b3) x 5 0x80029cf7
core   0: 0x80000630 (0xff800b93) li      s7, -8
core   0: 3 0x80000630 (0xff800b93) x23 0xfffffff8
core   0: 0x80000634 (0x0217ffb3) remu    t6, a5, ra
core   0: 3 0x80000634 (0x0217ffb3) x31 0x00000001
core   0: 0x80000638 (0x021a9cb3) mulh    s9, s5, ra
core   0: 3 0x80000638 (0x021a9cb3) x25 0xfffffff7
core   0: 0x8000063c (0x00000013) nop
core   0: 3 0x8000063c (0x00000013)
core   0: 0x80000640 (0x03204933) div     s2, zero, s2
core   0: 3 0x80000640 (0x03204933) x18 0x00000000
core   0: 0x80000644 (0x41f0d6b3) sra     a3, ra, t6
core   0: 3 0x80000644 (0x41f0d6b3) x13 0x00000008
core   0: 0x80000648 (0x01029913) slli    s2, t0, 16
core   0: 3 0x80000648 (0x01029913) x18 0x9cf70000
core   0: 0x8000064c (0x03d0ab17) auipc   s6, 0x3d0a
core   0: 3 0x8000064c (0x03d0ab17) x22 0x83d0a64c
core   0: 0x80000650 (0xffa00e93) li      t4, -6
core   0: 3 0x80000650 (0xffa00e93) x29 0xfffffffa
core   0: 0x80000654 (0xfd8cc493) xori    s1, s9, -40
core   0: 3 0x80000654 (0xfd8cc493) x 9 0x0000002f
core   0: 0x80000658 (0x010e78b3) and     a7, t3, a6
core   0: 3 0x80000658 (0x010e78b3) x17 0x00000001
core   0: 0x8000065c (0x00000013) nop
core   0: 3 0x8000065c (0x00000013)
core   0: 0x80000660 (0x01b491b3) sll     gp, s1, s11
core   0: 3 0x80000660 (0x01b491b3) x 3 0x0000002f
core   0: 0x80000664 (0x025f3033) mulhu   zero, t5, t0
core   0: 3 0x80000664 (0x025f3033)
core   0: 0x80000668 (0x00787933) and     s2, a6, t2
core   0: 3 0x80000668 (0x00787933) x18 0x00000001
core   0: 0x8000066c (0x269fc813) xori    a6, t6, 617
core   0: 3 0x8000066c (0x269fc813) x16 0x00000268
core   0: 0x80000670 (0x0274f6b3) remu    a3, s1, t2
core   0: 3 0x80000670 (0x0274f6b3) x13 0x0000002f
core   0: 0x80000674 (0x001b8b93) addi    s7, s7, 1
core   0: 3 0x80000674 (0x001b8b93) x23 0xfffffff9
core   0: 0x80000678 (0xab194f93) xori    t6, s2, -1359
core   0: 3 0x80000678 (0xab194f93) x31 0xfffffab0
core   0: 0x8000067c (0x41f70033) sub     zero, a4, t6
core   0: 3 0x8000067c (0x41f70033)
core   0: 0x80000680 (0x03e5cd33) div     s10, a1, t5
core   0: 3 0x80000680 (0x03e5cd33) x26 0xffffffff
core   0: 0x80000684 (0x00910d33) add     s10, sp, s1
core   0: 3 0x80000684 (0x00910d33) x26 0x00000040
core   0: 0x80000688 (0x0271dfb3) divu    t6, gp, t2
core   0: 3 0x80000688 (0x0271dfb3) x31 0x00000000
core   0: 0x8000068c (0xe9397693) andi    a3, s2, -365
core   0: 3 0x8000068c (0xe9397693) x13 0x00000001
core   0: 0x80000690 (0xfddb8ae3) beq     s7, t4, pc - 44
core   0: 3 0x80000690 (0xfddb8ae3)
core   0: 0x80000694 (0x351be013) ori     zero, s7, 849
core   0: 3 0x80000694 (0x351be013)
core   0: 0x80000698 (0x00700493) li      s1, 7
core   0: 3 0x80000698 (0x00700493) x 9 0x00000007
core   0: 0x8000069c (0x99842993) slti    s3, s0, -1640
core   0: 3 0x8000069c (0x99842993) x19 0x00000000
core   0: 0x800006a0 (0x004dde33) srl     t3, s11, tp
core   0: 3 0x800006a0 (0x004dde33) x28 0x00000000
core   0: 0x800006a4 (0x0309e8b3) rem     a7, s3, a6
core   0: 3 0x800006a4 (0x0309e8b3) x17 0x00000000
core   0: 0x800006a8 (0x01c99913) slli    s2, s3, 28
core   0: 3 0x800006a8 (0x01c99913) x18 0x00000000
core   0: 0x800006ac (0x01755733) srl     a4, a0, s7
core   0: 3 0x800006ac (0x01755733) x14 0x00000000
core   0: 0x800006b0 (0x016a0733) add     a4, s4, s6
core   0: 3 0x800006b0 (0x016a0733) x14 0x83d0a653
core   0: 0x800006b4 (0x00e9b0b3) sltu    ra, s3, a4
core   0: 3 0x800006b4 (0x00e9b0b3) x 1 0x00000001
core   0: 0x800006b8 (0x027451b3) divu    gp, s0, t2
core   0: 3 0x800006b8 (0x027451b3) x 3 0x00000000
core   0: 0x800006bc (0x01300a33) add     s4, zero, s3
core   0: 3 0x800006bc (0x01300a33) x20 0x00000000
core   0: 0x800006c0 (0x0392d5b3) divu    a1, t0, s9
core   0: 3 0x800006c0 (0x0392d5b3) x11 0x00000000
core   0: 0x800006c4 (0x007b0e33) add     t3, s6, t2
core   0: 3 0x800006c4 (0x007b0e33) x28 0x03d34333
core   0: 0x800006c8 (0x01200e93) li      t4, 18
core   0: 3 0x800006c8 (0x01200e93) x29 0x00000012
core   0: 0x800006cc (0x0293c133) div     sp, t2, s1
core   0: 3 0x800006cc (0x0293c133) x 2 0xedb73afd
core   0: 0x800006d0 (0x01de7133) and     sp, t3, t4
core   0: 3 0x800006d0 (0x01de7133) x 2 0x00000012
core   0: 0x800006d4 (0x00948493) addi    s1, s1, 9
core   0: 3 0x800006d4 (0x00948493) x 9 0x00000010
core   0: 0x800006d8 (0x00925c13) srli    s8, tp, 9
core   0: 3 0x800006d8 (0x00925c13) x24 0x007fffff
core   0: 0x800006dc (0xffc00693) li      a3, -4
core   0: 3 0x800006dc (0xffc00693) x13 0xfffffffc
core   0: 0x800006e0 (0x010ed513) srli    a0, t4, 16
core   0: 3 0x800006e0 (0x010ed513) x10 0x00000000
core   0: 0x800006e4 (0x0201f8b3) remu    a7, gp, zero
core   0: 3 0x800006e4 (0x0201f8b3) x17 0x00000000
core   0: 0x800006e8 (0x12595997) auipc   s3, 0x12595
core   0: 3 0x800006e8 (0x12595997) x19 0x925956e8
core   0: 0x800006ec (0x00300c93) li      s9, 3
core   0: 3 0x800006ec (0x00300c93) x25 0x00000003
core   0: 0x800006f0 (0x41410433) sub     s0, sp, s4
core   0: 3 0x800006f0 (0x41410433) x 8 0x00000012
core   0: 0x800006f4 (0xf4871297) auipc   t0, 0xf4871
core   0: 3 0x800006f4 (0xf4871297) x 5 0x748716f4
core   0: 0x800006f8 (0x03312c33) mulhsu  s8, sp, s3
core   0: 3 0x800006f8 (0x03312c33) x24 0x0000000a
core   0: 0x800006fc (0x00168693) addi    a3, a3, 1
core   0: 3 0x800006fc (0x00168693) x13 0xfffffffd
core   0: 0x80000700 (0xff968ae3) beq     a3, s9, pc - 12
core   0: 3 0x80000700 (0xff968ae3)
core   0: 0x80000704 (0x13ba2513) slti    a0, s4, 315
core   0: 3 0x80000704 (0x13ba2513) x10 0x00000001
core   0: 0x80000708 (0x010f5e33) srl     t3, t5, a6
core   0: 3 0x80000708 (0x010f5e33) x28 0x00000000
core   0: 0x8000070c (0x02d33933) mulhu   s2, t1, a3
core   0: 3 0x8000070c (0x02d33933) x18 0x00000000
core   0: 0x80000710 (0xfdd4c0e3) blt     s1, t4, pc - 64
core   0: 3 0x80000710 (0xfdd4c0e3)
core   0: 0x800006d0 (0x01de7133) and     sp, t3, t4
core   0: 3 0x800006d0 (0x01de7133) x 2 0x00000000
core   0: 0x800006d4 (0x00948493) addi    s1, s1, 9
core   0: 3 0x800006d4 (0x00948493) x 9 0x00000019
core   0: 0x800006d8 (0x00925c13) srli    s8, tp, 9
core   0: 3 0x800006d8 (0x00925c13) x24 0x007fffff
core   0: 0x800006dc (0xffc00693) li      a3, -4
core   0: 3 0x800006dc (0xffc00693) x13 0xfffffffc
core   0: 0x800006e0 (0x010ed513) srli    a0, t4, 16
core   0: 3 0x800006e0 (0x010ed513) x10 0x00000000
core   0: 0x800006e4 (0x0201f8b3) remu    a7, gp, zero
core   0: 3 0x800006e4 (0x0201f8b3) x17 0x00000000
core   0: 0x800006e8 (0x12595997) auipc   s3, 0x12595
core   0: 3 0x800006e8 (0x12595997) x19 0x925956e8
core   0: 0x800006ec (0x00300c93) li      s9, 3
core   0: 3 0x800006ec (0x00300c93) x25 0x00000003
core   0: 0x800006f0 (0x41410433) sub     s0, sp, s4
core   0: 3 0x800006f0 (0x41410433) x 8 0x00000000
core   0: 0x800006f4 (0xf4871297) auipc   t0, 0xf4871
core   0: 3 0x800006f4 (0xf4871297) x 5 0x748716f4
core   0: 0x800006f8 (0x03312c33) mulhsu  s8, sp, s3
core   0: 3 0x800006f8 (0x03312c33) x24 0x00000000
core   0: 0x800006fc (0x00168693) addi    a3, a3, 1
core   0: 3 0x800006fc (0x00168693) x13 0xfffffffd
core   0: 0x80000700 (0xff968ae3) beq     a3, s9, pc - 12
core   0: 3 0x80000700 (0xff968ae3)
core   0: 0x80000704 (0x13ba2513) slti    a0, s4, 315
core   0: 3 0x80000704 (0x13ba2513) x10 0x00000001
core   0: 0x80000708 (0x010f5e33) srl     t3, t5, a6
core   0: 3 0x80000708 (0x010f5e33) x28 0x00000000
core   0: 0x8000070c (0x02d33933) mulhu   s2, t1, a3
core   0: 3 0x8000070c (0x02d33933) x18 0x00000000
core   0: 0x80000710 (0xfdd4c0e3) blt     s1, t4, pc - 64
core   0: 3 0x80000710 (0xfdd4c0e3)
core   0: 0x80000714 (0x025382b3) mul     t0, t2, t0
core   0: 3 0x80000714 (0x025382b3) x 5 0xa5ca662c
core   0: 0x80000718 (0x00a00d93) li      s11, 10
core   0: 3 0x80000718 (0x00a00d93) x27 0x0000000a
core   0: 0x8000071c (0x0365ec33) rem     s8, a1, s6
core   0: 3 0x8000071c (0x0365ec33) x24 0x00000000
core   0: 0x80000720 (0x00a00d13) li      s10, 10
core   0: 3 0x80000720 (0x00a00d13) x26 0x0000000a
core   0: 0x80000724 (0x0174aeb3) slt     t4, s1, s7
core   0: 3 0x80000724 (0x0174aeb3) x29 0x00000000
core   0: 0x80000728 (0x03da99b3) mulh    s3, s5, t4
core   0: 3 0x80000728 (0x03da99b3) x19 0x00000000
core   0: 0x8000072c (0x01634bb3) xor     s7, t1, s6
core   0: 3 0x8000072c (0x01634bb3) x23 0x83d0a64c
core   0: 0x80000730 (0x01991b33) sll     s6, s2, s9
core   0: 3 0x80000730 (0x01991b33) x22 0x00000000
core   0: 0x80000734 (0xa8ea0c93) addi    s9, s4, -1394
core   0: 3 0x80000734 (0xa8ea0c93) x25 0xfffffa8e
core   0: 0x80000738 (0x228a19b7) lui     s3, 0x228a1
core   0: 3 0x80000738 (0x228a19b7) x19 0x228a1000
core   0: 0x8000073c (0xff7d8d93) addi    s11, s11, -9
core   0: 3 0x8000073c (0xff7d8d93) x27 0x00000001
core   0: 0x80000740 (0x008db333) sltu    t1, s11, s0
core   0: 3 0x80000740 (0x008db333) x 6 0x00000000
core   0: 0x80000744 (0x00a00413) li      s0, 10
core   0: 3 0x80000744 (0x00a00413) x 8 0x0000000a
core   0: 0x80000748 (0x02aa5cb3) divu    s9, s4, a0
core   0: 3 0x80000748 (0x02aa5cb3) x25 0x00000000
core   0: 0x8000074c (0x00a00893) li      a7, 10
core   0: 3 0x8000074c (0x00a00893) x17 0x0000000a
core   0: 0x80000750 (0x03b8c533) div     a0, a7, s11
core   0: 3 0x80000750 (0x03b8c533) x10 0x0000000a
core   0: 0x80000754 (0x7f07f393) andi    t2, a5, 2032
core   0: 3 0x80000754 (0x7f07f393) x 7 0x00000660
core   0: 0x80000758 (0xff640413) addi    s0, s0, -10
core   0: 3 0x80000758 (0xff640413) x 8 0x00000000
core   0: 0x8000075c (0xff145ce3) bge     s0, a7, pc - 8
core   0: 3 0x8000075c (0xff145ce3)
core   0: 0x80000760 (0x006e1633) sll     a2, t3, t1
core   0: 3 0x80000760 (0x006e1633) x12 0x00000000
core   0: 0x80000764 (0x02fe62b3) rem     t0, t3, a5
core   0: 3 0x80000764 (0x02fe62b3) x 5 0x00000000
core   0: 0x80000768 (0x00000013) nop
core   0: 3 0x80000768 (0x00000013)
core   0: 0x8000076c (0x412a5bb3) sra     s7, s4, s2
core   0: 3 0x8000076c (0x412a5bb3) x23 0x00000000
core   0: 0x80000770 (0xfbadfae3) bgeu    s11, s10, pc - 76
core   0: 3 0x80000770 (0xfbadfae3)
core   0: 0x80000774 (0x002b5a13) srli    s4, s6, 2
core   0: 3 0x80000774 (0x002b5a13) x20 0x00000000
core   0: 0x80000778 (0xffc00593) li      a1, -4
core   0: 3 0x80000778 (0xffc00593) x11 0xfffffffc
core   0: 0x8000077c (0x89ebc213) xori    tp, s7, -1890
core   0: 3 0x8000077c (0x89ebc213) x 4 0xfffff89e
core   0: 0x80000780 (0x837c3b13) sltiu   s6, s8, -1993
core   0: 3 0x80000780 (0x837c3b13) x22 0x00000001
core   0: 0x80000784 (0x40c95933) sra     s2, s2, a2
core   0: 3 0x80000784 (0x40c95933) x18 0x00000000
core   0: 0x80000788 (0xff600713) li      a4, -10
core   0: 3 0x80000788 (0xff600713) x14 0xfffffff6
core   0: 0x8000078c (0x00c70db3) add     s11, a4, a2
core   0: 3 0x8000078c (0x00c70db3) x27 0xfffffff6
core   0: 0x80000790 (0x5bf2a813) slti    a6, t0, 1471
core   0: 3 0x80000790 (0x5bf2a813) x16 0x00000001
core   0: 0x80000794 (0xd2b7a493) slti    s1, a5, -725
core   0: 3 0x80000794 (0xd2b7a493) x 9 0x00000001
core   0: 0x80000798 (0xffa58593) addi    a1, a1, -6
core   0: 3 0x80000798 (0xffa58593) x11 0xfffffff6
core   0: 0x8000079c (0xffc00513) li      a0, -4
core   0: 3 0x8000079c (0xffc00513) x10 0xfffffffc
core   0: 0x800007a0 (0x0154fbb3) and     s7, s1, s5
core   0: 3 0x800007a0 (0x0154fbb3) x23 0x00000000
core   0: 0x800007a4 (0x41035613) srai    a2, t1, 16
core   0: 3 0x800007a4 (0x41035613) x12 0x00000000
core   0: 0x800007a8 (0x00500c13) li      s8, 5
core   0: 3 0x800007a8 (0x00500c13) x24 0x00000005
core   0: 0x800007ac (0x025d22b3) mulhsu  t0, s10, t0
core   0: 3 0x800007ac (0x025d22b3) x 5 0x00000000
core   0: 0x800007b0 (0x00997a33) and     s4, s2, s1
core   0: 3 0x800007b0 (0x00997a33) x20 0x00000000
core   0: 0x800007b4 (0x02484a33) div     s4, a6, tp
core   0: 3 0x800007b4 (0x02484a33) x20 0x00000000
core   0: 0x800007b8 (0x00150513) addi    a0, a0, 1
core   0: 3 0x800007b8 (0x00150513) x10 0xfffffffd
core   0: 0x800007bc (0x00be9893) slli    a7, t4, 11
core   0: 3 0x800007bc (0x00be9893) x17 0x00000000
core   0: 0x800007c0 (0xff854ae3) blt     a0, s8, pc - 12
core   0: 3 0x800007c0 (0xff854ae3)
core   0: 0x800007b4 (0x02484a33) div     s4, a6, tp
core   0: 3 0x800007b4 (0x02484a33) x20 0x00000000
core   0: 0x800007b8 (0x00150513) addi    a0, a0, 1
core   0: 3 0x800007b8 (0x00150513) x10 0xfffffffe
core   0: 0x800007bc (0x00be9893) slli    a7, t4, 11
core   0: 3 0x800007bc (0x00be9893) x17 0x00000000
core   0: 0x800007c0 (0xff854ae3) blt     a0, s8, pc - 12
core   0: 3 0x800007c0 (0xff854ae3)
core   0: 0x800007b4 (0x02484a33) div     s4, a6, tp
core   0: 3 0x800007b4 (0x02484a33) x20 0x00000000
core   0: 0x800007b8 (0x00150513) addi    a0, a0, 1
core   0: 3 0x800007b8 (0x00150513) x10 0xffffffff
core   0: 0x800007bc (0x00be9893) slli    a7, t4, 11
core   0: 3 0x800007bc (0x00be9893) x17 0x00000000
core   0: 0x800007c0 (0xff854ae3) blt     a0, s8, pc - 12
core   0: 3 0x800007c0 (0xff854ae3)
core   0: 0x800007b4 (0x02484a33) div     s4, a6, tp
core   0: 3 0x800007b4 (0x02484a33) x20 0x00000000
core   0: 0x800007b8 (0x00150513) addi    a0, a0, 1
core   0: 3 0x800007b8 (0x00150513) x10 0x00000000
core   0: 0x800007bc (0x00be9893) slli    a7, t4, 11
core   0: 3 0x800007bc (0x00be9893) x17 0x00000000
core   0: 0x800007c0 (0xff854ae3) blt     a0, s8, pc - 12
core   0: 3 0x800007c0 (0xff854ae3)
core   0: 0x800007b4 (0x02484a33) div     s4, a6, tp
core   0: 3 0x800007b4 (0x02484a33) x20 0x00000000
core   0: 0x800007b8 (0x00150513) addi    a0, a0, 1
core   0: 3 0x800007b8 (0x00150513) x10 0x00000001
core   0: 0x800007bc (0x00be9893) slli    a7, t4, 11
core   0: 3 0x800007bc (0x00be9893) x17 0x00000000
core   0: 0x800007c0 (0xff854ae3) blt     a0, s8, pc - 12
core   0: 3 0x800007c0 (0xff854ae3)
core   0: 0x800007b4 (0x02484a33) div     s4, a6, tp
core   0: 3 0x800007b4 (0x02484a33) x20 0x00000000
core   0: 0x800007b8 (0x00150513) addi    a0, a0, 1
core   0: 3 0x800007b8 (0x00150513) x10 0x00000002
core   0: 0x800007bc (0x00be9893) slli    a7, t4, 11
core   0: 3 0x800007bc (0x00be9893) x17 0x00000000
core   0: 0x800007c0 (0xff854ae3) blt     a0, s8, pc - 12
core   0: 3 0x800007c0 (0xff854ae3)
core   0: 0x800007b4 (0x02484a33) div     s4, a6, tp
core   0: 3 0x800007b4 (0x02484a33) x20 0x00000000
core   0: 0x800007b8 (0x00150513) addi    a0, a0, 1
core   0: 3 0x800007b8 (0x00150513) x10 0x00000003
core   0: 0x800007bc (0x00be9893) slli    a7, t4, 11
core   0: 3 0x800007bc (0x00be9893) x17 0x00000000
core   0: 0x800007c0 (0xff854ae3) blt     a0, s8, pc - 12
core   0: 3 0x800007c0 (0xff854ae3)
core   0: 0x800007b4 (0x02484a33) div     s4, a6, tp
core   0: 3 0x800007b4 (0x02484a33) x20 0x00000000
core   0: 0x800007b8 (0x00150513) addi    a0, a0, 1
core   0: 3 0x800007b8 (0x00150513) x10 0x00000004
core   0: 0x800007bc (0x00be9893) slli    a7, t4, 11
core   0: 3 0x800007bc (0x00be9893) x17 0x00000000
core   0: 0x800007c0 (0xff854ae3) blt     a0, s8, pc - 12
core   0: 3 0x800007c0 (0xff854ae3)
core   0: 0x800007b4 (0x02484a33) div     s4, a6, tp
core   0: 3 0x800007b4 (0x02484a33) x20 0x00000000
core   0: 0x800007b8 (0x00150513) addi    a0, a0, 1
core   0: 3 0x800007b8 (0x00150513) x10 0x00000005
core   0: 0x800007bc (0x00be9893) slli    a7, t4, 11
core   0: 3 0x800007bc (0x00be9893) x17 0x00000000
core   0: 0x800007c0 (0xff854ae3) blt     a0, s8, pc - 12
core   0: 3 0x800007c0 (0xff854ae3)
core   0: 0x800007c4 (0xfce5d6e3) bge     a1, a4, pc - 52
core   0: 3 0x800007c4 (0xfce5d6e3)
core   0: 0x80000790 (0x5bf2a813) slti    a6, t0, 1471
core   0: 3 0x80000790 (0x5bf2a813) x16 0x00000001
core   0: 0x80000794 (0xd2b7a493) slti    s1, a5, -725
core   0: 3 0x80000794 (0xd2b7a493) x 9 0x00000001
core   0: 0x80000798 (0xffa58593) addi    a1, a1, -6
core   0: 3 0x80000798 (0xffa58593) x11 0xfffffff0
core   0: 0x8000079c (0xffc00513) li      a0, -4
core   0: 3 0x8000079c (0xffc00513) x10 0xfffffffc
core   0: 0x800007a0 (0x0154fbb3) and     s7, s1, s5
core   0: 3 0x800007a0 (0x0154fbb3) x23 0x00000000
core   0: 0x800007a4 (0x41035613) srai    a2, t1, 16
core   0: 3 0x800007a4 (0x41035613) x12 0x00000000
core   0: 0x800007a8 (0x00500c13) li      s8, 5
core   0: 3 0x800007a8 (0x00500c13) x24 0x00000005
core   0: 0x800007ac (0x025d22b3) mulhsu  t0, s10, t0
core   0: 3 0x800007ac (0x025d22b3) x 5 0x00000000
core   0: 0x800007b0 (0x00997a33) and     s4, s2, s1
core   0: 3 0x800007b0 (0x00997a33) x20 0x00000000
core   0: 0x800007b4 (0x02484a33) div     s4, a6, tp
core   0: 3 0x800007b4 (0x02484a33) x20 0x00000000
core   0: 0x800007b8 (0x00150513) addi    a0, a0, 1
core   0: 3 0x800007b8 (0x00150513) x10 0xfffffffd
core   0: 0x800007bc (0x00be9893) slli    a7, t4, 11
core   0: 3 0x800007bc (0x00be9893) x17 0x00000000
core   0: 0x800007c0 (0xff854ae3) blt     a0, s8, pc - 12
core   0: 3 0x800007c0 (0xff854ae3)
core   0: 0x800007b4 (0x02484a33) div     s4, a6, tp
core   0: 3 0x800007b4 (0x02484a33) x20 0x00000000
core   0: 0x800007b8 (0x00150513) addi    a0, a0, 1
core   0: 3 0x800007b8 (0x00150513) x10 0xfffffffe
core   0: 0x800007bc (0x00be9893) slli    a7, t4, 11
core   0: 3 0x800007bc (0x00be9893) x17 0x00000000
core   0: 0x800007c0 (0xff854ae3) blt     a0, s8, pc - 12
core   0: 3 0x800007c0 (0xff854ae3)
core   0: 0x800007b4 (0x02484a33) div     s4, a6, tp
core   0: 3 0x800007b4 (0x02484a33) x20 0x00000000
core   0: 0x800007b8 (0x00150513) addi    a0, a0, 1
core   0: 3 0x800007b8 (0x00150513) x10 0xffffffff
core   0: 0x800007bc (0x00be9893) slli    a7, t4, 11
core   0: 3 0x800007bc (0x00be9893) x17 0x00000000
core   0: 0x800007c0 (0xff854ae3) blt     a0, s8, pc - 12
core   0: 3 0x800007c0 (0xff854ae3)
core   0: 0x800007b4 (0x02484a33) div     s4, a6, tp
core   0: 3 0x800007b4 (0x02484a33) x20 0x00000000
core   0: 0x800007b8 (0x00150513) addi    a0, a0, 1
core   0: 3 0x800007b8 (0x00150513) x10 0x00000000
core   0: 0x800007bc (0x00be9893) slli    a7, t4, 11
core   0: 3 0x800007bc (0x00be9893) x17 0x00000000
core   0: 0x800007c0 (0xff854ae3) blt     a0, s8, pc - 12
core   0: 3 0x800007c0 (0xff854ae3)
core   0: 0x800007b4 (0x02484a33) div     s4, a6, tp
core   0: 3 0x800007b4 (0x02484a33) x20 0x00000000
core   0: 0x800007b8 (0x00150513) addi    a0, a0, 1
core   0: 3 0x800007b8 (0x00150513) x10 0x00000001
core   0: 0x800007bc (0x00be9893) slli    a7, t4, 11
core   0: 3 0x800007bc (0x00be9893) x17 0x00000000
core   0: 0x800007c0 (0xff854ae3) blt     a0, s8, pc - 12
core   0: 3 0x800007c0 (0xff854ae3)
core   0: 0x800007b4 (0x02484a33) div     s4, a6, tp
core   0: 3 0x800007b4 (0x02484a33) x20 0x00000000
core   0: 0x800007b8 (0x00150513) addi    a0, a0, 1
core   0: 3 0x800007b8 (0x00150513) x10 0x00000002
core   0: 0x800007bc (0x00be9893) slli    a7, t4, 11
core   0: 3 0x800007bc (0x00be9893) x17 0x00000000
core   0: 0x800007c0 (0xff854ae3) blt     a0, s8, pc - 12
core   0: 3 0x800007c0 (0xff854ae3)
core   0: 0x800007b4 (0x02484a33) div     s4, a6, tp
core   0: 3 0x800007b4 (0x02484a33) x20 0x00000000
core   0: 0x800007b8 (0x00150513) addi    a0, a0, 1
core   0: 3 0x800007b8 (0x00150513) x10 0x00000003
core   0: 0x800007bc (0x00be9893) slli    a7, t4, 11
core   0: 3 0x800007bc (0x00be9893) x17 0x00000000
core   0: 0x800007c0 (0xff854ae3) blt     a0, s8, pc - 12
core   0: 3 0x800007c0 (0xff854ae3)
core   0: 0x800007b4 (0x02484a33) div     s4, a6, tp
core   0: 3 0x800007b4 (0x02484a33) x20 0x00000000
core   0: 0x800007b8 (0x00150513) addi    a0, a0, 1
core   0: 3 0x800007b8 (0x00150513) x10 0x00000004
core   0: 0x800007bc (0x00be9893) slli    a7, t4, 11
core   0: 3 0x800007bc (0x00be9893) x17 0x00000000
core   0: 0x800007c0 (0xff854ae3) blt     a0, s8, pc - 12
core   0: 3 0x800007c0 (0xff854ae3)
core   0: 0x800007b4 (0x02484a33) div     s4, a6, tp
core   0: 3 0x800007b4 (0x02484a33) x20 0x00000000
core   0: 0x800007b8 (0x00150513) addi    a0, a0, 1
core   0: 3 0x800007b8 (0x00150513) x10 0x00000005
core   0: 0x800007bc (0x00be9893) slli    a7, t4, 11
core   0: 3 0x800007bc (0x00be9893) x17 0x00000000
core   0: 0x800007c0 (0xff854ae3) blt     a0, s8, pc - 12
core   0: 3 0x800007c0 (0xff854ae3)
core   0: 0x800007c4 (0xfce5d6e3) bge     a1, a4, pc - 52
core   0: 3 0x800007c4 (0xfce5d6e3)
core   0: 0x800007c8 (0x0e334213) xori    tp, t1, 227
core   0: 3 0x800007c8 (0x0e334213) x 4 0x000000e3
core   0: 0x800007cc (0x00800713) li      a4, 8
core   0: 3 0x800007cc (0x00800713) x14 0x00000008
core   0: 0x800007d0 (0x0244ceb3) div     t4, s1, tp
core   0: 3 0x800007d0 (0x0244ceb3) x29 0x00000000
core   0: 0x800007d4 (0x00500413) li      s0, 5
core   0: 3 0x800007d4 (0x00500413) x 8 0x00000005
core   0: 0x800007d8 (0x005e5c13) srli    s8, t3, 5
core   0: 3 0x800007d8 (0x005e5c13) x24 0x00000000
core   0: 0x800007dc (0x025e0833) mul     a6, t3, t0
core   0: 3 0x800007dc (0x025e0833) x16 0x00000000
core   0: 0x800007e0 (0xfff70713) addi    a4, a4, -1
core   0: 3 0x800007e0 (0xfff70713) x14 0x00000007
core   0: 0x800007e4 (0x0174de93) srli    t4, s1, 23
core   0: 3 0x800007e4 (0x0174de93) x29 0x00000000
core   0: 0x800007e8 (0xfe877ae3) bgeu    a4, s0, pc - 12
core   0: 3 0x800007e8 (0xfe877ae3)
core   0: 0x800007dc (0x025e0833) mul     a6, t3, t0
core   0: 3 0x800007dc (0x025e0833) x16 0x00000000
core   0: 0x800007e0 (0xfff70713) addi    a4, a4, -1
core   0: 3 0x800007e0 (0xfff70713) x14 0x00000006
core   0: 0x800007e4 (0x0174de93) srli    t4, s1, 23
core   0: 3 0x800007e4 (0x0174de93) x29 0x00000000
core   0: 0x800007e8 (0xfe877ae3) bgeu    a4, s0, pc - 12
core   0: 3 0x800007e8 (0xfe877ae3)
core   0: 0x800007dc (0x025e0833) mul     a6, t3, t0
core   0: 3 0x800007dc (0x025e0833) x16 0x00000000
core   0: 0x800007e0 (0xfff70713) addi    a4, a4, -1
core   0: 3 0x800007e0 (0xfff70713) x14 0x00000005
core   0: 0x800007e4 (0x0174de93) srli    t4, s1, 23
core   0: 3 0x800007e4 (0x0174de93) x29 0x00000000
core   0: 0x800007e8 (0xfe877ae3) bgeu    a4, s0, pc - 12
core   0: 3 0x800007e8 (0xfe877ae3)
core   0: 0x800007dc (0x025e0833) mul     a6, t3, t0
core   0: 3 0x800007dc (0x025e0833) x16 0x00000000
core   0: 0x800007e0 (0xfff70713) addi    a4, a4, -1
core   0: 3 0x800007e0 (0xfff70713) x14 0x00000004
core   0: 0x800007e4 (0x0174de93) srli    t4, s1, 23
core   0: 3 0x800007e4 (0x0174de93) x29 0x00000000
core   0: 0x800007e8 (0xfe877ae3) bgeu    a4, s0, pc - 12
core   0: 3 0x800007e8 (0xfe877ae3)
core   0: 0x800007ec (0x000840b3) xor     ra, a6, zero
core   0: 3 0x800007ec (0x000840b3) x 1 0x00000000
core   0: 0x800007f0 (0xff700713) li      a4, -9
core   0: 3 0x800007f0 (0xff700713) x14 0xfffffff7
core   0: 0x800007f4 (0x004ddbb3) srl     s7, s11, tp
core   0: 3 0x800007f4 (0x004ddbb3) x23 0x1ffffffe
core   0: 0x800007f8 (0x010e6133) or      sp, t3, a6
core   0: 3 0x800007f8 (0x010e6133) x 2 0x00000000
core   0: 0x800007fc (0x00700993) li      s3, 7
core   0: 3 0x800007fc (0x00700993) x19 0x00000007
core   0: 0x80000800 (0x029228b3) mulhsu  a7, tp, s1
core   0: 3 0x80000800 (0x029228b3) x17 0x00000000
core   0: 0x80000804 (0x03b89933) mulh    s2, a7, s11
core   0: 3 0x80000804 (0x03b89933) x18 0x00000000
core   0: 0x80000808 (0x00ab62b3) or      t0, s6, a0
core   0: 3 0x80000808 (0x00ab62b3) x 5 0x00000005
core   0: 0x8000080c (0x00870713) addi    a4, a4, 8
core   0: 3 0x8000080c (0x00870713) x14 0xffffffff
core   0: 0x80000810 (0xfff00513) li      a0, -1
core   0: 3 0x80000810 (0xfff00513) x10 0xffffffff
core   0: 0x80000814 (0x038272b3) remu    t0, tp, s8
core   0: 3 0x80000814 (0x038272b3) x 5 0x000000e3
core   0: 0x80000818 (0xff000b13) li      s6, -16
core   0: 3 0x80000818 (0xff000b13) x22 0xfffffff0
core   0: 0x8000081c (0x0322b8b3) mulhu   a7, t0, s2
core   0: 3 0x8000081c (0x0322b8b3) x17 0x00000000
core   0: 0x80000820 (0x011c6233) or      tp, s8, a7
core   0: 3 0x80000820 (0x011c6233) x 4 0x00000000
core   0: 0x80000824 (0xb0ff4b93) xori    s7, t5, -1265
core   0: 3 0x80000824 (0xb0ff4b93) x23 0xfffffb0f
core   0: 0x80000828 (0xffd50513) addi    a0, a0, -3
core   0: 3 0x80000828 (0xffd50513) x10 0xfffffffc
core   0: 0x8000082c (0x00e6b6b3) sltu    a3, a3, a4
core   0: 3 0x8000082c (0x00e6b6b3) x13 0x00000001
core   0: 0x80000830 (0xff6558e3) bge     a0, s6, pc - 16
core   0: 3 0x80000830 (0xff6558e3)
core   0: 0x80000820 (0x011c6233) or      tp, s8, a7
core   0: 3 0x80000820 (0x011c6233) x 4 0x00000000
core   0: 0x80000824 (0xb0ff4b93) xori    s7, t5, -1265
core   0: 3 0x80000824 (0xb0ff4b93) x23 0xfffffb0f
core   0: 0x80000828 (0xffd50513) addi    a0, a0, -3
core   0: 3 0x80000828 (0xffd50513) x10 0xfffffff9
core   0: 0x8000082c (0x00e6b6b3) sltu    a3, a3, a4
core   0: 3 0x8000082c (0x00e6b6b3) x13 0x00000001
core   0: 0x80000830 (0xff6558e3) bge     a0, s6, pc - 16
core   0: 3 0x80000830 (0xff6558e3)
core   0: 0x80000820 (0x011c6233) or      tp, s8, a7
core   0: 3 0x80000820 (0x011c6233) x 4 0x00000000
core   0: 0x80000824 (0xb0ff4b93) xori    s7, t5, -1265
core   0: 3 0x80000824 (0xb0ff4b93) x23 0xfffffb0f
core   0: 0x80000828 (0xffd50513) addi    a0, a0, -3
core   0: 3 0x80000828 (0xffd50513) x10 0xfffffff6
core   0: 0x8000082c (0x00e6b6b3) sltu    a3, a3, a4
core   0: 3 0x8000082c (0x00e6b6b3) x13 0x00000001
core   0: 0x80000830 (0xff6558e3) bge     a0, s6, pc - 16
core   0: 3 0x80000830 (0xff6558e3)
core   0: 0x80000820 (0x011c6233) or      tp, s8, a7
core   0: 3 0x80000820 (0x011c6233) x 4 0x00000000
core   0: 0x80000824 (0xb0ff4b93) xori    s7, t5, -1265
core   0: 3 0x80000824 (0xb0ff4b93) x23 0xfffffb0f
core   0: 0x80000828 (0xffd50513) addi    a0, a0, -3
core   0: 3 0x80000828 (0xffd50513) x10 0xfffffff3
core   0: 0x8000082c (0x00e6b6b3) sltu    a3, a3, a4
core   0: 3 0x8000082c (0x00e6b6b3) x13 0x00000001
core   0: 0x80000830 (0xff6558e3) bge     a0, s6, pc - 16
core   0: 3 0x80000830 (0xff6558e3)
core   0: 0x80000820 (0x011c6233) or      tp, s8, a7
core   0: 3 0x80000820 (0x011c6233) x 4 0x00000000
core   0: 0x80000824 (0xb0ff4b93) xori    s7, t5, -1265
core   0: 3 0x80000824 (0xb0ff4b93) x23 0xfffffb0f
core   0: 0x80000828 (0xffd50513) addi    a0, a0, -3
core   0: 3 0x80000828 (0xffd50513) x10 0xfffffff0
core   0: 0x8000082c (0x00e6b6b3) sltu    a3, a3, a4
core   0: 3 0x8000082c (0x00e6b6b3) x13 0x00000001
core   0: 0x80000830 (0xff6558e3) bge     a0, s6, pc - 16
core   0: 3 0x80000830 (0xff6558e3)
core   0: 0x80000820 (0x011c6233) or      tp, s8, a7
core   0: 3 0x80000820 (0x011c6233) x 4 0x00000000
core   0: 0x80000824 (0xb0ff4b93) xori    s7, t5, -1265
core   0: 3 0x80000824 (0xb0ff4b93) x23 0xfffffb0f
core   0: 0x80000828 (0xffd50513) addi    a0, a0, -3
core   0: 3 0x80000828 (0xffd50513) x10 0xffffffed
core   0: 0x8000082c (0x00e6b6b3) sltu    a3, a3, a4
core   0: 3 0x8000082c (0x00e6b6b3) x13 0x00000001
core   0: 0x80000830 (0xff6558e3) bge     a0, s6, pc - 16
core   0: 3 0x80000830 (0xff6558e3)
core   0: 0x80000834 (0x01563eb3) sltu    t4, a2, s5
core   0: 3 0x80000834 (0x01563eb3) x29 0x00000001
core   0: 0x80000838 (0xfd3748e3) blt     a4, s3, pc - 48
core   0: 3 0x80000838 (0xfd3748e3)
core   0: 0x80000808 (0x00ab62b3) or      t0, s6, a0
core   0: 3 0x80000808 (0x00ab62b3) x 5 0xfffffffd
core   0: 0x8000080c (0x00870713) addi    a4, a4, 8
core   0: 3 0x8000080c (0x00870713) x14 0x00000007
core   0: 0x80000810 (0xfff00513) li      a0, -1
core   0: 3 0x80000810 (0xfff00513) x10 0xffffffff
core   0: 0x80000814 (0x038272b3) remu    t0, tp, s8
core   0: 3 0x80000814 (0x038272b3) x 5 0x00000000
core   0: 0x80000818 (0xff000b13) li      s6, -16
core   0: 3 0x80000818 (0xff000b13) x22 0xfffffff0
core   0: 0x8000081c (0x0322b8b3) mulhu   a7, t0, s2
core   0: 3 0x8000081c (0x0322b8b3) x17 0x00000000
core   0: 0x80000820 (0x011c6233) or      tp, s8, a7
core   0: 3 0x80000820 (0x011c6233) x 4 0x00000000
core   0: 0x80000824 (0xb0ff4b93) xori    s7, t5, -1265
core   0: 3 0x80000824 (0xb0ff4b93) x23 0xfffffb0f
core   0: 0x80000828 (0xffd50513) addi    a0, a0, -3
core   0: 3 0x80000828 (0xffd50513) x10 0xfffffffc
core   0: 0x8000082c (0x00e6b6b3) sltu    a3, a3, a4
core   0: 3 0x8000082c (0x00e6b6b3) x13 0x00000001
core   0: 0x80000830 (0xff6558e3) bge     a0, s6, pc - 16
core   0: 3 0x80000830 (0xff6558e3)
core   0: 0x80000820 (0x011c6233) or      tp, s8, a7
core   0: 3 0x80000820 (0x011c6233) x 4 0x00000000
core   0: 0x80000824 (0xb0ff4b93) xori    s7, t5, -1265
core   0: 3 0x80000824 (0xb0ff4b93) x23 0xfffffb0f
core   0: 0x80000828 (0xffd50513) addi    a0, a0, -3
core   0: 3 0x80000828 (0xffd50513) x10 0xfffffff9
core   0: 0x8000082c (0x00e6b6b3) sltu    a3, a3, a4
core   0: 3 0x8000082c (0x00e6b6b3) x13 0x00000001
core   0: 0x80000830 (0xff6558e3) bge     a0, s6, pc - 16
core   0: 3 0x80000830 (0xff6558e3)
core   0: 0x80000820 (0x011c6233) or      tp, s8, a7
core   0: 3 0x80000820 (0x011c6233) x 4 0x00000000
core   0: 0x80000824 (0xb0ff4b93) xori    s7, t5, -1265
core   0: 3 0x80000824 (0xb0ff4b93) x23 0xfffffb0f
core   0: 0x80000828 (0xffd50513) addi    a0, a0, -3
core   0: 3 0x80000828 (0xffd50513) x10 0xfffffff6
core   0: 0x8000082c (0x00e6b6b3) sltu    a3, a3, a4
core   0: 3 0x8000082c (0x00e6b6b3) x13 0x00000001
core   0: 0x80000830 (0xff6558e3) bge     a0, s6, pc - 16
core   0: 3 0x80000830 (0xff6558e3)
core   0: 0x80000820 (0x011c6233) or      tp, s8, a7
core   0: 3 0x80000820 (0x011c6233) x 4 0x00000000
core   0: 0x80000824 (0xb0ff4b93) xori    s7, t5, -1265
core   0: 3 0x80000824 (0xb0ff4b93) x23 0xfffffb0f
core   0: 0x80000828 (0xffd50513) addi    a0, a0, -3
core   0: 3 0x80000828 (0xffd50513) x10 0xfffffff3
core   0: 0x8000082c (0x00e6b6b3) sltu    a3, a3, a4
core   0: 3 0x8000082c (0x00e6b6b3) x13 0x00000001
core   0: 0x80000830 (0xff6558e3) bge     a0, s6, pc - 16
core   0: 3 0x80000830 (0xff6558e3)
core   0: 0x80000820 (0x011c6233) or      tp, s8, a7
core   0: 3 0x80000820 (0x011c6233) x 4 0x00000000
core   0: 0x80000824 (0xb0ff4b93) xori    s7, t5, -1265
core   0: 3 0x80000824 (0xb0ff4b93) x23 0xfffffb0f
core   0: 0x80000828 (0xffd50513) addi    a0, a0, -3
core   0: 3 0x80000828 (0xffd50513) x10 0xfffffff0
core   0: 0x8000082c (0x00e6b6b3) sltu    a3, a3, a4
core   0: 3 0x8000082c (0x00e6b6b3) x13 0x00000001
core   0: 0x80000830 (0xff6558e3) bge     a0, s6, pc - 16
core   0: 3 0x80000830 (0xff6558e3)
core   0: 0x80000820 (0x011c6233) or      tp, s8, a7
core   0: 3 0x80000820 (0x011c6233) x 4 0x00000000
core   0: 0x80000824 (0xb0ff4b93) xori    s7, t5, -1265
core   0: 3 0x80000824 (0xb0ff4b93) x23 0xfffffb0f
core   0: 0x80000828 (0xffd50513) addi    a0, a0, -3
core   0: 3 0x80000828 (0xffd50513) x10 0xffffffed
core   0: 0x8000082c (0x00e6b6b3) sltu    a3, a3, a4
core   0: 3 0x8000082c (0x00e6b6b3) x13 0x00000001
core   0: 0x80000830 (0xff6558e3) bge     a0, s6, pc - 16
core   0: 3 0x80000830 (0xff6558e3)
core   0: 0x80000834 (0x01563eb3) sltu    t4, a2, s5
core   0: 3 0x80000834 (0x01563eb3) x29 0x00000001
core   0: 0x80000838 (0xfd3748e3) blt     a4, s3, pc - 48
core   0: 3 0x80000838 (0xfd3748e3)
core   0: 0x8000083c (0x01f9f333) and     t1, s3, t6
core   0: 3 0x8000083c (0x01f9f333) x 6 0x00000000
core   0: 0x80000840 (0xffb00c13) li      s8, -5
core   0: 3 0x80000840 (0xffb00c13) x24 0xfffffffb
core   0: 0x80000844 (0x01100113) li      sp, 17
core   0: 3 0x80000844 (0x01100113) x 2 0x00000011
core   0: 0x80000848 (0xaa934f93) xori    t6, t1, -1367
core   0: 3 0x80000848 (0xaa934f93) x31 0xfffffaa9
core   0: 0x8000084c (0xafaa2e93) slti    t4, s4, -1286
core   0: 3 0x8000084c (0xafaa2e93) x29 0x00000000
core   0: 0x80000850 (0x9bc59eb7) lui     t4, 0x9bc59
core   0: 3 0x80000850 (0x9bc59eb7) x29 0x9bc59000
core   0: 0x80000854 (0x0242a833) mulhsu  a6, t0, tp
core   0: 3 0x80000854 (0x0242a833) x16 0x00000000
core   0: 0x80000858 (0x001c0c13) addi    s8, s8, 1
core   0: 3 0x80000858 (0x001c0c13) x24 0xfffffffc
core   0: 0x8000085c (0xfe2c16e3) bne     s8, sp, pc - 20
core   0: 3 0x8000085c (0xfe2c16e3)
core   0: 0x80000848 (0xaa934f93) xori    t6, t1, -1367
core   0: 3 0x80000848 (0xaa934f93) x31 0xfffffaa9
core   0: 0x8000084c (0xafaa2e93) slti    t4, s4, -1286
core   0: 3 0x8000084c (0xafaa2e93) x29 0x00000000
core   0: 0x80000850 (0x9bc59eb7) lui     t4, 0x9bc59
core   0: 3 0x80000850 (0x9bc59eb7) x29 0x9bc59000
core   0: 0x80000854 (0x0242a833) mulhsu  a6, t0, tp
core   0: 3 0x80000854 (0x0242a833) x16 0x00000000
core   0: 0x80000858 (0x001c0c13) addi    s8, s8, 1
core   0: 3 0x80000858 (0x001c0c13) x24 0xfffffffd
core   0: 0x8000085c (0xfe2c16e3) bne     s8, sp, pc - 20
core   0: 3 0x8000085c (0xfe2c16e3)
core   0: 0x80000848 (0xaa934f93) xori    t6, t1, -1367
core   0: 3 0x80000848 (0xaa934f93) x31 0xfffffaa9
core   0: 0x8000084c (0xafaa2e93) slti    t4, s4, -1286
core   0: 3 0x8000084c (0xafaa2e93) x29 0x00000000
core   0: 0x80000850 (0x9bc59eb7) lui     t4, 0x9bc59
core   0: 3 0x80000850 (0x9bc59eb7) x29 0x9bc59000
core   0: 0x80000854 (0x0242a833) mulhsu  a6, t0, tp
core   0: 3 0x80000854 (0x0242a833) x16 0x00000000
core   0: 0x80000858 (0x001c0c13) addi    s8, s8, 1
core   0: 3 0x80000858 (0x001c0c13) x24 0xfffffffe
core   0: 0x8000085c (0xfe2c16e3) bne     s8, sp, pc - 20
core   0: 3 0x8000085c (0xfe2c16e3)
core   0: 0x80000848 (0xaa934f93) xori    t6, t1, -1367
core   0: 3 0x80000848 (0xaa934f93) x31 0xfffffaa9
core   0: 0x8000084c (0xafaa2e93) slti    t4, s4, -1286
core   0: 3 0x8000084c (0xafaa2e93) x29 0x00000000
core   0: 0x80000850 (0x9bc59eb7) lui     t4, 0x9bc59
core   0: 3 0x80000850 (0x9bc59eb7) x29 0x9bc59000
core   0: 0x80000854 (0x0242a833) mulhsu  a6, t0, tp
core   0: 3 0x80000854 (0x0242a833) x16 0x00000000
core   0: 0x80000858 (0x001c0c13) addi    s8, s8, 1
core   0: 3 0x80000858 (0x001c0c13) x24 0xffffffff
core   0: 0x8000085c (0xfe2c16e3) bne     s8, sp, pc - 20
core   0: 3 0x8000085c (0xfe2c16e3)
core   0: 0x80000848 (0xaa934f93) xori    t6, t1, -1367
core   0: 3 0x80000848 (0xaa934f93) x31 0xfffffaa9
core   0: 0x8000084c (0xafaa2e93) slti    t4, s4, -1286
core   0: 3 0x8000084c (0xafaa2e93) x29 0x00000000
core   0: 0x80000850 (0x9bc59eb7) lui     t4, 0x9bc59
core   0: 3 0x80000850 (0x9bc59eb7) x29 0x9bc59000
core   0: 0x80000854 (0x0242a833) mulhsu  a6, t0, tp
core   0: 3 0x80000854 (0x0242a833) x16 0x00000000
core   0: 0x80000858 (0x001c0c13) addi    s8, s8, 1
core   0: 3 0x80000858 (0x001c0c13) x24 0x00000000
core   0: 0x8000085c (0xfe2c16e3) bne     s8, sp, pc - 20
core   0: 3 0x8000085c (0xfe2c16e3)
core   0: 0x80000848 (0xaa934f93) xori    t6, t1, -1367
core   0: 3 0x80000848 (0xaa934f93) x31 0xfffffaa9
core   0: 0x8000084c (0xafaa2e93) slti    t4, s4, -1286
core   0: 3 0x8000084c (0xafaa2e93) x29 0x00000000
core   0: 0x80000850 (0x9bc59eb7) lui     t4, 0x9bc59
core   0: 3 0x80000850 (0x9bc59eb7) x29 0x9bc59000
core   0: 0x80000854 (0x0242a833) mulhsu  a6, t0, tp
core   0: 3 0x80000854 (0x0242a833) x16 0x00000000
core   0: 0x80000858 (0x001c0c13) addi    s8, s8, 1
core   0: 3 0x80000858 (0x001c0c13) x24 0x00000001
core   0: 0x8000085c (0xfe2c16e3) bne     s8, sp, pc - 20
core   0: 3 0x8000085c (0xfe2c16e3)
core   0: 0x80000848 (0xaa934f93) xori    t6, t1, -1367
core   0: 3 0x80000848 (0xaa934f93) x31 0xfffffaa9
core   0: 0x8000084c (0xafaa2e93) slti    t4, s4, -1286
core   0: 3 0x8000084c (0xafaa2e93) x29 0x00000000
core   0: 0x80000850 (0x9bc59eb7) lui     t4, 0x9bc59
core   0: 3 0x80000850 (0x9bc59eb7) x29 0x9bc59000
core   0: 0x80000854 (0x0242a833) mulhsu  a6, t0, tp
core   0: 3 0x80000854 (0x0242a833) x16 0x00000000
core   0: 0x80000858 (0x001c0c13) addi    s8, s8, 1
core   0: 3 0x80000858 (0x001c0c13) x24 0x00000002
core   0: 0x8000085c (0xfe2c16e3) bne     s8, sp, pc - 20
core   0: 3 0x8000085c (0xfe2c16e3)
core   0: 0x80000848 (0xaa934f93) xori    t6, t1, -1367
core   0: 3 0x80000848 (0xaa934f93) x31 0xfffffaa9
core   0: 0x8000084c (0xafaa2e93) slti    t4, s4, -1286
core   0: 3 0x8000084c (0xafaa2e93) x29 0x00000000
core   0: 0x80000850 (0x9bc59eb7) lui     t4, 0x9bc59
core   0: 3 0x80000850 (0x9bc59eb7) x29 0x9bc59000
core   0: 0x80000854 (0x0242a833) mulhsu  a6, t0, tp
core   0: 3 0x80000854 (0x0242a833) x16 0x00000000
core   0: 0x80000858 (0x001c0c13) addi    s8, s8, 1
core   0: 3 0x80000858 (0x001c0c13) x24 0x00000003
core   0: 0x8000085c (0xfe2c16e3) bne     s8, sp, pc - 20
core   0: 3 0x8000085c (0xfe2c16e3)
core   0: 0x80000848 (0xaa934f93) xori    t6, t1, -1367
core   0: 3 0x80000848 (0xaa934f93) x31 0xfffffaa9
core   0: 0x8000084c (0xafaa2e93) slti    t4, s4, -1286
core   0: 3 0x8000084c (0xafaa2e93) x29 0x00000000
core   0: 0x80000850 (0x9bc59eb7) lui     t4, 0x9bc59
core   0: 3 0x80000850 (0x9bc59eb7) x29 0x9bc59000
core   0: 0x80000854 (0x0242a833) mulhsu  a6, t0, tp
core   0: 3 0x80000854 (0x0242a833) x16 0x00000000
core   0: 0x80000858 (0x001c0c13) addi    s8, s8, 1
core   0: 3 0x80000858 (0x001c0c13) x24 0x00000004
core   0: 0x8000085c (0xfe2c16e3) bne     s8, sp, pc - 20
core   0: 3 0x8000085c (0xfe2c16e3)
core   0: 0x80000848 (0xaa934f93) xori    t6, t1, -1367
core   0: 3 0x80000848 (0xaa934f93) x31 0xfffffaa9
core   0: 0x8000084c (0xafaa2e93) slti    t4, s4, -1286
core   0: 3 0x8000084c (0xafaa2e93) x29 0x00000000
core   0: 0x80000850 (0x9bc59eb7) lui     t4, 0x9bc59
core   0: 3 0x80000850 (0x9bc59eb7) x29 0x9bc59000
core   0: 0x80000854 (0x0242a833) mulhsu  a6, t0, tp
core   0: 3 0x80000854 (0x0242a833) x16 0x00000000
core   0: 0x80000858 (0x001c0c13) addi    s8, s8, 1
core   0: 3 0x80000858 (0x001c0c13) x24 0x00000005
core   0: 0x8000085c (0xfe2c16e3) bne     s8, sp, pc - 20
core   0: 3 0x8000085c (0xfe2c16e3)
core   0: 0x80000848 (0xaa934f93) xori    t6, t1, -1367
core   0: 3 0x80000848 (0xaa934f93) x31 0xfffffaa9
core   0: 0x8000084c (0xafaa2e93) slti    t4, s4, -1286
core   0: 3 0x8000084c (0xafaa2e93) x29 0x00000000
core   0: 0x80000850 (0x9bc59eb7) lui     t4, 0x9bc59
core   0: 3 0x80000850 (0x9bc59eb7) x29 0x9bc59000
core   0: 0x80000854 (0x0242a833) mulhsu  a6, t0, tp
core   0: 3 0x80000854 (0x0242a833) x16 0x00000000
core   0: 0x80000858 (0x001c0c13) addi    s8, s8, 1
core   0: 3 0x80000858 (0x001c0c13) x24 0x00000006
core   0: 0x8000085c (0xfe2c16e3) bne     s8, sp, pc - 20
core   0: 3 0x8000085c (0xfe2c16e3)
core   0: 0x80000848 (0xaa934f93) xori    t6, t1, -1367
core   0: 3 0x80000848 (0xaa934f93) x31 0xfffffaa9
core   0: 0x8000084c (0xafaa2e93) slti    t4, s4, -1286
core   0: 3 0x8000084c (0xafaa2e93) x29 0x00000000
core   0: 0x80000850 (0x9bc59eb7) lui     t4, 0x9bc59
core   0: 3 0x80000850 (0x9bc59eb7) x29 0x9bc59000
core   0: 0x80000854 (0x0242a833) mulhsu  a6, t0, tp
core   0: 3 0x80000854 (0x0242a833) x16 0x00000000
core   0: 0x80000858 (0x001c0c13) addi    s8, s8, 1
core   0: 3 0x80000858 (0x001c0c13) x24 0x00000007
core   0: 0x8000085c (0xfe2c16e3) bne     s8, sp, pc - 20
core   0: 3 0x8000085c (0xfe2c16e3)
core   0: 0x80000848 (0xaa934f93) xori    t6, t1, -1367
core   0: 3 0x80000848 (0xaa934f93) x31 0xfffffaa9
core   0: 0x8000084c (0xafaa2e93) slti    t4, s4, -1286
core   0: 3 0x8000084c (0xafaa2e93) x29 0x00000000
core   0: 0x80000850 (0x9bc59eb7) lui     t4, 0x9bc59
core   0: 3 0x80000850 (0x9bc59eb7) x29 0x9bc59000
core   0: 0x80000854 (0x0242a833) mulhsu  a6, t0, tp
core   0: 3 0x80000854 (0x0242a833) x16 0x00000000
core   0: 0x80000858 (0x001c0c13) addi    s8, s8, 1
core   0: 3 0x80000858 (0x001c0c13) x24 0x00000008
core   0: 0x8000085c (0xfe2c16e3) bne     s8, sp, pc - 20
core   0: 3 0x8000085c (0xfe2c16e3)
core   0: 0x80000848 (0xaa934f93) xori    t6, t1, -1367
core   0: 3 0x80000848 (0xaa934f93) x31 0xfffffaa9
core   0: 0x8000084c (0xafaa2e93) slti    t4, s4, -1286
core   0: 3 0x8000084c (0xafaa2e93) x29 0x00000000
core   0: 0x80000850 (0x9bc59eb7) lui     t4, 0x9bc59
core   0: 3 0x80000850 (0x9bc59eb7) x29 0x9bc59000
core   0: 0x80000854 (0x0242a833) mulhsu  a6, t0, tp
core   0: 3 0x80000854 (0x0242a833) x16 0x00000000
core   0: 0x80000858 (0x001c0c13) addi    s8, s8, 1
core   0: 3 0x80000858 (0x001c0c13) x24 0x00000009
core   0: 0x8000085c (0xfe2c16e3) bne     s8, sp, pc - 20
core   0: 3 0x8000085c (0xfe2c16e3)
core   0: 0x80000848 (0xaa934f93) xori    t6, t1, -1367
core   0: 3 0x80000848 (0xaa934f93) x31 0xfffffaa9
core   0: 0x8000084c (0xafaa2e93) slti    t4, s4, -1286
core   0: 3 0x8000084c (0xafaa2e93) x29 0x00000000
core   0: 0x80000850 (0x9bc59eb7) lui     t4, 0x9bc59
core   0: 3 0x80000850 (0x9bc59eb7) x29 0x9bc59000
core   0: 0x80000854 (0x0242a833) mulhsu  a6, t0, tp
core   0: 3 0x80000854 (0x0242a833) x16 0x00000000
core   0: 0x80000858 (0x001c0c13) addi    s8, s8, 1
core   0: 3 0x80000858 (0x001c0c13) x24 0x0000000a
core   0: 0x8000085c (0xfe2c16e3) bne     s8, sp, pc - 20
core   0: 3 0x8000085c (0xfe2c16e3)
core   0: 0x80000848 (0xaa934f93) xori    t6, t1, -1367
core   0: 3 0x80000848 (0xaa934f93) x31 0xfffffaa9
core   0: 0x8000084c (0xafaa2e93) slti    t4, s4, -1286
core   0: 3 0x8000084c (0xafaa2e93) x29 0x00000000
core   0: 0x80000850 (0x9bc59eb7) lui     t4, 0x9bc59
core   0: 3 0x80000850 (0x9bc59eb7) x29 0x9bc59000
core   0: 0x80000854 (0x0242a833) mulhsu  a6, t0, tp
core   0: 3 0x80000854 (0x0242a833) x16 0x00000000
core   0: 0x80000858 (0x001c0c13) addi    s8, s8, 1
core   0: 3 0x80000858 (0x001c0c13) x24 0x0000000b
core   0: 0x8000085c (0xfe2c16e3) bne     s8, sp, pc - 20
core   0: 3 0x8000085c (0xfe2c16e3)
core   0: 0x80000848 (0xaa934f93) xori    t6, t1, -1367
core   0: 3 0x80000848 (0xaa934f93) x31 0xfffffaa9
core   0: 0x8000084c (0xafaa2e93) slti    t4, s4, -1286
core   0: 3 0x8000084c (0xafaa2e93) x29 0x00000000
core   0: 0x80000850 (0x9bc59eb7) lui     t4, 0x9bc59
core   0: 3 0x80000850 (0x9bc59eb7) x29 0x9bc59000
core   0: 0x80000854 (0x0242a833) mulhsu  a6, t0, tp
core   0: 3 0x80000854 (0x0242a833) x16 0x00000000
core   0: 0x80000858 (0x001c0c13) addi    s8, s8, 1
core   0: 3 0x80000858 (0x001c0c13) x24 0x0000000c
core   0: 0x8000085c (0xfe2c16e3) bne     s8, sp, pc - 20
core   0: 3 0x8000085c (0xfe2c16e3)
core   0: 0x80000848 (0xaa934f93) xori    t6, t1, -1367
core   0: 3 0x80000848 (0xaa934f93) x31 0xfffffaa9
core   0: 0x8000084c (0xafaa2e93) slti    t4, s4, -1286
core   0: 3 0x8000084c (0xafaa2e93) x29 0x00000000
core   0: 0x80000850 (0x9bc59eb7) lui     t4, 0x9bc59
core   0: 3 0x80000850 (0x9bc59eb7) x29 0x9bc59000
core   0: 0x80000854 (0x0242a833) mulhsu  a6, t0, tp
core   0: 3 0x80000854 (0x0242a833) x16 0x00000000
core   0: 0x80000858 (0x001c0c13) addi    s8, s8, 1
core   0: 3 0x80000858 (0x001c0c13) x24 0x0000000d
core   0: 0x8000085c (0xfe2c16e3) bne     s8, sp, pc - 20
core   0: 3 0x8000085c (0xfe2c16e3)
core   0: 0x80000848 (0xaa934f93) xori    t6, t1, -1367
core   0: 3 0x80000848 (0xaa934f93) x31 0xfffffaa9
core   0: 0x8000084c (0xafaa2e93) slti    t4, s4, -1286
core   0: 3 0x8000084c (0xafaa2e93) x29 0x00000000
core   0: 0x80000850 (0x9bc59eb7) lui     t4, 0x9bc59
core   0: 3 0x80000850 (0x9bc59eb7) x29 0x9bc59000
core   0: 0x80000854 (0x0242a833) mulhsu  a6, t0, tp
core   0: 3 0x80000854 (0x0242a833) x16 0x00000000
core   0: 0x80000858 (0x001c0c13) addi    s8, s8, 1
core   0: 3 0x80000858 (0x001c0c13) x24 0x0000000e
core   0: 0x8000085c (0xfe2c16e3) bne     s8, sp, pc - 20
core   0: 3 0x8000085c (0xfe2c16e3)
core   0: 0x80000848 (0xaa934f93) xori    t6, t1, -1367
core   0: 3 0x80000848 (0xaa934f93) x31 0xfffffaa9
core   0: 0x8000084c (0xafaa2e93) slti    t4, s4, -1286
core   0: 3 0x8000084c (0xafaa2e93) x29 0x00000000
core   0: 0x80000850 (0x9bc59eb7) lui     t4, 0x9bc59
core   0: 3 0x80000850 (0x9bc59eb7) x29 0x9bc59000
core   0: 0x80000854 (0x0242a833) mulhsu  a6, t0, tp
core   0: 3 0x80000854 (0x0242a833) x16 0x00000000
core   0: 0x80000858 (0x001c0c13) addi    s8, s8, 1
core   0: 3 0x80000858 (0x001c0c13) x24 0x0000000f
core   0: 0x8000085c (0xfe2c16e3) bne     s8, sp, pc - 20
core   0: 3 0x8000085c (0xfe2c16e3)
core   0: 0x80000848 (0xaa934f93) xori    t6, t1, -1367
core   0: 3 0x80000848 (0xaa934f93) x31 0xfffffaa9
core   0: 0x8000084c (0xafaa2e93) slti    t4, s4, -1286
core   0: 3 0x8000084c (0xafaa2e93) x29 0x00000000
core   0: 0x80000850 (0x9bc59eb7) lui     t4, 0x9bc59
core   0: 3 0x80000850 (0x9bc59eb7) x29 0x9bc59000
core   0: 0x80000854 (0x0242a833) mulhsu  a6, t0, tp
core   0: 3 0x80000854 (0x0242a833) x16 0x00000000
core   0: 0x80000858 (0x001c0c13) addi    s8, s8, 1
core   0: 3 0x80000858 (0x001c0c13) x24 0x00000010
core   0: 0x8000085c (0xfe2c16e3) bne     s8, sp, pc - 20
core   0: 3 0x8000085c (0xfe2c16e3)
core   0: 0x80000848 (0xaa934f93) xori    t6, t1, -1367
core   0: 3 0x80000848 (0xaa934f93) x31 0xfffffaa9
core   0: 0x8000084c (0xafaa2e93) slti    t4, s4, -1286
core   0: 3 0x8000084c (0xafaa2e93) x29 0x00000000
core   0: 0x80000850 (0x9bc59eb7) lui     t4, 0x9bc59
core   0: 3 0x80000850 (0x9bc59eb7) x29 0x9bc59000
core   0: 0x80000854 (0x0242a833) mulhsu  a6, t0, tp
core   0: 3 0x80000854 (0x0242a833) x16 0x00000000
core   0: 0x80000858 (0x001c0c13) addi    s8, s8, 1
core   0: 3 0x80000858 (0x001c0c13) x24 0x00000011
core   0: 0x8000085c (0xfe2c16e3) bne     s8, sp, pc - 20
core   0: 3 0x8000085c (0xfe2c16e3)
core   0: 0x80000860 (0x01a1bdb3) sltu    s11, gp, s10
core   0: 3 0x80000860 (0x01a1bdb3) x27 0x00000001
core   0: 0x80000864 (0xffb00513) li      a0, -5
core   0: 3 0x80000864 (0xffb00513) x10 0xfffffffb
core   0: 0x80000868 (0x3b45bd93) sltiu   s11, a1, 948
core   0: 3 0x80000868 (0x3b45bd93) x27 0x00000000
core   0: 0x8000086c (0x9da7f213) andi    tp, a5, -1574
core   0: 3 0x8000086c (0x9da7f213) x 4 0x80025840
core   0: 0x80000870 (0x00f13a33) sltu    s4, sp, a5
core   0: 3 0x80000870 (0x00f13a33) x20 0x00000001
core   0: 0x80000874 (0x027d2e33) mulhsu  t3, s10, t2
core   0: 3 0x80000874 (0x027d2e33) x28 0x00000000
core   0: 0x80000878 (0x998ea293) slti    t0, t4, -1640
core   0: 3 0x80000878 (0x998ea293) x 5 0x00000001
core   0: 0x8000087c (0x00100f93) li      t6, 1
core   0: 3 0x8000087c (0x00100f93) x31 0x00000001
core   0: 0x80000880 (0x401c8db3) sub     s11, s9, ra
core   0: 3 0x80000880 (0x401c8db3) x27 0x00000000
core   0: 0x80000884 (0x00000013) nop
core   0: 3 0x80000884 (0x00000013)
core   0: 0x80000888 (0x00850513) addi    a0, a0, 8
core   0: 3 0x80000888 (0x00850513) x10 0x00000003
core   0: 0x8000088c (0x00300613) li      a2, 3
core   0: 3 0x8000088c (0x00300613) x12 0x00000003
core   0: 0x80000890 (0xff100993) li      s3, -15
core   0: 3 0x80000890 (0xff100993) x19 0xfffffff1
core   0: 0x80000894 (0x035235b3) mulhu   a1, tp, s5
core   0: 3 0x80000894 (0x035235b3) x11 0x40027a98
core   0: 0x80000898 (0x01816233) or      tp, sp, s8
core   0: 3 0x80000898 (0x01816233) x 4 0x00000011
core   0: 0x8000089c (0x033f2e33) mulhsu  t3, t5, s3
core   0: 3 0x8000089c (0x033f2e33) x28 0x00000000
core   0: 0x800008a0 (0x02be1333) mulh    t1, t3, a1
core   0: 3 0x800008a0 (0x02be1333) x 6 0x00000000
core   0: 0x800008a4 (0x01fcfeb3) and     t4, s9, t6
core   0: 3 0x800008a4 (0x01fcfeb3) x29 0x00000000
core   0: 0x800008a8 (0x005b26b3) slt     a3, s6, t0
core   0: 3 0x800008a8 (0x005b26b3) x13 0x00000001
core   0: 0x800008ac (0x02cb23b3) mulhsu  t2, s6, a2
core   0: 3 0x800008ac (0x02cb23b3) x 7 0xffffffff
core   0: 0x800008b0 (0xfff60613) addi    a2, a2, -1
core   0: 3 0x800008b0 (0xfff60613) x12 0x00000002
core   0: 0x800008b4 (0x03e4cb33) div     s6, s1, t5
core   0: 3 0x800008b4 (0x03e4cb33) x22 0xffffffff
core   0: 0x800008b8 (0xff3604e3) beq     a2, s3, pc - 24
core   0: 3 0x800008b8 (0xff3604e3)
core   0: 0x800008bc (0xa754ba13) sltiu   s4, s1, -1419
core   0: 3 0x800008bc (0xa754ba13) x20 0x00000001
core   0: 0x800008c0 (0xfdf562e3) bltu    a0, t6, pc - 60
core   0: 3 0x800008c0 (0xfdf562e3)
core   0: 0x800008c4 (0x84f73693) sltiu   a3, a4, -1969
core   0: 3 0x800008c4 (0x84f73693) x13 0x00000001
core   0: 0x800008c8 (0x00a00593) li      a1, 10
core   0: 3 0x800008c8 (0x00a00593) x11 0x0000000a
core   0: 0x800008cc (0x00a00c13) li      s8, 10
core   0: 3 0x800008cc (0x00a00c13) x24 0x0000000a
core   0: 0x800008d0 (0x418a8db3) sub     s11, s5, s8
core   0: 3 0x800008d0 (0x418a8db3) x27 0x80029cda
core   0: 0x800008d4 (0x027021b3) mulhsu  gp, zero, t2
core   0: 3 0x800008d4 (0x027021b3) x 3 0x00000000
core   0: 0x800008d8 (0x03408333) mul     t1, ra, s4
core   0: 3 0x800008d8 (0x03408333) x 6 0x00000000
core   0: 0x800008dc (0x03f60433) mul     s0, a2, t6
core   0: 3 0x800008dc (0x03f60433) x 8 0x00000002
core   0: 0x800008e0 (0x01c40d33) add     s10, s0, t3
core   0: 3 0x800008e0 (0x01c40d33) x26 0x00000002
core   0: 0x800008e4 (0x03e0cbb3) div     s7, ra, t5
core   0: 3 0x800008e4 (0x03e0cbb3) x23 0xffffffff
core   0: 0x800008e8 (0xff758593) addi    a1, a1, -9
core   0: 3 0x800008e8 (0xff758593) x11 0x00000001
core   0: 0x800008ec (0x41635113) srai    sp, t1, 22
core   0: 3 0x800008ec (0x41635113) x 2 0x00000000
core   0: 0x800008f0 (0x30db0813) addi    a6, s6, 781
core   0: 3 0x800008f0 (0x30db0813) x16 0x0000030c
core   0: 0x800008f4 (0xde6f3b93) sltiu   s7, t5, -538
core   0: 3 0x800008f4 (0xde6f3b93) x23 0x00000001
core   0: 0x800008f8 (0x030874b3) remu    s1, a6, a6
core   0: 3 0x800008f8 (0x030874b3) x 9 0x00000000
core   0: 0x800008fc (0x881cafb7) lui     t6, 0x881ca
core   0: 3 0x800008fc (0x881cafb7) x31 0x881ca000
core   0: 0x80000900 (0xfd85fee3) bgeu    a1, s8, pc - 36
core   0: 3 0x80000900 (0xfd85fee3)
core   0: 0x80000904 (0x01b3d833) srl     a6, t2, s11
core   0: 3 0x80000904 (0x01b3d833) x16 0x0000003f
core   0: 0x80000908 (0xff800293) li      t0, -8
core   0: 3 0x80000908 (0xff800293) x 5 0xfffffff8
core   0: 0x8000090c (0xb5737e93) andi    t4, t1, -1193
core   0: 3 0x8000090c (0xb5737e93) x29 0x00000000
core   0: 0x80000910 (0x039f1233) mulh    tp, t5, s9
core   0: 3 0x80000910 (0x039f1233) x 4 0x00000000
core   0: 0x80000914 (0x2b03af93) slti    t6, t2, 688
core   0: 3 0x80000914 (0x2b03af93) x31 0x00000001
core   0: 0x80000918 (0x01f15d13) srli    s10, sp, 31
core   0: 3 0x80000918 (0x01f15d13) x26 0x00000000
core   0: 0x8000091c (0xffe00113) li      sp, -2
core   0: 3 0x8000091c (0xffe00113) x 2 0xfffffffe
core   0: 0x80000920 (0x40e4db93) srai    s7, s1, 14
core   0: 3 0x80000920 (0x40e4db93) x23 0x00000000
core   0: 0x80000924 (0x0391f9b3) remu    s3, gp, s9
core   0: 3 0x80000924 (0x0391f9b3) x19 0x00000000
core   0: 0x80000928 (0x4013d3b3) sra     t2, t2, ra
core   0: 3 0x80000928 (0x4013d3b3) x 7 0xffffffff
core   0: 0x8000092c (0x00128293) addi    t0, t0, 1
core   0: 3 0x8000092c (0x00128293) x 5 0xfffffff9
core   0: 0x80000930 (0x5847eb93) ori     s7, a5, 1412
core   0: 3 0x80000930 (0x5847eb93) x23 0x80025fe4
core   0: 0x80000934 (0x03912bb3) mulhsu  s7, sp, s9
core   0: 3 0x80000934 (0x03912bb3) x23 0x00000000
core   0: 0x80000938 (0x02856033) rem     zero, a0, s0
core   0: 3 0x80000938 (0x02856033)
core   0: 0x8000093c (0x01802d33) slt     s10, zero, s8
core   0: 3 0x8000093c (0x01802d33) x26 0x00000001
core   0: 0x80000940 (0xfe2292e3) bne     t0, sp, pc - 28
core   0: 3 0x80000940 (0xfe2292e3)
core   0: 0x80000924 (0x0391f9b3) remu    s3, gp, s9
core   0: 3 0x80000924 (0x0391f9b3) x19 0x00000000
core   0: 0x80000928 (0x4013d3b3) sra     t2, t2, ra
core   0: 3 0x80000928 (0x4013d3b3) x 7 0xffffffff
core   0: 0x8000092c (0x00128293) addi    t0, t0, 1
core   0: 3 0x8000092c (0x00128293) x 5 0xfffffffa
core   0: 0x80000930 (0x5847eb93) ori     s7, a5, 1412
core   0: 3 0x80000930 (0x5847eb93) x23 0x80025fe4
core   0: 0x80000934 (0x03912bb3) mulhsu  s7, sp, s9
core   0: 3 0x80000934 (0x03912bb3) x23 0x00000000
core   0: 0x80000938 (0x02856033) rem     zero, a0, s0
core   0: 3 0x80000938 (0x02856033)
core   0: 0x8000093c (0x01802d33) slt     s10, zero, s8
core   0: 3 0x8000093c (0x01802d33) x26 0x00000001
core   0: 0x80000940 (0xfe2292e3) bne     t0, sp, pc - 28
core   0: 3 0x80000940 (0xfe2292e3)
core   0: 0x80000924 (0x0391f9b3) remu    s3, gp, s9
core   0: 3 0x80000924 (0x0391f9b3) x19 0x00000000
core   0: 0x80000928 (0x4013d3b3) sra     t2, t2, ra
core   0: 3 0x80000928 (0x4013d3b3) x 7 0xffffffff
core   0: 0x8000092c (0x00128293) addi    t0, t0, 1
core   0: 3 0x8000092c (0x00128293) x 5 0xfffffffb
core   0: 0x80000930 (0x5847eb93) ori     s7, a5, 1412
core   0: 3 0x80000930 (0x5847eb93) x23 0x80025fe4
core   0: 0x80000934 (0x03912bb3) mulhsu  s7, sp, s9
core   0: 3 0x80000934 (0x03912bb3) x23 0x00000000
core   0: 0x80000938 (0x02856033) rem     zero, a0, s0
core   0: 3 0x80000938 (0x02856033)
core   0: 0x8000093c (0x01802d33) slt     s10, zero, s8
core   0: 3 0x8000093c (0x01802d33) x26 0x00000001
core   0: 0x80000940 (0xfe2292e3) bne     t0, sp, pc - 28
core   0: 3 0x80000940 (0xfe2292e3)
core   0: 0x80000924 (0x0391f9b3) remu    s3, gp, s9
core   0: 3 0x80000924 (0x0391f9b3) x19 0x00000000
core   0: 0x80000928 (0x4013d3b3) sra     t2, t2, ra
core   0: 3 0x80000928 (0x4013d3b3) x 7 0xffffffff
core   0: 0x8000092c (0x00128293) addi    t0, t0, 1
core   0: 3 0x8000092c (0x00128293) x 5 0xfffffffc
core   0: 0x80000930 (0x5847eb93) ori     s7, a5, 1412
core   0: 3 0x80000930 (0x5847eb93) x23 0x80025fe4
core   0: 0x80000934 (0x03912bb3) mulhsu  s7, sp, s9
core   0: 3 0x80000934 (0x03912bb3) x23 0x00000000
core   0: 0x80000938 (0x02856033) rem     zero, a0, s0
core   0: 3 0x80000938 (0x02856033)
core   0: 0x8000093c (0x01802d33) slt     s10, zero, s8
core   0: 3 0x8000093c (0x01802d33) x26 0x00000001
core   0: 0x80000940 (0xfe2292e3) bne     t0, sp, pc - 28
core   0: 3 0x80000940 (0xfe2292e3)
core   0: 0x80000924 (0x0391f9b3) remu    s3, gp, s9
core   0: 3 0x80000924 (0x0391f9b3) x19 0x00000000
core   0: 0x80000928 (0x4013d3b3) sra     t2, t2, ra
core   0: 3 0x80000928 (0x4013d3b3) x 7 0xffffffff
core   0: 0x8000092c (0x00128293) addi    t0, t0, 1
core   0: 3 0x8000092c (0x00128293) x 5 0xfffffffd
core   0: 0x80000930 (0x5847eb93) ori     s7, a5, 1412
core   0: 3 0x80000930 (0x5847eb93) x23 0x80025fe4
core   0: 0x80000934 (0x03912bb3) mulhsu  s7, sp, s9
core   0: 3 0x80000934 (0x03912bb3) x23 0x00000000
core   0: 0x80000938 (0x02856033) rem     zero, a0, s0
core   0: 3 0x80000938 (0x02856033)
core   0: 0x8000093c (0x01802d33) slt     s10, zero, s8
core   0: 3 0x8000093c (0x01802d33) x26 0x00000001
core   0: 0x80000940 (0xfe2292e3) bne     t0, sp, pc - 28
core   0: 3 0x80000940 (0xfe2292e3)
core   0: 0x80000924 (0x0391f9b3) remu    s3, gp, s9
core   0: 3 0x80000924 (0x0391f9b3) x19 0x00000000
core   0: 0x80000928 (0x4013d3b3) sra     t2, t2, ra
core   0: 3 0x80000928 (0x4013d3b3) x 7 0xffffffff
core   0: 0x8000092c (0x00128293) addi    t0, t0, 1
core   0: 3 0x8000092c (0x00128293) x 5 0xfffffffe
core   0: 0x80000930 (0x5847eb93) ori     s7, a5, 1412
core   0: 3 0x80000930 (0x5847eb93) x23 0x80025fe4
core   0: 0x80000934 (0x03912bb3) mulhsu  s7, sp, s9
core   0: 3 0x80000934 (0x03912bb3) x23 0x00000000
core   0: 0x80000938 (0x02856033) rem     zero, a0, s0
core   0: 3 0x80000938 (0x02856033)
core   0: 0x8000093c (0x01802d33) slt     s10, zero, s8
core   0: 3 0x8000093c (0x01802d33) x26 0x00000001
core   0: 0x80000940 (0xfe2292e3) bne     t0, sp, pc - 28
core   0: 3 0x80000940 (0xfe2292e3)
core   0: 0x80000944 (0x0186c033) xor     zero, a3, s8
core   0: 3 0x80000944 (0x0186c033)
core   0: 0x80000948 (0x00600913) li      s2, 6
core   0: 3 0x80000948 (0x00600913) x18 0x00000006
core   0: 0x8000094c (0x023e0233) mul     tp, t3, gp
core   0: 3 0x8000094c (0x023e0233) x 4 0x00000000
core   0: 0x80000950 (0x86ea4517) auipc   a0, 0x86ea4
core   0: 3 0x80000950 (0x86ea4517) x10 0x06ea4950
core   0: 0x80000954 (0x8c3f4b13) xori    s6, t5, -1853
core   0: 3 0x80000954 (0x8c3f4b13) x22 0xfffff8c3
core   0: 0x80000958 (0x0146de93) srli    t4, a3, 20
core   0: 3 0x80000958 (0x0146de93) x29 0x00000000
core   0: 0x8000095c (0x00f75593) srli    a1, a4, 15
core   0: 3 0x8000095c (0x00f75593) x11 0x00000000
core   0: 0x80000960 (0xead30113) addi    sp, t1, -339
core   0: 3 0x80000960 (0xead30113) x 2 0xfffffead
core   0: 0x80000964 (0x412ede33) sra     t3, t4, s2
core   0: 3 0x80000964 (0x412ede33) x28 0x00000000
core   0: 0x80000968 (0xa4ffb413) sltiu   s0, t6, -1457
core   0: 3 0x80000968 (0xa4ffb413) x 8 0x00000001
core   0: 0x8000096c (0x01000893) li      a7, 16
core   0: 3 0x8000096c (0x01000893) x17 0x00000010
core   0: 0x80000970 (0x01f22e33) slt     t3, tp, t6
core   0: 3 0x80000970 (0x01f22e33) x28 0x00000001
core   0: 0x80000974 (0x01d23bb3) sltu    s7, tp, t4
core   0: 3 0x80000974 (0x01d23bb3) x23 0x00000000
core   0: 0x80000978 (0x01db5013) srli    zero, s6, 29
core   0: 3 0x80000978 (0x01db5013)
core   0: 0x8000097c (0x4135dbb3) sra     s7, a1, s3
core   0: 3 0x8000097c (0x4135dbb3) x23 0x00000000
core   0: 0x80000980 (0x00aba2b3) slt     t0, s7, a0
core   0: 3 0x80000980 (0x00aba2b3) x 5 0x00000001
core   0: 0x80000984 (0x028f8d33) mul     s10, t6, s0
core   0: 3 0x80000984 (0x028f8d33) x26 0x00000001
core   0: 0x80000988 (0x41025bb3) sra     s7, tp, a6
core   0: 3 0x80000988 (0x41025bb3) x23 0x00000000
core   0: 0x8000098c (0x00290913) addi    s2, s2, 2
core   0: 3 0x8000098c (0x00290913) x18 0x00000008
core   0: 0x80000990 (0x0355ca33) div     s4, a1, s5
core   0: 3 0x80000990 (0x0355ca33) x20 0x00000000
core   0: 0x80000994 (0x02fde433) rem     s0, s11, a5
core   0: 3 0x80000994 (0x02fde433) x 8 0x80029cda
core   0: 0x80000998 (0x0312f1b3) remu    gp, t0, a7
core   0: 3 0x80000998 (0x0312f1b3) x 3 0x00000001
core   0: 0x8000099c (0x03a4f133) remu    sp, s1, s10
core   0: 3 0x8000099c (0x03a4f133) x 2 0x00000000
core   0: 0x800009a0 (0xff1962e3) bltu    s2, a7, pc - 28
core   0: 3 0x800009a0 (0xff1962e3)
core   0: 0x80000984 (0x028f8d33) mul     s10, t6, s0
core   0: 3 0x80000984 (0x028f8d33) x26 0x80029cda
core   0: 0x80000988 (0x41025bb3) sra     s7, tp, a6
core   0: 3 0x80000988 (0x41025bb3) x23 0x00000000
core   0: 0x8000098c (0x00290913) addi    s2, s2, 2
core   0: 3 0x8000098c (0x00290913) x18 0x0000000a
core   0: 0x80000990 (0x0355ca33) div     s4, a1, s5
core   0: 3 0x80000990 (0x0355ca33) x20 0x00000000
core   0: 0x80000994 (0x02fde433) rem     s0, s11, a5
core   0: 3 0x80000994 (0x02fde433) x 8 0x80029cda
core   0: 0x80000998 (0x0312f1b3) remu    gp, t0, a7
core   0: 3 0x80000998 (0x0312f1b3) x 3 0x00000001
core   0: 0x8000099c (0x03a4f133) remu    sp, s1, s10
core   0: 3 0x8000099c (0x03a4f133) x 2 0x00000000
core   0: 0x800009a0 (0xff1962e3) bltu    s2, a7, pc - 28
core   0: 3 0x800009a0 (0xff1962e3)
core   0: 0x80000984 (0x028f8d33) mul     s10, t6, s0
core   0: 3 0x80000984 (0x028f8d33) x26 0x80029cda
core   0: 0x80000988 (0x41025bb3) sra     s7, tp, a6
core   0: 3 0x80000988 (0x41025bb3) x23 0x00000000
core   0: 0x8000098c (0x00290913) addi    s2, s2, 2
core   0: 3 0x8000098c (0x00290913) x18 0x0000000c
core   0: 0x80000990 (0x0355ca33) div     s4, a1, s5
core   0: 3 0x80000990 (0x0355ca33) x20 0x00000000
core   0: 0x80000994 (0x02fde433) rem     s0, s11, a5
core   0: 3 0x80000994 (0x02fde433) x 8 0x80029cda
core   0: 0x80000998 (0x0312f1b3) remu    gp, t0, a7
core   0: 3 0x80000998 (0x0312f1b3) x 3 0x00000001
core   0: 0x8000099c (0x03a4f133) remu    sp, s1, s10
core   0: 3 0x8000099c (0x03a4f133) x 2 0x00000000
core   0: 0x800009a0 (0xff1962e3) bltu    s2, a7, pc - 28
core   0: 3 0x800009a0 (0xff1962e3)
core   0: 0x80000984 (0x028f8d33) mul     s10, t6, s0
core   0: 3 0x80000984 (0x028f8d33) x26 0x80029cda
core   0: 0x80000988 (0x41025bb3) sra     s7, tp, a6
core   0: 3 0x80000988 (0x41025bb3) x23 0x00000000
core   0: 0x8000098c (0x00290913) addi    s2, s2, 2
core   0: 3 0x8000098c (0x00290913) x18 0x0000000e
core   0: 0x80000990 (0x0355ca33) div     s4, a1, s5
core   0: 3 0x80000990 (0x0355ca33) x20 0x00000000
core   0: 0x80000994 (0x02fde433) rem     s0, s11, a5
core   0: 3 0x80000994 (0x02fde433) x 8 0x80029cda
core   0: 0x80000998 (0x0312f1b3) remu    gp, t0, a7
core   0: 3 0x80000998 (0x0312f1b3) x 3 0x00000001
core   0: 0x8000099c (0x03a4f133) remu    sp, s1, s10
core   0: 3 0x8000099c (0x03a4f133) x 2 0x00000000
core   0: 0x800009a0 (0xff1962e3) bltu    s2, a7, pc - 28
core   0: 3 0x800009a0 (0xff1962e3)
core   0: 0x80000984 (0x028f8d33) mul     s10, t6, s0
core   0: 3 0x80000984 (0x028f8d33) x26 0x80029cda
core   0: 0x80000988 (0x41025bb3) sra     s7, tp, a6
core   0: 3 0x80000988 (0x41025bb3) x23 0x00000000
core   0: 0x8000098c (0x00290913) addi    s2, s2, 2
core   0: 3 0x8000098c (0x00290913) x18 0x00000010
core   0: 0x80000990 (0x0355ca33) div     s4, a1, s5
core   0: 3 0x80000990 (0x0355ca33) x20 0x00000000
core   0: 0x80000994 (0x02fde433) rem     s0, s11, a5
core   0: 3 0x80000994 (0x02fde433) x 8 0x80029cda
core   0: 0x80000998 (0x0312f1b3) remu    gp, t0, a7
core   0: 3 0x80000998 (0x0312f1b3) x 3 0x00000001
core   0: 0x8000099c (0x03a4f133) remu    sp, s1, s10
core   0: 3 0x8000099c (0x03a4f133) x 2 0x00000000
core   0: 0x800009a0 (0xff1962e3) bltu    s2, a7, pc - 28
core   0: 3 0x800009a0 (0xff1962e3)
core   0: 0x800009a4 (0x033ba3b3) mulhsu  t2, s7, s3
core   0: 3 0x800009a4 (0x033ba3b3) x 7 0x00000000
core   0: 0x800009a8 (0xff700893) li      a7, -9
core   0: 3 0x800009a8 (0xff700893) x17 0xfffffff7
core   0: 0x800009ac (0xf0150213) addi    tp, a0, -255
core   0: 3 0x800009ac (0xf0150213) x 4 0x06ea4851
core   0: 0x800009b0 (0xdadb9917) auipc   s2, 0xdadb9
core   0: 3 0x800009b0 (0xdadb9917) x18 0x5adb99b0
core   0: 0x800009b4 (0x895f6693) ori     a3, t5, -1899
core   0: 3 0x800009b4 (0x895f6693) x13 0xfffff895
core   0: 0x800009b8 (0xa789a693) slti    a3, s3, -1416
core   0: 3 0x800009b8 (0xa789a693) x13 0x00000000
core   0: 0x800009bc (0x09ad7113) andi    sp, s10, 154
core   0: 3 0x800009bc (0x09ad7113) x 2 0x0000009a
core   0: 0x800009c0 (0x00e90433) add     s0, s2, a4
core   0: 3 0x800009c0 (0x00e90433) x 8 0x5adb99b7
core   0: 0x800009c4 (0x00000013) nop
core   0: 3 0x800009c4 (0x00000013)
core   0: 0x800009c8 (0x0bad2393) slti    t2, s10, 186
core   0: 3 0x800009c8 (0x0bad2393) x 7 0x00000001
core   0: 0x800009cc (0x019d5613) srli    a2, s10, 25
core   0: 3 0x800009cc (0x019d5613) x12 0x00000040
core   0: 0x800009d0 (0x41208cb3) sub     s9, ra, s2
core   0: 3 0x800009d0 (0x41208cb3) x25 0xa5246650
core   0: 0x800009d4 (0x409a8d33) sub     s10, s5, s1
core   0: 3 0x800009d4 (0x409a8d33) x26 0x80029ce4
core   0: 0x800009d8 (0x5f384293) xori    t0, a6, 1523
core   0: 3 0x800009d8 (0x5f384293) x 5 0x000005cc
core   0: 0x800009dc (0xfbc90693) addi    a3, s2, -68
core   0: 3 0x800009dc (0xfbc90693) x13 0x5adb996c
core   0: 0x800009e0 (0xff900193) li      gp, -7
core   0: 3 0x800009e0 (0xff900193) x 3 0xfffffff9
core   0: 0x800009e4 (0x02fed0b3) divu    ra, t4, a5
core   0: 3 0x800009e4 (0x02fed0b3) x 1 0x00000000
core   0: 0x800009e8 (0x51ee8617) auipc   a2, 0x51ee8
core   0: 3 0x800009e8 (0x51ee8617) x12 0xd1ee89e8
core   0: 0x800009ec (0x00188893) addi    a7, a7, 1
core   0: 3 0x800009ec (0x00188893) x17 0xfffffff8
core   0: 0x800009f0 (0x01b39113) slli    sp, t2, 27
core   0: 3 0x800009f0 (0x01b39113) x 2 0x08000000
core   0: 0x800009f4 (0xbdde4e13) xori    t3, t3, -1059
core   0: 3 0x800009f4 (0xbdde4e13) x28 0xfffffbdc
core   0: 0x800009f8 (0x01257a33) and     s4, a0, s2
core   0: 3 0x800009f8 (0x01257a33) x20 0x02ca0910
core   0: 0x800009fc (0x5ab80d13) addi    s10, a6, 1451
core   0: 3 0x800009fc (0x5ab80d13) x26 0x000005ea
core   0: 0x80000a00 (0x00cdf733) and     a4, s11, a2
core   0: 3 0x80000a00 (0x00cdf733) x14 0x800288c8
core   0: 0x80000a04 (0xd56a6993) ori     s3, s4, -682
core   0: 3 0x80000a04 (0xd56a6993) x19 0xfffffd56
core   0: 0x80000a08 (0x0028b933) sltu    s2, a7, sp
core   0: 3 0x80000a08 (0x0028b933) x18 0x00000000
core   0: 0x80000a0c (0x01c61b33) sll     s6, a2, t3
core   0: 3 0x80000a0c (0x01c61b33) x22 0x80000000
core   0: 0x80000a10 (0x41255d13) srai    s10, a0, 18
core   0: 3 0x80000a10 (0x41255d13) x26 0x000001ba
core   0: 0x80000a14 (0x00dd4a33) xor     s4, s10, a3
core   0: 3 0x80000a14 (0x00dd4a33) x20 0x5adb98d6
core   0: 0x80000a18 (0xfc38c6e3) blt     a7, gp, pc - 52
core   0: 3 0x80000a18 (0xfc38c6e3)
core   0: 0x800009e4 (0x02fed0b3) divu    ra, t4, a5
core   0: 3 0x800009e4 (0x02fed0b3) x 1 0x00000000
core   0: 0x800009e8 (0x51ee8617) auipc   a2, 0x51ee8
core   0: 3 0x800009e8 (0x51ee8617) x12 0xd1ee89e8
core   0: 0x800009ec (0x00188893) addi    a7, a7, 1
core   0: 3 0x800009ec (0x00188893) x17 0xfffffff9
core   0: 0x800009f0 (0x01b39113) slli    sp, t2, 27
core   0: 3 0x800009f0 (0x01b39113) x 2 0x08000000
core   0: 0x800009f4 (0xbdde4e13) xori    t3, t3, -1059
core   0: 3 0x800009f4 (0xbdde4e13) x28 0x00000001
core   0: 0x800009f8 (0x01257a33) and     s4, a0, s2
core   0: 3 0x800009f8 (0x01257a33) x20 0x00000000
core   0: 0x800009fc (0x5ab80d13) addi    s10, a6, 1451
core   0: 3 0x800009fc (0x5ab80d13) x26 0x000005ea
core   0: 0x80000a00 (0x00cdf733) and     a4, s11, a2
core   0: 3 0x80000a00 (0x00cdf733) x14 0x800288c8
core   0: 0x80000a04 (0xd56a6993) ori     s3, s4, -682
core   0: 3 0x80000a04 (0xd56a6993) x19 0xfffffd56
core   0: 0x80000a08 (0x0028b933) sltu    s2, a7, sp
core   0: 3 0x80000a08 (0x0028b933) x18 0x00000000
core   0: 0x80000a0c (0x01c61b33) sll     s6, a2, t3
core   0: 3 0x80000a0c (0x01c61b33) x22 0xa3dd13d0
core   0: 0x80000a10 (0x41255d13) srai    s10, a0, 18
core   0: 3 0x80000a10 (0x41255d13) x26 0x000001ba
core   0: 0x80000a14 (0x00dd4a33) xor     s4, s10, a3
core   0: 3 0x80000a14 (0x00dd4a33) x20 0x5adb98d6
core   0: 0x80000a18 (0xfc38c6e3) blt     a7, gp, pc - 52
core   0: 3 0x80000a18 (0xfc38c6e3)
core   0: 0x80000a1c (0x292eac93) slti    s9, t4, 658
core   0: 3 0x80000a1c (0x292eac93) x25 0x00000001
core   0: 0x80000a20 (0xffe00c93) li      s9, -2
core   0: 3 0x80000a20 (0xffe00c93) x25 0xfffffffe
core   0: 0x80000a24 (0x01326e33) or      t3, tp, s3
core   0: 3 0x80000a24 (0x01326e33) x28 0xfffffd57
core   0: 0x80000a28 (0x038142b3) div     t0, sp, s8
core   0: 3 0x80000a28 (0x038142b3) x 5 0x00cccccc
core   0: 0x80000a2c (0xff800693) li      a3, -8
core   0: 3 0x80000a2c (0xff800693) x13 0xfffffff8
core   0: 0x80000a30 (0x41c98db3) sub     s11, s3, t3
core   0: 3 0x80000a30 (0x41c98db3) x27 0xffffffff
core   0: 0x80000a34 (0x0234a433) mulhsu  s0, s1, gp
core   0: 3 0x80000a34 (0x0234a433) x 8 0x00000000
core   0: 0x80000a38 (0x00980e33) add     t3, a6, s1
core   0: 3 0x80000a38 (0x00980e33) x28 0x0000003f
core   0: 0x80000a3c (0xbb028e13) addi    t3, t0, -1104
core   0: 3 0x80000a3c (0xbb028e13) x28 0x00ccc87c
core   0: 0x80000a40 (0x01d1deb3) srl     t4, gp, t4
core   0: 3 0x80000a40 (0x01d1deb3) x29 0xfffffff9
core   0: 0x80000a44 (0x02ec8d33) mul     s10, s9, a4
core   0: 3 0x80000a44 (0x02ec8d33) x26 0xfffaee70
core   0: 0x80000a48 (0x00000013) nop
core   0: 3 0x80000a48 (0x00000013)
core   0: 0x80000a4c (0xffdc8c93) addi    s9, s9, -3
core   0: 3 0x80000a4c (0xffdc8c93) x25 0xfffffffb
core   0: 0x80000a50 (0x9767e813) ori     a6, a5, -1674
core   0: 3 0x80000a50 (0x9767e813) x16 0xffffff76
core   0: 0x80000a54 (0xe7cc2493) slti    s1, s8, -388
core   0: 3 0x80000a54 (0xe7cc2493) x 9 0x00000000
core   0: 0x80000a58 (0x00a52e33) slt     t3, a0, a0
core   0: 3 0x80000a58 (0x00a52e33) x28 0x00000000
core   0: 0x80000a5c (0x00700c13) li      s8, 7
core   0: 3 0x80000a5c (0x00700c13) x24 0x00000007
core   0: 0x80000a60 (0x3d18c293) xori    t0, a7, 977
core   0: 3 0x80000a60 (0x3d18c293) x 5 0xfffffc28
core   0: 0x80000a64 (0x00500593) li      a1, 5
core   0: 3 0x80000a64 (0x00500593) x11 0x00000005
core   0: 0x80000a68 (0x02b2b2b3) mulhu   t0, t0, a1
core   0: 3 0x80000a68 (0x02b2b2b3) x 5 0x00000004
core   0: 0x80000a6c (0x01da9093) slli    ra, s5, 29
core   0: 3 0x80000a6c (0x01da9093) x 1 0x80000000
core   0: 0x80000a70 (0x031a98b3) mulh    a7, s5, a7
core   0: 3 0x80000a70 (0x031a98b3) x17 0x00000003
core   0: 0x80000a74 (0x97d37493) andi    s1, t1, -1667
core   0: 3 0x80000a74 (0x97d37493) x 9 0x00000000
core   0: 0x80000a78 (0x002e41b3) xor     gp, t3, sp
core   0: 3 0x80000a78 (0x002e41b3) x 3 0x08000000
core   0: 0x80000a7c (0x41f6d413) srai    s0, a3, 31
core   0: 3 0x80000a7c (0x41f6d413) x 8 0xffffffff
core   0: 0x80000a80 (0xffdc0c13) addi    s8, s8, -3
core   0: 3 0x80000a80 (0xffdc0c13) x24 0x00000004
core   0: 0x80000a84 (0x03f142b3) div     t0, sp, t6
core   0: 3 0x80000a84 (0x03f142b3) x 5 0x08000000
core   0: 0x80000a88 (0x005eb9b3) sltu    s3, t4, t0
core   0: 3 0x80000a88 (0x005eb9b3) x19 0x00000000
core   0: 0x80000a8c (0x40775db3) sra     s11, a4, t2
core   0: 3 0x80000a8c (0x40775db3) x27 0xc0014464
core   0: 0x80000a90 (0xfcbc7ce3) bgeu    s8, a1, pc - 40
core   0: 3 0x80000a90 (0xfcbc7ce3)
core   0: 0x80000a94 (0x0083ad33) slt     s10, t2, s0
core   0: 3 0x80000a94 (0x0083ad33) x26 0x00000000
core   0: 0x80000a98 (0xe3d5c613) xori    a2, a1, -451
core   0: 3 0x80000a98 (0xe3d5c613) x12 0xfffffe38
core   0: 0x80000a9c (0xd4cbc397) auipc   t2, 0xd4cbc
core   0: 3 0x80000a9c (0xd4cbc397) x 7 0x54cbca9c
core   0: 0x80000aa0 (0x039beeb3) rem     t4, s7, s9
core   0: 3 0x80000aa0 (0x039beeb3) x29 0x00000000
core   0: 0x80000aa4 (0xf8dc98e3) bne     s9, a3, pc - 112
core   0: 3 0x80000aa4 (0xf8dc98e3)
core   0: 0x80000a34 (0x0234a433) mulhsu  s0, s1, gp
core   0: 3 0x80000a34 (0x0234a433) x 8 0x00000000
core   0: 0x80000a38 (0x00980e33) add     t3, a6, s1
core   0: 3 0x80000a38 (0x00980e33) x28 0xffffff76
core   0: 0x80000a3c (0xbb028e13) addi    t3, t0, -1104
core   0: 3 0x80000a3c (0xbb028e13) x28 0x07fffbb0
core   0: 0x80000a40 (0x01d1deb3) srl     t4, gp, t4
core   0: 3 0x80000a40 (0x01d1deb3) x29 0x08000000
core   0: 0x80000a44 (0x02ec8d33) mul     s10, s9, a4
core   0: 3 0x80000a44 (0x02ec8d33) x26 0x7ff35418
core   0: 0x80000a48 (0x00000013) nop
core   0: 3 0x80000a48 (0x00000013)
core   0: 0x80000a4c (0xffdc8c93) addi    s9, s9, -3
core   0: 3 0x80000a4c (0xffdc8c93) x25 0xfffffff8
core   0: 0x80000a50 (0x9767e813) ori     a6, a5, -1674
core   0: 3 0x80000a50 (0x9767e813) x16 0xffffff76
core   0: 0x80000a54 (0xe7cc2493) slti    s1, s8, -388
core   0: 3 0x80000a54 (0xe7cc2493) x 9 0x00000000
core   0: 0x80000a58 (0x00a52e33) slt     t3, a0, a0
core   0: 3 0x80000a58 (0x00a52e33) x28 0x00000000
core   0: 0x80000a5c (0x00700c13) li      s8, 7
core   0: 3 0x80000a5c (0x00700c13) x24 0x00000007
core   0: 0x80000a60 (0x3d18c293) xori    t0, a7, 977
core   0: 3 0x80000a60 (0x3d18c293) x 5 0x000003d2
core   0: 0x80000a64 (0x00500593) li      a1, 5
core   0: 3 0x80000a64 (0x00500593) x11 0x00000005
core   0: 0x80000a68 (0x02b2b2b3) mulhu   t0, t0, a1
core   0: 3 0x80000a68 (0x02b2b2b3) x 5 0x00000000
core   0: 0x80000a6c (0x01da9093) slli    ra, s5, 29
core   0: 3 0x80000a6c (0x01da9093) x 1 0x80000000
core   0: 0x80000a70 (0x031a98b3) mulh    a7, s5, a7
core   0: 3 0x80000a70 (0x031a98b3) x17 0xfffffffe
core   0: 0x80000a74 (0x97d37493) andi    s1, t1, -1667
core   0: 3 0x80000a74 (0x97d37493) x 9 0x00000000
core   0: 0x80000a78 (0x002e41b3) xor     gp, t3, sp
core   0: 3 0x80000a78 (0x002e41b3) x 3 0x08000000
core   0: 0x80000a7c (0x41f6d413) srai    s0, a3, 31
core   0: 3 0x80000a7c (0x41f6d413) x 8 0xffffffff
core   0: 0x80000a80 (0xffdc0c13) addi    s8, s8, -3
core   0: 3 0x80000a80 (0xffdc0c13) x24 0x00000004
core   0: 0x80000a84 (0x03f142b3) div     t0, sp, t6
core   0: 3 0x80000a84 (0x03f142b3) x 5 0x08000000
core   0: 0x80000a88 (0x005eb9b3) sltu    s3, t4, t0
core   0: 3 0x80000a88 (0x005eb9b3) x19 0x00000000
core   0: 0x80000a8c (0x40775db3) sra     s11, a4, t2
core   0: 3 0x80000a8c (0x40775db3) x27 0xfffffff8
core   0: 0x80000a90 (0xfcbc7ce3) bgeu    s8, a1, pc - 40
core   0: 3 0x80000a90 (0xfcbc7ce3)
core   0: 0x80000a94 (0x0083ad33) slt     s10, t2, s0
core   0: 3 0x80000a94 (0x0083ad33) x26 0x00000000
core   0: 0x80000a98 (0xe3d5c613) xori    a2, a1, -451
core   0: 3 0x80000a98 (0xe3d5c613) x12 0xfffffe38
core   0: 0x80000a9c (0xd4cbc397) auipc   t2, 0xd4cbc
core   0: 3 0x80000a9c (0xd4cbc397) x 7 0x54cbca9c
core   0: 0x80000aa0 (0x039beeb3) rem     t4, s7, s9
core   0: 3 0x80000aa0 (0x039beeb3) x29 0x00000000
core   0: 0x80000aa4 (0xf8dc98e3) bne     s9, a3, pc - 112
core   0: 3 0x80000aa4 (0xf8dc98e3)
core   0: 0x80000aa8 (0x01f0d893) srli    a7, ra, 31
core   0: 3 0x80000aa8 (0x01f0d893) x17 0x00000001
core   0: 0x80000aac (0x00700113) li      sp, 7
core   0: 3 0x80000aac (0x00700113) x 2 0x00000007
core   0: 0x80000ab0 (0x00df1013) slli    zero, t5, 13
core   0: 3 0x80000ab0 (0x00df1013)
core   0: 0x80000ab4 (0x03f68eb3) mul     t4, a3, t6
core   0: 3 0x80000ab4 (0x03f68eb3) x29 0xfffffff8
core   0: 0x80000ab8 (0x028464b3) rem     s1, s0, s0
core   0: 3 0x80000ab8 (0x028464b3) x 9 0x00000000
core   0: 0x80000abc (0x0334b433) mulhu   s0, s1, s3
core   0: 3 0x80000abc (0x0334b433) x 8 0x00000000
core   0: 0x80000ac0 (0xff500513) li      a0, -11
core   0: 3 0x80000ac0 (0xff500513) x10 0xfffffff5
core   0: 0x80000ac4 (0x60f3e913) ori     s2, t2, 1551
core   0: 3 0x80000ac4 (0x60f3e913) x18 0x54cbce9f
core   0: 0x80000ac8 (0x004938b3) sltu    a7, s2, tp
core   0: 3 0x80000ac8 (0x004938b3) x17 0x00000000
core   0: 0x80000acc (0x016e0633) add     a2, t3, s6
core   0: 3 0x80000acc (0x016e0633) x12 0xa3dd13d0
core   0: 0x80000ad0 (0x40590cb3) sub     s9, s2, t0
core   0: 3 0x80000ad0 (0x40590cb3) x25 0x4ccbce9f
core   0: 0x80000ad4 (0x018e58b3) srl     a7, t3, s8
core   0: 3 0x80000ad4 (0x018e58b3) x17 0x00000000
core   0: 0x80000ad8 (0xff710113) addi    sp, sp, -9
core   0: 3 0x80000ad8 (0xff710113) x 2 0xfffffffe
core   0: 0x80000adc (0x00600c13) li      s8, 6
core   0: 3 0x80000adc (0x00600c13) x24 0x00000006
core   0: 0x80000ae0 (0x019ded33) or      s10, s11, s9
core   0: 3 0x80000ae0 (0x019ded33) x26 0xffffffff
core   0: 0x80000ae4 (0x00b00e13) li      t3, 11
core   0: 3 0x80000ae4 (0x00b00e13) x28 0x0000000b
core   0: 0x80000ae8 (0x9b99b817) auipc   a6, 0x9b99b
core   0: 3 0x80000ae8 (0x9b99b817) x16 0x1b99bae8
core   0: 0x80000aec (0xe65e2093) slti    ra, t3, -411
core   0: 3 0x80000aec (0xe65e2093) x 1 0x00000000
core   0: 0x80000af0 (0xd148fd93) andi    s11, a7, -748
core   0: 3 0x80000af0 (0xd148fd93) x27 0x00000000
core   0: 0x80000af4 (0x57a1bf93) sltiu   t6, gp, 1402
core   0: 3 0x80000af4 (0x57a1bf93) x31 0x00000000
core   0: 0x80000af8 (0x00ac0c13) addi    s8, s8, 10
core   0: 3 0x80000af8 (0x00ac0c13) x24 0x00000010
core   0: 0x80000afc (0xbea7c313) xori    t1, a5, -1046
core   0: 3 0x80000afc (0xbea7c313) x 6 0x7ffda58e
core   0: 0x80000b00 (0xa2803813) sltiu   a6, zero, -1496
core   0: 3 0x80000b00 (0xa2803813) x16 0x00000001
core   0: 0x80000b04 (0xffcc64e3) bltu    s8, t3, pc - 24
core   0: 3 0x80000b04 (0xffcc64e3)
core   0: 0x80000b08 (0x037e6a33) rem     s4, t3, s7
core   0: 3 0x80000b08 (0x037e6a33) x20 0x0000000b
core   0: 0x80000b0c (0x02bbfbb3) remu    s7, s7, a1
core   0: 3 0x80000b0c (0x02bbfbb3) x23 0x00000000
core   0: 0x80000b10 (0xfca150e3) bge     sp, a0, pc - 64
core   0: 3 0x80000b10 (0xfca150e3)
core   0: 0x80000ad0 (0x40590cb3) sub     s9, s2, t0
core   0: 3 0x80000ad0 (0x40590cb3) x25 0x4ccbce9f
core   0: 0x80000ad4 (0x018e58b3) srl     a7, t3, s8
core   0: 3 0x80000ad4 (0x018e58b3) x17 0x00000000
core   0: 0x80000ad8 (0xff710113) addi    sp, sp, -9
core   0: 3 0x80000ad8 (0xff710113) x 2 0xfffffff5
core   0: 0x80000adc (0x00600c13) li      s8, 6
core   0: 3 0x80000adc (0x00600c13) x24 0x00000006
core   0: 0x80000ae0 (0x019ded33) or      s10, s11, s9
core   0: 3 0x80000ae0 (0x019ded33) x26 0x4ccbce9f
core   0: 0x80000ae4 (0x00b00e13) li      t3, 11
core   0: 3 0x80000ae4 (0x00b00e13) x28 0x0000000b
core   0: 0x80000ae8 (0x9b99b817) auipc   a6, 0x9b99b
core   0: 3 0x80000ae8 (0x9b99b817) x16 0x1b99bae8
core   0: 0x80000aec (0xe65e2093) slti    ra, t3, -411
core   0: 3 0x80000aec (0xe65e2093) x 1 0x00000000
core   0: 0x80000af0 (0xd148fd93) andi    s11, a7, -748
core   0: 3 0x80000af0 (0xd148fd93) x27 0x00000000
core   0: 0x80000af4 (0x57a1bf93) sltiu   t6, gp, 1402
core   0: 3 0x80000af4 (0x57a1bf93) x31 0x00000000
core   0: 0x80000af8 (0x00ac0c13) addi    s8, s8, 10
core   0: 3 0x80000af8 (0x00ac0c13) x24 0x00000010
core   0: 0x80000afc (0xbea7c313) xori    t1, a5, -1046
core   0: 3 0x80000afc (0xbea7c313) x 6 0x7ffda58e
core   0: 0x80000b00 (0xa2803813) sltiu   a6, zero, -1496
core   0: 3 0x80000b00 (0xa2803813) x16 0x00000001
core   0: 0x80000b04 (0xffcc64e3) bltu    s8, t3, pc - 24
core   0: 3 0x80000b04 (0xffcc64e3)
core   0: 0x80000b08 (0x037e6a33) rem     s4, t3, s7
core   0: 3 0x80000b08 (0x037e6a33) x20 0x0000000b
core   0: 0x80000b0c (0x02bbfbb3) remu    s7, s7, a1
core   0: 3 0x80000b0c (0x02bbfbb3) x23 0x00000000
core   0: 0x80000b10 (0xfca150e3) bge     sp, a0, pc - 64
core   0: 3 0x80000b10 (0xfca150e3)
core   0: 0x80000ad0 (0x40590cb3) sub     s9, s2, t0
core   0: 3 0x80000ad0 (0x40590cb3) x25 0x4ccbce9f
core   0: 0x80000ad4 (0x018e58b3) srl     a7, t3, s8
core   0: 3 0x80000ad4 (0x018e58b3) x17 0x00000000
core   0: 0x80000ad8 (0xff710113) addi    sp, sp, -9
core   0: 3 0x80000ad8 (0xff710113) x 2 0xffffffec
core   0: 0x80000adc (0x00600c13) li      s8, 6
core   0: 3 0x80000adc (0x00600c13) x24 0x00000006
core   0: 0x80000ae0 (0x019ded33) or      s10, s11, s9
core   0: 3 0x80000ae0 (0x019ded33) x26 0x4ccbce9f
core   0: 0x80000ae4 (0x00b00e13) li      t3, 11
core   0: 3 0x80000ae4 (0x00b00e13) x28 0x0000000b
core   0: 0x80000ae8 (0x9b99b817) auipc   a6, 0x9b99b
core   0: 3 0x80000ae8 (0x9b99b817) x16 0x1b99bae8
core   0: 0x80000aec (0xe65e2093) slti    ra, t3, -411
core   0: 3 0x80000aec (0xe65e2093) x 1 0x00000000
core   0: 0x80000af0 (0xd148fd93) andi    s11, a7, -748
core   0: 3 0x80000af0 (0xd148fd93) x27 0x00000000
core   0: 0x80000af4 (0x57a1bf93) sltiu   t6, gp, 1402
core   0: 3 0x80000af4 (0x57a1bf93) x31 0x00000000
core   0: 0x80000af8 (0x00ac0c13) addi    s8, s8, 10
core   0: 3 0x80000af8 (0x00ac0c13) x24 0x00000010
core   0: 0x80000afc (0xbea7c313) xori    t1, a5, -1046
core   0: 3 0x80000afc (0xbea7c313) x 6 0x7ffda58e
core   0: 0x80000b00 (0xa2803813) sltiu   a6, zero, -1496
core   0: 3 0x80000b00 (0xa2803813) x16 0x00000001
core   0: 0x80000b04 (0xffcc64e3) bltu    s8, t3, pc - 24
core   0: 3 0x80000b04 (0xffcc64e3)
core   0: 0x80000b08 (0x037e6a33) rem     s4, t3, s7
core   0: 3 0x80000b08 (0x037e6a33) x20 0x0000000b
core   0: 0x80000b0c (0x02bbfbb3) remu    s7, s7, a1
core   0: 3 0x80000b0c (0x02bbfbb3) x23 0x00000000
core   0: 0x80000b10 (0xfca150e3) bge     sp, a0, pc - 64
core   0: 3 0x80000b10 (0xfca150e3)
core   0: 0x80000b14 (0x0113d033) srl     zero, t2, a7
core   0: 3 0x80000b14 (0x0113d033)
core   0: 0x80000b18 (0xff800693) li      a3, -8
core   0: 3 0x80000b18 (0xff800693) x13 0xfffffff8
core   0: 0x80000b1c (0x00e1d413) srli    s0, gp, 14
core   0: 3 0x80000b1c (0x00e1d413) x 8 0x00002000
core   0: 0x80000b20 (0xa9003b93) sltiu   s7, zero, -1392
core   0: 3 0x80000b20 (0xa9003b93) x23 0x00000001
core   0: 0x80000b24 (0x03382cb3) mulhsu  s9, a6, s3
core   0: 3 0x80000b24 (0x03382cb3) x25 0x00000000
core   0: 0x80000b28 (0xff400b13) li      s6, -12
core   0: 3 0x80000b28 (0xff400b13) x22 0xfffffff4
core   0: 0x80000b2c (0x00e922b3) slt     t0, s2, a4
core   0: 3 0x80000b2c (0x00e922b3) x 5 0x00000000
core   0: 0x80000b30 (0x9b322613) slti    a2, tp, -1613
core   0: 3 0x80000b30 (0x9b322613) x12 0x00000000
core   0: 0x80000b34 (0x017b4a33) xor     s4, s6, s7
core   0: 3 0x80000b34 (0x017b4a33) x20 0xfffffff5
core   0: 0x80000b38 (0xff768693) addi    a3, a3, -9
core   0: 3 0x80000b38 (0xff768693) x13 0xffffffef
core   0: 0x80000b3c (0x11b0b313) sltiu   t1, ra, 283
core   0: 3 0x80000b3c (0x11b0b313) x 6 0x00000001
core   0: 0x80000b40 (0x00a00513) li      a0, 10
core   0: 3 0x80000b40 (0x00a00513) x10 0x0000000a
core   0: 0x80000b44 (0x0ac061b7) lui     gp, 0xac06
core   0: 3 0x80000b44 (0x0ac061b7) x 3 0x0ac06000
core   0: 0x80000b48 (0x00a00d13) li      s10, 10
core   0: 3 0x80000b48 (0x00a00d13) x26 0x0000000a
core   0: 0x80000b4c (0x03181db3) mulh    s11, a6, a7
core   0: 3 0x80000b4c (0x03181db3) x27 0x00000000
core   0: 0x80000b50 (0x5a557293) andi    t0, a0, 1445
core   0: 3 0x80000b50 (0x5a557293) x 5 0x00000000
core   0: 0x80000b54 (0x0382f933) remu    s2, t0, s8
core   0: 3 0x80000b54 (0x0382f933) x18 0x00000000
core   0: 0x80000b58 (0xff750513) addi    a0, a0, -9
core   0: 3 0x80000b58 (0xff750513) x10 0x00000001
core   0: 0x80000b5c (0xffa57ae3) bgeu    a0, s10, pc - 12
core   0: 3 0x80000b5c (0xffa57ae3)
core   0: 0x80000b60 (0x03272a33) mulhsu  s4, a4, s2
core   0: 3 0x80000b60 (0x03272a33) x20 0x00000000
core   0: 0x80000b64 (0x00ce13b3) sll     t2, t3, a2
core   0: 3 0x80000b64 (0x00ce13b3) x 7 0x0000000b
core   0: 0x80000b68 (0xfd66d6e3) bge     a3, s6, pc - 52
core   0: 3 0x80000b68 (0xfd66d6e3)
core   0: 0x80000b6c (0x03f22133) mulhsu  sp, tp, t6
core   0: 3 0x80000b6c (0x03f22133) x 2 0x00000000
core   0: 0x80000b70 (0x00300913) li      s2, 3
core   0: 3 0x80000b70 (0x00300913) x18 0x00000003
core   0: 0x80000b74 (0x40058133) sub     sp, a1, zero
core   0: 3 0x80000b74 (0x40058133) x 2 0x00000005
core   0: 0x80000b78 (0x6d153193) sltiu   gp, a0, 1745
core   0: 3 0x80000b78 (0x6d153193) x 3 0x00000001
core   0: 0x80000b7c (0x00e00413) li      s0, 14
core   0: 3 0x80000b7c (0x00e00413) x 8 0x0000000e
core   0: 0x80000b80 (0x02d65fb3) divu    t6, a2, a3
core   0: 3 0x80000b80 (0x02d65fb3) x31 0x00000000
core   0: 0x80000b84 (0x03cc13b3) mulh    t2, s8, t3
core   0: 3 0x80000b84 (0x03cc13b3) x 7 0x00000000
core   0: 0x80000b88 (0x019029b3) slt     s3, zero, s9
core   0: 3 0x80000b88 (0x019029b3) x19 0x00000000
core   0: 0x80000b8c (0x00190913) addi    s2, s2, 1
core   0: 3 0x80000b8c (0x00190913) x18 0x00000004
core   0: 0x80000b90 (0x00100093) li      ra, 1
core   0: 3 0x80000b90 (0x00100093) x 1 0x00000001
core   0: 0x80000b94 (0x0001ebb3) or      s7, gp, zero
core   0: 3 0x80000b94 (0x0001ebb3) x23 0x00000001
core   0: 0x80000b98 (0x00e00e13) li      t3, 14
core   0: 3 0x80000b98 (0x00e00e13) x28 0x0000000e
core   0: 0x80000b9c (0x019a2cb3) slt     s9, s4, s9
core   0: 3 0x80000b9c (0x019a2cb3) x25 0x00000000
core   0: 0x80000ba0 (0x41d95c93) srai    s9, s2, 29
core   0: 3 0x80000ba0 (0x41d95c93) x25 0x00000000
core   0: 0x80000ba4 (0xf1a5ab13) slti    s6, a1, -230
core   0: 3 0x80000ba4 (0xf1a5ab13) x22 0x00000000
core   0: 0x80000ba8 (0x40418233) sub     tp, gp, tp
core   0: 3 0x80000ba8 (0x40418233) x 4 0xf915b7b0
core   0: 0x80000bac (0x03895bb3) divu    s7, s2, s8
core   0: 3 0x80000bac (0x03895bb3) x23 0x00000000
core   0: 0x80000bb0 (0x006ad9b3) srl     s3, s5, t1
core   0: 3 0x80000bb0 (0x006ad9b3) x19 0x40014e72
core   0: 0x80000bb4 (0x00108093) addi    ra, ra, 1
core   0: 3 0x80000bb4 (0x00108093) x 1 0x00000002
core   0: 0x80000bb8 (0xffc086e3) beq     ra, t3, pc - 20
core   0: 3 0x80000bb8 (0xffc086e3)
core   0: 0x80000bbc (0x02643d33) mulhu   s10, s0, t1
core   0: 3 0x80000bbc (0x02643d33) x26 0x00000000
core   0: 0x80000bc0 (0xbae43d93) sltiu   s11, s0, -1106
core   0: 3 0x80000bc0 (0xbae43d93) x27 0x00000001
core   0: 0x80000bc4 (0x0374bcb3) mulhu   s9, s1, s7
core   0: 3 0x80000bc4 (0x0374bcb3) x25 0x00000000
core   0: 0x80000bc8 (0xfa890ee3) beq     s2, s0, pc - 68
core   0: 3 0x80000bc8 (0xfa890ee3)
core   0: 0x80000bcc (0x03fc59b3) divu    s3, s8, t6
core   0: 3 0x80000bcc (0x03fc59b3) x19 0xffffffff
core   0: 0x80000bd0 (0x00a00413) li      s0, 10
core   0: 3 0x80000bd0 (0x00a00413) x 8 0x0000000a
core   0: 0x80000bd4 (0x00a00913) li      s2, 10
core   0: 3 0x80000bd4 (0x00a00913) x18 0x0000000a
core   0: 0x80000bd8 (0x018fea33) or      s4, t6, s8
core   0: 3 0x80000bd8 (0x018fea33) x20 0x00000010
core   0: 0x80000bdc (0xff740413) addi    s0, s0, -9
core   0: 3 0x80000bdc (0xff740413) x 8 0x00000001
core   0: 0x80000be0 (0xffc00e13) li      t3, -4
core   0: 3 0x80000be0 (0xffc00e13) x28 0xfffffffc
core   0: 0x80000be4 (0x00400e93) li      t4, 4
core   0: 3 0x80000be4 (0x00400e93) x29 0x00000004
core   0: 0x80000be8 (0xa9605097) auipc   ra, 0xa9605
core   0: 3 0x80000be8 (0xa9605097) x 1 0x29605be8
core   0: 0x80000bec (0x008e0e13) addi    t3, t3, 8
core   0: 3 0x80000bec (0x008e0e13) x28 0x00000004
core   0: 0x80000bf0 (0xffde6ce3) bltu    t3, t4, pc - 8
core   0: 3 0x80000bf0 (0xffde6ce3)
core   0: 0x80000bf4 (0xff2472e3) bgeu    s0, s2, pc - 28
core   0: 3 0x80000bf4 (0xff2472e3)
core   0: 0x80000bf8 (0x01a77cb3) and     s9, a4, s10
core   0: 3 0x80000bf8 (0x01a77cb3) x25 0x00000000
core   0: 0x80000bfc (0x00a00893) li      a7, 10
core   0: 3 0x80000bfc (0x00a00893) x17 0x0000000a
core   0: 0x80000c00 (0x02218c33) mul     s8, gp, sp
core   0: 3 0x80000c00 (0x02218c33) x24 0x00000005
core   0: 0x80000c04 (0x021295b3) mulh    a1, t0, ra
core   0: 3 0x80000c04 (0x021295b3) x11 0x00000000
core   0: 0x80000c08 (0x02419a33) mulh    s4, gp, tp
core   0: 3 0x80000c08 (0x02419a33) x20 0xffffffff
core   0: 0x80000c0c (0x41a65b93) srai    s7, a2, 26
core   0: 3 0x80000c0c (0x41a65b93) x23 0x00000000
core   0: 0x80000c10 (0x00a00093) li      ra, 10
core   0: 3 0x80000c10 (0x00a00093) x 1 0x0000000a
core   0: 0x80000c14 (0x01d31833) sll     a6, t1, t4
core   0: 3 0x80000c14 (0x01d31833) x16 0x00000010
core   0: 0x80000c18 (0x023f6cb3) rem     s9, t5, gp
core   0: 3 0x80000c18 (0x023f6cb3) x25 0x00000000
core   0: 0x80000c1c (0x00ae22b3) slt     t0, t3, a0
core   0: 3 0x80000c1c (0x00ae22b3) x 5 0x00000000
core   0: 0x80000c20 (0x04fe2993) slti    s3, t3, 79
core   0: 3 0x80000c20 (0x04fe2993) x19 0x00000001
core   0: 0x80000c24 (0xe154a937) lui     s2, 0xe154a
core   0: 3 0x80000c24 (0xe154a937) x18 0xe154a000
core   0: 0x80000c28 (0x01ca1e33) sll     t3, s4, t3
core   0: 3 0x80000c28 (0x01ca1e33) x28 0xfffffff0
core   0: 0x80000c2c (0xff788893) addi    a7, a7, -9
core   0: 3 0x80000c2c (0xff788893) x17 0x00000001
core   0: 0x80000c30 (0x00300413) li      s0, 3
core   0: 3 0x80000c30 (0x00300413) x 8 0x00000003
core   0: 0x80000c34 (0xaa5ef2b7) lui     t0, 0xaa5ef
core   0: 3 0x80000c34 (0xaa5ef2b7) x 5 0xaa5ef000
core   0: 0x80000c38 (0xffa00493) li      s1, -6
core   0: 3 0x80000c38 (0xffa00493) x 9 0xfffffffa
core   0: 0x80000c3c (0x032da833) mulhsu  a6, s11, s2
core   0: 3 0x80000c3c (0x032da833) x16 0x00000000
core   0: 0x80000c40 (0x3d657037) lui     zero, 0x3d657
core   0: 3 0x80000c40 (0x3d657037)
core   0: 0x80000c44 (0x01aa3c33) sltu    s8, s4, s10
core   0: 3 0x80000c44 (0x01aa3c33) x24 0x00000000
core   0: 0x80000c48 (0xff640413) addi    s0, s0, -10
core   0: 3 0x80000c48 (0xff640413) x 8 0xfffffff9
core   0: 0x80000c4c (0x00000013) nop
core   0: 3 0x80000c4c (0x00000013)
core   0: 0x80000c50 (0xfe9456e3) bge     s0, s1, pc - 20
core   0: 3 0x80000c50 (0xfe9456e3)
core   0: 0x80000c54 (0x7aac2d93) slti    s11, s8, 1962
core   0: 3 0x80000c54 (0x7aac2d93) x27 0x00000001
core   0: 0x80000c58 (0xfc18f6e3) bgeu    a7, ra, pc - 52
core   0: 3 0x80000c58 (0xfc18f6e3)
core   0: 0x80000c5c (0x03f6f5b3) remu    a1, a3, t6
core   0: 3 0x80000c5c (0x03f6f5b3) x11 0xffffffef
core   0: 0x80000c60 (0xffc00513) li      a0, -4
core   0: 3 0x80000c60 (0xffc00513) x10 0xfffffffc
core   0: 0x80000c64 (0x00c00c93) li      s9, 12
core   0: 3 0x80000c64 (0x00c00c93) x25 0x0000000c
core   0: 0x80000c68 (0x01f3abb3) slt     s7, t2, t6
core   0: 3 0x80000c68 (0x01f3abb3) x23 0x00000000
core   0: 0x80000c6c (0x00b1b633) sltu    a2, gp, a1
core   0: 3 0x80000c6c (0x00b1b633) x12 0x00000001
core   0: 0x80000c70 (0x01282433) slt     s0, a6, s2
core   0: 3 0x80000c70 (0x01282433) x 8 0x00000000
core   0: 0x80000c74 (0x1bd18493) addi    s1, gp, 445
core   0: 3 0x80000c74 (0x1bd18493) x 9 0x000001be
core   0: 0x80000c78 (0x40540833) sub     a6, s0, t0
core   0: 3 0x80000c78 (0x40540833) x16 0x55a11000
core   0: 0x80000c7c (0x00250513) addi    a0, a0, 2
core   0: 3 0x80000c7c (0x00250513) x10 0xfffffffe
core   0: 0x80000c80 (0x014b3833) sltu    a6, s6, s4
core   0: 3 0x80000c80 (0x014b3833) x16 0x00000001
core   0: 0x80000c84 (0xfff00f93) li      t6, -1
core   0: 3 0x80000c84 (0xfff00f93) x31 0xffffffff
core   0: 0x80000c88 (0x015fd4b3) srl     s1, t6, s5
core   0: 3 0x80000c88 (0x015fd4b3) x 9 0x0fffffff
core   0: 0x80000c8c (0xff500713) li      a4, -11
core   0: 3 0x80000c8c (0xff500713) x14 0xfffffff5
core   0: 0x80000c90 (0x4faa8693) addi    a3, s5, 1274
core   0: 3 0x80000c90 (0x4faa8693) x13 0x8002a1de
core   0: 0x80000c94 (0x940ce593) ori     a1, s9, -1728
core   0: 3 0x80000c94 (0x940ce593) x11 0xfffff94c
core   0: 0x80000c98 (0x39e26a13) ori     s4, tp, 926
core   0: 3 0x80000c98 (0x39e26a13) x20 0xf915b7be
core   0: 0x80000c9c (0x00411993) slli    s3, sp, 4
core   0: 3 0x80000c9c (0x00411993) x19 0x00000050
core   0: 0x80000ca0 (0xff6f8f93) addi    t6, t6, -10
core   0: 3 0x80000ca0 (0xff6f8f93) x31 0xfffffff5
core   0: 0x80000ca4 (0x007b81b3) add     gp, s7, t2
core   0: 3 0x80000ca4 (0x007b81b3) x 3 0x00000000
core   0: 0x80000ca8 (0xfeef98e3) bne     t6, a4, pc - 16
core   0: 3 0x80000ca8 (0xfeef98e3)
core   0: 0x80000cac (0x00be1d13) slli    s10, t3, 11
core   0: 3 0x80000cac (0x00be1d13) x26 0xffff8000
core   0: 0x80000cb0 (0xfb950ce3) beq     a0, s9, pc - 72
core   0: 3 0x80000cb0 (0xfb950ce3)
core   0: 0x80000cb4 (0x40d288b3) sub     a7, t0, a3
core   0: 3 0x80000cb4 (0x40d288b3) x17 0x2a5c4e22
core   0: 0x80000cb8 (0x00600513) li      a0, 6
core   0: 3 0x80000cb8 (0x00600513) x10 0x00000006
core   0: 0x80000cbc (0xcd401cb7) lui     s9, 0xcd401
core   0: 3 0x80000cbc (0xcd401cb7) x25 0xcd401000
core   0: 0x80000cc0 (0x00100713) li      a4, 1
core   0: 3 0x80000cc0 (0x00100713) x14 0x00000001
core   0: 0x80000cc4 (0x40470033) sub     zero, a4, tp
core   0: 3 0x80000cc4 (0x40470033)
core   0: 0x80000cc8 (0x6e216bb7) lui     s7, 0x6e216
core   0: 3 0x80000cc8 (0x6e216bb7) x23 0x6e216000
core   0: 0x80000ccc (0x01685b13) srli    s6, a6, 22
core   0: 3 0x80000ccc (0x01685b13) x22 0x00000000
core   0: 0x80000cd0 (0xb797b593) sltiu   a1, a5, -1159
core   0: 3 0x80000cd0 (0xb797b593) x11 0x00000001
core   0: 0x80000cd4 (0x578293b7) lui     t2, 0x57829
core   0: 3 0x80000cd4 (0x578293b7) x 7 0x57829000
core   0: 0x80000cd8 (0x0192d813) srli    a6, t0, 25
core   0: 3 0x80000cd8 (0x0192d813) x16 0x00000055
core   0: 0x80000cdc (0x00000013) nop
core   0: 3 0x80000cdc (0x00000013)
core   0: 0x80000ce0 (0x8e83ad13) slti    s10, t2, -1816
core   0: 3 0x80000ce0 (0x8e83ad13) x26 0x00000000
core   0: 0x80000ce4 (0xffb50513) addi    a0, a0, -5
core   0: 3 0x80000ce4 (0xffb50513) x10 0x00000001
core   0: 0x80000ce8 (0x335ea1b7) lui     gp, 0x335ea
core   0: 3 0x80000ce8 (0x335ea1b7) x 3 0x335ea000
core   0: 0x80000cec (0x02b3bbb3) mulhu   s7, t2, a1
core   0: 3 0x80000cec (0x02b3bbb3) x23 0x00000000
core   0: 0x80000cf0 (0x00300613) li      a2, 3
core   0: 3 0x80000cf0 (0x00300613) x12 0x00000003
core   0: 0x80000cf4 (0x00fc5d13) srli    s10, s8, 15
core   0: 3 0x80000cf4 (0x00fc5d13) x26 0x00000000
core   0: 0x80000cf8 (0x00200913) li      s2, 2
core   0: 3 0x80000cf8 (0x00200913) x18 0x00000002
core   0: 0x80000cfc (0x030c2bb3) mulhsu  s7, s8, a6
core   0: 3 0x80000cfc (0x030c2bb3) x23 0x00000000
core   0: 0x80000d00 (0x416001b3) sub     gp, zero, s6
core   0: 3 0x80000d00 (0x416001b3) x 3 0x00000000
core   0: 0x80000d04 (0x0197dd33) srl     s10, a5, s9
core   0: 3 0x80000d04 (0x0197dd33) x26 0x80025e64
core   0: 0x80000d08 (0x031f1fb3) mulh    t6, t5, a7
core   0: 3 0x80000d08 (0x031f1fb3) x31 0x00000000
core   0: 0x80000d0c (0x02752b33) mulhsu  s6, a0, t2
core   0: 3 0x80000d0c (0x02752b33) x22 0x00000000
core   0: 0x80000d10 (0xfff60613) addi    a2, a2, -1
core   0: 3 0x80000d10 (0xfff60613) x12 0x00000002
core   0: 0x80000d14 (0xf6f50e13) addi    t3, a0, -145
core   0: 3 0x80000d14 (0xf6f50e13) x28 0xffffff70
core   0: 0x80000d18 (0x8e12ad17) auipc   s10, 0x8e12a
core   0: 3 0x80000d18 (0x8e12ad17) x26 0x0e12ad18
core   0: 0x80000d1c (0xff2672e3) bgeu    a2, s2, pc - 28
core   0: 3 0x80000d1c (0xff2672e3)
core   0: 0x80000d00 (0x416001b3) sub     gp, zero, s6
core   0: 3 0x80000d00 (0x416001b3) x 3 0x00000000
core   0: 0x80000d04 (0x0197dd33) srl     s10, a5, s9
core   0: 3 0x80000d04 (0x0197dd33) x26 0x80025e64
core   0: 0x80000d08 (0x031f1fb3) mulh    t6, t5, a7
core   0: 3 0x80000d08 (0x031f1fb3) x31 0x00000000
core   0: 0x80000d0c (0x02752b33) mulhsu  s6, a0, t2
core   0: 3 0x80000d0c (0x02752b33) x22 0x00000000
core   0: 0x80000d10 (0xfff60613) addi    a2, a2, -1
core   0: 3 0x80000d10 (0xfff60613) x12 0x00000001
core   0: 0x80000d14 (0xf6f50e13) addi    t3, a0, -145
core   0: 3 0x80000d14 (0xf6f50e13) x28 0xffffff70
core   0: 0x80000d18 (0x8e12ad17) auipc   s10, 0x8e12a
core   0: 3 0x80000d18 (0x8e12ad17) x26 0x0e12ad18
core   0: 0x80000d1c (0xff2672e3) bgeu    a2, s2, pc - 28
core   0: 3 0x80000d1c (0xff2672e3)
core   0: 0x80000d20 (0xe3124e97) auipc   t4, 0xe3124
core   0: 3 0x80000d20 (0xe3124e97) x29 0x63124d20
core   0: 0x80000d24 (0xa0c43f93) sltiu   t6, s0, -1524
core   0: 3 0x80000d24 (0xa0c43f93) x31 0x00000001
core   0: 0x80000d28 (0xeadcad13) slti    s10, s9, -339
core   0: 3 0x80000d28 (0xeadcad13) x26 0x00000001
core   0: 0x80000d2c (0x36b4ca13) xori    s4, s1, 875
core   0: 3 0x80000d2c (0x36b4ca13) x20 0x0ffffc94
core   0: 0x80000d30 (0xfae516e3) bne     a0, a4, pc - 84
core   0: 3 0x80000d30 (0xfae516e3)
core   0: 0x80000d34 (0x0c477593) andi    a1, a4, 196
core   0: 3 0x80000d34 (0x0c477593) x11 0x00000000
core   0: 0x80000d38 (0x00a00993) li      s3, 10
core   0: 3 0x80000d38 (0x00a00993) x19 0x0000000a
core   0: 0x80000d3c (0x01e93bb3) sltu    s7, s2, t5
core   0: 3 0x80000d3c (0x01e93bb3) x23 0x00000000
core   0: 0x80000d40 (0xf3027d13) andi    s10, tp, -208
core   0: 3 0x80000d40 (0xf3027d13) x26 0xf915b730
core   0: 0x80000d44 (0x032e0fb3) mul     t6, t3, s2
core   0: 3 0x80000d44 (0x032e0fb3) x31 0xfffffee0
core   0: 0x80000d48 (0x0321cc33) div     s8, gp, s2
core   0: 3 0x80000d48 (0x0321cc33) x24 0x00000000
core   0: 0x80000d4c (0x4089fe13) andi    t3, s3, 1032
core   0: 3 0x80000d4c (0x4089fe13) x28 0x00000008
core   0: 0x80000d50 (0x01100e93) li      t4, 17
core   0: 3 0x80000d50 (0x01100e93) x29 0x00000011
core   0: 0x80000d54 (0x02b40a33) mul     s4, s0, a1
core   0: 3 0x80000d54 (0x02b40a33) x20 0x00000000
core   0: 0x80000d58 (0x59157b93) andi    s7, a0, 1425
core   0: 3 0x80000d58 (0x59157b93) x23 0x00000001
core   0: 0x80000d5c (0x00b3dd33) srl     s10, t2, a1
core   0: 3 0x80000d5c (0x00b3dd33) x26 0x57829000
core   0: 0x80000d60 (0x00eb68b3) or      a7, s6, a4
core   0: 3 0x80000d60 (0x00eb68b3) x17 0x00000001
core   0: 0x80000d64 (0x01cb32b3) sltu    t0, s6, t3
core   0: 3 0x80000d64 (0x01cb32b3) x 5 0x00000001
core   0: 0x80000d68 (0x405d58b3) sra     a7, s10, t0
core   0: 3 0x80000d68 (0x405d58b3) x17 0x2bc14800
core   0: 0x80000d6c (0x00198993) addi    s3, s3, 1
core   0: 3 0x80000d6c (0x00198993) x19 0x0000000b
core   0: 0x80000d70 (0x026cb2b3) mulhu   t0, s9, t1
core   0: 3 0x80000d70 (0x026cb2b3) x 5 0x00000000
core   0: 0x80000d74 (0xb5472013) slti    zero, a4, -1196
core   0: 3 0x80000d74 (0xb5472013)
core   0: 0x80000d78 (0xffd990e3) bne     s3, t4, pc - 32
core   0: 3 0x80000d78 (0xffd990e3)
core   0: 0x80000d58 (0x59157b93) andi    s7, a0, 1425
core   0: 3 0x80000d58 (0x59157b93) x23 0x00000001
core   0: 0x80000d5c (0x00b3dd33) srl     s10, t2, a1
core   0: 3 0x80000d5c (0x00b3dd33) x26 0x57829000
core   0: 0x80000d60 (0x00eb68b3) or      a7, s6, a4
core   0: 3 0x80000d60 (0x00eb68b3) x17 0x00000001
core   0: 0x80000d64 (0x01cb32b3) sltu    t0, s6, t3
core   0: 3 0x80000d64 (0x01cb32b3) x 5 0x00000001
core   0: 0x80000d68 (0x405d58b3) sra     a7, s10, t0
core   0: 3 0x80000d68 (0x405d58b3) x17 0x2bc14800
core   0: 0x80000d6c (0x00198993) addi    s3, s3, 1
core   0: 3 0x80000d6c (0x00198993) x19 0x0000000c
core   0: 0x80000d70 (0x026cb2b3) mulhu   t0, s9, t1
core   0: 3 0x80000d70 (0x026cb2b3) x 5 0x00000000
core   0: 0x80000d74 (0xb5472013) slti    zero, a4, -1196
core   0: 3 0x80000d74 (0xb5472013)
core   0: 0x80000d78 (0xffd990e3) bne     s3, t4, pc - 32
core   0: 3 0x80000d78 (0xffd990e3)
core   0: 0x80000d58 (0x59157b93) andi    s7, a0, 1425
core   0: 3 0x80000d58 (0x59157b93) x23 0x00000001
core   0: 0x80000d5c (0x00b3dd33) srl     s10, t2, a1
core   0: 3 0x80000d5c (0x00b3dd33) x26 0x57829000
core   0: 0x80000d60 (0x00eb68b3) or      a7, s6, a4
core   0: 3 0x80000d60 (0x00eb68b3) x17 0x00000001
core   0: 0x80000d64 (0x01cb32b3) sltu    t0, s6, t3
core   0: 3 0x80000d64 (0x01cb32b3) x 5 0x00000001
core   0: 0x80000d68 (0x405d58b3) sra     a7, s10, t0
core   0: 3 0x80000d68 (0x405d58b3) x17 0x2bc14800
core   0: 0x80000d6c (0x00198993) addi    s3, s3, 1
core   0: 3 0x80000d6c (0x00198993) x19 0x0000000d
core   0: 0x80000d70 (0x026cb2b3) mulhu   t0, s9, t1
core   0: 3 0x80000d70 (0x026cb2b3) x 5 0x00000000
core   0: 0x80000d74 (0xb5472013) slti    zero, a4, -1196
core   0: 3 0x80000d74 (0xb5472013)
core   0: 0x80000d78 (0xffd990e3) bne     s3, t4, pc - 32
core   0: 3 0x80000d78 (0xffd990e3)
core   0: 0x80000d58 (0x59157b93) andi    s7, a0, 1425
core   0: 3 0x80000d58 (0x59157b93) x23 0x00000001
core   0: 0x80000d5c (0x00b3dd33) srl     s10, t2, a1
core   0: 3 0x80000d5c (0x00b3dd33) x26 0x57829000
core   0: 0x80000d60 (0x00eb68b3) or      a7, s6, a4
core   0: 3 0x80000d60 (0x00eb68b3) x17 0x00000001
core   0: 0x80000d64 (0x01cb32b3) sltu    t0, s6, t3
core   0: 3 0x80000d64 (0x01cb32b3) x 5 0x00000001
core   0: 0x80000d68 (0x405d58b3) sra     a7, s10, t0
core   0: 3 0x80000d68 (0x405d58b3) x17 0x2bc14800
core   0: 0x80000d6c (0x00198993) addi    s3, s3, 1
core   0: 3 0x80000d6c (0x00198993) x19 0x0000000e
core   0: 0x80000d70 (0x026cb2b3) mulhu   t0, s9, t1
core   0: 3 0x80000d70 (0x026cb2b3) x 5 0x00000000
core   0: 0x80000d74 (0xb5472013) slti    zero, a4, -1196
core   0: 3 0x80000d74 (0xb5472013)
core   0: 0x80000d78 (0xffd990e3) bne     s3, t4, pc - 32
core   0: 3 0x80000d78 (0xffd990e3)
core   0: 0x80000d58 (0x59157b93) andi    s7, a0, 1425
core   0: 3 0x80000d58 (0x59157b93) x23 0x00000001
core   0: 0x80000d5c (0x00b3dd33) srl     s10, t2, a1
core   0: 3 0x80000d5c (0x00b3dd33) x26 0x57829000
core   0: 0x80000d60 (0x00eb68b3) or      a7, s6, a4
core   0: 3 0x80000d60 (0x00eb68b3) x17 0x00000001
core   0: 0x80000d64 (0x01cb32b3) sltu    t0, s6, t3
core   0: 3 0x80000d64 (0x01cb32b3) x 5 0x00000001
core   0: 0x80000d68 (0x405d58b3) sra     a7, s10, t0
core   0: 3 0x80000d68 (0x405d58b3) x17 0x2bc14800
core   0: 0x80000d6c (0x00198993) addi    s3, s3, 1
core   0: 3 0x80000d6c (0x00198993) x19 0x0000000f
core   0: 0x80000d70 (0x026cb2b3) mulhu   t0, s9, t1
core   0: 3 0x80000d70 (0x026cb2b3) x 5 0x00000000
core   0: 0x80000d74 (0xb5472013) slti    zero, a4, -1196
core   0: 3 0x80000d74 (0xb5472013)
core   0: 0x80000d78 (0xffd990e3) bne     s3, t4, pc - 32
core   0: 3 0x80000d78 (0xffd990e3)
core   0: 0x80000d58 (0x59157b93) andi    s7, a0, 1425
core   0: 3 0x80000d58 (0x59157b93) x23 0x00000001
core   0: 0x80000d5c (0x00b3dd33) srl     s10, t2, a1
core   0: 3 0x80000d5c (0x00b3dd33) x26 0x57829000
core   0: 0x80000d60 (0x00eb68b3) or      a7, s6, a4
core   0: 3 0x80000d60 (0x00eb68b3) x17 0x00000001
core   0: 0x80000d64 (0x01cb32b3) sltu    t0, s6, t3
core   0: 3 0x80000d64 (0x01cb32b3) x 5 0x00000001
core   0: 0x80000d68 (0x405d58b3) sra     a7, s10, t0
core   0: 3 0x80000d68 (0x405d58b3) x17 0x2bc14800
core   0: 0x80000d6c (0x00198993) addi    s3, s3, 1
core   0: 3 0x80000d6c (0x00198993) x19 0x00000010
core   0: 0x80000d70 (0x026cb2b3) mulhu   t0, s9, t1
core   0: 3 0x80000d70 (0x026cb2b3) x 5 0x00000000
core   0: 0x80000d74 (0xb5472013) slti    zero, a4, -1196
core   0: 3 0x80000d74 (0xb5472013)
core   0: 0x80000d78 (0xffd990e3) bne     s3, t4, pc - 32
core   0: 3 0x80000d78 (0xffd990e3)
core   0: 0x80000d58 (0x59157b93) andi    s7, a0, 1425
core   0: 3 0x80000d58 (0x59157b93) x23 0x00000001
core   0: 0x80000d5c (0x00b3dd33) srl     s10, t2, a1
core   0: 3 0x80000d5c (0x00b3dd33) x26 0x57829000
core   0: 0x80000d60 (0x00eb68b3) or      a7, s6, a4
core   0: 3 0x80000d60 (0x00eb68b3) x17 0x00000001
core   0: 0x80000d64 (0x01cb32b3) sltu    t0, s6, t3
core   0: 3 0x80000d64 (0x01cb32b3) x 5 0x00000001
core   0: 0x80000d68 (0x405d58b3) sra     a7, s10, t0
core   0: 3 0x80000d68 (0x405d58b3) x17 0x2bc14800
core   0: 0x80000d6c (0x00198993) addi    s3, s3, 1
core   0: 3 0x80000d6c (0x00198993) x19 0x00000011
core   0: 0x80000d70 (0x026cb2b3) mulhu   t0, s9, t1
core   0: 3 0x80000d70 (0x026cb2b3) x 5 0x00000000
core   0: 0x80000d74 (0xb5472013) slti    zero, a4, -1196
core   0: 3 0x80000d74 (0xb5472013)
core   0: 0x80000d78 (0xffd990e3) bne     s3, t4, pc - 32
core   0: 3 0x80000d78 (0xffd990e3)
core   0: 0x80000d7c (0x010da0b3) slt     ra, s11, a6
core   0: 3 0x80000d7c (0x010da0b3) x 1 0x00000001
core   0: 0x80000d80 (0x00200213) li      tp, 2
core   0: 3 0x80000d80 (0x00200213) x 4 0x00000002
core   0: 0x80000d84 (0x0008b033) sltu    zero, a7, zero
core   0: 3 0x80000d84 (0x0008b033)
core   0: 0x80000d88 (0x41015313) srai    t1, sp, 16
core   0: 3 0x80000d88 (0x41015313) x 6 0x00000000
core   0: 0x80000d8c (0xff900813) li      a6, -7
core   0: 3 0x80000d8c (0xff900813) x16 0xfffffff9
core   0: 0x80000d90 (0x203cce93) xori    t4, s9, 515
core   0: 3 0x80000d90 (0x203cce93) x29 0xcd401203
core   0: 0x80000d94 (0x0039c5b3) xor     a1, s3, gp
core   0: 3 0x80000d94 (0x0039c5b3) x11 0x00000011
core   0: 0x80000d98 (0xffa20213) addi    tp, tp, -6
core   0: 3 0x80000d98 (0xffa20213) x 4 0xfffffffc
core   0: 0x80000d9c (0x8db44613) xori    a2, s0, -1829
core   0: 3 0x80000d9c (0x8db44613) x12 0xfffff8db
core   0: 0x80000da0 (0x023489b3) mul     s3, s1, gp
core   0: 3 0x80000da0 (0x023489b3) x19 0x00000000
core   0: 0x80000da4 (0x00900693) li      a3, 9
core   0: 3 0x80000da4 (0x00900693) x13 0x00000009
core   0: 0x80000da8 (0x03899c33) mulh    s8, s3, s8
core   0: 3 0x80000da8 (0x03899c33) x24 0x00000000
core   0: 0x80000dac (0x00400113) li      sp, 4
core   0: 3 0x80000dac (0x00400113) x 2 0x00000004
core   0: 0x80000db0 (0x00000013) nop
core   0: 3 0x80000db0 (0x00000013)
core   0: 0x80000db4 (0x03116033) rem     zero, sp, a7
core   0: 3 0x80000db4 (0x03116033)
core   0: 0x80000db8 (0x0351dc33) divu    s8, gp, s5
core   0: 3 0x80000db8 (0x0351dc33) x24 0x00000000
core   0: 0x80000dbc (0x6ddf7993) andi    s3, t5, 1757
core   0: 3 0x80000dbc (0x6ddf7993) x19 0x00000000
core   0: 0x80000dc0 (0x035f2cb3) mulhsu  s9, t5, s5
core   0: 3 0x80000dc0 (0x035f2cb3) x25 0x00000000
core   0: 0x80000dc4 (0x03a8a433) mulhsu  s0, a7, s10
core   0: 3 0x80000dc4 (0x03a8a433) x 8 0x0ef5003b
core   0: 0x80000dc8 (0x0cdfd537) lui     a0, 0xcdfd
core   0: 3 0x80000dc8 (0x0cdfd537) x10 0x0cdfd000
core   0: 0x80000dcc (0xffd68693) addi    a3, a3, -3
core   0: 3 0x80000dcc (0xffd68693) x13 0x00000006
core   0: 0x80000dd0 (0x7e48aa13) slti    s4, a7, 2020
core   0: 3 0x80000dd0 (0x7e48aa13) x20 0x00000000
core   0: 0x80000dd4 (0x56699097) auipc   ra, 0x56699
core   0: 3 0x80000dd4 (0x56699097) x 1 0xd6699dd4
core   0: 0x80000dd8 (0x03f24bb3) div     s7, tp, t6
core   0: 3 0x80000dd8 (0x03f24bb3) x23 0x00000000
core   0: 0x80000ddc (0xfe26f0e3) bgeu    a3, sp, pc - 32
core   0: 3 0x80000ddc (0xfe26f0e3)
core   0: 0x80000dbc (0x6ddf7993) andi    s3, t5, 1757
core   0: 3 0x80000dbc (0x6ddf7993) x19 0x00000000
core   0: 0x80000dc0 (0x035f2cb3) mulhsu  s9, t5, s5
core   0: 3 0x80000dc0 (0x035f2cb3) x25 0x00000000
core   0: 0x80000dc4 (0x03a8a433) mulhsu  s0, a7, s10
core   0: 3 0x80000dc4 (0x03a8a433) x 8 0x0ef5003b
core   0: 0x80000dc8 (0x0cdfd537) lui     a0, 0xcdfd
core   0: 3 0x80000dc8 (0x0cdfd537) x10 0x0cdfd000
core   0: 0x80000dcc (0xffd68693) addi    a3, a3, -3
core   0: 3 0x80000dcc (0xffd68693) x13 0x00000003
core   0: 0x80000dd0 (0x7e48aa13) slti    s4, a7, 2020
core   0: 3 0x80000dd0 (0x7e48aa13) x20 0x00000000
core   0: 0x80000dd4 (0x56699097) auipc   ra, 0x56699
core   0: 3 0x80000dd4 (0x56699097) x 1 0xd6699dd4
core   0: 0x80000dd8 (0x03f24bb3) div     s7, tp, t6
core   0: 3 0x80000dd8 (0x03f24bb3) x23 0x00000000
core   0: 0x80000ddc (0xfe26f0e3) bgeu    a3, sp, pc - 32
core   0: 3 0x80000ddc (0xfe26f0e3)
core   0: 0x80000de0 (0x00375013) srli    zero, a4, 3
core   0: 3 0x80000de0 (0x00375013)
core   0: 0x80000de4 (0x011ae5b3) or      a1, s5, a7
core   0: 3 0x80000de4 (0x011ae5b3) x11 0xabc3dce4
core   0: 0x80000de8 (0xfb0256e3) bge     tp, a6, pc - 84
core   0: 3 0x80000de8 (0xfb0256e3)
core   0: 0x80000d94 (0x0039c5b3) xor     a1, s3, gp
core   0: 3 0x80000d94 (0x0039c5b3) x11 0x00000000
core   0: 0x80000d98 (0xffa20213) addi    tp, tp, -6
core   0: 3 0x80000d98 (0xffa20213) x 4 0xfffffff6
core   0: 0x80000d9c (0x8db44613) xori    a2, s0, -1829
core   0: 3 0x80000d9c (0x8db44613) x12 0xf10af8e0
core   0: 0x80000da0 (0x023489b3) mul     s3, s1, gp
core   0: 3 0x80000da0 (0x023489b3) x19 0x00000000
core   0: 0x80000da4 (0x00900693) li      a3, 9
core   0: 3 0x80000da4 (0x00900693) x13 0x00000009
core   0: 0x80000da8 (0x03899c33) mulh    s8, s3, s8
core   0: 3 0x80000da8 (0x03899c33) x24 0x00000000
core   0: 0x80000dac (0x00400113) li      sp, 4
core   0: 3 0x80000dac (0x00400113) x 2 0x00000004
core   0: 0x80000db0 (0x00000013) nop
core   0: 3 0x80000db0 (0x00000013)
core   0: 0x80000db4 (0x03116033) rem     zero, sp, a7
core   0: 3 0x80000db4 (0x03116033)
core   0: 0x80000db8 (0x0351dc33) divu    s8, gp, s5
core   0: 3 0x80000db8 (0x0351dc33) x24 0x00000000
core   0: 0x80000dbc (0x6ddf7993) andi    s3, t5, 1757
core   0: 3 0x80000dbc (0x6ddf7993) x19 0x00000000
core   0: 0x80000dc0 (0x035f2cb3) mulhsu  s9, t5, s5
core   0: 3 0x80000dc0 (0x035f2cb3) x25 0x00000000
core   0: 0x80000dc4 (0x03a8a433) mulhsu  s0, a7, s10
core   0: 3 0x80000dc4 (0x03a8a433) x 8 0x0ef5003b
core   0: 0x80000dc8 (0x0cdfd537) lui     a0, 0xcdfd
core   0: 3 0x80000dc8 (0x0cdfd537) x10 0x0cdfd000
core   0: 0x80000dcc (0xffd68693) addi    a3, a3, -3
core   0: 3 0x80000dcc (0xffd68693) x13 0x00000006
core   0: 0x80000dd0 (0x7e48aa13) slti    s4, a7, 2020
core   0: 3 0x80000dd0 (0x7e48aa13) x20 0x00000000
core   0: 0x80000dd4 (0x56699097) auipc   ra, 0x56699
core   0: 3 0x80000dd4 (0x56699097) x 1 0xd6699dd4
core   0: 0x80000dd8 (0x03f24bb3) div     s7, tp, t6
core   0: 3 0x80000dd8 (0x03f24bb3) x23 0x00000000
core   0: 0x80000ddc (0xfe26f0e3) bgeu    a3, sp, pc - 32
core   0: 3 0x80000ddc (0xfe26f0e3)
core   0: 0x80000dbc (0x6ddf7993) andi    s3, t5, 1757
core   0: 3 0x80000dbc (0x6ddf7993) x19 0x00000000
core   0: 0x80000dc0 (0x035f2cb3) mulhsu  s9, t5, s5
core   0: 3 0x80000dc0 (0x035f2cb3) x25 0x00000000
core   0: 0x80000dc4 (0x03a8a433) mulhsu  s0, a7, s10
core   0: 3 0x80000dc4 (0x03a8a433) x 8 0x0ef5003b
core   0: 0x80000dc8 (0x0cdfd537) lui     a0, 0xcdfd
core   0: 3 0x80000dc8 (0x0cdfd537) x10 0x0cdfd000
core   0: 0x80000dcc (0xffd68693) addi    a3, a3, -3
core   0: 3 0x80000dcc (0xffd68693) x13 0x00000003
core   0: 0x80000dd0 (0x7e48aa13) slti    s4, a7, 2020
core   0: 3 0x80000dd0 (0x7e48aa13) x20 0x00000000
core   0: 0x80000dd4 (0x56699097) auipc   ra, 0x56699
core   0: 3 0x80000dd4 (0x56699097) x 1 0xd6699dd4
core   0: 0x80000dd8 (0x03f24bb3) div     s7, tp, t6
core   0: 3 0x80000dd8 (0x03f24bb3) x23 0x00000000
core   0: 0x80000ddc (0xfe26f0e3) bgeu    a3, sp, pc - 32
core   0: 3 0x80000ddc (0xfe26f0e3)
core   0: 0x80000de0 (0x00375013) srli    zero, a4, 3
core   0: 3 0x80000de0 (0x00375013)
core   0: 0x80000de4 (0x011ae5b3) or      a1, s5, a7
core   0: 3 0x80000de4 (0x011ae5b3) x11 0xabc3dce4
core   0: 0x80000de8 (0xfb0256e3) bge     tp, a6, pc - 84
core   0: 3 0x80000de8 (0xfb0256e3)
core   0: 0x80000dec (0xa06f6013) ori     zero, t5, -1530
core   0: 3 0x80000dec (0xa06f6013)
core   0: 0x80000df0 (0x00900413) li      s0, 9
core   0: 3 0x80000df0 (0x00900413) x 8 0x00000009
core   0: 0x80000df4 (0x01bc3033) sltu    zero, s8, s11
core   0: 3 0x80000df4 (0x01bc3033)
core   0: 0x80000df8 (0x027eccb3) div     s9, t4, t2
core   0: 3 0x80000df8 (0x027eccb3) x25 0x00000000
core   0: 0x80000dfc (0x8c5ef913) andi    s2, t4, -1851
core   0: 3 0x80000dfc (0x8c5ef913) x18 0xcd401001
core   0: 0x80000e00 (0xf0abbe13) sltiu   t3, s7, -246
core   0: 3 0x80000e00 (0xf0abbe13) x28 0x00000001
core   0: 0x80000e04 (0x0083d733) srl     a4, t2, s0
core   0: 3 0x80000e04 (0x0083d733) x14 0x002bc148
core   0: 0x80000e08 (0x00600513) li      a0, 6
core   0: 3 0x80000e08 (0x00600513) x10 0x00000006
core   0: 0x80000e0c (0x01a3d0b3) srl     ra, t2, s10
core   0: 3 0x80000e0c (0x01a3d0b3) x 1 0x57829000
core   0: 0x80000e10 (0x411e89b3) sub     s3, t4, a7
core   0: 3 0x80000e10 (0x411e89b3) x19 0xa17eca03
core   0: 0x80000e14 (0xffd40413) addi    s0, s0, -3
core   0: 3 0x80000e14 (0xffd40413) x 8 0x00000006
core   0: 0x80000e18 (0x039f3233) mulhu   tp, t5, s9
core   0: 3 0x80000e18 (0x039f3233) x 4 0x00000000
core   0: 0x80000e1c (0xff600613) li      a2, -10
core   0: 3 0x80000e1c (0xff600613) x12 0xfffffff6
core   0: 0x80000e20 (0x00300113) li      sp, 3
core   0: 3 0x80000e20 (0x00300113) x 2 0x00000003
core   0: 0x80000e24 (0x009fcd33) xor     s10, t6, s1
core   0: 3 0x80000e24 (0x009fcd33) x26 0xf000011f
core   0: 0x80000e28 (0x00000013) nop
core   0: 3 0x80000e28 (0x00000013)
core   0: 0x80000e2c (0x01b65c33) srl     s8, a2, s11
core   0: 3 0x80000e2c (0x01b65c33) x24 0x7ffffffb
core   0: 0x80000e30 (0xa1fbddb7) lui     s11, 0xa1fbd
core   0: 3 0x80000e30 (0xa1fbddb7) x27 0xa1fbd000
core   0: 0x80000e34 (0x01529fb3) sll     t6, t0, s5
core   0: 3 0x80000e34 (0x01529fb3) x31 0x00000000
core   0: 0x80000e38 (0x85cdc213) xori    tp, s11, -1956
core   0: 3 0x80000e38 (0x85cdc213) x 4 0x5e04285c
core   0: 0x80000e3c (0x948f7193) andi    gp, t5, -1720
core   0: 3 0x80000e3c (0x948f7193) x 3 0x00000000
core   0: 0x80000e40 (0x40b0d013) srai    zero, ra, 11
core   0: 3 0x80000e40 (0x40b0d013)
core   0: 0x80000e44 (0x000002b3) add     t0, zero, zero
core   0: 3 0x80000e44 (0x000002b3) x 5 0x00000000
core   0: 0x80000e48 (0x00160613) addi    a2, a2, 1
core   0: 3 0x80000e48 (0x00160613) x12 0xfffffff7
core   0: 0x80000e4c (0x41655313) srai    t1, a0, 22
core   0: 3 0x80000e4c (0x41655313) x 6 0x00000000
core   0: 0x80000e50 (0x006783b3) add     t2, a5, t1
core   0: 3 0x80000e50 (0x006783b3) x 7 0x80025e64
core   0: 0x80000e54 (0x036161b3) rem     gp, sp, s6
core   0: 3 0x80000e54 (0x036161b3) x 3 0x00000003
core   0: 0x80000e58 (0xfe2600e3) beq     a2, sp, pc - 32
core   0: 3 0x80000e58 (0xfe2600e3)
core   0: 0x80000e5c (0x0281a4b3) mulhsu  s1, gp, s0
core   0: 3 0x80000e5c (0x0281a4b3) x 9 0x00000000
core   0: 0x80000e60 (0xfaa458e3) bge     s0, a0, pc - 80
core   0: 3 0x80000e60 (0xfaa458e3)
core   0: 0x80000e10 (0x411e89b3) sub     s3, t4, a7
core   0: 3 0x80000e10 (0x411e89b3) x19 0xa17eca03
core   0: 0x80000e14 (0xffd40413) addi    s0, s0, -3
core   0: 3 0x80000e14 (0xffd40413) x 8 0x00000003
core   0: 0x80000e18 (0x039f3233) mulhu   tp, t5, s9
core   0: 3 0x80000e18 (0x039f3233) x 4 0x00000000
core   0: 0x80000e1c (0xff600613) li      a2, -10
core   0: 3 0x80000e1c (0xff600613) x12 0xfffffff6
core   0: 0x80000e20 (0x00300113) li      sp, 3
core   0: 3 0x80000e20 (0x00300113) x 2 0x00000003
core   0: 0x80000e24 (0x009fcd33) xor     s10, t6, s1
core   0: 3 0x80000e24 (0x009fcd33) x26 0x00000000
core   0: 0x80000e28 (0x00000013) nop
core   0: 3 0x80000e28 (0x00000013)
core   0: 0x80000e2c (0x01b65c33) srl     s8, a2, s11
core   0: 3 0x80000e2c (0x01b65c33) x24 0xfffffff6
core   0: 0x80000e30 (0xa1fbddb7) lui     s11, 0xa1fbd
core   0: 3 0x80000e30 (0xa1fbddb7) x27 0xa1fbd000
core   0: 0x80000e34 (0x01529fb3) sll     t6, t0, s5
core   0: 3 0x80000e34 (0x01529fb3) x31 0x00000000
core   0: 0x80000e38 (0x85cdc213) xori    tp, s11, -1956
core   0: 3 0x80000e38 (0x85cdc213) x 4 0x5e04285c
core   0: 0x80000e3c (0x948f7193) andi    gp, t5, -1720
core   0: 3 0x80000e3c (0x948f7193) x 3 0x00000000
core   0: 0x80000e40 (0x40b0d013) srai    zero, ra, 11
core   0: 3 0x80000e40 (0x40b0d013)
core   0: 0x80000e44 (0x000002b3) add     t0, zero, zero
core   0: 3 0x80000e44 (0x000002b3) x 5 0x00000000
core   0: 0x80000e48 (0x00160613) addi    a2, a2, 1
core   0: 3 0x80000e48 (0x00160613) x12 0xfffffff7
core   0: 0x80000e4c (0x41655313) srai    t1, a0, 22
core   0: 3 0x80000e4c (0x41655313) x 6 0x00000000
core   0: 0x80000e50 (0x006783b3) add     t2, a5, t1
core   0: 3 0x80000e50 (0x006783b3) x 7 0x80025e64
core   0: 0x80000e54 (0x036161b3) rem     gp, sp, s6
core   0: 3 0x80000e54 (0x036161b3) x 3 0x00000003
core   0: 0x80000e58 (0xfe2600e3) beq     a2, sp, pc - 32
core   0: 3 0x80000e58 (0xfe2600e3)
core   0: 0x80000e5c (0x0281a4b3) mulhsu  s1, gp, s0
core   0: 3 0x80000e5c (0x0281a4b3) x 9 0x00000000
core   0: 0x80000e60 (0xfaa458e3) bge     s0, a0, pc - 80
core   0: 3 0x80000e60 (0xfaa458e3)
core   0: 0x80000e64 (0x67d0e593) ori     a1, ra, 1661
core   0: 3 0x80000e64 (0x67d0e593) x11 0x5782967d
core   0: 0x80000e68 (0xffa00393) li      t2, -6
core   0: 3 0x80000e68 (0xffa00393) x 7 0xfffffffa
core   0: 0x80000e6c (0x41070033) sub     zero, a4, a6
core   0: 3 0x80000e6c (0x41070033)
core   0: 0x80000e70 (0xf498db17) auipc   s6, 0xf498d
core   0: 3 0x80000e70 (0xf498db17) x22 0x7498de70
core   0: 0x80000e74 (0xff200693) li      a3, -14
core   0: 3 0x80000e74 (0xff200693) x13 0xfffffff2
core   0: 0x80000e78 (0x00ad9e13) slli    t3, s11, 10
core   0: 3 0x80000e78 (0x00ad9e13) x28 0xef400000
core   0: 0x80000e7c (0x01292db3) slt     s11, s2, s2
core   0: 3 0x80000e7c (0x01292db3) x27 0x00000000
core   0: 0x80000e80 (0xff838393) addi    t2, t2, -8
core   0: 3 0x80000e80 (0xff838393) x 7 0xfffffff2
core   0: 0x80000e84 (0xe57a0613) addi    a2, s4, -425
core   0: 3 0x80000e84 (0xe57a0613) x12 0xfffffe57
core   0: 0x80000e88 (0x00ef1b33) sll     s6, t5, a4
core   0: 3 0x80000e88 (0x00ef1b33) x22 0x00000000
core   0: 0x80000e8c (0xffb00713) li      a4, -5
core   0: 3 0x80000e8c (0xffb00713) x14 0xfffffffb
core   0: 0x80000e90 (0x00600413) li      s0, 6
core   0: 3 0x80000e90 (0x00600413) x 8 0x00000006
core   0: 0x80000e94 (0xf3dc1917) auipc   s2, 0xf3dc1
core   0: 3 0x80000e94 (0xf3dc1917) x18 0x73dc1e94
core   0: 0x80000e98 (0x35080a13) addi    s4, a6, 848
core   0: 3 0x80000e98 (0x35080a13) x20 0x00000349
core   0: 0x80000e9c (0xd1557913) andi    s2, a0, -747
core   0: 3 0x80000e9c (0xd1557913) x18 0x00000004
core   0: 0x80000ea0 (0xf8c8e493) ori     s1, a7, -116
core   0: 3 0x80000ea0 (0xf8c8e493) x 9 0xffffff8c
core   0: 0x80000ea4 (0x00270713) addi    a4, a4, 2
core   0: 3 0x80000ea4 (0x00270713) x14 0xfffffffd
core   0: 0x80000ea8 (0xfe876ae3) bltu    a4, s0, pc - 12
core   0: 3 0x80000ea8 (0xfe876ae3)
core   0: 0x80000eac (0x00000013) nop
core   0: 3 0x80000eac (0x00000013)
core   0: 0x80000eb0 (0x177aed13) ori     s10, s5, 375
core   0: 3 0x80000eb0 (0x177aed13) x26 0x80029df7
core   0: 0x80000eb4 (0x018c5c33) srl     s8, s8, s8
core   0: 3 0x80000eb4 (0x018c5c33) x24 0x000003ff
core   0: 0x80000eb8 (0xfcd382e3) beq     t2, a3, pc - 60
core   0: 3 0x80000eb8 (0xfcd382e3)
core   0: 0x80000e7c (0x01292db3) slt     s11, s2, s2
core   0: 3 0x80000e7c (0x01292db3) x27 0x00000000
core   0: 0x80000e80 (0xff838393) addi    t2, t2, -8
core   0: 3 0x80000e80 (0xff838393) x 7 0xffffffea
core   0: 0x80000e84 (0xe57a0613) addi    a2, s4, -425
core   0: 3 0x80000e84 (0xe57a0613) x12 0x000001a0
core   0: 0x80000e88 (0x00ef1b33) sll     s6, t5, a4
core   0: 3 0x80000e88 (0x00ef1b33) x22 0x00000000
core   0: 0x80000e8c (0xffb00713) li      a4, -5
core   0: 3 0x80000e8c (0xffb00713) x14 0xfffffffb
core   0: 0x80000e90 (0x00600413) li      s0, 6
core   0: 3 0x80000e90 (0x00600413) x 8 0x00000006
core   0: 0x80000e94 (0xf3dc1917) auipc   s2, 0xf3dc1
core   0: 3 0x80000e94 (0xf3dc1917) x18 0x73dc1e94
core   0: 0x80000e98 (0x35080a13) addi    s4, a6, 848
core   0: 3 0x80000e98 (0x35080a13) x20 0x00000349
core   0: 0x80000e9c (0xd1557913) andi    s2, a0, -747
core   0: 3 0x80000e9c (0xd1557913) x18 0x00000004
core   0: 0x80000ea0 (0xf8c8e493) ori     s1, a7, -116
core   0: 3 0x80000ea0 (0xf8c8e493) x 9 0xffffff8c
core   0: 0x80000ea4 (0x00270713) addi    a4, a4, 2
core   0: 3 0x80000ea4 (0x00270713) x14 0xfffffffd
core   0: 0x80000ea8 (0xfe876ae3) bltu    a4, s0, pc - 12
core   0: 3 0x80000ea8 (0xfe876ae3)
core   0: 0x80000eac (0x00000013) nop
core   0: 3 0x80000eac (0x00000013)
core   0: 0x80000eb0 (0x177aed13) ori     s10, s5, 375
core   0: 3 0x80000eb0 (0x177aed13) x26 0x80029df7
core   0: 0x80000eb4 (0x018c5c33) srl     s8, s8, s8
core   0: 3 0x80000eb4 (0x018c5c33) x24 0x00000000
core   0: 0x80000eb8 (0xfcd382e3) beq     t2, a3, pc - 60
core   0: 3 0x80000eb8 (0xfcd382e3)
core   0: 0x80000ebc (0x6f172bb7) lui     s7, 0x6f172
core   0: 3 0x80000ebc (0x6f172bb7) x23 0x6f172000
core   0: 0x80000ec0 (0x00700693) li      a3, 7
core   0: 3 0x80000ec0 (0x00700693) x13 0x00000007
core   0: 0x80000ec4 (0x902b2713) slti    a4, s6, -1790
core   0: 3 0x80000ec4 (0x902b2713) x14 0x00000000
core   0: 0x80000ec8 (0x76f7ee13) ori     t3, a5, 1903
core   0: 3 0x80000ec8 (0x76f7ee13) x28 0x80025f6f
core   0: 0x80000ecc (0x01200b93) li      s7, 18
core   0: 3 0x80000ecc (0x01200b93) x23 0x00000012
core   0: 0x80000ed0 (0x00a34cb3) xor     s9, t1, a0
core   0: 3 0x80000ed0 (0x00a34cb3) x25 0x00000006
core   0: 0x80000ed4 (0x01d0c8b3) xor     a7, ra, t4
core   0: 3 0x80000ed4 (0x01d0c8b3) x17 0x9ac28203
core   0: 0x80000ed8 (0x80184613) xori    a2, a6, -2047
core   0: 3 0x80000ed8 (0x80184613) x12 0x000007f8
core   0: 0x80000edc (0x00a68693) addi    a3, a3, 10
core   0: 3 0x80000edc (0x00a68693) x13 0x00000011
core   0: 0x80000ee0 (0xff76cae3) blt     a3, s7, pc - 12
core   0: 3 0x80000ee0 (0xff76cae3)
core   0: 0x80000ed4 (0x01d0c8b3) xor     a7, ra, t4
core   0: 3 0x80000ed4 (0x01d0c8b3) x17 0x9ac28203
core   0: 0x80000ed8 (0x80184613) xori    a2, a6, -2047
core   0: 3 0x80000ed8 (0x80184613) x12 0x000007f8
core   0: 0x80000edc (0x00a68693) addi    a3, a3, 10
core   0: 3 0x80000edc (0x00a68693) x13 0x0000001b
core   0: 0x80000ee0 (0xff76cae3) blt     a3, s7, pc - 12
core   0: 3 0x80000ee0 (0xff76cae3)
core   0: 0x80000ee4 (0x031b71b3) remu    gp, s6, a7
core   0: 3 0x80000ee4 (0x031b71b3) x 3 0x00000000
core   0: 0x80000ee8 (0x00700e93) li      t4, 7
core   0: 3 0x80000ee8 (0x00700e93) x29 0x00000007
core   0: 0x80000eec (0x00bf3133) sltu    sp, t5, a1
core   0: 3 0x80000eec (0x00bf3133) x 2 0x00000001
core   0: 0x80000ef0 (0x021be5b3) rem     a1, s7, ra
core   0: 3 0x80000ef0 (0x021be5b3) x11 0x00000012
core   0: 0x80000ef4 (0x3d278c97) auipc   s9, 0x3d278
core   0: 3 0x80000ef4 (0x3d278c97) x25 0xbd278ef4
core   0: 0x80000ef8 (0x1c31b113) sltiu   sp, gp, 451
core   0: 3 0x80000ef8 (0x1c31b113) x 2 0x00000001
core   0: 0x80000efc (0xcf85ff93) andi    t6, a1, -776
core   0: 3 0x80000efc (0xcf85ff93) x31 0x00000010
core   0: 0x80000f00 (0x3b21a393) slti    t2, gp, 946
core   0: 3 0x80000f00 (0x3b21a393) x 7 0x00000001
core   0: 0x80000f04 (0x03ec5c33) divu    s8, s8, t5
core   0: 3 0x80000f04 (0x03ec5c33) x24 0xffffffff
core   0: 0x80000f08 (0x460bba13) sltiu   s4, s7, 1120
core   0: 3 0x80000f08 (0x460bba13) x20 0x00000001
core   0: 0x80000f0c (0x0213b033) mulhu   zero, t2, ra
core   0: 3 0x80000f0c (0x0213b033)
core   0: 0x80000f10 (0x00000413) li      s0, 0
core   0: 3 0x80000f10 (0x00000413) x 8 0x00000000
core   0: 0x80000f14 (0x400d0cb3) sub     s9, s10, zero
core   0: 3 0x80000f14 (0x400d0cb3) x25 0x80029df7
core   0: 0x80000f18 (0x03dd3233) mulhu   tp, s10, t4
core   0: 3 0x80000f18 (0x03dd3233) x 4 0x00000003
core   0: 0x80000f1c (0x00000013) nop
core   0: 3 0x80000f1c (0x00000013)
core   0: 0x80000f20 (0x02ba11b3) mulh    gp, s4, a1
core   0: 3 0x80000f20 (0x02ba11b3) x 3 0x00000000
core   0: 0x80000f24 (0x03069d33) mulh    s10, a3, a6
core   0: 3 0x80000f24 (0x03069d33) x26 0xffffffff
core   0: 0x80000f28 (0x9917ad93) slti    s11, a5, -1647
core   0: 3 0x80000f28 (0x9917ad93) x27 0x00000001
core   0: 0x80000f2c (0x028b91b3) mulh    gp, s7, s0
core   0: 3 0x80000f2c (0x028b91b3) x 3 0x00000000
core   0: 0x80000f30 (0x01a2a2b3) slt     t0, t0, s10
core   0: 3 0x80000f30 (0x01a2a2b3) x 5 0x00000000
core   0: 0x80000f34 (0xff9e8e93) addi    t4, t4, -7
core   0: 3 0x80000f34 (0xff9e8e93) x29 0x00000000
core   0: 0x80000f38 (0x012d9bb3) sll     s7, s11, s2
core   0: 3 0x80000f38 (0x012d9bb3) x23 0x00000010
core   0: 0x80000f3c (0x00e96833) or      a6, s2, a4
core   0: 3 0x80000f3c (0x00e96833) x16 0x00000004
core   0: 0x80000f40 (0x00059813) slli    a6, a1, 0
core   0: 3 0x80000f40 (0x00059813) x16 0x00000012
core   0: 0x80000f44 (0x00397333) and     t1, s2, gp
core   0: 3 0x80000f44 (0x00397333) x 6 0x00000000
core   0: 0x80000f48 (0x02b8e6b3) rem     a3, a7, a1
core   0: 3 0x80000f48 (0x02b8e6b3) x13 0xfffffffd
core   0: 0x80000f4c (0x416a6713) ori     a4, s4, 1046
core   0: 3 0x80000f4c (0x416a6713) x14 0x00000417
core   0: 0x80000f50 (0xfc8e8ee3) beq     t4, s0, pc - 36
core   0: 3 0x80000f50 (0xfc8e8ee3)
core   0: 0x80000f2c (0x028b91b3) mulh    gp, s7, s0
core   0: 3 0x80000f2c (0x028b91b3) x 3 0x00000000
core   0: 0x80000f30 (0x01a2a2b3) slt     t0, t0, s10
core   0: 3 0x80000f30 (0x01a2a2b3) x 5 0x00000000
core   0: 0x80000f34 (0xff9e8e93) addi    t4, t4, -7
core   0: 3 0x80000f34 (0xff9e8e93) x29 0xfffffff9
core   0: 0x80000f38 (0x012d9bb3) sll     s7, s11, s2
core   0: 3 0x80000f38 (0x012d9bb3) x23 0x00000010
core   0: 0x80000f3c (0x00e96833) or      a6, s2, a4
core   0: 3 0x80000f3c (0x00e96833) x16 0x00000417
core   0: 0x80000f40 (0x00059813) slli    a6, a1, 0
core   0: 3 0x80000f40 (0x00059813) x16 0x00000012
core   0: 0x80000f44 (0x00397333) and     t1, s2, gp
core   0: 3 0x80000f44 (0x00397333) x 6 0x00000000
core   0: 0x80000f48 (0x02b8e6b3) rem     a3, a7, a1
core   0: 3 0x80000f48 (0x02b8e6b3) x13 0xfffffffd
core   0: 0x80000f4c (0x416a6713) ori     a4, s4, 1046
core   0: 3 0x80000f4c (0x416a6713) x14 0x00000417
core   0: 0x80000f50 (0xfc8e8ee3) beq     t4, s0, pc - 36
core   0: 3 0x80000f50 (0xfc8e8ee3)
core   0: 0x80000f54 (0xa05e8093) addi    ra, t4, -1531
core   0: 3 0x80000f54 (0xa05e8093) x 1 0xfffff9fe
core   0: 0x80000f58 (0x00200113) li      sp, 2
core   0: 3 0x80000f58 (0x00200113) x 2 0x00000002
core   0: 0x80000f5c (0x00200e13) li      t3, 2
core   0: 3 0x80000f5c (0x00200e13) x28 0x00000002
core   0: 0x80000f60 (0x6b8c8293) addi    t0, s9, 1720
core   0: 3 0x80000f60 (0x6b8c8293) x 5 0x8002a4af
core   0: 0x80000f64 (0xffc10113) addi    sp, sp, -4
core   0: 3 0x80000f64 (0xffc10113) x 2 0xfffffffe
core   0: 0x80000f68 (0x00800213) li      tp, 8
core   0: 3 0x80000f68 (0x00800213) x 4 0x00000008
core   0: 0x80000f6c (0x00a00493) li      s1, 10
core   0: 3 0x80000f6c (0x00a00493) x 9 0x0000000a
core   0: 0x80000f70 (0x0225a933) mulhsu  s2, a1, sp
core   0: 3 0x80000f70 (0x0225a933) x18 0x00000011
core   0: 0x80000f74 (0x00120213) addi    tp, tp, 1
core   0: 3 0x80000f74 (0x00120213) x 4 0x00000009
core   0: 0x80000f78 (0xfe921ce3) bne     tp, s1, pc - 8
core   0: 3 0x80000f78 (0xfe921ce3)
core   0: 0x80000f70 (0x0225a933) mulhsu  s2, a1, sp
core   0: 3 0x80000f70 (0x0225a933) x18 0x00000011
core   0: 0x80000f74 (0x00120213) addi    tp, tp, 1
core   0: 3 0x80000f74 (0x00120213) x 4 0x0000000a
core   0: 0x80000f78 (0xfe921ce3) bne     tp, s1, pc - 8
core   0: 3 0x80000f78 (0xfe921ce3)
core   0: 0x80000f7c (0xffc152e3) bge     sp, t3, pc - 28
core   0: 3 0x80000f7c (0xffc152e3)
core   0: 0x80000f80 (0x36607f93) andi    t6, zero, 870
core   0: 3 0x80000f80 (0x36607f93) x31 0x00000000
core   0: 0x80000f84 (0xfff00113) li      sp, -1
core   0: 3 0x80000f84 (0xfff00113) x 2 0xffffffff
core   0: 0x80000f88 (0x59ce2593) slti    a1, t3, 1436
core   0: 3 0x80000f88 (0x59ce2593) x11 0x00000001
core   0: 0x80000f8c (0x3f9beb13) ori     s6, s7, 1017
core   0: 3 0x80000f8c (0x3f9beb13) x22 0x000003f9
core   0: 0x80000f90 (0x00000013) nop
core   0: 3 0x80000f90 (0x00000013)
core   0: 0x80000f94 (0x02dbc933) div     s2, s7, a3
core   0: 3 0x80000f94 (0x02dbc933) x18 0xfffffffb
core   0: 0x80000f98 (0x035d7bb3) remu    s7, s10, s5
core   0: 3 0x80000f98 (0x035d7bb3) x23 0x7ffd631b
core   0: 0x80000f9c (0x00100093) li      ra, 1
core   0: 3 0x80000f9c (0x00100093) x 1 0x00000001
core   0: 0x80000fa0 (0x01bd9433) sll     s0, s11, s11
core   0: 3 0x80000fa0 (0x01bd9433) x 8 0x00000002
core   0: 0x80000fa4 (0x0160e233) or      tp, ra, s6
core   0: 3 0x80000fa4 (0x0160e233) x 4 0x000003f9
core   0: 0x80000fa8 (0x40815733) sra     a4, sp, s0
core   0: 3 0x80000fa8 (0x40815733) x14 0xffffffff
core   0: 0x80000fac (0x022fa833) mulhsu  a6, t6, sp
core   0: 3 0x80000fac (0x022fa833) x16 0x00000000
core   0: 0x80000fb0 (0x00110113) addi    sp, sp, 1
core   0: 3 0x80000fb0 (0x00110113) x 2 0x00000000
core   0: 0x80000fb4 (0x02d12033) mulhsu  zero, sp, a3
core   0: 3 0x80000fb4 (0x02d12033)
core   0: 0x80000fb8 (0x03deba33) mulhu   s4, t4, t4
core   0: 3 0x80000fb8 (0x03deba33) x20 0xfffffff2
core   0: 0x80000fbc (0x00400613) li      a2, 4
core   0: 3 0x80000fbc (0x00400613) x12 0x00000004
core   0: 0x80000fc0 (0x03d152b3) divu    t0, sp, t4
core   0: 3 0x80000fc0 (0x03d152b3) x 5 0x00000000
core   0: 0x80000fc4 (0x24e9c993) xori    s3, s3, 590
core   0: 3 0x80000fc4 (0x24e9c993) x19 0xa17ec84d
core   0: 0x80000fc8 (0xff700e13) li      t3, -9
core   0: 3 0x80000fc8 (0xff700e13) x28 0xfffffff7
core   0: 0x80000fcc (0x0250d6b3) divu    a3, ra, t0
core   0: 3 0x80000fcc (0x0250d6b3) x13 0xffffffff
core   0: 0x80000fd0 (0xffe60613) addi    a2, a2, -2
core   0: 3 0x80000fd0 (0xffe60613) x12 0x00000002
core   0: 0x80000fd4 (0x0081c5b3) xor     a1, gp, s0
core   0: 3 0x80000fd4 (0x0081c5b3) x11 0x00000002
core   0: 0x80000fd8 (0xffc65ae3) bge     a2, t3, pc - 12
core   0: 3 0x80000fd8 (0xffc65ae3)
core   0: 0x80000fcc (0x0250d6b3) divu    a3, ra, t0
core   0: 3 0x80000fcc (0x0250d6b3) x13 0xffffffff
core   0: 0x80000fd0 (0xffe60613) addi    a2, a2, -2
core   0: 3 0x80000fd0 (0xffe60613) x12 0x00000000
core   0: 0x80000fd4 (0x0081c5b3) xor     a1, gp, s0
core   0: 3 0x80000fd4 (0x0081c5b3) x11 0x00000002
core   0: 0x80000fd8 (0xffc65ae3) bge     a2, t3, pc - 12
core   0: 3 0x80000fd8 (0xffc65ae3)
core   0: 0x80000fcc (0x0250d6b3) divu    a3, ra, t0
core   0: 3 0x80000fcc (0x0250d6b3) x13 0xffffffff
core   0: 0x80000fd0 (0xffe60613) addi    a2, a2, -2
core   0: 3 0x80000fd0 (0xffe60613) x12 0xfffffffe
core   0: 0x80000fd4 (0x0081c5b3) xor     a1, gp, s0
core   0: 3 0x80000fd4 (0x0081c5b3) x11 0x00000002
core   0: 0x80000fd8 (0xffc65ae3) bge     a2, t3, pc - 12
core   0: 3 0x80000fd8 (0xffc65ae3)
core   0: 0x80000fcc (0x0250d6b3) divu    a3, ra, t0
core   0: 3 0x80000fcc (0x0250d6b3) x13 0xffffffff
core   0: 0x80000fd0 (0xffe60613) addi    a2, a2, -2
core   0: 3 0x80000fd0 (0xffe60613) x12 0xfffffffc
core   0: 0x80000fd4 (0x0081c5b3) xor     a1, gp, s0
core   0: 3 0x80000fd4 (0x0081c5b3) x11 0x00000002
core   0: 0x80000fd8 (0xffc65ae3) bge     a2, t3, pc - 12
core   0: 3 0x80000fd8 (0xffc65ae3)
core   0: 0x80000fcc (0x0250d6b3) divu    a3, ra, t0
core   0: 3 0x80000fcc (0x0250d6b3) x13 0xffffffff
core   0: 0x80000fd0 (0xffe60613) addi    a2, a2, -2
core   0: 3 0x80000fd0 (0xffe60613) x12 0xfffffffa
core   0: 0x80000fd4 (0x0081c5b3) xor     a1, gp, s0
core   0: 3 0x80000fd4 (0x0081c5b3) x11 0x00000002
core   0: 0x80000fd8 (0xffc65ae3) bge     a2, t3, pc - 12
core   0: 3 0x80000fd8 (0xffc65ae3)
core   0: 0x80000fcc (0x0250d6b3) divu    a3, ra, t0
core   0: 3 0x80000fcc (0x0250d6b3) x13 0xffffffff
core   0: 0x80000fd0 (0xffe60613) addi    a2, a2, -2
core   0: 3 0x80000fd0 (0xffe60613) x12 0xfffffff8
core   0: 0x80000fd4 (0x0081c5b3) xor     a1, gp, s0
core   0: 3 0x80000fd4 (0x0081c5b3) x11 0x00000002
core   0: 0x80000fd8 (0xffc65ae3) bge     a2, t3, pc - 12
core   0: 3 0x80000fd8 (0xffc65ae3)
core   0: 0x80000fcc (0x0250d6b3) divu    a3, ra, t0
core   0: 3 0x80000fcc (0x0250d6b3) x13 0xffffffff
core   0: 0x80000fd0 (0xffe60613) addi    a2, a2, -2
core   0: 3 0x80000fd0 (0xffe60613) x12 0xfffffff6
core   0: 0x80000fd4 (0x0081c5b3) xor     a1, gp, s0
core   0: 3 0x80000fd4 (0x0081c5b3) x11 0x00000002
core   0: 0x80000fd8 (0xffc65ae3) bge     a2, t3, pc - 12
core   0: 3 0x80000fd8 (0xffc65ae3)
core   0: 0x80000fdc (0x11773c93) sltiu   s9, a4, 279
core   0: 3 0x80000fdc (0x11773c93) x25 0x00000000
core   0: 0x80000fe0 (0xfc1112e3) bne     sp, ra, pc - 60
core   0: 3 0x80000fe0 (0xfc1112e3)
core   0: 0x80000fa4 (0x0160e233) or      tp, ra, s6
core   0: 3 0x80000fa4 (0x0160e233) x 4 0x000003f9
core   0: 0x80000fa8 (0x40815733) sra     a4, sp, s0
core   0: 3 0x80000fa8 (0x40815733) x14 0x00000000
core   0: 0x80000fac (0x022fa833) mulhsu  a6, t6, sp
core   0: 3 0x80000fac (0x022fa833) x16 0x00000000
core   0: 0x80000fb0 (0x00110113) addi    sp, sp, 1
core   0: 3 0x80000fb0 (0x00110113) x 2 0x00000001
core   0: 0x80000fb4 (0x02d12033) mulhsu  zero, sp, a3
core   0: 3 0x80000fb4 (0x02d12033)
core   0: 0x80000fb8 (0x03deba33) mulhu   s4, t4, t4
core   0: 3 0x80000fb8 (0x03deba33) x20 0xfffffff2
core   0: 0x80000fbc (0x00400613) li      a2, 4
core   0: 3 0x80000fbc (0x00400613) x12 0x00000004
core   0: 0x80000fc0 (0x03d152b3) divu    t0, sp, t4
core   0: 3 0x80000fc0 (0x03d152b3) x 5 0x00000000
core   0: 0x80000fc4 (0x24e9c993) xori    s3, s3, 590
core   0: 3 0x80000fc4 (0x24e9c993) x19 0xa17eca03
core   0: 0x80000fc8 (0xff700e13) li      t3, -9
core   0: 3 0x80000fc8 (0xff700e13) x28 0xfffffff7
core   0: 0x80000fcc (0x0250d6b3) divu    a3, ra, t0
core   0: 3 0x80000fcc (0x0250d6b3) x13 0xffffffff
core   0: 0x80000fd0 (0xffe60613) addi    a2, a2, -2
core   0: 3 0x80000fd0 (0xffe60613) x12 0x00000002
core   0: 0x80000fd4 (0x0081c5b3) xor     a1, gp, s0
core   0: 3 0x80000fd4 (0x0081c5b3) x11 0x00000002
core   0: 0x80000fd8 (0xffc65ae3) bge     a2, t3, pc - 12
core   0: 3 0x80000fd8 (0xffc65ae3)
core   0: 0x80000fcc (0x0250d6b3) divu    a3, ra, t0
core   0: 3 0x80000fcc (0x0250d6b3) x13 0xffffffff
core   0: 0x80000fd0 (0xffe60613) addi    a2, a2, -2
core   0: 3 0x80000fd0 (0xffe60613) x12 0x00000000
core   0: 0x80000fd4 (0x0081c5b3) xor     a1, gp, s0
core   0: 3 0x80000fd4 (0x0081c5b3) x11 0x00000002
core   0: 0x80000fd8 (0xffc65ae3) bge     a2, t3, pc - 12
core   0: 3 0x80000fd8 (0xffc65ae3)
core   0: 0x80000fcc (0x0250d6b3) divu    a3, ra, t0
core   0: 3 0x80000fcc (0x0250d6b3) x13 0xffffffff
core   0: 0x80000fd0 (0xffe60613) addi    a2, a2, -2
core   0: 3 0x80000fd0 (0xffe60613) x12 0xfffffffe
core   0: 0x80000fd4 (0x0081c5b3) xor     a1, gp, s0
core   0: 3 0x80000fd4 (0x0081c5b3) x11 0x00000002
core   0: 0x80000fd8 (0xffc65ae3) bge     a2, t3, pc - 12
core   0: 3 0x80000fd8 (0xffc65ae3)
core   0: 0x80000fcc (0x0250d6b3) divu    a3, ra, t0
core   0: 3 0x80000fcc (0x0250d6b3) x13 0xffffffff
core   0: 0x80000fd0 (0xffe60613) addi    a2, a2, -2
core   0: 3 0x80000fd0 (0xffe60613) x12 0xfffffffc
core   0: 0x80000fd4 (0x0081c5b3) xor     a1, gp, s0
core   0: 3 0x80000fd4 (0x0081c5b3) x11 0x00000002
core   0: 0x80000fd8 (0xffc65ae3) bge     a2, t3, pc - 12
core   0: 3 0x80000fd8 (0xffc65ae3)
core   0: 0x80000fcc (0x0250d6b3) divu    a3, ra, t0
core   0: 3 0x80000fcc (0x0250d6b3) x13 0xffffffff
core   0: 0x80000fd0 (0xffe60613) addi    a2, a2, -2
core   0: 3 0x80000fd0 (0xffe60613) x12 0xfffffffa
core   0: 0x80000fd4 (0x0081c5b3) xor     a1, gp, s0
core   0: 3 0x80000fd4 (0x0081c5b3) x11 0x00000002
core   0: 0x80000fd8 (0xffc65ae3) bge     a2, t3, pc - 12
core   0: 3 0x80000fd8 (0xffc65ae3)
core   0: 0x80000fcc (0x0250d6b3) divu    a3, ra, t0
core   0: 3 0x80000fcc (0x0250d6b3) x13 0xffffffff
core   0: 0x80000fd0 (0xffe60613) addi    a2, a2, -2
core   0: 3 0x80000fd0 (0xffe60613) x12 0xfffffff8
core   0: 0x80000fd4 (0x0081c5b3) xor     a1, gp, s0
core   0: 3 0x80000fd4 (0x0081c5b3) x11 0x00000002
core   0: 0x80000fd8 (0xffc65ae3) bge     a2, t3, pc - 12
core   0: 3 0x80000fd8 (0xffc65ae3)
core   0: 0x80000fcc (0x0250d6b3) divu    a3, ra, t0
core   0: 3 0x80000fcc (0x0250d6b3) x13 0xffffffff
core   0: 0x80000fd0 (0xffe60613) addi    a2, a2, -2
core   0: 3 0x80000fd0 (0xffe60613) x12 0xfffffff6
core   0: 0x80000fd4 (0x0081c5b3) xor     a1, gp, s0
core   0: 3 0x80000fd4 (0x0081c5b3) x11 0x00000002
core   0: 0x80000fd8 (0xffc65ae3) bge     a2, t3, pc - 12
core   0: 3 0x80000fd8 (0xffc65ae3)
core   0: 0x80000fdc (0x11773c93) sltiu   s9, a4, 279
core   0: 3 0x80000fdc (0x11773c93) x25 0x00000001
core   0: 0x80000fe0 (0xfc1112e3) bne     sp, ra, pc - 60
core   0: 3 0x80000fe0 (0xfc1112e3)
core   0: 0x80000fe4 (0xbd972293) slti    t0, a4, -1063
core   0: 3 0x80000fe4 (0xbd972293) x 5 0x00000000
core   0: 0x80000fe8 (0x00800c93) li      s9, 8
core   0: 3 0x80000fe8 (0x00800c93) x25 0x00000008
core   0: 0x80000fec (0x57238e93) addi    t4, t2, 1394
core   0: 3 0x80000fec (0x57238e93) x29 0x00000573
core   0: 0x80000ff0 (0x00000013) nop
core   0: 3 0x80000ff0 (0x00000013)
core   0: 0x80000ff4 (0xb40fc213) xori    tp, t6, -1216
core   0: 3 0x80000ff4 (0xb40fc213) x 4 0xfffffb40
core   0: 0x80000ff8 (0x035b84b3) mul     s1, s7, s5
core   0: 3 0x80000ff8 (0x035b84b3) x 9 0xac46b80c
core   0: 0x80000ffc (0x65c74693) xori    a3, a4, 1628
core   0: 3 0x80000ffc (0x65c74693) x13 0x0000065c
core   0: 0x80001000 (0x02209033) mulh    zero, ra, sp
core   0: 3 0x80001000 (0x02209033)
core   0: 0x80001004 (0x00600613) li      a2, 6
core   0: 3 0x80001004 (0x00600613) x12 0x00000006
core   0: 0x80001008 (0x41875d93) srai    s11, a4, 24
core   0: 3 0x80001008 (0x41875d93) x27 0x00000000
core   0: 0x8000100c (0x00000013) nop
core   0: 3 0x8000100c (0x00000013)
core   0: 0x80001010 (0x02a7c6b3) div     a3, a5, a0
core   0: 3 0x80001010 (0x02a7c6b3) x13 0xeaab0fbc
core   0: 0x80001014 (0xffbc8c93) addi    s9, s9, -5
core   0: 3 0x80001014 (0xffbc8c93) x25 0x00000003
core   0: 0x80001018 (0x02b0c4b3) div     s1, ra, a1
core   0: 3 0x80001018 (0x02b0c4b3) x 9 0x00000000
core   0: 0x8000101c (0x0046cc33) xor     s8, a3, tp
core   0: 3 0x8000101c (0x0046cc33) x24 0x1554f4fc
core   0: 0x80001020 (0x0264f533) remu    a0, s1, t1
core   0: 3 0x80001020 (0x0264f533) x10 0x00000000
core   0: 0x80001024 (0x41570a33) sub     s4, a4, s5
core   0: 3 0x80001024 (0x41570a33) x20 0x7ffd631c
core   0: 0x80001028 (0xfeccd2e3) bge     s9, a2, pc - 28
core   0: 3 0x80001028 (0xfeccd2e3)
core   0: 0x8000102c (0x00cbd193) srli    gp, s7, 12
core   0: 3 0x8000102c (0x00cbd193) x 3 0x0007ffd6
core   0: 0x80001030 (0x00700093) li      ra, 7
core   0: 3 0x80001030 (0x00700093) x 1 0x00000007
core   0: 0x80001034 (0x00400b93) li      s7, 4
core   0: 3 0x80001034 (0x00400b93) x23 0x00000004
core   0: 0x80001038 (0x2f15ce93) xori    t4, a1, 753
core   0: 3 0x80001038 (0x2f15ce93) x29 0x000002f3
core   0: 0x8000103c (0x408e5c13) srai    s8, t3, 8
core   0: 3 0x8000103c (0x408e5c13) x24 0xffffffff
core   0: 0x80001040 (0x01f83133) sltu    sp, a6, t6
core   0: 3 0x80001040 (0x01f83133) x 2 0x00000000
core   0: 0x80001044 (0x01a0f3b3) and     t2, ra, s10
core   0: 3 0x80001044 (0x01a0f3b3) x 7 0x00000007
core   0: 0x80001048 (0x0148ccb3) xor     s9, a7, s4
core   0: 3 0x80001048 (0x0148ccb3) x25 0xe53fe11f
core   0: 0x8000104c (0x03dff3b3) remu    t2, t6, t4
core   0: 3 0x8000104c (0x03dff3b3) x 7 0x00000000
core   0: 0x80001050 (0xff608093) addi    ra, ra, -10
core   0: 3 0x80001050 (0xff608093) x 1 0xfffffffd
core   0: 0x80001054 (0x00fb2cb3) slt     s9, s6, a5
core   0: 3 0x80001054 (0x00fb2cb3) x25 0x00000000
core   0: 0x80001058 (0xf573c417) auipc   s0, 0xf573c
core   0: 3 0x80001058 (0xf573c417) x 8 0x7573d058
core   0: 0x8000105c (0x558acc13) xori    s8, s5, 1368
core   0: 3 0x8000105c (0x558acc13) x24 0x800299bc
core   0: 0x80001060 (0x4152d413) srai    s0, t0, 21
core   0: 3 0x80001060 (0x4152d413) x 8 0x00000000
core   0: 0x80001064 (0x039df133) remu    sp, s11, s9
core   0: 3 0x80001064 (0x039df133) x 2 0x00000000
core   0: 0x80001068 (0xe70e0993) addi    s3, t3, -400
core   0: 3 0x80001068 (0xe70e0993) x19 0xfffffe67
core   0: 0x8000106c (0xffc00613) li      a2, -4
core   0: 3 0x8000106c (0xffc00613) x12 0xfffffffc
core   0: 0x80001070 (0x012cc2b3) xor     t0, s9, s2
core   0: 3 0x80001070 (0x012cc2b3) x 5 0xfffffffb
core   0: 0x80001074 (0x035ec6b3) div     a3, t4, s5
core   0: 3 0x80001074 (0x035ec6b3) x13 0x00000000
core   0: 0x80001078 (0x13058f93) addi    t6, a1, 304
core   0: 3 0x80001078 (0x13058f93) x31 0x00000132
core   0: 0x8000107c (0x01768133) add     sp, a3, s7
core   0: 3 0x8000107c (0x01768133) x 2 0x00000004
core   0: 0x80001080 (0x00839813) slli    a6, t2, 8
core   0: 3 0x80001080 (0x00839813) x16 0x00000000
core   0: 0x80001084 (0x00a00913) li      s2, 10
core   0: 3 0x80001084 (0x00a00913) x18 0x0000000a
core   0: 0x80001088 (0x00e79993) slli    s3, a5, 14
core   0: 3 0x80001088 (0x00e79993) x19 0x97990000
core   0: 0x8000108c (0xd072ff93) andi    t6, t0, -761
core   0: 3 0x8000108c (0xd072ff93) x31 0xfffffd03
core   0: 0x80001090 (0x2011f213) andi    tp, gp, 513
core   0: 3 0x80001090 (0x2011f213) x 4 0x00000200
core   0: 0x80001094 (0x7d0fe013) ori     zero, t6, 2000
core   0: 3 0x80001094 (0x7d0fe013)
core   0: 0x80001098 (0x02b0dd33) divu    s10, ra, a1
core   0: 3 0x80001098 (0x02b0dd33) x26 0x7ffffffe
core   0: 0x8000109c (0x00c83233) sltu    tp, a6, a2
core   0: 3 0x8000109c (0x00c83233) x 4 0x00000001
core   0: 0x800010a0 (0x02feafb3) mulhsu  t6, t4, a5
core   0: 3 0x800010a0 (0x02feafb3) x31 0x00000179
core   0: 0x800010a4 (0x00160613) addi    a2, a2, 1
core   0: 3 0x800010a4 (0x00160613) x12 0xfffffffd
core   0: 0x800010a8 (0xff2608e3) beq     a2, s2, pc - 16
core   0: 3 0x800010a8 (0xff2608e3)
core   0: 0x800010ac (0x01845d33) srl     s10, s0, s8
core   0: 3 0x800010ac (0x01845d33) x26 0x00000000
core   0: 0x800010b0 (0xf970dae3) bge     ra, s7, pc - 108
core   0: 3 0x800010b0 (0xf970dae3)
core   0: 0x800010b4 (0xfb567113) andi    sp, a2, -75
core   0: 3 0x800010b4 (0xfb567113) x 2 0xffffffb5
core   0: 0x800010b8 (0x00800613) li      a2, 8
core   0: 3 0x800010b8 (0x00800613) x12 0x00000008
core   0: 0x800010bc (0x00300113) li      sp, 3
core   0: 3 0x800010bc (0x00300113) x 2 0x00000003
core   0: 0x800010c0 (0x5b7e7693) andi    a3, t3, 1463
core   0: 3 0x800010c0 (0x5b7e7693) x13 0x000005b7
core   0: 0x800010c4 (0xffe60613) addi    a2, a2, -2
core   0: 3 0x800010c4 (0xffe60613) x12 0x00000006
core   0: 0x800010c8 (0x00200a13) li      s4, 2
core   0: 3 0x800010c8 (0x00200a13) x20 0x00000002
core   0: 0x800010cc (0x00e00b13) li      s6, 14
core   0: 3 0x800010cc (0x00e00b13) x22 0x0000000e
core   0: 0x800010d0 (0x001688b3) add     a7, a3, ra
core   0: 3 0x800010d0 (0x001688b3) x17 0x000005b4
core   0: 0x800010d4 (0x004a0a13) addi    s4, s4, 4
core   0: 3 0x800010d4 (0x004a0a13) x20 0x00000006
core   0: 0x800010d8 (0xff6a6ce3) bltu    s4, s6, pc - 8
core   0: 3 0x800010d8 (0xff6a6ce3)
core   0: 0x800010d0 (0x001688b3) add     a7, a3, ra
core   0: 3 0x800010d0 (0x001688b3) x17 0x000005b4
core   0: 0x800010d4 (0x004a0a13) addi    s4, s4, 4
core   0: 3 0x800010d4 (0x004a0a13) x20 0x0000000a
core   0: 0x800010d8 (0xff6a6ce3) bltu    s4, s6, pc - 8
core   0: 3 0x800010d8 (0xff6a6ce3)
core   0: 0x800010d0 (0x001688b3) add     a7, a3, ra
core   0: 3 0x800010d0 (0x001688b3) x17 0x000005b4
core   0: 0x800010d4 (0x004a0a13) addi    s4, s4, 4
core   0: 3 0x800010d4 (0x004a0a13) x20 0x0000000e
core   0: 0x800010d8 (0xff6a6ce3) bltu    s4, s6, pc - 8
core   0: 3 0x800010d8 (0xff6a6ce3)
core   0: 0x800010dc (0xfe2672e3) bgeu    a2, sp, pc - 28
core   0: 3 0x800010dc (0xfe2672e3)
core   0: 0x800010c0 (0x5b7e7693) andi    a3, t3, 1463
core   0: 3 0x800010c0 (0x5b7e7693) x13 0x000005b7
core   0: 0x800010c4 (0xffe60613) addi    a2, a2, -2
core   0: 3 0x800010c4 (0xffe60613) x12 0x00000004
core   0: 0x800010c8 (0x00200a13) li      s4, 2
core   0: 3 0x800010c8 (0x00200a13) x20 0x00000002
core   0: 0x800010cc (0x00e00b13) li      s6, 14
core   0: 3 0x800010cc (0x00e00b13) x22 0x0000000e
core   0: 0x800010d0 (0x001688b3) add     a7, a3, ra
core   0: 3 0x800010d0 (0x001688b3) x17 0x000005b4
core   0: 0x800010d4 (0x004a0a13) addi    s4, s4, 4
core   0: 3 0x800010d4 (0x004a0a13) x20 0x00000006
core   0: 0x800010d8 (0xff6a6ce3) bltu    s4, s6, pc - 8
core   0: 3 0x800010d8 (0xff6a6ce3)
core   0: 0x800010d0 (0x001688b3) add     a7, a3, ra
core   0: 3 0x800010d0 (0x001688b3) x17 0x000005b4
core   0: 0x800010d4 (0x004a0a13) addi    s4, s4, 4
core   0: 3 0x800010d4 (0x004a0a13) x20 0x0000000a
core   0: 0x800010d8 (0xff6a6ce3) bltu    s4, s6, pc - 8
core   0: 3 0x800010d8 (0xff6a6ce3)
core   0: 0x800010d0 (0x001688b3) add     a7, a3, ra
core   0: 3 0x800010d0 (0x001688b3) x17 0x000005b4
core   0: 0x800010d4 (0x004a0a13) addi    s4, s4, 4
core   0: 3 0x800010d4 (0x004a0a13) x20 0x0000000e
core   0: 0x800010d8 (0xff6a6ce3) bltu    s4, s6, pc - 8
core   0: 3 0x800010d8 (0xff6a6ce3)
core   0: 0x800010dc (0xfe2672e3) bgeu    a2, sp, pc - 28
core   0: 3 0x800010dc (0xfe2672e3)
core   0: 0x800010c0 (0x5b7e7693) andi    a3, t3, 1463
core   0: 3 0x800010c0 (0x5b7e7693) x13 0x000005b7
core   0: 0x800010c4 (0xffe60613) addi    a2, a2, -2
core   0: 3 0x800010c4 (0xffe60613) x12 0x00000002
core   0: 0x800010c8 (0x00200a13) li      s4, 2
core   0: 3 0x800010c8 (0x00200a13) x20 0x00000002
core   0: 0x800010cc (0x00e00b13) li      s6, 14
core   0: 3 0x800010cc (0x00e00b13) x22 0x0000000e
core   0: 0x800010d0 (0x001688b3) add     a7, a3, ra
core   0: 3 0x800010d0 (0x001688b3) x17 0x000005b4
core   0: 0x800010d4 (0x004a0a13) addi    s4, s4, 4
core   0: 3 0x800010d4 (0x004a0a13) x20 0x00000006
core   0: 0x800010d8 (0xff6a6ce3) bltu    s4, s6, pc - 8
core   0: 3 0x800010d8 (0xff6a6ce3)
core   0: 0x800010d0 (0x001688b3) add     a7, a3, ra
core   0: 3 0x800010d0 (0x001688b3) x17 0x000005b4
core   0: 0x800010d4 (0x004a0a13) addi    s4, s4, 4
core   0: 3 0x800010d4 (0x004a0a13) x20 0x0000000a
core   0: 0x800010d8 (0xff6a6ce3) bltu    s4, s6, pc - 8
core   0: 3 0x800010d8 (0xff6a6ce3)
core   0: 0x800010d0 (0x001688b3) add     a7, a3, ra
core   0: 3 0x800010d0 (0x001688b3) x17 0x000005b4
core   0: 0x800010d4 (0x004a0a13) addi    s4, s4, 4
core   0: 3 0x800010d4 (0x004a0a13) x20 0x0000000e
core   0: 0x800010d8 (0xff6a6ce3) bltu    s4, s6, pc - 8
core   0: 3 0x800010d8 (0xff6a6ce3)
core   0: 0x800010dc (0xfe2672e3) bgeu    a2, sp, pc - 28
core   0: 3 0x800010dc (0xfe2672e3)
core   0: 0x800010e0 (0x021488b3) mul     a7, s1, ra
core   0: 3 0x800010e0 (0x021488b3) x17 0x00000000
core   0: 0x800010e4 (0xff800213) li      tp, -8
core   0: 3 0x800010e4 (0xff800213) x 4 0xfffffff8
core   0: 0x800010e8 (0x0147ecb3) or      s9, a5, s4
core   0: 3 0x800010e8 (0x0147ecb3) x25 0x80025e6e
core   0: 0x800010ec (0x0251e333) rem     t1, gp, t0
core   0: 3 0x800010ec (0x0251e333) x 6 0x00000001
core   0: 0x800010f0 (0x224de893) ori     a7, s11, 548
core   0: 3 0x800010f0 (0x224de893) x17 0x00000224
core   0: 0x800010f4 (0xfef00d93) li      s11, -17
core   0: 3 0x800010f4 (0xfef00d93) x27 0xffffffef
core   0: 0x800010f8 (0x00f865b3) or      a1, a6, a5
core   0: 3 0x800010f8 (0x00f865b3) x11 0x80025e64
core   0: 0x800010fc (0x026872b3) remu    t0, a6, t1
core   0: 3 0x800010fc (0x026872b3) x 5 0x00000000
core   0: 0x80001100 (0x038e0e33) mul     t3, t3, s8
core   0: 3 0x80001100 (0x038e0e33) x28 0x7fe89864
core   0: 0x80001104 (0xee920193) addi    gp, tp, -279
core   0: 3 0x80001104 (0xee920193) x 3 0xfffffee1
core   0: 0x80001108 (0x030156b3) divu    a3, sp, a6
core   0: 3 0x80001108 (0x030156b3) x13 0xffffffff
core   0: 0x8000110c (0x03f19b33) mulh    s6, gp, t6
core   0: 3 0x8000110c (0x03f19b33) x22 0xffffffff
core   0: 0x80001110 (0x492d2a13) slti    s4, s10, 1170
core   0: 3 0x80001110 (0x492d2a13) x20 0x00000001
core   0: 0x80001114 (0xff720213) addi    tp, tp, -9
core   0: 3 0x80001114 (0xff720213) x 4 0xffffffef
core   0: 0x80001118 (0x003602b3) add     t0, a2, gp
core   0: 3 0x80001118 (0x003602b3) x 5 0xfffffee3
core   0: 0x8000111c (0x0049a933) slt     s2, s3, tp
core   0: 3 0x8000111c (0x0049a933) x18 0x00000001
core   0: 0x80001120 (0x03f14c33) div     s8, sp, t6
core   0: 3 0x80001120 (0x03f14c33) x24 0x00000000
core   0: 0x80001124 (0x00000013) nop
core   0: 3 0x80001124 (0x00000013)
core   0: 0x80001128 (0xfdb20ee3) beq     tp, s11, pc - 36
core   0: 3 0x80001128 (0xfdb20ee3)
core   0: 0x80001104 (0xee920193) addi    gp, tp, -279
core   0: 3 0x80001104 (0xee920193) x 3 0xfffffed8
core   0: 0x80001108 (0x030156b3) divu    a3, sp, a6
core   0: 3 0x80001108 (0x030156b3) x13 0xffffffff
core   0: 0x8000110c (0x03f19b33) mulh    s6, gp, t6
core   0: 3 0x8000110c (0x03f19b33) x22 0xffffffff
core   0: 0x80001110 (0x492d2a13) slti    s4, s10, 1170
core   0: 3 0x80001110 (0x492d2a13) x20 0x00000001
core   0: 0x80001114 (0xff720213) addi    tp, tp, -9
core   0: 3 0x80001114 (0xff720213) x 4 0xffffffe6
core   0: 0x80001118 (0x003602b3) add     t0, a2, gp
core   0: 3 0x80001118 (0x003602b3) x 5 0xfffffeda
core   0: 0x8000111c (0x0049a933) slt     s2, s3, tp
core   0: 3 0x8000111c (0x0049a933) x18 0x00000001
core   0: 0x80001120 (0x03f14c33) div     s8, sp, t6
core   0: 3 0x80001120 (0x03f14c33) x24 0x00000000
core   0: 0x80001124 (0x00000013) nop
core   0: 3 0x80001124 (0x00000013)
core   0: 0x80001128 (0xfdb20ee3) beq     tp, s11, pc - 36
core   0: 3 0x80001128 (0xfdb20ee3)
core   0: 0x8000112c (0x010762b3) or      t0, a4, a6
core   0: 3 0x8000112c (0x010762b3) x 5 0x00000000
core   0: 0x80001130 (0x00a00513) li      a0, 10
core   0: 3 0x80001130 (0x00a00513) x10 0x0000000a
core   0: 0x80001134 (0x00800713) li      a4, 8
core   0: 3 0x80001134 (0x00800713) x14 0x00000008
core   0: 0x80001138 (0x026b0433) mul     s0, s6, t1
core   0: 3 0x80001138 (0x026b0433) x 8 0xffffffff
core   0: 0x8000113c (0x6f3f3413) sltiu   s0, t5, 1779
core   0: 3 0x8000113c (0x6f3f3413) x 8 0x00000001
core   0: 0x80001140 (0x00262233) slt     tp, a2, sp
core   0: 3 0x80001140 (0x00262233) x 4 0x00000001
core   0: 0x80001144 (0x60900137) lui     sp, 0x60900
core   0: 3 0x80001144 (0x60900137) x 2 0x60900000
core   0: 0x80001148 (0xffe50513) addi    a0, a0, -2
core   0: 3 0x80001148 (0xffe50513) x10 0x00000008
core   0: 0x8000114c (0x028562b3) rem     t0, a0, s0
core   0: 3 0x8000114c (0x028562b3) x 5 0x00000000
core   0: 0x80001150 (0xfee57ae3) bgeu    a0, a4, pc - 12
core   0: 3 0x80001150 (0xfee57ae3)
core   0: 0x80001144 (0x60900137) lui     sp, 0x60900
core   0: 3 0x80001144 (0x60900137) x 2 0x60900000
core   0: 0x80001148 (0xffe50513) addi    a0, a0, -2
core   0: 3 0x80001148 (0xffe50513) x10 0x00000006
core   0: 0x8000114c (0x028562b3) rem     t0, a0, s0
core   0: 3 0x8000114c (0x028562b3) x 5 0x00000000
core   0: 0x80001150 (0xfee57ae3) bgeu    a0, a4, pc - 12
core   0: 3 0x80001150 (0xfee57ae3)
core   0: 0x80001154 (0x0074eeb3) or      t4, s1, t2
core   0: 3 0x80001154 (0x0074eeb3) x29 0x00000000
core   0: 0x80001158 (0x00a00b13) li      s6, 10
core   0: 3 0x80001158 (0x00a00b13) x22 0x0000000a
core   0: 0x8000115c (0x01b0d513) srli    a0, ra, 27
core   0: 3 0x8000115c (0x01b0d513) x10 0x0000001f
core   0: 0x80001160 (0x99088293) addi    t0, a7, -1648
core   0: 3 0x80001160 (0x99088293) x 5 0xfffffbb4
core   0: 0x80001164 (0x00a00913) li      s2, 10
core   0: 3 0x80001164 (0x00a00913) x18 0x0000000a
core   0: 0x80001168 (0x380e7a13) andi    s4, t3, 896
core   0: 3 0x80001168 (0x380e7a13) x20 0x00000000
core   0: 0x8000116c (0x5d7de893) ori     a7, s11, 1495
core   0: 3 0x8000116c (0x5d7de893) x17 0xffffffff
core   0: 0x80001170 (0xff8b0b13) addi    s6, s6, -8
core   0: 3 0x80001170 (0xff8b0b13) x22 0x00000002
core   0: 0x80001174 (0xff2b7ae3) bgeu    s6, s2, pc - 12
core   0: 3 0x80001174 (0xff2b7ae3)
core   0: 0x80001178 (0x0254a0b3) mulhsu  ra, s1, t0
core   0: 3 0x80001178 (0x0254a0b3) x 1 0x00000000
core   0: 0x8000117c (0x00200913) li      s2, 2
core   0: 3 0x8000117c (0x00200913) x18 0x00000002
core   0: 0x80001180 (0xffb00f93) li      t6, -5
core   0: 3 0x80001180 (0xffb00f93) x31 0xfffffffb
core   0: 0x80001184 (0x00268e33) add     t3, a3, sp
core   0: 3 0x80001184 (0x00268e33) x28 0x608fffff
core   0: 0x80001188 (0xff990913) addi    s2, s2, -7
core   0: 3 0x80001188 (0xff990913) x18 0xfffffffb
core   0: 0x8000118c (0xfff90ce3) beq     s2, t6, pc - 8
core   0: 3 0x8000118c (0xfff90ce3)
core   0: 0x80001184 (0x00268e33) add     t3, a3, sp
core   0: 3 0x80001184 (0x00268e33) x28 0x608fffff
core   0: 0x80001188 (0xff990913) addi    s2, s2, -7
core   0: 3 0x80001188 (0xff990913) x18 0xfffffff4
core   0: 0x8000118c (0xfff90ce3) beq     s2, t6, pc - 8
core   0: 3 0x8000118c (0xfff90ce3)
core   0: 0x80001190 (0x03c550b3) divu    ra, a0, t3
core   0: 3 0x80001190 (0x03c550b3) x 1 0x00000000
core   0: 0x80001194 (0xffb00c13) li      s8, -5
core   0: 3 0x80001194 (0xffb00c13) x24 0xfffffffb
core   0: 0x80001198 (0x03ea26b3) mulhsu  a3, s4, t5
core   0: 3 0x80001198 (0x03ea26b3) x13 0x00000000
core   0: 0x8000119c (0x1f5a6913) ori     s2, s4, 501
core   0: 3 0x8000119c (0x1f5a6913) x18 0x000001f5
core   0: 0x800011a0 (0xfec00393) li      t2, -20
core   0: 3 0x800011a0 (0xfec00393) x 7 0xffffffec
core   0: 0x800011a4 (0x0060f6b3) and     a3, ra, t1
core   0: 3 0x800011a4 (0x0060f6b3) x13 0x00000000
core   0: 0x800011a8 (0x0373a4b3) mulhsu  s1, t2, s7
core   0: 3 0x800011a8 (0x0373a4b3) x 9 0xffffffff
core   0: 0x800011ac (0xffbc0c13) addi    s8, s8, -5
core   0: 3 0x800011ac (0xffbc0c13) x24 0xfffffff6
core   0: 0x800011b0 (0x647682b7) lui     t0, 0x64768
core   0: 3 0x800011b0 (0x647682b7) x 5 0x64768000
core   0: 0x800011b4 (0x00483d33) sltu    s10, a6, tp
core   0: 3 0x800011b4 (0x00483d33) x26 0x00000001
core   0: 0x800011b8 (0x02f8ab33) mulhsu  s6, a7, a5
core   0: 3 0x800011b8 (0x02f8ab33) x22 0xffffffff
core   0: 0x800011bc (0x0163bfb3) sltu    t6, t2, s6
core   0: 3 0x800011bc (0x0163bfb3) x31 0x00000001
core   0: 0x800011c0 (0x03e40fb3) mul     t6, s0, t5
core   0: 3 0x800011c0 (0x03e40fb3) x31 0x00000000
core   0: 0x800011c4 (0x00375e93) srli    t4, a4, 3
core   0: 3 0x800011c4 (0x00375e93) x29 0x00000001
core   0: 0x800011c8 (0x028aee33) rem     t3, s5, s0
core   0: 3 0x800011c8 (0x028aee33) x28 0x00000000
core   0: 0x800011cc (0xed8a8493) addi    s1, s5, -296
core   0: 3 0x800011cc (0xed8a8493) x 9 0x80029bbc
core   0: 0x800011d0 (0x033cc5b3) div     a1, s9, s3
core   0: 3 0x800011d0 (0x033cc5b3) x11 0x00000001
core   0: 0x800011d4 (0x0334a733) mulhsu  a4, s1, s3
core   0: 3 0x800011d4 (0x0334a733) x14 0xb4350b6a
core   0: 0x800011d8 (0x0145ee33) or      t3, a1, s4
core   0: 3 0x800011d8 (0x0145ee33) x28 0x00000001
core   0: 0x800011dc (0x00ab96b3) sll     a3, s7, a0
core   0: 3 0x800011dc (0x00ab96b3) x13 0x00000000
core   0: 0x800011e0 (0x01710e33) add     t3, sp, s7
core   0: 3 0x800011e0 (0x01710e33) x28 0x60900004
core   0: 0x800011e4 (0x005c1433) sll     s0, s8, t0
core   0: 3 0x800011e4 (0x005c1433) x 8 0xfffffff6
core   0: 0x800011e8 (0x686a2413) slti    s0, s4, 1670
core   0: 3 0x800011e8 (0x686a2413) x 8 0x00000001
core   0: 0x800011ec (0x03be04b3) mul     s1, t3, s11
core   0: 3 0x800011ec (0x03be04b3) x 9 0x966fffbc
core   0: 0x800011f0 (0xf88ff0b7) lui     ra, 0xf88ff
core   0: 3 0x800011f0 (0xf88ff0b7) x 1 0xf88ff000
core   0: 0x800011f4 (0x01543933) sltu    s2, s0, s5
core   0: 3 0x800011f4 (0x01543933) x18 0x00000001
core   0: 0x800011f8 (0x03c1c2b3) div     t0, gp, t3
core   0: 3 0x800011f8 (0x03c1c2b3) x 5 0x00000000
core   0: 0x800011fc (0x0130b733) sltu    a4, ra, s3
core   0: 3 0x800011fc (0x0130b733) x14 0x00000000
core   0: 0x80001200 (0x02c80333) mul     t1, a6, a2
core   0: 3 0x80001200 (0x02c80333) x 6 0x00000000
core   0: 0x80001204 (0xfa7c12e3) bne     s8, t2, pc - 92
core   0: 3 0x80001204 (0xfa7c12e3)
core   0: 0x800011a8 (0x0373a4b3) mulhsu  s1, t2, s7
core   0: 3 0x800011a8 (0x0373a4b3) x 9 0xffffffff
core   0: 0x800011ac (0xffbc0c13) addi    s8, s8, -5
core   0: 3 0x800011ac (0xffbc0c13) x24 0xfffffff1
core   0: 0x800011b0 (0x647682b7) lui     t0, 0x64768
core   0: 3 0x800011b0 (0x647682b7) x 5 0x64768000
core   0: 0x800011b4 (0x00483d33) sltu    s10, a6, tp
core   0: 3 0x800011b4 (0x00483d33) x26 0x00000001
core   0: 0x800011b8 (0x02f8ab33) mulhsu  s6, a7, a5
core   0: 3 0x800011b8 (0x02f8ab33) x22 0xffffffff
core   0: 0x800011bc (0x0163bfb3) sltu    t6, t2, s6
core   0: 3 0x800011bc (0x0163bfb3) x31 0x00000001
core   0: 0x800011c0 (0x03e40fb3) mul     t6, s0, t5
core   0: 3 0x800011c0 (0x03e40fb3) x31 0x00000000
core   0: 0x800011c4 (0x00375e93) srli    t4, a4, 3
core   0: 3 0x800011c4 (0x00375e93) x29 0x00000000
core   0: 0x800011c8 (0x028aee33) rem     t3, s5, s0
core   0: 3 0x800011c8 (0x028aee33) x28 0x00000000
core   0: 0x800011cc (0xed8a8493) addi    s1, s5, -296
core   0: 3 0x800011cc (0xed8a8493) x 9 0x80029bbc
core   0: 0x800011d0 (0x033cc5b3) div     a1, s9, s3
core   0: 3 0x800011d0 (0x033cc5b3) x11 0x00000001
core   0: 0x800011d4 (0x0334a733) mulhsu  a4, s1, s3
core   0: 3 0x800011d4 (0x0334a733) x14 0xb4350b6a
core   0: 0x800011d8 (0x0145ee33) or      t3, a1, s4
core   0: 3 0x800011d8 (0x0145ee33) x28 0x00000001
core   0: 0x800011dc (0x00ab96b3) sll     a3, s7, a0
core   0: 3 0x800011dc (0x00ab96b3) x13 0x00000000
core   0: 0x800011e0 (0x01710e33) add     t3, sp, s7
core   0: 3 0x800011e0 (0x01710e33) x28 0x60900004
core   0: 0x800011e4 (0x005c1433) sll     s0, s8, t0
core   0: 3 0x800011e4 (0x005c1433) x 8 0xfffffff1
core   0: 0x800011e8 (0x686a2413) slti    s0, s4, 1670
core   0: 3 0x800011e8 (0x686a2413) x 8 0x00000001
core   0: 0x800011ec (0x03be04b3) mul     s1, t3, s11
core   0: 3 0x800011ec (0x03be04b3) x 9 0x966fffbc
core   0: 0x800011f0 (0xf88ff0b7) lui     ra, 0xf88ff
core   0: 3 0x800011f0 (0xf88ff0b7) x 1 0xf88ff000
core   0: 0x800011f4 (0x01543933) sltu    s2, s0, s5
core   0: 3 0x800011f4 (0x01543933) x18 0x00000001
core   0: 0x800011f8 (0x03c1c2b3) div     t0, gp, t3
core   0: 3 0x800011f8 (0x03c1c2b3) x 5 0x00000000
core   0: 0x800011fc (0x0130b733) sltu    a4, ra, s3
core   0: 3 0x800011fc (0x0130b733) x14 0x00000000
core   0: 0x80001200 (0x02c80333) mul     t1, a6, a2
core   0: 3 0x80001200 (0x02c80333) x 6 0x00000000
core   0: 0x80001204 (0xfa7c12e3) bne     s8, t2, pc - 92
core   0: 3 0x80001204 (0xfa7c12e3)
core   0: 0x800011a8 (0x0373a4b3) mulhsu  s1, t2, s7
core   0: 3 0x800011a8 (0x0373a4b3) x 9 0xffffffff
core   0: 0x800011ac (0xffbc0c13) addi    s8, s8, -5
core   0: 3 0x800011ac (0xffbc0c13) x24 0xffffffec
core   0: 0x800011b0 (0x647682b7) lui     t0, 0x64768
core   0: 3 0x800011b0 (0x647682b7) x 5 0x64768000
core   0: 0x800011b4 (0x00483d33) sltu    s10, a6, tp
core   0: 3 0x800011b4 (0x00483d33) x26 0x00000001
core   0: 0x800011b8 (0x02f8ab33) mulhsu  s6, a7, a5
core   0: 3 0x800011b8 (0x02f8ab33) x22 0xffffffff
core   0: 0x800011bc (0x0163bfb3) sltu    t6, t2, s6
core   0: 3 0x800011bc (0x0163bfb3) x31 0x00000001
core   0: 0x800011c0 (0x03e40fb3) mul     t6, s0, t5
core   0: 3 0x800011c0 (0x03e40fb3) x31 0x00000000
core   0: 0x800011c4 (0x00375e93) srli    t4, a4, 3
core   0: 3 0x800011c4 (0x00375e93) x29 0x00000000
core   0: 0x800011c8 (0x028aee33) rem     t3, s5, s0
core   0: 3 0x800011c8 (0x028aee33) x28 0x00000000
core   0: 0x800011cc (0xed8a8493) addi    s1, s5, -296
core   0: 3 0x800011cc (0xed8a8493) x 9 0x80029bbc
core   0: 0x800011d0 (0x033cc5b3) div     a1, s9, s3
core   0: 3 0x800011d0 (0x033cc5b3) x11 0x00000001
core   0: 0x800011d4 (0x0334a733) mulhsu  a4, s1, s3
core   0: 3 0x800011d4 (0x0334a733) x14 0xb4350b6a
core   0: 0x800011d8 (0x0145ee33) or      t3, a1, s4
core   0: 3 0x800011d8 (0x0145ee33) x28 0x00000001
core   0: 0x800011dc (0x00ab96b3) sll     a3, s7, a0
core   0: 3 0x800011dc (0x00ab96b3) x13 0x00000000
core   0: 0x800011e0 (0x01710e33) add     t3, sp, s7
core   0: 3 0x800011e0 (0x01710e33) x28 0x60900004
core   0: 0x800011e4 (0x005c1433) sll     s0, s8, t0
core   0: 3 0x800011e4 (0x005c1433) x 8 0xffffffec
core   0: 0x800011e8 (0x686a2413) slti    s0, s4, 1670
core   0: 3 0x800011e8 (0x686a2413) x 8 0x00000001
core   0: 0x800011ec (0x03be04b3) mul     s1, t3, s11
core   0: 3 0x800011ec (0x03be04b3) x 9 0x966fffbc
core   0: 0x800011f0 (0xf88ff0b7) lui     ra, 0xf88ff
core   0: 3 0x800011f0 (0xf88ff0b7) x 1 0xf88ff000
core   0: 0x800011f4 (0x01543933) sltu    s2, s0, s5
core   0: 3 0x800011f4 (0x01543933) x18 0x00000001
core   0: 0x800011f8 (0x03c1c2b3) div     t0, gp, t3
core   0: 3 0x800011f8 (0x03c1c2b3) x 5 0x00000000
core   0: 0x800011fc (0x0130b733) sltu    a4, ra, s3
core   0: 3 0x800011fc (0x0130b733) x14 0x00000000
core   0: 0x80001200 (0x02c80333) mul     t1, a6, a2
core   0: 3 0x80001200 (0x02c80333) x 6 0x00000000
core   0: 0x80001204 (0xfa7c12e3) bne     s8, t2, pc - 92
core   0: 3 0x80001204 (0xfa7c12e3)
core   0: 0x80001208 (0x010696b3) sll     a3, a3, a6
core   0: 3 0x80001208 (0x010696b3) x13 0x00000000
core   0: 0x8000120c (0xfff00913) li      s2, -1
core   0: 3 0x8000120c (0xfff00913) x18 0xffffffff
core   0: 0x80001210 (0xf6ec9017) auipc   zero, 0xf6ec9
core   0: 3 0x80001210 (0xf6ec9017)
core   0: 0x80001214 (0x029e1b33) mulh    s6, t3, s1
core   0: 3 0x80001214 (0x029e1b33) x22 0xd82e9ee4
core   0: 0x80001218 (0x00400e13) li      t3, 4
core   0: 3 0x80001218 (0x00400e13) x28 0x00000004
core   0: 0x8000121c (0x78c4c197) auipc   gp, 0x78c4c
core   0: 3 0x8000121c (0x78c4c197) x 3 0xf8c4d21c
core   0: 0x80001220 (0x00f90d33) add     s10, s2, a5
core   0: 3 0x80001220 (0x00f90d33) x26 0x80025e63
core   0: 0x80001224 (0x01e09a33) sll     s4, ra, t5
core   0: 3 0x80001224 (0x01e09a33) x20 0xf88ff000
core   0: 0x80001228 (0x00790913) addi    s2, s2, 7
core   0: 3 0x80001228 (0x00790913) x18 0x00000006
core   0: 0x8000122c (0xcd9af017) auipc   zero, 0xcd9af
core   0: 3 0x8000122c (0xcd9af017)
core   0: 0x80001230 (0xffd00993) li      s3, -3
core   0: 3 0x80001230 (0xffd00993) x19 0xfffffffd
core   0: 0x80001234 (0x020ccbb3) div     s7, s9, zero
core   0: 3 0x80001234 (0x020ccbb3) x23 0xffffffff
core   0: 0x80001238 (0x00100113) li      sp, 1
core   0: 3 0x80001238 (0x00100113) x 2 0x00000001
core   0: 0x8000123c (0x0282dcb3) divu    s9, t0, s0
core   0: 3 0x8000123c (0x0282dcb3) x25 0x00000000
core   0: 0x80001240 (0x0032beb3) sltu    t4, t0, gp
core   0: 3 0x80001240 (0x0032beb3) x29 0x00000001
core   0: 0x80001244 (0xb51ceb97) auipc   s7, 0xb51ce
core   0: 3 0x80001244 (0xb51ceb97) x23 0x351cf244
core   0: 0x80001248 (0x6f782513) slti    a0, a6, 1783
core   0: 3 0x80001248 (0x6f782513) x10 0x00000001
core   0: 0x8000124c (0x032f63b3) rem     t2, t5, s2
core   0: 3 0x8000124c (0x032f63b3) x 7 0x00000000
core   0: 0x80001250 (0x11d84893) xori    a7, a6, 285
core   0: 3 0x80001250 (0x11d84893) x17 0x0000011d
core   0: 0x80001254 (0x01457533) and     a0, a0, s4
core   0: 3 0x80001254 (0x01457533) x10 0x00000000
core   0: 0x80001258 (0x00698993) addi    s3, s3, 6
core   0: 3 0x80001258 (0x00698993) x19 0x00000003
core   0: 0x8000125c (0xfe29e4e3) bltu    s3, sp, pc - 24
core   0: 3 0x8000125c (0xfe29e4e3)
core   0: 0x80001260 (0xec21fd93) andi    s11, gp, -318
core   0: 3 0x80001260 (0xec21fd93) x27 0xf8c4d200
core   0: 0x80001264 (0x033115b3) mulh    a1, sp, s3
core   0: 3 0x80001264 (0x033115b3) x11 0x00000000
core   0: 0x80001268 (0xa0142513) slti    a0, s0, -1535
core   0: 3 0x80001268 (0xa0142513) x10 0x00000000
core   0: 0x8000126c (0x015fe533) or      a0, t6, s5
core   0: 3 0x8000126c (0x015fe533) x10 0x80029ce4
core   0: 0x80001270 (0x0254efb3) rem     t6, s1, t0
core   0: 3 0x80001270 (0x0254efb3) x31 0x966fffbc
core   0: 0x80001274 (0xfbc964e3) bltu    s2, t3, pc - 88
core   0: 3 0x80001274 (0xfbc964e3)
core   0: 0x80001278 (0x020d5733) divu    a4, s10, zero
core   0: 3 0x80001278 (0x020d5733) x14 0xffffffff
core   0: 0x8000127c (0xff800c13) li      s8, -8
core   0: 3 0x8000127c (0xff800c13) x24 0xfffffff8
core   0: 0x80001280 (0x00f00413) li      s0, 15
core   0: 3 0x80001280 (0x00f00413) x 8 0x0000000f
core   0: 0x80001284 (0xdacd92b7) lui     t0, 0xdacd9
core   0: 3 0x80001284 (0xdacd92b7) x 5 0xdacd9000
core   0: 0x80001288 (0x009c0c13) addi    s8, s8, 9
core   0: 3 0x80001288 (0x009c0c13) x24 0x00000001
core   0: 0x8000128c (0xffd00513) li      a0, -3
core   0: 3 0x8000128c (0xffd00513) x10 0xfffffffd
core   0: 0x80001290 (0x00000013) nop
core   0: 3 0x80001290 (0x00000013)
core   0: 0x80001294 (0xff900593) li      a1, -7
core   0: 3 0x80001294 (0xff900593) x11 0xfffffff9
core   0: 0x80001298 (0x01e28e33) add     t3, t0, t5
core   0: 3 0x80001298 (0x01e28e33) x28 0xdacd9000
core   0: 0x8000129c (0xff850513) addi    a0, a0, -8
core   0: 3 0x8000129c (0xff850513) x10 0xfffffff5
core   0: 0x800012a0 (0x73b03013) sltiu   zero, zero, 1851
core   0: 3 0x800012a0 (0x73b03013)
core   0: 0x800012a4 (0xfeb55ae3) bge     a0, a1, pc - 12
core   0: 3 0x800012a4 (0xfeb55ae3)
core   0: 0x800012a8 (0x0827af93) slti    t6, a5, 130
core   0: 3 0x800012a8 (0x0827af93) x31 0x00000001
core   0: 0x800012ac (0xfc8c6ce3) bltu    s8, s0, pc - 40
core   0: 3 0x800012ac (0xfc8c6ce3)
core   0: 0x80001284 (0xdacd92b7) lui     t0, 0xdacd9
core   0: 3 0x80001284 (0xdacd92b7) x 5 0xdacd9000
core   0: 0x80001288 (0x009c0c13) addi    s8, s8, 9
core   0: 3 0x80001288 (0x009c0c13) x24 0x0000000a
core   0: 0x8000128c (0xffd00513) li      a0, -3
core   0: 3 0x8000128c (0xffd00513) x10 0xfffffffd
core   0: 0x80001290 (0x00000013) nop
core   0: 3 0x80001290 (0x00000013)
core   0: 0x80001294 (0xff900593) li      a1, -7
core   0: 3 0x80001294 (0xff900593) x11 0xfffffff9
core   0: 0x80001298 (0x01e28e33) add     t3, t0, t5
core   0: 3 0x80001298 (0x01e28e33) x28 0xdacd9000
core   0: 0x8000129c (0xff850513) addi    a0, a0, -8
core   0: 3 0x8000129c (0xff850513) x10 0xfffffff5
core   0: 0x800012a0 (0x73b03013) sltiu   zero, zero, 1851
core   0: 3 0x800012a0 (0x73b03013)
core   0: 0x800012a4 (0xfeb55ae3) bge     a0, a1, pc - 12
core   0: 3 0x800012a4 (0xfeb55ae3)
core   0: 0x800012a8 (0x0827af93) slti    t6, a5, 130
core   0: 3 0x800012a8 (0x0827af93) x31 0x00000001
core   0: 0x800012ac (0xfc8c6ce3) bltu    s8, s0, pc - 40
core   0: 3 0x800012ac (0xfc8c6ce3)
core   0: 0x80001284 (0xdacd92b7) lui     t0, 0xdacd9
core   0: 3 0x80001284 (0xdacd92b7) x 5 0xdacd9000
core   0: 0x80001288 (0x009c0c13) addi    s8, s8, 9
core   0: 3 0x80001288 (0x009c0c13) x24 0x00000013
core   0: 0x8000128c (0xffd00513) li      a0, -3
core   0: 3 0x8000128c (0xffd00513) x10 0xfffffffd
core   0: 0x80001290 (0x00000013) nop
core   0: 3 0x80001290 (0x00000013)
core   0: 0x80001294 (0xff900593) li      a1, -7
core   0: 3 0x80001294 (0xff900593) x11 0xfffffff9
core   0: 0x80001298 (0x01e28e33) add     t3, t0, t5
core   0: 3 0x80001298 (0x01e28e33) x28 0xdacd9000
core   0: 0x8000129c (0xff850513) addi    a0, a0, -8
core   0: 3 0x8000129c (0xff850513) x10 0xfffffff5
core   0: 0x800012a0 (0x73b03013) sltiu   zero, zero, 1851
core   0: 3 0x800012a0 (0x73b03013)
core   0: 0x800012a4 (0xfeb55ae3) bge     a0, a1, pc - 12
core   0: 3 0x800012a4 (0xfeb55ae3)
core   0: 0x800012a8 (0x0827af93) slti    t6, a5, 130
core   0: 3 0x800012a8 (0x0827af93) x31 0x00000001
core   0: 0x800012ac (0xfc8c6ce3) bltu    s8, s0, pc - 40
core   0: 3 0x800012ac (0xfc8c6ce3)
core   0: 0x800012b0 (0x01205e33) srl     t3, zero, s2
core   0: 3 0x800012b0 (0x01205e33) x28 0x00000000
core   0: 0x800012b4 (0xff600713) li      a4, -10
core   0: 3 0x800012b4 (0xff600713) x14 0xfffffff6
core   0: 0x800012b8 (0x01000413) li      s0, 16
core   0: 3 0x800012b8 (0x01000413) x 8 0x00000010
core   0: 0x800012bc (0x2d5f0b13) addi    s6, t5, 725
core   0: 3 0x800012bc (0x2d5f0b13) x22 0x000002d5
core   0: 0x800012c0 (0x7afa2d13) slti    s10, s4, 1967
core   0: 3 0x800012c0 (0x7afa2d13) x26 0x00000001
core   0: 0x800012c4 (0x96970c93) addi    s9, a4, -1687
core   0: 3 0x800012c4 (0x96970c93) x25 0xfffff95f
core   0: 0x800012c8 (0x00170713) addi    a4, a4, 1
core   0: 3 0x800012c8 (0x00170713) x14 0xfffffff7
core   0: 0x800012cc (0x01911cb3) sll     s9, sp, s9
core   0: 3 0x800012cc (0x01911cb3) x25 0x80000000
core   0: 0x800012d0 (0x6b835b97) auipc   s7, 0x6b835
core   0: 3 0x800012d0 (0x6b835b97) x23 0xeb8362d0
core   0: 0x800012d4 (0x00a00693) li      a3, 10
core   0: 3 0x800012d4 (0x00a00693) x13 0x0000000a
core   0: 0x800012d8 (0x00a00393) li      t2, 10
core   0: 3 0x800012d8 (0x00a00393) x 7 0x0000000a
core   0: 0x800012dc (0x0208efb3) rem     t6, a7, zero
core   0: 3 0x800012dc (0x0208efb3) x31 0x0000011d
core   0: 0x800012e0 (0x031e8833) mul     a6, t4, a7
core   0: 3 0x800012e0 (0x031e8833) x16 0x0000011d
core   0: 0x800012e4 (0xffa68693) addi    a3, a3, -6
core   0: 3 0x800012e4 (0xffa68693) x13 0x00000004
core   0: 0x800012e8 (0xfe76fce3) bgeu    a3, t2, pc - 8
core   0: 3 0x800012e8 (0xfe76fce3)
core   0: 0x800012ec (0xfc870ae3) beq     a4, s0, pc - 44
core   0: 3 0x800012ec (0xfc870ae3)
core   0: 0x800012f0 (0x014802b3) add     t0, a6, s4
core   0: 3 0x800012f0 (0x014802b3) x 5 0xf88ff11d
core   0: 0x800012f4 (0xffa00613) li      a2, -6
core   0: 3 0x800012f4 (0xffa00613) x12 0xfffffffa
core   0: 0x800012f8 (0x00f00d93) li      s11, 15
core   0: 3 0x800012f8 (0x00f00d93) x27 0x0000000f
core   0: 0x800012fc (0x03406b33) rem     s6, zero, s4
core   0: 3 0x800012fc (0x03406b33) x22 0x00000000
core   0: 0x80001300 (0x40d5dc93) srai    s9, a1, 13
core   0: 3 0x80001300 (0x40d5dc93) x25 0xffffffff
core   0: 0x80001304 (0x030b3933) mulhu   s2, s6, a6
core   0: 3 0x80001304 (0x030b3933) x18 0x00000000
core   0: 0x80001308 (0x01842cb3) slt     s9, s0, s8
core   0: 3 0x80001308 (0x01842cb3) x25 0x00000001
core   0: 0x8000130c (0x00a19693) slli    a3, gp, 10
core   0: 3 0x8000130c (0x00a19693) x13 0x13487000
core   0: 0x80001310 (0x00a60613) addi    a2, a2, 10
core   0: 3 0x80001310 (0x00a60613) x12 0x00000004
core   0: 0x80001314 (0x40fedc93) srai    s9, t4, 15
core   0: 3 0x80001314 (0x40fedc93) x25 0x00000000
core   0: 0x80001318 (0x00b45393) srli    t2, s0, 11
core   0: 3 0x80001318 (0x00b45393) x 7 0x00000000
core   0: 0x8000131c (0x00700b93) li      s7, 7
core   0: 3 0x8000131c (0x00700b93) x23 0x00000007
core   0: 0x80001320 (0x00400813) li      a6, 4
core   0: 3 0x80001320 (0x00400813) x16 0x00000004
core   0: 0x80001324 (0x026b44b3) div     s1, s6, t1
core   0: 3 0x80001324 (0x026b44b3) x 9 0xffffffff
core   0: 0x80001328 (0x47793993) sltiu   s3, s2, 1143
core   0: 3 0x80001328 (0x47793993) x19 0x00000001
core   0: 0x8000132c (0xfffb8b93) addi    s7, s7, -1
core   0: 3 0x8000132c (0xfffb8b93) x23 0x00000006
core   0: 0x80001330 (0xd5816293) ori     t0, sp, -680
core   0: 3 0x80001330 (0xd5816293) x 5 0xfffffd59
core   0: 0x80001334 (0xff0b98e3) bne     s7, a6, pc - 16
core   0: 3 0x80001334 (0xff0b98e3)
core   0: 0x80001324 (0x026b44b3) div     s1, s6, t1
core   0: 3 0x80001324 (0x026b44b3) x 9 0xffffffff
core   0: 0x80001328 (0x47793993) sltiu   s3, s2, 1143
core   0: 3 0x80001328 (0x47793993) x19 0x00000001
core   0: 0x8000132c (0xfffb8b93) addi    s7, s7, -1
core   0: 3 0x8000132c (0xfffb8b93) x23 0x00000005
core   0: 0x80001330 (0xd5816293) ori     t0, sp, -680
core   0: 3 0x80001330 (0xd5816293) x 5 0xfffffd59
core   0: 0x80001334 (0xff0b98e3) bne     s7, a6, pc - 16
core   0: 3 0x80001334 (0xff0b98e3)
core   0: 0x80001324 (0x026b44b3) div     s1, s6, t1
core   0: 3 0x80001324 (0x026b44b3) x 9 0xffffffff
core   0: 0x80001328 (0x47793993) sltiu   s3, s2, 1143
core   0: 3 0x80001328 (0x47793993) x19 0x00000001
core   0: 0x8000132c (0xfffb8b93) addi    s7, s7, -1
core   0: 3 0x8000132c (0xfffb8b93) x23 0x00000004
core   0: 0x80001330 (0xd5816293) ori     t0, sp, -680
core   0: 3 0x80001330 (0xd5816293) x 5 0xfffffd59
core   0: 0x80001334 (0xff0b98e3) bne     s7, a6, pc - 16
core   0: 3 0x80001334 (0xff0b98e3)
core   0: 0x80001338 (0x03bf9933) mulh    s2, t6, s11
core   0: 3 0x80001338 (0x03bf9933) x18 0x00000000
core   0: 0x8000133c (0x02968d33) mul     s10, a3, s1
core   0: 3 0x8000133c (0x02968d33) x26 0xecb79000
core   0: 0x80001340 (0x00000013) nop
core   0: 3 0x80001340 (0x00000013)
core   0: 0x80001344 (0x00e07033) and     zero, zero, a4
core   0: 3 0x80001344 (0x00e07033)
core   0: 0x80001348 (0x0050a733) slt     a4, ra, t0
core   0: 3 0x80001348 (0x0050a733) x14 0x00000001
core   0: 0x8000134c (0xfbb64ce3) blt     a2, s11, pc - 72
core   0: 3 0x8000134c (0xfbb64ce3)
core   0: 0x80001304 (0x030b3933) mulhu   s2, s6, a6
core   0: 3 0x80001304 (0x030b3933) x18 0x00000000
core   0: 0x80001308 (0x01842cb3) slt     s9, s0, s8
core   0: 3 0x80001308 (0x01842cb3) x25 0x00000001
core   0: 0x8000130c (0x00a19693) slli    a3, gp, 10
core   0: 3 0x8000130c (0x00a19693) x13 0x13487000
core   0: 0x80001310 (0x00a60613) addi    a2, a2, 10
core   0: 3 0x80001310 (0x00a60613) x12 0x0000000e
core   0: 0x80001314 (0x40fedc93) srai    s9, t4, 15
core   0: 3 0x80001314 (0x40fedc93) x25 0x00000000
core   0: 0x80001318 (0x00b45393) srli    t2, s0, 11
core   0: 3 0x80001318 (0x00b45393) x 7 0x00000000
core   0: 0x8000131c (0x00700b93) li      s7, 7
core   0: 3 0x8000131c (0x00700b93) x23 0x00000007
core   0: 0x80001320 (0x00400813) li      a6, 4
core   0: 3 0x80001320 (0x00400813) x16 0x00000004
core   0: 0x80001324 (0x026b44b3) div     s1, s6, t1
core   0: 3 0x80001324 (0x026b44b3) x 9 0xffffffff
core   0: 0x80001328 (0x47793993) sltiu   s3, s2, 1143
core   0: 3 0x80001328 (0x47793993) x19 0x00000001
core   0: 0x8000132c (0xfffb8b93) addi    s7, s7, -1
core   0: 3 0x8000132c (0xfffb8b93) x23 0x00000006
core   0: 0x80001330 (0xd5816293) ori     t0, sp, -680
core   0: 3 0x80001330 (0xd5816293) x 5 0xfffffd59
core   0: 0x80001334 (0xff0b98e3) bne     s7, a6, pc - 16
core   0: 3 0x80001334 (0xff0b98e3)
core   0: 0x80001324 (0x026b44b3) div     s1, s6, t1
core   0: 3 0x80001324 (0x026b44b3) x 9 0xffffffff
core   0: 0x80001328 (0x47793993) sltiu   s3, s2, 1143
core   0: 3 0x80001328 (0x47793993) x19 0x00000001
core   0: 0x8000132c (0xfffb8b93) addi    s7, s7, -1
core   0: 3 0x8000132c (0xfffb8b93) x23 0x00000005
core   0: 0x80001330 (0xd5816293) ori     t0, sp, -680
core   0: 3 0x80001330 (0xd5816293) x 5 0xfffffd59
core   0: 0x80001334 (0xff0b98e3) bne     s7, a6, pc - 16
core   0: 3 0x80001334 (0xff0b98e3)
core   0: 0x80001324 (0x026b44b3) div     s1, s6, t1
core   0: 3 0x80001324 (0x026b44b3) x 9 0xffffffff
core   0: 0x80001328 (0x47793993) sltiu   s3, s2, 1143
core   0: 3 0x80001328 (0x47793993) x19 0x00000001
core   0: 0x8000132c (0xfffb8b93) addi    s7, s7, -1
core   0: 3 0x8000132c (0xfffb8b93) x23 0x00000004
core   0: 0x80001330 (0xd5816293) ori     t0, sp, -680
core   0: 3 0x80001330 (0xd5816293) x 5 0xfffffd59
core   0: 0x80001334 (0xff0b98e3) bne     s7, a6, pc - 16
core   0: 3 0x80001334 (0xff0b98e3)
core   0: 0x80001338 (0x03bf9933) mulh    s2, t6, s11
core   0: 3 0x80001338 (0x03bf9933) x18 0x00000000
core   0: 0x8000133c (0x02968d33) mul     s10, a3, s1
core   0: 3 0x8000133c (0x02968d33) x26 0xecb79000
core   0: 0x80001340 (0x00000013) nop
core   0: 3 0x80001340 (0x00000013)
core   0: 0x80001344 (0x00e07033) and     zero, zero, a4
core   0: 3 0x80001344 (0x00e07033)
core   0: 0x80001348 (0x0050a733) slt     a4, ra, t0
core   0: 3 0x80001348 (0x0050a733) x14 0x00000001
core   0: 0x8000134c (0xfbb64ce3) blt     a2, s11, pc - 72
core   0: 3 0x8000134c (0xfbb64ce3)
core   0: 0x80001304 (0x030b3933) mulhu   s2, s6, a6
core   0: 3 0x80001304 (0x030b3933) x18 0x00000000
core   0: 0x80001308 (0x01842cb3) slt     s9, s0, s8
core   0: 3 0x80001308 (0x01842cb3) x25 0x00000001
core   0: 0x8000130c (0x00a19693) slli    a3, gp, 10
core   0: 3 0x8000130c (0x00a19693) x13 0x13487000
core   0: 0x80001310 (0x00a60613) addi    a2, a2, 10
core   0: 3 0x80001310 (0x00a60613) x12 0x00000018
core   0: 0x80001314 (0x40fedc93) srai    s9, t4, 15
core   0: 3 0x80001314 (0x40fedc93) x25 0x00000000
core   0: 0x80001318 (0x00b45393) srli    t2, s0, 11
core   0: 3 0x80001318 (0x00b45393) x 7 0x00000000
core   0: 0x8000131c (0x00700b93) li      s7, 7
core   0: 3 0x8000131c (0x00700b93) x23 0x00000007
core   0: 0x80001320 (0x00400813) li      a6, 4
core   0: 3 0x80001320 (0x00400813) x16 0x00000004
core   0: 0x80001324 (0x026b44b3) div     s1, s6, t1
core   0: 3 0x80001324 (0x026b44b3) x 9 0xffffffff
core   0: 0x80001328 (0x47793993) sltiu   s3, s2, 1143
core   0: 3 0x80001328 (0x47793993) x19 0x00000001
core   0: 0x8000132c (0xfffb8b93) addi    s7, s7, -1
core   0: 3 0x8000132c (0xfffb8b93) x23 0x00000006
core   0: 0x80001330 (0xd5816293) ori     t0, sp, -680
core   0: 3 0x80001330 (0xd5816293) x 5 0xfffffd59
core   0: 0x80001334 (0xff0b98e3) bne     s7, a6, pc - 16
core   0: 3 0x80001334 (0xff0b98e3)
core   0: 0x80001324 (0x026b44b3) div     s1, s6, t1
core   0: 3 0x80001324 (0x026b44b3) x 9 0xffffffff
core   0: 0x80001328 (0x47793993) sltiu   s3, s2, 1143
core   0: 3 0x80001328 (0x47793993) x19 0x00000001
core   0: 0x8000132c (0xfffb8b93) addi    s7, s7, -1
core   0: 3 0x8000132c (0xfffb8b93) x23 0x00000005
core   0: 0x80001330 (0xd5816293) ori     t0, sp, -680
core   0: 3 0x80001330 (0xd5816293) x 5 0xfffffd59
core   0: 0x80001334 (0xff0b98e3) bne     s7, a6, pc - 16
core   0: 3 0x80001334 (0xff0b98e3)
core   0: 0x80001324 (0x026b44b3) div     s1, s6, t1
core   0: 3 0x80001324 (0x026b44b3) x 9 0xffffffff
core   0: 0x80001328 (0x47793993) sltiu   s3, s2, 1143
core   0: 3 0x80001328 (0x47793993) x19 0x00000001
core   0: 0x8000132c (0xfffb8b93) addi    s7, s7, -1
core   0: 3 0x8000132c (0xfffb8b93) x23 0x00000004
core   0: 0x80001330 (0xd5816293) ori     t0, sp, -680
core   0: 3 0x80001330 (0xd5816293) x 5 0xfffffd59
core   0: 0x80001334 (0xff0b98e3) bne     s7, a6, pc - 16
core   0: 3 0x80001334 (0xff0b98e3)
core   0: 0x80001338 (0x03bf9933) mulh    s2, t6, s11
core   0: 3 0x80001338 (0x03bf9933) x18 0x00000000
core   0: 0x8000133c (0x02968d33) mul     s10, a3, s1
core   0: 3 0x8000133c (0x02968d33) x26 0xecb79000
core   0: 0x80001340 (0x00000013) nop
core   0: 3 0x80001340 (0x00000013)
core   0: 0x80001344 (0x00e07033) and     zero, zero, a4
core   0: 3 0x80001344 (0x00e07033)
core   0: 0x80001348 (0x0050a733) slt     a4, ra, t0
core   0: 3 0x80001348 (0x0050a733) x14 0x00000001
core   0: 0x8000134c (0xfbb64ce3) blt     a2, s11, pc - 72
core   0: 3 0x8000134c (0xfbb64ce3)
core   0: 0x80001350 (0x014dca33) xor     s4, s11, s4
core   0: 3 0x80001350 (0x014dca33) x20 0xf88ff00f
core   0: 0x80001354 (0x00700613) li      a2, 7
core   0: 3 0x80001354 (0x00700613) x12 0x00000007
core   0: 0x80001358 (0x032e9133) mulh    sp, t4, s2
core   0: 3 0x80001358 (0x032e9133) x 2 0x00000000
core   0: 0x8000135c (0x00000013) nop
core   0: 3 0x8000135c (0x00000013)
core   0: 0x80001360 (0x01381513) slli    a0, a6, 19
core   0: 3 0x80001360 (0x01381513) x10 0x00200000
core   0: 0x80001364 (0x013465b3) or      a1, s0, s3
core   0: 3 0x80001364 (0x013465b3) x11 0x00000011
core   0: 0x80001368 (0x00000013) nop
core   0: 3 0x80001368 (0x00000013)
core   0: 0x8000136c (0x00239393) slli    t2, t2, 2
core   0: 3 0x8000136c (0x00239393) x 7 0x00000000
core   0: 0x80001370 (0x006963b3) or      t2, s2, t1
core   0: 3 0x80001370 (0x006963b3) x 7 0x00000000
core   0: 0x80001374 (0xcc518593) addi    a1, gp, -827
core   0: 3 0x80001374 (0xcc518593) x11 0xf8c4cee1
core   0: 0x80001378 (0x4067ad37) lui     s10, 0x4067a
core   0: 3 0x80001378 (0x4067ad37) x26 0x4067a000
core   0: 0x8000137c (0x00800913) li      s2, 8
core   0: 3 0x8000137c (0x00800913) x18 0x00000008
core   0: 0x80001380 (0x026e54b3) divu    s1, t3, t1
core   0: 3 0x80001380 (0x026e54b3) x 9 0xffffffff
core   0: 0x80001384 (0x025c7c33) remu    s8, s8, t0
core   0: 3 0x80001384 (0x025c7c33) x24 0x00000013
core   0: 0x80001388 (0xc9d22393) slti    t2, tp, -867
core   0: 3 0x80001388 (0xc9d22393) x 7 0x00000000
core   0: 0x8000138c (0x00160613) addi    a2, a2, 1
core   0: 3 0x8000138c (0x00160613) x12 0x00000008
core   0: 0x80001390 (0x00900693) li      a3, 9
core   0: 3 0x80001390 (0x00900693) x13 0x00000009
core   0: 0x80001394 (0x01300713) li      a4, 19
core   0: 3 0x80001394 (0x01300713) x14 0x00000013
core   0: 0x80001398 (0x03923233) mulhu   tp, tp, s9
core   0: 3 0x80001398 (0x03923233) x 4 0x00000000
core   0: 0x8000139c (0x46840297) auipc   t0, 0x46840
core   0: 3 0x8000139c (0x46840297) x 5 0xc684139c
core   0: 0x800013a0 (0x01823033) sltu    zero, tp, s8
core   0: 3 0x800013a0 (0x01823033)
core   0: 0x800013a4 (0x023240b3) div     ra, tp, gp
core   0: 3 0x800013a4 (0x023240b3) x 1 0x00000000
core   0: 0x800013a8 (0x00168693) addi    a3, a3, 1
core   0: 3 0x800013a8 (0x00168693) x13 0x0000000a
core   0: 0x800013ac (0xfee69ae3) bne     a3, a4, pc - 12
core   0: 3 0x800013ac (0xfee69ae3)
core   0: 0x800013a0 (0x01823033) sltu    zero, tp, s8
core   0: 3 0x800013a0 (0x01823033)
core   0: 0x800013a4 (0x023240b3) div     ra, tp, gp
core   0: 3 0x800013a4 (0x023240b3) x 1 0x00000000
core   0: 0x800013a8 (0x00168693) addi    a3, a3, 1
core   0: 3 0x800013a8 (0x00168693) x13 0x0000000b
core   0: 0x800013ac (0xfee69ae3) bne     a3, a4, pc - 12
core   0: 3 0x800013ac (0xfee69ae3)
core   0: 0x800013a0 (0x01823033) sltu    zero, tp, s8
core   0: 3 0x800013a0 (0x01823033)
core   0: 0x800013a4 (0x023240b3) div     ra, tp, gp
core   0: 3 0x800013a4 (0x023240b3) x 1 0x00000000
core   0: 0x800013a8 (0x00168693) addi    a3, a3, 1
core   0: 3 0x800013a8 (0x00168693) x13 0x0000000c
core   0: 0x800013ac (0xfee69ae3) bne     a3, a4, pc - 12
core   0: 3 0x800013ac (0xfee69ae3)
core   0: 0x800013a0 (0x01823033) sltu    zero, tp, s8
core   0: 3 0x800013a0 (0x01823033)
core   0: 0x800013a4 (0x023240b3) div     ra, tp, gp
core   0: 3 0x800013a4 (0x023240b3) x 1 0x00000000
core   0: 0x800013a8 (0x00168693) addi    a3, a3, 1
core   0: 3 0x800013a8 (0x00168693) x13 0x0000000d
core   0: 0x800013ac (0xfee69ae3) bne     a3, a4, pc - 12
core   0: 3 0x800013ac (0xfee69ae3)
core   0: 0x800013a0 (0x01823033) sltu    zero, tp, s8
core   0: 3 0x800013a0 (0x01823033)
core   0: 0x800013a4 (0x023240b3) div     ra, tp, gp
core   0: 3 0x800013a4 (0x023240b3) x 1 0x00000000
core   0: 0x800013a8 (0x00168693) addi    a3, a3, 1
core   0: 3 0x800013a8 (0x00168693) x13 0x0000000e
core   0: 0x800013ac (0xfee69ae3) bne     a3, a4, pc - 12
core   0: 3 0x800013ac (0xfee69ae3)
core   0: 0x800013a0 (0x01823033) sltu    zero, tp, s8
core   0: 3 0x800013a0 (0x01823033)
core   0: 0x800013a4 (0x023240b3) div     ra, tp, gp
core   0: 3 0x800013a4 (0x023240b3) x 1 0x00000000
core   0: 0x800013a8 (0x00168693) addi    a3, a3, 1
core   0: 3 0x800013a8 (0x00168693) x13 0x0000000f
core   0: 0x800013ac (0xfee69ae3) bne     a3, a4, pc - 12
core   0: 3 0x800013ac (0xfee69ae3)
core   0: 0x800013a0 (0x01823033) sltu    zero, tp, s8
core   0: 3 0x800013a0 (0x01823033)
core   0: 0x800013a4 (0x023240b3) div     ra, tp, gp
core   0: 3 0x800013a4 (0x023240b3) x 1 0x00000000
core   0: 0x800013a8 (0x00168693) addi    a3, a3, 1
core   0: 3 0x800013a8 (0x00168693) x13 0x00000010
core   0: 0x800013ac (0xfee69ae3) bne     a3, a4, pc - 12
core   0: 3 0x800013ac (0xfee69ae3)
core   0: 0x800013a0 (0x01823033) sltu    zero, tp, s8
core   0: 3 0x800013a0 (0x01823033)
core   0: 0x800013a4 (0x023240b3) div     ra, tp, gp
core   0: 3 0x800013a4 (0x023240b3) x 1 0x00000000
core   0: 0x800013a8 (0x00168693) addi    a3, a3, 1
core   0: 3 0x800013a8 (0x00168693) x13 0x00000011
core   0: 0x800013ac (0xfee69ae3) bne     a3, a4, pc - 12
core   0: 3 0x800013ac (0xfee69ae3)
core   0: 0x800013a0 (0x01823033) sltu    zero, tp, s8
core   0: 3 0x800013a0 (0x01823033)
core   0: 0x800013a4 (0x023240b3) div     ra, tp, gp
core   0: 3 0x800013a4 (0x023240b3) x 1 0x00000000
core   0: 0x800013a8 (0x00168693) addi    a3, a3, 1
core   0: 3 0x800013a8 (0x00168693) x13 0x00000012
core   0: 0x800013ac (0xfee69ae3) bne     a3, a4, pc - 12
core   0: 3 0x800013ac (0xfee69ae3)
core   0: 0x800013a0 (0x01823033) sltu    zero, tp, s8
core   0: 3 0x800013a0 (0x01823033)
core   0: 0x800013a4 (0x023240b3) div     ra, tp, gp
core   0: 3 0x800013a4 (0x023240b3) x 1 0x00000000
core   0: 0x800013a8 (0x00168693) addi    a3, a3, 1
core   0: 3 0x800013a8 (0x00168693) x13 0x00000013
core   0: 0x800013ac (0xfee69ae3) bne     a3, a4, pc - 12
core   0: 3 0x800013ac (0xfee69ae3)
core   0: 0x800013b0 (0x029158b3) divu    a7, sp, s1
core   0: 3 0x800013b0 (0x029158b3) x17 0x00000000
core   0: 0x800013b4 (0xac054b13) xori    s6, a0, -1344
core   0: 3 0x800013b4 (0xac054b13) x22 0xffdffac0
core   0: 0x800013b8 (0x40cc5233) sra     tp, s8, a2
core   0: 3 0x800013b8 (0x40cc5233) x 4 0x00000000
core   0: 0x800013bc (0xfd2664e3) bltu    a2, s2, pc - 56
core   0: 3 0x800013bc (0xfd2664e3)
core   0: 0x800013c0 (0x00000013) nop
core   0: 3 0x800013c0 (0x00000013)
core   0: 0x800013c4 (0x00500193) li      gp, 5
core   0: 3 0x800013c4 (0x00500193) x 3 0x00000005
core   0: 0x800013c8 (0x01e8bc33) sltu    s8, a7, t5
core   0: 3 0x800013c8 (0x01e8bc33) x24 0x00000000
core   0: 0x800013cc (0xff700d13) li      s10, -9
core   0: 3 0x800013cc (0xff700d13) x26 0xfffffff7
core   0: 0x800013d0 (0x00000013) nop
core   0: 3 0x800013d0 (0x00000013)
core   0: 0x800013d4 (0x018bb3b3) sltu    t2, s7, s8
core   0: 3 0x800013d4 (0x018bb3b3) x 7 0x00000000
core   0: 0x800013d8 (0x014239b3) sltu    s3, tp, s4
core   0: 3 0x800013d8 (0x014239b3) x19 0x00000001
core   0: 0x800013dc (0x00000013) nop
core   0: 3 0x800013dc (0x00000013)
core   0: 0x800013e0 (0xff618193) addi    gp, gp, -10
core   0: 3 0x800013e0 (0xff618193) x 3 0xfffffffb
core   0: 0x800013e4 (0xffa00893) li      a7, -6
core   0: 3 0x800013e4 (0xffa00893) x17 0xfffffffa
core   0: 0x800013e8 (0x03d27833) remu    a6, tp, t4
core   0: 3 0x800013e8 (0x03d27833) x16 0x00000000
core   0: 0x800013ec (0xff200a13) li      s4, -14
core   0: 3 0x800013ec (0xff200a13) x20 0xfffffff2
core   0: 0x800013f0 (0x01bc5bb3) srl     s7, s8, s11
core   0: 3 0x800013f0 (0x01bc5bb3) x23 0x00000000
core   0: 0x800013f4 (0x02be34b3) mulhu   s1, t3, a1
core   0: 3 0x800013f4 (0x02be34b3) x 9 0x00000000
core   0: 0x800013f8 (0x00dc5913) srli    s2, s8, 13
core   0: 3 0x800013f8 (0x00dc5913) x18 0x00000000
core   0: 0x800013fc (0x378ba693) slti    a3, s7, 888
core   0: 3 0x800013fc (0x378ba693) x13 0x00000001
core   0: 0x80001400 (0xff888893) addi    a7, a7, -8
core   0: 3 0x80001400 (0xff888893) x17 0xfffffff2
core   0: 0x80001404 (0x9ade5d97) auipc   s11, 0x9ade5
core   0: 3 0x80001404 (0x9ade5d97) x27 0x1ade6404
core   0: 0x80001408 (0xff4896e3) bne     a7, s4, pc - 20
core   0: 3 0x80001408 (0xff4896e3)
core   0: 0x8000140c (0x0287bdb3) mulhu   s11, a5, s0
core   0: 3 0x8000140c (0x0287bdb3) x27 0x00000008
core   0: 0x80001410 (0xfda1d4e3) bge     gp, s10, pc - 56
core   0: 3 0x80001410 (0xfda1d4e3)
core   0: 0x800013d8 (0x014239b3) sltu    s3, tp, s4
core   0: 3 0x800013d8 (0x014239b3) x19 0x00000001
core   0: 0x800013dc (0x00000013) nop
core   0: 3 0x800013dc (0x00000013)
core   0: 0x800013e0 (0xff618193) addi    gp, gp, -10
core   0: 3 0x800013e0 (0xff618193) x 3 0xfffffff1
core   0: 0x800013e4 (0xffa00893) li      a7, -6
core   0: 3 0x800013e4 (0xffa00893) x17 0xfffffffa
core   0: 0x800013e8 (0x03d27833) remu    a6, tp, t4
core   0: 3 0x800013e8 (0x03d27833) x16 0x00000000
core   0: 0x800013ec (0xff200a13) li      s4, -14
core   0: 3 0x800013ec (0xff200a13) x20 0xfffffff2
core   0: 0x800013f0 (0x01bc5bb3) srl     s7, s8, s11
core   0: 3 0x800013f0 (0x01bc5bb3) x23 0x00000000
core   0: 0x800013f4 (0x02be34b3) mulhu   s1, t3, a1
core   0: 3 0x800013f4 (0x02be34b3) x 9 0x00000000
core   0: 0x800013f8 (0x00dc5913) srli    s2, s8, 13
core   0: 3 0x800013f8 (0x00dc5913) x18 0x00000000
core   0: 0x800013fc (0x378ba693) slti    a3, s7, 888
core   0: 3 0x800013fc (0x378ba693) x13 0x00000001
core   0: 0x80001400 (0xff888893) addi    a7, a7, -8
core   0: 3 0x80001400 (0xff888893) x17 0xfffffff2
core   0: 0x80001404 (0x9ade5d97) auipc   s11, 0x9ade5
core   0: 3 0x80001404 (0x9ade5d97) x27 0x1ade6404
core   0: 0x80001408 (0xff4896e3) bne     a7, s4, pc - 20
core   0: 3 0x80001408 (0xff4896e3)
core   0: 0x8000140c (0x0287bdb3) mulhu   s11, a5, s0
core   0: 3 0x8000140c (0x0287bdb3) x27 0x00000008
core   0: 0x80001410 (0xfda1d4e3) bge     gp, s10, pc - 56
core   0: 3 0x80001410 (0xfda1d4e3)
core   0: 0x80001414 (0x8d538b93) addi    s7, t2, -1835
core   0: 3 0x80001414 (0x8d538b93) x23 0xfffff8d5
core   0: 0x80001418 (0xff800713) li      a4, -8
core   0: 3 0x80001418 (0xff800713) x14 0xfffffff8
core   0: 0x8000141c (0x00384db3) xor     s11, a6, gp
core   0: 3 0x8000141c (0x00384db3) x27 0xfffffff1
core   0: 0x80001420 (0x015f9113) slli    sp, t6, 21
core   0: 3 0x80001420 (0x015f9113) x 2 0x23a00000
core   0: 0x80001424 (0x01cc8533) add     a0, s9, t3
core   0: 3 0x80001424 (0x01cc8533) x10 0x00000000
core   0: 0x80001428 (0x03e552b3) divu    t0, a0, t5
core   0: 3 0x80001428 (0x03e552b3) x 5 0xffffffff
core   0: 0x8000142c (0x939745b7) lui     a1, 0x93974
core   0: 3 0x8000142c (0x939745b7) x11 0x93974000
core   0: 0x80001430 (0x02aaf833) remu    a6, s5, a0
core   0: 3 0x80001430 (0x02aaf833) x16 0x80029ce4
core   0: 0x80001434 (0x00100e13) li      t3, 1
core   0: 3 0x80001434 (0x00100e13) x28 0x00000001
core   0: 0x80001438 (0x01a84db3) xor     s11, a6, s10
core   0: 3 0x80001438 (0x01a84db3) x27 0x7ffd6313
core   0: 0x8000143c (0x89a18093) addi    ra, gp, -1894
core   0: 3 0x8000143c (0x89a18093) x 1 0xfffff88b
core   0: 0x80001440 (0x00970713) addi    a4, a4, 9
core   0: 3 0x80001440 (0x00970713) x14 0x00000001
core   0: 0x80001444 (0x03a12fb3) mulhsu  t6, sp, s10
core   0: 3 0x80001444 (0x03a12fb3) x31 0x239ffffe
core   0: 0x80001448 (0xffe00413) li      s0, -2
core   0: 3 0x80001448 (0xffe00413) x 8 0xfffffffe
core   0: 0x8000144c (0x20cdbb17) auipc   s6, 0x20cdb
core   0: 3 0x8000144c (0x20cdbb17) x22 0xa0cdc44c
core   0: 0x80001450 (0xff200a13) li      s4, -14
core   0: 3 0x80001450 (0xff200a13) x20 0xfffffff2
core   0: 0x80001454 (0x741cb893) sltiu   a7, s9, 1857
core   0: 3 0x80001454 (0x741cb893) x17 0x00000001
core   0: 0x80001458 (0x029ca3b3) mulhsu  t2, s9, s1
core   0: 3 0x80001458 (0x029ca3b3) x 7 0x00000000
core   0: 0x8000145c (0x010629b3) slt     s3, a2, a6
core   0: 3 0x8000145c (0x010629b3) x19 0x00000000
core   0: 0x80001460 (0x010ccc33) xor     s8, s9, a6
core   0: 3 0x80001460 (0x010ccc33) x24 0x80029ce4
core   0: 0x80001464 (0xffc40413) addi    s0, s0, -4
core   0: 3 0x80001464 (0xffc40413) x 8 0xfffffffa
core   0: 0x80001468 (0xff4456e3) bge     s0, s4, pc - 20
core   0: 3 0x80001468 (0xff4456e3)
core   0: 0x80001454 (0x741cb893) sltiu   a7, s9, 1857
core   0: 3 0x80001454 (0x741cb893) x17 0x00000001
core   0: 0x80001458 (0x029ca3b3) mulhsu  t2, s9, s1
core   0: 3 0x80001458 (0x029ca3b3) x 7 0x00000000
core   0: 0x8000145c (0x010629b3) slt     s3, a2, a6
core   0: 3 0x8000145c (0x010629b3) x19 0x00000000
core   0: 0x80001460 (0x010ccc33) xor     s8, s9, a6
core   0: 3 0x80001460 (0x010ccc33) x24 0x80029ce4
core   0: 0x80001464 (0xffc40413) addi    s0, s0, -4
core   0: 3 0x80001464 (0xffc40413) x 8 0xfffffff6
core   0: 0x80001468 (0xff4456e3) bge     s0, s4, pc - 20
core   0: 3 0x80001468 (0xff4456e3)
core   0: 0x80001454 (0x741cb893) sltiu   a7, s9, 1857
core   0: 3 0x80001454 (0x741cb893) x17 0x00000001
core   0: 0x80001458 (0x029ca3b3) mulhsu  t2, s9, s1
core   0: 3 0x80001458 (0x029ca3b3) x 7 0x00000000
core   0: 0x8000145c (0x010629b3) slt     s3, a2, a6
core   0: 3 0x8000145c (0x010629b3) x19 0x00000000
core   0: 0x80001460 (0x010ccc33) xor     s8, s9, a6
core   0: 3 0x80001460 (0x010ccc33) x24 0x80029ce4
core   0: 0x80001464 (0xffc40413) addi    s0, s0, -4
core   0: 3 0x80001464 (0xffc40413) x 8 0xfffffff2
core   0: 0x80001468 (0xff4456e3) bge     s0, s4, pc - 20
core   0: 3 0x80001468 (0xff4456e3)
core   0: 0x80001454 (0x741cb893) sltiu   a7, s9, 1857
core   0: 3 0x80001454 (0x741cb893) x17 0x00000001
core   0: 0x80001458 (0x029ca3b3) mulhsu  t2, s9, s1
core   0: 3 0x80001458 (0x029ca3b3) x 7 0x00000000
core   0: 0x8000145c (0x010629b3) slt     s3, a2, a6
core   0: 3 0x8000145c (0x010629b3) x19 0x00000000
core   0: 0x80001460 (0x010ccc33) xor     s8, s9, a6
core   0: 3 0x80001460 (0x010ccc33) x24 0x80029ce4
core   0: 0x80001464 (0xffc40413) addi    s0, s0, -4
core   0: 3 0x80001464 (0xffc40413) x 8 0xffffffee
core   0: 0x80001468 (0xff4456e3) bge     s0, s4, pc - 20
core   0: 3 0x80001468 (0xff4456e3)
core   0: 0x8000146c (0x038d56b3) divu    a3, s10, s8
core   0: 3 0x8000146c (0x038d56b3) x13 0x00000001
core   0: 0x80001470 (0xfdc746e3) blt     a4, t3, pc - 52
core   0: 3 0x80001470 (0xfdc746e3)
core   0: 0x80001474 (0x87536b93) ori     s7, t1, -1931
core   0: 3 0x80001474 (0x87536b93) x23 0xfffff875
core   0: 0x80001478 (0x00800f93) li      t6, 8
core   0: 3 0x80001478 (0x00800f93) x31 0x00000008
core   0: 0x8000147c (0x02b34b33) div     s6, t1, a1
core   0: 3 0x8000147c (0x02b34b33) x22 0x00000000
core   0: 0x80001480 (0x00d62433) slt     s0, a2, a3
core   0: 3 0x80001480 (0x00d62433) x 8 0x00000000
core   0: 0x80001484 (0x02f984b3) mul     s1, s3, a5
core   0: 3 0x80001484 (0x02f984b3) x 9 0x00000000
core   0: 0x80001488 (0x01159e93) slli    t4, a1, 17
core   0: 3 0x80001488 (0x01159e93) x29 0x80000000
core   0: 0x8000148c (0x01aa5013) srli    zero, s4, 26
core   0: 3 0x8000148c (0x01aa5013)
core   0: 0x80001490 (0x00e00693) li      a3, 14
core   0: 3 0x80001490 (0x00e00693) x13 0x0000000e
core   0: 0x80001494 (0x40348533) sub     a0, s1, gp
core   0: 3 0x80001494 (0x40348533) x10 0x0000000f
core   0: 0x80001498 (0xfd3c3313) sltiu   t1, s8, -45
core   0: 3 0x80001498 (0xfd3c3313) x 6 0x00000001
core   0: 0x8000149c (0x00af8f93) addi    t6, t6, 10
core   0: 3 0x8000149c (0x00af8f93) x31 0x00000012
core   0: 0x800014a0 (0x00c5cdb3) xor     s11, a1, a2
core   0: 3 0x800014a0 (0x00c5cdb3) x27 0x93974008
core   0: 0x800014a4 (0x001be393) ori     t2, s7, 1
core   0: 3 0x800014a4 (0x001be393) x 7 0xfffff875
core   0: 0x800014a8 (0xa2636b37) lui     s6, 0xa2636
core   0: 3 0x800014a8 (0xa2636b37) x22 0xa2636000
core   0: 0x800014ac (0x41735893) srai    a7, t1, 23
core   0: 3 0x800014ac (0x41735893) x17 0x00000000
core   0: 0x800014b0 (0x036ee433) rem     s0, t4, s6
core   0: 3 0x800014b0 (0x036ee433) x 8 0xdd9ca000
core   0: 0x800014b4 (0x00a00993) li      s3, 10
core   0: 3 0x800014b4 (0x00a00993) x19 0x0000000a
core   0: 0x800014b8 (0x01616c33) or      s8, sp, s6
core   0: 3 0x800014b8 (0x01616c33) x24 0xa3e36000
core   0: 0x800014bc (0xff800813) li      a6, -8
core   0: 3 0x800014bc (0xff800813) x16 0xfffffff8
core   0: 0x800014c0 (0x00223433) sltu    s0, tp, sp
core   0: 3 0x800014c0 (0x00223433) x 8 0x00000001
core   0: 0x800014c4 (0x01fc3733) sltu    a4, s8, t6
core   0: 3 0x800014c4 (0x01fc3733) x14 0x00000000
core   0: 0x800014c8 (0x019b84b3) add     s1, s7, s9
core   0: 3 0x800014c8 (0x019b84b3) x 9 0xfffff875
core   0: 0x800014cc (0xacc83b93) sltiu   s7, a6, -1332
core   0: 3 0x800014cc (0xacc83b93) x23 0x00000000
core   0: 0x800014d0 (0x01dfcdb3) xor     s11, t6, t4
core   0: 3 0x800014d0 (0x01dfcdb3) x27 0x80000012
core   0: 0x800014d4 (0x011fa0b3) slt     ra, t6, a7
core   0: 3 0x800014d4 (0x011fa0b3) x 1 0x00000000
core   0: 0x800014d8 (0xff798993) addi    s3, s3, -9
core   0: 3 0x800014d8 (0xff798993) x19 0x00000001
core   0: 0x800014dc (0x00228c33) add     s8, t0, sp
core   0: 3 0x800014dc (0x00228c33) x24 0x239fffff
core   0: 0x800014e0 (0x01adc133) xor     sp, s11, s10
core   0: 3 0x800014e0 (0x01adc133) x 2 0x7fffffe5
core   0: 0x800014e4 (0xff0990e3) bne     s3, a6, pc - 32
core   0: 3 0x800014e4 (0xff0990e3)
core   0: 0x800014c4 (0x01fc3733) sltu    a4, s8, t6
core   0: 3 0x800014c4 (0x01fc3733) x14 0x00000000
core   0: 0x800014c8 (0x019b84b3) add     s1, s7, s9
core   0: 3 0x800014c8 (0x019b84b3) x 9 0x00000000
core   0: 0x800014cc (0xacc83b93) sltiu   s7, a6, -1332
core   0: 3 0x800014cc (0xacc83b93) x23 0x00000000
core   0: 0x800014d0 (0x01dfcdb3) xor     s11, t6, t4
core   0: 3 0x800014d0 (0x01dfcdb3) x27 0x80000012
core   0: 0x800014d4 (0x011fa0b3) slt     ra, t6, a7
core   0: 3 0x800014d4 (0x011fa0b3) x 1 0x00000000
core   0: 0x800014d8 (0xff798993) addi    s3, s3, -9
core   0: 3 0x800014d8 (0xff798993) x19 0xfffffff8
core   0: 0x800014dc (0x00228c33) add     s8, t0, sp
core   0: 3 0x800014dc (0x00228c33) x24 0x7fffffe4
core   0: 0x800014e0 (0x01adc133) xor     sp, s11, s10
core   0: 3 0x800014e0 (0x01adc133) x 2 0x7fffffe5
core   0: 0x800014e4 (0xff0990e3) bne     s3, a6, pc - 32
core   0: 3 0x800014e4 (0xff0990e3)
core   0: 0x800014e8 (0x0186f3b3) and     t2, a3, s8
core   0: 3 0x800014e8 (0x0186f3b3) x 7 0x00000004
core   0: 0x800014ec (0xfadfe6e3) bltu    t6, a3, pc - 84
core   0: 3 0x800014ec (0xfadfe6e3)
core   0: 0x800014f0 (0x01353333) sltu    t1, a0, s3
core   0: 3 0x800014f0 (0x01353333) x 6 0x00000001
core   0: 0x800014f4 (0xff600e93) li      t4, -10
core   0: 3 0x800014f4 (0xff600e93) x29 0xfffffff6
core   0: 0x800014f8 (0x824c85b7) lui     a1, 0x824c8
core   0: 3 0x800014f8 (0x824c85b7) x11 0x824c8000
core   0: 0x800014fc (0x02e923b3) mulhsu  t2, s2, a4
core   0: 3 0x800014fc (0x02e923b3) x 7 0x00000000
core   0: 0x80001500 (0x0233bcb3) mulhu   s9, t2, gp
core   0: 3 0x80001500 (0x0233bcb3) x25 0x00000000
core   0: 0x80001504 (0x84ad6337) lui     t1, 0x84ad6
core   0: 3 0x80001504 (0x84ad6337) x 6 0x84ad6000
core   0: 0x80001508 (0x02c98133) mul     sp, s3, a2
core   0: 3 0x80001508 (0x02c98133) x 2 0xffffffc0
core   0: 0x8000150c (0x0313c633) div     a2, t2, a7
core   0: 3 0x8000150c (0x0313c633) x12 0xffffffff
core   0: 0x80001510 (0x03dd4e33) div     t3, s10, t4
core   0: 3 0x80001510 (0x03dd4e33) x28 0x00000000
core   0: 0x80001514 (0x03eb2933) mulhsu  s2, s6, t5
core   0: 3 0x80001514 (0x03eb2933) x18 0x00000000
core   0: 0x80001518 (0x00392233) slt     tp, s2, gp
core   0: 3 0x80001518 (0x00392233) x 4 0x00000000
core   0: 0x8000151c (0x40c88433) sub     s0, a7, a2
core   0: 3 0x8000151c (0x40c88433) x 8 0x00000001
core   0: 0x80001520 (0x038b4cb3) div     s9, s6, s8
core   0: 3 0x80001520 (0x038b4cb3) x25 0x00000000
core   0: 0x80001524 (0x00000013) nop
core   0: 3 0x80001524 (0x00000013)
core   0: 0x80001528 (0x02db45b3) div     a1, s6, a3
core   0: 3 0x80001528 (0x02db45b3) x11 0xf9503db7
core   0: 0x8000152c (0x0266d2b3) divu    t0, a3, t1
core   0: 3 0x8000152c (0x0266d2b3) x 5 0x00000000
core   0: 0x80001530 (0x03c84d33) div     s10, a6, t3
core   0: 3 0x80001530 (0x03c84d33) x26 0xffffffff
core   0: 0x80001534 (0xff700813) li      a6, -9
core   0: 3 0x80001534 (0xff700813) x16 0xfffffff7
core   0: 0x80001538 (0x03c69b33) mulh    s6, a3, t3
core   0: 3 0x80001538 (0x03c69b33) x22 0x00000000
core   0: 0x8000153c (0x28e83193) sltiu   gp, a6, 654
core   0: 3 0x8000153c (0x28e83193) x 3 0x00000000
core   0: 0x80001540 (0xac546113) ori     sp, s0, -1339
core   0: 3 0x80001540 (0xac546113) x 2 0xfffffac5
core   0: 0x80001544 (0xd1534f93) xori    t6, t1, -747
core   0: 3 0x80001544 (0xd1534f93) x31 0x7b529d15
core   0: 0x80001548 (0x01c3fd33) and     s10, t2, t3
core   0: 3 0x80001548 (0x01c3fd33) x26 0x00000000
core   0: 0x8000154c (0x00000013) nop
core   0: 3 0x8000154c (0x00000013)
core   0: 0x80001550 (0x008e8e93) addi    t4, t4, 8
core   0: 3 0x80001550 (0x008e8e93) x29 0xfffffffe
core   0: 0x80001554 (0xff0ec6e3) blt     t4, a6, pc - 20
core   0: 3 0x80001554 (0xff0ec6e3)
core   0: 0x80001558 (0x405a89b3) sub     s3, s5, t0
core   0: 3 0x80001558 (0x405a89b3) x19 0x80029ce4
core   0: 0x8000155c (0xff600393) li      t2, -10
core   0: 3 0x8000155c (0xff600393) x 7 0xfffffff6
core   0: 0x80001560 (0x00d00d13) li      s10, 13
core   0: 3 0x80001560 (0x00d00d13) x26 0x0000000d
core   0: 0x80001564 (0x03ff94b3) mulh    s1, t6, t6
core   0: 3 0x80001564 (0x03ff94b3) x 9 0x3b687d9b
core   0: 0x80001568 (0xe29c0c13) addi    s8, s8, -471
core   0: 3 0x80001568 (0xe29c0c13) x24 0x7ffffe0d
core   0: 0x8000156c (0x00012033) slt     zero, sp, zero
core   0: 3 0x8000156c (0x00012033)
core   0: 0x80001570 (0x03422bb3) mulhsu  s7, tp, s4
core   0: 3 0x80001570 (0x03422bb3) x23 0x00000000
core   0: 0x80001574 (0xd02d4993) xori    s3, s10, -766
core   0: 3 0x80001574 (0xd02d4993) x19 0xfffffd0f
core   0: 0x80001578 (0x00438393) addi    t2, t2, 4
core   0: 3 0x80001578 (0x00438393) x 7 0xfffffffa
core   0: 0x8000157c (0x92e53997) auipc   s3, 0x92e53
core   0: 3 0x8000157c (0x92e53997) x19 0x12e5457c
core   0: 0x80001580 (0xff900693) li      a3, -7
core   0: 3 0x80001580 (0xff900693) x13 0xfffffff9
core   0: 0x80001584 (0x00700893) li      a7, 7
core   0: 3 0x80001584 (0x00700893) x17 0x00000007
core   0: 0x80001588 (0x036e7bb3) remu    s7, t3, s6
core   0: 3 0x80001588 (0x036e7bb3) x23 0x00000000
core   0: 0x8000158c (0x0127f033) and     zero, a5, s2
core   0: 3 0x8000158c (0x0127f033)
core   0: 0x80001590 (0x021632b3) mulhu   t0, a2, ra
core   0: 3 0x80001590 (0x021632b3) x 5 0x00000000
core   0: 0x80001594 (0xa23bf613) andi    a2, s7, -1501
core   0: 3 0x80001594 (0xa23bf613) x12 0x00000000
core   0: 0x80001598 (0x00868693) addi    a3, a3, 8
core   0: 3 0x80001598 (0x00868693) x13 0x00000001
core   0: 0x8000159c (0x40e3d313) srai    t1, t2, 14
core   0: 3 0x8000159c (0x40e3d313) x 6 0xffffffff
core   0: 0x800015a0 (0xff16c6e3) blt     a3, a7, pc - 20
core   0: 3 0x800015a0 (0xff16c6e3)
core   0: 0x8000158c (0x0127f033) and     zero, a5, s2
core   0: 3 0x8000158c (0x0127f033)
core   0: 0x80001590 (0x021632b3) mulhu   t0, a2, ra
core   0: 3 0x80001590 (0x021632b3) x 5 0x00000000
core   0: 0x80001594 (0xa23bf613) andi    a2, s7, -1501
core   0: 3 0x80001594 (0xa23bf613) x12 0x00000000
core   0: 0x80001598 (0x00868693) addi    a3, a3, 8
core   0: 3 0x80001598 (0x00868693) x13 0x00000009
core   0: 0x8000159c (0x40e3d313) srai    t1, t2, 14
core   0: 3 0x8000159c (0x40e3d313) x 6 0xffffffff
core   0: 0x800015a0 (0xff16c6e3) blt     a3, a7, pc - 20
core   0: 3 0x800015a0 (0xff16c6e3)
core   0: 0x800015a4 (0xffcb3017) auipc   zero, 0xffcb3
core   0: 3 0x800015a4 (0xffcb3017)
core   0: 0x800015a8 (0x021504b3) mul     s1, a0, ra
core   0: 3 0x800015a8 (0x021504b3) x 9 0x00000000
core   0: 0x800015ac (0xfba3cee3) blt     t2, s10, pc - 68
core   0: 3 0x800015ac (0xfba3cee3)
core   0: 0x80001568 (0xe29c0c13) addi    s8, s8, -471
core   0: 3 0x80001568 (0xe29c0c13) x24 0x7ffffc36
core   0: 0x8000156c (0x00012033) slt     zero, sp, zero
core   0: 3 0x8000156c (0x00012033)
core   0: 0x80001570 (0x03422bb3) mulhsu  s7, tp, s4
core   0: 3 0x80001570 (0x03422bb3) x23 0x00000000
core   0: 0x80001574 (0xd02d4993) xori    s3, s10, -766
core   0: 3 0x80001574 (0xd02d4993) x19 0xfffffd0f
core   0: 0x80001578 (0x00438393) addi    t2, t2, 4
core   0: 3 0x80001578 (0x00438393) x 7 0xfffffffe
core   0: 0x8000157c (0x92e53997) auipc   s3, 0x92e53
core   0: 3 0x8000157c (0x92e53997) x19 0x12e5457c
core   0: 0x80001580 (0xff900693) li      a3, -7
core   0: 3 0x80001580 (0xff900693) x13 0xfffffff9
core   0: 0x80001584 (0x00700893) li      a7, 7
core   0: 3 0x80001584 (0x00700893) x17 0x00000007
core   0: 0x80001588 (0x036e7bb3) remu    s7, t3, s6
core   0: 3 0x80001588 (0x036e7bb3) x23 0x00000000
core   0: 0x8000158c (0x0127f033) and     zero, a5, s2
core   0: 3 0x8000158c (0x0127f033)
core   0: 0x80001590 (0x021632b3) mulhu   t0, a2, ra
core   0: 3 0x80001590 (0x021632b3) x 5 0x00000000
core   0: 0x80001594 (0xa23bf613) andi    a2, s7, -1501
core   0: 3 0x80001594 (0xa23bf613) x12 0x00000000
core   0: 0x80001598 (0x00868693) addi    a3, a3, 8
core   0: 3 0x80001598 (0x00868693) x13 0x00000001
core   0: 0x8000159c (0x40e3d313) srai    t1, t2, 14
core   0: 3 0x8000159c (0x40e3d313) x 6 0xffffffff
core   0: 0x800015a0 (0xff16c6e3) blt     a3, a7, pc - 20
core   0: 3 0x800015a0 (0xff16c6e3)
core   0: 0x8000158c (0x0127f033) and     zero, a5, s2
core   0: 3 0x8000158c (0x0127f033)
core   0: 0x80001590 (0x021632b3) mulhu   t0, a2, ra
core   0: 3 0x80001590 (0x021632b3) x 5 0x00000000
core   0: 0x80001594 (0xa23bf613) andi    a2, s7, -1501
core   0: 3 0x80001594 (0xa23bf613) x12 0x00000000
core   0: 0x80001598 (0x00868693) addi    a3, a3, 8
core   0: 3 0x80001598 (0x00868693) x13 0x00000009
core   0: 0x8000159c (0x40e3d313) srai    t1, t2, 14
core   0: 3 0x8000159c (0x40e3d313) x 6 0xffffffff
core   0: 0x800015a0 (0xff16c6e3) blt     a3, a7, pc - 20
core   0: 3 0x800015a0 (0xff16c6e3)
core   0: 0x800015a4 (0xffcb3017) auipc   zero, 0xffcb3
core   0: 3 0x800015a4 (0xffcb3017)
core   0: 0x800015a8 (0x021504b3) mul     s1, a0, ra
core   0: 3 0x800015a8 (0x021504b3) x 9 0x00000000
core   0: 0x800015ac (0xfba3cee3) blt     t2, s10, pc - 68
core   0: 3 0x800015ac (0xfba3cee3)
core   0: 0x80001568 (0xe29c0c13) addi    s8, s8, -471
core   0: 3 0x80001568 (0xe29c0c13) x24 0x7ffffa5f
core   0: 0x8000156c (0x00012033) slt     zero, sp, zero
core   0: 3 0x8000156c (0x00012033)
core   0: 0x80001570 (0x03422bb3) mulhsu  s7, tp, s4
core   0: 3 0x80001570 (0x03422bb3) x23 0x00000000
core   0: 0x80001574 (0xd02d4993) xori    s3, s10, -766
core   0: 3 0x80001574 (0xd02d4993) x19 0xfffffd0f
core   0: 0x80001578 (0x00438393) addi    t2, t2, 4
core   0: 3 0x80001578 (0x00438393) x 7 0x00000002
core   0: 0x8000157c (0x92e53997) auipc   s3, 0x92e53
core   0: 3 0x8000157c (0x92e53997) x19 0x12e5457c
core   0: 0x80001580 (0xff900693) li      a3, -7
core   0: 3 0x80001580 (0xff900693) x13 0xfffffff9
core   0: 0x80001584 (0x00700893) li      a7, 7
core   0: 3 0x80001584 (0x00700893) x17 0x00000007
core   0: 0x80001588 (0x036e7bb3) remu    s7, t3, s6
core   0: 3 0x80001588 (0x036e7bb3) x23 0x00000000
core   0: 0x8000158c (0x0127f033) and     zero, a5, s2
core   0: 3 0x8000158c (0x0127f033)
core   0: 0x80001590 (0x021632b3) mulhu   t0, a2, ra
core   0: 3 0x80001590 (0x021632b3) x 5 0x00000000
core   0: 0x80001594 (0xa23bf613) andi    a2, s7, -1501
core   0: 3 0x80001594 (0xa23bf613) x12 0x00000000
core   0: 0x80001598 (0x00868693) addi    a3, a3, 8
core   0: 3 0x80001598 (0x00868693) x13 0x00000001
core   0: 0x8000159c (0x40e3d313) srai    t1, t2, 14
core   0: 3 0x8000159c (0x40e3d313) x 6 0x00000000
core   0: 0x800015a0 (0xff16c6e3) blt     a3, a7, pc - 20
core   0: 3 0x800015a0 (0xff16c6e3)
core   0: 0x8000158c (0x0127f033) and     zero, a5, s2
core   0: 3 0x8000158c (0x0127f033)
core   0: 0x80001590 (0x021632b3) mulhu   t0, a2, ra
core   0: 3 0x80001590 (0x021632b3) x 5 0x00000000
core   0: 0x80001594 (0xa23bf613) andi    a2, s7, -1501
core   0: 3 0x80001594 (0xa23bf613) x12 0x00000000
core   0: 0x80001598 (0x00868693) addi    a3, a3, 8
core   0: 3 0x80001598 (0x00868693) x13 0x00000009
core   0: 0x8000159c (0x40e3d313) srai    t1, t2, 14
core   0: 3 0x8000159c (0x40e3d313) x 6 0x00000000
core   0: 0x800015a0 (0xff16c6e3) blt     a3, a7, pc - 20
core   0: 3 0x800015a0 (0xff16c6e3)
core   0: 0x800015a4 (0xffcb3017) auipc   zero, 0xffcb3
core   0: 3 0x800015a4 (0xffcb3017)
core   0: 0x800015a8 (0x021504b3) mul     s1, a0, ra
core   0: 3 0x800015a8 (0x021504b3) x 9 0x00000000
core   0: 0x800015ac (0xfba3cee3) blt     t2, s10, pc - 68
core   0: 3 0x800015ac (0xfba3cee3)
core   0: 0x80001568 (0xe29c0c13) addi    s8, s8, -471
core   0: 3 0x80001568 (0xe29c0c13) x24 0x7ffff888
core   0: 0x8000156c (0x00012033) slt     zero, sp, zero
core   0: 3 0x8000156c (0x00012033)
core   0: 0x80001570 (0x03422bb3) mulhsu  s7, tp, s4
core   0: 3 0x80001570 (0x03422bb3) x23 0x00000000
core   0: 0x80001574 (0xd02d4993) xori    s3, s10, -766
core   0: 3 0x80001574 (0xd02d4993) x19 0xfffffd0f
core   0: 0x80001578 (0x00438393) addi    t2, t2, 4
core   0: 3 0x80001578 (0x00438393) x 7 0x00000006
core   0: 0x8000157c (0x92e53997) auipc   s3, 0x92e53
core   0: 3 0x8000157c (0x92e53997) x19 0x12e5457c
core   0: 0x80001580 (0xff900693) li      a3, -7
core   0: 3 0x80001580 (0xff900693) x13 0xfffffff9
core   0: 0x80001584 (0x00700893) li      a7, 7
core   0: 3 0x80001584 (0x00700893) x17 0x00000007
core   0: 0x80001588 (0x036e7bb3) remu    s7, t3, s6
core   0: 3 0x80001588 (0x036e7bb3) x23 0x00000000
core   0: 0x8000158c (0x0127f033) and     zero, a5, s2
core   0: 3 0x8000158c (0x0127f033)
core   0: 0x80001590 (0x021632b3) mulhu   t0, a2, ra
core   0: 3 0x80001590 (0x021632b3) x 5 0x00000000
core   0: 0x80001594 (0xa23bf613) andi    a2, s7, -1501
core   0: 3 0x80001594 (0xa23bf613) x12 0x00000000
core   0: 0x80001598 (0x00868693) addi    a3, a3, 8
core   0: 3 0x80001598 (0x00868693) x13 0x00000001
core   0: 0x8000159c (0x40e3d313) srai    t1, t2, 14
core   0: 3 0x8000159c (0x40e3d313) x 6 0x00000000
core   0: 0x800015a0 (0xff16c6e3) blt     a3, a7, pc - 20
core   0: 3 0x800015a0 (0xff16c6e3)
core   0: 0x8000158c (0x0127f033) and     zero, a5, s2
core   0: 3 0x8000158c (0x0127f033)
core   0: 0x80001590 (0x021632b3) mulhu   t0, a2, ra
core   0: 3 0x80001590 (0x021632b3) x 5 0x00000000
core   0: 0x80001594 (0xa23bf613) andi    a2, s7, -1501
core   0: 3 0x80001594 (0xa23bf613) x12 0x00000000
core   0: 0x80001598 (0x00868693) addi    a3, a3, 8
core   0: 3 0x80001598 (0x00868693) x13 0x00000009
core   0: 0x8000159c (0x40e3d313) srai    t1, t2, 14
core   0: 3 0x8000159c (0x40e3d313) x 6 0x00000000
core   0: 0x800015a0 (0xff16c6e3) blt     a3, a7, pc - 20
core   0: 3 0x800015a0 (0xff16c6e3)
core   0: 0x800015a4 (0xffcb3017) auipc   zero, 0xffcb3
core   0: 3 0x800015a4 (0xffcb3017)
core   0: 0x800015a8 (0x021504b3) mul     s1, a0, ra
core   0: 3 0x800015a8 (0x021504b3) x 9 0x00000000
core   0: 0x800015ac (0xfba3cee3) blt     t2, s10, pc - 68
core   0: 3 0x800015ac (0xfba3cee3)
core   0: 0x80001568 (0xe29c0c13) addi    s8, s8, -471
core   0: 3 0x80001568 (0xe29c0c13) x24 0x7ffff6b1
core   0: 0x8000156c (0x00012033) slt     zero, sp, zero
core   0: 3 0x8000156c (0x00012033)
core   0: 0x80001570 (0x03422bb3) mulhsu  s7, tp, s4
core   0: 3 0x80001570 (0x03422bb3) x23 0x00000000
core   0: 0x80001574 (0xd02d4993) xori    s3, s10, -766
core   0: 3 0x80001574 (0xd02d4993) x19 0xfffffd0f
core   0: 0x80001578 (0x00438393) addi    t2, t2, 4
core   0: 3 0x80001578 (0x00438393) x 7 0x0000000a
core   0: 0x8000157c (0x92e53997) auipc   s3, 0x92e53
core   0: 3 0x8000157c (0x92e53997) x19 0x12e5457c
core   0: 0x80001580 (0xff900693) li      a3, -7
core   0: 3 0x80001580 (0xff900693) x13 0xfffffff9
core   0: 0x80001584 (0x00700893) li      a7, 7
core   0: 3 0x80001584 (0x00700893) x17 0x00000007
core   0: 0x80001588 (0x036e7bb3) remu    s7, t3, s6
core   0: 3 0x80001588 (0x036e7bb3) x23 0x00000000
core   0: 0x8000158c (0x0127f033) and     zero, a5, s2
core   0: 3 0x8000158c (0x0127f033)
core   0: 0x80001590 (0x021632b3) mulhu   t0, a2, ra
core   0: 3 0x80001590 (0x021632b3) x 5 0x00000000
core   0: 0x80001594 (0xa23bf613) andi    a2, s7, -1501
core   0: 3 0x80001594 (0xa23bf613) x12 0x00000000
core   0: 0x80001598 (0x00868693) addi    a3, a3, 8
core   0: 3 0x80001598 (0x00868693) x13 0x00000001
core   0: 0x8000159c (0x40e3d313) srai    t1, t2, 14
core   0: 3 0x8000159c (0x40e3d313) x 6 0x00000000
core   0: 0x800015a0 (0xff16c6e3) blt     a3, a7, pc - 20
core   0: 3 0x800015a0 (0xff16c6e3)
core   0: 0x8000158c (0x0127f033) and     zero, a5, s2
core   0: 3 0x8000158c (0x0127f033)
core   0: 0x80001590 (0x021632b3) mulhu   t0, a2, ra
core   0: 3 0x80001590 (0x021632b3) x 5 0x00000000
core   0: 0x80001594 (0xa23bf613) andi    a2, s7, -1501
core   0: 3 0x80001594 (0xa23bf613) x12 0x00000000
core   0: 0x80001598 (0x00868693) addi    a3, a3, 8
core   0: 3 0x80001598 (0x00868693) x13 0x00000009
core   0: 0x8000159c (0x40e3d313) srai    t1, t2, 14
core   0: 3 0x8000159c (0x40e3d313) x 6 0x00000000
core   0: 0x800015a0 (0xff16c6e3) blt     a3, a7, pc - 20
core   0: 3 0x800015a0 (0xff16c6e3)
core   0: 0x800015a4 (0xffcb3017) auipc   zero, 0xffcb3
core   0: 3 0x800015a4 (0xffcb3017)
core   0: 0x800015a8 (0x021504b3) mul     s1, a0, ra
core   0: 3 0x800015a8 (0x021504b3) x 9 0x00000000
core   0: 0x800015ac (0xfba3cee3) blt     t2, s10, pc - 68
core   0: 3 0x800015ac (0xfba3cee3)
core   0: 0x80001568 (0xe29c0c13) addi    s8, s8, -471
core   0: 3 0x80001568 (0xe29c0c13) x24 0x7ffff4da
core   0: 0x8000156c (0x00012033) slt     zero, sp, zero
core   0: 3 0x8000156c (0x00012033)
core   0: 0x80001570 (0x03422bb3) mulhsu  s7, tp, s4
core   0: 3 0x80001570 (0x03422bb3) x23 0x00000000
core   0: 0x80001574 (0xd02d4993) xori    s3, s10, -766
core   0: 3 0x80001574 (0xd02d4993) x19 0xfffffd0f
core   0: 0x80001578 (0x00438393) addi    t2, t2, 4
core   0: 3 0x80001578 (0x00438393) x 7 0x0000000e
core   0: 0x8000157c (0x92e53997) auipc   s3, 0x92e53
core   0: 3 0x8000157c (0x92e53997) x19 0x12e5457c
core   0: 0x80001580 (0xff900693) li      a3, -7
core   0: 3 0x80001580 (0xff900693) x13 0xfffffff9
core   0: 0x80001584 (0x00700893) li      a7, 7
core   0: 3 0x80001584 (0x00700893) x17 0x00000007
core   0: 0x80001588 (0x036e7bb3) remu    s7, t3, s6
core   0: 3 0x80001588 (0x036e7bb3) x23 0x00000000
core   0: 0x8000158c (0x0127f033) and     zero, a5, s2
core   0: 3 0x8000158c (0x0127f033)
core   0: 0x80001590 (0x021632b3) mulhu   t0, a2, ra
core   0: 3 0x80001590 (0x021632b3) x 5 0x00000000
core   0: 0x80001594 (0xa23bf613) andi    a2, s7, -1501
core   0: 3 0x80001594 (0xa23bf613) x12 0x00000000
core   0: 0x80001598 (0x00868693) addi    a3, a3, 8
core   0: 3 0x80001598 (0x00868693) x13 0x00000001
core   0: 0x8000159c (0x40e3d313) srai    t1, t2, 14
core   0: 3 0x8000159c (0x40e3d313) x 6 0x00000000
core   0: 0x800015a0 (0xff16c6e3) blt     a3, a7, pc - 20
core   0: 3 0x800015a0 (0xff16c6e3)
core   0: 0x8000158c (0x0127f033) and     zero, a5, s2
core   0: 3 0x8000158c (0x0127f033)
core   0: 0x80001590 (0x021632b3) mulhu   t0, a2, ra
core   0: 3 0x80001590 (0x021632b3) x 5 0x00000000
core   0: 0x80001594 (0xa23bf613) andi    a2, s7, -1501
core   0: 3 0x80001594 (0xa23bf613) x12 0x00000000
core   0: 0x80001598 (0x00868693) addi    a3, a3, 8
core   0: 3 0x80001598 (0x00868693) x13 0x00000009
core   0: 0x8000159c (0x40e3d313) srai    t1, t2, 14
core   0: 3 0x8000159c (0x40e3d313) x 6 0x00000000
core   0: 0x800015a0 (0xff16c6e3) blt     a3, a7, pc - 20
core   0: 3 0x800015a0 (0xff16c6e3)
core   0: 0x800015a4 (0xffcb3017) auipc   zero, 0xffcb3
core   0: 3 0x800015a4 (0xffcb3017)
core   0: 0x800015a8 (0x021504b3) mul     s1, a0, ra
core   0: 3 0x800015a8 (0x021504b3) x 9 0x00000000
core   0: 0x800015ac (0xfba3cee3) blt     t2, s10, pc - 68
core   0: 3 0x800015ac (0xfba3cee3)
core   0: 0x800015b0 (0x02014733) div     a4, sp, zero
core   0: 3 0x800015b0 (0x02014733) x14 0xffffffff
core   0: 0x800015b4 (0xffd00593) li      a1, -3
core   0: 3 0x800015b4 (0xffd00593) x11 0xfffffffd
core   0: 0x800015b8 (0x00946eb3) or      t4, s0, s1
core   0: 3 0x800015b8 (0x00946eb3) x29 0x00000001
core   0: 0x800015bc (0x40680333) sub     t1, a6, t1
core   0: 3 0x800015bc (0x40680333) x 6 0xfffffff7
core   0: 0x800015c0 (0x825ebc13) sltiu   s8, t4, -2011
core   0: 3 0x800015c0 (0x825ebc13) x24 0x00000001
core   0: 0x800015c4 (0x444ea613) slti    a2, t4, 1092
core   0: 3 0x800015c4 (0x444ea613) x12 0x00000001
core   0: 0x800015c8 (0x01400393) li      t2, 20
core   0: 3 0x800015c8 (0x01400393) x 7 0x00000014
core   0: 0x800015cc (0x00ff8cb3) add     s9, t6, a5
core   0: 3 0x800015cc (0x00ff8cb3) x25 0xfb54fb79
core   0: 0x800015d0 (0xe474d617) auipc   a2, 0xe474d
core   0: 3 0x800015d0 (0xe474d617) x12 0x6474e5d0
core   0: 0x800015d4 (0x00658593) addi    a1, a1, 6
core   0: 3 0x800015d4 (0x00658593) x11 0x00000003
core   0: 0x800015d8 (0x026f6a33) rem     s4, t5, t1
core   0: 3 0x800015d8 (0x026f6a33) x20 0x00000000
core   0: 0x800015dc (0x00600493) li      s1, 6
core   0: 3 0x800015dc (0x00600493) x 9 0x00000006
core   0: 0x800015e0 (0x01a95693) srli    a3, s2, 26
core   0: 3 0x800015e0 (0x01a95693) x13 0x00000000
core   0: 0x800015e4 (0x00a00913) li      s2, 10
core   0: 3 0x800015e4 (0x00a00913) x18 0x0000000a
core   0: 0x800015e8 (0x875dc013) xori    zero, s11, -1931
core   0: 3 0x800015e8 (0x875dc013)
core   0: 0x800015ec (0x00948493) addi    s1, s1, 9
core   0: 3 0x800015ec (0x00948493) x 9 0x0000000f
core   0: 0x800015f0 (0xc9317413) andi    s0, sp, -877
core   0: 3 0x800015f0 (0xc9317413) x 8 0xfffff881
core   0: 0x800015f4 (0x0046dc13) srli    s8, a3, 4
core   0: 3 0x800015f4 (0x0046dc13) x24 0x00000000
core   0: 0x800015f8 (0x00000013) nop
core   0: 3 0x800015f8 (0x00000013)
core   0: 0x800015fc (0x03236133) rem     sp, t1, s2
core   0: 3 0x800015fc (0x03236133) x 2 0xfffffff7
core   0: 0x80001600 (0xff24e4e3) bltu    s1, s2, pc - 24
core   0: 3 0x80001600 (0xff24e4e3)
core   0: 0x80001604 (0x01aac6b3) xor     a3, s5, s10
core   0: 3 0x80001604 (0x01aac6b3) x13 0x80029ce9
core   0: 0x80001608 (0x0e354c13) xori    s8, a0, 227
core   0: 3 0x80001608 (0x0e354c13) x24 0x000000ec
core   0: 0x8000160c (0x01eed993) srli    s3, t4, 30
core   0: 3 0x8000160c (0x01eed993) x19 0x00000000
core   0: 0x80001610 (0xfa75cee3) blt     a1, t2, pc - 68
core   0: 3 0x80001610 (0xfa75cee3)
core   0: 0x800015cc (0x00ff8cb3) add     s9, t6, a5
core   0: 3 0x800015cc (0x00ff8cb3) x25 0xfb54fb79
core   0: 0x800015d0 (0xe474d617) auipc   a2, 0xe474d
core   0: 3 0x800015d0 (0xe474d617) x12 0x6474e5d0
core   0: 0x800015d4 (0x00658593) addi    a1, a1, 6
core   0: 3 0x800015d4 (0x00658593) x11 0x00000009
core   0: 0x800015d8 (0x026f6a33) rem     s4, t5, t1
core   0: 3 0x800015d8 (0x026f6a33) x20 0x00000000
core   0: 0x800015dc (0x00600493) li      s1, 6
core   0: 3 0x800015dc (0x00600493) x 9 0x00000006
core   0: 0x800015e0 (0x01a95693) srli    a3, s2, 26
core   0: 3 0x800015e0 (0x01a95693) x13 0x00000000
core   0: 0x800015e4 (0x00a00913) li      s2, 10
core   0: 3 0x800015e4 (0x00a00913) x18 0x0000000a
core   0: 0x800015e8 (0x875dc013) xori    zero, s11, -1931
core   0: 3 0x800015e8 (0x875dc013)
core   0: 0x800015ec (0x00948493) addi    s1, s1, 9
core   0: 3 0x800015ec (0x00948493) x 9 0x0000000f
core   0: 0x800015f0 (0xc9317413) andi    s0, sp, -877
core   0: 3 0x800015f0 (0xc9317413) x 8 0xfffffc93
core   0: 0x800015f4 (0x0046dc13) srli    s8, a3, 4
core   0: 3 0x800015f4 (0x0046dc13) x24 0x00000000
core   0: 0x800015f8 (0x00000013) nop
core   0: 3 0x800015f8 (0x00000013)
core   0: 0x800015fc (0x03236133) rem     sp, t1, s2
core   0: 3 0x800015fc (0x03236133) x 2 0xfffffff7
core   0: 0x80001600 (0xff24e4e3) bltu    s1, s2, pc - 24
core   0: 3 0x80001600 (0xff24e4e3)
core   0: 0x80001604 (0x01aac6b3) xor     a3, s5, s10
core   0: 3 0x80001604 (0x01aac6b3) x13 0x80029ce9
core   0: 0x80001608 (0x0e354c13) xori    s8, a0, 227
core   0: 3 0x80001608 (0x0e354c13) x24 0x000000ec
core   0: 0x8000160c (0x01eed993) srli    s3, t4, 30
core   0: 3 0x8000160c (0x01eed993) x19 0x00000000
core   0: 0x80001610 (0xfa75cee3) blt     a1, t2, pc - 68
core   0: 3 0x80001610 (0xfa75cee3)
core   0: 0x800015cc (0x00ff8cb3) add     s9, t6, a5
core   0: 3 0x800015cc (0x00ff8cb3) x25 0xfb54fb79
core   0: 0x800015d0 (0xe474d617) auipc   a2, 0xe474d
core   0: 3 0x800015d0 (0xe474d617) x12 0x6474e5d0
core   0: 0x800015d4 (0x00658593) addi    a1, a1, 6
core   0: 3 0x800015d4 (0x00658593) x11 0x0000000f
core   0: 0x800015d8 (0x026f6a33) rem     s4, t5, t1
core   0: 3 0x800015d8 (0x026f6a33) x20 0x00000000
core   0: 0x800015dc (0x00600493) li      s1, 6
core   0: 3 0x800015dc (0x00600493) x 9 0x00000006
core   0: 0x800015e0 (0x01a95693) srli    a3, s2, 26
core   0: 3 0x800015e0 (0x01a95693) x13 0x00000000
core   0: 0x800015e4 (0x00a00913) li      s2, 10
core   0: 3 0x800015e4 (0x00a00913) x18 0x0000000a
core   0: 0x800015e8 (0x875dc013) xori    zero, s11, -1931
core   0: 3 0x800015e8 (0x875dc013)
core   0: 0x800015ec (0x00948493) addi    s1, s1, 9
core   0: 3 0x800015ec (0x00948493) x 9 0x0000000f
core   0: 0x800015f0 (0xc9317413) andi    s0, sp, -877
core   0: 3 0x800015f0 (0xc9317413) x 8 0xfffffc93
core   0: 0x800015f4 (0x0046dc13) srli    s8, a3, 4
core   0: 3 0x800015f4 (0x0046dc13) x24 0x00000000
core   0: 0x800015f8 (0x00000013) nop
core   0: 3 0x800015f8 (0x00000013)
core   0: 0x800015fc (0x03236133) rem     sp, t1, s2
core   0: 3 0x800015fc (0x03236133) x 2 0xfffffff7
core   0: 0x80001600 (0xff24e4e3) bltu    s1, s2, pc - 24
core   0: 3 0x80001600 (0xff24e4e3)
core   0: 0x80001604 (0x01aac6b3) xor     a3, s5, s10
core   0: 3 0x80001604 (0x01aac6b3) x13 0x80029ce9
core   0: 0x80001608 (0x0e354c13) xori    s8, a0, 227
core   0: 3 0x80001608 (0x0e354c13) x24 0x000000ec
core   0: 0x8000160c (0x01eed993) srli    s3, t4, 30
core   0: 3 0x8000160c (0x01eed993) x19 0x00000000
core   0: 0x80001610 (0xfa75cee3) blt     a1, t2, pc - 68
core   0: 3 0x80001610 (0xfa75cee3)
core   0: 0x800015cc (0x00ff8cb3) add     s9, t6, a5
core   0: 3 0x800015cc (0x00ff8cb3) x25 0xfb54fb79
core   0: 0x800015d0 (0xe474d617) auipc   a2, 0xe474d
core   0: 3 0x800015d0 (0xe474d617) x12 0x6474e5d0
core   0: 0x800015d4 (0x00658593) addi    a1, a1, 6
core   0: 3 0x800015d4 (0x00658593) x11 0x00000015
core   0: 0x800015d8 (0x026f6a33) rem     s4, t5, t1
core   0: 3 0x800015d8 (0x026f6a33) x20 0x00000000
core   0: 0x800015dc (0x00600493) li      s1, 6
core   0: 3 0x800015dc (0x00600493) x 9 0x00000006
core   0: 0x800015e0 (0x01a95693) srli    a3, s2, 26
core   0: 3 0x800015e0 (0x01a95693) x13 0x00000000
core   0: 0x800015e4 (0x00a00913) li      s2, 10
core   0: 3 0x800015e4 (0x00a00913) x18 0x0000000a
core   0: 0x800015e8 (0x875dc013) xori    zero, s11, -1931
core   0: 3 0x800015e8 (0x875dc013)
core   0: 0x800015ec (0x00948493) addi    s1, s1, 9
core   0: 3 0x800015ec (0x00948493) x 9 0x0000000f
core   0: 0x800015f0 (0xc9317413) andi    s0, sp, -877
core   0: 3 0x800015f0 (0xc9317413) x 8 0xfffffc93
core   0: 0x800015f4 (0x0046dc13) srli    s8, a3, 4
core   0: 3 0x800015f4 (0x0046dc13) x24 0x00000000
core   0: 0x800015f8 (0x00000013) nop
core   0: 3 0x800015f8 (0x00000013)
core   0: 0x800015fc (0x03236133) rem     sp, t1, s2
core   0: 3 0x800015fc (0x03236133) x 2 0xfffffff7
core   0: 0x80001600 (0xff24e4e3) bltu    s1, s2, pc - 24
core   0: 3 0x80001600 (0xff24e4e3)
core   0: 0x80001604 (0x01aac6b3) xor     a3, s5, s10
core   0: 3 0x80001604 (0x01aac6b3) x13 0x80029ce9
core   0: 0x80001608 (0x0e354c13) xori    s8, a0, 227
core   0: 3 0x80001608 (0x0e354c13) x24 0x000000ec
core   0: 0x8000160c (0x01eed993) srli    s3, t4, 30
core   0: 3 0x8000160c (0x01eed993) x19 0x00000000
core   0: 0x80001610 (0xfa75cee3) blt     a1, t2, pc - 68
core   0: 3 0x80001610 (0xfa75cee3)
core   0: 0x80001614 (0x0165d633) srl     a2, a1, s6
core   0: 3 0x80001614 (0x0165d633) x12 0x00000015
core   0: 0x80001618 (0x00a00613) li      a2, 10
core   0: 3 0x80001618 (0x00a00613) x12 0x0000000a
core   0: 0x8000161c (0x01bdbb33) sltu    s6, s11, s11
core   0: 3 0x8000161c (0x01bdbb33) x22 0x00000000
core   0: 0x80001620 (0x0034d2b3) srl     t0, s1, gp
core   0: 3 0x80001620 (0x0034d2b3) x 5 0x0000000f
core   0: 0x80001624 (0x00500c93) li      s9, 5
core   0: 3 0x80001624 (0x00500c93) x25 0x00000005
core   0: 0x80001628 (0x9acc7413) andi    s0, s8, -1620
core   0: 3 0x80001628 (0x9acc7413) x 8 0x000000ac
core   0: 0x8000162c (0x5bb03093) sltiu   ra, zero, 1467
core   0: 3 0x8000162c (0x5bb03093) x 1 0x00000001
core   0: 0x80001630 (0x0020a8b3) slt     a7, ra, sp
core   0: 3 0x80001630 (0x0020a8b3) x17 0x00000000
core   0: 0x80001634 (0x4128d9b3) sra     s3, a7, s2
core   0: 3 0x80001634 (0x4128d9b3) x19 0x00000000
core   0: 0x80001638 (0xffe60613) addi    a2, a2, -2
core   0: 3 0x80001638 (0xffe60613) x12 0x00000008
core   0: 0x8000163c (0x020835b3) mulhu   a1, a6, zero
core   0: 3 0x8000163c (0x020835b3) x11 0x00000000
core   0: 0x80001640 (0x03a56bb3) rem     s7, a0, s10
core   0: 3 0x80001640 (0x03a56bb3) x23 0x00000002
core   0: 0x80001644 (0x00239a13) slli    s4, t2, 2
core   0: 3 0x80001644 (0x00239a13) x20 0x00000050
core   0: 0x80001648 (0x002018b3) sll     a7, zero, sp
core   0: 3 0x80001648 (0x002018b3) x17 0x00000000
core   0: 0x8000164c (0x47fb4693) xori    a3, s6, 1151
core   0: 3 0x8000164c (0x47fb4693) x13 0x0000047f
core   0: 0x80001650 (0x1e92be13) sltiu   t3, t0, 489
core   0: 3 0x80001650 (0x1e92be13) x28 0x00000001
core   0: 0x80001654 (0x03329733) mulh    a4, t0, s3
core   0: 3 0x80001654 (0x03329733) x14 0x00000000
core   0: 0x80001658 (0x0063b233) sltu    tp, t2, t1
core   0: 3 0x80001658 (0x0063b233) x 4 0x00000001
core   0: 0x8000165c (0xfd9678e3) bgeu    a2, s9, pc - 48
core   0: 3 0x8000165c (0xfd9678e3)
core   0: 0x8000162c (0x5bb03093) sltiu   ra, zero, 1467
core   0: 3 0x8000162c (0x5bb03093) x 1 0x00000001
core   0: 0x80001630 (0x0020a8b3) slt     a7, ra, sp
core   0: 3 0x80001630 (0x0020a8b3) x17 0x00000000
core   0: 0x80001634 (0x4128d9b3) sra     s3, a7, s2
core   0: 3 0x80001634 (0x4128d9b3) x19 0x00000000
core   0: 0x80001638 (0xffe60613) addi    a2, a2, -2
core   0: 3 0x80001638 (0xffe60613) x12 0x00000006
core   0: 0x8000163c (0x020835b3) mulhu   a1, a6, zero
core   0: 3 0x8000163c (0x020835b3) x11 0x00000000
core   0: 0x80001640 (0x03a56bb3) rem     s7, a0, s10
core   0: 3 0x80001640 (0x03a56bb3) x23 0x00000002
core   0: 0x80001644 (0x00239a13) slli    s4, t2, 2
core   0: 3 0x80001644 (0x00239a13) x20 0x00000050
core   0: 0x80001648 (0x002018b3) sll     a7, zero, sp
core   0: 3 0x80001648 (0x002018b3) x17 0x00000000
core   0: 0x8000164c (0x47fb4693) xori    a3, s6, 1151
core   0: 3 0x8000164c (0x47fb4693) x13 0x0000047f
core   0: 0x80001650 (0x1e92be13) sltiu   t3, t0, 489
core   0: 3 0x80001650 (0x1e92be13) x28 0x00000001
core   0: 0x80001654 (0x03329733) mulh    a4, t0, s3
core   0: 3 0x80001654 (0x03329733) x14 0x00000000
core   0: 0x80001658 (0x0063b233) sltu    tp, t2, t1
core   0: 3 0x80001658 (0x0063b233) x 4 0x00000001
core   0: 0x8000165c (0xfd9678e3) bgeu    a2, s9, pc - 48
core   0: 3 0x8000165c (0xfd9678e3)
core   0: 0x8000162c (0x5bb03093) sltiu   ra, zero, 1467
core   0: 3 0x8000162c (0x5bb03093) x 1 0x00000001
core   0: 0x80001630 (0x0020a8b3) slt     a7, ra, sp
core   0: 3 0x80001630 (0x0020a8b3) x17 0x00000000
core   0: 0x80001634 (0x4128d9b3) sra     s3, a7, s2
core   0: 3 0x80001634 (0x4128d9b3) x19 0x00000000
core   0: 0x80001638 (0xffe60613) addi    a2, a2, -2
core   0: 3 0x80001638 (0xffe60613) x12 0x00000004
core   0: 0x8000163c (0x020835b3) mulhu   a1, a6, zero
core   0: 3 0x8000163c (0x020835b3) x11 0x00000000
core   0: 0x80001640 (0x03a56bb3) rem     s7, a0, s10
core   0: 3 0x80001640 (0x03a56bb3) x23 0x00000002
core   0: 0x80001644 (0x00239a13) slli    s4, t2, 2
core   0: 3 0x80001644 (0x00239a13) x20 0x00000050
core   0: 0x80001648 (0x002018b3) sll     a7, zero, sp
core   0: 3 0x80001648 (0x002018b3) x17 0x00000000
core   0: 0x8000164c (0x47fb4693) xori    a3, s6, 1151
core   0: 3 0x8000164c (0x47fb4693) x13 0x0000047f
core   0: 0x80001650 (0x1e92be13) sltiu   t3, t0, 489
core   0: 3 0x80001650 (0x1e92be13) x28 0x00000001
core   0: 0x80001654 (0x03329733) mulh    a4, t0, s3
core   0: 3 0x80001654 (0x03329733) x14 0x00000000
core   0: 0x80001658 (0x0063b233) sltu    tp, t2, t1
core   0: 3 0x80001658 (0x0063b233) x 4 0x00000001
core   0: 0x8000165c (0xfd9678e3) bgeu    a2, s9, pc - 48
core   0: 3 0x8000165c (0xfd9678e3)
core   0: 0x80001660 (0x00000013) nop
core   0: 3 0x80001660 (0x00000013)
core   0: 0x80001664 (0x00900593) li      a1, 9
core   0: 3 0x80001664 (0x00900593) x11 0x00000009
core   0: 0x80001668 (0x01ee81b3) add     gp, t4, t5
core   0: 3 0x80001668 (0x01ee81b3) x 3 0x00000001
core   0: 0x8000166c (0xd3426137) lui     sp, 0xd3426
core   0: 3 0x8000166c (0xd3426137) x 2 0xd3426000
core   0: 0x80001670 (0x01801693) slli    a3, zero, 24
core   0: 3 0x80001670 (0x01801693) x13 0x00000000
core   0: 0x80001674 (0x00400a13) li      s4, 4
core   0: 3 0x80001674 (0x00400a13) x20 0x00000004
core   0: 0x80001678 (0x02f6de33) divu    t3, a3, a5
core   0: 3 0x80001678 (0x02f6de33) x28 0x00000000
core   0: 0x8000167c (0x40680e33) sub     t3, a6, t1
core   0: 3 0x8000167c (0x40680e33) x28 0x00000000
core   0: 0x80001680 (0x03a09333) mulh    t1, ra, s10
core   0: 3 0x80001680 (0x03a09333) x 6 0x00000000
core   0: 0x80001684 (0x013e9b33) sll     s6, t4, s3
core   0: 3 0x80001684 (0x013e9b33) x22 0x00000001
core   0: 0x80001688 (0xffd58593) addi    a1, a1, -3
core   0: 3 0x80001688 (0xffd58593) x11 0x00000006
core   0: 0x8000168c (0xffb00513) li      a0, -5
core   0: 3 0x8000168c (0xffb00513) x10 0xfffffffb
core   0: 0x80001690 (0x404ad233) sra     tp, s5, tp
core   0: 3 0x80001690 (0x404ad233) x 4 0xc0014e72
core   0: 0x80001694 (0xff200e93) li      t4, -14
core   0: 3 0x80001694 (0xff200e93) x29 0xfffffff2
core   0: 0x80001698 (0x0055c0b3) xor     ra, a1, t0
core   0: 3 0x80001698 (0x0055c0b3) x 1 0x00000009
core   0: 0x8000169c (0xd1b43b17) auipc   s6, 0xd1b43
core   0: 3 0x8000169c (0xd1b43b17) x22 0x51b4469c
core   0: 0x800016a0 (0x41260b33) sub     s6, a2, s2
core   0: 3 0x800016a0 (0x41260b33) x22 0xfffffffa
core   0: 0x800016a4 (0xff750513) addi    a0, a0, -9
core   0: 3 0x800016a4 (0xff750513) x10 0xfffffff2
core   0: 0x800016a8 (0xffd518e3) bne     a0, t4, pc - 16
core   0: 3 0x800016a8 (0xffd518e3)
core   0: 0x800016ac (0x39eb4993) xori    s3, s6, 926
core   0: 3 0x800016ac (0x39eb4993) x19 0xfffffc64
core   0: 0x800016b0 (0x02173833) mulhu   a6, a4, ra
core   0: 3 0x800016b0 (0x02173833) x16 0x00000000
core   0: 0x800016b4 (0xc1e55d97) auipc   s11, 0xc1e55
core   0: 3 0x800016b4 (0xc1e55d97) x27 0x41e566b4
core   0: 0x800016b8 (0x00000013) nop
core   0: 3 0x800016b8 (0x00000013)
core   0: 0x800016bc (0xfd45f2e3) bgeu    a1, s4, pc - 60
core   0: 3 0x800016bc (0xfd45f2e3)
core   0: 0x80001680 (0x03a09333) mulh    t1, ra, s10
core   0: 3 0x80001680 (0x03a09333) x 6 0x00000000
core   0: 0x80001684 (0x013e9b33) sll     s6, t4, s3
core   0: 3 0x80001684 (0x013e9b33) x22 0xffffff20
core   0: 0x80001688 (0xffd58593) addi    a1, a1, -3
core   0: 3 0x80001688 (0xffd58593) x11 0x00000003
core   0: 0x8000168c (0xffb00513) li      a0, -5
core   0: 3 0x8000168c (0xffb00513) x10 0xfffffffb
core   0: 0x80001690 (0x404ad233) sra     tp, s5, tp
core   0: 3 0x80001690 (0x404ad233) x 4 0xffffe000
core   0: 0x80001694 (0xff200e93) li      t4, -14
core   0: 3 0x80001694 (0xff200e93) x29 0xfffffff2
core   0: 0x80001698 (0x0055c0b3) xor     ra, a1, t0
core   0: 3 0x80001698 (0x0055c0b3) x 1 0x0000000c
core   0: 0x8000169c (0xd1b43b17) auipc   s6, 0xd1b43
core   0: 3 0x8000169c (0xd1b43b17) x22 0x51b4469c
core   0: 0x800016a0 (0x41260b33) sub     s6, a2, s2
core   0: 3 0x800016a0 (0x41260b33) x22 0xfffffffa
core   0: 0x800016a4 (0xff750513) addi    a0, a0, -9
core   0: 3 0x800016a4 (0xff750513) x10 0xfffffff2
core   0: 0x800016a8 (0xffd518e3) bne     a0, t4, pc - 16
core   0: 3 0x800016a8 (0xffd518e3)
core   0: 0x800016ac (0x39eb4993) xori    s3, s6, 926
core   0: 3 0x800016ac (0x39eb4993) x19 0xfffffc64
core   0: 0x800016b0 (0x02173833) mulhu   a6, a4, ra
core   0: 3 0x800016b0 (0x02173833) x16 0x00000000
core   0: 0x800016b4 (0xc1e55d97) auipc   s11, 0xc1e55
core   0: 3 0x800016b4 (0xc1e55d97) x27 0x41e566b4
core   0: 0x800016b8 (0x00000013) nop
core   0: 3 0x800016b8 (0x00000013)
core   0: 0x800016bc (0xfd45f2e3) bgeu    a1, s4, pc - 60
core   0: 3 0x800016bc (0xfd45f2e3)
core   0: 0x800016c0 (0x80bc4113) xori    sp, s8, -2037
core   0: 3 0x800016c0 (0x80bc4113) x 2 0xfffff8e7
core   0: 0x800016c4 (0x00a00113) li      sp, 10
core   0: 3 0x800016c4 (0x00a00113) x 2 0x0000000a
core   0: 0x800016c8 (0x0039d333) srl     t1, s3, gp
core   0: 3 0x800016c8 (0x0039d333) x 6 0x7ffffe32
core   0: 0x800016cc (0x01ba1c33) sll     s8, s4, s11
core   0: 3 0x800016cc (0x01ba1c33) x24 0x00400000
core   0: 0x800016d0 (0xf644f193) andi    gp, s1, -156
core   0: 3 0x800016d0 (0xf644f193) x 3 0x00000004
core   0: 0x800016d4 (0xfec00913) li      s2, -20
core   0: 3 0x800016d4 (0xfec00913) x18 0xffffffec
core   0: 0x800016d8 (0x01e641b3) xor     gp, a2, t5
core   0: 3 0x800016d8 (0x01e641b3) x 3 0x00000004
core   0: 0x800016dc (0x014c5693) srli    a3, s8, 20
core   0: 3 0x800016dc (0x014c5693) x13 0x00000004
core   0: 0x800016e0 (0x00000013) nop
core   0: 3 0x800016e0 (0x00000013)
core   0: 0x800016e4 (0xffb10113) addi    sp, sp, -5
core   0: 3 0x800016e4 (0xffb10113) x 2 0x00000005
core   0: 0x800016e8 (0x686bbb13) sltiu   s6, s7, 1670
core   0: 3 0x800016e8 (0x686bbb13) x22 0x00000001
core   0: 0x800016ec (0x0227b633) mulhu   a2, a5, sp
core   0: 3 0x800016ec (0x0227b633) x12 0x00000002
core   0: 0x800016f0 (0xffa00493) li      s1, -6
core   0: 3 0x800016f0 (0xffa00493) x 9 0xfffffffa
core   0: 0x800016f4 (0x0018e833) or      a6, a7, ra
core   0: 3 0x800016f4 (0x0018e833) x16 0x0000000c
core   0: 0x800016f8 (0x00344333) xor     t1, s0, gp
core   0: 3 0x800016f8 (0x00344333) x 6 0x000000a8
core   0: 0x800016fc (0xffe00e93) li      t4, -2
core   0: 3 0x800016fc (0xffe00e93) x29 0xfffffffe
core   0: 0x80001700 (0x6182e093) ori     ra, t0, 1560
core   0: 3 0x80001700 (0x6182e093) x 1 0x0000061f
core   0: 0x80001704 (0x004f1533) sll     a0, t5, tp
core   0: 3 0x80001704 (0x004f1533) x10 0x00000000
core   0: 0x80001708 (0x00148493) addi    s1, s1, 1
core   0: 3 0x80001708 (0x00148493) x 9 0xfffffffb
core   0: 0x8000170c (0x409f5733) sra     a4, t5, s1
core   0: 3 0x8000170c (0x409f5733) x14 0x00000000
core   0: 0x80001710 (0xffd4c8e3) blt     s1, t4, pc - 16
core   0: 3 0x80001710 (0xffd4c8e3)
core   0: 0x80001700 (0x6182e093) ori     ra, t0, 1560
core   0: 3 0x80001700 (0x6182e093) x 1 0x0000061f
core   0: 0x80001704 (0x004f1533) sll     a0, t5, tp
core   0: 3 0x80001704 (0x004f1533) x10 0x00000000
core   0: 0x80001708 (0x00148493) addi    s1, s1, 1
core   0: 3 0x80001708 (0x00148493) x 9 0xfffffffc
core   0: 0x8000170c (0x409f5733) sra     a4, t5, s1
core   0: 3 0x8000170c (0x409f5733) x14 0x00000000
core   0: 0x80001710 (0xffd4c8e3) blt     s1, t4, pc - 16
core   0: 3 0x80001710 (0xffd4c8e3)
core   0: 0x80001700 (0x6182e093) ori     ra, t0, 1560
core   0: 3 0x80001700 (0x6182e093) x 1 0x0000061f
core   0: 0x80001704 (0x004f1533) sll     a0, t5, tp
core   0: 3 0x80001704 (0x004f1533) x10 0x00000000
core   0: 0x80001708 (0x00148493) addi    s1, s1, 1
core   0: 3 0x80001708 (0x00148493) x 9 0xfffffffd
core   0: 0x8000170c (0x409f5733) sra     a4, t5, s1
core   0: 3 0x8000170c (0x409f5733) x14 0x00000000
core   0: 0x80001710 (0xffd4c8e3) blt     s1, t4, pc - 16
core   0: 3 0x80001710 (0xffd4c8e3)
core   0: 0x80001700 (0x6182e093) ori     ra, t0, 1560
core   0: 3 0x80001700 (0x6182e093) x 1 0x0000061f
core   0: 0x80001704 (0x004f1533) sll     a0, t5, tp
core   0: 3 0x80001704 (0x004f1533) x10 0x00000000
core   0: 0x80001708 (0x00148493) addi    s1, s1, 1
core   0: 3 0x80001708 (0x00148493) x 9 0xfffffffe
core   0: 0x8000170c (0x409f5733) sra     a4, t5, s1
core   0: 3 0x8000170c (0x409f5733) x14 0x00000000
core   0: 0x80001710 (0xffd4c8e3) blt     s1, t4, pc - 16
core   0: 3 0x80001710 (0xffd4c8e3)
core   0: 0x80001714 (0xd3c67f93) andi    t6, a2, -708
core   0: 3 0x80001714 (0xd3c67f93) x31 0x00000000
core   0: 0x80001718 (0x03e929b3) mulhsu  s3, s2, t5
core   0: 3 0x80001718 (0x03e929b3) x19 0x00000000
core   0: 0x8000171c (0x03c61d33) mulh    s10, a2, t3
core   0: 3 0x8000171c (0x03c61d33) x26 0x00000000
core   0: 0x80001720 (0x8f47b013) sltiu   zero, a5, -1804
core   0: 3 0x80001720 (0x8f47b013)
core   0: 0x80001724 (0x401185b3) sub     a1, gp, ra
core   0: 3 0x80001724 (0x401185b3) x11 0xfffff9e5
core   0: 0x80001728 (0xfb211ce3) bne     sp, s2, pc - 72
core   0: 3 0x80001728 (0xfb211ce3)
core   0: 0x800016e0 (0x00000013) nop
core   0: 3 0x800016e0 (0x00000013)
core   0: 0x800016e4 (0xffb10113) addi    sp, sp, -5
core   0: 3 0x800016e4 (0xffb10113) x 2 0x00000000
core   0: 0x800016e8 (0x686bbb13) sltiu   s6, s7, 1670
core   0: 3 0x800016e8 (0x686bbb13) x22 0x00000001
core   0: 0x800016ec (0x0227b633) mulhu   a2, a5, sp
core   0: 3 0x800016ec (0x0227b633) x12 0x00000000
core   0: 0x800016f0 (0xffa00493) li      s1, -6
core   0: 3 0x800016f0 (0xffa00493) x 9 0xfffffffa
core   0: 0x800016f4 (0x0018e833) or      a6, a7, ra
core   0: 3 0x800016f4 (0x0018e833) x16 0x0000061f
core   0: 0x800016f8 (0x00344333) xor     t1, s0, gp
core   0: 3 0x800016f8 (0x00344333) x 6 0x000000a8
core   0: 0x800016fc (0xffe00e93) li      t4, -2
core   0: 3 0x800016fc (0xffe00e93) x29 0xfffffffe
core   0: 0x80001700 (0x6182e093) ori     ra, t0, 1560
core   0: 3 0x80001700 (0x6182e093) x 1 0x0000061f
core   0: 0x80001704 (0x004f1533) sll     a0, t5, tp
core   0: 3 0x80001704 (0x004f1533) x10 0x00000000
core   0: 0x80001708 (0x00148493) addi    s1, s1, 1
core   0: 3 0x80001708 (0x00148493) x 9 0xfffffffb
core   0: 0x8000170c (0x409f5733) sra     a4, t5, s1
core   0: 3 0x8000170c (0x409f5733) x14 0x00000000
core   0: 0x80001710 (0xffd4c8e3) blt     s1, t4, pc - 16
core   0: 3 0x80001710 (0xffd4c8e3)
core   0: 0x80001700 (0x6182e093) ori     ra, t0, 1560
core   0: 3 0x80001700 (0x6182e093) x 1 0x0000061f
core   0: 0x80001704 (0x004f1533) sll     a0, t5, tp
core   0: 3 0x80001704 (0x004f1533) x10 0x00000000
core   0: 0x80001708 (0x00148493) addi    s1, s1, 1
core   0: 3 0x80001708 (0x00148493) x 9 0xfffffffc
core   0: 0x8000170c (0x409f5733) sra     a4, t5, s1
core   0: 3 0x8000170c (0x409f5733) x14 0x00000000
core   0: 0x80001710 (0xffd4c8e3) blt     s1, t4, pc - 16
core   0: 3 0x80001710 (0xffd4c8e3)
core   0: 0x80001700 (0x6182e093) ori     ra, t0, 1560
core   0: 3 0x80001700 (0x6182e093) x 1 0x0000061f
core   0: 0x80001704 (0x004f1533) sll     a0, t5, tp
core   0: 3 0x80001704 (0x004f1533) x10 0x00000000
core   0: 0x80001708 (0x00148493) addi    s1, s1, 1
core   0: 3 0x80001708 (0x00148493) x 9 0xfffffffd
core   0: 0x8000170c (0x409f5733) sra     a4, t5, s1
core   0: 3 0x8000170c (0x409f5733) x14 0x00000000
core   0: 0x80001710 (0xffd4c8e3) blt     s1, t4, pc - 16
core   0: 3 0x80001710 (0xffd4c8e3)
core   0: 0x80001700 (0x6182e093) ori     ra, t0, 1560
core   0: 3 0x80001700 (0x6182e093) x 1 0x0000061f
core   0: 0x80001704 (0x004f1533) sll     a0, t5, tp
core   0: 3 0x80001704 (0x004f1533) x10 0x00000000
core   0: 0x80001708 (0x00148493) addi    s1, s1, 1
core   0: 3 0x80001708 (0x00148493) x 9 0xfffffffe
core   0: 0x8000170c (0x409f5733) sra     a4, t5, s1
core   0: 3 0x8000170c (0x409f5733) x14 0x00000000
core   0: 0x80001710 (0xffd4c8e3) blt     s1, t4, pc - 16
core   0: 3 0x80001710 (0xffd4c8e3)
core   0: 0x80001714 (0xd3c67f93) andi    t6, a2, -708
core   0: 3 0x80001714 (0xd3c67f93) x31 0x00000000
core   0: 0x80001718 (0x03e929b3) mulhsu  s3, s2, t5
core   0: 3 0x80001718 (0x03e929b3) x19 0x00000000
core   0: 0x8000171c (0x03c61d33) mulh    s10, a2, t3
core   0: 3 0x8000171c (0x03c61d33) x26 0x00000000
core   0: 0x80001720 (0x8f47b013) sltiu   zero, a5, -1804
core   0: 3 0x80001720 (0x8f47b013)
core   0: 0x80001724 (0x401185b3) sub     a1, gp, ra
core   0: 3 0x80001724 (0x401185b3) x11 0xfffff9e5
core   0: 0x80001728 (0xfb211ce3) bne     sp, s2, pc - 72
core   0: 3 0x80001728 (0xfb211ce3)
core   0: 0x800016e0 (0x00000013) nop
core   0: 3 0x800016e0 (0x00000013)
core   0: 0x800016e4 (0xffb10113) addi    sp, sp, -5
core   0: 3 0x800016e4 (0xffb10113) x 2 0xfffffffb
core   0: 0x800016e8 (0x686bbb13) sltiu   s6, s7, 1670
core   0: 3 0x800016e8 (0x686bbb13) x22 0x00000001
core   0: 0x800016ec (0x0227b633) mulhu   a2, a5, sp
core   0: 3 0x800016ec (0x0227b633) x12 0x80025e61
core   0: 0x800016f0 (0xffa00493) li      s1, -6
core   0: 3 0x800016f0 (0xffa00493) x 9 0xfffffffa
core   0: 0x800016f4 (0x0018e833) or      a6, a7, ra
core   0: 3 0x800016f4 (0x0018e833) x16 0x0000061f
core   0: 0x800016f8 (0x00344333) xor     t1, s0, gp
core   0: 3 0x800016f8 (0x00344333) x 6 0x000000a8
core   0: 0x800016fc (0xffe00e93) li      t4, -2
core   0: 3 0x800016fc (0xffe00e93) x29 0xfffffffe
core   0: 0x80001700 (0x6182e093) ori     ra, t0, 1560
core   0: 3 0x80001700 (0x6182e093) x 1 0x0000061f
core   0: 0x80001704 (0x004f1533) sll     a0, t5, tp
core   0: 3 0x80001704 (0x004f1533) x10 0x00000000
core   0: 0x80001708 (0x00148493) addi    s1, s1, 1
core   0: 3 0x80001708 (0x00148493) x 9 0xfffffffb
core   0: 0x8000170c (0x409f5733) sra     a4, t5, s1
core   0: 3 0x8000170c (0x409f5733) x14 0x00000000
core   0: 0x80001710 (0xffd4c8e3) blt     s1, t4, pc - 16
core   0: 3 0x80001710 (0xffd4c8e3)
core   0: 0x80001700 (0x6182e093) ori     ra, t0, 1560
core   0: 3 0x80001700 (0x6182e093) x 1 0x0000061f
core   0: 0x80001704 (0x004f1533) sll     a0, t5, tp
core   0: 3 0x80001704 (0x004f1533) x10 0x00000000
core   0: 0x80001708 (0x00148493) addi    s1, s1, 1
core   0: 3 0x80001708 (0x00148493) x 9 0xfffffffc
core   0: 0x8000170c (0x409f5733) sra     a4, t5, s1
core   0: 3 0x8000170c (0x409f5733) x14 0x00000000
core   0: 0x80001710 (0xffd4c8e3) blt     s1, t4, pc - 16
core   0: 3 0x80001710 (0xffd4c8e3)
core   0: 0x80001700 (0x6182e093) ori     ra, t0, 1560
core   0: 3 0x80001700 (0x6182e093) x 1 0x0000061f
core   0: 0x80001704 (0x004f1533) sll     a0, t5, tp
core   0: 3 0x80001704 (0x004f1533) x10 0x00000000
core   0: 0x80001708 (0x00148493) addi    s1, s1, 1
core   0: 3 0x80001708 (0x00148493) x 9 0xfffffffd
core   0: 0x8000170c (0x409f5733) sra     a4, t5, s1
core   0: 3 0x8000170c (0x409f5733) x14 0x00000000
core   0: 0x80001710 (0xffd4c8e3) blt     s1, t4, pc - 16
core   0: 3 0x80001710 (0xffd4c8e3)
core   0: 0x80001700 (0x6182e093) ori     ra, t0, 1560
core   0: 3 0x80001700 (0x6182e093) x 1 0x0000061f
core   0: 0x80001704 (0x004f1533) sll     a0, t5, tp
core   0: 3 0x80001704 (0x004f1533) x10 0x00000000
core   0: 0x80001708 (0x00148493) addi    s1, s1, 1
core   0: 3 0x80001708 (0x00148493) x 9 0xfffffffe
core   0: 0x8000170c (0x409f5733) sra     a4, t5, s1
core   0: 3 0x8000170c (0x409f5733) x14 0x00000000
core   0: 0x80001710 (0xffd4c8e3) blt     s1, t4, pc - 16
core   0: 3 0x80001710 (0xffd4c8e3)
core   0: 0x80001714 (0xd3c67f93) andi    t6, a2, -708
core   0: 3 0x80001714 (0xd3c67f93) x31 0x80025c20
core   0: 0x80001718 (0x03e929b3) mulhsu  s3, s2, t5
core   0: 3 0x80001718 (0x03e929b3) x19 0x00000000
core   0: 0x8000171c (0x03c61d33) mulh    s10, a2, t3
core   0: 3 0x8000171c (0x03c61d33) x26 0x00000000
core   0: 0x80001720 (0x8f47b013) sltiu   zero, a5, -1804
core   0: 3 0x80001720 (0x8f47b013)
core   0: 0x80001724 (0x401185b3) sub     a1, gp, ra
core   0: 3 0x80001724 (0x401185b3) x11 0xfffff9e5
core   0: 0x80001728 (0xfb211ce3) bne     sp, s2, pc - 72
core   0: 3 0x80001728 (0xfb211ce3)
core   0: 0x800016e0 (0x00000013) nop
core   0: 3 0x800016e0 (0x00000013)
core   0: 0x800016e4 (0xffb10113) addi    sp, sp, -5
core   0: 3 0x800016e4 (0xffb10113) x 2 0xfffffff6
core   0: 0x800016e8 (0x686bbb13) sltiu   s6, s7, 1670
core   0: 3 0x800016e8 (0x686bbb13) x22 0x00000001
core   0: 0x800016ec (0x0227b633) mulhu   a2, a5, sp
core   0: 3 0x800016ec (0x0227b633) x12 0x80025e5e
core   0: 0x800016f0 (0xffa00493) li      s1, -6
core   0: 3 0x800016f0 (0xffa00493) x 9 0xfffffffa
core   0: 0x800016f4 (0x0018e833) or      a6, a7, ra
core   0: 3 0x800016f4 (0x0018e833) x16 0x0000061f
core   0: 0x800016f8 (0x00344333) xor     t1, s0, gp
core   0: 3 0x800016f8 (0x00344333) x 6 0x000000a8
core   0: 0x800016fc (0xffe00e93) li      t4, -2
core   0: 3 0x800016fc (0xffe00e93) x29 0xfffffffe
core   0: 0x80001700 (0x6182e093) ori     ra, t0, 1560
core   0: 3 0x80001700 (0x6182e093) x 1 0x0000061f
core   0: 0x80001704 (0x004f1533) sll     a0, t5, tp
core   0: 3 0x80001704 (0x004f1533) x10 0x00000000
core   0: 0x80001708 (0x00148493) addi    s1, s1, 1
core   0: 3 0x80001708 (0x00148493) x 9 0xfffffffb
core   0: 0x8000170c (0x409f5733) sra     a4, t5, s1
core   0: 3 0x8000170c (0x409f5733) x14 0x00000000
core   0: 0x80001710 (0xffd4c8e3) blt     s1, t4, pc - 16
core   0: 3 0x80001710 (0xffd4c8e3)
core   0: 0x80001700 (0x6182e093) ori     ra, t0, 1560
core   0: 3 0x80001700 (0x6182e093) x 1 0x0000061f
core   0: 0x80001704 (0x004f1533) sll     a0, t5, tp
core   0: 3 0x80001704 (0x004f1533) x10 0x00000000
core   0: 0x80001708 (0x00148493) addi    s1, s1, 1
core   0: 3 0x80001708 (0x00148493) x 9 0xfffffffc
core   0: 0x8000170c (0x409f5733) sra     a4, t5, s1
core   0: 3 0x8000170c (0x409f5733) x14 0x00000000
core   0: 0x80001710 (0xffd4c8e3) blt     s1, t4, pc - 16
core   0: 3 0x80001710 (0xffd4c8e3)
core   0: 0x80001700 (0x6182e093) ori     ra, t0, 1560
core   0: 3 0x80001700 (0x6182e093) x 1 0x0000061f
core   0: 0x80001704 (0x004f1533) sll     a0, t5, tp
core   0: 3 0x80001704 (0x004f1533) x10 0x00000000
core   0: 0x80001708 (0x00148493) addi    s1, s1, 1
core   0: 3 0x80001708 (0x00148493) x 9 0xfffffffd
core   0: 0x8000170c (0x409f5733) sra     a4, t5, s1
core   0: 3 0x8000170c (0x409f5733) x14 0x00000000
core   0: 0x80001710 (0xffd4c8e3) blt     s1, t4, pc - 16
core   0: 3 0x80001710 (0xffd4c8e3)
core   0: 0x80001700 (0x6182e093) ori     ra, t0, 1560
core   0: 3 0x80001700 (0x6182e093) x 1 0x0000061f
core   0: 0x80001704 (0x004f1533) sll     a0, t5, tp
core   0: 3 0x80001704 (0x004f1533) x10 0x00000000
core   0: 0x80001708 (0x00148493) addi    s1, s1, 1
core   0: 3 0x80001708 (0x00148493) x 9 0xfffffffe
core   0: 0x8000170c (0x409f5733) sra     a4, t5, s1
core   0: 3 0x8000170c (0x409f5733) x14 0x00000000
core   0: 0x80001710 (0xffd4c8e3) blt     s1, t4, pc - 16
core   0: 3 0x80001710 (0xffd4c8e3)
core   0: 0x80001714 (0xd3c67f93) andi    t6, a2, -708
core   0: 3 0x80001714 (0xd3c67f93) x31 0x80025c1c
core   0: 0x80001718 (0x03e929b3) mulhsu  s3, s2, t5
core   0: 3 0x80001718 (0x03e929b3) x19 0x00000000
core   0: 0x8000171c (0x03c61d33) mulh    s10, a2, t3
core   0: 3 0x8000171c (0x03c61d33) x26 0x00000000
core   0: 0x80001720 (0x8f47b013) sltiu   zero, a5, -1804
core   0: 3 0x80001720 (0x8f47b013)
core   0: 0x80001724 (0x401185b3) sub     a1, gp, ra
core   0: 3 0x80001724 (0x401185b3) x11 0xfffff9e5
core   0: 0x80001728 (0xfb211ce3) bne     sp, s2, pc - 72
core   0: 3 0x80001728 (0xfb211ce3)
core   0: 0x800016e0 (0x00000013) nop
core   0: 3 0x800016e0 (0x00000013)
core   0: 0x800016e4 (0xffb10113) addi    sp, sp, -5
core   0: 3 0x800016e4 (0xffb10113) x 2 0xfffffff1
core   0: 0x800016e8 (0x686bbb13) sltiu   s6, s7, 1670
core   0: 3 0x800016e8 (0x686bbb13) x22 0x00000001
core   0: 0x800016ec (0x0227b633) mulhu   a2, a5, sp
core   0: 3 0x800016ec (0x0227b633) x12 0x80025e5c
core   0: 0x800016f0 (0xffa00493) li      s1, -6
core   0: 3 0x800016f0 (0xffa00493) x 9 0xfffffffa
core   0: 0x800016f4 (0x0018e833) or      a6, a7, ra
core   0: 3 0x800016f4 (0x0018e833) x16 0x0000061f
core   0: 0x800016f8 (0x00344333) xor     t1, s0, gp
core   0: 3 0x800016f8 (0x00344333) x 6 0x000000a8
core   0: 0x800016fc (0xffe00e93) li      t4, -2
core   0: 3 0x800016fc (0xffe00e93) x29 0xfffffffe
core   0: 0x80001700 (0x6182e093) ori     ra, t0, 1560
core   0: 3 0x80001700 (0x6182e093) x 1 0x0000061f
core   0: 0x80001704 (0x004f1533) sll     a0, t5, tp
core   0: 3 0x80001704 (0x004f1533) x10 0x00000000
core   0: 0x80001708 (0x00148493) addi    s1, s1, 1
core   0: 3 0x80001708 (0x00148493) x 9 0xfffffffb
core   0: 0x8000170c (0x409f5733) sra     a4, t5, s1
core   0: 3 0x8000170c (0x409f5733) x14 0x00000000
core   0: 0x80001710 (0xffd4c8e3) blt     s1, t4, pc - 16
core   0: 3 0x80001710 (0xffd4c8e3)
core   0: 0x80001700 (0x6182e093) ori     ra, t0, 1560
core   0: 3 0x80001700 (0x6182e093) x 1 0x0000061f
core   0: 0x80001704 (0x004f1533) sll     a0, t5, tp
core   0: 3 0x80001704 (0x004f1533) x10 0x00000000
core   0: 0x80001708 (0x00148493) addi    s1, s1, 1
core   0: 3 0x80001708 (0x00148493) x 9 0xfffffffc
core   0: 0x8000170c (0x409f5733) sra     a4, t5, s1
core   0: 3 0x8000170c (0x409f5733) x14 0x00000000
core   0: 0x80001710 (0xffd4c8e3) blt     s1, t4, pc - 16
core   0: 3 0x80001710 (0xffd4c8e3)
core   0: 0x80001700 (0x6182e093) ori     ra, t0, 1560
core   0: 3 0x80001700 (0x6182e093) x 1 0x0000061f
core   0: 0x80001704 (0x004f1533) sll     a0, t5, tp
core   0: 3 0x80001704 (0x004f1533) x10 0x00000000
core   0: 0x80001708 (0x00148493) addi    s1, s1, 1
core   0: 3 0x80001708 (0x00148493) x 9 0xfffffffd
core   0: 0x8000170c (0x409f5733) sra     a4, t5, s1
core   0: 3 0x8000170c (0x409f5733) x14 0x00000000
core   0: 0x80001710 (0xffd4c8e3) blt     s1, t4, pc - 16
core   0: 3 0x80001710 (0xffd4c8e3)
core   0: 0x80001700 (0x6182e093) ori     ra, t0, 1560
core   0: 3 0x80001700 (0x6182e093) x 1 0x0000061f
core   0: 0x80001704 (0x004f1533) sll     a0, t5, tp
core   0: 3 0x80001704 (0x004f1533) x10 0x00000000
core   0: 0x80001708 (0x00148493) addi    s1, s1, 1
core   0: 3 0x80001708 (0x00148493) x 9 0xfffffffe
core   0: 0x8000170c (0x409f5733) sra     a4, t5, s1
core   0: 3 0x8000170c (0x409f5733) x14 0x00000000
core   0: 0x80001710 (0xffd4c8e3) blt     s1, t4, pc - 16
core   0: 3 0x80001710 (0xffd4c8e3)
core   0: 0x80001714 (0xd3c67f93) andi    t6, a2, -708
core   0: 3 0x80001714 (0xd3c67f93) x31 0x80025c1c
core   0: 0x80001718 (0x03e929b3) mulhsu  s3, s2, t5
core   0: 3 0x80001718 (0x03e929b3) x19 0x00000000
core   0: 0x8000171c (0x03c61d33) mulh    s10, a2, t3
core   0: 3 0x8000171c (0x03c61d33) x26 0x00000000
core   0: 0x80001720 (0x8f47b013) sltiu   zero, a5, -1804
core   0: 3 0x80001720 (0x8f47b013)
core   0: 0x80001724 (0x401185b3) sub     a1, gp, ra
core   0: 3 0x80001724 (0x401185b3) x11 0xfffff9e5
core   0: 0x80001728 (0xfb211ce3) bne     sp, s2, pc - 72
core   0: 3 0x80001728 (0xfb211ce3)
core   0: 0x800016e0 (0x00000013) nop
core   0: 3 0x800016e0 (0x00000013)
core   0: 0x800016e4 (0xffb10113) addi    sp, sp, -5
core   0: 3 0x800016e4 (0xffb10113) x 2 0xffffffec
core   0: 0x800016e8 (0x686bbb13) sltiu   s6, s7, 1670
core   0: 3 0x800016e8 (0x686bbb13) x22 0x00000001
core   0: 0x800016ec (0x0227b633) mulhu   a2, a5, sp
core   0: 3 0x800016ec (0x0227b633) x12 0x80025e59
core   0: 0x800016f0 (0xffa00493) li      s1, -6
core   0: 3 0x800016f0 (0xffa00493) x 9 0xfffffffa
core   0: 0x800016f4 (0x0018e833) or      a6, a7, ra
core   0: 3 0x800016f4 (0x0018e833) x16 0x0000061f
core   0: 0x800016f8 (0x00344333) xor     t1, s0, gp
core   0: 3 0x800016f8 (0x00344333) x 6 0x000000a8
core   0: 0x800016fc (0xffe00e93) li      t4, -2
core   0: 3 0x800016fc (0xffe00e93) x29 0xfffffffe
core   0: 0x80001700 (0x6182e093) ori     ra, t0, 1560
core   0: 3 0x80001700 (0x6182e093) x 1 0x0000061f
core   0: 0x80001704 (0x004f1533) sll     a0, t5, tp
core   0: 3 0x80001704 (0x004f1533) x10 0x00000000
core   0: 0x80001708 (0x00148493) addi    s1, s1, 1
core   0: 3 0x80001708 (0x00148493) x 9 0xfffffffb
core   0: 0x8000170c (0x409f5733) sra     a4, t5, s1
core   0: 3 0x8000170c (0x409f5733) x14 0x00000000
core   0: 0x80001710 (0xffd4c8e3) blt     s1, t4, pc - 16
core   0: 3 0x80001710 (0xffd4c8e3)
core   0: 0x80001700 (0x6182e093) ori     ra, t0, 1560
core   0: 3 0x80001700 (0x6182e093) x 1 0x0000061f
core   0: 0x80001704 (0x004f1533) sll     a0, t5, tp
core   0: 3 0x80001704 (0x004f1533) x10 0x00000000
core   0: 0x80001708 (0x00148493) addi    s1, s1, 1
core   0: 3 0x80001708 (0x00148493) x 9 0xfffffffc
core   0: 0x8000170c (0x409f5733) sra     a4, t5, s1
core   0: 3 0x8000170c (0x409f5733) x14 0x00000000
core   0: 0x80001710 (0xffd4c8e3) blt     s1, t4, pc - 16
core   0: 3 0x80001710 (0xffd4c8e3)
core   0: 0x80001700 (0x6182e093) ori     ra, t0, 1560
core   0: 3 0x80001700 (0x6182e093) x 1 0x0000061f
core   0: 0x80001704 (0x004f1533) sll     a0, t5, tp
core   0: 3 0x80001704 (0x004f1533) x10 0x00000000
core   0: 0x80001708 (0x00148493) addi    s1, s1, 1
core   0: 3 0x80001708 (0x00148493) x 9 0xfffffffd
core   0: 0x8000170c (0x409f5733) sra     a4, t5, s1
core   0: 3 0x8000170c (0x409f5733) x14 0x00000000
core   0: 0x80001710 (0xffd4c8e3) blt     s1, t4, pc - 16
core   0: 3 0x80001710 (0xffd4c8e3)
core   0: 0x80001700 (0x6182e093) ori     ra, t0, 1560
core   0: 3 0x80001700 (0x6182e093) x 1 0x0000061f
core   0: 0x80001704 (0x004f1533) sll     a0, t5, tp
core   0: 3 0x80001704 (0x004f1533) x10 0x00000000
core   0: 0x80001708 (0x00148493) addi    s1, s1, 1
core   0: 3 0x80001708 (0x00148493) x 9 0xfffffffe
core   0: 0x8000170c (0x409f5733) sra     a4, t5, s1
core   0: 3 0x8000170c (0x409f5733) x14 0x00000000
core   0: 0x80001710 (0xffd4c8e3) blt     s1, t4, pc - 16
core   0: 3 0x80001710 (0xffd4c8e3)
core   0: 0x80001714 (0xd3c67f93) andi    t6, a2, -708
core   0: 3 0x80001714 (0xd3c67f93) x31 0x80025c18
core   0: 0x80001718 (0x03e929b3) mulhsu  s3, s2, t5
core   0: 3 0x80001718 (0x03e929b3) x19 0x00000000
core   0: 0x8000171c (0x03c61d33) mulh    s10, a2, t3
core   0: 3 0x8000171c (0x03c61d33) x26 0x00000000
core   0: 0x80001720 (0x8f47b013) sltiu   zero, a5, -1804
core   0: 3 0x80001720 (0x8f47b013)
core   0: 0x80001724 (0x401185b3) sub     a1, gp, ra
core   0: 3 0x80001724 (0x401185b3) x11 0xfffff9e5
core   0: 0x80001728 (0xfb211ce3) bne     sp, s2, pc - 72
core   0: 3 0x80001728 (0xfb211ce3)
core   0: 0x8000172c (0x00000013) nop
core   0: 3 0x8000172c (0x00000013)
core   0: 0x80001730 (0xffc00613) li      a2, -4
core   0: 3 0x80001730 (0xffc00613) x12 0xfffffffc
core   0: 0x80001734 (0x039ef333) remu    t1, t4, s9
core   0: 3 0x80001734 (0x039ef333) x 6 0x00000004
core   0: 0x80001738 (0xff400b93) li      s7, -12
core   0: 3 0x80001738 (0xff400b93) x23 0xfffffff4
core   0: 0x8000173c (0x014afe33) and     t3, s5, s4
core   0: 3 0x8000173c (0x014afe33) x28 0x00000004
core   0: 0x80001740 (0x0197e4b3) or      s1, a5, s9
core   0: 3 0x80001740 (0x0197e4b3) x 9 0x80025e65
core   0: 0x80001744 (0xffc60613) addi    a2, a2, -4
core   0: 3 0x80001744 (0xffc60613) x12 0xfffffff8
core   0: 0x80001748 (0x40e7d3b3) sra     t2, a5, a4
core   0: 3 0x80001748 (0x40e7d3b3) x 7 0x80025e64
core   0: 0x8000174c (0x00900213) li      tp, 9
core   0: 3 0x8000174c (0x00900213) x 4 0x00000009
core   0: 0x80001750 (0x00100993) li      s3, 1
core   0: 3 0x80001750 (0x00100993) x19 0x00000001
core   0: 0x80001754 (0x4011d3b3) sra     t2, gp, ra
core   0: 3 0x80001754 (0x4011d3b3) x 7 0x00000000
core   0: 0x80001758 (0x6ca008b7) lui     a7, 0x6ca00
core   0: 3 0x80001758 (0x6ca008b7) x17 0x6ca00000
core   0: 0x8000175c (0x02ae2eb3) mulhsu  t4, t3, a0
core   0: 3 0x8000175c (0x02ae2eb3) x29 0x00000000
core   0: 0x80001760 (0xff820213) addi    tp, tp, -8
core   0: 3 0x80001760 (0xff820213) x 4 0x00000001
core   0: 0x80001764 (0xff320ae3) beq     tp, s3, pc - 12
core   0: 3 0x80001764 (0xff320ae3)
core   0: 0x80001758 (0x6ca008b7) lui     a7, 0x6ca00
core   0: 3 0x80001758 (0x6ca008b7) x17 0x6ca00000
core   0: 0x8000175c (0x02ae2eb3) mulhsu  t4, t3, a0
core   0: 3 0x8000175c (0x02ae2eb3) x29 0x00000000
core   0: 0x80001760 (0xff820213) addi    tp, tp, -8
core   0: 3 0x80001760 (0xff820213) x 4 0xfffffff9
core   0: 0x80001764 (0xff320ae3) beq     tp, s3, pc - 12
core   0: 3 0x80001764 (0xff320ae3)
core   0: 0x80001768 (0x00012433) slt     s0, sp, zero
core   0: 3 0x80001768 (0x00012433) x 8 0x00000001
core   0: 0x8000176c (0x002f16b3) sll     a3, t5, sp
core   0: 3 0x8000176c (0x002f16b3) x13 0x00000000
core   0: 0x80001770 (0x00fd74b3) and     s1, s10, a5
core   0: 3 0x80001770 (0x00fd74b3) x 9 0x00000000
core   0: 0x80001774 (0xfd7614e3) bne     a2, s7, pc - 56
core   0: 3 0x80001774 (0xfd7614e3)
core   0: 0x8000173c (0x014afe33) and     t3, s5, s4
core   0: 3 0x8000173c (0x014afe33) x28 0x00000004
core   0: 0x80001740 (0x0197e4b3) or      s1, a5, s9
core   0: 3 0x80001740 (0x0197e4b3) x 9 0x80025e65
core   0: 0x80001744 (0xffc60613) addi    a2, a2, -4
core   0: 3 0x80001744 (0xffc60613) x12 0xfffffff4
core   0: 0x80001748 (0x40e7d3b3) sra     t2, a5, a4
core   0: 3 0x80001748 (0x40e7d3b3) x 7 0x80025e64
core   0: 0x8000174c (0x00900213) li      tp, 9
core   0: 3 0x8000174c (0x00900213) x 4 0x00000009
core   0: 0x80001750 (0x00100993) li      s3, 1
core   0: 3 0x80001750 (0x00100993) x19 0x00000001
core   0: 0x80001754 (0x4011d3b3) sra     t2, gp, ra
core   0: 3 0x80001754 (0x4011d3b3) x 7 0x00000000
core   0: 0x80001758 (0x6ca008b7) lui     a7, 0x6ca00
core   0: 3 0x80001758 (0x6ca008b7) x17 0x6ca00000
core   0: 0x8000175c (0x02ae2eb3) mulhsu  t4, t3, a0
core   0: 3 0x8000175c (0x02ae2eb3) x29 0x00000000
core   0: 0x80001760 (0xff820213) addi    tp, tp, -8
core   0: 3 0x80001760 (0xff820213) x 4 0x00000001
core   0: 0x80001764 (0xff320ae3) beq     tp, s3, pc - 12
core   0: 3 0x80001764 (0xff320ae3)
core   0: 0x80001758 (0x6ca008b7) lui     a7, 0x6ca00
core   0: 3 0x80001758 (0x6ca008b7) x17 0x6ca00000
core   0: 0x8000175c (0x02ae2eb3) mulhsu  t4, t3, a0
core   0: 3 0x8000175c (0x02ae2eb3) x29 0x00000000
core   0: 0x80001760 (0xff820213) addi    tp, tp, -8
core   0: 3 0x80001760 (0xff820213) x 4 0xfffffff9
core   0: 0x80001764 (0xff320ae3) beq     tp, s3, pc - 12
core   0: 3 0x80001764 (0xff320ae3)
core   0: 0x80001768 (0x00012433) slt     s0, sp, zero
core   0: 3 0x80001768 (0x00012433) x 8 0x00000001
core   0: 0x8000176c (0x002f16b3) sll     a3, t5, sp
core   0: 3 0x8000176c (0x002f16b3) x13 0x00000000
core   0: 0x80001770 (0x00fd74b3) and     s1, s10, a5
core   0: 3 0x80001770 (0x00fd74b3) x 9 0x00000000
core   0: 0x80001774 (0xfd7614e3) bne     a2, s7, pc - 56
core   0: 3 0x80001774 (0xfd7614e3)
core   0: 0x80001778 (0xdaee0093) addi    ra, t3, -594
core   0: 3 0x80001778 (0xdaee0093) x 1 0xfffffdb2
core   0: 0x8000177c (0x00100b13) li      s6, 1
core   0: 3 0x8000177c (0x00100b13) x22 0x00000001
core   0: 0x80001780 (0x5b19f393) andi    t2, s3, 1457
core   0: 3 0x80001780 (0x5b19f393) x 7 0x00000001
core   0: 0x80001784 (0x6b94cc93) xori    s9, s1, 1721
core   0: 3 0x80001784 (0x6b94cc93) x25 0x000006b9
core   0: 0x80001788 (0x00beb8b3) sltu    a7, t4, a1
core   0: 3 0x80001788 (0x00beb8b3) x17 0x00000001
core   0: 0x8000178c (0x0296c333) div     t1, a3, s1
core   0: 3 0x8000178c (0x0296c333) x 6 0xffffffff
core   0: 0x80001790 (0xffa00813) li      a6, -6
core   0: 3 0x80001790 (0xffa00813) x16 0xfffffffa
core   0: 0x80001794 (0x2f60bc93) sltiu   s9, ra, 758
core   0: 3 0x80001794 (0x2f60bc93) x25 0x00000000
core   0: 0x80001798 (0x01191213) slli    tp, s2, 17
core   0: 3 0x80001798 (0x01191213) x 4 0xffd80000
core   0: 0x8000179c (0x03fc58b3) divu    a7, s8, t6
core   0: 3 0x8000179c (0x03fc58b3) x17 0x00000000
core   0: 0x800017a0 (0x412058b3) sra     a7, zero, s2
core   0: 3 0x800017a0 (0x412058b3) x17 0x00000000
core   0: 0x800017a4 (0xb6944fb7) lui     t6, 0xb6944
core   0: 3 0x800017a4 (0xb6944fb7) x31 0xb6944000
core   0: 0x800017a8 (0x3d775e37) lui     t3, 0x3d775
core   0: 3 0x800017a8 (0x3d775e37) x28 0x3d775000
core   0: 0x800017ac (0x02e54eb3) div     t4, a0, a4
core   0: 3 0x800017ac (0x02e54eb3) x29 0xffffffff
core   0: 0x800017b0 (0x03ce1c33) mulh    s8, t3, t3
core   0: 3 0x800017b0 (0x03ce1c33) x24 0x0ec213bb
core   0: 0x800017b4 (0xe39b7393) andi    t2, s6, -455
core   0: 3 0x800017b4 (0xe39b7393) x 7 0x00000001
core   0: 0x800017b8 (0x00a63033) sltu    zero, a2, a0
core   0: 3 0x800017b8 (0x00a63033)
core   0: 0x800017bc (0x01c7c933) xor     s2, a5, t3
core   0: 3 0x800017bc (0x01c7c933) x18 0xbd750e64
core   0: 0x800017c0 (0xd010a3b7) lui     t2, 0xd010a
core   0: 3 0x800017c0 (0xd010a3b7) x 7 0xd010a000
core   0: 0x800017c4 (0x021415b3) mulh    a1, s0, ra
core   0: 3 0x800017c4 (0x021415b3) x11 0xffffffff
core   0: 0x800017c8 (0x820be893) ori     a7, s7, -2016
core   0: 3 0x800017c8 (0x820be893) x17 0xfffffff4
core   0: 0x800017cc (0x01902333) slt     t1, zero, s9
core   0: 3 0x800017cc (0x01902333) x 6 0x00000000
core   0: 0x800017d0 (0x010160b3) or      ra, sp, a6
core   0: 3 0x800017d0 (0x010160b3) x 1 0xfffffffe
core   0: 0x800017d4 (0x371ae213) ori     tp, s5, 881
core   0: 3 0x800017d4 (0x371ae213) x 4 0x80029ff5
core   0: 0x800017d8 (0xff9b0b13) addi    s6, s6, -7
core   0: 3 0x800017d8 (0xff9b0b13) x22 0xfffffffa
core   0: 0x800017dc (0x02e6b9b3) mulhu   s3, a3, a4
core   0: 3 0x800017dc (0x02e6b9b3) x19 0x00000000
core   0: 0x800017e0 (0x017ae1b3) or      gp, s5, s7
core   0: 3 0x800017e0 (0x017ae1b3) x 3 0xfffffff4
core   0: 0x800017e4 (0xff0b16e3) bne     s6, a6, pc - 20
core   0: 3 0x800017e4 (0xff0b16e3)
core   0: 0x800017e8 (0xea47a713) slti    a4, a5, -348
core   0: 3 0x800017e8 (0xea47a713) x14 0x00000001
core   0: 0x800017ec (0x00200b93) li      s7, 2
core   0: 3 0x800017ec (0x00200b93) x23 0x00000002
core   0: 0x800017f0 (0x412d5533) sra     a0, s10, s2
core   0: 3 0x800017f0 (0x412d5533) x10 0x00000000
core   0: 0x800017f4 (0x00900e13) li      t3, 9
core   0: 3 0x800017f4 (0x00900e13) x28 0x00000009
core   0: 0x800017f8 (0x036ea0b3) mulhsu  ra, t4, s6
core   0: 3 0x800017f8 (0x036ea0b3) x 1 0xffffffff
core   0: 0x800017fc (0x02fea733) mulhsu  a4, t4, a5
core   0: 3 0x800017fc (0x02fea733) x14 0xffffffff
core   0: 0x80001800 (0x02d1a133) mulhsu  sp, gp, a3
core   0: 3 0x80001800 (0x02d1a133) x 2 0x00000000
core   0: 0x80001804 (0x02230633) mul     a2, t1, sp
core   0: 3 0x80001804 (0x02230633) x12 0x00000000
core   0: 0x80001808 (0x41c4d393) srai    t2, s1, 28
core   0: 3 0x80001808 (0x41c4d393) x 7 0x00000000
core   0: 0x8000180c (0x982d4b13) xori    s6, s10, -1662
core   0: 3 0x8000180c (0x982d4b13) x22 0xfffff982
core   0: 0x80001810 (0x00820633) add     a2, tp, s0
core   0: 3 0x80001810 (0x00820633) x12 0x80029ff6
core   0: 0x80001814 (0x01b6e733) or      a4, a3, s11
core   0: 3 0x80001814 (0x01b6e733) x14 0x41e566b4
core   0: 0x80001818 (0x001b8b93) addi    s7, s7, 1
core   0: 3 0x80001818 (0x001b8b93) x23 0x00000003
core   0: 0x8000181c (0x00200293) li      t0, 2
core   0: 3 0x8000181c (0x00200293) x 5 0x00000002
core   0: 0x80001820 (0x019accb3) xor     s9, s5, s9
core   0: 3 0x80001820 (0x019accb3) x25 0x80029ce4
core   0: 0x80001824 (0xffa00993) li      s3, -6
core   0: 3 0x80001824 (0xffa00993) x19 0xfffffffa
core   0: 0x80001828 (0x00ce2a33) slt     s4, t3, a2
core   0: 3 0x80001828 (0x00ce2a33) x20 0x00000000
core   0: 0x8000182c (0x01e9b533) sltu    a0, s3, t5
core   0: 3 0x8000182c (0x01e9b533) x10 0x00000000
core   0: 0x80001830 (0x06857493) andi    s1, a0, 104
core   0: 3 0x80001830 (0x06857493) x 9 0x00000000
core   0: 0x80001834 (0x013081b3) add     gp, ra, s3
core   0: 3 0x80001834 (0x013081b3) x 3 0xfffffff9
core   0: 0x80001838 (0xffd28293) addi    t0, t0, -3
core   0: 3 0x80001838 (0xffd28293) x 5 0xffffffff
core   0: 0x8000183c (0x00a81233) sll     tp, a6, a0
core   0: 3 0x8000183c (0x00a81233) x 4 0xfffffffa
core   0: 0x80001840 (0xff32d6e3) bge     t0, s3, pc - 20
core   0: 3 0x80001840 (0xff32d6e3)
core   0: 0x8000182c (0x01e9b533) sltu    a0, s3, t5
core   0: 3 0x8000182c (0x01e9b533) x10 0x00000000
core   0: 0x80001830 (0x06857493) andi    s1, a0, 104
core   0: 3 0x80001830 (0x06857493) x 9 0x00000000
core   0: 0x80001834 (0x013081b3) add     gp, ra, s3
core   0: 3 0x80001834 (0x013081b3) x 3 0xfffffff9
core   0: 0x80001838 (0xffd28293) addi    t0, t0, -3
core   0: 3 0x80001838 (0xffd28293) x 5 0xfffffffc
core   0: 0x8000183c (0x00a81233) sll     tp, a6, a0
core   0: 3 0x8000183c (0x00a81233) x 4 0xfffffffa
core   0: 0x80001840 (0xff32d6e3) bge     t0, s3, pc - 20
core   0: 3 0x80001840 (0xff32d6e3)
core   0: 0x8000182c (0x01e9b533) sltu    a0, s3, t5
core   0: 3 0x8000182c (0x01e9b533) x10 0x00000000
core   0: 0x80001830 (0x06857493) andi    s1, a0, 104
core   0: 3 0x80001830 (0x06857493) x 9 0x00000000
core   0: 0x80001834 (0x013081b3) add     gp, ra, s3
core   0: 3 0x80001834 (0x013081b3) x 3 0xfffffff9
core   0: 0x80001838 (0xffd28293) addi    t0, t0, -3
core   0: 3 0x80001838 (0xffd28293) x 5 0xfffffff9
core   0: 0x8000183c (0x00a81233) sll     tp, a6, a0
core   0: 3 0x8000183c (0x00a81233) x 4 0xfffffffa
core   0: 0x80001840 (0xff32d6e3) bge     t0, s3, pc - 20
core   0: 3 0x80001840 (0xff32d6e3)
core   0: 0x80001844 (0x02019fb3) mulh    t6, gp, zero
core   0: 3 0x80001844 (0x02019fb3) x31 0x00000000
core   0: 0x80001848 (0x0317e433) rem     s0, a5, a7
core   0: 3 0x80001848 (0x0317e433) x 8 0xfffffffc
core   0: 0x8000184c (0x0153eb33) or      s6, t2, s5
core   0: 3 0x8000184c (0x0153eb33) x22 0x80029ce4
core   0: 0x80001850 (0xfbcbcae3) blt     s7, t3, pc - 76
core   0: 3 0x80001850 (0xfbcbcae3)
core   0: 0x80001804 (0x02230633) mul     a2, t1, sp
core   0: 3 0x80001804 (0x02230633) x12 0x00000000
core   0: 0x80001808 (0x41c4d393) srai    t2, s1, 28
core   0: 3 0x80001808 (0x41c4d393) x 7 0x00000000
core   0: 0x8000180c (0x982d4b13) xori    s6, s10, -1662
core   0: 3 0x8000180c (0x982d4b13) x22 0xfffff982
core   0: 0x80001810 (0x00820633) add     a2, tp, s0
core   0: 3 0x80001810 (0x00820633) x12 0xfffffff6
core   0: 0x80001814 (0x01b6e733) or      a4, a3, s11
core   0: 3 0x80001814 (0x01b6e733) x14 0x41e566b4
core   0: 0x80001818 (0x001b8b93) addi    s7, s7, 1
core   0: 3 0x80001818 (0x001b8b93) x23 0x00000004
core   0: 0x8000181c (0x00200293) li      t0, 2
core   0: 3 0x8000181c (0x00200293) x 5 0x00000002
core   0: 0x80001820 (0x019accb3) xor     s9, s5, s9
core   0: 3 0x80001820 (0x019accb3) x25 0x00000000
core   0: 0x80001824 (0xffa00993) li      s3, -6
core   0: 3 0x80001824 (0xffa00993) x19 0xfffffffa
core   0: 0x80001828 (0x00ce2a33) slt     s4, t3, a2
core   0: 3 0x80001828 (0x00ce2a33) x20 0x00000000
core   0: 0x8000182c (0x01e9b533) sltu    a0, s3, t5
core   0: 3 0x8000182c (0x01e9b533) x10 0x00000000
core   0: 0x80001830 (0x06857493) andi    s1, a0, 104
core   0: 3 0x80001830 (0x06857493) x 9 0x00000000
core   0: 0x80001834 (0x013081b3) add     gp, ra, s3
core   0: 3 0x80001834 (0x013081b3) x 3 0xfffffff9
core   0: 0x80001838 (0xffd28293) addi    t0, t0, -3
core   0: 3 0x80001838 (0xffd28293) x 5 0xffffffff
core   0: 0x8000183c (0x00a81233) sll     tp, a6, a0
core   0: 3 0x8000183c (0x00a81233) x 4 0xfffffffa
core   0: 0x80001840 (0xff32d6e3) bge     t0, s3, pc - 20
core   0: 3 0x80001840 (0xff32d6e3)
core   0: 0x8000182c (0x01e9b533) sltu    a0, s3, t5
core   0: 3 0x8000182c (0x01e9b533) x10 0x00000000
core   0: 0x80001830 (0x06857493) andi    s1, a0, 104
core   0: 3 0x80001830 (0x06857493) x 9 0x00000000
core   0: 0x80001834 (0x013081b3) add     gp, ra, s3
core   0: 3 0x80001834 (0x013081b3) x 3 0xfffffff9
core   0: 0x80001838 (0xffd28293) addi    t0, t0, -3
core   0: 3 0x80001838 (0xffd28293) x 5 0xfffffffc
core   0: 0x8000183c (0x00a81233) sll     tp, a6, a0
core   0: 3 0x8000183c (0x00a81233) x 4 0xfffffffa
core   0: 0x80001840 (0xff32d6e3) bge     t0, s3, pc - 20
core   0: 3 0x80001840 (0xff32d6e3)
core   0: 0x8000182c (0x01e9b533) sltu    a0, s3, t5
core   0: 3 0x8000182c (0x01e9b533) x10 0x00000000
core   0: 0x80001830 (0x06857493) andi    s1, a0, 104
core   0: 3 0x80001830 (0x06857493) x 9 0x00000000
core   0: 0x80001834 (0x013081b3) add     gp, ra, s3
core   0: 3 0x80001834 (0x013081b3) x 3 0xfffffff9
core   0: 0x80001838 (0xffd28293) addi    t0, t0, -3
core   0: 3 0x80001838 (0xffd28293) x 5 0xfffffff9
core   0: 0x8000183c (0x00a81233) sll     tp, a6, a0
core   0: 3 0x8000183c (0x00a81233) x 4 0xfffffffa
core   0: 0x80001840 (0xff32d6e3) bge     t0, s3, pc - 20
core   0: 3 0x80001840 (0xff32d6e3)
core   0: 0x80001844 (0x02019fb3) mulh    t6, gp, zero
core   0: 3 0x80001844 (0x02019fb3) x31 0x00000000
core   0: 0x80001848 (0x0317e433) rem     s0, a5, a7
core   0: 3 0x80001848 (0x0317e433) x 8 0xfffffffc
core   0: 0x8000184c (0x0153eb33) or      s6, t2, s5
core   0: 3 0x8000184c (0x0153eb33) x22 0x80029ce4
core   0: 0x80001850 (0xfbcbcae3) blt     s7, t3, pc - 76
core   0: 3 0x80001850 (0xfbcbcae3)
core   0: 0x80001804 (0x02230633) mul     a2, t1, sp
core   0: 3 0x80001804 (0x02230633) x12 0x00000000
core   0: 0x80001808 (0x41c4d393) srai    t2, s1, 28
core   0: 3 0x80001808 (0x41c4d393) x 7 0x00000000
core   0: 0x8000180c (0x982d4b13) xori    s6, s10, -1662
core   0: 3 0x8000180c (0x982d4b13) x22 0xfffff982
core   0: 0x80001810 (0x00820633) add     a2, tp, s0
core   0: 3 0x80001810 (0x00820633) x12 0xfffffff6
core   0: 0x80001814 (0x01b6e733) or      a4, a3, s11
core   0: 3 0x80001814 (0x01b6e733) x14 0x41e566b4
core   0: 0x80001818 (0x001b8b93) addi    s7, s7, 1
core   0: 3 0x80001818 (0x001b8b93) x23 0x00000005
core   0: 0x8000181c (0x00200293) li      t0, 2
core   0: 3 0x8000181c (0x00200293) x 5 0x00000002
core   0: 0x80001820 (0x019accb3) xor     s9, s5, s9
core   0: 3 0x80001820 (0x019accb3) x25 0x80029ce4
core   0: 0x80001824 (0xffa00993) li      s3, -6
core   0: 3 0x80001824 (0xffa00993) x19 0xfffffffa
core   0: 0x80001828 (0x00ce2a33) slt     s4, t3, a2
core   0: 3 0x80001828 (0x00ce2a33) x20 0x00000000
core   0: 0x8000182c (0x01e9b533) sltu    a0, s3, t5
core   0: 3 0x8000182c (0x01e9b533) x10 0x00000000
core   0: 0x80001830 (0x06857493) andi    s1, a0, 104
core   0: 3 0x80001830 (0x06857493) x 9 0x00000000
core   0: 0x80001834 (0x013081b3) add     gp, ra, s3
core   0: 3 0x80001834 (0x013081b3) x 3 0xfffffff9
core   0: 0x80001838 (0xffd28293) addi    t0, t0, -3
core   0: 3 0x80001838 (0xffd28293) x 5 0xffffffff
core   0: 0x8000183c (0x00a81233) sll     tp, a6, a0
core   0: 3 0x8000183c (0x00a81233) x 4 0xfffffffa
core   0: 0x80001840 (0xff32d6e3) bge     t0, s3, pc - 20
core   0: 3 0x80001840 (0xff32d6e3)
core   0: 0x8000182c (0x01e9b533) sltu    a0, s3, t5
core   0: 3 0x8000182c (0x01e9b533) x10 0x00000000
core   0: 0x80001830 (0x06857493) andi    s1, a0, 104
core   0: 3 0x80001830 (0x06857493) x 9 0x00000000
core   0: 0x80001834 (0x013081b3) add     gp, ra, s3
core   0: 3 0x80001834 (0x013081b3) x 3 0xfffffff9
core   0: 0x80001838 (0xffd28293) addi    t0, t0, -3
core   0: 3 0x80001838 (0xffd28293) x 5 0xfffffffc
core   0: 0x8000183c (0x00a81233) sll     tp, a6, a0
core   0: 3 0x8000183c (0x00a81233) x 4 0xfffffffa
core   0: 0x80001840 (0xff32d6e3) bge     t0, s3, pc - 20
core   0: 3 0x80001840 (0xff32d6e3)
core   0: 0x8000182c (0x01e9b533) sltu    a0, s3, t5
core   0: 3 0x8000182c (0x01e9b533) x10 0x00000000
core   0: 0x80001830 (0x06857493) andi    s1, a0, 104
core   0: 3 0x80001830 (0x06857493) x 9 0x00000000
core   0: 0x80001834 (0x013081b3) add     gp, ra, s3
core   0: 3 0x80001834 (0x013081b3) x 3 0xfffffff9
core   0: 0x80001838 (0xffd28293) addi    t0, t0, -3
core   0: 3 0x80001838 (0xffd28293) x 5 0xfffffff9
core   0: 0x8000183c (0x00a81233) sll     tp, a6, a0
core   0: 3 0x8000183c (0x00a81233) x 4 0xfffffffa
core   0: 0x80001840 (0xff32d6e3) bge     t0, s3, pc - 20
core   0: 3 0x80001840 (0xff32d6e3)
core   0: 0x80001844 (0x02019fb3) mulh    t6, gp, zero
core   0: 3 0x80001844 (0x02019fb3) x31 0x00000000
core   0: 0x80001848 (0x0317e433) rem     s0, a5, a7
core   0: 3 0x80001848 (0x0317e433) x 8 0xfffffffc
core   0: 0x8000184c (0x0153eb33) or      s6, t2, s5
core   0: 3 0x8000184c (0x0153eb33) x22 0x80029ce4
core   0: 0x80001850 (0xfbcbcae3) blt     s7, t3, pc - 76
core   0: 3 0x80001850 (0xfbcbcae3)
core   0: 0x80001804 (0x02230633) mul     a2, t1, sp
core   0: 3 0x80001804 (0x02230633) x12 0x00000000
core   0: 0x80001808 (0x41c4d393) srai    t2, s1, 28
core   0: 3 0x80001808 (0x41c4d393) x 7 0x00000000
core   0: 0x8000180c (0x982d4b13) xori    s6, s10, -1662
core   0: 3 0x8000180c (0x982d4b13) x22 0xfffff982
core   0: 0x80001810 (0x00820633) add     a2, tp, s0
core   0: 3 0x80001810 (0x00820633) x12 0xfffffff6
core   0: 0x80001814 (0x01b6e733) or      a4, a3, s11
core   0: 3 0x80001814 (0x01b6e733) x14 0x41e566b4
core   0: 0x80001818 (0x001b8b93) addi    s7, s7, 1
core   0: 3 0x80001818 (0x001b8b93) x23 0x00000006
core   0: 0x8000181c (0x00200293) li      t0, 2
core   0: 3 0x8000181c (0x00200293) x 5 0x00000002
core   0: 0x80001820 (0x019accb3) xor     s9, s5, s9
core   0: 3 0x80001820 (0x019accb3) x25 0x00000000
core   0: 0x80001824 (0xffa00993) li      s3, -6
core   0: 3 0x80001824 (0xffa00993) x19 0xfffffffa
core   0: 0x80001828 (0x00ce2a33) slt     s4, t3, a2
core   0: 3 0x80001828 (0x00ce2a33) x20 0x00000000
core   0: 0x8000182c (0x01e9b533) sltu    a0, s3, t5
core   0: 3 0x8000182c (0x01e9b533) x10 0x00000000
core   0: 0x80001830 (0x06857493) andi    s1, a0, 104
core   0: 3 0x80001830 (0x06857493) x 9 0x00000000
core   0: 0x80001834 (0x013081b3) add     gp, ra, s3
core   0: 3 0x80001834 (0x013081b3) x 3 0xfffffff9
core   0: 0x80001838 (0xffd28293) addi    t0, t0, -3
core   0: 3 0x80001838 (0xffd28293) x 5 0xffffffff
core   0: 0x8000183c (0x00a81233) sll     tp, a6, a0
core   0: 3 0x8000183c (0x00a81233) x 4 0xfffffffa
core   0: 0x80001840 (0xff32d6e3) bge     t0, s3, pc - 20
core   0: 3 0x80001840 (0xff32d6e3)
core   0: 0x8000182c (0x01e9b533) sltu    a0, s3, t5
core   0: 3 0x8000182c (0x01e9b533) x10 0x00000000
core   0: 0x80001830 (0x06857493) andi    s1, a0, 104
core   0: 3 0x80001830 (0x06857493) x 9 0x00000000
core   0: 0x80001834 (0x013081b3) add     gp, ra, s3
core   0: 3 0x80001834 (0x013081b3) x 3 0xfffffff9
core   0: 0x80001838 (0xffd28293) addi    t0, t0, -3
core   0: 3 0x80001838 (0xffd28293) x 5 0xfffffffc
core   0: 0x8000183c (0x00a81233) sll     tp, a6, a0
core   0: 3 0x8000183c (0x00a81233) x 4 0xfffffffa
core   0: 0x80001840 (0xff32d6e3) bge     t0, s3, pc - 20
core   0: 3 0x80001840 (0xff32d6e3)
core   0: 0x8000182c (0x01e9b533) sltu    a0, s3, t5
core   0: 3 0x8000182c (0x01e9b533) x10 0x00000000
core   0: 0x80001830 (0x06857493) andi    s1, a0, 104
core   0: 3 0x80001830 (0x06857493) x 9 0x00000000
core   0: 0x80001834 (0x013081b3) add     gp, ra, s3
core   0: 3 0x80001834 (0x013081b3) x 3 0xfffffff9
core   0: 0x80001838 (0xffd28293) addi    t0, t0, -3
core   0: 3 0x80001838 (0xffd28293) x 5 0xfffffff9
core   0: 0x8000183c (0x00a81233) sll     tp, a6, a0
core   0: 3 0x8000183c (0x00a81233) x 4 0xfffffffa
core   0: 0x80001840 (0xff32d6e3) bge     t0, s3, pc - 20
core   0: 3 0x80001840 (0xff32d6e3)
core   0: 0x80001844 (0x02019fb3) mulh    t6, gp, zero
core   0: 3 0x80001844 (0x02019fb3) x31 0x00000000
core   0: 0x80001848 (0x0317e433) rem     s0, a5, a7
core   0: 3 0x80001848 (0x0317e433) x 8 0xfffffffc
core   0: 0x8000184c (0x0153eb33) or      s6, t2, s5
core   0: 3 0x8000184c (0x0153eb33) x22 0x80029ce4
core   0: 0x80001850 (0xfbcbcae3) blt     s7, t3, pc - 76
core   0: 3 0x80001850 (0xfbcbcae3)
core   0: 0x80001804 (0x02230633) mul     a2, t1, sp
core   0: 3 0x80001804 (0x02230633) x12 0x00000000
core   0: 0x80001808 (0x41c4d393) srai    t2, s1, 28
core   0: 3 0x80001808 (0x41c4d393) x 7 0x00000000
core   0: 0x8000180c (0x982d4b13) xori    s6, s10, -1662
core   0: 3 0x8000180c (0x982d4b13) x22 0xfffff982
core   0: 0x80001810 (0x00820633) add     a2, tp, s0
core   0: 3 0x80001810 (0x00820633) x12 0xfffffff6
core   0: 0x80001814 (0x01b6e733) or      a4, a3, s11
core   0: 3 0x80001814 (0x01b6e733) x14 0x41e566b4
core   0: 0x80001818 (0x001b8b93) addi    s7, s7, 1
core   0: 3 0x80001818 (0x001b8b93) x23 0x00000007
core   0: 0x8000181c (0x00200293) li      t0, 2
core   0: 3 0x8000181c (0x00200293) x 5 0x00000002
core   0: 0x80001820 (0x019accb3) xor     s9, s5, s9
core   0: 3 0x80001820 (0x019accb3) x25 0x80029ce4
core   0: 0x80001824 (0xffa00993) li      s3, -6
core   0: 3 0x80001824 (0xffa00993) x19 0xfffffffa
core   0: 0x80001828 (0x00ce2a33) slt     s4, t3, a2
core   0: 3 0x80001828 (0x00ce2a33) x20 0x00000000
core   0: 0x8000182c (0x01e9b533) sltu    a0, s3, t5
core   0: 3 0x8000182c (0x01e9b533) x10 0x00000000
core   0: 0x80001830 (0x06857493) andi    s1, a0, 104
core   0: 3 0x80001830 (0x06857493) x 9 0x00000000
core   0: 0x80001834 (0x013081b3) add     gp, ra, s3
core   0: 3 0x80001834 (0x013081b3) x 3 0xfffffff9
core   0: 0x80001838 (0xffd28293) addi    t0, t0, -3
core   0: 3 0x80001838 (0xffd28293) x 5 0xffffffff
core   0: 0x8000183c (0x00a81233) sll     tp, a6, a0
core   0: 3 0x8000183c (0x00a81233) x 4 0xfffffffa
core   0: 0x80001840 (0xff32d6e3) bge     t0, s3, pc - 20
core   0: 3 0x80001840 (0xff32d6e3)
core   0: 0x8000182c (0x01e9b533) sltu    a0, s3, t5
core   0: 3 0x8000182c (0x01e9b533) x10 0x00000000
core   0: 0x80001830 (0x06857493) andi    s1, a0, 104
core   0: 3 0x80001830 (0x06857493) x 9 0x00000000
core   0: 0x80001834 (0x013081b3) add     gp, ra, s3
core   0: 3 0x80001834 (0x013081b3) x 3 0xfffffff9
core   0: 0x80001838 (0xffd28293) addi    t0, t0, -3
core   0: 3 0x80001838 (0xffd28293) x 5 0xfffffffc
core   0: 0x8000183c (0x00a81233) sll     tp, a6, a0
core   0: 3 0x8000183c (0x00a81233) x 4 0xfffffffa
core   0: 0x80001840 (0xff32d6e3) bge     t0, s3, pc - 20
core   0: 3 0x80001840 (0xff32d6e3)
core   0: 0x8000182c (0x01e9b533) sltu    a0, s3, t5
core   0: 3 0x8000182c (0x01e9b533) x10 0x00000000
core   0: 0x80001830 (0x06857493) andi    s1, a0, 104
core   0: 3 0x80001830 (0x06857493) x 9 0x00000000
core   0: 0x80001834 (0x013081b3) add     gp, ra, s3
core   0: 3 0x80001834 (0x013081b3) x 3 0xfffffff9
core   0: 0x80001838 (0xffd28293) addi    t0, t0, -3
core   0: 3 0x80001838 (0xffd28293) x 5 0xfffffff9
core   0: 0x8000183c (0x00a81233) sll     tp, a6, a0
core   0: 3 0x8000183c (0x00a81233) x 4 0xfffffffa
core   0: 0x80001840 (0xff32d6e3) bge     t0, s3, pc - 20
core   0: 3 0x80001840 (0xff32d6e3)
core   0: 0x80001844 (0x02019fb3) mulh    t6, gp, zero
core   0: 3 0x80001844 (0x02019fb3) x31 0x00000000
core   0: 0x80001848 (0x0317e433) rem     s0, a5, a7
core   0: 3 0x80001848 (0x0317e433) x 8 0xfffffffc
core   0: 0x8000184c (0x0153eb33) or      s6, t2, s5
core   0: 3 0x8000184c (0x0153eb33) x22 0x80029ce4
core   0: 0x80001850 (0xfbcbcae3) blt     s7, t3, pc - 76
core   0: 3 0x80001850 (0xfbcbcae3)
core   0: 0x80001804 (0x02230633) mul     a2, t1, sp
core   0: 3 0x80001804 (0x02230633) x12 0x00000000
core   0: 0x80001808 (0x41c4d393) srai    t2, s1, 28
core   0: 3 0x80001808 (0x41c4d393) x 7 0x00000000
core   0: 0x8000180c (0x982d4b13) xori    s6, s10, -1662
core   0: 3 0x8000180c (0x982d4b13) x22 0xfffff982
core   0: 0x80001810 (0x00820633) add     a2, tp, s0
core   0: 3 0x80001810 (0x00820633) x12 0xfffffff6
core   0: 0x80001814 (0x01b6e733) or      a4, a3, s11
core   0: 3 0x80001814 (0x01b6e733) x14 0x41e566b4
core   0: 0x80001818 (0x001b8b93) addi    s7, s7, 1
core   0: 3 0x80001818 (0x001b8b93) x23 0x00000008
core   0: 0x8000181c (0x00200293) li      t0, 2
core   0: 3 0x8000181c (0x00200293) x 5 0x00000002
core   0: 0x80001820 (0x019accb3) xor     s9, s5, s9
core   0: 3 0x80001820 (0x019accb3) x25 0x00000000
core   0: 0x80001824 (0xffa00993) li      s3, -6
core   0: 3 0x80001824 (0xffa00993) x19 0xfffffffa
core   0: 0x80001828 (0x00ce2a33) slt     s4, t3, a2
core   0: 3 0x80001828 (0x00ce2a33) x20 0x00000000
core   0: 0x8000182c (0x01e9b533) sltu    a0, s3, t5
core   0: 3 0x8000182c (0x01e9b533) x10 0x00000000
core   0: 0x80001830 (0x06857493) andi    s1, a0, 104
core   0: 3 0x80001830 (0x06857493) x 9 0x00000000
core   0: 0x80001834 (0x013081b3) add     gp, ra, s3
core   0: 3 0x80001834 (0x013081b3) x 3 0xfffffff9
core   0: 0x80001838 (0xffd28293) addi    t0, t0, -3
core   0: 3 0x80001838 (0xffd28293) x 5 0xffffffff
core   0: 0x8000183c (0x00a81233) sll     tp, a6, a0
core   0: 3 0x8000183c (0x00a81233) x 4 0xfffffffa
core   0: 0x80001840 (0xff32d6e3) bge     t0, s3, pc - 20
core   0: 3 0x80001840 (0xff32d6e3)
core   0: 0x8000182c (0x01e9b533) sltu    a0, s3, t5
core   0: 3 0x8000182c (0x01e9b533) x10 0x00000000
core   0: 0x80001830 (0x06857493) andi    s1, a0, 104
core   0: 3 0x80001830 (0x06857493) x 9 0x00000000
core   0: 0x80001834 (0x013081b3) add     gp, ra, s3
core   0: 3 0x80001834 (0x013081b3) x 3 0xfffffff9
core   0: 0x80001838 (0xffd28293) addi    t0, t0, -3
core   0: 3 0x80001838 (0xffd28293) x 5 0xfffffffc
core   0: 0x8000183c (0x00a81233) sll     tp, a6, a0
core   0: 3 0x8000183c (0x00a81233) x 4 0xfffffffa
core   0: 0x80001840 (0xff32d6e3) bge     t0, s3, pc - 20
core   0: 3 0x80001840 (0xff32d6e3)
core   0: 0x8000182c (0x01e9b533) sltu    a0, s3, t5
core   0: 3 0x8000182c (0x01e9b533) x10 0x00000000
core   0: 0x80001830 (0x06857493) andi    s1, a0, 104
core   0: 3 0x80001830 (0x06857493) x 9 0x00000000
core   0: 0x80001834 (0x013081b3) add     gp, ra, s3
core   0: 3 0x80001834 (0x013081b3) x 3 0xfffffff9
core   0: 0x80001838 (0xffd28293) addi    t0, t0, -3
core   0: 3 0x80001838 (0xffd28293) x 5 0xfffffff9
core   0: 0x8000183c (0x00a81233) sll     tp, a6, a0
core   0: 3 0x8000183c (0x00a81233) x 4 0xfffffffa
core   0: 0x80001840 (0xff32d6e3) bge     t0, s3, pc - 20
core   0: 3 0x80001840 (0xff32d6e3)
core   0: 0x80001844 (0x02019fb3) mulh    t6, gp, zero
core   0: 3 0x80001844 (0x02019fb3) x31 0x00000000
core   0: 0x80001848 (0x0317e433) rem     s0, a5, a7
core   0: 3 0x80001848 (0x0317e433) x 8 0xfffffffc
core   0: 0x8000184c (0x0153eb33) or      s6, t2, s5
core   0: 3 0x8000184c (0x0153eb33) x22 0x80029ce4
core   0: 0x80001850 (0xfbcbcae3) blt     s7, t3, pc - 76
core   0: 3 0x80001850 (0xfbcbcae3)
core   0: 0x80001804 (0x02230633) mul     a2, t1, sp
core   0: 3 0x80001804 (0x02230633) x12 0x00000000
core   0: 0x80001808 (0x41c4d393) srai    t2, s1, 28
core   0: 3 0x80001808 (0x41c4d393) x 7 0x00000000
core   0: 0x8000180c (0x982d4b13) xori    s6, s10, -1662
core   0: 3 0x8000180c (0x982d4b13) x22 0xfffff982
core   0: 0x80001810 (0x00820633) add     a2, tp, s0
core   0: 3 0x80001810 (0x00820633) x12 0xfffffff6
core   0: 0x80001814 (0x01b6e733) or      a4, a3, s11
core   0: 3 0x80001814 (0x01b6e733) x14 0x41e566b4
core   0: 0x80001818 (0x001b8b93) addi    s7, s7, 1
core   0: 3 0x80001818 (0x001b8b93) x23 0x00000009
core   0: 0x8000181c (0x00200293) li      t0, 2
core   0: 3 0x8000181c (0x00200293) x 5 0x00000002
core   0: 0x80001820 (0x019accb3) xor     s9, s5, s9
core   0: 3 0x80001820 (0x019accb3) x25 0x80029ce4
core   0: 0x80001824 (0xffa00993) li      s3, -6
core   0: 3 0x80001824 (0xffa00993) x19 0xfffffffa
core   0: 0x80001828 (0x00ce2a33) slt     s4, t3, a2
core   0: 3 0x80001828 (0x00ce2a33) x20 0x00000000
core   0: 0x8000182c (0x01e9b533) sltu    a0, s3, t5
core   0: 3 0x8000182c (0x01e9b533) x10 0x00000000
core   0: 0x80001830 (0x06857493) andi    s1, a0, 104
core   0: 3 0x80001830 (0x06857493) x 9 0x00000000
core   0: 0x80001834 (0x013081b3) add     gp, ra, s3
core   0: 3 0x80001834 (0x013081b3) x 3 0xfffffff9
core   0: 0x80001838 (0xffd28293) addi    t0, t0, -3
core   0: 3 0x80001838 (0xffd28293) x 5 0xffffffff
core   0: 0x8000183c (0x00a81233) sll     tp, a6, a0
core   0: 3 0x8000183c (0x00a81233) x 4 0xfffffffa
core   0: 0x80001840 (0xff32d6e3) bge     t0, s3, pc - 20
core   0: 3 0x80001840 (0xff32d6e3)
core   0: 0x8000182c (0x01e9b533) sltu    a0, s3, t5
core   0: 3 0x8000182c (0x01e9b533) x10 0x00000000
core   0: 0x80001830 (0x06857493) andi    s1, a0, 104
core   0: 3 0x80001830 (0x06857493) x 9 0x00000000
core   0: 0x80001834 (0x013081b3) add     gp, ra, s3
core   0: 3 0x80001834 (0x013081b3) x 3 0xfffffff9
core   0: 0x80001838 (0xffd28293) addi    t0, t0, -3
core   0: 3 0x80001838 (0xffd28293) x 5 0xfffffffc
core   0: 0x8000183c (0x00a81233) sll     tp, a6, a0
core   0: 3 0x8000183c (0x00a81233) x 4 0xfffffffa
core   0: 0x80001840 (0xff32d6e3) bge     t0, s3, pc - 20
core   0: 3 0x80001840 (0xff32d6e3)
core   0: 0x8000182c (0x01e9b533) sltu    a0, s3, t5
core   0: 3 0x8000182c (0x01e9b533) x10 0x00000000
core   0: 0x80001830 (0x06857493) andi    s1, a0, 104
core   0: 3 0x80001830 (0x06857493) x 9 0x00000000
core   0: 0x80001834 (0x013081b3) add     gp, ra, s3
core   0: 3 0x80001834 (0x013081b3) x 3 0xfffffff9
core   0: 0x80001838 (0xffd28293) addi    t0, t0, -3
core   0: 3 0x80001838 (0xffd28293) x 5 0xfffffff9
core   0: 0x8000183c (0x00a81233) sll     tp, a6, a0
core   0: 3 0x8000183c (0x00a81233) x 4 0xfffffffa
core   0: 0x80001840 (0xff32d6e3) bge     t0, s3, pc - 20
core   0: 3 0x80001840 (0xff32d6e3)
core   0: 0x80001844 (0x02019fb3) mulh    t6, gp, zero
core   0: 3 0x80001844 (0x02019fb3) x31 0x00000000
core   0: 0x80001848 (0x0317e433) rem     s0, a5, a7
core   0: 3 0x80001848 (0x0317e433) x 8 0xfffffffc
core   0: 0x8000184c (0x0153eb33) or      s6, t2, s5
core   0: 3 0x8000184c (0x0153eb33) x22 0x80029ce4
core   0: 0x80001850 (0xfbcbcae3) blt     s7, t3, pc - 76
core   0: 3 0x80001850 (0xfbcbcae3)
core   0: 0x80001854 (0x017ee433) or      s0, t4, s7
core   0: 3 0x80001854 (0x017ee433) x 8 0xffffffff
core   0: 0x80001858 (0x00000613) li      a2, 0
core   0: 3 0x80001858 (0x00000613) x12 0x00000000
core   0: 0x8000185c (0x408edd93) srai    s11, t4, 8
core   0: 3 0x8000185c (0x408edd93) x27 0xffffffff
core   0: 0x80001860 (0x7e9e8e93) addi    t4, t4, 2025
core   0: 3 0x80001860 (0x7e9e8e93) x29 0x000007e8
core   0: 0x80001864 (0x004db933) sltu    s2, s11, tp
core   0: 3 0x80001864 (0x004db933) x18 0x00000000
core   0: 0x80001868 (0x02def2b3) remu    t0, t4, a3
core   0: 3 0x80001868 (0x02def2b3) x 5 0x000007e8
core   0: 0x8000186c (0x00d00c93) li      s9, 13
core   0: 3 0x8000186c (0x00d00c93) x25 0x0000000d
core   0: 0x80001870 (0x41fb05b3) sub     a1, s6, t6
core   0: 3 0x80001870 (0x41fb05b3) x11 0x80029ce4
core   0: 0x80001874 (0x031d9bb3) mulh    s7, s11, a7
core   0: 3 0x80001874 (0x031d9bb3) x23 0x00000000
core   0: 0x80001878 (0x8c880337) lui     t1, 0x8c880
core   0: 3 0x80001878 (0x8c880337) x 6 0x8c880000
core   0: 0x8000187c (0x00a60613) addi    a2, a2, 10
core   0: 3 0x8000187c (0x00a60613) x12 0x0000000a
core   0: 0x80001880 (0x99c0f593) andi    a1, ra, -1636
core   0: 3 0x80001880 (0x99c0f593) x11 0xfffff99c
core   0: 0x80001884 (0xda462c13) slti    s8, a2, -604
core   0: 3 0x80001884 (0xda462c13) x24 0x00000000
core   0: 0x80001888 (0x00500513) li      a0, 5
core   0: 3 0x80001888 (0x00500513) x10 0x00000005
core   0: 0x8000188c (0x41d801b3) sub     gp, a6, t4
core   0: 3 0x8000188c (0x41d801b3) x 3 0xfffff812
core   0: 0x80001890 (0xff100b13) li      s6, -15
core   0: 3 0x80001890 (0xff100b13) x22 0xfffffff1
core   0: 0x80001894 (0x00f62e33) slt     t3, a2, a5
core   0: 3 0x80001894 (0x00f62e33) x28 0x00000000
core   0: 0x80001898 (0x02d00e33) mul     t3, zero, a3
core   0: 3 0x80001898 (0x02d00e33) x28 0x00000000
core   0: 0x8000189c (0x035d28b3) mulhsu  a7, s10, s5
core   0: 3 0x8000189c (0x035d28b3) x17 0x00000000
core   0: 0x800018a0 (0x01d30233) add     tp, t1, t4
core   0: 3 0x800018a0 (0x01d30233) x 4 0x8c8807e8
core   0: 0x800018a4 (0x24fc5317) auipc   t1, 0x24fc5
core   0: 3 0x800018a4 (0x24fc5317) x 6 0xa4fc68a4
core   0: 0x800018a8 (0x0064e233) or      tp, s1, t1
core   0: 3 0x800018a8 (0x0064e233) x 4 0xa4fc68a4
core   0: 0x800018ac (0xffa50513) addi    a0, a0, -6
core   0: 3 0x800018ac (0xffa50513) x10 0xffffffff
core   0: 0x800018b0 (0x0185ffb3) and     t6, a1, s8
core   0: 3 0x800018b0 (0x0185ffb3) x31 0x00000000
core   0: 0x800018b4 (0x03809c33) mulh    s8, ra, s8
core   0: 3 0x800018b4 (0x03809c33) x24 0x00000000
core   0: 0x800018b8 (0xff6558e3) bge     a0, s6, pc - 16
core   0: 3 0x800018b8 (0xff6558e3)
core   0: 0x800018a8 (0x0064e233) or      tp, s1, t1
core   0: 3 0x800018a8 (0x0064e233) x 4 0xa4fc68a4
core   0: 0x800018ac (0xffa50513) addi    a0, a0, -6
core   0: 3 0x800018ac (0xffa50513) x10 0xfffffff9
core   0: 0x800018b0 (0x0185ffb3) and     t6, a1, s8
core   0: 3 0x800018b0 (0x0185ffb3) x31 0x00000000
core   0: 0x800018b4 (0x03809c33) mulh    s8, ra, s8
core   0: 3 0x800018b4 (0x03809c33) x24 0x00000000
core   0: 0x800018b8 (0xff6558e3) bge     a0, s6, pc - 16
core   0: 3 0x800018b8 (0xff6558e3)
core   0: 0x800018a8 (0x0064e233) or      tp, s1, t1
core   0: 3 0x800018a8 (0x0064e233) x 4 0xa4fc68a4
core   0: 0x800018ac (0xffa50513) addi    a0, a0, -6
core   0: 3 0x800018ac (0xffa50513) x10 0xfffffff3
core   0: 0x800018b0 (0x0185ffb3) and     t6, a1, s8
core   0: 3 0x800018b0 (0x0185ffb3) x31 0x00000000
core   0: 0x800018b4 (0x03809c33) mulh    s8, ra, s8
core   0: 3 0x800018b4 (0x03809c33) x24 0x00000000
core   0: 0x800018b8 (0xff6558e3) bge     a0, s6, pc - 16
core   0: 3 0x800018b8 (0xff6558e3)
core   0: 0x800018a8 (0x0064e233) or      tp, s1, t1
core   0: 3 0x800018a8 (0x0064e233) x 4 0xa4fc68a4
core   0: 0x800018ac (0xffa50513) addi    a0, a0, -6
core   0: 3 0x800018ac (0xffa50513) x10 0xffffffed
core   0: 0x800018b0 (0x0185ffb3) and     t6, a1, s8
core   0: 3 0x800018b0 (0x0185ffb3) x31 0x00000000
core   0: 0x800018b4 (0x03809c33) mulh    s8, ra, s8
core   0: 3 0x800018b4 (0x03809c33) x24 0x00000000
core   0: 0x800018b8 (0xff6558e3) bge     a0, s6, pc - 16
core   0: 3 0x800018b8 (0xff6558e3)
core   0: 0x800018bc (0x3b28a213) slti    tp, a7, 946
core   0: 3 0x800018bc (0x3b28a213) x 4 0x00000001
core   0: 0x800018c0 (0x02c4b433) mulhu   s0, s1, a2
core   0: 3 0x800018c0 (0x02c4b433) x 8 0x00000000
core   0: 0x800018c4 (0x01d1fd33) and     s10, gp, t4
core   0: 3 0x800018c4 (0x01d1fd33) x26 0x00000000
core   0: 0x800018c8 (0x01d5ed33) or      s10, a1, t4
core   0: 3 0x800018c8 (0x01d5ed33) x26 0xfffffffc
core   0: 0x800018cc (0x417edb93) srai    s7, t4, 23
core   0: 3 0x800018cc (0x417edb93) x23 0x00000000
core   0: 0x800018d0 (0x01b14333) xor     t1, sp, s11
core   0: 3 0x800018d0 (0x01b14333) x 6 0xffffffff
core   0: 0x800018d4 (0xf9966ee3) bltu    a2, s9, pc - 100
core   0: 3 0x800018d4 (0xf9966ee3)
core   0: 0x80001870 (0x41fb05b3) sub     a1, s6, t6
core   0: 3 0x80001870 (0x41fb05b3) x11 0xfffffff1
core   0: 0x80001874 (0x031d9bb3) mulh    s7, s11, a7
core   0: 3 0x80001874 (0x031d9bb3) x23 0x00000000
core   0: 0x80001878 (0x8c880337) lui     t1, 0x8c880
core   0: 3 0x80001878 (0x8c880337) x 6 0x8c880000
core   0: 0x8000187c (0x00a60613) addi    a2, a2, 10
core   0: 3 0x8000187c (0x00a60613) x12 0x00000014
core   0: 0x80001880 (0x99c0f593) andi    a1, ra, -1636
core   0: 3 0x80001880 (0x99c0f593) x11 0xfffff99c
core   0: 0x80001884 (0xda462c13) slti    s8, a2, -604
core   0: 3 0x80001884 (0xda462c13) x24 0x00000000
core   0: 0x80001888 (0x00500513) li      a0, 5
core   0: 3 0x80001888 (0x00500513) x10 0x00000005
core   0: 0x8000188c (0x41d801b3) sub     gp, a6, t4
core   0: 3 0x8000188c (0x41d801b3) x 3 0xfffff812
core   0: 0x80001890 (0xff100b13) li      s6, -15
core   0: 3 0x80001890 (0xff100b13) x22 0xfffffff1
core   0: 0x80001894 (0x00f62e33) slt     t3, a2, a5
core   0: 3 0x80001894 (0x00f62e33) x28 0x00000000
core   0: 0x80001898 (0x02d00e33) mul     t3, zero, a3
core   0: 3 0x80001898 (0x02d00e33) x28 0x00000000
core   0: 0x8000189c (0x035d28b3) mulhsu  a7, s10, s5
core   0: 3 0x8000189c (0x035d28b3) x17 0xfffffffd
core   0: 0x800018a0 (0x01d30233) add     tp, t1, t4
core   0: 3 0x800018a0 (0x01d30233) x 4 0x8c8807e8
core   0: 0x800018a4 (0x24fc5317) auipc   t1, 0x24fc5
core   0: 3 0x800018a4 (0x24fc5317) x 6 0xa4fc68a4
core   0: 0x800018a8 (0x0064e233) or      tp, s1, t1
core   0: 3 0x800018a8 (0x0064e233) x 4 0xa4fc68a4
core   0: 0x800018ac (0xffa50513) addi    a0, a0, -6
core   0: 3 0x800018ac (0xffa50513) x10 0xffffffff
core   0: 0x800018b0 (0x0185ffb3) and     t6, a1, s8
core   0: 3 0x800018b0 (0x0185ffb3) x31 0x00000000
core   0: 0x800018b4 (0x03809c33) mulh    s8, ra, s8
core   0: 3 0x800018b4 (0x03809c33) x24 0x00000000
core   0: 0x800018b8 (0xff6558e3) bge     a0, s6, pc - 16
core   0: 3 0x800018b8 (0xff6558e3)
core   0: 0x800018a8 (0x0064e233) or      tp, s1, t1
core   0: 3 0x800018a8 (0x0064e233) x 4 0xa4fc68a4
core   0: 0x800018ac (0xffa50513) addi    a0, a0, -6
core   0: 3 0x800018ac (0xffa50513) x10 0xfffffff9
core   0: 0x800018b0 (0x0185ffb3) and     t6, a1, s8
core   0: 3 0x800018b0 (0x0185ffb3) x31 0x00000000
core   0: 0x800018b4 (0x03809c33) mulh    s8, ra, s8
core   0: 3 0x800018b4 (0x03809c33) x24 0x00000000
core   0: 0x800018b8 (0xff6558e3) bge     a0, s6, pc - 16
core   0: 3 0x800018b8 (0xff6558e3)
core   0: 0x800018a8 (0x0064e233) or      tp, s1, t1
core   0: 3 0x800018a8 (0x0064e233) x 4 0xa4fc68a4
core   0: 0x800018ac (0xffa50513) addi    a0, a0, -6
core   0: 3 0x800018ac (0xffa50513) x10 0xfffffff3
core   0: 0x800018b0 (0x0185ffb3) and     t6, a1, s8
core   0: 3 0x800018b0 (0x0185ffb3) x31 0x00000000
core   0: 0x800018b4 (0x03809c33) mulh    s8, ra, s8
core   0: 3 0x800018b4 (0x03809c33) x24 0x00000000
core   0: 0x800018b8 (0xff6558e3) bge     a0, s6, pc - 16
core   0: 3 0x800018b8 (0xff6558e3)
core   0: 0x800018a8 (0x0064e233) or      tp, s1, t1
core   0: 3 0x800018a8 (0x0064e233) x 4 0xa4fc68a4
core   0: 0x800018ac (0xffa50513) addi    a0, a0, -6
core   0: 3 0x800018ac (0xffa50513) x10 0xffffffed
core   0: 0x800018b0 (0x0185ffb3) and     t6, a1, s8
core   0: 3 0x800018b0 (0x0185ffb3) x31 0x00000000
core   0: 0x800018b4 (0x03809c33) mulh    s8, ra, s8
core   0: 3 0x800018b4 (0x03809c33) x24 0x00000000
core   0: 0x800018b8 (0xff6558e3) bge     a0, s6, pc - 16
core   0: 3 0x800018b8 (0xff6558e3)
core   0: 0x800018bc (0x3b28a213) slti    tp, a7, 946
core   0: 3 0x800018bc (0x3b28a213) x 4 0x00000001
core   0: 0x800018c0 (0x02c4b433) mulhu   s0, s1, a2
core   0: 3 0x800018c0 (0x02c4b433) x 8 0x00000000
core   0: 0x800018c4 (0x01d1fd33) and     s10, gp, t4
core   0: 3 0x800018c4 (0x01d1fd33) x26 0x00000000
core   0: 0x800018c8 (0x01d5ed33) or      s10, a1, t4
core   0: 3 0x800018c8 (0x01d5ed33) x26 0xfffffffc
core   0: 0x800018cc (0x417edb93) srai    s7, t4, 23
core   0: 3 0x800018cc (0x417edb93) x23 0x00000000
core   0: 0x800018d0 (0x01b14333) xor     t1, sp, s11
core   0: 3 0x800018d0 (0x01b14333) x 6 0xffffffff
core   0: 0x800018d4 (0xf9966ee3) bltu    a2, s9, pc - 100
core   0: 3 0x800018d4 (0xf9966ee3)
core   0: 0x800018d8 (0x013690b3) sll     ra, a3, s3
core   0: 3 0x800018d8 (0x013690b3) x 1 0x00000000
core   0: 0x800018dc (0xff900b13) li      s6, -7
core   0: 3 0x800018dc (0xff900b13) x22 0xfffffff9
core   0: 0x800018e0 (0x035eb6b3) mulhu   a3, t4, s5
core   0: 3 0x800018e0 (0x035eb6b3) x13 0x000003f4
core   0: 0x800018e4 (0x00600593) li      a1, 6
core   0: 3 0x800018e4 (0x00600593) x11 0x00000006
core   0: 0x800018e8 (0x03d7ac33) mulhsu  s8, a5, t4
core   0: 3 0x800018e8 (0x03d7ac33) x24 0xfffffc0c
core   0: 0x800018ec (0x19cf7993) andi    s3, t5, 412
core   0: 3 0x800018ec (0x19cf7993) x19 0x00000000
core   0: 0x800018f0 (0x004b0b13) addi    s6, s6, 4
core   0: 3 0x800018f0 (0x004b0b13) x22 0xfffffffd
core   0: 0x800018f4 (0xff700413) li      s0, -9
core   0: 3 0x800018f4 (0xff700413) x 8 0xfffffff7
core   0: 0x800018f8 (0x015b2d33) slt     s10, s6, s5
core   0: 3 0x800018f8 (0x015b2d33) x26 0x00000000
core   0: 0x800018fc (0x01300513) li      a0, 19
core   0: 3 0x800018fc (0x01300513) x10 0x00000013
core   0: 0x80001900 (0x00d97933) and     s2, s2, a3
core   0: 3 0x80001900 (0x00d97933) x18 0x00000000
core   0: 0x80001904 (0x00840413) addi    s0, s0, 8
core   0: 3 0x80001904 (0x00840413) x 8 0xffffffff
core   0: 0x80001908 (0x003b3193) sltiu   gp, s6, 3
core   0: 3 0x80001908 (0x003b3193) x 3 0x00000000
core   0: 0x8000190c (0x019c1033) sll     zero, s8, s9
core   0: 3 0x8000190c (0x019c1033)
core   0: 0x80001910 (0x0089eeb3) or      t4, s3, s0
core   0: 3 0x80001910 (0x0089eeb3) x29 0xffffffff
core   0: 0x80001914 (0x02f628b3) mulhsu  a7, a2, a5
core   0: 3 0x80001914 (0x02f628b3) x17 0x0000000a
core   0: 0x80001918 (0xfea464e3) bltu    s0, a0, pc - 24
core   0: 3 0x80001918 (0xfea464e3)
core   0: 0x8000191c (0xfcbb46e3) blt     s6, a1, pc - 52
core   0: 3 0x8000191c (0xfcbb46e3)
core   0: 0x800018e8 (0x03d7ac33) mulhsu  s8, a5, t4
core   0: 3 0x800018e8 (0x03d7ac33) x24 0x80025e64
core   0: 0x800018ec (0x19cf7993) andi    s3, t5, 412
core   0: 3 0x800018ec (0x19cf7993) x19 0x00000000
core   0: 0x800018f0 (0x004b0b13) addi    s6, s6, 4
core   0: 3 0x800018f0 (0x004b0b13) x22 0x00000001
core   0: 0x800018f4 (0xff700413) li      s0, -9
core   0: 3 0x800018f4 (0xff700413) x 8 0xfffffff7
core   0: 0x800018f8 (0x015b2d33) slt     s10, s6, s5
core   0: 3 0x800018f8 (0x015b2d33) x26 0x00000000
core   0: 0x800018fc (0x01300513) li      a0, 19
core   0: 3 0x800018fc (0x01300513) x10 0x00000013
core   0: 0x80001900 (0x00d97933) and     s2, s2, a3
core   0: 3 0x80001900 (0x00d97933) x18 0x00000000
core   0: 0x80001904 (0x00840413) addi    s0, s0, 8
core   0: 3 0x80001904 (0x00840413) x 8 0xffffffff
core   0: 0x80001908 (0x003b3193) sltiu   gp, s6, 3
core   0: 3 0x80001908 (0x003b3193) x 3 0x00000001
core   0: 0x8000190c (0x019c1033) sll     zero, s8, s9
core   0: 3 0x8000190c (0x019c1033)
core   0: 0x80001910 (0x0089eeb3) or      t4, s3, s0
core   0: 3 0x80001910 (0x0089eeb3) x29 0xffffffff
core   0: 0x80001914 (0x02f628b3) mulhsu  a7, a2, a5
core   0: 3 0x80001914 (0x02f628b3) x17 0x0000000a
core   0: 0x80001918 (0xfea464e3) bltu    s0, a0, pc - 24
core   0: 3 0x80001918 (0xfea464e3)
core   0: 0x8000191c (0xfcbb46e3) blt     s6, a1, pc - 52
core   0: 3 0x8000191c (0xfcbb46e3)
core   0: 0x800018e8 (0x03d7ac33) mulhsu  s8, a5, t4
core   0: 3 0x800018e8 (0x03d7ac33) x24 0x80025e64
core   0: 0x800018ec (0x19cf7993) andi    s3, t5, 412
core   0: 3 0x800018ec (0x19cf7993) x19 0x00000000
core   0: 0x800018f0 (0x004b0b13) addi    s6, s6, 4
core   0: 3 0x800018f0 (0x004b0b13) x22 0x00000005
core   0: 0x800018f4 (0xff700413) li      s0, -9
core   0: 3 0x800018f4 (0xff700413) x 8 0xfffffff7
core   0: 0x800018f8 (0x015b2d33) slt     s10, s6, s5
core   0: 3 0x800018f8 (0x015b2d33) x26 0x00000000
core   0: 0x800018fc (0x01300513) li      a0, 19
core   0: 3 0x800018fc (0x01300513) x10 0x00000013
core   0: 0x80001900 (0x00d97933) and     s2, s2, a3
core   0: 3 0x80001900 (0x00d97933) x18 0x00000000
core   0: 0x80001904 (0x00840413) addi    s0, s0, 8
core   0: 3 0x80001904 (0x00840413) x 8 0xffffffff
core   0: 0x80001908 (0x003b3193) sltiu   gp, s6, 3
core   0: 3 0x80001908 (0x003b3193) x 3 0x00000000
core   0: 0x8000190c (0x019c1033) sll     zero, s8, s9
core   0: 3 0x8000190c (0x019c1033)
core   0: 0x80001910 (0x0089eeb3) or      t4, s3, s0
core   0: 3 0x80001910 (0x0089eeb3) x29 0xffffffff
core   0: 0x80001914 (0x02f628b3) mulhsu  a7, a2, a5
core   0: 3 0x80001914 (0x02f628b3) x17 0x0000000a
core   0: 0x80001918 (0xfea464e3) bltu    s0, a0, pc - 24
core   0: 3 0x80001918 (0xfea464e3)
core   0: 0x8000191c (0xfcbb46e3) blt     s6, a1, pc - 52
core   0: 3 0x8000191c (0xfcbb46e3)
core   0: 0x800018e8 (0x03d7ac33) mulhsu  s8, a5, t4
core   0: 3 0x800018e8 (0x03d7ac33) x24 0x80025e64
core   0: 0x800018ec (0x19cf7993) andi    s3, t5, 412
core   0: 3 0x800018ec (0x19cf7993) x19 0x00000000
core   0: 0x800018f0 (0x004b0b13) addi    s6, s6, 4
core   0: 3 0x800018f0 (0x004b0b13) x22 0x00000009
core   0: 0x800018f4 (0xff700413) li      s0, -9
core   0: 3 0x800018f4 (0xff700413) x 8 0xfffffff7
core   0: 0x800018f8 (0x015b2d33) slt     s10, s6, s5
core   0: 3 0x800018f8 (0x015b2d33) x26 0x00000000
core   0: 0x800018fc (0x01300513) li      a0, 19
core   0: 3 0x800018fc (0x01300513) x10 0x00000013
core   0: 0x80001900 (0x00d97933) and     s2, s2, a3
core   0: 3 0x80001900 (0x00d97933) x18 0x00000000
core   0: 0x80001904 (0x00840413) addi    s0, s0, 8
core   0: 3 0x80001904 (0x00840413) x 8 0xffffffff
core   0: 0x80001908 (0x003b3193) sltiu   gp, s6, 3
core   0: 3 0x80001908 (0x003b3193) x 3 0x00000000
core   0: 0x8000190c (0x019c1033) sll     zero, s8, s9
core   0: 3 0x8000190c (0x019c1033)
core   0: 0x80001910 (0x0089eeb3) or      t4, s3, s0
core   0: 3 0x80001910 (0x0089eeb3) x29 0xffffffff
core   0: 0x80001914 (0x02f628b3) mulhsu  a7, a2, a5
core   0: 3 0x80001914 (0x02f628b3) x17 0x0000000a
core   0: 0x80001918 (0xfea464e3) bltu    s0, a0, pc - 24
core   0: 3 0x80001918 (0xfea464e3)
core   0: 0x8000191c (0xfcbb46e3) blt     s6, a1, pc - 52
core   0: 3 0x8000191c (0xfcbb46e3)
core   0: 0x80001920 (0x00570c33) add     s8, a4, t0
core   0: 3 0x80001920 (0x00570c33) x24 0x41e56e9c
core   0: 0x80001924 (0x00400e13) li      t3, 4
core   0: 3 0x80001924 (0x00400e13) x28 0x00000004
core   0: 0x80001928 (0x00cd09b3) add     s3, s10, a2
core   0: 3 0x80001928 (0x00cd09b3) x19 0x00000014
core   0: 0x8000192c (0x4176d0b3) sra     ra, a3, s7
core   0: 3 0x8000192c (0x4176d0b3) x 1 0x000003f4
core   0: 0x80001930 (0x4d133eb7) lui     t4, 0x4d133
core   0: 3 0x80001930 (0x4d133eb7) x29 0x4d133000
core   0: 0x80001934 (0x402388b3) sub     a7, t2, sp
core   0: 3 0x80001934 (0x402388b3) x17 0x00000000
core   0: 0x80001938 (0x00000013) nop
core   0: 3 0x80001938 (0x00000013)
core   0: 0x8000193c (0x005aa5b3) slt     a1, s5, t0
core   0: 3 0x8000193c (0x005aa5b3) x11 0x00000001
core   0: 0x80001940 (0x02d77d13) andi    s10, a4, 45
core   0: 3 0x80001940 (0x02d77d13) x26 0x00000024
core   0: 0x80001944 (0x00000013) nop
core   0: 3 0x80001944 (0x00000013)
core   0: 0x80001948 (0xa289a593) slti    a1, s3, -1496
core   0: 3 0x80001948 (0xa289a593) x11 0x00000000
core   0: 0x8000194c (0x016c61b3) or      gp, s8, s6
core   0: 3 0x8000194c (0x016c61b3) x 3 0x41e56e9d
core   0: 0x80001950 (0x00a9bcb3) sltu    s9, s3, a0
core   0: 3 0x80001950 (0x00a9bcb3) x25 0x00000000
core   0: 0x80001954 (0x02a34bb3) div     s7, t1, a0
core   0: 3 0x80001954 (0x02a34bb3) x23 0x00000000
core   0: 0x80001958 (0x518d8d13) addi    s10, s11, 1304
core   0: 3 0x80001958 (0x518d8d13) x26 0x00000517
core   0: 0x8000195c (0x00925393) srli    t2, tp, 9
core   0: 3 0x8000195c (0x00925393) x 7 0x00000000
core   0: 0x80001960 (0x03a373b3) remu    t2, t1, s10
core   0: 3 0x80001960 (0x03a373b3) x 7 0x000001c5
core   0: 0x80001964 (0x03522133) mulhsu  sp, tp, s5
core   0: 3 0x80001964 (0x03522133) x 2 0x00000000
core   0: 0x80001968 (0x00860eb3) add     t4, a2, s0
core   0: 3 0x80001968 (0x00860eb3) x29 0x00000013
core   0: 0x8000196c (0x00800293) li      t0, 8
core   0: 3 0x8000196c (0x00800293) x 5 0x00000008
core   0: 0x80001970 (0x40ef0cb3) sub     s9, t5, a4
core   0: 3 0x80001970 (0x40ef0cb3) x25 0xbe1a994c
core   0: 0x80001974 (0xf3f96d93) ori     s11, s2, -193
core   0: 3 0x80001974 (0xf3f96d93) x27 0xffffff3f
core   0: 0x80001978 (0x010dde93) srli    t4, s11, 16
core   0: 3 0x80001978 (0x010dde93) x29 0x0000ffff
core   0: 0x8000197c (0x00ae0e13) addi    t3, t3, 10
core   0: 3 0x8000197c (0x00ae0e13) x28 0x0000000e
core   0: 0x80001980 (0x00790633) add     a2, s2, t2
core   0: 3 0x80001980 (0x00790633) x12 0x000001c5
core   0: 0x80001984 (0x00d49333) sll     t1, s1, a3
core   0: 3 0x80001984 (0x00d49333) x 6 0x00000000
core   0: 0x80001988 (0xfe5e66e3) bltu    t3, t0, pc - 20
core   0: 3 0x80001988 (0xfe5e66e3)
core   0: 0x8000198c (0x40f6d533) sra     a0, a3, a5
core   0: 3 0x8000198c (0x40f6d533) x10 0x0000003f
core   0: 0x80001990 (0x00600613) li      a2, 6
core   0: 3 0x80001990 (0x00600613) x12 0x00000006
core   0: 0x80001994 (0x00600513) li      a0, 6
core   0: 3 0x80001994 (0x00600513) x10 0x00000006
core   0: 0x80001998 (0x0215ffb3) remu    t6, a1, ra
core   0: 3 0x80001998 (0x0215ffb3) x31 0x00000000
core   0: 0x8000199c (0x00a11a33) sll     s4, sp, a0
core   0: 3 0x8000199c (0x00a11a33) x20 0x00000000
core   0: 0x800019a0 (0xffe60613) addi    a2, a2, -2
core   0: 3 0x800019a0 (0xffe60613) x12 0x00000004
core   0: 0x800019a4 (0xfff00813) li      a6, -1
core   0: 3 0x800019a4 (0xfff00813) x16 0xffffffff
core   0: 0x800019a8 (0xff700c93) li      s9, -9
core   0: 3 0x800019a8 (0xff700c93) x25 0xfffffff7
core   0: 0x800019ac (0x03a8de33) divu    t3, a7, s10
core   0: 3 0x800019ac (0x03a8de33) x28 0x00000000
core   0: 0x800019b0 (0x154c4913) xori    s2, s8, 340
core   0: 3 0x800019b0 (0x154c4913) x18 0x41e56fc8
core   0: 0x800019b4 (0x74acac13) slti    s8, s9, 1866
core   0: 3 0x800019b4 (0x74acac13) x24 0x00000001
core   0: 0x800019b8 (0xffc80813) addi    a6, a6, -4
core   0: 3 0x800019b8 (0xffc80813) x16 0xfffffffb
core   0: 0x800019bc (0xff981ae3) bne     a6, s9, pc - 12
core   0: 3 0x800019bc (0xff981ae3)
core   0: 0x800019b0 (0x154c4913) xori    s2, s8, 340
core   0: 3 0x800019b0 (0x154c4913) x18 0x00000155
core   0: 0x800019b4 (0x74acac13) slti    s8, s9, 1866
core   0: 3 0x800019b4 (0x74acac13) x24 0x00000001
core   0: 0x800019b8 (0xffc80813) addi    a6, a6, -4
core   0: 3 0x800019b8 (0xffc80813) x16 0xfffffff7
core   0: 0x800019bc (0xff981ae3) bne     a6, s9, pc - 12
core   0: 3 0x800019bc (0xff981ae3)
core   0: 0x800019c0 (0xfca67ce3) bgeu    a2, a0, pc - 40
core   0: 3 0x800019c0 (0xfca67ce3)
core   0: 0x800019c4 (0x2daf2413) slti    s0, t5, 730
core   0: 3 0x800019c4 (0x2daf2413) x 8 0x00000001
core   0: 0x800019c8 (0x00a00893) li      a7, 10
core   0: 3 0x800019c8 (0x00a00893) x17 0x0000000a
core   0: 0x800019cc (0xfa302737) lui     a4, 0xfa302
core   0: 3 0x800019cc (0xfa302737) x14 0xfa302000
core   0: 0x800019d0 (0x003ae433) or      s0, s5, gp
core   0: 3 0x800019d0 (0x003ae433) x 8 0xc1e7fefd
core   0: 0x800019d4 (0x00f19093) slli    ra, gp, 15
core   0: 3 0x800019d4 (0x00f19093) x 1 0xb74e8000
core   0: 0x800019d8 (0x00300193) li      gp, 3
core   0: 3 0x800019d8 (0x00300193) x 3 0x00000003
core   0: 0x800019dc (0xdf6b4637) lui     a2, 0xdf6b4
core   0: 3 0x800019dc (0xdf6b4637) x12 0xdf6b4000
core   0: 0x800019e0 (0x01cae2b3) or      t0, s5, t3
core   0: 3 0x800019e0 (0x01cae2b3) x 5 0x80029ce4
core   0: 0x800019e4 (0x88493093) sltiu   ra, s2, -1916
core   0: 3 0x800019e4 (0x88493093) x 1 0x00000001
core   0: 0x800019e8 (0x689b7717) auipc   a4, 0x689b7
core   0: 3 0x800019e8 (0x689b7717) x14 0xe89b89e8
core   0: 0x800019ec (0xffe88893) addi    a7, a7, -2
core   0: 3 0x800019ec (0xffe88893) x17 0x00000008
core   0: 0x800019f0 (0x020c9a33) mulh    s4, s9, zero
core   0: 3 0x800019f0 (0x020c9a33) x20 0x00000000
core   0: 0x800019f4 (0x0011eeb3) or      t4, gp, ra
core   0: 3 0x800019f4 (0x0011eeb3) x29 0x00000003
core   0: 0x800019f8 (0xff600693) li      a3, -10
core   0: 3 0x800019f8 (0xff600693) x13 0xfffffff6
core   0: 0x800019fc (0xff800c93) li      s9, -8
core   0: 3 0x800019fc (0xff800c93) x25 0xfffffff8
core   0: 0x80001a00 (0x76e5f293) andi    t0, a1, 1902
core   0: 3 0x80001a00 (0x76e5f293) x 5 0x00000000
core   0: 0x80001a04 (0x00dcd993) srli    s3, s9, 13
core   0: 3 0x80001a04 (0x00dcd993) x19 0x0007ffff
core   0: 0x80001a08 (0x1a118337) lui     t1, 0x1a118
core   0: 3 0x80001a08 (0x1a118337) x 6 0x1a118000
core   0: 0x80001a0c (0x01660633) add     a2, a2, s6
core   0: 3 0x80001a0c (0x01660633) x12 0xdf6b4009
core   0: 0x80001a10 (0x01125633) srl     a2, tp, a7
core   0: 3 0x80001a10 (0x01125633) x12 0x00000000
core   0: 0x80001a14 (0x00268693) addi    a3, a3, 2
core   0: 3 0x80001a14 (0x00268693) x13 0xfffffff8
core   0: 0x80001a18 (0x037f8bb3) mul     s7, t6, s7
core   0: 3 0x80001a18 (0x037f8bb3) x23 0x00000000
core   0: 0x80001a1c (0x03274633) div     a2, a4, s2
core   0: 3 0x80001a1c (0x03274633) x12 0xffee7044
core   0: 0x80001a20 (0xf1176417) auipc   s0, 0xf1176
core   0: 3 0x80001a20 (0xf1176417) x 8 0x71177a20
core   0: 0x80001a24 (0x02a5c333) div     t1, a1, a0
core   0: 3 0x80001a24 (0x02a5c333) x 6 0x00000000
core   0: 0x80001a28 (0x74eec593) xori    a1, t4, 1870
core   0: 3 0x80001a28 (0x74eec593) x11 0x0000074d
core   0: 0x80001a2c (0x01cc5533) srl     a0, s8, t3
core   0: 3 0x80001a2c (0x01cc5533) x10 0x00000001
core   0: 0x80001a30 (0x00f5be33) sltu    t3, a1, a5
core   0: 3 0x80001a30 (0x00f5be33) x28 0x00000001
core   0: 0x80001a34 (0xfd96cce3) blt     a3, s9, pc - 40
core   0: 3 0x80001a34 (0xfd96cce3)
core   0: 0x80001a38 (0x006d6733) or      a4, s10, t1
core   0: 3 0x80001a38 (0x006d6733) x14 0x00000517
core   0: 0x80001a3c (0x41d6dfb3) sra     t6, a3, t4
core   0: 3 0x80001a3c (0x41d6dfb3) x31 0xffffffff
core   0: 0x80001a40 (0xfa38f2e3) bgeu    a7, gp, pc - 92
core   0: 3 0x80001a40 (0xfa38f2e3)
core   0: 0x800019e4 (0x88493093) sltiu   ra, s2, -1916
core   0: 3 0x800019e4 (0x88493093) x 1 0x00000001
core   0: 0x800019e8 (0x689b7717) auipc   a4, 0x689b7
core   0: 3 0x800019e8 (0x689b7717) x14 0xe89b89e8
core   0: 0x800019ec (0xffe88893) addi    a7, a7, -2
core   0: 3 0x800019ec (0xffe88893) x17 0x00000006
core   0: 0x800019f0 (0x020c9a33) mulh    s4, s9, zero
core   0: 3 0x800019f0 (0x020c9a33) x20 0x00000000
core   0: 0x800019f4 (0x0011eeb3) or      t4, gp, ra
core   0: 3 0x800019f4 (0x0011eeb3) x29 0x00000003
core   0: 0x800019f8 (0xff600693) li      a3, -10
core   0: 3 0x800019f8 (0xff600693) x13 0xfffffff6
core   0: 0x800019fc (0xff800c93) li      s9, -8
core   0: 3 0x800019fc (0xff800c93) x25 0xfffffff8
core   0: 0x80001a00 (0x76e5f293) andi    t0, a1, 1902
core   0: 3 0x80001a00 (0x76e5f293) x 5 0x0000074c
core   0: 0x80001a04 (0x00dcd993) srli    s3, s9, 13
core   0: 3 0x80001a04 (0x00dcd993) x19 0x0007ffff
core   0: 0x80001a08 (0x1a118337) lui     t1, 0x1a118
core   0: 3 0x80001a08 (0x1a118337) x 6 0x1a118000
core   0: 0x80001a0c (0x01660633) add     a2, a2, s6
core   0: 3 0x80001a0c (0x01660633) x12 0xffee704d
core   0: 0x80001a10 (0x01125633) srl     a2, tp, a7
core   0: 3 0x80001a10 (0x01125633) x12 0x00000000
core   0: 0x80001a14 (0x00268693) addi    a3, a3, 2
core   0: 3 0x80001a14 (0x00268693) x13 0xfffffff8
core   0: 0x80001a18 (0x037f8bb3) mul     s7, t6, s7
core   0: 3 0x80001a18 (0x037f8bb3) x23 0x00000000
core   0: 0x80001a1c (0x03274633) div     a2, a4, s2
core   0: 3 0x80001a1c (0x03274633) x12 0xffee7044
core   0: 0x80001a20 (0xf1176417) auipc   s0, 0xf1176
core   0: 3 0x80001a20 (0xf1176417) x 8 0x71177a20
core   0: 0x80001a24 (0x02a5c333) div     t1, a1, a0
core   0: 3 0x80001a24 (0x02a5c333) x 6 0x0000074d
core   0: 0x80001a28 (0x74eec593) xori    a1, t4, 1870
core   0: 3 0x80001a28 (0x74eec593) x11 0x0000074d
core   0: 0x80001a2c (0x01cc5533) srl     a0, s8, t3
core   0: 3 0x80001a2c (0x01cc5533) x10 0x00000000
core   0: 0x80001a30 (0x00f5be33) sltu    t3, a1, a5
core   0: 3 0x80001a30 (0x00f5be33) x28 0x00000001
core   0: 0x80001a34 (0xfd96cce3) blt     a3, s9, pc - 40
core   0: 3 0x80001a34 (0xfd96cce3)
core   0: 0x80001a38 (0x006d6733) or      a4, s10, t1
core   0: 3 0x80001a38 (0x006d6733) x14 0x0000075f
core   0: 0x80001a3c (0x41d6dfb3) sra     t6, a3, t4
core   0: 3 0x80001a3c (0x41d6dfb3) x31 0xffffffff
core   0: 0x80001a40 (0xfa38f2e3) bgeu    a7, gp, pc - 92
core   0: 3 0x80001a40 (0xfa38f2e3)
core   0: 0x800019e4 (0x88493093) sltiu   ra, s2, -1916
core   0: 3 0x800019e4 (0x88493093) x 1 0x00000001
core   0: 0x800019e8 (0x689b7717) auipc   a4, 0x689b7
core   0: 3 0x800019e8 (0x689b7717) x14 0xe89b89e8
core   0: 0x800019ec (0xffe88893) addi    a7, a7, -2
core   0: 3 0x800019ec (0xffe88893) x17 0x00000004
core   0: 0x800019f0 (0x020c9a33) mulh    s4, s9, zero
core   0: 3 0x800019f0 (0x020c9a33) x20 0x00000000
core   0: 0x800019f4 (0x0011eeb3) or      t4, gp, ra
core   0: 3 0x800019f4 (0x0011eeb3) x29 0x00000003
core   0: 0x800019f8 (0xff600693) li      a3, -10
core   0: 3 0x800019f8 (0xff600693) x13 0xfffffff6
core   0: 0x800019fc (0xff800c93) li      s9, -8
core   0: 3 0x800019fc (0xff800c93) x25 0xfffffff8
core   0: 0x80001a00 (0x76e5f293) andi    t0, a1, 1902
core   0: 3 0x80001a00 (0x76e5f293) x 5 0x0000074c
core   0: 0x80001a04 (0x00dcd993) srli    s3, s9, 13
core   0: 3 0x80001a04 (0x00dcd993) x19 0x0007ffff
core   0: 0x80001a08 (0x1a118337) lui     t1, 0x1a118
core   0: 3 0x80001a08 (0x1a118337) x 6 0x1a118000
core   0: 0x80001a0c (0x01660633) add     a2, a2, s6
core   0: 3 0x80001a0c (0x01660633) x12 0xffee704d
core   0: 0x80001a10 (0x01125633) srl     a2, tp, a7
core   0: 3 0x80001a10 (0x01125633) x12 0x00000000
core   0: 0x80001a14 (0x00268693) addi    a3, a3, 2
core   0: 3 0x80001a14 (0x00268693) x13 0xfffffff8
core   0: 0x80001a18 (0x037f8bb3) mul     s7, t6, s7
core   0: 3 0x80001a18 (0x037f8bb3) x23 0x00000000
core   0: 0x80001a1c (0x03274633) div     a2, a4, s2
core   0: 3 0x80001a1c (0x03274633) x12 0xffee7044
core   0: 0x80001a20 (0xf1176417) auipc   s0, 0xf1176
core   0: 3 0x80001a20 (0xf1176417) x 8 0x71177a20
core   0: 0x80001a24 (0x02a5c333) div     t1, a1, a0
core   0: 3 0x80001a24 (0x02a5c333) x 6 0xffffffff
core   0: 0x80001a28 (0x74eec593) xori    a1, t4, 1870
core   0: 3 0x80001a28 (0x74eec593) x11 0x0000074d
core   0: 0x80001a2c (0x01cc5533) srl     a0, s8, t3
core   0: 3 0x80001a2c (0x01cc5533) x10 0x00000000
core   0: 0x80001a30 (0x00f5be33) sltu    t3, a1, a5
core   0: 3 0x80001a30 (0x00f5be33) x28 0x00000001
core   0: 0x80001a34 (0xfd96cce3) blt     a3, s9, pc - 40
core   0: 3 0x80001a34 (0xfd96cce3)
core   0: 0x80001a38 (0x006d6733) or      a4, s10, t1
core   0: 3 0x80001a38 (0x006d6733) x14 0xffffffff
core   0: 0x80001a3c (0x41d6dfb3) sra     t6, a3, t4
core   0: 3 0x80001a3c (0x41d6dfb3) x31 0xffffffff
core   0: 0x80001a40 (0xfa38f2e3) bgeu    a7, gp, pc - 92
core   0: 3 0x80001a40 (0xfa38f2e3)
core   0: 0x800019e4 (0x88493093) sltiu   ra, s2, -1916
core   0: 3 0x800019e4 (0x88493093) x 1 0x00000001
core   0: 0x800019e8 (0x689b7717) auipc   a4, 0x689b7
core   0: 3 0x800019e8 (0x689b7717) x14 0xe89b89e8
core   0: 0x800019ec (0xffe88893) addi    a7, a7, -2
core   0: 3 0x800019ec (0xffe88893) x17 0x00000002
core   0: 0x800019f0 (0x020c9a33) mulh    s4, s9, zero
core   0: 3 0x800019f0 (0x020c9a33) x20 0x00000000
core   0: 0x800019f4 (0x0011eeb3) or      t4, gp, ra
core   0: 3 0x800019f4 (0x0011eeb3) x29 0x00000003
core   0: 0x800019f8 (0xff600693) li      a3, -10
core   0: 3 0x800019f8 (0xff600693) x13 0xfffffff6
core   0: 0x800019fc (0xff800c93) li      s9, -8
core   0: 3 0x800019fc (0xff800c93) x25 0xfffffff8
core   0: 0x80001a00 (0x76e5f293) andi    t0, a1, 1902
core   0: 3 0x80001a00 (0x76e5f293) x 5 0x0000074c
core   0: 0x80001a04 (0x00dcd993) srli    s3, s9, 13
core   0: 3 0x80001a04 (0x00dcd993) x19 0x0007ffff
core   0: 0x80001a08 (0x1a118337) lui     t1, 0x1a118
core   0: 3 0x80001a08 (0x1a118337) x 6 0x1a118000
core   0: 0x80001a0c (0x01660633) add     a2, a2, s6
core   0: 3 0x80001a0c (0x01660633) x12 0xffee704d
core   0: 0x80001a10 (0x01125633) srl     a2, tp, a7
core   0: 3 0x80001a10 (0x01125633) x12 0x00000000
core   0: 0x80001a14 (0x00268693) addi    a3, a3, 2
core   0: 3 0x80001a14 (0x00268693) x13 0xfffffff8
core   0: 0x80001a18 (0x037f8bb3) mul     s7, t6, s7
core   0: 3 0x80001a18 (0x037f8bb3) x23 0x00000000
core   0: 0x80001a1c (0x03274633) div     a2, a4, s2
core   0: 3 0x80001a1c (0x03274633) x12 0xffee7044
core   0: 0x80001a20 (0xf1176417) auipc   s0, 0xf1176
core   0: 3 0x80001a20 (0xf1176417) x 8 0x71177a20
core   0: 0x80001a24 (0x02a5c333) div     t1, a1, a0
core   0: 3 0x80001a24 (0x02a5c333) x 6 0xffffffff
core   0: 0x80001a28 (0x74eec593) xori    a1, t4, 1870
core   0: 3 0x80001a28 (0x74eec593) x11 0x0000074d
core   0: 0x80001a2c (0x01cc5533) srl     a0, s8, t3
core   0: 3 0x80001a2c (0x01cc5533) x10 0x00000000
core   0: 0x80001a30 (0x00f5be33) sltu    t3, a1, a5
core   0: 3 0x80001a30 (0x00f5be33) x28 0x00000001
core   0: 0x80001a34 (0xfd96cce3) blt     a3, s9, pc - 40
core   0: 3 0x80001a34 (0xfd96cce3)
core   0: 0x80001a38 (0x006d6733) or      a4, s10, t1
core   0: 3 0x80001a38 (0x006d6733) x14 0xffffffff
core   0: 0x80001a3c (0x41d6dfb3) sra     t6, a3, t4
core   0: 3 0x80001a3c (0x41d6dfb3) x31 0xffffffff
core   0: 0x80001a40 (0xfa38f2e3) bgeu    a7, gp, pc - 92
core   0: 3 0x80001a40 (0xfa38f2e3)
core   0: 0x80001a44 (0x03bcbb33) mulhu   s6, s9, s11
core   0: 3 0x80001a44 (0x03bcbb33) x22 0xffffff37
core   0: 0x80001a48 (0xff600c93) li      s9, -10
core   0: 3 0x80001a48 (0xff600c93) x25 0xfffffff6
core   0: 0x80001a4c (0x01d6d833) srl     a6, a3, t4
core   0: 3 0x80001a4c (0x01d6d833) x16 0x1fffffff
core   0: 0x80001a50 (0x006111b3) sll     gp, sp, t1
core   0: 3 0x80001a50 (0x006111b3) x 3 0x00000000
core   0: 0x80001a54 (0xffc00313) li      t1, -4
core   0: 3 0x80001a54 (0xffc00313) x 6 0xfffffffc
core   0: 0x80001a58 (0x03d6a433) mulhsu  s0, a3, t4
core   0: 3 0x80001a58 (0x03d6a433) x 8 0xffffffff
core   0: 0x80001a5c (0xbea0d917) auipc   s2, 0xbea0d
core   0: 3 0x80001a5c (0xbea0d917) x18 0x3ea0ea5c
core   0: 0x80001a60 (0x03073633) mulhu   a2, a4, a6
core   0: 3 0x80001a60 (0x03073633) x12 0x1ffffffe
core   0: 0x80001a64 (0x00000013) nop
core   0: 3 0x80001a64 (0x00000013)
core   0: 0x80001a68 (0x001c8c93) addi    s9, s9, 1
core   0: 3 0x80001a68 (0x001c8c93) x25 0xfffffff7
core   0: 0x80001a6c (0x50874713) xori    a4, a4, 1288
core   0: 3 0x80001a6c (0x50874713) x14 0xfffffaf7
core   0: 0x80001a70 (0x00700493) li      s1, 7
core   0: 3 0x80001a70 (0x00700493) x 9 0x00000007
core   0: 0x80001a74 (0x00500f93) li      t6, 5
core   0: 3 0x80001a74 (0x00500f93) x31 0x00000005
core   0: 0x80001a78 (0x031e40b3) div     ra, t3, a7
core   0: 3 0x80001a78 (0x031e40b3) x 1 0x00000000
core   0: 0x80001a7c (0x024aad33) mulhsu  s10, s5, tp
core   0: 3 0x80001a7c (0x024aad33) x26 0xffffffff
core   0: 0x80001a80 (0xfff48493) addi    s1, s1, -1
core   0: 3 0x80001a80 (0xfff48493) x 9 0x00000006
core   0: 0x80001a84 (0x032fa413) slti    s0, t6, 50
core   0: 3 0x80001a84 (0x032fa413) x 8 0x00000001
core   0: 0x80001a88 (0xfff4fae3) bgeu    s1, t6, pc - 12
core   0: 3 0x80001a88 (0xfff4fae3)
core   0: 0x80001a7c (0x024aad33) mulhsu  s10, s5, tp
core   0: 3 0x80001a7c (0x024aad33) x26 0xffffffff
core   0: 0x80001a80 (0xfff48493) addi    s1, s1, -1
core   0: 3 0x80001a80 (0xfff48493) x 9 0x00000005
core   0: 0x80001a84 (0x032fa413) slti    s0, t6, 50
core   0: 3 0x80001a84 (0x032fa413) x 8 0x00000001
core   0: 0x80001a88 (0xfff4fae3) bgeu    s1, t6, pc - 12
core   0: 3 0x80001a88 (0xfff4fae3)
core   0: 0x80001a7c (0x024aad33) mulhsu  s10, s5, tp
core   0: 3 0x80001a7c (0x024aad33) x26 0xffffffff
core   0: 0x80001a80 (0xfff48493) addi    s1, s1, -1
core   0: 3 0x80001a80 (0xfff48493) x 9 0x00000004
core   0: 0x80001a84 (0x032fa413) slti    s0, t6, 50
core   0: 3 0x80001a84 (0x032fa413) x 8 0x00000001
core   0: 0x80001a88 (0xfff4fae3) bgeu    s1, t6, pc - 12
core   0: 3 0x80001a88 (0xfff4fae3)
core   0: 0x80001a8c (0x01a0f5b3) and     a1, ra, s10
core   0: 3 0x80001a8c (0x01a0f5b3) x11 0x00000000
core   0: 0x80001a90 (0xfc6cc8e3) blt     s9, t1, pc - 48
core   0: 3 0x80001a90 (0xfc6cc8e3)
core   0: 0x80001a60 (0x03073633) mulhu   a2, a4, a6
core   0: 3 0x80001a60 (0x03073633) x12 0x1fffff5d
core   0: 0x80001a64 (0x00000013) nop
core   0: 3 0x80001a64 (0x00000013)
core   0: 0x80001a68 (0x001c8c93) addi    s9, s9, 1
core   0: 3 0x80001a68 (0x001c8c93) x25 0xfffffff8
core   0: 0x80001a6c (0x50874713) xori    a4, a4, 1288
core   0: 3 0x80001a6c (0x50874713) x14 0xffffffff
core   0: 0x80001a70 (0x00700493) li      s1, 7
core   0: 3 0x80001a70 (0x00700493) x 9 0x00000007
core   0: 0x80001a74 (0x00500f93) li      t6, 5
core   0: 3 0x80001a74 (0x00500f93) x31 0x00000005
core   0: 0x80001a78 (0x031e40b3) div     ra, t3, a7
core   0: 3 0x80001a78 (0x031e40b3) x 1 0x00000000
core   0: 0x80001a7c (0x024aad33) mulhsu  s10, s5, tp
core   0: 3 0x80001a7c (0x024aad33) x26 0xffffffff
core   0: 0x80001a80 (0xfff48493) addi    s1, s1, -1
core   0: 3 0x80001a80 (0xfff48493) x 9 0x00000006
core   0: 0x80001a84 (0x032fa413) slti    s0, t6, 50
core   0: 3 0x80001a84 (0x032fa413) x 8 0x00000001
core   0: 0x80001a88 (0xfff4fae3) bgeu    s1, t6, pc - 12
core   0: 3 0x80001a88 (0xfff4fae3)
core   0: 0x80001a7c (0x024aad33) mulhsu  s10, s5, tp
core   0: 3 0x80001a7c (0x024aad33) x26 0xffffffff
core   0: 0x80001a80 (0xfff48493) addi    s1, s1, -1
core   0: 3 0x80001a80 (0xfff48493) x 9 0x00000005
core   0: 0x80001a84 (0x032fa413) slti    s0, t6, 50
core   0: 3 0x80001a84 (0x032fa413) x 8 0x00000001
core   0: 0x80001a88 (0xfff4fae3) bgeu    s1, t6, pc - 12
core   0: 3 0x80001a88 (0xfff4fae3)
core   0: 0x80001a7c (0x024aad33) mulhsu  s10, s5, tp
core   0: 3 0x80001a7c (0x024aad33) x26 0xffffffff
core   0: 0x80001a80 (0xfff48493) addi    s1, s1, -1
core   0: 3 0x80001a80 (0xfff48493) x 9 0x00000004
core   0: 0x80001a84 (0x032fa413) slti    s0, t6, 50
core   0: 3 0x80001a84 (0x032fa413) x 8 0x00000001
core   0: 0x80001a88 (0xfff4fae3) bgeu    s1, t6, pc - 12
core   0: 3 0x80001a88 (0xfff4fae3)
core   0: 0x80001a8c (0x01a0f5b3) and     a1, ra, s10
core   0: 3 0x80001a8c (0x01a0f5b3) x11 0x00000000
core   0: 0x80001a90 (0xfc6cc8e3) blt     s9, t1, pc - 48
core   0: 3 0x80001a90 (0xfc6cc8e3)
core   0: 0x80001a60 (0x03073633) mulhu   a2, a4, a6
core   0: 3 0x80001a60 (0x03073633) x12 0x1ffffffe
core   0: 0x80001a64 (0x00000013) nop
core   0: 3 0x80001a64 (0x00000013)
core   0: 0x80001a68 (0x001c8c93) addi    s9, s9, 1
core   0: 3 0x80001a68 (0x001c8c93) x25 0xfffffff9
core   0: 0x80001a6c (0x50874713) xori    a4, a4, 1288
core   0: 3 0x80001a6c (0x50874713) x14 0xfffffaf7
core   0: 0x80001a70 (0x00700493) li      s1, 7
core   0: 3 0x80001a70 (0x00700493) x 9 0x00000007
core   0: 0x80001a74 (0x00500f93) li      t6, 5
core   0: 3 0x80001a74 (0x00500f93) x31 0x00000005
core   0: 0x80001a78 (0x031e40b3) div     ra, t3, a7
core   0: 3 0x80001a78 (0x031e40b3) x 1 0x00000000
core   0: 0x80001a7c (0x024aad33) mulhsu  s10, s5, tp
core   0: 3 0x80001a7c (0x024aad33) x26 0xffffffff
core   0: 0x80001a80 (0xfff48493) addi    s1, s1, -1
core   0: 3 0x80001a80 (0xfff48493) x 9 0x00000006
core   0: 0x80001a84 (0x032fa413) slti    s0, t6, 50
core   0: 3 0x80001a84 (0x032fa413) x 8 0x00000001
core   0: 0x80001a88 (0xfff4fae3) bgeu    s1, t6, pc - 12
core   0: 3 0x80001a88 (0xfff4fae3)
core   0: 0x80001a7c (0x024aad33) mulhsu  s10, s5, tp
core   0: 3 0x80001a7c (0x024aad33) x26 0xffffffff
core   0: 0x80001a80 (0xfff48493) addi    s1, s1, -1
core   0: 3 0x80001a80 (0xfff48493) x 9 0x00000005
core   0: 0x80001a84 (0x032fa413) slti    s0, t6, 50
core   0: 3 0x80001a84 (0x032fa413) x 8 0x00000001
core   0: 0x80001a88 (0xfff4fae3) bgeu    s1, t6, pc - 12
core   0: 3 0x80001a88 (0xfff4fae3)
core   0: 0x80001a7c (0x024aad33) mulhsu  s10, s5, tp
core   0: 3 0x80001a7c (0x024aad33) x26 0xffffffff
core   0: 0x80001a80 (0xfff48493) addi    s1, s1, -1
core   0: 3 0x80001a80 (0xfff48493) x 9 0x00000004
core   0: 0x80001a84 (0x032fa413) slti    s0, t6, 50
core   0: 3 0x80001a84 (0x032fa413) x 8 0x00000001
core   0: 0x80001a88 (0xfff4fae3) bgeu    s1, t6, pc - 12
core   0: 3 0x80001a88 (0xfff4fae3)
core   0: 0x80001a8c (0x01a0f5b3) and     a1, ra, s10
core   0: 3 0x80001a8c (0x01a0f5b3) x11 0x00000000
core   0: 0x80001a90 (0xfc6cc8e3) blt     s9, t1, pc - 48
core   0: 3 0x80001a90 (0xfc6cc8e3)
core   0: 0x80001a60 (0x03073633) mulhu   a2, a4, a6
core   0: 3 0x80001a60 (0x03073633) x12 0x1fffff5d
core   0: 0x80001a64 (0x00000013) nop
core   0: 3 0x80001a64 (0x00000013)
core   0: 0x80001a68 (0x001c8c93) addi    s9, s9, 1
core   0: 3 0x80001a68 (0x001c8c93) x25 0xfffffffa
core   0: 0x80001a6c (0x50874713) xori    a4, a4, 1288
core   0: 3 0x80001a6c (0x50874713) x14 0xffffffff
core   0: 0x80001a70 (0x00700493) li      s1, 7
core   0: 3 0x80001a70 (0x00700493) x 9 0x00000007
core   0: 0x80001a74 (0x00500f93) li      t6, 5
core   0: 3 0x80001a74 (0x00500f93) x31 0x00000005
core   0: 0x80001a78 (0x031e40b3) div     ra, t3, a7
core   0: 3 0x80001a78 (0x031e40b3) x 1 0x00000000
core   0: 0x80001a7c (0x024aad33) mulhsu  s10, s5, tp
core   0: 3 0x80001a7c (0x024aad33) x26 0xffffffff
core   0: 0x80001a80 (0xfff48493) addi    s1, s1, -1
core   0: 3 0x80001a80 (0xfff48493) x 9 0x00000006
core   0: 0x80001a84 (0x032fa413) slti    s0, t6, 50
core   0: 3 0x80001a84 (0x032fa413) x 8 0x00000001
core   0: 0x80001a88 (0xfff4fae3) bgeu    s1, t6, pc - 12
core   0: 3 0x80001a88 (0xfff4fae3)
core   0: 0x80001a7c (0x024aad33) mulhsu  s10, s5, tp
core   0: 3 0x80001a7c (0x024aad33) x26 0xffffffff
core   0: 0x80001a80 (0xfff48493) addi    s1, s1, -1
core   0: 3 0x80001a80 (0xfff48493) x 9 0x00000005
core   0: 0x80001a84 (0x032fa413) slti    s0, t6, 50
core   0: 3 0x80001a84 (0x032fa413) x 8 0x00000001
core   0: 0x80001a88 (0xfff4fae3) bgeu    s1, t6, pc - 12
core   0: 3 0x80001a88 (0xfff4fae3)
core   0: 0x80001a7c (0x024aad33) mulhsu  s10, s5, tp
core   0: 3 0x80001a7c (0x024aad33) x26 0xffffffff
core   0: 0x80001a80 (0xfff48493) addi    s1, s1, -1
core   0: 3 0x80001a80 (0xfff48493) x 9 0x00000004
core   0: 0x80001a84 (0x032fa413) slti    s0, t6, 50
core   0: 3 0x80001a84 (0x032fa413) x 8 0x00000001
core   0: 0x80001a88 (0xfff4fae3) bgeu    s1, t6, pc - 12
core   0: 3 0x80001a88 (0xfff4fae3)
core   0: 0x80001a8c (0x01a0f5b3) and     a1, ra, s10
core   0: 3 0x80001a8c (0x01a0f5b3) x11 0x00000000
core   0: 0x80001a90 (0xfc6cc8e3) blt     s9, t1, pc - 48
core   0: 3 0x80001a90 (0xfc6cc8e3)
core   0: 0x80001a60 (0x03073633) mulhu   a2, a4, a6
core   0: 3 0x80001a60 (0x03073633) x12 0x1ffffffe
core   0: 0x80001a64 (0x00000013) nop
core   0: 3 0x80001a64 (0x00000013)
core   0: 0x80001a68 (0x001c8c93) addi    s9, s9, 1
core   0: 3 0x80001a68 (0x001c8c93) x25 0xfffffffb
core   0: 0x80001a6c (0x50874713) xori    a4, a4, 1288
core   0: 3 0x80001a6c (0x50874713) x14 0xfffffaf7
core   0: 0x80001a70 (0x00700493) li      s1, 7
core   0: 3 0x80001a70 (0x00700493) x 9 0x00000007
core   0: 0x80001a74 (0x00500f93) li      t6, 5
core   0: 3 0x80001a74 (0x00500f93) x31 0x00000005
core   0: 0x80001a78 (0x031e40b3) div     ra, t3, a7
core   0: 3 0x80001a78 (0x031e40b3) x 1 0x00000000
core   0: 0x80001a7c (0x024aad33) mulhsu  s10, s5, tp
core   0: 3 0x80001a7c (0x024aad33) x26 0xffffffff
core   0: 0x80001a80 (0xfff48493) addi    s1, s1, -1
core   0: 3 0x80001a80 (0xfff48493) x 9 0x00000006
core   0: 0x80001a84 (0x032fa413) slti    s0, t6, 50
core   0: 3 0x80001a84 (0x032fa413) x 8 0x00000001
core   0: 0x80001a88 (0xfff4fae3) bgeu    s1, t6, pc - 12
core   0: 3 0x80001a88 (0xfff4fae3)
core   0: 0x80001a7c (0x024aad33) mulhsu  s10, s5, tp
core   0: 3 0x80001a7c (0x024aad33) x26 0xffffffff
core   0: 0x80001a80 (0xfff48493) addi    s1, s1, -1
core   0: 3 0x80001a80 (0xfff48493) x 9 0x00000005
core   0: 0x80001a84 (0x032fa413) slti    s0, t6, 50
core   0: 3 0x80001a84 (0x032fa413) x 8 0x00000001
core   0: 0x80001a88 (0xfff4fae3) bgeu    s1, t6, pc - 12
core   0: 3 0x80001a88 (0xfff4fae3)
core   0: 0x80001a7c (0x024aad33) mulhsu  s10, s5, tp
core   0: 3 0x80001a7c (0x024aad33) x26 0xffffffff
core   0: 0x80001a80 (0xfff48493) addi    s1, s1, -1
core   0: 3 0x80001a80 (0xfff48493) x 9 0x00000004
core   0: 0x80001a84 (0x032fa413) slti    s0, t6, 50
core   0: 3 0x80001a84 (0x032fa413) x 8 0x00000001
core   0: 0x80001a88 (0xfff4fae3) bgeu    s1, t6, pc - 12
core   0: 3 0x80001a88 (0xfff4fae3)
core   0: 0x80001a8c (0x01a0f5b3) and     a1, ra, s10
core   0: 3 0x80001a8c (0x01a0f5b3) x11 0x00000000
core   0: 0x80001a90 (0xfc6cc8e3) blt     s9, t1, pc - 48
core   0: 3 0x80001a90 (0xfc6cc8e3)
core   0: 0x80001a60 (0x03073633) mulhu   a2, a4, a6
core   0: 3 0x80001a60 (0x03073633) x12 0x1fffff5d
core   0: 0x80001a64 (0x00000013) nop
core   0: 3 0x80001a64 (0x00000013)
core   0: 0x80001a68 (0x001c8c93) addi    s9, s9, 1
core   0: 3 0x80001a68 (0x001c8c93) x25 0xfffffffc
core   0: 0x80001a6c (0x50874713) xori    a4, a4, 1288
core   0: 3 0x80001a6c (0x50874713) x14 0xffffffff
core   0: 0x80001a70 (0x00700493) li      s1, 7
core   0: 3 0x80001a70 (0x00700493) x 9 0x00000007
core   0: 0x80001a74 (0x00500f93) li      t6, 5
core   0: 3 0x80001a74 (0x00500f93) x31 0x00000005
core   0: 0x80001a78 (0x031e40b3) div     ra, t3, a7
core   0: 3 0x80001a78 (0x031e40b3) x 1 0x00000000
core   0: 0x80001a7c (0x024aad33) mulhsu  s10, s5, tp
core   0: 3 0x80001a7c (0x024aad33) x26 0xffffffff
core   0: 0x80001a80 (0xfff48493) addi    s1, s1, -1
core   0: 3 0x80001a80 (0xfff48493) x 9 0x00000006
core   0: 0x80001a84 (0x032fa413) slti    s0, t6, 50
core   0: 3 0x80001a84 (0x032fa413) x 8 0x00000001
core   0: 0x80001a88 (0xfff4fae3) bgeu    s1, t6, pc - 12
core   0: 3 0x80001a88 (0xfff4fae3)
core   0: 0x80001a7c (0x024aad33) mulhsu  s10, s5, tp
core   0: 3 0x80001a7c (0x024aad33) x26 0xffffffff
core   0: 0x80001a80 (0xfff48493) addi    s1, s1, -1
core   0: 3 0x80001a80 (0xfff48493) x 9 0x00000005
core   0: 0x80001a84 (0x032fa413) slti    s0, t6, 50
core   0: 3 0x80001a84 (0x032fa413) x 8 0x00000001
core   0: 0x80001a88 (0xfff4fae3) bgeu    s1, t6, pc - 12
core   0: 3 0x80001a88 (0xfff4fae3)
core   0: 0x80001a7c (0x024aad33) mulhsu  s10, s5, tp
core   0: 3 0x80001a7c (0x024aad33) x26 0xffffffff
core   0: 0x80001a80 (0xfff48493) addi    s1, s1, -1
core   0: 3 0x80001a80 (0xfff48493) x 9 0x00000004
core   0: 0x80001a84 (0x032fa413) slti    s0, t6, 50
core   0: 3 0x80001a84 (0x032fa413) x 8 0x00000001
core   0: 0x80001a88 (0xfff4fae3) bgeu    s1, t6, pc - 12
core   0: 3 0x80001a88 (0xfff4fae3)
core   0: 0x80001a8c (0x01a0f5b3) and     a1, ra, s10
core   0: 3 0x80001a8c (0x01a0f5b3) x11 0x00000000
core   0: 0x80001a90 (0xfc6cc8e3) blt     s9, t1, pc - 48
core   0: 3 0x80001a90 (0xfc6cc8e3)
core   0: 0x80001a94 (0x00e018b3) sll     a7, zero, a4
core   0: 3 0x80001a94 (0x00e018b3) x17 0x00000000
core   0: 0x80001a98 (0xff800413) li      s0, -8
core   0: 3 0x80001a98 (0xff800413) x 8 0xfffffff8
core   0: 0x80001a9c (0x030ed1b3) divu    gp, t4, a6
core   0: 3 0x80001a9c (0x030ed1b3) x 3 0x00000000
core   0: 0x80001aa0 (0xcd0e0513) addi    a0, t3, -816
core   0: 3 0x80001aa0 (0xcd0e0513) x10 0xfffffcd1
core   0: 0x80001aa4 (0x9d567a13) andi    s4, a2, -1579
core   0: 3 0x80001aa4 (0x9d567a13) x20 0x1ffff955
core   0: 0x80001aa8 (0x7df77913) andi    s2, a4, 2015
core   0: 3 0x80001aa8 (0x7df77913) x18 0x000007df
core   0: 0x80001aac (0x5ea96613) ori     a2, s2, 1514
core   0: 3 0x80001aac (0x5ea96613) x12 0x000007ff
core   0: 0x80001ab0 (0x03d570b3) remu    ra, a0, t4
core   0: 3 0x80001ab0 (0x03d570b3) x 1 0x00000002
core   0: 0x80001ab4 (0x002168b3) or      a7, sp, sp
core   0: 3 0x80001ab4 (0x002168b3) x17 0x00000000
core   0: 0x80001ab8 (0x00300393) li      t2, 3
core   0: 3 0x80001ab8 (0x00300393) x 7 0x00000003
core   0: 0x80001abc (0x6837b917) auipc   s2, 0x6837b
core   0: 3 0x80001abc (0x6837b917) x18 0xe837cabc
core   0: 0x80001ac0 (0x41608e33) sub     t3, ra, s6
core   0: 3 0x80001ac0 (0x41608e33) x28 0x000000cb
core   0: 0x80001ac4 (0x40b401b3) sub     gp, s0, a1
core   0: 3 0x80001ac4 (0x40b401b3) x 3 0xfffffff8
core   0: 0x80001ac8 (0x029dceb3) div     t4, s11, s1
core   0: 3 0x80001ac8 (0x029dceb3) x29 0xffffffd0
core   0: 0x80001acc (0x02ba44b3) div     s1, s4, a1
core   0: 3 0x80001acc (0x02ba44b3) x 9 0xffffffff
core   0: 0x80001ad0 (0x009785b3) add     a1, a5, s1
core   0: 3 0x80001ad0 (0x009785b3) x11 0x80025e63
core   0: 0x80001ad4 (0x0329ce33) div     t3, s3, s2
core   0: 3 0x80001ad4 (0x0329ce33) x28 0x00000000
core   0: 0x80001ad8 (0x03c18bb3) mul     s7, gp, t3
core   0: 3 0x80001ad8 (0x03c18bb3) x23 0x00000000
core   0: 0x80001adc (0x02880db3) mul     s11, a6, s0
core   0: 3 0x80001adc (0x02880db3) x27 0x00000008
core   0: 0x80001ae0 (0x00a40413) addi    s0, s0, 10
core   0: 3 0x80001ae0 (0x00a40413) x 8 0x00000002
core   0: 0x80001ae4 (0x00d49b33) sll     s6, s1, a3
core   0: 3 0x80001ae4 (0x00d49b33) x22 0xff000000
core   0: 0x80001ae8 (0x4128d533) sra     a0, a7, s2
core   0: 3 0x80001ae8 (0x4128d533) x10 0x00000000
core   0: 0x80001aec (0xfe7460e3) bltu    s0, t2, pc - 32
core   0: 3 0x80001aec (0xfe7460e3)
core   0: 0x80001acc (0x02ba44b3) div     s1, s4, a1
core   0: 3 0x80001acc (0x02ba44b3) x 9 0x00000000
core   0: 0x80001ad0 (0x009785b3) add     a1, a5, s1
core   0: 3 0x80001ad0 (0x009785b3) x11 0x80025e64
core   0: 0x80001ad4 (0x0329ce33) div     t3, s3, s2
core   0: 3 0x80001ad4 (0x0329ce33) x28 0x00000000
core   0: 0x80001ad8 (0x03c18bb3) mul     s7, gp, t3
core   0: 3 0x80001ad8 (0x03c18bb3) x23 0x00000000
core   0: 0x80001adc (0x02880db3) mul     s11, a6, s0
core   0: 3 0x80001adc (0x02880db3) x27 0x3ffffffe
core   0: 0x80001ae0 (0x00a40413) addi    s0, s0, 10
core   0: 3 0x80001ae0 (0x00a40413) x 8 0x0000000c
core   0: 0x80001ae4 (0x00d49b33) sll     s6, s1, a3
core   0: 3 0x80001ae4 (0x00d49b33) x22 0x00000000
core   0: 0x80001ae8 (0x4128d533) sra     a0, a7, s2
core   0: 3 0x80001ae8 (0x4128d533) x10 0x00000000
core   0: 0x80001aec (0xfe7460e3) bltu    s0, t2, pc - 32
core   0: 3 0x80001aec (0xfe7460e3)
core   0: 0x80001af0 (0x418400b3) sub     ra, s0, s8
core   0: 3 0x80001af0 (0x418400b3) x 1 0x0000000b
core   0: 0x80001af4 (0xff600393) li      t2, -10
core   0: 3 0x80001af4 (0xff600393) x 7 0xfffffff6
core   0: 0x80001af8 (0xe446c713) xori    a4, a3, -444
core   0: 3 0x80001af8 (0xe446c713) x14 0x000001bc
core   0: 0x80001afc (0xb1a3c217) auipc   tp, 0xb1a3c
core   0: 3 0x80001afc (0xb1a3c217) x 4 0x31a3dafc
core   0: 0x80001b00 (0x03e41bb3) mulh    s7, s0, t5
core   0: 3 0x80001b00 (0x03e41bb3) x23 0x00000000
core   0: 0x80001b04 (0xff900d13) li      s10, -7
core   0: 3 0x80001b04 (0xff900d13) x26 0xfffffff9
core   0: 0x80001b08 (0x008e66b3) or      a3, t3, s0
core   0: 3 0x80001b08 (0x008e66b3) x13 0x0000000c
core   0: 0x80001b0c (0x045f2c37) lui     s8, 0x45f2
core   0: 3 0x80001b0c (0x045f2c37) x24 0x045f2000
core   0: 0x80001b10 (0xd3988313) addi    t1, a7, -711
core   0: 3 0x80001b10 (0xd3988313) x 6 0xfffffd39
core   0: 0x80001b14 (0x00338393) addi    t2, t2, 3
core   0: 3 0x80001b14 (0x00338393) x 7 0xfffffff9
core   0: 0x80001b18 (0xfff00f93) li      t6, -1
core   0: 3 0x80001b18 (0xfff00f93) x31 0xffffffff
core   0: 0x80001b1c (0x0158e833) or      a6, a7, s5
core   0: 3 0x80001b1c (0x0158e833) x16 0x80029ce4
core   0: 0x80001b20 (0x87c97693) andi    a3, s2, -1924
core   0: 3 0x80001b20 (0x87c97693) x13 0xe837c83c
core   0: 0x80001b24 (0x00000013) nop
core   0: 3 0x80001b24 (0x00000013)
core   0: 0x80001b28 (0x00e02cb3) slt     s9, zero, a4
core   0: 3 0x80001b28 (0x00e02cb3) x25 0x00000001
core   0: 0x80001b2c (0xfee00093) li      ra, -18
core   0: 3 0x80001b2c (0xfee00093) x 1 0xffffffee
core   0: 0x80001b30 (0x03bf2133) mulhsu  sp, t5, s11
core   0: 3 0x80001b30 (0x03bf2133) x 2 0x00000000
core   0: 0x80001b34 (0xbff3ce13) xori    t3, t2, -1025
core   0: 3 0x80001b34 (0xbff3ce13) x28 0x00000406
core   0: 0x80001b38 (0xffff8f93) addi    t6, t6, -1
core   0: 3 0x80001b38 (0xffff8f93) x31 0xfffffffe
core   0: 0x80001b3c (0xfe1fdae3) bge     t6, ra, pc - 12
core   0: 3 0x80001b3c (0xfe1fdae3)
core   0: 0x80001b30 (0x03bf2133) mulhsu  sp, t5, s11
core   0: 3 0x80001b30 (0x03bf2133) x 2 0x00000000
core   0: 0x80001b34 (0xbff3ce13) xori    t3, t2, -1025
core   0: 3 0x80001b34 (0xbff3ce13) x28 0x00000406
core   0: 0x80001b38 (0xffff8f93) addi    t6, t6, -1
core   0: 3 0x80001b38 (0xffff8f93) x31 0xfffffffd
core   0: 0x80001b3c (0xfe1fdae3) bge     t6, ra, pc - 12
core   0: 3 0x80001b3c (0xfe1fdae3)
core   0: 0x80001b30 (0x03bf2133) mulhsu  sp, t5, s11
core   0: 3 0x80001b30 (0x03bf2133) x 2 0x00000000
core   0: 0x80001b34 (0xbff3ce13) xori    t3, t2, -1025
core   0: 3 0x80001b34 (0xbff3ce13) x28 0x00000406
core   0: 0x80001b38 (0xffff8f93) addi    t6, t6, -1
core   0: 3 0x80001b38 (0xffff8f93) x31 0xfffffffc
core   0: 0x80001b3c (0xfe1fdae3) bge     t6, ra, pc - 12
core   0: 3 0x80001b3c (0xfe1fdae3)
core   0: 0x80001b30 (0x03bf2133) mulhsu  sp, t5, s11
core   0: 3 0x80001b30 (0x03bf2133) x 2 0x00000000
core   0: 0x80001b34 (0xbff3ce13) xori    t3, t2, -1025
core   0: 3 0x80001b34 (0xbff3ce13) x28 0x00000406
core   0: 0x80001b38 (0xffff8f93) addi    t6, t6, -1
core   0: 3 0x80001b38 (0xffff8f93) x31 0xfffffffb
core   0: 0x80001b3c (0xfe1fdae3) bge     t6, ra, pc - 12
core   0: 3 0x80001b3c (0xfe1fdae3)
core   0: 0x80001b30 (0x03bf2133) mulhsu  sp, t5, s11
core   0: 3 0x80001b30 (0x03bf2133) x 2 0x00000000
core   0: 0x80001b34 (0xbff3ce13) xori    t3, t2, -1025
core   0: 3 0x80001b34 (0xbff3ce13) x28 0x00000406
core   0: 0x80001b38 (0xffff8f93) addi    t6, t6, -1
core   0: 3 0x80001b38 (0xffff8f93) x31 0xfffffffa
core   0: 0x80001b3c (0xfe1fdae3) bge     t6, ra, pc - 12
core   0: 3 0x80001b3c (0xfe1fdae3)
core   0: 0x80001b30 (0x03bf2133) mulhsu  sp, t5, s11
core   0: 3 0x80001b30 (0x03bf2133) x 2 0x00000000
core   0: 0x80001b34 (0xbff3ce13) xori    t3, t2, -1025
core   0: 3 0x80001b34 (0xbff3ce13) x28 0x00000406
core   0: 0x80001b38 (0xffff8f93) addi    t6, t6, -1
core   0: 3 0x80001b38 (0xffff8f93) x31 0xfffffff9
core   0: 0x80001b3c (0xfe1fdae3) bge     t6, ra, pc - 12
core   0: 3 0x80001b3c (0xfe1fdae3)
core   0: 0x80001b30 (0x03bf2133) mulhsu  sp, t5, s11
core   0: 3 0x80001b30 (0x03bf2133) x 2 0x00000000
core   0: 0x80001b34 (0xbff3ce13) xori    t3, t2, -1025
core   0: 3 0x80001b34 (0xbff3ce13) x28 0x00000406
core   0: 0x80001b38 (0xffff8f93) addi    t6, t6, -1
core   0: 3 0x80001b38 (0xffff8f93) x31 0xfffffff8
core   0: 0x80001b3c (0xfe1fdae3) bge     t6, ra, pc - 12
core   0: 3 0x80001b3c (0xfe1fdae3)
core   0: 0x80001b30 (0x03bf2133) mulhsu  sp, t5, s11
core   0: 3 0x80001b30 (0x03bf2133) x 2 0x00000000
core   0: 0x80001b34 (0xbff3ce13) xori    t3, t2, -1025
core   0: 3 0x80001b34 (0xbff3ce13) x28 0x00000406
core   0: 0x80001b38 (0xffff8f93) addi    t6, t6, -1
core   0: 3 0x80001b38 (0xffff8f93) x31 0xfffffff7
core   0: 0x80001b3c (0xfe1fdae3) bge     t6, ra, pc - 12
core   0: 3 0x80001b3c (0xfe1fdae3)
core   0: 0x80001b30 (0x03bf2133) mulhsu  sp, t5, s11
core   0: 3 0x80001b30 (0x03bf2133) x 2 0x00000000
core   0: 0x80001b34 (0xbff3ce13) xori    t3, t2, -1025
core   0: 3 0x80001b34 (0xbff3ce13) x28 0x00000406
core   0: 0x80001b38 (0xffff8f93) addi    t6, t6, -1
core   0: 3 0x80001b38 (0xffff8f93) x31 0xfffffff6
core   0: 0x80001b3c (0xfe1fdae3) bge     t6, ra, pc - 12
core   0: 3 0x80001b3c (0xfe1fdae3)
core   0: 0x80001b30 (0x03bf2133) mulhsu  sp, t5, s11
core   0: 3 0x80001b30 (0x03bf2133) x 2 0x00000000
core   0: 0x80001b34 (0xbff3ce13) xori    t3, t2, -1025
core   0: 3 0x80001b34 (0xbff3ce13) x28 0x00000406
core   0: 0x80001b38 (0xffff8f93) addi    t6, t6, -1
core   0: 3 0x80001b38 (0xffff8f93) x31 0xfffffff5
core   0: 0x80001b3c (0xfe1fdae3) bge     t6, ra, pc - 12
core   0: 3 0x80001b3c (0xfe1fdae3)
core   0: 0x80001b30 (0x03bf2133) mulhsu  sp, t5, s11
core   0: 3 0x80001b30 (0x03bf2133) x 2 0x00000000
core   0: 0x80001b34 (0xbff3ce13) xori    t3, t2, -1025
core   0: 3 0x80001b34 (0xbff3ce13) x28 0x00000406
core   0: 0x80001b38 (0xffff8f93) addi    t6, t6, -1
core   0: 3 0x80001b38 (0xffff8f93) x31 0xfffffff4
core   0: 0x80001b3c (0xfe1fdae3) bge     t6, ra, pc - 12
core   0: 3 0x80001b3c (0xfe1fdae3)
core   0: 0x80001b30 (0x03bf2133) mulhsu  sp, t5, s11
core   0: 3 0x80001b30 (0x03bf2133) x 2 0x00000000
core   0: 0x80001b34 (0xbff3ce13) xori    t3, t2, -1025
core   0: 3 0x80001b34 (0xbff3ce13) x28 0x00000406
core   0: 0x80001b38 (0xffff8f93) addi    t6, t6, -1
core   0: 3 0x80001b38 (0xffff8f93) x31 0xfffffff3
core   0: 0x80001b3c (0xfe1fdae3) bge     t6, ra, pc - 12
core   0: 3 0x80001b3c (0xfe1fdae3)
core   0: 0x80001b30 (0x03bf2133) mulhsu  sp, t5, s11
core   0: 3 0x80001b30 (0x03bf2133) x 2 0x00000000
core   0: 0x80001b34 (0xbff3ce13) xori    t3, t2, -1025
core   0: 3 0x80001b34 (0xbff3ce13) x28 0x00000406
core   0: 0x80001b38 (0xffff8f93) addi    t6, t6, -1
core   0: 3 0x80001b38 (0xffff8f93) x31 0xfffffff2
core   0: 0x80001b3c (0xfe1fdae3) bge     t6, ra, pc - 12
core   0: 3 0x80001b3c (0xfe1fdae3)
core   0: 0x80001b30 (0x03bf2133) mulhsu  sp, t5, s11
core   0: 3 0x80001b30 (0x03bf2133) x 2 0x00000000
core   0: 0x80001b34 (0xbff3ce13) xori    t3, t2, -1025
core   0: 3 0x80001b34 (0xbff3ce13) x28 0x00000406
core   0: 0x80001b38 (0xffff8f93) addi    t6, t6, -1
core   0: 3 0x80001b38 (0xffff8f93) x31 0xfffffff1
core   0: 0x80001b3c (0xfe1fdae3) bge     t6, ra, pc - 12
core   0: 3 0x80001b3c (0xfe1fdae3)
core   0: 0x80001b30 (0x03bf2133) mulhsu  sp, t5, s11
core   0: 3 0x80001b30 (0x03bf2133) x 2 0x00000000
core   0: 0x80001b34 (0xbff3ce13) xori    t3, t2, -1025
core   0: 3 0x80001b34 (0xbff3ce13) x28 0x00000406
core   0: 0x80001b38 (0xffff8f93) addi    t6, t6, -1
core   0: 3 0x80001b38 (0xffff8f93) x31 0xfffffff0
core   0: 0x80001b3c (0xfe1fdae3) bge     t6, ra, pc - 12
core   0: 3 0x80001b3c (0xfe1fdae3)
core   0: 0x80001b30 (0x03bf2133) mulhsu  sp, t5, s11
core   0: 3 0x80001b30 (0x03bf2133) x 2 0x00000000
core   0: 0x80001b34 (0xbff3ce13) xori    t3, t2, -1025
core   0: 3 0x80001b34 (0xbff3ce13) x28 0x00000406
core   0: 0x80001b38 (0xffff8f93) addi    t6, t6, -1
core   0: 3 0x80001b38 (0xffff8f93) x31 0xffffffef
core   0: 0x80001b3c (0xfe1fdae3) bge     t6, ra, pc - 12
core   0: 3 0x80001b3c (0xfe1fdae3)
core   0: 0x80001b30 (0x03bf2133) mulhsu  sp, t5, s11
core   0: 3 0x80001b30 (0x03bf2133) x 2 0x00000000
core   0: 0x80001b34 (0xbff3ce13) xori    t3, t2, -1025
core   0: 3 0x80001b34 (0xbff3ce13) x28 0x00000406
core   0: 0x80001b38 (0xffff8f93) addi    t6, t6, -1
core   0: 3 0x80001b38 (0xffff8f93) x31 0xffffffee
core   0: 0x80001b3c (0xfe1fdae3) bge     t6, ra, pc - 12
core   0: 3 0x80001b3c (0xfe1fdae3)
core   0: 0x80001b30 (0x03bf2133) mulhsu  sp, t5, s11
core   0: 3 0x80001b30 (0x03bf2133) x 2 0x00000000
core   0: 0x80001b34 (0xbff3ce13) xori    t3, t2, -1025
core   0: 3 0x80001b34 (0xbff3ce13) x28 0x00000406
core   0: 0x80001b38 (0xffff8f93) addi    t6, t6, -1
core   0: 3 0x80001b38 (0xffff8f93) x31 0xffffffed
core   0: 0x80001b3c (0xfe1fdae3) bge     t6, ra, pc - 12
core   0: 3 0x80001b3c (0xfe1fdae3)
core   0: 0x80001b40 (0x40a45513) srai    a0, s0, 10
core   0: 3 0x80001b40 (0x40a45513) x10 0x00000000
core   0: 0x80001b44 (0xfda384e3) beq     t2, s10, pc - 56
core   0: 3 0x80001b44 (0xfda384e3)
core   0: 0x80001b0c (0x045f2c37) lui     s8, 0x45f2
core   0: 3 0x80001b0c (0x045f2c37) x24 0x045f2000
core   0: 0x80001b10 (0xd3988313) addi    t1, a7, -711
core   0: 3 0x80001b10 (0xd3988313) x 6 0xfffffd39
core   0: 0x80001b14 (0x00338393) addi    t2, t2, 3
core   0: 3 0x80001b14 (0x00338393) x 7 0xfffffffc
core   0: 0x80001b18 (0xfff00f93) li      t6, -1
core   0: 3 0x80001b18 (0xfff00f93) x31 0xffffffff
core   0: 0x80001b1c (0x0158e833) or      a6, a7, s5
core   0: 3 0x80001b1c (0x0158e833) x16 0x80029ce4
core   0: 0x80001b20 (0x87c97693) andi    a3, s2, -1924
core   0: 3 0x80001b20 (0x87c97693) x13 0xe837c83c
core   0: 0x80001b24 (0x00000013) nop
core   0: 3 0x80001b24 (0x00000013)
core   0: 0x80001b28 (0x00e02cb3) slt     s9, zero, a4
core   0: 3 0x80001b28 (0x00e02cb3) x25 0x00000001
core   0: 0x80001b2c (0xfee00093) li      ra, -18
core   0: 3 0x80001b2c (0xfee00093) x 1 0xffffffee
core   0: 0x80001b30 (0x03bf2133) mulhsu  sp, t5, s11
core   0: 3 0x80001b30 (0x03bf2133) x 2 0x00000000
core   0: 0x80001b34 (0xbff3ce13) xori    t3, t2, -1025
core   0: 3 0x80001b34 (0xbff3ce13) x28 0x00000403
core   0: 0x80001b38 (0xffff8f93) addi    t6, t6, -1
core   0: 3 0x80001b38 (0xffff8f93) x31 0xfffffffe
core   0: 0x80001b3c (0xfe1fdae3) bge     t6, ra, pc - 12
core   0: 3 0x80001b3c (0xfe1fdae3)
core   0: 0x80001b30 (0x03bf2133) mulhsu  sp, t5, s11
core   0: 3 0x80001b30 (0x03bf2133) x 2 0x00000000
core   0: 0x80001b34 (0xbff3ce13) xori    t3, t2, -1025
core   0: 3 0x80001b34 (0xbff3ce13) x28 0x00000403
core   0: 0x80001b38 (0xffff8f93) addi    t6, t6, -1
core   0: 3 0x80001b38 (0xffff8f93) x31 0xfffffffd
core   0: 0x80001b3c (0xfe1fdae3) bge     t6, ra, pc - 12
core   0: 3 0x80001b3c (0xfe1fdae3)
core   0: 0x80001b30 (0x03bf2133) mulhsu  sp, t5, s11
core   0: 3 0x80001b30 (0x03bf2133) x 2 0x00000000
core   0: 0x80001b34 (0xbff3ce13) xori    t3, t2, -1025
core   0: 3 0x80001b34 (0xbff3ce13) x28 0x00000403
core   0: 0x80001b38 (0xffff8f93) addi    t6, t6, -1
core   0: 3 0x80001b38 (0xffff8f93) x31 0xfffffffc
core   0: 0x80001b3c (0xfe1fdae3) bge     t6, ra, pc - 12
core   0: 3 0x80001b3c (0xfe1fdae3)
core   0: 0x80001b30 (0x03bf2133) mulhsu  sp, t5, s11
core   0: 3 0x80001b30 (0x03bf2133) x 2 0x00000000
core   0: 0x80001b34 (0xbff3ce13) xori    t3, t2, -1025
core   0: 3 0x80001b34 (0xbff3ce13) x28 0x00000403
core   0: 0x80001b38 (0xffff8f93) addi    t6, t6, -1
core   0: 3 0x80001b38 (0xffff8f93) x31 0xfffffffb
core   0: 0x80001b3c (0xfe1fdae3) bge     t6, ra, pc - 12
core   0: 3 0x80001b3c (0xfe1fdae3)
core   0: 0x80001b30 (0x03bf2133) mulhsu  sp, t5, s11
core   0: 3 0x80001b30 (0x03bf2133) x 2 0x00000000
core   0: 0x80001b34 (0xbff3ce13) xori    t3, t2, -1025
core   0: 3 0x80001b34 (0xbff3ce13) x28 0x00000403
core   0: 0x80001b38 (0xffff8f93) addi    t6, t6, -1
core   0: 3 0x80001b38 (0xffff8f93) x31 0xfffffffa
core   0: 0x80001b3c (0xfe1fdae3) bge     t6, ra, pc - 12
core   0: 3 0x80001b3c (0xfe1fdae3)
core   0: 0x80001b30 (0x03bf2133) mulhsu  sp, t5, s11
core   0: 3 0x80001b30 (0x03bf2133) x 2 0x00000000
core   0: 0x80001b34 (0xbff3ce13) xori    t3, t2, -1025
core   0: 3 0x80001b34 (0xbff3ce13) x28 0x00000403
core   0: 0x80001b38 (0xffff8f93) addi    t6, t6, -1
core   0: 3 0x80001b38 (0xffff8f93) x31 0xfffffff9
core   0: 0x80001b3c (0xfe1fdae3) bge     t6, ra, pc - 12
core   0: 3 0x80001b3c (0xfe1fdae3)
core   0: 0x80001b30 (0x03bf2133) mulhsu  sp, t5, s11
core   0: 3 0x80001b30 (0x03bf2133) x 2 0x00000000
core   0: 0x80001b34 (0xbff3ce13) xori    t3, t2, -1025
core   0: 3 0x80001b34 (0xbff3ce13) x28 0x00000403
core   0: 0x80001b38 (0xffff8f93) addi    t6, t6, -1
core   0: 3 0x80001b38 (0xffff8f93) x31 0xfffffff8
core   0: 0x80001b3c (0xfe1fdae3) bge     t6, ra, pc - 12
core   0: 3 0x80001b3c (0xfe1fdae3)
core   0: 0x80001b30 (0x03bf2133) mulhsu  sp, t5, s11
core   0: 3 0x80001b30 (0x03bf2133) x 2 0x00000000
core   0: 0x80001b34 (0xbff3ce13) xori    t3, t2, -1025
core   0: 3 0x80001b34 (0xbff3ce13) x28 0x00000403
core   0: 0x80001b38 (0xffff8f93) addi    t6, t6, -1
core   0: 3 0x80001b38 (0xffff8f93) x31 0xfffffff7
core   0: 0x80001b3c (0xfe1fdae3) bge     t6, ra, pc - 12
core   0: 3 0x80001b3c (0xfe1fdae3)
core   0: 0x80001b30 (0x03bf2133) mulhsu  sp, t5, s11
core   0: 3 0x80001b30 (0x03bf2133) x 2 0x00000000
core   0: 0x80001b34 (0xbff3ce13) xori    t3, t2, -1025
core   0: 3 0x80001b34 (0xbff3ce13) x28 0x00000403
core   0: 0x80001b38 (0xffff8f93) addi    t6, t6, -1
core   0: 3 0x80001b38 (0xffff8f93) x31 0xfffffff6
core   0: 0x80001b3c (0xfe1fdae3) bge     t6, ra, pc - 12
core   0: 3 0x80001b3c (0xfe1fdae3)
core   0: 0x80001b30 (0x03bf2133) mulhsu  sp, t5, s11
core   0: 3 0x80001b30 (0x03bf2133) x 2 0x00000000
core   0: 0x80001b34 (0xbff3ce13) xori    t3, t2, -1025
core   0: 3 0x80001b34 (0xbff3ce13) x28 0x00000403
core   0: 0x80001b38 (0xffff8f93) addi    t6, t6, -1
core   0: 3 0x80001b38 (0xffff8f93) x31 0xfffffff5
core   0: 0x80001b3c (0xfe1fdae3) bge     t6, ra, pc - 12
core   0: 3 0x80001b3c (0xfe1fdae3)
core   0: 0x80001b30 (0x03bf2133) mulhsu  sp, t5, s11
core   0: 3 0x80001b30 (0x03bf2133) x 2 0x00000000
core   0: 0x80001b34 (0xbff3ce13) xori    t3, t2, -1025
core   0: 3 0x80001b34 (0xbff3ce13) x28 0x00000403
core   0: 0x80001b38 (0xffff8f93) addi    t6, t6, -1
core   0: 3 0x80001b38 (0xffff8f93) x31 0xfffffff4
core   0: 0x80001b3c (0xfe1fdae3) bge     t6, ra, pc - 12
core   0: 3 0x80001b3c (0xfe1fdae3)
core   0: 0x80001b30 (0x03bf2133) mulhsu  sp, t5, s11
core   0: 3 0x80001b30 (0x03bf2133) x 2 0x00000000
core   0: 0x80001b34 (0xbff3ce13) xori    t3, t2, -1025
core   0: 3 0x80001b34 (0xbff3ce13) x28 0x00000403
core   0: 0x80001b38 (0xffff8f93) addi    t6, t6, -1
core   0: 3 0x80001b38 (0xffff8f93) x31 0xfffffff3
core   0: 0x80001b3c (0xfe1fdae3) bge     t6, ra, pc - 12
core   0: 3 0x80001b3c (0xfe1fdae3)
core   0: 0x80001b30 (0x03bf2133) mulhsu  sp, t5, s11
core   0: 3 0x80001b30 (0x03bf2133) x 2 0x00000000
core   0: 0x80001b34 (0xbff3ce13) xori    t3, t2, -1025
core   0: 3 0x80001b34 (0xbff3ce13) x28 0x00000403
core   0: 0x80001b38 (0xffff8f93) addi    t6, t6, -1
core   0: 3 0x80001b38 (0xffff8f93) x31 0xfffffff2
core   0: 0x80001b3c (0xfe1fdae3) bge     t6, ra, pc - 12
core   0: 3 0x80001b3c (0xfe1fdae3)
core   0: 0x80001b30 (0x03bf2133) mulhsu  sp, t5, s11
core   0: 3 0x80001b30 (0x03bf2133) x 2 0x00000000
core   0: 0x80001b34 (0xbff3ce13) xori    t3, t2, -1025
core   0: 3 0x80001b34 (0xbff3ce13) x28 0x00000403
core   0: 0x80001b38 (0xffff8f93) addi    t6, t6, -1
core   0: 3 0x80001b38 (0xffff8f93) x31 0xfffffff1
core   0: 0x80001b3c (0xfe1fdae3) bge     t6, ra, pc - 12
core   0: 3 0x80001b3c (0xfe1fdae3)
core   0: 0x80001b30 (0x03bf2133) mulhsu  sp, t5, s11
core   0: 3 0x80001b30 (0x03bf2133) x 2 0x00000000
core   0: 0x80001b34 (0xbff3ce13) xori    t3, t2, -1025
core   0: 3 0x80001b34 (0xbff3ce13) x28 0x00000403
core   0: 0x80001b38 (0xffff8f93) addi    t6, t6, -1
core   0: 3 0x80001b38 (0xffff8f93) x31 0xfffffff0
core   0: 0x80001b3c (0xfe1fdae3) bge     t6, ra, pc - 12
core   0: 3 0x80001b3c (0xfe1fdae3)
core   0: 0x80001b30 (0x03bf2133) mulhsu  sp, t5, s11
core   0: 3 0x80001b30 (0x03bf2133) x 2 0x00000000
core   0: 0x80001b34 (0xbff3ce13) xori    t3, t2, -1025
core   0: 3 0x80001b34 (0xbff3ce13) x28 0x00000403
core   0: 0x80001b38 (0xffff8f93) addi    t6, t6, -1
core   0: 3 0x80001b38 (0xffff8f93) x31 0xffffffef
core   0: 0x80001b3c (0xfe1fdae3) bge     t6, ra, pc - 12
core   0: 3 0x80001b3c (0xfe1fdae3)
core   0: 0x80001b30 (0x03bf2133) mulhsu  sp, t5, s11
core   0: 3 0x80001b30 (0x03bf2133) x 2 0x00000000
core   0: 0x80001b34 (0xbff3ce13) xori    t3, t2, -1025
core   0: 3 0x80001b34 (0xbff3ce13) x28 0x00000403
core   0: 0x80001b38 (0xffff8f93) addi    t6, t6, -1
core   0: 3 0x80001b38 (0xffff8f93) x31 0xffffffee
core   0: 0x80001b3c (0xfe1fdae3) bge     t6, ra, pc - 12
core   0: 3 0x80001b3c (0xfe1fdae3)
core   0: 0x80001b30 (0x03bf2133) mulhsu  sp, t5, s11
core   0: 3 0x80001b30 (0x03bf2133) x 2 0x00000000
core   0: 0x80001b34 (0xbff3ce13) xori    t3, t2, -1025
core   0: 3 0x80001b34 (0xbff3ce13) x28 0x00000403
core   0: 0x80001b38 (0xffff8f93) addi    t6, t6, -1
core   0: 3 0x80001b38 (0xffff8f93) x31 0xffffffed
core   0: 0x80001b3c (0xfe1fdae3) bge     t6, ra, pc - 12
core   0: 3 0x80001b3c (0xfe1fdae3)
core   0: 0x80001b40 (0x40a45513) srai    a0, s0, 10
core   0: 3 0x80001b40 (0x40a45513) x10 0x00000000
core   0: 0x80001b44 (0xfda384e3) beq     t2, s10, pc - 56
core   0: 3 0x80001b44 (0xfda384e3)
core   0: 0x80001b48 (0x0192c2b3) xor     t0, t0, s9
core   0: 3 0x80001b48 (0x0192c2b3) x 5 0x0000074d
core   0: 0x80001b4c (0xff700613) li      a2, -9
core   0: 3 0x80001b4c (0xff700613) x12 0xfffffff7
core   0: 0x80001b50 (0xcfe0cb13) xori    s6, ra, -770
core   0: 3 0x80001b50 (0xcfe0cb13) x22 0x00000310
core   0: 0x80001b54 (0x01bad6b3) srl     a3, s5, s11
core   0: 3 0x80001b54 (0x01bad6b3) x13 0x00000002
core   0: 0x80001b58 (0x00bb9a33) sll     s4, s7, a1
core   0: 3 0x80001b58 (0x00bb9a33) x20 0x00000000
core   0: 0x80001b5c (0x1e5b8d93) addi    s11, s7, 485
core   0: 3 0x80001b5c (0x1e5b8d93) x27 0x000001e5
core   0: 0x80001b60 (0x02083a33) mulhu   s4, a6, zero
core   0: 3 0x80001b60 (0x02083a33) x20 0x00000000
core   0: 0x80001b64 (0x785aeb13) ori     s6, s5, 1925
core   0: 3 0x80001b64 (0x785aeb13) x22 0x80029fe5
core   0: 0x80001b68 (0x0205ccb3) div     s9, a1, zero
core   0: 3 0x80001b68 (0x0205ccb3) x25 0xffffffff
core   0: 0x80001b6c (0x0329e5b3) rem     a1, s3, s2
core   0: 3 0x80001b6c (0x0329e5b3) x11 0x0007ffff
core   0: 0x80001b70 (0x03ad24b3) mulhsu  s1, s10, s10
core   0: 3 0x80001b70 (0x03ad24b3) x 9 0xfffffff9
core   0: 0x80001b74 (0x0038beb3) sltu    t4, a7, gp
core   0: 3 0x80001b74 (0x0038beb3) x29 0x00000001
core   0: 0x80001b78 (0xbccd3093) sltiu   ra, s10, -1076
core   0: 3 0x80001b78 (0xbccd3093) x 1 0x00000000
core   0: 0x80001b7c (0xfee00b93) li      s7, -18
core   0: 3 0x80001b7c (0xfee00b93) x23 0xffffffee
core   0: 0x80001b80 (0x20312317) auipc   t1, 0x20312
core   0: 3 0x80001b80 (0x20312317) x 6 0xa0313b80
core   0: 0x80001b84 (0x0163e033) or      zero, t2, s6
core   0: 3 0x80001b84 (0x0163e033)
core   0: 0x80001b88 (0x00255a13) srli    s4, a0, 2
core   0: 3 0x80001b88 (0x00255a13) x20 0x00000000
core   0: 0x80001b8c (0x01e179b3) and     s3, sp, t5
core   0: 3 0x80001b8c (0x01e179b3) x19 0x00000000
core   0: 0x80001b90 (0x01b94933) xor     s2, s2, s11
core   0: 3 0x80001b90 (0x01b94933) x18 0xe837cb59
core   0: 0x80001b94 (0x00000013) nop
core   0: 3 0x80001b94 (0x00000013)
core   0: 0x80001b98 (0xff660613) addi    a2, a2, -10
core   0: 3 0x80001b98 (0xff660613) x12 0xffffffed
core   0: 0x80001b9c (0x0362f5b3) remu    a1, t0, s6
core   0: 3 0x80001b9c (0x0362f5b3) x11 0x0000074d
core   0: 0x80001ba0 (0x009c85b3) add     a1, s9, s1
core   0: 3 0x80001ba0 (0x009c85b3) x11 0xfffffff8
core   0: 0x80001ba4 (0x00596c33) or      s8, s2, t0
core   0: 3 0x80001ba4 (0x00596c33) x24 0xe837cf5d
core   0: 0x80001ba8 (0xff7652e3) bge     a2, s7, pc - 28
core   0: 3 0x80001ba8 (0xff7652e3)
core   0: 0x80001bac (0x758ff193) andi    gp, t6, 1880
core   0: 3 0x80001bac (0x758ff193) x 3 0x00000748
core   0: 0x80001bb0 (0x00600693) li      a3, 6
core   0: 3 0x80001bb0 (0x00600693) x13 0x00000006
core   0: 0x80001bb4 (0x4193dcb3) sra     s9, t2, s9
core   0: 3 0x80001bb4 (0x4193dcb3) x25 0xffffffff
core   0: 0x80001bb8 (0x010a4933) xor     s2, s4, a6
core   0: 3 0x80001bb8 (0x010a4933) x18 0x80029ce4
core   0: 0x80001bbc (0x750c8293) addi    t0, s9, 1872
core   0: 3 0x80001bbc (0x750c8293) x 5 0x0000074f
core   0: 0x80001bc0 (0x4055d933) sra     s2, a1, t0
core   0: 3 0x80001bc0 (0x4055d933) x18 0xffffffff
core   0: 0x80001bc4 (0x00b062b3) or      t0, zero, a1
core   0: 3 0x80001bc4 (0x00b062b3) x 5 0xfffffff8
core   0: 0x80001bc8 (0x00200893) li      a7, 2
core   0: 3 0x80001bc8 (0x00200893) x17 0x00000002
core   0: 0x80001bcc (0x5eacbf93) sltiu   t6, s9, 1514
core   0: 3 0x80001bcc (0x5eacbf93) x31 0x00000000
core   0: 0x80001bd0 (0x03389db3) mulh    s11, a7, s3
core   0: 3 0x80001bd0 (0x03389db3) x27 0x00000000
core   0: 0x80001bd4 (0xffd68693) addi    a3, a3, -3
core   0: 3 0x80001bd4 (0xffd68693) x13 0x00000003
core   0: 0x80001bd8 (0x036d6cb3) rem     s9, s10, s6
core   0: 3 0x80001bd8 (0x036d6cb3) x25 0xfffffff9
core   0: 0x80001bdc (0x775f8837) lui     a6, 0x775f8
core   0: 3 0x80001bdc (0x775f8837) x16 0x775f8000
core   0: 0x80001be0 (0x01628133) add     sp, t0, s6
core   0: 3 0x80001be0 (0x01628133) x 2 0x80029fdd
core   0: 0x80001be4 (0x41260633) sub     a2, a2, s2
core   0: 3 0x80001be4 (0x41260633) x12 0xffffffee
core   0: 0x80001be8 (0xff16d4e3) bge     a3, a7, pc - 24
core   0: 3 0x80001be8 (0xff16d4e3)
core   0: 0x80001bd0 (0x03389db3) mulh    s11, a7, s3
core   0: 3 0x80001bd0 (0x03389db3) x27 0x00000000
core   0: 0x80001bd4 (0xffd68693) addi    a3, a3, -3
core   0: 3 0x80001bd4 (0xffd68693) x13 0x00000000
core   0: 0x80001bd8 (0x036d6cb3) rem     s9, s10, s6
core   0: 3 0x80001bd8 (0x036d6cb3) x25 0xfffffff9
core   0: 0x80001bdc (0x775f8837) lui     a6, 0x775f8
core   0: 3 0x80001bdc (0x775f8837) x16 0x775f8000
core   0: 0x80001be0 (0x01628133) add     sp, t0, s6
core   0: 3 0x80001be0 (0x01628133) x 2 0x80029fdd
core   0: 0x80001be4 (0x41260633) sub     a2, a2, s2
core   0: 3 0x80001be4 (0x41260633) x12 0xffffffef
core   0: 0x80001be8 (0xff16d4e3) bge     a3, a7, pc - 24
core   0: 3 0x80001be8 (0xff16d4e3)
core   0: 0x80001bec (0x029231b3) mulhu   gp, tp, s1
core   0: 3 0x80001bec (0x029231b3) x 3 0x31a3dafa
core   0: 0x80001bf0 (0x00200113) li      sp, 2
core   0: 3 0x80001bf0 (0x00200113) x 2 0x00000002
core   0: 0x80001bf4 (0xff700493) li      s1, -9
core   0: 3 0x80001bf4 (0xff700493) x 9 0xfffffff7
core   0: 0x80001bf8 (0x609d9337) lui     t1, 0x609d9
core   0: 3 0x80001bf8 (0x609d9337) x 6 0x609d9000
core   0: 0x80001bfc (0x8a8baf93) slti    t6, s7, -1880
core   0: 3 0x80001bfc (0x8a8baf93) x31 0x00000000
core   0: 0x80001c00 (0xe6c67213) andi    tp, a2, -404
core   0: 3 0x80001c00 (0xe6c67213) x 4 0xfffffe6c
core   0: 0x80001c04 (0xff710113) addi    sp, sp, -9
core   0: 3 0x80001c04 (0xff710113) x 2 0xfffffff9
core   0: 0x80001c08 (0x9b5e3293) sltiu   t0, t3, -1611
core   0: 3 0x80001c08 (0x9b5e3293) x 5 0x00000001
core   0: 0x80001c0c (0x006b8eb3) add     t4, s7, t1
core   0: 3 0x80001c0c (0x006b8eb3) x29 0x609d8fee
core   0: 0x80001c10 (0x021d9733) mulh    a4, s11, ra
core   0: 3 0x80001c10 (0x021d9733) x14 0x00000000
core   0: 0x80001c14 (0x2a998c13) addi    s8, s3, 681
core   0: 3 0x80001c14 (0x2a998c13) x24 0x000002a9
core   0: 0x80001c18 (0x02a6f9b3) remu    s3, a3, a0
core   0: 3 0x80001c18 (0x02a6f9b3) x19 0x00000000
core   0: 0x80001c1c (0x00800693) li      a3, 8
core   0: 3 0x80001c1c (0x00800693) x13 0x00000008
core   0: 0x80001c20 (0x74759d97) auipc   s11, 0x74759
core   0: 3 0x80001c20 (0x74759d97) x27 0xf475ac20
core   0: 0x80001c24 (0x025d3e33) mulhu   t3, s10, t0
core   0: 3 0x80001c24 (0x025d3e33) x28 0x00000000
core   0: 0x80001c28 (0x0238be33) mulhu   t3, a7, gp
core   0: 3 0x80001c28 (0x0238be33) x28 0x00000000
core   0: 0x80001c2c (0x00700b13) li      s6, 7
core   0: 3 0x80001c2c (0x00700b13) x22 0x00000007
core   0: 0x80001c30 (0x022c9433) mulh    s0, s9, sp
core   0: 3 0x80001c30 (0x022c9433) x 8 0x00000000
core   0: 0x80001c34 (0x02461cb3) mulh    s9, a2, tp
core   0: 3 0x80001c34 (0x02461cb3) x25 0x00000000
core   0: 0x80001c38 (0xfff68693) addi    a3, a3, -1
core   0: 3 0x80001c38 (0xfff68693) x13 0x00000007
core   0: 0x80001c3c (0x0005ceb3) xor     t4, a1, zero
core   0: 3 0x80001c3c (0x0005ceb3) x29 0xfffffff8
core   0: 0x80001c40 (0x47ae3e13) sltiu   t3, t3, 1146
core   0: 3 0x80001c40 (0x47ae3e13) x28 0x00000001
core   0: 0x80001c44 (0x038f7433) remu    s0, t5, s8
core   0: 3 0x80001c44 (0x038f7433) x 8 0x00000000
core   0: 0x80001c48 (0x00000013) nop
core   0: 3 0x80001c48 (0x00000013)
core   0: 0x80001c4c (0x01020db3) add     s11, tp, a6
core   0: 3 0x80001c4c (0x01020db3) x27 0x775f7e6c
core   0: 0x80001c50 (0xad958cb7) lui     s9, 0xad958
core   0: 3 0x80001c50 (0xad958cb7) x25 0xad958000
core   0: 0x80001c54 (0x0140b3b3) sltu    t2, ra, s4
core   0: 3 0x80001c54 (0x0140b3b3) x 7 0x00000000
core   0: 0x80001c58 (0x006f9313) slli    t1, t6, 6
core   0: 3 0x80001c58 (0x006f9313) x 6 0x00000000
core   0: 0x80001c5c (0xfd668ae3) beq     a3, s6, pc - 44
core   0: 3 0x80001c5c (0xfd668ae3)
core   0: 0x80001c30 (0x022c9433) mulh    s0, s9, sp
core   0: 3 0x80001c30 (0x022c9433) x 8 0x00000002
core   0: 0x80001c34 (0x02461cb3) mulh    s9, a2, tp
core   0: 3 0x80001c34 (0x02461cb3) x25 0x00000000
core   0: 0x80001c38 (0xfff68693) addi    a3, a3, -1
core   0: 3 0x80001c38 (0xfff68693) x13 0x00000006
core   0: 0x80001c3c (0x0005ceb3) xor     t4, a1, zero
core   0: 3 0x80001c3c (0x0005ceb3) x29 0xfffffff8
core   0: 0x80001c40 (0x47ae3e13) sltiu   t3, t3, 1146
core   0: 3 0x80001c40 (0x47ae3e13) x28 0x00000001
core   0: 0x80001c44 (0x038f7433) remu    s0, t5, s8
core   0: 3 0x80001c44 (0x038f7433) x 8 0x00000000
core   0: 0x80001c48 (0x00000013) nop
core   0: 3 0x80001c48 (0x00000013)
core   0: 0x80001c4c (0x01020db3) add     s11, tp, a6
core   0: 3 0x80001c4c (0x01020db3) x27 0x775f7e6c
core   0: 0x80001c50 (0xad958cb7) lui     s9, 0xad958
core   0: 3 0x80001c50 (0xad958cb7) x25 0xad958000
core   0: 0x80001c54 (0x0140b3b3) sltu    t2, ra, s4
core   0: 3 0x80001c54 (0x0140b3b3) x 7 0x00000000
core   0: 0x80001c58 (0x006f9313) slli    t1, t6, 6
core   0: 3 0x80001c58 (0x006f9313) x 6 0x00000000
core   0: 0x80001c5c (0xfd668ae3) beq     a3, s6, pc - 44
core   0: 3 0x80001c5c (0xfd668ae3)
core   0: 0x80001c60 (0x023bb9b3) mulhu   s3, s7, gp
core   0: 3 0x80001c60 (0x023bb9b3) x19 0x31a3daf6
core   0: 0x80001c64 (0x98347c37) lui     s8, 0x98347
core   0: 3 0x80001c64 (0x98347c37) x24 0x98347000
core   0: 0x80001c68 (0x039e1833) mulh    a6, t3, s9
core   0: 3 0x80001c68 (0x039e1833) x16 0xffffffff
core   0: 0x80001c6c (0xf89158e3) bge     sp, s1, pc - 112
core   0: 3 0x80001c6c (0xf89158e3)
core   0: 0x80001bfc (0x8a8baf93) slti    t6, s7, -1880
core   0: 3 0x80001bfc (0x8a8baf93) x31 0x00000000
core   0: 0x80001c00 (0xe6c67213) andi    tp, a2, -404
core   0: 3 0x80001c00 (0xe6c67213) x 4 0xfffffe6c
core   0: 0x80001c04 (0xff710113) addi    sp, sp, -9
core   0: 3 0x80001c04 (0xff710113) x 2 0xfffffff0
core   0: 0x80001c08 (0x9b5e3293) sltiu   t0, t3, -1611
core   0: 3 0x80001c08 (0x9b5e3293) x 5 0x00000001
core   0: 0x80001c0c (0x006b8eb3) add     t4, s7, t1
core   0: 3 0x80001c0c (0x006b8eb3) x29 0xffffffee
core   0: 0x80001c10 (0x021d9733) mulh    a4, s11, ra
core   0: 3 0x80001c10 (0x021d9733) x14 0x00000000
core   0: 0x80001c14 (0x2a998c13) addi    s8, s3, 681
core   0: 3 0x80001c14 (0x2a998c13) x24 0x31a3dd9f
core   0: 0x80001c18 (0x02a6f9b3) remu    s3, a3, a0
core   0: 3 0x80001c18 (0x02a6f9b3) x19 0x00000006
core   0: 0x80001c1c (0x00800693) li      a3, 8
core   0: 3 0x80001c1c (0x00800693) x13 0x00000008
core   0: 0x80001c20 (0x74759d97) auipc   s11, 0x74759
core   0: 3 0x80001c20 (0x74759d97) x27 0xf475ac20
core   0: 0x80001c24 (0x025d3e33) mulhu   t3, s10, t0
core   0: 3 0x80001c24 (0x025d3e33) x28 0x00000000
core   0: 0x80001c28 (0x0238be33) mulhu   t3, a7, gp
core   0: 3 0x80001c28 (0x0238be33) x28 0x00000000
core   0: 0x80001c2c (0x00700b13) li      s6, 7
core   0: 3 0x80001c2c (0x00700b13) x22 0x00000007
core   0: 0x80001c30 (0x022c9433) mulh    s0, s9, sp
core   0: 3 0x80001c30 (0x022c9433) x 8 0x00000005
core   0: 0x80001c34 (0x02461cb3) mulh    s9, a2, tp
core   0: 3 0x80001c34 (0x02461cb3) x25 0x00000000
core   0: 0x80001c38 (0xfff68693) addi    a3, a3, -1
core   0: 3 0x80001c38 (0xfff68693) x13 0x00000007
core   0: 0x80001c3c (0x0005ceb3) xor     t4, a1, zero
core   0: 3 0x80001c3c (0x0005ceb3) x29 0xfffffff8
core   0: 0x80001c40 (0x47ae3e13) sltiu   t3, t3, 1146
core   0: 3 0x80001c40 (0x47ae3e13) x28 0x00000001
core   0: 0x80001c44 (0x038f7433) remu    s0, t5, s8
core   0: 3 0x80001c44 (0x038f7433) x 8 0x00000000
core   0: 0x80001c48 (0x00000013) nop
core   0: 3 0x80001c48 (0x00000013)
core   0: 0x80001c4c (0x01020db3) add     s11, tp, a6
core   0: 3 0x80001c4c (0x01020db3) x27 0xfffffe6b
core   0: 0x80001c50 (0xad958cb7) lui     s9, 0xad958
core   0: 3 0x80001c50 (0xad958cb7) x25 0xad958000
core   0: 0x80001c54 (0x0140b3b3) sltu    t2, ra, s4
core   0: 3 0x80001c54 (0x0140b3b3) x 7 0x00000000
core   0: 0x80001c58 (0x006f9313) slli    t1, t6, 6
core   0: 3 0x80001c58 (0x006f9313) x 6 0x00000000
core   0: 0x80001c5c (0xfd668ae3) beq     a3, s6, pc - 44
core   0: 3 0x80001c5c (0xfd668ae3)
core   0: 0x80001c30 (0x022c9433) mulh    s0, s9, sp
core   0: 3 0x80001c30 (0x022c9433) x 8 0x00000005
core   0: 0x80001c34 (0x02461cb3) mulh    s9, a2, tp
core   0: 3 0x80001c34 (0x02461cb3) x25 0x00000000
core   0: 0x80001c38 (0xfff68693) addi    a3, a3, -1
core   0: 3 0x80001c38 (0xfff68693) x13 0x00000006
core   0: 0x80001c3c (0x0005ceb3) xor     t4, a1, zero
core   0: 3 0x80001c3c (0x0005ceb3) x29 0xfffffff8
core   0: 0x80001c40 (0x47ae3e13) sltiu   t3, t3, 1146
core   0: 3 0x80001c40 (0x47ae3e13) x28 0x00000001
core   0: 0x80001c44 (0x038f7433) remu    s0, t5, s8
core   0: 3 0x80001c44 (0x038f7433) x 8 0x00000000
core   0: 0x80001c48 (0x00000013) nop
core   0: 3 0x80001c48 (0x00000013)
core   0: 0x80001c4c (0x01020db3) add     s11, tp, a6
core   0: 3 0x80001c4c (0x01020db3) x27 0xfffffe6b
core   0: 0x80001c50 (0xad958cb7) lui     s9, 0xad958
core   0: 3 0x80001c50 (0xad958cb7) x25 0xad958000
core   0: 0x80001c54 (0x0140b3b3) sltu    t2, ra, s4
core   0: 3 0x80001c54 (0x0140b3b3) x 7 0x00000000
core   0: 0x80001c58 (0x006f9313) slli    t1, t6, 6
core   0: 3 0x80001c58 (0x006f9313) x 6 0x00000000
core   0: 0x80001c5c (0xfd668ae3) beq     a3, s6, pc - 44
core   0: 3 0x80001c5c (0xfd668ae3)
core   0: 0x80001c60 (0x023bb9b3) mulhu   s3, s7, gp
core   0: 3 0x80001c60 (0x023bb9b3) x19 0x31a3daf6
core   0: 0x80001c64 (0x98347c37) lui     s8, 0x98347
core   0: 3 0x80001c64 (0x98347c37) x24 0x98347000
core   0: 0x80001c68 (0x039e1833) mulh    a6, t3, s9
core   0: 3 0x80001c68 (0x039e1833) x16 0xffffffff
core   0: 0x80001c6c (0xf89158e3) bge     sp, s1, pc - 112
core   0: 3 0x80001c6c (0xf89158e3)
core   0: 0x80001c70 (0x00e6fbb3) and     s7, a3, a4
core   0: 3 0x80001c70 (0x00e6fbb3) x23 0x00000000
core   0: 0x80001c74 (0xff800e13) li      t3, -8
core   0: 3 0x80001c74 (0xff800e13) x28 0xfffffff8
core   0: 0x80001c78 (0xffe00d13) li      s10, -2
core   0: 3 0x80001c78 (0xffe00d13) x26 0xfffffffe
core   0: 0x80001c7c (0x00d53a33) sltu    s4, a0, a3
core   0: 3 0x80001c7c (0x00d53a33) x20 0x00000001
core   0: 0x80001c80 (0xef5afc13) andi    s8, s5, -267
core   0: 3 0x80001c80 (0xef5afc13) x24 0x80029ce4
core   0: 0x80001c84 (0x002e0e13) addi    t3, t3, 2
core   0: 3 0x80001c84 (0x002e0e13) x28 0xfffffffa
core   0: 0x80001c88 (0x03451eb3) mulh    t4, a0, s4
core   0: 3 0x80001c88 (0x03451eb3) x29 0x00000000
core   0: 0x80001c8c (0xff600513) li      a0, -10
core   0: 3 0x80001c8c (0xff600513) x10 0xfffffff6
core   0: 0x80001c90 (0x41500033) sub     zero, zero, s5
core   0: 3 0x80001c90 (0x41500033)
core   0: 0x80001c94 (0xffe00113) li      sp, -2
core   0: 3 0x80001c94 (0xffe00113) x 2 0xfffffffe
core   0: 0x80001c98 (0x00d5c6b3) xor     a3, a1, a3
core   0: 3 0x80001c98 (0x00d5c6b3) x13 0xfffffffe
core   0: 0x80001c9c (0x5adb2717) auipc   a4, 0x5adb2
core   0: 3 0x80001c9c (0x5adb2717) x14 0xdadb3c9c
core   0: 0x80001ca0 (0x00150513) addi    a0, a0, 1
core   0: 3 0x80001ca0 (0x00150513) x10 0xfffffff7
core   0: 0x80001ca4 (0xfe251ce3) bne     a0, sp, pc - 8
core   0: 3 0x80001ca4 (0xfe251ce3)
core   0: 0x80001c9c (0x5adb2717) auipc   a4, 0x5adb2
core   0: 3 0x80001c9c (0x5adb2717) x14 0xdadb3c9c
core   0: 0x80001ca0 (0x00150513) addi    a0, a0, 1
core   0: 3 0x80001ca0 (0x00150513) x10 0xfffffff8
core   0: 0x80001ca4 (0xfe251ce3) bne     a0, sp, pc - 8
core   0: 3 0x80001ca4 (0xfe251ce3)
core   0: 0x80001c9c (0x5adb2717) auipc   a4, 0x5adb2
core   0: 3 0x80001c9c (0x5adb2717) x14 0xdadb3c9c
core   0: 0x80001ca0 (0x00150513) addi    a0, a0, 1
core   0: 3 0x80001ca0 (0x00150513) x10 0xfffffff9
core   0: 0x80001ca4 (0xfe251ce3) bne     a0, sp, pc - 8
core   0: 3 0x80001ca4 (0xfe251ce3)
core   0: 0x80001c9c (0x5adb2717) auipc   a4, 0x5adb2
core   0: 3 0x80001c9c (0x5adb2717) x14 0xdadb3c9c
core   0: 0x80001ca0 (0x00150513) addi    a0, a0, 1
core   0: 3 0x80001ca0 (0x00150513) x10 0xfffffffa
core   0: 0x80001ca4 (0xfe251ce3) bne     a0, sp, pc - 8
core   0: 3 0x80001ca4 (0xfe251ce3)
core   0: 0x80001c9c (0x5adb2717) auipc   a4, 0x5adb2
core   0: 3 0x80001c9c (0x5adb2717) x14 0xdadb3c9c
core   0: 0x80001ca0 (0x00150513) addi    a0, a0, 1
core   0: 3 0x80001ca0 (0x00150513) x10 0xfffffffb
core   0: 0x80001ca4 (0xfe251ce3) bne     a0, sp, pc - 8
core   0: 3 0x80001ca4 (0xfe251ce3)
core   0: 0x80001c9c (0x5adb2717) auipc   a4, 0x5adb2
core   0: 3 0x80001c9c (0x5adb2717) x14 0xdadb3c9c
core   0: 0x80001ca0 (0x00150513) addi    a0, a0, 1
core   0: 3 0x80001ca0 (0x00150513) x10 0xfffffffc
core   0: 0x80001ca4 (0xfe251ce3) bne     a0, sp, pc - 8
core   0: 3 0x80001ca4 (0xfe251ce3)
core   0: 0x80001c9c (0x5adb2717) auipc   a4, 0x5adb2
core   0: 3 0x80001c9c (0x5adb2717) x14 0xdadb3c9c
core   0: 0x80001ca0 (0x00150513) addi    a0, a0, 1
core   0: 3 0x80001ca0 (0x00150513) x10 0xfffffffd
core   0: 0x80001ca4 (0xfe251ce3) bne     a0, sp, pc - 8
core   0: 3 0x80001ca4 (0xfe251ce3)
core   0: 0x80001c9c (0x5adb2717) auipc   a4, 0x5adb2
core   0: 3 0x80001c9c (0x5adb2717) x14 0xdadb3c9c
core   0: 0x80001ca0 (0x00150513) addi    a0, a0, 1
core   0: 3 0x80001ca0 (0x00150513) x10 0xfffffffe
core   0: 0x80001ca4 (0xfe251ce3) bne     a0, sp, pc - 8
core   0: 3 0x80001ca4 (0xfe251ce3)
core   0: 0x80001ca8 (0xe9c98193) addi    gp, s3, -356
core   0: 3 0x80001ca8 (0xe9c98193) x 3 0x31a3d992
core   0: 0x80001cac (0xfdae1ae3) bne     t3, s10, pc - 44
core   0: 3 0x80001cac (0xfdae1ae3)
core   0: 0x80001c80 (0xef5afc13) andi    s8, s5, -267
core   0: 3 0x80001c80 (0xef5afc13) x24 0x80029ce4
core   0: 0x80001c84 (0x002e0e13) addi    t3, t3, 2
core   0: 3 0x80001c84 (0x002e0e13) x28 0xfffffffc
core   0: 0x80001c88 (0x03451eb3) mulh    t4, a0, s4
core   0: 3 0x80001c88 (0x03451eb3) x29 0xffffffff
core   0: 0x80001c8c (0xff600513) li      a0, -10
core   0: 3 0x80001c8c (0xff600513) x10 0xfffffff6
core   0: 0x80001c90 (0x41500033) sub     zero, zero, s5
core   0: 3 0x80001c90 (0x41500033)
core   0: 0x80001c94 (0xffe00113) li      sp, -2
core   0: 3 0x80001c94 (0xffe00113) x 2 0xfffffffe
core   0: 0x80001c98 (0x00d5c6b3) xor     a3, a1, a3
core   0: 3 0x80001c98 (0x00d5c6b3) x13 0x00000006
core   0: 0x80001c9c (0x5adb2717) auipc   a4, 0x5adb2
core   0: 3 0x80001c9c (0x5adb2717) x14 0xdadb3c9c
core   0: 0x80001ca0 (0x00150513) addi    a0, a0, 1
core   0: 3 0x80001ca0 (0x00150513) x10 0xfffffff7
core   0: 0x80001ca4 (0xfe251ce3) bne     a0, sp, pc - 8
core   0: 3 0x80001ca4 (0xfe251ce3)
core   0: 0x80001c9c (0x5adb2717) auipc   a4, 0x5adb2
core   0: 3 0x80001c9c (0x5adb2717) x14 0xdadb3c9c
core   0: 0x80001ca0 (0x00150513) addi    a0, a0, 1
core   0: 3 0x80001ca0 (0x00150513) x10 0xfffffff8
core   0: 0x80001ca4 (0xfe251ce3) bne     a0, sp, pc - 8
core   0: 3 0x80001ca4 (0xfe251ce3)
core   0: 0x80001c9c (0x5adb2717) auipc   a4, 0x5adb2
core   0: 3 0x80001c9c (0x5adb2717) x14 0xdadb3c9c
core   0: 0x80001ca0 (0x00150513) addi    a0, a0, 1
core   0: 3 0x80001ca0 (0x00150513) x10 0xfffffff9
core   0: 0x80001ca4 (0xfe251ce3) bne     a0, sp, pc - 8
core   0: 3 0x80001ca4 (0xfe251ce3)
core   0: 0x80001c9c (0x5adb2717) auipc   a4, 0x5adb2
core   0: 3 0x80001c9c (0x5adb2717) x14 0xdadb3c9c
core   0: 0x80001ca0 (0x00150513) addi    a0, a0, 1
core   0: 3 0x80001ca0 (0x00150513) x10 0xfffffffa
core   0: 0x80001ca4 (0xfe251ce3) bne     a0, sp, pc - 8
core   0: 3 0x80001ca4 (0xfe251ce3)
core   0: 0x80001c9c (0x5adb2717) auipc   a4, 0x5adb2
core   0: 3 0x80001c9c (0x5adb2717) x14 0xdadb3c9c
core   0: 0x80001ca0 (0x00150513) addi    a0, a0, 1
core   0: 3 0x80001ca0 (0x00150513) x10 0xfffffffb
core   0: 0x80001ca4 (0xfe251ce3) bne     a0, sp, pc - 8
core   0: 3 0x80001ca4 (0xfe251ce3)
core   0: 0x80001c9c (0x5adb2717) auipc   a4, 0x5adb2
core   0: 3 0x80001c9c (0x5adb2717) x14 0xdadb3c9c
core   0: 0x80001ca0 (0x00150513) addi    a0, a0, 1
core   0: 3 0x80001ca0 (0x00150513) x10 0xfffffffc
core   0: 0x80001ca4 (0xfe251ce3) bne     a0, sp, pc - 8
core   0: 3 0x80001ca4 (0xfe251ce3)
core   0: 0x80001c9c (0x5adb2717) auipc   a4, 0x5adb2
core   0: 3 0x80001c9c (0x5adb2717) x14 0xdadb3c9c
core   0: 0x80001ca0 (0x00150513) addi    a0, a0, 1
core   0: 3 0x80001ca0 (0x00150513) x10 0xfffffffd
core   0: 0x80001ca4 (0xfe251ce3) bne     a0, sp, pc - 8
core   0: 3 0x80001ca4 (0xfe251ce3)
core   0: 0x80001c9c (0x5adb2717) auipc   a4, 0x5adb2
core   0: 3 0x80001c9c (0x5adb2717) x14 0xdadb3c9c
core   0: 0x80001ca0 (0x00150513) addi    a0, a0, 1
core   0: 3 0x80001ca0 (0x00150513) x10 0xfffffffe
core   0: 0x80001ca4 (0xfe251ce3) bne     a0, sp, pc - 8
core   0: 3 0x80001ca4 (0xfe251ce3)
core   0: 0x80001ca8 (0xe9c98193) addi    gp, s3, -356
core   0: 3 0x80001ca8 (0xe9c98193) x 3 0x31a3d992
core   0: 0x80001cac (0xfdae1ae3) bne     t3, s10, pc - 44
core   0: 3 0x80001cac (0xfdae1ae3)
core   0: 0x80001c80 (0xef5afc13) andi    s8, s5, -267
core   0: 3 0x80001c80 (0xef5afc13) x24 0x80029ce4
core   0: 0x80001c84 (0x002e0e13) addi    t3, t3, 2
core   0: 3 0x80001c84 (0x002e0e13) x28 0xfffffffe
core   0: 0x80001c88 (0x03451eb3) mulh    t4, a0, s4
core   0: 3 0x80001c88 (0x03451eb3) x29 0xffffffff
core   0: 0x80001c8c (0xff600513) li      a0, -10
core   0: 3 0x80001c8c (0xff600513) x10 0xfffffff6
core   0: 0x80001c90 (0x41500033) sub     zero, zero, s5
core   0: 3 0x80001c90 (0x41500033)
core   0: 0x80001c94 (0xffe00113) li      sp, -2
core   0: 3 0x80001c94 (0xffe00113) x 2 0xfffffffe
core   0: 0x80001c98 (0x00d5c6b3) xor     a3, a1, a3
core   0: 3 0x80001c98 (0x00d5c6b3) x13 0xfffffffe
core   0: 0x80001c9c (0x5adb2717) auipc   a4, 0x5adb2
core   0: 3 0x80001c9c (0x5adb2717) x14 0xdadb3c9c
core   0: 0x80001ca0 (0x00150513) addi    a0, a0, 1
core   0: 3 0x80001ca0 (0x00150513) x10 0xfffffff7
core   0: 0x80001ca4 (0xfe251ce3) bne     a0, sp, pc - 8
core   0: 3 0x80001ca4 (0xfe251ce3)
core   0: 0x80001c9c (0x5adb2717) auipc   a4, 0x5adb2
core   0: 3 0x80001c9c (0x5adb2717) x14 0xdadb3c9c
core   0: 0x80001ca0 (0x00150513) addi    a0, a0, 1
core   0: 3 0x80001ca0 (0x00150513) x10 0xfffffff8
core   0: 0x80001ca4 (0xfe251ce3) bne     a0, sp, pc - 8
core   0: 3 0x80001ca4 (0xfe251ce3)
core   0: 0x80001c9c (0x5adb2717) auipc   a4, 0x5adb2
core   0: 3 0x80001c9c (0x5adb2717) x14 0xdadb3c9c
core   0: 0x80001ca0 (0x00150513) addi    a0, a0, 1
core   0: 3 0x80001ca0 (0x00150513) x10 0xfffffff9
core   0: 0x80001ca4 (0xfe251ce3) bne     a0, sp, pc - 8
core   0: 3 0x80001ca4 (0xfe251ce3)
core   0: 0x80001c9c (0x5adb2717) auipc   a4, 0x5adb2
core   0: 3 0x80001c9c (0x5adb2717) x14 0xdadb3c9c
core   0: 0x80001ca0 (0x00150513) addi    a0, a0, 1
core   0: 3 0x80001ca0 (0x00150513) x10 0xfffffffa
core   0: 0x80001ca4 (0xfe251ce3) bne     a0, sp, pc - 8
core   0: 3 0x80001ca4 (0xfe251ce3)
core   0: 0x80001c9c (0x5adb2717) auipc   a4, 0x5adb2
core   0: 3 0x80001c9c (0x5adb2717) x14 0xdadb3c9c
core   0: 0x80001ca0 (0x00150513) addi    a0, a0, 1
core   0: 3 0x80001ca0 (0x00150513) x10 0xfffffffb
core   0: 0x80001ca4 (0xfe251ce3) bne     a0, sp, pc - 8
core   0: 3 0x80001ca4 (0xfe251ce3)
core   0: 0x80001c9c (0x5adb2717) auipc   a4, 0x5adb2
core   0: 3 0x80001c9c (0x5adb2717) x14 0xdadb3c9c
core   0: 0x80001ca0 (0x00150513) addi    a0, a0, 1
core   0: 3 0x80001ca0 (0x00150513) x10 0xfffffffc
core   0: 0x80001ca4 (0xfe251ce3) bne     a0, sp, pc - 8
core   0: 3 0x80001ca4 (0xfe251ce3)
core   0: 0x80001c9c (0x5adb2717) auipc   a4, 0x5adb2
core   0: 3 0x80001c9c (0x5adb2717) x14 0xdadb3c9c
core   0: 0x80001ca0 (0x00150513) addi    a0, a0, 1
core   0: 3 0x80001ca0 (0x00150513) x10 0xfffffffd
core   0: 0x80001ca4 (0xfe251ce3) bne     a0, sp, pc - 8
core   0: 3 0x80001ca4 (0xfe251ce3)
core   0: 0x80001c9c (0x5adb2717) auipc   a4, 0x5adb2
core   0: 3 0x80001c9c (0x5adb2717) x14 0xdadb3c9c
core   0: 0x80001ca0 (0x00150513) addi    a0, a0, 1
core   0: 3 0x80001ca0 (0x00150513) x10 0xfffffffe
core   0: 0x80001ca4 (0xfe251ce3) bne     a0, sp, pc - 8
core   0: 3 0x80001ca4 (0xfe251ce3)
core   0: 0x80001ca8 (0xe9c98193) addi    gp, s3, -356
core   0: 3 0x80001ca8 (0xe9c98193) x 3 0x31a3d992
core   0: 0x80001cac (0xfdae1ae3) bne     t3, s10, pc - 44
core   0: 3 0x80001cac (0xfdae1ae3)
core   0: 0x80001cb0 (0x03d16fb3) rem     t6, sp, t4
core   0: 3 0x80001cb0 (0x03d16fb3) x31 0x00000000
core   0: 0x80001cb4 (0x00700413) li      s0, 7
core   0: 3 0x80001cb4 (0x00700413) x 8 0x00000007
core   0: 0x80001cb8 (0x000a4233) xor     tp, s4, zero
core   0: 3 0x80001cb8 (0x000a4233) x 4 0x00000001
core   0: 0x80001cbc (0x00300a13) li      s4, 3
core   0: 3 0x80001cbc (0x00300a13) x20 0x00000003
core   0: 0x80001cc0 (0x0055f233) and     tp, a1, t0
core   0: 3 0x80001cc0 (0x0055f233) x 4 0x00000000
core   0: 0x80001cc4 (0x021ef933) remu    s2, t4, ra
core   0: 3 0x80001cc4 (0x021ef933) x18 0xffffffff
core   0: 0x80001cc8 (0x00a07d33) and     s10, zero, a0
core   0: 3 0x80001cc8 (0x00a07d33) x26 0x00000000
core   0: 0x80001ccc (0x02f621b3) mulhsu  gp, a2, a5
core   0: 3 0x80001ccc (0x02f621b3) x 3 0xfffffff7
core   0: 0x80001cd0 (0x00cca2b3) slt     t0, s9, a2
core   0: 3 0x80001cd0 (0x00cca2b3) x 5 0x00000001
core   0: 0x80001cd4 (0x00a201b3) add     gp, tp, a0
core   0: 3 0x80001cd4 (0x00a201b3) x 3 0xfffffffe
core   0: 0x80001cd8 (0xffe40413) addi    s0, s0, -2
core   0: 3 0x80001cd8 (0xffe40413) x 8 0x00000005
core   0: 0x80001cdc (0x0343e833) rem     a6, t2, s4
core   0: 3 0x80001cdc (0x0343e833) x16 0x00000000
core   0: 0x80001ce0 (0x01db0733) add     a4, s6, t4
core   0: 3 0x80001ce0 (0x01db0733) x14 0x00000006
core   0: 0x80001ce4 (0x00500693) li      a3, 5
core   0: 3 0x80001ce4 (0x00500693) x13 0x00000005
core   0: 0x80001ce8 (0x01100613) li      a2, 17
core   0: 3 0x80001ce8 (0x01100613) x12 0x00000011
core   0: 0x80001cec (0x029090b3) mulh    ra, ra, s1
core   0: 3 0x80001cec (0x029090b3) x 1 0x00000000
core   0: 0x80001cf0 (0x40fa58b3) sra     a7, s4, a5
core   0: 3 0x80001cf0 (0x40fa58b3) x17 0x00000000
core   0: 0x80001cf4 (0x03bacd33) div     s10, s5, s11
core   0: 3 0x80001cf4 (0x03bacd33) x26 0x0050e6f5
core   0: 0x80001cf8 (0x0169bcb3) sltu    s9, s3, s6
core   0: 3 0x80001cf8 (0x0169bcb3) x25 0x00000000
core   0: 0x80001cfc (0x01aa94b3) sll     s1, s5, s10
core   0: 3 0x80001cfc (0x01aa94b3) x 9 0x9c800000
core   0: 0x80001d00 (0x00468693) addi    a3, a3, 4
core   0: 3 0x80001d00 (0x00468693) x13 0x00000009
core   0: 0x80001d04 (0xfec6e8e3) bltu    a3, a2, pc - 16
core   0: 3 0x80001d04 (0xfec6e8e3)
core   0: 0x80001cf4 (0x03bacd33) div     s10, s5, s11
core   0: 3 0x80001cf4 (0x03bacd33) x26 0x0050e6f5
core   0: 0x80001cf8 (0x0169bcb3) sltu    s9, s3, s6
core   0: 3 0x80001cf8 (0x0169bcb3) x25 0x00000000
core   0: 0x80001cfc (0x01aa94b3) sll     s1, s5, s10
core   0: 3 0x80001cfc (0x01aa94b3) x 9 0x9c800000
core   0: 0x80001d00 (0x00468693) addi    a3, a3, 4
core   0: 3 0x80001d00 (0x00468693) x13 0x0000000d
core   0: 0x80001d04 (0xfec6e8e3) bltu    a3, a2, pc - 16
core   0: 3 0x80001d04 (0xfec6e8e3)
core   0: 0x80001cf4 (0x03bacd33) div     s10, s5, s11
core   0: 3 0x80001cf4 (0x03bacd33) x26 0x0050e6f5
core   0: 0x80001cf8 (0x0169bcb3) sltu    s9, s3, s6
core   0: 3 0x80001cf8 (0x0169bcb3) x25 0x00000000
core   0: 0x80001cfc (0x01aa94b3) sll     s1, s5, s10
core   0: 3 0x80001cfc (0x01aa94b3) x 9 0x9c800000
core   0: 0x80001d00 (0x00468693) addi    a3, a3, 4
core   0: 3 0x80001d00 (0x00468693) x13 0x00000011
core   0: 0x80001d04 (0xfec6e8e3) bltu    a3, a2, pc - 16
core   0: 3 0x80001d04 (0xfec6e8e3)
core   0: 0x80001d08 (0x00000013) nop
core   0: 3 0x80001d08 (0x00000013)
core   0: 0x80001d0c (0x00578333) add     t1, a5, t0
core   0: 3 0x80001d0c (0x00578333) x 6 0x80025e65
core   0: 0x80001d10 (0x00ba7cb3) and     s9, s4, a1
core   0: 3 0x80001d10 (0x00ba7cb3) x25 0x00000000
core   0: 0x80001d14 (0x6bed7e17) auipc   t3, 0x6bed7
core   0: 3 0x80001d14 (0x6bed7e17) x28 0xebed8d14
core   0: 0x80001d18 (0x03978b33) mul     s6, a5, s9
core   0: 3 0x80001d18 (0x03978b33) x22 0x00000000
core   0: 0x80001d1c (0xfb447ce3) bgeu    s0, s4, pc - 72
core   0: 3 0x80001d1c (0xfb447ce3)
core   0: 0x80001cd4 (0x00a201b3) add     gp, tp, a0
core   0: 3 0x80001cd4 (0x00a201b3) x 3 0xfffffffe
core   0: 0x80001cd8 (0xffe40413) addi    s0, s0, -2
core   0: 3 0x80001cd8 (0xffe40413) x 8 0x00000003
core   0: 0x80001cdc (0x0343e833) rem     a6, t2, s4
core   0: 3 0x80001cdc (0x0343e833) x16 0x00000000
core   0: 0x80001ce0 (0x01db0733) add     a4, s6, t4
core   0: 3 0x80001ce0 (0x01db0733) x14 0xffffffff
core   0: 0x80001ce4 (0x00500693) li      a3, 5
core   0: 3 0x80001ce4 (0x00500693) x13 0x00000005
core   0: 0x80001ce8 (0x01100613) li      a2, 17
core   0: 3 0x80001ce8 (0x01100613) x12 0x00000011
core   0: 0x80001cec (0x029090b3) mulh    ra, ra, s1
core   0: 3 0x80001cec (0x029090b3) x 1 0x00000000
core   0: 0x80001cf0 (0x40fa58b3) sra     a7, s4, a5
core   0: 3 0x80001cf0 (0x40fa58b3) x17 0x00000000
core   0: 0x80001cf4 (0x03bacd33) div     s10, s5, s11
core   0: 3 0x80001cf4 (0x03bacd33) x26 0x0050e6f5
core   0: 0x80001cf8 (0x0169bcb3) sltu    s9, s3, s6
core   0: 3 0x80001cf8 (0x0169bcb3) x25 0x00000000
core   0: 0x80001cfc (0x01aa94b3) sll     s1, s5, s10
core   0: 3 0x80001cfc (0x01aa94b3) x 9 0x9c800000
core   0: 0x80001d00 (0x00468693) addi    a3, a3, 4
core   0: 3 0x80001d00 (0x00468693) x13 0x00000009
core   0: 0x80001d04 (0xfec6e8e3) bltu    a3, a2, pc - 16
core   0: 3 0x80001d04 (0xfec6e8e3)
core   0: 0x80001cf4 (0x03bacd33) div     s10, s5, s11
core   0: 3 0x80001cf4 (0x03bacd33) x26 0x0050e6f5
core   0: 0x80001cf8 (0x0169bcb3) sltu    s9, s3, s6
core   0: 3 0x80001cf8 (0x0169bcb3) x25 0x00000000
core   0: 0x80001cfc (0x01aa94b3) sll     s1, s5, s10
core   0: 3 0x80001cfc (0x01aa94b3) x 9 0x9c800000
core   0: 0x80001d00 (0x00468693) addi    a3, a3, 4
core   0: 3 0x80001d00 (0x00468693) x13 0x0000000d
core   0: 0x80001d04 (0xfec6e8e3) bltu    a3, a2, pc - 16
core   0: 3 0x80001d04 (0xfec6e8e3)
core   0: 0x80001cf4 (0x03bacd33) div     s10, s5, s11
core   0: 3 0x80001cf4 (0x03bacd33) x26 0x0050e6f5
core   0: 0x80001cf8 (0x0169bcb3) sltu    s9, s3, s6
core   0: 3 0x80001cf8 (0x0169bcb3) x25 0x00000000
core   0: 0x80001cfc (0x01aa94b3) sll     s1, s5, s10
core   0: 3 0x80001cfc (0x01aa94b3) x 9 0x9c800000
core   0: 0x80001d00 (0x00468693) addi    a3, a3, 4
core   0: 3 0x80001d00 (0x00468693) x13 0x00000011
core   0: 0x80001d04 (0xfec6e8e3) bltu    a3, a2, pc - 16
core   0: 3 0x80001d04 (0xfec6e8e3)
core   0: 0x80001d08 (0x00000013) nop
core   0: 3 0x80001d08 (0x00000013)
core   0: 0x80001d0c (0x00578333) add     t1, a5, t0
core   0: 3 0x80001d0c (0x00578333) x 6 0x80025e65
core   0: 0x80001d10 (0x00ba7cb3) and     s9, s4, a1
core   0: 3 0x80001d10 (0x00ba7cb3) x25 0x00000000
core   0: 0x80001d14 (0x6bed7e17) auipc   t3, 0x6bed7
core   0: 3 0x80001d14 (0x6bed7e17) x28 0xebed8d14
core   0: 0x80001d18 (0x03978b33) mul     s6, a5, s9
core   0: 3 0x80001d18 (0x03978b33) x22 0x00000000
core   0: 0x80001d1c (0xfb447ce3) bgeu    s0, s4, pc - 72
core   0: 3 0x80001d1c (0xfb447ce3)
core   0: 0x80001cd4 (0x00a201b3) add     gp, tp, a0
core   0: 3 0x80001cd4 (0x00a201b3) x 3 0xfffffffe
core   0: 0x80001cd8 (0xffe40413) addi    s0, s0, -2
core   0: 3 0x80001cd8 (0xffe40413) x 8 0x00000001
core   0: 0x80001cdc (0x0343e833) rem     a6, t2, s4
core   0: 3 0x80001cdc (0x0343e833) x16 0x00000000
core   0: 0x80001ce0 (0x01db0733) add     a4, s6, t4
core   0: 3 0x80001ce0 (0x01db0733) x14 0xffffffff
core   0: 0x80001ce4 (0x00500693) li      a3, 5
core   0: 3 0x80001ce4 (0x00500693) x13 0x00000005
core   0: 0x80001ce8 (0x01100613) li      a2, 17
core   0: 3 0x80001ce8 (0x01100613) x12 0x00000011
core   0: 0x80001cec (0x029090b3) mulh    ra, ra, s1
core   0: 3 0x80001cec (0x029090b3) x 1 0x00000000
core   0: 0x80001cf0 (0x40fa58b3) sra     a7, s4, a5
core   0: 3 0x80001cf0 (0x40fa58b3) x17 0x00000000
core   0: 0x80001cf4 (0x03bacd33) div     s10, s5, s11
core   0: 3 0x80001cf4 (0x03bacd33) x26 0x0050e6f5
core   0: 0x80001cf8 (0x0169bcb3) sltu    s9, s3, s6
core   0: 3 0x80001cf8 (0x0169bcb3) x25 0x00000000
core   0: 0x80001cfc (0x01aa94b3) sll     s1, s5, s10
core   0: 3 0x80001cfc (0x01aa94b3) x 9 0x9c800000
core   0: 0x80001d00 (0x00468693) addi    a3, a3, 4
core   0: 3 0x80001d00 (0x00468693) x13 0x00000009
core   0: 0x80001d04 (0xfec6e8e3) bltu    a3, a2, pc - 16
core   0: 3 0x80001d04 (0xfec6e8e3)
core   0: 0x80001cf4 (0x03bacd33) div     s10, s5, s11
core   0: 3 0x80001cf4 (0x03bacd33) x26 0x0050e6f5
core   0: 0x80001cf8 (0x0169bcb3) sltu    s9, s3, s6
core   0: 3 0x80001cf8 (0x0169bcb3) x25 0x00000000
core   0: 0x80001cfc (0x01aa94b3) sll     s1, s5, s10
core   0: 3 0x80001cfc (0x01aa94b3) x 9 0x9c800000
core   0: 0x80001d00 (0x00468693) addi    a3, a3, 4
core   0: 3 0x80001d00 (0x00468693) x13 0x0000000d
core   0: 0x80001d04 (0xfec6e8e3) bltu    a3, a2, pc - 16
core   0: 3 0x80001d04 (0xfec6e8e3)
core   0: 0x80001cf4 (0x03bacd33) div     s10, s5, s11
core   0: 3 0x80001cf4 (0x03bacd33) x26 0x0050e6f5
core   0: 0x80001cf8 (0x0169bcb3) sltu    s9, s3, s6
core   0: 3 0x80001cf8 (0x0169bcb3) x25 0x00000000
core   0: 0x80001cfc (0x01aa94b3) sll     s1, s5, s10
core   0: 3 0x80001cfc (0x01aa94b3) x 9 0x9c800000
core   0: 0x80001d00 (0x00468693) addi    a3, a3, 4
core   0: 3 0x80001d00 (0x00468693) x13 0x00000011
core   0: 0x80001d04 (0xfec6e8e3) bltu    a3, a2, pc - 16
core   0: 3 0x80001d04 (0xfec6e8e3)
core   0: 0x80001d08 (0x00000013) nop
core   0: 3 0x80001d08 (0x00000013)
core   0: 0x80001d0c (0x00578333) add     t1, a5, t0
core   0: 3 0x80001d0c (0x00578333) x 6 0x80025e65
core   0: 0x80001d10 (0x00ba7cb3) and     s9, s4, a1
core   0: 3 0x80001d10 (0x00ba7cb3) x25 0x00000000
core   0: 0x80001d14 (0x6bed7e17) auipc   t3, 0x6bed7
core   0: 3 0x80001d14 (0x6bed7e17) x28 0xebed8d14
core   0: 0x80001d18 (0x03978b33) mul     s6, a5, s9
core   0: 3 0x80001d18 (0x03978b33) x22 0x00000000
core   0: 0x80001d1c (0xfb447ce3) bgeu    s0, s4, pc - 72
core   0: 3 0x80001d1c (0xfb447ce3)
core   0: 0x80001d20 (0x03dd18b3) mulh    a7, s10, t4
core   0: 3 0x80001d20 (0x03dd18b3) x17 0xffffffff
core   0: 0x80001d24 (0xff800613) li      a2, -8
core   0: 3 0x80001d24 (0xff800613) x12 0xfffffff8
core   0: 0x80001d28 (0xffd00a13) li      s4, -3
core   0: 3 0x80001d28 (0xffd00a13) x20 0xfffffffd
core   0: 0x80001d2c (0x02ad2db3) mulhsu  s11, s10, a0
core   0: 3 0x80001d2c (0x02ad2db3) x27 0x0050e6f4
core   0: 0x80001d30 (0x54728313) addi    t1, t0, 1351
core   0: 3 0x80001d30 (0x54728313) x 6 0x00000548
core   0: 0x80001d34 (0x002d3333) sltu    t1, s10, sp
core   0: 3 0x80001d34 (0x002d3333) x 6 0x00000001
core   0: 0x80001d38 (0x00160613) addi    a2, a2, 1
core   0: 3 0x80001d38 (0x00160613) x12 0xfffffff9
core   0: 0x80001d3c (0x03565333) divu    t1, a2, s5
core   0: 3 0x80001d3c (0x03565333) x 6 0x00000001
core   0: 0x80001d40 (0xff4648e3) blt     a2, s4, pc - 16
core   0: 3 0x80001d40 (0xff4648e3)
core   0: 0x80001d30 (0x54728313) addi    t1, t0, 1351
core   0: 3 0x80001d30 (0x54728313) x 6 0x00000548
core   0: 0x80001d34 (0x002d3333) sltu    t1, s10, sp
core   0: 3 0x80001d34 (0x002d3333) x 6 0x00000001
core   0: 0x80001d38 (0x00160613) addi    a2, a2, 1
core   0: 3 0x80001d38 (0x00160613) x12 0xfffffffa
core   0: 0x80001d3c (0x03565333) divu    t1, a2, s5
core   0: 3 0x80001d3c (0x03565333) x 6 0x00000001
core   0: 0x80001d40 (0xff4648e3) blt     a2, s4, pc - 16
core   0: 3 0x80001d40 (0xff4648e3)
core   0: 0x80001d30 (0x54728313) addi    t1, t0, 1351
core   0: 3 0x80001d30 (0x54728313) x 6 0x00000548
core   0: 0x80001d34 (0x002d3333) sltu    t1, s10, sp
core   0: 3 0x80001d34 (0x002d3333) x 6 0x00000001
core   0: 0x80001d38 (0x00160613) addi    a2, a2, 1
core   0: 3 0x80001d38 (0x00160613) x12 0xfffffffb
core   0: 0x80001d3c (0x03565333) divu    t1, a2, s5
core   0: 3 0x80001d3c (0x03565333) x 6 0x00000001
core   0: 0x80001d40 (0xff4648e3) blt     a2, s4, pc - 16
core   0: 3 0x80001d40 (0xff4648e3)
core   0: 0x80001d30 (0x54728313) addi    t1, t0, 1351
core   0: 3 0x80001d30 (0x54728313) x 6 0x00000548
core   0: 0x80001d34 (0x002d3333) sltu    t1, s10, sp
core   0: 3 0x80001d34 (0x002d3333) x 6 0x00000001
core   0: 0x80001d38 (0x00160613) addi    a2, a2, 1
core   0: 3 0x80001d38 (0x00160613) x12 0xfffffffc
core   0: 0x80001d3c (0x03565333) divu    t1, a2, s5
core   0: 3 0x80001d3c (0x03565333) x 6 0x00000001
core   0: 0x80001d40 (0xff4648e3) blt     a2, s4, pc - 16
core   0: 3 0x80001d40 (0xff4648e3)
core   0: 0x80001d30 (0x54728313) addi    t1, t0, 1351
core   0: 3 0x80001d30 (0x54728313) x 6 0x00000548
core   0: 0x80001d34 (0x002d3333) sltu    t1, s10, sp
core   0: 3 0x80001d34 (0x002d3333) x 6 0x00000001
core   0: 0x80001d38 (0x00160613) addi    a2, a2, 1
core   0: 3 0x80001d38 (0x00160613) x12 0xfffffffd
core   0: 0x80001d3c (0x03565333) divu    t1, a2, s5
core   0: 3 0x80001d3c (0x03565333) x 6 0x00000001
core   0: 0x80001d40 (0xff4648e3) blt     a2, s4, pc - 16
core   0: 3 0x80001d40 (0xff4648e3)
core   0: 0x80001d44 (0x0080b8b3) sltu    a7, ra, s0
core   0: 3 0x80001d44 (0x0080b8b3) x17 0x00000001
core   0: 0x80001d48 (0x00200593) li      a1, 2
core   0: 3 0x80001d48 (0x00200593) x11 0x00000002
core   0: 0x80001d4c (0x01100c13) li      s8, 17
core   0: 3 0x80001d4c (0x01100c13) x24 0x00000011
core   0: 0x80001d50 (0x028ae8b3) rem     a7, s5, s0
core   0: 3 0x80001d50 (0x028ae8b3) x17 0x00000000
core   0: 0x80001d54 (0x00158593) addi    a1, a1, 1
core   0: 3 0x80001d54 (0x00158593) x11 0x00000003
core   0: 0x80001d58 (0xff859ce3) bne     a1, s8, pc - 8
core   0: 3 0x80001d58 (0xff859ce3)
core   0: 0x80001d50 (0x028ae8b3) rem     a7, s5, s0
core   0: 3 0x80001d50 (0x028ae8b3) x17 0x00000000
core   0: 0x80001d54 (0x00158593) addi    a1, a1, 1
core   0: 3 0x80001d54 (0x00158593) x11 0x00000004
core   0: 0x80001d58 (0xff859ce3) bne     a1, s8, pc - 8
core   0: 3 0x80001d58 (0xff859ce3)
core   0: 0x80001d50 (0x028ae8b3) rem     a7, s5, s0
core   0: 3 0x80001d50 (0x028ae8b3) x17 0x00000000
core   0: 0x80001d54 (0x00158593) addi    a1, a1, 1
core   0: 3 0x80001d54 (0x00158593) x11 0x00000005
core   0: 0x80001d58 (0xff859ce3) bne     a1, s8, pc - 8
core   0: 3 0x80001d58 (0xff859ce3)
core   0: 0x80001d50 (0x028ae8b3) rem     a7, s5, s0
core   0: 3 0x80001d50 (0x028ae8b3) x17 0x00000000
core   0: 0x80001d54 (0x00158593) addi    a1, a1, 1
core   0: 3 0x80001d54 (0x00158593) x11 0x00000006
core   0: 0x80001d58 (0xff859ce3) bne     a1, s8, pc - 8
core   0: 3 0x80001d58 (0xff859ce3)
core   0: 0x80001d50 (0x028ae8b3) rem     a7, s5, s0
core   0: 3 0x80001d50 (0x028ae8b3) x17 0x00000000
core   0: 0x80001d54 (0x00158593) addi    a1, a1, 1
core   0: 3 0x80001d54 (0x00158593) x11 0x00000007
core   0: 0x80001d58 (0xff859ce3) bne     a1, s8, pc - 8
core   0: 3 0x80001d58 (0xff859ce3)
core   0: 0x80001d50 (0x028ae8b3) rem     a7, s5, s0
core   0: 3 0x80001d50 (0x028ae8b3) x17 0x00000000
core   0: 0x80001d54 (0x00158593) addi    a1, a1, 1
core   0: 3 0x80001d54 (0x00158593) x11 0x00000008
core   0: 0x80001d58 (0xff859ce3) bne     a1, s8, pc - 8
core   0: 3 0x80001d58 (0xff859ce3)
core   0: 0x80001d50 (0x028ae8b3) rem     a7, s5, s0
core   0: 3 0x80001d50 (0x028ae8b3) x17 0x00000000
core   0: 0x80001d54 (0x00158593) addi    a1, a1, 1
core   0: 3 0x80001d54 (0x00158593) x11 0x00000009
core   0: 0x80001d58 (0xff859ce3) bne     a1, s8, pc - 8
core   0: 3 0x80001d58 (0xff859ce3)
core   0: 0x80001d50 (0x028ae8b3) rem     a7, s5, s0
core   0: 3 0x80001d50 (0x028ae8b3) x17 0x00000000
core   0: 0x80001d54 (0x00158593) addi    a1, a1, 1
core   0: 3 0x80001d54 (0x00158593) x11 0x0000000a
core   0: 0x80001d58 (0xff859ce3) bne     a1, s8, pc - 8
core   0: 3 0x80001d58 (0xff859ce3)
core   0: 0x80001d50 (0x028ae8b3) rem     a7, s5, s0
core   0: 3 0x80001d50 (0x028ae8b3) x17 0x00000000
core   0: 0x80001d54 (0x00158593) addi    a1, a1, 1
core   0: 3 0x80001d54 (0x00158593) x11 0x0000000b
core   0: 0x80001d58 (0xff859ce3) bne     a1, s8, pc - 8
core   0: 3 0x80001d58 (0xff859ce3)
core   0: 0x80001d50 (0x028ae8b3) rem     a7, s5, s0
core   0: 3 0x80001d50 (0x028ae8b3) x17 0x00000000
core   0: 0x80001d54 (0x00158593) addi    a1, a1, 1
core   0: 3 0x80001d54 (0x00158593) x11 0x0000000c
core   0: 0x80001d58 (0xff859ce3) bne     a1, s8, pc - 8
core   0: 3 0x80001d58 (0xff859ce3)
core   0: 0x80001d50 (0x028ae8b3) rem     a7, s5, s0
core   0: 3 0x80001d50 (0x028ae8b3) x17 0x00000000
core   0: 0x80001d54 (0x00158593) addi    a1, a1, 1
core   0: 3 0x80001d54 (0x00158593) x11 0x0000000d
core   0: 0x80001d58 (0xff859ce3) bne     a1, s8, pc - 8
core   0: 3 0x80001d58 (0xff859ce3)
core   0: 0x80001d50 (0x028ae8b3) rem     a7, s5, s0
core   0: 3 0x80001d50 (0x028ae8b3) x17 0x00000000
core   0: 0x80001d54 (0x00158593) addi    a1, a1, 1
core   0: 3 0x80001d54 (0x00158593) x11 0x0000000e
core   0: 0x80001d58 (0xff859ce3) bne     a1, s8, pc - 8
core   0: 3 0x80001d58 (0xff859ce3)
core   0: 0x80001d50 (0x028ae8b3) rem     a7, s5, s0
core   0: 3 0x80001d50 (0x028ae8b3) x17 0x00000000
core   0: 0x80001d54 (0x00158593) addi    a1, a1, 1
core   0: 3 0x80001d54 (0x00158593) x11 0x0000000f
core   0: 0x80001d58 (0xff859ce3) bne     a1, s8, pc - 8
core   0: 3 0x80001d58 (0xff859ce3)
core   0: 0x80001d50 (0x028ae8b3) rem     a7, s5, s0
core   0: 3 0x80001d50 (0x028ae8b3) x17 0x00000000
core   0: 0x80001d54 (0x00158593) addi    a1, a1, 1
core   0: 3 0x80001d54 (0x00158593) x11 0x00000010
core   0: 0x80001d58 (0xff859ce3) bne     a1, s8, pc - 8
core   0: 3 0x80001d58 (0xff859ce3)
core   0: 0x80001d50 (0x028ae8b3) rem     a7, s5, s0
core   0: 3 0x80001d50 (0x028ae8b3) x17 0x00000000
core   0: 0x80001d54 (0x00158593) addi    a1, a1, 1
core   0: 3 0x80001d54 (0x00158593) x11 0x00000011
core   0: 0x80001d58 (0xff859ce3) bne     a1, s8, pc - 8
core   0: 3 0x80001d58 (0xff859ce3)
core   0: 0x80001d5c (0x030e1d33) mulh    s10, t3, a6
core   0: 3 0x80001d5c (0x030e1d33) x26 0x00000000
core   0: 0x80001d60 (0xff700393) li      t2, -9
core   0: 3 0x80001d60 (0xff700393) x 7 0xfffffff7
core   0: 0x80001d64 (0x01d85933) srl     s2, a6, t4
core   0: 3 0x80001d64 (0x01d85933) x18 0x00000000
core   0: 0x80001d68 (0x00000013) nop
core   0: 3 0x80001d68 (0x00000013)
core   0: 0x80001d6c (0x007c00b3) add     ra, s8, t2
core   0: 3 0x80001d6c (0x007c00b3) x 1 0x00000008
core   0: 0x80001d70 (0xffe00113) li      sp, -2
core   0: 3 0x80001d70 (0xffe00113) x 2 0xfffffffe
core   0: 0x80001d74 (0x5e947193) andi    gp, s0, 1513
core   0: 3 0x80001d74 (0x5e947193) x 3 0x00000001
core   0: 0x80001d78 (0x686a6993) ori     s3, s4, 1670
core   0: 3 0x80001d78 (0x686a6993) x19 0xffffffff
core   0: 0x80001d7c (0x8068fe13) andi    t3, a7, -2042
core   0: 3 0x80001d7c (0x8068fe13) x28 0x00000000
core   0: 0x80001d80 (0x0116f533) and     a0, a3, a7
core   0: 3 0x80001d80 (0x0116f533) x10 0x00000000
core   0: 0x80001d84 (0x00138393) addi    t2, t2, 1
core   0: 3 0x80001d84 (0x00138393) x 7 0xfffffff8
core   0: 0x80001d88 (0x00a00b13) li      s6, 10
core   0: 3 0x80001d88 (0x00a00b13) x22 0x0000000a
core   0: 0x80001d8c (0x031051b3) divu    gp, zero, a7
core   0: 3 0x80001d8c (0x031051b3) x 3 0xffffffff
core   0: 0x80001d90 (0x01b32db3) slt     s11, t1, s11
core   0: 3 0x80001d90 (0x01b32db3) x27 0x00000001
core   0: 0x80001d94 (0x022bc2b3) div     t0, s7, sp
core   0: 3 0x80001d94 (0x022bc2b3) x 5 0x00000000
core   0: 0x80001d98 (0x00800893) li      a7, 8
core   0: 3 0x80001d98 (0x00800893) x17 0x00000008
core   0: 0x80001d9c (0x01532bb3) slt     s7, t1, s5
core   0: 3 0x80001d9c (0x01532bb3) x23 0x00000000
core   0: 0x80001da0 (0x024e0e33) mul     t3, t3, tp
core   0: 3 0x80001da0 (0x024e0e33) x28 0x00000000
core   0: 0x80001da4 (0x02f23233) mulhu   tp, tp, a5
core   0: 3 0x80001da4 (0x02f23233) x 4 0x00000000
core   0: 0x80001da8 (0xffeb0b13) addi    s6, s6, -2
core   0: 3 0x80001da8 (0xffeb0b13) x22 0x00000008
core   0: 0x80001dac (0x02072d33) mulhsu  s10, a4, zero
core   0: 3 0x80001dac (0x02072d33) x26 0x00000000
core   0: 0x80001db0 (0x032e6eb3) rem     t4, t3, s2
core   0: 3 0x80001db0 (0x032e6eb3) x29 0x00000000
core   0: 0x80001db4 (0xff1b76e3) bgeu    s6, a7, pc - 20
core   0: 3 0x80001db4 (0xff1b76e3)
core   0: 0x80001da0 (0x024e0e33) mul     t3, t3, tp
core   0: 3 0x80001da0 (0x024e0e33) x28 0x00000000
core   0: 0x80001da4 (0x02f23233) mulhu   tp, tp, a5
core   0: 3 0x80001da4 (0x02f23233) x 4 0x00000000
core   0: 0x80001da8 (0xffeb0b13) addi    s6, s6, -2
core   0: 3 0x80001da8 (0xffeb0b13) x22 0x00000006
core   0: 0x80001dac (0x02072d33) mulhsu  s10, a4, zero
core   0: 3 0x80001dac (0x02072d33) x26 0x00000000
core   0: 0x80001db0 (0x032e6eb3) rem     t4, t3, s2
core   0: 3 0x80001db0 (0x032e6eb3) x29 0x00000000
core   0: 0x80001db4 (0xff1b76e3) bgeu    s6, a7, pc - 20
core   0: 3 0x80001db4 (0xff1b76e3)
core   0: 0x80001db8 (0x03319233) mulh    tp, gp, s3
core   0: 3 0x80001db8 (0x03319233) x 4 0x00000000
core   0: 0x80001dbc (0xfa239ee3) bne     t2, sp, pc - 68
core   0: 3 0x80001dbc (0xfa239ee3)
core   0: 0x80001d78 (0x686a6993) ori     s3, s4, 1670
core   0: 3 0x80001d78 (0x686a6993) x19 0xffffffff
core   0: 0x80001d7c (0x8068fe13) andi    t3, a7, -2042
core   0: 3 0x80001d7c (0x8068fe13) x28 0x00000000
core   0: 0x80001d80 (0x0116f533) and     a0, a3, a7
core   0: 3 0x80001d80 (0x0116f533) x10 0x00000000
core   0: 0x80001d84 (0x00138393) addi    t2, t2, 1
core   0: 3 0x80001d84 (0x00138393) x 7 0xfffffff9
core   0: 0x80001d88 (0x00a00b13) li      s6, 10
core   0: 3 0x80001d88 (0x00a00b13) x22 0x0000000a
core   0: 0x80001d8c (0x031051b3) divu    gp, zero, a7
core   0: 3 0x80001d8c (0x031051b3) x 3 0x00000000
core   0: 0x80001d90 (0x01b32db3) slt     s11, t1, s11
core   0: 3 0x80001d90 (0x01b32db3) x27 0x00000000
core   0: 0x80001d94 (0x022bc2b3) div     t0, s7, sp
core   0: 3 0x80001d94 (0x022bc2b3) x 5 0x00000000
core   0: 0x80001d98 (0x00800893) li      a7, 8
core   0: 3 0x80001d98 (0x00800893) x17 0x00000008
core   0: 0x80001d9c (0x01532bb3) slt     s7, t1, s5
core   0: 3 0x80001d9c (0x01532bb3) x23 0x00000000
core   0: 0x80001da0 (0x024e0e33) mul     t3, t3, tp
core   0: 3 0x80001da0 (0x024e0e33) x28 0x00000000
core   0: 0x80001da4 (0x02f23233) mulhu   tp, tp, a5
core   0: 3 0x80001da4 (0x02f23233) x 4 0x00000000
core   0: 0x80001da8 (0xffeb0b13) addi    s6, s6, -2
core   0: 3 0x80001da8 (0xffeb0b13) x22 0x00000008
core   0: 0x80001dac (0x02072d33) mulhsu  s10, a4, zero
core   0: 3 0x80001dac (0x02072d33) x26 0x00000000
core   0: 0x80001db0 (0x032e6eb3) rem     t4, t3, s2
core   0: 3 0x80001db0 (0x032e6eb3) x29 0x00000000
core   0: 0x80001db4 (0xff1b76e3) bgeu    s6, a7, pc - 20
core   0: 3 0x80001db4 (0xff1b76e3)
core   0: 0x80001da0 (0x024e0e33) mul     t3, t3, tp
core   0: 3 0x80001da0 (0x024e0e33) x28 0x00000000
core   0: 0x80001da4 (0x02f23233) mulhu   tp, tp, a5
core   0: 3 0x80001da4 (0x02f23233) x 4 0x00000000
core   0: 0x80001da8 (0xffeb0b13) addi    s6, s6, -2
core   0: 3 0x80001da8 (0xffeb0b13) x22 0x00000006
core   0: 0x80001dac (0x02072d33) mulhsu  s10, a4, zero
core   0: 3 0x80001dac (0x02072d33) x26 0x00000000
core   0: 0x80001db0 (0x032e6eb3) rem     t4, t3, s2
core   0: 3 0x80001db0 (0x032e6eb3) x29 0x00000000
core   0: 0x80001db4 (0xff1b76e3) bgeu    s6, a7, pc - 20
core   0: 3 0x80001db4 (0xff1b76e3)
core   0: 0x80001db8 (0x03319233) mulh    tp, gp, s3
core   0: 3 0x80001db8 (0x03319233) x 4 0x00000000
core   0: 0x80001dbc (0xfa239ee3) bne     t2, sp, pc - 68
core   0: 3 0x80001dbc (0xfa239ee3)
core   0: 0x80001d78 (0x686a6993) ori     s3, s4, 1670
core   0: 3 0x80001d78 (0x686a6993) x19 0xffffffff
core   0: 0x80001d7c (0x8068fe13) andi    t3, a7, -2042
core   0: 3 0x80001d7c (0x8068fe13) x28 0x00000000
core   0: 0x80001d80 (0x0116f533) and     a0, a3, a7
core   0: 3 0x80001d80 (0x0116f533) x10 0x00000000
core   0: 0x80001d84 (0x00138393) addi    t2, t2, 1
core   0: 3 0x80001d84 (0x00138393) x 7 0xfffffffa
core   0: 0x80001d88 (0x00a00b13) li      s6, 10
core   0: 3 0x80001d88 (0x00a00b13) x22 0x0000000a
core   0: 0x80001d8c (0x031051b3) divu    gp, zero, a7
core   0: 3 0x80001d8c (0x031051b3) x 3 0x00000000
core   0: 0x80001d90 (0x01b32db3) slt     s11, t1, s11
core   0: 3 0x80001d90 (0x01b32db3) x27 0x00000000
core   0: 0x80001d94 (0x022bc2b3) div     t0, s7, sp
core   0: 3 0x80001d94 (0x022bc2b3) x 5 0x00000000
core   0: 0x80001d98 (0x00800893) li      a7, 8
core   0: 3 0x80001d98 (0x00800893) x17 0x00000008
core   0: 0x80001d9c (0x01532bb3) slt     s7, t1, s5
core   0: 3 0x80001d9c (0x01532bb3) x23 0x00000000
core   0: 0x80001da0 (0x024e0e33) mul     t3, t3, tp
core   0: 3 0x80001da0 (0x024e0e33) x28 0x00000000
core   0: 0x80001da4 (0x02f23233) mulhu   tp, tp, a5
core   0: 3 0x80001da4 (0x02f23233) x 4 0x00000000
core   0: 0x80001da8 (0xffeb0b13) addi    s6, s6, -2
core   0: 3 0x80001da8 (0xffeb0b13) x22 0x00000008
core   0: 0x80001dac (0x02072d33) mulhsu  s10, a4, zero
core   0: 3 0x80001dac (0x02072d33) x26 0x00000000
core   0: 0x80001db0 (0x032e6eb3) rem     t4, t3, s2
core   0: 3 0x80001db0 (0x032e6eb3) x29 0x00000000
core   0: 0x80001db4 (0xff1b76e3) bgeu    s6, a7, pc - 20
core   0: 3 0x80001db4 (0xff1b76e3)
core   0: 0x80001da0 (0x024e0e33) mul     t3, t3, tp
core   0: 3 0x80001da0 (0x024e0e33) x28 0x00000000
core   0: 0x80001da4 (0x02f23233) mulhu   tp, tp, a5
core   0: 3 0x80001da4 (0x02f23233) x 4 0x00000000
core   0: 0x80001da8 (0xffeb0b13) addi    s6, s6, -2
core   0: 3 0x80001da8 (0xffeb0b13) x22 0x00000006
core   0: 0x80001dac (0x02072d33) mulhsu  s10, a4, zero
core   0: 3 0x80001dac (0x02072d33) x26 0x00000000
core   0: 0x80001db0 (0x032e6eb3) rem     t4, t3, s2
core   0: 3 0x80001db0 (0x032e6eb3) x29 0x00000000
core   0: 0x80001db4 (0xff1b76e3) bgeu    s6, a7, pc - 20
core   0: 3 0x80001db4 (0xff1b76e3)
core   0: 0x80001db8 (0x03319233) mulh    tp, gp, s3
core   0: 3 0x80001db8 (0x03319233) x 4 0x00000000
core   0: 0x80001dbc (0xfa239ee3) bne     t2, sp, pc - 68
core   0: 3 0x80001dbc (0xfa239ee3)
core   0: 0x80001d78 (0x686a6993) ori     s3, s4, 1670
core   0: 3 0x80001d78 (0x686a6993) x19 0xffffffff
core   0: 0x80001d7c (0x8068fe13) andi    t3, a7, -2042
core   0: 3 0x80001d7c (0x8068fe13) x28 0x00000000
core   0: 0x80001d80 (0x0116f533) and     a0, a3, a7
core   0: 3 0x80001d80 (0x0116f533) x10 0x00000000
core   0: 0x80001d84 (0x00138393) addi    t2, t2, 1
core   0: 3 0x80001d84 (0x00138393) x 7 0xfffffffb
core   0: 0x80001d88 (0x00a00b13) li      s6, 10
core   0: 3 0x80001d88 (0x00a00b13) x22 0x0000000a
core   0: 0x80001d8c (0x031051b3) divu    gp, zero, a7
core   0: 3 0x80001d8c (0x031051b3) x 3 0x00000000
core   0: 0x80001d90 (0x01b32db3) slt     s11, t1, s11
core   0: 3 0x80001d90 (0x01b32db3) x27 0x00000000
core   0: 0x80001d94 (0x022bc2b3) div     t0, s7, sp
core   0: 3 0x80001d94 (0x022bc2b3) x 5 0x00000000
core   0: 0x80001d98 (0x00800893) li      a7, 8
core   0: 3 0x80001d98 (0x00800893) x17 0x00000008
core   0: 0x80001d9c (0x01532bb3) slt     s7, t1, s5
core   0: 3 0x80001d9c (0x01532bb3) x23 0x00000000
core   0: 0x80001da0 (0x024e0e33) mul     t3, t3, tp
core   0: 3 0x80001da0 (0x024e0e33) x28 0x00000000
core   0: 0x80001da4 (0x02f23233) mulhu   tp, tp, a5
core   0: 3 0x80001da4 (0x02f23233) x 4 0x00000000
core   0: 0x80001da8 (0xffeb0b13) addi    s6, s6, -2
core   0: 3 0x80001da8 (0xffeb0b13) x22 0x00000008
core   0: 0x80001dac (0x02072d33) mulhsu  s10, a4, zero
core   0: 3 0x80001dac (0x02072d33) x26 0x00000000
core   0: 0x80001db0 (0x032e6eb3) rem     t4, t3, s2
core   0: 3 0x80001db0 (0x032e6eb3) x29 0x00000000
core   0: 0x80001db4 (0xff1b76e3) bgeu    s6, a7, pc - 20
core   0: 3 0x80001db4 (0xff1b76e3)
core   0: 0x80001da0 (0x024e0e33) mul     t3, t3, tp
core   0: 3 0x80001da0 (0x024e0e33) x28 0x00000000
core   0: 0x80001da4 (0x02f23233) mulhu   tp, tp, a5
core   0: 3 0x80001da4 (0x02f23233) x 4 0x00000000
core   0: 0x80001da8 (0xffeb0b13) addi    s6, s6, -2
core   0: 3 0x80001da8 (0xffeb0b13) x22 0x00000006
core   0: 0x80001dac (0x02072d33) mulhsu  s10, a4, zero
core   0: 3 0x80001dac (0x02072d33) x26 0x00000000
core   0: 0x80001db0 (0x032e6eb3) rem     t4, t3, s2
core   0: 3 0x80001db0 (0x032e6eb3) x29 0x00000000
core   0: 0x80001db4 (0xff1b76e3) bgeu    s6, a7, pc - 20
core   0: 3 0x80001db4 (0xff1b76e3)
core   0: 0x80001db8 (0x03319233) mulh    tp, gp, s3
core   0: 3 0x80001db8 (0x03319233) x 4 0x00000000
core   0: 0x80001dbc (0xfa239ee3) bne     t2, sp, pc - 68
core   0: 3 0x80001dbc (0xfa239ee3)
core   0: 0x80001d78 (0x686a6993) ori     s3, s4, 1670
core   0: 3 0x80001d78 (0x686a6993) x19 0xffffffff
core   0: 0x80001d7c (0x8068fe13) andi    t3, a7, -2042
core   0: 3 0x80001d7c (0x8068fe13) x28 0x00000000
core   0: 0x80001d80 (0x0116f533) and     a0, a3, a7
core   0: 3 0x80001d80 (0x0116f533) x10 0x00000000
core   0: 0x80001d84 (0x00138393) addi    t2, t2, 1
core   0: 3 0x80001d84 (0x00138393) x 7 0xfffffffc
core   0: 0x80001d88 (0x00a00b13) li      s6, 10
core   0: 3 0x80001d88 (0x00a00b13) x22 0x0000000a
core   0: 0x80001d8c (0x031051b3) divu    gp, zero, a7
core   0: 3 0x80001d8c (0x031051b3) x 3 0x00000000
core   0: 0x80001d90 (0x01b32db3) slt     s11, t1, s11
core   0: 3 0x80001d90 (0x01b32db3) x27 0x00000000
core   0: 0x80001d94 (0x022bc2b3) div     t0, s7, sp
core   0: 3 0x80001d94 (0x022bc2b3) x 5 0x00000000
core   0: 0x80001d98 (0x00800893) li      a7, 8
core   0: 3 0x80001d98 (0x00800893) x17 0x00000008
core   0: 0x80001d9c (0x01532bb3) slt     s7, t1, s5
core   0: 3 0x80001d9c (0x01532bb3) x23 0x00000000
core   0: 0x80001da0 (0x024e0e33) mul     t3, t3, tp
core   0: 3 0x80001da0 (0x024e0e33) x28 0x00000000
core   0: 0x80001da4 (0x02f23233) mulhu   tp, tp, a5
core   0: 3 0x80001da4 (0x02f23233) x 4 0x00000000
core   0: 0x80001da8 (0xffeb0b13) addi    s6, s6, -2
core   0: 3 0x80001da8 (0xffeb0b13) x22 0x00000008
core   0: 0x80001dac (0x02072d33) mulhsu  s10, a4, zero
core   0: 3 0x80001dac (0x02072d33) x26 0x00000000
core   0: 0x80001db0 (0x032e6eb3) rem     t4, t3, s2
core   0: 3 0x80001db0 (0x032e6eb3) x29 0x00000000
core   0: 0x80001db4 (0xff1b76e3) bgeu    s6, a7, pc - 20
core   0: 3 0x80001db4 (0xff1b76e3)
core   0: 0x80001da0 (0x024e0e33) mul     t3, t3, tp
core   0: 3 0x80001da0 (0x024e0e33) x28 0x00000000
core   0: 0x80001da4 (0x02f23233) mulhu   tp, tp, a5
core   0: 3 0x80001da4 (0x02f23233) x 4 0x00000000
core   0: 0x80001da8 (0xffeb0b13) addi    s6, s6, -2
core   0: 3 0x80001da8 (0xffeb0b13) x22 0x00000006
core   0: 0x80001dac (0x02072d33) mulhsu  s10, a4, zero
core   0: 3 0x80001dac (0x02072d33) x26 0x00000000
core   0: 0x80001db0 (0x032e6eb3) rem     t4, t3, s2
core   0: 3 0x80001db0 (0x032e6eb3) x29 0x00000000
core   0: 0x80001db4 (0xff1b76e3) bgeu    s6, a7, pc - 20
core   0: 3 0x80001db4 (0xff1b76e3)
core   0: 0x80001db8 (0x03319233) mulh    tp, gp, s3
core   0: 3 0x80001db8 (0x03319233) x 4 0x00000000
core   0: 0x80001dbc (0xfa239ee3) bne     t2, sp, pc - 68
core   0: 3 0x80001dbc (0xfa239ee3)
core   0: 0x80001d78 (0x686a6993) ori     s3, s4, 1670
core   0: 3 0x80001d78 (0x686a6993) x19 0xffffffff
core   0: 0x80001d7c (0x8068fe13) andi    t3, a7, -2042
core   0: 3 0x80001d7c (0x8068fe13) x28 0x00000000
core   0: 0x80001d80 (0x0116f533) and     a0, a3, a7
core   0: 3 0x80001d80 (0x0116f533) x10 0x00000000
core   0: 0x80001d84 (0x00138393) addi    t2, t2, 1
core   0: 3 0x80001d84 (0x00138393) x 7 0xfffffffd
core   0: 0x80001d88 (0x00a00b13) li      s6, 10
core   0: 3 0x80001d88 (0x00a00b13) x22 0x0000000a
core   0: 0x80001d8c (0x031051b3) divu    gp, zero, a7
core   0: 3 0x80001d8c (0x031051b3) x 3 0x00000000
core   0: 0x80001d90 (0x01b32db3) slt     s11, t1, s11
core   0: 3 0x80001d90 (0x01b32db3) x27 0x00000000
core   0: 0x80001d94 (0x022bc2b3) div     t0, s7, sp
core   0: 3 0x80001d94 (0x022bc2b3) x 5 0x00000000
core   0: 0x80001d98 (0x00800893) li      a7, 8
core   0: 3 0x80001d98 (0x00800893) x17 0x00000008
core   0: 0x80001d9c (0x01532bb3) slt     s7, t1, s5
core   0: 3 0x80001d9c (0x01532bb3) x23 0x00000000
core   0: 0x80001da0 (0x024e0e33) mul     t3, t3, tp
core   0: 3 0x80001da0 (0x024e0e33) x28 0x00000000
core   0: 0x80001da4 (0x02f23233) mulhu   tp, tp, a5
core   0: 3 0x80001da4 (0x02f23233) x 4 0x00000000
core   0: 0x80001da8 (0xffeb0b13) addi    s6, s6, -2
core   0: 3 0x80001da8 (0xffeb0b13) x22 0x00000008
core   0: 0x80001dac (0x02072d33) mulhsu  s10, a4, zero
core   0: 3 0x80001dac (0x02072d33) x26 0x00000000
core   0: 0x80001db0 (0x032e6eb3) rem     t4, t3, s2
core   0: 3 0x80001db0 (0x032e6eb3) x29 0x00000000
core   0: 0x80001db4 (0xff1b76e3) bgeu    s6, a7, pc - 20
core   0: 3 0x80001db4 (0xff1b76e3)
core   0: 0x80001da0 (0x024e0e33) mul     t3, t3, tp
core   0: 3 0x80001da0 (0x024e0e33) x28 0x00000000
core   0: 0x80001da4 (0x02f23233) mulhu   tp, tp, a5
core   0: 3 0x80001da4 (0x02f23233) x 4 0x00000000
core   0: 0x80001da8 (0xffeb0b13) addi    s6, s6, -2
core   0: 3 0x80001da8 (0xffeb0b13) x22 0x00000006
core   0: 0x80001dac (0x02072d33) mulhsu  s10, a4, zero
core   0: 3 0x80001dac (0x02072d33) x26 0x00000000
core   0: 0x80001db0 (0x032e6eb3) rem     t4, t3, s2
core   0: 3 0x80001db0 (0x032e6eb3) x29 0x00000000
core   0: 0x80001db4 (0xff1b76e3) bgeu    s6, a7, pc - 20
core   0: 3 0x80001db4 (0xff1b76e3)
core   0: 0x80001db8 (0x03319233) mulh    tp, gp, s3
core   0: 3 0x80001db8 (0x03319233) x 4 0x00000000
core   0: 0x80001dbc (0xfa239ee3) bne     t2, sp, pc - 68
core   0: 3 0x80001dbc (0xfa239ee3)
core   0: 0x80001d78 (0x686a6993) ori     s3, s4, 1670
core   0: 3 0x80001d78 (0x686a6993) x19 0xffffffff
core   0: 0x80001d7c (0x8068fe13) andi    t3, a7, -2042
core   0: 3 0x80001d7c (0x8068fe13) x28 0x00000000
core   0: 0x80001d80 (0x0116f533) and     a0, a3, a7
core   0: 3 0x80001d80 (0x0116f533) x10 0x00000000
core   0: 0x80001d84 (0x00138393) addi    t2, t2, 1
core   0: 3 0x80001d84 (0x00138393) x 7 0xfffffffe
core   0: 0x80001d88 (0x00a00b13) li      s6, 10
core   0: 3 0x80001d88 (0x00a00b13) x22 0x0000000a
core   0: 0x80001d8c (0x031051b3) divu    gp, zero, a7
core   0: 3 0x80001d8c (0x031051b3) x 3 0x00000000
core   0: 0x80001d90 (0x01b32db3) slt     s11, t1, s11
core   0: 3 0x80001d90 (0x01b32db3) x27 0x00000000
core   0: 0x80001d94 (0x022bc2b3) div     t0, s7, sp
core   0: 3 0x80001d94 (0x022bc2b3) x 5 0x00000000
core   0: 0x80001d98 (0x00800893) li      a7, 8
core   0: 3 0x80001d98 (0x00800893) x17 0x00000008
core   0: 0x80001d9c (0x01532bb3) slt     s7, t1, s5
core   0: 3 0x80001d9c (0x01532bb3) x23 0x00000000
core   0: 0x80001da0 (0x024e0e33) mul     t3, t3, tp
core   0: 3 0x80001da0 (0x024e0e33) x28 0x00000000
core   0: 0x80001da4 (0x02f23233) mulhu   tp, tp, a5
core   0: 3 0x80001da4 (0x02f23233) x 4 0x00000000
core   0: 0x80001da8 (0xffeb0b13) addi    s6, s6, -2
core   0: 3 0x80001da8 (0xffeb0b13) x22 0x00000008
core   0: 0x80001dac (0x02072d33) mulhsu  s10, a4, zero
core   0: 3 0x80001dac (0x02072d33) x26 0x00000000
core   0: 0x80001db0 (0x032e6eb3) rem     t4, t3, s2
core   0: 3 0x80001db0 (0x032e6eb3) x29 0x00000000
core   0: 0x80001db4 (0xff1b76e3) bgeu    s6, a7, pc - 20
core   0: 3 0x80001db4 (0xff1b76e3)
core   0: 0x80001da0 (0x024e0e33) mul     t3, t3, tp
core   0: 3 0x80001da0 (0x024e0e33) x28 0x00000000
core   0: 0x80001da4 (0x02f23233) mulhu   tp, tp, a5
core   0: 3 0x80001da4 (0x02f23233) x 4 0x00000000
core   0: 0x80001da8 (0xffeb0b13) addi    s6, s6, -2
core   0: 3 0x80001da8 (0xffeb0b13) x22 0x00000006
core   0: 0x80001dac (0x02072d33) mulhsu  s10, a4, zero
core   0: 3 0x80001dac (0x02072d33) x26 0x00000000
core   0: 0x80001db0 (0x032e6eb3) rem     t4, t3, s2
core   0: 3 0x80001db0 (0x032e6eb3) x29 0x00000000
core   0: 0x80001db4 (0xff1b76e3) bgeu    s6, a7, pc - 20
core   0: 3 0x80001db4 (0xff1b76e3)
core   0: 0x80001db8 (0x03319233) mulh    tp, gp, s3
core   0: 3 0x80001db8 (0x03319233) x 4 0x00000000
core   0: 0x80001dbc (0xfa239ee3) bne     t2, sp, pc - 68
core   0: 3 0x80001dbc (0xfa239ee3)
core   0: 0x80001dc0 (0x0373c533) div     a0, t2, s7
core   0: 3 0x80001dc0 (0x0373c533) x10 0xffffffff
core   0: 0x80001dc4 (0x00a00413) li      s0, 10
core   0: 3 0x80001dc4 (0x00a00413) x 8 0x0000000a
core   0: 0x80001dc8 (0x00000013) nop
core   0: 3 0x80001dc8 (0x00000013)
core   0: 0x80001dcc (0x00218633) add     a2, gp, sp
core   0: 3 0x80001dcc (0x00218633) x12 0xfffffffe
core   0: 0x80001dd0 (0x0bf1e493) ori     s1, gp, 191
core   0: 3 0x80001dd0 (0x0bf1e493) x 9 0x000000bf
core   0: 0x80001dd4 (0x00058a33) add     s4, a1, zero
core   0: 3 0x80001dd4 (0x00058a33) x20 0x00000011
core   0: 0x80001dd8 (0x00b00113) li      sp, 11
core   0: 3 0x80001dd8 (0x00b00113) x 2 0x0000000b
core   0: 0x80001ddc (0x36d35c97) auipc   s9, 0x36d35
core   0: 3 0x80001ddc (0x36d35c97) x25 0xb6d36ddc
core   0: 0x80001de0 (0x9e083393) sltiu   t2, a6, -1568
core   0: 3 0x80001de0 (0x9e083393) x 7 0x00000001
core   0: 0x80001de4 (0x0310d533) divu    a0, ra, a7
core   0: 3 0x80001de4 (0x0310d533) x10 0x00000001
core   0: 0x80001de8 (0x000e79b3) and     s3, t3, zero
core   0: 3 0x80001de8 (0x000e79b3) x19 0x00000000
core   0: 0x80001dec (0x039fcc33) div     s8, t6, s9
core   0: 3 0x80001dec (0x039fcc33) x24 0x00000000
core   0: 0x80001df0 (0x019112b3) sll     t0, sp, s9
core   0: 3 0x80001df0 (0x019112b3) x 5 0xb0000000
core   0: 0x80001df4 (0x00640413) addi    s0, s0, 6
core   0: 3 0x80001df4 (0x00640413) x 8 0x00000010
core   0: 0x80001df8 (0x41605a33) sra     s4, zero, s6
core   0: 3 0x80001df8 (0x41605a33) x20 0x00000000
core   0: 0x80001dfc (0x6f670517) auipc   a0, 0x6f670
core   0: 3 0x80001dfc (0x6f670517) x10 0xef671dfc
core   0: 0x80001e00 (0xfe2440e3) blt     s0, sp, pc - 32
core   0: 3 0x80001e00 (0xfe2440e3)
core   0: 0x80001e04 (0x012b9033) sll     zero, s7, s2
core   0: 3 0x80001e04 (0x012b9033)
core   0: 0x80001e08 (0xff800c93) li      s9, -8
core   0: 3 0x80001e08 (0xff800c93) x25 0xfffffff8
core   0: 0x80001e0c (0x00688433) add     s0, a7, t1
core   0: 3 0x80001e0c (0x00688433) x 8 0x00000009
core   0: 0x80001e10 (0xffa00813) li      a6, -6
core   0: 3 0x80001e10 (0xffa00813) x16 0xfffffffa
core   0: 0x80001e14 (0x40bd83b3) sub     t2, s11, a1
core   0: 3 0x80001e14 (0x40bd83b3) x 7 0xffffffef
core   0: 0x80001e18 (0x00000013) nop
core   0: 3 0x80001e18 (0x00000013)
core   0: 0x80001e1c (0xb3b6cb93) xori    s7, a3, -1221
core   0: 3 0x80001e1c (0xb3b6cb93) x23 0xfffffb2a
core   0: 0x80001e20 (0x00ac8c93) addi    s9, s9, 10
core   0: 3 0x80001e20 (0x00ac8c93) x25 0x00000002
core   0: 0x80001e24 (0x02eb14b3) mulh    s1, s6, a4
core   0: 3 0x80001e24 (0x02eb14b3) x 9 0xffffffff
core   0: 0x80001e28 (0x01e68c33) add     s8, a3, t5
core   0: 3 0x80001e28 (0x01e68c33) x24 0x00000011
core   0: 0x80001e2c (0x008563b3) or      t2, a0, s0
core   0: 3 0x80001e2c (0x008563b3) x 7 0xef671dfd
core   0: 0x80001e30 (0xc28bbd93) sltiu   s11, s7, -984
core   0: 3 0x80001e30 (0xc28bbd93) x27 0x00000001
core   0: 0x80001e34 (0x02effb33) remu    s6, t6, a4
core   0: 3 0x80001e34 (0x02effb33) x22 0x00000000
core   0: 0x80001e38 (0xff0cc0e3) blt     s9, a6, pc - 32
core   0: 3 0x80001e38 (0xff0cc0e3)
core   0: 0x80001e3c (0x01d37eb3) and     t4, t1, t4
core   0: 3 0x80001e3c (0x01d37eb3) x29 0x00000000
core   0: 0x80001e40 (0xff600493) li      s1, -10
core   0: 3 0x80001e40 (0xff600493) x 9 0xfffffff6
core   0: 0x80001e44 (0x0100d113) srli    sp, ra, 16
core   0: 3 0x80001e44 (0x0100d113) x 2 0x00000000
core   0: 0x80001e48 (0xff600993) li      s3, -10
core   0: 3 0x80001e48 (0xff600993) x19 0xfffffff6
core   0: 0x80001e4c (0x01f0f733) and     a4, ra, t6
core   0: 3 0x80001e4c (0x01f0f733) x14 0x00000000
core   0: 0x80001e50 (0x973cc513) xori    a0, s9, -1677
core   0: 3 0x80001e50 (0x973cc513) x10 0xfffff971
core   0: 0x80001e54 (0xffb48493) addi    s1, s1, -5
core   0: 3 0x80001e54 (0xffb48493) x 9 0xfffffff1
core   0: 0x80001e58 (0xff34dce3) bge     s1, s3, pc - 8
core   0: 3 0x80001e58 (0xff34dce3)
core   0: 0x80001e5c (0x9e003b13) sltiu   s6, zero, -1568
core   0: 3 0x80001e5c (0x9e003b13) x22 0x00000001
core   0: 0x80001e60 (0x00800593) li      a1, 8
core   0: 3 0x80001e60 (0x00800593) x11 0x00000008
core   0: 0x80001e64 (0x01300213) li      tp, 19
core   0: 3 0x80001e64 (0x01300213) x 4 0x00000013
core   0: 0x80001e68 (0x03fb4433) div     s0, s6, t6
core   0: 3 0x80001e68 (0x03fb4433) x 8 0xffffffff
core   0: 0x80001e6c (0x00758593) addi    a1, a1, 7
core   0: 3 0x80001e6c (0x00758593) x11 0x0000000f
core   0: 0x80001e70 (0x697a2837) lui     a6, 0x697a2
core   0: 3 0x80001e70 (0x697a2837) x16 0x697a2000
core   0: 0x80001e74 (0x00300493) li      s1, 3
core   0: 3 0x80001e74 (0x00300493) x 9 0x00000003
core   0: 0x80001e78 (0x00f00093) li      ra, 15
core   0: 3 0x80001e78 (0x00f00093) x 1 0x0000000f
core   0: 0x80001e7c (0x024022b3) mulhsu  t0, zero, tp
core   0: 3 0x80001e7c (0x024022b3) x 5 0x00000000
core   0: 0x80001e80 (0x00848493) addi    s1, s1, 8
core   0: 3 0x80001e80 (0x00848493) x 9 0x0000000b
core   0: 0x80001e84 (0xfe14ece3) bltu    s1, ra, pc - 8
core   0: 3 0x80001e84 (0xfe14ece3)
core   0: 0x80001e7c (0x024022b3) mulhsu  t0, zero, tp
core   0: 3 0x80001e7c (0x024022b3) x 5 0x00000000
core   0: 0x80001e80 (0x00848493) addi    s1, s1, 8
core   0: 3 0x80001e80 (0x00848493) x 9 0x00000013
core   0: 0x80001e84 (0xfe14ece3) bltu    s1, ra, pc - 8
core   0: 3 0x80001e84 (0xfe14ece3)
core   0: 0x80001e88 (0xfe45e0e3) bltu    a1, tp, pc - 32
core   0: 3 0x80001e88 (0xfe45e0e3)
core   0: 0x80001e68 (0x03fb4433) div     s0, s6, t6
core   0: 3 0x80001e68 (0x03fb4433) x 8 0xffffffff
core   0: 0x80001e6c (0x00758593) addi    a1, a1, 7
core   0: 3 0x80001e6c (0x00758593) x11 0x00000016
core   0: 0x80001e70 (0x697a2837) lui     a6, 0x697a2
core   0: 3 0x80001e70 (0x697a2837) x16 0x697a2000
core   0: 0x80001e74 (0x00300493) li      s1, 3
core   0: 3 0x80001e74 (0x00300493) x 9 0x00000003
core   0: 0x80001e78 (0x00f00093) li      ra, 15
core   0: 3 0x80001e78 (0x00f00093) x 1 0x0000000f
core   0: 0x80001e7c (0x024022b3) mulhsu  t0, zero, tp
core   0: 3 0x80001e7c (0x024022b3) x 5 0x00000000
core   0: 0x80001e80 (0x00848493) addi    s1, s1, 8
core   0: 3 0x80001e80 (0x00848493) x 9 0x0000000b
core   0: 0x80001e84 (0xfe14ece3) bltu    s1, ra, pc - 8
core   0: 3 0x80001e84 (0xfe14ece3)
core   0: 0x80001e7c (0x024022b3) mulhsu  t0, zero, tp
core   0: 3 0x80001e7c (0x024022b3) x 5 0x00000000
core   0: 0x80001e80 (0x00848493) addi    s1, s1, 8
core   0: 3 0x80001e80 (0x00848493) x 9 0x00000013
core   0: 0x80001e84 (0xfe14ece3) bltu    s1, ra, pc - 8
core   0: 3 0x80001e84 (0xfe14ece3)
core   0: 0x80001e88 (0xfe45e0e3) bltu    a1, tp, pc - 32
core   0: 3 0x80001e88 (0xfe45e0e3)
core   0: 0x80001e8c (0x01e61d93) slli    s11, a2, 30
core   0: 3 0x80001e8c (0x01e61d93) x27 0x80000000
core   0: 0x80001e90 (0x00a00f93) li      t6, 10
core   0: 3 0x80001e90 (0x00a00f93) x31 0x0000000a
core   0: 0x80001e94 (0x00a00513) li      a0, 10
core   0: 3 0x80001e94 (0x00a00513) x10 0x0000000a
core   0: 0x80001e98 (0x5035b437) lui     s0, 0x5035b
core   0: 3 0x80001e98 (0x5035b437) x 8 0x5035b000
core   0: 0x80001e9c (0xf7478913) addi    s2, a5, -140
core   0: 3 0x80001e9c (0xf7478913) x18 0x80025dd8
core   0: 0x80001ea0 (0xff9f8f93) addi    t6, t6, -7
core   0: 3 0x80001ea0 (0xff9f8f93) x31 0x00000003
core   0: 0x80001ea4 (0x03d9ccb3) div     s9, s3, t4
core   0: 3 0x80001ea4 (0x03d9ccb3) x25 0xffffffff
core   0: 0x80001ea8 (0x00400713) li      a4, 4
core   0: 3 0x80001ea8 (0x00400713) x14 0x00000004
core   0: 0x80001eac (0xffc00d93) li      s11, -4
core   0: 3 0x80001eac (0xffc00d93) x27 0xfffffffc
core   0: 0x80001eb0 (0x03d22cb3) mulhsu  s9, tp, t4
core   0: 3 0x80001eb0 (0x03d22cb3) x25 0x00000000
core   0: 0x80001eb4 (0x419102b3) sub     t0, sp, s9
core   0: 3 0x80001eb4 (0x419102b3) x 5 0x00000000
core   0: 0x80001eb8 (0xffe70713) addi    a4, a4, -2
core   0: 3 0x80001eb8 (0xffe70713) x14 0x00000002
core   0: 0x80001ebc (0x000529b3) slt     s3, a0, zero
core   0: 3 0x80001ebc (0x000529b3) x19 0x00000000
core   0: 0x80001ec0 (0xffb70ae3) beq     a4, s11, pc - 12
core   0: 3 0x80001ec0 (0xffb70ae3)
core   0: 0x80001ec4 (0xfcafdae3) bge     t6, a0, pc - 44
core   0: 3 0x80001ec4 (0xfcafdae3)
core   0: 0x80001ec8 (0x02287e33) remu    t3, a6, sp
core   0: 3 0x80001ec8 (0x02287e33) x28 0x697a2000
core   0: 0x80001ecc (0xfff00413) li      s0, -1
core   0: 3 0x80001ecc (0xfff00413) x 8 0xffffffff
core   0: 0x80001ed0 (0xf7763293) sltiu   t0, a2, -137
core   0: 3 0x80001ed0 (0xf7763293) x 5 0x00000000
core   0: 0x80001ed4 (0x01300d13) li      s10, 19
core   0: 3 0x80001ed4 (0x01300d13) x26 0x00000013
core   0: 0x80001ed8 (0x9d194e93) xori    t4, s2, -1583
core   0: 3 0x80001ed8 (0x9d194e93) x29 0x7ffda409
core   0: 0x80001edc (0x00a40413) addi    s0, s0, 10
core   0: 3 0x80001edc (0x00a40413) x 8 0x00000009
core   0: 0x80001ee0 (0x0283ac33) mulhsu  s8, t2, s0
core   0: 3 0x80001ee0 (0x0283ac33) x24 0xffffffff
core   0: 0x80001ee4 (0x8f2c6f93) ori     t6, s8, -1806
core   0: 3 0x80001ee4 (0x8f2c6f93) x31 0xffffffff
core   0: 0x80001ee8 (0x00075613) srli    a2, a4, 0
core   0: 3 0x80001ee8 (0x00075613) x12 0x00000002
core   0: 0x80001eec (0x00500213) li      tp, 5
core   0: 3 0x80001eec (0x00500213) x 4 0x00000005
core   0: 0x80001ef0 (0x003874b3) and     s1, a6, gp
core   0: 3 0x80001ef0 (0x003874b3) x 9 0x00000000
core   0: 0x80001ef4 (0x00ca23b3) slt     t2, s4, a2
core   0: 3 0x80001ef4 (0x00ca23b3) x 7 0x00000001
core   0: 0x80001ef8 (0x0199d833) srl     a6, s3, s9
core   0: 3 0x80001ef8 (0x0199d833) x16 0x00000000
core   0: 0x80001efc (0xffd00e13) li      t3, -3
core   0: 3 0x80001efc (0xffd00e13) x28 0xfffffffd
core   0: 0x80001f00 (0x7ab68597) auipc   a1, 0x7ab68
core   0: 3 0x80001f00 (0x7ab68597) x11 0xfab69f00
core   0: 0x80001f04 (0x02c5ddb3) divu    s11, a1, a2
core   0: 3 0x80001f04 (0x02c5ddb3) x27 0x7d5b4f80
core   0: 0x80001f08 (0xb9615637) lui     a2, 0xb9615
core   0: 3 0x80001f08 (0xb9615637) x12 0xb9615000
core   0: 0x80001f0c (0x00316b33) or      s6, sp, gp
core   0: 3 0x80001f0c (0x00316b33) x22 0x00000000
core   0: 0x80001f10 (0xff820213) addi    tp, tp, -8
core   0: 3 0x80001f10 (0xff820213) x 4 0xfffffffd
core   0: 0x80001f14 (0xffc208e3) beq     tp, t3, pc - 16
core   0: 3 0x80001f14 (0xffc208e3)
core   0: 0x80001f04 (0x02c5ddb3) divu    s11, a1, a2
core   0: 3 0x80001f04 (0x02c5ddb3) x27 0x00000001
core   0: 0x80001f08 (0xb9615637) lui     a2, 0xb9615
core   0: 3 0x80001f08 (0xb9615637) x12 0xb9615000
core   0: 0x80001f0c (0x00316b33) or      s6, sp, gp
core   0: 3 0x80001f0c (0x00316b33) x22 0x00000000
core   0: 0x80001f10 (0xff820213) addi    tp, tp, -8
core   0: 3 0x80001f10 (0xff820213) x 4 0xfffffff5
core   0: 0x80001f14 (0xffc208e3) beq     tp, t3, pc - 16
core   0: 3 0x80001f14 (0xffc208e3)
core   0: 0x80001f18 (0x41cfd9b3) sra     s3, t6, t3
core   0: 3 0x80001f18 (0x41cfd9b3) x19 0xffffffff
core   0: 0x80001f1c (0xe7b85337) lui     t1, 0xe7b85
core   0: 3 0x80001f1c (0xe7b85337) x 6 0xe7b85000
core   0: 0x80001f20 (0x001a4cb3) xor     s9, s4, ra
core   0: 3 0x80001f20 (0x001a4cb3) x25 0x0000000f
core   0: 0x80001f24 (0x010b4733) xor     a4, s6, a6
core   0: 3 0x80001f24 (0x010b4733) x14 0x00000000
core   0: 0x80001f28 (0x004a5113) srli    sp, s4, 4
core   0: 3 0x80001f28 (0x004a5113) x 2 0x00000000
core   0: 0x80001f2c (0x03e5b1b3) mulhu   gp, a1, t5
core   0: 3 0x80001f2c (0x03e5b1b3) x 3 0x00000000
core   0: 0x80001f30 (0x43516d93) ori     s11, sp, 1077
core   0: 3 0x80001f30 (0x43516d93) x27 0x00000435
core   0: 0x80001f34 (0x03948cb3) mul     s9, s1, s9
core   0: 3 0x80001f34 (0x03948cb3) x25 0x00000000
core   0: 0x80001f38 (0x190eeb13) ori     s6, t4, 400
core   0: 3 0x80001f38 (0x190eeb13) x22 0x7ffda599
core   0: 0x80001f3c (0x286c8e93) addi    t4, s9, 646
core   0: 3 0x80001f3c (0x286c8e93) x29 0x00000286
core   0: 0x80001f40 (0xf9a41ce3) bne     s0, s10, pc - 104
core   0: 3 0x80001f40 (0xf9a41ce3)
core   0: 0x80001ed8 (0x9d194e93) xori    t4, s2, -1583
core   0: 3 0x80001ed8 (0x9d194e93) x29 0x7ffda409
core   0: 0x80001edc (0x00a40413) addi    s0, s0, 10
core   0: 3 0x80001edc (0x00a40413) x 8 0x00000013
core   0: 0x80001ee0 (0x0283ac33) mulhsu  s8, t2, s0
core   0: 3 0x80001ee0 (0x0283ac33) x24 0x00000000
core   0: 0x80001ee4 (0x8f2c6f93) ori     t6, s8, -1806
core   0: 3 0x80001ee4 (0x8f2c6f93) x31 0xfffff8f2
core   0: 0x80001ee8 (0x00075613) srli    a2, a4, 0
core   0: 3 0x80001ee8 (0x00075613) x12 0x00000000
core   0: 0x80001eec (0x00500213) li      tp, 5
core   0: 3 0x80001eec (0x00500213) x 4 0x00000005
core   0: 0x80001ef0 (0x003874b3) and     s1, a6, gp
core   0: 3 0x80001ef0 (0x003874b3) x 9 0x00000000
core   0: 0x80001ef4 (0x00ca23b3) slt     t2, s4, a2
core   0: 3 0x80001ef4 (0x00ca23b3) x 7 0x00000000
core   0: 0x80001ef8 (0x0199d833) srl     a6, s3, s9
core   0: 3 0x80001ef8 (0x0199d833) x16 0xffffffff
core   0: 0x80001efc (0xffd00e13) li      t3, -3
core   0: 3 0x80001efc (0xffd00e13) x28 0xfffffffd
core   0: 0x80001f00 (0x7ab68597) auipc   a1, 0x7ab68
core   0: 3 0x80001f00 (0x7ab68597) x11 0xfab69f00
core   0: 0x80001f04 (0x02c5ddb3) divu    s11, a1, a2
core   0: 3 0x80001f04 (0x02c5ddb3) x27 0xffffffff
core   0: 0x80001f08 (0xb9615637) lui     a2, 0xb9615
core   0: 3 0x80001f08 (0xb9615637) x12 0xb9615000
core   0: 0x80001f0c (0x00316b33) or      s6, sp, gp
core   0: 3 0x80001f0c (0x00316b33) x22 0x00000000
core   0: 0x80001f10 (0xff820213) addi    tp, tp, -8
core   0: 3 0x80001f10 (0xff820213) x 4 0xfffffffd
core   0: 0x80001f14 (0xffc208e3) beq     tp, t3, pc - 16
core   0: 3 0x80001f14 (0xffc208e3)
core   0: 0x80001f04 (0x02c5ddb3) divu    s11, a1, a2
core   0: 3 0x80001f04 (0x02c5ddb3) x27 0x00000001
core   0: 0x80001f08 (0xb9615637) lui     a2, 0xb9615
core   0: 3 0x80001f08 (0xb9615637) x12 0xb9615000
core   0: 0x80001f0c (0x00316b33) or      s6, sp, gp
core   0: 3 0x80001f0c (0x00316b33) x22 0x00000000
core   0: 0x80001f10 (0xff820213) addi    tp, tp, -8
core   0: 3 0x80001f10 (0xff820213) x 4 0xfffffff5
core   0: 0x80001f14 (0xffc208e3) beq     tp, t3, pc - 16
core   0: 3 0x80001f14 (0xffc208e3)
core   0: 0x80001f18 (0x41cfd9b3) sra     s3, t6, t3
core   0: 3 0x80001f18 (0x41cfd9b3) x19 0xffffffff
core   0: 0x80001f1c (0xe7b85337) lui     t1, 0xe7b85
core   0: 3 0x80001f1c (0xe7b85337) x 6 0xe7b85000
core   0: 0x80001f20 (0x001a4cb3) xor     s9, s4, ra
core   0: 3 0x80001f20 (0x001a4cb3) x25 0x0000000f
core   0: 0x80001f24 (0x010b4733) xor     a4, s6, a6
core   0: 3 0x80001f24 (0x010b4733) x14 0xffffffff
core   0: 0x80001f28 (0x004a5113) srli    sp, s4, 4
core   0: 3 0x80001f28 (0x004a5113) x 2 0x00000000
core   0: 0x80001f2c (0x03e5b1b3) mulhu   gp, a1, t5
core   0: 3 0x80001f2c (0x03e5b1b3) x 3 0x00000000
core   0: 0x80001f30 (0x43516d93) ori     s11, sp, 1077
core   0: 3 0x80001f30 (0x43516d93) x27 0x00000435
core   0: 0x80001f34 (0x03948cb3) mul     s9, s1, s9
core   0: 3 0x80001f34 (0x03948cb3) x25 0x00000000
core   0: 0x80001f38 (0x190eeb13) ori     s6, t4, 400
core   0: 3 0x80001f38 (0x190eeb13) x22 0x7ffda599
core   0: 0x80001f3c (0x286c8e93) addi    t4, s9, 646
core   0: 3 0x80001f3c (0x286c8e93) x29 0x00000286
core   0: 0x80001f40 (0xf9a41ce3) bne     s0, s10, pc - 104
core   0: 3 0x80001f40 (0xf9a41ce3)
core   0: 0x80001f44 (0x402c0fb3) sub     t6, s8, sp
core   0: 3 0x80001f44 (0x402c0fb3) x31 0x00000000
core   0: 0x80001f48 (0x00900513) li      a0, 9
core   0: 3 0x80001f48 (0x00900513) x10 0x00000009
core   0: 0x80001f4c (0x015c3bb3) sltu    s7, s8, s5
core   0: 3 0x80001f4c (0x015c3bb3) x23 0x00000001
core   0: 0x80001f50 (0x02f94133) div     sp, s2, a5
core   0: 3 0x80001f50 (0x02f94133) x 2 0x00000001
core   0: 0x80001f54 (0x73874197) auipc   gp, 0x73874
core   0: 3 0x80001f54 (0x73874197) x 3 0xf3875f54
core   0: 0x80001f58 (0x00900913) li      s2, 9
core   0: 3 0x80001f58 (0x00900913) x18 0x00000009
core   0: 0x80001f5c (0x00cd55b3) srl     a1, s10, a2
core   0: 3 0x80001f5c (0x00cd55b3) x11 0x00000013
core   0: 0x80001f60 (0x40925d33) sra     s10, tp, s1
core   0: 3 0x80001f60 (0x40925d33) x26 0xfffffff5
core   0: 0x80001f64 (0x802b7d13) andi    s10, s6, -2046
core   0: 3 0x80001f64 (0x802b7d13) x26 0x7ffda000
core   0: 0x80001f68 (0x02bb4333) div     t1, s6, a1
core   0: 3 0x80001f68 (0x02bb4333) x 6 0x06bc81fa
core   0: 0x80001f6c (0x405dd033) sra     zero, s11, t0
core   0: 3 0x80001f6c (0x405dd033)
core   0: 0x80001f70 (0xffe50513) addi    a0, a0, -2
core   0: 3 0x80001f70 (0xffe50513) x10 0x00000007
core   0: 0x80001f74 (0xff257ae3) bgeu    a0, s2, pc - 12
core   0: 3 0x80001f74 (0xff257ae3)
core   0: 0x80001f78 (0x02d1ed33) rem     s10, gp, a3
core   0: 3 0x80001f78 (0x02d1ed33) x26 0xfffffffb
core   0: 0x80001f7c (0x00200493) li      s1, 2
core   0: 3 0x80001f7c (0x00200493) x 9 0x00000002
core   0: 0x80001f80 (0xb27b2c13) slti    s8, s6, -1241
core   0: 3 0x80001f80 (0xb27b2c13) x24 0x00000000
core   0: 0x80001f84 (0x01562a33) slt     s4, a2, s5
core   0: 3 0x80001f84 (0x01562a33) x20 0x00000000
core   0: 0x80001f88 (0x0314b0b3) mulhu   ra, s1, a7
core   0: 3 0x80001f88 (0x0314b0b3) x 1 0x00000000
core   0: 0x80001f8c (0x41668fb3) sub     t6, a3, s6
core   0: 3 0x80001f8c (0x41668fb3) x31 0x80025a78
core   0: 0x80001f90 (0x320ee813) ori     a6, t4, 800
core   0: 3 0x80001f90 (0x320ee813) x16 0x000003a6
core   0: 0x80001f94 (0x0224ee33) rem     t3, s1, sp
core   0: 3 0x80001f94 (0x0224ee33) x28 0x00000000
core   0: 0x80001f98 (0x01000293) li      t0, 16
core   0: 3 0x80001f98 (0x01000293) x 5 0x00000010
core   0: 0x80001f9c (0x03d2e033) rem     zero, t0, t4
core   0: 3 0x80001f9c (0x03d2e033)
core   0: 0x80001fa0 (0x5c9cfb93) andi    s7, s9, 1481
core   0: 3 0x80001fa0 (0x5c9cfb93) x23 0x00000000
core   0: 0x80001fa4 (0x02a47e33) remu    t3, s0, a0
core   0: 3 0x80001fa4 (0x02a47e33) x28 0x00000005
core   0: 0x80001fa8 (0xcd6e6f93) ori     t6, t3, -810
core   0: 3 0x80001fa8 (0xcd6e6f93) x31 0xfffffcd7
core   0: 0x80001fac (0x51d12993) slti    s3, sp, 1309
core   0: 3 0x80001fac (0x51d12993) x19 0x00000001
core   0: 0x80001fb0 (0x010eec33) or      s8, t4, a6
core   0: 3 0x80001fb0 (0x010eec33) x24 0x000003a6
core   0: 0x80001fb4 (0x015085b3) add     a1, ra, s5
core   0: 3 0x80001fb4 (0x015085b3) x11 0x80029ce4
core   0: 0x80001fb8 (0x37d7e397) auipc   t2, 0x37d7e
core   0: 3 0x80001fb8 (0x37d7e397) x 7 0xb7d7ffb8
core   0: 0x80001fbc (0x00748493) addi    s1, s1, 7
core   0: 3 0x80001fbc (0x00748493) x 9 0x00000009
core   0: 0x80001fc0 (0x35248693) addi    a3, s1, 850
core   0: 3 0x80001fc0 (0x35248693) x13 0x0000035b
core   0: 0x80001fc4 (0x0302a8b3) mulhsu  a7, t0, a6
core   0: 3 0x80001fc4 (0x0302a8b3) x17 0x00000000
core   0: 0x80001fc8 (0x41ee5193) srai    gp, t3, 30
core   0: 3 0x80001fc8 (0x41ee5193) x 3 0x00000000
core   0: 0x80001fcc (0x02be40b3) div     ra, t3, a1
core   0: 3 0x80001fcc (0x02be40b3) x 1 0x00000000
core   0: 0x80001fd0 (0xfe54c0e3) blt     s1, t0, pc - 32
core   0: 3 0x80001fd0 (0xfe54c0e3)
core   0: 0x80001fb0 (0x010eec33) or      s8, t4, a6
core   0: 3 0x80001fb0 (0x010eec33) x24 0x000003a6
core   0: 0x80001fb4 (0x015085b3) add     a1, ra, s5
core   0: 3 0x80001fb4 (0x015085b3) x11 0x80029ce4
core   0: 0x80001fb8 (0x37d7e397) auipc   t2, 0x37d7e
core   0: 3 0x80001fb8 (0x37d7e397) x 7 0xb7d7ffb8
core   0: 0x80001fbc (0x00748493) addi    s1, s1, 7
core   0: 3 0x80001fbc (0x00748493) x 9 0x00000010
core   0: 0x80001fc0 (0x35248693) addi    a3, s1, 850
core   0: 3 0x80001fc0 (0x35248693) x13 0x00000362
core   0: 0x80001fc4 (0x0302a8b3) mulhsu  a7, t0, a6
core   0: 3 0x80001fc4 (0x0302a8b3) x17 0x00000000
core   0: 0x80001fc8 (0x41ee5193) srai    gp, t3, 30
core   0: 3 0x80001fc8 (0x41ee5193) x 3 0x00000000
core   0: 0x80001fcc (0x02be40b3) div     ra, t3, a1
core   0: 3 0x80001fcc (0x02be40b3) x 1 0x00000000
core   0: 0x80001fd0 (0xfe54c0e3) blt     s1, t0, pc - 32
core   0: 3 0x80001fd0 (0xfe54c0e3)
core   0: 0x80001fd4 (0x688b4097) auipc   ra, 0x688b4
core   0: 3 0x80001fd4 (0x688b4097) x 1 0xe88b5fd4
core   0: 0x80001fd8 (0xffd00193) li      gp, -3
core   0: 3 0x80001fd8 (0xffd00193) x 3 0xfffffffd
core   0: 0x80001fdc (0x02b2b633) mulhu   a2, t0, a1
core   0: 3 0x80001fdc (0x02b2b633) x12 0x00000008
core   0: 0x80001fe0 (0x02c95fb3) divu    t6, s2, a2
core   0: 3 0x80001fe0 (0x02c95fb3) x31 0x00000001
core   0: 0x80001fe4 (0xfff00993) li      s3, -1
core   0: 3 0x80001fe4 (0xfff00993) x19 0xffffffff
core   0: 0x80001fe8 (0x005f4893) xori    a7, t5, 5
core   0: 3 0x80001fe8 (0x005f4893) x17 0x00000005
core   0: 0x80001fec (0x010ab5b3) sltu    a1, s5, a6
core   0: 3 0x80001fec (0x010ab5b3) x11 0x00000000
core   0: 0x80001ff0 (0x036d4cb3) div     s9, s10, s6
core   0: 3 0x80001ff0 (0x036d4cb3) x25 0x00000000
core   0: 0x80001ff4 (0x031b3a33) mulhu   s4, s6, a7
core   0: 3 0x80001ff4 (0x031b3a33) x20 0x00000002
core   0: 0x80001ff8 (0x011dfbb3) and     s7, s11, a7
core   0: 3 0x80001ff8 (0x011dfbb3) x23 0x00000005
core   0: 0x80001ffc (0x0100d2b3) srl     t0, ra, a6
core   0: 3 0x80001ffc (0x0100d2b3) x 5 0x03a22d7f
core   0: 0x80002000 (0x00118193) addi    gp, gp, 1
core   0: 3 0x80002000 (0x00118193) x 3 0xfffffffe
core   0: 0x80002004 (0x00000013) nop
core   0: 3 0x80002004 (0x00000013)
core   0: 0x80002008 (0x2fa7a093) slti    ra, a5, 762
core   0: 3 0x80002008 (0x2fa7a093) x 1 0x00000001
core   0: 0x8000200c (0x031a20b3) mulhsu  ra, s4, a7
core   0: 3 0x8000200c (0x031a20b3) x 1 0x00000000
core   0: 0x80002010 (0x00272cb3) slt     s9, a4, sp
core   0: 3 0x80002010 (0x00272cb3) x25 0x00000001
core   0: 0x80002014 (0x400dd813) srai    a6, s11, 0
core   0: 3 0x80002014 (0x400dd813) x16 0x00000435
core   0: 0x80002018 (0x02ee6433) rem     s0, t3, a4
core   0: 3 0x80002018 (0x02ee6433) x 8 0x00000000
core   0: 0x8000201c (0xfd318ce3) beq     gp, s3, pc - 40
core   0: 3 0x8000201c (0xfd318ce3)
core   0: 0x80002020 (0x02a86a33) rem     s4, a6, a0
core   0: 3 0x80002020 (0x02a86a33) x20 0x00000006
core   0: 0x80002024 (0x00a00613) li      a2, 10
core   0: 3 0x80002024 (0x00a00613) x12 0x0000000a
core   0: 0x80002028 (0x00678bb3) add     s7, a5, t1
core   0: 3 0x80002028 (0x00678bb3) x23 0x86bee05e
core   0: 0x8000202c (0x00c00513) li      a0, 12
core   0: 3 0x8000202c (0x00c00513) x10 0x0000000c
core   0: 0x80002030 (0x00000013) nop
core   0: 3 0x80002030 (0x00000013)
core   0: 0x80002034 (0x00517733) and     a4, sp, t0
core   0: 3 0x80002034 (0x00517733) x14 0x00000001
core   0: 0x80002038 (0x00160613) addi    a2, a2, 1
core   0: 3 0x80002038 (0x00160613) x12 0x0000000b
core   0: 0x8000203c (0x00a9a2b3) slt     t0, s3, a0
core   0: 3 0x8000203c (0x00a9a2b3) x 5 0x00000001
core   0: 0x80002040 (0x62c2c237) lui     tp, 0x62c2c
core   0: 3 0x80002040 (0x62c2c237) x 4 0x62c2c000
core   0: 0x80002044 (0x03905933) divu    s2, zero, s9
core   0: 3 0x80002044 (0x03905933) x18 0x00000000
core   0: 0x80002048 (0x00200e93) li      t4, 2
core   0: 3 0x80002048 (0x00200e93) x29 0x00000002
core   0: 0x8000204c (0x00d8b733) sltu    a4, a7, a3
core   0: 3 0x8000204c (0x00d8b733) x14 0x00000001
core   0: 0x80002050 (0x00a76b33) or      s6, a4, a0
core   0: 3 0x80002050 (0x00a76b33) x22 0x0000000d
core   0: 0x80002054 (0x01bda433) slt     s0, s11, s11
core   0: 3 0x80002054 (0x01bda433) x 8 0x00000000
core   0: 0x80002058 (0x01400493) li      s1, 20
core   0: 3 0x80002058 (0x01400493) x 9 0x00000014
core   0: 0x8000205c (0x00957fb3) and     t6, a0, s1
core   0: 3 0x8000205c (0x00957fb3) x31 0x00000004
core   0: 0x80002060 (0x70cbdb97) auipc   s7, 0x70cbd
core   0: 3 0x80002060 (0x70cbdb97) x23 0xf0cbf060
core   0: 0x80002064 (0x037c4933) div     s2, s8, s7
core   0: 3 0x80002064 (0x037c4933) x18 0x00000000
core   0: 0x80002068 (0x89f6e113) ori     sp, a3, -1889
core   0: 3 0x80002068 (0x89f6e113) x 2 0xfffffbff
core   0: 0x8000206c (0x001e8e93) addi    t4, t4, 1
core   0: 3 0x8000206c (0x001e8e93) x29 0x00000003
core   0: 0x80002070 (0xc2b8c393) xori    t2, a7, -981
core   0: 3 0x80002070 (0xc2b8c393) x 7 0xfffffc2e
core   0: 0x80002074 (0x0205ad33) mulhsu  s10, a1, zero
core   0: 3 0x80002074 (0x0205ad33) x26 0x00000000
core   0: 0x80002078 (0x0161ecb3) or      s9, gp, s6
core   0: 3 0x80002078 (0x0161ecb3) x25 0xffffffff
core   0: 0x8000207c (0x40015d33) sra     s10, sp, zero
core   0: 3 0x8000207c (0x40015d33) x26 0xfffffbff
core   0: 0x80002080 (0x0143f433) and     s0, t2, s4
core   0: 3 0x80002080 (0x0143f433) x 8 0x00000006
core   0: 0x80002084 (0x00bb4693) xori    a3, s6, 11
core   0: 3 0x80002084 (0x00bb4693) x13 0x00000006
core   0: 0x80002088 (0x00556733) or      a4, a0, t0
core   0: 3 0x80002088 (0x00556733) x14 0x0000000d
core   0: 0x8000208c (0xfc9e9ce3) bne     t4, s1, pc - 40
core   0: 3 0x8000208c (0xfc9e9ce3)
core   0: 0x80002064 (0x037c4933) div     s2, s8, s7
core   0: 3 0x80002064 (0x037c4933) x18 0x00000000
core   0: 0x80002068 (0x89f6e113) ori     sp, a3, -1889
core   0: 3 0x80002068 (0x89f6e113) x 2 0xfffff89f
core   0: 0x8000206c (0x001e8e93) addi    t4, t4, 1
core   0: 3 0x8000206c (0x001e8e93) x29 0x00000004
core   0: 0x80002070 (0xc2b8c393) xori    t2, a7, -981
core   0: 3 0x80002070 (0xc2b8c393) x 7 0xfffffc2e
core   0: 0x80002074 (0x0205ad33) mulhsu  s10, a1, zero
core   0: 3 0x80002074 (0x0205ad33) x26 0x00000000
core   0: 0x80002078 (0x0161ecb3) or      s9, gp, s6
core   0: 3 0x80002078 (0x0161ecb3) x25 0xffffffff
core   0: 0x8000207c (0x40015d33) sra     s10, sp, zero
core   0: 3 0x8000207c (0x40015d33) x26 0xfffff89f
core   0: 0x80002080 (0x0143f433) and     s0, t2, s4
core   0: 3 0x80002080 (0x0143f433) x 8 0x00000006
core   0: 0x80002084 (0x00bb4693) xori    a3, s6, 11
core   0: 3 0x80002084 (0x00bb4693) x13 0x00000006
core   0: 0x80002088 (0x00556733) or      a4, a0, t0
core   0: 3 0x80002088 (0x00556733) x14 0x0000000d
core   0: 0x8000208c (0xfc9e9ce3) bne     t4, s1, pc - 40
core   0: 3 0x8000208c (0xfc9e9ce3)
core   0: 0x80002064 (0x037c4933) div     s2, s8, s7
core   0: 3 0x80002064 (0x037c4933) x18 0x00000000
core   0: 0x80002068 (0x89f6e113) ori     sp, a3, -1889
core   0: 3 0x80002068 (0x89f6e113) x 2 0xfffff89f
core   0: 0x8000206c (0x001e8e93) addi    t4, t4, 1
core   0: 3 0x8000206c (0x001e8e93) x29 0x00000005
core   0: 0x80002070 (0xc2b8c393) xori    t2, a7, -981
core   0: 3 0x80002070 (0xc2b8c393) x 7 0xfffffc2e
core   0: 0x80002074 (0x0205ad33) mulhsu  s10, a1, zero
core   0: 3 0x80002074 (0x0205ad33) x26 0x00000000
core   0: 0x80002078 (0x0161ecb3) or      s9, gp, s6
core   0: 3 0x80002078 (0x0161ecb3) x25 0xffffffff
core   0: 0x8000207c (0x40015d33) sra     s10, sp, zero
core   0: 3 0x8000207c (0x40015d33) x26 0xfffff89f
core   0: 0x80002080 (0x0143f433) and     s0, t2, s4
core   0: 3 0x80002080 (0x0143f433) x 8 0x00000006
core   0: 0x80002084 (0x00bb4693) xori    a3, s6, 11
core   0: 3 0x80002084 (0x00bb4693) x13 0x00000006
core   0: 0x80002088 (0x00556733) or      a4, a0, t0
core   0: 3 0x80002088 (0x00556733) x14 0x0000000d
core   0: 0x8000208c (0xfc9e9ce3) bne     t4, s1, pc - 40
core   0: 3 0x8000208c (0xfc9e9ce3)
core   0: 0x80002064 (0x037c4933) div     s2, s8, s7
core   0: 3 0x80002064 (0x037c4933) x18 0x00000000
core   0: 0x80002068 (0x89f6e113) ori     sp, a3, -1889
core   0: 3 0x80002068 (0x89f6e113) x 2 0xfffff89f
core   0: 0x8000206c (0x001e8e93) addi    t4, t4, 1
core   0: 3 0x8000206c (0x001e8e93) x29 0x00000006
core   0: 0x80002070 (0xc2b8c393) xori    t2, a7, -981
core   0: 3 0x80002070 (0xc2b8c393) x 7 0xfffffc2e
core   0: 0x80002074 (0x0205ad33) mulhsu  s10, a1, zero
core   0: 3 0x80002074 (0x0205ad33) x26 0x00000000
core   0: 0x80002078 (0x0161ecb3) or      s9, gp, s6
core   0: 3 0x80002078 (0x0161ecb3) x25 0xffffffff
core   0: 0x8000207c (0x40015d33) sra     s10, sp, zero
core   0: 3 0x8000207c (0x40015d33) x26 0xfffff89f
core   0: 0x80002080 (0x0143f433) and     s0, t2, s4
core   0: 3 0x80002080 (0x0143f433) x 8 0x00000006
core   0: 0x80002084 (0x00bb4693) xori    a3, s6, 11
core   0: 3 0x80002084 (0x00bb4693) x13 0x00000006
core   0: 0x80002088 (0x00556733) or      a4, a0, t0
core   0: 3 0x80002088 (0x00556733) x14 0x0000000d
core   0: 0x8000208c (0xfc9e9ce3) bne     t4, s1, pc - 40
core   0: 3 0x8000208c (0xfc9e9ce3)
core   0: 0x80002064 (0x037c4933) div     s2, s8, s7
core   0: 3 0x80002064 (0x037c4933) x18 0x00000000
core   0: 0x80002068 (0x89f6e113) ori     sp, a3, -1889
core   0: 3 0x80002068 (0x89f6e113) x 2 0xfffff89f
core   0: 0x8000206c (0x001e8e93) addi    t4, t4, 1
core   0: 3 0x8000206c (0x001e8e93) x29 0x00000007
core   0: 0x80002070 (0xc2b8c393) xori    t2, a7, -981
core   0: 3 0x80002070 (0xc2b8c393) x 7 0xfffffc2e
core   0: 0x80002074 (0x0205ad33) mulhsu  s10, a1, zero
core   0: 3 0x80002074 (0x0205ad33) x26 0x00000000
core   0: 0x80002078 (0x0161ecb3) or      s9, gp, s6
core   0: 3 0x80002078 (0x0161ecb3) x25 0xffffffff
core   0: 0x8000207c (0x40015d33) sra     s10, sp, zero
core   0: 3 0x8000207c (0x40015d33) x26 0xfffff89f
core   0: 0x80002080 (0x0143f433) and     s0, t2, s4
core   0: 3 0x80002080 (0x0143f433) x 8 0x00000006
core   0: 0x80002084 (0x00bb4693) xori    a3, s6, 11
core   0: 3 0x80002084 (0x00bb4693) x13 0x00000006
core   0: 0x80002088 (0x00556733) or      a4, a0, t0
core   0: 3 0x80002088 (0x00556733) x14 0x0000000d
core   0: 0x8000208c (0xfc9e9ce3) bne     t4, s1, pc - 40
core   0: 3 0x8000208c (0xfc9e9ce3)
core   0: 0x80002064 (0x037c4933) div     s2, s8, s7
core   0: 3 0x80002064 (0x037c4933) x18 0x00000000
core   0: 0x80002068 (0x89f6e113) ori     sp, a3, -1889
core   0: 3 0x80002068 (0x89f6e113) x 2 0xfffff89f
core   0: 0x8000206c (0x001e8e93) addi    t4, t4, 1
core   0: 3 0x8000206c (0x001e8e93) x29 0x00000008
core   0: 0x80002070 (0xc2b8c393) xori    t2, a7, -981
core   0: 3 0x80002070 (0xc2b8c393) x 7 0xfffffc2e
core   0: 0x80002074 (0x0205ad33) mulhsu  s10, a1, zero
core   0: 3 0x80002074 (0x0205ad33) x26 0x00000000
core   0: 0x80002078 (0x0161ecb3) or      s9, gp, s6
core   0: 3 0x80002078 (0x0161ecb3) x25 0xffffffff
core   0: 0x8000207c (0x40015d33) sra     s10, sp, zero
core   0: 3 0x8000207c (0x40015d33) x26 0xfffff89f
core   0: 0x80002080 (0x0143f433) and     s0, t2, s4
core   0: 3 0x80002080 (0x0143f433) x 8 0x00000006
core   0: 0x80002084 (0x00bb4693) xori    a3, s6, 11
core   0: 3 0x80002084 (0x00bb4693) x13 0x00000006
core   0: 0x80002088 (0x00556733) or      a4, a0, t0
core   0: 3 0x80002088 (0x00556733) x14 0x0000000d
core   0: 0x8000208c (0xfc9e9ce3) bne     t4, s1, pc - 40
core   0: 3 0x8000208c (0xfc9e9ce3)
core   0: 0x80002064 (0x037c4933) div     s2, s8, s7
core   0: 3 0x80002064 (0x037c4933) x18 0x00000000
core   0: 0x80002068 (0x89f6e113) ori     sp, a3, -1889
core   0: 3 0x80002068 (0x89f6e113) x 2 0xfffff89f
core   0: 0x8000206c (0x001e8e93) addi    t4, t4, 1
core   0: 3 0x8000206c (0x001e8e93) x29 0x00000009
core   0: 0x80002070 (0xc2b8c393) xori    t2, a7, -981
core   0: 3 0x80002070 (0xc2b8c393) x 7 0xfffffc2e
core   0: 0x80002074 (0x0205ad33) mulhsu  s10, a1, zero
core   0: 3 0x80002074 (0x0205ad33) x26 0x00000000
core   0: 0x80002078 (0x0161ecb3) or      s9, gp, s6
core   0: 3 0x80002078 (0x0161ecb3) x25 0xffffffff
core   0: 0x8000207c (0x40015d33) sra     s10, sp, zero
core   0: 3 0x8000207c (0x40015d33) x26 0xfffff89f
core   0: 0x80002080 (0x0143f433) and     s0, t2, s4
core   0: 3 0x80002080 (0x0143f433) x 8 0x00000006
core   0: 0x80002084 (0x00bb4693) xori    a3, s6, 11
core   0: 3 0x80002084 (0x00bb4693) x13 0x00000006
core   0: 0x80002088 (0x00556733) or      a4, a0, t0
core   0: 3 0x80002088 (0x00556733) x14 0x0000000d
core   0: 0x8000208c (0xfc9e9ce3) bne     t4, s1, pc - 40
core   0: 3 0x8000208c (0xfc9e9ce3)
core   0: 0x80002064 (0x037c4933) div     s2, s8, s7
core   0: 3 0x80002064 (0x037c4933) x18 0x00000000
core   0: 0x80002068 (0x89f6e113) ori     sp, a3, -1889
core   0: 3 0x80002068 (0x89f6e113) x 2 0xfffff89f
core   0: 0x8000206c (0x001e8e93) addi    t4, t4, 1
core   0: 3 0x8000206c (0x001e8e93) x29 0x0000000a
core   0: 0x80002070 (0xc2b8c393) xori    t2, a7, -981
core   0: 3 0x80002070 (0xc2b8c393) x 7 0xfffffc2e
core   0: 0x80002074 (0x0205ad33) mulhsu  s10, a1, zero
core   0: 3 0x80002074 (0x0205ad33) x26 0x00000000
core   0: 0x80002078 (0x0161ecb3) or      s9, gp, s6
core   0: 3 0x80002078 (0x0161ecb3) x25 0xffffffff
core   0: 0x8000207c (0x40015d33) sra     s10, sp, zero
core   0: 3 0x8000207c (0x40015d33) x26 0xfffff89f
core   0: 0x80002080 (0x0143f433) and     s0, t2, s4
core   0: 3 0x80002080 (0x0143f433) x 8 0x00000006
core   0: 0x80002084 (0x00bb4693) xori    a3, s6, 11
core   0: 3 0x80002084 (0x00bb4693) x13 0x00000006
core   0: 0x80002088 (0x00556733) or      a4, a0, t0
core   0: 3 0x80002088 (0x00556733) x14 0x0000000d
core   0: 0x8000208c (0xfc9e9ce3) bne     t4, s1, pc - 40
core   0: 3 0x8000208c (0xfc9e9ce3)
core   0: 0x80002064 (0x037c4933) div     s2, s8, s7
core   0: 3 0x80002064 (0x037c4933) x18 0x00000000
core   0: 0x80002068 (0x89f6e113) ori     sp, a3, -1889
core   0: 3 0x80002068 (0x89f6e113) x 2 0xfffff89f
core   0: 0x8000206c (0x001e8e93) addi    t4, t4, 1
core   0: 3 0x8000206c (0x001e8e93) x29 0x0000000b
core   0: 0x80002070 (0xc2b8c393) xori    t2, a7, -981
core   0: 3 0x80002070 (0xc2b8c393) x 7 0xfffffc2e
core   0: 0x80002074 (0x0205ad33) mulhsu  s10, a1, zero
core   0: 3 0x80002074 (0x0205ad33) x26 0x00000000
core   0: 0x80002078 (0x0161ecb3) or      s9, gp, s6
core   0: 3 0x80002078 (0x0161ecb3) x25 0xffffffff
core   0: 0x8000207c (0x40015d33) sra     s10, sp, zero
core   0: 3 0x8000207c (0x40015d33) x26 0xfffff89f
core   0: 0x80002080 (0x0143f433) and     s0, t2, s4
core   0: 3 0x80002080 (0x0143f433) x 8 0x00000006
core   0: 0x80002084 (0x00bb4693) xori    a3, s6, 11
core   0: 3 0x80002084 (0x00bb4693) x13 0x00000006
core   0: 0x80002088 (0x00556733) or      a4, a0, t0
core   0: 3 0x80002088 (0x00556733) x14 0x0000000d
core   0: 0x8000208c (0xfc9e9ce3) bne     t4, s1, pc - 40
core   0: 3 0x8000208c (0xfc9e9ce3)
core   0: 0x80002064 (0x037c4933) div     s2, s8, s7
core   0: 3 0x80002064 (0x037c4933) x18 0x00000000
core   0: 0x80002068 (0x89f6e113) ori     sp, a3, -1889
core   0: 3 0x80002068 (0x89f6e113) x 2 0xfffff89f
core   0: 0x8000206c (0x001e8e93) addi    t4, t4, 1
core   0: 3 0x8000206c (0x001e8e93) x29 0x0000000c
core   0: 0x80002070 (0xc2b8c393) xori    t2, a7, -981
core   0: 3 0x80002070 (0xc2b8c393) x 7 0xfffffc2e
core   0: 0x80002074 (0x0205ad33) mulhsu  s10, a1, zero
core   0: 3 0x80002074 (0x0205ad33) x26 0x00000000
core   0: 0x80002078 (0x0161ecb3) or      s9, gp, s6
core   0: 3 0x80002078 (0x0161ecb3) x25 0xffffffff
core   0: 0x8000207c (0x40015d33) sra     s10, sp, zero
core   0: 3 0x8000207c (0x40015d33) x26 0xfffff89f
core   0: 0x80002080 (0x0143f433) and     s0, t2, s4
core   0: 3 0x80002080 (0x0143f433) x 8 0x00000006
core   0: 0x80002084 (0x00bb4693) xori    a3, s6, 11
core   0: 3 0x80002084 (0x00bb4693) x13 0x00000006
core   0: 0x80002088 (0x00556733) or      a4, a0, t0
core   0: 3 0x80002088 (0x00556733) x14 0x0000000d
core   0: 0x8000208c (0xfc9e9ce3) bne     t4, s1, pc - 40
core   0: 3 0x8000208c (0xfc9e9ce3)
core   0: 0x80002064 (0x037c4933) div     s2, s8, s7
core   0: 3 0x80002064 (0x037c4933) x18 0x00000000
core   0: 0x80002068 (0x89f6e113) ori     sp, a3, -1889
core   0: 3 0x80002068 (0x89f6e113) x 2 0xfffff89f
core   0: 0x8000206c (0x001e8e93) addi    t4, t4, 1
core   0: 3 0x8000206c (0x001e8e93) x29 0x0000000d
core   0: 0x80002070 (0xc2b8c393) xori    t2, a7, -981
core   0: 3 0x80002070 (0xc2b8c393) x 7 0xfffffc2e
core   0: 0x80002074 (0x0205ad33) mulhsu  s10, a1, zero
core   0: 3 0x80002074 (0x0205ad33) x26 0x00000000
core   0: 0x80002078 (0x0161ecb3) or      s9, gp, s6
core   0: 3 0x80002078 (0x0161ecb3) x25 0xffffffff
core   0: 0x8000207c (0x40015d33) sra     s10, sp, zero
core   0: 3 0x8000207c (0x40015d33) x26 0xfffff89f
core   0: 0x80002080 (0x0143f433) and     s0, t2, s4
core   0: 3 0x80002080 (0x0143f433) x 8 0x00000006
core   0: 0x80002084 (0x00bb4693) xori    a3, s6, 11
core   0: 3 0x80002084 (0x00bb4693) x13 0x00000006
core   0: 0x80002088 (0x00556733) or      a4, a0, t0
core   0: 3 0x80002088 (0x00556733) x14 0x0000000d
core   0: 0x8000208c (0xfc9e9ce3) bne     t4, s1, pc - 40
core   0: 3 0x8000208c (0xfc9e9ce3)
core   0: 0x80002064 (0x037c4933) div     s2, s8, s7
core   0: 3 0x80002064 (0x037c4933) x18 0x00000000
core   0: 0x80002068 (0x89f6e113) ori     sp, a3, -1889
core   0: 3 0x80002068 (0x89f6e113) x 2 0xfffff89f
core   0: 0x8000206c (0x001e8e93) addi    t4, t4, 1
core   0: 3 0x8000206c (0x001e8e93) x29 0x0000000e
core   0: 0x80002070 (0xc2b8c393) xori    t2, a7, -981
core   0: 3 0x80002070 (0xc2b8c393) x 7 0xfffffc2e
core   0: 0x80002074 (0x0205ad33) mulhsu  s10, a1, zero
core   0: 3 0x80002074 (0x0205ad33) x26 0x00000000
core   0: 0x80002078 (0x0161ecb3) or      s9, gp, s6
core   0: 3 0x80002078 (0x0161ecb3) x25 0xffffffff
core   0: 0x8000207c (0x40015d33) sra     s10, sp, zero
core   0: 3 0x8000207c (0x40015d33) x26 0xfffff89f
core   0: 0x80002080 (0x0143f433) and     s0, t2, s4
core   0: 3 0x80002080 (0x0143f433) x 8 0x00000006
core   0: 0x80002084 (0x00bb4693) xori    a3, s6, 11
core   0: 3 0x80002084 (0x00bb4693) x13 0x00000006
core   0: 0x80002088 (0x00556733) or      a4, a0, t0
core   0: 3 0x80002088 (0x00556733) x14 0x0000000d
core   0: 0x8000208c (0xfc9e9ce3) bne     t4, s1, pc - 40
core   0: 3 0x8000208c (0xfc9e9ce3)
core   0: 0x80002064 (0x037c4933) div     s2, s8, s7
core   0: 3 0x80002064 (0x037c4933) x18 0x00000000
core   0: 0x80002068 (0x89f6e113) ori     sp, a3, -1889
core   0: 3 0x80002068 (0x89f6e113) x 2 0xfffff89f
core   0: 0x8000206c (0x001e8e93) addi    t4, t4, 1
core   0: 3 0x8000206c (0x001e8e93) x29 0x0000000f
core   0: 0x80002070 (0xc2b8c393) xori    t2, a7, -981
core   0: 3 0x80002070 (0xc2b8c393) x 7 0xfffffc2e
core   0: 0x80002074 (0x0205ad33) mulhsu  s10, a1, zero
core   0: 3 0x80002074 (0x0205ad33) x26 0x00000000
core   0: 0x80002078 (0x0161ecb3) or      s9, gp, s6
core   0: 3 0x80002078 (0x0161ecb3) x25 0xffffffff
core   0: 0x8000207c (0x40015d33) sra     s10, sp, zero
core   0: 3 0x8000207c (0x40015d33) x26 0xfffff89f
core   0: 0x80002080 (0x0143f433) and     s0, t2, s4
core   0: 3 0x80002080 (0x0143f433) x 8 0x00000006
core   0: 0x80002084 (0x00bb4693) xori    a3, s6, 11
core   0: 3 0x80002084 (0x00bb4693) x13 0x00000006
core   0: 0x80002088 (0x00556733) or      a4, a0, t0
core   0: 3 0x80002088 (0x00556733) x14 0x0000000d
core   0: 0x8000208c (0xfc9e9ce3) bne     t4, s1, pc - 40
core   0: 3 0x8000208c (0xfc9e9ce3)
core   0: 0x80002064 (0x037c4933) div     s2, s8, s7
core   0: 3 0x80002064 (0x037c4933) x18 0x00000000
core   0: 0x80002068 (0x89f6e113) ori     sp, a3, -1889
core   0: 3 0x80002068 (0x89f6e113) x 2 0xfffff89f
core   0: 0x8000206c (0x001e8e93) addi    t4, t4, 1
core   0: 3 0x8000206c (0x001e8e93) x29 0x00000010
core   0: 0x80002070 (0xc2b8c393) xori    t2, a7, -981
core   0: 3 0x80002070 (0xc2b8c393) x 7 0xfffffc2e
core   0: 0x80002074 (0x0205ad33) mulhsu  s10, a1, zero
core   0: 3 0x80002074 (0x0205ad33) x26 0x00000000
core   0: 0x80002078 (0x0161ecb3) or      s9, gp, s6
core   0: 3 0x80002078 (0x0161ecb3) x25 0xffffffff
core   0: 0x8000207c (0x40015d33) sra     s10, sp, zero
core   0: 3 0x8000207c (0x40015d33) x26 0xfffff89f
core   0: 0x80002080 (0x0143f433) and     s0, t2, s4
core   0: 3 0x80002080 (0x0143f433) x 8 0x00000006
core   0: 0x80002084 (0x00bb4693) xori    a3, s6, 11
core   0: 3 0x80002084 (0x00bb4693) x13 0x00000006
core   0: 0x80002088 (0x00556733) or      a4, a0, t0
core   0: 3 0x80002088 (0x00556733) x14 0x0000000d
core   0: 0x8000208c (0xfc9e9ce3) bne     t4, s1, pc - 40
core   0: 3 0x8000208c (0xfc9e9ce3)
core   0: 0x80002064 (0x037c4933) div     s2, s8, s7
core   0: 3 0x80002064 (0x037c4933) x18 0x00000000
core   0: 0x80002068 (0x89f6e113) ori     sp, a3, -1889
core   0: 3 0x80002068 (0x89f6e113) x 2 0xfffff89f
core   0: 0x8000206c (0x001e8e93) addi    t4, t4, 1
core   0: 3 0x8000206c (0x001e8e93) x29 0x00000011
core   0: 0x80002070 (0xc2b8c393) xori    t2, a7, -981
core   0: 3 0x80002070 (0xc2b8c393) x 7 0xfffffc2e
core   0: 0x80002074 (0x0205ad33) mulhsu  s10, a1, zero
core   0: 3 0x80002074 (0x0205ad33) x26 0x00000000
core   0: 0x80002078 (0x0161ecb3) or      s9, gp, s6
core   0: 3 0x80002078 (0x0161ecb3) x25 0xffffffff
core   0: 0x8000207c (0x40015d33) sra     s10, sp, zero
core   0: 3 0x8000207c (0x40015d33) x26 0xfffff89f
core   0: 0x80002080 (0x0143f433) and     s0, t2, s4
core   0: 3 0x80002080 (0x0143f433) x 8 0x00000006
core   0: 0x80002084 (0x00bb4693) xori    a3, s6, 11
core   0: 3 0x80002084 (0x00bb4693) x13 0x00000006
core   0: 0x80002088 (0x00556733) or      a4, a0, t0
core   0: 3 0x80002088 (0x00556733) x14 0x0000000d
core   0: 0x8000208c (0xfc9e9ce3) bne     t4, s1, pc - 40
core   0: 3 0x8000208c (0xfc9e9ce3)
core   0: 0x80002064 (0x037c4933) div     s2, s8, s7
core   0: 3 0x80002064 (0x037c4933) x18 0x00000000
core   0: 0x80002068 (0x89f6e113) ori     sp, a3, -1889
core   0: 3 0x80002068 (0x89f6e113) x 2 0xfffff89f
core   0: 0x8000206c (0x001e8e93) addi    t4, t4, 1
core   0: 3 0x8000206c (0x001e8e93) x29 0x00000012
core   0: 0x80002070 (0xc2b8c393) xori    t2, a7, -981
core   0: 3 0x80002070 (0xc2b8c393) x 7 0xfffffc2e
core   0: 0x80002074 (0x0205ad33) mulhsu  s10, a1, zero
core   0: 3 0x80002074 (0x0205ad33) x26 0x00000000
core   0: 0x80002078 (0x0161ecb3) or      s9, gp, s6
core   0: 3 0x80002078 (0x0161ecb3) x25 0xffffffff
core   0: 0x8000207c (0x40015d33) sra     s10, sp, zero
core   0: 3 0x8000207c (0x40015d33) x26 0xfffff89f
core   0: 0x80002080 (0x0143f433) and     s0, t2, s4
core   0: 3 0x80002080 (0x0143f433) x 8 0x00000006
core   0: 0x80002084 (0x00bb4693) xori    a3, s6, 11
core   0: 3 0x80002084 (0x00bb4693) x13 0x00000006
core   0: 0x80002088 (0x00556733) or      a4, a0, t0
core   0: 3 0x80002088 (0x00556733) x14 0x0000000d
core   0: 0x8000208c (0xfc9e9ce3) bne     t4, s1, pc - 40
core   0: 3 0x8000208c (0xfc9e9ce3)
core   0: 0x80002064 (0x037c4933) div     s2, s8, s7
core   0: 3 0x80002064 (0x037c4933) x18 0x00000000
core   0: 0x80002068 (0x89f6e113) ori     sp, a3, -1889
core   0: 3 0x80002068 (0x89f6e113) x 2 0xfffff89f
core   0: 0x8000206c (0x001e8e93) addi    t4, t4, 1
core   0: 3 0x8000206c (0x001e8e93) x29 0x00000013
core   0: 0x80002070 (0xc2b8c393) xori    t2, a7, -981
core   0: 3 0x80002070 (0xc2b8c393) x 7 0xfffffc2e
core   0: 0x80002074 (0x0205ad33) mulhsu  s10, a1, zero
core   0: 3 0x80002074 (0x0205ad33) x26 0x00000000
core   0: 0x80002078 (0x0161ecb3) or      s9, gp, s6
core   0: 3 0x80002078 (0x0161ecb3) x25 0xffffffff
core   0: 0x8000207c (0x40015d33) sra     s10, sp, zero
core   0: 3 0x8000207c (0x40015d33) x26 0xfffff89f
core   0: 0x80002080 (0x0143f433) and     s0, t2, s4
core   0: 3 0x80002080 (0x0143f433) x 8 0x00000006
core   0: 0x80002084 (0x00bb4693) xori    a3, s6, 11
core   0: 3 0x80002084 (0x00bb4693) x13 0x00000006
core   0: 0x80002088 (0x00556733) or      a4, a0, t0
core   0: 3 0x80002088 (0x00556733) x14 0x0000000d
core   0: 0x8000208c (0xfc9e9ce3) bne     t4, s1, pc - 40
core   0: 3 0x8000208c (0xfc9e9ce3)
core   0: 0x80002064 (0x037c4933) div     s2, s8, s7
core   0: 3 0x80002064 (0x037c4933) x18 0x00000000
core   0: 0x80002068 (0x89f6e113) ori     sp, a3, -1889
core   0: 3 0x80002068 (0x89f6e113) x 2 0xfffff89f
core   0: 0x8000206c (0x001e8e93) addi    t4, t4, 1
core   0: 3 0x8000206c (0x001e8e93) x29 0x00000014
core   0: 0x80002070 (0xc2b8c393) xori    t2, a7, -981
core   0: 3 0x80002070 (0xc2b8c393) x 7 0xfffffc2e
core   0: 0x80002074 (0x0205ad33) mulhsu  s10, a1, zero
core   0: 3 0x80002074 (0x0205ad33) x26 0x00000000
core   0: 0x80002078 (0x0161ecb3) or      s9, gp, s6
core   0: 3 0x80002078 (0x0161ecb3) x25 0xffffffff
core   0: 0x8000207c (0x40015d33) sra     s10, sp, zero
core   0: 3 0x8000207c (0x40015d33) x26 0xfffff89f
core   0: 0x80002080 (0x0143f433) and     s0, t2, s4
core   0: 3 0x80002080 (0x0143f433) x 8 0x00000006
core   0: 0x80002084 (0x00bb4693) xori    a3, s6, 11
core   0: 3 0x80002084 (0x00bb4693) x13 0x00000006
core   0: 0x80002088 (0x00556733) or      a4, a0, t0
core   0: 3 0x80002088 (0x00556733) x14 0x0000000d
core   0: 0x8000208c (0xfc9e9ce3) bne     t4, s1, pc - 40
core   0: 3 0x8000208c (0xfc9e9ce3)
core   0: 0x80002090 (0x00ed46b3) xor     a3, s10, a4
core   0: 3 0x80002090 (0x00ed46b3) x13 0xfffff892
core   0: 0x80002094 (0xfaa600e3) beq     a2, a0, pc - 96
core   0: 3 0x80002094 (0xfaa600e3)
core   0: 0x80002098 (0x0192f0b3) and     ra, t0, s9
core   0: 3 0x80002098 (0x0192f0b3) x 1 0x00000001
core   0: 0x8000209c (0x00900413) li      s0, 9
core   0: 3 0x8000209c (0x00900413) x 8 0x00000009
core   0: 0x800020a0 (0x00300c93) li      s9, 3
core   0: 3 0x800020a0 (0x00300c93) x25 0x00000003
core   0: 0x800020a4 (0x03329933) mulh    s2, t0, s3
core   0: 3 0x800020a4 (0x03329933) x18 0xffffffff
core   0: 0x800020a8 (0x02bbde33) divu    t3, s7, a1
core   0: 3 0x800020a8 (0x02bbde33) x28 0xffffffff
core   0: 0x800020ac (0x41e206b3) sub     a3, tp, t5
core   0: 3 0x800020ac (0x41e206b3) x13 0x62c2c000
core   0: 0x800020b0 (0xfff40413) addi    s0, s0, -1
core   0: 3 0x800020b0 (0xfff40413) x 8 0x00000008
core   0: 0x800020b4 (0x413e05b3) sub     a1, t3, s3
core   0: 3 0x800020b4 (0x413e05b3) x11 0x00000000
core   0: 0x800020b8 (0x49b2ac37) lui     s8, 0x49b2a
core   0: 3 0x800020b8 (0x49b2ac37) x24 0x49b2a000
core   0: 0x800020bc (0xff600513) li      a0, -10
core   0: 3 0x800020bc (0xff600513) x10 0xfffffff6
core   0: 0x800020c0 (0x01ca5c17) auipc   s8, 0x1ca5
core   0: 3 0x800020c0 (0x01ca5c17) x24 0x81ca70c0
core   0: 0x800020c4 (0xff500393) li      t2, -11
core   0: 3 0x800020c4 (0xff500393) x 7 0xfffffff5
core   0: 0x800020c8 (0x00468d33) add     s10, a3, tp
core   0: 3 0x800020c8 (0x00468d33) x26 0xc5858000
core   0: 0x800020cc (0xffb50513) addi    a0, a0, -5
core   0: 3 0x800020cc (0xffb50513) x10 0xfffffff1
core   0: 0x800020d0 (0xfe755ce3) bge     a0, t2, pc - 8
core   0: 3 0x800020d0 (0xfe755ce3)
core   0: 0x800020d4 (0xfd947ce3) bgeu    s0, s9, pc - 40
core   0: 3 0x800020d4 (0xfd947ce3)
core   0: 0x800020ac (0x41e206b3) sub     a3, tp, t5
core   0: 3 0x800020ac (0x41e206b3) x13 0x62c2c000
core   0: 0x800020b0 (0xfff40413) addi    s0, s0, -1
core   0: 3 0x800020b0 (0xfff40413) x 8 0x00000007
core   0: 0x800020b4 (0x413e05b3) sub     a1, t3, s3
core   0: 3 0x800020b4 (0x413e05b3) x11 0x00000000
core   0: 0x800020b8 (0x49b2ac37) lui     s8, 0x49b2a
core   0: 3 0x800020b8 (0x49b2ac37) x24 0x49b2a000
core   0: 0x800020bc (0xff600513) li      a0, -10
core   0: 3 0x800020bc (0xff600513) x10 0xfffffff6
core   0: 0x800020c0 (0x01ca5c17) auipc   s8, 0x1ca5
core   0: 3 0x800020c0 (0x01ca5c17) x24 0x81ca70c0
core   0: 0x800020c4 (0xff500393) li      t2, -11
core   0: 3 0x800020c4 (0xff500393) x 7 0xfffffff5
core   0: 0x800020c8 (0x00468d33) add     s10, a3, tp
core   0: 3 0x800020c8 (0x00468d33) x26 0xc5858000
core   0: 0x800020cc (0xffb50513) addi    a0, a0, -5
core   0: 3 0x800020cc (0xffb50513) x10 0xfffffff1
core   0: 0x800020d0 (0xfe755ce3) bge     a0, t2, pc - 8
core   0: 3 0x800020d0 (0xfe755ce3)
core   0: 0x800020d4 (0xfd947ce3) bgeu    s0, s9, pc - 40
core   0: 3 0x800020d4 (0xfd947ce3)
core   0: 0x800020ac (0x41e206b3) sub     a3, tp, t5
core   0: 3 0x800020ac (0x41e206b3) x13 0x62c2c000
core   0: 0x800020b0 (0xfff40413) addi    s0, s0, -1
core   0: 3 0x800020b0 (0xfff40413) x 8 0x00000006
core   0: 0x800020b4 (0x413e05b3) sub     a1, t3, s3
core   0: 3 0x800020b4 (0x413e05b3) x11 0x00000000
core   0: 0x800020b8 (0x49b2ac37) lui     s8, 0x49b2a
core   0: 3 0x800020b8 (0x49b2ac37) x24 0x49b2a000
core   0: 0x800020bc (0xff600513) li      a0, -10
core   0: 3 0x800020bc (0xff600513) x10 0xfffffff6
core   0: 0x800020c0 (0x01ca5c17) auipc   s8, 0x1ca5
core   0: 3 0x800020c0 (0x01ca5c17) x24 0x81ca70c0
core   0: 0x800020c4 (0xff500393) li      t2, -11
core   0: 3 0x800020c4 (0xff500393) x 7 0xfffffff5
core   0: 0x800020c8 (0x00468d33) add     s10, a3, tp
core   0: 3 0x800020c8 (0x00468d33) x26 0xc5858000
core   0: 0x800020cc (0xffb50513) addi    a0, a0, -5
core   0: 3 0x800020cc (0xffb50513) x10 0xfffffff1
core   0: 0x800020d0 (0xfe755ce3) bge     a0, t2, pc - 8
core   0: 3 0x800020d0 (0xfe755ce3)
core   0: 0x800020d4 (0xfd947ce3) bgeu    s0, s9, pc - 40
core   0: 3 0x800020d4 (0xfd947ce3)
core   0: 0x800020ac (0x41e206b3) sub     a3, tp, t5
core   0: 3 0x800020ac (0x41e206b3) x13 0x62c2c000
core   0: 0x800020b0 (0xfff40413) addi    s0, s0, -1
core   0: 3 0x800020b0 (0xfff40413) x 8 0x00000005
core   0: 0x800020b4 (0x413e05b3) sub     a1, t3, s3
core   0: 3 0x800020b4 (0x413e05b3) x11 0x00000000
core   0: 0x800020b8 (0x49b2ac37) lui     s8, 0x49b2a
core   0: 3 0x800020b8 (0x49b2ac37) x24 0x49b2a000
core   0: 0x800020bc (0xff600513) li      a0, -10
core   0: 3 0x800020bc (0xff600513) x10 0xfffffff6
core   0: 0x800020c0 (0x01ca5c17) auipc   s8, 0x1ca5
core   0: 3 0x800020c0 (0x01ca5c17) x24 0x81ca70c0
core   0: 0x800020c4 (0xff500393) li      t2, -11
core   0: 3 0x800020c4 (0xff500393) x 7 0xfffffff5
core   0: 0x800020c8 (0x00468d33) add     s10, a3, tp
core   0: 3 0x800020c8 (0x00468d33) x26 0xc5858000
core   0: 0x800020cc (0xffb50513) addi    a0, a0, -5
core   0: 3 0x800020cc (0xffb50513) x10 0xfffffff1
core   0: 0x800020d0 (0xfe755ce3) bge     a0, t2, pc - 8
core   0: 3 0x800020d0 (0xfe755ce3)
core   0: 0x800020d4 (0xfd947ce3) bgeu    s0, s9, pc - 40
core   0: 3 0x800020d4 (0xfd947ce3)
core   0: 0x800020ac (0x41e206b3) sub     a3, tp, t5
core   0: 3 0x800020ac (0x41e206b3) x13 0x62c2c000
core   0: 0x800020b0 (0xfff40413) addi    s0, s0, -1
core   0: 3 0x800020b0 (0xfff40413) x 8 0x00000004
core   0: 0x800020b4 (0x413e05b3) sub     a1, t3, s3
core   0: 3 0x800020b4 (0x413e05b3) x11 0x00000000
core   0: 0x800020b8 (0x49b2ac37) lui     s8, 0x49b2a
core   0: 3 0x800020b8 (0x49b2ac37) x24 0x49b2a000
core   0: 0x800020bc (0xff600513) li      a0, -10
core   0: 3 0x800020bc (0xff600513) x10 0xfffffff6
core   0: 0x800020c0 (0x01ca5c17) auipc   s8, 0x1ca5
core   0: 3 0x800020c0 (0x01ca5c17) x24 0x81ca70c0
core   0: 0x800020c4 (0xff500393) li      t2, -11
core   0: 3 0x800020c4 (0xff500393) x 7 0xfffffff5
core   0: 0x800020c8 (0x00468d33) add     s10, a3, tp
core   0: 3 0x800020c8 (0x00468d33) x26 0xc5858000
core   0: 0x800020cc (0xffb50513) addi    a0, a0, -5
core   0: 3 0x800020cc (0xffb50513) x10 0xfffffff1
core   0: 0x800020d0 (0xfe755ce3) bge     a0, t2, pc - 8
core   0: 3 0x800020d0 (0xfe755ce3)
core   0: 0x800020d4 (0xfd947ce3) bgeu    s0, s9, pc - 40
core   0: 3 0x800020d4 (0xfd947ce3)
core   0: 0x800020ac (0x41e206b3) sub     a3, tp, t5
core   0: 3 0x800020ac (0x41e206b3) x13 0x62c2c000
core   0: 0x800020b0 (0xfff40413) addi    s0, s0, -1
core   0: 3 0x800020b0 (0xfff40413) x 8 0x00000003
core   0: 0x800020b4 (0x413e05b3) sub     a1, t3, s3
core   0: 3 0x800020b4 (0x413e05b3) x11 0x00000000
core   0: 0x800020b8 (0x49b2ac37) lui     s8, 0x49b2a
core   0: 3 0x800020b8 (0x49b2ac37) x24 0x49b2a000
core   0: 0x800020bc (0xff600513) li      a0, -10
core   0: 3 0x800020bc (0xff600513) x10 0xfffffff6
core   0: 0x800020c0 (0x01ca5c17) auipc   s8, 0x1ca5
core   0: 3 0x800020c0 (0x01ca5c17) x24 0x81ca70c0
core   0: 0x800020c4 (0xff500393) li      t2, -11
core   0: 3 0x800020c4 (0xff500393) x 7 0xfffffff5
core   0: 0x800020c8 (0x00468d33) add     s10, a3, tp
core   0: 3 0x800020c8 (0x00468d33) x26 0xc5858000
core   0: 0x800020cc (0xffb50513) addi    a0, a0, -5
core   0: 3 0x800020cc (0xffb50513) x10 0xfffffff1
core   0: 0x800020d0 (0xfe755ce3) bge     a0, t2, pc - 8
core   0: 3 0x800020d0 (0xfe755ce3)
core   0: 0x800020d4 (0xfd947ce3) bgeu    s0, s9, pc - 40
core   0: 3 0x800020d4 (0xfd947ce3)
core   0: 0x800020ac (0x41e206b3) sub     a3, tp, t5
core   0: 3 0x800020ac (0x41e206b3) x13 0x62c2c000
core   0: 0x800020b0 (0xfff40413) addi    s0, s0, -1
core   0: 3 0x800020b0 (0xfff40413) x 8 0x00000002
core   0: 0x800020b4 (0x413e05b3) sub     a1, t3, s3
core   0: 3 0x800020b4 (0x413e05b3) x11 0x00000000
core   0: 0x800020b8 (0x49b2ac37) lui     s8, 0x49b2a
core   0: 3 0x800020b8 (0x49b2ac37) x24 0x49b2a000
core   0: 0x800020bc (0xff600513) li      a0, -10
core   0: 3 0x800020bc (0xff600513) x10 0xfffffff6
core   0: 0x800020c0 (0x01ca5c17) auipc   s8, 0x1ca5
core   0: 3 0x800020c0 (0x01ca5c17) x24 0x81ca70c0
core   0: 0x800020c4 (0xff500393) li      t2, -11
core   0: 3 0x800020c4 (0xff500393) x 7 0xfffffff5
core   0: 0x800020c8 (0x00468d33) add     s10, a3, tp
core   0: 3 0x800020c8 (0x00468d33) x26 0xc5858000
core   0: 0x800020cc (0xffb50513) addi    a0, a0, -5
core   0: 3 0x800020cc (0xffb50513) x10 0xfffffff1
core   0: 0x800020d0 (0xfe755ce3) bge     a0, t2, pc - 8
core   0: 3 0x800020d0 (0xfe755ce3)
core   0: 0x800020d4 (0xfd947ce3) bgeu    s0, s9, pc - 40
core   0: 3 0x800020d4 (0xfd947ce3)
core   0: 0x800020d8 (0x0302c9b3) div     s3, t0, a6
core   0: 3 0x800020d8 (0x0302c9b3) x19 0x00000000
core   0: 0x800020dc (0xffc00093) li      ra, -4
core   0: 3 0x800020dc (0xffc00093) x 1 0xfffffffc
core   0: 0x800020e0 (0x00e00d13) li      s10, 14
core   0: 3 0x800020e0 (0x00e00d13) x26 0x0000000e
core   0: 0x800020e4 (0xd4a42413) slti    s0, s0, -694
core   0: 3 0x800020e4 (0xd4a42413) x 8 0x00000000
core   0: 0x800020e8 (0x10ea2893) slti    a7, s4, 270
core   0: 3 0x800020e8 (0x10ea2893) x17 0x00000001
core   0: 0x800020ec (0x0058d2b3) srl     t0, a7, t0
core   0: 3 0x800020ec (0x0058d2b3) x 5 0x00000000
core   0: 0x800020f0 (0x028cc333) div     t1, s9, s0
core   0: 3 0x800020f0 (0x028cc333) x 6 0xffffffff
core   0: 0x800020f4 (0x417c8733) sub     a4, s9, s7
core   0: 3 0x800020f4 (0x417c8733) x14 0x0f340fa3
core   0: 0x800020f8 (0x03d93433) mulhu   s0, s2, t4
core   0: 3 0x800020f8 (0x03d93433) x 8 0x00000013
core   0: 0x800020fc (0x56f25b37) lui     s6, 0x56f25
core   0: 3 0x800020fc (0x56f25b37) x22 0x56f25000
core   0: 0x80002100 (0x01df9a13) slli    s4, t6, 29
core   0: 3 0x80002100 (0x01df9a13) x20 0x80000000
core   0: 0x80002104 (0x031fae33) mulhsu  t3, t6, a7
core   0: 3 0x80002104 (0x031fae33) x28 0x00000000
core   0: 0x80002108 (0x0052d133) srl     sp, t0, t0
core   0: 3 0x80002108 (0x0052d133) x 2 0x00000000
core   0: 0x8000210c (0x023446b3) div     a3, s0, gp
core   0: 3 0x8000210c (0x023446b3) x13 0xfffffff7
core   0: 0x80002110 (0x00208093) addi    ra, ra, 2
core   0: 3 0x80002110 (0x00208093) x 1 0xfffffffe
core   0: 0x80002114 (0x03133933) mulhu   s2, t1, a7
core   0: 3 0x80002114 (0x03133933) x18 0x00000000
core   0: 0x80002118 (0xe2796697) auipc   a3, 0xe2796
core   0: 3 0x80002118 (0xe2796697) x13 0x62798118
core   0: 0x8000211c (0x026be3b3) rem     t2, s7, t1
core   0: 3 0x8000211c (0x026be3b3) x 7 0x00000000
core   0: 0x80002120 (0x01a91513) slli    a0, s2, 26
core   0: 3 0x80002120 (0x01a91513) x10 0x00000000
core   0: 0x80002124 (0x020c0c33) mul     s8, s8, zero
core   0: 3 0x80002124 (0x020c0c33) x24 0x00000000
core   0: 0x80002128 (0x006c1913) slli    s2, s8, 6
core   0: 3 0x80002128 (0x006c1913) x18 0x00000000
core   0: 0x8000212c (0x40175433) sra     s0, a4, ra
core   0: 3 0x8000212c (0x40175433) x 8 0x00000000
core   0: 0x80002130 (0x010f5b33) srl     s6, t5, a6
core   0: 3 0x80002130 (0x010f5b33) x22 0x00000000
core   0: 0x80002134 (0x0076be33) sltu    t3, a3, t2
core   0: 3 0x80002134 (0x0076be33) x28 0x00000000
core   0: 0x80002138 (0xfba098e3) bne     ra, s10, pc - 80
core   0: 3 0x80002138 (0xfba098e3)
core   0: 0x800020e8 (0x10ea2893) slti    a7, s4, 270
core   0: 3 0x800020e8 (0x10ea2893) x17 0x00000001
core   0: 0x800020ec (0x0058d2b3) srl     t0, a7, t0
core   0: 3 0x800020ec (0x0058d2b3) x 5 0x00000001
core   0: 0x800020f0 (0x028cc333) div     t1, s9, s0
core   0: 3 0x800020f0 (0x028cc333) x 6 0xffffffff
core   0: 0x800020f4 (0x417c8733) sub     a4, s9, s7
core   0: 3 0x800020f4 (0x417c8733) x14 0x0f340fa3
core   0: 0x800020f8 (0x03d93433) mulhu   s0, s2, t4
core   0: 3 0x800020f8 (0x03d93433) x 8 0x00000000
core   0: 0x800020fc (0x56f25b37) lui     s6, 0x56f25
core   0: 3 0x800020fc (0x56f25b37) x22 0x56f25000
core   0: 0x80002100 (0x01df9a13) slli    s4, t6, 29
core   0: 3 0x80002100 (0x01df9a13) x20 0x80000000
core   0: 0x80002104 (0x031fae33) mulhsu  t3, t6, a7
core   0: 3 0x80002104 (0x031fae33) x28 0x00000000
core   0: 0x80002108 (0x0052d133) srl     sp, t0, t0
core   0: 3 0x80002108 (0x0052d133) x 2 0x00000000
core   0: 0x8000210c (0x023446b3) div     a3, s0, gp
core   0: 3 0x8000210c (0x023446b3) x13 0x00000000
core   0: 0x80002110 (0x00208093) addi    ra, ra, 2
core   0: 3 0x80002110 (0x00208093) x 1 0x00000000
core   0: 0x80002114 (0x03133933) mulhu   s2, t1, a7
core   0: 3 0x80002114 (0x03133933) x18 0x00000000
core   0: 0x80002118 (0xe2796697) auipc   a3, 0xe2796
core   0: 3 0x80002118 (0xe2796697) x13 0x62798118
core   0: 0x8000211c (0x026be3b3) rem     t2, s7, t1
core   0: 3 0x8000211c (0x026be3b3) x 7 0x00000000
core   0: 0x80002120 (0x01a91513) slli    a0, s2, 26
core   0: 3 0x80002120 (0x01a91513) x10 0x00000000
core   0: 0x80002124 (0x020c0c33) mul     s8, s8, zero
core   0: 3 0x80002124 (0x020c0c33) x24 0x00000000
core   0: 0x80002128 (0x006c1913) slli    s2, s8, 6
core   0: 3 0x80002128 (0x006c1913) x18 0x00000000
core   0: 0x8000212c (0x40175433) sra     s0, a4, ra
core   0: 3 0x8000212c (0x40175433) x 8 0x0f340fa3
core   0: 0x80002130 (0x010f5b33) srl     s6, t5, a6
core   0: 3 0x80002130 (0x010f5b33) x22 0x00000000
core   0: 0x80002134 (0x0076be33) sltu    t3, a3, t2
core   0: 3 0x80002134 (0x0076be33) x28 0x00000000
core   0: 0x80002138 (0xfba098e3) bne     ra, s10, pc - 80
core   0: 3 0x80002138 (0xfba098e3)
core   0: 0x800020e8 (0x10ea2893) slti    a7, s4, 270
core   0: 3 0x800020e8 (0x10ea2893) x17 0x00000001
core   0: 0x800020ec (0x0058d2b3) srl     t0, a7, t0
core   0: 3 0x800020ec (0x0058d2b3) x 5 0x00000000
core   0: 0x800020f0 (0x028cc333) div     t1, s9, s0
core   0: 3 0x800020f0 (0x028cc333) x 6 0x00000000
core   0: 0x800020f4 (0x417c8733) sub     a4, s9, s7
core   0: 3 0x800020f4 (0x417c8733) x14 0x0f340fa3
core   0: 0x800020f8 (0x03d93433) mulhu   s0, s2, t4
core   0: 3 0x800020f8 (0x03d93433) x 8 0x00000000
core   0: 0x800020fc (0x56f25b37) lui     s6, 0x56f25
core   0: 3 0x800020fc (0x56f25b37) x22 0x56f25000
core   0: 0x80002100 (0x01df9a13) slli    s4, t6, 29
core   0: 3 0x80002100 (0x01df9a13) x20 0x80000000
core   0: 0x80002104 (0x031fae33) mulhsu  t3, t6, a7
core   0: 3 0x80002104 (0x031fae33) x28 0x00000000
core   0: 0x80002108 (0x0052d133) srl     sp, t0, t0
core   0: 3 0x80002108 (0x0052d133) x 2 0x00000000
core   0: 0x8000210c (0x023446b3) div     a3, s0, gp
core   0: 3 0x8000210c (0x023446b3) x13 0x00000000
core   0: 0x80002110 (0x00208093) addi    ra, ra, 2
core   0: 3 0x80002110 (0x00208093) x 1 0x00000002
core   0: 0x80002114 (0x03133933) mulhu   s2, t1, a7
core   0: 3 0x80002114 (0x03133933) x18 0x00000000
core   0: 0x80002118 (0xe2796697) auipc   a3, 0xe2796
core   0: 3 0x80002118 (0xe2796697) x13 0x62798118
core   0: 0x8000211c (0x026be3b3) rem     t2, s7, t1
core   0: 3 0x8000211c (0x026be3b3) x 7 0xf0cbf060
core   0: 0x80002120 (0x01a91513) slli    a0, s2, 26
core   0: 3 0x80002120 (0x01a91513) x10 0x00000000
core   0: 0x80002124 (0x020c0c33) mul     s8, s8, zero
core   0: 3 0x80002124 (0x020c0c33) x24 0x00000000
core   0: 0x80002128 (0x006c1913) slli    s2, s8, 6
core   0: 3 0x80002128 (0x006c1913) x18 0x00000000
core   0: 0x8000212c (0x40175433) sra     s0, a4, ra
core   0: 3 0x8000212c (0x40175433) x 8 0x03cd03e8
core   0: 0x80002130 (0x010f5b33) srl     s6, t5, a6
core   0: 3 0x80002130 (0x010f5b33) x22 0x00000000
core   0: 0x80002134 (0x0076be33) sltu    t3, a3, t2
core   0: 3 0x80002134 (0x0076be33) x28 0x00000001
core   0: 0x80002138 (0xfba098e3) bne     ra, s10, pc - 80
core   0: 3 0x80002138 (0xfba098e3)
core   0: 0x800020e8 (0x10ea2893) slti    a7, s4, 270
core   0: 3 0x800020e8 (0x10ea2893) x17 0x00000001
core   0: 0x800020ec (0x0058d2b3) srl     t0, a7, t0
core   0: 3 0x800020ec (0x0058d2b3) x 5 0x00000001
core   0: 0x800020f0 (0x028cc333) div     t1, s9, s0
core   0: 3 0x800020f0 (0x028cc333) x 6 0x00000000
core   0: 0x800020f4 (0x417c8733) sub     a4, s9, s7
core   0: 3 0x800020f4 (0x417c8733) x14 0x0f340fa3
core   0: 0x800020f8 (0x03d93433) mulhu   s0, s2, t4
core   0: 3 0x800020f8 (0x03d93433) x 8 0x00000000
core   0: 0x800020fc (0x56f25b37) lui     s6, 0x56f25
core   0: 3 0x800020fc (0x56f25b37) x22 0x56f25000
core   0: 0x80002100 (0x01df9a13) slli    s4, t6, 29
core   0: 3 0x80002100 (0x01df9a13) x20 0x80000000
core   0: 0x80002104 (0x031fae33) mulhsu  t3, t6, a7
core   0: 3 0x80002104 (0x031fae33) x28 0x00000000
core   0: 0x80002108 (0x0052d133) srl     sp, t0, t0
core   0: 3 0x80002108 (0x0052d133) x 2 0x00000000
core   0: 0x8000210c (0x023446b3) div     a3, s0, gp
core   0: 3 0x8000210c (0x023446b3) x13 0x00000000
core   0: 0x80002110 (0x00208093) addi    ra, ra, 2
core   0: 3 0x80002110 (0x00208093) x 1 0x00000004
core   0: 0x80002114 (0x03133933) mulhu   s2, t1, a7
core   0: 3 0x80002114 (0x03133933) x18 0x00000000
core   0: 0x80002118 (0xe2796697) auipc   a3, 0xe2796
core   0: 3 0x80002118 (0xe2796697) x13 0x62798118
core   0: 0x8000211c (0x026be3b3) rem     t2, s7, t1
core   0: 3 0x8000211c (0x026be3b3) x 7 0xf0cbf060
core   0: 0x80002120 (0x01a91513) slli    a0, s2, 26
core   0: 3 0x80002120 (0x01a91513) x10 0x00000000
core   0: 0x80002124 (0x020c0c33) mul     s8, s8, zero
core   0: 3 0x80002124 (0x020c0c33) x24 0x00000000
core   0: 0x80002128 (0x006c1913) slli    s2, s8, 6
core   0: 3 0x80002128 (0x006c1913) x18 0x00000000
core   0: 0x8000212c (0x40175433) sra     s0, a4, ra
core   0: 3 0x8000212c (0x40175433) x 8 0x00f340fa
core   0: 0x80002130 (0x010f5b33) srl     s6, t5, a6
core   0: 3 0x80002130 (0x010f5b33) x22 0x00000000
core   0: 0x80002134 (0x0076be33) sltu    t3, a3, t2
core   0: 3 0x80002134 (0x0076be33) x28 0x00000001
core   0: 0x80002138 (0xfba098e3) bne     ra, s10, pc - 80
core   0: 3 0x80002138 (0xfba098e3)
core   0: 0x800020e8 (0x10ea2893) slti    a7, s4, 270
core   0: 3 0x800020e8 (0x10ea2893) x17 0x00000001
core   0: 0x800020ec (0x0058d2b3) srl     t0, a7, t0
core   0: 3 0x800020ec (0x0058d2b3) x 5 0x00000000
core   0: 0x800020f0 (0x028cc333) div     t1, s9, s0
core   0: 3 0x800020f0 (0x028cc333) x 6 0x00000000
core   0: 0x800020f4 (0x417c8733) sub     a4, s9, s7
core   0: 3 0x800020f4 (0x417c8733) x14 0x0f340fa3
core   0: 0x800020f8 (0x03d93433) mulhu   s0, s2, t4
core   0: 3 0x800020f8 (0x03d93433) x 8 0x00000000
core   0: 0x800020fc (0x56f25b37) lui     s6, 0x56f25
core   0: 3 0x800020fc (0x56f25b37) x22 0x56f25000
core   0: 0x80002100 (0x01df9a13) slli    s4, t6, 29
core   0: 3 0x80002100 (0x01df9a13) x20 0x80000000
core   0: 0x80002104 (0x031fae33) mulhsu  t3, t6, a7
core   0: 3 0x80002104 (0x031fae33) x28 0x00000000
core   0: 0x80002108 (0x0052d133) srl     sp, t0, t0
core   0: 3 0x80002108 (0x0052d133) x 2 0x00000000
core   0: 0x8000210c (0x023446b3) div     a3, s0, gp
core   0: 3 0x8000210c (0x023446b3) x13 0x00000000
core   0: 0x80002110 (0x00208093) addi    ra, ra, 2
core   0: 3 0x80002110 (0x00208093) x 1 0x00000006
core   0: 0x80002114 (0x03133933) mulhu   s2, t1, a7
core   0: 3 0x80002114 (0x03133933) x18 0x00000000
core   0: 0x80002118 (0xe2796697) auipc   a3, 0xe2796
core   0: 3 0x80002118 (0xe2796697) x13 0x62798118
core   0: 0x8000211c (0x026be3b3) rem     t2, s7, t1
core   0: 3 0x8000211c (0x026be3b3) x 7 0xf0cbf060
core   0: 0x80002120 (0x01a91513) slli    a0, s2, 26
core   0: 3 0x80002120 (0x01a91513) x10 0x00000000
core   0: 0x80002124 (0x020c0c33) mul     s8, s8, zero
core   0: 3 0x80002124 (0x020c0c33) x24 0x00000000
core   0: 0x80002128 (0x006c1913) slli    s2, s8, 6
core   0: 3 0x80002128 (0x006c1913) x18 0x00000000
core   0: 0x8000212c (0x40175433) sra     s0, a4, ra
core   0: 3 0x8000212c (0x40175433) x 8 0x003cd03e
core   0: 0x80002130 (0x010f5b33) srl     s6, t5, a6
core   0: 3 0x80002130 (0x010f5b33) x22 0x00000000
core   0: 0x80002134 (0x0076be33) sltu    t3, a3, t2
core   0: 3 0x80002134 (0x0076be33) x28 0x00000001
core   0: 0x80002138 (0xfba098e3) bne     ra, s10, pc - 80
core   0: 3 0x80002138 (0xfba098e3)
core   0: 0x800020e8 (0x10ea2893) slti    a7, s4, 270
core   0: 3 0x800020e8 (0x10ea2893) x17 0x00000001
core   0: 0x800020ec (0x0058d2b3) srl     t0, a7, t0
core   0: 3 0x800020ec (0x0058d2b3) x 5 0x00000001
core   0: 0x800020f0 (0x028cc333) div     t1, s9, s0
core   0: 3 0x800020f0 (0x028cc333) x 6 0x00000000
core   0: 0x800020f4 (0x417c8733) sub     a4, s9, s7
core   0: 3 0x800020f4 (0x417c8733) x14 0x0f340fa3
core   0: 0x800020f8 (0x03d93433) mulhu   s0, s2, t4
core   0: 3 0x800020f8 (0x03d93433) x 8 0x00000000
core   0: 0x800020fc (0x56f25b37) lui     s6, 0x56f25
core   0: 3 0x800020fc (0x56f25b37) x22 0x56f25000
core   0: 0x80002100 (0x01df9a13) slli    s4, t6, 29
core   0: 3 0x80002100 (0x01df9a13) x20 0x80000000
core   0: 0x80002104 (0x031fae33) mulhsu  t3, t6, a7
core   0: 3 0x80002104 (0x031fae33) x28 0x00000000
core   0: 0x80002108 (0x0052d133) srl     sp, t0, t0
core   0: 3 0x80002108 (0x0052d133) x 2 0x00000000
core   0: 0x8000210c (0x023446b3) div     a3, s0, gp
core   0: 3 0x8000210c (0x023446b3) x13 0x00000000
core   0: 0x80002110 (0x00208093) addi    ra, ra, 2
core   0: 3 0x80002110 (0x00208093) x 1 0x00000008
core   0: 0x80002114 (0x03133933) mulhu   s2, t1, a7
core   0: 3 0x80002114 (0x03133933) x18 0x00000000
core   0: 0x80002118 (0xe2796697) auipc   a3, 0xe2796
core   0: 3 0x80002118 (0xe2796697) x13 0x62798118
core   0: 0x8000211c (0x026be3b3) rem     t2, s7, t1
core   0: 3 0x8000211c (0x026be3b3) x 7 0xf0cbf060
core   0: 0x80002120 (0x01a91513) slli    a0, s2, 26
core   0: 3 0x80002120 (0x01a91513) x10 0x00000000
core   0: 0x80002124 (0x020c0c33) mul     s8, s8, zero
core   0: 3 0x80002124 (0x020c0c33) x24 0x00000000
core   0: 0x80002128 (0x006c1913) slli    s2, s8, 6
core   0: 3 0x80002128 (0x006c1913) x18 0x00000000
core   0: 0x8000212c (0x40175433) sra     s0, a4, ra
core   0: 3 0x8000212c (0x40175433) x 8 0x000f340f
core   0: 0x80002130 (0x010f5b33) srl     s6, t5, a6
core   0: 3 0x80002130 (0x010f5b33) x22 0x00000000
core   0: 0x80002134 (0x0076be33) sltu    t3, a3, t2
core   0: 3 0x80002134 (0x0076be33) x28 0x00000001
core   0: 0x80002138 (0xfba098e3) bne     ra, s10, pc - 80
core   0: 3 0x80002138 (0xfba098e3)
core   0: 0x800020e8 (0x10ea2893) slti    a7, s4, 270
core   0: 3 0x800020e8 (0x10ea2893) x17 0x00000001
core   0: 0x800020ec (0x0058d2b3) srl     t0, a7, t0
core   0: 3 0x800020ec (0x0058d2b3) x 5 0x00000000
core   0: 0x800020f0 (0x028cc333) div     t1, s9, s0
core   0: 3 0x800020f0 (0x028cc333) x 6 0x00000000
core   0: 0x800020f4 (0x417c8733) sub     a4, s9, s7
core   0: 3 0x800020f4 (0x417c8733) x14 0x0f340fa3
core   0: 0x800020f8 (0x03d93433) mulhu   s0, s2, t4
core   0: 3 0x800020f8 (0x03d93433) x 8 0x00000000
core   0: 0x800020fc (0x56f25b37) lui     s6, 0x56f25
core   0: 3 0x800020fc (0x56f25b37) x22 0x56f25000
core   0: 0x80002100 (0x01df9a13) slli    s4, t6, 29
core   0: 3 0x80002100 (0x01df9a13) x20 0x80000000
core   0: 0x80002104 (0x031fae33) mulhsu  t3, t6, a7
core   0: 3 0x80002104 (0x031fae33) x28 0x00000000
core   0: 0x80002108 (0x0052d133) srl     sp, t0, t0
core   0: 3 0x80002108 (0x0052d133) x 2 0x00000000
core   0: 0x8000210c (0x023446b3) div     a3, s0, gp
core   0: 3 0x8000210c (0x023446b3) x13 0x00000000
core   0: 0x80002110 (0x00208093) addi    ra, ra, 2
core   0: 3 0x80002110 (0x00208093) x 1 0x0000000a
core   0: 0x80002114 (0x03133933) mulhu   s2, t1, a7
core   0: 3 0x80002114 (0x03133933) x18 0x00000000
core   0: 0x80002118 (0xe2796697) auipc   a3, 0xe2796
core   0: 3 0x80002118 (0xe2796697) x13 0x62798118
core   0: 0x8000211c (0x026be3b3) rem     t2, s7, t1
core   0: 3 0x8000211c (0x026be3b3) x 7 0xf0cbf060
core   0: 0x80002120 (0x01a91513) slli    a0, s2, 26
core   0: 3 0x80002120 (0x01a91513) x10 0x00000000
core   0: 0x80002124 (0x020c0c33) mul     s8, s8, zero
core   0: 3 0x80002124 (0x020c0c33) x24 0x00000000
core   0: 0x80002128 (0x006c1913) slli    s2, s8, 6
core   0: 3 0x80002128 (0x006c1913) x18 0x00000000
core   0: 0x8000212c (0x40175433) sra     s0, a4, ra
core   0: 3 0x8000212c (0x40175433) x 8 0x0003cd03
core   0: 0x80002130 (0x010f5b33) srl     s6, t5, a6
core   0: 3 0x80002130 (0x010f5b33) x22 0x00000000
core   0: 0x80002134 (0x0076be33) sltu    t3, a3, t2
core   0: 3 0x80002134 (0x0076be33) x28 0x00000001
core   0: 0x80002138 (0xfba098e3) bne     ra, s10, pc - 80
core   0: 3 0x80002138 (0xfba098e3)
core   0: 0x800020e8 (0x10ea2893) slti    a7, s4, 270
core   0: 3 0x800020e8 (0x10ea2893) x17 0x00000001
core   0: 0x800020ec (0x0058d2b3) srl     t0, a7, t0
core   0: 3 0x800020ec (0x0058d2b3) x 5 0x00000001
core   0: 0x800020f0 (0x028cc333) div     t1, s9, s0
core   0: 3 0x800020f0 (0x028cc333) x 6 0x00000000
core   0: 0x800020f4 (0x417c8733) sub     a4, s9, s7
core   0: 3 0x800020f4 (0x417c8733) x14 0x0f340fa3
core   0: 0x800020f8 (0x03d93433) mulhu   s0, s2, t4
core   0: 3 0x800020f8 (0x03d93433) x 8 0x00000000
core   0: 0x800020fc (0x56f25b37) lui     s6, 0x56f25
core   0: 3 0x800020fc (0x56f25b37) x22 0x56f25000
core   0: 0x80002100 (0x01df9a13) slli    s4, t6, 29
core   0: 3 0x80002100 (0x01df9a13) x20 0x80000000
core   0: 0x80002104 (0x031fae33) mulhsu  t3, t6, a7
core   0: 3 0x80002104 (0x031fae33) x28 0x00000000
core   0: 0x80002108 (0x0052d133) srl     sp, t0, t0
core   0: 3 0x80002108 (0x0052d133) x 2 0x00000000
core   0: 0x8000210c (0x023446b3) div     a3, s0, gp
core   0: 3 0x8000210c (0x023446b3) x13 0x00000000
core   0: 0x80002110 (0x00208093) addi    ra, ra, 2
core   0: 3 0x80002110 (0x00208093) x 1 0x0000000c
core   0: 0x80002114 (0x03133933) mulhu   s2, t1, a7
core   0: 3 0x80002114 (0x03133933) x18 0x00000000
core   0: 0x80002118 (0xe2796697) auipc   a3, 0xe2796
core   0: 3 0x80002118 (0xe2796697) x13 0x62798118
core   0: 0x8000211c (0x026be3b3) rem     t2, s7, t1
core   0: 3 0x8000211c (0x026be3b3) x 7 0xf0cbf060
core   0: 0x80002120 (0x01a91513) slli    a0, s2, 26
core   0: 3 0x80002120 (0x01a91513) x10 0x00000000
core   0: 0x80002124 (0x020c0c33) mul     s8, s8, zero
core   0: 3 0x80002124 (0x020c0c33) x24 0x00000000
core   0: 0x80002128 (0x006c1913) slli    s2, s8, 6
core   0: 3 0x80002128 (0x006c1913) x18 0x00000000
core   0: 0x8000212c (0x40175433) sra     s0, a4, ra
core   0: 3 0x8000212c (0x40175433) x 8 0x0000f340
core   0: 0x80002130 (0x010f5b33) srl     s6, t5, a6
core   0: 3 0x80002130 (0x010f5b33) x22 0x00000000
core   0: 0x80002134 (0x0076be33) sltu    t3, a3, t2
core   0: 3 0x80002134 (0x0076be33) x28 0x00000001
core   0: 0x80002138 (0xfba098e3) bne     ra, s10, pc - 80
core   0: 3 0x80002138 (0xfba098e3)
core   0: 0x800020e8 (0x10ea2893) slti    a7, s4, 270
core   0: 3 0x800020e8 (0x10ea2893) x17 0x00000001
core   0: 0x800020ec (0x0058d2b3) srl     t0, a7, t0
core   0: 3 0x800020ec (0x0058d2b3) x 5 0x00000000
core   0: 0x800020f0 (0x028cc333) div     t1, s9, s0
core   0: 3 0x800020f0 (0x028cc333) x 6 0x00000000
core   0: 0x800020f4 (0x417c8733) sub     a4, s9, s7
core   0: 3 0x800020f4 (0x417c8733) x14 0x0f340fa3
core   0: 0x800020f8 (0x03d93433) mulhu   s0, s2, t4
core   0: 3 0x800020f8 (0x03d93433) x 8 0x00000000
core   0: 0x800020fc (0x56f25b37) lui     s6, 0x56f25
core   0: 3 0x800020fc (0x56f25b37) x22 0x56f25000
core   0: 0x80002100 (0x01df9a13) slli    s4, t6, 29
core   0: 3 0x80002100 (0x01df9a13) x20 0x80000000
core   0: 0x80002104 (0x031fae33) mulhsu  t3, t6, a7
core   0: 3 0x80002104 (0x031fae33) x28 0x00000000
core   0: 0x80002108 (0x0052d133) srl     sp, t0, t0
core   0: 3 0x80002108 (0x0052d133) x 2 0x00000000
core   0: 0x8000210c (0x023446b3) div     a3, s0, gp
core   0: 3 0x8000210c (0x023446b3) x13 0x00000000
core   0: 0x80002110 (0x00208093) addi    ra, ra, 2
core   0: 3 0x80002110 (0x00208093) x 1 0x0000000e
core   0: 0x80002114 (0x03133933) mulhu   s2, t1, a7
core   0: 3 0x80002114 (0x03133933) x18 0x00000000
core   0: 0x80002118 (0xe2796697) auipc   a3, 0xe2796
core   0: 3 0x80002118 (0xe2796697) x13 0x62798118
core   0: 0x8000211c (0x026be3b3) rem     t2, s7, t1
core   0: 3 0x8000211c (0x026be3b3) x 7 0xf0cbf060
core   0: 0x80002120 (0x01a91513) slli    a0, s2, 26
core   0: 3 0x80002120 (0x01a91513) x10 0x00000000
core   0: 0x80002124 (0x020c0c33) mul     s8, s8, zero
core   0: 3 0x80002124 (0x020c0c33) x24 0x00000000
core   0: 0x80002128 (0x006c1913) slli    s2, s8, 6
core   0: 3 0x80002128 (0x006c1913) x18 0x00000000
core   0: 0x8000212c (0x40175433) sra     s0, a4, ra
core   0: 3 0x8000212c (0x40175433) x 8 0x00003cd0
core   0: 0x80002130 (0x010f5b33) srl     s6, t5, a6
core   0: 3 0x80002130 (0x010f5b33) x22 0x00000000
core   0: 0x80002134 (0x0076be33) sltu    t3, a3, t2
core   0: 3 0x80002134 (0x0076be33) x28 0x00000001
core   0: 0x80002138 (0xfba098e3) bne     ra, s10, pc - 80
core   0: 3 0x80002138 (0xfba098e3)
core   0: 0x8000213c (0x039d3733) mulhu   a4, s10, s9
core   0: 3 0x8000213c (0x039d3733) x14 0x00000000
core   0: 0x80002140 (0x00900313) li      t1, 9
core   0: 3 0x80002140 (0x00900313) x 6 0x00000009
core   0: 0x80002144 (0x4025d013) srai    zero, a1, 2
core   0: 3 0x80002144 (0x4025d013)
core   0: 0x80002148 (0x00500213) li      tp, 5
core   0: 3 0x80002148 (0x00500213) x 4 0x00000005
core   0: 0x8000214c (0x404a5433) sra     s0, s4, tp
core   0: 3 0x8000214c (0x404a5433) x 8 0xfc000000
core   0: 0x80002150 (0x03155c33) divu    s8, a0, a7
core   0: 3 0x80002150 (0x03155c33) x24 0x00000000
core   0: 0x80002154 (0x00000013) nop
core   0: 3 0x80002154 (0x00000013)
core   0: 0x80002158 (0x037dc833) div     a6, s11, s7
core   0: 3 0x80002158 (0x037dc833) x16 0x00000000
core   0: 0x8000215c (0xffe30313) addi    t1, t1, -2
core   0: 3 0x8000215c (0xffe30313) x 6 0x00000007
core   0: 0x80002160 (0x1d058c93) addi    s9, a1, 464
core   0: 3 0x80002160 (0x1d058c93) x25 0x000001d0
core   0: 0x80002164 (0x01feea33) or      s4, t4, t6
core   0: 3 0x80002164 (0x01feea33) x20 0x00000014
core   0: 0x80002168 (0xfe4376e3) bgeu    t1, tp, pc - 20
core   0: 3 0x80002168 (0xfe4376e3)
core   0: 0x80002154 (0x00000013) nop
core   0: 3 0x80002154 (0x00000013)
core   0: 0x80002158 (0x037dc833) div     a6, s11, s7
core   0: 3 0x80002158 (0x037dc833) x16 0x00000000
core   0: 0x8000215c (0xffe30313) addi    t1, t1, -2
core   0: 3 0x8000215c (0xffe30313) x 6 0x00000005
core   0: 0x80002160 (0x1d058c93) addi    s9, a1, 464
core   0: 3 0x80002160 (0x1d058c93) x25 0x000001d0
core   0: 0x80002164 (0x01feea33) or      s4, t4, t6
core   0: 3 0x80002164 (0x01feea33) x20 0x00000014
core   0: 0x80002168 (0xfe4376e3) bgeu    t1, tp, pc - 20
core   0: 3 0x80002168 (0xfe4376e3)
core   0: 0x80002154 (0x00000013) nop
core   0: 3 0x80002154 (0x00000013)
core   0: 0x80002158 (0x037dc833) div     a6, s11, s7
core   0: 3 0x80002158 (0x037dc833) x16 0x00000000
core   0: 0x8000215c (0xffe30313) addi    t1, t1, -2
core   0: 3 0x8000215c (0xffe30313) x 6 0x00000003
core   0: 0x80002160 (0x1d058c93) addi    s9, a1, 464
core   0: 3 0x80002160 (0x1d058c93) x25 0x000001d0
core   0: 0x80002164 (0x01feea33) or      s4, t4, t6
core   0: 3 0x80002164 (0x01feea33) x20 0x00000014
core   0: 0x80002168 (0xfe4376e3) bgeu    t1, tp, pc - 20
core   0: 3 0x80002168 (0xfe4376e3)
core   0: 0x8000216c (0xf598ab13) slti    s6, a7, -167
core   0: 3 0x8000216c (0xf598ab13) x22 0x00000000
core   0: 0x80002170 (0x00800c13) li      s8, 8
core   0: 3 0x80002170 (0x00800c13) x24 0x00000008
core   0: 0x80002174 (0x00fdbbb3) sltu    s7, s11, a5
core   0: 3 0x80002174 (0x00fdbbb3) x23 0x00000001
core   0: 0x80002178 (0xff500113) li      sp, -11
core   0: 3 0x80002178 (0xff500113) x 2 0xfffffff5
core   0: 0x8000217c (0x026d3d33) mulhu   s10, s10, t1
core   0: 3 0x8000217c (0x026d3d33) x26 0x00000000
core   0: 0x80002180 (0x0163cfb3) xor     t6, t2, s6
core   0: 3 0x80002180 (0x0163cfb3) x31 0xf0cbf060
core   0: 0x80002184 (0x01d66333) or      t1, a2, t4
core   0: 3 0x80002184 (0x01d66333) x 6 0x0000001f
core   0: 0x80002188 (0xffcc0c13) addi    s8, s8, -4
core   0: 3 0x80002188 (0xffcc0c13) x24 0x00000004
core   0: 0x8000218c (0x02d40cb3) mul     s9, s0, a3
core   0: 3 0x8000218c (0x02d40cb3) x25 0xa0000000
core   0: 0x80002190 (0x00700e13) li      t3, 7
core   0: 3 0x80002190 (0x00700e13) x28 0x00000007
core   0: 0x80002194 (0x00500593) li      a1, 5
core   0: 3 0x80002194 (0x00500593) x11 0x00000005
core   0: 0x80002198 (0x40f6d733) sra     a4, a3, a5
core   0: 3 0x80002198 (0x40f6d733) x14 0x06279811
core   0: 0x8000219c (0xc20eb817) auipc   a6, 0xc20eb
core   0: 3 0x8000219c (0xc20eb817) x16 0x420ed19c
core   0: 0x800021a0 (0x000fb1b3) sltu    gp, t6, zero
core   0: 3 0x800021a0 (0x000fb1b3) x 3 0x00000000
core   0: 0x800021a4 (0x406653b3) sra     t2, a2, t1
core   0: 3 0x800021a4 (0x406653b3) x 7 0x00000000
core   0: 0x800021a8 (0x007640b3) xor     ra, a2, t2
core   0: 3 0x800021a8 (0x007640b3) x 1 0x0000000b
core   0: 0x800021ac (0xffbe0e13) addi    t3, t3, -5
core   0: 3 0x800021ac (0xffbe0e13) x28 0x00000002
core   0: 0x800021b0 (0xb5a85f97) auipc   t6, 0xb5a85
core   0: 3 0x800021b0 (0xb5a85f97) x31 0x35a871b0
core   0: 0x800021b4 (0xfebe54e3) bge     t3, a1, pc - 24
core   0: 3 0x800021b4 (0xfebe54e3)
core   0: 0x800021b8 (0x766c8db7) lui     s11, 0x766c8
core   0: 3 0x800021b8 (0x766c8db7) x27 0x766c8000
core   0: 0x800021bc (0x004522b3) slt     t0, a0, tp
core   0: 3 0x800021bc (0x004522b3) x 5 0x00000001
core   0: 0x800021c0 (0x005fdb93) srli    s7, t6, 5
core   0: 3 0x800021c0 (0x005fdb93) x23 0x01ad438d
core   0: 0x800021c4 (0x02ef8333) mul     t1, t6, a4
core   0: 3 0x800021c4 (0x02ef8333) x 6 0x05800cb0
core   0: 0x800021c8 (0xfa2c5ce3) bge     s8, sp, pc - 72
core   0: 3 0x800021c8 (0xfa2c5ce3)
core   0: 0x80002180 (0x0163cfb3) xor     t6, t2, s6
core   0: 3 0x80002180 (0x0163cfb3) x31 0x00000000
core   0: 0x80002184 (0x01d66333) or      t1, a2, t4
core   0: 3 0x80002184 (0x01d66333) x 6 0x0000001f
core   0: 0x80002188 (0xffcc0c13) addi    s8, s8, -4
core   0: 3 0x80002188 (0xffcc0c13) x24 0x00000000
core   0: 0x8000218c (0x02d40cb3) mul     s9, s0, a3
core   0: 3 0x8000218c (0x02d40cb3) x25 0xa0000000
core   0: 0x80002190 (0x00700e13) li      t3, 7
core   0: 3 0x80002190 (0x00700e13) x28 0x00000007
core   0: 0x80002194 (0x00500593) li      a1, 5
core   0: 3 0x80002194 (0x00500593) x11 0x00000005
core   0: 0x80002198 (0x40f6d733) sra     a4, a3, a5
core   0: 3 0x80002198 (0x40f6d733) x14 0x06279811
core   0: 0x8000219c (0xc20eb817) auipc   a6, 0xc20eb
core   0: 3 0x8000219c (0xc20eb817) x16 0x420ed19c
core   0: 0x800021a0 (0x000fb1b3) sltu    gp, t6, zero
core   0: 3 0x800021a0 (0x000fb1b3) x 3 0x00000000
core   0: 0x800021a4 (0x406653b3) sra     t2, a2, t1
core   0: 3 0x800021a4 (0x406653b3) x 7 0x00000000
core   0: 0x800021a8 (0x007640b3) xor     ra, a2, t2
core   0: 3 0x800021a8 (0x007640b3) x 1 0x0000000b
core   0: 0x800021ac (0xffbe0e13) addi    t3, t3, -5
core   0: 3 0x800021ac (0xffbe0e13) x28 0x00000002
core   0: 0x800021b0 (0xb5a85f97) auipc   t6, 0xb5a85
core   0: 3 0x800021b0 (0xb5a85f97) x31 0x35a871b0
core   0: 0x800021b4 (0xfebe54e3) bge     t3, a1, pc - 24
core   0: 3 0x800021b4 (0xfebe54e3)
core   0: 0x800021b8 (0x766c8db7) lui     s11, 0x766c8
core   0: 3 0x800021b8 (0x766c8db7) x27 0x766c8000
core   0: 0x800021bc (0x004522b3) slt     t0, a0, tp
core   0: 3 0x800021bc (0x004522b3) x 5 0x00000001
core   0: 0x800021c0 (0x005fdb93) srli    s7, t6, 5
core   0: 3 0x800021c0 (0x005fdb93) x23 0x01ad438d
core   0: 0x800021c4 (0x02ef8333) mul     t1, t6, a4
core   0: 3 0x800021c4 (0x02ef8333) x 6 0x05800cb0
core   0: 0x800021c8 (0xfa2c5ce3) bge     s8, sp, pc - 72
core   0: 3 0x800021c8 (0xfa2c5ce3)
core   0: 0x80002180 (0x0163cfb3) xor     t6, t2, s6
core   0: 3 0x80002180 (0x0163cfb3) x31 0x00000000
core   0: 0x80002184 (0x01d66333) or      t1, a2, t4
core   0: 3 0x80002184 (0x01d66333) x 6 0x0000001f
core   0: 0x80002188 (0xffcc0c13) addi    s8, s8, -4
core   0: 3 0x80002188 (0xffcc0c13) x24 0xfffffffc
core   0: 0x8000218c (0x02d40cb3) mul     s9, s0, a3
core   0: 3 0x8000218c (0x02d40cb3) x25 0xa0000000
core   0: 0x80002190 (0x00700e13) li      t3, 7
core   0: 3 0x80002190 (0x00700e13) x28 0x00000007
core   0: 0x80002194 (0x00500593) li      a1, 5
core   0: 3 0x80002194 (0x00500593) x11 0x00000005
core   0: 0x80002198 (0x40f6d733) sra     a4, a3, a5
core   0: 3 0x80002198 (0x40f6d733) x14 0x06279811
core   0: 0x8000219c (0xc20eb817) auipc   a6, 0xc20eb
core   0: 3 0x8000219c (0xc20eb817) x16 0x420ed19c
core   0: 0x800021a0 (0x000fb1b3) sltu    gp, t6, zero
core   0: 3 0x800021a0 (0x000fb1b3) x 3 0x00000000
core   0: 0x800021a4 (0x406653b3) sra     t2, a2, t1
core   0: 3 0x800021a4 (0x406653b3) x 7 0x00000000
core   0: 0x800021a8 (0x007640b3) xor     ra, a2, t2
core   0: 3 0x800021a8 (0x007640b3) x 1 0x0000000b
core   0: 0x800021ac (0xffbe0e13) addi    t3, t3, -5
core   0: 3 0x800021ac (0xffbe0e13) x28 0x00000002
core   0: 0x800021b0 (0xb5a85f97) auipc   t6, 0xb5a85
core   0: 3 0x800021b0 (0xb5a85f97) x31 0x35a871b0
core   0: 0x800021b4 (0xfebe54e3) bge     t3, a1, pc - 24
core   0: 3 0x800021b4 (0xfebe54e3)
core   0: 0x800021b8 (0x766c8db7) lui     s11, 0x766c8
core   0: 3 0x800021b8 (0x766c8db7) x27 0x766c8000
core   0: 0x800021bc (0x004522b3) slt     t0, a0, tp
core   0: 3 0x800021bc (0x004522b3) x 5 0x00000001
core   0: 0x800021c0 (0x005fdb93) srli    s7, t6, 5
core   0: 3 0x800021c0 (0x005fdb93) x23 0x01ad438d
core   0: 0x800021c4 (0x02ef8333) mul     t1, t6, a4
core   0: 3 0x800021c4 (0x02ef8333) x 6 0x05800cb0
core   0: 0x800021c8 (0xfa2c5ce3) bge     s8, sp, pc - 72
core   0: 3 0x800021c8 (0xfa2c5ce3)
core   0: 0x80002180 (0x0163cfb3) xor     t6, t2, s6
core   0: 3 0x80002180 (0x0163cfb3) x31 0x00000000
core   0: 0x80002184 (0x01d66333) or      t1, a2, t4
core   0: 3 0x80002184 (0x01d66333) x 6 0x0000001f
core   0: 0x80002188 (0xffcc0c13) addi    s8, s8, -4
core   0: 3 0x80002188 (0xffcc0c13) x24 0xfffffff8
core   0: 0x8000218c (0x02d40cb3) mul     s9, s0, a3
core   0: 3 0x8000218c (0x02d40cb3) x25 0xa0000000
core   0: 0x80002190 (0x00700e13) li      t3, 7
core   0: 3 0x80002190 (0x00700e13) x28 0x00000007
core   0: 0x80002194 (0x00500593) li      a1, 5
core   0: 3 0x80002194 (0x00500593) x11 0x00000005
core   0: 0x80002198 (0x40f6d733) sra     a4, a3, a5
core   0: 3 0x80002198 (0x40f6d733) x14 0x06279811
core   0: 0x8000219c (0xc20eb817) auipc   a6, 0xc20eb
core   0: 3 0x8000219c (0xc20eb817) x16 0x420ed19c
core   0: 0x800021a0 (0x000fb1b3) sltu    gp, t6, zero
core   0: 3 0x800021a0 (0x000fb1b3) x 3 0x00000000
core   0: 0x800021a4 (0x406653b3) sra     t2, a2, t1
core   0: 3 0x800021a4 (0x406653b3) x 7 0x00000000
core   0: 0x800021a8 (0x007640b3) xor     ra, a2, t2
core   0: 3 0x800021a8 (0x007640b3) x 1 0x0000000b
core   0: 0x800021ac (0xffbe0e13) addi    t3, t3, -5
core   0: 3 0x800021ac (0xffbe0e13) x28 0x00000002
core   0: 0x800021b0 (0xb5a85f97) auipc   t6, 0xb5a85
core   0: 3 0x800021b0 (0xb5a85f97) x31 0x35a871b0
core   0: 0x800021b4 (0xfebe54e3) bge     t3, a1, pc - 24
core   0: 3 0x800021b4 (0xfebe54e3)
core   0: 0x800021b8 (0x766c8db7) lui     s11, 0x766c8
core   0: 3 0x800021b8 (0x766c8db7) x27 0x766c8000
core   0: 0x800021bc (0x004522b3) slt     t0, a0, tp
core   0: 3 0x800021bc (0x004522b3) x 5 0x00000001
core   0: 0x800021c0 (0x005fdb93) srli    s7, t6, 5
core   0: 3 0x800021c0 (0x005fdb93) x23 0x01ad438d
core   0: 0x800021c4 (0x02ef8333) mul     t1, t6, a4
core   0: 3 0x800021c4 (0x02ef8333) x 6 0x05800cb0
core   0: 0x800021c8 (0xfa2c5ce3) bge     s8, sp, pc - 72
core   0: 3 0x800021c8 (0xfa2c5ce3)
core   0: 0x80002180 (0x0163cfb3) xor     t6, t2, s6
core   0: 3 0x80002180 (0x0163cfb3) x31 0x00000000
core   0: 0x80002184 (0x01d66333) or      t1, a2, t4
core   0: 3 0x80002184 (0x01d66333) x 6 0x0000001f
core   0: 0x80002188 (0xffcc0c13) addi    s8, s8, -4
core   0: 3 0x80002188 (0xffcc0c13) x24 0xfffffff4
core   0: 0x8000218c (0x02d40cb3) mul     s9, s0, a3
core   0: 3 0x8000218c (0x02d40cb3) x25 0xa0000000
core   0: 0x80002190 (0x00700e13) li      t3, 7
core   0: 3 0x80002190 (0x00700e13) x28 0x00000007
core   0: 0x80002194 (0x00500593) li      a1, 5
core   0: 3 0x80002194 (0x00500593) x11 0x00000005
core   0: 0x80002198 (0x40f6d733) sra     a4, a3, a5
core   0: 3 0x80002198 (0x40f6d733) x14 0x06279811
core   0: 0x8000219c (0xc20eb817) auipc   a6, 0xc20eb
core   0: 3 0x8000219c (0xc20eb817) x16 0x420ed19c
core   0: 0x800021a0 (0x000fb1b3) sltu    gp, t6, zero
core   0: 3 0x800021a0 (0x000fb1b3) x 3 0x00000000
core   0: 0x800021a4 (0x406653b3) sra     t2, a2, t1
core   0: 3 0x800021a4 (0x406653b3) x 7 0x00000000
core   0: 0x800021a8 (0x007640b3) xor     ra, a2, t2
core   0: 3 0x800021a8 (0x007640b3) x 1 0x0000000b
core   0: 0x800021ac (0xffbe0e13) addi    t3, t3, -5
core   0: 3 0x800021ac (0xffbe0e13) x28 0x00000002
core   0: 0x800021b0 (0xb5a85f97) auipc   t6, 0xb5a85
core   0: 3 0x800021b0 (0xb5a85f97) x31 0x35a871b0
core   0: 0x800021b4 (0xfebe54e3) bge     t3, a1, pc - 24
core   0: 3 0x800021b4 (0xfebe54e3)
core   0: 0x800021b8 (0x766c8db7) lui     s11, 0x766c8
core   0: 3 0x800021b8 (0x766c8db7) x27 0x766c8000
core   0: 0x800021bc (0x004522b3) slt     t0, a0, tp
core   0: 3 0x800021bc (0x004522b3) x 5 0x00000001
core   0: 0x800021c0 (0x005fdb93) srli    s7, t6, 5
core   0: 3 0x800021c0 (0x005fdb93) x23 0x01ad438d
core   0: 0x800021c4 (0x02ef8333) mul     t1, t6, a4
core   0: 3 0x800021c4 (0x02ef8333) x 6 0x05800cb0
core   0: 0x800021c8 (0xfa2c5ce3) bge     s8, sp, pc - 72
core   0: 3 0x800021c8 (0xfa2c5ce3)
core   0: 0x800021cc (0x0337bfb3) mulhu   t6, a5, s3
core   0: 3 0x800021cc (0x0337bfb3) x31 0x00000000
core   0: 0x800021d0 (0xff900513) li      a0, -7
core   0: 3 0x800021d0 (0xff900513) x10 0xfffffff9
core   0: 0x800021d4 (0xfff00293) li      t0, -1
core   0: 3 0x800021d4 (0xfff00293) x 5 0xffffffff
core   0: 0x800021d8 (0x0261ccb3) div     s9, gp, t1
core   0: 3 0x800021d8 (0x0261ccb3) x25 0x00000000
core   0: 0x800021dc (0x0384fb33) remu    s6, s1, s8
core   0: 3 0x800021dc (0x0384fb33) x22 0x00000014
core   0: 0x800021e0 (0x9a656e13) ori     t3, a0, -1626
core   0: 3 0x800021e0 (0x9a656e13) x28 0xffffffff
core   0: 0x800021e4 (0x00550513) addi    a0, a0, 5
core   0: 3 0x800021e4 (0x00550513) x10 0xfffffffe
core   0: 0x800021e8 (0x039ac9b3) div     s3, s5, s9
core   0: 3 0x800021e8 (0x039ac9b3) x19 0xffffffff
core   0: 0x800021ec (0x03f535b3) mulhu   a1, a0, t6
core   0: 3 0x800021ec (0x03f535b3) x11 0x00000000
core   0: 0x800021f0 (0x036451b3) divu    gp, s0, s6
core   0: 3 0x800021f0 (0x036451b3) x 3 0x0c999999
core   0: 0x800021f4 (0xfe5546e3) blt     a0, t0, pc - 20
core   0: 3 0x800021f4 (0xfe5546e3)
core   0: 0x800021e0 (0x9a656e13) ori     t3, a0, -1626
core   0: 3 0x800021e0 (0x9a656e13) x28 0xfffffffe
core   0: 0x800021e4 (0x00550513) addi    a0, a0, 5
core   0: 3 0x800021e4 (0x00550513) x10 0x00000003
core   0: 0x800021e8 (0x039ac9b3) div     s3, s5, s9
core   0: 3 0x800021e8 (0x039ac9b3) x19 0xffffffff
core   0: 0x800021ec (0x03f535b3) mulhu   a1, a0, t6
core   0: 3 0x800021ec (0x03f535b3) x11 0x00000000
core   0: 0x800021f0 (0x036451b3) divu    gp, s0, s6
core   0: 3 0x800021f0 (0x036451b3) x 3 0x0c999999
core   0: 0x800021f4 (0xfe5546e3) blt     a0, t0, pc - 20
core   0: 3 0x800021f4 (0xfe5546e3)
core   0: 0x800021f8 (0x031a8433) mul     s0, s5, a7
core   0: 3 0x800021f8 (0x031a8433) x 8 0x80029ce4
core   0: 0x800021fc (0xff900c93) li      s9, -7
core   0: 3 0x800021fc (0xff900c93) x25 0xfffffff9
core   0: 0x80002200 (0xfee00913) li      s2, -18
core   0: 3 0x80002200 (0xfee00913) x18 0xffffffee
core   0: 0x80002204 (0x009df4b3) and     s1, s11, s1
core   0: 3 0x80002204 (0x009df4b3) x 9 0x00000000
core   0: 0x80002208 (0xfffc8c93) addi    s9, s9, -1
core   0: 3 0x80002208 (0xfffc8c93) x25 0xfffffff8
core   0: 0x8000220c (0xff2c9ce3) bne     s9, s2, pc - 8
core   0: 3 0x8000220c (0xff2c9ce3)
core   0: 0x80002204 (0x009df4b3) and     s1, s11, s1
core   0: 3 0x80002204 (0x009df4b3) x 9 0x00000000
core   0: 0x80002208 (0xfffc8c93) addi    s9, s9, -1
core   0: 3 0x80002208 (0xfffc8c93) x25 0xfffffff7
core   0: 0x8000220c (0xff2c9ce3) bne     s9, s2, pc - 8
core   0: 3 0x8000220c (0xff2c9ce3)
core   0: 0x80002204 (0x009df4b3) and     s1, s11, s1
core   0: 3 0x80002204 (0x009df4b3) x 9 0x00000000
core   0: 0x80002208 (0xfffc8c93) addi    s9, s9, -1
core   0: 3 0x80002208 (0xfffc8c93) x25 0xfffffff6
core   0: 0x8000220c (0xff2c9ce3) bne     s9, s2, pc - 8
core   0: 3 0x8000220c (0xff2c9ce3)
core   0: 0x80002204 (0x009df4b3) and     s1, s11, s1
core   0: 3 0x80002204 (0x009df4b3) x 9 0x00000000
core   0: 0x80002208 (0xfffc8c93) addi    s9, s9, -1
core   0: 3 0x80002208 (0xfffc8c93) x25 0xfffffff5
core   0: 0x8000220c (0xff2c9ce3) bne     s9, s2, pc - 8
core   0: 3 0x8000220c (0xff2c9ce3)
core   0: 0x80002204 (0x009df4b3) and     s1, s11, s1
core   0: 3 0x80002204 (0x009df4b3) x 9 0x00000000
core   0: 0x80002208 (0xfffc8c93) addi    s9, s9, -1
core   0: 3 0x80002208 (0xfffc8c93) x25 0xfffffff4
core   0: 0x8000220c (0xff2c9ce3) bne     s9, s2, pc - 8
core   0: 3 0x8000220c (0xff2c9ce3)
core   0: 0x80002204 (0x009df4b3) and     s1, s11, s1
core   0: 3 0x80002204 (0x009df4b3) x 9 0x00000000
core   0: 0x80002208 (0xfffc8c93) addi    s9, s9, -1
core   0: 3 0x80002208 (0xfffc8c93) x25 0xfffffff3
core   0: 0x8000220c (0xff2c9ce3) bne     s9, s2, pc - 8
core   0: 3 0x8000220c (0xff2c9ce3)
core   0: 0x80002204 (0x009df4b3) and     s1, s11, s1
core   0: 3 0x80002204 (0x009df4b3) x 9 0x00000000
core   0: 0x80002208 (0xfffc8c93) addi    s9, s9, -1
core   0: 3 0x80002208 (0xfffc8c93) x25 0xfffffff2
core   0: 0x8000220c (0xff2c9ce3) bne     s9, s2, pc - 8
core   0: 3 0x8000220c (0xff2c9ce3)
core   0: 0x80002204 (0x009df4b3) and     s1, s11, s1
core   0: 3 0x80002204 (0x009df4b3) x 9 0x00000000
core   0: 0x80002208 (0xfffc8c93) addi    s9, s9, -1
core   0: 3 0x80002208 (0xfffc8c93) x25 0xfffffff1
core   0: 0x8000220c (0xff2c9ce3) bne     s9, s2, pc - 8
core   0: 3 0x8000220c (0xff2c9ce3)
core   0: 0x80002204 (0x009df4b3) and     s1, s11, s1
core   0: 3 0x80002204 (0x009df4b3) x 9 0x00000000
core   0: 0x80002208 (0xfffc8c93) addi    s9, s9, -1
core   0: 3 0x80002208 (0xfffc8c93) x25 0xfffffff0
core   0: 0x8000220c (0xff2c9ce3) bne     s9, s2, pc - 8
core   0: 3 0x8000220c (0xff2c9ce3)
core   0: 0x80002204 (0x009df4b3) and     s1, s11, s1
core   0: 3 0x80002204 (0x009df4b3) x 9 0x00000000
core   0: 0x80002208 (0xfffc8c93) addi    s9, s9, -1
core   0: 3 0x80002208 (0xfffc8c93) x25 0xffffffef
core   0: 0x8000220c (0xff2c9ce3) bne     s9, s2, pc - 8
core   0: 3 0x8000220c (0xff2c9ce3)
core   0: 0x80002204 (0x009df4b3) and     s1, s11, s1
core   0: 3 0x80002204 (0x009df4b3) x 9 0x00000000
core   0: 0x80002208 (0xfffc8c93) addi    s9, s9, -1
core   0: 3 0x80002208 (0xfffc8c93) x25 0xffffffee
core   0: 0x8000220c (0xff2c9ce3) bne     s9, s2, pc - 8
core   0: 3 0x8000220c (0xff2c9ce3)
core   0: 0x80002210 (0xf7832893) slti    a7, t1, -136
core   0: 3 0x80002210 (0xf7832893) x17 0x00000000
core   0: 0x80002214 (0x00a00493) li      s1, 10
core   0: 3 0x80002214 (0x00a00493) x 9 0x0000000a
core   0: 0x80002218 (0x0218aa33) mulhsu  s4, a7, ra
core   0: 3 0x80002218 (0x0218aa33) x20 0x00000000
core   0: 0x8000221c (0x00ecf133) and     sp, s9, a4
core   0: 3 0x8000221c (0x00ecf133) x 2 0x06279800
core   0: 0x80002220 (0x00a00413) li      s0, 10
core   0: 3 0x80002220 (0x00a00413) x 8 0x0000000a
core   0: 0x80002224 (0x920d2613) slti    a2, s10, -1760
core   0: 3 0x80002224 (0x920d2613) x12 0x00000000
core   0: 0x80002228 (0x83c9c193) xori    gp, s3, -1988
core   0: 3 0x80002228 (0x83c9c193) x 3 0x000007c3
core   0: 0x8000222c (0x01204fb3) xor     t6, zero, s2
core   0: 3 0x8000222c (0x01204fb3) x31 0xffffffee
core   0: 0x80002230 (0x01976fb3) or      t6, a4, s9
core   0: 3 0x80002230 (0x01976fb3) x31 0xffffffff
core   0: 0x80002234 (0xff748493) addi    s1, s1, -9
core   0: 3 0x80002234 (0xff748493) x 9 0x00000001
core   0: 0x80002238 (0x00fb9bb3) sll     s7, s7, a5
core   0: 3 0x80002238 (0x00fb9bb3) x23 0x1ad438d0
core   0: 0x8000223c (0x00c1d5b3) srl     a1, gp, a2
core   0: 3 0x8000223c (0x00c1d5b3) x11 0x000007c3
core   0: 0x80002240 (0x404786b3) sub     a3, a5, tp
core   0: 3 0x80002240 (0x404786b3) x13 0x80025e5f
core   0: 0x80002244 (0x00400993) li      s3, 4
core   0: 3 0x80002244 (0x00400993) x19 0x00000004
core   0: 0x80002248 (0x28339817) auipc   a6, 0x28339
core   0: 3 0x80002248 (0x28339817) x16 0xa833b248
core   0: 0x8000224c (0x4d4f4813) xori    a6, t5, 1236
core   0: 3 0x8000224c (0x4d4f4813) x16 0x000004d4
core   0: 0x80002250 (0x01400913) li      s2, 20
core   0: 3 0x80002250 (0x01400913) x18 0x00000014
core   0: 0x80002254 (0x00a1bfb3) sltu    t6, gp, a0
core   0: 3 0x80002254 (0x00a1bfb3) x31 0x00000000
core   0: 0x80002258 (0x01e52bb3) slt     s7, a0, t5
core   0: 3 0x80002258 (0x01e52bb3) x23 0x00000000
core   0: 0x8000225c (0x00a98993) addi    s3, s3, 10
core   0: 3 0x8000225c (0x00a98993) x19 0x0000000e
core   0: 0x80002260 (0xc81c8713) addi    a4, s9, -895
core   0: 3 0x80002260 (0xc81c8713) x14 0xfffffc6f
core   0: 0x80002264 (0x410dd833) sra     a6, s11, a6
core   0: 3 0x80002264 (0x410dd833) x16 0x00000766
core   0: 0x80002268 (0xff29e8e3) bltu    s3, s2, pc - 16
core   0: 3 0x80002268 (0xff29e8e3)
core   0: 0x80002258 (0x01e52bb3) slt     s7, a0, t5
core   0: 3 0x80002258 (0x01e52bb3) x23 0x00000000
core   0: 0x8000225c (0x00a98993) addi    s3, s3, 10
core   0: 3 0x8000225c (0x00a98993) x19 0x00000018
core   0: 0x80002260 (0xc81c8713) addi    a4, s9, -895
core   0: 3 0x80002260 (0xc81c8713) x14 0xfffffc6f
core   0: 0x80002264 (0x410dd833) sra     a6, s11, a6
core   0: 3 0x80002264 (0x410dd833) x16 0x01d9b200
core   0: 0x80002268 (0xff29e8e3) bltu    s3, s2, pc - 16
core   0: 3 0x80002268 (0xff29e8e3)
core   0: 0x8000226c (0xcc700613) li      a2, -825
core   0: 3 0x8000226c (0xcc700613) x12 0xfffffcc7
core   0: 0x80002270 (0x01a08fb3) add     t6, ra, s10
core   0: 3 0x80002270 (0x01a08fb3) x31 0x0000000b
core   0: 0x80002274 (0xfa84fce3) bgeu    s1, s0, pc - 72
core   0: 3 0x80002274 (0xfa84fce3)
core   0: 0x80002278 (0x5fbf0e13) addi    t3, t5, 1531
core   0: 3 0x80002278 (0x5fbf0e13) x28 0x000005fb
core   0: 0x8000227c (0xff900513) li      a0, -7
core   0: 3 0x8000227c (0xff900513) x10 0xfffffff9
core   0: 0x80002280 (0x027c9933) mulh    s2, s9, t2
core   0: 3 0x80002280 (0x027c9933) x18 0x00000000
core   0: 0x80002284 (0x0001d133) srl     sp, gp, zero
core   0: 3 0x80002284 (0x0001d133) x 2 0x000007c3
core   0: 0x80002288 (0xffd00a13) li      s4, -3
core   0: 3 0x80002288 (0xffd00a13) x20 0xfffffffd
core   0: 0x8000228c (0x01074c33) xor     s8, a4, a6
core   0: 3 0x8000228c (0x01074c33) x24 0xfe264e6f
core   0: 0x80002290 (0x00000013) nop
core   0: 3 0x80002290 (0x00000013)
core   0: 0x80002294 (0x032352b3) divu    t0, t1, s2
core   0: 3 0x80002294 (0x032352b3) x 5 0xffffffff
core   0: 0x80002298 (0x02d53033) mulhu   zero, a0, a3
core   0: 3 0x80002298 (0x02d53033)
core   0: 0x8000229c (0x886cb313) sltiu   t1, s9, -1914
core   0: 3 0x8000229c (0x886cb313) x 6 0x00000000
core   0: 0x800022a0 (0x01350e33) add     t3, a0, s3
core   0: 3 0x800022a0 (0x01350e33) x28 0x00000011
core   0: 0x800022a4 (0xfbc48c93) addi    s9, s1, -68
core   0: 3 0x800022a4 (0xfbc48c93) x25 0xffffffbd
core   0: 0x800022a8 (0x00150513) addi    a0, a0, 1
core   0: 3 0x800022a8 (0x00150513) x10 0xfffffffa
core   0: 0x800022ac (0x40d4d613) srai    a2, s1, 13
core   0: 3 0x800022ac (0x40d4d613) x12 0x00000000
core   0: 0x800022b0 (0xffd00713) li      a4, -3
core   0: 3 0x800022b0 (0xffd00713) x14 0xfffffffd
core   0: 0x800022b4 (0x41aadc93) srai    s9, s5, 26
core   0: 3 0x800022b4 (0x41aadc93) x25 0xffffffe0
core   0: 0x800022b8 (0x02e5c4b3) div     s1, a1, a4
core   0: 3 0x800022b8 (0x02e5c4b3) x 9 0xfffffd6a
core   0: 0x800022bc (0x03bae233) rem     tp, s5, s11
core   0: 3 0x800022bc (0x03bae233) x 4 0xf66f1ce4
core   0: 0x800022c0 (0x419e5813) srai    a6, t3, 25
core   0: 3 0x800022c0 (0x419e5813) x16 0x00000000
core   0: 0x800022c4 (0x00400993) li      s3, 4
core   0: 3 0x800022c4 (0x00400993) x19 0x00000004
core   0: 0x800022c8 (0x41b255b3) sra     a1, tp, s11
core   0: 3 0x800022c8 (0x41b255b3) x11 0xf66f1ce4
core   0: 0x800022cc (0x40f2e693) ori     a3, t0, 1039
core   0: 3 0x800022cc (0x40f2e693) x13 0xffffffff
core   0: 0x800022d0 (0x41f28833) sub     a6, t0, t6
core   0: 3 0x800022d0 (0x41f28833) x16 0xfffffff4
core   0: 0x800022d4 (0x013a8fb3) add     t6, s5, s3
core   0: 3 0x800022d4 (0x013a8fb3) x31 0x80029ce8
core   0: 0x800022d8 (0x0e257d93) andi    s11, a0, 226
core   0: 3 0x800022d8 (0x0e257d93) x27 0x000000e2
core   0: 0x800022dc (0x00770713) addi    a4, a4, 7
core   0: 3 0x800022dc (0x00770713) x14 0x00000004
core   0: 0x800022e0 (0x02ee0d33) mul     s10, t3, a4
core   0: 3 0x800022e0 (0x02ee0d33) x26 0x00000044
core   0: 0x800022e4 (0x0320a1b3) mulhsu  gp, ra, s2
core   0: 3 0x800022e4 (0x0320a1b3) x 3 0x00000000
core   0: 0x800022e8 (0xff3708e3) beq     a4, s3, pc - 16
core   0: 3 0x800022e8 (0xff3708e3)
core   0: 0x800022d8 (0x0e257d93) andi    s11, a0, 226
core   0: 3 0x800022d8 (0x0e257d93) x27 0x000000e2
core   0: 0x800022dc (0x00770713) addi    a4, a4, 7
core   0: 3 0x800022dc (0x00770713) x14 0x0000000b
core   0: 0x800022e0 (0x02ee0d33) mul     s10, t3, a4
core   0: 3 0x800022e0 (0x02ee0d33) x26 0x000000bb
core   0: 0x800022e4 (0x0320a1b3) mulhsu  gp, ra, s2
core   0: 3 0x800022e4 (0x0320a1b3) x 3 0x00000000
core   0: 0x800022e8 (0xff3708e3) beq     a4, s3, pc - 16
core   0: 3 0x800022e8 (0xff3708e3)
core   0: 0x800022ec (0x010fc2b3) xor     t0, t6, a6
core   0: 3 0x800022ec (0x010fc2b3) x 5 0x7ffd631c
core   0: 0x800022f0 (0xbb29b593) sltiu   a1, s3, -1102
core   0: 3 0x800022f0 (0xbb29b593) x11 0x00000001
core   0: 0x800022f4 (0xf9450ee3) beq     a0, s4, pc - 100
core   0: 3 0x800022f4 (0xf9450ee3)
core   0: 0x800022f8 (0x45d09e17) auipc   t3, 0x45d09
core   0: 3 0x800022f8 (0x45d09e17) x28 0xc5d0b2f8
core   0: 0x800022fc (0xff900613) li      a2, -7
core   0: 3 0x800022fc (0xff900613) x12 0xfffffff9
core   0: 0x80002300 (0x023fd9b3) divu    s3, t6, gp
core   0: 3 0x80002300 (0x023fd9b3) x19 0xffffffff
core   0: 0x80002304 (0x00b75213) srli    tp, a4, 11
core   0: 3 0x80002304 (0x00b75213) x 4 0x00000000
core   0: 0x80002308 (0x00800313) li      t1, 8
core   0: 3 0x80002308 (0x00800313) x 6 0x00000008
core   0: 0x8000230c (0x024b5233) divu    tp, s6, tp
core   0: 3 0x8000230c (0x024b5233) x 4 0xffffffff
core   0: 0x80002310 (0x00560613) addi    a2, a2, 5
core   0: 3 0x80002310 (0x00560613) x12 0xfffffffe
core   0: 0x80002314 (0x02d130b3) mulhu   ra, sp, a3
core   0: 3 0x80002314 (0x02d130b3) x 1 0x000007c2
core   0: 0x80002318 (0xfe660ae3) beq     a2, t1, pc - 12
core   0: 3 0x80002318 (0xfe660ae3)
core   0: 0x8000231c (0x00819193) slli    gp, gp, 8
core   0: 3 0x8000231c (0x00819193) x 3 0x00000000
core   0: 0x80002320 (0x00100f93) li      t6, 1
core   0: 3 0x80002320 (0x00100f93) x31 0x00000001
core   0: 0x80002324 (0x7ce0b993) sltiu   s3, ra, 1998
core   0: 3 0x80002324 (0x7ce0b993) x19 0x00000001
core   0: 0x80002328 (0x02132733) mulhsu  a4, t1, ra
core   0: 3 0x80002328 (0x02132733) x14 0x00000000
core   0: 0x8000232c (0xff800d13) li      s10, -8
core   0: 3 0x8000232c (0xff800d13) x26 0xfffffff8
core   0: 0x80002330 (0x00929733) sll     a4, t0, s1
core   0: 3 0x80002330 (0x00929733) x14 0xf58c7000
core   0: 0x80002334 (0x02a9a033) mulhsu  zero, s3, a0
core   0: 3 0x80002334 (0x02a9a033)
core   0: 0x80002338 (0xffff8f93) addi    t6, t6, -1
core   0: 3 0x80002338 (0xffff8f93) x31 0x00000000
core   0: 0x8000233c (0x00c7ddb3) srl     s11, a5, a2
core   0: 3 0x8000233c (0x00c7ddb3) x27 0x00000002
core   0: 0x80002340 (0xfff00593) li      a1, -1
core   0: 3 0x80002340 (0xfff00593) x11 0xffffffff
core   0: 0x80002344 (0xff100613) li      a2, -15
core   0: 3 0x80002344 (0xff100613) x12 0xfffffff1
core   0: 0x80002348 (0x43fe3393) sltiu   t2, t3, 1087
core   0: 3 0x80002348 (0x43fe3393) x 7 0x00000000
core   0: 0x8000234c (0xff958593) addi    a1, a1, -7
core   0: 3 0x8000234c (0xff958593) x11 0xfffffff8
core   0: 0x80002350 (0xfec58ce3) beq     a1, a2, pc - 8
core   0: 3 0x80002350 (0xfec58ce3)
core   0: 0x80002354 (0xffafd0e3) bge     t6, s10, pc - 32
core   0: 3 0x80002354 (0xffafd0e3)
core   0: 0x80002334 (0x02a9a033) mulhsu  zero, s3, a0
core   0: 3 0x80002334 (0x02a9a033)
core   0: 0x80002338 (0xffff8f93) addi    t6, t6, -1
core   0: 3 0x80002338 (0xffff8f93) x31 0xffffffff
core   0: 0x8000233c (0x00c7ddb3) srl     s11, a5, a2
core   0: 3 0x8000233c (0x00c7ddb3) x27 0x00004001
core   0: 0x80002340 (0xfff00593) li      a1, -1
core   0: 3 0x80002340 (0xfff00593) x11 0xffffffff
core   0: 0x80002344 (0xff100613) li      a2, -15
core   0: 3 0x80002344 (0xff100613) x12 0xfffffff1
core   0: 0x80002348 (0x43fe3393) sltiu   t2, t3, 1087
core   0: 3 0x80002348 (0x43fe3393) x 7 0x00000000
core   0: 0x8000234c (0xff958593) addi    a1, a1, -7
core   0: 3 0x8000234c (0xff958593) x11 0xfffffff8
core   0: 0x80002350 (0xfec58ce3) beq     a1, a2, pc - 8
core   0: 3 0x80002350 (0xfec58ce3)
core   0: 0x80002354 (0xffafd0e3) bge     t6, s10, pc - 32
core   0: 3 0x80002354 (0xffafd0e3)
core   0: 0x80002334 (0x02a9a033) mulhsu  zero, s3, a0
core   0: 3 0x80002334 (0x02a9a033)
core   0: 0x80002338 (0xffff8f93) addi    t6, t6, -1
core   0: 3 0x80002338 (0xffff8f93) x31 0xfffffffe
core   0: 0x8000233c (0x00c7ddb3) srl     s11, a5, a2
core   0: 3 0x8000233c (0x00c7ddb3) x27 0x00004001
core   0: 0x80002340 (0xfff00593) li      a1, -1
core   0: 3 0x80002340 (0xfff00593) x11 0xffffffff
core   0: 0x80002344 (0xff100613) li      a2, -15
core   0: 3 0x80002344 (0xff100613) x12 0xfffffff1
core   0: 0x80002348 (0x43fe3393) sltiu   t2, t3, 1087
core   0: 3 0x80002348 (0x43fe3393) x 7 0x00000000
core   0: 0x8000234c (0xff958593) addi    a1, a1, -7
core   0: 3 0x8000234c (0xff958593) x11 0xfffffff8
core   0: 0x80002350 (0xfec58ce3) beq     a1, a2, pc - 8
core   0: 3 0x80002350 (0xfec58ce3)
core   0: 0x80002354 (0xffafd0e3) bge     t6, s10, pc - 32
core   0: 3 0x80002354 (0xffafd0e3)
core   0: 0x80002334 (0x02a9a033) mulhsu  zero, s3, a0
core   0: 3 0x80002334 (0x02a9a033)
core   0: 0x80002338 (0xffff8f93) addi    t6, t6, -1
core   0: 3 0x80002338 (0xffff8f93) x31 0xfffffffd
core   0: 0x8000233c (0x00c7ddb3) srl     s11, a5, a2
core   0: 3 0x8000233c (0x00c7ddb3) x27 0x00004001
core   0: 0x80002340 (0xfff00593) li      a1, -1
core   0: 3 0x80002340 (0xfff00593) x11 0xffffffff
core   0: 0x80002344 (0xff100613) li      a2, -15
core   0: 3 0x80002344 (0xff100613) x12 0xfffffff1
core   0: 0x80002348 (0x43fe3393) sltiu   t2, t3, 1087
core   0: 3 0x80002348 (0x43fe3393) x 7 0x00000000
core   0: 0x8000234c (0xff958593) addi    a1, a1, -7
core   0: 3 0x8000234c (0xff958593) x11 0xfffffff8
core   0: 0x80002350 (0xfec58ce3) beq     a1, a2, pc - 8
core   0: 3 0x80002350 (0xfec58ce3)
core   0: 0x80002354 (0xffafd0e3) bge     t6, s10, pc - 32
core   0: 3 0x80002354 (0xffafd0e3)
core   0: 0x80002334 (0x02a9a033) mulhsu  zero, s3, a0
core   0: 3 0x80002334 (0x02a9a033)
core   0: 0x80002338 (0xffff8f93) addi    t6, t6, -1
core   0: 3 0x80002338 (0xffff8f93) x31 0xfffffffc
core   0: 0x8000233c (0x00c7ddb3) srl     s11, a5, a2
core   0: 3 0x8000233c (0x00c7ddb3) x27 0x00004001
core   0: 0x80002340 (0xfff00593) li      a1, -1
core   0: 3 0x80002340 (0xfff00593) x11 0xffffffff
core   0: 0x80002344 (0xff100613) li      a2, -15
core   0: 3 0x80002344 (0xff100613) x12 0xfffffff1
core   0: 0x80002348 (0x43fe3393) sltiu   t2, t3, 1087
core   0: 3 0x80002348 (0x43fe3393) x 7 0x00000000
core   0: 0x8000234c (0xff958593) addi    a1, a1, -7
core   0: 3 0x8000234c (0xff958593) x11 0xfffffff8
core   0: 0x80002350 (0xfec58ce3) beq     a1, a2, pc - 8
core   0: 3 0x80002350 (0xfec58ce3)
core   0: 0x80002354 (0xffafd0e3) bge     t6, s10, pc - 32
core   0: 3 0x80002354 (0xffafd0e3)
core   0: 0x80002334 (0x02a9a033) mulhsu  zero, s3, a0
core   0: 3 0x80002334 (0x02a9a033)
core   0: 0x80002338 (0xffff8f93) addi    t6, t6, -1
core   0: 3 0x80002338 (0xffff8f93) x31 0xfffffffb
core   0: 0x8000233c (0x00c7ddb3) srl     s11, a5, a2
core   0: 3 0x8000233c (0x00c7ddb3) x27 0x00004001
core   0: 0x80002340 (0xfff00593) li      a1, -1
core   0: 3 0x80002340 (0xfff00593) x11 0xffffffff
core   0: 0x80002344 (0xff100613) li      a2, -15
core   0: 3 0x80002344 (0xff100613) x12 0xfffffff1
core   0: 0x80002348 (0x43fe3393) sltiu   t2, t3, 1087
core   0: 3 0x80002348 (0x43fe3393) x 7 0x00000000
core   0: 0x8000234c (0xff958593) addi    a1, a1, -7
core   0: 3 0x8000234c (0xff958593) x11 0xfffffff8
core   0: 0x80002350 (0xfec58ce3) beq     a1, a2, pc - 8
core   0: 3 0x80002350 (0xfec58ce3)
core   0: 0x80002354 (0xffafd0e3) bge     t6, s10, pc - 32
core   0: 3 0x80002354 (0xffafd0e3)
core   0: 0x80002334 (0x02a9a033) mulhsu  zero, s3, a0
core   0: 3 0x80002334 (0x02a9a033)
core   0: 0x80002338 (0xffff8f93) addi    t6, t6, -1
core   0: 3 0x80002338 (0xffff8f93) x31 0xfffffffa
core   0: 0x8000233c (0x00c7ddb3) srl     s11, a5, a2
core   0: 3 0x8000233c (0x00c7ddb3) x27 0x00004001
core   0: 0x80002340 (0xfff00593) li      a1, -1
core   0: 3 0x80002340 (0xfff00593) x11 0xffffffff
core   0: 0x80002344 (0xff100613) li      a2, -15
core   0: 3 0x80002344 (0xff100613) x12 0xfffffff1
core   0: 0x80002348 (0x43fe3393) sltiu   t2, t3, 1087
core   0: 3 0x80002348 (0x43fe3393) x 7 0x00000000
core   0: 0x8000234c (0xff958593) addi    a1, a1, -7
core   0: 3 0x8000234c (0xff958593) x11 0xfffffff8
core   0: 0x80002350 (0xfec58ce3) beq     a1, a2, pc - 8
core   0: 3 0x80002350 (0xfec58ce3)
core   0: 0x80002354 (0xffafd0e3) bge     t6, s10, pc - 32
core   0: 3 0x80002354 (0xffafd0e3)
core   0: 0x80002334 (0x02a9a033) mulhsu  zero, s3, a0
core   0: 3 0x80002334 (0x02a9a033)
core   0: 0x80002338 (0xffff8f93) addi    t6, t6, -1
core   0: 3 0x80002338 (0xffff8f93) x31 0xfffffff9
core   0: 0x8000233c (0x00c7ddb3) srl     s11, a5, a2
core   0: 3 0x8000233c (0x00c7ddb3) x27 0x00004001
core   0: 0x80002340 (0xfff00593) li      a1, -1
core   0: 3 0x80002340 (0xfff00593) x11 0xffffffff
core   0: 0x80002344 (0xff100613) li      a2, -15
core   0: 3 0x80002344 (0xff100613) x12 0xfffffff1
core   0: 0x80002348 (0x43fe3393) sltiu   t2, t3, 1087
core   0: 3 0x80002348 (0x43fe3393) x 7 0x00000000
core   0: 0x8000234c (0xff958593) addi    a1, a1, -7
core   0: 3 0x8000234c (0xff958593) x11 0xfffffff8
core   0: 0x80002350 (0xfec58ce3) beq     a1, a2, pc - 8
core   0: 3 0x80002350 (0xfec58ce3)
core   0: 0x80002354 (0xffafd0e3) bge     t6, s10, pc - 32
core   0: 3 0x80002354 (0xffafd0e3)
core   0: 0x80002334 (0x02a9a033) mulhsu  zero, s3, a0
core   0: 3 0x80002334 (0x02a9a033)
core   0: 0x80002338 (0xffff8f93) addi    t6, t6, -1
core   0: 3 0x80002338 (0xffff8f93) x31 0xfffffff8
core   0: 0x8000233c (0x00c7ddb3) srl     s11, a5, a2
core   0: 3 0x8000233c (0x00c7ddb3) x27 0x00004001
core   0: 0x80002340 (0xfff00593) li      a1, -1
core   0: 3 0x80002340 (0xfff00593) x11 0xffffffff
core   0: 0x80002344 (0xff100613) li      a2, -15
core   0: 3 0x80002344 (0xff100613) x12 0xfffffff1
core   0: 0x80002348 (0x43fe3393) sltiu   t2, t3, 1087
core   0: 3 0x80002348 (0x43fe3393) x 7 0x00000000
core   0: 0x8000234c (0xff958593) addi    a1, a1, -7
core   0: 3 0x8000234c (0xff958593) x11 0xfffffff8
core   0: 0x80002350 (0xfec58ce3) beq     a1, a2, pc - 8
core   0: 3 0x80002350 (0xfec58ce3)
core   0: 0x80002354 (0xffafd0e3) bge     t6, s10, pc - 32
core   0: 3 0x80002354 (0xffafd0e3)
core   0: 0x80002334 (0x02a9a033) mulhsu  zero, s3, a0
core   0: 3 0x80002334 (0x02a9a033)
core   0: 0x80002338 (0xffff8f93) addi    t6, t6, -1
core   0: 3 0x80002338 (0xffff8f93) x31 0xfffffff7
core   0: 0x8000233c (0x00c7ddb3) srl     s11, a5, a2
core   0: 3 0x8000233c (0x00c7ddb3) x27 0x00004001
core   0: 0x80002340 (0xfff00593) li      a1, -1
core   0: 3 0x80002340 (0xfff00593) x11 0xffffffff
core   0: 0x80002344 (0xff100613) li      a2, -15
core   0: 3 0x80002344 (0xff100613) x12 0xfffffff1
core   0: 0x80002348 (0x43fe3393) sltiu   t2, t3, 1087
core   0: 3 0x80002348 (0x43fe3393) x 7 0x00000000
core   0: 0x8000234c (0xff958593) addi    a1, a1, -7
core   0: 3 0x8000234c (0xff958593) x11 0xfffffff8
core   0: 0x80002350 (0xfec58ce3) beq     a1, a2, pc - 8
core   0: 3 0x80002350 (0xfec58ce3)
core   0: 0x80002354 (0xffafd0e3) bge     t6, s10, pc - 32
core   0: 3 0x80002354 (0xffafd0e3)
core   0: 0x80002358 (0x00f656b3) srl     a3, a2, a5
core   0: 3 0x80002358 (0x00f656b3) x13 0x0fffffff
core   0: 0x8000235c (0xffe00493) li      s1, -2
core   0: 3 0x8000235c (0xffe00493) x 9 0xfffffffe
core   0: 0x80002360 (0x41d8d133) sra     sp, a7, t4
core   0: 3 0x80002360 (0x41d8d133) x 2 0x00000000
core   0: 0x80002364 (0x00700913) li      s2, 7
core   0: 3 0x80002364 (0x00700913) x18 0x00000007
core   0: 0x80002368 (0x411f8c33) sub     s8, t6, a7
core   0: 3 0x80002368 (0x411f8c33) x24 0xfffffff7
core   0: 0x8000236c (0x029e76b3) remu    a3, t3, s1
core   0: 3 0x8000236c (0x029e76b3) x13 0xc5d0b2f8
core   0: 0x80002370 (0x00948493) addi    s1, s1, 9
core   0: 3 0x80002370 (0x00948493) x 9 0x00000007
core   0: 0x80002374 (0x006f5e33) srl     t3, t5, t1
core   0: 3 0x80002374 (0x006f5e33) x28 0x00000000
core   0: 0x80002378 (0x01211713) slli    a4, sp, 18
core   0: 3 0x80002378 (0x01211713) x14 0x00000000
core   0: 0x8000237c (0x00300593) li      a1, 3
core   0: 3 0x8000237c (0x00300593) x11 0x00000003
core   0: 0x80002380 (0x0059b1b3) sltu    gp, s3, t0
core   0: 3 0x80002380 (0x0059b1b3) x 3 0x00000001
core   0: 0x80002384 (0x00700d93) li      s11, 7
core   0: 3 0x80002384 (0x00700d93) x27 0x00000007
core   0: 0x80002388 (0xc8b14993) xori    s3, sp, -885
core   0: 3 0x80002388 (0xc8b14993) x19 0xfffffc8b
core   0: 0x8000238c (0x031b7eb3) remu    t4, s6, a7
core   0: 3 0x8000238c (0x031b7eb3) x29 0x00000014
core   0: 0x80002390 (0x2c00f193) andi    gp, ra, 704
core   0: 3 0x80002390 (0x2c00f193) x 3 0x000002c0
core   0: 0x80002394 (0x00458593) addi    a1, a1, 4
core   0: 3 0x80002394 (0x00458593) x11 0x00000007
core   0: 0x80002398 (0x705b4d13) xori    s10, s6, 1797
core   0: 3 0x80002398 (0x705b4d13) x26 0x00000711
core   0: 0x8000239c (0xffb5c6e3) blt     a1, s11, pc - 20
core   0: 3 0x8000239c (0xffb5c6e3)
core   0: 0x800023a0 (0xfd2486e3) beq     s1, s2, pc - 52
core   0: 3 0x800023a0 (0xfd2486e3)
core   0: 0x8000236c (0x029e76b3) remu    a3, t3, s1
core   0: 3 0x8000236c (0x029e76b3) x13 0x00000000
core   0: 0x80002370 (0x00948493) addi    s1, s1, 9
core   0: 3 0x80002370 (0x00948493) x 9 0x00000010
core   0: 0x80002374 (0x006f5e33) srl     t3, t5, t1
core   0: 3 0x80002374 (0x006f5e33) x28 0x00000000
core   0: 0x80002378 (0x01211713) slli    a4, sp, 18
core   0: 3 0x80002378 (0x01211713) x14 0x00000000
core   0: 0x8000237c (0x00300593) li      a1, 3
core   0: 3 0x8000237c (0x00300593) x11 0x00000003
core   0: 0x80002380 (0x0059b1b3) sltu    gp, s3, t0
core   0: 3 0x80002380 (0x0059b1b3) x 3 0x00000000
core   0: 0x80002384 (0x00700d93) li      s11, 7
core   0: 3 0x80002384 (0x00700d93) x27 0x00000007
core   0: 0x80002388 (0xc8b14993) xori    s3, sp, -885
core   0: 3 0x80002388 (0xc8b14993) x19 0xfffffc8b
core   0: 0x8000238c (0x031b7eb3) remu    t4, s6, a7
core   0: 3 0x8000238c (0x031b7eb3) x29 0x00000014
core   0: 0x80002390 (0x2c00f193) andi    gp, ra, 704
core   0: 3 0x80002390 (0x2c00f193) x 3 0x000002c0
core   0: 0x80002394 (0x00458593) addi    a1, a1, 4
core   0: 3 0x80002394 (0x00458593) x11 0x00000007
core   0: 0x80002398 (0x705b4d13) xori    s10, s6, 1797
core   0: 3 0x80002398 (0x705b4d13) x26 0x00000711
core   0: 0x8000239c (0xffb5c6e3) blt     a1, s11, pc - 20
core   0: 3 0x8000239c (0xffb5c6e3)
core   0: 0x800023a0 (0xfd2486e3) beq     s1, s2, pc - 52
core   0: 3 0x800023a0 (0xfd2486e3)
core   0: 0x800023a4 (0x11cbe113) ori     sp, s7, 284
core   0: 3 0x800023a4 (0x11cbe113) x 2 0x0000011c
core   0: 0x800023a8 (0xffd00713) li      a4, -3
core   0: 3 0x800023a8 (0xffd00713) x14 0xfffffffd
core   0: 0x800023ac (0x007d02b3) add     t0, s10, t2
core   0: 3 0x800023ac (0x007d02b3) x 5 0x00000711
core   0: 0x800023b0 (0x00f00e93) li      t4, 15
core   0: 3 0x800023b0 (0x00f00e93) x29 0x0000000f
core   0: 0x800023b4 (0x022cb4b3) mulhu   s1, s9, sp
core   0: 3 0x800023b4 (0x022cb4b3) x 9 0x0000011b
core   0: 0x800023b8 (0x00970713) addi    a4, a4, 9
core   0: 3 0x800023b8 (0x00970713) x14 0x00000006
core   0: 0x800023bc (0x014cba33) sltu    s4, s9, s4
core   0: 3 0x800023bc (0x014cba33) x20 0x00000001
core   0: 0x800023c0 (0xffd70ae3) beq     a4, t4, pc - 12
core   0: 3 0x800023c0 (0xffd70ae3)
core   0: 0x800023c4 (0x40db5613) srai    a2, s6, 13
core   0: 3 0x800023c4 (0x40db5613) x12 0x00000000
core   0: 0x800023c8 (0x00a00b13) li      s6, 10
core   0: 3 0x800023c8 (0x00a00b13) x22 0x0000000a
core   0: 0x800023cc (0x7006b313) sltiu   t1, a3, 1792
core   0: 3 0x800023cc (0x7006b313) x 6 0x00000001
core   0: 0x800023d0 (0x000e3a33) sltu    s4, t3, zero
core   0: 3 0x800023d0 (0x000e3a33) x20 0x00000000
core   0: 0x800023d4 (0x00200e93) li      t4, 2
core   0: 3 0x800023d4 (0x00200e93) x29 0x00000002
core   0: 0x800023d8 (0xc0af6513) ori     a0, t5, -1014
core   0: 3 0x800023d8 (0xc0af6513) x10 0xfffffc0a
core   0: 0x800023dc (0xfffb0b13) addi    s6, s6, -1
core   0: 3 0x800023dc (0xfffb0b13) x22 0x00000009
core   0: 0x800023e0 (0xffdb7ce3) bgeu    s6, t4, pc - 8
core   0: 3 0x800023e0 (0xffdb7ce3)
core   0: 0x800023d8 (0xc0af6513) ori     a0, t5, -1014
core   0: 3 0x800023d8 (0xc0af6513) x10 0xfffffc0a
core   0: 0x800023dc (0xfffb0b13) addi    s6, s6, -1
core   0: 3 0x800023dc (0xfffb0b13) x22 0x00000008
core   0: 0x800023e0 (0xffdb7ce3) bgeu    s6, t4, pc - 8
core   0: 3 0x800023e0 (0xffdb7ce3)
core   0: 0x800023d8 (0xc0af6513) ori     a0, t5, -1014
core   0: 3 0x800023d8 (0xc0af6513) x10 0xfffffc0a
core   0: 0x800023dc (0xfffb0b13) addi    s6, s6, -1
core   0: 3 0x800023dc (0xfffb0b13) x22 0x00000007
core   0: 0x800023e0 (0xffdb7ce3) bgeu    s6, t4, pc - 8
core   0: 3 0x800023e0 (0xffdb7ce3)
core   0: 0x800023d8 (0xc0af6513) ori     a0, t5, -1014
core   0: 3 0x800023d8 (0xc0af6513) x10 0xfffffc0a
core   0: 0x800023dc (0xfffb0b13) addi    s6, s6, -1
core   0: 3 0x800023dc (0xfffb0b13) x22 0x00000006
core   0: 0x800023e0 (0xffdb7ce3) bgeu    s6, t4, pc - 8
core   0: 3 0x800023e0 (0xffdb7ce3)
core   0: 0x800023d8 (0xc0af6513) ori     a0, t5, -1014
core   0: 3 0x800023d8 (0xc0af6513) x10 0xfffffc0a
core   0: 0x800023dc (0xfffb0b13) addi    s6, s6, -1
core   0: 3 0x800023dc (0xfffb0b13) x22 0x00000005
core   0: 0x800023e0 (0xffdb7ce3) bgeu    s6, t4, pc - 8
core   0: 3 0x800023e0 (0xffdb7ce3)
core   0: 0x800023d8 (0xc0af6513) ori     a0, t5, -1014
core   0: 3 0x800023d8 (0xc0af6513) x10 0xfffffc0a
core   0: 0x800023dc (0xfffb0b13) addi    s6, s6, -1
core   0: 3 0x800023dc (0xfffb0b13) x22 0x00000004
core   0: 0x800023e0 (0xffdb7ce3) bgeu    s6, t4, pc - 8
core   0: 3 0x800023e0 (0xffdb7ce3)
core   0: 0x800023d8 (0xc0af6513) ori     a0, t5, -1014
core   0: 3 0x800023d8 (0xc0af6513) x10 0xfffffc0a
core   0: 0x800023dc (0xfffb0b13) addi    s6, s6, -1
core   0: 3 0x800023dc (0xfffb0b13) x22 0x00000003
core   0: 0x800023e0 (0xffdb7ce3) bgeu    s6, t4, pc - 8
core   0: 3 0x800023e0 (0xffdb7ce3)
core   0: 0x800023d8 (0xc0af6513) ori     a0, t5, -1014
core   0: 3 0x800023d8 (0xc0af6513) x10 0xfffffc0a
core   0: 0x800023dc (0xfffb0b13) addi    s6, s6, -1
core   0: 3 0x800023dc (0xfffb0b13) x22 0x00000002
core   0: 0x800023e0 (0xffdb7ce3) bgeu    s6, t4, pc - 8
core   0: 3 0x800023e0 (0xffdb7ce3)
core   0: 0x800023d8 (0xc0af6513) ori     a0, t5, -1014
core   0: 3 0x800023d8 (0xc0af6513) x10 0xfffffc0a
core   0: 0x800023dc (0xfffb0b13) addi    s6, s6, -1
core   0: 3 0x800023dc (0xfffb0b13) x22 0x00000001
core   0: 0x800023e0 (0xffdb7ce3) bgeu    s6, t4, pc - 8
core   0: 3 0x800023e0 (0xffdb7ce3)
core   0: 0x800023e4 (0x01c8fdb3) and     s11, a7, t3
core   0: 3 0x800023e4 (0x01c8fdb3) x27 0x00000000
core   0: 0x800023e8 (0x00600693) li      a3, 6
core   0: 3 0x800023e8 (0x00600693) x13 0x00000006
core   0: 0x800023ec (0x78664993) xori    s3, a2, 1926
core   0: 3 0x800023ec (0x78664993) x19 0x00000786
core   0: 0x800023f0 (0x00700093) li      ra, 7
core   0: 3 0x800023f0 (0x00700093) x 1 0x00000007
core   0: 0x800023f4 (0x0139a2b3) slt     t0, s3, s3
core   0: 3 0x800023f4 (0x0139a2b3) x 5 0x00000000
core   0: 0x800023f8 (0x01db9d93) slli    s11, s7, 29
core   0: 3 0x800023f8 (0x01db9d93) x27 0x00000000
core   0: 0x800023fc (0x4122d213) srai    tp, t0, 18
core   0: 3 0x800023fc (0x4122d213) x 4 0x00000000
core   0: 0x80002400 (0x8c9db293) sltiu   t0, s11, -1847
core   0: 3 0x80002400 (0x8c9db293) x 5 0x00000001
core   0: 0x80002404 (0x03004633) div     a2, zero, a6
core   0: 3 0x80002404 (0x03004633) x12 0x00000000
core   0: 0x80002408 (0x03f63433) mulhu   s0, a2, t6
core   0: 3 0x80002408 (0x03f63433) x 8 0x00000000
core   0: 0x8000240c (0x0369fdb3) remu    s11, s3, s6
core   0: 3 0x8000240c (0x0369fdb3) x27 0x00000000
core   0: 0x80002410 (0x00000013) nop
core   0: 3 0x80002410 (0x00000013)
core   0: 0x80002414 (0x40e8d013) srai    zero, a7, 14
core   0: 3 0x80002414 (0x40e8d013)
core   0: 0x80002418 (0x00000013) nop
core   0: 3 0x80002418 (0x00000013)
core   0: 0x8000241c (0x028b8733) mul     a4, s7, s0
core   0: 3 0x8000241c (0x028b8733) x14 0x00000000
core   0: 0x80002420 (0x012d85b7) lui     a1, 0x12d8
core   0: 3 0x80002420 (0x012d85b7) x11 0x012d8000
core   0: 0x80002424 (0x00168693) addi    a3, a3, 1
core   0: 3 0x80002424 (0x00168693) x13 0x00000007
core   0: 0x80002428 (0x0032dfb3) srl     t6, t0, gp
core   0: 3 0x80002428 (0x0032dfb3) x31 0x00000001
core   0: 0x8000242c (0x0272dd33) divu    s10, t0, t2
core   0: 3 0x8000242c (0x0272dd33) x26 0xffffffff
core   0: 0x80002430 (0x01b79233) sll     tp, a5, s11
core   0: 3 0x80002430 (0x01b79233) x 4 0x80025e64
core   0: 0x80002434 (0x05048913) addi    s2, s1, 80
core   0: 3 0x80002434 (0x05048913) x18 0x0000016b
core   0: 0x80002438 (0xfe16e2e3) bltu    a3, ra, pc - 28
core   0: 3 0x80002438 (0xfe16e2e3)
core   0: 0x8000243c (0x407cd3b3) sra     t2, s9, t2
core   0: 3 0x8000243c (0x407cd3b3) x 7 0xffffffe0
core   0: 0x80002440 (0xff600713) li      a4, -10
core   0: 3 0x80002440 (0xff600713) x14 0xfffffff6
core   0: 0x80002444 (0x01785233) srl     tp, a6, s7
core   0: 3 0x80002444 (0x01785233) x 4 0xfffffff4
core   0: 0x80002448 (0xd9a60993) addi    s3, a2, -614
core   0: 3 0x80002448 (0xd9a60993) x19 0xfffffd9a
core   0: 0x8000244c (0x0f9c7013) andi    zero, s8, 249
core   0: 3 0x8000244c (0x0f9c7013)
core   0: 0x80002450 (0xff000b93) li      s7, -16
core   0: 3 0x80002450 (0xff000b93) x23 0xfffffff0
core   0: 0x80002454 (0x40cc0cb3) sub     s9, s8, a2
core   0: 3 0x80002454 (0x40cc0cb3) x25 0xfffffff7
core   0: 0x80002458 (0x031610b3) mulh    ra, a2, a7
core   0: 3 0x80002458 (0x031610b3) x 1 0x00000000
core   0: 0x8000245c (0x012c5313) srli    t1, s8, 18
core   0: 3 0x8000245c (0x012c5313) x 6 0x00003fff
core   0: 0x80002460 (0x00000013) nop
core   0: 3 0x80002460 (0x00000013)
core   0: 0x80002464 (0xffd70713) addi    a4, a4, -3
core   0: 3 0x80002464 (0xffd70713) x14 0xfffffff3
core   0: 0x80002468 (0x002e5133) srl     sp, t3, sp
core   0: 3 0x80002468 (0x002e5133) x 2 0x00000000
core   0: 0x8000246c (0x020fc833) div     a6, t6, zero
core   0: 3 0x8000246c (0x020fc833) x16 0xffffffff
core   0: 0x80002470 (0x00019d33) sll     s10, gp, zero
core   0: 3 0x80002470 (0x00019d33) x26 0x000002c0
core   0: 0x80002474 (0xe689f593) andi    a1, s3, -408
core   0: 3 0x80002474 (0xe689f593) x11 0xfffffc08
core   0: 0x80002478 (0x01a1d433) srl     s0, gp, s10
core   0: 3 0x80002478 (0x01a1d433) x 8 0x000002c0
core   0: 0x8000247c (0x418edf93) srai    t6, t4, 24
core   0: 3 0x8000247c (0x418edf93) x31 0x00000000
core   0: 0x80002480 (0xfd770ce3) beq     a4, s7, pc - 40
core   0: 3 0x80002480 (0xfd770ce3)
core   0: 0x80002484 (0x1344e093) ori     ra, s1, 308
core   0: 3 0x80002484 (0x1344e093) x 1 0x0000013f
core   0: 0x80002488 (0xff800693) li      a3, -8
core   0: 3 0x80002488 (0xff800693) x13 0xfffffff8
core   0: 0x8000248c (0x00000013) nop
core   0: 3 0x8000248c (0x00000013)
core   0: 0x80002490 (0x030a3a33) mulhu   s4, s4, a6
core   0: 3 0x80002490 (0x030a3a33) x20 0x00000000
core   0: 0x80002494 (0x03254b33) div     s6, a0, s2
core   0: 3 0x80002494 (0x03254b33) x22 0xfffffffe
core   0: 0x80002498 (0x02877333) remu    t1, a4, s0
core   0: 3 0x80002498 (0x02877333) x 6 0x00000233
core   0: 0x8000249c (0x4001d733) sra     a4, gp, zero
core   0: 3 0x8000249c (0x4001d733) x14 0x000002c0
core   0: 0x800024a0 (0x03dbecb3) rem     s9, s7, t4
core   0: 3 0x800024a0 (0x03dbecb3) x25 0x00000000
core   0: 0x800024a4 (0x01000e13) li      t3, 16
core   0: 3 0x800024a4 (0x01000e13) x28 0x00000010
core   0: 0x800024a8 (0x017722b3) slt     t0, a4, s7
core   0: 3 0x800024a8 (0x017722b3) x 5 0x00000000
core   0: 0x800024ac (0x24a8b893) sltiu   a7, a7, 586
core   0: 3 0x800024ac (0x24a8b893) x17 0x00000001
core   0: 0x800024b0 (0x01f9dc93) srli    s9, s3, 31
core   0: 3 0x800024b0 (0x01f9dc93) x25 0x00000001
core   0: 0x800024b4 (0x00168693) addi    a3, a3, 1
core   0: 3 0x800024b4 (0x00168693) x13 0xfffffff9
core   0: 0x800024b8 (0x40265893) srai    a7, a2, 2
core   0: 3 0x800024b8 (0x40265893) x17 0x00000000
core   0: 0x800024bc (0x00000413) li      s0, 0
core   0: 3 0x800024bc (0x00000413) x 8 0x00000000
core   0: 0x800024c0 (0xd8017213) andi    tp, sp, -640
core   0: 3 0x800024c0 (0xd8017213) x 4 0x00000000
core   0: 0x800024c4 (0xffd00493) li      s1, -3
core   0: 3 0x800024c4 (0xffd00493) x 9 0xfffffffd
core   0: 0x800024c8 (0x007d9f93) slli    t6, s11, 7
core   0: 3 0x800024c8 (0x007d9f93) x31 0x00000000
core   0: 0x800024cc (0x2778fdb7) lui     s11, 0x2778f
core   0: 3 0x800024cc (0x2778fdb7) x27 0x2778f000
core   0: 0x800024d0 (0x00000013) nop
core   0: 3 0x800024d0 (0x00000013)
core   0: 0x800024d4 (0x01bc5633) srl     a2, s8, s11
core   0: 3 0x800024d4 (0x01bc5633) x12 0xfffffff7
core   0: 0x800024d8 (0x7d507d13) andi    s10, zero, 2005
core   0: 3 0x800024d8 (0x7d507d13) x26 0x00000000
core   0: 0x800024dc (0x00945033) srl     zero, s0, s1
core   0: 3 0x800024dc (0x00945033)
core   0: 0x800024e0 (0xf39cc597) auipc   a1, 0xf39cc
core   0: 3 0x800024e0 (0xf39cc597) x11 0x739ce4e0
core   0: 0x800024e4 (0xff740413) addi    s0, s0, -9
core   0: 3 0x800024e4 (0xff740413) x 8 0xfffffff7
core   0: 0x800024e8 (0xfe9452e3) bge     s0, s1, pc - 28
core   0: 3 0x800024e8 (0xfe9452e3)
core   0: 0x800024ec (0x03cdfd33) remu    s10, s11, t3
core   0: 3 0x800024ec (0x03cdfd33) x26 0x00000000
core   0: 0x800024f0 (0xfbc68ee3) beq     a3, t3, pc - 68
core   0: 3 0x800024f0 (0xfbc68ee3)
core   0: 0x800024f4 (0x00f821b3) slt     gp, a6, a5
core   0: 3 0x800024f4 (0x00f821b3) x 3 0x00000000
core   0: 0x800024f8 (0x00500193) li      gp, 5
core   0: 3 0x800024f8 (0x00500193) x 3 0x00000005
core   0: 0x800024fc (0xffb00e93) li      t4, -5
core   0: 3 0x800024fc (0xffb00e93) x29 0xfffffffb
core   0: 0x80002500 (0x00e9d933) srl     s2, s3, a4
core   0: 3 0x80002500 (0x00e9d933) x18 0xfffffd9a
core   0: 0x80002504 (0x3aeb1417) auipc   s0, 0x3aeb1
core   0: 3 0x80002504 (0x3aeb1417) x 8 0xbaeb3504
core   0: 0x80002508 (0xffb18193) addi    gp, gp, -5
core   0: 3 0x80002508 (0xffb18193) x 3 0x00000000
core   0: 0x8000250c (0x022399b3) mulh    s3, t2, sp
core   0: 3 0x8000250c (0x022399b3) x19 0x00000000
core   0: 0x80002510 (0x00000013) nop
core   0: 3 0x80002510 (0x00000013)
core   0: 0x80002514 (0x00400593) li      a1, 4
core   0: 3 0x80002514 (0x00400593) x11 0x00000004
core   0: 0x80002518 (0xda200d93) li      s11, -606
core   0: 3 0x80002518 (0xda200d93) x27 0xfffffda2
core   0: 0x8000251c (0x00400d13) li      s10, 4
core   0: 3 0x8000251c (0x00400d13) x26 0x00000004
core   0: 0x80002520 (0x00479913) slli    s2, a5, 4
core   0: 3 0x80002520 (0x00479913) x18 0x0025e640
core   0: 0x80002524 (0x0179e433) or      s0, s3, s7
core   0: 3 0x80002524 (0x0179e433) x 8 0xfffffff0
core   0: 0x80002528 (0x0189e4b3) or      s1, s3, s8
core   0: 3 0x80002528 (0x0189e4b3) x 9 0xfffffff7
core   0: 0x8000252c (0xc77dc017) auipc   zero, 0xc77dc
core   0: 3 0x8000252c (0xc77dc017)
core   0: 0x80002530 (0x035946b3) div     a3, s2, s5
core   0: 3 0x80002530 (0x035946b3) x13 0x00000000
core   0: 0x80002534 (0xffd58593) addi    a1, a1, -3
core   0: 3 0x80002534 (0xffd58593) x11 0x00000001
core   0: 0x80002538 (0x9071f513) andi    a0, gp, -1785
core   0: 3 0x80002538 (0x9071f513) x10 0x00000000
core   0: 0x8000253c (0x00be5393) srli    t2, t3, 11
core   0: 3 0x8000253c (0x00be5393) x 7 0x00000000
core   0: 0x80002540 (0x004bce33) xor     t3, s7, tp
core   0: 3 0x80002540 (0x004bce33) x28 0xfffffff0
core   0: 0x80002544 (0x00959413) slli    s0, a1, 9
core   0: 3 0x80002544 (0x00959413) x 8 0x00000200
core   0: 0x80002548 (0x00bf16b3) sll     a3, t5, a1
core   0: 3 0x80002548 (0x00bf16b3) x13 0x00000000
core   0: 0x8000254c (0x00419fb3) sll     t6, gp, tp
core   0: 3 0x8000254c (0x00419fb3) x31 0x00000000
core   0: 0x80002550 (0x02b1ccb3) div     s9, gp, a1
core   0: 3 0x80002550 (0x02b1ccb3) x25 0x00000000
core   0: 0x80002554 (0x00a52bb3) slt     s7, a0, a0
core   0: 3 0x80002554 (0x00a52bb3) x23 0x00000000
core   0: 0x80002558 (0x41a6dc13) srai    s8, a3, 26
core   0: 3 0x80002558 (0x41a6dc13) x24 0x00000000
core   0: 0x8000255c (0x039970b3) remu    ra, s2, s9
core   0: 3 0x8000255c (0x039970b3) x 1 0x0025e640
core   0: 0x80002560 (0x029d2833) mulhsu  a6, s10, s1
core   0: 3 0x80002560 (0x029d2833) x16 0x00000003
core   0: 0x80002564 (0xfda5f0e3) bgeu    a1, s10, pc - 64
core   0: 3 0x80002564 (0xfda5f0e3)
core   0: 0x80002568 (0x02b580b3) mul     ra, a1, a1
core   0: 3 0x80002568 (0x02b580b3) x 1 0x00000001
core   0: 0x8000256c (0x00000013) nop
core   0: 3 0x8000256c (0x00000013)
core   0: 0x80002570 (0x00fd0433) add     s0, s10, a5
core   0: 3 0x80002570 (0x00fd0433) x 8 0x80025e68
core   0: 0x80002574 (0xf9d188e3) beq     gp, t4, pc - 112
core   0: 3 0x80002574 (0xf9d188e3)
core   0: 0x80002578 (0xd7204813) xori    a6, zero, -654
core   0: 3 0x80002578 (0xd7204813) x16 0xfffffd72
core   0: 0x8000257c (0xff900113) li      sp, -7
core   0: 3 0x8000257c (0xff900113) x 2 0xfffffff9
core   0: 0x80002580 (0x01100a13) li      s4, 17
core   0: 3 0x80002580 (0x01100a13) x20 0x00000011
core   0: 0x80002584 (0x967d3813) sltiu   a6, s10, -1689
core   0: 3 0x80002584 (0x967d3813) x16 0x00000001
core   0: 0x80002588 (0x00410113) addi    sp, sp, 4
core   0: 3 0x80002588 (0x00410113) x 2 0xfffffffd
core   0: 0x8000258c (0xff600c93) li      s9, -10
core   0: 3 0x8000258c (0xff600c93) x25 0xfffffff6
core   0: 0x80002590 (0xfee00e93) li      t4, -18
core   0: 3 0x80002590 (0xfee00e93) x29 0xffffffee
core   0: 0x80002594 (0x00b4a4b3) slt     s1, s1, a1
core   0: 3 0x80002594 (0x00b4a4b3) x 9 0x00000001
core   0: 0x80002598 (0xff6c8c93) addi    s9, s9, -10
core   0: 3 0x80002598 (0xff6c8c93) x25 0xffffffec
core   0: 0x8000259c (0xffdcdce3) bge     s9, t4, pc - 8
core   0: 3 0x8000259c (0xffdcdce3)
core   0: 0x800025a0 (0xff4112e3) bne     sp, s4, pc - 28
core   0: 3 0x800025a0 (0xff4112e3)
core   0: 0x80002584 (0x967d3813) sltiu   a6, s10, -1689
core   0: 3 0x80002584 (0x967d3813) x16 0x00000001
core   0: 0x80002588 (0x00410113) addi    sp, sp, 4
core   0: 3 0x80002588 (0x00410113) x 2 0x00000001
core   0: 0x8000258c (0xff600c93) li      s9, -10
core   0: 3 0x8000258c (0xff600c93) x25 0xfffffff6
core   0: 0x80002590 (0xfee00e93) li      t4, -18
core   0: 3 0x80002590 (0xfee00e93) x29 0xffffffee
core   0: 0x80002594 (0x00b4a4b3) slt     s1, s1, a1
core   0: 3 0x80002594 (0x00b4a4b3) x 9 0x00000000
core   0: 0x80002598 (0xff6c8c93) addi    s9, s9, -10
core   0: 3 0x80002598 (0xff6c8c93) x25 0xffffffec
core   0: 0x8000259c (0xffdcdce3) bge     s9, t4, pc - 8
core   0: 3 0x8000259c (0xffdcdce3)
core   0: 0x800025a0 (0xff4112e3) bne     sp, s4, pc - 28
core   0: 3 0x800025a0 (0xff4112e3)
core   0: 0x80002584 (0x967d3813) sltiu   a6, s10, -1689
core   0: 3 0x80002584 (0x967d3813) x16 0x00000001
core   0: 0x80002588 (0x00410113) addi    sp, sp, 4
core   0: 3 0x80002588 (0x00410113) x 2 0x00000005
core   0: 0x8000258c (0xff600c93) li      s9, -10
core   0: 3 0x8000258c (0xff600c93) x25 0xfffffff6
core   0: 0x80002590 (0xfee00e93) li      t4, -18
core   0: 3 0x80002590 (0xfee00e93) x29 0xffffffee
core   0: 0x80002594 (0x00b4a4b3) slt     s1, s1, a1
core   0: 3 0x80002594 (0x00b4a4b3) x 9 0x00000001
core   0: 0x80002598 (0xff6c8c93) addi    s9, s9, -10
core   0: 3 0x80002598 (0xff6c8c93) x25 0xffffffec
core   0: 0x8000259c (0xffdcdce3) bge     s9, t4, pc - 8
core   0: 3 0x8000259c (0xffdcdce3)
core   0: 0x800025a0 (0xff4112e3) bne     sp, s4, pc - 28
core   0: 3 0x800025a0 (0xff4112e3)
core   0: 0x80002584 (0x967d3813) sltiu   a6, s10, -1689
core   0: 3 0x80002584 (0x967d3813) x16 0x00000001
core   0: 0x80002588 (0x00410113) addi    sp, sp, 4
core   0: 3 0x80002588 (0x00410113) x 2 0x00000009
core   0: 0x8000258c (0xff600c93) li      s9, -10
core   0: 3 0x8000258c (0xff600c93) x25 0xfffffff6
core   0: 0x80002590 (0xfee00e93) li      t4, -18
core   0: 3 0x80002590 (0xfee00e93) x29 0xffffffee
core   0: 0x80002594 (0x00b4a4b3) slt     s1, s1, a1
core   0: 3 0x80002594 (0x00b4a4b3) x 9 0x00000000
core   0: 0x80002598 (0xff6c8c93) addi    s9, s9, -10
core   0: 3 0x80002598 (0xff6c8c93) x25 0xffffffec
core   0: 0x8000259c (0xffdcdce3) bge     s9, t4, pc - 8
core   0: 3 0x8000259c (0xffdcdce3)
core   0: 0x800025a0 (0xff4112e3) bne     sp, s4, pc - 28
core   0: 3 0x800025a0 (0xff4112e3)
core   0: 0x80002584 (0x967d3813) sltiu   a6, s10, -1689
core   0: 3 0x80002584 (0x967d3813) x16 0x00000001
core   0: 0x80002588 (0x00410113) addi    sp, sp, 4
core   0: 3 0x80002588 (0x00410113) x 2 0x0000000d
core   0: 0x8000258c (0xff600c93) li      s9, -10
core   0: 3 0x8000258c (0xff600c93) x25 0xfffffff6
core   0: 0x80002590 (0xfee00e93) li      t4, -18
core   0: 3 0x80002590 (0xfee00e93) x29 0xffffffee
core   0: 0x80002594 (0x00b4a4b3) slt     s1, s1, a1
core   0: 3 0x80002594 (0x00b4a4b3) x 9 0x00000001
core   0: 0x80002598 (0xff6c8c93) addi    s9, s9, -10
core   0: 3 0x80002598 (0xff6c8c93) x25 0xffffffec
core   0: 0x8000259c (0xffdcdce3) bge     s9, t4, pc - 8
core   0: 3 0x8000259c (0xffdcdce3)
core   0: 0x800025a0 (0xff4112e3) bne     sp, s4, pc - 28
core   0: 3 0x800025a0 (0xff4112e3)
core   0: 0x80002584 (0x967d3813) sltiu   a6, s10, -1689
core   0: 3 0x80002584 (0x967d3813) x16 0x00000001
core   0: 0x80002588 (0x00410113) addi    sp, sp, 4
core   0: 3 0x80002588 (0x00410113) x 2 0x00000011
core   0: 0x8000258c (0xff600c93) li      s9, -10
core   0: 3 0x8000258c (0xff600c93) x25 0xfffffff6
core   0: 0x80002590 (0xfee00e93) li      t4, -18
core   0: 3 0x80002590 (0xfee00e93) x29 0xffffffee
core   0: 0x80002594 (0x00b4a4b3) slt     s1, s1, a1
core   0: 3 0x80002594 (0x00b4a4b3) x 9 0x00000000
core   0: 0x80002598 (0xff6c8c93) addi    s9, s9, -10
core   0: 3 0x80002598 (0xff6c8c93) x25 0xffffffec
core   0: 0x8000259c (0xffdcdce3) bge     s9, t4, pc - 8
core   0: 3 0x8000259c (0xffdcdce3)
core   0: 0x800025a0 (0xff4112e3) bne     sp, s4, pc - 28
core   0: 3 0x800025a0 (0xff4112e3)
core   0: 0x800025a4 (0x408180b3) sub     ra, gp, s0
core   0: 3 0x800025a4 (0x408180b3) x 1 0x7ffda198
core   0: 0x800025a8 (0xff800513) li      a0, -8
core   0: 3 0x800025a8 (0xff800513) x10 0xfffffff8
core   0: 0x800025ac (0x025203b3) mul     t2, tp, t0
core   0: 3 0x800025ac (0x025203b3) x 7 0x00000000
core   0: 0x800025b0 (0x001768b3) or      a7, a4, ra
core   0: 3 0x800025b0 (0x001768b3) x17 0x7ffda3d8
core   0: 0x800025b4 (0x9162cb13) xori    s6, t0, -1770
core   0: 3 0x800025b4 (0x9162cb13) x22 0xfffff916
core   0: 0x800025b8 (0x01da76b3) and     a3, s4, t4
core   0: 3 0x800025b8 (0x01da76b3) x13 0x00000000
core   0: 0x800025bc (0xff200d93) li      s11, -14
core   0: 3 0x800025bc (0xff200d93) x27 0xfffffff2
core   0: 0x800025c0 (0x4e9db113) sltiu   sp, s11, 1257
core   0: 3 0x800025c0 (0x4e9db113) x 2 0x00000000
core   0: 0x800025c4 (0xbeb30693) addi    a3, t1, -1045
core   0: 3 0x800025c4 (0xbeb30693) x13 0xfffffe1e
core   0: 0x800025c8 (0x026b09b3) mul     s3, s6, t1
core   0: 3 0x800025c8 (0x026b09b3) x19 0xfff0cb62
core   0: 0x800025cc (0x23093197) auipc   gp, 0x23093
core   0: 3 0x800025cc (0x23093197) x 3 0xa30955cc
core   0: 0x800025d0 (0x1518b013) sltiu   zero, a7, 337
core   0: 3 0x800025d0 (0x1518b013)
core   0: 0x800025d4 (0x01e70d33) add     s10, a4, t5
core   0: 3 0x800025d4 (0x01e70d33) x26 0x000002c0
core   0: 0x800025d8 (0x01eadc13) srli    s8, s5, 30
core   0: 3 0x800025d8 (0x01eadc13) x24 0x00000002
core   0: 0x800025dc (0xff750513) addi    a0, a0, -9
core   0: 3 0x800025dc (0xff750513) x10 0xffffffef
core   0: 0x800025e0 (0x00991893) slli    a7, s2, 9
core   0: 3 0x800025e0 (0x00991893) x17 0x4bcc8000
core   0: 0x800025e4 (0x0355deb3) divu    t4, a1, s5
core   0: 3 0x800025e4 (0x0355deb3) x29 0x00000000
core   0: 0x800025e8 (0x03c8dd33) divu    s10, a7, t3
core   0: 3 0x800025e8 (0x03c8dd33) x26 0x00000000
core   0: 0x800025ec (0x67bc2893) slti    a7, s8, 1659
core   0: 3 0x800025ec (0x67bc2893) x17 0x00000001
core   0: 0x800025f0 (0xc9f97213) andi    tp, s2, -865
core   0: 3 0x800025f0 (0xc9f97213) x 4 0x0025e400
core   0: 0x800025f4 (0x6cf37593) andi    a1, t1, 1743
core   0: 3 0x800025f4 (0x6cf37593) x11 0x00000203
core   0: 0x800025f8 (0x2d423c93) sltiu   s9, tp, 724
core   0: 3 0x800025f8 (0x2d423c93) x25 0x00000000
core   0: 0x800025fc (0x401f05b3) sub     a1, t5, ra
core   0: 3 0x800025fc (0x401f05b3) x11 0x80025e68
core   0: 0x80002600 (0x02084233) div     tp, a6, zero
core   0: 3 0x80002600 (0x02084233) x 4 0xffffffff
core   0: 0x80002604 (0x068de193) ori     gp, s11, 104
core   0: 3 0x80002604 (0x068de193) x 3 0xfffffffa
core   0: 0x80002608 (0x37ae7e13) andi    t3, t3, 890
core   0: 3 0x80002608 (0x37ae7e13) x28 0x00000370
core   0: 0x8000260c (0x02c708b3) mul     a7, a4, a2
core   0: 3 0x8000260c (0x02c708b3) x17 0xffffe740
core   0: 0x80002610 (0x41635d33) sra     s10, t1, s6
core   0: 3 0x80002610 (0x41635d33) x26 0x00000000
core   0: 0x80002614 (0x40a08933) sub     s2, ra, a0
core   0: 3 0x80002614 (0x40a08933) x18 0x7ffda1a9
core   0: 0x80002618 (0xfbb55ee3) bge     a0, s11, pc - 68
core   0: 3 0x80002618 (0xfbb55ee3)
core   0: 0x8000261c (0x01c065b3) or      a1, zero, t3
core   0: 3 0x8000261c (0x01c065b3) x11 0x00000370
core   0: 0x80002620 (0xdbc5e013) ori     zero, a1, -580
core   0: 3 0x80002620 (0xdbc5e013)
core   0: 0x80002624 (0x009a9c63) bne     s5, s1, pc + 24
core   0: 3 0x80002624 (0x009a9c63)
core   0: 0x8000263c (0x02780db3) mul     s11, a6, t2
core   0: 3 0x8000263c (0x02780db3) x27 0x00000000
core   0: 0x80002640 (0x00707663) bgeu    zero, t2, pc + 12
core   0: 3 0x80002640 (0x00707663)
core   0: 0x8000264c (0x007e59b3) srl     s3, t3, t2
core   0: 3 0x8000264c (0x007e59b3) x19 0x00000370
core   0: 0x80002650 (0x418d56b3) sra     a3, s10, s8
core   0: 3 0x80002650 (0x418d56b3) x13 0x00000000
core   0: 0x80002654 (0x023f9463) bne     t6, gp, pc + 40
core   0: 3 0x80002654 (0x023f9463)
core   0: 0x8000267c (0x02fa11b3) mulh    gp, s4, a5
core   0: 3 0x8000267c (0x02fa11b3) x 3 0xfffffff7
core   0: 0x80002680 (0x014578b3) and     a7, a0, s4
core   0: 3 0x80002680 (0x014578b3) x17 0x00000001
core   0: 0x80002684 (0x2a846593) ori     a1, s0, 680
core   0: 3 0x80002684 (0x2a846593) x11 0x80025ee8
core   0: 0x80002688 (0x03bb43b3) div     t2, s6, s11
core   0: 3 0x80002688 (0x03bb43b3) x 7 0xffffffff
core   0: 0x8000268c (0x02cc89b3) mul     s3, s9, a2
core   0: 3 0x8000268c (0x02cc89b3) x19 0x00000000
core   0: 0x80002690 (0x00b79993) slli    s3, a5, 11
core   0: 3 0x80002690 (0x00b79993) x19 0x12f32000
core   0: 0x80002694 (0x02660c63) beq     a2, t1, pc + 56
core   0: 3 0x80002694 (0x02660c63)
core   0: 0x80002698 (0x017b4e63) blt     s6, s7, pc + 28
core   0: 3 0x80002698 (0x017b4e63)
core   0: 0x800026b4 (0x041d5663) bge     s10, ra, pc + 76
core   0: 3 0x800026b4 (0x041d5663)
core   0: 0x800026b8 (0x007d9a33) sll     s4, s11, t2
core   0: 3 0x800026b8 (0x007d9a33) x20 0x00000000
core   0: 0x800026bc (0x048d8663) beq     s11, s0, pc + 76
core   0: 3 0x800026bc (0x048d8663)
core   0: 0x800026c0 (0x1ed9cb13) xori    s6, s3, 493
core   0: 3 0x800026c0 (0x1ed9cb13) x22 0x12f321ed
core   0: 0x800026c4 (0x01e71233) sll     tp, a4, t5
core   0: 3 0x800026c4 (0x01e71233) x 4 0x000002c0
core   0: 0x800026c8 (0x03cf5433) divu    s0, t5, t3
core   0: 3 0x800026c8 (0x03cf5433) x 8 0x00000000
core   0: 0x800026cc (0x03d2dfb3) divu    t6, t0, t4
core   0: 3 0x800026cc (0x03d2dfb3) x31 0xffffffff
core   0: 0x800026d0 (0x40ed5193) srai    gp, s10, 14
core   0: 3 0x800026d0 (0x40ed5193) x 3 0x00000000
core   0: 0x800026d4 (0x401252b3) sra     t0, tp, ra
core   0: 3 0x800026d4 (0x401252b3) x 5 0x00000000
core   0: 0x800026d8 (0x00665c33) srl     s8, a2, t1
core   0: 3 0x800026d8 (0x00665c33) x24 0x00001fff
core   0: 0x800026dc (0x014fe863) bltu    t6, s4, pc + 16
core   0: 3 0x800026dc (0x014fe863)
core   0: 0x800026e0 (0x30113393) sltiu   t2, sp, 769
core   0: 3 0x800026e0 (0x30113393) x 7 0x00000001
core   0: 0x800026e4 (0x28e53d13) sltiu   s10, a0, 654
core   0: 3 0x800026e4 (0x28e53d13) x26 0x00000000
core   0: 0x800026e8 (0x016f1113) slli    sp, t5, 22
core   0: 3 0x800026e8 (0x016f1113) x 2 0x00000000
core   0: 0x800026ec (0x003d7eb3) and     t4, s10, gp
core   0: 3 0x800026ec (0x003d7eb3) x29 0x00000000
core   0: 0x800026f0 (0x03eb0863) beq     s6, t5, pc + 48
core   0: 3 0x800026f0 (0x03eb0863)
core   0: 0x800026f4 (0x02f955b3) divu    a1, s2, a5
core   0: 3 0x800026f4 (0x02f955b3) x11 0x00000000
core   0: 0x800026f8 (0x0ae86193) ori     gp, a6, 174
core   0: 3 0x800026f8 (0x0ae86193) x 3 0x000000af
core   0: 0x800026fc (0x02d35863) bge     t1, a3, pc + 48
core   0: 3 0x800026fc (0x02d35863)
core   0: 0x8000272c (0x4d91ee13) ori     t3, gp, 1241
core   0: 3 0x8000272c (0x4d91ee13) x28 0x000004ff
core   0: 0x80002730 (0x03888063) beq     a7, s8, pc + 32
core   0: 3 0x80002730 (0x03888063)
core   0: 0x80002734 (0x00000013) nop
core   0: 3 0x80002734 (0x00000013)
core   0: 0x80002738 (0xa1d84113) xori    sp, a6, -1507
core   0: 3 0x80002738 (0xa1d84113) x 2 0xfffffa1c
core   0: 0x8000273c (0x00638b33) add     s6, t2, t1
core   0: 3 0x8000273c (0x00638b33) x22 0x00000234
core   0: 0x80002740 (0x24a7e713) ori     a4, a5, 586
core   0: 3 0x80002740 (0x24a7e713) x14 0x80025e6e
core   0: 0x80002744 (0x08eefe63) bgeu    t4, a4, pc + 156
core   0: 3 0x80002744 (0x08eefe63)
core   0: 0x80002748 (0x026fa233) mulhsu  tp, t6, t1
core   0: 3 0x80002748 (0x026fa233) x 4 0xffffffff
core   0: 0x8000274c (0x008bd193) srli    gp, s7, 8
core   0: 3 0x8000274c (0x008bd193) x 3 0x00000000
core   0: 0x80002750 (0x00000013) nop
core   0: 3 0x80002750 (0x00000013)
core   0: 0x80002754 (0x03a684b3) mul     s1, a3, s10
core   0: 3 0x80002754 (0x03a684b3) x 9 0x00000000
core   0: 0x80002758 (0x00000513) li      a0, 0
core   0: 3 0x80002758 (0x00000513) x10 0x00000000
core   0: 0x8000275c (0x00245d33) srl     s10, s0, sp
core   0: 3 0x8000275c (0x00245d33) x26 0x00000000
core   0: 0x80002760 (0x00800113) li      sp, 8
core   0: 3 0x80002760 (0x00800113) x 2 0x00000008
core   0: 0x80002764 (0x4072d3b3) sra     t2, t0, t2
core   0: 3 0x80002764 (0x4072d3b3) x 7 0x00000000
core   0: 0x80002768 (0x0120b233) sltu    tp, ra, s2
core   0: 3 0x80002768 (0x0120b233) x 4 0x00000001
core   0: 0x8000276c (0x00450513) addi    a0, a0, 4
core   0: 3 0x8000276c (0x00450513) x10 0x00000004
core   0: 0x80002770 (0x00000013) nop
core   0: 3 0x80002770 (0x00000013)
core   0: 0x80002774 (0x00300a13) li      s4, 3
core   0: 3 0x80002774 (0x00300a13) x20 0x00000003
core   0: 0x80002778 (0x01cb22b3) slt     t0, s6, t3
core   0: 3 0x80002778 (0x01cb22b3) x 5 0x00000001
core   0: 0x8000277c (0x00500093) li      ra, 5
core   0: 3 0x8000277c (0x00500093) x 1 0x00000005
core   0: 0x80002780 (0x007a1d13) slli    s10, s4, 7
core   0: 3 0x80002780 (0x007a1d13) x26 0x00000180
core   0: 0x80002784 (0x30fd0317) auipc   t1, 0x30fd0
core   0: 3 0x80002784 (0x30fd0317) x 6 0xb0fd2784
core   0: 0x80002788 (0x019cb1b3) sltu    gp, s9, s9
core   0: 3 0x80002788 (0x019cb1b3) x 3 0x00000000
core   0: 0x8000278c (0x00000013) nop
core   0: 3 0x8000278c (0x00000013)
core   0: 0x80002790 (0x01ff83b3) add     t2, t6, t6
core   0: 3 0x80002790 (0x01ff83b3) x 7 0xfffffffe
core   0: 0x80002794 (0x001a0a13) addi    s4, s4, 1
core   0: 3 0x80002794 (0x001a0a13) x20 0x00000004
core   0: 0x80002798 (0xd88f3393) sltiu   t2, t5, -632
core   0: 3 0x80002798 (0xd88f3393) x 7 0x00000001
core   0: 0x8000279c (0xfe1a04e3) beq     s4, ra, pc - 24
core   0: 3 0x8000279c (0xfe1a04e3)
core   0: 0x800027a0 (0x5fddb4b7) lui     s1, 0x5fddb
core   0: 3 0x800027a0 (0x5fddb4b7) x 9 0x5fddb000
core   0: 0x800027a4 (0xfc2502e3) beq     a0, sp, pc - 60
core   0: 3 0x800027a4 (0xfc2502e3)
core   0: 0x800027a8 (0x005bb733) sltu    a4, s7, t0
core   0: 3 0x800027a8 (0x005bb733) x14 0x00000001
core   0: 0x800027ac (0x137ea813) slti    a6, t4, 311
core   0: 3 0x800027ac (0x137ea813) x16 0x00000001
core   0: 0x800027b0 (0x119f1117) auipc   sp, 0x119f1
core   0: 3 0x800027b0 (0x119f1117) x 2 0x919f37b0
core   0: 0x800027b4 (0x00ca8bb3) add     s7, s5, a2
core   0: 3 0x800027b4 (0x00ca8bb3) x23 0x80029cdb
core   0: 0x800027b8 (0x41860733) sub     a4, a2, s8
core   0: 3 0x800027b8 (0x41860733) x14 0xffffdff8
core   0: 0x800027bc (0x00b4deb3) srl     t4, s1, a1
core   0: 3 0x800027bc (0x00b4deb3) x29 0x5fddb000
core   0: 0x800027c0 (0x40d000b3) sub     ra, zero, a3
core   0: 3 0x800027c0 (0x40d000b3) x 1 0x00000000
core   0: 0x800027c4 (0x0028bfb3) sltu    t6, a7, sp
core   0: 3 0x800027c4 (0x0028bfb3) x31 0x00000001
core   0: 0x800027c8 (0x0154d633) srl     a2, s1, s5
core   0: 3 0x800027c8 (0x0154d633) x12 0x05fddb00
core   0: 0x800027cc (0x41ef8eb3) sub     t4, t6, t5
core   0: 3 0x800027cc (0x41ef8eb3) x29 0x00000001
core   0: 0x800027d0 (0x03e93eb3) mulhu   t4, s2, t5
core   0: 3 0x800027d0 (0x03e93eb3) x29 0x00000000
core   0: 0x800027d4 (0x029a4663) blt     s4, s1, pc + 44
core   0: 3 0x800027d4 (0x029a4663)
core   0: 0x80002800 (0x01f60933) add     s2, a2, t6
core   0: 3 0x80002800 (0x01f60933) x18 0x05fddb01
core   0: 0x80002804 (0x039e1333) mulh    t1, t3, s9
core   0: 3 0x80002804 (0x039e1333) x 6 0x00000000
core   0: 0x80002808 (0x03f706b3) mul     a3, a4, t6
core   0: 3 0x80002808 (0x03f706b3) x13 0xffffdff8
core   0: 0x8000280c (0x7d8a7393) andi    t2, s4, 2008
core   0: 3 0x8000280c (0x7d8a7393) x 7 0x00000000
core   0: 0x80002810 (0x02e0cfb3) div     t6, ra, a4
core   0: 3 0x80002810 (0x02e0cfb3) x31 0x00000000
core   0: 0x80002814 (0x009388b3) add     a7, t2, s1
core   0: 3 0x80002814 (0x009388b3) x17 0x5fddb000
core   0: 0x80002818 (0x9aaaf117) auipc   sp, 0x9aaaf
core   0: 3 0x80002818 (0x9aaaf117) x 2 0x1aab1818
core   0: 0x8000281c (0x5124b297) auipc   t0, 0x5124b
core   0: 3 0x8000281c (0x5124b297) x 5 0xd124d81c
core   0: 0x80002820 (0x0203b2b3) mulhu   t0, t2, zero
core   0: 3 0x80002820 (0x0203b2b3) x 5 0x00000000
core   0: 0x80002824 (0x03f8de63) bge     a7, t6, pc + 60
core   0: 3 0x80002824 (0x03f8de63)
core   0: 0x80002860 (0xd9932493) slti    s1, t1, -615
core   0: 3 0x80002860 (0xd9932493) x 9 0x00000000
core   0: 0x80002864 (0x037679b3) remu    s3, a2, s7
core   0: 3 0x80002864 (0x037679b3) x19 0x05fddb00
core   0: 0x80002868 (0x00000013) nop
core   0: 3 0x80002868 (0x00000013)
core   0: 0x8000286c (0xfab1ae93) slti    t4, gp, -85
core   0: 3 0x8000286c (0xfab1ae93) x29 0x00000000
core   0: 0x80002870 (0x01ad9133) sll     sp, s11, s10
core   0: 3 0x80002870 (0x01ad9133) x 2 0x00000000
core   0: 0x80002874 (0x047ce063) bltu    s9, t2, pc + 64
core   0: 3 0x80002874 (0x047ce063)
core   0: 0x80002878 (0x02e5e433) rem     s0, a1, a4
core   0: 3 0x80002878 (0x02e5e433) x 8 0x00000000
core   0: 0x8000287c (0x00ec1863) bne     s8, a4, pc + 16
core   0: 3 0x8000287c (0x00ec1863)
core   0: 0x8000288c (0x3e59fb93) andi    s7, s3, 997
core   0: 3 0x8000288c (0x3e59fb93) x23 0x00000300
core   0: 0x80002890 (0xb06a0893) addi    a7, s4, -1274
core   0: 3 0x80002890 (0xb06a0893) x17 0xfffffb0a
core   0: 0x80002894 (0x012ff4b3) and     s1, t6, s2
core   0: 3 0x80002894 (0x012ff4b3) x 9 0x00000000
core   0: 0x80002898 (0x02bcf9b3) remu    s3, s9, a1
core   0: 3 0x80002898 (0x02bcf9b3) x19 0x00000000
core   0: 0x8000289c (0x0351f0b3) remu    ra, gp, s5
core   0: 3 0x8000289c (0x0351f0b3) x 1 0x00000000
core   0: 0x800028a0 (0x02af46b3) div     a3, t5, a0
core   0: 3 0x800028a0 (0x02af46b3) x13 0x00000000
core   0: 0x800028a4 (0x40a756b3) sra     a3, a4, a0
core   0: 3 0x800028a4 (0x40a756b3) x13 0xfffffdff
core   0: 0x800028a8 (0x00188c63) beq     a7, ra, pc + 24
core   0: 3 0x800028a8 (0x00188c63)
core   0: 0x800028ac (0x03cc6eb3) rem     t4, s8, t3
core   0: 3 0x800028ac (0x03cc6eb3) x29 0x00000205
core   0: 0x800028b0 (0x03ea65b3) rem     a1, s4, t5
core   0: 3 0x800028b0 (0x03ea65b3) x11 0x00000004
core   0: 0x800028b4 (0x020048b3) div     a7, zero, zero
core   0: 3 0x800028b4 (0x020048b3) x17 0xffffffff
core   0: 0x800028b8 (0xa45a2893) slti    a7, s4, -1467
core   0: 3 0x800028b8 (0xa45a2893) x17 0x00000000
core   0: 0x800028bc (0x00000013) nop
core   0: 3 0x800028bc (0x00000013)
core   0: 0x800028c0 (0x00136c63) bltu    t1, ra, pc + 24
core   0: 3 0x800028c0 (0x00136c63)
core   0: 0x800028c4 (0x01d53533) sltu    a0, a0, t4
core   0: 3 0x800028c4 (0x01d53533) x10 0x00000001
core   0: 0x800028c8 (0x01225463) bge     tp, s2, pc + 8
core   0: 3 0x800028c8 (0x01225463)
core   0: 0x800028cc (0x04f7d663) bge     a5, a5, pc + 76
core   0: 3 0x800028cc (0x04f7d663)
core   0: 0x80002918 (0x037a42b3) div     t0, s4, s7
core   0: 3 0x80002918 (0x037a42b3) x 5 0x00000000
core   0: 0x8000291c (0x00b79b13) slli    s6, a5, 11
core   0: 3 0x8000291c (0x00b79b13) x22 0x12f32000
core   0: 0x80002920 (0x035d0b33) mul     s6, s10, s5
core   0: 3 0x80002920 (0x035d0b33) x22 0x03eb5600
core   0: 0x80002924 (0x031556b3) divu    a3, a0, a7
core   0: 3 0x80002924 (0x031556b3) x13 0xffffffff
core   0: 0x80002928 (0x01bb9cb3) sll     s9, s7, s11
core   0: 3 0x80002928 (0x01bb9cb3) x25 0x00000300
core   0: 0x8000292c (0x0440c463) blt     ra, tp, pc + 72
core   0: 3 0x8000292c (0x0440c463)
core   0: 0x80002974 (0x0124f033) and     zero, s1, s2
core   0: 3 0x80002974 (0x0124f033)
core   0: 0x80002978 (0x0506f463) bgeu    a3, a6, pc + 72
core   0: 3 0x80002978 (0x0506f463)
core   0: 0x800029c0 (0x00000013) nop
core   0: 3 0x800029c0 (0x00000013)
core   0: 0x800029c4 (0x02b698b3) mulh    a7, a3, a1
core   0: 3 0x800029c4 (0x02b698b3) x17 0xffffffff
core   0: 0x800029c8 (0x01c489b3) add     s3, s1, t3
core   0: 3 0x800029c8 (0x01c489b3) x19 0x000004ff
core   0: 0x800029cc (0x01951c13) slli    s8, a0, 25
core   0: 3 0x800029cc (0x01951c13) x24 0x02000000
core   0: 0x800029d0 (0x018c0b33) add     s6, s8, s8
core   0: 3 0x800029d0 (0x018c0b33) x22 0x04000000
core   0: 0x800029d4 (0x6347f113) andi    sp, a5, 1588
core   0: 3 0x800029d4 (0x6347f113) x 2 0x00000624
core   0: 0x800029d8 (0x410f8733) sub     a4, t6, a6
core   0: 3 0x800029d8 (0x410f8733) x14 0xffffffff
core   0: 0x800029dc (0x01de9d93) slli    s11, t4, 29
core   0: 3 0x800029dc (0x01de9d93) x27 0xa0000000
core   0: 0x800029e0 (0x0342c2b3) div     t0, t0, s4
core   0: 3 0x800029e0 (0x0342c2b3) x 5 0x00000000
core   0: 0x800029e4 (0x006a5433) srl     s0, s4, t1
core   0: 3 0x800029e4 (0x006a5433) x 8 0x00000004
core   0: 0x800029e8 (0x004b70b3) and     ra, s6, tp
core   0: 3 0x800029e8 (0x004b70b3) x 1 0x00000000
core   0: 0x800029ec (0x05c8d2b7) lui     t0, 0x5c8d
core   0: 3 0x800029ec (0x05c8d2b7) x 5 0x05c8d000
core   0: 0x800029f0 (0x04631663) bne     t1, t1, pc + 76
core   0: 3 0x800029f0 (0x04631663)
core   0: 0x800029f4 (0xe833f693) andi    a3, t2, -381
core   0: 3 0x800029f4 (0xe833f693) x13 0x00000000
core   0: 0x800029f8 (0xbe9f4313) xori    t1, t5, -1047
core   0: 3 0x800029f8 (0xbe9f4313) x 6 0xfffffbe9
core   0: 0x800029fc (0x02280c63) beq     a6, sp, pc + 56
core   0: 3 0x800029fc (0x02280c63)
core   0: 0x80002a00 (0x29b2f213) andi    tp, t0, 667
core   0: 3 0x80002a00 (0x29b2f213) x 4 0x00000000
core   0: 0x80002a04 (0x91e54113) xori    sp, a0, -1762
core   0: 3 0x80002a04 (0x91e54113) x 2 0xfffff91f
core   0: 0x80002a08 (0x04a48663) beq     s1, a0, pc + 76
core   0: 3 0x80002a08 (0x04a48663)
core   0: 0x80002a0c (0x01c75413) srli    s0, a4, 28
core   0: 3 0x80002a0c (0x01c75413) x 8 0x0000000f
core   0: 0x80002a10 (0x40718533) sub     a0, gp, t2
core   0: 3 0x80002a10 (0x40718533) x10 0x00000000
core   0: 0x80002a14 (0x03441e33) mulh    t3, s0, s4
core   0: 3 0x80002a14 (0x03441e33) x28 0x00000000
core   0: 0x80002a18 (0xd5eb6817) auipc   a6, 0xd5eb6
core   0: 3 0x80002a18 (0xd5eb6817) x16 0x55eb8a18
core   0: 0x80002a1c (0x015562b3) or      t0, a0, s5
core   0: 3 0x80002a1c (0x015562b3) x 5 0x80029ce4
core   0: 0x80002a20 (0x3764ab93) slti    s7, s1, 886
core   0: 3 0x80002a20 (0x3764ab93) x23 0x00000001
core   0: 0x80002a24 (0x03c9dfb3) divu    t6, s3, t3
core   0: 3 0x80002a24 (0x03c9dfb3) x31 0xffffffff
core   0: 0x80002a28 (0x02aa1d33) mulh    s10, s4, a0
core   0: 3 0x80002a28 (0x02aa1d33) x26 0x00000000
core   0: 0x80002a2c (0x94c88b13) addi    s6, a7, -1716
core   0: 3 0x80002a2c (0x94c88b13) x22 0xfffff94b
core   0: 0x80002a30 (0xc1253513) sltiu   a0, a0, -1006
core   0: 3 0x80002a30 (0xc1253513) x10 0x00000001
core   0: 0x80002a34 (0x00bdbfb3) sltu    t6, s11, a1
core   0: 3 0x80002a34 (0x00bdbfb3) x31 0x00000000
core   0: 0x80002a38 (0x029cd663) bge     s9, s1, pc + 44
core   0: 3 0x80002a38 (0x029cd663)
core   0: 0x80002a64 (0x128cfd93) andi    s11, s9, 296
core   0: 3 0x80002a64 (0x128cfd93) x27 0x00000100
core   0: 0x80002a68 (0x0020acb3) slt     s9, ra, sp
core   0: 3 0x80002a68 (0x0020acb3) x25 0x00000000
core   0: 0x80002a6c (0xe60d3c93) sltiu   s9, s10, -416
core   0: 3 0x80002a6c (0xe60d3c93) x25 0x00000001
core   0: 0x80002a70 (0x01dd7c33) and     s8, s10, t4
core   0: 3 0x80002a70 (0x01dd7c33) x24 0x00000000
core   0: 0x80002a74 (0x007f9d13) slli    s10, t6, 7
core   0: 3 0x80002a74 (0x007f9d13) x26 0x00000000
core   0: 0x80002a78 (0x81034697) auipc   a3, 0x81034
core   0: 3 0x80002a78 (0x81034697) x13 0x01036a78
core   0: 0x80002a7c (0x4bf17593) andi    a1, sp, 1215
core   0: 3 0x80002a7c (0x4bf17593) x11 0x0000001f
core   0: 0x80002a80 (0x000fde33) srl     t3, t6, zero
core   0: 3 0x80002a80 (0x000fde33) x28 0x00000000
core   0: 0x80002a84 (0x410a8d33) sub     s10, s5, a6
core   0: 3 0x80002a84 (0x410a8d33) x26 0x2a1712cc
core   0: 0x80002a88 (0x02ce0a63) beq     t3, a2, pc + 52
core   0: 3 0x80002a88 (0x02ce0a63)
core   0: 0x80002a8c (0x015a8e63) beq     s5, s5, pc + 28
core   0: 3 0x80002a8c (0x015a8e63)
core   0: 0x80002aa8 (0x00c34c63) blt     t1, a2, pc + 24
core   0: 3 0x80002aa8 (0x00c34c63)
core   0: 0x80002ac0 (0x00000013) nop
core   0: 3 0x80002ac0 (0x00000013)
core   0: 0x80002ac4 (0x01341a33) sll     s4, s0, s3
core   0: 3 0x80002ac4 (0x01341a33) x20 0x80000000
core   0: 0x80002ac8 (0x0189d693) srli    a3, s3, 24
core   0: 3 0x80002ac8 (0x0189d693) x13 0x00000000
core   0: 0x80002acc (0x013a55b3) srl     a1, s4, s3
core   0: 3 0x80002acc (0x013a55b3) x11 0x00000001
core   0: 0x80002ad0 (0x013dd0b3) srl     ra, s11, s3
core   0: 3 0x80002ad0 (0x013dd0b3) x 1 0x00000000
core   0: 0x80002ad4 (0x039f1733) mulh    a4, t5, s9
core   0: 3 0x80002ad4 (0x039f1733) x14 0x00000000
core   0: 0x80002ad8 (0x3a6f4093) xori    ra, t5, 934
core   0: 3 0x80002ad8 (0x3a6f4093) x 1 0x000003a6
core   0: 0x80002adc (0x41fad593) srai    a1, s5, 31
core   0: 3 0x80002adc (0x41fad593) x11 0xffffffff
core   0: 0x80002ae0 (0x0028d663) bge     a7, sp, pc + 12
core   0: 3 0x80002ae0 (0x0028d663)
core   0: 0x80002aec (0x003e4863) blt     t3, gp, pc + 16
core   0: 3 0x80002aec (0x003e4863)
core   0: 0x80002af0 (0x028e5c33) divu    s8, t3, s0
core   0: 3 0x80002af0 (0x028e5c33) x24 0x00000000
core   0: 0x80002af4 (0x02d3dfb3) divu    t6, t2, a3
core   0: 3 0x80002af4 (0x02d3dfb3) x31 0xffffffff
core   0: 0x80002af8 (0x00d44fb3) xor     t6, s0, a3
core   0: 3 0x80002af8 (0x00d44fb3) x31 0x0000000f
core   0: 0x80002afc (0x00261233) sll     tp, a2, sp
core   0: 3 0x80002afc (0x00261233) x 4 0x00000000
core   0: 0x80002b00 (0x0029f533) and     a0, s3, sp
core   0: 3 0x80002b00 (0x0029f533) x10 0x0000001f
core   0: 0x80002b04 (0xe72fa993) slti    s3, t6, -398
core   0: 3 0x80002b04 (0xe72fa993) x19 0x00000000
core   0: 0x80002b08 (0x02c41d33) mulh    s10, s0, a2
core   0: 3 0x80002b08 (0x02c41d33) x26 0x00000000
core   0: 0x80002b0c (0x0298a1b3) mulhsu  gp, a7, s1
core   0: 3 0x80002b0c (0x0298a1b3) x 3 0x00000000
core   0: 0x80002b10 (0x03175463) bge     a4, a7, pc + 40
core   0: 3 0x80002b10 (0x03175463)
core   0: 0x80002b38 (0x01e5b693) sltiu   a3, a1, 30
core   0: 3 0x80002b38 (0x01e5b693) x13 0x00000000
core   0: 0x80002b3c (0xad436013) ori     zero, t1, -1324
core   0: 3 0x80002b3c (0xad436013)
core   0: 0x80002b40 (0x00b65913) srli    s2, a2, 11
core   0: 3 0x80002b40 (0x00b65913) x18 0x0000bfbb
core   0: 0x80002b44 (0x00191b33) sll     s6, s2, ra
core   0: 3 0x80002b44 (0x00191b33) x22 0x002feec0
core   0: 0x80002b48 (0x019692b3) sll     t0, a3, s9
core   0: 3 0x80002b48 (0x019692b3) x 5 0x00000000
core   0: 0x80002b4c (0x02d6fa63) bgeu    a3, a3, pc + 52
core   0: 3 0x80002b4c (0x02d6fa63)
core   0: 0x80002b80 (0x3e973197) auipc   gp, 0x3e973
core   0: 3 0x80002b80 (0x3e973197) x 3 0xbe975b80
core   0: 0x80002b84 (0x407e82b3) sub     t0, t4, t2
core   0: 3 0x80002b84 (0x407e82b3) x 5 0x00000205
core   0: 0x80002b88 (0x40e2dd13) srai    s10, t0, 14
core   0: 3 0x80002b88 (0x40e2dd13) x26 0x00000000
core   0: 0x80002b8c (0xa0f18993) addi    s3, gp, -1521
core   0: 3 0x80002b8c (0xa0f18993) x19 0xbe97558f
core   0: 0x80002b90 (0x01556b33) or      s6, a0, s5
core   0: 3 0x80002b90 (0x01556b33) x22 0x80029cff
core   0: 0x80002b94 (0x02875e63) bge     a4, s0, pc + 60
core   0: 3 0x80002b94 (0x02875e63)
core   0: 0x80002b98 (0x004fce63) blt     t6, tp, pc + 28
core   0: 3 0x80002b98 (0x004fce63)
core   0: 0x80002b9c (0x05297663) bgeu    s2, s2, pc + 76
core   0: 3 0x80002b9c (0x05297663)
core   0: 0x80002be8 (0x01c3c6b3) xor     a3, t2, t3
core   0: 3 0x80002be8 (0x01c3c6b3) x13 0x00000000
core   0: 0x80002bec (0x0180c5b3) xor     a1, ra, s8
core   0: 3 0x80002bec (0x0180c5b3) x11 0x000003a6
core   0: 0x80002bf0 (0x76010e13) addi    t3, sp, 1888
core   0: 3 0x80002bf0 (0x76010e13) x28 0x0000007f
core   0: 0x80002bf4 (0x019fa933) slt     s2, t6, s9
core   0: 3 0x80002bf4 (0x019fa933) x18 0x00000000
core   0: 0x80002bf8 (0x00531313) slli    t1, t1, 5
core   0: 3 0x80002bf8 (0x00531313) x 6 0xffff7d20
core   0: 0x80002bfc (0x006eabb3) slt     s7, t4, t1
core   0: 3 0x80002bfc (0x006eabb3) x23 0x00000000
core   0: 0x80002c00 (0x03410eb3) mul     t4, sp, s4
core   0: 3 0x80002c00 (0x03410eb3) x29 0x80000000
core   0: 0x80002c04 (0x0023d533) srl     a0, t2, sp
core   0: 3 0x80002c04 (0x0023d533) x10 0x00000000
core   0: 0x80002c08 (0x010ef863) bgeu    t4, a6, pc + 16
core   0: 3 0x80002c08 (0x010ef863)
core   0: 0x80002c18 (0x89fefe13) andi    t3, t4, -1889
core   0: 3 0x80002c18 (0x89fefe13) x28 0x80000000
core   0: 0x80002c1c (0x00cef3b3) and     t2, t4, a2
core   0: 3 0x80002c1c (0x00cef3b3) x 7 0x00000000
core   0: 0x80002c20 (0x0169bdb3) sltu    s11, s3, s6
core   0: 3 0x80002c20 (0x0169bdb3) x27 0x00000000
core   0: 0x80002c24 (0xee083d13) sltiu   s10, a6, -288
core   0: 3 0x80002c24 (0xee083d13) x26 0x00000001
core   0: 0x80002c28 (0x40a000b3) sub     ra, zero, a0
core   0: 3 0x80002c28 (0x40a000b3) x 1 0x00000000
core   0: 0x80002c2c (0x00000013) nop
core   0: 3 0x80002c2c (0x00000013)
core   0: 0x80002c30 (0x013f0863) beq     t5, s3, pc + 16
core   0: 3 0x80002c30 (0x013f0863)
core   0: 0x80002c34 (0x02c7cc33) div     s8, a5, a2
core   0: 3 0x80002c34 (0x02c7cc33) x24 0xffffffeb
core   0: 0x80002c38 (0x9363ef93) ori     t6, t2, -1738
core   0: 3 0x80002c38 (0x9363ef93) x31 0xfffff936
core   0: 0x80002c3c (0x40af0bb3) sub     s7, t5, a0
core   0: 3 0x80002c3c (0x40af0bb3) x23 0x00000000
core   0: 0x80002c40 (0x01b0cc33) xor     s8, ra, s11
core   0: 3 0x80002c40 (0x01b0cc33) x24 0x00000000
core   0: 0x80002c44 (0x01f99a33) sll     s4, s3, t6
core   0: 3 0x80002c44 (0x01f99a33) x20 0x63c00000
core   0: 0x80002c48 (0x02f7ea33) rem     s4, a5, a5
core   0: 3 0x80002c48 (0x02f7ea33) x20 0x00000000
core   0: 0x80002c4c (0x038ea033) mulhsu  zero, t4, s8
core   0: 3 0x80002c4c (0x038ea033)
core   0: 0x80002c50 (0x03c17bb3) remu    s7, sp, t3
core   0: 3 0x80002c50 (0x03c17bb3) x23 0x7ffff91f
core   0: 0x80002c54 (0x04e91063) bne     s2, a4, pc + 64
core   0: 3 0x80002c54 (0x04e91063)
core   0: 0x80002c58 (0xdb732617) auipc   a2, 0xdb732
core   0: 3 0x80002c58 (0xdb732617) x12 0x5b734c58
core   0: 0x80002c5c (0x032535b3) mulhu   a1, a0, s2
core   0: 3 0x80002c5c (0x032535b3) x11 0x00000000
core   0: 0x80002c60 (0x52843c93) sltiu   s9, s0, 1320
core   0: 3 0x80002c60 (0x52843c93) x25 0x00000001
core   0: 0x80002c64 (0x41098833) sub     a6, s3, a6
core   0: 3 0x80002c64 (0x41098833) x16 0x68abcb77
core   0: 0x80002c68 (0x00705b93) srli    s7, zero, 7
core   0: 3 0x80002c68 (0x00705b93) x23 0x00000000
core   0: 0x80002c6c (0x03ac7c93) andi    s9, s8, 58
core   0: 3 0x80002c6c (0x03ac7c93) x25 0x00000000
core   0: 0x80002c70 (0x003a4933) xor     s2, s4, gp
core   0: 3 0x80002c70 (0x003a4933) x18 0xbe975b80
core   0: 0x80002c74 (0x02aa1233) mulh    tp, s4, a0
core   0: 3 0x80002c74 (0x02aa1233) x 4 0x00000000
core   0: 0x80002c78 (0x03db1133) mulh    sp, s6, t4
core   0: 3 0x80002c78 (0x03db1133) x 2 0x3ffeb180
core   0: 0x80002c7c (0x05731463) bne     t1, s7, pc + 72
core   0: 3 0x80002c7c (0x05731463)
core   0: 0x80002cc4 (0x41ad84b3) sub     s1, s11, s10
core   0: 3 0x80002cc4 (0x41ad84b3) x 9 0xffffffff
core   0: 0x80002cc8 (0x03008bb3) mul     s7, ra, a6
core   0: 3 0x80002cc8 (0x03008bb3) x23 0x00000000
core   0: 0x80002ccc (0x01d7ec63) bltu    a5, t4, pc + 24
core   0: 3 0x80002ccc (0x01d7ec63)
core   0: 0x80002cd0 (0x02c1f663) bgeu    gp, a2, pc + 44
core   0: 3 0x80002cd0 (0x02c1f663)
core   0: 0x80002cfc (0x00000013) nop
core   0: 3 0x80002cfc (0x00000013)
core   0: 0x80002d00 (0x11db8f97) auipc   t6, 0x11db8
core   0: 3 0x80002d00 (0x11db8f97) x31 0x91dbad00
core   0: 0x80002d04 (0x003f3db3) sltu    s11, t5, gp
core   0: 3 0x80002d04 (0x003f3db3) x27 0x00000001
core   0: 0x80002d08 (0x0163b433) sltu    s0, t2, s6
core   0: 3 0x80002d08 (0x0163b433) x 8 0x00000001
core   0: 0x80002d0c (0x757af213) andi    tp, s5, 1879
core   0: 3 0x80002d0c (0x757af213) x 4 0x00000444
core   0: 0x80002d10 (0x0293dc63) bge     t2, s1, pc + 56
core   0: 3 0x80002d10 (0x0293dc63)
core   0: 0x80002d48 (0x2d886117) auipc   sp, 0x2d886
core   0: 3 0x80002d48 (0x2d886117) x 2 0xad888d48
core   0: 0x80002d4c (0xf4bf9cb7) lui     s9, 0xf4bf9
core   0: 3 0x80002d4c (0xf4bf9cb7) x25 0xf4bf9000
core   0: 0x80002d50 (0x00000013) nop
core   0: 3 0x80002d50 (0x00000013)
core   0: 0x80002d54 (0x02d6fe33) remu    t3, a3, a3
core   0: 3 0x80002d54 (0x02d6fe33) x28 0x00000000
core   0: 0x80002d58 (0x015288b3) add     a7, t0, s5
core   0: 3 0x80002d58 (0x015288b3) x17 0x80029ee9
core   0: 0x80002d5c (0x0317d063) bge     a5, a7, pc + 32
core   0: 3 0x80002d5c (0x0317d063)
core   0: 0x80002d60 (0x01878133) add     sp, a5, s8
core   0: 3 0x80002d60 (0x01878133) x 2 0x80025e64
core   0: 0x80002d64 (0x033665b3) rem     a1, a2, s3
core   0: 3 0x80002d64 (0x033665b3) x11 0x1a0aa1e7
core   0: 0x80002d68 (0x00b4c5b3) xor     a1, s1, a1
core   0: 3 0x80002d68 (0x00b4c5b3) x11 0xe5f55e18
core   0: 0x80002d6c (0x007b3333) sltu    t1, s6, t2
core   0: 3 0x80002d6c (0x007b3333) x 6 0x00000000
core   0: 0x80002d70 (0x001bd413) srli    s0, s7, 1
core   0: 3 0x80002d70 (0x001bd413) x 8 0x00000000
core   0: 0x80002d74 (0x03d28533) mul     a0, t0, t4
core   0: 3 0x80002d74 (0x03d28533) x10 0x80000000
core   0: 0x80002d78 (0x055f6663) bltu    t5, s5, pc + 76
core   0: 3 0x80002d78 (0x055f6663)
core   0: 0x80002dc4 (0x00e3a433) slt     s0, t2, a4
core   0: 3 0x80002dc4 (0x00e3a433) x 8 0x00000000
core   0: 0x80002dc8 (0x032c3333) mulhu   t1, s8, s2
core   0: 3 0x80002dc8 (0x032c3333) x 6 0x00000000
core   0: 0x80002dcc (0x002dffb3) and     t6, s11, sp
core   0: 3 0x80002dcc (0x002dffb3) x31 0x00000000
core   0: 0x80002dd0 (0x430c4593) xori    a1, s8, 1072
core   0: 3 0x80002dd0 (0x430c4593) x11 0x00000430
core   0: 0x80002dd4 (0x40090d33) sub     s10, s2, zero
core   0: 3 0x80002dd4 (0x40090d33) x26 0xbe975b80
core   0: 0x80002dd8 (0x02caf1b3) remu    gp, s5, a2
core   0: 3 0x80002dd8 (0x02caf1b3) x 3 0x248f508c
core   0: 0x80002ddc (0x4e8b8913) addi    s2, s7, 1256
core   0: 3 0x80002ddc (0x4e8b8913) x18 0x000004e8
core   0: 0x80002de0 (0x029b2a33) mulhsu  s4, s6, s1
core   0: 3 0x80002de0 (0x029b2a33) x20 0x80029cff
core   0: 0x80002de4 (0x00d02eb3) slt     t4, zero, a3
core   0: 3 0x80002de4 (0x00d02eb3) x29 0x00000000
core   0: 0x80002de8 (0x04588463) beq     a7, t0, pc + 72
core   0: 3 0x80002de8 (0x04588463)
core   0: 0x80002dec (0x03497eb3) remu    t4, s2, s4
core   0: 3 0x80002dec (0x03497eb3) x29 0x000004e8
core   0: 0x80002df0 (0x000f25b3) slt     a1, t5, zero
core   0: 3 0x80002df0 (0x000f25b3) x11 0x00000000
core   0: 0x80002df4 (0x03c9ae33) mulhsu  t3, s3, t3
core   0: 3 0x80002df4 (0x03c9ae33) x28 0x00000000
core   0: 0x80002df8 (0x5ac2f713) andi    a4, t0, 1452
core   0: 3 0x80002df8 (0x5ac2f713) x14 0x00000004
core   0: 0x80002dfc (0xed0db713) sltiu   a4, s11, -304
core   0: 3 0x80002dfc (0xed0db713) x14 0x00000001
core   0: 0x80002e00 (0x63d23213) sltiu   tp, tp, 1597
core   0: 3 0x80002e00 (0x63d23213) x 4 0x00000001
core   0: 0x80002e04 (0x5dd17713) andi    a4, sp, 1501
core   0: 3 0x80002e04 (0x5dd17713) x14 0x00000444
core   0: 0x80002e08 (0x000644b3) xor     s1, a2, zero
core   0: 3 0x80002e08 (0x000644b3) x 9 0x5b734c58
core   0: 0x80002e0c (0x02b6ad33) mulhsu  s10, a3, a1
core   0: 3 0x80002e0c (0x02b6ad33) x26 0x00000000
core   0: 0x80002e10 (0x6e552b17) auipc   s6, 0x6e552
core   0: 3 0x80002e10 (0x6e552b17) x22 0xee554e10
core   0: 0x80002e14 (0x0245cc63) blt     a1, tp, pc + 56
core   0: 3 0x80002e14 (0x0245cc63)
core   0: 0x80002e4c (0x40415a13) srai    s4, sp, 4
core   0: 3 0x80002e4c (0x40415a13) x20 0xf80025e6
core   0: 0x80002e50 (0x0531d063) bge     gp, s3, pc + 64
core   0: 3 0x80002e50 (0x0531d063)
core   0: 0x80002e90 (0x412f8833) sub     a6, t6, s2
core   0: 3 0x80002e90 (0x412f8833) x16 0xfffffb18
core   0: 0x80002e94 (0xa08aee93) ori     t4, s5, -1528
core   0: 3 0x80002e94 (0xa08aee93) x29 0xfffffeec
core   0: 0x80002e98 (0x01d17933) and     s2, sp, t4
core   0: 3 0x80002e98 (0x01d17933) x18 0x80025e64
core   0: 0x80002e9c (0x09021263) bne     tp, a6, pc + 132
core   0: 3 0x80002e9c (0x09021263)
core   0: 0x80002f20 (0x0284c3b3) div     t2, s1, s0
core   0: 3 0x80002f20 (0x0284c3b3) x 7 0xffffffff
core   0: 0x80002f24 (0x02498d33) mul     s10, s3, tp
core   0: 3 0x80002f24 (0x02498d33) x26 0xbe97558f
core   0: 0x80002f28 (0x009b5a33) srl     s4, s6, s1
core   0: 3 0x80002f28 (0x009b5a33) x20 0x000000ee
core   0: 0x80002f2c (0x40cf5f93) srai    t6, t5, 12
core   0: 3 0x80002f2c (0x40cf5f93) x31 0x00000000
core   0: 0x80002f30 (0x60127113) andi    sp, tp, 1537
core   0: 3 0x80002f30 (0x60127113) x 2 0x00000001
core   0: 0x80002f34 (0x03f01e63) bne     zero, t6, pc + 60
core   0: 3 0x80002f34 (0x03f01e63)
core   0: 0x80002f38 (0x028251b3) divu    gp, tp, s0
core   0: 3 0x80002f38 (0x028251b3) x 3 0xffffffff
core   0: 0x80002f3c (0x4139dc33) sra     s8, s3, s3
core   0: 3 0x80002f3c (0x4139dc33) x24 0xffff7d2e
core   0: 0x80002f40 (0xee72fb13) andi    s6, t0, -281
core   0: 3 0x80002f40 (0xee72fb13) x22 0x00000205
core   0: 0x80002f44 (0x02bdf8b3) remu    a7, s11, a1
core   0: 3 0x80002f44 (0x02bdf8b3) x17 0x00000001
core   0: 0x80002f48 (0x401e0eb3) sub     t4, t3, ra
core   0: 3 0x80002f48 (0x401e0eb3) x29 0x00000000
core   0: 0x80002f4c (0x053a5263) bge     s4, s3, pc + 68
core   0: 3 0x80002f4c (0x053a5263)
core   0: 0x80002f90 (0x38a56713) ori     a4, a0, 906
core   0: 3 0x80002f90 (0x38a56713) x14 0x8000038a
core   0: 0x80002f94 (0xff7ee013) ori     zero, t4, -9
core   0: 3 0x80002f94 (0xff7ee013)
core   0: 0x80002f98 (0x026f3333) mulhu   t1, t5, t1
core   0: 3 0x80002f98 (0x026f3333) x 6 0x00000000
core   0: 0x80002f9c (0xb3370093) addi    ra, a4, -1229
core   0: 3 0x80002f9c (0xb3370093) x 1 0x7ffffebd
core   0: 0x80002fa0 (0x408ce197) auipc   gp, 0x408ce
core   0: 3 0x80002fa0 (0x408ce197) x 3 0xc08d0fa0
core   0: 0x80002fa4 (0xd007e313) ori     t1, a5, -768
core   0: 3 0x80002fa4 (0xd007e313) x 6 0xffffff64
core   0: 0x80002fa8 (0x0070e533) or      a0, ra, t2
core   0: 3 0x80002fa8 (0x0070e533) x10 0xffffffff
core   0: 0x80002fac (0x00e1b0b3) sltu    ra, gp, a4
core   0: 3 0x80002fac (0x00e1b0b3) x 1 0x00000000
core   0: 0x80002fb0 (0x00000013) nop
core   0: 3 0x80002fb0 (0x00000013)
core   0: 0x80002fb4 (0x41915b13) srai    s6, sp, 25
core   0: 3 0x80002fb4 (0x41915b13) x22 0x00000000
core   0: 0x80002fb8 (0x018a60b3) or      ra, s4, s8
core   0: 3 0x80002fb8 (0x018a60b3) x 1 0xffff7dee
core   0: 0x80002fbc (0x00000013) nop
core   0: 3 0x80002fbc (0x00000013)
core   0: 0x80002fc0 (0xbb637493) andi    s1, t1, -1098
core   0: 3 0x80002fc0 (0xbb637493) x 9 0xfffffb24
core   0: 0x80002fc4 (0x006b6e33) or      t3, s6, t1
core   0: 3 0x80002fc4 (0x006b6e33) x28 0xffffff64
core   0: 0x80002fc8 (0x023afa63) bgeu    s5, gp, pc + 52
core   0: 3 0x80002fc8 (0x023afa63)
core   0: 0x80002fcc (0x02adf593) andi    a1, s11, 42
core   0: 3 0x80002fcc (0x02adf593) x11 0x00000000
core   0: 0x80002fd0 (0x02f740b3) div     ra, a4, a5
core   0: 3 0x80002fd0 (0x02f740b3) x 1 0x00000001
core   0: 0x80002fd4 (0x0075f1b3) and     gp, a1, t2
core   0: 3 0x80002fd4 (0x0075f1b3) x 3 0x00000000
core   0: 0x80002fd8 (0x024085b3) mul     a1, ra, tp
core   0: 3 0x80002fd8 (0x024085b3) x11 0x00000001
core   0: 0x80002fdc (0x80290f97) auipc   t6, 0x80290
core   0: 3 0x80002fdc (0x80290f97) x31 0x00292fdc
core   0: 0x80002fe0 (0x5a67af93) slti    t6, a5, 1446
core   0: 3 0x80002fe0 (0x5a67af93) x31 0x00000001
core   0: 0x80002fe4 (0x008a0533) add     a0, s4, s0
core   0: 3 0x80002fe4 (0x008a0533) x10 0x000000ee
core   0: 0x80002fe8 (0x015f3233) sltu    tp, t5, s5
core   0: 3 0x80002fe8 (0x015f3233) x 4 0x00000001
core   0: 0x80002fec (0x91802413) slti    s0, zero, -1768
core   0: 3 0x80002fec (0x91802413) x 8 0x00000000
core   0: 0x80002ff0 (0xcfc9e2b7) lui     t0, 0xcfc9e
core   0: 3 0x80002ff0 (0xcfc9e2b7) x 5 0xcfc9e000
core   0: 0x80002ff4 (0x0104b533) sltu    a0, s1, a6
core   0: 3 0x80002ff4 (0x0104b533) x10 0x00000000
core   0: 0x80002ff8 (0x02b0cd33) div     s10, ra, a1
core   0: 3 0x80002ff8 (0x02b0cd33) x26 0x00000001
core   0: 0x80002ffc (0x0375dfb3) divu    t6, a1, s7
core   0: 3 0x80002ffc (0x0375dfb3) x31 0xffffffff
core   0: 0x80003000 (0xab29e313) ori     t1, s3, -1358
core   0: 3 0x80003000 (0xab29e313) x 6 0xffffffbf
core   0: 0x80003004 (0x5a984b13) xori    s6, a6, 1449
core   0: 3 0x80003004 (0x5a984b13) x22 0xfffffeb1
core   0: 0x80003008 (0x8a6ab993) sltiu   s3, s5, -1882
core   0: 3 0x80003008 (0x8a6ab993) x19 0x00000001
core   0: 0x8000300c (0x3659f913) andi    s2, s3, 869
core   0: 3 0x8000300c (0x3659f913) x18 0x00000001
core   0: 0x80003010 (0xeae23397) auipc   t2, 0xeae23
core   0: 3 0x80003010 (0xeae23397) x 7 0x6ae26010
core   0: 0x80003014 (0x03b6e5b3) rem     a1, a3, s11
core   0: 3 0x80003014 (0x03b6e5b3) x11 0x00000000
core   0: 0x80003018 (0x02df0133) mul     sp, t5, a3
core   0: 3 0x80003018 (0x02df0133) x 2 0x00000000
core   0: 0x8000301c (0x008a5493) srli    s1, s4, 8
core   0: 3 0x8000301c (0x008a5493) x 9 0x00000000
core   0: 0x80003020 (0x03a56733) rem     a4, a0, s10
core   0: 3 0x80003020 (0x03a56733) x14 0x00000000
core   0: 0x80003024 (0xe6392913) slti    s2, s2, -413
core   0: 3 0x80003024 (0xe6392913) x18 0x00000000
core   0: 0x80003028 (0x036ce0b3) rem     ra, s9, s6
core   0: 3 0x80003028 (0x036ce0b3) x 1 0xffffff45
core   0: 0x8000302c (0x024e82b3) mul     t0, t4, tp
core   0: 3 0x8000302c (0x024e82b3) x 5 0x00000000
core   0: 0x80003030 (0x00b184b3) add     s1, gp, a1
core   0: 3 0x80003030 (0x00b184b3) x 9 0x00000000
core   0: 0x80003034 (0x43a7ab97) auipc   s7, 0x43a7a
core   0: 3 0x80003034 (0x43a7ab97) x23 0xc3a7d034
core   0: 0x80003038 (0x8f44a613) slti    a2, s1, -1804
core   0: 3 0x80003038 (0x8f44a613) x12 0x00000000
core   0: 0x8000303c (0x414fd433) sra     s0, t6, s4
core   0: 3 0x8000303c (0x414fd433) x 8 0xffffffff
core   0: 0x80003040 (0x010fd233) srl     tp, t6, a6
core   0: 3 0x80003040 (0x010fd233) x 4 0x000000ff
core   0: 0x80003044 (0x4db34593) xori    a1, t1, 1243
core   0: 3 0x80003044 (0x4db34593) x11 0xfffffb64
core   0: 0x80003048 (0x411d5713) srai    a4, s10, 17
core   0: 3 0x80003048 (0x411d5713) x14 0x00000000
core   0: 0x8000304c (0x00942a33) slt     s4, s0, s1
core   0: 3 0x8000304c (0x00942a33) x20 0x00000001
core   0: 0x80003050 (0x8fece193) ori     gp, s9, -1794
core   0: 3 0x80003050 (0x8fece193) x 3 0xfffff8fe
core   0: 0x80003054 (0x0257f8b3) remu    a7, a5, t0
core   0: 3 0x80003054 (0x0257f8b3) x17 0x80025e64
core   0: 0x80003058 (0x41830e33) sub     t3, t1, s8
core   0: 3 0x80003058 (0x41830e33) x28 0x00008291
core   0: 0x8000305c (0x40a80033) sub     zero, a6, a0
core   0: 3 0x8000305c (0x40a80033)
core   0: 0x80003060 (0x0009b8b3) sltu    a7, s3, zero
core   0: 3 0x80003060 (0x0009b8b3) x17 0x00000000
core   0: 0x80003064 (0xcbb14b93) xori    s7, sp, -837
core   0: 3 0x80003064 (0xcbb14b93) x23 0xfffffcbb
core   0: 0x80003068 (0x00b291b3) sll     gp, t0, a1
core   0: 3 0x80003068 (0x00b291b3) x 3 0x00000000
core   0: 0x8000306c (0x01d65c63) bge     a2, t4, pc + 24
core   0: 3 0x8000306c (0x01d65c63)
core   0: 0x80003084 (0x00263433) sltu    s0, a2, sp
core   0: 3 0x80003084 (0x00263433) x 8 0x00000000
core   0: 0x80003088 (0x00f71533) sll     a0, a4, a5
core   0: 3 0x80003088 (0x00f71533) x10 0x00000000
core   0: 0x8000308c (0xc963c293) xori    t0, t2, -874
core   0: 3 0x8000308c (0xc963c293) x 5 0x951d9c86
core   0: 0x80003090 (0x04b64063) blt     a2, a1, pc + 64
core   0: 3 0x80003090 (0x04b64063)
core   0: 0x80003094 (0xde5dbb13) sltiu   s6, s11, -539
core   0: 3 0x80003094 (0xde5dbb13) x22 0x00000001
core   0: 0x80003098 (0x01fbfeb3) and     t4, s7, t6
core   0: 3 0x80003098 (0x01fbfeb3) x29 0xfffffcbb
core   0: 0x8000309c (0x010f05b3) add     a1, t5, a6
core   0: 3 0x8000309c (0x010f05b3) x11 0xfffffb18
core   0: 0x800030a0 (0x2776a537) lui     a0, 0x2776a
core   0: 3 0x800030a0 (0x2776a537) x10 0x2776a000
core   0: 0x800030a4 (0x696c7013) andi    zero, s8, 1686
core   0: 3 0x800030a4 (0x696c7013)
core   0: 0x800030a8 (0x76d1f813) andi    a6, gp, 1901
core   0: 3 0x800030a8 (0x76d1f813) x16 0x00000000
core   0: 0x800030ac (0x403f5b13) srai    s6, t5, 3
core   0: 3 0x800030ac (0x403f5b13) x22 0x00000000
core   0: 0x800030b0 (0x03f7f463) bgeu    a5, t6, pc + 40
core   0: 3 0x800030b0 (0x03f7f463)
core   0: 0x800030b4 (0x04e3e463) bltu    t2, a4, pc + 72
core   0: 3 0x800030b4 (0x04e3e463)
core   0: 0x800030b8 (0x00652b33) slt     s6, a0, t1
core   0: 3 0x800030b8 (0x00652b33) x22 0x00000000
core   0: 0x800030bc (0x0089d713) srli    a4, s3, 8
core   0: 3 0x800030bc (0x0089d713) x14 0x00000000
core   0: 0x800030c0 (0x014cddb3) srl     s11, s9, s4
core   0: 3 0x800030c0 (0x014cddb3) x27 0x7a5fc800
core   0: 0x800030c4 (0x400b4913) xori    s2, s6, 1024
core   0: 3 0x800030c4 (0x400b4913) x18 0x00000400
core   0: 0x800030c8 (0x41d70d13) addi    s10, a4, 1053
core   0: 3 0x800030c8 (0x41d70d13) x26 0x0000041d
core   0: 0x800030cc (0x027e95b3) mulh    a1, t4, t2
core   0: 3 0x800030cc (0x027e95b3) x11 0xfffffea2
core   0: 0x800030d0 (0x35c90613) addi    a2, s2, 860
core   0: 3 0x800030d0 (0x35c90613) x12 0x0000075c
core   0: 0x800030d4 (0x03d608b3) mul     a7, a2, t4
core   0: 3 0x800030d4 (0x03d608b3) x17 0xffe7f034
core   0: 0x800030d8 (0x0065c533) xor     a0, a1, t1
core   0: 3 0x800030d8 (0x0065c533) x10 0x0000011d
core   0: 0x800030dc (0x10d320b7) lui     ra, 0x10d32
core   0: 3 0x800030dc (0x10d320b7) x 1 0x10d32000
core   0: 0x800030e0 (0x000563b3) or      t2, a0, zero
core   0: 3 0x800030e0 (0x000563b3) x 7 0x0000011d
core   0: 0x800030e4 (0x645f7813) andi    a6, t5, 1605
core   0: 3 0x800030e4 (0x645f7813) x16 0x00000000
core   0: 0x800030e8 (0x00877433) and     s0, a4, s0
core   0: 3 0x800030e8 (0x00877433) x 8 0x00000000
core   0: 0x800030ec (0x01e0d713) srli    a4, ra, 30
core   0: 3 0x800030ec (0x01e0d713) x14 0x00000000
core   0: 0x800030f0 (0x005a8d33) add     s10, s5, t0
core   0: 3 0x800030f0 (0x005a8d33) x26 0x1520396a
core   0: 0x800030f4 (0x0286b0b3) mulhu   ra, a3, s0
core   0: 3 0x800030f4 (0x0286b0b3) x 1 0x00000000
core   0: 0x800030f8 (0x02a781b3) mul     gp, a5, a0
core   0: 3 0x800030f8 (0x02a781b3) x 3 0x82a31554
core   0: 0x800030fc (0x02f0bcb3) mulhu   s9, ra, a5
core   0: 3 0x800030fc (0x02f0bcb3) x25 0x00000000
core   0: 0x80003100 (0x03171c63) bne     a4, a7, pc + 56
core   0: 3 0x80003100 (0x03171c63)
core   0: 0x80003138 (0x01c36433) or      s0, t1, t3
core   0: 3 0x80003138 (0x01c36433) x 8 0xffffffbf
core   0: 0x8000313c (0x01f0bbb3) sltu    s7, ra, t6
core   0: 3 0x8000313c (0x01f0bbb3) x23 0x00000001
core   0: 0x80003140 (0x028d95b3) mulh    a1, s11, s0
core   0: 3 0x80003140 (0x028d95b3) x11 0xffffffe0
core   0: 0x80003144 (0x000ad093) srli    ra, s5, 0
core   0: 3 0x80003144 (0x000ad093) x 1 0x80029ce4
core   0: 0x80003148 (0x016dd2b3) srl     t0, s11, s6
core   0: 3 0x80003148 (0x016dd2b3) x 5 0x7a5fc800
core   0: 0x8000314c (0x01f09113) slli    sp, ra, 31
core   0: 3 0x8000314c (0x01f09113) x 2 0x00000000
core   0: 0x80003150 (0x00a8dc63) bge     a7, a0, pc + 24
core   0: 3 0x80003150 (0x00a8dc63)
core   0: 0x80003154 (0xe540fc93) andi    s9, ra, -428
core   0: 3 0x80003154 (0xe540fc93) x25 0x80029c44
core   0: 0x80003158 (0x25cc3713) sltiu   a4, s8, 604
core   0: 3 0x80003158 (0x25cc3713) x14 0x00000000
core   0: 0x8000315c (0x025698b3) mulh    a7, a3, t0
core   0: 3 0x8000315c (0x025698b3) x17 0x00000000
core   0: 0x80003160 (0x03c22233) mulhsu  tp, tp, t3
core   0: 3 0x80003160 (0x03c22233) x 4 0x00000000
core   0: 0x80003164 (0x03d39863) bne     t2, t4, pc + 48
core   0: 3 0x80003164 (0x03d39863)
core   0: 0x80003194 (0x008fd693) srli    a3, t6, 8
core   0: 3 0x80003194 (0x008fd693) x13 0x00ffffff
core   0: 0x80003198 (0x02c75063) bge     a4, a2, pc + 32
core   0: 3 0x80003198 (0x02c75063)
core   0: 0x8000319c (0x03c9ec63) bltu    s3, t3, pc + 56
core   0: 3 0x8000319c (0x03c9ec63)
core   0: 0x800031d4 (0x819b8a13) addi    s4, s7, -2023
core   0: 3 0x800031d4 (0x819b8a13) x20 0xfffff81a
core   0: 0x800031d8 (0x00348233) add     tp, s1, gp
core   0: 3 0x800031d8 (0x00348233) x 4 0x82a31554
core   0: 0x800031dc (0x2ccb8013) addi    zero, s7, 716
core   0: 3 0x800031dc (0x2ccb8013)
core   0: 0x800031e0 (0x02b12733) mulhsu  a4, sp, a1
core   0: 3 0x800031e0 (0x02b12733) x14 0x00000000
core   0: 0x800031e4 (0x02030eb3) mul     t4, t1, zero
core   0: 3 0x800031e4 (0x02030eb3) x29 0x00000000
core   0: 0x800031e8 (0x006e8cb3) add     s9, t4, t1
core   0: 3 0x800031e8 (0x006e8cb3) x25 0xffffffbf
core   0: 0x800031ec (0xfa6de193) ori     gp, s11, -90
core   0: 3 0x800031ec (0xfa6de193) x 3 0xffffffa6
core   0: 0x800031f0 (0x03624063) blt     tp, s6, pc + 32
core   0: 3 0x800031f0 (0x03624063)
core   0: 0x80003210 (0x40fd5e93) srai    t4, s10, 15
core   0: 3 0x80003210 (0x40fd5e93) x29 0x00002a40
core   0: 0x80003214 (0xcb1c9937) lui     s2, 0xcb1c9
core   0: 3 0x80003214 (0xcb1c9937) x18 0xcb1c9000
core   0: 0x80003218 (0x037ae0b3) rem     ra, s5, s7
core   0: 3 0x80003218 (0x037ae0b3) x 1 0x00000000
core   0: 0x8000321c (0x010272b3) and     t0, tp, a6
core   0: 3 0x8000321c (0x010272b3) x 5 0x00000000
core   0: 0x80003220 (0x00d2ccb3) xor     s9, t0, a3
core   0: 3 0x80003220 (0x00d2ccb3) x25 0x00ffffff
core   0: 0x80003224 (0x00bef133) and     sp, t4, a1
core   0: 3 0x80003224 (0x00bef133) x 2 0x00002a40
core   0: 0x80003228 (0x016d74b3) and     s1, s10, s6
core   0: 3 0x80003228 (0x016d74b3) x 9 0x00000000
core   0: 0x8000322c (0x0239abb3) mulhsu  s7, s3, gp
core   0: 3 0x8000322c (0x0239abb3) x23 0x00000000
core   0: 0x80003230 (0x02272033) mulhsu  zero, a4, sp
core   0: 3 0x80003230 (0x02272033)
core   0: 0x80003234 (0x006b5e13) srli    t3, s6, 6
core   0: 3 0x80003234 (0x006b5e13) x28 0x00000000
core   0: 0x80003238 (0x5719bd17) auipc   s10, 0x5719b
core   0: 3 0x80003238 (0x5719bd17) x26 0xd719e238
core   0: 0x8000323c (0x03400b33) mul     s6, zero, s4
core   0: 3 0x8000323c (0x03400b33) x22 0x00000000
core   0: 0x80003240 (0x018e0433) add     s0, t3, s8
core   0: 3 0x80003240 (0x018e0433) x 8 0xffff7d2e
core   0: 0x80003244 (0x00b75133) srl     sp, a4, a1
core   0: 3 0x80003244 (0x00b75133) x 2 0x00000000
core   0: 0x80003248 (0x01c4fdb3) and     s11, s1, t3
core   0: 3 0x80003248 (0x01c4fdb3) x27 0x00000000
core   0: 0x8000324c (0x039d9a33) mulh    s4, s11, s9
core   0: 3 0x8000324c (0x039d9a33) x20 0x00000000
core   0: 0x80003250 (0xa3997b13) andi    s6, s2, -1479
core   0: 3 0x80003250 (0xa3997b13) x22 0xcb1c9000
core   0: 0x80003254 (0x01ff8433) add     s0, t6, t6
core   0: 3 0x80003254 (0x01ff8433) x 8 0xfffffffe
core   0: 0x80003258 (0x03945863) bge     s0, s9, pc + 48
core   0: 3 0x80003258 (0x03945863)
core   0: 0x8000325c (0x001515b3) sll     a1, a0, ra
core   0: 3 0x8000325c (0x001515b3) x11 0x0000011d
core   0: 0x80003260 (0x030463b3) rem     t2, s0, a6
core   0: 3 0x80003260 (0x030463b3) x 7 0xfffffffe
core   0: 0x80003264 (0xd58dc393) xori    t2, s11, -680
core   0: 3 0x80003264 (0xd58dc393) x 7 0xfffffd58
core   0: 0x80003268 (0x48826993) ori     s3, tp, 1160
core   0: 3 0x80003268 (0x48826993) x19 0x82a315dc
core   0: 0x8000326c (0x41120b33) sub     s6, tp, a7
core   0: 3 0x8000326c (0x41120b33) x22 0x82a31554
core   0: 0x80003270 (0x0083da33) srl     s4, t2, s0
core   0: 3 0x80003270 (0x0083da33) x20 0x00000003
core   0: 0x80003274 (0x00000013) nop
core   0: 3 0x80003274 (0x00000013)
core   0: 0x80003278 (0xb49b6593) ori     a1, s6, -1207
core   0: 3 0x80003278 (0xb49b6593) x11 0xffffff5d
core   0: 0x8000327c (0x96eb2d13) slti    s10, s6, -1682
core   0: 3 0x8000327c (0x96eb2d13) x26 0x00000001
core   0: 0x80003280 (0x113c7593) andi    a1, s8, 275
core   0: 3 0x80003280 (0x113c7593) x11 0x00000102
core   0: 0x80003284 (0x005a1863) bne     s4, t0, pc + 16
core   0: 3 0x80003284 (0x005a1863)
core   0: 0x80003294 (0x04ddd663) bge     s11, a3, pc + 76
core   0: 3 0x80003294 (0x04ddd663)
core   0: 0x80003298 (0x0065d663) bge     a1, t1, pc + 12
core   0: 3 0x80003298 (0x0065d663)
core   0: 0x800032a4 (0x41060bb3) sub     s7, a2, a6
core   0: 3 0x800032a4 (0x41060bb3) x23 0x0000075c
core   0: 0x800032a8 (0x023f5633) divu    a2, t5, gp
core   0: 3 0x800032a8 (0x023f5633) x12 0x00000000
core   0: 0x800032ac (0x01c42a33) slt     s4, s0, t3
core   0: 3 0x800032ac (0x01c42a33) x20 0x00000001
core   0: 0x800032b0 (0x02b81463) bne     a6, a1, pc + 40
core   0: 3 0x800032b0 (0x02b81463)
core   0: 0x800032d8 (0x04a4c063) blt     s1, a0, pc + 64
core   0: 3 0x800032d8 (0x04a4c063)
core   0: 0x80003318 (0x016e1d33) sll     s10, t3, s6
core   0: 3 0x80003318 (0x016e1d33) x26 0x00000000
core   0: 0x8000331c (0x4bdc7117) auipc   sp, 0x4bdc7
core   0: 3 0x8000331c (0x4bdc7117) x 2 0xcbdca31c
core   0: 0x80003320 (0x023d9a63) bne     s11, gp, pc + 52
core   0: 3 0x80003320 (0x023d9a63)
core   0: 0x80003354 (0x03bb7c33) remu    s8, s6, s11
core   0: 3 0x80003354 (0x03bb7c33) x24 0x82a31554
core   0: 0x80003358 (0x020435b3) mulhu   a1, s0, zero
core   0: 3 0x80003358 (0x020435b3) x11 0x00000000
core   0: 0x8000335c (0xa97eb993) sltiu   s3, t4, -1385
core   0: 3 0x8000335c (0xa97eb993) x19 0x00000001
core   0: 0x80003360 (0x01aa9e93) slli    t4, s5, 26
core   0: 3 0x80003360 (0x01aa9e93) x29 0x90000000
core   0: 0x80003364 (0x01285c33) srl     s8, a6, s2
core   0: 3 0x80003364 (0x01285c33) x24 0x00000000
core   0: 0x80003368 (0x05dbf463) bgeu    s7, t4, pc + 72
core   0: 3 0x80003368 (0x05dbf463)
core   0: 0x8000336c (0x038a9233) mulh    tp, s5, s8
core   0: 3 0x8000336c (0x038a9233) x 4 0x00000000
core   0: 0x80003370 (0x002a9193) slli    gp, s5, 2
core   0: 3 0x80003370 (0x002a9193) x 3 0x000a7390
core   0: 0x80003374 (0xac2f3213) sltiu   tp, t5, -1342
core   0: 3 0x80003374 (0xac2f3213) x 4 0x00000001
core   0: 0x80003378 (0x0361d0b3) divu    ra, gp, s6
core   0: 3 0x80003378 (0x0361d0b3) x 1 0x00000000
core   0: 0x8000337c (0x01a4a3b3) slt     t2, s1, s10
core   0: 3 0x8000337c (0x01a4a3b3) x 7 0x00000000
core   0: 0x80003380 (0x001a0cb3) add     s9, s4, ra
core   0: 3 0x80003380 (0x001a0cb3) x25 0x00000001
core   0: 0x80003384 (0x00572533) slt     a0, a4, t0
core   0: 3 0x80003384 (0x00572533) x10 0x00000000
core   0: 0x80003388 (0x0156aeb3) slt     t4, a3, s5
core   0: 3 0x80003388 (0x0156aeb3) x29 0x00000000
core   0: 0x8000338c (0x01c1c933) xor     s2, gp, t3
core   0: 3 0x8000338c (0x01c1c933) x18 0x000a7390
core   0: 0x80003390 (0x1b462513) slti    a0, a2, 436
core   0: 3 0x80003390 (0x1b462513) x10 0x00000001
core   0: 0x80003394 (0x01b47233) and     tp, s0, s11
core   0: 3 0x80003394 (0x01b47233) x 4 0x00000000
core   0: 0x80003398 (0x24cea917) auipc   s2, 0x24cea
core   0: 3 0x80003398 (0x24cea917) x18 0xa4ced398
core   0: 0x8000339c (0x004128b3) slt     a7, sp, tp
core   0: 3 0x8000339c (0x004128b3) x17 0x00000001
core   0: 0x800033a0 (0x028f6b33) rem     s6, t5, s0
core   0: 3 0x800033a0 (0x028f6b33) x22 0x00000000
core   0: 0x800033a4 (0xde9d6013) ori     zero, s10, -535
core   0: 3 0x800033a4 (0xde9d6013)
core   0: 0x800033a8 (0x03c8d4b3) divu    s1, a7, t3
core   0: 3 0x800033a8 (0x03c8d4b3) x 9 0xffffffff
core   0: 0x800033ac (0x034eb6b3) mulhu   a3, t4, s4
core   0: 3 0x800033ac (0x034eb6b3) x13 0x00000000
core   0: 0x800033b0 (0x026ff063) bgeu    t6, t1, pc + 32
core   0: 3 0x800033b0 (0x026ff063)
core   0: 0x800033d0 (0x41e4d093) srai    ra, s1, 30
core   0: 3 0x800033d0 (0x41e4d093) x 1 0xffffffff
core   0: 0x800033d4 (0x034b5e33) divu    t3, s6, s4
core   0: 3 0x800033d4 (0x034b5e33) x28 0x00000000
core   0: 0x800033d8 (0x0188dc13) srli    s8, a7, 24
core   0: 3 0x800033d8 (0x0188dc13) x24 0x00000000
core   0: 0x800033dc (0x01a82033) slt     zero, a6, s10
core   0: 3 0x800033dc (0x01a82033)
core   0: 0x800033e0 (0x03770e63) beq     a4, s7, pc + 60
core   0: 3 0x800033e0 (0x03770e63)
core   0: 0x800033e4 (0x417a8833) sub     a6, s5, s7
core   0: 3 0x800033e4 (0x417a8833) x16 0x80029588
core   0: 0x800033e8 (0x037818b3) mulh    a7, a6, s7
core   0: 3 0x800033e8 (0x037818b3) x17 0xfffffc52
core   0: 0x800033ec (0x00825293) srli    t0, tp, 8
core   0: 3 0x800033ec (0x00825293) x 5 0x00000000
core   0: 0x800033f0 (0x04e0e893) ori     a7, ra, 78
core   0: 3 0x800033f0 (0x04e0e893) x17 0xffffffff
core   0: 0x800033f4 (0x03715bb3) divu    s7, sp, s7
core   0: 3 0x800033f4 (0x03715bb3) x23 0x001bb373
core   0: 0x800033f8 (0x04faf593) andi    a1, s5, 79
core   0: 3 0x800033f8 (0x04faf593) x11 0x00000044
core   0: 0x800033fc (0x40515a13) srai    s4, sp, 5
core   0: 3 0x800033fc (0x40515a13) x20 0xfe5ee518
core   0: 0x80003400 (0x030260b3) rem     ra, tp, a6
core   0: 3 0x80003400 (0x030260b3) x 1 0x00000000
core   0: 0x80003404 (0x025ee663) bltu    t4, t0, pc + 44
core   0: 3 0x80003404 (0x025ee663)
core   0: 0x80003408 (0x0376ac33) mulhsu  s8, a3, s7
core   0: 3 0x80003408 (0x0376ac33) x24 0x00000000
core   0: 0x8000340c (0x64632d13) slti    s10, t1, 1606
core   0: 3 0x8000340c (0x64632d13) x26 0x00000001
core   0: 0x80003410 (0x00c98c63) beq     s3, a2, pc + 24
core   0: 3 0x80003410 (0x00c98c63)
core   0: 0x80003414 (0x89a80e93) addi    t4, a6, -1894
core   0: 3 0x80003414 (0x89a80e93) x29 0x80028e22
core   0: 0x80003418 (0x05e4f693) andi    a3, s1, 94
core   0: 3 0x80003418 (0x05e4f693) x13 0x0000005e
core   0: 0x8000341c (0x041e7463) bgeu    t3, ra, pc + 72
core   0: 3 0x8000341c (0x041e7463)
core   0: 0x80003464 (0x012cb3b3) sltu    t2, s9, s2
core   0: 3 0x80003464 (0x012cb3b3) x 7 0x00000001
core   0: 0x80003468 (0x02cae5b3) rem     a1, s5, a2
core   0: 3 0x80003468 (0x02cae5b3) x11 0x80029ce4
core   0: 0x8000346c (0xebf6cd17) auipc   s10, 0xebf6c
core   0: 3 0x8000346c (0xebf6cd17) x26 0x6bf6f46c
core   0: 0x80003470 (0x09d89997) auipc   s3, 0x9d89
core   0: 3 0x80003470 (0x09d89997) x19 0x89d8c470
core   0: 0x80003474 (0xfcc9cd17) auipc   s10, 0xfcc9c
core   0: 3 0x80003474 (0xfcc9cd17) x26 0x7cc9f474
core   0: 0x80003478 (0x40f0d233) sra     tp, ra, a5
core   0: 3 0x80003478 (0x40f0d233) x 4 0x00000000
core   0: 0x8000347c (0x6665b913) sltiu   s2, a1, 1638
core   0: 3 0x8000347c (0x6665b913) x18 0x00000000
core   0: 0x80003480 (0xf3b3f393) andi    t2, t2, -197
core   0: 3 0x80003480 (0xf3b3f393) x 7 0x00000001
core   0: 0x80003484 (0x4130d933) sra     s2, ra, s3
core   0: 3 0x80003484 (0x4130d933) x18 0x00000000
core   0: 0x80003488 (0x029acfb3) div     t6, s5, s1
core   0: 3 0x80003488 (0x029acfb3) x31 0x7ffd631c
core   0: 0x8000348c (0x76776d13) ori     s10, a4, 1895
core   0: 3 0x8000348c (0x76776d13) x26 0x00000767
core   0: 0x80003490 (0x40dd7b13) andi    s6, s10, 1037
core   0: 3 0x80003490 (0x40dd7b13) x22 0x00000405
core   0: 0x80003494 (0x02c89a33) mulh    s4, a7, a2
core   0: 3 0x80003494 (0x02c89a33) x20 0x00000000
core   0: 0x80003498 (0x00b0d693) srli    a3, ra, 11
core   0: 3 0x80003498 (0x00b0d693) x13 0x00000000
core   0: 0x8000349c (0x47364293) xori    t0, a2, 1139
core   0: 3 0x8000349c (0x47364293) x 5 0x00000473
core   0: 0x800034a0 (0x022eceb3) div     t4, t4, sp
core   0: 3 0x800034a0 (0x022eceb3) x29 0x00000002
core   0: 0x800034a4 (0xaecf00b7) lui     ra, 0xaecf0
core   0: 3 0x800034a4 (0xaecf00b7) x 1 0xaecf0000
core   0: 0x800034a8 (0x00a41633) sll     a2, s0, a0
core   0: 3 0x800034a8 (0x00a41633) x12 0xfffffffc
core   0: 0x800034ac (0x01185493) srli    s1, a6, 17
core   0: 3 0x800034ac (0x01185493) x 9 0x00004001
core   0: 0x800034b0 (0x418b0e33) sub     t3, s6, s8
core   0: 3 0x800034b0 (0x418b0e33) x28 0x00000405
core   0: 0x800034b4 (0x0150adb3) slt     s11, ra, s5
core   0: 3 0x800034b4 (0x0150adb3) x27 0x00000000
core   0: 0x800034b8 (0x379d09b7) lui     s3, 0x379d0
core   0: 3 0x800034b8 (0x379d09b7) x19 0x379d0000
core   0: 0x800034bc (0x020518b3) mulh    a7, a0, zero
core   0: 3 0x800034bc (0x020518b3) x17 0x00000000
core   0: 0x800034c0 (0x00000013) nop
core   0: 3 0x800034c0 (0x00000013)
core   0: 0x800034c4 (0xa67efc93) andi    s9, t4, -1433
core   0: 3 0x800034c4 (0xa67efc93) x25 0x00000002
core   0: 0x800034c8 (0x03a19fb3) mulh    t6, gp, s10
core   0: 3 0x800034c8 (0x03a19fb3) x31 0x00000000
core   0: 0x800034cc (0x019e95b3) sll     a1, t4, s9
core   0: 3 0x800034cc (0x019e95b3) x11 0x00000008
core   0: 0x800034d0 (0xa43b8713) addi    a4, s7, -1469
core   0: 3 0x800034d0 (0xa43b8713) x14 0x001badb6
core   0: 0x800034d4 (0x028959b3) divu    s3, s2, s0
core   0: 3 0x800034d4 (0x028959b3) x19 0x00000000
core   0: 0x800034d8 (0x03bbdc63) bge     s7, s11, pc + 56
core   0: 3 0x800034d8 (0x03bbdc63)
core   0: 0x80003510 (0xc0787717) auipc   a4, 0xc0787
core   0: 3 0x80003510 (0xc0787717) x14 0x4078a510
core   0: 0x80003514 (0x00de95b3) sll     a1, t4, a3
core   0: 3 0x80003514 (0x00de95b3) x11 0x00000002
core   0: 0x80003518 (0x402f82b3) sub     t0, t6, sp
core   0: 3 0x80003518 (0x402f82b3) x 5 0x34235ce4
core   0: 0x8000351c (0x410ad1b3) sra     gp, s5, a6
core   0: 3 0x8000351c (0x410ad1b3) x 3 0xff80029c
core   0: 0x80003520 (0x0229b8b3) mulhu   a7, s3, sp
core   0: 3 0x80003520 (0x0229b8b3) x17 0x00000000
core   0: 0x80003524 (0x025c3e33) mulhu   t3, s8, t0
core   0: 3 0x80003524 (0x025c3e33) x28 0x00000000
core   0: 0x80003528 (0x01db09b3) add     s3, s6, t4
core   0: 3 0x80003528 (0x01db09b3) x19 0x00000407
core   0: 0x8000352c (0x03abe5b3) rem     a1, s7, s10
core   0: 3 0x8000352c (0x03abe5b3) x11 0x00000001
core   0: 0x80003530 (0x00dc5e33) srl     t3, s8, a3
core   0: 3 0x80003530 (0x00dc5e33) x28 0x00000000
core   0: 0x80003534 (0x1f1e6993) ori     s3, t3, 497
core   0: 3 0x80003534 (0x1f1e6993) x19 0x000001f1
core   0: 0x80003538 (0x00000013) nop
core   0: 3 0x80003538 (0x00000013)
core   0: 0x8000353c (0x03e2dc63) bge     t0, t5, pc + 56
core   0: 3 0x8000353c (0x03e2dc63)
core   0: 0x80003574 (0x456beb93) ori     s7, s7, 1110
core   0: 3 0x80003574 (0x456beb93) x23 0x001bb777
core   0: 0x80003578 (0x02b356b3) divu    a3, t1, a1
core   0: 3 0x80003578 (0x02b356b3) x13 0xffffffbf
core   0: 0x8000357c (0x7e97f713) andi    a4, a5, 2025
core   0: 3 0x8000357c (0x7e97f713) x14 0x00000660
core   0: 0x80003580 (0x40bbd833) sra     a6, s7, a1
core   0: 3 0x80003580 (0x40bbd833) x16 0x000ddbbb
core   0: 0x80003584 (0x37507193) andi    gp, zero, 885
core   0: 3 0x80003584 (0x37507193) x 3 0x00000000
core   0: 0x80003588 (0x406e5993) srai    s3, t3, 6
core   0: 3 0x80003588 (0x406e5993) x19 0x00000000
core   0: 0x8000358c (0x36558c93) addi    s9, a1, 869
core   0: 3 0x8000358c (0x36558c93) x25 0x00000366
core   0: 0x80003590 (0x010649b3) xor     s3, a2, a6
core   0: 3 0x80003590 (0x010649b3) x19 0xfff22447
core   0: 0x80003594 (0xb30fbd13) sltiu   s10, t6, -1232
core   0: 3 0x80003594 (0xb30fbd13) x26 0x00000001
core   0: 0x80003598 (0xd9f30b93) addi    s7, t1, -609
core   0: 3 0x80003598 (0xd9f30b93) x23 0xfffffd5e
core   0: 0x8000359c (0x03397333) remu    t1, s2, s3
core   0: 3 0x8000359c (0x03397333) x 6 0x00000000
core   0: 0x800035a0 (0x043c6663) bltu    s8, gp, pc + 76
core   0: 3 0x800035a0 (0x043c6663)
core   0: 0x800035a4 (0x009ce463) bltu    s9, s1, pc + 8
core   0: 3 0x800035a4 (0x009ce463)
core   0: 0x800035ac (0x01a77333) and     t1, a4, s10
core   0: 3 0x800035ac (0x01a77333) x 6 0x00000000
core   0: 0x800035b0 (0x02da55b3) divu    a1, s4, a3
core   0: 3 0x800035b0 (0x02da55b3) x11 0x00000000
core   0: 0x800035b4 (0x40fb0633) sub     a2, s6, a5
core   0: 3 0x800035b4 (0x40fb0633) x12 0x7ffda5a1
core   0: 0x800035b8 (0x029aecb3) rem     s9, s5, s1
core   0: 3 0x800035b8 (0x029aecb3) x25 0xffffdcd1
core   0: 0x800035bc (0x002a09b3) add     s3, s4, sp
core   0: 3 0x800035bc (0x002a09b3) x19 0xcbdca31c
core   0: 0x800035c0 (0x01898833) add     a6, s3, s8
core   0: 3 0x800035c0 (0x01898833) x16 0xcbdca31c
core   0: 0x800035c4 (0x01e219b3) sll     s3, tp, t5
core   0: 3 0x800035c4 (0x01e219b3) x19 0x00000000
core   0: 0x800035c8 (0x009aceb3) xor     t4, s5, s1
core   0: 3 0x800035c8 (0x009aceb3) x29 0x8002dce5
core   0: 0x800035cc (0x0534f463) bgeu    s1, s3, pc + 72
core   0: 3 0x800035cc (0x0534f463)
core   0: 0x80003614 (0xb76bb913) sltiu   s2, s7, -1162
core   0: 3 0x80003614 (0xb76bb913) x18 0x00000000
core   0: 0x80003618 (0x03ea84b3) mul     s1, s5, t5
core   0: 3 0x80003618 (0x03ea84b3) x 9 0x00000000
core   0: 0x8000361c (0x055f0063) beq     t5, s5, pc + 64
core   0: 3 0x8000361c (0x055f0063)
core   0: 0x80003620 (0x01b4ec63) bltu    s1, s11, pc + 24
core   0: 3 0x80003620 (0x01b4ec63)
core   0: 0x80003624 (0x00000013) nop
core   0: 3 0x80003624 (0x00000013)
core   0: 0x80003628 (0x16370117) auipc   sp, 0x16370
core   0: 3 0x80003628 (0x16370117) x 2 0x96373628
core   0: 0x8000362c (0x0082ac33) slt     s8, t0, s0
core   0: 3 0x8000362c (0x0082ac33) x24 0x00000000
core   0: 0x80003630 (0x04bff463) bgeu    t6, a1, pc + 72
core   0: 3 0x80003630 (0x04bff463)
core   0: 0x80003678 (0x02a8d863) bge     a7, a0, pc + 48
core   0: 3 0x80003678 (0x02a8d863)
core   0: 0x8000367c (0x00000013) nop
core   0: 3 0x8000367c (0x00000013)
core   0: 0x80003680 (0x02eff1b3) remu    gp, t6, a4
core   0: 3 0x80003680 (0x02eff1b3) x 3 0x00000000
core   0: 0x80003684 (0x006bdcb3) srl     s9, s7, t1
core   0: 3 0x80003684 (0x006bdcb3) x25 0xfffffd5e
core   0: 0x80003688 (0x00a6f133) and     sp, a3, a0
core   0: 3 0x80003688 (0x00a6f133) x 2 0x00000001
core   0: 0x8000368c (0x02f40d33) mul     s10, s0, a5
core   0: 3 0x8000368c (0x02f40d33) x26 0xfffb4338
core   0: 0x80003690 (0x0059ae33) slt     t3, s3, t0
core   0: 3 0x80003690 (0x0059ae33) x28 0x00000001
core   0: 0x80003694 (0x8ff7ed93) ori     s11, a5, -1793
core   0: 3 0x80003694 (0x8ff7ed93) x27 0xfffffeff
core   0: 0x80003698 (0x0300dcb3) divu    s9, ra, a6
core   0: 3 0x80003698 (0x0300dcb3) x25 0x00000000
core   0: 0x8000369c (0x02fb8533) mul     a0, s7, a5
core   0: 3 0x8000369c (0x02fb8533) x10 0xf9c37cb8
core   0: 0x800036a0 (0x02c64433) div     s0, a2, a2
core   0: 3 0x800036a0 (0x02c64433) x 8 0x00000001
core   0: 0x800036a4 (0x011b5233) srl     tp, s6, a7
core   0: 3 0x800036a4 (0x011b5233) x 4 0x00000405
core   0: 0x800036a8 (0x030bf033) remu    zero, s7, a6
core   0: 3 0x800036a8 (0x030bf033)
core   0: 0x800036ac (0x48258213) addi    tp, a1, 1154
core   0: 3 0x800036ac (0x48258213) x 4 0x00000482
core   0: 0x800036b0 (0x00000013) nop
core   0: 3 0x800036b0 (0x00000013)
core   0: 0x800036b4 (0x41ce5e33) sra     t3, t3, t3
core   0: 3 0x800036b4 (0x41ce5e33) x28 0x00000000
core   0: 0x800036b8 (0x40f80633) sub     a2, a6, a5
core   0: 3 0x800036b8 (0x40f80633) x12 0x4bda44b8
core   0: 0x800036bc (0x01cca733) slt     a4, s9, t3
core   0: 3 0x800036bc (0x01cca733) x14 0x00000000
core   0: 0x800036c0 (0xadd4f893) andi    a7, s1, -1315
core   0: 3 0x800036c0 (0xadd4f893) x17 0x00000000
core   0: 0x800036c4 (0x0043b333) sltu    t1, t2, tp
core   0: 3 0x800036c4 (0x0043b333) x 6 0x00000001
core   0: 0x800036c8 (0xb32de613) ori     a2, s11, -1230
core   0: 3 0x800036c8 (0xb32de613) x12 0xffffffff
core   0: 0x800036cc (0x01409533) sll     a0, ra, s4
core   0: 3 0x800036cc (0x01409533) x10 0xaecf0000
core   0: 0x800036d0 (0x8215e613) ori     a2, a1, -2015
core   0: 3 0x800036d0 (0x8215e613) x12 0xfffff821
core   0: 0x800036d4 (0x01931c93) slli    s9, t1, 25
core   0: 3 0x800036d4 (0x01931c93) x25 0x02000000
core   0: 0x800036d8 (0x06b6d263) bge     a3, a1, pc + 100
core   0: 3 0x800036d8 (0x06b6d263)
core   0: 0x800036dc (0x02d876b3) remu    a3, a6, a3
core   0: 3 0x800036dc (0x02d876b3) x13 0xcbdca31c
core   0: 0x800036e0 (0x0324bfb3) mulhu   t6, s1, s2
core   0: 3 0x800036e0 (0x0324bfb3) x31 0x00000000
core   0: 0x800036e4 (0x418a0933) sub     s2, s4, s8
core   0: 3 0x800036e4 (0x418a0933) x18 0x00000000
core   0: 0x800036e8 (0x005fbeb3) sltu    t4, t6, t0
core   0: 3 0x800036e8 (0x005fbeb3) x29 0x00000001
core   0: 0x800036ec (0x07ad6063) bltu    s10, s10, pc + 96
core   0: 3 0x800036ec (0x07ad6063)
core   0: 0x800036f0 (0x038355b3) divu    a1, t1, s8
core   0: 3 0x800036f0 (0x038355b3) x11 0xffffffff
core   0: 0x800036f4 (0x00100093) li      ra, 1
core   0: 3 0x800036f4 (0x00100093) x 1 0x00000001
core   0: 0x800036f8 (0x00b00193) li      gp, 11
core   0: 3 0x800036f8 (0x00b00193) x 3 0x0000000b
core   0: 0x800036fc (0x589c0393) addi    t2, s8, 1417
core   0: 3 0x800036fc (0x589c0393) x 7 0x00000589
core   0: 0x80003700 (0x00308093) addi    ra, ra, 3
core   0: 3 0x80003700 (0x00308093) x 1 0x00000004
core   0: 0x80003704 (0x00800713) li      a4, 8
core   0: 3 0x80003704 (0x00800713) x14 0x00000008
core   0: 0x80003708 (0x01400f93) li      t6, 20
core   0: 3 0x80003708 (0x01400f93) x31 0x00000014
core   0: 0x8000370c (0x003ca433) slt     s0, s9, gp
core   0: 3 0x8000370c (0x003ca433) x 8 0x00000000
core   0: 0x80003710 (0x00370713) addi    a4, a4, 3
core   0: 3 0x80003710 (0x00370713) x14 0x0000000b
core   0: 0x80003714 (0xfff71ce3) bne     a4, t6, pc - 8
core   0: 3 0x80003714 (0xfff71ce3)
core   0: 0x8000370c (0x003ca433) slt     s0, s9, gp
core   0: 3 0x8000370c (0x003ca433) x 8 0x00000000
core   0: 0x80003710 (0x00370713) addi    a4, a4, 3
core   0: 3 0x80003710 (0x00370713) x14 0x0000000e
core   0: 0x80003714 (0xfff71ce3) bne     a4, t6, pc - 8
core   0: 3 0x80003714 (0xfff71ce3)
core   0: 0x8000370c (0x003ca433) slt     s0, s9, gp
core   0: 3 0x8000370c (0x003ca433) x 8 0x00000000
core   0: 0x80003710 (0x00370713) addi    a4, a4, 3
core   0: 3 0x80003710 (0x00370713) x14 0x00000011
core   0: 0x80003714 (0xfff71ce3) bne     a4, t6, pc - 8
core   0: 3 0x80003714 (0xfff71ce3)
core   0: 0x8000370c (0x003ca433) slt     s0, s9, gp
core   0: 3 0x8000370c (0x003ca433) x 8 0x00000000
core   0: 0x80003710 (0x00370713) addi    a4, a4, 3
core   0: 3 0x80003710 (0x00370713) x14 0x00000014
core   0: 0x80003714 (0xfff71ce3) bne     a4, t6, pc - 8
core   0: 3 0x80003714 (0xfff71ce3)
core   0: 0x80003718 (0xfe30c2e3) blt     ra, gp, pc - 28
core   0: 3 0x80003718 (0xfe30c2e3)
core   0: 0x800036fc (0x589c0393) addi    t2, s8, 1417
core   0: 3 0x800036fc (0x589c0393) x 7 0x00000589
core   0: 0x80003700 (0x00308093) addi    ra, ra, 3
core   0: 3 0x80003700 (0x00308093) x 1 0x00000007
core   0: 0x80003704 (0x00800713) li      a4, 8
core   0: 3 0x80003704 (0x00800713) x14 0x00000008
core   0: 0x80003708 (0x01400f93) li      t6, 20
core   0: 3 0x80003708 (0x01400f93) x31 0x00000014
core   0: 0x8000370c (0x003ca433) slt     s0, s9, gp
core   0: 3 0x8000370c (0x003ca433) x 8 0x00000000
core   0: 0x80003710 (0x00370713) addi    a4, a4, 3
core   0: 3 0x80003710 (0x00370713) x14 0x0000000b
core   0: 0x80003714 (0xfff71ce3) bne     a4, t6, pc - 8
core   0: 3 0x80003714 (0xfff71ce3)
core   0: 0x8000370c (0x003ca433) slt     s0, s9, gp
core   0: 3 0x8000370c (0x003ca433) x 8 0x00000000
core   0: 0x80003710 (0x00370713) addi    a4, a4, 3
core   0: 3 0x80003710 (0x00370713) x14 0x0000000e
core   0: 0x80003714 (0xfff71ce3) bne     a4, t6, pc - 8
core   0: 3 0x80003714 (0xfff71ce3)
core   0: 0x8000370c (0x003ca433) slt     s0, s9, gp
core   0: 3 0x8000370c (0x003ca433) x 8 0x00000000
core   0: 0x80003710 (0x00370713) addi    a4, a4, 3
core   0: 3 0x80003710 (0x00370713) x14 0x00000011
core   0: 0x80003714 (0xfff71ce3) bne     a4, t6, pc - 8
core   0: 3 0x80003714 (0xfff71ce3)
core   0: 0x8000370c (0x003ca433) slt     s0, s9, gp
core   0: 3 0x8000370c (0x003ca433) x 8 0x00000000
core   0: 0x80003710 (0x00370713) addi    a4, a4, 3
core   0: 3 0x80003710 (0x00370713) x14 0x00000014
core   0: 0x80003714 (0xfff71ce3) bne     a4, t6, pc - 8
core   0: 3 0x80003714 (0xfff71ce3)
core   0: 0x80003718 (0xfe30c2e3) blt     ra, gp, pc - 28
core   0: 3 0x80003718 (0xfe30c2e3)
core   0: 0x800036fc (0x589c0393) addi    t2, s8, 1417
core   0: 3 0x800036fc (0x589c0393) x 7 0x00000589
core   0: 0x80003700 (0x00308093) addi    ra, ra, 3
core   0: 3 0x80003700 (0x00308093) x 1 0x0000000a
core   0: 0x80003704 (0x00800713) li      a4, 8
core   0: 3 0x80003704 (0x00800713) x14 0x00000008
core   0: 0x80003708 (0x01400f93) li      t6, 20
core   0: 3 0x80003708 (0x01400f93) x31 0x00000014
core   0: 0x8000370c (0x003ca433) slt     s0, s9, gp
core   0: 3 0x8000370c (0x003ca433) x 8 0x00000000
core   0: 0x80003710 (0x00370713) addi    a4, a4, 3
core   0: 3 0x80003710 (0x00370713) x14 0x0000000b
core   0: 0x80003714 (0xfff71ce3) bne     a4, t6, pc - 8
core   0: 3 0x80003714 (0xfff71ce3)
core   0: 0x8000370c (0x003ca433) slt     s0, s9, gp
core   0: 3 0x8000370c (0x003ca433) x 8 0x00000000
core   0: 0x80003710 (0x00370713) addi    a4, a4, 3
core   0: 3 0x80003710 (0x00370713) x14 0x0000000e
core   0: 0x80003714 (0xfff71ce3) bne     a4, t6, pc - 8
core   0: 3 0x80003714 (0xfff71ce3)
core   0: 0x8000370c (0x003ca433) slt     s0, s9, gp
core   0: 3 0x8000370c (0x003ca433) x 8 0x00000000
core   0: 0x80003710 (0x00370713) addi    a4, a4, 3
core   0: 3 0x80003710 (0x00370713) x14 0x00000011
core   0: 0x80003714 (0xfff71ce3) bne     a4, t6, pc - 8
core   0: 3 0x80003714 (0xfff71ce3)
core   0: 0x8000370c (0x003ca433) slt     s0, s9, gp
core   0: 3 0x8000370c (0x003ca433) x 8 0x00000000
core   0: 0x80003710 (0x00370713) addi    a4, a4, 3
core   0: 3 0x80003710 (0x00370713) x14 0x00000014
core   0: 0x80003714 (0xfff71ce3) bne     a4, t6, pc - 8
core   0: 3 0x80003714 (0xfff71ce3)
core   0: 0x80003718 (0xfe30c2e3) blt     ra, gp, pc - 28
core   0: 3 0x80003718 (0xfe30c2e3)
core   0: 0x800036fc (0x589c0393) addi    t2, s8, 1417
core   0: 3 0x800036fc (0x589c0393) x 7 0x00000589
core   0: 0x80003700 (0x00308093) addi    ra, ra, 3
core   0: 3 0x80003700 (0x00308093) x 1 0x0000000d
core   0: 0x80003704 (0x00800713) li      a4, 8
core   0: 3 0x80003704 (0x00800713) x14 0x00000008
core   0: 0x80003708 (0x01400f93) li      t6, 20
core   0: 3 0x80003708 (0x01400f93) x31 0x00000014
core   0: 0x8000370c (0x003ca433) slt     s0, s9, gp
core   0: 3 0x8000370c (0x003ca433) x 8 0x00000000
core   0: 0x80003710 (0x00370713) addi    a4, a4, 3
core   0: 3 0x80003710 (0x00370713) x14 0x0000000b
core   0: 0x80003714 (0xfff71ce3) bne     a4, t6, pc - 8
core   0: 3 0x80003714 (0xfff71ce3)
core   0: 0x8000370c (0x003ca433) slt     s0, s9, gp
core   0: 3 0x8000370c (0x003ca433) x 8 0x00000000
core   0: 0x80003710 (0x00370713) addi    a4, a4, 3
core   0: 3 0x80003710 (0x00370713) x14 0x0000000e
core   0: 0x80003714 (0xfff71ce3) bne     a4, t6, pc - 8
core   0: 3 0x80003714 (0xfff71ce3)
core   0: 0x8000370c (0x003ca433) slt     s0, s9, gp
core   0: 3 0x8000370c (0x003ca433) x 8 0x00000000
core   0: 0x80003710 (0x00370713) addi    a4, a4, 3
core   0: 3 0x80003710 (0x00370713) x14 0x00000011
core   0: 0x80003714 (0xfff71ce3) bne     a4, t6, pc - 8
core   0: 3 0x80003714 (0xfff71ce3)
core   0: 0x8000370c (0x003ca433) slt     s0, s9, gp
core   0: 3 0x8000370c (0x003ca433) x 8 0x00000000
core   0: 0x80003710 (0x00370713) addi    a4, a4, 3
core   0: 3 0x80003710 (0x00370713) x14 0x00000014
core   0: 0x80003714 (0xfff71ce3) bne     a4, t6, pc - 8
core   0: 3 0x80003714 (0xfff71ce3)
core   0: 0x80003718 (0xfe30c2e3) blt     ra, gp, pc - 28
core   0: 3 0x80003718 (0xfe30c2e3)
core   0: 0x8000371c (0x002478b3) and     a7, s0, sp
core   0: 3 0x8000371c (0x002478b3) x17 0x00000000
core   0: 0x80003720 (0x515ec293) xori    t0, t4, 1301
core   0: 3 0x80003720 (0x515ec293) x 5 0x00000514
core   0: 0x80003724 (0x03eba333) mulhsu  t1, s7, t5
core   0: 3 0x80003724 (0x03eba333) x 6 0x00000000
core   0: 0x80003728 (0xf78da813) slti    a6, s11, -136
core   0: 3 0x80003728 (0xf78da813) x16 0x00000001
core   0: 0x8000372c (0x00a48333) add     t1, s1, a0
core   0: 3 0x8000372c (0x00a48333) x 6 0xaecf0000
core   0: 0x80003730 (0x03ee85b3) mul     a1, t4, t5
core   0: 3 0x80003730 (0x03ee85b3) x11 0x00000000
core   0: 0x80003734 (0x033d8733) mul     a4, s11, s3
core   0: 3 0x80003734 (0x033d8733) x14 0x00000000
core   0: 0x80003738 (0x020685b3) mul     a1, a3, zero
core   0: 3 0x80003738 (0x020685b3) x11 0x00000000
core   0: 0x8000373c (0x02249e33) mulh    t3, s1, sp
core   0: 3 0x8000373c (0x02249e33) x28 0x00000000
core   0: 0x80003740 (0x81db8517) auipc   a0, 0x81db8
core   0: 3 0x80003740 (0x81db8517) x10 0x01dbb740
core   0: 0x80003744 (0x008319b3) sll     s3, t1, s0
core   0: 3 0x80003744 (0x008319b3) x19 0xaecf0000
core   0: 0x80003748 (0x51ff7417) auipc   s0, 0x51ff7
core   0: 3 0x80003748 (0x51ff7417) x 8 0xd1ffa748
core   0: 0x8000374c (0x0d1f3a37) lui     s4, 0xd1f3
core   0: 3 0x8000374c (0x0d1f3a37) x20 0x0d1f3000
core   0: 0x80003750 (0x00a31e13) slli    t3, t1, 10
core   0: 3 0x80003750 (0x00a31e13) x28 0x3c000000
core   0: 0x80003754 (0xbecec593) xori    a1, t4, -1044
core   0: 3 0x80003754 (0xbecec593) x11 0xfffffbed
core   0: 0x80003758 (0x90890093) addi    ra, s2, -1784
core   0: 3 0x80003758 (0x90890093) x 1 0xfffff908
core   0: 0x8000375c (0x02df8333) mul     t1, t6, a3
core   0: 3 0x8000375c (0x02df8333) x 6 0xed3cbe30
core   0: 0x80003760 (0x41996113) ori     sp, s2, 1049
core   0: 3 0x80003760 (0x41996113) x 2 0x00000419
core   0: 0x80003764 (0x39a0c213) xori    tp, ra, 922
core   0: 3 0x80003764 (0x39a0c213) x 4 0xfffffa92
core   0: 0x80003768 (0x029a4063) blt     s4, s1, pc + 32
core   0: 3 0x80003768 (0x029a4063)
core   0: 0x8000376c (0x40f45913) srai    s2, s0, 15
core   0: 3 0x8000376c (0x40f45913) x18 0xffffa3ff
core   0: 0x80003770 (0x010b6c63) bltu    s6, a6, pc + 24
core   0: 3 0x80003770 (0x010b6c63)
core   0: 0x80003774 (0x405686b3) sub     a3, a3, t0
core   0: 3 0x80003774 (0x405686b3) x13 0xcbdc9e08
core   0: 0x80003778 (0x410bd933) sra     s2, s7, a6
core   0: 3 0x80003778 (0x410bd933) x18 0xfffffeaf
core   0: 0x8000377c (0x01e53eb3) sltu    t4, a0, t5
core   0: 3 0x8000377c (0x01e53eb3) x29 0x00000000
core   0: 0x80003780 (0x00161813) slli    a6, a2, 1
core   0: 3 0x80003780 (0x00161813) x16 0xfffff042
core   0: 0x80003784 (0x021b9a33) mulh    s4, s7, ra
core   0: 3 0x80003784 (0x021b9a33) x20 0x00000000
core   0: 0x80003788 (0x00197db3) and     s11, s2, ra
core   0: 3 0x80003788 (0x00197db3) x27 0xfffff808
core   0: 0x8000378c (0x416f5b33) sra     s6, t5, s6
core   0: 3 0x8000378c (0x416f5b33) x22 0x00000000
core   0: 0x80003790 (0xa230d397) auipc   t2, 0xa230d
core   0: 3 0x80003790 (0xa230d397) x 7 0x22310790
core   0: 0x80003794 (0xddbff513) andi    a0, t6, -549
core   0: 3 0x80003794 (0xddbff513) x10 0x00000010
core   0: 0x80003798 (0x01226b33) or      s6, tp, s2
core   0: 3 0x80003798 (0x01226b33) x22 0xfffffebf
core   0: 0x8000379c (0x03a37fb3) remu    t6, t1, s10
core   0: 3 0x8000379c (0x03a37fb3) x31 0xed3cbe30
core   0: 0x800037a0 (0x04697663) bgeu    s2, t1, pc + 76
core   0: 3 0x800037a0 (0x04697663)
core   0: 0x800037ec (0x030af133) remu    sp, s5, a6
core   0: 3 0x800037ec (0x030af133) x 2 0x80029ce4
core   0: 0x800037f0 (0x95530393) addi    t2, t1, -1707
core   0: 3 0x800037f0 (0x95530393) x 7 0xed3cb785
core   0: 0x800037f4 (0x02f59833) mulh    a6, a1, a5
core   0: 3 0x800037f4 (0x02f59833) x16 0x00000209
core   0: 0x800037f8 (0x0390c133) div     sp, ra, s9
core   0: 3 0x800037f8 (0x0390c133) x 2 0x00000000
core   0: 0x800037fc (0x00ab7463) bgeu    s6, a0, pc + 8
core   0: 3 0x800037fc (0x00ab7463)
core   0: 0x80003804 (0x01fea633) slt     a2, t4, t6
core   0: 3 0x80003804 (0x01fea633) x12 0x00000000
core   0: 0x80003808 (0x0254c5b3) div     a1, s1, t0
core   0: 3 0x80003808 (0x0254c5b3) x11 0x00000000
core   0: 0x8000380c (0x0180b333) sltu    t1, ra, s8
core   0: 3 0x8000380c (0x0180b333) x 6 0x00000000
core   0: 0x80003810 (0x03c0d4b3) divu    s1, ra, t3
core   0: 3 0x80003810 (0x03c0d4b3) x 9 0x00000004
core   0: 0x80003814 (0x03dc6333) rem     t1, s8, t4
core   0: 3 0x80003814 (0x03dc6333) x 6 0x00000000
core   0: 0x80003818 (0x276df213) andi    tp, s11, 630
core   0: 3 0x80003818 (0x276df213) x 4 0x00000000
core   0: 0x8000381c (0x038caeb3) mulhsu  t4, s9, s8
core   0: 3 0x8000381c (0x038caeb3) x29 0x00000000
core   0: 0x80003820 (0x007ba6b3) slt     a3, s7, t2
core   0: 3 0x80003820 (0x007ba6b3) x13 0x00000000
core   0: 0x80003824 (0x017834b3) sltu    s1, a6, s7
core   0: 3 0x80003824 (0x017834b3) x 9 0x00000001
core   0: 0x80003828 (0x01d32933) slt     s2, t1, t4
core   0: 3 0x80003828 (0x01d32933) x18 0x00000000
core   0: 0x8000382c (0x4115d3b3) sra     t2, a1, a7
core   0: 3 0x8000382c (0x4115d3b3) x 7 0x00000000
core   0: 0x80003830 (0x03dd0533) mul     a0, s10, t4
core   0: 3 0x80003830 (0x03dd0533) x10 0x00000000
core   0: 0x80003834 (0x403b8d33) sub     s10, s7, gp
core   0: 3 0x80003834 (0x403b8d33) x26 0xfffffd53
core   0: 0x80003838 (0x00000013) nop
core   0: 3 0x80003838 (0x00000013)
core   0: 0x8000383c (0x013b5eb3) srl     t4, s6, s3
core   0: 3 0x8000383c (0x013b5eb3) x29 0xfffffebf
core   0: 0x80003840 (0x03c2c8b3) div     a7, t0, t3
core   0: 3 0x80003840 (0x03c2c8b3) x17 0x00000000
core   0: 0x80003844 (0x561d3b93) sltiu   s7, s10, 1377
core   0: 3 0x80003844 (0x561d3b93) x23 0x00000000
core   0: 0x80003848 (0x0228ce63) blt     a7, sp, pc + 60
core   0: 3 0x80003848 (0x0228ce63)
core   0: 0x8000384c (0xaf891517) auipc   a0, 0xaf891
core   0: 3 0x8000384c (0xaf891517) x10 0x2f89484c
core   0: 0x80003850 (0x0141b433) sltu    s0, gp, s4
core   0: 3 0x80003850 (0x0141b433) x 8 0x00000000
core   0: 0x80003854 (0x1e642193) slti    gp, s0, 486
core   0: 3 0x80003854 (0x1e642193) x 3 0x00000001
core   0: 0x80003858 (0x00f39313) slli    t1, t2, 15
core   0: 3 0x80003858 (0x00f39313) x 6 0x00000000
core   0: 0x8000385c (0x03168863) beq     a3, a7, pc + 48
core   0: 3 0x8000385c (0x03168863)
core   0: 0x8000388c (0x03450663) beq     a0, s4, pc + 44
core   0: 3 0x8000388c (0x03450663)
core   0: 0x80003890 (0x4059d933) sra     s2, s3, t0
core   0: 3 0x80003890 (0x4059d933) x18 0xfffffaec
core   0: 0x80003894 (0xa8ee7e13) andi    t3, t3, -1394
core   0: 3 0x80003894 (0xa8ee7e13) x28 0x3c000000
core   0: 0x80003898 (0x02d46fb3) rem     t6, s0, a3
core   0: 3 0x80003898 (0x02d46fb3) x31 0x00000000
core   0: 0x8000389c (0x01ef2713) slti    a4, t5, 30
core   0: 3 0x8000389c (0x01ef2713) x14 0x00000001
core   0: 0x800038a0 (0x02879bb3) mulh    s7, a5, s0
core   0: 3 0x800038a0 (0x02879bb3) x23 0x00000000
core   0: 0x800038a4 (0xd3e17213) andi    tp, sp, -706
core   0: 3 0x800038a4 (0xd3e17213) x 4 0x00000000
core   0: 0x800038a8 (0x40435a13) srai    s4, t1, 4
core   0: 3 0x800038a8 (0x40435a13) x20 0x00000000
core   0: 0x800038ac (0x03ca02b3) mul     t0, s4, t3
core   0: 3 0x800038ac (0x03ca02b3) x 5 0x00000000
core   0: 0x800038b0 (0x027ecbb3) div     s7, t4, t2
core   0: 3 0x800038b0 (0x027ecbb3) x23 0xffffffff
core   0: 0x800038b4 (0x02a25133) divu    sp, tp, a0
core   0: 3 0x800038b4 (0x02a25133) x 2 0x00000000
core   0: 0x800038b8 (0x01bedeb3) srl     t4, t4, s11
core   0: 3 0x800038b8 (0x01bedeb3) x29 0x00fffffe
core   0: 0x800038bc (0x00c65313) srli    t1, a2, 12
core   0: 3 0x800038bc (0x00c65313) x 6 0x00000000
core   0: 0x800038c0 (0x01f61c13) slli    s8, a2, 31
core   0: 3 0x800038c0 (0x01f61c13) x24 0x00000000
core   0: 0x800038c4 (0x040bf663) bgeu    s7, zero, pc + 76
core   0: 3 0x800038c4 (0x040bf663)
core   0: 0x80003910 (0x0041dc63) bge     gp, tp, pc + 24
core   0: 3 0x80003910 (0x0041dc63)
core   0: 0x80003928 (0x02ba1c63) bne     s4, a1, pc + 56
core   0: 3 0x80003928 (0x02ba1c63)
core   0: 0x8000392c (0x02e265b3) rem     a1, tp, a4
core   0: 3 0x8000392c (0x02e265b3) x11 0x00000000
core   0: 0x80003930 (0x04ea9063) bne     s5, a4, pc + 64
core   0: 3 0x80003930 (0x04ea9063)
core   0: 0x80003970 (0x05967463) bgeu    a2, s9, pc + 72
core   0: 3 0x80003970 (0x05967463)
core   0: 0x80003974 (0x00b9c863) blt     s3, a1, pc + 16
core   0: 3 0x80003974 (0x00b9c863)
core   0: 0x80003984 (0x0158f3b3) and     t2, a7, s5
core   0: 3 0x80003984 (0x0158f3b3) x 7 0x00000000
core   0: 0x80003988 (0x02f9f9b3) remu    s3, s3, a5
core   0: 3 0x80003988 (0x02f9f9b3) x19 0x2ecca19c
core   0: 0x8000398c (0x01ec7cb3) and     s9, s8, t5
core   0: 3 0x8000398c (0x01ec7cb3) x25 0x00000000
core   0: 0x80003990 (0xd742bb97) auipc   s7, 0xd742b
core   0: 3 0x80003990 (0xd742bb97) x23 0x5742e990
core   0: 0x80003994 (0x01d47db3) and     s11, s0, t4
core   0: 3 0x80003994 (0x01d47db3) x27 0x00000000
core   0: 0x80003998 (0x73c278b7) lui     a7, 0x73c27
core   0: 3 0x80003998 (0x73c278b7) x17 0x73c27000
core   0: 0x8000399c (0x3f21ce13) xori    t3, gp, 1010
core   0: 3 0x8000399c (0x3f21ce13) x28 0x000003f3
core   0: 0x800039a0 (0x0334ee63) bltu    s1, s3, pc + 60
core   0: 3 0x800039a0 (0x0334ee63)
core   0: 0x800039dc (0x00000013) nop
core   0: 3 0x800039dc (0x00000013)
core   0: 0x800039e0 (0x01806e33) or      t3, zero, s8
core   0: 3 0x800039e0 (0x01806e33) x28 0x00000000
core   0: 0x800039e4 (0x00bd4533) xor     a0, s10, a1
core   0: 3 0x800039e4 (0x00bd4533) x10 0xfffffd53
core   0: 0x800039e8 (0x02a6fbb3) remu    s7, a3, a0
core   0: 3 0x800039e8 (0x02a6fbb3) x23 0x00000000
core   0: 0x800039ec (0x02245cb3) divu    s9, s0, sp
core   0: 3 0x800039ec (0x02245cb3) x25 0xffffffff
core   0: 0x800039f0 (0x00fe28b3) slt     a7, t3, a5
core   0: 3 0x800039f0 (0x00fe28b3) x17 0x00000000
core   0: 0x800039f4 (0x03aa6533) rem     a0, s4, s10
core   0: 3 0x800039f4 (0x03aa6533) x10 0x00000000
core   0: 0x800039f8 (0x41b15633) sra     a2, sp, s11
core   0: 3 0x800039f8 (0x41b15633) x12 0x00000000
core   0: 0x800039fc (0x035c9d33) mulh    s10, s9, s5
core   0: 3 0x800039fc (0x035c9d33) x26 0x00000000
core   0: 0x80003a00 (0xb2a1eb93) ori     s7, gp, -1238
core   0: 3 0x80003a00 (0xb2a1eb93) x23 0xfffffb2b
core   0: 0x80003a04 (0x4129d693) srai    a3, s3, 18
core   0: 3 0x80003a04 (0x4129d693) x13 0x00000bb3
core   0: 0x80003a08 (0x00e980b3) add     ra, s3, a4
core   0: 3 0x80003a08 (0x00e980b3) x 1 0x2ecca19d
core   0: 0x80003a0c (0x032015b3) mulh    a1, zero, s2
core   0: 3 0x80003a0c (0x032015b3) x11 0x00000000
core   0: 0x80003a10 (0x009a9f93) slli    t6, s5, 9
core   0: 3 0x80003a10 (0x009a9f93) x31 0x0539c800
core   0: 0x80003a14 (0x0343fd33) remu    s10, t2, s4
core   0: 3 0x80003a14 (0x0343fd33) x26 0x00000000
core   0: 0x80003a18 (0x0034a633) slt     a2, s1, gp
core   0: 3 0x80003a18 (0x0034a633) x12 0x00000000
core   0: 0x80003a1c (0x03e1f633) remu    a2, gp, t5
core   0: 3 0x80003a1c (0x03e1f633) x12 0x00000001
core   0: 0x80003a20 (0x02d793b3) mulh    t2, a5, a3
core   0: 3 0x80003a20 (0x02d793b3) x 7 0xfffffa26
core   0: 0x80003a24 (0x00000013) nop
core   0: 3 0x80003a24 (0x00000013)
core   0: 0x80003a28 (0x02459e33) mulh    t3, a1, tp
core   0: 3 0x80003a28 (0x02459e33) x28 0x00000000
core   0: 0x80003a2c (0x73662c37) lui     s8, 0x73662
core   0: 3 0x80003a2c (0x73662c37) x24 0x73662000
core   0: 0x80003a30 (0x00321fb3) sll     t6, tp, gp
core   0: 3 0x80003a30 (0x00321fb3) x31 0x00000000
core   0: 0x80003a34 (0x01e71613) slli    a2, a4, 30
core   0: 3 0x80003a34 (0x01e71613) x12 0x40000000
core   0: 0x80003a38 (0x0246dd33) divu    s10, a3, tp
core   0: 3 0x80003a38 (0x0246dd33) x26 0xffffffff
core   0: 0x80003a3c (0x02290333) mul     t1, s2, sp
core   0: 3 0x80003a3c (0x02290333) x 6 0x00000000
core   0: 0x80003a40 (0x02926063) bltu    tp, s1, pc + 32
core   0: 3 0x80003a40 (0x02926063)
core   0: 0x80003a60 (0x027713b3) mulh    t2, a4, t2
core   0: 3 0x80003a60 (0x027713b3) x 7 0xffffffff
core   0: 0x80003a64 (0x03b28033) mul     zero, t0, s11
core   0: 3 0x80003a64 (0x03b28033)
core   0: 0x80003a68 (0x00000013) nop
core   0: 3 0x80003a68 (0x00000013)
core   0: 0x80003a6c (0x013a3db3) sltu    s11, s4, s3
core   0: 3 0x80003a6c (0x013a3db3) x27 0x00000001
core   0: 0x80003a70 (0x010d95b3) sll     a1, s11, a6
core   0: 3 0x80003a70 (0x010d95b3) x11 0x00000200
core   0: 0x80003a74 (0x01a89e13) slli    t3, a7, 26
core   0: 3 0x80003a74 (0x01a89e13) x28 0x00000000
core   0: 0x80003a78 (0x024d4eb3) div     t4, s10, tp
core   0: 3 0x80003a78 (0x024d4eb3) x29 0xffffffff
core   0: 0x80003a7c (0x00000013) nop
core   0: 3 0x80003a7c (0x00000013)
core   0: 0x80003a80 (0x02076d33) rem     s10, a4, zero
core   0: 3 0x80003a80 (0x02076d33) x26 0x00000001
core   0: 0x80003a84 (0x17c79017) auipc   zero, 0x17c79
core   0: 3 0x80003a84 (0x17c79017)
core   0: 0x80003a88 (0xc3409c37) lui     s8, 0xc3409
core   0: 3 0x80003a88 (0xc3409c37) x24 0xc3409000
core   0: 0x80003a8c (0x00e81b93) slli    s7, a6, 14
core   0: 3 0x80003a8c (0x00e81b93) x23 0x00824000
core   0: 0x80003a90 (0x40015c93) srai    s9, sp, 0
core   0: 3 0x80003a90 (0x40015c93) x25 0x00000000
core   0: 0x80003a94 (0x00368133) add     sp, a3, gp
core   0: 3 0x80003a94 (0x00368133) x 2 0x00000bb4
core   0: 0x80003a98 (0x005c9c93) slli    s9, s9, 5
core   0: 3 0x80003a98 (0x005c9c93) x25 0x00000000
core   0: 0x80003a9c (0x01624463) blt     tp, s6, pc + 8
core   0: 3 0x80003a9c (0x01624463)
core   0: 0x80003aa0 (0x40d080b3) sub     ra, ra, a3
core   0: 3 0x80003aa0 (0x40d080b3) x 1 0x2ecc95ea
core   0: 0x80003aa4 (0xda807e13) andi    t3, zero, -600
core   0: 3 0x80003aa4 (0xda807e13) x28 0x00000000
core   0: 0x80003aa8 (0x01249033) sll     zero, s1, s2
core   0: 3 0x80003aa8 (0x01249033)
core   0: 0x80003aac (0x0a46c713) xori    a4, a3, 164
core   0: 3 0x80003aac (0x0a46c713) x14 0x00000b17
core   0: 0x80003ab0 (0x00ede3b3) or      t2, s11, a4
core   0: 3 0x80003ab0 (0x00ede3b3) x 7 0x00000b17
core   0: 0x80003ab4 (0x029219b3) mulh    s3, tp, s1
core   0: 3 0x80003ab4 (0x029219b3) x19 0x00000000
core   0: 0x80003ab8 (0x006bcc63) blt     s7, t1, pc + 24
core   0: 3 0x80003ab8 (0x006bcc63)
core   0: 0x80003abc (0x0340d733) divu    a4, ra, s4
core   0: 3 0x80003abc (0x0340d733) x14 0xffffffff
core   0: 0x80003ac0 (0x018c8663) beq     s9, s8, pc + 12
core   0: 3 0x80003ac0 (0x018c8663)
core   0: 0x80003ac4 (0x02978663) beq     a5, s1, pc + 44
core   0: 3 0x80003ac4 (0x02978663)
core   0: 0x80003ac8 (0x01a7e733) or      a4, a5, s10
core   0: 3 0x80003ac8 (0x01a7e733) x14 0x80025e65
core   0: 0x80003acc (0x40eed833) sra     a6, t4, a4
core   0: 3 0x80003acc (0x40eed833) x16 0xffffffff
core   0: 0x80003ad0 (0x02e58193) addi    gp, a1, 46
core   0: 3 0x80003ad0 (0x02e58193) x 3 0x0000022e
core   0: 0x80003ad4 (0x721e4593) xori    a1, t3, 1825
core   0: 3 0x80003ad4 (0x721e4593) x11 0x00000721
core   0: 0x80003ad8 (0x001ba433) slt     s0, s7, ra
core   0: 3 0x80003ad8 (0x001ba433) x 8 0x00000001
core   0: 0x80003adc (0x0685e813) ori     a6, a1, 104
core   0: 3 0x80003adc (0x0685e813) x16 0x00000769
core   0: 0x80003ae0 (0x0538f263) bgeu    a7, s3, pc + 68
core   0: 3 0x80003ae0 (0x0538f263)
core   0: 0x80003b24 (0x007766b3) or      a3, a4, t2
core   0: 3 0x80003b24 (0x007766b3) x13 0x80025f77
core   0: 0x80003b28 (0x03a72733) mulhsu  a4, a4, s10
core   0: 3 0x80003b28 (0x03a72733) x14 0xffffffff
core   0: 0x80003b2c (0x714c2393) slti    t2, s8, 1812
core   0: 3 0x80003b2c (0x714c2393) x 7 0x00000001
core   0: 0x80003b30 (0x03e0f863) bgeu    ra, t5, pc + 48
core   0: 3 0x80003b30 (0x03e0f863)
core   0: 0x80003b60 (0x5cadd717) auipc   a4, 0x5cadd
core   0: 3 0x80003b60 (0x5cadd717) x14 0xdcae0b60
core   0: 0x80003b64 (0x03529cb3) mulh    s9, t0, s5
core   0: 3 0x80003b64 (0x03529cb3) x25 0x00000000
core   0: 0x80003b68 (0x02ccd333) divu    t1, s9, a2
core   0: 3 0x80003b68 (0x02ccd333) x 6 0x00000000
core   0: 0x80003b6c (0x01d78eb3) add     t4, a5, t4
core   0: 3 0x80003b6c (0x01d78eb3) x29 0x80025e63
core   0: 0x80003b70 (0x03c97b33) remu    s6, s2, t3
core   0: 3 0x80003b70 (0x03c97b33) x22 0xfffffaec
core   0: 0x80003b74 (0x40430333) sub     t1, t1, tp
core   0: 3 0x80003b74 (0x40430333) x 6 0x00000000
core   0: 0x80003b78 (0x00259713) slli    a4, a1, 2
core   0: 3 0x80003b78 (0x00259713) x14 0x00001c84
core   0: 0x80003b7c (0x035b9e33) mulh    t3, s7, s5
core   0: 3 0x80003b7c (0x035b9e33) x28 0xffbee154
core   0: 0x80003b80 (0x041bc063) blt     s7, ra, pc + 64
core   0: 3 0x80003b80 (0x041bc063)
core   0: 0x80003bc0 (0x00aa9c13) slli    s8, s5, 10
core   0: 3 0x80003bc0 (0x00aa9c13) x24 0x0a739000
core   0: 0x80003bc4 (0x5790e193) ori     gp, ra, 1401
core   0: 3 0x80003bc4 (0x5790e193) x 3 0x2ecc95fb
core   0: 0x80003bc8 (0x0225c063) blt     a1, sp, pc + 32
core   0: 3 0x80003bc8 (0x0225c063)
core   0: 0x80003be8 (0xd7216e37) lui     t3, 0xd7216
core   0: 3 0x80003be8 (0xd7216e37) x28 0xd7216000
core   0: 0x80003bec (0xd2b80593) addi    a1, a6, -725
core   0: 3 0x80003bec (0xd2b80593) x11 0x00000494
core   0: 0x80003bf0 (0x64e32e13) slti    t3, t1, 1614
core   0: 3 0x80003bf0 (0x64e32e13) x28 0x00000001
core   0: 0x80003bf4 (0x03a18333) mul     t1, gp, s10
core   0: 3 0x80003bf4 (0x03a18333) x 6 0x2ecc95fb
core   0: 0x80003bf8 (0x04445663) bge     s0, tp, pc + 76
core   0: 3 0x80003bf8 (0x04445663)
core   0: 0x80003c44 (0x40f65e33) sra     t3, a2, a5
core   0: 3 0x80003c44 (0x40f65e33) x28 0x04000000
core   0: 0x80003c48 (0x03d6e9b3) rem     s3, a3, t4
core   0: 3 0x80003c48 (0x03d6e9b3) x19 0x80025f77
core   0: 0x80003c4c (0x03ba3eb3) mulhu   t4, s4, s11
core   0: 3 0x80003c4c (0x03ba3eb3) x29 0x00000000
core   0: 0x80003c50 (0x030ca633) mulhsu  a2, s9, a6
core   0: 3 0x80003c50 (0x030ca633) x12 0x00000000
core   0: 0x80003c54 (0x00c5cd33) xor     s10, a1, a2
core   0: 3 0x80003c54 (0x00c5cd33) x26 0x00000494
core   0: 0x80003c58 (0x02695863) bge     s2, t1, pc + 48
core   0: 3 0x80003c58 (0x02695863)
core   0: 0x80003c5c (0x40ed8733) sub     a4, s11, a4
core   0: 3 0x80003c5c (0x40ed8733) x14 0xffffe37d
core   0: 0x80003c60 (0x05b9c263) blt     s3, s11, pc + 68
core   0: 3 0x80003c60 (0x05b9c263)
core   0: 0x80003ca4 (0x03fa9e63) bne     s5, t6, pc + 60
core   0: 3 0x80003ca4 (0x03fa9e63)
core   0: 0x80003ce0 (0x035e23b3) mulhsu  t2, t3, s5
core   0: 3 0x80003ce0 (0x035e23b3) x 7 0x02000a73
core   0: 0x80003ce4 (0x03183b33) mulhu   s6, a6, a7
core   0: 3 0x80003ce4 (0x03183b33) x22 0x00000000
core   0: 0x80003ce8 (0x039bf063) bgeu    s7, s9, pc + 32
core   0: 3 0x80003ce8 (0x039bf063)
core   0: 0x80003d08 (0x0159d213) srli    tp, s3, 21
core   0: 3 0x80003d08 (0x0159d213) x 4 0x00000400
core   0: 0x80003d0c (0x0313a433) mulhsu  s0, t2, a7
core   0: 3 0x80003d0c (0x0313a433) x 8 0x00000000
core   0: 0x80003d10 (0x03e95cb3) divu    s9, s2, t5
core   0: 3 0x80003d10 (0x03e95cb3) x25 0xffffffff
core   0: 0x80003d14 (0x4147db13) srai    s6, a5, 20
core   0: 3 0x80003d14 (0x4147db13) x22 0xfffff800
core   0: 0x80003d18 (0x2e1aa213) slti    tp, s5, 737
core   0: 3 0x80003d18 (0x2e1aa213) x 4 0x00000001
core   0: 0x80003d1c (0x024e59b3) divu    s3, t3, tp
core   0: 3 0x80003d1c (0x024e59b3) x19 0x04000000
core   0: 0x80003d20 (0x001d3b33) sltu    s6, s10, ra
core   0: 3 0x80003d20 (0x001d3b33) x22 0x00000001
core   0: 0x80003d24 (0x012501b3) add     gp, a0, s2
core   0: 3 0x80003d24 (0x012501b3) x 3 0xfffffaec
core   0: 0x80003d28 (0x00000013) nop
core   0: 3 0x80003d28 (0x00000013)
core   0: 0x80003d2c (0x725f6693) ori     a3, t5, 1829
core   0: 3 0x80003d2c (0x725f6693) x13 0x00000725
core   0: 0x80003d30 (0x72c2a0b7) lui     ra, 0x72c2a
core   0: 3 0x80003d30 (0x72c2a0b7) x 1 0x72c2a000
core   0: 0x80003d34 (0x03b88c63) beq     a7, s11, pc + 56
core   0: 3 0x80003d34 (0x03b88c63)
core   0: 0x80003d38 (0xb6ee9617) auipc   a2, 0xb6ee9
core   0: 3 0x80003d38 (0xb6ee9617) x12 0x36eecd38
core   0: 0x80003d3c (0x032cd463) bge     s9, s2, pc + 40
core   0: 3 0x80003d3c (0x032cd463)
core   0: 0x80003d64 (0x046d7663) bgeu    s10, t1, pc + 76
core   0: 3 0x80003d64 (0x046d7663)
core   0: 0x80003d68 (0x017040b3) xor     ra, zero, s7
core   0: 3 0x80003d68 (0x017040b3) x 1 0x00824000
core   0: 0x80003d6c (0x01ee9513) slli    a0, t4, 30
core   0: 3 0x80003d6c (0x01ee9513) x10 0x00000000
core   0: 0x80003d70 (0x02cef3b3) remu    t2, t4, a2
core   0: 3 0x80003d70 (0x02cef3b3) x 7 0x00000000
core   0: 0x80003d74 (0x01e735b3) sltu    a1, a4, t5
core   0: 3 0x80003d74 (0x01e735b3) x11 0x00000000
core   0: 0x80003d78 (0x40cf5b93) srai    s7, t5, 12
core   0: 3 0x80003d78 (0x40cf5b93) x23 0x00000000
core   0: 0x80003d7c (0x03dafe33) remu    t3, s5, t4
core   0: 3 0x80003d7c (0x03dafe33) x28 0x80029ce4
core   0: 0x80003d80 (0x00000013) nop
core   0: 3 0x80003d80 (0x00000013)
core   0: 0x80003d84 (0x11cbd717) auipc   a4, 0x11cbd
core   0: 3 0x80003d84 (0x11cbd717) x14 0x91cc0d84
core   0: 0x80003d88 (0x00605fb3) srl     t6, zero, t1
core   0: 3 0x80003d88 (0x00605fb3) x31 0x00000000
core   0: 0x80003d8c (0x0183dcb3) srl     s9, t2, s8
core   0: 3 0x80003d8c (0x0183dcb3) x25 0x00000000
core   0: 0x80003d90 (0x02900863) beq     zero, s1, pc + 48
core   0: 3 0x80003d90 (0x02900863)
core   0: 0x80003d94 (0x05e70663) beq     a4, t5, pc + 76
core   0: 3 0x80003d94 (0x05e70663)
core   0: 0x80003d98 (0xb7abfe37) lui     t3, 0xb7abf
core   0: 3 0x80003d98 (0xb7abfe37) x28 0xb7abf000
core   0: 0x80003d9c (0xc9d6e713) ori     a4, a3, -867
core   0: 3 0x80003d9c (0xc9d6e713) x14 0xffffffbd
core   0: 0x80003da0 (0x00ef9913) slli    s2, t6, 14
core   0: 3 0x80003da0 (0x00ef9913) x18 0x00000000
core   0: 0x80003da4 (0x03489a33) mulh    s4, a7, s4
core   0: 3 0x80003da4 (0x03489a33) x20 0x00000000
core   0: 0x80003da8 (0x13072297) auipc   t0, 0x13072
core   0: 3 0x80003da8 (0x13072297) x 5 0x93075da8
core   0: 0x80003dac (0x010873b3) and     t2, a6, a6
core   0: 3 0x80003dac (0x010873b3) x 7 0x00000769
core   0: 0x80003db0 (0x00919333) sll     t1, gp, s1
core   0: 3 0x80003db0 (0x00919333) x 6 0xfffff5d8
core   0: 0x80003db4 (0x012402b3) add     t0, s0, s2
core   0: 3 0x80003db4 (0x012402b3) x 5 0x00000000
core   0: 0x80003db8 (0x03ff1533) mulh    a0, t5, t6
core   0: 3 0x80003db8 (0x03ff1533) x10 0x00000000
core   0: 0x80003dbc (0xcf210713) addi    a4, sp, -782
core   0: 3 0x80003dbc (0xcf210713) x14 0x000008a6
core   0: 0x80003dc0 (0x88d9f513) andi    a0, s3, -1907
core   0: 3 0x80003dc0 (0x88d9f513) x10 0x04000000
core   0: 0x80003dc4 (0x0398d063) bge     a7, s9, pc + 32
core   0: 3 0x80003dc4 (0x0398d063)
core   0: 0x80003de4 (0x751dbd13) sltiu   s10, s11, 1873
core   0: 3 0x80003de4 (0x751dbd13) x26 0x00000001
core   0: 0x80003de8 (0x01d82a33) slt     s4, a6, t4
core   0: 3 0x80003de8 (0x01d82a33) x20 0x00000000
core   0: 0x80003dec (0x00fbe863) bltu    s7, a5, pc + 16
core   0: 3 0x80003dec (0x00fbe863)
core   0: 0x80003dfc (0x03bb7663) bgeu    s6, s11, pc + 44
core   0: 3 0x80003dfc (0x03bb7663)
core   0: 0x80003e28 (0x0a844e17) auipc   t3, 0xa844
core   0: 3 0x80003e28 (0x0a844e17) x28 0x8a847e28
core   0: 0x80003e2c (0x00e9b133) sltu    sp, s3, a4
core   0: 3 0x80003e2c (0x00e9b133) x 2 0x00000000
core   0: 0x80003e30 (0x00251a33) sll     s4, a0, sp
core   0: 3 0x80003e30 (0x00251a33) x20 0x04000000
core   0: 0x80003e34 (0x035a39b3) mulhu   s3, s4, s5
core   0: 3 0x80003e34 (0x035a39b3) x19 0x02000a73
core   0: 0x80003e38 (0xe7e50f93) addi    t6, a0, -386
core   0: 3 0x80003e38 (0xe7e50f93) x31 0x03fffe7e
core   0: 0x80003e3c (0x02be20b3) mulhsu  ra, t3, a1
core   0: 3 0x80003e3c (0x02be20b3) x 1 0x00000000
core   0: 0x80003e40 (0x00c2a033) slt     zero, t0, a2
core   0: 3 0x80003e40 (0x00c2a033)
core   0: 0x80003e44 (0xe7daef93) ori     t6, s5, -387
core   0: 3 0x80003e44 (0xe7daef93) x31 0xfffffefd
core   0: 0x80003e48 (0x7cfa4f93) xori    t6, s4, 1999
core   0: 3 0x80003e48 (0x7cfa4f93) x31 0x040007cf
core   0: 0x80003e4c (0x01280433) add     s0, a6, s2
core   0: 3 0x80003e4c (0x01280433) x 8 0x00000769
core   0: 0x80003e50 (0x03104063) blt     zero, a7, pc + 32
core   0: 3 0x80003e50 (0x03104063)
core   0: 0x80003e54 (0x01b88b33) add     s6, a7, s11
core   0: 3 0x80003e54 (0x01b88b33) x22 0x00000001
core   0: 0x80003e58 (0x01c14463) blt     sp, t3, pc + 8
core   0: 3 0x80003e58 (0x01c14463)
core   0: 0x80003e5c (0x03f048b3) div     a7, zero, t6
core   0: 3 0x80003e5c (0x03f048b3) x17 0x00000000
core   0: 0x80003e60 (0x03875663) bge     a4, s8, pc + 44
core   0: 3 0x80003e60 (0x03875663)
core   0: 0x80003e64 (0x5c860013) addi    zero, a2, 1480
core   0: 3 0x80003e64 (0x5c860013)
core   0: 0x80003e68 (0x00829693) slli    a3, t0, 8
core   0: 3 0x80003e68 (0x00829693) x13 0x00000000
core   0: 0x80003e6c (0x00a41633) sll     a2, s0, a0
core   0: 3 0x80003e6c (0x00a41633) x12 0x00000769
core   0: 0x80003e70 (0x00ed1cb3) sll     s9, s10, a4
core   0: 3 0x80003e70 (0x00ed1cb3) x25 0x00000040
core   0: 0x80003e74 (0x01e843b3) xor     t2, a6, t5
core   0: 3 0x80003e74 (0x01e843b3) x 7 0x00000769
core   0: 0x80003e78 (0x00000013) nop
core   0: 3 0x80003e78 (0x00000013)
core   0: 0x80003e7c (0xe19b7d13) andi    s10, s6, -487
core   0: 3 0x80003e7c (0xe19b7d13) x26 0x00000001
core   0: 0x80003e80 (0x02a45463) bge     s0, a0, pc + 40
core   0: 3 0x80003e80 (0x02a45463)
core   0: 0x80003e84 (0x5ee38513) addi    a0, t2, 1518
core   0: 3 0x80003e84 (0x5ee38513) x10 0x00000d57
core   0: 0x80003e88 (0x0151b433) sltu    s0, gp, s5
core   0: 3 0x80003e88 (0x0151b433) x 8 0x00000000
core   0: 0x80003e8c (0x02c87c33) remu    s8, a6, a2
core   0: 3 0x80003e8c (0x02c87c33) x24 0x00000000
core   0: 0x80003e90 (0x01a6da13) srli    s4, a3, 26
core   0: 3 0x80003e90 (0x01a6da13) x20 0x00000000
core   0: 0x80003e94 (0x016d5733) srl     a4, s10, s6
core   0: 3 0x80003e94 (0x016d5733) x14 0x00000000
core   0: 0x80003e98 (0x01b39a13) slli    s4, t2, 27
core   0: 3 0x80003e98 (0x01b39a13) x20 0x48000000
core   0: 0x80003e9c (0x03bc95b3) mulh    a1, s9, s11
core   0: 3 0x80003e9c (0x03bc95b3) x11 0x00000000
core   0: 0x80003ea0 (0x034e8d33) mul     s10, t4, s4
core   0: 3 0x80003ea0 (0x034e8d33) x26 0x00000000
core   0: 0x80003ea4 (0x03251fb3) mulh    t6, a0, s2
core   0: 3 0x80003ea4 (0x03251fb3) x31 0x00000000
core   0: 0x80003ea8 (0x0bb65c63) bge     a2, s11, pc + 184
core   0: 3 0x80003ea8 (0x0bb65c63)
core   0: 0x80003f60 (0x02e5e733) rem     a4, a1, a4
core   0: 3 0x80003f60 (0x02e5e733) x14 0x00000000
core   0: 0x80003f64 (0x00391f93) slli    t6, s2, 3
core   0: 3 0x80003f64 (0x00391f93) x31 0x00000000
core   0: 0x80003f68 (0x0130ec63) bltu    ra, s3, pc + 24
core   0: 3 0x80003f68 (0x0130ec63)
core   0: 0x80003f80 (0x00d04333) xor     t1, zero, a3
core   0: 3 0x80003f80 (0x00d04333) x 6 0x00000000
core   0: 0x80003f84 (0x00667133) and     sp, a2, t1
core   0: 3 0x80003f84 (0x00667133) x 2 0x00000000
core   0: 0x80003f88 (0x861fa013) slti    zero, t6, -1951
core   0: 3 0x80003f88 (0x861fa013)
core   0: 0x80003f8c (0x002b6e33) or      t3, s6, sp
core   0: 3 0x80003f8c (0x002b6e33) x28 0x00000001
core   0: 0x80003f90 (0x65f61d17) auipc   s10, 0x65f61
core   0: 3 0x80003f90 (0x65f61d17) x26 0xe5f64f90
core   0: 0x80003f94 (0xb0514db7) lui     s11, 0xb0514
core   0: 3 0x80003f94 (0xb0514db7) x27 0xb0514000
core   0: 0x80003f98 (0x41c38333) sub     t1, t2, t3
core   0: 3 0x80003f98 (0x41c38333) x 6 0x00000768
core   0: 0x80003f9c (0x02f35b33) divu    s6, t1, a5
core   0: 3 0x80003f9c (0x02f35b33) x22 0x00000000
core   0: 0x80003fa0 (0xe055fc13) andi    s8, a1, -507
core   0: 3 0x80003fa0 (0xe055fc13) x24 0x00000000
core   0: 0x80003fa4 (0x036ab613) sltiu   a2, s5, 54
core   0: 3 0x80003fa4 (0x036ab613) x12 0x00000000
core   0: 0x80003fa8 (0x010f9463) bne     t6, a6, pc + 8
core   0: 3 0x80003fa8 (0x010f9463)
core   0: 0x80003fb0 (0x419fd5b3) sra     a1, t6, s9
core   0: 3 0x80003fb0 (0x419fd5b3) x11 0x00000000
core   0: 0x80003fb4 (0x037f2bb3) mulhsu  s7, t5, s7
core   0: 3 0x80003fb4 (0x037f2bb3) x23 0x00000000
core   0: 0x80003fb8 (0x00a46663) bltu    s0, a0, pc + 12
core   0: 3 0x80003fb8 (0x00a46663)
core   0: 0x80003fc4 (0x00f001b3) add     gp, zero, a5
core   0: 3 0x80003fc4 (0x00f001b3) x 3 0x80025e64
core   0: 0x80003fc8 (0x024a9663) bne     s5, tp, pc + 44
core   0: 3 0x80003fc8 (0x024a9663)
core   0: 0x80003ff4 (0x02446c63) bltu    s0, tp, pc + 56
core   0: 3 0x80003ff4 (0x02446c63)
core   0: 0x8000402c (0x013d5d93) srli    s11, s10, 19
core   0: 3 0x8000402c (0x013d5d93) x27 0x00001cbe
core   0: 0x80004030 (0x03a9a233) mulhsu  tp, s3, s10
core   0: 3 0x80004030 (0x03a9a233) x 4 0x01cbf602
core   0: 0x80004034 (0xf726cc13) xori    s8, a3, -142
core   0: 3 0x80004034 (0xf726cc13) x24 0xffffff72
core   0: 0x80004038 (0x01f17233) and     tp, sp, t6
core   0: 3 0x80004038 (0x01f17233) x 4 0x00000000
core   0: 0x8000403c (0x039f4133) div     sp, t5, s9
core   0: 3 0x8000403c (0x039f4133) x 2 0x00000000
core   0: 0x80004040 (0x3ff36893) ori     a7, t1, 1023
core   0: 3 0x80004040 (0x3ff36893) x17 0x000007ff
core   0: 0x80004044 (0x03976e63) bltu    a4, s9, pc + 60
core   0: 3 0x80004044 (0x03976e63)
core   0: 0x80004080 (0xea4eb293) sltiu   t0, t4, -348
core   0: 3 0x80004080 (0xea4eb293) x 5 0x00000001
core   0: 0x80004084 (0x018516b3) sll     a3, a0, s8
core   0: 3 0x80004084 (0x018516b3) x13 0x355c0000
core   0: 0x80004088 (0x02426b33) rem     s6, tp, tp
core   0: 3 0x80004088 (0x02426b33) x22 0x00000000
core   0: 0x8000408c (0x0096d393) srli    t2, a3, 9
core   0: 3 0x8000408c (0x0096d393) x 7 0x001aae00
core   0: 0x80004090 (0x00000013) nop
core   0: 3 0x80004090 (0x00000013)
core   0: 0x80004094 (0x024e8333) mul     t1, t4, tp
core   0: 3 0x80004094 (0x024e8333) x 6 0x00000000
core   0: 0x80004098 (0x008088b3) add     a7, ra, s0
core   0: 3 0x80004098 (0x008088b3) x17 0x00000000
core   0: 0x8000409c (0x0148e433) or      s0, a7, s4
core   0: 3 0x8000409c (0x0148e433) x 8 0x48000000
core   0: 0x800040a0 (0x02ac58b3) divu    a7, s8, a0
core   0: 3 0x800040a0 (0x02ac58b3) x17 0x001330cd
core   0: 0x800040a4 (0x7206b593) sltiu   a1, a3, 1824
core   0: 3 0x800040a4 (0x7206b593) x11 0x00000000
core   0: 0x800040a8 (0x67945497) auipc   s1, 0x67945
core   0: 3 0x800040a8 (0x67945497) x 9 0xe79490a8
core   0: 0x800040ac (0x03128063) beq     t0, a7, pc + 32
core   0: 3 0x800040ac (0x03128063)
core   0: 0x800040b0 (0xf0e44893) xori    a7, s0, -242
core   0: 3 0x800040b0 (0xf0e44893) x17 0xb7ffff0e
core   0: 0x800040b4 (0x00000013) nop
core   0: 3 0x800040b4 (0x00000013)
core   0: 0x800040b8 (0xb210ac13) slti    s8, ra, -1247
core   0: 3 0x800040b8 (0xb210ac13) x24 0x00000000
core   0: 0x800040bc (0x0202ea33) rem     s4, t0, zero
core   0: 3 0x800040bc (0x0202ea33) x20 0x00000001
core   0: 0x800040c0 (0x00c4beb3) sltu    t4, s1, a2
core   0: 3 0x800040c0 (0x00c4beb3) x29 0x00000000
core   0: 0x800040c4 (0x034dbeb3) mulhu   t4, s11, s4
core   0: 3 0x800040c4 (0x034dbeb3) x29 0x00000000
core   0: 0x800040c8 (0x00b790b3) sll     ra, a5, a1
core   0: 3 0x800040c8 (0x00b790b3) x 1 0x80025e64
core   0: 0x800040cc (0x0293b933) mulhu   s2, t2, s1
core   0: 3 0x800040cc (0x0293b933) x18 0x0018227d
core   0: 0x800040d0 (0x000e5093) srli    ra, t3, 0
core   0: 3 0x800040d0 (0x000e5093) x 1 0x00000001
core   0: 0x800040d4 (0x400901b3) sub     gp, s2, zero
core   0: 3 0x800040d4 (0x400901b3) x 3 0x0018227d
core   0: 0x800040d8 (0x00211f93) slli    t6, sp, 2
core   0: 3 0x800040d8 (0x00211f93) x31 0x00000000
core   0: 0x800040dc (0x4b592293) slti    t0, s2, 1205
core   0: 3 0x800040dc (0x4b592293) x 5 0x00000000
core   0: 0x800040e0 (0x00760c63) beq     a2, t2, pc + 24
core   0: 3 0x800040e0 (0x00760c63)
core   0: 0x800040e4 (0x55978c93) addi    s9, a5, 1369
core   0: 3 0x800040e4 (0x55978c93) x25 0x800263bd
core   0: 0x800040e8 (0x03cab033) mulhu   zero, s5, t3
core   0: 3 0x800040e8 (0x03cab033)
core   0: 0x800040ec (0x02c662b3) rem     t0, a2, a2
core   0: 3 0x800040ec (0x02c662b3) x 5 0x00000000
core   0: 0x800040f0 (0x00bed6b3) srl     a3, t4, a1
core   0: 3 0x800040f0 (0x00bed6b3) x13 0x00000000
core   0: 0x800040f4 (0x05a26063) bltu    tp, s10, pc + 64
core   0: 3 0x800040f4 (0x05a26063)
core   0: 0x80004134 (0x1d44bb37) lui     s6, 0x1d44b
core   0: 3 0x80004134 (0x1d44bb37) x22 0x1d44b000
core   0: 0x80004138 (0x00f41c93) slli    s9, s0, 15
core   0: 3 0x80004138 (0x00f41c93) x25 0x00000000
core   0: 0x8000413c (0x00257833) and     a6, a0, sp
core   0: 3 0x8000413c (0x00257833) x16 0x00000000
core   0: 0x80004140 (0x02728c33) mul     s8, t0, t2
core   0: 3 0x80004140 (0x02728c33) x24 0x00000000
core   0: 0x80004144 (0x01b19333) sll     t1, gp, s11
core   0: 3 0x80004144 (0x01b19333) x 6 0x40000000
core   0: 0x80004148 (0x05a98263) beq     s3, s10, pc + 68
core   0: 3 0x80004148 (0x05a98263)
core   0: 0x8000414c (0x0180d213) srli    tp, ra, 24
core   0: 3 0x8000414c (0x0180d213) x 4 0x00000000
core   0: 0x80004150 (0x00d64eb3) xor     t4, a2, a3
core   0: 3 0x80004150 (0x00d64eb3) x29 0x00000000
core   0: 0x80004154 (0x0bcc6713) ori     a4, s8, 188
core   0: 3 0x80004154 (0x0bcc6713) x14 0x000000bc
core   0: 0x80004158 (0x40dc5713) srai    a4, s8, 13
core   0: 3 0x80004158 (0x40dc5713) x14 0x00000000
core   0: 0x8000415c (0x01d0adb3) slt     s11, ra, t4
core   0: 3 0x8000415c (0x01d0adb3) x27 0x00000000
core   0: 0x80004160 (0x00000013) nop
core   0: 3 0x80004160 (0x00000013)
core   0: 0x80004164 (0x032cea33) rem     s4, s9, s2
core   0: 3 0x80004164 (0x032cea33) x20 0x00000000
core   0: 0x80004168 (0x0249c133) div     sp, s3, tp
core   0: 3 0x80004168 (0x0249c133) x 2 0xffffffff
core   0: 0x8000416c (0x41fc8933) sub     s2, s9, t6
core   0: 3 0x8000416c (0x41fc8933) x18 0x00000000
core   0: 0x80004170 (0x041ff063) bgeu    t6, ra, pc + 64
core   0: 3 0x80004170 (0x041ff063)
core   0: 0x80004174 (0x00824eb3) xor     t4, tp, s0
core   0: 3 0x80004174 (0x00824eb3) x29 0x48000000
core   0: 0x80004178 (0x02269c63) bne     a3, sp, pc + 56
core   0: 3 0x80004178 (0x02269c63)
core   0: 0x800041b0 (0x5fc0b413) sltiu   s0, ra, 1532
core   0: 3 0x800041b0 (0x5fc0b413) x 8 0x00000001
core   0: 0x800041b4 (0x0308a0b3) mulhsu  ra, a7, a6
core   0: 3 0x800041b4 (0x0308a0b3) x 1 0x00000000
core   0: 0x800041b8 (0x04379663) bne     a5, gp, pc + 76
core   0: 3 0x800041b8 (0x04379663)
core   0: 0x80004204 (0x6d3f2e13) slti    t3, t5, 1747
core   0: 3 0x80004204 (0x6d3f2e13) x28 0x00000001
core   0: 0x80004208 (0x023dd663) bge     s11, gp, pc + 44
core   0: 3 0x80004208 (0x023dd663)
core   0: 0x8000420c (0xbdfb8117) auipc   sp, 0xbdfb8
core   0: 3 0x8000420c (0xbdfb8117) x 2 0x3dfbc20c
core   0: 0x80004210 (0x4023d413) srai    s0, t2, 2
core   0: 3 0x80004210 (0x4023d413) x 8 0x0006ab80
core   0: 0x80004214 (0x642baf93) slti    t6, s7, 1602
core   0: 3 0x80004214 (0x642baf93) x31 0x00000001
core   0: 0x80004218 (0x40958b33) sub     s6, a1, s1
core   0: 3 0x80004218 (0x40958b33) x22 0x186b6f58
core   0: 0x8000421c (0x00093233) sltu    tp, s2, zero
core   0: 3 0x8000421c (0x00093233) x 4 0x00000000
core   0: 0x80004220 (0x7b8b6a37) lui     s4, 0x7b8b6
core   0: 3 0x80004220 (0x7b8b6a37) x20 0x7b8b6000
core   0: 0x80004224 (0x037bc463) blt     s7, s7, pc + 40
core   0: 3 0x80004224 (0x037bc463)
core   0: 0x80004228 (0x00969993) slli    s3, a3, 9
core   0: 3 0x80004228 (0x00969993) x19 0x00000000
core   0: 0x8000422c (0x03a3cc63) blt     t2, s10, pc + 56
core   0: 3 0x8000422c (0x03a3cc63)
core   0: 0x80004230 (0x41060a33) sub     s4, a2, a6
core   0: 3 0x80004230 (0x41060a33) x20 0x00000000
core   0: 0x80004234 (0x01c96e63) bltu    s2, t3, pc + 28
core   0: 3 0x80004234 (0x01c96e63)
core   0: 0x80004250 (0x01b43db3) sltu    s11, s0, s11
core   0: 3 0x80004250 (0x01b43db3) x27 0x00000000
core   0: 0x80004254 (0x413fd4b3) sra     s1, t6, s3
core   0: 3 0x80004254 (0x413fd4b3) x 9 0x00000001
core   0: 0x80004258 (0x0ac73493) sltiu   s1, a4, 172
core   0: 3 0x80004258 (0x0ac73493) x 9 0x00000001
core   0: 0x8000425c (0x00e469b3) or      s3, s0, a4
core   0: 3 0x8000425c (0x00e469b3) x19 0x0006ab80
core   0: 0x80004260 (0x00429593) slli    a1, t0, 4
core   0: 3 0x80004260 (0x00429593) x11 0x00000000
core   0: 0x80004264 (0x045a7663) bgeu    s4, t0, pc + 76
core   0: 3 0x80004264 (0x045a7663)
core   0: 0x800042b0 (0x07f0b513) sltiu   a0, ra, 127
core   0: 3 0x800042b0 (0x07f0b513) x10 0x00000001
core   0: 0x800042b4 (0xbfc54213) xori    tp, a0, -1028
core   0: 3 0x800042b4 (0xbfc54213) x 4 0xfffffbfd
core   0: 0x800042b8 (0x00a73433) sltu    s0, a4, a0
core   0: 3 0x800042b8 (0x00a73433) x 8 0x00000001
core   0: 0x800042bc (0x42ecf893) andi    a7, s9, 1070
core   0: 3 0x800042bc (0x42ecf893) x17 0x00000000
core   0: 0x800042c0 (0x04467463) bgeu    a2, tp, pc + 72
core   0: 3 0x800042c0 (0x04467463)
core   0: 0x800042c4 (0x03a798b3) mulh    a7, a5, s10
core   0: 3 0x800042c4 (0x03a798b3) x17 0x0d049a8a
core   0: 0x800042c8 (0x7ddb9397) auipc   t2, 0x7ddb9
core   0: 3 0x800042c8 (0x7ddb9397) x 7 0xfddbd2c8
core   0: 0x800042cc (0x01f3a2b3) slt     t0, t2, t6
core   0: 3 0x800042cc (0x01f3a2b3) x 5 0x00000001
core   0: 0x800042d0 (0x0205ebb3) rem     s7, a1, zero
core   0: 3 0x800042d0 (0x0205ebb3) x23 0x00000000
core   0: 0x800042d4 (0x019b91b3) sll     gp, s7, s9
core   0: 3 0x800042d4 (0x019b91b3) x 3 0x00000000
core   0: 0x800042d8 (0x0174f633) and     a2, s1, s7
core   0: 3 0x800042d8 (0x0174f633) x12 0x00000000
core   0: 0x800042dc (0x03be9063) bne     t4, s11, pc + 32
core   0: 3 0x800042dc (0x03be9063)
core   0: 0x800042fc (0x022e8533) mul     a0, t4, sp
core   0: 3 0x800042fc (0x022e8533) x10 0x60000000
core   0: 0x80004300 (0x0052d863) bge     t0, t0, pc + 16
core   0: 3 0x80004300 (0x0052d863)
core   0: 0x80004310 (0x8ce04437) lui     s0, 0x8ce04
core   0: 3 0x80004310 (0x8ce04437) x 8 0x8ce04000
core   0: 0x80004314 (0x03c87cb3) remu    s9, a6, t3
core   0: 3 0x80004314 (0x03c87cb3) x25 0x00000000
core   0: 0x80004318 (0x53c0b713) sltiu   a4, ra, 1340
core   0: 3 0x80004318 (0x53c0b713) x14 0x00000001
core   0: 0x8000431c (0x00815013) srli    zero, sp, 8
core   0: 3 0x8000431c (0x00815013)
core   0: 0x80004320 (0x02cf5e63) bge     t5, a2, pc + 60
core   0: 3 0x80004320 (0x02cf5e63)
core   0: 0x8000435c (0x02e7c633) div     a2, a5, a4
core   0: 3 0x8000435c (0x02e7c633) x12 0x80025e64
core   0: 0x80004360 (0x015acc63) blt     s5, s5, pc + 24
core   0: 3 0x80004360 (0x015acc63)
core   0: 0x80004364 (0x01374c63) blt     a4, s3, pc + 24
core   0: 3 0x80004364 (0x01374c63)
core   0: 0x8000437c (0x027f8663) beq     t6, t2, pc + 44
core   0: 3 0x8000437c (0x027f8663)
core   0: 0x80004380 (0x01f75e13) srli    t3, a4, 31
core   0: 3 0x80004380 (0x01f75e13) x28 0x00000000
core   0: 0x80004384 (0x0135be33) sltu    t3, a1, s3
core   0: 3 0x80004384 (0x0135be33) x28 0x00000001
core   0: 0x80004388 (0x66a42393) slti    t2, s0, 1642
core   0: 3 0x80004388 (0x66a42393) x 7 0x00000001
core   0: 0x8000438c (0x016b22b3) slt     t0, s6, s6
core   0: 3 0x8000438c (0x016b22b3) x 5 0x00000000
core   0: 0x80004390 (0x85ae3993) sltiu   s3, t3, -1958
core   0: 3 0x80004390 (0x85ae3993) x19 0x00000001
core   0: 0x80004394 (0x02b74663) blt     a4, a1, pc + 44
core   0: 3 0x80004394 (0x02b74663)
core   0: 0x80004398 (0x008db133) sltu    sp, s11, s0
core   0: 3 0x80004398 (0x008db133) x 2 0x00000001
core   0: 0x8000439c (0x017de633) or      a2, s11, s7
core   0: 3 0x8000439c (0x017de633) x12 0x00000000
core   0: 0x800043a0 (0x0339f033) remu    zero, s3, s3
core   0: 3 0x800043a0 (0x0339f033)
core   0: 0x800043a4 (0x70887213) andi    tp, a6, 1800
core   0: 3 0x800043a4 (0x70887213) x 4 0x00000000
core   0: 0x800043a8 (0x5a4e4d93) xori    s11, t3, 1444
core   0: 3 0x800043a8 (0x5a4e4d93) x27 0x000005a5
core   0: 0x800043ac (0xe37bb193) sltiu   gp, s7, -457
core   0: 3 0x800043ac (0xe37bb193) x 3 0x00000001
core   0: 0x800043b0 (0x02109b33) mulh    s6, ra, ra
core   0: 3 0x800043b0 (0x02109b33) x22 0x00000000
core   0: 0x800043b4 (0x02c6e433) rem     s0, a3, a2
core   0: 3 0x800043b4 (0x02c6e433) x 8 0x00000000
core   0: 0x800043b8 (0x003aa3b3) slt     t2, s5, gp
core   0: 3 0x800043b8 (0x003aa3b3) x 7 0x00000001
core   0: 0x800043bc (0x182c7c13) andi    s8, s8, 386
core   0: 3 0x800043bc (0x182c7c13) x24 0x00000000
core   0: 0x800043c0 (0x0060fa33) and     s4, ra, t1
core   0: 3 0x800043c0 (0x0060fa33) x20 0x00000000
core   0: 0x800043c4 (0x03885333) divu    t1, a6, s8
core   0: 3 0x800043c4 (0x03885333) x 6 0xffffffff
core   0: 0x800043c8 (0x045a9663) bne     s5, t0, pc + 76
core   0: 3 0x800043c8 (0x045a9663)
core   0: 0x80004414 (0x9a190393) addi    t2, s2, -1631
core   0: 3 0x80004414 (0x9a190393) x 7 0xfffff9a1
core   0: 0x80004418 (0x00000013) nop
core   0: 3 0x80004418 (0x00000013)
core   0: 0x8000441c (0xbd8def93) ori     t6, s11, -1064
core   0: 3 0x8000441c (0xbd8def93) x31 0xfffffffd
core   0: 0x80004420 (0xac646393) ori     t2, s0, -1338
core   0: 3 0x80004420 (0xac646393) x 7 0xfffffac6
core   0: 0x80004424 (0x03c4ffb3) remu    t6, s1, t3
core   0: 3 0x80004424 (0x03c4ffb3) x31 0x00000000
core   0: 0x80004428 (0x41015213) srai    tp, sp, 16
core   0: 3 0x80004428 (0x41015213) x 4 0x00000000
core   0: 0x8000442c (0x63ae2893) slti    a7, t3, 1594
core   0: 3 0x8000442c (0x63ae2893) x17 0x00000001
core   0: 0x80004430 (0x0269a0b3) mulhsu  ra, s3, t1
core   0: 3 0x80004430 (0x0269a0b3) x 1 0x00000000
core   0: 0x80004434 (0x013aec63) bltu    s5, s3, pc + 24
core   0: 3 0x80004434 (0x013aec63)
core   0: 0x80004438 (0x02edfeb3) remu    t4, s11, a4
core   0: 3 0x80004438 (0x02edfeb3) x29 0x00000000
core   0: 0x8000443c (0x04bd8463) beq     s11, a1, pc + 72
core   0: 3 0x8000443c (0x04bd8463)
core   0: 0x80004440 (0x0113a733) slt     a4, t2, a7
core   0: 3 0x80004440 (0x0113a733) x14 0x00000001
core   0: 0x80004444 (0xc6266213) ori     tp, a2, -926
core   0: 3 0x80004444 (0xc6266213) x 4 0xfffffc62
core   0: 0x80004448 (0x031e85b3) mul     a1, t4, a7
core   0: 3 0x80004448 (0x031e85b3) x11 0x00000000
core   0: 0x8000444c (0x31923693) sltiu   a3, tp, 793
core   0: 3 0x8000444c (0x31923693) x13 0x00000000
core   0: 0x80004450 (0x403fde13) srai    t3, t6, 3
core   0: 3 0x80004450 (0x403fde13) x28 0x00000000
core   0: 0x80004454 (0x54f7b993) sltiu   s3, a5, 1359
core   0: 3 0x80004454 (0x54f7b993) x19 0x00000000
core   0: 0x80004458 (0x40ee5193) srai    gp, t3, 14
core   0: 3 0x80004458 (0x40ee5193) x 3 0x00000000
core   0: 0x8000445c (0x03b9d3b3) divu    t2, s3, s11
core   0: 3 0x8000445c (0x03b9d3b3) x 7 0x00000000
core   0: 0x80004460 (0x00c3c0b3) xor     ra, t2, a2
core   0: 3 0x80004460 (0x00c3c0b3) x 1 0x00000000
core   0: 0x80004464 (0x67ffff93) andi    t6, t6, 1663
core   0: 3 0x80004464 (0x67ffff93) x31 0x00000000
core   0: 0x80004468 (0x417c55b3) sra     a1, s8, s7
core   0: 3 0x80004468 (0x417c55b3) x11 0x00000000
core   0: 0x8000446c (0x00ba0b33) add     s6, s4, a1
core   0: 3 0x8000446c (0x00ba0b33) x22 0x00000000
core   0: 0x80004470 (0x5760b493) sltiu   s1, ra, 1398
core   0: 3 0x80004470 (0x5760b493) x 9 0x00000001
core   0: 0x80004474 (0x40ba5b13) srai    s6, s4, 11
core   0: 3 0x80004474 (0x40ba5b13) x22 0x00000000
core   0: 0x80004478 (0x11418a13) addi    s4, gp, 276
core   0: 3 0x80004478 (0x11418a13) x20 0x00000114
core   0: 0x8000447c (0x5ad9c893) xori    a7, s3, 1453
core   0: 3 0x8000447c (0x5ad9c893) x17 0x000005ad
core   0: 0x80004480 (0x0279f633) remu    a2, s3, t2
core   0: 3 0x80004480 (0x0279f633) x12 0x00000000
core   0: 0x80004484 (0x03eae863) bltu    s5, t5, pc + 48
core   0: 3 0x80004484 (0x03eae863)
core   0: 0x80004488 (0x035cad33) mulhsu  s10, s9, s5
core   0: 3 0x80004488 (0x035cad33) x26 0x00000000
core   0: 0x8000448c (0x00fead33) slt     s10, t4, a5
core   0: 3 0x8000448c (0x00fead33) x26 0x00000000
core   0: 0x80004490 (0x03437a63) bgeu    t1, s4, pc + 52
core   0: 3 0x80004490 (0x03437a63)
core   0: 0x800044c4 (0x030a6233) rem     tp, s4, a6
core   0: 3 0x800044c4 (0x030a6233) x 4 0x00000114
core   0: 0x800044c8 (0x03dabb33) mulhu   s6, s5, t4
core   0: 3 0x800044c8 (0x03dabb33) x22 0x00000000
core   0: 0x800044cc (0x05a3c463) blt     t2, s10, pc + 72
core   0: 3 0x800044cc (0x05a3c463)
core   0: 0x800044d0 (0x023736b3) mulhu   a3, a4, gp
core   0: 3 0x800044d0 (0x023736b3) x13 0x00000000
core   0: 0x800044d4 (0x401cd8b3) sra     a7, s9, ra
core   0: 3 0x800044d4 (0x401cd8b3) x17 0x00000000
core   0: 0x800044d8 (0xe4cd6e93) ori     t4, s10, -436
core   0: 3 0x800044d8 (0xe4cd6e93) x29 0xfffffe4c
core   0: 0x800044dc (0x8673e5b7) lui     a1, 0x8673e
core   0: 3 0x800044dc (0x8673e5b7) x11 0x8673e000
core   0: 0x800044e0 (0x00fb95b3) sll     a1, s7, a5
core   0: 3 0x800044e0 (0x00fb95b3) x11 0x00000000
core   0: 0x800044e4 (0x03089fb3) mulh    t6, a7, a6
core   0: 3 0x800044e4 (0x03089fb3) x31 0x00000000
core   0: 0x800044e8 (0x0353e8b3) rem     a7, t2, s5
core   0: 3 0x800044e8 (0x0353e8b3) x17 0x00000000
core   0: 0x800044ec (0x40915533) sra     a0, sp, s1
core   0: 3 0x800044ec (0x40915533) x10 0x00000000
core   0: 0x800044f0 (0x03cf4063) blt     t5, t3, pc + 32
core   0: 3 0x800044f0 (0x03cf4063)
core   0: 0x800044f4 (0x53108c93) addi    s9, ra, 1329
core   0: 3 0x800044f4 (0x53108c93) x25 0x00000531
core   0: 0x800044f8 (0x03dd2db3) mulhsu  s11, s10, t4
core   0: 3 0x800044f8 (0x03dd2db3) x27 0x00000000
core   0: 0x800044fc (0x01741863) bne     s0, s7, pc + 16
core   0: 3 0x800044fc (0x01741863)
core   0: 0x80004500 (0x73eb0137) lui     sp, 0x73eb0
core   0: 3 0x80004500 (0x73eb0137) x 2 0x73eb0000
core   0: 0x80004504 (0x0233db33) divu    s6, t2, gp
core   0: 3 0x80004504 (0x0233db33) x22 0xffffffff
core   0: 0x80004508 (0x00433db3) sltu    s11, t1, tp
core   0: 3 0x80004508 (0x00433db3) x27 0x00000000
core   0: 0x8000450c (0x03f61e63) bne     a2, t6, pc + 60
core   0: 3 0x8000450c (0x03f61e63)
core   0: 0x80004510 (0x05ccc663) blt     s9, t3, pc + 76
core   0: 3 0x80004510 (0x05ccc663)
core   0: 0x80004514 (0x00bf5233) srl     tp, t5, a1
core   0: 3 0x80004514 (0x00bf5233) x 4 0x00000000
core   0: 0x80004518 (0x0072d463) bge     t0, t2, pc + 8
core   0: 3 0x80004518 (0x0072d463)
core   0: 0x80004520 (0x032294b3) mulh    s1, t0, s2
core   0: 3 0x80004520 (0x032294b3) x 9 0x00000000
core   0: 0x80004524 (0x0386b933) mulhu   s2, a3, s8
core   0: 3 0x80004524 (0x0386b933) x18 0x00000000
core   0: 0x80004528 (0x023e68b3) rem     a7, t3, gp
core   0: 3 0x80004528 (0x023e68b3) x17 0x00000000
core   0: 0x8000452c (0x02739cb3) mulh    s9, t2, t2
core   0: 3 0x8000452c (0x02739cb3) x25 0x00000000
core   0: 0x80004530 (0x5a8c4b93) xori    s7, s8, 1448
core   0: 3 0x80004530 (0x5a8c4b93) x23 0x000005a8
core   0: 0x80004534 (0x41525813) srai    a6, tp, 21
core   0: 3 0x80004534 (0x41525813) x16 0x00000000
core   0: 0x80004538 (0x00f04c63) blt     zero, a5, pc + 24
core   0: 3 0x80004538 (0x00f04c63)
core   0: 0x8000453c (0x010deeb3) or      t4, s11, a6
core   0: 3 0x8000453c (0x010deeb3) x29 0x00000000
core   0: 0x80004540 (0x03c40233) mul     tp, s0, t3
core   0: 3 0x80004540 (0x03c40233) x 4 0x00000000
core   0: 0x80004544 (0x038f7833) remu    a6, t5, s8
core   0: 3 0x80004544 (0x038f7833) x16 0x00000000
core   0: 0x80004548 (0x01501c63) bne     zero, s5, pc + 24
core   0: 3 0x80004548 (0x01501c63)
core   0: 0x80004560 (0x61362e13) slti    t3, a2, 1555
core   0: 3 0x80004560 (0x61362e13) x28 0x00000001
core   0: 0x80004564 (0x02938733) mul     a4, t2, s1
core   0: 3 0x80004564 (0x02938733) x14 0x00000000
core   0: 0x80004568 (0x03bcf063) bgeu    s9, s11, pc + 32
core   0: 3 0x80004568 (0x03bcf063)
core   0: 0x80004588 (0x022d1a63) bne     s10, sp, pc + 52
core   0: 3 0x80004588 (0x022d1a63)
core   0: 0x800045bc (0x02cda933) mulhsu  s2, s11, a2
core   0: 3 0x800045bc (0x02cda933) x18 0x00000000
core   0: 0x800045c0 (0xd2f02393) slti    t2, zero, -721
core   0: 3 0x800045c0 (0xd2f02393) x 7 0x00000000
core   0: 0x800045c4 (0x02b4fc63) bgeu    s1, a1, pc + 56
core   0: 3 0x800045c4 (0x02b4fc63)
core   0: 0x800045fc (0x014c5e13) srli    t3, s8, 20
core   0: 3 0x800045fc (0x014c5e13) x28 0x00000000
core   0: 0x80004600 (0x01c808b3) add     a7, a6, t3
core   0: 3 0x80004600 (0x01c808b3) x17 0x00000000
core   0: 0x80004604 (0x006c2db3) slt     s11, s8, t1
core   0: 3 0x80004604 (0x006c2db3) x27 0x00000000
core   0: 0x80004608 (0x01219393) slli    t2, gp, 18
core   0: 3 0x80004608 (0x01219393) x 7 0x00000000
core   0: 0x8000460c (0x8b687593) andi    a1, a6, -1866
core   0: 3 0x8000460c (0x8b687593) x11 0x00000000
core   0: 0x80004610 (0x05fdd063) bge     s11, t6, pc + 64
core   0: 3 0x80004610 (0x05fdd063)
core   0: 0x80004650 (0x996fa993) slti    s3, t6, -1642
core   0: 3 0x80004650 (0x996fa993) x19 0x00000000
core   0: 0x80004654 (0x623eb293) sltiu   t0, t4, 1571
core   0: 3 0x80004654 (0x623eb293) x 5 0x00000001
core   0: 0x80004658 (0x09836e13) ori     t3, t1, 152
core   0: 3 0x80004658 (0x09836e13) x28 0xffffffff
core   0: 0x8000465c (0x04dcca37) lui     s4, 0x4dcc
core   0: 3 0x8000465c (0x04dcca37) x20 0x04dcc000
core   0: 0x80004660 (0x00000013) nop
core   0: 3 0x80004660 (0x00000013)
core   0: 0x80004664 (0x00a35663) bge     t1, a0, pc + 12
core   0: 3 0x80004664 (0x00a35663)
core   0: 0x80004668 (0x4067da33) sra     s4, a5, t1
core   0: 3 0x80004668 (0x4067da33) x20 0xffffffff
core   0: 0x8000466c (0x006214b3) sll     s1, tp, t1
core   0: 3 0x8000466c (0x006214b3) x 9 0x00000000
core   0: 0x80004670 (0x41df0933) sub     s2, t5, t4
core   0: 3 0x80004670 (0x41df0933) x18 0x00000000
core   0: 0x80004674 (0x01c6f293) andi    t0, a3, 28
core   0: 3 0x80004674 (0x01c6f293) x 5 0x00000000
core   0: 0x80004678 (0x408a54b3) sra     s1, s4, s0
core   0: 3 0x80004678 (0x408a54b3) x 9 0xffffffff
core   0: 0x8000467c (0x013b9833) sll     a6, s7, s3
core   0: 3 0x8000467c (0x013b9833) x16 0x000005a8
core   0: 0x80004680 (0x16478693) addi    a3, a5, 356
core   0: 3 0x80004680 (0x16478693) x13 0x80025fc8
core   0: 0x80004684 (0x120b7613) andi    a2, s6, 288
core   0: 3 0x80004684 (0x120b7613) x12 0x00000120
core   0: 0x80004688 (0x03cc5733) divu    a4, s8, t3
core   0: 3 0x80004688 (0x03cc5733) x14 0x00000000
core   0: 0x8000468c (0x03d91bb3) mulh    s7, s2, t4
core   0: 3 0x8000468c (0x03d91bb3) x23 0x00000000
core   0: 0x80004690 (0x00fc9a33) sll     s4, s9, a5
core   0: 3 0x80004690 (0x00fc9a33) x20 0x00000000
core   0: 0x80004694 (0x7394a493) slti    s1, s1, 1849
core   0: 3 0x80004694 (0x7394a493) x 9 0x00000001
core   0: 0x80004698 (0x021890b3) mulh    ra, a7, ra
core   0: 3 0x80004698 (0x021890b3) x 1 0x00000000
core   0: 0x8000469c (0xe8578817) auipc   a6, 0xe8578
core   0: 3 0x8000469c (0xe8578817) x16 0x6857c69c
core   0: 0x800046a0 (0x02268463) beq     a3, sp, pc + 40
core   0: 3 0x800046a0 (0x02268463)
core   0: 0x800046a4 (0x00a5fc63) bgeu    a1, a0, pc + 24
core   0: 3 0x800046a4 (0x00a5fc63)
core   0: 0x800046bc (0x00000013) nop
core   0: 3 0x800046bc (0x00000013)
core   0: 0x800046c0 (0x0b067f97) auipc   t6, 0xb067
core   0: 3 0x800046c0 (0x0b067f97) x31 0x8b06b6c0
core   0: 0x800046c4 (0xb9018493) addi    s1, gp, -1136
core   0: 3 0x800046c4 (0xb9018493) x 9 0xfffffb90
core   0: 0x800046c8 (0x0378ec63) bltu    a7, s7, pc + 56
core   0: 3 0x800046c8 (0x0378ec63)
core   0: 0x800046cc (0x039e9d33) mulh    s10, t4, s9
core   0: 3 0x800046cc (0x039e9d33) x26 0x00000000
core   0: 0x800046d0 (0x02864463) blt     a2, s0, pc + 40
core   0: 3 0x800046d0 (0x02864463)
core   0: 0x800046d4 (0x49e73493) sltiu   s1, a4, 1182
core   0: 3 0x800046d4 (0x49e73493) x 9 0x00000001
core   0: 0x800046d8 (0x00ce8433) add     s0, t4, a2
core   0: 3 0x800046d8 (0x00ce8433) x 8 0x00000120
core   0: 0x800046dc (0x00edd633) srl     a2, s11, a4
core   0: 3 0x800046dc (0x00edd633) x12 0x00000000
core   0: 0x800046e0 (0x024c65b3) rem     a1, s8, tp
core   0: 3 0x800046e0 (0x024c65b3) x11 0x00000000
core   0: 0x800046e4 (0x00d9ea33) or      s4, s3, a3
core   0: 3 0x800046e4 (0x00d9ea33) x20 0x80025fc8
core   0: 0x800046e8 (0x41215133) sra     sp, sp, s2
core   0: 3 0x800046e8 (0x41215133) x 2 0x73eb0000
core   0: 0x800046ec (0xb28d7993) andi    s3, s10, -1240
core   0: 3 0x800046ec (0xb28d7993) x19 0x00000000
core   0: 0x800046f0 (0x00bdc133) xor     sp, s11, a1
core   0: 3 0x800046f0 (0x00bdc133) x 2 0x00000000
core   0: 0x800046f4 (0x008889b3) add     s3, a7, s0
core   0: 3 0x800046f4 (0x008889b3) x19 0x00000120
core   0: 0x800046f8 (0xf578ae37) lui     t3, 0xf578a
core   0: 3 0x800046f8 (0xf578ae37) x28 0xf578a000
core   0: 0x800046fc (0x02cf1233) mulh    tp, t5, a2
core   0: 3 0x800046fc (0x02cf1233) x 4 0x00000000
core   0: 0x80004700 (0xc0f5ed13) ori     s10, a1, -1009
core   0: 3 0x80004700 (0xc0f5ed13) x26 0xfffffc0f
core   0: 0x80004704 (0x03674063) blt     a4, s6, pc + 32
core   0: 3 0x80004704 (0x03674063)
core   0: 0x80004708 (0x403eda13) srai    s4, t4, 3
core   0: 3 0x80004708 (0x403eda13) x20 0x00000000
core   0: 0x8000470c (0x02f9f663) bgeu    s3, a5, pc + 44
core   0: 3 0x8000470c (0x02f9f663)
core   0: 0x80004710 (0x66dc4f93) xori    t6, s8, 1645
core   0: 3 0x80004710 (0x66dc4f93) x31 0x0000066d
core   0: 0x80004714 (0x60243d13) sltiu   s10, s0, 1538
core   0: 3 0x80004714 (0x60243d13) x26 0x00000001
core   0: 0x80004718 (0x40405133) sra     sp, zero, tp
core   0: 3 0x80004718 (0x40405133) x 2 0x00000000
core   0: 0x8000471c (0x03ee1733) mulh    a4, t3, t5
core   0: 3 0x8000471c (0x03ee1733) x14 0x00000000
core   0: 0x80004720 (0x417ed533) sra     a0, t4, s7
core   0: 3 0x80004720 (0x417ed533) x10 0x00000000
core   0: 0x80004724 (0xdde09597) auipc   a1, 0xdde09
core   0: 3 0x80004724 (0xdde09597) x11 0x5de0d724
core   0: 0x80004728 (0x02308333) mul     t1, ra, gp
core   0: 3 0x80004728 (0x02308333) x 6 0x00000000
core   0: 0x8000472c (0x03bc8663) beq     s9, s11, pc + 44
core   0: 3 0x8000472c (0x03bc8663)
core   0: 0x80004758 (0x875ed1b7) lui     gp, 0x875ed
core   0: 3 0x80004758 (0x875ed1b7) x 3 0x875ed000
core   0: 0x8000475c (0x0df60013) addi    zero, a2, 223
core   0: 3 0x8000475c (0x0df60013)
core   0: 0x80004760 (0x03ce8b33) mul     s6, t4, t3
core   0: 3 0x80004760 (0x03ce8b33) x22 0x00000000
core   0: 0x80004764 (0x01349413) slli    s0, s1, 19
core   0: 3 0x80004764 (0x01349413) x 8 0x00080000
core   0: 0x80004768 (0x001ace63) blt     s5, ra, pc + 28
core   0: 3 0x80004768 (0x001ace63)
core   0: 0x80004784 (0x0122c733) xor     a4, t0, s2
core   0: 3 0x80004784 (0x0122c733) x14 0x00000000
core   0: 0x80004788 (0x00000013) nop
core   0: 3 0x80004788 (0x00000013)
core   0: 0x8000478c (0x6fb02993) slti    s3, zero, 1787
core   0: 3 0x8000478c (0x6fb02993) x19 0x00000001
core   0: 0x80004790 (0x01764133) xor     sp, a2, s7
core   0: 3 0x80004790 (0x01764133) x 2 0x00000000
core   0: 0x80004794 (0x0136ec63) bltu    a3, s3, pc + 24
core   0: 3 0x80004794 (0x0136ec63)
core   0: 0x80004798 (0x05ab1063) bne     s6, s10, pc + 64
core   0: 3 0x80004798 (0x05ab1063)
core   0: 0x800047d8 (0x414d5c33) sra     s8, s10, s4
core   0: 3 0x800047d8 (0x414d5c33) x24 0x00000001
core   0: 0x800047dc (0x0386dbb3) divu    s7, a3, s8
core   0: 3 0x800047dc (0x0386dbb3) x23 0x80025fc8
core   0: 0x800047e0 (0x03740733) mul     a4, s0, s7
core   0: 3 0x800047e0 (0x03740733) x14 0xfe400000
core   0: 0x800047e4 (0x016869b3) or      s3, a6, s6
core   0: 3 0x800047e4 (0x016869b3) x19 0x6857c69c
core   0: 0x800047e8 (0x023a5fb3) divu    t6, s4, gp
core   0: 3 0x800047e8 (0x023a5fb3) x31 0x00000000
core   0: 0x800047ec (0x00df7a33) and     s4, t5, a3
core   0: 3 0x800047ec (0x00df7a33) x20 0x00000000
core   0: 0x800047f0 (0x4048de33) sra     t3, a7, tp
core   0: 3 0x800047f0 (0x4048de33) x28 0x00000000
core   0: 0x800047f4 (0x0296b5b3) mulhu   a1, a3, s1
core   0: 3 0x800047f4 (0x0296b5b3) x11 0x00000000
core   0: 0x800047f8 (0x0031f863) bgeu    gp, gp, pc + 16
core   0: 3 0x800047f8 (0x0031f863)
core   0: 0x80004808 (0x02ac3833) mulhu   a6, s8, a0
core   0: 3 0x80004808 (0x02ac3833) x16 0x00000000
core   0: 0x8000480c (0x01841533) sll     a0, s0, s8
core   0: 3 0x8000480c (0x01841533) x10 0x00100000
core   0: 0x80004810 (0x03fdde63) bge     s11, t6, pc + 60
core   0: 3 0x80004810 (0x03fdde63)
core   0: 0x8000484c (0x00e466b3) or      a3, s0, a4
core   0: 3 0x8000484c (0x00e466b3) x13 0xfe480000
core   0: 0x80004850 (0x055af663) bgeu    s5, s5, pc + 76
core   0: 3 0x80004850 (0x055af663)
core   0: 0x8000489c (0xf8b73293) sltiu   t0, a4, -117
core   0: 3 0x8000489c (0xf8b73293) x 5 0x00000001
core   0: 0x800048a0 (0x04430063) beq     t1, tp, pc + 64
core   0: 3 0x800048a0 (0x04430063)
core   0: 0x800048e0 (0x03c245b3) div     a1, tp, t3
core   0: 3 0x800048e0 (0x03c245b3) x11 0xffffffff
core   0: 0x800048e4 (0x007d7cb3) and     s9, s10, t2
core   0: 3 0x800048e4 (0x007d7cb3) x25 0x00000000
core   0: 0x800048e8 (0x03da3c33) mulhu   s8, s4, t4
core   0: 3 0x800048e8 (0x03da3c33) x24 0x00000000
core   0: 0x800048ec (0x00f3c1b3) xor     gp, t2, a5
core   0: 3 0x800048ec (0x00f3c1b3) x 3 0x80025e64
core   0: 0x800048f0 (0x4046d6b3) sra     a3, a3, tp
core   0: 3 0x800048f0 (0x4046d6b3) x13 0xfe480000
core   0: 0x800048f4 (0x00ef0933) add     s2, t5, a4
core   0: 3 0x800048f4 (0x00ef0933) x18 0xfe400000
core   0: 0x800048f8 (0x00031613) slli    a2, t1, 0
core   0: 3 0x800048f8 (0x00031613) x12 0x00000000
core   0: 0x800048fc (0x417f5a13) srai    s4, t5, 23
core   0: 3 0x800048fc (0x417f5a13) x20 0x00000000
core   0: 0x80004900 (0x0379a0b3) mulhsu  ra, s3, s7
core   0: 3 0x80004900 (0x0379a0b3) x 1 0x342cdb07
core   0: 0x80004904 (0x96a98513) addi    a0, s3, -1686
core   0: 3 0x80004904 (0x96a98513) x10 0x6857c006
core   0: 0x80004908 (0x00000013) nop
core   0: 3 0x80004908 (0x00000013)
core   0: 0x8000490c (0x05c10463) beq     sp, t3, pc + 72
core   0: 3 0x8000490c (0x05c10463)
core   0: 0x80004954 (0x00a2f933) and     s2, t0, a0
core   0: 3 0x80004954 (0x00a2f933) x18 0x00000000
core   0: 0x80004958 (0x00cb69b3) or      s3, s6, a2
core   0: 3 0x80004958 (0x00cb69b3) x19 0x00000000
core   0: 0x8000495c (0x014102b3) add     t0, sp, s4
core   0: 3 0x8000495c (0x014102b3) x 5 0x00000000
core   0: 0x80004960 (0x018b0e33) add     t3, s6, s8
core   0: 3 0x80004960 (0x018b0e33) x28 0x00000000
core   0: 0x80004964 (0x012c5593) srli    a1, s8, 18
core   0: 3 0x80004964 (0x012c5593) x11 0x00000000
core   0: 0x80004968 (0x002432b3) sltu    t0, s0, sp
core   0: 3 0x80004968 (0x002432b3) x 5 0x00000000
core   0: 0x8000496c (0x013e5113) srli    sp, t3, 19
core   0: 3 0x8000496c (0x013e5113) x 2 0x00000000
core   0: 0x80004970 (0x03850a63) beq     a0, s8, pc + 52
core   0: 3 0x80004970 (0x03850a63)
core   0: 0x80004974 (0x02436a33) rem     s4, t1, tp
core   0: 3 0x80004974 (0x02436a33) x20 0x00000000
core   0: 0x80004978 (0x0163c863) blt     t2, s6, pc + 16
core   0: 3 0x80004978 (0x0163c863)
core   0: 0x8000497c (0x4c7bbcb7) lui     s9, 0x4c7bb
core   0: 3 0x8000497c (0x4c7bbcb7) x25 0x4c7bb000
core   0: 0x80004980 (0x02a1ceb3) div     t4, gp, a0
core   0: 3 0x80004980 (0x02a1ceb3) x29 0xffffffff
core   0: 0x80004984 (0x028609b3) mul     s3, a2, s0
core   0: 3 0x80004984 (0x028609b3) x19 0x00000000
core   0: 0x80004988 (0x04718463) beq     gp, t2, pc + 72
core   0: 3 0x80004988 (0x04718463)
core   0: 0x8000498c (0x01e6c733) xor     a4, a3, t5
core   0: 3 0x8000498c (0x01e6c733) x14 0xfe480000
core   0: 0x80004990 (0x015713b3) sll     t2, a4, s5
core   0: 3 0x80004990 (0x015713b3) x 7 0xe4800000
core   0: 0x80004994 (0x416dd513) srai    a0, s11, 22
core   0: 3 0x80004994 (0x416dd513) x10 0x00000000
core   0: 0x80004998 (0x022ee433) rem     s0, t4, sp
core   0: 3 0x80004998 (0x022ee433) x 8 0xffffffff
core   0: 0x8000499c (0x03d36863) bltu    t1, t4, pc + 48
core   0: 3 0x8000499c (0x03d36863)
core   0: 0x800049cc (0x415c8233) sub     tp, s9, s5
core   0: 3 0x800049cc (0x415c8233) x 4 0xcc79131c
core   0: 0x800049d0 (0x00d05393) srli    t2, zero, 13
core   0: 3 0x800049d0 (0x00d05393) x 7 0x00000000
core   0: 0x800049d4 (0x007253b3) srl     t2, tp, t2
core   0: 3 0x800049d4 (0x007253b3) x 7 0xcc79131c
core   0: 0x800049d8 (0x0119e2b3) or      t0, s3, a7
core   0: 3 0x800049d8 (0x0119e2b3) x 5 0x00000000
core   0: 0x800049dc (0x05ea7063) bgeu    s4, t5, pc + 64
core   0: 3 0x800049dc (0x05ea7063)
core   0: 0x80004a1c (0x18e3b413) sltiu   s0, t2, 398
core   0: 3 0x80004a1c (0x18e3b413) x 8 0x00000000
core   0: 0x80004a20 (0x007a78b3) and     a7, s4, t2
core   0: 3 0x80004a20 (0x007a78b3) x17 0x00000000
core   0: 0x80004a24 (0x73f96713) ori     a4, s2, 1855
core   0: 3 0x80004a24 (0x73f96713) x14 0x0000073f
core   0: 0x80004a28 (0x039cea63) bltu    s9, s9, pc + 52
core   0: 3 0x80004a28 (0x039cea63)
core   0: 0x80004a2c (0x03f93d33) mulhu   s10, s2, t6
core   0: 3 0x80004a2c (0x03f93d33) x26 0x00000000
core   0: 0x80004a30 (0x00b4dc13) srli    s8, s1, 11
core   0: 3 0x80004a30 (0x00b4dc13) x24 0x00000000
core   0: 0x80004a34 (0x04931663) bne     t1, s1, pc + 76
core   0: 3 0x80004a34 (0x04931663)
core   0: 0x80004a80 (0x03eae133) rem     sp, s5, t5
core   0: 3 0x80004a80 (0x03eae133) x 2 0x80029ce4
core   0: 0x80004a84 (0x00dad193) srli    gp, s5, 13
core   0: 3 0x80004a84 (0x00dad193) x 3 0x00040014
core   0: 0x80004a88 (0x02c0bfb3) mulhu   t6, ra, a2
core   0: 3 0x80004a88 (0x02c0bfb3) x31 0x00000000
core   0: 0x80004a8c (0x0340e0b3) rem     ra, ra, s4
core   0: 3 0x80004a8c (0x0340e0b3) x 1 0x342cdb07
core   0: 0x80004a90 (0x013a9bb3) sll     s7, s5, s3
core   0: 3 0x80004a90 (0x013a9bb3) x23 0x80029ce4
core   0: 0x80004a94 (0x40af5933) sra     s2, t5, a0
core   0: 3 0x80004a94 (0x40af5933) x18 0x00000000
core   0: 0x80004a98 (0x40a15533) sra     a0, sp, a0
core   0: 3 0x80004a98 (0x40a15533) x10 0x80029ce4
core   0: 0x80004a9c (0x0033b633) sltu    a2, t2, gp
core   0: 3 0x80004a9c (0x0033b633) x12 0x00000000
core   0: 0x80004aa0 (0x002d2533) slt     a0, s10, sp
core   0: 3 0x80004aa0 (0x002d2533) x10 0x00000000
core   0: 0x80004aa4 (0x40b4d033) sra     zero, s1, a1
core   0: 3 0x80004aa4 (0x40b4d033)
core   0: 0x80004aa8 (0x00d12633) slt     a2, sp, a3
core   0: 3 0x80004aa8 (0x00d12633) x12 0x00000001
core   0: 0x80004aac (0x0585e463) bltu    a1, s8, pc + 72
core   0: 3 0x80004aac (0x0585e463)
core   0: 0x80004ab0 (0x02a5c333) div     t1, a1, a0
core   0: 3 0x80004ab0 (0x02a5c333) x 6 0xffffffff
core   0: 0x80004ab4 (0x0267d933) divu    s2, a5, t1
core   0: 3 0x80004ab4 (0x0267d933) x18 0x00000000
core   0: 0x80004ab8 (0x5a7eea13) ori     s4, t4, 1447
core   0: 3 0x80004ab8 (0x5a7eea13) x20 0xffffffff
core   0: 0x80004abc (0x02d07533) remu    a0, zero, a3
core   0: 3 0x80004abc (0x02d07533) x10 0x00000000
core   0: 0x80004ac0 (0x41298233) sub     tp, s3, s2
core   0: 3 0x80004ac0 (0x41298233) x 4 0x00000000
core   0: 0x80004ac4 (0x01b39bb3) sll     s7, t2, s11
core   0: 3 0x80004ac4 (0x01b39bb3) x23 0xcc79131c
core   0: 0x80004ac8 (0x01a965b3) or      a1, s2, s10
core   0: 3 0x80004ac8 (0x01a965b3) x11 0x00000000
core   0: 0x80004acc (0x038a9863) bne     s5, s8, pc + 48
core   0: 3 0x80004acc (0x038a9863)
core   0: 0x80004afc (0x5487d8b7) lui     a7, 0x5487d
core   0: 3 0x80004afc (0x5487d8b7) x17 0x5487d000
core   0: 0x80004b00 (0x03c31063) bne     t1, t3, pc + 32
core   0: 3 0x80004b00 (0x03c31063)
core   0: 0x80004b20 (0x51087213) andi    tp, a6, 1296
core   0: 3 0x80004b20 (0x51087213) x 4 0x00000000
core   0: 0x80004b24 (0xabc2fc13) andi    s8, t0, -1348
core   0: 3 0x80004b24 (0xabc2fc13) x24 0x00000000
core   0: 0x80004b28 (0x0389c0b3) div     ra, s3, s8
core   0: 3 0x80004b28 (0x0389c0b3) x 1 0xffffffff
core   0: 0x80004b2c (0x00119863) bne     gp, ra, pc + 16
core   0: 3 0x80004b2c (0x00119863)
core   0: 0x80004b3c (0x832c7397) auipc   t2, 0x832c7
core   0: 3 0x80004b3c (0x832c7397) x 7 0x032cbb3c
core   0: 0x80004b40 (0x02a56663) bltu    a0, a0, pc + 44
core   0: 3 0x80004b40 (0x02a56663)
core   0: 0x80004b44 (0x409f54b3) sra     s1, t5, s1
core   0: 3 0x80004b44 (0x409f54b3) x 9 0x00000000
core   0: 0x80004b48 (0x97196517) auipc   a0, 0x97196
core   0: 3 0x80004b48 (0x97196517) x10 0x1719ab48
core   0: 0x80004b4c (0x02131bb3) mulh    s7, t1, ra
core   0: 3 0x80004b4c (0x02131bb3) x23 0x00000000
core   0: 0x80004b50 (0x19bb7713) andi    a4, s6, 411
core   0: 3 0x80004b50 (0x19bb7713) x14 0x00000000
core   0: 0x80004b54 (0x00107fb3) and     t6, zero, ra
core   0: 3 0x80004b54 (0x00107fb3) x31 0x00000000
core   0: 0x80004b58 (0x00000013) nop
core   0: 3 0x80004b58 (0x00000013)
core   0: 0x80004b5c (0x037c9033) mulh    zero, s9, s7
core   0: 3 0x80004b5c (0x037c9033)
core   0: 0x80004b60 (0x08cc6c63) bltu    s8, a2, pc + 152
core   0: 3 0x80004b60 (0x08cc6c63)
core   0: 0x80004bf8 (0x00c220b3) slt     ra, tp, a2
core   0: 3 0x80004bf8 (0x00c220b3) x 1 0x00000001
core   0: 0x80004bfc (0x02bbe233) rem     tp, s7, a1
core   0: 3 0x80004bfc (0x02bbe233) x 4 0x00000000
core   0: 0x80004c00 (0x400ed813) srai    a6, t4, 0
core   0: 3 0x80004c00 (0x400ed813) x16 0xffffffff
core   0: 0x80004c04 (0x03518b33) mul     s6, gp, s5
core   0: 3 0x80004c04 (0x03518b33) x22 0x73c441d0
core   0: 0x80004c08 (0x02f5fe63) bgeu    a1, a5, pc + 60
core   0: 3 0x80004c08 (0x02f5fe63)
core   0: 0x80004c0c (0x018ac3b3) xor     t2, s5, s8
core   0: 3 0x80004c0c (0x018ac3b3) x 7 0x80029ce4
core   0: 0x80004c10 (0x001afe63) bgeu    s5, ra, pc + 28
core   0: 3 0x80004c10 (0x001afe63)
core   0: 0x80004c2c (0x0254f033) remu    zero, s1, t0
core   0: 3 0x80004c2c (0x0254f033)
core   0: 0x80004c30 (0x4115d433) sra     s0, a1, a7
core   0: 3 0x80004c30 (0x4115d433) x 8 0x00000000
core   0: 0x80004c34 (0x0163c433) xor     s0, t2, s6
core   0: 3 0x80004c34 (0x0163c433) x 8 0xf3c6dd34
core   0: 0x80004c38 (0x00fb3a33) sltu    s4, s6, a5
core   0: 3 0x80004c38 (0x00fb3a33) x20 0x00000001
core   0: 0x80004c3c (0x01e35863) bge     t1, t5, pc + 16
core   0: 3 0x80004c3c (0x01e35863)
core   0: 0x80004c40 (0x04ff5263) bge     t5, a5, pc + 68
core   0: 3 0x80004c40 (0x04ff5263)
core   0: 0x80004c84 (0x00d413b3) sll     t2, s0, a3
core   0: 3 0x80004c84 (0x00d413b3) x 7 0xf3c6dd34
core   0: 0x80004c88 (0xdfc08993) addi    s3, ra, -516
core   0: 3 0x80004c88 (0xdfc08993) x19 0xfffffdfd
core   0: 0x80004c8c (0x991f6013) ori     zero, t5, -1647
core   0: 3 0x80004c8c (0x991f6013)
core   0: 0x80004c90 (0x02479eb3) mulh    t4, a5, tp
core   0: 3 0x80004c90 (0x02479eb3) x29 0x00000000
core   0: 0x80004c94 (0x008f1993) slli    s3, t5, 8
core   0: 3 0x80004c94 (0x008f1993) x19 0x00000000
core   0: 0x80004c98 (0x03f32033) mulhsu  zero, t1, t6
core   0: 3 0x80004c98 (0x03f32033)
core   0: 0x80004c9c (0x1d554013) xori    zero, a0, 469
core   0: 3 0x80004c9c (0x1d554013)
core   0: 0x80004ca0 (0x05c47463) bgeu    s0, t3, pc + 72
core   0: 3 0x80004ca0 (0x05c47463)
core   0: 0x80004ce8 (0x02e68c63) beq     a3, a4, pc + 56
core   0: 3 0x80004ce8 (0x02e68c63)
core   0: 0x80004cec (0x032f55b3) divu    a1, t5, s2
core   0: 3 0x80004cec (0x032f55b3) x11 0xffffffff
core   0: 0x80004cf0 (0x40cfd733) sra     a4, t6, a2
core   0: 3 0x80004cf0 (0x40cfd733) x14 0x00000000
core   0: 0x80004cf4 (0x9eb14e93) xori    t4, sp, -1557
core   0: 3 0x80004cf4 (0x9eb14e93) x29 0x7ffd650f
core   0: 0x80004cf8 (0x73847593) andi    a1, s0, 1848
core   0: 3 0x80004cf8 (0x73847593) x11 0x00000530
core   0: 0x80004cfc (0xee247c13) andi    s8, s0, -286
core   0: 3 0x80004cfc (0xee247c13) x24 0xf3c6dc20
core   0: 0x80004d00 (0x01ec45b3) xor     a1, s8, t5
core   0: 3 0x80004d00 (0x01ec45b3) x11 0xf3c6dc20
core   0: 0x80004d04 (0x0b4e8a13) addi    s4, t4, 180
core   0: 3 0x80004d04 (0x0b4e8a13) x20 0x7ffd65c3
core   0: 0x80004d08 (0xd8438713) addi    a4, t2, -636
core   0: 3 0x80004d08 (0xd8438713) x14 0xf3c6dab8
core   0: 0x80004d0c (0x0419f063) bgeu    s3, ra, pc + 64
core   0: 3 0x80004d0c (0x0419f063)
core   0: 0x80004d10 (0x94a46b93) ori     s7, s0, -1718
core   0: 3 0x80004d10 (0x94a46b93) x23 0xfffffd7e
core   0: 0x80004d14 (0x00000013) nop
core   0: 3 0x80004d14 (0x00000013)
core   0: 0x80004d18 (0x01e66533) or      a0, a2, t5
core   0: 3 0x80004d18 (0x01e66533) x10 0x00000001
core   0: 0x80004d1c (0x01203433) snez    s0, s2
core   0: 3 0x80004d1c (0x01203433) x 8 0x00000000
core   0: 0x80004d20 (0x12147293) andi    t0, s0, 289
core   0: 3 0x80004d20 (0x12147293) x 5 0x00000000
core   0: 0x80004d24 (0x0acabe13) sltiu   t3, s5, 172
core   0: 3 0x80004d24 (0x0acabe13) x28 0x00000000
core   0: 0x80004d28 (0x02d9e933) rem     s2, s3, a3
core   0: 3 0x80004d28 (0x02d9e933) x18 0x00000000
core   0: 0x80004d2c (0x03871fb3) mulh    t6, a4, s8
core   0: 3 0x80004d2c (0x03871fb3) x31 0x0095682f
core   0: 0x80004d30 (0x03fdffb3) remu    t6, s11, t6
core   0: 3 0x80004d30 (0x03fdffb3) x31 0x00000000
core   0: 0x80004d34 (0x036561b3) rem     gp, a0, s6
core   0: 3 0x80004d34 (0x036561b3) x 3 0x00000001
core   0: 0x80004d38 (0x03b3fcb3) remu    s9, t2, s11
core   0: 3 0x80004d38 (0x03b3fcb3) x25 0xf3c6dd34
core   0: 0x80004d3c (0x01261533) sll     a0, a2, s2
core   0: 3 0x80004d3c (0x01261533) x10 0x00000001
core   0: 0x80004d40 (0x00e683b3) add     t2, a3, a4
core   0: 3 0x80004d40 (0x00e683b3) x 7 0xf20edab8
core   0: 0x80004d44 (0x01991bb3) sll     s7, s2, s9
core   0: 3 0x80004d44 (0x01991bb3) x23 0x00000000
core   0: 0x80004d48 (0x07e53437) lui     s0, 0x7e53
core   0: 3 0x80004d48 (0x07e53437) x 8 0x07e53000
core   0: 0x80004d4c (0x6dd82213) slti    tp, a6, 1757
core   0: 3 0x80004d4c (0x6dd82213) x 4 0x00000001
core   0: 0x80004d50 (0x708b4313) xori    t1, s6, 1800
core   0: 3 0x80004d50 (0x708b4313) x 6 0x73c446d8
core   0: 0x80004d54 (0x027ca1b3) mulhsu  gp, s9, t2
core   0: 3 0x80004d54 (0x027ca1b3) x 3 0xf4714789
core   0: 0x80004d58 (0x0410f063) bgeu    ra, ra, pc + 64
core   0: 3 0x80004d58 (0x0410f063)
core   0: 0x80004d98 (0x03250033) mul     zero, a0, s2
core   0: 3 0x80004d98 (0x03250033)
core   0: 0x80004d9c (0xfba07d93) andi    s11, zero, -70
core   0: 3 0x80004d9c (0xfba07d93) x27 0x00000000
core   0: 0x80004da0 (0x8c787013) andi    zero, a6, -1849
core   0: 3 0x80004da0 (0x8c787013)
core   0: 0x80004da4 (0x003ed1b3) srl     gp, t4, gp
core   0: 3 0x80004da4 (0x003ed1b3) x 3 0x003ffeb2
core   0: 0x80004da8 (0x014b9433) sll     s0, s7, s4
core   0: 3 0x80004da8 (0x014b9433) x 8 0x00000000
core   0: 0x80004dac (0x01235463) bge     t1, s2, pc + 8
core   0: 3 0x80004dac (0x01235463)
core   0: 0x80004db4 (0x032f8a63) beq     t6, s2, pc + 52
core   0: 3 0x80004db4 (0x032f8a63)
core   0: 0x80004de8 (0x01699c33) sll     s8, s3, s6
core   0: 3 0x80004de8 (0x01699c33) x24 0x00000000
core   0: 0x80004dec (0xc251fe93) andi    t4, gp, -987
core   0: 3 0x80004dec (0xc251fe93) x29 0x003ffc20
core   0: 0x80004df0 (0x05b8d663) bge     a7, s11, pc + 76
core   0: 3 0x80004df0 (0x05b8d663)
core   0: 0x80004e3c (0x01c4d5b3) srl     a1, s1, t3
core   0: 3 0x80004e3c (0x01c4d5b3) x11 0x00000000
core   0: 0x80004e40 (0x0211de63) bge     gp, ra, pc + 60
core   0: 3 0x80004e40 (0x0211de63)
core   0: 0x80004e7c (0x7e76fe93) andi    t4, a3, 2023
core   0: 3 0x80004e7c (0x7e76fe93) x29 0x00000000
core   0: 0x80004e80 (0x03ae58b3) divu    a7, t3, s10
core   0: 3 0x80004e80 (0x03ae58b3) x17 0xffffffff
core   0: 0x80004e84 (0x04540463) beq     s0, t0, pc + 72
core   0: 3 0x80004e84 (0x04540463)
core   0: 0x80004ecc (0x01fd4c63) blt     s10, t6, pc + 24
core   0: 3 0x80004ecc (0x01fd4c63)
core   0: 0x80004ed0 (0x0046ea33) or      s4, a3, tp
core   0: 3 0x80004ed0 (0x0046ea33) x20 0xfe480001
core   0: 0x80004ed4 (0x40548533) sub     a0, s1, t0
core   0: 3 0x80004ed4 (0x40548533) x10 0x00000000
core   0: 0x80004ed8 (0x03b722b3) mulhsu  t0, a4, s11
core   0: 3 0x80004ed8 (0x03b722b3) x 5 0x00000000
core   0: 0x80004edc (0x0036eeb3) or      t4, a3, gp
core   0: 3 0x80004edc (0x0036eeb3) x29 0xfe7ffeb2
core   0: 0x80004ee0 (0x41735993) srai    s3, t1, 23
core   0: 3 0x80004ee0 (0x41735993) x19 0x000000e7
core   0: 0x80004ee4 (0x02c7ebb3) rem     s7, a5, a2
core   0: 3 0x80004ee4 (0x02c7ebb3) x23 0x00000000
core   0: 0x80004ee8 (0x407d8fb3) sub     t6, s11, t2
core   0: 3 0x80004ee8 (0x407d8fb3) x31 0x0df12548
core   0: 0x80004eec (0xf3926413) ori     s0, tp, -199
core   0: 3 0x80004eec (0xf3926413) x 8 0xffffff39
core   0: 0x80004ef0 (0x01398d33) add     s10, s3, s3
core   0: 3 0x80004ef0 (0x01398d33) x26 0x000001ce
core   0: 0x80004ef4 (0x0247c933) div     s2, a5, tp
core   0: 3 0x80004ef4 (0x0247c933) x18 0x80025e64
core   0: 0x80004ef8 (0x0179f9b3) and     s3, s3, s7
core   0: 3 0x80004ef8 (0x0179f9b3) x19 0x00000000
core   0: 0x80004efc (0x03fffc63) bgeu    t6, t6, pc + 56
core   0: 3 0x80004efc (0x03fffc63)
core   0: 0x80004f34 (0x01535813) srli    a6, t1, 21
core   0: 3 0x80004f34 (0x01535813) x16 0x0000039e
core   0: 0x80004f38 (0x411802b3) sub     t0, a6, a7
core   0: 3 0x80004f38 (0x411802b3) x 5 0x0000039f
core   0: 0x80004f3c (0x024b8133) mul     sp, s7, tp
core   0: 3 0x80004f3c (0x024b8133) x 2 0x00000000
core   0: 0x80004f40 (0x0014e663) bltu    s1, ra, pc + 12
core   0: 3 0x80004f40 (0x0014e663)
core   0: 0x80004f4c (0x031532b3) mulhu   t0, a0, a7
core   0: 3 0x80004f4c (0x031532b3) x 5 0x00000000
core   0: 0x80004f50 (0x01041593) slli    a1, s0, 16
core   0: 3 0x80004f50 (0x01041593) x11 0xff390000
core   0: 0x80004f54 (0xe25b4993) xori    s3, s6, -475
core   0: 3 0x80004f54 (0xe25b4993) x19 0x8c3bbff5
core   0: 0x80004f58 (0xef454513) xori    a0, a0, -268
core   0: 3 0x80004f58 (0xef454513) x10 0xfffffef4
core   0: 0x80004f5c (0x0174fcb3) and     s9, s1, s7
core   0: 3 0x80004f5c (0x0174fcb3) x25 0x00000000
core   0: 0x80004f60 (0x756b2b93) slti    s7, s6, 1878
core   0: 3 0x80004f60 (0x756b2b93) x23 0x00000000
core   0: 0x80004f64 (0x005c4b33) xor     s6, s8, t0
core   0: 3 0x80004f64 (0x005c4b33) x22 0x00000000
core   0: 0x80004f68 (0x0bfec663) blt     t4, t6, pc + 172
core   0: 3 0x80004f68 (0x0bfec663)
core   0: 0x80005014 (0x00b772b3) and     t0, a4, a1
core   0: 3 0x80005014 (0x00b772b3) x 5 0xf3000000
core   0: 0x80005018 (0x02268933) mul     s2, a3, sp
core   0: 3 0x80005018 (0x02268933) x18 0x00000000
core   0: 0x8000501c (0x010c99b3) sll     s3, s9, a6
core   0: 3 0x8000501c (0x010c99b3) x19 0x00000000
core   0: 0x80005020 (0x9221c713) xori    a4, gp, -1758
core   0: 3 0x80005020 (0x9221c713) x14 0xffc00790
core   0: 0x80005024 (0x0118db13) srli    s6, a7, 17
core   0: 3 0x80005024 (0x0118db13) x22 0x00007fff
core   0: 0x80005028 (0x0013c863) blt     t2, ra, pc + 16
core   0: 3 0x80005028 (0x0013c863)
core   0: 0x80005038 (0x024cc2b3) div     t0, s9, tp
core   0: 3 0x80005038 (0x024cc2b3) x 5 0x00000000
core   0: 0x8000503c (0x01edefb3) or      t6, s11, t5
core   0: 3 0x8000503c (0x01edefb3) x31 0x00000000
core   0: 0x80005040 (0x00812133) slt     sp, sp, s0
core   0: 3 0x80005040 (0x00812133) x 2 0x00000000
core   0: 0x80005044 (0x01bc95b3) sll     a1, s9, s11
core   0: 3 0x80005044 (0x01bc95b3) x11 0x00000000
core   0: 0x80005048 (0x4105d133) sra     sp, a1, a6
core   0: 3 0x80005048 (0x4105d133) x 2 0x00000000
core   0: 0x8000504c (0x02ed18b3) mulh    a7, s10, a4
core   0: 3 0x8000504c (0x02ed18b3) x17 0xffffffff
core   0: 0x80005050 (0x01d49293) slli    t0, s1, 29
core   0: 3 0x80005050 (0x01d49293) x 5 0x00000000
core   0: 0x80005054 (0x000e5bb3) srl     s7, t3, zero
core   0: 3 0x80005054 (0x000e5bb3) x23 0x00000000
core   0: 0x80005058 (0x01b56533) or      a0, a0, s11
core   0: 3 0x80005058 (0x01b56533) x10 0xfffffef4
core   0: 0x8000505c (0x0ce54b93) xori    s7, a0, 206
core   0: 3 0x8000505c (0x0ce54b93) x23 0xfffffe3a
core   0: 0x80005060 (0x416f0bb3) sub     s7, t5, s6
core   0: 3 0x80005060 (0x416f0bb3) x23 0xffff8001
core   0: 0x80005064 (0x000af2b3) and     t0, s5, zero
core   0: 3 0x80005064 (0x000af2b3) x 5 0x00000000
core   0: 0x80005068 (0x034e7fb3) remu    t6, t3, s4
core   0: 3 0x80005068 (0x034e7fb3) x31 0x00000000
core   0: 0x8000506c (0x023c4033) div     zero, s8, gp
core   0: 3 0x8000506c (0x023c4033)
core   0: 0x80005070 (0x01cebfb3) sltu    t6, t4, t3
core   0: 3 0x80005070 (0x01cebfb3) x31 0x00000000
core   0: 0x80005074 (0x405a8333) sub     t1, s5, t0
core   0: 3 0x80005074 (0x405a8333) x 6 0x80029ce4
core   0: 0x80005078 (0x3d4da613) slti    a2, s11, 980
core   0: 3 0x80005078 (0x3d4da613) x12 0x00000001
core   0: 0x8000507c (0x02a86533) rem     a0, a6, a0
core   0: 3 0x8000507c (0x02a86533) x10 0x0000007a
core   0: 0x80005080 (0x083d3b13) sltiu   s6, s10, 131
core   0: 3 0x80005080 (0x083d3b13) x22 0x00000000
core   0: 0x80005084 (0x038b7133) remu    sp, s6, s8
core   0: 3 0x80005084 (0x038b7133) x 2 0x00000000
core   0: 0x80005088 (0x41d1de13) srai    t3, gp, 29
core   0: 3 0x80005088 (0x41d1de13) x28 0x00000000
core   0: 0x8000508c (0x05298063) beq     s3, s2, pc + 64
core   0: 3 0x8000508c (0x05298063)
core   0: 0x800050cc (0x0357bb33) mulhu   s6, a5, s5
core   0: 3 0x800050cc (0x0357bb33) x22 0x40027daa
core   0: 0x800050d0 (0x02af1463) bne     t5, a0, pc + 40
core   0: 3 0x800050d0 (0x02af1463)
core   0: 0x800050f8 (0x0385c6b3) div     a3, a1, s8
core   0: 3 0x800050f8 (0x0385c6b3) x13 0xffffffff
core   0: 0x800050fc (0x00100693) li      a3, 1
core   0: 3 0x800050fc (0x00100693) x13 0x00000001
core   0: 0x80005100 (0x019e5513) srli    a0, t3, 25
core   0: 3 0x80005100 (0x019e5513) x10 0x00000000
core   0: 0x80005104 (0x372d4713) xori    a4, s10, 882
core   0: 3 0x80005104 (0x372d4713) x14 0x000002bc
core   0: 0x80005108 (0x0021fc33) and     s8, gp, sp
core   0: 3 0x80005108 (0x0021fc33) x24 0x00000000
core   0: 0x8000510c (0x00f00593) li      a1, 15
core   0: 3 0x8000510c (0x00f00593) x11 0x0000000f
core   0: 0x80005110 (0x007e2cb3) slt     s9, t3, t2
core   0: 3 0x80005110 (0x007e2cb3) x25 0x00000000
core   0: 0x80005114 (0x01ced613) srli    a2, t4, 28
core   0: 3 0x80005114 (0x01ced613) x12 0x0000000f
core   0: 0x80005118 (0x14112e13) slti    t3, sp, 321
core   0: 3 0x80005118 (0x14112e13) x28 0x00000001
core   0: 0x8000511c (0x00868693) addi    a3, a3, 8
core   0: 3 0x8000511c (0x00868693) x13 0x00000009
core   0: 0x80005120 (0xff600493) li      s1, -10
core   0: 3 0x80005120 (0xff600493) x 9 0xfffffff6
core   0: 0x80005124 (0x03f232b3) mulhu   t0, tp, t6
core   0: 3 0x80005124 (0x03f232b3) x 5 0x00000000
core   0: 0x80005128 (0x2ea4e093) ori     ra, s1, 746
core   0: 3 0x80005128 (0x2ea4e093) x 1 0xfffffffe
core   0: 0x8000512c (0x2c48e113) ori     sp, a7, 708
core   0: 3 0x8000512c (0x2c48e113) x 2 0xffffffff
core   0: 0x80005130 (0x00800a13) li      s4, 8
core   0: 3 0x80005130 (0x00800a13) x20 0x00000008
core   0: 0x80005134 (0x015b7633) and     a2, s6, s5
core   0: 3 0x80005134 (0x015b7633) x12 0x00021ca0
core   0: 0x80005138 (0x409f5d93) srai    s11, t5, 9
core   0: 3 0x80005138 (0x409f5d93) x27 0x00000000
core   0: 0x8000513c (0x000fa0b3) slt     ra, t6, zero
core   0: 3 0x8000513c (0x000fa0b3) x 1 0x00000000
core   0: 0x80005140 (0x02342cb3) mulhsu  s9, s0, gp
core   0: 3 0x80005140 (0x02342cb3) x25 0xffffffff
core   0: 0x80005144 (0x03c9b3b3) mulhu   t2, s3, t3
core   0: 3 0x80005144 (0x03c9b3b3) x 7 0x00000000
core   0: 0x80005148 (0x00948493) addi    s1, s1, 9
core   0: 3 0x80005148 (0x00948493) x 9 0xffffffff
core   0: 0x8000514c (0xff4484e3) beq     s1, s4, pc - 24
core   0: 3 0x8000514c (0xff4484e3)
core   0: 0x80005150 (0x13643813) sltiu   a6, s0, 310
core   0: 3 0x80005150 (0x13643813) x16 0x00000000
core   0: 0x80005154 (0xfab6eee3) bltu    a3, a1, pc - 68
core   0: 3 0x80005154 (0xfab6eee3)
core   0: 0x80005110 (0x007e2cb3) slt     s9, t3, t2
core   0: 3 0x80005110 (0x007e2cb3) x25 0x00000000
core   0: 0x80005114 (0x01ced613) srli    a2, t4, 28
core   0: 3 0x80005114 (0x01ced613) x12 0x0000000f
core   0: 0x80005118 (0x14112e13) slti    t3, sp, 321
core   0: 3 0x80005118 (0x14112e13) x28 0x00000001
core   0: 0x8000511c (0x00868693) addi    a3, a3, 8
core   0: 3 0x8000511c (0x00868693) x13 0x00000011
core   0: 0x80005120 (0xff600493) li      s1, -10
core   0: 3 0x80005120 (0xff600493) x 9 0xfffffff6
core   0: 0x80005124 (0x03f232b3) mulhu   t0, tp, t6
core   0: 3 0x80005124 (0x03f232b3) x 5 0x00000000
core   0: 0x80005128 (0x2ea4e093) ori     ra, s1, 746
core   0: 3 0x80005128 (0x2ea4e093) x 1 0xfffffffe
core   0: 0x8000512c (0x2c48e113) ori     sp, a7, 708
core   0: 3 0x8000512c (0x2c48e113) x 2 0xffffffff
core   0: 0x80005130 (0x00800a13) li      s4, 8
core   0: 3 0x80005130 (0x00800a13) x20 0x00000008
core   0: 0x80005134 (0x015b7633) and     a2, s6, s5
core   0: 3 0x80005134 (0x015b7633) x12 0x00021ca0
core   0: 0x80005138 (0x409f5d93) srai    s11, t5, 9
core   0: 3 0x80005138 (0x409f5d93) x27 0x00000000
core   0: 0x8000513c (0x000fa0b3) slt     ra, t6, zero
core   0: 3 0x8000513c (0x000fa0b3) x 1 0x00000000
core   0: 0x80005140 (0x02342cb3) mulhsu  s9, s0, gp
core   0: 3 0x80005140 (0x02342cb3) x25 0xffffffff
core   0: 0x80005144 (0x03c9b3b3) mulhu   t2, s3, t3
core   0: 3 0x80005144 (0x03c9b3b3) x 7 0x00000000
core   0: 0x80005148 (0x00948493) addi    s1, s1, 9
core   0: 3 0x80005148 (0x00948493) x 9 0xffffffff
core   0: 0x8000514c (0xff4484e3) beq     s1, s4, pc - 24
core   0: 3 0x8000514c (0xff4484e3)
core   0: 0x80005150 (0x13643813) sltiu   a6, s0, 310
core   0: 3 0x80005150 (0x13643813) x16 0x00000000
core   0: 0x80005154 (0xfab6eee3) bltu    a3, a1, pc - 68
core   0: 3 0x80005154 (0xfab6eee3)
core   0: 0x80005158 (0x01cad893) srli    a7, s5, 28
core   0: 3 0x80005158 (0x01cad893) x17 0x00000008
core   0: 0x8000515c (0xb6e20113) addi    sp, tp, -1170
core   0: 3 0x8000515c (0xb6e20113) x 2 0xfffffb6f
core   0: 0x80005160 (0x00c0b8b3) sltu    a7, ra, a2
core   0: 3 0x80005160 (0x00c0b8b3) x17 0x00000001
core   0: 0x80005164 (0x03368063) beq     a3, s3, pc + 32
core   0: 3 0x80005164 (0x03368063)
core   0: 0x80005168 (0x007233b3) sltu    t2, tp, t2
core   0: 3 0x80005168 (0x007233b3) x 7 0x00000000
core   0: 0x8000516c (0x00000013) nop
core   0: 3 0x8000516c (0x00000013)
core   0: 0x80005170 (0x2e087693) andi    a3, a6, 736
core   0: 3 0x80005170 (0x2e087693) x13 0x00000000
core   0: 0x80005174 (0xd0324a13) xori    s4, tp, -765
core   0: 3 0x80005174 (0xd0324a13) x20 0xfffffd02
core   0: 0x80005178 (0x03534cb3) div     s9, t1, s5
core   0: 3 0x80005178 (0x03534cb3) x25 0x00000001
core   0: 0x8000517c (0x037f68b3) rem     a7, t5, s7
core   0: 3 0x8000517c (0x037f68b3) x17 0x00000000
core   0: 0x80005180 (0x41325913) srai    s2, tp, 19
core   0: 3 0x80005180 (0x41325913) x18 0x00000000
core   0: 0x80005184 (0x024df6b3) remu    a3, s11, tp
core   0: 3 0x80005184 (0x024df6b3) x13 0x00000000
core   0: 0x80005188 (0x0190d913) srli    s2, ra, 25
core   0: 3 0x80005188 (0x0190d913) x18 0x00000000
core   0: 0x8000518c (0x0599e463) bltu    s3, s9, pc + 72
core   0: 3 0x8000518c (0x0599e463)
core   0: 0x800051d4 (0x01139863) bne     t2, a7, pc + 16
core   0: 3 0x800051d4 (0x01139863)
core   0: 0x800051d8 (0x02320863) beq     tp, gp, pc + 48
core   0: 3 0x800051d8 (0x02320863)
core   0: 0x800051dc (0x0056cb33) xor     s6, a3, t0
core   0: 3 0x800051dc (0x0056cb33) x22 0x00000000
core   0: 0x800051e0 (0x033f2a33) mulhsu  s4, t5, s3
core   0: 3 0x800051e0 (0x033f2a33) x20 0x00000000
core   0: 0x800051e4 (0x01e368b3) or      a7, t1, t5
core   0: 3 0x800051e4 (0x01e368b3) x17 0x80029ce4
core   0: 0x800051e8 (0x05373c93) sltiu   s9, a4, 83
core   0: 3 0x800051e8 (0x05373c93) x25 0x00000000
core   0: 0x800051ec (0x036c0bb3) mul     s7, s8, s6
core   0: 3 0x800051ec (0x036c0bb3) x23 0x00000000
core   0: 0x800051f0 (0x03a9b433) mulhu   s0, s3, s10
core   0: 3 0x800051f0 (0x03a9b433) x 8 0x00000000
core   0: 0x800051f4 (0x02251933) mulh    s2, a0, sp
core   0: 3 0x800051f4 (0x02251933) x18 0x00000000
core   0: 0x800051f8 (0x021b8633) mul     a2, s7, ra
core   0: 3 0x800051f8 (0x021b8633) x12 0x00000000
core   0: 0x800051fc (0x027f0c63) beq     t5, t2, pc + 56
core   0: 3 0x800051fc (0x027f0c63)
core   0: 0x80005234 (0x01606133) or      sp, zero, s6
core   0: 3 0x80005234 (0x01606133) x 2 0x00000000
core   0: 0x80005238 (0x049e4663) blt     t3, s1, pc + 76
core   0: 3 0x80005238 (0x049e4663)
core   0: 0x8000523c (0x90f42537) lui     a0, 0x90f42
core   0: 3 0x8000523c (0x90f42537) x10 0x90f42000
core   0: 0x80005240 (0x00fdbeb3) sltu    t4, s11, a5
core   0: 3 0x80005240 (0x00fdbeb3) x29 0x00000001
core   0: 0x80005244 (0x05a98063) beq     s3, s10, pc + 64
core   0: 3 0x80005244 (0x05a98063)
core   0: 0x80005248 (0x00f510b3) sll     ra, a0, a5
core   0: 3 0x80005248 (0x00f510b3) x 1 0x0f420000
core   0: 0x8000524c (0x01935693) srli    a3, t1, 25
core   0: 3 0x8000524c (0x01935693) x13 0x00000040
core   0: 0x80005250 (0x97bde337) lui     t1, 0x97bde
core   0: 3 0x80005250 (0x97bde337) x 6 0x97bde000
core   0: 0x80005254 (0x40420633) sub     a2, tp, tp
core   0: 3 0x80005254 (0x40420633) x12 0x00000000
core   0: 0x80005258 (0x5acc4013) xori    zero, s8, 1452
core   0: 3 0x80005258 (0x5acc4013)
core   0: 0x8000525c (0x013e5293) srli    t0, t3, 19
core   0: 3 0x8000525c (0x013e5293) x 5 0x00000000
core   0: 0x80005260 (0x02418463) beq     gp, tp, pc + 40
core   0: 3 0x80005260 (0x02418463)
core   0: 0x80005264 (0x029c5833) divu    a6, s8, s1
core   0: 3 0x80005264 (0x029c5833) x16 0x00000000
core   0: 0x80005268 (0x026c9a33) mulh    s4, s9, t1
core   0: 3 0x80005268 (0x026c9a33) x20 0x00000000
core   0: 0x8000526c (0x03c12a33) mulhsu  s4, sp, t3
core   0: 3 0x8000526c (0x03c12a33) x20 0x00000000
core   0: 0x80005270 (0x03bb2533) mulhsu  a0, s6, s11
core   0: 3 0x80005270 (0x03bb2533) x10 0x00000000
core   0: 0x80005274 (0x207dcc13) xori    s8, s11, 519
core   0: 3 0x80005274 (0x207dcc13) x24 0x00000207
core   0: 0x80005278 (0x01558e63) beq     a1, s5, pc + 28
core   0: 3 0x80005278 (0x01558e63)
core   0: 0x8000527c (0x010de333) or      t1, s11, a6
core   0: 3 0x8000527c (0x010de333) x 6 0x00000000
core   0: 0x80005280 (0xe5895b17) auipc   s6, 0xe5895
core   0: 3 0x80005280 (0xe5895b17) x22 0x6589a280
core   0: 0x80005284 (0x05e71063) bne     a4, t5, pc + 64
core   0: 3 0x80005284 (0x05e71063)
core   0: 0x800052c4 (0x97cc6093) ori     ra, s8, -1668
core   0: 3 0x800052c4 (0x97cc6093) x 1 0xfffffb7f
core   0: 0x800052c8 (0x937b18b7) lui     a7, 0x937b1
core   0: 3 0x800052c8 (0x937b18b7) x17 0x937b1000
core   0: 0x800052cc (0x41745213) srai    tp, s0, 23
core   0: 3 0x800052cc (0x41745213) x 4 0x00000000
core   0: 0x800052d0 (0x01637463) bgeu    t1, s6, pc + 8
core   0: 3 0x800052d0 (0x01637463)
core   0: 0x800052d4 (0x03245863) bge     s0, s2, pc + 48
core   0: 3 0x800052d4 (0x03245863)
core   0: 0x80005304 (0x40200bb3) sub     s7, zero, sp
core   0: 3 0x80005304 (0x40200bb3) x23 0x00000000
core   0: 0x80005308 (0x01edcd33) xor     s10, s11, t5
core   0: 3 0x80005308 (0x01edcd33) x26 0x00000000
core   0: 0x8000530c (0x26312593) slti    a1, sp, 611
core   0: 3 0x8000530c (0x26312593) x11 0x00000001
core   0: 0x80005310 (0x004cd863) bge     s9, tp, pc + 16
core   0: 3 0x80005310 (0x004cd863)
core   0: 0x80005320 (0x01a92033) slt     zero, s2, s10
core   0: 3 0x80005320 (0x01a92033)
core   0: 0x80005324 (0x41eb0533) sub     a0, s6, t5
core   0: 3 0x80005324 (0x41eb0533) x10 0x6589a280
core   0: 0x80005328 (0xcbd5a193) slti    gp, a1, -835
core   0: 3 0x80005328 (0xcbd5a193) x 3 0x00000000
core   0: 0x8000532c (0x3ebe6893) ori     a7, t3, 1003
core   0: 3 0x8000532c (0x3ebe6893) x17 0x000003eb
core   0: 0x80005330 (0x02332433) mulhsu  s0, t1, gp
core   0: 3 0x80005330 (0x02332433) x 8 0x00000000
core   0: 0x80005334 (0x0308ea33) rem     s4, a7, a6
core   0: 3 0x80005334 (0x0308ea33) x20 0x000003eb
core   0: 0x80005338 (0x01c7fe33) and     t3, a5, t3
core   0: 3 0x80005338 (0x01c7fe33) x28 0x00000000
core   0: 0x8000533c (0x02bac663) blt     s5, a1, pc + 44
core   0: 3 0x8000533c (0x02bac663)
core   0: 0x80005368 (0x02eb6b33) rem     s6, s6, a4
core   0: 3 0x80005368 (0x02eb6b33) x22 0x000000f8
core   0: 0x8000536c (0xb38cf593) andi    a1, s9, -1224
core   0: 3 0x8000536c (0xb38cf593) x11 0x00000000
core   0: 0x80005370 (0x41ec5c33) sra     s8, s8, t5
core   0: 3 0x80005370 (0x41ec5c33) x24 0x00000207
core   0: 0x80005374 (0x007f3db3) sltu    s11, t5, t2
core   0: 3 0x80005374 (0x007f3db3) x27 0x00000000
core   0: 0x80005378 (0xfaca7d93) andi    s11, s4, -84
core   0: 3 0x80005378 (0xfaca7d93) x27 0x000003a8
core   0: 0x8000537c (0x756f3837) lui     a6, 0x756f3
core   0: 3 0x8000537c (0x756f3837) x16 0x756f3000
core   0: 0x80005380 (0x0339e2b3) rem     t0, s3, s3
core   0: 3 0x80005380 (0x0339e2b3) x 5 0x00000000
core   0: 0x80005384 (0x0292c0b3) div     ra, t0, s1
core   0: 3 0x80005384 (0x0292c0b3) x 1 0x00000000
core   0: 0x80005388 (0x01758833) add     a6, a1, s7
core   0: 3 0x80005388 (0x01758833) x16 0x00000000
core   0: 0x8000538c (0x41728333) sub     t1, t0, s7
core   0: 3 0x8000538c (0x41728333) x 6 0x00000000
core   0: 0x80005390 (0x00d29e33) sll     t3, t0, a3
core   0: 3 0x80005390 (0x00d29e33) x28 0x00000000
core   0: 0x80005394 (0x40855493) srai    s1, a0, 8
core   0: 3 0x80005394 (0x40855493) x 9 0x006589a2
core   0: 0x80005398 (0x00e25b93) srli    s7, tp, 14
core   0: 3 0x80005398 (0x00e25b93) x23 0x00000000
core   0: 0x8000539c (0x036153b3) divu    t2, sp, s6
core   0: 3 0x8000539c (0x036153b3) x 7 0x00000000
core   0: 0x800053a0 (0x00000013) nop
core   0: 3 0x800053a0 (0x00000013)
core   0: 0x800053a4 (0x41f3d0b3) sra     ra, t2, t6
core   0: 3 0x800053a4 (0x41f3d0b3) x 1 0x00000000
core   0: 0x800053a8 (0x188b6097) auipc   ra, 0x188b6
core   0: 3 0x800053a8 (0x188b6097) x 1 0x988bb3a8
core   0: 0x800053ac (0x023312b3) mulh    t0, t1, gp
core   0: 3 0x800053ac (0x023312b3) x 5 0x00000000
core   0: 0x800053b0 (0x01ebbe33) sltu    t3, s7, t5
core   0: 3 0x800053b0 (0x01ebbe33) x28 0x00000000
core   0: 0x800053b4 (0x03959663) bne     a1, s9, pc + 44
core   0: 3 0x800053b4 (0x03959663)
core   0: 0x800053b8 (0x00f85fb3) srl     t6, a6, a5
core   0: 3 0x800053b8 (0x00f85fb3) x31 0x00000000
core   0: 0x800053bc (0xa968f9b7) lui     s3, 0xa968f
core   0: 3 0x800053bc (0xa968f9b7) x19 0xa968f000
core   0: 0x800053c0 (0x04f89663) bne     a7, a5, pc + 76
core   0: 3 0x800053c0 (0x04f89663)
core   0: 0x8000540c (0x0154aeb3) slt     t4, s1, s5
core   0: 3 0x8000540c (0x0154aeb3) x29 0x00000000
core   0: 0x80005410 (0x02c044b3) div     s1, zero, a2
core   0: 3 0x80005410 (0x02c044b3) x 9 0xffffffff
core   0: 0x80005414 (0x00fe1d93) slli    s11, t3, 15
core   0: 3 0x80005414 (0x00fe1d93) x27 0x00000000
core   0: 0x80005418 (0x00000013) nop
core   0: 3 0x80005418 (0x00000013)
core   0: 0x8000541c (0x02523633) mulhu   a2, tp, t0
core   0: 3 0x8000541c (0x02523633) x12 0x00000000
core   0: 0x80005420 (0x01c1f863) bgeu    gp, t3, pc + 16
core   0: 3 0x80005420 (0x01c1f863)
core   0: 0x80005430 (0x010349b3) xor     s3, t1, a6
core   0: 3 0x80005430 (0x010349b3) x19 0x00000000
core   0: 0x80005434 (0x00b69d33) sll     s10, a3, a1
core   0: 3 0x80005434 (0x00b69d33) x26 0x00000040
core   0: 0x80005438 (0x0975ff93) andi    t6, a1, 151
core   0: 3 0x80005438 (0x0975ff93) x31 0x00000000
core   0: 0x8000543c (0xde59c8b7) lui     a7, 0xde59c
core   0: 3 0x8000543c (0xde59c8b7) x17 0xde59c000
core   0: 0x80005440 (0x03ec61b3) rem     gp, s8, t5
core   0: 3 0x80005440 (0x03ec61b3) x 3 0x00000207
core   0: 0x80005444 (0x0210afb3) mulhsu  t6, ra, ra
core   0: 3 0x80005444 (0x0210afb3) x31 0xc25a7dec
core   0: 0x80005448 (0xa12c2313) slti    t1, s8, -1518
core   0: 3 0x80005448 (0xa12c2313) x 6 0x00000000
core   0: 0x8000544c (0x40c90133) sub     sp, s2, a2
core   0: 3 0x8000544c (0x40c90133) x 2 0x00000000
core   0: 0x80005450 (0xf5fa3413) sltiu   s0, s4, -161
core   0: 3 0x80005450 (0xf5fa3413) x 8 0x00000001
core   0: 0x80005454 (0x00c53233) sltu    tp, a0, a2
core   0: 3 0x80005454 (0x00c53233) x 4 0x00000000
core   0: 0x80005458 (0xc37a6a13) ori     s4, s4, -969
core   0: 3 0x80005458 (0xc37a6a13) x20 0xffffffff
core   0: 0x8000545c (0x01bc78b3) and     a7, s8, s11
core   0: 3 0x8000545c (0x01bc78b3) x17 0x00000000
core   0: 0x80005460 (0x1586f313) andi    t1, a3, 344
core   0: 3 0x80005460 (0x1586f313) x 6 0x00000040
core   0: 0x80005464 (0x01cce8b3) or      a7, s9, t3
core   0: 3 0x80005464 (0x01cce8b3) x17 0x00000000
core   0: 0x80005468 (0x003b0463) beq     s6, gp, pc + 8
core   0: 3 0x80005468 (0x003b0463)
core   0: 0x8000546c (0x0043dfb3) srl     t6, t2, tp
core   0: 3 0x8000546c (0x0043dfb3) x31 0x00000000
core   0: 0x80005470 (0x40af09b3) sub     s3, t5, a0
core   0: 3 0x80005470 (0x40af09b3) x19 0x9a765d80
core   0: 0x80005474 (0x40dad493) srai    s1, s5, 13
core   0: 3 0x80005474 (0x40dad493) x 9 0xfffc0014
core   0: 0x80005478 (0x851c7713) andi    a4, s8, -1967
core   0: 3 0x80005478 (0x851c7713) x14 0x00000001
core   0: 0x8000547c (0x02f90233) mul     tp, s2, a5
core   0: 3 0x8000547c (0x02f90233) x 4 0x00000000
core   0: 0x80005480 (0x029fa133) mulhsu  sp, t6, s1
core   0: 3 0x80005480 (0x029fa133) x 2 0x00000000
core   0: 0x80005484 (0x03c96cb3) rem     s9, s2, t3
core   0: 3 0x80005484 (0x03c96cb3) x25 0x00000000
core   0: 0x80005488 (0x03563d33) mulhu   s10, a2, s5
core   0: 3 0x80005488 (0x03563d33) x26 0x00000000
core   0: 0x8000548c (0x0a381e63) bne     a6, gp, pc + 188
core   0: 3 0x8000548c (0x0a381e63)
core   0: 0x80005548 (0x015e7c33) and     s8, t3, s5
core   0: 3 0x80005548 (0x015e7c33) x24 0x00000000
core   0: 0x8000554c (0x01e00233) add     tp, zero, t5
core   0: 3 0x8000554c (0x01e00233) x 4 0x00000000
core   0: 0x80005550 (0x03151063) bne     a0, a7, pc + 32
core   0: 3 0x80005550 (0x03151063)
core   0: 0x80005570 (0x00bb64b3) or      s1, s6, a1
core   0: 3 0x80005570 (0x00bb64b3) x 9 0x000000f8
core   0: 0x80005574 (0x01b3ddb3) srl     s11, t2, s11
core   0: 3 0x80005574 (0x01b3ddb3) x27 0x00000000
core   0: 0x80005578 (0xae503513) sltiu   a0, zero, -1307
core   0: 3 0x80005578 (0xae503513) x10 0x00000001
core   0: 0x8000557c (0x404382b3) sub     t0, t2, tp
core   0: 3 0x8000557c (0x404382b3) x 5 0x00000000
core   0: 0x80005580 (0x9ce3d6b7) lui     a3, 0x9ce3d
core   0: 3 0x80005580 (0x9ce3d6b7) x13 0x9ce3d000
core   0: 0x80005584 (0xb6884897) auipc   a7, 0xb6884
core   0: 3 0x80005584 (0xb6884897) x17 0x36889584
core   0: 0x80005588 (0x034aea33) rem     s4, s5, s4
core   0: 3 0x80005588 (0x034aea33) x20 0x00000000
core   0: 0x8000558c (0xb22c3e13) sltiu   t3, s8, -1246
core   0: 3 0x8000558c (0xb22c3e13) x28 0x00000001
core   0: 0x80005590 (0x60ee7c93) andi    s9, t3, 1550
core   0: 3 0x80005590 (0x60ee7c93) x25 0x00000000
core   0: 0x80005594 (0x01723b33) sltu    s6, tp, s7
core   0: 3 0x80005594 (0x01723b33) x22 0x00000000
core   0: 0x80005598 (0x41965bb3) sra     s7, a2, s9
core   0: 3 0x80005598 (0x41965bb3) x23 0x00000000
core   0: 0x8000559c (0x0107a8b3) slt     a7, a5, a6
core   0: 3 0x8000559c (0x0107a8b3) x17 0x00000001
core   0: 0x800055a0 (0x00431213) slli    tp, t1, 4
core   0: 3 0x800055a0 (0x00431213) x 4 0x00000400
core   0: 0x800055a4 (0x00065193) srli    gp, a2, 0
core   0: 3 0x800055a4 (0x00065193) x 3 0x00000000
core   0: 0x800055a8 (0x4cfbff93) andi    t6, s7, 1231
core   0: 3 0x800055a8 (0x4cfbff93) x31 0x00000000
core   0: 0x800055ac (0x0057c8b3) xor     a7, a5, t0
core   0: 3 0x800055ac (0x0057c8b3) x17 0x80025e64
core   0: 0x800055b0 (0xbc2d2e93) slti    t4, s10, -1086
core   0: 3 0x800055b0 (0xbc2d2e93) x29 0x00000000
core   0: 0x800055b4 (0x05824063) blt     tp, s8, pc + 64
core   0: 3 0x800055b4 (0x05824063)
core   0: 0x800055b8 (0x03030463) beq     t1, a6, pc + 40
core   0: 3 0x800055b8 (0x03030463)
core   0: 0x800055bc (0xec59b937) lui     s2, 0xec59b
core   0: 3 0x800055bc (0xec59b937) x18 0xec59b000
core   0: 0x800055c0 (0xe411bf93) sltiu   t6, gp, -447
core   0: 3 0x800055c0 (0xe411bf93) x31 0x00000001
core   0: 0x800055c4 (0x0511d663) bge     gp, a7, pc + 76
core   0: 3 0x800055c4 (0x0511d663)
core   0: 0x80005610 (0x02e81eb3) mulh    t4, a6, a4
core   0: 3 0x80005610 (0x02e81eb3) x29 0x00000000
core   0: 0x80005614 (0x02e34cb3) div     s9, t1, a4
core   0: 3 0x80005614 (0x02e34cb3) x25 0x00000040
core   0: 0x80005618 (0x027495b3) mulh    a1, s1, t2
core   0: 3 0x80005618 (0x027495b3) x11 0x00000000
core   0: 0x8000561c (0xc00bc893) xori    a7, s7, -1024
core   0: 3 0x8000561c (0xc00bc893) x17 0xfffffc00
core   0: 0x80005620 (0x0146e833) or      a6, a3, s4
core   0: 3 0x80005620 (0x0146e833) x16 0x9ce3d000
core   0: 0x80005624 (0x00bb1033) sll     zero, s6, a1
core   0: 3 0x80005624 (0x00bb1033)
core   0: 0x80005628 (0x02f4e5b3) rem     a1, s1, a5
core   0: 3 0x80005628 (0x02f4e5b3) x11 0x000000f8
core   0: 0x8000562c (0x02cbd2b3) divu    t0, s7, a2
core   0: 3 0x8000562c (0x02cbd2b3) x 5 0xffffffff
core   0: 0x80005630 (0x02f05b33) divu    s6, zero, a5
core   0: 3 0x80005630 (0x02f05b33) x22 0x00000000
core   0: 0x80005634 (0x027cfa63) bgeu    s9, t2, pc + 52
core   0: 3 0x80005634 (0x027cfa63)
core   0: 0x80005668 (0x02ff0c63) beq     t5, a5, pc + 56
core   0: 3 0x80005668 (0x02ff0c63)
core   0: 0x8000566c (0x820a8813) addi    a6, s5, -2016
core   0: 3 0x8000566c (0x820a8813) x16 0x80029504
core   0: 0x80005670 (0x00425693) srli    a3, tp, 4
core   0: 3 0x80005670 (0x00425693) x13 0x00000040
core   0: 0x80005674 (0xb9292713) slti    a4, s2, -1134
core   0: 3 0x80005674 (0xb9292713) x14 0x00000001
core   0: 0x80005678 (0x03dcc733) div     a4, s9, t4
core   0: 3 0x80005678 (0x03dcc733) x14 0xffffffff
core   0: 0x8000567c (0x01d1f3b3) and     t2, gp, t4
core   0: 3 0x8000567c (0x01d1f3b3) x 7 0x00000000
core   0: 0x80005680 (0x8adf2a13) slti    s4, t5, -1875
core   0: 3 0x80005680 (0x8adf2a13) x20 0x00000000
core   0: 0x80005684 (0x023b73b3) remu    t2, s6, gp
core   0: 3 0x80005684 (0x023b73b3) x 7 0x00000000
core   0: 0x80005688 (0x00000013) nop
core   0: 3 0x80005688 (0x00000013)
core   0: 0x8000568c (0x408f5113) srai    sp, t5, 8
core   0: 3 0x8000568c (0x408f5113) x 2 0x00000000
core   0: 0x80005690 (0x007eafb3) slt     t6, t4, t2
core   0: 3 0x80005690 (0x007eafb3) x31 0x00000000
core   0: 0x80005694 (0x40a55b93) srai    s7, a0, 10
core   0: 3 0x80005694 (0x40a55b93) x23 0x00000000
core   0: 0x80005698 (0x02be6463) bltu    t3, a1, pc + 40
core   0: 3 0x80005698 (0x02be6463)
core   0: 0x800056c0 (0xc2c52f93) slti    t6, a0, -980
core   0: 3 0x800056c0 (0xc2c52f93) x31 0x00000000
core   0: 0x800056c4 (0x0bde9663) bne     t4, t4, pc + 172
core   0: 3 0x800056c4 (0x0bde9663)
core   0: 0x800056c8 (0x58cbb517) auipc   a0, 0x58cbb
core   0: 3 0x800056c8 (0x58cbb517) x10 0xd8cc06c8
core   0: 0x800056cc (0x02e602b3) mul     t0, a2, a4
core   0: 3 0x800056cc (0x02e602b3) x 5 0x00000000
core   0: 0x800056d0 (0x892d3d93) sltiu   s11, s10, -1902
core   0: 3 0x800056d0 (0x892d3d93) x27 0x00000001
core   0: 0x800056d4 (0x00e96663) bltu    s2, a4, pc + 12
core   0: 3 0x800056d4 (0x00e96663)
core   0: 0x800056e0 (0x547a30b7) lui     ra, 0x547a3
core   0: 3 0x800056e0 (0x547a30b7) x 1 0x547a3000
core   0: 0x800056e4 (0x7213b713) sltiu   a4, t2, 1825
core   0: 3 0x800056e4 (0x7213b713) x14 0x00000001
core   0: 0x800056e8 (0x02335833) divu    a6, t1, gp
core   0: 3 0x800056e8 (0x02335833) x16 0xffffffff
core   0: 0x800056ec (0x00382eb3) slt     t4, a6, gp
core   0: 3 0x800056ec (0x00382eb3) x29 0x00000001
core   0: 0x800056f0 (0x00600693) li      a3, 6
core   0: 3 0x800056f0 (0x00600693) x13 0x00000006
core   0: 0x800056f4 (0x00c61613) slli    a2, a2, 12
core   0: 3 0x800056f4 (0x00c61613) x12 0x00000000
core   0: 0x800056f8 (0xa911cb93) xori    s7, gp, -1391
core   0: 3 0x800056f8 (0xa911cb93) x23 0xfffffa91
core   0: 0x800056fc (0x406a0c33) sub     s8, s4, t1
core   0: 3 0x800056fc (0x406a0c33) x24 0xffffffc0
core   0: 0x80005700 (0x03367933) remu    s2, a2, s3
core   0: 3 0x80005700 (0x03367933) x18 0x00000000
core   0: 0x80005704 (0x01171fb3) sll     t6, a4, a7
core   0: 3 0x80005704 (0x01171fb3) x31 0x00000001
core   0: 0x80005708 (0x00125893) srli    a7, tp, 1
core   0: 3 0x80005708 (0x00125893) x17 0x00000200
core   0: 0x8000570c (0x408ed2b3) sra     t0, t4, s0
core   0: 3 0x8000570c (0x408ed2b3) x 5 0x00000000
core   0: 0x80005710 (0x00d85133) srl     sp, a6, a3
core   0: 3 0x80005710 (0x00d85133) x 2 0x03ffffff
core   0: 0x80005714 (0x01a27db3) and     s11, tp, s10
core   0: 3 0x80005714 (0x01a27db3) x27 0x00000000
core   0: 0x80005718 (0x00400313) li      t1, 4
core   0: 3 0x80005718 (0x00400313) x 6 0x00000004
core   0: 0x8000571c (0x41e15b93) srai    s7, sp, 30
core   0: 3 0x8000571c (0x41e15b93) x23 0x00000000
core   0: 0x80005720 (0x0ede6e93) ori     t4, t3, 237
core   0: 3 0x80005720 (0x0ede6e93) x29 0x000000ed
core   0: 0x80005724 (0x92240d13) addi    s10, s0, -1758
core   0: 3 0x80005724 (0x92240d13) x26 0xfffff923
core   0: 0x80005728 (0x40115c93) srai    s9, sp, 1
core   0: 3 0x80005728 (0x40115c93) x25 0x01ffffff
core   0: 0x8000572c (0xffe68693) addi    a3, a3, -2
core   0: 3 0x8000572c (0xffe68693) x13 0x00000004
core   0: 0x80005730 (0x00500b13) li      s6, 5
core   0: 3 0x80005730 (0x00500b13) x22 0x00000005
core   0: 0x80005734 (0x003a23b3) slt     t2, s4, gp
core   0: 3 0x80005734 (0x003a23b3) x 7 0x00000000
core   0: 0x80005738 (0x007ea5b3) slt     a1, t4, t2
core   0: 3 0x80005738 (0x007ea5b3) x11 0x00000000
core   0: 0x8000573c (0x00a00a13) li      s4, 10
core   0: 3 0x8000573c (0x00a00a13) x20 0x0000000a
core   0: 0x80005740 (0x403d5d33) sra     s10, s10, gp
core   0: 3 0x80005740 (0x403d5d33) x26 0xfffff923
core   0: 0x80005744 (0x0068b033) sltu    zero, a7, t1
core   0: 3 0x80005744 (0x0068b033)
core   0: 0x80005748 (0x02643633) mulhu   a2, s0, t1
core   0: 3 0x80005748 (0x02643633) x12 0x00000000
core   0: 0x8000574c (0x40dad513) srai    a0, s5, 13
core   0: 3 0x8000574c (0x40dad513) x10 0xfffc0014
core   0: 0x80005750 (0x006b0b13) addi    s6, s6, 6
core   0: 3 0x80005750 (0x006b0b13) x22 0x0000000b
core   0: 0x80005754 (0x01955013) srli    zero, a0, 25
core   0: 3 0x80005754 (0x01955013)
core   0: 0x80005758 (0xff4b66e3) bltu    s6, s4, pc - 20
core   0: 3 0x80005758 (0xff4b66e3)
core   0: 0x8000575c (0x416f5d33) sra     s10, t5, s6
core   0: 3 0x8000575c (0x416f5d33) x26 0x00000000
core   0: 0x80005760 (0xfc66f2e3) bgeu    a3, t1, pc - 60
core   0: 3 0x80005760 (0xfc66f2e3)
core   0: 0x80005724 (0x92240d13) addi    s10, s0, -1758
core   0: 3 0x80005724 (0x92240d13) x26 0xfffff923
core   0: 0x80005728 (0x40115c93) srai    s9, sp, 1
core   0: 3 0x80005728 (0x40115c93) x25 0x01ffffff
core   0: 0x8000572c (0xffe68693) addi    a3, a3, -2
core   0: 3 0x8000572c (0xffe68693) x13 0x00000002
core   0: 0x80005730 (0x00500b13) li      s6, 5
core   0: 3 0x80005730 (0x00500b13) x22 0x00000005
core   0: 0x80005734 (0x003a23b3) slt     t2, s4, gp
core   0: 3 0x80005734 (0x003a23b3) x 7 0x00000000
core   0: 0x80005738 (0x007ea5b3) slt     a1, t4, t2
core   0: 3 0x80005738 (0x007ea5b3) x11 0x00000000
core   0: 0x8000573c (0x00a00a13) li      s4, 10
core   0: 3 0x8000573c (0x00a00a13) x20 0x0000000a
core   0: 0x80005740 (0x403d5d33) sra     s10, s10, gp
core   0: 3 0x80005740 (0x403d5d33) x26 0xfffff923
core   0: 0x80005744 (0x0068b033) sltu    zero, a7, t1
core   0: 3 0x80005744 (0x0068b033)
core   0: 0x80005748 (0x02643633) mulhu   a2, s0, t1
core   0: 3 0x80005748 (0x02643633) x12 0x00000000
core   0: 0x8000574c (0x40dad513) srai    a0, s5, 13
core   0: 3 0x8000574c (0x40dad513) x10 0xfffc0014
core   0: 0x80005750 (0x006b0b13) addi    s6, s6, 6
core   0: 3 0x80005750 (0x006b0b13) x22 0x0000000b
core   0: 0x80005754 (0x01955013) srli    zero, a0, 25
core   0: 3 0x80005754 (0x01955013)
core   0: 0x80005758 (0xff4b66e3) bltu    s6, s4, pc - 20
core   0: 3 0x80005758 (0xff4b66e3)
core   0: 0x8000575c (0x416f5d33) sra     s10, t5, s6
core   0: 3 0x8000575c (0x416f5d33) x26 0x00000000
core   0: 0x80005760 (0xfc66f2e3) bgeu    a3, t1, pc - 60
core   0: 3 0x80005760 (0xfc66f2e3)
core   0: 0x80005764 (0x6f20b813) sltiu   a6, ra, 1778
core   0: 3 0x80005764 (0x6f20b813) x16 0x00000000
core   0: 0x80005768 (0x0604da63) bgez    s1, pc + 116
core   0: 3 0x80005768 (0x0604da63)
core   0: 0x800057dc (0x00e8c4b3) xor     s1, a7, a4
core   0: 3 0x800057dc (0x00e8c4b3) x 9 0x00000201
core   0: 0x800057e0 (0x08a85263) bge     a6, a0, pc + 132
core   0: 3 0x800057e0 (0x08a85263)
core   0: 0x80005864 (0x0363c463) blt     t2, s6, pc + 40
core   0: 3 0x80005864 (0x0363c463)
core   0: 0x8000588c (0x00809eb3) sll     t4, ra, s0
core   0: 3 0x8000588c (0x00809eb3) x29 0xa8f46000
core   0: 0x80005890 (0x034ca9b3) mulhsu  s3, s9, s4
core   0: 3 0x80005890 (0x034ca9b3) x19 0x00000000
core   0: 0x80005894 (0x40ff0533) sub     a0, t5, a5
core   0: 3 0x80005894 (0x40ff0533) x10 0x7ffda19c
core   0: 0x80005898 (0xd2cb6b93) ori     s7, s6, -724
core   0: 3 0x80005898 (0xd2cb6b93) x23 0xfffffd2f
core   0: 0x8000589c (0x009b0db3) add     s11, s6, s1
core   0: 3 0x8000589c (0x009b0db3) x27 0x0000020c
core   0: 0x800058a0 (0x005656b3) srl     a3, a2, t0
core   0: 3 0x800058a0 (0x005656b3) x13 0x00000000
core   0: 0x800058a4 (0x02627d33) remu    s10, tp, t1
core   0: 3 0x800058a4 (0x02627d33) x26 0x00000000
core   0: 0x800058a8 (0x5210ae97) auipc   t4, 0x5210a
core   0: 3 0x800058a8 (0x5210ae97) x29 0xd210f8a8
core   0: 0x800058ac (0x411f5fb3) sra     t6, t5, a7
core   0: 3 0x800058ac (0x411f5fb3) x31 0x00000000
core   0: 0x800058b0 (0x8617a293) slti    t0, a5, -1951
core   0: 3 0x800058b0 (0x8617a293) x 5 0x00000001
core   0: 0x800058b4 (0x00175593) srli    a1, a4, 1
core   0: 3 0x800058b4 (0x00175593) x11 0x00000000
core   0: 0x800058b8 (0x410786b3) sub     a3, a5, a6
core   0: 3 0x800058b8 (0x410786b3) x13 0x80025e64
core   0: 0x800058bc (0x017f70b3) and     ra, t5, s7
core   0: 3 0x800058bc (0x017f70b3) x 1 0x00000000
core   0: 0x800058c0 (0x4065dc93) srai    s9, a1, 6
core   0: 3 0x800058c0 (0x4065dc93) x25 0x00000000
core   0: 0x800058c4 (0x03b23fb3) mulhu   t6, tp, s11
core   0: 3 0x800058c4 (0x03b23fb3) x31 0x00000000
core   0: 0x800058c8 (0x4071df93) srai    t6, gp, 7
core   0: 3 0x800058c8 (0x4071df93) x31 0x00000000
core   0: 0x800058cc (0x07afeb97) auipc   s7, 0x7afe
core   0: 3 0x800058cc (0x07afeb97) x23 0x87b038cc
core   0: 0x800058d0 (0x017763b3) or      t2, a4, s7
core   0: 3 0x800058d0 (0x017763b3) x 7 0x87b038cd
core   0: 0x800058d4 (0x033d24b3) mulhsu  s1, s10, s3
core   0: 3 0x800058d4 (0x033d24b3) x 9 0x00000000
core   0: 0x800058d8 (0x0207eeb3) rem     t4, a5, zero
core   0: 3 0x800058d8 (0x0207eeb3) x29 0x80025e64
core   0: 0x800058dc (0xfd5ec993) xori    s3, t4, -43
core   0: 3 0x800058dc (0xfd5ec993) x19 0x7ffda1b1
core   0: 0x800058e0 (0x00faaeb3) slt     t4, s5, a5
core   0: 3 0x800058e0 (0x00faaeb3) x29 0x00000000
core   0: 0x800058e4 (0x03ad5b33) divu    s6, s10, s10
core   0: 3 0x800058e4 (0x03ad5b33) x22 0xffffffff
core   0: 0x800058e8 (0x01625993) srli    s3, tp, 22
core   0: 3 0x800058e8 (0x01625993) x19 0x00000000
core   0: 0x800058ec (0x40b68233) sub     tp, a3, a1
core   0: 3 0x800058ec (0x40b68233) x 4 0x80025e64
core   0: 0x800058f0 (0x4157dfb3) sra     t6, a5, s5
core   0: 3 0x800058f0 (0x4157dfb3) x31 0xf80025e6
core   0: 0x800058f4 (0x02c24cb3) div     s9, tp, a2
core   0: 3 0x800058f4 (0x02c24cb3) x25 0xffffffff
core   0: 0x800058f8 (0x00700613) li      a2, 7
core   0: 3 0x800058f8 (0x00700613) x12 0x00000007
core   0: 0x800058fc (0x02330db3) mul     s11, t1, gp
core   0: 3 0x800058fc (0x02330db3) x27 0x00000000
core   0: 0x80005900 (0x4121d733) sra     a4, gp, s2
core   0: 3 0x80005900 (0x4121d733) x14 0x00000000
core   0: 0x80005904 (0x019ff4b3) and     s1, t6, s9
core   0: 3 0x80005904 (0x019ff4b3) x 9 0xf80025e6
core   0: 0x80005908 (0x0293e733) rem     a4, t2, s1
core   0: 3 0x80005908 (0x0293e733) x14 0xffae0053
core   0: 0x8000590c (0xff300093) li      ra, -13
core   0: 3 0x8000590c (0xff300093) x 1 0xfffffff3
core   0: 0x80005910 (0x03777933) remu    s2, a4, s7
core   0: 3 0x80005910 (0x03777933) x18 0x77fdc787
core   0: 0x80005914 (0x02e7feb3) remu    t4, a5, a4
core   0: 3 0x80005914 (0x02e7feb3) x29 0x80025e64
core   0: 0x80005918 (0xab65b013) sltiu   zero, a1, -1354
core   0: 3 0x80005918 (0xab65b013)
core   0: 0x8000591c (0x5ba4f813) andi    a6, s1, 1466
core   0: 3 0x8000591c (0x5ba4f813) x16 0x000005a2
core   0: 0x80005920 (0x52efcc13) xori    s8, t6, 1326
core   0: 3 0x80005920 (0x52efcc13) x24 0xf80020c8
core   0: 0x80005924 (0x00031c33) sll     s8, t1, zero
core   0: 3 0x80005924 (0x00031c33) x24 0x00000004
core   0: 0x80005928 (0x007f5293) srli    t0, t5, 7
core   0: 3 0x80005928 (0x007f5293) x 5 0x00000000
core   0: 0x8000592c (0x0146d233) srl     tp, a3, s4
core   0: 3 0x8000592c (0x0146d233) x 4 0x00200097
core   0: 0x80005930 (0x3a7e6413) ori     s0, t3, 935
core   0: 3 0x80005930 (0x3a7e6413) x 8 0x000003a7
core   0: 0x80005934 (0x00fb4533) xor     a0, s6, a5
core   0: 3 0x80005934 (0x00fb4533) x10 0x7ffda19b
core   0: 0x80005938 (0x02c0ecb3) rem     s9, ra, a2
core   0: 3 0x80005938 (0x02c0ecb3) x25 0xfffffffa
core   0: 0x8000593c (0x00000013) nop
core   0: 3 0x8000593c (0x00000013)
core   0: 0x80005940 (0x005df6b3) and     a3, s11, t0
core   0: 3 0x80005940 (0x005df6b3) x13 0x00000000
core   0: 0x80005944 (0x012e3533) sltu    a0, t3, s2
core   0: 3 0x80005944 (0x012e3533) x10 0x00000001
core   0: 0x80005948 (0xff660613) addi    a2, a2, -10
core   0: 3 0x80005948 (0xff660613) x12 0xfffffffd
core   0: 0x8000594c (0x0273f3b3) remu    t2, t2, t2
core   0: 3 0x8000594c (0x0273f3b3) x 7 0x00000000
core   0: 0x80005950 (0x03a95333) divu    t1, s2, s10
core   0: 3 0x80005950 (0x03a95333) x 6 0xffffffff
core   0: 0x80005954 (0x006343b3) xor     t2, t1, t1
core   0: 3 0x80005954 (0x006343b3) x 7 0x00000000
core   0: 0x80005958 (0x00ef4133) xor     sp, t5, a4
core   0: 3 0x80005958 (0x00ef4133) x 2 0xffae0053
core   0: 0x8000595c (0x004ce1b3) or      gp, s9, tp
core   0: 3 0x8000595c (0x004ce1b3) x 3 0xffffffff
core   0: 0x80005960 (0xfa160ee3) beq     a2, ra, pc - 68
core   0: 3 0x80005960 (0xfa160ee3)
core   0: 0x80005964 (0x33880313) addi    t1, a6, 824
core   0: 3 0x80005964 (0x33880313) x 6 0x000008da
core   0: 0x80005968 (0x00b80fb3) add     t6, a6, a1
core   0: 3 0x80005968 (0x00b80fb3) x31 0x000005a2
core   0: 0x8000596c (0x189f2013) slti    zero, t5, 393
core   0: 3 0x8000596c (0x189f2013)
core   0: 0x80005970 (0x030e19b3) mulh    s3, t3, a6
core   0: 3 0x80005970 (0x030e19b3) x19 0x00000000
core   0: 0x80005974 (0xd4344c93) xori    s9, s0, -701
core   0: 3 0x80005974 (0xd4344c93) x25 0xfffffee4
core   0: 0x80005978 (0x03f7e733) rem     a4, a5, t6
core   0: 3 0x80005978 (0x03f7e733) x14 0xffffffbc
core   0: 0x8000597c (0x2f35a113) slti    sp, a1, 755
core   0: 3 0x8000597c (0x2f35a113) x 2 0x00000001
core   0: 0x80005980 (0xbe3b7397) auipc   t2, 0xbe3b7
core   0: 3 0x80005980 (0xbe3b7397) x 7 0x3e3bc980
core   0: 0x80005984 (0x00061933) sll     s2, a2, zero
core   0: 3 0x80005984 (0x00061933) x18 0xfffffffd
core   0: 0x80005988 (0x00d456b3) srl     a3, s0, a3
core   0: 3 0x80005988 (0x00d456b3) x13 0x000003a7
core   0: 0x8000598c (0x0209b433) mulhu   s0, s3, zero
core   0: 3 0x8000598c (0x0209b433) x 8 0x00000000
core   0: 0x80005990 (0x0087d463) bge     a5, s0, pc + 8
core   0: 3 0x80005990 (0x0087d463)
core   0: 0x80005994 (0x025014b3) mulh    s1, zero, t0
core   0: 3 0x80005994 (0x025014b3) x 9 0x00000000
core   0: 0x80005998 (0x01e19fb3) sll     t6, gp, t5
core   0: 3 0x80005998 (0x01e19fb3) x31 0xffffffff
core   0: 0x8000599c (0x00c648b3) xor     a7, a2, a2
core   0: 3 0x8000599c (0x00c648b3) x17 0x00000000
core   0: 0x800059a0 (0x025fc733) div     a4, t6, t0
core   0: 3 0x800059a0 (0x025fc733) x14 0xffffffff
core   0: 0x800059a4 (0x00fab033) sltu    zero, s5, a5
core   0: 3 0x800059a4 (0x00fab033)
core   0: 0x800059a8 (0x01c9ed33) or      s10, s3, t3
core   0: 3 0x800059a8 (0x01c9ed33) x26 0x00000001
core   0: 0x800059ac (0x04917063) bgeu    sp, s1, pc + 64
core   0: 3 0x800059ac (0x04917063)
core   0: 0x800059ec (0x028ece63) blt     t4, s0, pc + 60
core   0: 3 0x800059ec (0x028ece63)
core   0: 0x80005a28 (0x01347c33) and     s8, s0, s3
core   0: 3 0x80005a28 (0x01347c33) x24 0x00000000
core   0: 0x80005a2c (0x00000013) nop
core   0: 3 0x80005a2c (0x00000013)
core   0: 0x80005a30 (0x03c723b3) mulhsu  t2, a4, t3
core   0: 3 0x80005a30 (0x03c723b3) x 7 0xffffffff
core   0: 0x80005a34 (0x0810ec63) bltu    ra, ra, pc + 152
core   0: 3 0x80005a34 (0x0810ec63)
core   0: 0x80005a38 (0x40e284b3) sub     s1, t0, a4
core   0: 3 0x80005a38 (0x40e284b3) x 9 0x00000001
core   0: 0x80005a3c (0x06675263) bge     a4, t1, pc + 100
core   0: 3 0x80005a3c (0x06675263)
core   0: 0x80005a40 (0x00df09b3) add     s3, t5, a3
core   0: 3 0x80005a40 (0x00df09b3) x19 0x000003a7
core   0: 0x80005a44 (0x08fd6863) bltu    s10, a5, pc + 144
core   0: 3 0x80005a44 (0x08fd6863)
core   0: 0x80005ad4 (0xe8648917) auipc   s2, 0xe8648
core   0: 3 0x80005ad4 (0xe8648917) x18 0x6864dad4
core   0: 0x80005ad8 (0x174af113) andi    sp, s5, 372
core   0: 3 0x80005ad8 (0x174af113) x 2 0x00000064
core   0: 0x80005adc (0x023c5333) divu    t1, s8, gp
core   0: 3 0x80005adc (0x023c5333) x 6 0x00000000
core   0: 0x80005ae0 (0x008dba33) sltu    s4, s11, s0
core   0: 3 0x80005ae0 (0x008dba33) x20 0x00000000
core   0: 0x80005ae4 (0x023b0663) beq     s6, gp, pc + 44
core   0: 3 0x80005ae4 (0x023b0663)
core   0: 0x80005b10 (0x00000013) nop
core   0: 3 0x80005b10 (0x00000013)
core   0: 0x80005b14 (0x05f15463) bge     sp, t6, pc + 72
core   0: 3 0x80005b14 (0x05f15463)
core   0: 0x80005b5c (0x61414113) xori    sp, sp, 1556
core   0: 3 0x80005b5c (0x61414113) x 2 0x00000670
core   0: 0x80005b60 (0x0158b133) sltu    sp, a7, s5
core   0: 3 0x80005b60 (0x0158b133) x 2 0x00000001
core   0: 0x80005b64 (0x02c46a33) rem     s4, s0, a2
core   0: 3 0x80005b64 (0x02c46a33) x20 0x00000000
core   0: 0x80005b68 (0x00dd42b3) xor     t0, s10, a3
core   0: 3 0x80005b68 (0x00dd42b3) x 5 0x000003a6
core   0: 0x80005b6c (0x00000013) nop
core   0: 3 0x80005b6c (0x00000013)
core   0: 0x80005b70 (0x026cc463) blt     s9, t1, pc + 40
core   0: 3 0x80005b70 (0x026cc463)
core   0: 0x80005b98 (0x400a5533) sra     a0, s4, zero
core   0: 3 0x80005b98 (0x400a5533) x10 0x00000000
core   0: 0x80005b9c (0x03e9ae33) mulhsu  t3, s3, t5
core   0: 3 0x80005b9c (0x03e9ae33) x28 0x00000000
core   0: 0x80005ba0 (0x2f9b7e13) andi    t3, s6, 761
core   0: 3 0x80005ba0 (0x2f9b7e13) x28 0x000002f9
core   0: 0x80005ba4 (0xd0b56113) ori     sp, a0, -757
core   0: 3 0x80005ba4 (0xd0b56113) x 2 0xfffffd0b
core   0: 0x80005ba8 (0x00d59713) slli    a4, a1, 13
core   0: 3 0x80005ba8 (0x00d59713) x14 0x00000000
core   0: 0x80005bac (0xb6268e13) addi    t3, a3, -1182
core   0: 3 0x80005bac (0xb6268e13) x28 0xffffff09
core   0: 0x80005bb0 (0x0232e033) rem     zero, t0, gp
core   0: 3 0x80005bb0 (0x0232e033)
core   0: 0x80005bb4 (0x019afc33) and     s8, s5, s9
core   0: 3 0x80005bb4 (0x019afc33) x24 0x80029ce4
core   0: 0x80005bb8 (0x00893133) sltu    sp, s2, s0
core   0: 3 0x80005bb8 (0x00893133) x 2 0x00000000
core   0: 0x80005bbc (0x03868e63) beq     a3, s8, pc + 60
core   0: 3 0x80005bbc (0x03868e63)
core   0: 0x80005bc0 (0x4fbc6713) ori     a4, s8, 1275
core   0: 3 0x80005bc0 (0x4fbc6713) x14 0x80029cff
core   0: 0x80005bc4 (0x01dd0033) add     zero, s10, t4
core   0: 3 0x80005bc4 (0x01dd0033)
core   0: 0x80005bc8 (0x0038d5b3) srl     a1, a7, gp
core   0: 3 0x80005bc8 (0x0038d5b3) x11 0x00000000
core   0: 0x80005bcc (0x0099c4b3) xor     s1, s3, s1
core   0: 3 0x80005bcc (0x0099c4b3) x 9 0x000003a6
core   0: 0x80005bd0 (0x00a486b3) add     a3, s1, a0
core   0: 3 0x80005bd0 (0x00a486b3) x13 0x000003a6
core   0: 0x80005bd4 (0x01275513) srli    a0, a4, 18
core   0: 3 0x80005bd4 (0x01275513) x10 0x00002000
core   0: 0x80005bd8 (0x0375ca63) blt     a1, s7, pc + 52
core   0: 3 0x80005bd8 (0x0375ca63)
core   0: 0x80005bdc (0x43a53d13) sltiu   s10, a0, 1082
core   0: 3 0x80005bdc (0x43a53d13) x26 0x00000000
core   0: 0x80005be0 (0x40365d93) srai    s11, a2, 3
core   0: 3 0x80005be0 (0x40365d93) x27 0xffffffff
core   0: 0x80005be4 (0x0108fc63) bgeu    a7, a6, pc + 24
core   0: 3 0x80005be4 (0x0108fc63)
core   0: 0x80005be8 (0x0069f6b3) and     a3, s3, t1
core   0: 3 0x80005be8 (0x0069f6b3) x13 0x00000000
core   0: 0x80005bec (0x01e02bb3) slt     s7, zero, t5
core   0: 3 0x80005bec (0x01e02bb3) x23 0x00000000
core   0: 0x80005bf0 (0x9a36e593) ori     a1, a3, -1629
core   0: 3 0x80005bf0 (0x9a36e593) x11 0xfffff9a3
core   0: 0x80005bf4 (0x055ae063) bltu    s5, s5, pc + 64
core   0: 3 0x80005bf4 (0x055ae063)
core   0: 0x80005bf8 (0x03054b33) div     s6, a0, a6
core   0: 3 0x80005bf8 (0x03054b33) x22 0x00000005
core   0: 0x80005bfc (0x03f0ec63) bltu    ra, t6, pc + 56
core   0: 3 0x80005bfc (0x03f0ec63)
core   0: 0x80005c34 (0x00000013) nop
core   0: 3 0x80005c34 (0x00000013)
core   0: 0x80005c38 (0x033129b3) mulhsu  s3, sp, s3
core   0: 3 0x80005c38 (0x033129b3) x19 0x00000000
core   0: 0x80005c3c (0x01959c63) bne     a1, s9, pc + 24
core   0: 3 0x80005c3c (0x01959c63)
core   0: 0x80005c54 (0x0109bcb3) sltu    s9, s3, a6
core   0: 3 0x80005c54 (0x0109bcb3) x25 0x00000001
core   0: 0x80005c58 (0x00167333) and     t1, a2, ra
core   0: 3 0x80005c58 (0x00167333) x 6 0xfffffff1
core   0: 0x80005c5c (0x6345b613) sltiu   a2, a1, 1588
core   0: 3 0x80005c5c (0x6345b613) x12 0x00000000
core   0: 0x80005c60 (0x03e88233) mul     tp, a7, t5
core   0: 3 0x80005c60 (0x03e88233) x 4 0x00000000
core   0: 0x80005c64 (0x00000013) nop
core   0: 3 0x80005c64 (0x00000013)
core   0: 0x80005c68 (0x0087d393) srli    t2, a5, 8
core   0: 3 0x80005c68 (0x0087d393) x 7 0x0080025e
core   0: 0x80005c6c (0x03039bb3) mulh    s7, t2, a6
core   0: 3 0x80005c6c (0x03039bb3) x23 0x00000002
core   0: 0x80005c70 (0x014346b3) xor     a3, t1, s4
core   0: 3 0x80005c70 (0x014346b3) x13 0xfffffff1
core   0: 0x80005c74 (0x00000013) nop
core   0: 3 0x80005c74 (0x00000013)
core   0: 0x80005c78 (0x0192cc63) blt     t0, s9, pc + 24
core   0: 3 0x80005c78 (0x0192cc63)
core   0: 0x80005c7c (0x40a08933) sub     s2, ra, a0
core   0: 3 0x80005c7c (0x40a08933) x18 0xffffdff3
core   0: 0x80005c80 (0x034661b3) rem     gp, a2, s4
core   0: 3 0x80005c80 (0x034661b3) x 3 0x00000000
core   0: 0x80005c84 (0x7d5de937) lui     s2, 0x7d5de
core   0: 3 0x80005c84 (0x7d5de937) x18 0x7d5de000
core   0: 0x80005c88 (0x00000013) nop
core   0: 3 0x80005c88 (0x00000013)
core   0: 0x80005c8c (0x01089e33) sll     t3, a7, a6
core   0: 3 0x80005c8c (0x01089e33) x28 0x00000000
core   0: 0x80005c90 (0x012faa33) slt     s4, t6, s2
core   0: 3 0x80005c90 (0x012faa33) x20 0x00000001
core   0: 0x80005c94 (0x02c8c933) div     s2, a7, a2
core   0: 3 0x80005c94 (0x02c8c933) x18 0xffffffff
core   0: 0x80005c98 (0x00053733) sltu    a4, a0, zero
core   0: 3 0x80005c98 (0x00053733) x14 0x00000000
core   0: 0x80005c9c (0x01fe6633) or      a2, t3, t6
core   0: 3 0x80005c9c (0x01fe6633) x12 0xffffffff
core   0: 0x80005ca0 (0x034fe663) bltu    t6, s4, pc + 44
core   0: 3 0x80005ca0 (0x034fe663)
core   0: 0x80005ca4 (0x00c11693) slli    a3, sp, 12
core   0: 3 0x80005ca4 (0x00c11693) x13 0x00000000
core   0: 0x80005ca8 (0x0355a8b3) mulhsu  a7, a1, s5
core   0: 3 0x80005ca8 (0x0355a8b3) x17 0xfffffcd1
core   0: 0x80005cac (0x39cb3593) sltiu   a1, s6, 924
core   0: 3 0x80005cac (0x39cb3593) x11 0x00000001
core   0: 0x80005cb0 (0x3f963013) sltiu   zero, a2, 1017
core   0: 3 0x80005cb0 (0x3f963013)
core   0: 0x80005cb4 (0x03355063) bge     a0, s3, pc + 32
core   0: 3 0x80005cb4 (0x03355063)
core   0: 0x80005cd4 (0x009e26b3) slt     a3, t3, s1
core   0: 3 0x80005cd4 (0x009e26b3) x13 0x00000001
core   0: 0x80005cd8 (0xe49dc893) xori    a7, s11, -439
core   0: 3 0x80005cd8 (0xe49dc893) x17 0x000001b6
core   0: 0x80005cdc (0x9b69a093) slti    ra, s3, -1610
core   0: 3 0x80005cdc (0x9b69a093) x 1 0x00000000
core   0: 0x80005ce0 (0x023193b3) mulh    t2, gp, gp
core   0: 3 0x80005ce0 (0x023193b3) x 7 0x00000000
core   0: 0x80005ce4 (0x3d786493) ori     s1, a6, 983
core   0: 3 0x80005ce4 (0x3d786493) x 9 0x000007f7
core   0: 0x80005ce8 (0x0148d833) srl     a6, a7, s4
core   0: 3 0x80005ce8 (0x0148d833) x16 0x000000db
core   0: 0x80005cec (0x61e03913) sltiu   s2, zero, 1566
core   0: 3 0x80005cec (0x61e03913) x18 0x00000001
core   0: 0x80005cf0 (0x41ee82b3) sub     t0, t4, t5
core   0: 3 0x80005cf0 (0x41ee82b3) x 5 0x80025e64
core   0: 0x80005cf4 (0x0f024a17) auipc   s4, 0xf024
core   0: 3 0x80005cf4 (0x0f024a17) x20 0x8f029cf4
core   0: 0x80005cf8 (0x02a05db3) divu    s11, zero, a0
core   0: 3 0x80005cf8 (0x02a05db3) x27 0x00000000
core   0: 0x80005cfc (0x5bcfbe13) sltiu   t3, t6, 1468
core   0: 3 0x80005cfc (0x5bcfbe13) x28 0x00000000
core   0: 0x80005d00 (0x021155b3) divu    a1, sp, ra
core   0: 3 0x80005d00 (0x021155b3) x11 0xffffffff
core   0: 0x80005d04 (0x40e70633) sub     a2, a4, a4
core   0: 3 0x80005d04 (0x40e70633) x12 0x00000000
core   0: 0x80005d08 (0x40db8e33) sub     t3, s7, a3
core   0: 3 0x80005d08 (0x40db8e33) x28 0x00000001
core   0: 0x80005d0c (0x03815db3) divu    s11, sp, s8
core   0: 3 0x80005d0c (0x03815db3) x27 0x00000000
core   0: 0x80005d10 (0x0bdf9863) bne     t6, t4, pc + 176
core   0: 3 0x80005d10 (0x0bdf9863)
core   0: 0x80005dc0 (0x01787eb3) and     t4, a6, s7
core   0: 3 0x80005dc0 (0x01787eb3) x29 0x00000002
core   0: 0x80005dc4 (0x405ad693) srai    a3, s5, 5
core   0: 3 0x80005dc4 (0x405ad693) x13 0xfc0014e7
core   0: 0x80005dc8 (0x0180b733) sltu    a4, ra, s8
core   0: 3 0x80005dc8 (0x0180b733) x14 0x00000001
core   0: 0x80005dcc (0x41660633) sub     a2, a2, s6
core   0: 3 0x80005dcc (0x41660633) x12 0xfffffffb
core   0: 0x80005dd0 (0x41f65313) srai    t1, a2, 31
core   0: 3 0x80005dd0 (0x41f65313) x 6 0xffffffff
core   0: 0x80005dd4 (0x01418233) add     tp, gp, s4
core   0: 3 0x80005dd4 (0x01418233) x 4 0x8f029cf4
core   0: 0x80005dd8 (0x01b7fdb3) and     s11, a5, s11
core   0: 3 0x80005dd8 (0x01b7fdb3) x27 0x00000000
core   0: 0x80005ddc (0x0108ce63) blt     a7, a6, pc + 28
core   0: 3 0x80005ddc (0x0108ce63)
core   0: 0x80005de0 (0x00000013) nop
core   0: 3 0x80005de0 (0x00000013)
core   0: 0x80005de4 (0x00000013) nop
core   0: 3 0x80005de4 (0x00000013)
core   0: 0x80005de8 (0x036f1863) bne     t5, s6, pc + 48
core   0: 3 0x80005de8 (0x036f1863)
core   0: 0x80005e18 (0x02ae80b3) mul     ra, t4, a0
core   0: 3 0x80005e18 (0x02ae80b3) x 1 0x00004000
core   0: 0x80005e1c (0x02e69cb3) mulh    s9, a3, a4
core   0: 3 0x80005e1c (0x02e69cb3) x25 0xffffffff
core   0: 0x80005e20 (0x033c55b3) divu    a1, s8, s3
core   0: 3 0x80005e20 (0x033c55b3) x11 0xffffffff
core   0: 0x80005e24 (0xa7ddea13) ori     s4, s11, -1411
core   0: 3 0x80005e24 (0xa7ddea13) x20 0xfffffa7d
core   0: 0x80005e28 (0x00d76433) or      s0, a4, a3
core   0: 3 0x80005e28 (0x00d76433) x 8 0xfc0014e7
core   0: 0x80005e2c (0x06104263) blt     zero, ra, pc + 100
core   0: 3 0x80005e2c (0x06104263)
core   0: 0x80005e90 (0x01112733) slt     a4, sp, a7
core   0: 3 0x80005e90 (0x01112733) x14 0x00000001
core   0: 0x80005e94 (0x048e7063) bgeu    t3, s0, pc + 64
core   0: 3 0x80005e94 (0x048e7063)
core   0: 0x80005e98 (0x00ec0863) beq     s8, a4, pc + 16
core   0: 3 0x80005e98 (0x00ec0863)
core   0: 0x80005e9c (0x0315a433) mulhsu  s0, a1, a7
core   0: 3 0x80005e9c (0x0315a433) x 8 0xffffffff
core   0: 0x80005ea0 (0xc319ca13) xori    s4, s3, -975
core   0: 3 0x80005ea0 (0xc319ca13) x20 0xfffffc31
core   0: 0x80005ea4 (0x01049a13) slli    s4, s1, 16
core   0: 3 0x80005ea4 (0x01049a13) x20 0x07f70000
core   0: 0x80005ea8 (0x40e80bb3) sub     s7, a6, a4
core   0: 3 0x80005ea8 (0x40e80bb3) x23 0x000000da
core   0: 0x80005eac (0x01b31293) slli    t0, t1, 27
core   0: 3 0x80005eac (0x01b31293) x 5 0xf8000000
core   0: 0x80005eb0 (0x41c28d33) sub     s10, t0, t3
core   0: 3 0x80005eb0 (0x41c28d33) x26 0xf7ffffff
core   0: 0x80005eb4 (0x01fb5013) srli    zero, s6, 31
core   0: 3 0x80005eb4 (0x01fb5013)
core   0: 0x80005eb8 (0xa3a64c93) xori    s9, a2, -1478
core   0: 3 0x80005eb8 (0xa3a64c93) x25 0x000005c1
core   0: 0x80005ebc (0x02ee48b3) div     a7, t3, a4
core   0: 3 0x80005ebc (0x02ee48b3) x17 0x00000001
core   0: 0x80005ec0 (0x415a80b3) sub     ra, s5, s5
core   0: 3 0x80005ec0 (0x415a80b3) x 1 0x00000000
core   0: 0x80005ec4 (0x014bfcb3) and     s9, s7, s4
core   0: 3 0x80005ec4 (0x014bfcb3) x25 0x00000000
core   0: 0x80005ec8 (0x018b1f93) slli    t6, s6, 24
core   0: 3 0x80005ec8 (0x018b1f93) x31 0x05000000
core   0: 0x80005ecc (0x055dd663) bge     s11, s5, pc + 76
core   0: 3 0x80005ecc (0x055dd663)
core   0: 0x80005f18 (0x0000f663) bgeu    ra, zero, pc + 12
core   0: 3 0x80005f18 (0x0000f663)
core   0: 0x80005f24 (0x036cc063) blt     s9, s6, pc + 32
core   0: 3 0x80005f24 (0x036cc063)
core   0: 0x80005f44 (0x41255733) sra     a4, a0, s2
core   0: 3 0x80005f44 (0x41255733) x14 0x00001000
core   0: 0x80005f48 (0x40605c93) srai    s9, zero, 6
core   0: 3 0x80005f48 (0x40605c93) x25 0x00000000
core   0: 0x80005f4c (0xbd080e37) lui     t3, 0xbd080
core   0: 3 0x80005f4c (0xbd080e37) x28 0xbd080000
core   0: 0x80005f50 (0x51bca093) slti    ra, s9, 1307
core   0: 3 0x80005f50 (0x51bca093) x 1 0x00000001
core   0: 0x80005f54 (0x02d923b3) mulhsu  t2, s2, a3
core   0: 3 0x80005f54 (0x02d923b3) x 7 0x00000000
core   0: 0x80005f58 (0x057c1663) bne     s8, s7, pc + 76
core   0: 3 0x80005f58 (0x057c1663)
core   0: 0x80005fa4 (0x03597e63) bgeu    s2, s5, pc + 60
core   0: 3 0x80005fa4 (0x03597e63)
core   0: 0x80005fa8 (0x03cb62b3) rem     t0, s6, t3
core   0: 3 0x80005fa8 (0x03cb62b3) x 5 0x00000005
core   0: 0x80005fac (0x2fcfb913) sltiu   s2, t6, 764
core   0: 3 0x80005fac (0x2fcfb913) x18 0x00000000
core   0: 0x80005fb0 (0x54e9c893) xori    a7, s3, 1358
core   0: 3 0x80005fb0 (0x54e9c893) x17 0x0000054e
core   0: 0x80005fb4 (0x02892e33) mulhsu  t3, s2, s0
core   0: 3 0x80005fb4 (0x02892e33) x28 0x00000000
core   0: 0x80005fb8 (0x02a78833) mul     a6, a5, a0
core   0: 3 0x80005fb8 (0x02a78833) x16 0x4bcc8000
core   0: 0x80005fbc (0x1568bb13) sltiu   s6, a7, 342
core   0: 3 0x80005fbc (0x1568bb13) x22 0x00000000
core   0: 0x80005fc0 (0x0372e9b3) rem     s3, t0, s7
core   0: 3 0x80005fc0 (0x0372e9b3) x19 0x00000005
core   0: 0x80005fc4 (0x04d89063) bne     a7, a3, pc + 64
core   0: 3 0x80005fc4 (0x04d89063)
core   0: 0x80006004 (0x02eea233) mulhsu  tp, t4, a4
core   0: 3 0x80006004 (0x02eea233) x 4 0x00000000
core   0: 0x80006008 (0x00b1d133) srl     sp, gp, a1
core   0: 3 0x80006008 (0x00b1d133) x 2 0x00000000
core   0: 0x8000600c (0x40d28133) sub     sp, t0, a3
core   0: 3 0x8000600c (0x40d28133) x 2 0x03ffeb1e
core   0: 0x80006010 (0xc1adbf93) sltiu   t6, s11, -998
core   0: 3 0x80006010 (0xc1adbf93) x31 0x00000001
core   0: 0x80006014 (0x9f84c293) xori    t0, s1, -1544
core   0: 3 0x80006014 (0x9f84c293) x 5 0xfffffe0f
core   0: 0x80006018 (0x01bfffb3) and     t6, t6, s11
core   0: 3 0x80006018 (0x01bfffb3) x31 0x00000000
core   0: 0x8000601c (0x3deaa693) slti    a3, s5, 990
core   0: 3 0x8000601c (0x3deaa693) x13 0x00000001
core   0: 0x80006020 (0xf825f513) andi    a0, a1, -126
core   0: 3 0x80006020 (0xf825f513) x10 0xffffff82
core   0: 0x80006024 (0x3dc6c613) xori    a2, a3, 988
core   0: 3 0x80006024 (0x3dc6c613) x12 0x000003dd
core   0: 0x80006028 (0x01e5cd33) xor     s10, a1, t5
core   0: 3 0x80006028 (0x01e5cd33) x26 0xffffffff
core   0: 0x8000602c (0x010ddb93) srli    s7, s11, 16
core   0: 3 0x8000602c (0x010ddb93) x23 0x00000000
core   0: 0x80006030 (0x02e739b3) mulhu   s3, a4, a4
core   0: 3 0x80006030 (0x02e739b3) x19 0x00000000
core   0: 0x80006034 (0x00991863) bne     s2, s1, pc + 16
core   0: 3 0x80006034 (0x00991863)
core   0: 0x80006044 (0x021bee33) rem     t3, s7, ra
core   0: 3 0x80006044 (0x021bee33) x28 0x00000000
core   0: 0x80006048 (0x02a9feb3) remu    t4, s3, a0
core   0: 3 0x80006048 (0x02a9feb3) x29 0x00000000
core   0: 0x8000604c (0x00a27863) bgeu    tp, a0, pc + 16
core   0: 3 0x8000604c (0x00a27863)
core   0: 0x80006050 (0x00b85893) srli    a7, a6, 11
core   0: 3 0x80006050 (0x00b85893) x17 0x00097990
core   0: 0x80006054 (0x788f4b37) lui     s6, 0x788f4
core   0: 3 0x80006054 (0x788f4b37) x22 0x788f4000
core   0: 0x80006058 (0x00addb33) srl     s6, s11, a0
core   0: 3 0x80006058 (0x00addb33) x22 0x00000000
core   0: 0x8000605c (0x71fb6093) ori     ra, s6, 1823
core   0: 3 0x8000605c (0x71fb6093) x 1 0x0000071f
core   0: 0x80006060 (0x01c49e63) bne     s1, t3, pc + 28
core   0: 3 0x80006060 (0x01c49e63)
core   0: 0x8000607c (0x1aacfe93) andi    t4, s9, 426
core   0: 3 0x8000607c (0x1aacfe93) x29 0x00000000
core   0: 0x80006080 (0x02f4f733) remu    a4, s1, a5
core   0: 3 0x80006080 (0x02f4f733) x14 0x000007f7
core   0: 0x80006084 (0x00a89813) slli    a6, a7, 10
core   0: 3 0x80006084 (0x00a89813) x16 0x25e64000
core   0: 0x80006088 (0x054f9463) bne     t6, s4, pc + 72
core   0: 3 0x80006088 (0x054f9463)
core   0: 0x800060d0 (0x002f5f93) srli    t6, t5, 2
core   0: 3 0x800060d0 (0x002f5f93) x31 0x00000000
core   0: 0x800060d4 (0x00000013) nop
core   0: 3 0x800060d4 (0x00000013)
core   0: 0x800060d8 (0x01d7f6b3) and     a3, a5, t4
core   0: 3 0x800060d8 (0x01d7f6b3) x13 0x00000000
core   0: 0x800060dc (0x41cc5613) srai    a2, s8, 28
core   0: 3 0x800060dc (0x41cc5613) x12 0xfffffff8
core   0: 0x800060e0 (0x02e3acb3) mulhsu  s9, t2, a4
core   0: 3 0x800060e0 (0x02e3acb3) x25 0x00000000
core   0: 0x800060e4 (0x03e5f9b3) remu    s3, a1, t5
core   0: 3 0x800060e4 (0x03e5f9b3) x19 0xffffffff
core   0: 0x800060e8 (0x022e9e33) mulh    t3, t4, sp
core   0: 3 0x800060e8 (0x022e9e33) x28 0x00000000
core   0: 0x800060ec (0xda8dfa17) auipc   s4, 0xda8df
core   0: 3 0x800060ec (0xda8dfa17) x20 0x5a8e50ec
core   0: 0x800060f0 (0x03cff463) bgeu    t6, t3, pc + 40
core   0: 3 0x800060f0 (0x03cff463)
core   0: 0x80006118 (0x00000013) nop
core   0: 3 0x80006118 (0x00000013)
core   0: 0x8000611c (0x4063dfb3) sra     t6, t2, t1
core   0: 3 0x8000611c (0x4063dfb3) x31 0x00000000
core   0: 0x80006120 (0x027ed063) bge     t4, t2, pc + 32
core   0: 3 0x80006120 (0x027ed063)
core   0: 0x80006140 (0x00000013) nop
core   0: 3 0x80006140 (0x00000013)
core   0: 0x80006144 (0x01ca45b3) xor     a1, s4, t3
core   0: 3 0x80006144 (0x01ca45b3) x11 0x5a8e50ec
core   0: 0x80006148 (0x02aaa633) mulhsu  a2, s5, a0
core   0: 3 0x80006148 (0x02aaa633) x12 0x80029d22
core   0: 0x8000614c (0x02989233) mulh    tp, a7, s1
core   0: 3 0x8000614c (0x02989233) x 4 0x00000000
core   0: 0x80006150 (0x03088833) mul     a6, a7, a6
core   0: 3 0x80006150 (0x03088833) x16 0x65c40000
core   0: 0x80006154 (0x411586b3) sub     a3, a1, a7
core   0: 3 0x80006154 (0x411586b3) x13 0x5a84d75c
core   0: 0x80006158 (0x400e5813) srai    a6, t3, 0
core   0: 3 0x80006158 (0x400e5813) x16 0x00000000
core   0: 0x8000615c (0x04811463) bne     sp, s0, pc + 72
core   0: 3 0x8000615c (0x04811463)
core   0: 0x800061a4 (0x01f9f2b3) and     t0, s3, t6
core   0: 3 0x800061a4 (0x01f9f2b3) x 5 0x00000000
core   0: 0x800061a8 (0x01f714b3) sll     s1, a4, t6
core   0: 3 0x800061a8 (0x01f714b3) x 9 0x000007f7
core   0: 0x800061ac (0x0252d4b3) divu    s1, t0, t0
core   0: 3 0x800061ac (0x0252d4b3) x 9 0xffffffff
core   0: 0x800061b0 (0x07220863) beq     tp, s2, pc + 112
core   0: 3 0x800061b0 (0x07220863)
core   0: 0x80006220 (0x01481893) slli    a7, a6, 20
core   0: 3 0x80006220 (0x01481893) x17 0x00000000
core   0: 0x80006224 (0x00953733) sltu    a4, a0, s1
core   0: 3 0x80006224 (0x00953733) x14 0x00000001
core   0: 0x80006228 (0x00db8e33) add     t3, s7, a3
core   0: 3 0x80006228 (0x00db8e33) x28 0x5a84d75c
core   0: 0x8000622c (0x00b7e733) or      a4, a5, a1
core   0: 3 0x8000622c (0x00b7e733) x14 0xda8e5eec
core   0: 0x80006230 (0x03589463) bne     a7, s5, pc + 40
core   0: 3 0x80006230 (0x03589463)
core   0: 0x80006258 (0x02d48b33) mul     s6, s1, a3
core   0: 3 0x80006258 (0x02d48b33) x22 0xa57b28a4
core   0: 0x8000625c (0x0243e233) rem     tp, t2, tp
core   0: 3 0x8000625c (0x0243e233) x 4 0x00000000
core   0: 0x80006260 (0x000142b3) xor     t0, sp, zero
core   0: 3 0x80006260 (0x000142b3) x 5 0x03ffeb1e
core   0: 0x80006264 (0x02929bb3) mulh    s7, t0, s1
core   0: 3 0x80006264 (0x02929bb3) x23 0xffffffff
core   0: 0x80006268 (0x41f95d33) sra     s10, s2, t6
core   0: 3 0x80006268 (0x41f95d33) x26 0x00000000
core   0: 0x8000626c (0x7e55a813) slti    a6, a1, 2021
core   0: 3 0x8000626c (0x7e55a813) x16 0x00000000
core   0: 0x80006270 (0x01fa98b3) sll     a7, s5, t6
core   0: 3 0x80006270 (0x01fa98b3) x17 0x80029ce4
core   0: 0x80006274 (0x1935a913) slti    s2, a1, 403
core   0: 3 0x80006274 (0x1935a913) x18 0x00000000
core   0: 0x80006278 (0xcebe4917) auipc   s2, 0xcebe4
core   0: 3 0x80006278 (0xcebe4917) x18 0x4ebea278
core   0: 0x8000627c (0x0207e0b3) rem     ra, a5, zero
core   0: 3 0x8000627c (0x0207e0b3) x 1 0x80025e64
core   0: 0x80006280 (0xcbd69837) lui     a6, 0xcbd69
core   0: 3 0x80006280 (0xcbd69837) x16 0xcbd69000
core   0: 0x80006284 (0x0edd4b13) xori    s6, s10, 237
core   0: 3 0x80006284 (0x0edd4b13) x22 0x000000ed
core   0: 0x80006288 (0x011d9333) sll     t1, s11, a7
core   0: 3 0x80006288 (0x011d9333) x 6 0x00000000
core   0: 0x8000628c (0x402a8e33) sub     t3, s5, sp
core   0: 3 0x8000628c (0x402a8e33) x28 0x7c02b1c6
core   0: 0x80006290 (0x02c11533) mulh    a0, sp, a2
core   0: 3 0x80006290 (0x02c11533) x10 0xfe0014e5
core   0: 0x80006294 (0x8eb16b13) ori     s6, sp, -1813
core   0: 3 0x80006294 (0x8eb16b13) x22 0xfffffbff
core   0: 0x80006298 (0x00f8e3b3) or      t2, a7, a5
core   0: 3 0x80006298 (0x00f8e3b3) x 7 0x8002dee4
core   0: 0x8000629c (0x41fb8fb3) sub     t6, s7, t6
core   0: 3 0x8000629c (0x41fb8fb3) x31 0xffffffff
core   0: 0x800062a0 (0x03bc4e63) blt     s8, s11, pc + 60
core   0: 3 0x800062a0 (0x03bc4e63)
core   0: 0x800062dc (0x03573d33) mulhu   s10, a4, s5
core   0: 3 0x800062dc (0x03573d33) x26 0x6d496a84
core   0: 0x800062e0 (0x9946b193) sltiu   gp, a3, -1644
core   0: 3 0x800062e0 (0x9946b193) x 3 0x00000001
core   0: 0x800062e4 (0x0069da13) srli    s4, s3, 6
core   0: 3 0x800062e4 (0x0069da13) x20 0x03ffffff
core   0: 0x800062e8 (0x006bb1b3) sltu    gp, s7, t1
core   0: 3 0x800062e8 (0x006bb1b3) x 3 0x00000000
core   0: 0x800062ec (0x01bad733) srl     a4, s5, s11
core   0: 3 0x800062ec (0x01bad733) x14 0x80029ce4
core   0: 0x800062f0 (0x03689e33) mulh    t3, a7, s6
core   0: 3 0x800062f0 (0x03689e33) x28 0x00000200
core   0: 0x800062f4 (0x00147b33) and     s6, s0, ra
core   0: 3 0x800062f4 (0x00147b33) x22 0x80025e64
core   0: 0x800062f8 (0x017dee33) or      t3, s11, s7
core   0: 3 0x800062f8 (0x017dee33) x28 0xffffffff
core   0: 0x800062fc (0x00b98633) add     a2, s3, a1
core   0: 3 0x800062fc (0x00b98633) x12 0x5a8e50eb
core   0: 0x80006300 (0x0230ae33) mulhsu  t3, ra, gp
core   0: 3 0x80006300 (0x0230ae33) x28 0x00000000
core   0: 0x80006304 (0x01ac56b3) srl     a3, s8, s10
core   0: 3 0x80006304 (0x01ac56b3) x13 0x080029ce
core   0: 0x80006308 (0x021fdc33) divu    s8, t6, ra
core   0: 3 0x80006308 (0x021fdc33) x24 0x00000001
core   0: 0x8000630c (0x00e5b633) sltu    a2, a1, a4
core   0: 3 0x8000630c (0x00e5b633) x12 0x00000001
core   0: 0x80006310 (0x41d05433) sra     s0, zero, t4
core   0: 3 0x80006310 (0x41d05433) x 8 0x00000000
core   0: 0x80006314 (0xb617a297) auipc   t0, 0xb617a
core   0: 3 0x80006314 (0xb617a297) x 5 0x36180314
core   0: 0x80006318 (0x0076dc93) srli    s9, a3, 7
core   0: 3 0x80006318 (0x0076dc93) x25 0x00100053
core   0: 0x8000631c (0x0291ecb3) rem     s9, gp, s1
core   0: 3 0x8000631c (0x0291ecb3) x25 0x00000000
core   0: 0x80006320 (0x007cc0b3) xor     ra, s9, t2
core   0: 3 0x80006320 (0x007cc0b3) x 1 0x8002dee4
core   0: 0x80006324 (0x05474663) blt     a4, s4, pc + 76
core   0: 3 0x80006324 (0x05474663)
core   0: 0x80006370 (0x01ca4133) xor     sp, s4, t3
core   0: 3 0x80006370 (0x01ca4133) x 2 0x03ffffff
core   0: 0x80006374 (0x000bde63) bgez    s7, pc + 28
core   0: 3 0x80006374 (0x000bde63)
core   0: 0x80006378 (0x402fd493) srai    s1, t6, 2
core   0: 3 0x80006378 (0x402fd493) x 9 0xffffffff
core   0: 0x8000637c (0x41a35b93) srai    s7, t1, 26
core   0: 3 0x8000637c (0x41a35b93) x23 0x00000000
core   0: 0x80006380 (0x02884d33) div     s10, a6, s0
core   0: 3 0x80006380 (0x02884d33) x26 0xffffffff
core   0: 0x80006384 (0x6199fe13) andi    t3, s3, 1561
core   0: 3 0x80006384 (0x6199fe13) x28 0x00000619
core   0: 0x80006388 (0x950e4b93) xori    s7, t3, -1712
core   0: 3 0x80006388 (0x950e4b93) x23 0xffffff49
core   0: 0x8000638c (0x407e5533) sra     a0, t3, t2
core   0: 3 0x8000638c (0x407e5533) x10 0x00000061
core   0: 0x80006390 (0x01d98c63) beq     s3, t4, pc + 24
core   0: 3 0x80006390 (0x01d98c63)
core   0: 0x80006394 (0xf970b893) sltiu   a7, ra, -105
core   0: 3 0x80006394 (0xf970b893) x17 0x00000001
core   0: 0x80006398 (0x01f1dc63) bge     gp, t6, pc + 24
core   0: 3 0x80006398 (0x01f1dc63)
core   0: 0x800063b0 (0x04028c13) addi    s8, t0, 64
core   0: 3 0x800063b0 (0x04028c13) x24 0x36180354
core   0: 0x800063b4 (0x0016c8b3) xor     a7, a3, ra
core   0: 3 0x800063b4 (0x0016c8b3) x17 0x8802f72a
core   0: 0x800063b8 (0x03fd4cb3) div     s9, s10, t6
core   0: 3 0x800063b8 (0x03fd4cb3) x25 0x00000001
core   0: 0x800063bc (0x40288cb3) sub     s9, a7, sp
core   0: 3 0x800063bc (0x40288cb3) x25 0x8402f72b
core   0: 0x800063c0 (0x00000013) nop
core   0: 3 0x800063c0 (0x00000013)
core   0: 0x800063c4 (0x01221413) slli    s0, tp, 18
core   0: 3 0x800063c4 (0x01221413) x 8 0x00000000
core   0: 0x800063c8 (0x01e65c93) srli    s9, a2, 30
core   0: 3 0x800063c8 (0x01e65c93) x25 0x00000000
core   0: 0x800063cc (0x02a14cb3) div     s9, sp, a0
core   0: 3 0x800063cc (0x02a14cb3) x25 0x000a8e83
core   0: 0x800063d0 (0x9abcef93) ori     t6, s9, -1621
core   0: 3 0x800063d0 (0x9abcef93) x31 0xffffffab
core   0: 0x800063d4 (0x5f2baf93) slti    t6, s7, 1522
core   0: 3 0x800063d4 (0x5f2baf93) x31 0x00000001
core   0: 0x800063d8 (0x00fc6533) or      a0, s8, a5
core   0: 3 0x800063d8 (0x00fc6533) x10 0xb61a5f74
core   0: 0x800063dc (0x01ad8fb3) add     t6, s11, s10
core   0: 3 0x800063dc (0x01ad8fb3) x31 0xffffffff
core   0: 0x800063e0 (0x00000013) nop
core   0: 3 0x800063e0 (0x00000013)
core   0: 0x800063e4 (0x6e9fa9b7) lui     s3, 0x6e9fa
core   0: 3 0x800063e4 (0x6e9fa9b7) x19 0x6e9fa000
core   0: 0x800063e8 (0x039d3033) mulhu   zero, s10, s9
core   0: 3 0x800063e8 (0x039d3033)
core   0: 0x800063ec (0xa00ab493) sltiu   s1, s5, -1536
core   0: 3 0x800063ec (0xa00ab493) x 9 0x00000001
core   0: 0x800063f0 (0x0269c063) blt     s3, t1, pc + 32
core   0: 3 0x800063f0 (0x0269c063)
core   0: 0x800063f4 (0x03505863) bge     zero, s5, pc + 48
core   0: 3 0x800063f4 (0x03505863)
core   0: 0x80006424 (0x02a561b3) rem     gp, a0, a0
core   0: 3 0x80006424 (0x02a561b3) x 3 0x00000000
core   0: 0x80006428 (0x96117f93) andi    t6, sp, -1695
core   0: 3 0x80006428 (0x96117f93) x31 0x03fff961
core   0: 0x8000642c (0x010a41b3) xor     gp, s4, a6
core   0: 3 0x8000642c (0x010a41b3) x 3 0xc8296fff
core   0: 0x80006430 (0x00000013) nop
core   0: 3 0x80006430 (0x00000013)
core   0: 0x80006434 (0xdf612713) slti    a4, sp, -522
core   0: 3 0x80006434 (0xdf612713) x14 0x00000000
core   0: 0x80006438 (0x018e96b3) sll     a3, t4, s8
core   0: 3 0x80006438 (0x018e96b3) x13 0x00000000
core   0: 0x8000643c (0x40d154b3) sra     s1, sp, a3
core   0: 3 0x8000643c (0x40d154b3) x 9 0x03ffffff
core   0: 0x80006440 (0x416c58b3) sra     a7, s8, s6
core   0: 3 0x80006440 (0x416c58b3) x17 0x03618035
core   0: 0x80006444 (0x01359663) bne     a1, s3, pc + 12
core   0: 3 0x80006444 (0x01359663)
core   0: 0x80006450 (0x0190bdb3) sltu    s11, ra, s9
core   0: 3 0x80006450 (0x0190bdb3) x27 0x00000000
core   0: 0x80006454 (0x017e9133) sll     sp, t4, s7
core   0: 3 0x80006454 (0x017e9133) x 2 0x00000000
core   0: 0x80006458 (0x025f2933) mulhsu  s2, t5, t0
core   0: 3 0x80006458 (0x025f2933) x18 0x00000000
core   0: 0x8000645c (0x03a42cb3) mulhsu  s9, s0, s10
core   0: 3 0x8000645c (0x03a42cb3) x25 0x00000000
core   0: 0x80006460 (0x00e1c633) xor     a2, gp, a4
core   0: 3 0x80006460 (0x00e1c633) x12 0xc8296fff
core   0: 0x80006464 (0xe83e6f93) ori     t6, t3, -381
core   0: 3 0x80006464 (0xe83e6f93) x31 0xfffffe9b
core   0: 0x80006468 (0x0017f333) and     t1, a5, ra
core   0: 3 0x80006468 (0x0017f333) x 6 0x80025e64
core   0: 0x8000646c (0x00648463) beq     s1, t1, pc + 8
core   0: 3 0x8000646c (0x00648463)
core   0: 0x80006470 (0x02210733) mul     a4, sp, sp
core   0: 3 0x80006470 (0x02210733) x14 0x00000000
core   0: 0x80006474 (0x021ae433) rem     s0, s5, ra
core   0: 3 0x80006474 (0x021ae433) x 8 0xffffbe00
core   0: 0x80006478 (0x037c1863) bne     s8, s7, pc + 48
core   0: 3 0x80006478 (0x037c1863)
core   0: 0x800064a8 (0xdf0b7513) andi    a0, s6, -528
core   0: 3 0x800064a8 (0xdf0b7513) x10 0x80025c60
core   0: 0x800064ac (0x01f29bb3) sll     s7, t0, t6
core   0: 3 0x800064ac (0x01f29bb3) x23 0xa0000000
core   0: 0x800064b0 (0x00bfe933) or      s2, t6, a1
core   0: 3 0x800064b0 (0x00bfe933) x18 0xfffffeff
core   0: 0x800064b4 (0x00b64863) blt     a2, a1, pc + 16
core   0: 3 0x800064b4 (0x00b64863)
core   0: 0x800064c4 (0xd4dfcd93) xori    s11, t6, -691
core   0: 3 0x800064c4 (0xd4dfcd93) x27 0x000003d6
core   0: 0x800064c8 (0x02b50b33) mul     s6, a0, a1
core   0: 3 0x800064c8 (0x02b50b33) x22 0xbc4b2880
core   0: 0x800064cc (0x01affa33) and     s4, t6, s10
core   0: 3 0x800064cc (0x01affa33) x20 0xfffffe9b
core   0: 0x800064d0 (0x036212b3) mulh    t0, tp, s6
core   0: 3 0x800064d0 (0x036212b3) x 5 0x00000000
core   0: 0x800064d4 (0xe8396593) ori     a1, s2, -381
core   0: 3 0x800064d4 (0xe8396593) x11 0xfffffeff
core   0: 0x800064d8 (0x5feb8e13) addi    t3, s7, 1534
core   0: 3 0x800064d8 (0x5feb8e13) x28 0xa00005fe
core   0: 0x800064dc (0xe5aa7493) andi    s1, s4, -422
core   0: 3 0x800064dc (0xe5aa7493) x 9 0xfffffe1a
core   0: 0x800064e0 (0x0373f863) bgeu    t2, s7, pc + 48
core   0: 3 0x800064e0 (0x0373f863)
core   0: 0x800064e4 (0x829c7197) auipc   gp, 0x829c7
core   0: 3 0x800064e4 (0x829c7197) x 3 0x029cd4e4
core   0: 0x800064e8 (0x00f55e93) srli    t4, a0, 15
core   0: 3 0x800064e8 (0x00f55e93) x29 0x00010004
core   0: 0x800064ec (0x31389a37) lui     s4, 0x31389
core   0: 3 0x800064ec (0x31389a37) x20 0x31389000
core   0: 0x800064f0 (0x03b5dcb3) divu    s9, a1, s11
core   0: 3 0x800064f0 (0x03b5dcb3) x25 0x0042bcbd
core   0: 0x800064f4 (0x01d77bb3) and     s7, a4, t4
core   0: 3 0x800064f4 (0x01d77bb3) x23 0x00000000
core   0: 0x800064f8 (0xddcbf697) auipc   a3, 0xddcbf
core   0: 3 0x800064f8 (0xddcbf697) x13 0x5dcc54f8
core   0: 0x800064fc (0x00ea4fb3) xor     t6, s4, a4
core   0: 3 0x800064fc (0x00ea4fb3) x31 0x31389000
core   0: 0x80006500 (0x03cc25b3) mulhsu  a1, s8, t3
core   0: 3 0x80006500 (0x03cc25b3) x11 0x21cf0358
core   0: 0x80006504 (0x02417a33) remu    s4, sp, tp
core   0: 3 0x80006504 (0x02417a33) x20 0x00000000
core   0: 0x80006508 (0x03c4a633) mulhsu  a2, s1, t3
core   0: 3 0x80006508 (0x03c4a633) x12 0xfffffed0
core   0: 0x8000650c (0x41ff5393) srai    t2, t5, 31
core   0: 3 0x8000650c (0x41ff5393) x 7 0x00000000
core   0: 0x80006510 (0x0277b733) mulhu   a4, a5, t2
core   0: 3 0x80006510 (0x0277b733) x14 0x00000000
core   0: 0x80006514 (0x03ba1663) bne     s4, s11, pc + 44
core   0: 3 0x80006514 (0x03ba1663)
core   0: 0x80006540 (0x67dd2f93) slti    t6, s10, 1661
core   0: 3 0x80006540 (0x67dd2f93) x31 0x00000001
core   0: 0x80006544 (0x40805313) srai    t1, zero, 8
core   0: 3 0x80006544 (0x40805313) x 6 0x00000000
core   0: 0x80006548 (0x03cb8463) beq     s7, t3, pc + 40
core   0: 3 0x80006548 (0x03cb8463)
core   0: 0x8000654c (0x01a45b13) srli    s6, s0, 26
core   0: 3 0x8000654c (0x01a45b13) x22 0x0000003f
core   0: 0x80006550 (0x01562833) slt     a6, a2, s5
core   0: 3 0x80006550 (0x01562833) x16 0x00000000
core   0: 0x80006554 (0x29d63113) sltiu   sp, a2, 669
core   0: 3 0x80006554 (0x29d63113) x 2 0x00000000
core   0: 0x80006558 (0x0065d033) srl     zero, a1, t1
core   0: 3 0x80006558 (0x0065d033)
core   0: 0x8000655c (0x019073b3) and     t2, zero, s9
core   0: 3 0x8000655c (0x019073b3) x 7 0x00000000
core   0: 0x80006560 (0x02402fb3) mulhsu  t6, zero, tp
core   0: 3 0x80006560 (0x02402fb3) x31 0x00000000
core   0: 0x80006564 (0x02711e33) mulh    t3, sp, t2
core   0: 3 0x80006564 (0x02711e33) x28 0x00000000
core   0: 0x80006568 (0x01e2a2b3) slt     t0, t0, t5
core   0: 3 0x80006568 (0x01e2a2b3) x 5 0x00000000
core   0: 0x8000656c (0x02c46cb3) rem     s9, s0, a2
core   0: 3 0x8000656c (0x02c46cb3) x25 0xffffff50
core   0: 0x80006570 (0x41fad8b3) sra     a7, s5, t6
core   0: 3 0x80006570 (0x41fad8b3) x17 0x80029ce4
core   0: 0x80006574 (0x59993113) sltiu   sp, s2, 1433
core   0: 3 0x80006574 (0x59993113) x 2 0x00000000
core   0: 0x80006578 (0x00000013) nop
core   0: 3 0x80006578 (0x00000013)
core   0: 0x8000657c (0x03cf28b3) mulhsu  a7, t5, t3
core   0: 3 0x8000657c (0x03cf28b3) x17 0x00000000
core   0: 0x80006580 (0x03cd2633) mulhsu  a2, s10, t3
core   0: 3 0x80006580 (0x03cd2633) x12 0x00000000
core   0: 0x80006584 (0x01385613) srli    a2, a6, 19
core   0: 3 0x80006584 (0x01385613) x12 0x00000000
core   0: 0x80006588 (0x02f644b3) div     s1, a2, a5
core   0: 3 0x80006588 (0x02f644b3) x 9 0x00000000
core   0: 0x8000658c (0x014a2033) slt     zero, s4, s4
core   0: 3 0x8000658c (0x014a2033)
core   0: 0x80006590 (0x04571063) bne     a4, t0, pc + 64
core   0: 3 0x80006590 (0x04571063)
core   0: 0x80006594 (0x254e3a13) sltiu   s4, t3, 596
core   0: 3 0x80006594 (0x254e3a13) x20 0x00000001
core   0: 0x80006598 (0x027ffd33) remu    s10, t6, t2
core   0: 3 0x80006598 (0x027ffd33) x26 0x00000000
core   0: 0x8000659c (0x035eb633) mulhu   a2, t4, s5
core   0: 3 0x8000659c (0x035eb633) x12 0x00008004
core   0: 0x800065a0 (0x0117b6b3) sltu    a3, a5, a7
core   0: 3 0x800065a0 (0x0117b6b3) x13 0x00000000
core   0: 0x800065a4 (0x0350a033) mulhsu  zero, ra, s5
core   0: 3 0x800065a4 (0x0350a033)
core   0: 0x800065a8 (0x01619bb3) sll     s7, gp, s6
core   0: 3 0x800065a8 (0x01619bb3) x23 0x00000000
core   0: 0x800065ac (0x01faadb3) slt     s11, s5, t6
core   0: 3 0x800065ac (0x01faadb3) x27 0x00000001
core   0: 0x800065b0 (0x408a8bb3) sub     s7, s5, s0
core   0: 3 0x800065b0 (0x408a8bb3) x23 0x8002dee4
core   0: 0x800065b4 (0xef518d13) addi    s10, gp, -267
core   0: 3 0x800065b4 (0xef518d13) x26 0x029cd3d9
core   0: 0x800065b8 (0x018ebdb3) sltu    s11, t4, s8
core   0: 3 0x800065b8 (0x018ebdb3) x27 0x00000001
core   0: 0x800065bc (0x024d09b3) mul     s3, s10, tp
core   0: 3 0x800065bc (0x024d09b3) x19 0x00000000
core   0: 0x800065c0 (0x2e762593) slti    a1, a2, 743
core   0: 3 0x800065c0 (0x2e762593) x11 0x00000000
core   0: 0x800065c4 (0x0277c663) blt     a5, t2, pc + 44
core   0: 3 0x800065c4 (0x0277c663)
core   0: 0x800065f0 (0x03184533) div     a0, a6, a7
core   0: 3 0x800065f0 (0x03184533) x10 0xffffffff
core   0: 0x800065f4 (0x18467e37) lui     t3, 0x18467
core   0: 3 0x800065f4 (0x18467e37) x28 0x18467000
core   0: 0x800065f8 (0x03e6ec63) bltu    a3, t5, pc + 56
core   0: 3 0x800065f8 (0x03e6ec63)
core   0: 0x800065fc (0x03868a63) beq     a3, s8, pc + 52
core   0: 3 0x800065fc (0x03868a63)
core   0: 0x80006600 (0x02b19db3) mulh    s11, gp, a1
core   0: 3 0x80006600 (0x02b19db3) x27 0x00000000
core   0: 0x80006604 (0x037fe0b3) rem     ra, t6, s7
core   0: 3 0x80006604 (0x037fe0b3) x 1 0x00000000
core   0: 0x80006608 (0xe7787e13) andi    t3, a6, -393
core   0: 3 0x80006608 (0xe7787e13) x28 0x00000000
core   0: 0x8000660c (0x0293d2b3) divu    t0, t2, s1
core   0: 3 0x8000660c (0x0293d2b3) x 5 0xffffffff
core   0: 0x80006610 (0x017d81b3) add     gp, s11, s7
core   0: 3 0x80006610 (0x017d81b3) x 3 0x8002dee4
core   0: 0x80006614 (0x00aa5593) srli    a1, s4, 10
core   0: 3 0x80006614 (0x00aa5593) x11 0x00000000
core   0: 0x80006618 (0x02990863) beq     s2, s1, pc + 48
core   0: 3 0x80006618 (0x02990863)
core   0: 0x8000661c (0x0106c463) blt     a3, a6, pc + 8
core   0: 3 0x8000661c (0x0106c463)
core   0: 0x80006620 (0x063e4313) xori    t1, t3, 99
core   0: 3 0x80006620 (0x063e4313) x 6 0x00000063
core   0: 0x80006624 (0x01ac9013) slli    zero, s9, 26
core   0: 3 0x80006624 (0x01ac9013)
core   0: 0x80006628 (0x6f6fe3b7) lui     t2, 0x6f6fe
core   0: 3 0x80006628 (0x6f6fe3b7) x 7 0x6f6fe000
core   0: 0x8000662c (0x6992e017) auipc   zero, 0x6992e
core   0: 3 0x8000662c (0x6992e017)
core   0: 0x80006630 (0x912f8e93) addi    t4, t6, -1774
core   0: 3 0x80006630 (0x912f8e93) x29 0xfffff912
core   0: 0x80006634 (0x031ace63) blt     s5, a7, pc + 60
core   0: 3 0x80006634 (0x031ace63)
core   0: 0x80006670 (0x038d0063) beq     s10, s8, pc + 32
core   0: 3 0x80006670 (0x038d0063)
core   0: 0x80006674 (0x00f87c33) and     s8, a6, a5
core   0: 3 0x80006674 (0x00f87c33) x24 0x00000000
core   0: 0x80006678 (0x01ecbb33) sltu    s6, s9, t5
core   0: 3 0x80006678 (0x01ecbb33) x22 0x00000000
core   0: 0x8000667c (0x00455913) srli    s2, a0, 4
core   0: 3 0x8000667c (0x00455913) x18 0x0fffffff
core   0: 0x80006680 (0xb566a393) slti    t2, a3, -1194
core   0: 3 0x80006680 (0xb566a393) x 7 0x00000000
core   0: 0x80006684 (0x0314cc33) div     s8, s1, a7
core   0: 3 0x80006684 (0x0314cc33) x24 0xffffffff
core   0: 0x80006688 (0x00d490b3) sll     ra, s1, a3
core   0: 3 0x80006688 (0x00d490b3) x 1 0x00000000
core   0: 0x8000668c (0x0378a9b3) mulhsu  s3, a7, s7
core   0: 3 0x8000668c (0x0378a9b3) x19 0x00000000
core   0: 0x80006690 (0x0387b133) mulhu   sp, a5, s8
core   0: 3 0x80006690 (0x0387b133) x 2 0x80025e63
core   0: 0x80006694 (0x050b0663) beq     s6, a6, pc + 76
core   0: 3 0x80006694 (0x050b0663)
core   0: 0x800066e0 (0x413308b3) sub     a7, t1, s3
core   0: 3 0x800066e0 (0x413308b3) x17 0x00000063
core   0: 0x800066e4 (0x16a22b93) slti    s7, tp, 362
core   0: 3 0x800066e4 (0x16a22b93) x23 0x00000001
core   0: 0x800066e8 (0x00000013) nop
core   0: 3 0x800066e8 (0x00000013)
core   0: 0x800066ec (0x00735993) srli    s3, t1, 7
core   0: 3 0x800066ec (0x00735993) x19 0x00000000
core   0: 0x800066f0 (0x002bd113) srli    sp, s7, 2
core   0: 3 0x800066f0 (0x002bd113) x 2 0x00000000
core   0: 0x800066f4 (0x41bc0333) sub     t1, s8, s11
core   0: 3 0x800066f4 (0x41bc0333) x 6 0xffffffff
core   0: 0x800066f8 (0x02246233) rem     tp, s0, sp
core   0: 3 0x800066f8 (0x02246233) x 4 0xffffbe00
core   0: 0x800066fc (0x02a088b3) mul     a7, ra, a0
core   0: 3 0x800066fc (0x02a088b3) x17 0x00000000
core   0: 0x80006700 (0x0302e6b3) rem     a3, t0, a6
core   0: 3 0x80006700 (0x0302e6b3) x13 0xffffffff
core   0: 0x80006704 (0x01e524b3) slt     s1, a0, t5
core   0: 3 0x80006704 (0x01e524b3) x 9 0x00000001
core   0: 0x80006708 (0x01df0a33) add     s4, t5, t4
core   0: 3 0x80006708 (0x01df0a33) x20 0xfffff912
core   0: 0x8000670c (0x030eb1b3) mulhu   gp, t4, a6
core   0: 3 0x8000670c (0x030eb1b3) x 3 0x00000000
core   0: 0x80006710 (0x03446063) bltu    s0, s4, pc + 32
core   0: 3 0x80006710 (0x03446063)
core   0: 0x80006730 (0x01a35013) srli    zero, t1, 26
core   0: 3 0x80006730 (0x01a35013)
core   0: 0x80006734 (0x0072fa33) and     s4, t0, t2
core   0: 3 0x80006734 (0x0072fa33) x20 0x00000000
core   0: 0x80006738 (0x35b4e313) ori     t1, s1, 859
core   0: 3 0x80006738 (0x35b4e313) x 6 0x0000035b
core   0: 0x8000673c (0x03e470b3) remu    ra, s0, t5
core   0: 3 0x8000673c (0x03e470b3) x 1 0xffffbe00
core   0: 0x80006740 (0x5cfcfb13) andi    s6, s9, 1487
core   0: 3 0x80006740 (0x5cfcfb13) x22 0x00000540
core   0: 0x80006744 (0x02639033) mulh    zero, t2, t1
core   0: 3 0x80006744 (0x02639033)
core   0: 0x80006748 (0x407e5533) sra     a0, t3, t2
core   0: 3 0x80006748 (0x407e5533) x10 0x00000000
core   0: 0x8000674c (0x000e96b3) sll     a3, t4, zero
core   0: 3 0x8000674c (0x000e96b3) x13 0xfffff912
core   0: 0x80006750 (0x027c1e33) mulh    t3, s8, t2
core   0: 3 0x80006750 (0x027c1e33) x28 0x00000000
core   0: 0x80006754 (0x745abe93) sltiu   t4, s5, 1861
core   0: 3 0x80006754 (0x745abe93) x29 0x00000000
core   0: 0x80006758 (0x0208d333) divu    t1, a7, zero
core   0: 3 0x80006758 (0x0208d333) x 6 0xffffffff
core   0: 0x8000675c (0x008c5293) srli    t0, s8, 8
core   0: 3 0x8000675c (0x008c5293) x 5 0x00ffffff
core   0: 0x80006760 (0x027db4b3) mulhu   s1, s11, t2
core   0: 3 0x80006760 (0x027db4b3) x 9 0x00000000
core   0: 0x80006764 (0x02eca2b3) mulhsu  t0, s9, a4
core   0: 3 0x80006764 (0x02eca2b3) x 5 0x00000000
core   0: 0x80006768 (0x05328063) beq     t0, s3, pc + 64
core   0: 3 0x80006768 (0x05328063)
core   0: 0x800067a8 (0x03041733) mulh    a4, s0, a6
core   0: 3 0x800067a8 (0x03041733) x14 0x00000000
core   0: 0x800067ac (0x0005cfb3) xor     t6, a1, zero
core   0: 3 0x800067ac (0x0005cfb3) x31 0x00000000
core   0: 0x800067b0 (0x024fb933) mulhu   s2, t6, tp
core   0: 3 0x800067b0 (0x024fb933) x18 0x00000000
core   0: 0x800067b4 (0x1e64be13) sltiu   t3, s1, 486
core   0: 3 0x800067b4 (0x1e64be13) x28 0x00000001
core   0: 0x800067b8 (0x04931663) bne     t1, s1, pc + 76
core   0: 3 0x800067b8 (0x04931663)
core   0: 0x80006804 (0x03771863) bne     a4, s7, pc + 48
core   0: 3 0x80006804 (0x03771863)
core   0: 0x80006834 (0x03d07233) remu    tp, zero, t4
core   0: 3 0x80006834 (0x03d07233) x 4 0x00000000
core   0: 0x80006838 (0x0059e033) or      zero, s3, t0
core   0: 3 0x80006838 (0x0059e033)
core   0: 0x8000683c (0x01bad463) bge     s5, s11, pc + 8
core   0: 3 0x8000683c (0x01bad463)
core   0: 0x80006840 (0xfc668693) addi    a3, a3, -58
core   0: 3 0x80006840 (0xfc668693) x13 0xfffff8d8
core   0: 0x80006844 (0x01824333) xor     t1, tp, s8
core   0: 3 0x80006844 (0x01824333) x 6 0xffffffff
core   0: 0x80006848 (0xbede6fb7) lui     t6, 0xbede6
core   0: 3 0x80006848 (0xbede6fb7) x31 0xbede6000
core   0: 0x8000684c (0x0250dc63) bge     ra, t0, pc + 56
core   0: 3 0x8000684c (0x0250dc63)
core   0: 0x80006850 (0x027ffbb3) remu    s7, t6, t2
core   0: 3 0x80006850 (0x027ffbb3) x23 0xbede6000
core   0: 0x80006854 (0x026f6eb3) rem     t4, t5, t1
core   0: 3 0x80006854 (0x026f6eb3) x29 0x00000000
core   0: 0x80006858 (0xb306c293) xori    t0, a3, -1232
core   0: 3 0x80006858 (0xb306c293) x 5 0x000003e8
core   0: 0x8000685c (0x02f9dcb3) divu    s9, s3, a5
core   0: 3 0x8000685c (0x02f9dcb3) x25 0x00000000
core   0: 0x80006860 (0x402a5a33) sra     s4, s4, sp
core   0: 3 0x80006860 (0x402a5a33) x20 0x00000000
core   0: 0x80006864 (0x2b5e2d13) slti    s10, t3, 693
core   0: 3 0x80006864 (0x2b5e2d13) x26 0x00000001
core   0: 0x80006868 (0x03a00833) mul     a6, zero, s10
core   0: 3 0x80006868 (0x03a00833) x16 0x00000000
core   0: 0x8000686c (0x30799717) auipc   a4, 0x30799
core   0: 3 0x8000686c (0x30799717) x14 0xb079f86c
core   0: 0x80006870 (0x0041a033) slt     zero, gp, tp
core   0: 3 0x80006870 (0x0041a033)
core   0: 0x80006874 (0x5895c113) xori    sp, a1, 1417
core   0: 3 0x80006874 (0x5895c113) x 2 0x00000589
core   0: 0x80006878 (0x02c0f133) remu    sp, ra, a2
core   0: 3 0x80006878 (0x02c0f133) x 2 0x00003e44
core   0: 0x8000687c (0x00e19e33) sll     t3, gp, a4
core   0: 3 0x8000687c (0x00e19e33) x28 0x00000000
core   0: 0x80006880 (0x0034f8b3) and     a7, s1, gp
core   0: 3 0x80006880 (0x0034f8b3) x17 0x00000000
core   0: 0x80006884 (0x01e2e663) bltu    t0, t5, pc + 12
core   0: 3 0x80006884 (0x01e2e663)
core   0: 0x80006888 (0x4117de13) srai    t3, a5, 17
core   0: 3 0x80006888 (0x4117de13) x28 0xffffc001
core   0: 0x8000688c (0x03566463) bltu    a2, s5, pc + 40
core   0: 3 0x8000688c (0x03566463)
core   0: 0x800068b4 (0x017b5933) srl     s2, s6, s7
core   0: 3 0x800068b4 (0x017b5933) x18 0x00000540
core   0: 0x800068b8 (0xe4f9e013) ori     zero, s3, -433
core   0: 3 0x800068b8 (0xe4f9e013)
core   0: 0x800068bc (0x03d9cc63) blt     s3, t4, pc + 56
core   0: 3 0x800068bc (0x03d9cc63)
core   0: 0x800068c0 (0x060fc463) bltz    t6, pc + 104
core   0: 3 0x800068c0 (0x060fc463)
core   0: 0x80006928 (0x408b8bb3) sub     s7, s7, s0
core   0: 3 0x80006928 (0x408b8bb3) x23 0xbedea200
core   0: 0x8000692c (0x021f7733) remu    a4, t5, ra
core   0: 3 0x8000692c (0x021f7733) x14 0x00000000
core   0: 0x80006930 (0x00bc4fb3) xor     t6, s8, a1
core   0: 3 0x80006930 (0x00bc4fb3) x31 0xffffffff
core   0: 0x80006934 (0x01e61a33) sll     s4, a2, t5
core   0: 3 0x80006934 (0x01e61a33) x20 0x00008004
core   0: 0x80006938 (0x01202333) slt     t1, zero, s2
core   0: 3 0x80006938 (0x01202333) x 6 0x00000001
core   0: 0x8000693c (0x02693a33) mulhu   s4, s2, t1
core   0: 3 0x8000693c (0x02693a33) x20 0x00000000
core   0: 0x80006940 (0xf9177c93) andi    s9, a4, -111
core   0: 3 0x80006940 (0xf9177c93) x25 0x00000000
core   0: 0x80006944 (0x00365b33) srl     s6, a2, gp
core   0: 3 0x80006944 (0x00365b33) x22 0x00008004
core   0: 0x80006948 (0x0217eeb3) rem     t4, a5, ra
core   0: 3 0x80006948 (0x0217eeb3) x29 0xffffc264
core   0: 0x8000694c (0xb48bb413) sltiu   s0, s7, -1208
core   0: 3 0x8000694c (0xb48bb413) x 8 0x00000001
core   0: 0x80006950 (0x6a57b413) sltiu   s0, a5, 1701
core   0: 3 0x80006950 (0x6a57b413) x 8 0x00000000
core   0: 0x80006954 (0x01f253b3) srl     t2, tp, t6
core   0: 3 0x80006954 (0x01f253b3) x 7 0x00000000
core   0: 0x80006958 (0x59790913) addi    s2, s2, 1431
core   0: 3 0x80006958 (0x59790913) x18 0x00000ad7
core   0: 0x8000695c (0x01a07863) bgeu    zero, s10, pc + 16
core   0: 3 0x8000695c (0x01a07863)
core   0: 0x80006960 (0x4013df93) srai    t6, t2, 1
core   0: 3 0x80006960 (0x4013df93) x31 0x00000000
core   0: 0x80006964 (0x001dcb33) xor     s6, s11, ra
core   0: 3 0x80006964 (0x001dcb33) x22 0xffffbe00
core   0: 0x80006968 (0x40a959b3) sra     s3, s2, a0
core   0: 3 0x80006968 (0x40a959b3) x19 0x00000ad7
core   0: 0x8000696c (0x03657063) bgeu    a0, s6, pc + 32
core   0: 3 0x8000696c (0x03657063)
core   0: 0x80006970 (0x00d28533) add     a0, t0, a3
core   0: 3 0x80006970 (0x00d28533) x10 0xfffffcc0
core   0: 0x80006974 (0x028fd933) divu    s2, t6, s0
core   0: 3 0x80006974 (0x028fd933) x18 0xffffffff
core   0: 0x80006978 (0x02c4e663) bltu    s1, a2, pc + 44
core   0: 3 0x80006978 (0x02c4e663)
core   0: 0x800069a4 (0x017114b3) sll     s1, sp, s7
core   0: 3 0x800069a4 (0x017114b3) x 9 0x00003e44
core   0: 0x800069a8 (0x503d3d97) auipc   s11, 0x503d3
core   0: 3 0x800069a8 (0x503d3d97) x27 0xd03d99a8
core   0: 0x800069ac (0x00daa633) slt     a2, s5, a3
core   0: 3 0x800069ac (0x00daa633) x12 0x00000001
core   0: 0x800069b0 (0x04378463) beq     a5, gp, pc + 72
core   0: 3 0x800069b0 (0x04378463)
core   0: 0x800069b4 (0x03865833) divu    a6, a2, s8
core   0: 3 0x800069b4 (0x03865833) x16 0x00000000
core   0: 0x800069b8 (0x05ecd063) bge     s9, t5, pc + 64
core   0: 3 0x800069b8 (0x05ecd063)
core   0: 0x800069f8 (0x00b2d933) srl     s2, t0, a1
core   0: 3 0x800069f8 (0x00b2d933) x18 0x000003e8
core   0: 0x800069fc (0x0368d063) bge     a7, s6, pc + 32
core   0: 3 0x800069fc (0x0368d063)
core   0: 0x80006a1c (0x3b6ebd13) sltiu   s10, t4, 950
core   0: 3 0x80006a1c (0x3b6ebd13) x26 0x00000000
core   0: 0x80006a20 (0x02e80433) mul     s0, a6, a4
core   0: 3 0x80006a20 (0x02e80433) x 8 0x00000000
core   0: 0x80006a24 (0x0171ce33) xor     t3, gp, s7
core   0: 3 0x80006a24 (0x0171ce33) x28 0xbedea200
core   0: 0x80006a28 (0x417d8533) sub     a0, s11, s7
core   0: 3 0x80006a28 (0x417d8533) x10 0x115ef7a8
core   0: 0x80006a2c (0x01f9f4b3) and     s1, s3, t6
core   0: 3 0x80006a2c (0x01f9f4b3) x 9 0x00000000
core   0: 0x80006a30 (0x03488463) beq     a7, s4, pc + 40
core   0: 3 0x80006a30 (0x03488463)
core   0: 0x80006a58 (0xeb0c3e13) sltiu   t3, s8, -336
core   0: 3 0x80006a58 (0xeb0c3e13) x28 0x00000000
core   0: 0x80006a5c (0x003cc863) blt     s9, gp, pc + 16
core   0: 3 0x80006a5c (0x003cc863)
core   0: 0x80006a60 (0x023172b3) remu    t0, sp, gp
core   0: 3 0x80006a60 (0x023172b3) x 5 0x00003e44
core   0: 0x80006a64 (0x03c41433) mulh    s0, s0, t3
core   0: 3 0x80006a64 (0x03c41433) x 8 0x00000000
core   0: 0x80006a68 (0x41e85133) sra     sp, a6, t5
core   0: 3 0x80006a68 (0x41e85133) x 2 0x00000000
core   0: 0x80006a6c (0x02380733) mul     a4, a6, gp
core   0: 3 0x80006a6c (0x02380733) x14 0x00000000
core   0: 0x80006a70 (0x00b19b33) sll     s6, gp, a1
core   0: 3 0x80006a70 (0x00b19b33) x22 0x00000000
core   0: 0x80006a74 (0x00000013) nop
core   0: 3 0x80006a74 (0x00000013)
core   0: 0x80006a78 (0x013316b3) sll     a3, t1, s3
core   0: 3 0x80006a78 (0x013316b3) x13 0x00800000
core   0: 0x80006a7c (0x36242c37) lui     s8, 0x36242
core   0: 3 0x80006a7c (0x36242c37) x24 0x36242000
core   0: 0x80006a80 (0x03db4eb3) div     t4, s6, t4
core   0: 3 0x80006a80 (0x03db4eb3) x29 0x00000000
core   0: 0x80006a84 (0x0133b333) sltu    t1, t2, s3
core   0: 3 0x80006a84 (0x0133b333) x 6 0x00000001
core   0: 0x80006a88 (0x013a6133) or      sp, s4, s3
core   0: 3 0x80006a88 (0x013a6133) x 2 0x00000ad7
core   0: 0x80006a8c (0x419c86b3) sub     a3, s9, s9
core   0: 3 0x80006a8c (0x419c86b3) x13 0x00000000
core   0: 0x80006a90 (0x02e42bb3) mulhsu  s7, s0, a4
core   0: 3 0x80006a90 (0x02e42bb3) x23 0x00000000
core   0: 0x80006a94 (0xfb767913) andi    s2, a2, -73
core   0: 3 0x80006a94 (0xfb767913) x18 0x00000001
core   0: 0x80006a98 (0x0078c533) xor     a0, a7, t2
core   0: 3 0x80006a98 (0x0078c533) x10 0x00000000
core   0: 0x80006a9c (0x02028e63) beqz    t0, pc + 60
core   0: 3 0x80006a9c (0x02028e63)
core   0: 0x80006aa0 (0x016dfe33) and     t3, s11, s6
core   0: 3 0x80006aa0 (0x016dfe33) x28 0x00000000
core   0: 0x80006aa4 (0x58628a13) addi    s4, t0, 1414
core   0: 3 0x80006aa4 (0x58628a13) x20 0x000043ca
core   0: 0x80006aa8 (0x8cb3fc13) andi    s8, t2, -1845
core   0: 3 0x80006aa8 (0x8cb3fc13) x24 0x00000000
core   0: 0x80006aac (0x02fa6e33) rem     t3, s4, a5
core   0: 3 0x80006aac (0x02fa6e33) x28 0x000043ca
core   0: 0x80006ab0 (0x2a67fa13) andi    s4, a5, 678
core   0: 3 0x80006ab0 (0x2a67fa13) x20 0x00000224
core   0: 0x80006ab4 (0x04fc6463) bltu    s8, a5, pc + 72
core   0: 3 0x80006ab4 (0x04fc6463)
core   0: 0x80006afc (0x0013d5b3) srl     a1, t2, ra
core   0: 3 0x80006afc (0x0013d5b3) x11 0x00000000
core   0: 0x80006b00 (0x01be4733) xor     a4, t3, s11
core   0: 3 0x80006b00 (0x01be4733) x14 0xd03dda62
core   0: 0x80006b04 (0x000ef033) and     zero, t4, zero
core   0: 3 0x80006b04 (0x000ef033)
core   0: 0x80006b08 (0x03e7e933) rem     s2, a5, t5
core   0: 3 0x80006b08 (0x03e7e933) x18 0x80025e64
core   0: 0x80006b0c (0x0425f663) bgeu    a1, sp, pc + 76
core   0: 3 0x80006b0c (0x0425f663)
core   0: 0x80006b10 (0x039396b3) mulh    a3, t2, s9
core   0: 3 0x80006b10 (0x039396b3) x13 0x00000000
core   0: 0x80006b14 (0xd1b1ff93) andi    t6, gp, -741
core   0: 3 0x80006b14 (0xd1b1ff93) x31 0x00000000
core   0: 0x80006b18 (0x02b9efb3) rem     t6, s3, a1
core   0: 3 0x80006b18 (0x02b9efb3) x31 0x00000ad7
core   0: 0x80006b1c (0x836ae737) lui     a4, 0x836ae
core   0: 3 0x80006b1c (0x836ae737) x14 0x836ae000
core   0: 0x80006b20 (0x0338ed33) rem     s10, a7, s3
core   0: 3 0x80006b20 (0x0338ed33) x26 0x00000000
core   0: 0x80006b24 (0x004bc5b3) xor     a1, s7, tp
core   0: 3 0x80006b24 (0x004bc5b3) x11 0x00000000
core   0: 0x80006b28 (0x04537463) bgeu    t1, t0, pc + 72
core   0: 3 0x80006b28 (0x04537463)
core   0: 0x80006b2c (0x40ac5b33) sra     s6, s8, a0
core   0: 3 0x80006b2c (0x40ac5b33) x22 0x00000000
core   0: 0x80006b30 (0x00341863) bne     s0, gp, pc + 16
core   0: 3 0x80006b30 (0x00341863)
core   0: 0x80006b34 (0x003566b3) or      a3, a0, gp
core   0: 3 0x80006b34 (0x003566b3) x13 0x00000000
core   0: 0x80006b38 (0x03cfb2b3) mulhu   t0, t6, t3
core   0: 3 0x80006b38 (0x03cfb2b3) x 5 0x00000000
core   0: 0x80006b3c (0xbe0f0a13) addi    s4, t5, -1056
core   0: 3 0x80006b3c (0xbe0f0a13) x20 0xfffffbe0
core   0: 0x80006b40 (0x7a9e5117) auipc   sp, 0x7a9e5
core   0: 3 0x80006b40 (0x7a9e5117) x 2 0xfa9ebb40
core   0: 0x80006b44 (0x01226a33) or      s4, tp, s2
core   0: 3 0x80006b44 (0x01226a33) x20 0x80025e64
core   0: 0x80006b48 (0x402b5813) srai    a6, s6, 2
core   0: 3 0x80006b48 (0x402b5813) x16 0x00000000
core   0: 0x80006b4c (0x02f8f0b3) remu    ra, a7, a5
core   0: 3 0x80006b4c (0x02f8f0b3) x 1 0x00000000
core   0: 0x80006b50 (0x02766eb3) rem     t4, a2, t2
core   0: 3 0x80006b50 (0x02766eb3) x29 0x00000001
core   0: 0x80006b54 (0x006e38b3) sltu    a7, t3, t1
core   0: 3 0x80006b54 (0x006e38b3) x17 0x00000000
core   0: 0x80006b58 (0x01cdf1b3) and     gp, s11, t3
core   0: 3 0x80006b58 (0x01cdf1b3) x 3 0x00000188
core   0: 0x80006b5c (0xfca73e93) sltiu   t4, a4, -54
core   0: 3 0x80006b5c (0xfca73e93) x29 0x00000001
core   0: 0x80006b60 (0x008e2cb3) slt     s9, t3, s0
core   0: 3 0x80006b60 (0x008e2cb3) x25 0x00000000
core   0: 0x80006b64 (0x00408e63) beq     ra, tp, pc + 28
core   0: 3 0x80006b64 (0x00408e63)
core   0: 0x80006b80 (0x03764933) div     s2, a2, s7
core   0: 3 0x80006b80 (0x03764933) x18 0xffffffff
core   0: 0x80006b84 (0x02110063) beq     sp, ra, pc + 32
core   0: 3 0x80006b84 (0x02110063)
core   0: 0x80006b88 (0x00000013) nop
core   0: 3 0x80006b88 (0x00000013)
core   0: 0x80006b8c (0x39e28e93) addi    t4, t0, 926
core   0: 3 0x80006b8c (0x39e28e93) x29 0x0000039e
core   0: 0x80006b90 (0x12937c93) andi    s9, t1, 297
core   0: 3 0x80006b90 (0x12937c93) x25 0x00000001
core   0: 0x80006b94 (0x024aa533) mulhsu  a0, s5, tp
core   0: 3 0x80006b94 (0x024aa533) x10 0x00000000
core   0: 0x80006b98 (0x0bb5fc63) bgeu    a1, s11, pc + 184
core   0: 3 0x80006b98 (0x0bb5fc63)
core   0: 0x80006b9c (0x00f2e333) or      t1, t0, a5
core   0: 3 0x80006b9c (0x00f2e333) x 6 0x80025e64
core   0: 0x80006ba0 (0x007c9693) slli    a3, s9, 7
core   0: 3 0x80006ba0 (0x007c9693) x13 0x00000080
core   0: 0x80006ba4 (0xdea3a593) slti    a1, t2, -534
core   0: 3 0x80006ba4 (0xdea3a593) x11 0x00000000
core   0: 0x80006ba8 (0x0093f533) and     a0, t2, s1
core   0: 3 0x80006ba8 (0x0093f533) x10 0x00000000
core   0: 0x80006bac (0x039eadb3) mulhsu  s11, t4, s9
core   0: 3 0x80006bac (0x039eadb3) x27 0x00000000
core   0: 0x80006bb0 (0x0183d893) srli    a7, t2, 24
core   0: 3 0x80006bb0 (0x0183d893) x17 0x00000000
core   0: 0x80006bb4 (0xff900c13) li      s8, -7
core   0: 3 0x80006bb4 (0xff900c13) x24 0xfffffff9
core   0: 0x80006bb8 (0x00000013) nop
core   0: 3 0x80006bb8 (0x00000013)
core   0: 0x80006bbc (0xf78c8b13) addi    s6, s9, -136
core   0: 3 0x80006bbc (0xf78c8b13) x22 0xffffff79
core   0: 0x80006bc0 (0x1c1543b7) lui     t2, 0x1c154
core   0: 3 0x80006bc0 (0x1c1543b7) x 7 0x1c154000
core   0: 0x80006bc4 (0x022aeb33) rem     s6, s5, sp
core   0: 3 0x80006bc4 (0x022aeb33) x22 0xfbbfca24
core   0: 0x80006bc8 (0x42d3f693) andi    a3, t2, 1069
core   0: 3 0x80006bc8 (0x42d3f693) x13 0x00000000
core   0: 0x80006bcc (0x02a799b3) mulh    s3, a5, a0
core   0: 3 0x80006bcc (0x02a799b3) x19 0x00000000
core   0: 0x80006bd0 (0x01168833) add     a6, a3, a7
core   0: 3 0x80006bd0 (0x01168833) x16 0x00000000
core   0: 0x80006bd4 (0x02d422b3) mulhsu  t0, s0, a3
core   0: 3 0x80006bd4 (0x02d422b3) x 5 0x00000000
core   0: 0x80006bd8 (0x02efa733) mulhsu  a4, t6, a4
core   0: 3 0x80006bd8 (0x02efa733) x14 0x00000590
core   0: 0x80006bdc (0x00cca133) slt     sp, s9, a2
core   0: 3 0x80006bdc (0x00cca133) x 2 0x00000000
core   0: 0x80006be0 (0x00100d13) li      s10, 1
core   0: 3 0x80006be0 (0x00100d13) x26 0x00000001
core   0: 0x80006be4 (0x03123fb3) mulhu   t6, tp, a7
core   0: 3 0x80006be4 (0x03123fb3) x31 0x00000000
core   0: 0x80006be8 (0x0068b1b3) sltu    gp, a7, t1
core   0: 3 0x80006be8 (0x0068b1b3) x 3 0x00000001
core   0: 0x80006bec (0x38687913) andi    s2, a6, 902
core   0: 3 0x80006bec (0x38687913) x18 0x00000000
core   0: 0x80006bf0 (0x018a89b3) add     s3, s5, s8
core   0: 3 0x80006bf0 (0x018a89b3) x19 0x80029cdd
core   0: 0x80006bf4 (0x28b97117) auipc   sp, 0x28b97
core   0: 3 0x80006bf4 (0x28b97117) x 2 0xa8b9dbf4
core   0: 0x80006bf8 (0x004a7fb3) and     t6, s4, tp
core   0: 3 0x80006bf8 (0x004a7fb3) x31 0x00000000
core   0: 0x80006bfc (0x02507b33) remu    s6, zero, t0
core   0: 3 0x80006bfc (0x02507b33) x22 0x00000000
core   0: 0x80006c00 (0x03ad6733) rem     a4, s10, s10
core   0: 3 0x80006c00 (0x03ad6733) x14 0x00000000
core   0: 0x80006c04 (0xe105e713) ori     a4, a1, -496
core   0: 3 0x80006c04 (0xe105e713) x14 0xfffffe10
core   0: 0x80006c08 (0x005574b3) and     s1, a0, t0
core   0: 3 0x80006c08 (0x005574b3) x 9 0x00000000
core   0: 0x80006c0c (0x4033da13) srai    s4, t2, 3
core   0: 3 0x80006c0c (0x4033da13) x20 0x0382a800
core   0: 0x80006c10 (0x0099ccb3) xor     s9, s3, s1
core   0: 3 0x80006c10 (0x0099ccb3) x25 0x80029cdd
core   0: 0x80006c14 (0x004c0c13) addi    s8, s8, 4
core   0: 3 0x80006c14 (0x004c0c13) x24 0xfffffffd
core   0: 0x80006c18 (0x024fdbb3) divu    s7, t6, tp
core   0: 3 0x80006c18 (0x024fdbb3) x23 0xffffffff
core   0: 0x80006c1c (0xfdac6ce3) bltu    s8, s10, pc - 40
core   0: 3 0x80006c1c (0xfdac6ce3)
core   0: 0x80006c20 (0x0143c433) xor     s0, t2, s4
core   0: 3 0x80006c20 (0x0143c433) x 8 0x1f97e800
core   0: 0x80006c24 (0x035ad933) divu    s2, s5, s5
core   0: 3 0x80006c24 (0x035ad933) x18 0x00000001
core   0: 0x80006c28 (0x00000013) nop
core   0: 3 0x80006c28 (0x00000013)
core   0: 0x80006c2c (0x00270c63) beq     a4, sp, pc + 24
core   0: 3 0x80006c2c (0x00270c63)
core   0: 0x80006c30 (0x0a4ebe13) sltiu   t3, t4, 164
core   0: 3 0x80006c30 (0x0a4ebe13) x28 0x00000000
core   0: 0x80006c34 (0x032f7663) bgeu    t5, s2, pc + 44
core   0: 3 0x80006c34 (0x032f7663)
core   0: 0x80006c38 (0x0070fcb3) and     s9, ra, t2
core   0: 3 0x80006c38 (0x0070fcb3) x25 0x00000000
core   0: 0x80006c3c (0x03b2ddb3) divu    s11, t0, s11
core   0: 3 0x80006c3c (0x03b2ddb3) x27 0xffffffff
core   0: 0x80006c40 (0x019deeb3) or      t4, s11, s9
core   0: 3 0x80006c40 (0x019deeb3) x29 0xffffffff
core   0: 0x80006c44 (0x00000013) nop
core   0: 3 0x80006c44 (0x00000013)
core   0: 0x80006c48 (0xe85b6193) ori     gp, s6, -379
core   0: 3 0x80006c48 (0xe85b6193) x 3 0xfffffe85
core   0: 0x80006c4c (0x011f09b3) add     s3, t5, a7
core   0: 3 0x80006c4c (0x011f09b3) x19 0x00000000
core   0: 0x80006c50 (0x01236c33) or      s8, t1, s2
core   0: 3 0x80006c50 (0x01236c33) x24 0x80025e65
core   0: 0x80006c54 (0x2945c993) xori    s3, a1, 660
core   0: 3 0x80006c54 (0x2945c993) x19 0x00000294
core   0: 0x80006c58 (0xae522713) slti    a4, tp, -1307
core   0: 3 0x80006c58 (0xae522713) x14 0x00000000
core   0: 0x80006c5c (0x03f44533) div     a0, s0, t6
core   0: 3 0x80006c5c (0x03f44533) x10 0xffffffff
core   0: 0x80006c60 (0x024faeb3) mulhsu  t4, t6, tp
core   0: 3 0x80006c60 (0x024faeb3) x29 0x00000000
core   0: 0x80006c64 (0x005620b3) slt     ra, a2, t0
core   0: 3 0x80006c64 (0x005620b3) x 1 0x00000000
core   0: 0x80006c68 (0x03a79533) mulh    a0, a5, s10
core   0: 3 0x80006c68 (0x03a79533) x10 0xffffffff
core   0: 0x80006c6c (0x6bc32c93) slti    s9, t1, 1724
core   0: 3 0x80006c6c (0x6bc32c93) x25 0x00000001
core   0: 0x80006c70 (0x012d1133) sll     sp, s10, s2
core   0: 3 0x80006c70 (0x012d1133) x 2 0x00000002
core   0: 0x80006c74 (0x03a08e33) mul     t3, ra, s10
core   0: 3 0x80006c74 (0x03a08e33) x28 0x00000000
core   0: 0x80006c78 (0x68510093) addi    ra, sp, 1669
core   0: 3 0x80006c78 (0x68510093) x 1 0x00000687
core   0: 0x80006c7c (0x107f2893) slti    a7, t5, 263
core   0: 3 0x80006c7c (0x107f2893) x17 0x00000001
core   0: 0x80006c80 (0x0382d9b3) divu    s3, t0, s8
core   0: 3 0x80006c80 (0x0382d9b3) x19 0x00000000
core   0: 0x80006c84 (0x049e0263) beq     t3, s1, pc + 68
core   0: 3 0x80006c84 (0x049e0263)
core   0: 0x80006cc8 (0x009e1c63) bne     t3, s1, pc + 24
core   0: 3 0x80006cc8 (0x009e1c63)
core   0: 0x80006ccc (0x003b1593) slli    a1, s6, 3
core   0: 3 0x80006ccc (0x003b1593) x11 0x00000000
core   0: 0x80006cd0 (0x00180a33) add     s4, a6, ra
core   0: 3 0x80006cd0 (0x00180a33) x20 0x00000687
core   0: 0x80006cd4 (0x030fb733) mulhu   a4, t6, a6
core   0: 3 0x80006cd4 (0x030fb733) x14 0x00000000
core   0: 0x80006cd8 (0x008f62b3) or      t0, t5, s0
core   0: 3 0x80006cd8 (0x008f62b3) x 5 0x1f97e800
core   0: 0x80006cdc (0x40168533) sub     a0, a3, ra
core   0: 3 0x80006cdc (0x40168533) x10 0xfffff979
core   0: 0x80006ce0 (0x043d6663) bltu    s10, gp, pc + 76
core   0: 3 0x80006ce0 (0x043d6663)
core   0: 0x80006d2c (0x00329293) slli    t0, t0, 3
core   0: 3 0x80006d2c (0x00329293) x 5 0xfcbf4000
core   0: 0x80006d30 (0x03531663) bne     t1, s5, pc + 44
core   0: 3 0x80006d30 (0x03531663)
core   0: 0x80006d5c (0x01f61b93) slli    s7, a2, 31
core   0: 3 0x80006d5c (0x01f61b93) x23 0x80000000
core   0: 0x80006d60 (0x01c2d693) srli    a3, t0, 28
core   0: 3 0x80006d60 (0x01c2d693) x13 0x0000000f
core   0: 0x80006d64 (0x01296033) or      zero, s2, s2
core   0: 3 0x80006d64 (0x01296033)
core   0: 0x80006d68 (0x02c25863) bge     tp, a2, pc + 48
core   0: 3 0x80006d68 (0x02c25863)
core   0: 0x80006d6c (0xac974b37) lui     s6, 0xac974
core   0: 3 0x80006d6c (0xac974b37) x22 0xac974000
core   0: 0x80006d70 (0x03058063) beq     a1, a6, pc + 32
core   0: 3 0x80006d70 (0x03058063)
core   0: 0x80006d90 (0x400900b3) sub     ra, s2, zero
core   0: 3 0x80006d90 (0x400900b3) x 1 0x00000001
core   0: 0x80006d94 (0x005a9d93) slli    s11, s5, 5
core   0: 3 0x80006d94 (0x005a9d93) x27 0x00539c80
core   0: 0x80006d98 (0x05018063) beq     gp, a6, pc + 64
core   0: 3 0x80006d98 (0x05018063)
core   0: 0x80006d9c (0x94a37813) andi    a6, t1, -1718
core   0: 3 0x80006d9c (0x94a37813) x16 0x80025840
core   0: 0x80006da0 (0x0192c2b3) xor     t0, t0, s9
core   0: 3 0x80006da0 (0x0192c2b3) x 5 0xfcbf4001
core   0: 0x80006da4 (0x0397ac33) mulhsu  s8, a5, s9
core   0: 3 0x80006da4 (0x0397ac33) x24 0xffffffff
core   0: 0x80006da8 (0x056d8063) beq     s11, s6, pc + 64
core   0: 3 0x80006da8 (0x056d8063)
core   0: 0x80006dac (0x02bb7bb3) remu    s7, s6, a1
core   0: 3 0x80006dac (0x02bb7bb3) x23 0xac974000
core   0: 0x80006db0 (0x00000013) nop
core   0: 3 0x80006db0 (0x00000013)
core   0: 0x80006db4 (0x00000013) nop
core   0: 3 0x80006db4 (0x00000013)
core   0: 0x80006db8 (0x01571e13) slli    t3, a4, 21
core   0: 3 0x80006db8 (0x01571e13) x28 0x00000000
core   0: 0x80006dbc (0x01b69313) slli    t1, a3, 27
core   0: 3 0x80006dbc (0x01b69313) x 6 0x78000000
core   0: 0x80006dc0 (0x003bf0b3) and     ra, s7, gp
core   0: 3 0x80006dc0 (0x003bf0b3) x 1 0xac974000
core   0: 0x80006dc4 (0x6aebb813) sltiu   a6, s7, 1710
core   0: 3 0x80006dc4 (0x6aebb813) x16 0x00000000
core   0: 0x80006dc8 (0x00edd463) bge     s11, a4, pc + 8
core   0: 3 0x80006dc8 (0x00edd463)
core   0: 0x80006dd0 (0xe21d3117) auipc   sp, 0xe21d3
core   0: 3 0x80006dd0 (0xe21d3117) x 2 0x621d9dd0
core   0: 0x80006dd4 (0x41485fb3) sra     t6, a6, s4
core   0: 3 0x80006dd4 (0x41485fb3) x31 0x00000000
core   0: 0x80006dd8 (0x011aebb3) or      s7, s5, a7
core   0: 3 0x80006dd8 (0x011aebb3) x23 0x80029ce5
core   0: 0x80006ddc (0x039b5e63) bge     s6, s9, pc + 60
core   0: 3 0x80006ddc (0x039b5e63)
core   0: 0x80006de0 (0x05eb4663) blt     s6, t5, pc + 76
core   0: 3 0x80006de0 (0x05eb4663)
core   0: 0x80006e2c (0x0199d033) srl     zero, s3, s9
core   0: 3 0x80006e2c (0x0199d033)
core   0: 0x80006e30 (0x035e6663) bltu    t3, s5, pc + 44
core   0: 3 0x80006e30 (0x035e6663)
core   0: 0x80006e5c (0x175b1397) auipc   t2, 0x175b1
core   0: 3 0x80006e5c (0x175b1397) x 7 0x975b7e5c
core   0: 0x80006e60 (0x035c7cb3) remu    s9, s8, s5
core   0: 3 0x80006e60 (0x035c7cb3) x25 0x7ffd631b
core   0: 0x80006e64 (0x01e15193) srli    gp, sp, 30
core   0: 3 0x80006e64 (0x01e15193) x 3 0x00000001
core   0: 0x80006e68 (0x03c8da33) divu    s4, a7, t3
core   0: 3 0x80006e68 (0x03c8da33) x20 0xffffffff
core   0: 0x80006e6c (0x73092113) slti    sp, s2, 1840
core   0: 3 0x80006e6c (0x73092113) x 2 0x00000001
core   0: 0x80006e70 (0x03cc2933) mulhsu  s2, s8, t3
core   0: 3 0x80006e70 (0x03cc2933) x18 0x00000000
core   0: 0x80006e74 (0x01afcfb3) xor     t6, t6, s10
core   0: 3 0x80006e74 (0x01afcfb3) x31 0x00000001
core   0: 0x80006e78 (0x006e14b3) sll     s1, t3, t1
core   0: 3 0x80006e78 (0x006e14b3) x 9 0x00000000
core   0: 0x80006e7c (0x00a6d633) srl     a2, a3, a0
core   0: 3 0x80006e7c (0x00a6d633) x12 0x00000000
core   0: 0x80006e80 (0x03c223b3) mulhsu  t2, tp, t3
core   0: 3 0x80006e80 (0x03c223b3) x 7 0x00000000
core   0: 0x80006e84 (0x023d9063) bne     s11, gp, pc + 32
core   0: 3 0x80006e84 (0x023d9063)
core   0: 0x80006ea4 (0x020bec63) bltu    s7, zero, pc + 56
core   0: 3 0x80006ea4 (0x020bec63)
core   0: 0x80006ea8 (0x00047e63) bgeu    s0, zero, pc + 28
core   0: 3 0x80006ea8 (0x00047e63)
core   0: 0x80006ec4 (0x00000013) nop
core   0: 3 0x80006ec4 (0x00000013)
core   0: 0x80006ec8 (0xc0045b97) auipc   s7, 0xc0045
core   0: 3 0x80006ec8 (0xc0045b97) x23 0x4004bec8
core   0: 0x80006ecc (0x6c6ae093) ori     ra, s5, 1734
core   0: 3 0x80006ecc (0x6c6ae093) x 1 0x80029ee6
core   0: 0x80006ed0 (0x03cef233) remu    tp, t4, t3
core   0: 3 0x80006ed0 (0x03cef233) x 4 0x00000000
core   0: 0x80006ed4 (0x04140663) beq     s0, ra, pc + 76
core   0: 3 0x80006ed4 (0x04140663)
core   0: 0x80006ed8 (0x020c8033) mul     zero, s9, zero
core   0: 3 0x80006ed8 (0x020c8033)
core   0: 0x80006edc (0xfd1da393) slti    t2, s11, -47
core   0: 3 0x80006edc (0xfd1da393) x 7 0x00000000
core   0: 0x80006ee0 (0x00ae6d33) or      s10, t3, a0
core   0: 3 0x80006ee0 (0x00ae6d33) x26 0xfffff979
core   0: 0x80006ee4 (0x007706b3) add     a3, a4, t2
core   0: 3 0x80006ee4 (0x007706b3) x13 0x00000000
core   0: 0x80006ee8 (0x0115dd33) srl     s10, a1, a7
core   0: 3 0x80006ee8 (0x0115dd33) x26 0x00000000
core   0: 0x80006eec (0x09654813) xori    a6, a0, 150
core   0: 3 0x80006eec (0x09654813) x16 0xfffff9ef
core   0: 0x80006ef0 (0x40200033) sub     zero, zero, sp
core   0: 3 0x80006ef0 (0x40200033)
core   0: 0x80006ef4 (0x40fdd593) srai    a1, s11, 15
core   0: 3 0x80006ef4 (0x40fdd593) x11 0x000000a7
core   0: 0x80006ef8 (0x2e5cf1b7) lui     gp, 0x2e5cf
core   0: 3 0x80006ef8 (0x2e5cf1b7) x 3 0x2e5cf000
core   0: 0x80006efc (0x02133eb3) mulhu   t4, t1, ra
core   0: 3 0x80006efc (0x02133eb3) x29 0x3c013a7b
core   0: 0x80006f00 (0x4132dbb3) sra     s7, t0, s3
core   0: 3 0x80006f00 (0x4132dbb3) x23 0xfcbf4001
core   0: 0x80006f04 (0x73980a13) addi    s4, a6, 1849
core   0: 3 0x80006f04 (0x73980a13) x20 0x00000128
core   0: 0x80006f08 (0x49aef597) auipc   a1, 0x49aef
core   0: 3 0x80006f08 (0x49aef597) x11 0xc9af5f08
core   0: 0x80006f0c (0xee96f813) andi    a6, a3, -279
core   0: 3 0x80006f0c (0xee96f813) x16 0x00000000
core   0: 0x80006f10 (0x0056e833) or      a6, a3, t0
core   0: 3 0x80006f10 (0x0056e833) x16 0xfcbf4001
core   0: 0x80006f14 (0x40c6da13) srai    s4, a3, 12
core   0: 3 0x80006f14 (0x40c6da13) x20 0x00000000
core   0: 0x80006f18 (0xefedac13) slti    s8, s11, -258
core   0: 3 0x80006f18 (0xefedac13) x24 0x00000000
core   0: 0x80006f1c (0x00ec68b3) or      a7, s8, a4
core   0: 3 0x80006f1c (0x00ec68b3) x17 0x00000000
core   0: 0x80006f20 (0x576ef997) auipc   s3, 0x576ef
core   0: 3 0x80006f20 (0x576ef997) x19 0xd76f5f20
core   0: 0x80006f24 (0x05de7463) bgeu    t3, t4, pc + 72
core   0: 3 0x80006f24 (0x05de7463)
core   0: 0x80006f28 (0x03f78533) mul     a0, a5, t6
core   0: 3 0x80006f28 (0x03f78533) x10 0x80025e64
core   0: 0x80006f2c (0x004bf663) bgeu    s7, tp, pc + 12
core   0: 3 0x80006f2c (0x004bf663)
core   0: 0x80006f38 (0x014ba6b3) slt     a3, s7, s4
core   0: 3 0x80006f38 (0x014ba6b3) x13 0x00000001
core   0: 0x80006f3c (0x039b8633) mul     a2, s7, s9
core   0: 3 0x80006f3c (0x039b8633) x12 0x5de9231b
core   0: 0x80006f40 (0x037c3d33) mulhu   s10, s8, s7
core   0: 3 0x80006f40 (0x037c3d33) x26 0x00000000
core   0: 0x80006f44 (0x00e10c63) beq     sp, a4, pc + 24
core   0: 3 0x80006f44 (0x00e10c63)
core   0: 0x80006f48 (0x0271abb3) mulhsu  s7, gp, t2
core   0: 3 0x80006f48 (0x0271abb3) x23 0x00000000
core   0: 0x80006f4c (0x3e9a0913) addi    s2, s4, 1001
core   0: 3 0x80006f4c (0x3e9a0913) x18 0x000003e9
core   0: 0x80006f50 (0x036ed0b3) divu    ra, t4, s6
core   0: 3 0x80006f50 (0x036ed0b3) x 1 0x00000000
core   0: 0x80006f54 (0x00ce20b3) slt     ra, t3, a2
core   0: 3 0x80006f54 (0x00ce20b3) x 1 0x00000001
core   0: 0x80006f58 (0x033f7663) bgeu    t5, s3, pc + 44
core   0: 3 0x80006f58 (0x033f7663)
core   0: 0x80006f5c (0x41ccd133) sra     sp, s9, t3
core   0: 3 0x80006f5c (0x41ccd133) x 2 0x7ffd631b
core   0: 0x80006f60 (0x0022acb3) slt     s9, t0, sp
core   0: 3 0x80006f60 (0x0022acb3) x25 0x00000001
core   0: 0x80006f64 (0x40fc8d33) sub     s10, s9, a5
core   0: 3 0x80006f64 (0x40fc8d33) x26 0x7ffda19d
core   0: 0x80006f68 (0x0289e8b3) rem     a7, s3, s0
core   0: 3 0x80006f68 (0x0289e8b3) x17 0xf7074720
core   0: 0x80006f6c (0x00000013) nop
core   0: 3 0x80006f6c (0x00000013)
core   0: 0x80006f70 (0x006b1833) sll     a6, s6, t1
core   0: 3 0x80006f70 (0x006b1833) x16 0xac974000
core   0: 0x80006f74 (0x246fe813) ori     a6, t6, 582
core   0: 3 0x80006f74 (0x246fe813) x16 0x00000247
core   0: 0x80006f78 (0x032eaeb3) mulhsu  t4, t4, s2
core   0: 3 0x80006f78 (0x032eaeb3) x29 0x000000ea
core   0: 0x80006f7c (0x400382b3) sub     t0, t2, zero
core   0: 3 0x80006f7c (0x400382b3) x 5 0x00000000
core   0: 0x80006f80 (0x404888b3) sub     a7, a7, tp
core   0: 3 0x80006f80 (0x404888b3) x17 0xf7074720
core   0: 0x80006f84 (0x31944993) xori    s3, s0, 793
core   0: 3 0x80006f84 (0x31944993) x19 0x1f97eb19
core   0: 0x80006f88 (0x0329fa33) remu    s4, s3, s2
core   0: 3 0x80006f88 (0x0329fa33) x20 0x00000129
core   0: 0x80006f8c (0x02165e33) divu    t3, a2, ra
core   0: 3 0x80006f8c (0x02165e33) x28 0x5de9231b
core   0: 0x80006f90 (0x80a3c013) xori    zero, t2, -2038
core   0: 3 0x80006f90 (0x80a3c013)
core   0: 0x80006f94 (0x419f5433) sra     s0, t5, s9
core   0: 3 0x80006f94 (0x419f5433) x 8 0x00000000
core   0: 0x80006f98 (0x404206b3) sub     a3, tp, tp
core   0: 3 0x80006f98 (0x404206b3) x13 0x00000000
core   0: 0x80006f9c (0x013f30b3) sltu    ra, t5, s3
core   0: 3 0x80006f9c (0x013f30b3) x 1 0x00000001
core   0: 0x80006fa0 (0x008114b3) sll     s1, sp, s0
core   0: 3 0x80006fa0 (0x008114b3) x 9 0x7ffd631b
core   0: 0x80006fa4 (0xbee3ee13) ori     t3, t2, -1042
core   0: 3 0x80006fa4 (0xbee3ee13) x28 0xfffffbee
core   0: 0x80006fa8 (0x00000013) nop
core   0: 3 0x80006fa8 (0x00000013)
core   0: 0x80006fac (0x010345b3) xor     a1, t1, a6
core   0: 3 0x80006fac (0x010345b3) x11 0x78000247
core   0: 0x80006fb0 (0x00749c63) bne     s1, t2, pc + 24
core   0: 3 0x80006fb0 (0x00749c63)
core   0: 0x80006fc8 (0x04f41063) bne     s0, a5, pc + 64
core   0: 3 0x80006fc8 (0x04f41063)
core   0: 0x80007008 (0x026910b3) mulh    ra, s2, t1
core   0: 3 0x80007008 (0x026910b3) x 1 0x000001d5
core   0: 0x8000700c (0x8bbea813) slti    a6, t4, -1861
core   0: 3 0x8000700c (0x8bbea813) x16 0x00000000
core   0: 0x80007010 (0x01541d33) sll     s10, s0, s5
core   0: 3 0x80007010 (0x01541d33) x26 0x00000000
core   0: 0x80007014 (0x02fbb9b3) mulhu   s3, s7, a5
core   0: 3 0x80007014 (0x02fbb9b3) x19 0x00000000
core   0: 0x80007018 (0x036cf463) bgeu    s9, s6, pc + 40
core   0: 3 0x80007018 (0x036cf463)
core   0: 0x8000701c (0x02b94733) div     a4, s2, a1
core   0: 3 0x8000701c (0x02b94733) x14 0x00000000
core   0: 0x80007020 (0x02b7c063) blt     a5, a1, pc + 32
core   0: 3 0x80007020 (0x02b7c063)
core   0: 0x80007040 (0xf1db3593) sltiu   a1, s6, -227
core   0: 3 0x80007040 (0xf1db3593) x11 0x00000001
core   0: 0x80007044 (0x00000013) nop
core   0: 3 0x80007044 (0x00000013)
core   0: 0x80007048 (0x4118d593) srai    a1, a7, 17
core   0: 3 0x80007048 (0x4118d593) x11 0xfffffb83
core   0: 0x8000704c (0x00e053b3) srl     t2, zero, a4
core   0: 3 0x8000704c (0x00e053b3) x 7 0x00000000
core   0: 0x80007050 (0x00000013) nop
core   0: 3 0x80007050 (0x00000013)
core   0: 0x80007054 (0x88e125b7) lui     a1, 0x88e12
core   0: 3 0x80007054 (0x88e125b7) x11 0x88e12000
core   0: 0x80007058 (0x000e7233) and     tp, t3, zero
core   0: 3 0x80007058 (0x000e7233) x 4 0x00000000
core   0: 0x8000705c (0x013845b3) xor     a1, a6, s3
core   0: 3 0x8000705c (0x013845b3) x11 0x00000000
core   0: 0x80007060 (0x03827cb3) remu    s9, tp, s8
core   0: 3 0x80007060 (0x03827cb3) x25 0x00000000
core   0: 0x80007064 (0x00ab72b3) and     t0, s6, a0
core   0: 3 0x80007064 (0x00ab72b3) x 5 0x80024000
core   0: 0x80007068 (0x6c941e17) auipc   t3, 0x6c941
core   0: 3 0x80007068 (0x6c941e17) x28 0xec948068
core   0: 0x8000706c (0x00057733) and     a4, a0, zero
core   0: 3 0x8000706c (0x00057733) x14 0x00000000
core   0: 0x80007070 (0x01f46863) bltu    s0, t6, pc + 16
core   0: 3 0x80007070 (0x01f46863)
core   0: 0x80007080 (0x202a2213) slti    tp, s4, 514
core   0: 3 0x80007080 (0x202a2213) x 4 0x00000001
core   0: 0x80007084 (0x564d0093) addi    ra, s10, 1380
core   0: 3 0x80007084 (0x564d0093) x 1 0x00000564
core   0: 0x80007088 (0x0357d6b3) divu    a3, a5, s5
core   0: 3 0x80007088 (0x0357d6b3) x13 0x00000000
core   0: 0x8000708c (0x0761ecb7) lui     s9, 0x761e
core   0: 3 0x8000708c (0x0761ecb7) x25 0x0761e000
core   0: 0x80007090 (0x0391d863) bge     gp, s9, pc + 48
core   0: 3 0x80007090 (0x0391d863)
core   0: 0x800070c0 (0x00d133b3) sltu    t2, sp, a3
core   0: 3 0x800070c0 (0x00d133b3) x 7 0x00000000
core   0: 0x800070c4 (0x404cd433) sra     s0, s9, tp
core   0: 3 0x800070c4 (0x404cd433) x 8 0x03b0f000
core   0: 0x800070c8 (0x015c2c33) slt     s8, s8, s5
core   0: 3 0x800070c8 (0x015c2c33) x24 0x00000000
core   0: 0x800070cc (0x3e5cf513) andi    a0, s9, 997
core   0: 3 0x800070cc (0x3e5cf513) x10 0x00000000
core   0: 0x800070d0 (0x00f2d913) srli    s2, t0, 15
core   0: 3 0x800070d0 (0x00f2d913) x18 0x00010004
core   0: 0x800070d4 (0x016fd593) srli    a1, t6, 22
core   0: 3 0x800070d4 (0x016fd593) x11 0x00000000
core   0: 0x800070d8 (0x0002fc63) bgeu    t0, zero, pc + 24
core   0: 3 0x800070d8 (0x0002fc63)
core   0: 0x800070f0 (0x4ab76a17) auipc   s4, 0x4ab76
core   0: 3 0x800070f0 (0x4ab76a17) x20 0xcab7d0f0
core   0: 0x800070f4 (0x449a8813) addi    a6, s5, 1097
core   0: 3 0x800070f4 (0x449a8813) x16 0x8002a12d
core   0: 0x800070f8 (0x03a5a4b3) mulhsu  s1, a1, s10
core   0: 3 0x800070f8 (0x03a5a4b3) x 9 0x00000000
core   0: 0x800070fc (0x03000933) mul     s2, zero, a6
core   0: 3 0x800070fc (0x03000933) x18 0x00000000
core   0: 0x80007100 (0x00fe4d33) xor     s10, t3, a5
core   0: 3 0x80007100 (0x00fe4d33) x26 0x6c96de0c
core   0: 0x80007104 (0x02cc9863) bne     s9, a2, pc + 48
core   0: 3 0x80007104 (0x02cc9863)
core   0: 0x80007134 (0x40005c33) sra     s8, zero, zero
core   0: 3 0x80007134 (0x40005c33) x24 0x00000000
core   0: 0x80007138 (0x026cd5b3) divu    a1, s9, t1
core   0: 3 0x80007138 (0x026cd5b3) x11 0x00000000
core   0: 0x8000713c (0x035e4133) div     sp, t3, s5
core   0: 3 0x8000713c (0x035e4133) x 2 0x00000000
core   0: 0x80007140 (0x014a11b3) sll     gp, s4, s4
core   0: 3 0x80007140 (0x014a11b3) x 3 0xd0f00000
core   0: 0x80007144 (0x02f50a63) beq     a0, a5, pc + 52
core   0: 3 0x80007144 (0x02f50a63)
core   0: 0x80007148 (0x01de1033) sll     zero, t3, t4
core   0: 3 0x80007148 (0x01de1033)
core   0: 0x8000714c (0x034e5db3) divu    s11, t3, s4
core   0: 3 0x8000714c (0x034e5db3) x27 0x00000001
core   0: 0x80007150 (0x026001b3) mul     gp, zero, t1
core   0: 3 0x80007150 (0x026001b3) x 3 0x00000000
core   0: 0x80007154 (0x63b54c13) xori    s8, a0, 1595
core   0: 3 0x80007154 (0x63b54c13) x24 0x0000063b
core   0: 0x80007158 (0x01996333) or      t1, s2, s9
core   0: 3 0x80007158 (0x01996333) x 6 0x0761e000
core   0: 0x8000715c (0xd16d0b97) auipc   s7, 0xd16d0
core   0: 3 0x8000715c (0xd16d0b97) x23 0x516d715c
core   0: 0x80007160 (0xc4ff9b37) lui     s6, 0xc4ff9
core   0: 3 0x80007160 (0xc4ff9b37) x22 0xc4ff9000
core   0: 0x80007164 (0x016c8b33) add     s6, s9, s6
core   0: 3 0x80007164 (0x016c8b33) x22 0xcc617000
core   0: 0x80007168 (0x03d370b3) remu    ra, t1, t4
core   0: 3 0x80007168 (0x03d370b3) x 1 0x00000034
core   0: 0x8000716c (0x00000013) nop
core   0: 3 0x8000716c (0x00000013)
core   0: 0x80007170 (0x013aacb3) slt     s9, s5, s3
core   0: 3 0x80007170 (0x013aacb3) x25 0x00000001
core   0: 0x80007174 (0x035fe463) bltu    t6, s5, pc + 40
core   0: 3 0x80007174 (0x035fe463)
core   0: 0x8000719c (0x013d6fb3) or      t6, s10, s3
core   0: 3 0x8000719c (0x013d6fb3) x31 0x6c96de0c
core   0: 0x800071a0 (0x67f90897) auipc   a7, 0x67f90
core   0: 3 0x800071a0 (0x67f90897) x17 0xe7f971a0
core   0: 0x800071a4 (0xcae34b13) xori    s6, t1, -850
core   0: 3 0x800071a4 (0xcae34b13) x22 0xf89e1cae
core   0: 0x800071a8 (0x418edd13) srai    s10, t4, 24
core   0: 3 0x800071a8 (0x418edd13) x26 0x00000000
core   0: 0x800071ac (0x017dad33) slt     s10, s11, s7
core   0: 3 0x800071ac (0x017dad33) x26 0x00000001
core   0: 0x800071b0 (0x001bbb33) sltu    s6, s7, ra
core   0: 3 0x800071b0 (0x001bbb33) x22 0x00000000
core   0: 0x800071b4 (0x22093d93) sltiu   s11, s2, 544
core   0: 3 0x800071b4 (0x22093d93) x27 0x00000001
core   0: 0x800071b8 (0x02c762b3) rem     t0, a4, a2
core   0: 3 0x800071b8 (0x02c762b3) x 5 0x00000000
core   0: 0x800071bc (0xf8f5e193) ori     gp, a1, -113
core   0: 3 0x800071bc (0xf8f5e193) x 3 0xffffff8f
core   0: 0x800071c0 (0x01a7c0b3) xor     ra, a5, s10
core   0: 3 0x800071c0 (0x01a7c0b3) x 1 0x80025e65
core   0: 0x800071c4 (0x018ae433) or      s0, s5, s8
core   0: 3 0x800071c4 (0x018ae433) x 8 0x80029eff
core   0: 0x800071c8 (0x02eb7233) remu    tp, s6, a4
core   0: 3 0x800071c8 (0x02eb7233) x 4 0x00000000
core   0: 0x800071cc (0x83cdb313) sltiu   t1, s11, -1988
core   0: 3 0x800071cc (0x83cdb313) x 6 0x00000001
core   0: 0x800071d0 (0x01598863) beq     s3, s5, pc + 16
core   0: 3 0x800071d0 (0x01598863)
core   0: 0x800071d4 (0x02e4d663) bge     s1, a4, pc + 44
core   0: 3 0x800071d4 (0x02e4d663)
core   0: 0x80007200 (0x005cdcb3) srl     s9, s9, t0
core   0: 3 0x80007200 (0x005cdcb3) x25 0x00000001
core   0: 0x80007204 (0x4043da13) srai    s4, t2, 4
core   0: 3 0x80007204 (0x4043da13) x20 0x00000000
core   0: 0x80007208 (0x291bc193) xori    gp, s7, 657
core   0: 3 0x80007208 (0x291bc193) x 3 0x516d73cd
core   0: 0x8000720c (0x010749b3) xor     s3, a4, a6
core   0: 3 0x8000720c (0x010749b3) x19 0x8002a12d
core   0: 0x80007210 (0x4174dd13) srai    s10, s1, 23
core   0: 3 0x80007210 (0x4174dd13) x26 0x00000000
core   0: 0x80007214 (0x031e0fb3) mul     t6, t3, a7
core   0: 3 0x80007214 (0x031e0fb3) x31 0x26a62900
core   0: 0x80007218 (0x03c8e333) rem     t1, a7, t3
core   0: 3 0x80007218 (0x03c8e333) x 6 0xfb64f138
core   0: 0x8000721c (0x0170c733) xor     a4, ra, s7
core   0: 3 0x8000721c (0x0170c733) x14 0xd16f2f39
core   0: 0x80007220 (0x00afc2b3) xor     t0, t6, a0
core   0: 3 0x80007220 (0x00afc2b3) x 5 0x26a62900
core   0: 0x80007224 (0x021e8133) mul     sp, t4, ra
core   0: 3 0x80007224 (0x021e8133) x 2 0x022a4852
core   0: 0x80007228 (0x077e1663) bne     t3, s7, pc + 108
core   0: 3 0x80007228 (0x077e1663)
core   0: 0x80007294 (0xe58e30b7) lui     ra, 0xe58e3
core   0: 3 0x80007294 (0xe58e30b7) x 1 0xe58e3000
core   0: 0x80007298 (0x897705b7) lui     a1, 0x89770
core   0: 3 0x80007298 (0x897705b7) x11 0x89770000
core   0: 0x8000729c (0x02cfb2b3) mulhu   t0, t6, a2
core   0: 3 0x8000729c (0x02cfb2b3) x 5 0x0e2d8f6d
core   0: 0x800072a0 (0x01ed4fb3) xor     t6, s10, t5
core   0: 3 0x800072a0 (0x01ed4fb3) x31 0x00000000
core   0: 0x800072a4 (0x009efeb3) and     t4, t4, s1
core   0: 3 0x800072a4 (0x009efeb3) x29 0x00000000
core   0: 0x800072a8 (0x02e5c133) div     sp, a1, a4
core   0: 3 0x800072a8 (0x02e5c133) x 2 0x00000002
core   0: 0x800072ac (0xd8914713) xori    a4, sp, -631
core   0: 3 0x800072ac (0xd8914713) x14 0xfffffd8b
core   0: 0x800072b0 (0x0349d333) divu    t1, s3, s4
core   0: 3 0x800072b0 (0x0349d333) x 6 0xffffffff
core   0: 0x800072b4 (0x038921b3) mulhsu  gp, s2, s8
core   0: 3 0x800072b4 (0x038921b3) x 3 0x00000000
core   0: 0x800072b8 (0x0132ee63) bltu    t0, s3, pc + 28
core   0: 3 0x800072b8 (0x0132ee63)
core   0: 0x800072d4 (0x01bcf233) and     tp, s9, s11
core   0: 3 0x800072d4 (0x01bcf233) x 4 0x00000001
core   0: 0x800072d8 (0x33a96bb7) lui     s7, 0x33a96
core   0: 3 0x800072d8 (0x33a96bb7) x23 0x33a96000
core   0: 0x800072dc (0x00000013) nop
core   0: 3 0x800072dc (0x00000013)
core   0: 0x800072e0 (0x025193b3) mulh    t2, gp, t0
core   0: 3 0x800072e0 (0x025193b3) x 7 0x00000000
core   0: 0x800072e4 (0x1af72e93) slti    t4, a4, 431
core   0: 3 0x800072e4 (0x1af72e93) x29 0x00000001
core   0: 0x800072e8 (0x03da2733) mulhsu  a4, s4, t4
core   0: 3 0x800072e8 (0x03da2733) x14 0x00000000
core   0: 0x800072ec (0x0365fbb3) remu    s7, a1, s6
core   0: 3 0x800072ec (0x0365fbb3) x23 0x89770000
core   0: 0x800072f0 (0x00e39a33) sll     s4, t2, a4
core   0: 3 0x800072f0 (0x00e39a33) x20 0x00000000
core   0: 0x800072f4 (0x023a9a33) mulh    s4, s5, gp
core   0: 3 0x800072f4 (0x023a9a33) x20 0x00000000
core   0: 0x800072f8 (0x02a5db33) divu    s6, a1, a0
core   0: 3 0x800072f8 (0x02a5db33) x22 0xffffffff
core   0: 0x800072fc (0x03594033) div     zero, s2, s5
core   0: 3 0x800072fc (0x03594033)
core   0: 0x80007300 (0x01f1e3b3) or      t2, gp, t6
core   0: 3 0x80007300 (0x01f1e3b3) x 7 0x00000000
core   0: 0x80007304 (0x4d1d3d13) sltiu   s10, s10, 1233
core   0: 3 0x80007304 (0x4d1d3d13) x26 0x00000001
core   0: 0x80007308 (0x0c5e8093) addi    ra, t4, 197
core   0: 3 0x80007308 (0x0c5e8093) x 1 0x000000c6
core   0: 0x8000730c (0x560eb693) sltiu   a3, t4, 1376
core   0: 3 0x8000730c (0x560eb693) x13 0x00000001
core   0: 0x80007310 (0x00011b33) sll     s6, sp, zero
core   0: 3 0x80007310 (0x00011b33) x22 0x00000002
core   0: 0x80007314 (0x01a25813) srli    a6, tp, 26
core   0: 3 0x80007314 (0x01a25813) x16 0x00000000
core   0: 0x80007318 (0x01c9efb3) or      t6, s3, t3
core   0: 3 0x80007318 (0x01c9efb3) x31 0xec96a16d
core   0: 0x8000731c (0x1f473313) sltiu   t1, a4, 500
core   0: 3 0x8000731c (0x1f473313) x 6 0x00000001
core   0: 0x80007320 (0x034a83b3) mul     t2, s5, s4
core   0: 3 0x80007320 (0x034a83b3) x 7 0x00000000
core   0: 0x80007324 (0x01e68233) add     tp, a3, t5
core   0: 3 0x80007324 (0x01e68233) x 4 0x00000001
core   0: 0x80007328 (0xf9aaaeb7) lui     t4, 0xf9aaa
core   0: 3 0x80007328 (0xf9aaaeb7) x29 0xf9aaa000
core   0: 0x8000732c (0x02225fb3) divu    t6, tp, sp
core   0: 3 0x8000732c (0x02225fb3) x31 0x00000000
core   0: 0x80007330 (0x40ad5993) srai    s3, s10, 10
core   0: 3 0x80007330 (0x40ad5993) x19 0x00000000
core   0: 0x80007334 (0x7bfcff93) andi    t6, s9, 1983
core   0: 3 0x80007334 (0x7bfcff93) x31 0x00000001
core   0: 0x80007338 (0x017ed933) srl     s2, t4, s7
core   0: 3 0x80007338 (0x017ed933) x18 0xf9aaa000
core   0: 0x8000733c (0xe93feb93) ori     s7, t6, -365
core   0: 3 0x8000733c (0xe93feb93) x23 0xfffffe93
core   0: 0x80007340 (0x01fd1693) slli    a3, s10, 31
core   0: 3 0x80007340 (0x01fd1693) x13 0x80000000
core   0: 0x80007344 (0x0836ee63) bltu    a3, gp, pc + 156
core   0: 3 0x80007344 (0x0836ee63)
core   0: 0x80007348 (0x00000013) nop
core   0: 3 0x80007348 (0x00000013)
core   0: 0x8000734c (0x00cc0e33) add     t3, s8, a2
core   0: 3 0x8000734c (0x00cc0e33) x28 0x5de92956
core   0: 0x80007350 (0xa836b393) sltiu   t2, a3, -1405
core   0: 3 0x80007350 (0xa836b393) x 7 0x00000001
core   0: 0x80007354 (0x01c7e133) or      sp, a5, t3
core   0: 3 0x80007354 (0x01c7e133) x 2 0xddeb7f76
core   0: 0x80007358 (0x1b256537) lui     a0, 0x1b256
core   0: 3 0x80007358 (0x1b256537) x10 0x1b256000
core   0: 0x8000735c (0x0095e9b3) or      s3, a1, s1
core   0: 3 0x8000735c (0x0095e9b3) x19 0x89770000
core   0: 0x80007360 (0x5a45e013) ori     zero, a1, 1444
core   0: 3 0x80007360 (0x5a45e013)
core   0: 0x80007364 (0x03f56a33) rem     s4, a0, t6
core   0: 3 0x80007364 (0x03f56a33) x20 0x00000000
core   0: 0x80007368 (0x020fb433) mulhu   s0, t6, zero
core   0: 3 0x80007368 (0x020fb433) x 8 0x00000000
core   0: 0x8000736c (0x0b231063) bne     t1, s2, pc + 160
core   0: 3 0x8000736c (0x0b231063)
core   0: 0x8000740c (0x05886463) bltu    a6, s8, pc + 72
core   0: 3 0x8000740c (0x05886463)
core   0: 0x80007454 (0x02988933) mul     s2, a7, s1
core   0: 3 0x80007454 (0x02988933) x18 0x00000000
core   0: 0x80007458 (0x034891b3) mulh    gp, a7, s4
core   0: 3 0x80007458 (0x034891b3) x 3 0x00000000
core   0: 0x8000745c (0x013d83b3) add     t2, s11, s3
core   0: 3 0x8000745c (0x013d83b3) x 7 0x89770001
core   0: 0x80007460 (0x56e28c13) addi    s8, t0, 1390
core   0: 3 0x80007460 (0x56e28c13) x24 0x0e2d94db
core   0: 0x80007464 (0x026f98b3) mulh    a7, t6, t1
core   0: 3 0x80007464 (0x026f98b3) x17 0x00000000
core   0: 0x80007468 (0x03a8f463) bgeu    a7, s10, pc + 40
core   0: 3 0x80007468 (0x03a8f463)
core   0: 0x8000746c (0x01c6a9b3) slt     s3, a3, t3
core   0: 3 0x8000746c (0x01c6a9b3) x19 0x00000001
core   0: 0x80007470 (0x00b49b13) slli    s6, s1, 11
core   0: 3 0x80007470 (0x00b49b13) x22 0x00000000
core   0: 0x80007474 (0x00000013) nop
core   0: 3 0x80007474 (0x00000013)
core   0: 0x80007478 (0x3c773997) auipc   s3, 0x3c773
core   0: 3 0x80007478 (0x3c773997) x19 0xbc77a478
core   0: 0x8000747c (0x0062f463) bgeu    t0, t1, pc + 8
core   0: 3 0x8000747c (0x0062f463)
core   0: 0x80007484 (0x842d3293) sltiu   t0, s10, -1982
core   0: 3 0x80007484 (0x842d3293) x 5 0x00000001
core   0: 0x80007488 (0x01972833) slt     a6, a4, s9
core   0: 3 0x80007488 (0x01972833) x16 0x00000001
core   0: 0x8000748c (0x0336ac33) mulhsu  s8, a3, s3
core   0: 3 0x8000748c (0x0336ac33) x24 0xa1c42dc4
core   0: 0x80007490 (0x02633133) mulhu   sp, t1, t1
core   0: 3 0x80007490 (0x02633133) x 2 0x00000000
core   0: 0x80007494 (0x037dd2b3) divu    t0, s11, s7
core   0: 3 0x80007494 (0x037dd2b3) x 5 0x00000000
core   0: 0x80007498 (0x03c27833) remu    a6, tp, t3
core   0: 3 0x80007498 (0x03c27833) x16 0x00000001
core   0: 0x8000749c (0xdcc10c13) addi    s8, sp, -564
core   0: 3 0x8000749c (0xdcc10c13) x24 0xfffffdcc
core   0: 0x800074a0 (0x00fdffb3) and     t6, s11, a5
core   0: 3 0x800074a0 (0x00fdffb3) x31 0x00000000
core   0: 0x800074a4 (0x035839b3) mulhu   s3, a6, s5
core   0: 3 0x800074a4 (0x035839b3) x19 0x00000000
core   0: 0x800074a8 (0x03dbf863) bgeu    s7, t4, pc + 48
core   0: 3 0x800074a8 (0x03dbf863)
core   0: 0x800074d8 (0xd4290693) addi    a3, s2, -702
core   0: 3 0x800074d8 (0xd4290693) x13 0xfffffd42
core   0: 0x800074dc (0x0199aeb3) slt     t4, s3, s9
core   0: 3 0x800074dc (0x0199aeb3) x29 0x00000001
core   0: 0x800074e0 (0x013d4233) xor     tp, s10, s3
core   0: 3 0x800074e0 (0x013d4233) x 4 0x00000001
core   0: 0x800074e4 (0x404ad613) srai    a2, s5, 4
core   0: 3 0x800074e4 (0x404ad613) x12 0xf80029ce
core   0: 0x800074e8 (0x40c783b3) sub     t2, a5, a2
core   0: 3 0x800074e8 (0x40c783b3) x 7 0x88023496
core   0: 0x800074ec (0x01e44733) xor     a4, s0, t5
core   0: 3 0x800074ec (0x01e44733) x14 0x00000000
core   0: 0x800074f0 (0x410582b3) sub     t0, a1, a6
core   0: 3 0x800074f0 (0x410582b3) x 5 0x8976ffff
core   0: 0x800074f4 (0x3ae47c13) andi    s8, s0, 942
core   0: 3 0x800074f4 (0x3ae47c13) x24 0x00000000
core   0: 0x800074f8 (0x028bd2b3) divu    t0, s7, s0
core   0: 3 0x800074f8 (0x028bd2b3) x 5 0xffffffff
core   0: 0x800074fc (0x00703633) snez    a2, t2
core   0: 3 0x800074fc (0x00703633) x12 0x00000001
core   0: 0x80007500 (0x018a1a33) sll     s4, s4, s8
core   0: 3 0x80007500 (0x018a1a33) x20 0x00000000
core   0: 0x80007504 (0x000d5093) srli    ra, s10, 0
core   0: 3 0x80007504 (0x000d5093) x 1 0x00000001
core   0: 0x80007508 (0x008ce133) or      sp, s9, s0
core   0: 3 0x80007508 (0x008ce133) x 2 0x00000001
core   0: 0x8000750c (0xf5991e37) lui     t3, 0xf5991
core   0: 3 0x8000750c (0xf5991e37) x28 0xf5991000
core   0: 0x80007510 (0x037ce133) rem     sp, s9, s7
core   0: 3 0x80007510 (0x037ce133) x 2 0x00000001
core   0: 0x80007514 (0x009f0633) add     a2, t5, s1
core   0: 3 0x80007514 (0x009f0633) x12 0x00000000
core   0: 0x80007518 (0x015caa33) slt     s4, s9, s5
core   0: 3 0x80007518 (0x015caa33) x20 0x00000000
core   0: 0x8000751c (0x00024233) xor     tp, tp, zero
core   0: 3 0x8000751c (0x00024233) x 4 0x00000001
core   0: 0x80007520 (0x005cd863) bge     s9, t0, pc + 16
core   0: 3 0x80007520 (0x005cd863)
core   0: 0x80007530 (0x033b72b3) remu    t0, s6, s3
core   0: 3 0x80007530 (0x033b72b3) x 5 0x00000000
core   0: 0x80007534 (0x0a5f7697) auipc   a3, 0xa5f7
core   0: 3 0x80007534 (0x0a5f7697) x13 0x8a5fe534
core   0: 0x80007538 (0x0049ce33) xor     t3, s3, tp
core   0: 3 0x80007538 (0x0049ce33) x28 0x00000001
core   0: 0x8000753c (0x0383dfb3) divu    t6, t2, s8
core   0: 3 0x8000753c (0x0383dfb3) x31 0xffffffff
core   0: 0x80007540 (0x0388ceb3) div     t4, a7, s8
core   0: 3 0x80007540 (0x0388ceb3) x29 0xffffffff
core   0: 0x80007544 (0x03b2a9b3) mulhsu  s3, t0, s11
core   0: 3 0x80007544 (0x03b2a9b3) x19 0x00000000
core   0: 0x80007548 (0x01f04c63) blt     zero, t6, pc + 24
core   0: 3 0x80007548 (0x01f04c63)
core   0: 0x8000754c (0xcbc4ba37) lui     s4, 0xcbc4b
core   0: 3 0x8000754c (0xcbc4ba37) x20 0xcbc4b000
core   0: 0x80007550 (0x02e14c33) div     s8, sp, a4
core   0: 3 0x80007550 (0x02e14c33) x24 0xffffffff
core   0: 0x80007554 (0x00f65193) srli    gp, a2, 15
core   0: 3 0x80007554 (0x00f65193) x 3 0x00000000
core   0: 0x80007558 (0x00d58233) add     tp, a1, a3
core   0: 3 0x80007558 (0x00d58233) x 4 0x13d6e534
core   0: 0x8000755c (0xf215e513) ori     a0, a1, -223
core   0: 3 0x8000755c (0xf215e513) x10 0xffffff21
core   0: 0x80007560 (0x7749e893) ori     a7, s3, 1908
core   0: 3 0x80007560 (0x7749e893) x17 0x00000774
core   0: 0x80007564 (0x00e9fe63) bgeu    s3, a4, pc + 28
core   0: 3 0x80007564 (0x00e9fe63)
core   0: 0x80007580 (0x04f71463) bne     a4, a5, pc + 72
core   0: 3 0x80007580 (0x04f71463)
core   0: 0x800075c8 (0x03115c33) divu    s8, sp, a7
core   0: 3 0x800075c8 (0x03115c33) x24 0x00000000
core   0: 0x800075cc (0x05b9fa13) andi    s4, s3, 91
core   0: 3 0x800075cc (0x05b9fa13) x20 0x00000000
core   0: 0x800075d0 (0x01fbe833) or      a6, s7, t6
core   0: 3 0x800075d0 (0x01fbe833) x16 0xffffffff
core   0: 0x800075d4 (0x41be0bb3) sub     s7, t3, s11
core   0: 3 0x800075d4 (0x41be0bb3) x23 0x00000000
core   0: 0x800075d8 (0x03203833) mulhu   a6, zero, s2
core   0: 3 0x800075d8 (0x03203833) x16 0x00000000
core   0: 0x800075dc (0x0456f063) bgeu    a3, t0, pc + 64
core   0: 3 0x800075dc (0x0456f063)
core   0: 0x8000761c (0x40518233) sub     tp, gp, t0
core   0: 3 0x8000761c (0x40518233) x 4 0x00000000
core   0: 0x80007620 (0x00000013) nop
core   0: 3 0x80007620 (0x00000013)
core   0: 0x80007624 (0x008635b3) sltu    a1, a2, s0
core   0: 3 0x80007624 (0x008635b3) x11 0x00000000
core   0: 0x80007628 (0xe085cb13) xori    s6, a1, -504
core   0: 3 0x80007628 (0xe085cb13) x22 0xfffffe08
core   0: 0x8000762c (0xd4ba5c37) lui     s8, 0xd4ba5
core   0: 3 0x8000762c (0xd4ba5c37) x24 0xd4ba5000
core   0: 0x80007630 (0xc3fce297) auipc   t0, 0xc3fce
core   0: 3 0x80007630 (0xc3fce297) x 5 0x43fd5630
core   0: 0x80007634 (0x00788133) add     sp, a7, t2
core   0: 3 0x80007634 (0x00788133) x 2 0x88023c0a
core   0: 0x80007638 (0x02411533) mulh    a0, sp, tp
core   0: 3 0x80007638 (0x02411533) x10 0x00000000
core   0: 0x8000763c (0x00300613) li      a2, 3
core   0: 3 0x8000763c (0x00300613) x12 0x00000003
core   0: 0x80007640 (0x009ad733) srl     a4, s5, s1
core   0: 3 0x80007640 (0x009ad733) x14 0x80029ce4
core   0: 0x80007644 (0x01200313) li      t1, 18
core   0: 3 0x80007644 (0x01200313) x 6 0x00000012
core   0: 0x80007648 (0x02ba6cb3) rem     s9, s4, a1
core   0: 3 0x80007648 (0x02ba6cb3) x25 0x00000000
core   0: 0x8000764c (0x13327837) lui     a6, 0x13327
core   0: 3 0x8000764c (0x13327837) x16 0x13327000
core   0: 0x80007650 (0x00acd413) srli    s0, s9, 10
core   0: 3 0x80007650 (0x00acd413) x 8 0x00000000
core   0: 0x80007654 (0x030ab3b3) mulhu   t2, s5, a6
core   0: 3 0x80007654 (0x030ab3b3) x 7 0x09996a28
core   0: 0x80007658 (0x41898cb3) sub     s9, s3, s8
core   0: 3 0x80007658 (0x41898cb3) x25 0x2b45b000
core   0: 0x8000765c (0x005076b3) and     a3, zero, t0
core   0: 3 0x8000765c (0x005076b3) x13 0x00000000
core   0: 0x80007660 (0x00615113) srli    sp, sp, 6
core   0: 3 0x80007660 (0x00615113) x 2 0x022008f0
core   0: 0x80007664 (0x00660613) addi    a2, a2, 6
core   0: 3 0x80007664 (0x00660613) x12 0x00000009
core   0: 0x80007668 (0x73f66413) ori     s0, a2, 1855
core   0: 3 0x80007668 (0x73f66413) x 8 0x0000073f
core   0: 0x8000766c (0x01eb8a33) add     s4, s7, t5
core   0: 3 0x8000766c (0x01eb8a33) x20 0x00000000
core   0: 0x80007670 (0x00300b93) li      s7, 3
core   0: 3 0x80007670 (0x00300b93) x23 0x00000003
core   0: 0x80007674 (0x0374c233) div     tp, s1, s7
core   0: 3 0x80007674 (0x0374c233) x 4 0x00000000
core   0: 0x80007678 (0x58aff893) andi    a7, t6, 1418
core   0: 3 0x80007678 (0x58aff893) x17 0x0000058a
core   0: 0x8000767c (0x00400993) li      s3, 4
core   0: 3 0x8000767c (0x00400993) x19 0x00000004
core   0: 0x80007680 (0xd2b16d93) ori     s11, sp, -725
core   0: 3 0x80007680 (0xd2b16d93) x27 0xfffffdfb
core   0: 0x80007684 (0x91a2b513) sltiu   a0, t0, -1766
core   0: 3 0x80007684 (0x91a2b513) x10 0x00000001
core   0: 0x80007688 (0x005b8b93) addi    s7, s7, 5
core   0: 3 0x80007688 (0x005b8b93) x23 0x00000008
core   0: 0x8000768c (0x6c05a593) slti    a1, a1, 1728
core   0: 3 0x8000768c (0x6c05a593) x11 0x00000001
core   0: 0x80007690 (0xff3bcae3) blt     s7, s3, pc - 12
core   0: 3 0x80007690 (0xff3bcae3)
core   0: 0x80007694 (0x00b55913) srli    s2, a0, 11
core   0: 3 0x80007694 (0x00b55913) x18 0x00000000
core   0: 0x80007698 (0x034c23b3) mulhsu  t2, s8, s4
core   0: 3 0x80007698 (0x034c23b3) x 7 0x00000000
core   0: 0x8000769c (0xfa664ce3) blt     a2, t1, pc - 72
core   0: 3 0x8000769c (0xfa664ce3)
core   0: 0x80007654 (0x030ab3b3) mulhu   t2, s5, a6
core   0: 3 0x80007654 (0x030ab3b3) x 7 0x09996a28
core   0: 0x80007658 (0x41898cb3) sub     s9, s3, s8
core   0: 3 0x80007658 (0x41898cb3) x25 0x2b45b004
core   0: 0x8000765c (0x005076b3) and     a3, zero, t0
core   0: 3 0x8000765c (0x005076b3) x13 0x00000000
core   0: 0x80007660 (0x00615113) srli    sp, sp, 6
core   0: 3 0x80007660 (0x00615113) x 2 0x00088023
core   0: 0x80007664 (0x00660613) addi    a2, a2, 6
core   0: 3 0x80007664 (0x00660613) x12 0x0000000f
core   0: 0x80007668 (0x73f66413) ori     s0, a2, 1855
core   0: 3 0x80007668 (0x73f66413) x 8 0x0000073f
core   0: 0x8000766c (0x01eb8a33) add     s4, s7, t5
core   0: 3 0x8000766c (0x01eb8a33) x20 0x00000008
core   0: 0x80007670 (0x00300b93) li      s7, 3
core   0: 3 0x80007670 (0x00300b93) x23 0x00000003
core   0: 0x80007674 (0x0374c233) div     tp, s1, s7
core   0: 3 0x80007674 (0x0374c233) x 4 0x00000000
core   0: 0x80007678 (0x58aff893) andi    a7, t6, 1418
core   0: 3 0x80007678 (0x58aff893) x17 0x0000058a
core   0: 0x8000767c (0x00400993) li      s3, 4
core   0: 3 0x8000767c (0x00400993) x19 0x00000004
core   0: 0x80007680 (0xd2b16d93) ori     s11, sp, -725
core   0: 3 0x80007680 (0xd2b16d93) x27 0xfffffd2b
core   0: 0x80007684 (0x91a2b513) sltiu   a0, t0, -1766
core   0: 3 0x80007684 (0x91a2b513) x10 0x00000001
core   0: 0x80007688 (0x005b8b93) addi    s7, s7, 5
core   0: 3 0x80007688 (0x005b8b93) x23 0x00000008
core   0: 0x8000768c (0x6c05a593) slti    a1, a1, 1728
core   0: 3 0x8000768c (0x6c05a593) x11 0x00000001
core   0: 0x80007690 (0xff3bcae3) blt     s7, s3, pc - 12
core   0: 3 0x80007690 (0xff3bcae3)
core   0: 0x80007694 (0x00b55913) srli    s2, a0, 11
core   0: 3 0x80007694 (0x00b55913) x18 0x00000000
core   0: 0x80007698 (0x034c23b3) mulhsu  t2, s8, s4
core   0: 3 0x80007698 (0x034c23b3) x 7 0xfffffffe
core   0: 0x8000769c (0xfa664ce3) blt     a2, t1, pc - 72
core   0: 3 0x8000769c (0xfa664ce3)
core   0: 0x80007654 (0x030ab3b3) mulhu   t2, s5, a6
core   0: 3 0x80007654 (0x030ab3b3) x 7 0x09996a28
core   0: 0x80007658 (0x41898cb3) sub     s9, s3, s8
core   0: 3 0x80007658 (0x41898cb3) x25 0x2b45b004
core   0: 0x8000765c (0x005076b3) and     a3, zero, t0
core   0: 3 0x8000765c (0x005076b3) x13 0x00000000
core   0: 0x80007660 (0x00615113) srli    sp, sp, 6
core   0: 3 0x80007660 (0x00615113) x 2 0x00002200
core   0: 0x80007664 (0x00660613) addi    a2, a2, 6
core   0: 3 0x80007664 (0x00660613) x12 0x00000015
core   0: 0x80007668 (0x73f66413) ori     s0, a2, 1855
core   0: 3 0x80007668 (0x73f66413) x 8 0x0000073f
core   0: 0x8000766c (0x01eb8a33) add     s4, s7, t5
core   0: 3 0x8000766c (0x01eb8a33) x20 0x00000008
core   0: 0x80007670 (0x00300b93) li      s7, 3
core   0: 3 0x80007670 (0x00300b93) x23 0x00000003
core   0: 0x80007674 (0x0374c233) div     tp, s1, s7
core   0: 3 0x80007674 (0x0374c233) x 4 0x00000000
core   0: 0x80007678 (0x58aff893) andi    a7, t6, 1418
core   0: 3 0x80007678 (0x58aff893) x17 0x0000058a
core   0: 0x8000767c (0x00400993) li      s3, 4
core   0: 3 0x8000767c (0x00400993) x19 0x00000004
core   0: 0x80007680 (0xd2b16d93) ori     s11, sp, -725
core   0: 3 0x80007680 (0xd2b16d93) x27 0xffffff2b
core   0: 0x80007684 (0x91a2b513) sltiu   a0, t0, -1766
core   0: 3 0x80007684 (0x91a2b513) x10 0x00000001
core   0: 0x80007688 (0x005b8b93) addi    s7, s7, 5
core   0: 3 0x80007688 (0x005b8b93) x23 0x00000008
core   0: 0x8000768c (0x6c05a593) slti    a1, a1, 1728
core   0: 3 0x8000768c (0x6c05a593) x11 0x00000001
core   0: 0x80007690 (0xff3bcae3) blt     s7, s3, pc - 12
core   0: 3 0x80007690 (0xff3bcae3)
core   0: 0x80007694 (0x00b55913) srli    s2, a0, 11
core   0: 3 0x80007694 (0x00b55913) x18 0x00000000
core   0: 0x80007698 (0x034c23b3) mulhsu  t2, s8, s4
core   0: 3 0x80007698 (0x034c23b3) x 7 0xfffffffe
core   0: 0x8000769c (0xfa664ce3) blt     a2, t1, pc - 72
core   0: 3 0x8000769c (0xfa664ce3)
core   0: 0x800076a0 (0xae37eb13) ori     s6, a5, -1309
core   0: 3 0x800076a0 (0xae37eb13) x22 0xfffffee7
core   0: 0x800076a4 (0x009e1f93) slli    t6, t3, 9
core   0: 3 0x800076a4 (0x009e1f93) x31 0x00000200
core   0: 0x800076a8 (0x01b2a8b3) slt     a7, t0, s11
core   0: 3 0x800076a8 (0x01b2a8b3) x17 0x00000000
core   0: 0x800076ac (0x0245feb3) remu    t4, a1, tp
core   0: 3 0x800076ac (0x0245feb3) x29 0x00000001
core   0: 0x800076b0 (0x03294e63) blt     s2, s2, pc + 60
core   0: 3 0x800076b0 (0x03294e63)
core   0: 0x800076b4 (0x02fb5bb3) divu    s7, s6, a5
core   0: 3 0x800076b4 (0x02fb5bb3) x23 0x00000001
core   0: 0x800076b8 (0x01299463) bne     s3, s2, pc + 8
core   0: 3 0x800076b8 (0x01299463)
core   0: 0x800076c0 (0x00890a33) add     s4, s2, s0
core   0: 3 0x800076c0 (0x00890a33) x20 0x0000073f
core   0: 0x800076c4 (0x03106133) rem     sp, zero, a7
core   0: 3 0x800076c4 (0x03106133) x 2 0x00000000
core   0: 0x800076c8 (0x40d45e33) sra     t3, s0, a3
core   0: 3 0x800076c8 (0x40d45e33) x28 0x0000073f
core   0: 0x800076cc (0x0399ae33) mulhsu  t3, s3, s9
core   0: 3 0x800076cc (0x0399ae33) x28 0x00000000
core   0: 0x800076d0 (0xe0fb2f93) slti    t6, s6, -497
core   0: 3 0x800076d0 (0xe0fb2f93) x31 0x00000000
core   0: 0x800076d4 (0x04048063) beqz    s1, pc + 64
core   0: 3 0x800076d4 (0x04048063)
core   0: 0x80007714 (0x032e9833) mulh    a6, t4, s2
core   0: 3 0x80007714 (0x032e9833) x16 0x00000000
core   0: 0x80007718 (0x034be463) bltu    s7, s4, pc + 40
core   0: 3 0x80007718 (0x034be463)
core   0: 0x80007740 (0xe6052d93) slti    s11, a0, -416
core   0: 3 0x80007740 (0xe6052d93) x27 0x00000000
core   0: 0x80007744 (0x03230863) beq     t1, s2, pc + 48
core   0: 3 0x80007744 (0x03230863)
core   0: 0x80007748 (0x03d71d33) mulh    s10, a4, t4
core   0: 3 0x80007748 (0x03d71d33) x26 0xffffffff
core   0: 0x8000774c (0x00f2b433) sltu    s0, t0, a5
core   0: 3 0x8000774c (0x00f2b433) x 8 0x00000001
core   0: 0x80007750 (0x014a5133) srl     sp, s4, s4
core   0: 3 0x80007750 (0x014a5133) x 2 0x00000000
core   0: 0x80007754 (0x03c4fd33) remu    s10, s1, t3
core   0: 3 0x80007754 (0x03c4fd33) x26 0x00000000
core   0: 0x80007758 (0x019e5733) srl     a4, t3, s9
core   0: 3 0x80007758 (0x019e5733) x14 0x00000000
core   0: 0x8000775c (0x41195693) srai    a3, s2, 17
core   0: 3 0x8000775c (0x41195693) x13 0x00000000
core   0: 0x80007760 (0x415b0033) sub     zero, s6, s5
core   0: 3 0x80007760 (0x415b0033)
core   0: 0x80007764 (0x03ebec63) bltu    s7, t5, pc + 56
core   0: 3 0x80007764 (0x03ebec63)
core   0: 0x80007768 (0x2035c613) xori    a2, a1, 515
core   0: 3 0x80007768 (0x2035c613) x12 0x00000202
core   0: 0x8000776c (0x030b91b3) mulh    gp, s7, a6
core   0: 3 0x8000776c (0x030b91b3) x 3 0x00000000
core   0: 0x80007770 (0x01e3c663) blt     t2, t5, pc + 12
core   0: 3 0x80007770 (0x01e3c663)
core   0: 0x8000777c (0x01896c63) bltu    s2, s8, pc + 24
core   0: 3 0x8000777c (0x01896c63)
core   0: 0x80007794 (0x00521d33) sll     s10, tp, t0
core   0: 3 0x80007794 (0x00521d33) x26 0x00000000
core   0: 0x80007798 (0x03c03333) mulhu   t1, zero, t3
core   0: 3 0x80007798 (0x03c03333) x 6 0x00000000
core   0: 0x8000779c (0x043b0463) beq     s6, gp, pc + 72
core   0: 3 0x8000779c (0x043b0463)
core   0: 0x800077a0 (0x00647633) and     a2, s0, t1
core   0: 3 0x800077a0 (0x00647633) x12 0x00000000
core   0: 0x800077a4 (0x0282e033) rem     zero, t0, s0
core   0: 3 0x800077a4 (0x0282e033)
core   0: 0x800077a8 (0x00dfdc63) bge     t6, a3, pc + 24
core   0: 3 0x800077a8 (0x00dfdc63)
core   0: 0x800077c0 (0x00000013) nop
core   0: 3 0x800077c0 (0x00000013)
core   0: 0x800077c4 (0x02a28863) beq     t0, a0, pc + 48
core   0: 3 0x800077c4 (0x02a28863)
core   0: 0x800077c8 (0x408f0c33) sub     s8, t5, s0
core   0: 3 0x800077c8 (0x408f0c33) x24 0xffffffff
core   0: 0x800077cc (0x00000013) nop
core   0: 3 0x800077cc (0x00000013)
core   0: 0x800077d0 (0x00c4cdb3) xor     s11, s1, a2
core   0: 3 0x800077d0 (0x00c4cdb3) x27 0x00000000
core   0: 0x800077d4 (0x01de32b3) sltu    t0, t3, t4
core   0: 3 0x800077d4 (0x01de32b3) x 5 0x00000001
core   0: 0x800077d8 (0xcd17b393) sltiu   t2, a5, -815
core   0: 3 0x800077d8 (0xcd17b393) x 7 0x00000001
core   0: 0x800077dc (0x04181263) bne     a6, ra, pc + 68
core   0: 3 0x800077dc (0x04181263)
core   0: 0x80007820 (0x02081533) mulh    a0, a6, zero
core   0: 3 0x80007820 (0x02081533) x10 0x00000000
core   0: 0x80007824 (0x50a02f93) slti    t6, zero, 1290
core   0: 3 0x80007824 (0x50a02f93) x31 0x00000001
core   0: 0x80007828 (0x40ba50b3) sra     ra, s4, a1
core   0: 3 0x80007828 (0x40ba50b3) x 1 0x0000039f
core   0: 0x8000782c (0x017fc633) xor     a2, t6, s7
core   0: 3 0x8000782c (0x017fc633) x12 0x00000000
core   0: 0x80007830 (0x01e1a333) slt     t1, gp, t5
core   0: 3 0x80007830 (0x01e1a333) x 6 0x00000000
core   0: 0x80007834 (0x03a9f8b3) remu    a7, s3, s10
core   0: 3 0x80007834 (0x03a9f8b3) x17 0x00000004
core   0: 0x80007838 (0x0350da33) divu    s4, ra, s5
core   0: 3 0x80007838 (0x0350da33) x20 0x00000000
core   0: 0x8000783c (0x03358c63) beq     a1, s3, pc + 56
core   0: 3 0x8000783c (0x03358c63)
core   0: 0x80007840 (0x0127f663) bgeu    a5, s2, pc + 12
core   0: 3 0x80007840 (0x0127f663)
core   0: 0x8000784c (0x02eb89b3) mul     s3, s7, a4
core   0: 3 0x8000784c (0x02eb89b3) x19 0x00000000
core   0: 0x80007850 (0x03647d33) remu    s10, s0, s6
core   0: 3 0x80007850 (0x03647d33) x26 0x00000001
core   0: 0x80007854 (0x03de95b3) mulh    a1, t4, t4
core   0: 3 0x80007854 (0x03de95b3) x11 0x00000000
core   0: 0x80007858 (0x6bac6b13) ori     s6, s8, 1722
core   0: 3 0x80007858 (0x6bac6b13) x22 0xffffffff
core   0: 0x8000785c (0x001ed913) srli    s2, t4, 1
core   0: 3 0x8000785c (0x001ed913) x18 0x00000000
core   0: 0x80007860 (0x02f08463) beq     ra, a5, pc + 40
core   0: 3 0x80007860 (0x02f08463)
core   0: 0x80007864 (0x001093b3) sll     t2, ra, ra
core   0: 3 0x80007864 (0x001093b3) x 7 0x80000000
core   0: 0x80007868 (0x7eb6c593) xori    a1, a3, 2027
core   0: 3 0x80007868 (0x7eb6c593) x11 0x000007eb
core   0: 0x8000786c (0x4a1ddd17) auipc   s10, 0x4a1dd
core   0: 3 0x8000786c (0x4a1ddd17) x26 0xca1e486c
core   0: 0x80007870 (0x00449463) bne     s1, tp, pc + 8
core   0: 3 0x80007870 (0x00449463)
core   0: 0x80007874 (0x41ec0633) sub     a2, s8, t5
core   0: 3 0x80007874 (0x41ec0633) x12 0xffffffff
core   0: 0x80007878 (0x1e8b6993) ori     s3, s6, 488
core   0: 3 0x80007878 (0x1e8b6993) x19 0xffffffff
core   0: 0x8000787c (0x40ba06b3) sub     a3, s4, a1
core   0: 3 0x8000787c (0x40ba06b3) x13 0xfffff815
core   0: 0x80007880 (0x41eedd13) srai    s10, t4, 30
core   0: 3 0x80007880 (0x41eedd13) x26 0x00000000
core   0: 0x80007884 (0x010ca533) slt     a0, s9, a6
core   0: 3 0x80007884 (0x010ca533) x10 0x00000000
core   0: 0x80007888 (0x0245ba33) mulhu   s4, a1, tp
core   0: 3 0x80007888 (0x0245ba33) x20 0x00000000
core   0: 0x8000788c (0x03869e63) bne     a3, s8, pc + 60
core   0: 3 0x8000788c (0x03869e63)
core   0: 0x800078c8 (0x41375613) srai    a2, a4, 19
core   0: 3 0x800078c8 (0x41375613) x12 0x00000000
core   0: 0x800078cc (0x41985fb3) sra     t6, a6, s9
core   0: 3 0x800078cc (0x41985fb3) x31 0x00000000
core   0: 0x800078d0 (0x9fcfb393) sltiu   t2, t6, -1540
core   0: 3 0x800078d0 (0x9fcfb393) x 7 0x00000001
core   0: 0x800078d4 (0x40608d33) sub     s10, ra, t1
core   0: 3 0x800078d4 (0x40608d33) x26 0x0000039f
core   0: 0x800078d8 (0x41d189b3) sub     s3, gp, t4
core   0: 3 0x800078d8 (0x41d189b3) x19 0xffffffff
core   0: 0x800078dc (0x03e98a33) mul     s4, s3, t5
core   0: 3 0x800078dc (0x03e98a33) x20 0x00000000
core   0: 0x800078e0 (0x03b2f0b3) remu    ra, t0, s11
core   0: 3 0x800078e0 (0x03b2f0b3) x 1 0x00000001
core   0: 0x800078e4 (0xcc84ad17) auipc   s10, 0xcc84a
core   0: 3 0x800078e4 (0xcc84ad17) x26 0x4c8518e4
core   0: 0x800078e8 (0x017b5c13) srli    s8, s6, 23
core   0: 3 0x800078e8 (0x017b5c13) x24 0x000001ff
core   0: 0x800078ec (0x29561e37) lui     t3, 0x29561
core   0: 3 0x800078ec (0x29561e37) x28 0x29561000
core   0: 0x800078f0 (0x00c79133) sll     sp, a5, a2
core   0: 3 0x800078f0 (0x00c79133) x 2 0x80025e64
core   0: 0x800078f4 (0x002efeb3) and     t4, t4, sp
core   0: 3 0x800078f4 (0x002efeb3) x29 0x00000000
core   0: 0x800078f8 (0x013ef863) bgeu    t4, s3, pc + 16
core   0: 3 0x800078f8 (0x013ef863)
core   0: 0x800078fc (0x00ecdd93) srli    s11, s9, 14
core   0: 3 0x800078fc (0x00ecdd93) x27 0x0000ad16
core   0: 0x80007900 (0x8efd7f93) andi    t6, s10, -1809
core   0: 3 0x80007900 (0x8efd7f93) x31 0x4c8518e4
core   0: 0x80007904 (0xb9c2ad13) slti    s10, t0, -1124
core   0: 3 0x80007904 (0xb9c2ad13) x26 0x00000000
core   0: 0x80007908 (0x00664733) xor     a4, a2, t1
core   0: 3 0x80007908 (0x00664733) x14 0x00000000
core   0: 0x8000790c (0x032622b3) mulhsu  t0, a2, s2
core   0: 3 0x8000790c (0x032622b3) x 5 0x00000000
core   0: 0x80007910 (0xd0bd7d13) andi    s10, s10, -757
core   0: 3 0x80007910 (0xd0bd7d13) x26 0x00000000
core   0: 0x80007914 (0x01842433) slt     s0, s0, s8
core   0: 3 0x80007914 (0x01842433) x 8 0x00000001
core   0: 0x80007918 (0x8d0c92b7) lui     t0, 0x8d0c9
core   0: 3 0x80007918 (0x8d0c92b7) x 5 0x8d0c9000
core   0: 0x8000791c (0x0339f6b3) remu    a3, s3, s3
core   0: 3 0x8000791c (0x0339f6b3) x13 0x00000000
core   0: 0x80007920 (0x0032be33) sltu    t3, t0, gp
core   0: 3 0x80007920 (0x0032be33) x28 0x00000000
core   0: 0x80007924 (0x022f7c63) bgeu    t5, sp, pc + 56
core   0: 3 0x80007924 (0x022f7c63)
core   0: 0x80007928 (0x00415fb3) srl     t6, sp, tp
core   0: 3 0x80007928 (0x00415fb3) x31 0x80025e64
core   0: 0x8000792c (0x033dc633) div     a2, s11, s3
core   0: 3 0x8000792c (0x033dc633) x12 0xffff52ea
core   0: 0x80007930 (0x91accd13) xori    s10, s9, -1766
core   0: 3 0x80007930 (0x91accd13) x26 0xd4ba491e
core   0: 0x80007934 (0x00000013) nop
core   0: 3 0x80007934 (0x00000013)
core   0: 0x80007938 (0xe87dac13) slti    s8, s11, -377
core   0: 3 0x80007938 (0xe87dac13) x24 0x00000000
core   0: 0x8000793c (0x0455e263) bltu    a1, t0, pc + 68
core   0: 3 0x8000793c (0x0455e263)
core   0: 0x80007980 (0x023bf863) bgeu    s7, gp, pc + 48
core   0: 3 0x80007980 (0x023bf863)
core   0: 0x800079b0 (0x009cdb13) srli    s6, s9, 9
core   0: 3 0x800079b0 (0x009cdb13) x22 0x0015a2d8
core   0: 0x800079b4 (0x035bc333) div     t1, s7, s5
core   0: 3 0x800079b4 (0x035bc333) x 6 0x00000000
core   0: 0x800079b8 (0x00c7fd33) and     s10, a5, a2
core   0: 3 0x800079b8 (0x00c7fd33) x26 0x80025260
core   0: 0x800079bc (0x02bba0b3) mulhsu  ra, s7, a1
core   0: 3 0x800079bc (0x02bba0b3) x 1 0x00000000
core   0: 0x800079c0 (0x6be68c93) addi    s9, a3, 1726
core   0: 3 0x800079c0 (0x6be68c93) x25 0x000006be
core   0: 0x800079c4 (0x00674cb3) xor     s9, a4, t1
core   0: 3 0x800079c4 (0x00674cb3) x25 0x00000000
core   0: 0x800079c8 (0x03278e33) mul     t3, a5, s2
core   0: 3 0x800079c8 (0x03278e33) x28 0x00000000
core   0: 0x800079cc (0x40db5113) srai    sp, s6, 13
core   0: 3 0x800079cc (0x40db5113) x 2 0x000000ad
core   0: 0x800079d0 (0xcdddfa13) andi    s4, s11, -803
core   0: 3 0x800079d0 (0xcdddfa13) x20 0x0000ac14
core   0: 0x800079d4 (0x048e9463) bne     t4, s0, pc + 72
core   0: 3 0x800079d4 (0x048e9463)
core   0: 0x80007a1c (0x056f0463) beq     t5, s6, pc + 72
core   0: 3 0x80007a1c (0x056f0463)
core   0: 0x80007a20 (0x03f35db3) divu    s11, t1, t6
core   0: 3 0x80007a20 (0x03f35db3) x27 0x00000000
core   0: 0x80007a24 (0xb5de7313) andi    t1, t3, -1187
core   0: 3 0x80007a24 (0xb5de7313) x 6 0x00000000
core   0: 0x80007a28 (0x36da7593) andi    a1, s4, 877
core   0: 3 0x80007a28 (0x36da7593) x11 0x00000004
core   0: 0x80007a2c (0x0183aa33) slt     s4, t2, s8
core   0: 3 0x80007a2c (0x0183aa33) x20 0x00000000
core   0: 0x80007a30 (0x0d2a8917) auipc   s2, 0xd2a8
core   0: 3 0x80007a30 (0x0d2a8917) x18 0x8d2afa30
core   0: 0x80007a34 (0x00800eb3) add     t4, zero, s0
core   0: 3 0x80007a34 (0x00800eb3) x29 0x00000001
core   0: 0x80007a38 (0x00000013) nop
core   0: 3 0x80007a38 (0x00000013)
core   0: 0x80007a3c (0x0360e6b3) rem     a3, ra, s6
core   0: 3 0x80007a3c (0x0360e6b3) x13 0x00000000
core   0: 0x80007a40 (0x02efcd33) div     s10, t6, a4
core   0: 3 0x80007a40 (0x02efcd33) x26 0xffffffff
core   0: 0x80007a44 (0x03f50863) beq     a0, t6, pc + 48
core   0: 3 0x80007a44 (0x03f50863)
core   0: 0x80007a48 (0x00c7e8b3) or      a7, a5, a2
core   0: 3 0x80007a48 (0x00c7e8b3) x17 0xffff5eee
core   0: 0x80007a4c (0x0197e733) or      a4, a5, s9
core   0: 3 0x80007a4c (0x0197e733) x14 0x80025e64
core   0: 0x80007a50 (0x017d1e63) bne     s10, s7, pc + 28
core   0: 3 0x80007a50 (0x017d1e63)
core   0: 0x80007a6c (0x015bfe33) and     t3, s7, s5
core   0: 3 0x80007a6c (0x015bfe33) x28 0x00000000
core   0: 0x80007a70 (0x974e3813) sltiu   a6, t3, -1676
core   0: 3 0x80007a70 (0x974e3813) x16 0x00000001
core   0: 0x80007a74 (0x01a89013) slli    zero, a7, 26
core   0: 3 0x80007a74 (0x01a89013)
core   0: 0x80007a78 (0x02369533) mulh    a0, a3, gp
core   0: 3 0x80007a78 (0x02369533) x10 0x00000000
core   0: 0x80007a7c (0x02b75b33) divu    s6, a4, a1
core   0: 3 0x80007a7c (0x02b75b33) x22 0x20009799
core   0: 0x80007a80 (0x03170433) mul     s0, a4, a7
core   0: 3 0x80007a80 (0x03170433) x 8 0x827878f8
core   0: 0x80007a84 (0x01d6f9b3) and     s3, a3, t4
core   0: 3 0x80007a84 (0x01d6f9b3) x19 0x00000000
core   0: 0x80007a88 (0x01ab8c63) beq     s7, s10, pc + 24
core   0: 3 0x80007a88 (0x01ab8c63)
core   0: 0x80007a8c (0x00241a33) sll     s4, s0, sp
core   0: 3 0x80007a8c (0x00241a33) x20 0x0f1f0000
core   0: 0x80007a90 (0x01639e33) sll     t3, t2, s6
core   0: 3 0x80007a90 (0x01639e33) x28 0x02000000
core   0: 0x80007a94 (0x04983913) sltiu   s2, a6, 73
core   0: 3 0x80007a94 (0x04983913) x18 0x00000001
core   0: 0x80007a98 (0x0040d8b3) srl     a7, ra, tp
core   0: 3 0x80007a98 (0x0040d8b3) x17 0x00000000
core   0: 0x80007a9c (0x05f47063) bgeu    s0, t6, pc + 64
core   0: 3 0x80007a9c (0x05f47063)
core   0: 0x80007adc (0x401756b3) sra     a3, a4, ra
core   0: 3 0x80007adc (0x401756b3) x13 0x80025e64
core   0: 0x80007ae0 (0x40d408b3) sub     a7, s0, a3
core   0: 3 0x80007ae0 (0x40d408b3) x17 0x02761a94
core   0: 0x80007ae4 (0x0362cdb3) div     s11, t0, s6
core   0: 3 0x80007ae4 (0x0362cdb3) x27 0xfffffffd
core   0: 0x80007ae8 (0x028eceb3) div     t4, t4, s0
core   0: 3 0x80007ae8 (0x028eceb3) x29 0x00000000
core   0: 0x80007aec (0x00a452b3) srl     t0, s0, a0
core   0: 3 0x80007aec (0x00a452b3) x 5 0x827878f8
core   0: 0x80007af0 (0x00000013) nop
core   0: 3 0x80007af0 (0x00000013)
core   0: 0x80007af4 (0x008b2bb3) slt     s7, s6, s0
core   0: 3 0x80007af4 (0x008b2bb3) x23 0x00000000
core   0: 0x80007af8 (0x07fcfa13) andi    s4, s9, 127
core   0: 3 0x80007af8 (0x07fcfa13) x20 0x00000000
core   0: 0x80007afc (0x5373a693) slti    a3, t2, 1335
core   0: 3 0x80007afc (0x5373a693) x13 0x00000001
core   0: 0x80007b00 (0x0332fa33) remu    s4, t0, s3
core   0: 3 0x80007b00 (0x0332fa33) x20 0x827878f8
core   0: 0x80007b04 (0x00bc0533) add     a0, s8, a1
core   0: 3 0x80007b04 (0x00bc0533) x10 0x00000004
core   0: 0x80007b08 (0x00c31db3) sll     s11, t1, a2
core   0: 3 0x80007b08 (0x00c31db3) x27 0x00000000
core   0: 0x80007b0c (0x00000013) nop
core   0: 3 0x80007b0c (0x00000013)
core   0: 0x80007b10 (0x01ac7863) bgeu    s8, s10, pc + 16
core   0: 3 0x80007b10 (0x01ac7863)
core   0: 0x80007b14 (0x2d035b17) auipc   s6, 0x2d035
core   0: 3 0x80007b14 (0x2d035b17) x22 0xad03cb14
core   0: 0x80007b18 (0x02377533) remu    a0, a4, gp
core   0: 3 0x80007b18 (0x02377533) x10 0x80025e64
core   0: 0x80007b1c (0x004f9813) slli    a6, t6, 4
core   0: 3 0x80007b1c (0x004f9813) x16 0x0025e640
core   0: 0x80007b20 (0x0445f663) bgeu    a1, tp, pc + 76
core   0: 3 0x80007b20 (0x0445f663)
core   0: 0x80007b6c (0x03c51233) mulh    tp, a0, t3
core   0: 3 0x80007b6c (0x03c51233) x 4 0xff0004bc
core   0: 0x80007b70 (0x40588a33) sub     s4, a7, t0
core   0: 3 0x80007b70 (0x40588a33) x20 0x7ffda19c
core   0: 0x80007b74 (0x016970b3) and     ra, s2, s6
core   0: 3 0x80007b74 (0x016970b3) x 1 0x00000000
core   0: 0x80007b78 (0x03907633) remu    a2, zero, s9
core   0: 3 0x80007b78 (0x03907633) x12 0x00000000
core   0: 0x80007b7c (0x45900393) li      t2, 1113
core   0: 3 0x80007b7c (0x45900393) x 7 0x00000459
core   0: 0x80007b80 (0x019550b3) srl     ra, a0, s9
core   0: 3 0x80007b80 (0x019550b3) x 1 0x80025e64
core   0: 0x80007b84 (0xe760ab93) slti    s7, ra, -394
core   0: 3 0x80007b84 (0xe760ab93) x23 0x00000001
core   0: 0x80007b88 (0x9cd64eb7) lui     t4, 0x9cd64
core   0: 3 0x80007b88 (0x9cd64eb7) x29 0x9cd64000
core   0: 0x80007b8c (0x2486f617) auipc   a2, 0x2486f
core   0: 3 0x80007b8c (0x2486f617) x12 0xa4876b8c
core   0: 0x80007b90 (0xae41b5b7) lui     a1, 0xae41b
core   0: 3 0x80007b90 (0xae41b5b7) x11 0xae41b000
core   0: 0x80007b94 (0x05da8063) beq     s5, t4, pc + 64
core   0: 3 0x80007b94 (0x05da8063)
core   0: 0x80007b98 (0x40395b13) srai    s6, s2, 3
core   0: 3 0x80007b98 (0x40395b13) x22 0x00000000
core   0: 0x80007b9c (0x00877233) and     tp, a4, s0
core   0: 3 0x80007b9c (0x00877233) x 4 0x80005860
core   0: 0x80007ba0 (0x00fbd663) bge     s7, a5, pc + 12
core   0: 3 0x80007ba0 (0x00fbd663)
core   0: 0x80007bac (0x40ff82b3) sub     t0, t6, a5
core   0: 3 0x80007bac (0x40ff82b3) x 5 0x00000000
core   0: 0x80007bb0 (0x2aa3f813) andi    a6, t2, 682
core   0: 3 0x80007bb0 (0x2aa3f813) x16 0x00000008
core   0: 0x80007bb4 (0x4073d633) sra     a2, t2, t2
core   0: 3 0x80007bb4 (0x4073d633) x12 0x00000000
core   0: 0x80007bb8 (0x00789a13) slli    s4, a7, 7
core   0: 3 0x80007bb8 (0x00789a13) x20 0x3b0d4a00
core   0: 0x80007bbc (0x01f8bb33) sltu    s6, a7, t6
core   0: 3 0x80007bbc (0x01f8bb33) x22 0x00000001
core   0: 0x80007bc0 (0x006073b3) and     t2, zero, t1
core   0: 3 0x80007bc0 (0x006073b3) x 7 0x00000000
core   0: 0x80007bc4 (0x0335c833) div     a6, a1, s3
core   0: 3 0x80007bc4 (0x0335c833) x16 0xffffffff
core   0: 0x80007bc8 (0x00b1c133) xor     sp, gp, a1
core   0: 3 0x80007bc8 (0x00b1c133) x 2 0xae41b000
core   0: 0x80007bcc (0x00eb4d33) xor     s10, s6, a4
core   0: 3 0x80007bcc (0x00eb4d33) x26 0x80025e65
core   0: 0x80007bd0 (0x015662b3) or      t0, a2, s5
core   0: 3 0x80007bd0 (0x015662b3) x 5 0x80029ce4
core   0: 0x80007bd4 (0x875cce93) xori    t4, s9, -1931
core   0: 3 0x80007bd4 (0x875cce93) x29 0xfffff875
core   0: 0x80007bd8 (0x026ef063) bgeu    t4, t1, pc + 32
core   0: 3 0x80007bd8 (0x026ef063)
core   0: 0x80007bf8 (0x0283de33) divu    t3, t2, s0
core   0: 3 0x80007bf8 (0x0283de33) x28 0x00000000
core   0: 0x80007bfc (0x00000013) nop
core   0: 3 0x80007bfc (0x00000013)
core   0: 0x80007c00 (0x00da8c63) beq     s5, a3, pc + 24
core   0: 3 0x80007c00 (0x00da8c63)
core   0: 0x80007c04 (0x010006b3) add     a3, zero, a6
core   0: 3 0x80007c04 (0x010006b3) x13 0xffffffff
core   0: 0x80007c08 (0x0180f633) and     a2, ra, s8
core   0: 3 0x80007c08 (0x0180f633) x12 0x00000000
core   0: 0x80007c0c (0x03782333) mulhsu  t1, a6, s7
core   0: 3 0x80007c0c (0x03782333) x 6 0xffffffff
core   0: 0x80007c10 (0x4132dfb3) sra     t6, t0, s3
core   0: 3 0x80007c10 (0x4132dfb3) x31 0x80029ce4
core   0: 0x80007c14 (0x00260a33) add     s4, a2, sp
core   0: 3 0x80007c14 (0x00260a33) x20 0xae41b000
core   0: 0x80007c18 (0x41ad0633) sub     a2, s10, s10
core   0: 3 0x80007c18 (0x41ad0633) x12 0x00000000
core   0: 0x80007c1c (0x0143b633) sltu    a2, t2, s4
core   0: 3 0x80007c1c (0x0143b633) x12 0x00000001
core   0: 0x80007c20 (0x019fe9b3) or      s3, t6, s9
core   0: 3 0x80007c20 (0x019fe9b3) x19 0x80029ce4
core   0: 0x80007c24 (0x6caa8693) addi    a3, s5, 1738
core   0: 3 0x80007c24 (0x6caa8693) x13 0x8002a3ae
core   0: 0x80007c28 (0x00f0d113) srli    sp, ra, 15
core   0: 3 0x80007c28 (0x00f0d113) x 2 0x00010004
core   0: 0x80007c2c (0x025d6db3) rem     s11, s10, t0
core   0: 3 0x80007c2c (0x025d6db3) x27 0xffffc181
core   0: 0x80007c30 (0x035cf3b3) remu    t2, s9, s5
core   0: 3 0x80007c30 (0x035cf3b3) x 7 0x00000000
core   0: 0x80007c34 (0x01073633) sltu    a2, a4, a6
core   0: 3 0x80007c34 (0x01073633) x12 0x00000001
core   0: 0x80007c38 (0x00df98b3) sll     a7, t6, a3
core   0: 3 0x80007c38 (0x00df98b3) x17 0xa7390000
core   0: 0x80007c3c (0x40700733) sub     a4, zero, t2
core   0: 3 0x80007c3c (0x40700733) x14 0x00000000
core   0: 0x80007c40 (0x037fd533) divu    a0, t6, s7
core   0: 3 0x80007c40 (0x037fd533) x10 0x80029ce4
core   0: 0x80007c44 (0x03edb3b3) mulhu   t2, s11, t5
core   0: 3 0x80007c44 (0x03edb3b3) x 7 0x00000000
core   0: 0x80007c48 (0x01eb85b3) add     a1, s7, t5
core   0: 3 0x80007c48 (0x01eb85b3) x11 0x00000001
core   0: 0x80007c4c (0x010425b3) slt     a1, s0, a6
core   0: 3 0x80007c4c (0x010425b3) x11 0x00000001
core   0: 0x80007c50 (0x0366e3b3) rem     t2, a3, s6
core   0: 3 0x80007c50 (0x0366e3b3) x 7 0x00000000
core   0: 0x80007c54 (0x00d18e63) beq     gp, a3, pc + 28
core   0: 3 0x80007c54 (0x00d18e63)
core   0: 0x80007c58 (0x05569663) bne     a3, s5, pc + 76
core   0: 3 0x80007c58 (0x05569663)
core   0: 0x80007ca4 (0x54734313) xori    t1, t1, 1351
core   0: 3 0x80007ca4 (0x54734313) x 6 0xfffffab8
core   0: 0x80007ca8 (0x09b38513) addi    a0, t2, 155
core   0: 3 0x80007ca8 (0x09b38513) x10 0x0000009b
core   0: 0x80007cac (0x00cbd913) srli    s2, s7, 12
core   0: 3 0x80007cac (0x00cbd913) x18 0x00000000
core   0: 0x80007cb0 (0x03450733) mul     a4, a0, s4
core   0: 3 0x80007cb0 (0x03450733) x14 0x81c59000
core   0: 0x80007cb4 (0x02251533) mulh    a0, a0, sp
core   0: 3 0x80007cb4 (0x02251533) x10 0x00000000
core   0: 0x80007cb8 (0x8b926313) ori     t1, tp, -1863
core   0: 3 0x80007cb8 (0x8b926313) x 6 0xfffff8f9
core   0: 0x80007cbc (0x02cf74b3) remu    s1, t5, a2
core   0: 3 0x80007cbc (0x02cf74b3) x 9 0x00000000
core   0: 0x80007cc0 (0x336b2d93) slti    s11, s6, 822
core   0: 3 0x80007cc0 (0x336b2d93) x27 0x00000001
core   0: 0x80007cc4 (0x01cd9bb3) sll     s7, s11, t3
core   0: 3 0x80007cc4 (0x01cd9bb3) x23 0x00000001
core   0: 0x80007cc8 (0x40a8d2b3) sra     t0, a7, a0
core   0: 3 0x80007cc8 (0x40a8d2b3) x 5 0xa7390000
core   0: 0x80007ccc (0x03479cb3) mulh    s9, a5, s4
core   0: 3 0x80007ccc (0x03479cb3) x25 0x28de665f
core   0: 0x80007cd0 (0x47002313) slti    t1, zero, 1136
core   0: 3 0x80007cd0 (0x47002313) x 6 0x00000001
core   0: 0x80007cd4 (0xbb5f6e93) ori     t4, t5, -1099
core   0: 3 0x80007cd4 (0xbb5f6e93) x29 0xfffffbb5
core   0: 0x80007cd8 (0x21e88093) addi    ra, a7, 542
core   0: 3 0x80007cd8 (0x21e88093) x 1 0xa739021e
core   0: 0x80007cdc (0x407ada33) sra     s4, s5, t2
core   0: 3 0x80007cdc (0x407ada33) x20 0x80029ce4
core   0: 0x80007ce0 (0x410f0833) sub     a6, t5, a6
core   0: 3 0x80007ce0 (0x410f0833) x16 0x00000001
core   0: 0x80007ce4 (0x03888fb3) mul     t6, a7, s8
core   0: 3 0x80007ce4 (0x03888fb3) x31 0x00000000
core   0: 0x80007ce8 (0x004b70b3) and     ra, s6, tp
core   0: 3 0x80007ce8 (0x004b70b3) x 1 0x00000000
core   0: 0x80007cec (0x3aba2193) slti    gp, s4, 939
core   0: 3 0x80007cec (0x3aba2193) x 3 0x00000001
core   0: 0x80007cf0 (0x0a68e063) bltu    a7, t1, pc + 160
core   0: 3 0x80007cf0 (0x0a68e063)
core   0: 0x80007cf4 (0x3c1d6b13) ori     s6, s10, 961
core   0: 3 0x80007cf4 (0x3c1d6b13) x22 0x80025fe5
core   0: 0x80007cf8 (0x02948063) beq     s1, s1, pc + 32
core   0: 3 0x80007cf8 (0x02948063)
core   0: 0x80007d18 (0x7effbe17) auipc   t3, 0x7effb
core   0: 3 0x80007d18 (0x7effbe17) x28 0xff002d18
core   0: 0x80007d1c (0x00d42db3) slt     s11, s0, a3
core   0: 3 0x80007d1c (0x00d42db3) x27 0x00000000
core   0: 0x80007d20 (0x0101e0b3) or      ra, gp, a6
core   0: 3 0x80007d20 (0x0101e0b3) x 1 0x00000001
core   0: 0x80007d24 (0x41616f93) ori     t6, sp, 1046
core   0: 3 0x80007d24 (0x41616f93) x31 0x00010416
core   0: 0x80007d28 (0x10b4a213) slti    tp, s1, 267
core   0: 3 0x80007d28 (0x10b4a213) x 4 0x00000001
core   0: 0x80007d2c (0xffa00e13) li      t3, -6
core   0: 3 0x80007d2c (0xffa00e13) x28 0xfffffffa
core   0: 0x80007d30 (0x41abd5b3) sra     a1, s7, s10
core   0: 3 0x80007d30 (0x41abd5b3) x11 0x00000000
core   0: 0x80007d34 (0x039044b3) div     s1, zero, s9
core   0: 3 0x80007d34 (0x039044b3) x 9 0x00000000
core   0: 0x80007d38 (0x00c6d733) srl     a4, a3, a2
core   0: 3 0x80007d38 (0x00c6d733) x14 0x400151d7
core   0: 0x80007d3c (0x00a00813) li      a6, 10
core   0: 3 0x80007d3c (0x00a00813) x16 0x0000000a
core   0: 0x80007d40 (0x417bd913) srai    s2, s7, 23
core   0: 3 0x80007d40 (0x417bd913) x18 0x00000000
core   0: 0x80007d44 (0x02d5b2b3) mulhu   t0, a1, a3
core   0: 3 0x80007d44 (0x02d5b2b3) x 5 0x00000000
core   0: 0x80007d48 (0x360f0913) addi    s2, t5, 864
core   0: 3 0x80007d48 (0x360f0913) x18 0x00000360
core   0: 0x80007d4c (0xd16a6c13) ori     s8, s4, -746
core   0: 3 0x80007d4c (0xd16a6c13) x24 0xfffffdf6
core   0: 0x80007d50 (0x2b026197) auipc   gp, 0x2b026
core   0: 3 0x80007d50 (0x2b026197) x 3 0xab02dd50
core   0: 0x80007d54 (0x03b31933) mulh    s2, t1, s11
core   0: 3 0x80007d54 (0x03b31933) x18 0x00000000
core   0: 0x80007d58 (0x001e0e13) addi    t3, t3, 1
core   0: 3 0x80007d58 (0x001e0e13) x28 0xfffffffb
core   0: 0x80007d5c (0x01089633) sll     a2, a7, a6
core   0: 3 0x80007d5c (0x01089633) x12 0xe4000000
core   0: 0x80007d60 (0x0032ffb3) and     t6, t0, gp
core   0: 3 0x80007d60 (0x0032ffb3) x31 0x00000000
core   0: 0x80007d64 (0x012826b3) slt     a3, a6, s2
core   0: 3 0x80007d64 (0x012826b3) x13 0x00000000
core   0: 0x80007d68 (0x032c0d33) mul     s10, s8, s2
core   0: 3 0x80007d68 (0x032c0d33) x26 0x00000000
core   0: 0x80007d6c (0x00c015b3) sll     a1, zero, a2
core   0: 3 0x80007d6c (0x00c015b3) x11 0x00000000
core   0: 0x80007d70 (0x01f55713) srli    a4, a0, 31
core   0: 3 0x80007d70 (0x01f55713) x14 0x00000000
core   0: 0x80007d74 (0x00000013) nop
core   0: 3 0x80007d74 (0x00000013)
core   0: 0x80007d78 (0x41b856b3) sra     a3, a6, s11
core   0: 3 0x80007d78 (0x41b856b3) x13 0x0000000a
core   0: 0x80007d7c (0x021fad33) mulhsu  s10, t6, ra
core   0: 3 0x80007d7c (0x021fad33) x26 0x00000000
core   0: 0x80007d80 (0x0388ba33) mulhu   s4, a7, s8
core   0: 3 0x80007d80 (0x0388ba33) x20 0xa738feab
core   0: 0x80007d84 (0x01785913) srli    s2, a6, 23
core   0: 3 0x80007d84 (0x01785913) x18 0x00000000
core   0: 0x80007d88 (0xfd0e04e3) beq     t3, a6, pc - 56
core   0: 3 0x80007d88 (0xfd0e04e3)
core   0: 0x80007d8c (0x00000013) nop
core   0: 3 0x80007d8c (0x00000013)
core   0: 0x80007d90 (0xd7b76e93) ori     t4, a4, -645
core   0: 3 0x80007d90 (0xd7b76e93) x29 0xfffffd7b
core   0: 0x80007d94 (0x096c6c63) bltu    s8, s6, pc + 152
core   0: 3 0x80007d94 (0x096c6c63)
core   0: 0x80007d98 (0x029e43b3) div     t2, t3, s1
core   0: 3 0x80007d98 (0x029e43b3) x 7 0xffffffff
core   0: 0x80007d9c (0xd248cc93) xori    s9, a7, -732
core   0: 3 0x80007d9c (0xd248cc93) x25 0x58c6fd24
core   0: 0x80007da0 (0x010a9213) slli    tp, s5, 16
core   0: 3 0x80007da0 (0x010a9213) x 4 0x9ce40000
core   0: 0x80007da4 (0x012a8233) add     tp, s5, s2
core   0: 3 0x80007da4 (0x012a8233) x 4 0x80029ce4
core   0: 0x80007da8 (0xc6378913) addi    s2, a5, -925
core   0: 3 0x80007da8 (0xc6378913) x18 0x80025ac7
core   0: 0x80007dac (0x0285af93) slti    t6, a1, 40
core   0: 3 0x80007dac (0x0285af93) x31 0x00000001
core   0: 0x80007db0 (0x09720663) beq     tp, s7, pc + 140
core   0: 3 0x80007db0 (0x09720663)
core   0: 0x80007db4 (0x075fd863) bge     t6, s5, pc + 112
core   0: 3 0x80007db4 (0x075fd863)
core   0: 0x80007e24 (0x02a90063) beq     s2, a0, pc + 32
core   0: 3 0x80007e24 (0x02a90063)
core   0: 0x80007e28 (0x404386b3) sub     a3, t2, tp
core   0: 3 0x80007e28 (0x404386b3) x13 0x7ffd631b
core   0: 0x80007e2c (0x01ee3cb3) sltu    s9, t3, t5
core   0: 3 0x80007e2c (0x01ee3cb3) x25 0x00000000
core   0: 0x80007e30 (0x00000013) nop
core   0: 3 0x80007e30 (0x00000013)
core   0: 0x80007e34 (0x0111d413) srli    s0, gp, 17
core   0: 3 0x80007e34 (0x0111d413) x 8 0x00005581
core   0: 0x80007e38 (0x05836463) bltu    t1, s8, pc + 72
core   0: 3 0x80007e38 (0x05836463)
core   0: 0x80007e80 (0x01d8f8b3) and     a7, a7, t4
core   0: 3 0x80007e80 (0x01d8f8b3) x17 0xa7390000
core   0: 0x80007e84 (0x00000013) nop
core   0: 3 0x80007e84 (0x00000013)
core   0: 0x80007e88 (0x7ed5ab13) slti    s6, a1, 2029
core   0: 3 0x80007e88 (0x7ed5ab13) x22 0x00000001
core   0: 0x80007e8c (0x40ab5c93) srai    s9, s6, 10
core   0: 3 0x80007e8c (0x40ab5c93) x25 0x00000000
core   0: 0x80007e90 (0x02be22b3) mulhsu  t0, t3, a1
core   0: 3 0x80007e90 (0x02be22b3) x 5 0x00000000
core   0: 0x80007e94 (0x02008533) mul     a0, ra, zero
core   0: 3 0x80007e94 (0x02008533) x10 0x00000000
core   0: 0x80007e98 (0x00816e33) or      t3, sp, s0
core   0: 3 0x80007e98 (0x00816e33) x28 0x00015585
core   0: 0x80007e9c (0x00751813) slli    a6, a0, 7
core   0: 3 0x80007e9c (0x00751813) x16 0x00000000
core   0: 0x80007ea0 (0x056be663) bltu    s7, s6, pc + 76
core   0: 3 0x80007ea0 (0x056be663)
core   0: 0x80007ea4 (0x4125c3b7) lui     t2, 0x4125c
core   0: 3 0x80007ea4 (0x4125c3b7) x 7 0x4125c000
core   0: 0x80007ea8 (0x0369f463) bgeu    s3, s6, pc + 40
core   0: 3 0x80007ea8 (0x0369f463)
core   0: 0x80007ed0 (0x32d22613) slti    a2, tp, 813
core   0: 3 0x80007ed0 (0x32d22613) x12 0x00000001
core   0: 0x80007ed4 (0x410a8eb3) sub     t4, s5, a6
core   0: 3 0x80007ed4 (0x410a8eb3) x29 0x80029ce4
core   0: 0x80007ed8 (0x01c8e533) or      a0, a7, t3
core   0: 3 0x80007ed8 (0x01c8e533) x10 0xa7395585
core   0: 0x80007edc (0x018dbb33) sltu    s6, s11, s8
core   0: 3 0x80007edc (0x018dbb33) x22 0x00000001
core   0: 0x80007ee0 (0xf0c9bd97) auipc   s11, 0xf0c9b
core   0: 3 0x80007ee0 (0xf0c9bd97) x27 0x70ca2ee0
core   0: 0x80007ee4 (0x00db9863) bne     s7, a3, pc + 16
core   0: 3 0x80007ee4 (0x00db9863)
core   0: 0x80007ef4 (0x2989e513) ori     a0, s3, 664
core   0: 3 0x80007ef4 (0x2989e513) x10 0x80029efc
core   0: 0x80007ef8 (0x41060e33) sub     t3, a2, a6
core   0: 3 0x80007ef8 (0x41060e33) x28 0x00000001
core   0: 0x80007efc (0x00a93433) sltu    s0, s2, a0
core   0: 3 0x80007efc (0x00a93433) x 8 0x00000001
core   0: 0x80007f00 (0x29a7c897) auipc   a7, 0x29a7c
core   0: 3 0x80007f00 (0x29a7c897) x17 0xa9a83f00
core   0: 0x80007f04 (0x00900813) li      a6, 9
core   0: 3 0x80007f04 (0x00900813) x16 0x00000009
core   0: 0x80007f08 (0x02232733) mulhsu  a4, t1, sp
core   0: 3 0x80007f08 (0x02232733) x14 0x00000000
core   0: 0x80007f0c (0x00900f93) li      t6, 9
core   0: 3 0x80007f0c (0x00900f93) x31 0x00000009
core   0: 0x80007f10 (0x9be3ad93) slti    s11, t2, -1602
core   0: 3 0x80007f10 (0x9be3ad93) x27 0x00000000
core   0: 0x80007f14 (0xffe80813) addi    a6, a6, -2
core   0: 3 0x80007f14 (0xffe80813) x16 0x00000007
core   0: 0x80007f18 (0x41a008b3) sub     a7, zero, s10
core   0: 3 0x80007f18 (0x41a008b3) x17 0x00000000
core   0: 0x80007f1c (0xff600513) li      a0, -10
core   0: 3 0x80007f1c (0xff600513) x10 0xfffffff6
core   0: 0x80007f20 (0x47956b17) auipc   s6, 0x47956
core   0: 3 0x80007f20 (0x47956b17) x22 0xc795df20
core   0: 0x80007f24 (0x00b00913) li      s2, 11
core   0: 3 0x80007f24 (0x00b00913) x18 0x0000000b
core   0: 0x80007f28 (0x3f19ac13) slti    s8, s3, 1009
core   0: 3 0x80007f28 (0x3f19ac13) x24 0x00000001
core   0: 0x80007f2c (0x900f7413) andi    s0, t5, -1792
core   0: 3 0x80007f2c (0x900f7413) x 8 0x00000000
core   0: 0x80007f30 (0x00150513) addi    a0, a0, 1
core   0: 3 0x80007f30 (0x00150513) x10 0xfffffff7
core   0: 0x80007f34 (0xff251ce3) bne     a0, s2, pc - 8
core   0: 3 0x80007f34 (0xff251ce3)
core   0: 0x80007f2c (0x900f7413) andi    s0, t5, -1792
core   0: 3 0x80007f2c (0x900f7413) x 8 0x00000000
core   0: 0x80007f30 (0x00150513) addi    a0, a0, 1
core   0: 3 0x80007f30 (0x00150513) x10 0xfffffff8
core   0: 0x80007f34 (0xff251ce3) bne     a0, s2, pc - 8
core   0: 3 0x80007f34 (0xff251ce3)
core   0: 0x80007f2c (0x900f7413) andi    s0, t5, -1792
core   0: 3 0x80007f2c (0x900f7413) x 8 0x00000000
core   0: 0x80007f30 (0x00150513) addi    a0, a0, 1
core   0: 3 0x80007f30 (0x00150513) x10 0xfffffff9
core   0: 0x80007f34 (0xff251ce3) bne     a0, s2, pc - 8
core   0: 3 0x80007f34 (0xff251ce3)
core   0: 0x80007f2c (0x900f7413) andi    s0, t5, -1792
core   0: 3 0x80007f2c (0x900f7413) x 8 0x00000000
core   0: 0x80007f30 (0x00150513) addi    a0, a0, 1
core   0: 3 0x80007f30 (0x00150513) x10 0xfffffffa
core   0: 0x80007f34 (0xff251ce3) bne     a0, s2, pc - 8
core   0: 3 0x80007f34 (0xff251ce3)
core   0: 0x80007f2c (0x900f7413) andi    s0, t5, -1792
core   0: 3 0x80007f2c (0x900f7413) x 8 0x00000000
core   0: 0x80007f30 (0x00150513) addi    a0, a0, 1
core   0: 3 0x80007f30 (0x00150513) x10 0xfffffffb
core   0: 0x80007f34 (0xff251ce3) bne     a0, s2, pc - 8
core   0: 3 0x80007f34 (0xff251ce3)
core   0: 0x80007f2c (0x900f7413) andi    s0, t5, -1792
core   0: 3 0x80007f2c (0x900f7413) x 8 0x00000000
core   0: 0x80007f30 (0x00150513) addi    a0, a0, 1
core   0: 3 0x80007f30 (0x00150513) x10 0xfffffffc
core   0: 0x80007f34 (0xff251ce3) bne     a0, s2, pc - 8
core   0: 3 0x80007f34 (0xff251ce3)
core   0: 0x80007f2c (0x900f7413) andi    s0, t5, -1792
core   0: 3 0x80007f2c (0x900f7413) x 8 0x00000000
core   0: 0x80007f30 (0x00150513) addi    a0, a0, 1
core   0: 3 0x80007f30 (0x00150513) x10 0xfffffffd
core   0: 0x80007f34 (0xff251ce3) bne     a0, s2, pc - 8
core   0: 3 0x80007f34 (0xff251ce3)
core   0: 0x80007f2c (0x900f7413) andi    s0, t5, -1792
core   0: 3 0x80007f2c (0x900f7413) x 8 0x00000000
core   0: 0x80007f30 (0x00150513) addi    a0, a0, 1
core   0: 3 0x80007f30 (0x00150513) x10 0xfffffffe
core   0: 0x80007f34 (0xff251ce3) bne     a0, s2, pc - 8
core   0: 3 0x80007f34 (0xff251ce3)
core   0: 0x80007f2c (0x900f7413) andi    s0, t5, -1792
core   0: 3 0x80007f2c (0x900f7413) x 8 0x00000000
core   0: 0x80007f30 (0x00150513) addi    a0, a0, 1
core   0: 3 0x80007f30 (0x00150513) x10 0xffffffff
core   0: 0x80007f34 (0xff251ce3) bne     a0, s2, pc - 8
core   0: 3 0x80007f34 (0xff251ce3)
core   0: 0x80007f2c (0x900f7413) andi    s0, t5, -1792
core   0: 3 0x80007f2c (0x900f7413) x 8 0x00000000
core   0: 0x80007f30 (0x00150513) addi    a0, a0, 1
core   0: 3 0x80007f30 (0x00150513) x10 0x00000000
core   0: 0x80007f34 (0xff251ce3) bne     a0, s2, pc - 8
core   0: 3 0x80007f34 (0xff251ce3)
core   0: 0x80007f2c (0x900f7413) andi    s0, t5, -1792
core   0: 3 0x80007f2c (0x900f7413) x 8 0x00000000
core   0: 0x80007f30 (0x00150513) addi    a0, a0, 1
core   0: 3 0x80007f30 (0x00150513) x10 0x00000001
core   0: 0x80007f34 (0xff251ce3) bne     a0, s2, pc - 8
core   0: 3 0x80007f34 (0xff251ce3)
core   0: 0x80007f2c (0x900f7413) andi    s0, t5, -1792
core   0: 3 0x80007f2c (0x900f7413) x 8 0x00000000
core   0: 0x80007f30 (0x00150513) addi    a0, a0, 1
core   0: 3 0x80007f30 (0x00150513) x10 0x00000002
core   0: 0x80007f34 (0xff251ce3) bne     a0, s2, pc - 8
core   0: 3 0x80007f34 (0xff251ce3)
core   0: 0x80007f2c (0x900f7413) andi    s0, t5, -1792
core   0: 3 0x80007f2c (0x900f7413) x 8 0x00000000
core   0: 0x80007f30 (0x00150513) addi    a0, a0, 1
core   0: 3 0x80007f30 (0x00150513) x10 0x00000003
core   0: 0x80007f34 (0xff251ce3) bne     a0, s2, pc - 8
core   0: 3 0x80007f34 (0xff251ce3)
core   0: 0x80007f2c (0x900f7413) andi    s0, t5, -1792
core   0: 3 0x80007f2c (0x900f7413) x 8 0x00000000
core   0: 0x80007f30 (0x00150513) addi    a0, a0, 1
core   0: 3 0x80007f30 (0x00150513) x10 0x00000004
core   0: 0x80007f34 (0xff251ce3) bne     a0, s2, pc - 8
core   0: 3 0x80007f34 (0xff251ce3)
core   0: 0x80007f2c (0x900f7413) andi    s0, t5, -1792
core   0: 3 0x80007f2c (0x900f7413) x 8 0x00000000
core   0: 0x80007f30 (0x00150513) addi    a0, a0, 1
core   0: 3 0x80007f30 (0x00150513) x10 0x00000005
core   0: 0x80007f34 (0xff251ce3) bne     a0, s2, pc - 8
core   0: 3 0x80007f34 (0xff251ce3)
core   0: 0x80007f2c (0x900f7413) andi    s0, t5, -1792
core   0: 3 0x80007f2c (0x900f7413) x 8 0x00000000
core   0: 0x80007f30 (0x00150513) addi    a0, a0, 1
core   0: 3 0x80007f30 (0x00150513) x10 0x00000006
core   0: 0x80007f34 (0xff251ce3) bne     a0, s2, pc - 8
core   0: 3 0x80007f34 (0xff251ce3)
core   0: 0x80007f2c (0x900f7413) andi    s0, t5, -1792
core   0: 3 0x80007f2c (0x900f7413) x 8 0x00000000
core   0: 0x80007f30 (0x00150513) addi    a0, a0, 1
core   0: 3 0x80007f30 (0x00150513) x10 0x00000007
core   0: 0x80007f34 (0xff251ce3) bne     a0, s2, pc - 8
core   0: 3 0x80007f34 (0xff251ce3)
core   0: 0x80007f2c (0x900f7413) andi    s0, t5, -1792
core   0: 3 0x80007f2c (0x900f7413) x 8 0x00000000
core   0: 0x80007f30 (0x00150513) addi    a0, a0, 1
core   0: 3 0x80007f30 (0x00150513) x10 0x00000008
core   0: 0x80007f34 (0xff251ce3) bne     a0, s2, pc - 8
core   0: 3 0x80007f34 (0xff251ce3)
core   0: 0x80007f2c (0x900f7413) andi    s0, t5, -1792
core   0: 3 0x80007f2c (0x900f7413) x 8 0x00000000
core   0: 0x80007f30 (0x00150513) addi    a0, a0, 1
core   0: 3 0x80007f30 (0x00150513) x10 0x00000009
core   0: 0x80007f34 (0xff251ce3) bne     a0, s2, pc - 8
core   0: 3 0x80007f34 (0xff251ce3)
core   0: 0x80007f2c (0x900f7413) andi    s0, t5, -1792
core   0: 3 0x80007f2c (0x900f7413) x 8 0x00000000
core   0: 0x80007f30 (0x00150513) addi    a0, a0, 1
core   0: 3 0x80007f30 (0x00150513) x10 0x0000000a
core   0: 0x80007f34 (0xff251ce3) bne     a0, s2, pc - 8
core   0: 3 0x80007f34 (0xff251ce3)
core   0: 0x80007f2c (0x900f7413) andi    s0, t5, -1792
core   0: 3 0x80007f2c (0x900f7413) x 8 0x00000000
core   0: 0x80007f30 (0x00150513) addi    a0, a0, 1
core   0: 3 0x80007f30 (0x00150513) x10 0x0000000b
core   0: 0x80007f34 (0xff251ce3) bne     a0, s2, pc - 8
core   0: 3 0x80007f34 (0xff251ce3)
core   0: 0x80007f38 (0x00e068b3) or      a7, zero, a4
core   0: 3 0x80007f38 (0x00e068b3) x17 0x00000000
core   0: 0x80007f3c (0x00c18233) add     tp, gp, a2
core   0: 3 0x80007f3c (0x00c18233) x 4 0xab02dd51
core   0: 0x80007f40 (0xfa0a8713) addi    a4, s5, -96
core   0: 3 0x80007f40 (0xfa0a8713) x14 0x80029c84
core   0: 0x80007f44 (0xfdf876e3) bgeu    a6, t6, pc - 52
core   0: 3 0x80007f44 (0xfdf876e3)
core   0: 0x80007f48 (0x0198a133) slt     sp, a7, s9
core   0: 3 0x80007f48 (0x0198a133) x 2 0x00000000
core   0: 0x80007f4c (0xaab0a613) slti    a2, ra, -1365
core   0: 3 0x80007f4c (0xaab0a613) x12 0x00000000
core   0: 0x80007f50 (0x01287fb3) and     t6, a6, s2
core   0: 3 0x80007f50 (0x01287fb3) x31 0x00000003
core   0: 0x80007f54 (0xf6e82f93) slti    t6, a6, -146
core   0: 3 0x80007f54 (0xf6e82f93) x31 0x00000000
core   0: 0x80007f58 (0x40e4dc93) srai    s9, s1, 14
core   0: 3 0x80007f58 (0x40e4dc93) x25 0x00000000
core   0: 0x80007f5c (0x0049dd13) srli    s10, s3, 4
core   0: 3 0x80007f5c (0x0049dd13) x26 0x080029ce
core   0: 0x80007f60 (0x41f75613) srai    a2, a4, 31
core   0: 3 0x80007f60 (0x41f75613) x12 0xffffffff
core   0: 0x80007f64 (0x04639063) bne     t2, t1, pc + 64
core   0: 3 0x80007f64 (0x04639063)
core   0: 0x80007fa4 (0xdf8b7c13) andi    s8, s6, -520
core   0: 3 0x80007fa4 (0xdf8b7c13) x24 0xc795dd20
core   0: 0x80007fa8 (0x0195da13) srli    s4, a1, 25
core   0: 3 0x80007fa8 (0x0195da13) x20 0x00000000
core   0: 0x80007fac (0x00d55c93) srli    s9, a0, 13
core   0: 3 0x80007fac (0x00d55c93) x25 0x00000000
core   0: 0x80007fb0 (0x072ce8b7) lui     a7, 0x72ce
core   0: 3 0x80007fb0 (0x072ce8b7) x17 0x072ce000
core   0: 0x80007fb4 (0x03a2f863) bgeu    t0, s10, pc + 48
core   0: 3 0x80007fb4 (0x03a2f863)
core   0: 0x80007fb8 (0x02da9863) bne     s5, a3, pc + 48
core   0: 3 0x80007fb8 (0x02da9863)
core   0: 0x80007fe8 (0x400455b3) sra     a1, s0, zero
core   0: 3 0x80007fe8 (0x400455b3) x11 0x00000000
core   0: 0x80007fec (0x01cb6663) bltu    s6, t3, pc + 12
core   0: 3 0x80007fec (0x01cb6663)
core   0: 0x80007ff0 (0x00259a33) sll     s4, a1, sp
core   0: 3 0x80007ff0 (0x00259a33) x20 0x00000000
core   0: 0x80007ff4 (0x03582333) mulhsu  t1, a6, s5
core   0: 3 0x80007ff4 (0x03582333) x 6 0x00000003
core   0: 0x80007ff8 (0x409755b3) sra     a1, a4, s1
core   0: 3 0x80007ff8 (0x409755b3) x11 0x80029c84
core   0: 0x80007ffc (0x02830933) mul     s2, t1, s0
core   0: 3 0x80007ffc (0x02830933) x18 0x00000000
core   0: 0x80008000 (0x002a7033) and     zero, s4, sp
core   0: 3 0x80008000 (0x002a7033)
core   0: 0x80008004 (0x40935413) srai    s0, t1, 9
core   0: 3 0x80008004 (0x40935413) x 8 0x00000000
core   0: 0x80008008 (0x0294fe33) remu    t3, s1, s1
core   0: 3 0x80008008 (0x0294fe33) x28 0x00000000
core   0: 0x8000800c (0x40675193) srai    gp, a4, 6
core   0: 3 0x8000800c (0x40675193) x 3 0xfe000a72
core   0: 0x80008010 (0x0229e6b3) rem     a3, s3, sp
core   0: 3 0x80008010 (0x0229e6b3) x13 0x80029ce4
core   0: 0x80008014 (0x01cbe9b3) or      s3, s7, t3
core   0: 3 0x80008014 (0x01cbe9b3) x19 0x00000001
core   0: 0x80008018 (0x0217e133) rem     sp, a5, ra
core   0: 3 0x80008018 (0x0217e133) x 2 0x00000000
core   0: 0x8000801c (0x0023f863) bgeu    t2, sp, pc + 16
core   0: 3 0x8000801c (0x0023f863)
core   0: 0x8000802c (0x052e0663) beq     t3, s2, pc + 76
core   0: 3 0x8000802c (0x052e0663)
core   0: 0x80008078 (0x00ec7a33) and     s4, s8, a4
core   0: 3 0x80008078 (0x00ec7a33) x20 0x80009c00
core   0: 0x8000807c (0x2f115b37) lui     s6, 0x2f115
core   0: 3 0x8000807c (0x2f115b37) x22 0x2f115000
core   0: 0x80008080 (0x02a569b3) rem     s3, a0, a0
core   0: 3 0x80008080 (0x02a569b3) x19 0x00000000
core   0: 0x80008084 (0x02b728b3) mulhsu  a7, a4, a1
core   0: 3 0x80008084 (0x02b728b3) x17 0xc0000006
core   0: 0x80008088 (0x023b92b3) mulh    t0, s7, gp
core   0: 3 0x80008088 (0x023b92b3) x 5 0xffffffff
core   0: 0x8000808c (0x21ea8a13) addi    s4, s5, 542
core   0: 3 0x8000808c (0x21ea8a13) x20 0x80029f02
core   0: 0x80008090 (0x7d4e6893) ori     a7, t3, 2004
core   0: 3 0x80008090 (0x7d4e6893) x17 0x000007d4
core   0: 0x80008094 (0x024ca133) mulhsu  sp, s9, tp
core   0: 3 0x80008094 (0x024ca133) x 2 0x00000000
core   0: 0x80008098 (0x0044b033) sltu    zero, s1, tp
core   0: 3 0x80008098 (0x0044b033)
core   0: 0x8000809c (0x9b5f6313) ori     t1, t5, -1611
core   0: 3 0x8000809c (0x9b5f6313) x 6 0xfffff9b5
core   0: 0x800080a0 (0xfc613113) sltiu   sp, sp, -58
core   0: 3 0x800080a0 (0xfc613113) x 2 0x00000001
core   0: 0x800080a4 (0x73582393) slti    t2, a6, 1845
core   0: 3 0x800080a4 (0x73582393) x 7 0x00000001
core   0: 0x800080a8 (0x02d3b1b3) mulhu   gp, t2, a3
core   0: 3 0x800080a8 (0x02d3b1b3) x 3 0x00000000
core   0: 0x800080ac (0x01f264b3) or      s1, tp, t6
core   0: 3 0x800080ac (0x01f264b3) x 9 0xab02dd51
core   0: 0x800080b0 (0x03297e63) bgeu    s2, s2, pc + 60
core   0: 3 0x800080b0 (0x03297e63)
core   0: 0x800080ec (0x01eb1bb3) sll     s7, s6, t5
core   0: 3 0x800080ec (0x01eb1bb3) x23 0x2f115000
core   0: 0x800080f0 (0x22da0213) addi    tp, s4, 557
core   0: 3 0x800080f0 (0x22da0213) x 4 0x8002a12f
core   0: 0x800080f4 (0x00000013) nop
core   0: 3 0x800080f4 (0x00000013)
core   0: 0x800080f8 (0x02b8b433) mulhu   s0, a7, a1
core   0: 3 0x800080f8 (0x02b8b433) x 8 0x000003ea
core   0: 0x800080fc (0x032c8463) beq     s9, s2, pc + 40
core   0: 3 0x800080fc (0x032c8463)
core   0: 0x80008124 (0x00d71293) slli    t0, a4, 13
core   0: 3 0x80008124 (0x00d71293) x 5 0x53908000
core   0: 0x80008128 (0xfa580893) addi    a7, a6, -91
core   0: 3 0x80008128 (0xfa580893) x17 0xffffffac
core   0: 0x8000812c (0x0456e063) bltu    a3, t0, pc + 64
core   0: 3 0x8000812c (0x0456e063)
core   0: 0x80008130 (0xfd0a0d13) addi    s10, s4, -48
core   0: 3 0x80008130 (0xfd0a0d13) x26 0x80029ed2
core   0: 0x80008134 (0x0094d433) srl     s0, s1, s1
core   0: 3 0x80008134 (0x0094d433) x 8 0x00005581
core   0: 0x80008138 (0x00000013) nop
core   0: 3 0x80008138 (0x00000013)
core   0: 0x8000813c (0x01c0ddb3) srl     s11, ra, t3
core   0: 3 0x8000813c (0x01c0ddb3) x27 0x00000001
core   0: 0x80008140 (0x4816b713) sltiu   a4, a3, 1153
core   0: 3 0x80008140 (0x4816b713) x14 0x00000000
core   0: 0x80008144 (0x028d5fb3) divu    t6, s10, s0
core   0: 3 0x80008144 (0x028d5fb3) x31 0x00017f43
core   0: 0x80008148 (0x001f06b3) add     a3, t5, ra
core   0: 3 0x80008148 (0x001f06b3) x13 0x00000001
core   0: 0x8000814c (0x03759c63) bne     a1, s7, pc + 56
core   0: 3 0x8000814c (0x03759c63)
core   0: 0x80008184 (0x01936463) bltu    t1, s9, pc + 8
core   0: 3 0x80008184 (0x01936463)
core   0: 0x80008188 (0x03bda533) mulhsu  a0, s11, s11
core   0: 3 0x80008188 (0x03bda533) x10 0x00000000
core   0: 0x8000818c (0x1e142413) slti    s0, s0, 481
core   0: 3 0x8000818c (0x1e142413) x 8 0x00000000
core   0: 0x80008190 (0x00a9f033) and     zero, s3, a0
core   0: 3 0x80008190 (0x00a9f033)
core   0: 0x80008194 (0x039b96b3) mulh    a3, s7, s9
core   0: 3 0x80008194 (0x039b96b3) x13 0x00000000
core   0: 0x80008198 (0x64136193) ori     gp, t1, 1601
core   0: 3 0x80008198 (0x64136193) x 3 0xfffffff5
core   0: 0x8000819c (0x00f79213) slli    tp, a5, 15
core   0: 3 0x8000819c (0x00f79213) x 4 0x2f320000
core   0: 0x800081a0 (0x024116b3) mulh    a3, sp, tp
core   0: 3 0x800081a0 (0x024116b3) x13 0x00000000
core   0: 0x800081a4 (0x035af233) remu    tp, s5, s5
core   0: 3 0x800081a4 (0x035af233) x 4 0x00000000
core   0: 0x800081a8 (0xd3882713) slti    a4, a6, -712
core   0: 3 0x800081a8 (0xd3882713) x14 0x00000000
core   0: 0x800081ac (0x40a3d993) srai    s3, t2, 10
core   0: 3 0x800081ac (0x40a3d993) x19 0x00000000
core   0: 0x800081b0 (0x40b3d133) sra     sp, t2, a1
core   0: 3 0x800081b0 (0x40b3d133) x 2 0x00000000
core   0: 0x800081b4 (0x01cad693) srli    a3, s5, 28
core   0: 3 0x800081b4 (0x01cad693) x13 0x00000008
core   0: 0x800081b8 (0x00fd5733) srl     a4, s10, a5
core   0: 3 0x800081b8 (0x00fd5733) x14 0x080029ed
core   0: 0x800081bc (0x0203ee33) rem     t3, t2, zero
core   0: 3 0x800081bc (0x0203ee33) x28 0x00000001
core   0: 0x800081c0 (0x019684b3) add     s1, a3, s9
core   0: 3 0x800081c0 (0x019684b3) x 9 0x00000008
core   0: 0x800081c4 (0x00afde63) bge     t6, a0, pc + 28
core   0: 3 0x800081c4 (0x00afde63)
core   0: 0x800081e0 (0x41dc8433) sub     s0, s9, t4
core   0: 3 0x800081e0 (0x41dc8433) x 8 0x7ffd631c
core   0: 0x800081e4 (0x015c4eb3) xor     t4, s8, s5
core   0: 3 0x800081e4 (0x015c4eb3) x29 0x479741c4
core   0: 0x800081e8 (0x03c28463) beq     t0, t3, pc + 40
core   0: 3 0x800081e8 (0x03c28463)
core   0: 0x800081ec (0xa07aa013) slti    zero, s5, -1529
core   0: 3 0x800081ec (0xa07aa013)
core   0: 0x800081f0 (0x031d1063) bne     s10, a7, pc + 32
core   0: 3 0x800081f0 (0x031d1063)
core   0: 0x80008210 (0x01bed433) srl     s0, t4, s11
core   0: 3 0x80008210 (0x01bed433) x 8 0x23cba0e2
core   0: 0x80008214 (0x02eff9b3) remu    s3, t6, a4
core   0: 3 0x80008214 (0x02eff9b3) x19 0x00017f43
core   0: 0x80008218 (0x03bf7133) remu    sp, t5, s11
core   0: 3 0x80008218 (0x03bf7133) x 2 0x00000000
core   0: 0x8000821c (0xff212013) slti    zero, sp, -14
core   0: 3 0x8000821c (0xff212013)
core   0: 0x80008220 (0x03700663) beq     zero, s7, pc + 44
core   0: 3 0x80008220 (0x03700663)
core   0: 0x80008224 (0x02ffac33) mulhsu  s8, t6, a5
core   0: 3 0x80008224 (0x02ffac33) x24 0x0000bfa5
core   0: 0x80008228 (0x21c63837) lui     a6, 0x21c63
core   0: 3 0x80008228 (0x21c63837) x16 0x21c63000
core   0: 0x8000822c (0x02810e33) mul     t3, sp, s0
core   0: 3 0x8000822c (0x02810e33) x28 0x00000000
core   0: 0x80008230 (0x01c09533) sll     a0, ra, t3
core   0: 3 0x80008230 (0x01c09533) x10 0x00000001
core   0: 0x80008234 (0x194d3e93) sltiu   t4, s10, 404
core   0: 3 0x80008234 (0x194d3e93) x29 0x00000000
core   0: 0x80008238 (0x047dc663) blt     s11, t2, pc + 76
core   0: 3 0x80008238 (0x047dc663)
core   0: 0x8000823c (0xe65c2113) slti    sp, s8, -411
core   0: 3 0x8000823c (0xe65c2113) x 2 0x00000000
core   0: 0x80008240 (0x03b0a533) mulhsu  a0, ra, s11
core   0: 3 0x80008240 (0x03b0a533) x10 0x00000000
core   0: 0x80008244 (0x0025dbb3) srl     s7, a1, sp
core   0: 3 0x80008244 (0x0025dbb3) x23 0x80029c84
core   0: 0x80008248 (0xe32dfb13) andi    s6, s11, -462
core   0: 3 0x80008248 (0xe32dfb13) x22 0x00000000
core   0: 0x8000824c (0x0554e463) bltu    s1, s5, pc + 72
core   0: 3 0x8000824c (0x0554e463)
core   0: 0x80008294 (0xc9e0a213) slti    tp, ra, -866
core   0: 3 0x80008294 (0xc9e0a213) x 4 0x00000000
core   0: 0x80008298 (0x01bc5c93) srli    s9, s8, 27
core   0: 3 0x80008298 (0x01bc5c93) x25 0x00000000
core   0: 0x8000829c (0x04435263) bge     t1, tp, pc + 68
core   0: 3 0x8000829c (0x04435263)
core   0: 0x800082a0 (0x01617e33) and     t3, sp, s6
core   0: 3 0x800082a0 (0x01617e33) x28 0x00000000
core   0: 0x800082a4 (0x0251b6b3) mulhu   a3, gp, t0
core   0: 3 0x800082a4 (0x0251b6b3) x13 0x53907ffc
core   0: 0x800082a8 (0x1bb5c913) xori    s2, a1, 443
core   0: 3 0x800082a8 (0x1bb5c913) x18 0x80029d3f
core   0: 0x800082ac (0x01c26733) or      a4, tp, t3
core   0: 3 0x800082ac (0x01c26733) x14 0x00000000
core   0: 0x800082b0 (0x034a14b3) mulh    s1, s4, s4
core   0: 3 0x800082b0 (0x034a14b3) x 9 0x3ffd6104
core   0: 0x800082b4 (0x058c0063) beq     s8, s8, pc + 64
core   0: 3 0x800082b4 (0x058c0063)
core   0: 0x800082f4 (0x414a5c93) srai    s9, s4, 20
core   0: 3 0x800082f4 (0x414a5c93) x25 0xfffff800
core   0: 0x800082f8 (0x005ec633) xor     a2, t4, t0
core   0: 3 0x800082f8 (0x005ec633) x12 0x53908000
core   0: 0x800082fc (0x02de53b3) divu    t2, t3, a3
core   0: 3 0x800082fc (0x02de53b3) x 7 0x00000000
core   0: 0x80008300 (0x03ebb4b3) mulhu   s1, s7, t5
core   0: 3 0x80008300 (0x03ebb4b3) x 9 0x00000000
core   0: 0x80008304 (0x01b7b733) sltu    a4, a5, s11
core   0: 3 0x80008304 (0x01b7b733) x14 0x00000000
core   0: 0x80008308 (0x01f9a333) slt     t1, s3, t6
core   0: 3 0x80008308 (0x01f9a333) x 6 0x00000000
core   0: 0x8000830c (0x40a35c33) sra     s8, t1, a0
core   0: 3 0x8000830c (0x40a35c33) x24 0x00000000
core   0: 0x80008310 (0x02e12b33) mulhsu  s6, sp, a4
core   0: 3 0x80008310 (0x02e12b33) x22 0x00000000
core   0: 0x80008314 (0x0071f8b3) and     a7, gp, t2
core   0: 3 0x80008314 (0x0071f8b3) x17 0x00000000
core   0: 0x80008318 (0x0351c3b3) div     t2, gp, s5
core   0: 3 0x80008318 (0x0351c3b3) x 7 0x00000000
core   0: 0x8000831c (0xb96a4013) xori    zero, s4, -1130
core   0: 3 0x8000831c (0xb96a4013)
core   0: 0x80008320 (0x03ee9a33) mulh    s4, t4, t5
core   0: 3 0x80008320 (0x03ee9a33) x20 0x00000000
core   0: 0x80008324 (0x03497433) remu    s0, s2, s4
core   0: 3 0x80008324 (0x03497433) x 8 0x80029d3f
core   0: 0x80008328 (0xec051237) lui     tp, 0xec051
core   0: 3 0x80008328 (0xec051237) x 4 0xec051000
core   0: 0x8000832c (0x03ae62b3) rem     t0, t3, s10
core   0: 3 0x8000832c (0x03ae62b3) x 5 0x00000000
core   0: 0x80008330 (0x05fa8063) beq     s5, t6, pc + 64
core   0: 3 0x80008330 (0x05fa8063)
core   0: 0x80008334 (0x1942a813) slti    a6, t0, 404
core   0: 3 0x80008334 (0x1942a813) x16 0x00000001
core   0: 0x80008338 (0x00201293) slli    t0, zero, 2
core   0: 3 0x80008338 (0x00201293) x 5 0x00000000
core   0: 0x8000833c (0x024f9bb3) mulh    s7, t6, tp
core   0: 3 0x8000833c (0x024f9bb3) x23 0xffffe216
core   0: 0x80008340 (0x00335eb3) srl     t4, t1, gp
core   0: 3 0x80008340 (0x00335eb3) x29 0x00000000
core   0: 0x80008344 (0x155891b7) lui     gp, 0x15589
core   0: 3 0x80008344 (0x155891b7) x 3 0x15589000
core   0: 0x80008348 (0x047d1663) bne     s10, t2, pc + 76
core   0: 3 0x80008348 (0x047d1663)
core   0: 0x80008394 (0x01bccd33) xor     s10, s9, s11
core   0: 3 0x80008394 (0x01bccd33) x26 0xfffff801
core   0: 0x80008398 (0x01a11433) sll     s0, sp, s10
core   0: 3 0x80008398 (0x01a11433) x 8 0x00000000
core   0: 0x8000839c (0x01f4d5b3) srl     a1, s1, t6
core   0: 3 0x8000839c (0x01f4d5b3) x11 0x00000000
core   0: 0x800083a0 (0x05168663) beq     a3, a7, pc + 76
core   0: 3 0x800083a0 (0x05168663)
core   0: 0x800083a4 (0x02746333) rem     t1, s0, t2
core   0: 3 0x800083a4 (0x02746333) x 6 0x00000000
core   0: 0x800083a8 (0x046fe663) bltu    t6, t1, pc + 76
core   0: 3 0x800083a8 (0x046fe663)
core   0: 0x800083ac (0x019cce63) blt     s9, s9, pc + 28
core   0: 3 0x800083ac (0x019cce63)
core   0: 0x800083b0 (0x02036333) rem     t1, t1, zero
core   0: 3 0x800083b0 (0x02036333) x 6 0x00000000
core   0: 0x800083b4 (0x41aa86b3) sub     a3, s5, s10
core   0: 3 0x800083b4 (0x41aa86b3) x13 0x8002a4e3
core   0: 0x800083b8 (0x02901863) bne     zero, s1, pc + 48
core   0: 3 0x800083b8 (0x02901863)
core   0: 0x800083bc (0x3e3d50b7) lui     ra, 0x3e3d5
core   0: 3 0x800083bc (0x3e3d50b7) x 1 0x3e3d5000
core   0: 0x800083c0 (0x0388efb3) rem     t6, a7, s8
core   0: 3 0x800083c0 (0x0388efb3) x31 0x00000000
core   0: 0x800083c4 (0x0237e433) rem     s0, a5, gp
core   0: 3 0x800083c4 (0x0237e433) x 8 0xeabd2e64
core   0: 0x800083c8 (0xf156b513) sltiu   a0, a3, -235
core   0: 3 0x800083c8 (0xf156b513) x10 0x00000001
core   0: 0x800083cc (0xb3fc9717) auipc   a4, 0xb3fc9
core   0: 3 0x800083cc (0xb3fc9717) x14 0x33fd13cc
core   0: 0x800083d0 (0x03575a33) divu    s4, a4, s5
core   0: 3 0x800083d0 (0x03575a33) x20 0x00000000
core   0: 0x800083d4 (0x02de9b33) mulh    s6, t4, a3
core   0: 3 0x800083d4 (0x02de9b33) x22 0x00000000
core   0: 0x800083d8 (0xd72cb293) sltiu   t0, s9, -654
core   0: 3 0x800083d8 (0xd72cb293) x 5 0x00000001
core   0: 0x800083dc (0xf6eee693) ori     a3, t4, -146
core   0: 3 0x800083dc (0xf6eee693) x13 0xffffff6e
core   0: 0x800083e0 (0x02b42433) mulhsu  s0, s0, a1
core   0: 3 0x800083e0 (0x02b42433) x 8 0x00000000
core   0: 0x800083e4 (0x10111717) auipc   a4, 0x10111
core   0: 3 0x800083e4 (0x10111717) x14 0x901193e4
core   0: 0x800083e8 (0x03468033) mul     zero, a3, s4
core   0: 3 0x800083e8 (0x03468033)
core   0: 0x800083ec (0x00aa8c63) beq     s5, a0, pc + 24
core   0: 3 0x800083ec (0x00aa8c63)
core   0: 0x800083f0 (0xc7433913) sltiu   s2, t1, -908
core   0: 3 0x800083f0 (0xc7433913) x18 0x00000001
core   0: 0x800083f4 (0x038108b3) mul     a7, sp, s8
core   0: 3 0x800083f4 (0x038108b3) x17 0x00000000
core   0: 0x800083f8 (0x0041c733) xor     a4, gp, tp
core   0: 3 0x800083f8 (0x0041c733) x14 0xf95d8000
core   0: 0x800083fc (0x0353e463) bltu    t2, s5, pc + 40
core   0: 3 0x800083fc (0x0353e463)
core   0: 0x80008424 (0x400308b3) sub     a7, t1, zero
core   0: 3 0x80008424 (0x400308b3) x17 0x00000000
core   0: 0x80008428 (0x03346cb3) rem     s9, s0, s3
core   0: 3 0x80008428 (0x03346cb3) x25 0x00000000
core   0: 0x8000842c (0x034e8233) mul     tp, t4, s4
core   0: 3 0x8000842c (0x034e8233) x 4 0x00000000
core   0: 0x80008430 (0x023efd33) remu    s10, t4, gp
core   0: 3 0x80008430 (0x023efd33) x26 0x00000000
core   0: 0x80008434 (0x03618b33) mul     s6, gp, s6
core   0: 3 0x80008434 (0x03618b33) x22 0x00000000
core   0: 0x80008438 (0x02bf8d33) mul     s10, t6, a1
core   0: 3 0x80008438 (0x02bf8d33) x26 0x00000000
core   0: 0x8000843c (0x8dcd4913) xori    s2, s10, -1828
core   0: 3 0x8000843c (0x8dcd4913) x18 0xfffff8dc
core   0: 0x80008440 (0x03803133) mulhu   sp, zero, s8
core   0: 3 0x80008440 (0x03803133) x 2 0x00000000
core   0: 0x80008444 (0x414f85b3) sub     a1, t6, s4
core   0: 3 0x80008444 (0x414f85b3) x11 0x00000000
core   0: 0x80008448 (0x4149db33) sra     s6, s3, s4
core   0: 3 0x80008448 (0x4149db33) x22 0x00017f43
core   0: 0x8000844c (0x01276933) or      s2, a4, s2
core   0: 3 0x8000844c (0x01276933) x18 0xfffff8dc
core   0: 0x80008450 (0x0074e5b3) or      a1, s1, t2
core   0: 3 0x80008450 (0x0074e5b3) x11 0x00000000
core   0: 0x80008454 (0x01667933) and     s2, a2, s6
core   0: 3 0x80008454 (0x01667933) x18 0x00000000
core   0: 0x80008458 (0x02077c63) bgeu    a4, zero, pc + 56
core   0: 3 0x80008458 (0x02077c63)
core   0: 0x80008490 (0x02bbfa63) bgeu    s7, a1, pc + 52
core   0: 3 0x80008490 (0x02bbfa63)
core   0: 0x800084c4 (0x01f4dd93) srli    s11, s1, 31
core   0: 3 0x800084c4 (0x01f4dd93) x27 0x00000000
core   0: 0x800084c8 (0x40ad88b3) sub     a7, s11, a0
core   0: 3 0x800084c8 (0x40ad88b3) x17 0xffffffff
core   0: 0x800084cc (0x008c0133) add     sp, s8, s0
core   0: 3 0x800084cc (0x008c0133) x 2 0x00000000
core   0: 0x800084d0 (0x00483b33) sltu    s6, a6, tp
core   0: 3 0x800084d0 (0x00483b33) x22 0x00000000
core   0: 0x800084d4 (0x40918eb3) sub     t4, gp, s1
core   0: 3 0x800084d4 (0x40918eb3) x29 0x15589000
core   0: 0x800084d8 (0x8388ef93) ori     t6, a7, -1992
core   0: 3 0x800084d8 (0x8388ef93) x31 0xffffffff
core   0: 0x800084dc (0x03db1333) mulh    t1, s6, t4
core   0: 3 0x800084dc (0x03db1333) x 6 0x00000000
core   0: 0x800084e0 (0x52da2693) slti    a3, s4, 1325
core   0: 3 0x800084e0 (0x52da2693) x13 0x00000001
core   0: 0x800084e4 (0x027179b3) remu    s3, sp, t2
core   0: 3 0x800084e4 (0x027179b3) x19 0x00000000
core   0: 0x800084e8 (0x01aef463) bgeu    t4, s10, pc + 8
core   0: 3 0x800084e8 (0x01aef463)
core   0: 0x800084f0 (0x00000013) nop
core   0: 3 0x800084f0 (0x00000013)
core   0: 0x800084f4 (0x004ef0b3) and     ra, t4, tp
core   0: 3 0x800084f4 (0x004ef0b3) x 1 0x00000000
core   0: 0x800084f8 (0x03b51733) mulh    a4, a0, s11
core   0: 3 0x800084f8 (0x03b51733) x14 0x00000000
core   0: 0x800084fc (0x01f73eb3) sltu    t4, a4, t6
core   0: 3 0x800084fc (0x01f73eb3) x29 0x00000001
core   0: 0x80008500 (0x00000013) nop
core   0: 3 0x80008500 (0x00000013)
core   0: 0x80008504 (0x40bed833) sra     a6, t4, a1
core   0: 3 0x80008504 (0x40bed833) x16 0x00000001
core   0: 0x80008508 (0xbf782493) slti    s1, a6, -1033
core   0: 3 0x80008508 (0xbf782493) x 9 0x00000000
core   0: 0x8000850c (0x00cfcc63) blt     t6, a2, pc + 24
core   0: 3 0x8000850c (0x00cfcc63)
core   0: 0x80008524 (0x00e090b3) sll     ra, ra, a4
core   0: 3 0x80008524 (0x00e090b3) x 1 0x00000000
core   0: 0x80008528 (0x05ec1063) bne     s8, t5, pc + 64
core   0: 3 0x80008528 (0x05ec1063)
core   0: 0x8000852c (0x41615733) sra     a4, sp, s6
core   0: 3 0x8000852c (0x41615733) x14 0x00000000
core   0: 0x80008530 (0x03e63db3) mulhu   s11, a2, t5
core   0: 3 0x80008530 (0x03e63db3) x27 0x00000000
core   0: 0x80008534 (0x41f15c33) sra     s8, sp, t6
core   0: 3 0x80008534 (0x41f15c33) x24 0x00000000
core   0: 0x80008538 (0x006efbb3) and     s7, t4, t1
core   0: 3 0x80008538 (0x006efbb3) x23 0x00000000
core   0: 0x8000853c (0x40e80293) addi    t0, a6, 1038
core   0: 3 0x8000853c (0x40e80293) x 5 0x0000040f
core   0: 0x80008540 (0x02558733) mul     a4, a1, t0
core   0: 3 0x80008540 (0x02558733) x14 0x00000000
core   0: 0x80008544 (0x40870833) sub     a6, a4, s0
core   0: 3 0x80008544 (0x40870833) x16 0x00000000
core   0: 0x80008548 (0x0344e9b3) rem     s3, s1, s4
core   0: 3 0x80008548 (0x0344e9b3) x19 0x00000000
core   0: 0x8000854c (0x03708433) mul     s0, ra, s7
core   0: 3 0x8000854c (0x03708433) x 8 0x00000000
core   0: 0x80008550 (0x00e30433) add     s0, t1, a4
core   0: 3 0x80008550 (0x00e30433) x 8 0x00000000
core   0: 0x80008554 (0x00e694b3) sll     s1, a3, a4
core   0: 3 0x80008554 (0x00e694b3) x 9 0x00000001
core   0: 0x80008558 (0x008abb33) sltu    s6, s5, s0
core   0: 3 0x80008558 (0x008abb33) x22 0x00000000
core   0: 0x8000855c (0x00886863) bltu    a6, s0, pc + 16
core   0: 3 0x8000855c (0x00886863)
core   0: 0x80008560 (0x028c4033) div     zero, s8, s0
core   0: 3 0x80008560 (0x028c4033)
core   0: 0x80008564 (0x014e2bb3) slt     s7, t3, s4
core   0: 3 0x80008564 (0x014e2bb3) x23 0x00000000
core   0: 0x80008568 (0x026a5033) divu    zero, s4, t1
core   0: 3 0x80008568 (0x026a5033)
core   0: 0x8000856c (0xbc8130b7) lui     ra, 0xbc813
core   0: 3 0x8000856c (0xbc8130b7) x 1 0xbc813000
core   0: 0x80008570 (0x417f8db3) sub     s11, t6, s7
core   0: 3 0x80008570 (0x417f8db3) x27 0xffffffff
core   0: 0x80008574 (0xb3522d13) slti    s10, tp, -1227
core   0: 3 0x80008574 (0xb3522d13) x26 0x00000000
core   0: 0x80008578 (0x93a3a297) auipc   t0, 0x93a3a
core   0: 3 0x80008578 (0x93a3a297) x 5 0x13a42578
core   0: 0x8000857c (0x03dfe833) rem     a6, t6, t4
core   0: 3 0x8000857c (0x03dfe833) x16 0x00000000
core   0: 0x80008580 (0x03cb7663) bgeu    s6, t3, pc + 44
core   0: 3 0x80008580 (0x03cb7663)
core   0: 0x800085ac (0x00000013) nop
core   0: 3 0x800085ac (0x00000013)
core   0: 0x800085b0 (0x0055e133) or      sp, a1, t0
core   0: 3 0x800085b0 (0x0055e133) x 2 0x13a42578
core   0: 0x800085b4 (0xc883e693) ori     a3, t2, -888
core   0: 3 0x800085b4 (0xc883e693) x13 0xfffffc88
core   0: 0x800085b8 (0x01b52a33) slt     s4, a0, s11
core   0: 3 0x800085b8 (0x01b52a33) x20 0x00000000
core   0: 0x800085bc (0x01c8c233) xor     tp, a7, t3
core   0: 3 0x800085bc (0x01c8c233) x 4 0xffffffff
core   0: 0x800085c0 (0x0082ac33) slt     s8, t0, s0
core   0: 3 0x800085c0 (0x0082ac33) x24 0x00000000
core   0: 0x800085c4 (0x0118c8b3) xor     a7, a7, a7
core   0: 3 0x800085c4 (0x0118c8b3) x17 0x00000000
core   0: 0x800085c8 (0x00b7d393) srli    t2, a5, 11
core   0: 3 0x800085c8 (0x00b7d393) x 7 0x0010004b
core   0: 0x800085cc (0x00979a13) slli    s4, a5, 9
core   0: 3 0x800085cc (0x00979a13) x20 0x04bcc800
core   0: 0x800085d0 (0x02d94733) div     a4, s2, a3
core   0: 3 0x800085d0 (0x02d94733) x14 0x00000000
core   0: 0x800085d4 (0x40a889b3) sub     s3, a7, a0
core   0: 3 0x800085d4 (0x40a889b3) x19 0xffffffff
core   0: 0x800085d8 (0x01bb5eb3) srl     t4, s6, s11
core   0: 3 0x800085d8 (0x01bb5eb3) x29 0x00000000
core   0: 0x800085dc (0x02596063) bltu    s2, t0, pc + 32
core   0: 3 0x800085dc (0x02596063)
core   0: 0x800085fc (0x00d85663) bge     a6, a3, pc + 12
core   0: 3 0x800085fc (0x00d85663)
core   0: 0x80008608 (0xef9686b7) lui     a3, 0xef968
core   0: 3 0x80008608 (0xef9686b7) x13 0xef968000
core   0: 0x8000860c (0x03923cb3) mulhu   s9, tp, s9
core   0: 3 0x8000860c (0x03923cb3) x25 0x00000000
core   0: 0x80008610 (0x01891cb3) sll     s9, s2, s8
core   0: 3 0x80008610 (0x01891cb3) x25 0x00000000
core   0: 0x80008614 (0xc36a7113) andi    sp, s4, -970
core   0: 3 0x80008614 (0xc36a7113) x 2 0x04bcc800
core   0: 0x80008618 (0xd4fef893) andi    a7, t4, -689
core   0: 3 0x80008618 (0xd4fef893) x17 0x00000000
core   0: 0x8000861c (0x03ea4eb3) div     t4, s4, t5
core   0: 3 0x8000861c (0x03ea4eb3) x29 0xffffffff
core   0: 0x80008620 (0x55f62213) slti    tp, a2, 1375
core   0: 3 0x80008620 (0x55f62213) x 4 0x00000000
core   0: 0x80008624 (0x00cbc863) blt     s7, a2, pc + 16
core   0: 3 0x80008624 (0x00cbc863)
core   0: 0x80008634 (0x00b1b333) sltu    t1, gp, a1
core   0: 3 0x80008634 (0x00b1b333) x 6 0x00000000
core   0: 0x80008638 (0x047d0063) beq     s10, t2, pc + 64
core   0: 3 0x80008638 (0x047d0063)
core   0: 0x8000863c (0x05f6d263) bge     a3, t6, pc + 68
core   0: 3 0x8000863c (0x05f6d263)
core   0: 0x80008640 (0x00a34b33) xor     s6, t1, a0
core   0: 3 0x80008640 (0x00a34b33) x22 0x00000001
core   0: 0x80008644 (0xaa62a293) slti    t0, t0, -1370
core   0: 3 0x80008644 (0xaa62a293) x 5 0x00000000
core   0: 0x80008648 (0x01ccdfb3) srl     t6, s9, t3
core   0: 3 0x80008648 (0x01ccdfb3) x31 0x00000000
core   0: 0x8000864c (0x01ee1c33) sll     s8, t3, t5
core   0: 3 0x8000864c (0x01ee1c33) x24 0x00000000
core   0: 0x80008650 (0x016b9d13) slli    s10, s7, 22
core   0: 3 0x80008650 (0x016b9d13) x26 0x00000000
core   0: 0x80008654 (0x0386c833) div     a6, a3, s8
core   0: 3 0x80008654 (0x0386c833) x16 0xffffffff
core   0: 0x80008658 (0x38f85d17) auipc   s10, 0x38f85
core   0: 3 0x80008658 (0x38f85d17) x26 0xb8f8d658
core   0: 0x8000865c (0x7bc33193) sltiu   gp, t1, 1980
core   0: 3 0x8000865c (0x7bc33193) x 3 0x00000001
core   0: 0x80008660 (0x66e7c417) auipc   s0, 0x66e7c
core   0: 3 0x80008660 (0x66e7c417) x 8 0xe6e84660
core   0: 0x80008664 (0x00a5aeb3) slt     t4, a1, a0
core   0: 3 0x80008664 (0x00a5aeb3) x29 0x00000001
core   0: 0x80008668 (0x026641b7) lui     gp, 0x2664
core   0: 3 0x80008668 (0x026641b7) x 3 0x02664000
core   0: 0x8000866c (0x020d1b33) mulh    s6, s10, zero
core   0: 3 0x8000866c (0x020d1b33) x22 0x00000000
core   0: 0x80008670 (0x03c552b3) divu    t0, a0, t3
core   0: 3 0x80008670 (0x03c552b3) x 5 0xffffffff
core   0: 0x80008674 (0x02f61233) mulh    tp, a2, a5
core   0: 3 0x80008674 (0x02f61233) x 4 0xd63885f0
core   0: 0x80008678 (0x002423b3) slt     t2, s0, sp
core   0: 3 0x80008678 (0x002423b3) x 7 0x00000001
core   0: 0x8000867c (0x006fe5b3) or      a1, t6, t1
core   0: 3 0x8000867c (0x006fe5b3) x11 0x00000000
core   0: 0x80008680 (0x02bdefb3) rem     t6, s11, a1
core   0: 3 0x80008680 (0x02bdefb3) x31 0xffffffff
core   0: 0x80008684 (0x012b4c63) blt     s6, s2, pc + 24
core   0: 3 0x80008684 (0x012b4c63)
core   0: 0x80008688 (0x0094ca33) xor     s4, s1, s1
core   0: 3 0x80008688 (0x0094ca33) x20 0x00000000
core   0: 0x8000868c (0x40a206b3) sub     a3, tp, a0
core   0: 3 0x8000868c (0x40a206b3) x13 0xd63885ef
core   0: 0x80008690 (0x02db5e63) bge     s6, a3, pc + 60
core   0: 3 0x80008690 (0x02db5e63)
core   0: 0x800086cc (0x0052ec63) bltu    t0, t0, pc + 24
core   0: 3 0x800086cc (0x0052ec63)
core   0: 0x800086d0 (0x3937cb93) xori    s7, a5, 915
core   0: 3 0x800086d0 (0x3937cb93) x23 0x80025df7
core   0: 0x800086d4 (0x0233ba33) mulhu   s4, t2, gp
core   0: 3 0x800086d4 (0x0233ba33) x20 0x00000000
core   0: 0x800086d8 (0x02e9ea63) bltu    s3, a4, pc + 52
core   0: 3 0x800086d8 (0x02e9ea63)
core   0: 0x800086dc (0x01d648b3) xor     a7, a2, t4
core   0: 3 0x800086dc (0x01d648b3) x17 0x53908001
core   0: 0x800086e0 (0xe4208437) lui     s0, 0xe4208
core   0: 3 0x800086e0 (0xe4208437) x 8 0xe4208000
core   0: 0x800086e4 (0x02027733) remu    a4, tp, zero
core   0: 3 0x800086e4 (0x02027733) x14 0xd63885f0
core   0: 0x800086e8 (0x022b7863) bgeu    s6, sp, pc + 48
core   0: 3 0x800086e8 (0x022b7863)
core   0: 0x800086ec (0x034591b3) mulh    gp, a1, s4
core   0: 3 0x800086ec (0x034591b3) x 3 0x00000000
core   0: 0x800086f0 (0xacca6993) ori     s3, s4, -1332
core   0: 3 0x800086f0 (0xacca6993) x19 0xfffffacc
core   0: 0x800086f4 (0x00f51bb3) sll     s7, a0, a5
core   0: 3 0x800086f4 (0x00f51bb3) x23 0x00000010
core   0: 0x800086f8 (0x056b1063) bne     s6, s6, pc + 64
core   0: 3 0x800086f8 (0x056b1063)
core   0: 0x800086fc (0x02871463) bne     a4, s0, pc + 40
core   0: 3 0x800086fc (0x02871463)
core   0: 0x80008724 (0x02e1a533) mulhsu  a0, gp, a4
core   0: 3 0x80008724 (0x02e1a533) x10 0x00000000
core   0: 0x80008728 (0x03365663) bge     a2, s3, pc + 44
core   0: 3 0x80008728 (0x03365663)
core   0: 0x80008754 (0x40f502b3) sub     t0, a0, a5
core   0: 3 0x80008754 (0x40f502b3) x 5 0x7ffda19c
core   0: 0x80008758 (0xa6674c93) xori    s9, a4, -1434
core   0: 3 0x80008758 (0xa6674c93) x25 0x29c77f96
core   0: 0x8000875c (0x0151ba33) sltu    s4, gp, s5
core   0: 3 0x8000875c (0x0151ba33) x20 0x00000001
core   0: 0x80008760 (0xf88f2f93) slti    t6, t5, -120
core   0: 3 0x80008760 (0xf88f2f93) x31 0x00000000
core   0: 0x80008764 (0x41c98233) sub     tp, s3, t3
core   0: 3 0x80008764 (0x41c98233) x 4 0xfffffacc
core   0: 0x80008768 (0x00570c33) add     s8, a4, t0
core   0: 3 0x80008768 (0x00570c33) x24 0x5636278c
core   0: 0x8000876c (0x008e6e33) or      t3, t3, s0
core   0: 3 0x8000876c (0x008e6e33) x28 0xe4208000
core   0: 0x80008770 (0x01c39313) slli    t1, t2, 28
core   0: 3 0x80008770 (0x01c39313) x 6 0x10000000
core   0: 0x80008774 (0x03da6d33) rem     s10, s4, t4
core   0: 3 0x80008774 (0x03da6d33) x26 0x00000000
core   0: 0x80008778 (0x1fe26d13) ori     s10, tp, 510
core   0: 3 0x80008778 (0x1fe26d13) x26 0xfffffbfe
core   0: 0x8000877c (0x007e9713) slli    a4, t4, 7
core   0: 3 0x8000877c (0x007e9713) x14 0x00000080
core   0: 0x80008780 (0x02e6ecb3) rem     s9, a3, a4
core   0: 3 0x80008780 (0x02e6ecb3) x25 0xffffffef
core   0: 0x80008784 (0x006e9933) sll     s2, t4, t1
core   0: 3 0x80008784 (0x006e9933) x18 0x00000001
core   0: 0x80008788 (0x02e6d9b3) divu    s3, a3, a4
core   0: 3 0x80008788 (0x02e6d9b3) x19 0x01ac710b
core   0: 0x8000878c (0x00000013) nop
core   0: 3 0x8000878c (0x00000013)
core   0: 0x80008790 (0x000b9393) slli    t2, s7, 0
core   0: 3 0x80008790 (0x000b9393) x 7 0x00000010
core   0: 0x80008794 (0x030a91b3) mulh    gp, s5, a6
core   0: 3 0x80008794 (0x030a91b3) x 3 0x00000000
core   0: 0x80008798 (0x02a548b3) div     a7, a0, a0
core   0: 3 0x80008798 (0x02a548b3) x17 0xffffffff
core   0: 0x8000879c (0x00483b33) sltu    s6, a6, tp
core   0: 3 0x8000879c (0x00483b33) x22 0x00000000
core   0: 0x800087a0 (0x04117663) bgeu    sp, ra, pc + 76
core   0: 3 0x800087a0 (0x04117663)
core   0: 0x800087a4 (0x04fc6063) bltu    s8, a5, pc + 64
core   0: 3 0x800087a4 (0x04fc6063)
core   0: 0x800087e4 (0x00576863) bltu    a4, t0, pc + 16
core   0: 3 0x800087e4 (0x00576863)
core   0: 0x800087f4 (0x09454617) auipc   a2, 0x9454
core   0: 3 0x800087f4 (0x09454617) x12 0x8945c7f4
core   0: 0x800087f8 (0x03707633) remu    a2, zero, s7
core   0: 3 0x800087f8 (0x03707633) x12 0x00000000
core   0: 0x800087fc (0x01929d93) slli    s11, t0, 25
core   0: 3 0x800087fc (0x01929d93) x27 0x38000000
core   0: 0x80008800 (0x00003317) auipc   t1, 0x3
core   0: 3 0x80008800 (0x00003317) x 6 0x8000b800
core   0: 0x80008804 (0x9e030313) addi    t1, t1, -1568
core   0: 3 0x80008804 (0x9e030313) x 6 0x8000b1e0
core   0: 0x80008808 (0x02c5e233) rem     tp, a1, a2
core   0: 3 0x80008808 (0x02c5e233) x 4 0x00000000
core   0: 0x8000880c (0xb5f3f393) andi    t2, t2, -1185
core   0: 3 0x8000880c (0xb5f3f393) x 7 0x00000010
core   0: 0x80008810 (0x03193a33) mulhu   s4, s2, a7
core   0: 3 0x80008810 (0x03193a33) x20 0x00000000
core   0: 0x80008814 (0x012545b3) xor     a1, a0, s2
core   0: 3 0x80008814 (0x012545b3) x11 0x00000001
core   0: 0x80008818 (0x41305413) srai    s0, zero, 19
core   0: 3 0x80008818 (0x41305413) x 8 0x00000000
core   0: 0x8000881c (0x019aac33) slt     s8, s5, s9
core   0: 3 0x8000881c (0x019aac33) x24 0x00000001
core   0: 0x80008820 (0x00a0b033) sltu    zero, ra, a0
core   0: 3 0x80008820 (0x00a0b033)
core   0: 0x80008824 (0x0016f733) and     a4, a3, ra
core   0: 3 0x80008824 (0x0016f733) x14 0x94000000
core   0: 0x80008828 (0x28130313) addi    t1, t1, 641
core   0: 3 0x80008828 (0x28130313) x 6 0x8000b461
core   0: 0x8000882c (0x41395193) srai    gp, s2, 19
core   0: 3 0x8000882c (0x41395193) x 3 0x00000000
core   0: 0x80008830 (0x01ad0463) beq     s10, s10, pc + 8
core   0: 3 0x80008830 (0x01ad0463)
core   0: 0x80008838 (0xd8030267) jalr    tp, t1, -640
core   0: 3 0x80008838 (0xd8030267) x 4 0x8000883c
core   0: 0x8000b1e0 (0x01d818b3) sll     a7, a6, t4
core   0: 3 0x8000b1e0 (0x01d818b3) x17 0xfffffffe
core   0: 0x8000b1e4 (0x033c04b3) mul     s1, s8, s3
core   0: 3 0x8000b1e4 (0x033c04b3) x 9 0x01ac710b
core   0: 0x8000b1e8 (0xfc078793) addi    a5, a5, -64
core   0: 3 0x8000b1e8 (0xfc078793) x15 0x80025e24
core   0: 0x8000b1ec (0x0027ecb3) or      s9, a5, sp
core   0: 3 0x8000b1ec (0x0027ecb3) x25 0x84bede24
core   0: 0x8000b1f0 (0x0047a223) sw      tp, 4(a5)
core   0: 3 0x8000b1f0 (0x0047a223) mem 0x80025e28 0x8000883c
core   0: 0x8000b1f4 (0x012cd333) srl     t1, s9, s2
core   0: 3 0x8000b1f4 (0x012cd333) x 6 0x425f6f12
core   0: 0x8000b1f8 (0x00500613) li      a2, 5
core   0: 3 0x8000b1f8 (0x00500613) x12 0x00000005
core   0: 0x8000b1fc (0x00000013) nop
core   0: 3 0x8000b1fc (0x00000013)
core   0: 0x8000b200 (0x01ae3b33) sltu    s6, t3, s10
core   0: 3 0x8000b200 (0x01ae3b33) x22 0x00000001
core   0: 0x8000b204 (0x03970833) mul     a6, a4, s9
core   0: 3 0x8000b204 (0x03970833) x16 0xd0000000
core   0: 0x8000b208 (0x00d378b3) and     a7, t1, a3
core   0: 3 0x8000b208 (0x00d378b3) x17 0x42180502
core   0: 0x8000b20c (0x00c35513) srli    a0, t1, 12
core   0: 3 0x8000b20c (0x00c35513) x10 0x000425f6
core   0: 0x8000b210 (0x00753333) sltu    t1, a0, t2
core   0: 3 0x8000b210 (0x00753333) x 6 0x00000000
core   0: 0x8000b214 (0x42fb2213) slti    tp, s6, 1071
core   0: 3 0x8000b214 (0x42fb2213) x 4 0x00000001
core   0: 0x8000b218 (0x4119da33) sra     s4, s3, a7
core   0: 3 0x8000b218 (0x4119da33) x20 0x006b1c42
core   0: 0x8000b21c (0x02beefb3) rem     t6, t4, a1
core   0: 3 0x8000b21c (0x02beefb3) x31 0x00000000
core   0: 0x8000b220 (0x02f3eb33) rem     s6, t2, a5
core   0: 3 0x8000b220 (0x02f3eb33) x22 0x00000010
core   0: 0x8000b224 (0x00e39c33) sll     s8, t2, a4
core   0: 3 0x8000b224 (0x00e39c33) x24 0x00000010
core   0: 0x8000b228 (0xe252e593) ori     a1, t0, -475
core   0: 3 0x8000b228 (0xe252e593) x11 0xffffffbd
core   0: 0x8000b22c (0x01000d93) li      s11, 16
core   0: 3 0x8000b22c (0x01000d93) x27 0x00000010
core   0: 0x8000b230 (0x03c7b5b3) mulhu   a1, a5, t3
core   0: 3 0x8000b230 (0x03c7b5b3) x11 0x72125c25
core   0: 0x8000b234 (0x0203dd33) divu    s10, t2, zero
core   0: 3 0x8000b234 (0x0203dd33) x26 0xffffffff
core   0: 0x8000b238 (0x44b725b7) lui     a1, 0x44b72
core   0: 3 0x8000b238 (0x44b725b7) x11 0x44b72000
core   0: 0x8000b23c (0x02c74cb3) div     s9, a4, a2
core   0: 3 0x8000b23c (0x02c74cb3) x25 0xea666667
core   0: 0x8000b240 (0x00460613) addi    a2, a2, 4
core   0: 3 0x8000b240 (0x00460613) x12 0x00000009
core   0: 0x8000b244 (0xe3e28413) addi    s0, t0, -450
core   0: 3 0x8000b244 (0xe3e28413) x 8 0x7ffd9fda
core   0: 0x8000b248 (0x012d0233) add     tp, s10, s2
core   0: 3 0x8000b248 (0x012d0233) x 4 0x00000000
core   0: 0x8000b24c (0x02bfa933) mulhsu  s2, t6, a1
core   0: 3 0x8000b24c (0x02bfa933) x18 0x00000000
core   0: 0x8000b250 (0x00000013) nop
core   0: 3 0x8000b250 (0x00000013)
core   0: 0x8000b254 (0x419cd3b3) sra     t2, s9, s9
core   0: 3 0x8000b254 (0x419cd3b3) x 7 0xffd4cccc
core   0: 0x8000b258 (0x01d89813) slli    a6, a7, 29
core   0: 3 0x8000b258 (0x01d89813) x16 0x40000000
core   0: 0x8000b25c (0x3bc46e13) ori     t3, s0, 956
core   0: 3 0x8000b25c (0x3bc46e13) x28 0x7ffd9ffe
core   0: 0x8000b260 (0xfdb64ce3) blt     a2, s11, pc - 40
core   0: 3 0x8000b260 (0xfdb64ce3)
core   0: 0x8000b238 (0x44b725b7) lui     a1, 0x44b72
core   0: 3 0x8000b238 (0x44b725b7) x11 0x44b72000
core   0: 0x8000b23c (0x02c74cb3) div     s9, a4, a2
core   0: 3 0x8000b23c (0x02c74cb3) x25 0xf4000000
core   0: 0x8000b240 (0x00460613) addi    a2, a2, 4
core   0: 3 0x8000b240 (0x00460613) x12 0x0000000d
core   0: 0x8000b244 (0xe3e28413) addi    s0, t0, -450
core   0: 3 0x8000b244 (0xe3e28413) x 8 0x7ffd9fda
core   0: 0x8000b248 (0x012d0233) add     tp, s10, s2
core   0: 3 0x8000b248 (0x012d0233) x 4 0xffffffff
core   0: 0x8000b24c (0x02bfa933) mulhsu  s2, t6, a1
core   0: 3 0x8000b24c (0x02bfa933) x18 0x00000000
core   0: 0x8000b250 (0x00000013) nop
core   0: 3 0x8000b250 (0x00000013)
core   0: 0x8000b254 (0x419cd3b3) sra     t2, s9, s9
core   0: 3 0x8000b254 (0x419cd3b3) x 7 0xf4000000
core   0: 0x8000b258 (0x01d89813) slli    a6, a7, 29
core   0: 3 0x8000b258 (0x01d89813) x16 0x40000000
core   0: 0x8000b25c (0x3bc46e13) ori     t3, s0, 956
core   0: 3 0x8000b25c (0x3bc46e13) x28 0x7ffd9ffe
core   0: 0x8000b260 (0xfdb64ce3) blt     a2, s11, pc - 40
core   0: 3 0x8000b260 (0xfdb64ce3)
core   0: 0x8000b238 (0x44b725b7) lui     a1, 0x44b72
core   0: 3 0x8000b238 (0x44b725b7) x11 0x44b72000
core   0: 0x8000b23c (0x02c74cb3) div     s9, a4, a2
core   0: 3 0x8000b23c (0x02c74cb3) x25 0xf7b13b14
core   0: 0x8000b240 (0x00460613) addi    a2, a2, 4
core   0: 3 0x8000b240 (0x00460613) x12 0x00000011
core   0: 0x8000b244 (0xe3e28413) addi    s0, t0, -450
core   0: 3 0x8000b244 (0xe3e28413) x 8 0x7ffd9fda
core   0: 0x8000b248 (0x012d0233) add     tp, s10, s2
core   0: 3 0x8000b248 (0x012d0233) x 4 0xffffffff
core   0: 0x8000b24c (0x02bfa933) mulhsu  s2, t6, a1
core   0: 3 0x8000b24c (0x02bfa933) x18 0x00000000
core   0: 0x8000b250 (0x00000013) nop
core   0: 3 0x8000b250 (0x00000013)
core   0: 0x8000b254 (0x419cd3b3) sra     t2, s9, s9
core   0: 3 0x8000b254 (0x419cd3b3) x 7 0xffffff7b
core   0: 0x8000b258 (0x01d89813) slli    a6, a7, 29
core   0: 3 0x8000b258 (0x01d89813) x16 0x40000000
core   0: 0x8000b25c (0x3bc46e13) ori     t3, s0, 956
core   0: 3 0x8000b25c (0x3bc46e13) x28 0x7ffd9ffe
core   0: 0x8000b260 (0xfdb64ce3) blt     a2, s11, pc - 40
core   0: 3 0x8000b260 (0xfdb64ce3)
core   0: 0x8000b264 (0x066a1eb7) lui     t4, 0x66a1
core   0: 3 0x8000b264 (0x066a1eb7) x29 0x066a1000
core   0: 0x8000b268 (0x00a00413) li      s0, 10
core   0: 3 0x8000b268 (0x00a00413) x 8 0x0000000a
core   0: 0x8000b26c (0x013a22b3) slt     t0, s4, s3
core   0: 3 0x8000b26c (0x013a22b3) x 5 0x00000001
core   0: 0x8000b270 (0x8160e613) ori     a2, ra, -2026
core   0: 3 0x8000b270 (0x8160e613) x12 0xfffff816
core   0: 0x8000b274 (0x0188e6b3) or      a3, a7, s8
core   0: 3 0x8000b274 (0x0188e6b3) x13 0x42180512
core   0: 0x8000b278 (0x00a00913) li      s2, 10
core   0: 3 0x8000b278 (0x00a00913) x18 0x0000000a
core   0: 0x8000b27c (0x546b16b7) lui     a3, 0x546b1
core   0: 3 0x8000b27c (0x546b16b7) x13 0x546b1000
core   0: 0x8000b280 (0x1ac47c93) andi    s9, s0, 428
core   0: 3 0x8000b280 (0x1ac47c93) x25 0x00000008
core   0: 0x8000b284 (0xd7eceb93) ori     s7, s9, -642
core   0: 3 0x8000b284 (0xd7eceb93) x23 0xfffffd7e
core   0: 0x8000b288 (0xff740413) addi    s0, s0, -9
core   0: 3 0x8000b288 (0xff740413) x 8 0x00000001
core   0: 0x8000b28c (0xff800593) li      a1, -8
core   0: 3 0x8000b28c (0xff800593) x11 0xfffffff8
core   0: 0x8000b290 (0xa852fa13) andi    s4, t0, -1403
core   0: 3 0x8000b290 (0xa852fa13) x20 0x00000001
core   0: 0x8000b294 (0x00f00113) li      sp, 15
core   0: 3 0x8000b294 (0x00f00113) x 2 0x0000000f
core   0: 0x8000b298 (0x87eeab13) slti    s6, t4, -1922
core   0: 3 0x8000b298 (0x87eeab13) x22 0x00000000
core   0: 0x8000b29c (0x00000013) nop
core   0: 3 0x8000b29c (0x00000013)
core   0: 0x8000b2a0 (0x023b18b3) mulh    a7, s6, gp
core   0: 3 0x8000b2a0 (0x023b18b3) x17 0x00000000
core   0: 0x8000b2a4 (0x40edda33) sra     s4, s11, a4
core   0: 3 0x8000b2a4 (0x40edda33) x20 0x00000010
core   0: 0x8000b2a8 (0x026c31b3) mulhu   gp, s8, t1
core   0: 3 0x8000b2a8 (0x026c31b3) x 3 0x00000000
core   0: 0x8000b2ac (0x00b5f1b3) and     gp, a1, a1
core   0: 3 0x8000b2ac (0x00b5f1b3) x 3 0xfffffff8
core   0: 0x8000b2b0 (0xb5023613) sltiu   a2, tp, -1200
core   0: 3 0x8000b2b0 (0xb5023613) x12 0x00000000
core   0: 0x8000b2b4 (0x021a3033) mulhu   zero, s4, ra
core   0: 3 0x8000b2b4 (0x021a3033)
core   0: 0x8000b2b8 (0x00658593) addi    a1, a1, 6
core   0: 3 0x8000b2b8 (0x00658593) x11 0xfffffffe
core   0: 0x8000b2bc (0x0026e533) or      a0, a3, sp
core   0: 3 0x8000b2bc (0x0026e533) x10 0x546b100f
core   0: 0x8000b2c0 (0xfe25c4e3) blt     a1, sp, pc - 24
core   0: 3 0x8000b2c0 (0xfe25c4e3)
core   0: 0x8000b2a8 (0x026c31b3) mulhu   gp, s8, t1
core   0: 3 0x8000b2a8 (0x026c31b3) x 3 0x00000000
core   0: 0x8000b2ac (0x00b5f1b3) and     gp, a1, a1
core   0: 3 0x8000b2ac (0x00b5f1b3) x 3 0xfffffffe
core   0: 0x8000b2b0 (0xb5023613) sltiu   a2, tp, -1200
core   0: 3 0x8000b2b0 (0xb5023613) x12 0x00000000
core   0: 0x8000b2b4 (0x021a3033) mulhu   zero, s4, ra
core   0: 3 0x8000b2b4 (0x021a3033)
core   0: 0x8000b2b8 (0x00658593) addi    a1, a1, 6
core   0: 3 0x8000b2b8 (0x00658593) x11 0x00000004
core   0: 0x8000b2bc (0x0026e533) or      a0, a3, sp
core   0: 3 0x8000b2bc (0x0026e533) x10 0x546b100f
core   0: 0x8000b2c0 (0xfe25c4e3) blt     a1, sp, pc - 24
core   0: 3 0x8000b2c0 (0xfe25c4e3)
core   0: 0x8000b2a8 (0x026c31b3) mulhu   gp, s8, t1
core   0: 3 0x8000b2a8 (0x026c31b3) x 3 0x00000000
core   0: 0x8000b2ac (0x00b5f1b3) and     gp, a1, a1
core   0: 3 0x8000b2ac (0x00b5f1b3) x 3 0x00000004
core   0: 0x8000b2b0 (0xb5023613) sltiu   a2, tp, -1200
core   0: 3 0x8000b2b0 (0xb5023613) x12 0x00000000
core   0: 0x8000b2b4 (0x021a3033) mulhu   zero, s4, ra
core   0: 3 0x8000b2b4 (0x021a3033)
core   0: 0x8000b2b8 (0x00658593) addi    a1, a1, 6
core   0: 3 0x8000b2b8 (0x00658593) x11 0x0000000a
core   0: 0x8000b2bc (0x0026e533) or      a0, a3, sp
core   0: 3 0x8000b2bc (0x0026e533) x10 0x546b100f
core   0: 0x8000b2c0 (0xfe25c4e3) blt     a1, sp, pc - 24
core   0: 3 0x8000b2c0 (0xfe25c4e3)
core   0: 0x8000b2a8 (0x026c31b3) mulhu   gp, s8, t1
core   0: 3 0x8000b2a8 (0x026c31b3) x 3 0x00000000
core   0: 0x8000b2ac (0x00b5f1b3) and     gp, a1, a1
core   0: 3 0x8000b2ac (0x00b5f1b3) x 3 0x0000000a
core   0: 0x8000b2b0 (0xb5023613) sltiu   a2, tp, -1200
core   0: 3 0x8000b2b0 (0xb5023613) x12 0x00000000
core   0: 0x8000b2b4 (0x021a3033) mulhu   zero, s4, ra
core   0: 3 0x8000b2b4 (0x021a3033)
core   0: 0x8000b2b8 (0x00658593) addi    a1, a1, 6
core   0: 3 0x8000b2b8 (0x00658593) x11 0x00000010
core   0: 0x8000b2bc (0x0026e533) or      a0, a3, sp
core   0: 3 0x8000b2bc (0x0026e533) x10 0x546b100f
core   0: 0x8000b2c0 (0xfe25c4e3) blt     a1, sp, pc - 24
core   0: 3 0x8000b2c0 (0xfe25c4e3)
core   0: 0x8000b2c4 (0x00c1f4b3) and     s1, gp, a2
core   0: 3 0x8000b2c4 (0x00c1f4b3) x 9 0x00000000
core   0: 0x8000b2c8 (0xf02f6513) ori     a0, t5, -254
core   0: 3 0x8000b2c8 (0xf02f6513) x10 0xffffff02
core   0: 0x8000b2cc (0x40b1d493) srai    s1, gp, 11
core   0: 3 0x8000b2cc (0x40b1d493) x 9 0x00000000
core   0: 0x8000b2d0 (0x00000013) nop
core   0: 3 0x8000b2d0 (0x00000013)
core   0: 0x8000b2d4 (0x409782b3) sub     t0, a5, s1
core   0: 3 0x8000b2d4 (0x409782b3) x 5 0x80025e24
core   0: 0x8000b2d8 (0xfb2474e3) bgeu    s0, s2, pc - 88
core   0: 3 0x8000b2d8 (0xfb2474e3)
core   0: 0x8000b2dc (0x40f5eb13) ori     s6, a1, 1039
core   0: 3 0x8000b2dc (0x40f5eb13) x22 0x0000041f
core   0: 0x8000b2e0 (0xff700713) li      a4, -9
core   0: 3 0x8000b2e0 (0xff700713) x14 0xfffffff7
core   0: 0x8000b2e4 (0xfef00213) li      tp, -17
core   0: 3 0x8000b2e4 (0xfef00213) x 4 0xffffffef
core   0: 0x8000b2e8 (0x02e8ab33) mulhsu  s6, a7, a4
core   0: 3 0x8000b2e8 (0x02e8ab33) x22 0x00000000
core   0: 0x8000b2ec (0x25a4c493) xori    s1, s1, 602
core   0: 3 0x8000b2ec (0x25a4c493) x 9 0x0000025a
core   0: 0x8000b2f0 (0x0113de33) srl     t3, t2, a7
core   0: 3 0x8000b2f0 (0x0113de33) x28 0xffffff7b
core   0: 0x8000b2f4 (0xffe70713) addi    a4, a4, -2
core   0: 3 0x8000b2f4 (0xffe70713) x14 0xfffffff5
core   0: 0x8000b2f8 (0xe031f8b7) lui     a7, 0xe031f
core   0: 3 0x8000b2f8 (0xe031f8b7) x17 0xe031f000
core   0: 0x8000b2fc (0x9f310197) auipc   gp, 0x9f310
core   0: 3 0x8000b2fc (0x9f310197) x 3 0x1f31b2fc
core   0: 0x8000b300 (0x00600613) li      a2, 6
core   0: 3 0x8000b300 (0x00600613) x12 0x00000006
core   0: 0x8000b304 (0x00500813) li      a6, 5
core   0: 3 0x8000b304 (0x00500813) x16 0x00000005
core   0: 0x8000b308 (0x75edc693) xori    a3, s11, 1886
core   0: 3 0x8000b308 (0x75edc693) x13 0x0000074e
core   0: 0x8000b30c (0x036206b3) mul     a3, tp, s6
core   0: 3 0x8000b30c (0x036206b3) x13 0x00000000
core   0: 0x8000b310 (0x01055b33) srl     s6, a0, a6
core   0: 3 0x8000b310 (0x01055b33) x22 0x07fffff8
core   0: 0x8000b314 (0xffe60613) addi    a2, a2, -2
core   0: 3 0x8000b314 (0xffe60613) x12 0x00000004
core   0: 0x8000b318 (0xff0678e3) bgeu    a2, a6, pc - 16
core   0: 3 0x8000b318 (0xff0678e3)
core   0: 0x8000b31c (0x0c754d13) xori    s10, a0, 199
core   0: 3 0x8000b31c (0x0c754d13) x26 0xffffffc5
core   0: 0x8000b320 (0xfc4716e3) bne     a4, tp, pc - 52
core   0: 3 0x8000b320 (0xfc4716e3)
core   0: 0x8000b2ec (0x25a4c493) xori    s1, s1, 602
core   0: 3 0x8000b2ec (0x25a4c493) x 9 0x00000000
core   0: 0x8000b2f0 (0x0113de33) srl     t3, t2, a7
core   0: 3 0x8000b2f0 (0x0113de33) x28 0xffffff7b
core   0: 0x8000b2f4 (0xffe70713) addi    a4, a4, -2
core   0: 3 0x8000b2f4 (0xffe70713) x14 0xfffffff3
core   0: 0x8000b2f8 (0xe031f8b7) lui     a7, 0xe031f
core   0: 3 0x8000b2f8 (0xe031f8b7) x17 0xe031f000
core   0: 0x8000b2fc (0x9f310197) auipc   gp, 0x9f310
core   0: 3 0x8000b2fc (0x9f310197) x 3 0x1f31b2fc
core   0: 0x8000b300 (0x00600613) li      a2, 6
core   0: 3 0x8000b300 (0x00600613) x12 0x00000006
core   0: 0x8000b304 (0x00500813) li      a6, 5
core   0: 3 0x8000b304 (0x00500813) x16 0x00000005
core   0: 0x8000b308 (0x75edc693) xori    a3, s11, 1886
core   0: 3 0x8000b308 (0x75edc693) x13 0x0000074e
core   0: 0x8000b30c (0x036206b3) mul     a3, tp, s6
core   0: 3 0x8000b30c (0x036206b3) x13 0x78000088
core   0: 0x8000b310 (0x01055b33) srl     s6, a0, a6
core   0: 3 0x8000b310 (0x01055b33) x22 0x07fffff8
core   0: 0x8000b314 (0xffe60613) addi    a2, a2, -2
core   0: 3 0x8000b314 (0xffe60613) x12 0x00000004
core   0: 0x8000b318 (0xff0678e3) bgeu    a2, a6, pc - 16
core   0: 3 0x8000b318 (0xff0678e3)
core   0: 0x8000b31c (0x0c754d13) xori    s10, a0, 199
core   0: 3 0x8000b31c (0x0c754d13) x26 0xffffffc5
core   0: 0x8000b320 (0xfc4716e3) bne     a4, tp, pc - 52
core   0: 3 0x8000b320 (0xfc4716e3)
core   0: 0x8000b2ec (0x25a4c493) xori    s1, s1, 602
core   0: 3 0x8000b2ec (0x25a4c493) x 9 0x0000025a
core   0: 0x8000b2f0 (0x0113de33) srl     t3, t2, a7
core   0: 3 0x8000b2f0 (0x0113de33) x28 0xffffff7b
core   0: 0x8000b2f4 (0xffe70713) addi    a4, a4, -2
core   0: 3 0x8000b2f4 (0xffe70713) x14 0xfffffff1
core   0: 0x8000b2f8 (0xe031f8b7) lui     a7, 0xe031f
core   0: 3 0x8000b2f8 (0xe031f8b7) x17 0xe031f000
core   0: 0x8000b2fc (0x9f310197) auipc   gp, 0x9f310
core   0: 3 0x8000b2fc (0x9f310197) x 3 0x1f31b2fc
core   0: 0x8000b300 (0x00600613) li      a2, 6
core   0: 3 0x8000b300 (0x00600613) x12 0x00000006
core   0: 0x8000b304 (0x00500813) li      a6, 5
core   0: 3 0x8000b304 (0x00500813) x16 0x00000005
core   0: 0x8000b308 (0x75edc693) xori    a3, s11, 1886
core   0: 3 0x8000b308 (0x75edc693) x13 0x0000074e
core   0: 0x8000b30c (0x036206b3) mul     a3, tp, s6
core   0: 3 0x8000b30c (0x036206b3) x13 0x78000088
core   0: 0x8000b310 (0x01055b33) srl     s6, a0, a6
core   0: 3 0x8000b310 (0x01055b33) x22 0x07fffff8
core   0: 0x8000b314 (0xffe60613) addi    a2, a2, -2
core   0: 3 0x8000b314 (0xffe60613) x12 0x00000004
core   0: 0x8000b318 (0xff0678e3) bgeu    a2, a6, pc - 16
core   0: 3 0x8000b318 (0xff0678e3)
core   0: 0x8000b31c (0x0c754d13) xori    s10, a0, 199
core   0: 3 0x8000b31c (0x0c754d13) x26 0xffffffc5
core   0: 0x8000b320 (0xfc4716e3) bne     a4, tp, pc - 52
core   0: 3 0x8000b320 (0xfc4716e3)
core   0: 0x8000b2ec (0x25a4c493) xori    s1, s1, 602
core   0: 3 0x8000b2ec (0x25a4c493) x 9 0x00000000
core   0: 0x8000b2f0 (0x0113de33) srl     t3, t2, a7
core   0: 3 0x8000b2f0 (0x0113de33) x28 0xffffff7b
core   0: 0x8000b2f4 (0xffe70713) addi    a4, a4, -2
core   0: 3 0x8000b2f4 (0xffe70713) x14 0xffffffef
core   0: 0x8000b2f8 (0xe031f8b7) lui     a7, 0xe031f
core   0: 3 0x8000b2f8 (0xe031f8b7) x17 0xe031f000
core   0: 0x8000b2fc (0x9f310197) auipc   gp, 0x9f310
core   0: 3 0x8000b2fc (0x9f310197) x 3 0x1f31b2fc
core   0: 0x8000b300 (0x00600613) li      a2, 6
core   0: 3 0x8000b300 (0x00600613) x12 0x00000006
core   0: 0x8000b304 (0x00500813) li      a6, 5
core   0: 3 0x8000b304 (0x00500813) x16 0x00000005
core   0: 0x8000b308 (0x75edc693) xori    a3, s11, 1886
core   0: 3 0x8000b308 (0x75edc693) x13 0x0000074e
core   0: 0x8000b30c (0x036206b3) mul     a3, tp, s6
core   0: 3 0x8000b30c (0x036206b3) x13 0x78000088
core   0: 0x8000b310 (0x01055b33) srl     s6, a0, a6
core   0: 3 0x8000b310 (0x01055b33) x22 0x07fffff8
core   0: 0x8000b314 (0xffe60613) addi    a2, a2, -2
core   0: 3 0x8000b314 (0xffe60613) x12 0x00000004
core   0: 0x8000b318 (0xff0678e3) bgeu    a2, a6, pc - 16
core   0: 3 0x8000b318 (0xff0678e3)
core   0: 0x8000b31c (0x0c754d13) xori    s10, a0, 199
core   0: 3 0x8000b31c (0x0c754d13) x26 0xffffffc5
core   0: 0x8000b320 (0xfc4716e3) bne     a4, tp, pc - 52
core   0: 3 0x8000b320 (0xfc4716e3)
core   0: 0x8000b324 (0x00000013) nop
core   0: 3 0x8000b324 (0x00000013)
core   0: 0x8000b328 (0xff900513) li      a0, -7
core   0: 3 0x8000b328 (0xff900513) x10 0xfffffff9
core   0: 0x8000b32c (0x09f6a393) slti    t2, a3, 159
core   0: 3 0x8000b32c (0x09f6a393) x 7 0x00000000
core   0: 0x8000b330 (0xb5ef0413) addi    s0, t5, -1186
core   0: 3 0x8000b330 (0xb5ef0413) x 8 0xfffffb5e
core   0: 0x8000b334 (0x41eb5c33) sra     s8, s6, t5
core   0: 3 0x8000b334 (0x41eb5c33) x24 0x07fffff8
core   0: 0x8000b338 (0x1f538813) addi    a6, t2, 501
core   0: 3 0x8000b338 (0x1f538813) x16 0x000001f5
core   0: 0x8000b33c (0x00d3b6b3) sltu    a3, t2, a3
core   0: 3 0x8000b33c (0x00d3b6b3) x13 0x00000001
core   0: 0x8000b340 (0x03babe33) mulhu   t3, s5, s11
core   0: 3 0x8000b340 (0x03babe33) x28 0x00000008
core   0: 0x8000b344 (0x2f902013) slti    zero, zero, 761
core   0: 3 0x8000b344 (0x2f902013)
core   0: 0x8000b348 (0x4180d9b3) sra     s3, ra, s8
core   0: 3 0x8000b348 (0x4180d9b3) x19 0xffffffbc
core   0: 0x8000b34c (0xff500493) li      s1, -11
core   0: 3 0x8000b34c (0xff500493) x 9 0xfffffff5
core   0: 0x8000b350 (0x02c815b3) mulh    a1, a6, a2
core   0: 3 0x8000b350 (0x02c815b3) x11 0x00000000
core   0: 0x8000b354 (0x01dac733) xor     a4, s5, t4
core   0: 3 0x8000b354 (0x01dac733) x14 0x86688ce4
core   0: 0x8000b358 (0x00000013) nop
core   0: 3 0x8000b358 (0x00000013)
core   0: 0x8000b35c (0x00085633) srl     a2, a6, zero
core   0: 3 0x8000b35c (0x00085633) x12 0x000001f5
core   0: 0x8000b360 (0xfff50513) addi    a0, a0, -1
core   0: 3 0x8000b360 (0xfff50513) x10 0xfffffff8
core   0: 0x8000b364 (0x030af433) remu    s0, s5, a6
core   0: 3 0x8000b364 (0x030af433) x 8 0x00000094
core   0: 0x8000b368 (0xfe9508e3) beq     a0, s1, pc - 16
core   0: 3 0x8000b368 (0xfe9508e3)
core   0: 0x8000b36c (0x03317733) remu    a4, sp, s3
core   0: 3 0x8000b36c (0x03317733) x14 0x0000000f
core   0: 0x8000b370 (0xfff00713) li      a4, -1
core   0: 3 0x8000b370 (0xfff00713) x14 0xffffffff
core   0: 0x8000b374 (0x00b00313) li      t1, 11
core   0: 3 0x8000b374 (0x00b00313) x 6 0x0000000b
core   0: 0x8000b378 (0x02a594b3) mulh    s1, a1, a0
core   0: 3 0x8000b378 (0x02a594b3) x 9 0x00000000
core   0: 0x8000b37c (0x038abe33) mulhu   t3, s5, s8
core   0: 3 0x8000b37c (0x038abe33) x28 0x040014e3
core   0: 0x8000b380 (0x00670713) addi    a4, a4, 6
core   0: 3 0x8000b380 (0x00670713) x14 0x00000005
core   0: 0x8000b384 (0xffe00413) li      s0, -2
core   0: 3 0x8000b384 (0xffe00413) x 8 0xfffffffe
core   0: 0x8000b388 (0x01200d13) li      s10, 18
core   0: 3 0x8000b388 (0x01200d13) x26 0x00000012
core   0: 0x8000b38c (0xe749cb37) lui     s6, 0xe749c
core   0: 3 0x8000b38c (0xe749cb37) x22 0xe749c000
core   0: 0x8000b390 (0x00240413) addi    s0, s0, 2
core   0: 3 0x8000b390 (0x00240413) x 8 0x00000000
core   0: 0x8000b394 (0xffa41ce3) bne     s0, s10, pc - 8
core   0: 3 0x8000b394 (0xffa41ce3)
core   0: 0x8000b38c (0xe749cb37) lui     s6, 0xe749c
core   0: 3 0x8000b38c (0xe749cb37) x22 0xe749c000
core   0: 0x8000b390 (0x00240413) addi    s0, s0, 2
core   0: 3 0x8000b390 (0x00240413) x 8 0x00000002
core   0: 0x8000b394 (0xffa41ce3) bne     s0, s10, pc - 8
core   0: 3 0x8000b394 (0xffa41ce3)
core   0: 0x8000b38c (0xe749cb37) lui     s6, 0xe749c
core   0: 3 0x8000b38c (0xe749cb37) x22 0xe749c000
core   0: 0x8000b390 (0x00240413) addi    s0, s0, 2
core   0: 3 0x8000b390 (0x00240413) x 8 0x00000004
core   0: 0x8000b394 (0xffa41ce3) bne     s0, s10, pc - 8
core   0: 3 0x8000b394 (0xffa41ce3)
core   0: 0x8000b38c (0xe749cb37) lui     s6, 0xe749c
core   0: 3 0x8000b38c (0xe749cb37) x22 0xe749c000
core   0: 0x8000b390 (0x00240413) addi    s0, s0, 2
core   0: 3 0x8000b390 (0x00240413) x 8 0x00000006
core   0: 0x8000b394 (0xffa41ce3) bne     s0, s10, pc - 8
core   0: 3 0x8000b394 (0xffa41ce3)
core   0: 0x8000b38c (0xe749cb37) lui     s6, 0xe749c
core   0: 3 0x8000b38c (0xe749cb37) x22 0xe749c000
core   0: 0x8000b390 (0x00240413) addi    s0, s0, 2
core   0: 3 0x8000b390 (0x00240413) x 8 0x00000008
core   0: 0x8000b394 (0xffa41ce3) bne     s0, s10, pc - 8
core   0: 3 0x8000b394 (0xffa41ce3)
core   0: 0x8000b38c (0xe749cb37) lui     s6, 0xe749c
core   0: 3 0x8000b38c (0xe749cb37) x22 0xe749c000
core   0: 0x8000b390 (0x00240413) addi    s0, s0, 2
core   0: 3 0x8000b390 (0x00240413) x 8 0x0000000a
core   0: 0x8000b394 (0xffa41ce3) bne     s0, s10, pc - 8
core   0: 3 0x8000b394 (0xffa41ce3)
core   0: 0x8000b38c (0xe749cb37) lui     s6, 0xe749c
core   0: 3 0x8000b38c (0xe749cb37) x22 0xe749c000
core   0: 0x8000b390 (0x00240413) addi    s0, s0, 2
core   0: 3 0x8000b390 (0x00240413) x 8 0x0000000c
core   0: 0x8000b394 (0xffa41ce3) bne     s0, s10, pc - 8
core   0: 3 0x8000b394 (0xffa41ce3)
core   0: 0x8000b38c (0xe749cb37) lui     s6, 0xe749c
core   0: 3 0x8000b38c (0xe749cb37) x22 0xe749c000
core   0: 0x8000b390 (0x00240413) addi    s0, s0, 2
core   0: 3 0x8000b390 (0x00240413) x 8 0x0000000e
core   0: 0x8000b394 (0xffa41ce3) bne     s0, s10, pc - 8
core   0: 3 0x8000b394 (0xffa41ce3)
core   0: 0x8000b38c (0xe749cb37) lui     s6, 0xe749c
core   0: 3 0x8000b38c (0xe749cb37) x22 0xe749c000
core   0: 0x8000b390 (0x00240413) addi    s0, s0, 2
core   0: 3 0x8000b390 (0x00240413) x 8 0x00000010
core   0: 0x8000b394 (0xffa41ce3) bne     s0, s10, pc - 8
core   0: 3 0x8000b394 (0xffa41ce3)
core   0: 0x8000b38c (0xe749cb37) lui     s6, 0xe749c
core   0: 3 0x8000b38c (0xe749cb37) x22 0xe749c000
core   0: 0x8000b390 (0x00240413) addi    s0, s0, 2
core   0: 3 0x8000b390 (0x00240413) x 8 0x00000012
core   0: 0x8000b394 (0xffa41ce3) bne     s0, s10, pc - 8
core   0: 3 0x8000b394 (0xffa41ce3)
core   0: 0x8000b398 (0xfe6760e3) bltu    a4, t1, pc - 32
core   0: 3 0x8000b398 (0xfe6760e3)
core   0: 0x8000b378 (0x02a594b3) mulh    s1, a1, a0
core   0: 3 0x8000b378 (0x02a594b3) x 9 0x00000000
core   0: 0x8000b37c (0x038abe33) mulhu   t3, s5, s8
core   0: 3 0x8000b37c (0x038abe33) x28 0x040014e3
core   0: 0x8000b380 (0x00670713) addi    a4, a4, 6
core   0: 3 0x8000b380 (0x00670713) x14 0x0000000b
core   0: 0x8000b384 (0xffe00413) li      s0, -2
core   0: 3 0x8000b384 (0xffe00413) x 8 0xfffffffe
core   0: 0x8000b388 (0x01200d13) li      s10, 18
core   0: 3 0x8000b388 (0x01200d13) x26 0x00000012
core   0: 0x8000b38c (0xe749cb37) lui     s6, 0xe749c
core   0: 3 0x8000b38c (0xe749cb37) x22 0xe749c000
core   0: 0x8000b390 (0x00240413) addi    s0, s0, 2
core   0: 3 0x8000b390 (0x00240413) x 8 0x00000000
core   0: 0x8000b394 (0xffa41ce3) bne     s0, s10, pc - 8
core   0: 3 0x8000b394 (0xffa41ce3)
core   0: 0x8000b38c (0xe749cb37) lui     s6, 0xe749c
core   0: 3 0x8000b38c (0xe749cb37) x22 0xe749c000
core   0: 0x8000b390 (0x00240413) addi    s0, s0, 2
core   0: 3 0x8000b390 (0x00240413) x 8 0x00000002
core   0: 0x8000b394 (0xffa41ce3) bne     s0, s10, pc - 8
core   0: 3 0x8000b394 (0xffa41ce3)
core   0: 0x8000b38c (0xe749cb37) lui     s6, 0xe749c
core   0: 3 0x8000b38c (0xe749cb37) x22 0xe749c000
core   0: 0x8000b390 (0x00240413) addi    s0, s0, 2
core   0: 3 0x8000b390 (0x00240413) x 8 0x00000004
core   0: 0x8000b394 (0xffa41ce3) bne     s0, s10, pc - 8
core   0: 3 0x8000b394 (0xffa41ce3)
core   0: 0x8000b38c (0xe749cb37) lui     s6, 0xe749c
core   0: 3 0x8000b38c (0xe749cb37) x22 0xe749c000
core   0: 0x8000b390 (0x00240413) addi    s0, s0, 2
core   0: 3 0x8000b390 (0x00240413) x 8 0x00000006
core   0: 0x8000b394 (0xffa41ce3) bne     s0, s10, pc - 8
core   0: 3 0x8000b394 (0xffa41ce3)
core   0: 0x8000b38c (0xe749cb37) lui     s6, 0xe749c
core   0: 3 0x8000b38c (0xe749cb37) x22 0xe749c000
core   0: 0x8000b390 (0x00240413) addi    s0, s0, 2
core   0: 3 0x8000b390 (0x00240413) x 8 0x00000008
core   0: 0x8000b394 (0xffa41ce3) bne     s0, s10, pc - 8
core   0: 3 0x8000b394 (0xffa41ce3)
core   0: 0x8000b38c (0xe749cb37) lui     s6, 0xe749c
core   0: 3 0x8000b38c (0xe749cb37) x22 0xe749c000
core   0: 0x8000b390 (0x00240413) addi    s0, s0, 2
core   0: 3 0x8000b390 (0x00240413) x 8 0x0000000a
core   0: 0x8000b394 (0xffa41ce3) bne     s0, s10, pc - 8
core   0: 3 0x8000b394 (0xffa41ce3)
core   0: 0x8000b38c (0xe749cb37) lui     s6, 0xe749c
core   0: 3 0x8000b38c (0xe749cb37) x22 0xe749c000
core   0: 0x8000b390 (0x00240413) addi    s0, s0, 2
core   0: 3 0x8000b390 (0x00240413) x 8 0x0000000c
core   0: 0x8000b394 (0xffa41ce3) bne     s0, s10, pc - 8
core   0: 3 0x8000b394 (0xffa41ce3)
core   0: 0x8000b38c (0xe749cb37) lui     s6, 0xe749c
core   0: 3 0x8000b38c (0xe749cb37) x22 0xe749c000
core   0: 0x8000b390 (0x00240413) addi    s0, s0, 2
core   0: 3 0x8000b390 (0x00240413) x 8 0x0000000e
core   0: 0x8000b394 (0xffa41ce3) bne     s0, s10, pc - 8
core   0: 3 0x8000b394 (0xffa41ce3)
core   0: 0x8000b38c (0xe749cb37) lui     s6, 0xe749c
core   0: 3 0x8000b38c (0xe749cb37) x22 0xe749c000
core   0: 0x8000b390 (0x00240413) addi    s0, s0, 2
core   0: 3 0x8000b390 (0x00240413) x 8 0x00000010
core   0: 0x8000b394 (0xffa41ce3) bne     s0, s10, pc - 8
core   0: 3 0x8000b394 (0xffa41ce3)
core   0: 0x8000b38c (0xe749cb37) lui     s6, 0xe749c
core   0: 3 0x8000b38c (0xe749cb37) x22 0xe749c000
core   0: 0x8000b390 (0x00240413) addi    s0, s0, 2
core   0: 3 0x8000b390 (0x00240413) x 8 0x00000012
core   0: 0x8000b394 (0xffa41ce3) bne     s0, s10, pc - 8
core   0: 3 0x8000b394 (0xffa41ce3)
core   0: 0x8000b398 (0xfe6760e3) bltu    a4, t1, pc - 32
core   0: 3 0x8000b398 (0xfe6760e3)
core   0: 0x8000b39c (0x038258b3) divu    a7, tp, s8
core   0: 3 0x8000b39c (0x038258b3) x17 0x00000020
core   0: 0x8000b3a0 (0x00200093) li      ra, 2
core   0: 3 0x8000b3a0 (0x00200093) x 1 0x00000002
core   0: 0x8000b3a4 (0x03ef3733) mulhu   a4, t5, t5
core   0: 3 0x8000b3a4 (0x03ef3733) x14 0x00000000
core   0: 0x8000b3a8 (0x020b0133) mul     sp, s6, zero
core   0: 3 0x8000b3a8 (0x020b0133) x 2 0x00000000
core   0: 0x8000b3ac (0x403686b3) sub     a3, a3, gp
core   0: 3 0x8000b3ac (0x403686b3) x13 0xe0ce4d05
core   0: 0x8000b3b0 (0x00200e13) li      t3, 2
core   0: 3 0x8000b3b0 (0x00200e13) x28 0x00000002
core   0: 0x8000b3b4 (0x03807333) remu    t1, zero, s8
core   0: 3 0x8000b3b4 (0x03807333) x 6 0x00000000
core   0: 0x8000b3b8 (0x41d0de93) srai    t4, ra, 29
core   0: 3 0x8000b3b8 (0x41d0de93) x29 0x00000000
core   0: 0x8000b3bc (0x7f3f9997) auipc   s3, 0x7f3f9
core   0: 3 0x8000b3bc (0x7f3f9997) x19 0xff4043bc
core   0: 0x8000b3c0 (0x035f89b3) mul     s3, t6, s5
core   0: 3 0x8000b3c0 (0x035f89b3) x19 0x00000000
core   0: 0x8000b3c4 (0x009d0c33) add     s8, s10, s1
core   0: 3 0x8000b3c4 (0x009d0c33) x24 0x00000012
core   0: 0x8000b3c8 (0x00000013) nop
core   0: 3 0x8000b3c8 (0x00000013)
core   0: 0x8000b3cc (0x2898ea37) lui     s4, 0x2898e
core   0: 3 0x8000b3cc (0x2898ea37) x20 0x2898e000
core   0: 0x8000b3d0 (0x03c6ea33) rem     s4, a3, t3
core   0: 3 0x8000b3d0 (0x03c6ea33) x20 0xffffffff
core   0: 0x8000b3d4 (0x01d87a33) and     s4, a6, t4
core   0: 3 0x8000b3d4 (0x01d87a33) x20 0x00000000
core   0: 0x8000b3d8 (0x41ea88b3) sub     a7, s5, t5
core   0: 3 0x8000b3d8 (0x41ea88b3) x17 0x80029ce4
core   0: 0x8000b3dc (0xfff08093) addi    ra, ra, -1
core   0: 3 0x8000b3dc (0xfff08093) x 1 0x00000001
core   0: 0x8000b3e0 (0x03feabb3) mulhsu  s7, t4, t6
core   0: 3 0x8000b3e0 (0x03feabb3) x23 0x00000000
core   0: 0x8000b3e4 (0x0223c733) div     a4, t2, sp
core   0: 3 0x8000b3e4 (0x0223c733) x14 0xffffffff
core   0: 0x8000b3e8 (0x41badc93) srai    s9, s5, 27
core   0: 3 0x8000b3e8 (0x41badc93) x25 0xfffffff0
core   0: 0x8000b3ec (0x021ff333) remu    t1, t6, ra
core   0: 3 0x8000b3ec (0x021ff333) x 6 0x00000000
core   0: 0x8000b3f0 (0x00c6fbb3) and     s7, a3, a2
core   0: 3 0x8000b3f0 (0x00c6fbb3) x23 0x00000105
core   0: 0x8000b3f4 (0x019d3133) sltu    sp, s10, s9
core   0: 3 0x8000b3f4 (0x019d3133) x 2 0x00000001
core   0: 0x8000b3f8 (0x6f9f1717) auipc   a4, 0x6f9f1
core   0: 3 0x8000b3f8 (0x6f9f1717) x14 0xef9fc3f8
core   0: 0x8000b3fc (0xfdc0fce3) bgeu    ra, t3, pc - 40
core   0: 3 0x8000b3fc (0xfdc0fce3)
core   0: 0x8000b400 (0x00f36d33) or      s10, t1, a5
core   0: 3 0x8000b400 (0x00f36d33) x26 0x80025e24
core   0: 0x8000b404 (0x00a00713) li      a4, 10
core   0: 3 0x8000b404 (0x00a00713) x14 0x0000000a
core   0: 0x8000b408 (0x00379293) slli    t0, a5, 3
core   0: 3 0x8000b408 (0x00379293) x 5 0x0012f120
core   0: 0x8000b40c (0x00a00e93) li      t4, 10
core   0: 3 0x8000b40c (0x00a00e93) x29 0x0000000a
core   0: 0x8000b410 (0x00000013) nop
core   0: 3 0x8000b410 (0x00000013)
core   0: 0x8000b414 (0xff770713) addi    a4, a4, -9
core   0: 3 0x8000b414 (0xff770713) x14 0x00000001
core   0: 0x8000b418 (0xff800993) li      s3, -8
core   0: 3 0x8000b418 (0xff800993) x19 0xfffffff8
core   0: 0x8000b41c (0x0272acb3) mulhsu  s9, t0, t2
core   0: 3 0x8000b41c (0x0272acb3) x25 0x00000000
core   0: 0x8000b420 (0x01400513) li      a0, 20
core   0: 3 0x8000b420 (0x01400513) x10 0x00000014
core   0: 0x8000b424 (0x00cf22b3) slt     t0, t5, a2
core   0: 3 0x8000b424 (0x00cf22b3) x 5 0x00000001
core   0: 0x8000b428 (0x00198993) addi    s3, s3, 1
core   0: 3 0x8000b428 (0x00198993) x19 0xfffffff9
core   0: 0x8000b42c (0x00000013) nop
core   0: 3 0x8000b42c (0x00000013)
core   0: 0x8000b430 (0xfea99ae3) bne     s3, a0, pc - 12
core   0: 3 0x8000b430 (0xfea99ae3)
core   0: 0x8000b424 (0x00cf22b3) slt     t0, t5, a2
core   0: 3 0x8000b424 (0x00cf22b3) x 5 0x00000001
core   0: 0x8000b428 (0x00198993) addi    s3, s3, 1
core   0: 3 0x8000b428 (0x00198993) x19 0xfffffffa
core   0: 0x8000b42c (0x00000013) nop
core   0: 3 0x8000b42c (0x00000013)
core   0: 0x8000b430 (0xfea99ae3) bne     s3, a0, pc - 12
core   0: 3 0x8000b430 (0xfea99ae3)
core   0: 0x8000b424 (0x00cf22b3) slt     t0, t5, a2
core   0: 3 0x8000b424 (0x00cf22b3) x 5 0x00000001
core   0: 0x8000b428 (0x00198993) addi    s3, s3, 1
core   0: 3 0x8000b428 (0x00198993) x19 0xfffffffb
core   0: 0x8000b42c (0x00000013) nop
core   0: 3 0x8000b42c (0x00000013)
core   0: 0x8000b430 (0xfea99ae3) bne     s3, a0, pc - 12
core   0: 3 0x8000b430 (0xfea99ae3)
core   0: 0x8000b424 (0x00cf22b3) slt     t0, t5, a2
core   0: 3 0x8000b424 (0x00cf22b3) x 5 0x00000001
core   0: 0x8000b428 (0x00198993) addi    s3, s3, 1
core   0: 3 0x8000b428 (0x00198993) x19 0xfffffffc
core   0: 0x8000b42c (0x00000013) nop
core   0: 3 0x8000b42c (0x00000013)
core   0: 0x8000b430 (0xfea99ae3) bne     s3, a0, pc - 12
core   0: 3 0x8000b430 (0xfea99ae3)
core   0: 0x8000b424 (0x00cf22b3) slt     t0, t5, a2
core   0: 3 0x8000b424 (0x00cf22b3) x 5 0x00000001
core   0: 0x8000b428 (0x00198993) addi    s3, s3, 1
core   0: 3 0x8000b428 (0x00198993) x19 0xfffffffd
core   0: 0x8000b42c (0x00000013) nop
core   0: 3 0x8000b42c (0x00000013)
core   0: 0x8000b430 (0xfea99ae3) bne     s3, a0, pc - 12
core   0: 3 0x8000b430 (0xfea99ae3)
core   0: 0x8000b424 (0x00cf22b3) slt     t0, t5, a2
core   0: 3 0x8000b424 (0x00cf22b3) x 5 0x00000001
core   0: 0x8000b428 (0x00198993) addi    s3, s3, 1
core   0: 3 0x8000b428 (0x00198993) x19 0xfffffffe
core   0: 0x8000b42c (0x00000013) nop
core   0: 3 0x8000b42c (0x00000013)
core   0: 0x8000b430 (0xfea99ae3) bne     s3, a0, pc - 12
core   0: 3 0x8000b430 (0xfea99ae3)
core   0: 0x8000b424 (0x00cf22b3) slt     t0, t5, a2
core   0: 3 0x8000b424 (0x00cf22b3) x 5 0x00000001
core   0: 0x8000b428 (0x00198993) addi    s3, s3, 1
core   0: 3 0x8000b428 (0x00198993) x19 0xffffffff
core   0: 0x8000b42c (0x00000013) nop
core   0: 3 0x8000b42c (0x00000013)
core   0: 0x8000b430 (0xfea99ae3) bne     s3, a0, pc - 12
core   0: 3 0x8000b430 (0xfea99ae3)
core   0: 0x8000b424 (0x00cf22b3) slt     t0, t5, a2
core   0: 3 0x8000b424 (0x00cf22b3) x 5 0x00000001
core   0: 0x8000b428 (0x00198993) addi    s3, s3, 1
core   0: 3 0x8000b428 (0x00198993) x19 0x00000000
core   0: 0x8000b42c (0x00000013) nop
core   0: 3 0x8000b42c (0x00000013)
core   0: 0x8000b430 (0xfea99ae3) bne     s3, a0, pc - 12
core   0: 3 0x8000b430 (0xfea99ae3)
core   0: 0x8000b424 (0x00cf22b3) slt     t0, t5, a2
core   0: 3 0x8000b424 (0x00cf22b3) x 5 0x00000001
core   0: 0x8000b428 (0x00198993) addi    s3, s3, 1
core   0: 3 0x8000b428 (0x00198993) x19 0x00000001
core   0: 0x8000b42c (0x00000013) nop
core   0: 3 0x8000b42c (0x00000013)
core   0: 0x8000b430 (0xfea99ae3) bne     s3, a0, pc - 12
core   0: 3 0x8000b430 (0xfea99ae3)
core   0: 0x8000b424 (0x00cf22b3) slt     t0, t5, a2
core   0: 3 0x8000b424 (0x00cf22b3) x 5 0x00000001
core   0: 0x8000b428 (0x00198993) addi    s3, s3, 1
core   0: 3 0x8000b428 (0x00198993) x19 0x00000002
core   0: 0x8000b42c (0x00000013) nop
core   0: 3 0x8000b42c (0x00000013)
core   0: 0x8000b430 (0xfea99ae3) bne     s3, a0, pc - 12
core   0: 3 0x8000b430 (0xfea99ae3)
core   0: 0x8000b424 (0x00cf22b3) slt     t0, t5, a2
core   0: 3 0x8000b424 (0x00cf22b3) x 5 0x00000001
core   0: 0x8000b428 (0x00198993) addi    s3, s3, 1
core   0: 3 0x8000b428 (0x00198993) x19 0x00000003
core   0: 0x8000b42c (0x00000013) nop
core   0: 3 0x8000b42c (0x00000013)
core   0: 0x8000b430 (0xfea99ae3) bne     s3, a0, pc - 12
core   0: 3 0x8000b430 (0xfea99ae3)
core   0: 0x8000b424 (0x00cf22b3) slt     t0, t5, a2
core   0: 3 0x8000b424 (0x00cf22b3) x 5 0x00000001
core   0: 0x8000b428 (0x00198993) addi    s3, s3, 1
core   0: 3 0x8000b428 (0x00198993) x19 0x00000004
core   0: 0x8000b42c (0x00000013) nop
core   0: 3 0x8000b42c (0x00000013)
core   0: 0x8000b430 (0xfea99ae3) bne     s3, a0, pc - 12
core   0: 3 0x8000b430 (0xfea99ae3)
core   0: 0x8000b424 (0x00cf22b3) slt     t0, t5, a2
core   0: 3 0x8000b424 (0x00cf22b3) x 5 0x00000001
core   0: 0x8000b428 (0x00198993) addi    s3, s3, 1
core   0: 3 0x8000b428 (0x00198993) x19 0x00000005
core   0: 0x8000b42c (0x00000013) nop
core   0: 3 0x8000b42c (0x00000013)
core   0: 0x8000b430 (0xfea99ae3) bne     s3, a0, pc - 12
core   0: 3 0x8000b430 (0xfea99ae3)
core   0: 0x8000b424 (0x00cf22b3) slt     t0, t5, a2
core   0: 3 0x8000b424 (0x00cf22b3) x 5 0x00000001
core   0: 0x8000b428 (0x00198993) addi    s3, s3, 1
core   0: 3 0x8000b428 (0x00198993) x19 0x00000006
core   0: 0x8000b42c (0x00000013) nop
core   0: 3 0x8000b42c (0x00000013)
core   0: 0x8000b430 (0xfea99ae3) bne     s3, a0, pc - 12
core   0: 3 0x8000b430 (0xfea99ae3)
core   0: 0x8000b424 (0x00cf22b3) slt     t0, t5, a2
core   0: 3 0x8000b424 (0x00cf22b3) x 5 0x00000001
core   0: 0x8000b428 (0x00198993) addi    s3, s3, 1
core   0: 3 0x8000b428 (0x00198993) x19 0x00000007
core   0: 0x8000b42c (0x00000013) nop
core   0: 3 0x8000b42c (0x00000013)
core   0: 0x8000b430 (0xfea99ae3) bne     s3, a0, pc - 12
core   0: 3 0x8000b430 (0xfea99ae3)
core   0: 0x8000b424 (0x00cf22b3) slt     t0, t5, a2
core   0: 3 0x8000b424 (0x00cf22b3) x 5 0x00000001
core   0: 0x8000b428 (0x00198993) addi    s3, s3, 1
core   0: 3 0x8000b428 (0x00198993) x19 0x00000008
core   0: 0x8000b42c (0x00000013) nop
core   0: 3 0x8000b42c (0x00000013)
core   0: 0x8000b430 (0xfea99ae3) bne     s3, a0, pc - 12
core   0: 3 0x8000b430 (0xfea99ae3)
core   0: 0x8000b424 (0x00cf22b3) slt     t0, t5, a2
core   0: 3 0x8000b424 (0x00cf22b3) x 5 0x00000001
core   0: 0x8000b428 (0x00198993) addi    s3, s3, 1
core   0: 3 0x8000b428 (0x00198993) x19 0x00000009
core   0: 0x8000b42c (0x00000013) nop
core   0: 3 0x8000b42c (0x00000013)
core   0: 0x8000b430 (0xfea99ae3) bne     s3, a0, pc - 12
core   0: 3 0x8000b430 (0xfea99ae3)
core   0: 0x8000b424 (0x00cf22b3) slt     t0, t5, a2
core   0: 3 0x8000b424 (0x00cf22b3) x 5 0x00000001
core   0: 0x8000b428 (0x00198993) addi    s3, s3, 1
core   0: 3 0x8000b428 (0x00198993) x19 0x0000000a
core   0: 0x8000b42c (0x00000013) nop
core   0: 3 0x8000b42c (0x00000013)
core   0: 0x8000b430 (0xfea99ae3) bne     s3, a0, pc - 12
core   0: 3 0x8000b430 (0xfea99ae3)
core   0: 0x8000b424 (0x00cf22b3) slt     t0, t5, a2
core   0: 3 0x8000b424 (0x00cf22b3) x 5 0x00000001
core   0: 0x8000b428 (0x00198993) addi    s3, s3, 1
core   0: 3 0x8000b428 (0x00198993) x19 0x0000000b
core   0: 0x8000b42c (0x00000013) nop
core   0: 3 0x8000b42c (0x00000013)
core   0: 0x8000b430 (0xfea99ae3) bne     s3, a0, pc - 12
core   0: 3 0x8000b430 (0xfea99ae3)
core   0: 0x8000b424 (0x00cf22b3) slt     t0, t5, a2
core   0: 3 0x8000b424 (0x00cf22b3) x 5 0x00000001
core   0: 0x8000b428 (0x00198993) addi    s3, s3, 1
core   0: 3 0x8000b428 (0x00198993) x19 0x0000000c
core   0: 0x8000b42c (0x00000013) nop
core   0: 3 0x8000b42c (0x00000013)
core   0: 0x8000b430 (0xfea99ae3) bne     s3, a0, pc - 12
core   0: 3 0x8000b430 (0xfea99ae3)
core   0: 0x8000b424 (0x00cf22b3) slt     t0, t5, a2
core   0: 3 0x8000b424 (0x00cf22b3) x 5 0x00000001
core   0: 0x8000b428 (0x00198993) addi    s3, s3, 1
core   0: 3 0x8000b428 (0x00198993) x19 0x0000000d
core   0: 0x8000b42c (0x00000013) nop
core   0: 3 0x8000b42c (0x00000013)
core   0: 0x8000b430 (0xfea99ae3) bne     s3, a0, pc - 12
core   0: 3 0x8000b430 (0xfea99ae3)
core   0: 0x8000b424 (0x00cf22b3) slt     t0, t5, a2
core   0: 3 0x8000b424 (0x00cf22b3) x 5 0x00000001
core   0: 0x8000b428 (0x00198993) addi    s3, s3, 1
core   0: 3 0x8000b428 (0x00198993) x19 0x0000000e
core   0: 0x8000b42c (0x00000013) nop
core   0: 3 0x8000b42c (0x00000013)
core   0: 0x8000b430 (0xfea99ae3) bne     s3, a0, pc - 12
core   0: 3 0x8000b430 (0xfea99ae3)
core   0: 0x8000b424 (0x00cf22b3) slt     t0, t5, a2
core   0: 3 0x8000b424 (0x00cf22b3) x 5 0x00000001
core   0: 0x8000b428 (0x00198993) addi    s3, s3, 1
core   0: 3 0x8000b428 (0x00198993) x19 0x0000000f
core   0: 0x8000b42c (0x00000013) nop
core   0: 3 0x8000b42c (0x00000013)
core   0: 0x8000b430 (0xfea99ae3) bne     s3, a0, pc - 12
core   0: 3 0x8000b430 (0xfea99ae3)
core   0: 0x8000b424 (0x00cf22b3) slt     t0, t5, a2
core   0: 3 0x8000b424 (0x00cf22b3) x 5 0x00000001
core   0: 0x8000b428 (0x00198993) addi    s3, s3, 1
core   0: 3 0x8000b428 (0x00198993) x19 0x00000010
core   0: 0x8000b42c (0x00000013) nop
core   0: 3 0x8000b42c (0x00000013)
core   0: 0x8000b430 (0xfea99ae3) bne     s3, a0, pc - 12
core   0: 3 0x8000b430 (0xfea99ae3)
core   0: 0x8000b424 (0x00cf22b3) slt     t0, t5, a2
core   0: 3 0x8000b424 (0x00cf22b3) x 5 0x00000001
core   0: 0x8000b428 (0x00198993) addi    s3, s3, 1
core   0: 3 0x8000b428 (0x00198993) x19 0x00000011
core   0: 0x8000b42c (0x00000013) nop
core   0: 3 0x8000b42c (0x00000013)
core   0: 0x8000b430 (0xfea99ae3) bne     s3, a0, pc - 12
core   0: 3 0x8000b430 (0xfea99ae3)
core   0: 0x8000b424 (0x00cf22b3) slt     t0, t5, a2
core   0: 3 0x8000b424 (0x00cf22b3) x 5 0x00000001
core   0: 0x8000b428 (0x00198993) addi    s3, s3, 1
core   0: 3 0x8000b428 (0x00198993) x19 0x00000012
core   0: 0x8000b42c (0x00000013) nop
core   0: 3 0x8000b42c (0x00000013)
core   0: 0x8000b430 (0xfea99ae3) bne     s3, a0, pc - 12
core   0: 3 0x8000b430 (0xfea99ae3)
core   0: 0x8000b424 (0x00cf22b3) slt     t0, t5, a2
core   0: 3 0x8000b424 (0x00cf22b3) x 5 0x00000001
core   0: 0x8000b428 (0x00198993) addi    s3, s3, 1
core   0: 3 0x8000b428 (0x00198993) x19 0x00000013
core   0: 0x8000b42c (0x00000013) nop
core   0: 3 0x8000b42c (0x00000013)
core   0: 0x8000b430 (0xfea99ae3) bne     s3, a0, pc - 12
core   0: 3 0x8000b430 (0xfea99ae3)
core   0: 0x8000b424 (0x00cf22b3) slt     t0, t5, a2
core   0: 3 0x8000b424 (0x00cf22b3) x 5 0x00000001
core   0: 0x8000b428 (0x00198993) addi    s3, s3, 1
core   0: 3 0x8000b428 (0x00198993) x19 0x00000014
core   0: 0x8000b42c (0x00000013) nop
core   0: 3 0x8000b42c (0x00000013)
core   0: 0x8000b430 (0xfea99ae3) bne     s3, a0, pc - 12
core   0: 3 0x8000b430 (0xfea99ae3)
core   0: 0x8000b434 (0xfdd77ee3) bgeu    a4, t4, pc - 36
core   0: 3 0x8000b434 (0xfdd77ee3)
core   0: 0x8000b438 (0x01ab1193) slli    gp, s6, 26
core   0: 3 0x8000b438 (0x01ab1193) x 3 0x00000000
core   0: 0x8000b43c (0x00600f93) li      t6, 6
core   0: 3 0x8000b43c (0x00600f93) x31 0x00000006
core   0: 0x8000b440 (0x03dd3733) mulhu   a4, s10, t4
core   0: 3 0x8000b440 (0x03dd3733) x14 0x00000005
core   0: 0x8000b444 (0x02691833) mulh    a6, s2, t1
core   0: 3 0x8000b444 (0x02691833) x16 0x00000000
core   0: 0x8000b448 (0x1f8b6e93) ori     t4, s6, 504
core   0: 3 0x8000b448 (0x1f8b6e93) x29 0xe749c1f8
core   0: 0x8000b44c (0xff500d13) li      s10, -11
core   0: 3 0x8000b44c (0xff500d13) x26 0xfffffff5
core   0: 0x8000b450 (0x00000013) nop
core   0: 3 0x8000b450 (0x00000013)
core   0: 0x8000b454 (0x00e62bb3) slt     s7, a2, a4
core   0: 3 0x8000b454 (0x00e62bb3) x23 0x00000000
core   0: 0x8000b458 (0x4f8a7713) andi    a4, s4, 1272
core   0: 3 0x8000b458 (0x4f8a7713) x14 0x00000000
core   0: 0x8000b45c (0x014c1bb3) sll     s7, s8, s4
core   0: 3 0x8000b45c (0x014c1bb3) x23 0x00000012
core   0: 0x8000b460 (0xff6f8f93) addi    t6, t6, -10
core   0: 3 0x8000b460 (0xff6f8f93) x31 0xfffffffc
core   0: 0x8000b464 (0x03c56533) rem     a0, a0, t3
core   0: 3 0x8000b464 (0x03c56533) x10 0x00000000
core   0: 0x8000b468 (0xffafd4e3) bge     t6, s10, pc - 24
core   0: 3 0x8000b468 (0xffafd4e3)
core   0: 0x8000b450 (0x00000013) nop
core   0: 3 0x8000b450 (0x00000013)
core   0: 0x8000b454 (0x00e62bb3) slt     s7, a2, a4
core   0: 3 0x8000b454 (0x00e62bb3) x23 0x00000000
core   0: 0x8000b458 (0x4f8a7713) andi    a4, s4, 1272
core   0: 3 0x8000b458 (0x4f8a7713) x14 0x00000000
core   0: 0x8000b45c (0x014c1bb3) sll     s7, s8, s4
core   0: 3 0x8000b45c (0x014c1bb3) x23 0x00000012
core   0: 0x8000b460 (0xff6f8f93) addi    t6, t6, -10
core   0: 3 0x8000b460 (0xff6f8f93) x31 0xfffffff2
core   0: 0x8000b464 (0x03c56533) rem     a0, a0, t3
core   0: 3 0x8000b464 (0x03c56533) x10 0x00000000
core   0: 0x8000b468 (0xffafd4e3) bge     t6, s10, pc - 24
core   0: 3 0x8000b468 (0xffafd4e3)
core   0: 0x8000b46c (0x00bc2eb3) slt     t4, s8, a1
core   0: 3 0x8000b46c (0x00bc2eb3) x29 0x00000000
core   0: 0x8000b470 (0xffe00413) li      s0, -2
core   0: 3 0x8000b470 (0xffe00413) x 8 0xfffffffe
core   0: 0x8000b474 (0x0189fc33) and     s8, s3, s8
core   0: 3 0x8000b474 (0x0189fc33) x24 0x00000010
core   0: 0x8000b478 (0x052d8113) addi    sp, s11, 82
core   0: 3 0x8000b478 (0x052d8113) x 2 0x00000062
core   0: 0x8000b47c (0x022aed33) rem     s10, s5, sp
core   0: 3 0x8000b47c (0x022aed33) x26 0xfffffff2
core   0: 0x8000b480 (0x292ef913) andi    s2, t4, 658
core   0: 3 0x8000b480 (0x292ef913) x18 0x00000000
core   0: 0x8000b484 (0x03d052b3) divu    t0, zero, t4
core   0: 3 0x8000b484 (0x03d052b3) x 5 0xffffffff
core   0: 0x8000b488 (0x41a45293) srai    t0, s0, 26
core   0: 3 0x8000b488 (0x41a45293) x 5 0xffffffff
core   0: 0x8000b48c (0x416bd533) sra     a0, s7, s6
core   0: 3 0x8000b48c (0x416bd533) x10 0x00000012
core   0: 0x8000b490 (0x0009ba33) sltu    s4, s3, zero
core   0: 3 0x8000b490 (0x0009ba33) x20 0x00000000
core   0: 0x8000b494 (0x4640b817) auipc   a6, 0x4640b
core   0: 3 0x8000b494 (0x4640b817) x16 0xc6416494
core   0: 0x8000b498 (0x01100993) li      s3, 17
core   0: 3 0x8000b498 (0x01100993) x19 0x00000011
core   0: 0x8000b49c (0x03f39db3) mulh    s11, t2, t6
core   0: 3 0x8000b49c (0x03f39db3) x27 0x00000000
core   0: 0x8000b4a0 (0x0010d593) srli    a1, ra, 1
core   0: 3 0x8000b4a0 (0x0010d593) x11 0x00000000
core   0: 0x8000b4a4 (0x03efcbb3) div     s7, t6, t5
core   0: 3 0x8000b4a4 (0x03efcbb3) x23 0xffffffff
core   0: 0x8000b4a8 (0x00000013) nop
core   0: 3 0x8000b4a8 (0x00000013)
core   0: 0x8000b4ac (0x00d54db3) xor     s11, a0, a3
core   0: 3 0x8000b4ac (0x00d54db3) x27 0xe0ce4d17
core   0: 0x8000b4b0 (0x00000013) nop
core   0: 3 0x8000b4b0 (0x00000013)
core   0: 0x8000b4b4 (0x02f471b3) remu    gp, s0, a5
core   0: 3 0x8000b4b4 (0x02f471b3) x 3 0x7ffda1da
core   0: 0x8000b4b8 (0x00940413) addi    s0, s0, 9
core   0: 3 0x8000b4b8 (0x00940413) x 8 0x00000007
core   0: 0x8000b4bc (0x00456e33) or      t3, a0, tp
core   0: 3 0x8000b4bc (0x00456e33) x28 0xffffffff
core   0: 0x8000b4c0 (0x00000013) nop
core   0: 3 0x8000b4c0 (0x00000013)
core   0: 0x8000b4c4 (0x01ebea33) or      s4, s7, t5
core   0: 3 0x8000b4c4 (0x01ebea33) x20 0xffffffff
core   0: 0x8000b4c8 (0x00bd53b3) srl     t2, s10, a1
core   0: 3 0x8000b4c8 (0x00bd53b3) x 7 0xfffffff2
core   0: 0x8000b4cc (0xff3442e3) blt     s0, s3, pc - 28
core   0: 3 0x8000b4cc (0xff3442e3)
core   0: 0x8000b4b0 (0x00000013) nop
core   0: 3 0x8000b4b0 (0x00000013)
core   0: 0x8000b4b4 (0x02f471b3) remu    gp, s0, a5
core   0: 3 0x8000b4b4 (0x02f471b3) x 3 0x00000007
core   0: 0x8000b4b8 (0x00940413) addi    s0, s0, 9
core   0: 3 0x8000b4b8 (0x00940413) x 8 0x00000010
core   0: 0x8000b4bc (0x00456e33) or      t3, a0, tp
core   0: 3 0x8000b4bc (0x00456e33) x28 0xffffffff
core   0: 0x8000b4c0 (0x00000013) nop
core   0: 3 0x8000b4c0 (0x00000013)
core   0: 0x8000b4c4 (0x01ebea33) or      s4, s7, t5
core   0: 3 0x8000b4c4 (0x01ebea33) x20 0xffffffff
core   0: 0x8000b4c8 (0x00bd53b3) srl     t2, s10, a1
core   0: 3 0x8000b4c8 (0x00bd53b3) x 7 0xfffffff2
core   0: 0x8000b4cc (0xff3442e3) blt     s0, s3, pc - 28
core   0: 3 0x8000b4cc (0xff3442e3)
core   0: 0x8000b4b0 (0x00000013) nop
core   0: 3 0x8000b4b0 (0x00000013)
core   0: 0x8000b4b4 (0x02f471b3) remu    gp, s0, a5
core   0: 3 0x8000b4b4 (0x02f471b3) x 3 0x00000010
core   0: 0x8000b4b8 (0x00940413) addi    s0, s0, 9
core   0: 3 0x8000b4b8 (0x00940413) x 8 0x00000019
core   0: 0x8000b4bc (0x00456e33) or      t3, a0, tp
core   0: 3 0x8000b4bc (0x00456e33) x28 0xffffffff
core   0: 0x8000b4c0 (0x00000013) nop
core   0: 3 0x8000b4c0 (0x00000013)
core   0: 0x8000b4c4 (0x01ebea33) or      s4, s7, t5
core   0: 3 0x8000b4c4 (0x01ebea33) x20 0xffffffff
core   0: 0x8000b4c8 (0x00bd53b3) srl     t2, s10, a1
core   0: 3 0x8000b4c8 (0x00bd53b3) x 7 0xfffffff2
core   0: 0x8000b4cc (0xff3442e3) blt     s0, s3, pc - 28
core   0: 3 0x8000b4cc (0xff3442e3)
core   0: 0x8000b4d0 (0x001a66b3) or      a3, s4, ra
core   0: 3 0x8000b4d0 (0x001a66b3) x13 0xffffffff
core   0: 0x8000b4d4 (0x00900693) li      a3, 9
core   0: 3 0x8000b4d4 (0x00900693) x13 0x00000009
core   0: 0x8000b4d8 (0x0296d8b7) lui     a7, 0x296d
core   0: 3 0x8000b4d8 (0x0296d8b7) x17 0x0296d000
core   0: 0x8000b4dc (0x010d1d93) slli    s11, s10, 16
core   0: 3 0x8000b4dc (0x010d1d93) x27 0xfff20000
core   0: 0x8000b4e0 (0x6c728613) addi    a2, t0, 1735
core   0: 3 0x8000b4e0 (0x6c728613) x12 0x000006c6
core   0: 0x8000b4e4 (0x0028dd13) srli    s10, a7, 2
core   0: 3 0x8000b4e4 (0x0028dd13) x26 0x00a5b400
core   0: 0x8000b4e8 (0x2d0fa593) slti    a1, t6, 720
core   0: 3 0x8000b4e8 (0x2d0fa593) x11 0x00000001
core   0: 0x8000b4ec (0x01dad293) srli    t0, s5, 29
core   0: 3 0x8000b4ec (0x01dad293) x 5 0x00000004
core   0: 0x8000b4f0 (0x01445b13) srli    s6, s0, 20
core   0: 3 0x8000b4f0 (0x01445b13) x22 0x00000000
core   0: 0x8000b4f4 (0xffd00493) li      s1, -3
core   0: 3 0x8000b4f4 (0xffd00493) x 9 0xfffffffd
core   0: 0x8000b4f8 (0x01078a33) add     s4, a5, a6
core   0: 3 0x8000b4f8 (0x01078a33) x20 0x4643c2b8
core   0: 0x8000b4fc (0x0058ffb3) and     t6, a7, t0
core   0: 3 0x8000b4fc (0x0058ffb3) x31 0x00000000
core   0: 0x8000b500 (0xa9ebc993) xori    s3, s7, -1378
core   0: 3 0x8000b500 (0xa9ebc993) x19 0x00000561
core   0: 0x8000b504 (0x00bca3b3) slt     t2, s9, a1
core   0: 3 0x8000b504 (0x00bca3b3) x 7 0x00000001
core   0: 0x8000b508 (0x00800db3) add     s11, zero, s0
core   0: 3 0x8000b508 (0x00800db3) x27 0x00000019
core   0: 0x8000b50c (0x00b4c9b3) xor     s3, s1, a1
core   0: 3 0x8000b50c (0x00b4c9b3) x19 0xfffffffc
core   0: 0x8000b510 (0x41bb0233) sub     tp, s6, s11
core   0: 3 0x8000b510 (0x41bb0233) x 4 0xffffffe7
core   0: 0x8000b514 (0xff668693) addi    a3, a3, -10
core   0: 3 0x8000b514 (0xff668693) x13 0xffffffff
core   0: 0x8000b518 (0x1ff7c713) xori    a4, a5, 511
core   0: 3 0x8000b518 (0x1ff7c713) x14 0x80025fdb
core   0: 0x8000b51c (0x037cefb3) rem     t6, s9, s7
core   0: 3 0x8000b51c (0x037cefb3) x31 0x00000000
core   0: 0x8000b520 (0x088f8c13) addi    s8, t6, 136
core   0: 3 0x8000b520 (0x088f8c13) x24 0x00000088
core   0: 0x8000b524 (0x0069a1b3) slt     gp, s3, t1
core   0: 3 0x8000b524 (0x0069a1b3) x 3 0x00000001
core   0: 0x8000b528 (0x0276d433) divu    s0, a3, t2
core   0: 3 0x8000b528 (0x0276d433) x 8 0xffffffff
core   0: 0x8000b52c (0xfc96dae3) bge     a3, s1, pc - 44
core   0: 3 0x8000b52c (0xfc96dae3)
core   0: 0x8000b500 (0xa9ebc993) xori    s3, s7, -1378
core   0: 3 0x8000b500 (0xa9ebc993) x19 0x00000561
core   0: 0x8000b504 (0x00bca3b3) slt     t2, s9, a1
core   0: 3 0x8000b504 (0x00bca3b3) x 7 0x00000001
core   0: 0x8000b508 (0x00800db3) add     s11, zero, s0
core   0: 3 0x8000b508 (0x00800db3) x27 0xffffffff
core   0: 0x8000b50c (0x00b4c9b3) xor     s3, s1, a1
core   0: 3 0x8000b50c (0x00b4c9b3) x19 0xfffffffc
core   0: 0x8000b510 (0x41bb0233) sub     tp, s6, s11
core   0: 3 0x8000b510 (0x41bb0233) x 4 0x00000001
core   0: 0x8000b514 (0xff668693) addi    a3, a3, -10
core   0: 3 0x8000b514 (0xff668693) x13 0xfffffff5
core   0: 0x8000b518 (0x1ff7c713) xori    a4, a5, 511
core   0: 3 0x8000b518 (0x1ff7c713) x14 0x80025fdb
core   0: 0x8000b51c (0x037cefb3) rem     t6, s9, s7
core   0: 3 0x8000b51c (0x037cefb3) x31 0x00000000
core   0: 0x8000b520 (0x088f8c13) addi    s8, t6, 136
core   0: 3 0x8000b520 (0x088f8c13) x24 0x00000088
core   0: 0x8000b524 (0x0069a1b3) slt     gp, s3, t1
core   0: 3 0x8000b524 (0x0069a1b3) x 3 0x00000001
core   0: 0x8000b528 (0x0276d433) divu    s0, a3, t2
core   0: 3 0x8000b528 (0x0276d433) x 8 0xfffffff5
core   0: 0x8000b52c (0xfc96dae3) bge     a3, s1, pc - 44
core   0: 3 0x8000b52c (0xfc96dae3)
core   0: 0x8000b530 (0x41db81b3) sub     gp, s7, t4
core   0: 3 0x8000b530 (0x41db81b3) x 3 0xffffffff
core   0: 0x8000b534 (0xff600913) li      s2, -10
core   0: 3 0x8000b534 (0xff600913) x18 0xfffffff6
core   0: 0x8000b538 (0x00b00393) li      t2, 11
core   0: 3 0x8000b538 (0x00b00393) x 7 0x0000000b
core   0: 0x8000b53c (0x01fc5db3) srl     s11, s8, t6
core   0: 3 0x8000b53c (0x01fc5db3) x27 0x00000088
core   0: 0x8000b540 (0x41950eb3) sub     t4, a0, s9
core   0: 3 0x8000b540 (0x41950eb3) x29 0x00000012
core   0: 0x8000b544 (0x00000013) nop
core   0: 3 0x8000b544 (0x00000013)
core   0: 0x8000b548 (0x00690913) addi    s2, s2, 6
core   0: 3 0x8000b548 (0x00690913) x18 0xfffffffc
core   0: 0x8000b54c (0xfe794ae3) blt     s2, t2, pc - 12
core   0: 3 0x8000b54c (0xfe794ae3)
core   0: 0x8000b540 (0x41950eb3) sub     t4, a0, s9
core   0: 3 0x8000b540 (0x41950eb3) x29 0x00000012
core   0: 0x8000b544 (0x00000013) nop
core   0: 3 0x8000b544 (0x00000013)
core   0: 0x8000b548 (0x00690913) addi    s2, s2, 6
core   0: 3 0x8000b548 (0x00690913) x18 0x00000002
core   0: 0x8000b54c (0xfe794ae3) blt     s2, t2, pc - 12
core   0: 3 0x8000b54c (0xfe794ae3)
core   0: 0x8000b540 (0x41950eb3) sub     t4, a0, s9
core   0: 3 0x8000b540 (0x41950eb3) x29 0x00000012
core   0: 0x8000b544 (0x00000013) nop
core   0: 3 0x8000b544 (0x00000013)
core   0: 0x8000b548 (0x00690913) addi    s2, s2, 6
core   0: 3 0x8000b548 (0x00690913) x18 0x00000008
core   0: 0x8000b54c (0xfe794ae3) blt     s2, t2, pc - 12
core   0: 3 0x8000b54c (0xfe794ae3)
core   0: 0x8000b540 (0x41950eb3) sub     t4, a0, s9
core   0: 3 0x8000b540 (0x41950eb3) x29 0x00000012
core   0: 0x8000b544 (0x00000013) nop
core   0: 3 0x8000b544 (0x00000013)
core   0: 0x8000b548 (0x00690913) addi    s2, s2, 6
core   0: 3 0x8000b548 (0x00690913) x18 0x0000000e
core   0: 0x8000b54c (0xfe794ae3) blt     s2, t2, pc - 12
core   0: 3 0x8000b54c (0xfe794ae3)
core   0: 0x8000b550 (0xe89ecc17) auipc   s8, 0xe89ec
core   0: 3 0x8000b550 (0xe89ecc17) x24 0x689f7550
core   0: 0x8000b554 (0x00700213) li      tp, 7
core   0: 3 0x8000b554 (0x00700213) x 4 0x00000007
core   0: 0x8000b558 (0x0378f433) remu    s0, a7, s7
core   0: 3 0x8000b558 (0x0378f433) x 8 0x0296d000
core   0: 0x8000b55c (0x00f00593) li      a1, 15
core   0: 3 0x8000b55c (0x00f00593) x11 0x0000000f
core   0: 0x8000b560 (0xb2a0bb17) auipc   s6, 0xb2a0b
core   0: 3 0x8000b560 (0xb2a0bb17) x22 0x32a16560
core   0: 0x8000b564 (0x039e5333) divu    t1, t3, s9
core   0: 3 0x8000b564 (0x039e5333) x 6 0xffffffff
core   0: 0x8000b568 (0x014c5293) srli    t0, s8, 20
core   0: 3 0x8000b568 (0x014c5293) x 5 0x00000689
core   0: 0x8000b56c (0x0376c4b3) div     s1, a3, s7
core   0: 3 0x8000b56c (0x0376c4b3) x 9 0x0000000b
core   0: 0x8000b570 (0x8dbf3b93) sltiu   s7, t5, -1829
core   0: 3 0x8000b570 (0x8dbf3b93) x23 0x00000001
core   0: 0x8000b574 (0x03c62fb3) mulhsu  t6, a2, t3
core   0: 3 0x8000b574 (0x03c62fb3) x31 0x000006c5
core   0: 0x8000b578 (0x00220213) addi    tp, tp, 2
core   0: 3 0x8000b578 (0x00220213) x 4 0x00000009
core   0: 0x8000b57c (0xfeb262e3) bltu    tp, a1, pc - 28
core   0: 3 0x8000b57c (0xfeb262e3)
core   0: 0x8000b560 (0xb2a0bb17) auipc   s6, 0xb2a0b
core   0: 3 0x8000b560 (0xb2a0bb17) x22 0x32a16560
core   0: 0x8000b564 (0x039e5333) divu    t1, t3, s9
core   0: 3 0x8000b564 (0x039e5333) x 6 0xffffffff
core   0: 0x8000b568 (0x014c5293) srli    t0, s8, 20
core   0: 3 0x8000b568 (0x014c5293) x 5 0x00000689
core   0: 0x8000b56c (0x0376c4b3) div     s1, a3, s7
core   0: 3 0x8000b56c (0x0376c4b3) x 9 0xfffffff5
core   0: 0x8000b570 (0x8dbf3b93) sltiu   s7, t5, -1829
core   0: 3 0x8000b570 (0x8dbf3b93) x23 0x00000001
core   0: 0x8000b574 (0x03c62fb3) mulhsu  t6, a2, t3
core   0: 3 0x8000b574 (0x03c62fb3) x31 0x000006c5
core   0: 0x8000b578 (0x00220213) addi    tp, tp, 2
core   0: 3 0x8000b578 (0x00220213) x 4 0x0000000b
core   0: 0x8000b57c (0xfeb262e3) bltu    tp, a1, pc - 28
core   0: 3 0x8000b57c (0xfeb262e3)
core   0: 0x8000b560 (0xb2a0bb17) auipc   s6, 0xb2a0b
core   0: 3 0x8000b560 (0xb2a0bb17) x22 0x32a16560
core   0: 0x8000b564 (0x039e5333) divu    t1, t3, s9
core   0: 3 0x8000b564 (0x039e5333) x 6 0xffffffff
core   0: 0x8000b568 (0x014c5293) srli    t0, s8, 20
core   0: 3 0x8000b568 (0x014c5293) x 5 0x00000689
core   0: 0x8000b56c (0x0376c4b3) div     s1, a3, s7
core   0: 3 0x8000b56c (0x0376c4b3) x 9 0xfffffff5
core   0: 0x8000b570 (0x8dbf3b93) sltiu   s7, t5, -1829
core   0: 3 0x8000b570 (0x8dbf3b93) x23 0x00000001
core   0: 0x8000b574 (0x03c62fb3) mulhsu  t6, a2, t3
core   0: 3 0x8000b574 (0x03c62fb3) x31 0x000006c5
core   0: 0x8000b578 (0x00220213) addi    tp, tp, 2
core   0: 3 0x8000b578 (0x00220213) x 4 0x0000000d
core   0: 0x8000b57c (0xfeb262e3) bltu    tp, a1, pc - 28
core   0: 3 0x8000b57c (0xfeb262e3)
core   0: 0x8000b560 (0xb2a0bb17) auipc   s6, 0xb2a0b
core   0: 3 0x8000b560 (0xb2a0bb17) x22 0x32a16560
core   0: 0x8000b564 (0x039e5333) divu    t1, t3, s9
core   0: 3 0x8000b564 (0x039e5333) x 6 0xffffffff
core   0: 0x8000b568 (0x014c5293) srli    t0, s8, 20
core   0: 3 0x8000b568 (0x014c5293) x 5 0x00000689
core   0: 0x8000b56c (0x0376c4b3) div     s1, a3, s7
core   0: 3 0x8000b56c (0x0376c4b3) x 9 0xfffffff5
core   0: 0x8000b570 (0x8dbf3b93) sltiu   s7, t5, -1829
core   0: 3 0x8000b570 (0x8dbf3b93) x23 0x00000001
core   0: 0x8000b574 (0x03c62fb3) mulhsu  t6, a2, t3
core   0: 3 0x8000b574 (0x03c62fb3) x31 0x000006c5
core   0: 0x8000b578 (0x00220213) addi    tp, tp, 2
core   0: 3 0x8000b578 (0x00220213) x 4 0x0000000f
core   0: 0x8000b57c (0xfeb262e3) bltu    tp, a1, pc - 28
core   0: 3 0x8000b57c (0xfeb262e3)
core   0: 0x8000b580 (0xc716c493) xori    s1, a3, -911
core   0: 3 0x8000b580 (0xc716c493) x 9 0x00000384
core   0: 0x8000b584 (0xfff00093) li      ra, -1
core   0: 3 0x8000b584 (0xfff00093) x 1 0xffffffff
core   0: 0x8000b588 (0x061cfa13) andi    s4, s9, 97
core   0: 3 0x8000b588 (0x061cfa13) x20 0x00000000
core   0: 0x8000b58c (0x001d9e93) slli    t4, s11, 1
core   0: 3 0x8000b58c (0x001d9e93) x29 0x00000110
core   0: 0x8000b590 (0x020eedb3) rem     s11, t4, zero
core   0: 3 0x8000b590 (0x020eedb3) x27 0x00000110
core   0: 0x8000b594 (0x02e3b733) mulhu   a4, t2, a4
core   0: 3 0x8000b594 (0x02e3b733) x14 0x00000005
core   0: 0x8000b598 (0xff000b13) li      s6, -16
core   0: 3 0x8000b598 (0xff000b13) x22 0xfffffff0
core   0: 0x8000b59c (0x02d31d33) mulh    s10, t1, a3
core   0: 3 0x8000b59c (0x02d31d33) x26 0x00000000
core   0: 0x8000b5a0 (0x00613e33) sltu    t3, sp, t1
core   0: 3 0x8000b5a0 (0x00613e33) x28 0x00000001
core   0: 0x8000b5a4 (0x00d3bfb3) sltu    t6, t2, a3
core   0: 3 0x8000b5a4 (0x00d3bfb3) x31 0x00000001
core   0: 0x8000b5a8 (0x41e88d33) sub     s10, a7, t5
core   0: 3 0x8000b5a8 (0x41e88d33) x26 0x0296d000
core   0: 0x8000b5ac (0xffd08093) addi    ra, ra, -3
core   0: 3 0x8000b5ac (0xffd08093) x 1 0xfffffffc
core   0: 0x8000b5b0 (0x03d159b3) divu    s3, sp, t4
core   0: 3 0x8000b5b0 (0x03d159b3) x19 0x00000000
core   0: 0x8000b5b4 (0xff6094e3) bne     ra, s6, pc - 24
core   0: 3 0x8000b5b4 (0xff6094e3)
core   0: 0x8000b59c (0x02d31d33) mulh    s10, t1, a3
core   0: 3 0x8000b59c (0x02d31d33) x26 0x00000000
core   0: 0x8000b5a0 (0x00613e33) sltu    t3, sp, t1
core   0: 3 0x8000b5a0 (0x00613e33) x28 0x00000001
core   0: 0x8000b5a4 (0x00d3bfb3) sltu    t6, t2, a3
core   0: 3 0x8000b5a4 (0x00d3bfb3) x31 0x00000001
core   0: 0x8000b5a8 (0x41e88d33) sub     s10, a7, t5
core   0: 3 0x8000b5a8 (0x41e88d33) x26 0x0296d000
core   0: 0x8000b5ac (0xffd08093) addi    ra, ra, -3
core   0: 3 0x8000b5ac (0xffd08093) x 1 0xfffffff9
core   0: 0x8000b5b0 (0x03d159b3) divu    s3, sp, t4
core   0: 3 0x8000b5b0 (0x03d159b3) x19 0x00000000
core   0: 0x8000b5b4 (0xff6094e3) bne     ra, s6, pc - 24
core   0: 3 0x8000b5b4 (0xff6094e3)
core   0: 0x8000b59c (0x02d31d33) mulh    s10, t1, a3
core   0: 3 0x8000b59c (0x02d31d33) x26 0x00000000
core   0: 0x8000b5a0 (0x00613e33) sltu    t3, sp, t1
core   0: 3 0x8000b5a0 (0x00613e33) x28 0x00000001
core   0: 0x8000b5a4 (0x00d3bfb3) sltu    t6, t2, a3
core   0: 3 0x8000b5a4 (0x00d3bfb3) x31 0x00000001
core   0: 0x8000b5a8 (0x41e88d33) sub     s10, a7, t5
core   0: 3 0x8000b5a8 (0x41e88d33) x26 0x0296d000
core   0: 0x8000b5ac (0xffd08093) addi    ra, ra, -3
core   0: 3 0x8000b5ac (0xffd08093) x 1 0xfffffff6
core   0: 0x8000b5b0 (0x03d159b3) divu    s3, sp, t4
core   0: 3 0x8000b5b0 (0x03d159b3) x19 0x00000000
core   0: 0x8000b5b4 (0xff6094e3) bne     ra, s6, pc - 24
core   0: 3 0x8000b5b4 (0xff6094e3)
core   0: 0x8000b59c (0x02d31d33) mulh    s10, t1, a3
core   0: 3 0x8000b59c (0x02d31d33) x26 0x00000000
core   0: 0x8000b5a0 (0x00613e33) sltu    t3, sp, t1
core   0: 3 0x8000b5a0 (0x00613e33) x28 0x00000001
core   0: 0x8000b5a4 (0x00d3bfb3) sltu    t6, t2, a3
core   0: 3 0x8000b5a4 (0x00d3bfb3) x31 0x00000001
core   0: 0x8000b5a8 (0x41e88d33) sub     s10, a7, t5
core   0: 3 0x8000b5a8 (0x41e88d33) x26 0x0296d000
core   0: 0x8000b5ac (0xffd08093) addi    ra, ra, -3
core   0: 3 0x8000b5ac (0xffd08093) x 1 0xfffffff3
core   0: 0x8000b5b0 (0x03d159b3) divu    s3, sp, t4
core   0: 3 0x8000b5b0 (0x03d159b3) x19 0x00000000
core   0: 0x8000b5b4 (0xff6094e3) bne     ra, s6, pc - 24
core   0: 3 0x8000b5b4 (0xff6094e3)
core   0: 0x8000b59c (0x02d31d33) mulh    s10, t1, a3
core   0: 3 0x8000b59c (0x02d31d33) x26 0x00000000
core   0: 0x8000b5a0 (0x00613e33) sltu    t3, sp, t1
core   0: 3 0x8000b5a0 (0x00613e33) x28 0x00000001
core   0: 0x8000b5a4 (0x00d3bfb3) sltu    t6, t2, a3
core   0: 3 0x8000b5a4 (0x00d3bfb3) x31 0x00000001
core   0: 0x8000b5a8 (0x41e88d33) sub     s10, a7, t5
core   0: 3 0x8000b5a8 (0x41e88d33) x26 0x0296d000
core   0: 0x8000b5ac (0xffd08093) addi    ra, ra, -3
core   0: 3 0x8000b5ac (0xffd08093) x 1 0xfffffff0
core   0: 0x8000b5b0 (0x03d159b3) divu    s3, sp, t4
core   0: 3 0x8000b5b0 (0x03d159b3) x19 0x00000000
core   0: 0x8000b5b4 (0xff6094e3) bne     ra, s6, pc - 24
core   0: 3 0x8000b5b4 (0xff6094e3)
core   0: 0x8000b5b8 (0x02b8a733) mulhsu  a4, a7, a1
core   0: 3 0x8000b5b8 (0x02b8a733) x14 0x00000000
core   0: 0x8000b5bc (0xffa00493) li      s1, -6
core   0: 3 0x8000b5bc (0xffa00493) x 9 0xfffffffa
core   0: 0x8000b5c0 (0x00818733) add     a4, gp, s0
core   0: 3 0x8000b5c0 (0x00818733) x14 0x0296cfff
core   0: 0x8000b5c4 (0x021388b3) mul     a7, t2, ra
core   0: 3 0x8000b5c4 (0x021388b3) x17 0xffffff50
core   0: 0x8000b5c8 (0x03a3d2b3) divu    t0, t2, s10
core   0: 3 0x8000b5c8 (0x03a3d2b3) x 5 0x00000000
core   0: 0x8000b5cc (0x007dc633) xor     a2, s11, t2
core   0: 3 0x8000b5cc (0x007dc633) x12 0x0000011b
core   0: 0x8000b5d0 (0x00f23233) sltu    tp, tp, a5
core   0: 3 0x8000b5d0 (0x00f23233) x 4 0x00000001
core   0: 0x8000b5d4 (0x025e9833) mulh    a6, t4, t0
core   0: 3 0x8000b5d4 (0x025e9833) x16 0x00000000
core   0: 0x8000b5d8 (0xffc00313) li      t1, -4
core   0: 3 0x8000b5d8 (0xffc00313) x 6 0xfffffffc
core   0: 0x8000b5dc (0x652179b7) lui     s3, 0x65217
core   0: 3 0x8000b5dc (0x652179b7) x19 0x65217000
core   0: 0x8000b5e0 (0x02f66db3) rem     s11, a2, a5
core   0: 3 0x8000b5e0 (0x02f66db3) x27 0x0000011b
core   0: 0x8000b5e4 (0x01a29713) slli    a4, t0, 26
core   0: 3 0x8000b5e4 (0x01a29713) x14 0x00000000
core   0: 0x8000b5e8 (0x023de933) rem     s2, s11, gp
core   0: 3 0x8000b5e8 (0x023de933) x18 0x00000000
core   0: 0x8000b5ec (0x416dd093) srai    ra, s11, 22
core   0: 3 0x8000b5ec (0x416dd093) x 1 0x00000000
core   0: 0x8000b5f0 (0x00f39a13) slli    s4, t2, 15
core   0: 3 0x8000b5f0 (0x00f39a13) x20 0x00058000
core   0: 0x8000b5f4 (0x018ec133) xor     sp, t4, s8
core   0: 3 0x8000b5f4 (0x018ec133) x 2 0x689f7440
core   0: 0x8000b5f8 (0x03272533) mulhsu  a0, a4, s2
core   0: 3 0x8000b5f8 (0x03272533) x10 0x00000000
core   0: 0x8000b5fc (0x97788013) addi    zero, a7, -1673
core   0: 3 0x8000b5fc (0x97788013)
core   0: 0x8000b600 (0x00948493) addi    s1, s1, 9
core   0: 3 0x8000b600 (0x00948493) x 9 0x00000003
core   0: 0x8000b604 (0x02081433) mulh    s0, a6, zero
core   0: 3 0x8000b604 (0x02081433) x 8 0x00000000
core   0: 0x8000b608 (0x0139a2b3) slt     t0, s3, s3
core   0: 3 0x8000b608 (0x0139a2b3) x 5 0x00000000
core   0: 0x8000b60c (0x007938b3) sltu    a7, s2, t2
core   0: 3 0x8000b60c (0x007938b3) x17 0x00000001
core   0: 0x8000b610 (0x00ac9b93) slli    s7, s9, 10
core   0: 3 0x8000b610 (0x00ac9b93) x23 0x00000000
core   0: 0x8000b614 (0xffd00393) li      t2, -3
core   0: 3 0x8000b614 (0xffd00393) x 7 0xfffffffd
core   0: 0x8000b618 (0x012d3933) sltu    s2, s10, s2
core   0: 3 0x8000b618 (0x012d3933) x18 0x00000000
core   0: 0x8000b61c (0x011e5813) srli    a6, t3, 17
core   0: 3 0x8000b61c (0x011e5813) x16 0x00000000
core   0: 0x8000b620 (0x00900e93) li      t4, 9
core   0: 3 0x8000b620 (0x00900e93) x29 0x00000009
core   0: 0x8000b624 (0x02f965b3) rem     a1, s2, a5
core   0: 3 0x8000b624 (0x02f965b3) x11 0x00000000
core   0: 0x8000b628 (0xe71e7c13) andi    s8, t3, -399
core   0: 3 0x8000b628 (0xe71e7c13) x24 0x00000001
core   0: 0x8000b62c (0x00000013) nop
core   0: 3 0x8000b62c (0x00000013)
core   0: 0x8000b630 (0x419d7c13) andi    s8, s10, 1049
core   0: 3 0x8000b630 (0x419d7c13) x24 0x00000000
core   0: 0x8000b634 (0x00638393) addi    t2, t2, 6
core   0: 3 0x8000b634 (0x00638393) x 7 0x00000003
core   0: 0x8000b638 (0xaac10113) addi    sp, sp, -1364
core   0: 3 0x8000b638 (0xaac10113) x 2 0x689f6eec
core   0: 0x8000b63c (0xffd3e4e3) bltu    t2, t4, pc - 24
core   0: 3 0x8000b63c (0xffd3e4e3)
core   0: 0x8000b624 (0x02f965b3) rem     a1, s2, a5
core   0: 3 0x8000b624 (0x02f965b3) x11 0x00000000
core   0: 0x8000b628 (0xe71e7c13) andi    s8, t3, -399
core   0: 3 0x8000b628 (0xe71e7c13) x24 0x00000001
core   0: 0x8000b62c (0x00000013) nop
core   0: 3 0x8000b62c (0x00000013)
core   0: 0x8000b630 (0x419d7c13) andi    s8, s10, 1049
core   0: 3 0x8000b630 (0x419d7c13) x24 0x00000000
core   0: 0x8000b634 (0x00638393) addi    t2, t2, 6
core   0: 3 0x8000b634 (0x00638393) x 7 0x00000009
core   0: 0x8000b638 (0xaac10113) addi    sp, sp, -1364
core   0: 3 0x8000b638 (0xaac10113) x 2 0x689f6998
core   0: 0x8000b63c (0xffd3e4e3) bltu    t2, t4, pc - 24
core   0: 3 0x8000b63c (0xffd3e4e3)
core   0: 0x8000b640 (0xfa64cee3) blt     s1, t1, pc - 68
core   0: 3 0x8000b640 (0xfa64cee3)
core   0: 0x8000b644 (0xa99a6d93) ori     s11, s4, -1383
core   0: 3 0x8000b644 (0xa99a6d93) x27 0xfffffa99
core   0: 0x8000b648 (0xffd00713) li      a4, -3
core   0: 3 0x8000b648 (0xffd00713) x14 0xfffffffd
core   0: 0x8000b64c (0xa1747d93) andi    s11, s0, -1513
core   0: 3 0x8000b64c (0xa1747d93) x27 0x00000000
core   0: 0x8000b650 (0xff700993) li      s3, -9
core   0: 3 0x8000b650 (0xff700993) x19 0xfffffff7
core   0: 0x8000b654 (0x005af8b3) and     a7, s5, t0
core   0: 3 0x8000b654 (0x005af8b3) x17 0x00000000
core   0: 0x8000b658 (0x004c5133) srl     sp, s8, tp
core   0: 3 0x8000b658 (0x004c5133) x 2 0x00000000
core   0: 0x8000b65c (0x02c135b3) mulhu   a1, sp, a2
core   0: 3 0x8000b65c (0x02c135b3) x11 0x00000000
core   0: 0x8000b660 (0xffa70713) addi    a4, a4, -6
core   0: 3 0x8000b660 (0xffa70713) x14 0xfffffff7
core   0: 0x8000b664 (0x03c51e33) mulh    t3, a0, t3
core   0: 3 0x8000b664 (0x03c51e33) x28 0x00000000
core   0: 0x8000b668 (0x00900613) li      a2, 9
core   0: 3 0x8000b668 (0x00900613) x12 0x00000009
core   0: 0x8000b66c (0x41f85e33) sra     t3, a6, t6
core   0: 3 0x8000b66c (0x41f85e33) x28 0x00000000
core   0: 0x8000b670 (0x00900d13) li      s10, 9
core   0: 3 0x8000b670 (0x00900d13) x26 0x00000009
core   0: 0x8000b674 (0x0124cb33) xor     s6, s1, s2
core   0: 3 0x8000b674 (0x0124cb33) x22 0x00000003
core   0: 0x8000b678 (0x408dd033) sra     zero, s11, s0
core   0: 3 0x8000b678 (0x408dd033)
core   0: 0x8000b67c (0x2aa8b3b7) lui     t2, 0x2aa8b
core   0: 3 0x8000b67c (0x2aa8b3b7) x 7 0x2aa8b000
core   0: 0x8000b680 (0xffe60613) addi    a2, a2, -2
core   0: 3 0x8000b680 (0xffe60613) x12 0x00000007
core   0: 0x8000b684 (0xc7f4c413) xori    s0, s1, -897
core   0: 3 0x8000b684 (0xc7f4c413) x 8 0xfffffc7c
core   0: 0x8000b688 (0x620324b7) lui     s1, 0x62032
core   0: 3 0x8000b688 (0x620324b7) x 9 0x62032000
core   0: 0x8000b68c (0xffa674e3) bgeu    a2, s10, pc - 24
core   0: 3 0x8000b68c (0xffa674e3)
core   0: 0x8000b690 (0x02d981b3) mul     gp, s3, a3
core   0: 3 0x8000b690 (0x02d981b3) x 3 0x00000063
core   0: 0x8000b694 (0xfd3700e3) beq     a4, s3, pc - 64
core   0: 3 0x8000b694 (0xfd3700e3)
core   0: 0x8000b654 (0x005af8b3) and     a7, s5, t0
core   0: 3 0x8000b654 (0x005af8b3) x17 0x00000000
core   0: 0x8000b658 (0x004c5133) srl     sp, s8, tp
core   0: 3 0x8000b658 (0x004c5133) x 2 0x00000000
core   0: 0x8000b65c (0x02c135b3) mulhu   a1, sp, a2
core   0: 3 0x8000b65c (0x02c135b3) x11 0x00000000
core   0: 0x8000b660 (0xffa70713) addi    a4, a4, -6
core   0: 3 0x8000b660 (0xffa70713) x14 0xfffffff1
core   0: 0x8000b664 (0x03c51e33) mulh    t3, a0, t3
core   0: 3 0x8000b664 (0x03c51e33) x28 0x00000000
core   0: 0x8000b668 (0x00900613) li      a2, 9
core   0: 3 0x8000b668 (0x00900613) x12 0x00000009
core   0: 0x8000b66c (0x41f85e33) sra     t3, a6, t6
core   0: 3 0x8000b66c (0x41f85e33) x28 0x00000000
core   0: 0x8000b670 (0x00900d13) li      s10, 9
core   0: 3 0x8000b670 (0x00900d13) x26 0x00000009
core   0: 0x8000b674 (0x0124cb33) xor     s6, s1, s2
core   0: 3 0x8000b674 (0x0124cb33) x22 0x62032000
core   0: 0x8000b678 (0x408dd033) sra     zero, s11, s0
core   0: 3 0x8000b678 (0x408dd033)
core   0: 0x8000b67c (0x2aa8b3b7) lui     t2, 0x2aa8b
core   0: 3 0x8000b67c (0x2aa8b3b7) x 7 0x2aa8b000
core   0: 0x8000b680 (0xffe60613) addi    a2, a2, -2
core   0: 3 0x8000b680 (0xffe60613) x12 0x00000007
core   0: 0x8000b684 (0xc7f4c413) xori    s0, s1, -897
core   0: 3 0x8000b684 (0xc7f4c413) x 8 0x9dfcdc7f
core   0: 0x8000b688 (0x620324b7) lui     s1, 0x62032
core   0: 3 0x8000b688 (0x620324b7) x 9 0x62032000
core   0: 0x8000b68c (0xffa674e3) bgeu    a2, s10, pc - 24
core   0: 3 0x8000b68c (0xffa674e3)
core   0: 0x8000b690 (0x02d981b3) mul     gp, s3, a3
core   0: 3 0x8000b690 (0x02d981b3) x 3 0x00000063
core   0: 0x8000b694 (0xfd3700e3) beq     a4, s3, pc - 64
core   0: 3 0x8000b694 (0xfd3700e3)
core   0: 0x8000b698 (0x038bac33) mulhsu  s8, s7, s8
core   0: 3 0x8000b698 (0x038bac33) x24 0x00000000
core   0: 0x8000b69c (0xff800593) li      a1, -8
core   0: 3 0x8000b69c (0xff800593) x11 0xfffffff8
core   0: 0x8000b6a0 (0x3508a413) slti    s0, a7, 848
core   0: 3 0x8000b6a0 (0x3508a413) x 8 0x00000001
core   0: 0x8000b6a4 (0x00fd40b3) xor     ra, s10, a5
core   0: 3 0x8000b6a4 (0x00fd40b3) x 1 0x80025e2d
core   0: 0x8000b6a8 (0x00d00893) li      a7, 13
core   0: 3 0x8000b6a8 (0x00d00893) x17 0x0000000d
core   0: 0x8000b6ac (0x02214833) div     a6, sp, sp
core   0: 3 0x8000b6ac (0x02214833) x16 0xffffffff
core   0: 0x8000b6b0 (0x00458593) addi    a1, a1, 4
core   0: 3 0x8000b6b0 (0x00458593) x11 0xfffffffc
core   0: 0x8000b6b4 (0xff15ece3) bltu    a1, a7, pc - 8
core   0: 3 0x8000b6b4 (0xff15ece3)
core   0: 0x8000b6b8 (0x40358fb3) sub     t6, a1, gp
core   0: 3 0x8000b6b8 (0x40358fb3) x31 0xffffff99
core   0: 0x8000b6bc (0x00a00513) li      a0, 10
core   0: 3 0x8000b6bc (0x00a00513) x10 0x0000000a
core   0: 0x8000b6c0 (0x00700693) li      a3, 7
core   0: 3 0x8000b6c0 (0x00700693) x13 0x00000007
core   0: 0x8000b6c4 (0x879d3bb7) lui     s7, 0x879d3
core   0: 3 0x8000b6c4 (0x879d3bb7) x23 0x879d3000
core   0: 0x8000b6c8 (0xffa50513) addi    a0, a0, -6
core   0: 3 0x8000b6c8 (0xffa50513) x10 0x00000004
core   0: 0x8000b6cc (0x03e01a33) mulh    s4, zero, t5
core   0: 3 0x8000b6cc (0x03e01a33) x20 0x00000000
core   0: 0x8000b6d0 (0xfed55ae3) bge     a0, a3, pc - 12
core   0: 3 0x8000b6d0 (0xfed55ae3)
core   0: 0x8000b6d4 (0x00dfb333) sltu    t1, t6, a3
core   0: 3 0x8000b6d4 (0x00dfb333) x 6 0x00000000
core   0: 0x8000b6d8 (0x00000513) li      a0, 0
core   0: 3 0x8000b6d8 (0x00000513) x10 0x00000000
core   0: 0x8000b6dc (0x01300a13) li      s4, 19
core   0: 3 0x8000b6dc (0x01300a13) x20 0x00000013
core   0: 0x8000b6e0 (0x887af693) andi    a3, s5, -1913
core   0: 3 0x8000b6e0 (0x887af693) x13 0x80029884
core   0: 0x8000b6e4 (0x01754bb3) xor     s7, a0, s7
core   0: 3 0x8000b6e4 (0x01754bb3) x23 0x879d3000
core   0: 0x8000b6e8 (0x023948b3) div     a7, s2, gp
core   0: 3 0x8000b6e8 (0x023948b3) x17 0x00000000
core   0: 0x8000b6ec (0x4091d6b3) sra     a3, gp, s1
core   0: 3 0x8000b6ec (0x4091d6b3) x13 0x00000063
core   0: 0x8000b6f0 (0x4d233013) sltiu   zero, t1, 1234
core   0: 3 0x8000b6f0 (0x4d233013)
core   0: 0x8000b6f4 (0x4002d133) sra     sp, t0, zero
core   0: 3 0x8000b6f4 (0x4002d133) x 2 0x00000000
core   0: 0x8000b6f8 (0x411882b3) sub     t0, a7, a7
core   0: 3 0x8000b6f8 (0x411882b3) x 5 0x00000000
core   0: 0x8000b6fc (0xe26ff413) andi    s0, t6, -474
core   0: 3 0x8000b6fc (0xe26ff413) x 8 0xfffffe00
core   0: 0x8000b700 (0x00250513) addi    a0, a0, 2
core   0: 3 0x8000b700 (0x00250513) x10 0x00000002
core   0: 0x8000b704 (0xffd00d13) li      s10, -3
core   0: 3 0x8000b704 (0xffd00d13) x26 0xfffffffd
core   0: 0x8000b708 (0xff100e13) li      t3, -15
core   0: 3 0x8000b708 (0xff100e13) x28 0xfffffff1
core   0: 0x8000b70c (0x0313b2b3) mulhu   t0, t2, a7
core   0: 3 0x8000b70c (0x0313b2b3) x 5 0x00000000
core   0: 0x8000b710 (0xc46c0b93) addi    s7, s8, -954
core   0: 3 0x8000b710 (0xc46c0b93) x23 0xfffffc46
core   0: 0x8000b714 (0x02ae74b3) remu    s1, t3, a0
core   0: 3 0x8000b714 (0x02ae74b3) x 9 0x00000001
core   0: 0x8000b718 (0x4ca13893) sltiu   a7, sp, 1226
core   0: 3 0x8000b718 (0x4ca13893) x17 0x00000001
core   0: 0x8000b71c (0x0253bdb3) mulhu   s11, t2, t0
core   0: 3 0x8000b71c (0x0253bdb3) x27 0x00000000
core   0: 0x8000b720 (0xffcd0d13) addi    s10, s10, -4
core   0: 3 0x8000b720 (0xffcd0d13) x26 0xfffffff9
core   0: 0x8000b724 (0xf470c3b7) lui     t2, 0xf470c
core   0: 3 0x8000b724 (0xf470c3b7) x 7 0xf470c000
core   0: 0x8000b728 (0xffcd18e3) bne     s10, t3, pc - 16
core   0: 3 0x8000b728 (0xffcd18e3)
core   0: 0x8000b718 (0x4ca13893) sltiu   a7, sp, 1226
core   0: 3 0x8000b718 (0x4ca13893) x17 0x00000001
core   0: 0x8000b71c (0x0253bdb3) mulhu   s11, t2, t0
core   0: 3 0x8000b71c (0x0253bdb3) x27 0x00000000
core   0: 0x8000b720 (0xffcd0d13) addi    s10, s10, -4
core   0: 3 0x8000b720 (0xffcd0d13) x26 0xfffffff5
core   0: 0x8000b724 (0xf470c3b7) lui     t2, 0xf470c
core   0: 3 0x8000b724 (0xf470c3b7) x 7 0xf470c000
core   0: 0x8000b728 (0xffcd18e3) bne     s10, t3, pc - 16
core   0: 3 0x8000b728 (0xffcd18e3)
core   0: 0x8000b718 (0x4ca13893) sltiu   a7, sp, 1226
core   0: 3 0x8000b718 (0x4ca13893) x17 0x00000001
core   0: 0x8000b71c (0x0253bdb3) mulhu   s11, t2, t0
core   0: 3 0x8000b71c (0x0253bdb3) x27 0x00000000
core   0: 0x8000b720 (0xffcd0d13) addi    s10, s10, -4
core   0: 3 0x8000b720 (0xffcd0d13) x26 0xfffffff1
core   0: 0x8000b724 (0xf470c3b7) lui     t2, 0xf470c
core   0: 3 0x8000b724 (0xf470c3b7) x 7 0xf470c000
core   0: 0x8000b728 (0xffcd18e3) bne     s10, t3, pc - 16
core   0: 3 0x8000b728 (0xffcd18e3)
core   0: 0x8000b72c (0x007e70b3) and     ra, t3, t2
core   0: 3 0x8000b72c (0x007e70b3) x 1 0xf470c000
core   0: 0x8000b730 (0xfd4540e3) blt     a0, s4, pc - 64
core   0: 3 0x8000b730 (0xfd4540e3)
core   0: 0x8000b6f0 (0x4d233013) sltiu   zero, t1, 1234
core   0: 3 0x8000b6f0 (0x4d233013)
core   0: 0x8000b6f4 (0x4002d133) sra     sp, t0, zero
core   0: 3 0x8000b6f4 (0x4002d133) x 2 0x00000000
core   0: 0x8000b6f8 (0x411882b3) sub     t0, a7, a7
core   0: 3 0x8000b6f8 (0x411882b3) x 5 0x00000000
core   0: 0x8000b6fc (0xe26ff413) andi    s0, t6, -474
core   0: 3 0x8000b6fc (0xe26ff413) x 8 0xfffffe00
core   0: 0x8000b700 (0x00250513) addi    a0, a0, 2
core   0: 3 0x8000b700 (0x00250513) x10 0x00000004
core   0: 0x8000b704 (0xffd00d13) li      s10, -3
core   0: 3 0x8000b704 (0xffd00d13) x26 0xfffffffd
core   0: 0x8000b708 (0xff100e13) li      t3, -15
core   0: 3 0x8000b708 (0xff100e13) x28 0xfffffff1
core   0: 0x8000b70c (0x0313b2b3) mulhu   t0, t2, a7
core   0: 3 0x8000b70c (0x0313b2b3) x 5 0x00000000
core   0: 0x8000b710 (0xc46c0b93) addi    s7, s8, -954
core   0: 3 0x8000b710 (0xc46c0b93) x23 0xfffffc46
core   0: 0x8000b714 (0x02ae74b3) remu    s1, t3, a0
core   0: 3 0x8000b714 (0x02ae74b3) x 9 0x00000001
core   0: 0x8000b718 (0x4ca13893) sltiu   a7, sp, 1226
core   0: 3 0x8000b718 (0x4ca13893) x17 0x00000001
core   0: 0x8000b71c (0x0253bdb3) mulhu   s11, t2, t0
core   0: 3 0x8000b71c (0x0253bdb3) x27 0x00000000
core   0: 0x8000b720 (0xffcd0d13) addi    s10, s10, -4
core   0: 3 0x8000b720 (0xffcd0d13) x26 0xfffffff9
core   0: 0x8000b724 (0xf470c3b7) lui     t2, 0xf470c
core   0: 3 0x8000b724 (0xf470c3b7) x 7 0xf470c000
core   0: 0x8000b728 (0xffcd18e3) bne     s10, t3, pc - 16
core   0: 3 0x8000b728 (0xffcd18e3)
core   0: 0x8000b718 (0x4ca13893) sltiu   a7, sp, 1226
core   0: 3 0x8000b718 (0x4ca13893) x17 0x00000001
core   0: 0x8000b71c (0x0253bdb3) mulhu   s11, t2, t0
core   0: 3 0x8000b71c (0x0253bdb3) x27 0x00000000
core   0: 0x8000b720 (0xffcd0d13) addi    s10, s10, -4
core   0: 3 0x8000b720 (0xffcd0d13) x26 0xfffffff5
core   0: 0x8000b724 (0xf470c3b7) lui     t2, 0xf470c
core   0: 3 0x8000b724 (0xf470c3b7) x 7 0xf470c000
core   0: 0x8000b728 (0xffcd18e3) bne     s10, t3, pc - 16
core   0: 3 0x8000b728 (0xffcd18e3)
core   0: 0x8000b718 (0x4ca13893) sltiu   a7, sp, 1226
core   0: 3 0x8000b718 (0x4ca13893) x17 0x00000001
core   0: 0x8000b71c (0x0253bdb3) mulhu   s11, t2, t0
core   0: 3 0x8000b71c (0x0253bdb3) x27 0x00000000
core   0: 0x8000b720 (0xffcd0d13) addi    s10, s10, -4
core   0: 3 0x8000b720 (0xffcd0d13) x26 0xfffffff1
core   0: 0x8000b724 (0xf470c3b7) lui     t2, 0xf470c
core   0: 3 0x8000b724 (0xf470c3b7) x 7 0xf470c000
core   0: 0x8000b728 (0xffcd18e3) bne     s10, t3, pc - 16
core   0: 3 0x8000b728 (0xffcd18e3)
core   0: 0x8000b72c (0x007e70b3) and     ra, t3, t2
core   0: 3 0x8000b72c (0x007e70b3) x 1 0xf470c000
core   0: 0x8000b730 (0xfd4540e3) blt     a0, s4, pc - 64
core   0: 3 0x8000b730 (0xfd4540e3)
core   0: 0x8000b6f0 (0x4d233013) sltiu   zero, t1, 1234
core   0: 3 0x8000b6f0 (0x4d233013)
core   0: 0x8000b6f4 (0x4002d133) sra     sp, t0, zero
core   0: 3 0x8000b6f4 (0x4002d133) x 2 0x00000000
core   0: 0x8000b6f8 (0x411882b3) sub     t0, a7, a7
core   0: 3 0x8000b6f8 (0x411882b3) x 5 0x00000000
core   0: 0x8000b6fc (0xe26ff413) andi    s0, t6, -474
core   0: 3 0x8000b6fc (0xe26ff413) x 8 0xfffffe00
core   0: 0x8000b700 (0x00250513) addi    a0, a0, 2
core   0: 3 0x8000b700 (0x00250513) x10 0x00000006
core   0: 0x8000b704 (0xffd00d13) li      s10, -3
core   0: 3 0x8000b704 (0xffd00d13) x26 0xfffffffd
core   0: 0x8000b708 (0xff100e13) li      t3, -15
core   0: 3 0x8000b708 (0xff100e13) x28 0xfffffff1
core   0: 0x8000b70c (0x0313b2b3) mulhu   t0, t2, a7
core   0: 3 0x8000b70c (0x0313b2b3) x 5 0x00000000
core   0: 0x8000b710 (0xc46c0b93) addi    s7, s8, -954
core   0: 3 0x8000b710 (0xc46c0b93) x23 0xfffffc46
core   0: 0x8000b714 (0x02ae74b3) remu    s1, t3, a0
core   0: 3 0x8000b714 (0x02ae74b3) x 9 0x00000001
core   0: 0x8000b718 (0x4ca13893) sltiu   a7, sp, 1226
core   0: 3 0x8000b718 (0x4ca13893) x17 0x00000001
core   0: 0x8000b71c (0x0253bdb3) mulhu   s11, t2, t0
core   0: 3 0x8000b71c (0x0253bdb3) x27 0x00000000
core   0: 0x8000b720 (0xffcd0d13) addi    s10, s10, -4
core   0: 3 0x8000b720 (0xffcd0d13) x26 0xfffffff9
core   0: 0x8000b724 (0xf470c3b7) lui     t2, 0xf470c
core   0: 3 0x8000b724 (0xf470c3b7) x 7 0xf470c000
core   0: 0x8000b728 (0xffcd18e3) bne     s10, t3, pc - 16
core   0: 3 0x8000b728 (0xffcd18e3)
core   0: 0x8000b718 (0x4ca13893) sltiu   a7, sp, 1226
core   0: 3 0x8000b718 (0x4ca13893) x17 0x00000001
core   0: 0x8000b71c (0x0253bdb3) mulhu   s11, t2, t0
core   0: 3 0x8000b71c (0x0253bdb3) x27 0x00000000
core   0: 0x8000b720 (0xffcd0d13) addi    s10, s10, -4
core   0: 3 0x8000b720 (0xffcd0d13) x26 0xfffffff5
core   0: 0x8000b724 (0xf470c3b7) lui     t2, 0xf470c
core   0: 3 0x8000b724 (0xf470c3b7) x 7 0xf470c000
core   0: 0x8000b728 (0xffcd18e3) bne     s10, t3, pc - 16
core   0: 3 0x8000b728 (0xffcd18e3)
core   0: 0x8000b718 (0x4ca13893) sltiu   a7, sp, 1226
core   0: 3 0x8000b718 (0x4ca13893) x17 0x00000001
core   0: 0x8000b71c (0x0253bdb3) mulhu   s11, t2, t0
core   0: 3 0x8000b71c (0x0253bdb3) x27 0x00000000
core   0: 0x8000b720 (0xffcd0d13) addi    s10, s10, -4
core   0: 3 0x8000b720 (0xffcd0d13) x26 0xfffffff1
core   0: 0x8000b724 (0xf470c3b7) lui     t2, 0xf470c
core   0: 3 0x8000b724 (0xf470c3b7) x 7 0xf470c000
core   0: 0x8000b728 (0xffcd18e3) bne     s10, t3, pc - 16
core   0: 3 0x8000b728 (0xffcd18e3)
core   0: 0x8000b72c (0x007e70b3) and     ra, t3, t2
core   0: 3 0x8000b72c (0x007e70b3) x 1 0xf470c000
core   0: 0x8000b730 (0xfd4540e3) blt     a0, s4, pc - 64
core   0: 3 0x8000b730 (0xfd4540e3)
core   0: 0x8000b6f0 (0x4d233013) sltiu   zero, t1, 1234
core   0: 3 0x8000b6f0 (0x4d233013)
core   0: 0x8000b6f4 (0x4002d133) sra     sp, t0, zero
core   0: 3 0x8000b6f4 (0x4002d133) x 2 0x00000000
core   0: 0x8000b6f8 (0x411882b3) sub     t0, a7, a7
core   0: 3 0x8000b6f8 (0x411882b3) x 5 0x00000000
core   0: 0x8000b6fc (0xe26ff413) andi    s0, t6, -474
core   0: 3 0x8000b6fc (0xe26ff413) x 8 0xfffffe00
core   0: 0x8000b700 (0x00250513) addi    a0, a0, 2
core   0: 3 0x8000b700 (0x00250513) x10 0x00000008
core   0: 0x8000b704 (0xffd00d13) li      s10, -3
core   0: 3 0x8000b704 (0xffd00d13) x26 0xfffffffd
core   0: 0x8000b708 (0xff100e13) li      t3, -15
core   0: 3 0x8000b708 (0xff100e13) x28 0xfffffff1
core   0: 0x8000b70c (0x0313b2b3) mulhu   t0, t2, a7
core   0: 3 0x8000b70c (0x0313b2b3) x 5 0x00000000
core   0: 0x8000b710 (0xc46c0b93) addi    s7, s8, -954
core   0: 3 0x8000b710 (0xc46c0b93) x23 0xfffffc46
core   0: 0x8000b714 (0x02ae74b3) remu    s1, t3, a0
core   0: 3 0x8000b714 (0x02ae74b3) x 9 0x00000001
core   0: 0x8000b718 (0x4ca13893) sltiu   a7, sp, 1226
core   0: 3 0x8000b718 (0x4ca13893) x17 0x00000001
core   0: 0x8000b71c (0x0253bdb3) mulhu   s11, t2, t0
core   0: 3 0x8000b71c (0x0253bdb3) x27 0x00000000
core   0: 0x8000b720 (0xffcd0d13) addi    s10, s10, -4
core   0: 3 0x8000b720 (0xffcd0d13) x26 0xfffffff9
core   0: 0x8000b724 (0xf470c3b7) lui     t2, 0xf470c
core   0: 3 0x8000b724 (0xf470c3b7) x 7 0xf470c000
core   0: 0x8000b728 (0xffcd18e3) bne     s10, t3, pc - 16
core   0: 3 0x8000b728 (0xffcd18e3)
core   0: 0x8000b718 (0x4ca13893) sltiu   a7, sp, 1226
core   0: 3 0x8000b718 (0x4ca13893) x17 0x00000001
core   0: 0x8000b71c (0x0253bdb3) mulhu   s11, t2, t0
core   0: 3 0x8000b71c (0x0253bdb3) x27 0x00000000
core   0: 0x8000b720 (0xffcd0d13) addi    s10, s10, -4
core   0: 3 0x8000b720 (0xffcd0d13) x26 0xfffffff5
core   0: 0x8000b724 (0xf470c3b7) lui     t2, 0xf470c
core   0: 3 0x8000b724 (0xf470c3b7) x 7 0xf470c000
core   0: 0x8000b728 (0xffcd18e3) bne     s10, t3, pc - 16
core   0: 3 0x8000b728 (0xffcd18e3)
core   0: 0x8000b718 (0x4ca13893) sltiu   a7, sp, 1226
core   0: 3 0x8000b718 (0x4ca13893) x17 0x00000001
core   0: 0x8000b71c (0x0253bdb3) mulhu   s11, t2, t0
core   0: 3 0x8000b71c (0x0253bdb3) x27 0x00000000
core   0: 0x8000b720 (0xffcd0d13) addi    s10, s10, -4
core   0: 3 0x8000b720 (0xffcd0d13) x26 0xfffffff1
core   0: 0x8000b724 (0xf470c3b7) lui     t2, 0xf470c
core   0: 3 0x8000b724 (0xf470c3b7) x 7 0xf470c000
core   0: 0x8000b728 (0xffcd18e3) bne     s10, t3, pc - 16
core   0: 3 0x8000b728 (0xffcd18e3)
core   0: 0x8000b72c (0x007e70b3) and     ra, t3, t2
core   0: 3 0x8000b72c (0x007e70b3) x 1 0xf470c000
core   0: 0x8000b730 (0xfd4540e3) blt     a0, s4, pc - 64
core   0: 3 0x8000b730 (0xfd4540e3)
core   0: 0x8000b6f0 (0x4d233013) sltiu   zero, t1, 1234
core   0: 3 0x8000b6f0 (0x4d233013)
core   0: 0x8000b6f4 (0x4002d133) sra     sp, t0, zero
core   0: 3 0x8000b6f4 (0x4002d133) x 2 0x00000000
core   0: 0x8000b6f8 (0x411882b3) sub     t0, a7, a7
core   0: 3 0x8000b6f8 (0x411882b3) x 5 0x00000000
core   0: 0x8000b6fc (0xe26ff413) andi    s0, t6, -474
core   0: 3 0x8000b6fc (0xe26ff413) x 8 0xfffffe00
core   0: 0x8000b700 (0x00250513) addi    a0, a0, 2
core   0: 3 0x8000b700 (0x00250513) x10 0x0000000a
core   0: 0x8000b704 (0xffd00d13) li      s10, -3
core   0: 3 0x8000b704 (0xffd00d13) x26 0xfffffffd
core   0: 0x8000b708 (0xff100e13) li      t3, -15
core   0: 3 0x8000b708 (0xff100e13) x28 0xfffffff1
core   0: 0x8000b70c (0x0313b2b3) mulhu   t0, t2, a7
core   0: 3 0x8000b70c (0x0313b2b3) x 5 0x00000000
core   0: 0x8000b710 (0xc46c0b93) addi    s7, s8, -954
core   0: 3 0x8000b710 (0xc46c0b93) x23 0xfffffc46
core   0: 0x8000b714 (0x02ae74b3) remu    s1, t3, a0
core   0: 3 0x8000b714 (0x02ae74b3) x 9 0x00000001
core   0: 0x8000b718 (0x4ca13893) sltiu   a7, sp, 1226
core   0: 3 0x8000b718 (0x4ca13893) x17 0x00000001
core   0: 0x8000b71c (0x0253bdb3) mulhu   s11, t2, t0
core   0: 3 0x8000b71c (0x0253bdb3) x27 0x00000000
core   0: 0x8000b720 (0xffcd0d13) addi    s10, s10, -4
core   0: 3 0x8000b720 (0xffcd0d13) x26 0xfffffff9
core   0: 0x8000b724 (0xf470c3b7) lui     t2, 0xf470c
core   0: 3 0x8000b724 (0xf470c3b7) x 7 0xf470c000
core   0: 0x8000b728 (0xffcd18e3) bne     s10, t3, pc - 16
core   0: 3 0x8000b728 (0xffcd18e3)
core   0: 0x8000b718 (0x4ca13893) sltiu   a7, sp, 1226
core   0: 3 0x8000b718 (0x4ca13893) x17 0x00000001
core   0: 0x8000b71c (0x0253bdb3) mulhu   s11, t2, t0
core   0: 3 0x8000b71c (0x0253bdb3) x27 0x00000000
core   0: 0x8000b720 (0xffcd0d13) addi    s10, s10, -4
core   0: 3 0x8000b720 (0xffcd0d13) x26 0xfffffff5
core   0: 0x8000b724 (0xf470c3b7) lui     t2, 0xf470c
core   0: 3 0x8000b724 (0xf470c3b7) x 7 0xf470c000
core   0: 0x8000b728 (0xffcd18e3) bne     s10, t3, pc - 16
core   0: 3 0x8000b728 (0xffcd18e3)
core   0: 0x8000b718 (0x4ca13893) sltiu   a7, sp, 1226
core   0: 3 0x8000b718 (0x4ca13893) x17 0x00000001
core   0: 0x8000b71c (0x0253bdb3) mulhu   s11, t2, t0
core   0: 3 0x8000b71c (0x0253bdb3) x27 0x00000000
core   0: 0x8000b720 (0xffcd0d13) addi    s10, s10, -4
core   0: 3 0x8000b720 (0xffcd0d13) x26 0xfffffff1
core   0: 0x8000b724 (0xf470c3b7) lui     t2, 0xf470c
core   0: 3 0x8000b724 (0xf470c3b7) x 7 0xf470c000
core   0: 0x8000b728 (0xffcd18e3) bne     s10, t3, pc - 16
core   0: 3 0x8000b728 (0xffcd18e3)
core   0: 0x8000b72c (0x007e70b3) and     ra, t3, t2
core   0: 3 0x8000b72c (0x007e70b3) x 1 0xf470c000
core   0: 0x8000b730 (0xfd4540e3) blt     a0, s4, pc - 64
core   0: 3 0x8000b730 (0xfd4540e3)
core   0: 0x8000b6f0 (0x4d233013) sltiu   zero, t1, 1234
core   0: 3 0x8000b6f0 (0x4d233013)
core   0: 0x8000b6f4 (0x4002d133) sra     sp, t0, zero
core   0: 3 0x8000b6f4 (0x4002d133) x 2 0x00000000
core   0: 0x8000b6f8 (0x411882b3) sub     t0, a7, a7
core   0: 3 0x8000b6f8 (0x411882b3) x 5 0x00000000
core   0: 0x8000b6fc (0xe26ff413) andi    s0, t6, -474
core   0: 3 0x8000b6fc (0xe26ff413) x 8 0xfffffe00
core   0: 0x8000b700 (0x00250513) addi    a0, a0, 2
core   0: 3 0x8000b700 (0x00250513) x10 0x0000000c
core   0: 0x8000b704 (0xffd00d13) li      s10, -3
core   0: 3 0x8000b704 (0xffd00d13) x26 0xfffffffd
core   0: 0x8000b708 (0xff100e13) li      t3, -15
core   0: 3 0x8000b708 (0xff100e13) x28 0xfffffff1
core   0: 0x8000b70c (0x0313b2b3) mulhu   t0, t2, a7
core   0: 3 0x8000b70c (0x0313b2b3) x 5 0x00000000
core   0: 0x8000b710 (0xc46c0b93) addi    s7, s8, -954
core   0: 3 0x8000b710 (0xc46c0b93) x23 0xfffffc46
core   0: 0x8000b714 (0x02ae74b3) remu    s1, t3, a0
core   0: 3 0x8000b714 (0x02ae74b3) x 9 0x00000001
core   0: 0x8000b718 (0x4ca13893) sltiu   a7, sp, 1226
core   0: 3 0x8000b718 (0x4ca13893) x17 0x00000001
core   0: 0x8000b71c (0x0253bdb3) mulhu   s11, t2, t0
core   0: 3 0x8000b71c (0x0253bdb3) x27 0x00000000
core   0: 0x8000b720 (0xffcd0d13) addi    s10, s10, -4
core   0: 3 0x8000b720 (0xffcd0d13) x26 0xfffffff9
core   0: 0x8000b724 (0xf470c3b7) lui     t2, 0xf470c
core   0: 3 0x8000b724 (0xf470c3b7) x 7 0xf470c000
core   0: 0x8000b728 (0xffcd18e3) bne     s10, t3, pc - 16
core   0: 3 0x8000b728 (0xffcd18e3)
core   0: 0x8000b718 (0x4ca13893) sltiu   a7, sp, 1226
core   0: 3 0x8000b718 (0x4ca13893) x17 0x00000001
core   0: 0x8000b71c (0x0253bdb3) mulhu   s11, t2, t0
core   0: 3 0x8000b71c (0x0253bdb3) x27 0x00000000
core   0: 0x8000b720 (0xffcd0d13) addi    s10, s10, -4
core   0: 3 0x8000b720 (0xffcd0d13) x26 0xfffffff5
core   0: 0x8000b724 (0xf470c3b7) lui     t2, 0xf470c
core   0: 3 0x8000b724 (0xf470c3b7) x 7 0xf470c000
core   0: 0x8000b728 (0xffcd18e3) bne     s10, t3, pc - 16
core   0: 3 0x8000b728 (0xffcd18e3)
core   0: 0x8000b718 (0x4ca13893) sltiu   a7, sp, 1226
core   0: 3 0x8000b718 (0x4ca13893) x17 0x00000001
core   0: 0x8000b71c (0x0253bdb3) mulhu   s11, t2, t0
core   0: 3 0x8000b71c (0x0253bdb3) x27 0x00000000
core   0: 0x8000b720 (0xffcd0d13) addi    s10, s10, -4
core   0: 3 0x8000b720 (0xffcd0d13) x26 0xfffffff1
core   0: 0x8000b724 (0xf470c3b7) lui     t2, 0xf470c
core   0: 3 0x8000b724 (0xf470c3b7) x 7 0xf470c000
core   0: 0x8000b728 (0xffcd18e3) bne     s10, t3, pc - 16
core   0: 3 0x8000b728 (0xffcd18e3)
core   0: 0x8000b72c (0x007e70b3) and     ra, t3, t2
core   0: 3 0x8000b72c (0x007e70b3) x 1 0xf470c000
core   0: 0x8000b730 (0xfd4540e3) blt     a0, s4, pc - 64
core   0: 3 0x8000b730 (0xfd4540e3)
core   0: 0x8000b6f0 (0x4d233013) sltiu   zero, t1, 1234
core   0: 3 0x8000b6f0 (0x4d233013)
core   0: 0x8000b6f4 (0x4002d133) sra     sp, t0, zero
core   0: 3 0x8000b6f4 (0x4002d133) x 2 0x00000000
core   0: 0x8000b6f8 (0x411882b3) sub     t0, a7, a7
core   0: 3 0x8000b6f8 (0x411882b3) x 5 0x00000000
core   0: 0x8000b6fc (0xe26ff413) andi    s0, t6, -474
core   0: 3 0x8000b6fc (0xe26ff413) x 8 0xfffffe00
core   0: 0x8000b700 (0x00250513) addi    a0, a0, 2
core   0: 3 0x8000b700 (0x00250513) x10 0x0000000e
core   0: 0x8000b704 (0xffd00d13) li      s10, -3
core   0: 3 0x8000b704 (0xffd00d13) x26 0xfffffffd
core   0: 0x8000b708 (0xff100e13) li      t3, -15
core   0: 3 0x8000b708 (0xff100e13) x28 0xfffffff1
core   0: 0x8000b70c (0x0313b2b3) mulhu   t0, t2, a7
core   0: 3 0x8000b70c (0x0313b2b3) x 5 0x00000000
core   0: 0x8000b710 (0xc46c0b93) addi    s7, s8, -954
core   0: 3 0x8000b710 (0xc46c0b93) x23 0xfffffc46
core   0: 0x8000b714 (0x02ae74b3) remu    s1, t3, a0
core   0: 3 0x8000b714 (0x02ae74b3) x 9 0x00000003
core   0: 0x8000b718 (0x4ca13893) sltiu   a7, sp, 1226
core   0: 3 0x8000b718 (0x4ca13893) x17 0x00000001
core   0: 0x8000b71c (0x0253bdb3) mulhu   s11, t2, t0
core   0: 3 0x8000b71c (0x0253bdb3) x27 0x00000000
core   0: 0x8000b720 (0xffcd0d13) addi    s10, s10, -4
core   0: 3 0x8000b720 (0xffcd0d13) x26 0xfffffff9
core   0: 0x8000b724 (0xf470c3b7) lui     t2, 0xf470c
core   0: 3 0x8000b724 (0xf470c3b7) x 7 0xf470c000
core   0: 0x8000b728 (0xffcd18e3) bne     s10, t3, pc - 16
core   0: 3 0x8000b728 (0xffcd18e3)
core   0: 0x8000b718 (0x4ca13893) sltiu   a7, sp, 1226
core   0: 3 0x8000b718 (0x4ca13893) x17 0x00000001
core   0: 0x8000b71c (0x0253bdb3) mulhu   s11, t2, t0
core   0: 3 0x8000b71c (0x0253bdb3) x27 0x00000000
core   0: 0x8000b720 (0xffcd0d13) addi    s10, s10, -4
core   0: 3 0x8000b720 (0xffcd0d13) x26 0xfffffff5
core   0: 0x8000b724 (0xf470c3b7) lui     t2, 0xf470c
core   0: 3 0x8000b724 (0xf470c3b7) x 7 0xf470c000
core   0: 0x8000b728 (0xffcd18e3) bne     s10, t3, pc - 16
core   0: 3 0x8000b728 (0xffcd18e3)
core   0: 0x8000b718 (0x4ca13893) sltiu   a7, sp, 1226
core   0: 3 0x8000b718 (0x4ca13893) x17 0x00000001
core   0: 0x8000b71c (0x0253bdb3) mulhu   s11, t2, t0
core   0: 3 0x8000b71c (0x0253bdb3) x27 0x00000000
core   0: 0x8000b720 (0xffcd0d13) addi    s10, s10, -4
core   0: 3 0x8000b720 (0xffcd0d13) x26 0xfffffff1
core   0: 0x8000b724 (0xf470c3b7) lui     t2, 0xf470c
core   0: 3 0x8000b724 (0xf470c3b7) x 7 0xf470c000
core   0: 0x8000b728 (0xffcd18e3) bne     s10, t3, pc - 16
core   0: 3 0x8000b728 (0xffcd18e3)
core   0: 0x8000b72c (0x007e70b3) and     ra, t3, t2
core   0: 3 0x8000b72c (0x007e70b3) x 1 0xf470c000
core   0: 0x8000b730 (0xfd4540e3) blt     a0, s4, pc - 64
core   0: 3 0x8000b730 (0xfd4540e3)
core   0: 0x8000b6f0 (0x4d233013) sltiu   zero, t1, 1234
core   0: 3 0x8000b6f0 (0x4d233013)
core   0: 0x8000b6f4 (0x4002d133) sra     sp, t0, zero
core   0: 3 0x8000b6f4 (0x4002d133) x 2 0x00000000
core   0: 0x8000b6f8 (0x411882b3) sub     t0, a7, a7
core   0: 3 0x8000b6f8 (0x411882b3) x 5 0x00000000
core   0: 0x8000b6fc (0xe26ff413) andi    s0, t6, -474
core   0: 3 0x8000b6fc (0xe26ff413) x 8 0xfffffe00
core   0: 0x8000b700 (0x00250513) addi    a0, a0, 2
core   0: 3 0x8000b700 (0x00250513) x10 0x00000010
core   0: 0x8000b704 (0xffd00d13) li      s10, -3
core   0: 3 0x8000b704 (0xffd00d13) x26 0xfffffffd
core   0: 0x8000b708 (0xff100e13) li      t3, -15
core   0: 3 0x8000b708 (0xff100e13) x28 0xfffffff1
core   0: 0x8000b70c (0x0313b2b3) mulhu   t0, t2, a7
core   0: 3 0x8000b70c (0x0313b2b3) x 5 0x00000000
core   0: 0x8000b710 (0xc46c0b93) addi    s7, s8, -954
core   0: 3 0x8000b710 (0xc46c0b93) x23 0xfffffc46
core   0: 0x8000b714 (0x02ae74b3) remu    s1, t3, a0
core   0: 3 0x8000b714 (0x02ae74b3) x 9 0x00000001
core   0: 0x8000b718 (0x4ca13893) sltiu   a7, sp, 1226
core   0: 3 0x8000b718 (0x4ca13893) x17 0x00000001
core   0: 0x8000b71c (0x0253bdb3) mulhu   s11, t2, t0
core   0: 3 0x8000b71c (0x0253bdb3) x27 0x00000000
core   0: 0x8000b720 (0xffcd0d13) addi    s10, s10, -4
core   0: 3 0x8000b720 (0xffcd0d13) x26 0xfffffff9
core   0: 0x8000b724 (0xf470c3b7) lui     t2, 0xf470c
core   0: 3 0x8000b724 (0xf470c3b7) x 7 0xf470c000
core   0: 0x8000b728 (0xffcd18e3) bne     s10, t3, pc - 16
core   0: 3 0x8000b728 (0xffcd18e3)
core   0: 0x8000b718 (0x4ca13893) sltiu   a7, sp, 1226
core   0: 3 0x8000b718 (0x4ca13893) x17 0x00000001
core   0: 0x8000b71c (0x0253bdb3) mulhu   s11, t2, t0
core   0: 3 0x8000b71c (0x0253bdb3) x27 0x00000000
core   0: 0x8000b720 (0xffcd0d13) addi    s10, s10, -4
core   0: 3 0x8000b720 (0xffcd0d13) x26 0xfffffff5
core   0: 0x8000b724 (0xf470c3b7) lui     t2, 0xf470c
core   0: 3 0x8000b724 (0xf470c3b7) x 7 0xf470c000
core   0: 0x8000b728 (0xffcd18e3) bne     s10, t3, pc - 16
core   0: 3 0x8000b728 (0xffcd18e3)
core   0: 0x8000b718 (0x4ca13893) sltiu   a7, sp, 1226
core   0: 3 0x8000b718 (0x4ca13893) x17 0x00000001
core   0: 0x8000b71c (0x0253bdb3) mulhu   s11, t2, t0
core   0: 3 0x8000b71c (0x0253bdb3) x27 0x00000000
core   0: 0x8000b720 (0xffcd0d13) addi    s10, s10, -4
core   0: 3 0x8000b720 (0xffcd0d13) x26 0xfffffff1
core   0: 0x8000b724 (0xf470c3b7) lui     t2, 0xf470c
core   0: 3 0x8000b724 (0xf470c3b7) x 7 0xf470c000
core   0: 0x8000b728 (0xffcd18e3) bne     s10, t3, pc - 16
core   0: 3 0x8000b728 (0xffcd18e3)
core   0: 0x8000b72c (0x007e70b3) and     ra, t3, t2
core   0: 3 0x8000b72c (0x007e70b3) x 1 0xf470c000
core   0: 0x8000b730 (0xfd4540e3) blt     a0, s4, pc - 64
core   0: 3 0x8000b730 (0xfd4540e3)
core   0: 0x8000b6f0 (0x4d233013) sltiu   zero, t1, 1234
core   0: 3 0x8000b6f0 (0x4d233013)
core   0: 0x8000b6f4 (0x4002d133) sra     sp, t0, zero
core   0: 3 0x8000b6f4 (0x4002d133) x 2 0x00000000
core   0: 0x8000b6f8 (0x411882b3) sub     t0, a7, a7
core   0: 3 0x8000b6f8 (0x411882b3) x 5 0x00000000
core   0: 0x8000b6fc (0xe26ff413) andi    s0, t6, -474
core   0: 3 0x8000b6fc (0xe26ff413) x 8 0xfffffe00
core   0: 0x8000b700 (0x00250513) addi    a0, a0, 2
core   0: 3 0x8000b700 (0x00250513) x10 0x00000012
core   0: 0x8000b704 (0xffd00d13) li      s10, -3
core   0: 3 0x8000b704 (0xffd00d13) x26 0xfffffffd
core   0: 0x8000b708 (0xff100e13) li      t3, -15
core   0: 3 0x8000b708 (0xff100e13) x28 0xfffffff1
core   0: 0x8000b70c (0x0313b2b3) mulhu   t0, t2, a7
core   0: 3 0x8000b70c (0x0313b2b3) x 5 0x00000000
core   0: 0x8000b710 (0xc46c0b93) addi    s7, s8, -954
core   0: 3 0x8000b710 (0xc46c0b93) x23 0xfffffc46
core   0: 0x8000b714 (0x02ae74b3) remu    s1, t3, a0
core   0: 3 0x8000b714 (0x02ae74b3) x 9 0x00000007
core   0: 0x8000b718 (0x4ca13893) sltiu   a7, sp, 1226
core   0: 3 0x8000b718 (0x4ca13893) x17 0x00000001
core   0: 0x8000b71c (0x0253bdb3) mulhu   s11, t2, t0
core   0: 3 0x8000b71c (0x0253bdb3) x27 0x00000000
core   0: 0x8000b720 (0xffcd0d13) addi    s10, s10, -4
core   0: 3 0x8000b720 (0xffcd0d13) x26 0xfffffff9
core   0: 0x8000b724 (0xf470c3b7) lui     t2, 0xf470c
core   0: 3 0x8000b724 (0xf470c3b7) x 7 0xf470c000
core   0: 0x8000b728 (0xffcd18e3) bne     s10, t3, pc - 16
core   0: 3 0x8000b728 (0xffcd18e3)
core   0: 0x8000b718 (0x4ca13893) sltiu   a7, sp, 1226
core   0: 3 0x8000b718 (0x4ca13893) x17 0x00000001
core   0: 0x8000b71c (0x0253bdb3) mulhu   s11, t2, t0
core   0: 3 0x8000b71c (0x0253bdb3) x27 0x00000000
core   0: 0x8000b720 (0xffcd0d13) addi    s10, s10, -4
core   0: 3 0x8000b720 (0xffcd0d13) x26 0xfffffff5
core   0: 0x8000b724 (0xf470c3b7) lui     t2, 0xf470c
core   0: 3 0x8000b724 (0xf470c3b7) x 7 0xf470c000
core   0: 0x8000b728 (0xffcd18e3) bne     s10, t3, pc - 16
core   0: 3 0x8000b728 (0xffcd18e3)
core   0: 0x8000b718 (0x4ca13893) sltiu   a7, sp, 1226
core   0: 3 0x8000b718 (0x4ca13893) x17 0x00000001
core   0: 0x8000b71c (0x0253bdb3) mulhu   s11, t2, t0
core   0: 3 0x8000b71c (0x0253bdb3) x27 0x00000000
core   0: 0x8000b720 (0xffcd0d13) addi    s10, s10, -4
core   0: 3 0x8000b720 (0xffcd0d13) x26 0xfffffff1
core   0: 0x8000b724 (0xf470c3b7) lui     t2, 0xf470c
core   0: 3 0x8000b724 (0xf470c3b7) x 7 0xf470c000
core   0: 0x8000b728 (0xffcd18e3) bne     s10, t3, pc - 16
core   0: 3 0x8000b728 (0xffcd18e3)
core   0: 0x8000b72c (0x007e70b3) and     ra, t3, t2
core   0: 3 0x8000b72c (0x007e70b3) x 1 0xf470c000
core   0: 0x8000b730 (0xfd4540e3) blt     a0, s4, pc - 64
core   0: 3 0x8000b730 (0xfd4540e3)
core   0: 0x8000b6f0 (0x4d233013) sltiu   zero, t1, 1234
core   0: 3 0x8000b6f0 (0x4d233013)
core   0: 0x8000b6f4 (0x4002d133) sra     sp, t0, zero
core   0: 3 0x8000b6f4 (0x4002d133) x 2 0x00000000
core   0: 0x8000b6f8 (0x411882b3) sub     t0, a7, a7
core   0: 3 0x8000b6f8 (0x411882b3) x 5 0x00000000
core   0: 0x8000b6fc (0xe26ff413) andi    s0, t6, -474
core   0: 3 0x8000b6fc (0xe26ff413) x 8 0xfffffe00
core   0: 0x8000b700 (0x00250513) addi    a0, a0, 2
core   0: 3 0x8000b700 (0x00250513) x10 0x00000014
core   0: 0x8000b704 (0xffd00d13) li      s10, -3
core   0: 3 0x8000b704 (0xffd00d13) x26 0xfffffffd
core   0: 0x8000b708 (0xff100e13) li      t3, -15
core   0: 3 0x8000b708 (0xff100e13) x28 0xfffffff1
core   0: 0x8000b70c (0x0313b2b3) mulhu   t0, t2, a7
core   0: 3 0x8000b70c (0x0313b2b3) x 5 0x00000000
core   0: 0x8000b710 (0xc46c0b93) addi    s7, s8, -954
core   0: 3 0x8000b710 (0xc46c0b93) x23 0xfffffc46
core   0: 0x8000b714 (0x02ae74b3) remu    s1, t3, a0
core   0: 3 0x8000b714 (0x02ae74b3) x 9 0x00000001
core   0: 0x8000b718 (0x4ca13893) sltiu   a7, sp, 1226
core   0: 3 0x8000b718 (0x4ca13893) x17 0x00000001
core   0: 0x8000b71c (0x0253bdb3) mulhu   s11, t2, t0
core   0: 3 0x8000b71c (0x0253bdb3) x27 0x00000000
core   0: 0x8000b720 (0xffcd0d13) addi    s10, s10, -4
core   0: 3 0x8000b720 (0xffcd0d13) x26 0xfffffff9
core   0: 0x8000b724 (0xf470c3b7) lui     t2, 0xf470c
core   0: 3 0x8000b724 (0xf470c3b7) x 7 0xf470c000
core   0: 0x8000b728 (0xffcd18e3) bne     s10, t3, pc - 16
core   0: 3 0x8000b728 (0xffcd18e3)
core   0: 0x8000b718 (0x4ca13893) sltiu   a7, sp, 1226
core   0: 3 0x8000b718 (0x4ca13893) x17 0x00000001
core   0: 0x8000b71c (0x0253bdb3) mulhu   s11, t2, t0
core   0: 3 0x8000b71c (0x0253bdb3) x27 0x00000000
core   0: 0x8000b720 (0xffcd0d13) addi    s10, s10, -4
core   0: 3 0x8000b720 (0xffcd0d13) x26 0xfffffff5
core   0: 0x8000b724 (0xf470c3b7) lui     t2, 0xf470c
core   0: 3 0x8000b724 (0xf470c3b7) x 7 0xf470c000
core   0: 0x8000b728 (0xffcd18e3) bne     s10, t3, pc - 16
core   0: 3 0x8000b728 (0xffcd18e3)
core   0: 0x8000b718 (0x4ca13893) sltiu   a7, sp, 1226
core   0: 3 0x8000b718 (0x4ca13893) x17 0x00000001
core   0: 0x8000b71c (0x0253bdb3) mulhu   s11, t2, t0
core   0: 3 0x8000b71c (0x0253bdb3) x27 0x00000000
core   0: 0x8000b720 (0xffcd0d13) addi    s10, s10, -4
core   0: 3 0x8000b720 (0xffcd0d13) x26 0xfffffff1
core   0: 0x8000b724 (0xf470c3b7) lui     t2, 0xf470c
core   0: 3 0x8000b724 (0xf470c3b7) x 7 0xf470c000
core   0: 0x8000b728 (0xffcd18e3) bne     s10, t3, pc - 16
core   0: 3 0x8000b728 (0xffcd18e3)
core   0: 0x8000b72c (0x007e70b3) and     ra, t3, t2
core   0: 3 0x8000b72c (0x007e70b3) x 1 0xf470c000
core   0: 0x8000b730 (0xfd4540e3) blt     a0, s4, pc - 64
core   0: 3 0x8000b730 (0xfd4540e3)
core   0: 0x8000b734 (0x407cd593) srai    a1, s9, 7
core   0: 3 0x8000b734 (0x407cd593) x11 0x00000000
core   0: 0x8000b738 (0x030f5463) bge     t5, a6, pc + 40
core   0: 3 0x8000b738 (0x030f5463)
core   0: 0x8000b760 (0x4090f993) andi    s3, ra, 1033
core   0: 3 0x8000b760 (0x4090f993) x19 0x00000000
core   0: 0x8000b764 (0x0079e3b3) or      t2, s3, t2
core   0: 3 0x8000b764 (0x0079e3b3) x 7 0xf470c000
core   0: 0x8000b768 (0x00000013) nop
core   0: 3 0x8000b768 (0x00000013)
core   0: 0x8000b76c (0x013222b3) slt     t0, tp, s3
core   0: 3 0x8000b76c (0x013222b3) x 5 0x00000000
core   0: 0x8000b770 (0x006bdc93) srli    s9, s7, 6
core   0: 3 0x8000b770 (0x006bdc93) x25 0x03fffff1
core   0: 0x8000b774 (0x000cafb3) slt     t6, s9, zero
core   0: 3 0x8000b774 (0x000cafb3) x31 0x00000000
core   0: 0x8000b778 (0x00866863) bltu    a2, s0, pc + 16
core   0: 3 0x8000b778 (0x00866863)
core   0: 0x8000b788 (0x01b94c33) xor     s8, s2, s11
core   0: 3 0x8000b788 (0x01b94c33) x24 0x00000000
core   0: 0x8000b78c (0xea483b13) sltiu   s6, a6, -348
core   0: 3 0x8000b78c (0xea483b13) x22 0x00000000
core   0: 0x8000b790 (0x03d163b3) rem     t2, sp, t4
core   0: 3 0x8000b790 (0x03d163b3) x 7 0x00000000
core   0: 0x8000b794 (0x03c22233) mulhsu  tp, tp, t3
core   0: 3 0x8000b794 (0x03c22233) x 4 0x00000000
core   0: 0x8000b798 (0xd4924813) xori    a6, tp, -695
core   0: 3 0x8000b798 (0xd4924813) x16 0xfffffd49
core   0: 0x8000b79c (0x0126b733) sltu    a4, a3, s2
core   0: 3 0x8000b79c (0x0126b733) x14 0x00000000
core   0: 0x8000b7a0 (0x00b1a933) slt     s2, gp, a1
core   0: 3 0x8000b7a0 (0x00b1a933) x18 0x00000000
core   0: 0x8000b7a4 (0x41fb5c13) srai    s8, s6, 31
core   0: 3 0x8000b7a4 (0x41fb5c13) x24 0x00000000
core   0: 0x8000b7a8 (0x01ad9013) slli    zero, s11, 26
core   0: 3 0x8000b7a8 (0x01ad9013)
core   0: 0x8000b7ac (0x0298dfb3) divu    t6, a7, s1
core   0: 3 0x8000b7ac (0x0298dfb3) x31 0x00000001
core   0: 0x8000b7b0 (0x41e702b3) sub     t0, a4, t5
core   0: 3 0x8000b7b0 (0x41e702b3) x 5 0x00000000
core   0: 0x8000b7b4 (0x0340c833) div     a6, ra, s4
core   0: 3 0x8000b7b4 (0x0340c833) x16 0xff644000
core   0: 0x8000b7b8 (0x00f9d213) srli    tp, s3, 15
core   0: 3 0x8000b7b8 (0x00f9d213) x 4 0x00000000
core   0: 0x8000b7bc (0x012e5e93) srli    t4, t3, 18
core   0: 3 0x8000b7bc (0x012e5e93) x29 0x00003fff
core   0: 0x8000b7c0 (0x0120a533) slt     a0, ra, s2
core   0: 3 0x8000b7c0 (0x0120a533) x10 0x00000001
core   0: 0x8000b7c4 (0x031788b3) mul     a7, a5, a7
core   0: 3 0x8000b7c4 (0x031788b3) x17 0x80025e24
core   0: 0x8000b7c8 (0x00a4ffb3) and     t6, s1, a0
core   0: 3 0x8000b7c8 (0x00a4ffb3) x31 0x00000001
core   0: 0x8000b7cc (0xa0524497) auipc   s1, 0xa0524
core   0: 3 0x8000b7cc (0xa0524497) x 9 0x2052f7cc
core   0: 0x8000b7d0 (0x0074feb3) and     t4, s1, t2
core   0: 3 0x8000b7d0 (0x0074feb3) x29 0x00000000
core   0: 0x8000b7d4 (0x72b92197) auipc   gp, 0x72b92
core   0: 3 0x8000b7d4 (0x72b92197) x 3 0xf2b9d7d4
core   0: 0x8000b7d8 (0x008cd333) srl     t1, s9, s0
core   0: 3 0x8000b7d8 (0x008cd333) x 6 0x03fffff1
core   0: 0x8000b7dc (0x0130ec63) bltu    ra, s3, pc + 24
core   0: 3 0x8000b7dc (0x0130ec63)
core   0: 0x8000b7e0 (0x00000013) nop
core   0: 3 0x8000b7e0 (0x00000013)
core   0: 0x8000b7e4 (0x01ba38b3) sltu    a7, s4, s11
core   0: 3 0x8000b7e4 (0x01ba38b3) x17 0x00000000
core   0: 0x8000b7e8 (0x01fb34b3) sltu    s1, s6, t6
core   0: 3 0x8000b7e8 (0x01fb34b3) x 9 0x00000001
core   0: 0x8000b7ec (0x16ccc713) xori    a4, s9, 364
core   0: 3 0x8000b7ec (0x16ccc713) x14 0x03fffe9d
core   0: 0x8000b7f0 (0x59292593) slti    a1, s2, 1426
core   0: 3 0x8000b7f0 (0x59292593) x11 0x00000001
core   0: 0x8000b7f4 (0x008b3233) sltu    tp, s6, s0
core   0: 3 0x8000b7f4 (0x008b3233) x 4 0x00000001
core   0: 0x8000b7f8 (0x02f15eb3) divu    t4, sp, a5
core   0: 3 0x8000b7f8 (0x02f15eb3) x29 0x00000000
core   0: 0x8000b7fc (0x472e8213) addi    tp, t4, 1138
core   0: 3 0x8000b7fc (0x472e8213) x 4 0x00000472
core   0: 0x8000b800 (0x00b90733) add     a4, s2, a1
core   0: 3 0x8000b800 (0x00b90733) x14 0x00000001
core   0: 0x8000b804 (0x02d6fbb3) remu    s7, a3, a3
core   0: 3 0x8000b804 (0x02d6fbb3) x23 0x00000000
core   0: 0x8000b808 (0x020be633) rem     a2, s7, zero
core   0: 3 0x8000b808 (0x020be633) x12 0x00000000
core   0: 0x8000b80c (0x01df5263) bge     t5, t4, pc + 4
core   0: 3 0x8000b80c (0x01df5263)
core   0: 0x8000b810 (0x027d8233) mul     tp, s11, t2
core   0: 3 0x8000b810 (0x027d8233) x 4 0x00000000
core   0: 0x8000b814 (0x001dd433) srl     s0, s11, ra
core   0: 3 0x8000b814 (0x001dd433) x 8 0x00000000
core   0: 0x8000b818 (0x034c89b3) mul     s3, s9, s4
core   0: 3 0x8000b818 (0x034c89b3) x19 0x4bfffee3
core   0: 0x8000b81c (0x02c69263) bne     a3, a2, pc + 36
core   0: 3 0x8000b81c (0x02c69263)
core   0: 0x8000b840 (0x00bcc933) xor     s2, s9, a1
core   0: 3 0x8000b840 (0x00bcc933) x18 0x03fffff0
core   0: 0x8000b844 (0x02f2b733) mulhu   a4, t0, a5
core   0: 3 0x8000b844 (0x02f2b733) x14 0x00000000
core   0: 0x8000b848 (0xbbb43213) sltiu   tp, s0, -1093
core   0: 3 0x8000b848 (0xbbb43213) x 4 0x00000001
core   0: 0x8000b84c (0x01298eb3) add     t4, s3, s2
core   0: 3 0x8000b84c (0x01298eb3) x29 0x4ffffed3
core   0: 0x8000b850 (0x00954463) blt     a0, s1, pc + 8
core   0: 3 0x8000b850 (0x00954463)
core   0: 0x8000b854 (0x011888b3) add     a7, a7, a7
core   0: 3 0x8000b854 (0x011888b3) x17 0x00000000
core   0: 0x8000b858 (0x02bffdb3) remu    s11, t6, a1
core   0: 3 0x8000b858 (0x02bffdb3) x27 0x00000000
core   0: 0x8000b85c (0x2ed73e93) sltiu   t4, a4, 749
core   0: 3 0x8000b85c (0x2ed73e93) x29 0x00000001
core   0: 0x8000b860 (0x024503b3) mul     t2, a0, tp
core   0: 3 0x8000b860 (0x024503b3) x 7 0x00000001
core   0: 0x8000b864 (0x95f5a513) slti    a0, a1, -1697
core   0: 3 0x8000b864 (0x95f5a513) x10 0x00000000
core   0: 0x8000b868 (0x03dbbe33) mulhu   t3, s7, t4
core   0: 3 0x8000b868 (0x03dbbe33) x28 0x00000000
core   0: 0x8000b86c (0x9a3565b7) lui     a1, 0x9a356
core   0: 3 0x8000b86c (0x9a3565b7) x11 0x9a356000
core   0: 0x8000b870 (0x03fdee33) rem     t3, s11, t6
core   0: 3 0x8000b870 (0x03fdee33) x28 0x00000000
core   0: 0x8000b874 (0xe92d4017) auipc   zero, 0xe92d4
core   0: 3 0x8000b874 (0xe92d4017)
core   0: 0x8000b878 (0x8956ec13) ori     s8, a3, -1899
core   0: 3 0x8000b878 (0x8956ec13) x24 0xfffff8f7
core   0: 0x8000b87c (0x03f5b333) mulhu   t1, a1, t6
core   0: 3 0x8000b87c (0x03f5b333) x 6 0x00000000
core   0: 0x8000b880 (0x028a76b3) remu    a3, s4, s0
core   0: 3 0x8000b880 (0x028a76b3) x13 0x00000013
core   0: 0x8000b884 (0xaa161e97) auipc   t4, 0xaa161
core   0: 3 0x8000b884 (0xaa161e97) x29 0x2a16c884
core   0: 0x8000b888 (0x04eb1063) bne     s6, a4, pc + 64
core   0: 3 0x8000b888 (0x04eb1063)
core   0: 0x8000b88c (0x035f4133) div     sp, t5, s5
core   0: 3 0x8000b88c (0x035f4133) x 2 0x00000000
core   0: 0x8000b890 (0x00bacd33) xor     s10, s5, a1
core   0: 3 0x8000b890 (0x00bacd33) x26 0x1a37fce4
core   0: 0x8000b894 (0x016e7533) and     a0, t3, s6
core   0: 3 0x8000b894 (0x016e7533) x10 0x00000000
core   0: 0x8000b898 (0x002a0933) add     s2, s4, sp
core   0: 3 0x8000b898 (0x002a0933) x18 0x00000013
core   0: 0x8000b89c (0xe1772a17) auipc   s4, 0xe1772
core   0: 3 0x8000b89c (0xe1772a17) x20 0x6177d89c
core   0: 0x8000b8a0 (0x4013d113) srai    sp, t2, 1
core   0: 3 0x8000b8a0 (0x4013d113) x 2 0x00000000
core   0: 0x8000b8a4 (0x03bf9863) bne     t6, s11, pc + 48
core   0: 3 0x8000b8a4 (0x03bf9863)
core   0: 0x8000b8d4 (0x00b083b3) add     t2, ra, a1
core   0: 3 0x8000b8d4 (0x00b083b3) x 7 0x8ea62000
core   0: 0x8000b8d8 (0x006ecbb3) xor     s7, t4, t1
core   0: 3 0x8000b8d8 (0x006ecbb3) x23 0x2a16c884
core   0: 0x8000b8dc (0x640b6f93) ori     t6, s6, 1600
core   0: 3 0x8000b8dc (0x640b6f93) x31 0x00000640
core   0: 0x8000b8e0 (0x00236333) or      t1, t1, sp
core   0: 3 0x8000b8e0 (0x00236333) x 6 0x00000000
core   0: 0x8000b8e4 (0x00f09863) bne     ra, a5, pc + 16
core   0: 3 0x8000b8e4 (0x00f09863)
core   0: 0x8000b8f4 (0x025a4063) blt     s4, t0, pc + 32
core   0: 3 0x8000b8f4 (0x025a4063)
core   0: 0x8000b8f8 (0x02b94cb3) div     s9, s2, a1
core   0: 3 0x8000b8f8 (0x02b94cb3) x25 0x00000000
core   0: 0x8000b8fc (0x02b12a33) mulhsu  s4, sp, a1
core   0: 3 0x8000b8fc (0x02b12a33) x20 0x00000000
core   0: 0x8000b900 (0x01262033) slt     zero, a2, s2
core   0: 3 0x8000b900 (0x01262033)
core   0: 0x8000b904 (0x00859713) slli    a4, a1, 8
core   0: 3 0x8000b904 (0x00859713) x14 0x35600000
core   0: 0x8000b908 (0x03abf033) remu    zero, s7, s10
core   0: 3 0x8000b908 (0x03abf033)
core   0: 0x8000b90c (0x03238433) mul     s0, t2, s2
core   0: 3 0x8000b90c (0x03238433) x 8 0x96546000
core   0: 0x8000b910 (0x01fe4933) xor     s2, t3, t6
core   0: 3 0x8000b910 (0x01fe4933) x18 0x00000640
core   0: 0x8000b914 (0x03179bb3) mulh    s7, a5, a7
core   0: 3 0x8000b914 (0x03179bb3) x23 0x00000000
core   0: 0x8000b918 (0x009d8d33) add     s10, s11, s1
core   0: 3 0x8000b918 (0x009d8d33) x26 0x00000001
core   0: 0x8000b91c (0x74211f97) auipc   t6, 0x74211
core   0: 3 0x8000b91c (0x74211f97) x31 0xf421c91c
core   0: 0x8000b920 (0x6d66e213) ori     tp, a3, 1750
core   0: 3 0x8000b920 (0x6d66e213) x 4 0x000006d7
core   0: 0x8000b924 (0x00d45d33) srl     s10, s0, a3
core   0: 3 0x8000b924 (0x00d45d33) x26 0x000012ca
core   0: 0x8000b928 (0x890df017) auipc   zero, 0x890df
core   0: 3 0x8000b928 (0x890df017)
core   0: 0x8000b92c (0x00000013) nop
core   0: 3 0x8000b92c (0x00000013)
core   0: 0x8000b930 (0x007a1e13) slli    t3, s4, 7
core   0: 3 0x8000b930 (0x007a1e13) x28 0x00000000
core   0: 0x8000b934 (0x0db76393) ori     t2, a4, 219
core   0: 3 0x8000b934 (0x0db76393) x 7 0x356000db
core   0: 0x8000b938 (0x0109abb3) slt     s7, s3, a6
core   0: 3 0x8000b938 (0x0109abb3) x23 0x00000000
core   0: 0x8000b93c (0x01f49bb3) sll     s7, s1, t6
core   0: 3 0x8000b93c (0x01f49bb3) x23 0x10000000
core   0: 0x8000b940 (0x41e90233) sub     tp, s2, t5
core   0: 3 0x8000b940 (0x41e90233) x 4 0x00000640
core   0: 0x8000b944 (0x012c16b3) sll     a3, s8, s2
core   0: 3 0x8000b944 (0x012c16b3) x13 0xfffff8f7
core   0: 0x8000b948 (0x00db8db3) add     s11, s7, a3
core   0: 3 0x8000b948 (0x00db8db3) x27 0x0ffff8f7
core   0: 0x8000b94c (0x2a0af617) auipc   a2, 0x2a0af
core   0: 3 0x8000b94c (0x2a0af617) x12 0xaa0ba94c
core   0: 0x8000b950 (0x01f49913) slli    s2, s1, 31
core   0: 3 0x8000b950 (0x01f49913) x18 0x80000000
core   0: 0x8000b954 (0x02eb4463) blt     s6, a4, pc + 40
core   0: 3 0x8000b954 (0x02eb4463)
core   0: 0x8000b97c (0x0256f663) bgeu    a3, t0, pc + 44
core   0: 3 0x8000b97c (0x0256f663)
core   0: 0x8000b9a8 (0x41ea5d13) srai    s10, s4, 30
core   0: 3 0x8000b9a8 (0x41ea5d13) x26 0x00000000
core   0: 0x8000b9ac (0x01cc5333) srl     t1, s8, t3
core   0: 3 0x8000b9ac (0x01cc5333) x 6 0xfffff8f7
core   0: 0x8000b9b0 (0x01cc4433) xor     s0, s8, t3
core   0: 3 0x8000b9b0 (0x01cc4433) x 8 0xfffff8f7
core   0: 0x8000b9b4 (0x34f60a13) addi    s4, a2, 847
core   0: 3 0x8000b9b4 (0x34f60a13) x20 0xaa0bac9b
core   0: 0x8000b9b8 (0x771650b7) lui     ra, 0x77165
core   0: 3 0x8000b9b8 (0x771650b7) x 1 0x77165000
core   0: 0x8000b9bc (0xf1438d13) addi    s10, t2, -236
core   0: 3 0x8000b9bc (0xf1438d13) x26 0x355fffef
core   0: 0x8000b9c0 (0x002499b3) sll     s3, s1, sp
core   0: 3 0x8000b9c0 (0x002499b3) x19 0x00000001
core   0: 0x8000b9c4 (0x03a89b33) mulh    s6, a7, s10
core   0: 3 0x8000b9c4 (0x03a89b33) x22 0x00000000
core   0: 0x8000b9c8 (0x00f94db3) xor     s11, s2, a5
core   0: 3 0x8000b9c8 (0x00f94db3) x27 0x00025e24
core   0: 0x8000b9cc (0x012a0a33) add     s4, s4, s2
core   0: 3 0x8000b9cc (0x012a0a33) x20 0x2a0bac9b
core   0: 0x8000b9d0 (0x007ab733) sltu    a4, s5, t2
core   0: 3 0x8000b9d0 (0x007ab733) x14 0x00000000
core   0: 0x8000b9d4 (0x03643db3) mulhu   s11, s0, s6
core   0: 3 0x8000b9d4 (0x03643db3) x27 0x00000000
core   0: 0x8000b9d8 (0x00090133) add     sp, s2, zero
core   0: 3 0x8000b9d8 (0x00090133) x 2 0x80000000
core   0: 0x8000b9dc (0x0395f4b3) remu    s1, a1, s9
core   0: 3 0x8000b9dc (0x0395f4b3) x 9 0x9a356000
core   0: 0x8000b9e0 (0x41ef5b13) srai    s6, t5, 30
core   0: 3 0x8000b9e0 (0x41ef5b13) x22 0x00000000
core   0: 0x8000b9e4 (0x00609c63) bne     ra, t1, pc + 24
core   0: 3 0x8000b9e4 (0x00609c63)
core   0: 0x8000b9fc (0xc9238017) auipc   zero, 0xc9238
core   0: 3 0x8000b9fc (0xc9238017)
core   0: 0x8000ba00 (0x033af2b3) remu    t0, s5, s3
core   0: 3 0x8000ba00 (0x033af2b3) x 5 0x00000000
core   0: 0x8000ba04 (0x02418e63) beq     gp, tp, pc + 60
core   0: 3 0x8000ba04 (0x02418e63)
core   0: 0x8000ba08 (0xa8cdf413) andi    s0, s11, -1396
core   0: 3 0x8000ba08 (0xa8cdf413) x 8 0x00000000
core   0: 0x8000ba0c (0x01208a63) beq     ra, s2, pc + 20
core   0: 3 0x8000ba0c (0x01208a63)
core   0: 0x8000ba10 (0x00c9d463) bge     s3, a2, pc + 8
core   0: 3 0x8000ba10 (0x00c9d463)
core   0: 0x8000ba18 (0x01bcd813) srli    a6, s9, 27
core   0: 3 0x8000ba18 (0x01bcd813) x16 0x00000000
core   0: 0x8000ba1c (0x8e35e893) ori     a7, a1, -1821
core   0: 3 0x8000ba1c (0x8e35e893) x17 0xfffff8e3
core   0: 0x8000ba20 (0x00e34c63) blt     t1, a4, pc + 24
core   0: 3 0x8000ba20 (0x00e34c63)
core   0: 0x8000ba38 (0x015308b3) add     a7, t1, s5
core   0: 3 0x8000ba38 (0x015308b3) x17 0x800295db
core   0: 0x8000ba3c (0x0070c8b3) xor     a7, ra, t2
core   0: 3 0x8000ba3c (0x0070c8b3) x17 0x427650db
core   0: 0x8000ba40 (0x016bd3b3) srl     t2, s7, s6
core   0: 3 0x8000ba40 (0x016bd3b3) x 7 0x10000000
core   0: 0x8000ba44 (0x41f0d433) sra     s0, ra, t6
core   0: 3 0x8000ba44 (0x41f0d433) x 8 0x00000007
core   0: 0x8000ba48 (0x19b57293) andi    t0, a0, 411
core   0: 3 0x8000ba48 (0x19b57293) x 5 0x00000000
core   0: 0x8000ba4c (0x02813cb3) mulhu   s9, sp, s0
core   0: 3 0x8000ba4c (0x02813cb3) x25 0x00000003
core   0: 0x8000ba50 (0x402a8333) sub     t1, s5, sp
core   0: 3 0x8000ba50 (0x402a8333) x 6 0x00029ce4
core   0: 0x8000ba54 (0x03056933) rem     s2, a0, a6
core   0: 3 0x8000ba54 (0x03056933) x18 0x00000000
core   0: 0x8000ba58 (0x00a532b3) sltu    t0, a0, a0
core   0: 3 0x8000ba58 (0x00a532b3) x 5 0x00000000
core   0: 0x8000ba5c (0x40a38833) sub     a6, t2, a0
core   0: 3 0x8000ba5c (0x40a38833) x16 0x10000000
core   0: 0x8000ba60 (0x010ad393) srli    t2, s5, 16
core   0: 3 0x8000ba60 (0x010ad393) x 7 0x00008002
core   0: 0x8000ba64 (0x589b41b7) lui     gp, 0x589b4
core   0: 3 0x8000ba64 (0x589b41b7) x 3 0x589b4000
core   0: 0x8000ba68 (0x010bd033) srl     zero, s7, a6
core   0: 3 0x8000ba68 (0x010bd033)
core   0: 0x8000ba6c (0x00000013) nop
core   0: 3 0x8000ba6c (0x00000013)
core   0: 0x8000ba70 (0x027dc263) blt     s11, t2, pc + 36
core   0: 3 0x8000ba70 (0x027dc263)
core   0: 0x8000ba94 (0x0064f633) and     a2, s1, t1
core   0: 3 0x8000ba94 (0x0064f633) x12 0x00000000
core   0: 0x8000ba98 (0xf96ce913) ori     s2, s9, -106
core   0: 3 0x8000ba98 (0xf96ce913) x18 0xffffff97
core   0: 0x8000ba9c (0xacd62093) slti    ra, a2, -1331
core   0: 3 0x8000ba9c (0xacd62093) x 1 0x00000000
core   0: 0x8000baa0 (0x02059663) bnez    a1, pc + 44
core   0: 3 0x8000baa0 (0x02059663)
core   0: 0x8000bacc (0x8d86e437) lui     s0, 0x8d86e
core   0: 3 0x8000bacc (0x8d86e437) x 8 0x8d86e000
core   0: 0x8000bad0 (0x0fbdbc93) sltiu   s9, s11, 251
core   0: 3 0x8000bad0 (0x0fbdbc93) x25 0x00000001
core   0: 0x8000bad4 (0x02fe80b3) mul     ra, t4, a5
core   0: 3 0x8000bad4 (0x02fe80b3) x 1 0xd9dcaa90
core   0: 0x8000bad8 (0xd65eab97) auipc   s7, 0xd65ea
core   0: 3 0x8000bad8 (0xd65eab97) x23 0x565f5ad8
core   0: 0x8000badc (0x03878833) mul     a6, a5, s8
core   0: 3 0x8000badc (0x03878833) x16 0x6f57b4bc
core   0: 0x8000bae0 (0x01c19333) sll     t1, gp, t3
core   0: 3 0x8000bae0 (0x01c19333) x 6 0x589b4000
core   0: 0x8000bae4 (0xa4e64b93) xori    s7, a2, -1458
core   0: 3 0x8000bae4 (0xa4e64b93) x23 0xfffffa4e
core   0: 0x8000bae8 (0x00000013) nop
core   0: 3 0x8000bae8 (0x00000013)
core   0: 0x8000baec (0x00549593) slli    a1, s1, 5
core   0: 3 0x8000baec (0x00549593) x11 0x46ac0000
core   0: 0x8000baf0 (0xcb5bb193) sltiu   gp, s7, -843
core   0: 3 0x8000baf0 (0xcb5bb193) x 3 0x00000001
core   0: 0x8000baf4 (0x00cff3b3) and     t2, t6, a2
core   0: 3 0x8000baf4 (0x00cff3b3) x 7 0x00000000
core   0: 0x8000baf8 (0x00000013) nop
core   0: 3 0x8000baf8 (0x00000013)
core   0: 0x8000bafc (0x02bf5463) bge     t5, a1, pc + 40
core   0: 3 0x8000bafc (0x02bf5463)
core   0: 0x8000bb00 (0x9baba6b7) lui     a3, 0x9baba
core   0: 3 0x8000bb00 (0x9baba6b7) x13 0x9baba000
core   0: 0x8000bb04 (0x29e9af93) slti    t6, s3, 670
core   0: 3 0x8000bb04 (0x29e9af93) x31 0x00000001
core   0: 0x8000bb08 (0x00d44a33) xor     s4, s0, a3
core   0: 3 0x8000bb08 (0x00d44a33) x20 0x162d4000
core   0: 0x8000bb0c (0x03763833) mulhu   a6, a2, s7
core   0: 3 0x8000bb0c (0x03763833) x16 0x00000000
core   0: 0x8000bb10 (0x003d8733) add     a4, s11, gp
core   0: 3 0x8000bb10 (0x003d8733) x14 0x00000001
core   0: 0x8000bb14 (0x02b90c63) beq     s2, a1, pc + 56
core   0: 3 0x8000bb14 (0x02b90c63)
core   0: 0x8000bb18 (0x019d4a33) xor     s4, s10, s9
core   0: 3 0x8000bb18 (0x019d4a33) x20 0x355fffee
core   0: 0x8000bb1c (0x004f9713) slli    a4, t6, 4
core   0: 3 0x8000bb1c (0x004f9713) x14 0x00000010
core   0: 0x8000bb20 (0x70ad8b13) addi    s6, s11, 1802
core   0: 3 0x8000bb20 (0x70ad8b13) x22 0x0000070a
core   0: 0x8000bb24 (0x032b4a63) blt     s6, s2, pc + 52
core   0: 3 0x8000bb24 (0x032b4a63)
core   0: 0x8000bb28 (0x40f7d033) sra     zero, a5, a5
core   0: 3 0x8000bb28 (0x40f7d033)
core   0: 0x8000bb2c (0x030dcfb3) div     t6, s11, a6
core   0: 3 0x8000bb2c (0x030dcfb3) x31 0xffffffff
core   0: 0x8000bb30 (0x00399a13) slli    s4, s3, 3
core   0: 3 0x8000bb30 (0x00399a13) x20 0x00000008
core   0: 0x8000bb34 (0x055d6263) bltu    s10, s5, pc + 68
core   0: 3 0x8000bb34 (0x055d6263)
core   0: 0x8000bb78 (0x0176ecb3) or      s9, a3, s7
core   0: 3 0x8000bb78 (0x0176ecb3) x25 0xfffffa4e
core   0: 0x8000bb7c (0x00806c63) bltu    zero, s0, pc + 24
core   0: 3 0x8000bb7c (0x00806c63)
core   0: 0x8000bb94 (0x92cdc493) xori    s1, s11, -1748
core   0: 3 0x8000bb94 (0x92cdc493) x 9 0xfffff92c
core   0: 0x8000bb98 (0x40fcd213) srai    tp, s9, 15
core   0: 3 0x8000bb98 (0x40fcd213) x 4 0xffffffff
core   0: 0x8000bb9c (0x010a3733) sltu    a4, s4, a6
core   0: 3 0x8000bb9c (0x010a3733) x14 0x00000000
core   0: 0x8000bba0 (0x01f19e93) slli    t4, gp, 31
core   0: 3 0x8000bba0 (0x01f19e93) x29 0x80000000
core   0: 0x8000bba4 (0x02c39e33) mulh    t3, t2, a2
core   0: 3 0x8000bba4 (0x02c39e33) x28 0x00000000
core   0: 0x8000bba8 (0x8e8f7193) andi    gp, t5, -1816
core   0: 3 0x8000bba8 (0x8e8f7193) x 3 0x00000000
core   0: 0x8000bbac (0x00b7da63) bge     a5, a1, pc + 20
core   0: 3 0x8000bbac (0x00b7da63)
core   0: 0x8000bbb0 (0x01ddd693) srli    a3, s11, 29
core   0: 3 0x8000bbb0 (0x01ddd693) x13 0x00000000
core   0: 0x8000bbb4 (0x02015cb3) divu    s9, sp, zero
core   0: 3 0x8000bbb4 (0x02015cb3) x25 0xffffffff
core   0: 0x8000bbb8 (0x02cb19b3) mulh    s3, s6, a2
core   0: 3 0x8000bbb8 (0x02cb19b3) x19 0x00000000
core   0: 0x8000bbbc (0x017dec63) bltu    s11, s7, pc + 24
core   0: 3 0x8000bbbc (0x017dec63)
core   0: 0x8000bbd4 (0x03daa933) mulhsu  s2, s5, t4
core   0: 3 0x8000bbd4 (0x03daa933) x18 0xc0014e72
core   0: 0x8000bbd8 (0x0214dfb3) divu    t6, s1, ra
core   0: 3 0x8000bbd8 (0x0214dfb3) x31 0x00000001
core   0: 0x8000bbdc (0x413c8db3) sub     s11, s9, s3
core   0: 3 0x8000bbdc (0x413c8db3) x27 0xffffffff
core   0: 0x8000bbe0 (0x01b55d33) srl     s10, a0, s11
core   0: 3 0x8000bbe0 (0x01b55d33) x26 0x00000000
core   0: 0x8000bbe4 (0x038ec533) div     a0, t4, s8
core   0: 3 0x8000bbe4 (0x038ec533) x10 0x001231c0
core   0: 0x8000bbe8 (0x017ae5b3) or      a1, s5, s7
core   0: 3 0x8000bbe8 (0x017ae5b3) x11 0xfffffeee
core   0: 0x8000bbec (0x031030b3) mulhu   ra, zero, a7
core   0: 3 0x8000bbec (0x031030b3) x 1 0x00000000
core   0: 0x8000bbf0 (0x01ea9433) sll     s0, s5, t5
core   0: 3 0x8000bbf0 (0x01ea9433) x 8 0x80029ce4
core   0: 0x8000bbf4 (0x021e1eb3) mulh    t4, t3, ra
core   0: 3 0x8000bbf4 (0x021e1eb3) x29 0x00000000
core   0: 0x8000bbf8 (0x4057de33) sra     t3, a5, t0
core   0: 3 0x8000bbf8 (0x4057de33) x28 0x80025e24
core   0: 0x8000bbfc (0xf26eec13) ori     s8, t4, -218
core   0: 3 0x8000bbfc (0xf26eec13) x24 0xffffff26
core   0: 0x8000bc00 (0x3589e997) auipc   s3, 0x3589e
core   0: 3 0x8000bc00 (0x3589e997) x19 0xb58a9c00
core   0: 0x8000bc04 (0x4053d733) sra     a4, t2, t0
core   0: 3 0x8000bc04 (0x4053d733) x14 0x00000000
core   0: 0x8000bc08 (0x016f8db3) add     s11, t6, s6
core   0: 3 0x8000bc08 (0x016f8db3) x27 0x0000070b
core   0: 0x8000bc0c (0x0b498063) beq     s3, s4, pc + 160
core   0: 3 0x8000bc0c (0x0b498063)
core   0: 0x8000bc10 (0xb1b0c413) xori    s0, ra, -1253
core   0: 3 0x8000bc10 (0xb1b0c413) x 8 0xfffffb1b
core   0: 0x8000bc14 (0x03027663) bgeu    tp, a6, pc + 44
core   0: 3 0x8000bc14 (0x03027663)
core   0: 0x8000bc40 (0x00dafdb3) and     s11, s5, a3
core   0: 3 0x8000bc40 (0x00dafdb3) x27 0x00000000
core   0: 0x8000bc44 (0x0794d663) bge     s1, s9, pc + 108
core   0: 3 0x8000bc44 (0x0794d663)
core   0: 0x8000bc48 (0x00f31233) sll     tp, t1, a5
core   0: 3 0x8000bc48 (0x00f31233) x 4 0x89b40000
core   0: 0x8000bc4c (0xffb00613) li      a2, -5
core   0: 3 0x8000bc4c (0xffb00613) x12 0xfffffffb
core   0: 0x8000bc50 (0x00cacbb3) xor     s7, s5, a2
core   0: 3 0x8000bc50 (0x00cacbb3) x23 0x7ffd631f
core   0: 0x8000bc54 (0x02d81a33) mulh    s4, a6, a3
core   0: 3 0x8000bc54 (0x02d81a33) x20 0x00000000
core   0: 0x8000bc58 (0x0334db33) divu    s6, s1, s3
core   0: 3 0x8000bc58 (0x0334db33) x22 0x00000001
core   0: 0x8000bc5c (0xff100213) li      tp, -15
core   0: 3 0x8000bc5c (0xff100213) x 4 0xfffffff1
core   0: 0x8000bc60 (0xf78f3e93) sltiu   t4, t5, -136
core   0: 3 0x8000bc60 (0xf78f3e93) x29 0x00000001
core   0: 0x8000bc64 (0x00fe4bb3) xor     s7, t3, a5
core   0: 3 0x8000bc64 (0x00fe4bb3) x23 0x00000000
core   0: 0x8000bc68 (0x017e9a13) slli    s4, t4, 23
core   0: 3 0x8000bc68 (0x017e9a13) x20 0x00800000
core   0: 0x8000bc6c (0xffe60613) addi    a2, a2, -2
core   0: 3 0x8000bc6c (0xffe60613) x12 0xfffffff9
core   0: 0x8000bc70 (0x00400313) li      t1, 4
core   0: 3 0x8000bc70 (0x00400313) x 6 0x00000004
core   0: 0x8000bc74 (0x031b1a33) mulh    s4, s6, a7
core   0: 3 0x8000bc74 (0x031b1a33) x20 0x00000000
core   0: 0x8000bc78 (0xff500813) li      a6, -11
core   0: 3 0x8000bc78 (0xff500813) x16 0xfffffff5
core   0: 0x8000bc7c (0x030d3033) mulhu   zero, s10, a6
core   0: 3 0x8000bc7c (0x030d3033)
core   0: 0x8000bc80 (0x0ae78493) addi    s1, a5, 174
core   0: 3 0x8000bc80 (0x0ae78493) x 9 0x80025ed2
core   0: 0x8000bc84 (0xffd30313) addi    t1, t1, -3
core   0: 3 0x8000bc84 (0xffd30313) x 6 0x00000001
core   0: 0x8000bc88 (0x0016f533) and     a0, a3, ra
core   0: 3 0x8000bc88 (0x0016f533) x10 0x00000000
core   0: 0x8000bc8c (0xff031ae3) bne     t1, a6, pc - 12
core   0: 3 0x8000bc8c (0xff031ae3)
core   0: 0x8000bc80 (0x0ae78493) addi    s1, a5, 174
core   0: 3 0x8000bc80 (0x0ae78493) x 9 0x80025ed2
core   0: 0x8000bc84 (0xffd30313) addi    t1, t1, -3
core   0: 3 0x8000bc84 (0xffd30313) x 6 0xfffffffe
core   0: 0x8000bc88 (0x0016f533) and     a0, a3, ra
core   0: 3 0x8000bc88 (0x0016f533) x10 0x00000000
core   0: 0x8000bc8c (0xff031ae3) bne     t1, a6, pc - 12
core   0: 3 0x8000bc8c (0xff031ae3)
core   0: 0x8000bc80 (0x0ae78493) addi    s1, a5, 174
core   0: 3 0x8000bc80 (0x0ae78493) x 9 0x80025ed2
core   0: 0x8000bc84 (0xffd30313) addi    t1, t1, -3
core   0: 3 0x8000bc84 (0xffd30313) x 6 0xfffffffb
core   0: 0x8000bc88 (0x0016f533) and     a0, a3, ra
core   0: 3 0x8000bc88 (0x0016f533) x10 0x00000000
core   0: 0x8000bc8c (0xff031ae3) bne     t1, a6, pc - 12
core   0: 3 0x8000bc8c (0xff031ae3)
core   0: 0x8000bc80 (0x0ae78493) addi    s1, a5, 174
core   0: 3 0x8000bc80 (0x0ae78493) x 9 0x80025ed2
core   0: 0x8000bc84 (0xffd30313) addi    t1, t1, -3
core   0: 3 0x8000bc84 (0xffd30313) x 6 0xfffffff8
core   0: 0x8000bc88 (0x0016f533) and     a0, a3, ra
core   0: 3 0x8000bc88 (0x0016f533) x10 0x00000000
core   0: 0x8000bc8c (0xff031ae3) bne     t1, a6, pc - 12
core   0: 3 0x8000bc8c (0xff031ae3)
core   0: 0x8000bc80 (0x0ae78493) addi    s1, a5, 174
core   0: 3 0x8000bc80 (0x0ae78493) x 9 0x80025ed2
core   0: 0x8000bc84 (0xffd30313) addi    t1, t1, -3
core   0: 3 0x8000bc84 (0xffd30313) x 6 0xfffffff5
core   0: 0x8000bc88 (0x0016f533) and     a0, a3, ra
core   0: 3 0x8000bc88 (0x0016f533) x10 0x00000000
core   0: 0x8000bc8c (0xff031ae3) bne     t1, a6, pc - 12
core   0: 3 0x8000bc8c (0xff031ae3)
core   0: 0x8000bc90 (0x1f3b7713) andi    a4, s6, 499
core   0: 3 0x8000bc90 (0x1f3b7713) x14 0x00000001
core   0: 0x8000bc94 (0x708ef493) andi    s1, t4, 1800
core   0: 3 0x8000bc94 (0x708ef493) x 9 0x00000000
core   0: 0x8000bc98 (0x02c47033) remu    zero, s0, a2
core   0: 3 0x8000bc98 (0x02c47033)
core   0: 0x8000bc9c (0xfc4602e3) beq     a2, tp, pc - 60
core   0: 3 0x8000bc9c (0xfc4602e3)
core   0: 0x8000bca0 (0x037245b3) div     a1, tp, s7
core   0: 3 0x8000bca0 (0x037245b3) x11 0xffffffff
core   0: 0x8000bca4 (0x006c8cb3) add     s9, s9, t1
core   0: 3 0x8000bca4 (0x006c8cb3) x25 0xfffffff4
core   0: 0x8000bca8 (0x02cb1a33) mulh    s4, s6, a2
core   0: 3 0x8000bca8 (0x02cb1a33) x20 0xffffffff
core   0: 0x8000bcac (0x03ac3db3) mulhu   s11, s8, s10
core   0: 3 0x8000bcac (0x03ac3db3) x27 0x00000000
core   0: 0x8000bcb0 (0x006922b3) slt     t0, s2, t1
core   0: 3 0x8000bcb0 (0x006922b3) x 5 0x00000001
core   0: 0x8000bcb4 (0x006affb3) and     t6, s5, t1
core   0: 3 0x8000bcb4 (0x006affb3) x31 0x80029ce4
core   0: 0x8000bcb8 (0x032d85b3) mul     a1, s11, s2
core   0: 3 0x8000bcb8 (0x032d85b3) x11 0x00000000
core   0: 0x8000bcbc (0x40fa0b33) sub     s6, s4, a5
core   0: 3 0x8000bcbc (0x40fa0b33) x22 0x7ffda1db
core   0: 0x8000bcc0 (0x6c936193) ori     gp, t1, 1737
core   0: 3 0x8000bcc0 (0x6c936193) x 3 0xfffffffd
core   0: 0x8000bcc4 (0x01aaf733) and     a4, s5, s10
core   0: 3 0x8000bcc4 (0x01aaf733) x14 0x00000000
core   0: 0x8000bcc8 (0x00000013) nop
core   0: 3 0x8000bcc8 (0x00000013)
core   0: 0x8000bccc (0x02c98463) beq     s3, a2, pc + 40
core   0: 3 0x8000bccc (0x02c98463)
core   0: 0x8000bcd0 (0x003f4d33) xor     s10, t5, gp
core   0: 3 0x8000bcd0 (0x003f4d33) x26 0xfffffffd
core   0: 0x8000bcd4 (0x03fe2533) mulhsu  a0, t3, t6
core   0: 3 0x8000bcd4 (0x03fe2533) x10 0xbfffe0a6
core   0: 0x8000bcd8 (0x00000013) nop
core   0: 3 0x8000bcd8 (0x00000013)
core   0: 0x8000bcdc (0x03ca20b3) mulhsu  ra, s4, t3
core   0: 3 0x8000bcdc (0x03ca20b3) x 1 0xffffffff
core   0: 0x8000bce0 (0x41c85693) srai    a3, a6, 28
core   0: 3 0x8000bce0 (0x41c85693) x13 0xffffffff
core   0: 0x8000bce4 (0x00abe5b3) or      a1, s7, a0
core   0: 3 0x8000bce4 (0x00abe5b3) x11 0xbfffe0a6
core   0: 0x8000bce8 (0x01b08bb3) add     s7, ra, s11
core   0: 3 0x8000bce8 (0x01b08bb3) x23 0xffffffff
core   0: 0x8000bcec (0xaeda2c93) slti    s9, s4, -1299
core   0: 3 0x8000bcec (0xaeda2c93) x25 0x00000000
core   0: 0x8000bcf0 (0x024cca63) blt     s9, tp, pc + 52
core   0: 3 0x8000bcf0 (0x024cca63)
core   0: 0x8000bcf4 (0x01104533) xor     a0, zero, a7
core   0: 3 0x8000bcf4 (0x01104533) x10 0x427650db
core   0: 0x8000bcf8 (0x40e08b33) sub     s6, ra, a4
core   0: 3 0x8000bcf8 (0x40e08b33) x22 0xffffffff
core   0: 0x8000bcfc (0x03a942b3) div     t0, s2, s10
core   0: 3 0x8000bcfc (0x03a942b3) x 5 0x1554e5da
core   0: 0x8000bd00 (0x03b3ee63) bltu    t2, s11, pc + 60
core   0: 3 0x8000bd00 (0x03b3ee63)
core   0: 0x8000bd04 (0x01e83cb3) sltu    s9, a6, t5
core   0: 3 0x8000bd04 (0x01e83cb3) x25 0x00000000
core   0: 0x8000bd08 (0x714ca993) slti    s3, s9, 1812
core   0: 3 0x8000bd08 (0x714ca993) x19 0x00000001
core   0: 0x8000bd0c (0x00e56263) bltu    a0, a4, pc + 4
core   0: 3 0x8000bd0c (0x00e56263)
core   0: 0x8000bd10 (0x02f15cb3) divu    s9, sp, a5
core   0: 3 0x8000bd10 (0x02f15cb3) x25 0x00000000
core   0: 0x8000bd14 (0x01bf2533) slt     a0, t5, s11
core   0: 3 0x8000bd14 (0x01bf2533) x10 0x00000000
core   0: 0x8000bd18 (0x026af863) bgeu    s5, t1, pc + 48
core   0: 3 0x8000bd18 (0x026af863)
core   0: 0x8000bd1c (0x7ab73837) lui     a6, 0x7ab73
core   0: 3 0x8000bd1c (0x7ab73837) x16 0x7ab73000
core   0: 0x8000bd20 (0x00242933) slt     s2, s0, sp
core   0: 3 0x8000bd20 (0x00242933) x18 0x00000000
core   0: 0x8000bd24 (0x03ebb833) mulhu   a6, s7, t5
core   0: 3 0x8000bd24 (0x03ebb833) x16 0x00000000
core   0: 0x8000bd28 (0x014738b3) sltu    a7, a4, s4
core   0: 3 0x8000bd28 (0x014738b3) x17 0x00000001
core   0: 0x8000bd2c (0xccfe3113) sltiu   sp, t3, -817
core   0: 3 0x8000bd2c (0xccfe3113) x 2 0x00000001
core   0: 0x8000bd30 (0x0198b333) sltu    t1, a7, s9
core   0: 3 0x8000bd30 (0x0198b333) x 6 0x00000000
core   0: 0x8000bd34 (0x03b84c33) div     s8, a6, s11
core   0: 3 0x8000bd34 (0x03b84c33) x24 0xffffffff
core   0: 0x8000bd38 (0x00418db3) add     s11, gp, tp
core   0: 3 0x8000bd38 (0x00418db3) x27 0xffffffee
core   0: 0x8000bd3c (0x0148ba33) sltu    s4, a7, s4
core   0: 3 0x8000bd3c (0x0148ba33) x20 0x00000001
core   0: 0x8000bd40 (0xfb134293) xori    t0, t1, -79
core   0: 3 0x8000bd40 (0xfb134293) x 5 0xffffffb1
core   0: 0x8000bd44 (0x02d650b3) divu    ra, a2, a3
core   0: 3 0x8000bd44 (0x02d650b3) x 1 0x00000000
core   0: 0x8000bd48 (0x034560b3) rem     ra, a0, s4
core   0: 3 0x8000bd48 (0x034560b3) x 1 0x00000000
core   0: 0x8000bd4c (0x02594933) div     s2, s2, t0
core   0: 3 0x8000bd4c (0x02594933) x18 0x00000000
core   0: 0x8000bd50 (0xab5cb113) sltiu   sp, s9, -1355
core   0: 3 0x8000bd50 (0xab5cb113) x 2 0x00000001
core   0: 0x8000bd54 (0x03a0e063) bltu    ra, s10, pc + 32
core   0: 3 0x8000bd54 (0x03a0e063)
core   0: 0x8000bd74 (0x025bf4b3) remu    s1, s7, t0
core   0: 3 0x8000bd74 (0x025bf4b3) x 9 0x0000004e
core   0: 0x8000bd78 (0x01bf5463) bge     t5, s11, pc + 8
core   0: 3 0x8000bd78 (0x01bf5463)
core   0: 0x8000bd80 (0x00000013) nop
core   0: 3 0x8000bd80 (0x00000013)
core   0: 0x8000bd84 (0x01124863) blt     tp, a7, pc + 16
core   0: 3 0x8000bd84 (0x01124863)
core   0: 0x8000bd94 (0x02da2e33) mulhsu  t3, s4, a3
core   0: 3 0x8000bd94 (0x02da2e33) x28 0x00000000
core   0: 0x8000bd98 (0x02efdfb3) divu    t6, t6, a4
core   0: 3 0x8000bd98 (0x02efdfb3) x31 0xffffffff
core   0: 0x8000bd9c (0x405a10b7) lui     ra, 0x405a1
core   0: 3 0x8000bd9c (0x405a10b7) x 1 0x405a1000
core   0: 0x8000bda0 (0xa97c6c13) ori     s8, s8, -1385
core   0: 3 0x8000bda0 (0xa97c6c13) x24 0xffffffff
core   0: 0x8000bda4 (0x01229b93) slli    s7, t0, 18
core   0: 3 0x8000bda4 (0x01229b93) x23 0xfec40000
core   0: 0x8000bda8 (0x019dd913) srli    s2, s11, 25
core   0: 3 0x8000bda8 (0x019dd913) x18 0x0000007f
core   0: 0x8000bdac (0x004e9893) slli    a7, t4, 4
core   0: 3 0x8000bdac (0x004e9893) x17 0x00000010
core   0: 0x8000bdb0 (0x01366eb3) or      t4, a2, s3
core   0: 3 0x8000bdb0 (0x01366eb3) x29 0xfffffff9
core   0: 0x8000bdb4 (0x00b0a733) slt     a4, ra, a1
core   0: 3 0x8000bdb4 (0x00b0a733) x14 0x00000000
core   0: 0x8000bdb8 (0x00d15463) bge     sp, a3, pc + 8
core   0: 3 0x8000bdb8 (0x00d15463)
core   0: 0x8000bdc0 (0x00769713) slli    a4, a3, 7
core   0: 3 0x8000bdc0 (0x00769713) x14 0xffffff80
core   0: 0x8000bdc4 (0x0c332613) slti    a2, t1, 195
core   0: 3 0x8000bdc4 (0x0c332613) x12 0x00000001
core   0: 0x8000bdc8 (0x00eb6433) or      s0, s6, a4
core   0: 3 0x8000bdc8 (0x00eb6433) x 8 0xffffffff
core   0: 0x8000bdcc (0x002ad193) srli    gp, s5, 2
core   0: 3 0x8000bdcc (0x002ad193) x 3 0x2000a739
core   0: 0x8000bdd0 (0x0041f633) and     a2, gp, tp
core   0: 3 0x8000bdd0 (0x0041f633) x12 0x2000a731
core   0: 0x8000bdd4 (0x414f5d93) srai    s11, t5, 20
core   0: 3 0x8000bdd4 (0x414f5d93) x27 0x00000000
core   0: 0x8000bdd8 (0x05ce4663) blt     t3, t3, pc + 76
core   0: 3 0x8000bdd8 (0x05ce4663)
core   0: 0x8000bddc (0x00000013) nop
core   0: 3 0x8000bddc (0x00000013)
core   0: 0x8000bde0 (0xff700193) li      gp, -9
core   0: 3 0x8000bde0 (0xff700193) x 3 0xfffffff7
core   0: 0x8000bde4 (0x01f0fb33) and     s6, ra, t6
core   0: 3 0x8000bde4 (0x01f0fb33) x22 0x405a1000
core   0: 0x8000bde8 (0xfec00a13) li      s4, -20
core   0: 3 0x8000bde8 (0xfec00a13) x20 0xffffffec
core   0: 0x8000bdec (0x74371437) lui     s0, 0x74371
core   0: 3 0x8000bdec (0x74371437) x 8 0x74371000
core   0: 0x8000bdf0 (0xff918193) addi    gp, gp, -7
core   0: 3 0x8000bdf0 (0xff918193) x 3 0xfffffff0
core   0: 0x8000bdf4 (0x0345edb3) rem     s11, a1, s4
core   0: 3 0x8000bdf4 (0x0345edb3) x27 0xfffffff6
core   0: 0x8000bdf8 (0xff41dae3) bge     gp, s4, pc - 12
core   0: 3 0x8000bdf8 (0xff41dae3)
core   0: 0x8000bdec (0x74371437) lui     s0, 0x74371
core   0: 3 0x8000bdec (0x74371437) x 8 0x74371000
core   0: 0x8000bdf0 (0xff918193) addi    gp, gp, -7
core   0: 3 0x8000bdf0 (0xff918193) x 3 0xffffffe9
core   0: 0x8000bdf4 (0x0345edb3) rem     s11, a1, s4
core   0: 3 0x8000bdf4 (0x0345edb3) x27 0xfffffff6
core   0: 0x8000bdf8 (0xff41dae3) bge     gp, s4, pc - 12
core   0: 3 0x8000bdf8 (0xff41dae3)
core   0: 0x8000bdfc (0xf93ab693) sltiu   a3, s5, -109
core   0: 3 0x8000bdfc (0xf93ab693) x13 0x00000001
core   0: 0x8000be00 (0x81c96093) ori     ra, s2, -2020
core   0: 3 0x8000be00 (0x81c96093) x 1 0xfffff87f
core   0: 0x8000be04 (0x01d83bb3) sltu    s7, a6, t4
core   0: 3 0x8000be04 (0x01d83bb3) x23 0x00000001
core   0: 0x8000be08 (0x41c302b3) sub     t0, t1, t3
core   0: 3 0x8000be08 (0x41c302b3) x 5 0x00000000
core   0: 0x8000be0c (0x0191d433) srl     s0, gp, s9
core   0: 3 0x8000be0c (0x0191d433) x 8 0xffffffe9
core   0: 0x8000be10 (0x0049d263) bge     s3, tp, pc + 4
core   0: 3 0x8000be10 (0x0049d263)
core   0: 0x8000be14 (0x006dc9b3) xor     s3, s11, t1
core   0: 3 0x8000be14 (0x006dc9b3) x19 0xfffffff6
core   0: 0x8000be18 (0x03300db3) mul     s11, zero, s3
core   0: 3 0x8000be18 (0x03300db3) x27 0x00000000
core   0: 0x8000be1c (0x0aeafa13) andi    s4, s5, 174
core   0: 3 0x8000be1c (0x0aeafa13) x20 0x000000a4
core   0: 0x8000be20 (0x03fa72b3) remu    t0, s4, t6
core   0: 3 0x8000be20 (0x03fa72b3) x 5 0x000000a4
core   0: 0x8000be24 (0x939ee413) ori     s0, t4, -1735
core   0: 3 0x8000be24 (0x939ee413) x 8 0xfffffff9
core   0: 0x8000be28 (0x00f302b3) add     t0, t1, a5
core   0: 3 0x8000be28 (0x00f302b3) x 5 0x80025e24
core   0: 0x8000be2c (0x01d3c733) xor     a4, t2, t4
core   0: 3 0x8000be2c (0x01d3c733) x14 0xfffffff9
core   0: 0x8000be30 (0x04cc9463) bne     s9, a2, pc + 72
core   0: 3 0x8000be30 (0x04cc9463)
core   0: 0x8000be78 (0x011eec63) bltu    t4, a7, pc + 24
core   0: 3 0x8000be78 (0x011eec63)
core   0: 0x8000be7c (0x9be58017) auipc   zero, 0x9be58
core   0: 3 0x8000be7c (0x9be58017)
core   0: 0x8000be80 (0x039338b3) mulhu   a7, t1, s9
core   0: 3 0x8000be80 (0x039338b3) x17 0x00000000
core   0: 0x8000be84 (0x020ece63) bltz    t4, pc + 60
core   0: 3 0x8000be84 (0x020ece63)
core   0: 0x8000bec0 (0x756e2c13) slti    s8, t3, 1878
core   0: 3 0x8000bec0 (0x756e2c13) x24 0x00000001
core   0: 0x8000bec4 (0x01ad0333) add     t1, s10, s10
core   0: 3 0x8000bec4 (0x01ad0333) x 6 0xfffffffa
core   0: 0x8000bec8 (0xa1d3f913) andi    s2, t2, -1507
core   0: 3 0x8000bec8 (0xa1d3f913) x18 0x00000000
core   0: 0x8000becc (0x406f5233) sra     tp, t5, t1
core   0: 3 0x8000becc (0x406f5233) x 4 0x00000000
core   0: 0x8000bed0 (0x026925b3) mulhsu  a1, s2, t1
core   0: 3 0x8000bed0 (0x026925b3) x11 0x00000000
core   0: 0x8000bed4 (0x020a95b3) mulh    a1, s5, zero
core   0: 3 0x8000bed4 (0x020a95b3) x11 0x00000000
core   0: 0x8000bed8 (0x05e3db37) lui     s6, 0x5e3d
core   0: 3 0x8000bed8 (0x05e3db37) x22 0x05e3d000
core   0: 0x8000bedc (0x016dde33) srl     t3, s11, s6
core   0: 3 0x8000bedc (0x016dde33) x28 0x00000000
core   0: 0x8000bee0 (0x7f63edb7) lui     s11, 0x7f63e
core   0: 3 0x8000bee0 (0x7f63edb7) x27 0x7f63e000
core   0: 0x8000bee4 (0x3cede693) ori     a3, s11, 974
core   0: 3 0x8000bee4 (0x3cede693) x13 0x7f63e3ce
core   0: 0x8000bee8 (0x00ac5113) srli    sp, s8, 10
core   0: 3 0x8000bee8 (0x00ac5113) x 2 0x00000000
core   0: 0x8000beec (0x01f05533) srl     a0, zero, t6
core   0: 3 0x8000beec (0x01f05533) x10 0x00000000
core   0: 0x8000bef0 (0x31757a13) andi    s4, a0, 791
core   0: 3 0x8000bef0 (0x31757a13) x20 0x00000000
core   0: 0x8000bef4 (0x02251633) mulh    a2, a0, sp
core   0: 3 0x8000bef4 (0x02251633) x12 0x00000000
core   0: 0x8000bef8 (0xa8d63413) sltiu   s0, a2, -1395
core   0: 3 0x8000bef8 (0xa8d63413) x 8 0x00000001
core   0: 0x8000befc (0x016a1c63) bne     s4, s6, pc + 24
core   0: 3 0x8000befc (0x016a1c63)
core   0: 0x8000bf14 (0x012e0c63) beq     t3, s2, pc + 24
core   0: 3 0x8000bf14 (0x012e0c63)
core   0: 0x8000bf2c (0xc66d2713) slti    a4, s10, -922
core   0: 3 0x8000bf2c (0xc66d2713) x14 0x00000000
core   0: 0x8000bf30 (0x0274ee63) bltu    s1, t2, pc + 60
core   0: 3 0x8000bf30 (0x0274ee63)
core   0: 0x8000bf34 (0x016f28b3) slt     a7, t5, s6
core   0: 3 0x8000bf34 (0x016f28b3) x17 0x00000001
core   0: 0x8000bf38 (0x009f5e93) srli    t4, t5, 9
core   0: 3 0x8000bf38 (0x009f5e93) x29 0x00000000
core   0: 0x8000bf3c (0x57650393) addi    t2, a0, 1398
core   0: 3 0x8000bf3c (0x57650393) x 7 0x00000576
core   0: 0x8000bf40 (0x0309d833) divu    a6, s3, a6
core   0: 3 0x8000bf40 (0x0309d833) x16 0xffffffff
core   0: 0x8000bf44 (0x00000013) nop
core   0: 3 0x8000bf44 (0x00000013)
core   0: 0x8000bf48 (0x003c3b33) sltu    s6, s8, gp
core   0: 3 0x8000bf48 (0x003c3b33) x22 0x00000001
core   0: 0x8000bf4c (0x00bcca33) xor     s4, s9, a1
core   0: 3 0x8000bf4c (0x00bcca33) x20 0x00000000
core   0: 0x8000bf50 (0x035f2d33) mulhsu  s10, t5, s5
core   0: 3 0x8000bf50 (0x035f2d33) x26 0x00000000
core   0: 0x8000bf54 (0x011981b3) add     gp, s3, a7
core   0: 3 0x8000bf54 (0x011981b3) x 3 0xfffffff7
core   0: 0x8000bf58 (0x01e31513) slli    a0, t1, 30
core   0: 3 0x8000bf58 (0x01e31513) x10 0x80000000
core   0: 0x8000bf5c (0x0165edb3) or      s11, a1, s6
core   0: 3 0x8000bf5c (0x0165edb3) x27 0x00000001
core   0: 0x8000bf60 (0x023ec863) blt     t4, gp, pc + 48
core   0: 3 0x8000bf60 (0x023ec863)
core   0: 0x8000bf64 (0x038e1233) mulh    tp, t3, s8
core   0: 3 0x8000bf64 (0x038e1233) x 4 0x00000000
core   0: 0x8000bf68 (0x027266b3) rem     a3, tp, t2
core   0: 3 0x8000bf68 (0x027266b3) x13 0x00000000
core   0: 0x8000bf6c (0x01681a33) sll     s4, a6, s6
core   0: 3 0x8000bf6c (0x01681a33) x20 0xfffffffe
core   0: 0x8000bf70 (0x03cebe33) mulhu   t3, t4, t3
core   0: 3 0x8000bf70 (0x03cebe33) x28 0x00000000
core   0: 0x8000bf74 (0xc5016493) ori     s1, sp, -944
core   0: 3 0x8000bf74 (0xc5016493) x 9 0xfffffc50
core   0: 0x8000bf78 (0x02b70a33) mul     s4, a4, a1
core   0: 3 0x8000bf78 (0x02b70a33) x20 0x00000000
core   0: 0x8000bf7c (0x03987a33) remu    s4, a6, s9
core   0: 3 0x8000bf7c (0x03987a33) x20 0xffffffff
core   0: 0x8000bf80 (0x0049dd93) srli    s11, s3, 4
core   0: 3 0x8000bf80 (0x0049dd93) x27 0x0fffffff
core   0: 0x8000bf84 (0x0021a9b3) slt     s3, gp, sp
core   0: 3 0x8000bf84 (0x0021a9b3) x19 0x00000001
core   0: 0x8000bf88 (0x40c30933) sub     s2, t1, a2
core   0: 3 0x8000bf88 (0x40c30933) x18 0xfffffffa
core   0: 0x8000bf8c (0x08dea5b7) lui     a1, 0x8dea
core   0: 3 0x8000bf8c (0x08dea5b7) x11 0x08dea000
core   0: 0x8000bf90 (0x004ad133) srl     sp, s5, tp
core   0: 3 0x8000bf90 (0x004ad133) x 2 0x80029ce4
core   0: 0x8000bf94 (0x01fc6c33) or      s8, s8, t6
core   0: 3 0x8000bf94 (0x01fc6c33) x24 0xffffffff
core   0: 0x8000bf98 (0x40b15693) srai    a3, sp, 11
core   0: 3 0x8000bf98 (0x40b15693) x13 0xfff00053
core   0: 0x8000bf9c (0xaff81d37) lui     s10, 0xaff81
core   0: 3 0x8000bf9c (0xaff81d37) x26 0xaff81000
core   0: 0x8000bfa0 (0xbe3e4813) xori    a6, t3, -1053
core   0: 3 0x8000bfa0 (0xbe3e4813) x16 0xfffffbe3
core   0: 0x8000bfa4 (0x02239533) mulh    a0, t2, sp
core   0: 3 0x8000bfa4 (0x02239533) x10 0xfffffd45
core   0: 0x8000bfa8 (0x032d7463) bgeu    s10, s2, pc + 40
core   0: 3 0x8000bfa8 (0x032d7463)
core   0: 0x8000bfac (0x41e0ddb3) sra     s11, ra, t5
core   0: 3 0x8000bfac (0x41e0ddb3) x27 0xfffff87f
core   0: 0x8000bfb0 (0x46327c13) andi    s8, tp, 1123
core   0: 3 0x8000bfb0 (0x46327c13) x24 0x00000000
core   0: 0x8000bfb4 (0x0184dd13) srli    s10, s1, 24
core   0: 3 0x8000bfb4 (0x0184dd13) x26 0x000000ff
core   0: 0x8000bfb8 (0x87c9a693) slti    a3, s3, -1924
core   0: 3 0x8000bfb8 (0x87c9a693) x13 0x00000000
core   0: 0x8000bfbc (0x01fcd593) srli    a1, s9, 31
core   0: 3 0x8000bfbc (0x01fcd593) x11 0x00000000
core   0: 0x8000bfc0 (0x41485333) sra     t1, a6, s4
core   0: 3 0x8000bfc0 (0x41485333) x 6 0xffffffff
core   0: 0x8000bfc4 (0x03806db3) rem     s11, zero, s8
core   0: 3 0x8000bfc4 (0x03806db3) x27 0x00000000
core   0: 0x8000bfc8 (0x0373c033) div     zero, t2, s7
core   0: 3 0x8000bfc8 (0x0373c033)
core   0: 0x8000bfcc (0x03ff8c33) mul     s8, t6, t6
core   0: 3 0x8000bfcc (0x03ff8c33) x24 0x00000001
core   0: 0x8000bfd0 (0x22874b93) xori    s7, a4, 552
core   0: 3 0x8000bfd0 (0x22874b93) x23 0x00000228
core   0: 0x8000bfd4 (0x03d96863) bltu    s2, t4, pc + 48
core   0: 3 0x8000bfd4 (0x03d96863)
core   0: 0x8000bfd8 (0x0066d533) srl     a0, a3, t1
core   0: 3 0x8000bfd8 (0x0066d533) x10 0x00000000
core   0: 0x8000bfdc (0x0eb60e13) addi    t3, a2, 235
core   0: 3 0x8000bfdc (0x0eb60e13) x28 0x000000eb
core   0: 0x8000bfe0 (0x01efd493) srli    s1, t6, 30
core   0: 3 0x8000bfe0 (0x01efd493) x 9 0x00000003
core   0: 0x8000bfe4 (0x04a16063) bltu    sp, a0, pc + 64
core   0: 3 0x8000bfe4 (0x04a16063)
core   0: 0x8000bfe8 (0x0263a833) mulhsu  a6, t2, t1
core   0: 3 0x8000bfe8 (0x0263a833) x16 0x00000575
core   0: 0x8000bfec (0x01f8d513) srli    a0, a7, 31
core   0: 3 0x8000bfec (0x01f8d513) x10 0x00000000
core   0: 0x8000bff0 (0x0139b733) sltu    a4, s3, s3
core   0: 3 0x8000bff0 (0x0139b733) x14 0x00000000
core   0: 0x8000bff4 (0x026c3cb3) mulhu   s9, s8, t1
core   0: 3 0x8000bff4 (0x026c3cb3) x25 0x00000000
core   0: 0x8000bff8 (0x016c1093) slli    ra, s8, 22
core   0: 3 0x8000bff8 (0x016c1093) x 1 0x00400000
core   0: 0x8000bffc (0x2ec87393) andi    t2, a6, 748
core   0: 3 0x8000bffc (0x2ec87393) x 7 0x00000064
core   0: 0x8000c000 (0x030bcfb3) div     t6, s7, a6
core   0: 3 0x8000c000 (0x030bcfb3) x31 0x00000000
core   0: 0x8000c004 (0x02e8e8b3) rem     a7, a7, a4
core   0: 3 0x8000c004 (0x02e8e8b3) x17 0x00000001
core   0: 0x8000c008 (0x406f5433) sra     s0, t5, t1
core   0: 3 0x8000c008 (0x406f5433) x 8 0x00000000
core   0: 0x8000c00c (0x41496597) auipc   a1, 0x41496
core   0: 3 0x8000c00c (0x41496597) x11 0xc14a200c
core   0: 0x8000c010 (0x03bb53b3) divu    t2, s6, s11
core   0: 3 0x8000c010 (0x03bb53b3) x 7 0xffffffff
core   0: 0x8000c014 (0x40ca5533) sra     a0, s4, a2
core   0: 3 0x8000c014 (0x40ca5533) x10 0xffffffff
core   0: 0x8000c018 (0x020b18b3) mulh    a7, s6, zero
core   0: 3 0x8000c018 (0x020b18b3) x17 0x00000000
core   0: 0x8000c01c (0x02700833) mul     a6, zero, t2
core   0: 3 0x8000c01c (0x02700833) x16 0x00000000
core   0: 0x8000c020 (0xe1986993) ori     s3, a6, -487
core   0: 3 0x8000c020 (0xe1986993) x19 0xfffffe19
core   0: 0x8000c024 (0x038b8463) beq     s7, s8, pc + 40
core   0: 3 0x8000c024 (0x038b8463)
core   0: 0x8000c028 (0x010b9d13) slli    s10, s7, 16
core   0: 3 0x8000c028 (0x010b9d13) x26 0x02280000
core   0: 0x8000c02c (0x006e53b3) srl     t2, t3, t1
core   0: 3 0x8000c02c (0x006e53b3) x 7 0x00000000
core   0: 0x8000c030 (0x046f1263) bne     t5, t1, pc + 68
core   0: 3 0x8000c030 (0x046f1263)
core   0: 0x8000c074 (0x019450b3) srl     ra, s0, s9
core   0: 3 0x8000c074 (0x019450b3) x 1 0x00000000
core   0: 0x8000c078 (0x02c5a333) mulhsu  t1, a1, a2
core   0: 3 0x8000c078 (0x02c5a333) x 6 0x00000000
core   0: 0x8000c07c (0x00cda933) slt     s2, s11, a2
core   0: 3 0x8000c07c (0x00cda933) x18 0x00000000
core   0: 0x8000c080 (0x013309b3) add     s3, t1, s3
core   0: 3 0x8000c080 (0x013309b3) x19 0xfffffe19
core   0: 0x8000c084 (0x00011593) slli    a1, sp, 0
core   0: 3 0x8000c084 (0x00011593) x11 0x80029ce4
core   0: 0x8000c088 (0x676bb6b7) lui     a3, 0x676bb
core   0: 3 0x8000c088 (0x676bb6b7) x13 0x676bb000
core   0: 0x8000c08c (0x0299d6b3) divu    a3, s3, s1
core   0: 3 0x8000c08c (0x0299d6b3) x13 0x555554b3
core   0: 0x8000c090 (0x01f9d693) srli    a3, s3, 31
core   0: 3 0x8000c090 (0x01f9d693) x13 0x00000001
core   0: 0x8000c094 (0x01ced733) srl     a4, t4, t3
core   0: 3 0x8000c094 (0x01ced733) x14 0x00000000
core   0: 0x8000c098 (0x01dc2233) slt     tp, s8, t4
core   0: 3 0x8000c098 (0x01dc2233) x 4 0x00000000
core   0: 0x8000c09c (0x03a5f833) remu    a6, a1, s10
core   0: 3 0x8000c09c (0x03a5f833) x16 0x00ca9ce4
core   0: 0x8000c0a0 (0x019605b3) add     a1, a2, s9
core   0: 3 0x8000c0a0 (0x019605b3) x11 0x00000000
core   0: 0x8000c0a4 (0x0315ab33) mulhsu  s6, a1, a7
core   0: 3 0x8000c0a4 (0x0315ab33) x22 0x00000000
core   0: 0x8000c0a8 (0x038b7db3) remu    s11, s6, s8
core   0: 3 0x8000c0a8 (0x038b7db3) x27 0x00000000
core   0: 0x8000c0ac (0xe4856f93) ori     t6, a0, -440
core   0: 3 0x8000c0ac (0xe4856f93) x31 0xffffffff
core   0: 0x8000c0b0 (0x01829c63) bne     t0, s8, pc + 24
core   0: 3 0x8000c0b0 (0x01829c63)
core   0: 0x8000c0c8 (0xf71dc713) xori    a4, s11, -143
core   0: 3 0x8000c0c8 (0xf71dc713) x14 0xffffff71
core   0: 0x8000c0cc (0x02ea4463) blt     s4, a4, pc + 40
core   0: 3 0x8000c0cc (0x02ea4463)
core   0: 0x8000c0d0 (0x024c7d33) remu    s10, s8, tp
core   0: 3 0x8000c0d0 (0x024c7d33) x26 0x00000001
core   0: 0x8000c0d4 (0x002b4233) xor     tp, s6, sp
core   0: 3 0x8000c0d4 (0x002b4233) x 4 0x80029ce4
core   0: 0x8000c0d8 (0x02913e33) mulhu   t3, sp, s1
core   0: 3 0x8000c0d8 (0x02913e33) x28 0x00000001
core   0: 0x8000c0dc (0x002773b3) and     t2, a4, sp
core   0: 3 0x8000c0dc (0x002773b3) x 7 0x80029c60
core   0: 0x8000c0e0 (0xad801c17) auipc   s8, 0xad801
core   0: 3 0x8000c0e0 (0xad801c17) x24 0x2d80d0e0
core   0: 0x8000c0e4 (0xbe3bb117) auipc   sp, 0xbe3bb
core   0: 3 0x8000c0e4 (0xbe3bb117) x 2 0x3e3c70e4
core   0: 0x8000c0e8 (0x024c0733) mul     a4, s8, tp
core   0: 3 0x8000c0e8 (0x024c0733) x14 0xa7c28780
core   0: 0x8000c0ec (0x2e1b4993) xori    s3, s6, 737
core   0: 3 0x8000c0ec (0x2e1b4993) x19 0x000002e1
core   0: 0x8000c0f0 (0x030be8b3) rem     a7, s7, a6
core   0: 3 0x8000c0f0 (0x030be8b3) x17 0x00000228
core   0: 0x8000c0f4 (0x01bed533) srl     a0, t4, s11
core   0: 3 0x8000c0f4 (0x01bed533) x10 0x00000000
core   0: 0x8000c0f8 (0x02994c33) div     s8, s2, s1
core   0: 3 0x8000c0f8 (0x02994c33) x24 0x00000000
core   0: 0x8000c0fc (0x01c4e463) bltu    s1, t3, pc + 8
core   0: 3 0x8000c0fc (0x01c4e463)
core   0: 0x8000c100 (0x001e96b3) sll     a3, t4, ra
core   0: 3 0x8000c100 (0x001e96b3) x13 0x00000000
core   0: 0x8000c104 (0x7abfea13) ori     s4, t6, 1963
core   0: 3 0x8000c104 (0x7abfea13) x20 0xffffffff
core   0: 0x8000c108 (0xb2422393) slti    t2, tp, -1244
core   0: 3 0x8000c108 (0xb2422393) x 7 0x00000001
core   0: 0x8000c10c (0x02e57db3) remu    s11, a0, a4
core   0: 3 0x8000c10c (0x02e57db3) x27 0x00000000
core   0: 0x8000c110 (0x031580b3) mul     ra, a1, a7
core   0: 3 0x8000c110 (0x031580b3) x 1 0x00000000
core   0: 0x8000c114 (0x41405e33) sra     t3, zero, s4
core   0: 3 0x8000c114 (0x41405e33) x28 0x00000000
core   0: 0x8000c118 (0x02421d33) mulh    s10, tp, tp
core   0: 3 0x8000c118 (0x02421d33) x26 0x3ffd6322
core   0: 0x8000c11c (0xf06b3d93) sltiu   s11, s6, -250
core   0: 3 0x8000c11c (0xf06b3d93) x27 0x00000001
core   0: 0x8000c120 (0x00de9393) slli    t2, t4, 13
core   0: 3 0x8000c120 (0x00de9393) x 7 0x00000000
core   0: 0x8000c124 (0x016701b3) add     gp, a4, s6
core   0: 3 0x8000c124 (0x016701b3) x 3 0xa7c28780
core   0: 0x8000c128 (0x374f9fb7) lui     t6, 0x374f9
core   0: 3 0x8000c128 (0x374f9fb7) x31 0x374f9000
core   0: 0x8000c12c (0x03daeb33) rem     s6, s5, t4
core   0: 3 0x8000c12c (0x03daeb33) x22 0x80029ce4
core   0: 0x8000c130 (0x02256a33) rem     s4, a0, sp
core   0: 3 0x8000c130 (0x02256a33) x20 0x00000000
core   0: 0x8000c134 (0x046c8463) beq     s9, t1, pc + 72
core   0: 3 0x8000c134 (0x046c8463)
core   0: 0x8000c17c (0xa10fec97) auipc   s9, 0xa10fe
core   0: 3 0x8000c17c (0xa10fec97) x25 0x2110a17c
core   0: 0x8000c180 (0x036ad733) divu    a4, s5, s6
core   0: 3 0x8000c180 (0x036ad733) x14 0x00000001
core   0: 0x8000c184 (0x00075593) srli    a1, a4, 0
core   0: 3 0x8000c184 (0x00075593) x11 0x00000001
core   0: 0x8000c188 (0x005c6233) or      tp, s8, t0
core   0: 3 0x8000c188 (0x005c6233) x 4 0x80025e24
core   0: 0x8000c18c (0x02ca1633) mulh    a2, s4, a2
core   0: 3 0x8000c18c (0x02ca1633) x12 0x00000000
core   0: 0x8000c190 (0x014d94b3) sll     s1, s11, s4
core   0: 3 0x8000c190 (0x014d94b3) x 9 0x00000001
core   0: 0x8000c194 (0x00038eb3) add     t4, t2, zero
core   0: 3 0x8000c194 (0x00038eb3) x29 0x00000000
core   0: 0x8000c198 (0x0176d213) srli    tp, a3, 23
core   0: 3 0x8000c198 (0x0176d213) x 4 0x00000000
core   0: 0x8000c19c (0xfa56b093) sltiu   ra, a3, -91
core   0: 3 0x8000c19c (0xfa56b093) x 1 0x00000001
core   0: 0x8000c1a0 (0x00d2fb33) and     s6, t0, a3
core   0: 3 0x8000c1a0 (0x00d2fb33) x22 0x00000000
core   0: 0x8000c1a4 (0x09ed7293) andi    t0, s10, 158
core   0: 3 0x8000c1a4 (0x09ed7293) x 5 0x00000002
core   0: 0x8000c1a8 (0x03c64e33) div     t3, a2, t3
core   0: 3 0x8000c1a8 (0x03c64e33) x28 0xffffffff
core   0: 0x8000c1ac (0xfaadbd13) sltiu   s10, s11, -86
core   0: 3 0x8000c1ac (0xfaadbd13) x26 0x00000001
core   0: 0x8000c1b0 (0x00000013) nop
core   0: 3 0x8000c1b0 (0x00000013)
core   0: 0x8000c1b4 (0x03bd5a33) divu    s4, s10, s11
core   0: 3 0x8000c1b4 (0x03bd5a33) x20 0x00000001
core   0: 0x8000c1b8 (0x021e4863) blt     t3, ra, pc + 48
core   0: 3 0x8000c1b8 (0x021e4863)
core   0: 0x8000c1e8 (0x00000013) nop
core   0: 3 0x8000c1e8 (0x00000013)
core   0: 0x8000c1ec (0x5c0d9637) lui     a2, 0x5c0d9
core   0: 3 0x8000c1ec (0x5c0d9637) x12 0x5c0d9000
core   0: 0x8000c1f0 (0x004dc1b3) xor     gp, s11, tp
core   0: 3 0x8000c1f0 (0x004dc1b3) x 3 0x00000001
core   0: 0x8000c1f4 (0x01fbdb33) srl     s6, s7, t6
core   0: 3 0x8000c1f4 (0x01fbdb33) x22 0x00000228
core   0: 0x8000c1f8 (0x01d1e633) or      a2, gp, t4
core   0: 3 0x8000c1f8 (0x01d1e633) x12 0x00000001
core   0: 0x8000c1fc (0x037b5a63) bge     s6, s7, pc + 52
core   0: 3 0x8000c1fc (0x037b5a63)
core   0: 0x8000c230 (0x02846433) rem     s0, s0, s0
core   0: 3 0x8000c230 (0x02846433) x 8 0x00000000
core   0: 0x8000c234 (0x40a38cb3) sub     s9, t2, a0
core   0: 3 0x8000c234 (0x40a38cb3) x25 0x00000000
core   0: 0x8000c238 (0x41045d33) sra     s10, s0, a6
core   0: 3 0x8000c238 (0x41045d33) x26 0x00000000
core   0: 0x8000c23c (0x005e2d33) slt     s10, t3, t0
core   0: 3 0x8000c23c (0x005e2d33) x26 0x00000001
core   0: 0x8000c240 (0x026d5c63) bge     s10, t1, pc + 56
core   0: 3 0x8000c240 (0x026d5c63)
core   0: 0x8000c278 (0x99fae037) lui     zero, 0x99fae
core   0: 3 0x8000c278 (0x99fae037)
core   0: 0x8000c27c (0x83222313) slti    t1, tp, -1998
core   0: 3 0x8000c27c (0x83222313) x 6 0x00000000
core   0: 0x8000c280 (0x00d732b3) sltu    t0, a4, a3
core   0: 3 0x8000c280 (0x00d732b3) x 5 0x00000000
core   0: 0x8000c284 (0x00c15333) srl     t1, sp, a2
core   0: 3 0x8000c284 (0x00c15333) x 6 0x1f1e3872
core   0: 0x8000c288 (0x01095eb3) srl     t4, s2, a6
core   0: 3 0x8000c288 (0x01095eb3) x29 0x00000000
core   0: 0x8000c28c (0xa08baf93) slti    t6, s7, -1528
core   0: 3 0x8000c28c (0xa08baf93) x31 0x00000000
core   0: 0x8000c290 (0x020562b3) rem     t0, a0, zero
core   0: 3 0x8000c290 (0x020562b3) x 5 0x00000000
core   0: 0x8000c294 (0x007b84b3) add     s1, s7, t2
core   0: 3 0x8000c294 (0x007b84b3) x 9 0x00000228
core   0: 0x8000c298 (0x0124dc63) bge     s1, s2, pc + 24
core   0: 3 0x8000c298 (0x0124dc63)
core   0: 0x8000c2b0 (0x01351113) slli    sp, a0, 19
core   0: 3 0x8000c2b0 (0x01351113) x 2 0x00000000
core   0: 0x8000c2b4 (0xebf3ad13) slti    s10, t2, -321
core   0: 3 0x8000c2b4 (0xebf3ad13) x26 0x00000000
core   0: 0x8000c2b8 (0x03842333) mulhsu  t1, s0, s8
core   0: 3 0x8000c2b8 (0x03842333) x 6 0x00000000
core   0: 0x8000c2bc (0x41538cb3) sub     s9, t2, s5
core   0: 3 0x8000c2bc (0x41538cb3) x25 0x7ffd631c
core   0: 0x8000c2c0 (0x000e0c63) beqz    t3, pc + 24
core   0: 3 0x8000c2c0 (0x000e0c63)
core   0: 0x8000c2c4 (0x01edc5b3) xor     a1, s11, t5
core   0: 3 0x8000c2c4 (0x01edc5b3) x11 0x00000001
core   0: 0x8000c2c8 (0x000f7333) and     t1, t5, zero
core   0: 3 0x8000c2c8 (0x000f7333) x 6 0x00000000
core   0: 0x8000c2cc (0x0125a0b3) slt     ra, a1, s2
core   0: 3 0x8000c2cc (0x0125a0b3) x 1 0x00000000
core   0: 0x8000c2d0 (0xf4f31317) auipc   t1, 0xf4f31
core   0: 3 0x8000c2d0 (0xf4f31317) x 6 0x74f3d2d0
core   0: 0x8000c2d4 (0x01589863) bne     a7, s5, pc + 16
core   0: 3 0x8000c2d4 (0x01589863)
core   0: 0x8000c2e4 (0x49172193) slti    gp, a4, 1169
core   0: 3 0x8000c2e4 (0x49172193) x 3 0x00000001
core   0: 0x8000c2e8 (0x02a74833) div     a6, a4, a0
core   0: 3 0x8000c2e8 (0x02a74833) x16 0xffffffff
core   0: 0x8000c2ec (0x00a0d9b3) srl     s3, ra, a0
core   0: 3 0x8000c2ec (0x00a0d9b3) x19 0x00000000
core   0: 0x8000c2f0 (0x02c0f063) bgeu    ra, a2, pc + 32
core   0: 3 0x8000c2f0 (0x02c0f063)
core   0: 0x8000c2f4 (0x00a5be33) sltu    t3, a1, a0
core   0: 3 0x8000c2f4 (0x00a5be33) x28 0x00000000
core   0: 0x8000c2f8 (0x02127663) bgeu    tp, ra, pc + 44
core   0: 3 0x8000c2f8 (0x02127663)
core   0: 0x8000c324 (0x0118ea33) or      s4, a7, a7
core   0: 3 0x8000c324 (0x0118ea33) x20 0x00000228
core   0: 0x8000c328 (0x40025413) srai    s0, tp, 0
core   0: 3 0x8000c328 (0x40025413) x 8 0x00000000
core   0: 0x8000c32c (0x0104ffb3) and     t6, s1, a6
core   0: 3 0x8000c32c (0x0104ffb3) x31 0x00000228
core   0: 0x8000c330 (0x00000013) nop
core   0: 3 0x8000c330 (0x00000013)
core   0: 0x8000c334 (0x02c26eb3) rem     t4, tp, a2
core   0: 3 0x8000c334 (0x02c26eb3) x29 0x00000000
core   0: 0x8000c338 (0x0109d833) srl     a6, s3, a6
core   0: 3 0x8000c338 (0x0109d833) x16 0x00000000
core   0: 0x8000c33c (0x00000013) nop
core   0: 3 0x8000c33c (0x00000013)
core   0: 0x8000c340 (0x02b06eb3) rem     t4, zero, a1
core   0: 3 0x8000c340 (0x02b06eb3) x29 0x00000000
core   0: 0x8000c344 (0x01ebec63) bltu    s7, t5, pc + 24
core   0: 3 0x8000c344 (0x01ebec63)
core   0: 0x8000c348 (0x01f9e9b3) or      s3, s3, t6
core   0: 3 0x8000c348 (0x01f9e9b3) x19 0x00000228
core   0: 0x8000c34c (0x00f9c833) xor     a6, s3, a5
core   0: 3 0x8000c34c (0x00f9c833) x16 0x80025c0c
core   0: 0x8000c350 (0x40ad8db3) sub     s11, s11, a0
core   0: 3 0x8000c350 (0x40ad8db3) x27 0x00000001
core   0: 0x8000c354 (0x03c23a33) mulhu   s4, tp, t3
core   0: 3 0x8000c354 (0x03c23a33) x20 0x00000000
core   0: 0x8000c358 (0x03034663) blt     t1, a6, pc + 44
core   0: 3 0x8000c358 (0x03034663)
core   0: 0x8000c35c (0x00000013) nop
core   0: 3 0x8000c35c (0x00000013)
core   0: 0x8000c360 (0x003e7a63) bgeu    t3, gp, pc + 20
core   0: 3 0x8000c360 (0x003e7a63)
core   0: 0x8000c364 (0x00000013) nop
core   0: 3 0x8000c364 (0x00000013)
core   0: 0x8000c368 (0x01470db3) add     s11, a4, s4
core   0: 3 0x8000c368 (0x01470db3) x27 0x00000001
core   0: 0x8000c36c (0x01944a33) xor     s4, s0, s9
core   0: 3 0x8000c36c (0x01944a33) x20 0x7ffd631c
core   0: 0x8000c370 (0x402380b3) sub     ra, t2, sp
core   0: 3 0x8000c370 (0x402380b3) x 1 0x00000000
core   0: 0x8000c374 (0x41dad393) srai    t2, s5, 29
core   0: 3 0x8000c374 (0x41dad393) x 7 0xfffffffc
core   0: 0x8000c378 (0x0384fa33) remu    s4, s1, s8
core   0: 3 0x8000c378 (0x0384fa33) x20 0x00000228
core   0: 0x8000c37c (0x00f89633) sll     a2, a7, a5
core   0: 3 0x8000c37c (0x00f89633) x12 0x00002280
core   0: 0x8000c380 (0x405953b3) sra     t2, s2, t0
core   0: 3 0x8000c380 (0x405953b3) x 7 0x00000000
core   0: 0x8000c384 (0x018c06b3) add     a3, s8, s8
core   0: 3 0x8000c384 (0x018c06b3) x13 0x00000000
core   0: 0x8000c388 (0x015960b3) or      ra, s2, s5
core   0: 3 0x8000c388 (0x015960b3) x 1 0x80029ce4
core   0: 0x8000c38c (0x01ce58b3) srl     a7, t3, t3
core   0: 3 0x8000c38c (0x01ce58b3) x17 0x00000000
core   0: 0x8000c390 (0x407555b3) sra     a1, a0, t2
core   0: 3 0x8000c390 (0x407555b3) x11 0x00000000
core   0: 0x8000c394 (0x004655b3) srl     a1, a2, tp
core   0: 3 0x8000c394 (0x004655b3) x11 0x00002280
core   0: 0x8000c398 (0x93cb8813) addi    a6, s7, -1732
core   0: 3 0x8000c398 (0x93cb8813) x16 0xfffffb64
core   0: 0x8000c39c (0x02152bb3) mulhsu  s7, a0, ra
core   0: 3 0x8000c39c (0x02152bb3) x23 0x00000000
core   0: 0x8000c3a0 (0xf0684913) xori    s2, a6, -250
core   0: 3 0x8000c3a0 (0xf0684913) x18 0x00000462
core   0: 0x8000c3a4 (0x039110b3) mulh    ra, sp, s9
core   0: 3 0x8000c3a4 (0x039110b3) x 1 0x00000000
core   0: 0x8000c3a8 (0x00af6c63) bltu    t5, a0, pc + 24
core   0: 3 0x8000c3a8 (0x00af6c63)
core   0: 0x8000c3ac (0x00000013) nop
core   0: 3 0x8000c3ac (0x00000013)
core   0: 0x8000c3b0 (0x0065f5b3) and     a1, a1, t1
core   0: 3 0x8000c3b0 (0x0065f5b3) x11 0x00000280
core   0: 0x8000c3b4 (0x036d0db3) mul     s11, s10, s6
core   0: 3 0x8000c3b4 (0x036d0db3) x27 0x00000000
core   0: 0x8000c3b8 (0x01b85833) srl     a6, a6, s11
core   0: 3 0x8000c3b8 (0x01b85833) x16 0xfffffb64
core   0: 0x8000c3bc (0x01d2ad33) slt     s10, t0, t4
core   0: 3 0x8000c3bc (0x01d2ad33) x26 0x00000000
core   0: 0x8000c3c0 (0x01d06863) bltu    zero, t4, pc + 16
core   0: 3 0x8000c3c0 (0x01d06863)
core   0: 0x8000c3c4 (0x011b1d33) sll     s10, s6, a7
core   0: 3 0x8000c3c4 (0x011b1d33) x26 0x00000228
core   0: 0x8000c3c8 (0x2c4c6013) ori     zero, s8, 708
core   0: 3 0x8000c3c8 (0x2c4c6013)
core   0: 0x8000c3cc (0x03e3cdb3) div     s11, t2, t5
core   0: 3 0x8000c3cc (0x03e3cdb3) x27 0xffffffff
core   0: 0x8000c3d0 (0x03189d33) mulh    s10, a7, a7
core   0: 3 0x8000c3d0 (0x03189d33) x26 0x00000000
core   0: 0x8000c3d4 (0x03bfc5b3) div     a1, t6, s11
core   0: 3 0x8000c3d4 (0x03bfc5b3) x11 0xfffffdd8
core   0: 0x8000c3d8 (0x03761933) mulh    s2, a2, s7
core   0: 3 0x8000c3d8 (0x03761933) x18 0x00000000
core   0: 0x8000c3dc (0x0210cbb3) div     s7, ra, ra
core   0: 3 0x8000c3dc (0x0210cbb3) x23 0xffffffff
core   0: 0x8000c3e0 (0x7cb07913) andi    s2, zero, 1995
core   0: 3 0x8000c3e0 (0x7cb07913) x18 0x00000000
core   0: 0x8000c3e4 (0x1d106213) ori     tp, zero, 465
core   0: 3 0x8000c3e4 (0x1d106213) x 4 0x000001d1
core   0: 0x8000c3e8 (0x009befb3) or      t6, s7, s1
core   0: 3 0x8000c3e8 (0x009befb3) x31 0xffffffff
core   0: 0x8000c3ec (0x02671bb3) mulh    s7, a4, t1
core   0: 3 0x8000c3ec (0x02671bb3) x23 0x00000000
core   0: 0x8000c3f0 (0x022fd263) bge     t6, sp, pc + 36
core   0: 3 0x8000c3f0 (0x022fd263)
core   0: 0x8000c3f4 (0x41098233) sub     tp, s3, a6
core   0: 3 0x8000c3f4 (0x41098233) x 4 0x000006c4
core   0: 0x8000c3f8 (0x03f96233) rem     tp, s2, t6
core   0: 3 0x8000c3f8 (0x03f96233) x 4 0x00000000
core   0: 0x8000c3fc (0x01675493) srli    s1, a4, 22
core   0: 3 0x8000c3fc (0x01675493) x 9 0x00000000
core   0: 0x8000c400 (0x01da1193) slli    gp, s4, 29
core   0: 3 0x8000c400 (0x01da1193) x 3 0x00000000
core   0: 0x8000c404 (0x021b14b3) mulh    s1, s6, ra
core   0: 3 0x8000c404 (0x021b14b3) x 9 0x00000000
core   0: 0x8000c408 (0x40488bb3) sub     s7, a7, tp
core   0: 3 0x8000c408 (0x40488bb3) x23 0x00000000
core   0: 0x8000c40c (0x1b2fe413) ori     s0, t6, 434
core   0: 3 0x8000c40c (0x1b2fe413) x 8 0xffffffff
core   0: 0x8000c410 (0x03469233) mulh    tp, a3, s4
core   0: 3 0x8000c410 (0x03469233) x 4 0x00000000
core   0: 0x8000c414 (0x345f7493) andi    s1, t5, 837
core   0: 3 0x8000c414 (0x345f7493) x 9 0x00000000
core   0: 0x8000c418 (0x03431e63) bne     t1, s4, pc + 60
core   0: 3 0x8000c418 (0x03431e63)
core   0: 0x8000c454 (0xb01d1fb7) lui     t6, 0xb01d1
core   0: 3 0x8000c454 (0xb01d1fb7) x31 0xb01d1000
core   0: 0x8000c458 (0x00c68863) beq     a3, a2, pc + 16
core   0: 3 0x8000c458 (0x00c68863)
core   0: 0x8000c45c (0x012d1b13) slli    s6, s10, 18
core   0: 3 0x8000c45c (0x012d1b13) x22 0x00000000
core   0: 0x8000c460 (0x6dd73293) sltiu   t0, a4, 1757
core   0: 3 0x8000c460 (0x6dd73293) x 5 0x00000001
core   0: 0x8000c464 (0x014cc1b3) xor     gp, s9, s4
core   0: 3 0x8000c464 (0x014cc1b3) x 3 0x7ffd6134
core   0: 0x8000c468 (0x59288a13) addi    s4, a7, 1426
core   0: 3 0x8000c468 (0x59288a13) x20 0x00000592
core   0: 0x8000c46c (0x00601c63) bne     zero, t1, pc + 24
core   0: 3 0x8000c46c (0x00601c63)
core   0: 0x8000c484 (0x2a4a8913) addi    s2, s5, 676
core   0: 3 0x8000c484 (0x2a4a8913) x18 0x80029f88
core   0: 0x8000c488 (0x5bec0117) auipc   sp, 0x5bec0
core   0: 3 0x8000c488 (0x5bec0117) x 2 0xdbecc488
core   0: 0x8000c48c (0x00244463) blt     s0, sp, pc + 8
core   0: 3 0x8000c48c (0x00244463)
core   0: 0x8000c490 (0x941ebb93) sltiu   s7, t4, -1727
core   0: 3 0x8000c490 (0x941ebb93) x23 0x00000001
core   0: 0x8000c494 (0x31386c93) ori     s9, a6, 787
core   0: 3 0x8000c494 (0x31386c93) x25 0xfffffb77
core   0: 0x8000c498 (0x032858b3) divu    a7, a6, s2
core   0: 3 0x8000c498 (0x032858b3) x17 0x00000001
core   0: 0x8000c49c (0x0307c663) blt     a5, a6, pc + 44
core   0: 3 0x8000c49c (0x0307c663)
core   0: 0x8000c4c8 (0x1765c213) xori    tp, a1, 374
core   0: 3 0x8000c4c8 (0x1765c213) x 4 0xfffffcae
core   0: 0x8000c4cc (0x00f31693) slli    a3, t1, 15
core   0: 3 0x8000c4cc (0x00f31693) x13 0xe9680000
core   0: 0x8000c4d0 (0x00000013) nop
core   0: 3 0x8000c4d0 (0x00000013)
core   0: 0x8000c4d4 (0x03831fb3) mulh    t6, t1, s8
core   0: 3 0x8000c4d4 (0x03831fb3) x31 0x00000000
core   0: 0x8000c4d8 (0x3fa07b13) andi    s6, zero, 1018
core   0: 3 0x8000c4d8 (0x3fa07b13) x22 0x00000000
core   0: 0x8000c4dc (0x00650233) add     tp, a0, t1
core   0: 3 0x8000c4dc (0x00650233) x 4 0x74f3d2d0
core   0: 0x8000c4e0 (0x00272cb3) slt     s9, a4, sp
core   0: 3 0x8000c4e0 (0x00272cb3) x25 0x00000000
core   0: 0x8000c4e4 (0x03bac8b3) div     a7, s5, s11
core   0: 3 0x8000c4e4 (0x03bac8b3) x17 0x7ffd631c
core   0: 0x8000c4e8 (0xf5a17093) andi    ra, sp, -166
core   0: 3 0x8000c4e8 (0xf5a17093) x 1 0xdbecc408
core   0: 0x8000c4ec (0x015be833) or      a6, s7, s5
core   0: 3 0x8000c4ec (0x015be833) x16 0x80029ce5
core   0: 0x8000c4f0 (0x3c03ae93) slti    t4, t2, 960
core   0: 3 0x8000c4f0 (0x3c03ae93) x29 0x00000001
core   0: 0x8000c4f4 (0x02435bb3) divu    s7, t1, tp
core   0: 3 0x8000c4f4 (0x02435bb3) x23 0x00000001
core   0: 0x8000c4f8 (0x01f05693) srli    a3, zero, 31
core   0: 3 0x8000c4f8 (0x01f05693) x13 0x00000000
core   0: 0x8000c4fc (0x01f9d1b3) srl     gp, s3, t6
core   0: 3 0x8000c4fc (0x01f9d1b3) x 3 0x00000228
core   0: 0x8000c500 (0x0336fd33) remu    s10, a3, s3
core   0: 3 0x8000c500 (0x0336fd33) x26 0x00000000
core   0: 0x8000c504 (0x41195313) srai    t1, s2, 17
core   0: 3 0x8000c504 (0x41195313) x 6 0xffffc001
core   0: 0x8000c508 (0x00625033) srl     zero, tp, t1
core   0: 3 0x8000c508 (0x00625033)
core   0: 0x8000c50c (0x030d4433) div     s0, s10, a6
core   0: 3 0x8000c50c (0x030d4433) x 8 0x00000000
core   0: 0x8000c510 (0xd953e217) auipc   tp, 0xd953e
core   0: 3 0x8000c510 (0xd953e217) x 4 0x5954a510
core   0: 0x8000c514 (0x03ea49b3) div     s3, s4, t5
core   0: 3 0x8000c514 (0x03ea49b3) x19 0xffffffff
core   0: 0x8000c518 (0x03a4b0b3) mulhu   ra, s1, s10
core   0: 3 0x8000c518 (0x03a4b0b3) x 1 0x00000000
core   0: 0x8000c51c (0x002e52b3) srl     t0, t3, sp
core   0: 3 0x8000c51c (0x002e52b3) x 5 0x00000000
core   0: 0x8000c520 (0x8b536013) ori     zero, t1, -1867
core   0: 3 0x8000c520 (0x8b536013)
core   0: 0x8000c524 (0x038e5c33) divu    s8, t3, s8
core   0: 3 0x8000c524 (0x038e5c33) x24 0xffffffff
core   0: 0x8000c528 (0x021129b3) mulhsu  s3, sp, ra
core   0: 3 0x8000c528 (0x021129b3) x19 0x00000000
core   0: 0x8000c52c (0xbfc9b313) sltiu   t1, s3, -1028
core   0: 3 0x8000c52c (0xbfc9b313) x 6 0x00000001
core   0: 0x8000c530 (0x91b3ed93) ori     s11, t2, -1765
core   0: 3 0x8000c530 (0x91b3ed93) x27 0xfffff91b
core   0: 0x8000c534 (0x03a52e33) mulhsu  t3, a0, s10
core   0: 3 0x8000c534 (0x03a52e33) x28 0x00000000
core   0: 0x8000c538 (0x03c5aa33) mulhsu  s4, a1, t3
core   0: 3 0x8000c538 (0x03c5aa33) x20 0x00000000
core   0: 0x8000c53c (0x09495863) bge     s2, s4, pc + 144
core   0: 3 0x8000c53c (0x09495863)
core   0: 0x8000c540 (0x0297f063) bgeu    a5, s1, pc + 32
core   0: 3 0x8000c540 (0x0297f063)
core   0: 0x8000c560 (0x03723eb3) mulhu   t4, tp, s7
core   0: 3 0x8000c560 (0x03723eb3) x29 0x00000000
core   0: 0x8000c564 (0x01ec3533) sltu    a0, s8, t5
core   0: 3 0x8000c564 (0x01ec3533) x10 0x00000000
core   0: 0x8000c568 (0x02e779b3) remu    s3, a4, a4
core   0: 3 0x8000c568 (0x02e779b3) x19 0x00000000
core   0: 0x8000c56c (0x02cdafb3) mulhsu  t6, s11, a2
core   0: 3 0x8000c56c (0x02cdafb3) x31 0xffffffff
core   0: 0x8000c570 (0x0912c263) blt     t0, a7, pc + 132
core   0: 3 0x8000c570 (0x0912c263)
core   0: 0x8000c5f4 (0x991e2497) auipc   s1, 0x991e2
core   0: 3 0x8000c5f4 (0x991e2497) x 9 0x191ee5f4
core   0: 0x8000c5f8 (0x95380fb7) lui     t6, 0x95380
core   0: 3 0x8000c5f8 (0x95380fb7) x31 0x95380000
core   0: 0x8000c5fc (0x02ce7463) bgeu    t3, a2, pc + 40
core   0: 3 0x8000c5fc (0x02ce7463)
core   0: 0x8000c600 (0x4c68ec17) auipc   s8, 0x4c68e
core   0: 3 0x8000c600 (0x4c68ec17) x24 0xcc69a600
core   0: 0x8000c604 (0xa136ce93) xori    t4, a3, -1517
core   0: 3 0x8000c604 (0xa136ce93) x29 0xfffffa13
core   0: 0x8000c608 (0x41d20b33) sub     s6, tp, t4
core   0: 3 0x8000c608 (0x41d20b33) x22 0x5954aafd
core   0: 0x8000c60c (0x00000013) nop
core   0: 3 0x8000c60c (0x00000013)
core   0: 0x8000c610 (0x406f5933) sra     s2, t5, t1
core   0: 3 0x8000c610 (0x406f5933) x18 0x00000000
core   0: 0x8000c614 (0x02d69433) mulh    s0, a3, a3
core   0: 3 0x8000c614 (0x02d69433) x 8 0x00000000
core   0: 0x8000c618 (0x03456a33) rem     s4, a0, s4
core   0: 3 0x8000c618 (0x03456a33) x20 0x00000000
core   0: 0x8000c61c (0xf62d2197) auipc   gp, 0xf62d2
core   0: 3 0x8000c61c (0xf62d2197) x 3 0x762de61c
core   0: 0x8000c620 (0x0243e933) rem     s2, t2, tp
core   0: 3 0x8000c620 (0x0243e933) x18 0x00000000
core   0: 0x8000c624 (0x752f0313) addi    t1, t5, 1874
core   0: 3 0x8000c624 (0x752f0313) x 6 0x00000752
core   0: 0x8000c628 (0x8973c213) xori    tp, t2, -1897
core   0: 3 0x8000c628 (0x8973c213) x 4 0xfffff897
core   0: 0x8000c62c (0x05870a63) beq     a4, s8, pc + 84
core   0: 3 0x8000c62c (0x05870a63)
core   0: 0x8000c630 (0x0369c533) div     a0, s3, s6
core   0: 3 0x8000c630 (0x0369c533) x10 0x00000000
core   0: 0x8000c634 (0x9d28a413) slti    s0, a7, -1582
core   0: 3 0x8000c634 (0x9d28a413) x 8 0x00000000
core   0: 0x8000c638 (0xffb00c93) li      s9, -5
core   0: 3 0x8000c638 (0xffb00c93) x25 0xfffffffb
core   0: 0x8000c63c (0xff500113) li      sp, -11
core   0: 3 0x8000c63c (0xff500113) x 2 0xfffffff5
core   0: 0x8000c640 (0x038748b3) div     a7, a4, s8
core   0: 3 0x8000c640 (0x038748b3) x17 0x00000000
core   0: 0x8000c644 (0xffbc8c93) addi    s9, s9, -5
core   0: 3 0x8000c644 (0xffbc8c93) x25 0xfffffff6
core   0: 0x8000c648 (0xfe2cdce3) bge     s9, sp, pc - 8
core   0: 3 0x8000c648 (0xfe2cdce3)
core   0: 0x8000c640 (0x038748b3) div     a7, a4, s8
core   0: 3 0x8000c640 (0x038748b3) x17 0x00000000
core   0: 0x8000c644 (0xffbc8c93) addi    s9, s9, -5
core   0: 3 0x8000c644 (0xffbc8c93) x25 0xfffffff1
core   0: 0x8000c648 (0xfe2cdce3) bge     s9, sp, pc - 8
core   0: 3 0x8000c648 (0xfe2cdce3)
core   0: 0x8000c64c (0x01234e33) xor     t3, t1, s2
core   0: 3 0x8000c64c (0x01234e33) x28 0x00000752
core   0: 0x8000c650 (0x02077fb3) remu    t6, a4, zero
core   0: 3 0x8000c650 (0x02077fb3) x31 0x00000001
core   0: 0x8000c654 (0x03dd0db3) mul     s11, s10, t4
core   0: 3 0x8000c654 (0x03dd0db3) x27 0x00000000
core   0: 0x8000c658 (0x001e1213) slli    tp, t3, 1
core   0: 3 0x8000c658 (0x001e1213) x 4 0x00000ea4
core   0: 0x8000c65c (0x408656b3) sra     a3, a2, s0
core   0: 3 0x8000c65c (0x408656b3) x13 0x00002280
core   0: 0x8000c660 (0xeaee3093) sltiu   ra, t3, -338
core   0: 3 0x8000c660 (0xeaee3093) x 1 0x00000001
core   0: 0x8000c664 (0x01003d33) snez    s10, a6
core   0: 3 0x8000c664 (0x01003d33) x26 0x00000001
core   0: 0x8000c668 (0x037ccfb3) div     t6, s9, s7
core   0: 3 0x8000c668 (0x037ccfb3) x31 0xfffffff1
core   0: 0x8000c66c (0xb8dcfd13) andi    s10, s9, -1139
core   0: 3 0x8000c66c (0xb8dcfd13) x26 0xfffffb81
core   0: 0x8000c670 (0x0b738c93) addi    s9, t2, 183
core   0: 3 0x8000c670 (0x0b738c93) x25 0x000000b7
core   0: 0x8000c674 (0x003e4633) xor     a2, t3, gp
core   0: 3 0x8000c674 (0x003e4633) x12 0x762de14e
core   0: 0x8000c678 (0x015e08b3) add     a7, t3, s5
core   0: 3 0x8000c678 (0x015e08b3) x17 0x8002a436
core   0: 0x8000c67c (0xaa84be37) lui     t3, 0xaa84b
core   0: 3 0x8000c67c (0xaa84be37) x28 0xaa84b000
core   0: 0x8000c680 (0x48ade593) ori     a1, s11, 1162
core   0: 3 0x8000c680 (0x48ade593) x11 0x0000048a
core   0: 0x8000c684 (0x02978e63) beq     a5, s1, pc + 60
core   0: 3 0x8000c684 (0x02978e63)
core   0: 0x8000c688 (0x037054b3) divu    s1, zero, s7
core   0: 3 0x8000c688 (0x037054b3) x 9 0x00000000
core   0: 0x8000c68c (0xa9e03137) lui     sp, 0xa9e03
core   0: 3 0x8000c68c (0xa9e03137) x 2 0xa9e03000
core   0: 0x8000c690 (0x03a6f5b3) remu    a1, a3, s10
core   0: 3 0x8000c690 (0x03a6f5b3) x11 0x00002280
core   0: 0x8000c694 (0x01914733) xor     a4, sp, s9
core   0: 3 0x8000c694 (0x01914733) x14 0xa9e030b7
core   0: 0x8000c698 (0x02ce5fb3) divu    t6, t3, a2
core   0: 3 0x8000c698 (0x02ce5fb3) x31 0x00000001
core   0: 0x8000c69c (0x02766733) rem     a4, a2, t2
core   0: 3 0x8000c69c (0x02766733) x14 0x762de14e
core   0: 0x8000c6a0 (0x02a880b3) mul     ra, a7, a0
core   0: 3 0x8000c6a0 (0x02a880b3) x 1 0x00000000
core   0: 0x8000c6a4 (0x00dbfa63) bgeu    s7, a3, pc + 20
core   0: 3 0x8000c6a4 (0x00dbfa63)
core   0: 0x8000c6a8 (0x016d2bb3) slt     s7, s10, s6
core   0: 3 0x8000c6a8 (0x016d2bb3) x23 0x00000001
core   0: 0x8000c6ac (0x020bccb3) div     s9, s7, zero
core   0: 3 0x8000c6ac (0x020bccb3) x25 0xffffffff
core   0: 0x8000c6b0 (0x00000013) nop
core   0: 3 0x8000c6b0 (0x00000013)
core   0: 0x8000c6b4 (0xb1a1c293) xori    t0, gp, -1254
core   0: 3 0x8000c6b4 (0xb1a1c293) x 5 0x89d21d06
core   0: 0x8000c6b8 (0x01fddeb3) srl     t4, s11, t6
core   0: 3 0x8000c6b8 (0x01fddeb3) x29 0x00000000
core   0: 0x8000c6bc (0xb60a6c13) ori     s8, s4, -1184
core   0: 3 0x8000c6bc (0xb60a6c13) x24 0xfffffb60
core   0: 0x8000c6c0 (0x021d1a63) bne     s10, ra, pc + 52
core   0: 3 0x8000c6c0 (0x021d1a63)
core   0: 0x8000c6f4 (0x40560cb3) sub     s9, a2, t0
core   0: 3 0x8000c6f4 (0x40560cb3) x25 0xec5bc448
core   0: 0x8000c6f8 (0x015b9f93) slli    t6, s7, 21
core   0: 3 0x8000c6f8 (0x015b9f93) x31 0x00200000
core   0: 0x8000c6fc (0x01b23533) sltu    a0, tp, s11
core   0: 3 0x8000c6fc (0x01b23533) x10 0x00000000
core   0: 0x8000c700 (0x00000013) nop
core   0: 3 0x8000c700 (0x00000013)
core   0: 0x8000c704 (0x022599b3) mulh    s3, a1, sp
core   0: 3 0x8000c704 (0x022599b3) x19 0xfffff464
core   0: 0x8000c708 (0x010f60b3) or      ra, t5, a6
core   0: 3 0x8000c708 (0x010f60b3) x 1 0x80029ce5
core   0: 0x8000c70c (0x035fad33) mulhsu  s10, t6, s5
core   0: 3 0x8000c70c (0x035fad33) x26 0x00100053
core   0: 0x8000c710 (0xd56c6f93) ori     t6, s8, -682
core   0: 3 0x8000c710 (0xd56c6f93) x31 0xffffff76
core   0: 0x8000c714 (0x04af8463) beq     t6, a0, pc + 72
core   0: 3 0x8000c714 (0x04af8463)
core   0: 0x8000c718 (0xffae7813) andi    a6, t3, -6
core   0: 3 0x8000c718 (0xffae7813) x16 0xaa84b000
core   0: 0x8000c71c (0x0197beb3) sltu    t4, a5, s9
core   0: 3 0x8000c71c (0x0197beb3) x29 0x00000001
core   0: 0x8000c720 (0x031c9e33) mulh    t3, s9, a7
core   0: 3 0x8000c720 (0x031c9e33) x28 0x09d1e9fa
core   0: 0x8000c724 (0x0258c5b3) div     a1, a7, t0
core   0: 3 0x8000c724 (0x0258c5b3) x11 0x00000001
core   0: 0x8000c728 (0x03810db3) mul     s11, sp, s8
core   0: 3 0x8000c728 (0x03810db3) x27 0x53220000
core   0: 0x8000c72c (0x767b7893) andi    a7, s6, 1895
core   0: 3 0x8000c72c (0x767b7893) x17 0x00000265
core   0: 0x8000c730 (0x6fda2313) slti    t1, s4, 1789
core   0: 3 0x8000c730 (0x6fda2313) x 6 0x00000001
core   0: 0x8000c734 (0x025b0263) beq     s6, t0, pc + 36
core   0: 3 0x8000c734 (0x025b0263)
core   0: 0x8000c738 (0x0334fd33) remu    s10, s1, s3
core   0: 3 0x8000c738 (0x0334fd33) x26 0x00000000
core   0: 0x8000c73c (0x03359033) mulh    zero, a1, s3
core   0: 3 0x8000c73c (0x03359033)
core   0: 0x8000c740 (0x00000013) nop
core   0: 3 0x8000c740 (0x00000013)
core   0: 0x8000c744 (0x01cf9713) slli    a4, t6, 28
core   0: 3 0x8000c744 (0x01cf9713) x14 0x60000000
core   0: 0x8000c748 (0x0369f6b3) remu    a3, s3, s6
core   0: 3 0x8000c748 (0x0369f6b3) x13 0x4d569e6a
core   0: 0x8000c74c (0x00375933) srl     s2, a4, gp
core   0: 3 0x8000c74c (0x00375933) x18 0x00000006
core   0: 0x8000c750 (0x6afe2337) lui     t1, 0x6afe2
core   0: 3 0x8000c750 (0x6afe2337) x 6 0x6afe2000
core   0: 0x8000c754 (0x027a5d33) divu    s10, s4, t2
core   0: 3 0x8000c754 (0x027a5d33) x26 0xffffffff
core   0: 0x8000c758 (0x016801b3) add     gp, a6, s6
core   0: 3 0x8000c758 (0x016801b3) x 3 0x03d95afd
core   0: 0x8000c75c (0xcf400317) auipc   t1, 0xcf400
core   0: 3 0x8000c75c (0xcf400317) x 6 0x4f40c75c
core   0: 0x8000c760 (0x01362533) slt     a0, a2, s3
core   0: 3 0x8000c760 (0x01362533) x10 0x00000000
core   0: 0x8000c764 (0x03368cb3) mul     s9, a3, s3
core   0: 3 0x8000c764 (0x03368cb3) x25 0x2668e968
core   0: 0x8000c768 (0x01fc6bb3) or      s7, s8, t6
core   0: 3 0x8000c768 (0x01fc6bb3) x23 0xffffff76
core   0: 0x8000c76c (0x032f71b3) remu    gp, t5, s2
core   0: 3 0x8000c76c (0x032f71b3) x 3 0x00000000
core   0: 0x8000c770 (0x55fafb13) andi    s6, s5, 1375
core   0: 3 0x8000c770 (0x55fafb13) x22 0x00000444
core   0: 0x8000c774 (0x00a28833) add     a6, t0, a0
core   0: 3 0x8000c774 (0x00a28833) x16 0x89d21d06
core   0: 0x8000c778 (0x1e9f6437) lui     s0, 0x1e9f6
core   0: 3 0x8000c778 (0x1e9f6437) x 8 0x1e9f6000
core   0: 0x8000c77c (0x0367e833) rem     a6, a5, s6
core   0: 3 0x8000c77c (0x0367e833) x16 0xffffffec
core   0: 0x8000c780 (0x02a77433) remu    s0, a4, a0
core   0: 3 0x8000c780 (0x02a77433) x 8 0x60000000
core   0: 0x8000c784 (0x00d69e93) slli    t4, a3, 13
core   0: 3 0x8000c784 (0x00d69e93) x29 0xd3cd4000
core   0: 0x8000c788 (0x032bc833) div     a6, s7, s2
core   0: 3 0x8000c788 (0x032bc833) x16 0xffffffe9
core   0: 0x8000c78c (0x02605863) bge     zero, t1, pc + 48
core   0: 3 0x8000c78c (0x02605863)
core   0: 0x8000c790 (0x01a811b3) sll     gp, a6, s10
core   0: 3 0x8000c790 (0x01a811b3) x 3 0x80000000
core   0: 0x8000c794 (0xef034393) xori    t2, t1, -272
core   0: 3 0x8000c794 (0xef034393) x 7 0xb0bf39ac
core   0: 0x8000c798 (0x41bb5bb3) sra     s7, s6, s11
core   0: 3 0x8000c798 (0x41bb5bb3) x23 0x00000444
core   0: 0x8000c79c (0x02109c33) mulh    s8, ra, ra
core   0: 3 0x8000c79c (0x02109c33) x24 0x3ffd6321
core   0: 0x8000c7a0 (0x005b6c63) bltu    s6, t0, pc + 24
core   0: 3 0x8000c7a0 (0x005b6c63)
core   0: 0x8000c7b8 (0x007a4033) xor     zero, s4, t2
core   0: 3 0x8000c7b8 (0x007a4033)
core   0: 0x8000c7bc (0x03960463) beq     a2, s9, pc + 40
core   0: 3 0x8000c7bc (0x03960463)
core   0: 0x8000c7c0 (0x0171b633) sltu    a2, gp, s7
core   0: 3 0x8000c7c0 (0x0171b633) x12 0x00000000
core   0: 0x8000c7c4 (0x671f94b7) lui     s1, 0x671f9
core   0: 3 0x8000c7c4 (0x671f94b7) x 9 0x671f9000
core   0: 0x8000c7c8 (0x017fcbb3) xor     s7, t6, s7
core   0: 3 0x8000c7c8 (0x017fcbb3) x23 0xfffffb32
core   0: 0x8000c7cc (0x00ab1e33) sll     t3, s6, a0
core   0: 3 0x8000c7cc (0x00ab1e33) x28 0x00000444
core   0: 0x8000c7d0 (0x00e4ee33) or      t3, s1, a4
core   0: 3 0x8000c7d0 (0x00e4ee33) x28 0x671f9000
core   0: 0x8000c7d4 (0x03426b33) rem     s6, tp, s4
core   0: 3 0x8000c7d4 (0x03426b33) x22 0x00000ea4
core   0: 0x8000c7d8 (0x0049de33) srl     t3, s3, tp
core   0: 3 0x8000c7d8 (0x0049de33) x28 0x0fffff46
core   0: 0x8000c7dc (0x00458863) beq     a1, tp, pc + 16
core   0: 3 0x8000c7dc (0x00458863)
core   0: 0x8000c7e0 (0x74ab3593) sltiu   a1, s6, 1866
core   0: 3 0x8000c7e0 (0x74ab3593) x11 0x00000000
core   0: 0x8000c7e4 (0x02236933) rem     s2, t1, sp
core   0: 3 0x8000c7e4 (0x02236933) x18 0x4f40c75c
core   0: 0x8000c7e8 (0x006e6db3) or      s11, t3, t1
core   0: 3 0x8000c7e8 (0x006e6db3) x27 0x4fffff5e
core   0: 0x8000c7ec (0x50f54c13) xori    s8, a0, 1295
core   0: 3 0x8000c7ec (0x50f54c13) x24 0x0000050f
core   0: 0x8000c7f0 (0x03857663) bgeu    a0, s8, pc + 44
core   0: 3 0x8000c7f0 (0x03857663)
core   0: 0x8000c7f4 (0x413b0d33) sub     s10, s6, s3
core   0: 3 0x8000c7f4 (0x413b0d33) x26 0x00001a40
core   0: 0x8000c7f8 (0x2494f4b7) lui     s1, 0x2494f
core   0: 3 0x8000c7f8 (0x2494f4b7) x 9 0x2494f000
core   0: 0x8000c7fc (0xd6102593) slti    a1, zero, -671
core   0: 3 0x8000c7fc (0xd6102593) x11 0x00000000
core   0: 0x8000c800 (0x04730263) beq     t1, t2, pc + 68
core   0: 3 0x8000c800 (0x04730263)
core   0: 0x8000c804 (0x00e06433) or      s0, zero, a4
core   0: 3 0x8000c804 (0x00e06433) x 8 0x60000000
core   0: 0x8000c808 (0x00b480b3) add     ra, s1, a1
core   0: 3 0x8000c808 (0x00b480b3) x 1 0x2494f000
core   0: 0x8000c80c (0x00b3fc63) bgeu    t2, a1, pc + 24
core   0: 3 0x8000c80c (0x00b3fc63)
core   0: 0x8000c824 (0x02bdb033) mulhu   zero, s11, a1
core   0: 3 0x8000c824 (0x02bdb033)
core   0: 0x8000c828 (0x000a7c63) bgeu    s4, zero, pc + 24
core   0: 3 0x8000c828 (0x000a7c63)
core   0: 0x8000c840 (0x015c18b3) sll     a7, s8, s5
core   0: 3 0x8000c840 (0x015c18b3) x17 0x000050f0
core   0: 0x8000c844 (0x0196d2b3) srl     t0, a3, s9
core   0: 3 0x8000c844 (0x0196d2b3) x 5 0x004d569e
core   0: 0x8000c848 (0x02d10733) mul     a4, sp, a3
core   0: 3 0x8000c848 (0x02d10733) x14 0xd473e000
core   0: 0x8000c84c (0x74bd3113) sltiu   sp, s10, 1867
core   0: 3 0x8000c84c (0x74bd3113) x 2 0x00000000
core   0: 0x8000c850 (0xf3816713) ori     a4, sp, -200
core   0: 3 0x8000c850 (0xf3816713) x14 0xffffff38
core   0: 0x8000c854 (0x97bee293) ori     t0, t4, -1669
core   0: 3 0x8000c854 (0x97bee293) x 5 0xfffff97b
core   0: 0x8000c858 (0x02721033) mulh    zero, tp, t2
core   0: 3 0x8000c858 (0x02721033)
core   0: 0x8000c85c (0x01de0fb3) add     t6, t3, t4
core   0: 3 0x8000c85c (0x01de0fb3) x31 0xe3cd3f46
core   0: 0x8000c860 (0x020a0463) beqz    s4, pc + 40
core   0: 3 0x8000c860 (0x020a0463)
core   0: 0x8000c888 (0x039c3133) mulhu   sp, s8, s9
core   0: 3 0x8000c888 (0x039c3133) x 2 0x000000c2
core   0: 0x8000c88c (0x628aa393) slti    t2, s5, 1576
core   0: 3 0x8000c88c (0x628aa393) x 7 0x00000001
core   0: 0x8000c890 (0x03e52033) mulhsu  zero, a0, t5
core   0: 3 0x8000c890 (0x03e52033)
core   0: 0x8000c894 (0x03a556b3) divu    a3, a0, s10
core   0: 3 0x8000c894 (0x03a556b3) x13 0x00000000
core   0: 0x8000c898 (0x02c8fe63) bgeu    a7, a2, pc + 60
core   0: 3 0x8000c898 (0x02c8fe63)
core   0: 0x8000c8d4 (0x013cde93) srli    t4, s9, 19
core   0: 3 0x8000c8d4 (0x013cde93) x29 0x000004cd
core   0: 0x8000c8d8 (0x00f01893) slli    a7, zero, 15
core   0: 3 0x8000c8d8 (0x00f01893) x17 0x00000000
core   0: 0x8000c8dc (0x0052a033) slt     zero, t0, t0
core   0: 3 0x8000c8dc (0x0052a033)
core   0: 0x8000c8e0 (0x026dcbb3) div     s7, s11, t1
core   0: 3 0x8000c8e0 (0x026dcbb3) x23 0x00000001
core   0: 0x8000c8e4 (0x035ba933) mulhsu  s2, s7, s5
core   0: 3 0x8000c8e4 (0x035ba933) x18 0x00000000
core   0: 0x8000c8e8 (0x00000013) nop
core   0: 3 0x8000c8e8 (0x00000013)
core   0: 0x8000c8ec (0x01e4fd33) and     s10, s1, t5
core   0: 3 0x8000c8ec (0x01e4fd33) x26 0x00000000
core   0: 0x8000c8f0 (0xb0224413) xori    s0, tp, -1278
core   0: 3 0x8000c8f0 (0xb0224413) x 8 0xfffff5a6
core   0: 0x8000c8f4 (0x03035233) divu    tp, t1, a6
core   0: 3 0x8000c8f4 (0x03035233) x 4 0x00000000
core   0: 0x8000c8f8 (0x02071fb3) mulh    t6, a4, zero
core   0: 3 0x8000c8f8 (0x02071fb3) x31 0x00000000
core   0: 0x8000c8fc (0x00000013) nop
core   0: 3 0x8000c8fc (0x00000013)
core   0: 0x8000c900 (0xc9c3e493) ori     s1, t2, -868
core   0: 3 0x8000c900 (0xc9c3e493) x 9 0xfffffc9d
core   0: 0x8000c904 (0x036f0063) beq     t5, s6, pc + 32
core   0: 3 0x8000c904 (0x036f0063)
core   0: 0x8000c908 (0x00b392b3) sll     t0, t2, a1
core   0: 3 0x8000c908 (0x00b392b3) x 5 0x00000001
core   0: 0x8000c90c (0x03a8c633) div     a2, a7, s10
core   0: 3 0x8000c90c (0x03a8c633) x12 0xffffffff
core   0: 0x8000c910 (0x0c9de393) ori     t2, s11, 201
core   0: 3 0x8000c910 (0x0c9de393) x 7 0x4fffffdf
core   0: 0x8000c914 (0x0039ea63) bltu    s3, gp, pc + 20
core   0: 3 0x8000c914 (0x0039ea63)
core   0: 0x8000c918 (0x03b71663) bne     a4, s11, pc + 44
core   0: 3 0x8000c918 (0x03b71663)
core   0: 0x8000c944 (0x008bda63) bge     s7, s0, pc + 20
core   0: 3 0x8000c944 (0x008bda63)
core   0: 0x8000c958 (0xef180f93) addi    t6, a6, -271
core   0: 3 0x8000c958 (0xef180f93) x31 0xfffffeda
core   0: 0x8000c95c (0x02030fb3) mul     t6, t1, zero
core   0: 3 0x8000c95c (0x02030fb3) x31 0x00000000
core   0: 0x8000c960 (0xcb9ca093) slti    ra, s9, -839
core   0: 3 0x8000c960 (0xcb9ca093) x 1 0x00000000
core   0: 0x8000c964 (0x02ab2e33) mulhsu  t3, s6, a0
core   0: 3 0x8000c964 (0x02ab2e33) x28 0x00000000
core   0: 0x8000c968 (0x0047a203) lw      tp, 4(a5)
core   0: 3 0x8000c968 (0x0047a203) x 4 0x8000883c mem 0x80025e28
core   0: 0x8000c96c (0x04078793) addi    a5, a5, 64
core   0: 3 0x8000c96c (0x04078793) x15 0x80025e64
core   0: 0x8000c970 (0xa90a4b13) xori    s6, s4, -1392
core   0: 3 0x8000c970 (0xa90a4b13) x22 0xfffffa90
core   0: 0x8000c974 (0x0174be33) sltu    t3, s1, s7
core   0: 3 0x8000c974 (0x0174be33) x28 0x00000000
core   0: 0x8000c978 (0x014ddfb3) srl     t6, s11, s4
core   0: 3 0x8000c978 (0x014ddfb3) x31 0x4fffff5e
core   0: 0x8000c97c (0x00020d93) mv      s11, tp
core   0: 3 0x8000c97c (0x00020d93) x27 0x8000883c
core   0: 0x8000c980 (0x000d8de7) jalr    s11, s11, 0
core   0: 3 0x8000c980 (0x000d8de7) x27 0x8000c984
core   0: 0x8000883c (0x02ad7c63) bgeu    s10, a0, pc + 56
core   0: 3 0x8000883c (0x02ad7c63)
core   0: 0x80008874 (0x00000013) nop
core   0: 3 0x80008874 (0x00000013)
core   0: 0x80008878 (0x2882aa17) auipc   s4, 0x2882a
core   0: 3 0x80008878 (0x2882aa17) x20 0xa8832878
core   0: 0x8000887c (0x02dd0e33) mul     t3, s10, a3
core   0: 3 0x8000887c (0x02dd0e33) x28 0x00000000
core   0: 0x80008880 (0x00def333) and     t1, t4, a3
core   0: 3 0x80008880 (0x00def333) x 6 0x00000000
core   0: 0x80008884 (0xd13b99b7) lui     s3, 0xd13b9
core   0: 3 0x80008884 (0xd13b99b7) x19 0xd13b9000
core   0: 0x80008888 (0x02b6f063) bgeu    a3, a1, pc + 32
core   0: 3 0x80008888 (0x02b6f063)
core   0: 0x800088a8 (0x02757d33) remu    s10, a0, t2
core   0: 3 0x800088a8 (0x02757d33) x26 0x00000000
core   0: 0x800088ac (0x029cb933) mulhu   s2, s9, s1
core   0: 3 0x800088ac (0x029cb933) x18 0x2668e8e5
core   0: 0x800088b0 (0x0386e733) rem     a4, a3, s8
core   0: 3 0x800088b0 (0x0386e733) x14 0x00000000
core   0: 0x800088b4 (0x05911663) bne     sp, s9, pc + 76
core   0: 3 0x800088b4 (0x05911663)
core   0: 0x80008900 (0x001e41b3) xor     gp, t3, ra
core   0: 3 0x80008900 (0x001e41b3) x 3 0x00000000
core   0: 0x80008904 (0x00f81b33) sll     s6, a6, a5
core   0: 3 0x80008904 (0x00f81b33) x22 0xfffffe90
core   0: 0x80008908 (0x033af863) bgeu    s5, s3, pc + 48
core   0: 3 0x80008908 (0x033af863)
core   0: 0x8000890c (0x021ce2b3) rem     t0, s9, ra
core   0: 3 0x8000890c (0x021ce2b3) x 5 0x2668e968
core   0: 0x80008910 (0x01e25433) srl     s0, tp, t5
core   0: 3 0x80008910 (0x01e25433) x 8 0x8000883c
core   0: 0x80008914 (0x017941b3) xor     gp, s2, s7
core   0: 3 0x80008914 (0x017941b3) x 3 0x2668e8e4
core   0: 0x80008918 (0x40f25a13) srai    s4, tp, 15
core   0: 3 0x80008918 (0x40f25a13) x20 0xffff0001
core   0: 0x8000891c (0xb2b1cf93) xori    t6, gp, -1237
core   0: 3 0x8000891c (0xb2b1cf93) x31 0xd99713cf
core   0: 0x80008920 (0x40e6da13) srai    s4, a3, 14
core   0: 3 0x80008920 (0x40e6da13) x20 0x00000000
core   0: 0x80008924 (0x03896633) rem     a2, s2, s8
core   0: 3 0x80008924 (0x03896633) x12 0x000002e2
core   0: 0x80008928 (0xf7f37293) andi    t0, t1, -129
core   0: 3 0x80008928 (0xf7f37293) x 5 0x00000000
core   0: 0x8000892c (0x3229b617) auipc   a2, 0x3229b
core   0: 3 0x8000892c (0x3229b617) x12 0xb22a392c
core   0: 0x80008930 (0x24c8c013) xori    zero, a7, 588
core   0: 3 0x80008930 (0x24c8c013)
core   0: 0x80008934 (0x01da4733) xor     a4, s4, t4
core   0: 3 0x80008934 (0x01da4733) x14 0x000004cd
core   0: 0x80008938 (0x03afc433) div     s0, t6, s10
core   0: 3 0x80008938 (0x03afc433) x 8 0xffffffff
core   0: 0x8000893c (0x0129dc93) srli    s9, s3, 18
core   0: 3 0x8000893c (0x0129dc93) x25 0x0000344e
core   0: 0x80008940 (0x030744b3) div     s1, a4, a6
core   0: 3 0x80008940 (0x030744b3) x 9 0xffffffcb
core   0: 0x80008944 (0x00a41e63) bne     s0, a0, pc + 28
core   0: 3 0x80008944 (0x00a41e63)
core   0: 0x80008960 (0x029ff663) bgeu    t6, s1, pc + 44
core   0: 3 0x80008960 (0x029ff663)
core   0: 0x80008964 (0x26d4c093) xori    ra, s1, 621
core   0: 3 0x80008964 (0x26d4c093) x 1 0xfffffda6
core   0: 0x80008968 (0x04744463) blt     s0, t2, pc + 72
core   0: 3 0x80008968 (0x04744463)
core   0: 0x800089b0 (0x03da9333) mulh    t1, s5, t4
core   0: 3 0x800089b0 (0x03da9333) x 6 0xfffffd99
core   0: 0x800089b4 (0xaa524513) xori    a0, tp, -1371
core   0: 3 0x800089b4 (0xaa524513) x10 0x7fff7299
core   0: 0x800089b8 (0x014a8863) beq     s5, s4, pc + 16
core   0: 3 0x800089b8 (0x014a8863)
core   0: 0x800089bc (0x028e43b3) div     t2, t3, s0
core   0: 3 0x800089bc (0x028e43b3) x 7 0x00000000
core   0: 0x800089c0 (0x02786333) rem     t1, a6, t2
core   0: 3 0x800089c0 (0x02786333) x 6 0xffffffe9
core   0: 0x800089c4 (0x99137193) andi    gp, t1, -1647
core   0: 3 0x800089c4 (0x99137193) x 3 0xfffff981
core   0: 0x800089c8 (0xd28b2513) slti    a0, s6, -728
core   0: 3 0x800089c8 (0xd28b2513) x10 0x00000000
core   0: 0x800089cc (0x02be8733) mul     a4, t4, a1
core   0: 3 0x800089cc (0x02be8733) x14 0x00000000
core   0: 0x800089d0 (0x00931693) slli    a3, t1, 9
core   0: 3 0x800089d0 (0x00931693) x13 0xffffd200
core   0: 0x800089d4 (0x0161ac33) slt     s8, gp, s6
core   0: 3 0x800089d4 (0x0161ac33) x24 0x00000001
core   0: 0x800089d8 (0x00fc60b3) or      ra, s8, a5
core   0: 3 0x800089d8 (0x00fc60b3) x 1 0x80025e65
core   0: 0x800089dc (0x9d5b1fb7) lui     t6, 0x9d5b1
core   0: 3 0x800089dc (0x9d5b1fb7) x31 0x9d5b1000
core   0: 0x800089e0 (0x020100b3) mul     ra, sp, zero
core   0: 3 0x800089e0 (0x020100b3) x 1 0x00000000
core   0: 0x800089e4 (0x00955533) srl     a0, a0, s1
core   0: 3 0x800089e4 (0x00955533) x10 0x00000000
core   0: 0x800089e8 (0x03aeaeb3) mulhsu  t4, t4, s10
core   0: 3 0x800089e8 (0x03aeaeb3) x29 0x00000000
core   0: 0x800089ec (0x47047e93) andi    t4, s0, 1136
core   0: 3 0x800089ec (0x47047e93) x29 0x00000470
core   0: 0x800089f0 (0x02c54033) div     zero, a0, a2
core   0: 3 0x800089f0 (0x02c54033)
core   0: 0x800089f4 (0x01f7bd33) sltu    s10, a5, t6
core   0: 3 0x800089f4 (0x01f7bd33) x26 0x00000001
core   0: 0x800089f8 (0x0418c463) blt     a7, ra, pc + 72
core   0: 3 0x800089f8 (0x0418c463)
core   0: 0x800089fc (0x094af137) lui     sp, 0x94af
core   0: 3 0x800089fc (0x094af137) x 2 0x094af000
core   0: 0x80008a00 (0x40b5d813) srai    a6, a1, 11
core   0: 3 0x80008a00 (0x40b5d813) x16 0x00000000
core   0: 0x80008a04 (0x017b9f93) slli    t6, s7, 23
core   0: 3 0x80008a04 (0x017b9f93) x31 0x00800000
core   0: 0x80008a08 (0x68c52513) slti    a0, a0, 1676
core   0: 3 0x80008a08 (0x68c52513) x10 0x00000001
core   0: 0x80008a0c (0x02f002b3) mul     t0, zero, a5
core   0: 3 0x80008a0c (0x02f002b3) x 5 0x00000000
core   0: 0x80008a10 (0x00fc44b3) xor     s1, s8, a5
core   0: 3 0x80008a10 (0x00fc44b3) x 9 0x80025e65
core   0: 0x80008a14 (0x033e4e33) div     t3, t3, s3
core   0: 3 0x80008a14 (0x033e4e33) x28 0x00000000
core   0: 0x80008a18 (0x0185de13) srli    t3, a1, 24
core   0: 3 0x80008a18 (0x0185de13) x28 0x00000000
core   0: 0x80008a1c (0x019c4733) xor     a4, s8, s9
core   0: 3 0x80008a1c (0x019c4733) x14 0x0000344f
core   0: 0x80008a20 (0x5ac67213) andi    tp, a2, 1452
core   0: 3 0x80008a20 (0x5ac67213) x 4 0x0000012c
core   0: 0x80008a24 (0x41ab5413) srai    s0, s6, 26
core   0: 3 0x80008a24 (0x41ab5413) x 8 0xffffffff
core   0: 0x80008a28 (0x30342413) slti    s0, s0, 771
core   0: 3 0x80008a28 (0x30342413) x 8 0x00000001
core   0: 0x80008a2c (0x00781d93) slli    s11, a6, 7
core   0: 3 0x80008a2c (0x00781d93) x27 0x00000000
core   0: 0x80008a30 (0x0705f093) andi    ra, a1, 112
core   0: 3 0x80008a30 (0x0705f093) x 1 0x00000000
core   0: 0x80008a34 (0x40b35f93) srai    t6, t1, 11
core   0: 3 0x80008a34 (0x40b35f93) x31 0xffffffff
core   0: 0x80008a38 (0x00abd813) srli    a6, s7, 10
core   0: 3 0x80008a38 (0x00abd813) x16 0x00000000
core   0: 0x80008a3c (0x00f35fb3) srl     t6, t1, a5
core   0: 3 0x80008a3c (0x00f35fb3) x31 0x0ffffffe
core   0: 0x80008a40 (0x005299b3) sll     s3, t0, t0
core   0: 3 0x80008a40 (0x005299b3) x19 0x00000000
core   0: 0x80008a44 (0x050f6663) bltu    t5, a6, pc + 76
core   0: 3 0x80008a44 (0x050f6663)
core   0: 0x80008a48 (0x026f7b33) remu    s6, t5, t1
core   0: 3 0x80008a48 (0x026f7b33) x22 0x00000000
core   0: 0x80008a4c (0x03624b33) div     s6, tp, s6
core   0: 3 0x80008a4c (0x03624b33) x22 0xffffffff
core   0: 0x80008a50 (0x018e11b3) sll     gp, t3, s8
core   0: 3 0x80008a50 (0x018e11b3) x 3 0x00000000
core   0: 0x80008a54 (0x00675c93) srli    s9, a4, 6
core   0: 3 0x80008a54 (0x00675c93) x25 0x000000d1
core   0: 0x80008a58 (0x4a06c813) xori    a6, a3, 1184
core   0: 3 0x80008a58 (0x4a06c813) x16 0xffffd6a0
core   0: 0x80008a5c (0x020da8b3) mulhsu  a7, s11, zero
core   0: 3 0x80008a5c (0x020da8b3) x17 0x00000000
core   0: 0x80008a60 (0x937d08b7) lui     a7, 0x937d0
core   0: 3 0x80008a60 (0x937d08b7) x17 0x937d0000
core   0: 0x80008a64 (0x01c9e933) or      s2, s3, t3
core   0: 3 0x80008a64 (0x01c9e933) x18 0x00000000
core   0: 0x80008a68 (0x40b35c93) srai    s9, t1, 11
core   0: 3 0x80008a68 (0x40b35c93) x25 0xffffffff
core   0: 0x80008a6c (0x002c1bb3) sll     s7, s8, sp
core   0: 3 0x80008a6c (0x002c1bb3) x23 0x00000001
core   0: 0x80008a70 (0x02a80533) mul     a0, a6, a0
core   0: 3 0x80008a70 (0x02a80533) x10 0xffffd6a0
core   0: 0x80008a74 (0x00e03f93) sltiu   t6, zero, 14
core   0: 3 0x80008a74 (0x00e03f93) x31 0x00000001
core   0: 0x80008a78 (0x0007afb3) slt     t6, a5, zero
core   0: 3 0x80008a78 (0x0007afb3) x31 0x00000001
core   0: 0x80008a7c (0xb694a113) slti    sp, s1, -1175
core   0: 3 0x80008a7c (0xb694a113) x 2 0x00000001
core   0: 0x80008a80 (0x036876b3) remu    a3, a6, s6
core   0: 3 0x80008a80 (0x036876b3) x13 0xffffd6a0
core   0: 0x80008a84 (0x402204b3) sub     s1, tp, sp
core   0: 3 0x80008a84 (0x402204b3) x 9 0x0000012b
core   0: 0x80008a88 (0x01bc1c33) sll     s8, s8, s11
core   0: 3 0x80008a88 (0x01bc1c33) x24 0x00000001
core   0: 0x80008a8c (0x00000013) nop
core   0: 3 0x80008a8c (0x00000013)
core   0: 0x80008a90 (0x00000013) nop
core   0: 3 0x80008a90 (0x00000013)
core   0: 0x80008a94 (0x018ee933) or      s2, t4, s8
core   0: 3 0x80008a94 (0x018ee933) x18 0x00000471
core   0: 0x80008a98 (0x40675513) srai    a0, a4, 6
core   0: 3 0x80008a98 (0x40675513) x10 0x000000d1
core   0: 0x80008a9c (0x01266fb3) or      t6, a2, s2
core   0: 3 0x80008a9c (0x01266fb3) x31 0xb22a3d7d
core   0: 0x80008aa0 (0x005bcb33) xor     s6, s7, t0
core   0: 3 0x80008aa0 (0x005bcb33) x22 0x00000001
core   0: 0x80008aa4 (0x419d89b3) sub     s3, s11, s9
core   0: 3 0x80008aa4 (0x419d89b3) x19 0x00000001
core   0: 0x80008aa8 (0x02fa9cb3) mulh    s9, s5, a5
core   0: 3 0x80008aa8 (0x02fa9cb3) x25 0x3ffd8262
core   0: 0x80008aac (0x032ed6b3) divu    a3, t4, s2
core   0: 3 0x80008aac (0x032ed6b3) x13 0x00000000
core   0: 0x80008ab0 (0x019cd863) bge     s9, s9, pc + 16
core   0: 3 0x80008ab0 (0x019cd863)
core   0: 0x80008ac0 (0x029fcd33) div     s10, t6, s1
core   0: 3 0x80008ac0 (0x029fcd33) x26 0xffbd5bd2
core   0: 0x80008ac4 (0x414608b3) sub     a7, a2, s4
core   0: 3 0x80008ac4 (0x414608b3) x17 0xb22a392c
core   0: 0x80008ac8 (0x00d4cc63) blt     s1, a3, pc + 24
core   0: 3 0x80008ac8 (0x00d4cc63)
core   0: 0x80008acc (0x41480a33) sub     s4, a6, s4
core   0: 3 0x80008acc (0x41480a33) x20 0xffffd6a0
core   0: 0x80008ad0 (0x02be19b3) mulh    s3, t3, a1
core   0: 3 0x80008ad0 (0x02be19b3) x19 0x00000000
core   0: 0x80008ad4 (0x409986b3) sub     a3, s3, s1
core   0: 3 0x80008ad4 (0x409986b3) x13 0xfffffed5
core   0: 0x80008ad8 (0x05258263) beq     a1, s2, pc + 68
core   0: 3 0x80008ad8 (0x05258263)
core   0: 0x80008adc (0x40b45e93) srai    t4, s0, 11
core   0: 3 0x80008adc (0x40b45e93) x29 0x00000000
core   0: 0x80008ae0 (0x9ceff393) andi    t2, t6, -1586
core   0: 3 0x80008ae0 (0x9ceff393) x 7 0xb22a394c
core   0: 0x80008ae4 (0x40aa53b3) sra     t2, s4, a0
core   0: 3 0x80008ae4 (0x40aa53b3) x 7 0xffffffff
core   0: 0x80008ae8 (0x9279fe13) andi    t3, s3, -1753
core   0: 3 0x80008ae8 (0x9279fe13) x28 0x00000000
core   0: 0x80008aec (0xe28ee413) ori     s0, t4, -472
core   0: 3 0x80008aec (0xe28ee413) x 8 0xfffffe28
core   0: 0x80008af0 (0x41205293) srai    t0, zero, 18
core   0: 3 0x80008af0 (0x41205293) x 5 0x00000000
core   0: 0x80008af4 (0x04e36063) bltu    t1, a4, pc + 64
core   0: 3 0x80008af4 (0x04e36063)
core   0: 0x80008af8 (0x414e09b3) sub     s3, t3, s4
core   0: 3 0x80008af8 (0x414e09b3) x19 0x00002960
core   0: 0x80008afc (0x027b4d33) div     s10, s6, t2
core   0: 3 0x80008afc (0x027b4d33) x26 0xffffffff
core   0: 0x80008b00 (0x00abc193) xori    gp, s7, 10
core   0: 3 0x80008b00 (0x00abc193) x 3 0x0000000b
core   0: 0x80008b04 (0x86564e93) xori    t4, a2, -1947
core   0: 3 0x80008b04 (0x86564e93) x29 0x4dd5c149
core   0: 0x80008b08 (0x00591613) slli    a2, s2, 5
core   0: 3 0x80008b08 (0x00591613) x12 0x00008e20
core   0: 0x80008b0c (0x01006733) or      a4, zero, a6
core   0: 3 0x80008b0c (0x01006733) x14 0xffffd6a0
core   0: 0x80008b10 (0x00521433) sll     s0, tp, t0
core   0: 3 0x80008b10 (0x00521433) x 8 0x0000012c
core   0: 0x80008b14 (0x038ac3b3) div     t2, s5, s8
core   0: 3 0x80008b14 (0x038ac3b3) x 7 0x80029ce4
core   0: 0x80008b18 (0x007ee533) or      a0, t4, t2
core   0: 3 0x80008b18 (0x007ee533) x10 0xcdd7dded
core   0: 0x80008b1c (0x02accc63) blt     s9, a0, pc + 56
core   0: 3 0x80008b1c (0x02accc63)
core   0: 0x80008b20 (0x40b2dfb3) sra     t6, t0, a1
core   0: 3 0x80008b20 (0x40b2dfb3) x31 0x00000000
core   0: 0x80008b24 (0xc265b2b7) lui     t0, 0xc265b
core   0: 3 0x80008b24 (0xc265b2b7) x 5 0xc265b000
core   0: 0x80008b28 (0x00529613) slli    a2, t0, 5
core   0: 3 0x80008b28 (0x00529613) x12 0x4cb60000
core   0: 0x80008b2c (0x01819593) slli    a1, gp, 24
core   0: 3 0x80008b2c (0x01819593) x11 0x0b000000
core   0: 0x80008b30 (0x036e7b33) remu    s6, t3, s6
core   0: 3 0x80008b30 (0x036e7b33) x22 0x00000000
core   0: 0x80008b34 (0x416f0533) sub     a0, t5, s6
core   0: 3 0x80008b34 (0x416f0533) x10 0x00000000
core   0: 0x80008b38 (0x03ec1833) mulh    a6, s8, t5
core   0: 3 0x80008b38 (0x03ec1833) x16 0x00000000
core   0: 0x80008b3c (0x00000013) nop
core   0: 3 0x80008b3c (0x00000013)
core   0: 0x80008b40 (0x02665c63) bge     a2, t1, pc + 56
core   0: 3 0x80008b40 (0x02665c63)
core   0: 0x80008b78 (0x03a58863) beq     a1, s10, pc + 48
core   0: 3 0x80008b78 (0x03a58863)
core   0: 0x80008b7c (0x0511e063) bltu    gp, a7, pc + 64
core   0: 3 0x80008b7c (0x0511e063)
core   0: 0x80008bbc (0xb349c293) xori    t0, s3, -1228
core   0: 3 0x80008bbc (0xb349c293) x 5 0xffffd254
core   0: 0x80008bc0 (0x03e64063) blt     a2, t5, pc + 32
core   0: 3 0x80008bc0 (0x03e64063)
core   0: 0x80008bc4 (0x9aaba2b7) lui     t0, 0x9aaba
core   0: 3 0x80008bc4 (0x9aaba2b7) x 5 0x9aaba000
core   0: 0x80008bc8 (0x0394d033) divu    zero, s1, s9
core   0: 3 0x80008bc8 (0x0394d033)
core   0: 0x80008bcc (0xd909a193) slti    gp, s3, -624
core   0: 3 0x80008bcc (0xd909a193) x 3 0x00000000
core   0: 0x80008bd0 (0x03659733) mulh    a4, a1, s6
core   0: 3 0x80008bd0 (0x03659733) x14 0x00000000
core   0: 0x80008bd4 (0x011643b3) xor     t2, a2, a7
core   0: 3 0x80008bd4 (0x011643b3) x 7 0xfe9c392c
core   0: 0x80008bd8 (0x011c1413) slli    s0, s8, 17
core   0: 3 0x80008bd8 (0x011c1413) x 8 0x00020000
core   0: 0x80008bdc (0x00a3a5b3) slt     a1, t2, a0
core   0: 3 0x80008bdc (0x00a3a5b3) x11 0x00000001
core   0: 0x80008be0 (0x033e4833) div     a6, t3, s3
core   0: 3 0x80008be0 (0x033e4833) x16 0x00000000
core   0: 0x80008be4 (0x017ac863) blt     s5, s7, pc + 16
core   0: 3 0x80008be4 (0x017ac863)
core   0: 0x80008bf4 (0x00325b13) srli    s6, tp, 3
core   0: 3 0x80008bf4 (0x00325b13) x22 0x00000025
core   0: 0x80008bf8 (0x00000013) nop
core   0: 3 0x80008bf8 (0x00000013)
core   0: 0x80008bfc (0x01877c33) and     s8, a4, s8
core   0: 3 0x80008bfc (0x01877c33) x24 0x00000000
core   0: 0x80008c00 (0x017b8463) beq     s7, s7, pc + 8
core   0: 3 0x80008c00 (0x017b8463)
core   0: 0x80008c08 (0x01d01f93) slli    t6, zero, 29
core   0: 3 0x80008c08 (0x01d01f93) x31 0x00000000
core   0: 0x80008c0c (0x0293c0b3) div     ra, t2, s1
core   0: 3 0x80008c0c (0x0293c0b3) x 1 0xfffecf64
core   0: 0x80008c10 (0x027303b3) mul     t2, t1, t2
core   0: 3 0x80008c10 (0x027303b3) x 7 0x1ff6dd0c
core   0: 0x80008c14 (0x0526f663) bgeu    a3, s2, pc + 76
core   0: 3 0x80008c14 (0x0526f663)
core   0: 0x80008c60 (0x042b0663) beq     s6, sp, pc + 76
core   0: 3 0x80008c60 (0x042b0663)
core   0: 0x80008c64 (0x02eb4eb3) div     t4, s6, a4
core   0: 3 0x80008c64 (0x02eb4eb3) x29 0xffffffff
core   0: 0x80008c68 (0x415e5bb3) sra     s7, t3, s5
core   0: 3 0x80008c68 (0x415e5bb3) x23 0x00000000
core   0: 0x80008c6c (0x41fb88b3) sub     a7, s7, t6
core   0: 3 0x80008c6c (0x41fb88b3) x17 0x00000000
core   0: 0x80008c70 (0x40bc5bb3) sra     s7, s8, a1
core   0: 3 0x80008c70 (0x40bc5bb3) x23 0x00000000
core   0: 0x80008c74 (0x4e0bc497) auipc   s1, 0x4e0bc
core   0: 3 0x80008c74 (0x4e0bc497) x 9 0xce0c4c74
core   0: 0x80008c78 (0x02505c63) bge     zero, t0, pc + 56
core   0: 3 0x80008c78 (0x02505c63)
core   0: 0x80008cb0 (0x008c7c63) bgeu    s8, s0, pc + 24
core   0: 3 0x80008cb0 (0x008c7c63)
core   0: 0x80008cb4 (0x0148cd33) xor     s10, a7, s4
core   0: 3 0x80008cb4 (0x0148cd33) x26 0xffffd6a0
core   0: 0x80008cb8 (0x04c97063) bgeu    s2, a2, pc + 64
core   0: 3 0x80008cb8 (0x04c97063)
core   0: 0x80008cbc (0xa6906a13) ori     s4, zero, -1431
core   0: 3 0x80008cbc (0xa6906a13) x20 0xfffffa69
core   0: 0x80008cc0 (0x40f15c13) srai    s8, sp, 15
core   0: 3 0x80008cc0 (0x40f15c13) x24 0x00000000
core   0: 0x80008cc4 (0x01848663) beq     s1, s8, pc + 12
core   0: 3 0x80008cc4 (0x01848663)
core   0: 0x80008cc8 (0x017221b3) slt     gp, tp, s7
core   0: 3 0x80008cc8 (0x017221b3) x 3 0x00000000
core   0: 0x80008ccc (0x05df1063) bne     t5, t4, pc + 64
core   0: 3 0x80008ccc (0x05df1063)
core   0: 0x80008d0c (0x2eef0d13) addi    s10, t5, 750
core   0: 3 0x80008d0c (0x2eef0d13) x26 0x000002ee
core   0: 0x80008d10 (0x03d35e63) bge     t1, t4, pc + 60
core   0: 3 0x80008d10 (0x03d35e63)
core   0: 0x80008d14 (0x40fad733) sra     a4, s5, a5
core   0: 3 0x80008d14 (0x40fad733) x14 0xf80029ce
core   0: 0x80008d18 (0x9995c593) xori    a1, a1, -1639
core   0: 3 0x80008d18 (0x9995c593) x11 0xfffff998
core   0: 0x80008d1c (0x41b2dd33) sra     s10, t0, s11
core   0: 3 0x80008d1c (0x41b2dd33) x26 0x9aaba000
core   0: 0x80008d20 (0x00b42a33) slt     s4, s0, a1
core   0: 3 0x80008d20 (0x00b42a33) x20 0x00000000
core   0: 0x80008d24 (0x010578b3) and     a7, a0, a6
core   0: 3 0x80008d24 (0x010578b3) x17 0x00000000
core   0: 0x80008d28 (0x026e7663) bgeu    t3, t1, pc + 44
core   0: 3 0x80008d28 (0x026e7663)
core   0: 0x80008d2c (0x02bc4463) blt     s8, a1, pc + 40
core   0: 3 0x80008d2c (0x02bc4463)
core   0: 0x80008d30 (0x0346a533) mulhsu  a0, a3, s4
core   0: 3 0x80008d30 (0x0346a533) x10 0x00000000
core   0: 0x80008d34 (0x00000013) nop
core   0: 3 0x80008d34 (0x00000013)
core   0: 0x80008d38 (0x02f1d2b3) divu    t0, gp, a5
core   0: 3 0x80008d38 (0x02f1d2b3) x 5 0x00000000
core   0: 0x80008d3c (0x45560097) auipc   ra, 0x45560
core   0: 3 0x80008d3c (0x45560097) x 1 0xc5568d3c
core   0: 0x80008d40 (0x405d8533) sub     a0, s11, t0
core   0: 3 0x80008d40 (0x405d8533) x10 0x00000000
core   0: 0x80008d44 (0x0009b933) sltu    s2, s3, zero
core   0: 3 0x80008d44 (0x0009b933) x18 0x00000000
core   0: 0x80008d48 (0x401e05b3) sub     a1, t3, ra
core   0: 3 0x80008d48 (0x401e05b3) x11 0x3aa972c4
core   0: 0x80008d4c (0x00ad9693) slli    a3, s11, 10
core   0: 3 0x80008d4c (0x00ad9693) x13 0x00000000
core   0: 0x80008d50 (0x00233bb3) sltu    s7, t1, sp
core   0: 3 0x80008d50 (0x00233bb3) x23 0x00000000
core   0: 0x80008d54 (0x01b1cc63) blt     gp, s11, pc + 24
core   0: 3 0x80008d54 (0x01b1cc63)
core   0: 0x80008d58 (0x02327e33) remu    t3, tp, gp
core   0: 3 0x80008d58 (0x02327e33) x28 0x0000012c
core   0: 0x80008d5c (0x018c1593) slli    a1, s8, 24
core   0: 3 0x80008d5c (0x018c1593) x11 0x00000000
core   0: 0x80008d60 (0x05165463) bge     a2, a7, pc + 72
core   0: 3 0x80008d60 (0x05165463)
core   0: 0x80008da8 (0x02517833) remu    a6, sp, t0
core   0: 3 0x80008da8 (0x02517833) x16 0x00000001
core   0: 0x80008dac (0x01616eb3) or      t4, sp, s6
core   0: 3 0x80008dac (0x01616eb3) x29 0x00000025
core   0: 0x80008db0 (0x04ef8063) beq     t6, a4, pc + 64
core   0: 3 0x80008db0 (0x04ef8063)
core   0: 0x80008db4 (0x00000013) nop
core   0: 3 0x80008db4 (0x00000013)
core   0: 0x80008db8 (0x036dc463) blt     s11, s6, pc + 40
core   0: 3 0x80008db8 (0x036dc463)
core   0: 0x80008de0 (0x02f21c63) bne     tp, a5, pc + 56
core   0: 3 0x80008de0 (0x02f21c63)
core   0: 0x80008e18 (0x00cd1eb3) sll     t4, s10, a2
core   0: 3 0x80008e18 (0x00cd1eb3) x29 0x9aaba000
core   0: 0x80008e1c (0x00bb4833) xor     a6, s6, a1
core   0: 3 0x80008e1c (0x00bb4833) x16 0x00000025
core   0: 0x80008e20 (0x0137c233) xor     tp, a5, s3
core   0: 3 0x80008e20 (0x0137c233) x 4 0x80027704
core   0: 0x80008e24 (0xda98be93) sltiu   t4, a7, -599
core   0: 3 0x80008e24 (0xda98be93) x29 0x00000001
core   0: 0x80008e28 (0x0021de13) srli    t3, gp, 2
core   0: 3 0x80008e28 (0x0021de13) x28 0x00000000
core   0: 0x80008e2c (0x0a1e2f97) auipc   t6, 0xa1e2
core   0: 3 0x80008e2c (0x0a1e2f97) x31 0x8a1eae2c
core   0: 0x80008e30 (0x02a63933) mulhu   s2, a2, a0
core   0: 3 0x80008e30 (0x02a63933) x18 0x00000000
core   0: 0x80008e34 (0x0159fc63) bgeu    s3, s5, pc + 24
core   0: 3 0x80008e34 (0x0159fc63)
core   0: 0x80008e38 (0x8c753617) auipc   a2, 0x8c753
core   0: 3 0x80008e38 (0x8c753617) x12 0x0c75be38
core   0: 0x80008e3c (0x01a4bfb3) sltu    t6, s1, s10
core   0: 3 0x80008e3c (0x01a4bfb3) x31 0x00000000
core   0: 0x80008e40 (0xf4edbf93) sltiu   t6, s11, -178
core   0: 3 0x80008e40 (0xf4edbf93) x31 0x00000001
core   0: 0x80008e44 (0x033424b3) mulhsu  s1, s0, s3
core   0: 3 0x80008e44 (0x033424b3) x 9 0x00000000
core   0: 0x80008e48 (0x01f92e33) slt     t3, s2, t6
core   0: 3 0x80008e48 (0x01f92e33) x28 0x00000001
core   0: 0x80008e4c (0x020fe063) bltu    t6, zero, pc + 32
core   0: 3 0x80008e4c (0x020fe063)
core   0: 0x80008e50 (0x01526c63) bltu    tp, s5, pc + 24
core   0: 3 0x80008e50 (0x01526c63)
core   0: 0x80008e68 (0x03787b33) remu    s6, a6, s7
core   0: 3 0x80008e68 (0x03787b33) x22 0x00000025
core   0: 0x80008e6c (0x02aab8b3) mulhu   a7, s5, a0
core   0: 3 0x80008e6c (0x02aab8b3) x17 0x00000000
core   0: 0x80008e70 (0x80b18d37) lui     s10, 0x80b18
core   0: 3 0x80008e70 (0x80b18d37) x26 0x80b18000
core   0: 0x80008e74 (0xdfaa3b13) sltiu   s6, s4, -518
core   0: 3 0x80008e74 (0xdfaa3b13) x22 0x00000001
core   0: 0x80008e78 (0x014a7663) bgeu    s4, s4, pc + 12
core   0: 3 0x80008e78 (0x014a7663)
core   0: 0x80008e84 (0xe4f425b7) lui     a1, 0xe4f42
core   0: 3 0x80008e84 (0xe4f425b7) x11 0xe4f42000
core   0: 0x80008e88 (0x01a9f633) and     a2, s3, s10
core   0: 3 0x80008e88 (0x01a9f633) x12 0x00000000
core   0: 0x80008e8c (0x03f0c733) div     a4, ra, t6
core   0: 3 0x80008e8c (0x03f0c733) x14 0xc5568d3c
core   0: 0x80008e90 (0x02c3e0b3) rem     ra, t2, a2
core   0: 3 0x80008e90 (0x02c3e0b3) x 1 0x1ff6dd0c
core   0: 0x80008e94 (0x03fc61b3) rem     gp, s8, t6
core   0: 3 0x80008e94 (0x03fc61b3) x 3 0x00000000
core   0: 0x80008e98 (0x052cc663) blt     s9, s2, pc + 76
core   0: 3 0x80008e98 (0x052cc663)
core   0: 0x80008e9c (0x41c30933) sub     s2, t1, t3
core   0: 3 0x80008e9c (0x41c30933) x18 0xffffffe8
core   0: 0x80008ea0 (0x74ed4b97) auipc   s7, 0x74ed4
core   0: 3 0x80008ea0 (0x74ed4b97) x23 0xf4edcea0
core   0: 0x80008ea4 (0x7f434193) xori    gp, t1, 2036
core   0: 3 0x80008ea4 (0x7f434193) x 3 0xfffff81d
core   0: 0x80008ea8 (0x01457033) and     zero, a0, s4
core   0: 3 0x80008ea8 (0x01457033)
core   0: 0x80008eac (0x03108e33) mul     t3, ra, a7
core   0: 3 0x80008eac (0x03108e33) x28 0x00000000
core   0: 0x80008eb0 (0x01f39133) sll     sp, t2, t6
core   0: 3 0x80008eb0 (0x01f39133) x 2 0x3fedba18
core   0: 0x80008eb4 (0x036b9fb3) mulh    t6, s7, s6
core   0: 3 0x80008eb4 (0x036b9fb3) x31 0xffffffff
core   0: 0x80008eb8 (0x05db8063) beq     s7, t4, pc + 64
core   0: 3 0x80008eb8 (0x05db8063)
core   0: 0x80008ebc (0x00743333) sltu    t1, s0, t2
core   0: 3 0x80008ebc (0x00743333) x 6 0x00000001
core   0: 0x80008ec0 (0x41e001b3) sub     gp, zero, t5
core   0: 3 0x80008ec0 (0x41e001b3) x 3 0x00000000
core   0: 0x80008ec4 (0x037fc733) div     a4, t6, s7
core   0: 3 0x80008ec4 (0x037fc733) x14 0x00000000
core   0: 0x80008ec8 (0x00000013) nop
core   0: 3 0x80008ec8 (0x00000013)
core   0: 0x80008ecc (0x00b0ce63) blt     ra, a1, pc + 28
core   0: 3 0x80008ecc (0x00b0ce63)
core   0: 0x80008ed0 (0xa4c1b113) sltiu   sp, gp, -1460
core   0: 3 0x80008ed0 (0xa4c1b113) x 2 0x00000001
core   0: 0x80008ed4 (0x40055233) sra     tp, a0, zero
core   0: 3 0x80008ed4 (0x40055233) x 4 0x00000000
core   0: 0x80008ed8 (0x02d7ca63) blt     a5, a3, pc + 52
core   0: 3 0x80008ed8 (0x02d7ca63)
core   0: 0x80008f0c (0x00ed0b33) add     s6, s10, a4
core   0: 3 0x80008f0c (0x00ed0b33) x22 0x80b18000
core   0: 0x80008f10 (0x01050933) add     s2, a0, a6
core   0: 3 0x80008f10 (0x01050933) x18 0x00000025
core   0: 0x80008f14 (0xe7b0ce93) xori    t4, ra, -389
core   0: 3 0x80008f14 (0xe7b0ce93) x29 0xe0092377
core   0: 0x80008f18 (0x018aad33) slt     s10, s5, s8
core   0: 3 0x80008f18 (0x018aad33) x26 0x00000001
core   0: 0x80008f1c (0x41a389b3) sub     s3, t2, s10
core   0: 3 0x80008f1c (0x41a389b3) x19 0x1ff6dd0b
core   0: 0x80008f20 (0x03f07c63) bgeu    zero, t6, pc + 56
core   0: 3 0x80008f20 (0x03f07c63)
core   0: 0x80008f24 (0x59162813) slti    a6, a2, 1425
core   0: 3 0x80008f24 (0x59162813) x16 0x00000001
core   0: 0x80008f28 (0x02777463) bgeu    a4, t2, pc + 40
core   0: 3 0x80008f28 (0x02777463)
core   0: 0x80008f2c (0x002960b3) or      ra, s2, sp
core   0: 3 0x80008f2c (0x002960b3) x 1 0x00000025
core   0: 0x80008f30 (0x03d9e233) rem     tp, s3, t4
core   0: 3 0x80008f30 (0x03d9e233) x 4 0x00000082
core   0: 0x80008f34 (0x012e0bb3) add     s7, t3, s2
core   0: 3 0x80008f34 (0x012e0bb3) x23 0x00000025
core   0: 0x80008f38 (0x5128e513) ori     a0, a7, 1298
core   0: 3 0x80008f38 (0x5128e513) x10 0x00000512
core   0: 0x80008f3c (0x02c2bc33) mulhu   s8, t0, a2
core   0: 3 0x80008f3c (0x02c2bc33) x24 0x00000000
core   0: 0x80008f40 (0x40a48733) sub     a4, s1, a0
core   0: 3 0x80008f40 (0x40a48733) x14 0xfffffaee
core   0: 0x80008f44 (0x01a09013) slli    zero, ra, 26
core   0: 3 0x80008f44 (0x01a09013)
core   0: 0x80008f48 (0x2a71d2b7) lui     t0, 0x2a71d
core   0: 3 0x80008f48 (0x2a71d2b7) x 5 0x2a71d000
core   0: 0x80008f4c (0x009d26b3) slt     a3, s10, s1
core   0: 3 0x80008f4c (0x009d26b3) x13 0x00000000
core   0: 0x80008f50 (0x0433c663) blt     t2, gp, pc + 76
core   0: 3 0x80008f50 (0x0433c663)
core   0: 0x80008f54 (0x0331d9b3) divu    s3, gp, s3
core   0: 3 0x80008f54 (0x0331d9b3) x19 0x00000000
core   0: 0x80008f58 (0x008e08b3) add     a7, t3, s0
core   0: 3 0x80008f58 (0x008e08b3) x17 0x00020000
core   0: 0x80008f5c (0x01e35d93) srli    s11, t1, 30
core   0: 3 0x80008f5c (0x01e35d93) x27 0x00000000
core   0: 0x80008f60 (0x00000013) nop
core   0: 3 0x80008f60 (0x00000013)
core   0: 0x80008f64 (0x03d64833) div     a6, a2, t4
core   0: 3 0x80008f64 (0x03d64833) x16 0x00000000
core   0: 0x80008f68 (0x02cc5663) bge     s8, a2, pc + 44
core   0: 3 0x80008f68 (0x02cc5663)
core   0: 0x80008f94 (0x04cdd063) bge     s11, a2, pc + 64
core   0: 3 0x80008f94 (0x04cdd063)
core   0: 0x80008fd4 (0x00619393) slli    t2, gp, 6
core   0: 3 0x80008fd4 (0x00619393) x 7 0x00000000
core   0: 0x80008fd8 (0x005f0b33) add     s6, t5, t0
core   0: 3 0x80008fd8 (0x005f0b33) x22 0x2a71d000
core   0: 0x80008fdc (0x41f2d293) srai    t0, t0, 31
core   0: 3 0x80008fdc (0x41f2d293) x 5 0x00000000
core   0: 0x80008fe0 (0x00391733) sll     a4, s2, gp
core   0: 3 0x80008fe0 (0x00391733) x14 0x00000025
core   0: 0x80008fe4 (0x00d51693) slli    a3, a0, 13
core   0: 3 0x80008fe4 (0x00d51693) x13 0x00a24000
core   0: 0x80008fe8 (0x4075df93) srai    t6, a1, 7
core   0: 3 0x80008fe8 (0x4075df93) x31 0xffc9e840
core   0: 0x80008fec (0xeb03bc13) sltiu   s8, t2, -336
core   0: 3 0x80008fec (0xeb03bc13) x24 0x00000001
core   0: 0x80008ff0 (0x003be533) or      a0, s7, gp
core   0: 3 0x80008ff0 (0x003be533) x10 0x00000025
core   0: 0x80008ff4 (0x002d5513) srli    a0, s10, 2
core   0: 3 0x80008ff4 (0x002d5513) x10 0x00000000
core   0: 0x80008ff8 (0x00000013) nop
core   0: 3 0x80008ff8 (0x00000013)
core   0: 0x80008ffc (0x0052ca33) xor     s4, t0, t0
core   0: 3 0x80008ffc (0x0052ca33) x20 0x00000000
core   0: 0x80009000 (0x05838263) beq     t2, s8, pc + 68
core   0: 3 0x80009000 (0x05838263)
core   0: 0x80009004 (0x12a51e17) auipc   t3, 0x12a51
core   0: 3 0x80009004 (0x12a51e17) x28 0x92a5a004
core   0: 0x80009008 (0x03a0ce63) blt     ra, s10, pc + 60
core   0: 3 0x80009008 (0x03a0ce63)
core   0: 0x8000900c (0x03cfecb3) rem     s9, t6, t3
core   0: 3 0x8000900c (0x03cfecb3) x25 0xffc9e840
core   0: 0x80009010 (0x02b5d863) bge     a1, a1, pc + 48
core   0: 3 0x80009010 (0x02b5d863)
core   0: 0x80009040 (0xf819b013) sltiu   zero, s3, -127
core   0: 3 0x80009040 (0xf819b013)
core   0: 0x80009044 (0x02e11a33) mulh    s4, sp, a4
core   0: 3 0x80009044 (0x02e11a33) x20 0x00000000
core   0: 0x80009048 (0x033ebbb3) mulhu   s7, t4, s3
core   0: 3 0x80009048 (0x033ebbb3) x23 0x00000000
core   0: 0x8000904c (0x0119a0b3) slt     ra, s3, a7
core   0: 3 0x8000904c (0x0119a0b3) x 1 0x00000001
core   0: 0x80009050 (0x01594633) xor     a2, s2, s5
core   0: 3 0x80009050 (0x01594633) x12 0x80029cc1
core   0: 0x80009054 (0x009f2133) slt     sp, t5, s1
core   0: 3 0x80009054 (0x009f2133) x 2 0x00000000
core   0: 0x80009058 (0x0225d233) divu    tp, a1, sp
core   0: 3 0x80009058 (0x0225d233) x 4 0xffffffff
core   0: 0x8000905c (0x41648a33) sub     s4, s1, s6
core   0: 3 0x8000905c (0x41648a33) x20 0xd58e3000
core   0: 0x80009060 (0x5153a093) slti    ra, t2, 1301
core   0: 3 0x80009060 (0x5153a093) x 1 0x00000001
core   0: 0x80009064 (0x024e4993) xori    s3, t3, 36
core   0: 3 0x80009064 (0x024e4993) x19 0x92a5a020
core   0: 0x80009068 (0x346d0417) auipc   s0, 0x346d0
core   0: 3 0x80009068 (0x346d0417) x 8 0xb46d9068
core   0: 0x8000906c (0x032c0463) beq     s8, s2, pc + 40
core   0: 3 0x8000906c (0x032c0463)
core   0: 0x80009070 (0x40af8633) sub     a2, t6, a0
core   0: 3 0x80009070 (0x40af8633) x12 0xffc9e840
core   0: 0x80009074 (0x0277a633) mulhsu  a2, a5, t2
core   0: 3 0x80009074 (0x0277a633) x12 0x00000000
core   0: 0x80009078 (0x01170033) add     zero, a4, a7
core   0: 3 0x80009078 (0x01170033)
core   0: 0x8000907c (0x83998c93) addi    s9, s3, -1991
core   0: 3 0x8000907c (0x83998c93) x25 0x92a59859
core   0: 0x80009080 (0x037d4333) div     t1, s10, s7
core   0: 3 0x80009080 (0x037d4333) x 6 0xffffffff
core   0: 0x80009084 (0x001e3d33) sltu    s10, t3, ra
core   0: 3 0x80009084 (0x001e3d33) x26 0x00000000
core   0: 0x80009088 (0x94956613) ori     a2, a0, -1719
core   0: 3 0x80009088 (0x94956613) x12 0xfffff949
core   0: 0x8000908c (0x036295b3) mulh    a1, t0, s6
core   0: 3 0x8000908c (0x036295b3) x11 0x00000000
core   0: 0x80009090 (0x028bd733) divu    a4, s7, s0
core   0: 3 0x80009090 (0x028bd733) x14 0x00000000
core   0: 0x80009094 (0x035912b3) mulh    t0, s2, s5
core   0: 3 0x80009094 (0x035912b3) x 5 0xffffffed
core   0: 0x80009098 (0x41958533) sub     a0, a1, s9
core   0: 3 0x80009098 (0x41958533) x10 0x6d5a67a7
core   0: 0x8000909c (0x76593213) sltiu   tp, s2, 1893
core   0: 3 0x8000909c (0x76593213) x 4 0x00000001
core   0: 0x800090a0 (0x01f51d93) slli    s11, a0, 31
core   0: 3 0x800090a0 (0x01f51d93) x27 0x80000000
core   0: 0x800090a4 (0x005c6e33) or      t3, s8, t0
core   0: 3 0x800090a4 (0x005c6e33) x28 0xffffffed
core   0: 0x800090a8 (0x00ed56b3) srl     a3, s10, a4
core   0: 3 0x800090a8 (0x00ed56b3) x13 0x00000000
core   0: 0x800090ac (0x03461c63) bne     a2, s4, pc + 56
core   0: 3 0x800090ac (0x03461c63)
core   0: 0x800090e4 (0x016aa333) slt     t1, s5, s6
core   0: 3 0x800090e4 (0x016aa333) x 6 0x00000001
core   0: 0x800090e8 (0x402ddbb3) sra     s7, s11, sp
core   0: 3 0x800090e8 (0x402ddbb3) x23 0x80000000
core   0: 0x800090ec (0x4ec4c613) xori    a2, s1, 1260
core   0: 3 0x800090ec (0x4ec4c613) x12 0x000004ec
core   0: 0x800090f0 (0x62390017) auipc   zero, 0x62390
core   0: 3 0x800090f0 (0x62390017)
core   0: 0x800090f4 (0x008ee463) bltu    t4, s0, pc + 8
core   0: 3 0x800090f4 (0x008ee463)
core   0: 0x800090f8 (0xd9912013) slti    zero, sp, -615
core   0: 3 0x800090f8 (0xd9912013)
core   0: 0x800090fc (0x01001093) slli    ra, zero, 16
core   0: 3 0x800090fc (0x01001093) x 1 0x00000000
core   0: 0x80009100 (0x01931913) slli    s2, t1, 25
core   0: 3 0x80009100 (0x01931913) x18 0x02000000
core   0: 0x80009104 (0x0352a1b3) mulhsu  gp, t0, s5
core   0: 3 0x80009104 (0x0352a1b3) x 3 0xfffffff6
core   0: 0x80009108 (0x005d5d93) srli    s11, s10, 5
core   0: 3 0x80009108 (0x005d5d93) x27 0x00000000
core   0: 0x8000910c (0x00e28863) beq     t0, a4, pc + 16
core   0: 3 0x8000910c (0x00e28863)
core   0: 0x80009110 (0x54e9b193) sltiu   gp, s3, 1358
core   0: 3 0x80009110 (0x54e9b193) x 3 0x00000000
core   0: 0x80009114 (0x02084fb3) div     t6, a6, zero
core   0: 3 0x80009114 (0x02084fb3) x31 0xffffffff
core   0: 0x80009118 (0x0345bfb3) mulhu   t6, a1, s4
core   0: 3 0x80009118 (0x0345bfb3) x31 0x00000000
core   0: 0x8000911c (0x00000013) nop
core   0: 3 0x8000911c (0x00000013)
core   0: 0x80009120 (0xbe50b893) sltiu   a7, ra, -1051
core   0: 3 0x80009120 (0xbe50b893) x17 0x00000001
core   0: 0x80009124 (0x05f6c463) blt     a3, t6, pc + 72
core   0: 3 0x80009124 (0x05f6c463)
core   0: 0x80009128 (0x036d3633) mulhu   a2, s10, s6
core   0: 3 0x80009128 (0x036d3633) x12 0x00000000
core   0: 0x8000912c (0x229a09b7) lui     s3, 0x229a0
core   0: 3 0x8000912c (0x229a09b7) x19 0x229a0000
core   0: 0x80009130 (0x01428033) add     zero, t0, s4
core   0: 3 0x80009130 (0x01428033)
core   0: 0x80009134 (0x01f2e333) or      t1, t0, t6
core   0: 3 0x80009134 (0x01f2e333) x 6 0xffffffed
core   0: 0x80009138 (0x0396e033) rem     zero, a3, s9
core   0: 3 0x80009138 (0x0396e033)
core   0: 0x8000913c (0x01a4ce33) xor     t3, s1, s10
core   0: 3 0x8000913c (0x01a4ce33) x28 0x00000000
core   0: 0x80009140 (0x01f0f6b3) and     a3, ra, t6
core   0: 3 0x80009140 (0x01f0f6b3) x13 0x00000000
core   0: 0x80009144 (0x046fc063) blt     t6, t1, pc + 64
core   0: 3 0x80009144 (0x046fc063)
core   0: 0x80009148 (0x00c65c33) srl     s8, a2, a2
core   0: 3 0x80009148 (0x00c65c33) x24 0x00000000
core   0: 0x8000914c (0x010a1c33) sll     s8, s4, a6
core   0: 3 0x8000914c (0x010a1c33) x24 0xd58e3000
core   0: 0x80009150 (0x0349ee63) bltu    s3, s4, pc + 60
core   0: 3 0x80009150 (0x0349ee63)
core   0: 0x8000918c (0x02855663) bge     a0, s0, pc + 44
core   0: 3 0x8000918c (0x02855663)
core   0: 0x800091b8 (0x01e08633) add     a2, ra, t5
core   0: 3 0x800091b8 (0x01e08633) x12 0x00000000
core   0: 0x800091bc (0xc1a28813) addi    a6, t0, -998
core   0: 3 0x800091bc (0xc1a28813) x16 0xfffffc07
core   0: 0x800091c0 (0x40dd8633) sub     a2, s11, a3
core   0: 3 0x800091c0 (0x40dd8633) x12 0x00000000
core   0: 0x800091c4 (0x28396f93) ori     t6, s2, 643
core   0: 3 0x800091c4 (0x28396f93) x31 0x02000283
core   0: 0x800091c8 (0x00f60c63) beq     a2, a5, pc + 24
core   0: 3 0x800091c8 (0x00f60c63)
core   0: 0x800091cc (0x01aa6863) bltu    s4, s10, pc + 16
core   0: 3 0x800091cc (0x01aa6863)
core   0: 0x800091d0 (0x01434e63) blt     t1, s4, pc + 28
core   0: 3 0x800091d0 (0x01434e63)
core   0: 0x800091d4 (0x01d65eb3) srl     t4, a2, t4
core   0: 3 0x800091d4 (0x01d65eb3) x29 0x00000000
core   0: 0x800091d8 (0x032b0433) mul     s0, s6, s2
core   0: 3 0x800091d8 (0x032b0433) x 8 0x00000000
core   0: 0x800091dc (0xd2afa313) slti    t1, t6, -726
core   0: 3 0x800091dc (0xd2afa313) x 6 0x00000000
core   0: 0x800091e0 (0x69d4c093) xori    ra, s1, 1693
core   0: 3 0x800091e0 (0x69d4c093) x 1 0x0000069d
core   0: 0x800091e4 (0x01e5f5b3) and     a1, a1, t5
core   0: 3 0x800091e4 (0x01e5f5b3) x11 0x00000000
core   0: 0x800091e8 (0x02f2acb3) mulhsu  s9, t0, a5
core   0: 3 0x800091e8 (0x02f2acb3) x25 0xfffffff6
core   0: 0x800091ec (0x017f42b3) xor     t0, t5, s7
core   0: 3 0x800091ec (0x017f42b3) x 5 0x80000000
core   0: 0x800091f0 (0x03d87063) bgeu    a6, t4, pc + 32
core   0: 3 0x800091f0 (0x03d87063)
core   0: 0x80009210 (0x01181fb3) sll     t6, a6, a7
core   0: 3 0x80009210 (0x01181fb3) x31 0xfffff80e
core   0: 0x80009214 (0x03b97733) remu    a4, s2, s11
core   0: 3 0x80009214 (0x03b97733) x14 0x02000000
core   0: 0x80009218 (0x0109cdb3) xor     s11, s3, a6
core   0: 3 0x80009218 (0x0109cdb3) x27 0xdd65fc07
core   0: 0x8000921c (0x401a5233) sra     tp, s4, ra
core   0: 3 0x8000921c (0x401a5233) x 4 0xfffffffe
core   0: 0x80009220 (0x00816c63) bltu    sp, s0, pc + 24
core   0: 3 0x80009220 (0x00816c63)
core   0: 0x80009224 (0x002ba5b3) slt     a1, s7, sp
core   0: 3 0x80009224 (0x002ba5b3) x11 0x00000001
core   0: 0x80009228 (0x00000013) nop
core   0: 3 0x80009228 (0x00000013)
core   0: 0x8000922c (0x8e25a893) slti    a7, a1, -1822
core   0: 3 0x8000922c (0x8e25a893) x17 0x00000000
core   0: 0x80009230 (0x01801393) slli    t2, zero, 24
core   0: 3 0x80009230 (0x01801393) x 7 0x00000000
core   0: 0x80009234 (0x00487e33) and     t3, a6, tp
core   0: 3 0x80009234 (0x00487e33) x28 0xfffffc06
core   0: 0x80009238 (0x01db1393) slli    t2, s6, 29
core   0: 3 0x80009238 (0x01db1393) x 7 0x00000000
core   0: 0x8000923c (0x0ce50213) addi    tp, a0, 206
core   0: 3 0x8000923c (0x0ce50213) x 4 0x6d5a6875
core   0: 0x80009240 (0x0200f533) remu    a0, ra, zero
core   0: 3 0x80009240 (0x0200f533) x10 0x0000069d
core   0: 0x80009244 (0x820bb693) sltiu   a3, s7, -2016
core   0: 3 0x80009244 (0x820bb693) x13 0x00000001
core   0: 0x80009248 (0x0191e5b3) or      a1, gp, s9
core   0: 3 0x80009248 (0x0191e5b3) x11 0xfffffff6
core   0: 0x8000924c (0x02bed533) divu    a0, t4, a1
core   0: 3 0x8000924c (0x02bed533) x10 0x00000000
core   0: 0x80009250 (0x00000013) nop
core   0: 3 0x80009250 (0x00000013)
core   0: 0x80009254 (0xfb2f7e93) andi    t4, t5, -78
core   0: 3 0x80009254 (0xfb2f7e93) x29 0x00000000
core   0: 0x80009258 (0x09a74263) blt     a4, s10, pc + 132
core   0: 3 0x80009258 (0x09a74263)
core   0: 0x8000925c (0x02578893) addi    a7, a5, 37
core   0: 3 0x8000925c (0x02578893) x17 0x80025e89
core   0: 0x80009260 (0x01331693) slli    a3, t1, 19
core   0: 3 0x80009260 (0x01331693) x13 0x00000000
core   0: 0x80009264 (0x70000313) li      t1, 1792
core   0: 3 0x80009264 (0x70000313) x 6 0x00000700
core   0: 0x80009268 (0x01131b33) sll     s6, t1, a7
core   0: 3 0x80009268 (0x01131b33) x22 0x000e0000
core   0: 0x8000926c (0x06281863) bne     a6, sp, pc + 112
core   0: 3 0x8000926c (0x06281863)
core   0: 0x800092dc (0x02a3da63) bge     t2, a0, pc + 52
core   0: 3 0x800092dc (0x02a3da63)
core   0: 0x80009310 (0x00e400b3) add     ra, s0, a4
core   0: 3 0x80009310 (0x00e400b3) x 1 0x02000000
core   0: 0x80009314 (0x05acde63) bge     s9, s10, pc + 92
core   0: 3 0x80009314 (0x05acde63)
core   0: 0x80009318 (0x02904fb3) div     t6, zero, s1
core   0: 3 0x80009318 (0x02904fb3) x31 0xffffffff
core   0: 0x8000931c (0xffa00813) li      a6, -6
core   0: 3 0x8000931c (0xffa00813) x16 0xfffffffa
core   0: 0x80009320 (0x00d00113) li      sp, 13
core   0: 3 0x80009320 (0x00d00113) x 2 0x0000000d
core   0: 0x80009324 (0xc32211b7) lui     gp, 0xc3221
core   0: 3 0x80009324 (0xc32211b7) x 3 0xc3221000
core   0: 0x80009328 (0xcd8a3a13) sltiu   s4, s4, -808
core   0: 3 0x80009328 (0xcd8a3a13) x20 0x00000001
core   0: 0x8000932c (0x00180813) addi    a6, a6, 1
core   0: 3 0x8000932c (0x00180813) x16 0xfffffffb
core   0: 0x80009330 (0xfff00993) li      s3, -1
core   0: 3 0x80009330 (0xfff00993) x19 0xffffffff
core   0: 0x80009334 (0x0109dd33) srl     s10, s3, a6
core   0: 3 0x80009334 (0x0109dd33) x26 0x0000001f
core   0: 0x80009338 (0x00900713) li      a4, 9
core   0: 3 0x80009338 (0x00900713) x14 0x00000009
core   0: 0x8000933c (0x8567fb13) andi    s6, a5, -1962
core   0: 3 0x8000933c (0x8567fb13) x22 0x80025844
core   0: 0x80009340 (0x03c1f033) remu    zero, gp, t3
core   0: 3 0x80009340 (0x03c1f033)
core   0: 0x80009344 (0x00a98993) addi    s3, s3, 10
core   0: 3 0x80009344 (0x00a98993) x19 0x00000009
core   0: 0x80009348 (0x41d95233) sra     tp, s2, t4
core   0: 3 0x80009348 (0x41d95233) x 4 0x02000000
core   0: 0x8000934c (0x00726233) or      tp, tp, t2
core   0: 3 0x8000934c (0x00726233) x 4 0x02000000
core   0: 0x80009350 (0x017db633) sltu    a2, s11, s7
core   0: 3 0x80009350 (0x017db633) x12 0x00000000
core   0: 0x80009354 (0xfee9c6e3) blt     s3, a4, pc - 20
core   0: 3 0x80009354 (0xfee9c6e3)
core   0: 0x80009358 (0xfc2808e3) beq     a6, sp, pc - 48
core   0: 3 0x80009358 (0xfc2808e3)
core   0: 0x8000935c (0x017b9013) slli    zero, s7, 23
core   0: 3 0x8000935c (0x017b9013)
core   0: 0x80009360 (0x03e07533) remu    a0, zero, t5
core   0: 3 0x80009360 (0x03e07533) x10 0x00000000
core   0: 0x80009364 (0x7d3942b7) lui     t0, 0x7d394
core   0: 3 0x80009364 (0x7d3942b7) x 5 0x7d394000
core   0: 0x80009368 (0x9db68613) addi    a2, a3, -1573
core   0: 3 0x80009368 (0x9db68613) x12 0xfffff9db
core   0: 0x8000936c (0x032fa2b3) mulhsu  t0, t6, s2
core   0: 3 0x8000936c (0x032fa2b3) x 5 0xffffffff
core   0: 0x80009370 (0x025cb5b3) mulhu   a1, s9, t0
core   0: 3 0x80009370 (0x025cb5b3) x11 0xfffffff5
core   0: 0x80009374 (0x01d45c13) srli    s8, s0, 29
core   0: 3 0x80009374 (0x01d45c13) x24 0x00000000
core   0: 0x80009378 (0x0208de33) divu    t3, a7, zero
core   0: 3 0x80009378 (0x0208de33) x28 0xffffffff
core   0: 0x8000937c (0x84917013) andi    zero, sp, -1975
core   0: 3 0x8000937c (0x84917013)
core   0: 0x80009380 (0xd4cf3313) sltiu   t1, t5, -692
core   0: 3 0x80009380 (0xd4cf3313) x 6 0x00000001
core   0: 0x80009384 (0x020b73b3) remu    t2, s6, zero
core   0: 3 0x80009384 (0x020b73b3) x 7 0x80025844
core   0: 0x80009388 (0x02b56cb3) rem     s9, a0, a1
core   0: 3 0x80009388 (0x02b56cb3) x25 0x00000000
core   0: 0x8000938c (0x01a89b93) slli    s7, a7, 26
core   0: 3 0x8000938c (0x01a89b93) x23 0x24000000
core   0: 0x80009390 (0x01849533) sll     a0, s1, s8
core   0: 3 0x80009390 (0x01849533) x10 0x00000000
core   0: 0x80009394 (0x00999513) slli    a0, s3, 9
core   0: 3 0x80009394 (0x00999513) x10 0x00001200
core   0: 0x80009398 (0x88cb7593) andi    a1, s6, -1908
core   0: 3 0x80009398 (0x88cb7593) x11 0x80025804
core   0: 0x8000939c (0x029279b3) remu    s3, tp, s1
core   0: 3 0x8000939c (0x029279b3) x19 0x02000000
core   0: 0x800093a0 (0x414ad2b3) sra     t0, s5, s4
core   0: 3 0x800093a0 (0x414ad2b3) x 5 0xc0014e72
core   0: 0x800093a4 (0x01cc1c33) sll     s8, s8, t3
core   0: 3 0x800093a4 (0x01cc1c33) x24 0x00000000
core   0: 0x800093a8 (0x01ea5c63) bge     s4, t5, pc + 24
core   0: 3 0x800093a8 (0x01ea5c63)
core   0: 0x800093c0 (0x00446eb3) or      t4, s0, tp
core   0: 3 0x800093c0 (0x00446eb3) x29 0x02000000
core   0: 0x800093c4 (0x41d88fb3) sub     t6, a7, t4
core   0: 3 0x800093c4 (0x41d88fb3) x31 0x7e025e89
core   0: 0x800093c8 (0x0316c463) blt     a3, a7, pc + 40
core   0: 3 0x800093c8 (0x0316c463)
core   0: 0x800093cc (0x00d28a33) add     s4, t0, a3
core   0: 3 0x800093cc (0x00d28a33) x20 0xc0014e72
core   0: 0x800093d0 (0x026cf433) remu    s0, s9, t1
core   0: 3 0x800093d0 (0x026cf433) x 8 0x00000000
core   0: 0x800093d4 (0x40215093) srai    ra, sp, 2
core   0: 3 0x800093d4 (0x40215093) x 1 0x00000003
core   0: 0x800093d8 (0x023f50b3) divu    ra, t5, gp
core   0: 3 0x800093d8 (0x023f50b3) x 1 0x00000000
core   0: 0x800093dc (0x822d2f97) auipc   t6, 0x822d2
core   0: 3 0x800093dc (0x822d2f97) x31 0x022db3dc
core   0: 0x800093e0 (0x01c10863) beq     sp, t3, pc + 16
core   0: 3 0x800093e0 (0x01c10863)
core   0: 0x800093e4 (0x03b056b3) divu    a3, zero, s11
core   0: 3 0x800093e4 (0x03b056b3) x13 0x00000000
core   0: 0x800093e8 (0x01d03a33) snez    s4, t4
core   0: 3 0x800093e8 (0x01d03a33) x20 0x00000001
core   0: 0x800093ec (0x03ce5c63) bge     t3, t3, pc + 56
core   0: 3 0x800093ec (0x03ce5c63)
core   0: 0x80009424 (0x002c1333) sll     t1, s8, sp
core   0: 3 0x80009424 (0x002c1333) x 6 0x00000000
core   0: 0x80009428 (0x00600613) li      a2, 6
core   0: 3 0x80009428 (0x00600613) x12 0x00000006
core   0: 0x8000942c (0xd3a29c17) auipc   s8, 0xd3a29
core   0: 3 0x8000942c (0xd3a29c17) x24 0x53a3242c
core   0: 0x80009430 (0x018fd733) srl     a4, t6, s8
core   0: 3 0x80009430 (0x018fd733) x14 0x000022db
core   0: 0x80009434 (0x010bd893) srli    a7, s7, 16
core   0: 3 0x80009434 (0x010bd893) x17 0x00002400
core   0: 0x80009438 (0x00625113) srli    sp, tp, 6
core   0: 3 0x80009438 (0x00625113) x 2 0x00080000
core   0: 0x8000943c (0xff900313) li      t1, -7
core   0: 3 0x8000943c (0xff900313) x 6 0xfffffff9
core   0: 0x80009440 (0x0245f0b3) remu    ra, a1, tp
core   0: 3 0x80009440 (0x0245f0b3) x 1 0x00025804
core   0: 0x80009444 (0x01ae9f93) slli    t6, t4, 26
core   0: 3 0x80009444 (0x01ae9f93) x31 0x00000000
core   0: 0x80009448 (0x005122b3) slt     t0, sp, t0
core   0: 3 0x80009448 (0x005122b3) x 5 0x00000000
core   0: 0x8000944c (0x41e406b3) sub     a3, s0, t5
core   0: 3 0x8000944c (0x41e406b3) x13 0x00000000
core   0: 0x80009450 (0x00000013) nop
core   0: 3 0x80009450 (0x00000013)
core   0: 0x80009454 (0x02c92e33) mulhsu  t3, s2, a2
core   0: 3 0x80009454 (0x02c92e33) x28 0x00000000
core   0: 0x80009458 (0xfff60613) addi    a2, a2, -1
core   0: 3 0x80009458 (0xfff60613) x12 0x00000005
core   0: 0x8000945c (0x4031dcb3) sra     s9, gp, gp
core   0: 3 0x8000945c (0x4031dcb3) x25 0xc3221000
core   0: 0x80009460 (0x000c92b3) sll     t0, s9, zero
core   0: 3 0x80009460 (0x000c92b3) x 5 0xc3221000
core   0: 0x80009464 (0x0ceeb893) sltiu   a7, t4, 206
core   0: 3 0x80009464 (0x0ceeb893) x17 0x00000000
core   0: 0x80009468 (0xfc660ce3) beq     a2, t1, pc - 40
core   0: 3 0x80009468 (0xfc660ce3)
core   0: 0x8000946c (0x15285c37) lui     s8, 0x15285
core   0: 3 0x8000946c (0x15285c37) x24 0x15285000
core   0: 0x80009470 (0x14753f93) sltiu   t6, a0, 327
core   0: 3 0x80009470 (0x14753f93) x31 0x00000000
core   0: 0x80009474 (0x12d4ad93) slti    s11, s1, 301
core   0: 3 0x80009474 (0x12d4ad93) x27 0x00000001
core   0: 0x80009478 (0x01db1713) slli    a4, s6, 29
core   0: 3 0x80009478 (0x01db1713) x14 0x80000000
core   0: 0x8000947c (0x388a8413) addi    s0, s5, 904
core   0: 3 0x8000947c (0x388a8413) x 8 0x8002a06c
core   0: 0x80009480 (0x00377133) and     sp, a4, gp
core   0: 3 0x80009480 (0x00377133) x 2 0x80000000
core   0: 0x80009484 (0xd69c8693) addi    a3, s9, -663
core   0: 3 0x80009484 (0xd69c8693) x13 0xc3220d69
core   0: 0x80009488 (0x00000013) nop
core   0: 3 0x80009488 (0x00000013)
core   0: 0x8000948c (0x01b9d893) srli    a7, s3, 27
core   0: 3 0x8000948c (0x01b9d893) x17 0x00000000
core   0: 0x80009490 (0x0055d593) srli    a1, a1, 5
core   0: 3 0x80009490 (0x0055d593) x11 0x040012c0
core   0: 0x80009494 (0x03b1f663) bgeu    gp, s11, pc + 44
core   0: 3 0x80009494 (0x03b1f663)
core   0: 0x800094c0 (0x41c45413) srai    s0, s0, 28
core   0: 3 0x800094c0 (0x41c45413) x 8 0xfffffff8
core   0: 0x800094c4 (0x00754933) xor     s2, a0, t2
core   0: 3 0x800094c4 (0x00754933) x18 0x80024a44
core   0: 0x800094c8 (0x59a5fd17) auipc   s10, 0x59a5f
core   0: 3 0x800094c8 (0x59a5fd17) x26 0xd9a684c8
core   0: 0x800094cc (0x032c6d33) rem     s10, s8, s2
core   0: 3 0x800094cc (0x032c6d33) x26 0x15285000
core   0: 0x800094d0 (0x41aa5633) sra     a2, s4, s10
core   0: 3 0x800094d0 (0x41aa5633) x12 0x00000001
core   0: 0x800094d4 (0x02637e33) remu    t3, t1, t1
core   0: 3 0x800094d4 (0x02637e33) x28 0x00000000
core   0: 0x800094d8 (0x0160de13) srli    t3, ra, 22
core   0: 3 0x800094d8 (0x0160de13) x28 0x00000000
core   0: 0x800094dc (0x03630fb3) mul     t6, t1, s6
core   0: 3 0x800094dc (0x03630fb3) x31 0x7fef9624
core   0: 0x800094e0 (0x00e81d93) slli    s11, a6, 14
core   0: 3 0x800094e0 (0x00e81d93) x27 0xfffec000
core   0: 0x800094e4 (0x4166d5b3) sra     a1, a3, s6
core   0: 3 0x800094e4 (0x4166d5b3) x11 0xfc3220d6
core   0: 0x800094e8 (0x027b5c63) bge     s6, t2, pc + 56
core   0: 3 0x800094e8 (0x027b5c63)
core   0: 0x80009520 (0x41d2df93) srai    t6, t0, 29
core   0: 3 0x80009520 (0x41d2df93) x31 0xfffffffe
core   0: 0x80009524 (0x40738eb3) sub     t4, t2, t2
core   0: 3 0x80009524 (0x40738eb3) x29 0x00000000
core   0: 0x80009528 (0x05d67463) bgeu    a2, t4, pc + 72
core   0: 3 0x80009528 (0x05d67463)
core   0: 0x80009570 (0x41865033) sra     zero, a2, s8
core   0: 3 0x80009570 (0x41865033)
core   0: 0x80009574 (0x003276b3) and     a3, tp, gp
core   0: 3 0x80009574 (0x003276b3) x13 0x02000000
core   0: 0x80009578 (0x409d0233) sub     tp, s10, s1
core   0: 3 0x80009578 (0x409d0233) x 4 0x15285000
core   0: 0x8000957c (0x021f3233) mulhu   tp, t5, ra
core   0: 3 0x8000957c (0x021f3233) x 4 0x00000000
core   0: 0x80009580 (0x03da3fb3) mulhu   t6, s4, t4
core   0: 3 0x80009580 (0x03da3fb3) x31 0x00000000
core   0: 0x80009584 (0x4106d993) srai    s3, a3, 16
core   0: 3 0x80009584 (0x4106d993) x19 0x00000200
core   0: 0x80009588 (0x028e16b3) mulh    a3, t3, s0
core   0: 3 0x80009588 (0x028e16b3) x13 0x00000000
core   0: 0x8000958c (0x01f9d393) srli    t2, s3, 31
core   0: 3 0x8000958c (0x01f9d393) x 7 0x00000000
core   0: 0x80009590 (0xa06e3293) sltiu   t0, t3, -1530
core   0: 3 0x80009590 (0xa06e3293) x 5 0x00000001
core   0: 0x80009594 (0x44b43113) sltiu   sp, s0, 1099
core   0: 3 0x80009594 (0x44b43113) x 2 0x00000000
core   0: 0x80009598 (0x02e87eb3) remu    t4, a6, a4
core   0: 3 0x80009598 (0x02e87eb3) x29 0x7ffffffb
core   0: 0x8000959c (0x0b5a7593) andi    a1, s4, 181
core   0: 3 0x8000959c (0x0b5a7593) x11 0x00000001
core   0: 0x800095a0 (0x4129d1b3) sra     gp, s3, s2
core   0: 3 0x800095a0 (0x4129d1b3) x 3 0x00000020
core   0: 0x800095a4 (0x02cfd233) divu    tp, t6, a2
core   0: 3 0x800095a4 (0x02cfd233) x 4 0x00000000
core   0: 0x800095a8 (0x40bfd593) srai    a1, t6, 11
core   0: 3 0x800095a8 (0x40bfd593) x11 0x00000000
core   0: 0x800095ac (0x0302c433) div     s0, t0, a6
core   0: 3 0x800095ac (0x0302c433) x 8 0x00000000
core   0: 0x800095b0 (0x00aad393) srli    t2, s5, 10
core   0: 3 0x800095b0 (0x00aad393) x 7 0x002000a7
core   0: 0x800095b4 (0x05f44663) blt     s0, t6, pc + 76
core   0: 3 0x800095b4 (0x05f44663)
core   0: 0x800095b8 (0x02436bb3) rem     s7, t1, tp
core   0: 3 0x800095b8 (0x02436bb3) x23 0xfffffff9
core   0: 0x800095bc (0x68054c93) xori    s9, a0, 1664
core   0: 3 0x800095bc (0x68054c93) x25 0x00001480
core   0: 0x800095c0 (0x0045ae33) slt     t3, a1, tp
core   0: 3 0x800095c0 (0x0045ae33) x28 0x00000000
core   0: 0x800095c4 (0x40245d13) srai    s10, s0, 2
core   0: 3 0x800095c4 (0x40245d13) x26 0x00000000
core   0: 0x800095c8 (0x01cd9813) slli    a6, s11, 28
core   0: 3 0x800095c8 (0x01cd9813) x16 0x00000000
core   0: 0x800095cc (0x04ba1063) bne     s4, a1, pc + 64
core   0: 3 0x800095cc (0x04ba1063)
core   0: 0x8000960c (0x001f3a33) sltu    s4, t5, ra
core   0: 3 0x8000960c (0x001f3a33) x20 0x00000001
core   0: 0x80009610 (0x03c0bbb3) mulhu   s7, ra, t3
core   0: 3 0x80009610 (0x03c0bbb3) x23 0x00000000
core   0: 0x80009614 (0x01d6b9b3) sltu    s3, a3, t4
core   0: 3 0x80009614 (0x01d6b9b3) x19 0x00000001
core   0: 0x80009618 (0xf5883893) sltiu   a7, a6, -168
core   0: 3 0x80009618 (0xf5883893) x17 0x00000001
core   0: 0x8000961c (0x02039233) mulh    tp, t2, zero
core   0: 3 0x8000961c (0x02039233) x 4 0x00000000
core   0: 0x80009620 (0x02a244b3) div     s1, tp, a0
core   0: 3 0x80009620 (0x02a244b3) x 9 0x00000000
core   0: 0x80009624 (0xfca24893) xori    a7, tp, -54
core   0: 3 0x80009624 (0xfca24893) x17 0xffffffca
core   0: 0x80009628 (0x0294fb33) remu    s6, s1, s1
core   0: 3 0x80009628 (0x0294fb33) x22 0x00000000
core   0: 0x8000962c (0x41438eb3) sub     t4, t2, s4
core   0: 3 0x8000962c (0x41438eb3) x29 0x002000a6
core   0: 0x80009630 (0x2cc78493) addi    s1, a5, 716
core   0: 3 0x80009630 (0x2cc78493) x 9 0x80026130
core   0: 0x80009634 (0x40f4deb3) sra     t4, s1, a5
core   0: 3 0x80009634 (0x40f4deb3) x29 0xf8002613
core   0: 0x80009638 (0x02278863) beq     a5, sp, pc + 48
core   0: 3 0x80009638 (0x02278863)
core   0: 0x8000963c (0x00628e63) beq     t0, t1, pc + 28
core   0: 3 0x8000963c (0x00628e63)
core   0: 0x80009640 (0x0131ac33) slt     s8, gp, s3
core   0: 3 0x80009640 (0x0131ac33) x24 0x00000000
core   0: 0x80009644 (0x032b2d33) mulhsu  s10, s6, s2
core   0: 3 0x80009644 (0x032b2d33) x26 0x00000000
core   0: 0x80009648 (0x02887b33) remu    s6, a6, s0
core   0: 3 0x80009648 (0x02887b33) x22 0x00000000
core   0: 0x8000964c (0x03a66cb3) rem     s9, a2, s10
core   0: 3 0x8000964c (0x03a66cb3) x25 0x00000001
core   0: 0x80009650 (0x0177e4b3) or      s1, a5, s7
core   0: 3 0x80009650 (0x0177e4b3) x 9 0x80025e64
core   0: 0x80009654 (0x40e9b093) sltiu   ra, s3, 1038
core   0: 3 0x80009654 (0x40e9b093) x 1 0x00000001
core   0: 0x80009658 (0x003981b3) add     gp, s3, gp
core   0: 3 0x80009658 (0x003981b3) x 3 0x00000021
core   0: 0x8000965c (0x00bcd433) srl     s0, s9, a1
core   0: 3 0x8000965c (0x00bcd433) x 8 0x00000001
core   0: 0x80009660 (0x41f1d533) sra     a0, gp, t6
core   0: 3 0x80009660 (0x41f1d533) x10 0x00000021
core   0: 0x80009664 (0x0282e0b3) rem     ra, t0, s0
core   0: 3 0x80009664 (0x0282e0b3) x 1 0x00000000
core   0: 0x80009668 (0x42d1c193) xori    gp, gp, 1069
core   0: 3 0x80009668 (0x42d1c193) x 3 0x0000040c
core   0: 0x8000966c (0x017a5863) bge     s4, s7, pc + 16
core   0: 3 0x8000966c (0x017a5863)
core   0: 0x8000967c (0x2a546613) ori     a2, s0, 677
core   0: 3 0x8000967c (0x2a546613) x12 0x000002a5
core   0: 0x80009680 (0x024f9d33) mulh    s10, t6, tp
core   0: 3 0x80009680 (0x024f9d33) x26 0x00000000
core   0: 0x80009684 (0x03eb5333) divu    t1, s6, t5
core   0: 3 0x80009684 (0x03eb5333) x 6 0xffffffff
core   0: 0x80009688 (0x15e41637) lui     a2, 0x15e41
core   0: 3 0x80009688 (0x15e41637) x12 0x15e41000
core   0: 0x8000968c (0x0227e033) rem     zero, a5, sp
core   0: 3 0x8000968c (0x0227e033)
core   0: 0x80009690 (0x03f56863) bltu    a0, t6, pc + 48
core   0: 3 0x80009690 (0x03f56863)
core   0: 0x80009694 (0x039041b3) div     gp, zero, s9
core   0: 3 0x80009694 (0x039041b3) x 3 0x00000000
core   0: 0x80009698 (0x019c5c63) bge     s8, s9, pc + 24
core   0: 3 0x80009698 (0x019c5c63)
core   0: 0x8000969c (0xba49a617) auipc   a2, 0xba49a
core   0: 3 0x8000969c (0xba49a617) x12 0x3a4a369c
core   0: 0x800096a0 (0xa3c7fd93) andi    s11, a5, -1476
core   0: 3 0x800096a0 (0xa3c7fd93) x27 0x80025a24
core   0: 0x800096a4 (0x00c90933) add     s2, s2, a2
core   0: 3 0x800096a4 (0x00c90933) x18 0xba4c80e0
core   0: 0x800096a8 (0x031e2fb3) mulhsu  t6, t3, a7
core   0: 3 0x800096a8 (0x031e2fb3) x31 0x00000000
core   0: 0x800096ac (0x02a55533) divu    a0, a0, a0
core   0: 3 0x800096ac (0x02a55533) x10 0x00000001
core   0: 0x800096b0 (0x01cd9cb3) sll     s9, s11, t3
core   0: 3 0x800096b0 (0x01cd9cb3) x25 0x80025a24
core   0: 0x800096b4 (0x0381afb3) mulhsu  t6, gp, s8
core   0: 3 0x800096b4 (0x0381afb3) x31 0x00000000
core   0: 0x800096b8 (0x022298b3) mulh    a7, t0, sp
core   0: 3 0x800096b8 (0x022298b3) x17 0x00000000
core   0: 0x800096bc (0x01b9ac33) slt     s8, s3, s11
core   0: 3 0x800096bc (0x01b9ac33) x24 0x00000000
core   0: 0x800096c0 (0x5be14713) xori    a4, sp, 1470
core   0: 3 0x800096c0 (0x5be14713) x14 0x000005be
core   0: 0x800096c4 (0x0166d313) srli    t1, a3, 22
core   0: 3 0x800096c4 (0x0166d313) x 6 0x00000000
core   0: 0x800096c8 (0x41a1dd13) srai    s10, gp, 26
core   0: 3 0x800096c8 (0x41a1dd13) x26 0x00000000
core   0: 0x800096cc (0x025c0863) beq     s8, t0, pc + 48
core   0: 3 0x800096cc (0x025c0863)
core   0: 0x800096d0 (0x01179313) slli    t1, a5, 17
core   0: 3 0x800096d0 (0x01179313) x 6 0xbcc80000
core   0: 0x800096d4 (0x024366b3) rem     a3, t1, tp
core   0: 3 0x800096d4 (0x024366b3) x13 0xbcc80000
core   0: 0x800096d8 (0x2b80a213) slti    tp, ra, 696
core   0: 3 0x800096d8 (0x2b80a213) x 4 0x00000001
core   0: 0x800096dc (0x00000013) nop
core   0: 3 0x800096dc (0x00000013)
core   0: 0x800096e0 (0x055f5463) bge     t5, s5, pc + 72
core   0: 3 0x800096e0 (0x055f5463)
core   0: 0x80009728 (0x0133d893) srli    a7, t2, 19
core   0: 3 0x80009728 (0x0133d893) x17 0x00000004
core   0: 0x8000972c (0x49a7ad13) slti    s10, a5, 1178
core   0: 3 0x8000972c (0x49a7ad13) x26 0x00000001
core   0: 0x80009730 (0x02e4ff93) andi    t6, s1, 46
core   0: 3 0x80009730 (0x02e4ff93) x31 0x00000024
core   0: 0x80009734 (0x00c98fb3) add     t6, s3, a2
core   0: 3 0x80009734 (0x00c98fb3) x31 0x3a4a369d
core   0: 0x80009738 (0xd76c8013) addi    zero, s9, -650
core   0: 3 0x80009738 (0xd76c8013)
core   0: 0x8000973c (0x00157663) bgeu    a0, ra, pc + 12
core   0: 3 0x8000973c (0x00157663)
core   0: 0x80009748 (0x00c29eb3) sll     t4, t0, a2
core   0: 3 0x80009748 (0x00c29eb3) x29 0x10000000
core   0: 0x8000974c (0x007cd413) srli    s0, s9, 7
core   0: 3 0x8000974c (0x007cd413) x 8 0x010004b4
core   0: 0x80009750 (0x032ea8b3) mulhsu  a7, t4, s2
core   0: 3 0x80009750 (0x032ea8b3) x17 0x0ba4c80e
core   0: 0x80009754 (0x0450f263) bgeu    ra, t0, pc + 68
core   0: 3 0x80009754 (0x0450f263)
core   0: 0x80009758 (0xd10ce193) ori     gp, s9, -752
core   0: 3 0x80009758 (0xd10ce193) x 3 0xffffff34
core   0: 0x8000975c (0x408e8e33) sub     t3, t4, s0
core   0: 3 0x8000975c (0x408e8e33) x28 0x0efffb4c
core   0: 0x80009760 (0x02749233) mulh    tp, s1, t2
core   0: 3 0x80009760 (0x02749233) x 4 0xffeffff8
core   0: 0x80009764 (0x03260db3) mul     s11, a2, s2
core   0: 3 0x80009764 (0x03260db3) x27 0xaa8dc880
core   0: 0x80009768 (0x03808e33) mul     t3, ra, s8
core   0: 3 0x80009768 (0x03808e33) x28 0x00000000
core   0: 0x8000976c (0x004df533) and     a0, s11, tp
core   0: 3 0x8000976c (0x004df533) x10 0xaa8dc880
core   0: 0x80009770 (0x028c8c63) beq     s9, s0, pc + 56
core   0: 3 0x80009770 (0x028c8c63)
core   0: 0x80009774 (0x4e38af93) slti    t6, a7, 1251
core   0: 3 0x80009774 (0x4e38af93) x31 0x00000000
core   0: 0x80009778 (0x03514463) blt     sp, s5, pc + 40
core   0: 3 0x80009778 (0x03514463)
core   0: 0x8000977c (0x03df6db3) rem     s11, t5, t4
core   0: 3 0x8000977c (0x03df6db3) x27 0x00000000
core   0: 0x80009780 (0x30480e97) auipc   t4, 0x30480
core   0: 3 0x80009780 (0x30480e97) x29 0xb0489780
core   0: 0x80009784 (0xc853b293) sltiu   t0, t2, -891
core   0: 3 0x80009784 (0xc853b293) x 5 0x00000001
core   0: 0x80009788 (0x01b5d863) bge     a1, s11, pc + 16
core   0: 3 0x80009788 (0x01b5d863)
core   0: 0x80009798 (0x412782b3) sub     t0, a5, s2
core   0: 3 0x80009798 (0x412782b3) x 5 0xc5b5dd84
core   0: 0x8000979c (0x04165063) bge     a2, ra, pc + 64
core   0: 3 0x8000979c (0x04165063)
core   0: 0x800097dc (0x02ce1d33) mulh    s10, t3, a2
core   0: 3 0x800097dc (0x02ce1d33) x26 0x00000000
core   0: 0x800097e0 (0x04644663) blt     s0, t1, pc + 76
core   0: 3 0x800097e0 (0x04644663)
core   0: 0x800097e4 (0x034bf533) remu    a0, s7, s4
core   0: 3 0x800097e4 (0x034bf533) x10 0x00000000
core   0: 0x800097e8 (0x408f8bb3) sub     s7, t6, s0
core   0: 3 0x800097e8 (0x408f8bb3) x23 0xfefffb4c
core   0: 0x800097ec (0x24d16813) ori     a6, sp, 589
core   0: 3 0x800097ec (0x24d16813) x16 0x0000024d
core   0: 0x800097f0 (0x41525e13) srai    t3, tp, 21
core   0: 3 0x800097f0 (0x41525e13) x28 0xffffffff
core   0: 0x800097f4 (0x40855693) srai    a3, a0, 8
core   0: 3 0x800097f4 (0x40855693) x13 0x00000000
core   0: 0x800097f8 (0x003138b3) sltu    a7, sp, gp
core   0: 3 0x800097f8 (0x003138b3) x17 0x00000001
core   0: 0x800097fc (0x468e2d37) lui     s10, 0x468e2
core   0: 3 0x800097fc (0x468e2d37) x26 0x468e2000
core   0: 0x80009800 (0x4135d093) srai    ra, a1, 19
core   0: 3 0x80009800 (0x4135d093) x 1 0x00000000
core   0: 0x80009804 (0x03f59433) mulh    s0, a1, t6
core   0: 3 0x80009804 (0x03f59433) x 8 0x00000000
core   0: 0x80009808 (0x01c65463) bge     a2, t3, pc + 8
core   0: 3 0x80009808 (0x01c65463)
core   0: 0x80009810 (0x022d1663) bne     s10, sp, pc + 44
core   0: 3 0x80009810 (0x022d1663)
core   0: 0x8000983c (0x01269b33) sll     s6, a3, s2
core   0: 3 0x8000983c (0x01269b33) x22 0x00000000
core   0: 0x80009840 (0x03520893) addi    a7, tp, 53
core   0: 3 0x80009840 (0x03520893) x17 0xfff0002d
core   0: 0x80009844 (0x00f41c63) bne     s0, a5, pc + 24
core   0: 3 0x80009844 (0x00f41c63)
core   0: 0x8000985c (0x4adf2137) lui     sp, 0x4adf2
core   0: 3 0x8000985c (0x4adf2137) x 2 0x4adf2000
core   0: 0x80009860 (0x3676ffb7) lui     t6, 0x3676f
core   0: 3 0x80009860 (0x3676ffb7) x31 0x3676f000
core   0: 0x80009864 (0x021bf833) remu    a6, s7, ra
core   0: 3 0x80009864 (0x021bf833) x16 0xfefffb4c
core   0: 0x80009868 (0x00e13eb3) sltu    t4, sp, a4
core   0: 3 0x80009868 (0x00e13eb3) x29 0x00000000
core   0: 0x8000986c (0x048c7663) bgeu    s8, s0, pc + 76
core   0: 3 0x8000986c (0x048c7663)
core   0: 0x800098b8 (0x05784063) blt     a6, s7, pc + 64
core   0: 3 0x800098b8 (0x05784063)
core   0: 0x800098bc (0x00915913) srli    s2, sp, 9
core   0: 3 0x800098bc (0x00915913) x18 0x00256f90
core   0: 0x800098c0 (0x031939b3) mulhu   s3, s2, a7
core   0: 3 0x800098c0 (0x031939b3) x19 0x00256d39
core   0: 0x800098c4 (0x023b6a63) bltu    s6, gp, pc + 52
core   0: 3 0x800098c4 (0x023b6a63)
core   0: 0x800098f8 (0x03300463) beq     zero, s3, pc + 40
core   0: 3 0x800098f8 (0x03300463)
core   0: 0x800098fc (0xd4800c93) li      s9, -696
core   0: 3 0x800098fc (0xd4800c93) x25 0xfffffd48
core   0: 0x80009900 (0x01f1da33) srl     s4, gp, t6
core   0: 3 0x80009900 (0x01f1da33) x20 0xffffff34
core   0: 0x80009904 (0x40c56993) ori     s3, a0, 1036
core   0: 3 0x80009904 (0x40c56993) x19 0x0000040c
core   0: 0x80009908 (0x22902317) auipc   t1, 0x22902
core   0: 3 0x80009908 (0x22902317) x 6 0xa290b908
core   0: 0x8000990c (0x241b38b7) lui     a7, 0x241b3
core   0: 3 0x8000990c (0x241b38b7) x17 0x241b3000
core   0: 0x80009910 (0x02d35433) divu    s0, t1, a3
core   0: 3 0x80009910 (0x02d35433) x 8 0xffffffff
core   0: 0x80009914 (0x4057d8b3) sra     a7, a5, t0
core   0: 3 0x80009914 (0x4057d8b3) x17 0xf80025e6
core   0: 0x80009918 (0x006b4fb3) xor     t6, s6, t1
core   0: 3 0x80009918 (0x006b4fb3) x31 0xa290b908
core   0: 0x8000991c (0x2b012113) slti    sp, sp, 688
core   0: 3 0x8000991c (0x2b012113) x 2 0x00000000
core   0: 0x80009920 (0x008ae863) bltu    s5, s0, pc + 16
core   0: 3 0x80009920 (0x008ae863)
core   0: 0x80009930 (0x00c5c2b3) xor     t0, a1, a2
core   0: 3 0x80009930 (0x00c5c2b3) x 5 0x3a4a369c
core   0: 0x80009934 (0x03a144b3) div     s1, sp, s10
core   0: 3 0x80009934 (0x03a144b3) x 9 0x00000000
core   0: 0x80009938 (0x004200b3) add     ra, tp, tp
core   0: 3 0x80009938 (0x004200b3) x 1 0xffdffff0
core   0: 0x8000993c (0x00320b33) add     s6, tp, gp
core   0: 3 0x8000993c (0x00320b33) x22 0xffefff2c
core   0: 0x80009940 (0xd3eab293) sltiu   t0, s5, -706
core   0: 3 0x80009940 (0xd3eab293) x 5 0x00000001
core   0: 0x80009944 (0x41555113) srai    sp, a0, 21
core   0: 3 0x80009944 (0x41555113) x 2 0x00000000
core   0: 0x80009948 (0xb323f413) andi    s0, t2, -1230
core   0: 3 0x80009948 (0xb323f413) x 8 0x00200022
core   0: 0x8000994c (0x01922133) slt     sp, tp, s9
core   0: 3 0x8000994c (0x01922133) x 2 0x00000001
core   0: 0x80009950 (0x1c406e37) lui     t3, 0x1c406
core   0: 3 0x80009950 (0x1c406e37) x28 0x1c406000
core   0: 0x80009954 (0x00f0f863) bgeu    ra, a5, pc + 16
core   0: 3 0x80009954 (0x00f0f863)
core   0: 0x80009964 (0x02d67033) remu    zero, a2, a3
core   0: 3 0x80009964 (0x02d67033)
core   0: 0x80009968 (0x03d87fb3) remu    t6, a6, t4
core   0: 3 0x80009968 (0x03d87fb3) x31 0xfefffb4c
core   0: 0x8000996c (0x028ca5b3) mulhsu  a1, s9, s0
core   0: 3 0x8000996c (0x028ca5b3) x11 0xffffffff
core   0: 0x80009970 (0x01b39fb3) sll     t6, t2, s11
core   0: 3 0x80009970 (0x01b39fb3) x31 0x002000a7
core   0: 0x80009974 (0xff900d93) li      s11, -7
core   0: 3 0x80009974 (0xff900d93) x27 0xfffffff9
core   0: 0x80009978 (0x0276afb3) mulhsu  t6, a3, t2
core   0: 3 0x80009978 (0x0276afb3) x31 0x00000000
core   0: 0x8000997c (0x032d2c33) mulhsu  s8, s10, s2
core   0: 3 0x8000997c (0x032d2c33) x24 0x000a5149
core   0: 0x80009980 (0x77922d17) auipc   s10, 0x77922
core   0: 3 0x80009980 (0x77922d17) x26 0xf792b980
core   0: 0x80009984 (0x00500893) li      a7, 5
core   0: 3 0x80009984 (0x00500893) x17 0x00000005
core   0: 0x80009988 (0x57cbaa13) slti    s4, s7, 1404
core   0: 3 0x80009988 (0x57cbaa13) x20 0x00000001
core   0: 0x8000998c (0x024b1c33) mulh    s8, s6, tp
core   0: 3 0x8000998c (0x024b1c33) x24 0x00000100
core   0: 0x80009990 (0x03fc7133) remu    sp, s8, t6
core   0: 3 0x80009990 (0x03fc7133) x 2 0x00000100
core   0: 0x80009994 (0x42cd6693) ori     a3, s10, 1068
core   0: 3 0x80009994 (0x42cd6693) x13 0xf792bdac
core   0: 0x80009998 (0x001d8d93) addi    s11, s11, 1
core   0: 3 0x80009998 (0x001d8d93) x27 0xfffffffa
core   0: 0x8000999c (0x018629b3) slt     s3, a2, s8
core   0: 3 0x8000999c (0x018629b3) x19 0x00000000
core   0: 0x800099a0 (0x00900613) li      a2, 9
core   0: 3 0x800099a0 (0x00900613) x12 0x00000009
core   0: 0x800099a4 (0x00200593) li      a1, 2
core   0: 3 0x800099a4 (0x00200593) x11 0x00000002
core   0: 0x800099a8 (0x350a9197) auipc   gp, 0x350a9
core   0: 3 0x800099a8 (0x350a9197) x 3 0xb50b29a8
core   0: 0x800099ac (0x030531b3) mulhu   gp, a0, a6
core   0: 3 0x800099ac (0x030531b3) x 3 0x00000000
core   0: 0x800099b0 (0x251c7313) andi    t1, s8, 593
core   0: 3 0x800099b0 (0x251c7313) x 6 0x00000000
core   0: 0x800099b4 (0x0065f033) and     zero, a1, t1
core   0: 3 0x800099b4 (0x0065f033)
core   0: 0x800099b8 (0x01b2d813) srli    a6, t0, 27
core   0: 3 0x800099b8 (0x01b2d813) x16 0x00000000
core   0: 0x800099bc (0xff860613) addi    a2, a2, -8
core   0: 3 0x800099bc (0xff860613) x12 0x00000001
core   0: 0x800099c0 (0x015abbb3) sltu    s7, s5, s5
core   0: 3 0x800099c0 (0x015abbb3) x23 0x00000000
core   0: 0x800099c4 (0x02cfb933) mulhu   s2, t6, a2
core   0: 3 0x800099c4 (0x02cfb933) x18 0x00000000
core   0: 0x800099c8 (0x03bd36b3) mulhu   a3, s10, s11
core   0: 3 0x800099c8 (0x03bd36b3) x13 0xf792b97a
core   0: 0x800099cc (0x00c65013) srli    zero, a2, 12
core   0: 3 0x800099cc (0x00c65013)
core   0: 0x800099d0 (0x018f5cb3) srl     s9, t5, s8
core   0: 3 0x800099d0 (0x018f5cb3) x25 0x00000000
core   0: 0x800099d4 (0x40b15033) sra     zero, sp, a1
core   0: 3 0x800099d4 (0x40b15033)
core   0: 0x800099d8 (0x01501e13) slli    t3, zero, 21
core   0: 3 0x800099d8 (0x01501e13) x28 0x00000000
core   0: 0x800099dc (0xfcb65ae3) bge     a2, a1, pc - 44
core   0: 3 0x800099dc (0xfcb65ae3)
core   0: 0x800099e0 (0x03c33fb3) mulhu   t6, t1, t3
core   0: 3 0x800099e0 (0x03c33fb3) x31 0x00000000
core   0: 0x800099e4 (0x01c5acb3) slt     s9, a1, t3
core   0: 3 0x800099e4 (0x01c5acb3) x25 0x00000000
core   0: 0x800099e8 (0x022a7eb3) remu    t4, s4, sp
core   0: 3 0x800099e8 (0x022a7eb3) x29 0x00000001
core   0: 0x800099ec (0x018bdb13) srli    s6, s7, 24
core   0: 3 0x800099ec (0x018bdb13) x22 0x00000000
core   0: 0x800099f0 (0xf91deee3) bltu    s11, a7, pc - 100
core   0: 3 0x800099f0 (0xf91deee3)
core   0: 0x800099f4 (0x01a00b33) add     s6, zero, s10
core   0: 3 0x800099f4 (0x01a00b33) x22 0xf792b980
core   0: 0x800099f8 (0x022a7133) remu    sp, s4, sp
core   0: 3 0x800099f8 (0x022a7133) x 2 0x00000001
core   0: 0x800099fc (0x749eed93) ori     s11, t4, 1865
core   0: 3 0x800099fc (0x749eed93) x27 0x00000749
core   0: 0x80009a00 (0x024570b3) remu    ra, a0, tp
core   0: 3 0x80009a00 (0x024570b3) x 1 0x00000000
core   0: 0x80009a04 (0x40505e13) srai    t3, zero, 5
core   0: 3 0x80009a04 (0x40505e13) x28 0x00000000
core   0: 0x80009a08 (0x0365ddb3) divu    s11, a1, s6
core   0: 3 0x80009a08 (0x0365ddb3) x27 0x00000000
core   0: 0x80009a0c (0x01f31e63) bne     t1, t6, pc + 28
core   0: 3 0x80009a0c (0x01f31e63)
core   0: 0x80009a10 (0x01916533) or      a0, sp, s9
core   0: 3 0x80009a10 (0x01916533) x10 0x00000001
core   0: 0x80009a14 (0x018335b3) sltu    a1, t1, s8
core   0: 3 0x80009a14 (0x018335b3) x11 0x00000001
core   0: 0x80009a18 (0xafd34a13) xori    s4, t1, -1283
core   0: 3 0x80009a18 (0xafd34a13) x20 0xfffffafd
core   0: 0x80009a1c (0x02583c33) mulhu   s8, a6, t0
core   0: 3 0x80009a1c (0x02583c33) x24 0x00000000
core   0: 0x80009a20 (0x41840d33) sub     s10, s0, s8
core   0: 3 0x80009a20 (0x41840d33) x26 0x00200022
core   0: 0x80009a24 (0x38d17513) andi    a0, sp, 909
core   0: 3 0x80009a24 (0x38d17513) x10 0x00000001
core   0: 0x80009a28 (0x00f88c63) beq     a7, a5, pc + 24
core   0: 3 0x80009a28 (0x00f88c63)
core   0: 0x80009a2c (0x408f5eb3) sra     t4, t5, s0
core   0: 3 0x80009a2c (0x408f5eb3) x29 0x00000000
core   0: 0x80009a30 (0x41755533) sra     a0, a0, s7
core   0: 3 0x80009a30 (0x41755533) x10 0x00000001
core   0: 0x80009a34 (0x027da4b3) mulhsu  s1, s11, t2
core   0: 3 0x80009a34 (0x027da4b3) x 9 0x00000000
core   0: 0x80009a38 (0x02476e33) rem     t3, a4, tp
core   0: 3 0x80009a38 (0x02476e33) x28 0x000005be
core   0: 0x80009a3c (0x45fbf913) andi    s2, s7, 1119
core   0: 3 0x80009a3c (0x45fbf913) x18 0x00000000
core   0: 0x80009a40 (0x41f38d33) sub     s10, t2, t6
core   0: 3 0x80009a40 (0x41f38d33) x26 0x002000a7
core   0: 0x80009a44 (0x4054df93) srai    t6, s1, 5
core   0: 3 0x80009a44 (0x4054df93) x31 0x00000000
core   0: 0x80009a48 (0x018e1a13) slli    s4, t3, 24
core   0: 3 0x80009a48 (0x018e1a13) x20 0xbe000000
core   0: 0x80009a4c (0x043ed263) bge     t4, gp, pc + 68
core   0: 3 0x80009a4c (0x043ed263)
core   0: 0x80009a90 (0xb54cf413) andi    s0, s9, -1196
core   0: 3 0x80009a90 (0xb54cf413) x 8 0x00000000
core   0: 0x80009a94 (0x0103e0b3) or      ra, t2, a6
core   0: 3 0x80009a94 (0x0103e0b3) x 1 0x002000a7
core   0: 0x80009a98 (0x02856a63) bltu    a0, s0, pc + 52
core   0: 3 0x80009a98 (0x02856a63)
core   0: 0x80009a9c (0x04760463) beq     a2, t2, pc + 72
core   0: 3 0x80009a9c (0x04760463)
core   0: 0x80009aa0 (0x402cddb3) sra     s11, s9, sp
core   0: 3 0x80009aa0 (0x402cddb3) x27 0x00000000
core   0: 0x80009aa4 (0x028d8063) beq     s11, s0, pc + 32
core   0: 3 0x80009aa4 (0x028d8063)
core   0: 0x80009ac4 (0x04a55663) bge     a0, a0, pc + 76
core   0: 3 0x80009ac4 (0x04a55663)
core   0: 0x80009b10 (0x82b7a713) slti    a4, a5, -2005
core   0: 3 0x80009b10 (0x82b7a713) x14 0x00000001
core   0: 0x80009b14 (0x01c21c93) slli    s9, tp, 28
core   0: 3 0x80009b14 (0x01c21c93) x25 0x80000000
core   0: 0x80009b18 (0xbda218b7) lui     a7, 0xbda21
core   0: 3 0x80009b18 (0xbda218b7) x17 0xbda21000
core   0: 0x80009b1c (0x027ba833) mulhsu  a6, s7, t2
core   0: 3 0x80009b1c (0x027ba833) x16 0x00000000
core   0: 0x80009b20 (0x037bcfb3) div     t6, s7, s7
core   0: 3 0x80009b20 (0x037bcfb3) x31 0xffffffff
core   0: 0x80009b24 (0x00405593) srli    a1, zero, 4
core   0: 3 0x80009b24 (0x00405593) x11 0x00000000
core   0: 0x80009b28 (0x00f2c8b3) xor     a7, t0, a5
core   0: 3 0x80009b28 (0x00f2c8b3) x17 0x80025e65
core   0: 0x80009b2c (0x0106da33) srl     s4, a3, a6
core   0: 3 0x80009b2c (0x0106da33) x20 0xf792b97a
core   0: 0x80009b30 (0xb5f97413) andi    s0, s2, -1185
core   0: 3 0x80009b30 (0xb5f97413) x 8 0x00000000
core   0: 0x80009b34 (0x037ce663) bltu    s9, s7, pc + 44
core   0: 3 0x80009b34 (0x037ce663)
core   0: 0x80009b38 (0x41c4d233) sra     tp, s1, t3
core   0: 3 0x80009b38 (0x41c4d233) x 4 0x00000000
core   0: 0x80009b3c (0x01cbfc63) bgeu    s7, t3, pc + 24
core   0: 3 0x80009b3c (0x01cbfc63)
core   0: 0x80009b40 (0x00317bb3) and     s7, sp, gp
core   0: 3 0x80009b40 (0x00317bb3) x23 0x00000000
core   0: 0x80009b44 (0x5460a113) slti    sp, ra, 1350
core   0: 3 0x80009b44 (0x5460a113) x 2 0x00000000
core   0: 0x80009b48 (0x4c3cb693) sltiu   a3, s9, 1219
core   0: 3 0x80009b48 (0x4c3cb693) x13 0x00000000
core   0: 0x80009b4c (0x03fa7463) bgeu    s4, t6, pc + 40
core   0: 3 0x80009b4c (0x03fa7463)
core   0: 0x80009b50 (0x01c2b6b3) sltu    a3, t0, t3
core   0: 3 0x80009b50 (0x01c2b6b3) x13 0x00000001
core   0: 0x80009b54 (0x01ec1c33) sll     s8, s8, t5
core   0: 3 0x80009b54 (0x01ec1c33) x24 0x00000000
core   0: 0x80009b58 (0xc84a1337) lui     t1, 0xc84a1
core   0: 3 0x80009b58 (0xc84a1337) x 6 0xc84a1000
core   0: 0x80009b5c (0x032769b3) rem     s3, a4, s2
core   0: 3 0x80009b5c (0x032769b3) x19 0x00000001
core   0: 0x80009b60 (0x047a6063) bltu    s4, t2, pc + 64
core   0: 3 0x80009b60 (0x047a6063)
core   0: 0x80009b64 (0x40cf8db3) sub     s11, t6, a2
core   0: 3 0x80009b64 (0x40cf8db3) x27 0xfffffffe
core   0: 0x80009b68 (0x0204e2b3) rem     t0, s1, zero
core   0: 3 0x80009b68 (0x0204e2b3) x 5 0x00000000
core   0: 0x80009b6c (0x05726063) bltu    tp, s7, pc + 64
core   0: 3 0x80009b6c (0x05726063)
core   0: 0x80009b70 (0x226fec93) ori     s9, t6, 550
core   0: 3 0x80009b70 (0x226fec93) x25 0xffffffff
core   0: 0x80009b74 (0x4129df93) srai    t6, s3, 18
core   0: 3 0x80009b74 (0x4129df93) x31 0x00000000
core   0: 0x80009b78 (0x406d5013) srai    zero, s10, 6
core   0: 3 0x80009b78 (0x406d5013)
core   0: 0x80009b7c (0x01f5d663) bge     a1, t6, pc + 12
core   0: 3 0x80009b7c (0x01f5d663)
core   0: 0x80009b88 (0x526bad93) slti    s11, s7, 1318
core   0: 3 0x80009b88 (0x526bad93) x27 0x00000001
core   0: 0x80009b8c (0x02d56eb3) rem     t4, a0, a3
core   0: 3 0x80009b8c (0x02d56eb3) x29 0x00000000
core   0: 0x80009b90 (0x00fe7033) and     zero, t3, a5
core   0: 3 0x80009b90 (0x00fe7033)
core   0: 0x80009b94 (0xa025ff93) andi    t6, a1, -1534
core   0: 3 0x80009b94 (0xa025ff93) x31 0x00000000
core   0: 0x80009b98 (0x017d3a33) sltu    s4, s10, s7
core   0: 3 0x80009b98 (0x017d3a33) x20 0x00000000
core   0: 0x80009b9c (0xc8062f93) slti    t6, a2, -896
core   0: 3 0x80009b9c (0xc8062f93) x31 0x00000000
core   0: 0x80009ba0 (0xb059b713) sltiu   a4, s3, -1275
core   0: 3 0x80009ba0 (0xb059b713) x14 0x00000001
core   0: 0x80009ba4 (0x03ef6663) bltu    t5, t5, pc + 44
core   0: 3 0x80009ba4 (0x03ef6663)
core   0: 0x80009ba8 (0x407456b3) sra     a3, s0, t2
core   0: 3 0x80009ba8 (0x407456b3) x13 0x00000000
core   0: 0x80009bac (0x0134b3b3) sltu    t2, s1, s3
core   0: 3 0x80009bac (0x0134b3b3) x 7 0x00000001
core   0: 0x80009bb0 (0x0120fc33) and     s8, ra, s2
core   0: 3 0x80009bb0 (0x0120fc33) x24 0x00000000
core   0: 0x80009bb4 (0x408e59b3) sra     s3, t3, s0
core   0: 3 0x80009bb4 (0x408e59b3) x19 0x000005be
core   0: 0x80009bb8 (0x01f6ca33) xor     s4, a3, t6
core   0: 3 0x80009bb8 (0x01f6ca33) x20 0x00000000
core   0: 0x80009bbc (0x028083b3) mul     t2, ra, s0
core   0: 3 0x80009bbc (0x028083b3) x 7 0x00000000
core   0: 0x80009bc0 (0x4006d313) srai    t1, a3, 0
core   0: 3 0x80009bc0 (0x4006d313) x 6 0x00000000
core   0: 0x80009bc4 (0x03c46b33) rem     s6, s0, t3
core   0: 3 0x80009bc4 (0x03c46b33) x22 0x00000000
core   0: 0x80009bc8 (0x40398333) sub     t1, s3, gp
core   0: 3 0x80009bc8 (0x40398333) x 6 0x000005be
core   0: 0x80009bcc (0x2b6c7213) andi    tp, s8, 694
core   0: 3 0x80009bcc (0x2b6c7213) x 4 0x00000000
core   0: 0x80009bd0 (0x02ce4fb3) div     t6, t3, a2
core   0: 3 0x80009bd0 (0x02ce4fb3) x31 0x000005be
core   0: 0x80009bd4 (0x00000013) nop
core   0: 3 0x80009bd4 (0x00000013)
core   0: 0x80009bd8 (0xf14bae93) slti    t4, s7, -236
core   0: 3 0x80009bd8 (0xf14bae93) x29 0x00000000
core   0: 0x80009bdc (0xf7de3d97) auipc   s11, 0xf7de3
core   0: 3 0x80009bdc (0xf7de3d97) x27 0x77decbdc
core   0: 0x80009be0 (0x04636463) bltu    t1, t1, pc + 72
core   0: 3 0x80009be0 (0x04636463)
core   0: 0x80009be4 (0x400ed613) srai    a2, t4, 0
core   0: 3 0x80009be4 (0x400ed613) x12 0x00000000
core   0: 0x80009be8 (0x01ed1533) sll     a0, s10, t5
core   0: 3 0x80009be8 (0x01ed1533) x10 0x002000a7
core   0: 0x80009bec (0x03bd9333) mulh    t1, s11, s11
core   0: 3 0x80009bec (0x03bd9333) x 6 0x3820e36c
core   0: 0x80009bf0 (0x002322b3) slt     t0, t1, sp
core   0: 3 0x80009bf0 (0x002322b3) x 5 0x00000000
core   0: 0x80009bf4 (0x03d6ea33) rem     s4, a3, t4
core   0: 3 0x80009bf4 (0x03d6ea33) x20 0x00000000
core   0: 0x80009bf8 (0x5c75ce93) xori    t4, a1, 1479
core   0: 3 0x80009bf8 (0x5c75ce93) x29 0x000005c7
core   0: 0x80009bfc (0x95a62e97) auipc   t4, 0x95a62
core   0: 3 0x80009bfc (0x95a62e97) x29 0x15a6bbfc
core   0: 0x80009c00 (0x02cdc463) blt     s11, a2, pc + 40
core   0: 3 0x80009c00 (0x02cdc463)
core   0: 0x80009c04 (0x06e66d93) ori     s11, a2, 110
core   0: 3 0x80009c04 (0x06e66d93) x27 0x0000006e
core   0: 0x80009c08 (0x00fddb13) srli    s6, s11, 15
core   0: 3 0x80009c08 (0x00fddb13) x22 0x00000000
core   0: 0x80009c0c (0x03525063) bge     tp, s5, pc + 32
core   0: 3 0x80009c0c (0x03525063)
core   0: 0x80009c2c (0x014766b3) or      a3, a4, s4
core   0: 3 0x80009c2c (0x014766b3) x13 0x00000001
core   0: 0x80009c30 (0xfdf7fb13) andi    s6, a5, -33
core   0: 3 0x80009c30 (0xfdf7fb13) x22 0x80025e44
core   0: 0x80009c34 (0x00000013) nop
core   0: 3 0x80009c34 (0x00000013)
core   0: 0x80009c38 (0x030cde33) divu    t3, s9, a6
core   0: 3 0x80009c38 (0x030cde33) x28 0xffffffff
core   0: 0x80009c3c (0x03d616b3) mulh    a3, a2, t4
core   0: 3 0x80009c3c (0x03d616b3) x13 0x00000000
core   0: 0x80009c40 (0xc4070213) addi    tp, a4, -960
core   0: 3 0x80009c40 (0xc4070213) x 4 0xfffffc41
core   0: 0x80009c44 (0x41d5d613) srai    a2, a1, 29
core   0: 3 0x80009c44 (0x41d5d613) x12 0x00000000
core   0: 0x80009c48 (0x00699bb3) sll     s7, s3, t1
core   0: 3 0x80009c48 (0x00699bb3) x23 0x005be000
core   0: 0x80009c4c (0x4194d293) srai    t0, s1, 25
core   0: 3 0x80009c4c (0x4194d293) x 5 0x00000000
core   0: 0x80009c50 (0x00098fb3) add     t6, s3, zero
core   0: 3 0x80009c50 (0x00098fb3) x31 0x000005be
core   0: 0x80009c54 (0x020d6033) rem     zero, s10, zero
core   0: 3 0x80009c54 (0x020d6033)
core   0: 0x80009c58 (0x00176cb3) or      s9, a4, ra
core   0: 3 0x80009c58 (0x00176cb3) x25 0x002000a7
core   0: 0x80009c5c (0x02db0a63) beq     s6, a3, pc + 52
core   0: 3 0x80009c5c (0x02db0a63)
core   0: 0x80009c60 (0x03a52eb3) mulhsu  t4, a0, s10
core   0: 3 0x80009c60 (0x03a52eb3) x29 0x00000400
core   0: 0x80009c64 (0x25e33413) sltiu   s0, t1, 606
core   0: 3 0x80009c64 (0x25e33413) x 8 0x00000000
core   0: 0x80009c68 (0x41c283b3) sub     t2, t0, t3
core   0: 3 0x80009c68 (0x41c283b3) x 7 0x00000001
core   0: 0x80009c6c (0x038ee9b3) rem     s3, t4, s8
core   0: 3 0x80009c6c (0x038ee9b3) x19 0x00000400
core   0: 0x80009c70 (0x03714b33) div     s6, sp, s7
core   0: 3 0x80009c70 (0x03714b33) x22 0x00000000
core   0: 0x80009c74 (0x0300da33) divu    s4, ra, a6
core   0: 3 0x80009c74 (0x0300da33) x20 0xffffffff
core   0: 0x80009c78 (0x00000013) nop
core   0: 3 0x80009c78 (0x00000013)
core   0: 0x80009c7c (0x03edd063) bge     s11, t5, pc + 32
core   0: 3 0x80009c7c (0x03edd063)
core   0: 0x80009c9c (0x01bb5e63) bge     s6, s11, pc + 28
core   0: 3 0x80009c9c (0x01bb5e63)
core   0: 0x80009ca0 (0x02780063) beq     a6, t2, pc + 32
core   0: 3 0x80009ca0 (0x02780063)
core   0: 0x80009ca4 (0x01783d33) sltu    s10, a6, s7
core   0: 3 0x80009ca4 (0x01783d33) x26 0x00000001
core   0: 0x80009ca8 (0x00c31c13) slli    s8, t1, 12
core   0: 3 0x80009ca8 (0x00c31c13) x24 0x0e36c000
core   0: 0x80009cac (0x007ec133) xor     sp, t4, t2
core   0: 3 0x80009cac (0x007ec133) x 2 0x00000401
core   0: 0x80009cb0 (0x292c4d13) xori    s10, s8, 658
core   0: 3 0x80009cb0 (0x292c4d13) x26 0x0e36c292
core   0: 0x80009cb4 (0x02b12eb3) mulhsu  t4, sp, a1
core   0: 3 0x80009cb4 (0x02b12eb3) x29 0x00000000
core   0: 0x80009cb8 (0x41dc5f93) srai    t6, s8, 29
core   0: 3 0x80009cb8 (0x41dc5f93) x31 0x00000000
core   0: 0x80009cbc (0x025603b3) mul     t2, a2, t0
core   0: 3 0x80009cbc (0x025603b3) x 7 0x00000000
core   0: 0x80009cc0 (0x0015cbb3) xor     s7, a1, ra
core   0: 3 0x80009cc0 (0x0015cbb3) x23 0x002000a7
core   0: 0x80009cc4 (0x043a6063) bltu    s4, gp, pc + 64
core   0: 3 0x80009cc4 (0x043a6063)
core   0: 0x80009cc8 (0x40f45233) sra     tp, s0, a5
core   0: 3 0x80009cc8 (0x40f45233) x 4 0x00000000
core   0: 0x80009ccc (0x03f692b3) mulh    t0, a3, t6
core   0: 3 0x80009ccc (0x03f692b3) x 5 0x00000000
core   0: 0x80009cd0 (0x053fc663) blt     t6, s3, pc + 76
core   0: 3 0x80009cd0 (0x053fc663)
core   0: 0x80009d1c (0xfa22e213) ori     tp, t0, -94
core   0: 3 0x80009d1c (0xfa22e213) x 4 0xffffffa2
core   0: 0x80009d20 (0x401a58b3) sra     a7, s4, ra
core   0: 3 0x80009d20 (0x401a58b3) x17 0xffffffff
core   0: 0x80009d24 (0x024402b3) mul     t0, s0, tp
core   0: 3 0x80009d24 (0x024402b3) x 5 0x00000000
core   0: 0x80009d28 (0x01d696b3) sll     a3, a3, t4
core   0: 3 0x80009d28 (0x01d696b3) x13 0x00000000
core   0: 0x80009d2c (0x00dcda13) srli    s4, s9, 13
core   0: 3 0x80009d2c (0x00dcda13) x20 0x00000100
core   0: 0x80009d30 (0x555af617) auipc   a2, 0x555af
core   0: 3 0x80009d30 (0x555af617) x12 0xd55b8d30
core   0: 0x80009d34 (0xb032bd13) sltiu   s10, t0, -1277
core   0: 3 0x80009d34 (0xb032bd13) x26 0x00000001
core   0: 0x80009d38 (0x051ad463) bge     s5, a7, pc + 72
core   0: 3 0x80009d38 (0x051ad463)
core   0: 0x80009d3c (0x008d7c63) bgeu    s10, s0, pc + 24
core   0: 3 0x80009d3c (0x008d7c63)
core   0: 0x80009d54 (0x402c5633) sra     a2, s8, sp
core   0: 3 0x80009d54 (0x402c5633) x12 0x071b6000
core   0: 0x80009d58 (0x40d883b3) sub     t2, a7, a3
core   0: 3 0x80009d58 (0x40d883b3) x 7 0xffffffff
core   0: 0x80009d5c (0x003ba9b3) slt     s3, s7, gp
core   0: 3 0x80009d5c (0x003ba9b3) x19 0x00000000
core   0: 0x80009d60 (0x03b94463) blt     s2, s11, pc + 40
core   0: 3 0x80009d60 (0x03b94463)
core   0: 0x80009d88 (0x511a2db7) lui     s11, 0x511a2
core   0: 3 0x80009d88 (0x511a2db7) x27 0x511a2000
core   0: 0x80009d8c (0x01188c63) beq     a7, a7, pc + 24
core   0: 3 0x80009d8c (0x01188c63)
core   0: 0x80009da4 (0x1dd42513) slti    a0, s0, 477
core   0: 3 0x80009da4 (0x1dd42513) x10 0x00000001
core   0: 0x80009da8 (0x5ed90593) addi    a1, s2, 1517
core   0: 3 0x80009da8 (0x5ed90593) x11 0x000005ed
core   0: 0x80009dac (0x03eeedb3) rem     s11, t4, t5
core   0: 3 0x80009dac (0x03eeedb3) x27 0x00000000
core   0: 0x80009db0 (0x00503b33) snez    s6, t0
core   0: 3 0x80009db0 (0x00503b33) x22 0x00000000
core   0: 0x80009db4 (0x01cc0233) add     tp, s8, t3
core   0: 3 0x80009db4 (0x01cc0233) x 4 0x0e36bfff
core   0: 0x80009db8 (0x0125aeb3) slt     t4, a1, s2
core   0: 3 0x80009db8 (0x0125aeb3) x29 0x00000000
core   0: 0x80009dbc (0x01bfacb3) slt     s9, t6, s11
core   0: 3 0x80009dbc (0x01bfacb3) x25 0x00000000
core   0: 0x80009dc0 (0x01b40bb3) add     s7, s0, s11
core   0: 3 0x80009dc0 (0x01b40bb3) x23 0x00000000
core   0: 0x80009dc4 (0xd5c64c93) xori    s9, a2, -676
core   0: 3 0x80009dc4 (0xd5c64c93) x25 0xf8e49d5c
core   0: 0x80009dc8 (0x00bdc4b3) xor     s1, s11, a1
core   0: 3 0x80009dc8 (0x00bdc4b3) x 9 0x000005ed
core   0: 0x80009dcc (0x03091933) mulh    s2, s2, a6
core   0: 3 0x80009dcc (0x03091933) x18 0x00000000
core   0: 0x80009dd0 (0x39e20d13) addi    s10, tp, 926
core   0: 3 0x80009dd0 (0x39e20d13) x26 0x0e36c39d
core   0: 0x80009dd4 (0x01c8f833) and     a6, a7, t3
core   0: 3 0x80009dd4 (0x01c8f833) x16 0xffffffff
core   0: 0x80009dd8 (0x022df663) bgeu    s11, sp, pc + 44
core   0: 3 0x80009dd8 (0x022df663)
core   0: 0x80009ddc (0xb6b02f93) slti    t6, zero, -1173
core   0: 3 0x80009ddc (0xb6b02f93) x31 0x00000000
core   0: 0x80009de0 (0x02a48863) beq     s1, a0, pc + 48
core   0: 3 0x80009de0 (0x02a48863)
core   0: 0x80009de4 (0x00c9f663) bgeu    s3, a2, pc + 12
core   0: 3 0x80009de4 (0x00c9f663)
core   0: 0x80009de8 (0x00371233) sll     tp, a4, gp
core   0: 3 0x80009de8 (0x00371233) x 4 0x00000001
core   0: 0x80009dec (0x00982133) slt     sp, a6, s1
core   0: 3 0x80009dec (0x00982133) x 2 0x00000001
core   0: 0x80009df0 (0x01a5d463) bge     a1, s10, pc + 8
core   0: 3 0x80009df0 (0x01a5d463)
core   0: 0x80009df4 (0x00af25b3) slt     a1, t5, a0
core   0: 3 0x80009df4 (0x00af25b3) x11 0x00000001
core   0: 0x80009df8 (0xc8e3aa17) auipc   s4, 0xc8e3a
core   0: 3 0x80009df8 (0xc8e3aa17) x20 0x48e43df8
core   0: 0x80009dfc (0x17f34b13) xori    s6, t1, 383
core   0: 3 0x80009dfc (0x17f34b13) x22 0x3820e213
core   0: 0x80009e00 (0x05bff063) bgeu    t6, s11, pc + 64
core   0: 3 0x80009e00 (0x05bff063)
core   0: 0x80009e40 (0x0349aa33) mulhsu  s4, s3, s4
core   0: 3 0x80009e40 (0x0349aa33) x20 0x00000000
core   0: 0x80009e44 (0x000b5413) srli    s0, s6, 0
core   0: 3 0x80009e44 (0x000b5413) x 8 0x3820e213
core   0: 0x80009e48 (0x40735a13) srai    s4, t1, 7
core   0: 3 0x80009e48 (0x40735a13) x20 0x007041c6
core   0: 0x80009e4c (0x911ae893) ori     a7, s5, -1775
core   0: 3 0x80009e4c (0x911ae893) x17 0xfffffdf5
core   0: 0x80009e50 (0x02c51633) mulh    a2, a0, a2
core   0: 3 0x80009e50 (0x02c51633) x12 0x00000000
core   0: 0x80009e54 (0x03db5a33) divu    s4, s6, t4
core   0: 3 0x80009e54 (0x03db5a33) x20 0xffffffff
core   0: 0x80009e58 (0x006d9f93) slli    t6, s11, 6
core   0: 3 0x80009e58 (0x006d9f93) x31 0x00000000
core   0: 0x80009e5c (0x02c4e663) bltu    s1, a2, pc + 44
core   0: 3 0x80009e5c (0x02c4e663)
core   0: 0x80009e60 (0x01951393) slli    t2, a0, 25
core   0: 3 0x80009e60 (0x01951393) x 7 0x02000000
core   0: 0x80009e64 (0x00ab16b3) sll     a3, s6, a0
core   0: 3 0x80009e64 (0x00ab16b3) x13 0x7041c426
core   0: 0x80009e68 (0x05aa1663) bne     s4, s10, pc + 76
core   0: 3 0x80009e68 (0x05aa1663)
core   0: 0x80009eb4 (0xf2ae7d93) andi    s11, t3, -214
core   0: 3 0x80009eb4 (0xf2ae7d93) x27 0xffffff2a
core   0: 0x80009eb8 (0x003783b3) add     t2, a5, gp
core   0: 3 0x80009eb8 (0x003783b3) x 7 0x80025e64
core   0: 0x80009ebc (0x02c7d0b3) divu    ra, a5, a2
core   0: 3 0x80009ebc (0x02c7d0b3) x 1 0xffffffff
core   0: 0x80009ec0 (0xa421bd93) sltiu   s11, gp, -1470
core   0: 3 0x80009ec0 (0xa421bd93) x27 0x00000001
core   0: 0x80009ec4 (0x02c908b3) mul     a7, s2, a2
core   0: 3 0x80009ec4 (0x02c908b3) x17 0x00000000
core   0: 0x80009ec8 (0xb587c513) xori    a0, a5, -1192
core   0: 3 0x80009ec8 (0xb587c513) x10 0x7ffda53c
core   0: 0x80009ecc (0x00576733) or      a4, a4, t0
core   0: 3 0x80009ecc (0x00576733) x14 0x00000001
core   0: 0x80009ed0 (0x05468393) addi    t2, a3, 84
core   0: 3 0x80009ed0 (0x05468393) x 7 0x7041c47a
core   0: 0x80009ed4 (0x048b7463) bgeu    s6, s0, pc + 72
core   0: 3 0x80009ed4 (0x048b7463)
core   0: 0x80009f1c (0xd2a02897) auipc   a7, 0xd2a02
core   0: 3 0x80009f1c (0xd2a02897) x17 0x52a0bf1c
core   0: 0x80009f20 (0x65973713) sltiu   a4, a4, 1625
core   0: 3 0x80009f20 (0x65973713) x14 0x00000001
core   0: 0x80009f24 (0x30263393) sltiu   t2, a2, 770
core   0: 3 0x80009f24 (0x30263393) x 7 0x00000001
core   0: 0x80009f28 (0x001913b3) sll     t2, s2, ra
core   0: 3 0x80009f28 (0x001913b3) x 7 0x00000000
core   0: 0x80009f2c (0x00000f17) auipc   t5, 0x0
core   0: 3 0x80009f2c (0x00000f17) x30 0x80009f2c
core   0: 0x80009f30 (0x00cf0f13) addi    t5, t5, 12
core   0: 3 0x80009f30 (0x00cf0f13) x30 0x80009f38
core   0: 0x80009f34 (0x000f0067) jr      t5
core   0: 3 0x80009f34 (0x000f0067)
core   0: 0x80009f38 (0x00100193) li      gp, 1
core   0: 3 0x80009f38 (0x00100193) x 3 0x00000001
core   0: 0x80009f3c (0x00000073) ecall
core   0: exception trap_machine_ecall, epc 0x80009f3c
core   0: >>>>  mtvec_handler
core   0: 0x8000df44 (0xffca8a93) addi    s5, s5, -4
core   0: 3 0x8000df44 (0xffca8a93) x21 0x80029ce0
core   0: 0x8000df48 (0x00faa023) sw      a5, 0(s5)
core   0: 3 0x8000df48 (0x00faa023) mem 0x80029ce0 0x80025e64
core   0: 0x8000df4c (0x000a87b3) add     a5, s5, zero
core   0: 3 0x8000df4c (0x000a87b3) x15 0x80029ce0
core   0: 0x8000df50 (0xf8078793) addi    a5, a5, -128
core   0: 3 0x8000df50 (0xf8078793) x15 0x80029c60
core   0: 0x8000df54 (0x0017a223) sw      ra, 4(a5)
core   0: 3 0x8000df54 (0x0017a223) mem 0x80029c64 0xffffffff
core   0: 0x8000df58 (0x0027a423) sw      sp, 8(a5)
core   0: 3 0x8000df58 (0x0027a423) mem 0x80029c68 0x00000001
core   0: 0x8000df5c (0x0037a623) sw      gp, 12(a5)
core   0: 3 0x8000df5c (0x0037a623) mem 0x80029c6c 0x00000001
core   0: 0x8000df60 (0x0047a823) sw      tp, 16(a5)
core   0: 3 0x8000df60 (0x0047a823) mem 0x80029c70 0x00000001
core   0: 0x8000df64 (0x0057aa23) sw      t0, 20(a5)
core   0: 3 0x8000df64 (0x0057aa23) mem 0x80029c74 0x00000000
core   0: 0x8000df68 (0x0067ac23) sw      t1, 24(a5)
core   0: 3 0x8000df68 (0x0067ac23) mem 0x80029c78 0x3820e36c
core   0: 0x8000df6c (0x0077ae23) sw      t2, 28(a5)
core   0: 3 0x8000df6c (0x0077ae23) mem 0x80029c7c 0x00000000
core   0: 0x8000df70 (0x0287a023) sw      s0, 32(a5)
core   0: 3 0x8000df70 (0x0287a023) mem 0x80029c80 0x3820e213
core   0: 0x8000df74 (0x0297a223) sw      s1, 36(a5)
core   0: 3 0x8000df74 (0x0297a223) mem 0x80029c84 0x000005ed
core   0: 0x8000df78 (0x02a7a423) sw      a0, 40(a5)
core   0: 3 0x8000df78 (0x02a7a423) mem 0x80029c88 0x7ffda53c
core   0: 0x8000df7c (0x02b7a623) sw      a1, 44(a5)
core   0: 3 0x8000df7c (0x02b7a623) mem 0x80029c8c 0x00000001
core   0: 0x8000df80 (0x02c7a823) sw      a2, 48(a5)
core   0: 3 0x8000df80 (0x02c7a823) mem 0x80029c90 0x00000000
core   0: 0x8000df84 (0x02d7aa23) sw      a3, 52(a5)
core   0: 3 0x8000df84 (0x02d7aa23) mem 0x80029c94 0x7041c426
core   0: 0x8000df88 (0x02e7ac23) sw      a4, 56(a5)
core   0: 3 0x8000df88 (0x02e7ac23) mem 0x80029c98 0x00000001
core   0: 0x8000df8c (0x02f7ae23) sw      a5, 60(a5)
core   0: 3 0x8000df8c (0x02f7ae23) mem 0x80029c9c 0x80029c60
core   0: 0x8000df90 (0x0507a023) sw      a6, 64(a5)
core   0: 3 0x8000df90 (0x0507a023) mem 0x80029ca0 0xffffffff
core   0: 0x8000df94 (0x0517a223) sw      a7, 68(a5)
core   0: 3 0x8000df94 (0x0517a223) mem 0x80029ca4 0x52a0bf1c
core   0: 0x8000df98 (0x0527a423) sw      s2, 72(a5)
core   0: 3 0x8000df98 (0x0527a423) mem 0x80029ca8 0x00000000
core   0: 0x8000df9c (0x0537a623) sw      s3, 76(a5)
core   0: 3 0x8000df9c (0x0537a623) mem 0x80029cac 0x00000000
core   0: 0x8000dfa0 (0x0547a823) sw      s4, 80(a5)
core   0: 3 0x8000dfa0 (0x0547a823) mem 0x80029cb0 0xffffffff
core   0: 0x8000dfa4 (0x0557aa23) sw      s5, 84(a5)
core   0: 3 0x8000dfa4 (0x0557aa23) mem 0x80029cb4 0x80029ce0
core   0: 0x8000dfa8 (0x0567ac23) sw      s6, 88(a5)
core   0: 3 0x8000dfa8 (0x0567ac23) mem 0x80029cb8 0x3820e213
core   0: 0x8000dfac (0x0577ae23) sw      s7, 92(a5)
core   0: 3 0x8000dfac (0x0577ae23) mem 0x80029cbc 0x00000000
core   0: 0x8000dfb0 (0x0787a023) sw      s8, 96(a5)
core   0: 3 0x8000dfb0 (0x0787a023) mem 0x80029cc0 0x0e36c000
core   0: 0x8000dfb4 (0x0797a223) sw      s9, 100(a5)
core   0: 3 0x8000dfb4 (0x0797a223) mem 0x80029cc4 0xf8e49d5c
core   0: 0x8000dfb8 (0x07a7a423) sw      s10, 104(a5)
core   0: 3 0x8000dfb8 (0x07a7a423) mem 0x80029cc8 0x0e36c39d
core   0: 0x8000dfbc (0x07b7a623) sw      s11, 108(a5)
core   0: 3 0x8000dfbc (0x07b7a623) mem 0x80029ccc 0x00000001
core   0: 0x8000dfc0 (0x07c7a823) sw      t3, 112(a5)
core   0: 3 0x8000dfc0 (0x07c7a823) mem 0x80029cd0 0xffffffff
core   0: 0x8000dfc4 (0x07d7aa23) sw      t4, 116(a5)
core   0: 3 0x8000dfc4 (0x07d7aa23) mem 0x80029cd4 0x00000000
core   0: 0x8000dfc8 (0x07e7ac23) sw      t5, 120(a5)
core   0: 3 0x8000dfc8 (0x07e7ac23) mem 0x80029cd8 0x80009f38
core   0: 0x8000dfcc (0x07f7ae23) sw      t6, 124(a5)
core   0: 3 0x8000dfcc (0x07f7ae23) mem 0x80029cdc 0x00000000
core   0: 0x8000dfd0 (0x00078ab3) add     s5, a5, zero
core   0: 3 0x8000dfd0 (0x00078ab3) x21 0x80029c60
core   0: 0x8000dfd4 (0x300025f3) csrr    a1, mstatus
core   0: 3 0x8000dfd4 (0x300025f3) x11 0x00001800
core   0: 0x8000dfd8 (0x342025f3) csrr    a1, mcause
core   0: 3 0x8000dfd8 (0x342025f3) x11 0x0000000b
core   0: 0x8000dfdc (0x01f5d593) srli    a1, a1, 31
core   0: 3 0x8000dfdc (0x01f5d593) x11 0x00000000
core   0: 0x8000dfe0 (0x40059463) bnez    a1, pc + 1032
core   0: 3 0x8000dfe0 (0x40059463)
core   0: 0x8000dfe4 (0x341025f3) csrr    a1, mepc
core   0: 3 0x8000dfe4 (0x341025f3) x11 0x80009f3c
core   0: 0x8000dfe8 (0x342025f3) csrr    a1, mcause
core   0: 3 0x8000dfe8 (0x342025f3) x11 0x0000000b
core   0: 0x8000dfec (0x00300c13) li      s8, 3
core   0: 3 0x8000dfec (0x00300c13) x24 0x00000003
core   0: 0x8000dff0 (0x2b858a63) beq     a1, s8, pc + 692
core   0: 3 0x8000dff0 (0x2b858a63)
core   0: 0x8000dff4 (0x00800c13) li      s8, 8
core   0: 3 0x8000dff4 (0x00800c13) x24 0x00000008
core   0: 0x8000dff8 (0x05858e63) beq     a1, s8, pc + 92
core   0: 3 0x8000dff8 (0x05858e63)
core   0: 0x8000dffc (0x00900c13) li      s8, 9
core   0: 3 0x8000dffc (0x00900c13) x24 0x00000009
core   0: 0x8000e000 (0x05858a63) beq     a1, s8, pc + 84
core   0: 3 0x8000e000 (0x05858a63)
core   0: 0x8000e004 (0x00b00c13) li      s8, 11
core   0: 3 0x8000e004 (0x00b00c13) x24 0x0000000b
core   0: 0x8000e008 (0x05858663) beq     a1, s8, pc + 76
core   0: 3 0x8000e008 (0x05858663)
core   0: 0x8000e054 (0xffff2597) auipc   a1, 0xffff2
core   0: 3 0x8000e054 (0xffff2597) x11 0x80000054
core   0: 0x8000e058 (0xfac58593) addi    a1, a1, -84
core   0: 3 0x8000e058 (0xfac58593) x11 0x80000000
core   0: 0x8000e05c (0x0005a023) sw      zero, 0(a1)
core   0: 3 0x8000e05c (0x0005a023) mem 0x80000000 0x00000000
core   0: 0x8000e060 (0x0015a223) sw      ra, 4(a1)
core   0: 3 0x8000e060 (0x0015a223) mem 0x80000004 0xffffffff
core   0: 0x8000e064 (0x0025a423) sw      sp, 8(a1)
core   0: 3 0x8000e064 (0x0025a423) mem 0x80000008 0x00000001
core   0: 0x8000e068 (0x0035a623) sw      gp, 12(a1)
core   0: 3 0x8000e068 (0x0035a623) mem 0x8000000c 0x00000001
core   0: 0x8000e06c (0x0045a823) sw      tp, 16(a1)
core   0: 3 0x8000e06c (0x0045a823) mem 0x80000010 0x00000001
core   0: 0x8000e070 (0x0055aa23) sw      t0, 20(a1)
core   0: 3 0x8000e070 (0x0055aa23) mem 0x80000014 0x00000000
core   0: 0x8000e074 (0x0065ac23) sw      t1, 24(a1)
core   0: 3 0x8000e074 (0x0065ac23) mem 0x80000018 0x3820e36c
core   0: 0x8000e078 (0x0075ae23) sw      t2, 28(a1)
core   0: 3 0x8000e078 (0x0075ae23) mem 0x8000001c 0x00000000
core   0: 0x8000e07c (0x0285a023) sw      s0, 32(a1)
core   0: 3 0x8000e07c (0x0285a023) mem 0x80000020 0x3820e213
core   0: 0x8000e080 (0x0295a223) sw      s1, 36(a1)
core   0: 3 0x8000e080 (0x0295a223) mem 0x80000024 0x000005ed
core   0: 0x8000e084 (0x02a5a423) sw      a0, 40(a1)
core   0: 3 0x8000e084 (0x02a5a423) mem 0x80000028 0x7ffda53c
core   0: 0x8000e088 (0x02b5a623) sw      a1, 44(a1)
core   0: 3 0x8000e088 (0x02b5a623) mem 0x8000002c 0x80000000
core   0: 0x8000e08c (0x02c5a823) sw      a2, 48(a1)
core   0: 3 0x8000e08c (0x02c5a823) mem 0x80000030 0x00000000
core   0: 0x8000e090 (0x02d5aa23) sw      a3, 52(a1)
core   0: 3 0x8000e090 (0x02d5aa23) mem 0x80000034 0x7041c426
core   0: 0x8000e094 (0x02e5ac23) sw      a4, 56(a1)
core   0: 3 0x8000e094 (0x02e5ac23) mem 0x80000038 0x00000001
core   0: 0x8000e098 (0x02f5ae23) sw      a5, 60(a1)
core   0: 3 0x8000e098 (0x02f5ae23) mem 0x8000003c 0x80029c60
core   0: 0x8000e09c (0x0505a023) sw      a6, 64(a1)
core   0: 3 0x8000e09c (0x0505a023) mem 0x80000040 0xffffffff
core   0: 0x8000e0a0 (0x0515a223) sw      a7, 68(a1)
core   0: 3 0x8000e0a0 (0x0515a223) mem 0x80000044 0x52a0bf1c
core   0: 0x8000e0a4 (0x0525a423) sw      s2, 72(a1)
core   0: 3 0x8000e0a4 (0x0525a423) mem 0x80000048 0x00000000
core   0: 0x8000e0a8 (0x0535a623) sw      s3, 76(a1)
core   0: 3 0x8000e0a8 (0x0535a623) mem 0x8000004c 0x00000000
core   0: 0x8000e0ac (0x0545a823) sw      s4, 80(a1)
core   0: 3 0x8000e0ac (0x0545a823) mem 0x80000050 0xffffffff
core   0: 0x8000e0b0 (0x0555aa23) sw      s5, 84(a1)
core   0: 3 0x8000e0b0 (0x0555aa23) mem 0x80000054 0x80029c60
core   0: 0x8000e0b4 (0x0565ac23) sw      s6, 88(a1)
core   0: 3 0x8000e0b4 (0x0565ac23) mem 0x80000058 0x3820e213
core   0: 0x8000e0b8 (0x0575ae23) sw      s7, 92(a1)
core   0: 3 0x8000e0b8 (0x0575ae23) mem 0x8000005c 0x00000000
core   0: 0x8000e0bc (0x0785a023) sw      s8, 96(a1)
core   0: 3 0x8000e0bc (0x0785a023) mem 0x80000060 0x0000000b
core   0: 0x8000e0c0 (0x0795a223) sw      s9, 100(a1)
core   0: 3 0x8000e0c0 (0x0795a223) mem 0x80000064 0xf8e49d5c
core   0: 0x8000e0c4 (0x07a5a423) sw      s10, 104(a1)
core   0: 3 0x8000e0c4 (0x07a5a423) mem 0x80000068 0x0e36c39d
core   0: 0x8000e0c8 (0x07b5a623) sw      s11, 108(a1)
core   0: 3 0x8000e0c8 (0x07b5a623) mem 0x8000006c 0x00000001
core   0: 0x8000e0cc (0x07c5a823) sw      t3, 112(a1)
core   0: 3 0x8000e0cc (0x07c5a823) mem 0x80000070 0xffffffff
core   0: 0x8000e0d0 (0x07d5aa23) sw      t4, 116(a1)
core   0: 3 0x8000e0d0 (0x07d5aa23) mem 0x80000074 0x00000000
core   0: 0x8000e0d4 (0x07e5ac23) sw      t5, 120(a1)
core   0: 3 0x8000e0d4 (0x07e5ac23) mem 0x80000078 0x80009f38
core   0: 0x8000e0d8 (0x07f5ae23) sw      t6, 124(a1)
core   0: 3 0x8000e0d8 (0x07f5ae23) mem 0x8000007c 0x00000000
core   0: 0x8000e0dc (0x00000f17) auipc   t5, 0x0
core   0: 3 0x8000e0dc (0x00000f17) x30 0x8000e0dc
core   0: 0x8000e0e0 (0xe58f0f13) addi    t5, t5, -424
core   0: 3 0x8000e0e0 (0xe58f0f13) x30 0x8000df34
core   0: 0x8000e0e4 (0x000f0067) jr      t5
core   0: 3 0x8000e0e4 (0x000f0067)
core   0: 0x8000df34 (0x00002f17) auipc   t5, 0x2
core   0: 3 0x8000df34 (0x00002f17) x30 0x8000ff34
core   0: 0x8000df38 (0x0c3f2623) sw      gp, 204(t5)
core   0: 3 0x8000df38 (0x0c3f2623) mem 0x80010000 0x00000001
core   0: 0x8000df3c (0xff9ff06f) j       pc - 0x8
core   0: 3 0x8000df3c (0xff9ff06f)
core   0: 0x8000df34 (0x00002f17) auipc   t5, 0x2
core   0: 3 0x8000df34 (0x00002f17) x30 0x8000ff34
core   0: 0x8000df38 (0x0c3f2623) sw      gp, 204(t5)
core   0: 3 0x8000df38 (0x0c3f2623) mem 0x80010000 0x00000001
core   0: 0x8000df3c (0xff9ff06f) j       pc - 0x8
core   0: 3 0x8000df3c (0xff9ff06f)
core   0: 0x8000df34 (0x00002f17) auipc   t5, 0x2
core   0: 3 0x8000df34 (0x00002f17) x30 0x8000ff34
core   0: 0x8000df38 (0x0c3f2623) sw      gp, 204(t5)
core   0: 3 0x8000df38 (0x0c3f2623) mem 0x80010000 0x00000001
core   0: 0x8000df3c (0xff9ff06f) j       pc - 0x8
core   0: 3 0x8000df3c (0xff9ff06f)
core   0: 0x8000df34 (0x00002f17) auipc   t5, 0x2
core   0: 3 0x8000df34 (0x00002f17) x30 0x8000ff34
core   0: 0x8000df38 (0x0c3f2623) sw      gp, 204(t5)
core   0: 3 0x8000df38 (0x0c3f2623) mem 0x80010000 0x00000001
core   0: 0x8000df3c (0xff9ff06f) j       pc - 0x8
core   0: 3 0x8000df3c (0xff9ff06f)
core   0: 0x8000df34 (0x00002f17) auipc   t5, 0x2
core   0: 3 0x8000df34 (0x00002f17) x30 0x8000ff34
core   0: 0x8000df38 (0x0c3f2623) sw      gp, 204(t5)
core   0: 3 0x8000df38 (0x0c3f2623) mem 0x80010000 0x00000001
core   0: 0x8000df3c (0xff9ff06f) j       pc - 0x8
core   0: 3 0x8000df3c (0xff9ff06f)
core   0: 0x8000df34 (0x00002f17) auipc   t5, 0x2
core   0: 3 0x8000df34 (0x00002f17) x30 0x8000ff34
core   0: 0x8000df38 (0x0c3f2623) sw      gp, 204(t5)
core   0: 3 0x8000df38 (0x0c3f2623) mem 0x80010000 0x00000001
core   0: 0x8000df3c (0xff9ff06f) j       pc - 0x8
core   0: 3 0x8000df3c (0xff9ff06f)
core   0: 0x8000df34 (0x00002f17) auipc   t5, 0x2
core   0: 3 0x8000df34 (0x00002f17) x30 0x8000ff34
core   0: 0x8000df38 (0x0c3f2623) sw      gp, 204(t5)
core   0: 3 0x8000df38 (0x0c3f2623) mem 0x80010000 0x00000001
core   0: 0x8000df3c (0xff9ff06f) j       pc - 0x8
core   0: 3 0x8000df3c (0xff9ff06f)
core   0: 0x8000df34 (0x00002f17) auipc   t5, 0x2
core   0: 3 0x8000df34 (0x00002f17) x30 0x8000ff34
core   0: 0x8000df38 (0x0c3f2623) sw      gp, 204(t5)
core   0: 3 0x8000df38 (0x0c3f2623) mem 0x80010000 0x00000001
core   0: 0x8000df3c (0xff9ff06f) j       pc - 0x8
core   0: 3 0x8000df3c (0xff9ff06f)
core   0: 0x8000df34 (0x00002f17) auipc   t5, 0x2
core   0: 3 0x8000df34 (0x00002f17) x30 0x8000ff34
core   0: 0x8000df38 (0x0c3f2623) sw      gp, 204(t5)
core   0: 3 0x8000df38 (0x0c3f2623) mem 0x80010000 0x00000001
core   0: 0x8000df3c (0xff9ff06f) j       pc - 0x8
core   0: 3 0x8000df3c (0xff9ff06f)
core   0: 0x8000df34 (0x00002f17) auipc   t5, 0x2
core   0: 3 0x8000df34 (0x00002f17) x30 0x8000ff34
core   0: 0x8000df38 (0x0c3f2623) sw      gp, 204(t5)
core   0: 3 0x8000df38 (0x0c3f2623) mem 0x80010000 0x00000001
core   0: 0x8000df3c (0xff9ff06f) j       pc - 0x8
core   0: 3 0x8000df3c (0xff9ff06f)
core   0: 0x8000df34 (0x00002f17) auipc   t5, 0x2
core   0: 3 0x8000df34 (0x00002f17) x30 0x8000ff34
core   0: 0x8000df38 (0x0c3f2623) sw      gp, 204(t5)
core   0: 3 0x8000df38 (0x0c3f2623) mem 0x80010000 0x00000001
core   0: 0x8000df3c (0xff9ff06f) j       pc - 0x8
core   0: 3 0x8000df3c (0xff9ff06f)
core   0: 0x8000df34 (0x00002f17) auipc   t5, 0x2
core   0: 3 0x8000df34 (0x00002f17) x30 0x8000ff34
core   0: 0x8000df38 (0x0c3f2623) sw      gp, 204(t5)
core   0: 3 0x8000df38 (0x0c3f2623) mem 0x80010000 0x00000001
core   0: 0x8000df3c (0xff9ff06f) j       pc - 0x8
core   0: 3 0x8000df3c (0xff9ff06f)
core   0: 0x8000df34 (0x00002f17) auipc   t5, 0x2
core   0: 3 0x8000df34 (0x00002f17) x30 0x8000ff34
core   0: 0x8000df38 (0x0c3f2623) sw      gp, 204(t5)
core   0: 3 0x8000df38 (0x0c3f2623) mem 0x80010000 0x00000001
core   0: 0x8000df3c (0xff9ff06f) j       pc - 0x8
core   0: 3 0x8000df3c (0xff9ff06f)
core   0: 0x8000df34 (0x00002f17) auipc   t5, 0x2
core   0: 3 0x8000df34 (0x00002f17) x30 0x8000ff34
core   0: 0x8000df38 (0x0c3f2623) sw      gp, 204(t5)
core   0: 3 0x8000df38 (0x0c3f2623) mem 0x80010000 0x00000001
core   0: 0x8000df3c (0xff9ff06f) j       pc - 0x8
core   0: 3 0x8000df3c (0xff9ff06f)
core   0: 0x8000df34 (0x00002f17) auipc   t5, 0x2
core   0: 3 0x8000df34 (0x00002f17) x30 0x8000ff34
core   0: 0x8000df38 (0x0c3f2623) sw      gp, 204(t5)
core   0: 3 0x8000df38 (0x0c3f2623) mem 0x80010000 0x00000001
core   0: 0x8000df3c (0xff9ff06f) j       pc - 0x8
core   0: 3 0x8000df3c (0xff9ff06f)
core   0: 0x8000df34 (0x00002f17) auipc   t5, 0x2
core   0: 3 0x8000df34 (0x00002f17) x30 0x8000ff34
core   0: 0x8000df38 (0x0c3f2623) sw      gp, 204(t5)
core   0: 3 0x8000df38 (0x0c3f2623) mem 0x80010000 0x00000001
core   0: 0x8000df3c (0xff9ff06f) j       pc - 0x8
core   0: 3 0x8000df3c (0xff9ff06f)
core   0: 0x8000df34 (0x00002f17) auipc   t5, 0x2
core   0: 3 0x8000df34 (0x00002f17) x30 0x8000ff34
core   0: 0x8000df38 (0x0c3f2623) sw      gp, 204(t5)
core   0: 3 0x8000df38 (0x0c3f2623) mem 0x80010000 0x00000001
core   0: 0x8000df3c (0xff9ff06f) j       pc - 0x8
core   0: 3 0x8000df3c (0xff9ff06f)
core   0: 0x8000df34 (0x00002f17) auipc   t5, 0x2
core   0: 3 0x8000df34 (0x00002f17) x30 0x8000ff34
core   0: 0x8000df38 (0x0c3f2623) sw      gp, 204(t5)
core   0: 3 0x8000df38 (0x0c3f2623) mem 0x80010000 0x00000001
core   0: 0x8000df3c (0xff9ff06f) j       pc - 0x8
core   0: 3 0x8000df3c (0xff9ff06f)
core   0: 0x8000df34 (0x00002f17) auipc   t5, 0x2
core   0: 3 0x8000df34 (0x00002f17) x30 0x8000ff34
core   0: 0x8000df38 (0x0c3f2623) sw      gp, 204(t5)
core   0: 3 0x8000df38 (0x0c3f2623) mem 0x80010000 0x00000001
core   0: 0x8000df3c (0xff9ff06f) j       pc - 0x8
core   0: 3 0x8000df3c (0xff9ff06f)
core   0: 0x8000df34 (0x00002f17) auipc   t5, 0x2
core   0: 3 0x8000df34 (0x00002f17) x30 0x8000ff34
core   0: 0x8000df38 (0x0c3f2623) sw      gp, 204(t5)
core   0: 3 0x8000df38 (0x0c3f2623) mem 0x80010000 0x00000001
core   0: 0x8000df3c (0xff9ff06f) j       pc - 0x8
core   0: 3 0x8000df3c (0xff9ff06f)
core   0: 0x8000df34 (0x00002f17) auipc   t5, 0x2
core   0: 3 0x8000df34 (0x00002f17) x30 0x8000ff34
core   0: 0x8000df38 (0x0c3f2623) sw      gp, 204(t5)
core   0: 3 0x8000df38 (0x0c3f2623) mem 0x80010000 0x00000001
core   0: 0x8000df3c (0xff9ff06f) j       pc - 0x8
core   0: 3 0x8000df3c (0xff9ff06f)
core   0: 0x8000df34 (0x00002f17) auipc   t5, 0x2
core   0: 3 0x8000df34 (0x00002f17) x30 0x8000ff34
core   0: 0x8000df38 (0x0c3f2623) sw      gp, 204(t5)
core   0: 3 0x8000df38 (0x0c3f2623) mem 0x80010000 0x00000001
core   0: 0x8000df3c (0xff9ff06f) j       pc - 0x8
core   0: 3 0x8000df3c (0xff9ff06f)
core   0: 0x8000df34 (0x00002f17) auipc   t5, 0x2
core   0: 3 0x8000df34 (0x00002f17) x30 0x8000ff34
core   0: 0x8000df38 (0x0c3f2623) sw      gp, 204(t5)
core   0: 3 0x8000df38 (0x0c3f2623) mem 0x80010000 0x00000001
core   0: 0x8000df3c (0xff9ff06f) j       pc - 0x8
core   0: 3 0x8000df3c (0xff9ff06f)
core   0: 0x8000df34 (0x00002f17) auipc   t5, 0x2
core   0: 3 0x8000df34 (0x00002f17) x30 0x8000ff34
core   0: 0x8000df38 (0x0c3f2623) sw      gp, 204(t5)
core   0: 3 0x8000df38 (0x0c3f2623) mem 0x80010000 0x00000001
core   0: 0x8000df3c (0xff9ff06f) j       pc - 0x8
core   0: 3 0x8000df3c (0xff9ff06f)
core   0: 0x8000df34 (0x00002f17) auipc   t5, 0x2
core   0: 3 0x8000df34 (0x00002f17) x30 0x8000ff34
core   0: 0x8000df38 (0x0c3f2623) sw      gp, 204(t5)
core   0: 3 0x8000df38 (0x0c3f2623) mem 0x80010000 0x00000001
core   0: 0x8000df3c (0xff9ff06f) j       pc - 0x8
core   0: 3 0x8000df3c (0xff9ff06f)
core   0: 0x8000df34 (0x00002f17) auipc   t5, 0x2
core   0: 3 0x8000df34 (0x00002f17) x30 0x8000ff34
core   0: 0x8000df38 (0x0c3f2623) sw      gp, 204(t5)
core   0: 3 0x8000df38 (0x0c3f2623) mem 0x80010000 0x00000001
core   0: 0x8000df3c (0xff9ff06f) j       pc - 0x8
core   0: 3 0x8000df3c (0xff9ff06f)
core   0: 0x8000df34 (0x00002f17) auipc   t5, 0x2
core   0: 3 0x8000df34 (0x00002f17) x30 0x8000ff34
core   0: 0x8000df38 (0x0c3f2623) sw      gp, 204(t5)
core   0: 3 0x8000df38 (0x0c3f2623) mem 0x80010000 0x00000001
core   0: 0x8000df3c (0xff9ff06f) j       pc - 0x8
core   0: 3 0x8000df3c (0xff9ff06f)
core   0: 0x8000df34 (0x00002f17) auipc   t5, 0x2
core   0: 3 0x8000df34 (0x00002f17) x30 0x8000ff34
core   0: 0x8000df38 (0x0c3f2623) sw      gp, 204(t5)
core   0: 3 0x8000df38 (0x0c3f2623) mem 0x80010000 0x00000001
core   0: 0x8000df3c (0xff9ff06f) j       pc - 0x8
core   0: 3 0x8000df3c (0xff9ff06f)
core   0: 0x8000df34 (0x00002f17) auipc   t5, 0x2
core   0: 3 0x8000df34 (0x00002f17) x30 0x8000ff34
core   0: 0x8000df38 (0x0c3f2623) sw      gp, 204(t5)
core   0: 3 0x8000df38 (0x0c3f2623) mem 0x80010000 0x00000001
core   0: 0x8000df3c (0xff9ff06f) j       pc - 0x8
core   0: 3 0x8000df3c (0xff9ff06f)
core   0: 0x8000df34 (0x00002f17) auipc   t5, 0x2
core   0: 3 0x8000df34 (0x00002f17) x30 0x8000ff34
core   0: 0x8000df38 (0x0c3f2623) sw      gp, 204(t5)
core   0: 3 0x8000df38 (0x0c3f2623) mem 0x80010000 0x00000001
core   0: 0x8000df3c (0xff9ff06f) j       pc - 0x8
core   0: 3 0x8000df3c (0xff9ff06f)
core   0: 0x8000df34 (0x00002f17) auipc   t5, 0x2
core   0: 3 0x8000df34 (0x00002f17) x30 0x8000ff34
core   0: 0x8000df38 (0x0c3f2623) sw      gp, 204(t5)
core   0: 3 0x8000df38 (0x0c3f2623) mem 0x80010000 0x00000001
core   0: 0x8000df3c (0xff9ff06f) j       pc - 0x8
core   0: 3 0x8000df3c (0xff9ff06f)
core   0: 0x8000df34 (0x00002f17) auipc   t5, 0x2
core   0: 3 0x8000df34 (0x00002f17) x30 0x8000ff34
core   0: 0x8000df38 (0x0c3f2623) sw      gp, 204(t5)
core   0: 3 0x8000df38 (0x0c3f2623) mem 0x80010000 0x00000001
core   0: 0x8000df3c (0xff9ff06f) j       pc - 0x8
core   0: 3 0x8000df3c (0xff9ff06f)
core   0: 0x8000df34 (0x00002f17) auipc   t5, 0x2
core   0: 3 0x8000df34 (0x00002f17) x30 0x8000ff34
core   0: 0x8000df38 (0x0c3f2623) sw      gp, 204(t5)
core   0: 3 0x8000df38 (0x0c3f2623) mem 0x80010000 0x00000001
core   0: 0x8000df3c (0xff9ff06f) j       pc - 0x8
core   0: 3 0x8000df3c (0xff9ff06f)
core   0: 0x8000df34 (0x00002f17) auipc   t5, 0x2
core   0: 3 0x8000df34 (0x00002f17) x30 0x8000ff34
core   0: 0x8000df38 (0x0c3f2623) sw      gp, 204(t5)
core   0: 3 0x8000df38 (0x0c3f2623) mem 0x80010000 0x00000001
core   0: 0x8000df3c (0xff9ff06f) j       pc - 0x8
core   0: 3 0x8000df3c (0xff9ff06f)
core   0: 0x8000df34 (0x00002f17) auipc   t5, 0x2
core   0: 3 0x8000df34 (0x00002f17) x30 0x8000ff34
core   0: 0x8000df38 (0x0c3f2623) sw      gp, 204(t5)
core   0: 3 0x8000df38 (0x0c3f2623) mem 0x80010000 0x00000001
core   0: 0x8000df3c (0xff9ff06f) j       pc - 0x8
core   0: 3 0x8000df3c (0xff9ff06f)
core   0: 0x8000df34 (0x00002f17) auipc   t5, 0x2
core   0: 3 0x8000df34 (0x00002f17) x30 0x8000ff34
core   0: 0x8000df38 (0x0c3f2623) sw      gp, 204(t5)
core   0: 3 0x8000df38 (0x0c3f2623) mem 0x80010000 0x00000001
core   0: 0x8000df3c (0xff9ff06f) j       pc - 0x8
core   0: 3 0x8000df3c (0xff9ff06f)
core   0: 0x8000df34 (0x00002f17) auipc   t5, 0x2
core   0: 3 0x8000df34 (0x00002f17) x30 0x8000ff34
core   0: 0x8000df38 (0x0c3f2623) sw      gp, 204(t5)
core   0: 3 0x8000df38 (0x0c3f2623) mem 0x80010000 0x00000001
core   0: 0x8000df3c (0xff9ff06f) j       pc - 0x8
core   0: 3 0x8000df3c (0xff9ff06f)
core   0: 0x8000df34 (0x00002f17) auipc   t5, 0x2
core   0: 3 0x8000df34 (0x00002f17) x30 0x8000ff34
core   0: 0x8000df38 (0x0c3f2623) sw      gp, 204(t5)
core   0: 3 0x8000df38 (0x0c3f2623) mem 0x80010000 0x00000001
core   0: 0x8000df3c (0xff9ff06f) j       pc - 0x8
core   0: 3 0x8000df3c (0xff9ff06f)
core   0: 0x8000df34 (0x00002f17) auipc   t5, 0x2
core   0: 3 0x8000df34 (0x00002f17) x30 0x8000ff34
core   0: 0x8000df38 (0x0c3f2623) sw      gp, 204(t5)
core   0: 3 0x8000df38 (0x0c3f2623) mem 0x80010000 0x00000001
core   0: 0x8000df3c (0xff9ff06f) j       pc - 0x8
core   0: 3 0x8000df3c (0xff9ff06f)
core   0: 0x8000df34 (0x00002f17) auipc   t5, 0x2
core   0: 3 0x8000df34 (0x00002f17) x30 0x8000ff34
core   0: 0x8000df38 (0x0c3f2623) sw      gp, 204(t5)
core   0: 3 0x8000df38 (0x0c3f2623) mem 0x80010000 0x00000001
core   0: 0x8000df3c (0xff9ff06f) j       pc - 0x8
core   0: 3 0x8000df3c (0xff9ff06f)
core   0: 0x8000df34 (0x00002f17) auipc   t5, 0x2
core   0: 3 0x8000df34 (0x00002f17) x30 0x8000ff34
core   0: 0x8000df38 (0x0c3f2623) sw      gp, 204(t5)
core   0: 3 0x8000df38 (0x0c3f2623) mem 0x80010000 0x00000001
core   0: 0x8000df3c (0xff9ff06f) j       pc - 0x8
core   0: 3 0x8000df3c (0xff9ff06f)
core   0: 0x8000df34 (0x00002f17) auipc   t5, 0x2
core   0: 3 0x8000df34 (0x00002f17) x30 0x8000ff34
core   0: 0x8000df38 (0x0c3f2623) sw      gp, 204(t5)
core   0: 3 0x8000df38 (0x0c3f2623) mem 0x80010000 0x00000001
core   0: 0x8000df3c (0xff9ff06f) j       pc - 0x8
core   0: 3 0x8000df3c (0xff9ff06f)
core   0: 0x8000df34 (0x00002f17) auipc   t5, 0x2
core   0: 3 0x8000df34 (0x00002f17) x30 0x8000ff34
core   0: 0x8000df38 (0x0c3f2623) sw      gp, 204(t5)
core   0: 3 0x8000df38 (0x0c3f2623) mem 0x80010000 0x00000001
core   0: 0x8000df3c (0xff9ff06f) j       pc - 0x8
core   0: 3 0x8000df3c (0xff9ff06f)
core   0: 0x8000df34 (0x00002f17) auipc   t5, 0x2
core   0: 3 0x8000df34 (0x00002f17) x30 0x8000ff34
core   0: 0x8000df38 (0x0c3f2623) sw      gp, 204(t5)
core   0: 3 0x8000df38 (0x0c3f2623) mem 0x80010000 0x00000001
core   0: 0x8000df3c (0xff9ff06f) j       pc - 0x8
core   0: 3 0x8000df3c (0xff9ff06f)
core   0: 0x8000df34 (0x00002f17) auipc   t5, 0x2
core   0: 3 0x8000df34 (0x00002f17) x30 0x8000ff34
core   0: 0x8000df38 (0x0c3f2623) sw      gp, 204(t5)
core   0: 3 0x8000df38 (0x0c3f2623) mem 0x80010000 0x00000001
core   0: 0x8000df3c (0xff9ff06f) j       pc - 0x8
core   0: 3 0x8000df3c (0xff9ff06f)
core   0: 0x8000df34 (0x00002f17) auipc   t5, 0x2
core   0: 3 0x8000df34 (0x00002f17) x30 0x8000ff34
core   0: 0x8000df38 (0x0c3f2623) sw      gp, 204(t5)
core   0: 3 0x8000df38 (0x0c3f2623) mem 0x80010000 0x00000001
core   0: 0x8000df3c (0xff9ff06f) j       pc - 0x8
core   0: 3 0x8000df3c (0xff9ff06f)
core   0: 0x8000df34 (0x00002f17) auipc   t5, 0x2
core   0: 3 0x8000df34 (0x00002f17) x30 0x8000ff34
core   0: 0x8000df38 (0x0c3f2623) sw      gp, 204(t5)
core   0: 3 0x8000df38 (0x0c3f2623) mem 0x80010000 0x00000001
core   0: 0x8000df3c (0xff9ff06f) j       pc - 0x8
core   0: 3 0x8000df3c (0xff9ff06f)
core   0: 0x8000df34 (0x00002f17) auipc   t5, 0x2
core   0: 3 0x8000df34 (0x00002f17) x30 0x8000ff34
core   0: 0x8000df38 (0x0c3f2623) sw      gp, 204(t5)
core   0: 3 0x8000df38 (0x0c3f2623) mem 0x80010000 0x00000001
core   0: 0x8000df3c (0xff9ff06f) j       pc - 0x8
core   0: 3 0x8000df3c (0xff9ff06f)
core   0: 0x8000df34 (0x00002f17) auipc   t5, 0x2
core   0: 3 0x8000df34 (0x00002f17) x30 0x8000ff34
core   0: 0x8000df38 (0x0c3f2623) sw      gp, 204(t5)
core   0: 3 0x8000df38 (0x0c3f2623) mem 0x80010000 0x00000001
core   0: 0x8000df3c (0xff9ff06f) j       pc - 0x8
core   0: 3 0x8000df3c (0xff9ff06f)
core   0: 0x8000df34 (0x00002f17) auipc   t5, 0x2
core   0: 3 0x8000df34 (0x00002f17) x30 0x8000ff34
core   0: 0x8000df38 (0x0c3f2623) sw      gp, 204(t5)
core   0: 3 0x8000df38 (0x0c3f2623) mem 0x80010000 0x00000001
core   0: 0x8000df3c (0xff9ff06f) j       pc - 0x8
core   0: 3 0x8000df3c (0xff9ff06f)
core   0: 0x8000df34 (0x00002f17) auipc   t5, 0x2
core   0: 3 0x8000df34 (0x00002f17) x30 0x8000ff34
core   0: 0x8000df38 (0x0c3f2623) sw      gp, 204(t5)
core   0: 3 0x8000df38 (0x0c3f2623) mem 0x80010000 0x00000001
core   0: 0x8000df3c (0xff9ff06f) j       pc - 0x8
core   0: 3 0x8000df3c (0xff9ff06f)
core   0: 0x8000df34 (0x00002f17) auipc   t5, 0x2
core   0: 3 0x8000df34 (0x00002f17) x30 0x8000ff34
core   0: 0x8000df38 (0x0c3f2623) sw      gp, 204(t5)
core   0: 3 0x8000df38 (0x0c3f2623) mem 0x80010000 0x00000001
core   0: 0x8000df3c (0xff9ff06f) j       pc - 0x8
core   0: 3 0x8000df3c (0xff9ff06f)
core   0: 0x8000df34 (0x00002f17) auipc   t5, 0x2
core   0: 3 0x8000df34 (0x00002f17) x30 0x8000ff34
core   0: 0x8000df38 (0x0c3f2623) sw      gp, 204(t5)
core   0: 3 0x8000df38 (0x0c3f2623) mem 0x80010000 0x00000001
core   0: 0x8000df3c (0xff9ff06f) j       pc - 0x8
core   0: 3 0x8000df3c (0xff9ff06f)
core   0: 0x8000df34 (0x00002f17) auipc   t5, 0x2
core   0: 3 0x8000df34 (0x00002f17) x30 0x8000ff34
core   0: 0x8000df38 (0x0c3f2623) sw      gp, 204(t5)
core   0: 3 0x8000df38 (0x0c3f2623) mem 0x80010000 0x00000001
core   0: 0x8000df3c (0xff9ff06f) j       pc - 0x8
core   0: 3 0x8000df3c (0xff9ff06f)
core   0: 0x8000df34 (0x00002f17) auipc   t5, 0x2
core   0: 3 0x8000df34 (0x00002f17) x30 0x8000ff34
core   0: 0x8000df38 (0x0c3f2623) sw      gp, 204(t5)
core   0: 3 0x8000df38 (0x0c3f2623) mem 0x80010000 0x00000001
core   0: 0x8000df3c (0xff9ff06f) j       pc - 0x8
core   0: 3 0x8000df3c (0xff9ff06f)
core   0: 0x8000df34 (0x00002f17) auipc   t5, 0x2
core   0: 3 0x8000df34 (0x00002f17) x30 0x8000ff34
core   0: 0x8000df38 (0x0c3f2623) sw      gp, 204(t5)
core   0: 3 0x8000df38 (0x0c3f2623) mem 0x80010000 0x00000001
core   0: 0x8000df3c (0xff9ff06f) j       pc - 0x8
core   0: 3 0x8000df3c (0xff9ff06f)
core   0: 0x8000df34 (0x00002f17) auipc   t5, 0x2
core   0: 3 0x8000df34 (0x00002f17) x30 0x8000ff34
core   0: 0x8000df38 (0x0c3f2623) sw      gp, 204(t5)
core   0: 3 0x8000df38 (0x0c3f2623) mem 0x80010000 0x00000001
core   0: 0x8000df3c (0xff9ff06f) j       pc - 0x8
core   0: 3 0x8000df3c (0xff9ff06f)
core   0: 0x8000df34 (0x00002f17) auipc   t5, 0x2
core   0: 3 0x8000df34 (0x00002f17) x30 0x8000ff34
core   0: 0x8000df38 (0x0c3f2623) sw      gp, 204(t5)
core   0: 3 0x8000df38 (0x0c3f2623) mem 0x80010000 0x00000001
core   0: 0x8000df3c (0xff9ff06f) j       pc - 0x8
core   0: 3 0x8000df3c (0xff9ff06f)
core   0: 0x8000df34 (0x00002f17) auipc   t5, 0x2
core   0: 3 0x8000df34 (0x00002f17) x30 0x8000ff34
core   0: 0x8000df38 (0x0c3f2623) sw      gp, 204(t5)
core   0: 3 0x8000df38 (0x0c3f2623) mem 0x80010000 0x00000001
core   0: 0x8000df3c (0xff9ff06f) j       pc - 0x8
core   0: 3 0x8000df3c (0xff9ff06f)
core   0: 0x8000df34 (0x00002f17) auipc   t5, 0x2
core   0: 3 0x8000df34 (0x00002f17) x30 0x8000ff34
core   0: 0x8000df38 (0x0c3f2623) sw      gp, 204(t5)
core   0: 3 0x8000df38 (0x0c3f2623) mem 0x80010000 0x00000001
core   0: 0x8000df3c (0xff9ff06f) j       pc - 0x8
core   0: 3 0x8000df3c (0xff9ff06f)
core   0: 0x8000df34 (0x00002f17) auipc   t5, 0x2
core   0: 3 0x8000df34 (0x00002f17) x30 0x8000ff34
core   0: 0x8000df38 (0x0c3f2623) sw      gp, 204(t5)
core   0: 3 0x8000df38 (0x0c3f2623) mem 0x80010000 0x00000001
core   0: 0x8000df3c (0xff9ff06f) j       pc - 0x8
core   0: 3 0x8000df3c (0xff9ff06f)
core   0: 0x8000df34 (0x00002f17) auipc   t5, 0x2
core   0: 3 0x8000df34 (0x00002f17) x30 0x8000ff34
core   0: 0x8000df38 (0x0c3f2623) sw      gp, 204(t5)
core   0: 3 0x8000df38 (0x0c3f2623) mem 0x80010000 0x00000001
core   0: 0x8000df3c (0xff9ff06f) j       pc - 0x8
core   0: 3 0x8000df3c (0xff9ff06f)
core   0: 0x8000df34 (0x00002f17) auipc   t5, 0x2
core   0: 3 0x8000df34 (0x00002f17) x30 0x8000ff34
core   0: 0x8000df38 (0x0c3f2623) sw      gp, 204(t5)
core   0: 3 0x8000df38 (0x0c3f2623) mem 0x80010000 0x00000001
core   0: 0x8000df3c (0xff9ff06f) j       pc - 0x8
core   0: 3 0x8000df3c (0xff9ff06f)
core   0: 0x8000df34 (0x00002f17) auipc   t5, 0x2
core   0: 3 0x8000df34 (0x00002f17) x30 0x8000ff34
core   0: 0x8000df38 (0x0c3f2623) sw      gp, 204(t5)
core   0: 3 0x8000df38 (0x0c3f2623) mem 0x80010000 0x00000001
core   0: 0x8000df3c (0xff9ff06f) j       pc - 0x8
core   0: 3 0x8000df3c (0xff9ff06f)
core   0: 0x8000df34 (0x00002f17) auipc   t5, 0x2
core   0: 3 0x8000df34 (0x00002f17) x30 0x8000ff34
core   0: 0x8000df38 (0x0c3f2623) sw      gp, 204(t5)
core   0: 3 0x8000df38 (0x0c3f2623) mem 0x80010000 0x00000001
core   0: 0x8000df3c (0xff9ff06f) j       pc - 0x8
core   0: 3 0x8000df3c (0xff9ff06f)
core   0: 0x8000df34 (0x00002f17) auipc   t5, 0x2
core   0: 3 0x8000df34 (0x00002f17) x30 0x8000ff34
core   0: 0x8000df38 (0x0c3f2623) sw      gp, 204(t5)
core   0: 3 0x8000df38 (0x0c3f2623) mem 0x80010000 0x00000001
core   0: 0x8000df3c (0xff9ff06f) j       pc - 0x8
core   0: 3 0x8000df3c (0xff9ff06f)
core   0: 0x8000df34 (0x00002f17) auipc   t5, 0x2
core   0: 3 0x8000df34 (0x00002f17) x30 0x8000ff34
core   0: 0x8000df38 (0x0c3f2623) sw      gp, 204(t5)
core   0: 3 0x8000df38 (0x0c3f2623) mem 0x80010000 0x00000001
core   0: 0x8000df3c (0xff9ff06f) j       pc - 0x8
core   0: 3 0x8000df3c (0xff9ff06f)
core   0: 0x8000df34 (0x00002f17) auipc   t5, 0x2
core   0: 3 0x8000df34 (0x00002f17) x30 0x8000ff34
core   0: 0x8000df38 (0x0c3f2623) sw      gp, 204(t5)
core   0: 3 0x8000df38 (0x0c3f2623) mem 0x80010000 0x00000001
core   0: 0x8000df3c (0xff9ff06f) j       pc - 0x8
core   0: 3 0x8000df3c (0xff9ff06f)
core   0: 0x8000df34 (0x00002f17) auipc   t5, 0x2
core   0: 3 0x8000df34 (0x00002f17) x30 0x8000ff34
core   0: 0x8000df38 (0x0c3f2623) sw      gp, 204(t5)
core   0: 3 0x8000df38 (0x0c3f2623) mem 0x80010000 0x00000001
core   0: 0x8000df3c (0xff9ff06f) j       pc - 0x8
core   0: 3 0x8000df3c (0xff9ff06f)
core   0: 0x8000df34 (0x00002f17) auipc   t5, 0x2
core   0: 3 0x8000df34 (0x00002f17) x30 0x8000ff34
core   0: 0x8000df38 (0x0c3f2623) sw      gp, 204(t5)
core   0: 3 0x8000df38 (0x0c3f2623) mem 0x80010000 0x00000001
core   0: 0x8000df3c (0xff9ff06f) j       pc - 0x8
core   0: 3 0x8000df3c (0xff9ff06f)
core   0: 0x8000df34 (0x00002f17) auipc   t5, 0x2
core   0: 3 0x8000df34 (0x00002f17) x30 0x8000ff34
core   0: 0x8000df38 (0x0c3f2623) sw      gp, 204(t5)
core   0: 3 0x8000df38 (0x0c3f2623) mem 0x80010000 0x00000001
core   0: 0x8000df3c (0xff9ff06f) j       pc - 0x8
core   0: 3 0x8000df3c (0xff9ff06f)
core   0: 0x8000df34 (0x00002f17) auipc   t5, 0x2
core   0: 3 0x8000df34 (0x00002f17) x30 0x8000ff34
core   0: 0x8000df38 (0x0c3f2623) sw      gp, 204(t5)
core   0: 3 0x8000df38 (0x0c3f2623) mem 0x80010000 0x00000001
core   0: 0x8000df3c (0xff9ff06f) j       pc - 0x8
core   0: 3 0x8000df3c (0xff9ff06f)
core   0: 0x8000df34 (0x00002f17) auipc   t5, 0x2
core   0: 3 0x8000df34 (0x00002f17) x30 0x8000ff34
core   0: 0x8000df38 (0x0c3f2623) sw      gp, 204(t5)
core   0: 3 0x8000df38 (0x0c3f2623) mem 0x80010000 0x00000001
core   0: 0x8000df3c (0xff9ff06f) j       pc - 0x8
core   0: 3 0x8000df3c (0xff9ff06f)
core   0: 0x8000df34 (0x00002f17) auipc   t5, 0x2
core   0: 3 0x8000df34 (0x00002f17) x30 0x8000ff34
core   0: 0x8000df38 (0x0c3f2623) sw      gp, 204(t5)
core   0: 3 0x8000df38 (0x0c3f2623) mem 0x80010000 0x00000001
core   0: 0x8000df3c (0xff9ff06f) j       pc - 0x8
core   0: 3 0x8000df3c (0xff9ff06f)
core   0: 0x8000df34 (0x00002f17) auipc   t5, 0x2
core   0: 3 0x8000df34 (0x00002f17) x30 0x8000ff34
core   0: 0x8000df38 (0x0c3f2623) sw      gp, 204(t5)
core   0: 3 0x8000df38 (0x0c3f2623) mem 0x80010000 0x00000001
core   0: 0x8000df3c (0xff9ff06f) j       pc - 0x8
core   0: 3 0x8000df3c (0xff9ff06f)
core   0: 0x8000df34 (0x00002f17) auipc   t5, 0x2
core   0: 3 0x8000df34 (0x00002f17) x30 0x8000ff34
core   0: 0x8000df38 (0x0c3f2623) sw      gp, 204(t5)
core   0: 3 0x8000df38 (0x0c3f2623) mem 0x80010000 0x00000001
core   0: 0x8000df3c (0xff9ff06f) j       pc - 0x8
core   0: 3 0x8000df3c (0xff9ff06f)
core   0: 0x8000df34 (0x00002f17) auipc   t5, 0x2
core   0: 3 0x8000df34 (0x00002f17) x30 0x8000ff34
core   0: 0x8000df38 (0x0c3f2623) sw      gp, 204(t5)
core   0: 3 0x8000df38 (0x0c3f2623) mem 0x80010000 0x00000001
core   0: 0x8000df3c (0xff9ff06f) j       pc - 0x8
core   0: 3 0x8000df3c (0xff9ff06f)
core   0: 0x8000df34 (0x00002f17) auipc   t5, 0x2
core   0: 3 0x8000df34 (0x00002f17) x30 0x8000ff34
core   0: 0x8000df38 (0x0c3f2623) sw      gp, 204(t5)
core   0: 3 0x8000df38 (0x0c3f2623) mem 0x80010000 0x00000001
core   0: 0x8000df3c (0xff9ff06f) j       pc - 0x8
core   0: 3 0x8000df3c (0xff9ff06f)
core   0: 0x8000df34 (0x00002f17) auipc   t5, 0x2
core   0: 3 0x8000df34 (0x00002f17) x30 0x8000ff34
core   0: 0x8000df38 (0x0c3f2623) sw      gp, 204(t5)
core   0: 3 0x8000df38 (0x0c3f2623) mem 0x80010000 0x00000001
core   0: 0x8000df3c (0xff9ff06f) j       pc - 0x8
core   0: 3 0x8000df3c (0xff9ff06f)
core   0: 0x8000df34 (0x00002f17) auipc   t5, 0x2
core   0: 3 0x8000df34 (0x00002f17) x30 0x8000ff34
core   0: 0x8000df38 (0x0c3f2623) sw      gp, 204(t5)
core   0: 3 0x8000df38 (0x0c3f2623) mem 0x80010000 0x00000001
core   0: 0x8000df3c (0xff9ff06f) j       pc - 0x8
core   0: 3 0x8000df3c (0xff9ff06f)
core   0: 0x8000df34 (0x00002f17) auipc   t5, 0x2
core   0: 3 0x8000df34 (0x00002f17) x30 0x8000ff34
core   0: 0x8000df38 (0x0c3f2623) sw      gp, 204(t5)
core   0: 3 0x8000df38 (0x0c3f2623) mem 0x80010000 0x00000001
core   0: 0x8000df3c (0xff9ff06f) j       pc - 0x8
core   0: 3 0x8000df3c (0xff9ff06f)
core   0: 0x8000df34 (0x00002f17) auipc   t5, 0x2
core   0: 3 0x8000df34 (0x00002f17) x30 0x8000ff34
core   0: 0x8000df38 (0x0c3f2623) sw      gp, 204(t5)
core   0: 3 0x8000df38 (0x0c3f2623) mem 0x80010000 0x00000001
core   0: 0x8000df3c (0xff9ff06f) j       pc - 0x8
core   0: 3 0x8000df3c (0xff9ff06f)
core   0: 0x8000df34 (0x00002f17) auipc   t5, 0x2
core   0: 3 0x8000df34 (0x00002f17) x30 0x8000ff34
core   0: 0x8000df38 (0x0c3f2623) sw      gp, 204(t5)
core   0: 3 0x8000df38 (0x0c3f2623) mem 0x80010000 0x00000001
core   0: 0x8000df3c (0xff9ff06f) j       pc - 0x8
core   0: 3 0x8000df3c (0xff9ff06f)
core   0: 0x8000df34 (0x00002f17) auipc   t5, 0x2
core   0: 3 0x8000df34 (0x00002f17) x30 0x8000ff34
core   0: 0x8000df38 (0x0c3f2623) sw      gp, 204(t5)
core   0: 3 0x8000df38 (0x0c3f2623) mem 0x80010000 0x00000001
core   0: 0x8000df3c (0xff9ff06f) j       pc - 0x8
core   0: 3 0x8000df3c (0xff9ff06f)
core   0: 0x8000df34 (0x00002f17) auipc   t5, 0x2
core   0: 3 0x8000df34 (0x00002f17) x30 0x8000ff34
core   0: 0x8000df38 (0x0c3f2623) sw      gp, 204(t5)
core   0: 3 0x8000df38 (0x0c3f2623) mem 0x80010000 0x00000001
core   0: 0x8000df3c (0xff9ff06f) j       pc - 0x8
core   0: 3 0x8000df3c (0xff9ff06f)
core   0: 0x8000df34 (0x00002f17) auipc   t5, 0x2
core   0: 3 0x8000df34 (0x00002f17) x30 0x8000ff34
core   0: 0x8000df38 (0x0c3f2623) sw      gp, 204(t5)
core   0: 3 0x8000df38 (0x0c3f2623) mem 0x80010000 0x00000001
core   0: 0x8000df3c (0xff9ff06f) j       pc - 0x8
core   0: 3 0x8000df3c (0xff9ff06f)
core   0: 0x8000df34 (0x00002f17) auipc   t5, 0x2
core   0: 3 0x8000df34 (0x00002f17) x30 0x8000ff34
core   0: 0x8000df38 (0x0c3f2623) sw      gp, 204(t5)
core   0: 3 0x8000df38 (0x0c3f2623) mem 0x80010000 0x00000001
core   0: 0x8000df3c (0xff9ff06f) j       pc - 0x8
core   0: 3 0x8000df3c (0xff9ff06f)
core   0: 0x8000df34 (0x00002f17) auipc   t5, 0x2
core   0: 3 0x8000df34 (0x00002f17) x30 0x8000ff34
core   0: 0x8000df38 (0x0c3f2623) sw      gp, 204(t5)
core   0: 3 0x8000df38 (0x0c3f2623) mem 0x80010000 0x00000001
core   0: 0x8000df3c (0xff9ff06f) j       pc - 0x8
core   0: 3 0x8000df3c (0xff9ff06f)
core   0: 0x8000df34 (0x00002f17) auipc   t5, 0x2
core   0: 3 0x8000df34 (0x00002f17) x30 0x8000ff34
core   0: 0x8000df38 (0x0c3f2623) sw      gp, 204(t5)
core   0: 3 0x8000df38 (0x0c3f2623) mem 0x80010000 0x00000001
core   0: 0x8000df3c (0xff9ff06f) j       pc - 0x8
core   0: 3 0x8000df3c (0xff9ff06f)
core   0: 0x8000df34 (0x00002f17) auipc   t5, 0x2
core   0: 3 0x8000df34 (0x00002f17) x30 0x8000ff34
core   0: 0x8000df38 (0x0c3f2623) sw      gp, 204(t5)
core   0: 3 0x8000df38 (0x0c3f2623) mem 0x80010000 0x00000001
core   0: 0x8000df3c (0xff9ff06f) j       pc - 0x8
core   0: 3 0x8000df3c (0xff9ff06f)
core   0: 0x8000df34 (0x00002f17) auipc   t5, 0x2
core   0: 3 0x8000df34 (0x00002f17) x30 0x8000ff34
core   0: 0x8000df38 (0x0c3f2623) sw      gp, 204(t5)
core   0: 3 0x8000df38 (0x0c3f2623) mem 0x80010000 0x00000001
core   0: 0x8000df3c (0xff9ff06f) j       pc - 0x8
core   0: 3 0x8000df3c (0xff9ff06f)
core   0: 0x8000df34 (0x00002f17) auipc   t5, 0x2
core   0: 3 0x8000df34 (0x00002f17) x30 0x8000ff34
core   0: 0x8000df38 (0x0c3f2623) sw      gp, 204(t5)
core   0: 3 0x8000df38 (0x0c3f2623) mem 0x80010000 0x00000001
core   0: 0x8000df3c (0xff9ff06f) j       pc - 0x8
core   0: 3 0x8000df3c (0xff9ff06f)
core   0: 0x8000df34 (0x00002f17) auipc   t5, 0x2
core   0: 3 0x8000df34 (0x00002f17) x30 0x8000ff34
core   0: 0x8000df38 (0x0c3f2623) sw      gp, 204(t5)
core   0: 3 0x8000df38 (0x0c3f2623) mem 0x80010000 0x00000001
core   0: 0x8000df3c (0xff9ff06f) j       pc - 0x8
core   0: 3 0x8000df3c (0xff9ff06f)
core   0: 0x8000df34 (0x00002f17) auipc   t5, 0x2
core   0: 3 0x8000df34 (0x00002f17) x30 0x8000ff34
core   0: 0x8000df38 (0x0c3f2623) sw      gp, 204(t5)
core   0: 3 0x8000df38 (0x0c3f2623) mem 0x80010000 0x00000001
core   0: 0x8000df3c (0xff9ff06f) j       pc - 0x8
core   0: 3 0x8000df3c (0xff9ff06f)
core   0: 0x8000df34 (0x00002f17) auipc   t5, 0x2
core   0: 3 0x8000df34 (0x00002f17) x30 0x8000ff34
core   0: 0x8000df38 (0x0c3f2623) sw      gp, 204(t5)
core   0: 3 0x8000df38 (0x0c3f2623) mem 0x80010000 0x00000001
core   0: 0x8000df3c (0xff9ff06f) j       pc - 0x8
core   0: 3 0x8000df3c (0xff9ff06f)
core   0: 0x8000df34 (0x00002f17) auipc   t5, 0x2
core   0: 3 0x8000df34 (0x00002f17) x30 0x8000ff34
core   0: 0x8000df38 (0x0c3f2623) sw      gp, 204(t5)
core   0: 3 0x8000df38 (0x0c3f2623) mem 0x80010000 0x00000001
core   0: 0x8000df3c (0xff9ff06f) j       pc - 0x8
core   0: 3 0x8000df3c (0xff9ff06f)
core   0: 0x8000df34 (0x00002f17) auipc   t5, 0x2
core   0: 3 0x8000df34 (0x00002f17) x30 0x8000ff34
core   0: 0x8000df38 (0x0c3f2623) sw      gp, 204(t5)
core   0: 3 0x8000df38 (0x0c3f2623) mem 0x80010000 0x00000001
core   0: 0x8000df3c (0xff9ff06f) j       pc - 0x8
core   0: 3 0x8000df3c (0xff9ff06f)
core   0: 0x8000df34 (0x00002f17) auipc   t5, 0x2
core   0: 3 0x8000df34 (0x00002f17) x30 0x8000ff34
core   0: 0x8000df38 (0x0c3f2623) sw      gp, 204(t5)
core   0: 3 0x8000df38 (0x0c3f2623) mem 0x80010000 0x00000001
core   0: 0x8000df3c (0xff9ff06f) j       pc - 0x8
core   0: 3 0x8000df3c (0xff9ff06f)
core   0: 0x8000df34 (0x00002f17) auipc   t5, 0x2
core   0: 3 0x8000df34 (0x00002f17) x30 0x8000ff34
core   0: 0x8000df38 (0x0c3f2623) sw      gp, 204(t5)
core   0: 3 0x8000df38 (0x0c3f2623) mem 0x80010000 0x00000001
core   0: 0x8000df3c (0xff9ff06f) j       pc - 0x8
core   0: 3 0x8000df3c (0xff9ff06f)
core   0: 0x8000df34 (0x00002f17) auipc   t5, 0x2
core   0: 3 0x8000df34 (0x00002f17) x30 0x8000ff34
core   0: 0x8000df38 (0x0c3f2623) sw      gp, 204(t5)
core   0: 3 0x8000df38 (0x0c3f2623) mem 0x80010000 0x00000001
core   0: 0x8000df3c (0xff9ff06f) j       pc - 0x8
core   0: 3 0x8000df3c (0xff9ff06f)
core   0: 0x8000df34 (0x00002f17) auipc   t5, 0x2
core   0: 3 0x8000df34 (0x00002f17) x30 0x8000ff34
core   0: 0x8000df38 (0x0c3f2623) sw      gp, 204(t5)
core   0: 3 0x8000df38 (0x0c3f2623) mem 0x80010000 0x00000001
core   0: 0x8000df3c (0xff9ff06f) j       pc - 0x8
core   0: 3 0x8000df3c (0xff9ff06f)
core   0: 0x8000df34 (0x00002f17) auipc   t5, 0x2
core   0: 3 0x8000df34 (0x00002f17) x30 0x8000ff34
core   0: 0x8000df38 (0x0c3f2623) sw      gp, 204(t5)
core   0: 3 0x8000df38 (0x0c3f2623) mem 0x80010000 0x00000001
core   0: 0x8000df3c (0xff9ff06f) j       pc - 0x8
core   0: 3 0x8000df3c (0xff9ff06f)
core   0: 0x8000df34 (0x00002f17) auipc   t5, 0x2
core   0: 3 0x8000df34 (0x00002f17) x30 0x8000ff34
core   0: 0x8000df38 (0x0c3f2623) sw      gp, 204(t5)
core   0: 3 0x8000df38 (0x0c3f2623) mem 0x80010000 0x00000001
core   0: 0x8000df3c (0xff9ff06f) j       pc - 0x8
core   0: 3 0x8000df3c (0xff9ff06f)
core   0: 0x8000df34 (0x00002f17) auipc   t5, 0x2
core   0: 3 0x8000df34 (0x00002f17) x30 0x8000ff34
core   0: 0x8000df38 (0x0c3f2623) sw      gp, 204(t5)
core   0: 3 0x8000df38 (0x0c3f2623) mem 0x80010000 0x00000001
core   0: 0x8000df3c (0xff9ff06f) j       pc - 0x8
core   0: 3 0x8000df3c (0xff9ff06f)
core   0: 0x8000df34 (0x00002f17) auipc   t5, 0x2
core   0: 3 0x8000df34 (0x00002f17) x30 0x8000ff34
core   0: 0x8000df38 (0x0c3f2623) sw      gp, 204(t5)
core   0: 3 0x8000df38 (0x0c3f2623) mem 0x80010000 0x00000001
core   0: 0x8000df3c (0xff9ff06f) j       pc - 0x8
core   0: 3 0x8000df3c (0xff9ff06f)
core   0: 0x8000df34 (0x00002f17) auipc   t5, 0x2
core   0: 3 0x8000df34 (0x00002f17) x30 0x8000ff34
core   0: 0x8000df38 (0x0c3f2623) sw      gp, 204(t5)
core   0: 3 0x8000df38 (0x0c3f2623) mem 0x80010000 0x00000001
core   0: 0x8000df3c (0xff9ff06f) j       pc - 0x8
core   0: 3 0x8000df3c (0xff9ff06f)
core   0: 0x8000df34 (0x00002f17) auipc   t5, 0x2
core   0: 3 0x8000df34 (0x00002f17) x30 0x8000ff34
core   0: 0x8000df38 (0x0c3f2623) sw      gp, 204(t5)
core   0: 3 0x8000df38 (0x0c3f2623) mem 0x80010000 0x00000001
core   0: 0x8000df3c (0xff9ff06f) j       pc - 0x8
core   0: 3 0x8000df3c (0xff9ff06f)
core   0: 0x8000df34 (0x00002f17) auipc   t5, 0x2
core   0: 3 0x8000df34 (0x00002f17) x30 0x8000ff34
core   0: 0x8000df38 (0x0c3f2623) sw      gp, 204(t5)
core   0: 3 0x8000df38 (0x0c3f2623) mem 0x80010000 0x00000001
core   0: 0x8000df3c (0xff9ff06f) j       pc - 0x8
core   0: 3 0x8000df3c (0xff9ff06f)
core   0: 0x8000df34 (0x00002f17) auipc   t5, 0x2
core   0: 3 0x8000df34 (0x00002f17) x30 0x8000ff34
core   0: 0x8000df38 (0x0c3f2623) sw      gp, 204(t5)
core   0: 3 0x8000df38 (0x0c3f2623) mem 0x80010000 0x00000001
core   0: 0x8000df3c (0xff9ff06f) j       pc - 0x8
core   0: 3 0x8000df3c (0xff9ff06f)
core   0: 0x8000df34 (0x00002f17) auipc   t5, 0x2
core   0: 3 0x8000df34 (0x00002f17) x30 0x8000ff34
core   0: 0x8000df38 (0x0c3f2623) sw      gp, 204(t5)
core   0: 3 0x8000df38 (0x0c3f2623) mem 0x80010000 0x00000001
core   0: 0x8000df3c (0xff9ff06f) j       pc - 0x8
core   0: 3 0x8000df3c (0xff9ff06f)
core   0: 0x8000df34 (0x00002f17) auipc   t5, 0x2
core   0: 3 0x8000df34 (0x00002f17) x30 0x8000ff34
core   0: 0x8000df38 (0x0c3f2623) sw      gp, 204(t5)
core   0: 3 0x8000df38 (0x0c3f2623) mem 0x80010000 0x00000001
core   0: 0x8000df3c (0xff9ff06f) j       pc - 0x8
core   0: 3 0x8000df3c (0xff9ff06f)
core   0: 0x8000df34 (0x00002f17) auipc   t5, 0x2
core   0: 3 0x8000df34 (0x00002f17) x30 0x8000ff34
core   0: 0x8000df38 (0x0c3f2623) sw      gp, 204(t5)
core   0: 3 0x8000df38 (0x0c3f2623) mem 0x80010000 0x00000001
core   0: 0x8000df3c (0xff9ff06f) j       pc - 0x8
core   0: 3 0x8000df3c (0xff9ff06f)
core   0: 0x8000df34 (0x00002f17) auipc   t5, 0x2
core   0: 3 0x8000df34 (0x00002f17) x30 0x8000ff34
core   0: 0x8000df38 (0x0c3f2623) sw      gp, 204(t5)
core   0: 3 0x8000df38 (0x0c3f2623) mem 0x80010000 0x00000001
core   0: 0x8000df3c (0xff9ff06f) j       pc - 0x8
core   0: 3 0x8000df3c (0xff9ff06f)
core   0: 0x8000df34 (0x00002f17) auipc   t5, 0x2
core   0: 3 0x8000df34 (0x00002f17) x30 0x8000ff34
core   0: 0x8000df38 (0x0c3f2623) sw      gp, 204(t5)
core   0: 3 0x8000df38 (0x0c3f2623) mem 0x80010000 0x00000001
core   0: 0x8000df3c (0xff9ff06f) j       pc - 0x8
core   0: 3 0x8000df3c (0xff9ff06f)
core   0: 0x8000df34 (0x00002f17) auipc   t5, 0x2
core   0: 3 0x8000df34 (0x00002f17) x30 0x8000ff34
core   0: 0x8000df38 (0x0c3f2623) sw      gp, 204(t5)
core   0: 3 0x8000df38 (0x0c3f2623) mem 0x80010000 0x00000001
core   0: 0x8000df3c (0xff9ff06f) j       pc - 0x8
core   0: 3 0x8000df3c (0xff9ff06f)
core   0: 0x8000df34 (0x00002f17) auipc   t5, 0x2
core   0: 3 0x8000df34 (0x00002f17) x30 0x8000ff34
core   0: 0x8000df38 (0x0c3f2623) sw      gp, 204(t5)
core   0: 3 0x8000df38 (0x0c3f2623) mem 0x80010000 0x00000001
core   0: 0x8000df3c (0xff9ff06f) j       pc - 0x8
core   0: 3 0x8000df3c (0xff9ff06f)
core   0: 0x8000df34 (0x00002f17) auipc   t5, 0x2
core   0: 3 0x8000df34 (0x00002f17) x30 0x8000ff34
core   0: 0x8000df38 (0x0c3f2623) sw      gp, 204(t5)
core   0: 3 0x8000df38 (0x0c3f2623) mem 0x80010000 0x00000001
core   0: 0x8000df3c (0xff9ff06f) j       pc - 0x8
core   0: 3 0x8000df3c (0xff9ff06f)
core   0: 0x8000df34 (0x00002f17) auipc   t5, 0x2
core   0: 3 0x8000df34 (0x00002f17) x30 0x8000ff34
core   0: 0x8000df38 (0x0c3f2623) sw      gp, 204(t5)
core   0: 3 0x8000df38 (0x0c3f2623) mem 0x80010000 0x00000001
core   0: 0x8000df3c (0xff9ff06f) j       pc - 0x8
core   0: 3 0x8000df3c (0xff9ff06f)
core   0: 0x8000df34 (0x00002f17) auipc   t5, 0x2
core   0: 3 0x8000df34 (0x00002f17) x30 0x8000ff34
core   0: 0x8000df38 (0x0c3f2623) sw      gp, 204(t5)
core   0: 3 0x8000df38 (0x0c3f2623) mem 0x80010000 0x00000001
core   0: 0x8000df3c (0xff9ff06f) j       pc - 0x8
core   0: 3 0x8000df3c (0xff9ff06f)
core   0: 0x8000df34 (0x00002f17) auipc   t5, 0x2
core   0: 3 0x8000df34 (0x00002f17) x30 0x8000ff34
core   0: 0x8000df38 (0x0c3f2623) sw      gp, 204(t5)
core   0: 3 0x8000df38 (0x0c3f2623) mem 0x80010000 0x00000001
core   0: 0x8000df3c (0xff9ff06f) j       pc - 0x8
core   0: 3 0x8000df3c (0xff9ff06f)
core   0: 0x8000df34 (0x00002f17) auipc   t5, 0x2
core   0: 3 0x8000df34 (0x00002f17) x30 0x8000ff34
core   0: 0x8000df38 (0x0c3f2623) sw      gp, 204(t5)
core   0: 3 0x8000df38 (0x0c3f2623) mem 0x80010000 0x00000001
core   0: 0x8000df3c (0xff9ff06f) j       pc - 0x8
core   0: 3 0x8000df3c (0xff9ff06f)
core   0: 0x8000df34 (0x00002f17) auipc   t5, 0x2
core   0: 3 0x8000df34 (0x00002f17) x30 0x8000ff34
core   0: 0x8000df38 (0x0c3f2623) sw      gp, 204(t5)
core   0: 3 0x8000df38 (0x0c3f2623) mem 0x80010000 0x00000001
core   0: 0x8000df3c (0xff9ff06f) j       pc - 0x8
core   0: 3 0x8000df3c (0xff9ff06f)
core   0: 0x8000df34 (0x00002f17) auipc   t5, 0x2
core   0: 3 0x8000df34 (0x00002f17) x30 0x8000ff34
core   0: 0x8000df38 (0x0c3f2623) sw      gp, 204(t5)
core   0: 3 0x8000df38 (0x0c3f2623) mem 0x80010000 0x00000001
core   0: 0x8000df3c (0xff9ff06f) j       pc - 0x8
core   0: 3 0x8000df3c (0xff9ff06f)
core   0: 0x8000df34 (0x00002f17) auipc   t5, 0x2
core   0: 3 0x8000df34 (0x00002f17) x30 0x8000ff34
core   0: 0x8000df38 (0x0c3f2623) sw      gp, 204(t5)
core   0: 3 0x8000df38 (0x0c3f2623) mem 0x80010000 0x00000001
core   0: 0x8000df3c (0xff9ff06f) j       pc - 0x8
core   0: 3 0x8000df3c (0xff9ff06f)
core   0: 0x8000df34 (0x00002f17) auipc   t5, 0x2
core   0: 3 0x8000df34 (0x00002f17) x30 0x8000ff34
core   0: 0x8000df38 (0x0c3f2623) sw      gp, 204(t5)
core   0: 3 0x8000df38 (0x0c3f2623) mem 0x80010000 0x00000001
core   0: 0x8000df3c (0xff9ff06f) j       pc - 0x8
core   0: 3 0x8000df3c (0xff9ff06f)
core   0: 0x8000df34 (0x00002f17) auipc   t5, 0x2
core   0: 3 0x8000df34 (0x00002f17) x30 0x8000ff34
core   0: 0x8000df38 (0x0c3f2623) sw      gp, 204(t5)
core   0: 3 0x8000df38 (0x0c3f2623) mem 0x80010000 0x00000001
core   0: 0x8000df3c (0xff9ff06f) j       pc - 0x8
core   0: 3 0x8000df3c (0xff9ff06f)
core   0: 0x8000df34 (0x00002f17) auipc   t5, 0x2
core   0: 3 0x8000df34 (0x00002f17) x30 0x8000ff34
core   0: 0x8000df38 (0x0c3f2623) sw      gp, 204(t5)
core   0: 3 0x8000df38 (0x0c3f2623) mem 0x80010000 0x00000001
core   0: 0x8000df3c (0xff9ff06f) j       pc - 0x8
core   0: 3 0x8000df3c (0xff9ff06f)
core   0: 0x8000df34 (0x00002f17) auipc   t5, 0x2
core   0: 3 0x8000df34 (0x00002f17) x30 0x8000ff34
core   0: 0x8000df38 (0x0c3f2623) sw      gp, 204(t5)
core   0: 3 0x8000df38 (0x0c3f2623) mem 0x80010000 0x00000001
core   0: 0x8000df3c (0xff9ff06f) j       pc - 0x8
core   0: 3 0x8000df3c (0xff9ff06f)
core   0: 0x8000df34 (0x00002f17) auipc   t5, 0x2
core   0: 3 0x8000df34 (0x00002f17) x30 0x8000ff34
core   0: 0x8000df38 (0x0c3f2623) sw      gp, 204(t5)
core   0: 3 0x8000df38 (0x0c3f2623) mem 0x80010000 0x00000001
core   0: 0x8000df3c (0xff9ff06f) j       pc - 0x8
core   0: 3 0x8000df3c (0xff9ff06f)
core   0: 0x8000df34 (0x00002f17) auipc   t5, 0x2
core   0: 3 0x8000df34 (0x00002f17) x30 0x8000ff34
core   0: 0x8000df38 (0x0c3f2623) sw      gp, 204(t5)
core   0: 3 0x8000df38 (0x0c3f2623) mem 0x80010000 0x00000001
core   0: 0x8000df3c (0xff9ff06f) j       pc - 0x8
core   0: 3 0x8000df3c (0xff9ff06f)
core   0: 0x8000df34 (0x00002f17) auipc   t5, 0x2
core   0: 3 0x8000df34 (0x00002f17) x30 0x8000ff34
core   0: 0x8000df38 (0x0c3f2623) sw      gp, 204(t5)
core   0: 3 0x8000df38 (0x0c3f2623) mem 0x80010000 0x00000001
core   0: 0x8000df3c (0xff9ff06f) j       pc - 0x8
core   0: 3 0x8000df3c (0xff9ff06f)
core   0: 0x8000df34 (0x00002f17) auipc   t5, 0x2
core   0: 3 0x8000df34 (0x00002f17) x30 0x8000ff34
core   0: 0x8000df38 (0x0c3f2623) sw      gp, 204(t5)
core   0: 3 0x8000df38 (0x0c3f2623) mem 0x80010000 0x00000001
core   0: 0x8000df3c (0xff9ff06f) j       pc - 0x8
core   0: 3 0x8000df3c (0xff9ff06f)
core   0: 0x8000df34 (0x00002f17) auipc   t5, 0x2
core   0: 3 0x8000df34 (0x00002f17) x30 0x8000ff34
core   0: 0x8000df38 (0x0c3f2623) sw      gp, 204(t5)
core   0: 3 0x8000df38 (0x0c3f2623) mem 0x80010000 0x00000001
core   0: 0x8000df3c (0xff9ff06f) j       pc - 0x8
core   0: 3 0x8000df3c (0xff9ff06f)
core   0: 0x8000df34 (0x00002f17) auipc   t5, 0x2
core   0: 3 0x8000df34 (0x00002f17) x30 0x8000ff34
core   0: 0x8000df38 (0x0c3f2623) sw      gp, 204(t5)
core   0: 3 0x8000df38 (0x0c3f2623) mem 0x80010000 0x00000001
core   0: 0x8000df3c (0xff9ff06f) j       pc - 0x8
core   0: 3 0x8000df3c (0xff9ff06f)
core   0: 0x8000df34 (0x00002f17) auipc   t5, 0x2
core   0: 3 0x8000df34 (0x00002f17) x30 0x8000ff34
core   0: 0x8000df38 (0x0c3f2623) sw      gp, 204(t5)
core   0: 3 0x8000df38 (0x0c3f2623) mem 0x80010000 0x00000001
core   0: 0x8000df3c (0xff9ff06f) j       pc - 0x8
core   0: 3 0x8000df3c (0xff9ff06f)
core   0: 0x8000df34 (0x00002f17) auipc   t5, 0x2
core   0: 3 0x8000df34 (0x00002f17) x30 0x8000ff34
core   0: 0x8000df38 (0x0c3f2623) sw      gp, 204(t5)
core   0: 3 0x8000df38 (0x0c3f2623) mem 0x80010000 0x00000001
core   0: 0x8000df3c (0xff9ff06f) j       pc - 0x8
core   0: 3 0x8000df3c (0xff9ff06f)
core   0: 0x8000df34 (0x00002f17) auipc   t5, 0x2
core   0: 3 0x8000df34 (0x00002f17) x30 0x8000ff34
core   0: 0x8000df38 (0x0c3f2623) sw      gp, 204(t5)
core   0: 3 0x8000df38 (0x0c3f2623) mem 0x80010000 0x00000001
core   0: 0x8000df3c (0xff9ff06f) j       pc - 0x8
core   0: 3 0x8000df3c (0xff9ff06f)
core   0: 0x8000df34 (0x00002f17) auipc   t5, 0x2
core   0: 3 0x8000df34 (0x00002f17) x30 0x8000ff34
core   0: 0x8000df38 (0x0c3f2623) sw      gp, 204(t5)
core   0: 3 0x8000df38 (0x0c3f2623) mem 0x80010000 0x00000001
core   0: 0x8000df3c (0xff9ff06f) j       pc - 0x8
core   0: 3 0x8000df3c (0xff9ff06f)
core   0: 0x8000df34 (0x00002f17) auipc   t5, 0x2
core   0: 3 0x8000df34 (0x00002f17) x30 0x8000ff34
core   0: 0x8000df38 (0x0c3f2623) sw      gp, 204(t5)
core   0: 3 0x8000df38 (0x0c3f2623) mem 0x80010000 0x00000001
core   0: 0x8000df3c (0xff9ff06f) j       pc - 0x8
core   0: 3 0x8000df3c (0xff9ff06f)
core   0: 0x8000df34 (0x00002f17) auipc   t5, 0x2
core   0: 3 0x8000df34 (0x00002f17) x30 0x8000ff34
core   0: 0x8000df38 (0x0c3f2623) sw      gp, 204(t5)
core   0: 3 0x8000df38 (0x0c3f2623) mem 0x80010000 0x00000001
core   0: 0x8000df3c (0xff9ff06f) j       pc - 0x8
core   0: 3 0x8000df3c (0xff9ff06f)
core   0: 0x8000df34 (0x00002f17) auipc   t5, 0x2
core   0: 3 0x8000df34 (0x00002f17) x30 0x8000ff34
core   0: 0x8000df38 (0x0c3f2623) sw      gp, 204(t5)
core   0: 3 0x8000df38 (0x0c3f2623) mem 0x80010000 0x00000001
core   0: 0x8000df3c (0xff9ff06f) j       pc - 0x8
core   0: 3 0x8000df3c (0xff9ff06f)
core   0: 0x8000df34 (0x00002f17) auipc   t5, 0x2
core   0: 3 0x8000df34 (0x00002f17) x30 0x8000ff34
core   0: 0x8000df38 (0x0c3f2623) sw      gp, 204(t5)
core   0: 3 0x8000df38 (0x0c3f2623) mem 0x80010000 0x00000001
core   0: 0x8000df3c (0xff9ff06f) j       pc - 0x8
core   0: 3 0x8000df3c (0xff9ff06f)
core   0: 0x8000df34 (0x00002f17) auipc   t5, 0x2
core   0: 3 0x8000df34 (0x00002f17) x30 0x8000ff34
core   0: 0x8000df38 (0x0c3f2623) sw      gp, 204(t5)
core   0: 3 0x8000df38 (0x0c3f2623) mem 0x80010000 0x00000001
core   0: 0x8000df3c (0xff9ff06f) j       pc - 0x8
core   0: 3 0x8000df3c (0xff9ff06f)
core   0: 0x8000df34 (0x00002f17) auipc   t5, 0x2
core   0: 3 0x8000df34 (0x00002f17) x30 0x8000ff34
core   0: 0x8000df38 (0x0c3f2623) sw      gp, 204(t5)
core   0: 3 0x8000df38 (0x0c3f2623) mem 0x80010000 0x00000001
core   0: 0x8000df3c (0xff9ff06f) j       pc - 0x8
core   0: 3 0x8000df3c (0xff9ff06f)
core   0: 0x8000df34 (0x00002f17) auipc   t5, 0x2
core   0: 3 0x8000df34 (0x00002f17) x30 0x8000ff34
core   0: 0x8000df38 (0x0c3f2623) sw      gp, 204(t5)
core   0: 3 0x8000df38 (0x0c3f2623) mem 0x80010000 0x00000001
core   0: 0x8000df3c (0xff9ff06f) j       pc - 0x8
core   0: 3 0x8000df3c (0xff9ff06f)
core   0: 0x8000df34 (0x00002f17) auipc   t5, 0x2
core   0: 3 0x8000df34 (0x00002f17) x30 0x8000ff34
core   0: 0x8000df38 (0x0c3f2623) sw      gp, 204(t5)
core   0: 3 0x8000df38 (0x0c3f2623) mem 0x80010000 0x00000001
core   0: 0x8000df3c (0xff9ff06f) j       pc - 0x8
core   0: 3 0x8000df3c (0xff9ff06f)
core   0: 0x8000df34 (0x00002f17) auipc   t5, 0x2
core   0: 3 0x8000df34 (0x00002f17) x30 0x8000ff34
core   0: 0x8000df38 (0x0c3f2623) sw      gp, 204(t5)
core   0: 3 0x8000df38 (0x0c3f2623) mem 0x80010000 0x00000001
core   0: 0x8000df3c (0xff9ff06f) j       pc - 0x8
core   0: 3 0x8000df3c (0xff9ff06f)
core   0: 0x8000df34 (0x00002f17) auipc   t5, 0x2
core   0: 3 0x8000df34 (0x00002f17) x30 0x8000ff34
core   0: 0x8000df38 (0x0c3f2623) sw      gp, 204(t5)
core   0: 3 0x8000df38 (0x0c3f2623) mem 0x80010000 0x00000001
core   0: 0x8000df3c (0xff9ff06f) j       pc - 0x8
core   0: 3 0x8000df3c (0xff9ff06f)
core   0: 0x8000df34 (0x00002f17) auipc   t5, 0x2
core   0: 3 0x8000df34 (0x00002f17) x30 0x8000ff34
core   0: 0x8000df38 (0x0c3f2623) sw      gp, 204(t5)
core   0: 3 0x8000df38 (0x0c3f2623) mem 0x80010000 0x00000001
core   0: 0x8000df3c (0xff9ff06f) j       pc - 0x8
core   0: 3 0x8000df3c (0xff9ff06f)
core   0: 0x8000df34 (0x00002f17) auipc   t5, 0x2
core   0: 3 0x8000df34 (0x00002f17) x30 0x8000ff34
core   0: 0x8000df38 (0x0c3f2623) sw      gp, 204(t5)
core   0: 3 0x8000df38 (0x0c3f2623) mem 0x80010000 0x00000001
core   0: 0x8000df3c (0xff9ff06f) j       pc - 0x8
core   0: 3 0x8000df3c (0xff9ff06f)
core   0: 0x8000df34 (0x00002f17) auipc   t5, 0x2
core   0: 3 0x8000df34 (0x00002f17) x30 0x8000ff34
core   0: 0x8000df38 (0x0c3f2623) sw      gp, 204(t5)
core   0: 3 0x8000df38 (0x0c3f2623) mem 0x80010000 0x00000001
core   0: 0x8000df3c (0xff9ff06f) j       pc - 0x8
core   0: 3 0x8000df3c (0xff9ff06f)
core   0: 0x8000df34 (0x00002f17) auipc   t5, 0x2
core   0: 3 0x8000df34 (0x00002f17) x30 0x8000ff34
core   0: 0x8000df38 (0x0c3f2623) sw      gp, 204(t5)
core   0: 3 0x8000df38 (0x0c3f2623) mem 0x80010000 0x00000001
core   0: 0x8000df3c (0xff9ff06f) j       pc - 0x8
core   0: 3 0x8000df3c (0xff9ff06f)
core   0: 0x8000df34 (0x00002f17) auipc   t5, 0x2
core   0: 3 0x8000df34 (0x00002f17) x30 0x8000ff34
core   0: 0x8000df38 (0x0c3f2623) sw      gp, 204(t5)
core   0: 3 0x8000df38 (0x0c3f2623) mem 0x80010000 0x00000001
core   0: 0x8000df3c (0xff9ff06f) j       pc - 0x8
core   0: 3 0x8000df3c (0xff9ff06f)
core   0: 0x8000df34 (0x00002f17) auipc   t5, 0x2
core   0: 3 0x8000df34 (0x00002f17) x30 0x8000ff34
core   0: 0x8000df38 (0x0c3f2623) sw      gp, 204(t5)
core   0: 3 0x8000df38 (0x0c3f2623) mem 0x80010000 0x00000001
core   0: 0x8000df3c (0xff9ff06f) j       pc - 0x8
core   0: 3 0x8000df3c (0xff9ff06f)
core   0: 0x8000df34 (0x00002f17) auipc   t5, 0x2
core   0: 3 0x8000df34 (0x00002f17) x30 0x8000ff34
core   0: 0x8000df38 (0x0c3f2623) sw      gp, 204(t5)
core   0: 3 0x8000df38 (0x0c3f2623) mem 0x80010000 0x00000001
core   0: 0x8000df3c (0xff9ff06f) j       pc - 0x8
core   0: 3 0x8000df3c (0xff9ff06f)
core   0: 0x8000df34 (0x00002f17) auipc   t5, 0x2
core   0: 3 0x8000df34 (0x00002f17) x30 0x8000ff34
core   0: 0x8000df38 (0x0c3f2623) sw      gp, 204(t5)
core   0: 3 0x8000df38 (0x0c3f2623) mem 0x80010000 0x00000001
core   0: 0x8000df3c (0xff9ff06f) j       pc - 0x8
core   0: 3 0x8000df3c (0xff9ff06f)
core   0: 0x8000df34 (0x00002f17) auipc   t5, 0x2
core   0: 3 0x8000df34 (0x00002f17) x30 0x8000ff34
core   0: 0x8000df38 (0x0c3f2623) sw      gp, 204(t5)
core   0: 3 0x8000df38 (0x0c3f2623) mem 0x80010000 0x00000001
core   0: 0x8000df3c (0xff9ff06f) j       pc - 0x8
core   0: 3 0x8000df3c (0xff9ff06f)
core   0: 0x8000df34 (0x00002f17) auipc   t5, 0x2
core   0: 3 0x8000df34 (0x00002f17) x30 0x8000ff34
core   0: 0x8000df38 (0x0c3f2623) sw      gp, 204(t5)
core   0: 3 0x8000df38 (0x0c3f2623) mem 0x80010000 0x00000001
core   0: 0x8000df3c (0xff9ff06f) j       pc - 0x8
core   0: 3 0x8000df3c (0xff9ff06f)
core   0: 0x8000df34 (0x00002f17) auipc   t5, 0x2
core   0: 3 0x8000df34 (0x00002f17) x30 0x8000ff34
core   0: 0x8000df38 (0x0c3f2623) sw      gp, 204(t5)
core   0: 3 0x8000df38 (0x0c3f2623) mem 0x80010000 0x00000001
core   0: 0x8000df3c (0xff9ff06f) j       pc - 0x8
core   0: 3 0x8000df3c (0xff9ff06f)
core   0: 0x8000df34 (0x00002f17) auipc   t5, 0x2
core   0: 3 0x8000df34 (0x00002f17) x30 0x8000ff34
core   0: 0x8000df38 (0x0c3f2623) sw      gp, 204(t5)
core   0: 3 0x8000df38 (0x0c3f2623) mem 0x80010000 0x00000001
core   0: 0x8000df3c (0xff9ff06f) j       pc - 0x8
core   0: 3 0x8000df3c (0xff9ff06f)
core   0: 0x8000df34 (0x00002f17) auipc   t5, 0x2
core   0: 3 0x8000df34 (0x00002f17) x30 0x8000ff34
core   0: 0x8000df38 (0x0c3f2623) sw      gp, 204(t5)
core   0: 3 0x8000df38 (0x0c3f2623) mem 0x80010000 0x00000001
core   0: 0x8000df3c (0xff9ff06f) j       pc - 0x8
core   0: 3 0x8000df3c (0xff9ff06f)
core   0: 0x8000df34 (0x00002f17) auipc   t5, 0x2
core   0: 3 0x8000df34 (0x00002f17) x30 0x8000ff34
core   0: 0x8000df38 (0x0c3f2623) sw      gp, 204(t5)
core   0: 3 0x8000df38 (0x0c3f2623) mem 0x80010000 0x00000001
core   0: 0x8000df3c (0xff9ff06f) j       pc - 0x8
core   0: 3 0x8000df3c (0xff9ff06f)
core   0: 0x8000df34 (0x00002f17) auipc   t5, 0x2
core   0: 3 0x8000df34 (0x00002f17) x30 0x8000ff34
core   0: 0x8000df38 (0x0c3f2623) sw      gp, 204(t5)
core   0: 3 0x8000df38 (0x0c3f2623) mem 0x80010000 0x00000001
core   0: 0x8000df3c (0xff9ff06f) j       pc - 0x8
core   0: 3 0x8000df3c (0xff9ff06f)
core   0: 0x8000df34 (0x00002f17) auipc   t5, 0x2
core   0: 3 0x8000df34 (0x00002f17) x30 0x8000ff34
core   0: 0x8000df38 (0x0c3f2623) sw      gp, 204(t5)
core   0: 3 0x8000df38 (0x0c3f2623) mem 0x80010000 0x00000001
core   0: 0x8000df3c (0xff9ff06f) j       pc - 0x8
core   0: 3 0x8000df3c (0xff9ff06f)
core   0: 0x8000df34 (0x00002f17) auipc   t5, 0x2
core   0: 3 0x8000df34 (0x00002f17) x30 0x8000ff34
core   0: 0x8000df38 (0x0c3f2623) sw      gp, 204(t5)
core   0: 3 0x8000df38 (0x0c3f2623) mem 0x80010000 0x00000001
core   0: 0x8000df3c (0xff9ff06f) j       pc - 0x8
core   0: 3 0x8000df3c (0xff9ff06f)
core   0: 0x8000df34 (0x00002f17) auipc   t5, 0x2
core   0: 3 0x8000df34 (0x00002f17) x30 0x8000ff34
core   0: 0x8000df38 (0x0c3f2623) sw      gp, 204(t5)
core   0: 3 0x8000df38 (0x0c3f2623) mem 0x80010000 0x00000001
core   0: 0x8000df3c (0xff9ff06f) j       pc - 0x8
core   0: 3 0x8000df3c (0xff9ff06f)
core   0: 0x8000df34 (0x00002f17) auipc   t5, 0x2
core   0: 3 0x8000df34 (0x00002f17) x30 0x8000ff34
core   0: 0x8000df38 (0x0c3f2623) sw      gp, 204(t5)
core   0: 3 0x8000df38 (0x0c3f2623) mem 0x80010000 0x00000001
core   0: 0x8000df3c (0xff9ff06f) j       pc - 0x8
core   0: 3 0x8000df3c (0xff9ff06f)
core   0: 0x8000df34 (0x00002f17) auipc   t5, 0x2
core   0: 3 0x8000df34 (0x00002f17) x30 0x8000ff34
core   0: 0x8000df38 (0x0c3f2623) sw      gp, 204(t5)
core   0: 3 0x8000df38 (0x0c3f2623) mem 0x80010000 0x00000001
core   0: 0x8000df3c (0xff9ff06f) j       pc - 0x8
core   0: 3 0x8000df3c (0xff9ff06f)
core   0: 0x8000df34 (0x00002f17) auipc   t5, 0x2
core   0: 3 0x8000df34 (0x00002f17) x30 0x8000ff34
core   0: 0x8000df38 (0x0c3f2623) sw      gp, 204(t5)
core   0: 3 0x8000df38 (0x0c3f2623) mem 0x80010000 0x00000001
core   0: 0x8000df3c (0xff9ff06f) j       pc - 0x8
core   0: 3 0x8000df3c (0xff9ff06f)
core   0: 0x8000df34 (0x00002f17) auipc   t5, 0x2
core   0: 3 0x8000df34 (0x00002f17) x30 0x8000ff34
core   0: 0x8000df38 (0x0c3f2623) sw      gp, 204(t5)
core   0: 3 0x8000df38 (0x0c3f2623) mem 0x80010000 0x00000001
core   0: 0x8000df3c (0xff9ff06f) j       pc - 0x8
core   0: 3 0x8000df3c (0xff9ff06f)
core   0: 0x8000df34 (0x00002f17) auipc   t5, 0x2
core   0: 3 0x8000df34 (0x00002f17) x30 0x8000ff34
core   0: 0x8000df38 (0x0c3f2623) sw      gp, 204(t5)
core   0: 3 0x8000df38 (0x0c3f2623) mem 0x80010000 0x00000001
core   0: 0x8000df3c (0xff9ff06f) j       pc - 0x8
core   0: 3 0x8000df3c (0xff9ff06f)
core   0: 0x8000df34 (0x00002f17) auipc   t5, 0x2
core   0: 3 0x8000df34 (0x00002f17) x30 0x8000ff34
core   0: 0x8000df38 (0x0c3f2623) sw      gp, 204(t5)
core   0: 3 0x8000df38 (0x0c3f2623) mem 0x80010000 0x00000001
core   0: 0x8000df3c (0xff9ff06f) j       pc - 0x8
core   0: 3 0x8000df3c (0xff9ff06f)
core   0: 0x8000df34 (0x00002f17) auipc   t5, 0x2
core   0: 3 0x8000df34 (0x00002f17) x30 0x8000ff34
core   0: 0x8000df38 (0x0c3f2623) sw      gp, 204(t5)
core   0: 3 0x8000df38 (0x0c3f2623) mem 0x80010000 0x00000001
core   0: 0x8000df3c (0xff9ff06f) j       pc - 0x8
core   0: 3 0x8000df3c (0xff9ff06f)
core   0: 0x8000df34 (0x00002f17) auipc   t5, 0x2
core   0: 3 0x8000df34 (0x00002f17) x30 0x8000ff34
core   0: 0x8000df38 (0x0c3f2623) sw      gp, 204(t5)
core   0: 3 0x8000df38 (0x0c3f2623) mem 0x80010000 0x00000001
core   0: 0x8000df3c (0xff9ff06f) j       pc - 0x8
core   0: 3 0x8000df3c (0xff9ff06f)
core   0: 0x8000df34 (0x00002f17) auipc   t5, 0x2
core   0: 3 0x8000df34 (0x00002f17) x30 0x8000ff34
core   0: 0x8000df38 (0x0c3f2623) sw      gp, 204(t5)
core   0: 3 0x8000df38 (0x0c3f2623) mem 0x80010000 0x00000001
core   0: 0x8000df3c (0xff9ff06f) j       pc - 0x8
core   0: 3 0x8000df3c (0xff9ff06f)
core   0: 0x8000df34 (0x00002f17) auipc   t5, 0x2
core   0: 3 0x8000df34 (0x00002f17) x30 0x8000ff34
core   0: 0x8000df38 (0x0c3f2623) sw      gp, 204(t5)
core   0: 3 0x8000df38 (0x0c3f2623) mem 0x80010000 0x00000001
core   0: 0x8000df3c (0xff9ff06f) j       pc - 0x8
core   0: 3 0x8000df3c (0xff9ff06f)
core   0: 0x8000df34 (0x00002f17) auipc   t5, 0x2
core   0: 3 0x8000df34 (0x00002f17) x30 0x8000ff34
core   0: 0x8000df38 (0x0c3f2623) sw      gp, 204(t5)
core   0: 3 0x8000df38 (0x0c3f2623) mem 0x80010000 0x00000001
core   0: 0x8000df3c (0xff9ff06f) j       pc - 0x8
core   0: 3 0x8000df3c (0xff9ff06f)
core   0: 0x8000df34 (0x00002f17) auipc   t5, 0x2
core   0: 3 0x8000df34 (0x00002f17) x30 0x8000ff34
core   0: 0x8000df38 (0x0c3f2623) sw      gp, 204(t5)
core   0: 3 0x8000df38 (0x0c3f2623) mem 0x80010000 0x00000001
core   0: 0x8000df3c (0xff9ff06f) j       pc - 0x8
core   0: 3 0x8000df3c (0xff9ff06f)
core   0: 0x8000df34 (0x00002f17) auipc   t5, 0x2
core   0: 3 0x8000df34 (0x00002f17) x30 0x8000ff34
core   0: 0x8000df38 (0x0c3f2623) sw      gp, 204(t5)
core   0: 3 0x8000df38 (0x0c3f2623) mem 0x80010000 0x00000001
core   0: 0x8000df3c (0xff9ff06f) j       pc - 0x8
core   0: 3 0x8000df3c (0xff9ff06f)
core   0: 0x8000df34 (0x00002f17) auipc   t5, 0x2
core   0: 3 0x8000df34 (0x00002f17) x30 0x8000ff34
core   0: 0x8000df38 (0x0c3f2623) sw      gp, 204(t5)
core   0: 3 0x8000df38 (0x0c3f2623) mem 0x80010000 0x00000001
core   0: 0x8000df3c (0xff9ff06f) j       pc - 0x8
core   0: 3 0x8000df3c (0xff9ff06f)
core   0: 0x8000df34 (0x00002f17) auipc   t5, 0x2
core   0: 3 0x8000df34 (0x00002f17) x30 0x8000ff34
core   0: 0x8000df38 (0x0c3f2623) sw      gp, 204(t5)
core   0: 3 0x8000df38 (0x0c3f2623) mem 0x80010000 0x00000001
core   0: 0x8000df3c (0xff9ff06f) j       pc - 0x8
core   0: 3 0x8000df3c (0xff9ff06f)
core   0: 0x8000df34 (0x00002f17) auipc   t5, 0x2
core   0: 3 0x8000df34 (0x00002f17) x30 0x8000ff34
core   0: 0x8000df38 (0x0c3f2623) sw      gp, 204(t5)
core   0: 3 0x8000df38 (0x0c3f2623) mem 0x80010000 0x00000001
core   0: 0x8000df3c (0xff9ff06f) j       pc - 0x8
core   0: 3 0x8000df3c (0xff9ff06f)
core   0: 0x8000df34 (0x00002f17) auipc   t5, 0x2
core   0: 3 0x8000df34 (0x00002f17) x30 0x8000ff34
core   0: 0x8000df38 (0x0c3f2623) sw      gp, 204(t5)
core   0: 3 0x8000df38 (0x0c3f2623) mem 0x80010000 0x00000001
core   0: 0x8000df3c (0xff9ff06f) j       pc - 0x8
core   0: 3 0x8000df3c (0xff9ff06f)
core   0: 0x8000df34 (0x00002f17) auipc   t5, 0x2
core   0: 3 0x8000df34 (0x00002f17) x30 0x8000ff34
core   0: 0x8000df38 (0x0c3f2623) sw      gp, 204(t5)
core   0: 3 0x8000df38 (0x0c3f2623) mem 0x80010000 0x00000001
core   0: 0x8000df3c (0xff9ff06f) j       pc - 0x8
core   0: 3 0x8000df3c (0xff9ff06f)
core   0: 0x8000df34 (0x00002f17) auipc   t5, 0x2
core   0: 3 0x8000df34 (0x00002f17) x30 0x8000ff34
core   0: 0x8000df38 (0x0c3f2623) sw      gp, 204(t5)
core   0: 3 0x8000df38 (0x0c3f2623) mem 0x80010000 0x00000001
core   0: 0x8000df3c (0xff9ff06f) j       pc - 0x8
core   0: 3 0x8000df3c (0xff9ff06f)
core   0: 0x8000df34 (0x00002f17) auipc   t5, 0x2
core   0: 3 0x8000df34 (0x00002f17) x30 0x8000ff34
core   0: 0x8000df38 (0x0c3f2623) sw      gp, 204(t5)
core   0: 3 0x8000df38 (0x0c3f2623) mem 0x80010000 0x00000001
core   0: 0x8000df3c (0xff9ff06f) j       pc - 0x8
core   0: 3 0x8000df3c (0xff9ff06f)
core   0: 0x8000df34 (0x00002f17) auipc   t5, 0x2
core   0: 3 0x8000df34 (0x00002f17) x30 0x8000ff34
core   0: 0x8000df38 (0x0c3f2623) sw      gp, 204(t5)
core   0: 3 0x8000df38 (0x0c3f2623) mem 0x80010000 0x00000001
core   0: 0x8000df3c (0xff9ff06f) j       pc - 0x8
core   0: 3 0x8000df3c (0xff9ff06f)
core   0: 0x8000df34 (0x00002f17) auipc   t5, 0x2
core   0: 3 0x8000df34 (0x00002f17) x30 0x8000ff34
core   0: 0x8000df38 (0x0c3f2623) sw      gp, 204(t5)
core   0: 3 0x8000df38 (0x0c3f2623) mem 0x80010000 0x00000001
core   0: 0x8000df3c (0xff9ff06f) j       pc - 0x8
core   0: 3 0x8000df3c (0xff9ff06f)
core   0: 0x8000df34 (0x00002f17) auipc   t5, 0x2
core   0: 3 0x8000df34 (0x00002f17) x30 0x8000ff34
core   0: 0x8000df38 (0x0c3f2623) sw      gp, 204(t5)
core   0: 3 0x8000df38 (0x0c3f2623) mem 0x80010000 0x00000001
core   0: 0x8000df3c (0xff9ff06f) j       pc - 0x8
core   0: 3 0x8000df3c (0xff9ff06f)
core   0: 0x8000df34 (0x00002f17) auipc   t5, 0x2
core   0: 3 0x8000df34 (0x00002f17) x30 0x8000ff34
core   0: 0x8000df38 (0x0c3f2623) sw      gp, 204(t5)
core   0: 3 0x8000df38 (0x0c3f2623) mem 0x80010000 0x00000001
core   0: 0x8000df3c (0xff9ff06f) j       pc - 0x8
core   0: 3 0x8000df3c (0xff9ff06f)
core   0: 0x8000df34 (0x00002f17) auipc   t5, 0x2
core   0: 3 0x8000df34 (0x00002f17) x30 0x8000ff34
core   0: 0x8000df38 (0x0c3f2623) sw      gp, 204(t5)
core   0: 3 0x8000df38 (0x0c3f2623) mem 0x80010000 0x00000001
core   0: 0x8000df3c (0xff9ff06f) j       pc - 0x8
core   0: 3 0x8000df3c (0xff9ff06f)
core   0: 0x8000df34 (0x00002f17) auipc   t5, 0x2
core   0: 3 0x8000df34 (0x00002f17) x30 0x8000ff34
core   0: 0x8000df38 (0x0c3f2623) sw      gp, 204(t5)
core   0: 3 0x8000df38 (0x0c3f2623) mem 0x80010000 0x00000001
core   0: 0x8000df3c (0xff9ff06f) j       pc - 0x8
core   0: 3 0x8000df3c (0xff9ff06f)
core   0: 0x8000df34 (0x00002f17) auipc   t5, 0x2
core   0: 3 0x8000df34 (0x00002f17) x30 0x8000ff34
core   0: 0x8000df38 (0x0c3f2623) sw      gp, 204(t5)
core   0: 3 0x8000df38 (0x0c3f2623) mem 0x80010000 0x00000001
core   0: 0x8000df3c (0xff9ff06f) j       pc - 0x8
core   0: 3 0x8000df3c (0xff9ff06f)
core   0: 0x8000df34 (0x00002f17) auipc   t5, 0x2
core   0: 3 0x8000df34 (0x00002f17) x30 0x8000ff34
core   0: 0x8000df38 (0x0c3f2623) sw      gp, 204(t5)
core   0: 3 0x8000df38 (0x0c3f2623) mem 0x80010000 0x00000001
core   0: 0x8000df3c (0xff9ff06f) j       pc - 0x8
core   0: 3 0x8000df3c (0xff9ff06f)
core   0: 0x8000df34 (0x00002f17) auipc   t5, 0x2
core   0: 3 0x8000df34 (0x00002f17) x30 0x8000ff34
core   0: 0x8000df38 (0x0c3f2623) sw      gp, 204(t5)
core   0: 3 0x8000df38 (0x0c3f2623) mem 0x80010000 0x00000001
core   0: 0x8000df3c (0xff9ff06f) j       pc - 0x8
core   0: 3 0x8000df3c (0xff9ff06f)
core   0: 0x8000df34 (0x00002f17) auipc   t5, 0x2
core   0: 3 0x8000df34 (0x00002f17) x30 0x8000ff34
core   0: 0x8000df38 (0x0c3f2623) sw      gp, 204(t5)
core   0: 3 0x8000df38 (0x0c3f2623) mem 0x80010000 0x00000001
core   0: 0x8000df3c (0xff9ff06f) j       pc - 0x8
core   0: 3 0x8000df3c (0xff9ff06f)
core   0: 0x8000df34 (0x00002f17) auipc   t5, 0x2
core   0: 3 0x8000df34 (0x00002f17) x30 0x8000ff34
core   0: 0x8000df38 (0x0c3f2623) sw      gp, 204(t5)
core   0: 3 0x8000df38 (0x0c3f2623) mem 0x80010000 0x00000001
core   0: 0x8000df3c (0xff9ff06f) j       pc - 0x8
core   0: 3 0x8000df3c (0xff9ff06f)
core   0: 0x8000df34 (0x00002f17) auipc   t5, 0x2
core   0: 3 0x8000df34 (0x00002f17) x30 0x8000ff34
core   0: 0x8000df38 (0x0c3f2623) sw      gp, 204(t5)
core   0: 3 0x8000df38 (0x0c3f2623) mem 0x80010000 0x00000001
core   0: 0x8000df3c (0xff9ff06f) j       pc - 0x8
core   0: 3 0x8000df3c (0xff9ff06f)
core   0: 0x8000df34 (0x00002f17) auipc   t5, 0x2
core   0: 3 0x8000df34 (0x00002f17) x30 0x8000ff34
core   0: 0x8000df38 (0x0c3f2623) sw      gp, 204(t5)
core   0: 3 0x8000df38 (0x0c3f2623) mem 0x80010000 0x00000001
core   0: 0x8000df3c (0xff9ff06f) j       pc - 0x8
core   0: 3 0x8000df3c (0xff9ff06f)
core   0: 0x8000df34 (0x00002f17) auipc   t5, 0x2
core   0: 3 0x8000df34 (0x00002f17) x30 0x8000ff34
core   0: 0x8000df38 (0x0c3f2623) sw      gp, 204(t5)
core   0: 3 0x8000df38 (0x0c3f2623) mem 0x80010000 0x00000001
core   0: 0x8000df3c (0xff9ff06f) j       pc - 0x8
core   0: 3 0x8000df3c (0xff9ff06f)
core   0: 0x8000df34 (0x00002f17) auipc   t5, 0x2
core   0: 3 0x8000df34 (0x00002f17) x30 0x8000ff34
core   0: 0x8000df38 (0x0c3f2623) sw      gp, 204(t5)
core   0: 3 0x8000df38 (0x0c3f2623) mem 0x80010000 0x00000001
core   0: 0x8000df3c (0xff9ff06f) j       pc - 0x8
core   0: 3 0x8000df3c (0xff9ff06f)
core   0: 0x8000df34 (0x00002f17) auipc   t5, 0x2
core   0: 3 0x8000df34 (0x00002f17) x30 0x8000ff34
core   0: 0x8000df38 (0x0c3f2623) sw      gp, 204(t5)
core   0: 3 0x8000df38 (0x0c3f2623) mem 0x80010000 0x00000001
core   0: 0x8000df3c (0xff9ff06f) j       pc - 0x8
core   0: 3 0x8000df3c (0xff9ff06f)
core   0: 0x8000df34 (0x00002f17) auipc   t5, 0x2
core   0: 3 0x8000df34 (0x00002f17) x30 0x8000ff34
core   0: 0x8000df38 (0x0c3f2623) sw      gp, 204(t5)
core   0: 3 0x8000df38 (0x0c3f2623) mem 0x80010000 0x00000001
core   0: 0x8000df3c (0xff9ff06f) j       pc - 0x8
core   0: 3 0x8000df3c (0xff9ff06f)
core   0: 0x8000df34 (0x00002f17) auipc   t5, 0x2
core   0: 3 0x8000df34 (0x00002f17) x30 0x8000ff34
core   0: 0x8000df38 (0x0c3f2623) sw      gp, 204(t5)
core   0: 3 0x8000df38 (0x0c3f2623) mem 0x80010000 0x00000001
core   0: 0x8000df3c (0xff9ff06f) j       pc - 0x8
core   0: 3 0x8000df3c (0xff9ff06f)
core   0: 0x8000df34 (0x00002f17) auipc   t5, 0x2
core   0: 3 0x8000df34 (0x00002f17) x30 0x8000ff34
core   0: 0x8000df38 (0x0c3f2623) sw      gp, 204(t5)
core   0: 3 0x8000df38 (0x0c3f2623) mem 0x80010000 0x00000001
core   0: 0x8000df3c (0xff9ff06f) j       pc - 0x8
core   0: 3 0x8000df3c (0xff9ff06f)
core   0: 0x8000df34 (0x00002f17) auipc   t5, 0x2
core   0: 3 0x8000df34 (0x00002f17) x30 0x8000ff34
core   0: 0x8000df38 (0x0c3f2623) sw      gp, 204(t5)
core   0: 3 0x8000df38 (0x0c3f2623) mem 0x80010000 0x00000001
core   0: 0x8000df3c (0xff9ff06f) j       pc - 0x8
core   0: 3 0x8000df3c (0xff9ff06f)
core   0: 0x8000df34 (0x00002f17) auipc   t5, 0x2
core   0: 3 0x8000df34 (0x00002f17) x30 0x8000ff34
core   0: 0x8000df38 (0x0c3f2623) sw      gp, 204(t5)
core   0: 3 0x8000df38 (0x0c3f2623) mem 0x80010000 0x00000001
core   0: 0x8000df3c (0xff9ff06f) j       pc - 0x8
core   0: 3 0x8000df3c (0xff9ff06f)
core   0: 0x8000df34 (0x00002f17) auipc   t5, 0x2
core   0: 3 0x8000df34 (0x00002f17) x30 0x8000ff34
core   0: 0x8000df38 (0x0c3f2623) sw      gp, 204(t5)
core   0: 3 0x8000df38 (0x0c3f2623) mem 0x80010000 0x00000001
core   0: 0x8000df3c (0xff9ff06f) j       pc - 0x8
core   0: 3 0x8000df3c (0xff9ff06f)
core   0: 0x8000df34 (0x00002f17) auipc   t5, 0x2
core   0: 3 0x8000df34 (0x00002f17) x30 0x8000ff34
core   0: 0x8000df38 (0x0c3f2623) sw      gp, 204(t5)
core   0: 3 0x8000df38 (0x0c3f2623) mem 0x80010000 0x00000001
core   0: 0x8000df3c (0xff9ff06f) j       pc - 0x8
core   0: 3 0x8000df3c (0xff9ff06f)
core   0: 0x8000df34 (0x00002f17) auipc   t5, 0x2
core   0: 3 0x8000df34 (0x00002f17) x30 0x8000ff34
core   0: 0x8000df38 (0x0c3f2623) sw      gp, 204(t5)
core   0: 3 0x8000df38 (0x0c3f2623) mem 0x80010000 0x00000001
core   0: 0x8000df3c (0xff9ff06f) j       pc - 0x8
core   0: 3 0x8000df3c (0xff9ff06f)
core   0: 0x8000df34 (0x00002f17) auipc   t5, 0x2
core   0: 3 0x8000df34 (0x00002f17) x30 0x8000ff34
core   0: 0x8000df38 (0x0c3f2623) sw      gp, 204(t5)
core   0: 3 0x8000df38 (0x0c3f2623) mem 0x80010000 0x00000001
core   0: 0x8000df3c (0xff9ff06f) j       pc - 0x8
core   0: 3 0x8000df3c (0xff9ff06f)
core   0: 0x8000df34 (0x00002f17) auipc   t5, 0x2
core   0: 3 0x8000df34 (0x00002f17) x30 0x8000ff34
core   0: 0x8000df38 (0x0c3f2623) sw      gp, 204(t5)
core   0: 3 0x8000df38 (0x0c3f2623) mem 0x80010000 0x00000001
core   0: 0x8000df3c (0xff9ff06f) j       pc - 0x8
core   0: 3 0x8000df3c (0xff9ff06f)
core   0: 0x8000df34 (0x00002f17) auipc   t5, 0x2
core   0: 3 0x8000df34 (0x00002f17) x30 0x8000ff34
core   0: 0x8000df38 (0x0c3f2623) sw      gp, 204(t5)
core   0: 3 0x8000df38 (0x0c3f2623) mem 0x80010000 0x00000001
core   0: 0x8000df3c (0xff9ff06f) j       pc - 0x8
core   0: 3 0x8000df3c (0xff9ff06f)
core   0: 0x8000df34 (0x00002f17) auipc   t5, 0x2
core   0: 3 0x8000df34 (0x00002f17) x30 0x8000ff34
core   0: 0x8000df38 (0x0c3f2623) sw      gp, 204(t5)
core   0: 3 0x8000df38 (0x0c3f2623) mem 0x80010000 0x00000001
core   0: 0x8000df3c (0xff9ff06f) j       pc - 0x8
core   0: 3 0x8000df3c (0xff9ff06f)
core   0: 0x8000df34 (0x00002f17) auipc   t5, 0x2
core   0: 3 0x8000df34 (0x00002f17) x30 0x8000ff34
core   0: 0x8000df38 (0x0c3f2623) sw      gp, 204(t5)
core   0: 3 0x8000df38 (0x0c3f2623) mem 0x80010000 0x00000001
core   0: 0x8000df3c (0xff9ff06f) j       pc - 0x8
core   0: 3 0x8000df3c (0xff9ff06f)
core   0: 0x8000df34 (0x00002f17) auipc   t5, 0x2
core   0: 3 0x8000df34 (0x00002f17) x30 0x8000ff34
core   0: 0x8000df38 (0x0c3f2623) sw      gp, 204(t5)
core   0: 3 0x8000df38 (0x0c3f2623) mem 0x80010000 0x00000001
core   0: 0x8000df3c (0xff9ff06f) j       pc - 0x8
core   0: 3 0x8000df3c (0xff9ff06f)
core   0: 0x8000df34 (0x00002f17) auipc   t5, 0x2
core   0: 3 0x8000df34 (0x00002f17) x30 0x8000ff34
core   0: 0x8000df38 (0x0c3f2623) sw      gp, 204(t5)
core   0: 3 0x8000df38 (0x0c3f2623) mem 0x80010000 0x00000001
core   0: 0x8000df3c (0xff9ff06f) j       pc - 0x8
core   0: 3 0x8000df3c (0xff9ff06f)
core   0: 0x8000df34 (0x00002f17) auipc   t5, 0x2
core   0: 3 0x8000df34 (0x00002f17) x30 0x8000ff34
core   0: 0x8000df38 (0x0c3f2623) sw      gp, 204(t5)
core   0: 3 0x8000df38 (0x0c3f2623) mem 0x80010000 0x00000001
core   0: 0x8000df3c (0xff9ff06f) j       pc - 0x8
core   0: 3 0x8000df3c (0xff9ff06f)
core   0: 0x8000df34 (0x00002f17) auipc   t5, 0x2
core   0: 3 0x8000df34 (0x00002f17) x30 0x8000ff34
core   0: 0x8000df38 (0x0c3f2623) sw      gp, 204(t5)
core   0: 3 0x8000df38 (0x0c3f2623) mem 0x80010000 0x00000001
core   0: 0x8000df3c (0xff9ff06f) j       pc - 0x8
core   0: 3 0x8000df3c (0xff9ff06f)
core   0: 0x8000df34 (0x00002f17) auipc   t5, 0x2
core   0: 3 0x8000df34 (0x00002f17) x30 0x8000ff34
core   0: 0x8000df38 (0x0c3f2623) sw      gp, 204(t5)
core   0: 3 0x8000df38 (0x0c3f2623) mem 0x80010000 0x00000001
core   0: 0x8000df3c (0xff9ff06f) j       pc - 0x8
core   0: 3 0x8000df3c (0xff9ff06f)
core   0: 0x8000df34 (0x00002f17) auipc   t5, 0x2
core   0: 3 0x8000df34 (0x00002f17) x30 0x8000ff34
core   0: 0x8000df38 (0x0c3f2623) sw      gp, 204(t5)
core   0: 3 0x8000df38 (0x0c3f2623) mem 0x80010000 0x00000001
core   0: 0x8000df3c (0xff9ff06f) j       pc - 0x8
core   0: 3 0x8000df3c (0xff9ff06f)
core   0: 0x8000df34 (0x00002f17) auipc   t5, 0x2
core   0: 3 0x8000df34 (0x00002f17) x30 0x8000ff34
core   0: 0x8000df38 (0x0c3f2623) sw      gp, 204(t5)
core   0: 3 0x8000df38 (0x0c3f2623) mem 0x80010000 0x00000001
core   0: 0x8000df3c (0xff9ff06f) j       pc - 0x8
core   0: 3 0x8000df3c (0xff9ff06f)
core   0: 0x8000df34 (0x00002f17) auipc   t5, 0x2
core   0: 3 0x8000df34 (0x00002f17) x30 0x8000ff34
core   0: 0x8000df38 (0x0c3f2623) sw      gp, 204(t5)
core   0: 3 0x8000df38 (0x0c3f2623) mem 0x80010000 0x00000001
core   0: 0x8000df3c (0xff9ff06f) j       pc - 0x8
core   0: 3 0x8000df3c (0xff9ff06f)
core   0: 0x8000df34 (0x00002f17) auipc   t5, 0x2
core   0: 3 0x8000df34 (0x00002f17) x30 0x8000ff34
core   0: 0x8000df38 (0x0c3f2623) sw      gp, 204(t5)
core   0: 3 0x8000df38 (0x0c3f2623) mem 0x80010000 0x00000001
core   0: 0x8000df3c (0xff9ff06f) j       pc - 0x8
core   0: 3 0x8000df3c (0xff9ff06f)
core   0: 0x8000df34 (0x00002f17) auipc   t5, 0x2
core   0: 3 0x8000df34 (0x00002f17) x30 0x8000ff34
core   0: 0x8000df38 (0x0c3f2623) sw      gp, 204(t5)
core   0: 3 0x8000df38 (0x0c3f2623) mem 0x80010000 0x00000001
core   0: 0x8000df3c (0xff9ff06f) j       pc - 0x8
core   0: 3 0x8000df3c (0xff9ff06f)
core   0: 0x8000df34 (0x00002f17) auipc   t5, 0x2
core   0: 3 0x8000df34 (0x00002f17) x30 0x8000ff34
core   0: 0x8000df38 (0x0c3f2623) sw      gp, 204(t5)
core   0: 3 0x8000df38 (0x0c3f2623) mem 0x80010000 0x00000001
core   0: 0x8000df3c (0xff9ff06f) j       pc - 0x8
core   0: 3 0x8000df3c (0xff9ff06f)
core   0: 0x8000df34 (0x00002f17) auipc   t5, 0x2
core   0: 3 0x8000df34 (0x00002f17) x30 0x8000ff34
core   0: 0x8000df38 (0x0c3f2623) sw      gp, 204(t5)
core   0: 3 0x8000df38 (0x0c3f2623) mem 0x80010000 0x00000001
core   0: 0x8000df3c (0xff9ff06f) j       pc - 0x8
core   0: 3 0x8000df3c (0xff9ff06f)
core   0: 0x8000df34 (0x00002f17) auipc   t5, 0x2
core   0: 3 0x8000df34 (0x00002f17) x30 0x8000ff34
core   0: 0x8000df38 (0x0c3f2623) sw      gp, 204(t5)
core   0: 3 0x8000df38 (0x0c3f2623) mem 0x80010000 0x00000001
core   0: 0x8000df3c (0xff9ff06f) j       pc - 0x8
core   0: 3 0x8000df3c (0xff9ff06f)
core   0: 0x8000df34 (0x00002f17) auipc   t5, 0x2
core   0: 3 0x8000df34 (0x00002f17) x30 0x8000ff34
core   0: 0x8000df38 (0x0c3f2623) sw      gp, 204(t5)
core   0: 3 0x8000df38 (0x0c3f2623) mem 0x80010000 0x00000001
core   0: 0x8000df3c (0xff9ff06f) j       pc - 0x8
core   0: 3 0x8000df3c (0xff9ff06f)
core   0: 0x8000df34 (0x00002f17) auipc   t5, 0x2
core   0: 3 0x8000df34 (0x00002f17) x30 0x8000ff34
core   0: 0x8000df38 (0x0c3f2623) sw      gp, 204(t5)
core   0: 3 0x8000df38 (0x0c3f2623) mem 0x80010000 0x00000001
core   0: 0x8000df3c (0xff9ff06f) j       pc - 0x8
core   0: 3 0x8000df3c (0xff9ff06f)
core   0: 0x8000df34 (0x00002f17) auipc   t5, 0x2
core   0: 3 0x8000df34 (0x00002f17) x30 0x8000ff34
core   0: 0x8000df38 (0x0c3f2623) sw      gp, 204(t5)
core   0: 3 0x8000df38 (0x0c3f2623) mem 0x80010000 0x00000001
core   0: 0x8000df3c (0xff9ff06f) j       pc - 0x8
core   0: 3 0x8000df3c (0xff9ff06f)
core   0: 0x8000df34 (0x00002f17) auipc   t5, 0x2
core   0: 3 0x8000df34 (0x00002f17) x30 0x8000ff34
core   0: 0x8000df38 (0x0c3f2623) sw      gp, 204(t5)
core   0: 3 0x8000df38 (0x0c3f2623) mem 0x80010000 0x00000001
core   0: 0x8000df3c (0xff9ff06f) j       pc - 0x8
core   0: 3 0x8000df3c (0xff9ff06f)
core   0: 0x8000df34 (0x00002f17) auipc   t5, 0x2
core   0: 3 0x8000df34 (0x00002f17) x30 0x8000ff34
core   0: 0x8000df38 (0x0c3f2623) sw      gp, 204(t5)
core   0: 3 0x8000df38 (0x0c3f2623) mem 0x80010000 0x00000001
core   0: 0x8000df3c (0xff9ff06f) j       pc - 0x8
core   0: 3 0x8000df3c (0xff9ff06f)
core   0: 0x8000df34 (0x00002f17) auipc   t5, 0x2
core   0: 3 0x8000df34 (0x00002f17) x30 0x8000ff34
core   0: 0x8000df38 (0x0c3f2623) sw      gp, 204(t5)
core   0: 3 0x8000df38 (0x0c3f2623) mem 0x80010000 0x00000001
core   0: 0x8000df3c (0xff9ff06f) j       pc - 0x8
core   0: 3 0x8000df3c (0xff9ff06f)
core   0: 0x8000df34 (0x00002f17) auipc   t5, 0x2
core   0: 3 0x8000df34 (0x00002f17) x30 0x8000ff34
core   0: 0x8000df38 (0x0c3f2623) sw      gp, 204(t5)
core   0: 3 0x8000df38 (0x0c3f2623) mem 0x80010000 0x00000001
core   0: 0x8000df3c (0xff9ff06f) j       pc - 0x8
core   0: 3 0x8000df3c (0xff9ff06f)
core   0: 0x8000df34 (0x00002f17) auipc   t5, 0x2
core   0: 3 0x8000df34 (0x00002f17) x30 0x8000ff34
core   0: 0x8000df38 (0x0c3f2623) sw      gp, 204(t5)
core   0: 3 0x8000df38 (0x0c3f2623) mem 0x80010000 0x00000001
core   0: 0x8000df3c (0xff9ff06f) j       pc - 0x8
core   0: 3 0x8000df3c (0xff9ff06f)
core   0: 0x8000df34 (0x00002f17) auipc   t5, 0x2
core   0: 3 0x8000df34 (0x00002f17) x30 0x8000ff34
core   0: 0x8000df38 (0x0c3f2623) sw      gp, 204(t5)
core   0: 3 0x8000df38 (0x0c3f2623) mem 0x80010000 0x00000001
core   0: 0x8000df3c (0xff9ff06f) j       pc - 0x8
core   0: 3 0x8000df3c (0xff9ff06f)
core   0: 0x8000df34 (0x00002f17) auipc   t5, 0x2
core   0: 3 0x8000df34 (0x00002f17) x30 0x8000ff34
core   0: 0x8000df38 (0x0c3f2623) sw      gp, 204(t5)
core   0: 3 0x8000df38 (0x0c3f2623) mem 0x80010000 0x00000001
core   0: 0x8000df3c (0xff9ff06f) j       pc - 0x8
core   0: 3 0x8000df3c (0xff9ff06f)
core   0: 0x8000df34 (0x00002f17) auipc   t5, 0x2
core   0: 3 0x8000df34 (0x00002f17) x30 0x8000ff34
core   0: 0x8000df38 (0x0c3f2623) sw      gp, 204(t5)
core   0: 3 0x8000df38 (0x0c3f2623) mem 0x80010000 0x00000001
core   0: 0x8000df3c (0xff9ff06f) j       pc - 0x8
core   0: 3 0x8000df3c (0xff9ff06f)
core   0: 0x8000df34 (0x00002f17) auipc   t5, 0x2
core   0: 3 0x8000df34 (0x00002f17) x30 0x8000ff34
core   0: 0x8000df38 (0x0c3f2623) sw      gp, 204(t5)
core   0: 3 0x8000df38 (0x0c3f2623) mem 0x80010000 0x00000001
core   0: 0x8000df3c (0xff9ff06f) j       pc - 0x8
core   0: 3 0x8000df3c (0xff9ff06f)
core   0: 0x8000df34 (0x00002f17) auipc   t5, 0x2
core   0: 3 0x8000df34 (0x00002f17) x30 0x8000ff34
core   0: 0x8000df38 (0x0c3f2623) sw      gp, 204(t5)
core   0: 3 0x8000df38 (0x0c3f2623) mem 0x80010000 0x00000001
core   0: 0x8000df3c (0xff9ff06f) j       pc - 0x8
core   0: 3 0x8000df3c (0xff9ff06f)
core   0: 0x8000df34 (0x00002f17) auipc   t5, 0x2
core   0: 3 0x8000df34 (0x00002f17) x30 0x8000ff34
core   0: 0x8000df38 (0x0c3f2623) sw      gp, 204(t5)
core   0: 3 0x8000df38 (0x0c3f2623) mem 0x80010000 0x00000001
core   0: 0x8000df3c (0xff9ff06f) j       pc - 0x8
core   0: 3 0x8000df3c (0xff9ff06f)
core   0: 0x8000df34 (0x00002f17) auipc   t5, 0x2
core   0: 3 0x8000df34 (0x00002f17) x30 0x8000ff34
core   0: 0x8000df38 (0x0c3f2623) sw      gp, 204(t5)
core   0: 3 0x8000df38 (0x0c3f2623) mem 0x80010000 0x00000001
core   0: 0x8000df3c (0xff9ff06f) j       pc - 0x8
core   0: 3 0x8000df3c (0xff9ff06f)
core   0: 0x8000df34 (0x00002f17) auipc   t5, 0x2
core   0: 3 0x8000df34 (0x00002f17) x30 0x8000ff34
core   0: 0x8000df38 (0x0c3f2623) sw      gp, 204(t5)
core   0: 3 0x8000df38 (0x0c3f2623) mem 0x80010000 0x00000001
core   0: 0x8000df3c (0xff9ff06f) j       pc - 0x8
core   0: 3 0x8000df3c (0xff9ff06f)
core   0: 0x8000df34 (0x00002f17) auipc   t5, 0x2
core   0: 3 0x8000df34 (0x00002f17) x30 0x8000ff34
core   0: 0x8000df38 (0x0c3f2623) sw      gp, 204(t5)
core   0: 3 0x8000df38 (0x0c3f2623) mem 0x80010000 0x00000001
core   0: 0x8000df3c (0xff9ff06f) j       pc - 0x8
core   0: 3 0x8000df3c (0xff9ff06f)
core   0: 0x8000df34 (0x00002f17) auipc   t5, 0x2
core   0: 3 0x8000df34 (0x00002f17) x30 0x8000ff34
core   0: 0x8000df38 (0x0c3f2623) sw      gp, 204(t5)
core   0: 3 0x8000df38 (0x0c3f2623) mem 0x80010000 0x00000001
core   0: 0x8000df3c (0xff9ff06f) j       pc - 0x8
core   0: 3 0x8000df3c (0xff9ff06f)
core   0: 0x8000df34 (0x00002f17) auipc   t5, 0x2
core   0: 3 0x8000df34 (0x00002f17) x30 0x8000ff34
core   0: 0x8000df38 (0x0c3f2623) sw      gp, 204(t5)
core   0: 3 0x8000df38 (0x0c3f2623) mem 0x80010000 0x00000001
core   0: 0x8000df3c (0xff9ff06f) j       pc - 0x8
core   0: 3 0x8000df3c (0xff9ff06f)
core   0: 0x8000df34 (0x00002f17) auipc   t5, 0x2
core   0: 3 0x8000df34 (0x00002f17) x30 0x8000ff34
core   0: 0x8000df38 (0x0c3f2623) sw      gp, 204(t5)
core   0: 3 0x8000df38 (0x0c3f2623) mem 0x80010000 0x00000001
core   0: 0x8000df3c (0xff9ff06f) j       pc - 0x8
core   0: 3 0x8000df3c (0xff9ff06f)
core   0: 0x8000df34 (0x00002f17) auipc   t5, 0x2
core   0: 3 0x8000df34 (0x00002f17) x30 0x8000ff34
core   0: 0x8000df38 (0x0c3f2623) sw      gp, 204(t5)
core   0: 3 0x8000df38 (0x0c3f2623) mem 0x80010000 0x00000001
core   0: 0x8000df3c (0xff9ff06f) j       pc - 0x8
core   0: 3 0x8000df3c (0xff9ff06f)
core   0: 0x8000df34 (0x00002f17) auipc   t5, 0x2
core   0: 3 0x8000df34 (0x00002f17) x30 0x8000ff34
core   0: 0x8000df38 (0x0c3f2623) sw      gp, 204(t5)
core   0: 3 0x8000df38 (0x0c3f2623) mem 0x80010000 0x00000001
core   0: 0x8000df3c (0xff9ff06f) j       pc - 0x8
core   0: 3 0x8000df3c (0xff9ff06f)
core   0: 0x8000df34 (0x00002f17) auipc   t5, 0x2
core   0: 3 0x8000df34 (0x00002f17) x30 0x8000ff34
core   0: 0x8000df38 (0x0c3f2623) sw      gp, 204(t5)
core   0: 3 0x8000df38 (0x0c3f2623) mem 0x80010000 0x00000001
core   0: 0x8000df3c (0xff9ff06f) j       pc - 0x8
core   0: 3 0x8000df3c (0xff9ff06f)
core   0: 0x8000df34 (0x00002f17) auipc   t5, 0x2
core   0: 3 0x8000df34 (0x00002f17) x30 0x8000ff34
core   0: 0x8000df38 (0x0c3f2623) sw      gp, 204(t5)
core   0: 3 0x8000df38 (0x0c3f2623) mem 0x80010000 0x00000001
core   0: 0x8000df3c (0xff9ff06f) j       pc - 0x8
core   0: 3 0x8000df3c (0xff9ff06f)
core   0: 0x8000df34 (0x00002f17) auipc   t5, 0x2
core   0: 3 0x8000df34 (0x00002f17) x30 0x8000ff34
core   0: 0x8000df38 (0x0c3f2623) sw      gp, 204(t5)
core   0: 3 0x8000df38 (0x0c3f2623) mem 0x80010000 0x00000001
core   0: 0x8000df3c (0xff9ff06f) j       pc - 0x8
core   0: 3 0x8000df3c (0xff9ff06f)
core   0: 0x8000df34 (0x00002f17) auipc   t5, 0x2
core   0: 3 0x8000df34 (0x00002f17) x30 0x8000ff34
core   0: 0x8000df38 (0x0c3f2623) sw      gp, 204(t5)
core   0: 3 0x8000df38 (0x0c3f2623) mem 0x80010000 0x00000001
core   0: 0x8000df3c (0xff9ff06f) j       pc - 0x8
core   0: 3 0x8000df3c (0xff9ff06f)
core   0: 0x8000df34 (0x00002f17) auipc   t5, 0x2
core   0: 3 0x8000df34 (0x00002f17) x30 0x8000ff34
core   0: 0x8000df38 (0x0c3f2623) sw      gp, 204(t5)
core   0: 3 0x8000df38 (0x0c3f2623) mem 0x80010000 0x00000001
core   0: 0x8000df3c (0xff9ff06f) j       pc - 0x8
core   0: 3 0x8000df3c (0xff9ff06f)
core   0: 0x8000df34 (0x00002f17) auipc   t5, 0x2
core   0: 3 0x8000df34 (0x00002f17) x30 0x8000ff34
core   0: 0x8000df38 (0x0c3f2623) sw      gp, 204(t5)
core   0: 3 0x8000df38 (0x0c3f2623) mem 0x80010000 0x00000001
core   0: 0x8000df3c (0xff9ff06f) j       pc - 0x8
core   0: 3 0x8000df3c (0xff9ff06f)
core   0: 0x8000df34 (0x00002f17) auipc   t5, 0x2
core   0: 3 0x8000df34 (0x00002f17) x30 0x8000ff34
core   0: 0x8000df38 (0x0c3f2623) sw      gp, 204(t5)
core   0: 3 0x8000df38 (0x0c3f2623) mem 0x80010000 0x00000001
core   0: 0x8000df3c (0xff9ff06f) j       pc - 0x8
core   0: 3 0x8000df3c (0xff9ff06f)
core   0: 0x8000df34 (0x00002f17) auipc   t5, 0x2
core   0: 3 0x8000df34 (0x00002f17) x30 0x8000ff34
core   0: 0x8000df38 (0x0c3f2623) sw      gp, 204(t5)
core   0: 3 0x8000df38 (0x0c3f2623) mem 0x80010000 0x00000001
core   0: 0x8000df3c (0xff9ff06f) j       pc - 0x8
core   0: 3 0x8000df3c (0xff9ff06f)
core   0: 0x8000df34 (0x00002f17) auipc   t5, 0x2
core   0: 3 0x8000df34 (0x00002f17) x30 0x8000ff34
core   0: 0x8000df38 (0x0c3f2623) sw      gp, 204(t5)
core   0: 3 0x8000df38 (0x0c3f2623) mem 0x80010000 0x00000001
core   0: 0x8000df3c (0xff9ff06f) j       pc - 0x8
core   0: 3 0x8000df3c (0xff9ff06f)
core   0: 0x8000df34 (0x00002f17) auipc   t5, 0x2
core   0: 3 0x8000df34 (0x00002f17) x30 0x8000ff34
core   0: 0x8000df38 (0x0c3f2623) sw      gp, 204(t5)
core   0: 3 0x8000df38 (0x0c3f2623) mem 0x80010000 0x00000001
core   0: 0x8000df3c (0xff9ff06f) j       pc - 0x8
core   0: 3 0x8000df3c (0xff9ff06f)
core   0: 0x8000df34 (0x00002f17) auipc   t5, 0x2
core   0: 3 0x8000df34 (0x00002f17) x30 0x8000ff34
core   0: 0x8000df38 (0x0c3f2623) sw      gp, 204(t5)
core   0: 3 0x8000df38 (0x0c3f2623) mem 0x80010000 0x00000001
core   0: 0x8000df3c (0xff9ff06f) j       pc - 0x8
core   0: 3 0x8000df3c (0xff9ff06f)
core   0: 0x8000df34 (0x00002f17) auipc   t5, 0x2
core   0: 3 0x8000df34 (0x00002f17) x30 0x8000ff34
core   0: 0x8000df38 (0x0c3f2623) sw      gp, 204(t5)
core   0: 3 0x8000df38 (0x0c3f2623) mem 0x80010000 0x00000001
core   0: 0x8000df3c (0xff9ff06f) j       pc - 0x8
core   0: 3 0x8000df3c (0xff9ff06f)
core   0: 0x8000df34 (0x00002f17) auipc   t5, 0x2
core   0: 3 0x8000df34 (0x00002f17) x30 0x8000ff34
core   0: 0x8000df38 (0x0c3f2623) sw      gp, 204(t5)
core   0: 3 0x8000df38 (0x0c3f2623) mem 0x80010000 0x00000001
core   0: 0x8000df3c (0xff9ff06f) j       pc - 0x8
core   0: 3 0x8000df3c (0xff9ff06f)
core   0: 0x8000df34 (0x00002f17) auipc   t5, 0x2
core   0: 3 0x8000df34 (0x00002f17) x30 0x8000ff34
core   0: 0x8000df38 (0x0c3f2623) sw      gp, 204(t5)
core   0: 3 0x8000df38 (0x0c3f2623) mem 0x80010000 0x00000001
core   0: 0x8000df3c (0xff9ff06f) j       pc - 0x8
core   0: 3 0x8000df3c (0xff9ff06f)
core   0: 0x8000df34 (0x00002f17) auipc   t5, 0x2
core   0: 3 0x8000df34 (0x00002f17) x30 0x8000ff34
core   0: 0x8000df38 (0x0c3f2623) sw      gp, 204(t5)
core   0: 3 0x8000df38 (0x0c3f2623) mem 0x80010000 0x00000001
core   0: 0x8000df3c (0xff9ff06f) j       pc - 0x8
core   0: 3 0x8000df3c (0xff9ff06f)
core   0: 0x8000df34 (0x00002f17) auipc   t5, 0x2
core   0: 3 0x8000df34 (0x00002f17) x30 0x8000ff34
core   0: 0x8000df38 (0x0c3f2623) sw      gp, 204(t5)
core   0: 3 0x8000df38 (0x0c3f2623) mem 0x80010000 0x00000001
core   0: 0x8000df3c (0xff9ff06f) j       pc - 0x8
core   0: 3 0x8000df3c (0xff9ff06f)
core   0: 0x8000df34 (0x00002f17) auipc   t5, 0x2
core   0: 3 0x8000df34 (0x00002f17) x30 0x8000ff34
core   0: 0x8000df38 (0x0c3f2623) sw      gp, 204(t5)
core   0: 3 0x8000df38 (0x0c3f2623) mem 0x80010000 0x00000001
core   0: 0x8000df3c (0xff9ff06f) j       pc - 0x8
core   0: 3 0x8000df3c (0xff9ff06f)
core   0: 0x8000df34 (0x00002f17) auipc   t5, 0x2
core   0: 3 0x8000df34 (0x00002f17) x30 0x8000ff34
core   0: 0x8000df38 (0x0c3f2623) sw      gp, 204(t5)
core   0: 3 0x8000df38 (0x0c3f2623) mem 0x80010000 0x00000001
core   0: 0x8000df3c (0xff9ff06f) j       pc - 0x8
core   0: 3 0x8000df3c (0xff9ff06f)
core   0: 0x8000df34 (0x00002f17) auipc   t5, 0x2
core   0: 3 0x8000df34 (0x00002f17) x30 0x8000ff34
core   0: 0x8000df38 (0x0c3f2623) sw      gp, 204(t5)
core   0: 3 0x8000df38 (0x0c3f2623) mem 0x80010000 0x00000001
core   0: 0x8000df3c (0xff9ff06f) j       pc - 0x8
core   0: 3 0x8000df3c (0xff9ff06f)
core   0: 0x8000df34 (0x00002f17) auipc   t5, 0x2
core   0: 3 0x8000df34 (0x00002f17) x30 0x8000ff34
core   0: 0x8000df38 (0x0c3f2623) sw      gp, 204(t5)
core   0: 3 0x8000df38 (0x0c3f2623) mem 0x80010000 0x00000001
core   0: 0x8000df3c (0xff9ff06f) j       pc - 0x8
core   0: 3 0x8000df3c (0xff9ff06f)
core   0: 0x8000df34 (0x00002f17) auipc   t5, 0x2
core   0: 3 0x8000df34 (0x00002f17) x30 0x8000ff34
core   0: 0x8000df38 (0x0c3f2623) sw      gp, 204(t5)
core   0: 3 0x8000df38 (0x0c3f2623) mem 0x80010000 0x00000001
core   0: 0x8000df3c (0xff9ff06f) j       pc - 0x8
core   0: 3 0x8000df3c (0xff9ff06f)
core   0: 0x8000df34 (0x00002f17) auipc   t5, 0x2
core   0: 3 0x8000df34 (0x00002f17) x30 0x8000ff34
core   0: 0x8000df38 (0x0c3f2623) sw      gp, 204(t5)
core   0: 3 0x8000df38 (0x0c3f2623) mem 0x80010000 0x00000001
core   0: 0x8000df3c (0xff9ff06f) j       pc - 0x8
core   0: 3 0x8000df3c (0xff9ff06f)
core   0: 0x8000df34 (0x00002f17) auipc   t5, 0x2
core   0: 3 0x8000df34 (0x00002f17) x30 0x8000ff34
core   0: 0x8000df38 (0x0c3f2623) sw      gp, 204(t5)
core   0: 3 0x8000df38 (0x0c3f2623) mem 0x80010000 0x00000001
core   0: 0x8000df3c (0xff9ff06f) j       pc - 0x8
core   0: 3 0x8000df3c (0xff9ff06f)
core   0: 0x8000df34 (0x00002f17) auipc   t5, 0x2
core   0: 3 0x8000df34 (0x00002f17) x30 0x8000ff34
core   0: 0x8000df38 (0x0c3f2623) sw      gp, 204(t5)
core   0: 3 0x8000df38 (0x0c3f2623) mem 0x80010000 0x00000001
core   0: 0x8000df3c (0xff9ff06f) j       pc - 0x8
core   0: 3 0x8000df3c (0xff9ff06f)
core   0: 0x8000df34 (0x00002f17) auipc   t5, 0x2
core   0: 3 0x8000df34 (0x00002f17) x30 0x8000ff34
core   0: 0x8000df38 (0x0c3f2623) sw      gp, 204(t5)
core   0: 3 0x8000df38 (0x0c3f2623) mem 0x80010000 0x00000001
core   0: 0x8000df3c (0xff9ff06f) j       pc - 0x8
core   0: 3 0x8000df3c (0xff9ff06f)
core   0: 0x8000df34 (0x00002f17) auipc   t5, 0x2
core   0: 3 0x8000df34 (0x00002f17) x30 0x8000ff34
core   0: 0x8000df38 (0x0c3f2623) sw      gp, 204(t5)
core   0: 3 0x8000df38 (0x0c3f2623) mem 0x80010000 0x00000001
core   0: 0x8000df3c (0xff9ff06f) j       pc - 0x8
core   0: 3 0x8000df3c (0xff9ff06f)
core   0: 0x8000df34 (0x00002f17) auipc   t5, 0x2
core   0: 3 0x8000df34 (0x00002f17) x30 0x8000ff34
core   0: 0x8000df38 (0x0c3f2623) sw      gp, 204(t5)
core   0: 3 0x8000df38 (0x0c3f2623) mem 0x80010000 0x00000001
core   0: 0x8000df3c (0xff9ff06f) j       pc - 0x8
core   0: 3 0x8000df3c (0xff9ff06f)
core   0: 0x8000df34 (0x00002f17) auipc   t5, 0x2
core   0: 3 0x8000df34 (0x00002f17) x30 0x8000ff34
core   0: 0x8000df38 (0x0c3f2623) sw      gp, 204(t5)
core   0: 3 0x8000df38 (0x0c3f2623) mem 0x80010000 0x00000001
core   0: 0x8000df3c (0xff9ff06f) j       pc - 0x8
core   0: 3 0x8000df3c (0xff9ff06f)
core   0: 0x8000df34 (0x00002f17) auipc   t5, 0x2
core   0: 3 0x8000df34 (0x00002f17) x30 0x8000ff34
core   0: 0x8000df38 (0x0c3f2623) sw      gp, 204(t5)
core   0: 3 0x8000df38 (0x0c3f2623) mem 0x80010000 0x00000001
core   0: 0x8000df3c (0xff9ff06f) j       pc - 0x8
core   0: 3 0x8000df3c (0xff9ff06f)
core   0: 0x8000df34 (0x00002f17) auipc   t5, 0x2
core   0: 3 0x8000df34 (0x00002f17) x30 0x8000ff34
core   0: 0x8000df38 (0x0c3f2623) sw      gp, 204(t5)
core   0: 3 0x8000df38 (0x0c3f2623) mem 0x80010000 0x00000001
core   0: 0x8000df3c (0xff9ff06f) j       pc - 0x8
core   0: 3 0x8000df3c (0xff9ff06f)
core   0: 0x8000df34 (0x00002f17) auipc   t5, 0x2
core   0: 3 0x8000df34 (0x00002f17) x30 0x8000ff34
core   0: 0x8000df38 (0x0c3f2623) sw      gp, 204(t5)
core   0: 3 0x8000df38 (0x0c3f2623) mem 0x80010000 0x00000001
core   0: 0x8000df3c (0xff9ff06f) j       pc - 0x8
core   0: 3 0x8000df3c (0xff9ff06f)
core   0: 0x8000df34 (0x00002f17) auipc   t5, 0x2
core   0: 3 0x8000df34 (0x00002f17) x30 0x8000ff34
core   0: 0x8000df38 (0x0c3f2623) sw      gp, 204(t5)
core   0: 3 0x8000df38 (0x0c3f2623) mem 0x80010000 0x00000001
core   0: 0x8000df3c (0xff9ff06f) j       pc - 0x8
core   0: 3 0x8000df3c (0xff9ff06f)
core   0: 0x8000df34 (0x00002f17) auipc   t5, 0x2
core   0: 3 0x8000df34 (0x00002f17) x30 0x8000ff34
core   0: 0x8000df38 (0x0c3f2623) sw      gp, 204(t5)
core   0: 3 0x8000df38 (0x0c3f2623) mem 0x80010000 0x00000001
core   0: 0x8000df3c (0xff9ff06f) j       pc - 0x8
core   0: 3 0x8000df3c (0xff9ff06f)
core   0: 0x8000df34 (0x00002f17) auipc   t5, 0x2
core   0: 3 0x8000df34 (0x00002f17) x30 0x8000ff34
core   0: 0x8000df38 (0x0c3f2623) sw      gp, 204(t5)
core   0: 3 0x8000df38 (0x0c3f2623) mem 0x80010000 0x00000001
core   0: 0x8000df3c (0xff9ff06f) j       pc - 0x8
core   0: 3 0x8000df3c (0xff9ff06f)
core   0: 0x8000df34 (0x00002f17) auipc   t5, 0x2
core   0: 3 0x8000df34 (0x00002f17) x30 0x8000ff34
core   0: 0x8000df38 (0x0c3f2623) sw      gp, 204(t5)
core   0: 3 0x8000df38 (0x0c3f2623) mem 0x80010000 0x00000001
core   0: 0x8000df3c (0xff9ff06f) j       pc - 0x8
core   0: 3 0x8000df3c (0xff9ff06f)
core   0: 0x8000df34 (0x00002f17) auipc   t5, 0x2
core   0: 3 0x8000df34 (0x00002f17) x30 0x8000ff34
core   0: 0x8000df38 (0x0c3f2623) sw      gp, 204(t5)
core   0: 3 0x8000df38 (0x0c3f2623) mem 0x80010000 0x00000001
core   0: 0x8000df3c (0xff9ff06f) j       pc - 0x8
core   0: 3 0x8000df3c (0xff9ff06f)
core   0: 0x8000df34 (0x00002f17) auipc   t5, 0x2
core   0: 3 0x8000df34 (0x00002f17) x30 0x8000ff34
core   0: 0x8000df38 (0x0c3f2623) sw      gp, 204(t5)
core   0: 3 0x8000df38 (0x0c3f2623) mem 0x80010000 0x00000001
core   0: 0x8000df3c (0xff9ff06f) j       pc - 0x8
core   0: 3 0x8000df3c (0xff9ff06f)
core   0: 0x8000df34 (0x00002f17) auipc   t5, 0x2
core   0: 3 0x8000df34 (0x00002f17) x30 0x8000ff34
core   0: 0x8000df38 (0x0c3f2623) sw      gp, 204(t5)
core   0: 3 0x8000df38 (0x0c3f2623) mem 0x80010000 0x00000001
core   0: 0x8000df3c (0xff9ff06f) j       pc - 0x8
core   0: 3 0x8000df3c (0xff9ff06f)
core   0: 0x8000df34 (0x00002f17) auipc   t5, 0x2
core   0: 3 0x8000df34 (0x00002f17) x30 0x8000ff34
core   0: 0x8000df38 (0x0c3f2623) sw      gp, 204(t5)
core   0: 3 0x8000df38 (0x0c3f2623) mem 0x80010000 0x00000001
core   0: 0x8000df3c (0xff9ff06f) j       pc - 0x8
core   0: 3 0x8000df3c (0xff9ff06f)
core   0: 0x8000df34 (0x00002f17) auipc   t5, 0x2
core   0: 3 0x8000df34 (0x00002f17) x30 0x8000ff34
core   0: 0x8000df38 (0x0c3f2623) sw      gp, 204(t5)
core   0: 3 0x8000df38 (0x0c3f2623) mem 0x80010000 0x00000001
core   0: 0x8000df3c (0xff9ff06f) j       pc - 0x8
core   0: 3 0x8000df3c (0xff9ff06f)
core   0: 0x8000df34 (0x00002f17) auipc   t5, 0x2
core   0: 3 0x8000df34 (0x00002f17) x30 0x8000ff34
core   0: 0x8000df38 (0x0c3f2623) sw      gp, 204(t5)
core   0: 3 0x8000df38 (0x0c3f2623) mem 0x80010000 0x00000001
core   0: 0x8000df3c (0xff9ff06f) j       pc - 0x8
core   0: 3 0x8000df3c (0xff9ff06f)
core   0: 0x8000df34 (0x00002f17) auipc   t5, 0x2
core   0: 3 0x8000df34 (0x00002f17) x30 0x8000ff34
core   0: 0x8000df38 (0x0c3f2623) sw      gp, 204(t5)
core   0: 3 0x8000df38 (0x0c3f2623) mem 0x80010000 0x00000001
core   0: 0x8000df3c (0xff9ff06f) j       pc - 0x8
core   0: 3 0x8000df3c (0xff9ff06f)
core   0: 0x8000df34 (0x00002f17) auipc   t5, 0x2
core   0: 3 0x8000df34 (0x00002f17) x30 0x8000ff34
core   0: 0x8000df38 (0x0c3f2623) sw      gp, 204(t5)
core   0: 3 0x8000df38 (0x0c3f2623) mem 0x80010000 0x00000001
core   0: 0x8000df3c (0xff9ff06f) j       pc - 0x8
core   0: 3 0x8000df3c (0xff9ff06f)
core   0: 0x8000df34 (0x00002f17) auipc   t5, 0x2
core   0: 3 0x8000df34 (0x00002f17) x30 0x8000ff34
core   0: 0x8000df38 (0x0c3f2623) sw      gp, 204(t5)
core   0: 3 0x8000df38 (0x0c3f2623) mem 0x80010000 0x00000001
core   0: 0x8000df3c (0xff9ff06f) j       pc - 0x8
core   0: 3 0x8000df3c (0xff9ff06f)
core   0: 0x8000df34 (0x00002f17) auipc   t5, 0x2
core   0: 3 0x8000df34 (0x00002f17) x30 0x8000ff34
core   0: 0x8000df38 (0x0c3f2623) sw      gp, 204(t5)
core   0: 3 0x8000df38 (0x0c3f2623) mem 0x80010000 0x00000001
core   0: 0x8000df3c (0xff9ff06f) j       pc - 0x8
core   0: 3 0x8000df3c (0xff9ff06f)
core   0: 0x8000df34 (0x00002f17) auipc   t5, 0x2
core   0: 3 0x8000df34 (0x00002f17) x30 0x8000ff34
core   0: 0x8000df38 (0x0c3f2623) sw      gp, 204(t5)
core   0: 3 0x8000df38 (0x0c3f2623) mem 0x80010000 0x00000001
core   0: 0x8000df3c (0xff9ff06f) j       pc - 0x8
core   0: 3 0x8000df3c (0xff9ff06f)
core   0: 0x8000df34 (0x00002f17) auipc   t5, 0x2
core   0: 3 0x8000df34 (0x00002f17) x30 0x8000ff34
core   0: 0x8000df38 (0x0c3f2623) sw      gp, 204(t5)
core   0: 3 0x8000df38 (0x0c3f2623) mem 0x80010000 0x00000001
core   0: 0x8000df3c (0xff9ff06f) j       pc - 0x8
core   0: 3 0x8000df3c (0xff9ff06f)
core   0: 0x8000df34 (0x00002f17) auipc   t5, 0x2
core   0: 3 0x8000df34 (0x00002f17) x30 0x8000ff34
core   0: 0x8000df38 (0x0c3f2623) sw      gp, 204(t5)
core   0: 3 0x8000df38 (0x0c3f2623) mem 0x80010000 0x00000001
core   0: 0x8000df3c (0xff9ff06f) j       pc - 0x8
core   0: 3 0x8000df3c (0xff9ff06f)
core   0: 0x8000df34 (0x00002f17) auipc   t5, 0x2
core   0: 3 0x8000df34 (0x00002f17) x30 0x8000ff34
core   0: 0x8000df38 (0x0c3f2623) sw      gp, 204(t5)
core   0: 3 0x8000df38 (0x0c3f2623) mem 0x80010000 0x00000001
core   0: 0x8000df3c (0xff9ff06f) j       pc - 0x8
core   0: 3 0x8000df3c (0xff9ff06f)
core   0: 0x8000df34 (0x00002f17) auipc   t5, 0x2
core   0: 3 0x8000df34 (0x00002f17) x30 0x8000ff34
core   0: 0x8000df38 (0x0c3f2623) sw      gp, 204(t5)
core   0: 3 0x8000df38 (0x0c3f2623) mem 0x80010000 0x00000001
core   0: 0x8000df3c (0xff9ff06f) j       pc - 0x8
core   0: 3 0x8000df3c (0xff9ff06f)
core   0: 0x8000df34 (0x00002f17) auipc   t5, 0x2
core   0: 3 0x8000df34 (0x00002f17) x30 0x8000ff34
core   0: 0x8000df38 (0x0c3f2623) sw      gp, 204(t5)
core   0: 3 0x8000df38 (0x0c3f2623) mem 0x80010000 0x00000001
core   0: 0x8000df3c (0xff9ff06f) j       pc - 0x8
core   0: 3 0x8000df3c (0xff9ff06f)
core   0: 0x8000df34 (0x00002f17) auipc   t5, 0x2
core   0: 3 0x8000df34 (0x00002f17) x30 0x8000ff34
core   0: 0x8000df38 (0x0c3f2623) sw      gp, 204(t5)
core   0: 3 0x8000df38 (0x0c3f2623) mem 0x80010000 0x00000001
core   0: 0x8000df3c (0xff9ff06f) j       pc - 0x8
core   0: 3 0x8000df3c (0xff9ff06f)
core   0: 0x8000df34 (0x00002f17) auipc   t5, 0x2
core   0: 3 0x8000df34 (0x00002f17) x30 0x8000ff34
core   0: 0x8000df38 (0x0c3f2623) sw      gp, 204(t5)
core   0: 3 0x8000df38 (0x0c3f2623) mem 0x80010000 0x00000001
core   0: 0x8000df3c (0xff9ff06f) j       pc - 0x8
core   0: 3 0x8000df3c (0xff9ff06f)
core   0: 0x8000df34 (0x00002f17) auipc   t5, 0x2
core   0: 3 0x8000df34 (0x00002f17) x30 0x8000ff34
core   0: 0x8000df38 (0x0c3f2623) sw      gp, 204(t5)
core   0: 3 0x8000df38 (0x0c3f2623) mem 0x80010000 0x00000001
core   0: 0x8000df3c (0xff9ff06f) j       pc - 0x8
core   0: 3 0x8000df3c (0xff9ff06f)
core   0: 0x8000df34 (0x00002f17) auipc   t5, 0x2
core   0: 3 0x8000df34 (0x00002f17) x30 0x8000ff34
core   0: 0x8000df38 (0x0c3f2623) sw      gp, 204(t5)
core   0: 3 0x8000df38 (0x0c3f2623) mem 0x80010000 0x00000001
core   0: 0x8000df3c (0xff9ff06f) j       pc - 0x8
core   0: 3 0x8000df3c (0xff9ff06f)
core   0: 0x8000df34 (0x00002f17) auipc   t5, 0x2
core   0: 3 0x8000df34 (0x00002f17) x30 0x8000ff34
core   0: 0x8000df38 (0x0c3f2623) sw      gp, 204(t5)
core   0: 3 0x8000df38 (0x0c3f2623) mem 0x80010000 0x00000001
core   0: 0x8000df3c (0xff9ff06f) j       pc - 0x8
core   0: 3 0x8000df3c (0xff9ff06f)
core   0: 0x8000df34 (0x00002f17) auipc   t5, 0x2
core   0: 3 0x8000df34 (0x00002f17) x30 0x8000ff34
core   0: 0x8000df38 (0x0c3f2623) sw      gp, 204(t5)
core   0: 3 0x8000df38 (0x0c3f2623) mem 0x80010000 0x00000001
core   0: 0x8000df3c (0xff9ff06f) j       pc - 0x8
core   0: 3 0x8000df3c (0xff9ff06f)
core   0: 0x8000df34 (0x00002f17) auipc   t5, 0x2
core   0: 3 0x8000df34 (0x00002f17) x30 0x8000ff34
core   0: 0x8000df38 (0x0c3f2623) sw      gp, 204(t5)
core   0: 3 0x8000df38 (0x0c3f2623) mem 0x80010000 0x00000001
core   0: 0x8000df3c (0xff9ff06f) j       pc - 0x8
core   0: 3 0x8000df3c (0xff9ff06f)
core   0: 0x8000df34 (0x00002f17) auipc   t5, 0x2
core   0: 3 0x8000df34 (0x00002f17) x30 0x8000ff34
core   0: 0x8000df38 (0x0c3f2623) sw      gp, 204(t5)
core   0: 3 0x8000df38 (0x0c3f2623) mem 0x80010000 0x00000001
core   0: 0x8000df3c (0xff9ff06f) j       pc - 0x8
core   0: 3 0x8000df3c (0xff9ff06f)
core   0: 0x8000df34 (0x00002f17) auipc   t5, 0x2
core   0: 3 0x8000df34 (0x00002f17) x30 0x8000ff34
core   0: 0x8000df38 (0x0c3f2623) sw      gp, 204(t5)
core   0: 3 0x8000df38 (0x0c3f2623) mem 0x80010000 0x00000001
core   0: 0x8000df3c (0xff9ff06f) j       pc - 0x8
core   0: 3 0x8000df3c (0xff9ff06f)
core   0: 0x8000df34 (0x00002f17) auipc   t5, 0x2
core   0: 3 0x8000df34 (0x00002f17) x30 0x8000ff34
core   0: 0x8000df38 (0x0c3f2623) sw      gp, 204(t5)
core   0: 3 0x8000df38 (0x0c3f2623) mem 0x80010000 0x00000001
core   0: 0x8000df3c (0xff9ff06f) j       pc - 0x8
core   0: 3 0x8000df3c (0xff9ff06f)
core   0: 0x8000df34 (0x00002f17) auipc   t5, 0x2
core   0: 3 0x8000df34 (0x00002f17) x30 0x8000ff34
core   0: 0x8000df38 (0x0c3f2623) sw      gp, 204(t5)
core   0: 3 0x8000df38 (0x0c3f2623) mem 0x80010000 0x00000001
core   0: 0x8000df3c (0xff9ff06f) j       pc - 0x8
core   0: 3 0x8000df3c (0xff9ff06f)
core   0: 0x8000df34 (0x00002f17) auipc   t5, 0x2
core   0: 3 0x8000df34 (0x00002f17) x30 0x8000ff34
core   0: 0x8000df38 (0x0c3f2623) sw      gp, 204(t5)
core   0: 3 0x8000df38 (0x0c3f2623) mem 0x80010000 0x00000001
core   0: 0x8000df3c (0xff9ff06f) j       pc - 0x8
core   0: 3 0x8000df3c (0xff9ff06f)
core   0: 0x8000df34 (0x00002f17) auipc   t5, 0x2
core   0: 3 0x8000df34 (0x00002f17) x30 0x8000ff34
core   0: 0x8000df38 (0x0c3f2623) sw      gp, 204(t5)
core   0: 3 0x8000df38 (0x0c3f2623) mem 0x80010000 0x00000001
core   0: 0x8000df3c (0xff9ff06f) j       pc - 0x8
core   0: 3 0x8000df3c (0xff9ff06f)
core   0: 0x8000df34 (0x00002f17) auipc   t5, 0x2
core   0: 3 0x8000df34 (0x00002f17) x30 0x8000ff34
core   0: 0x8000df38 (0x0c3f2623) sw      gp, 204(t5)
core   0: 3 0x8000df38 (0x0c3f2623) mem 0x80010000 0x00000001
core   0: 0x8000df3c (0xff9ff06f) j       pc - 0x8
core   0: 3 0x8000df3c (0xff9ff06f)
core   0: 0x8000df34 (0x00002f17) auipc   t5, 0x2
core   0: 3 0x8000df34 (0x00002f17) x30 0x8000ff34
core   0: 0x8000df38 (0x0c3f2623) sw      gp, 204(t5)
core   0: 3 0x8000df38 (0x0c3f2623) mem 0x80010000 0x00000001
core   0: 0x8000df3c (0xff9ff06f) j       pc - 0x8
core   0: 3 0x8000df3c (0xff9ff06f)
core   0: 0x8000df34 (0x00002f17) auipc   t5, 0x2
core   0: 3 0x8000df34 (0x00002f17) x30 0x8000ff34
core   0: 0x8000df38 (0x0c3f2623) sw      gp, 204(t5)
core   0: 3 0x8000df38 (0x0c3f2623) mem 0x80010000 0x00000001
core   0: 0x8000df3c (0xff9ff06f) j       pc - 0x8
core   0: 3 0x8000df3c (0xff9ff06f)
core   0: 0x8000df34 (0x00002f17) auipc   t5, 0x2
core   0: 3 0x8000df34 (0x00002f17) x30 0x8000ff34
core   0: 0x8000df38 (0x0c3f2623) sw      gp, 204(t5)
core   0: 3 0x8000df38 (0x0c3f2623) mem 0x80010000 0x00000001
core   0: 0x8000df3c (0xff9ff06f) j       pc - 0x8
core   0: 3 0x8000df3c (0xff9ff06f)
core   0: 0x8000df34 (0x00002f17) auipc   t5, 0x2
core   0: 3 0x8000df34 (0x00002f17) x30 0x8000ff34
core   0: 0x8000df38 (0x0c3f2623) sw      gp, 204(t5)
core   0: 3 0x8000df38 (0x0c3f2623) mem 0x80010000 0x00000001
core   0: 0x8000df3c (0xff9ff06f) j       pc - 0x8
core   0: 3 0x8000df3c (0xff9ff06f)
core   0: 0x8000df34 (0x00002f17) auipc   t5, 0x2
core   0: 3 0x8000df34 (0x00002f17) x30 0x8000ff34
core   0: 0x8000df38 (0x0c3f2623) sw      gp, 204(t5)
core   0: 3 0x8000df38 (0x0c3f2623) mem 0x80010000 0x00000001
core   0: 0x8000df3c (0xff9ff06f) j       pc - 0x8
core   0: 3 0x8000df3c (0xff9ff06f)
core   0: 0x8000df34 (0x00002f17) auipc   t5, 0x2
core   0: 3 0x8000df34 (0x00002f17) x30 0x8000ff34
core   0: 0x8000df38 (0x0c3f2623) sw      gp, 204(t5)
core   0: 3 0x8000df38 (0x0c3f2623) mem 0x80010000 0x00000001
core   0: 0x8000df3c (0xff9ff06f) j       pc - 0x8
core   0: 3 0x8000df3c (0xff9ff06f)
core   0: 0x8000df34 (0x00002f17) auipc   t5, 0x2
core   0: 3 0x8000df34 (0x00002f17) x30 0x8000ff34
core   0: 0x8000df38 (0x0c3f2623) sw      gp, 204(t5)
core   0: 3 0x8000df38 (0x0c3f2623) mem 0x80010000 0x00000001
core   0: 0x8000df3c (0xff9ff06f) j       pc - 0x8
core   0: 3 0x8000df3c (0xff9ff06f)
core   0: 0x8000df34 (0x00002f17) auipc   t5, 0x2
core   0: 3 0x8000df34 (0x00002f17) x30 0x8000ff34
core   0: 0x8000df38 (0x0c3f2623) sw      gp, 204(t5)
core   0: 3 0x8000df38 (0x0c3f2623) mem 0x80010000 0x00000001
core   0: 0x8000df3c (0xff9ff06f) j       pc - 0x8
core   0: 3 0x8000df3c (0xff9ff06f)
core   0: 0x8000df34 (0x00002f17) auipc   t5, 0x2
core   0: 3 0x8000df34 (0x00002f17) x30 0x8000ff34
core   0: 0x8000df38 (0x0c3f2623) sw      gp, 204(t5)
core   0: 3 0x8000df38 (0x0c3f2623) mem 0x80010000 0x00000001
core   0: 0x8000df3c (0xff9ff06f) j       pc - 0x8
core   0: 3 0x8000df3c (0xff9ff06f)
core   0: 0x8000df34 (0x00002f17) auipc   t5, 0x2
core   0: 3 0x8000df34 (0x00002f17) x30 0x8000ff34
core   0: 0x8000df38 (0x0c3f2623) sw      gp, 204(t5)
core   0: 3 0x8000df38 (0x0c3f2623) mem 0x80010000 0x00000001
core   0: 0x8000df3c (0xff9ff06f) j       pc - 0x8
core   0: 3 0x8000df3c (0xff9ff06f)
core   0: 0x8000df34 (0x00002f17) auipc   t5, 0x2
core   0: 3 0x8000df34 (0x00002f17) x30 0x8000ff34
core   0: 0x8000df38 (0x0c3f2623) sw      gp, 204(t5)
core   0: 3 0x8000df38 (0x0c3f2623) mem 0x80010000 0x00000001
core   0: 0x8000df3c (0xff9ff06f) j       pc - 0x8
core   0: 3 0x8000df3c (0xff9ff06f)
core   0: 0x8000df34 (0x00002f17) auipc   t5, 0x2
core   0: 3 0x8000df34 (0x00002f17) x30 0x8000ff34
core   0: 0x8000df38 (0x0c3f2623) sw      gp, 204(t5)
core   0: 3 0x8000df38 (0x0c3f2623) mem 0x80010000 0x00000001
core   0: 0x8000df3c (0xff9ff06f) j       pc - 0x8
core   0: 3 0x8000df3c (0xff9ff06f)
core   0: 0x8000df34 (0x00002f17) auipc   t5, 0x2
core   0: 3 0x8000df34 (0x00002f17) x30 0x8000ff34
core   0: 0x8000df38 (0x0c3f2623) sw      gp, 204(t5)
core   0: 3 0x8000df38 (0x0c3f2623) mem 0x80010000 0x00000001
core   0: 0x8000df3c (0xff9ff06f) j       pc - 0x8
core   0: 3 0x8000df3c (0xff9ff06f)
core   0: 0x8000df34 (0x00002f17) auipc   t5, 0x2
core   0: 3 0x8000df34 (0x00002f17) x30 0x8000ff34
core   0: 0x8000df38 (0x0c3f2623) sw      gp, 204(t5)
core   0: 3 0x8000df38 (0x0c3f2623) mem 0x80010000 0x00000001
core   0: 0x8000df3c (0xff9ff06f) j       pc - 0x8
core   0: 3 0x8000df3c (0xff9ff06f)
core   0: 0x8000df34 (0x00002f17) auipc   t5, 0x2
core   0: 3 0x8000df34 (0x00002f17) x30 0x8000ff34
core   0: 0x8000df38 (0x0c3f2623) sw      gp, 204(t5)
core   0: 3 0x8000df38 (0x0c3f2623) mem 0x80010000 0x00000001
core   0: 0x8000df3c (0xff9ff06f) j       pc - 0x8
core   0: 3 0x8000df3c (0xff9ff06f)
core   0: 0x8000df34 (0x00002f17) auipc   t5, 0x2
core   0: 3 0x8000df34 (0x00002f17) x30 0x8000ff34
core   0: 0x8000df38 (0x0c3f2623) sw      gp, 204(t5)
core   0: 3 0x8000df38 (0x0c3f2623) mem 0x80010000 0x00000001
core   0: 0x8000df3c (0xff9ff06f) j       pc - 0x8
core   0: 3 0x8000df3c (0xff9ff06f)
core   0: 0x8000df34 (0x00002f17) auipc   t5, 0x2
core   0: 3 0x8000df34 (0x00002f17) x30 0x8000ff34
core   0: 0x8000df38 (0x0c3f2623) sw      gp, 204(t5)
core   0: 3 0x8000df38 (0x0c3f2623) mem 0x80010000 0x00000001
core   0: 0x8000df3c (0xff9ff06f) j       pc - 0x8
core   0: 3 0x8000df3c (0xff9ff06f)
core   0: 0x8000df34 (0x00002f17) auipc   t5, 0x2
core   0: 3 0x8000df34 (0x00002f17) x30 0x8000ff34
core   0: 0x8000df38 (0x0c3f2623) sw      gp, 204(t5)
core   0: 3 0x8000df38 (0x0c3f2623) mem 0x80010000 0x00000001
core   0: 0x8000df3c (0xff9ff06f) j       pc - 0x8
core   0: 3 0x8000df3c (0xff9ff06f)
core   0: 0x8000df34 (0x00002f17) auipc   t5, 0x2
core   0: 3 0x8000df34 (0x00002f17) x30 0x8000ff34
core   0: 0x8000df38 (0x0c3f2623) sw      gp, 204(t5)
core   0: 3 0x8000df38 (0x0c3f2623) mem 0x80010000 0x00000001
core   0: 0x8000df3c (0xff9ff06f) j       pc - 0x8
core   0: 3 0x8000df3c (0xff9ff06f)
core   0: 0x8000df34 (0x00002f17) auipc   t5, 0x2
core   0: 3 0x8000df34 (0x00002f17) x30 0x8000ff34
core   0: 0x8000df38 (0x0c3f2623) sw      gp, 204(t5)
core   0: 3 0x8000df38 (0x0c3f2623) mem 0x80010000 0x00000001
core   0: 0x8000df3c (0xff9ff06f) j       pc - 0x8
core   0: 3 0x8000df3c (0xff9ff06f)
core   0: 0x8000df34 (0x00002f17) auipc   t5, 0x2
core   0: 3 0x8000df34 (0x00002f17) x30 0x8000ff34
core   0: 0x8000df38 (0x0c3f2623) sw      gp, 204(t5)
core   0: 3 0x8000df38 (0x0c3f2623) mem 0x80010000 0x00000001
core   0: 0x8000df3c (0xff9ff06f) j       pc - 0x8
core   0: 3 0x8000df3c (0xff9ff06f)
core   0: 0x8000df34 (0x00002f17) auipc   t5, 0x2
core   0: 3 0x8000df34 (0x00002f17) x30 0x8000ff34
core   0: 0x8000df38 (0x0c3f2623) sw      gp, 204(t5)
core   0: 3 0x8000df38 (0x0c3f2623) mem 0x80010000 0x00000001
core   0: 0x8000df3c (0xff9ff06f) j       pc - 0x8
core   0: 3 0x8000df3c (0xff9ff06f)
core   0: 0x8000df34 (0x00002f17) auipc   t5, 0x2
core   0: 3 0x8000df34 (0x00002f17) x30 0x8000ff34
core   0: 0x8000df38 (0x0c3f2623) sw      gp, 204(t5)
core   0: 3 0x8000df38 (0x0c3f2623) mem 0x80010000 0x00000001
core   0: 0x8000df3c (0xff9ff06f) j       pc - 0x8
core   0: 3 0x8000df3c (0xff9ff06f)
core   0: 0x8000df34 (0x00002f17) auipc   t5, 0x2
core   0: 3 0x8000df34 (0x00002f17) x30 0x8000ff34
core   0: 0x8000df38 (0x0c3f2623) sw      gp, 204(t5)
core   0: 3 0x8000df38 (0x0c3f2623) mem 0x80010000 0x00000001
core   0: 0x8000df3c (0xff9ff06f) j       pc - 0x8
core   0: 3 0x8000df3c (0xff9ff06f)
core   0: 0x8000df34 (0x00002f17) auipc   t5, 0x2
core   0: 3 0x8000df34 (0x00002f17) x30 0x8000ff34
core   0: 0x8000df38 (0x0c3f2623) sw      gp, 204(t5)
core   0: 3 0x8000df38 (0x0c3f2623) mem 0x80010000 0x00000001
core   0: 0x8000df3c (0xff9ff06f) j       pc - 0x8
core   0: 3 0x8000df3c (0xff9ff06f)
core   0: 0x8000df34 (0x00002f17) auipc   t5, 0x2
core   0: 3 0x8000df34 (0x00002f17) x30 0x8000ff34
core   0: 0x8000df38 (0x0c3f2623) sw      gp, 204(t5)
core   0: 3 0x8000df38 (0x0c3f2623) mem 0x80010000 0x00000001
core   0: 0x8000df3c (0xff9ff06f) j       pc - 0x8
core   0: 3 0x8000df3c (0xff9ff06f)
core   0: 0x8000df34 (0x00002f17) auipc   t5, 0x2
core   0: 3 0x8000df34 (0x00002f17) x30 0x8000ff34
core   0: 0x8000df38 (0x0c3f2623) sw      gp, 204(t5)
core   0: 3 0x8000df38 (0x0c3f2623) mem 0x80010000 0x00000001
core   0: 0x8000df3c (0xff9ff06f) j       pc - 0x8
core   0: 3 0x8000df3c (0xff9ff06f)
core   0: 0x8000df34 (0x00002f17) auipc   t5, 0x2
core   0: 3 0x8000df34 (0x00002f17) x30 0x8000ff34
core   0: 0x8000df38 (0x0c3f2623) sw      gp, 204(t5)
core   0: 3 0x8000df38 (0x0c3f2623) mem 0x80010000 0x00000001
core   0: 0x8000df3c (0xff9ff06f) j       pc - 0x8
core   0: 3 0x8000df3c (0xff9ff06f)
core   0: 0x8000df34 (0x00002f17) auipc   t5, 0x2
core   0: 3 0x8000df34 (0x00002f17) x30 0x8000ff34
core   0: 0x8000df38 (0x0c3f2623) sw      gp, 204(t5)
core   0: 3 0x8000df38 (0x0c3f2623) mem 0x80010000 0x00000001
core   0: 0x8000df3c (0xff9ff06f) j       pc - 0x8
core   0: 3 0x8000df3c (0xff9ff06f)
core   0: 0x8000df34 (0x00002f17) auipc   t5, 0x2
core   0: 3 0x8000df34 (0x00002f17) x30 0x8000ff34
core   0: 0x8000df38 (0x0c3f2623) sw      gp, 204(t5)
core   0: 3 0x8000df38 (0x0c3f2623) mem 0x80010000 0x00000001
core   0: 0x8000df3c (0xff9ff06f) j       pc - 0x8
core   0: 3 0x8000df3c (0xff9ff06f)
core   0: 0x8000df34 (0x00002f17) auipc   t5, 0x2
core   0: 3 0x8000df34 (0x00002f17) x30 0x8000ff34
core   0: 0x8000df38 (0x0c3f2623) sw      gp, 204(t5)
core   0: 3 0x8000df38 (0x0c3f2623) mem 0x80010000 0x00000001
core   0: 0x8000df3c (0xff9ff06f) j       pc - 0x8
core   0: 3 0x8000df3c (0xff9ff06f)
core   0: 0x8000df34 (0x00002f17) auipc   t5, 0x2
core   0: 3 0x8000df34 (0x00002f17) x30 0x8000ff34
core   0: 0x8000df38 (0x0c3f2623) sw      gp, 204(t5)
core   0: 3 0x8000df38 (0x0c3f2623) mem 0x80010000 0x00000001
core   0: 0x8000df3c (0xff9ff06f) j       pc - 0x8
core   0: 3 0x8000df3c (0xff9ff06f)
core   0: 0x8000df34 (0x00002f17) auipc   t5, 0x2
core   0: 3 0x8000df34 (0x00002f17) x30 0x8000ff34
core   0: 0x8000df38 (0x0c3f2623) sw      gp, 204(t5)
core   0: 3 0x8000df38 (0x0c3f2623) mem 0x80010000 0x00000001
core   0: 0x8000df3c (0xff9ff06f) j       pc - 0x8
core   0: 3 0x8000df3c (0xff9ff06f)
core   0: 0x8000df34 (0x00002f17) auipc   t5, 0x2
core   0: 3 0x8000df34 (0x00002f17) x30 0x8000ff34
core   0: 0x8000df38 (0x0c3f2623) sw      gp, 204(t5)
core   0: 3 0x8000df38 (0x0c3f2623) mem 0x80010000 0x00000001
core   0: 0x8000df3c (0xff9ff06f) j       pc - 0x8
core   0: 3 0x8000df3c (0xff9ff06f)
core   0: 0x8000df34 (0x00002f17) auipc   t5, 0x2
core   0: 3 0x8000df34 (0x00002f17) x30 0x8000ff34
core   0: 0x8000df38 (0x0c3f2623) sw      gp, 204(t5)
core   0: 3 0x8000df38 (0x0c3f2623) mem 0x80010000 0x00000001
core   0: 0x8000df3c (0xff9ff06f) j       pc - 0x8
core   0: 3 0x8000df3c (0xff9ff06f)
core   0: 0x8000df34 (0x00002f17) auipc   t5, 0x2
core   0: 3 0x8000df34 (0x00002f17) x30 0x8000ff34
core   0: 0x8000df38 (0x0c3f2623) sw      gp, 204(t5)
core   0: 3 0x8000df38 (0x0c3f2623) mem 0x80010000 0x00000001
core   0: 0x8000df3c (0xff9ff06f) j       pc - 0x8
core   0: 3 0x8000df3c (0xff9ff06f)
core   0: 0x8000df34 (0x00002f17) auipc   t5, 0x2
core   0: 3 0x8000df34 (0x00002f17) x30 0x8000ff34
core   0: 0x8000df38 (0x0c3f2623) sw      gp, 204(t5)
core   0: 3 0x8000df38 (0x0c3f2623) mem 0x80010000 0x00000001
core   0: 0x8000df3c (0xff9ff06f) j       pc - 0x8
core   0: 3 0x8000df3c (0xff9ff06f)
core   0: 0x8000df34 (0x00002f17) auipc   t5, 0x2
core   0: 3 0x8000df34 (0x00002f17) x30 0x8000ff34
core   0: 0x8000df38 (0x0c3f2623) sw      gp, 204(t5)
core   0: 3 0x8000df38 (0x0c3f2623) mem 0x80010000 0x00000001
core   0: 0x8000df3c (0xff9ff06f) j       pc - 0x8
core   0: 3 0x8000df3c (0xff9ff06f)
core   0: 0x8000df34 (0x00002f17) auipc   t5, 0x2
core   0: 3 0x8000df34 (0x00002f17) x30 0x8000ff34
core   0: 0x8000df38 (0x0c3f2623) sw      gp, 204(t5)
core   0: 3 0x8000df38 (0x0c3f2623) mem 0x80010000 0x00000001
core   0: 0x8000df3c (0xff9ff06f) j       pc - 0x8
core   0: 3 0x8000df3c (0xff9ff06f)
core   0: 0x8000df34 (0x00002f17) auipc   t5, 0x2
core   0: 3 0x8000df34 (0x00002f17) x30 0x8000ff34
core   0: 0x8000df38 (0x0c3f2623) sw      gp, 204(t5)
core   0: 3 0x8000df38 (0x0c3f2623) mem 0x80010000 0x00000001
core   0: 0x8000df3c (0xff9ff06f) j       pc - 0x8
core   0: 3 0x8000df3c (0xff9ff06f)
core   0: 0x8000df34 (0x00002f17) auipc   t5, 0x2
core   0: 3 0x8000df34 (0x00002f17) x30 0x8000ff34
core   0: 0x8000df38 (0x0c3f2623) sw      gp, 204(t5)
core   0: 3 0x8000df38 (0x0c3f2623) mem 0x80010000 0x00000001
core   0: 0x8000df3c (0xff9ff06f) j       pc - 0x8
core   0: 3 0x8000df3c (0xff9ff06f)
core   0: 0x8000df34 (0x00002f17) auipc   t5, 0x2
core   0: 3 0x8000df34 (0x00002f17) x30 0x8000ff34
core   0: 0x8000df38 (0x0c3f2623) sw      gp, 204(t5)
core   0: 3 0x8000df38 (0x0c3f2623) mem 0x80010000 0x00000001
core   0: 0x8000df3c (0xff9ff06f) j       pc - 0x8
core   0: 3 0x8000df3c (0xff9ff06f)
core   0: 0x8000df34 (0x00002f17) auipc   t5, 0x2
core   0: 3 0x8000df34 (0x00002f17) x30 0x8000ff34
core   0: 0x8000df38 (0x0c3f2623) sw      gp, 204(t5)
core   0: 3 0x8000df38 (0x0c3f2623) mem 0x80010000 0x00000001
core   0: 0x8000df3c (0xff9ff06f) j       pc - 0x8
core   0: 3 0x8000df3c (0xff9ff06f)
core   0: 0x8000df34 (0x00002f17) auipc   t5, 0x2
core   0: 3 0x8000df34 (0x00002f17) x30 0x8000ff34
core   0: 0x8000df38 (0x0c3f2623) sw      gp, 204(t5)
core   0: 3 0x8000df38 (0x0c3f2623) mem 0x80010000 0x00000001
core   0: 0x8000df3c (0xff9ff06f) j       pc - 0x8
core   0: 3 0x8000df3c (0xff9ff06f)
core   0: 0x8000df34 (0x00002f17) auipc   t5, 0x2
core   0: 3 0x8000df34 (0x00002f17) x30 0x8000ff34
core   0: 0x8000df38 (0x0c3f2623) sw      gp, 204(t5)
core   0: 3 0x8000df38 (0x0c3f2623) mem 0x80010000 0x00000001
core   0: 0x8000df3c (0xff9ff06f) j       pc - 0x8
core   0: 3 0x8000df3c (0xff9ff06f)
core   0: 0x8000df34 (0x00002f17) auipc   t5, 0x2
core   0: 3 0x8000df34 (0x00002f17) x30 0x8000ff34
core   0: 0x8000df38 (0x0c3f2623) sw      gp, 204(t5)
core   0: 3 0x8000df38 (0x0c3f2623) mem 0x80010000 0x00000001
core   0: 0x8000df3c (0xff9ff06f) j       pc - 0x8
core   0: 3 0x8000df3c (0xff9ff06f)
core   0: 0x8000df34 (0x00002f17) auipc   t5, 0x2
core   0: 3 0x8000df34 (0x00002f17) x30 0x8000ff34
core   0: 0x8000df38 (0x0c3f2623) sw      gp, 204(t5)
core   0: 3 0x8000df38 (0x0c3f2623) mem 0x80010000 0x00000001
core   0: 0x8000df3c (0xff9ff06f) j       pc - 0x8
core   0: 3 0x8000df3c (0xff9ff06f)
core   0: 0x8000df34 (0x00002f17) auipc   t5, 0x2
core   0: 3 0x8000df34 (0x00002f17) x30 0x8000ff34
core   0: 0x8000df38 (0x0c3f2623) sw      gp, 204(t5)
core   0: 3 0x8000df38 (0x0c3f2623) mem 0x80010000 0x00000001
core   0: 0x8000df3c (0xff9ff06f) j       pc - 0x8
core   0: 3 0x8000df3c (0xff9ff06f)
core   0: 0x8000df34 (0x00002f17) auipc   t5, 0x2
core   0: 3 0x8000df34 (0x00002f17) x30 0x8000ff34
core   0: 0x8000df38 (0x0c3f2623) sw      gp, 204(t5)
core   0: 3 0x8000df38 (0x0c3f2623) mem 0x80010000 0x00000001
core   0: 0x8000df3c (0xff9ff06f) j       pc - 0x8
core   0: 3 0x8000df3c (0xff9ff06f)
core   0: 0x8000df34 (0x00002f17) auipc   t5, 0x2
core   0: 3 0x8000df34 (0x00002f17) x30 0x8000ff34
core   0: 0x8000df38 (0x0c3f2623) sw      gp, 204(t5)
core   0: 3 0x8000df38 (0x0c3f2623) mem 0x80010000 0x00000001
core   0: 0x8000df3c (0xff9ff06f) j       pc - 0x8
core   0: 3 0x8000df3c (0xff9ff06f)
core   0: 0x8000df34 (0x00002f17) auipc   t5, 0x2
core   0: 3 0x8000df34 (0x00002f17) x30 0x8000ff34
core   0: 0x8000df38 (0x0c3f2623) sw      gp, 204(t5)
core   0: 3 0x8000df38 (0x0c3f2623) mem 0x80010000 0x00000001
core   0: 0x8000df3c (0xff9ff06f) j       pc - 0x8
core   0: 3 0x8000df3c (0xff9ff06f)
core   0: 0x8000df34 (0x00002f17) auipc   t5, 0x2
core   0: 3 0x8000df34 (0x00002f17) x30 0x8000ff34
core   0: 0x8000df38 (0x0c3f2623) sw      gp, 204(t5)
core   0: 3 0x8000df38 (0x0c3f2623) mem 0x80010000 0x00000001
core   0: 0x8000df3c (0xff9ff06f) j       pc - 0x8
core   0: 3 0x8000df3c (0xff9ff06f)
core   0: 0x8000df34 (0x00002f17) auipc   t5, 0x2
core   0: 3 0x8000df34 (0x00002f17) x30 0x8000ff34
core   0: 0x8000df38 (0x0c3f2623) sw      gp, 204(t5)
core   0: 3 0x8000df38 (0x0c3f2623) mem 0x80010000 0x00000001
core   0: 0x8000df3c (0xff9ff06f) j       pc - 0x8
core   0: 3 0x8000df3c (0xff9ff06f)
core   0: 0x8000df34 (0x00002f17) auipc   t5, 0x2
core   0: 3 0x8000df34 (0x00002f17) x30 0x8000ff34
core   0: 0x8000df38 (0x0c3f2623) sw      gp, 204(t5)
core   0: 3 0x8000df38 (0x0c3f2623) mem 0x80010000 0x00000001
core   0: 0x8000df3c (0xff9ff06f) j       pc - 0x8
core   0: 3 0x8000df3c (0xff9ff06f)
core   0: 0x8000df34 (0x00002f17) auipc   t5, 0x2
core   0: 3 0x8000df34 (0x00002f17) x30 0x8000ff34
core   0: 0x8000df38 (0x0c3f2623) sw      gp, 204(t5)
core   0: 3 0x8000df38 (0x0c3f2623) mem 0x80010000 0x00000001
core   0: 0x8000df3c (0xff9ff06f) j       pc - 0x8
core   0: 3 0x8000df3c (0xff9ff06f)
core   0: 0x8000df34 (0x00002f17) auipc   t5, 0x2
core   0: 3 0x8000df34 (0x00002f17) x30 0x8000ff34
core   0: 0x8000df38 (0x0c3f2623) sw      gp, 204(t5)
core   0: 3 0x8000df38 (0x0c3f2623) mem 0x80010000 0x00000001
core   0: 0x8000df3c (0xff9ff06f) j       pc - 0x8
core   0: 3 0x8000df3c (0xff9ff06f)
core   0: 0x8000df34 (0x00002f17) auipc   t5, 0x2
core   0: 3 0x8000df34 (0x00002f17) x30 0x8000ff34
core   0: 0x8000df38 (0x0c3f2623) sw      gp, 204(t5)
core   0: 3 0x8000df38 (0x0c3f2623) mem 0x80010000 0x00000001
core   0: 0x8000df3c (0xff9ff06f) j       pc - 0x8
core   0: 3 0x8000df3c (0xff9ff06f)
core   0: 0x8000df34 (0x00002f17) auipc   t5, 0x2
core   0: 3 0x8000df34 (0x00002f17) x30 0x8000ff34
core   0: 0x8000df38 (0x0c3f2623) sw      gp, 204(t5)
core   0: 3 0x8000df38 (0x0c3f2623) mem 0x80010000 0x00000001
core   0: 0x8000df3c (0xff9ff06f) j       pc - 0x8
core   0: 3 0x8000df3c (0xff9ff06f)
core   0: 0x8000df34 (0x00002f17) auipc   t5, 0x2
core   0: 3 0x8000df34 (0x00002f17) x30 0x8000ff34
core   0: 0x8000df38 (0x0c3f2623) sw      gp, 204(t5)
core   0: 3 0x8000df38 (0x0c3f2623) mem 0x80010000 0x00000001
core   0: 0x8000df3c (0xff9ff06f) j       pc - 0x8
core   0: 3 0x8000df3c (0xff9ff06f)
core   0: 0x8000df34 (0x00002f17) auipc   t5, 0x2
core   0: 3 0x8000df34 (0x00002f17) x30 0x8000ff34
core   0: 0x8000df38 (0x0c3f2623) sw      gp, 204(t5)
core   0: 3 0x8000df38 (0x0c3f2623) mem 0x80010000 0x00000001
core   0: 0x8000df3c (0xff9ff06f) j       pc - 0x8
core   0: 3 0x8000df3c (0xff9ff06f)
core   0: 0x8000df34 (0x00002f17) auipc   t5, 0x2
core   0: 3 0x8000df34 (0x00002f17) x30 0x8000ff34
core   0: 0x8000df38 (0x0c3f2623) sw      gp, 204(t5)
core   0: 3 0x8000df38 (0x0c3f2623) mem 0x80010000 0x00000001
core   0: 0x8000df3c (0xff9ff06f) j       pc - 0x8
core   0: 3 0x8000df3c (0xff9ff06f)
core   0: 0x8000df34 (0x00002f17) auipc   t5, 0x2
core   0: 3 0x8000df34 (0x00002f17) x30 0x8000ff34
core   0: 0x8000df38 (0x0c3f2623) sw      gp, 204(t5)
core   0: 3 0x8000df38 (0x0c3f2623) mem 0x80010000 0x00000001
core   0: 0x8000df3c (0xff9ff06f) j       pc - 0x8
core   0: 3 0x8000df3c (0xff9ff06f)
core   0: 0x8000df34 (0x00002f17) auipc   t5, 0x2
core   0: 3 0x8000df34 (0x00002f17) x30 0x8000ff34
core   0: 0x8000df38 (0x0c3f2623) sw      gp, 204(t5)
core   0: 3 0x8000df38 (0x0c3f2623) mem 0x80010000 0x00000001
core   0: 0x8000df3c (0xff9ff06f) j       pc - 0x8
core   0: 3 0x8000df3c (0xff9ff06f)
core   0: 0x8000df34 (0x00002f17) auipc   t5, 0x2
core   0: 3 0x8000df34 (0x00002f17) x30 0x8000ff34
core   0: 0x8000df38 (0x0c3f2623) sw      gp, 204(t5)
core   0: 3 0x8000df38 (0x0c3f2623) mem 0x80010000 0x00000001
core   0: 0x8000df3c (0xff9ff06f) j       pc - 0x8
core   0: 3 0x8000df3c (0xff9ff06f)
core   0: 0x8000df34 (0x00002f17) auipc   t5, 0x2
core   0: 3 0x8000df34 (0x00002f17) x30 0x8000ff34
core   0: 0x8000df38 (0x0c3f2623) sw      gp, 204(t5)
core   0: 3 0x8000df38 (0x0c3f2623) mem 0x80010000 0x00000001
core   0: 0x8000df3c (0xff9ff06f) j       pc - 0x8
core   0: 3 0x8000df3c (0xff9ff06f)
core   0: 0x8000df34 (0x00002f17) auipc   t5, 0x2
core   0: 3 0x8000df34 (0x00002f17) x30 0x8000ff34
core   0: 0x8000df38 (0x0c3f2623) sw      gp, 204(t5)
core   0: 3 0x8000df38 (0x0c3f2623) mem 0x80010000 0x00000001
core   0: 0x8000df3c (0xff9ff06f) j       pc - 0x8
core   0: 3 0x8000df3c (0xff9ff06f)
core   0: 0x8000df34 (0x00002f17) auipc   t5, 0x2
core   0: 3 0x8000df34 (0x00002f17) x30 0x8000ff34
core   0: 0x8000df38 (0x0c3f2623) sw      gp, 204(t5)
core   0: 3 0x8000df38 (0x0c3f2623) mem 0x80010000 0x00000001
core   0: 0x8000df3c (0xff9ff06f) j       pc - 0x8
core   0: 3 0x8000df3c (0xff9ff06f)
core   0: 0x8000df34 (0x00002f17) auipc   t5, 0x2
core   0: 3 0x8000df34 (0x00002f17) x30 0x8000ff34
core   0: 0x8000df38 (0x0c3f2623) sw      gp, 204(t5)
core   0: 3 0x8000df38 (0x0c3f2623) mem 0x80010000 0x00000001
core   0: 0x8000df3c (0xff9ff06f) j       pc - 0x8
core   0: 3 0x8000df3c (0xff9ff06f)
core   0: 0x8000df34 (0x00002f17) auipc   t5, 0x2
core   0: 3 0x8000df34 (0x00002f17) x30 0x8000ff34
core   0: 0x8000df38 (0x0c3f2623) sw      gp, 204(t5)
core   0: 3 0x8000df38 (0x0c3f2623) mem 0x80010000 0x00000001
core   0: 0x8000df3c (0xff9ff06f) j       pc - 0x8
core   0: 3 0x8000df3c (0xff9ff06f)
core   0: 0x8000df34 (0x00002f17) auipc   t5, 0x2
core   0: 3 0x8000df34 (0x00002f17) x30 0x8000ff34
core   0: 0x8000df38 (0x0c3f2623) sw      gp, 204(t5)
core   0: 3 0x8000df38 (0x0c3f2623) mem 0x80010000 0x00000001
core   0: 0x8000df3c (0xff9ff06f) j       pc - 0x8
core   0: 3 0x8000df3c (0xff9ff06f)
core   0: 0x8000df34 (0x00002f17) auipc   t5, 0x2
core   0: 3 0x8000df34 (0x00002f17) x30 0x8000ff34
core   0: 0x8000df38 (0x0c3f2623) sw      gp, 204(t5)
core   0: 3 0x8000df38 (0x0c3f2623) mem 0x80010000 0x00000001
core   0: 0x8000df3c (0xff9ff06f) j       pc - 0x8
core   0: 3 0x8000df3c (0xff9ff06f)
core   0: 0x8000df34 (0x00002f17) auipc   t5, 0x2
core   0: 3 0x8000df34 (0x00002f17) x30 0x8000ff34
core   0: 0x8000df38 (0x0c3f2623) sw      gp, 204(t5)
core   0: 3 0x8000df38 (0x0c3f2623) mem 0x80010000 0x00000001
core   0: 0x8000df3c (0xff9ff06f) j       pc - 0x8
core   0: 3 0x8000df3c (0xff9ff06f)
core   0: 0x8000df34 (0x00002f17) auipc   t5, 0x2
core   0: 3 0x8000df34 (0x00002f17) x30 0x8000ff34
core   0: 0x8000df38 (0x0c3f2623) sw      gp, 204(t5)
core   0: 3 0x8000df38 (0x0c3f2623) mem 0x80010000 0x00000001
core   0: 0x8000df3c (0xff9ff06f) j       pc - 0x8
core   0: 3 0x8000df3c (0xff9ff06f)
core   0: 0x8000df34 (0x00002f17) auipc   t5, 0x2
core   0: 3 0x8000df34 (0x00002f17) x30 0x8000ff34
core   0: 0x8000df38 (0x0c3f2623) sw      gp, 204(t5)
core   0: 3 0x8000df38 (0x0c3f2623) mem 0x80010000 0x00000001
core   0: 0x8000df3c (0xff9ff06f) j       pc - 0x8
core   0: 3 0x8000df3c (0xff9ff06f)
core   0: 0x8000df34 (0x00002f17) auipc   t5, 0x2
core   0: 3 0x8000df34 (0x00002f17) x30 0x8000ff34
core   0: 0x8000df38 (0x0c3f2623) sw      gp, 204(t5)
core   0: 3 0x8000df38 (0x0c3f2623) mem 0x80010000 0x00000001
core   0: 0x8000df3c (0xff9ff06f) j       pc - 0x8
core   0: 3 0x8000df3c (0xff9ff06f)
core   0: 0x8000df34 (0x00002f17) auipc   t5, 0x2
core   0: 3 0x8000df34 (0x00002f17) x30 0x8000ff34
core   0: 0x8000df38 (0x0c3f2623) sw      gp, 204(t5)
core   0: 3 0x8000df38 (0x0c3f2623) mem 0x80010000 0x00000001
core   0: 0x8000df3c (0xff9ff06f) j       pc - 0x8
core   0: 3 0x8000df3c (0xff9ff06f)
core   0: 0x8000df34 (0x00002f17) auipc   t5, 0x2
core   0: 3 0x8000df34 (0x00002f17) x30 0x8000ff34
core   0: 0x8000df38 (0x0c3f2623) sw      gp, 204(t5)
core   0: 3 0x8000df38 (0x0c3f2623) mem 0x80010000 0x00000001
core   0: 0x8000df3c (0xff9ff06f) j       pc - 0x8
core   0: 3 0x8000df3c (0xff9ff06f)
core   0: 0x8000df34 (0x00002f17) auipc   t5, 0x2
core   0: 3 0x8000df34 (0x00002f17) x30 0x8000ff34
core   0: 0x8000df38 (0x0c3f2623) sw      gp, 204(t5)
core   0: 3 0x8000df38 (0x0c3f2623) mem 0x80010000 0x00000001
core   0: 0x8000df3c (0xff9ff06f) j       pc - 0x8
core   0: 3 0x8000df3c (0xff9ff06f)
core   0: 0x8000df34 (0x00002f17) auipc   t5, 0x2
core   0: 3 0x8000df34 (0x00002f17) x30 0x8000ff34
core   0: 0x8000df38 (0x0c3f2623) sw      gp, 204(t5)
core   0: 3 0x8000df38 (0x0c3f2623) mem 0x80010000 0x00000001
core   0: 0x8000df3c (0xff9ff06f) j       pc - 0x8
core   0: 3 0x8000df3c (0xff9ff06f)
core   0: 0x8000df34 (0x00002f17) auipc   t5, 0x2
core   0: 3 0x8000df34 (0x00002f17) x30 0x8000ff34
core   0: 0x8000df38 (0x0c3f2623) sw      gp, 204(t5)
core   0: 3 0x8000df38 (0x0c3f2623) mem 0x80010000 0x00000001
core   0: 0x8000df3c (0xff9ff06f) j       pc - 0x8
core   0: 3 0x8000df3c (0xff9ff06f)
core   0: 0x8000df34 (0x00002f17) auipc   t5, 0x2
core   0: 3 0x8000df34 (0x00002f17) x30 0x8000ff34
core   0: 0x8000df38 (0x0c3f2623) sw      gp, 204(t5)
core   0: 3 0x8000df38 (0x0c3f2623) mem 0x80010000 0x00000001
core   0: 0x8000df3c (0xff9ff06f) j       pc - 0x8
core   0: 3 0x8000df3c (0xff9ff06f)
core   0: 0x8000df34 (0x00002f17) auipc   t5, 0x2
core   0: 3 0x8000df34 (0x00002f17) x30 0x8000ff34
core   0: 0x8000df38 (0x0c3f2623) sw      gp, 204(t5)
core   0: 3 0x8000df38 (0x0c3f2623) mem 0x80010000 0x00000001
core   0: 0x8000df3c (0xff9ff06f) j       pc - 0x8
core   0: 3 0x8000df3c (0xff9ff06f)
core   0: 0x8000df34 (0x00002f17) auipc   t5, 0x2
core   0: 3 0x8000df34 (0x00002f17) x30 0x8000ff34
core   0: 0x8000df38 (0x0c3f2623) sw      gp, 204(t5)
core   0: 3 0x8000df38 (0x0c3f2623) mem 0x80010000 0x00000001
core   0: 0x8000df3c (0xff9ff06f) j       pc - 0x8
core   0: 3 0x8000df3c (0xff9ff06f)
core   0: 0x8000df34 (0x00002f17) auipc   t5, 0x2
core   0: 3 0x8000df34 (0x00002f17) x30 0x8000ff34
core   0: 0x8000df38 (0x0c3f2623) sw      gp, 204(t5)
core   0: 3 0x8000df38 (0x0c3f2623) mem 0x80010000 0x00000001
core   0: 0x8000df3c (0xff9ff06f) j       pc - 0x8
core   0: 3 0x8000df3c (0xff9ff06f)
core   0: 0x8000df34 (0x00002f17) auipc   t5, 0x2
core   0: 3 0x8000df34 (0x00002f17) x30 0x8000ff34
core   0: 0x8000df38 (0x0c3f2623) sw      gp, 204(t5)
core   0: 3 0x8000df38 (0x0c3f2623) mem 0x80010000 0x00000001
core   0: 0x8000df3c (0xff9ff06f) j       pc - 0x8
core   0: 3 0x8000df3c (0xff9ff06f)
core   0: 0x8000df34 (0x00002f17) auipc   t5, 0x2
core   0: 3 0x8000df34 (0x00002f17) x30 0x8000ff34
core   0: 0x8000df38 (0x0c3f2623) sw      gp, 204(t5)
core   0: 3 0x8000df38 (0x0c3f2623) mem 0x80010000 0x00000001
core   0: 0x8000df3c (0xff9ff06f) j       pc - 0x8
core   0: 3 0x8000df3c (0xff9ff06f)
core   0: 0x8000df34 (0x00002f17) auipc   t5, 0x2
core   0: 3 0x8000df34 (0x00002f17) x30 0x8000ff34
core   0: 0x8000df38 (0x0c3f2623) sw      gp, 204(t5)
core   0: 3 0x8000df38 (0x0c3f2623) mem 0x80010000 0x00000001
core   0: 0x8000df3c (0xff9ff06f) j       pc - 0x8
core   0: 3 0x8000df3c (0xff9ff06f)
core   0: 0x8000df34 (0x00002f17) auipc   t5, 0x2
core   0: 3 0x8000df34 (0x00002f17) x30 0x8000ff34
core   0: 0x8000df38 (0x0c3f2623) sw      gp, 204(t5)
core   0: 3 0x8000df38 (0x0c3f2623) mem 0x80010000 0x00000001
core   0: 0x8000df3c (0xff9ff06f) j       pc - 0x8
core   0: 3 0x8000df3c (0xff9ff06f)
core   0: 0x8000df34 (0x00002f17) auipc   t5, 0x2
core   0: 3 0x8000df34 (0x00002f17) x30 0x8000ff34
core   0: 0x8000df38 (0x0c3f2623) sw      gp, 204(t5)
core   0: 3 0x8000df38 (0x0c3f2623) mem 0x80010000 0x00000001
core   0: 0x8000df3c (0xff9ff06f) j       pc - 0x8
core   0: 3 0x8000df3c (0xff9ff06f)
core   0: 0x8000df34 (0x00002f17) auipc   t5, 0x2
core   0: 3 0x8000df34 (0x00002f17) x30 0x8000ff34
core   0: 0x8000df38 (0x0c3f2623) sw      gp, 204(t5)
core   0: 3 0x8000df38 (0x0c3f2623) mem 0x80010000 0x00000001
core   0: 0x8000df3c (0xff9ff06f) j       pc - 0x8
core   0: 3 0x8000df3c (0xff9ff06f)
core   0: 0x8000df34 (0x00002f17) auipc   t5, 0x2
core   0: 3 0x8000df34 (0x00002f17) x30 0x8000ff34
core   0: 0x8000df38 (0x0c3f2623) sw      gp, 204(t5)
core   0: 3 0x8000df38 (0x0c3f2623) mem 0x80010000 0x00000001
core   0: 0x8000df3c (0xff9ff06f) j       pc - 0x8
core   0: 3 0x8000df3c (0xff9ff06f)
core   0: 0x8000df34 (0x00002f17) auipc   t5, 0x2
core   0: 3 0x8000df34 (0x00002f17) x30 0x8000ff34
core   0: 0x8000df38 (0x0c3f2623) sw      gp, 204(t5)
core   0: 3 0x8000df38 (0x0c3f2623) mem 0x80010000 0x00000001
core   0: 0x8000df3c (0xff9ff06f) j       pc - 0x8
core   0: 3 0x8000df3c (0xff9ff06f)
core   0: 0x8000df34 (0x00002f17) auipc   t5, 0x2
core   0: 3 0x8000df34 (0x00002f17) x30 0x8000ff34
core   0: 0x8000df38 (0x0c3f2623) sw      gp, 204(t5)
core   0: 3 0x8000df38 (0x0c3f2623) mem 0x80010000 0x00000001
core   0: 0x8000df3c (0xff9ff06f) j       pc - 0x8
core   0: 3 0x8000df3c (0xff9ff06f)
core   0: 0x8000df34 (0x00002f17) auipc   t5, 0x2
core   0: 3 0x8000df34 (0x00002f17) x30 0x8000ff34
core   0: 0x8000df38 (0x0c3f2623) sw      gp, 204(t5)
core   0: 3 0x8000df38 (0x0c3f2623) mem 0x80010000 0x00000001
core   0: 0x8000df3c (0xff9ff06f) j       pc - 0x8
core   0: 3 0x8000df3c (0xff9ff06f)
core   0: 0x8000df34 (0x00002f17) auipc   t5, 0x2
core   0: 3 0x8000df34 (0x00002f17) x30 0x8000ff34
core   0: 0x8000df38 (0x0c3f2623) sw      gp, 204(t5)
core   0: 3 0x8000df38 (0x0c3f2623) mem 0x80010000 0x00000001
core   0: 0x8000df3c (0xff9ff06f) j       pc - 0x8
core   0: 3 0x8000df3c (0xff9ff06f)
core   0: 0x8000df34 (0x00002f17) auipc   t5, 0x2
core   0: 3 0x8000df34 (0x00002f17) x30 0x8000ff34
core   0: 0x8000df38 (0x0c3f2623) sw      gp, 204(t5)
core   0: 3 0x8000df38 (0x0c3f2623) mem 0x80010000 0x00000001
core   0: 0x8000df3c (0xff9ff06f) j       pc - 0x8
core   0: 3 0x8000df3c (0xff9ff06f)
core   0: 0x8000df34 (0x00002f17) auipc   t5, 0x2
core   0: 3 0x8000df34 (0x00002f17) x30 0x8000ff34
core   0: 0x8000df38 (0x0c3f2623) sw      gp, 204(t5)
core   0: 3 0x8000df38 (0x0c3f2623) mem 0x80010000 0x00000001
core   0: 0x8000df3c (0xff9ff06f) j       pc - 0x8
core   0: 3 0x8000df3c (0xff9ff06f)
core   0: 0x8000df34 (0x00002f17) auipc   t5, 0x2
core   0: 3 0x8000df34 (0x00002f17) x30 0x8000ff34
core   0: 0x8000df38 (0x0c3f2623) sw      gp, 204(t5)
core   0: 3 0x8000df38 (0x0c3f2623) mem 0x80010000 0x00000001
core   0: 0x8000df3c (0xff9ff06f) j       pc - 0x8
core   0: 3 0x8000df3c (0xff9ff06f)
core   0: 0x8000df34 (0x00002f17) auipc   t5, 0x2
core   0: 3 0x8000df34 (0x00002f17) x30 0x8000ff34
core   0: 0x8000df38 (0x0c3f2623) sw      gp, 204(t5)
core   0: 3 0x8000df38 (0x0c3f2623) mem 0x80010000 0x00000001
core   0: 0x8000df3c (0xff9ff06f) j       pc - 0x8
core   0: 3 0x8000df3c (0xff9ff06f)
core   0: 0x8000df34 (0x00002f17) auipc   t5, 0x2
core   0: 3 0x8000df34 (0x00002f17) x30 0x8000ff34
core   0: 0x8000df38 (0x0c3f2623) sw      gp, 204(t5)
core   0: 3 0x8000df38 (0x0c3f2623) mem 0x80010000 0x00000001
core   0: 0x8000df3c (0xff9ff06f) j       pc - 0x8
core   0: 3 0x8000df3c (0xff9ff06f)
core   0: 0x8000df34 (0x00002f17) auipc   t5, 0x2
core   0: 3 0x8000df34 (0x00002f17) x30 0x8000ff34
core   0: 0x8000df38 (0x0c3f2623) sw      gp, 204(t5)
core   0: 3 0x8000df38 (0x0c3f2623) mem 0x80010000 0x00000001
core   0: 0x8000df3c (0xff9ff06f) j       pc - 0x8
core   0: 3 0x8000df3c (0xff9ff06f)
core   0: 0x8000df34 (0x00002f17) auipc   t5, 0x2
core   0: 3 0x8000df34 (0x00002f17) x30 0x8000ff34
core   0: 0x8000df38 (0x0c3f2623) sw      gp, 204(t5)
core   0: 3 0x8000df38 (0x0c3f2623) mem 0x80010000 0x00000001
core   0: 0x8000df3c (0xff9ff06f) j       pc - 0x8
core   0: 3 0x8000df3c (0xff9ff06f)
core   0: 0x8000df34 (0x00002f17) auipc   t5, 0x2
core   0: 3 0x8000df34 (0x00002f17) x30 0x8000ff34
core   0: 0x8000df38 (0x0c3f2623) sw      gp, 204(t5)
core   0: 3 0x8000df38 (0x0c3f2623) mem 0x80010000 0x00000001
core   0: 0x8000df3c (0xff9ff06f) j       pc - 0x8
core   0: 3 0x8000df3c (0xff9ff06f)
core   0: 0x8000df34 (0x00002f17) auipc   t5, 0x2
core   0: 3 0x8000df34 (0x00002f17) x30 0x8000ff34
core   0: 0x8000df38 (0x0c3f2623) sw      gp, 204(t5)
core   0: 3 0x8000df38 (0x0c3f2623) mem 0x80010000 0x00000001
core   0: 0x8000df3c (0xff9ff06f) j       pc - 0x8
core   0: 3 0x8000df3c (0xff9ff06f)
core   0: 0x8000df34 (0x00002f17) auipc   t5, 0x2
core   0: 3 0x8000df34 (0x00002f17) x30 0x8000ff34
core   0: 0x8000df38 (0x0c3f2623) sw      gp, 204(t5)
core   0: 3 0x8000df38 (0x0c3f2623) mem 0x80010000 0x00000001
core   0: 0x8000df3c (0xff9ff06f) j       pc - 0x8
core   0: 3 0x8000df3c (0xff9ff06f)
core   0: 0x8000df34 (0x00002f17) auipc   t5, 0x2
core   0: 3 0x8000df34 (0x00002f17) x30 0x8000ff34
core   0: 0x8000df38 (0x0c3f2623) sw      gp, 204(t5)
core   0: 3 0x8000df38 (0x0c3f2623) mem 0x80010000 0x00000001
core   0: 0x8000df3c (0xff9ff06f) j       pc - 0x8
core   0: 3 0x8000df3c (0xff9ff06f)
core   0: 0x8000df34 (0x00002f17) auipc   t5, 0x2
core   0: 3 0x8000df34 (0x00002f17) x30 0x8000ff34
core   0: 0x8000df38 (0x0c3f2623) sw      gp, 204(t5)
core   0: 3 0x8000df38 (0x0c3f2623) mem 0x80010000 0x00000001
core   0: 0x8000df3c (0xff9ff06f) j       pc - 0x8
core   0: 3 0x8000df3c (0xff9ff06f)
core   0: 0x8000df34 (0x00002f17) auipc   t5, 0x2
core   0: 3 0x8000df34 (0x00002f17) x30 0x8000ff34
core   0: 0x8000df38 (0x0c3f2623) sw      gp, 204(t5)
core   0: 3 0x8000df38 (0x0c3f2623) mem 0x80010000 0x00000001
core   0: 0x8000df3c (0xff9ff06f) j       pc - 0x8
core   0: 3 0x8000df3c (0xff9ff06f)
core   0: 0x8000df34 (0x00002f17) auipc   t5, 0x2
core   0: 3 0x8000df34 (0x00002f17) x30 0x8000ff34
core   0: 0x8000df38 (0x0c3f2623) sw      gp, 204(t5)
core   0: 3 0x8000df38 (0x0c3f2623) mem 0x80010000 0x00000001
core   0: 0x8000df3c (0xff9ff06f) j       pc - 0x8
core   0: 3 0x8000df3c (0xff9ff06f)
core   0: 0x8000df34 (0x00002f17) auipc   t5, 0x2
core   0: 3 0x8000df34 (0x00002f17) x30 0x8000ff34
core   0: 0x8000df38 (0x0c3f2623) sw      gp, 204(t5)
core   0: 3 0x8000df38 (0x0c3f2623) mem 0x80010000 0x00000001
core   0: 0x8000df3c (0xff9ff06f) j       pc - 0x8
core   0: 3 0x8000df3c (0xff9ff06f)
core   0: 0x8000df34 (0x00002f17) auipc   t5, 0x2
core   0: 3 0x8000df34 (0x00002f17) x30 0x8000ff34
core   0: 0x8000df38 (0x0c3f2623) sw      gp, 204(t5)
core   0: 3 0x8000df38 (0x0c3f2623) mem 0x80010000 0x00000001
core   0: 0x8000df3c (0xff9ff06f) j       pc - 0x8
core   0: 3 0x8000df3c (0xff9ff06f)
core   0: 0x8000df34 (0x00002f17) auipc   t5, 0x2
core   0: 3 0x8000df34 (0x00002f17) x30 0x8000ff34
core   0: 0x8000df38 (0x0c3f2623) sw      gp, 204(t5)
core   0: 3 0x8000df38 (0x0c3f2623) mem 0x80010000 0x00000001
core   0: 0x8000df3c (0xff9ff06f) j       pc - 0x8
core   0: 3 0x8000df3c (0xff9ff06f)
core   0: 0x8000df34 (0x00002f17) auipc   t5, 0x2
core   0: 3 0x8000df34 (0x00002f17) x30 0x8000ff34
core   0: 0x8000df38 (0x0c3f2623) sw      gp, 204(t5)
core   0: 3 0x8000df38 (0x0c3f2623) mem 0x80010000 0x00000001
core   0: 0x8000df3c (0xff9ff06f) j       pc - 0x8
core   0: 3 0x8000df3c (0xff9ff06f)
core   0: 0x8000df34 (0x00002f17) auipc   t5, 0x2
core   0: 3 0x8000df34 (0x00002f17) x30 0x8000ff34
core   0: 0x8000df38 (0x0c3f2623) sw      gp, 204(t5)
core   0: 3 0x8000df38 (0x0c3f2623) mem 0x80010000 0x00000001
core   0: 0x8000df3c (0xff9ff06f) j       pc - 0x8
core   0: 3 0x8000df3c (0xff9ff06f)
core   0: 0x8000df34 (0x00002f17) auipc   t5, 0x2
core   0: 3 0x8000df34 (0x00002f17) x30 0x8000ff34
core   0: 0x8000df38 (0x0c3f2623) sw      gp, 204(t5)
core   0: 3 0x8000df38 (0x0c3f2623) mem 0x80010000 0x00000001
core   0: 0x8000df3c (0xff9ff06f) j       pc - 0x8
core   0: 3 0x8000df3c (0xff9ff06f)
core   0: 0x8000df34 (0x00002f17) auipc   t5, 0x2
core   0: 3 0x8000df34 (0x00002f17) x30 0x8000ff34
core   0: 0x8000df38 (0x0c3f2623) sw      gp, 204(t5)
core   0: 3 0x8000df38 (0x0c3f2623) mem 0x80010000 0x00000001
core   0: 0x8000df3c (0xff9ff06f) j       pc - 0x8
core   0: 3 0x8000df3c (0xff9ff06f)
core   0: 0x8000df34 (0x00002f17) auipc   t5, 0x2
core   0: 3 0x8000df34 (0x00002f17) x30 0x8000ff34
core   0: 0x8000df38 (0x0c3f2623) sw      gp, 204(t5)
core   0: 3 0x8000df38 (0x0c3f2623) mem 0x80010000 0x00000001
core   0: 0x8000df3c (0xff9ff06f) j       pc - 0x8
core   0: 3 0x8000df3c (0xff9ff06f)
core   0: 0x8000df34 (0x00002f17) auipc   t5, 0x2
core   0: 3 0x8000df34 (0x00002f17) x30 0x8000ff34
core   0: 0x8000df38 (0x0c3f2623) sw      gp, 204(t5)
core   0: 3 0x8000df38 (0x0c3f2623) mem 0x80010000 0x00000001
core   0: 0x8000df3c (0xff9ff06f) j       pc - 0x8
core   0: 3 0x8000df3c (0xff9ff06f)
core   0: 0x8000df34 (0x00002f17) auipc   t5, 0x2
core   0: 3 0x8000df34 (0x00002f17) x30 0x8000ff34
core   0: 0x8000df38 (0x0c3f2623) sw      gp, 204(t5)
core   0: 3 0x8000df38 (0x0c3f2623) mem 0x80010000 0x00000001
core   0: 0x8000df3c (0xff9ff06f) j       pc - 0x8
core   0: 3 0x8000df3c (0xff9ff06f)
core   0: 0x8000df34 (0x00002f17) auipc   t5, 0x2
core   0: 3 0x8000df34 (0x00002f17) x30 0x8000ff34
core   0: 0x8000df38 (0x0c3f2623) sw      gp, 204(t5)
core   0: 3 0x8000df38 (0x0c3f2623) mem 0x80010000 0x00000001
core   0: 0x8000df3c (0xff9ff06f) j       pc - 0x8
core   0: 3 0x8000df3c (0xff9ff06f)
core   0: 0x8000df34 (0x00002f17) auipc   t5, 0x2
core   0: 3 0x8000df34 (0x00002f17) x30 0x8000ff34
core   0: 0x8000df38 (0x0c3f2623) sw      gp, 204(t5)
core   0: 3 0x8000df38 (0x0c3f2623) mem 0x80010000 0x00000001
core   0: 0x8000df3c (0xff9ff06f) j       pc - 0x8
core   0: 3 0x8000df3c (0xff9ff06f)
core   0: 0x8000df34 (0x00002f17) auipc   t5, 0x2
core   0: 3 0x8000df34 (0x00002f17) x30 0x8000ff34
core   0: 0x8000df38 (0x0c3f2623) sw      gp, 204(t5)
core   0: 3 0x8000df38 (0x0c3f2623) mem 0x80010000 0x00000001
core   0: 0x8000df3c (0xff9ff06f) j       pc - 0x8
core   0: 3 0x8000df3c (0xff9ff06f)
core   0: 0x8000df34 (0x00002f17) auipc   t5, 0x2
core   0: 3 0x8000df34 (0x00002f17) x30 0x8000ff34
core   0: 0x8000df38 (0x0c3f2623) sw      gp, 204(t5)
core   0: 3 0x8000df38 (0x0c3f2623) mem 0x80010000 0x00000001
core   0: 0x8000df3c (0xff9ff06f) j       pc - 0x8
core   0: 3 0x8000df3c (0xff9ff06f)
core   0: 0x8000df34 (0x00002f17) auipc   t5, 0x2
core   0: 3 0x8000df34 (0x00002f17) x30 0x8000ff34
core   0: 0x8000df38 (0x0c3f2623) sw      gp, 204(t5)
core   0: 3 0x8000df38 (0x0c3f2623) mem 0x80010000 0x00000001
core   0: 0x8000df3c (0xff9ff06f) j       pc - 0x8
core   0: 3 0x8000df3c (0xff9ff06f)
core   0: 0x8000df34 (0x00002f17) auipc   t5, 0x2
core   0: 3 0x8000df34 (0x00002f17) x30 0x8000ff34
core   0: 0x8000df38 (0x0c3f2623) sw      gp, 204(t5)
core   0: 3 0x8000df38 (0x0c3f2623) mem 0x80010000 0x00000001
core   0: 0x8000df3c (0xff9ff06f) j       pc - 0x8
core   0: 3 0x8000df3c (0xff9ff06f)
core   0: 0x8000df34 (0x00002f17) auipc   t5, 0x2
core   0: 3 0x8000df34 (0x00002f17) x30 0x8000ff34
core   0: 0x8000df38 (0x0c3f2623) sw      gp, 204(t5)
core   0: 3 0x8000df38 (0x0c3f2623) mem 0x80010000 0x00000001
core   0: 0x8000df3c (0xff9ff06f) j       pc - 0x8
core   0: 3 0x8000df3c (0xff9ff06f)
core   0: 0x8000df34 (0x00002f17) auipc   t5, 0x2
core   0: 3 0x8000df34 (0x00002f17) x30 0x8000ff34
core   0: 0x8000df38 (0x0c3f2623) sw      gp, 204(t5)
core   0: 3 0x8000df38 (0x0c3f2623) mem 0x80010000 0x00000001
core   0: 0x8000df3c (0xff9ff06f) j       pc - 0x8
core   0: 3 0x8000df3c (0xff9ff06f)
core   0: 0x8000df34 (0x00002f17) auipc   t5, 0x2
core   0: 3 0x8000df34 (0x00002f17) x30 0x8000ff34
core   0: 0x8000df38 (0x0c3f2623) sw      gp, 204(t5)
core   0: 3 0x8000df38 (0x0c3f2623) mem 0x80010000 0x00000001
core   0: 0x8000df3c (0xff9ff06f) j       pc - 0x8
core   0: 3 0x8000df3c (0xff9ff06f)
core   0: 0x8000df34 (0x00002f17) auipc   t5, 0x2
core   0: 3 0x8000df34 (0x00002f17) x30 0x8000ff34
core   0: 0x8000df38 (0x0c3f2623) sw      gp, 204(t5)
core   0: 3 0x8000df38 (0x0c3f2623) mem 0x80010000 0x00000001
core   0: 0x8000df3c (0xff9ff06f) j       pc - 0x8
core   0: 3 0x8000df3c (0xff9ff06f)
core   0: 0x8000df34 (0x00002f17) auipc   t5, 0x2
core   0: 3 0x8000df34 (0x00002f17) x30 0x8000ff34
core   0: 0x8000df38 (0x0c3f2623) sw      gp, 204(t5)
core   0: 3 0x8000df38 (0x0c3f2623) mem 0x80010000 0x00000001
core   0: 0x8000df3c (0xff9ff06f) j       pc - 0x8
core   0: 3 0x8000df3c (0xff9ff06f)
core   0: 0x8000df34 (0x00002f17) auipc   t5, 0x2
core   0: 3 0x8000df34 (0x00002f17) x30 0x8000ff34
core   0: 0x8000df38 (0x0c3f2623) sw      gp, 204(t5)
core   0: 3 0x8000df38 (0x0c3f2623) mem 0x80010000 0x00000001
core   0: 0x8000df3c (0xff9ff06f) j       pc - 0x8
core   0: 3 0x8000df3c (0xff9ff06f)
core   0: 0x8000df34 (0x00002f17) auipc   t5, 0x2
core   0: 3 0x8000df34 (0x00002f17) x30 0x8000ff34
core   0: 0x8000df38 (0x0c3f2623) sw      gp, 204(t5)
core   0: 3 0x8000df38 (0x0c3f2623) mem 0x80010000 0x00000001
core   0: 0x8000df3c (0xff9ff06f) j       pc - 0x8
core   0: 3 0x8000df3c (0xff9ff06f)
core   0: 0x8000df34 (0x00002f17) auipc   t5, 0x2
core   0: 3 0x8000df34 (0x00002f17) x30 0x8000ff34
core   0: 0x8000df38 (0x0c3f2623) sw      gp, 204(t5)
core   0: 3 0x8000df38 (0x0c3f2623) mem 0x80010000 0x00000001
core   0: 0x8000df3c (0xff9ff06f) j       pc - 0x8
core   0: 3 0x8000df3c (0xff9ff06f)
core   0: 0x8000df34 (0x00002f17) auipc   t5, 0x2
core   0: 3 0x8000df34 (0x00002f17) x30 0x8000ff34
core   0: 0x8000df38 (0x0c3f2623) sw      gp, 204(t5)
core   0: 3 0x8000df38 (0x0c3f2623) mem 0x80010000 0x00000001
core   0: 0x8000df3c (0xff9ff06f) j       pc - 0x8
core   0: 3 0x8000df3c (0xff9ff06f)
core   0: 0x8000df34 (0x00002f17) auipc   t5, 0x2
core   0: 3 0x8000df34 (0x00002f17) x30 0x8000ff34
core   0: 0x8000df38 (0x0c3f2623) sw      gp, 204(t5)
core   0: 3 0x8000df38 (0x0c3f2623) mem 0x80010000 0x00000001
core   0: 0x8000df3c (0xff9ff06f) j       pc - 0x8
core   0: 3 0x8000df3c (0xff9ff06f)
core   0: 0x8000df34 (0x00002f17) auipc   t5, 0x2
core   0: 3 0x8000df34 (0x00002f17) x30 0x8000ff34
core   0: 0x8000df38 (0x0c3f2623) sw      gp, 204(t5)
core   0: 3 0x8000df38 (0x0c3f2623) mem 0x80010000 0x00000001
core   0: 0x8000df3c (0xff9ff06f) j       pc - 0x8
core   0: 3 0x8000df3c (0xff9ff06f)
core   0: 0x8000df34 (0x00002f17) auipc   t5, 0x2
core   0: 3 0x8000df34 (0x00002f17) x30 0x8000ff34
core   0: 0x8000df38 (0x0c3f2623) sw      gp, 204(t5)
core   0: 3 0x8000df38 (0x0c3f2623) mem 0x80010000 0x00000001
core   0: 0x8000df3c (0xff9ff06f) j       pc - 0x8
core   0: 3 0x8000df3c (0xff9ff06f)
core   0: 0x8000df34 (0x00002f17) auipc   t5, 0x2
core   0: 3 0x8000df34 (0x00002f17) x30 0x8000ff34
core   0: 0x8000df38 (0x0c3f2623) sw      gp, 204(t5)
core   0: 3 0x8000df38 (0x0c3f2623) mem 0x80010000 0x00000001
core   0: 0x8000df3c (0xff9ff06f) j       pc - 0x8
core   0: 3 0x8000df3c (0xff9ff06f)
core   0: 0x8000df34 (0x00002f17) auipc   t5, 0x2
core   0: 3 0x8000df34 (0x00002f17) x30 0x8000ff34
core   0: 0x8000df38 (0x0c3f2623) sw      gp, 204(t5)
core   0: 3 0x8000df38 (0x0c3f2623) mem 0x80010000 0x00000001
core   0: 0x8000df3c (0xff9ff06f) j       pc - 0x8
core   0: 3 0x8000df3c (0xff9ff06f)
core   0: 0x8000df34 (0x00002f17) auipc   t5, 0x2
core   0: 3 0x8000df34 (0x00002f17) x30 0x8000ff34
core   0: 0x8000df38 (0x0c3f2623) sw      gp, 204(t5)
core   0: 3 0x8000df38 (0x0c3f2623) mem 0x80010000 0x00000001
core   0: 0x8000df3c (0xff9ff06f) j       pc - 0x8
core   0: 3 0x8000df3c (0xff9ff06f)
core   0: 0x8000df34 (0x00002f17) auipc   t5, 0x2
core   0: 3 0x8000df34 (0x00002f17) x30 0x8000ff34
core   0: 0x8000df38 (0x0c3f2623) sw      gp, 204(t5)
core   0: 3 0x8000df38 (0x0c3f2623) mem 0x80010000 0x00000001
core   0: 0x8000df3c (0xff9ff06f) j       pc - 0x8
core   0: 3 0x8000df3c (0xff9ff06f)
core   0: 0x8000df34 (0x00002f17) auipc   t5, 0x2
core   0: 3 0x8000df34 (0x00002f17) x30 0x8000ff34
core   0: 0x8000df38 (0x0c3f2623) sw      gp, 204(t5)
core   0: 3 0x8000df38 (0x0c3f2623) mem 0x80010000 0x00000001
core   0: 0x8000df3c (0xff9ff06f) j       pc - 0x8
core   0: 3 0x8000df3c (0xff9ff06f)
core   0: 0x8000df34 (0x00002f17) auipc   t5, 0x2
core   0: 3 0x8000df34 (0x00002f17) x30 0x8000ff34
core   0: 0x8000df38 (0x0c3f2623) sw      gp, 204(t5)
core   0: 3 0x8000df38 (0x0c3f2623) mem 0x80010000 0x00000001
core   0: 0x8000df3c (0xff9ff06f) j       pc - 0x8
core   0: 3 0x8000df3c (0xff9ff06f)
core   0: 0x8000df34 (0x00002f17) auipc   t5, 0x2
core   0: 3 0x8000df34 (0x00002f17) x30 0x8000ff34
core   0: 0x8000df38 (0x0c3f2623) sw      gp, 204(t5)
core   0: 3 0x8000df38 (0x0c3f2623) mem 0x80010000 0x00000001
core   0: 0x8000df3c (0xff9ff06f) j       pc - 0x8
core   0: 3 0x8000df3c (0xff9ff06f)
core   0: 0x8000df34 (0x00002f17) auipc   t5, 0x2
core   0: 3 0x8000df34 (0x00002f17) x30 0x8000ff34
core   0: 0x8000df38 (0x0c3f2623) sw      gp, 204(t5)
core   0: 3 0x8000df38 (0x0c3f2623) mem 0x80010000 0x00000001
core   0: 0x8000df3c (0xff9ff06f) j       pc - 0x8
core   0: 3 0x8000df3c (0xff9ff06f)
core   0: 0x8000df34 (0x00002f17) auipc   t5, 0x2
core   0: 3 0x8000df34 (0x00002f17) x30 0x8000ff34
core   0: 0x8000df38 (0x0c3f2623) sw      gp, 204(t5)
core   0: 3 0x8000df38 (0x0c3f2623) mem 0x80010000 0x00000001
core   0: 0x8000df3c (0xff9ff06f) j       pc - 0x8
core   0: 3 0x8000df3c (0xff9ff06f)
core   0: 0x8000df34 (0x00002f17) auipc   t5, 0x2
core   0: 3 0x8000df34 (0x00002f17) x30 0x8000ff34
core   0: 0x8000df38 (0x0c3f2623) sw      gp, 204(t5)
core   0: 3 0x8000df38 (0x0c3f2623) mem 0x80010000 0x00000001
core   0: 0x8000df3c (0xff9ff06f) j       pc - 0x8
core   0: 3 0x8000df3c (0xff9ff06f)
core   0: 0x8000df34 (0x00002f17) auipc   t5, 0x2
core   0: 3 0x8000df34 (0x00002f17) x30 0x8000ff34
core   0: 0x8000df38 (0x0c3f2623) sw      gp, 204(t5)
core   0: 3 0x8000df38 (0x0c3f2623) mem 0x80010000 0x00000001
core   0: 0x8000df3c (0xff9ff06f) j       pc - 0x8
core   0: 3 0x8000df3c (0xff9ff06f)
core   0: 0x8000df34 (0x00002f17) auipc   t5, 0x2
core   0: 3 0x8000df34 (0x00002f17) x30 0x8000ff34
core   0: 0x8000df38 (0x0c3f2623) sw      gp, 204(t5)
core   0: 3 0x8000df38 (0x0c3f2623) mem 0x80010000 0x00000001
core   0: 0x8000df3c (0xff9ff06f) j       pc - 0x8
core   0: 3 0x8000df3c (0xff9ff06f)
core   0: 0x8000df34 (0x00002f17) auipc   t5, 0x2
core   0: 3 0x8000df34 (0x00002f17) x30 0x8000ff34
core   0: 0x8000df38 (0x0c3f2623) sw      gp, 204(t5)
core   0: 3 0x8000df38 (0x0c3f2623) mem 0x80010000 0x00000001
core   0: 0x8000df3c (0xff9ff06f) j       pc - 0x8
core   0: 3 0x8000df3c (0xff9ff06f)
core   0: 0x8000df34 (0x00002f17) auipc   t5, 0x2
core   0: 3 0x8000df34 (0x00002f17) x30 0x8000ff34
core   0: 0x8000df38 (0x0c3f2623) sw      gp, 204(t5)
core   0: 3 0x8000df38 (0x0c3f2623) mem 0x80010000 0x00000001
core   0: 0x8000df3c (0xff9ff06f) j       pc - 0x8
core   0: 3 0x8000df3c (0xff9ff06f)
core   0: 0x8000df34 (0x00002f17) auipc   t5, 0x2
core   0: 3 0x8000df34 (0x00002f17) x30 0x8000ff34
core   0: 0x8000df38 (0x0c3f2623) sw      gp, 204(t5)
core   0: 3 0x8000df38 (0x0c3f2623) mem 0x80010000 0x00000001
core   0: 0x8000df3c (0xff9ff06f) j       pc - 0x8
core   0: 3 0x8000df3c (0xff9ff06f)
core   0: 0x8000df34 (0x00002f17) auipc   t5, 0x2
core   0: 3 0x8000df34 (0x00002f17) x30 0x8000ff34
core   0: 0x8000df38 (0x0c3f2623) sw      gp, 204(t5)
core   0: 3 0x8000df38 (0x0c3f2623) mem 0x80010000 0x00000001
core   0: 0x8000df3c (0xff9ff06f) j       pc - 0x8
core   0: 3 0x8000df3c (0xff9ff06f)
core   0: 0x8000df34 (0x00002f17) auipc   t5, 0x2
core   0: 3 0x8000df34 (0x00002f17) x30 0x8000ff34
core   0: 0x8000df38 (0x0c3f2623) sw      gp, 204(t5)
core   0: 3 0x8000df38 (0x0c3f2623) mem 0x80010000 0x00000001
core   0: 0x8000df3c (0xff9ff06f) j       pc - 0x8
core   0: 3 0x8000df3c (0xff9ff06f)
core   0: 0x8000df34 (0x00002f17) auipc   t5, 0x2
core   0: 3 0x8000df34 (0x00002f17) x30 0x8000ff34
core   0: 0x8000df38 (0x0c3f2623) sw      gp, 204(t5)
core   0: 3 0x8000df38 (0x0c3f2623) mem 0x80010000 0x00000001
core   0: 0x8000df3c (0xff9ff06f) j       pc - 0x8
core   0: 3 0x8000df3c (0xff9ff06f)
core   0: 0x8000df34 (0x00002f17) auipc   t5, 0x2
core   0: 3 0x8000df34 (0x00002f17) x30 0x8000ff34
core   0: 0x8000df38 (0x0c3f2623) sw      gp, 204(t5)
core   0: 3 0x8000df38 (0x0c3f2623) mem 0x80010000 0x00000001
core   0: 0x8000df3c (0xff9ff06f) j       pc - 0x8
core   0: 3 0x8000df3c (0xff9ff06f)
core   0: 0x8000df34 (0x00002f17) auipc   t5, 0x2
core   0: 3 0x8000df34 (0x00002f17) x30 0x8000ff34
core   0: 0x8000df38 (0x0c3f2623) sw      gp, 204(t5)
core   0: 3 0x8000df38 (0x0c3f2623) mem 0x80010000 0x00000001
core   0: 0x8000df3c (0xff9ff06f) j       pc - 0x8
core   0: 3 0x8000df3c (0xff9ff06f)
core   0: 0x8000df34 (0x00002f17) auipc   t5, 0x2
core   0: 3 0x8000df34 (0x00002f17) x30 0x8000ff34
core   0: 0x8000df38 (0x0c3f2623) sw      gp, 204(t5)
core   0: 3 0x8000df38 (0x0c3f2623) mem 0x80010000 0x00000001
core   0: 0x8000df3c (0xff9ff06f) j       pc - 0x8
core   0: 3 0x8000df3c (0xff9ff06f)
core   0: 0x8000df34 (0x00002f17) auipc   t5, 0x2
core   0: 3 0x8000df34 (0x00002f17) x30 0x8000ff34
core   0: 0x8000df38 (0x0c3f2623) sw      gp, 204(t5)
core   0: 3 0x8000df38 (0x0c3f2623) mem 0x80010000 0x00000001
core   0: 0x8000df3c (0xff9ff06f) j       pc - 0x8
core   0: 3 0x8000df3c (0xff9ff06f)
core   0: 0x8000df34 (0x00002f17) auipc   t5, 0x2
core   0: 3 0x8000df34 (0x00002f17) x30 0x8000ff34
core   0: 0x8000df38 (0x0c3f2623) sw      gp, 204(t5)
core   0: 3 0x8000df38 (0x0c3f2623) mem 0x80010000 0x00000001
core   0: 0x8000df3c (0xff9ff06f) j       pc - 0x8
core   0: 3 0x8000df3c (0xff9ff06f)
core   0: 0x8000df34 (0x00002f17) auipc   t5, 0x2
core   0: 3 0x8000df34 (0x00002f17) x30 0x8000ff34
core   0: 0x8000df38 (0x0c3f2623) sw      gp, 204(t5)
core   0: 3 0x8000df38 (0x0c3f2623) mem 0x80010000 0x00000001
core   0: 0x8000df3c (0xff9ff06f) j       pc - 0x8
core   0: 3 0x8000df3c (0xff9ff06f)
core   0: 0x8000df34 (0x00002f17) auipc   t5, 0x2
core   0: 3 0x8000df34 (0x00002f17) x30 0x8000ff34
core   0: 0x8000df38 (0x0c3f2623) sw      gp, 204(t5)
core   0: 3 0x8000df38 (0x0c3f2623) mem 0x80010000 0x00000001
core   0: 0x8000df3c (0xff9ff06f) j       pc - 0x8
core   0: 3 0x8000df3c (0xff9ff06f)
core   0: 0x8000df34 (0x00002f17) auipc   t5, 0x2
core   0: 3 0x8000df34 (0x00002f17) x30 0x8000ff34
core   0: 0x8000df38 (0x0c3f2623) sw      gp, 204(t5)
core   0: 3 0x8000df38 (0x0c3f2623) mem 0x80010000 0x00000001
core   0: 0x8000df3c (0xff9ff06f) j       pc - 0x8
core   0: 3 0x8000df3c (0xff9ff06f)
core   0: 0x8000df34 (0x00002f17) auipc   t5, 0x2
core   0: 3 0x8000df34 (0x00002f17) x30 0x8000ff34
core   0: 0x8000df38 (0x0c3f2623) sw      gp, 204(t5)
core   0: 3 0x8000df38 (0x0c3f2623) mem 0x80010000 0x00000001
core   0: 0x8000df3c (0xff9ff06f) j       pc - 0x8
core   0: 3 0x8000df3c (0xff9ff06f)
core   0: 0x8000df34 (0x00002f17) auipc   t5, 0x2
core   0: 3 0x8000df34 (0x00002f17) x30 0x8000ff34
core   0: 0x8000df38 (0x0c3f2623) sw      gp, 204(t5)
core   0: 3 0x8000df38 (0x0c3f2623) mem 0x80010000 0x00000001
core   0: 0x8000df3c (0xff9ff06f) j       pc - 0x8
core   0: 3 0x8000df3c (0xff9ff06f)
core   0: 0x8000df34 (0x00002f17) auipc   t5, 0x2
core   0: 3 0x8000df34 (0x00002f17) x30 0x8000ff34
core   0: 0x8000df38 (0x0c3f2623) sw      gp, 204(t5)
core   0: 3 0x8000df38 (0x0c3f2623) mem 0x80010000 0x00000001
core   0: 0x8000df3c (0xff9ff06f) j       pc - 0x8
core   0: 3 0x8000df3c (0xff9ff06f)
core   0: 0x8000df34 (0x00002f17) auipc   t5, 0x2
core   0: 3 0x8000df34 (0x00002f17) x30 0x8000ff34
core   0: 0x8000df38 (0x0c3f2623) sw      gp, 204(t5)
core   0: 3 0x8000df38 (0x0c3f2623) mem 0x80010000 0x00000001
core   0: 0x8000df3c (0xff9ff06f) j       pc - 0x8
core   0: 3 0x8000df3c (0xff9ff06f)
core   0: 0x8000df34 (0x00002f17) auipc   t5, 0x2
core   0: 3 0x8000df34 (0x00002f17) x30 0x8000ff34
core   0: 0x8000df38 (0x0c3f2623) sw      gp, 204(t5)
core   0: 3 0x8000df38 (0x0c3f2623) mem 0x80010000 0x00000001
core   0: 0x8000df3c (0xff9ff06f) j       pc - 0x8
core   0: 3 0x8000df3c (0xff9ff06f)
core   0: 0x8000df34 (0x00002f17) auipc   t5, 0x2
core   0: 3 0x8000df34 (0x00002f17) x30 0x8000ff34
core   0: 0x8000df38 (0x0c3f2623) sw      gp, 204(t5)
core   0: 3 0x8000df38 (0x0c3f2623) mem 0x80010000 0x00000001
core   0: 0x8000df3c (0xff9ff06f) j       pc - 0x8
core   0: 3 0x8000df3c (0xff9ff06f)
core   0: 0x8000df34 (0x00002f17) auipc   t5, 0x2
core   0: 3 0x8000df34 (0x00002f17) x30 0x8000ff34
core   0: 0x8000df38 (0x0c3f2623) sw      gp, 204(t5)
core   0: 3 0x8000df38 (0x0c3f2623) mem 0x80010000 0x00000001
core   0: 0x8000df3c (0xff9ff06f) j       pc - 0x8
core   0: 3 0x8000df3c (0xff9ff06f)
core   0: 0x8000df34 (0x00002f17) auipc   t5, 0x2
core   0: 3 0x8000df34 (0x00002f17) x30 0x8000ff34
core   0: 0x8000df38 (0x0c3f2623) sw      gp, 204(t5)
core   0: 3 0x8000df38 (0x0c3f2623) mem 0x80010000 0x00000001
core   0: 0x8000df3c (0xff9ff06f) j       pc - 0x8
core   0: 3 0x8000df3c (0xff9ff06f)
core   0: 0x8000df34 (0x00002f17) auipc   t5, 0x2
core   0: 3 0x8000df34 (0x00002f17) x30 0x8000ff34
core   0: 0x8000df38 (0x0c3f2623) sw      gp, 204(t5)
core   0: 3 0x8000df38 (0x0c3f2623) mem 0x80010000 0x00000001
core   0: 0x8000df3c (0xff9ff06f) j       pc - 0x8
core   0: 3 0x8000df3c (0xff9ff06f)
core   0: 0x8000df34 (0x00002f17) auipc   t5, 0x2
core   0: 3 0x8000df34 (0x00002f17) x30 0x8000ff34
core   0: 0x8000df38 (0x0c3f2623) sw      gp, 204(t5)
core   0: 3 0x8000df38 (0x0c3f2623) mem 0x80010000 0x00000001
core   0: 0x8000df3c (0xff9ff06f) j       pc - 0x8
core   0: 3 0x8000df3c (0xff9ff06f)
core   0: 0x8000df34 (0x00002f17) auipc   t5, 0x2
core   0: 3 0x8000df34 (0x00002f17) x30 0x8000ff34
core   0: 0x8000df38 (0x0c3f2623) sw      gp, 204(t5)
core   0: 3 0x8000df38 (0x0c3f2623) mem 0x80010000 0x00000001
core   0: 0x8000df3c (0xff9ff06f) j       pc - 0x8
core   0: 3 0x8000df3c (0xff9ff06f)
core   0: 0x8000df34 (0x00002f17) auipc   t5, 0x2
core   0: 3 0x8000df34 (0x00002f17) x30 0x8000ff34
core   0: 0x8000df38 (0x0c3f2623) sw      gp, 204(t5)
core   0: 3 0x8000df38 (0x0c3f2623) mem 0x80010000 0x00000001
core   0: 0x8000df3c (0xff9ff06f) j       pc - 0x8
core   0: 3 0x8000df3c (0xff9ff06f)
core   0: 0x8000df34 (0x00002f17) auipc   t5, 0x2
core   0: 3 0x8000df34 (0x00002f17) x30 0x8000ff34
core   0: 0x8000df38 (0x0c3f2623) sw      gp, 204(t5)
core   0: 3 0x8000df38 (0x0c3f2623) mem 0x80010000 0x00000001
core   0: 0x8000df3c (0xff9ff06f) j       pc - 0x8
core   0: 3 0x8000df3c (0xff9ff06f)
core   0: 0x8000df34 (0x00002f17) auipc   t5, 0x2
core   0: 3 0x8000df34 (0x00002f17) x30 0x8000ff34
core   0: 0x8000df38 (0x0c3f2623) sw      gp, 204(t5)
core   0: 3 0x8000df38 (0x0c3f2623) mem 0x80010000 0x00000001
core   0: 0x8000df3c (0xff9ff06f) j       pc - 0x8
core   0: 3 0x8000df3c (0xff9ff06f)
core   0: 0x8000df34 (0x00002f17) auipc   t5, 0x2
core   0: 3 0x8000df34 (0x00002f17) x30 0x8000ff34
core   0: 0x8000df38 (0x0c3f2623) sw      gp, 204(t5)
core   0: 3 0x8000df38 (0x0c3f2623) mem 0x80010000 0x00000001
core   0: 0x8000df3c (0xff9ff06f) j       pc - 0x8
core   0: 3 0x8000df3c (0xff9ff06f)
core   0: 0x8000df34 (0x00002f17) auipc   t5, 0x2
core   0: 3 0x8000df34 (0x00002f17) x30 0x8000ff34
core   0: 0x8000df38 (0x0c3f2623) sw      gp, 204(t5)
core   0: 3 0x8000df38 (0x0c3f2623) mem 0x80010000 0x00000001
core   0: 0x8000df3c (0xff9ff06f) j       pc - 0x8
core   0: 3 0x8000df3c (0xff9ff06f)
core   0: 0x8000df34 (0x00002f17) auipc   t5, 0x2
core   0: 3 0x8000df34 (0x00002f17) x30 0x8000ff34
core   0: 0x8000df38 (0x0c3f2623) sw      gp, 204(t5)
core   0: 3 0x8000df38 (0x0c3f2623) mem 0x80010000 0x00000001
core   0: 0x8000df3c (0xff9ff06f) j       pc - 0x8
core   0: 3 0x8000df3c (0xff9ff06f)
core   0: 0x8000df34 (0x00002f17) auipc   t5, 0x2
core   0: 3 0x8000df34 (0x00002f17) x30 0x8000ff34
core   0: 0x8000df38 (0x0c3f2623) sw      gp, 204(t5)
core   0: 3 0x8000df38 (0x0c3f2623) mem 0x80010000 0x00000001
core   0: 0x8000df3c (0xff9ff06f) j       pc - 0x8
core   0: 3 0x8000df3c (0xff9ff06f)
core   0: 0x8000df34 (0x00002f17) auipc   t5, 0x2
core   0: 3 0x8000df34 (0x00002f17) x30 0x8000ff34
core   0: 0x8000df38 (0x0c3f2623) sw      gp, 204(t5)
core   0: 3 0x8000df38 (0x0c3f2623) mem 0x80010000 0x00000001
core   0: 0x8000df3c (0xff9ff06f) j       pc - 0x8
core   0: 3 0x8000df3c (0xff9ff06f)
core   0: 0x8000df34 (0x00002f17) auipc   t5, 0x2
core   0: 3 0x8000df34 (0x00002f17) x30 0x8000ff34
core   0: 0x8000df38 (0x0c3f2623) sw      gp, 204(t5)
core   0: 3 0x8000df38 (0x0c3f2623) mem 0x80010000 0x00000001
core   0: 0x8000df3c (0xff9ff06f) j       pc - 0x8
core   0: 3 0x8000df3c (0xff9ff06f)
core   0: 0x8000df34 (0x00002f17) auipc   t5, 0x2
core   0: 3 0x8000df34 (0x00002f17) x30 0x8000ff34
core   0: 0x8000df38 (0x0c3f2623) sw      gp, 204(t5)
core   0: 3 0x8000df38 (0x0c3f2623) mem 0x80010000 0x00000001
core   0: 0x8000df3c (0xff9ff06f) j       pc - 0x8
core   0: 3 0x8000df3c (0xff9ff06f)
core   0: 0x8000df34 (0x00002f17) auipc   t5, 0x2
core   0: 3 0x8000df34 (0x00002f17) x30 0x8000ff34
core   0: 0x8000df38 (0x0c3f2623) sw      gp, 204(t5)
core   0: 3 0x8000df38 (0x0c3f2623) mem 0x80010000 0x00000001
core   0: 0x8000df3c (0xff9ff06f) j       pc - 0x8
core   0: 3 0x8000df3c (0xff9ff06f)
core   0: 0x8000df34 (0x00002f17) auipc   t5, 0x2
core   0: 3 0x8000df34 (0x00002f17) x30 0x8000ff34
core   0: 0x8000df38 (0x0c3f2623) sw      gp, 204(t5)
core   0: 3 0x8000df38 (0x0c3f2623) mem 0x80010000 0x00000001
core   0: 0x8000df3c (0xff9ff06f) j       pc - 0x8
core   0: 3 0x8000df3c (0xff9ff06f)
core   0: 0x8000df34 (0x00002f17) auipc   t5, 0x2
core   0: 3 0x8000df34 (0x00002f17) x30 0x8000ff34
core   0: 0x8000df38 (0x0c3f2623) sw      gp, 204(t5)
core   0: 3 0x8000df38 (0x0c3f2623) mem 0x80010000 0x00000001
core   0: 0x8000df3c (0xff9ff06f) j       pc - 0x8
core   0: 3 0x8000df3c (0xff9ff06f)
core   0: 0x8000df34 (0x00002f17) auipc   t5, 0x2
core   0: 3 0x8000df34 (0x00002f17) x30 0x8000ff34
core   0: 0x8000df38 (0x0c3f2623) sw      gp, 204(t5)
core   0: 3 0x8000df38 (0x0c3f2623) mem 0x80010000 0x00000001
core   0: 0x8000df3c (0xff9ff06f) j       pc - 0x8
core   0: 3 0x8000df3c (0xff9ff06f)
core   0: 0x8000df34 (0x00002f17) auipc   t5, 0x2
core   0: 3 0x8000df34 (0x00002f17) x30 0x8000ff34
core   0: 0x8000df38 (0x0c3f2623) sw      gp, 204(t5)
core   0: 3 0x8000df38 (0x0c3f2623) mem 0x80010000 0x00000001
core   0: 0x8000df3c (0xff9ff06f) j       pc - 0x8
core   0: 3 0x8000df3c (0xff9ff06f)
core   0: 0x8000df34 (0x00002f17) auipc   t5, 0x2
core   0: 3 0x8000df34 (0x00002f17) x30 0x8000ff34
core   0: 0x8000df38 (0x0c3f2623) sw      gp, 204(t5)
core   0: 3 0x8000df38 (0x0c3f2623) mem 0x80010000 0x00000001
core   0: 0x8000df3c (0xff9ff06f) j       pc - 0x8
core   0: 3 0x8000df3c (0xff9ff06f)
core   0: 0x8000df34 (0x00002f17) auipc   t5, 0x2
core   0: 3 0x8000df34 (0x00002f17) x30 0x8000ff34
core   0: 0x8000df38 (0x0c3f2623) sw      gp, 204(t5)
core   0: 3 0x8000df38 (0x0c3f2623) mem 0x80010000 0x00000001
core   0: 0x8000df3c (0xff9ff06f) j       pc - 0x8
core   0: 3 0x8000df3c (0xff9ff06f)
core   0: 0x8000df34 (0x00002f17) auipc   t5, 0x2
core   0: 3 0x8000df34 (0x00002f17) x30 0x8000ff34
core   0: 0x8000df38 (0x0c3f2623) sw      gp, 204(t5)
core   0: 3 0x8000df38 (0x0c3f2623) mem 0x80010000 0x00000001
core   0: 0x8000df3c (0xff9ff06f) j       pc - 0x8
core   0: 3 0x8000df3c (0xff9ff06f)
core   0: 0x8000df34 (0x00002f17) auipc   t5, 0x2
core   0: 3 0x8000df34 (0x00002f17) x30 0x8000ff34
core   0: 0x8000df38 (0x0c3f2623) sw      gp, 204(t5)
core   0: 3 0x8000df38 (0x0c3f2623) mem 0x80010000 0x00000001
core   0: 0x8000df3c (0xff9ff06f) j       pc - 0x8
core   0: 3 0x8000df3c (0xff9ff06f)
core   0: 0x8000df34 (0x00002f17) auipc   t5, 0x2
core   0: 3 0x8000df34 (0x00002f17) x30 0x8000ff34
core   0: 0x8000df38 (0x0c3f2623) sw      gp, 204(t5)
core   0: 3 0x8000df38 (0x0c3f2623) mem 0x80010000 0x00000001
core   0: 0x8000df3c (0xff9ff06f) j       pc - 0x8
core   0: 3 0x8000df3c (0xff9ff06f)
core   0: 0x8000df34 (0x00002f17) auipc   t5, 0x2
core   0: 3 0x8000df34 (0x00002f17) x30 0x8000ff34
core   0: 0x8000df38 (0x0c3f2623) sw      gp, 204(t5)
core   0: 3 0x8000df38 (0x0c3f2623) mem 0x80010000 0x00000001
core   0: 0x8000df3c (0xff9ff06f) j       pc - 0x8
core   0: 3 0x8000df3c (0xff9ff06f)
core   0: 0x8000df34 (0x00002f17) auipc   t5, 0x2
core   0: 3 0x8000df34 (0x00002f17) x30 0x8000ff34
core   0: 0x8000df38 (0x0c3f2623) sw      gp, 204(t5)
core   0: 3 0x8000df38 (0x0c3f2623) mem 0x80010000 0x00000001
core   0: 0x8000df3c (0xff9ff06f) j       pc - 0x8
core   0: 3 0x8000df3c (0xff9ff06f)
core   0: 0x8000df34 (0x00002f17) auipc   t5, 0x2
core   0: 3 0x8000df34 (0x00002f17) x30 0x8000ff34
core   0: 0x8000df38 (0x0c3f2623) sw      gp, 204(t5)
core   0: 3 0x8000df38 (0x0c3f2623) mem 0x80010000 0x00000001
core   0: 0x8000df3c (0xff9ff06f) j       pc - 0x8
core   0: 3 0x8000df3c (0xff9ff06f)
core   0: 0x8000df34 (0x00002f17) auipc   t5, 0x2
core   0: 3 0x8000df34 (0x00002f17) x30 0x8000ff34
core   0: 0x8000df38 (0x0c3f2623) sw      gp, 204(t5)
core   0: 3 0x8000df38 (0x0c3f2623) mem 0x80010000 0x00000001
core   0: 0x8000df3c (0xff9ff06f) j       pc - 0x8
core   0: 3 0x8000df3c (0xff9ff06f)
core   0: 0x8000df34 (0x00002f17) auipc   t5, 0x2
core   0: 3 0x8000df34 (0x00002f17) x30 0x8000ff34
core   0: 0x8000df38 (0x0c3f2623) sw      gp, 204(t5)
core   0: 3 0x8000df38 (0x0c3f2623) mem 0x80010000 0x00000001
core   0: 0x8000df3c (0xff9ff06f) j       pc - 0x8
core   0: 3 0x8000df3c (0xff9ff06f)
core   0: 0x8000df34 (0x00002f17) auipc   t5, 0x2
core   0: 3 0x8000df34 (0x00002f17) x30 0x8000ff34
core   0: 0x8000df38 (0x0c3f2623) sw      gp, 204(t5)
core   0: 3 0x8000df38 (0x0c3f2623) mem 0x80010000 0x00000001
core   0: 0x8000df3c (0xff9ff06f) j       pc - 0x8
core   0: 3 0x8000df3c (0xff9ff06f)
core   0: 0x8000df34 (0x00002f17) auipc   t5, 0x2
core   0: 3 0x8000df34 (0x00002f17) x30 0x8000ff34
core   0: 0x8000df38 (0x0c3f2623) sw      gp, 204(t5)
core   0: 3 0x8000df38 (0x0c3f2623) mem 0x80010000 0x00000001
core   0: 0x8000df3c (0xff9ff06f) j       pc - 0x8
core   0: 3 0x8000df3c (0xff9ff06f)
core   0: 0x8000df34 (0x00002f17) auipc   t5, 0x2
core   0: 3 0x8000df34 (0x00002f17) x30 0x8000ff34
core   0: 0x8000df38 (0x0c3f2623) sw      gp, 204(t5)
core   0: 3 0x8000df38 (0x0c3f2623) mem 0x80010000 0x00000001
core   0: 0x8000df3c (0xff9ff06f) j       pc - 0x8
core   0: 3 0x8000df3c (0xff9ff06f)
core   0: 0x8000df34 (0x00002f17) auipc   t5, 0x2
core   0: 3 0x8000df34 (0x00002f17) x30 0x8000ff34
core   0: 0x8000df38 (0x0c3f2623) sw      gp, 204(t5)
core   0: 3 0x8000df38 (0x0c3f2623) mem 0x80010000 0x00000001
core   0: 0x8000df3c (0xff9ff06f) j       pc - 0x8
core   0: 3 0x8000df3c (0xff9ff06f)
core   0: 0x8000df34 (0x00002f17) auipc   t5, 0x2
core   0: 3 0x8000df34 (0x00002f17) x30 0x8000ff34
core   0: 0x8000df38 (0x0c3f2623) sw      gp, 204(t5)
core   0: 3 0x8000df38 (0x0c3f2623) mem 0x80010000 0x00000001
core   0: 0x8000df3c (0xff9ff06f) j       pc - 0x8
core   0: 3 0x8000df3c (0xff9ff06f)
core   0: 0x8000df34 (0x00002f17) auipc   t5, 0x2
core   0: 3 0x8000df34 (0x00002f17) x30 0x8000ff34
core   0: 0x8000df38 (0x0c3f2623) sw      gp, 204(t5)
core   0: 3 0x8000df38 (0x0c3f2623) mem 0x80010000 0x00000001
core   0: 0x8000df3c (0xff9ff06f) j       pc - 0x8
core   0: 3 0x8000df3c (0xff9ff06f)
core   0: 0x8000df34 (0x00002f17) auipc   t5, 0x2
core   0: 3 0x8000df34 (0x00002f17) x30 0x8000ff34
core   0: 0x8000df38 (0x0c3f2623) sw      gp, 204(t5)
core   0: 3 0x8000df38 (0x0c3f2623) mem 0x80010000 0x00000001
core   0: 0x8000df3c (0xff9ff06f) j       pc - 0x8
core   0: 3 0x8000df3c (0xff9ff06f)
core   0: 0x8000df34 (0x00002f17) auipc   t5, 0x2
core   0: 3 0x8000df34 (0x00002f17) x30 0x8000ff34
core   0: 0x8000df38 (0x0c3f2623) sw      gp, 204(t5)
core   0: 3 0x8000df38 (0x0c3f2623) mem 0x80010000 0x00000001
core   0: 0x8000df3c (0xff9ff06f) j       pc - 0x8
core   0: 3 0x8000df3c (0xff9ff06f)
core   0: 0x8000df34 (0x00002f17) auipc   t5, 0x2
core   0: 3 0x8000df34 (0x00002f17) x30 0x8000ff34
core   0: 0x8000df38 (0x0c3f2623) sw      gp, 204(t5)
core   0: 3 0x8000df38 (0x0c3f2623) mem 0x80010000 0x00000001
core   0: 0x8000df3c (0xff9ff06f) j       pc - 0x8
core   0: 3 0x8000df3c (0xff9ff06f)
core   0: 0x8000df34 (0x00002f17) auipc   t5, 0x2
core   0: 3 0x8000df34 (0x00002f17) x30 0x8000ff34
core   0: 0x8000df38 (0x0c3f2623) sw      gp, 204(t5)
core   0: 3 0x8000df38 (0x0c3f2623) mem 0x80010000 0x00000001
core   0: 0x8000df3c (0xff9ff06f) j       pc - 0x8
core   0: 3 0x8000df3c (0xff9ff06f)
core   0: 0x8000df34 (0x00002f17) auipc   t5, 0x2
core   0: 3 0x8000df34 (0x00002f17) x30 0x8000ff34
core   0: 0x8000df38 (0x0c3f2623) sw      gp, 204(t5)
core   0: 3 0x8000df38 (0x0c3f2623) mem 0x80010000 0x00000001
core   0: 0x8000df3c (0xff9ff06f) j       pc - 0x8
core   0: 3 0x8000df3c (0xff9ff06f)
core   0: 0x8000df34 (0x00002f17) auipc   t5, 0x2
core   0: 3 0x8000df34 (0x00002f17) x30 0x8000ff34
core   0: 0x8000df38 (0x0c3f2623) sw      gp, 204(t5)
core   0: 3 0x8000df38 (0x0c3f2623) mem 0x80010000 0x00000001
core   0: 0x8000df3c (0xff9ff06f) j       pc - 0x8
core   0: 3 0x8000df3c (0xff9ff06f)
core   0: 0x8000df34 (0x00002f17) auipc   t5, 0x2
core   0: 3 0x8000df34 (0x00002f17) x30 0x8000ff34
core   0: 0x8000df38 (0x0c3f2623) sw      gp, 204(t5)
core   0: 3 0x8000df38 (0x0c3f2623) mem 0x80010000 0x00000001
core   0: 0x8000df3c (0xff9ff06f) j       pc - 0x8
core   0: 3 0x8000df3c (0xff9ff06f)
core   0: 0x8000df34 (0x00002f17) auipc   t5, 0x2
core   0: 3 0x8000df34 (0x00002f17) x30 0x8000ff34
core   0: 0x8000df38 (0x0c3f2623) sw      gp, 204(t5)
core   0: 3 0x8000df38 (0x0c3f2623) mem 0x80010000 0x00000001
core   0: 0x8000df3c (0xff9ff06f) j       pc - 0x8
core   0: 3 0x8000df3c (0xff9ff06f)
core   0: 0x8000df34 (0x00002f17) auipc   t5, 0x2
core   0: 3 0x8000df34 (0x00002f17) x30 0x8000ff34
core   0: 0x8000df38 (0x0c3f2623) sw      gp, 204(t5)
core   0: 3 0x8000df38 (0x0c3f2623) mem 0x80010000 0x00000001
core   0: 0x8000df3c (0xff9ff06f) j       pc - 0x8
core   0: 3 0x8000df3c (0xff9ff06f)
core   0: 0x8000df34 (0x00002f17) auipc   t5, 0x2
core   0: 3 0x8000df34 (0x00002f17) x30 0x8000ff34
core   0: 0x8000df38 (0x0c3f2623) sw      gp, 204(t5)
core   0: 3 0x8000df38 (0x0c3f2623) mem 0x80010000 0x00000001
core   0: 0x8000df3c (0xff9ff06f) j       pc - 0x8
core   0: 3 0x8000df3c (0xff9ff06f)
core   0: 0x8000df34 (0x00002f17) auipc   t5, 0x2
core   0: 3 0x8000df34 (0x00002f17) x30 0x8000ff34
core   0: 0x8000df38 (0x0c3f2623) sw      gp, 204(t5)
core   0: 3 0x8000df38 (0x0c3f2623) mem 0x80010000 0x00000001
core   0: 0x8000df3c (0xff9ff06f) j       pc - 0x8
core   0: 3 0x8000df3c (0xff9ff06f)
core   0: 0x8000df34 (0x00002f17) auipc   t5, 0x2
core   0: 3 0x8000df34 (0x00002f17) x30 0x8000ff34
core   0: 0x8000df38 (0x0c3f2623) sw      gp, 204(t5)
core   0: 3 0x8000df38 (0x0c3f2623) mem 0x80010000 0x00000001
core   0: 0x8000df3c (0xff9ff06f) j       pc - 0x8
core   0: 3 0x8000df3c (0xff9ff06f)
core   0: 0x8000df34 (0x00002f17) auipc   t5, 0x2
core   0: 3 0x8000df34 (0x00002f17) x30 0x8000ff34
core   0: 0x8000df38 (0x0c3f2623) sw      gp, 204(t5)
core   0: 3 0x8000df38 (0x0c3f2623) mem 0x80010000 0x00000001
core   0: 0x8000df3c (0xff9ff06f) j       pc - 0x8
core   0: 3 0x8000df3c (0xff9ff06f)
core   0: 0x8000df34 (0x00002f17) auipc   t5, 0x2
core   0: 3 0x8000df34 (0x00002f17) x30 0x8000ff34
core   0: 0x8000df38 (0x0c3f2623) sw      gp, 204(t5)
core   0: 3 0x8000df38 (0x0c3f2623) mem 0x80010000 0x00000001
core   0: 0x8000df3c (0xff9ff06f) j       pc - 0x8
core   0: 3 0x8000df3c (0xff9ff06f)
core   0: 0x8000df34 (0x00002f17) auipc   t5, 0x2
core   0: 3 0x8000df34 (0x00002f17) x30 0x8000ff34
core   0: 0x8000df38 (0x0c3f2623) sw      gp, 204(t5)
core   0: 3 0x8000df38 (0x0c3f2623) mem 0x80010000 0x00000001
core   0: 0x8000df3c (0xff9ff06f) j       pc - 0x8
core   0: 3 0x8000df3c (0xff9ff06f)
core   0: 0x8000df34 (0x00002f17) auipc   t5, 0x2
core   0: 3 0x8000df34 (0x00002f17) x30 0x8000ff34
core   0: 0x8000df38 (0x0c3f2623) sw      gp, 204(t5)
core   0: 3 0x8000df38 (0x0c3f2623) mem 0x80010000 0x00000001
core   0: 0x8000df3c (0xff9ff06f) j       pc - 0x8
core   0: 3 0x8000df3c (0xff9ff06f)
core   0: 0x8000df34 (0x00002f17) auipc   t5, 0x2
core   0: 3 0x8000df34 (0x00002f17) x30 0x8000ff34
core   0: 0x8000df38 (0x0c3f2623) sw      gp, 204(t5)
core   0: 3 0x8000df38 (0x0c3f2623) mem 0x80010000 0x00000001
core   0: 0x8000df3c (0xff9ff06f) j       pc - 0x8
core   0: 3 0x8000df3c (0xff9ff06f)
core   0: 0x8000df34 (0x00002f17) auipc   t5, 0x2
core   0: 3 0x8000df34 (0x00002f17) x30 0x8000ff34
core   0: 0x8000df38 (0x0c3f2623) sw      gp, 204(t5)
core   0: 3 0x8000df38 (0x0c3f2623) mem 0x80010000 0x00000001
core   0: 0x8000df3c (0xff9ff06f) j       pc - 0x8
core   0: 3 0x8000df3c (0xff9ff06f)
core   0: 0x8000df34 (0x00002f17) auipc   t5, 0x2
core   0: 3 0x8000df34 (0x00002f17) x30 0x8000ff34
core   0: 0x8000df38 (0x0c3f2623) sw      gp, 204(t5)
core   0: 3 0x8000df38 (0x0c3f2623) mem 0x80010000 0x00000001
core   0: 0x8000df3c (0xff9ff06f) j       pc - 0x8
core   0: 3 0x8000df3c (0xff9ff06f)
core   0: 0x8000df34 (0x00002f17) auipc   t5, 0x2
core   0: 3 0x8000df34 (0x00002f17) x30 0x8000ff34
core   0: 0x8000df38 (0x0c3f2623) sw      gp, 204(t5)
core   0: 3 0x8000df38 (0x0c3f2623) mem 0x80010000 0x00000001
core   0: 0x8000df3c (0xff9ff06f) j       pc - 0x8
core   0: 3 0x8000df3c (0xff9ff06f)
core   0: 0x8000df34 (0x00002f17) auipc   t5, 0x2
core   0: 3 0x8000df34 (0x00002f17) x30 0x8000ff34
core   0: 0x8000df38 (0x0c3f2623) sw      gp, 204(t5)
core   0: 3 0x8000df38 (0x0c3f2623) mem 0x80010000 0x00000001
core   0: 0x8000df3c (0xff9ff06f) j       pc - 0x8
core   0: 3 0x8000df3c (0xff9ff06f)
core   0: 0x8000df34 (0x00002f17) auipc   t5, 0x2
core   0: 3 0x8000df34 (0x00002f17) x30 0x8000ff34
core   0: 0x8000df38 (0x0c3f2623) sw      gp, 204(t5)
core   0: 3 0x8000df38 (0x0c3f2623) mem 0x80010000 0x00000001
core   0: 0x8000df3c (0xff9ff06f) j       pc - 0x8
core   0: 3 0x8000df3c (0xff9ff06f)
core   0: 0x8000df34 (0x00002f17) auipc   t5, 0x2
core   0: 3 0x8000df34 (0x00002f17) x30 0x8000ff34
core   0: 0x8000df38 (0x0c3f2623) sw      gp, 204(t5)
core   0: 3 0x8000df38 (0x0c3f2623) mem 0x80010000 0x00000001
core   0: 0x8000df3c (0xff9ff06f) j       pc - 0x8
core   0: 3 0x8000df3c (0xff9ff06f)
core   0: 0x8000df34 (0x00002f17) auipc   t5, 0x2
core   0: 3 0x8000df34 (0x00002f17) x30 0x8000ff34
core   0: 0x8000df38 (0x0c3f2623) sw      gp, 204(t5)
core   0: 3 0x8000df38 (0x0c3f2623) mem 0x80010000 0x00000001
core   0: 0x8000df3c (0xff9ff06f) j       pc - 0x8
core   0: 3 0x8000df3c (0xff9ff06f)
core   0: 0x8000df34 (0x00002f17) auipc   t5, 0x2
core   0: 3 0x8000df34 (0x00002f17) x30 0x8000ff34
core   0: 0x8000df38 (0x0c3f2623) sw      gp, 204(t5)
core   0: 3 0x8000df38 (0x0c3f2623) mem 0x80010000 0x00000001
core   0: 0x8000df3c (0xff9ff06f) j       pc - 0x8
core   0: 3 0x8000df3c (0xff9ff06f)
core   0: 0x8000df34 (0x00002f17) auipc   t5, 0x2
core   0: 3 0x8000df34 (0x00002f17) x30 0x8000ff34
core   0: 0x8000df38 (0x0c3f2623) sw      gp, 204(t5)
core   0: 3 0x8000df38 (0x0c3f2623) mem 0x80010000 0x00000001
core   0: 0x8000df3c (0xff9ff06f) j       pc - 0x8
core   0: 3 0x8000df3c (0xff9ff06f)
core   0: 0x8000df34 (0x00002f17) auipc   t5, 0x2
core   0: 3 0x8000df34 (0x00002f17) x30 0x8000ff34
core   0: 0x8000df38 (0x0c3f2623) sw      gp, 204(t5)
core   0: 3 0x8000df38 (0x0c3f2623) mem 0x80010000 0x00000001
core   0: 0x8000df3c (0xff9ff06f) j       pc - 0x8
core   0: 3 0x8000df3c (0xff9ff06f)
core   0: 0x8000df34 (0x00002f17) auipc   t5, 0x2
core   0: 3 0x8000df34 (0x00002f17) x30 0x8000ff34
core   0: 0x8000df38 (0x0c3f2623) sw      gp, 204(t5)
core   0: 3 0x8000df38 (0x0c3f2623) mem 0x80010000 0x00000001
core   0: 0x8000df3c (0xff9ff06f) j       pc - 0x8
core   0: 3 0x8000df3c (0xff9ff06f)
core   0: 0x8000df34 (0x00002f17) auipc   t5, 0x2
core   0: 3 0x8000df34 (0x00002f17) x30 0x8000ff34
core   0: 0x8000df38 (0x0c3f2623) sw      gp, 204(t5)
core   0: 3 0x8000df38 (0x0c3f2623) mem 0x80010000 0x00000001
core   0: 0x8000df3c (0xff9ff06f) j       pc - 0x8
core   0: 3 0x8000df3c (0xff9ff06f)
core   0: 0x8000df34 (0x00002f17) auipc   t5, 0x2
core   0: 3 0x8000df34 (0x00002f17) x30 0x8000ff34
core   0: 0x8000df38 (0x0c3f2623) sw      gp, 204(t5)
core   0: 3 0x8000df38 (0x0c3f2623) mem 0x80010000 0x00000001
core   0: 0x8000df3c (0xff9ff06f) j       pc - 0x8
core   0: 3 0x8000df3c (0xff9ff06f)
core   0: 0x8000df34 (0x00002f17) auipc   t5, 0x2
core   0: 3 0x8000df34 (0x00002f17) x30 0x8000ff34
core   0: 0x8000df38 (0x0c3f2623) sw      gp, 204(t5)
core   0: 3 0x8000df38 (0x0c3f2623) mem 0x80010000 0x00000001
core   0: 0x8000df3c (0xff9ff06f) j       pc - 0x8
core   0: 3 0x8000df3c (0xff9ff06f)
core   0: 0x8000df34 (0x00002f17) auipc   t5, 0x2
core   0: 3 0x8000df34 (0x00002f17) x30 0x8000ff34
core   0: 0x8000df38 (0x0c3f2623) sw      gp, 204(t5)
core   0: 3 0x8000df38 (0x0c3f2623) mem 0x80010000 0x00000001
core   0: 0x8000df3c (0xff9ff06f) j       pc - 0x8
core   0: 3 0x8000df3c (0xff9ff06f)
core   0: 0x8000df34 (0x00002f17) auipc   t5, 0x2
core   0: 3 0x8000df34 (0x00002f17) x30 0x8000ff34
core   0: 0x8000df38 (0x0c3f2623) sw      gp, 204(t5)
core   0: 3 0x8000df38 (0x0c3f2623) mem 0x80010000 0x00000001
core   0: 0x8000df3c (0xff9ff06f) j       pc - 0x8
core   0: 3 0x8000df3c (0xff9ff06f)
core   0: 0x8000df34 (0x00002f17) auipc   t5, 0x2
core   0: 3 0x8000df34 (0x00002f17) x30 0x8000ff34
core   0: 0x8000df38 (0x0c3f2623) sw      gp, 204(t5)
core   0: 3 0x8000df38 (0x0c3f2623) mem 0x80010000 0x00000001
core   0: 0x8000df3c (0xff9ff06f) j       pc - 0x8
core   0: 3 0x8000df3c (0xff9ff06f)
core   0: 0x8000df34 (0x00002f17) auipc   t5, 0x2
core   0: 3 0x8000df34 (0x00002f17) x30 0x8000ff34
core   0: 0x8000df38 (0x0c3f2623) sw      gp, 204(t5)
core   0: 3 0x8000df38 (0x0c3f2623) mem 0x80010000 0x00000001
core   0: 0x8000df3c (0xff9ff06f) j       pc - 0x8
core   0: 3 0x8000df3c (0xff9ff06f)
core   0: 0x8000df34 (0x00002f17) auipc   t5, 0x2
core   0: 3 0x8000df34 (0x00002f17) x30 0x8000ff34
core   0: 0x8000df38 (0x0c3f2623) sw      gp, 204(t5)
core   0: 3 0x8000df38 (0x0c3f2623) mem 0x80010000 0x00000001
core   0: 0x8000df3c (0xff9ff06f) j       pc - 0x8
core   0: 3 0x8000df3c (0xff9ff06f)
core   0: 0x8000df34 (0x00002f17) auipc   t5, 0x2
core   0: 3 0x8000df34 (0x00002f17) x30 0x8000ff34
core   0: 0x8000df38 (0x0c3f2623) sw      gp, 204(t5)
core   0: 3 0x8000df38 (0x0c3f2623) mem 0x80010000 0x00000001
core   0: 0x8000df3c (0xff9ff06f) j       pc - 0x8
core   0: 3 0x8000df3c (0xff9ff06f)
core   0: 0x8000df34 (0x00002f17) auipc   t5, 0x2
core   0: 3 0x8000df34 (0x00002f17) x30 0x8000ff34
core   0: 0x8000df38 (0x0c3f2623) sw      gp, 204(t5)
core   0: 3 0x8000df38 (0x0c3f2623) mem 0x80010000 0x00000001
core   0: 0x8000df3c (0xff9ff06f) j       pc - 0x8
core   0: 3 0x8000df3c (0xff9ff06f)
core   0: 0x8000df34 (0x00002f17) auipc   t5, 0x2
core   0: 3 0x8000df34 (0x00002f17) x30 0x8000ff34
core   0: 0x8000df38 (0x0c3f2623) sw      gp, 204(t5)
core   0: 3 0x8000df38 (0x0c3f2623) mem 0x80010000 0x00000001
core   0: 0x8000df3c (0xff9ff06f) j       pc - 0x8
core   0: 3 0x8000df3c (0xff9ff06f)
core   0: 0x8000df34 (0x00002f17) auipc   t5, 0x2
core   0: 3 0x8000df34 (0x00002f17) x30 0x8000ff34
core   0: 0x8000df38 (0x0c3f2623) sw      gp, 204(t5)
core   0: 3 0x8000df38 (0x0c3f2623) mem 0x80010000 0x00000001
core   0: 0x8000df3c (0xff9ff06f) j       pc - 0x8
core   0: 3 0x8000df3c (0xff9ff06f)
core   0: 0x8000df34 (0x00002f17) auipc   t5, 0x2
core   0: 3 0x8000df34 (0x00002f17) x30 0x8000ff34
core   0: 0x8000df38 (0x0c3f2623) sw      gp, 204(t5)
core   0: 3 0x8000df38 (0x0c3f2623) mem 0x80010000 0x00000001
core   0: 0x8000df3c (0xff9ff06f) j       pc - 0x8
core   0: 3 0x8000df3c (0xff9ff06f)
core   0: 0x8000df34 (0x00002f17) auipc   t5, 0x2
core   0: 3 0x8000df34 (0x00002f17) x30 0x8000ff34
core   0: 0x8000df38 (0x0c3f2623) sw      gp, 204(t5)
core   0: 3 0x8000df38 (0x0c3f2623) mem 0x80010000 0x00000001
core   0: 0x8000df3c (0xff9ff06f) j       pc - 0x8
core   0: 3 0x8000df3c (0xff9ff06f)
core   0: 0x8000df34 (0x00002f17) auipc   t5, 0x2
core   0: 3 0x8000df34 (0x00002f17) x30 0x8000ff34
core   0: 0x8000df38 (0x0c3f2623) sw      gp, 204(t5)
core   0: 3 0x8000df38 (0x0c3f2623) mem 0x80010000 0x00000001
core   0: 0x8000df3c (0xff9ff06f) j       pc - 0x8
core   0: 3 0x8000df3c (0xff9ff06f)
core   0: 0x8000df34 (0x00002f17) auipc   t5, 0x2
core   0: 3 0x8000df34 (0x00002f17) x30 0x8000ff34
core   0: 0x8000df38 (0x0c3f2623) sw      gp, 204(t5)
core   0: 3 0x8000df38 (0x0c3f2623) mem 0x80010000 0x00000001
core   0: 0x8000df3c (0xff9ff06f) j       pc - 0x8
core   0: 3 0x8000df3c (0xff9ff06f)
core   0: 0x8000df34 (0x00002f17) auipc   t5, 0x2
core   0: 3 0x8000df34 (0x00002f17) x30 0x8000ff34
core   0: 0x8000df38 (0x0c3f2623) sw      gp, 204(t5)
core   0: 3 0x8000df38 (0x0c3f2623) mem 0x80010000 0x00000001
core   0: 0x8000df3c (0xff9ff06f) j       pc - 0x8
core   0: 3 0x8000df3c (0xff9ff06f)
core   0: 0x8000df34 (0x00002f17) auipc   t5, 0x2
core   0: 3 0x8000df34 (0x00002f17) x30 0x8000ff34
core   0: 0x8000df38 (0x0c3f2623) sw      gp, 204(t5)
core   0: 3 0x8000df38 (0x0c3f2623) mem 0x80010000 0x00000001
core   0: 0x8000df3c (0xff9ff06f) j       pc - 0x8
core   0: 3 0x8000df3c (0xff9ff06f)
core   0: 0x8000df34 (0x00002f17) auipc   t5, 0x2
core   0: 3 0x8000df34 (0x00002f17) x30 0x8000ff34
core   0: 0x8000df38 (0x0c3f2623) sw      gp, 204(t5)
core   0: 3 0x8000df38 (0x0c3f2623) mem 0x80010000 0x00000001
core   0: 0x8000df3c (0xff9ff06f) j       pc - 0x8
core   0: 3 0x8000df3c (0xff9ff06f)
core   0: 0x8000df34 (0x00002f17) auipc   t5, 0x2
core   0: 3 0x8000df34 (0x00002f17) x30 0x8000ff34
core   0: 0x8000df38 (0x0c3f2623) sw      gp, 204(t5)
core   0: 3 0x8000df38 (0x0c3f2623) mem 0x80010000 0x00000001
core   0: 0x8000df3c (0xff9ff06f) j       pc - 0x8
core   0: 3 0x8000df3c (0xff9ff06f)
core   0: 0x8000df34 (0x00002f17) auipc   t5, 0x2
core   0: 3 0x8000df34 (0x00002f17) x30 0x8000ff34
core   0: 0x8000df38 (0x0c3f2623) sw      gp, 204(t5)
core   0: 3 0x8000df38 (0x0c3f2623) mem 0x80010000 0x00000001
core   0: 0x8000df3c (0xff9ff06f) j       pc - 0x8
core   0: 3 0x8000df3c (0xff9ff06f)
core   0: 0x8000df34 (0x00002f17) auipc   t5, 0x2
core   0: 3 0x8000df34 (0x00002f17) x30 0x8000ff34
core   0: 0x8000df38 (0x0c3f2623) sw      gp, 204(t5)
core   0: 3 0x8000df38 (0x0c3f2623) mem 0x80010000 0x00000001
core   0: 0x8000df3c (0xff9ff06f) j       pc - 0x8
core   0: 3 0x8000df3c (0xff9ff06f)
core   0: 0x8000df34 (0x00002f17) auipc   t5, 0x2
core   0: 3 0x8000df34 (0x00002f17) x30 0x8000ff34
core   0: 0x8000df38 (0x0c3f2623) sw      gp, 204(t5)
core   0: 3 0x8000df38 (0x0c3f2623) mem 0x80010000 0x00000001
core   0: 0x8000df3c (0xff9ff06f) j       pc - 0x8
core   0: 3 0x8000df3c (0xff9ff06f)
core   0: 0x8000df34 (0x00002f17) auipc   t5, 0x2
core   0: 3 0x8000df34 (0x00002f17) x30 0x8000ff34
core   0: 0x8000df38 (0x0c3f2623) sw      gp, 204(t5)
core   0: 3 0x8000df38 (0x0c3f2623) mem 0x80010000 0x00000001
core   0: 0x8000df3c (0xff9ff06f) j       pc - 0x8
core   0: 3 0x8000df3c (0xff9ff06f)
core   0: 0x8000df34 (0x00002f17) auipc   t5, 0x2
core   0: 3 0x8000df34 (0x00002f17) x30 0x8000ff34
core   0: 0x8000df38 (0x0c3f2623) sw      gp, 204(t5)
core   0: 3 0x8000df38 (0x0c3f2623) mem 0x80010000 0x00000001
core   0: 0x8000df3c (0xff9ff06f) j       pc - 0x8
core   0: 3 0x8000df3c (0xff9ff06f)
core   0: 0x8000df34 (0x00002f17) auipc   t5, 0x2
core   0: 3 0x8000df34 (0x00002f17) x30 0x8000ff34
core   0: 0x8000df38 (0x0c3f2623) sw      gp, 204(t5)
core   0: 3 0x8000df38 (0x0c3f2623) mem 0x80010000 0x00000001
core   0: 0x8000df3c (0xff9ff06f) j       pc - 0x8
core   0: 3 0x8000df3c (0xff9ff06f)
core   0: 0x8000df34 (0x00002f17) auipc   t5, 0x2
core   0: 3 0x8000df34 (0x00002f17) x30 0x8000ff34
core   0: 0x8000df38 (0x0c3f2623) sw      gp, 204(t5)
core   0: 3 0x8000df38 (0x0c3f2623) mem 0x80010000 0x00000001
core   0: 0x8000df3c (0xff9ff06f) j       pc - 0x8
core   0: 3 0x8000df3c (0xff9ff06f)
core   0: 0x8000df34 (0x00002f17) auipc   t5, 0x2
core   0: 3 0x8000df34 (0x00002f17) x30 0x8000ff34
core   0: 0x8000df38 (0x0c3f2623) sw      gp, 204(t5)
core   0: 3 0x8000df38 (0x0c3f2623) mem 0x80010000 0x00000001
core   0: 0x8000df3c (0xff9ff06f) j       pc - 0x8
core   0: 3 0x8000df3c (0xff9ff06f)
core   0: 0x8000df34 (0x00002f17) auipc   t5, 0x2
core   0: 3 0x8000df34 (0x00002f17) x30 0x8000ff34
core   0: 0x8000df38 (0x0c3f2623) sw      gp, 204(t5)
core   0: 3 0x8000df38 (0x0c3f2623) mem 0x80010000 0x00000001
core   0: 0x8000df3c (0xff9ff06f) j       pc - 0x8
core   0: 3 0x8000df3c (0xff9ff06f)
core   0: 0x8000df34 (0x00002f17) auipc   t5, 0x2
core   0: 3 0x8000df34 (0x00002f17) x30 0x8000ff34
core   0: 0x8000df38 (0x0c3f2623) sw      gp, 204(t5)
core   0: 3 0x8000df38 (0x0c3f2623) mem 0x80010000 0x00000001
core   0: 0x8000df3c (0xff9ff06f) j       pc - 0x8
core   0: 3 0x8000df3c (0xff9ff06f)
core   0: 0x8000df34 (0x00002f17) auipc   t5, 0x2
core   0: 3 0x8000df34 (0x00002f17) x30 0x8000ff34
core   0: 0x8000df38 (0x0c3f2623) sw      gp, 204(t5)
core   0: 3 0x8000df38 (0x0c3f2623) mem 0x80010000 0x00000001
core   0: 0x8000df3c (0xff9ff06f) j       pc - 0x8
core   0: 3 0x8000df3c (0xff9ff06f)
core   0: 0x8000df34 (0x00002f17) auipc   t5, 0x2
core   0: 3 0x8000df34 (0x00002f17) x30 0x8000ff34
core   0: 0x8000df38 (0x0c3f2623) sw      gp, 204(t5)
core   0: 3 0x8000df38 (0x0c3f2623) mem 0x80010000 0x00000001
core   0: 0x8000df3c (0xff9ff06f) j       pc - 0x8
core   0: 3 0x8000df3c (0xff9ff06f)
core   0: 0x8000df34 (0x00002f17) auipc   t5, 0x2
core   0: 3 0x8000df34 (0x00002f17) x30 0x8000ff34
core   0: 0x8000df38 (0x0c3f2623) sw      gp, 204(t5)
core   0: 3 0x8000df38 (0x0c3f2623) mem 0x80010000 0x00000001
core   0: 0x8000df3c (0xff9ff06f) j       pc - 0x8
core   0: 3 0x8000df3c (0xff9ff06f)
core   0: 0x8000df34 (0x00002f17) auipc   t5, 0x2
core   0: 3 0x8000df34 (0x00002f17) x30 0x8000ff34
core   0: 0x8000df38 (0x0c3f2623) sw      gp, 204(t5)
core   0: 3 0x8000df38 (0x0c3f2623) mem 0x80010000 0x00000001
core   0: 0x8000df3c (0xff9ff06f) j       pc - 0x8
core   0: 3 0x8000df3c (0xff9ff06f)
core   0: 0x8000df34 (0x00002f17) auipc   t5, 0x2
core   0: 3 0x8000df34 (0x00002f17) x30 0x8000ff34
core   0: 0x8000df38 (0x0c3f2623) sw      gp, 204(t5)
core   0: 3 0x8000df38 (0x0c3f2623) mem 0x80010000 0x00000001
core   0: 0x8000df3c (0xff9ff06f) j       pc - 0x8
core   0: 3 0x8000df3c (0xff9ff06f)
core   0: 0x8000df34 (0x00002f17) auipc   t5, 0x2
core   0: 3 0x8000df34 (0x00002f17) x30 0x8000ff34
core   0: 0x8000df38 (0x0c3f2623) sw      gp, 204(t5)
core   0: 3 0x8000df38 (0x0c3f2623) mem 0x80010000 0x00000001
core   0: 0x8000df3c (0xff9ff06f) j       pc - 0x8
core   0: 3 0x8000df3c (0xff9ff06f)
core   0: 0x8000df34 (0x00002f17) auipc   t5, 0x2
core   0: 3 0x8000df34 (0x00002f17) x30 0x8000ff34
core   0: 0x8000df38 (0x0c3f2623) sw      gp, 204(t5)
core   0: 3 0x8000df38 (0x0c3f2623) mem 0x80010000 0x00000001
core   0: 0x8000df3c (0xff9ff06f) j       pc - 0x8
core   0: 3 0x8000df3c (0xff9ff06f)
core   0: 0x8000df34 (0x00002f17) auipc   t5, 0x2
core   0: 3 0x8000df34 (0x00002f17) x30 0x8000ff34
core   0: 0x8000df38 (0x0c3f2623) sw      gp, 204(t5)
core   0: 3 0x8000df38 (0x0c3f2623) mem 0x80010000 0x00000001
core   0: 0x8000df3c (0xff9ff06f) j       pc - 0x8
core   0: 3 0x8000df3c (0xff9ff06f)
core   0: 0x8000df34 (0x00002f17) auipc   t5, 0x2
core   0: 3 0x8000df34 (0x00002f17) x30 0x8000ff34
core   0: 0x8000df38 (0x0c3f2623) sw      gp, 204(t5)
core   0: 3 0x8000df38 (0x0c3f2623) mem 0x80010000 0x00000001
core   0: 0x8000df3c (0xff9ff06f) j       pc - 0x8
core   0: 3 0x8000df3c (0xff9ff06f)
core   0: 0x8000df34 (0x00002f17) auipc   t5, 0x2
core   0: 3 0x8000df34 (0x00002f17) x30 0x8000ff34
core   0: 0x8000df38 (0x0c3f2623) sw      gp, 204(t5)
core   0: 3 0x8000df38 (0x0c3f2623) mem 0x80010000 0x00000001
core   0: 0x8000df3c (0xff9ff06f) j       pc - 0x8
core   0: 3 0x8000df3c (0xff9ff06f)
core   0: 0x8000df34 (0x00002f17) auipc   t5, 0x2
core   0: 3 0x8000df34 (0x00002f17) x30 0x8000ff34
core   0: 0x8000df38 (0x0c3f2623) sw      gp, 204(t5)
core   0: 3 0x8000df38 (0x0c3f2623) mem 0x80010000 0x00000001
core   0: 0x8000df3c (0xff9ff06f) j       pc - 0x8
core   0: 3 0x8000df3c (0xff9ff06f)
core   0: 0x8000df34 (0x00002f17) auipc   t5, 0x2
core   0: 3 0x8000df34 (0x00002f17) x30 0x8000ff34
core   0: 0x8000df38 (0x0c3f2623) sw      gp, 204(t5)
core   0: 3 0x8000df38 (0x0c3f2623) mem 0x80010000 0x00000001
core   0: 0x8000df3c (0xff9ff06f) j       pc - 0x8
core   0: 3 0x8000df3c (0xff9ff06f)
core   0: 0x8000df34 (0x00002f17) auipc   t5, 0x2
core   0: 3 0x8000df34 (0x00002f17) x30 0x8000ff34
core   0: 0x8000df38 (0x0c3f2623) sw      gp, 204(t5)
core   0: 3 0x8000df38 (0x0c3f2623) mem 0x80010000 0x00000001
core   0: 0x8000df3c (0xff9ff06f) j       pc - 0x8
core   0: 3 0x8000df3c (0xff9ff06f)
core   0: 0x8000df34 (0x00002f17) auipc   t5, 0x2
core   0: 3 0x8000df34 (0x00002f17) x30 0x8000ff34
core   0: 0x8000df38 (0x0c3f2623) sw      gp, 204(t5)
core   0: 3 0x8000df38 (0x0c3f2623) mem 0x80010000 0x00000001
core   0: 0x8000df3c (0xff9ff06f) j       pc - 0x8
core   0: 3 0x8000df3c (0xff9ff06f)
core   0: 0x8000df34 (0x00002f17) auipc   t5, 0x2
core   0: 3 0x8000df34 (0x00002f17) x30 0x8000ff34
core   0: 0x8000df38 (0x0c3f2623) sw      gp, 204(t5)
core   0: 3 0x8000df38 (0x0c3f2623) mem 0x80010000 0x00000001
core   0: 0x8000df3c (0xff9ff06f) j       pc - 0x8
core   0: 3 0x8000df3c (0xff9ff06f)
core   0: 0x8000df34 (0x00002f17) auipc   t5, 0x2
core   0: 3 0x8000df34 (0x00002f17) x30 0x8000ff34
core   0: 0x8000df38 (0x0c3f2623) sw      gp, 204(t5)
core   0: 3 0x8000df38 (0x0c3f2623) mem 0x80010000 0x00000001
core   0: 0x8000df3c (0xff9ff06f) j       pc - 0x8
core   0: 3 0x8000df3c (0xff9ff06f)
core   0: 0x8000df34 (0x00002f17) auipc   t5, 0x2
core   0: 3 0x8000df34 (0x00002f17) x30 0x8000ff34
core   0: 0x8000df38 (0x0c3f2623) sw      gp, 204(t5)
core   0: 3 0x8000df38 (0x0c3f2623) mem 0x80010000 0x00000001
core   0: 0x8000df3c (0xff9ff06f) j       pc - 0x8
core   0: 3 0x8000df3c (0xff9ff06f)
core   0: 0x8000df34 (0x00002f17) auipc   t5, 0x2
core   0: 3 0x8000df34 (0x00002f17) x30 0x8000ff34
core   0: 0x8000df38 (0x0c3f2623) sw      gp, 204(t5)
core   0: 3 0x8000df38 (0x0c3f2623) mem 0x80010000 0x00000001
core   0: 0x8000df3c (0xff9ff06f) j       pc - 0x8
core   0: 3 0x8000df3c (0xff9ff06f)
core   0: 0x8000df34 (0x00002f17) auipc   t5, 0x2
core   0: 3 0x8000df34 (0x00002f17) x30 0x8000ff34
core   0: 0x8000df38 (0x0c3f2623) sw      gp, 204(t5)
core   0: 3 0x8000df38 (0x0c3f2623) mem 0x80010000 0x00000001
core   0: 0x8000df3c (0xff9ff06f) j       pc - 0x8
core   0: 3 0x8000df3c (0xff9ff06f)
core   0: 0x8000df34 (0x00002f17) auipc   t5, 0x2
core   0: 3 0x8000df34 (0x00002f17) x30 0x8000ff34
core   0: 0x8000df38 (0x0c3f2623) sw      gp, 204(t5)
core   0: 3 0x8000df38 (0x0c3f2623) mem 0x80010000 0x00000001
core   0: 0x8000df3c (0xff9ff06f) j       pc - 0x8
core   0: 3 0x8000df3c (0xff9ff06f)
core   0: 0x8000df34 (0x00002f17) auipc   t5, 0x2
core   0: 3 0x8000df34 (0x00002f17) x30 0x8000ff34
core   0: 0x8000df38 (0x0c3f2623) sw      gp, 204(t5)
core   0: 3 0x8000df38 (0x0c3f2623) mem 0x80010000 0x00000001
core   0: 0x8000df3c (0xff9ff06f) j       pc - 0x8
core   0: 3 0x8000df3c (0xff9ff06f)
core   0: 0x8000df34 (0x00002f17) auipc   t5, 0x2
core   0: 3 0x8000df34 (0x00002f17) x30 0x8000ff34
core   0: 0x8000df38 (0x0c3f2623) sw      gp, 204(t5)
core   0: 3 0x8000df38 (0x0c3f2623) mem 0x80010000 0x00000001
core   0: 0x8000df3c (0xff9ff06f) j       pc - 0x8
core   0: 3 0x8000df3c (0xff9ff06f)
core   0: 0x8000df34 (0x00002f17) auipc   t5, 0x2
core   0: 3 0x8000df34 (0x00002f17) x30 0x8000ff34
core   0: 0x8000df38 (0x0c3f2623) sw      gp, 204(t5)
core   0: 3 0x8000df38 (0x0c3f2623) mem 0x80010000 0x00000001
core   0: 0x8000df3c (0xff9ff06f) j       pc - 0x8
core   0: 3 0x8000df3c (0xff9ff06f)
core   0: 0x8000df34 (0x00002f17) auipc   t5, 0x2
core   0: 3 0x8000df34 (0x00002f17) x30 0x8000ff34
core   0: 0x8000df38 (0x0c3f2623) sw      gp, 204(t5)
core   0: 3 0x8000df38 (0x0c3f2623) mem 0x80010000 0x00000001
core   0: 0x8000df3c (0xff9ff06f) j       pc - 0x8
core   0: 3 0x8000df3c (0xff9ff06f)
core   0: 0x8000df34 (0x00002f17) auipc   t5, 0x2
core   0: 3 0x8000df34 (0x00002f17) x30 0x8000ff34
core   0: 0x8000df38 (0x0c3f2623) sw      gp, 204(t5)
core   0: 3 0x8000df38 (0x0c3f2623) mem 0x80010000 0x00000001
core   0: 0x8000df3c (0xff9ff06f) j       pc - 0x8
core   0: 3 0x8000df3c (0xff9ff06f)
core   0: 0x8000df34 (0x00002f17) auipc   t5, 0x2
core   0: 3 0x8000df34 (0x00002f17) x30 0x8000ff34
core   0: 0x8000df38 (0x0c3f2623) sw      gp, 204(t5)
core   0: 3 0x8000df38 (0x0c3f2623) mem 0x80010000 0x00000001
core   0: 0x8000df3c (0xff9ff06f) j       pc - 0x8
core   0: 3 0x8000df3c (0xff9ff06f)
core   0: 0x8000df34 (0x00002f17) auipc   t5, 0x2
core   0: 3 0x8000df34 (0x00002f17) x30 0x8000ff34
core   0: 0x8000df38 (0x0c3f2623) sw      gp, 204(t5)
core   0: 3 0x8000df38 (0x0c3f2623) mem 0x80010000 0x00000001
core   0: 0x8000df3c (0xff9ff06f) j       pc - 0x8
core   0: 3 0x8000df3c (0xff9ff06f)
core   0: 0x8000df34 (0x00002f17) auipc   t5, 0x2
core   0: 3 0x8000df34 (0x00002f17) x30 0x8000ff34
core   0: 0x8000df38 (0x0c3f2623) sw      gp, 204(t5)
core   0: 3 0x8000df38 (0x0c3f2623) mem 0x80010000 0x00000001
core   0: 0x8000df3c (0xff9ff06f) j       pc - 0x8
core   0: 3 0x8000df3c (0xff9ff06f)
core   0: 0x8000df34 (0x00002f17) auipc   t5, 0x2
core   0: 3 0x8000df34 (0x00002f17) x30 0x8000ff34
core   0: 0x8000df38 (0x0c3f2623) sw      gp, 204(t5)
core   0: 3 0x8000df38 (0x0c3f2623) mem 0x80010000 0x00000001
core   0: 0x8000df3c (0xff9ff06f) j       pc - 0x8
core   0: 3 0x8000df3c (0xff9ff06f)
core   0: 0x8000df34 (0x00002f17) auipc   t5, 0x2
core   0: 3 0x8000df34 (0x00002f17) x30 0x8000ff34
core   0: 0x8000df38 (0x0c3f2623) sw      gp, 204(t5)
core   0: 3 0x8000df38 (0x0c3f2623) mem 0x80010000 0x00000001
core   0: 0x8000df3c (0xff9ff06f) j       pc - 0x8
core   0: 3 0x8000df3c (0xff9ff06f)
core   0: 0x8000df34 (0x00002f17) auipc   t5, 0x2
core   0: 3 0x8000df34 (0x00002f17) x30 0x8000ff34
core   0: 0x8000df38 (0x0c3f2623) sw      gp, 204(t5)
core   0: 3 0x8000df38 (0x0c3f2623) mem 0x80010000 0x00000001
core   0: 0x8000df3c (0xff9ff06f) j       pc - 0x8
core   0: 3 0x8000df3c (0xff9ff06f)
core   0: 0x8000df34 (0x00002f17) auipc   t5, 0x2
core   0: 3 0x8000df34 (0x00002f17) x30 0x8000ff34
core   0: 0x8000df38 (0x0c3f2623) sw      gp, 204(t5)
core   0: 3 0x8000df38 (0x0c3f2623) mem 0x80010000 0x00000001
core   0: 0x8000df3c (0xff9ff06f) j       pc - 0x8
core   0: 3 0x8000df3c (0xff9ff06f)
core   0: 0x8000df34 (0x00002f17) auipc   t5, 0x2
core   0: 3 0x8000df34 (0x00002f17) x30 0x8000ff34
core   0: 0x8000df38 (0x0c3f2623) sw      gp, 204(t5)
core   0: 3 0x8000df38 (0x0c3f2623) mem 0x80010000 0x00000001
core   0: 0x8000df3c (0xff9ff06f) j       pc - 0x8
core   0: 3 0x8000df3c (0xff9ff06f)
core   0: 0x8000df34 (0x00002f17) auipc   t5, 0x2
core   0: 3 0x8000df34 (0x00002f17) x30 0x8000ff34
core   0: 0x8000df38 (0x0c3f2623) sw      gp, 204(t5)
core   0: 3 0x8000df38 (0x0c3f2623) mem 0x80010000 0x00000001
core   0: 0x8000df3c (0xff9ff06f) j       pc - 0x8
core   0: 3 0x8000df3c (0xff9ff06f)
core   0: 0x8000df34 (0x00002f17) auipc   t5, 0x2
core   0: 3 0x8000df34 (0x00002f17) x30 0x8000ff34
core   0: 0x8000df38 (0x0c3f2623) sw      gp, 204(t5)
core   0: 3 0x8000df38 (0x0c3f2623) mem 0x80010000 0x00000001
core   0: 0x8000df3c (0xff9ff06f) j       pc - 0x8
core   0: 3 0x8000df3c (0xff9ff06f)
core   0: 0x8000df34 (0x00002f17) auipc   t5, 0x2
core   0: 3 0x8000df34 (0x00002f17) x30 0x8000ff34
core   0: 0x8000df38 (0x0c3f2623) sw      gp, 204(t5)
core   0: 3 0x8000df38 (0x0c3f2623) mem 0x80010000 0x00000001
core   0: 0x8000df3c (0xff9ff06f) j       pc - 0x8
core   0: 3 0x8000df3c (0xff9ff06f)
core   0: 0x8000df34 (0x00002f17) auipc   t5, 0x2
core   0: 3 0x8000df34 (0x00002f17) x30 0x8000ff34
core   0: 0x8000df38 (0x0c3f2623) sw      gp, 204(t5)
core   0: 3 0x8000df38 (0x0c3f2623) mem 0x80010000 0x00000001
core   0: 0x8000df3c (0xff9ff06f) j       pc - 0x8
core   0: 3 0x8000df3c (0xff9ff06f)
core   0: 0x8000df34 (0x00002f17) auipc   t5, 0x2
core   0: 3 0x8000df34 (0x00002f17) x30 0x8000ff34
core   0: 0x8000df38 (0x0c3f2623) sw      gp, 204(t5)
core   0: 3 0x8000df38 (0x0c3f2623) mem 0x80010000 0x00000001
core   0: 0x8000df3c (0xff9ff06f) j       pc - 0x8
core   0: 3 0x8000df3c (0xff9ff06f)
core   0: 0x8000df34 (0x00002f17) auipc   t5, 0x2
core   0: 3 0x8000df34 (0x00002f17) x30 0x8000ff34
core   0: 0x8000df38 (0x0c3f2623) sw      gp, 204(t5)
core   0: 3 0x8000df38 (0x0c3f2623) mem 0x80010000 0x00000001
core   0: 0x8000df3c (0xff9ff06f) j       pc - 0x8
core   0: 3 0x8000df3c (0xff9ff06f)
core   0: 0x8000df34 (0x00002f17) auipc   t5, 0x2
core   0: 3 0x8000df34 (0x00002f17) x30 0x8000ff34
core   0: 0x8000df38 (0x0c3f2623) sw      gp, 204(t5)
core   0: 3 0x8000df38 (0x0c3f2623) mem 0x80010000 0x00000001
core   0: 0x8000df3c (0xff9ff06f) j       pc - 0x8
core   0: 3 0x8000df3c (0xff9ff06f)
core   0: 0x8000df34 (0x00002f17) auipc   t5, 0x2
core   0: 3 0x8000df34 (0x00002f17) x30 0x8000ff34
core   0: 0x8000df38 (0x0c3f2623) sw      gp, 204(t5)
core   0: 3 0x8000df38 (0x0c3f2623) mem 0x80010000 0x00000001
core   0: 0x8000df3c (0xff9ff06f) j       pc - 0x8
core   0: 3 0x8000df3c (0xff9ff06f)
core   0: 0x8000df34 (0x00002f17) auipc   t5, 0x2
core   0: 3 0x8000df34 (0x00002f17) x30 0x8000ff34
core   0: 0x8000df38 (0x0c3f2623) sw      gp, 204(t5)
core   0: 3 0x8000df38 (0x0c3f2623) mem 0x80010000 0x00000001
core   0: 0x8000df3c (0xff9ff06f) j       pc - 0x8
core   0: 3 0x8000df3c (0xff9ff06f)
core   0: 0x8000df34 (0x00002f17) auipc   t5, 0x2
core   0: 3 0x8000df34 (0x00002f17) x30 0x8000ff34
core   0: 0x8000df38 (0x0c3f2623) sw      gp, 204(t5)
core   0: 3 0x8000df38 (0x0c3f2623) mem 0x80010000 0x00000001
core   0: 0x8000df3c (0xff9ff06f) j       pc - 0x8
core   0: 3 0x8000df3c (0xff9ff06f)
core   0: 0x8000df34 (0x00002f17) auipc   t5, 0x2
core   0: 3 0x8000df34 (0x00002f17) x30 0x8000ff34
core   0: 0x8000df38 (0x0c3f2623) sw      gp, 204(t5)
core   0: 3 0x8000df38 (0x0c3f2623) mem 0x80010000 0x00000001
core   0: 0x8000df3c (0xff9ff06f) j       pc - 0x8
core   0: 3 0x8000df3c (0xff9ff06f)
core   0: 0x8000df34 (0x00002f17) auipc   t5, 0x2
core   0: 3 0x8000df34 (0x00002f17) x30 0x8000ff34
core   0: 0x8000df38 (0x0c3f2623) sw      gp, 204(t5)
core   0: 3 0x8000df38 (0x0c3f2623) mem 0x80010000 0x00000001
core   0: 0x8000df3c (0xff9ff06f) j       pc - 0x8
core   0: 3 0x8000df3c (0xff9ff06f)
core   0: 0x8000df34 (0x00002f17) auipc   t5, 0x2
core   0: 3 0x8000df34 (0x00002f17) x30 0x8000ff34
core   0: 0x8000df38 (0x0c3f2623) sw      gp, 204(t5)
core   0: 3 0x8000df38 (0x0c3f2623) mem 0x80010000 0x00000001
core   0: 0x8000df3c (0xff9ff06f) j       pc - 0x8
core   0: 3 0x8000df3c (0xff9ff06f)
core   0: 0x8000df34 (0x00002f17) auipc   t5, 0x2
core   0: 3 0x8000df34 (0x00002f17) x30 0x8000ff34
core   0: 0x8000df38 (0x0c3f2623) sw      gp, 204(t5)
core   0: 3 0x8000df38 (0x0c3f2623) mem 0x80010000 0x00000001
core   0: 0x8000df3c (0xff9ff06f) j       pc - 0x8
core   0: 3 0x8000df3c (0xff9ff06f)
core   0: 0x8000df34 (0x00002f17) auipc   t5, 0x2
core   0: 3 0x8000df34 (0x00002f17) x30 0x8000ff34
core   0: 0x8000df38 (0x0c3f2623) sw      gp, 204(t5)
core   0: 3 0x8000df38 (0x0c3f2623) mem 0x80010000 0x00000001
core   0: 0x8000df3c (0xff9ff06f) j       pc - 0x8
core   0: 3 0x8000df3c (0xff9ff06f)
core   0: 0x8000df34 (0x00002f17) auipc   t5, 0x2
core   0: 3 0x8000df34 (0x00002f17) x30 0x8000ff34
core   0: 0x8000df38 (0x0c3f2623) sw      gp, 204(t5)
core   0: 3 0x8000df38 (0x0c3f2623) mem 0x80010000 0x00000001
core   0: 0x8000df3c (0xff9ff06f) j       pc - 0x8
core   0: 3 0x8000df3c (0xff9ff06f)
core   0: 0x8000df34 (0x00002f17) auipc   t5, 0x2
core   0: 3 0x8000df34 (0x00002f17) x30 0x8000ff34
core   0: 0x8000df38 (0x0c3f2623) sw      gp, 204(t5)
core   0: 3 0x8000df38 (0x0c3f2623) mem 0x80010000 0x00000001
core   0: 0x8000df3c (0xff9ff06f) j       pc - 0x8
core   0: 3 0x8000df3c (0xff9ff06f)
core   0: 0x8000df34 (0x00002f17) auipc   t5, 0x2
core   0: 3 0x8000df34 (0x00002f17) x30 0x8000ff34
core   0: 0x8000df38 (0x0c3f2623) sw      gp, 204(t5)
core   0: 3 0x8000df38 (0x0c3f2623) mem 0x80010000 0x00000001
core   0: 0x8000df3c (0xff9ff06f) j       pc - 0x8
core   0: 3 0x8000df3c (0xff9ff06f)
core   0: 0x8000df34 (0x00002f17) auipc   t5, 0x2
core   0: 3 0x8000df34 (0x00002f17) x30 0x8000ff34
core   0: 0x8000df38 (0x0c3f2623) sw      gp, 204(t5)
core   0: 3 0x8000df38 (0x0c3f2623) mem 0x80010000 0x00000001
core   0: 0x8000df3c (0xff9ff06f) j       pc - 0x8
core   0: 3 0x8000df3c (0xff9ff06f)
core   0: 0x8000df34 (0x00002f17) auipc   t5, 0x2
core   0: 3 0x8000df34 (0x00002f17) x30 0x8000ff34
core   0: 0x8000df38 (0x0c3f2623) sw      gp, 204(t5)
core   0: 3 0x8000df38 (0x0c3f2623) mem 0x80010000 0x00000001
core   0: 0x8000df3c (0xff9ff06f) j       pc - 0x8
core   0: 3 0x8000df3c (0xff9ff06f)
core   0: 0x8000df34 (0x00002f17) auipc   t5, 0x2
core   0: 3 0x8000df34 (0x00002f17) x30 0x8000ff34
core   0: 0x8000df38 (0x0c3f2623) sw      gp, 204(t5)
core   0: 3 0x8000df38 (0x0c3f2623) mem 0x80010000 0x00000001
core   0: 0x8000df3c (0xff9ff06f) j       pc - 0x8
core   0: 3 0x8000df3c (0xff9ff06f)
core   0: 0x8000df34 (0x00002f17) auipc   t5, 0x2
core   0: 3 0x8000df34 (0x00002f17) x30 0x8000ff34
core   0: 0x8000df38 (0x0c3f2623) sw      gp, 204(t5)
core   0: 3 0x8000df38 (0x0c3f2623) mem 0x80010000 0x00000001
core   0: 0x8000df3c (0xff9ff06f) j       pc - 0x8
core   0: 3 0x8000df3c (0xff9ff06f)
core   0: 0x8000df34 (0x00002f17) auipc   t5, 0x2
core   0: 3 0x8000df34 (0x00002f17) x30 0x8000ff34
core   0: 0x8000df38 (0x0c3f2623) sw      gp, 204(t5)
core   0: 3 0x8000df38 (0x0c3f2623) mem 0x80010000 0x00000001
core   0: 0x8000df3c (0xff9ff06f) j       pc - 0x8
core   0: 3 0x8000df3c (0xff9ff06f)
core   0: 0x8000df34 (0x00002f17) auipc   t5, 0x2
core   0: 3 0x8000df34 (0x00002f17) x30 0x8000ff34
core   0: 0x8000df38 (0x0c3f2623) sw      gp, 204(t5)
core   0: 3 0x8000df38 (0x0c3f2623) mem 0x80010000 0x00000001
core   0: 0x8000df3c (0xff9ff06f) j       pc - 0x8
core   0: 3 0x8000df3c (0xff9ff06f)
core   0: 0x8000df34 (0x00002f17) auipc   t5, 0x2
core   0: 3 0x8000df34 (0x00002f17) x30 0x8000ff34
core   0: 0x8000df38 (0x0c3f2623) sw      gp, 204(t5)
core   0: 3 0x8000df38 (0x0c3f2623) mem 0x80010000 0x00000001
core   0: 0x8000df3c (0xff9ff06f) j       pc - 0x8
core   0: 3 0x8000df3c (0xff9ff06f)
core   0: 0x8000df34 (0x00002f17) auipc   t5, 0x2
core   0: 3 0x8000df34 (0x00002f17) x30 0x8000ff34
core   0: 0x8000df38 (0x0c3f2623) sw      gp, 204(t5)
core   0: 3 0x8000df38 (0x0c3f2623) mem 0x80010000 0x00000001
core   0: 0x8000df3c (0xff9ff06f) j       pc - 0x8
core   0: 3 0x8000df3c (0xff9ff06f)
core   0: 0x8000df34 (0x00002f17) auipc   t5, 0x2
core   0: 3 0x8000df34 (0x00002f17) x30 0x8000ff34
core   0: 0x8000df38 (0x0c3f2623) sw      gp, 204(t5)
core   0: 3 0x8000df38 (0x0c3f2623) mem 0x80010000 0x00000001
core   0: 0x8000df3c (0xff9ff06f) j       pc - 0x8
core   0: 3 0x8000df3c (0xff9ff06f)
core   0: 0x8000df34 (0x00002f17) auipc   t5, 0x2
core   0: 3 0x8000df34 (0x00002f17) x30 0x8000ff34
core   0: 0x8000df38 (0x0c3f2623) sw      gp, 204(t5)
core   0: 3 0x8000df38 (0x0c3f2623) mem 0x80010000 0x00000001
core   0: 0x8000df3c (0xff9ff06f) j       pc - 0x8
core   0: 3 0x8000df3c (0xff9ff06f)
core   0: 0x8000df34 (0x00002f17) auipc   t5, 0x2
core   0: 3 0x8000df34 (0x00002f17) x30 0x8000ff34
core   0: 0x8000df38 (0x0c3f2623) sw      gp, 204(t5)
core   0: 3 0x8000df38 (0x0c3f2623) mem 0x80010000 0x00000001
core   0: 0x8000df3c (0xff9ff06f) j       pc - 0x8
core   0: 3 0x8000df3c (0xff9ff06f)
core   0: 0x8000df34 (0x00002f17) auipc   t5, 0x2
core   0: 3 0x8000df34 (0x00002f17) x30 0x8000ff34
core   0: 0x8000df38 (0x0c3f2623) sw      gp, 204(t5)
core   0: 3 0x8000df38 (0x0c3f2623) mem 0x80010000 0x00000001
core   0: 0x8000df3c (0xff9ff06f) j       pc - 0x8
core   0: 3 0x8000df3c (0xff9ff06f)
core   0: 0x8000df34 (0x00002f17) auipc   t5, 0x2
core   0: 3 0x8000df34 (0x00002f17) x30 0x8000ff34
core   0: 0x8000df38 (0x0c3f2623) sw      gp, 204(t5)
core   0: 3 0x8000df38 (0x0c3f2623) mem 0x80010000 0x00000001
core   0: 0x8000df3c (0xff9ff06f) j       pc - 0x8
core   0: 3 0x8000df3c (0xff9ff06f)
core   0: 0x8000df34 (0x00002f17) auipc   t5, 0x2
core   0: 3 0x8000df34 (0x00002f17) x30 0x8000ff34
core   0: 0x8000df38 (0x0c3f2623) sw      gp, 204(t5)
core   0: 3 0x8000df38 (0x0c3f2623) mem 0x80010000 0x00000001
core   0: 0x8000df3c (0xff9ff06f) j       pc - 0x8
core   0: 3 0x8000df3c (0xff9ff06f)
core   0: 0x8000df34 (0x00002f17) auipc   t5, 0x2
core   0: 3 0x8000df34 (0x00002f17) x30 0x8000ff34
core   0: 0x8000df38 (0x0c3f2623) sw      gp, 204(t5)
core   0: 3 0x8000df38 (0x0c3f2623) mem 0x80010000 0x00000001
core   0: 0x8000df3c (0xff9ff06f) j       pc - 0x8
core   0: 3 0x8000df3c (0xff9ff06f)
core   0: 0x8000df34 (0x00002f17) auipc   t5, 0x2
core   0: 3 0x8000df34 (0x00002f17) x30 0x8000ff34
core   0: 0x8000df38 (0x0c3f2623) sw      gp, 204(t5)
core   0: 3 0x8000df38 (0x0c3f2623) mem 0x80010000 0x00000001
core   0: 0x8000df3c (0xff9ff06f) j       pc - 0x8
core   0: 3 0x8000df3c (0xff9ff06f)
core   0: 0x8000df34 (0x00002f17) auipc   t5, 0x2
core   0: 3 0x8000df34 (0x00002f17) x30 0x8000ff34
core   0: 0x8000df38 (0x0c3f2623) sw      gp, 204(t5)
core   0: 3 0x8000df38 (0x0c3f2623) mem 0x80010000 0x00000001
core   0: 0x8000df3c (0xff9ff06f) j       pc - 0x8
core   0: 3 0x8000df3c (0xff9ff06f)
core   0: 0x8000df34 (0x00002f17) auipc   t5, 0x2
core   0: 3 0x8000df34 (0x00002f17) x30 0x8000ff34
core   0: 0x8000df38 (0x0c3f2623) sw      gp, 204(t5)
core   0: 3 0x8000df38 (0x0c3f2623) mem 0x80010000 0x00000001
core   0: 0x8000df3c (0xff9ff06f) j       pc - 0x8
core   0: 3 0x8000df3c (0xff9ff06f)
core   0: 0x8000df34 (0x00002f17) auipc   t5, 0x2
core   0: 3 0x8000df34 (0x00002f17) x30 0x8000ff34
core   0: 0x8000df38 (0x0c3f2623) sw      gp, 204(t5)
core   0: 3 0x8000df38 (0x0c3f2623) mem 0x80010000 0x00000001
core   0: 0x8000df3c (0xff9ff06f) j       pc - 0x8
core   0: 3 0x8000df3c (0xff9ff06f)
core   0: 0x8000df34 (0x00002f17) auipc   t5, 0x2
core   0: 3 0x8000df34 (0x00002f17) x30 0x8000ff34
core   0: 0x8000df38 (0x0c3f2623) sw      gp, 204(t5)
core   0: 3 0x8000df38 (0x0c3f2623) mem 0x80010000 0x00000001
core   0: 0x8000df3c (0xff9ff06f) j       pc - 0x8
core   0: 3 0x8000df3c (0xff9ff06f)
core   0: 0x8000df34 (0x00002f17) auipc   t5, 0x2
core   0: 3 0x8000df34 (0x00002f17) x30 0x8000ff34
core   0: 0x8000df38 (0x0c3f2623) sw      gp, 204(t5)
core   0: 3 0x8000df38 (0x0c3f2623) mem 0x80010000 0x00000001
core   0: 0x8000df3c (0xff9ff06f) j       pc - 0x8
core   0: 3 0x8000df3c (0xff9ff06f)
core   0: 0x8000df34 (0x00002f17) auipc   t5, 0x2
core   0: 3 0x8000df34 (0x00002f17) x30 0x8000ff34
core   0: 0x8000df38 (0x0c3f2623) sw      gp, 204(t5)
core   0: 3 0x8000df38 (0x0c3f2623) mem 0x80010000 0x00000001
core   0: 0x8000df3c (0xff9ff06f) j       pc - 0x8
core   0: 3 0x8000df3c (0xff9ff06f)
core   0: 0x8000df34 (0x00002f17) auipc   t5, 0x2
core   0: 3 0x8000df34 (0x00002f17) x30 0x8000ff34
core   0: 0x8000df38 (0x0c3f2623) sw      gp, 204(t5)
core   0: 3 0x8000df38 (0x0c3f2623) mem 0x80010000 0x00000001
core   0: 0x8000df3c (0xff9ff06f) j       pc - 0x8
core   0: 3 0x8000df3c (0xff9ff06f)
core   0: 0x8000df34 (0x00002f17) auipc   t5, 0x2
core   0: 3 0x8000df34 (0x00002f17) x30 0x8000ff34
core   0: 0x8000df38 (0x0c3f2623) sw      gp, 204(t5)
core   0: 3 0x8000df38 (0x0c3f2623) mem 0x80010000 0x00000001
core   0: 0x8000df3c (0xff9ff06f) j       pc - 0x8
core   0: 3 0x8000df3c (0xff9ff06f)
core   0: 0x8000df34 (0x00002f17) auipc   t5, 0x2
core   0: 3 0x8000df34 (0x00002f17) x30 0x8000ff34
core   0: 0x8000df38 (0x0c3f2623) sw      gp, 204(t5)
core   0: 3 0x8000df38 (0x0c3f2623) mem 0x80010000 0x00000001
core   0: 0x8000df3c (0xff9ff06f) j       pc - 0x8
core   0: 3 0x8000df3c (0xff9ff06f)
core   0: 0x8000df34 (0x00002f17) auipc   t5, 0x2
core   0: 3 0x8000df34 (0x00002f17) x30 0x8000ff34
core   0: 0x8000df38 (0x0c3f2623) sw      gp, 204(t5)
core   0: 3 0x8000df38 (0x0c3f2623) mem 0x80010000 0x00000001
core   0: 0x8000df3c (0xff9ff06f) j       pc - 0x8
core   0: 3 0x8000df3c (0xff9ff06f)
core   0: 0x8000df34 (0x00002f17) auipc   t5, 0x2
core   0: 3 0x8000df34 (0x00002f17) x30 0x8000ff34
core   0: 0x8000df38 (0x0c3f2623) sw      gp, 204(t5)
core   0: 3 0x8000df38 (0x0c3f2623) mem 0x80010000 0x00000001
core   0: 0x8000df3c (0xff9ff06f) j       pc - 0x8
core   0: 3 0x8000df3c (0xff9ff06f)
core   0: 0x8000df34 (0x00002f17) auipc   t5, 0x2
core   0: 3 0x8000df34 (0x00002f17) x30 0x8000ff34
core   0: 0x8000df38 (0x0c3f2623) sw      gp, 204(t5)
core   0: 3 0x8000df38 (0x0c3f2623) mem 0x80010000 0x00000001
core   0: 0x8000df3c (0xff9ff06f) j       pc - 0x8
core   0: 3 0x8000df3c (0xff9ff06f)
core   0: 0x8000df34 (0x00002f17) auipc   t5, 0x2
core   0: 3 0x8000df34 (0x00002f17) x30 0x8000ff34
core   0: 0x8000df38 (0x0c3f2623) sw      gp, 204(t5)
core   0: 3 0x8000df38 (0x0c3f2623) mem 0x80010000 0x00000001
core   0: 0x8000df3c (0xff9ff06f) j       pc - 0x8
core   0: 3 0x8000df3c (0xff9ff06f)
core   0: 0x8000df34 (0x00002f17) auipc   t5, 0x2
core   0: 3 0x8000df34 (0x00002f17) x30 0x8000ff34
core   0: 0x8000df38 (0x0c3f2623) sw      gp, 204(t5)
core   0: 3 0x8000df38 (0x0c3f2623) mem 0x80010000 0x00000001
core   0: 0x8000df3c (0xff9ff06f) j       pc - 0x8
core   0: 3 0x8000df3c (0xff9ff06f)
core   0: 0x8000df34 (0x00002f17) auipc   t5, 0x2
core   0: 3 0x8000df34 (0x00002f17) x30 0x8000ff34
core   0: 0x8000df38 (0x0c3f2623) sw      gp, 204(t5)
core   0: 3 0x8000df38 (0x0c3f2623) mem 0x80010000 0x00000001
core   0: 0x8000df3c (0xff9ff06f) j       pc - 0x8
core   0: 3 0x8000df3c (0xff9ff06f)
core   0: 0x8000df34 (0x00002f17) auipc   t5, 0x2
core   0: 3 0x8000df34 (0x00002f17) x30 0x8000ff34
core   0: 0x8000df38 (0x0c3f2623) sw      gp, 204(t5)
core   0: 3 0x8000df38 (0x0c3f2623) mem 0x80010000 0x00000001
core   0: 0x8000df3c (0xff9ff06f) j       pc - 0x8
core   0: 3 0x8000df3c (0xff9ff06f)
core   0: 0x8000df34 (0x00002f17) auipc   t5, 0x2
core   0: 3 0x8000df34 (0x00002f17) x30 0x8000ff34
core   0: 0x8000df38 (0x0c3f2623) sw      gp, 204(t5)
core   0: 3 0x8000df38 (0x0c3f2623) mem 0x80010000 0x00000001
core   0: 0x8000df3c (0xff9ff06f) j       pc - 0x8
core   0: 3 0x8000df3c (0xff9ff06f)
core   0: 0x8000df34 (0x00002f17) auipc   t5, 0x2
core   0: 3 0x8000df34 (0x00002f17) x30 0x8000ff34
core   0: 0x8000df38 (0x0c3f2623) sw      gp, 204(t5)
core   0: 3 0x8000df38 (0x0c3f2623) mem 0x80010000 0x00000001
core   0: 0x8000df3c (0xff9ff06f) j       pc - 0x8
core   0: 3 0x8000df3c (0xff9ff06f)
core   0: 0x8000df34 (0x00002f17) auipc   t5, 0x2
core   0: 3 0x8000df34 (0x00002f17) x30 0x8000ff34
core   0: 0x8000df38 (0x0c3f2623) sw      gp, 204(t5)
core   0: 3 0x8000df38 (0x0c3f2623) mem 0x80010000 0x00000001
core   0: 0x8000df3c (0xff9ff06f) j       pc - 0x8
core   0: 3 0x8000df3c (0xff9ff06f)
core   0: 0x8000df34 (0x00002f17) auipc   t5, 0x2
core   0: 3 0x8000df34 (0x00002f17) x30 0x8000ff34
core   0: 0x8000df38 (0x0c3f2623) sw      gp, 204(t5)
core   0: 3 0x8000df38 (0x0c3f2623) mem 0x80010000 0x00000001
core   0: 0x8000df3c (0xff9ff06f) j       pc - 0x8
core   0: 3 0x8000df3c (0xff9ff06f)
core   0: 0x8000df34 (0x00002f17) auipc   t5, 0x2
core   0: 3 0x8000df34 (0x00002f17) x30 0x8000ff34
core   0: 0x8000df38 (0x0c3f2623) sw      gp, 204(t5)
core   0: 3 0x8000df38 (0x0c3f2623) mem 0x80010000 0x00000001
core   0: 0x8000df3c (0xff9ff06f) j       pc - 0x8
core   0: 3 0x8000df3c (0xff9ff06f)
core   0: 0x8000df34 (0x00002f17) auipc   t5, 0x2
core   0: 3 0x8000df34 (0x00002f17) x30 0x8000ff34
core   0: 0x8000df38 (0x0c3f2623) sw      gp, 204(t5)
core   0: 3 0x8000df38 (0x0c3f2623) mem 0x80010000 0x00000001
core   0: 0x8000df3c (0xff9ff06f) j       pc - 0x8
core   0: 3 0x8000df3c (0xff9ff06f)
core   0: 0x8000df34 (0x00002f17) auipc   t5, 0x2
core   0: 3 0x8000df34 (0x00002f17) x30 0x8000ff34
core   0: 0x8000df38 (0x0c3f2623) sw      gp, 204(t5)
core   0: 3 0x8000df38 (0x0c3f2623) mem 0x80010000 0x00000001
core   0: 0x8000df3c (0xff9ff06f) j       pc - 0x8
core   0: 3 0x8000df3c (0xff9ff06f)
core   0: 0x8000df34 (0x00002f17) auipc   t5, 0x2
core   0: 3 0x8000df34 (0x00002f17) x30 0x8000ff34
core   0: 0x8000df38 (0x0c3f2623) sw      gp, 204(t5)
core   0: 3 0x8000df38 (0x0c3f2623) mem 0x80010000 0x00000001
core   0: 0x8000df3c (0xff9ff06f) j       pc - 0x8
core   0: 3 0x8000df3c (0xff9ff06f)
core   0: 0x8000df34 (0x00002f17) auipc   t5, 0x2
core   0: 3 0x8000df34 (0x00002f17) x30 0x8000ff34
core   0: 0x8000df38 (0x0c3f2623) sw      gp, 204(t5)
core   0: 3 0x8000df38 (0x0c3f2623) mem 0x80010000 0x00000001
core   0: 0x8000df3c (0xff9ff06f) j       pc - 0x8
core   0: 3 0x8000df3c (0xff9ff06f)
core   0: 0x8000df34 (0x00002f17) auipc   t5, 0x2
core   0: 3 0x8000df34 (0x00002f17) x30 0x8000ff34
core   0: 0x8000df38 (0x0c3f2623) sw      gp, 204(t5)
core   0: 3 0x8000df38 (0x0c3f2623) mem 0x80010000 0x00000001
core   0: 0x8000df3c (0xff9ff06f) j       pc - 0x8
core   0: 3 0x8000df3c (0xff9ff06f)
core   0: 0x8000df34 (0x00002f17) auipc   t5, 0x2
core   0: 3 0x8000df34 (0x00002f17) x30 0x8000ff34
core   0: 0x8000df38 (0x0c3f2623) sw      gp, 204(t5)
core   0: 3 0x8000df38 (0x0c3f2623) mem 0x80010000 0x00000001
core   0: 0x8000df3c (0xff9ff06f) j       pc - 0x8
core   0: 3 0x8000df3c (0xff9ff06f)
core   0: 0x8000df34 (0x00002f17) auipc   t5, 0x2
core   0: 3 0x8000df34 (0x00002f17) x30 0x8000ff34
core   0: 0x8000df38 (0x0c3f2623) sw      gp, 204(t5)
core   0: 3 0x8000df38 (0x0c3f2623) mem 0x80010000 0x00000001
core   0: 0x8000df3c (0xff9ff06f) j       pc - 0x8
core   0: 3 0x8000df3c (0xff9ff06f)
core   0: 0x8000df34 (0x00002f17) auipc   t5, 0x2
core   0: 3 0x8000df34 (0x00002f17) x30 0x8000ff34
core   0: 0x8000df38 (0x0c3f2623) sw      gp, 204(t5)
core   0: 3 0x8000df38 (0x0c3f2623) mem 0x80010000 0x00000001
core   0: 0x8000df3c (0xff9ff06f) j       pc - 0x8
core   0: 3 0x8000df3c (0xff9ff06f)
core   0: 0x8000df34 (0x00002f17) auipc   t5, 0x2
core   0: 3 0x8000df34 (0x00002f17) x30 0x8000ff34
core   0: 0x8000df38 (0x0c3f2623) sw      gp, 204(t5)
core   0: 3 0x8000df38 (0x0c3f2623) mem 0x80010000 0x00000001
core   0: 0x8000df3c (0xff9ff06f) j       pc - 0x8
core   0: 3 0x8000df3c (0xff9ff06f)
core   0: 0x8000df34 (0x00002f17) auipc   t5, 0x2
core   0: 3 0x8000df34 (0x00002f17) x30 0x8000ff34
core   0: 0x8000df38 (0x0c3f2623) sw      gp, 204(t5)
core   0: 3 0x8000df38 (0x0c3f2623) mem 0x80010000 0x00000001
core   0: 0x8000df3c (0xff9ff06f) j       pc - 0x8
core   0: 3 0x8000df3c (0xff9ff06f)
core   0: 0x8000df34 (0x00002f17) auipc   t5, 0x2
core   0: 3 0x8000df34 (0x00002f17) x30 0x8000ff34
core   0: 0x8000df38 (0x0c3f2623) sw      gp, 204(t5)
core   0: 3 0x8000df38 (0x0c3f2623) mem 0x80010000 0x00000001
core   0: 0x8000df3c (0xff9ff06f) j       pc - 0x8
core   0: 3 0x8000df3c (0xff9ff06f)
core   0: 0x8000df34 (0x00002f17) auipc   t5, 0x2
core   0: 3 0x8000df34 (0x00002f17) x30 0x8000ff34
core   0: 0x8000df38 (0x0c3f2623) sw      gp, 204(t5)
core   0: 3 0x8000df38 (0x0c3f2623) mem 0x80010000 0x00000001
core   0: 0x8000df3c (0xff9ff06f) j       pc - 0x8
core   0: 3 0x8000df3c (0xff9ff06f)
core   0: 0x8000df34 (0x00002f17) auipc   t5, 0x2
core   0: 3 0x8000df34 (0x00002f17) x30 0x8000ff34
core   0: 0x8000df38 (0x0c3f2623) sw      gp, 204(t5)
core   0: 3 0x8000df38 (0x0c3f2623) mem 0x80010000 0x00000001
core   0: 0x8000df3c (0xff9ff06f) j       pc - 0x8
core   0: 3 0x8000df3c (0xff9ff06f)
core   0: 0x8000df34 (0x00002f17) auipc   t5, 0x2
core   0: 3 0x8000df34 (0x00002f17) x30 0x8000ff34
core   0: 0x8000df38 (0x0c3f2623) sw      gp, 204(t5)
core   0: 3 0x8000df38 (0x0c3f2623) mem 0x80010000 0x00000001
core   0: 0x8000df3c (0xff9ff06f) j       pc - 0x8
core   0: 3 0x8000df3c (0xff9ff06f)
core   0: 0x8000df34 (0x00002f17) auipc   t5, 0x2
core   0: 3 0x8000df34 (0x00002f17) x30 0x8000ff34
core   0: 0x8000df38 (0x0c3f2623) sw      gp, 204(t5)
core   0: 3 0x8000df38 (0x0c3f2623) mem 0x80010000 0x00000001
core   0: 0x8000df3c (0xff9ff06f) j       pc - 0x8
core   0: 3 0x8000df3c (0xff9ff06f)
core   0: 0x8000df34 (0x00002f17) auipc   t5, 0x2
core   0: 3 0x8000df34 (0x00002f17) x30 0x8000ff34
core   0: 0x8000df38 (0x0c3f2623) sw      gp, 204(t5)
core   0: 3 0x8000df38 (0x0c3f2623) mem 0x80010000 0x00000001
core   0: 0x8000df3c (0xff9ff06f) j       pc - 0x8
core   0: 3 0x8000df3c (0xff9ff06f)
core   0: 0x8000df34 (0x00002f17) auipc   t5, 0x2
core   0: 3 0x8000df34 (0x00002f17) x30 0x8000ff34
core   0: 0x8000df38 (0x0c3f2623) sw      gp, 204(t5)
core   0: 3 0x8000df38 (0x0c3f2623) mem 0x80010000 0x00000001
core   0: 0x8000df3c (0xff9ff06f) j       pc - 0x8
core   0: 3 0x8000df3c (0xff9ff06f)
core   0: 0x8000df34 (0x00002f17) auipc   t5, 0x2
core   0: 3 0x8000df34 (0x00002f17) x30 0x8000ff34
core   0: 0x8000df38 (0x0c3f2623) sw      gp, 204(t5)
core   0: 3 0x8000df38 (0x0c3f2623) mem 0x80010000 0x00000001
core   0: 0x8000df3c (0xff9ff06f) j       pc - 0x8
core   0: 3 0x8000df3c (0xff9ff06f)
core   0: 0x8000df34 (0x00002f17) auipc   t5, 0x2
core   0: 3 0x8000df34 (0x00002f17) x30 0x8000ff34
core   0: 0x8000df38 (0x0c3f2623) sw      gp, 204(t5)
core   0: 3 0x8000df38 (0x0c3f2623) mem 0x80010000 0x00000001
core   0: 0x8000df3c (0xff9ff06f) j       pc - 0x8
core   0: 3 0x8000df3c (0xff9ff06f)
core   0: 0x8000df34 (0x00002f17) auipc   t5, 0x2
core   0: 3 0x8000df34 (0x00002f17) x30 0x8000ff34
core   0: 0x8000df38 (0x0c3f2623) sw      gp, 204(t5)
core   0: 3 0x8000df38 (0x0c3f2623) mem 0x80010000 0x00000001
core   0: 0x8000df3c (0xff9ff06f) j       pc - 0x8
core   0: 3 0x8000df3c (0xff9ff06f)
core   0: 0x8000df34 (0x00002f17) auipc   t5, 0x2
core   0: 3 0x8000df34 (0x00002f17) x30 0x8000ff34
core   0: 0x8000df38 (0x0c3f2623) sw      gp, 204(t5)
core   0: 3 0x8000df38 (0x0c3f2623) mem 0x80010000 0x00000001
core   0: 0x8000df3c (0xff9ff06f) j       pc - 0x8
core   0: 3 0x8000df3c (0xff9ff06f)
core   0: 0x8000df34 (0x00002f17) auipc   t5, 0x2
core   0: 3 0x8000df34 (0x00002f17) x30 0x8000ff34
core   0: 0x8000df38 (0x0c3f2623) sw      gp, 204(t5)
core   0: 3 0x8000df38 (0x0c3f2623) mem 0x80010000 0x00000001
core   0: 0x8000df3c (0xff9ff06f) j       pc - 0x8
core   0: 3 0x8000df3c (0xff9ff06f)
core   0: 0x8000df34 (0x00002f17) auipc   t5, 0x2
core   0: 3 0x8000df34 (0x00002f17) x30 0x8000ff34
core   0: 0x8000df38 (0x0c3f2623) sw      gp, 204(t5)
core   0: 3 0x8000df38 (0x0c3f2623) mem 0x80010000 0x00000001
core   0: 0x8000df3c (0xff9ff06f) j       pc - 0x8
core   0: 3 0x8000df3c (0xff9ff06f)
core   0: 0x8000df34 (0x00002f17) auipc   t5, 0x2
core   0: 3 0x8000df34 (0x00002f17) x30 0x8000ff34
core   0: 0x8000df38 (0x0c3f2623) sw      gp, 204(t5)
core   0: 3 0x8000df38 (0x0c3f2623) mem 0x80010000 0x00000001
core   0: 0x8000df3c (0xff9ff06f) j       pc - 0x8
core   0: 3 0x8000df3c (0xff9ff06f)
core   0: 0x8000df34 (0x00002f17) auipc   t5, 0x2
core   0: 3 0x8000df34 (0x00002f17) x30 0x8000ff34
core   0: 0x8000df38 (0x0c3f2623) sw      gp, 204(t5)
core   0: 3 0x8000df38 (0x0c3f2623) mem 0x80010000 0x00000001
core   0: 0x8000df3c (0xff9ff06f) j       pc - 0x8
core   0: 3 0x8000df3c (0xff9ff06f)
core   0: 0x8000df34 (0x00002f17) auipc   t5, 0x2
core   0: 3 0x8000df34 (0x00002f17) x30 0x8000ff34
core   0: 0x8000df38 (0x0c3f2623) sw      gp, 204(t5)
core   0: 3 0x8000df38 (0x0c3f2623) mem 0x80010000 0x00000001
core   0: 0x8000df3c (0xff9ff06f) j       pc - 0x8
core   0: 3 0x8000df3c (0xff9ff06f)
core   0: 0x8000df34 (0x00002f17) auipc   t5, 0x2
core   0: 3 0x8000df34 (0x00002f17) x30 0x8000ff34
core   0: 0x8000df38 (0x0c3f2623) sw      gp, 204(t5)
core   0: 3 0x8000df38 (0x0c3f2623) mem 0x80010000 0x00000001
core   0: 0x8000df3c (0xff9ff06f) j       pc - 0x8
core   0: 3 0x8000df3c (0xff9ff06f)
core   0: 0x8000df34 (0x00002f17) auipc   t5, 0x2
core   0: 3 0x8000df34 (0x00002f17) x30 0x8000ff34
core   0: 0x8000df38 (0x0c3f2623) sw      gp, 204(t5)
core   0: 3 0x8000df38 (0x0c3f2623) mem 0x80010000 0x00000001
core   0: 0x8000df3c (0xff9ff06f) j       pc - 0x8
core   0: 3 0x8000df3c (0xff9ff06f)
core   0: 0x8000df34 (0x00002f17) auipc   t5, 0x2
core   0: 3 0x8000df34 (0x00002f17) x30 0x8000ff34
core   0: 0x8000df38 (0x0c3f2623) sw      gp, 204(t5)
core   0: 3 0x8000df38 (0x0c3f2623) mem 0x80010000 0x00000001
core   0: 0x8000df3c (0xff9ff06f) j       pc - 0x8
core   0: 3 0x8000df3c (0xff9ff06f)
core   0: 0x8000df34 (0x00002f17) auipc   t5, 0x2
core   0: 3 0x8000df34 (0x00002f17) x30 0x8000ff34
core   0: 0x8000df38 (0x0c3f2623) sw      gp, 204(t5)
core   0: 3 0x8000df38 (0x0c3f2623) mem 0x80010000 0x00000001
core   0: 0x8000df3c (0xff9ff06f) j       pc - 0x8
core   0: 3 0x8000df3c (0xff9ff06f)
core   0: 0x8000df34 (0x00002f17) auipc   t5, 0x2
core   0: 3 0x8000df34 (0x00002f17) x30 0x8000ff34
core   0: 0x8000df38 (0x0c3f2623) sw      gp, 204(t5)
core   0: 3 0x8000df38 (0x0c3f2623) mem 0x80010000 0x00000001
core   0: 0x8000df3c (0xff9ff06f) j       pc - 0x8
core   0: 3 0x8000df3c (0xff9ff06f)
core   0: 0x8000df34 (0x00002f17) auipc   t5, 0x2
core   0: 3 0x8000df34 (0x00002f17) x30 0x8000ff34
core   0: 0x8000df38 (0x0c3f2623) sw      gp, 204(t5)
core   0: 3 0x8000df38 (0x0c3f2623) mem 0x80010000 0x00000001
core   0: 0x8000df3c (0xff9ff06f) j       pc - 0x8
core   0: 3 0x8000df3c (0xff9ff06f)
core   0: 0x8000df34 (0x00002f17) auipc   t5, 0x2
core   0: 3 0x8000df34 (0x00002f17) x30 0x8000ff34
core   0: 0x8000df38 (0x0c3f2623) sw      gp, 204(t5)
core   0: 3 0x8000df38 (0x0c3f2623) mem 0x80010000 0x00000001
core   0: 0x8000df3c (0xff9ff06f) j       pc - 0x8
core   0: 3 0x8000df3c (0xff9ff06f)
core   0: 0x8000df34 (0x00002f17) auipc   t5, 0x2
core   0: 3 0x8000df34 (0x00002f17) x30 0x8000ff34
core   0: 0x8000df38 (0x0c3f2623) sw      gp, 204(t5)
core   0: 3 0x8000df38 (0x0c3f2623) mem 0x80010000 0x00000001
core   0: 0x8000df3c (0xff9ff06f) j       pc - 0x8
core   0: 3 0x8000df3c (0xff9ff06f)
core   0: 0x8000df34 (0x00002f17) auipc   t5, 0x2
core   0: 3 0x8000df34 (0x00002f17) x30 0x8000ff34
core   0: 0x8000df38 (0x0c3f2623) sw      gp, 204(t5)
core   0: 3 0x8000df38 (0x0c3f2623) mem 0x80010000 0x00000001
core   0: 0x8000df3c (0xff9ff06f) j       pc - 0x8
core   0: 3 0x8000df3c (0xff9ff06f)
core   0: 0x8000df34 (0x00002f17) auipc   t5, 0x2
core   0: 3 0x8000df34 (0x00002f17) x30 0x8000ff34
core   0: 0x8000df38 (0x0c3f2623) sw      gp, 204(t5)
core   0: 3 0x8000df38 (0x0c3f2623) mem 0x80010000 0x00000001
core   0: 0x8000df3c (0xff9ff06f) j       pc - 0x8
core   0: 3 0x8000df3c (0xff9ff06f)
core   0: 0x8000df34 (0x00002f17) auipc   t5, 0x2
core   0: 3 0x8000df34 (0x00002f17) x30 0x8000ff34
core   0: 0x8000df38 (0x0c3f2623) sw      gp, 204(t5)
core   0: 3 0x8000df38 (0x0c3f2623) mem 0x80010000 0x00000001
core   0: 0x8000df3c (0xff9ff06f) j       pc - 0x8
core   0: 3 0x8000df3c (0xff9ff06f)
core   0: 0x8000df34 (0x00002f17) auipc   t5, 0x2
core   0: 3 0x8000df34 (0x00002f17) x30 0x8000ff34
core   0: 0x8000df38 (0x0c3f2623) sw      gp, 204(t5)
core   0: 3 0x8000df38 (0x0c3f2623) mem 0x80010000 0x00000001
core   0: 0x8000df3c (0xff9ff06f) j       pc - 0x8
core   0: 3 0x8000df3c (0xff9ff06f)
core   0: 0x8000df34 (0x00002f17) auipc   t5, 0x2
core   0: 3 0x8000df34 (0x00002f17) x30 0x8000ff34
core   0: 0x8000df38 (0x0c3f2623) sw      gp, 204(t5)
core   0: 3 0x8000df38 (0x0c3f2623) mem 0x80010000 0x00000001
core   0: 0x8000df3c (0xff9ff06f) j       pc - 0x8
core   0: 3 0x8000df3c (0xff9ff06f)
core   0: 0x8000df34 (0x00002f17) auipc   t5, 0x2
core   0: 3 0x8000df34 (0x00002f17) x30 0x8000ff34
core   0: 0x8000df38 (0x0c3f2623) sw      gp, 204(t5)
core   0: 3 0x8000df38 (0x0c3f2623) mem 0x80010000 0x00000001
core   0: 0x8000df3c (0xff9ff06f) j       pc - 0x8
core   0: 3 0x8000df3c (0xff9ff06f)
core   0: 0x8000df34 (0x00002f17) auipc   t5, 0x2
core   0: 3 0x8000df34 (0x00002f17) x30 0x8000ff34
core   0: 0x8000df38 (0x0c3f2623) sw      gp, 204(t5)
core   0: 3 0x8000df38 (0x0c3f2623) mem 0x80010000 0x00000001
core   0: 0x8000df3c (0xff9ff06f) j       pc - 0x8
core   0: 3 0x8000df3c (0xff9ff06f)
core   0: 0x8000df34 (0x00002f17) auipc   t5, 0x2
core   0: 3 0x8000df34 (0x00002f17) x30 0x8000ff34
core   0: 0x8000df38 (0x0c3f2623) sw      gp, 204(t5)
core   0: 3 0x8000df38 (0x0c3f2623) mem 0x80010000 0x00000001
core   0: 0x8000df3c (0xff9ff06f) j       pc - 0x8
core   0: 3 0x8000df3c (0xff9ff06f)
core   0: 0x8000df34 (0x00002f17) auipc   t5, 0x2
core   0: 3 0x8000df34 (0x00002f17) x30 0x8000ff34
core   0: 0x8000df38 (0x0c3f2623) sw      gp, 204(t5)
core   0: 3 0x8000df38 (0x0c3f2623) mem 0x80010000 0x00000001
core   0: 0x8000df3c (0xff9ff06f) j       pc - 0x8
core   0: 3 0x8000df3c (0xff9ff06f)
core   0: 0x8000df34 (0x00002f17) auipc   t5, 0x2
core   0: 3 0x8000df34 (0x00002f17) x30 0x8000ff34
core   0: 0x8000df38 (0x0c3f2623) sw      gp, 204(t5)
core   0: 3 0x8000df38 (0x0c3f2623) mem 0x80010000 0x00000001
core   0: 0x8000df3c (0xff9ff06f) j       pc - 0x8
core   0: 3 0x8000df3c (0xff9ff06f)
core   0: 0x8000df34 (0x00002f17) auipc   t5, 0x2
core   0: 3 0x8000df34 (0x00002f17) x30 0x8000ff34
core   0: 0x8000df38 (0x0c3f2623) sw      gp, 204(t5)
core   0: 3 0x8000df38 (0x0c3f2623) mem 0x80010000 0x00000001
core   0: 0x8000df3c (0xff9ff06f) j       pc - 0x8
core   0: 3 0x8000df3c (0xff9ff06f)
core   0: 0x8000df34 (0x00002f17) auipc   t5, 0x2
core   0: 3 0x8000df34 (0x00002f17) x30 0x8000ff34
core   0: 0x8000df38 (0x0c3f2623) sw      gp, 204(t5)
core   0: 3 0x8000df38 (0x0c3f2623) mem 0x80010000 0x00000001
core   0: 0x8000df3c (0xff9ff06f) j       pc - 0x8
core   0: 3 0x8000df3c (0xff9ff06f)
core   0: 0x8000df34 (0x00002f17) auipc   t5, 0x2
core   0: 3 0x8000df34 (0x00002f17) x30 0x8000ff34
core   0: 0x8000df38 (0x0c3f2623) sw      gp, 204(t5)
core   0: 3 0x8000df38 (0x0c3f2623) mem 0x80010000 0x00000001
core   0: 0x8000df3c (0xff9ff06f) j       pc - 0x8
core   0: 3 0x8000df3c (0xff9ff06f)
core   0: 0x8000df34 (0x00002f17) auipc   t5, 0x2
core   0: 3 0x8000df34 (0x00002f17) x30 0x8000ff34
core   0: 0x8000df38 (0x0c3f2623) sw      gp, 204(t5)
core   0: 3 0x8000df38 (0x0c3f2623) mem 0x80010000 0x00000001
core   0: 0x8000df3c (0xff9ff06f) j       pc - 0x8
core   0: 3 0x8000df3c (0xff9ff06f)
core   0: 0x8000df34 (0x00002f17) auipc   t5, 0x2
core   0: 3 0x8000df34 (0x00002f17) x30 0x8000ff34
core   0: 0x8000df38 (0x0c3f2623) sw      gp, 204(t5)
core   0: 3 0x8000df38 (0x0c3f2623) mem 0x80010000 0x00000001
core   0: 0x8000df3c (0xff9ff06f) j       pc - 0x8
core   0: 3 0x8000df3c (0xff9ff06f)
core   0: 0x8000df34 (0x00002f17) auipc   t5, 0x2
core   0: 3 0x8000df34 (0x00002f17) x30 0x8000ff34
core   0: 0x8000df38 (0x0c3f2623) sw      gp, 204(t5)
core   0: 3 0x8000df38 (0x0c3f2623) mem 0x80010000 0x00000001
core   0: 0x8000df3c (0xff9ff06f) j       pc - 0x8
core   0: 3 0x8000df3c (0xff9ff06f)
core   0: 0x8000df34 (0x00002f17) auipc   t5, 0x2
core   0: 3 0x8000df34 (0x00002f17) x30 0x8000ff34
core   0: 0x8000df38 (0x0c3f2623) sw      gp, 204(t5)
core   0: 3 0x8000df38 (0x0c3f2623) mem 0x80010000 0x00000001
core   0: 0x8000df3c (0xff9ff06f) j       pc - 0x8
core   0: 3 0x8000df3c (0xff9ff06f)
core   0: 0x8000df34 (0x00002f17) auipc   t5, 0x2
core   0: 3 0x8000df34 (0x00002f17) x30 0x8000ff34
core   0: 0x8000df38 (0x0c3f2623) sw      gp, 204(t5)
core   0: 3 0x8000df38 (0x0c3f2623) mem 0x80010000 0x00000001
core   0: 0x8000df3c (0xff9ff06f) j       pc - 0x8
core   0: 3 0x8000df3c (0xff9ff06f)
core   0: 0x8000df34 (0x00002f17) auipc   t5, 0x2
core   0: 3 0x8000df34 (0x00002f17) x30 0x8000ff34
core   0: 0x8000df38 (0x0c3f2623) sw      gp, 204(t5)
core   0: 3 0x8000df38 (0x0c3f2623) mem 0x80010000 0x00000001
core   0: 0x8000df3c (0xff9ff06f) j       pc - 0x8
core   0: 3 0x8000df3c (0xff9ff06f)
core   0: 0x8000df34 (0x00002f17) auipc   t5, 0x2
core   0: 3 0x8000df34 (0x00002f17) x30 0x8000ff34
core   0: 0x8000df38 (0x0c3f2623) sw      gp, 204(t5)
core   0: 3 0x8000df38 (0x0c3f2623) mem 0x80010000 0x00000001
core   0: 0x8000df3c (0xff9ff06f) j       pc - 0x8
core   0: 3 0x8000df3c (0xff9ff06f)
core   0: 0x8000df34 (0x00002f17) auipc   t5, 0x2
core   0: 3 0x8000df34 (0x00002f17) x30 0x8000ff34
core   0: 0x8000df38 (0x0c3f2623) sw      gp, 204(t5)
core   0: 3 0x8000df38 (0x0c3f2623) mem 0x80010000 0x00000001
core   0: 0x8000df3c (0xff9ff06f) j       pc - 0x8
core   0: 3 0x8000df3c (0xff9ff06f)
core   0: 0x8000df34 (0x00002f17) auipc   t5, 0x2
core   0: 3 0x8000df34 (0x00002f17) x30 0x8000ff34
core   0: 0x8000df38 (0x0c3f2623) sw      gp, 204(t5)
core   0: 3 0x8000df38 (0x0c3f2623) mem 0x80010000 0x00000001
core   0: 0x8000df3c (0xff9ff06f) j       pc - 0x8
core   0: 3 0x8000df3c (0xff9ff06f)
core   0: 0x8000df34 (0x00002f17) auipc   t5, 0x2
core   0: 3 0x8000df34 (0x00002f17) x30 0x8000ff34
core   0: 0x8000df38 (0x0c3f2623) sw      gp, 204(t5)
core   0: 3 0x8000df38 (0x0c3f2623) mem 0x80010000 0x00000001
core   0: 0x8000df3c (0xff9ff06f) j       pc - 0x8
core   0: 3 0x8000df3c (0xff9ff06f)
core   0: 0x8000df34 (0x00002f17) auipc   t5, 0x2
core   0: 3 0x8000df34 (0x00002f17) x30 0x8000ff34
core   0: 0x8000df38 (0x0c3f2623) sw      gp, 204(t5)
core   0: 3 0x8000df38 (0x0c3f2623) mem 0x80010000 0x00000001
core   0: 0x8000df3c (0xff9ff06f) j       pc - 0x8
core   0: 3 0x8000df3c (0xff9ff06f)
core   0: 0x8000df34 (0x00002f17) auipc   t5, 0x2
core   0: 3 0x8000df34 (0x00002f17) x30 0x8000ff34
core   0: 0x8000df38 (0x0c3f2623) sw      gp, 204(t5)
core   0: 3 0x8000df38 (0x0c3f2623) mem 0x80010000 0x00000001
core   0: 0x8000df3c (0xff9ff06f) j       pc - 0x8
core   0: 3 0x8000df3c (0xff9ff06f)
core   0: 0x8000df34 (0x00002f17) auipc   t5, 0x2
core   0: 3 0x8000df34 (0x00002f17) x30 0x8000ff34
core   0: 0x8000df38 (0x0c3f2623) sw      gp, 204(t5)
core   0: 3 0x8000df38 (0x0c3f2623) mem 0x80010000 0x00000001
core   0: 0x8000df3c (0xff9ff06f) j       pc - 0x8
core   0: 3 0x8000df3c (0xff9ff06f)
core   0: 0x8000df34 (0x00002f17) auipc   t5, 0x2
core   0: 3 0x8000df34 (0x00002f17) x30 0x8000ff34
core   0: 0x8000df38 (0x0c3f2623) sw      gp, 204(t5)
core   0: 3 0x8000df38 (0x0c3f2623) mem 0x80010000 0x00000001
core   0: 0x8000df3c (0xff9ff06f) j       pc - 0x8
core   0: 3 0x8000df3c (0xff9ff06f)
core   0: 0x8000df34 (0x00002f17) auipc   t5, 0x2
core   0: 3 0x8000df34 (0x00002f17) x30 0x8000ff34
core   0: 0x8000df38 (0x0c3f2623) sw      gp, 204(t5)
core   0: 3 0x8000df38 (0x0c3f2623) mem 0x80010000 0x00000001
core   0: 0x8000df3c (0xff9ff06f) j       pc - 0x8
core   0: 3 0x8000df3c (0xff9ff06f)
core   0: 0x8000df34 (0x00002f17) auipc   t5, 0x2
core   0: 3 0x8000df34 (0x00002f17) x30 0x8000ff34
core   0: 0x8000df38 (0x0c3f2623) sw      gp, 204(t5)
core   0: 3 0x8000df38 (0x0c3f2623) mem 0x80010000 0x00000001
core   0: 0x8000df3c (0xff9ff06f) j       pc - 0x8
core   0: 3 0x8000df3c (0xff9ff06f)
core   0: 0x8000df34 (0x00002f17) auipc   t5, 0x2
core   0: 3 0x8000df34 (0x00002f17) x30 0x8000ff34
core   0: 0x8000df38 (0x0c3f2623) sw      gp, 204(t5)
core   0: 3 0x8000df38 (0x0c3f2623) mem 0x80010000 0x00000001
core   0: 0x8000df3c (0xff9ff06f) j       pc - 0x8
core   0: 3 0x8000df3c (0xff9ff06f)
core   0: 0x8000df34 (0x00002f17) auipc   t5, 0x2
core   0: 3 0x8000df34 (0x00002f17) x30 0x8000ff34
core   0: 0x8000df38 (0x0c3f2623) sw      gp, 204(t5)
core   0: 3 0x8000df38 (0x0c3f2623) mem 0x80010000 0x00000001
core   0: 0x8000df3c (0xff9ff06f) j       pc - 0x8
core   0: 3 0x8000df3c (0xff9ff06f)
core   0: 0x8000df34 (0x00002f17) auipc   t5, 0x2
core   0: 3 0x8000df34 (0x00002f17) x30 0x8000ff34
core   0: 0x8000df38 (0x0c3f2623) sw      gp, 204(t5)
core   0: 3 0x8000df38 (0x0c3f2623) mem 0x80010000 0x00000001
core   0: 0x8000df3c (0xff9ff06f) j       pc - 0x8
core   0: 3 0x8000df3c (0xff9ff06f)
core   0: 0x8000df34 (0x00002f17) auipc   t5, 0x2
core   0: 3 0x8000df34 (0x00002f17) x30 0x8000ff34
core   0: 0x8000df38 (0x0c3f2623) sw      gp, 204(t5)
core   0: 3 0x8000df38 (0x0c3f2623) mem 0x80010000 0x00000001
core   0: 0x8000df3c (0xff9ff06f) j       pc - 0x8
core   0: 3 0x8000df3c (0xff9ff06f)
core   0: 0x8000df34 (0x00002f17) auipc   t5, 0x2
core   0: 3 0x8000df34 (0x00002f17) x30 0x8000ff34
core   0: 0x8000df38 (0x0c3f2623) sw      gp, 204(t5)
core   0: 3 0x8000df38 (0x0c3f2623) mem 0x80010000 0x00000001
core   0: 0x8000df3c (0xff9ff06f) j       pc - 0x8
core   0: 3 0x8000df3c (0xff9ff06f)
core   0: 0x8000df34 (0x00002f17) auipc   t5, 0x2
core   0: 3 0x8000df34 (0x00002f17) x30 0x8000ff34
core   0: 0x8000df38 (0x0c3f2623) sw      gp, 204(t5)
core   0: 3 0x8000df38 (0x0c3f2623) mem 0x80010000 0x00000001
core   0: 0x8000df3c (0xff9ff06f) j       pc - 0x8
core   0: 3 0x8000df3c (0xff9ff06f)
core   0: 0x8000df34 (0x00002f17) auipc   t5, 0x2
core   0: 3 0x8000df34 (0x00002f17) x30 0x8000ff34
core   0: 0x8000df38 (0x0c3f2623) sw      gp, 204(t5)
core   0: 3 0x8000df38 (0x0c3f2623) mem 0x80010000 0x00000001
core   0: 0x8000df3c (0xff9ff06f) j       pc - 0x8
core   0: 3 0x8000df3c (0xff9ff06f)
core   0: 0x8000df34 (0x00002f17) auipc   t5, 0x2
core   0: 3 0x8000df34 (0x00002f17) x30 0x8000ff34
core   0: 0x8000df38 (0x0c3f2623) sw      gp, 204(t5)
core   0: 3 0x8000df38 (0x0c3f2623) mem 0x80010000 0x00000001
core   0: 0x8000df3c (0xff9ff06f) j       pc - 0x8
core   0: 3 0x8000df3c (0xff9ff06f)
core   0: 0x8000df34 (0x00002f17) auipc   t5, 0x2
core   0: 3 0x8000df34 (0x00002f17) x30 0x8000ff34
core   0: 0x8000df38 (0x0c3f2623) sw      gp, 204(t5)
core   0: 3 0x8000df38 (0x0c3f2623) mem 0x80010000 0x00000001
core   0: 0x8000df3c (0xff9ff06f) j       pc - 0x8
core   0: 3 0x8000df3c (0xff9ff06f)
core   0: 0x8000df34 (0x00002f17) auipc   t5, 0x2
core   0: 3 0x8000df34 (0x00002f17) x30 0x8000ff34
core   0: 0x8000df38 (0x0c3f2623) sw      gp, 204(t5)
core   0: 3 0x8000df38 (0x0c3f2623) mem 0x80010000 0x00000001
core   0: 0x8000df3c (0xff9ff06f) j       pc - 0x8
core   0: 3 0x8000df3c (0xff9ff06f)
core   0: 0x8000df34 (0x00002f17) auipc   t5, 0x2
core   0: 3 0x8000df34 (0x00002f17) x30 0x8000ff34
core   0: 0x8000df38 (0x0c3f2623) sw      gp, 204(t5)
core   0: 3 0x8000df38 (0x0c3f2623) mem 0x80010000 0x00000001
core   0: 0x8000df3c (0xff9ff06f) j       pc - 0x8
core   0: 3 0x8000df3c (0xff9ff06f)
core   0: 0x8000df34 (0x00002f17) auipc   t5, 0x2
core   0: 3 0x8000df34 (0x00002f17) x30 0x8000ff34
core   0: 0x8000df38 (0x0c3f2623) sw      gp, 204(t5)
core   0: 3 0x8000df38 (0x0c3f2623) mem 0x80010000 0x00000001
core   0: 0x8000df3c (0xff9ff06f) j       pc - 0x8
core   0: 3 0x8000df3c (0xff9ff06f)
core   0: 0x8000df34 (0x00002f17) auipc   t5, 0x2
core   0: 3 0x8000df34 (0x00002f17) x30 0x8000ff34
core   0: 0x8000df38 (0x0c3f2623) sw      gp, 204(t5)
core   0: 3 0x8000df38 (0x0c3f2623) mem 0x80010000 0x00000001
core   0: 0x8000df3c (0xff9ff06f) j       pc - 0x8
core   0: 3 0x8000df3c (0xff9ff06f)
core   0: 0x8000df34 (0x00002f17) auipc   t5, 0x2
core   0: 3 0x8000df34 (0x00002f17) x30 0x8000ff34
core   0: 0x8000df38 (0x0c3f2623) sw      gp, 204(t5)
core   0: 3 0x8000df38 (0x0c3f2623) mem 0x80010000 0x00000001
core   0: 0x8000df3c (0xff9ff06f) j       pc - 0x8
core   0: 3 0x8000df3c (0xff9ff06f)
core   0: 0x8000df34 (0x00002f17) auipc   t5, 0x2
core   0: 3 0x8000df34 (0x00002f17) x30 0x8000ff34
core   0: 0x8000df38 (0x0c3f2623) sw      gp, 204(t5)
core   0: 3 0x8000df38 (0x0c3f2623) mem 0x80010000 0x00000001
core   0: 0x8000df3c (0xff9ff06f) j       pc - 0x8
core   0: 3 0x8000df3c (0xff9ff06f)
core   0: 0x8000df34 (0x00002f17) auipc   t5, 0x2
core   0: 3 0x8000df34 (0x00002f17) x30 0x8000ff34
core   0: 0x8000df38 (0x0c3f2623) sw      gp, 204(t5)
core   0: 3 0x8000df38 (0x0c3f2623) mem 0x80010000 0x00000001
core   0: 0x8000df3c (0xff9ff06f) j       pc - 0x8
core   0: 3 0x8000df3c (0xff9ff06f)
core   0: 0x8000df34 (0x00002f17) auipc   t5, 0x2
core   0: 3 0x8000df34 (0x00002f17) x30 0x8000ff34
core   0: 0x8000df38 (0x0c3f2623) sw      gp, 204(t5)
core   0: 3 0x8000df38 (0x0c3f2623) mem 0x80010000 0x00000001
core   0: 0x8000df3c (0xff9ff06f) j       pc - 0x8
core   0: 3 0x8000df3c (0xff9ff06f)
core   0: 0x8000df34 (0x00002f17) auipc   t5, 0x2
core   0: 3 0x8000df34 (0x00002f17) x30 0x8000ff34
core   0: 0x8000df38 (0x0c3f2623) sw      gp, 204(t5)
core   0: 3 0x8000df38 (0x0c3f2623) mem 0x80010000 0x00000001
core   0: 0x8000df3c (0xff9ff06f) j       pc - 0x8
core   0: 3 0x8000df3c (0xff9ff06f)
core   0: 0x8000df34 (0x00002f17) auipc   t5, 0x2
core   0: 3 0x8000df34 (0x00002f17) x30 0x8000ff34
core   0: 0x8000df38 (0x0c3f2623) sw      gp, 204(t5)
core   0: 3 0x8000df38 (0x0c3f2623) mem 0x80010000 0x00000001
core   0: 0x8000df3c (0xff9ff06f) j       pc - 0x8
core   0: 3 0x8000df3c (0xff9ff06f)
core   0: 0x8000df34 (0x00002f17) auipc   t5, 0x2
core   0: 3 0x8000df34 (0x00002f17) x30 0x8000ff34
core   0: 0x8000df38 (0x0c3f2623) sw      gp, 204(t5)
core   0: 3 0x8000df38 (0x0c3f2623) mem 0x80010000 0x00000001
core   0: 0x8000df3c (0xff9ff06f) j       pc - 0x8
core   0: 3 0x8000df3c (0xff9ff06f)
core   0: 0x8000df34 (0x00002f17) auipc   t5, 0x2
core   0: 3 0x8000df34 (0x00002f17) x30 0x8000ff34
core   0: 0x8000df38 (0x0c3f2623) sw      gp, 204(t5)
core   0: 3 0x8000df38 (0x0c3f2623) mem 0x80010000 0x00000001
core   0: 0x8000df3c (0xff9ff06f) j       pc - 0x8
core   0: 3 0x8000df3c (0xff9ff06f)
core   0: 0x8000df34 (0x00002f17) auipc   t5, 0x2
core   0: 3 0x8000df34 (0x00002f17) x30 0x8000ff34
core   0: 0x8000df38 (0x0c3f2623) sw      gp, 204(t5)
core   0: 3 0x8000df38 (0x0c3f2623) mem 0x80010000 0x00000001
core   0: 0x8000df3c (0xff9ff06f) j       pc - 0x8
core   0: 3 0x8000df3c (0xff9ff06f)
core   0: 0x8000df34 (0x00002f17) auipc   t5, 0x2
core   0: 3 0x8000df34 (0x00002f17) x30 0x8000ff34
core   0: 0x8000df38 (0x0c3f2623) sw      gp, 204(t5)
core   0: 3 0x8000df38 (0x0c3f2623) mem 0x80010000 0x00000001
core   0: 0x8000df3c (0xff9ff06f) j       pc - 0x8
core   0: 3 0x8000df3c (0xff9ff06f)
core   0: 0x8000df34 (0x00002f17) auipc   t5, 0x2
core   0: 3 0x8000df34 (0x00002f17) x30 0x8000ff34
core   0: 0x8000df38 (0x0c3f2623) sw      gp, 204(t5)
core   0: 3 0x8000df38 (0x0c3f2623) mem 0x80010000 0x00000001
core   0: 0x8000df3c (0xff9ff06f) j       pc - 0x8
core   0: 3 0x8000df3c (0xff9ff06f)
core   0: 0x8000df34 (0x00002f17) auipc   t5, 0x2
core   0: 3 0x8000df34 (0x00002f17) x30 0x8000ff34
core   0: 0x8000df38 (0x0c3f2623) sw      gp, 204(t5)
core   0: 3 0x8000df38 (0x0c3f2623) mem 0x80010000 0x00000001
core   0: 0x8000df3c (0xff9ff06f) j       pc - 0x8
core   0: 3 0x8000df3c (0xff9ff06f)
core   0: 0x8000df34 (0x00002f17) auipc   t5, 0x2
core   0: 3 0x8000df34 (0x00002f17) x30 0x8000ff34
core   0: 0x8000df38 (0x0c3f2623) sw      gp, 204(t5)
core   0: 3 0x8000df38 (0x0c3f2623) mem 0x80010000 0x00000001
core   0: 0x8000df3c (0xff9ff06f) j       pc - 0x8
core   0: 3 0x8000df3c (0xff9ff06f)
core   0: 0x8000df34 (0x00002f17) auipc   t5, 0x2
core   0: 3 0x8000df34 (0x00002f17) x30 0x8000ff34
core   0: 0x8000df38 (0x0c3f2623) sw      gp, 204(t5)
core   0: 3 0x8000df38 (0x0c3f2623) mem 0x80010000 0x00000001
core   0: 0x8000df3c (0xff9ff06f) j       pc - 0x8
core   0: 3 0x8000df3c (0xff9ff06f)
core   0: 0x8000df34 (0x00002f17) auipc   t5, 0x2
core   0: 3 0x8000df34 (0x00002f17) x30 0x8000ff34
core   0: 0x8000df38 (0x0c3f2623) sw      gp, 204(t5)
core   0: 3 0x8000df38 (0x0c3f2623) mem 0x80010000 0x00000001
core   0: 0x8000df3c (0xff9ff06f) j       pc - 0x8
core   0: 3 0x8000df3c (0xff9ff06f)
core   0: 0x8000df34 (0x00002f17) auipc   t5, 0x2
core   0: 3 0x8000df34 (0x00002f17) x30 0x8000ff34
core   0: 0x8000df38 (0x0c3f2623) sw      gp, 204(t5)
core   0: 3 0x8000df38 (0x0c3f2623) mem 0x80010000 0x00000001
core   0: 0x8000df3c (0xff9ff06f) j       pc - 0x8
core   0: 3 0x8000df3c (0xff9ff06f)
core   0: 0x8000df34 (0x00002f17) auipc   t5, 0x2
core   0: 3 0x8000df34 (0x00002f17) x30 0x8000ff34
core   0: 0x8000df38 (0x0c3f2623) sw      gp, 204(t5)
core   0: 3 0x8000df38 (0x0c3f2623) mem 0x80010000 0x00000001
core   0: 0x8000df3c (0xff9ff06f) j       pc - 0x8
core   0: 3 0x8000df3c (0xff9ff06f)
core   0: 0x8000df34 (0x00002f17) auipc   t5, 0x2
core   0: 3 0x8000df34 (0x00002f17) x30 0x8000ff34
core   0: 0x8000df38 (0x0c3f2623) sw      gp, 204(t5)
core   0: 3 0x8000df38 (0x0c3f2623) mem 0x80010000 0x00000001
core   0: 0x8000df3c (0xff9ff06f) j       pc - 0x8
core   0: 3 0x8000df3c (0xff9ff06f)
core   0: 0x8000df34 (0x00002f17) auipc   t5, 0x2
core   0: 3 0x8000df34 (0x00002f17) x30 0x8000ff34
core   0: 0x8000df38 (0x0c3f2623) sw      gp, 204(t5)
core   0: 3 0x8000df38 (0x0c3f2623) mem 0x80010000 0x00000001
core   0: 0x8000df3c (0xff9ff06f) j       pc - 0x8
core   0: 3 0x8000df3c (0xff9ff06f)
core   0: 0x8000df34 (0x00002f17) auipc   t5, 0x2
core   0: 3 0x8000df34 (0x00002f17) x30 0x8000ff34
core   0: 0x8000df38 (0x0c3f2623) sw      gp, 204(t5)
core   0: 3 0x8000df38 (0x0c3f2623) mem 0x80010000 0x00000001
core   0: 0x8000df3c (0xff9ff06f) j       pc - 0x8
core   0: 3 0x8000df3c (0xff9ff06f)
core   0: 0x8000df34 (0x00002f17) auipc   t5, 0x2
core   0: 3 0x8000df34 (0x00002f17) x30 0x8000ff34
core   0: 0x8000df38 (0x0c3f2623) sw      gp, 204(t5)
core   0: 3 0x8000df38 (0x0c3f2623) mem 0x80010000 0x00000001
core   0: 0x8000df3c (0xff9ff06f) j       pc - 0x8
core   0: 3 0x8000df3c (0xff9ff06f)
core   0: 0x8000df34 (0x00002f17) auipc   t5, 0x2
core   0: 3 0x8000df34 (0x00002f17) x30 0x8000ff34
core   0: 0x8000df38 (0x0c3f2623) sw      gp, 204(t5)
core   0: 3 0x8000df38 (0x0c3f2623) mem 0x80010000 0x00000001
core   0: 0x8000df3c (0xff9ff06f) j       pc - 0x8
core   0: 3 0x8000df3c (0xff9ff06f)
core   0: 0x8000df34 (0x00002f17) auipc   t5, 0x2
core   0: 3 0x8000df34 (0x00002f17) x30 0x8000ff34
core   0: 0x8000df38 (0x0c3f2623) sw      gp, 204(t5)
core   0: 3 0x8000df38 (0x0c3f2623) mem 0x80010000 0x00000001
core   0: 0x8000df3c (0xff9ff06f) j       pc - 0x8
core   0: 3 0x8000df3c (0xff9ff06f)
core   0: 0x8000df34 (0x00002f17) auipc   t5, 0x2
core   0: 3 0x8000df34 (0x00002f17) x30 0x8000ff34
core   0: 0x8000df38 (0x0c3f2623) sw      gp, 204(t5)
core   0: 3 0x8000df38 (0x0c3f2623) mem 0x80010000 0x00000001
core   0: 0x8000df3c (0xff9ff06f) j       pc - 0x8
core   0: 3 0x8000df3c (0xff9ff06f)
core   0: 0x8000df34 (0x00002f17) auipc   t5, 0x2
core   0: 3 0x8000df34 (0x00002f17) x30 0x8000ff34
core   0: 0x8000df38 (0x0c3f2623) sw      gp, 204(t5)
core   0: 3 0x8000df38 (0x0c3f2623) mem 0x80010000 0x00000001
core   0: 0x8000df3c (0xff9ff06f) j       pc - 0x8
core   0: 3 0x8000df3c (0xff9ff06f)
core   0: 0x8000df34 (0x00002f17) auipc   t5, 0x2
core   0: 3 0x8000df34 (0x00002f17) x30 0x8000ff34
core   0: 0x8000df38 (0x0c3f2623) sw      gp, 204(t5)
core   0: 3 0x8000df38 (0x0c3f2623) mem 0x80010000 0x00000001
core   0: 0x8000df3c (0xff9ff06f) j       pc - 0x8
core   0: 3 0x8000df3c (0xff9ff06f)
core   0: 0x8000df34 (0x00002f17) auipc   t5, 0x2
core   0: 3 0x8000df34 (0x00002f17) x30 0x8000ff34
core   0: 0x8000df38 (0x0c3f2623) sw      gp, 204(t5)
core   0: 3 0x8000df38 (0x0c3f2623) mem 0x80010000 0x00000001
core   0: 0x8000df3c (0xff9ff06f) j       pc - 0x8
core   0: 3 0x8000df3c (0xff9ff06f)
core   0: 0x8000df34 (0x00002f17) auipc   t5, 0x2
core   0: 3 0x8000df34 (0x00002f17) x30 0x8000ff34
core   0: 0x8000df38 (0x0c3f2623) sw      gp, 204(t5)
core   0: 3 0x8000df38 (0x0c3f2623) mem 0x80010000 0x00000001
core   0: 0x8000df3c (0xff9ff06f) j       pc - 0x8
core   0: 3 0x8000df3c (0xff9ff06f)
core   0: 0x8000df34 (0x00002f17) auipc   t5, 0x2
core   0: 3 0x8000df34 (0x00002f17) x30 0x8000ff34
core   0: 0x8000df38 (0x0c3f2623) sw      gp, 204(t5)
core   0: 3 0x8000df38 (0x0c3f2623) mem 0x80010000 0x00000001
core   0: 0x8000df3c (0xff9ff06f) j       pc - 0x8
core   0: 3 0x8000df3c (0xff9ff06f)
core   0: 0x8000df34 (0x00002f17) auipc   t5, 0x2
core   0: 3 0x8000df34 (0x00002f17) x30 0x8000ff34
core   0: 0x8000df38 (0x0c3f2623) sw      gp, 204(t5)
core   0: 3 0x8000df38 (0x0c3f2623) mem 0x80010000 0x00000001
core   0: 0x8000df3c (0xff9ff06f) j       pc - 0x8
core   0: 3 0x8000df3c (0xff9ff06f)
core   0: 0x8000df34 (0x00002f17) auipc   t5, 0x2
core   0: 3 0x8000df34 (0x00002f17) x30 0x8000ff34
core   0: 0x8000df38 (0x0c3f2623) sw      gp, 204(t5)
core   0: 3 0x8000df38 (0x0c3f2623) mem 0x80010000 0x00000001
core   0: 0x8000df3c (0xff9ff06f) j       pc - 0x8
core   0: 3 0x8000df3c (0xff9ff06f)
core   0: 0x8000df34 (0x00002f17) auipc   t5, 0x2
core   0: 3 0x8000df34 (0x00002f17) x30 0x8000ff34
core   0: 0x8000df38 (0x0c3f2623) sw      gp, 204(t5)
core   0: 3 0x8000df38 (0x0c3f2623) mem 0x80010000 0x00000001
core   0: 0x8000df3c (0xff9ff06f) j       pc - 0x8
core   0: 3 0x8000df3c (0xff9ff06f)
core   0: 0x8000df34 (0x00002f17) auipc   t5, 0x2
core   0: 3 0x8000df34 (0x00002f17) x30 0x8000ff34
core   0: 0x8000df38 (0x0c3f2623) sw      gp, 204(t5)
core   0: 3 0x8000df38 (0x0c3f2623) mem 0x80010000 0x00000001
core   0: 0x8000df3c (0xff9ff06f) j       pc - 0x8
core   0: 3 0x8000df3c (0xff9ff06f)
core   0: 0x8000df34 (0x00002f17) auipc   t5, 0x2
core   0: 3 0x8000df34 (0x00002f17) x30 0x8000ff34
core   0: 0x8000df38 (0x0c3f2623) sw      gp, 204(t5)
core   0: 3 0x8000df38 (0x0c3f2623) mem 0x80010000 0x00000001
core   0: 0x8000df3c (0xff9ff06f) j       pc - 0x8
core   0: 3 0x8000df3c (0xff9ff06f)
core   0: 0x8000df34 (0x00002f17) auipc   t5, 0x2
core   0: 3 0x8000df34 (0x00002f17) x30 0x8000ff34
core   0: 0x8000df38 (0x0c3f2623) sw      gp, 204(t5)
core   0: 3 0x8000df38 (0x0c3f2623) mem 0x80010000 0x00000001
core   0: 0x8000df3c (0xff9ff06f) j       pc - 0x8
core   0: 3 0x8000df3c (0xff9ff06f)
core   0: 0x8000df34 (0x00002f17) auipc   t5, 0x2
core   0: 3 0x8000df34 (0x00002f17) x30 0x8000ff34
core   0: 0x8000df38 (0x0c3f2623) sw      gp, 204(t5)
core   0: 3 0x8000df38 (0x0c3f2623) mem 0x80010000 0x00000001
core   0: 0x8000df3c (0xff9ff06f) j       pc - 0x8
core   0: 3 0x8000df3c (0xff9ff06f)
core   0: 0x8000df34 (0x00002f17) auipc   t5, 0x2
core   0: 3 0x8000df34 (0x00002f17) x30 0x8000ff34
core   0: 0x8000df38 (0x0c3f2623) sw      gp, 204(t5)
core   0: 3 0x8000df38 (0x0c3f2623) mem 0x80010000 0x00000001
core   0: 0x8000df3c (0xff9ff06f) j       pc - 0x8
core   0: 3 0x8000df3c (0xff9ff06f)
core   0: 0x8000df34 (0x00002f17) auipc   t5, 0x2
core   0: 3 0x8000df34 (0x00002f17) x30 0x8000ff34
core   0: 0x8000df38 (0x0c3f2623) sw      gp, 204(t5)
core   0: 3 0x8000df38 (0x0c3f2623) mem 0x80010000 0x00000001
core   0: 0x8000df3c (0xff9ff06f) j       pc - 0x8
core   0: 3 0x8000df3c (0xff9ff06f)
core   0: 0x8000df34 (0x00002f17) auipc   t5, 0x2
core   0: 3 0x8000df34 (0x00002f17) x30 0x8000ff34
core   0: 0x8000df38 (0x0c3f2623) sw      gp, 204(t5)
core   0: 3 0x8000df38 (0x0c3f2623) mem 0x80010000 0x00000001
core   0: 0x8000df3c (0xff9ff06f) j       pc - 0x8
core   0: 3 0x8000df3c (0xff9ff06f)
core   0: 0x8000df34 (0x00002f17) auipc   t5, 0x2
core   0: 3 0x8000df34 (0x00002f17) x30 0x8000ff34
core   0: 0x8000df38 (0x0c3f2623) sw      gp, 204(t5)
core   0: 3 0x8000df38 (0x0c3f2623) mem 0x80010000 0x00000001
core   0: 0x8000df3c (0xff9ff06f) j       pc - 0x8
core   0: 3 0x8000df3c (0xff9ff06f)
core   0: 0x8000df34 (0x00002f17) auipc   t5, 0x2
core   0: 3 0x8000df34 (0x00002f17) x30 0x8000ff34
core   0: 0x8000df38 (0x0c3f2623) sw      gp, 204(t5)
core   0: 3 0x8000df38 (0x0c3f2623) mem 0x80010000 0x00000001
core   0: 0x8000df3c (0xff9ff06f) j       pc - 0x8
core   0: 3 0x8000df3c (0xff9ff06f)
core   0: 0x8000df34 (0x00002f17) auipc   t5, 0x2
core   0: 3 0x8000df34 (0x00002f17) x30 0x8000ff34
core   0: 0x8000df38 (0x0c3f2623) sw      gp, 204(t5)
core   0: 3 0x8000df38 (0x0c3f2623) mem 0x80010000 0x00000001
core   0: 0x8000df3c (0xff9ff06f) j       pc - 0x8
core   0: 3 0x8000df3c (0xff9ff06f)
core   0: 0x8000df34 (0x00002f17) auipc   t5, 0x2
core   0: 3 0x8000df34 (0x00002f17) x30 0x8000ff34
core   0: 0x8000df38 (0x0c3f2623) sw      gp, 204(t5)
core   0: 3 0x8000df38 (0x0c3f2623) mem 0x80010000 0x00000001
core   0: 0x8000df3c (0xff9ff06f) j       pc - 0x8
core   0: 3 0x8000df3c (0xff9ff06f)
core   0: 0x8000df34 (0x00002f17) auipc   t5, 0x2
core   0: 3 0x8000df34 (0x00002f17) x30 0x8000ff34
core   0: 0x8000df38 (0x0c3f2623) sw      gp, 204(t5)
core   0: 3 0x8000df38 (0x0c3f2623) mem 0x80010000 0x00000001
core   0: 0x8000df3c (0xff9ff06f) j       pc - 0x8
core   0: 3 0x8000df3c (0xff9ff06f)
core   0: 0x8000df34 (0x00002f17) auipc   t5, 0x2
core   0: 3 0x8000df34 (0x00002f17) x30 0x8000ff34
core   0: 0x8000df38 (0x0c3f2623) sw      gp, 204(t5)
core   0: 3 0x8000df38 (0x0c3f2623) mem 0x80010000 0x00000001
core   0: 0x8000df3c (0xff9ff06f) j       pc - 0x8
core   0: 3 0x8000df3c (0xff9ff06f)
core   0: 0x8000df34 (0x00002f17) auipc   t5, 0x2
core   0: 3 0x8000df34 (0x00002f17) x30 0x8000ff34
core   0: 0x8000df38 (0x0c3f2623) sw      gp, 204(t5)
core   0: 3 0x8000df38 (0x0c3f2623) mem 0x80010000 0x00000001
core   0: 0x8000df3c (0xff9ff06f) j       pc - 0x8
core   0: 3 0x8000df3c (0xff9ff06f)
core   0: 0x8000df34 (0x00002f17) auipc   t5, 0x2
core   0: 3 0x8000df34 (0x00002f17) x30 0x8000ff34
core   0: 0x8000df38 (0x0c3f2623) sw      gp, 204(t5)
core   0: 3 0x8000df38 (0x0c3f2623) mem 0x80010000 0x00000001
core   0: 0x8000df3c (0xff9ff06f) j       pc - 0x8
core   0: 3 0x8000df3c (0xff9ff06f)
core   0: 0x8000df34 (0x00002f17) auipc   t5, 0x2
core   0: 3 0x8000df34 (0x00002f17) x30 0x8000ff34
core   0: 0x8000df38 (0x0c3f2623) sw      gp, 204(t5)
core   0: 3 0x8000df38 (0x0c3f2623) mem 0x80010000 0x00000001
core   0: 0x8000df3c (0xff9ff06f) j       pc - 0x8
core   0: 3 0x8000df3c (0xff9ff06f)
core   0: 0x8000df34 (0x00002f17) auipc   t5, 0x2
core   0: 3 0x8000df34 (0x00002f17) x30 0x8000ff34
core   0: 0x8000df38 (0x0c3f2623) sw      gp, 204(t5)
core   0: 3 0x8000df38 (0x0c3f2623) mem 0x80010000 0x00000001
core   0: 0x8000df3c (0xff9ff06f) j       pc - 0x8
core   0: 3 0x8000df3c (0xff9ff06f)
core   0: 0x8000df34 (0x00002f17) auipc   t5, 0x2
core   0: 3 0x8000df34 (0x00002f17) x30 0x8000ff34
core   0: 0x8000df38 (0x0c3f2623) sw      gp, 204(t5)
core   0: 3 0x8000df38 (0x0c3f2623) mem 0x80010000 0x00000001
core   0: 0x8000df3c (0xff9ff06f) j       pc - 0x8
core   0: 3 0x8000df3c (0xff9ff06f)
core   0: 0x8000df34 (0x00002f17) auipc   t5, 0x2
core   0: 3 0x8000df34 (0x00002f17) x30 0x8000ff34
core   0: 0x8000df38 (0x0c3f2623) sw      gp, 204(t5)
core   0: 3 0x8000df38 (0x0c3f2623) mem 0x80010000 0x00000001
core   0: 0x8000df3c (0xff9ff06f) j       pc - 0x8
core   0: 3 0x8000df3c (0xff9ff06f)
core   0: 0x8000df34 (0x00002f17) auipc   t5, 0x2
core   0: 3 0x8000df34 (0x00002f17) x30 0x8000ff34
core   0: 0x8000df38 (0x0c3f2623) sw      gp, 204(t5)
core   0: 3 0x8000df38 (0x0c3f2623) mem 0x80010000 0x00000001
core   0: 0x8000df3c (0xff9ff06f) j       pc - 0x8
core   0: 3 0x8000df3c (0xff9ff06f)
core   0: 0x8000df34 (0x00002f17) auipc   t5, 0x2
core   0: 3 0x8000df34 (0x00002f17) x30 0x8000ff34
core   0: 0x8000df38 (0x0c3f2623) sw      gp, 204(t5)
core   0: 3 0x8000df38 (0x0c3f2623) mem 0x80010000 0x00000001
core   0: 0x8000df3c (0xff9ff06f) j       pc - 0x8
core   0: 3 0x8000df3c (0xff9ff06f)
core   0: 0x8000df34 (0x00002f17) auipc   t5, 0x2
core   0: 3 0x8000df34 (0x00002f17) x30 0x8000ff34
core   0: 0x8000df38 (0x0c3f2623) sw      gp, 204(t5)
core   0: 3 0x8000df38 (0x0c3f2623) mem 0x80010000 0x00000001
core   0: 0x8000df3c (0xff9ff06f) j       pc - 0x8
core   0: 3 0x8000df3c (0xff9ff06f)
core   0: 0x8000df34 (0x00002f17) auipc   t5, 0x2
core   0: 3 0x8000df34 (0x00002f17) x30 0x8000ff34
core   0: 0x8000df38 (0x0c3f2623) sw      gp, 204(t5)
core   0: 3 0x8000df38 (0x0c3f2623) mem 0x80010000 0x00000001
core   0: 0x8000df3c (0xff9ff06f) j       pc - 0x8
core   0: 3 0x8000df3c (0xff9ff06f)
core   0: 0x8000df34 (0x00002f17) auipc   t5, 0x2
core   0: 3 0x8000df34 (0x00002f17) x30 0x8000ff34
core   0: 0x8000df38 (0x0c3f2623) sw      gp, 204(t5)
core   0: 3 0x8000df38 (0x0c3f2623) mem 0x80010000 0x00000001
core   0: 0x8000df3c (0xff9ff06f) j       pc - 0x8
core   0: 3 0x8000df3c (0xff9ff06f)
core   0: 0x8000df34 (0x00002f17) auipc   t5, 0x2
core   0: 3 0x8000df34 (0x00002f17) x30 0x8000ff34
core   0: 0x8000df38 (0x0c3f2623) sw      gp, 204(t5)
core   0: 3 0x8000df38 (0x0c3f2623) mem 0x80010000 0x00000001
core   0: 0x8000df3c (0xff9ff06f) j       pc - 0x8
core   0: 3 0x8000df3c (0xff9ff06f)
core   0: 0x8000df34 (0x00002f17) auipc   t5, 0x2
core   0: 3 0x8000df34 (0x00002f17) x30 0x8000ff34
core   0: 0x8000df38 (0x0c3f2623) sw      gp, 204(t5)
core   0: 3 0x8000df38 (0x0c3f2623) mem 0x80010000 0x00000001
core   0: 0x8000df3c (0xff9ff06f) j       pc - 0x8
core   0: 3 0x8000df3c (0xff9ff06f)
core   0: 0x8000df34 (0x00002f17) auipc   t5, 0x2
core   0: 3 0x8000df34 (0x00002f17) x30 0x8000ff34
core   0: 0x8000df38 (0x0c3f2623) sw      gp, 204(t5)
core   0: 3 0x8000df38 (0x0c3f2623) mem 0x80010000 0x00000001
core   0: 0x8000df3c (0xff9ff06f) j       pc - 0x8
core   0: 3 0x8000df3c (0xff9ff06f)
core   0: 0x8000df34 (0x00002f17) auipc   t5, 0x2
core   0: 3 0x8000df34 (0x00002f17) x30 0x8000ff34
core   0: 0x8000df38 (0x0c3f2623) sw      gp, 204(t5)
core   0: 3 0x8000df38 (0x0c3f2623) mem 0x80010000 0x00000001
core   0: 0x8000df3c (0xff9ff06f) j       pc - 0x8
core   0: 3 0x8000df3c (0xff9ff06f)
core   0: 0x8000df34 (0x00002f17) auipc   t5, 0x2
core   0: 3 0x8000df34 (0x00002f17) x30 0x8000ff34
core   0: 0x8000df38 (0x0c3f2623) sw      gp, 204(t5)
core   0: 3 0x8000df38 (0x0c3f2623) mem 0x80010000 0x00000001
core   0: 0x8000df3c (0xff9ff06f) j       pc - 0x8
core   0: 3 0x8000df3c (0xff9ff06f)
core   0: 0x8000df34 (0x00002f17) auipc   t5, 0x2
core   0: 3 0x8000df34 (0x00002f17) x30 0x8000ff34
core   0: 0x8000df38 (0x0c3f2623) sw      gp, 204(t5)
core   0: 3 0x8000df38 (0x0c3f2623) mem 0x80010000 0x00000001
core   0: 0x8000df3c (0xff9ff06f) j       pc - 0x8
core   0: 3 0x8000df3c (0xff9ff06f)
core   0: 0x8000df34 (0x00002f17) auipc   t5, 0x2
core   0: 3 0x8000df34 (0x00002f17) x30 0x8000ff34
core   0: 0x8000df38 (0x0c3f2623) sw      gp, 204(t5)
core   0: 3 0x8000df38 (0x0c3f2623) mem 0x80010000 0x00000001
core   0: 0x8000df3c (0xff9ff06f) j       pc - 0x8
core   0: 3 0x8000df3c (0xff9ff06f)
core   0: 0x8000df34 (0x00002f17) auipc   t5, 0x2
core   0: 3 0x8000df34 (0x00002f17) x30 0x8000ff34
core   0: 0x8000df38 (0x0c3f2623) sw      gp, 204(t5)
core   0: 3 0x8000df38 (0x0c3f2623) mem 0x80010000 0x00000001
core   0: 0x8000df3c (0xff9ff06f) j       pc - 0x8
core   0: 3 0x8000df3c (0xff9ff06f)
core   0: 0x8000df34 (0x00002f17) auipc   t5, 0x2
core   0: 3 0x8000df34 (0x00002f17) x30 0x8000ff34
core   0: 0x8000df38 (0x0c3f2623) sw      gp, 204(t5)
core   0: 3 0x8000df38 (0x0c3f2623) mem 0x80010000 0x00000001
core   0: 0x8000df3c (0xff9ff06f) j       pc - 0x8
core   0: 3 0x8000df3c (0xff9ff06f)
core   0: 0x8000df34 (0x00002f17) auipc   t5, 0x2
core   0: 3 0x8000df34 (0x00002f17) x30 0x8000ff34
core   0: 0x8000df38 (0x0c3f2623) sw      gp, 204(t5)
core   0: 3 0x8000df38 (0x0c3f2623) mem 0x80010000 0x00000001
core   0: 0x8000df3c (0xff9ff06f) j       pc - 0x8
core   0: 3 0x8000df3c (0xff9ff06f)
core   0: 0x8000df34 (0x00002f17) auipc   t5, 0x2
core   0: 3 0x8000df34 (0x00002f17) x30 0x8000ff34
core   0: 0x8000df38 (0x0c3f2623) sw      gp, 204(t5)
core   0: 3 0x8000df38 (0x0c3f2623) mem 0x80010000 0x00000001
core   0: 0x8000df3c (0xff9ff06f) j       pc - 0x8
core   0: 3 0x8000df3c (0xff9ff06f)
core   0: 0x8000df34 (0x00002f17) auipc   t5, 0x2
core   0: 3 0x8000df34 (0x00002f17) x30 0x8000ff34
core   0: 0x8000df38 (0x0c3f2623) sw      gp, 204(t5)
core   0: 3 0x8000df38 (0x0c3f2623) mem 0x80010000 0x00000001
core   0: 0x8000df3c (0xff9ff06f) j       pc - 0x8
core   0: 3 0x8000df3c (0xff9ff06f)
core   0: 0x8000df34 (0x00002f17) auipc   t5, 0x2
core   0: 3 0x8000df34 (0x00002f17) x30 0x8000ff34
core   0: 0x8000df38 (0x0c3f2623) sw      gp, 204(t5)
core   0: 3 0x8000df38 (0x0c3f2623) mem 0x80010000 0x00000001
core   0: 0x8000df3c (0xff9ff06f) j       pc - 0x8
core   0: 3 0x8000df3c (0xff9ff06f)
core   0: 0x8000df34 (0x00002f17) auipc   t5, 0x2
core   0: 3 0x8000df34 (0x00002f17) x30 0x8000ff34
core   0: 0x8000df38 (0x0c3f2623) sw      gp, 204(t5)
core   0: 3 0x8000df38 (0x0c3f2623) mem 0x80010000 0x00000001
core   0: 0x8000df3c (0xff9ff06f) j       pc - 0x8
core   0: 3 0x8000df3c (0xff9ff06f)
core   0: 0x8000df34 (0x00002f17) auipc   t5, 0x2
core   0: 3 0x8000df34 (0x00002f17) x30 0x8000ff34
core   0: 0x8000df38 (0x0c3f2623) sw      gp, 204(t5)
core   0: 3 0x8000df38 (0x0c3f2623) mem 0x80010000 0x00000001
core   0: 0x8000df3c (0xff9ff06f) j       pc - 0x8
core   0: 3 0x8000df3c (0xff9ff06f)
core   0: 0x8000df34 (0x00002f17) auipc   t5, 0x2
core   0: 3 0x8000df34 (0x00002f17) x30 0x8000ff34
core   0: 0x8000df38 (0x0c3f2623) sw      gp, 204(t5)
core   0: 3 0x8000df38 (0x0c3f2623) mem 0x80010000 0x00000001
core   0: 0x8000df3c (0xff9ff06f) j       pc - 0x8
core   0: 3 0x8000df3c (0xff9ff06f)
core   0: 0x8000df34 (0x00002f17) auipc   t5, 0x2
core   0: 3 0x8000df34 (0x00002f17) x30 0x8000ff34
core   0: 0x8000df38 (0x0c3f2623) sw      gp, 204(t5)
core   0: 3 0x8000df38 (0x0c3f2623) mem 0x80010000 0x00000001
core   0: 0x8000df3c (0xff9ff06f) j       pc - 0x8
core   0: 3 0x8000df3c (0xff9ff06f)
core   0: 0x8000df34 (0x00002f17) auipc   t5, 0x2
core   0: 3 0x8000df34 (0x00002f17) x30 0x8000ff34
core   0: 0x8000df38 (0x0c3f2623) sw      gp, 204(t5)
core   0: 3 0x8000df38 (0x0c3f2623) mem 0x80010000 0x00000001
core   0: 0x8000df3c (0xff9ff06f) j       pc - 0x8
core   0: 3 0x8000df3c (0xff9ff06f)
core   0: 0x8000df34 (0x00002f17) auipc   t5, 0x2
core   0: 3 0x8000df34 (0x00002f17) x30 0x8000ff34
core   0: 0x8000df38 (0x0c3f2623) sw      gp, 204(t5)
core   0: 3 0x8000df38 (0x0c3f2623) mem 0x80010000 0x00000001
core   0: 0x8000df3c (0xff9ff06f) j       pc - 0x8
core   0: 3 0x8000df3c (0xff9ff06f)
core   0: 0x8000df34 (0x00002f17) auipc   t5, 0x2
core   0: 3 0x8000df34 (0x00002f17) x30 0x8000ff34
core   0: 0x8000df38 (0x0c3f2623) sw      gp, 204(t5)
core   0: 3 0x8000df38 (0x0c3f2623) mem 0x80010000 0x00000001
core   0: 0x8000df3c (0xff9ff06f) j       pc - 0x8
core   0: 3 0x8000df3c (0xff9ff06f)
core   0: 0x8000df34 (0x00002f17) auipc   t5, 0x2
core   0: 3 0x8000df34 (0x00002f17) x30 0x8000ff34
core   0: 0x8000df38 (0x0c3f2623) sw      gp, 204(t5)
core   0: 3 0x8000df38 (0x0c3f2623) mem 0x80010000 0x00000001
core   0: 0x8000df3c (0xff9ff06f) j       pc - 0x8
core   0: 3 0x8000df3c (0xff9ff06f)
core   0: 0x8000df34 (0x00002f17) auipc   t5, 0x2
core   0: 3 0x8000df34 (0x00002f17) x30 0x8000ff34
core   0: 0x8000df38 (0x0c3f2623) sw      gp, 204(t5)
core   0: 3 0x8000df38 (0x0c3f2623) mem 0x80010000 0x00000001
core   0: 0x8000df3c (0xff9ff06f) j       pc - 0x8
core   0: 3 0x8000df3c (0xff9ff06f)
core   0: 0x8000df34 (0x00002f17) auipc   t5, 0x2
core   0: 3 0x8000df34 (0x00002f17) x30 0x8000ff34
core   0: 0x8000df38 (0x0c3f2623) sw      gp, 204(t5)
core   0: 3 0x8000df38 (0x0c3f2623) mem 0x80010000 0x00000001
core   0: 0x8000df3c (0xff9ff06f) j       pc - 0x8
core   0: 3 0x8000df3c (0xff9ff06f)
core   0: 0x8000df34 (0x00002f17) auipc   t5, 0x2
core   0: 3 0x8000df34 (0x00002f17) x30 0x8000ff34
core   0: 0x8000df38 (0x0c3f2623) sw      gp, 204(t5)
core   0: 3 0x8000df38 (0x0c3f2623) mem 0x80010000 0x00000001
core   0: 0x8000df3c (0xff9ff06f) j       pc - 0x8
core   0: 3 0x8000df3c (0xff9ff06f)
core   0: 0x8000df34 (0x00002f17) auipc   t5, 0x2
core   0: 3 0x8000df34 (0x00002f17) x30 0x8000ff34
core   0: 0x8000df38 (0x0c3f2623) sw      gp, 204(t5)
core   0: 3 0x8000df38 (0x0c3f2623) mem 0x80010000 0x00000001
core   0: 0x8000df3c (0xff9ff06f) j       pc - 0x8
core   0: 3 0x8000df3c (0xff9ff06f)
core   0: 0x8000df34 (0x00002f17) auipc   t5, 0x2
core   0: 3 0x8000df34 (0x00002f17) x30 0x8000ff34
core   0: 0x8000df38 (0x0c3f2623) sw      gp, 204(t5)
core   0: 3 0x8000df38 (0x0c3f2623) mem 0x80010000 0x00000001
core   0: 0x8000df3c (0xff9ff06f) j       pc - 0x8
core   0: 3 0x8000df3c (0xff9ff06f)
core   0: 0x8000df34 (0x00002f17) auipc   t5, 0x2
core   0: 3 0x8000df34 (0x00002f17) x30 0x8000ff34
core   0: 0x8000df38 (0x0c3f2623) sw      gp, 204(t5)
core   0: 3 0x8000df38 (0x0c3f2623) mem 0x80010000 0x00000001
core   0: 0x8000df3c (0xff9ff06f) j       pc - 0x8
core   0: 3 0x8000df3c (0xff9ff06f)
core   0: 0x8000df34 (0x00002f17) auipc   t5, 0x2
core   0: 3 0x8000df34 (0x00002f17) x30 0x8000ff34
core   0: 0x8000df38 (0x0c3f2623) sw      gp, 204(t5)
core   0: 3 0x8000df38 (0x0c3f2623) mem 0x80010000 0x00000001
core   0: 0x8000df3c (0xff9ff06f) j       pc - 0x8
core   0: 3 0x8000df3c (0xff9ff06f)
core   0: 0x8000df34 (0x00002f17) auipc   t5, 0x2
core   0: 3 0x8000df34 (0x00002f17) x30 0x8000ff34
core   0: 0x8000df38 (0x0c3f2623) sw      gp, 204(t5)
core   0: 3 0x8000df38 (0x0c3f2623) mem 0x80010000 0x00000001
core   0: 0x8000df3c (0xff9ff06f) j       pc - 0x8
core   0: 3 0x8000df3c (0xff9ff06f)
core   0: 0x8000df34 (0x00002f17) auipc   t5, 0x2
core   0: 3 0x8000df34 (0x00002f17) x30 0x8000ff34
core   0: 0x8000df38 (0x0c3f2623) sw      gp, 204(t5)
core   0: 3 0x8000df38 (0x0c3f2623) mem 0x80010000 0x00000001
core   0: 0x8000df3c (0xff9ff06f) j       pc - 0x8
core   0: 3 0x8000df3c (0xff9ff06f)
core   0: 0x8000df34 (0x00002f17) auipc   t5, 0x2
core   0: 3 0x8000df34 (0x00002f17) x30 0x8000ff34
core   0: 0x8000df38 (0x0c3f2623) sw      gp, 204(t5)
core   0: 3 0x8000df38 (0x0c3f2623) mem 0x80010000 0x00000001
core   0: 0x8000df3c (0xff9ff06f) j       pc - 0x8
core   0: 3 0x8000df3c (0xff9ff06f)
core   0: 0x8000df34 (0x00002f17) auipc   t5, 0x2
core   0: 3 0x8000df34 (0x00002f17) x30 0x8000ff34
core   0: 0x8000df38 (0x0c3f2623) sw      gp, 204(t5)
core   0: 3 0x8000df38 (0x0c3f2623) mem 0x80010000 0x00000001
core   0: 0x8000df3c (0xff9ff06f) j       pc - 0x8
core   0: 3 0x8000df3c (0xff9ff06f)
core   0: 0x8000df34 (0x00002f17) auipc   t5, 0x2
core   0: 3 0x8000df34 (0x00002f17) x30 0x8000ff34
core   0: 0x8000df38 (0x0c3f2623) sw      gp, 204(t5)
core   0: 3 0x8000df38 (0x0c3f2623) mem 0x80010000 0x00000001
core   0: 0x8000df3c (0xff9ff06f) j       pc - 0x8
core   0: 3 0x8000df3c (0xff9ff06f)
core   0: 0x8000df34 (0x00002f17) auipc   t5, 0x2
core   0: 3 0x8000df34 (0x00002f17) x30 0x8000ff34
core   0: 0x8000df38 (0x0c3f2623) sw      gp, 204(t5)
core   0: 3 0x8000df38 (0x0c3f2623) mem 0x80010000 0x00000001
core   0: 0x8000df3c (0xff9ff06f) j       pc - 0x8
core   0: 3 0x8000df3c (0xff9ff06f)
core   0: 0x8000df34 (0x00002f17) auipc   t5, 0x2
core   0: 3 0x8000df34 (0x00002f17) x30 0x8000ff34
core   0: 0x8000df38 (0x0c3f2623) sw      gp, 204(t5)
core   0: 3 0x8000df38 (0x0c3f2623) mem 0x80010000 0x00000001
core   0: 0x8000df3c (0xff9ff06f) j       pc - 0x8
core   0: 3 0x8000df3c (0xff9ff06f)
core   0: 0x8000df34 (0x00002f17) auipc   t5, 0x2
core   0: 3 0x8000df34 (0x00002f17) x30 0x8000ff34
core   0: 0x8000df38 (0x0c3f2623) sw      gp, 204(t5)
core   0: 3 0x8000df38 (0x0c3f2623) mem 0x80010000 0x00000001
core   0: 0x8000df3c (0xff9ff06f) j       pc - 0x8
core   0: 3 0x8000df3c (0xff9ff06f)
core   0: 0x8000df34 (0x00002f17) auipc   t5, 0x2
core   0: 3 0x8000df34 (0x00002f17) x30 0x8000ff34
core   0: 0x8000df38 (0x0c3f2623) sw      gp, 204(t5)
core   0: 3 0x8000df38 (0x0c3f2623) mem 0x80010000 0x00000001
core   0: 0x8000df3c (0xff9ff06f) j       pc - 0x8
core   0: 3 0x8000df3c (0xff9ff06f)
core   0: 0x8000df34 (0x00002f17) auipc   t5, 0x2
core   0: 3 0x8000df34 (0x00002f17) x30 0x8000ff34
core   0: 0x8000df38 (0x0c3f2623) sw      gp, 204(t5)
core   0: 3 0x8000df38 (0x0c3f2623) mem 0x80010000 0x00000001
core   0: 0x8000df3c (0xff9ff06f) j       pc - 0x8
core   0: 3 0x8000df3c (0xff9ff06f)
core   0: 0x8000df34 (0x00002f17) auipc   t5, 0x2
core   0: 3 0x8000df34 (0x00002f17) x30 0x8000ff34
core   0: 0x8000df38 (0x0c3f2623) sw      gp, 204(t5)
core   0: 3 0x8000df38 (0x0c3f2623) mem 0x80010000 0x00000001
core   0: 0x8000df3c (0xff9ff06f) j       pc - 0x8
core   0: 3 0x8000df3c (0xff9ff06f)
core   0: 0x8000df34 (0x00002f17) auipc   t5, 0x2
core   0: 3 0x8000df34 (0x00002f17) x30 0x8000ff34
core   0: 0x8000df38 (0x0c3f2623) sw      gp, 204(t5)
core   0: 3 0x8000df38 (0x0c3f2623) mem 0x80010000 0x00000001
core   0: 0x8000df3c (0xff9ff06f) j       pc - 0x8
core   0: 3 0x8000df3c (0xff9ff06f)
core   0: 0x8000df34 (0x00002f17) auipc   t5, 0x2
core   0: 3 0x8000df34 (0x00002f17) x30 0x8000ff34
core   0: 0x8000df38 (0x0c3f2623) sw      gp, 204(t5)
core   0: 3 0x8000df38 (0x0c3f2623) mem 0x80010000 0x00000001
core   0: 0x8000df3c (0xff9ff06f) j       pc - 0x8
core   0: 3 0x8000df3c (0xff9ff06f)
core   0: 0x8000df34 (0x00002f17) auipc   t5, 0x2
core   0: 3 0x8000df34 (0x00002f17) x30 0x8000ff34
core   0: 0x8000df38 (0x0c3f2623) sw      gp, 204(t5)
core   0: 3 0x8000df38 (0x0c3f2623) mem 0x80010000 0x00000001
core   0: 0x8000df3c (0xff9ff06f) j       pc - 0x8
core   0: 3 0x8000df3c (0xff9ff06f)
core   0: 0x8000df34 (0x00002f17) auipc   t5, 0x2
core   0: 3 0x8000df34 (0x00002f17) x30 0x8000ff34
core   0: 0x8000df38 (0x0c3f2623) sw      gp, 204(t5)
core   0: 3 0x8000df38 (0x0c3f2623) mem 0x80010000 0x00000001
core   0: 0x8000df3c (0xff9ff06f) j       pc - 0x8
core   0: 3 0x8000df3c (0xff9ff06f)
core   0: 0x8000df34 (0x00002f17) auipc   t5, 0x2
core   0: 3 0x8000df34 (0x00002f17) x30 0x8000ff34
core   0: 0x8000df38 (0x0c3f2623) sw      gp, 204(t5)
core   0: 3 0x8000df38 (0x0c3f2623) mem 0x80010000 0x00000001
core   0: 0x8000df3c (0xff9ff06f) j       pc - 0x8
core   0: 3 0x8000df3c (0xff9ff06f)
core   0: 0x8000df34 (0x00002f17) auipc   t5, 0x2
core   0: 3 0x8000df34 (0x00002f17) x30 0x8000ff34
core   0: 0x8000df38 (0x0c3f2623) sw      gp, 204(t5)
core   0: 3 0x8000df38 (0x0c3f2623) mem 0x80010000 0x00000001
core   0: 0x8000df3c (0xff9ff06f) j       pc - 0x8
core   0: 3 0x8000df3c (0xff9ff06f)
core   0: 0x8000df34 (0x00002f17) auipc   t5, 0x2
core   0: 3 0x8000df34 (0x00002f17) x30 0x8000ff34
core   0: 0x8000df38 (0x0c3f2623) sw      gp, 204(t5)
core   0: 3 0x8000df38 (0x0c3f2623) mem 0x80010000 0x00000001
core   0: 0x8000df3c (0xff9ff06f) j       pc - 0x8
core   0: 3 0x8000df3c (0xff9ff06f)
core   0: 0x8000df34 (0x00002f17) auipc   t5, 0x2
core   0: 3 0x8000df34 (0x00002f17) x30 0x8000ff34
core   0: 0x8000df38 (0x0c3f2623) sw      gp, 204(t5)
core   0: 3 0x8000df38 (0x0c3f2623) mem 0x80010000 0x00000001
core   0: 0x8000df3c (0xff9ff06f) j       pc - 0x8
core   0: 3 0x8000df3c (0xff9ff06f)
core   0: 0x8000df34 (0x00002f17) auipc   t5, 0x2
core   0: 3 0x8000df34 (0x00002f17) x30 0x8000ff34
core   0: 0x8000df38 (0x0c3f2623) sw      gp, 204(t5)
core   0: 3 0x8000df38 (0x0c3f2623) mem 0x80010000 0x00000001
core   0: 0x8000df3c (0xff9ff06f) j       pc - 0x8
core   0: 3 0x8000df3c (0xff9ff06f)
core   0: 0x8000df34 (0x00002f17) auipc   t5, 0x2
core   0: 3 0x8000df34 (0x00002f17) x30 0x8000ff34
core   0: 0x8000df38 (0x0c3f2623) sw      gp, 204(t5)
core   0: 3 0x8000df38 (0x0c3f2623) mem 0x80010000 0x00000001
core   0: 0x8000df3c (0xff9ff06f) j       pc - 0x8
core   0: 3 0x8000df3c (0xff9ff06f)
core   0: 0x8000df34 (0x00002f17) auipc   t5, 0x2
core   0: 3 0x8000df34 (0x00002f17) x30 0x8000ff34
core   0: 0x8000df38 (0x0c3f2623) sw      gp, 204(t5)
core   0: 3 0x8000df38 (0x0c3f2623) mem 0x80010000 0x00000001
core   0: 0x8000df3c (0xff9ff06f) j       pc - 0x8
core   0: 3 0x8000df3c (0xff9ff06f)
core   0: 0x8000df34 (0x00002f17) auipc   t5, 0x2
core   0: 3 0x8000df34 (0x00002f17) x30 0x8000ff34
core   0: 0x8000df38 (0x0c3f2623) sw      gp, 204(t5)
core   0: 3 0x8000df38 (0x0c3f2623) mem 0x80010000 0x00000001
core   0: 0x8000df3c (0xff9ff06f) j       pc - 0x8
core   0: 3 0x8000df3c (0xff9ff06f)
core   0: 0x8000df34 (0x00002f17) auipc   t5, 0x2
core   0: 3 0x8000df34 (0x00002f17) x30 0x8000ff34
core   0: 0x8000df38 (0x0c3f2623) sw      gp, 204(t5)
core   0: 3 0x8000df38 (0x0c3f2623) mem 0x80010000 0x00000001
core   0: 0x8000df3c (0xff9ff06f) j       pc - 0x8
core   0: 3 0x8000df3c (0xff9ff06f)
core   0: 0x8000df34 (0x00002f17) auipc   t5, 0x2
core   0: 3 0x8000df34 (0x00002f17) x30 0x8000ff34
core   0: 0x8000df38 (0x0c3f2623) sw      gp, 204(t5)
core   0: 3 0x8000df38 (0x0c3f2623) mem 0x80010000 0x00000001
core   0: 0x8000df3c (0xff9ff06f) j       pc - 0x8
core   0: 3 0x8000df3c (0xff9ff06f)
core   0: 0x8000df34 (0x00002f17) auipc   t5, 0x2
core   0: 3 0x8000df34 (0x00002f17) x30 0x8000ff34
core   0: 0x8000df38 (0x0c3f2623) sw      gp, 204(t5)
core   0: 3 0x8000df38 (0x0c3f2623) mem 0x80010000 0x00000001
core   0: 0x8000df3c (0xff9ff06f) j       pc - 0x8
core   0: 3 0x8000df3c (0xff9ff06f)
core   0: 0x8000df34 (0x00002f17) auipc   t5, 0x2
core   0: 3 0x8000df34 (0x00002f17) x30 0x8000ff34
core   0: 0x8000df38 (0x0c3f2623) sw      gp, 204(t5)
core   0: 3 0x8000df38 (0x0c3f2623) mem 0x80010000 0x00000001
core   0: 0x8000df3c (0xff9ff06f) j       pc - 0x8
core   0: 3 0x8000df3c (0xff9ff06f)
core   0: 0x8000df34 (0x00002f17) auipc   t5, 0x2
core   0: 3 0x8000df34 (0x00002f17) x30 0x8000ff34
core   0: 0x8000df38 (0x0c3f2623) sw      gp, 204(t5)
core   0: 3 0x8000df38 (0x0c3f2623) mem 0x80010000 0x00000001
core   0: 0x8000df3c (0xff9ff06f) j       pc - 0x8
core   0: 3 0x8000df3c (0xff9ff06f)
core   0: 0x8000df34 (0x00002f17) auipc   t5, 0x2
core   0: 3 0x8000df34 (0x00002f17) x30 0x8000ff34
core   0: 0x8000df38 (0x0c3f2623) sw      gp, 204(t5)
core   0: 3 0x8000df38 (0x0c3f2623) mem 0x80010000 0x00000001
core   0: 0x8000df3c (0xff9ff06f) j       pc - 0x8
core   0: 3 0x8000df3c (0xff9ff06f)
core   0: 0x8000df34 (0x00002f17) auipc   t5, 0x2
core   0: 3 0x8000df34 (0x00002f17) x30 0x8000ff34
core   0: 0x8000df38 (0x0c3f2623) sw      gp, 204(t5)
core   0: 3 0x8000df38 (0x0c3f2623) mem 0x80010000 0x00000001
core   0: 0x8000df3c (0xff9ff06f) j       pc - 0x8
core   0: 3 0x8000df3c (0xff9ff06f)
core   0: 0x8000df34 (0x00002f17) auipc   t5, 0x2
core   0: 3 0x8000df34 (0x00002f17) x30 0x8000ff34
core   0: 0x8000df38 (0x0c3f2623) sw      gp, 204(t5)
core   0: 3 0x8000df38 (0x0c3f2623) mem 0x80010000 0x00000001
core   0: 0x8000df3c (0xff9ff06f) j       pc - 0x8
core   0: 3 0x8000df3c (0xff9ff06f)
core   0: 0x8000df34 (0x00002f17) auipc   t5, 0x2
core   0: 3 0x8000df34 (0x00002f17) x30 0x8000ff34
core   0: 0x8000df38 (0x0c3f2623) sw      gp, 204(t5)
core   0: 3 0x8000df38 (0x0c3f2623) mem 0x80010000 0x00000001
core   0: 0x8000df3c (0xff9ff06f) j       pc - 0x8
core   0: 3 0x8000df3c (0xff9ff06f)
core   0: 0x8000df34 (0x00002f17) auipc   t5, 0x2
core   0: 3 0x8000df34 (0x00002f17) x30 0x8000ff34
core   0: 0x8000df38 (0x0c3f2623) sw      gp, 204(t5)
core   0: 3 0x8000df38 (0x0c3f2623) mem 0x80010000 0x00000001
core   0: 0x8000df3c (0xff9ff06f) j       pc - 0x8
core   0: 3 0x8000df3c (0xff9ff06f)
core   0: 0x8000df34 (0x00002f17) auipc   t5, 0x2
core   0: 3 0x8000df34 (0x00002f17) x30 0x8000ff34
core   0: 0x8000df38 (0x0c3f2623) sw      gp, 204(t5)
core   0: 3 0x8000df38 (0x0c3f2623) mem 0x80010000 0x00000001
core   0: 0x8000df3c (0xff9ff06f) j       pc - 0x8
core   0: 3 0x8000df3c (0xff9ff06f)
core   0: 0x8000df34 (0x00002f17) auipc   t5, 0x2
core   0: 3 0x8000df34 (0x00002f17) x30 0x8000ff34
core   0: 0x8000df38 (0x0c3f2623) sw      gp, 204(t5)
core   0: 3 0x8000df38 (0x0c3f2623) mem 0x80010000 0x00000001
core   0: 0x8000df3c (0xff9ff06f) j       pc - 0x8
core   0: 3 0x8000df3c (0xff9ff06f)
core   0: 0x8000df34 (0x00002f17) auipc   t5, 0x2
core   0: 3 0x8000df34 (0x00002f17) x30 0x8000ff34
core   0: 0x8000df38 (0x0c3f2623) sw      gp, 204(t5)
core   0: 3 0x8000df38 (0x0c3f2623) mem 0x80010000 0x00000001
core   0: 0x8000df3c (0xff9ff06f) j       pc - 0x8
core   0: 3 0x8000df3c (0xff9ff06f)
core   0: 0x8000df34 (0x00002f17) auipc   t5, 0x2
core   0: 3 0x8000df34 (0x00002f17) x30 0x8000ff34
core   0: 0x8000df38 (0x0c3f2623) sw      gp, 204(t5)
core   0: 3 0x8000df38 (0x0c3f2623) mem 0x80010000 0x00000001
core   0: 0x8000df3c (0xff9ff06f) j       pc - 0x8
core   0: 3 0x8000df3c (0xff9ff06f)
core   0: 0x8000df34 (0x00002f17) auipc   t5, 0x2
core   0: 3 0x8000df34 (0x00002f17) x30 0x8000ff34
core   0: 0x8000df38 (0x0c3f2623) sw      gp, 204(t5)
core   0: 3 0x8000df38 (0x0c3f2623) mem 0x80010000 0x00000001
core   0: 0x8000df3c (0xff9ff06f) j       pc - 0x8
core   0: 3 0x8000df3c (0xff9ff06f)
core   0: 0x8000df34 (0x00002f17) auipc   t5, 0x2
core   0: 3 0x8000df34 (0x00002f17) x30 0x8000ff34
core   0: 0x8000df38 (0x0c3f2623) sw      gp, 204(t5)
core   0: 3 0x8000df38 (0x0c3f2623) mem 0x80010000 0x00000001
core   0: 0x8000df3c (0xff9ff06f) j       pc - 0x8
core   0: 3 0x8000df3c (0xff9ff06f)
core   0: 0x8000df34 (0x00002f17) auipc   t5, 0x2
core   0: 3 0x8000df34 (0x00002f17) x30 0x8000ff34
core   0: 0x8000df38 (0x0c3f2623) sw      gp, 204(t5)
core   0: 3 0x8000df38 (0x0c3f2623) mem 0x80010000 0x00000001
core   0: 0x8000df3c (0xff9ff06f) j       pc - 0x8
core   0: 3 0x8000df3c (0xff9ff06f)
core   0: 0x8000df34 (0x00002f17) auipc   t5, 0x2
core   0: 3 0x8000df34 (0x00002f17) x30 0x8000ff34
core   0: 0x8000df38 (0x0c3f2623) sw      gp, 204(t5)
core   0: 3 0x8000df38 (0x0c3f2623) mem 0x80010000 0x00000001
core   0: 0x8000df3c (0xff9ff06f) j       pc - 0x8
core   0: 3 0x8000df3c (0xff9ff06f)
core   0: 0x8000df34 (0x00002f17) auipc   t5, 0x2
core   0: 3 0x8000df34 (0x00002f17) x30 0x8000ff34
core   0: 0x8000df38 (0x0c3f2623) sw      gp, 204(t5)
core   0: 3 0x8000df38 (0x0c3f2623) mem 0x80010000 0x00000001
core   0: 0x8000df3c (0xff9ff06f) j       pc - 0x8
core   0: 3 0x8000df3c (0xff9ff06f)
core   0: 0x8000df34 (0x00002f17) auipc   t5, 0x2
core   0: 3 0x8000df34 (0x00002f17) x30 0x8000ff34
core   0: 0x8000df38 (0x0c3f2623) sw      gp, 204(t5)
core   0: 3 0x8000df38 (0x0c3f2623) mem 0x80010000 0x00000001
core   0: 0x8000df3c (0xff9ff06f) j       pc - 0x8
core   0: 3 0x8000df3c (0xff9ff06f)
core   0: 0x8000df34 (0x00002f17) auipc   t5, 0x2
core   0: 3 0x8000df34 (0x00002f17) x30 0x8000ff34
core   0: 0x8000df38 (0x0c3f2623) sw      gp, 204(t5)
core   0: 3 0x8000df38 (0x0c3f2623) mem 0x80010000 0x00000001
core   0: 0x8000df3c (0xff9ff06f) j       pc - 0x8
core   0: 3 0x8000df3c (0xff9ff06f)
core   0: 0x8000df34 (0x00002f17) auipc   t5, 0x2
core   0: 3 0x8000df34 (0x00002f17) x30 0x8000ff34
core   0: 0x8000df38 (0x0c3f2623) sw      gp, 204(t5)
core   0: 3 0x8000df38 (0x0c3f2623) mem 0x80010000 0x00000001
core   0: 0x8000df3c (0xff9ff06f) j       pc - 0x8
core   0: 3 0x8000df3c (0xff9ff06f)
core   0: 0x8000df34 (0x00002f17) auipc   t5, 0x2
core   0: 3 0x8000df34 (0x00002f17) x30 0x8000ff34
core   0: 0x8000df38 (0x0c3f2623) sw      gp, 204(t5)
core   0: 3 0x8000df38 (0x0c3f2623) mem 0x80010000 0x00000001
core   0: 0x8000df3c (0xff9ff06f) j       pc - 0x8
core   0: 3 0x8000df3c (0xff9ff06f)
core   0: 0x8000df34 (0x00002f17) auipc   t5, 0x2
core   0: 3 0x8000df34 (0x00002f17) x30 0x8000ff34
core   0: 0x8000df38 (0x0c3f2623) sw      gp, 204(t5)
core   0: 3 0x8000df38 (0x0c3f2623) mem 0x80010000 0x00000001
core   0: 0x8000df3c (0xff9ff06f) j       pc - 0x8
core   0: 3 0x8000df3c (0xff9ff06f)
core   0: 0x8000df34 (0x00002f17) auipc   t5, 0x2
core   0: 3 0x8000df34 (0x00002f17) x30 0x8000ff34
core   0: 0x8000df38 (0x0c3f2623) sw      gp, 204(t5)
core   0: 3 0x8000df38 (0x0c3f2623) mem 0x80010000 0x00000001
core   0: 0x8000df3c (0xff9ff06f) j       pc - 0x8
core   0: 3 0x8000df3c (0xff9ff06f)
core   0: 0x8000df34 (0x00002f17) auipc   t5, 0x2
core   0: 3 0x8000df34 (0x00002f17) x30 0x8000ff34
core   0: 0x8000df38 (0x0c3f2623) sw      gp, 204(t5)
core   0: 3 0x8000df38 (0x0c3f2623) mem 0x80010000 0x00000001
core   0: 0x8000df3c (0xff9ff06f) j       pc - 0x8
core   0: 3 0x8000df3c (0xff9ff06f)
core   0: 0x8000df34 (0x00002f17) auipc   t5, 0x2
core   0: 3 0x8000df34 (0x00002f17) x30 0x8000ff34
core   0: 0x8000df38 (0x0c3f2623) sw      gp, 204(t5)
core   0: 3 0x8000df38 (0x0c3f2623) mem 0x80010000 0x00000001
core   0: 0x8000df3c (0xff9ff06f) j       pc - 0x8
core   0: 3 0x8000df3c (0xff9ff06f)
core   0: 0x8000df34 (0x00002f17) auipc   t5, 0x2
core   0: 3 0x8000df34 (0x00002f17) x30 0x8000ff34
core   0: 0x8000df38 (0x0c3f2623) sw      gp, 204(t5)
core   0: 3 0x8000df38 (0x0c3f2623) mem 0x80010000 0x00000001
core   0: 0x8000df3c (0xff9ff06f) j       pc - 0x8
core   0: 3 0x8000df3c (0xff9ff06f)
core   0: 0x8000df34 (0x00002f17) auipc   t5, 0x2
core   0: 3 0x8000df34 (0x00002f17) x30 0x8000ff34
core   0: 0x8000df38 (0x0c3f2623) sw      gp, 204(t5)
core   0: 3 0x8000df38 (0x0c3f2623) mem 0x80010000 0x00000001
core   0: 0x8000df3c (0xff9ff06f) j       pc - 0x8
core   0: 3 0x8000df3c (0xff9ff06f)
core   0: 0x8000df34 (0x00002f17) auipc   t5, 0x2
core   0: 3 0x8000df34 (0x00002f17) x30 0x8000ff34
core   0: 0x8000df38 (0x0c3f2623) sw      gp, 204(t5)
core   0: 3 0x8000df38 (0x0c3f2623) mem 0x80010000 0x00000001
core   0: 0x8000df3c (0xff9ff06f) j       pc - 0x8
core   0: 3 0x8000df3c (0xff9ff06f)
core   0: 0x8000df34 (0x00002f17) auipc   t5, 0x2
core   0: 3 0x8000df34 (0x00002f17) x30 0x8000ff34
core   0: 0x8000df38 (0x0c3f2623) sw      gp, 204(t5)
core   0: 3 0x8000df38 (0x0c3f2623) mem 0x80010000 0x00000001
core   0: 0x8000df3c (0xff9ff06f) j       pc - 0x8
core   0: 3 0x8000df3c (0xff9ff06f)
core   0: 0x8000df34 (0x00002f17) auipc   t5, 0x2
core   0: 3 0x8000df34 (0x00002f17) x30 0x8000ff34
core   0: 0x8000df38 (0x0c3f2623) sw      gp, 204(t5)
core   0: 3 0x8000df38 (0x0c3f2623) mem 0x80010000 0x00000001
core   0: 0x8000df3c (0xff9ff06f) j       pc - 0x8
core   0: 3 0x8000df3c (0xff9ff06f)
core   0: 0x8000df34 (0x00002f17) auipc   t5, 0x2
core   0: 3 0x8000df34 (0x00002f17) x30 0x8000ff34
core   0: 0x8000df38 (0x0c3f2623) sw      gp, 204(t5)
core   0: 3 0x8000df38 (0x0c3f2623) mem 0x80010000 0x00000001
core   0: 0x8000df3c (0xff9ff06f) j       pc - 0x8
core   0: 3 0x8000df3c (0xff9ff06f)
core   0: 0x8000df34 (0x00002f17) auipc   t5, 0x2
core   0: 3 0x8000df34 (0x00002f17) x30 0x8000ff34
core   0: 0x8000df38 (0x0c3f2623) sw      gp, 204(t5)
core   0: 3 0x8000df38 (0x0c3f2623) mem 0x80010000 0x00000001
core   0: 0x8000df3c (0xff9ff06f) j       pc - 0x8
core   0: 3 0x8000df3c (0xff9ff06f)
core   0: 0x8000df34 (0x00002f17) auipc   t5, 0x2
core   0: 3 0x8000df34 (0x00002f17) x30 0x8000ff34
core   0: 0x8000df38 (0x0c3f2623) sw      gp, 204(t5)
core   0: 3 0x8000df38 (0x0c3f2623) mem 0x80010000 0x00000001
core   0: 0x8000df3c (0xff9ff06f) j       pc - 0x8
core   0: 3 0x8000df3c (0xff9ff06f)
core   0: 0x8000df34 (0x00002f17) auipc   t5, 0x2
core   0: 3 0x8000df34 (0x00002f17) x30 0x8000ff34
core   0: 0x8000df38 (0x0c3f2623) sw      gp, 204(t5)
core   0: 3 0x8000df38 (0x0c3f2623) mem 0x80010000 0x00000001
core   0: 0x8000df3c (0xff9ff06f) j       pc - 0x8
core   0: 3 0x8000df3c (0xff9ff06f)
core   0: 0x8000df34 (0x00002f17) auipc   t5, 0x2
core   0: 3 0x8000df34 (0x00002f17) x30 0x8000ff34
core   0: 0x8000df38 (0x0c3f2623) sw      gp, 204(t5)
core   0: 3 0x8000df38 (0x0c3f2623) mem 0x80010000 0x00000001
core   0: 0x8000df3c (0xff9ff06f) j       pc - 0x8
core   0: 3 0x8000df3c (0xff9ff06f)
core   0: 0x8000df34 (0x00002f17) auipc   t5, 0x2
core   0: 3 0x8000df34 (0x00002f17) x30 0x8000ff34
core   0: 0x8000df38 (0x0c3f2623) sw      gp, 204(t5)
core   0: 3 0x8000df38 (0x0c3f2623) mem 0x80010000 0x00000001
core   0: 0x8000df3c (0xff9ff06f) j       pc - 0x8
core   0: 3 0x8000df3c (0xff9ff06f)
core   0: 0x8000df34 (0x00002f17) auipc   t5, 0x2
core   0: 3 0x8000df34 (0x00002f17) x30 0x8000ff34
core   0: 0x8000df38 (0x0c3f2623) sw      gp, 204(t5)
core   0: 3 0x8000df38 (0x0c3f2623) mem 0x80010000 0x00000001
core   0: 0x8000df3c (0xff9ff06f) j       pc - 0x8
core   0: 3 0x8000df3c (0xff9ff06f)
core   0: 0x8000df34 (0x00002f17) auipc   t5, 0x2
core   0: 3 0x8000df34 (0x00002f17) x30 0x8000ff34
core   0: 0x8000df38 (0x0c3f2623) sw      gp, 204(t5)
core   0: 3 0x8000df38 (0x0c3f2623) mem 0x80010000 0x00000001
core   0: 0x8000df3c (0xff9ff06f) j       pc - 0x8
core   0: 3 0x8000df3c (0xff9ff06f)
core   0: 0x8000df34 (0x00002f17) auipc   t5, 0x2
core   0: 3 0x8000df34 (0x00002f17) x30 0x8000ff34
core   0: 0x8000df38 (0x0c3f2623) sw      gp, 204(t5)
core   0: 3 0x8000df38 (0x0c3f2623) mem 0x80010000 0x00000001
core   0: 0x8000df3c (0xff9ff06f) j       pc - 0x8
core   0: 3 0x8000df3c (0xff9ff06f)
core   0: 0x8000df34 (0x00002f17) auipc   t5, 0x2
core   0: 3 0x8000df34 (0x00002f17) x30 0x8000ff34
core   0: 0x8000df38 (0x0c3f2623) sw      gp, 204(t5)
core   0: 3 0x8000df38 (0x0c3f2623) mem 0x80010000 0x00000001
core   0: 0x8000df3c (0xff9ff06f) j       pc - 0x8
core   0: 3 0x8000df3c (0xff9ff06f)
core   0: 0x8000df34 (0x00002f17) auipc   t5, 0x2
core   0: 3 0x8000df34 (0x00002f17) x30 0x8000ff34
core   0: 0x8000df38 (0x0c3f2623) sw      gp, 204(t5)
core   0: 3 0x8000df38 (0x0c3f2623) mem 0x80010000 0x00000001
core   0: 0x8000df3c (0xff9ff06f) j       pc - 0x8
core   0: 3 0x8000df3c (0xff9ff06f)
core   0: 0x8000df34 (0x00002f17) auipc   t5, 0x2
core   0: 3 0x8000df34 (0x00002f17) x30 0x8000ff34
core   0: 0x8000df38 (0x0c3f2623) sw      gp, 204(t5)
core   0: 3 0x8000df38 (0x0c3f2623) mem 0x80010000 0x00000001
core   0: 0x8000df3c (0xff9ff06f) j       pc - 0x8
core   0: 3 0x8000df3c (0xff9ff06f)
core   0: 0x8000df34 (0x00002f17) auipc   t5, 0x2
core   0: 3 0x8000df34 (0x00002f17) x30 0x8000ff34
core   0: 0x8000df38 (0x0c3f2623) sw      gp, 204(t5)
core   0: 3 0x8000df38 (0x0c3f2623) mem 0x80010000 0x00000001
core   0: 0x8000df3c (0xff9ff06f) j       pc - 0x8
core   0: 3 0x8000df3c (0xff9ff06f)
core   0: 0x8000df34 (0x00002f17) auipc   t5, 0x2
core   0: 3 0x8000df34 (0x00002f17) x30 0x8000ff34
core   0: 0x8000df38 (0x0c3f2623) sw      gp, 204(t5)
core   0: 3 0x8000df38 (0x0c3f2623) mem 0x80010000 0x00000001
core   0: 0x8000df3c (0xff9ff06f) j       pc - 0x8
core   0: 3 0x8000df3c (0xff9ff06f)
core   0: 0x8000df34 (0x00002f17) auipc   t5, 0x2
core   0: 3 0x8000df34 (0x00002f17) x30 0x8000ff34
core   0: 0x8000df38 (0x0c3f2623) sw      gp, 204(t5)
core   0: 3 0x8000df38 (0x0c3f2623) mem 0x80010000 0x00000001
core   0: 0x8000df3c (0xff9ff06f) j       pc - 0x8
core   0: 3 0x8000df3c (0xff9ff06f)
core   0: 0x8000df34 (0x00002f17) auipc   t5, 0x2
core   0: 3 0x8000df34 (0x00002f17) x30 0x8000ff34
core   0: 0x8000df38 (0x0c3f2623) sw      gp, 204(t5)
core   0: 3 0x8000df38 (0x0c3f2623) mem 0x80010000 0x00000001
core   0: 0x8000df3c (0xff9ff06f) j       pc - 0x8
core   0: 3 0x8000df3c (0xff9ff06f)
core   0: 0x8000df34 (0x00002f17) auipc   t5, 0x2
core   0: 3 0x8000df34 (0x00002f17) x30 0x8000ff34
core   0: 0x8000df38 (0x0c3f2623) sw      gp, 204(t5)
core   0: 3 0x8000df38 (0x0c3f2623) mem 0x80010000 0x00000001
core   0: 0x8000df3c (0xff9ff06f) j       pc - 0x8
core   0: 3 0x8000df3c (0xff9ff06f)
core   0: 0x8000df34 (0x00002f17) auipc   t5, 0x2
core   0: 3 0x8000df34 (0x00002f17) x30 0x8000ff34
core   0: 0x8000df38 (0x0c3f2623) sw      gp, 204(t5)
core   0: 3 0x8000df38 (0x0c3f2623) mem 0x80010000 0x00000001
core   0: 0x8000df3c (0xff9ff06f) j       pc - 0x8
core   0: 3 0x8000df3c (0xff9ff06f)
core   0: 0x8000df34 (0x00002f17) auipc   t5, 0x2
core   0: 3 0x8000df34 (0x00002f17) x30 0x8000ff34
core   0: 0x8000df38 (0x0c3f2623) sw      gp, 204(t5)
core   0: 3 0x8000df38 (0x0c3f2623) mem 0x80010000 0x00000001
core   0: 0x8000df3c (0xff9ff06f) j       pc - 0x8
core   0: 3 0x8000df3c (0xff9ff06f)
core   0: 0x8000df34 (0x00002f17) auipc   t5, 0x2
core   0: 3 0x8000df34 (0x00002f17) x30 0x8000ff34
core   0: 0x8000df38 (0x0c3f2623) sw      gp, 204(t5)
core   0: 3 0x8000df38 (0x0c3f2623) mem 0x80010000 0x00000001
core   0: 0x8000df3c (0xff9ff06f) j       pc - 0x8
core   0: 3 0x8000df3c (0xff9ff06f)
core   0: 0x8000df34 (0x00002f17) auipc   t5, 0x2
core   0: 3 0x8000df34 (0x00002f17) x30 0x8000ff34
core   0: 0x8000df38 (0x0c3f2623) sw      gp, 204(t5)
core   0: 3 0x8000df38 (0x0c3f2623) mem 0x80010000 0x00000001
core   0: 0x8000df3c (0xff9ff06f) j       pc - 0x8
core   0: 3 0x8000df3c (0xff9ff06f)
core   0: 0x8000df34 (0x00002f17) auipc   t5, 0x2
core   0: 3 0x8000df34 (0x00002f17) x30 0x8000ff34
core   0: 0x8000df38 (0x0c3f2623) sw      gp, 204(t5)
core   0: 3 0x8000df38 (0x0c3f2623) mem 0x80010000 0x00000001
core   0: 0x8000df3c (0xff9ff06f) j       pc - 0x8
core   0: 3 0x8000df3c (0xff9ff06f)
core   0: 0x8000df34 (0x00002f17) auipc   t5, 0x2
core   0: 3 0x8000df34 (0x00002f17) x30 0x8000ff34
core   0: 0x8000df38 (0x0c3f2623) sw      gp, 204(t5)
core   0: 3 0x8000df38 (0x0c3f2623) mem 0x80010000 0x00000001
core   0: 0x8000df3c (0xff9ff06f) j       pc - 0x8
core   0: 3 0x8000df3c (0xff9ff06f)
core   0: 0x8000df34 (0x00002f17) auipc   t5, 0x2
core   0: 3 0x8000df34 (0x00002f17) x30 0x8000ff34
core   0: 0x8000df38 (0x0c3f2623) sw      gp, 204(t5)
core   0: 3 0x8000df38 (0x0c3f2623) mem 0x80010000 0x00000001
core   0: 0x8000df3c (0xff9ff06f) j       pc - 0x8
core   0: 3 0x8000df3c (0xff9ff06f)
core   0: 0x8000df34 (0x00002f17) auipc   t5, 0x2
core   0: 3 0x8000df34 (0x00002f17) x30 0x8000ff34
core   0: 0x8000df38 (0x0c3f2623) sw      gp, 204(t5)
core   0: 3 0x8000df38 (0x0c3f2623) mem 0x80010000 0x00000001
core   0: 0x8000df3c (0xff9ff06f) j       pc - 0x8
core   0: 3 0x8000df3c (0xff9ff06f)
core   0: 0x8000df34 (0x00002f17) auipc   t5, 0x2
core   0: 3 0x8000df34 (0x00002f17) x30 0x8000ff34
core   0: 0x8000df38 (0x0c3f2623) sw      gp, 204(t5)
core   0: 3 0x8000df38 (0x0c3f2623) mem 0x80010000 0x00000001
core   0: 0x8000df3c (0xff9ff06f) j       pc - 0x8
core   0: 3 0x8000df3c (0xff9ff06f)
core   0: 0x8000df34 (0x00002f17) auipc   t5, 0x2
core   0: 3 0x8000df34 (0x00002f17) x30 0x8000ff34
core   0: 0x8000df38 (0x0c3f2623) sw      gp, 204(t5)
core   0: 3 0x8000df38 (0x0c3f2623) mem 0x80010000 0x00000001
core   0: 0x8000df3c (0xff9ff06f) j       pc - 0x8
core   0: 3 0x8000df3c (0xff9ff06f)
core   0: 0x8000df34 (0x00002f17) auipc   t5, 0x2
core   0: 3 0x8000df34 (0x00002f17) x30 0x8000ff34
core   0: 0x8000df38 (0x0c3f2623) sw      gp, 204(t5)
core   0: 3 0x8000df38 (0x0c3f2623) mem 0x80010000 0x00000001
core   0: 0x8000df3c (0xff9ff06f) j       pc - 0x8
core   0: 3 0x8000df3c (0xff9ff06f)
core   0: 0x8000df34 (0x00002f17) auipc   t5, 0x2
core   0: 3 0x8000df34 (0x00002f17) x30 0x8000ff34
core   0: 0x8000df38 (0x0c3f2623) sw      gp, 204(t5)
core   0: 3 0x8000df38 (0x0c3f2623) mem 0x80010000 0x00000001
core   0: 0x8000df3c (0xff9ff06f) j       pc - 0x8
core   0: 3 0x8000df3c (0xff9ff06f)
core   0: 0x8000df34 (0x00002f17) auipc   t5, 0x2
core   0: 3 0x8000df34 (0x00002f17) x30 0x8000ff34
core   0: 0x8000df38 (0x0c3f2623) sw      gp, 204(t5)
core   0: 3 0x8000df38 (0x0c3f2623) mem 0x80010000 0x00000001
core   0: 0x8000df3c (0xff9ff06f) j       pc - 0x8
core   0: 3 0x8000df3c (0xff9ff06f)
core   0: 0x8000df34 (0x00002f17) auipc   t5, 0x2
core   0: 3 0x8000df34 (0x00002f17) x30 0x8000ff34
core   0: 0x8000df38 (0x0c3f2623) sw      gp, 204(t5)
core   0: 3 0x8000df38 (0x0c3f2623) mem 0x80010000 0x00000001
core   0: 0x8000df3c (0xff9ff06f) j       pc - 0x8
core   0: 3 0x8000df3c (0xff9ff06f)
core   0: 0x8000df34 (0x00002f17) auipc   t5, 0x2
core   0: 3 0x8000df34 (0x00002f17) x30 0x8000ff34
core   0: 0x8000df38 (0x0c3f2623) sw      gp, 204(t5)
core   0: 3 0x8000df38 (0x0c3f2623) mem 0x80010000 0x00000001
core   0: 0x8000df3c (0xff9ff06f) j       pc - 0x8
core   0: 3 0x8000df3c (0xff9ff06f)
core   0: 0x8000df34 (0x00002f17) auipc   t5, 0x2
core   0: 3 0x8000df34 (0x00002f17) x30 0x8000ff34
core   0: 0x8000df38 (0x0c3f2623) sw      gp, 204(t5)
core   0: 3 0x8000df38 (0x0c3f2623) mem 0x80010000 0x00000001
core   0: 0x8000df3c (0xff9ff06f) j       pc - 0x8
core   0: 3 0x8000df3c (0xff9ff06f)
core   0: 0x8000df34 (0x00002f17) auipc   t5, 0x2
core   0: 3 0x8000df34 (0x00002f17) x30 0x8000ff34
core   0: 0x8000df38 (0x0c3f2623) sw      gp, 204(t5)
core   0: 3 0x8000df38 (0x0c3f2623) mem 0x80010000 0x00000001
core   0: 0x8000df3c (0xff9ff06f) j       pc - 0x8
core   0: 3 0x8000df3c (0xff9ff06f)
core   0: 0x8000df34 (0x00002f17) auipc   t5, 0x2
core   0: 3 0x8000df34 (0x00002f17) x30 0x8000ff34
core   0: 0x8000df38 (0x0c3f2623) sw      gp, 204(t5)
core   0: 3 0x8000df38 (0x0c3f2623) mem 0x80010000 0x00000001
core   0: 0x8000df3c (0xff9ff06f) j       pc - 0x8
core   0: 3 0x8000df3c (0xff9ff06f)
core   0: 0x8000df34 (0x00002f17) auipc   t5, 0x2
core   0: 3 0x8000df34 (0x00002f17) x30 0x8000ff34
core   0: 0x8000df38 (0x0c3f2623) sw      gp, 204(t5)
core   0: 3 0x8000df38 (0x0c3f2623) mem 0x80010000 0x00000001
core   0: 0x8000df3c (0xff9ff06f) j       pc - 0x8
core   0: 3 0x8000df3c (0xff9ff06f)
core   0: 0x8000df34 (0x00002f17) auipc   t5, 0x2
core   0: 3 0x8000df34 (0x00002f17) x30 0x8000ff34
core   0: 0x8000df38 (0x0c3f2623) sw      gp, 204(t5)
core   0: 3 0x8000df38 (0x0c3f2623) mem 0x80010000 0x00000001
core   0: 0x8000df3c (0xff9ff06f) j       pc - 0x8
core   0: 3 0x8000df3c (0xff9ff06f)
core   0: 0x8000df34 (0x00002f17) auipc   t5, 0x2
core   0: 3 0x8000df34 (0x00002f17) x30 0x8000ff34
core   0: 0x8000df38 (0x0c3f2623) sw      gp, 204(t5)
core   0: 3 0x8000df38 (0x0c3f2623) mem 0x80010000 0x00000001
core   0: 0x8000df3c (0xff9ff06f) j       pc - 0x8
core   0: 3 0x8000df3c (0xff9ff06f)
core   0: 0x8000df34 (0x00002f17) auipc   t5, 0x2
core   0: 3 0x8000df34 (0x00002f17) x30 0x8000ff34
core   0: 0x8000df38 (0x0c3f2623) sw      gp, 204(t5)
core   0: 3 0x8000df38 (0x0c3f2623) mem 0x80010000 0x00000001
core   0: 0x8000df3c (0xff9ff06f) j       pc - 0x8
core   0: 3 0x8000df3c (0xff9ff06f)
core   0: 0x8000df34 (0x00002f17) auipc   t5, 0x2
core   0: 3 0x8000df34 (0x00002f17) x30 0x8000ff34
core   0: 0x8000df38 (0x0c3f2623) sw      gp, 204(t5)
core   0: 3 0x8000df38 (0x0c3f2623) mem 0x80010000 0x00000001
core   0: 0x8000df3c (0xff9ff06f) j       pc - 0x8
core   0: 3 0x8000df3c (0xff9ff06f)
core   0: 0x8000df34 (0x00002f17) auipc   t5, 0x2
core   0: 3 0x8000df34 (0x00002f17) x30 0x8000ff34
core   0: 0x8000df38 (0x0c3f2623) sw      gp, 204(t5)
core   0: 3 0x8000df38 (0x0c3f2623) mem 0x80010000 0x00000001
core   0: 0x8000df3c (0xff9ff06f) j       pc - 0x8
core   0: 3 0x8000df3c (0xff9ff06f)
core   0: 0x8000df34 (0x00002f17) auipc   t5, 0x2
core   0: 3 0x8000df34 (0x00002f17) x30 0x8000ff34
core   0: 0x8000df38 (0x0c3f2623) sw      gp, 204(t5)
core   0: 3 0x8000df38 (0x0c3f2623) mem 0x80010000 0x00000001
core   0: 0x8000df3c (0xff9ff06f) j       pc - 0x8
core   0: 3 0x8000df3c (0xff9ff06f)
core   0: 0x8000df34 (0x00002f17) auipc   t5, 0x2
core   0: 3 0x8000df34 (0x00002f17) x30 0x8000ff34
core   0: 0x8000df38 (0x0c3f2623) sw      gp, 204(t5)
core   0: 3 0x8000df38 (0x0c3f2623) mem 0x80010000 0x00000001
core   0: 0x8000df3c (0xff9ff06f) j       pc - 0x8
core   0: 3 0x8000df3c (0xff9ff06f)
core   0: 0x8000df34 (0x00002f17) auipc   t5, 0x2
core   0: 3 0x8000df34 (0x00002f17) x30 0x8000ff34
core   0: 0x8000df38 (0x0c3f2623) sw      gp, 204(t5)
core   0: 3 0x8000df38 (0x0c3f2623) mem 0x80010000 0x00000001
core   0: 0x8000df3c (0xff9ff06f) j       pc - 0x8
core   0: 3 0x8000df3c (0xff9ff06f)
core   0: 0x8000df34 (0x00002f17) auipc   t5, 0x2
core   0: 3 0x8000df34 (0x00002f17) x30 0x8000ff34
core   0: 0x8000df38 (0x0c3f2623) sw      gp, 204(t5)
core   0: 3 0x8000df38 (0x0c3f2623) mem 0x80010000 0x00000001
core   0: 0x8000df3c (0xff9ff06f) j       pc - 0x8
core   0: 3 0x8000df3c (0xff9ff06f)
core   0: 0x8000df34 (0x00002f17) auipc   t5, 0x2
core   0: 3 0x8000df34 (0x00002f17) x30 0x8000ff34
core   0: 0x8000df38 (0x0c3f2623) sw      gp, 204(t5)
core   0: 3 0x8000df38 (0x0c3f2623) mem 0x80010000 0x00000001
core   0: 0x8000df3c (0xff9ff06f) j       pc - 0x8
core   0: 3 0x8000df3c (0xff9ff06f)
core   0: 0x8000df34 (0x00002f17) auipc   t5, 0x2
core   0: 3 0x8000df34 (0x00002f17) x30 0x8000ff34
core   0: 0x8000df38 (0x0c3f2623) sw      gp, 204(t5)
core   0: 3 0x8000df38 (0x0c3f2623) mem 0x80010000 0x00000001
core   0: 0x8000df3c (0xff9ff06f) j       pc - 0x8
core   0: 3 0x8000df3c (0xff9ff06f)
core   0: 0x8000df34 (0x00002f17) auipc   t5, 0x2
core   0: 3 0x8000df34 (0x00002f17) x30 0x8000ff34
core   0: 0x8000df38 (0x0c3f2623) sw      gp, 204(t5)
core   0: 3 0x8000df38 (0x0c3f2623) mem 0x80010000 0x00000001
core   0: 0x8000df3c (0xff9ff06f) j       pc - 0x8
core   0: 3 0x8000df3c (0xff9ff06f)
core   0: 0x8000df34 (0x00002f17) auipc   t5, 0x2
core   0: 3 0x8000df34 (0x00002f17) x30 0x8000ff34
core   0: 0x8000df38 (0x0c3f2623) sw      gp, 204(t5)
core   0: 3 0x8000df38 (0x0c3f2623) mem 0x80010000 0x00000001
core   0: 0x8000df3c (0xff9ff06f) j       pc - 0x8
core   0: 3 0x8000df3c (0xff9ff06f)
core   0: 0x8000df34 (0x00002f17) auipc   t5, 0x2
core   0: 3 0x8000df34 (0x00002f17) x30 0x8000ff34
core   0: 0x8000df38 (0x0c3f2623) sw      gp, 204(t5)
core   0: 3 0x8000df38 (0x0c3f2623) mem 0x80010000 0x00000001
core   0: 0x8000df3c (0xff9ff06f) j       pc - 0x8
core   0: 3 0x8000df3c (0xff9ff06f)
core   0: 0x8000df34 (0x00002f17) auipc   t5, 0x2
core   0: 3 0x8000df34 (0x00002f17) x30 0x8000ff34
core   0: 0x8000df38 (0x0c3f2623) sw      gp, 204(t5)
core   0: 3 0x8000df38 (0x0c3f2623) mem 0x80010000 0x00000001
core   0: 0x8000df3c (0xff9ff06f) j       pc - 0x8
core   0: 3 0x8000df3c (0xff9ff06f)
core   0: 0x8000df34 (0x00002f17) auipc   t5, 0x2
core   0: 3 0x8000df34 (0x00002f17) x30 0x8000ff34
core   0: 0x8000df38 (0x0c3f2623) sw      gp, 204(t5)
core   0: 3 0x8000df38 (0x0c3f2623) mem 0x80010000 0x00000001
core   0: 0x8000df3c (0xff9ff06f) j       pc - 0x8
core   0: 3 0x8000df3c (0xff9ff06f)
core   0: 0x8000df34 (0x00002f17) auipc   t5, 0x2
core   0: 3 0x8000df34 (0x00002f17) x30 0x8000ff34
core   0: 0x8000df38 (0x0c3f2623) sw      gp, 204(t5)
core   0: 3 0x8000df38 (0x0c3f2623) mem 0x80010000 0x00000001
core   0: 0x8000df3c (0xff9ff06f) j       pc - 0x8
core   0: 3 0x8000df3c (0xff9ff06f)
core   0: 0x8000df34 (0x00002f17) auipc   t5, 0x2
core   0: 3 0x8000df34 (0x00002f17) x30 0x8000ff34
core   0: 0x8000df38 (0x0c3f2623) sw      gp, 204(t5)
core   0: 3 0x8000df38 (0x0c3f2623) mem 0x80010000 0x00000001
core   0: 0x8000df3c (0xff9ff06f) j       pc - 0x8
core   0: 3 0x8000df3c (0xff9ff06f)
core   0: 0x8000df34 (0x00002f17) auipc   t5, 0x2
core   0: 3 0x8000df34 (0x00002f17) x30 0x8000ff34
core   0: 0x8000df38 (0x0c3f2623) sw      gp, 204(t5)
core   0: 3 0x8000df38 (0x0c3f2623) mem 0x80010000 0x00000001
core   0: 0x8000df3c (0xff9ff06f) j       pc - 0x8
core   0: 3 0x8000df3c (0xff9ff06f)
core   0: 0x8000df34 (0x00002f17) auipc   t5, 0x2
core   0: 3 0x8000df34 (0x00002f17) x30 0x8000ff34
core   0: 0x8000df38 (0x0c3f2623) sw      gp, 204(t5)
core   0: 3 0x8000df38 (0x0c3f2623) mem 0x80010000 0x00000001
core   0: 0x8000df3c (0xff9ff06f) j       pc - 0x8
core   0: 3 0x8000df3c (0xff9ff06f)
core   0: 0x8000df34 (0x00002f17) auipc   t5, 0x2
core   0: 3 0x8000df34 (0x00002f17) x30 0x8000ff34
core   0: 0x8000df38 (0x0c3f2623) sw      gp, 204(t5)
core   0: 3 0x8000df38 (0x0c3f2623) mem 0x80010000 0x00000001
core   0: 0x8000df3c (0xff9ff06f) j       pc - 0x8
core   0: 3 0x8000df3c (0xff9ff06f)
core   0: 0x8000df34 (0x00002f17) auipc   t5, 0x2
core   0: 3 0x8000df34 (0x00002f17) x30 0x8000ff34
core   0: 0x8000df38 (0x0c3f2623) sw      gp, 204(t5)
core   0: 3 0x8000df38 (0x0c3f2623) mem 0x80010000 0x00000001
core   0: 0x8000df3c (0xff9ff06f) j       pc - 0x8
core   0: 3 0x8000df3c (0xff9ff06f)
core   0: 0x8000df34 (0x00002f17) auipc   t5, 0x2
core   0: 3 0x8000df34 (0x00002f17) x30 0x8000ff34
core   0: 0x8000df38 (0x0c3f2623) sw      gp, 204(t5)
core   0: 3 0x8000df38 (0x0c3f2623) mem 0x80010000 0x00000001
core   0: 0x8000df3c (0xff9ff06f) j       pc - 0x8
core   0: 3 0x8000df3c (0xff9ff06f)
core   0: 0x8000df34 (0x00002f17) auipc   t5, 0x2
core   0: 3 0x8000df34 (0x00002f17) x30 0x8000ff34
core   0: 0x8000df38 (0x0c3f2623) sw      gp, 204(t5)
core   0: 3 0x8000df38 (0x0c3f2623) mem 0x80010000 0x00000001
core   0: 0x8000df3c (0xff9ff06f) j       pc - 0x8
core   0: 3 0x8000df3c (0xff9ff06f)
core   0: 0x8000df34 (0x00002f17) auipc   t5, 0x2
core   0: 3 0x8000df34 (0x00002f17) x30 0x8000ff34
core   0: 0x8000df38 (0x0c3f2623) sw      gp, 204(t5)
core   0: 3 0x8000df38 (0x0c3f2623) mem 0x80010000 0x00000001
core   0: 0x8000df3c (0xff9ff06f) j       pc - 0x8
core   0: 3 0x8000df3c (0xff9ff06f)
core   0: 0x8000df34 (0x00002f17) auipc   t5, 0x2
core   0: 3 0x8000df34 (0x00002f17) x30 0x8000ff34
core   0: 0x8000df38 (0x0c3f2623) sw      gp, 204(t5)
core   0: 3 0x8000df38 (0x0c3f2623) mem 0x80010000 0x00000001
core   0: 0x8000df3c (0xff9ff06f) j       pc - 0x8
core   0: 3 0x8000df3c (0xff9ff06f)
core   0: 0x8000df34 (0x00002f17) auipc   t5, 0x2
core   0: 3 0x8000df34 (0x00002f17) x30 0x8000ff34
core   0: 0x8000df38 (0x0c3f2623) sw      gp, 204(t5)
core   0: 3 0x8000df38 (0x0c3f2623) mem 0x80010000 0x00000001
core   0: 0x8000df3c (0xff9ff06f) j       pc - 0x8
core   0: 3 0x8000df3c (0xff9ff06f)
core   0: 0x8000df34 (0x00002f17) auipc   t5, 0x2
core   0: 3 0x8000df34 (0x00002f17) x30 0x8000ff34
core   0: 0x8000df38 (0x0c3f2623) sw      gp, 204(t5)
core   0: 3 0x8000df38 (0x0c3f2623) mem 0x80010000 0x00000001
core   0: 0x8000df3c (0xff9ff06f) j       pc - 0x8
core   0: 3 0x8000df3c (0xff9ff06f)
core   0: 0x8000df34 (0x00002f17) auipc   t5, 0x2
core   0: 3 0x8000df34 (0x00002f17) x30 0x8000ff34
core   0: 0x8000df38 (0x0c3f2623) sw      gp, 204(t5)
core   0: 3 0x8000df38 (0x0c3f2623) mem 0x80010000 0x00000001
core   0: 0x8000df3c (0xff9ff06f) j       pc - 0x8
core   0: 3 0x8000df3c (0xff9ff06f)
core   0: 0x8000df34 (0x00002f17) auipc   t5, 0x2
core   0: 3 0x8000df34 (0x00002f17) x30 0x8000ff34
core   0: 0x8000df38 (0x0c3f2623) sw      gp, 204(t5)
core   0: 3 0x8000df38 (0x0c3f2623) mem 0x80010000 0x00000001
core   0: 0x8000df3c (0xff9ff06f) j       pc - 0x8
core   0: 3 0x8000df3c (0xff9ff06f)
core   0: 0x8000df34 (0x00002f17) auipc   t5, 0x2
core   0: 3 0x8000df34 (0x00002f17) x30 0x8000ff34
core   0: 0x8000df38 (0x0c3f2623) sw      gp, 204(t5)
core   0: 3 0x8000df38 (0x0c3f2623) mem 0x80010000 0x00000001
core   0: 0x8000df3c (0xff9ff06f) j       pc - 0x8
core   0: 3 0x8000df3c (0xff9ff06f)
core   0: 0x8000df34 (0x00002f17) auipc   t5, 0x2
core   0: 3 0x8000df34 (0x00002f17) x30 0x8000ff34
core   0: 0x8000df38 (0x0c3f2623) sw      gp, 204(t5)
core   0: 3 0x8000df38 (0x0c3f2623) mem 0x80010000 0x00000001
core   0: 0x8000df3c (0xff9ff06f) j       pc - 0x8
core   0: 3 0x8000df3c (0xff9ff06f)
core   0: 0x8000df34 (0x00002f17) auipc   t5, 0x2
core   0: 3 0x8000df34 (0x00002f17) x30 0x8000ff34
core   0: 0x8000df38 (0x0c3f2623) sw      gp, 204(t5)
core   0: 3 0x8000df38 (0x0c3f2623) mem 0x80010000 0x00000001
core   0: 0x8000df3c (0xff9ff06f) j       pc - 0x8
core   0: 3 0x8000df3c (0xff9ff06f)
core   0: 0x8000df34 (0x00002f17) auipc   t5, 0x2
core   0: 3 0x8000df34 (0x00002f17) x30 0x8000ff34
core   0: 0x8000df38 (0x0c3f2623) sw      gp, 204(t5)
core   0: 3 0x8000df38 (0x0c3f2623) mem 0x80010000 0x00000001
core   0: 0x8000df3c (0xff9ff06f) j       pc - 0x8
core   0: 3 0x8000df3c (0xff9ff06f)
core   0: 0x8000df34 (0x00002f17) auipc   t5, 0x2
core   0: 3 0x8000df34 (0x00002f17) x30 0x8000ff34
core   0: 0x8000df38 (0x0c3f2623) sw      gp, 204(t5)
core   0: 3 0x8000df38 (0x0c3f2623) mem 0x80010000 0x00000001
core   0: 0x8000df3c (0xff9ff06f) j       pc - 0x8
core   0: 3 0x8000df3c (0xff9ff06f)
core   0: 0x8000df34 (0x00002f17) auipc   t5, 0x2
core   0: 3 0x8000df34 (0x00002f17) x30 0x8000ff34
core   0: 0x8000df38 (0x0c3f2623) sw      gp, 204(t5)
core   0: 3 0x8000df38 (0x0c3f2623) mem 0x80010000 0x00000001
core   0: 0x8000df3c (0xff9ff06f) j       pc - 0x8
core   0: 3 0x8000df3c (0xff9ff06f)
core   0: 0x8000df34 (0x00002f17) auipc   t5, 0x2
core   0: 3 0x8000df34 (0x00002f17) x30 0x8000ff34
core   0: 0x8000df38 (0x0c3f2623) sw      gp, 204(t5)
core   0: 3 0x8000df38 (0x0c3f2623) mem 0x80010000 0x00000001
core   0: 0x8000df3c (0xff9ff06f) j       pc - 0x8
core   0: 3 0x8000df3c (0xff9ff06f)
core   0: 0x8000df34 (0x00002f17) auipc   t5, 0x2
core   0: 3 0x8000df34 (0x00002f17) x30 0x8000ff34
core   0: 0x8000df38 (0x0c3f2623) sw      gp, 204(t5)
core   0: 3 0x8000df38 (0x0c3f2623) mem 0x80010000 0x00000001
core   0: 0x8000df3c (0xff9ff06f) j       pc - 0x8
core   0: 3 0x8000df3c (0xff9ff06f)
core   0: 0x8000df34 (0x00002f17) auipc   t5, 0x2
core   0: 3 0x8000df34 (0x00002f17) x30 0x8000ff34
core   0: 0x8000df38 (0x0c3f2623) sw      gp, 204(t5)
core   0: 3 0x8000df38 (0x0c3f2623) mem 0x80010000 0x00000001
core   0: 0x8000df3c (0xff9ff06f) j       pc - 0x8
core   0: 3 0x8000df3c (0xff9ff06f)
core   0: 0x8000df34 (0x00002f17) auipc   t5, 0x2
core   0: 3 0x8000df34 (0x00002f17) x30 0x8000ff34
core   0: 0x8000df38 (0x0c3f2623) sw      gp, 204(t5)
core   0: 3 0x8000df38 (0x0c3f2623) mem 0x80010000 0x00000001
core   0: 0x8000df3c (0xff9ff06f) j       pc - 0x8
core   0: 3 0x8000df3c (0xff9ff06f)
core   0: 0x8000df34 (0x00002f17) auipc   t5, 0x2
core   0: 3 0x8000df34 (0x00002f17) x30 0x8000ff34
core   0: 0x8000df38 (0x0c3f2623) sw      gp, 204(t5)
core   0: 3 0x8000df38 (0x0c3f2623) mem 0x80010000 0x00000001
core   0: 0x8000df3c (0xff9ff06f) j       pc - 0x8
core   0: 3 0x8000df3c (0xff9ff06f)
core   0: 0x8000df34 (0x00002f17) auipc   t5, 0x2
core   0: 3 0x8000df34 (0x00002f17) x30 0x8000ff34
core   0: 0x8000df38 (0x0c3f2623) sw      gp, 204(t5)
core   0: 3 0x8000df38 (0x0c3f2623) mem 0x80010000 0x00000001
core   0: 0x8000df3c (0xff9ff06f) j       pc - 0x8
core   0: 3 0x8000df3c (0xff9ff06f)
core   0: 0x8000df34 (0x00002f17) auipc   t5, 0x2
core   0: 3 0x8000df34 (0x00002f17) x30 0x8000ff34
core   0: 0x8000df38 (0x0c3f2623) sw      gp, 204(t5)
core   0: 3 0x8000df38 (0x0c3f2623) mem 0x80010000 0x00000001
core   0: 0x8000df3c (0xff9ff06f) j       pc - 0x8
core   0: 3 0x8000df3c (0xff9ff06f)
core   0: 0x8000df34 (0x00002f17) auipc   t5, 0x2
core   0: 3 0x8000df34 (0x00002f17) x30 0x8000ff34
core   0: 0x8000df38 (0x0c3f2623) sw      gp, 204(t5)
core   0: 3 0x8000df38 (0x0c3f2623) mem 0x80010000 0x00000001
core   0: 0x8000df3c (0xff9ff06f) j       pc - 0x8
core   0: 3 0x8000df3c (0xff9ff06f)
core   0: 0x8000df34 (0x00002f17) auipc   t5, 0x2
core   0: 3 0x8000df34 (0x00002f17) x30 0x8000ff34
core   0: 0x8000df38 (0x0c3f2623) sw      gp, 204(t5)
core   0: 3 0x8000df38 (0x0c3f2623) mem 0x80010000 0x00000001
core   0: 0x8000df3c (0xff9ff06f) j       pc - 0x8
core   0: 3 0x8000df3c (0xff9ff06f)
core   0: 0x8000df34 (0x00002f17) auipc   t5, 0x2
core   0: 3 0x8000df34 (0x00002f17) x30 0x8000ff34
core   0: 0x8000df38 (0x0c3f2623) sw      gp, 204(t5)
core   0: 3 0x8000df38 (0x0c3f2623) mem 0x80010000 0x00000001
core   0: 0x8000df3c (0xff9ff06f) j       pc - 0x8
core   0: 3 0x8000df3c (0xff9ff06f)
core   0: 0x8000df34 (0x00002f17) auipc   t5, 0x2
core   0: 3 0x8000df34 (0x00002f17) x30 0x8000ff34
core   0: 0x8000df38 (0x0c3f2623) sw      gp, 204(t5)
core   0: 3 0x8000df38 (0x0c3f2623) mem 0x80010000 0x00000001
core   0: 0x8000df3c (0xff9ff06f) j       pc - 0x8
core   0: 3 0x8000df3c (0xff9ff06f)
core   0: 0x8000df34 (0x00002f17) auipc   t5, 0x2
core   0: 3 0x8000df34 (0x00002f17) x30 0x8000ff34
core   0: 0x8000df38 (0x0c3f2623) sw      gp, 204(t5)
core   0: 3 0x8000df38 (0x0c3f2623) mem 0x80010000 0x00000001
core   0: 0x8000df3c (0xff9ff06f) j       pc - 0x8
core   0: 3 0x8000df3c (0xff9ff06f)
core   0: 0x8000df34 (0x00002f17) auipc   t5, 0x2
core   0: 3 0x8000df34 (0x00002f17) x30 0x8000ff34
core   0: 0x8000df38 (0x0c3f2623) sw      gp, 204(t5)
core   0: 3 0x8000df38 (0x0c3f2623) mem 0x80010000 0x00000001
core   0: 0x8000df3c (0xff9ff06f) j       pc - 0x8
core   0: 3 0x8000df3c (0xff9ff06f)
core   0: 0x8000df34 (0x00002f17) auipc   t5, 0x2
core   0: 3 0x8000df34 (0x00002f17) x30 0x8000ff34
core   0: 0x8000df38 (0x0c3f2623) sw      gp, 204(t5)
core   0: 3 0x8000df38 (0x0c3f2623) mem 0x80010000 0x00000001
core   0: 0x8000df3c (0xff9ff06f) j       pc - 0x8
core   0: 3 0x8000df3c (0xff9ff06f)
core   0: 0x8000df34 (0x00002f17) auipc   t5, 0x2
core   0: 3 0x8000df34 (0x00002f17) x30 0x8000ff34
core   0: 0x8000df38 (0x0c3f2623) sw      gp, 204(t5)
core   0: 3 0x8000df38 (0x0c3f2623) mem 0x80010000 0x00000001
core   0: 0x8000df3c (0xff9ff06f) j       pc - 0x8
core   0: 3 0x8000df3c (0xff9ff06f)
core   0: 0x8000df34 (0x00002f17) auipc   t5, 0x2
core   0: 3 0x8000df34 (0x00002f17) x30 0x8000ff34
core   0: 0x8000df38 (0x0c3f2623) sw      gp, 204(t5)
core   0: 3 0x8000df38 (0x0c3f2623) mem 0x80010000 0x00000001
core   0: 0x8000df3c (0xff9ff06f) j       pc - 0x8
core   0: 3 0x8000df3c (0xff9ff06f)
core   0: 0x8000df34 (0x00002f17) auipc   t5, 0x2
core   0: 3 0x8000df34 (0x00002f17) x30 0x8000ff34
core   0: 0x8000df38 (0x0c3f2623) sw      gp, 204(t5)
core   0: 3 0x8000df38 (0x0c3f2623) mem 0x80010000 0x00000001
core   0: 0x8000df3c (0xff9ff06f) j       pc - 0x8
core   0: 3 0x8000df3c (0xff9ff06f)
core   0: 0x8000df34 (0x00002f17) auipc   t5, 0x2
core   0: 3 0x8000df34 (0x00002f17) x30 0x8000ff34
core   0: 0x8000df38 (0x0c3f2623) sw      gp, 204(t5)
core   0: 3 0x8000df38 (0x0c3f2623) mem 0x80010000 0x00000001
core   0: 0x8000df3c (0xff9ff06f) j       pc - 0x8
core   0: 3 0x8000df3c (0xff9ff06f)
core   0: 0x8000df34 (0x00002f17) auipc   t5, 0x2
core   0: 3 0x8000df34 (0x00002f17) x30 0x8000ff34
core   0: 0x8000df38 (0x0c3f2623) sw      gp, 204(t5)
core   0: 3 0x8000df38 (0x0c3f2623) mem 0x80010000 0x00000001
core   0: 0x8000df3c (0xff9ff06f) j       pc - 0x8
core   0: 3 0x8000df3c (0xff9ff06f)
core   0: 0x8000df34 (0x00002f17) auipc   t5, 0x2
core   0: 3 0x8000df34 (0x00002f17) x30 0x8000ff34
core   0: 0x8000df38 (0x0c3f2623) sw      gp, 204(t5)
core   0: 3 0x8000df38 (0x0c3f2623) mem 0x80010000 0x00000001
core   0: 0x8000df3c (0xff9ff06f) j       pc - 0x8
core   0: 3 0x8000df3c (0xff9ff06f)
core   0: 0x8000df34 (0x00002f17) auipc   t5, 0x2
core   0: 3 0x8000df34 (0x00002f17) x30 0x8000ff34
core   0: 0x8000df38 (0x0c3f2623) sw      gp, 204(t5)
core   0: 3 0x8000df38 (0x0c3f2623) mem 0x80010000 0x00000001
core   0: 0x8000df3c (0xff9ff06f) j       pc - 0x8
core   0: 3 0x8000df3c (0xff9ff06f)
core   0: 0x8000df34 (0x00002f17) auipc   t5, 0x2
core   0: 3 0x8000df34 (0x00002f17) x30 0x8000ff34
core   0: 0x8000df38 (0x0c3f2623) sw      gp, 204(t5)
core   0: 3 0x8000df38 (0x0c3f2623) mem 0x80010000 0x00000001
core   0: 0x8000df3c (0xff9ff06f) j       pc - 0x8
core   0: 3 0x8000df3c (0xff9ff06f)
core   0: 0x8000df34 (0x00002f17) auipc   t5, 0x2
core   0: 3 0x8000df34 (0x00002f17) x30 0x8000ff34
core   0: 0x8000df38 (0x0c3f2623) sw      gp, 204(t5)
core   0: 3 0x8000df38 (0x0c3f2623) mem 0x80010000 0x00000001
core   0: 0x8000df3c (0xff9ff06f) j       pc - 0x8
core   0: 3 0x8000df3c (0xff9ff06f)
core   0: 0x8000df34 (0x00002f17) auipc   t5, 0x2
core   0: 3 0x8000df34 (0x00002f17) x30 0x8000ff34
core   0: 0x8000df38 (0x0c3f2623) sw      gp, 204(t5)
core   0: 3 0x8000df38 (0x0c3f2623) mem 0x80010000 0x00000001
core   0: 0x8000df3c (0xff9ff06f) j       pc - 0x8
core   0: 3 0x8000df3c (0xff9ff06f)
core   0: 0x8000df34 (0x00002f17) auipc   t5, 0x2
core   0: 3 0x8000df34 (0x00002f17) x30 0x8000ff34
core   0: 0x8000df38 (0x0c3f2623) sw      gp, 204(t5)
core   0: 3 0x8000df38 (0x0c3f2623) mem 0x80010000 0x00000001
core   0: 0x8000df3c (0xff9ff06f) j       pc - 0x8
core   0: 3 0x8000df3c (0xff9ff06f)
core   0: 0x8000df34 (0x00002f17) auipc   t5, 0x2
core   0: 3 0x8000df34 (0x00002f17) x30 0x8000ff34
core   0: 0x8000df38 (0x0c3f2623) sw      gp, 204(t5)
core   0: 3 0x8000df38 (0x0c3f2623) mem 0x80010000 0x00000001
core   0: 0x8000df3c (0xff9ff06f) j       pc - 0x8
core   0: 3 0x8000df3c (0xff9ff06f)
core   0: 0x8000df34 (0x00002f17) auipc   t5, 0x2
core   0: 3 0x8000df34 (0x00002f17) x30 0x8000ff34
core   0: 0x8000df38 (0x0c3f2623) sw      gp, 204(t5)
core   0: 3 0x8000df38 (0x0c3f2623) mem 0x80010000 0x00000001
core   0: 0x8000df3c (0xff9ff06f) j       pc - 0x8
core   0: 3 0x8000df3c (0xff9ff06f)
core   0: 0x8000df34 (0x00002f17) auipc   t5, 0x2
core   0: 3 0x8000df34 (0x00002f17) x30 0x8000ff34
core   0: 0x8000df38 (0x0c3f2623) sw      gp, 204(t5)
core   0: 3 0x8000df38 (0x0c3f2623) mem 0x80010000 0x00000001
core   0: 0x8000df3c (0xff9ff06f) j       pc - 0x8
core   0: 3 0x8000df3c (0xff9ff06f)
core   0: 0x8000df34 (0x00002f17) auipc   t5, 0x2
core   0: 3 0x8000df34 (0x00002f17) x30 0x8000ff34
core   0: 0x8000df38 (0x0c3f2623) sw      gp, 204(t5)
core   0: 3 0x8000df38 (0x0c3f2623) mem 0x80010000 0x00000001
core   0: 0x8000df3c (0xff9ff06f) j       pc - 0x8
core   0: 3 0x8000df3c (0xff9ff06f)
core   0: 0x8000df34 (0x00002f17) auipc   t5, 0x2
core   0: 3 0x8000df34 (0x00002f17) x30 0x8000ff34
core   0: 0x8000df38 (0x0c3f2623) sw      gp, 204(t5)
core   0: 3 0x8000df38 (0x0c3f2623) mem 0x80010000 0x00000001
core   0: 0x8000df3c (0xff9ff06f) j       pc - 0x8
core   0: 3 0x8000df3c (0xff9ff06f)
core   0: 0x8000df34 (0x00002f17) auipc   t5, 0x2
core   0: 3 0x8000df34 (0x00002f17) x30 0x8000ff34
core   0: 0x8000df38 (0x0c3f2623) sw      gp, 204(t5)
core   0: 3 0x8000df38 (0x0c3f2623) mem 0x80010000 0x00000001
core   0: 0x8000df3c (0xff9ff06f) j       pc - 0x8
core   0: 3 0x8000df3c (0xff9ff06f)
core   0: 0x8000df34 (0x00002f17) auipc   t5, 0x2
core   0: 3 0x8000df34 (0x00002f17) x30 0x8000ff34
core   0: 0x8000df38 (0x0c3f2623) sw      gp, 204(t5)
core   0: 3 0x8000df38 (0x0c3f2623) mem 0x80010000 0x00000001
core   0: 0x8000df3c (0xff9ff06f) j       pc - 0x8
core   0: 3 0x8000df3c (0xff9ff06f)
core   0: 0x8000df34 (0x00002f17) auipc   t5, 0x2
core   0: 3 0x8000df34 (0x00002f17) x30 0x8000ff34
core   0: 0x8000df38 (0x0c3f2623) sw      gp, 204(t5)
core   0: 3 0x8000df38 (0x0c3f2623) mem 0x80010000 0x00000001
core   0: 0x8000df3c (0xff9ff06f) j       pc - 0x8
core   0: 3 0x8000df3c (0xff9ff06f)
core   0: 0x8000df34 (0x00002f17) auipc   t5, 0x2
core   0: 3 0x8000df34 (0x00002f17) x30 0x8000ff34
core   0: 0x8000df38 (0x0c3f2623) sw      gp, 204(t5)
core   0: 3 0x8000df38 (0x0c3f2623) mem 0x80010000 0x00000001
core   0: 0x8000df3c (0xff9ff06f) j       pc - 0x8
core   0: 3 0x8000df3c (0xff9ff06f)
core   0: 0x8000df34 (0x00002f17) auipc   t5, 0x2
core   0: 3 0x8000df34 (0x00002f17) x30 0x8000ff34
core   0: 0x8000df38 (0x0c3f2623) sw      gp, 204(t5)
core   0: 3 0x8000df38 (0x0c3f2623) mem 0x80010000 0x00000001
core   0: 0x8000df3c (0xff9ff06f) j       pc - 0x8
core   0: 3 0x8000df3c (0xff9ff06f)
core   0: 0x8000df34 (0x00002f17) auipc   t5, 0x2
core   0: 3 0x8000df34 (0x00002f17) x30 0x8000ff34
core   0: 0x8000df38 (0x0c3f2623) sw      gp, 204(t5)
core   0: 3 0x8000df38 (0x0c3f2623) mem 0x80010000 0x00000001
core   0: 0x8000df3c (0xff9ff06f) j       pc - 0x8
core   0: 3 0x8000df3c (0xff9ff06f)
core   0: 0x8000df34 (0x00002f17) auipc   t5, 0x2
core   0: 3 0x8000df34 (0x00002f17) x30 0x8000ff34
core   0: 0x8000df38 (0x0c3f2623) sw      gp, 204(t5)
core   0: 3 0x8000df38 (0x0c3f2623) mem 0x80010000 0x00000001
core   0: 0x8000df3c (0xff9ff06f) j       pc - 0x8
core   0: 3 0x8000df3c (0xff9ff06f)
core   0: 0x8000df34 (0x00002f17) auipc   t5, 0x2
core   0: 3 0x8000df34 (0x00002f17) x30 0x8000ff34
core   0: 0x8000df38 (0x0c3f2623) sw      gp, 204(t5)
core   0: 3 0x8000df38 (0x0c3f2623) mem 0x80010000 0x00000001
core   0: 0x8000df3c (0xff9ff06f) j       pc - 0x8
core   0: 3 0x8000df3c (0xff9ff06f)
core   0: 0x8000df34 (0x00002f17) auipc   t5, 0x2
core   0: 3 0x8000df34 (0x00002f17) x30 0x8000ff34
core   0: 0x8000df38 (0x0c3f2623) sw      gp, 204(t5)
core   0: 3 0x8000df38 (0x0c3f2623) mem 0x80010000 0x00000001
core   0: 0x8000df3c (0xff9ff06f) j       pc - 0x8
core   0: 3 0x8000df3c (0xff9ff06f)
core   0: 0x8000df34 (0x00002f17) auipc   t5, 0x2
core   0: 3 0x8000df34 (0x00002f17) x30 0x8000ff34
core   0: 0x8000df38 (0x0c3f2623) sw      gp, 204(t5)
core   0: 3 0x8000df38 (0x0c3f2623) mem 0x80010000 0x00000001
core   0: 0x8000df3c (0xff9ff06f) j       pc - 0x8
core   0: 3 0x8000df3c (0xff9ff06f)
core   0: 0x8000df34 (0x00002f17) auipc   t5, 0x2
core   0: 3 0x8000df34 (0x00002f17) x30 0x8000ff34
core   0: 0x8000df38 (0x0c3f2623) sw      gp, 204(t5)
core   0: 3 0x8000df38 (0x0c3f2623) mem 0x80010000 0x00000001
core   0: 0x8000df3c (0xff9ff06f) j       pc - 0x8
core   0: 3 0x8000df3c (0xff9ff06f)
core   0: 0x8000df34 (0x00002f17) auipc   t5, 0x2
core   0: 3 0x8000df34 (0x00002f17) x30 0x8000ff34
core   0: 0x8000df38 (0x0c3f2623) sw      gp, 204(t5)
core   0: 3 0x8000df38 (0x0c3f2623) mem 0x80010000 0x00000001
core   0: 0x8000df3c (0xff9ff06f) j       pc - 0x8
core   0: 3 0x8000df3c (0xff9ff06f)
core   0: 0x8000df34 (0x00002f17) auipc   t5, 0x2
core   0: 3 0x8000df34 (0x00002f17) x30 0x8000ff34
core   0: 0x8000df38 (0x0c3f2623) sw      gp, 204(t5)
core   0: 3 0x8000df38 (0x0c3f2623) mem 0x80010000 0x00000001
core   0: 0x8000df3c (0xff9ff06f) j       pc - 0x8
core   0: 3 0x8000df3c (0xff9ff06f)
core   0: 0x8000df34 (0x00002f17) auipc   t5, 0x2
core   0: 3 0x8000df34 (0x00002f17) x30 0x8000ff34
core   0: 0x8000df38 (0x0c3f2623) sw      gp, 204(t5)
core   0: 3 0x8000df38 (0x0c3f2623) mem 0x80010000 0x00000001
core   0: 0x8000df3c (0xff9ff06f) j       pc - 0x8
core   0: 3 0x8000df3c (0xff9ff06f)
core   0: 0x8000df34 (0x00002f17) auipc   t5, 0x2
core   0: 3 0x8000df34 (0x00002f17) x30 0x8000ff34
core   0: 0x8000df38 (0x0c3f2623) sw      gp, 204(t5)
core   0: 3 0x8000df38 (0x0c3f2623) mem 0x80010000 0x00000001
core   0: 0x8000df3c (0xff9ff06f) j       pc - 0x8
core   0: 3 0x8000df3c (0xff9ff06f)
core   0: 0x8000df34 (0x00002f17) auipc   t5, 0x2
core   0: 3 0x8000df34 (0x00002f17) x30 0x8000ff34
core   0: 0x8000df38 (0x0c3f2623) sw      gp, 204(t5)
core   0: 3 0x8000df38 (0x0c3f2623) mem 0x80010000 0x00000001
core   0: 0x8000df3c (0xff9ff06f) j       pc - 0x8
core   0: 3 0x8000df3c (0xff9ff06f)
core   0: 0x8000df34 (0x00002f17) auipc   t5, 0x2
core   0: 3 0x8000df34 (0x00002f17) x30 0x8000ff34
core   0: 0x8000df38 (0x0c3f2623) sw      gp, 204(t5)
core   0: 3 0x8000df38 (0x0c3f2623) mem 0x80010000 0x00000001
core   0: 0x8000df3c (0xff9ff06f) j       pc - 0x8
core   0: 3 0x8000df3c (0xff9ff06f)
core   0: 0x8000df34 (0x00002f17) auipc   t5, 0x2
core   0: 3 0x8000df34 (0x00002f17) x30 0x8000ff34
core   0: 0x8000df38 (0x0c3f2623) sw      gp, 204(t5)
core   0: 3 0x8000df38 (0x0c3f2623) mem 0x80010000 0x00000001
core   0: 0x8000df3c (0xff9ff06f) j       pc - 0x8
core   0: 3 0x8000df3c (0xff9ff06f)
core   0: 0x8000df34 (0x00002f17) auipc   t5, 0x2
core   0: 3 0x8000df34 (0x00002f17) x30 0x8000ff34
core   0: 0x8000df38 (0x0c3f2623) sw      gp, 204(t5)
core   0: 3 0x8000df38 (0x0c3f2623) mem 0x80010000 0x00000001
core   0: 0x8000df3c (0xff9ff06f) j       pc - 0x8
core   0: 3 0x8000df3c (0xff9ff06f)
core   0: 0x8000df34 (0x00002f17) auipc   t5, 0x2
core   0: 3 0x8000df34 (0x00002f17) x30 0x8000ff34
core   0: 0x8000df38 (0x0c3f2623) sw      gp, 204(t5)
core   0: 3 0x8000df38 (0x0c3f2623) mem 0x80010000 0x00000001
core   0: 0x8000df3c (0xff9ff06f) j       pc - 0x8
core   0: 3 0x8000df3c (0xff9ff06f)
core   0: 0x8000df34 (0x00002f17) auipc   t5, 0x2
core   0: 3 0x8000df34 (0x00002f17) x30 0x8000ff34
core   0: 0x8000df38 (0x0c3f2623) sw      gp, 204(t5)
core   0: 3 0x8000df38 (0x0c3f2623) mem 0x80010000 0x00000001
core   0: 0x8000df3c (0xff9ff06f) j       pc - 0x8
core   0: 3 0x8000df3c (0xff9ff06f)
core   0: 0x8000df34 (0x00002f17) auipc   t5, 0x2
core   0: 3 0x8000df34 (0x00002f17) x30 0x8000ff34
core   0: 0x8000df38 (0x0c3f2623) sw      gp, 204(t5)
core   0: 3 0x8000df38 (0x0c3f2623) mem 0x80010000 0x00000001
core   0: 0x8000df3c (0xff9ff06f) j       pc - 0x8
core   0: 3 0x8000df3c (0xff9ff06f)
core   0: 0x8000df34 (0x00002f17) auipc   t5, 0x2
core   0: 3 0x8000df34 (0x00002f17) x30 0x8000ff34
core   0: 0x8000df38 (0x0c3f2623) sw      gp, 204(t5)
core   0: 3 0x8000df38 (0x0c3f2623) mem 0x80010000 0x00000001
core   0: 0x8000df3c (0xff9ff06f) j       pc - 0x8
core   0: 3 0x8000df3c (0xff9ff06f)
core   0: 0x8000df34 (0x00002f17) auipc   t5, 0x2
core   0: 3 0x8000df34 (0x00002f17) x30 0x8000ff34
core   0: 0x8000df38 (0x0c3f2623) sw      gp, 204(t5)
core   0: 3 0x8000df38 (0x0c3f2623) mem 0x80010000 0x00000001
core   0: 0x8000df3c (0xff9ff06f) j       pc - 0x8
core   0: 3 0x8000df3c (0xff9ff06f)
core   0: 0x8000df34 (0x00002f17) auipc   t5, 0x2
core   0: 3 0x8000df34 (0x00002f17) x30 0x8000ff34
core   0: 0x8000df38 (0x0c3f2623) sw      gp, 204(t5)
core   0: 3 0x8000df38 (0x0c3f2623) mem 0x80010000 0x00000001
core   0: 0x8000df3c (0xff9ff06f) j       pc - 0x8
core   0: 3 0x8000df3c (0xff9ff06f)
core   0: 0x8000df34 (0x00002f17) auipc   t5, 0x2
core   0: 3 0x8000df34 (0x00002f17) x30 0x8000ff34
core   0: 0x8000df38 (0x0c3f2623) sw      gp, 204(t5)
core   0: 3 0x8000df38 (0x0c3f2623) mem 0x80010000 0x00000001
core   0: 0x8000df3c (0xff9ff06f) j       pc - 0x8
core   0: 3 0x8000df3c (0xff9ff06f)
core   0: 0x8000df34 (0x00002f17) auipc   t5, 0x2
core   0: 3 0x8000df34 (0x00002f17) x30 0x8000ff34
core   0: 0x8000df38 (0x0c3f2623) sw      gp, 204(t5)
core   0: 3 0x8000df38 (0x0c3f2623) mem 0x80010000 0x00000001
core   0: 0x8000df3c (0xff9ff06f) j       pc - 0x8
core   0: 3 0x8000df3c (0xff9ff06f)
core   0: 0x8000df34 (0x00002f17) auipc   t5, 0x2
core   0: 3 0x8000df34 (0x00002f17) x30 0x8000ff34
core   0: 0x8000df38 (0x0c3f2623) sw      gp, 204(t5)
core   0: 3 0x8000df38 (0x0c3f2623) mem 0x80010000 0x00000001
core   0: 0x8000df3c (0xff9ff06f) j       pc - 0x8
core   0: 3 0x8000df3c (0xff9ff06f)
core   0: 0x8000df34 (0x00002f17) auipc   t5, 0x2
core   0: 3 0x8000df34 (0x00002f17) x30 0x8000ff34
core   0: 0x8000df38 (0x0c3f2623) sw      gp, 204(t5)
core   0: 3 0x8000df38 (0x0c3f2623) mem 0x80010000 0x00000001
core   0: 0x8000df3c (0xff9ff06f) j       pc - 0x8
core   0: 3 0x8000df3c (0xff9ff06f)
core   0: 0x8000df34 (0x00002f17) auipc   t5, 0x2
core   0: 3 0x8000df34 (0x00002f17) x30 0x8000ff34
core   0: 0x8000df38 (0x0c3f2623) sw      gp, 204(t5)
core   0: 3 0x8000df38 (0x0c3f2623) mem 0x80010000 0x00000001
core   0: 0x8000df3c (0xff9ff06f) j       pc - 0x8
core   0: 3 0x8000df3c (0xff9ff06f)
core   0: 0x8000df34 (0x00002f17) auipc   t5, 0x2
core   0: 3 0x8000df34 (0x00002f17) x30 0x8000ff34
core   0: 0x8000df38 (0x0c3f2623) sw      gp, 204(t5)
core   0: 3 0x8000df38 (0x0c3f2623) mem 0x80010000 0x00000001
core   0: 0x8000df3c (0xff9ff06f) j       pc - 0x8
core   0: 3 0x8000df3c (0xff9ff06f)
core   0: 0x8000df34 (0x00002f17) auipc   t5, 0x2
core   0: 3 0x8000df34 (0x00002f17) x30 0x8000ff34
core   0: 0x8000df38 (0x0c3f2623) sw      gp, 204(t5)
core   0: 3 0x8000df38 (0x0c3f2623) mem 0x80010000 0x00000001
core   0: 0x8000df3c (0xff9ff06f) j       pc - 0x8
core   0: 3 0x8000df3c (0xff9ff06f)
core   0: 0x8000df34 (0x00002f17) auipc   t5, 0x2
core   0: 3 0x8000df34 (0x00002f17) x30 0x8000ff34
core   0: 0x8000df38 (0x0c3f2623) sw      gp, 204(t5)
core   0: 3 0x8000df38 (0x0c3f2623) mem 0x80010000 0x00000001
core   0: 0x8000df3c (0xff9ff06f) j       pc - 0x8
core   0: 3 0x8000df3c (0xff9ff06f)
core   0: 0x8000df34 (0x00002f17) auipc   t5, 0x2
core   0: 3 0x8000df34 (0x00002f17) x30 0x8000ff34
core   0: 0x8000df38 (0x0c3f2623) sw      gp, 204(t5)
core   0: 3 0x8000df38 (0x0c3f2623) mem 0x80010000 0x00000001
core   0: 0x8000df3c (0xff9ff06f) j       pc - 0x8
core   0: 3 0x8000df3c (0xff9ff06f)
core   0: 0x8000df34 (0x00002f17) auipc   t5, 0x2
core   0: 3 0x8000df34 (0x00002f17) x30 0x8000ff34
core   0: 0x8000df38 (0x0c3f2623) sw      gp, 204(t5)
core   0: 3 0x8000df38 (0x0c3f2623) mem 0x80010000 0x00000001
core   0: 0x8000df3c (0xff9ff06f) j       pc - 0x8
core   0: 3 0x8000df3c (0xff9ff06f)
core   0: 0x8000df34 (0x00002f17) auipc   t5, 0x2
core   0: 3 0x8000df34 (0x00002f17) x30 0x8000ff34
core   0: 0x8000df38 (0x0c3f2623) sw      gp, 204(t5)
core   0: 3 0x8000df38 (0x0c3f2623) mem 0x80010000 0x00000001
core   0: 0x8000df3c (0xff9ff06f) j       pc - 0x8
core   0: 3 0x8000df3c (0xff9ff06f)
core   0: 0x8000df34 (0x00002f17) auipc   t5, 0x2
core   0: 3 0x8000df34 (0x00002f17) x30 0x8000ff34
core   0: 0x8000df38 (0x0c3f2623) sw      gp, 204(t5)
core   0: 3 0x8000df38 (0x0c3f2623) mem 0x80010000 0x00000001
core   0: 0x8000df3c (0xff9ff06f) j       pc - 0x8
core   0: 3 0x8000df3c (0xff9ff06f)
core   0: 0x8000df34 (0x00002f17) auipc   t5, 0x2
core   0: 3 0x8000df34 (0x00002f17) x30 0x8000ff34
core   0: 0x8000df38 (0x0c3f2623) sw      gp, 204(t5)
core   0: 3 0x8000df38 (0x0c3f2623) mem 0x80010000 0x00000001
core   0: 0x8000df3c (0xff9ff06f) j       pc - 0x8
core   0: 3 0x8000df3c (0xff9ff06f)
core   0: 0x8000df34 (0x00002f17) auipc   t5, 0x2
core   0: 3 0x8000df34 (0x00002f17) x30 0x8000ff34
core   0: 0x8000df38 (0x0c3f2623) sw      gp, 204(t5)
core   0: 3 0x8000df38 (0x0c3f2623) mem 0x80010000 0x00000001
core   0: 0x8000df3c (0xff9ff06f) j       pc - 0x8
core   0: 3 0x8000df3c (0xff9ff06f)
core   0: 0x8000df34 (0x00002f17) auipc   t5, 0x2
core   0: 3 0x8000df34 (0x00002f17) x30 0x8000ff34
core   0: 0x8000df38 (0x0c3f2623) sw      gp, 204(t5)
core   0: 3 0x8000df38 (0x0c3f2623) mem 0x80010000 0x00000001
core   0: 0x8000df3c (0xff9ff06f) j       pc - 0x8
core   0: 3 0x8000df3c (0xff9ff06f)
core   0: 0x8000df34 (0x00002f17) auipc   t5, 0x2
core   0: 3 0x8000df34 (0x00002f17) x30 0x8000ff34
core   0: 0x8000df38 (0x0c3f2623) sw      gp, 204(t5)
core   0: 3 0x8000df38 (0x0c3f2623) mem 0x80010000 0x00000001
core   0: 0x8000df3c (0xff9ff06f) j       pc - 0x8
core   0: 3 0x8000df3c (0xff9ff06f)
core   0: 0x8000df34 (0x00002f17) auipc   t5, 0x2
core   0: 3 0x8000df34 (0x00002f17) x30 0x8000ff34
core   0: 0x8000df38 (0x0c3f2623) sw      gp, 204(t5)
core   0: 3 0x8000df38 (0x0c3f2623) mem 0x80010000 0x00000001
core   0: 0x8000df3c (0xff9ff06f) j       pc - 0x8
core   0: 3 0x8000df3c (0xff9ff06f)
core   0: 0x8000df34 (0x00002f17) auipc   t5, 0x2
core   0: 3 0x8000df34 (0x00002f17) x30 0x8000ff34
core   0: 0x8000df38 (0x0c3f2623) sw      gp, 204(t5)
core   0: 3 0x8000df38 (0x0c3f2623) mem 0x80010000 0x00000001
core   0: 0x8000df3c (0xff9ff06f) j       pc - 0x8
core   0: 3 0x8000df3c (0xff9ff06f)
core   0: 0x8000df34 (0x00002f17) auipc   t5, 0x2
core   0: 3 0x8000df34 (0x00002f17) x30 0x8000ff34
core   0: 0x8000df38 (0x0c3f2623) sw      gp, 204(t5)
core   0: 3 0x8000df38 (0x0c3f2623) mem 0x80010000 0x00000001
core   0: 0x8000df3c (0xff9ff06f) j       pc - 0x8
core   0: 3 0x8000df3c (0xff9ff06f)
core   0: 0x8000df34 (0x00002f17) auipc   t5, 0x2
core   0: 3 0x8000df34 (0x00002f17) x30 0x8000ff34
core   0: 0x8000df38 (0x0c3f2623) sw      gp, 204(t5)
core   0: 3 0x8000df38 (0x0c3f2623) mem 0x80010000 0x00000001
core   0: 0x8000df3c (0xff9ff06f) j       pc - 0x8
core   0: 3 0x8000df3c (0xff9ff06f)
core   0: 0x8000df34 (0x00002f17) auipc   t5, 0x2
core   0: 3 0x8000df34 (0x00002f17) x30 0x8000ff34
core   0: 0x8000df38 (0x0c3f2623) sw      gp, 204(t5)
core   0: 3 0x8000df38 (0x0c3f2623) mem 0x80010000 0x00000001
core   0: 0x8000df3c (0xff9ff06f) j       pc - 0x8
core   0: 3 0x8000df3c (0xff9ff06f)
core   0: 0x8000df34 (0x00002f17) auipc   t5, 0x2
core   0: 3 0x8000df34 (0x00002f17) x30 0x8000ff34
core   0: 0x8000df38 (0x0c3f2623) sw      gp, 204(t5)
core   0: 3 0x8000df38 (0x0c3f2623) mem 0x80010000 0x00000001
core   0: 0x8000df3c (0xff9ff06f) j       pc - 0x8
core   0: 3 0x8000df3c (0xff9ff06f)
core   0: 0x8000df34 (0x00002f17) auipc   t5, 0x2
core   0: 3 0x8000df34 (0x00002f17) x30 0x8000ff34
core   0: 0x8000df38 (0x0c3f2623) sw      gp, 204(t5)
core   0: 3 0x8000df38 (0x0c3f2623) mem 0x80010000 0x00000001
core   0: 0x8000df3c (0xff9ff06f) j       pc - 0x8
core   0: 3 0x8000df3c (0xff9ff06f)
core   0: 0x8000df34 (0x00002f17) auipc   t5, 0x2
core   0: 3 0x8000df34 (0x00002f17) x30 0x8000ff34
core   0: 0x8000df38 (0x0c3f2623) sw      gp, 204(t5)
core   0: 3 0x8000df38 (0x0c3f2623) mem 0x80010000 0x00000001
core   0: 0x8000df3c (0xff9ff06f) j       pc - 0x8
core   0: 3 0x8000df3c (0xff9ff06f)
core   0: 0x8000df34 (0x00002f17) auipc   t5, 0x2
core   0: 3 0x8000df34 (0x00002f17) x30 0x8000ff34
core   0: 0x8000df38 (0x0c3f2623) sw      gp, 204(t5)
core   0: 3 0x8000df38 (0x0c3f2623) mem 0x80010000 0x00000001
core   0: 0x8000df3c (0xff9ff06f) j       pc - 0x8
core   0: 3 0x8000df3c (0xff9ff06f)
core   0: 0x8000df34 (0x00002f17) auipc   t5, 0x2
core   0: 3 0x8000df34 (0x00002f17) x30 0x8000ff34
core   0: 0x8000df38 (0x0c3f2623) sw      gp, 204(t5)
core   0: 3 0x8000df38 (0x0c3f2623) mem 0x80010000 0x00000001
core   0: 0x8000df3c (0xff9ff06f) j       pc - 0x8
core   0: 3 0x8000df3c (0xff9ff06f)
core   0: 0x8000df34 (0x00002f17) auipc   t5, 0x2
core   0: 3 0x8000df34 (0x00002f17) x30 0x8000ff34
core   0: 0x8000df38 (0x0c3f2623) sw      gp, 204(t5)
core   0: 3 0x8000df38 (0x0c3f2623) mem 0x80010000 0x00000001
core   0: 0x8000df3c (0xff9ff06f) j       pc - 0x8
core   0: 3 0x8000df3c (0xff9ff06f)
core   0: 0x8000df34 (0x00002f17) auipc   t5, 0x2
core   0: 3 0x8000df34 (0x00002f17) x30 0x8000ff34
core   0: 0x8000df38 (0x0c3f2623) sw      gp, 204(t5)
core   0: 3 0x8000df38 (0x0c3f2623) mem 0x80010000 0x00000001
core   0: 0x8000df3c (0xff9ff06f) j       pc - 0x8
core   0: 3 0x8000df3c (0xff9ff06f)
core   0: 0x8000df34 (0x00002f17) auipc   t5, 0x2
core   0: 3 0x8000df34 (0x00002f17) x30 0x8000ff34
core   0: 0x8000df38 (0x0c3f2623) sw      gp, 204(t5)
core   0: 3 0x8000df38 (0x0c3f2623) mem 0x80010000 0x00000001
core   0: 0x8000df3c (0xff9ff06f) j       pc - 0x8
core   0: 3 0x8000df3c (0xff9ff06f)
core   0: 0x8000df34 (0x00002f17) auipc   t5, 0x2
core   0: 3 0x8000df34 (0x00002f17) x30 0x8000ff34
core   0: 0x8000df38 (0x0c3f2623) sw      gp, 204(t5)
core   0: 3 0x8000df38 (0x0c3f2623) mem 0x80010000 0x00000001
core   0: 0x8000df3c (0xff9ff06f) j       pc - 0x8
core   0: 3 0x8000df3c (0xff9ff06f)
core   0: 0x8000df34 (0x00002f17) auipc   t5, 0x2
core   0: 3 0x8000df34 (0x00002f17) x30 0x8000ff34
core   0: 0x8000df38 (0x0c3f2623) sw      gp, 204(t5)
core   0: 3 0x8000df38 (0x0c3f2623) mem 0x80010000 0x00000001
core   0: 0x8000df3c (0xff9ff06f) j       pc - 0x8
core   0: 3 0x8000df3c (0xff9ff06f)
core   0: 0x8000df34 (0x00002f17) auipc   t5, 0x2
core   0: 3 0x8000df34 (0x00002f17) x30 0x8000ff34
core   0: 0x8000df38 (0x0c3f2623) sw      gp, 204(t5)
core   0: 3 0x8000df38 (0x0c3f2623) mem 0x80010000 0x00000001
core   0: 0x8000df3c (0xff9ff06f) j       pc - 0x8
core   0: 3 0x8000df3c (0xff9ff06f)
core   0: 0x8000df34 (0x00002f17) auipc   t5, 0x2
core   0: 3 0x8000df34 (0x00002f17) x30 0x8000ff34
core   0: 0x8000df38 (0x0c3f2623) sw      gp, 204(t5)
core   0: 3 0x8000df38 (0x0c3f2623) mem 0x80010000 0x00000001
core   0: 0x8000df3c (0xff9ff06f) j       pc - 0x8
core   0: 3 0x8000df3c (0xff9ff06f)
core   0: 0x8000df34 (0x00002f17) auipc   t5, 0x2
core   0: 3 0x8000df34 (0x00002f17) x30 0x8000ff34
core   0: 0x8000df38 (0x0c3f2623) sw      gp, 204(t5)
core   0: 3 0x8000df38 (0x0c3f2623) mem 0x80010000 0x00000001
core   0: 0x8000df3c (0xff9ff06f) j       pc - 0x8
core   0: 3 0x8000df3c (0xff9ff06f)
core   0: 0x8000df34 (0x00002f17) auipc   t5, 0x2
core   0: 3 0x8000df34 (0x00002f17) x30 0x8000ff34
core   0: 0x8000df38 (0x0c3f2623) sw      gp, 204(t5)
core   0: 3 0x8000df38 (0x0c3f2623) mem 0x80010000 0x00000001
core   0: 0x8000df3c (0xff9ff06f) j       pc - 0x8
core   0: 3 0x8000df3c (0xff9ff06f)
core   0: 0x8000df34 (0x00002f17) auipc   t5, 0x2
core   0: 3 0x8000df34 (0x00002f17) x30 0x8000ff34
core   0: 0x8000df38 (0x0c3f2623) sw      gp, 204(t5)
core   0: 3 0x8000df38 (0x0c3f2623) mem 0x80010000 0x00000001
core   0: 0x8000df3c (0xff9ff06f) j       pc - 0x8
core   0: 3 0x8000df3c (0xff9ff06f)
core   0: 0x8000df34 (0x00002f17) auipc   t5, 0x2
core   0: 3 0x8000df34 (0x00002f17) x30 0x8000ff34
core   0: 0x8000df38 (0x0c3f2623) sw      gp, 204(t5)
core   0: 3 0x8000df38 (0x0c3f2623) mem 0x80010000 0x00000001
core   0: 0x8000df3c (0xff9ff06f) j       pc - 0x8
core   0: 3 0x8000df3c (0xff9ff06f)
core   0: 0x8000df34 (0x00002f17) auipc   t5, 0x2
core   0: 3 0x8000df34 (0x00002f17) x30 0x8000ff34
core   0: 0x8000df38 (0x0c3f2623) sw      gp, 204(t5)
core   0: 3 0x8000df38 (0x0c3f2623) mem 0x80010000 0x00000001
core   0: 0x8000df3c (0xff9ff06f) j       pc - 0x8
core   0: 3 0x8000df3c (0xff9ff06f)
core   0: 0x8000df34 (0x00002f17) auipc   t5, 0x2
core   0: 3 0x8000df34 (0x00002f17) x30 0x8000ff34
core   0: 0x8000df38 (0x0c3f2623) sw      gp, 204(t5)
core   0: 3 0x8000df38 (0x0c3f2623) mem 0x80010000 0x00000001
core   0: 0x8000df3c (0xff9ff06f) j       pc - 0x8
core   0: 3 0x8000df3c (0xff9ff06f)
core   0: 0x8000df34 (0x00002f17) auipc   t5, 0x2
core   0: 3 0x8000df34 (0x00002f17) x30 0x8000ff34
core   0: 0x8000df38 (0x0c3f2623) sw      gp, 204(t5)
core   0: 3 0x8000df38 (0x0c3f2623) mem 0x80010000 0x00000001
core   0: 0x8000df3c (0xff9ff06f) j       pc - 0x8
core   0: 3 0x8000df3c (0xff9ff06f)
core   0: 0x8000df34 (0x00002f17) auipc   t5, 0x2
core   0: 3 0x8000df34 (0x00002f17) x30 0x8000ff34
core   0: 0x8000df38 (0x0c3f2623) sw      gp, 204(t5)
core   0: 3 0x8000df38 (0x0c3f2623) mem 0x80010000 0x00000001
core   0: 0x8000df3c (0xff9ff06f) j       pc - 0x8
core   0: 3 0x8000df3c (0xff9ff06f)
core   0: 0x8000df34 (0x00002f17) auipc   t5, 0x2
core   0: 3 0x8000df34 (0x00002f17) x30 0x8000ff34
core   0: 0x8000df38 (0x0c3f2623) sw      gp, 204(t5)
core   0: 3 0x8000df38 (0x0c3f2623) mem 0x80010000 0x00000001
core   0: 0x8000df3c (0xff9ff06f) j       pc - 0x8
core   0: 3 0x8000df3c (0xff9ff06f)
core   0: 0x8000df34 (0x00002f17) auipc   t5, 0x2
core   0: 3 0x8000df34 (0x00002f17) x30 0x8000ff34
core   0: 0x8000df38 (0x0c3f2623) sw      gp, 204(t5)
core   0: 3 0x8000df38 (0x0c3f2623) mem 0x80010000 0x00000001
core   0: 0x8000df3c (0xff9ff06f) j       pc - 0x8
core   0: 3 0x8000df3c (0xff9ff06f)
core   0: 0x8000df34 (0x00002f17) auipc   t5, 0x2
core   0: 3 0x8000df34 (0x00002f17) x30 0x8000ff34
core   0: 0x8000df38 (0x0c3f2623) sw      gp, 204(t5)
core   0: 3 0x8000df38 (0x0c3f2623) mem 0x80010000 0x00000001
core   0: 0x8000df3c (0xff9ff06f) j       pc - 0x8
core   0: 3 0x8000df3c (0xff9ff06f)
core   0: 0x8000df34 (0x00002f17) auipc   t5, 0x2
core   0: 3 0x8000df34 (0x00002f17) x30 0x8000ff34
core   0: 0x8000df38 (0x0c3f2623) sw      gp, 204(t5)
core   0: 3 0x8000df38 (0x0c3f2623) mem 0x80010000 0x00000001
core   0: 0x8000df3c (0xff9ff06f) j       pc - 0x8
core   0: 3 0x8000df3c (0xff9ff06f)
core   0: 0x8000df34 (0x00002f17) auipc   t5, 0x2
core   0: 3 0x8000df34 (0x00002f17) x30 0x8000ff34
core   0: 0x8000df38 (0x0c3f2623) sw      gp, 204(t5)
core   0: 3 0x8000df38 (0x0c3f2623) mem 0x80010000 0x00000001
core   0: 0x8000df3c (0xff9ff06f) j       pc - 0x8
core   0: 3 0x8000df3c (0xff9ff06f)
core   0: 0x8000df34 (0x00002f17) auipc   t5, 0x2
core   0: 3 0x8000df34 (0x00002f17) x30 0x8000ff34
core   0: 0x8000df38 (0x0c3f2623) sw      gp, 204(t5)
core   0: 3 0x8000df38 (0x0c3f2623) mem 0x80010000 0x00000001
core   0: 0x8000df3c (0xff9ff06f) j       pc - 0x8
core   0: 3 0x8000df3c (0xff9ff06f)
core   0: 0x8000df34 (0x00002f17) auipc   t5, 0x2
core   0: 3 0x8000df34 (0x00002f17) x30 0x8000ff34
core   0: 0x8000df38 (0x0c3f2623) sw      gp, 204(t5)
core   0: 3 0x8000df38 (0x0c3f2623) mem 0x80010000 0x00000001
core   0: 0x8000df3c (0xff9ff06f) j       pc - 0x8
core   0: 3 0x8000df3c (0xff9ff06f)
core   0: 0x8000df34 (0x00002f17) auipc   t5, 0x2
core   0: 3 0x8000df34 (0x00002f17) x30 0x8000ff34
core   0: 0x8000df38 (0x0c3f2623) sw      gp, 204(t5)
core   0: 3 0x8000df38 (0x0c3f2623) mem 0x80010000 0x00000001
core   0: 0x8000df3c (0xff9ff06f) j       pc - 0x8
core   0: 3 0x8000df3c (0xff9ff06f)
core   0: 0x8000df34 (0x00002f17) auipc   t5, 0x2
core   0: 3 0x8000df34 (0x00002f17) x30 0x8000ff34
core   0: 0x8000df38 (0x0c3f2623) sw      gp, 204(t5)
core   0: 3 0x8000df38 (0x0c3f2623) mem 0x80010000 0x00000001
core   0: 0x8000df3c (0xff9ff06f) j       pc - 0x8
core   0: 3 0x8000df3c (0xff9ff06f)
core   0: 0x8000df34 (0x00002f17) auipc   t5, 0x2
core   0: 3 0x8000df34 (0x00002f17) x30 0x8000ff34
core   0: 0x8000df38 (0x0c3f2623) sw      gp, 204(t5)
core   0: 3 0x8000df38 (0x0c3f2623) mem 0x80010000 0x00000001
core   0: 0x8000df3c (0xff9ff06f) j       pc - 0x8
core   0: 3 0x8000df3c (0xff9ff06f)
core   0: 0x8000df34 (0x00002f17) auipc   t5, 0x2
core   0: 3 0x8000df34 (0x00002f17) x30 0x8000ff34
core   0: 0x8000df38 (0x0c3f2623) sw      gp, 204(t5)
core   0: 3 0x8000df38 (0x0c3f2623) mem 0x80010000 0x00000001
core   0: 0x8000df3c (0xff9ff06f) j       pc - 0x8
core   0: 3 0x8000df3c (0xff9ff06f)
core   0: 0x8000df34 (0x00002f17) auipc   t5, 0x2
core   0: 3 0x8000df34 (0x00002f17) x30 0x8000ff34
core   0: 0x8000df38 (0x0c3f2623) sw      gp, 204(t5)
core   0: 3 0x8000df38 (0x0c3f2623) mem 0x80010000 0x00000001
core   0: 0x8000df3c (0xff9ff06f) j       pc - 0x8
core   0: 3 0x8000df3c (0xff9ff06f)
core   0: 0x8000df34 (0x00002f17) auipc   t5, 0x2
core   0: 3 0x8000df34 (0x00002f17) x30 0x8000ff34
core   0: 0x8000df38 (0x0c3f2623) sw      gp, 204(t5)
core   0: 3 0x8000df38 (0x0c3f2623) mem 0x80010000 0x00000001
core   0: 0x8000df3c (0xff9ff06f) j       pc - 0x8
core   0: 3 0x8000df3c (0xff9ff06f)
core   0: 0x8000df34 (0x00002f17) auipc   t5, 0x2
core   0: 3 0x8000df34 (0x00002f17) x30 0x8000ff34
core   0: 0x8000df38 (0x0c3f2623) sw      gp, 204(t5)
core   0: 3 0x8000df38 (0x0c3f2623) mem 0x80010000 0x00000001
core   0: 0x8000df3c (0xff9ff06f) j       pc - 0x8
core   0: 3 0x8000df3c (0xff9ff06f)
core   0: 0x8000df34 (0x00002f17) auipc   t5, 0x2
core   0: 3 0x8000df34 (0x00002f17) x30 0x8000ff34
core   0: 0x8000df38 (0x0c3f2623) sw      gp, 204(t5)
core   0: 3 0x8000df38 (0x0c3f2623) mem 0x80010000 0x00000001
core   0: 0x8000df3c (0xff9ff06f) j       pc - 0x8
core   0: 3 0x8000df3c (0xff9ff06f)
core   0: 0x8000df34 (0x00002f17) auipc   t5, 0x2
core   0: 3 0x8000df34 (0x00002f17) x30 0x8000ff34
core   0: 0x8000df38 (0x0c3f2623) sw      gp, 204(t5)
core   0: 3 0x8000df38 (0x0c3f2623) mem 0x80010000 0x00000001
core   0: 0x8000df3c (0xff9ff06f) j       pc - 0x8
core   0: 3 0x8000df3c (0xff9ff06f)
core   0: 0x8000df34 (0x00002f17) auipc   t5, 0x2
core   0: 3 0x8000df34 (0x00002f17) x30 0x8000ff34
core   0: 0x8000df38 (0x0c3f2623) sw      gp, 204(t5)
core   0: 3 0x8000df38 (0x0c3f2623) mem 0x80010000 0x00000001
core   0: 0x8000df3c (0xff9ff06f) j       pc - 0x8
core   0: 3 0x8000df3c (0xff9ff06f)
core   0: 0x8000df34 (0x00002f17) auipc   t5, 0x2
core   0: 3 0x8000df34 (0x00002f17) x30 0x8000ff34
core   0: 0x8000df38 (0x0c3f2623) sw      gp, 204(t5)
core   0: 3 0x8000df38 (0x0c3f2623) mem 0x80010000 0x00000001
core   0: 0x8000df3c (0xff9ff06f) j       pc - 0x8
core   0: 3 0x8000df3c (0xff9ff06f)
core   0: 0x8000df34 (0x00002f17) auipc   t5, 0x2
core   0: 3 0x8000df34 (0x00002f17) x30 0x8000ff34
core   0: 0x8000df38 (0x0c3f2623) sw      gp, 204(t5)
core   0: 3 0x8000df38 (0x0c3f2623) mem 0x80010000 0x00000001
core   0: 0x8000df3c (0xff9ff06f) j       pc - 0x8
core   0: 3 0x8000df3c (0xff9ff06f)
core   0: 0x8000df34 (0x00002f17) auipc   t5, 0x2
core   0: 3 0x8000df34 (0x00002f17) x30 0x8000ff34
core   0: 0x8000df38 (0x0c3f2623) sw      gp, 204(t5)
core   0: 3 0x8000df38 (0x0c3f2623) mem 0x80010000 0x00000001
core   0: 0x8000df3c (0xff9ff06f) j       pc - 0x8
core   0: 3 0x8000df3c (0xff9ff06f)
core   0: 0x8000df34 (0x00002f17) auipc   t5, 0x2
core   0: 3 0x8000df34 (0x00002f17) x30 0x8000ff34
core   0: 0x8000df38 (0x0c3f2623) sw      gp, 204(t5)
core   0: 3 0x8000df38 (0x0c3f2623) mem 0x80010000 0x00000001
core   0: 0x8000df3c (0xff9ff06f) j       pc - 0x8
core   0: 3 0x8000df3c (0xff9ff06f)
core   0: 0x8000df34 (0x00002f17) auipc   t5, 0x2
core   0: 3 0x8000df34 (0x00002f17) x30 0x8000ff34
core   0: 0x8000df38 (0x0c3f2623) sw      gp, 204(t5)
core   0: 3 0x8000df38 (0x0c3f2623) mem 0x80010000 0x00000001
core   0: 0x8000df3c (0xff9ff06f) j       pc - 0x8
core   0: 3 0x8000df3c (0xff9ff06f)
core   0: 0x8000df34 (0x00002f17) auipc   t5, 0x2
core   0: 3 0x8000df34 (0x00002f17) x30 0x8000ff34
core   0: 0x8000df38 (0x0c3f2623) sw      gp, 204(t5)
core   0: 3 0x8000df38 (0x0c3f2623) mem 0x80010000 0x00000001
core   0: 0x8000df3c (0xff9ff06f) j       pc - 0x8
core   0: 3 0x8000df3c (0xff9ff06f)
core   0: 0x8000df34 (0x00002f17) auipc   t5, 0x2
core   0: 3 0x8000df34 (0x00002f17) x30 0x8000ff34
core   0: 0x8000df38 (0x0c3f2623) sw      gp, 204(t5)
core   0: 3 0x8000df38 (0x0c3f2623) mem 0x80010000 0x00000001
core   0: 0x8000df3c (0xff9ff06f) j       pc - 0x8
core   0: 3 0x8000df3c (0xff9ff06f)
core   0: 0x8000df34 (0x00002f17) auipc   t5, 0x2
core   0: 3 0x8000df34 (0x00002f17) x30 0x8000ff34
core   0: 0x8000df38 (0x0c3f2623) sw      gp, 204(t5)
core   0: 3 0x8000df38 (0x0c3f2623) mem 0x80010000 0x00000001
core   0: 0x8000df3c (0xff9ff06f) j       pc - 0x8
core   0: 3 0x8000df3c (0xff9ff06f)
core   0: 0x8000df34 (0x00002f17) auipc   t5, 0x2
core   0: 3 0x8000df34 (0x00002f17) x30 0x8000ff34
core   0: 0x8000df38 (0x0c3f2623) sw      gp, 204(t5)
core   0: 3 0x8000df38 (0x0c3f2623) mem 0x80010000 0x00000001
core   0: 0x8000df3c (0xff9ff06f) j       pc - 0x8
core   0: 3 0x8000df3c (0xff9ff06f)
core   0: 0x8000df34 (0x00002f17) auipc   t5, 0x2
core   0: 3 0x8000df34 (0x00002f17) x30 0x8000ff34
core   0: 0x8000df38 (0x0c3f2623) sw      gp, 204(t5)
core   0: 3 0x8000df38 (0x0c3f2623) mem 0x80010000 0x00000001
core   0: 0x8000df3c (0xff9ff06f) j       pc - 0x8
core   0: 3 0x8000df3c (0xff9ff06f)
core   0: 0x8000df34 (0x00002f17) auipc   t5, 0x2
core   0: 3 0x8000df34 (0x00002f17) x30 0x8000ff34
core   0: 0x8000df38 (0x0c3f2623) sw      gp, 204(t5)
core   0: 3 0x8000df38 (0x0c3f2623) mem 0x80010000 0x00000001
core   0: 0x8000df3c (0xff9ff06f) j       pc - 0x8
core   0: 3 0x8000df3c (0xff9ff06f)
core   0: 0x8000df34 (0x00002f17) auipc   t5, 0x2
core   0: 3 0x8000df34 (0x00002f17) x30 0x8000ff34
core   0: 0x8000df38 (0x0c3f2623) sw      gp, 204(t5)
core   0: 3 0x8000df38 (0x0c3f2623) mem 0x80010000 0x00000001
core   0: 0x8000df3c (0xff9ff06f) j       pc - 0x8
core   0: 3 0x8000df3c (0xff9ff06f)
core   0: 0x8000df34 (0x00002f17) auipc   t5, 0x2
core   0: 3 0x8000df34 (0x00002f17) x30 0x8000ff34
core   0: 0x8000df38 (0x0c3f2623) sw      gp, 204(t5)
core   0: 3 0x8000df38 (0x0c3f2623) mem 0x80010000 0x00000001
core   0: 0x8000df3c (0xff9ff06f) j       pc - 0x8
core   0: 3 0x8000df3c (0xff9ff06f)
core   0: 0x8000df34 (0x00002f17) auipc   t5, 0x2
core   0: 3 0x8000df34 (0x00002f17) x30 0x8000ff34
core   0: 0x8000df38 (0x0c3f2623) sw      gp, 204(t5)
core   0: 3 0x8000df38 (0x0c3f2623) mem 0x80010000 0x00000001
core   0: 0x8000df3c (0xff9ff06f) j       pc - 0x8
core   0: 3 0x8000df3c (0xff9ff06f)
core   0: 0x8000df34 (0x00002f17) auipc   t5, 0x2
core   0: 3 0x8000df34 (0x00002f17) x30 0x8000ff34
core   0: 0x8000df38 (0x0c3f2623) sw      gp, 204(t5)
core   0: 3 0x8000df38 (0x0c3f2623) mem 0x80010000 0x00000001
core   0: 0x8000df3c (0xff9ff06f) j       pc - 0x8
core   0: 3 0x8000df3c (0xff9ff06f)
core   0: 0x8000df34 (0x00002f17) auipc   t5, 0x2
core   0: 3 0x8000df34 (0x00002f17) x30 0x8000ff34
core   0: 0x8000df38 (0x0c3f2623) sw      gp, 204(t5)
core   0: 3 0x8000df38 (0x0c3f2623) mem 0x80010000 0x00000001
core   0: 0x8000df3c (0xff9ff06f) j       pc - 0x8
core   0: 3 0x8000df3c (0xff9ff06f)
core   0: 0x8000df34 (0x00002f17) auipc   t5, 0x2
core   0: 3 0x8000df34 (0x00002f17) x30 0x8000ff34
core   0: 0x8000df38 (0x0c3f2623) sw      gp, 204(t5)
core   0: 3 0x8000df38 (0x0c3f2623) mem 0x80010000 0x00000001
core   0: 0x8000df3c (0xff9ff06f) j       pc - 0x8
core   0: 3 0x8000df3c (0xff9ff06f)
core   0: 0x8000df34 (0x00002f17) auipc   t5, 0x2
core   0: 3 0x8000df34 (0x00002f17) x30 0x8000ff34
core   0: 0x8000df38 (0x0c3f2623) sw      gp, 204(t5)
core   0: 3 0x8000df38 (0x0c3f2623) mem 0x80010000 0x00000001
core   0: 0x8000df3c (0xff9ff06f) j       pc - 0x8
core   0: 3 0x8000df3c (0xff9ff06f)
core   0: 0x8000df34 (0x00002f17) auipc   t5, 0x2
core   0: 3 0x8000df34 (0x00002f17) x30 0x8000ff34
core   0: 0x8000df38 (0x0c3f2623) sw      gp, 204(t5)
core   0: 3 0x8000df38 (0x0c3f2623) mem 0x80010000 0x00000001
core   0: 0x8000df3c (0xff9ff06f) j       pc - 0x8
core   0: 3 0x8000df3c (0xff9ff06f)
core   0: 0x8000df34 (0x00002f17) auipc   t5, 0x2
core   0: 3 0x8000df34 (0x00002f17) x30 0x8000ff34
core   0: 0x8000df38 (0x0c3f2623) sw      gp, 204(t5)
core   0: 3 0x8000df38 (0x0c3f2623) mem 0x80010000 0x00000001
core   0: 0x8000df3c (0xff9ff06f) j       pc - 0x8
core   0: 3 0x8000df3c (0xff9ff06f)
core   0: 0x8000df34 (0x00002f17) auipc   t5, 0x2
core   0: 3 0x8000df34 (0x00002f17) x30 0x8000ff34
core   0: 0x8000df38 (0x0c3f2623) sw      gp, 204(t5)
core   0: 3 0x8000df38 (0x0c3f2623) mem 0x80010000 0x00000001
core   0: 0x8000df3c (0xff9ff06f) j       pc - 0x8
core   0: 3 0x8000df3c (0xff9ff06f)
core   0: 0x8000df34 (0x00002f17) auipc   t5, 0x2
core   0: 3 0x8000df34 (0x00002f17) x30 0x8000ff34
core   0: 0x8000df38 (0x0c3f2623) sw      gp, 204(t5)
core   0: 3 0x8000df38 (0x0c3f2623) mem 0x80010000 0x00000001
core   0: 0x8000df3c (0xff9ff06f) j       pc - 0x8
core   0: 3 0x8000df3c (0xff9ff06f)
core   0: 0x8000df34 (0x00002f17) auipc   t5, 0x2
core   0: 3 0x8000df34 (0x00002f17) x30 0x8000ff34
core   0: 0x8000df38 (0x0c3f2623) sw      gp, 204(t5)
core   0: 3 0x8000df38 (0x0c3f2623) mem 0x80010000 0x00000001
core   0: 0x8000df3c (0xff9ff06f) j       pc - 0x8
core   0: 3 0x8000df3c (0xff9ff06f)
core   0: 0x8000df34 (0x00002f17) auipc   t5, 0x2
core   0: 3 0x8000df34 (0x00002f17) x30 0x8000ff34
core   0: 0x8000df38 (0x0c3f2623) sw      gp, 204(t5)
core   0: 3 0x8000df38 (0x0c3f2623) mem 0x80010000 0x00000001
core   0: 0x8000df3c (0xff9ff06f) j       pc - 0x8
core   0: 3 0x8000df3c (0xff9ff06f)
core   0: 0x8000df34 (0x00002f17) auipc   t5, 0x2
core   0: 3 0x8000df34 (0x00002f17) x30 0x8000ff34
core   0: 0x8000df38 (0x0c3f2623) sw      gp, 204(t5)
core   0: 3 0x8000df38 (0x0c3f2623) mem 0x80010000 0x00000001
core   0: 0x8000df3c (0xff9ff06f) j       pc - 0x8
core   0: 3 0x8000df3c (0xff9ff06f)
core   0: 0x8000df34 (0x00002f17) auipc   t5, 0x2
core   0: 3 0x8000df34 (0x00002f17) x30 0x8000ff34
core   0: 0x8000df38 (0x0c3f2623) sw      gp, 204(t5)
core   0: 3 0x8000df38 (0x0c3f2623) mem 0x80010000 0x00000001
core   0: 0x8000df3c (0xff9ff06f) j       pc - 0x8
core   0: 3 0x8000df3c (0xff9ff06f)
core   0: 0x8000df34 (0x00002f17) auipc   t5, 0x2
core   0: 3 0x8000df34 (0x00002f17) x30 0x8000ff34
core   0: 0x8000df38 (0x0c3f2623) sw      gp, 204(t5)
core   0: 3 0x8000df38 (0x0c3f2623) mem 0x80010000 0x00000001
core   0: 0x8000df3c (0xff9ff06f) j       pc - 0x8
core   0: 3 0x8000df3c (0xff9ff06f)
core   0: 0x8000df34 (0x00002f17) auipc   t5, 0x2
core   0: 3 0x8000df34 (0x00002f17) x30 0x8000ff34
core   0: 0x8000df38 (0x0c3f2623) sw      gp, 204(t5)
core   0: 3 0x8000df38 (0x0c3f2623) mem 0x80010000 0x00000001
core   0: 0x8000df3c (0xff9ff06f) j       pc - 0x8
core   0: 3 0x8000df3c (0xff9ff06f)
core   0: 0x8000df34 (0x00002f17) auipc   t5, 0x2
core   0: 3 0x8000df34 (0x00002f17) x30 0x8000ff34
core   0: 0x8000df38 (0x0c3f2623) sw      gp, 204(t5)
core   0: 3 0x8000df38 (0x0c3f2623) mem 0x80010000 0x00000001
core   0: 0x8000df3c (0xff9ff06f) j       pc - 0x8
core   0: 3 0x8000df3c (0xff9ff06f)
core   0: 0x8000df34 (0x00002f17) auipc   t5, 0x2
core   0: 3 0x8000df34 (0x00002f17) x30 0x8000ff34
core   0: 0x8000df38 (0x0c3f2623) sw      gp, 204(t5)
core   0: 3 0x8000df38 (0x0c3f2623) mem 0x80010000 0x00000001
core   0: 0x8000df3c (0xff9ff06f) j       pc - 0x8
core   0: 3 0x8000df3c (0xff9ff06f)
core   0: 0x8000df34 (0x00002f17) auipc   t5, 0x2
core   0: 3 0x8000df34 (0x00002f17) x30 0x8000ff34
core   0: 0x8000df38 (0x0c3f2623) sw      gp, 204(t5)
core   0: 3 0x8000df38 (0x0c3f2623) mem 0x80010000 0x00000001
core   0: 0x8000df3c (0xff9ff06f) j       pc - 0x8
core   0: 3 0x8000df3c (0xff9ff06f)
core   0: 0x8000df34 (0x00002f17) auipc   t5, 0x2
core   0: 3 0x8000df34 (0x00002f17) x30 0x8000ff34
core   0: 0x8000df38 (0x0c3f2623) sw      gp, 204(t5)
core   0: 3 0x8000df38 (0x0c3f2623) mem 0x80010000 0x00000001
core   0: 0x8000df3c (0xff9ff06f) j       pc - 0x8
core   0: 3 0x8000df3c (0xff9ff06f)
core   0: 0x8000df34 (0x00002f17) auipc   t5, 0x2
core   0: 3 0x8000df34 (0x00002f17) x30 0x8000ff34
core   0: 0x8000df38 (0x0c3f2623) sw      gp, 204(t5)
core   0: 3 0x8000df38 (0x0c3f2623) mem 0x80010000 0x00000001
core   0: 0x8000df3c (0xff9ff06f) j       pc - 0x8
core   0: 3 0x8000df3c (0xff9ff06f)
core   0: 0x8000df34 (0x00002f17) auipc   t5, 0x2
core   0: 3 0x8000df34 (0x00002f17) x30 0x8000ff34
core   0: 0x8000df38 (0x0c3f2623) sw      gp, 204(t5)
core   0: 3 0x8000df38 (0x0c3f2623) mem 0x80010000 0x00000001
core   0: 0x8000df3c (0xff9ff06f) j       pc - 0x8
core   0: 3 0x8000df3c (0xff9ff06f)
core   0: 0x8000df34 (0x00002f17) auipc   t5, 0x2
core   0: 3 0x8000df34 (0x00002f17) x30 0x8000ff34
core   0: 0x8000df38 (0x0c3f2623) sw      gp, 204(t5)
core   0: 3 0x8000df38 (0x0c3f2623) mem 0x80010000 0x00000001
core   0: 0x8000df3c (0xff9ff06f) j       pc - 0x8
core   0: 3 0x8000df3c (0xff9ff06f)
core   0: 0x8000df34 (0x00002f17) auipc   t5, 0x2
core   0: 3 0x8000df34 (0x00002f17) x30 0x8000ff34
core   0: 0x8000df38 (0x0c3f2623) sw      gp, 204(t5)
core   0: 3 0x8000df38 (0x0c3f2623) mem 0x80010000 0x00000001
core   0: 0x8000df3c (0xff9ff06f) j       pc - 0x8
core   0: 3 0x8000df3c (0xff9ff06f)
core   0: 0x8000df34 (0x00002f17) auipc   t5, 0x2
core   0: 3 0x8000df34 (0x00002f17) x30 0x8000ff34
core   0: 0x8000df38 (0x0c3f2623) sw      gp, 204(t5)
core   0: 3 0x8000df38 (0x0c3f2623) mem 0x80010000 0x00000001
core   0: 0x8000df3c (0xff9ff06f) j       pc - 0x8
core   0: 3 0x8000df3c (0xff9ff06f)
core   0: 0x8000df34 (0x00002f17) auipc   t5, 0x2
core   0: 3 0x8000df34 (0x00002f17) x30 0x8000ff34
core   0: 0x8000df38 (0x0c3f2623) sw      gp, 204(t5)
core   0: 3 0x8000df38 (0x0c3f2623) mem 0x80010000 0x00000001
core   0: 0x8000df3c (0xff9ff06f) j       pc - 0x8
core   0: 3 0x8000df3c (0xff9ff06f)
core   0: 0x8000df34 (0x00002f17) auipc   t5, 0x2
core   0: 3 0x8000df34 (0x00002f17) x30 0x8000ff34
core   0: 0x8000df38 (0x0c3f2623) sw      gp, 204(t5)
core   0: 3 0x8000df38 (0x0c3f2623) mem 0x80010000 0x00000001
core   0: 0x8000df3c (0xff9ff06f) j       pc - 0x8
core   0: 3 0x8000df3c (0xff9ff06f)
core   0: 0x8000df34 (0x00002f17) auipc   t5, 0x2
core   0: 3 0x8000df34 (0x00002f17) x30 0x8000ff34
core   0: 0x8000df38 (0x0c3f2623) sw      gp, 204(t5)
core   0: 3 0x8000df38 (0x0c3f2623) mem 0x80010000 0x00000001
core   0: 0x8000df3c (0xff9ff06f) j       pc - 0x8
core   0: 3 0x8000df3c (0xff9ff06f)
core   0: 0x8000df34 (0x00002f17) auipc   t5, 0x2
core   0: 3 0x8000df34 (0x00002f17) x30 0x8000ff34
core   0: 0x8000df38 (0x0c3f2623) sw      gp, 204(t5)
core   0: 3 0x8000df38 (0x0c3f2623) mem 0x80010000 0x00000001
core   0: 0x8000df3c (0xff9ff06f) j       pc - 0x8
core   0: 3 0x8000df3c (0xff9ff06f)
core   0: 0x8000df34 (0x00002f17) auipc   t5, 0x2
core   0: 3 0x8000df34 (0x00002f17) x30 0x8000ff34
core   0: 0x8000df38 (0x0c3f2623) sw      gp, 204(t5)
core   0: 3 0x8000df38 (0x0c3f2623) mem 0x80010000 0x00000001
core   0: 0x8000df3c (0xff9ff06f) j       pc - 0x8
core   0: 3 0x8000df3c (0xff9ff06f)
core   0: 0x8000df34 (0x00002f17) auipc   t5, 0x2
core   0: 3 0x8000df34 (0x00002f17) x30 0x8000ff34
core   0: 0x8000df38 (0x0c3f2623) sw      gp, 204(t5)
core   0: 3 0x8000df38 (0x0c3f2623) mem 0x80010000 0x00000001
core   0: 0x8000df3c (0xff9ff06f) j       pc - 0x8
core   0: 3 0x8000df3c (0xff9ff06f)
core   0: 0x8000df34 (0x00002f17) auipc   t5, 0x2
core   0: 3 0x8000df34 (0x00002f17) x30 0x8000ff34
core   0: 0x8000df38 (0x0c3f2623) sw      gp, 204(t5)
core   0: 3 0x8000df38 (0x0c3f2623) mem 0x80010000 0x00000001
core   0: 0x8000df3c (0xff9ff06f) j       pc - 0x8
core   0: 3 0x8000df3c (0xff9ff06f)
core   0: 0x8000df34 (0x00002f17) auipc   t5, 0x2
core   0: 3 0x8000df34 (0x00002f17) x30 0x8000ff34
core   0: 0x8000df38 (0x0c3f2623) sw      gp, 204(t5)
core   0: 3 0x8000df38 (0x0c3f2623) mem 0x80010000 0x00000001
core   0: 0x8000df3c (0xff9ff06f) j       pc - 0x8
core   0: 3 0x8000df3c (0xff9ff06f)
core   0: 0x8000df34 (0x00002f17) auipc   t5, 0x2
core   0: 3 0x8000df34 (0x00002f17) x30 0x8000ff34
core   0: 0x8000df38 (0x0c3f2623) sw      gp, 204(t5)
core   0: 3 0x8000df38 (0x0c3f2623) mem 0x80010000 0x00000001
core   0: 0x8000df3c (0xff9ff06f) j       pc - 0x8
core   0: 3 0x8000df3c (0xff9ff06f)
core   0: 0x8000df34 (0x00002f17) auipc   t5, 0x2
core   0: 3 0x8000df34 (0x00002f17) x30 0x8000ff34
core   0: 0x8000df38 (0x0c3f2623) sw      gp, 204(t5)
core   0: 3 0x8000df38 (0x0c3f2623) mem 0x80010000 0x00000001
core   0: 0x8000df3c (0xff9ff06f) j       pc - 0x8
core   0: 3 0x8000df3c (0xff9ff06f)
core   0: 0x8000df34 (0x00002f17) auipc   t5, 0x2
core   0: 3 0x8000df34 (0x00002f17) x30 0x8000ff34
core   0: 0x8000df38 (0x0c3f2623) sw      gp, 204(t5)
core   0: 3 0x8000df38 (0x0c3f2623) mem 0x80010000 0x00000001
core   0: 0x8000df3c (0xff9ff06f) j       pc - 0x8
core   0: 3 0x8000df3c (0xff9ff06f)
core   0: 0x8000df34 (0x00002f17) auipc   t5, 0x2
core   0: 3 0x8000df34 (0x00002f17) x30 0x8000ff34
core   0: 0x8000df38 (0x0c3f2623) sw      gp, 204(t5)
core   0: 3 0x8000df38 (0x0c3f2623) mem 0x80010000 0x00000001
core   0: 0x8000df3c (0xff9ff06f) j       pc - 0x8
core   0: 3 0x8000df3c (0xff9ff06f)
core   0: 0x8000df34 (0x00002f17) auipc   t5, 0x2
core   0: 3 0x8000df34 (0x00002f17) x30 0x8000ff34
core   0: 0x8000df38 (0x0c3f2623) sw      gp, 204(t5)
core   0: 3 0x8000df38 (0x0c3f2623) mem 0x80010000 0x00000001
core   0: 0x8000df3c (0xff9ff06f) j       pc - 0x8
core   0: 3 0x8000df3c (0xff9ff06f)
core   0: 0x8000df34 (0x00002f17) auipc   t5, 0x2
core   0: 3 0x8000df34 (0x00002f17) x30 0x8000ff34
core   0: 0x8000df38 (0x0c3f2623) sw      gp, 204(t5)
core   0: 3 0x8000df38 (0x0c3f2623) mem 0x80010000 0x00000001
core   0: 0x8000df3c (0xff9ff06f) j       pc - 0x8
core   0: 3 0x8000df3c (0xff9ff06f)
core   0: 0x8000df34 (0x00002f17) auipc   t5, 0x2
core   0: 3 0x8000df34 (0x00002f17) x30 0x8000ff34
core   0: 0x8000df38 (0x0c3f2623) sw      gp, 204(t5)
core   0: 3 0x8000df38 (0x0c3f2623) mem 0x80010000 0x00000001
core   0: 0x8000df3c (0xff9ff06f) j       pc - 0x8
core   0: 3 0x8000df3c (0xff9ff06f)
core   0: 0x8000df34 (0x00002f17) auipc   t5, 0x2
core   0: 3 0x8000df34 (0x00002f17) x30 0x8000ff34
core   0: 0x8000df38 (0x0c3f2623) sw      gp, 204(t5)
core   0: 3 0x8000df38 (0x0c3f2623) mem 0x80010000 0x00000001
core   0: 0x8000df3c (0xff9ff06f) j       pc - 0x8
core   0: 3 0x8000df3c (0xff9ff06f)
core   0: 0x8000df34 (0x00002f17) auipc   t5, 0x2
core   0: 3 0x8000df34 (0x00002f17) x30 0x8000ff34
core   0: 0x8000df38 (0x0c3f2623) sw      gp, 204(t5)
core   0: 3 0x8000df38 (0x0c3f2623) mem 0x80010000 0x00000001
core   0: 0x8000df3c (0xff9ff06f) j       pc - 0x8
core   0: 3 0x8000df3c (0xff9ff06f)
core   0: 0x8000df34 (0x00002f17) auipc   t5, 0x2
core   0: 3 0x8000df34 (0x00002f17) x30 0x8000ff34
core   0: 0x8000df38 (0x0c3f2623) sw      gp, 204(t5)
core   0: 3 0x8000df38 (0x0c3f2623) mem 0x80010000 0x00000001
core   0: 0x8000df3c (0xff9ff06f) j       pc - 0x8
core   0: 3 0x8000df3c (0xff9ff06f)
core   0: 0x8000df34 (0x00002f17) auipc   t5, 0x2
core   0: 3 0x8000df34 (0x00002f17) x30 0x8000ff34
core   0: 0x8000df38 (0x0c3f2623) sw      gp, 204(t5)
core   0: 3 0x8000df38 (0x0c3f2623) mem 0x80010000 0x00000001
core   0: 0x8000df3c (0xff9ff06f) j       pc - 0x8
core   0: 3 0x8000df3c (0xff9ff06f)
core   0: 0x8000df34 (0x00002f17) auipc   t5, 0x2
core   0: 3 0x8000df34 (0x00002f17) x30 0x8000ff34
core   0: 0x8000df38 (0x0c3f2623) sw      gp, 204(t5)
core   0: 3 0x8000df38 (0x0c3f2623) mem 0x80010000 0x00000001
core   0: 0x8000df3c (0xff9ff06f) j       pc - 0x8
core   0: 3 0x8000df3c (0xff9ff06f)
core   0: 0x8000df34 (0x00002f17) auipc   t5, 0x2
core   0: 3 0x8000df34 (0x00002f17) x30 0x8000ff34
core   0: 0x8000df38 (0x0c3f2623) sw      gp, 204(t5)
core   0: 3 0x8000df38 (0x0c3f2623) mem 0x80010000 0x00000001
core   0: 0x8000df3c (0xff9ff06f) j       pc - 0x8
core   0: 3 0x8000df3c (0xff9ff06f)
core   0: 0x8000df34 (0x00002f17) auipc   t5, 0x2
core   0: 3 0x8000df34 (0x00002f17) x30 0x8000ff34
core   0: 0x8000df38 (0x0c3f2623) sw      gp, 204(t5)
core   0: 3 0x8000df38 (0x0c3f2623) mem 0x80010000 0x00000001
core   0: 0x8000df3c (0xff9ff06f) j       pc - 0x8
core   0: 3 0x8000df3c (0xff9ff06f)
core   0: 0x8000df34 (0x00002f17) auipc   t5, 0x2
core   0: 3 0x8000df34 (0x00002f17) x30 0x8000ff34
core   0: 0x8000df38 (0x0c3f2623) sw      gp, 204(t5)
core   0: 3 0x8000df38 (0x0c3f2623) mem 0x80010000 0x00000001
core   0: 0x8000df3c (0xff9ff06f) j       pc - 0x8
core   0: 3 0x8000df3c (0xff9ff06f)
core   0: 0x8000df34 (0x00002f17) auipc   t5, 0x2
core   0: 3 0x8000df34 (0x00002f17) x30 0x8000ff34
core   0: 0x8000df38 (0x0c3f2623) sw      gp, 204(t5)
core   0: 3 0x8000df38 (0x0c3f2623) mem 0x80010000 0x00000001
core   0: 0x8000df3c (0xff9ff06f) j       pc - 0x8
core   0: 3 0x8000df3c (0xff9ff06f)
core   0: 0x8000df34 (0x00002f17) auipc   t5, 0x2
core   0: 3 0x8000df34 (0x00002f17) x30 0x8000ff34
core   0: 0x8000df38 (0x0c3f2623) sw      gp, 204(t5)
core   0: 3 0x8000df38 (0x0c3f2623) mem 0x80010000 0x00000001
core   0: 0x8000df3c (0xff9ff06f) j       pc - 0x8
core   0: 3 0x8000df3c (0xff9ff06f)
core   0: 0x8000df34 (0x00002f17) auipc   t5, 0x2
core   0: 3 0x8000df34 (0x00002f17) x30 0x8000ff34
core   0: 0x8000df38 (0x0c3f2623) sw      gp, 204(t5)
core   0: 3 0x8000df38 (0x0c3f2623) mem 0x80010000 0x00000001
core   0: 0x8000df3c (0xff9ff06f) j       pc - 0x8
core   0: 3 0x8000df3c (0xff9ff06f)
core   0: 0x8000df34 (0x00002f17) auipc   t5, 0x2
core   0: 3 0x8000df34 (0x00002f17) x30 0x8000ff34
core   0: 0x8000df38 (0x0c3f2623) sw      gp, 204(t5)
core   0: 3 0x8000df38 (0x0c3f2623) mem 0x80010000 0x00000001
core   0: 0x8000df3c (0xff9ff06f) j       pc - 0x8
core   0: 3 0x8000df3c (0xff9ff06f)
core   0: 0x8000df34 (0x00002f17) auipc   t5, 0x2
core   0: 3 0x8000df34 (0x00002f17) x30 0x8000ff34
core   0: 0x8000df38 (0x0c3f2623) sw      gp, 204(t5)
core   0: 3 0x8000df38 (0x0c3f2623) mem 0x80010000 0x00000001
core   0: 0x8000df3c (0xff9ff06f) j       pc - 0x8
core   0: 3 0x8000df3c (0xff9ff06f)
core   0: 0x8000df34 (0x00002f17) auipc   t5, 0x2
core   0: 3 0x8000df34 (0x00002f17) x30 0x8000ff34
core   0: 0x8000df38 (0x0c3f2623) sw      gp, 204(t5)
core   0: 3 0x8000df38 (0x0c3f2623) mem 0x80010000 0x00000001
core   0: 0x8000df3c (0xff9ff06f) j       pc - 0x8
core   0: 3 0x8000df3c (0xff9ff06f)
core   0: 0x8000df34 (0x00002f17) auipc   t5, 0x2
core   0: 3 0x8000df34 (0x00002f17) x30 0x8000ff34
core   0: 0x8000df38 (0x0c3f2623) sw      gp, 204(t5)
core   0: 3 0x8000df38 (0x0c3f2623) mem 0x80010000 0x00000001
core   0: 0x8000df3c (0xff9ff06f) j       pc - 0x8
core   0: 3 0x8000df3c (0xff9ff06f)
core   0: 0x8000df34 (0x00002f17) auipc   t5, 0x2
core   0: 3 0x8000df34 (0x00002f17) x30 0x8000ff34
core   0: 0x8000df38 (0x0c3f2623) sw      gp, 204(t5)
core   0: 3 0x8000df38 (0x0c3f2623) mem 0x80010000 0x00000001
core   0: 0x8000df3c (0xff9ff06f) j       pc - 0x8
core   0: 3 0x8000df3c (0xff9ff06f)
core   0: 0x8000df34 (0x00002f17) auipc   t5, 0x2
core   0: 3 0x8000df34 (0x00002f17) x30 0x8000ff34
core   0: 0x8000df38 (0x0c3f2623) sw      gp, 204(t5)
core   0: 3 0x8000df38 (0x0c3f2623) mem 0x80010000 0x00000001
core   0: 0x8000df3c (0xff9ff06f) j       pc - 0x8
core   0: 3 0x8000df3c (0xff9ff06f)
core   0: 0x8000df34 (0x00002f17) auipc   t5, 0x2
core   0: 3 0x8000df34 (0x00002f17) x30 0x8000ff34
core   0: 0x8000df38 (0x0c3f2623) sw      gp, 204(t5)
core   0: 3 0x8000df38 (0x0c3f2623) mem 0x80010000 0x00000001
core   0: 0x8000df3c (0xff9ff06f) j       pc - 0x8
core   0: 3 0x8000df3c (0xff9ff06f)
core   0: 0x8000df34 (0x00002f17) auipc   t5, 0x2
core   0: 3 0x8000df34 (0x00002f17) x30 0x8000ff34
core   0: 0x8000df38 (0x0c3f2623) sw      gp, 204(t5)
core   0: 3 0x8000df38 (0x0c3f2623) mem 0x80010000 0x00000001
core   0: 0x8000df3c (0xff9ff06f) j       pc - 0x8
core   0: 3 0x8000df3c (0xff9ff06f)
core   0: 0x8000df34 (0x00002f17) auipc   t5, 0x2
core   0: 3 0x8000df34 (0x00002f17) x30 0x8000ff34
core   0: 0x8000df38 (0x0c3f2623) sw      gp, 204(t5)
core   0: 3 0x8000df38 (0x0c3f2623) mem 0x80010000 0x00000001
core   0: 0x8000df3c (0xff9ff06f) j       pc - 0x8
core   0: 3 0x8000df3c (0xff9ff06f)
core   0: 0x8000df34 (0x00002f17) auipc   t5, 0x2
core   0: 3 0x8000df34 (0x00002f17) x30 0x8000ff34
core   0: 0x8000df38 (0x0c3f2623) sw      gp, 204(t5)
core   0: 3 0x8000df38 (0x0c3f2623) mem 0x80010000 0x00000001
core   0: 0x8000df3c (0xff9ff06f) j       pc - 0x8
core   0: 3 0x8000df3c (0xff9ff06f)
core   0: 0x8000df34 (0x00002f17) auipc   t5, 0x2
core   0: 3 0x8000df34 (0x00002f17) x30 0x8000ff34
core   0: 0x8000df38 (0x0c3f2623) sw      gp, 204(t5)
core   0: 3 0x8000df38 (0x0c3f2623) mem 0x80010000 0x00000001
core   0: 0x8000df3c (0xff9ff06f) j       pc - 0x8
core   0: 3 0x8000df3c (0xff9ff06f)
core   0: 0x8000df34 (0x00002f17) auipc   t5, 0x2
core   0: 3 0x8000df34 (0x00002f17) x30 0x8000ff34
core   0: 0x8000df38 (0x0c3f2623) sw      gp, 204(t5)
core   0: 3 0x8000df38 (0x0c3f2623) mem 0x80010000 0x00000001
core   0: 0x8000df3c (0xff9ff06f) j       pc - 0x8
core   0: 3 0x8000df3c (0xff9ff06f)
core   0: 0x8000df34 (0x00002f17) auipc   t5, 0x2
core   0: 3 0x8000df34 (0x00002f17) x30 0x8000ff34
core   0: 0x8000df38 (0x0c3f2623) sw      gp, 204(t5)
core   0: 3 0x8000df38 (0x0c3f2623) mem 0x80010000 0x00000001
core   0: 0x8000df3c (0xff9ff06f) j       pc - 0x8
core   0: 3 0x8000df3c (0xff9ff06f)
core   0: 0x8000df34 (0x00002f17) auipc   t5, 0x2
core   0: 3 0x8000df34 (0x00002f17) x30 0x8000ff34
core   0: 0x8000df38 (0x0c3f2623) sw      gp, 204(t5)
core   0: 3 0x8000df38 (0x0c3f2623) mem 0x80010000 0x00000001
core   0: 0x8000df3c (0xff9ff06f) j       pc - 0x8
core   0: 3 0x8000df3c (0xff9ff06f)
core   0: 0x8000df34 (0x00002f17) auipc   t5, 0x2
core   0: 3 0x8000df34 (0x00002f17) x30 0x8000ff34
core   0: 0x8000df38 (0x0c3f2623) sw      gp, 204(t5)
core   0: 3 0x8000df38 (0x0c3f2623) mem 0x80010000 0x00000001
core   0: 0x8000df3c (0xff9ff06f) j       pc - 0x8
core   0: 3 0x8000df3c (0xff9ff06f)
core   0: 0x8000df34 (0x00002f17) auipc   t5, 0x2
core   0: 3 0x8000df34 (0x00002f17) x30 0x8000ff34
core   0: 0x8000df38 (0x0c3f2623) sw      gp, 204(t5)
core   0: 3 0x8000df38 (0x0c3f2623) mem 0x80010000 0x00000001
core   0: 0x8000df3c (0xff9ff06f) j       pc - 0x8
core   0: 3 0x8000df3c (0xff9ff06f)
core   0: 0x8000df34 (0x00002f17) auipc   t5, 0x2
core   0: 3 0x8000df34 (0x00002f17) x30 0x8000ff34
core   0: 0x8000df38 (0x0c3f2623) sw      gp, 204(t5)
core   0: 3 0x8000df38 (0x0c3f2623) mem 0x80010000 0x00000001
core   0: 0x8000df3c (0xff9ff06f) j       pc - 0x8
core   0: 3 0x8000df3c (0xff9ff06f)
core   0: 0x8000df34 (0x00002f17) auipc   t5, 0x2
core   0: 3 0x8000df34 (0x00002f17) x30 0x8000ff34
core   0: 0x8000df38 (0x0c3f2623) sw      gp, 204(t5)
core   0: 3 0x8000df38 (0x0c3f2623) mem 0x80010000 0x00000001
core   0: 0x8000df3c (0xff9ff06f) j       pc - 0x8
core   0: 3 0x8000df3c (0xff9ff06f)
core   0: 0x8000df34 (0x00002f17) auipc   t5, 0x2
core   0: 3 0x8000df34 (0x00002f17) x30 0x8000ff34
core   0: 0x8000df38 (0x0c3f2623) sw      gp, 204(t5)
core   0: 3 0x8000df38 (0x0c3f2623) mem 0x80010000 0x00000001
core   0: 0x8000df3c (0xff9ff06f) j       pc - 0x8
core   0: 3 0x8000df3c (0xff9ff06f)
core   0: 0x8000df34 (0x00002f17) auipc   t5, 0x2
core   0: 3 0x8000df34 (0x00002f17) x30 0x8000ff34
core   0: 0x8000df38 (0x0c3f2623) sw      gp, 204(t5)
core   0: 3 0x8000df38 (0x0c3f2623) mem 0x80010000 0x00000001
core   0: 0x8000df3c (0xff9ff06f) j       pc - 0x8
core   0: 3 0x8000df3c (0xff9ff06f)
core   0: 0x8000df34 (0x00002f17) auipc   t5, 0x2
core   0: 3 0x8000df34 (0x00002f17) x30 0x8000ff34
core   0: 0x8000df38 (0x0c3f2623) sw      gp, 204(t5)
core   0: 3 0x8000df38 (0x0c3f2623) mem 0x80010000 0x00000001
core   0: 0x8000df3c (0xff9ff06f) j       pc - 0x8
core   0: 3 0x8000df3c (0xff9ff06f)
core   0: 0x8000df34 (0x00002f17) auipc   t5, 0x2
core   0: 3 0x8000df34 (0x00002f17) x30 0x8000ff34
core   0: 0x8000df38 (0x0c3f2623) sw      gp, 204(t5)
core   0: 3 0x8000df38 (0x0c3f2623) mem 0x80010000 0x00000001
core   0: 0x8000df3c (0xff9ff06f) j       pc - 0x8
core   0: 3 0x8000df3c (0xff9ff06f)
core   0: 0x8000df34 (0x00002f17) auipc   t5, 0x2
core   0: 3 0x8000df34 (0x00002f17) x30 0x8000ff34
core   0: 0x8000df38 (0x0c3f2623) sw      gp, 204(t5)
core   0: 3 0x8000df38 (0x0c3f2623) mem 0x80010000 0x00000001
core   0: 0x8000df3c (0xff9ff06f) j       pc - 0x8
core   0: 3 0x8000df3c (0xff9ff06f)
core   0: 0x8000df34 (0x00002f17) auipc   t5, 0x2
core   0: 3 0x8000df34 (0x00002f17) x30 0x8000ff34
core   0: 0x8000df38 (0x0c3f2623) sw      gp, 204(t5)
core   0: 3 0x8000df38 (0x0c3f2623) mem 0x80010000 0x00000001
core   0: 0x8000df3c (0xff9ff06f) j       pc - 0x8
core   0: 3 0x8000df3c (0xff9ff06f)
core   0: 0x8000df34 (0x00002f17) auipc   t5, 0x2
core   0: 3 0x8000df34 (0x00002f17) x30 0x8000ff34
core   0: 0x8000df38 (0x0c3f2623) sw      gp, 204(t5)
core   0: 3 0x8000df38 (0x0c3f2623) mem 0x80010000 0x00000001
core   0: 0x8000df3c (0xff9ff06f) j       pc - 0x8
core   0: 3 0x8000df3c (0xff9ff06f)
core   0: 0x8000df34 (0x00002f17) auipc   t5, 0x2
core   0: 3 0x8000df34 (0x00002f17) x30 0x8000ff34
core   0: 0x8000df38 (0x0c3f2623) sw      gp, 204(t5)
core   0: 3 0x8000df38 (0x0c3f2623) mem 0x80010000 0x00000001
core   0: 0x8000df3c (0xff9ff06f) j       pc - 0x8
core   0: 3 0x8000df3c (0xff9ff06f)
core   0: 0x8000df34 (0x00002f17) auipc   t5, 0x2
core   0: 3 0x8000df34 (0x00002f17) x30 0x8000ff34
core   0: 0x8000df38 (0x0c3f2623) sw      gp, 204(t5)
core   0: 3 0x8000df38 (0x0c3f2623) mem 0x80010000 0x00000001
core   0: 0x8000df3c (0xff9ff06f) j       pc - 0x8
core   0: 3 0x8000df3c (0xff9ff06f)
core   0: 0x8000df34 (0x00002f17) auipc   t5, 0x2
core   0: 3 0x8000df34 (0x00002f17) x30 0x8000ff34
core   0: 0x8000df38 (0x0c3f2623) sw      gp, 204(t5)
core   0: 3 0x8000df38 (0x0c3f2623) mem 0x80010000 0x00000001
core   0: 0x8000df3c (0xff9ff06f) j       pc - 0x8
core   0: 3 0x8000df3c (0xff9ff06f)
core   0: 0x8000df34 (0x00002f17) auipc   t5, 0x2
core   0: 3 0x8000df34 (0x00002f17) x30 0x8000ff34
core   0: 0x8000df38 (0x0c3f2623) sw      gp, 204(t5)
core   0: 3 0x8000df38 (0x0c3f2623) mem 0x80010000 0x00000001
core   0: 0x8000df3c (0xff9ff06f) j       pc - 0x8
core   0: 3 0x8000df3c (0xff9ff06f)
core   0: 0x8000df34 (0x00002f17) auipc   t5, 0x2
core   0: 3 0x8000df34 (0x00002f17) x30 0x8000ff34
core   0: 0x8000df38 (0x0c3f2623) sw      gp, 204(t5)
core   0: 3 0x8000df38 (0x0c3f2623) mem 0x80010000 0x00000001
core   0: 0x8000df3c (0xff9ff06f) j       pc - 0x8
core   0: 3 0x8000df3c (0xff9ff06f)
core   0: 0x8000df34 (0x00002f17) auipc   t5, 0x2
core   0: 3 0x8000df34 (0x00002f17) x30 0x8000ff34
core   0: 0x8000df38 (0x0c3f2623) sw      gp, 204(t5)
core   0: 3 0x8000df38 (0x0c3f2623) mem 0x80010000 0x00000001
core   0: 0x8000df3c (0xff9ff06f) j       pc - 0x8
core   0: 3 0x8000df3c (0xff9ff06f)
core   0: 0x8000df34 (0x00002f17) auipc   t5, 0x2
core   0: 3 0x8000df34 (0x00002f17) x30 0x8000ff34
core   0: 0x8000df38 (0x0c3f2623) sw      gp, 204(t5)
core   0: 3 0x8000df38 (0x0c3f2623) mem 0x80010000 0x00000001
core   0: 0x8000df3c (0xff9ff06f) j       pc - 0x8
core   0: 3 0x8000df3c (0xff9ff06f)
core   0: 0x8000df34 (0x00002f17) auipc   t5, 0x2
core   0: 3 0x8000df34 (0x00002f17) x30 0x8000ff34
core   0: 0x8000df38 (0x0c3f2623) sw      gp, 204(t5)
core   0: 3 0x8000df38 (0x0c3f2623) mem 0x80010000 0x00000001
core   0: 0x8000df3c (0xff9ff06f) j       pc - 0x8
core   0: 3 0x8000df3c (0xff9ff06f)
core   0: 0x8000df34 (0x00002f17) auipc   t5, 0x2
core   0: 3 0x8000df34 (0x00002f17) x30 0x8000ff34
core   0: 0x8000df38 (0x0c3f2623) sw      gp, 204(t5)
core   0: 3 0x8000df38 (0x0c3f2623) mem 0x80010000 0x00000001
core   0: 0x8000df3c (0xff9ff06f) j       pc - 0x8
core   0: 3 0x8000df3c (0xff9ff06f)
core   0: 0x8000df34 (0x00002f17) auipc   t5, 0x2
core   0: 3 0x8000df34 (0x00002f17) x30 0x8000ff34
core   0: 0x8000df38 (0x0c3f2623) sw      gp, 204(t5)
core   0: 3 0x8000df38 (0x0c3f2623) mem 0x80010000 0x00000001
core   0: 0x8000df3c (0xff9ff06f) j       pc - 0x8
core   0: 3 0x8000df3c (0xff9ff06f)
core   0: 0x8000df34 (0x00002f17) auipc   t5, 0x2
core   0: 3 0x8000df34 (0x00002f17) x30 0x8000ff34
core   0: 0x8000df38 (0x0c3f2623) sw      gp, 204(t5)
core   0: 3 0x8000df38 (0x0c3f2623) mem 0x80010000 0x00000001
core   0: 0x8000df3c (0xff9ff06f) j       pc - 0x8
core   0: 3 0x8000df3c (0xff9ff06f)
core   0: 0x8000df34 (0x00002f17) auipc   t5, 0x2
core   0: 3 0x8000df34 (0x00002f17) x30 0x8000ff34
core   0: 0x8000df38 (0x0c3f2623) sw      gp, 204(t5)
core   0: 3 0x8000df38 (0x0c3f2623) mem 0x80010000 0x00000001
core   0: 0x8000df3c (0xff9ff06f) j       pc - 0x8
core   0: 3 0x8000df3c (0xff9ff06f)
core   0: 0x8000df34 (0x00002f17) auipc   t5, 0x2
core   0: 3 0x8000df34 (0x00002f17) x30 0x8000ff34
core   0: 0x8000df38 (0x0c3f2623) sw      gp, 204(t5)
core   0: 3 0x8000df38 (0x0c3f2623) mem 0x80010000 0x00000001
core   0: 0x8000df3c (0xff9ff06f) j       pc - 0x8
core   0: 3 0x8000df3c (0xff9ff06f)
core   0: 0x8000df34 (0x00002f17) auipc   t5, 0x2
core   0: 3 0x8000df34 (0x00002f17) x30 0x8000ff34
core   0: 0x8000df38 (0x0c3f2623) sw      gp, 204(t5)
core   0: 3 0x8000df38 (0x0c3f2623) mem 0x80010000 0x00000001
core   0: 0x8000df3c (0xff9ff06f) j       pc - 0x8
core   0: 3 0x8000df3c (0xff9ff06f)
core   0: 0x8000df34 (0x00002f17) auipc   t5, 0x2
core   0: 3 0x8000df34 (0x00002f17) x30 0x8000ff34
core   0: 0x8000df38 (0x0c3f2623) sw      gp, 204(t5)
core   0: 3 0x8000df38 (0x0c3f2623) mem 0x80010000 0x00000001
core   0: 0x8000df3c (0xff9ff06f) j       pc - 0x8
core   0: 3 0x8000df3c (0xff9ff06f)
core   0: 0x8000df34 (0x00002f17) auipc   t5, 0x2
core   0: 3 0x8000df34 (0x00002f17) x30 0x8000ff34
core   0: 0x8000df38 (0x0c3f2623) sw      gp, 204(t5)
core   0: 3 0x8000df38 (0x0c3f2623) mem 0x80010000 0x00000001
core   0: 0x8000df3c (0xff9ff06f) j       pc - 0x8
core   0: 3 0x8000df3c (0xff9ff06f)
core   0: 0x8000df34 (0x00002f17) auipc   t5, 0x2
core   0: 3 0x8000df34 (0x00002f17) x30 0x8000ff34
core   0: 0x8000df38 (0x0c3f2623) sw      gp, 204(t5)
core   0: 3 0x8000df38 (0x0c3f2623) mem 0x80010000 0x00000001
core   0: 0x8000df3c (0xff9ff06f) j       pc - 0x8
core   0: 3 0x8000df3c (0xff9ff06f)
core   0: 0x8000df34 (0x00002f17) auipc   t5, 0x2
core   0: 3 0x8000df34 (0x00002f17) x30 0x8000ff34
core   0: 0x8000df38 (0x0c3f2623) sw      gp, 204(t5)
core   0: 3 0x8000df38 (0x0c3f2623) mem 0x80010000 0x00000001
core   0: 0x8000df3c (0xff9ff06f) j       pc - 0x8
core   0: 3 0x8000df3c (0xff9ff06f)
core   0: 0x8000df34 (0x00002f17) auipc   t5, 0x2
core   0: 3 0x8000df34 (0x00002f17) x30 0x8000ff34
core   0: 0x8000df38 (0x0c3f2623) sw      gp, 204(t5)
core   0: 3 0x8000df38 (0x0c3f2623) mem 0x80010000 0x00000001
core   0: 0x8000df3c (0xff9ff06f) j       pc - 0x8
core   0: 3 0x8000df3c (0xff9ff06f)
core   0: 0x8000df34 (0x00002f17) auipc   t5, 0x2
core   0: 3 0x8000df34 (0x00002f17) x30 0x8000ff34
core   0: 0x8000df38 (0x0c3f2623) sw      gp, 204(t5)
core   0: 3 0x8000df38 (0x0c3f2623) mem 0x80010000 0x00000001
core   0: 0x8000df3c (0xff9ff06f) j       pc - 0x8
core   0: 3 0x8000df3c (0xff9ff06f)
core   0: 0x8000df34 (0x00002f17) auipc   t5, 0x2
core   0: 3 0x8000df34 (0x00002f17) x30 0x8000ff34
core   0: 0x8000df38 (0x0c3f2623) sw      gp, 204(t5)
core   0: 3 0x8000df38 (0x0c3f2623) mem 0x80010000 0x00000001
core   0: 0x8000df3c (0xff9ff06f) j       pc - 0x8
core   0: 3 0x8000df3c (0xff9ff06f)
core   0: 0x8000df34 (0x00002f17) auipc   t5, 0x2
core   0: 3 0x8000df34 (0x00002f17) x30 0x8000ff34
core   0: 0x8000df38 (0x0c3f2623) sw      gp, 204(t5)
core   0: 3 0x8000df38 (0x0c3f2623) mem 0x80010000 0x00000001
core   0: 0x8000df3c (0xff9ff06f) j       pc - 0x8
core   0: 3 0x8000df3c (0xff9ff06f)
core   0: 0x8000df34 (0x00002f17) auipc   t5, 0x2
core   0: 3 0x8000df34 (0x00002f17) x30 0x8000ff34
core   0: 0x8000df38 (0x0c3f2623) sw      gp, 204(t5)
core   0: 3 0x8000df38 (0x0c3f2623) mem 0x80010000 0x00000001
core   0: 0x8000df3c (0xff9ff06f) j       pc - 0x8
core   0: 3 0x8000df3c (0xff9ff06f)
core   0: 0x8000df34 (0x00002f17) auipc   t5, 0x2
core   0: 3 0x8000df34 (0x00002f17) x30 0x8000ff34
core   0: 0x8000df38 (0x0c3f2623) sw      gp, 204(t5)
core   0: 3 0x8000df38 (0x0c3f2623) mem 0x80010000 0x00000001
core   0: 0x8000df3c (0xff9ff06f) j       pc - 0x8
core   0: 3 0x8000df3c (0xff9ff06f)
core   0: 0x8000df34 (0x00002f17) auipc   t5, 0x2
core   0: 3 0x8000df34 (0x00002f17) x30 0x8000ff34
core   0: 0x8000df38 (0x0c3f2623) sw      gp, 204(t5)
core   0: 3 0x8000df38 (0x0c3f2623) mem 0x80010000 0x00000001
core   0: 0x8000df3c (0xff9ff06f) j       pc - 0x8
core   0: 3 0x8000df3c (0xff9ff06f)
core   0: 0x8000df34 (0x00002f17) auipc   t5, 0x2
core   0: 3 0x8000df34 (0x00002f17) x30 0x8000ff34
core   0: 0x8000df38 (0x0c3f2623) sw      gp, 204(t5)
core   0: 3 0x8000df38 (0x0c3f2623) mem 0x80010000 0x00000001
core   0: 0x8000df3c (0xff9ff06f) j       pc - 0x8
core   0: 3 0x8000df3c (0xff9ff06f)
core   0: 0x8000df34 (0x00002f17) auipc   t5, 0x2
core   0: 3 0x8000df34 (0x00002f17) x30 0x8000ff34
core   0: 0x8000df38 (0x0c3f2623) sw      gp, 204(t5)
core   0: 3 0x8000df38 (0x0c3f2623) mem 0x80010000 0x00000001
core   0: 0x8000df3c (0xff9ff06f) j       pc - 0x8
core   0: 3 0x8000df3c (0xff9ff06f)
core   0: 0x8000df34 (0x00002f17) auipc   t5, 0x2
core   0: 3 0x8000df34 (0x00002f17) x30 0x8000ff34
core   0: 0x8000df38 (0x0c3f2623) sw      gp, 204(t5)
core   0: 3 0x8000df38 (0x0c3f2623) mem 0x80010000 0x00000001
core   0: 0x8000df3c (0xff9ff06f) j       pc - 0x8
core   0: 3 0x8000df3c (0xff9ff06f)
core   0: 0x8000df34 (0x00002f17) auipc   t5, 0x2
core   0: 3 0x8000df34 (0x00002f17) x30 0x8000ff34
core   0: 0x8000df38 (0x0c3f2623) sw      gp, 204(t5)
core   0: 3 0x8000df38 (0x0c3f2623) mem 0x80010000 0x00000001
core   0: 0x8000df3c (0xff9ff06f) j       pc - 0x8
core   0: 3 0x8000df3c (0xff9ff06f)
core   0: 0x8000df34 (0x00002f17) auipc   t5, 0x2
core   0: 3 0x8000df34 (0x00002f17) x30 0x8000ff34
core   0: 0x8000df38 (0x0c3f2623) sw      gp, 204(t5)
core   0: 3 0x8000df38 (0x0c3f2623) mem 0x80010000 0x00000001
core   0: 0x8000df3c (0xff9ff06f) j       pc - 0x8
core   0: 3 0x8000df3c (0xff9ff06f)
core   0: 0x8000df34 (0x00002f17) auipc   t5, 0x2
core   0: 3 0x8000df34 (0x00002f17) x30 0x8000ff34
core   0: 0x8000df38 (0x0c3f2623) sw      gp, 204(t5)
core   0: 3 0x8000df38 (0x0c3f2623) mem 0x80010000 0x00000001
core   0: 0x8000df3c (0xff9ff06f) j       pc - 0x8
core   0: 3 0x8000df3c (0xff9ff06f)
core   0: 0x8000df34 (0x00002f17) auipc   t5, 0x2
core   0: 3 0x8000df34 (0x00002f17) x30 0x8000ff34
core   0: 0x8000df38 (0x0c3f2623) sw      gp, 204(t5)
core   0: 3 0x8000df38 (0x0c3f2623) mem 0x80010000 0x00000001
core   0: 0x8000df3c (0xff9ff06f) j       pc - 0x8
core   0: 3 0x8000df3c (0xff9ff06f)
core   0: 0x8000df34 (0x00002f17) auipc   t5, 0x2
core   0: 3 0x8000df34 (0x00002f17) x30 0x8000ff34
core   0: 0x8000df38 (0x0c3f2623) sw      gp, 204(t5)
core   0: 3 0x8000df38 (0x0c3f2623) mem 0x80010000 0x00000001
core   0: 0x8000df3c (0xff9ff06f) j       pc - 0x8
core   0: 3 0x8000df3c (0xff9ff06f)
core   0: 0x8000df34 (0x00002f17) auipc   t5, 0x2
core   0: 3 0x8000df34 (0x00002f17) x30 0x8000ff34
core   0: 0x8000df38 (0x0c3f2623) sw      gp, 204(t5)
core   0: 3 0x8000df38 (0x0c3f2623) mem 0x80010000 0x00000001
core   0: 0x8000df3c (0xff9ff06f) j       pc - 0x8
core   0: 3 0x8000df3c (0xff9ff06f)
core   0: 0x8000df34 (0x00002f17) auipc   t5, 0x2
core   0: 3 0x8000df34 (0x00002f17) x30 0x8000ff34
core   0: 0x8000df38 (0x0c3f2623) sw      gp, 204(t5)
core   0: 3 0x8000df38 (0x0c3f2623) mem 0x80010000 0x00000001
core   0: 0x8000df3c (0xff9ff06f) j       pc - 0x8
core   0: 3 0x8000df3c (0xff9ff06f)
core   0: 0x8000df34 (0x00002f17) auipc   t5, 0x2
core   0: 3 0x8000df34 (0x00002f17) x30 0x8000ff34
core   0: 0x8000df38 (0x0c3f2623) sw      gp, 204(t5)
core   0: 3 0x8000df38 (0x0c3f2623) mem 0x80010000 0x00000001
core   0: 0x8000df3c (0xff9ff06f) j       pc - 0x8
core   0: 3 0x8000df3c (0xff9ff06f)
core   0: 0x8000df34 (0x00002f17) auipc   t5, 0x2
core   0: 3 0x8000df34 (0x00002f17) x30 0x8000ff34
core   0: 0x8000df38 (0x0c3f2623) sw      gp, 204(t5)
core   0: 3 0x8000df38 (0x0c3f2623) mem 0x80010000 0x00000001
core   0: 0x8000df3c (0xff9ff06f) j       pc - 0x8
core   0: 3 0x8000df3c (0xff9ff06f)
core   0: 0x8000df34 (0x00002f17) auipc   t5, 0x2
core   0: 3 0x8000df34 (0x00002f17) x30 0x8000ff34
core   0: 0x8000df38 (0x0c3f2623) sw      gp, 204(t5)
core   0: 3 0x8000df38 (0x0c3f2623) mem 0x80010000 0x00000001
core   0: 0x8000df3c (0xff9ff06f) j       pc - 0x8
core   0: 3 0x8000df3c (0xff9ff06f)
core   0: 0x8000df34 (0x00002f17) auipc   t5, 0x2
core   0: 3 0x8000df34 (0x00002f17) x30 0x8000ff34
core   0: 0x8000df38 (0x0c3f2623) sw      gp, 204(t5)
core   0: 3 0x8000df38 (0x0c3f2623) mem 0x80010000 0x00000001
core   0: 0x8000df3c (0xff9ff06f) j       pc - 0x8
core   0: 3 0x8000df3c (0xff9ff06f)
core   0: 0x8000df34 (0x00002f17) auipc   t5, 0x2
core   0: 3 0x8000df34 (0x00002f17) x30 0x8000ff34
core   0: 0x8000df38 (0x0c3f2623) sw      gp, 204(t5)
core   0: 3 0x8000df38 (0x0c3f2623) mem 0x80010000 0x00000001
core   0: 0x8000df3c (0xff9ff06f) j       pc - 0x8
core   0: 3 0x8000df3c (0xff9ff06f)
core   0: 0x8000df34 (0x00002f17) auipc   t5, 0x2
core   0: 3 0x8000df34 (0x00002f17) x30 0x8000ff34
core   0: 0x8000df38 (0x0c3f2623) sw      gp, 204(t5)
core   0: 3 0x8000df38 (0x0c3f2623) mem 0x80010000 0x00000001
core   0: 0x8000df3c (0xff9ff06f) j       pc - 0x8
core   0: 3 0x8000df3c (0xff9ff06f)
core   0: 0x8000df34 (0x00002f17) auipc   t5, 0x2
core   0: 3 0x8000df34 (0x00002f17) x30 0x8000ff34
core   0: 0x8000df38 (0x0c3f2623) sw      gp, 204(t5)
core   0: 3 0x8000df38 (0x0c3f2623) mem 0x80010000 0x00000001
core   0: 0x8000df3c (0xff9ff06f) j       pc - 0x8
core   0: 3 0x8000df3c (0xff9ff06f)
core   0: 0x8000df34 (0x00002f17) auipc   t5, 0x2
core   0: 3 0x8000df34 (0x00002f17) x30 0x8000ff34
core   0: 0x8000df38 (0x0c3f2623) sw      gp, 204(t5)
core   0: 3 0x8000df38 (0x0c3f2623) mem 0x80010000 0x00000001
core   0: 0x8000df3c (0xff9ff06f) j       pc - 0x8
core   0: 3 0x8000df3c (0xff9ff06f)
core   0: 0x8000df34 (0x00002f17) auipc   t5, 0x2
core   0: 3 0x8000df34 (0x00002f17) x30 0x8000ff34
core   0: 0x8000df38 (0x0c3f2623) sw      gp, 204(t5)
core   0: 3 0x8000df38 (0x0c3f2623) mem 0x80010000 0x00000001
core   0: 0x8000df3c (0xff9ff06f) j       pc - 0x8
core   0: 3 0x8000df3c (0xff9ff06f)
core   0: 0x8000df34 (0x00002f17) auipc   t5, 0x2
core   0: 3 0x8000df34 (0x00002f17) x30 0x8000ff34
core   0: 0x8000df38 (0x0c3f2623) sw      gp, 204(t5)
core   0: 3 0x8000df38 (0x0c3f2623) mem 0x80010000 0x00000001
core   0: 0x8000df3c (0xff9ff06f) j       pc - 0x8
core   0: 3 0x8000df3c (0xff9ff06f)
core   0: 0x8000df34 (0x00002f17) auipc   t5, 0x2
core   0: 3 0x8000df34 (0x00002f17) x30 0x8000ff34
core   0: 0x8000df38 (0x0c3f2623) sw      gp, 204(t5)
core   0: 3 0x8000df38 (0x0c3f2623) mem 0x80010000 0x00000001
core   0: 0x8000df3c (0xff9ff06f) j       pc - 0x8
core   0: 3 0x8000df3c (0xff9ff06f)
core   0: 0x8000df34 (0x00002f17) auipc   t5, 0x2
core   0: 3 0x8000df34 (0x00002f17) x30 0x8000ff34
core   0: 0x8000df38 (0x0c3f2623) sw      gp, 204(t5)
core   0: 3 0x8000df38 (0x0c3f2623) mem 0x80010000 0x00000001
core   0: 0x8000df3c (0xff9ff06f) j       pc - 0x8
core   0: 3 0x8000df3c (0xff9ff06f)
core   0: 0x8000df34 (0x00002f17) auipc   t5, 0x2
core   0: 3 0x8000df34 (0x00002f17) x30 0x8000ff34
core   0: 0x8000df38 (0x0c3f2623) sw      gp, 204(t5)
core   0: 3 0x8000df38 (0x0c3f2623) mem 0x80010000 0x00000001
core   0: 0x8000df3c (0xff9ff06f) j       pc - 0x8
core   0: 3 0x8000df3c (0xff9ff06f)
core   0: 0x8000df34 (0x00002f17) auipc   t5, 0x2
core   0: 3 0x8000df34 (0x00002f17) x30 0x8000ff34
core   0: 0x8000df38 (0x0c3f2623) sw      gp, 204(t5)
core   0: 3 0x8000df38 (0x0c3f2623) mem 0x80010000 0x00000001
core   0: 0x8000df3c (0xff9ff06f) j       pc - 0x8
core   0: 3 0x8000df3c (0xff9ff06f)
core   0: 0x8000df34 (0x00002f17) auipc   t5, 0x2
core   0: 3 0x8000df34 (0x00002f17) x30 0x8000ff34
core   0: 0x8000df38 (0x0c3f2623) sw      gp, 204(t5)
core   0: 3 0x8000df38 (0x0c3f2623) mem 0x80010000 0x00000001
core   0: 0x8000df3c (0xff9ff06f) j       pc - 0x8
core   0: 3 0x8000df3c (0xff9ff06f)
core   0: 0x8000df34 (0x00002f17) auipc   t5, 0x2
core   0: 3 0x8000df34 (0x00002f17) x30 0x8000ff34
core   0: 0x8000df38 (0x0c3f2623) sw      gp, 204(t5)
core   0: 3 0x8000df38 (0x0c3f2623) mem 0x80010000 0x00000001
core   0: 0x8000df3c (0xff9ff06f) j       pc - 0x8
core   0: 3 0x8000df3c (0xff9ff06f)
core   0: 0x8000df34 (0x00002f17) auipc   t5, 0x2
core   0: 3 0x8000df34 (0x00002f17) x30 0x8000ff34
core   0: 0x8000df38 (0x0c3f2623) sw      gp, 204(t5)
core   0: 3 0x8000df38 (0x0c3f2623) mem 0x80010000 0x00000001
core   0: 0x8000df3c (0xff9ff06f) j       pc - 0x8
core   0: 3 0x8000df3c (0xff9ff06f)
core   0: 0x8000df34 (0x00002f17) auipc   t5, 0x2
core   0: 3 0x8000df34 (0x00002f17) x30 0x8000ff34
core   0: 0x8000df38 (0x0c3f2623) sw      gp, 204(t5)
core   0: 3 0x8000df38 (0x0c3f2623) mem 0x80010000 0x00000001
core   0: 0x8000df3c (0xff9ff06f) j       pc - 0x8
core   0: 3 0x8000df3c (0xff9ff06f)
core   0: 0x8000df34 (0x00002f17) auipc   t5, 0x2
core   0: 3 0x8000df34 (0x00002f17) x30 0x8000ff34
core   0: 0x8000df38 (0x0c3f2623) sw      gp, 204(t5)
core   0: 3 0x8000df38 (0x0c3f2623) mem 0x80010000 0x00000001
core   0: 0x8000df3c (0xff9ff06f) j       pc - 0x8
core   0: 3 0x8000df3c (0xff9ff06f)
core   0: 0x8000df34 (0x00002f17) auipc   t5, 0x2
core   0: 3 0x8000df34 (0x00002f17) x30 0x8000ff34
core   0: 0x8000df38 (0x0c3f2623) sw      gp, 204(t5)
core   0: 3 0x8000df38 (0x0c3f2623) mem 0x80010000 0x00000001
core   0: 0x8000df3c (0xff9ff06f) j       pc - 0x8
core   0: 3 0x8000df3c (0xff9ff06f)
core   0: 0x8000df34 (0x00002f17) auipc   t5, 0x2
core   0: 3 0x8000df34 (0x00002f17) x30 0x8000ff34
core   0: 0x8000df38 (0x0c3f2623) sw      gp, 204(t5)
core   0: 3 0x8000df38 (0x0c3f2623) mem 0x80010000 0x00000001
core   0: 0x8000df3c (0xff9ff06f) j       pc - 0x8
core   0: 3 0x8000df3c (0xff9ff06f)
core   0: 0x8000df34 (0x00002f17) auipc   t5, 0x2
core   0: 3 0x8000df34 (0x00002f17) x30 0x8000ff34
core   0: 0x8000df38 (0x0c3f2623) sw      gp, 204(t5)
core   0: 3 0x8000df38 (0x0c3f2623) mem 0x80010000 0x00000001
core   0: 0x8000df3c (0xff9ff06f) j       pc - 0x8
core   0: 3 0x8000df3c (0xff9ff06f)
core   0: 0x8000df34 (0x00002f17) auipc   t5, 0x2
core   0: 3 0x8000df34 (0x00002f17) x30 0x8000ff34
core   0: 0x8000df38 (0x0c3f2623) sw      gp, 204(t5)
core   0: 3 0x8000df38 (0x0c3f2623) mem 0x80010000 0x00000001
core   0: 0x8000df3c (0xff9ff06f) j       pc - 0x8
core   0: 3 0x8000df3c (0xff9ff06f)
core   0: 0x8000df34 (0x00002f17) auipc   t5, 0x2
core   0: 3 0x8000df34 (0x00002f17) x30 0x8000ff34
core   0: 0x8000df38 (0x0c3f2623) sw      gp, 204(t5)
core   0: 3 0x8000df38 (0x0c3f2623) mem 0x80010000 0x00000001
core   0: 0x8000df3c (0xff9ff06f) j       pc - 0x8
core   0: 3 0x8000df3c (0xff9ff06f)
core   0: 0x8000df34 (0x00002f17) auipc   t5, 0x2
core   0: 3 0x8000df34 (0x00002f17) x30 0x8000ff34
core   0: 0x8000df38 (0x0c3f2623) sw      gp, 204(t5)
core   0: 3 0x8000df38 (0x0c3f2623) mem 0x80010000 0x00000001
core   0: 0x8000df3c (0xff9ff06f) j       pc - 0x8
core   0: 3 0x8000df3c (0xff9ff06f)
core   0: 0x8000df34 (0x00002f17) auipc   t5, 0x2
core   0: 3 0x8000df34 (0x00002f17) x30 0x8000ff34
core   0: 0x8000df38 (0x0c3f2623) sw      gp, 204(t5)
core   0: 3 0x8000df38 (0x0c3f2623) mem 0x80010000 0x00000001
core   0: 0x8000df3c (0xff9ff06f) j       pc - 0x8
core   0: 3 0x8000df3c (0xff9ff06f)
core   0: 0x8000df34 (0x00002f17) auipc   t5, 0x2
core   0: 3 0x8000df34 (0x00002f17) x30 0x8000ff34
core   0: 0x8000df38 (0x0c3f2623) sw      gp, 204(t5)
core   0: 3 0x8000df38 (0x0c3f2623) mem 0x80010000 0x00000001
core   0: 0x8000df3c (0xff9ff06f) j       pc - 0x8
core   0: 3 0x8000df3c (0xff9ff06f)
core   0: 0x8000df34 (0x00002f17) auipc   t5, 0x2
core   0: 3 0x8000df34 (0x00002f17) x30 0x8000ff34
core   0: 0x8000df38 (0x0c3f2623) sw      gp, 204(t5)
core   0: 3 0x8000df38 (0x0c3f2623) mem 0x80010000 0x00000001
core   0: 0x8000df3c (0xff9ff06f) j       pc - 0x8
core   0: 3 0x8000df3c (0xff9ff06f)
core   0: 0x8000df34 (0x00002f17) auipc   t5, 0x2
core   0: 3 0x8000df34 (0x00002f17) x30 0x8000ff34
core   0: 0x8000df38 (0x0c3f2623) sw      gp, 204(t5)
core   0: 3 0x8000df38 (0x0c3f2623) mem 0x80010000 0x00000001
core   0: 0x8000df3c (0xff9ff06f) j       pc - 0x8
core   0: 3 0x8000df3c (0xff9ff06f)
core   0: 0x8000df34 (0x00002f17) auipc   t5, 0x2
core   0: 3 0x8000df34 (0x00002f17) x30 0x8000ff34
core   0: 0x8000df38 (0x0c3f2623) sw      gp, 204(t5)
core   0: 3 0x8000df38 (0x0c3f2623) mem 0x80010000 0x00000001
core   0: 0x8000df3c (0xff9ff06f) j       pc - 0x8
core   0: 3 0x8000df3c (0xff9ff06f)
core   0: 0x8000df34 (0x00002f17) auipc   t5, 0x2
core   0: 3 0x8000df34 (0x00002f17) x30 0x8000ff34
core   0: 0x8000df38 (0x0c3f2623) sw      gp, 204(t5)
core   0: 3 0x8000df38 (0x0c3f2623) mem 0x80010000 0x00000001
core   0: 0x8000df3c (0xff9ff06f) j       pc - 0x8
core   0: 3 0x8000df3c (0xff9ff06f)
core   0: 0x8000df34 (0x00002f17) auipc   t5, 0x2
core   0: 3 0x8000df34 (0x00002f17) x30 0x8000ff34
core   0: 0x8000df38 (0x0c3f2623) sw      gp, 204(t5)
core   0: 3 0x8000df38 (0x0c3f2623) mem 0x80010000 0x00000001
core   0: 0x8000df3c (0xff9ff06f) j       pc - 0x8
core   0: 3 0x8000df3c (0xff9ff06f)
core   0: 0x8000df34 (0x00002f17) auipc   t5, 0x2
core   0: 3 0x8000df34 (0x00002f17) x30 0x8000ff34
core   0: 0x8000df38 (0x0c3f2623) sw      gp, 204(t5)
core   0: 3 0x8000df38 (0x0c3f2623) mem 0x80010000 0x00000001
core   0: 0x8000df3c (0xff9ff06f) j       pc - 0x8
core   0: 3 0x8000df3c (0xff9ff06f)
core   0: 0x8000df34 (0x00002f17) auipc   t5, 0x2
core   0: 3 0x8000df34 (0x00002f17) x30 0x8000ff34
core   0: 0x8000df38 (0x0c3f2623) sw      gp, 204(t5)
core   0: 3 0x8000df38 (0x0c3f2623) mem 0x80010000 0x00000001
core   0: 0x8000df3c (0xff9ff06f) j       pc - 0x8
core   0: 3 0x8000df3c (0xff9ff06f)
core   0: 0x8000df34 (0x00002f17) auipc   t5, 0x2
core   0: 3 0x8000df34 (0x00002f17) x30 0x8000ff34
core   0: 0x8000df38 (0x0c3f2623) sw      gp, 204(t5)
core   0: 3 0x8000df38 (0x0c3f2623) mem 0x80010000 0x00000001
core   0: 0x8000df3c (0xff9ff06f) j       pc - 0x8
core   0: 3 0x8000df3c (0xff9ff06f)
core   0: 0x8000df34 (0x00002f17) auipc   t5, 0x2
core   0: 3 0x8000df34 (0x00002f17) x30 0x8000ff34
core   0: 0x8000df38 (0x0c3f2623) sw      gp, 204(t5)
core   0: 3 0x8000df38 (0x0c3f2623) mem 0x80010000 0x00000001
core   0: 0x8000df3c (0xff9ff06f) j       pc - 0x8
core   0: 3 0x8000df3c (0xff9ff06f)
core   0: 0x8000df34 (0x00002f17) auipc   t5, 0x2
core   0: 3 0x8000df34 (0x00002f17) x30 0x8000ff34
core   0: 0x8000df38 (0x0c3f2623) sw      gp, 204(t5)
core   0: 3 0x8000df38 (0x0c3f2623) mem 0x80010000 0x00000001
core   0: 0x8000df3c (0xff9ff06f) j       pc - 0x8
core   0: 3 0x8000df3c (0xff9ff06f)
core   0: 0x8000df34 (0x00002f17) auipc   t5, 0x2
core   0: 3 0x8000df34 (0x00002f17) x30 0x8000ff34
core   0: 0x8000df38 (0x0c3f2623) sw      gp, 204(t5)
core   0: 3 0x8000df38 (0x0c3f2623) mem 0x80010000 0x00000001
core   0: 0x8000df3c (0xff9ff06f) j       pc - 0x8
core   0: 3 0x8000df3c (0xff9ff06f)
core   0: 0x8000df34 (0x00002f17) auipc   t5, 0x2
core   0: 3 0x8000df34 (0x00002f17) x30 0x8000ff34
core   0: 0x8000df38 (0x0c3f2623) sw      gp, 204(t5)
core   0: 3 0x8000df38 (0x0c3f2623) mem 0x80010000 0x00000001
core   0: 0x8000df3c (0xff9ff06f) j       pc - 0x8
core   0: 3 0x8000df3c (0xff9ff06f)
core   0: 0x8000df34 (0x00002f17) auipc   t5, 0x2
core   0: 3 0x8000df34 (0x00002f17) x30 0x8000ff34
core   0: 0x8000df38 (0x0c3f2623) sw      gp, 204(t5)
core   0: 3 0x8000df38 (0x0c3f2623) mem 0x80010000 0x00000001
core   0: 0x8000df3c (0xff9ff06f) j       pc - 0x8
core   0: 3 0x8000df3c (0xff9ff06f)
core   0: 0x8000df34 (0x00002f17) auipc   t5, 0x2
core   0: 3 0x8000df34 (0x00002f17) x30 0x8000ff34
core   0: 0x8000df38 (0x0c3f2623) sw      gp, 204(t5)
core   0: 3 0x8000df38 (0x0c3f2623) mem 0x80010000 0x00000001
core   0: 0x8000df3c (0xff9ff06f) j       pc - 0x8
core   0: 3 0x8000df3c (0xff9ff06f)
core   0: 0x8000df34 (0x00002f17) auipc   t5, 0x2
core   0: 3 0x8000df34 (0x00002f17) x30 0x8000ff34
core   0: 0x8000df38 (0x0c3f2623) sw      gp, 204(t5)
core   0: 3 0x8000df38 (0x0c3f2623) mem 0x80010000 0x00000001
core   0: 0x8000df3c (0xff9ff06f) j       pc - 0x8
core   0: 3 0x8000df3c (0xff9ff06f)
core   0: 0x8000df34 (0x00002f17) auipc   t5, 0x2
core   0: 3 0x8000df34 (0x00002f17) x30 0x8000ff34
core   0: 0x8000df38 (0x0c3f2623) sw      gp, 204(t5)
core   0: 3 0x8000df38 (0x0c3f2623) mem 0x80010000 0x00000001
core   0: 0x8000df3c (0xff9ff06f) j       pc - 0x8
core   0: 3 0x8000df3c (0xff9ff06f)
core   0: 0x8000df34 (0x00002f17) auipc   t5, 0x2
core   0: 3 0x8000df34 (0x00002f17) x30 0x8000ff34
core   0: 0x8000df38 (0x0c3f2623) sw      gp, 204(t5)
core   0: 3 0x8000df38 (0x0c3f2623) mem 0x80010000 0x00000001
core   0: 0x8000df3c (0xff9ff06f) j       pc - 0x8
core   0: 3 0x8000df3c (0xff9ff06f)
core   0: 0x8000df34 (0x00002f17) auipc   t5, 0x2
core   0: 3 0x8000df34 (0x00002f17) x30 0x8000ff34
core   0: 0x8000df38 (0x0c3f2623) sw      gp, 204(t5)
core   0: 3 0x8000df38 (0x0c3f2623) mem 0x80010000 0x00000001
core   0: 0x8000df3c (0xff9ff06f) j       pc - 0x8
core   0: 3 0x8000df3c (0xff9ff06f)
core   0: 0x8000df34 (0x00002f17) auipc   t5, 0x2
core   0: 3 0x8000df34 (0x00002f17) x30 0x8000ff34
core   0: 0x8000df38 (0x0c3f2623) sw      gp, 204(t5)
core   0: 3 0x8000df38 (0x0c3f2623) mem 0x80010000 0x00000001
core   0: 0x8000df3c (0xff9ff06f) j       pc - 0x8
core   0: 3 0x8000df3c (0xff9ff06f)
core   0: 0x8000df34 (0x00002f17) auipc   t5, 0x2
core   0: 3 0x8000df34 (0x00002f17) x30 0x8000ff34
core   0: 0x8000df38 (0x0c3f2623) sw      gp, 204(t5)
core   0: 3 0x8000df38 (0x0c3f2623) mem 0x80010000 0x00000001
core   0: 0x8000df3c (0xff9ff06f) j       pc - 0x8
core   0: 3 0x8000df3c (0xff9ff06f)
core   0: 0x8000df34 (0x00002f17) auipc   t5, 0x2
core   0: 3 0x8000df34 (0x00002f17) x30 0x8000ff34
core   0: 0x8000df38 (0x0c3f2623) sw      gp, 204(t5)
core   0: 3 0x8000df38 (0x0c3f2623) mem 0x80010000 0x00000001
core   0: 0x8000df3c (0xff9ff06f) j       pc - 0x8
core   0: 3 0x8000df3c (0xff9ff06f)
core   0: 0x8000df34 (0x00002f17) auipc   t5, 0x2
core   0: 3 0x8000df34 (0x00002f17) x30 0x8000ff34
core   0: 0x8000df38 (0x0c3f2623) sw      gp, 204(t5)
core   0: 3 0x8000df38 (0x0c3f2623) mem 0x80010000 0x00000001
core   0: 0x8000df3c (0xff9ff06f) j       pc - 0x8
core   0: 3 0x8000df3c (0xff9ff06f)
core   0: 0x8000df34 (0x00002f17) auipc   t5, 0x2
core   0: 3 0x8000df34 (0x00002f17) x30 0x8000ff34
core   0: 0x8000df38 (0x0c3f2623) sw      gp, 204(t5)
core   0: 3 0x8000df38 (0x0c3f2623) mem 0x80010000 0x00000001
core   0: 0x8000df3c (0xff9ff06f) j       pc - 0x8
core   0: 3 0x8000df3c (0xff9ff06f)
core   0: 0x8000df34 (0x00002f17) auipc   t5, 0x2
core   0: 3 0x8000df34 (0x00002f17) x30 0x8000ff34
core   0: 0x8000df38 (0x0c3f2623) sw      gp, 204(t5)
core   0: 3 0x8000df38 (0x0c3f2623) mem 0x80010000 0x00000001
core   0: 0x8000df3c (0xff9ff06f) j       pc - 0x8
core   0: 3 0x8000df3c (0xff9ff06f)
core   0: 0x8000df34 (0x00002f17) auipc   t5, 0x2
core   0: 3 0x8000df34 (0x00002f17) x30 0x8000ff34
core   0: 0x8000df38 (0x0c3f2623) sw      gp, 204(t5)
core   0: 3 0x8000df38 (0x0c3f2623) mem 0x80010000 0x00000001
core   0: 0x8000df3c (0xff9ff06f) j       pc - 0x8
core   0: 3 0x8000df3c (0xff9ff06f)
core   0: 0x8000df34 (0x00002f17) auipc   t5, 0x2
core   0: 3 0x8000df34 (0x00002f17) x30 0x8000ff34
core   0: 0x8000df38 (0x0c3f2623) sw      gp, 204(t5)
core   0: 3 0x8000df38 (0x0c3f2623) mem 0x80010000 0x00000001
core   0: 0x8000df3c (0xff9ff06f) j       pc - 0x8
core   0: 3 0x8000df3c (0xff9ff06f)
core   0: 0x8000df34 (0x00002f17) auipc   t5, 0x2
core   0: 3 0x8000df34 (0x00002f17) x30 0x8000ff34
core   0: 0x8000df38 (0x0c3f2623) sw      gp, 204(t5)
core   0: 3 0x8000df38 (0x0c3f2623) mem 0x80010000 0x00000001
core   0: 0x8000df3c (0xff9ff06f) j       pc - 0x8
core   0: 3 0x8000df3c (0xff9ff06f)
core   0: 0x8000df34 (0x00002f17) auipc   t5, 0x2
core   0: 3 0x8000df34 (0x00002f17) x30 0x8000ff34
core   0: 0x8000df38 (0x0c3f2623) sw      gp, 204(t5)
core   0: 3 0x8000df38 (0x0c3f2623) mem 0x80010000 0x00000001
core   0: 0x8000df3c (0xff9ff06f) j       pc - 0x8
core   0: 3 0x8000df3c (0xff9ff06f)
core   0: 0x8000df34 (0x00002f17) auipc   t5, 0x2
core   0: 3 0x8000df34 (0x00002f17) x30 0x8000ff34
core   0: 0x8000df38 (0x0c3f2623) sw      gp, 204(t5)
core   0: 3 0x8000df38 (0x0c3f2623) mem 0x80010000 0x00000001
core   0: 0x8000df3c (0xff9ff06f) j       pc - 0x8
core   0: 3 0x8000df3c (0xff9ff06f)
core   0: 0x8000df34 (0x00002f17) auipc   t5, 0x2
core   0: 3 0x8000df34 (0x00002f17) x30 0x8000ff34
core   0: 0x8000df38 (0x0c3f2623) sw      gp, 204(t5)
core   0: 3 0x8000df38 (0x0c3f2623) mem 0x80010000 0x00000001
core   0: 0x8000df3c (0xff9ff06f) j       pc - 0x8
core   0: 3 0x8000df3c (0xff9ff06f)
core   0: 0x8000df34 (0x00002f17) auipc   t5, 0x2
core   0: 3 0x8000df34 (0x00002f17) x30 0x8000ff34
core   0: 0x8000df38 (0x0c3f2623) sw      gp, 204(t5)
core   0: 3 0x8000df38 (0x0c3f2623) mem 0x80010000 0x00000001
core   0: 0x8000df3c (0xff9ff06f) j       pc - 0x8
core   0: 3 0x8000df3c (0xff9ff06f)
core   0: 0x8000df34 (0x00002f17) auipc   t5, 0x2
core   0: 3 0x8000df34 (0x00002f17) x30 0x8000ff34
core   0: 0x8000df38 (0x0c3f2623) sw      gp, 204(t5)
core   0: 3 0x8000df38 (0x0c3f2623) mem 0x80010000 0x00000001
core   0: 0x8000df3c (0xff9ff06f) j       pc - 0x8
core   0: 3 0x8000df3c (0xff9ff06f)
core   0: 0x8000df34 (0x00002f17) auipc   t5, 0x2
core   0: 3 0x8000df34 (0x00002f17) x30 0x8000ff34
core   0: 0x8000df38 (0x0c3f2623) sw      gp, 204(t5)
core   0: 3 0x8000df38 (0x0c3f2623) mem 0x80010000 0x00000001
core   0: 0x8000df3c (0xff9ff06f) j       pc - 0x8
core   0: 3 0x8000df3c (0xff9ff06f)
core   0: 0x8000df34 (0x00002f17) auipc   t5, 0x2
core   0: 3 0x8000df34 (0x00002f17) x30 0x8000ff34
core   0: 0x8000df38 (0x0c3f2623) sw      gp, 204(t5)
core   0: 3 0x8000df38 (0x0c3f2623) mem 0x80010000 0x00000001
core   0: 0x8000df3c (0xff9ff06f) j       pc - 0x8
core   0: 3 0x8000df3c (0xff9ff06f)
core   0: 0x8000df34 (0x00002f17) auipc   t5, 0x2
core   0: 3 0x8000df34 (0x00002f17) x30 0x8000ff34
core   0: 0x8000df38 (0x0c3f2623) sw      gp, 204(t5)
core   0: 3 0x8000df38 (0x0c3f2623) mem 0x80010000 0x00000001
core   0: 0x8000df3c (0xff9ff06f) j       pc - 0x8
core   0: 3 0x8000df3c (0xff9ff06f)
core   0: 0x8000df34 (0x00002f17) auipc   t5, 0x2
core   0: 3 0x8000df34 (0x00002f17) x30 0x8000ff34
core   0: 0x8000df38 (0x0c3f2623) sw      gp, 204(t5)
core   0: 3 0x8000df38 (0x0c3f2623) mem 0x80010000 0x00000001
core   0: 0x8000df3c (0xff9ff06f) j       pc - 0x8
core   0: 3 0x8000df3c (0xff9ff06f)
core   0: 0x8000df34 (0x00002f17) auipc   t5, 0x2
core   0: 3 0x8000df34 (0x00002f17) x30 0x8000ff34
core   0: 0x8000df38 (0x0c3f2623) sw      gp, 204(t5)
core   0: 3 0x8000df38 (0x0c3f2623) mem 0x80010000 0x00000001
core   0: 0x8000df3c (0xff9ff06f) j       pc - 0x8
core   0: 3 0x8000df3c (0xff9ff06f)
core   0: 0x8000df34 (0x00002f17) auipc   t5, 0x2
core   0: 3 0x8000df34 (0x00002f17) x30 0x8000ff34
core   0: 0x8000df38 (0x0c3f2623) sw      gp, 204(t5)
core   0: 3 0x8000df38 (0x0c3f2623) mem 0x80010000 0x00000001
core   0: 0x8000df3c (0xff9ff06f) j       pc - 0x8
core   0: 3 0x8000df3c (0xff9ff06f)
core   0: 0x8000df34 (0x00002f17) auipc   t5, 0x2
core   0: 3 0x8000df34 (0x00002f17) x30 0x8000ff34
core   0: 0x8000df38 (0x0c3f2623) sw      gp, 204(t5)
core   0: 3 0x8000df38 (0x0c3f2623) mem 0x80010000 0x00000001
core   0: 0x8000df3c (0xff9ff06f) j       pc - 0x8
core   0: 3 0x8000df3c (0xff9ff06f)
core   0: 0x8000df34 (0x00002f17) auipc   t5, 0x2
core   0: 3 0x8000df34 (0x00002f17) x30 0x8000ff34
core   0: 0x8000df38 (0x0c3f2623) sw      gp, 204(t5)
core   0: 3 0x8000df38 (0x0c3f2623) mem 0x80010000 0x00000001
core   0: 0x8000df3c (0xff9ff06f) j       pc - 0x8
core   0: 3 0x8000df3c (0xff9ff06f)
core   0: 0x8000df34 (0x00002f17) auipc   t5, 0x2
core   0: 3 0x8000df34 (0x00002f17) x30 0x8000ff34
core   0: 0x8000df38 (0x0c3f2623) sw      gp, 204(t5)
core   0: 3 0x8000df38 (0x0c3f2623) mem 0x80010000 0x00000001
core   0: 0x8000df3c (0xff9ff06f) j       pc - 0x8
core   0: 3 0x8000df3c (0xff9ff06f)
core   0: 0x8000df34 (0x00002f17) auipc   t5, 0x2
core   0: 3 0x8000df34 (0x00002f17) x30 0x8000ff34
core   0: 0x8000df38 (0x0c3f2623) sw      gp, 204(t5)
core   0: 3 0x8000df38 (0x0c3f2623) mem 0x80010000 0x00000001
core   0: 0x8000df3c (0xff9ff06f) j       pc - 0x8
core   0: 3 0x8000df3c (0xff9ff06f)
core   0: 0x8000df34 (0x00002f17) auipc   t5, 0x2
core   0: 3 0x8000df34 (0x00002f17) x30 0x8000ff34
core   0: 0x8000df38 (0x0c3f2623) sw      gp, 204(t5)
core   0: 3 0x8000df38 (0x0c3f2623) mem 0x80010000 0x00000001
core   0: 0x8000df3c (0xff9ff06f) j       pc - 0x8
core   0: 3 0x8000df3c (0xff9ff06f)
core   0: 0x8000df34 (0x00002f17) auipc   t5, 0x2
core   0: 3 0x8000df34 (0x00002f17) x30 0x8000ff34
core   0: 0x8000df38 (0x0c3f2623) sw      gp, 204(t5)
core   0: 3 0x8000df38 (0x0c3f2623) mem 0x80010000 0x00000001
core   0: 0x8000df3c (0xff9ff06f) j       pc - 0x8
core   0: 3 0x8000df3c (0xff9ff06f)
core   0: 0x8000df34 (0x00002f17) auipc   t5, 0x2
core   0: 3 0x8000df34 (0x00002f17) x30 0x8000ff34
core   0: 0x8000df38 (0x0c3f2623) sw      gp, 204(t5)
core   0: 3 0x8000df38 (0x0c3f2623) mem 0x80010000 0x00000001
core   0: 0x8000df3c (0xff9ff06f) j       pc - 0x8
core   0: 3 0x8000df3c (0xff9ff06f)
core   0: 0x8000df34 (0x00002f17) auipc   t5, 0x2
core   0: 3 0x8000df34 (0x00002f17) x30 0x8000ff34
core   0: 0x8000df38 (0x0c3f2623) sw      gp, 204(t5)
core   0: 3 0x8000df38 (0x0c3f2623) mem 0x80010000 0x00000001
core   0: 0x8000df3c (0xff9ff06f) j       pc - 0x8
core   0: 3 0x8000df3c (0xff9ff06f)
core   0: 0x8000df34 (0x00002f17) auipc   t5, 0x2
core   0: 3 0x8000df34 (0x00002f17) x30 0x8000ff34
core   0: 0x8000df38 (0x0c3f2623) sw      gp, 204(t5)
core   0: 3 0x8000df38 (0x0c3f2623) mem 0x80010000 0x00000001
core   0: 0x8000df3c (0xff9ff06f) j       pc - 0x8
core   0: 3 0x8000df3c (0xff9ff06f)
core   0: 0x8000df34 (0x00002f17) auipc   t5, 0x2
core   0: 3 0x8000df34 (0x00002f17) x30 0x8000ff34
core   0: 0x8000df38 (0x0c3f2623) sw      gp, 204(t5)
core   0: 3 0x8000df38 (0x0c3f2623) mem 0x80010000 0x00000001
core   0: 0x8000df3c (0xff9ff06f) j       pc - 0x8
core   0: 3 0x8000df3c (0xff9ff06f)
core   0: 0x8000df34 (0x00002f17) auipc   t5, 0x2
core   0: 3 0x8000df34 (0x00002f17) x30 0x8000ff34
core   0: 0x8000df38 (0x0c3f2623) sw      gp, 204(t5)
core   0: 3 0x8000df38 (0x0c3f2623) mem 0x80010000 0x00000001
core   0: 0x8000df3c (0xff9ff06f) j       pc - 0x8
core   0: 3 0x8000df3c (0xff9ff06f)
core   0: 0x8000df34 (0x00002f17) auipc   t5, 0x2
core   0: 3 0x8000df34 (0x00002f17) x30 0x8000ff34
core   0: 0x8000df38 (0x0c3f2623) sw      gp, 204(t5)
core   0: 3 0x8000df38 (0x0c3f2623) mem 0x80010000 0x00000001
core   0: 0x8000df3c (0xff9ff06f) j       pc - 0x8
core   0: 3 0x8000df3c (0xff9ff06f)
core   0: 0x8000df34 (0x00002f17) auipc   t5, 0x2
core   0: 3 0x8000df34 (0x00002f17) x30 0x8000ff34
core   0: 0x8000df38 (0x0c3f2623) sw      gp, 204(t5)
core   0: 3 0x8000df38 (0x0c3f2623) mem 0x80010000 0x00000001
core   0: 0x8000df3c (0xff9ff06f) j       pc - 0x8
core   0: 3 0x8000df3c (0xff9ff06f)
core   0: 0x8000df34 (0x00002f17) auipc   t5, 0x2
core   0: 3 0x8000df34 (0x00002f17) x30 0x8000ff34
core   0: 0x8000df38 (0x0c3f2623) sw      gp, 204(t5)
core   0: 3 0x8000df38 (0x0c3f2623) mem 0x80010000 0x00000001
core   0: 0x8000df3c (0xff9ff06f) j       pc - 0x8
core   0: 3 0x8000df3c (0xff9ff06f)
core   0: 0x8000df34 (0x00002f17) auipc   t5, 0x2
core   0: 3 0x8000df34 (0x00002f17) x30 0x8000ff34
core   0: 0x8000df38 (0x0c3f2623) sw      gp, 204(t5)
core   0: 3 0x8000df38 (0x0c3f2623) mem 0x80010000 0x00000001
core   0: 0x8000df3c (0xff9ff06f) j       pc - 0x8
core   0: 3 0x8000df3c (0xff9ff06f)
core   0: 0x8000df34 (0x00002f17) auipc   t5, 0x2
core   0: 3 0x8000df34 (0x00002f17) x30 0x8000ff34
core   0: 0x8000df38 (0x0c3f2623) sw      gp, 204(t5)
core   0: 3 0x8000df38 (0x0c3f2623) mem 0x80010000 0x00000001
core   0: 0x8000df3c (0xff9ff06f) j       pc - 0x8
core   0: 3 0x8000df3c (0xff9ff06f)
core   0: 0x8000df34 (0x00002f17) auipc   t5, 0x2
core   0: 3 0x8000df34 (0x00002f17) x30 0x8000ff34
core   0: 0x8000df38 (0x0c3f2623) sw      gp, 204(t5)
core   0: 3 0x8000df38 (0x0c3f2623) mem 0x80010000 0x00000001
core   0: 0x8000df3c (0xff9ff06f) j       pc - 0x8
core   0: 3 0x8000df3c (0xff9ff06f)
core   0: 0x8000df34 (0x00002f17) auipc   t5, 0x2
core   0: 3 0x8000df34 (0x00002f17) x30 0x8000ff34
core   0: 0x8000df38 (0x0c3f2623) sw      gp, 204(t5)
core   0: 3 0x8000df38 (0x0c3f2623) mem 0x80010000 0x00000001
core   0: 0x8000df3c (0xff9ff06f) j       pc - 0x8
core   0: 3 0x8000df3c (0xff9ff06f)
core   0: 0x8000df34 (0x00002f17) auipc   t5, 0x2
core   0: 3 0x8000df34 (0x00002f17) x30 0x8000ff34
core   0: 0x8000df38 (0x0c3f2623) sw      gp, 204(t5)
core   0: 3 0x8000df38 (0x0c3f2623) mem 0x80010000 0x00000001
core   0: 0x8000df3c (0xff9ff06f) j       pc - 0x8
core   0: 3 0x8000df3c (0xff9ff06f)
core   0: 0x8000df34 (0x00002f17) auipc   t5, 0x2
core   0: 3 0x8000df34 (0x00002f17) x30 0x8000ff34
core   0: 0x8000df38 (0x0c3f2623) sw      gp, 204(t5)
core   0: 3 0x8000df38 (0x0c3f2623) mem 0x80010000 0x00000001
core   0: 0x8000df3c (0xff9ff06f) j       pc - 0x8
core   0: 3 0x8000df3c (0xff9ff06f)
core   0: 0x8000df34 (0x00002f17) auipc   t5, 0x2
core   0: 3 0x8000df34 (0x00002f17) x30 0x8000ff34
core   0: 0x8000df38 (0x0c3f2623) sw      gp, 204(t5)
core   0: 3 0x8000df38 (0x0c3f2623) mem 0x80010000 0x00000001
core   0: 0x8000df3c (0xff9ff06f) j       pc - 0x8
core   0: 3 0x8000df3c (0xff9ff06f)
core   0: 0x8000df34 (0x00002f17) auipc   t5, 0x2
core   0: 3 0x8000df34 (0x00002f17) x30 0x8000ff34
core   0: 0x8000df38 (0x0c3f2623) sw      gp, 204(t5)
core   0: 3 0x8000df38 (0x0c3f2623) mem 0x80010000 0x00000001
core   0: 0x8000df3c (0xff9ff06f) j       pc - 0x8
core   0: 3 0x8000df3c (0xff9ff06f)
core   0: 0x8000df34 (0x00002f17) auipc   t5, 0x2
core   0: 3 0x8000df34 (0x00002f17) x30 0x8000ff34
core   0: 0x8000df38 (0x0c3f2623) sw      gp, 204(t5)
core   0: 3 0x8000df38 (0x0c3f2623) mem 0x80010000 0x00000001
core   0: 0x8000df3c (0xff9ff06f) j       pc - 0x8
core   0: 3 0x8000df3c (0xff9ff06f)
core   0: 0x8000df34 (0x00002f17) auipc   t5, 0x2
core   0: 3 0x8000df34 (0x00002f17) x30 0x8000ff34
core   0: 0x8000df38 (0x0c3f2623) sw      gp, 204(t5)
core   0: 3 0x8000df38 (0x0c3f2623) mem 0x80010000 0x00000001
core   0: 0x8000df3c (0xff9ff06f) j       pc - 0x8
core   0: 3 0x8000df3c (0xff9ff06f)
core   0: 0x8000df34 (0x00002f17) auipc   t5, 0x2
core   0: 3 0x8000df34 (0x00002f17) x30 0x8000ff34
core   0: 0x8000df38 (0x0c3f2623) sw      gp, 204(t5)
core   0: 3 0x8000df38 (0x0c3f2623) mem 0x80010000 0x00000001
core   0: 0x8000df3c (0xff9ff06f) j       pc - 0x8
core   0: 3 0x8000df3c (0xff9ff06f)
core   0: 0x8000df34 (0x00002f17) auipc   t5, 0x2
core   0: 3 0x8000df34 (0x00002f17) x30 0x8000ff34
core   0: 0x8000df38 (0x0c3f2623) sw      gp, 204(t5)
core   0: 3 0x8000df38 (0x0c3f2623) mem 0x80010000 0x00000001
core   0: 0x8000df3c (0xff9ff06f) j       pc - 0x8
core   0: 3 0x8000df3c (0xff9ff06f)
core   0: 0x8000df34 (0x00002f17) auipc   t5, 0x2
core   0: 3 0x8000df34 (0x00002f17) x30 0x8000ff34
core   0: 0x8000df38 (0x0c3f2623) sw      gp, 204(t5)
core   0: 3 0x8000df38 (0x0c3f2623) mem 0x80010000 0x00000001
core   0: 0x8000df3c (0xff9ff06f) j       pc - 0x8
core   0: 3 0x8000df3c (0xff9ff06f)
core   0: 0x8000df34 (0x00002f17) auipc   t5, 0x2
core   0: 3 0x8000df34 (0x00002f17) x30 0x8000ff34
core   0: 0x8000df38 (0x0c3f2623) sw      gp, 204(t5)
core   0: 3 0x8000df38 (0x0c3f2623) mem 0x80010000 0x00000001
core   0: 0x8000df3c (0xff9ff06f) j       pc - 0x8
core   0: 3 0x8000df3c (0xff9ff06f)
core   0: 0x8000df34 (0x00002f17) auipc   t5, 0x2
core   0: 3 0x8000df34 (0x00002f17) x30 0x8000ff34
core   0: 0x8000df38 (0x0c3f2623) sw      gp, 204(t5)
core   0: 3 0x8000df38 (0x0c3f2623) mem 0x80010000 0x00000001
core   0: 0x8000df3c (0xff9ff06f) j       pc - 0x8
core   0: 3 0x8000df3c (0xff9ff06f)
core   0: 0x8000df34 (0x00002f17) auipc   t5, 0x2
core   0: 3 0x8000df34 (0x00002f17) x30 0x8000ff34
core   0: 0x8000df38 (0x0c3f2623) sw      gp, 204(t5)
core   0: 3 0x8000df38 (0x0c3f2623) mem 0x80010000 0x00000001
core   0: 0x8000df3c (0xff9ff06f) j       pc - 0x8
core   0: 3 0x8000df3c (0xff9ff06f)
core   0: 0x8000df34 (0x00002f17) auipc   t5, 0x2
core   0: 3 0x8000df34 (0x00002f17) x30 0x8000ff34
core   0: 0x8000df38 (0x0c3f2623) sw      gp, 204(t5)
core   0: 3 0x8000df38 (0x0c3f2623) mem 0x80010000 0x00000001
core   0: 0x8000df3c (0xff9ff06f) j       pc - 0x8
core   0: 3 0x8000df3c (0xff9ff06f)
core   0: 0x8000df34 (0x00002f17) auipc   t5, 0x2
core   0: 3 0x8000df34 (0x00002f17) x30 0x8000ff34
core   0: 0x8000df38 (0x0c3f2623) sw      gp, 204(t5)
core   0: 3 0x8000df38 (0x0c3f2623) mem 0x80010000 0x00000001
core   0: 0x8000df3c (0xff9ff06f) j       pc - 0x8
core   0: 3 0x8000df3c (0xff9ff06f)
core   0: 0x8000df34 (0x00002f17) auipc   t5, 0x2
core   0: 3 0x8000df34 (0x00002f17) x30 0x8000ff34
core   0: 0x8000df38 (0x0c3f2623) sw      gp, 204(t5)
core   0: 3 0x8000df38 (0x0c3f2623) mem 0x80010000 0x00000001
core   0: 0x8000df3c (0xff9ff06f) j       pc - 0x8
core   0: 3 0x8000df3c (0xff9ff06f)
core   0: 0x8000df34 (0x00002f17) auipc   t5, 0x2
core   0: 3 0x8000df34 (0x00002f17) x30 0x8000ff34
core   0: 0x8000df38 (0x0c3f2623) sw      gp, 204(t5)
core   0: 3 0x8000df38 (0x0c3f2623) mem 0x80010000 0x00000001
core   0: 0x8000df3c (0xff9ff06f) j       pc - 0x8
core   0: 3 0x8000df3c (0xff9ff06f)
core   0: 0x8000df34 (0x00002f17) auipc   t5, 0x2
core   0: 3 0x8000df34 (0x00002f17) x30 0x8000ff34
core   0: 0x8000df38 (0x0c3f2623) sw      gp, 204(t5)
core   0: 3 0x8000df38 (0x0c3f2623) mem 0x80010000 0x00000001
core   0: 0x8000df3c (0xff9ff06f) j       pc - 0x8
core   0: 3 0x8000df3c (0xff9ff06f)
core   0: 0x8000df34 (0x00002f17) auipc   t5, 0x2
core   0: 3 0x8000df34 (0x00002f17) x30 0x8000ff34
core   0: 0x8000df38 (0x0c3f2623) sw      gp, 204(t5)
core   0: 3 0x8000df38 (0x0c3f2623) mem 0x80010000 0x00000001
core   0: 0x8000df3c (0xff9ff06f) j       pc - 0x8
core   0: 3 0x8000df3c (0xff9ff06f)
core   0: 0x8000df34 (0x00002f17) auipc   t5, 0x2
core   0: 3 0x8000df34 (0x00002f17) x30 0x8000ff34
core   0: 0x8000df38 (0x0c3f2623) sw      gp, 204(t5)
core   0: 3 0x8000df38 (0x0c3f2623) mem 0x80010000 0x00000001
core   0: 0x8000df3c (0xff9ff06f) j       pc - 0x8
core   0: 3 0x8000df3c (0xff9ff06f)
core   0: 0x8000df34 (0x00002f17) auipc   t5, 0x2
core   0: 3 0x8000df34 (0x00002f17) x30 0x8000ff34
core   0: 0x8000df38 (0x0c3f2623) sw      gp, 204(t5)
core   0: 3 0x8000df38 (0x0c3f2623) mem 0x80010000 0x00000001
core   0: 0x8000df3c (0xff9ff06f) j       pc - 0x8
core   0: 3 0x8000df3c (0xff9ff06f)
core   0: 0x8000df34 (0x00002f17) auipc   t5, 0x2
core   0: 3 0x8000df34 (0x00002f17) x30 0x8000ff34
core   0: 0x8000df38 (0x0c3f2623) sw      gp, 204(t5)
core   0: 3 0x8000df38 (0x0c3f2623) mem 0x80010000 0x00000001
core   0: 0x8000df3c (0xff9ff06f) j       pc - 0x8
core   0: 3 0x8000df3c (0xff9ff06f)
core   0: 0x8000df34 (0x00002f17) auipc   t5, 0x2
core   0: 3 0x8000df34 (0x00002f17) x30 0x8000ff34
core   0: 0x8000df38 (0x0c3f2623) sw      gp, 204(t5)
core   0: 3 0x8000df38 (0x0c3f2623) mem 0x80010000 0x00000001
core   0: 0x8000df3c (0xff9ff06f) j       pc - 0x8
core   0: 3 0x8000df3c (0xff9ff06f)
core   0: 0x8000df34 (0x00002f17) auipc   t5, 0x2
core   0: 3 0x8000df34 (0x00002f17) x30 0x8000ff34
core   0: 0x8000df38 (0x0c3f2623) sw      gp, 204(t5)
core   0: 3 0x8000df38 (0x0c3f2623) mem 0x80010000 0x00000001
core   0: 0x8000df3c (0xff9ff06f) j       pc - 0x8
core   0: 3 0x8000df3c (0xff9ff06f)
core   0: 0x8000df34 (0x00002f17) auipc   t5, 0x2
core   0: 3 0x8000df34 (0x00002f17) x30 0x8000ff34
core   0: 0x8000df38 (0x0c3f2623) sw      gp, 204(t5)
core   0: 3 0x8000df38 (0x0c3f2623) mem 0x80010000 0x00000001
core   0: 0x8000df3c (0xff9ff06f) j       pc - 0x8
core   0: 3 0x8000df3c (0xff9ff06f)
core   0: 0x8000df34 (0x00002f17) auipc   t5, 0x2
core   0: 3 0x8000df34 (0x00002f17) x30 0x8000ff34
core   0: 0x8000df38 (0x0c3f2623) sw      gp, 204(t5)
core   0: 3 0x8000df38 (0x0c3f2623) mem 0x80010000 0x00000001
core   0: 0x8000df3c (0xff9ff06f) j       pc - 0x8
core   0: 3 0x8000df3c (0xff9ff06f)
core   0: 0x8000df34 (0x00002f17) auipc   t5, 0x2
core   0: 3 0x8000df34 (0x00002f17) x30 0x8000ff34
core   0: 0x8000df38 (0x0c3f2623) sw      gp, 204(t5)
core   0: 3 0x8000df38 (0x0c3f2623) mem 0x80010000 0x00000001
core   0: 0x8000df3c (0xff9ff06f) j       pc - 0x8
core   0: 3 0x8000df3c (0xff9ff06f)
core   0: 0x8000df34 (0x00002f17) auipc   t5, 0x2
core   0: 3 0x8000df34 (0x00002f17) x30 0x8000ff34
core   0: 0x8000df38 (0x0c3f2623) sw      gp, 204(t5)
core   0: 3 0x8000df38 (0x0c3f2623) mem 0x80010000 0x00000001
core   0: 0x8000df3c (0xff9ff06f) j       pc - 0x8
core   0: 3 0x8000df3c (0xff9ff06f)
core   0: 0x8000df34 (0x00002f17) auipc   t5, 0x2
core   0: 3 0x8000df34 (0x00002f17) x30 0x8000ff34
core   0: 0x8000df38 (0x0c3f2623) sw      gp, 204(t5)
core   0: 3 0x8000df38 (0x0c3f2623) mem 0x80010000 0x00000001
core   0: 0x8000df3c (0xff9ff06f) j       pc - 0x8
core   0: 3 0x8000df3c (0xff9ff06f)
core   0: 0x8000df34 (0x00002f17) auipc   t5, 0x2
core   0: 3 0x8000df34 (0x00002f17) x30 0x8000ff34
core   0: 0x8000df38 (0x0c3f2623) sw      gp, 204(t5)
core   0: 3 0x8000df38 (0x0c3f2623) mem 0x80010000 0x00000001
core   0: 0x8000df3c (0xff9ff06f) j       pc - 0x8
core   0: 3 0x8000df3c (0xff9ff06f)
core   0: 0x8000df34 (0x00002f17) auipc   t5, 0x2
core   0: 3 0x8000df34 (0x00002f17) x30 0x8000ff34
core   0: 0x8000df38 (0x0c3f2623) sw      gp, 204(t5)
core   0: 3 0x8000df38 (0x0c3f2623) mem 0x80010000 0x00000001
core   0: 0x8000df3c (0xff9ff06f) j       pc - 0x8
core   0: 3 0x8000df3c (0xff9ff06f)
core   0: 0x8000df34 (0x00002f17) auipc   t5, 0x2
core   0: 3 0x8000df34 (0x00002f17) x30 0x8000ff34
core   0: 0x8000df38 (0x0c3f2623) sw      gp, 204(t5)
core   0: 3 0x8000df38 (0x0c3f2623) mem 0x80010000 0x00000001
core   0: 0x8000df3c (0xff9ff06f) j       pc - 0x8
core   0: 3 0x8000df3c (0xff9ff06f)
core   0: 0x8000df34 (0x00002f17) auipc   t5, 0x2
core   0: 3 0x8000df34 (0x00002f17) x30 0x8000ff34
core   0: 0x8000df38 (0x0c3f2623) sw      gp, 204(t5)
core   0: 3 0x8000df38 (0x0c3f2623) mem 0x80010000 0x00000001
core   0: 0x8000df3c (0xff9ff06f) j       pc - 0x8
core   0: 3 0x8000df3c (0xff9ff06f)
core   0: 0x8000df34 (0x00002f17) auipc   t5, 0x2
core   0: 3 0x8000df34 (0x00002f17) x30 0x8000ff34
core   0: 0x8000df38 (0x0c3f2623) sw      gp, 204(t5)
core   0: 3 0x8000df38 (0x0c3f2623) mem 0x80010000 0x00000001
core   0: 0x8000df3c (0xff9ff06f) j       pc - 0x8
core   0: 3 0x8000df3c (0xff9ff06f)
core   0: 0x8000df34 (0x00002f17) auipc   t5, 0x2
core   0: 3 0x8000df34 (0x00002f17) x30 0x8000ff34
core   0: 0x8000df38 (0x0c3f2623) sw      gp, 204(t5)
core   0: 3 0x8000df38 (0x0c3f2623) mem 0x80010000 0x00000001
core   0: 0x8000df3c (0xff9ff06f) j       pc - 0x8
core   0: 3 0x8000df3c (0xff9ff06f)
core   0: 0x8000df34 (0x00002f17) auipc   t5, 0x2
core   0: 3 0x8000df34 (0x00002f17) x30 0x8000ff34
core   0: 0x8000df38 (0x0c3f2623) sw      gp, 204(t5)
core   0: 3 0x8000df38 (0x0c3f2623) mem 0x80010000 0x00000001
core   0: 0x8000df3c (0xff9ff06f) j       pc - 0x8
core   0: 3 0x8000df3c (0xff9ff06f)
core   0: 0x8000df34 (0x00002f17) auipc   t5, 0x2
core   0: 3 0x8000df34 (0x00002f17) x30 0x8000ff34
core   0: 0x8000df38 (0x0c3f2623) sw      gp, 204(t5)
core   0: 3 0x8000df38 (0x0c3f2623) mem 0x80010000 0x00000001
core   0: 0x8000df3c (0xff9ff06f) j       pc - 0x8
core   0: 3 0x8000df3c (0xff9ff06f)
core   0: 0x8000df34 (0x00002f17) auipc   t5, 0x2
core   0: 3 0x8000df34 (0x00002f17) x30 0x8000ff34
core   0: 0x8000df38 (0x0c3f2623) sw      gp, 204(t5)
core   0: 3 0x8000df38 (0x0c3f2623) mem 0x80010000 0x00000001
core   0: 0x8000df3c (0xff9ff06f) j       pc - 0x8
core   0: 3 0x8000df3c (0xff9ff06f)
core   0: 0x8000df34 (0x00002f17) auipc   t5, 0x2
core   0: 3 0x8000df34 (0x00002f17) x30 0x8000ff34
core   0: 0x8000df38 (0x0c3f2623) sw      gp, 204(t5)
core   0: 3 0x8000df38 (0x0c3f2623) mem 0x80010000 0x00000001
core   0: 0x8000df3c (0xff9ff06f) j       pc - 0x8
core   0: 3 0x8000df3c (0xff9ff06f)
core   0: 0x8000df34 (0x00002f17) auipc   t5, 0x2
core   0: 3 0x8000df34 (0x00002f17) x30 0x8000ff34
core   0: 0x8000df38 (0x0c3f2623) sw      gp, 204(t5)
core   0: 3 0x8000df38 (0x0c3f2623) mem 0x80010000 0x00000001
core   0: 0x8000df3c (0xff9ff06f) j       pc - 0x8
core   0: 3 0x8000df3c (0xff9ff06f)
core   0: 0x8000df34 (0x00002f17) auipc   t5, 0x2
core   0: 3 0x8000df34 (0x00002f17) x30 0x8000ff34
core   0: 0x8000df38 (0x0c3f2623) sw      gp, 204(t5)
core   0: 3 0x8000df38 (0x0c3f2623) mem 0x80010000 0x00000001
core   0: 0x8000df3c (0xff9ff06f) j       pc - 0x8
core   0: 3 0x8000df3c (0xff9ff06f)
core   0: 0x8000df34 (0x00002f17) auipc   t5, 0x2
core   0: 3 0x8000df34 (0x00002f17) x30 0x8000ff34
core   0: 0x8000df38 (0x0c3f2623) sw      gp, 204(t5)
core   0: 3 0x8000df38 (0x0c3f2623) mem 0x80010000 0x00000001
core   0: 0x8000df3c (0xff9ff06f) j       pc - 0x8
core   0: 3 0x8000df3c (0xff9ff06f)
core   0: 0x8000df34 (0x00002f17) auipc   t5, 0x2
core   0: 3 0x8000df34 (0x00002f17) x30 0x8000ff34
core   0: 0x8000df38 (0x0c3f2623) sw      gp, 204(t5)
core   0: 3 0x8000df38 (0x0c3f2623) mem 0x80010000 0x00000001
core   0: 0x8000df3c (0xff9ff06f) j       pc - 0x8
core   0: 3 0x8000df3c (0xff9ff06f)
core   0: 0x8000df34 (0x00002f17) auipc   t5, 0x2
core   0: 3 0x8000df34 (0x00002f17) x30 0x8000ff34
core   0: 0x8000df38 (0x0c3f2623) sw      gp, 204(t5)
core   0: 3 0x8000df38 (0x0c3f2623) mem 0x80010000 0x00000001
core   0: 0x8000df3c (0xff9ff06f) j       pc - 0x8
core   0: 3 0x8000df3c (0xff9ff06f)
core   0: 0x8000df34 (0x00002f17) auipc   t5, 0x2
core   0: 3 0x8000df34 (0x00002f17) x30 0x8000ff34
core   0: 0x8000df38 (0x0c3f2623) sw      gp, 204(t5)
core   0: 3 0x8000df38 (0x0c3f2623) mem 0x80010000 0x00000001
core   0: 0x8000df3c (0xff9ff06f) j       pc - 0x8
core   0: 3 0x8000df3c (0xff9ff06f)
core   0: 0x8000df34 (0x00002f17) auipc   t5, 0x2
core   0: 3 0x8000df34 (0x00002f17) x30 0x8000ff34
core   0: 0x8000df38 (0x0c3f2623) sw      gp, 204(t5)
core   0: 3 0x8000df38 (0x0c3f2623) mem 0x80010000 0x00000001
core   0: 0x8000df3c (0xff9ff06f) j       pc - 0x8
core   0: 3 0x8000df3c (0xff9ff06f)
core   0: 0x8000df34 (0x00002f17) auipc   t5, 0x2
core   0: 3 0x8000df34 (0x00002f17) x30 0x8000ff34
core   0: 0x8000df38 (0x0c3f2623) sw      gp, 204(t5)
core   0: 3 0x8000df38 (0x0c3f2623) mem 0x80010000 0x00000001
core   0: 0x8000df3c (0xff9ff06f) j       pc - 0x8
core   0: 3 0x8000df3c (0xff9ff06f)
core   0: 0x8000df34 (0x00002f17) auipc   t5, 0x2
core   0: 3 0x8000df34 (0x00002f17) x30 0x8000ff34
core   0: 0x8000df38 (0x0c3f2623) sw      gp, 204(t5)
core   0: 3 0x8000df38 (0x0c3f2623) mem 0x80010000 0x00000001
core   0: 0x8000df3c (0xff9ff06f) j       pc - 0x8
core   0: 3 0x8000df3c (0xff9ff06f)
core   0: 0x8000df34 (0x00002f17) auipc   t5, 0x2
core   0: 3 0x8000df34 (0x00002f17) x30 0x8000ff34
core   0: 0x8000df38 (0x0c3f2623) sw      gp, 204(t5)
core   0: 3 0x8000df38 (0x0c3f2623) mem 0x80010000 0x00000001
core   0: 0x8000df3c (0xff9ff06f) j       pc - 0x8
core   0: 3 0x8000df3c (0xff9ff06f)
core   0: 0x8000df34 (0x00002f17) auipc   t5, 0x2
core   0: 3 0x8000df34 (0x00002f17) x30 0x8000ff34
core   0: 0x8000df38 (0x0c3f2623) sw      gp, 204(t5)
core   0: 3 0x8000df38 (0x0c3f2623) mem 0x80010000 0x00000001
core   0: 0x8000df3c (0xff9ff06f) j       pc - 0x8
core   0: 3 0x8000df3c (0xff9ff06f)
core   0: 0x8000df34 (0x00002f17) auipc   t5, 0x2
core   0: 3 0x8000df34 (0x00002f17) x30 0x8000ff34
core   0: 0x8000df38 (0x0c3f2623) sw      gp, 204(t5)
core   0: 3 0x8000df38 (0x0c3f2623) mem 0x80010000 0x00000001
core   0: 0x8000df3c (0xff9ff06f) j       pc - 0x8
core   0: 3 0x8000df3c (0xff9ff06f)
core   0: 0x8000df34 (0x00002f17) auipc   t5, 0x2
core   0: 3 0x8000df34 (0x00002f17) x30 0x8000ff34
core   0: 0x8000df38 (0x0c3f2623) sw      gp, 204(t5)
core   0: 3 0x8000df38 (0x0c3f2623) mem 0x80010000 0x00000001
core   0: 0x8000df3c (0xff9ff06f) j       pc - 0x8
core   0: 3 0x8000df3c (0xff9ff06f)
core   0: 0x8000df34 (0x00002f17) auipc   t5, 0x2
core   0: 3 0x8000df34 (0x00002f17) x30 0x8000ff34
core   0: 0x8000df38 (0x0c3f2623) sw      gp, 204(t5)
core   0: 3 0x8000df38 (0x0c3f2623) mem 0x80010000 0x00000001
core   0: 0x8000df3c (0xff9ff06f) j       pc - 0x8
core   0: 3 0x8000df3c (0xff9ff06f)
core   0: 0x8000df34 (0x00002f17) auipc   t5, 0x2
core   0: 3 0x8000df34 (0x00002f17) x30 0x8000ff34
core   0: 0x8000df38 (0x0c3f2623) sw      gp, 204(t5)
core   0: 3 0x8000df38 (0x0c3f2623) mem 0x80010000 0x00000001
core   0: 0x8000df3c (0xff9ff06f) j       pc - 0x8
core   0: 3 0x8000df3c (0xff9ff06f)
core   0: 0x8000df34 (0x00002f17) auipc   t5, 0x2
core   0: 3 0x8000df34 (0x00002f17) x30 0x8000ff34
core   0: 0x8000df38 (0x0c3f2623) sw      gp, 204(t5)
core   0: 3 0x8000df38 (0x0c3f2623) mem 0x80010000 0x00000001
core   0: 0x8000df3c (0xff9ff06f) j       pc - 0x8
core   0: 3 0x8000df3c (0xff9ff06f)
core   0: 0x8000df34 (0x00002f17) auipc   t5, 0x2
core   0: 3 0x8000df34 (0x00002f17) x30 0x8000ff34
core   0: 0x8000df38 (0x0c3f2623) sw      gp, 204(t5)
core   0: 3 0x8000df38 (0x0c3f2623) mem 0x80010000 0x00000001
core   0: 0x8000df3c (0xff9ff06f) j       pc - 0x8
core   0: 3 0x8000df3c (0xff9ff06f)
core   0: 0x8000df34 (0x00002f17) auipc   t5, 0x2
core   0: 3 0x8000df34 (0x00002f17) x30 0x8000ff34
core   0: 0x8000df38 (0x0c3f2623) sw      gp, 204(t5)
core   0: 3 0x8000df38 (0x0c3f2623) mem 0x80010000 0x00000001
core   0: 0x8000df3c (0xff9ff06f) j       pc - 0x8
core   0: 3 0x8000df3c (0xff9ff06f)
core   0: 0x8000df34 (0x00002f17) auipc   t5, 0x2
core   0: 3 0x8000df34 (0x00002f17) x30 0x8000ff34
core   0: 0x8000df38 (0x0c3f2623) sw      gp, 204(t5)
core   0: 3 0x8000df38 (0x0c3f2623) mem 0x80010000 0x00000001
core   0: 0x8000df3c (0xff9ff06f) j       pc - 0x8
core   0: 3 0x8000df3c (0xff9ff06f)
core   0: 0x8000df34 (0x00002f17) auipc   t5, 0x2
core   0: 3 0x8000df34 (0x00002f17) x30 0x8000ff34
core   0: 0x8000df38 (0x0c3f2623) sw      gp, 204(t5)
core   0: 3 0x8000df38 (0x0c3f2623) mem 0x80010000 0x00000001
core   0: 0x8000df3c (0xff9ff06f) j       pc - 0x8
core   0: 3 0x8000df3c (0xff9ff06f)
core   0: 0x8000df34 (0x00002f17) auipc   t5, 0x2
core   0: 3 0x8000df34 (0x00002f17) x30 0x8000ff34
core   0: 0x8000df38 (0x0c3f2623) sw      gp, 204(t5)
core   0: 3 0x8000df38 (0x0c3f2623) mem 0x80010000 0x00000001
core   0: 0x8000df3c (0xff9ff06f) j       pc - 0x8
core   0: 3 0x8000df3c (0xff9ff06f)
core   0: 0x8000df34 (0x00002f17) auipc   t5, 0x2
core   0: 3 0x8000df34 (0x00002f17) x30 0x8000ff34
core   0: 0x8000df38 (0x0c3f2623) sw      gp, 204(t5)
core   0: 3 0x8000df38 (0x0c3f2623) mem 0x80010000 0x00000001
core   0: 0x8000df3c (0xff9ff06f) j       pc - 0x8
core   0: 3 0x8000df3c (0xff9ff06f)
core   0: 0x8000df34 (0x00002f17) auipc   t5, 0x2
core   0: 3 0x8000df34 (0x00002f17) x30 0x8000ff34
core   0: 0x8000df38 (0x0c3f2623) sw      gp, 204(t5)
core   0: 3 0x8000df38 (0x0c3f2623) mem 0x80010000 0x00000001
core   0: 0x8000df3c (0xff9ff06f) j       pc - 0x8
core   0: 3 0x8000df3c (0xff9ff06f)
core   0: 0x8000df34 (0x00002f17) auipc   t5, 0x2
core   0: 3 0x8000df34 (0x00002f17) x30 0x8000ff34
core   0: 0x8000df38 (0x0c3f2623) sw      gp, 204(t5)
core   0: 3 0x8000df38 (0x0c3f2623) mem 0x80010000 0x00000001
core   0: 0x8000df3c (0xff9ff06f) j       pc - 0x8
core   0: 3 0x8000df3c (0xff9ff06f)
core   0: 0x8000df34 (0x00002f17) auipc   t5, 0x2
core   0: 3 0x8000df34 (0x00002f17) x30 0x8000ff34
core   0: 0x8000df38 (0x0c3f2623) sw      gp, 204(t5)
core   0: 3 0x8000df38 (0x0c3f2623) mem 0x80010000 0x00000001
core   0: 0x8000df3c (0xff9ff06f) j       pc - 0x8
core   0: 3 0x8000df3c (0xff9ff06f)
core   0: 0x8000df34 (0x00002f17) auipc   t5, 0x2
core   0: 3 0x8000df34 (0x00002f17) x30 0x8000ff34
core   0: 0x8000df38 (0x0c3f2623) sw      gp, 204(t5)
core   0: 3 0x8000df38 (0x0c3f2623) mem 0x80010000 0x00000001
core   0: 0x8000df3c (0xff9ff06f) j       pc - 0x8
core   0: 3 0x8000df3c (0xff9ff06f)
core   0: 0x8000df34 (0x00002f17) auipc   t5, 0x2
core   0: 3 0x8000df34 (0x00002f17) x30 0x8000ff34
core   0: 0x8000df38 (0x0c3f2623) sw      gp, 204(t5)
core   0: 3 0x8000df38 (0x0c3f2623) mem 0x80010000 0x00000001
core   0: 0x8000df3c (0xff9ff06f) j       pc - 0x8
core   0: 3 0x8000df3c (0xff9ff06f)
core   0: 0x8000df34 (0x00002f17) auipc   t5, 0x2
core   0: 3 0x8000df34 (0x00002f17) x30 0x8000ff34
core   0: 0x8000df38 (0x0c3f2623) sw      gp, 204(t5)
core   0: 3 0x8000df38 (0x0c3f2623) mem 0x80010000 0x00000001
core   0: 0x8000df3c (0xff9ff06f) j       pc - 0x8
core   0: 3 0x8000df3c (0xff9ff06f)
core   0: 0x8000df34 (0x00002f17) auipc   t5, 0x2
core   0: 3 0x8000df34 (0x00002f17) x30 0x8000ff34
core   0: 0x8000df38 (0x0c3f2623) sw      gp, 204(t5)
core   0: 3 0x8000df38 (0x0c3f2623) mem 0x80010000 0x00000001
core   0: 0x8000df3c (0xff9ff06f) j       pc - 0x8
core   0: 3 0x8000df3c (0xff9ff06f)
core   0: 0x8000df34 (0x00002f17) auipc   t5, 0x2
core   0: 3 0x8000df34 (0x00002f17) x30 0x8000ff34
core   0: 0x8000df38 (0x0c3f2623) sw      gp, 204(t5)
core   0: 3 0x8000df38 (0x0c3f2623) mem 0x80010000 0x00000001
core   0: 0x8000df3c (0xff9ff06f) j       pc - 0x8
core   0: 3 0x8000df3c (0xff9ff06f)
core   0: 0x8000df34 (0x00002f17) auipc   t5, 0x2
core   0: 3 0x8000df34 (0x00002f17) x30 0x8000ff34
core   0: 0x8000df38 (0x0c3f2623) sw      gp, 204(t5)
core   0: 3 0x8000df38 (0x0c3f2623) mem 0x80010000 0x00000001
core   0: 0x8000df3c (0xff9ff06f) j       pc - 0x8
core   0: 3 0x8000df3c (0xff9ff06f)
core   0: 0x8000df34 (0x00002f17) auipc   t5, 0x2
core   0: 3 0x8000df34 (0x00002f17) x30 0x8000ff34
core   0: 0x8000df38 (0x0c3f2623) sw      gp, 204(t5)
core   0: 3 0x8000df38 (0x0c3f2623) mem 0x80010000 0x00000001
core   0: 0x8000df3c (0xff9ff06f) j       pc - 0x8
core   0: 3 0x8000df3c (0xff9ff06f)
core   0: 0x8000df34 (0x00002f17) auipc   t5, 0x2
core   0: 3 0x8000df34 (0x00002f17) x30 0x8000ff34
core   0: 0x8000df38 (0x0c3f2623) sw      gp, 204(t5)
core   0: 3 0x8000df38 (0x0c3f2623) mem 0x80010000 0x00000001
core   0: 0x8000df3c (0xff9ff06f) j       pc - 0x8
core   0: 3 0x8000df3c (0xff9ff06f)
core   0: 0x8000df34 (0x00002f17) auipc   t5, 0x2
core   0: 3 0x8000df34 (0x00002f17) x30 0x8000ff34
core   0: 0x8000df38 (0x0c3f2623) sw      gp, 204(t5)
core   0: 3 0x8000df38 (0x0c3f2623) mem 0x80010000 0x00000001
core   0: 0x8000df3c (0xff9ff06f) j       pc - 0x8
core   0: 3 0x8000df3c (0xff9ff06f)
core   0: 0x8000df34 (0x00002f17) auipc   t5, 0x2
core   0: 3 0x8000df34 (0x00002f17) x30 0x8000ff34
core   0: 0x8000df38 (0x0c3f2623) sw      gp, 204(t5)
core   0: 3 0x8000df38 (0x0c3f2623) mem 0x80010000 0x00000001
core   0: 0x8000df3c (0xff9ff06f) j       pc - 0x8
core   0: 3 0x8000df3c (0xff9ff06f)
core   0: 0x8000df34 (0x00002f17) auipc   t5, 0x2
core   0: 3 0x8000df34 (0x00002f17) x30 0x8000ff34
core   0: 0x8000df38 (0x0c3f2623) sw      gp, 204(t5)
core   0: 3 0x8000df38 (0x0c3f2623) mem 0x80010000 0x00000001
core   0: 0x8000df3c (0xff9ff06f) j       pc - 0x8
core   0: 3 0x8000df3c (0xff9ff06f)
core   0: 0x8000df34 (0x00002f17) auipc   t5, 0x2
core   0: 3 0x8000df34 (0x00002f17) x30 0x8000ff34
core   0: 0x8000df38 (0x0c3f2623) sw      gp, 204(t5)
core   0: 3 0x8000df38 (0x0c3f2623) mem 0x80010000 0x00000001
core   0: 0x8000df3c (0xff9ff06f) j       pc - 0x8
core   0: 3 0x8000df3c (0xff9ff06f)
core   0: 0x8000df34 (0x00002f17) auipc   t5, 0x2
core   0: 3 0x8000df34 (0x00002f17) x30 0x8000ff34
core   0: 0x8000df38 (0x0c3f2623) sw      gp, 204(t5)
core   0: 3 0x8000df38 (0x0c3f2623) mem 0x80010000 0x00000001
core   0: 0x8000df3c (0xff9ff06f) j       pc - 0x8
core   0: 3 0x8000df3c (0xff9ff06f)
core   0: 0x8000df34 (0x00002f17) auipc   t5, 0x2
core   0: 3 0x8000df34 (0x00002f17) x30 0x8000ff34
core   0: 0x8000df38 (0x0c3f2623) sw      gp, 204(t5)
core   0: 3 0x8000df38 (0x0c3f2623) mem 0x80010000 0x00000001
core   0: 0x8000df3c (0xff9ff06f) j       pc - 0x8
core   0: 3 0x8000df3c (0xff9ff06f)
core   0: 0x8000df34 (0x00002f17) auipc   t5, 0x2
core   0: 3 0x8000df34 (0x00002f17) x30 0x8000ff34
core   0: 0x8000df38 (0x0c3f2623) sw      gp, 204(t5)
core   0: 3 0x8000df38 (0x0c3f2623) mem 0x80010000 0x00000001
core   0: 0x8000df3c (0xff9ff06f) j       pc - 0x8
core   0: 3 0x8000df3c (0xff9ff06f)
core   0: 0x8000df34 (0x00002f17) auipc   t5, 0x2
core   0: 3 0x8000df34 (0x00002f17) x30 0x8000ff34
core   0: 0x8000df38 (0x0c3f2623) sw      gp, 204(t5)
core   0: 3 0x8000df38 (0x0c3f2623) mem 0x80010000 0x00000001
core   0: 0x8000df3c (0xff9ff06f) j       pc - 0x8
core   0: 3 0x8000df3c (0xff9ff06f)
core   0: 0x8000df34 (0x00002f17) auipc   t5, 0x2
core   0: 3 0x8000df34 (0x00002f17) x30 0x8000ff34
core   0: 0x8000df38 (0x0c3f2623) sw      gp, 204(t5)
core   0: 3 0x8000df38 (0x0c3f2623) mem 0x80010000 0x00000001
core   0: 0x8000df3c (0xff9ff06f) j       pc - 0x8
core   0: 3 0x8000df3c (0xff9ff06f)
core   0: 0x8000df34 (0x00002f17) auipc   t5, 0x2
core   0: 3 0x8000df34 (0x00002f17) x30 0x8000ff34
core   0: 0x8000df38 (0x0c3f2623) sw      gp, 204(t5)
core   0: 3 0x8000df38 (0x0c3f2623) mem 0x80010000 0x00000001
core   0: 0x8000df3c (0xff9ff06f) j       pc - 0x8
core   0: 3 0x8000df3c (0xff9ff06f)
core   0: 0x8000df34 (0x00002f17) auipc   t5, 0x2
core   0: 3 0x8000df34 (0x00002f17) x30 0x8000ff34
core   0: 0x8000df38 (0x0c3f2623) sw      gp, 204(t5)
core   0: 3 0x8000df38 (0x0c3f2623) mem 0x80010000 0x00000001
core   0: 0x8000df3c (0xff9ff06f) j       pc - 0x8
core   0: 3 0x8000df3c (0xff9ff06f)
core   0: 0x8000df34 (0x00002f17) auipc   t5, 0x2
core   0: 3 0x8000df34 (0x00002f17) x30 0x8000ff34
core   0: 0x8000df38 (0x0c3f2623) sw      gp, 204(t5)
core   0: 3 0x8000df38 (0x0c3f2623) mem 0x80010000 0x00000001
core   0: 0x8000df3c (0xff9ff06f) j       pc - 0x8
core   0: 3 0x8000df3c (0xff9ff06f)
core   0: 0x8000df34 (0x00002f17) auipc   t5, 0x2
core   0: 3 0x8000df34 (0x00002f17) x30 0x8000ff34
core   0: 0x8000df38 (0x0c3f2623) sw      gp, 204(t5)
core   0: 3 0x8000df38 (0x0c3f2623) mem 0x80010000 0x00000001
core   0: 0x8000df3c (0xff9ff06f) j       pc - 0x8
core   0: 3 0x8000df3c (0xff9ff06f)
core   0: 0x8000df34 (0x00002f17) auipc   t5, 0x2
core   0: 3 0x8000df34 (0x00002f17) x30 0x8000ff34
core   0: 0x8000df38 (0x0c3f2623) sw      gp, 204(t5)
core   0: 3 0x8000df38 (0x0c3f2623) mem 0x80010000 0x00000001
core   0: 0x8000df3c (0xff9ff06f) j       pc - 0x8
core   0: 3 0x8000df3c (0xff9ff06f)
core   0: 0x8000df34 (0x00002f17) auipc   t5, 0x2
core   0: 3 0x8000df34 (0x00002f17) x30 0x8000ff34
core   0: 0x8000df38 (0x0c3f2623) sw      gp, 204(t5)
core   0: 3 0x8000df38 (0x0c3f2623) mem 0x80010000 0x00000001
core   0: 0x8000df3c (0xff9ff06f) j       pc - 0x8
core   0: 3 0x8000df3c (0xff9ff06f)
core   0: 0x8000df34 (0x00002f17) auipc   t5, 0x2
core   0: 3 0x8000df34 (0x00002f17) x30 0x8000ff34
core   0: 0x8000df38 (0x0c3f2623) sw      gp, 204(t5)
core   0: 3 0x8000df38 (0x0c3f2623) mem 0x80010000 0x00000001
core   0: 0x8000df3c (0xff9ff06f) j       pc - 0x8
core   0: 3 0x8000df3c (0xff9ff06f)
core   0: 0x8000df34 (0x00002f17) auipc   t5, 0x2
core   0: 3 0x8000df34 (0x00002f17) x30 0x8000ff34
core   0: 0x8000df38 (0x0c3f2623) sw      gp, 204(t5)
core   0: 3 0x8000df38 (0x0c3f2623) mem 0x80010000 0x00000001
core   0: 0x8000df3c (0xff9ff06f) j       pc - 0x8
core   0: 3 0x8000df3c (0xff9ff06f)
core   0: 0x8000df34 (0x00002f17) auipc   t5, 0x2
core   0: 3 0x8000df34 (0x00002f17) x30 0x8000ff34
core   0: 0x8000df38 (0x0c3f2623) sw      gp, 204(t5)
core   0: 3 0x8000df38 (0x0c3f2623) mem 0x80010000 0x00000001
core   0: 0x8000df3c (0xff9ff06f) j       pc - 0x8
core   0: 3 0x8000df3c (0xff9ff06f)
core   0: 0x8000df34 (0x00002f17) auipc   t5, 0x2
core   0: 3 0x8000df34 (0x00002f17) x30 0x8000ff34
core   0: 0x8000df38 (0x0c3f2623) sw      gp, 204(t5)
core   0: 3 0x8000df38 (0x0c3f2623) mem 0x80010000 0x00000001
core   0: 0x8000df3c (0xff9ff06f) j       pc - 0x8
core   0: 3 0x8000df3c (0xff9ff06f)
core   0: 0x8000df34 (0x00002f17) auipc   t5, 0x2
core   0: 3 0x8000df34 (0x00002f17) x30 0x8000ff34
core   0: 0x8000df38 (0x0c3f2623) sw      gp, 204(t5)
core   0: 3 0x8000df38 (0x0c3f2623) mem 0x80010000 0x00000001
core   0: 0x8000df3c (0xff9ff06f) j       pc - 0x8
core   0: 3 0x8000df3c (0xff9ff06f)
core   0: 0x8000df34 (0x00002f17) auipc   t5, 0x2
core   0: 3 0x8000df34 (0x00002f17) x30 0x8000ff34
core   0: 0x8000df38 (0x0c3f2623) sw      gp, 204(t5)
core   0: 3 0x8000df38 (0x0c3f2623) mem 0x80010000 0x00000001
core   0: 0x8000df3c (0xff9ff06f) j       pc - 0x8
core   0: 3 0x8000df3c (0xff9ff06f)
core   0: 0x8000df34 (0x00002f17) auipc   t5, 0x2
core   0: 3 0x8000df34 (0x00002f17) x30 0x8000ff34
core   0: 0x8000df38 (0x0c3f2623) sw      gp, 204(t5)
core   0: 3 0x8000df38 (0x0c3f2623) mem 0x80010000 0x00000001
core   0: 0x8000df3c (0xff9ff06f) j       pc - 0x8
core   0: 3 0x8000df3c (0xff9ff06f)
core   0: 0x8000df34 (0x00002f17) auipc   t5, 0x2
core   0: 3 0x8000df34 (0x00002f17) x30 0x8000ff34
core   0: 0x8000df38 (0x0c3f2623) sw      gp, 204(t5)
core   0: 3 0x8000df38 (0x0c3f2623) mem 0x80010000 0x00000001
core   0: 0x8000df3c (0xff9ff06f) j       pc - 0x8
core   0: 3 0x8000df3c (0xff9ff06f)
core   0: 0x8000df34 (0x00002f17) auipc   t5, 0x2
core   0: 3 0x8000df34 (0x00002f17) x30 0x8000ff34
core   0: 0x8000df38 (0x0c3f2623) sw      gp, 204(t5)
core   0: 3 0x8000df38 (0x0c3f2623) mem 0x80010000 0x00000001
core   0: 0x8000df3c (0xff9ff06f) j       pc - 0x8
core   0: 3 0x8000df3c (0xff9ff06f)
core   0: 0x8000df34 (0x00002f17) auipc   t5, 0x2
core   0: 3 0x8000df34 (0x00002f17) x30 0x8000ff34
core   0: 0x8000df38 (0x0c3f2623) sw      gp, 204(t5)
core   0: 3 0x8000df38 (0x0c3f2623) mem 0x80010000 0x00000001
core   0: 0x8000df3c (0xff9ff06f) j       pc - 0x8
core   0: 3 0x8000df3c (0xff9ff06f)
core   0: 0x8000df34 (0x00002f17) auipc   t5, 0x2
core   0: 3 0x8000df34 (0x00002f17) x30 0x8000ff34
core   0: 0x8000df38 (0x0c3f2623) sw      gp, 204(t5)
core   0: 3 0x8000df38 (0x0c3f2623) mem 0x80010000 0x00000001
core   0: 0x8000df3c (0xff9ff06f) j       pc - 0x8
core   0: 3 0x8000df3c (0xff9ff06f)
core   0: 0x8000df34 (0x00002f17) auipc   t5, 0x2
core   0: 3 0x8000df34 (0x00002f17) x30 0x8000ff34
core   0: 0x8000df38 (0x0c3f2623) sw      gp, 204(t5)
core   0: 3 0x8000df38 (0x0c3f2623) mem 0x80010000 0x00000001
core   0: 0x8000df3c (0xff9ff06f) j       pc - 0x8
core   0: 3 0x8000df3c (0xff9ff06f)
core   0: 0x8000df34 (0x00002f17) auipc   t5, 0x2
core   0: 3 0x8000df34 (0x00002f17) x30 0x8000ff34
core   0: 0x8000df38 (0x0c3f2623) sw      gp, 204(t5)
core   0: 3 0x8000df38 (0x0c3f2623) mem 0x80010000 0x00000001
core   0: 0x8000df3c (0xff9ff06f) j       pc - 0x8
core   0: 3 0x8000df3c (0xff9ff06f)
core   0: 0x8000df34 (0x00002f17) auipc   t5, 0x2
core   0: 3 0x8000df34 (0x00002f17) x30 0x8000ff34
core   0: 0x8000df38 (0x0c3f2623) sw      gp, 204(t5)
core   0: 3 0x8000df38 (0x0c3f2623) mem 0x80010000 0x00000001
core   0: 0x8000df3c (0xff9ff06f) j       pc - 0x8
core   0: 3 0x8000df3c (0xff9ff06f)
core   0: 0x8000df34 (0x00002f17) auipc   t5, 0x2
core   0: 3 0x8000df34 (0x00002f17) x30 0x8000ff34
core   0: 0x8000df38 (0x0c3f2623) sw      gp, 204(t5)
core   0: 3 0x8000df38 (0x0c3f2623) mem 0x80010000 0x00000001
core   0: 0x8000df3c (0xff9ff06f) j       pc - 0x8
core   0: 3 0x8000df3c (0xff9ff06f)
core   0: 0x8000df34 (0x00002f17) auipc   t5, 0x2
core   0: 3 0x8000df34 (0x00002f17) x30 0x8000ff34
core   0: 0x8000df38 (0x0c3f2623) sw      gp, 204(t5)
core   0: 3 0x8000df38 (0x0c3f2623) mem 0x80010000 0x00000001
core   0: 0x8000df3c (0xff9ff06f) j       pc - 0x8
core   0: 3 0x8000df3c (0xff9ff06f)
core   0: 0x8000df34 (0x00002f17) auipc   t5, 0x2
core   0: 3 0x8000df34 (0x00002f17) x30 0x8000ff34
core   0: 0x8000df38 (0x0c3f2623) sw      gp, 204(t5)
core   0: 3 0x8000df38 (0x0c3f2623) mem 0x80010000 0x00000001
core   0: 0x8000df3c (0xff9ff06f) j       pc - 0x8
core   0: 3 0x8000df3c (0xff9ff06f)
core   0: 0x8000df34 (0x00002f17) auipc   t5, 0x2
core   0: 3 0x8000df34 (0x00002f17) x30 0x8000ff34
core   0: 0x8000df38 (0x0c3f2623) sw      gp, 204(t5)
core   0: 3 0x8000df38 (0x0c3f2623) mem 0x80010000 0x00000001
core   0: 0x8000df3c (0xff9ff06f) j       pc - 0x8
core   0: 3 0x8000df3c (0xff9ff06f)
core   0: 0x8000df34 (0x00002f17) auipc   t5, 0x2
core   0: 3 0x8000df34 (0x00002f17) x30 0x8000ff34
core   0: 0x8000df38 (0x0c3f2623) sw      gp, 204(t5)
core   0: 3 0x8000df38 (0x0c3f2623) mem 0x80010000 0x00000001
core   0: 0x8000df3c (0xff9ff06f) j       pc - 0x8
core   0: 3 0x8000df3c (0xff9ff06f)
core   0: 0x8000df34 (0x00002f17) auipc   t5, 0x2
core   0: 3 0x8000df34 (0x00002f17) x30 0x8000ff34
core   0: 0x8000df38 (0x0c3f2623) sw      gp, 204(t5)
core   0: 3 0x8000df38 (0x0c3f2623) mem 0x80010000 0x00000001
core   0: 0x8000df3c (0xff9ff06f) j       pc - 0x8
core   0: 3 0x8000df3c (0xff9ff06f)
core   0: 0x8000df34 (0x00002f17) auipc   t5, 0x2
core   0: 3 0x8000df34 (0x00002f17) x30 0x8000ff34
core   0: 0x8000df38 (0x0c3f2623) sw      gp, 204(t5)
core   0: 3 0x8000df38 (0x0c3f2623) mem 0x80010000 0x00000001
core   0: 0x8000df3c (0xff9ff06f) j       pc - 0x8
core   0: 3 0x8000df3c (0xff9ff06f)
core   0: 0x8000df34 (0x00002f17) auipc   t5, 0x2
core   0: 3 0x8000df34 (0x00002f17) x30 0x8000ff34
core   0: 0x8000df38 (0x0c3f2623) sw      gp, 204(t5)
core   0: 3 0x8000df38 (0x0c3f2623) mem 0x80010000 0x00000001
core   0: 0x8000df3c (0xff9ff06f) j       pc - 0x8
core   0: 3 0x8000df3c (0xff9ff06f)
core   0: 0x8000df34 (0x00002f17) auipc   t5, 0x2
core   0: 3 0x8000df34 (0x00002f17) x30 0x8000ff34
core   0: 0x8000df38 (0x0c3f2623) sw      gp, 204(t5)
core   0: 3 0x8000df38 (0x0c3f2623) mem 0x80010000 0x00000001
core   0: 0x8000df3c (0xff9ff06f) j       pc - 0x8
core   0: 3 0x8000df3c (0xff9ff06f)
core   0: 0x8000df34 (0x00002f17) auipc   t5, 0x2
core   0: 3 0x8000df34 (0x00002f17) x30 0x8000ff34
core   0: 0x8000df38 (0x0c3f2623) sw      gp, 204(t5)
core   0: 3 0x8000df38 (0x0c3f2623) mem 0x80010000 0x00000001
core   0: 0x8000df3c (0xff9ff06f) j       pc - 0x8
core   0: 3 0x8000df3c (0xff9ff06f)
core   0: 0x8000df34 (0x00002f17) auipc   t5, 0x2
core   0: 3 0x8000df34 (0x00002f17) x30 0x8000ff34
core   0: 0x8000df38 (0x0c3f2623) sw      gp, 204(t5)
core   0: 3 0x8000df38 (0x0c3f2623) mem 0x80010000 0x00000001
core   0: 0x8000df3c (0xff9ff06f) j       pc - 0x8
core   0: 3 0x8000df3c (0xff9ff06f)
core   0: 0x8000df34 (0x00002f17) auipc   t5, 0x2
core   0: 3 0x8000df34 (0x00002f17) x30 0x8000ff34
core   0: 0x8000df38 (0x0c3f2623) sw      gp, 204(t5)
core   0: 3 0x8000df38 (0x0c3f2623) mem 0x80010000 0x00000001
core   0: 0x8000df3c (0xff9ff06f) j       pc - 0x8
core   0: 3 0x8000df3c (0xff9ff06f)
core   0: 0x8000df34 (0x00002f17) auipc   t5, 0x2
core   0: 3 0x8000df34 (0x00002f17) x30 0x8000ff34
core   0: 0x8000df38 (0x0c3f2623) sw      gp, 204(t5)
core   0: 3 0x8000df38 (0x0c3f2623) mem 0x80010000 0x00000001
core   0: 0x8000df3c (0xff9ff06f) j       pc - 0x8
core   0: 3 0x8000df3c (0xff9ff06f)
core   0: 0x8000df34 (0x00002f17) auipc   t5, 0x2
core   0: 3 0x8000df34 (0x00002f17) x30 0x8000ff34
core   0: 0x8000df38 (0x0c3f2623) sw      gp, 204(t5)
core   0: 3 0x8000df38 (0x0c3f2623) mem 0x80010000 0x00000001
core   0: 0x8000df3c (0xff9ff06f) j       pc - 0x8
core   0: 3 0x8000df3c (0xff9ff06f)
core   0: 0x8000df34 (0x00002f17) auipc   t5, 0x2
core   0: 3 0x8000df34 (0x00002f17) x30 0x8000ff34
core   0: 0x8000df38 (0x0c3f2623) sw      gp, 204(t5)
core   0: 3 0x8000df38 (0x0c3f2623) mem 0x80010000 0x00000001
core   0: 0x8000df3c (0xff9ff06f) j       pc - 0x8
core   0: 3 0x8000df3c (0xff9ff06f)
core   0: 0x8000df34 (0x00002f17) auipc   t5, 0x2
core   0: 3 0x8000df34 (0x00002f17) x30 0x8000ff34
core   0: 0x8000df38 (0x0c3f2623) sw      gp, 204(t5)
core   0: 3 0x8000df38 (0x0c3f2623) mem 0x80010000 0x00000001
core   0: 0x8000df3c (0xff9ff06f) j       pc - 0x8
core   0: 3 0x8000df3c (0xff9ff06f)
core   0: 0x8000df34 (0x00002f17) auipc   t5, 0x2
core   0: 3 0x8000df34 (0x00002f17) x30 0x8000ff34
core   0: 0x8000df38 (0x0c3f2623) sw      gp, 204(t5)
core   0: 3 0x8000df38 (0x0c3f2623) mem 0x80010000 0x00000001
core   0: 0x8000df3c (0xff9ff06f) j       pc - 0x8
core   0: 3 0x8000df3c (0xff9ff06f)
core   0: 0x8000df34 (0x00002f17) auipc   t5, 0x2
core   0: 3 0x8000df34 (0x00002f17) x30 0x8000ff34
core   0: 0x8000df38 (0x0c3f2623) sw      gp, 204(t5)
core   0: 3 0x8000df38 (0x0c3f2623) mem 0x80010000 0x00000001
core   0: 0x8000df3c (0xff9ff06f) j       pc - 0x8
core   0: 3 0x8000df3c (0xff9ff06f)
core   0: 0x8000df34 (0x00002f17) auipc   t5, 0x2
core   0: 3 0x8000df34 (0x00002f17) x30 0x8000ff34
core   0: 0x8000df38 (0x0c3f2623) sw      gp, 204(t5)
core   0: 3 0x8000df38 (0x0c3f2623) mem 0x80010000 0x00000001
core   0: 0x8000df3c (0xff9ff06f) j       pc - 0x8
core   0: 3 0x8000df3c (0xff9ff06f)
core   0: 0x8000df34 (0x00002f17) auipc   t5, 0x2
core   0: 3 0x8000df34 (0x00002f17) x30 0x8000ff34
core   0: 0x8000df38 (0x0c3f2623) sw      gp, 204(t5)
core   0: 3 0x8000df38 (0x0c3f2623) mem 0x80010000 0x00000001
core   0: 0x8000df3c (0xff9ff06f) j       pc - 0x8
core   0: 3 0x8000df3c (0xff9ff06f)
core   0: 0x8000df34 (0x00002f17) auipc   t5, 0x2
core   0: 3 0x8000df34 (0x00002f17) x30 0x8000ff34
core   0: 0x8000df38 (0x0c3f2623) sw      gp, 204(t5)
core   0: 3 0x8000df38 (0x0c3f2623) mem 0x80010000 0x00000001
core   0: 0x8000df3c (0xff9ff06f) j       pc - 0x8
core   0: 3 0x8000df3c (0xff9ff06f)
core   0: 0x8000df34 (0x00002f17) auipc   t5, 0x2
core   0: 3 0x8000df34 (0x00002f17) x30 0x8000ff34
core   0: 0x8000df38 (0x0c3f2623) sw      gp, 204(t5)
core   0: 3 0x8000df38 (0x0c3f2623) mem 0x80010000 0x00000001
core   0: 0x8000df3c (0xff9ff06f) j       pc - 0x8
core   0: 3 0x8000df3c (0xff9ff06f)
core   0: 0x8000df34 (0x00002f17) auipc   t5, 0x2
core   0: 3 0x8000df34 (0x00002f17) x30 0x8000ff34
core   0: 0x8000df38 (0x0c3f2623) sw      gp, 204(t5)
core   0: 3 0x8000df38 (0x0c3f2623) mem 0x80010000 0x00000001
core   0: 0x8000df3c (0xff9ff06f) j       pc - 0x8
core   0: 3 0x8000df3c (0xff9ff06f)
core   0: 0x8000df34 (0x00002f17) auipc   t5, 0x2
core   0: 3 0x8000df34 (0x00002f17) x30 0x8000ff34
core   0: 0x8000df38 (0x0c3f2623) sw      gp, 204(t5)
core   0: 3 0x8000df38 (0x0c3f2623) mem 0x80010000 0x00000001
core   0: 0x8000df3c (0xff9ff06f) j       pc - 0x8
core   0: 3 0x8000df3c (0xff9ff06f)
core   0: 0x8000df34 (0x00002f17) auipc   t5, 0x2
core   0: 3 0x8000df34 (0x00002f17) x30 0x8000ff34
core   0: 0x8000df38 (0x0c3f2623) sw      gp, 204(t5)
core   0: 3 0x8000df38 (0x0c3f2623) mem 0x80010000 0x00000001
core   0: 0x8000df3c (0xff9ff06f) j       pc - 0x8
core   0: 3 0x8000df3c (0xff9ff06f)
core   0: 0x8000df34 (0x00002f17) auipc   t5, 0x2
core   0: 3 0x8000df34 (0x00002f17) x30 0x8000ff34
core   0: 0x8000df38 (0x0c3f2623) sw      gp, 204(t5)
core   0: 3 0x8000df38 (0x0c3f2623) mem 0x80010000 0x00000001
core   0: 0x8000df3c (0xff9ff06f) j       pc - 0x8
core   0: 3 0x8000df3c (0xff9ff06f)
core   0: 0x8000df34 (0x00002f17) auipc   t5, 0x2
core   0: 3 0x8000df34 (0x00002f17) x30 0x8000ff34
core   0: 0x8000df38 (0x0c3f2623) sw      gp, 204(t5)
core   0: 3 0x8000df38 (0x0c3f2623) mem 0x80010000 0x00000001
core   0: 0x8000df3c (0xff9ff06f) j       pc - 0x8
core   0: 3 0x8000df3c (0xff9ff06f)
core   0: 0x8000df34 (0x00002f17) auipc   t5, 0x2
core   0: 3 0x8000df34 (0x00002f17) x30 0x8000ff34
core   0: 0x8000df38 (0x0c3f2623) sw      gp, 204(t5)
core   0: 3 0x8000df38 (0x0c3f2623) mem 0x80010000 0x00000001
core   0: 0x8000df3c (0xff9ff06f) j       pc - 0x8
core   0: 3 0x8000df3c (0xff9ff06f)
core   0: 0x8000df34 (0x00002f17) auipc   t5, 0x2
core   0: 3 0x8000df34 (0x00002f17) x30 0x8000ff34
core   0: 0x8000df38 (0x0c3f2623) sw      gp, 204(t5)
core   0: 3 0x8000df38 (0x0c3f2623) mem 0x80010000 0x00000001
core   0: 0x8000df3c (0xff9ff06f) j       pc - 0x8
core   0: 3 0x8000df3c (0xff9ff06f)
core   0: 0x8000df34 (0x00002f17) auipc   t5, 0x2
core   0: 3 0x8000df34 (0x00002f17) x30 0x8000ff34
core   0: 0x8000df38 (0x0c3f2623) sw      gp, 204(t5)
core   0: 3 0x8000df38 (0x0c3f2623) mem 0x80010000 0x00000001
core   0: 0x8000df3c (0xff9ff06f) j       pc - 0x8
core   0: 3 0x8000df3c (0xff9ff06f)
core   0: 0x8000df34 (0x00002f17) auipc   t5, 0x2
core   0: 3 0x8000df34 (0x00002f17) x30 0x8000ff34
core   0: 0x8000df38 (0x0c3f2623) sw      gp, 204(t5)
core   0: 3 0x8000df38 (0x0c3f2623) mem 0x80010000 0x00000001
core   0: 0x8000df3c (0xff9ff06f) j       pc - 0x8
core   0: 3 0x8000df3c (0xff9ff06f)
core   0: 0x8000df34 (0x00002f17) auipc   t5, 0x2
core   0: 3 0x8000df34 (0x00002f17) x30 0x8000ff34
core   0: 0x8000df38 (0x0c3f2623) sw      gp, 204(t5)
core   0: 3 0x8000df38 (0x0c3f2623) mem 0x80010000 0x00000001
core   0: 0x8000df3c (0xff9ff06f) j       pc - 0x8
core   0: 3 0x8000df3c (0xff9ff06f)
core   0: 0x8000df34 (0x00002f17) auipc   t5, 0x2
core   0: 3 0x8000df34 (0x00002f17) x30 0x8000ff34
core   0: 0x8000df38 (0x0c3f2623) sw      gp, 204(t5)
core   0: 3 0x8000df38 (0x0c3f2623) mem 0x80010000 0x00000001
core   0: 0x8000df3c (0xff9ff06f) j       pc - 0x8
core   0: 3 0x8000df3c (0xff9ff06f)
core   0: 0x8000df34 (0x00002f17) auipc   t5, 0x2
core   0: 3 0x8000df34 (0x00002f17) x30 0x8000ff34
core   0: 0x8000df38 (0x0c3f2623) sw      gp, 204(t5)
core   0: 3 0x8000df38 (0x0c3f2623) mem 0x80010000 0x00000001
core   0: 0x8000df3c (0xff9ff06f) j       pc - 0x8
core   0: 3 0x8000df3c (0xff9ff06f)
core   0: 0x8000df34 (0x00002f17) auipc   t5, 0x2
core   0: 3 0x8000df34 (0x00002f17) x30 0x8000ff34
core   0: 0x8000df38 (0x0c3f2623) sw      gp, 204(t5)
core   0: 3 0x8000df38 (0x0c3f2623) mem 0x80010000 0x00000001
core   0: 0x8000df3c (0xff9ff06f) j       pc - 0x8
core   0: 3 0x8000df3c (0xff9ff06f)
core   0: 0x8000df34 (0x00002f17) auipc   t5, 0x2
core   0: 3 0x8000df34 (0x00002f17) x30 0x8000ff34
core   0: 0x8000df38 (0x0c3f2623) sw      gp, 204(t5)
core   0: 3 0x8000df38 (0x0c3f2623) mem 0x80010000 0x00000001
core   0: 0x8000df3c (0xff9ff06f) j       pc - 0x8
core   0: 3 0x8000df3c (0xff9ff06f)
core   0: 0x8000df34 (0x00002f17) auipc   t5, 0x2
core   0: 3 0x8000df34 (0x00002f17) x30 0x8000ff34
core   0: 0x8000df38 (0x0c3f2623) sw      gp, 204(t5)
core   0: 3 0x8000df38 (0x0c3f2623) mem 0x80010000 0x00000001
core   0: 0x8000df3c (0xff9ff06f) j       pc - 0x8
core   0: 3 0x8000df3c (0xff9ff06f)
core   0: 0x8000df34 (0x00002f17) auipc   t5, 0x2
core   0: 3 0x8000df34 (0x00002f17) x30 0x8000ff34
core   0: 0x8000df38 (0x0c3f2623) sw      gp, 204(t5)
core   0: 3 0x8000df38 (0x0c3f2623) mem 0x80010000 0x00000001
core   0: 0x8000df3c (0xff9ff06f) j       pc - 0x8
core   0: 3 0x8000df3c (0xff9ff06f)
core   0: 0x8000df34 (0x00002f17) auipc   t5, 0x2
core   0: 3 0x8000df34 (0x00002f17) x30 0x8000ff34
core   0: 0x8000df38 (0x0c3f2623) sw      gp, 204(t5)
core   0: 3 0x8000df38 (0x0c3f2623) mem 0x80010000 0x00000001
core   0: 0x8000df3c (0xff9ff06f) j       pc - 0x8
core   0: 3 0x8000df3c (0xff9ff06f)
core   0: 0x8000df34 (0x00002f17) auipc   t5, 0x2
core   0: 3 0x8000df34 (0x00002f17) x30 0x8000ff34
core   0: 0x8000df38 (0x0c3f2623) sw      gp, 204(t5)
core   0: 3 0x8000df38 (0x0c3f2623) mem 0x80010000 0x00000001
core   0: 0x8000df3c (0xff9ff06f) j       pc - 0x8
core   0: 3 0x8000df3c (0xff9ff06f)
core   0: 0x8000df34 (0x00002f17) auipc   t5, 0x2
core   0: 3 0x8000df34 (0x00002f17) x30 0x8000ff34
core   0: 0x8000df38 (0x0c3f2623) sw      gp, 204(t5)
core   0: 3 0x8000df38 (0x0c3f2623) mem 0x80010000 0x00000001
core   0: 0x8000df3c (0xff9ff06f) j       pc - 0x8
core   0: 3 0x8000df3c (0xff9ff06f)
core   0: 0x8000df34 (0x00002f17) auipc   t5, 0x2
core   0: 3 0x8000df34 (0x00002f17) x30 0x8000ff34
core   0: 0x8000df38 (0x0c3f2623) sw      gp, 204(t5)
core   0: 3 0x8000df38 (0x0c3f2623) mem 0x80010000 0x00000001
core   0: 0x8000df3c (0xff9ff06f) j       pc - 0x8
core   0: 3 0x8000df3c (0xff9ff06f)
core   0: 0x8000df34 (0x00002f17) auipc   t5, 0x2
core   0: 3 0x8000df34 (0x00002f17) x30 0x8000ff34
core   0: 0x8000df38 (0x0c3f2623) sw      gp, 204(t5)
core   0: 3 0x8000df38 (0x0c3f2623) mem 0x80010000 0x00000001
core   0: 0x8000df3c (0xff9ff06f) j       pc - 0x8
core   0: 3 0x8000df3c (0xff9ff06f)
core   0: 0x8000df34 (0x00002f17) auipc   t5, 0x2
core   0: 3 0x8000df34 (0x00002f17) x30 0x8000ff34
core   0: 0x8000df38 (0x0c3f2623) sw      gp, 204(t5)
core   0: 3 0x8000df38 (0x0c3f2623) mem 0x80010000 0x00000001
core   0: 0x8000df3c (0xff9ff06f) j       pc - 0x8
core   0: 3 0x8000df3c (0xff9ff06f)
core   0: 0x8000df34 (0x00002f17) auipc   t5, 0x2
core   0: 3 0x8000df34 (0x00002f17) x30 0x8000ff34
core   0: 0x8000df38 (0x0c3f2623) sw      gp, 204(t5)
core   0: 3 0x8000df38 (0x0c3f2623) mem 0x80010000 0x00000001
core   0: 0x8000df3c (0xff9ff06f) j       pc - 0x8
core   0: 3 0x8000df3c (0xff9ff06f)
core   0: 0x8000df34 (0x00002f17) auipc   t5, 0x2
core   0: 3 0x8000df34 (0x00002f17) x30 0x8000ff34
core   0: 0x8000df38 (0x0c3f2623) sw      gp, 204(t5)
core   0: 3 0x8000df38 (0x0c3f2623) mem 0x80010000 0x00000001
core   0: 0x8000df3c (0xff9ff06f) j       pc - 0x8
core   0: 3 0x8000df3c (0xff9ff06f)
core   0: 0x8000df34 (0x00002f17) auipc   t5, 0x2
core   0: 3 0x8000df34 (0x00002f17) x30 0x8000ff34
core   0: 0x8000df38 (0x0c3f2623) sw      gp, 204(t5)
core   0: 3 0x8000df38 (0x0c3f2623) mem 0x80010000 0x00000001
core   0: 0x8000df3c (0xff9ff06f) j       pc - 0x8
core   0: 3 0x8000df3c (0xff9ff06f)
core   0: 0x8000df34 (0x00002f17) auipc   t5, 0x2
core   0: 3 0x8000df34 (0x00002f17) x30 0x8000ff34
core   0: 0x8000df38 (0x0c3f2623) sw      gp, 204(t5)
core   0: 3 0x8000df38 (0x0c3f2623) mem 0x80010000 0x00000001
core   0: 0x8000df3c (0xff9ff06f) j       pc - 0x8
core   0: 3 0x8000df3c (0xff9ff06f)
core   0: 0x8000df34 (0x00002f17) auipc   t5, 0x2
core   0: 3 0x8000df34 (0x00002f17) x30 0x8000ff34
core   0: 0x8000df38 (0x0c3f2623) sw      gp, 204(t5)
core   0: 3 0x8000df38 (0x0c3f2623) mem 0x80010000 0x00000001
core   0: 0x8000df3c (0xff9ff06f) j       pc - 0x8
core   0: 3 0x8000df3c (0xff9ff06f)
core   0: 0x8000df34 (0x00002f17) auipc   t5, 0x2
core   0: 3 0x8000df34 (0x00002f17) x30 0x8000ff34
core   0: 0x8000df38 (0x0c3f2623) sw      gp, 204(t5)
core   0: 3 0x8000df38 (0x0c3f2623) mem 0x80010000 0x00000001
core   0: 0x8000df3c (0xff9ff06f) j       pc - 0x8
core   0: 3 0x8000df3c (0xff9ff06f)
core   0: 0x8000df34 (0x00002f17) auipc   t5, 0x2
core   0: 3 0x8000df34 (0x00002f17) x30 0x8000ff34
core   0: 0x8000df38 (0x0c3f2623) sw      gp, 204(t5)
core   0: 3 0x8000df38 (0x0c3f2623) mem 0x80010000 0x00000001
core   0: 0x8000df3c (0xff9ff06f) j       pc - 0x8
core   0: 3 0x8000df3c (0xff9ff06f)
core   0: 0x8000df34 (0x00002f17) auipc   t5, 0x2
core   0: 3 0x8000df34 (0x00002f17) x30 0x8000ff34
core   0: 0x8000df38 (0x0c3f2623) sw      gp, 204(t5)
core   0: 3 0x8000df38 (0x0c3f2623) mem 0x80010000 0x00000001
core   0: 0x8000df3c (0xff9ff06f) j       pc - 0x8
core   0: 3 0x8000df3c (0xff9ff06f)
core   0: 0x8000df34 (0x00002f17) auipc   t5, 0x2
core   0: 3 0x8000df34 (0x00002f17) x30 0x8000ff34
core   0: 0x8000df38 (0x0c3f2623) sw      gp, 204(t5)
core   0: 3 0x8000df38 (0x0c3f2623) mem 0x80010000 0x00000001
core   0: 0x8000df3c (0xff9ff06f) j       pc - 0x8
core   0: 3 0x8000df3c (0xff9ff06f)
core   0: 0x8000df34 (0x00002f17) auipc   t5, 0x2
core   0: 3 0x8000df34 (0x00002f17) x30 0x8000ff34
core   0: 0x8000df38 (0x0c3f2623) sw      gp, 204(t5)
core   0: 3 0x8000df38 (0x0c3f2623) mem 0x80010000 0x00000001
core   0: 0x8000df3c (0xff9ff06f) j       pc - 0x8
core   0: 3 0x8000df3c (0xff9ff06f)
core   0: 0x8000df34 (0x00002f17) auipc   t5, 0x2
core   0: 3 0x8000df34 (0x00002f17) x30 0x8000ff34
core   0: 0x8000df38 (0x0c3f2623) sw      gp, 204(t5)
core   0: 3 0x8000df38 (0x0c3f2623) mem 0x80010000 0x00000001
core   0: 0x8000df3c (0xff9ff06f) j       pc - 0x8
core   0: 3 0x8000df3c (0xff9ff06f)
core   0: 0x8000df34 (0x00002f17) auipc   t5, 0x2
core   0: 3 0x8000df34 (0x00002f17) x30 0x8000ff34
core   0: 0x8000df38 (0x0c3f2623) sw      gp, 204(t5)
core   0: 3 0x8000df38 (0x0c3f2623) mem 0x80010000 0x00000001
core   0: 0x8000df3c (0xff9ff06f) j       pc - 0x8
core   0: 3 0x8000df3c (0xff9ff06f)
core   0: 0x8000df34 (0x00002f17) auipc   t5, 0x2
core   0: 3 0x8000df34 (0x00002f17) x30 0x8000ff34
core   0: 0x8000df38 (0x0c3f2623) sw      gp, 204(t5)
core   0: 3 0x8000df38 (0x0c3f2623) mem 0x80010000 0x00000001
core   0: 0x8000df3c (0xff9ff06f) j       pc - 0x8
core   0: 3 0x8000df3c (0xff9ff06f)
core   0: 0x8000df34 (0x00002f17) auipc   t5, 0x2
core   0: 3 0x8000df34 (0x00002f17) x30 0x8000ff34
core   0: 0x8000df38 (0x0c3f2623) sw      gp, 204(t5)
core   0: 3 0x8000df38 (0x0c3f2623) mem 0x80010000 0x00000001
core   0: 0x8000df3c (0xff9ff06f) j       pc - 0x8
core   0: 3 0x8000df3c (0xff9ff06f)
core   0: 0x8000df34 (0x00002f17) auipc   t5, 0x2
core   0: 3 0x8000df34 (0x00002f17) x30 0x8000ff34
core   0: 0x8000df38 (0x0c3f2623) sw      gp, 204(t5)
core   0: 3 0x8000df38 (0x0c3f2623) mem 0x80010000 0x00000001
core   0: 0x8000df3c (0xff9ff06f) j       pc - 0x8
core   0: 3 0x8000df3c (0xff9ff06f)
core   0: 0x8000df34 (0x00002f17) auipc   t5, 0x2
core   0: 3 0x8000df34 (0x00002f17) x30 0x8000ff34
core   0: 0x8000df38 (0x0c3f2623) sw      gp, 204(t5)
core   0: 3 0x8000df38 (0x0c3f2623) mem 0x80010000 0x00000001
core   0: 0x8000df3c (0xff9ff06f) j       pc - 0x8
core   0: 3 0x8000df3c (0xff9ff06f)
core   0: 0x8000df34 (0x00002f17) auipc   t5, 0x2
core   0: 3 0x8000df34 (0x00002f17) x30 0x8000ff34
core   0: 0x8000df38 (0x0c3f2623) sw      gp, 204(t5)
core   0: 3 0x8000df38 (0x0c3f2623) mem 0x80010000 0x00000001
core   0: 0x8000df3c (0xff9ff06f) j       pc - 0x8
core   0: 3 0x8000df3c (0xff9ff06f)
core   0: 0x8000df34 (0x00002f17) auipc   t5, 0x2
core   0: 3 0x8000df34 (0x00002f17) x30 0x8000ff34
core   0: 0x8000df38 (0x0c3f2623) sw      gp, 204(t5)
core   0: 3 0x8000df38 (0x0c3f2623) mem 0x80010000 0x00000001
core   0: 0x8000df3c (0xff9ff06f) j       pc - 0x8
core   0: 3 0x8000df3c (0xff9ff06f)
core   0: 0x8000df34 (0x00002f17) auipc   t5, 0x2
core   0: 3 0x8000df34 (0x00002f17) x30 0x8000ff34
core   0: 0x8000df38 (0x0c3f2623) sw      gp, 204(t5)
core   0: 3 0x8000df38 (0x0c3f2623) mem 0x80010000 0x00000001
core   0: 0x8000df3c (0xff9ff06f) j       pc - 0x8
core   0: 3 0x8000df3c (0xff9ff06f)
core   0: 0x8000df34 (0x00002f17) auipc   t5, 0x2
core   0: 3 0x8000df34 (0x00002f17) x30 0x8000ff34
core   0: 0x8000df38 (0x0c3f2623) sw      gp, 204(t5)
core   0: 3 0x8000df38 (0x0c3f2623) mem 0x80010000 0x00000001
core   0: 0x8000df3c (0xff9ff06f) j       pc - 0x8
core   0: 3 0x8000df3c (0xff9ff06f)
core   0: 0x8000df34 (0x00002f17) auipc   t5, 0x2
core   0: 3 0x8000df34 (0x00002f17) x30 0x8000ff34
core   0: 0x8000df38 (0x0c3f2623) sw      gp, 204(t5)
core   0: 3 0x8000df38 (0x0c3f2623) mem 0x80010000 0x00000001
core   0: 0x8000df3c (0xff9ff06f) j       pc - 0x8
core   0: 3 0x8000df3c (0xff9ff06f)
core   0: 0x8000df34 (0x00002f17) auipc   t5, 0x2
core   0: 3 0x8000df34 (0x00002f17) x30 0x8000ff34
core   0: 0x8000df38 (0x0c3f2623) sw      gp, 204(t5)
core   0: 3 0x8000df38 (0x0c3f2623) mem 0x80010000 0x00000001
core   0: 0x8000df3c (0xff9ff06f) j       pc - 0x8
core   0: 3 0x8000df3c (0xff9ff06f)
core   0: 0x8000df34 (0x00002f17) auipc   t5, 0x2
core   0: 3 0x8000df34 (0x00002f17) x30 0x8000ff34
core   0: 0x8000df38 (0x0c3f2623) sw      gp, 204(t5)
core   0: 3 0x8000df38 (0x0c3f2623) mem 0x80010000 0x00000001
core   0: 0x8000df3c (0xff9ff06f) j       pc - 0x8
core   0: 3 0x8000df3c (0xff9ff06f)
core   0: 0x8000df34 (0x00002f17) auipc   t5, 0x2
core   0: 3 0x8000df34 (0x00002f17) x30 0x8000ff34
core   0: 0x8000df38 (0x0c3f2623) sw      gp, 204(t5)
core   0: 3 0x8000df38 (0x0c3f2623) mem 0x80010000 0x00000001
core   0: 0x8000df3c (0xff9ff06f) j       pc - 0x8
core   0: 3 0x8000df3c (0xff9ff06f)
core   0: 0x8000df34 (0x00002f17) auipc   t5, 0x2
core   0: 3 0x8000df34 (0x00002f17) x30 0x8000ff34
core   0: 0x8000df38 (0x0c3f2623) sw      gp, 204(t5)
core   0: 3 0x8000df38 (0x0c3f2623) mem 0x80010000 0x00000001
core   0: 0x8000df3c (0xff9ff06f) j       pc - 0x8
core   0: 3 0x8000df3c (0xff9ff06f)
core   0: 0x8000df34 (0x00002f17) auipc   t5, 0x2
core   0: 3 0x8000df34 (0x00002f17) x30 0x8000ff34
core   0: 0x8000df38 (0x0c3f2623) sw      gp, 204(t5)
core   0: 3 0x8000df38 (0x0c3f2623) mem 0x80010000 0x00000001
core   0: 0x8000df3c (0xff9ff06f) j       pc - 0x8
core   0: 3 0x8000df3c (0xff9ff06f)
core   0: 0x8000df34 (0x00002f17) auipc   t5, 0x2
core   0: 3 0x8000df34 (0x00002f17) x30 0x8000ff34
core   0: 0x8000df38 (0x0c3f2623) sw      gp, 204(t5)
core   0: 3 0x8000df38 (0x0c3f2623) mem 0x80010000 0x00000001
core   0: 0x8000df3c (0xff9ff06f) j       pc - 0x8
core   0: 3 0x8000df3c (0xff9ff06f)
core   0: 0x8000df34 (0x00002f17) auipc   t5, 0x2
core   0: 3 0x8000df34 (0x00002f17) x30 0x8000ff34
core   0: 0x8000df38 (0x0c3f2623) sw      gp, 204(t5)
core   0: 3 0x8000df38 (0x0c3f2623) mem 0x80010000 0x00000001
core   0: 0x8000df3c (0xff9ff06f) j       pc - 0x8
core   0: 3 0x8000df3c (0xff9ff06f)
core   0: 0x8000df34 (0x00002f17) auipc   t5, 0x2
core   0: 3 0x8000df34 (0x00002f17) x30 0x8000ff34
core   0: 0x8000df38 (0x0c3f2623) sw      gp, 204(t5)
core   0: 3 0x8000df38 (0x0c3f2623) mem 0x80010000 0x00000001
core   0: 0x8000df3c (0xff9ff06f) j       pc - 0x8
core   0: 3 0x8000df3c (0xff9ff06f)
core   0: 0x8000df34 (0x00002f17) auipc   t5, 0x2
core   0: 3 0x8000df34 (0x00002f17) x30 0x8000ff34
core   0: 0x8000df38 (0x0c3f2623) sw      gp, 204(t5)
core   0: 3 0x8000df38 (0x0c3f2623) mem 0x80010000 0x00000001
core   0: 0x8000df3c (0xff9ff06f) j       pc - 0x8
core   0: 3 0x8000df3c (0xff9ff06f)
core   0: 0x8000df34 (0x00002f17) auipc   t5, 0x2
core   0: 3 0x8000df34 (0x00002f17) x30 0x8000ff34
core   0: 0x8000df38 (0x0c3f2623) sw      gp, 204(t5)
core   0: 3 0x8000df38 (0x0c3f2623) mem 0x80010000 0x00000001
core   0: 0x8000df3c (0xff9ff06f) j       pc - 0x8
core   0: 3 0x8000df3c (0xff9ff06f)
core   0: 0x8000df34 (0x00002f17) auipc   t5, 0x2
core   0: 3 0x8000df34 (0x00002f17) x30 0x8000ff34
core   0: 0x8000df38 (0x0c3f2623) sw      gp, 204(t5)
core   0: 3 0x8000df38 (0x0c3f2623) mem 0x80010000 0x00000001
core   0: 0x8000df3c (0xff9ff06f) j       pc - 0x8
core   0: 3 0x8000df3c (0xff9ff06f)
core   0: 0x8000df34 (0x00002f17) auipc   t5, 0x2
core   0: 3 0x8000df34 (0x00002f17) x30 0x8000ff34
core   0: 0x8000df38 (0x0c3f2623) sw      gp, 204(t5)
core   0: 3 0x8000df38 (0x0c3f2623) mem 0x80010000 0x00000001
core   0: 0x8000df3c (0xff9ff06f) j       pc - 0x8
core   0: 3 0x8000df3c (0xff9ff06f)
core   0: 0x8000df34 (0x00002f17) auipc   t5, 0x2
core   0: 3 0x8000df34 (0x00002f17) x30 0x8000ff34
core   0: 0x8000df38 (0x0c3f2623) sw      gp, 204(t5)
core   0: 3 0x8000df38 (0x0c3f2623) mem 0x80010000 0x00000001
core   0: 0x8000df3c (0xff9ff06f) j       pc - 0x8
core   0: 3 0x8000df3c (0xff9ff06f)
core   0: 0x8000df34 (0x00002f17) auipc   t5, 0x2
core   0: 3 0x8000df34 (0x00002f17) x30 0x8000ff34
core   0: 0x8000df38 (0x0c3f2623) sw      gp, 204(t5)
core   0: 3 0x8000df38 (0x0c3f2623) mem 0x80010000 0x00000001
core   0: 0x8000df3c (0xff9ff06f) j       pc - 0x8
core   0: 3 0x8000df3c (0xff9ff06f)
core   0: 0x8000df34 (0x00002f17) auipc   t5, 0x2
core   0: 3 0x8000df34 (0x00002f17) x30 0x8000ff34
core   0: 0x8000df38 (0x0c3f2623) sw      gp, 204(t5)
core   0: 3 0x8000df38 (0x0c3f2623) mem 0x80010000 0x00000001
core   0: 0x8000df3c (0xff9ff06f) j       pc - 0x8
core   0: 3 0x8000df3c (0xff9ff06f)
core   0: 0x8000df34 (0x00002f17) auipc   t5, 0x2
core   0: 3 0x8000df34 (0x00002f17) x30 0x8000ff34
core   0: 0x8000df38 (0x0c3f2623) sw      gp, 204(t5)
core   0: 3 0x8000df38 (0x0c3f2623) mem 0x80010000 0x00000001
core   0: 0x8000df3c (0xff9ff06f) j       pc - 0x8
core   0: 3 0x8000df3c (0xff9ff06f)
core   0: 0x8000df34 (0x00002f17) auipc   t5, 0x2
core   0: 3 0x8000df34 (0x00002f17) x30 0x8000ff34
core   0: 0x8000df38 (0x0c3f2623) sw      gp, 204(t5)
core   0: 3 0x8000df38 (0x0c3f2623) mem 0x80010000 0x00000001
core   0: 0x8000df3c (0xff9ff06f) j       pc - 0x8
core   0: 3 0x8000df3c (0xff9ff06f)
core   0: 0x8000df34 (0x00002f17) auipc   t5, 0x2
core   0: 3 0x8000df34 (0x00002f17) x30 0x8000ff34
core   0: 0x8000df38 (0x0c3f2623) sw      gp, 204(t5)
core   0: 3 0x8000df38 (0x0c3f2623) mem 0x80010000 0x00000001
core   0: 0x8000df3c (0xff9ff06f) j       pc - 0x8
core   0: 3 0x8000df3c (0xff9ff06f)
core   0: 0x8000df34 (0x00002f17) auipc   t5, 0x2
core   0: 3 0x8000df34 (0x00002f17) x30 0x8000ff34
core   0: 0x8000df38 (0x0c3f2623) sw      gp, 204(t5)
core   0: 3 0x8000df38 (0x0c3f2623) mem 0x80010000 0x00000001
core   0: 0x8000df3c (0xff9ff06f) j       pc - 0x8
core   0: 3 0x8000df3c (0xff9ff06f)
core   0: 0x8000df34 (0x00002f17) auipc   t5, 0x2
core   0: 3 0x8000df34 (0x00002f17) x30 0x8000ff34
core   0: 0x8000df38 (0x0c3f2623) sw      gp, 204(t5)
core   0: 3 0x8000df38 (0x0c3f2623) mem 0x80010000 0x00000001
core   0: 0x8000df3c (0xff9ff06f) j       pc - 0x8
core   0: 3 0x8000df3c (0xff9ff06f)
core   0: 0x8000df34 (0x00002f17) auipc   t5, 0x2
core   0: 3 0x8000df34 (0x00002f17) x30 0x8000ff34
core   0: 0x8000df38 (0x0c3f2623) sw      gp, 204(t5)
core   0: 3 0x8000df38 (0x0c3f2623) mem 0x80010000 0x00000001
core   0: 0x8000df3c (0xff9ff06f) j       pc - 0x8
core   0: 3 0x8000df3c (0xff9ff06f)
core   0: 0x8000df34 (0x00002f17) auipc   t5, 0x2
core   0: 3 0x8000df34 (0x00002f17) x30 0x8000ff34
core   0: 0x8000df38 (0x0c3f2623) sw      gp, 204(t5)
core   0: 3 0x8000df38 (0x0c3f2623) mem 0x80010000 0x00000001
core   0: 0x8000df3c (0xff9ff06f) j       pc - 0x8
core   0: 3 0x8000df3c (0xff9ff06f)
core   0: 0x8000df34 (0x00002f17) auipc   t5, 0x2
core   0: 3 0x8000df34 (0x00002f17) x30 0x8000ff34
core   0: 0x8000df38 (0x0c3f2623) sw      gp, 204(t5)
core   0: 3 0x8000df38 (0x0c3f2623) mem 0x80010000 0x00000001
core   0: 0x8000df3c (0xff9ff06f) j       pc - 0x8
core   0: 3 0x8000df3c (0xff9ff06f)
core   0: 0x8000df34 (0x00002f17) auipc   t5, 0x2
core   0: 3 0x8000df34 (0x00002f17) x30 0x8000ff34
core   0: 0x8000df38 (0x0c3f2623) sw      gp, 204(t5)
core   0: 3 0x8000df38 (0x0c3f2623) mem 0x80010000 0x00000001
core   0: 0x8000df3c (0xff9ff06f) j       pc - 0x8
core   0: 3 0x8000df3c (0xff9ff06f)
core   0: 0x8000df34 (0x00002f17) auipc   t5, 0x2
core   0: 3 0x8000df34 (0x00002f17) x30 0x8000ff34
core   0: 0x8000df38 (0x0c3f2623) sw      gp, 204(t5)
core   0: 3 0x8000df38 (0x0c3f2623) mem 0x80010000 0x00000001
core   0: 0x8000df3c (0xff9ff06f) j       pc - 0x8
core   0: 3 0x8000df3c (0xff9ff06f)
core   0: 0x8000df34 (0x00002f17) auipc   t5, 0x2
core   0: 3 0x8000df34 (0x00002f17) x30 0x8000ff34
core   0: 0x8000df38 (0x0c3f2623) sw      gp, 204(t5)
core   0: 3 0x8000df38 (0x0c3f2623) mem 0x80010000 0x00000001
core   0: 0x8000df3c (0xff9ff06f) j       pc - 0x8
core   0: 3 0x8000df3c (0xff9ff06f)
core   0: 0x8000df34 (0x00002f17) auipc   t5, 0x2
core   0: 3 0x8000df34 (0x00002f17) x30 0x8000ff34
core   0: 0x8000df38 (0x0c3f2623) sw      gp, 204(t5)
core   0: 3 0x8000df38 (0x0c3f2623) mem 0x80010000 0x00000001
core   0: 0x8000df3c (0xff9ff06f) j       pc - 0x8
core   0: 3 0x8000df3c (0xff9ff06f)
core   0: 0x8000df34 (0x00002f17) auipc   t5, 0x2
core   0: 3 0x8000df34 (0x00002f17) x30 0x8000ff34
core   0: 0x8000df38 (0x0c3f2623) sw      gp, 204(t5)
core   0: 3 0x8000df38 (0x0c3f2623) mem 0x80010000 0x00000001
core   0: 0x8000df3c (0xff9ff06f) j       pc - 0x8
core   0: 3 0x8000df3c (0xff9ff06f)
core   0: 0x8000df34 (0x00002f17) auipc   t5, 0x2
core   0: 3 0x8000df34 (0x00002f17) x30 0x8000ff34
core   0: 0x8000df38 (0x0c3f2623) sw      gp, 204(t5)
core   0: 3 0x8000df38 (0x0c3f2623) mem 0x80010000 0x00000001
core   0: 0x8000df3c (0xff9ff06f) j       pc - 0x8
core   0: 3 0x8000df3c (0xff9ff06f)
core   0: 0x8000df34 (0x00002f17) auipc   t5, 0x2
core   0: 3 0x8000df34 (0x00002f17) x30 0x8000ff34
core   0: 0x8000df38 (0x0c3f2623) sw      gp, 204(t5)
core   0: 3 0x8000df38 (0x0c3f2623) mem 0x80010000 0x00000001
core   0: 0x8000df3c (0xff9ff06f) j       pc - 0x8
core   0: 3 0x8000df3c (0xff9ff06f)
core   0: 0x8000df34 (0x00002f17) auipc   t5, 0x2
core   0: 3 0x8000df34 (0x00002f17) x30 0x8000ff34
core   0: 0x8000df38 (0x0c3f2623) sw      gp, 204(t5)
core   0: 3 0x8000df38 (0x0c3f2623) mem 0x80010000 0x00000001
core   0: 0x8000df3c (0xff9ff06f) j       pc - 0x8
core   0: 3 0x8000df3c (0xff9ff06f)
core   0: 0x8000df34 (0x00002f17) auipc   t5, 0x2
core   0: 3 0x8000df34 (0x00002f17) x30 0x8000ff34
core   0: 0x8000df38 (0x0c3f2623) sw      gp, 204(t5)
core   0: 3 0x8000df38 (0x0c3f2623) mem 0x80010000 0x00000001
core   0: 0x8000df3c (0xff9ff06f) j       pc - 0x8
core   0: 3 0x8000df3c (0xff9ff06f)
core   0: 0x8000df34 (0x00002f17) auipc   t5, 0x2
core   0: 3 0x8000df34 (0x00002f17) x30 0x8000ff34
core   0: 0x8000df38 (0x0c3f2623) sw      gp, 204(t5)
core   0: 3 0x8000df38 (0x0c3f2623) mem 0x80010000 0x00000001
core   0: 0x8000df3c (0xff9ff06f) j       pc - 0x8
core   0: 3 0x8000df3c (0xff9ff06f)
core   0: 0x8000df34 (0x00002f17) auipc   t5, 0x2
core   0: 3 0x8000df34 (0x00002f17) x30 0x8000ff34
core   0: 0x8000df38 (0x0c3f2623) sw      gp, 204(t5)
core   0: 3 0x8000df38 (0x0c3f2623) mem 0x80010000 0x00000001
core   0: 0x8000df3c (0xff9ff06f) j       pc - 0x8
core   0: 3 0x8000df3c (0xff9ff06f)
core   0: 0x8000df34 (0x00002f17) auipc   t5, 0x2
core   0: 3 0x8000df34 (0x00002f17) x30 0x8000ff34
core   0: 0x8000df38 (0x0c3f2623) sw      gp, 204(t5)
core   0: 3 0x8000df38 (0x0c3f2623) mem 0x80010000 0x00000001
core   0: 0x8000df3c (0xff9ff06f) j       pc - 0x8
core   0: 3 0x8000df3c (0xff9ff06f)
core   0: 0x8000df34 (0x00002f17) auipc   t5, 0x2
core   0: 3 0x8000df34 (0x00002f17) x30 0x8000ff34
core   0: 0x8000df38 (0x0c3f2623) sw      gp, 204(t5)
core   0: 3 0x8000df38 (0x0c3f2623) mem 0x80010000 0x00000001
core   0: 0x8000df3c (0xff9ff06f) j       pc - 0x8
core   0: 3 0x8000df3c (0xff9ff06f)
core   0: 0x8000df34 (0x00002f17) auipc   t5, 0x2
core   0: 3 0x8000df34 (0x00002f17) x30 0x8000ff34
core   0: 0x8000df38 (0x0c3f2623) sw      gp, 204(t5)
core   0: 3 0x8000df38 (0x0c3f2623) mem 0x80010000 0x00000001
core   0: 0x8000df3c (0xff9ff06f) j       pc - 0x8
core   0: 3 0x8000df3c (0xff9ff06f)
core   0: 0x8000df34 (0x00002f17) auipc   t5, 0x2
core   0: 3 0x8000df34 (0x00002f17) x30 0x8000ff34
core   0: 0x8000df38 (0x0c3f2623) sw      gp, 204(t5)
core   0: 3 0x8000df38 (0x0c3f2623) mem 0x80010000 0x00000001
core   0: 0x8000df3c (0xff9ff06f) j       pc - 0x8
core   0: 3 0x8000df3c (0xff9ff06f)
core   0: 0x8000df34 (0x00002f17) auipc   t5, 0x2
core   0: 3 0x8000df34 (0x00002f17) x30 0x8000ff34
core   0: 0x8000df38 (0x0c3f2623) sw      gp, 204(t5)
core   0: 3 0x8000df38 (0x0c3f2623) mem 0x80010000 0x00000001
core   0: 0x8000df3c (0xff9ff06f) j       pc - 0x8
core   0: 3 0x8000df3c (0xff9ff06f)
core   0: 0x8000df34 (0x00002f17) auipc   t5, 0x2
core   0: 3 0x8000df34 (0x00002f17) x30 0x8000ff34
core   0: 0x8000df38 (0x0c3f2623) sw      gp, 204(t5)
core   0: 3 0x8000df38 (0x0c3f2623) mem 0x80010000 0x00000001
core   0: 0x8000df3c (0xff9ff06f) j       pc - 0x8
core   0: 3 0x8000df3c (0xff9ff06f)
core   0: 0x8000df34 (0x00002f17) auipc   t5, 0x2
core   0: 3 0x8000df34 (0x00002f17) x30 0x8000ff34
core   0: 0x8000df38 (0x0c3f2623) sw      gp, 204(t5)
core   0: 3 0x8000df38 (0x0c3f2623) mem 0x80010000 0x00000001
core   0: 0x8000df3c (0xff9ff06f) j       pc - 0x8
core   0: 3 0x8000df3c (0xff9ff06f)
core   0: 0x8000df34 (0x00002f17) auipc   t5, 0x2
core   0: 3 0x8000df34 (0x00002f17) x30 0x8000ff34
core   0: 0x8000df38 (0x0c3f2623) sw      gp, 204(t5)
core   0: 3 0x8000df38 (0x0c3f2623) mem 0x80010000 0x00000001
core   0: 0x8000df3c (0xff9ff06f) j       pc - 0x8
core   0: 3 0x8000df3c (0xff9ff06f)
core   0: 0x8000df34 (0x00002f17) auipc   t5, 0x2
core   0: 3 0x8000df34 (0x00002f17) x30 0x8000ff34
core   0: 0x8000df38 (0x0c3f2623) sw      gp, 204(t5)
core   0: 3 0x8000df38 (0x0c3f2623) mem 0x80010000 0x00000001
core   0: 0x8000df3c (0xff9ff06f) j       pc - 0x8
core   0: 3 0x8000df3c (0xff9ff06f)
core   0: 0x8000df34 (0x00002f17) auipc   t5, 0x2
core   0: 3 0x8000df34 (0x00002f17) x30 0x8000ff34
core   0: 0x8000df38 (0x0c3f2623) sw      gp, 204(t5)
core   0: 3 0x8000df38 (0x0c3f2623) mem 0x80010000 0x00000001
core   0: 0x8000df3c (0xff9ff06f) j       pc - 0x8
core   0: 3 0x8000df3c (0xff9ff06f)
core   0: 0x8000df34 (0x00002f17) auipc   t5, 0x2
core   0: 3 0x8000df34 (0x00002f17) x30 0x8000ff34
core   0: 0x8000df38 (0x0c3f2623) sw      gp, 204(t5)
core   0: 3 0x8000df38 (0x0c3f2623) mem 0x80010000 0x00000001
core   0: 0x8000df3c (0xff9ff06f) j       pc - 0x8
core   0: 3 0x8000df3c (0xff9ff06f)
core   0: 0x8000df34 (0x00002f17) auipc   t5, 0x2
core   0: 3 0x8000df34 (0x00002f17) x30 0x8000ff34
core   0: 0x8000df38 (0x0c3f2623) sw      gp, 204(t5)
core   0: 3 0x8000df38 (0x0c3f2623) mem 0x80010000 0x00000001
core   0: 0x8000df3c (0xff9ff06f) j       pc - 0x8
core   0: 3 0x8000df3c (0xff9ff06f)
core   0: 0x8000df34 (0x00002f17) auipc   t5, 0x2
core   0: 3 0x8000df34 (0x00002f17) x30 0x8000ff34
core   0: 0x8000df38 (0x0c3f2623) sw      gp, 204(t5)
core   0: 3 0x8000df38 (0x0c3f2623) mem 0x80010000 0x00000001
core   0: 0x8000df3c (0xff9ff06f) j       pc - 0x8
core   0: 3 0x8000df3c (0xff9ff06f)
core   0: 0x8000df34 (0x00002f17) auipc   t5, 0x2
core   0: 3 0x8000df34 (0x00002f17) x30 0x8000ff34
core   0: 0x8000df38 (0x0c3f2623) sw      gp, 204(t5)
core   0: 3 0x8000df38 (0x0c3f2623) mem 0x80010000 0x00000001
core   0: 0x8000df3c (0xff9ff06f) j       pc - 0x8
core   0: 3 0x8000df3c (0xff9ff06f)
core   0: 0x8000df34 (0x00002f17) auipc   t5, 0x2
core   0: 3 0x8000df34 (0x00002f17) x30 0x8000ff34
core   0: 0x8000df38 (0x0c3f2623) sw      gp, 204(t5)
core   0: 3 0x8000df38 (0x0c3f2623) mem 0x80010000 0x00000001
core   0: 0x8000df3c (0xff9ff06f) j       pc - 0x8
core   0: 3 0x8000df3c (0xff9ff06f)
core   0: 0x8000df34 (0x00002f17) auipc   t5, 0x2
core   0: 3 0x8000df34 (0x00002f17) x30 0x8000ff34
core   0: 0x8000df38 (0x0c3f2623) sw      gp, 204(t5)
core   0: 3 0x8000df38 (0x0c3f2623) mem 0x80010000 0x00000001
core   0: 0x8000df3c (0xff9ff06f) j       pc - 0x8
core   0: 3 0x8000df3c (0xff9ff06f)
core   0: 0x8000df34 (0x00002f17) auipc   t5, 0x2
core   0: 3 0x8000df34 (0x00002f17) x30 0x8000ff34
core   0: 0x8000df38 (0x0c3f2623) sw      gp, 204(t5)
core   0: 3 0x8000df38 (0x0c3f2623) mem 0x80010000 0x00000001
core   0: 0x8000df3c (0xff9ff06f) j       pc - 0x8
core   0: 3 0x8000df3c (0xff9ff06f)
core   0: 0x8000df34 (0x00002f17) auipc   t5, 0x2
core   0: 3 0x8000df34 (0x00002f17) x30 0x8000ff34
core   0: 0x8000df38 (0x0c3f2623) sw      gp, 204(t5)
core   0: 3 0x8000df38 (0x0c3f2623) mem 0x80010000 0x00000001
core   0: 0x8000df3c (0xff9ff06f) j       pc - 0x8
core   0: 3 0x8000df3c (0xff9ff06f)
core   0: 0x8000df34 (0x00002f17) auipc   t5, 0x2
core   0: 3 0x8000df34 (0x00002f17) x30 0x8000ff34
core   0: 0x8000df38 (0x0c3f2623) sw      gp, 204(t5)
core   0: 3 0x8000df38 (0x0c3f2623) mem 0x80010000 0x00000001
core   0: 0x8000df3c (0xff9ff06f) j       pc - 0x8
core   0: 3 0x8000df3c (0xff9ff06f)
core   0: 0x8000df34 (0x00002f17) auipc   t5, 0x2
core   0: 3 0x8000df34 (0x00002f17) x30 0x8000ff34
core   0: 0x8000df38 (0x0c3f2623) sw      gp, 204(t5)
core   0: 3 0x8000df38 (0x0c3f2623) mem 0x80010000 0x00000001
core   0: 0x8000df3c (0xff9ff06f) j       pc - 0x8
core   0: 3 0x8000df3c (0xff9ff06f)
core   0: 0x8000df34 (0x00002f17) auipc   t5, 0x2
core   0: 3 0x8000df34 (0x00002f17) x30 0x8000ff34
core   0: 0x8000df38 (0x0c3f2623) sw      gp, 204(t5)
core   0: 3 0x8000df38 (0x0c3f2623) mem 0x80010000 0x00000001
core   0: 0x8000df3c (0xff9ff06f) j       pc - 0x8
core   0: 3 0x8000df3c (0xff9ff06f)
core   0: 0x8000df34 (0x00002f17) auipc   t5, 0x2
core   0: 3 0x8000df34 (0x00002f17) x30 0x8000ff34
core   0: 0x8000df38 (0x0c3f2623) sw      gp, 204(t5)
core   0: 3 0x8000df38 (0x0c3f2623) mem 0x80010000 0x00000001
core   0: 0x8000df3c (0xff9ff06f) j       pc - 0x8
core   0: 3 0x8000df3c (0xff9ff06f)
core   0: 0x8000df34 (0x00002f17) auipc   t5, 0x2
core   0: 3 0x8000df34 (0x00002f17) x30 0x8000ff34
core   0: 0x8000df38 (0x0c3f2623) sw      gp, 204(t5)
core   0: 3 0x8000df38 (0x0c3f2623) mem 0x80010000 0x00000001
core   0: 0x8000df3c (0xff9ff06f) j       pc - 0x8
core   0: 3 0x8000df3c (0xff9ff06f)
core   0: 0x8000df34 (0x00002f17) auipc   t5, 0x2
core   0: 3 0x8000df34 (0x00002f17) x30 0x8000ff34
core   0: 0x8000df38 (0x0c3f2623) sw      gp, 204(t5)
core   0: 3 0x8000df38 (0x0c3f2623) mem 0x80010000 0x00000001
core   0: 0x8000df3c (0xff9ff06f) j       pc - 0x8
core   0: 3 0x8000df3c (0xff9ff06f)
core   0: 0x8000df34 (0x00002f17) auipc   t5, 0x2
core   0: 3 0x8000df34 (0x00002f17) x30 0x8000ff34
core   0: 0x8000df38 (0x0c3f2623) sw      gp, 204(t5)
core   0: 3 0x8000df38 (0x0c3f2623) mem 0x80010000 0x00000001
core   0: 0x8000df3c (0xff9ff06f) j       pc - 0x8
core   0: 3 0x8000df3c (0xff9ff06f)
core   0: 0x8000df34 (0x00002f17) auipc   t5, 0x2
core   0: 3 0x8000df34 (0x00002f17) x30 0x8000ff34
core   0: 0x8000df38 (0x0c3f2623) sw      gp, 204(t5)
core   0: 3 0x8000df38 (0x0c3f2623) mem 0x80010000 0x00000001
core   0: 0x8000df3c (0xff9ff06f) j       pc - 0x8
core   0: 3 0x8000df3c (0xff9ff06f)
core   0: 0x8000df34 (0x00002f17) auipc   t5, 0x2
core   0: 3 0x8000df34 (0x00002f17) x30 0x8000ff34
core   0: 0x8000df38 (0x0c3f2623) sw      gp, 204(t5)
core   0: 3 0x8000df38 (0x0c3f2623) mem 0x80010000 0x00000001
core   0: 0x8000df3c (0xff9ff06f) j       pc - 0x8
core   0: 3 0x8000df3c (0xff9ff06f)
core   0: 0x8000df34 (0x00002f17) auipc   t5, 0x2
core   0: 3 0x8000df34 (0x00002f17) x30 0x8000ff34
core   0: 0x8000df38 (0x0c3f2623) sw      gp, 204(t5)
core   0: 3 0x8000df38 (0x0c3f2623) mem 0x80010000 0x00000001
core   0: 0x8000df3c (0xff9ff06f) j       pc - 0x8
core   0: 3 0x8000df3c (0xff9ff06f)
core   0: 0x8000df34 (0x00002f17) auipc   t5, 0x2
core   0: 3 0x8000df34 (0x00002f17) x30 0x8000ff34
core   0: 0x8000df38 (0x0c3f2623) sw      gp, 204(t5)
core   0: 3 0x8000df38 (0x0c3f2623) mem 0x80010000 0x00000001
core   0: 0x8000df3c (0xff9ff06f) j       pc - 0x8
core   0: 3 0x8000df3c (0xff9ff06f)
core   0: 0x8000df34 (0x00002f17) auipc   t5, 0x2
core   0: 3 0x8000df34 (0x00002f17) x30 0x8000ff34
core   0: 0x8000df38 (0x0c3f2623) sw      gp, 204(t5)
core   0: 3 0x8000df38 (0x0c3f2623) mem 0x80010000 0x00000001
core   0: 0x8000df3c (0xff9ff06f) j       pc - 0x8
core   0: 3 0x8000df3c (0xff9ff06f)
core   0: 0x8000df34 (0x00002f17) auipc   t5, 0x2
core   0: 3 0x8000df34 (0x00002f17) x30 0x8000ff34
core   0: 0x8000df38 (0x0c3f2623) sw      gp, 204(t5)
core   0: 3 0x8000df38 (0x0c3f2623) mem 0x80010000 0x00000001
core   0: 0x8000df3c (0xff9ff06f) j       pc - 0x8
core   0: 3 0x8000df3c (0xff9ff06f)
core   0: 0x8000df34 (0x00002f17) auipc   t5, 0x2
core   0: 3 0x8000df34 (0x00002f17) x30 0x8000ff34
core   0: 0x8000df38 (0x0c3f2623) sw      gp, 204(t5)
core   0: 3 0x8000df38 (0x0c3f2623) mem 0x80010000 0x00000001
core   0: 0x8000df3c (0xff9ff06f) j       pc - 0x8
core   0: 3 0x8000df3c (0xff9ff06f)
core   0: 0x8000df34 (0x00002f17) auipc   t5, 0x2
core   0: 3 0x8000df34 (0x00002f17) x30 0x8000ff34
core   0: 0x8000df38 (0x0c3f2623) sw      gp, 204(t5)
core   0: 3 0x8000df38 (0x0c3f2623) mem 0x80010000 0x00000001
core   0: 0x8000df3c (0xff9ff06f) j       pc - 0x8
core   0: 3 0x8000df3c (0xff9ff06f)
core   0: 0x8000df34 (0x00002f17) auipc   t5, 0x2
core   0: 3 0x8000df34 (0x00002f17) x30 0x8000ff34
core   0: 0x8000df38 (0x0c3f2623) sw      gp, 204(t5)
core   0: 3 0x8000df38 (0x0c3f2623) mem 0x80010000 0x00000001
core   0: 0x8000df3c (0xff9ff06f) j       pc - 0x8
core   0: 3 0x8000df3c (0xff9ff06f)
core   0: 0x8000df34 (0x00002f17) auipc   t5, 0x2
core   0: 3 0x8000df34 (0x00002f17) x30 0x8000ff34
core   0: 0x8000df38 (0x0c3f2623) sw      gp, 204(t5)
core   0: 3 0x8000df38 (0x0c3f2623) mem 0x80010000 0x00000001
core   0: 0x8000df3c (0xff9ff06f) j       pc - 0x8
core   0: 3 0x8000df3c (0xff9ff06f)
core   0: 0x8000df34 (0x00002f17) auipc   t5, 0x2
core   0: 3 0x8000df34 (0x00002f17) x30 0x8000ff34
core   0: 0x8000df38 (0x0c3f2623) sw      gp, 204(t5)
core   0: 3 0x8000df38 (0x0c3f2623) mem 0x80010000 0x00000001
core   0: 0x8000df3c (0xff9ff06f) j       pc - 0x8
core   0: 3 0x8000df3c (0xff9ff06f)
core   0: 0x8000df34 (0x00002f17) auipc   t5, 0x2
core   0: 3 0x8000df34 (0x00002f17) x30 0x8000ff34
core   0: 0x8000df38 (0x0c3f2623) sw      gp, 204(t5)
core   0: 3 0x8000df38 (0x0c3f2623) mem 0x80010000 0x00000001
core   0: 0x8000df3c (0xff9ff06f) j       pc - 0x8
core   0: 3 0x8000df3c (0xff9ff06f)
core   0: 0x8000df34 (0x00002f17) auipc   t5, 0x2
core   0: 3 0x8000df34 (0x00002f17) x30 0x8000ff34
core   0: 0x8000df38 (0x0c3f2623) sw      gp, 204(t5)
core   0: 3 0x8000df38 (0x0c3f2623) mem 0x80010000 0x00000001
core   0: 0x8000df3c (0xff9ff06f) j       pc - 0x8
core   0: 3 0x8000df3c (0xff9ff06f)
core   0: 0x8000df34 (0x00002f17) auipc   t5, 0x2
core   0: 3 0x8000df34 (0x00002f17) x30 0x8000ff34
core   0: 0x8000df38 (0x0c3f2623) sw      gp, 204(t5)
core   0: 3 0x8000df38 (0x0c3f2623) mem 0x80010000 0x00000001
core   0: 0x8000df3c (0xff9ff06f) j       pc - 0x8
core   0: 3 0x8000df3c (0xff9ff06f)
core   0: 0x8000df34 (0x00002f17) auipc   t5, 0x2
core   0: 3 0x8000df34 (0x00002f17) x30 0x8000ff34
core   0: 0x8000df38 (0x0c3f2623) sw      gp, 204(t5)
core   0: 3 0x8000df38 (0x0c3f2623) mem 0x80010000 0x00000001
core   0: 0x8000df3c (0xff9ff06f) j       pc - 0x8
core   0: 3 0x8000df3c (0xff9ff06f)
core   0: 0x8000df34 (0x00002f17) auipc   t5, 0x2
core   0: 3 0x8000df34 (0x00002f17) x30 0x8000ff34
core   0: 0x8000df38 (0x0c3f2623) sw      gp, 204(t5)
core   0: 3 0x8000df38 (0x0c3f2623) mem 0x80010000 0x00000001
core   0: 0x8000df3c (0xff9ff06f) j       pc - 0x8
core   0: 3 0x8000df3c (0xff9ff06f)
core   0: 0x8000df34 (0x00002f17) auipc   t5, 0x2
core   0: 3 0x8000df34 (0x00002f17) x30 0x8000ff34
core   0: 0x8000df38 (0x0c3f2623) sw      gp, 204(t5)
core   0: 3 0x8000df38 (0x0c3f2623) mem 0x80010000 0x00000001
core   0: 0x8000df3c (0xff9ff06f) j       pc - 0x8
core   0: 3 0x8000df3c (0xff9ff06f)
core   0: 0x8000df34 (0x00002f17) auipc   t5, 0x2
core   0: 3 0x8000df34 (0x00002f17) x30 0x8000ff34
core   0: 0x8000df38 (0x0c3f2623) sw      gp, 204(t5)
core   0: 3 0x8000df38 (0x0c3f2623) mem 0x80010000 0x00000001
core   0: 0x8000df3c (0xff9ff06f) j       pc - 0x8
core   0: 3 0x8000df3c (0xff9ff06f)
core   0: 0x8000df34 (0x00002f17) auipc   t5, 0x2
core   0: 3 0x8000df34 (0x00002f17) x30 0x8000ff34
core   0: 0x8000df38 (0x0c3f2623) sw      gp, 204(t5)
core   0: 3 0x8000df38 (0x0c3f2623) mem 0x80010000 0x00000001
core   0: 0x8000df3c (0xff9ff06f) j       pc - 0x8
core   0: 3 0x8000df3c (0xff9ff06f)
core   0: 0x8000df34 (0x00002f17) auipc   t5, 0x2
core   0: 3 0x8000df34 (0x00002f17) x30 0x8000ff34
core   0: 0x8000df38 (0x0c3f2623) sw      gp, 204(t5)
core   0: 3 0x8000df38 (0x0c3f2623) mem 0x80010000 0x00000001
core   0: 0x8000df3c (0xff9ff06f) j       pc - 0x8
core   0: 3 0x8000df3c (0xff9ff06f)
core   0: 0x8000df34 (0x00002f17) auipc   t5, 0x2
core   0: 3 0x8000df34 (0x00002f17) x30 0x8000ff34
core   0: 0x8000df38 (0x0c3f2623) sw      gp, 204(t5)
core   0: 3 0x8000df38 (0x0c3f2623) mem 0x80010000 0x00000001
core   0: 0x8000df3c (0xff9ff06f) j       pc - 0x8
core   0: 3 0x8000df3c (0xff9ff06f)
core   0: 0x8000df34 (0x00002f17) auipc   t5, 0x2
core   0: 3 0x8000df34 (0x00002f17) x30 0x8000ff34
core   0: 0x8000df38 (0x0c3f2623) sw      gp, 204(t5)
core   0: 3 0x8000df38 (0x0c3f2623) mem 0x80010000 0x00000001
core   0: 0x8000df3c (0xff9ff06f) j       pc - 0x8
core   0: 3 0x8000df3c (0xff9ff06f)
core   0: 0x8000df34 (0x00002f17) auipc   t5, 0x2
core   0: 3 0x8000df34 (0x00002f17) x30 0x8000ff34
core   0: 0x8000df38 (0x0c3f2623) sw      gp, 204(t5)
core   0: 3 0x8000df38 (0x0c3f2623) mem 0x80010000 0x00000001
core   0: 0x8000df3c (0xff9ff06f) j       pc - 0x8
core   0: 3 0x8000df3c (0xff9ff06f)
core   0: 0x8000df34 (0x00002f17) auipc   t5, 0x2
core   0: 3 0x8000df34 (0x00002f17) x30 0x8000ff34
core   0: 0x8000df38 (0x0c3f2623) sw      gp, 204(t5)
core   0: 3 0x8000df38 (0x0c3f2623) mem 0x80010000 0x00000001
core   0: 0x8000df3c (0xff9ff06f) j       pc - 0x8
core   0: 3 0x8000df3c (0xff9ff06f)
core   0: 0x8000df34 (0x00002f17) auipc   t5, 0x2
core   0: 3 0x8000df34 (0x00002f17) x30 0x8000ff34
core   0: 0x8000df38 (0x0c3f2623) sw      gp, 204(t5)
core   0: 3 0x8000df38 (0x0c3f2623) mem 0x80010000 0x00000001
core   0: 0x8000df3c (0xff9ff06f) j       pc - 0x8
core   0: 3 0x8000df3c (0xff9ff06f)
core   0: 0x8000df34 (0x00002f17) auipc   t5, 0x2
core   0: 3 0x8000df34 (0x00002f17) x30 0x8000ff34
core   0: 0x8000df38 (0x0c3f2623) sw      gp, 204(t5)
core   0: 3 0x8000df38 (0x0c3f2623) mem 0x80010000 0x00000001
core   0: 0x8000df3c (0xff9ff06f) j       pc - 0x8
core   0: 3 0x8000df3c (0xff9ff06f)
core   0: 0x8000df34 (0x00002f17) auipc   t5, 0x2
core   0: 3 0x8000df34 (0x00002f17) x30 0x8000ff34
core   0: 0x8000df38 (0x0c3f2623) sw      gp, 204(t5)
core   0: 3 0x8000df38 (0x0c3f2623) mem 0x80010000 0x00000001
core   0: 0x8000df3c (0xff9ff06f) j       pc - 0x8
core   0: 3 0x8000df3c (0xff9ff06f)
core   0: 0x8000df34 (0x00002f17) auipc   t5, 0x2
core   0: 3 0x8000df34 (0x00002f17) x30 0x8000ff34
core   0: 0x8000df38 (0x0c3f2623) sw      gp, 204(t5)
core   0: 3 0x8000df38 (0x0c3f2623) mem 0x80010000 0x00000001
core   0: 0x8000df3c (0xff9ff06f) j       pc - 0x8
core   0: 3 0x8000df3c (0xff9ff06f)
core   0: 0x8000df34 (0x00002f17) auipc   t5, 0x2
core   0: 3 0x8000df34 (0x00002f17) x30 0x8000ff34
core   0: 0x8000df38 (0x0c3f2623) sw      gp, 204(t5)
core   0: 3 0x8000df38 (0x0c3f2623) mem 0x80010000 0x00000001
core   0: 0x8000df3c (0xff9ff06f) j       pc - 0x8
core   0: 3 0x8000df3c (0xff9ff06f)
core   0: 0x8000df34 (0x00002f17) auipc   t5, 0x2
core   0: 3 0x8000df34 (0x00002f17) x30 0x8000ff34
core   0: 0x8000df38 (0x0c3f2623) sw      gp, 204(t5)
core   0: 3 0x8000df38 (0x0c3f2623) mem 0x80010000 0x00000001
core   0: 0x8000df3c (0xff9ff06f) j       pc - 0x8
core   0: 3 0x8000df3c (0xff9ff06f)
core   0: 0x8000df34 (0x00002f17) auipc   t5, 0x2
core   0: 3 0x8000df34 (0x00002f17) x30 0x8000ff34
core   0: 0x8000df38 (0x0c3f2623) sw      gp, 204(t5)
core   0: 3 0x8000df38 (0x0c3f2623) mem 0x80010000 0x00000001
core   0: 0x8000df3c (0xff9ff06f) j       pc - 0x8
core   0: 3 0x8000df3c (0xff9ff06f)
core   0: 0x8000df34 (0x00002f17) auipc   t5, 0x2
core   0: 3 0x8000df34 (0x00002f17) x30 0x8000ff34
core   0: 0x8000df38 (0x0c3f2623) sw      gp, 204(t5)
core   0: 3 0x8000df38 (0x0c3f2623) mem 0x80010000 0x00000001
core   0: 0x8000df3c (0xff9ff06f) j       pc - 0x8
core   0: 3 0x8000df3c (0xff9ff06f)
core   0: 0x8000df34 (0x00002f17) auipc   t5, 0x2
core   0: 3 0x8000df34 (0x00002f17) x30 0x8000ff34
core   0: 0x8000df38 (0x0c3f2623) sw      gp, 204(t5)
core   0: 3 0x8000df38 (0x0c3f2623) mem 0x80010000 0x00000001
core   0: 0x8000df3c (0xff9ff06f) j       pc - 0x8
core   0: 3 0x8000df3c (0xff9ff06f)
core   0: 0x8000df34 (0x00002f17) auipc   t5, 0x2
core   0: 3 0x8000df34 (0x00002f17) x30 0x8000ff34
core   0: 0x8000df38 (0x0c3f2623) sw      gp, 204(t5)
core   0: 3 0x8000df38 (0x0c3f2623) mem 0x80010000 0x00000001
core   0: 0x8000df3c (0xff9ff06f) j       pc - 0x8
core   0: 3 0x8000df3c (0xff9ff06f)
core   0: 0x8000df34 (0x00002f17) auipc   t5, 0x2
core   0: 3 0x8000df34 (0x00002f17) x30 0x8000ff34
core   0: 0x8000df38 (0x0c3f2623) sw      gp, 204(t5)
core   0: 3 0x8000df38 (0x0c3f2623) mem 0x80010000 0x00000001
core   0: 0x8000df3c (0xff9ff06f) j       pc - 0x8
core   0: 3 0x8000df3c (0xff9ff06f)
core   0: 0x8000df34 (0x00002f17) auipc   t5, 0x2
core   0: 3 0x8000df34 (0x00002f17) x30 0x8000ff34
core   0: 0x8000df38 (0x0c3f2623) sw      gp, 204(t5)
core   0: 3 0x8000df38 (0x0c3f2623) mem 0x80010000 0x00000001
core   0: 0x8000df3c (0xff9ff06f) j       pc - 0x8
core   0: 3 0x8000df3c (0xff9ff06f)
core   0: 0x8000df34 (0x00002f17) auipc   t5, 0x2
core   0: 3 0x8000df34 (0x00002f17) x30 0x8000ff34
core   0: 0x8000df38 (0x0c3f2623) sw      gp, 204(t5)
core   0: 3 0x8000df38 (0x0c3f2623) mem 0x80010000 0x00000001
core   0: 0x8000df3c (0xff9ff06f) j       pc - 0x8
core   0: 3 0x8000df3c (0xff9ff06f)
core   0: 0x8000df34 (0x00002f17) auipc   t5, 0x2
core   0: 3 0x8000df34 (0x00002f17) x30 0x8000ff34
core   0: 0x8000df38 (0x0c3f2623) sw      gp, 204(t5)
core   0: 3 0x8000df38 (0x0c3f2623) mem 0x80010000 0x00000001
core   0: 0x8000df3c (0xff9ff06f) j       pc - 0x8
core   0: 3 0x8000df3c (0xff9ff06f)
core   0: 0x8000df34 (0x00002f17) auipc   t5, 0x2
core   0: 3 0x8000df34 (0x00002f17) x30 0x8000ff34
core   0: 0x8000df38 (0x0c3f2623) sw      gp, 204(t5)
core   0: 3 0x8000df38 (0x0c3f2623) mem 0x80010000 0x00000001
core   0: 0x8000df3c (0xff9ff06f) j       pc - 0x8
core   0: 3 0x8000df3c (0xff9ff06f)
core   0: 0x8000df34 (0x00002f17) auipc   t5, 0x2
core   0: 3 0x8000df34 (0x00002f17) x30 0x8000ff34
core   0: 0x8000df38 (0x0c3f2623) sw      gp, 204(t5)
core   0: 3 0x8000df38 (0x0c3f2623) mem 0x80010000 0x00000001
core   0: 0x8000df3c (0xff9ff06f) j       pc - 0x8
core   0: 3 0x8000df3c (0xff9ff06f)
core   0: 0x8000df34 (0x00002f17) auipc   t5, 0x2
core   0: 3 0x8000df34 (0x00002f17) x30 0x8000ff34
core   0: 0x8000df38 (0x0c3f2623) sw      gp, 204(t5)
core   0: 3 0x8000df38 (0x0c3f2623) mem 0x80010000 0x00000001
core   0: 0x8000df3c (0xff9ff06f) j       pc - 0x8
core   0: 3 0x8000df3c (0xff9ff06f)
core   0: 0x8000df34 (0x00002f17) auipc   t5, 0x2
core   0: 3 0x8000df34 (0x00002f17) x30 0x8000ff34
core   0: 0x8000df38 (0x0c3f2623) sw      gp, 204(t5)
core   0: 3 0x8000df38 (0x0c3f2623) mem 0x80010000 0x00000001
core   0: 0x8000df3c (0xff9ff06f) j       pc - 0x8
core   0: 3 0x8000df3c (0xff9ff06f)
core   0: 0x8000df34 (0x00002f17) auipc   t5, 0x2
core   0: 3 0x8000df34 (0x00002f17) x30 0x8000ff34
core   0: 0x8000df38 (0x0c3f2623) sw      gp, 204(t5)
core   0: 3 0x8000df38 (0x0c3f2623) mem 0x80010000 0x00000001
core   0: 0x8000df3c (0xff9ff06f) j       pc - 0x8
core   0: 3 0x8000df3c (0xff9ff06f)
core   0: 0x8000df34 (0x00002f17) auipc   t5, 0x2
core   0: 3 0x8000df34 (0x00002f17) x30 0x8000ff34
core   0: 0x8000df38 (0x0c3f2623) sw      gp, 204(t5)
core   0: 3 0x8000df38 (0x0c3f2623) mem 0x80010000 0x00000001
core   0: 0x8000df3c (0xff9ff06f) j       pc - 0x8
core   0: 3 0x8000df3c (0xff9ff06f)
core   0: 0x8000df34 (0x00002f17) auipc   t5, 0x2
core   0: 3 0x8000df34 (0x00002f17) x30 0x8000ff34
core   0: 0x8000df38 (0x0c3f2623) sw      gp, 204(t5)
core   0: 3 0x8000df38 (0x0c3f2623) mem 0x80010000 0x00000001
core   0: 0x8000df3c (0xff9ff06f) j       pc - 0x8
core   0: 3 0x8000df3c (0xff9ff06f)
core   0: 0x8000df34 (0x00002f17) auipc   t5, 0x2
core   0: 3 0x8000df34 (0x00002f17) x30 0x8000ff34
core   0: 0x8000df38 (0x0c3f2623) sw      gp, 204(t5)
core   0: 3 0x8000df38 (0x0c3f2623) mem 0x80010000 0x00000001
core   0: 0x8000df3c (0xff9ff06f) j       pc - 0x8
core   0: 3 0x8000df3c (0xff9ff06f)
core   0: 0x8000df34 (0x00002f17) auipc   t5, 0x2
core   0: 3 0x8000df34 (0x00002f17) x30 0x8000ff34
core   0: 0x8000df38 (0x0c3f2623) sw      gp, 204(t5)
core   0: 3 0x8000df38 (0x0c3f2623) mem 0x80010000 0x00000001
core   0: 0x8000df3c (0xff9ff06f) j       pc - 0x8
core   0: 3 0x8000df3c (0xff9ff06f)
core   0: 0x8000df34 (0x00002f17) auipc   t5, 0x2
core   0: 3 0x8000df34 (0x00002f17) x30 0x8000ff34
core   0: 0x8000df38 (0x0c3f2623) sw      gp, 204(t5)
core   0: 3 0x8000df38 (0x0c3f2623) mem 0x80010000 0x00000001
core   0: 0x8000df3c (0xff9ff06f) j       pc - 0x8
core   0: 3 0x8000df3c (0xff9ff06f)
core   0: 0x8000df34 (0x00002f17) auipc   t5, 0x2
core   0: 3 0x8000df34 (0x00002f17) x30 0x8000ff34
core   0: 0x8000df38 (0x0c3f2623) sw      gp, 204(t5)
core   0: 3 0x8000df38 (0x0c3f2623) mem 0x80010000 0x00000001
core   0: 0x8000df3c (0xff9ff06f) j       pc - 0x8
core   0: 3 0x8000df3c (0xff9ff06f)
core   0: 0x8000df34 (0x00002f17) auipc   t5, 0x2
core   0: 3 0x8000df34 (0x00002f17) x30 0x8000ff34
core   0: 0x8000df38 (0x0c3f2623) sw      gp, 204(t5)
core   0: 3 0x8000df38 (0x0c3f2623) mem 0x80010000 0x00000001
core   0: 0x8000df3c (0xff9ff06f) j       pc - 0x8
core   0: 3 0x8000df3c (0xff9ff06f)
core   0: 0x8000df34 (0x00002f17) auipc   t5, 0x2
core   0: 3 0x8000df34 (0x00002f17) x30 0x8000ff34
core   0: 0x8000df38 (0x0c3f2623) sw      gp, 204(t5)
core   0: 3 0x8000df38 (0x0c3f2623) mem 0x80010000 0x00000001
core   0: 0x8000df3c (0xff9ff06f) j       pc - 0x8
core   0: 3 0x8000df3c (0xff9ff06f)
core   0: 0x8000df34 (0x00002f17) auipc   t5, 0x2
core   0: 3 0x8000df34 (0x00002f17) x30 0x8000ff34
core   0: 0x8000df38 (0x0c3f2623) sw      gp, 204(t5)
core   0: 3 0x8000df38 (0x0c3f2623) mem 0x80010000 0x00000001
core   0: 0x8000df3c (0xff9ff06f) j       pc - 0x8
core   0: 3 0x8000df3c (0xff9ff06f)
core   0: 0x8000df34 (0x00002f17) auipc   t5, 0x2
core   0: 3 0x8000df34 (0x00002f17) x30 0x8000ff34
core   0: 0x8000df38 (0x0c3f2623) sw      gp, 204(t5)
core   0: 3 0x8000df38 (0x0c3f2623) mem 0x80010000 0x00000001
core   0: 0x8000df3c (0xff9ff06f) j       pc - 0x8
core   0: 3 0x8000df3c (0xff9ff06f)
core   0: 0x8000df34 (0x00002f17) auipc   t5, 0x2
core   0: 3 0x8000df34 (0x00002f17) x30 0x8000ff34
core   0: 0x8000df38 (0x0c3f2623) sw      gp, 204(t5)
core   0: 3 0x8000df38 (0x0c3f2623) mem 0x80010000 0x00000001
core   0: 0x8000df3c (0xff9ff06f) j       pc - 0x8
core   0: 3 0x8000df3c (0xff9ff06f)
core   0: 0x8000df34 (0x00002f17) auipc   t5, 0x2
core   0: 3 0x8000df34 (0x00002f17) x30 0x8000ff34
core   0: 0x8000df38 (0x0c3f2623) sw      gp, 204(t5)
core   0: 3 0x8000df38 (0x0c3f2623) mem 0x80010000 0x00000001
core   0: 0x8000df3c (0xff9ff06f) j       pc - 0x8
core   0: 3 0x8000df3c (0xff9ff06f)
core   0: 0x8000df34 (0x00002f17) auipc   t5, 0x2
core   0: 3 0x8000df34 (0x00002f17) x30 0x8000ff34
core   0: 0x8000df38 (0x0c3f2623) sw      gp, 204(t5)
core   0: 3 0x8000df38 (0x0c3f2623) mem 0x80010000 0x00000001
core   0: 0x8000df3c (0xff9ff06f) j       pc - 0x8
core   0: 3 0x8000df3c (0xff9ff06f)
core   0: 0x8000df34 (0x00002f17) auipc   t5, 0x2
core   0: 3 0x8000df34 (0x00002f17) x30 0x8000ff34
core   0: 0x8000df38 (0x0c3f2623) sw      gp, 204(t5)
core   0: 3 0x8000df38 (0x0c3f2623) mem 0x80010000 0x00000001
core   0: 0x8000df3c (0xff9ff06f) j       pc - 0x8
core   0: 3 0x8000df3c (0xff9ff06f)
core   0: 0x8000df34 (0x00002f17) auipc   t5, 0x2
core   0: 3 0x8000df34 (0x00002f17) x30 0x8000ff34
core   0: 0x8000df38 (0x0c3f2623) sw      gp, 204(t5)
core   0: 3 0x8000df38 (0x0c3f2623) mem 0x80010000 0x00000001
core   0: 0x8000df3c (0xff9ff06f) j       pc - 0x8
core   0: 3 0x8000df3c (0xff9ff06f)
core   0: 0x8000df34 (0x00002f17) auipc   t5, 0x2
core   0: 3 0x8000df34 (0x00002f17) x30 0x8000ff34
core   0: 0x8000df38 (0x0c3f2623) sw      gp, 204(t5)
core   0: 3 0x8000df38 (0x0c3f2623) mem 0x80010000 0x00000001
core   0: 0x8000df3c (0xff9ff06f) j       pc - 0x8
core   0: 3 0x8000df3c (0xff9ff06f)
core   0: 0x8000df34 (0x00002f17) auipc   t5, 0x2
core   0: 3 0x8000df34 (0x00002f17) x30 0x8000ff34
core   0: 0x8000df38 (0x0c3f2623) sw      gp, 204(t5)
core   0: 3 0x8000df38 (0x0c3f2623) mem 0x80010000 0x00000001
core   0: 0x8000df3c (0xff9ff06f) j       pc - 0x8
core   0: 3 0x8000df3c (0xff9ff06f)
core   0: 0x8000df34 (0x00002f17) auipc   t5, 0x2
core   0: 3 0x8000df34 (0x00002f17) x30 0x8000ff34
core   0: 0x8000df38 (0x0c3f2623) sw      gp, 204(t5)
core   0: 3 0x8000df38 (0x0c3f2623) mem 0x80010000 0x00000001
core   0: 0x8000df3c (0xff9ff06f) j       pc - 0x8
core   0: 3 0x8000df3c (0xff9ff06f)
core   0: 0x8000df34 (0x00002f17) auipc   t5, 0x2
core   0: 3 0x8000df34 (0x00002f17) x30 0x8000ff34
core   0: 0x8000df38 (0x0c3f2623) sw      gp, 204(t5)
core   0: 3 0x8000df38 (0x0c3f2623) mem 0x80010000 0x00000001
core   0: 0x8000df3c (0xff9ff06f) j       pc - 0x8
core   0: 3 0x8000df3c (0xff9ff06f)
core   0: 0x8000df34 (0x00002f17) auipc   t5, 0x2
core   0: 3 0x8000df34 (0x00002f17) x30 0x8000ff34
core   0: 0x8000df38 (0x0c3f2623) sw      gp, 204(t5)
core   0: 3 0x8000df38 (0x0c3f2623) mem 0x80010000 0x00000001
core   0: 0x8000df3c (0xff9ff06f) j       pc - 0x8
core   0: 3 0x8000df3c (0xff9ff06f)
core   0: 0x8000df34 (0x00002f17) auipc   t5, 0x2
core   0: 3 0x8000df34 (0x00002f17) x30 0x8000ff34
core   0: 0x8000df38 (0x0c3f2623) sw      gp, 204(t5)
core   0: 3 0x8000df38 (0x0c3f2623) mem 0x80010000 0x00000001
core   0: 0x8000df3c (0xff9ff06f) j       pc - 0x8
core   0: 3 0x8000df3c (0xff9ff06f)
core   0: 0x8000df34 (0x00002f17) auipc   t5, 0x2
core   0: 3 0x8000df34 (0x00002f17) x30 0x8000ff34
core   0: 0x8000df38 (0x0c3f2623) sw      gp, 204(t5)
core   0: 3 0x8000df38 (0x0c3f2623) mem 0x80010000 0x00000001
core   0: 0x8000df3c (0xff9ff06f) j       pc - 0x8
core   0: 3 0x8000df3c (0xff9ff06f)
core   0: 0x8000df34 (0x00002f17) auipc   t5, 0x2
core   0: 3 0x8000df34 (0x00002f17) x30 0x8000ff34
core   0: 0x8000df38 (0x0c3f2623) sw      gp, 204(t5)
core   0: 3 0x8000df38 (0x0c3f2623) mem 0x80010000 0x00000001
core   0: 0x8000df3c (0xff9ff06f) j       pc - 0x8
core   0: 3 0x8000df3c (0xff9ff06f)
core   0: 0x8000df34 (0x00002f17) auipc   t5, 0x2
core   0: 3 0x8000df34 (0x00002f17) x30 0x8000ff34
core   0: 0x8000df38 (0x0c3f2623) sw      gp, 204(t5)
core   0: 3 0x8000df38 (0x0c3f2623) mem 0x80010000 0x00000001
core   0: 0x8000df3c (0xff9ff06f) j       pc - 0x8
core   0: 3 0x8000df3c (0xff9ff06f)
core   0: 0x8000df34 (0x00002f17) auipc   t5, 0x2
core   0: 3 0x8000df34 (0x00002f17) x30 0x8000ff34
core   0: 0x8000df38 (0x0c3f2623) sw      gp, 204(t5)
core   0: 3 0x8000df38 (0x0c3f2623) mem 0x80010000 0x00000001
core   0: 0x8000df3c (0xff9ff06f) j       pc - 0x8
core   0: 3 0x8000df3c (0xff9ff06f)
core   0: 0x8000df34 (0x00002f17) auipc   t5, 0x2
core   0: 3 0x8000df34 (0x00002f17) x30 0x8000ff34
core   0: 0x8000df38 (0x0c3f2623) sw      gp, 204(t5)
core   0: 3 0x8000df38 (0x0c3f2623) mem 0x80010000 0x00000001
core   0: 0x8000df3c (0xff9ff06f) j       pc - 0x8
core   0: 3 0x8000df3c (0xff9ff06f)
core   0: 0x8000df34 (0x00002f17) auipc   t5, 0x2
core   0: 3 0x8000df34 (0x00002f17) x30 0x8000ff34
core   0: 0x8000df38 (0x0c3f2623) sw      gp, 204(t5)
core   0: 3 0x8000df38 (0x0c3f2623) mem 0x80010000 0x00000001
core   0: 0x8000df3c (0xff9ff06f) j       pc - 0x8
core   0: 3 0x8000df3c (0xff9ff06f)
core   0: 0x8000df34 (0x00002f17) auipc   t5, 0x2
core   0: 3 0x8000df34 (0x00002f17) x30 0x8000ff34
core   0: 0x8000df38 (0x0c3f2623) sw      gp, 204(t5)
core   0: 3 0x8000df38 (0x0c3f2623) mem 0x80010000 0x00000001
core   0: 0x8000df3c (0xff9ff06f) j       pc - 0x8
core   0: 3 0x8000df3c (0xff9ff06f)
core   0: 0x8000df34 (0x00002f17) auipc   t5, 0x2
core   0: 3 0x8000df34 (0x00002f17) x30 0x8000ff34
core   0: 0x8000df38 (0x0c3f2623) sw      gp, 204(t5)
core   0: 3 0x8000df38 (0x0c3f2623) mem 0x80010000 0x00000001
core   0: 0x8000df3c (0xff9ff06f) j       pc - 0x8
core   0: 3 0x8000df3c (0xff9ff06f)
core   0: 0x8000df34 (0x00002f17) auipc   t5, 0x2
core   0: 3 0x8000df34 (0x00002f17) x30 0x8000ff34
core   0: 0x8000df38 (0x0c3f2623) sw      gp, 204(t5)
core   0: 3 0x8000df38 (0x0c3f2623) mem 0x80010000 0x00000001
core   0: 0x8000df3c (0xff9ff06f) j       pc - 0x8
core   0: 3 0x8000df3c (0xff9ff06f)
core   0: 0x8000df34 (0x00002f17) auipc   t5, 0x2
core   0: 3 0x8000df34 (0x00002f17) x30 0x8000ff34
core   0: 0x8000df38 (0x0c3f2623) sw      gp, 204(t5)
core   0: 3 0x8000df38 (0x0c3f2623) mem 0x80010000 0x00000001
core   0: 0x8000df3c (0xff9ff06f) j       pc - 0x8
core   0: 3 0x8000df3c (0xff9ff06f)
core   0: 0x8000df34 (0x00002f17) auipc   t5, 0x2
core   0: 3 0x8000df34 (0x00002f17) x30 0x8000ff34
core   0: 0x8000df38 (0x0c3f2623) sw      gp, 204(t5)
core   0: 3 0x8000df38 (0x0c3f2623) mem 0x80010000 0x00000001
core   0: 0x8000df3c (0xff9ff06f) j       pc - 0x8
core   0: 3 0x8000df3c (0xff9ff06f)
core   0: 0x8000df34 (0x00002f17) auipc   t5, 0x2
core   0: 3 0x8000df34 (0x00002f17) x30 0x8000ff34
core   0: 0x8000df38 (0x0c3f2623) sw      gp, 204(t5)
core   0: 3 0x8000df38 (0x0c3f2623) mem 0x80010000 0x00000001
core   0: 0x8000df3c (0xff9ff06f) j       pc - 0x8
core   0: 3 0x8000df3c (0xff9ff06f)
core   0: 0x8000df34 (0x00002f17) auipc   t5, 0x2
core   0: 3 0x8000df34 (0x00002f17) x30 0x8000ff34
core   0: 0x8000df38 (0x0c3f2623) sw      gp, 204(t5)
core   0: 3 0x8000df38 (0x0c3f2623) mem 0x80010000 0x00000001
core   0: 0x8000df3c (0xff9ff06f) j       pc - 0x8
core   0: 3 0x8000df3c (0xff9ff06f)
core   0: 0x8000df34 (0x00002f17) auipc   t5, 0x2
core   0: 3 0x8000df34 (0x00002f17) x30 0x8000ff34
core   0: 0x8000df38 (0x0c3f2623) sw      gp, 204(t5)
core   0: 3 0x8000df38 (0x0c3f2623) mem 0x80010000 0x00000001
core   0: 0x8000df3c (0xff9ff06f) j       pc - 0x8
core   0: 3 0x8000df3c (0xff9ff06f)
core   0: 0x8000df34 (0x00002f17) auipc   t5, 0x2
core   0: 3 0x8000df34 (0x00002f17) x30 0x8000ff34
core   0: 0x8000df38 (0x0c3f2623) sw      gp, 204(t5)
core   0: 3 0x8000df38 (0x0c3f2623) mem 0x80010000 0x00000001
core   0: 0x8000df3c (0xff9ff06f) j       pc - 0x8
core   0: 3 0x8000df3c (0xff9ff06f)
core   0: 0x8000df34 (0x00002f17) auipc   t5, 0x2
core   0: 3 0x8000df34 (0x00002f17) x30 0x8000ff34
core   0: 0x8000df38 (0x0c3f2623) sw      gp, 204(t5)
core   0: 3 0x8000df38 (0x0c3f2623) mem 0x80010000 0x00000001
core   0: 0x8000df3c (0xff9ff06f) j       pc - 0x8
core   0: 3 0x8000df3c (0xff9ff06f)
core   0: 0x8000df34 (0x00002f17) auipc   t5, 0x2
core   0: 3 0x8000df34 (0x00002f17) x30 0x8000ff34
core   0: 0x8000df38 (0x0c3f2623) sw      gp, 204(t5)
core   0: 3 0x8000df38 (0x0c3f2623) mem 0x80010000 0x00000001
core   0: 0x8000df3c (0xff9ff06f) j       pc - 0x8
core   0: 3 0x8000df3c (0xff9ff06f)
core   0: 0x8000df34 (0x00002f17) auipc   t5, 0x2
core   0: 3 0x8000df34 (0x00002f17) x30 0x8000ff34
core   0: 0x8000df38 (0x0c3f2623) sw      gp, 204(t5)
core   0: 3 0x8000df38 (0x0c3f2623) mem 0x80010000 0x00000001
core   0: 0x8000df3c (0xff9ff06f) j       pc - 0x8
core   0: 3 0x8000df3c (0xff9ff06f)
core   0: 0x8000df34 (0x00002f17) auipc   t5, 0x2
core   0: 3 0x8000df34 (0x00002f17) x30 0x8000ff34
core   0: 0x8000df38 (0x0c3f2623) sw      gp, 204(t5)
core   0: 3 0x8000df38 (0x0c3f2623) mem 0x80010000 0x00000001
core   0: 0x8000df3c (0xff9ff06f) j       pc - 0x8
core   0: 3 0x8000df3c (0xff9ff06f)
core   0: 0x8000df34 (0x00002f17) auipc   t5, 0x2
core   0: 3 0x8000df34 (0x00002f17) x30 0x8000ff34
core   0: 0x8000df38 (0x0c3f2623) sw      gp, 204(t5)
core   0: 3 0x8000df38 (0x0c3f2623) mem 0x80010000 0x00000001
core   0: 0x8000df3c (0xff9ff06f) j       pc - 0x8
core   0: 3 0x8000df3c (0xff9ff06f)
core   0: 0x8000df34 (0x00002f17) auipc   t5, 0x2
core   0: 3 0x8000df34 (0x00002f17) x30 0x8000ff34
core   0: 0x8000df38 (0x0c3f2623) sw      gp, 204(t5)
core   0: 3 0x8000df38 (0x0c3f2623) mem 0x80010000 0x00000001
core   0: 0x8000df3c (0xff9ff06f) j       pc - 0x8
core   0: 3 0x8000df3c (0xff9ff06f)
core   0: 0x8000df34 (0x00002f17) auipc   t5, 0x2
core   0: 3 0x8000df34 (0x00002f17) x30 0x8000ff34
core   0: 0x8000df38 (0x0c3f2623) sw      gp, 204(t5)
core   0: 3 0x8000df38 (0x0c3f2623) mem 0x80010000 0x00000001
core   0: 0x8000df3c (0xff9ff06f) j       pc - 0x8
core   0: 3 0x8000df3c (0xff9ff06f)
core   0: 0x8000df34 (0x00002f17) auipc   t5, 0x2
core   0: 3 0x8000df34 (0x00002f17) x30 0x8000ff34
core   0: 0x8000df38 (0x0c3f2623) sw      gp, 204(t5)
core   0: 3 0x8000df38 (0x0c3f2623) mem 0x80010000 0x00000001
core   0: 0x8000df3c (0xff9ff06f) j       pc - 0x8
core   0: 3 0x8000df3c (0xff9ff06f)
core   0: 0x8000df34 (0x00002f17) auipc   t5, 0x2
core   0: 3 0x8000df34 (0x00002f17) x30 0x8000ff34
core   0: 0x8000df38 (0x0c3f2623) sw      gp, 204(t5)
core   0: 3 0x8000df38 (0x0c3f2623) mem 0x80010000 0x00000001
core   0: 0x8000df3c (0xff9ff06f) j       pc - 0x8
core   0: 3 0x8000df3c (0xff9ff06f)
core   0: 0x8000df34 (0x00002f17) auipc   t5, 0x2
core   0: 3 0x8000df34 (0x00002f17) x30 0x8000ff34
core   0: 0x8000df38 (0x0c3f2623) sw      gp, 204(t5)
core   0: 3 0x8000df38 (0x0c3f2623) mem 0x80010000 0x00000001
core   0: 0x8000df3c (0xff9ff06f) j       pc - 0x8
core   0: 3 0x8000df3c (0xff9ff06f)
core   0: 0x8000df34 (0x00002f17) auipc   t5, 0x2
core   0: 3 0x8000df34 (0x00002f17) x30 0x8000ff34
core   0: 0x8000df38 (0x0c3f2623) sw      gp, 204(t5)
core   0: 3 0x8000df38 (0x0c3f2623) mem 0x80010000 0x00000001
core   0: 0x8000df3c (0xff9ff06f) j       pc - 0x8
core   0: 3 0x8000df3c (0xff9ff06f)
core   0: 0x8000df34 (0x00002f17) auipc   t5, 0x2
core   0: 3 0x8000df34 (0x00002f17) x30 0x8000ff34
core   0: 0x8000df38 (0x0c3f2623) sw      gp, 204(t5)
core   0: 3 0x8000df38 (0x0c3f2623) mem 0x80010000 0x00000001
core   0: 0x8000df3c (0xff9ff06f) j       pc - 0x8
core   0: 3 0x8000df3c (0xff9ff06f)
core   0: 0x8000df34 (0x00002f17) auipc   t5, 0x2
core   0: 3 0x8000df34 (0x00002f17) x30 0x8000ff34
core   0: 0x8000df38 (0x0c3f2623) sw      gp, 204(t5)
core   0: 3 0x8000df38 (0x0c3f2623) mem 0x80010000 0x00000001
core   0: 0x8000df3c (0xff9ff06f) j       pc - 0x8
core   0: 3 0x8000df3c (0xff9ff06f)
core   0: 0x8000df34 (0x00002f17) auipc   t5, 0x2
core   0: 3 0x8000df34 (0x00002f17) x30 0x8000ff34
core   0: 0x8000df38 (0x0c3f2623) sw      gp, 204(t5)
core   0: 3 0x8000df38 (0x0c3f2623) mem 0x80010000 0x00000001
core   0: 0x8000df3c (0xff9ff06f) j       pc - 0x8
core   0: 3 0x8000df3c (0xff9ff06f)
core   0: 0x8000df34 (0x00002f17) auipc   t5, 0x2
core   0: 3 0x8000df34 (0x00002f17) x30 0x8000ff34
core   0: 0x8000df38 (0x0c3f2623) sw      gp, 204(t5)
core   0: 3 0x8000df38 (0x0c3f2623) mem 0x80010000 0x00000001
core   0: 0x8000df3c (0xff9ff06f) j       pc - 0x8
core   0: 3 0x8000df3c (0xff9ff06f)
core   0: 0x8000df34 (0x00002f17) auipc   t5, 0x2
core   0: 3 0x8000df34 (0x00002f17) x30 0x8000ff34
core   0: 0x8000df38 (0x0c3f2623) sw      gp, 204(t5)
core   0: 3 0x8000df38 (0x0c3f2623) mem 0x80010000 0x00000001
core   0: 0x8000df3c (0xff9ff06f) j       pc - 0x8
core   0: 3 0x8000df3c (0xff9ff06f)
core   0: 0x8000df34 (0x00002f17) auipc   t5, 0x2
core   0: 3 0x8000df34 (0x00002f17) x30 0x8000ff34
core   0: 0x8000df38 (0x0c3f2623) sw      gp, 204(t5)
core   0: 3 0x8000df38 (0x0c3f2623) mem 0x80010000 0x00000001
core   0: 0x8000df3c (0xff9ff06f) j       pc - 0x8
core   0: 3 0x8000df3c (0xff9ff06f)
core   0: 0x8000df34 (0x00002f17) auipc   t5, 0x2
core   0: 3 0x8000df34 (0x00002f17) x30 0x8000ff34
core   0: 0x8000df38 (0x0c3f2623) sw      gp, 204(t5)
core   0: 3 0x8000df38 (0x0c3f2623) mem 0x80010000 0x00000001
core   0: 0x8000df3c (0xff9ff06f) j       pc - 0x8
core   0: 3 0x8000df3c (0xff9ff06f)
core   0: 0x8000df34 (0x00002f17) auipc   t5, 0x2
core   0: 3 0x8000df34 (0x00002f17) x30 0x8000ff34
core   0: 0x8000df38 (0x0c3f2623) sw      gp, 204(t5)
core   0: 3 0x8000df38 (0x0c3f2623) mem 0x80010000 0x00000001
core   0: 0x8000df3c (0xff9ff06f) j       pc - 0x8
core   0: 3 0x8000df3c (0xff9ff06f)
core   0: 0x8000df34 (0x00002f17) auipc   t5, 0x2
core   0: 3 0x8000df34 (0x00002f17) x30 0x8000ff34
core   0: 0x8000df38 (0x0c3f2623) sw      gp, 204(t5)
core   0: 3 0x8000df38 (0x0c3f2623) mem 0x80010000 0x00000001
core   0: 0x8000df3c (0xff9ff06f) j       pc - 0x8
core   0: 3 0x8000df3c (0xff9ff06f)
core   0: 0x8000df34 (0x00002f17) auipc   t5, 0x2
core   0: 3 0x8000df34 (0x00002f17) x30 0x8000ff34
core   0: 0x8000df38 (0x0c3f2623) sw      gp, 204(t5)
core   0: 3 0x8000df38 (0x0c3f2623) mem 0x80010000 0x00000001
core   0: 0x8000df3c (0xff9ff06f) j       pc - 0x8
core   0: 3 0x8000df3c (0xff9ff06f)
core   0: 0x8000df34 (0x00002f17) auipc   t5, 0x2
core   0: 3 0x8000df34 (0x00002f17) x30 0x8000ff34
core   0: 0x8000df38 (0x0c3f2623) sw      gp, 204(t5)
core   0: 3 0x8000df38 (0x0c3f2623) mem 0x80010000 0x00000001
core   0: 0x8000df3c (0xff9ff06f) j       pc - 0x8
core   0: 3 0x8000df3c (0xff9ff06f)
core   0: 0x8000df34 (0x00002f17) auipc   t5, 0x2
core   0: 3 0x8000df34 (0x00002f17) x30 0x8000ff34
core   0: 0x8000df38 (0x0c3f2623) sw      gp, 204(t5)
core   0: 3 0x8000df38 (0x0c3f2623) mem 0x80010000 0x00000001
core   0: 0x8000df3c (0xff9ff06f) j       pc - 0x8
core   0: 3 0x8000df3c (0xff9ff06f)
core   0: 0x8000df34 (0x00002f17) auipc   t5, 0x2
core   0: 3 0x8000df34 (0x00002f17) x30 0x8000ff34
core   0: 0x8000df38 (0x0c3f2623) sw      gp, 204(t5)
core   0: 3 0x8000df38 (0x0c3f2623) mem 0x80010000 0x00000001
core   0: 0x8000df3c (0xff9ff06f) j       pc - 0x8
core   0: 3 0x8000df3c (0xff9ff06f)
core   0: 0x8000df34 (0x00002f17) auipc   t5, 0x2
core   0: 3 0x8000df34 (0x00002f17) x30 0x8000ff34
core   0: 0x8000df38 (0x0c3f2623) sw      gp, 204(t5)
core   0: 3 0x8000df38 (0x0c3f2623) mem 0x80010000 0x00000001
core   0: 0x8000df3c (0xff9ff06f) j       pc - 0x8
core   0: 3 0x8000df3c (0xff9ff06f)
core   0: 0x8000df34 (0x00002f17) auipc   t5, 0x2
core   0: 3 0x8000df34 (0x00002f17) x30 0x8000ff34
core   0: 0x8000df38 (0x0c3f2623) sw      gp, 204(t5)
core   0: 3 0x8000df38 (0x0c3f2623) mem 0x80010000 0x00000001
core   0: 0x8000df3c (0xff9ff06f) j       pc - 0x8
core   0: 3 0x8000df3c (0xff9ff06f)
core   0: 0x8000df34 (0x00002f17) auipc   t5, 0x2
core   0: 3 0x8000df34 (0x00002f17) x30 0x8000ff34
core   0: 0x8000df38 (0x0c3f2623) sw      gp, 204(t5)
core   0: 3 0x8000df38 (0x0c3f2623) mem 0x80010000 0x00000001
core   0: 0x8000df3c (0xff9ff06f) j       pc - 0x8
core   0: 3 0x8000df3c (0xff9ff06f)
core   0: 0x8000df34 (0x00002f17) auipc   t5, 0x2
core   0: 3 0x8000df34 (0x00002f17) x30 0x8000ff34
core   0: 0x8000df38 (0x0c3f2623) sw      gp, 204(t5)
core   0: 3 0x8000df38 (0x0c3f2623) mem 0x80010000 0x00000001
core   0: 0x8000df3c (0xff9ff06f) j       pc - 0x8
core   0: 3 0x8000df3c (0xff9ff06f)
core   0: 0x8000df34 (0x00002f17) auipc   t5, 0x2
core   0: 3 0x8000df34 (0x00002f17) x30 0x8000ff34
core   0: 0x8000df38 (0x0c3f2623) sw      gp, 204(t5)
core   0: 3 0x8000df38 (0x0c3f2623) mem 0x80010000 0x00000001
core   0: 0x8000df3c (0xff9ff06f) j       pc - 0x8
core   0: 3 0x8000df3c (0xff9ff06f)
core   0: 0x8000df34 (0x00002f17) auipc   t5, 0x2
core   0: 3 0x8000df34 (0x00002f17) x30 0x8000ff34
core   0: 0x8000df38 (0x0c3f2623) sw      gp, 204(t5)
core   0: 3 0x8000df38 (0x0c3f2623) mem 0x80010000 0x00000001
core   0: 0x8000df3c (0xff9ff06f) j       pc - 0x8
core   0: 3 0x8000df3c (0xff9ff06f)
core   0: 0x8000df34 (0x00002f17) auipc   t5, 0x2
core   0: 3 0x8000df34 (0x00002f17) x30 0x8000ff34
core   0: 0x8000df38 (0x0c3f2623) sw      gp, 204(t5)
core   0: 3 0x8000df38 (0x0c3f2623) mem 0x80010000 0x00000001
core   0: 0x8000df3c (0xff9ff06f) j       pc - 0x8
core   0: 3 0x8000df3c (0xff9ff06f)
core   0: 0x8000df34 (0x00002f17) auipc   t5, 0x2
core   0: 3 0x8000df34 (0x00002f17) x30 0x8000ff34
core   0: 0x8000df38 (0x0c3f2623) sw      gp, 204(t5)
core   0: 3 0x8000df38 (0x0c3f2623) mem 0x80010000 0x00000001
core   0: 0x8000df3c (0xff9ff06f) j       pc - 0x8
core   0: 3 0x8000df3c (0xff9ff06f)
core   0: 0x8000df34 (0x00002f17) auipc   t5, 0x2
core   0: 3 0x8000df34 (0x00002f17) x30 0x8000ff34
core   0: 0x8000df38 (0x0c3f2623) sw      gp, 204(t5)
core   0: 3 0x8000df38 (0x0c3f2623) mem 0x80010000 0x00000001
core   0: 0x8000df3c (0xff9ff06f) j       pc - 0x8
core   0: 3 0x8000df3c (0xff9ff06f)
core   0: 0x8000df34 (0x00002f17) auipc   t5, 0x2
core   0: 3 0x8000df34 (0x00002f17) x30 0x8000ff34
core   0: 0x8000df38 (0x0c3f2623) sw      gp, 204(t5)
core   0: 3 0x8000df38 (0x0c3f2623) mem 0x80010000 0x00000001
core   0: 0x8000df3c (0xff9ff06f) j       pc - 0x8
core   0: 3 0x8000df3c (0xff9ff06f)
core   0: 0x8000df34 (0x00002f17) auipc   t5, 0x2
core   0: 3 0x8000df34 (0x00002f17) x30 0x8000ff34
core   0: 0x8000df38 (0x0c3f2623) sw      gp, 204(t5)
core   0: 3 0x8000df38 (0x0c3f2623) mem 0x80010000 0x00000001
core   0: 0x8000df3c (0xff9ff06f) j       pc - 0x8
core   0: 3 0x8000df3c (0xff9ff06f)
core   0: 0x8000df34 (0x00002f17) auipc   t5, 0x2
core   0: 3 0x8000df34 (0x00002f17) x30 0x8000ff34
core   0: 0x8000df38 (0x0c3f2623) sw      gp, 204(t5)
core   0: 3 0x8000df38 (0x0c3f2623) mem 0x80010000 0x00000001
core   0: 0x8000df3c (0xff9ff06f) j       pc - 0x8
core   0: 3 0x8000df3c (0xff9ff06f)
core   0: 0x8000df34 (0x00002f17) auipc   t5, 0x2
core   0: 3 0x8000df34 (0x00002f17) x30 0x8000ff34
core   0: 0x8000df38 (0x0c3f2623) sw      gp, 204(t5)
core   0: 3 0x8000df38 (0x0c3f2623) mem 0x80010000 0x00000001
core   0: 0x8000df3c (0xff9ff06f) j       pc - 0x8
core   0: 3 0x8000df3c (0xff9ff06f)
core   0: 0x8000df34 (0x00002f17) auipc   t5, 0x2
core   0: 3 0x8000df34 (0x00002f17) x30 0x8000ff34
core   0: 0x8000df38 (0x0c3f2623) sw      gp, 204(t5)
core   0: 3 0x8000df38 (0x0c3f2623) mem 0x80010000 0x00000001
core   0: 0x8000df3c (0xff9ff06f) j       pc - 0x8
core   0: 3 0x8000df3c (0xff9ff06f)
core   0: 0x8000df34 (0x00002f17) auipc   t5, 0x2
core   0: 3 0x8000df34 (0x00002f17) x30 0x8000ff34
core   0: 0x8000df38 (0x0c3f2623) sw      gp, 204(t5)
core   0: 3 0x8000df38 (0x0c3f2623) mem 0x80010000 0x00000001
core   0: 0x8000df3c (0xff9ff06f) j       pc - 0x8
core   0: 3 0x8000df3c (0xff9ff06f)
core   0: 0x8000df34 (0x00002f17) auipc   t5, 0x2
core   0: 3 0x8000df34 (0x00002f17) x30 0x8000ff34
core   0: 0x8000df38 (0x0c3f2623) sw      gp, 204(t5)
core   0: 3 0x8000df38 (0x0c3f2623) mem 0x80010000 0x00000001
core   0: 0x8000df3c (0xff9ff06f) j       pc - 0x8
core   0: 3 0x8000df3c (0xff9ff06f)
core   0: 0x8000df34 (0x00002f17) auipc   t5, 0x2
core   0: 3 0x8000df34 (0x00002f17) x30 0x8000ff34
core   0: 0x8000df38 (0x0c3f2623) sw      gp, 204(t5)
core   0: 3 0x8000df38 (0x0c3f2623) mem 0x80010000 0x00000001
core   0: 0x8000df3c (0xff9ff06f) j       pc - 0x8
core   0: 3 0x8000df3c (0xff9ff06f)
core   0: 0x8000df34 (0x00002f17) auipc   t5, 0x2
core   0: 3 0x8000df34 (0x00002f17) x30 0x8000ff34
core   0: 0x8000df38 (0x0c3f2623) sw      gp, 204(t5)
core   0: 3 0x8000df38 (0x0c3f2623) mem 0x80010000 0x00000001
core   0: 0x8000df3c (0xff9ff06f) j       pc - 0x8
core   0: 3 0x8000df3c (0xff9ff06f)
core   0: 0x8000df34 (0x00002f17) auipc   t5, 0x2
core   0: 3 0x8000df34 (0x00002f17) x30 0x8000ff34
core   0: 0x8000df38 (0x0c3f2623) sw      gp, 204(t5)
core   0: 3 0x8000df38 (0x0c3f2623) mem 0x80010000 0x00000001
core   0: 0x8000df3c (0xff9ff06f) j       pc - 0x8
core   0: 3 0x8000df3c (0xff9ff06f)
core   0: 0x8000df34 (0x00002f17) auipc   t5, 0x2
core   0: 3 0x8000df34 (0x00002f17) x30 0x8000ff34
core   0: 0x8000df38 (0x0c3f2623) sw      gp, 204(t5)
core   0: 3 0x8000df38 (0x0c3f2623) mem 0x80010000 0x00000001
core   0: 0x8000df3c (0xff9ff06f) j       pc - 0x8
core   0: 3 0x8000df3c (0xff9ff06f)
core   0: 0x8000df34 (0x00002f17) auipc   t5, 0x2
core   0: 3 0x8000df34 (0x00002f17) x30 0x8000ff34
core   0: 0x8000df38 (0x0c3f2623) sw      gp, 204(t5)
core   0: 3 0x8000df38 (0x0c3f2623) mem 0x80010000 0x00000001
core   0: 0x8000df3c (0xff9ff06f) j       pc - 0x8
core   0: 3 0x8000df3c (0xff9ff06f)
core   0: 0x8000df34 (0x00002f17) auipc   t5, 0x2
core   0: 3 0x8000df34 (0x00002f17) x30 0x8000ff34
core   0: 0x8000df38 (0x0c3f2623) sw      gp, 204(t5)
core   0: 3 0x8000df38 (0x0c3f2623) mem 0x80010000 0x00000001
core   0: 0x8000df3c (0xff9ff06f) j       pc - 0x8
core   0: 3 0x8000df3c (0xff9ff06f)
core   0: 0x8000df34 (0x00002f17) auipc   t5, 0x2
core   0: 3 0x8000df34 (0x00002f17) x30 0x8000ff34
core   0: 0x8000df38 (0x0c3f2623) sw      gp, 204(t5)
core   0: 3 0x8000df38 (0x0c3f2623) mem 0x80010000 0x00000001
core   0: 0x8000df3c (0xff9ff06f) j       pc - 0x8
core   0: 3 0x8000df3c (0xff9ff06f)
core   0: 0x8000df34 (0x00002f17) auipc   t5, 0x2
core   0: 3 0x8000df34 (0x00002f17) x30 0x8000ff34
core   0: 0x8000df38 (0x0c3f2623) sw      gp, 204(t5)
core   0: 3 0x8000df38 (0x0c3f2623) mem 0x80010000 0x00000001
core   0: 0x8000df3c (0xff9ff06f) j       pc - 0x8
core   0: 3 0x8000df3c (0xff9ff06f)
core   0: 0x8000df34 (0x00002f17) auipc   t5, 0x2
core   0: 3 0x8000df34 (0x00002f17) x30 0x8000ff34
core   0: 0x8000df38 (0x0c3f2623) sw      gp, 204(t5)
core   0: 3 0x8000df38 (0x0c3f2623) mem 0x80010000 0x00000001
core   0: 0x8000df3c (0xff9ff06f) j       pc - 0x8
core   0: 3 0x8000df3c (0xff9ff06f)
core   0: 0x8000df34 (0x00002f17) auipc   t5, 0x2
core   0: 3 0x8000df34 (0x00002f17) x30 0x8000ff34
core   0: 0x8000df38 (0x0c3f2623) sw      gp, 204(t5)
core   0: 3 0x8000df38 (0x0c3f2623) mem 0x80010000 0x00000001
core   0: 0x8000df3c (0xff9ff06f) j       pc - 0x8
core   0: 3 0x8000df3c (0xff9ff06f)
core   0: 0x8000df34 (0x00002f17) auipc   t5, 0x2
core   0: 3 0x8000df34 (0x00002f17) x30 0x8000ff34
core   0: 0x8000df38 (0x0c3f2623) sw      gp, 204(t5)
core   0: 3 0x8000df38 (0x0c3f2623) mem 0x80010000 0x00000001
core   0: 0x8000df3c (0xff9ff06f) j       pc - 0x8
core   0: 3 0x8000df3c (0xff9ff06f)
core   0: 0x8000df34 (0x00002f17) auipc   t5, 0x2
core   0: 3 0x8000df34 (0x00002f17) x30 0x8000ff34
core   0: 0x8000df38 (0x0c3f2623) sw      gp, 204(t5)
core   0: 3 0x8000df38 (0x0c3f2623) mem 0x80010000 0x00000001
core   0: 0x8000df3c (0xff9ff06f) j       pc - 0x8
core   0: 3 0x8000df3c (0xff9ff06f)
core   0: 0x8000df34 (0x00002f17) auipc   t5, 0x2
core   0: 3 0x8000df34 (0x00002f17) x30 0x8000ff34
core   0: 0x8000df38 (0x0c3f2623) sw      gp, 204(t5)
core   0: 3 0x8000df38 (0x0c3f2623) mem 0x80010000 0x00000001
core   0: 0x8000df3c (0xff9ff06f) j       pc - 0x8
core   0: 3 0x8000df3c (0xff9ff06f)
core   0: 0x8000df34 (0x00002f17) auipc   t5, 0x2
core   0: 3 0x8000df34 (0x00002f17) x30 0x8000ff34
core   0: 0x8000df38 (0x0c3f2623) sw      gp, 204(t5)
core   0: 3 0x8000df38 (0x0c3f2623) mem 0x80010000 0x00000001
core   0: 0x8000df3c (0xff9ff06f) j       pc - 0x8
core   0: 3 0x8000df3c (0xff9ff06f)
core   0: 0x8000df34 (0x00002f17) auipc   t5, 0x2
core   0: 3 0x8000df34 (0x00002f17) x30 0x8000ff34
core   0: 0x8000df38 (0x0c3f2623) sw      gp, 204(t5)
core   0: 3 0x8000df38 (0x0c3f2623) mem 0x80010000 0x00000001
core   0: 0x8000df3c (0xff9ff06f) j       pc - 0x8
core   0: 3 0x8000df3c (0xff9ff06f)
core   0: 0x8000df34 (0x00002f17) auipc   t5, 0x2
core   0: 3 0x8000df34 (0x00002f17) x30 0x8000ff34
core   0: 0x8000df38 (0x0c3f2623) sw      gp, 204(t5)
core   0: 3 0x8000df38 (0x0c3f2623) mem 0x80010000 0x00000001
core   0: 0x8000df3c (0xff9ff06f) j       pc - 0x8
core   0: 3 0x8000df3c (0xff9ff06f)
core   0: 0x8000df34 (0x00002f17) auipc   t5, 0x2
core   0: 3 0x8000df34 (0x00002f17) x30 0x8000ff34
core   0: 0x8000df38 (0x0c3f2623) sw      gp, 204(t5)
core   0: 3 0x8000df38 (0x0c3f2623) mem 0x80010000 0x00000001
core   0: 0x8000df3c (0xff9ff06f) j       pc - 0x8
core   0: 3 0x8000df3c (0xff9ff06f)
core   0: 0x8000df34 (0x00002f17) auipc   t5, 0x2
core   0: 3 0x8000df34 (0x00002f17) x30 0x8000ff34
core   0: 0x8000df38 (0x0c3f2623) sw      gp, 204(t5)
core   0: 3 0x8000df38 (0x0c3f2623) mem 0x80010000 0x00000001
core   0: 0x8000df3c (0xff9ff06f) j       pc - 0x8
core   0: 3 0x8000df3c (0xff9ff06f)
core   0: 0x8000df34 (0x00002f17) auipc   t5, 0x2
core   0: 3 0x8000df34 (0x00002f17) x30 0x8000ff34
core   0: 0x8000df38 (0x0c3f2623) sw      gp, 204(t5)
core   0: 3 0x8000df38 (0x0c3f2623) mem 0x80010000 0x00000001
core   0: 0x8000df3c (0xff9ff06f) j       pc - 0x8
core   0: 3 0x8000df3c (0xff9ff06f)
core   0: 0x8000df34 (0x00002f17) auipc   t5, 0x2
core   0: 3 0x8000df34 (0x00002f17) x30 0x8000ff34
core   0: 0x8000df38 (0x0c3f2623) sw      gp, 204(t5)
core   0: 3 0x8000df38 (0x0c3f2623) mem 0x80010000 0x00000001
core   0: 0x8000df3c (0xff9ff06f) j       pc - 0x8
core   0: 3 0x8000df3c (0xff9ff06f)
core   0: 0x8000df34 (0x00002f17) auipc   t5, 0x2
core   0: 3 0x8000df34 (0x00002f17) x30 0x8000ff34
core   0: 0x8000df38 (0x0c3f2623) sw      gp, 204(t5)
core   0: 3 0x8000df38 (0x0c3f2623) mem 0x80010000 0x00000001
core   0: 0x8000df3c (0xff9ff06f) j       pc - 0x8
core   0: 3 0x8000df3c (0xff9ff06f)
core   0: 0x8000df34 (0x00002f17) auipc   t5, 0x2
core   0: 3 0x8000df34 (0x00002f17) x30 0x8000ff34
core   0: 0x8000df38 (0x0c3f2623) sw      gp, 204(t5)
core   0: 3 0x8000df38 (0x0c3f2623) mem 0x80010000 0x00000001
core   0: 0x8000df3c (0xff9ff06f) j       pc - 0x8
core   0: 3 0x8000df3c (0xff9ff06f)
core   0: 0x8000df34 (0x00002f17) auipc   t5, 0x2
core   0: 3 0x8000df34 (0x00002f17) x30 0x8000ff34
core   0: 0x8000df38 (0x0c3f2623) sw      gp, 204(t5)
core   0: 3 0x8000df38 (0x0c3f2623) mem 0x80010000 0x00000001
