core   0: 0x00001000 (0x00000297) auipc   t0, 0x0
core   0: 3 0x00001000 (0x00000297) x 5 0x00001000
core   0: 0x00001004 (0x02028593) addi    a1, t0, 32
core   0: 3 0x00001004 (0x02028593) x11 0x00001020
core   0: 0x00001008 (0xf1402573) csrr    a0, mhartid
core   0: 3 0x00001008 (0xf1402573) x10 0x00000000
core   0: 0x0000100c (0x0182a283) lw      t0, 24(t0)
core   0: 3 0x0000100c (0x0182a283) x 5 0x80000000 mem 0x00001018
core   0: 0x00001010 (0x00028067) jr      t0
core   0: 3 0x00001010 (0x00028067)
core   0: 0x80000000 (0xf14022f3) csrr    t0, mhartid
core   0: 3 0x80000000 (0xf14022f3) x 5 0x00000000
core   0: 0x80000004 (0x00000313) li      t1, 0
core   0: 3 0x80000004 (0x00000313) x 6 0x00000000
core   0: 0x80000008 (0x00628263) beq     t0, t1, pc + 4
core   0: 3 0x80000008 (0x00628263)
core   0: 0x8000000c (0x00000a17) auipc   s4, 0x0
core   0: 3 0x8000000c (0x00000a17) x20 0x8000000c
core   0: 0x80000010 (0x00ca0a13) addi    s4, s4, 12
core   0: 3 0x80000010 (0x00ca0a13) x20 0x80000018
core   0: 0x80000014 (0x000a0067) jr      s4
core   0: 3 0x80000014 (0x000a0067)
core   0: 0x80000018 (0x40001e37) lui     t3, 0x40001
core   0: 3 0x80000018 (0x40001e37) x28 0x40001000
core   0: 0x8000001c (0x104e0e13) addi    t3, t3, 260
core   0: 3 0x8000001c (0x104e0e13) x28 0x40001104
core   0: 0x80000020 (0x301e1073) csrw    misa, t3
core   0: 3 0x80000020 (0x301e1073) c769_misa 0x40141100
core   0: 0x80000024 (0x00019817) auipc   a6, 0x19
core   0: 3 0x80000024 (0x00019817) x16 0x80019024
core   0: 0x80000028 (0xcc080813) addi    a6, a6, -832
core   0: 3 0x80000028 (0xcc080813) x16 0x80018ce4
core   0: 0x8000002c (0x0000ae17) auipc   t3, 0xa
core   0: 3 0x8000002c (0x0000ae17) x28 0x8000a02c
core   0: 0x80000030 (0x774e0e13) addi    t3, t3, 1908
core   0: 3 0x80000030 (0x774e0e13) x28 0x8000a7a0
core   0: 0x80000034 (0x001e6e13) ori     t3, t3, 1
core   0: 3 0x80000034 (0x001e6e13) x28 0x8000a7a1
core   0: 0x80000038 (0x305e1073) csrw    mtvec, t3
core   0: 3 0x80000038 (0x305e1073) c773_mtvec 0x8000a7a1
core   0: 0x8000003c (0x00000e17) auipc   t3, 0x0
core   0: 3 0x8000003c (0x00000e17) x28 0x8000003c
core   0: 0x80000040 (0x028e0e13) addi    t3, t3, 40
core   0: 3 0x80000040 (0x028e0e13) x28 0x80000064
core   0: 0x80000044 (0x341e1073) csrw    mepc, t3
core   0: 3 0x80000044 (0x341e1073) c833_mepc 0x80000064
core   0: 0x80000048 (0x00000013) nop
core   0: 3 0x80000048 (0x00000013)
core   0: 0x8000004c (0x00002e37) lui     t3, 0x2
core   0: 3 0x8000004c (0x00002e37) x28 0x00002000
core   0: 0x80000050 (0x800e0e13) addi    t3, t3, -2048
core   0: 3 0x80000050 (0x800e0e13) x28 0x00001800
core   0: 0x80000054 (0x300e1073) csrw    mstatus, t3
core   0: 3 0x80000054 (0x300e1073) c768_mstatus 0x00001800
core   0: 0x80000058 (0x00000e13) li      t3, 0
core   0: 3 0x80000058 (0x00000e13) x28 0x00000000
core   0: 0x8000005c (0x304e1073) csrw    mie, t3
core   0: 3 0x8000005c (0x304e1073) c772_mie 0x00000000
core   0: 0x80000060 (0x30200073) mret
core   0: 3 0x80000060 (0x30200073) c768_mstatus 0x00000080
core   0: >>>>  init
core   0: 0x80000064 (0x00000013) nop
core   0: 3 0x80000064 (0x00000013)
core   0: 0x80000068 (0xa88d00b7) lui     ra, 0xa88d0
core   0: 3 0x80000068 (0xa88d00b7) x 1 0xa88d0000
core   0: 0x8000006c (0xe6108093) addi    ra, ra, -415
core   0: 3 0x8000006c (0xe6108093) x 1 0xa88cfe61
core   0: 0x80000070 (0x31fcd137) lui     sp, 0x31fcd
core   0: 3 0x80000070 (0x31fcd137) x 2 0x31fcd000
core   0: 0x80000074 (0x17310113) addi    sp, sp, 371
core   0: 3 0x80000074 (0x17310113) x 2 0x31fcd173
core   0: 0x80000078 (0x800001b7) lui     gp, 0x80000
core   0: 3 0x80000078 (0x800001b7) x 3 0x80000000
core   0: 0x8000007c (0x80000237) lui     tp, 0x80000
core   0: 3 0x8000007c (0x80000237) x 4 0x80000000
core   0: 0x80000080 (0xfbddf2b7) lui     t0, 0xfbddf
core   0: 3 0x80000080 (0xfbddf2b7) x 5 0xfbddf000
core   0: 0x80000084 (0xb7728293) addi    t0, t0, -1161
core   0: 3 0x80000084 (0xb7728293) x 5 0xfbddeb77
core   0: 0x80000088 (0x80000337) lui     t1, 0x80000
core   0: 3 0x80000088 (0x80000337) x 6 0x80000000
core   0: 0x8000008c (0x00000393) li      t2, 0
core   0: 3 0x8000008c (0x00000393) x 7 0x00000000
core   0: 0x80000090 (0x80000437) lui     s0, 0x80000
core   0: 3 0x80000090 (0x80000437) x 8 0x80000000
core   0: 0x80000094 (0xf2884537) lui     a0, 0xf2884
core   0: 3 0x80000094 (0xf2884537) x10 0xf2884000
core   0: 0x80000098 (0x30550513) addi    a0, a0, 773
core   0: 3 0x80000098 (0x30550513) x10 0xf2884305
core   0: 0x8000009c (0xfb8905b7) lui     a1, 0xfb890
core   0: 3 0x8000009c (0xfb8905b7) x11 0xfb890000
core   0: 0x800000a0 (0x15758593) addi    a1, a1, 343
core   0: 3 0x800000a0 (0x15758593) x11 0xfb890157
core   0: 0x800000a4 (0x00000613) li      a2, 0
core   0: 3 0x800000a4 (0x00000613) x12 0x00000000
core   0: 0x800000a8 (0xff7076b7) lui     a3, 0xff707
core   0: 3 0x800000a8 (0xff7076b7) x13 0xff707000
core   0: 0x800000ac (0x9be68693) addi    a3, a3, -1602
core   0: 3 0x800000ac (0x9be68693) x13 0xff7069be
core   0: 0x800000b0 (0x80000737) lui     a4, 0x80000
core   0: 3 0x800000b0 (0x80000737) x14 0x80000000
core   0: 0x800000b4 (0x00900793) li      a5, 9
core   0: 3 0x800000b4 (0x00900793) x15 0x00000009
core   0: 0x800000b8 (0x290dc8b7) lui     a7, 0x290dc
core   0: 3 0x800000b8 (0x290dc8b7) x17 0x290dc000
core   0: 0x800000bc (0x76288893) addi    a7, a7, 1890
core   0: 3 0x800000bc (0x76288893) x17 0x290dc762
core   0: 0x800000c0 (0x00000913) li      s2, 0
core   0: 3 0x800000c0 (0x00000913) x18 0x00000000
core   0: 0x800000c4 (0xa783a9b7) lui     s3, 0xa783a
core   0: 3 0x800000c4 (0xa783a9b7) x19 0xa783a000
core   0: 0x800000c8 (0xc5f98993) addi    s3, s3, -929
core   0: 3 0x800000c8 (0xc5f98993) x19 0xa7839c5f
core   0: 0x800000cc (0xbad8ca37) lui     s4, 0xbad8c
core   0: 3 0x800000cc (0xbad8ca37) x20 0xbad8c000
core   0: 0x800000d0 (0xc85a0a13) addi    s4, s4, -891
core   0: 3 0x800000d0 (0xc85a0a13) x20 0xbad8bc85
core   0: 0x800000d4 (0x00000a93) li      s5, 0
core   0: 3 0x800000d4 (0x00000a93) x21 0x00000000
core   0: 0x800000d8 (0xf8b29b37) lui     s6, 0xf8b29
core   0: 3 0x800000d8 (0xf8b29b37) x22 0xf8b29000
core   0: 0x800000dc (0xbb1b0b13) addi    s6, s6, -1103
core   0: 3 0x800000dc (0xbb1b0b13) x22 0xf8b28bb1
core   0: 0x800000e0 (0x00000b93) li      s7, 0
core   0: 3 0x800000e0 (0x00000b93) x23 0x00000000
core   0: 0x800000e4 (0x04830c37) lui     s8, 0x4830
core   0: 3 0x800000e4 (0x04830c37) x24 0x04830000
core   0: 0x800000e8 (0xd19c0c13) addi    s8, s8, -743
core   0: 3 0x800000e8 (0xd19c0c13) x24 0x0482fd19
core   0: 0x800000ec (0x80000cb7) lui     s9, 0x80000
core   0: 3 0x800000ec (0x80000cb7) x25 0x80000000
core   0: 0x800000f0 (0xd3c12d37) lui     s10, 0xd3c12
core   0: 3 0x800000f0 (0xd3c12d37) x26 0xd3c12000
core   0: 0x800000f4 (0x0b7d0d13) addi    s10, s10, 183
core   0: 3 0x800000f4 (0x0b7d0d13) x26 0xd3c120b7
core   0: 0x800000f8 (0x0a413db7) lui     s11, 0xa413
core   0: 3 0x800000f8 (0x0a413db7) x27 0x0a413000
core   0: 0x800000fc (0xf14d8d93) addi    s11, s11, -236
core   0: 3 0x800000fc (0xf14d8d93) x27 0x0a412f14
core   0: 0x80000100 (0x80000e37) lui     t3, 0x80000
core   0: 3 0x80000100 (0x80000e37) x28 0x80000000
core   0: 0x80000104 (0x00900e93) li      t4, 9
core   0: 3 0x80000104 (0x00900e93) x29 0x00000009
core   0: 0x80000108 (0xfba3df37) lui     t5, 0xfba3d
core   0: 3 0x80000108 (0xfba3df37) x30 0xfba3d000
core   0: 0x8000010c (0x3b7f0f13) addi    t5, t5, 951
core   0: 3 0x8000010c (0x3b7f0f13) x30 0xfba3d3b7
core   0: 0x80000110 (0xe0af8fb7) lui     t6, 0xe0af8
core   0: 3 0x80000110 (0xe0af8fb7) x31 0xe0af8000
core   0: 0x80000114 (0x6d1f8f93) addi    t6, t6, 1745
core   0: 3 0x80000114 (0x6d1f8f93) x31 0xe0af86d1
core   0: 0x80000118 (0x00015497) auipc   s1, 0x15
core   0: 3 0x80000118 (0x00015497) x 9 0x80015118
core   0: 0x8000011c (0xd4c48493) addi    s1, s1, -692
core   0: 3 0x8000011c (0xd4c48493) x 9 0x80014e64
core   0: 0x80000120 (0x03a7c033) div     zero, a5, s10
core   0: 3 0x80000120 (0x03a7c033)
core   0: 0x80000124 (0x010ef933) and     s2, t4, a6
core   0: 3 0x80000124 (0x010ef933) x18 0x00000000
core   0: 0x80000128 (0x03de6033) rem     zero, t3, t4
core   0: 3 0x80000128 (0x03de6033)
core   0: 0x8000012c (0x0121a5b3) slt     a1, gp, s2
core   0: 3 0x8000012c (0x0121a5b3) x11 0x00000001
core   0: 0x80000130 (0x005cc133) xor     sp, s9, t0
core   0: 3 0x80000130 (0x005cc133) x 2 0x7bddeb77
core   0: 0x80000134 (0x00c4a133) slt     sp, s1, a2
core   0: 3 0x80000134 (0x00c4a133) x 2 0x00000001
core   0: 0x80000138 (0x01079b93) slli    s7, a5, 16
core   0: 3 0x80000138 (0x01079b93) x23 0x00090000
core   0: 0x8000013c (0x0191e0b3) or      ra, gp, s9
core   0: 3 0x8000013c (0x0191e0b3) x 1 0x80000000
core   0: 0x80000140 (0x00000013) nop
core   0: 3 0x80000140 (0x00000013)
core   0: 0x80000144 (0xd8560713) addi    a4, a2, -635
core   0: 3 0x80000144 (0xd8560713) x14 0xfffffd85
core   0: 0x80000148 (0x1c1cfe13) andi    t3, s9, 449
core   0: 3 0x80000148 (0x1c1cfe13) x28 0x00000000
core   0: 0x8000014c (0xc4910613) addi    a2, sp, -951
core   0: 3 0x8000014c (0xc4910613) x12 0xfffffc4a
core   0: 0x80000150 (0x038edcb3) divu    s9, t4, s8
core   0: 3 0x80000150 (0x038edcb3) x25 0x00000000
core   0: 0x80000154 (0x40528f33) sub     t5, t0, t0
core   0: 3 0x80000154 (0x40528f33) x30 0x00000000
core   0: 0x80000158 (0x01d6e1b3) or      gp, a3, t4
core   0: 3 0x80000158 (0x01d6e1b3) x 3 0xff7069bf
core   0: 0x8000015c (0x1a10f213) andi    tp, ra, 417
core   0: 3 0x8000015c (0x1a10f213) x 4 0x00000000
core   0: 0x80000160 (0x038ae733) rem     a4, s5, s8
core   0: 3 0x80000160 (0x038ae733) x14 0x00000000
core   0: 0x80000164 (0x0061e1b3) or      gp, gp, t1
core   0: 3 0x80000164 (0x0061e1b3) x 3 0xff7069bf
core   0: 0x80000168 (0xa3dafa93) andi    s5, s5, -1475
core   0: 3 0x80000168 (0xa3dafa93) x21 0x00000000
core   0: 0x8000016c (0x03903fb3) mulhu   t6, zero, s9
core   0: 3 0x8000016c (0x03903fb3) x31 0x00000000
core   0: 0x80000170 (0x00242433) slt     s0, s0, sp
core   0: 3 0x80000170 (0x00242433) x 8 0x00000001
core   0: 0x80000174 (0x04116193) ori     gp, sp, 65
core   0: 3 0x80000174 (0x04116193) x 3 0x00000041
core   0: 0x80000178 (0xb07a7d37) lui     s10, 0xb07a7
core   0: 3 0x80000178 (0xb07a7d37) x26 0xb07a7000
core   0: 0x8000017c (0x7fbfac13) slti    s8, t6, 2043
core   0: 3 0x8000017c (0x7fbfac13) x24 0x00000001
core   0: 0x80000180 (0x021a41b3) div     gp, s4, ra
core   0: 3 0x80000180 (0x021a41b3) x 3 0x00000000
core   0: 0x80000184 (0xebb5a413) slti    s0, a1, -325
core   0: 3 0x80000184 (0xebb5a413) x 8 0x00000000
core   0: 0x80000188 (0x529bcb93) xori    s7, s7, 1321
core   0: 3 0x80000188 (0x529bcb93) x23 0x00090529
core   0: 0x8000018c (0x026e6f33) rem     t5, t3, t1
core   0: 3 0x8000018c (0x026e6f33) x30 0x00000000
core   0: 0x80000190 (0x021020b3) mulhsu  ra, zero, ra
core   0: 3 0x80000190 (0x021020b3) x 1 0x00000000
core   0: 0x80000194 (0x20616293) ori     t0, sp, 518
core   0: 3 0x80000194 (0x20616293) x 5 0x00000207
core   0: 0x80000198 (0x03b09533) mulh    a0, ra, s11
core   0: 3 0x80000198 (0x03b09533) x10 0x00000000
core   0: 0x8000019c (0x008a6db3) or      s11, s4, s0
core   0: 3 0x8000019c (0x008a6db3) x27 0xbad8bc85
core   0: 0x800001a0 (0x396e4613) xori    a2, t3, 918
core   0: 3 0x800001a0 (0x396e4613) x12 0x00000396
core   0: 0x800001a4 (0xe61f2337) lui     t1, 0xe61f2
core   0: 3 0x800001a4 (0xe61f2337) x 6 0xe61f2000
core   0: 0x800001a8 (0xbdaccd13) xori    s10, s9, -1062
core   0: 3 0x800001a8 (0xbdaccd13) x26 0xfffffbda
core   0: 0x800001ac (0xaed88593) addi    a1, a7, -1299
core   0: 3 0x800001ac (0xaed88593) x11 0x290dc24f
core   0: 0x800001b0 (0x03f993b3) mulh    t2, s3, t6
core   0: 3 0x800001b0 (0x03f993b3) x 7 0x00000000
core   0: 0x800001b4 (0x019ffb33) and     s6, t6, s9
core   0: 3 0x800001b4 (0x019ffb33) x22 0x00000000
core   0: 0x800001b8 (0xd17ec893) xori    a7, t4, -745
core   0: 3 0x800001b8 (0xd17ec893) x17 0xfffffd1e
core   0: 0x800001bc (0x000f8d33) add     s10, t6, zero
core   0: 3 0x800001bc (0x000f8d33) x26 0x00000000
core   0: 0x800001c0 (0xc32eb993) sltiu   s3, t4, -974
core   0: 3 0x800001c0 (0xc32eb993) x19 0x00000001
core   0: 0x800001c4 (0xb04d3c93) sltiu   s9, s10, -1276
core   0: 3 0x800001c4 (0xb04d3c93) x25 0x00000001
core   0: 0x800001c8 (0x0142a033) slt     zero, t0, s4
core   0: 3 0x800001c8 (0x0142a033)
core   0: 0x800001cc (0xe147e593) ori     a1, a5, -492
core   0: 3 0x800001cc (0xe147e593) x11 0xfffffe1d
core   0: 0x800001d0 (0x00ab6233) or      tp, s6, a0
core   0: 3 0x800001d0 (0x00ab6233) x 4 0x00000000
core   0: 0x800001d4 (0x0079f933) and     s2, s3, t2
core   0: 3 0x800001d4 (0x0079f933) x18 0x00000000
core   0: 0x800001d8 (0x01944d33) xor     s10, s0, s9
core   0: 3 0x800001d8 (0x01944d33) x26 0x00000001
core   0: 0x800001dc (0x03e2d2b3) divu    t0, t0, t5
core   0: 3 0x800001dc (0x03e2d2b3) x 5 0xffffffff
core   0: 0x800001e0 (0x009a25b3) slt     a1, s4, s1
core   0: 3 0x800001e0 (0x009a25b3) x11 0x00000000
core   0: 0x800001e4 (0x02d08f33) mul     t5, ra, a3
core   0: 3 0x800001e4 (0x02d08f33) x30 0x00000000
core   0: 0x800001e8 (0x01439513) slli    a0, t2, 20
core   0: 3 0x800001e8 (0x01439513) x10 0x00000000
core   0: 0x800001ec (0x4f6a0117) auipc   sp, 0x4f6a0
core   0: 3 0x800001ec (0x4f6a0117) x 2 0xcf6a01ec
core   0: 0x800001f0 (0x40aa8f33) sub     t5, s5, a0
core   0: 3 0x800001f0 (0x40aa8f33) x30 0x00000000
core   0: 0x800001f4 (0x00000013) nop
core   0: 3 0x800001f4 (0x00000013)
core   0: 0x800001f8 (0x03386c33) rem     s8, a6, s3
core   0: 3 0x800001f8 (0x03386c33) x24 0x00000000
core   0: 0x800001fc (0x019798b3) sll     a7, a5, s9
core   0: 3 0x800001fc (0x019798b3) x17 0x00000012
core   0: 0x80000200 (0x415503b3) sub     t2, a0, s5
core   0: 3 0x80000200 (0x415503b3) x 7 0x00000000
core   0: 0x80000204 (0xca7fab13) slti    s6, t6, -857
core   0: 3 0x80000204 (0xca7fab13) x22 0x00000000
core   0: 0x80000208 (0x00040933) add     s2, s0, zero
core   0: 3 0x80000208 (0x00040933) x18 0x00000000
core   0: 0x8000020c (0x03c81733) mulh    a4, a6, t3
core   0: 3 0x8000020c (0x03c81733) x14 0x00000000
core   0: 0x80000210 (0x00000013) nop
core   0: 3 0x80000210 (0x00000013)
core   0: 0x80000214 (0x45fbad13) slti    s10, s7, 1119
core   0: 3 0x80000214 (0x45fbad13) x26 0x00000000
core   0: 0x80000218 (0x00dd4db3) xor     s11, s10, a3
core   0: 3 0x80000218 (0x00dd4db3) x27 0xff7069be
core   0: 0x8000021c (0x01d00cb3) add     s9, zero, t4
core   0: 3 0x8000021c (0x01d00cb3) x25 0x00000009
core   0: 0x80000220 (0x006de333) or      t1, s11, t1
core   0: 3 0x80000220 (0x006de333) x 6 0xff7f69be
core   0: 0x80000224 (0x027b2733) mulhsu  a4, s6, t2
core   0: 3 0x80000224 (0x027b2733) x14 0x00000000
core   0: 0x80000228 (0xfb84cf93) xori    t6, s1, -72
core   0: 3 0x80000228 (0xfb84cf93) x31 0x7ffeb1dc
core   0: 0x8000022c (0x00290133) add     sp, s2, sp
core   0: 3 0x8000022c (0x00290133) x 2 0xcf6a01ec
core   0: 0x80000230 (0x01face33) xor     t3, s5, t6
core   0: 3 0x80000230 (0x01face33) x28 0x7ffeb1dc
core   0: 0x80000234 (0xd7daec93) ori     s9, s5, -643
core   0: 3 0x80000234 (0xd7daec93) x25 0xfffffd7d
core   0: 0x80000238 (0x0f0ac393) xori    t2, s5, 240
core   0: 3 0x80000238 (0x0f0ac393) x 7 0x000000f0
core   0: 0x8000023c (0x01eb62b3) or      t0, s6, t5
core   0: 3 0x8000023c (0x01eb62b3) x 5 0x00000000
core   0: 0x80000240 (0x00c316b3) sll     a3, t1, a2
core   0: 3 0x80000240 (0x00c316b3) x13 0x6f800000
core   0: 0x80000244 (0x5bdd0193) addi    gp, s10, 1469
core   0: 3 0x80000244 (0x5bdd0193) x 3 0x000005bd
core   0: 0x80000248 (0x65fb4113) xori    sp, s6, 1631
core   0: 3 0x80000248 (0x65fb4113) x 2 0x0000065f
core   0: 0x8000024c (0x0341eb33) rem     s6, gp, s4
core   0: 3 0x8000024c (0x0341eb33) x22 0x000005bd
core   0: 0x80000250 (0x020eee33) rem     t3, t4, zero
core   0: 3 0x80000250 (0x020eee33) x28 0x00000009
core   0: 0x80000254 (0xca829c37) lui     s8, 0xca829
core   0: 3 0x80000254 (0xca829c37) x24 0xca829000
core   0: 0x80000258 (0x401a5133) sra     sp, s4, ra
core   0: 3 0x80000258 (0x401a5133) x 2 0xbad8bc85
core   0: 0x8000025c (0x00000013) nop
core   0: 3 0x8000025c (0x00000013)
core   0: 0x80000260 (0x418b5533) sra     a0, s6, s8
core   0: 3 0x80000260 (0x418b5533) x10 0x000005bd
core   0: 0x80000264 (0x1b476293) ori     t0, a4, 436
core   0: 3 0x80000264 (0x1b476293) x 5 0x000001b4
core   0: 0x80000268 (0x003c43b3) xor     t2, s8, gp
core   0: 3 0x80000268 (0x003c43b3) x 7 0xca8295bd
core   0: 0x8000026c (0x038ea033) mulhsu  zero, t4, s8
core   0: 3 0x8000026c (0x038ea033)
core   0: 0x80000270 (0x00ea1b13) slli    s6, s4, 14
core   0: 3 0x80000270 (0x00ea1b13) x22 0x2f214000
core   0: 0x80000274 (0x54540693) addi    a3, s0, 1349
core   0: 3 0x80000274 (0x54540693) x13 0x00000545
core   0: 0x80000278 (0x02c7fe33) remu    t3, a5, a2
core   0: 3 0x80000278 (0x02c7fe33) x28 0x00000009
core   0: 0x8000027c (0x558ac113) xori    sp, s5, 1368
core   0: 3 0x8000027c (0x558ac113) x 2 0x00000558
core   0: 0x80000280 (0x00ea19b3) sll     s3, s4, a4
core   0: 3 0x80000280 (0x00ea19b3) x19 0xbad8bc85
core   0: 0x80000284 (0x009c1893) slli    a7, s8, 9
core   0: 3 0x80000284 (0x009c1893) x17 0x05200000
core   0: 0x80000288 (0x00782cb3) slt     s9, a6, t2
core   0: 3 0x80000288 (0x00782cb3) x25 0x00000001
core   0: 0x8000028c (0x414dd913) srai    s2, s11, 20
core   0: 3 0x8000028c (0x414dd913) x18 0xfffffff7
core   0: 0x80000290 (0x75256793) ori     a5, a0, 1874
core   0: 3 0x80000290 (0x75256793) x15 0x000007ff
core   0: 0x80000294 (0xfe8f3993) sltiu   s3, t5, -24
core   0: 3 0x80000294 (0xfe8f3993) x19 0x00000001
core   0: 0x80000298 (0x00000013) nop
core   0: 3 0x80000298 (0x00000013)
core   0: 0x8000029c (0x00000013) nop
core   0: 3 0x8000029c (0x00000013)
core   0: 0x800002a0 (0x01abf2b3) and     t0, s7, s10
core   0: 3 0x800002a0 (0x01abf2b3) x 5 0x00000000
core   0: 0x800002a4 (0x01981233) sll     tp, a6, s9
core   0: 3 0x800002a4 (0x01981233) x 4 0x000319c8
core   0: 0x800002a8 (0x419f0433) sub     s0, t5, s9
core   0: 3 0x800002a8 (0x419f0433) x 8 0xffffffff
core   0: 0x800002ac (0xd1a46213) ori     tp, s0, -742
core   0: 3 0x800002ac (0xd1a46213) x 4 0xffffffff
core   0: 0x800002b0 (0x00ecec33) or      s8, s9, a4
core   0: 3 0x800002b0 (0x00ecec33) x24 0x00000001
core   0: 0x800002b4 (0x00329b93) slli    s7, t0, 3
core   0: 3 0x800002b4 (0x00329b93) x23 0x00000000
core   0: 0x800002b8 (0x02571bb3) mulh    s7, a4, t0
core   0: 3 0x800002b8 (0x02571bb3) x23 0x00000000
core   0: 0x800002bc (0x0397c033) div     zero, a5, s9
core   0: 3 0x800002bc (0x0397c033)
core   0: 0x800002c0 (0xc0675137) lui     sp, 0xc0675
core   0: 3 0x800002c0 (0xc0675137) x 2 0xc0675000
core   0: 0x800002c4 (0x01b656b3) srl     a3, a2, s11
core   0: 3 0x800002c4 (0x01b656b3) x13 0x00000000
core   0: 0x800002c8 (0x00bfa733) slt     a4, t6, a1
core   0: 3 0x800002c8 (0x00bfa733) x14 0x00000000
core   0: 0x800002cc (0x0129cb33) xor     s6, s3, s2
core   0: 3 0x800002cc (0x0129cb33) x22 0xfffffff6
core   0: 0x800002d0 (0x00205433) srl     s0, zero, sp
core   0: 3 0x800002d0 (0x00205433) x 8 0x00000000
core   0: 0x800002d4 (0x00000013) nop
core   0: 3 0x800002d4 (0x00000013)
core   0: 0x800002d8 (0x40e65b33) sra     s6, a2, a4
core   0: 3 0x800002d8 (0x40e65b33) x22 0x00000396
core   0: 0x800002dc (0x01db9313) slli    t1, s7, 29
core   0: 3 0x800002dc (0x01db9313) x 6 0x00000000
core   0: 0x800002e0 (0x02d2ecb3) rem     s9, t0, a3
core   0: 3 0x800002e0 (0x02d2ecb3) x25 0x00000000
core   0: 0x800002e4 (0x0102de93) srli    t4, t0, 16
core   0: 3 0x800002e4 (0x0102de93) x29 0x00000000
core   0: 0x800002e8 (0x41ec58b3) sra     a7, s8, t5
core   0: 3 0x800002e8 (0x41ec58b3) x17 0x00000001
core   0: 0x800002ec (0x003cd8b3) srl     a7, s9, gp
core   0: 3 0x800002ec (0x003cd8b3) x17 0x00000000
core   0: 0x800002f0 (0x40742713) slti    a4, s0, 1031
core   0: 3 0x800002f0 (0x40742713) x14 0x00000001
core   0: 0x800002f4 (0x01a9a933) slt     s2, s3, s10
core   0: 3 0x800002f4 (0x01a9a933) x18 0x00000000
core   0: 0x800002f8 (0x006accb3) xor     s9, s5, t1
core   0: 3 0x800002f8 (0x006accb3) x25 0x00000000
core   0: 0x800002fc (0x413b5f13) srai    t5, s6, 19
core   0: 3 0x800002fc (0x413b5f13) x30 0x00000000
core   0: 0x80000300 (0x033ef0b3) remu    ra, t4, s3
core   0: 3 0x80000300 (0x033ef0b3) x 1 0x00000000
core   0: 0x80000304 (0xec1c0713) addi    a4, s8, -319
core   0: 3 0x80000304 (0xec1c0713) x14 0xfffffec2
core   0: 0x80000308 (0xb518d6b7) lui     a3, 0xb518d
core   0: 3 0x80000308 (0xb518d6b7) x13 0xb518d000
core   0: 0x8000030c (0x6fef7993) andi    s3, t5, 1790
core   0: 3 0x8000030c (0x6fef7993) x19 0x00000000
core   0: 0x80000310 (0x008f6f33) or      t5, t5, s0
core   0: 3 0x80000310 (0x008f6f33) x30 0x00000000
core   0: 0x80000314 (0x000b22b3) slt     t0, s6, zero
core   0: 3 0x80000314 (0x000b22b3) x 5 0x00000000
core   0: 0x80000318 (0x025de133) rem     sp, s11, t0
core   0: 3 0x80000318 (0x025de133) x 2 0xff7069be
core   0: 0x8000031c (0x00000013) nop
core   0: 3 0x8000031c (0x00000013)
core   0: 0x80000320 (0x01a073b3) and     t2, zero, s10
core   0: 3 0x80000320 (0x01a073b3) x 7 0x00000000
core   0: 0x80000324 (0x009847b3) xor     a5, a6, s1
core   0: 3 0x80000324 (0x009847b3) x15 0x0000c280
core   0: 0x80000328 (0xf830c713) xori    a4, ra, -125
core   0: 3 0x80000328 (0xf830c713) x14 0xffffff83
core   0: 0x8000032c (0x4180d313) srai    t1, ra, 24
core   0: 3 0x8000032c (0x4180d313) x 6 0x00000000
core   0: 0x80000330 (0x008ba9b3) slt     s3, s7, s0
core   0: 3 0x80000330 (0x008ba9b3) x19 0x00000000
core   0: 0x80000334 (0xa6117893) andi    a7, sp, -1439
core   0: 3 0x80000334 (0xa6117893) x17 0xff706820
core   0: 0x80000338 (0x01b125b3) slt     a1, sp, s11
core   0: 3 0x80000338 (0x01b125b3) x11 0x00000000
core   0: 0x8000033c (0x01d363b3) or      t2, t1, t4
core   0: 3 0x8000033c (0x01d363b3) x 7 0x00000000
core   0: 0x80000340 (0x0149de33) srl     t3, s3, s4
core   0: 3 0x80000340 (0x0149de33) x28 0x00000000
core   0: 0x80000344 (0x40c0d1b3) sra     gp, ra, a2
core   0: 3 0x80000344 (0x40c0d1b3) x 3 0x00000000
core   0: 0x80000348 (0xe98ee293) ori     t0, t4, -360
core   0: 3 0x80000348 (0xe98ee293) x 5 0xfffffe98
core   0: 0x8000034c (0x93c38513) addi    a0, t2, -1732
core   0: 3 0x8000034c (0x93c38513) x10 0xfffff93c
core   0: 0x80000350 (0x02049033) mulh    zero, s1, zero
core   0: 3 0x80000350 (0x02049033)
core   0: 0x80000354 (0x00170cb3) add     s9, a4, ra
core   0: 3 0x80000354 (0x00170cb3) x25 0xffffff83
core   0: 0x80000358 (0x20d4a413) slti    s0, s1, 525
core   0: 3 0x80000358 (0x20d4a413) x 8 0x00000001
core   0: 0x8000035c (0x6b91aa93) slti    s5, gp, 1721
core   0: 3 0x8000035c (0x6b91aa93) x21 0x00000001
core   0: 0x80000360 (0x03b042b3) div     t0, zero, s11
core   0: 3 0x80000360 (0x03b042b3) x 5 0x00000000
core   0: 0x80000364 (0x01a51093) slli    ra, a0, 26
core   0: 3 0x80000364 (0x01a51093) x 1 0xf0000000
core   0: 0x80000368 (0x025e50b3) divu    ra, t3, t0
core   0: 3 0x80000368 (0x025e50b3) x 1 0xffffffff
core   0: 0x8000036c (0x41445f13) srai    t5, s0, 20
core   0: 3 0x8000036c (0x41445f13) x30 0x00000000
core   0: 0x80000370 (0x41f57f97) auipc   t6, 0x41f57
core   0: 3 0x80000370 (0x41f57f97) x31 0xc1f57370
core   0: 0x80000374 (0x406107b3) sub     a5, sp, t1
core   0: 3 0x80000374 (0x406107b3) x15 0xff7069be
core   0: 0x80000378 (0x864aa393) slti    t2, s5, -1948
core   0: 3 0x80000378 (0x864aa393) x 7 0x00000000
core   0: 0x8000037c (0x4119d093) srai    ra, s3, 17
core   0: 3 0x8000037c (0x4119d093) x 1 0x00000000
core   0: 0x80000380 (0x03928533) mul     a0, t0, s9
core   0: 3 0x80000380 (0x03928533) x10 0x00000000
core   0: 0x80000384 (0x00000013) nop
core   0: 3 0x80000384 (0x00000013)
core   0: 0x80000388 (0x0205f5b3) remu    a1, a1, zero
core   0: 3 0x80000388 (0x0205f5b3) x11 0x00000000
core   0: 0x8000038c (0x004a9d93) slli    s11, s5, 4
core   0: 3 0x8000038c (0x004a9d93) x27 0x00000010
core   0: 0x80000390 (0x459d3f93) sltiu   t6, s10, 1113
core   0: 3 0x80000390 (0x459d3f93) x31 0x00000001
core   0: 0x80000394 (0x4b7c3e37) lui     t3, 0x4b7c3
core   0: 3 0x80000394 (0x4b7c3e37) x28 0x4b7c3000
core   0: 0x80000398 (0x880dbf13) sltiu   t5, s11, -1920
core   0: 3 0x80000398 (0x880dbf13) x30 0x00000001
core   0: 0x8000039c (0x00000013) nop
core   0: 3 0x8000039c (0x00000013)
core   0: 0x800003a0 (0xdfb03f13) sltiu   t5, zero, -517
core   0: 3 0x800003a0 (0xdfb03f13) x30 0x00000001
core   0: 0x800003a4 (0x02312f33) mulhsu  t5, sp, gp
core   0: 3 0x800003a4 (0x02312f33) x30 0x00000000
core   0: 0x800003a8 (0x010776b3) and     a3, a4, a6
core   0: 3 0x800003a8 (0x010776b3) x13 0x80018c80
core   0: 0x800003ac (0x00972733) slt     a4, a4, s1
core   0: 3 0x800003ac (0x00972733) x14 0x00000000
core   0: 0x800003b0 (0x00c078b3) and     a7, zero, a2
core   0: 3 0x800003b0 (0x00c078b3) x17 0x00000000
core   0: 0x800003b4 (0x024b2db3) mulhsu  s11, s6, tp
core   0: 3 0x800003b4 (0x024b2db3) x27 0x00000395
core   0: 0x800003b8 (0x026d67b3) rem     a5, s10, t1
core   0: 3 0x800003b8 (0x026d67b3) x15 0x00000000
core   0: 0x800003bc (0x40b6d533) sra     a0, a3, a1
core   0: 3 0x800003bc (0x40b6d533) x10 0x80018c80
core   0: 0x800003c0 (0x41720b33) sub     s6, tp, s7
core   0: 3 0x800003c0 (0x41720b33) x22 0xffffffff
core   0: 0x800003c4 (0xfa18e013) ori     zero, a7, -95
core   0: 3 0x800003c4 (0xfa18e013)
core   0: 0x800003c8 (0x031317b3) mulh    a5, t1, a7
core   0: 3 0x800003c8 (0x031317b3) x15 0x00000000
core   0: 0x800003cc (0x0155c333) xor     t1, a1, s5
core   0: 3 0x800003cc (0x0155c333) x 6 0x00000001
core   0: 0x800003d0 (0x02e80c33) mul     s8, a6, a4
core   0: 3 0x800003d0 (0x02e80c33) x24 0x00000000
core   0: 0x800003d4 (0x01ee1913) slli    s2, t3, 30
core   0: 3 0x800003d4 (0x01ee1913) x18 0x00000000
core   0: 0x800003d8 (0x00000013) nop
core   0: 3 0x800003d8 (0x00000013)
core   0: 0x800003dc (0x41c4dab3) sra     s5, s1, t3
core   0: 3 0x800003dc (0x41c4dab3) x21 0x80014e64
core   0: 0x800003e0 (0x021795b3) mulh    a1, a5, ra
core   0: 3 0x800003e0 (0x021795b3) x11 0x00000000
core   0: 0x800003e4 (0x02e239b3) mulhu   s3, tp, a4
core   0: 3 0x800003e4 (0x02e239b3) x19 0x00000000
core   0: 0x800003e8 (0x02f49133) mulh    sp, s1, a5
core   0: 3 0x800003e8 (0x02f49133) x 2 0x00000000
core   0: 0x800003ec (0x01d031b3) snez    gp, t4
core   0: 3 0x800003ec (0x01d031b3) x 3 0x00000000
core   0: 0x800003f0 (0x00b56633) or      a2, a0, a1
core   0: 3 0x800003f0 (0x00b56633) x12 0x80018c80
core   0: 0x800003f4 (0x002a1bb3) sll     s7, s4, sp
core   0: 3 0x800003f4 (0x002a1bb3) x23 0xbad8bc85
core   0: 0x800003f8 (0x03788433) mul     s0, a7, s7
core   0: 3 0x800003f8 (0x03788433) x 8 0x00000000
core   0: 0x800003fc (0x03e2b033) mulhu   zero, t0, t5
core   0: 3 0x800003fc (0x03e2b033)
core   0: 0x80000400 (0x039b13b3) mulh    t2, s6, s9
core   0: 3 0x80000400 (0x039b13b3) x 7 0x00000000
core   0: 0x80000404 (0x62eaad13) slti    s10, s5, 1582
core   0: 3 0x80000404 (0x62eaad13) x26 0x00000001
core   0: 0x80000408 (0x00000013) nop
core   0: 3 0x80000408 (0x00000013)
core   0: 0x8000040c (0x5f5dbb93) sltiu   s7, s11, 1525
core   0: 3 0x8000040c (0x5f5dbb93) x23 0x00000001
core   0: 0x80000410 (0x00731213) slli    tp, t1, 7
core   0: 3 0x80000410 (0x00731213) x 4 0x00000080
core   0: 0x80000414 (0x40a75f93) srai    t6, a4, 10
core   0: 3 0x80000414 (0x40a75f93) x31 0x00000000
core   0: 0x80000418 (0x03674433) div     s0, a4, s6
core   0: 3 0x80000418 (0x03674433) x 8 0x00000000
core   0: 0x8000041c (0x01a51b33) sll     s6, a0, s10
core   0: 3 0x8000041c (0x01a51b33) x22 0x00031900
core   0: 0x80000420 (0x40e309b3) sub     s3, t1, a4
core   0: 3 0x80000420 (0x40e309b3) x19 0x00000001
core   0: 0x80000424 (0x02a65d33) divu    s10, a2, a0
core   0: 3 0x80000424 (0x02a65d33) x26 0x00000001
core   0: 0x80000428 (0xa8878d13) addi    s10, a5, -1400
core   0: 3 0x80000428 (0xa8878d13) x26 0xfffffa88
core   0: 0x8000042c (0x015a63b3) or      t2, s4, s5
core   0: 3 0x8000042c (0x015a63b3) x 7 0xbad9fee5
core   0: 0x80000430 (0x02747433) remu    s0, s0, t2
core   0: 3 0x80000430 (0x02747433) x 8 0x00000000
core   0: 0x80000434 (0x69c28e13) addi    t3, t0, 1692
core   0: 3 0x80000434 (0x69c28e13) x28 0x0000069c
core   0: 0x80000438 (0x00000013) nop
core   0: 3 0x80000438 (0x00000013)
core   0: 0x8000043c (0x00000013) nop
core   0: 3 0x8000043c (0x00000013)
core   0: 0x80000440 (0x0045a533) slt     a0, a1, tp
core   0: 3 0x80000440 (0x0045a533) x10 0x00000001
core   0: 0x80000444 (0x01ff3bb3) sltu    s7, t5, t6
core   0: 3 0x80000444 (0x01ff3bb3) x23 0x00000000
core   0: 0x80000448 (0x03af2d33) mulhsu  s10, t5, s10
core   0: 3 0x80000448 (0x03af2d33) x26 0x00000000
core   0: 0x8000044c (0xfabbfe37) lui     t3, 0xfabbf
core   0: 3 0x8000044c (0xfabbfe37) x28 0xfabbf000
core   0: 0x80000450 (0x001fc133) xor     sp, t6, ra
core   0: 3 0x80000450 (0x001fc133) x 2 0x00000000
core   0: 0x80000454 (0x03a73033) mulhu   zero, a4, s10
core   0: 3 0x80000454 (0x03a73033)
core   0: 0x80000458 (0x018a7ab3) and     s5, s4, s8
core   0: 3 0x80000458 (0x018a7ab3) x21 0x00000000
core   0: 0x8000045c (0x6aca4d93) xori    s11, s4, 1708
core   0: 3 0x8000045c (0x6aca4d93) x27 0xbad8ba29
core   0: 0x80000460 (0x00cdfab3) and     s5, s11, a2
core   0: 3 0x80000460 (0x00cdfab3) x21 0x80008800
core   0: 0x80000464 (0x006a43b3) xor     t2, s4, t1
core   0: 3 0x80000464 (0x006a43b3) x 7 0xbad8bc84
core   0: 0x80000468 (0xeca24513) xori    a0, tp, -310
core   0: 3 0x80000468 (0xeca24513) x10 0xfffffe4a
core   0: 0x8000046c (0x0242d233) divu    tp, t0, tp
core   0: 3 0x8000046c (0x0242d233) x 4 0x00000000
core   0: 0x80000470 (0x0246d3b3) divu    t2, a3, tp
core   0: 3 0x80000470 (0x0246d3b3) x 7 0xffffffff
core   0: 0x80000474 (0x00000013) nop
core   0: 3 0x80000474 (0x00000013)
core   0: 0x80000478 (0x01f80033) add     zero, a6, t6
core   0: 3 0x80000478 (0x01f80033)
core   0: 0x8000047c (0x03268cb3) mul     s9, a3, s2
core   0: 3 0x8000047c (0x03268cb3) x25 0x00000000
core   0: 0x80000480 (0x410e8f33) sub     t5, t4, a6
core   0: 3 0x80000480 (0x410e8f33) x30 0x7ffe731c
core   0: 0x80000484 (0x00a99e33) sll     t3, s3, a0
core   0: 3 0x80000484 (0x00a99e33) x28 0x00000400
core   0: 0x80000488 (0x40e901b3) sub     gp, s2, a4
core   0: 3 0x80000488 (0x40e901b3) x 3 0x00000000
core   0: 0x8000048c (0x00bba033) slt     zero, s7, a1
core   0: 3 0x8000048c (0x00bba033)
core   0: 0x80000490 (0x4099d993) srai    s3, s3, 9
core   0: 3 0x80000490 (0x4099d993) x19 0x00000000
core   0: 0x80000494 (0x0040cbb3) xor     s7, ra, tp
core   0: 3 0x80000494 (0x0040cbb3) x23 0x00000000
core   0: 0x80000498 (0x20cdba93) sltiu   s5, s11, 524
core   0: 3 0x80000498 (0x20cdba93) x21 0x00000000
core   0: 0x8000049c (0x014b9613) slli    a2, s7, 20
core   0: 3 0x8000049c (0x014b9613) x12 0x00000000
core   0: 0x800004a0 (0x0302a333) mulhsu  t1, t0, a6
core   0: 3 0x800004a0 (0x0302a333) x 6 0x00000000
core   0: 0x800004a4 (0x02cae333) rem     t1, s5, a2
core   0: 3 0x800004a4 (0x02cae333) x 6 0x00000000
core   0: 0x800004a8 (0x0353f133) remu    sp, t2, s5
core   0: 3 0x800004a8 (0x0353f133) x 2 0xffffffff
core   0: 0x800004ac (0x00e1b2b3) sltu    t0, gp, a4
core   0: 3 0x800004ac (0x00e1b2b3) x 5 0x00000000
core   0: 0x800004b0 (0x0197eeb3) or      t4, a5, s9
core   0: 3 0x800004b0 (0x0197eeb3) x29 0x00000000
core   0: 0x800004b4 (0x2c47a593) slti    a1, a5, 708
core   0: 3 0x800004b4 (0x2c47a593) x11 0x00000001
core   0: 0x800004b8 (0x03c960b3) rem     ra, s2, t3
core   0: 3 0x800004b8 (0x03c960b3) x 1 0x00000000
core   0: 0x800004bc (0x387e8593) addi    a1, t4, 903
core   0: 3 0x800004bc (0x387e8593) x11 0x00000387
core   0: 0x800004c0 (0x03c4ee33) rem     t3, s1, t3
core   0: 3 0x800004c0 (0x03c4ee33) x28 0xfffffe64
core   0: 0x800004c4 (0x017eaab3) slt     s5, t4, s7
core   0: 3 0x800004c4 (0x017eaab3) x21 0x00000000
core   0: 0x800004c8 (0xaf202313) slti    t1, zero, -1294
core   0: 3 0x800004c8 (0xaf202313) x 6 0x00000000
core   0: 0x800004cc (0x01609413) slli    s0, ra, 22
core   0: 3 0x800004cc (0x01609413) x 8 0x00000000
core   0: 0x800004d0 (0x01c99eb3) sll     t4, s3, t3
core   0: 3 0x800004d0 (0x01c99eb3) x29 0x00000000
core   0: 0x800004d4 (0x012b3033) sltu    zero, s6, s2
core   0: 3 0x800004d4 (0x012b3033)
core   0: 0x800004d8 (0x014a8ab3) add     s5, s5, s4
core   0: 3 0x800004d8 (0x014a8ab3) x21 0xbad8bc85
core   0: 0x800004dc (0xd5b03c93) sltiu   s9, zero, -677
core   0: 3 0x800004dc (0xd5b03c93) x25 0x00000001
core   0: 0x800004e0 (0x02098033) mul     zero, s3, zero
core   0: 3 0x800004e0 (0x02098033)
core   0: 0x800004e4 (0x017b8b33) add     s6, s7, s7
core   0: 3 0x800004e4 (0x017b8b33) x22 0x00000000
core   0: 0x800004e8 (0x910b0713) addi    a4, s6, -1776
core   0: 3 0x800004e8 (0x910b0713) x14 0xfffff910
core   0: 0x800004ec (0x00000013) nop
core   0: 3 0x800004ec (0x00000013)
core   0: 0x800004f0 (0x0950bd93) sltiu   s11, ra, 149
core   0: 3 0x800004f0 (0x0950bd93) x27 0x00000001
core   0: 0x800004f4 (0x009ff033) and     zero, t6, s1
core   0: 3 0x800004f4 (0x009ff033)
core   0: 0x800004f8 (0x00742bb3) slt     s7, s0, t2
core   0: 3 0x800004f8 (0x00742bb3) x23 0x00000000
core   0: 0x800004fc (0x01721693) slli    a3, tp, 23
core   0: 3 0x800004fc (0x01721693) x13 0x00000000
core   0: 0x80000500 (0x034d8cb3) mul     s9, s11, s4
core   0: 3 0x80000500 (0x034d8cb3) x25 0xbad8bc85
core   0: 0x80000504 (0x46e49a97) auipc   s5, 0x46e49
core   0: 3 0x80000504 (0x46e49a97) x21 0xc6e49504
core   0: 0x80000508 (0x2b1f9fb7) lui     t6, 0x2b1f9
core   0: 3 0x80000508 (0x2b1f9fb7) x31 0x2b1f9000
core   0: 0x8000050c (0x01c6b733) sltu    a4, a3, t3
core   0: 3 0x8000050c (0x01c6b733) x14 0x00000001
core   0: 0x80000510 (0x0073a1b3) slt     gp, t2, t2
core   0: 3 0x80000510 (0x0073a1b3) x 3 0x00000000
core   0: 0x80000514 (0x00057393) andi    t2, a0, 0
core   0: 3 0x80000514 (0x00057393) x 7 0x00000000
core   0: 0x80000518 (0x415905b3) sub     a1, s2, s5
core   0: 3 0x80000518 (0x415905b3) x11 0x391b6afc
core   0: 0x8000051c (0x41405e13) srai    t3, zero, 20
core   0: 3 0x8000051c (0x41405e13) x28 0x00000000
core   0: 0x80000520 (0x006b4433) xor     s0, s6, t1
core   0: 3 0x80000520 (0x006b4433) x 8 0x00000000
core   0: 0x80000524 (0x03483233) mulhu   tp, a6, s4
core   0: 3 0x80000524 (0x03483233) x 4 0x5d6d7ff0
core   0: 0x80000528 (0x001e7933) and     s2, t3, ra
core   0: 3 0x80000528 (0x001e7933) x18 0x00000000
core   0: 0x8000052c (0x00e2e8b3) or      a7, t0, a4
core   0: 3 0x8000052c (0x00e2e8b3) x17 0x00000001
core   0: 0x80000530 (0x001c1c33) sll     s8, s8, ra
core   0: 3 0x80000530 (0x001c1c33) x24 0x00000000
core   0: 0x80000534 (0x03409333) mulh    t1, ra, s4
core   0: 3 0x80000534 (0x03409333) x 6 0x00000000
core   0: 0x80000538 (0x41b45b33) sra     s6, s0, s11
core   0: 3 0x80000538 (0x41b45b33) x22 0x00000000
core   0: 0x8000053c (0x0044acb3) slt     s9, s1, tp
core   0: 3 0x8000053c (0x0044acb3) x25 0x00000001
core   0: 0x80000540 (0x02927033) remu    zero, tp, s1
core   0: 3 0x80000540 (0x02927033)
core   0: 0x80000544 (0x023f8ab3) mul     s5, t6, gp
core   0: 3 0x80000544 (0x023f8ab3) x21 0x00000000
core   0: 0x80000548 (0x024a8033) mul     zero, s5, tp
core   0: 3 0x80000548 (0x024a8033)
core   0: 0x8000054c (0x012fd693) srli    a3, t6, 18
core   0: 3 0x8000054c (0x012fd693) x13 0x00000ac7
core   0: 0x80000550 (0x00842233) slt     tp, s0, s0
core   0: 3 0x80000550 (0x00842233) x 4 0x00000000
core   0: 0x80000554 (0x0309c733) div     a4, s3, a6
core   0: 3 0x80000554 (0x0309c733) x14 0x00000000
core   0: 0x80000558 (0x9984ae13) slti    t3, s1, -1640
core   0: 3 0x80000558 (0x9984ae13) x28 0x00000001
core   0: 0x8000055c (0x004a1013) slli    zero, s4, 4
core   0: 3 0x8000055c (0x004a1013)
core   0: 0x80000560 (0x99143293) sltiu   t0, s0, -1647
core   0: 3 0x80000560 (0x99143293) x 5 0x00000001
core   0: 0x80000564 (0x56a8ac93) slti    s9, a7, 1386
core   0: 3 0x80000564 (0x56a8ac93) x25 0x00000001
core   0: 0x80000568 (0x02c231b3) mulhu   gp, tp, a2
core   0: 3 0x80000568 (0x02c231b3) x 3 0x00000000
core   0: 0x8000056c (0x00ea33b3) sltu    t2, s4, a4
core   0: 3 0x8000056c (0x00ea33b3) x 7 0x00000000
core   0: 0x80000570 (0x038ad8b3) divu    a7, s5, s8
core   0: 3 0x80000570 (0x038ad8b3) x17 0xffffffff
core   0: 0x80000574 (0xda684d13) xori    s10, a6, -602
core   0: 3 0x80000574 (0xda684d13) x26 0x7ffe7142
core   0: 0x80000578 (0x4197d933) sra     s2, a5, s9
core   0: 3 0x80000578 (0x4197d933) x18 0x00000000
core   0: 0x8000057c (0xb4d97a93) andi    s5, s2, -1203
core   0: 3 0x8000057c (0xb4d97a93) x21 0x00000000
core   0: 0x80000580 (0x020b3333) mulhu   t1, s6, zero
core   0: 3 0x80000580 (0x020b3333) x 6 0x00000000
core   0: 0x80000584 (0x40c55b33) sra     s6, a0, a2
core   0: 3 0x80000584 (0x40c55b33) x22 0xfffffe4a
core   0: 0x80000588 (0x411e8533) sub     a0, t4, a7
core   0: 3 0x80000588 (0x411e8533) x10 0x00000001
core   0: 0x8000058c (0x94ee8593) addi    a1, t4, -1714
core   0: 3 0x8000058c (0x94ee8593) x11 0xfffff94e
core   0: 0x80000590 (0x009951b3) srl     gp, s2, s1
core   0: 3 0x80000590 (0x009951b3) x 3 0x00000000
core   0: 0x80000594 (0x00000013) nop
core   0: 3 0x80000594 (0x00000013)
core   0: 0x80000598 (0x0058dcb3) srl     s9, a7, t0
core   0: 3 0x80000598 (0x0058dcb3) x25 0x7fffffff
core   0: 0x8000059c (0x00841c33) sll     s8, s0, s0
core   0: 3 0x8000059c (0x00841c33) x24 0x00000000
core   0: 0x800005a0 (0x015768b3) or      a7, a4, s5
core   0: 3 0x800005a0 (0x015768b3) x17 0x00000000
core   0: 0x800005a4 (0x02fea233) mulhsu  tp, t4, a5
core   0: 3 0x800005a4 (0x02fea233) x 4 0x00000000
core   0: 0x800005a8 (0x41f25d13) srai    s10, tp, 31
core   0: 3 0x800005a8 (0x41f25d13) x26 0x00000000
core   0: 0x800005ac (0x02dd2e33) mulhsu  t3, s10, a3
core   0: 3 0x800005ac (0x02dd2e33) x28 0x00000000
core   0: 0x800005b0 (0x00ab43b3) xor     t2, s6, a0
core   0: 3 0x800005b0 (0x00ab43b3) x 7 0xfffffe4b
core   0: 0x800005b4 (0x7911e093) ori     ra, gp, 1937
core   0: 3 0x800005b4 (0x7911e093) x 1 0x00000791
core   0: 0x800005b8 (0x038a3033) mulhu   zero, s4, s8
core   0: 3 0x800005b8 (0x038a3033)
core   0: 0x800005bc (0x02b55bb3) divu    s7, a0, a1
core   0: 3 0x800005bc (0x02b55bb3) x23 0x00000000
core   0: 0x800005c0 (0x00fe1913) slli    s2, t3, 15
core   0: 3 0x800005c0 (0x00fe1913) x18 0x00000000
core   0: 0x800005c4 (0x017bbbb3) sltu    s7, s7, s7
core   0: 3 0x800005c4 (0x017bbbb3) x23 0x00000000
core   0: 0x800005c8 (0x03f54233) div     tp, a0, t6
core   0: 3 0x800005c8 (0x03f54233) x 4 0x00000000
core   0: 0x800005cc (0x02afc9b3) div     s3, t6, a0
core   0: 3 0x800005cc (0x02afc9b3) x19 0x2b1f9000
core   0: 0x800005d0 (0x020f48b3) div     a7, t5, zero
core   0: 3 0x800005d0 (0x020f48b3) x17 0xffffffff
core   0: 0x800005d4 (0x00000013) nop
core   0: 3 0x800005d4 (0x00000013)
core   0: 0x800005d8 (0x02b846b3) div     a3, a6, a1
core   0: 3 0x800005d8 (0x02b846b3) x13 0x00131df0
core   0: 0x800005dc (0x0093e8b3) or      a7, t2, s1
core   0: 3 0x800005dc (0x0093e8b3) x17 0xfffffe6f
core   0: 0x800005e0 (0x069c0513) addi    a0, s8, 105
core   0: 3 0x800005e0 (0x069c0513) x10 0x00000069
core   0: 0x800005e4 (0x03b6d3b3) divu    t2, a3, s11
core   0: 3 0x800005e4 (0x03b6d3b3) x 7 0x00131df0
core   0: 0x800005e8 (0x101f2113) slti    sp, t5, 257
core   0: 3 0x800005e8 (0x101f2113) x 2 0x00000000
core   0: 0x800005ec (0xef2f7a93) andi    s5, t5, -270
core   0: 3 0x800005ec (0xef2f7a93) x21 0x7ffe7210
core   0: 0x800005f0 (0xc6bfc893) xori    a7, t6, -917
core   0: 3 0x800005f0 (0xc6bfc893) x17 0xd4e06c6b
core   0: 0x800005f4 (0x0deeca93) xori    s5, t4, 222
core   0: 3 0x800005f4 (0x0deeca93) x21 0x000000de
core   0: 0x800005f8 (0x00000013) nop
core   0: 3 0x800005f8 (0x00000013)
core   0: 0x800005fc (0x017b9e33) sll     t3, s7, s7
core   0: 3 0x800005fc (0x017b9e33) x28 0x00000000
core   0: 0x80000600 (0x001113b3) sll     t2, sp, ra
core   0: 3 0x80000600 (0x001113b3) x 7 0x00000000
core   0: 0x80000604 (0x03727fb3) remu    t6, tp, s7
core   0: 3 0x80000604 (0x03727fb3) x31 0x00000000
core   0: 0x80000608 (0x59643013) sltiu   zero, s0, 1430
core   0: 3 0x80000608 (0x59643013)
core   0: 0x8000060c (0x025a61b3) rem     gp, s4, t0
core   0: 3 0x8000060c (0x025a61b3) x 3 0x00000000
core   0: 0x80000610 (0xe38c0d13) addi    s10, s8, -456
core   0: 3 0x80000610 (0xe38c0d13) x26 0xfffffe38
core   0: 0x80000614 (0x409350b3) sra     ra, t1, s1
core   0: 3 0x80000614 (0x409350b3) x 1 0x00000000
core   0: 0x80000618 (0x03e1de33) divu    t3, gp, t5
core   0: 3 0x80000618 (0x03e1de33) x28 0x00000000
core   0: 0x8000061c (0x03494433) div     s0, s2, s4
core   0: 3 0x8000061c (0x03494433) x 8 0x00000000
core   0: 0x80000620 (0x00350933) add     s2, a0, gp
core   0: 3 0x80000620 (0x00350933) x18 0x00000069
core   0: 0x80000624 (0x01d59413) slli    s0, a1, 29
core   0: 3 0x80000624 (0x01d59413) x 8 0xc0000000
core   0: 0x80000628 (0x023ee433) rem     s0, t4, gp
core   0: 3 0x80000628 (0x023ee433) x 8 0x00000000
core   0: 0x8000062c (0x007ad9b3) srl     s3, s5, t2
core   0: 3 0x8000062c (0x007ad9b3) x19 0x000000de
core   0: 0x80000630 (0xda488793) addi    a5, a7, -604
core   0: 3 0x80000630 (0xda488793) x15 0xd4e06a0f
core   0: 0x80000634 (0x01b31d93) slli    s11, t1, 27
core   0: 3 0x80000634 (0x01b31d93) x27 0x00000000
core   0: 0x80000638 (0x033a07b3) mul     a5, s4, s3
core   0: 3 0x80000638 (0x033a07b3) x15 0x07f37b56
core   0: 0x8000063c (0x02d45db3) divu    s11, s0, a3
core   0: 3 0x8000063c (0x02d45db3) x27 0x00000000
core   0: 0x80000640 (0x4185de33) sra     t3, a1, s8
core   0: 3 0x80000640 (0x4185de33) x28 0xfffff94e
core   0: 0x80000644 (0x006a35b3) sltu    a1, s4, t1
core   0: 3 0x80000644 (0x006a35b3) x11 0x00000000
core   0: 0x80000648 (0x03cad8b3) divu    a7, s5, t3
core   0: 3 0x80000648 (0x03cad8b3) x17 0x00000000
core   0: 0x8000064c (0xdfd7e7b7) lui     a5, 0xdfd7e
core   0: 3 0x8000064c (0xdfd7e7b7) x15 0xdfd7e000
core   0: 0x80000650 (0x0045d233) srl     tp, a1, tp
core   0: 3 0x80000650 (0x0045d233) x 4 0x00000000
core   0: 0x80000654 (0x5fbf7d13) andi    s10, t5, 1531
core   0: 3 0x80000654 (0x5fbf7d13) x26 0x00000118
core   0: 0x80000658 (0x033c8cb3) mul     s9, s9, s3
core   0: 3 0x80000658 (0x033c8cb3) x25 0xffffff22
core   0: 0x8000065c (0x01cd60b3) or      ra, s10, t3
core   0: 3 0x8000065c (0x01cd60b3) x 1 0xfffff95e
core   0: 0x80000660 (0x02ea2933) mulhsu  s2, s4, a4
core   0: 3 0x80000660 (0x02ea2933) x18 0x00000000
core   0: 0x80000664 (0x0040f8b3) and     a7, ra, tp
core   0: 3 0x80000664 (0x0040f8b3) x17 0x00000000
core   0: 0x80000668 (0x01159e33) sll     t3, a1, a7
core   0: 3 0x80000668 (0x01159e33) x28 0x00000000
core   0: 0x8000066c (0x00f4d413) srli    s0, s1, 15
core   0: 3 0x8000066c (0x00f4d413) x 8 0x00010002
core   0: 0x80000670 (0xc6634b93) xori    s7, t1, -922
core   0: 3 0x80000670 (0xc6634b93) x23 0xfffffc66
core   0: 0x80000674 (0x41fbd633) sra     a2, s7, t6
core   0: 3 0x80000674 (0x41fbd633) x12 0xfffffc66
core   0: 0x80000678 (0x03288bb3) mul     s7, a7, s2
core   0: 3 0x80000678 (0x03288bb3) x23 0x00000000
core   0: 0x8000067c (0x00087233) and     tp, a6, zero
core   0: 3 0x8000067c (0x00087233) x 4 0x00000000
core   0: 0x80000680 (0x7f530593) addi    a1, t1, 2037
core   0: 3 0x80000680 (0x7f530593) x11 0x000007f5
core   0: 0x80000684 (0xc65eadb7) lui     s11, 0xc65ea
core   0: 3 0x80000684 (0xc65eadb7) x27 0xc65ea000
core   0: 0x80000688 (0x1daff393) andi    t2, t6, 474
core   0: 3 0x80000688 (0x1daff393) x 7 0x00000000
core   0: 0x8000068c (0x01b01db3) sll     s11, zero, s11
core   0: 3 0x8000068c (0x01b01db3) x27 0x00000000
core   0: 0x80000690 (0x1d374193) xori    gp, a4, 467
core   0: 3 0x80000690 (0x1d374193) x 3 0x000001d3
core   0: 0x80000694 (0x847d4913) xori    s2, s10, -1977
core   0: 3 0x80000694 (0x847d4913) x18 0xfffff95f
core   0: 0x80000698 (0x015faeb3) slt     t4, t6, s5
core   0: 3 0x80000698 (0x015faeb3) x29 0x00000001
core   0: 0x8000069c (0x02988fb3) mul     t6, a7, s1
core   0: 3 0x8000069c (0x02988fb3) x31 0x00000000
core   0: 0x800006a0 (0x01985213) srli    tp, a6, 25
core   0: 3 0x800006a0 (0x01985213) x 4 0x00000040
core   0: 0x800006a4 (0x9b6e3393) sltiu   t2, t3, -1610
core   0: 3 0x800006a4 (0x9b6e3393) x 7 0x00000001
core   0: 0x800006a8 (0x00c7dd33) srl     s10, a5, a2
core   0: 3 0x800006a8 (0x00c7dd33) x26 0x037f5f80
core   0: 0x800006ac (0xf029ab93) slti    s7, s3, -254
core   0: 3 0x800006ac (0xf029ab93) x23 0x00000000
core   0: 0x800006b0 (0x02fecf33) div     t5, t4, a5
core   0: 3 0x800006b0 (0x02fecf33) x30 0x00000000
core   0: 0x800006b4 (0x008b5033) srl     zero, s6, s0
core   0: 3 0x800006b4 (0x008b5033)
core   0: 0x800006b8 (0x2890c597) auipc   a1, 0x2890c
core   0: 3 0x800006b8 (0x2890c597) x11 0xa890c6b8
core   0: 0x800006bc (0x0268b133) mulhu   sp, a7, t1
core   0: 3 0x800006bc (0x0268b133) x 2 0x00000000
core   0: 0x800006c0 (0x41df88b3) sub     a7, t6, t4
core   0: 3 0x800006c0 (0x41df88b3) x17 0xffffffff
core   0: 0x800006c4 (0x03f37fb3) remu    t6, t1, t6
core   0: 3 0x800006c4 (0x03f37fb3) x31 0x00000000
core   0: 0x800006c8 (0x03c3ae33) mulhsu  t3, t2, t3
core   0: 3 0x800006c8 (0x03c3ae33) x28 0x00000000
core   0: 0x800006cc (0x003ed633) srl     a2, t4, gp
core   0: 3 0x800006cc (0x003ed633) x12 0x00000000
core   0: 0x800006d0 (0x5783f093) andi    ra, t2, 1400
core   0: 3 0x800006d0 (0x5783f093) x 1 0x00000000
core   0: 0x800006d4 (0x007e2e33) slt     t3, t3, t2
core   0: 3 0x800006d4 (0x007e2e33) x28 0x00000001
core   0: 0x800006d8 (0x02912733) mulhsu  a4, sp, s1
core   0: 3 0x800006d8 (0x02912733) x14 0x00000000
core   0: 0x800006dc (0x54e84e37) lui     t3, 0x54e84
core   0: 3 0x800006dc (0x54e84e37) x28 0x54e84000
core   0: 0x800006e0 (0x03475133) divu    sp, a4, s4
core   0: 3 0x800006e0 (0x03475133) x 2 0x00000000
core   0: 0x800006e4 (0x401905b3) sub     a1, s2, ra
core   0: 3 0x800006e4 (0x401905b3) x11 0xfffff95f
core   0: 0x800006e8 (0xd579a537) lui     a0, 0xd579a
core   0: 3 0x800006e8 (0xd579a537) x10 0xd579a000
core   0: 0x800006ec (0x419a57b3) sra     a5, s4, s9
core   0: 3 0x800006ec (0x419a57b3) x15 0xeeb62f21
core   0: 0x800006f0 (0x00000013) nop
core   0: 3 0x800006f0 (0x00000013)
core   0: 0x800006f4 (0x0161d093) srli    ra, gp, 22
core   0: 3 0x800006f4 (0x0161d093) x 1 0x00000000
core   0: 0x800006f8 (0x028c6e33) rem     t3, s8, s0
core   0: 3 0x800006f8 (0x028c6e33) x28 0x00000000
core   0: 0x800006fc (0xe8c63193) sltiu   gp, a2, -372
core   0: 3 0x800006fc (0xe8c63193) x 3 0x00000001
core   0: 0x80000700 (0xd2856113) ori     sp, a0, -728
core   0: 3 0x80000700 (0xd2856113) x 2 0xfffffd28
core   0: 0x80000704 (0x413c5cb3) sra     s9, s8, s3
core   0: 3 0x80000704 (0x413c5cb3) x25 0x00000000
core   0: 0x80000708 (0x03a818b3) mulh    a7, a6, s10
core   0: 3 0x80000708 (0x03a818b3) x17 0xfe4055ac
core   0: 0x8000070c (0x008901b3) add     gp, s2, s0
core   0: 3 0x8000070c (0x008901b3) x 3 0x0000f961
core   0: 0x80000710 (0x03b8c6b3) div     a3, a7, s11
core   0: 3 0x80000710 (0x03b8c6b3) x13 0xffffffff
core   0: 0x80000714 (0x00000013) nop
core   0: 3 0x80000714 (0x00000013)
core   0: 0x80000718 (0x03dc4c33) div     s8, s8, t4
core   0: 3 0x80000718 (0x03dc4c33) x24 0x00000000
core   0: 0x8000071c (0x027422b3) mulhsu  t0, s0, t2
core   0: 3 0x8000071c (0x027422b3) x 5 0x00000000
core   0: 0x80000720 (0x00aeab33) slt     s6, t4, a0
core   0: 3 0x80000720 (0x00aeab33) x22 0x00000000
core   0: 0x80000724 (0x8f6fc337) lui     t1, 0x8f6fc
core   0: 3 0x80000724 (0x8f6fc337) x 6 0x8f6fc000
core   0: 0x80000728 (0x0365a633) mulhsu  a2, a1, s6
core   0: 3 0x80000728 (0x0365a633) x12 0x00000000
core   0: 0x8000072c (0x30404513) xori    a0, zero, 772
core   0: 3 0x8000072c (0x30404513) x10 0x00000304
core   0: 0x80000730 (0x015beeb3) or      t4, s7, s5
core   0: 3 0x80000730 (0x015beeb3) x29 0x000000de
core   0: 0x80000734 (0x029b43b3) div     t2, s6, s1
core   0: 3 0x80000734 (0x029b43b3) x 7 0x00000000
core   0: 0x80000738 (0x018df333) and     t1, s11, s8
core   0: 3 0x80000738 (0x018df333) x 6 0x00000000
core   0: 0x8000073c (0x4001db33) sra     s6, gp, zero
core   0: 3 0x8000073c (0x4001db33) x22 0x0000f961
core   0: 0x80000740 (0x10fe3597) auipc   a1, 0x10fe3
core   0: 3 0x80000740 (0x10fe3597) x11 0x90fe3740
core   0: 0x80000744 (0x4bc2bd93) sltiu   s11, t0, 1212
core   0: 3 0x80000744 (0x4bc2bd93) x27 0x00000001
core   0: 0x80000748 (0xeba4b893) sltiu   a7, s1, -326
core   0: 3 0x80000748 (0xeba4b893) x17 0x00000001
core   0: 0x8000074c (0x6676a993) slti    s3, a3, 1639
core   0: 3 0x8000074c (0x6676a993) x19 0x00000001
core   0: 0x80000750 (0x4e838e17) auipc   t3, 0x4e838
core   0: 3 0x80000750 (0x4e838e17) x28 0xce838750
core   0: 0x80000754 (0x84d40413) addi    s0, s0, -1971
core   0: 3 0x80000754 (0x84d40413) x 8 0x0000f84f
core   0: 0x80000758 (0x2772f513) andi    a0, t0, 631
core   0: 3 0x80000758 (0x2772f513) x10 0x00000000
core   0: 0x8000075c (0x001868b3) or      a7, a6, ra
core   0: 3 0x8000075c (0x001868b3) x17 0x80018ce4
core   0: 0x80000760 (0x01d1f0b3) and     ra, gp, t4
core   0: 3 0x80000760 (0x01d1f0b3) x 1 0x00000040
core   0: 0x80000764 (0x003bd093) srli    ra, s7, 3
core   0: 3 0x80000764 (0x003bd093) x 1 0x00000000
core   0: 0x80000768 (0x00000013) nop
core   0: 3 0x80000768 (0x00000013)
core   0: 0x8000076c (0x00090333) add     t1, s2, zero
core   0: 3 0x8000076c (0x00090333) x 6 0xfffff95f
core   0: 0x80000770 (0x014b2c33) slt     s8, s6, s4
core   0: 3 0x80000770 (0x014b2c33) x24 0x00000000
core   0: 0x80000774 (0xfa1f4a93) xori    s5, t5, -95
core   0: 3 0x80000774 (0xfa1f4a93) x21 0xffffffa1
core   0: 0x80000778 (0xab2af993) andi    s3, s5, -1358
core   0: 3 0x80000778 (0xab2af993) x19 0xfffffaa0
core   0: 0x8000077c (0x407f0ab3) sub     s5, t5, t2
core   0: 3 0x8000077c (0x407f0ab3) x21 0x00000000
core   0: 0x80000780 (0xf4eff113) andi    sp, t6, -178
core   0: 3 0x80000780 (0xf4eff113) x 2 0x00000000
core   0: 0x80000784 (0x02dff8b3) remu    a7, t6, a3
core   0: 3 0x80000784 (0x02dff8b3) x17 0x00000000
core   0: 0x80000788 (0x40a90733) sub     a4, s2, a0
core   0: 3 0x80000788 (0x40a90733) x14 0xfffff95f
core   0: 0x8000078c (0xc98e8993) addi    s3, t4, -872
core   0: 3 0x8000078c (0xc98e8993) x19 0xfffffd76
core   0: 0x80000790 (0x00181613) slli    a2, a6, 1
core   0: 3 0x80000790 (0x00181613) x12 0x000319c8
core   0: 0x80000794 (0x00cf2233) slt     tp, t5, a2
core   0: 3 0x80000794 (0x00cf2233) x 4 0x00000001
core   0: 0x80000798 (0x0289dfb3) divu    t6, s3, s0
core   0: 3 0x80000798 (0x0289dfb3) x31 0x000107ed
core   0: 0x8000079c (0x8ed0a037) lui     zero, 0x8ed0a
core   0: 3 0x8000079c (0x8ed0a037)
core   0: 0x800007a0 (0x00409a93) slli    s5, ra, 4
core   0: 3 0x800007a0 (0x00409a93) x21 0x00000000
core   0: 0x800007a4 (0x40308233) sub     tp, ra, gp
core   0: 3 0x800007a4 (0x40308233) x 4 0xffff069f
core   0: 0x800007a8 (0x26b3cb93) xori    s7, t2, 619
core   0: 3 0x800007a8 (0x26b3cb93) x23 0x0000026b
core   0: 0x800007ac (0x03ca0eb3) mul     t4, s4, t3
core   0: 3 0x800007ac (0x03ca0eb3) x29 0x2d340c90
core   0: 0x800007b0 (0xb5934b93) xori    s7, t1, -1191
core   0: 3 0x800007b0 (0xb5934b93) x23 0x00000206
core   0: 0x800007b4 (0x01779333) sll     t1, a5, s7
core   0: 3 0x800007b4 (0x01779333) x 6 0xad8bc840
core   0: 0x800007b8 (0x022f2f33) mulhsu  t5, t5, sp
core   0: 3 0x800007b8 (0x022f2f33) x30 0x00000000
core   0: 0x800007bc (0x02a58e33) mul     t3, a1, a0
core   0: 3 0x800007bc (0x02a58e33) x28 0x00000000
core   0: 0x800007c0 (0x20061437) lui     s0, 0x20061
core   0: 3 0x800007c0 (0x20061437) x 8 0x20061000
core   0: 0x800007c4 (0x02b5c033) div     zero, a1, a1
core   0: 3 0x800007c4 (0x02b5c033)
core   0: 0x800007c8 (0x00000013) nop
core   0: 3 0x800007c8 (0x00000013)
core   0: 0x800007cc (0x40518533) sub     a0, gp, t0
core   0: 3 0x800007cc (0x40518533) x10 0x0000f961
core   0: 0x800007d0 (0x03071fb3) mulh    t6, a4, a6
core   0: 3 0x800007d0 (0x03071fb3) x31 0x00000350
core   0: 0x800007d4 (0x6a0deeb7) lui     t4, 0x6a0de
core   0: 3 0x800007d4 (0x6a0deeb7) x29 0x6a0de000
core   0: 0x800007d8 (0x7b8c5937) lui     s2, 0x7b8c5
core   0: 3 0x800007d8 (0x7b8c5937) x18 0x7b8c5000
core   0: 0x800007dc (0x410555b3) sra     a1, a0, a6
core   0: 3 0x800007dc (0x410555b3) x11 0x00000f96
core   0: 0x800007e0 (0x03df5233) divu    tp, t5, t4
core   0: 3 0x800007e0 (0x03df5233) x 4 0x00000000
core   0: 0x800007e4 (0x53ebb017) auipc   zero, 0x53ebb
core   0: 3 0x800007e4 (0x53ebb017)
core   0: 0x800007e8 (0x00fd5193) srli    gp, s10, 15
core   0: 3 0x800007e8 (0x00fd5193) x 3 0x000006fe
core   0: 0x800007ec (0x03abdeb3) divu    t4, s7, s10
core   0: 3 0x800007ec (0x03abdeb3) x29 0x00000000
core   0: 0x800007f0 (0x002425b3) slt     a1, s0, sp
core   0: 3 0x800007f0 (0x002425b3) x11 0x00000000
core   0: 0x800007f4 (0x0099df13) srli    t5, s3, 9
core   0: 3 0x800007f4 (0x0099df13) x30 0x007ffffe
core   0: 0x800007f8 (0x40605533) sra     a0, zero, t1
core   0: 3 0x800007f8 (0x40605533) x10 0x00000000
core   0: 0x800007fc (0x00000013) nop
core   0: 3 0x800007fc (0x00000013)
core   0: 0x80000800 (0xa4d97517) auipc   a0, 0xa4d97
core   0: 3 0x80000800 (0xa4d97517) x10 0x24d97800
core   0: 0x80000804 (0x03c75bb3) divu    s7, a4, t3
core   0: 3 0x80000804 (0x03c75bb3) x23 0xffffffff
core   0: 0x80000808 (0x0271bb33) mulhu   s6, gp, t2
core   0: 3 0x80000808 (0x0271bb33) x22 0x00000000
core   0: 0x8000080c (0x415a81b3) sub     gp, s5, s5
core   0: 3 0x8000080c (0x415a81b3) x 3 0x00000000
core   0: 0x80000810 (0x00dfa133) slt     sp, t6, a3
core   0: 3 0x80000810 (0x00dfa133) x 2 0x00000000
core   0: 0x80000814 (0x00931c93) slli    s9, t1, 9
core   0: 3 0x80000814 (0x00931c93) x25 0x17908000
core   0: 0x80000818 (0xf24a0093) addi    ra, s4, -220
core   0: 3 0x80000818 (0xf24a0093) x 1 0xbad8bba9
core   0: 0x8000081c (0x44a56313) ori     t1, a0, 1098
core   0: 3 0x8000081c (0x44a56313) x 6 0x24d97c4a
core   0: 0x80000820 (0x41a401b3) sub     gp, s0, s10
core   0: 3 0x80000820 (0x41a401b3) x 3 0x1c86b080
core   0: 0x80000824 (0x01199f13) slli    t5, s3, 17
core   0: 3 0x80000824 (0x01199f13) x30 0xfaec0000
core   0: 0x80000828 (0x0033d593) srli    a1, t2, 3
core   0: 3 0x80000828 (0x0033d593) x11 0x00000000
core   0: 0x8000082c (0xd1c7b013) sltiu   zero, a5, -740
core   0: 3 0x8000082c (0xd1c7b013)
core   0: 0x80000830 (0x011d59b3) srl     s3, s10, a7
core   0: 3 0x80000830 (0x011d59b3) x19 0x037f5f80
core   0: 0x80000834 (0x00000013) nop
core   0: 3 0x80000834 (0x00000013)
core   0: 0x80000838 (0x00a43933) sltu    s2, s0, a0
core   0: 3 0x80000838 (0x00a43933) x18 0x00000001
core   0: 0x8000083c (0x01b28133) add     sp, t0, s11
core   0: 3 0x8000083c (0x01b28133) x 2 0x00000001
core   0: 0x80000840 (0x8fb35737) lui     a4, 0x8fb35
core   0: 3 0x80000840 (0x8fb35737) x14 0x8fb35000
core   0: 0x80000844 (0x40d45133) sra     sp, s0, a3
core   0: 3 0x80000844 (0x40d45133) x 2 0x00000000
core   0: 0x80000848 (0x00c31213) slli    tp, t1, 12
core   0: 3 0x80000848 (0x00c31213) x 4 0x97c4a000
core   0: 0x8000084c (0x01eaa7b3) slt     a5, s5, t5
core   0: 3 0x8000084c (0x01eaa7b3) x15 0x00000000
core   0: 0x80000850 (0x00efa7b3) slt     a5, t6, a4
core   0: 3 0x80000850 (0x00efa7b3) x15 0x00000000
core   0: 0x80000854 (0x40395c13) srai    s8, s2, 3
core   0: 3 0x80000854 (0x40395c13) x24 0x00000000
core   0: 0x80000858 (0x00fde933) or      s2, s11, a5
core   0: 3 0x80000858 (0x00fde933) x18 0x00000001
core   0: 0x8000085c (0x02622933) mulhsu  s2, tp, t1
core   0: 3 0x8000085c (0x02622933) x18 0xf0ff1990
core   0: 0x80000860 (0x41d0d733) sra     a4, ra, t4
core   0: 3 0x80000860 (0x41d0d733) x14 0xbad8bba9
core   0: 0x80000864 (0x03d246b3) div     a3, tp, t4
core   0: 3 0x80000864 (0x03d246b3) x13 0xffffffff
core   0: 0x80000868 (0x1e2bad93) slti    s11, s7, 482
core   0: 3 0x80000868 (0x1e2bad93) x27 0x00000001
core   0: 0x8000086c (0x00d29213) slli    tp, t0, 13
core   0: 3 0x8000086c (0x00d29213) x 4 0x00000000
core   0: 0x80000870 (0x1ba20593) addi    a1, tp, 442
core   0: 3 0x80000870 (0x1ba20593) x11 0x000001ba
core   0: 0x80000874 (0x02acf8b3) remu    a7, s9, a0
core   0: 3 0x80000874 (0x02acf8b3) x17 0x17908000
core   0: 0x80000878 (0x03017d33) remu    s10, sp, a6
core   0: 3 0x80000878 (0x03017d33) x26 0x00000000
core   0: 0x8000087c (0x03f01433) mulh    s0, zero, t6
core   0: 3 0x8000087c (0x03f01433) x 8 0x00000000
core   0: 0x80000880 (0xc41dff13) andi    t5, s11, -959
core   0: 3 0x80000880 (0xc41dff13) x30 0x00000001
core   0: 0x80000884 (0x049fcf93) xori    t6, t6, 73
core   0: 3 0x80000884 (0x049fcf93) x31 0x00000319
core   0: 0x80000888 (0xf4826213) ori     tp, tp, -184
core   0: 3 0x80000888 (0xf4826213) x 4 0xffffff48
core   0: 0x8000088c (0x00000013) nop
core   0: 3 0x8000088c (0x00000013)
core   0: 0x80000890 (0x75fad6b7) lui     a3, 0x75fad
core   0: 3 0x80000890 (0x75fad6b7) x13 0x75fad000
core   0: 0x80000894 (0x008f0633) add     a2, t5, s0
core   0: 3 0x80000894 (0x008f0633) x12 0x00000001
core   0: 0x80000898 (0x751c3d13) sltiu   s10, s8, 1873
core   0: 3 0x80000898 (0x751c3d13) x26 0x00000001
core   0: 0x8000089c (0x97e1ff93) andi    t6, gp, -1666
core   0: 3 0x8000089c (0x97e1ff93) x31 0x1c86b000
core   0: 0x800008a0 (0xedd99697) auipc   a3, 0xedd99
core   0: 3 0x800008a0 (0xedd99697) x13 0x6dd998a0
core   0: 0x800008a4 (0x00045b33) srl     s6, s0, zero
core   0: 3 0x800008a4 (0x00045b33) x22 0x00000000
core   0: 0x800008a8 (0x40375ab3) sra     s5, a4, gp
core   0: 3 0x800008a8 (0x40375ab3) x21 0xbad8bba9
core   0: 0x800008ac (0x00973033) sltu    zero, a4, s1
core   0: 3 0x800008ac (0x00973033)
core   0: 0x800008b0 (0x030d37b3) mulhu   a5, s10, a6
core   0: 3 0x800008b0 (0x030d37b3) x15 0x00000000
core   0: 0x800008b4 (0x41c505b3) sub     a1, a0, t3
core   0: 3 0x800008b4 (0x41c505b3) x11 0x24d97800
core   0: 0x800008b8 (0x0287df33) divu    t5, a5, s0
core   0: 3 0x800008b8 (0x0287df33) x30 0xffffffff
core   0: 0x800008bc (0x4065d3b3) sra     t2, a1, t1
core   0: 3 0x800008bc (0x4065d3b3) x 7 0x0009365e
core   0: 0x800008c0 (0x014773b3) and     t2, a4, s4
core   0: 3 0x800008c0 (0x014773b3) x 7 0xbad8b881
core   0: 0x800008c4 (0x016c1db3) sll     s11, s8, s6
core   0: 3 0x800008c4 (0x016c1db3) x27 0x00000000
core   0: 0x800008c8 (0x014d4ab3) xor     s5, s10, s4
core   0: 3 0x800008c8 (0x014d4ab3) x21 0xbad8bc84
core   0: 0x800008cc (0x03899633) mulh    a2, s3, s8
core   0: 3 0x800008cc (0x03899633) x12 0x00000000
core   0: 0x800008d0 (0x60f672b7) lui     t0, 0x60f67
core   0: 3 0x800008d0 (0x60f672b7) x 5 0x60f67000
core   0: 0x800008d4 (0x02cc1bb3) mulh    s7, s8, a2
core   0: 3 0x800008d4 (0x02cc1bb3) x23 0x00000000
core   0: 0x800008d8 (0x02ecd233) divu    tp, s9, a4
core   0: 3 0x800008d8 (0x02ecd233) x 4 0x00000000
core   0: 0x800008dc (0x034acab3) div     s5, s5, s4
core   0: 3 0x800008dc (0x034acab3) x21 0x00000001
core   0: 0x800008e0 (0x879b5a97) auipc   s5, 0x879b5
core   0: 3 0x800008e0 (0x879b5a97) x21 0x079b58e0
core   0: 0x800008e4 (0x007169b3) or      s3, sp, t2
core   0: 3 0x800008e4 (0x007169b3) x19 0xbad8b881
core   0: 0x800008e8 (0x010fef33) or      t5, t6, a6
core   0: 3 0x800008e8 (0x010fef33) x30 0x9c87bce4
core   0: 0x800008ec (0x027b56b3) divu    a3, s6, t2
core   0: 3 0x800008ec (0x027b56b3) x13 0x00000000
core   0: 0x800008f0 (0xa61d8937) lui     s2, 0xa61d8
core   0: 3 0x800008f0 (0xa61d8937) x18 0xa61d8000
core   0: 0x800008f4 (0x03aec5b3) div     a1, t4, s10
core   0: 3 0x800008f4 (0x03aec5b3) x11 0x00000000
core   0: 0x800008f8 (0x032099b3) mulh    s3, ra, s2
core   0: 3 0x800008f8 (0x032099b3) x19 0x1847d600
core   0: 0x800008fc (0x408750b3) sra     ra, a4, s0
core   0: 3 0x800008fc (0x408750b3) x 1 0xbad8bba9
core   0: 0x80000900 (0x00000013) nop
core   0: 3 0x80000900 (0x00000013)
core   0: 0x80000904 (0x02f210b3) mulh    ra, tp, a5
core   0: 3 0x80000904 (0x02f210b3) x 1 0x00000000
core   0: 0x80000908 (0x023bb233) mulhu   tp, s7, gp
core   0: 3 0x80000908 (0x023bb233) x 4 0x00000000
core   0: 0x8000090c (0x0265f0b3) remu    ra, a1, t1
core   0: 3 0x8000090c (0x0265f0b3) x 1 0x00000000
core   0: 0x80000910 (0x036b1733) mulh    a4, s6, s6
core   0: 3 0x80000910 (0x036b1733) x14 0x00000000
core   0: 0x80000914 (0x026369b3) rem     s3, t1, t1
core   0: 3 0x80000914 (0x026369b3) x19 0x00000000
core   0: 0x80000918 (0x03a1eeb3) rem     t4, gp, s10
core   0: 3 0x80000918 (0x03a1eeb3) x29 0x00000000
core   0: 0x8000091c (0x1197f693) andi    a3, a5, 281
core   0: 3 0x8000091c (0x1197f693) x13 0x00000000
core   0: 0x80000920 (0x01cd37b3) sltu    a5, s10, t3
core   0: 3 0x80000920 (0x01cd37b3) x15 0x00000000
core   0: 0x80000924 (0x000d1013) slli    zero, s10, 0
core   0: 3 0x80000924 (0x000d1013)
core   0: 0x80000928 (0x0198c733) xor     a4, a7, s9
core   0: 3 0x80000928 (0x0198c733) x14 0x00000000
core   0: 0x8000092c (0x6565d697) auipc   a3, 0x6565d
core   0: 3 0x8000092c (0x6565d697) x13 0xe565d92c
core   0: 0x80000930 (0x02651fb3) mulh    t6, a0, t1
core   0: 3 0x80000930 (0x02651fb3) x31 0x054de31a
core   0: 0x80000934 (0x0373d233) divu    tp, t2, s7
core   0: 3 0x80000934 (0x0373d233) x 4 0xffffffff
core   0: 0x80000938 (0x4149da93) srai    s5, s3, 20
core   0: 3 0x80000938 (0x4149da93) x21 0x00000000
core   0: 0x8000093c (0x033d8db3) mul     s11, s11, s3
core   0: 3 0x8000093c (0x033d8db3) x27 0x00000000
core   0: 0x80000940 (0x66a80f13) addi    t5, a6, 1642
core   0: 3 0x80000940 (0x66a80f13) x30 0x8001934e
core   0: 0x80000944 (0x0327beb3) mulhu   t4, a5, s2
core   0: 3 0x80000944 (0x0327beb3) x29 0x00000000
core   0: 0x80000948 (0xe81b8e13) addi    t3, s7, -383
core   0: 3 0x80000948 (0xe81b8e13) x28 0xfffffe81
core   0: 0x8000094c (0x00271733) sll     a4, a4, sp
core   0: 3 0x8000094c (0x00271733) x14 0x00000000
core   0: 0x80000950 (0x03fb67b3) rem     a5, s6, t6
core   0: 3 0x80000950 (0x03fb67b3) x15 0x00000000
core   0: 0x80000954 (0x0192ecb3) or      s9, t0, s9
core   0: 3 0x80000954 (0x0192ecb3) x25 0x77f6f000
core   0: 0x80000958 (0x03d78cb3) mul     s9, a5, t4
core   0: 3 0x80000958 (0x03d78cb3) x25 0x00000000
core   0: 0x8000095c (0x00f833b3) sltu    t2, a6, a5
core   0: 3 0x8000095c (0x00f833b3) x 7 0x00000000
core   0: 0x80000960 (0x023c0033) mul     zero, s8, gp
core   0: 3 0x80000960 (0x023c0033)
core   0: 0x80000964 (0x4113dab3) sra     s5, t2, a7
core   0: 3 0x80000964 (0x4113dab3) x21 0x00000000
core   0: 0x80000968 (0x00fdb1b3) sltu    gp, s11, a5
core   0: 3 0x80000968 (0x00fdb1b3) x 3 0x00000000
core   0: 0x8000096c (0x00e6d8b3) srl     a7, a3, a4
core   0: 3 0x8000096c (0x00e6d8b3) x17 0xe565d92c
core   0: 0x80000970 (0x01c30233) add     tp, t1, t3
core   0: 3 0x80000970 (0x01c30233) x 4 0x24d97acb
core   0: 0x80000974 (0x413a08b3) sub     a7, s4, s3
core   0: 3 0x80000974 (0x413a08b3) x17 0xbad8bc85
core   0: 0x80000978 (0x017500b3) add     ra, a0, s7
core   0: 3 0x80000978 (0x017500b3) x 1 0x24d97800
core   0: 0x8000097c (0x32328d93) addi    s11, t0, 803
core   0: 3 0x8000097c (0x32328d93) x27 0x60f67323
core   0: 0x80000980 (0xb9902b13) slti    s6, zero, -1127
core   0: 3 0x80000980 (0xb9902b13) x22 0x00000000
core   0: 0x80000984 (0xd3b8acb7) lui     s9, 0xd3b8a
core   0: 3 0x80000984 (0xd3b8acb7) x25 0xd3b8a000
core   0: 0x80000988 (0x40325ab3) sra     s5, tp, gp
core   0: 3 0x80000988 (0x40325ab3) x21 0x24d97acb
core   0: 0x8000098c (0x01a8c233) xor     tp, a7, s10
core   0: 3 0x8000098c (0x01a8c233) x 4 0xbad8bc84
core   0: 0x80000990 (0x01145cb3) srl     s9, s0, a7
core   0: 3 0x80000990 (0x01145cb3) x25 0x00000000
core   0: 0x80000994 (0x021777b3) remu    a5, a4, ra
core   0: 3 0x80000994 (0x021777b3) x15 0x00000000
core   0: 0x80000998 (0x0271ec33) rem     s8, gp, t2
core   0: 3 0x80000998 (0x0271ec33) x24 0x00000000
core   0: 0x8000099c (0x0169f2b3) and     t0, s3, s6
core   0: 3 0x8000099c (0x0169f2b3) x 5 0x00000000
core   0: 0x800009a0 (0x01045313) srli    t1, s0, 16
core   0: 3 0x800009a0 (0x01045313) x 6 0x00000000
core   0: 0x800009a4 (0x1665f137) lui     sp, 0x1665f
core   0: 3 0x800009a4 (0x1665f137) x 2 0x1665f000
core   0: 0x800009a8 (0x94d5b293) sltiu   t0, a1, -1715
core   0: 3 0x800009a8 (0x94d5b293) x 5 0x00000001
core   0: 0x800009ac (0x01b58bb3) add     s7, a1, s11
core   0: 3 0x800009ac (0x01b58bb3) x23 0x60f67323
core   0: 0x800009b0 (0x409b5113) srai    sp, s6, 9
core   0: 3 0x800009b0 (0x409b5113) x 2 0x00000000
core   0: 0x800009b4 (0x5dd9a337) lui     t1, 0x5dd9a
core   0: 3 0x800009b4 (0x5dd9a337) x 6 0x5dd9a000
core   0: 0x800009b8 (0xd0e66513) ori     a0, a2, -754
core   0: 3 0x800009b8 (0xd0e66513) x10 0xfffffd0e
core   0: 0x800009bc (0x02de6c33) rem     s8, t3, a3
core   0: 3 0x800009bc (0x02de6c33) x24 0xfffffe81
core   0: 0x800009c0 (0x01220333) add     t1, tp, s2
core   0: 3 0x800009c0 (0x01220333) x 6 0x60f63c84
core   0: 0x800009c4 (0x402987b3) sub     a5, s3, sp
core   0: 3 0x800009c4 (0x402987b3) x15 0x00000000
core   0: 0x800009c8 (0x8fd73013) sltiu   zero, a4, -1795
core   0: 3 0x800009c8 (0x8fd73013)
core   0: 0x800009cc (0x02e0bfb3) mulhu   t6, ra, a4
core   0: 3 0x800009cc (0x02e0bfb3) x31 0x00000000
core   0: 0x800009d0 (0x41d18e33) sub     t3, gp, t4
core   0: 3 0x800009d0 (0x41d18e33) x28 0x00000000
core   0: 0x800009d4 (0x01e07c13) andi    s8, zero, 30
core   0: 3 0x800009d4 (0x01e07c13) x24 0x00000000
core   0: 0x800009d8 (0xa4620db7) lui     s11, 0xa4620
core   0: 3 0x800009d8 (0xa4620db7) x27 0xa4620000
core   0: 0x800009dc (0x00bda233) slt     tp, s11, a1
core   0: 3 0x800009dc (0x00bda233) x 4 0x00000001
core   0: 0x800009e0 (0x03d18b33) mul     s6, gp, t4
core   0: 3 0x800009e0 (0x03d18b33) x22 0x00000000
core   0: 0x800009e4 (0x41985c33) sra     s8, a6, s9
core   0: 3 0x800009e4 (0x41985c33) x24 0x80018ce4
core   0: 0x800009e8 (0x70397d13) andi    s10, s2, 1795
core   0: 3 0x800009e8 (0x70397d13) x26 0x00000000
core   0: 0x800009ec (0x034945b3) div     a1, s2, s4
core   0: 3 0x800009ec (0x034945b3) x11 0x00000001
core   0: 0x800009f0 (0x0313e7b3) rem     a5, t2, a7
core   0: 3 0x800009f0 (0x0313e7b3) x15 0x00000000
core   0: 0x800009f4 (0xb85ef7b7) lui     a5, 0xb85ef
core   0: 3 0x800009f4 (0xb85ef7b7) x15 0xb85ef000
core   0: 0x800009f8 (0x03132e33) mulhsu  t3, t1, a7
core   0: 3 0x800009f8 (0x03132e33) x28 0x46c4ff22
core   0: 0x800009fc (0x55affc93) andi    s9, t6, 1370
core   0: 3 0x800009fc (0x55affc93) x25 0x00000000
core   0: 0x80000a00 (0x03ca76b3) remu    a3, s4, t3
core   0: 3 0x80000a00 (0x03ca76b3) x13 0x2d4ebe41
core   0: 0x80000a04 (0x41595513) srai    a0, s2, 21
core   0: 3 0x80000a04 (0x41595513) x10 0xfffffd30
core   0: 0x80000a08 (0x0135cc93) xori    s9, a1, 19
core   0: 3 0x80000a08 (0x0135cc93) x25 0x00000012
core   0: 0x80000a0c (0x01c8a233) slt     tp, a7, t3
core   0: 3 0x80000a0c (0x01c8a233) x 4 0x00000001
core   0: 0x80000a10 (0x6143eb13) ori     s6, t2, 1556
core   0: 3 0x80000a10 (0x6143eb13) x22 0x00000614
core   0: 0x80000a14 (0x401a8e33) sub     t3, s5, ra
core   0: 3 0x80000a14 (0x401a8e33) x28 0x000002cb
core   0: 0x80000a18 (0x413f5713) srai    a4, t5, 19
core   0: 3 0x80000a18 (0x413f5713) x14 0xfffff000
core   0: 0x80000a1c (0x00d07233) and     tp, zero, a3
core   0: 3 0x80000a1c (0x00d07233) x 4 0x00000000
core   0: 0x80000a20 (0x0110d313) srli    t1, ra, 17
core   0: 3 0x80000a20 (0x0110d313) x 6 0x0000126c
core   0: 0x80000a24 (0x03597fb3) remu    t6, s2, s5
core   0: 3 0x80000a24 (0x03597fb3) x31 0x12b794d4
core   0: 0x80000a28 (0x01756b33) or      s6, a0, s7
core   0: 3 0x80000a28 (0x01756b33) x22 0xffffff33
core   0: 0x80000a2c (0xbab64313) xori    t1, a2, -1109
core   0: 3 0x80000a2c (0xbab64313) x 6 0xfffffbab
core   0: 0x80000a30 (0x6ced6d93) ori     s11, s10, 1742
core   0: 3 0x80000a30 (0x6ced6d93) x27 0x000006ce
core   0: 0x80000a34 (0xa2893113) sltiu   sp, s2, -1496
core   0: 3 0x80000a34 (0xa2893113) x 2 0x00000001
core   0: 0x80000a38 (0x417d5933) sra     s2, s10, s7
core   0: 3 0x80000a38 (0x417d5933) x18 0x00000000
core   0: 0x80000a3c (0x0343dcb3) divu    s9, t2, s4
core   0: 3 0x80000a3c (0x0343dcb3) x25 0x00000000
core   0: 0x80000a40 (0x405206b3) sub     a3, tp, t0
core   0: 3 0x80000a40 (0x405206b3) x13 0xffffffff
core   0: 0x80000a44 (0x03ae8333) mul     t1, t4, s10
core   0: 3 0x80000a44 (0x03ae8333) x 6 0x00000000
core   0: 0x80000a48 (0x000dedb3) or      s11, s11, zero
core   0: 3 0x80000a48 (0x000dedb3) x27 0x000006ce
core   0: 0x80000a4c (0xf74d7313) andi    t1, s10, -140
core   0: 3 0x80000a4c (0xf74d7313) x 6 0x00000000
core   0: 0x80000a50 (0x03911ab3) mulh    s5, sp, s9
core   0: 3 0x80000a50 (0x03911ab3) x21 0x00000000
core   0: 0x80000a54 (0x0028fcb3) and     s9, a7, sp
core   0: 3 0x80000a54 (0x0028fcb3) x25 0x00000001
core   0: 0x80000a58 (0x00fdad33) slt     s10, s11, a5
core   0: 3 0x80000a58 (0x00fdad33) x26 0x00000000
core   0: 0x80000a5c (0x016f0ab3) add     s5, t5, s6
core   0: 3 0x80000a5c (0x016f0ab3) x21 0x80019281
core   0: 0x80000a60 (0x00b19ab3) sll     s5, gp, a1
core   0: 3 0x80000a60 (0x00b19ab3) x21 0x00000000
core   0: 0x80000a64 (0x027432b3) mulhu   t0, s0, t2
core   0: 3 0x80000a64 (0x027432b3) x 5 0x00000000
core   0: 0x80000a68 (0x18f8f213) andi    tp, a7, 399
core   0: 3 0x80000a68 (0x18f8f213) x 4 0x00000085
core   0: 0x80000a6c (0x02c5b5b3) mulhu   a1, a1, a2
core   0: 3 0x80000a6c (0x02c5b5b3) x11 0x00000000
core   0: 0x80000a70 (0x00000013) nop
core   0: 3 0x80000a70 (0x00000013)
core   0: 0x80000a74 (0x016ae9b3) or      s3, s5, s6
core   0: 3 0x80000a74 (0x016ae9b3) x19 0xffffff33
core   0: 0x80000a78 (0x51b84513) xori    a0, a6, 1307
core   0: 3 0x80000a78 (0x51b84513) x10 0x800189ff
core   0: 0x80000a7c (0x02cc7ab3) remu    s5, s8, a2
core   0: 3 0x80000a7c (0x02cc7ab3) x21 0x80018ce4
core   0: 0x80000a80 (0x02ff57b3) divu    a5, t5, a5
core   0: 3 0x80000a80 (0x02ff57b3) x15 0x00000000
core   0: 0x80000a84 (0xe0233693) sltiu   a3, t1, -510
core   0: 3 0x80000a84 (0xe0233693) x13 0x00000001
core   0: 0x80000a88 (0x012a48b3) xor     a7, s4, s2
core   0: 3 0x80000a88 (0x012a48b3) x17 0xbad8bc85
core   0: 0x80000a8c (0x03896933) rem     s2, s2, s8
core   0: 3 0x80000a8c (0x03896933) x18 0x00000000
core   0: 0x80000a90 (0x039f8ab3) mul     s5, t6, s9
core   0: 3 0x80000a90 (0x039f8ab3) x21 0x12b794d4
core   0: 0x80000a94 (0x0335b733) mulhu   a4, a1, s3
core   0: 3 0x80000a94 (0x0335b733) x14 0x00000000
core   0: 0x80000a98 (0x419e5933) sra     s2, t3, s9
core   0: 3 0x80000a98 (0x419e5933) x18 0x00000165
core   0: 0x80000a9c (0x7fc3d137) lui     sp, 0x7fc3d
core   0: 3 0x80000a9c (0x7fc3d137) x 2 0x7fc3d000
core   0: 0x80000aa0 (0x03fbdbb3) divu    s7, s7, t6
core   0: 3 0x80000aa0 (0x03fbdbb3) x23 0x00000005
core   0: 0x80000aa4 (0x03318c33) mul     s8, gp, s3
core   0: 3 0x80000aa4 (0x03318c33) x24 0x00000000
core   0: 0x80000aa8 (0x01edb7b3) sltu    a5, s11, t5
core   0: 3 0x80000aa8 (0x01edb7b3) x15 0x00000001
core   0: 0x80000aac (0x0147fbb3) and     s7, a5, s4
core   0: 3 0x80000aac (0x0147fbb3) x23 0x00000001
core   0: 0x80000ab0 (0x407b58b3) sra     a7, s6, t2
core   0: 3 0x80000ab0 (0x407b58b3) x17 0xffffff33
core   0: 0x80000ab4 (0x9b963a93) sltiu   s5, a2, -1607
core   0: 3 0x80000ab4 (0x9b963a93) x21 0x00000001
core   0: 0x80000ab8 (0xbf94fa93) andi    s5, s1, -1031
core   0: 3 0x80000ab8 (0xbf94fa93) x21 0x80014a60
core   0: 0x80000abc (0xc56c3e37) lui     t3, 0xc56c3
core   0: 3 0x80000abc (0xc56c3e37) x28 0xc56c3000
core   0: 0x80000ac0 (0x033988b3) mul     a7, s3, s3
core   0: 3 0x80000ac0 (0x033988b3) x17 0x0000a429
core   0: 0x80000ac4 (0x389edd37) lui     s10, 0x389ed
core   0: 3 0x80000ac4 (0x389edd37) x26 0x389ed000
core   0: 0x80000ac8 (0x00d4e233) or      tp, s1, a3
core   0: 3 0x80000ac8 (0x00d4e233) x 4 0x80014e65
core   0: 0x80000acc (0x5be60d13) addi    s10, a2, 1470
core   0: 3 0x80000acc (0x5be60d13) x26 0x000005be
core   0: 0x80000ad0 (0x001b6eb3) or      t4, s6, ra
core   0: 3 0x80000ad0 (0x001b6eb3) x29 0xffffff33
core   0: 0x80000ad4 (0x00fb7133) and     sp, s6, a5
core   0: 3 0x80000ad4 (0x00fb7133) x 2 0x00000001
core   0: 0x80000ad8 (0x02573db3) mulhu   s11, a4, t0
core   0: 3 0x80000ad8 (0x02573db3) x27 0x00000000
core   0: 0x80000adc (0x6035cb13) xori    s6, a1, 1539
core   0: 3 0x80000adc (0x6035cb13) x22 0x00000603
core   0: 0x80000ae0 (0x03de3733) mulhu   a4, t3, t4
core   0: 3 0x80000ae0 (0x03de3733) x14 0xc56c2f61
core   0: 0x80000ae4 (0x015c08b3) add     a7, s8, s5
core   0: 3 0x80000ae4 (0x015c08b3) x17 0x80014a60
core   0: 0x80000ae8 (0x00eee3b3) or      t2, t4, a4
core   0: 3 0x80000ae8 (0x00eee3b3) x 7 0xffffff73
core   0: 0x80000aec (0x03cf7033) remu    zero, t5, t3
core   0: 3 0x80000aec (0x03cf7033)
core   0: 0x80000af0 (0x03e40d33) mul     s10, s0, t5
core   0: 3 0x80000af0 (0x03e40d33) x26 0x00000000
core   0: 0x80000af4 (0x00000013) nop
core   0: 3 0x80000af4 (0x00000013)
core   0: 0x80000af8 (0x010b1333) sll     t1, s6, a6
core   0: 3 0x80000af8 (0x010b1333) x 6 0x00006030
core   0: 0x80000afc (0xa9b30713) addi    a4, t1, -1381
core   0: 3 0x80000afc (0xa9b30713) x14 0x00005acb
core   0: 0x80000b00 (0xbf343017) auipc   zero, 0xbf343
core   0: 3 0x80000b00 (0xbf343017)
core   0: 0x80000b04 (0x025220b3) mulhsu  ra, tp, t0
core   0: 3 0x80000b04 (0x025220b3) x 1 0x00000000
core   0: 0x80000b08 (0xf5383013) sltiu   zero, a6, -173
core   0: 3 0x80000b08 (0xf5383013)
core   0: 0x80000b0c (0xf8b56793) ori     a5, a0, -117
core   0: 3 0x80000b0c (0xf8b56793) x15 0xffffffff
core   0: 0x80000b10 (0x4e608313) addi    t1, ra, 1254
core   0: 3 0x80000b10 (0x4e608313) x 6 0x000004e6
core   0: 0x80000b14 (0x4190d033) sra     zero, ra, s9
core   0: 3 0x80000b14 (0x4190d033)
core   0: 0x80000b18 (0x01399793) slli    a5, s3, 19
core   0: 3 0x80000b18 (0x01399793) x15 0xf9980000
core   0: 0x80000b1c (0x401d5e13) srai    t3, s10, 1
core   0: 3 0x80000b1c (0x401d5e13) x28 0x00000000
core   0: 0x80000b20 (0x02bc20b3) mulhsu  ra, s8, a1
core   0: 3 0x80000b20 (0x02bc20b3) x 1 0x00000000
core   0: 0x80000b24 (0x00bc9793) slli    a5, s9, 11
core   0: 3 0x80000b24 (0x00bc9793) x15 0x00000800
core   0: 0x80000b28 (0x4093dd13) srai    s10, t2, 9
core   0: 3 0x80000b28 (0x4093dd13) x26 0xffffffff
core   0: 0x80000b2c (0x01c79233) sll     tp, a5, t3
core   0: 3 0x80000b2c (0x01c79233) x 4 0x00000800
core   0: 0x80000b30 (0x032c50b3) divu    ra, s8, s2
core   0: 3 0x80000b30 (0x032c50b3) x 1 0x00000000
core   0: 0x80000b34 (0x00b79a93) slli    s5, a5, 11
core   0: 3 0x80000b34 (0x00b79a93) x21 0x00400000
core   0: 0x80000b38 (0x40655913) srai    s2, a0, 6
core   0: 3 0x80000b38 (0x40655913) x18 0xfe000627
core   0: 0x80000b3c (0x036afbb3) remu    s7, s5, s6
core   0: 3 0x80000b3c (0x036afbb3) x23 0x00000211
core   0: 0x80000b40 (0x001b1eb3) sll     t4, s6, ra
core   0: 3 0x80000b40 (0x001b1eb3) x29 0x00000603
core   0: 0x80000b44 (0x008710b3) sll     ra, a4, s0
core   0: 3 0x80000b44 (0x008710b3) x 1 0x00005acb
core   0: 0x80000b48 (0x0202be33) mulhu   t3, t0, zero
core   0: 3 0x80000b48 (0x0202be33) x28 0x00000000
core   0: 0x80000b4c (0x01445393) srli    t2, s0, 20
core   0: 3 0x80000b4c (0x01445393) x 7 0x00000000
core   0: 0x80000b50 (0xd14b8b13) addi    s6, s7, -748
core   0: 3 0x80000b50 (0xd14b8b13) x22 0xffffff25
core   0: 0x80000b54 (0x00000013) nop
core   0: 3 0x80000b54 (0x00000013)
core   0: 0x80000b58 (0x160df293) andi    t0, s11, 352
core   0: 3 0x80000b58 (0x160df293) x 5 0x00000000
core   0: 0x80000b5c (0x406f7337) lui     t1, 0x406f7
core   0: 3 0x80000b5c (0x406f7337) x 6 0x406f7000
core   0: 0x80000b60 (0xcf6eea93) ori     s5, t4, -778
core   0: 3 0x80000b60 (0xcf6eea93) x21 0xfffffef7
core   0: 0x80000b64 (0xc25f2c93) slti    s9, t5, -987
core   0: 3 0x80000b64 (0xc25f2c93) x25 0x00000001
core   0: 0x80000b68 (0x01105913) srli    s2, zero, 17
core   0: 3 0x80000b68 (0x01105913) x18 0x00000000
core   0: 0x80000b6c (0x0304d2b3) divu    t0, s1, a6
core   0: 3 0x80000b6c (0x0304d2b3) x 5 0x00000000
core   0: 0x80000b70 (0x02b3fc33) remu    s8, t2, a1
core   0: 3 0x80000b70 (0x02b3fc33) x24 0x00000000
core   0: 0x80000b74 (0x6614f113) andi    sp, s1, 1633
core   0: 3 0x80000b74 (0x6614f113) x 2 0x00000660
core   0: 0x80000b78 (0x03779cb3) mulh    s9, a5, s7
core   0: 3 0x80000b78 (0x03779cb3) x25 0x00000000
core   0: 0x80000b7c (0x412a5593) srai    a1, s4, 18
core   0: 3 0x80000b7c (0x412a5593) x11 0xffffeeb6
core   0: 0x80000b80 (0x015b72b3) and     t0, s6, s5
core   0: 3 0x80000b80 (0x015b72b3) x 5 0xfffffe25
core   0: 0x80000b84 (0x4c506d97) auipc   s11, 0x4c506
core   0: 3 0x80000b84 (0x4c506d97) x27 0xcc506b84
core   0: 0x80000b88 (0x40128033) sub     zero, t0, ra
core   0: 3 0x80000b88 (0x40128033)
core   0: 0x80000b8c (0x8313c593) xori    a1, t2, -1999
core   0: 3 0x80000b8c (0x8313c593) x11 0xfffff831
core   0: 0x80000b90 (0x40400033) sub     zero, zero, tp
core   0: 3 0x80000b90 (0x40400033)
core   0: 0x80000b94 (0xeec00593) li      a1, -276
core   0: 3 0x80000b94 (0xeec00593) x11 0xfffffeec
core   0: 0x80000b98 (0x53c5ec13) ori     s8, a1, 1340
core   0: 3 0x80000b98 (0x53c5ec13) x24 0xfffffffc
core   0: 0x80000b9c (0x6526de97) auipc   t4, 0x6526d
core   0: 3 0x80000b9c (0x6526de97) x29 0xe526db9c
core   0: 0x80000ba0 (0x024ad533) divu    a0, s5, tp
core   0: 3 0x80000ba0 (0x024ad533) x10 0x001fffff
core   0: 0x80000ba4 (0x009855b7) lui     a1, 0x985
core   0: 3 0x80000ba4 (0x009855b7) x11 0x00985000
core   0: 0x80000ba8 (0x000f15b3) sll     a1, t5, zero
core   0: 3 0x80000ba8 (0x000f15b3) x11 0x8001934e
core   0: 0x80000bac (0xe4b8fb93) andi    s7, a7, -437
core   0: 3 0x80000bac (0xe4b8fb93) x23 0x80014a40
core   0: 0x80000bb0 (0x00000013) nop
core   0: 3 0x80000bb0 (0x00000013)
core   0: 0x80000bb4 (0x02ac1533) mulh    a0, s8, a0
core   0: 3 0x80000bb4 (0x02ac1533) x10 0xffffffff
core   0: 0x80000bb8 (0x41fd0b33) sub     s6, s10, t6
core   0: 3 0x80000bb8 (0x41fd0b33) x22 0xed486b2b
core   0: 0x80000bbc (0x40fdd533) sra     a0, s11, a5
core   0: 3 0x80000bbc (0x40fdd533) x10 0xcc506b84
core   0: 0x80000bc0 (0x69734113) xori    sp, t1, 1687
core   0: 3 0x80000bc0 (0x69734113) x 2 0x406f7697
core   0: 0x80000bc4 (0x6dd55417) auipc   s0, 0x6dd55
core   0: 3 0x80000bc4 (0x6dd55417) x 8 0xedd55bc4
core   0: 0x80000bc8 (0x12068cb7) lui     s9, 0x12068
core   0: 3 0x80000bc8 (0x12068cb7) x25 0x12068000
core   0: 0x80000bcc (0x41d207b3) sub     a5, tp, t4
core   0: 3 0x80000bcc (0x41d207b3) x15 0x1ad92c64
core   0: 0x80000bd0 (0x026f1533) mulh    a0, t5, t1
core   0: 3 0x80000bd0 (0x026f1533) x10 0xdfc8ad83
core   0: 0x80000bd4 (0x27260413) addi    s0, a2, 626
core   0: 3 0x80000bd4 (0x27260413) x 8 0x00000272
core   0: 0x80000bd8 (0x023fc6b3) div     a3, t6, gp
core   0: 3 0x80000bd8 (0x023fc6b3) x13 0xffffffff
core   0: 0x80000bdc (0x00b3e2b3) or      t0, t2, a1
core   0: 3 0x80000bdc (0x00b3e2b3) x 5 0x8001934e
core   0: 0x80000be0 (0x4211a093) slti    ra, gp, 1057
core   0: 3 0x80000be0 (0x4211a093) x 1 0x00000001
core   0: 0x80000be4 (0x150bb913) sltiu   s2, s7, 336
core   0: 3 0x80000be4 (0x150bb913) x18 0x00000000
core   0: 0x80000be8 (0x6e367513) andi    a0, a2, 1763
core   0: 3 0x80000be8 (0x6e367513) x10 0x00000000
core   0: 0x80000bec (0x83c07193) andi    gp, zero, -1988
core   0: 3 0x80000bec (0x83c07193) x 3 0x00000000
core   0: 0x80000bf0 (0x02b057b3) divu    a5, zero, a1
core   0: 3 0x80000bf0 (0x02b057b3) x15 0x00000000
core   0: 0x80000bf4 (0x86f4be37) lui     t3, 0x86f4b
core   0: 3 0x80000bf4 (0x86f4be37) x28 0x86f4b000
core   0: 0x80000bf8 (0x0317bc93) sltiu   s9, a5, 49
core   0: 3 0x80000bf8 (0x0317bc93) x25 0x00000001
core   0: 0x80000bfc (0x16bec713) xori    a4, t4, 363
core   0: 3 0x80000bfc (0x16bec713) x14 0xe526daf7
core   0: 0x80000c00 (0x403ed133) sra     sp, t4, gp
core   0: 3 0x80000c00 (0x403ed133) x 2 0xe526db9c
core   0: 0x80000c04 (0x02092233) mulhsu  tp, s2, zero
core   0: 3 0x80000c04 (0x02092233) x 4 0x00000000
core   0: 0x80000c08 (0x0177aeb3) slt     t4, a5, s7
core   0: 3 0x80000c08 (0x0177aeb3) x29 0x00000000
core   0: 0x80000c0c (0xeadb6e37) lui     t3, 0xeadb6
core   0: 3 0x80000c0c (0xeadb6e37) x28 0xeadb6000
core   0: 0x80000c10 (0x40038433) sub     s0, t2, zero
core   0: 3 0x80000c10 (0x40038433) x 8 0x00000000
core   0: 0x80000c14 (0x01abfb33) and     s6, s7, s10
core   0: 3 0x80000c14 (0x01abfb33) x22 0x80014a40
core   0: 0x80000c18 (0x02e389b3) mul     s3, t2, a4
core   0: 3 0x80000c18 (0x02e389b3) x19 0x00000000
core   0: 0x80000c1c (0x41d159b3) sra     s3, sp, t4
core   0: 3 0x80000c1c (0x41d159b3) x19 0xe526db9c
core   0: 0x80000c20 (0x016bb2b3) sltu    t0, s7, s6
core   0: 3 0x80000c20 (0x016bb2b3) x 5 0x00000000
core   0: 0x80000c24 (0x0157d393) srli    t2, a5, 21
core   0: 3 0x80000c24 (0x0157d393) x 7 0x00000000
core   0: 0x80000c28 (0x01031f97) auipc   t6, 0x1031
core   0: 3 0x80000c28 (0x01031f97) x31 0x81031c28
core   0: 0x80000c2c (0x010a1093) slli    ra, s4, 16
core   0: 3 0x80000c2c (0x010a1093) x 1 0xbc850000
core   0: 0x80000c30 (0x02e12333) mulhsu  t1, sp, a4
core   0: 3 0x80000c30 (0x02e12333) x 6 0xe7f7af40
core   0: 0x80000c34 (0x01599eb3) sll     t4, s3, s5
core   0: 3 0x80000c34 (0x01599eb3) x29 0xce000000
core   0: 0x80000c38 (0x74ae9b17) auipc   s6, 0x74ae9
core   0: 3 0x80000c38 (0x74ae9b17) x22 0xf4ae9c38
core   0: 0x80000c3c (0xa6820c13) addi    s8, tp, -1432
core   0: 3 0x80000c3c (0xa6820c13) x24 0xfffffa68
core   0: 0x80000c40 (0x00ce2033) slt     zero, t3, a2
core   0: 3 0x80000c40 (0x00ce2033)
core   0: 0x80000c44 (0x0229e1b3) rem     gp, s3, sp
core   0: 3 0x80000c44 (0x0229e1b3) x 3 0x00000000
core   0: 0x80000c48 (0x01f31093) slli    ra, t1, 31
core   0: 3 0x80000c48 (0x01f31093) x 1 0x00000000
core   0: 0x80000c4c (0x114e3a93) sltiu   s5, t3, 276
core   0: 3 0x80000c4c (0x114e3a93) x21 0x00000000
core   0: 0x80000c50 (0x017fe8b3) or      a7, t6, s7
core   0: 3 0x80000c50 (0x017fe8b3) x17 0x81035e68
core   0: 0x80000c54 (0xd95a8c13) addi    s8, s5, -619
core   0: 3 0x80000c54 (0xd95a8c13) x24 0xfffffd95
core   0: 0x80000c58 (0x8349f513) andi    a0, s3, -1996
core   0: 3 0x80000c58 (0x8349f513) x10 0xe526d814
core   0: 0x80000c5c (0x4122d613) srai    a2, t0, 18
core   0: 3 0x80000c5c (0x4122d613) x12 0x00000000
core   0: 0x80000c60 (0x00a38433) add     s0, t2, a0
core   0: 3 0x80000c60 (0x00a38433) x 8 0xe526d814
core   0: 0x80000c64 (0x00000013) nop
core   0: 3 0x80000c64 (0x00000013)
core   0: 0x80000c68 (0x0233b433) mulhu   s0, t2, gp
core   0: 3 0x80000c68 (0x0233b433) x 8 0x00000000
core   0: 0x80000c6c (0x038667b3) rem     a5, a2, s8
core   0: 3 0x80000c6c (0x038667b3) x15 0x00000000
core   0: 0x80000c70 (0x01e53233) sltu    tp, a0, t5
core   0: 3 0x80000c70 (0x01e53233) x 4 0x00000000
core   0: 0x80000c74 (0x56734f93) xori    t6, t1, 1383
core   0: 3 0x80000c74 (0x56734f93) x31 0xe7f7aa27
core   0: 0x80000c78 (0x0195d9b3) srl     s3, a1, s9
core   0: 3 0x80000c78 (0x0195d9b3) x19 0x4000c9a7
core   0: 0x80000c7c (0xf11cac93) slti    s9, s9, -239
core   0: 3 0x80000c7c (0xf11cac93) x25 0x00000000
core   0: 0x80000c80 (0x03677cb3) remu    s9, a4, s6
core   0: 3 0x80000c80 (0x03677cb3) x25 0xe526daf7
core   0: 0x80000c84 (0x00658db3) add     s11, a1, t1
core   0: 3 0x80000c84 (0x00658db3) x27 0x67f9428e
core   0: 0x80000c88 (0x022111b3) mulh    gp, sp, sp
core   0: 3 0x80000c88 (0x022111b3) x 3 0x02d0d393
core   0: 0x80000c8c (0x02acd233) divu    tp, s9, a0
core   0: 3 0x80000c8c (0x02acd233) x 4 0x00000001
core   0: 0x80000c90 (0x01229093) slli    ra, t0, 18
core   0: 3 0x80000c90 (0x01229093) x 1 0x00000000
core   0: 0x80000c94 (0x00321893) slli    a7, tp, 3
core   0: 3 0x80000c94 (0x00321893) x17 0x00000008
core   0: 0x80000c98 (0x416656b3) sra     a3, a2, s6
core   0: 3 0x80000c98 (0x416656b3) x13 0x00000000
core   0: 0x80000c9c (0x00b9dc13) srli    s8, s3, 11
core   0: 3 0x80000c9c (0x00b9dc13) x24 0x00080019
core   0: 0x80000ca0 (0x9802cc93) xori    s9, t0, -1664
core   0: 3 0x80000ca0 (0x9802cc93) x25 0xfffff980
core   0: 0x80000ca4 (0x2652b213) sltiu   tp, t0, 613
core   0: 3 0x80000ca4 (0x2652b213) x 4 0x00000001
core   0: 0x80000ca8 (0xc1b72393) slti    t2, a4, -997
core   0: 3 0x80000ca8 (0xc1b72393) x 7 0x00000001
core   0: 0x80000cac (0x009f1b13) slli    s6, t5, 9
core   0: 3 0x80000cac (0x009f1b13) x22 0x03269c00
core   0: 0x80000cb0 (0x004b1c93) slli    s9, s6, 4
core   0: 3 0x80000cb0 (0x004b1c93) x25 0x3269c000
core   0: 0x80000cb4 (0x03849f33) mulh    t5, s1, s8
core   0: 3 0x80000cb4 (0x03849f33) x30 0xfffbfffd
core   0: 0x80000cb8 (0x51213693) sltiu   a3, sp, 1298
core   0: 3 0x80000cb8 (0x51213693) x13 0x00000000
core   0: 0x80000cbc (0x0316cd33) div     s10, a3, a7
core   0: 3 0x80000cbc (0x0316cd33) x26 0x00000000
core   0: 0x80000cc0 (0x03d60db3) mul     s11, a2, t4
core   0: 3 0x80000cc0 (0x03d60db3) x27 0x00000000
core   0: 0x80000cc4 (0x33b4a013) slti    zero, s1, 827
core   0: 3 0x80000cc4 (0x33b4a013)
core   0: 0x80000cc8 (0x0338fb33) remu    s6, a7, s3
core   0: 3 0x80000cc8 (0x0338fb33) x22 0x00000008
core   0: 0x80000ccc (0x0001a433) slt     s0, gp, zero
core   0: 3 0x80000ccc (0x0001a433) x 8 0x00000000
core   0: 0x80000cd0 (0xbb527213) andi    tp, tp, -1099
core   0: 3 0x80000cd0 (0xbb527213) x 4 0x00000001
core   0: 0x80000cd4 (0x01bc0433) add     s0, s8, s11
core   0: 3 0x80000cd4 (0x01bc0433) x 8 0x00080019
core   0: 0x80000cd8 (0x4186db33) sra     s6, a3, s8
core   0: 3 0x80000cd8 (0x4186db33) x22 0x00000000
core   0: 0x80000cdc (0xca3add97) auipc   s11, 0xca3ad
core   0: 3 0x80000cdc (0xca3add97) x27 0x4a3adcdc
core   0: 0x80000ce0 (0x039fae33) mulhsu  t3, t6, s9
core   0: 3 0x80000ce0 (0x039fae33) x28 0xfb4471ca
core   0: 0x80000ce4 (0x02eda2b3) mulhsu  t0, s11, a4
core   0: 3 0x80000ce4 (0x02eda2b3) x 5 0x4271ebcb
core   0: 0x80000ce8 (0x0151d413) srli    s0, gp, 21
core   0: 3 0x80000ce8 (0x0151d413) x 8 0x00000016
core   0: 0x80000cec (0x02db26b3) mulhsu  a3, s6, a3
core   0: 3 0x80000cec (0x02db26b3) x13 0x00000000
core   0: 0x80000cf0 (0x4b90b413) sltiu   s0, ra, 1209
core   0: 3 0x80000cf0 (0x4b90b413) x 8 0x00000001
core   0: 0x80000cf4 (0x0292d633) divu    a2, t0, s1
core   0: 3 0x80000cf4 (0x0292d633) x12 0x00000000
core   0: 0x80000cf8 (0xcabf4017) auipc   zero, 0xcabf4
core   0: 3 0x80000cf8 (0xcabf4017)
core   0: 0x80000cfc (0x03a17ab3) remu    s5, sp, s10
core   0: 3 0x80000cfc (0x03a17ab3) x21 0xe526db9c
core   0: 0x80000d00 (0x41cd53b3) sra     t2, s10, t3
core   0: 3 0x80000d00 (0x41cd53b3) x 7 0x00000000
core   0: 0x80000d04 (0x020a6b33) rem     s6, s4, zero
core   0: 3 0x80000d04 (0x020a6b33) x22 0xbad8bc85
core   0: 0x80000d08 (0x4b8fbeb7) lui     t4, 0x4b8fb
core   0: 3 0x80000d08 (0x4b8fbeb7) x29 0x4b8fb000
core   0: 0x80000d0c (0x00000013) nop
core   0: 3 0x80000d0c (0x00000013)
core   0: 0x80000d10 (0x00a77db3) and     s11, a4, a0
core   0: 3 0x80000d10 (0x00a77db3) x27 0xe526d814
core   0: 0x80000d14 (0x01927ab3) and     s5, tp, s9
core   0: 3 0x80000d14 (0x01927ab3) x21 0x00000000
core   0: 0x80000d18 (0x417bdc13) srai    s8, s7, 23
core   0: 3 0x80000d18 (0x417bdc13) x24 0xffffff00
core   0: 0x80000d1c (0x1d5ac013) xori    zero, s5, 469
core   0: 3 0x80000d1c (0x1d5ac013)
core   0: 0x80000d20 (0x002a3933) sltu    s2, s4, sp
core   0: 3 0x80000d20 (0x002a3933) x18 0x00000001
core   0: 0x80000d24 (0x00000013) nop
core   0: 3 0x80000d24 (0x00000013)
core   0: 0x80000d28 (0x25b4cb93) xori    s7, s1, 603
core   0: 3 0x80000d28 (0x25b4cb93) x23 0x80014c3f
core   0: 0x80000d2c (0x003567b3) or      a5, a0, gp
core   0: 3 0x80000d2c (0x003567b3) x15 0xe7f6db97
core   0: 0x80000d30 (0x021c69b3) rem     s3, s8, ra
core   0: 3 0x80000d30 (0x021c69b3) x19 0xffffff00
core   0: 0x80000d34 (0x41a78633) sub     a2, a5, s10
core   0: 3 0x80000d34 (0x41a78633) x12 0xe7f6db97
core   0: 0x80000d38 (0x018b33b3) sltu    t2, s6, s8
core   0: 3 0x80000d38 (0x018b33b3) x 7 0x00000001
core   0: 0x80000d3c (0x01f766b3) or      a3, a4, t6
core   0: 3 0x80000d3c (0x01f766b3) x13 0xe7f7faf7
core   0: 0x80000d40 (0x41125d93) srai    s11, tp, 17
core   0: 3 0x80000d40 (0x41125d93) x27 0x00000000
core   0: 0x80000d44 (0x02e66d33) rem     s10, a2, a4
core   0: 3 0x80000d44 (0x02e66d33) x26 0xe7f6db97
core   0: 0x80000d48 (0xb4b4cb13) xori    s6, s1, -1205
core   0: 3 0x80000d48 (0xb4b4cb13) x22 0x7ffeb52f
core   0: 0x80000d4c (0x01e19f13) slli    t5, gp, 30
core   0: 3 0x80000d4c (0x01e19f13) x30 0xc0000000
core   0: 0x80000d50 (0x02ea1e33) mulh    t3, s4, a4
core   0: 3 0x80000d50 (0x02ea1e33) x28 0x0740a523
core   0: 0x80000d54 (0x414f2f17) auipc   t5, 0x414f2
core   0: 3 0x80000d54 (0x414f2f17) x30 0xc14f2d54
core   0: 0x80000d58 (0xd3b9e693) ori     a3, s3, -709
core   0: 3 0x80000d58 (0xd3b9e693) x13 0xffffff3b
core   0: 0x80000d5c (0x41ca5733) sra     a4, s4, t3
core   0: 3 0x80000d5c (0x41ca5733) x14 0xf75b1790
core   0: 0x80000d60 (0x010e7cb3) and     s9, t3, a6
core   0: 3 0x80000d60 (0x010e7cb3) x25 0x00008420
core   0: 0x80000d64 (0x00f36733) or      a4, t1, a5
core   0: 3 0x80000d64 (0x00f36733) x14 0xe7f7ffd7
core   0: 0x80000d68 (0x03479c33) mulh    s8, a5, s4
core   0: 3 0x80000d68 (0x03479c33) x24 0x067e268a
core   0: 0x80000d6c (0x031e63b3) rem     t2, t3, a7
core   0: 3 0x80000d6c (0x031e63b3) x 7 0x00000003
core   0: 0x80000d70 (0x0163a733) slt     a4, t2, s6
core   0: 3 0x80000d70 (0x0163a733) x14 0x00000001
core   0: 0x80000d74 (0x007a70b3) and     ra, s4, t2
core   0: 3 0x80000d74 (0x007a70b3) x 1 0x00000001
core   0: 0x80000d78 (0xf4563c93) sltiu   s9, a2, -187
core   0: 3 0x80000d78 (0xf4563c93) x25 0x00000001
core   0: 0x80000d7c (0x015e98b3) sll     a7, t4, s5
core   0: 3 0x80000d7c (0x015e98b3) x17 0x4b8fb000
core   0: 0x80000d80 (0x02b6acb3) mulhsu  s9, a3, a1
core   0: 3 0x80000d80 (0x02b6acb3) x25 0xffffff9d
core   0: 0x80000d84 (0x408e5993) srai    s3, t3, 8
core   0: 3 0x80000d84 (0x408e5993) x19 0x000740a5
core   0: 0x80000d88 (0x00000013) nop
core   0: 3 0x80000d88 (0x00000013)
core   0: 0x80000d8c (0x482a6793) ori     a5, s4, 1154
core   0: 3 0x80000d8c (0x482a6793) x15 0xbad8bc87
core   0: 0x80000d90 (0x29ad0f93) addi    t6, s10, 666
core   0: 3 0x80000d90 (0x29ad0f93) x31 0xe7f6de31
core   0: 0x80000d94 (0x031c5033) divu    zero, s8, a7
core   0: 3 0x80000d94 (0x031c5033)
core   0: 0x80000d98 (0xc0b390b7) lui     ra, 0xc0b39
core   0: 3 0x80000d98 (0xc0b390b7) x 1 0xc0b39000
core   0: 0x80000d9c (0x0247c8b3) div     a7, a5, tp
core   0: 3 0x80000d9c (0x0247c8b3) x17 0xbad8bc87
core   0: 0x80000da0 (0x1af896b7) lui     a3, 0x1af89
core   0: 3 0x80000da0 (0x1af896b7) x13 0x1af89000
core   0: 0x80000da4 (0x033023b3) mulhsu  t2, zero, s3
core   0: 3 0x80000da4 (0x033023b3) x 7 0x00000000
core   0: 0x80000da8 (0x0293c433) div     s0, t2, s1
core   0: 3 0x80000da8 (0x0293c433) x 8 0x00000000
core   0: 0x80000dac (0x40c583b3) sub     t2, a1, a2
core   0: 3 0x80000dac (0x40c583b3) x 7 0x980ab7b7
core   0: 0x80000db0 (0x01bbd5b3) srl     a1, s7, s11
core   0: 3 0x80000db0 (0x01bbd5b3) x11 0x80014c3f
core   0: 0x80000db4 (0x00000013) nop
core   0: 3 0x80000db4 (0x00000013)
core   0: 0x80000db8 (0x02785e33) divu    t3, a6, t2
core   0: 3 0x80000db8 (0x02785e33) x28 0x00000000
core   0: 0x80000dbc (0x00465893) srli    a7, a2, 4
core   0: 3 0x80000dbc (0x00465893) x17 0x0e7f6db9
core   0: 0x80000dc0 (0x03d1f5b3) remu    a1, gp, t4
core   0: 3 0x80000dc0 (0x03d1f5b3) x11 0x02d0d393
core   0: 0x80000dc4 (0x00ac56b3) srl     a3, s8, a0
core   0: 3 0x80000dc4 (0x00ac56b3) x13 0x00000067
core   0: 0x80000dc8 (0x413d0233) sub     tp, s10, s3
core   0: 3 0x80000dc8 (0x413d0233) x 4 0xe7ef9af2
core   0: 0x80000dcc (0x00eb5ab3) srl     s5, s6, a4
core   0: 3 0x80000dcc (0x00eb5ab3) x21 0x3fff5a97
core   0: 0x80000dd0 (0x0039b1b3) sltu    gp, s3, gp
core   0: 3 0x80000dd0 (0x0039b1b3) x 3 0x00000001
core   0: 0x80000dd4 (0x01dd1213) slli    tp, s10, 29
core   0: 3 0x80000dd4 (0x01dd1213) x 4 0xe0000000
core   0: 0x80000dd8 (0x40535993) srai    s3, t1, 5
core   0: 3 0x80000dd8 (0x40535993) x19 0xff3fbd7a
core   0: 0x80000ddc (0x02ab3bb3) mulhu   s7, s6, a0
core   0: 3 0x80000ddc (0x02ab3bb3) x23 0x729243ea
core   0: 0x80000de0 (0x41425893) srai    a7, tp, 20
core   0: 3 0x80000de0 (0x41425893) x17 0xfffffe00
core   0: 0x80000de4 (0x41bc5233) sra     tp, s8, s11
core   0: 3 0x80000de4 (0x41bc5233) x 4 0x067e268a
core   0: 0x80000de8 (0x8126ba93) sltiu   s5, a3, -2030
core   0: 3 0x80000de8 (0x8126ba93) x21 0x00000001
core   0: 0x80000dec (0x53816037) lui     zero, 0x53816
core   0: 3 0x80000dec (0x53816037)
core   0: 0x80000df0 (0x08eeb613) sltiu   a2, t4, 142
core   0: 3 0x80000df0 (0x08eeb613) x12 0x00000000
core   0: 0x80000df4 (0x006ade93) srli    t4, s5, 6
core   0: 3 0x80000df4 (0x006ade93) x29 0x00000000
core   0: 0x80000df8 (0x4089d7b3) sra     a5, s3, s0
core   0: 3 0x80000df8 (0x4089d7b3) x15 0xff3fbd7a
core   0: 0x80000dfc (0x02ad5433) divu    s0, s10, a0
core   0: 3 0x80000dfc (0x02ad5433) x 8 0x00000001
core   0: 0x80000e00 (0xc2fd7f13) andi    t5, s10, -977
core   0: 3 0x80000e00 (0xc2fd7f13) x30 0xe7f6d807
core   0: 0x80000e04 (0x7219bfb7) lui     t6, 0x7219b
core   0: 3 0x80000e04 (0x7219bfb7) x31 0x7219b000
core   0: 0x80000e08 (0xb136ac13) slti    s8, a3, -1261
core   0: 3 0x80000e08 (0xb136ac13) x24 0x00000000
core   0: 0x80000e0c (0x016dbab3) sltu    s5, s11, s6
core   0: 3 0x80000e0c (0x016dbab3) x21 0x00000001
core   0: 0x80000e10 (0x039a3ab3) mulhu   s5, s4, s9
core   0: 3 0x80000e10 (0x039a3ab3) x21 0xbad8bc3c
core   0: 0x80000e14 (0x00000013) nop
core   0: 3 0x80000e14 (0x00000013)
core   0: 0x80000e18 (0x02d560b3) rem     ra, a0, a3
core   0: 3 0x80000e18 (0x02d560b3) x 1 0xffffffc1
core   0: 0x80000e1c (0x0102f933) and     s2, t0, a6
core   0: 3 0x80000e1c (0x0102f933) x18 0x000188c0
core   0: 0x80000e20 (0xe4e57613) andi    a2, a0, -434
core   0: 3 0x80000e20 (0xe4e57613) x12 0xe526d804
core   0: 0x80000e24 (0x02fe01b3) mul     gp, t3, a5
core   0: 3 0x80000e24 (0x02fe01b3) x 3 0x00000000
core   0: 0x80000e28 (0x0281e933) rem     s2, gp, s0
core   0: 3 0x80000e28 (0x0281e933) x18 0x00000000
core   0: 0x80000e2c (0x035d3033) mulhu   zero, s10, s5
core   0: 3 0x80000e2c (0x035d3033)
core   0: 0x80000e30 (0x59acbb93) sltiu   s7, s9, 1434
core   0: 3 0x80000e30 (0x59acbb93) x23 0x00000000
core   0: 0x80000e34 (0x03c9b9b3) mulhu   s3, s3, t3
core   0: 3 0x80000e34 (0x03c9b9b3) x19 0x00000000
core   0: 0x80000e38 (0x007c86b3) add     a3, s9, t2
core   0: 3 0x80000e38 (0x007c86b3) x13 0x980ab754
core   0: 0x80000e3c (0x00000013) nop
core   0: 3 0x80000e3c (0x00000013)
core   0: 0x80000e40 (0x00000013) nop
core   0: 3 0x80000e40 (0x00000013)
core   0: 0x80000e44 (0x02d26b33) rem     s6, tp, a3
core   0: 3 0x80000e44 (0x02d26b33) x22 0x067e268a
core   0: 0x80000e48 (0x03e7f033) remu    zero, a5, t5
core   0: 3 0x80000e48 (0x03e7f033)
core   0: 0x80000e4c (0x00d54933) xor     s2, a0, a3
core   0: 3 0x80000e4c (0x00d54933) x18 0x7d2c6f40
core   0: 0x80000e50 (0x010e0d33) add     s10, t3, a6
core   0: 3 0x80000e50 (0x010e0d33) x26 0x80018ce4
core   0: 0x80000e54 (0x020cfe33) remu    t3, s9, zero
core   0: 3 0x80000e54 (0x020cfe33) x28 0xffffff9d
core   0: 0x80000e58 (0x40525b13) srai    s6, tp, 5
core   0: 3 0x80000e58 (0x40525b13) x22 0x0033f134
core   0: 0x80000e5c (0x022cae33) mulhsu  t3, s9, sp
core   0: 3 0x80000e5c (0x022cae33) x28 0xffffffa7
core   0: 0x80000e60 (0x64043c13) sltiu   s8, s0, 1600
core   0: 3 0x80000e60 (0x64043c13) x24 0x00000001
core   0: 0x80000e64 (0x007847b3) xor     a5, a6, t2
core   0: 3 0x80000e64 (0x007847b3) x15 0x180b3b53
core   0: 0x80000e68 (0x00a8a133) slt     sp, a7, a0
core   0: 3 0x80000e68 (0x00a8a133) x 2 0x00000000
core   0: 0x80000e6c (0x00000013) nop
core   0: 3 0x80000e6c (0x00000013)
core   0: 0x80000e70 (0x013cb633) sltu    a2, s9, s3
core   0: 3 0x80000e70 (0x013cb633) x12 0x00000000
core   0: 0x80000e74 (0x6ad38917) auipc   s2, 0x6ad38
core   0: 3 0x80000e74 (0x6ad38917) x18 0xead38e74
core   0: 0x80000e78 (0xf5956113) ori     sp, a0, -167
core   0: 3 0x80000e78 (0xf5956113) x 2 0xffffff5d
core   0: 0x80000e7c (0x03295933) divu    s2, s2, s2
core   0: 3 0x80000e7c (0x03295933) x18 0x00000001
core   0: 0x80000e80 (0x015d4db3) xor     s11, s10, s5
core   0: 3 0x80000e80 (0x015d4db3) x27 0x3ad930d8
core   0: 0x80000e84 (0x12808e17) auipc   t3, 0x12808
core   0: 3 0x80000e84 (0x12808e17) x28 0x92808e84
core   0: 0x80000e88 (0xc0f48113) addi    sp, s1, -1009
core   0: 3 0x80000e88 (0xc0f48113) x 2 0x80014a73
core   0: 0x80000e8c (0x01b2d5b3) srl     a1, t0, s11
core   0: 3 0x80000e8c (0x01b2d5b3) x11 0x00000042
core   0: 0x80000e90 (0x76196513) ori     a0, s2, 1889
core   0: 3 0x80000e90 (0x76196513) x10 0x00000761
core   0: 0x80000e94 (0x03804f33) div     t5, zero, s8
core   0: 3 0x80000e94 (0x03804f33) x30 0x00000000
core   0: 0x80000e98 (0x01f30d33) add     s10, t1, t6
core   0: 3 0x80000e98 (0x01f30d33) x26 0x5a115f40
core   0: 0x80000e9c (0x02b30f33) mul     t5, t1, a1
core   0: 3 0x80000e9c (0x02b30f33) x30 0xcddb2e80
core   0: 0x80000ea0 (0x40ec57b3) sra     a5, s8, a4
core   0: 3 0x80000ea0 (0x40ec57b3) x15 0x00000000
core   0: 0x80000ea4 (0xa64ee293) ori     t0, t4, -1436
core   0: 3 0x80000ea4 (0xa64ee293) x 5 0xfffffa64
core   0: 0x80000ea8 (0x414a5533) sra     a0, s4, s4
core   0: 3 0x80000ea8 (0x414a5533) x10 0xfdd6c5e4
core   0: 0x80000eac (0x01d91333) sll     t1, s2, t4
core   0: 3 0x80000eac (0x01d91333) x 6 0x00000001
core   0: 0x80000eb0 (0x038040b3) div     ra, zero, s8
core   0: 3 0x80000eb0 (0x038040b3) x 1 0x00000000
core   0: 0x80000eb4 (0x00000013) nop
core   0: 3 0x80000eb4 (0x00000013)
core   0: 0x80000eb8 (0x03993617) auipc   a2, 0x3993
core   0: 3 0x80000eb8 (0x03993617) x12 0x83993eb8
core   0: 0x80000ebc (0x00225c33) srl     s8, tp, sp
core   0: 3 0x80000ebc (0x00225c33) x24 0x000000cf
core   0: 0x80000ec0 (0x41eb5933) sra     s2, s6, t5
core   0: 3 0x80000ec0 (0x41eb5933) x18 0x0033f134
core   0: 0x80000ec4 (0x0131a1b3) slt     gp, gp, s3
core   0: 3 0x80000ec4 (0x0131a1b3) x 3 0x00000000
core   0: 0x80000ec8 (0x017a8cb3) add     s9, s5, s7
core   0: 3 0x80000ec8 (0x017a8cb3) x25 0xbad8bc3c
core   0: 0x80000ecc (0x35297f93) andi    t6, s2, 850
core   0: 3 0x80000ecc (0x35297f93) x31 0x00000110
core   0: 0x80000ed0 (0xc84615b7) lui     a1, 0xc8461
core   0: 3 0x80000ed0 (0xc84615b7) x11 0xc8461000
core   0: 0x80000ed4 (0x003bd633) srl     a2, s7, gp
core   0: 3 0x80000ed4 (0x003bd633) x12 0x00000000
core   0: 0x80000ed8 (0x0266ce33) div     t3, a3, t1
core   0: 3 0x80000ed8 (0x0266ce33) x28 0x980ab754
core   0: 0x80000edc (0x00f6beb3) sltu    t4, a3, a5
core   0: 3 0x80000edc (0x00f6beb3) x29 0x00000000
core   0: 0x80000ee0 (0x1f3989b7) lui     s3, 0x1f398
core   0: 3 0x80000ee0 (0x1f3989b7) x19 0x1f398000
core   0: 0x80000ee4 (0x0199bb33) sltu    s6, s3, s9
core   0: 3 0x80000ee4 (0x0199bb33) x22 0x00000001
core   0: 0x80000ee8 (0xcd410b13) addi    s6, sp, -812
core   0: 3 0x80000ee8 (0xcd410b13) x22 0x80014747
core   0: 0x80000eec (0x005a1fb3) sll     t6, s4, t0
core   0: 3 0x80000eec (0x005a1fb3) x31 0xad8bc850
core   0: 0x80000ef0 (0x0006cc33) xor     s8, a3, zero
core   0: 3 0x80000ef0 (0x0006cc33) x24 0x980ab754
core   0: 0x80000ef4 (0x40cc5e13) srai    t3, s8, 12
core   0: 3 0x80000ef4 (0x40cc5e13) x28 0xfff980ab
core   0: 0x80000ef8 (0x02efd633) divu    a2, t6, a4
core   0: 3 0x80000ef8 (0x02efd633) x12 0xad8bc850
core   0: 0x80000efc (0x3acae213) ori     tp, s5, 940
core   0: 3 0x80000efc (0x3acae213) x 4 0xbad8bfbc
core   0: 0x80000f00 (0x001ade13) srli    t3, s5, 1
core   0: 3 0x80000f00 (0x001ade13) x28 0x5d6c5e1e
core   0: 0x80000f04 (0x66996d17) auipc   s10, 0x66996
core   0: 3 0x80000f04 (0x66996d17) x26 0xe6996f04
core   0: 0x80000f08 (0xaa55bf13) sltiu   t5, a1, -1371
core   0: 3 0x80000f08 (0xaa55bf13) x30 0x00000001
core   0: 0x80000f0c (0x02e7a033) mulhsu  zero, a5, a4
core   0: 3 0x80000f0c (0x02e7a033)
core   0: 0x80000f10 (0x019efc33) and     s8, t4, s9
core   0: 3 0x80000f10 (0x019efc33) x24 0x00000000
core   0: 0x80000f14 (0x03d50ab3) mul     s5, a0, t4
core   0: 3 0x80000f14 (0x03d50ab3) x21 0x00000000
core   0: 0x80000f18 (0x01678233) add     tp, a5, s6
core   0: 3 0x80000f18 (0x01678233) x 4 0x80014747
core   0: 0x80000f1c (0x50086b13) ori     s6, a6, 1280
core   0: 3 0x80000f1c (0x50086b13) x22 0x80018de4
core   0: 0x80000f20 (0x41b75c33) sra     s8, a4, s11
core   0: 3 0x80000f20 (0x41b75c33) x24 0x00000000
core   0: 0x80000f24 (0x8d077e17) auipc   t3, 0x8d077
core   0: 3 0x80000f24 (0x8d077e17) x28 0x0d077f24
core   0: 0x80000f28 (0x196f2013) slti    zero, t5, 406
core   0: 3 0x80000f28 (0x196f2013)
core   0: 0x80000f2c (0x01b42fb3) slt     t6, s0, s11
core   0: 3 0x80000f2c (0x01b42fb3) x31 0x00000001
core   0: 0x80000f30 (0x00365c93) srli    s9, a2, 3
core   0: 3 0x80000f30 (0x00365c93) x25 0x15b1790a
core   0: 0x80000f34 (0x0153d933) srl     s2, t2, s5
core   0: 3 0x80000f34 (0x0153d933) x18 0x980ab7b7
core   0: 0x80000f38 (0x01f03bb3) snez    s7, t6
core   0: 3 0x80000f38 (0x01f03bb3) x23 0x00000001
core   0: 0x80000f3c (0x0123fe33) and     t3, t2, s2
core   0: 3 0x80000f3c (0x0123fe33) x28 0x980ab7b7
core   0: 0x80000f40 (0x03cecb33) div     s6, t4, t3
core   0: 3 0x80000f40 (0x03cecb33) x22 0x00000000
core   0: 0x80000f44 (0x383dab93) slti    s7, s11, 899
core   0: 3 0x80000f44 (0x383dab93) x23 0x00000000
core   0: 0x80000f48 (0x00d74eb3) xor     t4, a4, a3
core   0: 3 0x80000f48 (0x00d74eb3) x29 0x980ab755
core   0: 0x80000f4c (0x41b00333) sub     t1, zero, s11
core   0: 3 0x80000f4c (0x41b00333) x 6 0xc526cf28
core   0: 0x80000f50 (0x41640333) sub     t1, s0, s6
core   0: 3 0x80000f50 (0x41640333) x 6 0x00000001
core   0: 0x80000f54 (0x02eaf933) remu    s2, s5, a4
core   0: 3 0x80000f54 (0x02eaf933) x18 0x00000000
core   0: 0x80000f58 (0x40e9d7b3) sra     a5, s3, a4
core   0: 3 0x80000f58 (0x40e9d7b3) x15 0x0f9cc000
core   0: 0x80000f5c (0x03f66133) rem     sp, a2, t6
core   0: 3 0x80000f5c (0x03f66133) x 2 0x00000000
core   0: 0x80000f60 (0x013b22b3) slt     t0, s6, s3
core   0: 3 0x80000f60 (0x013b22b3) x 5 0x00000001
core   0: 0x80000f64 (0x028e5b33) divu    s6, t3, s0
core   0: 3 0x80000f64 (0x028e5b33) x22 0x980ab7b7
core   0: 0x80000f68 (0xdb2ea413) slti    s0, t4, -590
core   0: 3 0x80000f68 (0xdb2ea413) x 8 0x00000001
core   0: 0x80000f6c (0x00000013) nop
core   0: 3 0x80000f6c (0x00000013)
core   0: 0x80000f70 (0x41445e33) sra     t3, s0, s4
core   0: 3 0x80000f70 (0x41445e33) x28 0x00000000
core   0: 0x80000f74 (0xbfb7c513) xori    a0, a5, -1029
core   0: 3 0x80000f74 (0xbfb7c513) x10 0xf0633bfb
core   0: 0x80000f78 (0x01be0db3) add     s11, t3, s11
core   0: 3 0x80000f78 (0x01be0db3) x27 0x3ad930d8
core   0: 0x80000f7c (0x007cfc33) and     s8, s9, t2
core   0: 3 0x80000f7c (0x007cfc33) x24 0x10003102
core   0: 0x80000f80 (0x020c6033) rem     zero, s8, zero
core   0: 3 0x80000f80 (0x020c6033)
core   0: 0x80000f84 (0x40c053b3) sra     t2, zero, a2
core   0: 3 0x80000f84 (0x40c053b3) x 7 0x00000000
core   0: 0x80000f88 (0xfa812993) slti    s3, sp, -88
core   0: 3 0x80000f88 (0xfa812993) x19 0x00000000
core   0: 0x80000f8c (0x5034f193) andi    gp, s1, 1283
core   0: 3 0x80000f8c (0x5034f193) x 3 0x00000400
core   0: 0x80000f90 (0x7628c413) xori    s0, a7, 1890
core   0: 3 0x80000f90 (0x7628c413) x 8 0xfffff962
core   0: 0x80000f94 (0x9be68d93) addi    s11, a3, -1602
core   0: 3 0x80000f94 (0x9be68d93) x27 0x980ab112
core   0: 0x80000f98 (0x028c6ab3) rem     s5, s8, s0
core   0: 3 0x80000f98 (0x028c6ab3) x21 0x000005ec
core   0: 0x80000f9c (0x01241913) slli    s2, s0, 18
core   0: 3 0x80000f9c (0x01241913) x18 0xe5880000
core   0: 0x80000fa0 (0x028123b3) mulhsu  t2, sp, s0
core   0: 3 0x80000fa0 (0x028123b3) x 7 0x00000000
core   0: 0x80000fa4 (0x00e39eb3) sll     t4, t2, a4
core   0: 3 0x80000fa4 (0x00e39eb3) x29 0x00000000
core   0: 0x80000fa8 (0x03823e33) mulhu   t3, tp, s8
core   0: 3 0x80000fa8 (0x03823e33) x28 0x08002cf5
core   0: 0x80000fac (0x02d3e233) rem     tp, t2, a3
core   0: 3 0x80000fac (0x02d3e233) x 4 0x00000000
core   0: 0x80000fb0 (0x01a64d33) xor     s10, a2, s10
core   0: 3 0x80000fb0 (0x01a64d33) x26 0x4b12a754
core   0: 0x80000fb4 (0x025ba233) mulhsu  tp, s7, t0
core   0: 3 0x80000fb4 (0x025ba233) x 4 0x00000000
core   0: 0x80000fb8 (0x03e15b33) divu    s6, sp, t5
core   0: 3 0x80000fb8 (0x03e15b33) x22 0x00000000
core   0: 0x80000fbc (0x004d18b3) sll     a7, s10, tp
core   0: 3 0x80000fbc (0x004d18b3) x17 0x4b12a754
core   0: 0x80000fc0 (0x0206c533) div     a0, a3, zero
core   0: 3 0x80000fc0 (0x0206c533) x10 0xffffffff
core   0: 0x80000fc4 (0x654e2513) slti    a0, t3, 1620
core   0: 3 0x80000fc4 (0x654e2513) x10 0x00000000
core   0: 0x80000fc8 (0x003b0fb3) add     t6, s6, gp
core   0: 3 0x80000fc8 (0x003b0fb3) x31 0x00000400
core   0: 0x80000fcc (0xbc760713) addi    a4, a2, -1081
core   0: 3 0x80000fcc (0xbc760713) x14 0xad8bc417
core   0: 0x80000fd0 (0x4433f1b7) lui     gp, 0x4433f
core   0: 3 0x80000fd0 (0x4433f1b7) x 3 0x4433f000
core   0: 0x80000fd4 (0x5f527197) auipc   gp, 0x5f527
core   0: 3 0x80000fd4 (0x5f527197) x 3 0xdf527fd4
core   0: 0x80000fd8 (0x28c06a93) ori     s5, zero, 652
core   0: 3 0x80000fd8 (0x28c06a93) x21 0x0000028c
core   0: 0x80000fdc (0xe93d6913) ori     s2, s10, -365
core   0: 3 0x80000fdc (0xe93d6913) x18 0xffffffd7
core   0: 0x80000fe0 (0x0191dfb3) srl     t6, gp, s9
core   0: 3 0x80000fe0 (0x0191dfb3) x31 0x0037d49f
core   0: 0x80000fe4 (0x028f5ab3) divu    s5, t5, s0
core   0: 3 0x80000fe4 (0x028f5ab3) x21 0x00000000
core   0: 0x80000fe8 (0x0038a733) slt     a4, a7, gp
core   0: 3 0x80000fe8 (0x0038a733) x14 0x00000000
core   0: 0x80000fec (0x01d9de13) srli    t3, s3, 29
core   0: 3 0x80000fec (0x01d9de13) x28 0x00000000
core   0: 0x80000ff0 (0x025c36b3) mulhu   a3, s8, t0
core   0: 3 0x80000ff0 (0x025c36b3) x13 0x00000000
core   0: 0x80000ff4 (0x05167893) andi    a7, a2, 81
core   0: 3 0x80000ff4 (0x05167893) x17 0x00000050
core   0: 0x80000ff8 (0x01dd2533) slt     a0, s10, t4
core   0: 3 0x80000ff8 (0x01dd2533) x10 0x00000000
core   0: 0x80000ffc (0x006aa433) slt     s0, s5, t1
core   0: 3 0x80000ffc (0x006aa433) x 8 0x00000001
core   0: 0x80001000 (0x00cc13b3) sll     t2, s8, a2
core   0: 3 0x80001000 (0x00cc13b3) x 7 0x31020000
core   0: 0x80001004 (0x030d6cb3) rem     s9, s10, a6
core   0: 3 0x80001004 (0x030d6cb3) x25 0x4b12a754
core   0: 0x80001008 (0x019d9593) slli    a1, s11, 25
core   0: 3 0x80001008 (0x019d9593) x11 0x24000000
core   0: 0x8000100c (0x40f05a93) srai    s5, zero, 15
core   0: 3 0x8000100c (0x40f05a93) x21 0x00000000
core   0: 0x80001010 (0x0001b6b3) sltu    a3, gp, zero
core   0: 3 0x80001010 (0x0001b6b3) x13 0x00000000
core   0: 0x80001014 (0x03497f33) remu    t5, s2, s4
core   0: 3 0x80001014 (0x03497f33) x30 0x45274352
core   0: 0x80001018 (0x41c952b3) sra     t0, s2, t3
core   0: 3 0x80001018 (0x41c952b3) x 5 0xffffffd7
core   0: 0x8000101c (0x404ed993) srai    s3, t4, 4
core   0: 3 0x8000101c (0x404ed993) x19 0x00000000
core   0: 0x80001020 (0x01d9bcb3) sltu    s9, s3, t4
core   0: 3 0x80001020 (0x01d9bcb3) x25 0x00000000
core   0: 0x80001024 (0x01dc6bb3) or      s7, s8, t4
core   0: 3 0x80001024 (0x01dc6bb3) x23 0x10003102
core   0: 0x80001028 (0x414057b3) sra     a5, zero, s4
core   0: 3 0x80001028 (0x414057b3) x15 0x00000000
core   0: 0x8000102c (0x0b784693) xori    a3, a6, 183
core   0: 3 0x8000102c (0x0b784693) x13 0x80018c53
core   0: 0x80001030 (0x03232733) mulhsu  a4, t1, s2
core   0: 3 0x80001030 (0x03232733) x14 0x00000000
core   0: 0x80001034 (0x03e550b3) divu    ra, a0, t5
core   0: 3 0x80001034 (0x03e550b3) x 1 0x00000000
core   0: 0x80001038 (0x03354433) div     s0, a0, s3
core   0: 3 0x80001038 (0x03354433) x 8 0xffffffff
core   0: 0x8000103c (0x0071ec33) or      s8, gp, t2
core   0: 3 0x8000103c (0x0071ec33) x24 0xff527fd4
core   0: 0x80001040 (0x01bfb1b3) sltu    gp, t6, s11
core   0: 3 0x80001040 (0x01bfb1b3) x 3 0x00000001
core   0: 0x80001044 (0x41828ab3) sub     s5, t0, s8
core   0: 3 0x80001044 (0x41828ab3) x21 0x00ad8003
core   0: 0x80001048 (0x63faf613) andi    a2, s5, 1599
core   0: 3 0x80001048 (0x63faf613) x12 0x00000003
core   0: 0x8000104c (0x9317c193) xori    gp, a5, -1743
core   0: 3 0x8000104c (0x9317c193) x 3 0xfffff931
core   0: 0x80001050 (0x4123d6b3) sra     a3, t2, s2
core   0: 3 0x80001050 (0x4123d6b3) x13 0x00000062
core   0: 0x80001054 (0x41bcd233) sra     tp, s9, s11
core   0: 3 0x80001054 (0x41bcd233) x 4 0x00000000
core   0: 0x80001058 (0x5f58b013) sltiu   zero, a7, 1525
core   0: 3 0x80001058 (0x5f58b013)
core   0: 0x8000105c (0x014b50b3) srl     ra, s6, s4
core   0: 3 0x8000105c (0x014b50b3) x 1 0x00000000
core   0: 0x80001060 (0x002b5d93) srli    s11, s6, 2
core   0: 3 0x80001060 (0x002b5d93) x27 0x00000000
core   0: 0x80001064 (0x002f0f33) add     t5, t5, sp
core   0: 3 0x80001064 (0x002f0f33) x30 0x45274352
core   0: 0x80001068 (0x463ba393) slti    t2, s7, 1123
core   0: 3 0x80001068 (0x463ba393) x 7 0x00000000
core   0: 0x8000106c (0xea6b3713) sltiu   a4, s6, -346
core   0: 3 0x8000106c (0xea6b3713) x14 0x00000001
core   0: 0x80001070 (0x03550ab3) mul     s5, a0, s5
core   0: 3 0x80001070 (0x03550ab3) x21 0x00000000
core   0: 0x80001074 (0x025cd933) divu    s2, s9, t0
core   0: 3 0x80001074 (0x025cd933) x18 0x00000000
core   0: 0x80001078 (0x41445213) srai    tp, s0, 20
core   0: 3 0x80001078 (0x41445213) x 4 0xffffffff
core   0: 0x8000107c (0x377776b7) lui     a3, 0x37777
core   0: 3 0x8000107c (0x377776b7) x13 0x37777000
core   0: 0x80001080 (0x01e1f5b3) and     a1, gp, t5
core   0: 3 0x80001080 (0x01e1f5b3) x11 0x45274110
core   0: 0x80001084 (0x01f55f93) srli    t6, a0, 31
core   0: 3 0x80001084 (0x01f55f93) x31 0x00000000
core   0: 0x80001088 (0x0074eb33) or      s6, s1, t2
core   0: 3 0x80001088 (0x0074eb33) x22 0x80014e64
core   0: 0x8000108c (0x01e59733) sll     a4, a1, t5
core   0: 3 0x8000108c (0x01e59733) x14 0x04400000
core   0: 0x80001090 (0x2ac40c13) addi    s8, s0, 684
core   0: 3 0x80001090 (0x2ac40c13) x24 0x000002ab
core   0: 0x80001094 (0xc48a2913) slti    s2, s4, -952
core   0: 3 0x80001094 (0xc48a2913) x18 0x00000001
core   0: 0x80001098 (0x01059313) slli    t1, a1, 16
core   0: 3 0x80001098 (0x01059313) x 6 0x41100000
core   0: 0x8000109c (0x03fd2633) mulhsu  a2, s10, t6
core   0: 3 0x8000109c (0x03fd2633) x12 0x00000000
core   0: 0x800010a0 (0x5e234293) xori    t0, t1, 1506
core   0: 3 0x800010a0 (0x5e234293) x 5 0x411005e2
core   0: 0x800010a4 (0x019b3433) sltu    s0, s6, s9
core   0: 3 0x800010a4 (0x019b3433) x 8 0x00000000
core   0: 0x800010a8 (0x003b93b3) sll     t2, s7, gp
core   0: 3 0x800010a8 (0x003b93b3) x 7 0x62040000
core   0: 0x800010ac (0x0f69ee13) ori     t3, s3, 246
core   0: 3 0x800010ac (0x0f69ee13) x28 0x000000f6
core   0: 0x800010b0 (0x414adf33) sra     t5, s5, s4
core   0: 3 0x800010b0 (0x414adf33) x30 0x00000000
core   0: 0x800010b4 (0x9ff68893) addi    a7, a3, -1537
core   0: 3 0x800010b4 (0x9ff68893) x17 0x377769ff
core   0: 0x800010b8 (0xad51b313) sltiu   t1, gp, -1323
core   0: 3 0x800010b8 (0xad51b313) x 6 0x00000001
core   0: 0x800010bc (0x000e2333) slt     t1, t3, zero
core   0: 3 0x800010bc (0x000e2333) x 6 0x00000000
core   0: 0x800010c0 (0x410dd293) srai    t0, s11, 16
core   0: 3 0x800010c0 (0x410dd293) x 5 0x00000000
core   0: 0x800010c4 (0x01c00e33) add     t3, zero, t3
core   0: 3 0x800010c4 (0x01c00e33) x28 0x000000f6
core   0: 0x800010c8 (0x01bbe6b3) or      a3, s7, s11
core   0: 3 0x800010c8 (0x01bbe6b3) x13 0x10003102
core   0: 0x800010cc (0x01fedc93) srli    s9, t4, 31
core   0: 3 0x800010cc (0x01fedc93) x25 0x00000000
core   0: 0x800010d0 (0x03532033) mulhsu  zero, t1, s5
core   0: 3 0x800010d0 (0x03532033)
core   0: 0x800010d4 (0x03ea65b3) rem     a1, s4, t5
core   0: 3 0x800010d4 (0x03ea65b3) x11 0xbad8bc85
core   0: 0x800010d8 (0x039da7b3) mulhsu  a5, s11, s9
core   0: 3 0x800010d8 (0x039da7b3) x15 0x00000000
core   0: 0x800010dc (0x029645b3) div     a1, a2, s1
core   0: 3 0x800010dc (0x029645b3) x11 0x00000000
core   0: 0x800010e0 (0xd1632c93) slti    s9, t1, -746
core   0: 3 0x800010e0 (0xd1632c93) x25 0x00000000
core   0: 0x800010e4 (0x03c51433) mulh    s0, a0, t3
core   0: 3 0x800010e4 (0x03c51433) x 8 0x00000000
core   0: 0x800010e8 (0x001888b3) add     a7, a7, ra
core   0: 3 0x800010e8 (0x001888b3) x17 0x377769ff
core   0: 0x800010ec (0x199d4413) xori    s0, s10, 409
core   0: 3 0x800010ec (0x199d4413) x 8 0x4b12a6cd
core   0: 0x800010f0 (0x206a3e93) sltiu   t4, s4, 518
core   0: 3 0x800010f0 (0x206a3e93) x29 0x00000000
core   0: 0x800010f4 (0x016b28b3) slt     a7, s6, s6
core   0: 3 0x800010f4 (0x016b28b3) x17 0x00000000
core   0: 0x800010f8 (0x429ce093) ori     ra, s9, 1065
core   0: 3 0x800010f8 (0x429ce093) x 1 0x00000429
core   0: 0x800010fc (0x004fbc33) sltu    s8, t6, tp
core   0: 3 0x800010fc (0x004fbc33) x24 0x00000001
core   0: 0x80001100 (0x42c34093) xori    ra, t1, 1068
core   0: 3 0x80001100 (0x42c34093) x 1 0x0000042c
core   0: 0x80001104 (0x01764433) xor     s0, a2, s7
core   0: 3 0x80001104 (0x01764433) x 8 0x10003102
core   0: 0x80001108 (0x023de733) rem     a4, s11, gp
core   0: 3 0x80001108 (0x023de733) x14 0x00000000
core   0: 0x8000110c (0x01a8c8b3) xor     a7, a7, s10
core   0: 3 0x8000110c (0x01a8c8b3) x17 0x4b12a754
core   0: 0x80001110 (0x0195b433) sltu    s0, a1, s9
core   0: 3 0x80001110 (0x0195b433) x 8 0x00000000
core   0: 0x80001114 (0x02714033) div     zero, sp, t2
core   0: 3 0x80001114 (0x02714033)
core   0: 0x80001118 (0x41fdd513) srai    a0, s11, 31
core   0: 3 0x80001118 (0x41fdd513) x10 0x00000000
core   0: 0x8000111c (0x02151b33) mulh    s6, a0, ra
core   0: 3 0x8000111c (0x02151b33) x22 0x00000000
core   0: 0x80001120 (0x02c6efb3) rem     t6, a3, a2
core   0: 3 0x80001120 (0x02c6efb3) x31 0x10003102
core   0: 0x80001124 (0x8fdd6013) ori     zero, s10, -1795
core   0: 3 0x80001124 (0x8fdd6013)
core   0: 0x80001128 (0x30663013) sltiu   zero, a2, 774
core   0: 3 0x80001128 (0x30663013)
core   0: 0x8000112c (0x40c45413) srai    s0, s0, 12
core   0: 3 0x8000112c (0x40c45413) x 8 0x00000000
core   0: 0x80001130 (0x00000013) nop
core   0: 3 0x80001130 (0x00000013)
core   0: 0x80001134 (0x285e2113) slti    sp, t3, 645
core   0: 3 0x80001134 (0x285e2113) x 2 0x00000001
core   0: 0x80001138 (0xbd03b917) auipc   s2, 0xbd03b
core   0: 3 0x80001138 (0xbd03b917) x18 0x3d03c138
core   0: 0x8000113c (0xd5814993) xori    s3, sp, -680
core   0: 3 0x8000113c (0xd5814993) x19 0xfffffd59
core   0: 0x80001140 (0x00637233) and     tp, t1, t1
core   0: 3 0x80001140 (0x00637233) x 4 0x00000000
core   0: 0x80001144 (0x01c1c233) xor     tp, gp, t3
core   0: 3 0x80001144 (0x01c1c233) x 4 0xfffff9c7
core   0: 0x80001148 (0xa3833293) sltiu   t0, t1, -1480
core   0: 3 0x80001148 (0xa3833293) x 5 0x00000001
core   0: 0x8000114c (0x00000013) nop
core   0: 3 0x8000114c (0x00000013)
core   0: 0x80001150 (0x82ab1eb7) lui     t4, 0x82ab1
core   0: 3 0x80001150 (0x82ab1eb7) x29 0x82ab1000
core   0: 0x80001154 (0xe169a413) slti    s0, s3, -490
core   0: 3 0x80001154 (0xe169a413) x 8 0x00000001
core   0: 0x80001158 (0x4056d013) srai    zero, a3, 5
core   0: 3 0x80001158 (0x4056d013)
core   0: 0x8000115c (0xfe0e1037) lui     zero, 0xfe0e1
core   0: 3 0x8000115c (0xfe0e1037)
core   0: 0x80001160 (0x41e95893) srai    a7, s2, 30
core   0: 3 0x80001160 (0x41e95893) x17 0x00000000
core   0: 0x80001164 (0x00c67b33) and     s6, a2, a2
core   0: 3 0x80001164 (0x00c67b33) x22 0x00000000
core   0: 0x80001168 (0xb4f342b7) lui     t0, 0xb4f34
core   0: 3 0x80001168 (0xb4f342b7) x 5 0xb4f34000
core   0: 0x8000116c (0x00e72eb3) slt     t4, a4, a4
core   0: 3 0x8000116c (0x00e72eb3) x29 0x00000000
core   0: 0x80001170 (0x010387b3) add     a5, t2, a6
core   0: 3 0x80001170 (0x010387b3) x15 0xe2058ce4
core   0: 0x80001174 (0x726853b7) lui     t2, 0x72685
core   0: 3 0x80001174 (0x726853b7) x 7 0x72685000
core   0: 0x80001178 (0x01688133) add     sp, a7, s6
core   0: 3 0x80001178 (0x01688133) x 2 0x00000000
core   0: 0x8000117c (0x97747993) andi    s3, s0, -1673
core   0: 3 0x8000117c (0x97747993) x19 0x00000001
core   0: 0x80001180 (0x006d9db3) sll     s11, s11, t1
core   0: 3 0x80001180 (0x006d9db3) x27 0x00000000
core   0: 0x80001184 (0x00d57db3) and     s11, a0, a3
core   0: 3 0x80001184 (0x00d57db3) x27 0x00000000
core   0: 0x80001188 (0x00000013) nop
core   0: 3 0x80001188 (0x00000013)
core   0: 0x8000118c (0x02cadab3) divu    s5, s5, a2
core   0: 3 0x8000118c (0x02cadab3) x21 0xffffffff
core   0: 0x80001190 (0x41090233) sub     tp, s2, a6
core   0: 3 0x80001190 (0x41090233) x 4 0xbd023454
core   0: 0x80001194 (0x40edd433) sra     s0, s11, a4
core   0: 3 0x80001194 (0x40edd433) x 8 0x00000000
core   0: 0x80001198 (0xc231b517) auipc   a0, 0xc231b
core   0: 3 0x80001198 (0xc231b517) x10 0x4231c198
core   0: 0x8000119c (0x01d3cb33) xor     s6, t2, t4
core   0: 3 0x8000119c (0x01d3cb33) x22 0x72685000
core   0: 0x800011a0 (0x0022d013) srli    zero, t0, 2
core   0: 3 0x800011a0 (0x0022d013)
core   0: 0x800011a4 (0x01a507b3) add     a5, a0, s10
core   0: 3 0x800011a4 (0x01a507b3) x15 0x8d4468ec
core   0: 0x800011a8 (0x430c0f93) addi    t6, s8, 1072
core   0: 3 0x800011a8 (0x430c0f93) x31 0x00000431
core   0: 0x800011ac (0x006fd5b3) srl     a1, t6, t1
core   0: 3 0x800011ac (0x006fd5b3) x11 0x00000431
core   0: 0x800011b0 (0x00d7eab3) or      s5, a5, a3
core   0: 3 0x800011b0 (0x00d7eab3) x21 0x9d4479ee
core   0: 0x800011b4 (0x87d48593) addi    a1, s1, -1923
core   0: 3 0x800011b4 (0x87d48593) x11 0x800146e1
core   0: 0x800011b8 (0x039c9cb3) mulh    s9, s9, s9
core   0: 3 0x800011b8 (0x039c9cb3) x25 0x00000000
core   0: 0x800011bc (0x00000013) nop
core   0: 3 0x800011bc (0x00000013)
core   0: 0x800011c0 (0x015540b3) xor     ra, a0, s5
core   0: 3 0x800011c0 (0x015540b3) x 1 0xdf75b876
core   0: 0x800011c4 (0x00000013) nop
core   0: 3 0x800011c4 (0x00000013)
core   0: 0x800011c8 (0x00695b33) srl     s6, s2, t1
core   0: 3 0x800011c8 (0x00695b33) x22 0x3d03c138
core   0: 0x800011cc (0x00f35393) srli    t2, t1, 15
core   0: 3 0x800011cc (0x00f35393) x 7 0x00000000
core   0: 0x800011d0 (0x015489b3) add     s3, s1, s5
core   0: 3 0x800011d0 (0x015489b3) x19 0x1d45c852
core   0: 0x800011d4 (0x5a27be17) auipc   t3, 0x5a27b
core   0: 3 0x800011d4 (0x5a27be17) x28 0xda27c1d4
core   0: 0x800011d8 (0x03470533) mul     a0, a4, s4
core   0: 3 0x800011d8 (0x03470533) x10 0x00000000
core   0: 0x800011dc (0x4120d993) srai    s3, ra, 18
core   0: 3 0x800011dc (0x4120d993) x19 0xfffff7dd
core   0: 0x800011e0 (0x417050b3) sra     ra, zero, s7
core   0: 3 0x800011e0 (0x417050b3) x 1 0x00000000
core   0: 0x800011e4 (0x0a11f613) andi    a2, gp, 161
core   0: 3 0x800011e4 (0x0a11f613) x12 0x00000021
core   0: 0x800011e8 (0xc59ec413) xori    s0, t4, -935
core   0: 3 0x800011e8 (0xc59ec413) x 8 0xfffffc59
core   0: 0x800011ec (0x01118333) add     t1, gp, a7
core   0: 3 0x800011ec (0x01118333) x 6 0xfffff931
core   0: 0x800011f0 (0x02ee82b3) mul     t0, t4, a4
core   0: 3 0x800011f0 (0x02ee82b3) x 5 0x00000000
core   0: 0x800011f4 (0xf1eb0c93) addi    s9, s6, -226
core   0: 3 0x800011f4 (0xf1eb0c93) x25 0x3d03c056
core   0: 0x800011f8 (0x8d482593) slti    a1, a6, -1836
core   0: 3 0x800011f8 (0x8d482593) x11 0x00000001
core   0: 0x800011fc (0x6ab01bb7) lui     s7, 0x6ab01
core   0: 3 0x800011fc (0x6ab01bb7) x23 0x6ab01000
core   0: 0x80001200 (0x64cc1937) lui     s2, 0x64cc1
core   0: 3 0x80001200 (0x64cc1937) x18 0x64cc1000
core   0: 0x80001204 (0x409b5f13) srai    t5, s6, 9
core   0: 3 0x80001204 (0x409b5f13) x30 0x001e81e0
core   0: 0x80001208 (0xfe0fab93) slti    s7, t6, -32
core   0: 3 0x80001208 (0xfe0fab93) x23 0x00000000
core   0: 0x8000120c (0x013c8933) add     s2, s9, s3
core   0: 3 0x8000120c (0x013c8933) x18 0x3d03b833
core   0: 0x80001210 (0x02712633) mulhsu  a2, sp, t2
core   0: 3 0x80001210 (0x02712633) x12 0x00000000
core   0: 0x80001214 (0x00000013) nop
core   0: 3 0x80001214 (0x00000013)
core   0: 0x80001218 (0x03d1a2b3) mulhsu  t0, gp, t4
core   0: 3 0x80001218 (0x03d1a2b3) x 5 0x00000000
core   0: 0x8000121c (0x40cad413) srai    s0, s5, 12
core   0: 3 0x8000121c (0x40cad413) x 8 0xfff9d447
core   0: 0x80001220 (0x8b628393) addi    t2, t0, -1866
core   0: 3 0x80001220 (0x8b628393) x 7 0xfffff8b6
core   0: 0x80001224 (0x00000013) nop
core   0: 3 0x80001224 (0x00000013)
core   0: 0x80001228 (0x027b3b97) auipc   s7, 0x27b3
core   0: 3 0x80001228 (0x027b3b97) x23 0x827b4228
core   0: 0x8000122c (0x015cd233) srl     tp, s9, s5
core   0: 3 0x8000122c (0x015cd233) x 4 0x0000f40f
core   0: 0x80001230 (0x4a55c213) xori    tp, a1, 1189
core   0: 3 0x80001230 (0x4a55c213) x 4 0x000004a4
core   0: 0x80001234 (0x0092f2b3) and     t0, t0, s1
core   0: 3 0x80001234 (0x0092f2b3) x 5 0x00000000
core   0: 0x80001238 (0x412bd413) srai    s0, s7, 18
core   0: 3 0x80001238 (0x412bd413) x 8 0xffffe09e
core   0: 0x8000123c (0x03a74f33) div     t5, a4, s10
core   0: 3 0x8000123c (0x03a74f33) x30 0x00000000
core   0: 0x80001240 (0x416dd413) srai    s0, s11, 22
core   0: 3 0x80001240 (0x416dd413) x 8 0x00000000
core   0: 0x80001244 (0x03de73b3) remu    t2, t3, t4
core   0: 3 0x80001244 (0x03de73b3) x 7 0xda27c1d4
core   0: 0x80001248 (0x00000013) nop
core   0: 3 0x80001248 (0x00000013)
core   0: 0x8000124c (0x95b2ae93) slti    t4, t0, -1701
core   0: 3 0x8000124c (0x95b2ae93) x29 0x00000000
core   0: 0x80001250 (0x03a36cb3) rem     s9, t1, s10
core   0: 3 0x80001250 (0x03a36cb3) x25 0xfffff931
core   0: 0x80001254 (0x0001dc33) srl     s8, gp, zero
core   0: 3 0x80001254 (0x0001dc33) x24 0xfffff931
core   0: 0x80001258 (0x001cd533) srl     a0, s9, ra
core   0: 3 0x80001258 (0x001cd533) x10 0xfffff931
core   0: 0x8000125c (0x013365b3) or      a1, t1, s3
core   0: 3 0x8000125c (0x013365b3) x11 0xfffffffd
core   0: 0x80001260 (0x02e67093) andi    ra, a2, 46
core   0: 3 0x80001260 (0x02e67093) x 1 0x00000000
core   0: 0x80001264 (0x65b9c993) xori    s3, s3, 1627
core   0: 3 0x80001264 (0x65b9c993) x19 0xfffff186
core   0: 0x80001268 (0x007dd213) srli    tp, s11, 7
core   0: 3 0x80001268 (0x007dd213) x 4 0x00000000
core   0: 0x8000126c (0x04c93b97) auipc   s7, 0x4c93
core   0: 3 0x8000126c (0x04c93b97) x23 0x84c9426c
core   0: 0x80001270 (0x772a8013) addi    zero, s5, 1906
core   0: 3 0x80001270 (0x772a8013)
core   0: 0x80001274 (0x0264d233) divu    tp, s1, t1
core   0: 3 0x80001274 (0x0264d233) x 4 0x00000000
core   0: 0x80001278 (0xdff62593) slti    a1, a2, -513
core   0: 3 0x80001278 (0xdff62593) x11 0x00000000
core   0: 0x8000127c (0x959ca117) auipc   sp, 0x959ca
core   0: 3 0x8000127c (0x959ca117) x 2 0x159cb27c
core   0: 0x80001280 (0xb9af6613) ori     a2, t5, -1126
core   0: 3 0x80001280 (0xb9af6613) x12 0xfffffb9a
core   0: 0x80001284 (0x4199db33) sra     s6, s3, s9
core   0: 3 0x80001284 (0x4199db33) x22 0xffffffff
core   0: 0x80001288 (0x03e86b33) rem     s6, a6, t5
core   0: 3 0x80001288 (0x03e86b33) x22 0x80018ce4
core   0: 0x8000128c (0x3e040093) addi    ra, s0, 992
core   0: 3 0x8000128c (0x3e040093) x 1 0x000003e0
core   0: 0x80001290 (0x03e20c33) mul     s8, tp, t5
core   0: 3 0x80001290 (0x03e20c33) x24 0x00000000
core   0: 0x80001294 (0x00afe2b3) or      t0, t6, a0
core   0: 3 0x80001294 (0x00afe2b3) x 5 0xfffffd31
core   0: 0x80001298 (0x6fa26f13) ori     t5, tp, 1786
core   0: 3 0x80001298 (0x6fa26f13) x30 0x000006fa
core   0: 0x8000129c (0x02cbb6b3) mulhu   a3, s7, a2
core   0: 3 0x8000129c (0x02cbb6b3) x13 0x84c94023
core   0: 0x800012a0 (0x4e436c13) ori     s8, t1, 1252
core   0: 3 0x800012a0 (0x4e436c13) x24 0xfffffdf5
core   0: 0x800012a4 (0x00f17533) and     a0, sp, a5
core   0: 3 0x800012a4 (0x00f17533) x10 0x0504206c
core   0: 0x800012a8 (0x01e1d693) srli    a3, gp, 30
core   0: 3 0x800012a8 (0x01e1d693) x13 0x00000003
core   0: 0x800012ac (0x002902b3) add     t0, s2, sp
core   0: 3 0x800012ac (0x002902b3) x 5 0x52a06aaf
core   0: 0x800012b0 (0x032b9b33) mulh    s6, s7, s2
core   0: 3 0x800012b0 (0x032b9b33) x22 0xe2a22a87
core   0: 0x800012b4 (0x0279ecb3) rem     s9, s3, t2
core   0: 3 0x800012b4 (0x0279ecb3) x25 0xfffff186
core   0: 0x800012b8 (0x4043d213) srai    tp, t2, 4
core   0: 3 0x800012b8 (0x4043d213) x 4 0xfda27c1d
core   0: 0x800012bc (0xa6e92993) slti    s3, s2, -1426
core   0: 3 0x800012bc (0xa6e92993) x19 0x00000000
core   0: 0x800012c0 (0x0230a933) mulhsu  s2, ra, gp
core   0: 3 0x800012c0 (0x0230a933) x18 0x000003df
core   0: 0x800012c4 (0x1c36bf93) sltiu   t6, a3, 451
core   0: 3 0x800012c4 (0x1c36bf93) x31 0x00000001
core   0: 0x800012c8 (0xc71d6c17) auipc   s8, 0xc71d6
core   0: 3 0x800012c8 (0xc71d6c17) x24 0x471d72c8
core   0: 0x800012cc (0x00559d33) sll     s10, a1, t0
core   0: 3 0x800012cc (0x00559d33) x26 0x00000000
core   0: 0x800012d0 (0x013e40b3) xor     ra, t3, s3
core   0: 3 0x800012d0 (0x013e40b3) x 1 0xda27c1d4
core   0: 0x800012d4 (0x01a4a433) slt     s0, s1, s10
core   0: 3 0x800012d4 (0x01a4a433) x 8 0x00000001
core   0: 0x800012d8 (0x110c3c13) sltiu   s8, s8, 272
core   0: 3 0x800012d8 (0x110c3c13) x24 0x00000000
core   0: 0x800012dc (0x03607c33) remu    s8, zero, s6
core   0: 3 0x800012dc (0x03607c33) x24 0x00000000
core   0: 0x800012e0 (0x03043533) mulhu   a0, s0, a6
core   0: 3 0x800012e0 (0x03043533) x10 0x00000000
core   0: 0x800012e4 (0x03b19233) mulh    tp, gp, s11
core   0: 3 0x800012e4 (0x03b19233) x 4 0x00000000
core   0: 0x800012e8 (0x018cafb3) slt     t6, s9, s8
core   0: 3 0x800012e8 (0x018cafb3) x31 0x00000001
core   0: 0x800012ec (0x413fd933) sra     s2, t6, s3
core   0: 3 0x800012ec (0x413fd933) x18 0x00000001
core   0: 0x800012f0 (0x019e88b3) add     a7, t4, s9
core   0: 3 0x800012f0 (0x019e88b3) x17 0xfffff186
core   0: 0x800012f4 (0x00a1d533) srl     a0, gp, a0
core   0: 3 0x800012f4 (0x00a1d533) x10 0xfffff931
core   0: 0x800012f8 (0x000d8433) add     s0, s11, zero
core   0: 3 0x800012f8 (0x000d8433) x 8 0x00000000
core   0: 0x800012fc (0x001f7033) and     zero, t5, ra
core   0: 3 0x800012fc (0x001f7033)
core   0: 0x80001300 (0x01ffac33) slt     s8, t6, t6
core   0: 3 0x80001300 (0x01ffac33) x24 0x00000000
core   0: 0x80001304 (0x0317df33) divu    t5, a5, a7
core   0: 3 0x80001304 (0x0317df33) x30 0x00000000
core   0: 0x80001308 (0x015ac6b3) xor     a3, s5, s5
core   0: 3 0x80001308 (0x015ac6b3) x13 0x00000000
core   0: 0x8000130c (0x40ab59b3) sra     s3, s6, a0
core   0: 3 0x8000130c (0x40ab59b3) x19 0xfffff151
core   0: 0x80001310 (0x0122b3b3) sltu    t2, t0, s2
core   0: 3 0x80001310 (0x0122b3b3) x 7 0x00000000
core   0: 0x80001314 (0x00d392b3) sll     t0, t2, a3
core   0: 3 0x80001314 (0x00d392b3) x 5 0x00000000
core   0: 0x80001318 (0x00e24333) xor     t1, tp, a4
core   0: 3 0x80001318 (0x00e24333) x 6 0x00000000
core   0: 0x8000131c (0x01623033) sltu    zero, tp, s6
core   0: 3 0x8000131c (0x01623033)
core   0: 0x80001320 (0xb32aba93) sltiu   s5, s5, -1230
core   0: 3 0x80001320 (0xb32aba93) x21 0x00000001
core   0: 0x80001324 (0x0092aeb3) slt     t4, t0, s1
core   0: 3 0x80001324 (0x0092aeb3) x29 0x00000000
core   0: 0x80001328 (0x011c1b33) sll     s6, s8, a7
core   0: 3 0x80001328 (0x011c1b33) x22 0x00000000
core   0: 0x8000132c (0x16dd7a93) andi    s5, s10, 365
core   0: 3 0x8000132c (0x16dd7a93) x21 0x00000000
core   0: 0x80001330 (0x01185f13) srli    t5, a6, 17
core   0: 3 0x80001330 (0x01185f13) x30 0x00004000
core   0: 0x80001334 (0x41875913) srai    s2, a4, 24
core   0: 3 0x80001334 (0x41875913) x18 0x00000000
core   0: 0x80001338 (0x27f4a413) slti    s0, s1, 639
core   0: 3 0x80001338 (0x27f4a413) x 8 0x00000001
core   0: 0x8000133c (0x1b9d8013) addi    zero, s11, 441
core   0: 3 0x8000133c (0x1b9d8013)
core   0: 0x80001340 (0x40f48d33) sub     s10, s1, a5
core   0: 3 0x80001340 (0x40f48d33) x26 0xf2bce578
core   0: 0x80001344 (0xdf2681b7) lui     gp, 0xdf268
core   0: 3 0x80001344 (0xdf2681b7) x 3 0xdf268000
core   0: 0x80001348 (0x411add93) srai    s11, s5, 17
core   0: 3 0x80001348 (0x411add93) x27 0x00000000
core   0: 0x8000134c (0x00000013) nop
core   0: 3 0x8000134c (0x00000013)
core   0: 0x80001350 (0xf81f0213) addi    tp, t5, -127
core   0: 3 0x80001350 (0xf81f0213) x 4 0x00003f81
core   0: 0x80001354 (0x00ae5c33) srl     s8, t3, a0
core   0: 3 0x80001354 (0x00ae5c33) x24 0x00006d13
core   0: 0x80001358 (0x40338c33) sub     s8, t2, gp
core   0: 3 0x80001358 (0x40338c33) x24 0x20d98000
core   0: 0x8000135c (0x02d36fb3) rem     t6, t1, a3
core   0: 3 0x8000135c (0x02d36fb3) x31 0x00000000
core   0: 0x80001360 (0x00000013) nop
core   0: 3 0x80001360 (0x00000013)
core   0: 0x80001364 (0x4093d0b3) sra     ra, t2, s1
core   0: 3 0x80001364 (0x4093d0b3) x 1 0x00000000
core   0: 0x80001368 (0x6e7ebb37) lui     s6, 0x6e7eb
core   0: 3 0x80001368 (0x6e7ebb37) x22 0x6e7eb000
core   0: 0x8000136c (0x41ef8eb3) sub     t4, t6, t5
core   0: 3 0x8000136c (0x41ef8eb3) x29 0xffffc000
core   0: 0x80001370 (0x40070bb3) sub     s7, a4, zero
core   0: 3 0x80001370 (0x40070bb3) x23 0x00000000
core   0: 0x80001374 (0x02d523b3) mulhsu  t2, a0, a3
core   0: 3 0x80001374 (0x02d523b3) x 7 0x00000000
core   0: 0x80001378 (0x028dd1b3) divu    gp, s11, s0
core   0: 3 0x80001378 (0x028dd1b3) x 3 0x00000000
core   0: 0x8000137c (0x281bac97) auipc   s9, 0x281ba
core   0: 3 0x8000137c (0x281bac97) x25 0xa81bb37c
core   0: 0x80001380 (0x0149e733) or      a4, s3, s4
core   0: 3 0x80001380 (0x0149e733) x14 0xfffffdd5
core   0: 0x80001384 (0x0353beb3) mulhu   t4, t2, s5
core   0: 3 0x80001384 (0x0353beb3) x29 0x00000000
core   0: 0x80001388 (0x41988533) sub     a0, a7, s9
core   0: 3 0x80001388 (0x41988533) x10 0x57e43e0a
core   0: 0x8000138c (0x41285f13) srai    t5, a6, 18
core   0: 3 0x8000138c (0x41285f13) x30 0xffffe000
core   0: 0x80001390 (0xf0ecb113) sltiu   sp, s9, -242
core   0: 3 0x80001390 (0xf0ecb113) x 2 0x00000001
core   0: 0x80001394 (0x01395713) srli    a4, s2, 19
core   0: 3 0x80001394 (0x01395713) x14 0x00000000
core   0: 0x80001398 (0x031e5f33) divu    t5, t3, a7
core   0: 3 0x80001398 (0x031e5f33) x30 0x00000000
core   0: 0x8000139c (0x405f5d93) srai    s11, t5, 5
core   0: 3 0x8000139c (0x405f5d93) x27 0x00000000
core   0: 0x800013a0 (0x03033f33) mulhu   t5, t1, a6
core   0: 3 0x800013a0 (0x03033f33) x30 0x00000000
core   0: 0x800013a4 (0x0103d233) srl     tp, t2, a6
core   0: 3 0x800013a4 (0x0103d233) x 4 0x00000000
core   0: 0x800013a8 (0x00c0deb3) srl     t4, ra, a2
core   0: 3 0x800013a8 (0x00c0deb3) x29 0x00000000
core   0: 0x800013ac (0x0322ae33) mulhsu  t3, t0, s2
core   0: 3 0x800013ac (0x0322ae33) x28 0x00000000
core   0: 0x800013b0 (0xfc21c293) xori    t0, gp, -62
core   0: 3 0x800013b0 (0xfc21c293) x 5 0xffffffc2
core   0: 0x800013b4 (0x56ae8293) addi    t0, t4, 1386
core   0: 3 0x800013b4 (0x56ae8293) x 5 0x0000056a
core   0: 0x800013b8 (0x032e1033) mulh    zero, t3, s2
core   0: 3 0x800013b8 (0x032e1033)
core   0: 0x800013bc (0x0c14f993) andi    s3, s1, 193
core   0: 3 0x800013bc (0x0c14f993) x19 0x00000040
core   0: 0x800013c0 (0x4fc74913) xori    s2, a4, 1276
core   0: 3 0x800013c0 (0x4fc74913) x18 0x000004fc
core   0: 0x800013c4 (0x0366b6b3) mulhu   a3, a3, s6
core   0: 3 0x800013c4 (0x0366b6b3) x13 0x00000000
core   0: 0x800013c8 (0x81bbb413) sltiu   s0, s7, -2021
core   0: 3 0x800013c8 (0x81bbb413) x 8 0x00000001
core   0: 0x800013cc (0x009e4bb3) xor     s7, t3, s1
core   0: 3 0x800013cc (0x009e4bb3) x23 0x80014e64
core   0: 0x800013d0 (0x027759b3) divu    s3, a4, t2
core   0: 3 0x800013d0 (0x027759b3) x19 0xffffffff
core   0: 0x800013d4 (0xb7e8b097) auipc   ra, 0xb7e8b
core   0: 3 0x800013d4 (0xb7e8b097) x 1 0x37e8c3d4
core   0: 0x800013d8 (0x40565d93) srai    s11, a2, 5
core   0: 3 0x800013d8 (0x40565d93) x27 0xffffffdc
core   0: 0x800013dc (0x40008fb3) sub     t6, ra, zero
core   0: 3 0x800013dc (0x40008fb3) x31 0x37e8c3d4
core   0: 0x800013e0 (0xf931c637) lui     a2, 0xf931c
core   0: 3 0x800013e0 (0xf931c637) x12 0xf931c000
core   0: 0x800013e4 (0x2b450013) addi    zero, a0, 692
core   0: 3 0x800013e4 (0x2b450013)
core   0: 0x800013e8 (0x1b0ca913) slti    s2, s9, 432
core   0: 3 0x800013e8 (0x1b0ca913) x18 0x00000001
core   0: 0x800013ec (0x402dd693) srai    a3, s11, 2
core   0: 3 0x800013ec (0x402dd693) x13 0xfffffff7
core   0: 0x800013f0 (0x022159b3) divu    s3, sp, sp
core   0: 3 0x800013f0 (0x022159b3) x19 0x00000001
core   0: 0x800013f4 (0x35ed4d93) xori    s11, s10, 862
core   0: 3 0x800013f4 (0x35ed4d93) x27 0xf2bce626
core   0: 0x800013f8 (0x02baeab3) rem     s5, s5, a1
core   0: 3 0x800013f8 (0x02baeab3) x21 0x00000000
core   0: 0x800013fc (0x01c048b3) xor     a7, zero, t3
core   0: 3 0x800013fc (0x01c048b3) x17 0x00000000
core   0: 0x80001400 (0x00d3f933) and     s2, t2, a3
core   0: 3 0x80001400 (0x00d3f933) x18 0x00000000
core   0: 0x80001404 (0x01fa5b13) srli    s6, s4, 31
core   0: 3 0x80001404 (0x01fa5b13) x22 0x00000001
core   0: 0x80001408 (0x00b69313) slli    t1, a3, 11
core   0: 3 0x80001408 (0x00b69313) x 6 0xffffb800
core   0: 0x8000140c (0x0321bbb3) mulhu   s7, gp, s2
core   0: 3 0x8000140c (0x0321bbb3) x23 0x00000000
core   0: 0x80001410 (0x1861ea93) ori     s5, gp, 390
core   0: 3 0x80001410 (0x1861ea93) x21 0x00000186
core   0: 0x80001414 (0x03dc8bb3) mul     s7, s9, t4
core   0: 3 0x80001414 (0x03dc8bb3) x23 0x00000000
core   0: 0x80001418 (0x00513333) sltu    t1, sp, t0
core   0: 3 0x80001418 (0x00513333) x 6 0x00000001
core   0: 0x8000141c (0x018b3fb3) sltu    t6, s6, s8
core   0: 3 0x8000141c (0x018b3fb3) x31 0x00000001
core   0: 0x80001420 (0x85cb7b37) lui     s6, 0x85cb7
core   0: 3 0x80001420 (0x85cb7b37) x22 0x85cb7000
core   0: 0x80001424 (0x29d60113) addi    sp, a2, 669
core   0: 3 0x80001424 (0x29d60113) x 2 0xf931c29d
core   0: 0x80001428 (0x00d01ab3) sll     s5, zero, a3
core   0: 3 0x80001428 (0x00d01ab3) x21 0x00000000
core   0: 0x8000142c (0x025a2133) mulhsu  sp, s4, t0
core   0: 3 0x8000142c (0x025a2133) x 2 0xfffffe89
core   0: 0x80001430 (0x01f1ac33) slt     s8, gp, t6
core   0: 3 0x80001430 (0x01f1ac33) x24 0x00000001
core   0: 0x80001434 (0x01677f33) and     t5, a4, s6
core   0: 3 0x80001434 (0x01677f33) x30 0x00000000
core   0: 0x80001438 (0x005c5633) srl     a2, s8, t0
core   0: 3 0x80001438 (0x005c5633) x12 0x00000000
core   0: 0x8000143c (0x029ba2b3) mulhsu  t0, s7, s1
core   0: 3 0x8000143c (0x029ba2b3) x 5 0x00000000
core   0: 0x80001440 (0x41a75e93) srai    t4, a4, 26
core   0: 3 0x80001440 (0x41a75e93) x29 0x00000000
core   0: 0x80001444 (0x038e1633) mulh    a2, t3, s8
core   0: 3 0x80001444 (0x038e1633) x12 0x00000000
core   0: 0x80001448 (0x02b2d033) divu    zero, t0, a1
core   0: 3 0x80001448 (0x02b2d033)
core   0: 0x8000144c (0x008cc7b3) xor     a5, s9, s0
core   0: 3 0x8000144c (0x008cc7b3) x15 0xa81bb37d
core   0: 0x80001450 (0x9c062513) slti    a0, a2, -1600
core   0: 3 0x80001450 (0x9c062513) x10 0x00000000
core   0: 0x80001454 (0x012d6633) or      a2, s10, s2
core   0: 3 0x80001454 (0x012d6633) x12 0xf2bce578
core   0: 0x80001458 (0xec4ec993) xori    s3, t4, -316
core   0: 3 0x80001458 (0xec4ec993) x19 0xfffffec4
core   0: 0x8000145c (0x01e053b3) srl     t2, zero, t5
core   0: 3 0x8000145c (0x01e053b3) x 7 0x00000000
core   0: 0x80001460 (0x01075433) srl     s0, a4, a6
core   0: 3 0x80001460 (0x01075433) x 8 0x00000000
core   0: 0x80001464 (0x02f51bb3) mulh    s7, a0, a5
core   0: 3 0x80001464 (0x02f51bb3) x23 0x00000000
core   0: 0x80001468 (0x71e60093) addi    ra, a2, 1822
core   0: 3 0x80001468 (0x71e60093) x 1 0xf2bcec96
core   0: 0x8000146c (0x03c7aeb3) mulhsu  t4, a5, t3
core   0: 3 0x8000146c (0x03c7aeb3) x29 0x00000000
core   0: 0x80001470 (0x034b23b3) mulhsu  t2, s6, s4
core   0: 3 0x80001470 (0x034b23b3) x 7 0xa6ce5908
core   0: 0x80001474 (0x413e81b3) sub     gp, t4, s3
core   0: 3 0x80001474 (0x413e81b3) x 3 0x0000013c
core   0: 0x80001478 (0x010aefb3) or      t6, s5, a6
core   0: 3 0x80001478 (0x010aefb3) x31 0x80018ce4
core   0: 0x8000147c (0x01da5e13) srli    t3, s4, 29
core   0: 3 0x8000147c (0x01da5e13) x28 0x00000005
core   0: 0x80001480 (0x6e5788b7) lui     a7, 0x6e578
core   0: 3 0x80001480 (0x6e5788b7) x17 0x6e578000
core   0: 0x80001484 (0x013e1e13) slli    t3, t3, 19
core   0: 3 0x80001484 (0x013e1e13) x28 0x00280000
core   0: 0x80001488 (0x4105d433) sra     s0, a1, a6
core   0: 3 0x80001488 (0x4105d433) x 8 0x00000000
core   0: 0x8000148c (0x03ecbdb3) mulhu   s11, s9, t5
core   0: 3 0x8000148c (0x03ecbdb3) x27 0x00000000
core   0: 0x80001490 (0x02372413) slti    s0, a4, 35
core   0: 3 0x80001490 (0x02372413) x 8 0x00000001
core   0: 0x80001494 (0x002e1c13) slli    s8, t3, 2
core   0: 3 0x80001494 (0x002e1c13) x24 0x00a00000
core   0: 0x80001498 (0x0168c133) xor     sp, a7, s6
core   0: 3 0x80001498 (0x0168c133) x 2 0xeb9cf000
core   0: 0x8000149c (0x031ff333) remu    t1, t6, a7
core   0: 3 0x8000149c (0x031ff333) x 6 0x11aa0ce4
core   0: 0x800014a0 (0x0129abb3) slt     s7, s3, s2
core   0: 3 0x800014a0 (0x0129abb3) x23 0x00000001
core   0: 0x800014a4 (0x03c09133) mulh    sp, ra, t3
core   0: 3 0x800014a4 (0x03c09133) x 2 0xfffded84
core   0: 0x800014a8 (0x40eed1b3) sra     gp, t4, a4
core   0: 3 0x800014a8 (0x40eed1b3) x 3 0x00000000
core   0: 0x800014ac (0x0328de33) divu    t3, a7, s2
core   0: 3 0x800014ac (0x0328de33) x28 0xffffffff
core   0: 0x800014b0 (0x00aae6b3) or      a3, s5, a0
core   0: 3 0x800014b0 (0x00aae6b3) x13 0x00000000
core   0: 0x800014b4 (0x1a7f3c93) sltiu   s9, t5, 423
core   0: 3 0x800014b4 (0x1a7f3c93) x25 0x00000001
core   0: 0x800014b8 (0x66f03013) sltiu   zero, zero, 1647
core   0: 3 0x800014b8 (0x66f03013)
core   0: 0x800014bc (0x568fb893) sltiu   a7, t6, 1384
core   0: 3 0x800014bc (0x568fb893) x17 0x00000000
core   0: 0x800014c0 (0x8c9c6f93) ori     t6, s8, -1847
core   0: 3 0x800014c0 (0x8c9c6f93) x31 0xfffff8c9
core   0: 0x800014c4 (0x0374cdb3) div     s11, s1, s7
core   0: 3 0x800014c4 (0x0374cdb3) x27 0x80014e64
core   0: 0x800014c8 (0x0225e333) rem     t1, a1, sp
core   0: 3 0x800014c8 (0x0225e333) x 6 0x00000000
core   0: 0x800014cc (0x00c685b3) add     a1, a3, a2
core   0: 3 0x800014cc (0x00c685b3) x11 0xf2bce578
core   0: 0x800014d0 (0xa05e0e13) addi    t3, t3, -1531
core   0: 3 0x800014d0 (0xa05e0e13) x28 0xfffffa04
core   0: 0x800014d4 (0x023601b3) mul     gp, a2, gp
core   0: 3 0x800014d4 (0x023601b3) x 3 0x00000000
core   0: 0x800014d8 (0x137a7413) andi    s0, s4, 311
core   0: 3 0x800014d8 (0x137a7413) x 8 0x00000005
core   0: 0x800014dc (0x015a1b13) slli    s6, s4, 21
core   0: 3 0x800014dc (0x015a1b13) x22 0x90a00000
core   0: 0x800014e0 (0xd03c8213) addi    tp, s9, -765
core   0: 3 0x800014e0 (0xd03c8213) x 4 0xfffffd04
core   0: 0x800014e4 (0x16e7c413) xori    s0, a5, 366
core   0: 3 0x800014e4 (0x16e7c413) x 8 0xa81bb213
core   0: 0x800014e8 (0x0172aab3) slt     s5, t0, s7
core   0: 3 0x800014e8 (0x0172aab3) x21 0x00000001
core   0: 0x800014ec (0xfebbc893) xori    a7, s7, -21
core   0: 3 0x800014ec (0xfebbc893) x17 0xffffffea
core   0: 0x800014f0 (0x004b28b3) slt     a7, s6, tp
core   0: 3 0x800014f0 (0x004b28b3) x17 0x00000001
core   0: 0x800014f4 (0x985e6993) ori     s3, t3, -1659
core   0: 3 0x800014f4 (0x985e6993) x19 0xfffffb85
core   0: 0x800014f8 (0x41ef5a93) srai    s5, t5, 30
core   0: 3 0x800014f8 (0x41ef5a93) x21 0x00000000
core   0: 0x800014fc (0x4ef57613) andi    a2, a0, 1263
core   0: 3 0x800014fc (0x4ef57613) x12 0x00000000
core   0: 0x80001500 (0x7506c413) xori    s0, a3, 1872
core   0: 3 0x80001500 (0x7506c413) x 8 0x00000750
core   0: 0x80001504 (0x01b21613) slli    a2, tp, 27
core   0: 3 0x80001504 (0x01b21613) x12 0x20000000
core   0: 0x80001508 (0x00821c13) slli    s8, tp, 8
core   0: 3 0x80001508 (0x00821c13) x24 0xfffd0400
core   0: 0x8000150c (0x039a8433) mul     s0, s5, s9
core   0: 3 0x8000150c (0x039a8433) x 8 0x00000000
core   0: 0x80001510 (0x029960b3) rem     ra, s2, s1
core   0: 3 0x80001510 (0x029960b3) x 1 0x00000000
core   0: 0x80001514 (0x01074ab3) xor     s5, a4, a6
core   0: 3 0x80001514 (0x01074ab3) x21 0x80018ce4
core   0: 0x80001518 (0x00b6f2b3) and     t0, a3, a1
core   0: 3 0x80001518 (0x00b6f2b3) x 5 0x00000000
core   0: 0x8000151c (0x02e25fb3) divu    t6, tp, a4
core   0: 3 0x8000151c (0x02e25fb3) x31 0xffffffff
core   0: 0x80001520 (0x6c10c913) xori    s2, ra, 1729
core   0: 3 0x80001520 (0x6c10c913) x18 0x000006c1
core   0: 0x80001524 (0x0109de93) srli    t4, s3, 16
core   0: 3 0x80001524 (0x0109de93) x29 0x0000ffff
core   0: 0x80001528 (0x06caf713) andi    a4, s5, 108
core   0: 3 0x80001528 (0x06caf713) x14 0x00000064
core   0: 0x8000152c (0x027dd8b3) divu    a7, s11, t2
core   0: 3 0x8000152c (0x027dd8b3) x17 0x00000000
core   0: 0x80001530 (0x03da41b3) div     gp, s4, t4
core   0: 3 0x80001530 (0x03da41b3) x 3 0xffffbad9
core   0: 0x80001534 (0x7a66cd37) lui     s10, 0x7a66c
core   0: 3 0x80001534 (0x7a66cd37) x26 0x7a66c000
core   0: 0x80001538 (0x00891db3) sll     s11, s2, s0
core   0: 3 0x80001538 (0x00891db3) x27 0x000006c1
core   0: 0x8000153c (0x02a0d033) divu    zero, ra, a0
core   0: 3 0x8000153c (0x02a0d033)
core   0: 0x80001540 (0x02ee80b3) mul     ra, t4, a4
core   0: 3 0x80001540 (0x02ee80b3) x 1 0x0063ff9c
core   0: 0x80001544 (0x413c5093) srai    ra, s8, 19
core   0: 3 0x80001544 (0x413c5093) x 1 0xffffffff
core   0: 0x80001548 (0x01950433) add     s0, a0, s9
core   0: 3 0x80001548 (0x01950433) x 8 0x00000001
core   0: 0x8000154c (0x5d9ee693) ori     a3, t4, 1497
core   0: 3 0x8000154c (0x5d9ee693) x13 0x0000ffff
core   0: 0x80001550 (0x01f840b3) xor     ra, a6, t6
core   0: 3 0x80001550 (0x01f840b3) x 1 0x7ffe731b
core   0: 0x80001554 (0x00b3c8b3) xor     a7, t2, a1
core   0: 3 0x80001554 (0x00b3c8b3) x17 0x5472bc70
core   0: 0x80001558 (0xbb882113) slti    sp, a6, -1096
core   0: 3 0x80001558 (0xbb882113) x 2 0x00000001
core   0: 0x8000155c (0x036851b3) divu    gp, a6, s6
core   0: 3 0x8000155c (0x036851b3) x 3 0x00000000
core   0: 0x80001560 (0x05d43e13) sltiu   t3, s0, 93
core   0: 3 0x80001560 (0x05d43e13) x28 0x00000001
core   0: 0x80001564 (0x01950733) add     a4, a0, s9
core   0: 3 0x80001564 (0x01950733) x14 0x00000001
core   0: 0x80001568 (0x02a279b3) remu    s3, tp, a0
core   0: 3 0x80001568 (0x02a279b3) x19 0xfffffd04
core   0: 0x8000156c (0xe2374b93) xori    s7, a4, -477
core   0: 3 0x8000156c (0xe2374b93) x23 0xfffffe22
core   0: 0x80001570 (0xfdf8b717) auipc   a4, 0xfdf8b
core   0: 3 0x80001570 (0xfdf8b717) x14 0x7df8c570
core   0: 0x80001574 (0x03fbadb3) mulhsu  s11, s7, t6
core   0: 3 0x80001574 (0x03fbadb3) x27 0xfffffe22
core   0: 0x80001578 (0x01c7c733) xor     a4, a5, t3
core   0: 3 0x80001578 (0x01c7c733) x14 0xa81bb37c
core   0: 0x8000157c (0x00d649b3) xor     s3, a2, a3
core   0: 3 0x8000157c (0x00d649b3) x19 0x2000ffff
core   0: 0x80001580 (0x027f5133) divu    sp, t5, t2
core   0: 3 0x80001580 (0x027f5133) x 2 0x00000000
core   0: 0x80001584 (0x020e4fb3) div     t6, t3, zero
core   0: 3 0x80001584 (0x020e4fb3) x31 0xffffffff
core   0: 0x80001588 (0x00000013) nop
core   0: 3 0x80001588 (0x00000013)
core   0: 0x8000158c (0x01fb3333) sltu    t1, s6, t6
core   0: 3 0x8000158c (0x01fb3333) x 6 0x00000001
core   0: 0x80001590 (0x0014d533) srl     a0, s1, ra
core   0: 3 0x80001590 (0x0014d533) x10 0x00000010
core   0: 0x80001594 (0x0386d0b3) divu    ra, a3, s8
core   0: 3 0x80001594 (0x0386d0b3) x 1 0x00000000
core   0: 0x80001598 (0x01299393) slli    t2, s3, 18
core   0: 3 0x80001598 (0x01299393) x 7 0xfffc0000
core   0: 0x8000159c (0x00669d33) sll     s10, a3, t1
core   0: 3 0x8000159c (0x00669d33) x26 0x0001fffe
core   0: 0x800015a0 (0x02d288b3) mul     a7, t0, a3
core   0: 3 0x800015a0 (0x02d288b3) x17 0x00000000
core   0: 0x800015a4 (0x00cdccb3) xor     s9, s11, a2
core   0: 3 0x800015a4 (0x00cdccb3) x25 0xdffffe22
core   0: 0x800015a8 (0x02d08ab3) mul     s5, ra, a3
core   0: 3 0x800015a8 (0x02d08ab3) x21 0x00000000
core   0: 0x800015ac (0x44649b17) auipc   s6, 0x44649
core   0: 3 0x800015ac (0x44649b17) x22 0xc464a5ac
core   0: 0x800015b0 (0x15fea693) slti    a3, t4, 351
core   0: 3 0x800015b0 (0x15fea693) x13 0x00000000
core   0: 0x800015b4 (0x0159b2b3) sltu    t0, s3, s5
core   0: 3 0x800015b4 (0x0159b2b3) x 5 0x00000000
core   0: 0x800015b8 (0x02037ab3) remu    s5, t1, zero
core   0: 3 0x800015b8 (0x02037ab3) x21 0x00000001
core   0: 0x800015bc (0x412adc33) sra     s8, s5, s2
core   0: 3 0x800015bc (0x412adc33) x24 0x00000000
core   0: 0x800015c0 (0x03ac5bb3) divu    s7, s8, s10
core   0: 3 0x800015c0 (0x03ac5bb3) x23 0x00000000
core   0: 0x800015c4 (0x0178d6b3) srl     a3, a7, s7
core   0: 3 0x800015c4 (0x0178d6b3) x13 0x00000000
core   0: 0x800015c8 (0x037177b3) remu    a5, sp, s7
core   0: 3 0x800015c8 (0x037177b3) x15 0x00000000
core   0: 0x800015cc (0x000d4d33) xor     s10, s10, zero
core   0: 3 0x800015cc (0x000d4d33) x26 0x0001fffe
core   0: 0x800015d0 (0x006653b3) srl     t2, a2, t1
core   0: 3 0x800015d0 (0x006653b3) x 7 0x10000000
core   0: 0x800015d4 (0x0324b0b3) mulhu   ra, s1, s2
core   0: 3 0x800015d4 (0x0324b0b3) x 1 0x00000360
core   0: 0x800015d8 (0x0260d3b3) divu    t2, ra, t1
core   0: 3 0x800015d8 (0x0260d3b3) x 7 0x00000360
core   0: 0x800015dc (0x35bb3937) lui     s2, 0x35bb3
core   0: 3 0x800015dc (0x35bb3937) x18 0x35bb3000
core   0: 0x800015e0 (0x022c1033) mulh    zero, s8, sp
core   0: 3 0x800015e0 (0x022c1033)
core   0: 0x800015e4 (0x40e6a013) slti    zero, a3, 1038
core   0: 3 0x800015e4 (0x40e6a013)
core   0: 0x800015e8 (0x00000013) nop
core   0: 3 0x800015e8 (0x00000013)
core   0: 0x800015ec (0x02fe8bb3) mul     s7, t4, a5
core   0: 3 0x800015ec (0x02fe8bb3) x23 0x00000000
core   0: 0x800015f0 (0x01602033) slt     zero, zero, s6
core   0: 3 0x800015f0 (0x01602033)
core   0: 0x800015f4 (0x00ca2c33) slt     s8, s4, a2
core   0: 3 0x800015f4 (0x00ca2c33) x24 0x00000001
core   0: 0x800015f8 (0x01df6633) or      a2, t5, t4
core   0: 3 0x800015f8 (0x01df6633) x12 0x0000ffff
core   0: 0x800015fc (0x0089d5b3) srl     a1, s3, s0
core   0: 3 0x800015fc (0x0089d5b3) x11 0x10007fff
core   0: 0x80001600 (0xe82b2393) slti    t2, s6, -382
core   0: 3 0x80001600 (0xe82b2393) x 7 0x00000001
core   0: 0x80001604 (0x019a6233) or      tp, s4, s9
core   0: 3 0x80001604 (0x019a6233) x 4 0xfffffea7
core   0: 0x80001608 (0x0117a033) slt     zero, a5, a7
core   0: 3 0x80001608 (0x0117a033)
core   0: 0x8000160c (0x03b7b9b3) mulhu   s3, a5, s11
core   0: 3 0x8000160c (0x03b7b9b3) x19 0x00000000
core   0: 0x80001610 (0x03a20933) mul     s2, tp, s10
core   0: 3 0x80001610 (0x03a20933) x18 0xfd4e02b2
core   0: 0x80001614 (0x032b9ab3) mulh    s5, s7, s2
core   0: 3 0x80001614 (0x032b9ab3) x21 0x00000000
core   0: 0x80001618 (0x00051313) slli    t1, a0, 0
core   0: 3 0x80001618 (0x00051313) x 6 0x00000010
core   0: 0x8000161c (0x41c05793) srai    a5, zero, 28
core   0: 3 0x8000161c (0x41c05793) x15 0x00000000
core   0: 0x80001620 (0x03cd1bb3) mulh    s7, s10, t3
core   0: 3 0x80001620 (0x03cd1bb3) x23 0x00000000
core   0: 0x80001624 (0x0295ed33) rem     s10, a1, s1
core   0: 3 0x80001624 (0x0295ed33) x26 0x10007fff
core   0: 0x80001628 (0x41c5d593) srai    a1, a1, 28
core   0: 3 0x80001628 (0x41c5d593) x11 0x00000001
core   0: 0x8000162c (0x9b906937) lui     s2, 0x9b906
core   0: 3 0x8000162c (0x9b906937) x18 0x9b906000
core   0: 0x80001630 (0x00d2ec33) or      s8, t0, a3
core   0: 3 0x80001630 (0x00d2ec33) x24 0x00000000
core   0: 0x80001634 (0x008a9913) slli    s2, s5, 8
core   0: 3 0x80001634 (0x008a9913) x18 0x00000000
core   0: 0x80001638 (0x012b7733) and     a4, s6, s2
core   0: 3 0x80001638 (0x012b7733) x14 0x00000000
core   0: 0x8000163c (0x03b27db3) remu    s11, tp, s11
core   0: 3 0x8000163c (0x03b27db3) x27 0x00000085
core   0: 0x80001640 (0x719b8213) addi    tp, s7, 1817
core   0: 3 0x80001640 (0x719b8213) x 4 0x00000719
core   0: 0x80001644 (0x022755b3) divu    a1, a4, sp
core   0: 3 0x80001644 (0x022755b3) x11 0xffffffff
core   0: 0x80001648 (0x00000013) nop
core   0: 3 0x80001648 (0x00000013)
core   0: 0x8000164c (0x0263f033) remu    zero, t2, t1
core   0: 3 0x8000164c (0x0263f033)
core   0: 0x80001650 (0x0157d5b3) srl     a1, a5, s5
core   0: 3 0x80001650 (0x0157d5b3) x11 0x00000000
core   0: 0x80001654 (0x02370233) mul     tp, a4, gp
core   0: 3 0x80001654 (0x02370233) x 4 0x00000000
core   0: 0x80001658 (0x02381d33) mulh    s10, a6, gp
core   0: 3 0x80001658 (0x02381d33) x26 0x00000000
core   0: 0x8000165c (0x42c4a913) slti    s2, s1, 1068
core   0: 3 0x8000165c (0x42c4a913) x18 0x00000001
core   0: 0x80001660 (0x401109b3) sub     s3, sp, ra
core   0: 3 0x80001660 (0x401109b3) x19 0xfffffca0
core   0: 0x80001664 (0x00888f33) add     t5, a7, s0
core   0: 3 0x80001664 (0x00888f33) x30 0x00000001
core   0: 0x80001668 (0x40290b33) sub     s6, s2, sp
core   0: 3 0x80001668 (0x40290b33) x22 0x00000001
core   0: 0x8000166c (0x55094c13) xori    s8, s2, 1360
core   0: 3 0x8000166c (0x55094c13) x24 0x00000551
core   0: 0x80001670 (0x01c3d193) srli    gp, t2, 28
core   0: 3 0x80001670 (0x01c3d193) x 3 0x00000000
core   0: 0x80001674 (0xc5e8a993) slti    s3, a7, -930
core   0: 3 0x80001674 (0xc5e8a993) x19 0x00000000
core   0: 0x80001678 (0x03dd2fb3) mulhsu  t6, s10, t4
core   0: 3 0x80001678 (0x03dd2fb3) x31 0x00000000
core   0: 0x8000167c (0x01945ab3) srl     s5, s0, s9
core   0: 3 0x8000167c (0x01945ab3) x21 0x00000000
core   0: 0x80001680 (0x34c32037) lui     zero, 0x34c32
core   0: 3 0x80001680 (0x34c32037)
core   0: 0x80001684 (0x40362e93) slti    t4, a2, 1027
core   0: 3 0x80001684 (0x40362e93) x29 0x00000000
core   0: 0x80001688 (0x000c5893) srli    a7, s8, 0
core   0: 3 0x80001688 (0x000c5893) x17 0x00000551
core   0: 0x8000168c (0x030bedb3) rem     s11, s7, a6
core   0: 3 0x8000168c (0x030bedb3) x27 0x00000000
core   0: 0x80001690 (0x40bd0fb3) sub     t6, s10, a1
core   0: 3 0x80001690 (0x40bd0fb3) x31 0x00000000
core   0: 0x80001694 (0x41bc0e33) sub     t3, s8, s11
core   0: 3 0x80001694 (0x41bc0e33) x28 0x00000551
core   0: 0x80001698 (0x1f734d93) xori    s11, t1, 503
core   0: 3 0x80001698 (0x1f734d93) x27 0x000001e7
core   0: 0x8000169c (0x412fda93) srai    s5, t6, 18
core   0: 3 0x8000169c (0x412fda93) x21 0x00000000
core   0: 0x800016a0 (0x018c3533) sltu    a0, s8, s8
core   0: 3 0x800016a0 (0x018c3533) x10 0x00000000
core   0: 0x800016a4 (0x4d55b513) sltiu   a0, a1, 1237
core   0: 3 0x800016a4 (0x4d55b513) x10 0x00000001
core   0: 0x800016a8 (0x1b85a513) slti    a0, a1, 440
core   0: 3 0x800016a8 (0x1b85a513) x10 0x00000001
core   0: 0x800016ac (0x015dbd33) sltu    s10, s11, s5
core   0: 3 0x800016ac (0x015dbd33) x26 0x00000000
core   0: 0x800016b0 (0x50d4e593) ori     a1, s1, 1293
core   0: 3 0x800016b0 (0x50d4e593) x11 0x80014f6d
core   0: 0x800016b4 (0x1ff44793) xori    a5, s0, 511
core   0: 3 0x800016b4 (0x1ff44793) x15 0x000001fe
core   0: 0x800016b8 (0x0303c7b3) div     a5, t2, a6
core   0: 3 0x800016b8 (0x0303c7b3) x15 0x00000000
core   0: 0x800016bc (0x01bc9d93) slli    s11, s9, 27
core   0: 3 0x800016bc (0x01bc9d93) x27 0x10000000
core   0: 0x800016c0 (0x007c11b3) sll     gp, s8, t2
core   0: 3 0x800016c0 (0x007c11b3) x 3 0x00000aa2
core   0: 0x800016c4 (0x007d5cb3) srl     s9, s10, t2
core   0: 3 0x800016c4 (0x007d5cb3) x25 0x00000000
core   0: 0x800016c8 (0x008331b3) sltu    gp, t1, s0
core   0: 3 0x800016c8 (0x008331b3) x 3 0x00000000
core   0: 0x800016cc (0x01b2a8b3) slt     a7, t0, s11
core   0: 3 0x800016cc (0x01b2a8b3) x17 0x00000001
core   0: 0x800016d0 (0x08a18c97) auipc   s9, 0x8a18
core   0: 3 0x800016d0 (0x08a18c97) x25 0x88a196d0
core   0: 0x800016d4 (0x01b40533) add     a0, s0, s11
core   0: 3 0x800016d4 (0x01b40533) x10 0x10000001
core   0: 0x800016d8 (0x00ba27b3) slt     a5, s4, a1
core   0: 3 0x800016d8 (0x00ba27b3) x15 0x00000000
core   0: 0x800016dc (0x01948433) add     s0, s1, s9
core   0: 3 0x800016dc (0x01948433) x 8 0x08a2e534
core   0: 0x800016e0 (0x638a8417) auipc   s0, 0x638a8
core   0: 3 0x800016e0 (0x638a8417) x 8 0xe38a96e0
core   0: 0x800016e4 (0x00684d33) xor     s10, a6, t1
core   0: 3 0x800016e4 (0x00684d33) x26 0x80018cf4
core   0: 0x800016e8 (0x014f17b3) sll     a5, t5, s4
core   0: 3 0x800016e8 (0x014f17b3) x15 0x00000020
core   0: 0x800016ec (0x007d0ab3) add     s5, s10, t2
core   0: 3 0x800016ec (0x007d0ab3) x21 0x80018cf5
core   0: 0x800016f0 (0x00cb66b3) or      a3, s6, a2
core   0: 3 0x800016f0 (0x00cb66b3) x13 0x0000ffff
core   0: 0x800016f4 (0x4e114613) xori    a2, sp, 1249
core   0: 3 0x800016f4 (0x4e114613) x12 0x000004e1
core   0: 0x800016f8 (0x02a5feb3) remu    t4, a1, a0
core   0: 3 0x800016f8 (0x02a5feb3) x29 0x00014f65
core   0: 0x800016fc (0x4122d6b3) sra     a3, t0, s2
core   0: 3 0x800016fc (0x4122d6b3) x13 0x00000000
core   0: 0x80001700 (0x04067e13) andi    t3, a2, 64
core   0: 3 0x80001700 (0x04067e13) x28 0x00000040
core   0: 0x80001704 (0x032db1b3) mulhu   gp, s11, s2
core   0: 3 0x80001704 (0x032db1b3) x 3 0x00000000
core   0: 0x80001708 (0x019be7b3) or      a5, s7, s9
core   0: 3 0x80001708 (0x019be7b3) x15 0x88a196d0
core   0: 0x8000170c (0x408685b3) sub     a1, a3, s0
core   0: 3 0x8000170c (0x408685b3) x11 0x1c756920
core   0: 0x80001710 (0x027f53b3) divu    t2, t5, t2
core   0: 3 0x80001710 (0x027f53b3) x 7 0x00000001
core   0: 0x80001714 (0x40168d33) sub     s10, a3, ra
core   0: 3 0x80001714 (0x40168d33) x26 0xfffffca0
core   0: 0x80001718 (0xc7816513) ori     a0, sp, -904
core   0: 3 0x80001718 (0xc7816513) x10 0xfffffc78
core   0: 0x8000171c (0x027d19b3) mulh    s3, s10, t2
core   0: 3 0x8000171c (0x027d19b3) x19 0xffffffff
core   0: 0x80001720 (0x0288a433) mulhsu  s0, a7, s0
core   0: 3 0x80001720 (0x0288a433) x 8 0x00000000
core   0: 0x80001724 (0x4093dbb3) sra     s7, t2, s1
core   0: 3 0x80001724 (0x4093dbb3) x23 0x00000000
core   0: 0x80001728 (0x01311333) sll     t1, sp, s3
core   0: 3 0x80001728 (0x01311333) x 6 0x00000000
core   0: 0x8000172c (0x00c596b3) sll     a3, a1, a2
core   0: 3 0x8000172c (0x00c596b3) x13 0x38ead240
core   0: 0x80001730 (0x00000013) nop
core   0: 3 0x80001730 (0x00000013)
core   0: 0x80001734 (0x00686d33) or      s10, a6, t1
core   0: 3 0x80001734 (0x00686d33) x26 0x80018ce4
core   0: 0x80001738 (0x4134d713) srai    a4, s1, 19
core   0: 3 0x80001738 (0x4134d713) x14 0xfffff000
core   0: 0x8000173c (0x02d0bdb3) mulhu   s11, ra, a3
core   0: 3 0x8000173c (0x02d0bdb3) x27 0x000000c0
core   0: 0x80001740 (0x413f0db3) sub     s11, t5, s3
core   0: 3 0x80001740 (0x413f0db3) x27 0x00000002
core   0: 0x80001744 (0xa7038d17) auipc   s10, 0xa7038
core   0: 3 0x80001744 (0xa7038d17) x26 0x27039744
core   0: 0x80001748 (0xb7f4c713) xori    a4, s1, -1153
core   0: 3 0x80001748 (0xb7f4c713) x14 0x7ffeb51b
core   0: 0x8000174c (0x7585c613) xori    a2, a1, 1880
core   0: 3 0x8000174c (0x7585c613) x12 0x1c756e78
core   0: 0x80001750 (0x821ca913) slti    s2, s9, -2015
core   0: 3 0x80001750 (0x821ca913) x18 0x00000001
core   0: 0x80001754 (0x0182a3b3) slt     t2, t0, s8
core   0: 3 0x80001754 (0x0182a3b3) x 7 0x00000001
core   0: 0x80001758 (0x024ddb33) divu    s6, s11, tp
core   0: 3 0x80001758 (0x024ddb33) x22 0xffffffff
core   0: 0x8000175c (0x01574633) xor     a2, a4, s5
core   0: 3 0x8000175c (0x01574633) x12 0xffff39ee
core   0: 0x80001760 (0x018ce933) or      s2, s9, s8
core   0: 3 0x80001760 (0x018ce933) x18 0x88a197d1
core   0: 0x80001764 (0x00404c33) xor     s8, zero, tp
core   0: 3 0x80001764 (0x00404c33) x24 0x00000000
core   0: 0x80001768 (0x00a40e33) add     t3, s0, a0
core   0: 3 0x80001768 (0x00a40e33) x28 0xfffffc78
core   0: 0x8000176c (0x01fb9993) slli    s3, s7, 31
core   0: 3 0x8000176c (0x01fb9993) x19 0x00000000
core   0: 0x80001770 (0x0015b233) sltu    tp, a1, ra
core   0: 3 0x80001770 (0x0015b233) x 4 0x00000000
core   0: 0x80001774 (0x01c9c097) auipc   ra, 0x1c9c
core   0: 3 0x80001774 (0x01c9c097) x 1 0x81c9d774
core   0: 0x80001778 (0x03636d33) rem     s10, t1, s6
core   0: 3 0x80001778 (0x03636d33) x26 0x00000000
core   0: 0x8000177c (0x016e4d33) xor     s10, t3, s6
core   0: 3 0x8000177c (0x016e4d33) x26 0x00000387
core   0: 0x80001780 (0x34673b17) auipc   s6, 0x34673
core   0: 3 0x80001780 (0x34673b17) x22 0xb4674780
core   0: 0x80001784 (0x40e30233) sub     tp, t1, a4
core   0: 3 0x80001784 (0x40e30233) x 4 0x80014ae5
core   0: 0x80001788 (0x001d9293) slli    t0, s11, 1
core   0: 3 0x80001788 (0x001d9293) x 5 0x00000004
core   0: 0x8000178c (0xa71fd8b7) lui     a7, 0xa71fd
core   0: 3 0x8000178c (0xa71fd8b7) x17 0xa71fd000
core   0: 0x80001790 (0x006a46b3) xor     a3, s4, t1
core   0: 3 0x80001790 (0x006a46b3) x13 0xbad8bc85
core   0: 0x80001794 (0x0319e1b3) rem     gp, s3, a7
core   0: 3 0x80001794 (0x0319e1b3) x 3 0x00000000
core   0: 0x80001798 (0x0009ac33) slt     s8, s3, zero
core   0: 3 0x80001798 (0x0009ac33) x24 0x00000000
core   0: 0x8000179c (0x019e1a93) slli    s5, t3, 25
core   0: 3 0x8000179c (0x019e1a93) x21 0xf0000000
core   0: 0x800017a0 (0x03fe92b3) mulh    t0, t4, t6
core   0: 3 0x800017a0 (0x03fe92b3) x 5 0x00000000
core   0: 0x800017a4 (0x41ac0fb3) sub     t6, s8, s10
core   0: 3 0x800017a4 (0x41ac0fb3) x31 0xfffffc79
core   0: 0x800017a8 (0x40dd8033) sub     zero, s11, a3
core   0: 3 0x800017a8 (0x40dd8033)
core   0: 0x800017ac (0x017ab133) sltu    sp, s5, s7
core   0: 3 0x800017ac (0x017ab133) x 2 0x00000000
core   0: 0x800017b0 (0x03662913) slti    s2, a2, 54
core   0: 3 0x800017b0 (0x03662913) x18 0x00000001
core   0: 0x800017b4 (0x6761b713) sltiu   a4, gp, 1654
core   0: 3 0x800017b4 (0x6761b713) x14 0x00000001
core   0: 0x800017b8 (0x08b8bc17) auipc   s8, 0x8b8b
core   0: 3 0x800017b8 (0x08b8bc17) x24 0x88b8c7b8
core   0: 0x800017bc (0x0342fdb3) remu    s11, t0, s4
core   0: 3 0x800017bc (0x0342fdb3) x27 0x00000000
core   0: 0x800017c0 (0x0181fe33) and     t3, gp, s8
core   0: 3 0x800017c0 (0x0181fe33) x28 0x00000000
core   0: 0x800017c4 (0x010b5bb3) srl     s7, s6, a6
core   0: 3 0x800017c4 (0x010b5bb3) x23 0x0b467478
core   0: 0x800017c8 (0x00000013) nop
core   0: 3 0x800017c8 (0x00000013)
core   0: 0x800017cc (0x41ec8bb3) sub     s7, s9, t5
core   0: 3 0x800017cc (0x41ec8bb3) x23 0x88a196cf
core   0: 0x800017d0 (0x01f389b3) add     s3, t2, t6
core   0: 3 0x800017d0 (0x01f389b3) x19 0xfffffc7a
core   0: 0x800017d4 (0x01660d33) add     s10, a2, s6
core   0: 3 0x800017d4 (0x01660d33) x26 0xb466816e
core   0: 0x800017d8 (0xacac3593) sltiu   a1, s8, -1334
core   0: 3 0x800017d8 (0xacac3593) x11 0x00000001
core   0: 0x800017dc (0x41410db3) sub     s11, sp, s4
core   0: 3 0x800017dc (0x41410db3) x27 0x4527437b
core   0: 0x800017e0 (0x36533b93) sltiu   s7, t1, 869
core   0: 3 0x800017e0 (0x36533b93) x23 0x00000001
core   0: 0x800017e4 (0x01769533) sll     a0, a3, s7
core   0: 3 0x800017e4 (0x01769533) x10 0x75b1790a
core   0: 0x800017e8 (0xe5273393) sltiu   t2, a4, -430
core   0: 3 0x800017e8 (0xe5273393) x 7 0x00000001
core   0: 0x800017ec (0x41148f33) sub     t5, s1, a7
core   0: 3 0x800017ec (0x41148f33) x30 0xd8e17e64
core   0: 0x800017f0 (0x038dc9b3) div     s3, s11, s8
core   0: 3 0x800017f0 (0x038dc9b3) x19 0x00000000
core   0: 0x800017f4 (0x40a95613) srai    a2, s2, 10
core   0: 3 0x800017f4 (0x40a95613) x12 0x00000000
core   0: 0x800017f8 (0x406c5b33) sra     s6, s8, t1
core   0: 3 0x800017f8 (0x406c5b33) x22 0x88b8c7b8
core   0: 0x800017fc (0xf530f893) andi    a7, ra, -173
core   0: 3 0x800017fc (0xf530f893) x17 0x81c9d750
core   0: 0x80001800 (0x41bbdeb3) sra     t4, s7, s11
core   0: 3 0x80001800 (0x41bbdeb3) x29 0x00000000
core   0: 0x80001804 (0x01f77fb3) and     t6, a4, t6
core   0: 3 0x80001804 (0x01f77fb3) x31 0x00000001
core   0: 0x80001808 (0x7299d717) auipc   a4, 0x7299d
core   0: 3 0x80001808 (0x7299d717) x14 0xf299e808
core   0: 0x8000180c (0x00ac16b3) sll     a3, s8, a0
core   0: 3 0x8000180c (0x00ac16b3) x13 0xe31ee000
core   0: 0x80001810 (0x41ed06b3) sub     a3, s10, t5
core   0: 3 0x80001810 (0x41ed06b3) x13 0xdb85030a
core   0: 0x80001814 (0xc4c9f217) auipc   tp, 0xc4c9f
core   0: 3 0x80001814 (0xc4c9f217) x 4 0x44ca0814
core   0: 0x80001818 (0x01ba5693) srli    a3, s4, 27
core   0: 3 0x80001818 (0x01ba5693) x13 0x00000017
core   0: 0x8000181c (0x0287a8b3) mulhsu  a7, a5, s0
core   0: 3 0x8000181c (0x0287a8b3) x17 0x00000000
core   0: 0x80001820 (0x038328b3) mulhsu  a7, t1, s8
core   0: 3 0x80001820 (0x038328b3) x17 0x00000000
core   0: 0x80001824 (0x03864e33) div     t3, a2, s8
core   0: 3 0x80001824 (0x03864e33) x28 0x00000000
core   0: 0x80001828 (0x028399b3) mulh    s3, t2, s0
core   0: 3 0x80001828 (0x028399b3) x19 0x00000000
core   0: 0x8000182c (0x62f5ba93) sltiu   s5, a1, 1583
core   0: 3 0x8000182c (0x62f5ba93) x21 0x00000001
core   0: 0x80001830 (0xc6e5eb13) ori     s6, a1, -914
core   0: 3 0x80001830 (0xc6e5eb13) x22 0xfffffc6f
core   0: 0x80001834 (0x76fa3893) sltiu   a7, s4, 1903
core   0: 3 0x80001834 (0x76fa3893) x17 0x00000000
core   0: 0x80001838 (0x00000013) nop
core   0: 3 0x80001838 (0x00000013)
core   0: 0x8000183c (0x1fc32a93) slti    s5, t1, 508
core   0: 3 0x8000183c (0x1fc32a93) x21 0x00000001
core   0: 0x80001840 (0x41a9db93) srai    s7, s3, 26
core   0: 3 0x80001840 (0x41a9db93) x23 0x00000000
core   0: 0x80001844 (0x00bbb333) sltu    t1, s7, a1
core   0: 3 0x80001844 (0x00bbb333) x 6 0x00000001
core   0: 0x80001848 (0x0127ecb3) or      s9, a5, s2
core   0: 3 0x80001848 (0x0127ecb3) x25 0x88a196d1
core   0: 0x8000184c (0x013a65b3) or      a1, s4, s3
core   0: 3 0x8000184c (0x013a65b3) x11 0xbad8bc85
core   0: 0x80001850 (0xc4dacd13) xori    s10, s5, -947
core   0: 3 0x80001850 (0xc4dacd13) x26 0xfffffc4c
core   0: 0x80001854 (0xe9975717) auipc   a4, 0xe9975
core   0: 3 0x80001854 (0xe9975717) x14 0x69976854
core   0: 0x80001858 (0x01fb0c33) add     s8, s6, t6
core   0: 3 0x80001858 (0x01fb0c33) x24 0xfffffc70
core   0: 0x8000185c (0x9e23ee93) ori     t4, t2, -1566
core   0: 3 0x8000185c (0x9e23ee93) x29 0xfffff9e3
core   0: 0x80001860 (0x03739e33) mulh    t3, t2, s7
core   0: 3 0x80001860 (0x03739e33) x28 0x00000000
core   0: 0x80001864 (0x0036f5b3) and     a1, a3, gp
core   0: 3 0x80001864 (0x0036f5b3) x11 0x00000000
core   0: 0x80001868 (0x415e5e13) srai    t3, t3, 21
core   0: 3 0x80001868 (0x415e5e13) x28 0x00000000
core   0: 0x8000186c (0x490f3b13) sltiu   s6, t5, 1168
core   0: 3 0x8000186c (0x490f3b13) x22 0x00000000
core   0: 0x80001870 (0xd52a3313) sltiu   t1, s4, -686
core   0: 3 0x80001870 (0xd52a3313) x 6 0x00000001
core   0: 0x80001874 (0x00e1de33) srl     t3, gp, a4
core   0: 3 0x80001874 (0x00e1de33) x28 0x00000000
core   0: 0x80001878 (0x03e06eb3) rem     t4, zero, t5
core   0: 3 0x80001878 (0x03e06eb3) x29 0x00000000
core   0: 0x8000187c (0x00263cb3) sltu    s9, a2, sp
core   0: 3 0x8000187c (0x00263cb3) x25 0x00000000
core   0: 0x80001880 (0x0325cdb3) div     s11, a1, s2
core   0: 3 0x80001880 (0x0325cdb3) x27 0x00000000
core   0: 0x80001884 (0x4040dcb3) sra     s9, ra, tp
core   0: 3 0x80001884 (0x4040dcb3) x25 0xfffff81c
core   0: 0x80001888 (0x016ee633) or      a2, t4, s6
core   0: 3 0x80001888 (0x016ee633) x12 0x00000000
core   0: 0x8000188c (0x00000013) nop
core   0: 3 0x8000188c (0x00000013)
core   0: 0x80001890 (0x0209cbb3) div     s7, s3, zero
core   0: 3 0x80001890 (0x0209cbb3) x23 0xffffffff
core   0: 0x80001894 (0x03f22f33) mulhsu  t5, tp, t6
core   0: 3 0x80001894 (0x03f22f33) x30 0x00000000
core   0: 0x80001898 (0x0145c5b3) xor     a1, a1, s4
core   0: 3 0x80001898 (0x0145c5b3) x11 0xbad8bc85
core   0: 0x8000189c (0x0105da93) srli    s5, a1, 16
core   0: 3 0x8000189c (0x0105da93) x21 0x0000bad8
core   0: 0x800018a0 (0x00000013) nop
core   0: 3 0x800018a0 (0x00000013)
core   0: 0x800018a4 (0x409f8c33) sub     s8, t6, s1
core   0: 3 0x800018a4 (0x409f8c33) x24 0x7ffeb19d
core   0: 0x800018a8 (0x00000013) nop
core   0: 3 0x800018a8 (0x00000013)
core   0: 0x800018ac (0x40a0d7b3) sra     a5, ra, a0
core   0: 3 0x800018ac (0x40a0d7b3) x15 0xffe07275
core   0: 0x800018b0 (0x8c934593) xori    a1, t1, -1847
core   0: 3 0x800018b0 (0x8c934593) x11 0xfffff8c8
core   0: 0x800018b4 (0x00000013) nop
core   0: 3 0x800018b4 (0x00000013)
core   0: 0x800018b8 (0x4019db33) sra     s6, s3, ra
core   0: 3 0x800018b8 (0x4019db33) x22 0x00000000
core   0: 0x800018bc (0x014b5e13) srli    t3, s6, 20
core   0: 3 0x800018bc (0x014b5e13) x28 0x00000000
core   0: 0x800018c0 (0x410f5b13) srai    s6, t5, 16
core   0: 3 0x800018c0 (0x410f5b13) x22 0x00000000
core   0: 0x800018c4 (0x0329dab3) divu    s5, s3, s2
core   0: 3 0x800018c4 (0x0329dab3) x21 0x00000000
core   0: 0x800018c8 (0x40a88033) sub     zero, a7, a0
core   0: 3 0x800018c8 (0x40a88033)
core   0: 0x800018cc (0x00d68533) add     a0, a3, a3
core   0: 3 0x800018cc (0x00d68533) x10 0x0000002e
core   0: 0x800018d0 (0x2c973d13) sltiu   s10, a4, 713
core   0: 3 0x800018d0 (0x2c973d13) x26 0x00000000
core   0: 0x800018d4 (0x00466f33) or      t5, a2, tp
core   0: 3 0x800018d4 (0x00466f33) x30 0x44ca0814
core   0: 0x800018d8 (0x41990033) sub     zero, s2, s9
core   0: 3 0x800018d8 (0x41990033)
core   0: 0x800018dc (0x806a79b7) lui     s3, 0x806a7
core   0: 3 0x800018dc (0x806a79b7) x19 0x806a7000
core   0: 0x800018e0 (0x0268a933) mulhsu  s2, a7, t1
core   0: 3 0x800018e0 (0x0268a933) x18 0x00000000
core   0: 0x800018e4 (0x41d40bb3) sub     s7, s0, t4
core   0: 3 0x800018e4 (0x41d40bb3) x23 0x00000000
core   0: 0x800018e8 (0x74305fb7) lui     t6, 0x74305
core   0: 3 0x800018e8 (0x74305fb7) x31 0x74305000
core   0: 0x800018ec (0x00865233) srl     tp, a2, s0
core   0: 3 0x800018ec (0x00865233) x 4 0x00000000
core   0: 0x800018f0 (0x154faf93) slti    t6, t6, 340
core   0: 3 0x800018f0 (0x154faf93) x31 0x00000000
core   0: 0x800018f4 (0x018d32b3) sltu    t0, s10, s8
core   0: 3 0x800018f4 (0x018d32b3) x 5 0x00000001
core   0: 0x800018f8 (0x2d7fe913) ori     s2, t6, 727
core   0: 3 0x800018f8 (0x2d7fe913) x18 0x000002d7
core   0: 0x800018fc (0x027ec433) div     s0, t4, t2
core   0: 3 0x800018fc (0x027ec433) x 8 0x00000000
core   0: 0x80001900 (0x01abb7b3) sltu    a5, s7, s10
core   0: 3 0x80001900 (0x01abb7b3) x15 0x00000000
core   0: 0x80001904 (0x00000013) nop
core   0: 3 0x80001904 (0x00000013)
core   0: 0x80001908 (0x682cea93) ori     s5, s9, 1666
core   0: 3 0x80001908 (0x682cea93) x21 0xfffffe9e
core   0: 0x8000190c (0x01ae4cb3) xor     s9, t3, s10
core   0: 3 0x8000190c (0x01ae4cb3) x25 0x00000000
core   0: 0x80001910 (0x024cee33) rem     t3, s9, tp
core   0: 3 0x80001910 (0x024cee33) x28 0x00000000
core   0: 0x80001914 (0x032fdc33) divu    s8, t6, s2
core   0: 3 0x80001914 (0x032fdc33) x24 0x00000000
core   0: 0x80001918 (0x0118ccb3) xor     s9, a7, a7
core   0: 3 0x80001918 (0x0118ccb3) x25 0x00000000
core   0: 0x8000191c (0x747f6d93) ori     s11, t5, 1863
core   0: 3 0x8000191c (0x747f6d93) x27 0x44ca0f57
core   0: 0x80001920 (0x011628b3) slt     a7, a2, a7
core   0: 3 0x80001920 (0x011628b3) x17 0x00000000
core   0: 0x80001924 (0x02219fb3) mulh    t6, gp, sp
core   0: 3 0x80001924 (0x02219fb3) x31 0x00000000
core   0: 0x80001928 (0x03bda3b3) mulhsu  t2, s11, s11
core   0: 3 0x80001928 (0x03bda3b3) x 7 0x127bf7a2
core   0: 0x8000192c (0xa37eb293) sltiu   t0, t4, -1481
core   0: 3 0x8000192c (0xa37eb293) x 5 0x00000001
core   0: 0x80001930 (0x013db7b3) sltu    a5, s11, s3
core   0: 3 0x80001930 (0x013db7b3) x15 0x00000001
core   0: 0x80001934 (0x00000013) nop
core   0: 3 0x80001934 (0x00000013)
core   0: 0x80001938 (0x0158a6b3) slt     a3, a7, s5
core   0: 3 0x80001938 (0x0158a6b3) x13 0x00000000
core   0: 0x8000193c (0x4039da93) srai    s5, s3, 3
core   0: 3 0x8000193c (0x4039da93) x21 0xf00d4e00
core   0: 0x80001940 (0x03c7d6b3) divu    a3, a5, t3
core   0: 3 0x80001940 (0x03c7d6b3) x13 0xffffffff
core   0: 0x80001944 (0x03dad133) divu    sp, s5, t4
core   0: 3 0x80001944 (0x03dad133) x 2 0xffffffff
core   0: 0x80001948 (0x40cdd1b3) sra     gp, s11, a2
core   0: 3 0x80001948 (0x40cdd1b3) x 3 0x44ca0f57
core   0: 0x8000194c (0x0281e333) rem     t1, gp, s0
core   0: 3 0x8000194c (0x0281e333) x 6 0x44ca0f57
core   0: 0x80001950 (0x5b0f2e13) slti    t3, t5, 1456
core   0: 3 0x80001950 (0x5b0f2e13) x28 0x00000000
core   0: 0x80001954 (0x004630b3) sltu    ra, a2, tp
core   0: 3 0x80001954 (0x004630b3) x 1 0x00000000
core   0: 0x80001958 (0x00000013) nop
core   0: 3 0x80001958 (0x00000013)
core   0: 0x8000195c (0x0b31b193) sltiu   gp, gp, 179
core   0: 3 0x8000195c (0x0b31b193) x 3 0x00000000
core   0: 0x80001960 (0x41ef5c33) sra     s8, t5, t5
core   0: 3 0x80001960 (0x41ef5c33) x24 0x0000044c
core   0: 0x80001964 (0x1dff0993) addi    s3, t5, 479
core   0: 3 0x80001964 (0x1dff0993) x19 0x44ca09f3
core   0: 0x80001968 (0x00431c13) slli    s8, t1, 4
core   0: 3 0x80001968 (0x00431c13) x24 0x4ca0f570
core   0: 0x8000196c (0x03828ab3) mul     s5, t0, s8
core   0: 3 0x8000196c (0x03828ab3) x21 0x4ca0f570
core   0: 0x80001970 (0x03543533) mulhu   a0, s0, s5
core   0: 3 0x80001970 (0x03543533) x10 0x00000000
core   0: 0x80001974 (0x8461fe13) andi    t3, gp, -1978
core   0: 3 0x80001974 (0x8461fe13) x28 0x00000000
core   0: 0x80001978 (0xe4cfcb13) xori    s6, t6, -436
core   0: 3 0x80001978 (0xe4cfcb13) x22 0xfffffe4c
core   0: 0x8000197c (0xa8edf693) andi    a3, s11, -1394
core   0: 3 0x8000197c (0xa8edf693) x13 0x44ca0a06
core   0: 0x80001980 (0x809acc93) xori    s9, s5, -2039
core   0: 3 0x80001980 (0x809acc93) x25 0xb35f0d79
core   0: 0x80001984 (0x1a2d0393) addi    t2, s10, 418
core   0: 3 0x80001984 (0x1a2d0393) x 7 0x000001a2
core   0: 0x80001988 (0x00d346b3) xor     a3, t1, a3
core   0: 3 0x80001988 (0x00d346b3) x13 0x00000551
core   0: 0x8000198c (0x030da7b3) mulhsu  a5, s11, a6
core   0: 3 0x8000198c (0x030da7b3) x15 0x22657251
core   0: 0x80001990 (0x024238b3) mulhu   a7, tp, tp
core   0: 3 0x80001990 (0x024238b3) x17 0x00000000
core   0: 0x80001994 (0x00bf6033) or      zero, t5, a1
core   0: 3 0x80001994 (0x00bf6033)
core   0: 0x80001998 (0x01d3e433) or      s0, t2, t4
core   0: 3 0x80001998 (0x01d3e433) x 8 0x000001a2
core   0: 0x8000199c (0x4185db93) srai    s7, a1, 24
core   0: 3 0x8000199c (0x4185db93) x23 0xffffffff
core   0: 0x800019a0 (0x00e8dfb3) srl     t6, a7, a4
core   0: 3 0x800019a0 (0x00e8dfb3) x31 0x00000000
core   0: 0x800019a4 (0x016c2433) slt     s0, s8, s6
core   0: 3 0x800019a4 (0x016c2433) x 8 0x00000000
core   0: 0x800019a8 (0xda238113) addi    sp, t2, -606
core   0: 3 0x800019a8 (0xda238113) x 2 0xffffff44
core   0: 0x800019ac (0xb72f9097) auipc   ra, 0xb72f9
core   0: 3 0x800019ac (0xb72f9097) x 1 0x372fa9ac
core   0: 0x800019b0 (0x417a5f33) sra     t5, s4, s7
core   0: 3 0x800019b0 (0x417a5f33) x30 0xffffffff
core   0: 0x800019b4 (0x024fc433) div     s0, t6, tp
core   0: 3 0x800019b4 (0x024fc433) x 8 0xffffffff
core   0: 0x800019b8 (0x03341533) mulh    a0, s0, s3
core   0: 3 0x800019b8 (0x03341533) x10 0xffffffff
core   0: 0x800019bc (0x00635593) srli    a1, t1, 6
core   0: 3 0x800019bc (0x00635593) x11 0x0113283d
core   0: 0x800019c0 (0x01af7133) and     sp, t5, s10
core   0: 3 0x800019c0 (0x01af7133) x 2 0x00000000
core   0: 0x800019c4 (0x03b62c33) mulhsu  s8, a2, s11
core   0: 3 0x800019c4 (0x03b62c33) x24 0x00000000
core   0: 0x800019c8 (0x00015933) srl     s2, sp, zero
core   0: 3 0x800019c8 (0x00015933) x18 0x00000000
core   0: 0x800019cc (0x01fe7033) and     zero, t3, t6
core   0: 3 0x800019cc (0x01fe7033)
core   0: 0x800019d0 (0x0df28e93) addi    t4, t0, 223
core   0: 3 0x800019d0 (0x0df28e93) x29 0x000000e0
core   0: 0x800019d4 (0xf166a393) slti    t2, a3, -234
core   0: 3 0x800019d4 (0xf166a393) x 7 0x00000000
core   0: 0x800019d8 (0x01d3ab13) slti    s6, t2, 29
core   0: 3 0x800019d8 (0x01d3ab13) x22 0x00000001
core   0: 0x800019dc (0x025b25b3) mulhsu  a1, s6, t0
core   0: 3 0x800019dc (0x025b25b3) x11 0x00000000
core   0: 0x800019e0 (0x468f7513) andi    a0, t5, 1128
core   0: 3 0x800019e0 (0x468f7513) x10 0x00000468
core   0: 0x800019e4 (0x02bcfdb3) remu    s11, s9, a1
core   0: 3 0x800019e4 (0x02bcfdb3) x27 0xb35f0d79
core   0: 0x800019e8 (0x21950193) addi    gp, a0, 537
core   0: 3 0x800019e8 (0x21950193) x 3 0x00000681
core   0: 0x800019ec (0x017cdc93) srli    s9, s9, 23
core   0: 3 0x800019ec (0x017cdc93) x25 0x00000166
core   0: 0x800019f0 (0x003c0ab3) add     s5, s8, gp
core   0: 3 0x800019f0 (0x003c0ab3) x21 0x00000681
core   0: 0x800019f4 (0x41285f13) srai    t5, a6, 18
core   0: 3 0x800019f4 (0x41285f13) x30 0xffffe000
core   0: 0x800019f8 (0x01f289b3) add     s3, t0, t6
core   0: 3 0x800019f8 (0x01f289b3) x19 0x00000001
core   0: 0x800019fc (0x01c91913) slli    s2, s2, 28
core   0: 3 0x800019fc (0x01c91913) x18 0x00000000
core   0: 0x80001a00 (0x0279dcb3) divu    s9, s3, t2
core   0: 3 0x80001a00 (0x0279dcb3) x25 0xffffffff
core   0: 0x80001a04 (0x02a193b3) mulh    t2, gp, a0
core   0: 3 0x80001a04 (0x02a193b3) x 7 0x00000000
core   0: 0x80001a08 (0x026e1eb3) mulh    t4, t3, t1
core   0: 3 0x80001a08 (0x026e1eb3) x29 0x00000000
core   0: 0x80001a0c (0x00101eb3) sll     t4, zero, ra
core   0: 3 0x80001a0c (0x00101eb3) x29 0x00000000
core   0: 0x80001a10 (0x40ecddb3) sra     s11, s9, a4
core   0: 3 0x80001a10 (0x40ecddb3) x27 0xffffffff
core   0: 0x80001a14 (0x036d5b33) divu    s6, s10, s6
core   0: 3 0x80001a14 (0x036d5b33) x22 0x00000000
core   0: 0x80001a18 (0x0367a333) mulhsu  t1, a5, s6
core   0: 3 0x80001a18 (0x0367a333) x 6 0x00000000
core   0: 0x80001a1c (0x03de0bb3) mul     s7, t3, t4
core   0: 3 0x80001a1c (0x03de0bb3) x23 0x00000000
core   0: 0x80001a20 (0x01729713) slli    a4, t0, 23
core   0: 3 0x80001a20 (0x01729713) x14 0x00800000
core   0: 0x80001a24 (0x9b0e0eb7) lui     t4, 0x9b0e0
core   0: 3 0x80001a24 (0x9b0e0eb7) x29 0x9b0e0000
core   0: 0x80001a28 (0x02d718b3) mulh    a7, a4, a3
core   0: 3 0x80001a28 (0x02d718b3) x17 0x00000002
core   0: 0x80001a2c (0xff112737) lui     a4, 0xff112
core   0: 3 0x80001a2c (0xff112737) x14 0xff112000
core   0: 0x80001a30 (0x011b5933) srl     s2, s6, a7
core   0: 3 0x80001a30 (0x011b5933) x18 0x00000000
core   0: 0x80001a34 (0x0041d293) srli    t0, gp, 4
core   0: 3 0x80001a34 (0x0041d293) x 5 0x00000068
core   0: 0x80001a38 (0x9c632413) slti    s0, t1, -1594
core   0: 3 0x80001a38 (0x9c632413) x 8 0x00000000
core   0: 0x80001a3c (0xe1ddbab7) lui     s5, 0xe1ddb
core   0: 3 0x80001a3c (0xe1ddbab7) x21 0xe1ddb000
core   0: 0x80001a40 (0x01f94633) xor     a2, s2, t6
core   0: 3 0x80001a40 (0x01f94633) x12 0x00000000
core   0: 0x80001a44 (0x022aaab3) mulhsu  s5, s5, sp
core   0: 3 0x80001a44 (0x022aaab3) x21 0x00000000
core   0: 0x80001a48 (0xfc11b693) sltiu   a3, gp, -63
core   0: 3 0x80001a48 (0xfc11b693) x13 0x00000001
core   0: 0x80001a4c (0x0372d1b3) divu    gp, t0, s7
core   0: 3 0x80001a4c (0x0372d1b3) x 3 0xffffffff
core   0: 0x80001a50 (0xfe534093) xori    ra, t1, -27
core   0: 3 0x80001a50 (0xfe534093) x 1 0xffffffe5
core   0: 0x80001a54 (0x02d54333) div     t1, a0, a3
core   0: 3 0x80001a54 (0x02d54333) x 6 0x00000468
core   0: 0x80001a58 (0x897d0093) addi    ra, s10, -1897
core   0: 3 0x80001a58 (0x897d0093) x 1 0xfffff897
core   0: 0x80001a5c (0x00548fb3) add     t6, s1, t0
core   0: 3 0x80001a5c (0x00548fb3) x31 0x80014ecc
core   0: 0x80001a60 (0x024ed0b3) divu    ra, t4, tp
core   0: 3 0x80001a60 (0x024ed0b3) x 1 0xffffffff
core   0: 0x80001a64 (0x5e9fe213) ori     tp, t6, 1513
core   0: 3 0x80001a64 (0x5e9fe213) x 4 0x80014fed
core   0: 0x80001a68 (0xc69a70b7) lui     ra, 0xc69a7
core   0: 3 0x80001a68 (0xc69a70b7) x 1 0xc69a7000
core   0: 0x80001a6c (0xa386d097) auipc   ra, 0xa386d
core   0: 3 0x80001a6c (0xa386d097) x 1 0x2386ea6c
core   0: 0x80001a70 (0x01259033) sll     zero, a1, s2
core   0: 3 0x80001a70 (0x01259033)
core   0: 0x80001a74 (0x01a15933) srl     s2, sp, s10
core   0: 3 0x80001a74 (0x01a15933) x18 0x00000000
core   0: 0x80001a78 (0x0011ee33) or      t3, gp, ra
core   0: 3 0x80001a78 (0x0011ee33) x28 0xffffffff
core   0: 0x80001a7c (0x19b2be13) sltiu   t3, t0, 411
core   0: 3 0x80001a7c (0x19b2be13) x28 0x00000001
core   0: 0x80001a80 (0x00ead213) srli    tp, s5, 14
core   0: 3 0x80001a80 (0x00ead213) x 4 0x00000000
core   0: 0x80001a84 (0x006403b3) add     t2, s0, t1
core   0: 3 0x80001a84 (0x006403b3) x 7 0x00000468
core   0: 0x80001a88 (0x00c02433) slt     s0, zero, a2
core   0: 3 0x80001a88 (0x00c02433) x 8 0x00000000
core   0: 0x80001a8c (0x020d7d33) remu    s10, s10, zero
core   0: 3 0x80001a8c (0x020d7d33) x26 0x00000000
core   0: 0x80001a90 (0x8bc58b13) addi    s6, a1, -1860
core   0: 3 0x80001a90 (0x8bc58b13) x22 0xfffff8bc
core   0: 0x80001a94 (0xe80f3bb7) lui     s7, 0xe80f3
core   0: 3 0x80001a94 (0xe80f3bb7) x23 0xe80f3000
core   0: 0x80001a98 (0x02dab0b3) mulhu   ra, s5, a3
core   0: 3 0x80001a98 (0x02dab0b3) x 1 0x00000000
core   0: 0x80001a9c (0xebf16f13) ori     t5, sp, -321
core   0: 3 0x80001a9c (0xebf16f13) x30 0xfffffebf
core   0: 0x80001aa0 (0x01754633) xor     a2, a0, s7
core   0: 3 0x80001aa0 (0x01754633) x12 0xe80f3468
core   0: 0x80001aa4 (0xb0ebba93) sltiu   s5, s7, -1266
core   0: 3 0x80001aa4 (0xb0ebba93) x21 0x00000001
core   0: 0x80001aa8 (0x002c9913) slli    s2, s9, 2
core   0: 3 0x80001aa8 (0x002c9913) x18 0xfffffffc
core   0: 0x80001aac (0x7c3f4593) xori    a1, t5, 1987
core   0: 3 0x80001aac (0x7c3f4593) x11 0xfffff97c
core   0: 0x80001ab0 (0x413f51b3) sra     gp, t5, s3
core   0: 3 0x80001ab0 (0x413f51b3) x 3 0xffffff5f
core   0: 0x80001ab4 (0x02ecdeb3) divu    t4, s9, a4
core   0: 3 0x80001ab4 (0x02ecdeb3) x29 0x00000001
core   0: 0x80001ab8 (0x0148a633) slt     a2, a7, s4
core   0: 3 0x80001ab8 (0x0148a633) x12 0x00000000
core   0: 0x80001abc (0x0074df93) srli    t6, s1, 7
core   0: 3 0x80001abc (0x0074df93) x31 0x0100029c
core   0: 0x80001ac0 (0xc85abe13) sltiu   t3, s5, -891
core   0: 3 0x80001ac0 (0xc85abe13) x28 0x00000001
core   0: 0x80001ac4 (0x1f85ec13) ori     s8, a1, 504
core   0: 3 0x80001ac4 (0x1f85ec13) x24 0xfffff9fc
core   0: 0x80001ac8 (0x018e48b3) xor     a7, t3, s8
core   0: 3 0x80001ac8 (0x018e48b3) x17 0xfffff9fd
core   0: 0x80001acc (0x00b5c033) xor     zero, a1, a1
core   0: 3 0x80001acc (0x00b5c033)
core   0: 0x80001ad0 (0x02f222b3) mulhsu  t0, tp, a5
core   0: 3 0x80001ad0 (0x02f222b3) x 5 0x00000000
core   0: 0x80001ad4 (0x6a69c517) auipc   a0, 0x6a69c
core   0: 3 0x80001ad4 (0x6a69c517) x10 0xea69dad4
core   0: 0x80001ad8 (0xeb4fb613) sltiu   a2, t6, -332
core   0: 3 0x80001ad8 (0xeb4fb613) x12 0x00000001
core   0: 0x80001adc (0x03621e33) mulh    t3, tp, s6
core   0: 3 0x80001adc (0x03621e33) x28 0x00000000
core   0: 0x80001ae0 (0x004255b3) srl     a1, tp, tp
core   0: 3 0x80001ae0 (0x004255b3) x11 0x00000000
core   0: 0x80001ae4 (0x011e1e13) slli    t3, t3, 17
core   0: 3 0x80001ae4 (0x011e1e13) x28 0x00000000
core   0: 0x80001ae8 (0x403b5b93) srai    s7, s6, 3
core   0: 3 0x80001ae8 (0x403b5b93) x23 0xffffff17
core   0: 0x80001aec (0x4017d333) sra     t1, a5, ra
core   0: 3 0x80001aec (0x4017d333) x 6 0x22657251
core   0: 0x80001af0 (0x006b1033) sll     zero, s6, t1
core   0: 3 0x80001af0 (0x006b1033)
core   0: 0x80001af4 (0x08baed13) ori     s10, s5, 139
core   0: 3 0x80001af4 (0x08baed13) x26 0x0000008b
core   0: 0x80001af8 (0x7dfbae93) slti    t4, s7, 2015
core   0: 3 0x80001af8 (0x7dfbae93) x29 0x00000001
core   0: 0x80001afc (0x00e98eb3) add     t4, s3, a4
core   0: 3 0x80001afc (0x00e98eb3) x29 0xff112001
core   0: 0x80001b00 (0xcbd94237) lui     tp, 0xcbd94
core   0: 3 0x80001b00 (0xcbd94237) x 4 0xcbd94000
core   0: 0x80001b04 (0x418d5113) srai    sp, s10, 24
core   0: 3 0x80001b04 (0x418d5113) x 2 0x00000000
core   0: 0x80001b08 (0x00db0cb3) add     s9, s6, a3
core   0: 3 0x80001b08 (0x00db0cb3) x25 0xfffff8bd
core   0: 0x80001b0c (0x02d343b3) div     t2, t1, a3
core   0: 3 0x80001b0c (0x02d343b3) x 7 0x22657251
core   0: 0x80001b10 (0x039311b3) mulh    gp, t1, s9
core   0: 3 0x80001b10 (0x039311b3) x 3 0xffffff06
core   0: 0x80001b14 (0x97ad3037) lui     zero, 0x97ad3
core   0: 3 0x80001b14 (0x97ad3037)
core   0: 0x80001b18 (0x0267a7b3) mulhsu  a5, a5, t1
core   0: 3 0x80001b18 (0x0267a7b3) x15 0x049f1a90
core   0: 0x80001b1c (0x039660b3) rem     ra, a2, s9
core   0: 3 0x80001b1c (0x039660b3) x 1 0x00000001
core   0: 0x80001b20 (0x1f89cb13) xori    s6, s3, 504
core   0: 3 0x80001b20 (0x1f89cb13) x22 0x000001f9
core   0: 0x80001b24 (0x007a1413) slli    s0, s4, 7
core   0: 3 0x80001b24 (0x007a1413) x 8 0x6c5e4280
core   0: 0x80001b28 (0x41155233) sra     tp, a0, a7
core   0: 3 0x80001b28 (0x41155233) x 4 0xffffffff
core   0: 0x80001b2c (0x03f2d133) divu    sp, t0, t6
core   0: 3 0x80001b2c (0x03f2d133) x 2 0x00000000
core   0: 0x80001b30 (0x01627333) and     t1, tp, s6
core   0: 3 0x80001b30 (0x01627333) x 6 0x000001f9
core   0: 0x80001b34 (0x03bd11b3) mulh    gp, s10, s11
core   0: 3 0x80001b34 (0x03bd11b3) x 3 0xffffffff
core   0: 0x80001b38 (0x91042513) slti    a0, s0, -1776
core   0: 3 0x80001b38 (0x91042513) x10 0x00000000
core   0: 0x80001b3c (0x408657b3) sra     a5, a2, s0
core   0: 3 0x80001b3c (0x408657b3) x15 0x00000001
core   0: 0x80001b40 (0x00000013) nop
core   0: 3 0x80001b40 (0x00000013)
core   0: 0x80001b44 (0x00ff3333) sltu    t1, t5, a5
core   0: 3 0x80001b44 (0x00ff3333) x 6 0x00000000
core   0: 0x80001b48 (0x2fb0af13) slti    t5, ra, 763
core   0: 3 0x80001b48 (0x2fb0af13) x30 0x00000001
core   0: 0x80001b4c (0x00f576b3) and     a3, a0, a5
core   0: 3 0x80001b4c (0x00f576b3) x13 0x00000000
core   0: 0x80001b50 (0x0040b8b3) sltu    a7, ra, tp
core   0: 3 0x80001b50 (0x0040b8b3) x17 0x00000001
core   0: 0x80001b54 (0x00239733) sll     a4, t2, sp
core   0: 3 0x80001b54 (0x00239733) x14 0x22657251
core   0: 0x80001b58 (0xa01f99b7) lui     s3, 0xa01f9
core   0: 3 0x80001b58 (0xa01f99b7) x19 0xa01f9000
core   0: 0x80001b5c (0x037dff33) remu    t5, s11, s7
core   0: 3 0x80001b5c (0x037dff33) x30 0x000000e8
core   0: 0x80001b60 (0x41c5d913) srai    s2, a1, 28
core   0: 3 0x80001b60 (0x41c5d913) x18 0x00000000
core   0: 0x80001b64 (0x03138933) mul     s2, t2, a7
core   0: 3 0x80001b64 (0x03138933) x18 0x22657251
core   0: 0x80001b68 (0x0307b233) mulhu   tp, a5, a6
core   0: 3 0x80001b68 (0x0307b233) x 4 0x00000000
core   0: 0x80001b6c (0x0177a133) slt     sp, a5, s7
core   0: 3 0x80001b6c (0x0177a133) x 2 0x00000000
core   0: 0x80001b70 (0x00be7133) and     sp, t3, a1
core   0: 3 0x80001b70 (0x00be7133) x 2 0x00000000
core   0: 0x80001b74 (0x00355013) srli    zero, a0, 3
core   0: 3 0x80001b74 (0x00355013)
core   0: 0x80001b78 (0x355eec93) ori     s9, t4, 853
core   0: 3 0x80001b78 (0x355eec93) x25 0xff112355
core   0: 0x80001b7c (0x412f5713) srai    a4, t5, 18
core   0: 3 0x80001b7c (0x412f5713) x14 0x00000000
core   0: 0x80001b80 (0xc752fa93) andi    s5, t0, -907
core   0: 3 0x80001b80 (0xc752fa93) x21 0x00000000
core   0: 0x80001b84 (0xc9616993) ori     s3, sp, -874
core   0: 3 0x80001b84 (0xc9616993) x19 0xfffffc96
core   0: 0x80001b88 (0x40c95eb3) sra     t4, s2, a2
core   0: 3 0x80001b88 (0x40c95eb3) x29 0x1132b928
core   0: 0x80001b8c (0x866c6793) ori     a5, s8, -1946
core   0: 3 0x80001b8c (0x866c6793) x15 0xfffff9fe
core   0: 0x80001b90 (0x00559933) sll     s2, a1, t0
core   0: 3 0x80001b90 (0x00559933) x18 0x00000000
core   0: 0x80001b94 (0x00e81c93) slli    s9, a6, 14
core   0: 3 0x80001b94 (0x00e81c93) x25 0x63390000
core   0: 0x80001b98 (0x00629013) slli    zero, t0, 6
core   0: 3 0x80001b98 (0x00629013)
core   0: 0x80001b9c (0x03ce8933) mul     s2, t4, t3
core   0: 3 0x80001b9c (0x03ce8933) x18 0x00000000
core   0: 0x80001ba0 (0x00831633) sll     a2, t1, s0
core   0: 3 0x80001ba0 (0x00831633) x12 0x00000000
core   0: 0x80001ba4 (0xb5687293) andi    t0, a6, -1194
core   0: 3 0x80001ba4 (0xb5687293) x 5 0x80018844
core   0: 0x80001ba8 (0x037d8633) mul     a2, s11, s7
core   0: 3 0x80001ba8 (0x037d8633) x12 0x000000e9
core   0: 0x80001bac (0x03f9ff33) remu    t5, s3, t6
core   0: 3 0x80001bac (0x03f9ff33) x30 0x00fd6332
core   0: 0x80001bb0 (0x3c8e1db7) lui     s11, 0x3c8e1
core   0: 3 0x80001bb0 (0x3c8e1db7) x27 0x3c8e1000
core   0: 0x80001bb4 (0x02ca12b3) mulh    t0, s4, a2
core   0: 3 0x80001bb4 (0x02ca12b3) x 5 0xffffffc1
core   0: 0x80001bb8 (0x40a50fb3) sub     t6, a0, a0
core   0: 3 0x80001bb8 (0x40a50fb3) x31 0x00000000
core   0: 0x80001bbc (0x40db8233) sub     tp, s7, a3
core   0: 3 0x80001bbc (0x40db8233) x 4 0xffffff17
core   0: 0x80001bc0 (0xb516a693) slti    a3, a3, -1199
core   0: 3 0x80001bc0 (0xb516a693) x13 0x00000000
core   0: 0x80001bc4 (0x0182a433) slt     s0, t0, s8
core   0: 3 0x80001bc4 (0x0182a433) x 8 0x00000000
core   0: 0x80001bc8 (0x006d1613) slli    a2, s10, 6
core   0: 3 0x80001bc8 (0x006d1613) x12 0x000022c0
core   0: 0x80001bcc (0x02c0dc33) divu    s8, ra, a2
core   0: 3 0x80001bcc (0x02c0dc33) x24 0x00000000
core   0: 0x80001bd0 (0x7c5c0593) addi    a1, s8, 1989
core   0: 3 0x80001bd0 (0x7c5c0593) x11 0x000007c5
core   0: 0x80001bd4 (0x02582db3) mulhsu  s11, a6, t0
core   0: 3 0x80001bd4 (0x02582db3) x27 0x80018d03
core   0: 0x80001bd8 (0x02f8b8b3) mulhu   a7, a7, a5
core   0: 3 0x80001bd8 (0x02f8b8b3) x17 0x00000000
core   0: 0x80001bdc (0x3002e797) auipc   a5, 0x3002e
core   0: 3 0x80001bdc (0x3002e797) x15 0xb002fbdc
core   0: 0x80001be0 (0x000f9d13) slli    s10, t6, 0
core   0: 3 0x80001be0 (0x000f9d13) x26 0x00000000
core   0: 0x80001be4 (0x003c1d33) sll     s10, s8, gp
core   0: 3 0x80001be4 (0x003c1d33) x26 0x00000000
core   0: 0x80001be8 (0x00ba00b3) add     ra, s4, a1
core   0: 3 0x80001be8 (0x00ba00b3) x 1 0xbad8c44a
core   0: 0x80001bec (0x0327aeb3) mulhsu  t4, a5, s2
core   0: 3 0x80001bec (0x0327aeb3) x29 0x00000000
core   0: 0x80001bf0 (0xc0622997) auipc   s3, 0xc0622
core   0: 3 0x80001bf0 (0xc0622997) x19 0x40623bf0
core   0: 0x80001bf4 (0x01463c33) sltu    s8, a2, s4
core   0: 3 0x80001bf4 (0x01463c33) x24 0x00000001
core   0: 0x80001bf8 (0x004bbe33) sltu    t3, s7, tp
core   0: 3 0x80001bf8 (0x004bbe33) x28 0x00000000
core   0: 0x80001bfc (0x00000013) nop
core   0: 3 0x80001bfc (0x00000013)
core   0: 0x80001c00 (0x15513a93) sltiu   s5, sp, 341
core   0: 3 0x80001c00 (0x15513a93) x21 0x00000001
core   0: 0x80001c04 (0x00a8d113) srli    sp, a7, 10
core   0: 3 0x80001c04 (0x00a8d113) x 2 0x00000000
core   0: 0x80001c08 (0x00d7d413) srli    s0, a5, 13
core   0: 3 0x80001c08 (0x00d7d413) x 8 0x00058017
core   0: 0x80001c0c (0x41d28533) sub     a0, t0, t4
core   0: 3 0x80001c0c (0x41d28533) x10 0xffffffc1
core   0: 0x80001c10 (0x0267f7b3) remu    a5, a5, t1
core   0: 3 0x80001c10 (0x0267f7b3) x15 0xb002fbdc
core   0: 0x80001c14 (0x4027d733) sra     a4, a5, sp
core   0: 3 0x80001c14 (0x4027d733) x14 0xb002fbdc
core   0: 0x80001c18 (0x78c1fd13) andi    s10, gp, 1932
core   0: 3 0x80001c18 (0x78c1fd13) x26 0x0000078c
core   0: 0x80001c1c (0x4009dd93) srai    s11, s3, 0
core   0: 3 0x80001c1c (0x4009dd93) x27 0x40623bf0
core   0: 0x80001c20 (0x036b6033) rem     zero, s6, s6
core   0: 3 0x80001c20 (0x036b6033)
core   0: 0x80001c24 (0xc2f96f93) ori     t6, s2, -977
core   0: 3 0x80001c24 (0xc2f96f93) x31 0xfffffc2f
core   0: 0x80001c28 (0x026208b3) mul     a7, tp, t1
core   0: 3 0x80001c28 (0x026208b3) x17 0x00000000
core   0: 0x80001c2c (0x03456eb3) rem     t4, a0, s4
core   0: 3 0x80001c2c (0x03456eb3) x29 0xffffffc1
core   0: 0x80001c30 (0x02765233) divu    tp, a2, t2
core   0: 3 0x80001c30 (0x02765233) x 4 0x00000000
core   0: 0x80001c34 (0xa3a1be13) sltiu   t3, gp, -1478
core   0: 3 0x80001c34 (0xa3a1be13) x28 0x00000000
core   0: 0x80001c38 (0x03bfc533) div     a0, t6, s11
core   0: 3 0x80001c38 (0x03bfc533) x10 0x00000000
core   0: 0x80001c3c (0x02244d33) div     s10, s0, sp
core   0: 3 0x80001c3c (0x02244d33) x26 0xffffffff
core   0: 0x80001c40 (0x008a45b3) xor     a1, s4, s0
core   0: 3 0x80001c40 (0x008a45b3) x11 0xbadd3c92
core   0: 0x80001c44 (0x010c1693) slli    a3, s8, 16
core   0: 3 0x80001c44 (0x010c1693) x13 0x00010000
core   0: 0x80001c48 (0x3cb8f713) andi    a4, a7, 971
core   0: 3 0x80001c48 (0x3cb8f713) x14 0x00000000
core   0: 0x80001c4c (0x00650933) add     s2, a0, t1
core   0: 3 0x80001c4c (0x00650933) x18 0x00000000
core   0: 0x80001c50 (0x03768d33) mul     s10, a3, s7
core   0: 3 0x80001c50 (0x03768d33) x26 0xff170000
core   0: 0x80001c54 (0x03ad5db3) divu    s11, s10, s10
core   0: 3 0x80001c54 (0x03ad5db3) x27 0x00000001
core   0: 0x80001c58 (0x400fd0b3) sra     ra, t6, zero
core   0: 3 0x80001c58 (0x400fd0b3) x 1 0xfffffc2f
core   0: 0x80001c5c (0x00000013) nop
core   0: 3 0x80001c5c (0x00000013)
core   0: 0x80001c60 (0x01554d33) xor     s10, a0, s5
core   0: 3 0x80001c60 (0x01554d33) x26 0x00000001
core   0: 0x80001c64 (0x030b3633) mulhu   a2, s6, a6
core   0: 3 0x80001c64 (0x030b3633) x12 0x000000fc
core   0: 0x80001c68 (0x028641b3) div     gp, a2, s0
core   0: 3 0x80001c68 (0x028641b3) x 3 0x00000000
core   0: 0x80001c6c (0x20497c93) andi    s9, s2, 516
core   0: 3 0x80001c6c (0x20497c93) x25 0x00000000
core   0: 0x80001c70 (0x025dd8b3) divu    a7, s11, t0
core   0: 3 0x80001c70 (0x025dd8b3) x17 0x00000000
core   0: 0x80001c74 (0x01192f33) slt     t5, s2, a7
core   0: 3 0x80001c74 (0x01192f33) x30 0x00000000
core   0: 0x80001c78 (0x009a68b3) or      a7, s4, s1
core   0: 3 0x80001c78 (0x009a68b3) x17 0xbad9fee5
core   0: 0x80001c7c (0x02d6a1b3) mulhsu  gp, a3, a3
core   0: 3 0x80001c7c (0x02d6a1b3) x 3 0x00000001
core   0: 0x80001c80 (0x034be233) rem     tp, s7, s4
core   0: 3 0x80001c80 (0x034be233) x 4 0xffffff17
core   0: 0x80001c84 (0x66374f93) xori    t6, a4, 1635
core   0: 3 0x80001c84 (0x66374f93) x31 0x00000663
core   0: 0x80001c88 (0x00785793) srli    a5, a6, 7
core   0: 3 0x80001c88 (0x00785793) x15 0x01000319
core   0: 0x80001c8c (0xa666f397) auipc   t2, 0xa666f
core   0: 3 0x80001c8c (0xa666f397) x 7 0x26670c8c
core   0: 0x80001c90 (0x4149d7b3) sra     a5, s3, s4
core   0: 3 0x80001c90 (0x4149d7b3) x15 0x020311df
core   0: 0x80001c94 (0x002a8533) add     a0, s5, sp
core   0: 3 0x80001c94 (0x002a8533) x10 0x00000001
core   0: 0x80001c98 (0xede50f93) addi    t6, a0, -290
core   0: 3 0x80001c98 (0xede50f93) x31 0xfffffedf
core   0: 0x80001c9c (0x21e30993) addi    s3, t1, 542
core   0: 3 0x80001c9c (0x21e30993) x19 0x0000021e
core   0: 0x80001ca0 (0x5dcd7693) andi    a3, s10, 1500
core   0: 3 0x80001ca0 (0x5dcd7693) x13 0x00000000
core   0: 0x80001ca4 (0x0645fe93) andi    t4, a1, 100
core   0: 3 0x80001ca4 (0x0645fe93) x29 0x00000000
core   0: 0x80001ca8 (0x0158de13) srli    t3, a7, 21
core   0: 3 0x80001ca8 (0x0158de13) x28 0x000005d6
core   0: 0x80001cac (0x41a55d93) srai    s11, a0, 26
core   0: 3 0x80001cac (0x41a55d93) x27 0x00000000
core   0: 0x80001cb0 (0x02727f33) remu    t5, tp, t2
core   0: 3 0x80001cb0 (0x02727f33) x30 0x1995b3cf
core   0: 0x80001cb4 (0x0082c3b3) xor     t2, t0, s0
core   0: 3 0x80001cb4 (0x0082c3b3) x 7 0xfffa7fd6
core   0: 0x80001cb8 (0x000c5913) srli    s2, s8, 0
core   0: 3 0x80001cb8 (0x000c5913) x18 0x00000001
core   0: 0x80001cbc (0x19c93d13) sltiu   s10, s2, 412
core   0: 3 0x80001cbc (0x19c93d13) x26 0x00000001
core   0: 0x80001cc0 (0x01649313) slli    t1, s1, 22
core   0: 3 0x80001cc0 (0x01649313) x 6 0x99000000
core   0: 0x80001cc4 (0x0257a1b3) mulhsu  gp, a5, t0
core   0: 3 0x80001cc4 (0x0257a1b3) x 3 0x020311de
core   0: 0x80001cc8 (0x01258333) add     t1, a1, s2
core   0: 3 0x80001cc8 (0x01258333) x 6 0xbadd3c93
core   0: 0x80001ccc (0x032ee033) rem     zero, t4, s2
core   0: 3 0x80001ccc (0x032ee033)
core   0: 0x80001cd0 (0x44afdeb7) lui     t4, 0x44afd
core   0: 3 0x80001cd0 (0x44afdeb7) x29 0x44afd000
core   0: 0x80001cd4 (0x011b7533) and     a0, s6, a7
core   0: 3 0x80001cd4 (0x011b7533) x10 0x000000e1
core   0: 0x80001cd8 (0x02064433) div     s0, a2, zero
core   0: 3 0x80001cd8 (0x02064433) x 8 0xffffffff
core   0: 0x80001cdc (0x82e4e793) ori     a5, s1, -2002
core   0: 3 0x80001cdc (0x82e4e793) x15 0xfffffe6e
core   0: 0x80001ce0 (0x006c8b33) add     s6, s9, t1
core   0: 3 0x80001ce0 (0x006c8b33) x22 0xbadd3c93
core   0: 0x80001ce4 (0x037287b3) mul     a5, t0, s7
core   0: 3 0x80001ce4 (0x037287b3) x15 0x00003957
core   0: 0x80001ce8 (0x03c3afb3) mulhsu  t6, t2, t3
core   0: 3 0x80001ce8 (0x03c3afb3) x31 0xffffffff
core   0: 0x80001cec (0x030541b3) div     gp, a0, a6
core   0: 3 0x80001cec (0x030541b3) x 3 0x00000000
core   0: 0x80001cf0 (0x021e2633) mulhsu  a2, t3, ra
core   0: 3 0x80001cf0 (0x021e2633) x12 0x000005d5
core   0: 0x80001cf4 (0x009a6533) or      a0, s4, s1
core   0: 3 0x80001cf4 (0x009a6533) x10 0xbad9fee5
core   0: 0x80001cf8 (0x6b7aa213) slti    tp, s5, 1719
core   0: 3 0x80001cf8 (0x6b7aa213) x 4 0x00000001
core   0: 0x80001cfc (0x757ca693) slti    a3, s9, 1879
core   0: 3 0x80001cfc (0x757ca693) x13 0x00000001
core   0: 0x80001d00 (0x00000013) nop
core   0: 3 0x80001d00 (0x00000013)
core   0: 0x80001d04 (0x01fca433) slt     s0, s9, t6
core   0: 3 0x80001d04 (0x01fca433) x 8 0x00000000
core   0: 0x80001d08 (0x416ad513) srai    a0, s5, 22
core   0: 3 0x80001d08 (0x416ad513) x10 0x00000000
core   0: 0x80001d0c (0x0329a333) mulhsu  t1, s3, s2
core   0: 3 0x80001d0c (0x0329a333) x 6 0x00000000
core   0: 0x80001d10 (0xa492f013) andi    zero, t0, -1463
core   0: 3 0x80001d10 (0xa492f013)
core   0: 0x80001d14 (0x01609193) slli    gp, ra, 22
core   0: 3 0x80001d14 (0x01609193) x 3 0x0bc00000
core   0: 0x80001d18 (0x40a6d633) sra     a2, a3, a0
core   0: 3 0x80001d18 (0x40a6d633) x12 0x00000001
core   0: 0x80001d1c (0x41fd8733) sub     a4, s11, t6
core   0: 3 0x80001d1c (0x41fd8733) x14 0x00000001
core   0: 0x80001d20 (0xcb870013) addi    zero, a4, -840
core   0: 3 0x80001d20 (0xcb870013)
core   0: 0x80001d24 (0x01c83233) sltu    tp, a6, t3
core   0: 3 0x80001d24 (0x01c83233) x 4 0x00000000
core   0: 0x80001d28 (0x02eda8b3) mulhsu  a7, s11, a4
core   0: 3 0x80001d28 (0x02eda8b3) x17 0x00000000
core   0: 0x80001d2c (0x03ab7433) remu    s0, s6, s10
core   0: 3 0x80001d2c (0x03ab7433) x 8 0x00000000
core   0: 0x80001d30 (0x0373a933) mulhsu  s2, t2, s7
core   0: 3 0x80001d30 (0x0373a933) x18 0xfffa7fd6
core   0: 0x80001d34 (0x03c235b3) mulhu   a1, tp, t3
core   0: 3 0x80001d34 (0x03c235b3) x11 0x00000000
core   0: 0x80001d38 (0x01e15b93) srli    s7, sp, 30
core   0: 3 0x80001d38 (0x01e15b93) x23 0x00000000
core   0: 0x80001d3c (0xc27afe13) andi    t3, s5, -985
core   0: 3 0x80001d3c (0xc27afe13) x28 0x00000001
core   0: 0x80001d40 (0x008bd3b3) srl     t2, s7, s0
core   0: 3 0x80001d40 (0x008bd3b3) x 7 0x00000000
core   0: 0x80001d44 (0x404602b3) sub     t0, a2, tp
core   0: 3 0x80001d44 (0x404602b3) x 5 0x00000001
core   0: 0x80001d48 (0x0014e033) or      zero, s1, ra
core   0: 3 0x80001d48 (0x0014e033)
core   0: 0x80001d4c (0x022af333) remu    t1, s5, sp
core   0: 3 0x80001d4c (0x022af333) x 6 0x00000001
core   0: 0x80001d50 (0x00000013) nop
core   0: 3 0x80001d50 (0x00000013)
core   0: 0x80001d54 (0x0232eb33) rem     s6, t0, gp
core   0: 3 0x80001d54 (0x0232eb33) x22 0x00000001
core   0: 0x80001d58 (0x9bb93113) sltiu   sp, s2, -1605
core   0: 3 0x80001d58 (0x9bb93113) x 2 0x00000001
core   0: 0x80001d5c (0x4c1de413) ori     s0, s11, 1217
core   0: 3 0x80001d5c (0x4c1de413) x 8 0x000004c1
core   0: 0x80001d60 (0x02ca7fb3) remu    t6, s4, a2
core   0: 3 0x80001d60 (0x02ca7fb3) x31 0x00000000
core   0: 0x80001d64 (0x01f87cb3) and     s9, a6, t6
core   0: 3 0x80001d64 (0x01f87cb3) x25 0x00000000
core   0: 0x80001d68 (0x0205f333) remu    t1, a1, zero
core   0: 3 0x80001d68 (0x0205f333) x 6 0x00000000
core   0: 0x80001d6c (0xa2fbc113) xori    sp, s7, -1489
core   0: 3 0x80001d6c (0xa2fbc113) x 2 0xfffffa2f
core   0: 0x80001d70 (0x0111adb3) slt     s11, gp, a7
core   0: 3 0x80001d70 (0x0111adb3) x27 0x00000000
core   0: 0x80001d74 (0x4072dc93) srai    s9, t0, 7
core   0: 3 0x80001d74 (0x4072dc93) x25 0x00000000
core   0: 0x80001d78 (0x00530d33) add     s10, t1, t0
core   0: 3 0x80001d78 (0x00530d33) x26 0x00000001
core   0: 0x80001d7c (0x885b3637) lui     a2, 0x885b3
core   0: 3 0x80001d7c (0x885b3637) x12 0x885b3000
core   0: 0x80001d80 (0x4c888193) addi    gp, a7, 1224
core   0: 3 0x80001d80 (0x4c888193) x 3 0x000004c8
core   0: 0x80001d84 (0x41c1dc13) srai    s8, gp, 28
core   0: 3 0x80001d84 (0x41c1dc13) x24 0x00000000
core   0: 0x80001d88 (0x00e768b3) or      a7, a4, a4
core   0: 3 0x80001d88 (0x00e768b3) x17 0x00000001
core   0: 0x80001d8c (0x03f7fdb3) remu    s11, a5, t6
core   0: 3 0x80001d8c (0x03f7fdb3) x27 0x00003957
core   0: 0x80001d90 (0xfed78e93) addi    t4, a5, -19
core   0: 3 0x80001d90 (0xfed78e93) x29 0x00003944
core   0: 0x80001d94 (0x0144a0b3) slt     ra, s1, s4
core   0: 3 0x80001d94 (0x0144a0b3) x 1 0x00000001
core   0: 0x80001d98 (0x003232b3) sltu    t0, tp, gp
core   0: 3 0x80001d98 (0x003232b3) x 5 0x00000001
core   0: 0x80001d9c (0xdc6ea617) auipc   a2, 0xdc6ea
core   0: 3 0x80001d9c (0xdc6ea617) x12 0x5c6ebd9c
core   0: 0x80001da0 (0x01a91413) slli    s0, s2, 26
core   0: 3 0x80001da0 (0x01a91413) x 8 0x58000000
core   0: 0x80001da4 (0xe1cea593) slti    a1, t4, -484
core   0: 3 0x80001da4 (0xe1cea593) x11 0x00000000
core   0: 0x80001da8 (0x00e7dfb3) srl     t6, a5, a4
core   0: 3 0x80001da8 (0x00e7dfb3) x31 0x00001cab
core   0: 0x80001dac (0xece16c93) ori     s9, sp, -306
core   0: 3 0x80001dac (0xece16c93) x25 0xfffffeef
core   0: 0x80001db0 (0x0388acb3) mulhsu  s9, a7, s8
core   0: 3 0x80001db0 (0x0388acb3) x25 0x00000000
core   0: 0x80001db4 (0x41235d13) srai    s10, t1, 18
core   0: 3 0x80001db4 (0x41235d13) x26 0x00000000
core   0: 0x80001db8 (0x40f25233) sra     tp, tp, a5
core   0: 3 0x80001db8 (0x40f25233) x 4 0x00000000
core   0: 0x80001dbc (0x029639b3) mulhu   s3, a2, s1
core   0: 3 0x80001dbc (0x029639b3) x19 0x2e37d78a
core   0: 0x80001dc0 (0x41718db3) sub     s11, gp, s7
core   0: 3 0x80001dc0 (0x41718db3) x27 0x000004c8
core   0: 0x80001dc4 (0x022497b3) mulh    a5, s1, sp
core   0: 3 0x80001dc4 (0x022497b3) x15 0x000002e8
core   0: 0x80001dc8 (0x0169bab3) sltu    s5, s3, s6
core   0: 3 0x80001dc8 (0x0169bab3) x21 0x00000000
core   0: 0x80001dcc (0x4b0a2093) slti    ra, s4, 1200
core   0: 3 0x80001dcc (0x4b0a2093) x 1 0x00000001
core   0: 0x80001dd0 (0x0296ceb3) div     t4, a3, s1
core   0: 3 0x80001dd0 (0x0296ceb3) x29 0x00000000
core   0: 0x80001dd4 (0x00000013) nop
core   0: 3 0x80001dd4 (0x00000013)
core   0: 0x80001dd8 (0x029ef733) remu    a4, t4, s1
core   0: 3 0x80001dd8 (0x029ef733) x14 0x00000000
core   0: 0x80001ddc (0x039b8f33) mul     t5, s7, s9
core   0: 3 0x80001ddc (0x039b8f33) x30 0x00000000
core   0: 0x80001de0 (0x00a37b33) and     s6, t1, a0
core   0: 3 0x80001de0 (0x00a37b33) x22 0x00000000
core   0: 0x80001de4 (0x004e17b3) sll     a5, t3, tp
core   0: 3 0x80001de4 (0x004e17b3) x15 0x00000001
core   0: 0x80001de8 (0x01c9c8b3) xor     a7, s3, t3
core   0: 3 0x80001de8 (0x01c9c8b3) x17 0x2e37d78b
core   0: 0x80001dec (0x01ba4bb3) xor     s7, s4, s11
core   0: 3 0x80001dec (0x01ba4bb3) x23 0xbad8b84d
core   0: 0x80001df0 (0x00960ab3) add     s5, a2, s1
core   0: 3 0x80001df0 (0x00960ab3) x21 0xdc700c00
core   0: 0x80001df4 (0x004dc0b3) xor     ra, s11, tp
core   0: 3 0x80001df4 (0x004dc0b3) x 1 0x000004c8
core   0: 0x80001df8 (0xd420f793) andi    a5, ra, -702
core   0: 3 0x80001df8 (0xd420f793) x15 0x00000440
core   0: 0x80001dfc (0x1b190d13) addi    s10, s2, 433
core   0: 3 0x80001dfc (0x1b190d13) x26 0xfffa8187
core   0: 0x80001e00 (0x40995993) srai    s3, s2, 9
core   0: 3 0x80001e00 (0x40995993) x19 0xfffffd3f
core   0: 0x80001e04 (0x00345093) srli    ra, s0, 3
core   0: 3 0x80001e04 (0x00345093) x 1 0x0b000000
core   0: 0x80001e08 (0x0261edb3) rem     s11, gp, t1
core   0: 3 0x80001e08 (0x0261edb3) x27 0x000004c8
core   0: 0x80001e0c (0x3d96c793) xori    a5, a3, 985
core   0: 3 0x80001e0c (0x3d96c793) x15 0x000003d8
core   0: 0x80001e10 (0x03dcbc33) mulhu   s8, s9, t4
core   0: 3 0x80001e10 (0x03dcbc33) x24 0x00000000
core   0: 0x80001e14 (0xa271ab13) slti    s6, gp, -1497
core   0: 3 0x80001e14 (0xa271ab13) x22 0x00000000
core   0: 0x80001e18 (0x9d545517) auipc   a0, 0x9d545
core   0: 3 0x80001e18 (0x9d545517) x10 0x1d546e18
core   0: 0x80001e1c (0x623ac193) xori    gp, s5, 1571
core   0: 3 0x80001e1c (0x623ac193) x 3 0xdc700a23
core   0: 0x80001e20 (0x86422913) slti    s2, tp, -1948
core   0: 3 0x80001e20 (0x86422913) x18 0x00000000
core   0: 0x80001e24 (0x412ddc33) sra     s8, s11, s2
core   0: 3 0x80001e24 (0x412ddc33) x24 0x000004c8
core   0: 0x80001e28 (0x03f76633) rem     a2, a4, t6
core   0: 3 0x80001e28 (0x03f76633) x12 0x00000000
core   0: 0x80001e2c (0xd881e513) ori     a0, gp, -632
core   0: 3 0x80001e2c (0xd881e513) x10 0xffffffab
core   0: 0x80001e30 (0x02a02533) mulhsu  a0, zero, a0
core   0: 3 0x80001e30 (0x02a02533) x10 0x00000000
core   0: 0x80001e34 (0x01111e93) slli    t4, sp, 17
core   0: 3 0x80001e34 (0x01111e93) x29 0xf45e0000
core   0: 0x80001e38 (0x025f3033) mulhu   zero, t5, t0
core   0: 3 0x80001e38 (0x025f3033)
core   0: 0x80001e3c (0x00f07c33) and     s8, zero, a5
core   0: 3 0x80001e3c (0x00f07c33) x24 0x00000000
core   0: 0x80001e40 (0x03108033) mul     zero, ra, a7
core   0: 3 0x80001e40 (0x03108033)
core   0: 0x80001e44 (0x03c28bb3) mul     s7, t0, t3
core   0: 3 0x80001e44 (0x03c28bb3) x23 0x00000001
core   0: 0x80001e48 (0x004f81b3) add     gp, t6, tp
core   0: 3 0x80001e48 (0x004f81b3) x 3 0x00001cab
core   0: 0x80001e4c (0x27bb8713) addi    a4, s7, 635
core   0: 3 0x80001e4c (0x27bb8713) x14 0x0000027c
core   0: 0x80001e50 (0x40cad713) srai    a4, s5, 12
core   0: 3 0x80001e50 (0x40cad713) x14 0xfffdc700
core   0: 0x80001e54 (0x03c66733) rem     a4, a2, t3
core   0: 3 0x80001e54 (0x03c66733) x14 0x00000000
core   0: 0x80001e58 (0x01662bb3) slt     s7, a2, s6
core   0: 3 0x80001e58 (0x01662bb3) x23 0x00000000
core   0: 0x80001e5c (0x0359e0b3) rem     ra, s3, s5
core   0: 3 0x80001e5c (0x0359e0b3) x 1 0xfffffd3f
core   0: 0x80001e60 (0x384522b7) lui     t0, 0x38452
core   0: 3 0x80001e60 (0x384522b7) x 5 0x38452000
core   0: 0x80001e64 (0x0138a6b3) slt     a3, a7, s3
core   0: 3 0x80001e64 (0x0138a6b3) x13 0x00000000
core   0: 0x80001e68 (0x8a16a313) slti    t1, a3, -1887
core   0: 3 0x80001e68 (0x8a16a313) x 6 0x00000000
core   0: 0x80001e6c (0x02edaab3) mulhsu  s5, s11, a4
core   0: 3 0x80001e6c (0x02edaab3) x21 0x00000000
core   0: 0x80001e70 (0x001f0e33) add     t3, t5, ra
core   0: 3 0x80001e70 (0x001f0e33) x28 0xfffffd3f
core   0: 0x80001e74 (0x03dbac33) mulhsu  s8, s7, t4
core   0: 3 0x80001e74 (0x03dbac33) x24 0x00000000
core   0: 0x80001e78 (0x1de79037) lui     zero, 0x1de79
core   0: 3 0x80001e78 (0x1de79037)
core   0: 0x80001e7c (0x4000db93) srai    s7, ra, 0
core   0: 3 0x80001e7c (0x4000db93) x23 0xfffffd3f
core   0: 0x80001e80 (0x410cd113) srai    sp, s9, 16
core   0: 3 0x80001e80 (0x410cd113) x 2 0x00000000
core   0: 0x80001e84 (0x0294e733) rem     a4, s1, s1
core   0: 3 0x80001e84 (0x0294e733) x14 0x00000000
core   0: 0x80001e88 (0x039a6db3) rem     s11, s4, s9
core   0: 3 0x80001e88 (0x039a6db3) x27 0xbad8bc85
core   0: 0x80001e8c (0x006039b3) snez    s3, t1
core   0: 3 0x80001e8c (0x006039b3) x19 0x00000000
core   0: 0x80001e90 (0x00ca1413) slli    s0, s4, 12
core   0: 3 0x80001e90 (0x00ca1413) x 8 0x8bc85000
core   0: 0x80001e94 (0x027f31b3) mulhu   gp, t5, t2
core   0: 3 0x80001e94 (0x027f31b3) x 3 0x00000000
core   0: 0x80001e98 (0x02e8b533) mulhu   a0, a7, a4
core   0: 3 0x80001e98 (0x02e8b533) x10 0x00000000
core   0: 0x80001e9c (0x0067af33) slt     t5, a5, t1
core   0: 3 0x80001e9c (0x0067af33) x30 0x00000000
core   0: 0x80001ea0 (0xfe33bc93) sltiu   s9, t2, -29
core   0: 3 0x80001ea0 (0xfe33bc93) x25 0x00000001
core   0: 0x80001ea4 (0x01e1a333) slt     t1, gp, t5
core   0: 3 0x80001ea4 (0x01e1a333) x 6 0x00000000
core   0: 0x80001ea8 (0x6ea37393) andi    t2, t1, 1770
core   0: 3 0x80001ea8 (0x6ea37393) x 7 0x00000000
core   0: 0x80001eac (0x00b73433) sltu    s0, a4, a1
core   0: 3 0x80001eac (0x00b73433) x 8 0x00000000
core   0: 0x80001eb0 (0x02b4d033) divu    zero, s1, a1
core   0: 3 0x80001eb0 (0x02b4d033)
core   0: 0x80001eb4 (0x03eaa433) mulhsu  s0, s5, t5
core   0: 3 0x80001eb4 (0x03eaa433) x 8 0x00000000
core   0: 0x80001eb8 (0x03d1e9b3) rem     s3, gp, t4
core   0: 3 0x80001eb8 (0x03d1e9b3) x19 0x00000000
core   0: 0x80001ebc (0x03e4e633) rem     a2, s1, t5
core   0: 3 0x80001ebc (0x03e4e633) x12 0x80014e64
core   0: 0x80001ec0 (0x59cc6913) ori     s2, s8, 1436
core   0: 3 0x80001ec0 (0x59cc6913) x18 0x0000059c
core   0: 0x80001ec4 (0xea66ee13) ori     t3, a3, -346
core   0: 3 0x80001ec4 (0xea66ee13) x28 0xfffffea6
core   0: 0x80001ec8 (0x00b21013) slli    zero, tp, 11
core   0: 3 0x80001ec8 (0x00b21013)
core   0: 0x80001ecc (0x415a5eb3) sra     t4, s4, s5
core   0: 3 0x80001ecc (0x415a5eb3) x29 0xbad8bc85
core   0: 0x80001ed0 (0x00ac0b33) add     s6, s8, a0
core   0: 3 0x80001ed0 (0x00ac0b33) x22 0x00000000
core   0: 0x80001ed4 (0x00a5fb33) and     s6, a1, a0
core   0: 3 0x80001ed4 (0x00a5fb33) x22 0x00000000
core   0: 0x80001ed8 (0x00ea5e33) srl     t3, s4, a4
core   0: 3 0x80001ed8 (0x00ea5e33) x28 0xbad8bc85
core   0: 0x80001edc (0x35814113) xori    sp, sp, 856
core   0: 3 0x80001edc (0x35814113) x 2 0x00000358
core   0: 0x80001ee0 (0x005c9fb3) sll     t6, s9, t0
core   0: 3 0x80001ee0 (0x005c9fb3) x31 0x00000001
core   0: 0x80001ee4 (0xf6a219b7) lui     s3, 0xf6a21
core   0: 3 0x80001ee4 (0xf6a219b7) x19 0xf6a21000
core   0: 0x80001ee8 (0x40fa56b3) sra     a3, s4, a5
core   0: 3 0x80001ee8 (0x40fa56b3) x13 0xffffffba
core   0: 0x80001eec (0xce870593) addi    a1, a4, -792
core   0: 3 0x80001eec (0xce870593) x11 0xfffffce8
core   0: 0x80001ef0 (0x007bb233) sltu    tp, s7, t2
core   0: 3 0x80001ef0 (0x007bb233) x 4 0x00000000
core   0: 0x80001ef4 (0x006f05b3) add     a1, t5, t1
core   0: 3 0x80001ef4 (0x006f05b3) x11 0x00000000
core   0: 0x80001ef8 (0x405f8333) sub     t1, t6, t0
core   0: 3 0x80001ef8 (0x405f8333) x 6 0xc7bae001
core   0: 0x80001efc (0x00d54533) xor     a0, a0, a3
core   0: 3 0x80001efc (0x00d54533) x10 0xffffffba
core   0: 0x80001f00 (0xbd66b117) auipc   sp, 0xbd66b
core   0: 3 0x80001f00 (0xbd66b117) x 2 0x3d66cf00
core   0: 0x80001f04 (0x00000013) nop
core   0: 3 0x80001f04 (0x00000013)
core   0: 0x80001f08 (0x020463b3) rem     t2, s0, zero
core   0: 3 0x80001f08 (0x020463b3) x 7 0x00000000
core   0: 0x80001f0c (0x00000013) nop
core   0: 3 0x80001f0c (0x00000013)
core   0: 0x80001f10 (0x41760633) sub     a2, a2, s7
core   0: 3 0x80001f10 (0x41760633) x12 0x80015125
core   0: 0x80001f14 (0xd1acfe13) andi    t3, s9, -742
core   0: 3 0x80001f14 (0xd1acfe13) x28 0x00000000
core   0: 0x80001f18 (0x010a80b3) add     ra, s5, a6
core   0: 3 0x80001f18 (0x010a80b3) x 1 0x80018ce4
core   0: 0x80001f1c (0x01ca15b3) sll     a1, s4, t3
core   0: 3 0x80001f1c (0x01ca15b3) x11 0xbad8bc85
core   0: 0x80001f20 (0x407980b3) sub     ra, s3, t2
core   0: 3 0x80001f20 (0x407980b3) x 1 0xf6a21000
core   0: 0x80001f24 (0x02773933) mulhu   s2, a4, t2
core   0: 3 0x80001f24 (0x02773933) x18 0x00000000
core   0: 0x80001f28 (0x62a3cb13) xori    s6, t2, 1578
core   0: 3 0x80001f28 (0x62a3cb13) x22 0x0000062a
core   0: 0x80001f2c (0x3e63cc93) xori    s9, t2, 998
core   0: 3 0x80001f2c (0x3e63cc93) x25 0x000003e6
core   0: 0x80001f30 (0x01450fb3) add     t6, a0, s4
core   0: 3 0x80001f30 (0x01450fb3) x31 0xbad8bc3f
core   0: 0x80001f34 (0x01105713) srli    a4, zero, 17
core   0: 3 0x80001f34 (0x01105713) x14 0x00000000
core   0: 0x80001f38 (0x02696f33) rem     t5, s2, t1
core   0: 3 0x80001f38 (0x02696f33) x30 0x00000000
core   0: 0x80001f3c (0x15b47e13) andi    t3, s0, 347
core   0: 3 0x80001f3c (0x15b47e13) x28 0x00000000
core   0: 0x80001f40 (0x37a00897) auipc   a7, 0x37a00
core   0: 3 0x80001f40 (0x37a00897) x17 0xb7a01f40
core   0: 0x80001f44 (0x0398b5b3) mulhu   a1, a7, s9
core   0: 3 0x80001f44 (0x0398b5b3) x11 0x000002cb
core   0: 0x80001f48 (0x01ed5793) srli    a5, s10, 30
core   0: 3 0x80001f48 (0x01ed5793) x15 0x00000003
core   0: 0x80001f4c (0x00000013) nop
core   0: 3 0x80001f4c (0x00000013)
core   0: 0x80001f50 (0x00000013) nop
core   0: 3 0x80001f50 (0x00000013)
core   0: 0x80001f54 (0x9108ee93) ori     t4, a7, -1776
core   0: 3 0x80001f54 (0x9108ee93) x29 0xffffff50
core   0: 0x80001f58 (0x027cabb3) mulhsu  s7, s9, t2
core   0: 3 0x80001f58 (0x027cabb3) x23 0x00000000
core   0: 0x80001f5c (0x01d74733) xor     a4, a4, t4
core   0: 3 0x80001f5c (0x01d74733) x14 0xffffff50
core   0: 0x80001f60 (0x016ba033) slt     zero, s7, s6
core   0: 3 0x80001f60 (0x016ba033)
core   0: 0x80001f64 (0x01e55db3) srl     s11, a0, t5
core   0: 3 0x80001f64 (0x01e55db3) x27 0xffffffba
core   0: 0x80001f68 (0x00335c33) srl     s8, t1, gp
core   0: 3 0x80001f68 (0x00335c33) x24 0xc7bae001
core   0: 0x80001f6c (0xb893ce93) xori    t4, t2, -1143
core   0: 3 0x80001f6c (0xb893ce93) x29 0xfffffb89
core   0: 0x80001f70 (0x01d0c0b3) xor     ra, ra, t4
core   0: 3 0x80001f70 (0x01d0c0b3) x 1 0x095deb89
core   0: 0x80001f74 (0x74bcbe93) sltiu   t4, s9, 1867
core   0: 3 0x80001f74 (0x74bcbe93) x29 0x00000001
core   0: 0x80001f78 (0x40e1d0b3) sra     ra, gp, a4
core   0: 3 0x80001f78 (0x40e1d0b3) x 1 0x00000000
core   0: 0x80001f7c (0x03227db3) remu    s11, tp, s2
core   0: 3 0x80001f7c (0x03227db3) x27 0x00000000
core   0: 0x80001f80 (0x01ea10b3) sll     ra, s4, t5
core   0: 3 0x80001f80 (0x01ea10b3) x 1 0xbad8bc85
core   0: 0x80001f84 (0x00506b93) ori     s7, zero, 5
core   0: 3 0x80001f84 (0x00506b93) x23 0x00000005
core   0: 0x80001f88 (0xc7eabfb7) lui     t6, 0xc7eab
core   0: 3 0x80001f88 (0xc7eabfb7) x31 0xc7eab000
core   0: 0x80001f8c (0x01285033) srl     zero, a6, s2
core   0: 3 0x80001f8c (0x01285033)
core   0: 0x80001f90 (0x9ea6fb93) andi    s7, a3, -1558
core   0: 3 0x80001f90 (0x9ea6fb93) x23 0xfffff9aa
core   0: 0x80001f94 (0x00000013) nop
core   0: 3 0x80001f94 (0x00000013)
core   0: 0x80001f98 (0x01ec1033) sll     zero, s8, t5
core   0: 3 0x80001f98 (0x01ec1033)
core   0: 0x80001f9c (0x01fa41b3) xor     gp, s4, t6
core   0: 3 0x80001f9c (0x01fa41b3) x 3 0x7d320c85
core   0: 0x80001fa0 (0x406e0b33) sub     s6, t3, t1
core   0: 3 0x80001fa0 (0x406e0b33) x22 0x38451fff
core   0: 0x80001fa4 (0x03f7a1b3) mulhsu  gp, a5, t6
core   0: 3 0x80001fa4 (0x03f7a1b3) x 3 0x00000002
core   0: 0x80001fa8 (0xd5a74d93) xori    s11, a4, -678
core   0: 3 0x80001fa8 (0xd5a74d93) x27 0x0000020a
core   0: 0x80001fac (0x00415693) srli    a3, sp, 4
core   0: 3 0x80001fac (0x00415693) x13 0x03d66cf0
core   0: 0x80001fb0 (0x0232afb3) mulhsu  t6, t0, gp
core   0: 3 0x80001fb0 (0x0232afb3) x31 0x00000000
core   0: 0x80001fb4 (0x015b28b3) slt     a7, s6, s5
core   0: 3 0x80001fb4 (0x015b28b3) x17 0x00000000
core   0: 0x80001fb8 (0x01dd5913) srli    s2, s10, 29
core   0: 3 0x80001fb8 (0x01dd5913) x18 0x00000007
core   0: 0x80001fbc (0x032090b3) mulh    ra, ra, s2
core   0: 3 0x80001fbc (0x032090b3) x 1 0xfffffffe
core   0: 0x80001fc0 (0x03b5e1b3) rem     gp, a1, s11
core   0: 3 0x80001fc0 (0x03b5e1b3) x 3 0x000000c1
core   0: 0x80001fc4 (0xfd48a013) slti    zero, a7, -44
core   0: 3 0x80001fc4 (0xfd48a013)
core   0: 0x80001fc8 (0x00069e33) sll     t3, a3, zero
core   0: 3 0x80001fc8 (0x00069e33) x28 0x03d66cf0
core   0: 0x80001fcc (0x00c85e13) srli    t3, a6, 12
core   0: 3 0x80001fcc (0x00c85e13) x28 0x00080018
core   0: 0x80001fd0 (0x62b58a93) addi    s5, a1, 1579
core   0: 3 0x80001fd0 (0x62b58a93) x21 0x000008f6
core   0: 0x80001fd4 (0x00646133) or      sp, s0, t1
core   0: 3 0x80001fd4 (0x00646133) x 2 0xc7bae001
core   0: 0x80001fd8 (0x4b99e9b7) lui     s3, 0x4b99e
core   0: 3 0x80001fd8 (0x4b99e9b7) x19 0x4b99e000
core   0: 0x80001fdc (0x03bc77b3) remu    a5, s8, s11
core   0: 3 0x80001fdc (0x03bc77b3) x15 0x0000013f
core   0: 0x80001fe0 (0x40050fb3) sub     t6, a0, zero
core   0: 3 0x80001fe0 (0x40050fb3) x31 0xffffffba
core   0: 0x80001fe4 (0x41e58eb3) sub     t4, a1, t5
core   0: 3 0x80001fe4 (0x41e58eb3) x29 0x000002cb
core   0: 0x80001fe8 (0x02dc9bb3) mulh    s7, s9, a3
core   0: 3 0x80001fe8 (0x02dc9bb3) x23 0x0000000e
core   0: 0x80001fec (0x01b630b3) sltu    ra, a2, s11
core   0: 3 0x80001fec (0x01b630b3) x 1 0x00000000
core   0: 0x80001ff0 (0x02e52e33) mulhsu  t3, a0, a4
core   0: 3 0x80001ff0 (0x02e52e33) x28 0xffffffba
core   0: 0x80001ff4 (0x03673f33) mulhu   t5, a4, s6
core   0: 3 0x80001ff4 (0x03673f33) x30 0x38451fd8
core   0: 0x80001ff8 (0x004c80b3) add     ra, s9, tp
core   0: 3 0x80001ff8 (0x004c80b3) x 1 0x000003e6
core   0: 0x80001ffc (0xbc27ccb7) lui     s9, 0xbc27c
core   0: 3 0x80001ffc (0xbc27ccb7) x25 0xbc27c000
core   0: 0x80002000 (0x1f842913) slti    s2, s0, 504
core   0: 3 0x80002000 (0x1f842913) x18 0x00000001
core   0: 0x80002004 (0x0022cf33) xor     t5, t0, sp
core   0: 3 0x80002004 (0x0022cf33) x30 0xffffc001
core   0: 0x80002008 (0x69a56c93) ori     s9, a0, 1690
core   0: 3 0x80002008 (0x69a56c93) x25 0xffffffba
core   0: 0x8000200c (0x7922a413) slti    s0, t0, 1938
core   0: 3 0x8000200c (0x7922a413) x 8 0x00000000
core   0: 0x80002010 (0x032ca6b3) mulhsu  a3, s9, s2
core   0: 3 0x80002010 (0x032ca6b3) x13 0xffffffff
core   0: 0x80002014 (0x41d186b3) sub     a3, gp, t4
core   0: 3 0x80002014 (0x41d186b3) x13 0xfffffdf6
core   0: 0x80002018 (0x00000013) nop
core   0: 3 0x80002018 (0x00000013)
core   0: 0x8000201c (0x00000013) nop
core   0: 3 0x8000201c (0x00000013)
core   0: 0x80002020 (0x00000013) nop
core   0: 3 0x80002020 (0x00000013)
core   0: 0x80002024 (0x001442b3) xor     t0, s0, ra
core   0: 3 0x80002024 (0x001442b3) x 5 0x000003e6
core   0: 0x80002028 (0x40378fb3) sub     t6, a5, gp
core   0: 3 0x80002028 (0x40378fb3) x31 0x0000007e
core   0: 0x8000202c (0x017b17b3) sll     a5, s6, s7
core   0: 3 0x8000202c (0x017b17b3) x15 0x47ffc000
core   0: 0x80002030 (0x419e83b3) sub     t2, t4, s9
core   0: 3 0x80002030 (0x419e83b3) x 7 0x00000311
core   0: 0x80002034 (0xc1d32c13) slti    s8, t1, -995
core   0: 3 0x80002034 (0xc1d32c13) x24 0x00000001
core   0: 0x80002038 (0x00a3abb3) slt     s7, t2, a0
core   0: 3 0x80002038 (0x00a3abb3) x23 0x00000000
core   0: 0x8000203c (0x0099da93) srli    s5, s3, 9
core   0: 3 0x8000203c (0x0099da93) x21 0x0025ccf0
core   0: 0x80002040 (0x01881213) slli    tp, a6, 24
core   0: 3 0x80002040 (0x01881213) x 4 0xe4000000
core   0: 0x80002044 (0x0389e033) rem     zero, s3, s8
core   0: 3 0x80002044 (0x0389e033)
core   0: 0x80002048 (0x699e4d93) xori    s11, t3, 1689
core   0: 3 0x80002048 (0x699e4d93) x27 0xfffff923
core   0: 0x8000204c (0x012c7eb3) and     t4, s8, s2
core   0: 3 0x8000204c (0x012c7eb3) x29 0x00000001
core   0: 0x80002050 (0x1aec3f93) sltiu   t6, s8, 430
core   0: 3 0x80002050 (0x1aec3f93) x31 0x00000001
core   0: 0x80002054 (0x0142f333) and     t1, t0, s4
core   0: 3 0x80002054 (0x0142f333) x 6 0x00000084
core   0: 0x80002058 (0x024139b3) mulhu   s3, sp, tp
core   0: 3 0x80002058 (0x024139b3) x19 0xb1e26f80
core   0: 0x8000205c (0xd2a36b93) ori     s7, t1, -726
core   0: 3 0x8000205c (0xd2a36b93) x23 0xfffffdae
core   0: 0x80002060 (0x008aa033) slt     zero, s5, s0
core   0: 3 0x80002060 (0x008aa033)
core   0: 0x80002064 (0x0334ddb3) divu    s11, s1, s3
core   0: 3 0x80002064 (0x0334ddb3) x27 0x00000000
core   0: 0x80002068 (0x008a9e13) slli    t3, s5, 8
core   0: 3 0x80002068 (0x008a9e13) x28 0x25ccf000
core   0: 0x8000206c (0x02da3533) mulhu   a0, s4, a3
core   0: 3 0x8000206c (0x02da3533) x10 0xbad8bb08
core   0: 0x80002070 (0x617c7297) auipc   t0, 0x617c7
core   0: 3 0x80002070 (0x617c7297) x 5 0xe17c9070
core   0: 0x80002074 (0x0057fe33) and     t3, a5, t0
core   0: 3 0x80002074 (0x0057fe33) x28 0x417c8000
core   0: 0x80002078 (0x12f86413) ori     s0, a6, 303
core   0: 3 0x80002078 (0x12f86413) x 8 0x80018def
core   0: 0x8000207c (0x400c5933) sra     s2, s8, zero
core   0: 3 0x8000207c (0x400c5933) x18 0x00000001
core   0: 0x80002080 (0x9f4e0413) addi    s0, t3, -1548
core   0: 3 0x80002080 (0x9f4e0413) x 8 0x417c79f4
core   0: 0x80002084 (0x0243ceb3) div     t4, t2, tp
core   0: 3 0x80002084 (0x0243ceb3) x29 0x00000000
core   0: 0x80002088 (0x4177ddb3) sra     s11, a5, s7
core   0: 3 0x80002088 (0x4177ddb3) x27 0x00011fff
core   0: 0x8000208c (0x7f424c93) xori    s9, tp, 2036
core   0: 3 0x8000208c (0x7f424c93) x25 0xe40007f4
core   0: 0x80002090 (0x031f4633) div     a2, t5, a7
core   0: 3 0x80002090 (0x031f4633) x12 0xffffffff
core   0: 0x80002094 (0x03f85333) divu    t1, a6, t6
core   0: 3 0x80002094 (0x03f85333) x 6 0x80018ce4
core   0: 0x80002098 (0x03f37fb3) remu    t6, t1, t6
core   0: 3 0x80002098 (0x03f37fb3) x31 0x00000000
core   0: 0x8000209c (0x9f1bbc13) sltiu   s8, s7, -1551
core   0: 3 0x8000209c (0x9f1bbc13) x24 0x00000000
core   0: 0x800020a0 (0x5f182113) slti    sp, a6, 1521
core   0: 3 0x800020a0 (0x5f182113) x 2 0x00000001
core   0: 0x800020a4 (0x5fa26113) ori     sp, tp, 1530
core   0: 3 0x800020a4 (0x5fa26113) x 2 0xe40005fa
core   0: 0x800020a8 (0x02039133) mulh    sp, t2, zero
core   0: 3 0x800020a8 (0x02039133) x 2 0x00000000
core   0: 0x800020ac (0x56892513) slti    a0, s2, 1384
core   0: 3 0x800020ac (0x56892513) x10 0x00000001
core   0: 0x800020b0 (0x03b12bb3) mulhsu  s7, sp, s11
core   0: 3 0x800020b0 (0x03b12bb3) x23 0x00000000
core   0: 0x800020b4 (0x0150d8b3) srl     a7, ra, s5
core   0: 3 0x800020b4 (0x0150d8b3) x17 0x00000000
core   0: 0x800020b8 (0x00f779b3) and     s3, a4, a5
core   0: 3 0x800020b8 (0x00f779b3) x19 0x47ffc000
core   0: 0x800020bc (0x002d5793) srli    a5, s10, 2
core   0: 3 0x800020bc (0x002d5793) x15 0x3ffea061
core   0: 0x800020c0 (0x40d18fb3) sub     t6, gp, a3
core   0: 3 0x800020c0 (0x40d18fb3) x31 0x000002cb
core   0: 0x800020c4 (0x000c8c33) add     s8, s9, zero
core   0: 3 0x800020c4 (0x000c8c33) x24 0xe40007f4
core   0: 0x800020c8 (0x01f5f633) and     a2, a1, t6
core   0: 3 0x800020c8 (0x01f5f633) x12 0x000002cb
core   0: 0x800020cc (0x004fc033) xor     zero, t6, tp
core   0: 3 0x800020cc (0x004fc033)
core   0: 0x800020d0 (0x01b1be33) sltu    t3, gp, s11
core   0: 3 0x800020d0 (0x01b1be33) x28 0x00000001
core   0: 0x800020d4 (0x0292cab3) div     s5, t0, s1
core   0: 3 0x800020d4 (0x0292cab3) x21 0x00000000
core   0: 0x800020d8 (0x03c570b3) remu    ra, a0, t3
core   0: 3 0x800020d8 (0x03c570b3) x 1 0x00000000
core   0: 0x800020dc (0x4145d913) srai    s2, a1, 20
core   0: 3 0x800020dc (0x4145d913) x18 0x00000000
core   0: 0x800020e0 (0x02865033) divu    zero, a2, s0
core   0: 3 0x800020e0 (0x02865033)
core   0: 0x800020e4 (0x00683f33) sltu    t5, a6, t1
core   0: 3 0x800020e4 (0x00683f33) x30 0x00000000
core   0: 0x800020e8 (0x01809c13) slli    s8, ra, 24
core   0: 3 0x800020e8 (0x01809c13) x24 0x00000000
core   0: 0x800020ec (0x03fdacb3) mulhsu  s9, s11, t6
core   0: 3 0x800020ec (0x03fdacb3) x25 0x00000000
core   0: 0x800020f0 (0x03aa55b3) divu    a1, s4, s10
core   0: 3 0x800020f0 (0x03aa55b3) x11 0x00000000
core   0: 0x800020f4 (0x94578d37) lui     s10, 0x94578
core   0: 3 0x800020f4 (0x94578d37) x26 0x94578000
core   0: 0x800020f8 (0x00d6a8b3) slt     a7, a3, a3
core   0: 3 0x800020f8 (0x00d6a8b3) x17 0x00000000
core   0: 0x800020fc (0x00000013) nop
core   0: 3 0x800020fc (0x00000013)
core   0: 0x80002100 (0xf65e6b93) ori     s7, t3, -155
core   0: 3 0x80002100 (0xf65e6b93) x23 0xffffff65
core   0: 0x80002104 (0xc7ac7613) andi    a2, s8, -902
core   0: 3 0x80002104 (0xc7ac7613) x12 0x00000000
core   0: 0x80002108 (0x023287b3) mul     a5, t0, gp
core   0: 3 0x80002108 (0x023287b3) x15 0xfee8e470
core   0: 0x8000210c (0x41cc5e93) srai    t4, s8, 28
core   0: 3 0x8000210c (0x41cc5e93) x29 0x00000000
core   0: 0x80002110 (0x492b2993) slti    s3, s6, 1170
core   0: 3 0x80002110 (0x492b2993) x19 0x00000000
core   0: 0x80002114 (0x00c15933) srl     s2, sp, a2
core   0: 3 0x80002114 (0x00c15933) x18 0x00000000
core   0: 0x80002118 (0x01948b33) add     s6, s1, s9
core   0: 3 0x80002118 (0x01948b33) x22 0x80014e64
core   0: 0x8000211c (0x41f6d913) srai    s2, a3, 31
core   0: 3 0x8000211c (0x41f6d913) x18 0xffffffff
core   0: 0x80002120 (0x029e2533) mulhsu  a0, t3, s1
core   0: 3 0x80002120 (0x029e2533) x10 0x00000000
core   0: 0x80002124 (0x1cb5eb13) ori     s6, a1, 459
core   0: 3 0x80002124 (0x1cb5eb13) x22 0x000001cb
core   0: 0x80002128 (0x00dddf93) srli    t6, s11, 13
core   0: 3 0x80002128 (0x00dddf93) x31 0x00000008
core   0: 0x8000212c (0x00190db3) add     s11, s2, ra
core   0: 3 0x8000212c (0x00190db3) x27 0xffffffff
core   0: 0x80002130 (0x002de2b3) or      t0, s11, sp
core   0: 3 0x80002130 (0x002de2b3) x 5 0xffffffff
core   0: 0x80002134 (0x037a5bb3) divu    s7, s4, s7
core   0: 3 0x80002134 (0x037a5bb3) x23 0x00000000
core   0: 0x80002138 (0x4ad1fc93) andi    s9, gp, 1197
core   0: 3 0x80002138 (0x4ad1fc93) x25 0x00000081
core   0: 0x8000213c (0x0086db33) srl     s6, a3, s0
core   0: 3 0x8000213c (0x0086db33) x22 0x00000fff
core   0: 0x80002140 (0x012f33b3) sltu    t2, t5, s2
core   0: 3 0x80002140 (0x012f33b3) x 7 0x00000001
core   0: 0x80002144 (0x03f782b3) mul     t0, a5, t6
core   0: 3 0x80002144 (0x03f782b3) x 5 0xf7472380
core   0: 0x80002148 (0x029357b3) divu    a5, t1, s1
core   0: 3 0x80002148 (0x029357b3) x15 0x00000001
core   0: 0x8000214c (0x40560bb3) sub     s7, a2, t0
core   0: 3 0x8000214c (0x40560bb3) x23 0x08b8dc80
core   0: 0x80002150 (0x005215b3) sll     a1, tp, t0
core   0: 3 0x80002150 (0x005215b3) x11 0xe4000000
core   0: 0x80002154 (0x63c24c13) xori    s8, tp, 1596
core   0: 3 0x80002154 (0x63c24c13) x24 0xe400063c
core   0: 0x80002158 (0x003be933) or      s2, s7, gp
core   0: 3 0x80002158 (0x003be933) x18 0x08b8dcc1
core   0: 0x8000215c (0x02ec5db3) divu    s11, s8, a4
core   0: 3 0x8000215c (0x02ec5db3) x27 0x00000000
core   0: 0x80002160 (0x00c256b3) srl     a3, tp, a2
core   0: 3 0x80002160 (0x00c256b3) x13 0xe4000000
core   0: 0x80002164 (0x00281313) slli    t1, a6, 2
core   0: 3 0x80002164 (0x00281313) x 6 0x00063390
core   0: 0x80002168 (0x01356e33) or      t3, a0, s3
core   0: 3 0x80002168 (0x01356e33) x28 0x00000000
core   0: 0x8000216c (0x01161e13) slli    t3, a2, 17
core   0: 3 0x8000216c (0x01161e13) x28 0x00000000
core   0: 0x80002170 (0x41ab0bb3) sub     s7, s6, s10
core   0: 3 0x80002170 (0x41ab0bb3) x23 0x6ba88fff
core   0: 0x80002174 (0x03f93633) mulhu   a2, s2, t6
core   0: 3 0x80002174 (0x03f93633) x12 0x00000000
core   0: 0x80002178 (0x019d3f33) sltu    t5, s10, s9
core   0: 3 0x80002178 (0x019d3f33) x30 0x00000000
core   0: 0x8000217c (0x01f3ce33) xor     t3, t2, t6
core   0: 3 0x8000217c (0x01f3ce33) x28 0x00000009
core   0: 0x80002180 (0x016b5c33) srl     s8, s6, s6
core   0: 3 0x80002180 (0x016b5c33) x24 0x00000000
core   0: 0x80002184 (0x00c11293) slli    t0, sp, 12
core   0: 3 0x80002184 (0x00c11293) x 5 0x00000000
core   0: 0x80002188 (0xda142193) slti    gp, s0, -607
core   0: 3 0x80002188 (0xda142193) x 3 0x00000000
core   0: 0x8000218c (0x00d11b93) slli    s7, sp, 13
core   0: 3 0x8000218c (0x00d11b93) x23 0x00000000
core   0: 0x80002190 (0x38395617) auipc   a2, 0x38395
core   0: 3 0x80002190 (0x38395617) x12 0xb8397190
core   0: 0x80002194 (0x0063de13) srli    t3, t2, 6
core   0: 3 0x80002194 (0x0063de13) x28 0x00000000
core   0: 0x80002198 (0x00a46ab3) or      s5, s0, a0
core   0: 3 0x80002198 (0x00a46ab3) x21 0x417c79f4
core   0: 0x8000219c (0x4f3f6137) lui     sp, 0x4f3f6
core   0: 3 0x8000219c (0x4f3f6137) x 2 0x4f3f6000
core   0: 0x800021a0 (0x01f366b3) or      a3, t1, t6
core   0: 3 0x800021a0 (0x01f366b3) x13 0x00063398
core   0: 0x800021a4 (0x02a9f033) remu    zero, s3, a0
core   0: 3 0x800021a4 (0x02a9f033)
core   0: 0x800021a8 (0x40cd0633) sub     a2, s10, a2
core   0: 3 0x800021a8 (0x40cd0633) x12 0xdc1e0e70
core   0: 0x800021ac (0x4193de33) sra     t3, t2, s9
core   0: 3 0x800021ac (0x4193de33) x28 0x00000000
core   0: 0x800021b0 (0x03b07eb3) remu    t4, zero, s11
core   0: 3 0x800021b0 (0x03b07eb3) x29 0x00000000
core   0: 0x800021b4 (0x03f0de33) divu    t3, ra, t6
core   0: 3 0x800021b4 (0x03f0de33) x28 0x00000000
core   0: 0x800021b8 (0x00035cb3) srl     s9, t1, zero
core   0: 3 0x800021b8 (0x00035cb3) x25 0x00063390
core   0: 0x800021bc (0x004cd1b3) srl     gp, s9, tp
core   0: 3 0x800021bc (0x004cd1b3) x 3 0x00063390
core   0: 0x800021c0 (0x01cdbcb3) sltu    s9, s11, t3
core   0: 3 0x800021c0 (0x01cdbcb3) x25 0x00000000
core   0: 0x800021c4 (0x012c9e33) sll     t3, s9, s2
core   0: 3 0x800021c4 (0x012c9e33) x28 0x00000000
core   0: 0x800021c8 (0x02e191b3) mulh    gp, gp, a4
core   0: 3 0x800021c8 (0x02e191b3) x 3 0xffffffff
core   0: 0x800021cc (0x02e38633) mul     a2, t2, a4
core   0: 3 0x800021cc (0x02e38633) x12 0xffffff50
core   0: 0x800021d0 (0xfa606593) ori     a1, zero, -90
core   0: 3 0x800021d0 (0xfa606593) x11 0xffffffa6
core   0: 0x800021d4 (0x40a55a93) srai    s5, a0, 10
core   0: 3 0x800021d4 (0x40a55a93) x21 0x00000000
core   0: 0x800021d8 (0x01335c33) srl     s8, t1, s3
core   0: 3 0x800021d8 (0x01335c33) x24 0x00063390
core   0: 0x800021dc (0x03ace6b3) rem     a3, s9, s10
core   0: 3 0x800021dc (0x03ace6b3) x13 0x00000000
core   0: 0x800021e0 (0x03066c33) rem     s8, a2, a6
core   0: 3 0x800021e0 (0x03066c33) x24 0xffffff50
core   0: 0x800021e4 (0x00000013) nop
core   0: 3 0x800021e4 (0x00000013)
core   0: 0x800021e8 (0x00a59f33) sll     t5, a1, a0
core   0: 3 0x800021e8 (0x00a59f33) x30 0xffffffa6
core   0: 0x800021ec (0x406a5cb3) sra     s9, s4, t1
core   0: 3 0x800021ec (0x406a5cb3) x25 0xffffbad8
core   0: 0x800021f0 (0x00174033) xor     zero, a4, ra
core   0: 3 0x800021f0 (0x00174033)
core   0: 0x800021f4 (0x00f19c33) sll     s8, gp, a5
core   0: 3 0x800021f4 (0x00f19c33) x24 0xfffffffe
core   0: 0x800021f8 (0x414b03b3) sub     t2, s6, s4
core   0: 3 0x800021f8 (0x414b03b3) x 7 0x4527537a
core   0: 0x800021fc (0x028f6133) rem     sp, t5, s0
core   0: 3 0x800021fc (0x028f6133) x 2 0xffffffa6
core   0: 0x80002200 (0x91aa2d37) lui     s10, 0x91aa2
core   0: 3 0x80002200 (0x91aa2d37) x26 0x91aa2000
core   0: 0x80002204 (0x02d1f5b3) remu    a1, gp, a3
core   0: 3 0x80002204 (0x02d1f5b3) x11 0xffffffff
core   0: 0x80002208 (0x01b5fcb3) and     s9, a1, s11
core   0: 3 0x80002208 (0x01b5fcb3) x25 0x00000000
core   0: 0x8000220c (0x01c2c433) xor     s0, t0, t3
core   0: 3 0x8000220c (0x01c2c433) x 8 0x00000000
core   0: 0x80002210 (0x398a9d97) auipc   s11, 0x398a9
core   0: 3 0x80002210 (0x398a9d97) x27 0xb98ab210
core   0: 0x80002214 (0x00000013) nop
core   0: 3 0x80002214 (0x00000013)
core   0: 0x80002218 (0x02fede33) divu    t3, t4, a5
core   0: 3 0x80002218 (0x02fede33) x28 0x00000000
core   0: 0x8000221c (0x038805b3) mul     a1, a6, s8
core   0: 3 0x8000221c (0x038805b3) x11 0xfffce638
core   0: 0x80002220 (0x0029cbb3) xor     s7, s3, sp
core   0: 3 0x80002220 (0x0029cbb3) x23 0xffffffa6
core   0: 0x80002224 (0x03fdfdb3) remu    s11, s11, t6
core   0: 3 0x80002224 (0x03fdfdb3) x27 0x00000000
core   0: 0x80002228 (0x4b7ebe13) sltiu   t3, t4, 1207
core   0: 3 0x80002228 (0x4b7ebe13) x28 0x00000001
core   0: 0x8000222c (0x41f180b3) sub     ra, gp, t6
core   0: 3 0x8000222c (0x41f180b3) x 1 0xfffffff7
core   0: 0x80002230 (0x03de75b3) remu    a1, t3, t4
core   0: 3 0x80002230 (0x03de75b3) x11 0x00000001
core   0: 0x80002234 (0x00db9b13) slli    s6, s7, 13
core   0: 3 0x80002234 (0x00db9b13) x22 0xfff4c000
core   0: 0x80002238 (0x010d5893) srli    a7, s10, 16
core   0: 3 0x80002238 (0x010d5893) x17 0x000091aa
core   0: 0x8000223c (0x014113b3) sll     t2, sp, s4
core   0: 3 0x8000223c (0x014113b3) x 7 0xfffff4c0
core   0: 0x80002240 (0x000036b3) snez    a3, zero
core   0: 3 0x80002240 (0x000036b3) x13 0x00000000
core   0: 0x80002244 (0x03de92b3) mulh    t0, t4, t4
core   0: 3 0x80002244 (0x03de92b3) x 5 0x00000000
core   0: 0x80002248 (0x502f2e93) slti    t4, t5, 1282
core   0: 3 0x80002248 (0x502f2e93) x29 0x00000001
core   0: 0x8000224c (0x01b78133) add     sp, a5, s11
core   0: 3 0x8000224c (0x01b78133) x 2 0x00000001
core   0: 0x80002250 (0x01489d33) sll     s10, a7, s4
core   0: 3 0x80002250 (0x01489d33) x26 0x00123540
core   0: 0x80002254 (0x029d6c33) rem     s8, s10, s1
core   0: 3 0x80002254 (0x029d6c33) x24 0x00123540
core   0: 0x80002258 (0x00e26fb3) or      t6, tp, a4
core   0: 3 0x80002258 (0x00e26fb3) x31 0xffffff50
core   0: 0x8000225c (0x40518fb3) sub     t6, gp, t0
core   0: 3 0x8000225c (0x40518fb3) x31 0xffffffff
core   0: 0x80002260 (0x00311e33) sll     t3, sp, gp
core   0: 3 0x80002260 (0x00311e33) x28 0x80000000
core   0: 0x80002264 (0x40bcdb93) srai    s7, s9, 11
core   0: 3 0x80002264 (0x40bcdb93) x23 0x00000000
core   0: 0x80002268 (0xfc3def13) ori     t5, s11, -61
core   0: 3 0x80002268 (0xfc3def13) x30 0xffffffc3
core   0: 0x8000226c (0x0134aab3) slt     s5, s1, s3
core   0: 3 0x8000226c (0x0134aab3) x21 0x00000001
core   0: 0x80002270 (0x029d0db3) mul     s11, s10, s1
core   0: 3 0x80002270 (0x029d0db3) x27 0xc8964d00
core   0: 0x80002274 (0x0102bdb3) sltu    s11, t0, a6
core   0: 3 0x80002274 (0x0102bdb3) x27 0x00000001
core   0: 0x80002278 (0x0031be33) sltu    t3, gp, gp
core   0: 3 0x80002278 (0x0031be33) x28 0x00000000
core   0: 0x8000227c (0xad577bb7) lui     s7, 0xad577
core   0: 3 0x8000227c (0xad577bb7) x23 0xad577000
core   0: 0x80002280 (0x401f5613) srai    a2, t5, 1
core   0: 3 0x80002280 (0x401f5613) x12 0xffffffe1
core   0: 0x80002284 (0x00aa6433) or      s0, s4, a0
core   0: 3 0x80002284 (0x00aa6433) x 8 0xbad8bc85
core   0: 0x80002288 (0x01f988b3) add     a7, s3, t6
core   0: 3 0x80002288 (0x01f988b3) x17 0xffffffff
core   0: 0x8000228c (0x40b6d1b3) sra     gp, a3, a1
core   0: 3 0x8000228c (0x40b6d1b3) x 3 0x00000000
core   0: 0x80002290 (0x03b71733) mulh    a4, a4, s11
core   0: 3 0x80002290 (0x03b71733) x14 0xffffffff
core   0: 0x80002294 (0xcc098513) addi    a0, s3, -832
core   0: 3 0x80002294 (0xcc098513) x10 0xfffffcc0
core   0: 0x80002298 (0x01f8de93) srli    t4, a7, 31
core   0: 3 0x80002298 (0x01f8de93) x29 0x00000001
core   0: 0x8000229c (0x413d08b3) sub     a7, s10, s3
core   0: 3 0x8000229c (0x413d08b3) x17 0x00123540
core   0: 0x800022a0 (0x8ee0b317) auipc   t1, 0x8ee0b
core   0: 3 0x800022a0 (0x8ee0b317) x 6 0x0ee0d2a0
core   0: 0x800022a4 (0x40245a93) srai    s5, s0, 2
core   0: 3 0x800022a4 (0x40245a93) x21 0xeeb62f21
core   0: 0x800022a8 (0x033307b3) mul     a5, t1, s3
core   0: 3 0x800022a8 (0x033307b3) x15 0x00000000
core   0: 0x800022ac (0x02e30433) mul     s0, t1, a4
core   0: 3 0x800022ac (0x02e30433) x 8 0xf11f2d60
core   0: 0x800022b0 (0x01f1e033) or      zero, gp, t6
core   0: 3 0x800022b0 (0x01f1e033)
core   0: 0x800022b4 (0x404082b3) sub     t0, ra, tp
core   0: 3 0x800022b4 (0x404082b3) x 5 0x1bfffff7
core   0: 0x800022b8 (0x601a2113) slti    sp, s4, 1537
core   0: 3 0x800022b8 (0x601a2113) x 2 0x00000001
core   0: 0x800022bc (0xcae820b7) lui     ra, 0xcae82
core   0: 3 0x800022bc (0xcae820b7) x 1 0xcae82000
core   0: 0x800022c0 (0xcb458193) addi    gp, a1, -844
core   0: 3 0x800022c0 (0xcb458193) x 3 0xfffffcb5
core   0: 0x800022c4 (0x41efdc33) sra     s8, t6, t5
core   0: 3 0x800022c4 (0x41efdc33) x24 0xffffffff
core   0: 0x800022c8 (0xcf30bf13) sltiu   t5, ra, -781
core   0: 3 0x800022c8 (0xcf30bf13) x30 0x00000001
core   0: 0x800022cc (0xad14fd93) andi    s11, s1, -1327
core   0: 3 0x800022cc (0xad14fd93) x27 0x80014a40
core   0: 0x800022d0 (0x0378bbb3) mulhu   s7, a7, s7
core   0: 3 0x800022d0 (0x0378bbb3) x23 0x000c5434
core   0: 0x800022d4 (0xdc052ab7) lui     s5, 0xdc052
core   0: 3 0x800022d4 (0xdc052ab7) x21 0xdc052000
core   0: 0x800022d8 (0x01edbcb3) sltu    s9, s11, t5
core   0: 3 0x800022d8 (0x01edbcb3) x25 0x00000000
core   0: 0x800022dc (0x03535fb3) divu    t6, t1, s5
core   0: 3 0x800022dc (0x03535fb3) x31 0x00000000
core   0: 0x800022e0 (0xd7432093) slti    ra, t1, -652
core   0: 3 0x800022e0 (0xd7432093) x 1 0x00000000
core   0: 0x800022e4 (0x03c21f33) mulh    t5, tp, t3
core   0: 3 0x800022e4 (0x03c21f33) x30 0x00000000
core   0: 0x800022e8 (0x99b3eb93) ori     s7, t2, -1637
core   0: 3 0x800022e8 (0x99b3eb93) x23 0xfffffddb
core   0: 0x800022ec (0xd49c6b37) lui     s6, 0xd49c6
core   0: 3 0x800022ec (0xd49c6b37) x22 0xd49c6000
core   0: 0x800022f0 (0x1dc58693) addi    a3, a1, 476
core   0: 3 0x800022f0 (0x1dc58693) x13 0x000001dd
core   0: 0x800022f4 (0x02c04433) div     s0, zero, a2
core   0: 3 0x800022f4 (0x02c04433) x 8 0x00000000
core   0: 0x800022f8 (0x406e8633) sub     a2, t4, t1
core   0: 3 0x800022f8 (0x406e8633) x12 0xf11f2d61
core   0: 0x800022fc (0x0082df33) srl     t5, t0, s0
core   0: 3 0x800022fc (0x0082df33) x30 0x1bfffff7
core   0: 0x80002300 (0x03676fb3) rem     t6, a4, s6
core   0: 3 0x80002300 (0x03676fb3) x31 0xffffffff
core   0: 0x80002304 (0x03532633) mulhsu  a2, t1, s5
core   0: 3 0x80002304 (0x03532633) x12 0x0cc98141
core   0: 0x80002308 (0x00fc9413) slli    s0, s9, 15
core   0: 3 0x80002308 (0x00fc9413) x 8 0x00000000
core   0: 0x8000230c (0x02218333) mul     t1, gp, sp
core   0: 3 0x8000230c (0x02218333) x 6 0xfffffcb5
core   0: 0x80002310 (0x01fd9fb3) sll     t6, s11, t6
core   0: 3 0x80002310 (0x01fd9fb3) x31 0x00000000
core   0: 0x80002314 (0x01cd3c33) sltu    s8, s10, t3
core   0: 3 0x80002314 (0x01cd3c33) x24 0x00000000
core   0: 0x80002318 (0x02d54e33) div     t3, a0, a3
core   0: 3 0x80002318 (0x02d54e33) x28 0xffffffff
core   0: 0x8000231c (0x03ae1c33) mulh    s8, t3, s10
core   0: 3 0x8000231c (0x03ae1c33) x24 0xffffffff
core   0: 0x80002320 (0x03e7ba97) auipc   s5, 0x3e7b
core   0: 3 0x80002320 (0x03e7ba97) x21 0x83e7d320
core   0: 0x80002324 (0x34c06993) ori     s3, zero, 844
core   0: 3 0x80002324 (0x34c06993) x19 0x0000034c
core   0: 0x80002328 (0x4e322413) slti    s0, tp, 1251
core   0: 3 0x80002328 (0x4e322413) x 8 0x00000001
core   0: 0x8000232c (0x01935013) srli    zero, t1, 25
core   0: 3 0x8000232c (0x01935013)
core   0: 0x80002330 (0x038d3133) mulhu   sp, s10, s8
core   0: 3 0x80002330 (0x038d3133) x 2 0x0012353f
core   0: 0x80002334 (0x0295f633) remu    a2, a1, s1
core   0: 3 0x80002334 (0x0295f633) x12 0x00000001
core   0: 0x80002338 (0x0318e733) rem     a4, a7, a7
core   0: 3 0x80002338 (0x0318e733) x14 0x00000000
core   0: 0x8000233c (0x00cefab3) and     s5, t4, a2
core   0: 3 0x8000233c (0x00cefab3) x21 0x00000001
core   0: 0x80002340 (0x62826713) ori     a4, tp, 1576
core   0: 3 0x80002340 (0x62826713) x14 0xe4000628
core   0: 0x80002344 (0x4e5f3b13) sltiu   s6, t5, 1253
core   0: 3 0x80002344 (0x4e5f3b13) x22 0x00000000
core   0: 0x80002348 (0x030091b3) mulh    gp, ra, a6
core   0: 3 0x80002348 (0x030091b3) x 3 0x00000000
core   0: 0x8000234c (0xeae82693) slti    a3, a6, -338
core   0: 3 0x8000234c (0xeae82693) x13 0x00000001
core   0: 0x80002350 (0x002df9b3) and     s3, s11, sp
core   0: 3 0x80002350 (0x002df9b3) x19 0x00000000
core   0: 0x80002354 (0x012cc533) xor     a0, s9, s2
core   0: 3 0x80002354 (0x012cc533) x10 0x08b8dcc1
core   0: 0x80002358 (0x019e47b3) xor     a5, t3, s9
core   0: 3 0x80002358 (0x019e47b3) x15 0xffffffff
core   0: 0x8000235c (0x16f0f713) andi    a4, ra, 367
core   0: 3 0x8000235c (0x16f0f713) x14 0x00000000
core   0: 0x80002360 (0x968d0593) addi    a1, s10, -1688
core   0: 3 0x80002360 (0x968d0593) x11 0x00122ea8
core   0: 0x80002364 (0x019fd393) srli    t2, t6, 25
core   0: 3 0x80002364 (0x019fd393) x 7 0x00000000
core   0: 0x80002368 (0x02532cb3) mulhsu  s9, t1, t0
core   0: 3 0x80002368 (0x02532cb3) x25 0xffffffa3
core   0: 0x8000236c (0x0023e333) or      t1, t2, sp
core   0: 3 0x8000236c (0x0023e333) x 6 0x0012353f
core   0: 0x80002370 (0x02696bb3) rem     s7, s2, t1
core   0: 3 0x80002370 (0x02696bb3) x23 0x000b7cbb
core   0: 0x80002374 (0x003ca533) slt     a0, s9, gp
core   0: 3 0x80002374 (0x003ca533) x10 0x00000001
core   0: 0x80002378 (0x00000013) nop
core   0: 3 0x80002378 (0x00000013)
core   0: 0x8000237c (0x41f65f93) srai    t6, a2, 31
core   0: 3 0x8000237c (0x41f65f93) x31 0x00000000
core   0: 0x80002380 (0x40e45ab3) sra     s5, s0, a4
core   0: 3 0x80002380 (0x40e45ab3) x21 0x00000001
core   0: 0x80002384 (0x00000013) nop
core   0: 3 0x80002384 (0x00000013)
core   0: 0x80002388 (0x410e0333) sub     t1, t3, a6
core   0: 3 0x80002388 (0x410e0333) x 6 0x7ffe731b
core   0: 0x8000238c (0x40f9d013) srai    zero, s3, 15
core   0: 3 0x8000238c (0x40f9d013)
core   0: 0x80002390 (0x025ba2b3) mulhsu  t0, s7, t0
core   0: 3 0x80002390 (0x025ba2b3) x 5 0x000141a4
core   0: 0x80002394 (0x21176d93) ori     s11, a4, 529
core   0: 3 0x80002394 (0x21176d93) x27 0x00000211
core   0: 0x80002398 (0x03f1b433) mulhu   s0, gp, t6
core   0: 3 0x80002398 (0x03f1b433) x 8 0x00000000
core   0: 0x8000239c (0xf33e7b13) andi    s6, t3, -205
core   0: 3 0x8000239c (0xf33e7b13) x22 0xffffff33
core   0: 0x800023a0 (0x00693533) sltu    a0, s2, t1
core   0: 3 0x800023a0 (0x00693533) x10 0x00000001
core   0: 0x800023a4 (0x030b48b3) div     a7, s6, a6
core   0: 3 0x800023a4 (0x030b48b3) x17 0x00000000
core   0: 0x800023a8 (0x03f39ab3) mulh    s5, t2, t6
core   0: 3 0x800023a8 (0x03f39ab3) x21 0x00000000
core   0: 0x800023ac (0xcd5af793) andi    a5, s5, -811
core   0: 3 0x800023ac (0xcd5af793) x15 0x00000000
core   0: 0x800023b0 (0x026f2533) mulhsu  a0, t5, t1
core   0: 3 0x800023b0 (0x026f2533) x10 0x0dffd492
core   0: 0x800023b4 (0x02679433) mulh    s0, a5, t1
core   0: 3 0x800023b4 (0x02679433) x 8 0x00000000
core   0: 0x800023b8 (0x03ee71b3) remu    gp, t3, t5
core   0: 3 0x800023b8 (0x03ee71b3) x 3 0x04000050
core   0: 0x800023bc (0x0316b0b3) mulhu   ra, a3, a7
core   0: 3 0x800023bc (0x0316b0b3) x 1 0x00000000
core   0: 0x800023c0 (0x0138ef33) or      t5, a7, s3
core   0: 3 0x800023c0 (0x0138ef33) x30 0x00000000
core   0: 0x800023c4 (0x01c3dc13) srli    s8, t2, 28
core   0: 3 0x800023c4 (0x01c3dc13) x24 0x00000000
core   0: 0x800023c8 (0x01799d13) slli    s10, s3, 23
core   0: 3 0x800023c8 (0x01799d13) x26 0x00000000
core   0: 0x800023cc (0x87e78613) addi    a2, a5, -1922
core   0: 3 0x800023cc (0x87e78613) x12 0xfffff87e
core   0: 0x800023d0 (0x00a89ab3) sll     s5, a7, a0
core   0: 3 0x800023d0 (0x00a89ab3) x21 0x00000000
core   0: 0x800023d4 (0x02268433) mul     s0, a3, sp
core   0: 3 0x800023d4 (0x02268433) x 8 0x0012353f
core   0: 0x800023d8 (0x01eb00b3) add     ra, s6, t5
core   0: 3 0x800023d8 (0x01eb00b3) x 1 0xffffff33
core   0: 0x800023dc (0x00555713) srli    a4, a0, 5
core   0: 3 0x800023dc (0x00555713) x14 0x006ffea4
core   0: 0x800023e0 (0xff25e713) ori     a4, a1, -14
core   0: 3 0x800023e0 (0xff25e713) x14 0xfffffffa
core   0: 0x800023e4 (0x69f1ad93) slti    s11, gp, 1695
core   0: 3 0x800023e4 (0x69f1ad93) x27 0x00000000
core   0: 0x800023e8 (0x03f1d433) divu    s0, gp, t6
core   0: 3 0x800023e8 (0x03f1d433) x 8 0xffffffff
core   0: 0x800023ec (0x03ad9233) mulh    tp, s11, s10
core   0: 3 0x800023ec (0x03ad9233) x 4 0x00000000
core   0: 0x800023f0 (0x01879433) sll     s0, a5, s8
core   0: 3 0x800023f0 (0x01879433) x 8 0x00000000
core   0: 0x800023f4 (0x47c84293) xori    t0, a6, 1148
core   0: 3 0x800023f4 (0x47c84293) x 5 0x80018898
core   0: 0x800023f8 (0x02b3b1b3) mulhu   gp, t2, a1
core   0: 3 0x800023f8 (0x02b3b1b3) x 3 0x00000000
core   0: 0x800023fc (0x792f2e13) slti    t3, t5, 1938
core   0: 3 0x800023fc (0x792f2e13) x28 0x00000001
core   0: 0x80002400 (0xe2bc2913) slti    s2, s8, -469
core   0: 3 0x80002400 (0xe2bc2913) x18 0x00000000
core   0: 0x80002404 (0x00695093) srli    ra, s2, 6
core   0: 3 0x80002404 (0x00695093) x 1 0x00000000
core   0: 0x80002408 (0x039bd733) divu    a4, s7, s9
core   0: 3 0x80002408 (0x039bd733) x14 0x00000000
core   0: 0x8000240c (0x19ea11b7) lui     gp, 0x19ea1
core   0: 3 0x8000240c (0x19ea11b7) x 3 0x19ea1000
core   0: 0x80002410 (0x035e6eb3) rem     t4, t3, s5
core   0: 3 0x80002410 (0x035e6eb3) x29 0x00000001
core   0: 0x80002414 (0xcf6e6013) ori     zero, t3, -778
core   0: 3 0x80002414 (0xcf6e6013)
core   0: 0x80002418 (0x9cf90b93) addi    s7, s2, -1585
core   0: 3 0x80002418 (0x9cf90b93) x23 0xfffff9cf
core   0: 0x8000241c (0x005aa433) slt     s0, s5, t0
core   0: 3 0x8000241c (0x005aa433) x 8 0x00000000
core   0: 0x80002420 (0x026de3b3) rem     t2, s11, t1
core   0: 3 0x80002420 (0x026de3b3) x 7 0x00000000
core   0: 0x80002424 (0xe1d82293) slti    t0, a6, -483
core   0: 3 0x80002424 (0xe1d82293) x 5 0x00000001
core   0: 0x80002428 (0x03e956b3) divu    a3, s2, t5
core   0: 3 0x80002428 (0x03e956b3) x13 0xffffffff
core   0: 0x8000242c (0x0035b8b3) sltu    a7, a1, gp
core   0: 3 0x8000242c (0x0035b8b3) x17 0x00000001
core   0: 0x80002430 (0x0063f2b3) and     t0, t2, t1
core   0: 3 0x80002430 (0x0063f2b3) x 5 0x00000000
core   0: 0x80002434 (0x3660af13) slti    t5, ra, 870
core   0: 3 0x80002434 (0x3660af13) x30 0x00000001
core   0: 0x80002438 (0x0005ac33) slt     s8, a1, zero
core   0: 3 0x80002438 (0x0005ac33) x24 0x00000000
core   0: 0x8000243c (0x00a02433) slt     s0, zero, a0
core   0: 3 0x8000243c (0x00a02433) x 8 0x00000001
core   0: 0x80002440 (0x0398e3b3) rem     t2, a7, s9
core   0: 3 0x80002440 (0x0398e3b3) x 7 0x00000001
core   0: 0x80002444 (0x00486bb3) or      s7, a6, tp
core   0: 3 0x80002444 (0x00486bb3) x23 0x80018ce4
core   0: 0x80002448 (0x00852bb3) slt     s7, a0, s0
core   0: 3 0x80002448 (0x00852bb3) x23 0x00000000
core   0: 0x8000244c (0x011bb9b3) sltu    s3, s7, a7
core   0: 3 0x8000244c (0x011bb9b3) x19 0x00000001
core   0: 0x80002450 (0x01eea5b3) slt     a1, t4, t5
core   0: 3 0x80002450 (0x01eea5b3) x11 0x00000000
core   0: 0x80002454 (0x0118db33) srl     s6, a7, a7
core   0: 3 0x80002454 (0x0118db33) x22 0x00000000
core   0: 0x80002458 (0x2ed8e713) ori     a4, a7, 749
core   0: 3 0x80002458 (0x2ed8e713) x14 0x000002ed
core   0: 0x8000245c (0x744a4317) auipc   t1, 0x744a4
core   0: 3 0x8000245c (0x744a4317) x 6 0xf44a645c
core   0: 0x80002460 (0x0000c533) xor     a0, ra, zero
core   0: 3 0x80002460 (0x0000c533) x10 0x00000000
core   0: 0x80002464 (0x41315013) srai    zero, sp, 19
core   0: 3 0x80002464 (0x41315013)
core   0: 0x80002468 (0x012fccb3) xor     s9, t6, s2
core   0: 3 0x80002468 (0x012fccb3) x25 0x00000000
core   0: 0x8000246c (0x0046f9b3) and     s3, a3, tp
core   0: 3 0x8000246c (0x0046f9b3) x19 0x00000000
core   0: 0x80002470 (0x01184433) xor     s0, a6, a7
core   0: 3 0x80002470 (0x01184433) x 8 0x80018ce5
core   0: 0x80002474 (0xb81a3693) sltiu   a3, s4, -1151
core   0: 3 0x80002474 (0xb81a3693) x13 0x00000001
core   0: 0x80002478 (0x039cfdb3) remu    s11, s9, s9
core   0: 3 0x80002478 (0x039cfdb3) x27 0x00000000
core   0: 0x8000247c (0x03bb70b3) remu    ra, s6, s11
core   0: 3 0x8000247c (0x03bb70b3) x 1 0x00000000
core   0: 0x80002480 (0x00138933) add     s2, t2, ra
core   0: 3 0x80002480 (0x00138933) x18 0x00000001
core   0: 0x80002484 (0x000275b3) and     a1, tp, zero
core   0: 3 0x80002484 (0x000275b3) x11 0x00000000
core   0: 0x80002488 (0x02354eb3) div     t4, a0, gp
core   0: 3 0x80002488 (0x02354eb3) x29 0x00000000
core   0: 0x8000248c (0xcf700d13) li      s10, -777
core   0: 3 0x8000248c (0xcf700d13) x26 0xfffffcf7
core   0: 0x80002490 (0x036411b3) mulh    gp, s0, s6
core   0: 3 0x80002490 (0x036411b3) x 3 0x00000000
core   0: 0x80002494 (0x00000013) nop
core   0: 3 0x80002494 (0x00000013)
core   0: 0x80002498 (0x01e15cb3) srl     s9, sp, t5
core   0: 3 0x80002498 (0x01e15cb3) x25 0x00091a9f
core   0: 0x8000249c (0x030e2d33) mulhsu  s10, t3, a6
core   0: 3 0x8000249c (0x030e2d33) x26 0x00000000
core   0: 0x800024a0 (0x0380d5b3) divu    a1, ra, s8
core   0: 3 0x800024a0 (0x0380d5b3) x11 0xffffffff
core   0: 0x800024a4 (0xf9fd8913) addi    s2, s11, -97
core   0: 3 0x800024a4 (0xf9fd8913) x18 0xffffff9f
core   0: 0x800024a8 (0x009fae33) slt     t3, t6, s1
core   0: 3 0x800024a8 (0x009fae33) x28 0x00000000
core   0: 0x800024ac (0x018990b3) sll     ra, s3, s8
core   0: 3 0x800024ac (0x018990b3) x 1 0x00000000
core   0: 0x800024b0 (0x007b9213) slli    tp, s7, 7
core   0: 3 0x800024b0 (0x007b9213) x 4 0x00000000
core   0: 0x800024b4 (0x02c655b3) divu    a1, a2, a2
core   0: 3 0x800024b4 (0x02c655b3) x11 0x00000001
core   0: 0x800024b8 (0x06aea393) slti    t2, t4, 106
core   0: 3 0x800024b8 (0x06aea393) x 7 0x00000001
core   0: 0x800024bc (0x01a95293) srli    t0, s2, 26
core   0: 3 0x800024bc (0x01a95293) x 5 0x0000003f
core   0: 0x800024c0 (0x00a976b3) and     a3, s2, a0
core   0: 3 0x800024c0 (0x00a976b3) x13 0x00000000
core   0: 0x800024c4 (0x00585c33) srl     s8, a6, t0
core   0: 3 0x800024c4 (0x00585c33) x24 0x00000001
core   0: 0x800024c8 (0x6ab59017) auipc   zero, 0x6ab59
core   0: 3 0x800024c8 (0x6ab59017)
core   0: 0x800024cc (0x414b8933) sub     s2, s7, s4
core   0: 3 0x800024cc (0x414b8933) x18 0x4527437b
core   0: 0x800024d0 (0x01455893) srli    a7, a0, 20
core   0: 3 0x800024d0 (0x01455893) x17 0x00000000
core   0: 0x800024d4 (0x01f4dc93) srli    s9, s1, 31
core   0: 3 0x800024d4 (0x01f4dc93) x25 0x00000001
core   0: 0x800024d8 (0x01ee9093) slli    ra, t4, 30
core   0: 3 0x800024d8 (0x01ee9093) x 1 0x00000000
core   0: 0x800024dc (0x1e46a993) slti    s3, a3, 484
core   0: 3 0x800024dc (0x1e46a993) x19 0x00000001
core   0: 0x800024e0 (0x01f79633) sll     a2, a5, t6
core   0: 3 0x800024e0 (0x01f79633) x12 0x00000000
core   0: 0x800024e4 (0x0020d633) srl     a2, ra, sp
core   0: 3 0x800024e4 (0x0020d633) x12 0x00000000
core   0: 0x800024e8 (0x011bd0b3) srl     ra, s7, a7
core   0: 3 0x800024e8 (0x011bd0b3) x 1 0x00000000
core   0: 0x800024ec (0x021bccb3) div     s9, s7, ra
core   0: 3 0x800024ec (0x021bccb3) x25 0xffffffff
core   0: 0x800024f0 (0x009c1e13) slli    t3, s8, 9
core   0: 3 0x800024f0 (0x009c1e13) x28 0x00000200
core   0: 0x800024f4 (0x00ad87b3) add     a5, s11, a0
core   0: 3 0x800024f4 (0x00ad87b3) x15 0x00000000
core   0: 0x800024f8 (0x41e3deb3) sra     t4, t2, t5
core   0: 3 0x800024f8 (0x41e3deb3) x29 0x00000000
core   0: 0x800024fc (0x031c4d33) div     s10, s8, a7
core   0: 3 0x800024fc (0x031c4d33) x26 0xffffffff
core   0: 0x80002500 (0x001dcfb3) xor     t6, s11, ra
core   0: 3 0x80002500 (0x001dcfb3) x31 0x00000000
core   0: 0x80002504 (0xc01aa113) slti    sp, s5, -1023
core   0: 3 0x80002504 (0xc01aa113) x 2 0x00000000
core   0: 0x80002508 (0x019a3133) sltu    sp, s4, s9
core   0: 3 0x80002508 (0x019a3133) x 2 0x00000001
core   0: 0x8000250c (0x007bde33) srl     t3, s7, t2
core   0: 3 0x8000250c (0x007bde33) x28 0x00000000
core   0: 0x80002510 (0x45d67d13) andi    s10, a2, 1117
core   0: 3 0x80002510 (0x45d67d13) x26 0x00000000
core   0: 0x80002514 (0x0024d893) srli    a7, s1, 2
core   0: 3 0x80002514 (0x0024d893) x17 0x20005399
core   0: 0x80002518 (0x0257bdb3) mulhu   s11, a5, t0
core   0: 3 0x80002518 (0x0257bdb3) x27 0x00000000
core   0: 0x8000251c (0x02f51533) mulh    a0, a0, a5
core   0: 3 0x8000251c (0x02f51533) x10 0x00000000
core   0: 0x80002520 (0x01b706b3) add     a3, a4, s11
core   0: 3 0x80002520 (0x01b706b3) x13 0x000002ed
core   0: 0x80002524 (0xdba14f93) xori    t6, sp, -582
core   0: 3 0x80002524 (0xdba14f93) x31 0xfffffdbb
core   0: 0x80002528 (0x039799b3) mulh    s3, a5, s9
core   0: 3 0x80002528 (0x039799b3) x19 0x00000000
core   0: 0x8000252c (0x02052533) mulhsu  a0, a0, zero
core   0: 3 0x8000252c (0x02052533) x10 0x00000000
core   0: 0x80002530 (0x011b7533) and     a0, s6, a7
core   0: 3 0x80002530 (0x011b7533) x10 0x00000000
core   0: 0x80002534 (0x0316f113) andi    sp, a3, 49
core   0: 3 0x80002534 (0x0316f113) x 2 0x00000021
core   0: 0x80002538 (0x40b40cb3) sub     s9, s0, a1
core   0: 3 0x80002538 (0x40b40cb3) x25 0x80018ce4
core   0: 0x8000253c (0x01cc6db3) or      s11, s8, t3
core   0: 3 0x8000253c (0x01cc6db3) x27 0x00000001
core   0: 0x80002540 (0x00066f33) or      t5, a2, zero
core   0: 3 0x80002540 (0x00066f33) x30 0x00000000
core   0: 0x80002544 (0x0a64ac13) slti    s8, s1, 166
core   0: 3 0x80002544 (0x0a64ac13) x24 0x00000001
core   0: 0x80002548 (0x52406b13) ori     s6, zero, 1316
core   0: 3 0x80002548 (0x52406b13) x22 0x00000524
core   0: 0x8000254c (0xf4a70b13) addi    s6, a4, -182
core   0: 3 0x8000254c (0xf4a70b13) x22 0x00000237
core   0: 0x80002550 (0x010ff233) and     tp, t6, a6
core   0: 3 0x80002550 (0x010ff233) x 4 0x80018ca0
core   0: 0x80002554 (0xf3b80793) addi    a5, a6, -197
core   0: 3 0x80002554 (0xf3b80793) x15 0x80018c1f
core   0: 0x80002558 (0x41ca85b3) sub     a1, s5, t3
core   0: 3 0x80002558 (0x41ca85b3) x11 0x00000000
core   0: 0x8000255c (0x01465013) srli    zero, a2, 20
core   0: 3 0x8000255c (0x01465013)
core   0: 0x80002560 (0x0363a233) mulhsu  tp, t2, s6
core   0: 3 0x80002560 (0x0363a233) x 4 0x00000000
core   0: 0x80002564 (0x01ea3b93) sltiu   s7, s4, 30
core   0: 3 0x80002564 (0x01ea3b93) x23 0x00000000
core   0: 0x80002568 (0xb5533c13) sltiu   s8, t1, -1195
core   0: 3 0x80002568 (0xb5533c13) x24 0x00000001
core   0: 0x8000256c (0x00fadb93) srli    s7, s5, 15
core   0: 3 0x8000256c (0x00fadb93) x23 0x00000000
core   0: 0x80002570 (0x02924e33) div     t3, tp, s1
core   0: 3 0x80002570 (0x02924e33) x28 0x00000000
core   0: 0x80002574 (0x014edbb3) srl     s7, t4, s4
core   0: 3 0x80002574 (0x014edbb3) x23 0x00000000
core   0: 0x80002578 (0x000a9313) slli    t1, s5, 0
core   0: 3 0x80002578 (0x000a9313) x 6 0x00000000
core   0: 0x8000257c (0x00c7b8b3) sltu    a7, a5, a2
core   0: 3 0x8000257c (0x00c7b8b3) x17 0x00000000
core   0: 0x80002580 (0x00649ab3) sll     s5, s1, t1
core   0: 3 0x80002580 (0x00649ab3) x21 0x80014e64
core   0: 0x80002584 (0x015b5d33) srl     s10, s6, s5
core   0: 3 0x80002584 (0x015b5d33) x26 0x00000023
core   0: 0x80002588 (0x8e35a9b7) lui     s3, 0x8e35a
core   0: 3 0x80002588 (0x8e35a9b7) x19 0x8e35a000
core   0: 0x8000258c (0x013156b3) srl     a3, sp, s3
core   0: 3 0x8000258c (0x013156b3) x13 0x00000021
core   0: 0x80002590 (0x41aa55b3) sra     a1, s4, s10
core   0: 3 0x80002590 (0x41aa55b3) x11 0xf75b1790
core   0: 0x80002594 (0x01a0d633) srl     a2, ra, s10
core   0: 3 0x80002594 (0x01a0d633) x12 0x00000000
core   0: 0x80002598 (0x031dfcb3) remu    s9, s11, a7
core   0: 3 0x80002598 (0x031dfcb3) x25 0x00000001
core   0: 0x8000259c (0x02aabf33) mulhu   t5, s5, a0
core   0: 3 0x8000259c (0x02aabf33) x30 0x00000000
core   0: 0x800025a0 (0x02430433) mul     s0, t1, tp
core   0: 3 0x800025a0 (0x02430433) x 8 0x00000000
core   0: 0x800025a4 (0x011a8c33) add     s8, s5, a7
core   0: 3 0x800025a4 (0x011a8c33) x24 0x80014e64
core   0: 0x800025a8 (0x06aaf937) lui     s2, 0x6aaf
core   0: 3 0x800025a8 (0x06aaf937) x18 0x06aaf000
core   0: 0x800025ac (0x8a188d97) auipc   s11, 0x8a188
core   0: 3 0x800025ac (0x8a188d97) x27 0x0a18a5ac
core   0: 0x800025b0 (0x0265a0b3) mulhsu  ra, a1, t1
core   0: 3 0x800025b0 (0x0265a0b3) x 1 0x00000000
core   0: 0x800025b4 (0x008d92b3) sll     t0, s11, s0
core   0: 3 0x800025b4 (0x008d92b3) x 5 0x0a18a5ac
core   0: 0x800025b8 (0xe8bac693) xori    a3, s5, -373
core   0: 3 0x800025b8 (0xe8bac693) x13 0x7ffeb0ef
core   0: 0x800025bc (0x03ad3433) mulhu   s0, s10, s10
core   0: 3 0x800025bc (0x03ad3433) x 8 0x00000000
core   0: 0x800025c0 (0x02c19d33) mulh    s10, gp, a2
core   0: 3 0x800025c0 (0x02c19d33) x26 0x00000000
core   0: 0x800025c4 (0x029dd733) divu    a4, s11, s1
core   0: 3 0x800025c4 (0x029dd733) x14 0x00000000
core   0: 0x800025c8 (0x01eb7d33) and     s10, s6, t5
core   0: 3 0x800025c8 (0x01eb7d33) x26 0x00000000
core   0: 0x800025cc (0x017e9513) slli    a0, t4, 23
core   0: 3 0x800025cc (0x017e9513) x10 0x00000000
core   0: 0x800025d0 (0x02c970b3) remu    ra, s2, a2
core   0: 3 0x800025d0 (0x02c970b3) x 1 0x06aaf000
core   0: 0x800025d4 (0x40d4d993) srai    s3, s1, 13
core   0: 3 0x800025d4 (0x40d4d993) x19 0xfffc000a
core   0: 0x800025d8 (0x2d2c4913) xori    s2, s8, 722
core   0: 3 0x800025d8 (0x2d2c4913) x18 0x80014cb6
core   0: 0x800025dc (0x02d8e9b3) rem     s3, a7, a3
core   0: 3 0x800025dc (0x02d8e9b3) x19 0x00000000
core   0: 0x800025e0 (0x00926533) or      a0, tp, s1
core   0: 3 0x800025e0 (0x00926533) x10 0x80014e64
core   0: 0x800025e4 (0x032a18b3) mulh    a7, s4, s2
core   0: 3 0x800025e4 (0x032a18b3) x17 0x229347dd
core   0: 0x800025e8 (0x03a3e233) rem     tp, t2, s10
core   0: 3 0x800025e8 (0x03a3e233) x 4 0x00000001
core   0: 0x800025ec (0x01ba7eb3) and     t4, s4, s11
core   0: 3 0x800025ec (0x01ba7eb3) x29 0x0a18a484
core   0: 0x800025f0 (0x03eea233) mulhsu  tp, t4, t5
core   0: 3 0x800025f0 (0x03eea233) x 4 0x00000000
core   0: 0x800025f4 (0x0141d8b3) srl     a7, gp, s4
core   0: 3 0x800025f4 (0x0141d8b3) x17 0x00000000
core   0: 0x800025f8 (0x03191433) mulh    s0, s2, a7
core   0: 3 0x800025f8 (0x03191433) x 8 0x00000000
core   0: 0x800025fc (0x039dbcb3) mulhu   s9, s11, s9
core   0: 3 0x800025fc (0x039dbcb3) x25 0x00000000
core   0: 0x80002600 (0x0105c9b3) xor     s3, a1, a6
core   0: 3 0x80002600 (0x0105c9b3) x19 0x775a9b74
core   0: 0x80002604 (0x41ce05b3) sub     a1, t3, t3
core   0: 3 0x80002604 (0x41ce05b3) x11 0x00000000
core   0: 0x80002608 (0x020a85b3) mul     a1, s5, zero
core   0: 3 0x80002608 (0x020a85b3) x11 0x00000000
core   0: 0x8000260c (0x0182b8b3) sltu    a7, t0, s8
core   0: 3 0x8000260c (0x0182b8b3) x17 0x00000001
core   0: 0x80002610 (0xcca47797) auipc   a5, 0xcca47
core   0: 3 0x80002610 (0xcca47797) x15 0x4ca49610
core   0: 0x80002614 (0x0094d133) srl     sp, s1, s1
core   0: 3 0x80002614 (0x0094d133) x 2 0x080014e6
core   0: 0x80002618 (0x0038ec33) or      s8, a7, gp
core   0: 3 0x80002618 (0x0038ec33) x24 0x00000001
core   0: 0x8000261c (0x401c5eb3) sra     t4, s8, ra
core   0: 3 0x8000261c (0x401c5eb3) x29 0x00000001
core   0: 0x80002620 (0x0382c1b3) div     gp, t0, s8
core   0: 3 0x80002620 (0x0382c1b3) x 3 0x0a18a5ac
core   0: 0x80002624 (0x03fd6933) rem     s2, s10, t6
core   0: 3 0x80002624 (0x03fd6933) x18 0x00000000
core   0: 0x80002628 (0x028678b3) remu    a7, a2, s0
core   0: 3 0x80002628 (0x028678b3) x17 0x00000000
core   0: 0x8000262c (0x03dc5bb3) divu    s7, s8, t4
core   0: 3 0x8000262c (0x03dc5bb3) x23 0x00000001
core   0: 0x80002630 (0x028d9fb3) mulh    t6, s11, s0
core   0: 3 0x80002630 (0x028d9fb3) x31 0x00000000
core   0: 0x80002634 (0x01b6dd93) srli    s11, a3, 27
core   0: 3 0x80002634 (0x01b6dd93) x27 0x0000000f
core   0: 0x80002638 (0x00fde233) or      tp, s11, a5
core   0: 3 0x80002638 (0x00fde233) x 4 0x4ca4961f
core   0: 0x8000263c (0x029e4033) div     zero, t3, s1
core   0: 3 0x8000263c (0x029e4033)
core   0: 0x80002640 (0xde058693) addi    a3, a1, -544
core   0: 3 0x80002640 (0xde058693) x13 0xfffffde0
core   0: 0x80002644 (0x0352e133) rem     sp, t0, s5
core   0: 3 0x80002644 (0x0352e133) x 2 0x0a18a5ac
core   0: 0x80002648 (0xf175b393) sltiu   t2, a1, -233
core   0: 3 0x80002648 (0xf175b393) x 7 0x00000001
core   0: 0x8000264c (0xddf99fb7) lui     t6, 0xddf99
core   0: 3 0x8000264c (0xddf99fb7) x31 0xddf99000
core   0: 0x80002650 (0x0225f933) remu    s2, a1, sp
core   0: 3 0x80002650 (0x0225f933) x18 0x00000000
core   0: 0x80002654 (0x6983c793) xori    a5, t2, 1688
core   0: 3 0x80002654 (0x6983c793) x15 0x00000699
core   0: 0x80002658 (0x01b15bb3) srl     s7, sp, s11
core   0: 3 0x80002658 (0x01b15bb3) x23 0x00001431
core   0: 0x8000265c (0x000c95b3) sll     a1, s9, zero
core   0: 3 0x8000265c (0x000c95b3) x11 0x00000000
core   0: 0x80002660 (0x013a5013) srli    zero, s4, 19
core   0: 3 0x80002660 (0x013a5013)
core   0: 0x80002664 (0x40355433) sra     s0, a0, gp
core   0: 3 0x80002664 (0x40355433) x 8 0xfff80014
core   0: 0x80002668 (0x01349d93) slli    s11, s1, 19
core   0: 3 0x80002668 (0x01349d93) x27 0x73200000
core   0: 0x8000266c (0xe2016d97) auipc   s11, 0xe2016
core   0: 3 0x8000266c (0xe2016d97) x27 0x6201866c
core   0: 0x80002670 (0x01580e33) add     t3, a6, s5
core   0: 3 0x80002670 (0x01580e33) x28 0x0002db48
core   0: 0x80002674 (0x035af333) remu    t1, s5, s5
core   0: 3 0x80002674 (0x035af333) x 6 0x00000000
core   0: 0x80002678 (0x03bf8c33) mul     s8, t6, s11
core   0: 3 0x80002678 (0x03bf8c33) x24 0xd6a8c000
core   0: 0x8000267c (0xe0202293) slti    t0, zero, -510
core   0: 3 0x8000267c (0xe0202293) x 5 0x00000000
core   0: 0x80002680 (0x81b5ac93) slti    s9, a1, -2021
core   0: 3 0x80002680 (0x81b5ac93) x25 0x00000000
core   0: 0x80002684 (0x016e3633) sltu    a2, t3, s6
core   0: 3 0x80002684 (0x016e3633) x12 0x00000000
core   0: 0x80002688 (0x037a8c33) mul     s8, s5, s7
core   0: 3 0x80002688 (0x037a8c33) x24 0x9a5fd124
core   0: 0x8000268c (0x011b4db3) xor     s11, s6, a7
core   0: 3 0x8000268c (0x011b4db3) x27 0x00000237
core   0: 0x80002690 (0x01ed8c33) add     s8, s11, t5
core   0: 3 0x80002690 (0x01ed8c33) x24 0x00000237
core   0: 0x80002694 (0x03f9e233) rem     tp, s3, t6
core   0: 3 0x80002694 (0x03f9e233) x 4 0x11474b74
core   0: 0x80002698 (0x00000013) nop
core   0: 3 0x80002698 (0x00000013)
core   0: 0x8000269c (0x02ea22b3) mulhsu  t0, s4, a4
core   0: 3 0x8000269c (0x02ea22b3) x 5 0x00000000
core   0: 0x800026a0 (0x033acdb3) div     s11, s5, s3
core   0: 3 0x800026a0 (0x033acdb3) x27 0xffffffff
core   0: 0x800026a4 (0x00000013) nop
core   0: 3 0x800026a4 (0x00000013)
core   0: 0x800026a8 (0x018e8d33) add     s10, t4, s8
core   0: 3 0x800026a8 (0x018e8d33) x26 0x00000238
core   0: 0x800026ac (0x038452b3) divu    t0, s0, s8
core   0: 3 0x800026ac (0x038452b3) x 5 0x007391d5
core   0: 0x800026b0 (0x0378e6b3) rem     a3, a7, s7
core   0: 3 0x800026b0 (0x0378e6b3) x13 0x00000000
core   0: 0x800026b4 (0x014309b3) add     s3, t1, s4
core   0: 3 0x800026b4 (0x014309b3) x19 0xbad8bc85
core   0: 0x800026b8 (0x00119f13) slli    t5, gp, 1
core   0: 3 0x800026b8 (0x00119f13) x30 0x14314b58
core   0: 0x800026bc (0x03ed16b3) mulh    a3, s10, t5
core   0: 3 0x800026bc (0x03ed16b3) x13 0x0000002c
core   0: 0x800026c0 (0x02d485b3) mul     a1, s1, a3
core   0: 3 0x800026c0 (0x02d485b3) x11 0x00397930
core   0: 0x800026c4 (0x014fd333) srl     t1, t6, s4
core   0: 3 0x800026c4 (0x014fd333) x 6 0x06efcc80
core   0: 0x800026c8 (0x018676b3) and     a3, a2, s8
core   0: 3 0x800026c8 (0x018676b3) x13 0x00000000
core   0: 0x800026cc (0x0190b733) sltu    a4, ra, s9
core   0: 3 0x800026cc (0x0190b733) x14 0x00000000
core   0: 0x800026d0 (0xb64b2893) slti    a7, s6, -1180
core   0: 3 0x800026d0 (0xb64b2893) x17 0x00000000
core   0: 0x800026d4 (0x408b0e33) sub     t3, s6, s0
core   0: 3 0x800026d4 (0x408b0e33) x28 0x00080223
core   0: 0x800026d8 (0xa3c3e093) ori     ra, t2, -1476
core   0: 3 0x800026d8 (0xa3c3e093) x 1 0xfffffa3d
core   0: 0x800026dc (0x03cef9b3) remu    s3, t4, t3
core   0: 3 0x800026dc (0x03cef9b3) x19 0x00000001
core   0: 0x800026e0 (0x405c0333) sub     t1, s8, t0
core   0: 3 0x800026e0 (0x405c0333) x 6 0xff8c7062
core   0: 0x800026e4 (0x001dc9b3) xor     s3, s11, ra
core   0: 3 0x800026e4 (0x001dc9b3) x19 0x000005c2
core   0: 0x800026e8 (0x00019513) slli    a0, gp, 0
core   0: 3 0x800026e8 (0x00019513) x10 0x0a18a5ac
core   0: 0x800026ec (0x02ddb7b3) mulhu   a5, s11, a3
core   0: 3 0x800026ec (0x02ddb7b3) x15 0x00000000
core   0: 0x800026f0 (0x0007c233) xor     tp, a5, zero
core   0: 3 0x800026f0 (0x0007c233) x 4 0x00000000
core   0: 0x800026f4 (0x03fe38b3) mulhu   a7, t3, t6
core   0: 3 0x800026f4 (0x03fe38b3) x17 0x0006f1a6
core   0: 0x800026f8 (0x418c5db3) sra     s11, s8, s8
core   0: 3 0x800026f8 (0x418c5db3) x27 0x00000000
core   0: 0x800026fc (0x00eb31b3) sltu    gp, s6, a4
core   0: 3 0x800026fc (0x00eb31b3) x 3 0x00000000
core   0: 0x80002700 (0x016918b3) sll     a7, s2, s6
core   0: 3 0x80002700 (0x016918b3) x17 0x00000000
core   0: 0x80002704 (0x03f682b3) mul     t0, a3, t6
core   0: 3 0x80002704 (0x03f682b3) x 5 0x00000000
core   0: 0x80002708 (0x00a9efb3) or      t6, s3, a0
core   0: 3 0x80002708 (0x00a9efb3) x31 0x0a18a5ee
core   0: 0x8000270c (0x014b53b3) srl     t2, s6, s4
core   0: 3 0x8000270c (0x014b53b3) x 7 0x00000011
core   0: 0x80002710 (0x037d4b33) div     s6, s10, s7
core   0: 3 0x80002710 (0x037d4b33) x22 0x00000000
core   0: 0x80002714 (0x00ee5a93) srli    s5, t3, 14
core   0: 3 0x80002714 (0x00ee5a93) x21 0x00000020
core   0: 0x80002718 (0x0375c133) div     sp, a1, s7
core   0: 3 0x80002718 (0x0375c133) x 2 0x000002d8
core   0: 0x8000271c (0x42e112b7) lui     t0, 0x42e11
core   0: 3 0x8000271c (0x42e112b7) x 5 0x42e11000
core   0: 0x80002720 (0xcaccd517) auipc   a0, 0xcaccd
core   0: 3 0x80002720 (0xcaccd517) x10 0x4accf720
core   0: 0x80002724 (0x1bed7893) andi    a7, s10, 446
core   0: 3 0x80002724 (0x1bed7893) x17 0x00000038
core   0: 0x80002728 (0x41c15913) srai    s2, sp, 28
core   0: 3 0x80002728 (0x41c15913) x18 0x00000000
core   0: 0x8000272c (0x40f7d433) sra     s0, a5, a5
core   0: 3 0x8000272c (0x40f7d433) x 8 0x00000000
core   0: 0x80002730 (0x012081b3) add     gp, ra, s2
core   0: 3 0x80002730 (0x012081b3) x 3 0xfffffa3d
core   0: 0x80002734 (0x41d605b3) sub     a1, a2, t4
core   0: 3 0x80002734 (0x41d605b3) x11 0xffffffff
core   0: 0x80002738 (0x01879233) sll     tp, a5, s8
core   0: 3 0x80002738 (0x01879233) x 4 0x00000000
core   0: 0x8000273c (0x013b9893) slli    a7, s7, 19
core   0: 3 0x8000273c (0x013b9893) x17 0xa1880000
core   0: 0x80002740 (0x032cf8b3) remu    a7, s9, s2
core   0: 3 0x80002740 (0x032cf8b3) x17 0x00000000
core   0: 0x80002744 (0xd641c6b7) lui     a3, 0xd641c
core   0: 3 0x80002744 (0xd641c6b7) x13 0xd641c000
core   0: 0x80002748 (0x036f0733) mul     a4, t5, s6
core   0: 3 0x80002748 (0x036f0733) x14 0x00000000
core   0: 0x8000274c (0x6ff22093) slti    ra, tp, 1791
core   0: 3 0x8000274c (0x6ff22093) x 1 0x00000001
core   0: 0x80002750 (0x5a388c93) addi    s9, a7, 1443
core   0: 3 0x80002750 (0x5a388c93) x25 0x000005a3
core   0: 0x80002754 (0x02a309b3) mul     s3, t1, a0
core   0: 3 0x80002754 (0x02a309b3) x19 0x54149a40
core   0: 0x80002758 (0x00000013) nop
core   0: 3 0x80002758 (0x00000013)
core   0: 0x8000275c (0x0194d633) srl     a2, s1, s9
core   0: 3 0x8000275c (0x0194d633) x12 0x100029cc
core   0: 0x80002760 (0x00337db3) and     s11, t1, gp
core   0: 3 0x80002760 (0x00337db3) x27 0xff8c7020
core   0: 0x80002764 (0xada2fdb7) lui     s11, 0xada2f
core   0: 3 0x80002764 (0xada2fdb7) x27 0xada2f000
core   0: 0x80002768 (0x8d032193) slti    gp, t1, -1840
core   0: 3 0x80002768 (0x8d032193) x 3 0x00000001
core   0: 0x8000276c (0x71812313) slti    t1, sp, 1816
core   0: 3 0x8000276c (0x71812313) x 6 0x00000001
core   0: 0x80002770 (0x0012dfb3) srl     t6, t0, ra
core   0: 3 0x80002770 (0x0012dfb3) x31 0x21708800
core   0: 0x80002774 (0x016b5233) srl     tp, s6, s6
core   0: 3 0x80002774 (0x016b5233) x 4 0x00000000
core   0: 0x80002778 (0x02a5c6b3) div     a3, a1, a0
core   0: 3 0x80002778 (0x02a5c6b3) x13 0x00000000
core   0: 0x8000277c (0xbb533293) sltiu   t0, t1, -1099
core   0: 3 0x8000277c (0xbb533293) x 5 0x00000001
core   0: 0x80002780 (0x744f7193) andi    gp, t5, 1860
core   0: 3 0x80002780 (0x744f7193) x 3 0x00000340
core   0: 0x80002784 (0x54777d93) andi    s11, a4, 1351
core   0: 3 0x80002784 (0x54777d93) x27 0x00000000
core   0: 0x80002788 (0x01503233) snez    tp, s5
core   0: 3 0x80002788 (0x01503233) x 4 0x00000001
core   0: 0x8000278c (0x015e5d13) srli    s10, t3, 21
core   0: 3 0x8000278c (0x015e5d13) x26 0x00000000
core   0: 0x80002790 (0x01041333) sll     t1, s0, a6
core   0: 3 0x80002790 (0x01041333) x 6 0x00000000
core   0: 0x80002794 (0x01a818b3) sll     a7, a6, s10
core   0: 3 0x80002794 (0x01a818b3) x17 0x80018ce4
core   0: 0x80002798 (0x03905d33) divu    s10, zero, s9
core   0: 3 0x80002798 (0x03905d33) x26 0x00000000
core   0: 0x8000279c (0x01604bb3) xor     s7, zero, s6
core   0: 3 0x8000279c (0x01604bb3) x23 0x00000000
core   0: 0x800027a0 (0x8ec17c93) andi    s9, sp, -1812
core   0: 3 0x800027a0 (0x8ec17c93) x25 0x000000c8
core   0: 0x800027a4 (0x00f0d613) srli    a2, ra, 15
core   0: 3 0x800027a4 (0x00f0d613) x12 0x00000000
core   0: 0x800027a8 (0x00bb1d13) slli    s10, s6, 11
core   0: 3 0x800027a8 (0x00bb1d13) x26 0x00000000
core   0: 0x800027ac (0x55978013) addi    zero, a5, 1369
core   0: 3 0x800027ac (0x55978013)
core   0: 0x800027b0 (0x003fd213) srli    tp, t6, 3
core   0: 3 0x800027b0 (0x003fd213) x 4 0x042e1100
core   0: 0x800027b4 (0x40a95c13) srai    s8, s2, 10
core   0: 3 0x800027b4 (0x40a95c13) x24 0x00000000
core   0: 0x800027b8 (0x02579cb3) mulh    s9, a5, t0
core   0: 3 0x800027b8 (0x02579cb3) x25 0x00000000
core   0: 0x800027bc (0x00d19f33) sll     t5, gp, a3
core   0: 3 0x800027bc (0x00d19f33) x30 0x00000340
core   0: 0x800027c0 (0x01eb8f33) add     t5, s7, t5
core   0: 3 0x800027c0 (0x01eb8f33) x30 0x00000340
core   0: 0x800027c4 (0x034dc1b3) div     gp, s11, s4
core   0: 3 0x800027c4 (0x034dc1b3) x 3 0x00000000
core   0: 0x800027c8 (0x01671c13) slli    s8, a4, 22
core   0: 3 0x800027c8 (0x01671c13) x24 0x00000000
core   0: 0x800027cc (0xcaf8ab93) slti    s7, a7, -849
core   0: 3 0x800027cc (0xcaf8ab93) x23 0x00000001
core   0: 0x800027d0 (0x03635bb3) divu    s7, t1, s6
core   0: 3 0x800027d0 (0x03635bb3) x23 0xffffffff
core   0: 0x800027d4 (0x00b685b3) add     a1, a3, a1
core   0: 3 0x800027d4 (0x00b685b3) x11 0xffffffff
core   0: 0x800027d8 (0x011bdcb3) srl     s9, s7, a7
core   0: 3 0x800027d8 (0x011bdcb3) x25 0x0fffffff
core   0: 0x800027dc (0x014e5213) srli    tp, t3, 20
core   0: 3 0x800027dc (0x014e5213) x 4 0x00000000
core   0: 0x800027e0 (0x00612f33) slt     t5, sp, t1
core   0: 3 0x800027e0 (0x00612f33) x30 0x00000000
core   0: 0x800027e4 (0x00e04433) xor     s0, zero, a4
core   0: 3 0x800027e4 (0x00e04433) x 8 0x00000000
core   0: 0x800027e8 (0x00535013) srli    zero, t1, 5
core   0: 3 0x800027e8 (0x00535013)
core   0: 0x800027ec (0x020317b3) mulh    a5, t1, zero
core   0: 3 0x800027ec (0x020317b3) x15 0x00000000
core   0: 0x800027f0 (0x9abdb693) sltiu   a3, s11, -1621
core   0: 3 0x800027f0 (0x9abdb693) x13 0x00000001
core   0: 0x800027f4 (0x03f0c533) div     a0, ra, t6
core   0: 3 0x800027f4 (0x03f0c533) x10 0x00000000
core   0: 0x800027f8 (0x3f312793) slti    a5, sp, 1011
core   0: 3 0x800027f8 (0x3f312793) x15 0x00000001
core   0: 0x800027fc (0x55f23013) sltiu   zero, tp, 1375
core   0: 3 0x800027fc (0x55f23013)
core   0: 0x80002800 (0xbb207593) andi    a1, zero, -1102
core   0: 3 0x80002800 (0xbb207593) x11 0x00000000
core   0: 0x80002804 (0xf0333913) sltiu   s2, t1, -253
core   0: 3 0x80002804 (0xf0333913) x18 0x00000001
core   0: 0x80002808 (0xa548b713) sltiu   a4, a7, -1452
core   0: 3 0x80002808 (0xa548b713) x14 0x00000001
core   0: 0x8000280c (0x278cb093) sltiu   ra, s9, 632
core   0: 3 0x8000280c (0x278cb093) x 1 0x00000000
core   0: 0x80002810 (0xad22b793) sltiu   a5, t0, -1326
core   0: 3 0x80002810 (0xad22b793) x15 0x00000001
core   0: 0x80002814 (0x036c1733) mulh    a4, s8, s6
core   0: 3 0x80002814 (0x036c1733) x14 0x00000000
core   0: 0x80002818 (0xdda66793) ori     a5, a2, -550
core   0: 3 0x80002818 (0xdda66793) x15 0xfffffdda
core   0: 0x8000281c (0x00d78bb3) add     s7, a5, a3
core   0: 3 0x8000281c (0x00d78bb3) x23 0xfffffddb
core   0: 0x80002820 (0x005551b3) srl     gp, a0, t0
core   0: 3 0x80002820 (0x005551b3) x 3 0x00000000
core   0: 0x80002824 (0x006b3c33) sltu    s8, s6, t1
core   0: 3 0x80002824 (0x006b3c33) x24 0x00000000
core   0: 0x80002828 (0x022a0db3) mul     s11, s4, sp
core   0: 3 0x80002828 (0x022a0db3) x27 0x58581a38
core   0: 0x8000282c (0x65d5f593) andi    a1, a1, 1629
core   0: 3 0x8000282c (0x65d5f593) x11 0x00000000
core   0: 0x80002830 (0x0f892d93) slti    s11, s2, 248
core   0: 3 0x80002830 (0x0f892d93) x27 0x00000001
core   0: 0x80002834 (0x01e13b33) sltu    s6, sp, t5
core   0: 3 0x80002834 (0x01e13b33) x22 0x00000000
core   0: 0x80002838 (0x00ce6333) or      t1, t3, a2
core   0: 3 0x80002838 (0x00ce6333) x 6 0x00080223
core   0: 0x8000283c (0x014165b3) or      a1, sp, s4
core   0: 3 0x8000283c (0x014165b3) x11 0xbad8bedd
core   0: 0x80002840 (0x41210db3) sub     s11, sp, s2
core   0: 3 0x80002840 (0x41210db3) x27 0x000002d7
core   0: 0x80002844 (0x08b64293) xori    t0, a2, 139
core   0: 3 0x80002844 (0x08b64293) x 5 0x0000008b
core   0: 0x80002848 (0x004473b3) and     t2, s0, tp
core   0: 3 0x80002848 (0x004473b3) x 7 0x00000000
core   0: 0x8000284c (0xa6be0693) addi    a3, t3, -1429
core   0: 3 0x8000284c (0xa6be0693) x13 0x0007fc8e
core   0: 0x80002850 (0x00000013) nop
core   0: 3 0x80002850 (0x00000013)
core   0: 0x80002854 (0x03ae2ab3) mulhsu  s5, t3, s10
core   0: 3 0x80002854 (0x03ae2ab3) x21 0x00000000
core   0: 0x80002858 (0x001e9d93) slli    s11, t4, 1
core   0: 3 0x80002858 (0x001e9d93) x27 0x00000002
core   0: 0x8000285c (0x0284ecb3) rem     s9, s1, s0
core   0: 3 0x8000285c (0x0284ecb3) x25 0x80014e64
core   0: 0x80002860 (0x01b9dc13) srli    s8, s3, 27
core   0: 3 0x80002860 (0x01b9dc13) x24 0x0000000a
core   0: 0x80002864 (0x01905093) srli    ra, zero, 25
core   0: 3 0x80002864 (0x01905093) x 1 0x00000000
core   0: 0x80002868 (0x404cd8b3) sra     a7, s9, tp
core   0: 3 0x80002868 (0x404cd8b3) x17 0x80014e64
core   0: 0x8000286c (0x98a26f97) auipc   t6, 0x98a26
core   0: 3 0x8000286c (0x98a26f97) x31 0x18a2886c
core   0: 0x80002870 (0x01972eb3) slt     t4, a4, s9
core   0: 3 0x80002870 (0x01972eb3) x29 0x00000000
core   0: 0x80002874 (0x41cf5433) sra     s0, t5, t3
core   0: 3 0x80002874 (0x41cf5433) x 8 0x00000000
core   0: 0x80002878 (0xca45be93) sltiu   t4, a1, -860
core   0: 3 0x80002878 (0xca45be93) x29 0x00000001
core   0: 0x8000287c (0x00000013) nop
core   0: 3 0x8000287c (0x00000013)
core   0: 0x80002880 (0x0222d6b3) divu    a3, t0, sp
core   0: 3 0x80002880 (0x0222d6b3) x13 0x00000000
core   0: 0x80002884 (0x038ef633) remu    a2, t4, s8
core   0: 3 0x80002884 (0x038ef633) x12 0x00000001
core   0: 0x80002888 (0x02a419b3) mulh    s3, s0, a0
core   0: 3 0x80002888 (0x02a419b3) x19 0x00000000
core   0: 0x8000288c (0x0342ce33) div     t3, t0, s4
core   0: 3 0x8000288c (0x0342ce33) x28 0x00000000
core   0: 0x80002890 (0xd9eee093) ori     ra, t4, -610
core   0: 3 0x80002890 (0xd9eee093) x 1 0xfffffd9f
core   0: 0x80002894 (0xf7a4f413) andi    s0, s1, -134
core   0: 3 0x80002894 (0xf7a4f413) x 8 0x80014e60
core   0: 0x80002898 (0x0149d533) srl     a0, s3, s4
core   0: 3 0x80002898 (0x0149d533) x10 0x00000000
core   0: 0x8000289c (0x031ed6b3) divu    a3, t4, a7
core   0: 3 0x8000289c (0x031ed6b3) x13 0x00000000
core   0: 0x800028a0 (0x0733cd93) xori    s11, t2, 115
core   0: 3 0x800028a0 (0x0733cd93) x27 0x00000073
core   0: 0x800028a4 (0x02094f33) div     t5, s2, zero
core   0: 3 0x800028a4 (0x02094f33) x30 0xffffffff
core   0: 0x800028a8 (0x0186e8b3) or      a7, a3, s8
core   0: 3 0x800028a8 (0x0186e8b3) x17 0x0000000a
core   0: 0x800028ac (0x408583b3) sub     t2, a1, s0
core   0: 3 0x800028ac (0x408583b3) x 7 0x3ad7707d
core   0: 0x800028b0 (0x40cdd213) srai    tp, s11, 12
core   0: 3 0x800028b0 (0x40cdd213) x 4 0x00000000
core   0: 0x800028b4 (0x41d3db13) srai    s6, t2, 29
core   0: 3 0x800028b4 (0x41d3db13) x22 0x00000001
core   0: 0x800028b8 (0x035f1533) mulh    a0, t5, s5
core   0: 3 0x800028b8 (0x035f1533) x10 0x00000000
core   0: 0x800028bc (0x021e8ab3) mul     s5, t4, ra
core   0: 3 0x800028bc (0x021e8ab3) x21 0xfffffd9f
core   0: 0x800028c0 (0x411501b3) sub     gp, a0, a7
core   0: 3 0x800028c0 (0x411501b3) x 3 0xfffffff6
core   0: 0x800028c4 (0x01ded993) srli    s3, t4, 29
core   0: 3 0x800028c4 (0x01ded993) x19 0x00000000
core   0: 0x800028c8 (0x0190eab3) or      s5, ra, s9
core   0: 3 0x800028c8 (0x0190eab3) x21 0xffffffff
core   0: 0x800028cc (0x01a6a933) slt     s2, a3, s10
core   0: 3 0x800028cc (0x01a6a933) x18 0x00000000
core   0: 0x800028d0 (0x60e4a6b7) lui     a3, 0x60e4a
core   0: 3 0x800028d0 (0x60e4a6b7) x13 0x60e4a000
core   0: 0x800028d4 (0x41010d33) sub     s10, sp, a6
core   0: 3 0x800028d4 (0x41010d33) x26 0x7ffe75f4
core   0: 0x800028d8 (0x01e0ad33) slt     s10, ra, t5
core   0: 3 0x800028d8 (0x01e0ad33) x26 0x00000001
core   0: 0x800028dc (0x03aef0b3) remu    ra, t4, s10
core   0: 3 0x800028dc (0x03aef0b3) x 1 0x00000000
core   0: 0x800028e0 (0x0deac193) xori    gp, s5, 222
core   0: 3 0x800028e0 (0x0deac193) x 3 0xffffff21
core   0: 0x800028e4 (0x1cbdb593) sltiu   a1, s11, 459
core   0: 3 0x800028e4 (0x1cbdb593) x11 0x00000001
core   0: 0x800028e8 (0x40ebd933) sra     s2, s7, a4
core   0: 3 0x800028e8 (0x40ebd933) x18 0xfffffddb
core   0: 0x800028ec (0x720a2617) auipc   a2, 0x720a2
core   0: 3 0x800028ec (0x720a2617) x12 0xf20a48ec
core   0: 0x800028f0 (0x03af5f33) divu    t5, t5, s10
core   0: 3 0x800028f0 (0x03af5f33) x30 0xffffffff
core   0: 0x800028f4 (0x0187d533) srl     a0, a5, s8
core   0: 3 0x800028f4 (0x0187d533) x10 0x003fffff
core   0: 0x800028f8 (0x0141aab3) slt     s5, gp, s4
core   0: 3 0x800028f8 (0x0141aab3) x21 0x00000000
core   0: 0x800028fc (0x012b28b3) slt     a7, s6, s2
core   0: 3 0x800028fc (0x012b28b3) x17 0x00000000
core   0: 0x80002900 (0x02148933) mul     s2, s1, ra
core   0: 3 0x80002900 (0x02148933) x18 0x00000000
core   0: 0x80002904 (0x02aa86b3) mul     a3, s5, a0
core   0: 3 0x80002904 (0x02aa86b3) x13 0x00000000
core   0: 0x80002908 (0x00c99433) sll     s0, s3, a2
core   0: 3 0x80002908 (0x00c99433) x 8 0x00000000
core   0: 0x8000290c (0xd7f73117) auipc   sp, 0xd7f73
core   0: 3 0x8000290c (0xd7f73117) x 2 0x57f7590c
core   0: 0x80002910 (0x8471ca97) auipc   s5, 0x8471c
core   0: 3 0x80002910 (0x8471ca97) x21 0x0471e910
core   0: 0x80002914 (0x0147c9b3) xor     s3, a5, s4
core   0: 3 0x80002914 (0x0147c9b3) x19 0x4527415f
core   0: 0x80002918 (0x4181db93) srai    s7, gp, 24
core   0: 3 0x80002918 (0x4181db93) x23 0xffffffff
core   0: 0x8000291c (0x00891093) slli    ra, s2, 8
core   0: 3 0x8000291c (0x00891093) x 1 0x00000000
core   0: 0x80002920 (0xb06b4b13) xori    s6, s6, -1274
core   0: 3 0x80002920 (0xb06b4b13) x22 0xfffffb07
core   0: 0x80002924 (0x00ca9013) slli    zero, s5, 12
core   0: 3 0x80002924 (0x00ca9013)
core   0: 0x80002928 (0x0052da93) srli    s5, t0, 5
core   0: 3 0x80002928 (0x0052da93) x21 0x00000004
core   0: 0x8000292c (0xb8e1e413) ori     s0, gp, -1138
core   0: 3 0x8000292c (0xb8e1e413) x 8 0xffffffaf
core   0: 0x80002930 (0x41340c33) sub     s8, s0, s3
core   0: 3 0x80002930 (0x41340c33) x24 0xbad8be50
core   0: 0x80002934 (0x00e3bbb3) sltu    s7, t2, a4
core   0: 3 0x80002934 (0x00e3bbb3) x23 0x00000000
core   0: 0x80002938 (0x01979b33) sll     s6, a5, s9
core   0: 3 0x80002938 (0x01979b33) x22 0xffffdda0
core   0: 0x8000293c (0x40920233) sub     tp, tp, s1
core   0: 3 0x8000293c (0x40920233) x 4 0x7ffeb19c
core   0: 0x80002940 (0x0320cd33) div     s10, ra, s2
core   0: 3 0x80002940 (0x0320cd33) x26 0xffffffff
core   0: 0x80002944 (0x01c24c33) xor     s8, tp, t3
core   0: 3 0x80002944 (0x01c24c33) x24 0x7ffeb19c
core   0: 0x80002948 (0x020bd533) divu    a0, s7, zero
core   0: 3 0x80002948 (0x020bd533) x10 0xffffffff
core   0: 0x8000294c (0x013a1293) slli    t0, s4, 19
core   0: 3 0x8000294c (0x013a1293) x 5 0xe4280000
core   0: 0x80002950 (0x036900b3) mul     ra, s2, s6
core   0: 3 0x80002950 (0x036900b3) x 1 0x00000000
core   0: 0x80002954 (0x03979f33) mulh    t5, a5, s9
core   0: 3 0x80002954 (0x03979f33) x30 0x00000112
core   0: 0x80002958 (0x008070b3) and     ra, zero, s0
core   0: 3 0x80002958 (0x008070b3) x 1 0x00000000
core   0: 0x8000295c (0x46016113) ori     sp, sp, 1120
core   0: 3 0x8000295c (0x46016113) x 2 0x57f75d6c
core   0: 0x80002960 (0x03b938b3) mulhu   a7, s2, s11
core   0: 3 0x80002960 (0x03b938b3) x17 0x00000000
core   0: 0x80002964 (0x021e40b3) div     ra, t3, ra
core   0: 3 0x80002964 (0x021e40b3) x 1 0xffffffff
core   0: 0x80002968 (0x41c1d933) sra     s2, gp, t3
core   0: 3 0x80002968 (0x41c1d933) x18 0xffffff21
core   0: 0x8000296c (0x01b58c33) add     s8, a1, s11
core   0: 3 0x8000296c (0x01b58c33) x24 0x00000074
core   0: 0x80002970 (0x412286b3) sub     a3, t0, s2
core   0: 3 0x80002970 (0x412286b3) x13 0xe42800df
core   0: 0x80002974 (0x00b0b533) sltu    a0, ra, a1
core   0: 3 0x80002974 (0x00b0b533) x10 0x00000000
core   0: 0x80002978 (0x8d02c213) xori    tp, t0, -1840
core   0: 3 0x80002978 (0x8d02c213) x 4 0x1bd7f8d0
core   0: 0x8000297c (0x00000013) nop
core   0: 3 0x8000297c (0x00000013)
core   0: 0x80002980 (0x009c3e33) sltu    t3, s8, s1
core   0: 3 0x80002980 (0x009c3e33) x28 0x00000001
core   0: 0x80002984 (0x0317c3b3) div     t2, a5, a7
core   0: 3 0x80002984 (0x0317c3b3) x 7 0xffffffff
core   0: 0x80002988 (0x405cd9b3) sra     s3, s9, t0
core   0: 3 0x80002988 (0x405cd9b3) x19 0x80014e64
core   0: 0x8000298c (0x034f7333) remu    t1, t5, s4
core   0: 3 0x8000298c (0x034f7333) x 6 0x00000112
core   0: 0x80002990 (0x011a3733) sltu    a4, s4, a7
core   0: 3 0x80002990 (0x011a3733) x14 0x00000000
core   0: 0x80002994 (0x41590933) sub     s2, s2, s5
core   0: 3 0x80002994 (0x41590933) x18 0xffffff1d
core   0: 0x80002998 (0x47cbff13) andi    t5, s7, 1148
core   0: 3 0x80002998 (0x47cbff13) x30 0x00000000
core   0: 0x8000299c (0xae25fc93) andi    s9, a1, -1310
core   0: 3 0x8000299c (0xae25fc93) x25 0x00000000
core   0: 0x800029a0 (0x03dfe733) rem     a4, t6, t4
core   0: 3 0x800029a0 (0x03dfe733) x14 0x00000000
core   0: 0x800029a4 (0x4c7bbe13) sltiu   t3, s7, 1223
core   0: 3 0x800029a4 (0x4c7bbe13) x28 0x00000001
core   0: 0x800029a8 (0x40b65793) srai    a5, a2, 11
core   0: 3 0x800029a8 (0x40b65793) x15 0xfffe4149
core   0: 0x800029ac (0x025c9d33) mulh    s10, s9, t0
core   0: 3 0x800029ac (0x025c9d33) x26 0x00000000
core   0: 0x800029b0 (0x2e627c93) andi    s9, tp, 742
core   0: 3 0x800029b0 (0x2e627c93) x25 0x000000c0
core   0: 0x800029b4 (0x00fdec33) or      s8, s11, a5
core   0: 3 0x800029b4 (0x00fdec33) x24 0xfffe417b
core   0: 0x800029b8 (0x4107d913) srai    s2, a5, 16
core   0: 3 0x800029b8 (0x4107d913) x18 0xfffffffe
core   0: 0x800029bc (0x418c5c33) sra     s8, s8, s8
core   0: 3 0x800029bc (0x418c5c33) x24 0xffffffff
core   0: 0x800029c0 (0x02a7ff33) remu    t5, a5, a0
core   0: 3 0x800029c0 (0x02a7ff33) x30 0xfffe4149
core   0: 0x800029c4 (0x01d5ffb3) and     t6, a1, t4
core   0: 3 0x800029c4 (0x01d5ffb3) x31 0x00000001
core   0: 0x800029c8 (0x0254bf33) mulhu   t5, s1, t0
core   0: 3 0x800029c8 (0x0254bf33) x30 0x72152a05
core   0: 0x800029cc (0x6a80a537) lui     a0, 0x6a80a
core   0: 3 0x800029cc (0x6a80a537) x10 0x6a80a000
core   0: 0x800029d0 (0x00cd15b3) sll     a1, s10, a2
core   0: 3 0x800029d0 (0x00cd15b3) x11 0x00000000
core   0: 0x800029d4 (0x02458ab3) mul     s5, a1, tp
core   0: 3 0x800029d4 (0x02458ab3) x21 0x00000000
core   0: 0x800029d8 (0x0245f133) remu    sp, a1, tp
core   0: 3 0x800029d8 (0x0245f133) x 2 0x00000000
core   0: 0x800029dc (0x01711913) slli    s2, sp, 23
core   0: 3 0x800029dc (0x01711913) x18 0x00000000
core   0: 0x800029e0 (0x03648c13) addi    s8, s1, 54
core   0: 3 0x800029e0 (0x03648c13) x24 0x80014e9a
core   0: 0x800029e4 (0x03c298b3) mulh    a7, t0, t3
core   0: 3 0x800029e4 (0x03c298b3) x17 0xffffffff
core   0: 0x800029e8 (0x0287ebb3) rem     s7, a5, s0
core   0: 3 0x800029e8 (0x0287ebb3) x23 0xffffffbc
core   0: 0x800029ec (0xadfa8013) addi    zero, s5, -1313
core   0: 3 0x800029ec (0xadfa8013)
core   0: 0x800029f0 (0x01f989b3) add     s3, s3, t6
core   0: 3 0x800029f0 (0x01f989b3) x19 0x80014e65
core   0: 0x800029f4 (0x4dabb013) sltiu   zero, s7, 1242
core   0: 3 0x800029f4 (0x4dabb013)
core   0: 0x800029f8 (0x02f30233) mul     tp, t1, a5
core   0: 3 0x800029f8 (0x02f30233) x 4 0xfe21e022
core   0: 0x800029fc (0x0381c3b3) div     t2, gp, s8
core   0: 3 0x800029fc (0x0381c3b3) x 7 0x00000000
core   0: 0x80002a00 (0x028fe133) rem     sp, t6, s0
core   0: 3 0x80002a00 (0x028fe133) x 2 0x00000001
core   0: 0x80002a04 (0x4077d333) sra     t1, a5, t2
core   0: 3 0x80002a04 (0x4077d333) x 6 0xfffe4149
core   0: 0x80002a08 (0x02476133) rem     sp, a4, tp
core   0: 3 0x80002a08 (0x02476133) x 2 0x00000000
core   0: 0x80002a0c (0x00c5f933) and     s2, a1, a2
core   0: 3 0x80002a0c (0x00c5f933) x18 0x00000000
core   0: 0x80002a10 (0x07ac8f93) addi    t6, s9, 122
core   0: 3 0x80002a10 (0x07ac8f93) x31 0x0000013a
core   0: 0x80002a14 (0xacae8d93) addi    s11, t4, -1334
core   0: 3 0x80002a14 (0xacae8d93) x27 0xfffffacb
core   0: 0x80002a18 (0x80088293) addi    t0, a7, -2048
core   0: 3 0x80002a18 (0x80088293) x 5 0xfffff7ff
core   0: 0x80002a1c (0x028bc633) div     a2, s7, s0
core   0: 3 0x80002a1c (0x028bc633) x12 0x00000000
core   0: 0x80002a20 (0x00541313) slli    t1, s0, 5
core   0: 3 0x80002a20 (0x00541313) x 6 0xfffff5e0
core   0: 0x80002a24 (0x01d157b3) srl     a5, sp, t4
core   0: 3 0x80002a24 (0x01d157b3) x15 0x00000000
core   0: 0x80002a28 (0x01b4d233) srl     tp, s1, s11
core   0: 3 0x80002a28 (0x01b4d233) x 4 0x00100029
core   0: 0x80002a2c (0x00a45513) srli    a0, s0, 10
core   0: 3 0x80002a2c (0x00a45513) x10 0x003fffff
core   0: 0x80002a30 (0xfbfac713) xori    a4, s5, -65
core   0: 3 0x80002a30 (0xfbfac713) x14 0xffffffbf
core   0: 0x80002a34 (0x6e60db37) lui     s6, 0x6e60d
core   0: 3 0x80002a34 (0x6e60db37) x22 0x6e60d000
core   0: 0x80002a38 (0x40315e13) srai    t3, sp, 3
core   0: 3 0x80002a38 (0x40315e13) x28 0x00000000
core   0: 0x80002a3c (0x622ee713) ori     a4, t4, 1570
core   0: 3 0x80002a3c (0x622ee713) x14 0x00000623
core   0: 0x80002a40 (0x007f50b3) srl     ra, t5, t2
core   0: 3 0x80002a40 (0x007f50b3) x 1 0x72152a05
core   0: 0x80002a44 (0x01b0b033) sltu    zero, ra, s11
core   0: 3 0x80002a44 (0x01b0b033)
core   0: 0x80002a48 (0xfd79fd93) andi    s11, s3, -41
core   0: 3 0x80002a48 (0xfd79fd93) x27 0x80014e45
core   0: 0x80002a4c (0x037e4733) div     a4, t3, s7
core   0: 3 0x80002a4c (0x037e4733) x14 0x00000000
core   0: 0x80002a50 (0x02cc1cb3) mulh    s9, s8, a2
core   0: 3 0x80002a50 (0x02cc1cb3) x25 0x00000000
core   0: 0x80002a54 (0x017061b3) or      gp, zero, s7
core   0: 3 0x80002a54 (0x017061b3) x 3 0xffffffbc
core   0: 0x80002a58 (0xe0c58313) addi    t1, a1, -500
core   0: 3 0x80002a58 (0xe0c58313) x 6 0xfffffe0c
core   0: 0x80002a5c (0x02b41d33) mulh    s10, s0, a1
core   0: 3 0x80002a5c (0x02b41d33) x26 0x00000000
core   0: 0x80002a60 (0x0132f433) and     s0, t0, s3
core   0: 3 0x80002a60 (0x0132f433) x 8 0x80014665
core   0: 0x80002a64 (0x01af8f33) add     t5, t6, s10
core   0: 3 0x80002a64 (0x01af8f33) x30 0x0000013a
core   0: 0x80002a68 (0x01a85393) srli    t2, a6, 26
core   0: 3 0x80002a68 (0x01a85393) x 7 0x00000020
core   0: 0x80002a6c (0x5b9e2b93) slti    s7, t3, 1465
core   0: 3 0x80002a6c (0x5b9e2b93) x23 0x00000001
core   0: 0x80002a70 (0xffcaed93) ori     s11, s5, -4
core   0: 3 0x80002a70 (0xffcaed93) x27 0xfffffffc
core   0: 0x80002a74 (0x02d6c5b3) div     a1, a3, a3
core   0: 3 0x80002a74 (0x02d6c5b3) x11 0x00000001
core   0: 0x80002a78 (0x007878b3) and     a7, a6, t2
core   0: 3 0x80002a78 (0x007878b3) x17 0x00000020
core   0: 0x80002a7c (0x03ec6733) rem     a4, s8, t5
core   0: 3 0x80002a7c (0x03ec6733) x14 0xffffffe0
core   0: 0x80002a80 (0x1ee98f13) addi    t5, s3, 494
core   0: 3 0x80002a80 (0x1ee98f13) x30 0x80015053
core   0: 0x80002a84 (0x41a55f33) sra     t5, a0, s10
core   0: 3 0x80002a84 (0x41a55f33) x30 0x003fffff
core   0: 0x80002a88 (0xde08e237) lui     tp, 0xde08e
core   0: 3 0x80002a88 (0xde08e237) x 4 0xde08e000
core   0: 0x80002a8c (0x00000013) nop
core   0: 3 0x80002a8c (0x00000013)
core   0: 0x80002a90 (0x03289233) mulh    tp, a7, s2
core   0: 3 0x80002a90 (0x03289233) x 4 0x00000000
core   0: 0x80002a94 (0x02acbf33) mulhu   t5, s9, a0
core   0: 3 0x80002a94 (0x02acbf33) x30 0x00000000
core   0: 0x80002a98 (0x00a8f733) and     a4, a7, a0
core   0: 3 0x80002a98 (0x00a8f733) x14 0x00000020
core   0: 0x80002a9c (0x16ea3b13) sltiu   s6, s4, 366
core   0: 3 0x80002a9c (0x16ea3b13) x22 0x00000000
core   0: 0x80002aa0 (0x02a8efb3) rem     t6, a7, a0
core   0: 3 0x80002aa0 (0x02a8efb3) x31 0x00000020
core   0: 0x80002aa4 (0x25643f13) sltiu   t5, s0, 598
core   0: 3 0x80002aa4 (0x25643f13) x30 0x00000000
core   0: 0x80002aa8 (0x47d07793) andi    a5, zero, 1149
core   0: 3 0x80002aa8 (0x47d07793) x15 0x00000000
core   0: 0x80002aac (0x00b99c13) slli    s8, s3, 11
core   0: 3 0x80002aac (0x00b99c13) x24 0x0a732800
core   0: 0x80002ab0 (0x6ff12113) slti    sp, sp, 1791
core   0: 3 0x80002ab0 (0x6ff12113) x 2 0x00000001
core   0: 0x80002ab4 (0x03e48cb3) mul     s9, s1, t5
core   0: 3 0x80002ab4 (0x03e48cb3) x25 0x00000000
core   0: 0x80002ab8 (0x41cf85b3) sub     a1, t6, t3
core   0: 3 0x80002ab8 (0x41cf85b3) x11 0x00000020
core   0: 0x80002abc (0xab502213) slti    tp, zero, -1355
core   0: 3 0x80002abc (0xab502213) x 4 0x00000000
core   0: 0x80002ac0 (0x01f91593) slli    a1, s2, 31
core   0: 3 0x80002ac0 (0x01f91593) x11 0x00000000
core   0: 0x80002ac4 (0x62827f13) andi    t5, tp, 1576
core   0: 3 0x80002ac4 (0x62827f13) x30 0x00000000
core   0: 0x80002ac8 (0x00df53b3) srl     t2, t5, a3
core   0: 3 0x80002ac8 (0x00df53b3) x 7 0x00000000
core   0: 0x80002acc (0x0290b8b3) mulhu   a7, ra, s1
core   0: 3 0x80002acc (0x0290b8b3) x17 0x390b2a06
core   0: 0x80002ad0 (0xb4b00113) li      sp, -1205
core   0: 3 0x80002ad0 (0xb4b00113) x 2 0xfffffb4b
core   0: 0x80002ad4 (0x012b0933) add     s2, s6, s2
core   0: 3 0x80002ad4 (0x012b0933) x18 0x00000000
core   0: 0x80002ad8 (0x022473b3) remu    t2, s0, sp
core   0: 3 0x80002ad8 (0x022473b3) x 7 0x80014665
core   0: 0x80002adc (0x0377b433) mulhu   s0, a5, s7
core   0: 3 0x80002adc (0x0377b433) x 8 0x00000000
core   0: 0x80002ae0 (0xb67f0e97) auipc   t4, 0xb67f0
core   0: 3 0x80002ae0 (0xb67f0e97) x29 0x367f2ae0
core   0: 0x80002ae4 (0xc26db597) auipc   a1, 0xc26db
core   0: 3 0x80002ae4 (0xc26db597) x11 0x426ddae4
core   0: 0x80002ae8 (0x00000013) nop
core   0: 3 0x80002ae8 (0x00000013)
core   0: 0x80002aec (0xe589f193) andi    gp, s3, -424
core   0: 3 0x80002aec (0xe589f193) x 3 0x80014e40
core   0: 0x80002af0 (0x41f008b3) sub     a7, zero, t6
core   0: 3 0x80002af0 (0x41f008b3) x17 0xffffffe0
core   0: 0x80002af4 (0x1b2a45b7) lui     a1, 0x1b2a4
core   0: 3 0x80002af4 (0x1b2a45b7) x11 0x1b2a4000
core   0: 0x80002af8 (0x00b5dab3) srl     s5, a1, a1
core   0: 3 0x80002af8 (0x00b5dab3) x21 0x1b2a4000
core   0: 0x80002afc (0x90562613) slti    a2, a2, -1787
core   0: 3 0x80002afc (0x90562613) x12 0x00000000
core   0: 0x80002b00 (0x0234c933) div     s2, s1, gp
core   0: 3 0x80002b00 (0x0234c933) x18 0x00000000
core   0: 0x80002b04 (0x265a8293) addi    t0, s5, 613
core   0: 3 0x80002b04 (0x265a8293) x 5 0x1b2a4265
core   0: 0x80002b08 (0x00000013) nop
core   0: 3 0x80002b08 (0x00000013)
core   0: 0x80002b0c (0x0ebc2337) lui     t1, 0xebc2
core   0: 3 0x80002b0c (0x0ebc2337) x 6 0x0ebc2000
core   0: 0x80002b10 (0x0289b5b3) mulhu   a1, s3, s0
core   0: 3 0x80002b10 (0x0289b5b3) x11 0x00000000
core   0: 0x80002b14 (0x0183bb33) sltu    s6, t2, s8
core   0: 3 0x80002b14 (0x0183bb33) x22 0x00000000
core   0: 0x80002b18 (0x0331de33) divu    t3, gp, s3
core   0: 3 0x80002b18 (0x0331de33) x28 0x00000000
core   0: 0x80002b1c (0x00a53c33) sltu    s8, a0, a0
core   0: 3 0x80002b1c (0x00a53c33) x24 0x00000000
core   0: 0x80002b20 (0x01515f33) srl     t5, sp, s5
core   0: 3 0x80002b20 (0x01515f33) x30 0xfffffb4b
core   0: 0x80002b24 (0x030ae633) rem     a2, s5, a6
core   0: 3 0x80002b24 (0x030ae633) x12 0x1b2a4000
core   0: 0x80002b28 (0x036cee33) rem     t3, s9, s6
core   0: 3 0x80002b28 (0x036cee33) x28 0x00000000
core   0: 0x80002b2c (0x03647fb3) remu    t6, s0, s6
core   0: 3 0x80002b2c (0x03647fb3) x31 0x00000000
core   0: 0x80002b30 (0x02462b33) mulhsu  s6, a2, tp
core   0: 3 0x80002b30 (0x02462b33) x22 0x00000000
core   0: 0x80002b34 (0x41ae5333) sra     t1, t3, s10
core   0: 3 0x80002b34 (0x41ae5333) x 6 0x00000000
core   0: 0x80002b38 (0x0216bdb3) mulhu   s11, a3, ra
core   0: 3 0x80002b38 (0x0216bdb3) x27 0x65acad1e
core   0: 0x80002b3c (0x01b9e233) or      tp, s3, s11
core   0: 3 0x80002b3c (0x01b9e233) x 4 0xe5adef7f
core   0: 0x80002b40 (0x00a076b3) and     a3, zero, a0
core   0: 3 0x80002b40 (0x00a076b3) x13 0x00000000
core   0: 0x80002b44 (0x03e5a433) mulhsu  s0, a1, t5
core   0: 3 0x80002b44 (0x03e5a433) x 8 0x00000000
core   0: 0x80002b48 (0x65930017) auipc   zero, 0x65930
core   0: 3 0x80002b48 (0x65930017)
core   0: 0x80002b4c (0x007d1893) slli    a7, s10, 7
core   0: 3 0x80002b4c (0x007d1893) x17 0x00000000
core   0: 0x80002b50 (0x03228533) mul     a0, t0, s2
core   0: 3 0x80002b50 (0x03228533) x10 0x00000000
core   0: 0x80002b54 (0x03e07db3) remu    s11, zero, t5
core   0: 3 0x80002b54 (0x03e07db3) x27 0x00000000
core   0: 0x80002b58 (0x023f6633) rem     a2, t5, gp
core   0: 3 0x80002b58 (0x023f6633) x12 0xfffffb4b
core   0: 0x80002b5c (0x02cb26b3) mulhsu  a3, s6, a2
core   0: 3 0x80002b5c (0x02cb26b3) x13 0x00000000
core   0: 0x80002b60 (0x02263bb3) mulhu   s7, a2, sp
core   0: 3 0x80002b60 (0x02263bb3) x23 0xfffff696
core   0: 0x80002b64 (0x03b3e7b3) rem     a5, t2, s11
core   0: 3 0x80002b64 (0x03b3e7b3) x15 0x80014665
core   0: 0x80002b68 (0x028c6933) rem     s2, s8, s0
core   0: 3 0x80002b68 (0x028c6933) x18 0x00000000
core   0: 0x80002b6c (0x02569d33) mulh    s10, a3, t0
core   0: 3 0x80002b6c (0x02569d33) x26 0x00000000
core   0: 0x80002b70 (0x41ecd1b3) sra     gp, s9, t5
core   0: 3 0x80002b70 (0x41ecd1b3) x 3 0x00000000
core   0: 0x80002b74 (0x02147cb3) remu    s9, s0, ra
core   0: 3 0x80002b74 (0x02147cb3) x25 0x00000000
core   0: 0x80002b78 (0x00a7d093) srli    ra, a5, 10
core   0: 3 0x80002b78 (0x00a7d093) x 1 0x00200051
core   0: 0x80002b7c (0xe5ed7a93) andi    s5, s10, -418
core   0: 3 0x80002b7c (0xe5ed7a93) x21 0x00000000
core   0: 0x80002b80 (0x02816433) rem     s0, sp, s0
core   0: 3 0x80002b80 (0x02816433) x 8 0xfffffb4b
core   0: 0x80002b84 (0x01ba27b3) slt     a5, s4, s11
core   0: 3 0x80002b84 (0x01ba27b3) x15 0x00000001
core   0: 0x80002b88 (0x41828cb3) sub     s9, t0, s8
core   0: 3 0x80002b88 (0x41828cb3) x25 0x1b2a4265
core   0: 0x80002b8c (0x20804793) xori    a5, zero, 520
core   0: 3 0x80002b8c (0x20804793) x15 0x00000208
core   0: 0x80002b90 (0x03ce28b3) mulhsu  a7, t3, t3
core   0: 3 0x80002b90 (0x03ce28b3) x17 0x00000000
core   0: 0x80002b94 (0x03716f33) rem     t5, sp, s7
core   0: 3 0x80002b94 (0x03716f33) x30 0xfffffb4b
core   0: 0x80002b98 (0x027bd433) divu    s0, s7, t2
core   0: 3 0x80002b98 (0x027bd433) x 8 0x00000001
core   0: 0x80002b9c (0x024dc5b3) div     a1, s11, tp
core   0: 3 0x80002b9c (0x024dc5b3) x11 0x00000000
core   0: 0x80002ba0 (0x031748b3) div     a7, a4, a7
core   0: 3 0x80002ba0 (0x031748b3) x17 0xffffffff
core   0: 0x80002ba4 (0x019a1193) slli    gp, s4, 25
core   0: 3 0x80002ba4 (0x019a1193) x 3 0x0a000000
core   0: 0x80002ba8 (0xc63f4213) xori    tp, t5, -925
core   0: 3 0x80002ba8 (0xc63f4213) x 4 0x00000728
core   0: 0x80002bac (0x7ce62397) auipc   t2, 0x7ce62
core   0: 3 0x80002bac (0x7ce62397) x 7 0xfce64bac
core   0: 0x80002bb0 (0x01ec1613) slli    a2, s8, 30
core   0: 3 0x80002bb0 (0x01ec1613) x12 0x00000000
core   0: 0x80002bb4 (0x00dfe1b3) or      gp, t6, a3
core   0: 3 0x80002bb4 (0x00dfe1b3) x 3 0x00000000
core   0: 0x80002bb8 (0x01f14b33) xor     s6, sp, t6
core   0: 3 0x80002bb8 (0x01f14b33) x22 0xfffffb4b
core   0: 0x80002bbc (0x4199ff93) andi    t6, s3, 1049
core   0: 3 0x80002bbc (0x4199ff93) x31 0x00000401
core   0: 0x80002bc0 (0x4a353893) sltiu   a7, a0, 1187
core   0: 3 0x80002bc0 (0x4a353893) x17 0x00000001
core   0: 0x80002bc4 (0x00000013) nop
core   0: 3 0x80002bc4 (0x00000013)
core   0: 0x80002bc8 (0x026f03b3) mul     t2, t5, t1
core   0: 3 0x80002bc8 (0x026f03b3) x 7 0x00000000
core   0: 0x80002bcc (0x41ec0433) sub     s0, s8, t5
core   0: 3 0x80002bcc (0x41ec0433) x 8 0x000004b5
core   0: 0x80002bd0 (0x027d31b3) mulhu   gp, s10, t2
core   0: 3 0x80002bd0 (0x027d31b3) x 3 0x00000000
core   0: 0x80002bd4 (0x02ede533) rem     a0, s11, a4
core   0: 3 0x80002bd4 (0x02ede533) x10 0x00000000
core   0: 0x80002bd8 (0x01dc5293) srli    t0, s8, 29
core   0: 3 0x80002bd8 (0x01dc5293) x 5 0x00000000
core   0: 0x80002bdc (0x980fcc37) lui     s8, 0x980fc
core   0: 3 0x80002bdc (0x980fcc37) x24 0x980fc000
core   0: 0x80002be0 (0x012278b3) and     a7, tp, s2
core   0: 3 0x80002be0 (0x012278b3) x17 0x00000000
core   0: 0x80002be4 (0x41365793) srai    a5, a2, 19
core   0: 3 0x80002be4 (0x41365793) x15 0x00000000
core   0: 0x80002be8 (0x00c75ab3) srl     s5, a4, a2
core   0: 3 0x80002be8 (0x00c75ab3) x21 0x00000020
core   0: 0x80002bec (0x02f12bb3) mulhsu  s7, sp, a5
core   0: 3 0x80002bec (0x02f12bb3) x23 0x00000000
core   0: 0x80002bf0 (0xf65f4413) xori    s0, t5, -155
core   0: 3 0x80002bf0 (0xf65f4413) x 8 0x0000042e
core   0: 0x80002bf4 (0x70786c37) lui     s8, 0x70786
core   0: 3 0x80002bf4 (0x70786c37) x24 0x70786000
core   0: 0x80002bf8 (0xf83af593) andi    a1, s5, -125
core   0: 3 0x80002bf8 (0xf83af593) x11 0x00000000
core   0: 0x80002bfc (0x04bca693) slti    a3, s9, 75
core   0: 3 0x80002bfc (0x04bca693) x13 0x00000000
core   0: 0x80002c00 (0x6066a097) auipc   ra, 0x6066a
core   0: 3 0x80002c00 (0x6066a097) x 1 0xe066cc00
core   0: 0x80002c04 (0x035ea033) mulhsu  zero, t4, s5
core   0: 3 0x80002c04 (0x035ea033)
core   0: 0x80002c08 (0x412c5093) srai    ra, s8, 18
core   0: 3 0x80002c08 (0x412c5093) x 1 0x00001c1e
core   0: 0x80002c0c (0x03b7d0b3) divu    ra, a5, s11
core   0: 3 0x80002c0c (0x03b7d0b3) x 1 0xffffffff
core   0: 0x80002c10 (0x00a850b3) srl     ra, a6, a0
core   0: 3 0x80002c10 (0x00a850b3) x 1 0x80018ce4
core   0: 0x80002c14 (0x029a3e33) mulhu   t3, s4, s1
core   0: 3 0x80002c14 (0x029a3e33) x28 0x5d6d5252
core   0: 0x80002c18 (0x01f7b733) sltu    a4, a5, t6
core   0: 3 0x80002c18 (0x01f7b733) x14 0x00000001
core   0: 0x80002c1c (0x41add313) srai    t1, s11, 26
core   0: 3 0x80002c1c (0x41add313) x 6 0x00000000
core   0: 0x80002c20 (0x007dc333) xor     t1, s11, t2
core   0: 3 0x80002c20 (0x007dc333) x 6 0x00000000
core   0: 0x80002c24 (0x174e7597) auipc   a1, 0x174e7
core   0: 3 0x80002c24 (0x174e7597) x11 0x974e9c24
core   0: 0x80002c28 (0x0153dfb3) srl     t6, t2, s5
core   0: 3 0x80002c28 (0x0153dfb3) x31 0x00000000
core   0: 0x80002c2c (0x01625313) srli    t1, tp, 22
core   0: 3 0x80002c2c (0x01625313) x 6 0x00000000
core   0: 0x80002c30 (0x24220113) addi    sp, tp, 578
core   0: 3 0x80002c30 (0x24220113) x 2 0x0000096a
core   0: 0x80002c34 (0x081c20b7) lui     ra, 0x81c2
core   0: 3 0x80002c34 (0x081c20b7) x 1 0x081c2000
core   0: 0x80002c38 (0x01a572b3) and     t0, a0, s10
core   0: 3 0x80002c38 (0x01a572b3) x 5 0x00000000
core   0: 0x80002c3c (0xf1360437) lui     s0, 0xf1360
core   0: 3 0x80002c3c (0xf1360437) x 8 0xf1360000
core   0: 0x80002c40 (0x00da5093) srli    ra, s4, 13
core   0: 3 0x80002c40 (0x00da5093) x 1 0x0005d6c5
core   0: 0x80002c44 (0x00a68d33) add     s10, a3, a0
core   0: 3 0x80002c44 (0x00a68d33) x26 0x00000000
core   0: 0x80002c48 (0x5df4cc93) xori    s9, s1, 1503
core   0: 3 0x80002c48 (0x5df4cc93) x25 0x80014bbb
core   0: 0x80002c4c (0x01360ab3) add     s5, a2, s3
core   0: 3 0x80002c4c (0x01360ab3) x21 0x80014e65
core   0: 0x80002c50 (0x01549313) slli    t1, s1, 21
core   0: 3 0x80002c50 (0x01549313) x 6 0xcc800000
core   0: 0x80002c54 (0x01b1a5b3) slt     a1, gp, s11
core   0: 3 0x80002c54 (0x01b1a5b3) x11 0x00000000
core   0: 0x80002c58 (0x01664533) xor     a0, a2, s6
core   0: 3 0x80002c58 (0x01664533) x10 0xfffffb4b
core   0: 0x80002c5c (0x00018533) add     a0, gp, zero
core   0: 3 0x80002c5c (0x00018533) x10 0x00000000
core   0: 0x80002c60 (0x02985eb3) divu    t4, a6, s1
core   0: 3 0x80002c60 (0x02985eb3) x29 0x00000001
core   0: 0x80002c64 (0x03bb5e33) divu    t3, s6, s11
core   0: 3 0x80002c64 (0x03bb5e33) x28 0xffffffff
core   0: 0x80002c68 (0x033ea933) mulhsu  s2, t4, s3
core   0: 3 0x80002c68 (0x033ea933) x18 0x00000000
core   0: 0x80002c6c (0x2c060f93) addi    t6, a2, 704
core   0: 3 0x80002c6c (0x2c060f93) x31 0x000002c0
core   0: 0x80002c70 (0x039e5ab3) divu    s5, t3, s9
core   0: 3 0x80002c70 (0x039e5ab3) x21 0x00000001
core   0: 0x80002c74 (0xa5077993) andi    s3, a4, -1456
core   0: 3 0x80002c74 (0xa5077993) x19 0x00000000
core   0: 0x80002c78 (0x013e6033) or      zero, t3, s3
core   0: 3 0x80002c78 (0x013e6033)
core   0: 0x80002c7c (0x01751193) slli    gp, a0, 23
core   0: 3 0x80002c7c (0x01751193) x 3 0x00000000
core   0: 0x80002c80 (0x00497db3) and     s11, s2, tp
core   0: 3 0x80002c80 (0x00497db3) x27 0x00000000
core   0: 0x80002c84 (0x00b1b433) sltu    s0, gp, a1
core   0: 3 0x80002c84 (0x00b1b433) x 8 0x00000000
core   0: 0x80002c88 (0xcc9bcf37) lui     t5, 0xcc9bc
core   0: 3 0x80002c88 (0xcc9bcf37) x30 0xcc9bc000
core   0: 0x80002c8c (0x01be9f33) sll     t5, t4, s11
core   0: 3 0x80002c8c (0x01be9f33) x30 0x00000001
core   0: 0x80002c90 (0x400fd9b3) sra     s3, t6, zero
core   0: 3 0x80002c90 (0x400fd9b3) x19 0x000002c0
core   0: 0x80002c94 (0x20ebef93) ori     t6, s7, 526
core   0: 3 0x80002c94 (0x20ebef93) x31 0x0000020e
core   0: 0x80002c98 (0x6f563f13) sltiu   t5, a2, 1781
core   0: 3 0x80002c98 (0x6f563f13) x30 0x00000001
core   0: 0x80002c9c (0x43207913) andi    s2, zero, 1074
core   0: 3 0x80002c9c (0x43207913) x18 0x00000000
core   0: 0x80002ca0 (0x01f4ab33) slt     s6, s1, t6
core   0: 3 0x80002ca0 (0x01f4ab33) x22 0x00000001
core   0: 0x80002ca4 (0x02065b33) divu    s6, a2, zero
core   0: 3 0x80002ca4 (0x02065b33) x22 0xffffffff
core   0: 0x80002ca8 (0x020203b3) mul     t2, tp, zero
core   0: 3 0x80002ca8 (0x020203b3) x 7 0x00000000
core   0: 0x80002cac (0x01addfb3) srl     t6, s11, s10
core   0: 3 0x80002cac (0x01addfb3) x31 0x00000000
core   0: 0x80002cb0 (0x03c12733) mulhsu  a4, sp, t3
core   0: 3 0x80002cb0 (0x03c12733) x14 0x00000969
core   0: 0x80002cb4 (0x00d846b3) xor     a3, a6, a3
core   0: 3 0x80002cb4 (0x00d846b3) x13 0x80018ce4
core   0: 0x80002cb8 (0x0064f7b3) and     a5, s1, t1
core   0: 3 0x80002cb8 (0x0064f7b3) x15 0x80000000
core   0: 0x80002cbc (0x000c4e33) xor     t3, s8, zero
core   0: 3 0x80002cbc (0x000c4e33) x28 0x70786000
core   0: 0x80002cc0 (0x09944113) xori    sp, s0, 153
core   0: 3 0x80002cc0 (0x09944113) x 2 0x00000099
core   0: 0x80002cc4 (0x4110d893) srai    a7, ra, 17
core   0: 3 0x80002cc4 (0x4110d893) x17 0x00000002
core   0: 0x80002cc8 (0x13c5a413) slti    s0, a1, 316
core   0: 3 0x80002cc8 (0x13c5a413) x 8 0x00000001
core   0: 0x80002ccc (0x001c5513) srli    a0, s8, 1
core   0: 3 0x80002ccc (0x001c5513) x10 0x383c3000
core   0: 0x80002cd0 (0x004609b3) add     s3, a2, tp
core   0: 3 0x80002cd0 (0x004609b3) x19 0x00000728
core   0: 0x80002cd4 (0x033538b3) mulhu   a7, a0, s3
core   0: 3 0x80002cd4 (0x033538b3) x17 0x00000192
core   0: 0x80002cd8 (0x16e16913) ori     s2, sp, 366
core   0: 3 0x80002cd8 (0x16e16913) x18 0x000001ff
core   0: 0x80002cdc (0x01203133) snez    sp, s2
core   0: 3 0x80002cdc (0x01203133) x 2 0x00000001
core   0: 0x80002ce0 (0x00d79933) sll     s2, a5, a3
core   0: 3 0x80002ce0 (0x00d79933) x18 0x00000000
core   0: 0x80002ce4 (0x00000013) nop
core   0: 3 0x80002ce4 (0x00000013)
core   0: 0x80002ce8 (0x03f601b3) mul     gp, a2, t6
core   0: 3 0x80002ce8 (0x03f601b3) x 3 0x00000000
core   0: 0x80002cec (0x01c85eb3) srl     t4, a6, t3
core   0: 3 0x80002cec (0x01c85eb3) x29 0x80018ce4
core   0: 0x80002cf0 (0x006cd013) srli    zero, s9, 6
core   0: 3 0x80002cf0 (0x006cd013)
core   0: 0x80002cf4 (0x71807d13) andi    s10, zero, 1816
core   0: 3 0x80002cf4 (0x71807d13) x26 0x00000000
core   0: 0x80002cf8 (0x02c4a5b3) mulhsu  a1, s1, a2
core   0: 3 0x80002cf8 (0x02c4a5b3) x11 0x00000000
core   0: 0x80002cfc (0x4042d533) sra     a0, t0, tp
core   0: 3 0x80002cfc (0x4042d533) x10 0x00000000
core   0: 0x80002d00 (0x03128133) mul     sp, t0, a7
core   0: 3 0x80002d00 (0x03128133) x 2 0x00000000
core   0: 0x80002d04 (0x00000013) nop
core   0: 3 0x80002d04 (0x00000013)
core   0: 0x80002d08 (0x017b5433) srl     s0, s6, s7
core   0: 3 0x80002d08 (0x017b5433) x 8 0xffffffff
core   0: 0x80002d0c (0x05083f13) sltiu   t5, a6, 80
core   0: 3 0x80002d0c (0x05083f13) x30 0x00000000
core   0: 0x80002d10 (0x00f11bb3) sll     s7, sp, a5
core   0: 3 0x80002d10 (0x00f11bb3) x23 0x00000000
core   0: 0x80002d14 (0x00000013) nop
core   0: 3 0x80002d14 (0x00000013)
core   0: 0x80002d18 (0x00000013) nop
core   0: 3 0x80002d18 (0x00000013)
core   0: 0x80002d1c (0x402882b3) sub     t0, a7, sp
core   0: 3 0x80002d1c (0x402882b3) x 5 0x00000192
core   0: 0x80002d20 (0x00a307b3) add     a5, t1, a0
core   0: 3 0x80002d20 (0x00a307b3) x15 0xcc800000
core   0: 0x80002d24 (0x5d09c313) xori    t1, s3, 1488
core   0: 3 0x80002d24 (0x5d09c313) x 6 0x000002f8
core   0: 0x80002d28 (0x01c59033) sll     zero, a1, t3
core   0: 3 0x80002d28 (0x01c59033)
core   0: 0x80002d2c (0x03735b33) divu    s6, t1, s7
core   0: 3 0x80002d2c (0x03735b33) x22 0xffffffff
core   0: 0x80002d30 (0x41ea57b3) sra     a5, s4, t5
core   0: 3 0x80002d30 (0x41ea57b3) x15 0xbad8bc85
core   0: 0x80002d34 (0x02b687b3) mul     a5, a3, a1
core   0: 3 0x80002d34 (0x02b687b3) x15 0x00000000
core   0: 0x80002d38 (0x034c8f33) mul     t5, s9, s4
core   0: 3 0x80002d38 (0x034c8f33) x30 0x3811ac27
core   0: 0x80002d3c (0x01b90c33) add     s8, s2, s11
core   0: 3 0x80002d3c (0x01b90c33) x24 0x00000000
core   0: 0x80002d40 (0x7f0dbd93) sltiu   s11, s11, 2032
core   0: 3 0x80002d40 (0x7f0dbd93) x27 0x00000001
core   0: 0x80002d44 (0x22e2a5b7) lui     a1, 0x22e2a
core   0: 3 0x80002d44 (0x22e2a5b7) x11 0x22e2a000
core   0: 0x80002d48 (0x03cba9b3) mulhsu  s3, s7, t3
core   0: 3 0x80002d48 (0x03cba9b3) x19 0x00000000
core   0: 0x80002d4c (0x00c15633) srl     a2, sp, a2
core   0: 3 0x80002d4c (0x00c15633) x12 0x00000000
core   0: 0x80002d50 (0x03d1dcb3) divu    s9, gp, t4
core   0: 3 0x80002d50 (0x03d1dcb3) x25 0x00000000
core   0: 0x80002d54 (0xcb050793) addi    a5, a0, -848
core   0: 3 0x80002d54 (0xcb050793) x15 0xfffffcb0
core   0: 0x80002d58 (0x02f16b33) rem     s6, sp, a5
core   0: 3 0x80002d58 (0x02f16b33) x22 0x00000000
core   0: 0x80002d5c (0x01d51633) sll     a2, a0, t4
core   0: 3 0x80002d5c (0x01d51633) x12 0x00000000
core   0: 0x80002d60 (0x0101bcb3) sltu    s9, gp, a6
core   0: 3 0x80002d60 (0x0101bcb3) x25 0x00000001
core   0: 0x80002d64 (0x009a5613) srli    a2, s4, 9
core   0: 3 0x80002d64 (0x009a5613) x12 0x005d6c5e
core   0: 0x80002d68 (0x008f3e33) sltu    t3, t5, s0
core   0: 3 0x80002d68 (0x008f3e33) x28 0x00000001
core   0: 0x80002d6c (0x00000013) nop
core   0: 3 0x80002d6c (0x00000013)
core   0: 0x80002d70 (0x02b85733) divu    a4, a6, a1
core   0: 3 0x80002d70 (0x02b85733) x14 0x00000003
core   0: 0x80002d74 (0x01205033) srl     zero, zero, s2
core   0: 3 0x80002d74 (0x01205033)
core   0: 0x80002d78 (0x40128b33) sub     s6, t0, ra
core   0: 3 0x80002d78 (0x40128b33) x22 0xfffa2acd
core   0: 0x80002d7c (0x02dcb2b3) mulhu   t0, s9, a3
core   0: 3 0x80002d7c (0x02dcb2b3) x 5 0x00000000
core   0: 0x80002d80 (0x020ec733) div     a4, t4, zero
core   0: 3 0x80002d80 (0x020ec733) x14 0xffffffff
core   0: 0x80002d84 (0x20168793) addi    a5, a3, 513
core   0: 3 0x80002d84 (0x20168793) x15 0x80018ee5
core   0: 0x80002d88 (0x0014d293) srli    t0, s1, 1
core   0: 3 0x80002d88 (0x0014d293) x 5 0x4000a732
core   0: 0x80002d8c (0x004a1013) slli    zero, s4, 4
core   0: 3 0x80002d8c (0x004a1013)
core   0: 0x80002d90 (0x00000013) nop
core   0: 3 0x80002d90 (0x00000013)
core   0: 0x80002d94 (0x3fd24013) xori    zero, tp, 1021
core   0: 3 0x80002d94 (0x3fd24013)
core   0: 0x80002d98 (0x03e5af33) mulhsu  t5, a1, t5
core   0: 3 0x80002d98 (0x03e5af33) x30 0x07a3fb82
core   0: 0x80002d9c (0x024b0633) mul     a2, s6, tp
core   0: 3 0x80002d9c (0x024b0633) x12 0xd6424b08
core   0: 0x80002da0 (0x4036d1b3) sra     gp, a3, gp
core   0: 3 0x80002da0 (0x4036d1b3) x 3 0x80018ce4
core   0: 0x80002da4 (0x03eac133) div     sp, s5, t5
core   0: 3 0x80002da4 (0x03eac133) x 2 0x00000000
core   0: 0x80002da8 (0x416c5e33) sra     t3, s8, s6
core   0: 3 0x80002da8 (0x416c5e33) x28 0x00000000
core   0: 0x80002dac (0x00fc0733) add     a4, s8, a5
core   0: 3 0x80002dac (0x00fc0733) x14 0x80018ee5
core   0: 0x80002db0 (0x01618d33) add     s10, gp, s6
core   0: 3 0x80002db0 (0x01618d33) x26 0x7ffbb7b1
core   0: 0x80002db4 (0x02f9fc33) remu    s8, s3, a5
core   0: 3 0x80002db4 (0x02f9fc33) x24 0x00000000
core   0: 0x80002db8 (0x18dc4e13) xori    t3, s8, 397
core   0: 3 0x80002db8 (0x18dc4e13) x28 0x0000018d
core   0: 0x80002dbc (0x3bc3e893) ori     a7, t2, 956
core   0: 3 0x80002dbc (0x3bc3e893) x17 0x000003bc
core   0: 0x80002dc0 (0x00000013) nop
core   0: 3 0x80002dc0 (0x00000013)
core   0: 0x80002dc4 (0x01f49293) slli    t0, s1, 31
core   0: 3 0x80002dc4 (0x01f49293) x 5 0x00000000
core   0: 0x80002dc8 (0x4c7e7093) andi    ra, t3, 1223
core   0: 3 0x80002dc8 (0x4c7e7093) x 1 0x00000085
core   0: 0x80002dcc (0x034eebb3) rem     s7, t4, s4
core   0: 3 0x80002dcc (0x034eebb3) x23 0xc528d05f
core   0: 0x80002dd0 (0x009ba333) slt     t1, s7, s1
core   0: 3 0x80002dd0 (0x009ba333) x 6 0x00000000
core   0: 0x80002dd4 (0x01a6de33) srl     t3, a3, s10
core   0: 3 0x80002dd4 (0x01a6de33) x28 0x00004000
core   0: 0x80002dd8 (0xebe70b93) addi    s7, a4, -322
core   0: 3 0x80002dd8 (0xebe70b93) x23 0x80018da3
core   0: 0x80002ddc (0x408708b3) sub     a7, a4, s0
core   0: 3 0x80002ddc (0x408708b3) x17 0x80018ee6
core   0: 0x80002de0 (0x0178e933) or      s2, a7, s7
core   0: 3 0x80002de0 (0x0178e933) x18 0x80018fe7
core   0: 0x80002de4 (0x00000013) nop
core   0: 3 0x80002de4 (0x00000013)
core   0: 0x80002de8 (0x036308b3) mul     a7, t1, s6
core   0: 3 0x80002de8 (0x036308b3) x17 0x00000000
core   0: 0x80002dec (0x00de1533) sll     a0, t3, a3
core   0: 3 0x80002dec (0x00de1533) x10 0x00040000
core   0: 0x80002df0 (0x00f3bf33) sltu    t5, t2, a5
core   0: 3 0x80002df0 (0x00f3bf33) x30 0x00000001
core   0: 0x80002df4 (0x03832333) mulhsu  t1, t1, s8
core   0: 3 0x80002df4 (0x03832333) x 6 0x00000000
core   0: 0x80002df8 (0x0341b1b3) mulhu   gp, gp, s4
core   0: 3 0x80002df8 (0x0341b1b3) x 3 0x5d6d7ff0
core   0: 0x80002dfc (0x01298fb3) add     t6, s3, s2
core   0: 3 0x80002dfc (0x01298fb3) x31 0x80018fe7
core   0: 0x80002e00 (0x02dab733) mulhu   a4, s5, a3
core   0: 3 0x80002e00 (0x02dab733) x14 0x00000000
core   0: 0x80002e04 (0x206801b7) lui     gp, 0x20680
core   0: 3 0x80002e04 (0x206801b7) x 3 0x20680000
core   0: 0x80002e08 (0x003266b3) or      a3, tp, gp
core   0: 3 0x80002e08 (0x003266b3) x13 0x20680728
core   0: 0x80002e0c (0x8c50be93) sltiu   t4, ra, -1851
core   0: 3 0x80002e0c (0x8c50be93) x29 0x00000001
core   0: 0x80002e10 (0x4051db33) sra     s6, gp, t0
core   0: 3 0x80002e10 (0x4051db33) x22 0x20680000
core   0: 0x80002e14 (0x01b26433) or      s0, tp, s11
core   0: 3 0x80002e14 (0x01b26433) x 8 0x00000729
core   0: 0x80002e18 (0xef3b0397) auipc   t2, 0xef3b0
core   0: 3 0x80002e18 (0xef3b0397) x 7 0x6f3b2e18
core   0: 0x80002e1c (0x411c5913) srai    s2, s8, 17
core   0: 3 0x80002e1c (0x411c5913) x18 0x00000000
core   0: 0x80002e20 (0x0198bd33) sltu    s10, a7, s9
core   0: 3 0x80002e20 (0x0198bd33) x26 0x00000001
core   0: 0x80002e24 (0x41be0233) sub     tp, t3, s11
core   0: 3 0x80002e24 (0x41be0233) x 4 0x00003fff
core   0: 0x80002e28 (0xc3f2eb13) ori     s6, t0, -961
core   0: 3 0x80002e28 (0xc3f2eb13) x22 0xfffffc3f
core   0: 0x80002e2c (0x83030713) addi    a4, t1, -2000
core   0: 3 0x80002e2c (0x83030713) x14 0xfffff830
core   0: 0x80002e30 (0x007cdf33) srl     t5, s9, t2
core   0: 3 0x80002e30 (0x007cdf33) x30 0x00000000
core   0: 0x80002e34 (0x031fc233) div     tp, t6, a7
core   0: 3 0x80002e34 (0x031fc233) x 4 0xffffffff
core   0: 0x80002e38 (0x2ff85b97) auipc   s7, 0x2ff85
core   0: 3 0x80002e38 (0x2ff85b97) x23 0xaff87e38
core   0: 0x80002e3c (0xff1e9eb7) lui     t4, 0xff1e9
core   0: 3 0x80002e3c (0xff1e9eb7) x29 0xff1e9000
core   0: 0x80002e40 (0x00000013) nop
core   0: 3 0x80002e40 (0x00000013)
core   0: 0x80002e44 (0x0329e2b3) rem     t0, s3, s2
core   0: 3 0x80002e44 (0x0329e2b3) x 5 0x00000000
core   0: 0x80002e48 (0x0c88eb13) ori     s6, a7, 200
core   0: 3 0x80002e48 (0x0c88eb13) x22 0x000000c8
core   0: 0x80002e4c (0x6ba63013) sltiu   zero, a2, 1722
core   0: 3 0x80002e4c (0x6ba63013)
core   0: 0x80002e50 (0x405a0233) sub     tp, s4, t0
core   0: 3 0x80002e50 (0x405a0233) x 4 0xbad8bc85
core   0: 0x80002e54 (0x019e1d33) sll     s10, t3, s9
core   0: 3 0x80002e54 (0x019e1d33) x26 0x00008000
core   0: 0x80002e58 (0x02e5b133) mulhu   sp, a1, a4
core   0: 3 0x80002e58 (0x02e5b133) x 2 0x22e29eef
core   0: 0x80002e5c (0x9678af93) slti    t6, a7, -1689
core   0: 3 0x80002e5c (0x9678af93) x31 0x00000000
core   0: 0x80002e60 (0x40688fb3) sub     t6, a7, t1
core   0: 3 0x80002e60 (0x40688fb3) x31 0x00000000
core   0: 0x80002e64 (0x035c40b3) div     ra, s8, s5
core   0: 3 0x80002e64 (0x035c40b3) x 1 0x00000000
core   0: 0x80002e68 (0x213d62b7) lui     t0, 0x213d6
core   0: 3 0x80002e68 (0x213d62b7) x 5 0x213d6000
core   0: 0x80002e6c (0x03a52133) mulhsu  sp, a0, s10
core   0: 3 0x80002e6c (0x03a52133) x 2 0x00000002
core   0: 0x80002e70 (0x02703533) mulhu   a0, zero, t2
core   0: 3 0x80002e70 (0x02703533) x10 0x00000000
core   0: 0x80002e74 (0x00a1e933) or      s2, gp, a0
core   0: 3 0x80002e74 (0x00a1e933) x18 0x20680000
core   0: 0x80002e78 (0x033942b3) div     t0, s2, s3
core   0: 3 0x80002e78 (0x033942b3) x 5 0xffffffff
core   0: 0x80002e7c (0x01691b13) slli    s6, s2, 22
core   0: 3 0x80002e7c (0x01691b13) x22 0x00000000
core   0: 0x80002e80 (0x010d1333) sll     t1, s10, a6
core   0: 3 0x80002e80 (0x010d1333) x 6 0x00080000
core   0: 0x80002e84 (0x02e22b33) mulhsu  s6, tp, a4
core   0: 3 0x80002e84 (0x02e22b33) x22 0xbad8bea1
core   0: 0x80002e88 (0x003638b3) sltu    a7, a2, gp
core   0: 3 0x80002e88 (0x003638b3) x17 0x00000000
core   0: 0x80002e8c (0x0211bcb3) mulhu   s9, gp, ra
core   0: 3 0x80002e8c (0x0211bcb3) x25 0x00000000
core   0: 0x80002e90 (0x03737533) remu    a0, t1, s7
core   0: 3 0x80002e90 (0x03737533) x10 0x00080000
core   0: 0x80002e94 (0x418ed513) srai    a0, t4, 24
core   0: 3 0x80002e94 (0x418ed513) x10 0xffffffff
core   0: 0x80002e98 (0x6ea7fb93) andi    s7, a5, 1770
core   0: 3 0x80002e98 (0x6ea7fb93) x23 0x000006e0
core   0: 0x80002e9c (0x1e744c37) lui     s8, 0x1e744
core   0: 3 0x80002e9c (0x1e744c37) x24 0x1e744000
core   0: 0x80002ea0 (0x008881b3) add     gp, a7, s0
core   0: 3 0x80002ea0 (0x008881b3) x 3 0x00000729
core   0: 0x80002ea4 (0xb5e4c693) xori    a3, s1, -1186
core   0: 3 0x80002ea4 (0xb5e4c693) x13 0x7ffeb53a
core   0: 0x80002ea8 (0x01ae5e93) srli    t4, t3, 26
core   0: 3 0x80002ea8 (0x01ae5e93) x29 0x00000000
core   0: 0x80002eac (0x39550393) addi    t2, a0, 917
core   0: 3 0x80002eac (0x39550393) x 7 0x00000394
core   0: 0x80002eb0 (0x41158f33) sub     t5, a1, a7
core   0: 3 0x80002eb0 (0x41158f33) x30 0x22e2a000
core   0: 0x80002eb4 (0x8373c013) xori    zero, t2, -1993
core   0: 3 0x80002eb4 (0x8373c013)
core   0: 0x80002eb8 (0x4177dab3) sra     s5, a5, s7
core   0: 3 0x80002eb8 (0x4177dab3) x21 0x80018ee5
core   0: 0x80002ebc (0x01c8de93) srli    t4, a7, 28
core   0: 3 0x80002ebc (0x01c8de93) x29 0x00000000
core   0: 0x80002ec0 (0x007dc033) xor     zero, s11, t2
core   0: 3 0x80002ec0 (0x007dc033)
core   0: 0x80002ec4 (0x00fb32b3) sltu    t0, s6, a5
core   0: 3 0x80002ec4 (0x00fb32b3) x 5 0x00000000
core   0: 0x80002ec8 (0x00c35293) srli    t0, t1, 12
core   0: 3 0x80002ec8 (0x00c35293) x 5 0x00000080
core   0: 0x80002ecc (0x00547133) and     sp, s0, t0
core   0: 3 0x80002ecc (0x00547133) x 2 0x00000000
core   0: 0x80002ed0 (0x0345b9b3) mulhu   s3, a1, s4
core   0: 3 0x80002ed0 (0x0345b9b3) x19 0x19763127
core   0: 0x80002ed4 (0x2ede5237) lui     tp, 0x2ede5
core   0: 3 0x80002ed4 (0x2ede5237) x 4 0x2ede5000
core   0: 0x80002ed8 (0x41ed5593) srai    a1, s10, 30
core   0: 3 0x80002ed8 (0x41ed5593) x11 0x00000000
core   0: 0x80002edc (0x0eba4993) xori    s3, s4, 235
core   0: 3 0x80002edc (0x0eba4993) x19 0xbad8bc6e
core   0: 0x80002ee0 (0x02089d33) mulh    s10, a7, zero
core   0: 3 0x80002ee0 (0x02089d33) x26 0x00000000
core   0: 0x80002ee4 (0x00c536b3) sltu    a3, a0, a2
core   0: 3 0x80002ee4 (0x00c536b3) x13 0x00000000
core   0: 0x80002ee8 (0x013595b3) sll     a1, a1, s3
core   0: 3 0x80002ee8 (0x013595b3) x11 0x00000000
core   0: 0x80002eec (0x031028b3) mulhsu  a7, zero, a7
core   0: 3 0x80002eec (0x031028b3) x17 0x00000000
core   0: 0x80002ef0 (0x6aee6413) ori     s0, t3, 1710
core   0: 3 0x80002ef0 (0x6aee6413) x 8 0x000046ae
core   0: 0x80002ef4 (0x7c7e7893) andi    a7, t3, 1991
core   0: 3 0x80002ef4 (0x7c7e7893) x17 0x00000000
core   0: 0x80002ef8 (0x0395ed33) rem     s10, a1, s9
core   0: 3 0x80002ef8 (0x0395ed33) x26 0x00000000
core   0: 0x80002efc (0x41e60733) sub     a4, a2, t5
core   0: 3 0x80002efc (0x41e60733) x14 0xb35fab08
core   0: 0x80002f00 (0x013ecc33) xor     s8, t4, s3
core   0: 3 0x80002f00 (0x013ecc33) x24 0xbad8bc6e
core   0: 0x80002f04 (0x41b95193) srai    gp, s2, 27
core   0: 3 0x80002f04 (0x41b95193) x 3 0x00000004
core   0: 0x80002f08 (0x00c7b233) sltu    tp, a5, a2
core   0: 3 0x80002f08 (0x00c7b233) x 4 0x00000001
core   0: 0x80002f0c (0x004096b3) sll     a3, ra, tp
core   0: 3 0x80002f0c (0x004096b3) x13 0x00000000
core   0: 0x80002f10 (0x01ba4e33) xor     t3, s4, s11
core   0: 3 0x80002f10 (0x01ba4e33) x28 0xbad8bc84
core   0: 0x80002f14 (0x01bfeab3) or      s5, t6, s11
core   0: 3 0x80002f14 (0x01bfeab3) x21 0x00000001
core   0: 0x80002f18 (0x00b0a3b3) slt     t2, ra, a1
core   0: 3 0x80002f18 (0x00b0a3b3) x 7 0x00000000
core   0: 0x80002f1c (0x01058133) add     sp, a1, a6
core   0: 3 0x80002f1c (0x01058133) x 2 0x80018ce4
core   0: 0x80002f20 (0xe8cffb13) andi    s6, t6, -372
core   0: 3 0x80002f20 (0xe8cffb13) x22 0x00000000
core   0: 0x80002f24 (0x00000013) nop
core   0: 3 0x80002f24 (0x00000013)
core   0: 0x80002f28 (0x01f4e2b3) or      t0, s1, t6
core   0: 3 0x80002f28 (0x01f4e2b3) x 5 0x80014e64
core   0: 0x80002f2c (0x01ff5113) srli    sp, t5, 31
core   0: 3 0x80002f2c (0x01ff5113) x 2 0x00000000
core   0: 0x80002f30 (0xef3b2c13) slti    s8, s6, -269
core   0: 3 0x80002f30 (0xef3b2c13) x24 0x00000000
core   0: 0x80002f34 (0xc6dd2e37) lui     t3, 0xc6dd2
core   0: 3 0x80002f34 (0xc6dd2e37) x28 0xc6dd2000
core   0: 0x80002f38 (0x0157d393) srli    t2, a5, 21
core   0: 3 0x80002f38 (0x0157d393) x 7 0x00000400
core   0: 0x80002f3c (0x01dacab3) xor     s5, s5, t4
core   0: 3 0x80002f3c (0x01dacab3) x21 0x00000001
core   0: 0x80002f40 (0x01451f33) sll     t5, a0, s4
core   0: 3 0x80002f40 (0x01451f33) x30 0xffffffe0
core   0: 0x80002f44 (0x011ee533) or      a0, t4, a7
core   0: 3 0x80002f44 (0x011ee533) x10 0x00000000
core   0: 0x80002f48 (0xec2a8f93) addi    t6, s5, -318
core   0: 3 0x80002f48 (0xec2a8f93) x31 0xfffffec3
core   0: 0x80002f4c (0xf9e67513) andi    a0, a2, -98
core   0: 3 0x80002f4c (0xf9e67513) x10 0xd6424b08
core   0: 0x80002f50 (0x00509c33) sll     s8, ra, t0
core   0: 3 0x80002f50 (0x00509c33) x24 0x00000000
core   0: 0x80002f54 (0x03e65033) divu    zero, a2, t5
core   0: 3 0x80002f54 (0x03e65033)
core   0: 0x80002f58 (0x08fef893) andi    a7, t4, 143
core   0: 3 0x80002f58 (0x08fef893) x17 0x00000000
core   0: 0x80002f5c (0x41060433) sub     s0, a2, a6
core   0: 3 0x80002f5c (0x41060433) x 8 0x5640be24
core   0: 0x80002f60 (0x01d15b13) srli    s6, sp, 29
core   0: 3 0x80002f60 (0x01d15b13) x22 0x00000000
core   0: 0x80002f64 (0x02000633) mul     a2, zero, zero
core   0: 3 0x80002f64 (0x02000633) x12 0x00000000
core   0: 0x80002f68 (0x01685d93) srli    s11, a6, 22
core   0: 3 0x80002f68 (0x01685d93) x27 0x00000200
core   0: 0x80002f6c (0x008d1433) sll     s0, s10, s0
core   0: 3 0x80002f6c (0x008d1433) x 8 0x00000000
core   0: 0x80002f70 (0x037ec733) div     a4, t4, s7
core   0: 3 0x80002f70 (0x037ec733) x14 0x00000000
core   0: 0x80002f74 (0x037fa6b3) mulhsu  a3, t6, s7
core   0: 3 0x80002f74 (0x037fa6b3) x13 0xffffffff
core   0: 0x80002f78 (0x40145933) sra     s2, s0, ra
core   0: 3 0x80002f78 (0x40145933) x18 0x00000000
core   0: 0x80002f7c (0x01149fb3) sll     t6, s1, a7
core   0: 3 0x80002f7c (0x01149fb3) x31 0x80014e64
core   0: 0x80002f80 (0x03c0e133) rem     sp, ra, t3
core   0: 3 0x80002f80 (0x03c0e133) x 2 0x00000000
core   0: 0x80002f84 (0x01733033) sltu    zero, t1, s7
core   0: 3 0x80002f84 (0x01733033)
core   0: 0x80002f88 (0x01a8ecb3) or      s9, a7, s10
core   0: 3 0x80002f88 (0x01a8ecb3) x25 0x00000000
core   0: 0x80002f8c (0x03112333) mulhsu  t1, sp, a7
core   0: 3 0x80002f8c (0x03112333) x 6 0x00000000
core   0: 0x80002f90 (0x00000013) nop
core   0: 3 0x80002f90 (0x00000013)
core   0: 0x80002f94 (0x01e287b3) add     a5, t0, t5
core   0: 3 0x80002f94 (0x01e287b3) x15 0x80014e44
core   0: 0x80002f98 (0x01c8fcb3) and     s9, a7, t3
core   0: 3 0x80002f98 (0x01c8fcb3) x25 0x00000000
core   0: 0x80002f9c (0x03c9c233) div     tp, s3, t3
core   0: 3 0x80002f9c (0x03c9c233) x 4 0x00000001
core   0: 0x80002fa0 (0x00e619b3) sll     s3, a2, a4
core   0: 3 0x80002fa0 (0x00e619b3) x19 0x00000000
core   0: 0x80002fa4 (0x02f44cb3) div     s9, s0, a5
core   0: 3 0x80002fa4 (0x02f44cb3) x25 0x00000000
core   0: 0x80002fa8 (0x01b96c33) or      s8, s2, s11
core   0: 3 0x80002fa8 (0x01b96c33) x24 0x00000200
core   0: 0x80002fac (0x1d0d9937) lui     s2, 0x1d0d9
core   0: 3 0x80002fac (0x1d0d9937) x18 0x1d0d9000
core   0: 0x80002fb0 (0x019f5e33) srl     t3, t5, s9
core   0: 3 0x80002fb0 (0x019f5e33) x28 0xffffffe0
core   0: 0x80002fb4 (0x01ddc7b3) xor     a5, s11, t4
core   0: 3 0x80002fb4 (0x01ddc7b3) x15 0x00000200
core   0: 0x80002fb8 (0x00dca1b3) slt     gp, s9, a3
core   0: 3 0x80002fb8 (0x00dca1b3) x 3 0x00000000
core   0: 0x80002fbc (0x0166de13) srli    t3, a3, 22
core   0: 3 0x80002fbc (0x0166de13) x28 0x000003ff
core   0: 0x80002fc0 (0x029616b3) mulh    a3, a2, s1
core   0: 3 0x80002fc0 (0x029616b3) x13 0x00000000
core   0: 0x80002fc4 (0x02227133) remu    sp, tp, sp
core   0: 3 0x80002fc4 (0x02227133) x 2 0x00000001
core   0: 0x80002fc8 (0x025f43b3) div     t2, t5, t0
core   0: 3 0x80002fc8 (0x025f43b3) x 7 0x00000000
core   0: 0x80002fcc (0x01498233) add     tp, s3, s4
core   0: 3 0x80002fcc (0x01498233) x 4 0xbad8bc85
core   0: 0x80002fd0 (0xe8976f13) ori     t5, a4, -375
core   0: 3 0x80002fd0 (0xe8976f13) x30 0xfffffe89
core   0: 0x80002fd4 (0x01708eb3) add     t4, ra, s7
core   0: 3 0x80002fd4 (0x01708eb3) x29 0x000006e0
core   0: 0x80002fd8 (0xac9e9e17) auipc   t3, 0xac9e9
core   0: 3 0x80002fd8 (0xac9e9e17) x28 0x2c9ebfd8
core   0: 0x80002fdc (0x01b395b3) sll     a1, t2, s11
core   0: 3 0x80002fdc (0x01b395b3) x11 0x00000000
core   0: 0x80002fe0 (0x63a04b97) auipc   s7, 0x63a04
core   0: 3 0x80002fe0 (0x63a04b97) x23 0xe3a06fe0
core   0: 0x80002fe4 (0xaf3e3113) sltiu   sp, t3, -1293
core   0: 3 0x80002fe4 (0xaf3e3113) x 2 0x00000001
core   0: 0x80002fe8 (0xb1568437) lui     s0, 0xb1568
core   0: 3 0x80002fe8 (0xb1568437) x 8 0xb1568000
core   0: 0x80002fec (0x397eaeb7) lui     t4, 0x397ea
core   0: 3 0x80002fec (0x397eaeb7) x29 0x397ea000
core   0: 0x80002ff0 (0x5b06f997) auipc   s3, 0x5b06f
core   0: 3 0x80002ff0 (0x5b06f997) x19 0xdb071ff0
core   0: 0x80002ff4 (0x4c6ae293) ori     t0, s5, 1222
core   0: 3 0x80002ff4 (0x4c6ae293) x 5 0x000004c7
core   0: 0x80002ff8 (0x00000013) nop
core   0: 3 0x80002ff8 (0x00000013)
core   0: 0x80002ffc (0x013a87b3) add     a5, s5, s3
core   0: 3 0x80002ffc (0x013a87b3) x15 0xdb071ff1
core   0: 0x80003000 (0x15625317) auipc   t1, 0x15625
core   0: 3 0x80003000 (0x15625317) x 6 0x95628000
core   0: 0x80003004 (0x00784b33) xor     s6, a6, t2
core   0: 3 0x80003004 (0x00784b33) x22 0x80018ce4
core   0: 0x80003008 (0x40538bb3) sub     s7, t2, t0
core   0: 3 0x80003008 (0x40538bb3) x23 0xfffffb39
core   0: 0x8000300c (0xd2496e93) ori     t4, s2, -732
core   0: 3 0x8000300c (0xd2496e93) x29 0xfffffd24
core   0: 0x80003010 (0x003919b3) sll     s3, s2, gp
core   0: 3 0x80003010 (0x003919b3) x19 0x1d0d9000
core   0: 0x80003014 (0x01be1413) slli    s0, t3, 27
core   0: 3 0x80003014 (0x01be1413) x 8 0xc0000000
core   0: 0x80003018 (0x02a7a733) mulhsu  a4, a5, a0
core   0: 3 0x80003018 (0x02a7a733) x14 0xe10e61b3
core   0: 0x8000301c (0x00d5c133) xor     sp, a1, a3
core   0: 3 0x8000301c (0x00d5c133) x 2 0x00000000
core   0: 0x80003020 (0x01ae8533) add     a0, t4, s10
core   0: 3 0x80003020 (0x01ae8533) x10 0xfffffd24
core   0: 0x80003024 (0x03d67d33) remu    s10, a2, t4
core   0: 3 0x80003024 (0x03d67d33) x26 0x00000000
core   0: 0x80003028 (0x01211933) sll     s2, sp, s2
core   0: 3 0x80003028 (0x01211933) x18 0x00000000
core   0: 0x8000302c (0x00000013) nop
core   0: 3 0x8000302c (0x00000013)
core   0: 0x80003030 (0x01d769b3) or      s3, a4, t4
core   0: 3 0x80003030 (0x01d769b3) x19 0xfffffdb7
core   0: 0x80003034 (0x01e04793) xori    a5, zero, 30
core   0: 3 0x80003034 (0x01e04793) x15 0x0000001e
core   0: 0x80003038 (0x031e8c33) mul     s8, t4, a7
core   0: 3 0x80003038 (0x031e8c33) x24 0x00000000
core   0: 0x8000303c (0xe2d54013) xori    zero, a0, -467
core   0: 3 0x8000303c (0xe2d54013)
core   0: 0x80003040 (0x02383633) mulhu   a2, a6, gp
core   0: 3 0x80003040 (0x02383633) x12 0x00000000
core   0: 0x80003044 (0x01b4cbb3) xor     s7, s1, s11
core   0: 3 0x80003044 (0x01b4cbb3) x23 0x80014c64
core   0: 0x80003048 (0x0141ed33) or      s10, gp, s4
core   0: 3 0x80003048 (0x0141ed33) x26 0xbad8bc85
core   0: 0x8000304c (0x0280feb3) remu    t4, ra, s0
core   0: 3 0x8000304c (0x0280feb3) x29 0x00000000
core   0: 0x80003050 (0x021373b3) remu    t2, t1, ra
core   0: 3 0x80003050 (0x021373b3) x 7 0x95628000
core   0: 0x80003054 (0x0256d333) divu    t1, a3, t0
core   0: 3 0x80003054 (0x0256d333) x 6 0x00000000
core   0: 0x80003058 (0x004e0bb3) add     s7, t3, tp
core   0: 3 0x80003058 (0x004e0bb3) x23 0xe7777c5d
core   0: 0x8000305c (0x08e03e93) sltiu   t4, zero, 142
core   0: 3 0x8000305c (0x08e03e93) x29 0x00000001
core   0: 0x80003060 (0xc9f91b37) lui     s6, 0xc9f91
core   0: 3 0x80003060 (0xc9f91b37) x22 0xc9f91000
core   0: 0x80003064 (0xbce1f893) andi    a7, gp, -1074
core   0: 3 0x80003064 (0xbce1f893) x17 0x00000000
core   0: 0x80003068 (0x00eb5093) srli    ra, s6, 14
core   0: 3 0x80003068 (0x00eb5093) x 1 0x000327e4
core   0: 0x8000306c (0x03bbcd33) div     s10, s7, s11
core   0: 3 0x8000306c (0x03bbcd33) x26 0xfff3bbbf
core   0: 0x80003070 (0x02ccb3b3) mulhu   t2, s9, a2
core   0: 3 0x80003070 (0x02ccb3b3) x 7 0x00000000
core   0: 0x80003074 (0xf118c693) xori    a3, a7, -239
core   0: 3 0x80003074 (0xf118c693) x13 0xffffff11
core   0: 0x80003078 (0x7e94eb13) ori     s6, s1, 2025
core   0: 3 0x80003078 (0x7e94eb13) x22 0x80014fed
core   0: 0x8000307c (0x40c1db13) srai    s6, gp, 12
core   0: 3 0x8000307c (0x40c1db13) x22 0x00000000
core   0: 0x80003080 (0x0156a5b3) slt     a1, a3, s5
core   0: 3 0x80003080 (0x0156a5b3) x11 0x00000001
core   0: 0x80003084 (0x01063433) sltu    s0, a2, a6
core   0: 3 0x80003084 (0x01063433) x 8 0x00000001
core   0: 0x80003088 (0x01b415b3) sll     a1, s0, s11
core   0: 3 0x80003088 (0x01b415b3) x11 0x00000001
core   0: 0x8000308c (0x03002bb3) mulhsu  s7, zero, a6
core   0: 3 0x8000308c (0x03002bb3) x23 0x00000000
core   0: 0x80003090 (0x0343e533) rem     a0, t2, s4
core   0: 3 0x80003090 (0x0343e533) x10 0x00000000
core   0: 0x80003094 (0x03f787b3) mul     a5, a5, t6
core   0: 3 0x80003094 (0x03f787b3) x15 0x00272fb8
core   0: 0x80003098 (0x148b7d13) andi    s10, s6, 328
core   0: 3 0x80003098 (0x148b7d13) x26 0x00000000
core   0: 0x8000309c (0x026341b3) div     gp, t1, t1
core   0: 3 0x8000309c (0x026341b3) x 3 0xffffffff
core   0: 0x800030a0 (0x5650b597) auipc   a1, 0x5650b
core   0: 3 0x800030a0 (0x5650b597) x11 0xd650e0a0
core   0: 0x800030a4 (0x02cd0533) mul     a0, s10, a2
core   0: 3 0x800030a4 (0x02cd0533) x10 0x00000000
core   0: 0x800030a8 (0x01061593) slli    a1, a2, 16
core   0: 3 0x800030a8 (0x01061593) x11 0x00000000
core   0: 0x800030ac (0x0131d593) srli    a1, gp, 19
core   0: 3 0x800030ac (0x0131d593) x11 0x00001fff
core   0: 0x800030b0 (0x007d38b3) sltu    a7, s10, t2
core   0: 3 0x800030b0 (0x007d38b3) x17 0x00000000
core   0: 0x800030b4 (0xefba4693) xori    a3, s4, -261
core   0: 3 0x800030b4 (0xefba4693) x13 0x4527427e
core   0: 0x800030b8 (0x02171633) mulh    a2, a4, ra
core   0: 3 0x800030b8 (0x02171633) x12 0xffff9e58
core   0: 0x800030bc (0x89fec613) xori    a2, t4, -1889
core   0: 3 0x800030bc (0x89fec613) x12 0xfffff89e
core   0: 0x800030c0 (0x039f7ab3) remu    s5, t5, s9
core   0: 3 0x800030c0 (0x039f7ab3) x21 0xfffffe89
core   0: 0x800030c4 (0x00200f33) add     t5, zero, sp
core   0: 3 0x800030c4 (0x00200f33) x30 0x00000000
core   0: 0x800030c8 (0xaefe7013) andi    zero, t3, -1297
core   0: 3 0x800030c8 (0xaefe7013)
core   0: 0x800030cc (0x09498393) addi    t2, s3, 148
core   0: 3 0x800030cc (0x09498393) x 7 0xfffffe4b
core   0: 0x800030d0 (0x01ae91b3) sll     gp, t4, s10
core   0: 3 0x800030d0 (0x01ae91b3) x 3 0x00000001
core   0: 0x800030d4 (0xdd5f4193) xori    gp, t5, -555
core   0: 3 0x800030d4 (0xdd5f4193) x 3 0xfffffdd5
core   0: 0x800030d8 (0x08674293) xori    t0, a4, 134
core   0: 3 0x800030d8 (0x08674293) x 5 0xe10e6135
core   0: 0x800030dc (0x00000013) nop
core   0: 3 0x800030dc (0x00000013)
core   0: 0x800030e0 (0x4b131b97) auipc   s7, 0x4b131
core   0: 3 0x800030e0 (0x4b131b97) x23 0xcb1340e0
core   0: 0x800030e4 (0x02f7e333) rem     t1, a5, a5
core   0: 3 0x800030e4 (0x02f7e333) x 6 0x00000000
core   0: 0x800030e8 (0x2d631e37) lui     t3, 0x2d631
core   0: 3 0x800030e8 (0x2d631e37) x28 0x2d631000
core   0: 0x800030ec (0x00b475b3) and     a1, s0, a1
core   0: 3 0x800030ec (0x00b475b3) x11 0x00000001
core   0: 0x800030f0 (0x016783b3) add     t2, a5, s6
core   0: 3 0x800030f0 (0x016783b3) x 7 0x00272fb8
core   0: 0x800030f4 (0x3bc0c0b7) lui     ra, 0x3bc0c
core   0: 3 0x800030f4 (0x3bc0c0b7) x 1 0x3bc0c000
core   0: 0x800030f8 (0x40295eb3) sra     t4, s2, sp
core   0: 3 0x800030f8 (0x40295eb3) x29 0x00000000
core   0: 0x800030fc (0x01d8eeb3) or      t4, a7, t4
core   0: 3 0x800030fc (0x01d8eeb3) x29 0x00000000
core   0: 0x80003100 (0x033bd133) divu    sp, s7, s3
core   0: 3 0x80003100 (0x033bd133) x 2 0x00000000
core   0: 0x80003104 (0x014f6ab3) or      s5, t5, s4
core   0: 3 0x80003104 (0x014f6ab3) x21 0xbad8bc85
core   0: 0x80003108 (0x00000013) nop
core   0: 3 0x80003108 (0x00000013)
core   0: 0x8000310c (0xad1e6d93) ori     s11, t3, -1327
core   0: 3 0x8000310c (0xad1e6d93) x27 0xfffffad1
core   0: 0x80003110 (0x754dc637) lui     a2, 0x754dc
core   0: 3 0x80003110 (0x754dc637) x12 0x754dc000
core   0: 0x80003114 (0x00d0ad33) slt     s10, ra, a3
core   0: 3 0x80003114 (0x00d0ad33) x26 0x00000001
core   0: 0x80003118 (0x49264b93) xori    s7, a2, 1170
core   0: 3 0x80003118 (0x49264b93) x23 0x754dc492
core   0: 0x8000311c (0x00fe1913) slli    s2, t3, 15
core   0: 3 0x8000311c (0x00fe1913) x18 0x88000000
core   0: 0x80003120 (0x40b75e13) srai    t3, a4, 11
core   0: 3 0x80003120 (0x40b75e13) x28 0xfffc21cc
core   0: 0x80003124 (0x0146e2b3) or      t0, a3, s4
core   0: 3 0x80003124 (0x0146e2b3) x 5 0xfffffeff
core   0: 0x80003128 (0x014e1213) slli    tp, t3, 20
core   0: 3 0x80003128 (0x014e1213) x 4 0x1cc00000
core   0: 0x8000312c (0x025967b3) rem     a5, s2, t0
core   0: 3 0x8000312c (0x025967b3) x15 0xffffff77
core   0: 0x80003130 (0x01079433) sll     s0, a5, a6
core   0: 3 0x80003130 (0x01079433) x 8 0xfffff770
core   0: 0x80003134 (0x40485913) srai    s2, a6, 4
core   0: 3 0x80003134 (0x40485913) x18 0xf80018ce
core   0: 0x80003138 (0x036f4333) div     t1, t5, s6
core   0: 3 0x80003138 (0x036f4333) x 6 0xffffffff
core   0: 0x8000313c (0xac52d037) lui     zero, 0xac52d
core   0: 3 0x8000313c (0xac52d037)
core   0: 0x80003140 (0x0179c333) xor     t1, s3, s7
core   0: 3 0x80003140 (0x0179c333) x 6 0x8ab23925
core   0: 0x80003144 (0xba1762b7) lui     t0, 0xba176
core   0: 3 0x80003144 (0xba1762b7) x 5 0xba176000
core   0: 0x80003148 (0xbac56293) ori     t0, a0, -1108
core   0: 3 0x80003148 (0xbac56293) x 5 0xfffffbac
core   0: 0x8000314c (0x404cd933) sra     s2, s9, tp
core   0: 3 0x8000314c (0x404cd933) x18 0x00000000
core   0: 0x80003150 (0x707ad917) auipc   s2, 0x707ad
core   0: 3 0x80003150 (0x707ad917) x18 0xf07b0150
core   0: 0x80003154 (0x00e7ecb3) or      s9, a5, a4
core   0: 3 0x80003154 (0x00e7ecb3) x25 0xfffffff7
core   0: 0x80003158 (0x01303eb3) snez    t4, s3
core   0: 3 0x80003158 (0x01303eb3) x29 0x00000001
core   0: 0x8000315c (0x01f169b3) or      s3, sp, t6
core   0: 3 0x8000315c (0x01f169b3) x19 0x80014e64
core   0: 0x80003160 (0x00e74db3) xor     s11, a4, a4
core   0: 3 0x80003160 (0x00e74db3) x27 0x00000000
core   0: 0x80003164 (0x00000013) nop
core   0: 3 0x80003164 (0x00000013)
core   0: 0x80003168 (0x0240d6b3) divu    a3, ra, tp
core   0: 3 0x80003168 (0x0240d6b3) x13 0x00000002
core   0: 0x8000316c (0x017c4933) xor     s2, s8, s7
core   0: 3 0x8000316c (0x017c4933) x18 0x754dc492
core   0: 0x80003170 (0x01779713) slli    a4, a5, 23
core   0: 3 0x80003170 (0x01779713) x14 0xbb800000
core   0: 0x80003174 (0x392fc913) xori    s2, t6, 914
core   0: 3 0x80003174 (0x392fc913) x18 0x80014df6
core   0: 0x80003178 (0xdc3f0d13) addi    s10, t5, -573
core   0: 3 0x80003178 (0xdc3f0d13) x26 0xfffffdc3
core   0: 0x8000317c (0x00543ab3) sltu    s5, s0, t0
core   0: 3 0x8000317c (0x00543ab3) x21 0x00000001
core   0: 0x80003180 (0x57d3c213) xori    tp, t2, 1405
core   0: 3 0x80003180 (0x57d3c213) x 4 0x00272ac5
core   0: 0x80003184 (0x00000013) nop
core   0: 3 0x80003184 (0x00000013)
core   0: 0x80003188 (0x410f5433) sra     s0, t5, a6
core   0: 3 0x80003188 (0x410f5433) x 8 0x00000000
core   0: 0x8000318c (0x7e1aa213) slti    tp, s5, 2017
core   0: 3 0x8000318c (0x7e1aa213) x 4 0x00000001
core   0: 0x80003190 (0x8dea6637) lui     a2, 0x8dea6
core   0: 3 0x80003190 (0x8dea6637) x12 0x8dea6000
core   0: 0x80003194 (0x95929117) auipc   sp, 0x95929
core   0: 3 0x80003194 (0x95929117) x 2 0x1592c194
core   0: 0x80003198 (0x011d1db3) sll     s11, s10, a7
core   0: 3 0x80003198 (0x011d1db3) x27 0xfffffdc3
core   0: 0x8000319c (0x00529133) sll     sp, t0, t0
core   0: 3 0x8000319c (0x00529133) x 2 0xffbac000
core   0: 0x800031a0 (0x00a23e33) sltu    t3, tp, a0
core   0: 3 0x800031a0 (0x00a23e33) x28 0x00000000
core   0: 0x800031a4 (0x33963d17) auipc   s10, 0x33963
core   0: 3 0x800031a4 (0x33963d17) x26 0xb39661a4
core   0: 0x800031a8 (0x372caf93) slti    t6, s9, 882
core   0: 3 0x800031a8 (0x372caf93) x31 0x00000001
core   0: 0x800031ac (0x032b2733) mulhsu  a4, s6, s2
core   0: 3 0x800031ac (0x032b2733) x14 0x00000000
core   0: 0x800031b0 (0x00103e33) snez    t3, ra
core   0: 3 0x800031b0 (0x00103e33) x28 0x00000001
core   0: 0x800031b4 (0x04117213) andi    tp, sp, 65
core   0: 3 0x800031b4 (0x04117213) x 4 0x00000000
core   0: 0x800031b8 (0x01f24eb3) xor     t4, tp, t6
core   0: 3 0x800031b8 (0x01f24eb3) x29 0x00000001
core   0: 0x800031bc (0x8988cc93) xori    s9, a7, -1896
core   0: 3 0x800031bc (0x8988cc93) x25 0xfffff898
core   0: 0x800031c0 (0x03671b33) mulh    s6, a4, s6
core   0: 3 0x800031c0 (0x03671b33) x22 0x00000000
core   0: 0x800031c4 (0x01e2df33) srl     t5, t0, t5
core   0: 3 0x800031c4 (0x01e2df33) x30 0xfffffbac
core   0: 0x800031c8 (0x31b4a713) slti    a4, s1, 795
core   0: 3 0x800031c8 (0x31b4a713) x14 0x00000001
core   0: 0x800031cc (0x01ce4ab3) xor     s5, t3, t3
core   0: 3 0x800031cc (0x01ce4ab3) x21 0x00000000
core   0: 0x800031d0 (0x0134b3b3) sltu    t2, s1, s3
core   0: 3 0x800031d0 (0x0134b3b3) x 7 0x00000000
core   0: 0x800031d4 (0x418806b3) sub     a3, a6, s8
core   0: 3 0x800031d4 (0x418806b3) x13 0x80018ce4
core   0: 0x800031d8 (0x32793a93) sltiu   s5, s2, 807
core   0: 3 0x800031d8 (0x32793a93) x21 0x00000000
core   0: 0x800031dc (0x41605433) sra     s0, zero, s6
core   0: 3 0x800031dc (0x41605433) x 8 0x00000000
core   0: 0x800031e0 (0x7a876c97) auipc   s9, 0x7a876
core   0: 3 0x800031e0 (0x7a876c97) x25 0xfa8791e0
core   0: 0x800031e4 (0x00ff07b3) add     a5, t5, a5
core   0: 3 0x800031e4 (0x00ff07b3) x15 0xfffffb23
core   0: 0x800031e8 (0x013c8333) add     t1, s9, s3
core   0: 3 0x800031e8 (0x013c8333) x 6 0x7a88e044
core   0: 0x800031ec (0x016cf533) and     a0, s9, s6
core   0: 3 0x800031ec (0x016cf533) x10 0x00000000
core   0: 0x800031f0 (0x02c98b33) mul     s6, s3, a2
core   0: 3 0x800031f0 (0x02c98b33) x22 0x38cd8000
core   0: 0x800031f4 (0xcfb5bd13) sltiu   s10, a1, -773
core   0: 3 0x800031f4 (0xcfb5bd13) x26 0x00000001
core   0: 0x800031f8 (0x00335c93) srli    s9, t1, 3
core   0: 3 0x800031f8 (0x00335c93) x25 0x0f511c08
core   0: 0x800031fc (0x00f50933) add     s2, a0, a5
core   0: 3 0x800031fc (0x00f50933) x18 0xfffffb23
core   0: 0x80003200 (0xd08c8693) addi    a3, s9, -760
core   0: 3 0x80003200 (0xd08c8693) x13 0x0f511910
core   0: 0x80003204 (0x02ed4ab3) div     s5, s10, a4
core   0: 3 0x80003204 (0x02ed4ab3) x21 0x00000001
core   0: 0x80003208 (0x092b8097) auipc   ra, 0x92b8
core   0: 3 0x80003208 (0x092b8097) x 1 0x892bb208
core   0: 0x8000320c (0x00e5c233) xor     tp, a1, a4
core   0: 3 0x8000320c (0x00e5c233) x 4 0x00000000
core   0: 0x80003210 (0x32eeec13) ori     s8, t4, 814
core   0: 3 0x80003210 (0x32eeec13) x24 0x0000032f
core   0: 0x80003214 (0x00d770b3) and     ra, a4, a3
core   0: 3 0x80003214 (0x00d770b3) x 1 0x00000000
core   0: 0x80003218 (0x4126d013) srai    zero, a3, 18
core   0: 3 0x80003218 (0x4126d013)
core   0: 0x8000321c (0x416a8733) sub     a4, s5, s6
core   0: 3 0x8000321c (0x416a8733) x14 0xc7328001
core   0: 0x80003220 (0xb9ed8a93) addi    s5, s11, -1122
core   0: 3 0x80003220 (0xb9ed8a93) x21 0xfffff961
core   0: 0x80003224 (0x45258893) addi    a7, a1, 1106
core   0: 3 0x80003224 (0x45258893) x17 0x00000453
core   0: 0x80003228 (0x02807db3) remu    s11, zero, s0
core   0: 3 0x80003228 (0x02807db3) x27 0x00000000
core   0: 0x8000322c (0xa68f2993) slti    s3, t5, -1432
core   0: 3 0x8000322c (0xa68f2993) x19 0x00000000
core   0: 0x80003230 (0xa4a9e213) ori     tp, s3, -1462
core   0: 3 0x80003230 (0xa4a9e213) x 4 0xfffffa4a
core   0: 0x80003234 (0x000fd333) srl     t1, t6, zero
core   0: 3 0x80003234 (0x000fd333) x 6 0x00000001
core   0: 0x80003238 (0x03984fb3) div     t6, a6, s9
core   0: 3 0x80003238 (0x03984fb3) x31 0xfffffff8
core   0: 0x8000323c (0x031f4d33) div     s10, t5, a7
core   0: 3 0x8000323c (0x031f4d33) x26 0xffffffff
core   0: 0x80003240 (0x01f14033) xor     zero, sp, t6
core   0: 3 0x80003240 (0x01f14033)
core   0: 0x80003244 (0x02ea60b3) rem     ra, s4, a4
core   0: 3 0x80003244 (0x02ea60b3) x 1 0xf3a63c84
core   0: 0x80003248 (0x4160de93) srai    t4, ra, 22
core   0: 3 0x80003248 (0x4160de93) x29 0xffffffce
core   0: 0x8000324c (0x01ad6133) or      sp, s10, s10
core   0: 3 0x8000324c (0x01ad6133) x 2 0xffffffff
core   0: 0x80003250 (0x00eed1b3) srl     gp, t4, a4
core   0: 3 0x80003250 (0x00eed1b3) x 3 0x7fffffe7
core   0: 0x80003254 (0x0263f9b3) remu    s3, t2, t1
core   0: 3 0x80003254 (0x0263f9b3) x19 0x00000000
core   0: 0x80003258 (0x0004d1b3) srl     gp, s1, zero
core   0: 3 0x80003258 (0x0004d1b3) x 3 0x80014e64
core   0: 0x8000325c (0x009a5593) srli    a1, s4, 9
core   0: 3 0x8000325c (0x009a5593) x11 0x005d6c5e
core   0: 0x80003260 (0x01e989b3) add     s3, s3, t5
core   0: 3 0x80003260 (0x01e989b3) x19 0xfffffbac
core   0: 0x80003264 (0xce573513) sltiu   a0, a4, -795
core   0: 3 0x80003264 (0xce573513) x10 0x00000001
core   0: 0x80003268 (0x006fc0b3) xor     ra, t6, t1
core   0: 3 0x80003268 (0x006fc0b3) x 1 0xfffffff9
core   0: 0x8000326c (0x02084933) div     s2, a6, zero
core   0: 3 0x8000326c (0x02084933) x18 0xffffffff
core   0: 0x80003270 (0x0395b8b3) mulhu   a7, a1, s9
core   0: 3 0x80003270 (0x0395b8b3) x17 0x000596f3
core   0: 0x80003274 (0x02ef8c33) mul     s8, t6, a4
core   0: 3 0x80003274 (0x02ef8c33) x24 0xc66bfff8
core   0: 0x80003278 (0x18723393) sltiu   t2, tp, 391
core   0: 3 0x80003278 (0x18723393) x 7 0x00000000
core   0: 0x8000327c (0x0280f5b3) remu    a1, ra, s0
core   0: 3 0x8000327c (0x0280f5b3) x11 0xfffffff9
core   0: 0x80003280 (0x4065dd33) sra     s10, a1, t1
core   0: 3 0x80003280 (0x4065dd33) x26 0xfffffffc
core   0: 0x80003284 (0xce96b913) sltiu   s2, a3, -791
core   0: 3 0x80003284 (0xce96b913) x18 0x00000001
core   0: 0x80003288 (0x00499533) sll     a0, s3, tp
core   0: 3 0x80003288 (0x00499533) x10 0xffeeb000
core   0: 0x8000328c (0x00474ab3) xor     s5, a4, tp
core   0: 3 0x8000328c (0x00474ab3) x21 0x38cd7a4b
core   0: 0x80003290 (0xeaf1fa93) andi    s5, gp, -337
core   0: 3 0x80003290 (0xeaf1fa93) x21 0x80014e24
core   0: 0x80003294 (0x03288d33) mul     s10, a7, s2
core   0: 3 0x80003294 (0x03288d33) x26 0x000596f3
core   0: 0x80003298 (0x00000013) nop
core   0: 3 0x80003298 (0x00000013)
core   0: 0x8000329c (0x881ebb13) sltiu   s6, t4, -1919
core   0: 3 0x8000329c (0x881ebb13) x22 0x00000000
core   0: 0x800032a0 (0x02960233) mul     tp, a2, s1
core   0: 3 0x800032a0 (0x02960233) x 4 0x38cd8000
core   0: 0x800032a4 (0x002ae733) or      a4, s5, sp
core   0: 3 0x800032a4 (0x002ae733) x14 0xffffffff
core   0: 0x800032a8 (0x02353db3) mulhu   s11, a0, gp
core   0: 3 0x800032a8 (0x02353db3) x27 0x7ff8a64d
core   0: 0x800032ac (0x0121b633) sltu    a2, gp, s2
core   0: 3 0x800032ac (0x0121b633) x12 0x00000000
core   0: 0x800032b0 (0x60122a93) slti    s5, tp, 1537
core   0: 3 0x800032b0 (0x60122a93) x21 0x00000000
core   0: 0x800032b4 (0xe1728937) lui     s2, 0xe1728
core   0: 3 0x800032b4 (0xe1728937) x18 0xe1728000
core   0: 0x800032b8 (0x013e61b3) or      gp, t3, s3
core   0: 3 0x800032b8 (0x013e61b3) x 3 0xfffffbad
core   0: 0x800032bc (0x024f47b3) div     a5, t5, tp
core   0: 3 0x800032bc (0x024f47b3) x15 0x00000000
core   0: 0x800032c0 (0x039069b3) rem     s3, zero, s9
core   0: 3 0x800032c0 (0x039069b3) x19 0x00000000
core   0: 0x800032c4 (0x0149a533) slt     a0, s3, s4
core   0: 3 0x800032c4 (0x0149a533) x10 0x00000000
core   0: 0x800032c8 (0x0113a7b3) slt     a5, t2, a7
core   0: 3 0x800032c8 (0x0113a7b3) x15 0x00000001
core   0: 0x800032cc (0x0379e6b3) rem     a3, s3, s7
core   0: 3 0x800032cc (0x0379e6b3) x13 0x00000000
core   0: 0x800032d0 (0x406c8433) sub     s0, s9, t1
core   0: 3 0x800032d0 (0x406c8433) x 8 0x0f511c07
core   0: 0x800032d4 (0x017610b3) sll     ra, a2, s7
core   0: 3 0x800032d4 (0x017610b3) x 1 0x00000000
core   0: 0x800032d8 (0x00000013) nop
core   0: 3 0x800032d8 (0x00000013)
core   0: 0x800032dc (0x017bc7b3) xor     a5, s7, s7
core   0: 3 0x800032dc (0x017bc7b3) x15 0x00000000
core   0: 0x800032e0 (0xbf546613) ori     a2, s0, -1035
core   0: 3 0x800032e0 (0xbf546613) x12 0xfffffff7
core   0: 0x800032e4 (0x00e33eb3) sltu    t4, t1, a4
core   0: 3 0x800032e4 (0x00e33eb3) x29 0x00000001
core   0: 0x800032e8 (0x02d8b133) mulhu   sp, a7, a3
core   0: 3 0x800032e8 (0x02d8b133) x 2 0x00000000
core   0: 0x800032ec (0x00270bb3) add     s7, a4, sp
core   0: 3 0x800032ec (0x00270bb3) x23 0xffffffff
core   0: 0x800032f0 (0x008545b3) xor     a1, a0, s0
core   0: 3 0x800032f0 (0x008545b3) x11 0x0f511c07
core   0: 0x800032f4 (0x417b5133) sra     sp, s6, s7
core   0: 3 0x800032f4 (0x417b5133) x 2 0x00000000
core   0: 0x800032f8 (0x0075f7b3) and     a5, a1, t2
core   0: 3 0x800032f8 (0x0075f7b3) x15 0x00000000
core   0: 0x800032fc (0x00a11893) slli    a7, sp, 10
core   0: 3 0x800032fc (0x00a11893) x17 0x00000000
core   0: 0x80003300 (0x03766e33) rem     t3, a2, s7
core   0: 3 0x80003300 (0x03766e33) x28 0x00000000
core   0: 0x80003304 (0x00cb2c33) slt     s8, s6, a2
core   0: 3 0x80003304 (0x00cb2c33) x24 0x00000000
core   0: 0x80003308 (0x8f473d13) sltiu   s10, a4, -1804
core   0: 3 0x80003308 (0x8f473d13) x26 0x00000000
core   0: 0x8000330c (0x03daafb3) mulhsu  t6, s5, t4
core   0: 3 0x8000330c (0x03daafb3) x31 0x00000000
core   0: 0x80003310 (0x00efd433) srl     s0, t6, a4
core   0: 3 0x80003310 (0x00efd433) x 8 0x00000000
core   0: 0x80003314 (0x034becb3) rem     s9, s7, s4
core   0: 3 0x80003314 (0x034becb3) x25 0xffffffff
core   0: 0x80003318 (0x0002b933) sltu    s2, t0, zero
core   0: 3 0x80003318 (0x0002b933) x18 0x00000000
core   0: 0x8000331c (0x3e2eeb13) ori     s6, t4, 994
core   0: 3 0x8000331c (0x3e2eeb13) x22 0x000003e3
core   0: 0x80003320 (0xd3ba2413) slti    s0, s4, -709
core   0: 3 0x80003320 (0xd3ba2413) x 8 0x00000001
core   0: 0x80003324 (0x01bd5d33) srl     s10, s10, s11
core   0: 3 0x80003324 (0x01bd5d33) x26 0x00000000
core   0: 0x80003328 (0x015bb1b3) sltu    gp, s7, s5
core   0: 3 0x80003328 (0x015bb1b3) x 3 0x00000000
core   0: 0x8000332c (0x2769bf93) sltiu   t6, s3, 630
core   0: 3 0x8000332c (0x2769bf93) x31 0x00000001
core   0: 0x80003330 (0x01f08633) add     a2, ra, t6
core   0: 3 0x80003330 (0x01f08633) x12 0x00000001
core   0: 0x80003334 (0x0285bfb3) mulhu   t6, a1, s0
core   0: 3 0x80003334 (0x0285bfb3) x31 0x00000000
core   0: 0x80003338 (0x01829e33) sll     t3, t0, s8
core   0: 3 0x80003338 (0x01829e33) x28 0xfffffbac
core   0: 0x8000333c (0x036a4733) div     a4, s4, s6
core   0: 3 0x8000333c (0x036a4733) x14 0xffee3531
core   0: 0x80003340 (0xdf207f97) auipc   t6, 0xdf207
core   0: 3 0x80003340 (0xdf207f97) x31 0x5f20a340
core   0: 0x80003344 (0x2d8ed017) auipc   zero, 0x2d8ed
core   0: 3 0x80003344 (0x2d8ed017)
core   0: 0x80003348 (0x01116033) or      zero, sp, a7
core   0: 3 0x80003348 (0x01116033)
core   0: 0x8000334c (0x8847ea93) ori     s5, a5, -1916
core   0: 3 0x8000334c (0x8847ea93) x21 0xfffff884
core   0: 0x80003350 (0x41c2d1b3) sra     gp, t0, t3
core   0: 3 0x80003350 (0x41c2d1b3) x 3 0xffffffff
core   0: 0x80003354 (0xa6d74b37) lui     s6, 0xa6d74
core   0: 3 0x80003354 (0xa6d74b37) x22 0xa6d74000
core   0: 0x80003358 (0x00dad5b3) srl     a1, s5, a3
core   0: 3 0x80003358 (0x00dad5b3) x11 0xfffff884
core   0: 0x8000335c (0x29ef0093) addi    ra, t5, 670
core   0: 3 0x8000335c (0x29ef0093) x 1 0xfffffe4a
core   0: 0x80003360 (0x45d9d617) auipc   a2, 0x45d9d
core   0: 3 0x80003360 (0x45d9d617) x12 0xc5da0360
core   0: 0x80003364 (0x02eaeeb3) rem     t4, s5, a4
core   0: 3 0x80003364 (0x02eaeeb3) x29 0xfffff884
core   0: 0x80003368 (0x03300733) mul     a4, zero, s3
core   0: 3 0x80003368 (0x03300733) x14 0x00000000
core   0: 0x8000336c (0x03cd0bb3) mul     s7, s10, t3
core   0: 3 0x8000336c (0x03cd0bb3) x23 0x00000000
core   0: 0x80003370 (0x0069db13) srli    s6, s3, 6
core   0: 3 0x80003370 (0x0069db13) x22 0x00000000
core   0: 0x80003374 (0x51d16413) ori     s0, sp, 1309
core   0: 3 0x80003374 (0x51d16413) x 8 0x0000051d
core   0: 0x80003378 (0xb8720393) addi    t2, tp, -1145
core   0: 3 0x80003378 (0xb8720393) x 7 0x38cd7b87
core   0: 0x8000337c (0x0394d333) divu    t1, s1, s9
core   0: 3 0x8000337c (0x0394d333) x 6 0x00000000
core   0: 0x80003380 (0x0281c7b3) div     a5, gp, s0
core   0: 3 0x80003380 (0x0281c7b3) x15 0x00000000
core   0: 0x80003384 (0xf9333013) sltiu   zero, t1, -109
core   0: 3 0x80003384 (0xf9333013)
core   0: 0x80003388 (0xdf394993) xori    s3, s2, -525
core   0: 3 0x80003388 (0xdf394993) x19 0xfffffdf3
core   0: 0x8000338c (0x01691e13) slli    t3, s2, 22
core   0: 3 0x8000338c (0x01691e13) x28 0x00000000
core   0: 0x80003390 (0x032f6f33) rem     t5, t5, s2
core   0: 3 0x80003390 (0x032f6f33) x30 0xfffffbac
core   0: 0x80003394 (0x4a600517) auipc   a0, 0x4a600
core   0: 3 0x80003394 (0x4a600517) x10 0xca603394
core   0: 0x80003398 (0xaf80e513) ori     a0, ra, -1288
core   0: 3 0x80003398 (0xaf80e513) x10 0xfffffefa
core   0: 0x8000339c (0x40f78033) sub     zero, a5, a5
core   0: 3 0x8000339c (0x40f78033)
core   0: 0x800033a0 (0x403a8e33) sub     t3, s5, gp
core   0: 3 0x800033a0 (0x403a8e33) x28 0xfffff885
core   0: 0x800033a4 (0x37756313) ori     t1, a0, 887
core   0: 3 0x800033a4 (0x37756313) x 6 0xffffffff
core   0: 0x800033a8 (0x7270c793) xori    a5, ra, 1831
core   0: 3 0x800033a8 (0x7270c793) x15 0xfffff96d
core   0: 0x800033ac (0xc6c5ec13) ori     s8, a1, -916
core   0: 3 0x800033ac (0xc6c5ec13) x24 0xfffffcec
core   0: 0x800033b0 (0x6da60613) addi    a2, a2, 1754
core   0: 3 0x800033b0 (0x6da60613) x12 0xc5da0a3a
core   0: 0x800033b4 (0x008b5f93) srli    t6, s6, 8
core   0: 3 0x800033b4 (0x008b5f93) x31 0x00000000
core   0: 0x800033b8 (0x85f50393) addi    t2, a0, -1953
core   0: 3 0x800033b8 (0x85f50393) x 7 0xfffff759
core   0: 0x800033bc (0x03dc45b3) div     a1, s8, t4
core   0: 3 0x800033bc (0x03dc45b3) x11 0x00000000
core   0: 0x800033c0 (0x6a676c93) ori     s9, a4, 1702
core   0: 3 0x800033c0 (0x6a676c93) x25 0x000006a6
core   0: 0x800033c4 (0x00000013) nop
core   0: 3 0x800033c4 (0x00000013)
core   0: 0x800033c8 (0xe618e993) ori     s3, a7, -415
core   0: 3 0x800033c8 (0xe618e993) x19 0xfffffe61
core   0: 0x800033cc (0x00870d33) add     s10, a4, s0
core   0: 3 0x800033cc (0x00870d33) x26 0x0000051d
core   0: 0x800033d0 (0x000c1b93) slli    s7, s8, 0
core   0: 3 0x800033d0 (0x000c1b93) x23 0xfffffcec
core   0: 0x800033d4 (0x03a238b3) mulhu   a7, tp, s10
core   0: 3 0x800033d4 (0x03a238b3) x17 0x00000122
core   0: 0x800033d8 (0x01c1d6b3) srl     a3, gp, t3
core   0: 3 0x800033d8 (0x01c1d6b3) x13 0x07ffffff
core   0: 0x800033dc (0x23393917) auipc   s2, 0x23393
core   0: 3 0x800033dc (0x23393917) x18 0xa33963dc
core   0: 0x800033e0 (0x91ecb793) sltiu   a5, s9, -1762
core   0: 3 0x800033e0 (0x91ecb793) x15 0x00000001
core   0: 0x800033e4 (0x63c5ec17) auipc   s8, 0x63c5e
core   0: 3 0x800033e4 (0x63c5ec17) x24 0xe3c613e4
core   0: 0x800033e8 (0x03bb45b3) div     a1, s6, s11
core   0: 3 0x800033e8 (0x03bb45b3) x11 0x00000000
core   0: 0x800033ec (0x01971e33) sll     t3, a4, s9
core   0: 3 0x800033ec (0x01971e33) x28 0x00000000
core   0: 0x800033f0 (0x02999f33) mulh    t5, s3, s1
core   0: 3 0x800033f0 (0x02999f33) x30 0x000000cf
core   0: 0x800033f4 (0x011d1cb3) sll     s9, s10, a7
core   0: 3 0x800033f4 (0x011d1cb3) x25 0x00001474
core   0: 0x800033f8 (0x012f5233) srl     tp, t5, s2
core   0: 3 0x800033f8 (0x012f5233) x 4 0x00000000
core   0: 0x800033fc (0x006bcab3) xor     s5, s7, t1
core   0: 3 0x800033fc (0x006bcab3) x21 0x00000313
core   0: 0x80003400 (0x02edb1b3) mulhu   gp, s11, a4
core   0: 3 0x80003400 (0x02edb1b3) x 3 0x00000000
core   0: 0x80003404 (0xf7b92c13) slti    s8, s2, -133
core   0: 3 0x80003404 (0xf7b92c13) x24 0x00000001
core   0: 0x80003408 (0x00f85613) srli    a2, a6, 15
core   0: 3 0x80003408 (0x00f85613) x12 0x00010003
core   0: 0x8000340c (0x0190a733) slt     a4, ra, s9
core   0: 3 0x8000340c (0x0190a733) x14 0x00000001
core   0: 0x80003410 (0x9b47cb13) xori    s6, a5, -1612
core   0: 3 0x80003410 (0x9b47cb13) x22 0xfffff9b5
core   0: 0x80003414 (0x01979313) slli    t1, a5, 25
core   0: 3 0x80003414 (0x01979313) x 6 0x02000000
core   0: 0x80003418 (0x03b01333) mulh    t1, zero, s11
core   0: 3 0x80003418 (0x03b01333) x 6 0x00000000
core   0: 0x8000341c (0x0079b7b3) sltu    a5, s3, t2
core   0: 3 0x8000341c (0x0079b7b3) x15 0x00000000
core   0: 0x80003420 (0x020d40b3) div     ra, s10, zero
core   0: 3 0x80003420 (0x020d40b3) x 1 0xffffffff
core   0: 0x80003424 (0x01908eb3) add     t4, ra, s9
core   0: 3 0x80003424 (0x01908eb3) x29 0x00001473
core   0: 0x80003428 (0x02e3ef33) rem     t5, t2, a4
core   0: 3 0x80003428 (0x02e3ef33) x30 0x00000000
core   0: 0x8000342c (0x00598633) add     a2, s3, t0
core   0: 3 0x8000342c (0x00598633) x12 0xfffffa0d
core   0: 0x80003430 (0x40730333) sub     t1, t1, t2
core   0: 3 0x80003430 (0x40730333) x 6 0x000008a7
core   0: 0x80003434 (0x036910b3) mulh    ra, s2, s6
core   0: 3 0x80003434 (0x036910b3) x 1 0x00000247
core   0: 0x80003438 (0x009b48b3) xor     a7, s6, s1
core   0: 3 0x80003438 (0x009b48b3) x17 0x7ffeb7d1
core   0: 0x8000343c (0x004240b3) xor     ra, tp, tp
core   0: 3 0x8000343c (0x004240b3) x 1 0x00000000
core   0: 0x80003440 (0x03da5b33) divu    s6, s4, t4
core   0: 3 0x80003440 (0x03da5b33) x22 0x00092319
core   0: 0x80003444 (0x418b5113) srai    sp, s6, 24
core   0: 3 0x80003444 (0x418b5113) x 2 0x00000000
core   0: 0x80003448 (0x03d13bb3) mulhu   s7, sp, t4
core   0: 3 0x80003448 (0x03d13bb3) x23 0x00000000
core   0: 0x8000344c (0x01ffe133) or      sp, t6, t6
core   0: 3 0x8000344c (0x01ffe133) x 2 0x00000000
core   0: 0x80003450 (0x01f1df93) srli    t6, gp, 31
core   0: 3 0x80003450 (0x01f1df93) x31 0x00000000
core   0: 0x80003454 (0x022d2533) mulhsu  a0, s10, sp
core   0: 3 0x80003454 (0x022d2533) x10 0x00000000
core   0: 0x80003458 (0x0028a2b3) slt     t0, a7, sp
core   0: 3 0x80003458 (0x0028a2b3) x 5 0x00000000
core   0: 0x8000345c (0x01529593) slli    a1, t0, 21
core   0: 3 0x8000345c (0x01529593) x11 0x00000000
core   0: 0x80003460 (0x7551f413) andi    s0, gp, 1877
core   0: 3 0x80003460 (0x7551f413) x 8 0x00000000
core   0: 0x80003464 (0x032deb33) rem     s6, s11, s2
core   0: 3 0x80003464 (0x032deb33) x22 0x23320a29
core   0: 0x80003468 (0x41b95bb3) sra     s7, s2, s11
core   0: 3 0x80003468 (0x41b95bb3) x23 0xfffd19cb
core   0: 0x8000346c (0x03165f33) divu    t5, a2, a7
core   0: 3 0x8000346c (0x03165f33) x30 0x00000002
core   0: 0x80003470 (0x03bcb9b3) mulhu   s3, s9, s11
core   0: 3 0x80003470 (0x03bcb9b3) x19 0x00000a39
core   0: 0x80003474 (0x00631513) slli    a0, t1, 6
core   0: 3 0x80003474 (0x00631513) x10 0x000229c0
core   0: 0x80003478 (0x019f7eb3) and     t4, t5, s9
core   0: 3 0x80003478 (0x019f7eb3) x29 0x00000000
core   0: 0x8000347c (0x00275033) srl     zero, a4, sp
core   0: 3 0x8000347c (0x00275033)
core   0: 0x80003480 (0x3685cb13) xori    s6, a1, 872
core   0: 3 0x80003480 (0x3685cb13) x22 0x00000368
core   0: 0x80003484 (0x02e37ab3) remu    s5, t1, a4
core   0: 3 0x80003484 (0x02e37ab3) x21 0x00000000
core   0: 0x80003488 (0x027e2f33) mulhsu  t5, t3, t2
core   0: 3 0x80003488 (0x027e2f33) x30 0x00000000
core   0: 0x8000348c (0x76ea5337) lui     t1, 0x76ea5
core   0: 3 0x8000348c (0x76ea5337) x 6 0x76ea5000
core   0: 0x80003490 (0x007c71b3) and     gp, s8, t2
core   0: 3 0x80003490 (0x007c71b3) x 3 0x00000001
core   0: 0x80003494 (0x00717733) and     a4, sp, t2
core   0: 3 0x80003494 (0x00717733) x14 0x00000000
core   0: 0x80003498 (0x003e9d13) slli    s10, t4, 3
core   0: 3 0x80003498 (0x003e9d13) x26 0x00000000
core   0: 0x8000349c (0x036946b3) div     a3, s2, s6
core   0: 3 0x8000349c (0x036946b3) x13 0xffe4c359
core   0: 0x800034a0 (0x40080533) sub     a0, a6, zero
core   0: 3 0x800034a0 (0x40080533) x10 0x80018ce4
core   0: 0x800034a4 (0x00f91f33) sll     t5, s2, a5
core   0: 3 0x800034a4 (0x00f91f33) x30 0xa33963dc
core   0: 0x800034a8 (0x9833b393) sltiu   t2, t2, -1661
core   0: 3 0x800034a8 (0x9833b393) x 7 0x00000001
core   0: 0x800034ac (0x02fe71b3) remu    gp, t3, a5
core   0: 3 0x800034ac (0x02fe71b3) x 3 0x00000000
core   0: 0x800034b0 (0x037da5b3) mulhsu  a1, s11, s7
core   0: 3 0x800034b0 (0x037da5b3) x11 0x7ff73347
core   0: 0x800034b4 (0x4970a693) slti    a3, ra, 1175
core   0: 3 0x800034b4 (0x4970a693) x13 0x00000001
core   0: 0x800034b8 (0x038db133) mulhu   sp, s11, s8
core   0: 3 0x800034b8 (0x038db133) x 2 0x00000000
core   0: 0x800034bc (0x02437033) remu    zero, t1, tp
core   0: 3 0x800034bc (0x02437033)
core   0: 0x800034c0 (0x00575d13) srli    s10, a4, 5
core   0: 3 0x800034c0 (0x00575d13) x26 0x00000000
core   0: 0x800034c4 (0x01134433) xor     s0, t1, a7
core   0: 3 0x800034c4 (0x01134433) x 8 0x0914e7d1
core   0: 0x800034c8 (0xb963ee13) ori     t3, t2, -1130
core   0: 3 0x800034c8 (0xb963ee13) x28 0xfffffb97
core   0: 0x800034cc (0x411f56b3) sra     a3, t5, a7
core   0: 3 0x800034cc (0x411f56b3) x13 0xffffd19c
core   0: 0x800034d0 (0x03f19ab3) mulh    s5, gp, t6
core   0: 3 0x800034d0 (0x03f19ab3) x21 0x00000000
core   0: 0x800034d4 (0x011f6633) or      a2, t5, a7
core   0: 3 0x800034d4 (0x011f6633) x12 0xfffff7dd
core   0: 0x800034d8 (0x00e817b3) sll     a5, a6, a4
core   0: 3 0x800034d8 (0x00e817b3) x15 0x80018ce4
core   0: 0x800034dc (0x02feb8b3) mulhu   a7, t4, a5
core   0: 3 0x800034dc (0x02feb8b3) x17 0x00000000
core   0: 0x800034e0 (0xaae72c93) slti    s9, a4, -1362
core   0: 3 0x800034e0 (0xaae72c93) x25 0x00000000
core   0: 0x800034e4 (0x02e8f6b3) remu    a3, a7, a4
core   0: 3 0x800034e4 (0x02e8f6b3) x13 0x00000000
core   0: 0x800034e8 (0x01c8f933) and     s2, a7, t3
core   0: 3 0x800034e8 (0x01c8f933) x18 0x00000000
core   0: 0x800034ec (0x91c3b793) sltiu   a5, t2, -1764
core   0: 3 0x800034ec (0x91c3b793) x15 0x00000001
core   0: 0x800034f0 (0x018193b3) sll     t2, gp, s8
core   0: 3 0x800034f0 (0x018193b3) x 7 0x00000000
core   0: 0x800034f4 (0x03db6733) rem     a4, s6, t4
core   0: 3 0x800034f4 (0x03db6733) x14 0x00000368
core   0: 0x800034f8 (0x40150413) addi    s0, a0, 1025
core   0: 3 0x800034f8 (0x40150413) x 8 0x800190e5
core   0: 0x800034fc (0x00000013) nop
core   0: 3 0x800034fc (0x00000013)
core   0: 0x80003500 (0x8f7d7393) andi    t2, s10, -1801
core   0: 3 0x80003500 (0x8f7d7393) x 7 0x00000000
core   0: 0x80003504 (0x01a170b3) and     ra, sp, s10
core   0: 3 0x80003504 (0x01a170b3) x 1 0x00000000
core   0: 0x80003508 (0x00cc9bb3) sll     s7, s9, a2
core   0: 3 0x80003508 (0x00cc9bb3) x23 0x00000000
core   0: 0x8000350c (0xfceb7737) lui     a4, 0xfceb7
core   0: 3 0x8000350c (0xfceb7737) x14 0xfceb7000
core   0: 0x80003510 (0x00550433) add     s0, a0, t0
core   0: 3 0x80003510 (0x00550433) x 8 0x80018ce4
core   0: 0x80003514 (0x03c9c6b3) div     a3, s3, t3
core   0: 3 0x80003514 (0x03c9c6b3) x13 0xfffffffe
core   0: 0x80003518 (0xb8678893) addi    a7, a5, -1146
core   0: 3 0x80003518 (0xb8678893) x17 0xfffffb87
core   0: 0x8000351c (0x03136fb3) rem     t6, t1, a7
core   0: 3 0x8000351c (0x03136fb3) x31 0x00000430
core   0: 0x80003520 (0x6f647c13) andi    s8, s0, 1782
core   0: 3 0x80003520 (0x6f647c13) x24 0x000004e4
core   0: 0x80003524 (0x037b13b3) mulh    t2, s6, s7
core   0: 3 0x80003524 (0x037b13b3) x 7 0x00000000
core   0: 0x80003528 (0x01a29213) slli    tp, t0, 26
core   0: 3 0x80003528 (0x01a29213) x 4 0x00000000
core   0: 0x8000352c (0x03989f33) mulh    t5, a7, s9
core   0: 3 0x8000352c (0x03989f33) x30 0x00000000
core   0: 0x80003530 (0x00d6b2b3) sltu    t0, a3, a3
core   0: 3 0x80003530 (0x00d6b2b3) x 5 0x00000000
core   0: 0x80003534 (0x00d59d13) slli    s10, a1, 13
core   0: 3 0x80003534 (0x00d59d13) x26 0xe668e000
core   0: 0x80003538 (0x010b7b33) and     s6, s6, a6
core   0: 3 0x80003538 (0x010b7b33) x22 0x00000060
core   0: 0x8000353c (0xc4244093) xori    ra, s0, -958
core   0: 3 0x8000353c (0xc4244093) x 1 0x7ffe70a6
core   0: 0x80003540 (0xb981bb93) sltiu   s7, gp, -1128
core   0: 3 0x80003540 (0xb981bb93) x23 0x00000001
core   0: 0x80003544 (0x0133fdb3) and     s11, t2, s3
core   0: 3 0x80003544 (0x0133fdb3) x27 0x00000000
core   0: 0x80003548 (0x034962b3) rem     t0, s2, s4
core   0: 3 0x80003548 (0x034962b3) x 5 0x00000000
core   0: 0x8000354c (0x252f6d13) ori     s10, t5, 594
core   0: 3 0x8000354c (0x252f6d13) x26 0x00000252
core   0: 0x80003550 (0x41df5ab3) sra     s5, t5, t4
core   0: 3 0x80003550 (0x41df5ab3) x21 0x00000000
core   0: 0x80003554 (0x01cf11b3) sll     gp, t5, t3
core   0: 3 0x80003554 (0x01cf11b3) x 3 0x00000000
core   0: 0x80003558 (0xfbceae17) auipc   t3, 0xfbcea
core   0: 3 0x80003558 (0xfbceae17) x28 0x7bced558
core   0: 0x8000355c (0x034788b3) mul     a7, a5, s4
core   0: 3 0x8000355c (0x034788b3) x17 0xbad8bc85
core   0: 0x80003560 (0x027c7433) remu    s0, s8, t2
core   0: 3 0x80003560 (0x027c7433) x 8 0x000004e4
core   0: 0x80003564 (0x343aec93) ori     s9, s5, 835
core   0: 3 0x80003564 (0x343aec93) x25 0x00000343
core   0: 0x80003568 (0x41700cb3) sub     s9, zero, s7
core   0: 3 0x80003568 (0x41700cb3) x25 0xffffffff
core   0: 0x8000356c (0x40fc5093) srai    ra, s8, 15
core   0: 3 0x8000356c (0x40fc5093) x 1 0x00000000
core   0: 0x80003570 (0x02a9b333) mulhu   t1, s3, a0
core   0: 3 0x80003570 (0x02a9b333) x 6 0x0000051c
core   0: 0x80003574 (0x029068b3) rem     a7, zero, s1
core   0: 3 0x80003574 (0x029068b3) x17 0x00000000
core   0: 0x80003578 (0x0135e733) or      a4, a1, s3
core   0: 3 0x80003578 (0x0135e733) x14 0x7ff73b7f
core   0: 0x8000357c (0x410b8033) sub     zero, s7, a6
core   0: 3 0x8000357c (0x410b8033)
core   0: 0x80003580 (0x00c49d33) sll     s10, s1, a2
core   0: 3 0x80003580 (0x00c49d33) x26 0x80000000
core   0: 0x80003584 (0x0100a8b3) slt     a7, ra, a6
core   0: 3 0x80003584 (0x0100a8b3) x17 0x00000000
core   0: 0x80003588 (0x00687bb3) and     s7, a6, t1
core   0: 3 0x80003588 (0x00687bb3) x23 0x00000404
core   0: 0x8000358c (0x846b7793) andi    a5, s6, -1978
core   0: 3 0x8000358c (0x846b7793) x15 0x00000040
core   0: 0x80003590 (0x00e98933) add     s2, s3, a4
core   0: 3 0x80003590 (0x00e98933) x18 0x7ff745b8
core   0: 0x80003594 (0x0052dc93) srli    s9, t0, 5
core   0: 3 0x80003594 (0x0052dc93) x25 0x00000000
core   0: 0x80003598 (0x000d1093) slli    ra, s10, 0
core   0: 3 0x80003598 (0x000d1093) x 1 0x80000000
core   0: 0x8000359c (0x02cb85b3) mul     a1, s7, a2
core   0: 3 0x8000359c (0x02cb85b3) x11 0xffdf5374
core   0: 0x800035a0 (0x00e468b3) or      a7, s0, a4
core   0: 3 0x800035a0 (0x00e468b3) x17 0x7ff73fff
core   0: 0x800035a4 (0x4178d193) srai    gp, a7, 23
core   0: 3 0x800035a4 (0x4178d193) x 3 0x000000ff
core   0: 0x800035a8 (0x0373bf33) mulhu   t5, t2, s7
core   0: 3 0x800035a8 (0x0373bf33) x30 0x00000000
core   0: 0x800035ac (0x023e9733) mulh    a4, t4, gp
core   0: 3 0x800035ac (0x023e9733) x14 0x00000000
core   0: 0x800035b0 (0x02f1bab3) mulhu   s5, gp, a5
core   0: 3 0x800035b0 (0x02f1bab3) x21 0x00000000
core   0: 0x800035b4 (0x009e5733) srl     a4, t3, s1
core   0: 3 0x800035b4 (0x009e5733) x14 0x07bced55
core   0: 0x800035b8 (0x03ca7ab3) remu    s5, s4, t3
core   0: 3 0x800035b8 (0x03ca7ab3) x21 0x3f09e72d
core   0: 0x800035bc (0x0260e7b3) rem     a5, ra, t1
core   0: 3 0x800035bc (0x0260e7b3) x15 0xffffffa4
core   0: 0x800035c0 (0x02047eb3) remu    t4, s0, zero
core   0: 3 0x800035c0 (0x02047eb3) x29 0x000004e4
core   0: 0x800035c4 (0xf5a20093) addi    ra, tp, -166
core   0: 3 0x800035c4 (0xf5a20093) x 1 0xffffff5a
core   0: 0x800035c8 (0x41b5d8b3) sra     a7, a1, s11
core   0: 3 0x800035c8 (0x41b5d8b3) x17 0xffdf5374
core   0: 0x800035cc (0xb799dd97) auipc   s11, 0xb799d
core   0: 3 0x800035cc (0xb799dd97) x27 0x379a05cc
core   0: 0x800035d0 (0x015f1613) slli    a2, t5, 21
core   0: 3 0x800035d0 (0x015f1613) x12 0x00000000
core   0: 0x800035d4 (0x01f0dc93) srli    s9, ra, 31
core   0: 3 0x800035d4 (0x01f0dc93) x25 0x00000001
core   0: 0x800035d8 (0xa780ae13) slti    t3, ra, -1416
core   0: 3 0x800035d8 (0xa780ae13) x28 0x00000000
core   0: 0x800035dc (0x40145713) srai    a4, s0, 1
core   0: 3 0x800035dc (0x40145713) x14 0x00000272
core   0: 0x800035e0 (0x00000013) nop
core   0: 3 0x800035e0 (0x00000013)
core   0: 0x800035e4 (0x41658733) sub     a4, a1, s6
core   0: 3 0x800035e4 (0x41658733) x14 0xffdf5314
core   0: 0x800035e8 (0x028ef633) remu    a2, t4, s0
core   0: 3 0x800035e8 (0x028ef633) x12 0x00000000
core   0: 0x800035ec (0x41a05c93) srai    s9, zero, 26
core   0: 3 0x800035ec (0x41a05c93) x25 0x00000000
core   0: 0x800035f0 (0x000709b3) add     s3, a4, zero
core   0: 3 0x800035f0 (0x000709b3) x19 0xffdf5314
core   0: 0x800035f4 (0xa5730913) addi    s2, t1, -1449
core   0: 3 0x800035f4 (0xa5730913) x18 0xffffff73
core   0: 0x800035f8 (0x41a08db3) sub     s11, ra, s10
core   0: 3 0x800035f8 (0x41a08db3) x27 0x7fffff5a
core   0: 0x800035fc (0x00cbdd33) srl     s10, s7, a2
core   0: 3 0x800035fc (0x00cbdd33) x26 0x00000404
core   0: 0x80003600 (0x010acbb3) xor     s7, s5, a6
core   0: 3 0x80003600 (0x010acbb3) x23 0xbf086bc9
core   0: 0x80003604 (0x402c5cb3) sra     s9, s8, sp
core   0: 3 0x80003604 (0x402c5cb3) x25 0x000004e4
core   0: 0x80003608 (0x00628e33) add     t3, t0, t1
core   0: 3 0x80003608 (0x00628e33) x28 0x0000051c
core   0: 0x8000360c (0x01841b93) slli    s7, s0, 24
core   0: 3 0x8000360c (0x01841b93) x23 0xe4000000
core   0: 0x80003610 (0xb1f4f713) andi    a4, s1, -1249
core   0: 3 0x80003610 (0xb1f4f713) x14 0x80014a04
core   0: 0x80003614 (0x00000013) nop
core   0: 3 0x80003614 (0x00000013)
core   0: 0x80003618 (0x018e9993) slli    s3, t4, 24
core   0: 3 0x80003618 (0x018e9993) x19 0xe4000000
core   0: 0x8000361c (0x3102a013) slti    zero, t0, 784
core   0: 3 0x8000361c (0x3102a013)
core   0: 0x80003620 (0xa8f4c893) xori    a7, s1, -1393
core   0: 3 0x80003620 (0xa8f4c893) x17 0x7ffeb4eb
core   0: 0x80003624 (0x000a20b3) slt     ra, s4, zero
core   0: 3 0x80003624 (0x000a20b3) x 1 0x00000001
core   0: 0x80003628 (0xf4e68913) addi    s2, a3, -178
core   0: 3 0x80003628 (0xf4e68913) x18 0xffffff4c
core   0: 0x8000362c (0x41b582b3) sub     t0, a1, s11
core   0: 3 0x8000362c (0x41b582b3) x 5 0x7fdf541a
core   0: 0x80003630 (0x006bd6b3) srl     a3, s7, t1
core   0: 3 0x80003630 (0x006bd6b3) x13 0x0000000e
core   0: 0x80003634 (0x41275b93) srai    s7, a4, 18
core   0: 3 0x80003634 (0x41275b93) x23 0xffffe000
core   0: 0x80003638 (0x01370cb3) add     s9, a4, s3
core   0: 3 0x80003638 (0x01370cb3) x25 0x64014a04
core   0: 0x8000363c (0x016a0133) add     sp, s4, s6
core   0: 3 0x8000363c (0x016a0133) x 2 0xbad8bce5
core   0: 0x80003640 (0xace7a037) lui     zero, 0xace7a
core   0: 3 0x80003640 (0xace7a037)
core   0: 0x80003644 (0x00c01693) slli    a3, zero, 12
core   0: 3 0x80003644 (0x00c01693) x13 0x00000000
core   0: 0x80003648 (0x41b3d333) sra     t1, t2, s11
core   0: 3 0x80003648 (0x41b3d333) x 6 0x00000000
core   0: 0x8000364c (0xc0c82c13) slti    s8, a6, -1012
core   0: 3 0x8000364c (0xc0c82c13) x24 0x00000001
core   0: 0x80003650 (0x03587ab3) remu    s5, a6, s5
core   0: 3 0x80003650 (0x03587ab3) x21 0x01edbe8a
core   0: 0x80003654 (0x038816b3) mulh    a3, a6, s8
core   0: 3 0x80003654 (0x038816b3) x13 0xffffffff
core   0: 0x80003658 (0x036740b3) div     ra, a4, s6
core   0: 3 0x80003658 (0x036740b3) x 1 0xfeaaae1b
core   0: 0x8000365c (0x03822eb3) mulhsu  t4, tp, s8
core   0: 3 0x8000365c (0x03822eb3) x29 0x00000000
core   0: 0x80003660 (0x039cd733) divu    a4, s9, s9
core   0: 3 0x80003660 (0x039cd733) x14 0x00000001
core   0: 0x80003664 (0x02f0ac33) mulhsu  s8, ra, a5
core   0: 3 0x80003664 (0x02f0ac33) x24 0xfeaaae1b
core   0: 0x80003668 (0x0171d513) srli    a0, gp, 23
core   0: 3 0x80003668 (0x0171d513) x10 0x00000000
core   0: 0x8000366c (0xfdb1cd13) xori    s10, gp, -37
core   0: 3 0x8000366c (0xfdb1cd13) x26 0xffffff24
core   0: 0x80003670 (0x02c226b3) mulhsu  a3, tp, a2
core   0: 3 0x80003670 (0x02c226b3) x13 0x00000000
core   0: 0x80003674 (0x03c2a9b3) mulhsu  s3, t0, t3
core   0: 3 0x80003674 (0x03c2a9b3) x19 0x0000028d
core   0: 0x80003678 (0x41235d33) sra     s10, t1, s2
core   0: 3 0x80003678 (0x41235d33) x26 0x00000000
core   0: 0x8000367c (0x00a91113) slli    sp, s2, 10
core   0: 3 0x8000367c (0x00a91113) x 2 0xfffd3000
core   0: 0x80003680 (0xd21c8913) addi    s2, s9, -735
core   0: 3 0x80003680 (0xd21c8913) x18 0x64014725
core   0: 0x80003684 (0x03da47b3) div     a5, s4, t4
core   0: 3 0x80003684 (0x03da47b3) x15 0xffffffff
core   0: 0x80003688 (0x00f3efb3) or      t6, t2, a5
core   0: 3 0x80003688 (0x00f3efb3) x31 0xffffffff
core   0: 0x8000368c (0xe986cf13) xori    t5, a3, -360
core   0: 3 0x8000368c (0xe986cf13) x30 0xfffffe98
core   0: 0x80003690 (0x02cd5633) divu    a2, s10, a2
core   0: 3 0x80003690 (0x02cd5633) x12 0xffffffff
core   0: 0x80003694 (0x02e9abb3) mulhsu  s7, s3, a4
core   0: 3 0x80003694 (0x02e9abb3) x23 0x00000000
core   0: 0x80003698 (0x013199b3) sll     s3, gp, s3
core   0: 3 0x80003698 (0x013199b3) x19 0x001fe000
core   0: 0x8000369c (0x03e4ee33) rem     t3, s1, t5
core   0: 3 0x8000369c (0x03e4ee33) x28 0xffffff34
core   0: 0x800036a0 (0xb8a6e013) ori     zero, a3, -1142
core   0: 3 0x800036a0 (0xb8a6e013)
core   0: 0x800036a4 (0x00000013) nop
core   0: 3 0x800036a4 (0x00000013)
core   0: 0x800036a8 (0x03022c33) mulhsu  s8, tp, a6
core   0: 3 0x800036a8 (0x03022c33) x24 0x00000000
core   0: 0x800036ac (0x03a36f33) rem     t5, t1, s10
core   0: 3 0x800036ac (0x03a36f33) x30 0x00000000
core   0: 0x800036b0 (0x9128dc17) auipc   s8, 0x9128d
core   0: 3 0x800036b0 (0x9128dc17) x24 0x112906b0
core   0: 0x800036b4 (0x41eadd93) srai    s11, s5, 30
core   0: 3 0x800036b4 (0x41eadd93) x27 0x00000000
core   0: 0x800036b8 (0x039c6933) rem     s2, s8, s9
core   0: 3 0x800036b8 (0x039c6933) x18 0x112906b0
core   0: 0x800036bc (0x939db013) sltiu   zero, s11, -1735
core   0: 3 0x800036bc (0x939db013)
core   0: 0x800036c0 (0x6bda8b13) addi    s6, s5, 1725
core   0: 3 0x800036c0 (0x6bda8b13) x22 0x01edc547
core   0: 0x800036c4 (0x3be06613) ori     a2, zero, 958
core   0: 3 0x800036c4 (0x3be06613) x12 0x000003be
core   0: 0x800036c8 (0x018f9333) sll     t1, t6, s8
core   0: 3 0x800036c8 (0x018f9333) x 6 0xffff0000
core   0: 0x800036cc (0x8e928e13) addi    t3, t0, -1815
core   0: 3 0x800036cc (0x8e928e13) x28 0x7fdf4d03
core   0: 0x800036d0 (0x0315f7b3) remu    a5, a1, a7
core   0: 3 0x800036d0 (0x0315f7b3) x15 0x7fe09e89
core   0: 0x800036d4 (0x0131d793) srli    a5, gp, 19
core   0: 3 0x800036d4 (0x0131d793) x15 0x00000000
core   0: 0x800036d8 (0x01c240b3) xor     ra, tp, t3
core   0: 3 0x800036d8 (0x01c240b3) x 1 0x7fdf4d03
core   0: 0x800036dc (0x62d78113) addi    sp, a5, 1581
core   0: 3 0x800036dc (0x62d78113) x 2 0x0000062d
core   0: 0x800036e0 (0x83cfab93) slti    s7, t6, -1988
core   0: 3 0x800036e0 (0x83cfab93) x23 0x00000000
core   0: 0x800036e4 (0x00b50db3) add     s11, a0, a1
core   0: 3 0x800036e4 (0x00b50db3) x27 0xffdf5374
core   0: 0x800036e8 (0x000aa033) slt     zero, s5, zero
core   0: 3 0x800036e8 (0x000aa033)
core   0: 0x800036ec (0xc2817f93) andi    t6, sp, -984
core   0: 3 0x800036ec (0xc2817f93) x31 0x00000428
core   0: 0x800036f0 (0x7aae0593) addi    a1, t3, 1962
core   0: 3 0x800036f0 (0x7aae0593) x11 0x7fdf54ad
core   0: 0x800036f4 (0x02634433) div     s0, t1, t1
core   0: 3 0x800036f4 (0x02634433) x 8 0x00000001
core   0: 0x800036f8 (0x001a5ab3) srl     s5, s4, ra
core   0: 3 0x800036f8 (0x001a5ab3) x21 0x175b1790
core   0: 0x800036fc (0x41c90433) sub     s0, s2, t3
core   0: 3 0x800036fc (0x41c90433) x 8 0x9149b9ad
core   0: 0x80003700 (0x017cecb3) or      s9, s9, s7
core   0: 3 0x80003700 (0x017cecb3) x25 0x64014a04
core   0: 0x80003704 (0x4140be93) sltiu   t4, ra, 1044
core   0: 3 0x80003704 (0x4140be93) x29 0x00000000
core   0: 0x80003708 (0x029ec0b3) div     ra, t4, s1
core   0: 3 0x80003708 (0x029ec0b3) x 1 0x00000000
core   0: 0x8000370c (0x00124933) xor     s2, tp, ra
core   0: 3 0x8000370c (0x00124933) x18 0x00000000
core   0: 0x80003710 (0x02d2af33) mulhsu  t5, t0, a3
core   0: 3 0x80003710 (0x02d2af33) x30 0x00000000
core   0: 0x80003714 (0x02412033) mulhsu  zero, sp, tp
core   0: 3 0x80003714 (0x02412033)
core   0: 0x80003718 (0x00143c33) sltu    s8, s0, ra
core   0: 3 0x80003718 (0x00143c33) x24 0x00000000
core   0: 0x8000371c (0x0158fd33) and     s10, a7, s5
core   0: 3 0x8000371c (0x0158fd33) x26 0x175a1480
core   0: 0x80003720 (0x012a8133) add     sp, s5, s2
core   0: 3 0x80003720 (0x012a8133) x 2 0x175b1790
core   0: 0x80003724 (0xf942b293) sltiu   t0, t0, -108
core   0: 3 0x80003724 (0xf942b293) x 5 0x00000001
core   0: 0x80003728 (0x00000013) nop
core   0: 3 0x80003728 (0x00000013)
core   0: 0x8000372c (0x00606d33) or      s10, zero, t1
core   0: 3 0x8000372c (0x00606d33) x26 0xffff0000
core   0: 0x80003730 (0x03925633) divu    a2, tp, s9
core   0: 3 0x80003730 (0x03925633) x12 0x00000000
core   0: 0x80003734 (0x0148d533) srl     a0, a7, s4
core   0: 3 0x80003734 (0x0148d533) x10 0x03fff5a7
core   0: 0x80003738 (0x0084a9b3) slt     s3, s1, s0
core   0: 3 0x80003738 (0x0084a9b3) x19 0x00000001
core   0: 0x8000373c (0x02fa6033) rem     zero, s4, a5
core   0: 3 0x8000373c (0x02fa6033)
core   0: 0x80003740 (0x016f9933) sll     s2, t6, s6
core   0: 3 0x80003740 (0x016f9933) x18 0x00021400
core   0: 0x80003744 (0x000f72b3) and     t0, t5, zero
core   0: 3 0x80003744 (0x000f72b3) x 5 0x00000000
core   0: 0x80003748 (0x01e15db3) srl     s11, sp, t5
core   0: 3 0x80003748 (0x01e15db3) x27 0x175b1790
core   0: 0x8000374c (0x03162d33) mulhsu  s10, a2, a7
core   0: 3 0x8000374c (0x03162d33) x26 0x00000000
core   0: 0x80003750 (0x02828ab3) mul     s5, t0, s0
core   0: 3 0x80003750 (0x02828ab3) x21 0x00000000
core   0: 0x80003754 (0xb506c993) xori    s3, a3, -1200
core   0: 3 0x80003754 (0xb506c993) x19 0xfffffb50
core   0: 0x80003758 (0x01391f33) sll     t5, s2, s3
core   0: 3 0x80003758 (0x01391f33) x30 0x14000000
core   0: 0x8000375c (0x02b42a93) slti    s5, s0, 43
core   0: 3 0x8000375c (0x02b42a93) x21 0x00000001
core   0: 0x80003760 (0x005abcb3) sltu    s9, s5, t0
core   0: 3 0x80003760 (0x005abcb3) x25 0x00000000
core   0: 0x80003764 (0x00a68fb3) add     t6, a3, a0
core   0: 3 0x80003764 (0x00a68fb3) x31 0x03fff5a7
core   0: 0x80003768 (0x018f9e33) sll     t3, t6, s8
core   0: 3 0x80003768 (0x018f9e33) x28 0x03fff5a7
core   0: 0x8000376c (0xf0812e13) slti    t3, sp, -248
core   0: 3 0x8000376c (0xf0812e13) x28 0x00000000
core   0: 0x80003770 (0x0332a033) mulhsu  zero, t0, s3
core   0: 3 0x80003770 (0x0332a033)
core   0: 0x80003774 (0x00000013) nop
core   0: 3 0x80003774 (0x00000013)
core   0: 0x80003778 (0x03b36733) rem     a4, t1, s11
core   0: 3 0x80003778 (0x03b36733) x14 0xffff0000
core   0: 0x8000377c (0x5f28e293) ori     t0, a7, 1522
core   0: 3 0x8000377c (0x5f28e293) x 5 0x7ffeb5fb
core   0: 0x80003780 (0x6dd35f17) auipc   t5, 0x6dd35
core   0: 3 0x80003780 (0x6dd35f17) x30 0xedd38780
core   0: 0x80003784 (0x80172b93) slti    s7, a4, -2047
core   0: 3 0x80003784 (0x80172b93) x23 0x00000001
core   0: 0x80003788 (0x67a78797) auipc   a5, 0x67a78
core   0: 3 0x80003788 (0x67a78797) x15 0xe7a7b788
core   0: 0x8000378c (0x8d03a413) slti    s0, t2, -1840
core   0: 3 0x8000378c (0x8d03a413) x 8 0x00000000
core   0: 0x80003790 (0x01d39013) slli    zero, t2, 29
core   0: 3 0x80003790 (0x01d39013)
core   0: 0x80003794 (0x02ad29b3) mulhsu  s3, s10, a0
core   0: 3 0x80003794 (0x02ad29b3) x19 0x00000000
core   0: 0x80003798 (0x036d1433) mulh    s0, s10, s6
core   0: 3 0x80003798 (0x036d1433) x 8 0x00000000
core   0: 0x8000379c (0x02c63533) mulhu   a0, a2, a2
core   0: 3 0x8000379c (0x02c63533) x10 0x00000000
core   0: 0x800037a0 (0x00debfb3) sltu    t6, t4, a3
core   0: 3 0x800037a0 (0x00debfb3) x31 0x00000000
core   0: 0x800037a4 (0x03543f33) mulhu   t5, s0, s5
core   0: 3 0x800037a4 (0x03543f33) x30 0x00000000
core   0: 0x800037a8 (0x02296733) rem     a4, s2, sp
core   0: 3 0x800037a8 (0x02296733) x14 0x00021400
core   0: 0x800037ac (0x01ca0ab3) add     s5, s4, t3
core   0: 3 0x800037ac (0x01ca0ab3) x21 0xbad8bc85
core   0: 0x800037b0 (0x55057b37) lui     s6, 0x55057
core   0: 3 0x800037b0 (0x55057b37) x22 0x55057000
core   0: 0x800037b4 (0x03936433) rem     s0, t1, s9
core   0: 3 0x800037b4 (0x03936433) x 8 0xffff0000
core   0: 0x800037b8 (0x006b5593) srli    a1, s6, 6
core   0: 3 0x800037b8 (0x006b5593) x11 0x015415c0
core   0: 0x800037bc (0x0187e0b3) or      ra, a5, s8
core   0: 3 0x800037bc (0x0187e0b3) x 1 0xe7a7b788
core   0: 0x800037c0 (0x03b8cdb3) div     s11, a7, s11
core   0: 3 0x800037c0 (0x03b8cdb3) x27 0x00000005
core   0: 0x800037c4 (0xc820c413) xori    s0, ra, -894
core   0: 3 0x800037c4 (0xc820c413) x 8 0x18584b0a
core   0: 0x800037c8 (0x92a13117) auipc   sp, 0x92a13
core   0: 3 0x800037c8 (0x92a13117) x 2 0x12a167c8
core   0: 0x800037cc (0x96ce2d13) slti    s10, t3, -1684
core   0: 3 0x800037cc (0x96ce2d13) x26 0x00000000
core   0: 0x800037d0 (0x409cdb33) sra     s6, s9, s1
core   0: 3 0x800037d0 (0x409cdb33) x22 0x00000000
core   0: 0x800037d4 (0x1c986f97) auipc   t6, 0x1c986
core   0: 3 0x800037d4 (0x1c986f97) x31 0x9c9897d4
core   0: 0x800037d8 (0x01041793) slli    a5, s0, 16
core   0: 3 0x800037d8 (0x01041793) x15 0x4b0a0000
core   0: 0x800037dc (0xacb60993) addi    s3, a2, -1333
core   0: 3 0x800037dc (0xacb60993) x19 0xfffffacb
core   0: 0x800037e0 (0x364a6b93) ori     s7, s4, 868
core   0: 3 0x800037e0 (0x364a6b93) x23 0xbad8bfe5
core   0: 0x800037e4 (0xe32b4217) auipc   tp, 0xe32b4
core   0: 3 0x800037e4 (0xe32b4217) x 4 0x632b77e4
core   0: 0x800037e8 (0x023a9ab3) mulh    s5, s5, gp
core   0: 3 0x800037e8 (0x023a9ab3) x21 0xffffffbb
core   0: 0x800037ec (0x01524433) xor     s0, tp, s5
core   0: 3 0x800037ec (0x01524433) x 8 0x9cd4885f
core   0: 0x800037f0 (0x0155d293) srli    t0, a1, 21
core   0: 3 0x800037f0 (0x0155d293) x 5 0x0000000a
core   0: 0x800037f4 (0x03102333) mulhsu  t1, zero, a7
core   0: 3 0x800037f4 (0x03102333) x 6 0x00000000
core   0: 0x800037f8 (0x00ea8db3) add     s11, s5, a4
core   0: 3 0x800037f8 (0x00ea8db3) x27 0x000213bb
core   0: 0x800037fc (0xe21eae93) slti    t4, t4, -479
core   0: 3 0x800037fc (0xe21eae93) x29 0x00000000
core   0: 0x80003800 (0xf812bd13) sltiu   s10, t0, -127
core   0: 3 0x80003800 (0xf812bd13) x26 0x00000001
core   0: 0x80003804 (0x007273b3) and     t2, tp, t2
core   0: 3 0x80003804 (0x007273b3) x 7 0x00000000
core   0: 0x80003808 (0x03c4b533) mulhu   a0, s1, t3
core   0: 3 0x80003808 (0x03c4b533) x10 0x00000000
core   0: 0x8000380c (0x014a6633) or      a2, s4, s4
core   0: 3 0x8000380c (0x014a6633) x12 0xbad8bc85
core   0: 0x80003810 (0x039173b3) remu    t2, sp, s9
core   0: 3 0x80003810 (0x039173b3) x 7 0x12a167c8
core   0: 0x80003814 (0x03cfe233) rem     tp, t6, t3
core   0: 3 0x80003814 (0x03cfe233) x 4 0x9c9897d4
core   0: 0x80003818 (0xc36c00b7) lui     ra, 0xc36c0
core   0: 3 0x80003818 (0xc36c00b7) x 1 0xc36c0000
core   0: 0x8000381c (0xcec29597) auipc   a1, 0xcec29
core   0: 3 0x8000381c (0xcec29597) x11 0x4ec2c81c
core   0: 0x80003820 (0x00bf0c33) add     s8, t5, a1
core   0: 3 0x80003820 (0x00bf0c33) x24 0x4ec2c81c
core   0: 0x80003824 (0xace18093) addi    ra, gp, -1330
core   0: 3 0x80003824 (0xace18093) x 1 0xfffffbcd
core   0: 0x80003828 (0x0047a0b3) slt     ra, a5, tp
core   0: 3 0x80003828 (0x0047a0b3) x 1 0x00000000
core   0: 0x8000382c (0x02419033) mulh    zero, gp, tp
core   0: 3 0x8000382c (0x02419033)
core   0: 0x80003830 (0x038ffab3) remu    s5, t6, s8
core   0: 3 0x80003830 (0x038ffab3) x21 0x4dd5cfb8
core   0: 0x80003834 (0x02be49b3) div     s3, t3, a1
core   0: 3 0x80003834 (0x02be49b3) x19 0x00000000
core   0: 0x80003838 (0xb83d0a93) addi    s5, s10, -1149
core   0: 3 0x80003838 (0xb83d0a93) x21 0xfffffb84
core   0: 0x8000383c (0x01739ab3) sll     s5, t2, s7
core   0: 3 0x8000383c (0x01739ab3) x21 0x542cf900
core   0: 0x80003840 (0x0136da93) srli    s5, a3, 19
core   0: 3 0x80003840 (0x0136da93) x21 0x00000000
core   0: 0x80003844 (0x008d85b3) add     a1, s11, s0
core   0: 3 0x80003844 (0x008d85b3) x11 0x9cd69c1a
core   0: 0x80003848 (0x00011eb3) sll     t4, sp, zero
core   0: 3 0x80003848 (0x00011eb3) x29 0x12a167c8
core   0: 0x8000384c (0x00000013) nop
core   0: 3 0x8000384c (0x00000013)
core   0: 0x80003850 (0x01db9bb3) sll     s7, s7, t4
core   0: 3 0x80003850 (0x01db9bb3) x23 0xd8bfe500
core   0: 0x80003854 (0x63c16913) ori     s2, sp, 1596
core   0: 3 0x80003854 (0x63c16913) x18 0x12a167fc
core   0: 0x80003858 (0x25553e93) sltiu   t4, a0, 597
core   0: 3 0x80003858 (0x25553e93) x29 0x00000001
core   0: 0x8000385c (0x0081db33) srl     s6, gp, s0
core   0: 3 0x8000385c (0x0081db33) x22 0x00000000
core   0: 0x80003860 (0x00bdb033) sltu    zero, s11, a1
core   0: 3 0x80003860 (0x00bdb033)
core   0: 0x80003864 (0x25478cb7) lui     s9, 0x25478
core   0: 3 0x80003864 (0x25478cb7) x25 0x25478000
core   0: 0x80003868 (0x002f5bb3) srl     s7, t5, sp
core   0: 3 0x80003868 (0x002f5bb3) x23 0x00000000
core   0: 0x8000386c (0x0098a233) slt     tp, a7, s1
core   0: 3 0x8000386c (0x0098a233) x 4 0x00000000
core   0: 0x80003870 (0x00000013) nop
core   0: 3 0x80003870 (0x00000013)
core   0: 0x80003874 (0x00e5e3b3) or      t2, a1, a4
core   0: 3 0x80003874 (0x00e5e3b3) x 7 0x9cd69c1a
core   0: 0x80003878 (0x03355b33) divu    s6, a0, s3
core   0: 3 0x80003878 (0x03355b33) x22 0xffffffff
core   0: 0x8000387c (0xa7a77313) andi    t1, a4, -1414
core   0: 3 0x8000387c (0xa7a77313) x 6 0x00021000
core   0: 0x80003880 (0x000370b3) and     ra, t1, zero
core   0: 3 0x80003880 (0x000370b3) x 1 0x00000000
core   0: 0x80003884 (0x0184d013) srli    zero, s1, 24
core   0: 3 0x80003884 (0x0184d013)
core   0: 0x80003888 (0x03727e33) remu    t3, tp, s7
core   0: 3 0x80003888 (0x03727e33) x28 0x00000000
core   0: 0x8000388c (0x01f5a433) slt     s0, a1, t6
core   0: 3 0x8000388c (0x01f5a433) x 8 0x00000000
core   0: 0x80003890 (0x1c1d4f93) xori    t6, s10, 449
core   0: 3 0x80003890 (0x1c1d4f93) x31 0x000001c0
core   0: 0x80003894 (0x4108de13) srai    t3, a7, 16
core   0: 3 0x80003894 (0x4108de13) x28 0x00007ffe
core   0: 0x80003898 (0x01669193) slli    gp, a3, 22
core   0: 3 0x80003898 (0x01669193) x 3 0x00000000
core   0: 0x8000389c (0x01ee83b3) add     t2, t4, t5
core   0: 3 0x8000389c (0x01ee83b3) x 7 0x00000001
core   0: 0x800038a0 (0x01c111b3) sll     gp, sp, t3
core   0: 3 0x800038a0 (0x01c111b3) x 3 0x00000000
core   0: 0x800038a4 (0x6b7efa93) andi    s5, t4, 1719
core   0: 3 0x800038a4 (0x6b7efa93) x21 0x00000001
core   0: 0x800038a8 (0x02ec2cb3) mulhsu  s9, s8, a4
core   0: 3 0x800038a8 (0x02ec2cb3) x25 0x0000a3ac
core   0: 0x800038ac (0x02f92db3) mulhsu  s11, s2, a5
core   0: 3 0x800038ac (0x02f92db3) x27 0x057603c4
core   0: 0x800038b0 (0x30626193) ori     gp, tp, 774
core   0: 3 0x800038b0 (0x30626193) x 3 0x00000306
core   0: 0x800038b4 (0x020e8033) mul     zero, t4, zero
core   0: 3 0x800038b4 (0x020e8033)
core   0: 0x800038b8 (0x40680d33) sub     s10, a6, t1
core   0: 3 0x800038b8 (0x40680d33) x26 0x7fff7ce4
core   0: 0x800038bc (0x0b370193) addi    gp, a4, 179
core   0: 3 0x800038bc (0x0b370193) x 3 0x000214b3
core   0: 0x800038c0 (0x582b4913) xori    s2, s6, 1410
core   0: 3 0x800038c0 (0x582b4913) x18 0xfffffa7d
core   0: 0x800038c4 (0x0214dcb3) divu    s9, s1, ra
core   0: 3 0x800038c4 (0x0214dcb3) x25 0xffffffff
core   0: 0x800038c8 (0x0084d233) srl     tp, s1, s0
core   0: 3 0x800038c8 (0x0084d233) x 4 0x80014e64
core   0: 0x800038cc (0xd7548393) addi    t2, s1, -651
core   0: 3 0x800038cc (0xd7548393) x 7 0x80014bd9
core   0: 0x800038d0 (0x0049dc33) srl     s8, s3, tp
core   0: 3 0x800038d0 (0x0049dc33) x24 0x00000000
core   0: 0x800038d4 (0x01651113) slli    sp, a0, 22
core   0: 3 0x800038d4 (0x01651113) x 2 0x00000000
core   0: 0x800038d8 (0x40ad8233) sub     tp, s11, a0
core   0: 3 0x800038d8 (0x40ad8233) x 4 0x057603c4
core   0: 0x800038dc (0x00067033) and     zero, a2, zero
core   0: 3 0x800038dc (0x00067033)
core   0: 0x800038e0 (0x01716ab3) or      s5, sp, s7
core   0: 3 0x800038e0 (0x01716ab3) x21 0x00000000
core   0: 0x800038e4 (0x0387ddb3) divu    s11, a5, s8
core   0: 3 0x800038e4 (0x0387ddb3) x27 0xffffffff
core   0: 0x800038e8 (0x03087b33) remu    s6, a6, a6
core   0: 3 0x800038e8 (0x03087b33) x22 0x00000000
core   0: 0x800038ec (0x00787f33) and     t5, a6, t2
core   0: 3 0x800038ec (0x00787f33) x30 0x800108c0
core   0: 0x800038f0 (0x01a90033) add     zero, s2, s10
core   0: 3 0x800038f0 (0x01a90033)
core   0: 0x800038f4 (0x0138beb3) sltu    t4, a7, s3
core   0: 3 0x800038f4 (0x0138beb3) x29 0x00000000
core   0: 0x800038f8 (0x0170d133) srl     sp, ra, s7
core   0: 3 0x800038f8 (0x0170d133) x 2 0x00000000
core   0: 0x800038fc (0x027783b3) mul     t2, a5, t2
core   0: 3 0x800038fc (0x027783b3) x 7 0x897a0000
core   0: 0x80003900 (0x51786713) ori     a4, a6, 1303
core   0: 3 0x80003900 (0x51786713) x14 0x80018df7
core   0: 0x80003904 (0x034f30b3) mulhu   ra, t5, s4
core   0: 3 0x80003904 (0x034f30b3) x 1 0x5d6d1f7e
core   0: 0x80003908 (0x66ed4a93) xori    s5, s10, 1646
core   0: 3 0x80003908 (0x66ed4a93) x21 0x7fff7a8a
core   0: 0x8000390c (0x008b9713) slli    a4, s7, 8
core   0: 3 0x8000390c (0x008b9713) x14 0x00000000
core   0: 0x80003910 (0x91228513) addi    a0, t0, -1774
core   0: 3 0x80003910 (0x91228513) x10 0xfffff91c
core   0: 0x80003914 (0xefa31437) lui     s0, 0xefa31
core   0: 3 0x80003914 (0xefa31437) x 8 0xefa31000
core   0: 0x80003918 (0x0322bd33) mulhu   s10, t0, s2
core   0: 3 0x80003918 (0x0322bd33) x26 0x00000009
core   0: 0x8000391c (0x02e4fb33) remu    s6, s1, a4
core   0: 3 0x8000391c (0x02e4fb33) x22 0x80014e64
core   0: 0x80003920 (0x41f5db33) sra     s6, a1, t6
core   0: 3 0x80003920 (0x41f5db33) x22 0x9cd69c1a
core   0: 0x80003924 (0xc3a1ce13) xori    t3, gp, -966
core   0: 3 0x80003924 (0xc3a1ce13) x28 0xfffde889
core   0: 0x80003928 (0x02de08b3) mul     a7, t3, a3
core   0: 3 0x80003928 (0x02de08b3) x17 0x00000000
core   0: 0x8000392c (0x02005e33) divu    t3, zero, zero
core   0: 3 0x8000392c (0x02005e33) x28 0xffffffff
core   0: 0x80003930 (0x03d9deb3) divu    t4, s3, t4
core   0: 3 0x80003930 (0x03d9deb3) x29 0xffffffff
core   0: 0x80003934 (0x409206b3) sub     a3, tp, s1
core   0: 3 0x80003934 (0x409206b3) x13 0x8574b560
core   0: 0x80003938 (0x037e5b33) divu    s6, t3, s7
core   0: 3 0x80003938 (0x037e5b33) x22 0xffffffff
core   0: 0x8000393c (0x87418017) auipc   zero, 0x87418
core   0: 3 0x8000393c (0x87418017)
core   0: 0x80003940 (0x406d58b3) sra     a7, s10, t1
core   0: 3 0x80003940 (0x406d58b3) x17 0x00000009
core   0: 0x80003944 (0x00df5133) srl     sp, t5, a3
core   0: 3 0x80003944 (0x00df5133) x 2 0x800108c0
core   0: 0x80003948 (0x03adabb3) mulhsu  s7, s11, s10
core   0: 3 0x80003948 (0x03adabb3) x23 0xffffffff
core   0: 0x8000394c (0x00100ab3) add     s5, zero, ra
core   0: 3 0x8000394c (0x00100ab3) x21 0x5d6d1f7e
core   0: 0x80003950 (0x01fbde33) srl     t3, s7, t6
core   0: 3 0x80003950 (0x01fbde33) x28 0xffffffff
core   0: 0x80003954 (0x7e0b9237) lui     tp, 0x7e0b9
core   0: 3 0x80003954 (0x7e0b9237) x 4 0x7e0b9000
core   0: 0x80003958 (0xf9c46693) ori     a3, s0, -100
core   0: 3 0x80003958 (0xf9c46693) x13 0xffffff9c
core   0: 0x8000395c (0x033902b3) mul     t0, s2, s3
core   0: 3 0x8000395c (0x033902b3) x 5 0x00000000
core   0: 0x80003960 (0x03ca82b3) mul     t0, s5, t3
core   0: 3 0x80003960 (0x03ca82b3) x 5 0xa292e082
core   0: 0x80003964 (0x002c1d93) slli    s11, s8, 2
core   0: 3 0x80003964 (0x002c1d93) x27 0x00000000
core   0: 0x80003968 (0x0304be33) mulhu   t3, s1, a6
core   0: 3 0x80003968 (0x0304be33) x28 0x40016da6
core   0: 0x8000396c (0x8cc0a593) slti    a1, ra, -1844
core   0: 3 0x8000396c (0x8cc0a593) x11 0x00000000
core   0: 0x80003970 (0xb5ff2d13) slti    s10, t5, -1185
core   0: 3 0x80003970 (0xb5ff2d13) x26 0x00000001
core   0: 0x80003974 (0x00295193) srli    gp, s2, 2
core   0: 3 0x80003974 (0x00295193) x 3 0x3ffffe9f
core   0: 0x80003978 (0x342d0713) addi    a4, s10, 834
core   0: 3 0x80003978 (0x342d0713) x14 0x00000343
core   0: 0x8000397c (0x005bd1b3) srl     gp, s7, t0
core   0: 3 0x8000397c (0x005bd1b3) x 3 0x3fffffff
core   0: 0x80003980 (0x5993fd13) andi    s10, t2, 1433
core   0: 3 0x80003980 (0x5993fd13) x26 0x00000000
core   0: 0x80003984 (0x01075f13) srli    t5, a4, 16
core   0: 3 0x80003984 (0x01075f13) x30 0x00000000
core   0: 0x80003988 (0x00000013) nop
core   0: 3 0x80003988 (0x00000013)
core   0: 0x8000398c (0x9fc702b7) lui     t0, 0x9fc70
core   0: 3 0x8000398c (0x9fc702b7) x 5 0x9fc70000
core   0: 0x80003990 (0x02511f33) mulh    t5, sp, t0
core   0: 3 0x80003990 (0x02511f33) x30 0x301c1c7d
core   0: 0x80003994 (0x757e7937) lui     s2, 0x757e7
core   0: 3 0x80003994 (0x757e7937) x18 0x757e7000
core   0: 0x80003998 (0x02011133) mulh    sp, sp, zero
core   0: 3 0x80003998 (0x02011133) x 2 0x00000000
core   0: 0x8000399c (0x00effe33) and     t3, t6, a4
core   0: 3 0x8000399c (0x00effe33) x28 0x00000140
core   0: 0x800039a0 (0x02281f33) mulh    t5, a6, sp
core   0: 3 0x800039a0 (0x02281f33) x30 0x00000000
core   0: 0x800039a4 (0x01ec9933) sll     s2, s9, t5
core   0: 3 0x800039a4 (0x01ec9933) x18 0xffffffff
core   0: 0x800039a8 (0x00ef8733) add     a4, t6, a4
core   0: 3 0x800039a8 (0x00ef8733) x14 0x00000503
core   0: 0x800039ac (0x00a47fb3) and     t6, s0, a0
core   0: 3 0x800039ac (0x00a47fb3) x31 0xefa31000
core   0: 0x800039b0 (0x005948b3) xor     a7, s2, t0
core   0: 3 0x800039b0 (0x005948b3) x17 0x6038ffff
core   0: 0x800039b4 (0x323b3093) sltiu   ra, s6, 803
core   0: 3 0x800039b4 (0x323b3093) x 1 0x00000000
core   0: 0x800039b8 (0x02f279b3) remu    s3, tp, a5
core   0: 3 0x800039b8 (0x02f279b3) x19 0x33019000
core   0: 0x800039bc (0x4072de93) srai    t4, t0, 7
core   0: 3 0x800039bc (0x4072de93) x29 0xff3f8e00
core   0: 0x800039c0 (0x004cc933) xor     s2, s9, tp
core   0: 3 0x800039c0 (0x004cc933) x18 0x81f46fff
core   0: 0x800039c4 (0x0351b433) mulhu   s0, gp, s5
core   0: 3 0x800039c4 (0x0351b433) x 8 0x175b47df
core   0: 0x800039c8 (0x0195bf33) sltu    t5, a1, s9
core   0: 3 0x800039c8 (0x0195bf33) x30 0x00000001
core   0: 0x800039cc (0x033f57b3) divu    a5, t5, s3
core   0: 3 0x800039cc (0x033f57b3) x15 0x00000000
core   0: 0x800039d0 (0x002ae633) or      a2, s5, sp
core   0: 3 0x800039d0 (0x002ae633) x12 0x5d6d1f7e
core   0: 0x800039d4 (0x00000013) nop
core   0: 3 0x800039d4 (0x00000013)
core   0: 0x800039d8 (0x03fb1eb3) mulh    t4, s6, t6
core   0: 3 0x800039d8 (0x03fb1eb3) x29 0x00000000
core   0: 0x800039dc (0x0202db33) divu    s6, t0, zero
core   0: 3 0x800039dc (0x0202db33) x22 0xffffffff
core   0: 0x800039e0 (0x01479193) slli    gp, a5, 20
core   0: 3 0x800039e0 (0x01479193) x 3 0x00000000
core   0: 0x800039e4 (0x03d64cb3) div     s9, a2, t4
core   0: 3 0x800039e4 (0x03d64cb3) x25 0xffffffff
core   0: 0x800039e8 (0x1a24ec93) ori     s9, s1, 418
core   0: 3 0x800039e8 (0x1a24ec93) x25 0x80014fe6
core   0: 0x800039ec (0x400c00b3) sub     ra, s8, zero
core   0: 3 0x800039ec (0x400c00b3) x 1 0x00000000
core   0: 0x800039f0 (0x02ed56b3) divu    a3, s10, a4
core   0: 3 0x800039f0 (0x02ed56b3) x13 0x00000000
core   0: 0x800039f4 (0xb6984713) xori    a4, a6, -1175
core   0: 3 0x800039f4 (0xb6984713) x14 0x7ffe778d
core   0: 0x800039f8 (0xc689ed93) ori     s11, s3, -920
core   0: 3 0x800039f8 (0xc689ed93) x27 0xfffffc68
core   0: 0x800039fc (0x02c802b3) mul     t0, a6, a2
core   0: 3 0x800039fc (0x02c802b3) x 5 0x01e6f438
core   0: 0x80003a00 (0xb3d5f913) andi    s2, a1, -1219
core   0: 3 0x80003a00 (0xb3d5f913) x18 0x00000000
core   0: 0x80003a04 (0x8c5fce17) auipc   t3, 0x8c5fc
core   0: 3 0x80003a04 (0x8c5fce17) x28 0x0c5ffa04
core   0: 0x80003a08 (0x9f238597) auipc   a1, 0x9f238
core   0: 3 0x80003a08 (0x9f238597) x11 0x1f23ba08
core   0: 0x80003a0c (0x0017df33) srl     t5, a5, ra
core   0: 3 0x80003a0c (0x0017df33) x30 0x00000000
core   0: 0x80003a10 (0x402cd193) srai    gp, s9, 2
core   0: 3 0x80003a10 (0x402cd193) x 3 0xe00053f9
core   0: 0x80003a14 (0x027a2c33) mulhsu  s8, s4, t2
core   0: 3 0x80003a14 (0x027a2c33) x24 0xdadd082d
core   0: 0x80003a18 (0x03019033) mulh    zero, gp, a6
core   0: 3 0x80003a18 (0x03019033)
core   0: 0x80003a1c (0xfbf18093) addi    ra, gp, -65
core   0: 3 0x80003a1c (0xfbf18093) x 1 0xe00053b8
core   0: 0x80003a20 (0x00d7dc13) srli    s8, a5, 13
core   0: 3 0x80003a20 (0x00d7dc13) x24 0x00000000
core   0: 0x80003a24 (0x03522eb3) mulhsu  t4, tp, s5
core   0: 3 0x80003a24 (0x03522eb3) x29 0x2dffedbd
core   0: 0x80003a28 (0x5d023893) sltiu   a7, tp, 1488
core   0: 3 0x80003a28 (0x5d023893) x17 0x00000000
core   0: 0x80003a2c (0xdf979397) auipc   t2, 0xdf979
core   0: 3 0x80003a2c (0xdf979397) x 7 0x5f97ca2c
core   0: 0x80003a30 (0xd6078793) addi    a5, a5, -672
core   0: 3 0x80003a30 (0xd6078793) x15 0xfffffd60
core   0: 0x80003a34 (0x40c40ab3) sub     s5, s0, a2
core   0: 3 0x80003a34 (0x40c40ab3) x21 0xb9ee2861
core   0: 0x80003a38 (0x004effb3) and     t6, t4, tp
core   0: 3 0x80003a38 (0x004effb3) x31 0x2c0b8000
core   0: 0x80003a3c (0x41e65193) srai    gp, a2, 30
core   0: 3 0x80003a3c (0x41e65193) x 3 0x00000001
core   0: 0x80003a40 (0x023f88b3) mul     a7, t6, gp
core   0: 3 0x80003a40 (0x023f88b3) x17 0x2c0b8000
core   0: 0x80003a44 (0x0000f933) and     s2, ra, zero
core   0: 3 0x80003a44 (0x0000f933) x18 0x00000000
core   0: 0x80003a48 (0x412908b3) sub     a7, s2, s2
core   0: 3 0x80003a48 (0x412908b3) x17 0x00000000
core   0: 0x80003a4c (0x03c1f933) remu    s2, gp, t3
core   0: 3 0x80003a4c (0x03c1f933) x18 0x00000001
core   0: 0x80003a50 (0xb0624693) xori    a3, tp, -1274
core   0: 3 0x80003a50 (0xb0624693) x13 0x81f46b06
core   0: 0x80003a54 (0x03cad5b3) divu    a1, s5, t3
core   0: 3 0x80003a54 (0x03cad5b3) x11 0x0000000f
core   0: 0x80003a58 (0x006733b3) sltu    t2, a4, t1
core   0: 3 0x80003a58 (0x006733b3) x 7 0x00000000
core   0: 0x80003a5c (0xc2276613) ori     a2, a4, -990
core   0: 3 0x80003a5c (0xc2276613) x12 0xffffffaf
core   0: 0x80003a60 (0x00133033) sltu    zero, t1, ra
core   0: 3 0x80003a60 (0x00133033)
core   0: 0x80003a64 (0x400586b3) sub     a3, a1, zero
core   0: 3 0x80003a64 (0x400586b3) x13 0x0000000f
core   0: 0x80003a68 (0x00220d33) add     s10, tp, sp
core   0: 3 0x80003a68 (0x00220d33) x26 0x7e0b9000
core   0: 0x80003a6c (0x032e1033) mulh    zero, t3, s2
core   0: 3 0x80003a6c (0x032e1033)
core   0: 0x80003a70 (0x5e3bd517) auipc   a0, 0x5e3bd
core   0: 3 0x80003a70 (0x5e3bd517) x10 0xde3c0a70
core   0: 0x80003a74 (0x0067db13) srli    s6, a5, 6
core   0: 3 0x80003a74 (0x0067db13) x22 0x03fffff5
core   0: 0x80003a78 (0x671ec093) xori    ra, t4, 1649
core   0: 3 0x80003a78 (0x671ec093) x 1 0x2dffebcc
core   0: 0x80003a7c (0x6b0a7113) andi    sp, s4, 1712
core   0: 3 0x80003a7c (0x6b0a7113) x 2 0x00000480
core   0: 0x80003a80 (0x221c2997) auipc   s3, 0x221c2
core   0: 3 0x80003a80 (0x221c2997) x19 0xa21c5a80
core   0: 0x80003a84 (0x0303b933) mulhu   s2, t2, a6
core   0: 3 0x80003a84 (0x0303b933) x18 0x00000000
core   0: 0x80003a88 (0x03013fb3) mulhu   t6, sp, a6
core   0: 3 0x80003a88 (0x03013fb3) x31 0x00000240
core   0: 0x80003a8c (0x001466b3) or      a3, s0, ra
core   0: 3 0x80003a8c (0x001466b3) x13 0x3fffefdf
core   0: 0x80003a90 (0x670bb213) sltiu   tp, s7, 1648
core   0: 3 0x80003a90 (0x670bb213) x 4 0x00000000
core   0: 0x80003a94 (0x024781b3) mul     gp, a5, tp
core   0: 3 0x80003a94 (0x024781b3) x 3 0x00000000
core   0: 0x80003a98 (0x41485fb3) sra     t6, a6, s4
core   0: 3 0x80003a98 (0x41485fb3) x31 0xfc000c67
core   0: 0x80003a9c (0x00b879b3) and     s3, a6, a1
core   0: 3 0x80003a9c (0x00b879b3) x19 0x00000004
core   0: 0x80003aa0 (0x418b5513) srai    a0, s6, 24
core   0: 3 0x80003aa0 (0x418b5513) x10 0x00000003
core   0: 0x80003aa4 (0x00000013) nop
core   0: 3 0x80003aa4 (0x00000013)
core   0: 0x80003aa8 (0xd1363437) lui     s0, 0xd1363
core   0: 3 0x80003aa8 (0xd1363437) x 8 0xd1363000
core   0: 0x80003aac (0x001c6133) or      sp, s8, ra
core   0: 3 0x80003aac (0x001c6133) x 2 0x2dffebcc
core   0: 0x80003ab0 (0x01988033) add     zero, a7, s9
core   0: 3 0x80003ab0 (0x01988033)
core   0: 0x80003ab4 (0x407a80b3) sub     ra, s5, t2
core   0: 3 0x80003ab4 (0x407a80b3) x 1 0xb9ee2861
core   0: 0x80003ab8 (0x3e0a2c93) slti    s9, s4, 992
core   0: 3 0x80003ab8 (0x3e0a2c93) x25 0x00000001
core   0: 0x80003abc (0x0d316e13) ori     t3, sp, 211
core   0: 3 0x80003abc (0x0d316e13) x28 0x2dffebdf
core   0: 0x80003ac0 (0x038aee33) rem     t3, s5, s8
core   0: 3 0x80003ac0 (0x038aee33) x28 0xb9ee2861
core   0: 0x80003ac4 (0x01c605b3) add     a1, a2, t3
core   0: 3 0x80003ac4 (0x01c605b3) x11 0xb9ee2810
core   0: 0x80003ac8 (0x00a370b3) and     ra, t1, a0
core   0: 3 0x80003ac8 (0x00a370b3) x 1 0x00000000
core   0: 0x80003acc (0x02223c33) mulhu   s8, tp, sp
core   0: 3 0x80003acc (0x02223c33) x24 0x00000000
core   0: 0x80003ad0 (0xcdda6cb7) lui     s9, 0xcdda6
core   0: 3 0x80003ad0 (0xcdda6cb7) x25 0xcdda6000
core   0: 0x80003ad4 (0x0177db13) srli    s6, a5, 23
core   0: 3 0x80003ad4 (0x0177db13) x22 0x000001ff
core   0: 0x80003ad8 (0x63484a93) xori    s5, a6, 1588
core   0: 3 0x80003ad8 (0x63484a93) x21 0x80018ad0
core   0: 0x80003adc (0x00e97333) and     t1, s2, a4
core   0: 3 0x80003adc (0x00e97333) x 6 0x00000000
core   0: 0x80003ae0 (0x018248b3) xor     a7, tp, s8
core   0: 3 0x80003ae0 (0x018248b3) x17 0x00000000
core   0: 0x80003ae4 (0x41ac5793) srai    a5, s8, 26
core   0: 3 0x80003ae4 (0x41ac5793) x15 0x00000000
core   0: 0x80003ae8 (0x65fb4f93) xori    t6, s6, 1631
core   0: 3 0x80003ae8 (0x65fb4f93) x31 0x000007a0
core   0: 0x80003aec (0x403d82b3) sub     t0, s11, gp
core   0: 3 0x80003aec (0x403d82b3) x 5 0xfffffc68
core   0: 0x80003af0 (0x01cb9033) sll     zero, s7, t3
core   0: 3 0x80003af0 (0x01cb9033)
core   0: 0x80003af4 (0xf2023213) sltiu   tp, tp, -224
core   0: 3 0x80003af4 (0xf2023213) x 4 0x00000001
core   0: 0x80003af8 (0x264a2093) slti    ra, s4, 612
core   0: 3 0x80003af8 (0x264a2093) x 1 0x00000001
core   0: 0x80003afc (0x00d69693) slli    a3, a3, 13
core   0: 3 0x80003afc (0x00d69693) x13 0xfdfbe000
core   0: 0x80003b00 (0xaa546897) auipc   a7, 0xaa546
core   0: 3 0x80003b00 (0xaa546897) x17 0x2a549b00
core   0: 0x80003b04 (0x0121d113) srli    sp, gp, 18
core   0: 3 0x80003b04 (0x0121d113) x 2 0x00000000
core   0: 0x80003b08 (0x01bf1c33) sll     s8, t5, s11
core   0: 3 0x80003b08 (0x01bf1c33) x24 0x00000000
core   0: 0x80003b0c (0xc0b6ce13) xori    t3, a3, -1013
core   0: 3 0x80003b0c (0xc0b6ce13) x28 0x02041c0b
core   0: 0x80003b10 (0x0386bf33) mulhu   t5, a3, s8
core   0: 3 0x80003b10 (0x0386bf33) x30 0x00000000
core   0: 0x80003b14 (0x024a1f33) mulh    t5, s4, tp
core   0: 3 0x80003b14 (0x024a1f33) x30 0xffffffff
core   0: 0x80003b18 (0x587c8193) addi    gp, s9, 1415
core   0: 3 0x80003b18 (0x587c8193) x 3 0xcdda6587
core   0: 0x80003b1c (0x40d8d133) sra     sp, a7, a3
core   0: 3 0x80003b1c (0x40d8d133) x 2 0x2a549b00
core   0: 0x80003b20 (0x7764b393) sltiu   t2, s1, 1910
core   0: 3 0x80003b20 (0x7764b393) x 7 0x00000000
core   0: 0x80003b24 (0x00bfe9b3) or      s3, t6, a1
core   0: 3 0x80003b24 (0x00bfe9b3) x19 0xb9ee2fb0
core   0: 0x80003b28 (0x00000013) nop
core   0: 3 0x80003b28 (0x00000013)
core   0: 0x80003b2c (0x01dd87b3) add     a5, s11, t4
core   0: 3 0x80003b2c (0x01dd87b3) x15 0x2dffea25
core   0: 0x80003b30 (0x024a2db3) mulhsu  s11, s4, tp
core   0: 3 0x80003b30 (0x024a2db3) x27 0xffffffff
core   0: 0x80003b34 (0x01d2d933) srl     s2, t0, t4
core   0: 3 0x80003b34 (0x01d2d933) x18 0x00000007
core   0: 0x80003b38 (0xfc5c2513) slti    a0, s8, -59
core   0: 3 0x80003b38 (0xfc5c2513) x10 0x00000000
core   0: 0x80003b3c (0x03cdc9b3) div     s3, s11, t3
core   0: 3 0x80003b3c (0x03cdc9b3) x19 0x00000000
core   0: 0x80003b40 (0x03e12b33) mulhsu  s6, sp, t5
core   0: 3 0x80003b40 (0x03e12b33) x22 0x2a549aff
core   0: 0x80003b44 (0x038aff33) remu    t5, s5, s8
core   0: 3 0x80003b44 (0x038aff33) x30 0x80018ad0
core   0: 0x80003b48 (0x03ec6bb3) rem     s7, s8, t5
core   0: 3 0x80003b48 (0x03ec6bb3) x23 0x00000000
core   0: 0x80003b4c (0x039f4233) div     tp, t5, s9
core   0: 3 0x80003b4c (0x039f4233) x 4 0x00000002
core   0: 0x80003b50 (0x030666b3) rem     a3, a2, a6
core   0: 3 0x80003b50 (0x030666b3) x13 0xffffffaf
core   0: 0x80003b54 (0x0165bf33) sltu    t5, a1, s6
core   0: 3 0x80003b54 (0x0165bf33) x30 0x00000000
core   0: 0x80003b58 (0x0174ad33) slt     s10, s1, s7
core   0: 3 0x80003b58 (0x0174ad33) x26 0x00000001
core   0: 0x80003b5c (0x1f43ef13) ori     t5, t2, 500
core   0: 3 0x80003b5c (0x1f43ef13) x30 0x000001f4
core   0: 0x80003b60 (0x0101d913) srli    s2, gp, 16
core   0: 3 0x80003b60 (0x0101d913) x18 0x0000cdda
core   0: 0x80003b64 (0x0283b533) mulhu   a0, t2, s0
core   0: 3 0x80003b64 (0x0283b533) x10 0x00000000
core   0: 0x80003b68 (0x00000013) nop
core   0: 3 0x80003b68 (0x00000013)
core   0: 0x80003b6c (0x01b1d2b3) srl     t0, gp, s11
core   0: 3 0x80003b6c (0x01b1d2b3) x 5 0x00000001
core   0: 0x80003b70 (0x1f6d4093) xori    ra, s10, 502
core   0: 3 0x80003b70 (0x1f6d4093) x 1 0x000001f7
core   0: 0x80003b74 (0x0269d633) divu    a2, s3, t1
core   0: 3 0x80003b74 (0x0269d633) x12 0xffffffff
core   0: 0x80003b78 (0x02d83633) mulhu   a2, a6, a3
core   0: 3 0x80003b78 (0x02d83633) x12 0x80018cbb
core   0: 0x80003b7c (0x00289eb3) sll     t4, a7, sp
core   0: 3 0x80003b7c (0x00289eb3) x29 0x2a549b00
core   0: 0x80003b80 (0x0202a5b3) mulhsu  a1, t0, zero
core   0: 3 0x80003b80 (0x0202a5b3) x11 0x00000000
core   0: 0x80003b84 (0x01dbf3b3) and     t2, s7, t4
core   0: 3 0x80003b84 (0x01dbf3b3) x 7 0x00000000
core   0: 0x80003b88 (0x016beb33) or      s6, s7, s6
core   0: 3 0x80003b88 (0x016beb33) x22 0x2a549aff
core   0: 0x80003b8c (0x0383d133) divu    sp, t2, s8
core   0: 3 0x80003b8c (0x0383d133) x 2 0xffffffff
core   0: 0x80003b90 (0x00000013) nop
core   0: 3 0x80003b90 (0x00000013)
core   0: 0x80003b94 (0x40cc5313) srai    t1, s8, 12
core   0: 3 0x80003b94 (0x40cc5313) x 6 0x00000000
core   0: 0x80003b98 (0x02b107b3) mul     a5, sp, a1
core   0: 3 0x80003b98 (0x02b107b3) x15 0x00000000
core   0: 0x80003b9c (0x03a4e6b3) rem     a3, s1, s10
core   0: 3 0x80003b9c (0x03a4e6b3) x13 0x00000000
core   0: 0x80003ba0 (0x0025fcb3) and     s9, a1, sp
core   0: 3 0x80003ba0 (0x0025fcb3) x25 0x00000000
core   0: 0x80003ba4 (0x00fc5193) srli    gp, s8, 15
core   0: 3 0x80003ba4 (0x00fc5193) x 3 0x00000000
core   0: 0x80003ba8 (0xfff03893) sltiu   a7, zero, -1
core   0: 3 0x80003ba8 (0xfff03893) x17 0x00000001
core   0: 0x80003bac (0x02525233) divu    tp, tp, t0
core   0: 3 0x80003bac (0x02525233) x 4 0x00000002
core   0: 0x80003bb0 (0x01be4633) xor     a2, t3, s11
core   0: 3 0x80003bb0 (0x01be4633) x12 0xfdfbe3f4
core   0: 0x80003bb4 (0x02acdd33) divu    s10, s9, a0
core   0: 3 0x80003bb4 (0x02acdd33) x26 0xffffffff
core   0: 0x80003bb8 (0x035ce3b3) rem     t2, s9, s5
core   0: 3 0x80003bb8 (0x035ce3b3) x 7 0x00000000
core   0: 0x80003bbc (0x00000013) nop
core   0: 3 0x80003bbc (0x00000013)
core   0: 0x80003bc0 (0x28886593) ori     a1, a6, 648
core   0: 3 0x80003bc0 (0x28886593) x11 0x80018eec
core   0: 0x80003bc4 (0x03f4d3b3) divu    t2, s1, t6
core   0: 3 0x80003bc4 (0x03f4d3b3) x 7 0x0010c99d
core   0: 0x80003bc8 (0x02eb1cb3) mulh    s9, s6, a4
core   0: 3 0x80003bc8 (0x02eb1cb3) x25 0x152a0c9a
core   0: 0x80003bcc (0x02876f33) rem     t5, a4, s0
core   0: 3 0x80003bcc (0x02876f33) x30 0x226ad78d
core   0: 0x80003bd0 (0x40295d13) srai    s10, s2, 2
core   0: 3 0x80003bd0 (0x40295d13) x26 0x00003376
core   0: 0x80003bd4 (0x02da71b3) remu    gp, s4, a3
core   0: 3 0x80003bd4 (0x02da71b3) x 3 0xbad8bc85
core   0: 0x80003bd8 (0x0051dab3) srl     s5, gp, t0
core   0: 3 0x80003bd8 (0x0051dab3) x21 0x5d6c5e42
core   0: 0x80003bdc (0xc0374193) xori    gp, a4, -1021
core   0: 3 0x80003bdc (0xc0374193) x 3 0x80018b8e
core   0: 0x80003be0 (0x024c0fb3) mul     t6, s8, tp
core   0: 3 0x80003be0 (0x024c0fb3) x31 0x00000000
core   0: 0x80003be4 (0xf6212113) slti    sp, sp, -158
core   0: 3 0x80003be4 (0xf6212113) x 2 0x00000000
core   0: 0x80003be8 (0xc4339117) auipc   sp, 0xc4339
core   0: 3 0x80003be8 (0xc4339117) x 2 0x4433cbe8
core   0: 0x80003bec (0x01394b33) xor     s6, s2, s3
core   0: 3 0x80003bec (0x01394b33) x22 0x0000cdda
core   0: 0x80003bf0 (0xe4c7a093) slti    ra, a5, -436
core   0: 3 0x80003bf0 (0xe4c7a093) x 1 0x00000000
core   0: 0x80003bf4 (0xf512ac93) slti    s9, t0, -175
core   0: 3 0x80003bf4 (0xf512ac93) x25 0x00000000
core   0: 0x80003bf8 (0x417b52b7) lui     t0, 0x417b5
core   0: 3 0x80003bf8 (0x417b52b7) x 5 0x417b5000
core   0: 0x80003bfc (0x0153d633) srl     a2, t2, s5
core   0: 3 0x80003bfc (0x0153d633) x12 0x00043267
core   0: 0x80003c00 (0x40eb5bb3) sra     s7, s6, a4
core   0: 3 0x80003c00 (0x40eb5bb3) x23 0x00000006
core   0: 0x80003c04 (0x27277e93) andi    t4, a4, 626
core   0: 3 0x80003c04 (0x27277e93) x29 0x00000200
core   0: 0x80003c08 (0x01d61b93) slli    s7, a2, 29
core   0: 3 0x80003c08 (0x01d61b93) x23 0xe0000000
core   0: 0x80003c0c (0x01f8fb33) and     s6, a7, t6
core   0: 3 0x80003c0c (0x01f8fb33) x22 0x00000000
core   0: 0x80003c10 (0x009568b3) or      a7, a0, s1
core   0: 3 0x80003c10 (0x009568b3) x17 0x80014e64
core   0: 0x80003c14 (0x0166e533) or      a0, a3, s6
core   0: 3 0x80003c14 (0x0166e533) x10 0x00000000
core   0: 0x80003c18 (0x01c09e33) sll     t3, ra, t3
core   0: 3 0x80003c18 (0x01c09e33) x28 0x00000000
core   0: 0x80003c1c (0x01d5d9b3) srl     s3, a1, t4
core   0: 3 0x80003c1c (0x01d5d9b3) x19 0x80018eec
core   0: 0x80003c20 (0x02a41b33) mulh    s6, s0, a0
core   0: 3 0x80003c20 (0x02a41b33) x22 0x00000000
core   0: 0x80003c24 (0x036decb3) rem     s9, s11, s6
core   0: 3 0x80003c24 (0x036decb3) x25 0xffffffff
core   0: 0x80003c28 (0x03b3aeb3) mulhsu  t4, t2, s11
core   0: 3 0x80003c28 (0x03b3aeb3) x29 0x0010c99c
core   0: 0x80003c2c (0x01d10533) add     a0, sp, t4
core   0: 3 0x80003c2c (0x01d10533) x10 0x44449584
core   0: 0x80003c30 (0x02a5cdb3) div     s11, a1, a0
core   0: 3 0x80003c30 (0x02a5cdb3) x27 0xffffffff
core   0: 0x80003c34 (0x00e4d793) srli    a5, s1, 14
core   0: 3 0x80003c34 (0x00e4d793) x15 0x00020005
core   0: 0x80003c38 (0x009a4eb7) lui     t4, 0x9a4
core   0: 3 0x80003c38 (0x009a4eb7) x29 0x009a4000
core   0: 0x80003c3c (0x4c005f37) lui     t5, 0x4c005
core   0: 3 0x80003c3c (0x4c005f37) x30 0x4c005000
core   0: 0x80003c40 (0xb5e1ed93) ori     s11, gp, -1186
core   0: 3 0x80003c40 (0xb5e1ed93) x27 0xfffffbde
core   0: 0x80003c44 (0x029f4c33) div     s8, t5, s1
core   0: 3 0x80003c44 (0x029f4c33) x24 0x00000000
core   0: 0x80003c48 (0x39773093) sltiu   ra, a4, 919
core   0: 3 0x80003c48 (0x39773093) x 1 0x00000000
core   0: 0x80003c4c (0x01792b33) slt     s6, s2, s7
core   0: 3 0x80003c4c (0x01792b33) x22 0x00000000
core   0: 0x80003c50 (0x02c163b3) rem     t2, sp, a2
core   0: 3 0x80003c50 (0x02c163b3) x 7 0x0000c228
core   0: 0x80003c54 (0x01c60e33) add     t3, a2, t3
core   0: 3 0x80003c54 (0x01c60e33) x28 0x00043267
core   0: 0x80003c58 (0x02846e33) rem     t3, s0, s0
core   0: 3 0x80003c58 (0x02846e33) x28 0x00000000
core   0: 0x80003c5c (0xdfb1a413) slti    s0, gp, -517
core   0: 3 0x80003c5c (0xdfb1a413) x 8 0x00000001
core   0: 0x80003c60 (0x74066513) ori     a0, a2, 1856
core   0: 3 0x80003c60 (0x74066513) x10 0x00043767
core   0: 0x80003c64 (0x02206c33) rem     s8, zero, sp
core   0: 3 0x80003c64 (0x02206c33) x24 0x00000000
core   0: 0x80003c68 (0x01a98233) add     tp, s3, s10
core   0: 3 0x80003c68 (0x01a98233) x 4 0x8001c262
core   0: 0x80003c6c (0x511e3b17) auipc   s6, 0x511e3
core   0: 3 0x80003c6c (0x511e3b17) x22 0xd11e6c6c
core   0: 0x80003c70 (0x00a69213) slli    tp, a3, 10
core   0: 3 0x80003c70 (0x00a69213) x 4 0x00000000
core   0: 0x80003c74 (0x40be5533) sra     a0, t3, a1
core   0: 3 0x80003c74 (0x40be5533) x10 0x00000000
core   0: 0x80003c78 (0x408dd333) sra     t1, s11, s0
core   0: 3 0x80003c78 (0x408dd333) x 6 0xfffffdef
core   0: 0x80003c7c (0x03ae2033) mulhsu  zero, t3, s10
core   0: 3 0x80003c7c (0x03ae2033)
core   0: 0x80003c80 (0xac710c13) addi    s8, sp, -1337
core   0: 3 0x80003c80 (0xac710c13) x24 0x4433c6af
core   0: 0x80003c84 (0xb1288e13) addi    t3, a7, -1262
core   0: 3 0x80003c84 (0xb1288e13) x28 0x80014976
core   0: 0x80003c88 (0x24093213) sltiu   tp, s2, 576
core   0: 3 0x80003c88 (0x24093213) x 4 0x00000000
core   0: 0x80003c8c (0x00e7d9b3) srl     s3, a5, a4
core   0: 3 0x80003c8c (0x00e7d9b3) x19 0x00000010
core   0: 0x80003c90 (0x01de3e33) sltu    t3, t3, t4
core   0: 3 0x80003c90 (0x01de3e33) x28 0x00000000
core   0: 0x80003c94 (0x19fc8617) auipc   a2, 0x19fc8
core   0: 3 0x80003c94 (0x19fc8617) x12 0x99fcbc94
core   0: 0x80003c98 (0x01981893) slli    a7, a6, 25
core   0: 3 0x80003c98 (0x01981893) x17 0xc8000000
core   0: 0x80003c9c (0x00000013) nop
core   0: 3 0x80003c9c (0x00000013)
core   0: 0x80003ca0 (0x00c58b33) add     s6, a1, a2
core   0: 3 0x80003ca0 (0x00c58b33) x22 0x19fe4b80
core   0: 0x80003ca4 (0x00000013) nop
core   0: 3 0x80003ca4 (0x00000013)
core   0: 0x80003ca8 (0x00bab033) sltu    zero, s5, a1
core   0: 3 0x80003ca8 (0x00bab033)
core   0: 0x80003cac (0x00d55eb3) srl     t4, a0, a3
core   0: 3 0x80003cac (0x00d55eb3) x29 0x00000000
core   0: 0x80003cb0 (0x0336b433) mulhu   s0, a3, s3
core   0: 3 0x80003cb0 (0x0336b433) x 8 0x00000000
core   0: 0x80003cb4 (0x00000013) nop
core   0: 3 0x80003cb4 (0x00000013)
core   0: 0x80003cb8 (0x01f507b3) add     a5, a0, t6
core   0: 3 0x80003cb8 (0x01f507b3) x15 0x00000000
core   0: 0x80003cbc (0x000ad633) srl     a2, s5, zero
core   0: 3 0x80003cbc (0x000ad633) x12 0x5d6c5e42
core   0: 0x80003cc0 (0x03688fb3) mul     t6, a7, s6
core   0: 3 0x80003cc0 (0x03688fb3) x31 0x00000000
core   0: 0x80003cc4 (0xc5c67593) andi    a1, a2, -932
core   0: 3 0x80003cc4 (0xc5c67593) x11 0x5d6c5c40
core   0: 0x80003cc8 (0x6d260313) addi    t1, a2, 1746
core   0: 3 0x80003cc8 (0x6d260313) x 6 0x5d6c6514
core   0: 0x80003ccc (0xdbb91f37) lui     t5, 0xdbb91
core   0: 3 0x80003ccc (0xdbb91f37) x30 0xdbb91000
core   0: 0x80003cd0 (0x013d9793) slli    a5, s11, 19
core   0: 3 0x80003cd0 (0x013d9793) x15 0xdef00000
core   0: 0x80003cd4 (0x00000013) nop
core   0: 3 0x80003cd4 (0x00000013)
core   0: 0x80003cd8 (0x1712e313) ori     t1, t0, 369
core   0: 3 0x80003cd8 (0x1712e313) x 6 0x417b5171
core   0: 0x80003cdc (0x01553333) sltu    t1, a0, s5
core   0: 3 0x80003cdc (0x01553333) x 6 0x00000001
core   0: 0x80003ce0 (0x45f6ac93) slti    s9, a3, 1119
core   0: 3 0x80003ce0 (0x45f6ac93) x25 0x00000001
core   0: 0x80003ce4 (0x024c81b3) mul     gp, s9, tp
core   0: 3 0x80003ce4 (0x024c81b3) x 3 0x00000000
core   0: 0x80003ce8 (0xe1cbaf93) slti    t6, s7, -484
core   0: 3 0x80003ce8 (0xe1cbaf93) x31 0x00000001
core   0: 0x80003cec (0x88390c13) addi    s8, s2, -1917
core   0: 3 0x80003cec (0x88390c13) x24 0x0000c65d
core   0: 0x80003cf0 (0x92e0c393) xori    t2, ra, -1746
core   0: 3 0x80003cf0 (0x92e0c393) x 7 0xfffff92e
core   0: 0x80003cf4 (0x00000013) nop
core   0: 3 0x80003cf4 (0x00000013)
core   0: 0x80003cf8 (0x00e65313) srli    t1, a2, 14
core   0: 3 0x80003cf8 (0x00e65313) x 6 0x000175b1
core   0: 0x80003cfc (0x03044033) div     zero, s0, a6
core   0: 3 0x80003cfc (0x03044033)
core   0: 0x80003d00 (0x018f0433) add     s0, t5, s8
core   0: 3 0x80003d00 (0x018f0433) x 8 0xdbb9d65d
core   0: 0x80003d04 (0x67712713) slti    a4, sp, 1655
core   0: 3 0x80003d04 (0x67712713) x14 0x00000000
core   0: 0x80003d08 (0x00000013) nop
core   0: 3 0x80003d08 (0x00000013)
core   0: 0x80003d0c (0x03d066b3) rem     a3, zero, t4
core   0: 3 0x80003d0c (0x03d066b3) x13 0x00000000
core   0: 0x80003d10 (0xdb3c3d13) sltiu   s10, s8, -589
core   0: 3 0x80003d10 (0xdb3c3d13) x26 0x00000001
core   0: 0x80003d14 (0x019d9213) slli    tp, s11, 25
core   0: 3 0x80003d14 (0x019d9213) x 4 0xbc000000
core   0: 0x80003d18 (0x3b106013) ori     zero, zero, 945
core   0: 3 0x80003d18 (0x3b106013)
core   0: 0x80003d1c (0xfb7e4293) xori    t0, t3, -73
core   0: 3 0x80003d1c (0xfb7e4293) x 5 0xffffffb7
core   0: 0x80003d20 (0x00fb9633) sll     a2, s7, a5
core   0: 3 0x80003d20 (0x00fb9633) x12 0xe0000000
core   0: 0x80003d24 (0x03513d33) mulhu   s10, sp, s5
core   0: 3 0x80003d24 (0x03513d33) x26 0x18e3b009
core   0: 0x80003d28 (0x03b05d33) divu    s10, zero, s11
core   0: 3 0x80003d28 (0x03b05d33) x26 0x00000000
core   0: 0x80003d2c (0x03085033) divu    zero, a6, a6
core   0: 3 0x80003d2c (0x03085033)
core   0: 0x80003d30 (0xfb2a6313) ori     t1, s4, -78
core   0: 3 0x80003d30 (0xfb2a6313) x 6 0xffffffb7
core   0: 0x80003d34 (0x4104d713) srai    a4, s1, 16
core   0: 3 0x80003d34 (0x4104d713) x14 0xffff8001
core   0: 0x80003d38 (0x41965213) srai    tp, a2, 25
core   0: 3 0x80003d38 (0x41965213) x 4 0xfffffff0
core   0: 0x80003d3c (0x021a1933) mulh    s2, s4, ra
core   0: 3 0x80003d3c (0x021a1933) x18 0x00000000
core   0: 0x80003d40 (0x407e8033) sub     zero, t4, t2
core   0: 3 0x80003d40 (0x407e8033)
core   0: 0x80003d44 (0x8d89cd97) auipc   s11, 0x8d89c
core   0: 3 0x80003d44 (0x8d89cd97) x27 0x0d89fd44
core   0: 0x80003d48 (0x0281e0b3) rem     ra, gp, s0
core   0: 3 0x80003d48 (0x0281e0b3) x 1 0x00000000
core   0: 0x80003d4c (0x02debf33) mulhu   t5, t4, a3
core   0: 3 0x80003d4c (0x02debf33) x30 0x00000000
core   0: 0x80003d50 (0x00455a93) srli    s5, a0, 4
core   0: 3 0x80003d50 (0x00455a93) x21 0x00000000
core   0: 0x80003d54 (0x1e3f9097) auipc   ra, 0x1e3f9
core   0: 3 0x80003d54 (0x1e3f9097) x 1 0x9e3fcd54
core   0: 0x80003d58 (0xa1e9e893) ori     a7, s3, -1506
core   0: 3 0x80003d58 (0xa1e9e893) x17 0xfffffa1e
core   0: 0x80003d5c (0x035f08b3) mul     a7, t5, s5
core   0: 3 0x80003d5c (0x035f08b3) x17 0x00000000
core   0: 0x80003d60 (0xee603093) sltiu   ra, zero, -282
core   0: 3 0x80003d60 (0xee603093) x 1 0x00000001
core   0: 0x80003d64 (0x038e8e33) mul     t3, t4, s8
core   0: 3 0x80003d64 (0x038e8e33) x28 0x00000000
core   0: 0x80003d68 (0x029f21b3) mulhsu  gp, t5, s1
core   0: 3 0x80003d68 (0x029f21b3) x 3 0x00000000
core   0: 0x80003d6c (0x25b76c13) ori     s8, a4, 603
core   0: 3 0x80003d6c (0x25b76c13) x24 0xffff825b
core   0: 0x80003d70 (0xf357a713) slti    a4, a5, -203
core   0: 3 0x80003d70 (0xf357a713) x14 0x00000001
core   0: 0x80003d74 (0x00299e93) slli    t4, s3, 2
core   0: 3 0x80003d74 (0x00299e93) x29 0x00000040
core   0: 0x80003d78 (0x00f6a933) slt     s2, a3, a5
core   0: 3 0x80003d78 (0x00f6a933) x18 0x00000000
core   0: 0x80003d7c (0x01123633) sltu    a2, tp, a7
core   0: 3 0x80003d7c (0x01123633) x12 0x00000000
core   0: 0x80003d80 (0x01c28ab3) add     s5, t0, t3
core   0: 3 0x80003d80 (0x01c28ab3) x21 0xffffffb7
core   0: 0x80003d84 (0xe470c713) xori    a4, ra, -441
core   0: 3 0x80003d84 (0xe470c713) x14 0xfffffe46
core   0: 0x80003d88 (0x40f8d093) srai    ra, a7, 15
core   0: 3 0x80003d88 (0x40f8d093) x 1 0x00000000
core   0: 0x80003d8c (0x00487d33) and     s10, a6, tp
core   0: 3 0x80003d8c (0x00487d33) x26 0x80018ce0
core   0: 0x80003d90 (0x0242b2b3) mulhu   t0, t0, tp
core   0: 3 0x80003d90 (0x0242b2b3) x 5 0xffffffa7
core   0: 0x80003d94 (0x01f3c233) xor     tp, t2, t6
core   0: 3 0x80003d94 (0x01f3c233) x 4 0xfffff92f
core   0: 0x80003d98 (0x99027393) andi    t2, tp, -1648
core   0: 3 0x80003d98 (0x99027393) x 7 0xfffff900
core   0: 0x80003d9c (0x00649213) slli    tp, s1, 6
core   0: 3 0x80003d9c (0x00649213) x 4 0x00539900
core   0: 0x80003da0 (0x6a697a93) andi    s5, s2, 1702
core   0: 3 0x80003da0 (0x6a697a93) x21 0x00000000
core   0: 0x80003da4 (0x033e9b33) mulh    s6, t4, s3
core   0: 3 0x80003da4 (0x033e9b33) x22 0x00000000
core   0: 0x80003da8 (0x7e4a4d13) xori    s10, s4, 2020
core   0: 3 0x80003da8 (0x7e4a4d13) x26 0xbad8bb61
core   0: 0x80003dac (0x0075d7b3) srl     a5, a1, t2
core   0: 3 0x80003dac (0x0075d7b3) x15 0x5d6c5c40
core   0: 0x80003db0 (0x02a0e333) rem     t1, ra, a0
core   0: 3 0x80003db0 (0x02a0e333) x 6 0x00000000
core   0: 0x80003db4 (0x01639733) sll     a4, t2, s6
core   0: 3 0x80003db4 (0x01639733) x14 0xfffff900
core   0: 0x80003db8 (0x019e11b3) sll     gp, t3, s9
core   0: 3 0x80003db8 (0x019e11b3) x 3 0x00000000
core   0: 0x80003dbc (0xe1c94593) xori    a1, s2, -484
core   0: 3 0x80003dbc (0xe1c94593) x11 0xfffffe1c
core   0: 0x80003dc0 (0xd826ef93) ori     t6, a3, -638
core   0: 3 0x80003dc0 (0xd826ef93) x31 0xfffffd82
core   0: 0x80003dc4 (0x01307ab3) and     s5, zero, s3
core   0: 3 0x80003dc4 (0x01307ab3) x21 0x00000000
core   0: 0x80003dc8 (0x02dff933) remu    s2, t6, a3
core   0: 3 0x80003dc8 (0x02dff933) x18 0xfffffd82
core   0: 0x80003dcc (0x41f20db3) sub     s11, tp, t6
core   0: 3 0x80003dcc (0x41f20db3) x27 0x00539b7e
core   0: 0x80003dd0 (0x45d0f897) auipc   a7, 0x45d0f
core   0: 3 0x80003dd0 (0x45d0f897) x17 0xc5d12dd0
core   0: 0x80003dd4 (0x400480b3) sub     ra, s1, zero
core   0: 3 0x80003dd4 (0x400480b3) x 1 0x80014e64
core   0: 0x80003dd8 (0x01ad35b3) sltu    a1, s10, s10
core   0: 3 0x80003dd8 (0x01ad35b3) x11 0x00000000
core   0: 0x80003ddc (0xf9f60213) addi    tp, a2, -97
core   0: 3 0x80003ddc (0xf9f60213) x 4 0xffffff9f
core   0: 0x80003de0 (0x01813cb3) sltu    s9, sp, s8
core   0: 3 0x80003de0 (0x01813cb3) x25 0x00000001
core   0: 0x80003de4 (0x927e3c93) sltiu   s9, t3, -1753
core   0: 3 0x80003de4 (0x927e3c93) x25 0x00000001
core   0: 0x80003de8 (0x01c07fb3) and     t6, zero, t3
core   0: 3 0x80003de8 (0x01c07fb3) x31 0x00000000
core   0: 0x80003dec (0xb9ef4137) lui     sp, 0xb9ef4
core   0: 3 0x80003dec (0xb9ef4137) x 2 0xb9ef4000
core   0: 0x80003df0 (0x01e22033) slt     zero, tp, t5
core   0: 3 0x80003df0 (0x01e22033)
core   0: 0x80003df4 (0x00291cb3) sll     s9, s2, sp
core   0: 3 0x80003df4 (0x00291cb3) x25 0xfffffd82
core   0: 0x80003df8 (0x02d7a333) mulhsu  t1, a5, a3
core   0: 3 0x80003df8 (0x02d7a333) x 6 0x00000000
core   0: 0x80003dfc (0x03fe6cb3) rem     s9, t3, t6
core   0: 3 0x80003dfc (0x03fe6cb3) x25 0x00000000
core   0: 0x80003e00 (0x006e5d93) srli    s11, t3, 6
core   0: 3 0x80003e00 (0x006e5d93) x27 0x00000000
core   0: 0x80003e04 (0xcfbb7e13) andi    t3, s6, -773
core   0: 3 0x80003e04 (0xcfbb7e13) x28 0x00000000
core   0: 0x80003e08 (0x03a708b3) mul     a7, a4, s10
core   0: 3 0x80003e08 (0x03a708b3) x17 0x12e05900
core   0: 0x80003e0c (0x12967313) andi    t1, a2, 297
core   0: 3 0x80003e0c (0x12967313) x 6 0x00000000
core   0: 0x80003e10 (0x022d3e33) mulhu   t3, s10, sp
core   0: 3 0x80003e10 (0x022d3e33) x28 0x87b53e76
core   0: 0x80003e14 (0x6aae0b13) addi    s6, t3, 1706
core   0: 3 0x80003e14 (0x6aae0b13) x22 0x87b54520
core   0: 0x80003e18 (0x027efeb3) remu    t4, t4, t2
core   0: 3 0x80003e18 (0x027efeb3) x29 0x00000040
core   0: 0x80003e1c (0x41d3d113) srai    sp, t2, 29
core   0: 3 0x80003e1c (0x41d3d113) x 2 0xffffffff
core   0: 0x80003e20 (0x000c5d33) srl     s10, s8, zero
core   0: 3 0x80003e20 (0x000c5d33) x26 0xffff825b
core   0: 0x80003e24 (0xcc63ae13) slti    t3, t2, -826
core   0: 3 0x80003e24 (0xcc63ae13) x28 0x00000001
core   0: 0x80003e28 (0x08ff2c13) slti    s8, t5, 143
core   0: 3 0x80003e28 (0x08ff2c13) x24 0x00000001
core   0: 0x80003e2c (0xd869e237) lui     tp, 0xd869e
core   0: 3 0x80003e2c (0xd869e237) x 4 0xd869e000
core   0: 0x80003e30 (0x7239be93) sltiu   t4, s3, 1827
core   0: 3 0x80003e30 (0x7239be93) x29 0x00000001
core   0: 0x80003e34 (0x40d7d413) srai    s0, a5, 13
core   0: 3 0x80003e34 (0x40d7d413) x 8 0x0002eb62
core   0: 0x80003e38 (0x024c32b3) mulhu   t0, s8, tp
core   0: 3 0x80003e38 (0x024c32b3) x 5 0x00000000
core   0: 0x80003e3c (0x02370633) mul     a2, a4, gp
core   0: 3 0x80003e3c (0x02370633) x12 0x00000000
core   0: 0x80003e40 (0xaeaf0393) addi    t2, t5, -1302
core   0: 3 0x80003e40 (0xaeaf0393) x 7 0xfffffaea
core   0: 0x80003e44 (0x22cb2217) auipc   tp, 0x22cb2
core   0: 3 0x80003e44 (0x22cb2217) x 4 0xa2cb5e44
core   0: 0x80003e48 (0x00f47033) and     zero, s0, a5
core   0: 3 0x80003e48 (0x00f47033)
core   0: 0x80003e4c (0x0260f133) remu    sp, ra, t1
core   0: 3 0x80003e4c (0x0260f133) x 2 0x80014e64
core   0: 0x80003e50 (0x407bdc93) srai    s9, s7, 7
core   0: 3 0x80003e50 (0x407bdc93) x25 0xffc00000
core   0: 0x80003e54 (0x00d65c33) srl     s8, a2, a3
core   0: 3 0x80003e54 (0x00d65c33) x24 0x00000000
core   0: 0x80003e58 (0x4e41f013) andi    zero, gp, 1252
core   0: 3 0x80003e58 (0x4e41f013)
core   0: 0x80003e5c (0x011e8d33) add     s10, t4, a7
core   0: 3 0x80003e5c (0x011e8d33) x26 0x12e05901
core   0: 0x80003e60 (0xd70a0b93) addi    s7, s4, -656
core   0: 3 0x80003e60 (0xd70a0b93) x23 0xbad8b9f5
core   0: 0x80003e64 (0x0303c933) div     s2, t2, a6
core   0: 3 0x80003e64 (0x0303c933) x18 0x00000000
core   0: 0x80003e68 (0x0179a5b3) slt     a1, s3, s7
core   0: 3 0x80003e68 (0x0179a5b3) x11 0x00000000
core   0: 0x80003e6c (0x00000013) nop
core   0: 3 0x80003e6c (0x00000013)
core   0: 0x80003e70 (0x03037e33) remu    t3, t1, a6
core   0: 3 0x80003e70 (0x03037e33) x28 0x00000000
core   0: 0x80003e74 (0x40fbd5b3) sra     a1, s7, a5
core   0: 3 0x80003e74 (0x40fbd5b3) x11 0xbad8b9f5
core   0: 0x80003e78 (0x10c17913) andi    s2, sp, 268
core   0: 3 0x80003e78 (0x10c17913) x18 0x00000004
core   0: 0x80003e7c (0x00000013) nop
core   0: 3 0x80003e7c (0x00000013)
core   0: 0x80003e80 (0x4b712293) slti    t0, sp, 1207
core   0: 3 0x80003e80 (0x4b712293) x 5 0x00000001
core   0: 0x80003e84 (0x00b8cbb3) xor     s7, a7, a1
core   0: 3 0x80003e84 (0x00b8cbb3) x23 0xa838e0f5
core   0: 0x80003e88 (0x029c1e33) mulh    t3, s8, s1
core   0: 3 0x80003e88 (0x029c1e33) x28 0x00000000
core   0: 0x80003e8c (0xbcaefd93) andi    s11, t4, -1078
core   0: 3 0x80003e8c (0xbcaefd93) x27 0x00000000
core   0: 0x80003e90 (0x0375d433) divu    s0, a1, s7
core   0: 3 0x80003e90 (0x0375d433) x 8 0x00000001
core   0: 0x80003e94 (0x68f20c13) addi    s8, tp, 1679
core   0: 3 0x80003e94 (0x68f20c13) x24 0xa2cb64d3
core   0: 0x80003e98 (0x003527b3) slt     a5, a0, gp
core   0: 3 0x80003e98 (0x003527b3) x15 0x00000000
core   0: 0x80003e9c (0x41e9d933) sra     s2, s3, t5
core   0: 3 0x80003e9c (0x41e9d933) x18 0x00000010
core   0: 0x80003ea0 (0x00b70cb3) add     s9, a4, a1
core   0: 3 0x80003ea0 (0x00b70cb3) x25 0xbad8b2f5
core   0: 0x80003ea4 (0xbeb0b593) sltiu   a1, ra, -1045
core   0: 3 0x80003ea4 (0xbeb0b593) x11 0x00000001
core   0: 0x80003ea8 (0x01ec5013) srli    zero, s8, 30
core   0: 3 0x80003ea8 (0x01ec5013)
core   0: 0x80003eac (0x40955913) srai    s2, a0, 9
core   0: 3 0x80003eac (0x40955913) x18 0x00000000
core   0: 0x80003eb0 (0x0082e2b3) or      t0, t0, s0
core   0: 3 0x80003eb0 (0x0082e2b3) x 5 0x00000001
core   0: 0x80003eb4 (0x0192dd93) srli    s11, t0, 25
core   0: 3 0x80003eb4 (0x0192dd93) x27 0x00000000
core   0: 0x80003eb8 (0x5fa92093) slti    ra, s2, 1530
core   0: 3 0x80003eb8 (0x5fa92093) x 1 0x00000001
core   0: 0x80003ebc (0x03a9be33) mulhu   t3, s3, s10
core   0: 3 0x80003ebc (0x03a9be33) x28 0x00000001
core   0: 0x80003ec0 (0x02620233) mul     tp, tp, t1
core   0: 3 0x80003ec0 (0x02620233) x 4 0x00000000
core   0: 0x80003ec4 (0x01f86c33) or      s8, a6, t6
core   0: 3 0x80003ec4 (0x01f86c33) x24 0x80018ce4
core   0: 0x80003ec8 (0x03022733) mulhsu  a4, tp, a6
core   0: 3 0x80003ec8 (0x03022733) x14 0x00000000
core   0: 0x80003ecc (0x01984bb3) xor     s7, a6, s9
core   0: 3 0x80003ecc (0x01984bb3) x23 0x3ad93e11
core   0: 0x80003ed0 (0x00976033) or      zero, a4, s1
core   0: 3 0x80003ed0 (0x00976033)
core   0: 0x80003ed4 (0x8cb95517) auipc   a0, 0x8cb95
core   0: 3 0x80003ed4 (0x8cb95517) x10 0x0cb98ed4
core   0: 0x80003ed8 (0x41088033) sub     zero, a7, a6
core   0: 3 0x80003ed8 (0x41088033)
core   0: 0x80003edc (0x0091a2b3) slt     t0, gp, s1
core   0: 3 0x80003edc (0x0091a2b3) x 5 0x00000000
core   0: 0x80003ee0 (0xf5a328b7) lui     a7, 0xf5a32
core   0: 3 0x80003ee0 (0xf5a328b7) x17 0xf5a32000
core   0: 0x80003ee4 (0x20b98c93) addi    s9, s3, 523
core   0: 3 0x80003ee4 (0x20b98c93) x25 0x0000021b
core   0: 0x80003ee8 (0x00515513) srli    a0, sp, 5
core   0: 3 0x80003ee8 (0x00515513) x10 0x04000a73
core   0: 0x80003eec (0x96b67893) andi    a7, a2, -1685
core   0: 3 0x80003eec (0x96b67893) x17 0x00000000
core   0: 0x80003ef0 (0x00b01613) slli    a2, zero, 11
core   0: 3 0x80003ef0 (0x00b01613) x12 0x00000000
core   0: 0x80003ef4 (0x00000013) nop
core   0: 3 0x80003ef4 (0x00000013)
core   0: 0x80003ef8 (0x416a08b3) sub     a7, s4, s6
core   0: 3 0x80003ef8 (0x416a08b3) x17 0x33237765
core   0: 0x80003efc (0x02f6bab3) mulhu   s5, a3, a5
core   0: 3 0x80003efc (0x02f6bab3) x21 0x00000000
core   0: 0x80003f00 (0x376d6293) ori     t0, s10, 886
core   0: 3 0x80003f00 (0x376d6293) x 5 0x12e05b77
core   0: 0x80003f04 (0x00000013) nop
core   0: 3 0x80003f04 (0x00000013)
core   0: 0x80003f08 (0x00c49b13) slli    s6, s1, 12
core   0: 3 0x80003f08 (0x00c49b13) x22 0x14e64000
core   0: 0x80003f0c (0xb8c14f93) xori    t6, sp, -1140
core   0: 3 0x80003f0c (0xb8c14f93) x31 0x7ffeb5e8
core   0: 0x80003f10 (0x01a15ab3) srl     s5, sp, s10
core   0: 3 0x80003f10 (0x01a15ab3) x21 0x4000a732
core   0: 0x80003f14 (0x03d45eb3) divu    t4, s0, t4
core   0: 3 0x80003f14 (0x03d45eb3) x29 0x00000001
core   0: 0x80003f18 (0x9a4da2b7) lui     t0, 0x9a4da
core   0: 3 0x80003f18 (0x9a4da2b7) x 5 0x9a4da000
core   0: 0x80003f1c (0x41ca8133) sub     sp, s5, t3
core   0: 3 0x80003f1c (0x41ca8133) x 2 0x4000a731
core   0: 0x80003f20 (0x02fd9133) mulh    sp, s11, a5
core   0: 3 0x80003f20 (0x02fd9133) x 2 0x00000000
core   0: 0x80003f24 (0xf1172193) slti    gp, a4, -239
core   0: 3 0x80003f24 (0xf1172193) x 3 0x00000000
core   0: 0x80003f28 (0xf49e8693) addi    a3, t4, -183
core   0: 3 0x80003f28 (0xf49e8693) x13 0xffffff4a
core   0: 0x80003f2c (0x0110bc33) sltu    s8, ra, a7
core   0: 3 0x80003f2c (0x0110bc33) x24 0x00000001
core   0: 0x80003f30 (0x009be133) or      sp, s7, s1
core   0: 3 0x80003f30 (0x009be133) x 2 0xbad97e75
core   0: 0x80003f34 (0x026c62b3) rem     t0, s8, t1
core   0: 3 0x80003f34 (0x026c62b3) x 5 0x00000001
core   0: 0x80003f38 (0x1a0b8213) addi    tp, s7, 416
core   0: 3 0x80003f38 (0x1a0b8213) x 4 0x3ad93fb1
core   0: 0x80003f3c (0x01cf28b3) slt     a7, t5, t3
core   0: 3 0x80003f3c (0x01cf28b3) x17 0x00000001
core   0: 0x80003f40 (0x00e55eb3) srl     t4, a0, a4
core   0: 3 0x80003f40 (0x00e55eb3) x29 0x04000a73
core   0: 0x80003f44 (0x019743b3) xor     t2, a4, s9
core   0: 3 0x80003f44 (0x019743b3) x 7 0x0000021b
core   0: 0x80003f48 (0x03aebab3) mulhu   s5, t4, s10
core   0: 3 0x80003f48 (0x03aebab3) x21 0x004b8229
core   0: 0x80003f4c (0x03fa3333) mulhu   t1, s4, t6
core   0: 3 0x80003f4c (0x03fa3333) x 6 0x5d6b6d55
core   0: 0x80003f50 (0x02a9f8b3) remu    a7, s3, a0
core   0: 3 0x80003f50 (0x02a9f8b3) x17 0x00000010
core   0: 0x80003f54 (0xa2b6aeb7) lui     t4, 0xa2b6a
core   0: 3 0x80003f54 (0xa2b6aeb7) x29 0xa2b6a000
core   0: 0x80003f58 (0x01af2033) slt     zero, t5, s10
core   0: 3 0x80003f58 (0x01af2033)
core   0: 0x80003f5c (0x0de70913) addi    s2, a4, 222
core   0: 3 0x80003f5c (0x0de70913) x18 0x000000de
core   0: 0x80003f60 (0x32054437) lui     s0, 0x32054
core   0: 3 0x80003f60 (0x32054437) x 8 0x32054000
core   0: 0x80003f64 (0x41548e33) sub     t3, s1, s5
core   0: 3 0x80003f64 (0x41548e33) x28 0x7fb5cc3b
core   0: 0x80003f68 (0x023557b3) divu    a5, a0, gp
core   0: 3 0x80003f68 (0x023557b3) x15 0xffffffff
core   0: 0x80003f6c (0x741ce593) ori     a1, s9, 1857
core   0: 3 0x80003f6c (0x741ce593) x11 0x0000075b
core   0: 0x80003f70 (0x022f9933) mulh    s2, t6, sp
core   0: 3 0x80003f70 (0x022f9933) x18 0xdd6d1864
core   0: 0x80003f74 (0x00000013) nop
core   0: 3 0x80003f74 (0x00000013)
core   0: 0x80003f78 (0x060e0c93) addi    s9, t3, 96
core   0: 3 0x80003f78 (0x060e0c93) x25 0x7fb5cc9b
core   0: 0x80003f7c (0xda45f617) auipc   a2, 0xda45f
core   0: 3 0x80003f7c (0xda45f617) x12 0x5a462f7c
core   0: 0x80003f80 (0x41405213) srai    tp, zero, 20
core   0: 3 0x80003f80 (0x41405213) x 4 0x00000000
core   0: 0x80003f84 (0x016fadb3) slt     s11, t6, s6
core   0: 3 0x80003f84 (0x016fadb3) x27 0x00000000
core   0: 0x80003f88 (0xe585f993) andi    s3, a1, -424
core   0: 3 0x80003f88 (0xe585f993) x19 0x00000658
core   0: 0x80003f8c (0x7c847113) andi    sp, s0, 1992
core   0: 3 0x80003f8c (0x7c847113) x 2 0x00000000
core   0: 0x80003f90 (0x02ea4233) div     tp, s4, a4
core   0: 3 0x80003f90 (0x02ea4233) x 4 0xffffffff
core   0: 0x80003f94 (0x41c15013) srai    zero, sp, 28
core   0: 3 0x80003f94 (0x41c15013)
core   0: 0x80003f98 (0x30902f13) slti    t5, zero, 777
core   0: 3 0x80003f98 (0x30902f13) x30 0x00000001
core   0: 0x80003f9c (0x64885317) auipc   t1, 0x64885
core   0: 3 0x80003f9c (0x64885317) x 6 0xe4888f9c
core   0: 0x80003fa0 (0x01c8c433) xor     s0, a7, t3
core   0: 3 0x80003fa0 (0x01c8c433) x 8 0x7fb5cc2b
core   0: 0x80003fa4 (0x00000013) nop
core   0: 3 0x80003fa4 (0x00000013)
core   0: 0x80003fa8 (0x0a483413) sltiu   s0, a6, 164
core   0: 3 0x80003fa8 (0x0a483413) x 8 0x00000000
core   0: 0x80003fac (0x01ad1b33) sll     s6, s10, s10
core   0: 3 0x80003fac (0x01ad1b33) x22 0x25c0b202
core   0: 0x80003fb0 (0x01ad4533) xor     a0, s10, s10
core   0: 3 0x80003fb0 (0x01ad4533) x10 0x00000000
core   0: 0x80003fb4 (0x00055093) srli    ra, a0, 0
core   0: 3 0x80003fb4 (0x00055093) x 1 0x00000000
core   0: 0x80003fb8 (0x6dbf0c13) addi    s8, t5, 1755
core   0: 3 0x80003fb8 (0x6dbf0c13) x24 0x000006dc
core   0: 0x80003fbc (0xb0d92f93) slti    t6, s2, -1267
core   0: 3 0x80003fbc (0xb0d92f93) x31 0x00000001
core   0: 0x80003fc0 (0x4062dc13) srai    s8, t0, 6
core   0: 3 0x80003fc0 (0x4062dc13) x24 0x00000000
core   0: 0x80003fc4 (0x4172d5b3) sra     a1, t0, s7
core   0: 3 0x80003fc4 (0x4172d5b3) x11 0x00000000
core   0: 0x80003fc8 (0x02bee0b3) rem     ra, t4, a1
core   0: 3 0x80003fc8 (0x02bee0b3) x 1 0xa2b6a000
core   0: 0x80003fcc (0x41135d13) srai    s10, t1, 17
core   0: 3 0x80003fcc (0x41135d13) x26 0xfffff244
core   0: 0x80003fd0 (0x02af3c33) mulhu   s8, t5, a0
core   0: 3 0x80003fd0 (0x02af3c33) x24 0x00000000
core   0: 0x80003fd4 (0x0b206893) ori     a7, zero, 178
core   0: 3 0x80003fd4 (0x0b206893) x17 0x000000b2
core   0: 0x80003fd8 (0xe396a513) slti    a0, a3, -455
core   0: 3 0x80003fd8 (0xe396a513) x10 0x00000000
core   0: 0x80003fdc (0x40955713) srai    a4, a0, 9
core   0: 3 0x80003fdc (0x40955713) x14 0x00000000
core   0: 0x80003fe0 (0x006e72b3) and     t0, t3, t1
core   0: 3 0x80003fe0 (0x006e72b3) x 5 0x64808c18
core   0: 0x80003fe4 (0x657f8c93) addi    s9, t6, 1623
core   0: 3 0x80003fe4 (0x657f8c93) x25 0x00000658
core   0: 0x80003fe8 (0xd9561317) auipc   t1, 0xd9561
core   0: 3 0x80003fe8 (0xd9561317) x 6 0x59564fe8
core   0: 0x80003fec (0xd963c893) xori    a7, t2, -618
core   0: 3 0x80003fec (0xd963c893) x17 0xffffff8d
core   0: 0x80003ff0 (0x01dd4633) xor     a2, s10, t4
core   0: 3 0x80003ff0 (0x01dd4633) x12 0x5d495244
core   0: 0x80003ff4 (0x408988b3) sub     a7, s3, s0
core   0: 3 0x80003ff4 (0x408988b3) x17 0x00000658
core   0: 0x80003ff8 (0x413dddb3) sra     s11, s11, s3
core   0: 3 0x80003ff8 (0x413dddb3) x27 0x00000000
core   0: 0x80003ffc (0x411e5fb3) sra     t6, t3, a7
core   0: 3 0x80003ffc (0x411e5fb3) x31 0x0000007f
core   0: 0x80004000 (0x653fd0b7) lui     ra, 0x653fd
core   0: 3 0x80004000 (0x653fd0b7) x 1 0x653fd000
core   0: 0x80004004 (0x03be6033) rem     zero, t3, s11
core   0: 3 0x80004004 (0x03be6033)
core   0: 0x80004008 (0xb64cb693) sltiu   a3, s9, -1180
core   0: 3 0x80004008 (0xb64cb693) x13 0x00000001
core   0: 0x8000400c (0x0353fe33) remu    t3, t2, s5
core   0: 3 0x8000400c (0x0353fe33) x28 0x0000021b
core   0: 0x80004010 (0x00bcbbb3) sltu    s7, s9, a1
core   0: 3 0x80004010 (0x00bcbbb3) x23 0x00000000
core   0: 0x80004014 (0xeb0b4f93) xori    t6, s6, -336
core   0: 3 0x80004014 (0xeb0b4f93) x31 0xda3f4cb2
core   0: 0x80004018 (0x03801633) mulh    a2, zero, s8
core   0: 3 0x80004018 (0x03801633) x12 0x00000000
core   0: 0x8000401c (0x3d176e17) auipc   t3, 0x3d176
core   0: 3 0x8000401c (0x3d176e17) x28 0xbd17a01c
core   0: 0x80004020 (0xa7ae6c93) ori     s9, t3, -1414
core   0: 3 0x80004020 (0xa7ae6c93) x25 0xfffffa7e
core   0: 0x80004024 (0x00000013) nop
core   0: 3 0x80004024 (0x00000013)
core   0: 0x80004028 (0x022d1233) mulh    tp, s10, sp
core   0: 3 0x80004028 (0x022d1233) x 4 0x00000000
core   0: 0x8000402c (0x03352fb3) mulhsu  t6, a0, s3
core   0: 3 0x8000402c (0x03352fb3) x31 0x00000000
core   0: 0x80004030 (0xd4c3ad13) slti    s10, t2, -692
core   0: 3 0x80004030 (0xd4c3ad13) x26 0x00000000
core   0: 0x80004034 (0x00d49b93) slli    s7, s1, 13
core   0: 3 0x80004034 (0x00d49b93) x23 0x29cc8000
core   0: 0x80004038 (0x80d83c93) sltiu   s9, a6, -2035
core   0: 3 0x80004038 (0x80d83c93) x25 0x00000001
core   0: 0x8000403c (0x03c07b33) remu    s6, zero, t3
core   0: 3 0x8000403c (0x03c07b33) x22 0x00000000
core   0: 0x80004040 (0x030182b3) mul     t0, gp, a6
core   0: 3 0x80004040 (0x030182b3) x 5 0x00000000
core   0: 0x80004044 (0x01507b33) and     s6, zero, s5
core   0: 3 0x80004044 (0x01507b33) x22 0x00000000
core   0: 0x80004048 (0x77764137) lui     sp, 0x77764
core   0: 3 0x80004048 (0x77764137) x 2 0x77764000
core   0: 0x8000404c (0x00e6d013) srli    zero, a3, 14
core   0: 3 0x8000404c (0x00e6d013)
core   0: 0x80004050 (0x410707b3) sub     a5, a4, a6
core   0: 3 0x80004050 (0x410707b3) x15 0x7ffe731c
core   0: 0x80004054 (0x41df8333) sub     t1, t6, t4
core   0: 3 0x80004054 (0x41df8333) x 6 0x5d496000
core   0: 0x80004058 (0x01a30db3) add     s11, t1, s10
core   0: 3 0x80004058 (0x01a30db3) x27 0x5d496000
core   0: 0x8000405c (0x00d2c133) xor     sp, t0, a3
core   0: 3 0x8000405c (0x00d2c133) x 2 0x00000001
core   0: 0x80004060 (0x00266733) or      a4, a2, sp
core   0: 3 0x80004060 (0x00266733) x14 0x00000001
core   0: 0x80004064 (0x5f742f93) slti    t6, s0, 1527
core   0: 3 0x80004064 (0x5f742f93) x31 0x00000001
core   0: 0x80004068 (0x00d6bf33) sltu    t5, a3, a3
core   0: 3 0x80004068 (0x00d6bf33) x30 0x00000000
core   0: 0x8000406c (0x00ddb733) sltu    a4, s11, a3
core   0: 3 0x8000406c (0x00ddb733) x14 0x00000000
core   0: 0x80004070 (0x00a4d433) srl     s0, s1, a0
core   0: 3 0x80004070 (0x00a4d433) x 8 0x80014e64
core   0: 0x80004074 (0x00f91233) sll     tp, s2, a5
core   0: 3 0x80004074 (0x00f91233) x 4 0x40000000
core   0: 0x80004078 (0x01dd9f93) slli    t6, s11, 29
core   0: 3 0x80004078 (0x01dd9f93) x31 0x00000000
core   0: 0x8000407c (0xf5123893) sltiu   a7, tp, -175
core   0: 3 0x8000407c (0xf5123893) x17 0x00000001
core   0: 0x80004080 (0x011e63b3) or      t2, t3, a7
core   0: 3 0x80004080 (0x011e63b3) x 7 0xbd17a01d
core   0: 0x80004084 (0x00000013) nop
core   0: 3 0x80004084 (0x00000013)
core   0: 0x80004088 (0x02c4d7b3) divu    a5, s1, a2
core   0: 3 0x80004088 (0x02c4d7b3) x15 0xffffffff
core   0: 0x8000408c (0x02ca18b3) mulh    a7, s4, a2
core   0: 3 0x8000408c (0x02ca18b3) x17 0x00000000
core   0: 0x80004090 (0x025125b3) mulhsu  a1, sp, t0
core   0: 3 0x80004090 (0x025125b3) x11 0x00000000
core   0: 0x80004094 (0x01f40eb3) add     t4, s0, t6
core   0: 3 0x80004094 (0x01f40eb3) x29 0x80014e64
core   0: 0x80004098 (0x00000013) nop
core   0: 3 0x80004098 (0x00000013)
core   0: 0x8000409c (0x00000013) nop
core   0: 3 0x8000409c (0x00000013)
core   0: 0x800040a0 (0x575bfd93) andi    s11, s7, 1397
core   0: 3 0x800040a0 (0x575bfd93) x27 0x00000000
core   0: 0x800040a4 (0x014f95b3) sll     a1, t6, s4
core   0: 3 0x800040a4 (0x014f95b3) x11 0x00000000
core   0: 0x800040a8 (0x0c48fd13) andi    s10, a7, 196
core   0: 3 0x800040a8 (0x0c48fd13) x26 0x00000000
core   0: 0x800040ac (0x40bcdbb3) sra     s7, s9, a1
core   0: 3 0x800040ac (0x40bcdbb3) x23 0x00000001
core   0: 0x800040b0 (0x7f75e393) ori     t2, a1, 2039
core   0: 3 0x800040b0 (0x7f75e393) x 7 0x000007f7
core   0: 0x800040b4 (0x006965b3) or      a1, s2, t1
core   0: 3 0x800040b4 (0x006965b3) x11 0xdd6d7864
core   0: 0x800040b8 (0x39444093) xori    ra, s0, 916
core   0: 3 0x800040b8 (0x39444093) x 1 0x80014df0
core   0: 0x800040bc (0x01f44db3) xor     s11, s0, t6
core   0: 3 0x800040bc (0x01f44db3) x27 0x80014e64
core   0: 0x800040c0 (0x00f03ab3) snez    s5, a5
core   0: 3 0x800040c0 (0x00f03ab3) x21 0x00000001
core   0: 0x800040c4 (0x407a09b3) sub     s3, s4, t2
core   0: 3 0x800040c4 (0x407a09b3) x19 0xbad8b48e
core   0: 0x800040c8 (0x03aea233) mulhsu  tp, t4, s10
core   0: 3 0x800040c8 (0x03aea233) x 4 0x00000000
core   0: 0x800040cc (0x0272bc33) mulhu   s8, t0, t2
core   0: 3 0x800040cc (0x0272bc33) x24 0x00000000
core   0: 0x800040d0 (0x012efbb3) and     s7, t4, s2
core   0: 3 0x800040d0 (0x012efbb3) x23 0x80010864
core   0: 0x800040d4 (0x00e6abb3) slt     s7, a3, a4
core   0: 3 0x800040d4 (0x00e6abb3) x23 0x00000000
core   0: 0x800040d8 (0x036f2633) mulhsu  a2, t5, s6
core   0: 3 0x800040d8 (0x036f2633) x12 0x00000000
core   0: 0x800040dc (0x027520b3) mulhsu  ra, a0, t2
core   0: 3 0x800040dc (0x027520b3) x 1 0x00000000
core   0: 0x800040e0 (0x623a2713) slti    a4, s4, 1571
core   0: 3 0x800040e0 (0x623a2713) x14 0x00000001
core   0: 0x800040e4 (0x1e3d8d93) addi    s11, s11, 483
core   0: 3 0x800040e4 (0x1e3d8d93) x27 0x80015047
core   0: 0x800040e8 (0x007fa5b3) slt     a1, t6, t2
core   0: 3 0x800040e8 (0x007fa5b3) x11 0x00000001
core   0: 0x800040ec (0x5c137113) andi    sp, t1, 1473
core   0: 3 0x800040ec (0x5c137113) x 2 0x00000000
core   0: 0x800040f0 (0x00c1d213) srli    tp, gp, 12
core   0: 3 0x800040f0 (0x00c1d213) x 4 0x00000000
core   0: 0x800040f4 (0xd9df3193) sltiu   gp, t5, -611
core   0: 3 0x800040f4 (0xd9df3193) x 3 0x00000001
core   0: 0x800040f8 (0x41440c33) sub     s8, s0, s4
core   0: 3 0x800040f8 (0x41440c33) x24 0xc52891df
core   0: 0x800040fc (0x005808b3) add     a7, a6, t0
core   0: 3 0x800040fc (0x005808b3) x17 0x80018ce4
core   0: 0x80004100 (0x00fb0db3) add     s11, s6, a5
core   0: 3 0x80004100 (0x00fb0db3) x27 0xffffffff
core   0: 0x80004104 (0x00573fb3) sltu    t6, a4, t0
core   0: 3 0x80004104 (0x00573fb3) x31 0x00000000
core   0: 0x80004108 (0x02d34433) div     s0, t1, a3
core   0: 3 0x80004108 (0x02d34433) x 8 0x5d496000
core   0: 0x8000410c (0x020573b3) remu    t2, a0, zero
core   0: 3 0x8000410c (0x020573b3) x 7 0x00000000
core   0: 0x80004110 (0x007b3eb3) sltu    t4, s6, t2
core   0: 3 0x80004110 (0x007b3eb3) x29 0x00000000
core   0: 0x80004114 (0x006a9193) slli    gp, s5, 6
core   0: 3 0x80004114 (0x006a9193) x 3 0x00000040
core   0: 0x80004118 (0x401457b3) sra     a5, s0, ra
core   0: 3 0x80004118 (0x401457b3) x15 0x5d496000
core   0: 0x8000411c (0x01620533) add     a0, tp, s6
core   0: 3 0x8000411c (0x01620533) x10 0x00000000
core   0: 0x80004120 (0x02ca10b3) mulh    ra, s4, a2
core   0: 3 0x80004120 (0x02ca10b3) x 1 0x00000000
core   0: 0x80004124 (0x007e5693) srli    a3, t3, 7
core   0: 3 0x80004124 (0x007e5693) x13 0x017a2f40
core   0: 0x80004128 (0x005b6c33) or      s8, s6, t0
core   0: 3 0x80004128 (0x005b6c33) x24 0x00000000
core   0: 0x8000412c (0x01295d93) srli    s11, s2, 18
core   0: 3 0x8000412c (0x01295d93) x27 0x0000375b
core   0: 0x80004130 (0x87635797) auipc   a5, 0x87635
core   0: 3 0x80004130 (0x87635797) x15 0x07639130
core   0: 0x80004134 (0x00230033) add     zero, t1, sp
core   0: 3 0x80004134 (0x00230033)
core   0: 0x80004138 (0x03e87bb3) remu    s7, a6, t5
core   0: 3 0x80004138 (0x03e87bb3) x23 0x80018ce4
core   0: 0x8000413c (0xa0013b13) sltiu   s6, sp, -1536
core   0: 3 0x8000413c (0xa0013b13) x22 0x00000001
core   0: 0x80004140 (0x8f64d317) auipc   t1, 0x8f64d
core   0: 3 0x80004140 (0x8f64d317) x 6 0x0f651140
core   0: 0x80004144 (0x00c55bb3) srl     s7, a0, a2
core   0: 3 0x80004144 (0x00c55bb3) x23 0x00000000
core   0: 0x80004148 (0x41b889b3) sub     s3, a7, s11
core   0: 3 0x80004148 (0x41b889b3) x19 0x80015589
core   0: 0x8000414c (0x29773d93) sltiu   s11, a4, 663
core   0: 3 0x8000414c (0x29773d93) x27 0x00000001
core   0: 0x80004150 (0x036770b3) remu    ra, a4, s6
core   0: 3 0x80004150 (0x036770b3) x 1 0x00000000
core   0: 0x80004154 (0xe44e5437) lui     s0, 0xe44e5
core   0: 3 0x80004154 (0xe44e5437) x 8 0xe44e5000
core   0: 0x80004158 (0x0342d733) divu    a4, t0, s4
core   0: 3 0x80004158 (0x0342d733) x14 0x00000000
core   0: 0x8000415c (0x00db3eb3) sltu    t4, s6, a3
core   0: 3 0x8000415c (0x00db3eb3) x29 0x00000001
core   0: 0x80004160 (0x00f3bb33) sltu    s6, t2, a5
core   0: 3 0x80004160 (0x00f3bb33) x22 0x00000001
core   0: 0x80004164 (0x00b8a333) slt     t1, a7, a1
core   0: 3 0x80004164 (0x00b8a333) x 6 0x00000001
core   0: 0x80004168 (0x02c33f33) mulhu   t5, t1, a2
core   0: 3 0x80004168 (0x02c33f33) x30 0x00000000
core   0: 0x8000416c (0x413edcb3) sra     s9, t4, s3
core   0: 3 0x8000416c (0x413edcb3) x25 0x00000000
core   0: 0x80004170 (0x40210b33) sub     s6, sp, sp
core   0: 3 0x80004170 (0x40210b33) x22 0x00000000
core   0: 0x80004174 (0x02516933) rem     s2, sp, t0
core   0: 3 0x80004174 (0x02516933) x18 0x00000000
core   0: 0x80004178 (0x41265eb3) sra     t4, a2, s2
core   0: 3 0x80004178 (0x41265eb3) x29 0x00000000
core   0: 0x8000417c (0x00000013) nop
core   0: 3 0x8000417c (0x00000013)
core   0: 0x80004180 (0x78f4c593) xori    a1, s1, 1935
core   0: 3 0x80004180 (0x78f4c593) x11 0x800149eb
core   0: 0x80004184 (0x0185b033) sltu    zero, a1, s8
core   0: 3 0x80004184 (0x0185b033)
core   0: 0x80004188 (0x169b8393) addi    t2, s7, 361
core   0: 3 0x80004188 (0x169b8393) x 7 0x00000169
core   0: 0x8000418c (0x40f05f33) sra     t5, zero, a5
core   0: 3 0x8000418c (0x40f05f33) x30 0x00000000
core   0: 0x80004190 (0xcfe87d97) auipc   s11, 0xcfe87
core   0: 3 0x80004190 (0xcfe87d97) x27 0x4fe8b190
core   0: 0x80004194 (0x00e349b3) xor     s3, t1, a4
core   0: 3 0x80004194 (0x00e349b3) x19 0x00000001
core   0: 0x80004198 (0xde280337) lui     t1, 0xde280
core   0: 3 0x80004198 (0xde280337) x 6 0xde280000
core   0: 0x8000419c (0x02722233) mulhsu  tp, tp, t2
core   0: 3 0x8000419c (0x02722233) x 4 0x00000000
core   0: 0x800041a0 (0x02f732b3) mulhu   t0, a4, a5
core   0: 3 0x800041a0 (0x02f732b3) x 5 0x00000000
core   0: 0x800041a4 (0x409ed793) srai    a5, t4, 9
core   0: 3 0x800041a4 (0x409ed793) x15 0x00000000
core   0: 0x800041a8 (0x57cfa093) slti    ra, t6, 1404
core   0: 3 0x800041a8 (0x57cfa093) x 1 0x00000001
core   0: 0x800041ac (0x00423533) sltu    a0, tp, tp
core   0: 3 0x800041ac (0x00423533) x10 0x00000000
core   0: 0x800041b0 (0x5b60fc13) andi    s8, ra, 1462
core   0: 3 0x800041b0 (0x5b60fc13) x24 0x00000000
core   0: 0x800041b4 (0x014ae133) or      sp, s5, s4
core   0: 3 0x800041b4 (0x014ae133) x 2 0xbad8bc85
core   0: 0x800041b8 (0x983a8d13) addi    s10, s5, -1661
core   0: 3 0x800041b8 (0x983a8d13) x26 0xfffff984
core   0: 0x800041bc (0x0174afb3) slt     t6, s1, s7
core   0: 3 0x800041bc (0x0174afb3) x31 0x00000001
core   0: 0x800041c0 (0x72473237) lui     tp, 0x72473
core   0: 3 0x800041c0 (0x72473237) x 4 0x72473000
core   0: 0x800041c4 (0x02738cb3) mul     s9, t2, t2
core   0: 3 0x800041c4 (0x02738cb3) x25 0x0001fd11
core   0: 0x800041c8 (0x03e80c33) mul     s8, a6, t5
core   0: 3 0x800041c8 (0x03e80c33) x24 0x00000000
core   0: 0x800041cc (0x016c9133) sll     sp, s9, s6
core   0: 3 0x800041cc (0x016c9133) x 2 0x0001fd11
core   0: 0x800041d0 (0x013e1233) sll     tp, t3, s3
core   0: 3 0x800041d0 (0x013e1233) x 4 0x7a2f4038
core   0: 0x800041d4 (0x001b9913) slli    s2, s7, 1
core   0: 3 0x800041d4 (0x001b9913) x18 0x00000000
core   0: 0x800041d8 (0x7d557313) andi    t1, a0, 2005
core   0: 3 0x800041d8 (0x7d557313) x 6 0x00000000
core   0: 0x800041dc (0x3f38fb13) andi    s6, a7, 1011
core   0: 3 0x800041dc (0x3f38fb13) x22 0x000000e0
core   0: 0x800041e0 (0x41ff5f93) srai    t6, t5, 31
core   0: 3 0x800041e0 (0x41ff5f93) x31 0x00000000
core   0: 0x800041e4 (0x02255733) divu    a4, a0, sp
core   0: 3 0x800041e4 (0x02255733) x14 0x00000000
core   0: 0x800041e8 (0x009c8433) add     s0, s9, s1
core   0: 3 0x800041e8 (0x009c8433) x 8 0x80034b75
core   0: 0x800041ec (0xee568213) addi    tp, a3, -283
core   0: 3 0x800041ec (0xee568213) x 4 0x017a2e25
core   0: 0x800041f0 (0x01dd0cb3) add     s9, s10, t4
core   0: 3 0x800041f0 (0x01dd0cb3) x25 0xfffff984
core   0: 0x800041f4 (0x03d6f133) remu    sp, a3, t4
core   0: 3 0x800041f4 (0x03d6f133) x 2 0x017a2f40
core   0: 0x800041f8 (0x0037ac33) slt     s8, a5, gp
core   0: 3 0x800041f8 (0x0037ac33) x24 0x00000001
core   0: 0x800041fc (0x018003b3) add     t2, zero, s8
core   0: 3 0x800041fc (0x018003b3) x 7 0x00000001
core   0: 0x80004200 (0x0349a233) mulhsu  tp, s3, s4
core   0: 3 0x80004200 (0x0349a233) x 4 0x00000000
core   0: 0x80004204 (0x7f52f593) andi    a1, t0, 2037
core   0: 3 0x80004204 (0x7f52f593) x11 0x00000000
core   0: 0x80004208 (0x41a85313) srai    t1, a6, 26
core   0: 3 0x80004208 (0x41a85313) x 6 0xffffffe0
core   0: 0x8000420c (0x00000013) nop
core   0: 3 0x8000420c (0x00000013)
core   0: 0x80004210 (0xf33d2093) slti    ra, s10, -205
core   0: 3 0x80004210 (0xf33d2093) x 1 0x00000001
core   0: 0x80004214 (0x01afcdb3) xor     s11, t6, s10
core   0: 3 0x80004214 (0x01afcdb3) x27 0xfffff984
core   0: 0x80004218 (0x487a3413) sltiu   s0, s4, 1159
core   0: 3 0x80004218 (0x487a3413) x 8 0x00000000
core   0: 0x8000421c (0x00fd7ab3) and     s5, s10, a5
core   0: 3 0x8000421c (0x00fd7ab3) x21 0x00000000
core   0: 0x80004220 (0x012b65b3) or      a1, s6, s2
core   0: 3 0x80004220 (0x012b65b3) x11 0x000000e0
core   0: 0x80004224 (0xe8820f93) addi    t6, tp, -376
core   0: 3 0x80004224 (0xe8820f93) x31 0xfffffe88
core   0: 0x80004228 (0x025b22b3) mulhsu  t0, s6, t0
core   0: 3 0x80004228 (0x025b22b3) x 5 0x00000000
core   0: 0x8000422c (0x9c2ef413) andi    s0, t4, -1598
core   0: 3 0x8000422c (0x9c2ef413) x 8 0x00000000
core   0: 0x80004230 (0xa1f7ad93) slti    s11, a5, -1505
core   0: 3 0x80004230 (0xa1f7ad93) x27 0x00000000
core   0: 0x80004234 (0x01900033) add     zero, zero, s9
core   0: 3 0x80004234 (0x01900033)
core   0: 0x80004238 (0x031fc633) div     a2, t6, a7
core   0: 3 0x80004238 (0x031fc633) x12 0x00000000
core   0: 0x8000423c (0x0057f9b3) and     s3, a5, t0
core   0: 3 0x8000423c (0x0057f9b3) x19 0x00000000
core   0: 0x80004240 (0x035bc433) div     s0, s7, s5
core   0: 3 0x80004240 (0x035bc433) x 8 0xffffffff
core   0: 0x80004244 (0x997aa237) lui     tp, 0x997aa
core   0: 3 0x80004244 (0x997aa237) x 4 0x997aa000
core   0: 0x80004248 (0x00615913) srli    s2, sp, 6
core   0: 3 0x80004248 (0x00615913) x18 0x0005e8bd
core   0: 0x8000424c (0x025da1b3) mulhsu  gp, s11, t0
core   0: 3 0x8000424c (0x025da1b3) x 3 0x00000000
core   0: 0x80004250 (0x02857f33) remu    t5, a0, s0
core   0: 3 0x80004250 (0x02857f33) x30 0x00000000
core   0: 0x80004254 (0x4131deb3) sra     t4, gp, s3
core   0: 3 0x80004254 (0x4131deb3) x29 0x00000000
core   0: 0x80004258 (0xe536f6b7) lui     a3, 0xe536f
core   0: 3 0x80004258 (0xe536f6b7) x13 0xe536f000
core   0: 0x8000425c (0xee71af13) slti    t5, gp, -281
core   0: 3 0x8000425c (0xee71af13) x30 0x00000000
core   0: 0x80004260 (0x416d0b33) sub     s6, s10, s6
core   0: 3 0x80004260 (0x416d0b33) x22 0xfffff8a4
core   0: 0x80004264 (0x414c58b3) sra     a7, s8, s4
core   0: 3 0x80004264 (0x414c58b3) x17 0x00000000
core   0: 0x80004268 (0x534ebfb7) lui     t6, 0x534eb
core   0: 3 0x80004268 (0x534ebfb7) x31 0x534eb000
core   0: 0x8000426c (0x402a5d93) srai    s11, s4, 2
core   0: 3 0x8000426c (0x402a5d93) x27 0xeeb62f21
core   0: 0x80004270 (0x02702eb3) mulhsu  t4, zero, t2
core   0: 3 0x80004270 (0x02702eb3) x29 0x00000000
core   0: 0x80004274 (0x006f2b33) slt     s6, t5, t1
core   0: 3 0x80004274 (0x006f2b33) x22 0x00000000
core   0: 0x80004278 (0xd099c613) xori    a2, s3, -759
core   0: 3 0x80004278 (0xd099c613) x12 0xfffffd09
core   0: 0x8000427c (0x03fda233) mulhsu  tp, s11, t6
core   0: 3 0x8000427c (0x03fda233) x 4 0xfa5fc0e7
core   0: 0x80004280 (0x014dbb33) sltu    s6, s11, s4
core   0: 3 0x80004280 (0x014dbb33) x22 0x00000000
core   0: 0x80004284 (0x03671733) mulh    a4, a4, s6
core   0: 3 0x80004284 (0x03671733) x14 0x00000000
core   0: 0x80004288 (0x60733f13) sltiu   t5, t1, 1543
core   0: 3 0x80004288 (0x60733f13) x30 0x00000000
core   0: 0x8000428c (0x015b5d93) srli    s11, s6, 21
core   0: 3 0x8000428c (0x015b5d93) x27 0x00000000
core   0: 0x80004290 (0x00000013) nop
core   0: 3 0x80004290 (0x00000013)
core   0: 0x80004294 (0x01b198b3) sll     a7, gp, s11
core   0: 3 0x80004294 (0x01b198b3) x17 0x00000000
core   0: 0x80004298 (0x6d5d7793) andi    a5, s10, 1749
core   0: 3 0x80004298 (0x6d5d7793) x15 0x00000084
core   0: 0x8000429c (0x410dd333) sra     t1, s11, a6
core   0: 3 0x8000429c (0x410dd333) x 6 0x00000000
core   0: 0x800042a0 (0x14d9d3b7) lui     t2, 0x14d9d
core   0: 3 0x800042a0 (0x14d9d3b7) x 7 0x14d9d000
core   0: 0x800042a4 (0x015d5a93) srli    s5, s10, 21
core   0: 3 0x800042a4 (0x015d5a93) x21 0x000007ff
core   0: 0x800042a8 (0x00cc85b3) add     a1, s9, a2
core   0: 3 0x800042a8 (0x00cc85b3) x11 0xfffff68d
core   0: 0x800042ac (0x00641213) slli    tp, s0, 6
core   0: 3 0x800042ac (0x00641213) x 4 0xffffffc0
core   0: 0x800042b0 (0x03db7233) remu    tp, s6, t4
core   0: 3 0x800042b0 (0x03db7233) x 4 0x00000000
core   0: 0x800042b4 (0x9df38997) auipc   s3, 0x9df38
core   0: 3 0x800042b4 (0x9df38997) x19 0x1df3c2b4
core   0: 0x800042b8 (0x01adadb3) slt     s11, s11, s10
core   0: 3 0x800042b8 (0x01adadb3) x27 0x00000000
core   0: 0x800042bc (0x01d6fbb3) and     s7, a3, t4
core   0: 3 0x800042bc (0x01d6fbb3) x23 0x00000000
core   0: 0x800042c0 (0x0327b433) mulhu   s0, a5, s2
core   0: 3 0x800042c0 (0x0327b433) x 8 0x00000000
core   0: 0x800042c4 (0xaca30613) addi    a2, t1, -1334
core   0: 3 0x800042c4 (0xaca30613) x12 0xfffffaca
core   0: 0x800042c8 (0x416a8733) sub     a4, s5, s6
core   0: 3 0x800042c8 (0x416a8733) x14 0x000007ff
core   0: 0x800042cc (0x82d36b13) ori     s6, t1, -2003
core   0: 3 0x800042cc (0x82d36b13) x22 0xfffff82d
core   0: 0x800042d0 (0x41e986b3) sub     a3, s3, t5
core   0: 3 0x800042d0 (0x41e986b3) x13 0x1df3c2b4
core   0: 0x800042d4 (0xfd234d93) xori    s11, t1, -46
core   0: 3 0x800042d4 (0xfd234d93) x27 0xffffffd2
core   0: 0x800042d8 (0x41cb5b13) srai    s6, s6, 28
core   0: 3 0x800042d8 (0x41cb5b13) x22 0xffffffff
core   0: 0x800042dc (0x806d36b7) lui     a3, 0x806d3
core   0: 3 0x800042dc (0x806d36b7) x13 0x806d3000
core   0: 0x800042e0 (0x00ba3533) sltu    a0, s4, a1
core   0: 3 0x800042e0 (0x00ba3533) x10 0x00000001
core   0: 0x800042e4 (0x011e5293) srli    t0, t3, 17
core   0: 3 0x800042e4 (0x011e5293) x 5 0x00005e8b
core   0: 0x800042e8 (0x40840033) sub     zero, s0, s0
core   0: 3 0x800042e8 (0x40840033)
core   0: 0x800042ec (0x03680cb3) mul     s9, a6, s6
core   0: 3 0x800042ec (0x03680cb3) x25 0x7ffe731c
core   0: 0x800042f0 (0x017deb33) or      s6, s11, s7
core   0: 3 0x800042f0 (0x017deb33) x22 0xffffffd2
core   0: 0x800042f4 (0x001035b3) snez    a1, ra
core   0: 3 0x800042f4 (0x001035b3) x11 0x00000001
core   0: 0x800042f8 (0x012bebb3) or      s7, s7, s2
core   0: 3 0x800042f8 (0x012bebb3) x23 0x0005e8bd
core   0: 0x800042fc (0x030b8f33) mul     t5, s7, a6
core   0: 3 0x800042fc (0x030b8f33) x30 0xa947a454
core   0: 0x80004300 (0x01643cb3) sltu    s9, s0, s6
core   0: 3 0x80004300 (0x01643cb3) x25 0x00000001
core   0: 0x80004304 (0x001e9413) slli    s0, t4, 1
core   0: 3 0x80004304 (0x001e9413) x 8 0x00000000
core   0: 0x80004308 (0x0302b133) mulhu   sp, t0, a6
core   0: 3 0x80004308 (0x0302b133) x 2 0x00002f46
core   0: 0x8000430c (0x41858d33) sub     s10, a1, s8
core   0: 3 0x8000430c (0x41858d33) x26 0x00000000
core   0: 0x80004310 (0x01e95b33) srl     s6, s2, t5
core   0: 3 0x80004310 (0x01e95b33) x22 0x00000000
core   0: 0x80004314 (0x014ab133) sltu    sp, s5, s4
core   0: 3 0x80004314 (0x014ab133) x 2 0x00000001
core   0: 0x80004318 (0x01399913) slli    s2, s3, 19
core   0: 3 0x80004318 (0x01399913) x18 0x15a00000
core   0: 0x8000431c (0x00267233) and     tp, a2, sp
core   0: 3 0x8000431c (0x00267233) x 4 0x00000000
core   0: 0x80004320 (0x7e2a7893) andi    a7, s4, 2018
core   0: 3 0x80004320 (0x7e2a7893) x17 0x00000480
core   0: 0x80004324 (0x4112d8b3) sra     a7, t0, a7
core   0: 3 0x80004324 (0x4112d8b3) x17 0x00005e8b
core   0: 0x80004328 (0x022902b3) mul     t0, s2, sp
core   0: 3 0x80004328 (0x022902b3) x 5 0x15a00000
core   0: 0x8000432c (0x00000013) nop
core   0: 3 0x8000432c (0x00000013)
core   0: 0x80004330 (0x028c9033) mulh    zero, s9, s0
core   0: 3 0x80004330 (0x028c9033)
core   0: 0x80004334 (0x02df6733) rem     a4, t5, a3
core   0: 3 0x80004334 (0x02df6733) x14 0xa947a454
core   0: 0x80004338 (0x00000013) nop
core   0: 3 0x80004338 (0x00000013)
core   0: 0x8000433c (0x418903b3) sub     t2, s2, s8
core   0: 3 0x8000433c (0x418903b3) x 7 0x159fffff
core   0: 0x80004340 (0x01b63ab3) sltu    s5, a2, s11
core   0: 3 0x80004340 (0x01b63ab3) x21 0x00000001
core   0: 0x80004344 (0x8f841b17) auipc   s6, 0x8f841
core   0: 3 0x80004344 (0x8f841b17) x22 0x0f845344
core   0: 0x80004348 (0x001c56b3) srl     a3, s8, ra
core   0: 3 0x80004348 (0x001c56b3) x13 0x00000000
core   0: 0x8000434c (0x0000b233) sltu    tp, ra, zero
core   0: 3 0x8000434c (0x0000b233) x 4 0x00000000
core   0: 0x80004350 (0x04d49197) auipc   gp, 0x4d49
core   0: 3 0x80004350 (0x04d49197) x 3 0x84d4d350
core   0: 0x80004354 (0x03941db3) mulh    s11, s0, s9
core   0: 3 0x80004354 (0x03941db3) x27 0x00000000
core   0: 0x80004358 (0x03eaaab3) mulhsu  s5, s5, t5
core   0: 3 0x80004358 (0x03eaaab3) x21 0x00000000
core   0: 0x8000435c (0x5511a0b7) lui     ra, 0x5511a
core   0: 3 0x8000435c (0x5511a0b7) x 1 0x5511a000
core   0: 0x80004360 (0x00c205b3) add     a1, tp, a2
core   0: 3 0x80004360 (0x00c205b3) x11 0xfffffaca
core   0: 0x80004364 (0x0193ffb3) and     t6, t2, s9
core   0: 3 0x80004364 (0x0193ffb3) x31 0x00000001
core   0: 0x80004368 (0x01851a93) slli    s5, a0, 24
core   0: 3 0x80004368 (0x01851a93) x21 0x01000000
core   0: 0x8000436c (0x40035bb3) sra     s7, t1, zero
core   0: 3 0x8000436c (0x40035bb3) x23 0x00000000
core   0: 0x80004370 (0x02d4e933) rem     s2, s1, a3
core   0: 3 0x80004370 (0x02d4e933) x18 0x80014e64
core   0: 0x80004374 (0x00d7eab3) or      s5, a5, a3
core   0: 3 0x80004374 (0x00d7eab3) x21 0x00000084
core   0: 0x80004378 (0xcb010593) addi    a1, sp, -848
core   0: 3 0x80004378 (0xcb010593) x11 0xfffffcb1
core   0: 0x8000437c (0x00f54b33) xor     s6, a0, a5
core   0: 3 0x8000437c (0x00f54b33) x22 0x00000085
core   0: 0x80004380 (0xe1f5af13) slti    t5, a1, -481
core   0: 3 0x80004380 (0xe1f5af13) x30 0x00000001
core   0: 0x80004384 (0x4c421b37) lui     s6, 0x4c421
core   0: 3 0x80004384 (0x4c421b37) x22 0x4c421000
core   0: 0x80004388 (0x016406b3) add     a3, s0, s6
core   0: 3 0x80004388 (0x016406b3) x13 0x4c421000
core   0: 0x8000438c (0x3d37bb13) sltiu   s6, a5, 979
core   0: 3 0x8000438c (0x3d37bb13) x22 0x00000001
core   0: 0x80004390 (0x001e0bb3) add     s7, t3, ra
core   0: 3 0x80004390 (0x001e0bb3) x23 0x1229401c
core   0: 0x80004394 (0x03efeeb3) rem     t4, t6, t5
core   0: 3 0x80004394 (0x03efeeb3) x29 0x00000000
core   0: 0x80004398 (0x003d5b33) srl     s6, s10, gp
core   0: 3 0x80004398 (0x003d5b33) x22 0x00000000
core   0: 0x8000439c (0x66b6bb13) sltiu   s6, a3, 1643
core   0: 3 0x8000439c (0x66b6bb13) x22 0x00000000
core   0: 0x800043a0 (0x02975db3) divu    s11, a4, s1
core   0: 3 0x800043a0 (0x02975db3) x27 0x00000001
core   0: 0x800043a4 (0x0304d233) divu    tp, s1, a6
core   0: 3 0x800043a4 (0x0304d233) x 4 0x00000000
core   0: 0x800043a8 (0x2c9d2393) slti    t2, s10, 713
core   0: 3 0x800043a8 (0x2c9d2393) x 7 0x00000001
core   0: 0x800043ac (0x03958eb3) mul     t4, a1, s9
core   0: 3 0x800043ac (0x03958eb3) x29 0xfffffcb1
core   0: 0x800043b0 (0x01bc9893) slli    a7, s9, 27
core   0: 3 0x800043b0 (0x01bc9893) x17 0x08000000
core   0: 0x800043b4 (0x01771c13) slli    s8, a4, 23
core   0: 3 0x800043b4 (0x01771c13) x24 0x2a000000
core   0: 0x800043b8 (0x00e80fb3) add     t6, a6, a4
core   0: 3 0x800043b8 (0x00e80fb3) x31 0x29493138
core   0: 0x800043bc (0x019863b3) or      t2, a6, s9
core   0: 3 0x800043bc (0x019863b3) x 7 0x80018ce5
core   0: 0x800043c0 (0x037382b3) mul     t0, t2, s7
core   0: 3 0x800043c0 (0x037382b3) x 5 0x0e11a90c
core   0: 0x800043c4 (0x03343133) mulhu   sp, s0, s3
core   0: 3 0x800043c4 (0x03343133) x 2 0x00000000
core   0: 0x800043c8 (0x00905b13) srli    s6, zero, 9
core   0: 3 0x800043c8 (0x00905b13) x22 0x00000000
core   0: 0x800043cc (0x00f76c33) or      s8, a4, a5
core   0: 3 0x800043cc (0x00f76c33) x24 0xa947a4d4
core   0: 0x800043d0 (0xd67f8e93) addi    t4, t6, -665
core   0: 3 0x800043d0 (0xd67f8e93) x29 0x29492e9f
core   0: 0x800043d4 (0x03dfbcb3) mulhu   s9, t6, t4
core   0: 3 0x800043d4 (0x03dfbcb3) x25 0x06a88645
core   0: 0x800043d8 (0x03cebf33) mulhu   t5, t4, t3
core   0: 3 0x800043d8 (0x03cebf33) x30 0x1e7ed6d0
core   0: 0x800043dc (0x009e3cb3) sltu    s9, t3, s1
core   0: 3 0x800043dc (0x009e3cb3) x25 0x00000000
core   0: 0x800043e0 (0x003de333) or      t1, s11, gp
core   0: 3 0x800043e0 (0x003de333) x 6 0x84d4d351
core   0: 0x800043e4 (0x03c192b3) mulh    t0, gp, t3
core   0: 3 0x800043e4 (0x03c192b3) x 5 0x2030eec8
core   0: 0x800043e8 (0x00aec533) xor     a0, t4, a0
core   0: 3 0x800043e8 (0x00aec533) x10 0x29492e9e
core   0: 0x800043ec (0x00abd213) srli    tp, s7, 10
core   0: 3 0x800043ec (0x00abd213) x 4 0x00048a50
core   0: 0x800043f0 (0x027f42b3) div     t0, t5, t2
core   0: 3 0x800043f0 (0x027f42b3) x 5 0x00000000
core   0: 0x800043f4 (0x01f49013) slli    zero, s1, 31
core   0: 3 0x800043f4 (0x01f49013)
core   0: 0x800043f8 (0x02a32b33) mulhsu  s6, t1, a0
core   0: 3 0x800043f8 (0x02a32b33) x22 0xec22e01a
core   0: 0x800043fc (0x034426b3) mulhsu  a3, s0, s4
core   0: 3 0x800043fc (0x034426b3) x13 0x00000000
core   0: 0x80004400 (0x018f4433) xor     s0, t5, s8
core   0: 3 0x80004400 (0x018f4433) x 8 0xb7397204
core   0: 0x80004404 (0x02644133) div     sp, s0, t1
core   0: 3 0x80004404 (0x02644133) x 2 0x00000000
core   0: 0x80004408 (0x03a7a6b3) mulhsu  a3, a5, s10
core   0: 3 0x80004408 (0x03a7a6b3) x13 0x00000000
core   0: 0x8000440c (0x45b3ff93) andi    t6, t2, 1115
core   0: 3 0x8000440c (0x45b3ff93) x31 0x00000441
core   0: 0x80004410 (0x0127a9b3) slt     s3, a5, s2
core   0: 3 0x80004410 (0x0127a9b3) x19 0x00000000
core   0: 0x80004414 (0x00ec07b3) add     a5, s8, a4
core   0: 3 0x80004414 (0x00ec07b3) x15 0x528f4928
core   0: 0x80004418 (0x032db533) mulhu   a0, s11, s2
core   0: 3 0x80004418 (0x032db533) x10 0x00000000
core   0: 0x8000441c (0x412f5193) srai    gp, t5, 18
core   0: 3 0x8000441c (0x412f5193) x 3 0x0000079f
core   0: 0x80004420 (0x00ef3e33) sltu    t3, t5, a4
core   0: 3 0x80004420 (0x00ef3e33) x28 0x00000001
core   0: 0x80004424 (0x033ff3b3) remu    t2, t6, s3
core   0: 3 0x80004424 (0x033ff3b3) x 7 0x00000441
core   0: 0x80004428 (0x6b11f597) auipc   a1, 0x6b11f
core   0: 3 0x80004428 (0x6b11f597) x11 0xeb123428
core   0: 0x8000442c (0x038e3e33) mulhu   t3, t3, s8
core   0: 3 0x8000442c (0x038e3e33) x28 0x00000000
core   0: 0x80004430 (0x03dc0333) mul     t1, s8, t4
core   0: 3 0x80004430 (0x03dc0333) x 6 0xf79177ac
core   0: 0x80004434 (0x03bf3eb3) mulhu   t4, t5, s11
core   0: 3 0x80004434 (0x03bf3eb3) x29 0x00000000
core   0: 0x80004438 (0x02277eb3) remu    t4, a4, sp
core   0: 3 0x80004438 (0x02277eb3) x29 0xa947a454
core   0: 0x8000443c (0x0059b3b3) sltu    t2, s3, t0
core   0: 3 0x8000443c (0x0059b3b3) x 7 0x00000000
core   0: 0x80004440 (0x007a2eb3) slt     t4, s4, t2
core   0: 3 0x80004440 (0x007a2eb3) x29 0x00000001
core   0: 0x80004444 (0x0af99c17) auipc   s8, 0xaf99
core   0: 3 0x80004444 (0x0af99c17) x24 0x8af9d444
core   0: 0x80004448 (0x41ec8233) sub     tp, s9, t5
core   0: 3 0x80004448 (0x41ec8233) x 4 0xe1812930
core   0: 0x8000444c (0x3033f697) auipc   a3, 0x3033f
core   0: 3 0x8000444c (0x3033f697) x13 0xb034344c
core   0: 0x80004450 (0x002f5fb3) srl     t6, t5, sp
core   0: 3 0x80004450 (0x002f5fb3) x31 0x1e7ed6d0
core   0: 0x80004454 (0xeee53913) sltiu   s2, a0, -274
core   0: 3 0x80004454 (0xeee53913) x18 0x00000001
core   0: 0x80004458 (0x41b805b3) sub     a1, a6, s11
core   0: 3 0x80004458 (0x41b805b3) x11 0x80018ce3
core   0: 0x8000445c (0x00000013) nop
core   0: 3 0x8000445c (0x00000013)
core   0: 0x80004460 (0x00789913) slli    s2, a7, 7
core   0: 3 0x80004460 (0x00789913) x18 0x00000000
core   0: 0x80004464 (0x41eed993) srai    s3, t4, 30
core   0: 3 0x80004464 (0x41eed993) x19 0x00000000
core   0: 0x80004468 (0x02699333) mulh    t1, s3, t1
core   0: 3 0x80004468 (0x02699333) x 6 0x00000000
core   0: 0x8000446c (0x2c4cf413) andi    s0, s9, 708
core   0: 3 0x8000446c (0x2c4cf413) x 8 0x00000000
core   0: 0x80004470 (0x03186fb3) rem     t6, a6, a7
core   0: 3 0x80004470 (0x03186fb3) x31 0xf8018ce4
core   0: 0x80004474 (0x45076693) ori     a3, a4, 1104
core   0: 3 0x80004474 (0x45076693) x13 0xa947a454
core   0: 0x80004478 (0x00000013) nop
core   0: 3 0x80004478 (0x00000013)
core   0: 0x8000447c (0x033155b3) divu    a1, sp, s3
core   0: 3 0x8000447c (0x033155b3) x11 0xffffffff
core   0: 0x80004480 (0x24f98f97) auipc   t6, 0x24f98
core   0: 3 0x80004480 (0x24f98f97) x31 0xa4f9c480
core   0: 0x80004484 (0x02d789b3) mul     s3, a5, a3
core   0: 3 0x80004484 (0x02d789b3) x19 0x93f9a120
core   0: 0x80004488 (0x00f2bbb3) sltu    s7, t0, a5
core   0: 3 0x80004488 (0x00f2bbb3) x23 0x00000001
core   0: 0x8000448c (0x00000013) nop
core   0: 3 0x8000448c (0x00000013)
core   0: 0x80004490 (0x017dd213) srli    tp, s11, 23
core   0: 3 0x80004490 (0x017dd213) x 4 0x00000000
core   0: 0x80004494 (0x02448233) mul     tp, s1, tp
core   0: 3 0x80004494 (0x02448233) x 4 0x00000000
core   0: 0x80004498 (0x02260733) mul     a4, a2, sp
core   0: 3 0x80004498 (0x02260733) x14 0x00000000
core   0: 0x8000449c (0x00a0cfb3) xor     t6, ra, a0
core   0: 3 0x8000449c (0x00a0cfb3) x31 0x5511a000
core   0: 0x800044a0 (0x7c458c93) addi    s9, a1, 1988
core   0: 3 0x800044a0 (0x7c458c93) x25 0x000007c3
core   0: 0x800044a4 (0x012d2eb3) slt     t4, s10, s2
core   0: 3 0x800044a4 (0x012d2eb3) x29 0x00000000
core   0: 0x800044a8 (0x40735b93) srai    s7, t1, 7
core   0: 3 0x800044a8 (0x40735b93) x23 0x00000000
core   0: 0x800044ac (0x008cd733) srl     a4, s9, s0
core   0: 3 0x800044ac (0x008cd733) x14 0x000007c3
core   0: 0x800044b0 (0x00999e33) sll     t3, s3, s1
core   0: 3 0x800044b0 (0x00999e33) x28 0x3f9a1200
core   0: 0x800044b4 (0x01a66db3) or      s11, a2, s10
core   0: 3 0x800044b4 (0x01a66db3) x27 0xfffffaca
core   0: 0x800044b8 (0x01cdcc33) xor     s8, s11, t3
core   0: 3 0x800044b8 (0x01cdcc33) x24 0xc065e8ca
core   0: 0x800044bc (0x63b6f593) andi    a1, a3, 1595
core   0: 3 0x800044bc (0x63b6f593) x11 0x00000410
core   0: 0x800044c0 (0xdabe8693) addi    a3, t4, -597
core   0: 3 0x800044c0 (0xdabe8693) x13 0xfffffdab
core   0: 0x800044c4 (0x02039533) mulh    a0, t2, zero
core   0: 3 0x800044c4 (0x02039533) x10 0x00000000
core   0: 0x800044c8 (0x40fbd593) srai    a1, s7, 15
core   0: 3 0x800044c8 (0x40fbd593) x11 0x00000000
core   0: 0x800044cc (0x2d24e913) ori     s2, s1, 722
core   0: 3 0x800044cc (0x2d24e913) x18 0x80014ef6
core   0: 0x800044d0 (0x02b9afb3) mulhsu  t6, s3, a1
core   0: 3 0x800044d0 (0x02b9afb3) x31 0x00000000
core   0: 0x800044d4 (0x68d3fe13) andi    t3, t2, 1677
core   0: 3 0x800044d4 (0x68d3fe13) x28 0x00000000
core   0: 0x800044d8 (0x01581713) slli    a4, a6, 21
core   0: 3 0x800044d8 (0x01581713) x14 0x9c800000
core   0: 0x800044dc (0xdd0e2b93) slti    s7, t3, -560
core   0: 3 0x800044dc (0xdd0e2b93) x23 0x00000000
core   0: 0x800044e0 (0x03a6e2b3) rem     t0, a3, s10
core   0: 3 0x800044e0 (0x03a6e2b3) x 5 0xfffffdab
core   0: 0x800044e4 (0x1af9d8b7) lui     a7, 0x1af9d
core   0: 3 0x800044e4 (0x1af9d8b7) x17 0x1af9d000
core   0: 0x800044e8 (0x4116dc13) srai    s8, a3, 17
core   0: 3 0x800044e8 (0x4116dc13) x24 0xffffffff
core   0: 0x800044ec (0x002be633) or      a2, s7, sp
core   0: 3 0x800044ec (0x002be633) x12 0x00000000
core   0: 0x800044f0 (0xb10dbe17) auipc   t3, 0xb10db
core   0: 3 0x800044f0 (0xb10dbe17) x28 0x310df4f0
core   0: 0x800044f4 (0x0304eeb3) rem     t4, s1, a6
core   0: 3 0x800044f4 (0x0304eeb3) x29 0xffffc180
core   0: 0x800044f8 (0x41b88db3) sub     s11, a7, s11
core   0: 3 0x800044f8 (0x41b88db3) x27 0x1af9d536
core   0: 0x800044fc (0x12b95c17) auipc   s8, 0x12b95
core   0: 3 0x800044fc (0x12b95c17) x24 0x92b994fc
core   0: 0x80004500 (0x03bb5933) divu    s2, s6, s11
core   0: 3 0x80004500 (0x03bb5933) x18 0x00000008
core   0: 0x80004504 (0x1f2a3413) sltiu   s0, s4, 498
core   0: 3 0x80004504 (0x1f2a3413) x 8 0x00000000
core   0: 0x80004508 (0x03d098b3) mulh    a7, ra, t4
core   0: 3 0x80004508 (0x03d098b3) x17 0xffffeb3b
core   0: 0x8000450c (0x0239eab3) rem     s5, s3, gp
core   0: 3 0x8000450c (0x0239eab3) x21 0xfffffd17
core   0: 0x80004510 (0x41cb80b3) sub     ra, s7, t3
core   0: 3 0x80004510 (0x41cb80b3) x 1 0xcef20b10
core   0: 0x80004514 (0x56d08793) addi    a5, ra, 1389
core   0: 3 0x80004514 (0x56d08793) x15 0xcef2107d
core   0: 0x80004518 (0x4053dab3) sra     s5, t2, t0
core   0: 3 0x80004518 (0x4053dab3) x21 0x00000000
core   0: 0x8000451c (0x00249eb3) sll     t4, s1, sp
core   0: 3 0x8000451c (0x00249eb3) x29 0x80014e64
core   0: 0x80004520 (0x00cd20b3) slt     ra, s10, a2
core   0: 3 0x80004520 (0x00cd20b3) x 1 0x00000000
core   0: 0x80004524 (0x409f0433) sub     s0, t5, s1
core   0: 3 0x80004524 (0x409f0433) x 8 0x9e7d886c
core   0: 0x80004528 (0x00000013) nop
core   0: 3 0x80004528 (0x00000013)
core   0: 0x8000452c (0x037eb233) mulhu   tp, t4, s7
core   0: 3 0x8000452c (0x037eb233) x 4 0x00000000
core   0: 0x80004530 (0x01e42333) slt     t1, s0, t5
core   0: 3 0x80004530 (0x01e42333) x 6 0x00000001
core   0: 0x80004534 (0x40a4db93) srai    s7, s1, 10
core   0: 3 0x80004534 (0x40a4db93) x23 0xffe00053
core   0: 0x80004538 (0x0212fdb3) remu    s11, t0, ra
core   0: 3 0x80004538 (0x0212fdb3) x27 0xfffffdab
core   0: 0x8000453c (0x006f5133) srl     sp, t5, t1
core   0: 3 0x8000453c (0x006f5133) x 2 0x0f3f6b68
core   0: 0x80004540 (0x2311c993) xori    s3, gp, 561
core   0: 3 0x80004540 (0x2311c993) x19 0x000005ae
core   0: 0x80004544 (0x006e2fb3) slt     t6, t3, t1
core   0: 3 0x80004544 (0x006e2fb3) x31 0x00000000
core   0: 0x80004548 (0x01c730b3) sltu    ra, a4, t3
core   0: 3 0x80004548 (0x01c730b3) x 1 0x00000000
core   0: 0x8000454c (0x00c9d313) srli    t1, s3, 12
core   0: 3 0x8000454c (0x00c9d313) x 6 0x00000000
core   0: 0x80004550 (0x3559fe13) andi    t3, s3, 853
core   0: 3 0x80004550 (0x3559fe13) x28 0x00000104
core   0: 0x80004554 (0x6718d0b7) lui     ra, 0x6718d
core   0: 3 0x80004554 (0x6718d0b7) x 1 0x6718d000
core   0: 0x80004558 (0x0205d8b3) divu    a7, a1, zero
core   0: 3 0x80004558 (0x0205d8b3) x17 0xffffffff
core   0: 0x8000455c (0x023e7f33) remu    t5, t3, gp
core   0: 3 0x8000455c (0x023e7f33) x30 0x00000104
core   0: 0x80004560 (0x401b0433) sub     s0, s6, ra
core   0: 3 0x80004560 (0x401b0433) x 8 0x850a101a
core   0: 0x80004564 (0x96124993) xori    s3, tp, -1695
core   0: 3 0x80004564 (0x96124993) x19 0xfffff961
core   0: 0x80004568 (0x38fe3713) sltiu   a4, t3, 911
core   0: 3 0x80004568 (0x38fe3713) x14 0x00000001
core   0: 0x8000456c (0x01e8cab3) xor     s5, a7, t5
core   0: 3 0x8000456c (0x01e8cab3) x21 0xfffffefb
core   0: 0x80004570 (0x00a9d3b3) srl     t2, s3, a0
core   0: 3 0x80004570 (0x00a9d3b3) x 7 0xfffff961
core   0: 0x80004574 (0xec36b793) sltiu   a5, a3, -317
core   0: 3 0x80004574 (0xec36b793) x15 0x00000001
core   0: 0x80004578 (0x8850f417) auipc   s0, 0x8850f
core   0: 3 0x80004578 (0x8850f417) x 8 0x08513578
core   0: 0x8000457c (0x4a0e3213) sltiu   tp, t3, 1184
core   0: 3 0x8000457c (0x4a0e3213) x 4 0x00000001
core   0: 0x80004580 (0x0222e0b3) rem     ra, t0, sp
core   0: 3 0x80004580 (0x0222e0b3) x 1 0xfffffdab
core   0: 0x80004584 (0x013ebc33) sltu    s8, t4, s3
core   0: 3 0x80004584 (0x013ebc33) x24 0x00000001
core   0: 0x80004588 (0xcd0c8913) addi    s2, s9, -816
core   0: 3 0x80004588 (0xcd0c8913) x18 0x00000493
core   0: 0x8000458c (0x005cc1b3) xor     gp, s9, t0
core   0: 3 0x8000458c (0x005cc1b3) x 3 0xfffffa68
core   0: 0x80004590 (0x02422e33) mulhsu  t3, tp, tp
core   0: 3 0x80004590 (0x02422e33) x28 0x00000000
core   0: 0x80004594 (0x01288933) add     s2, a7, s2
core   0: 3 0x80004594 (0x01288933) x18 0x00000492
core   0: 0x80004598 (0x01025b33) srl     s6, tp, a6
core   0: 3 0x80004598 (0x01025b33) x22 0x00000000
core   0: 0x8000459c (0x8e18fa93) andi    s5, a7, -1823
core   0: 3 0x8000459c (0x8e18fa93) x21 0xfffff8e1
core   0: 0x800045a0 (0x033ad333) divu    t1, s5, s3
core   0: 3 0x800045a0 (0x033ad333) x 6 0x00000000
core   0: 0x800045a4 (0x40355c93) srai    s9, a0, 3
core   0: 3 0x800045a4 (0x40355c93) x25 0x00000000
core   0: 0x800045a8 (0xa220be37) lui     t3, 0xa220b
core   0: 3 0x800045a8 (0xa220be37) x28 0xa220b000
core   0: 0x800045ac (0xb5a0b013) sltiu   zero, ra, -1190
core   0: 3 0x800045ac (0xb5a0b013)
core   0: 0x800045b0 (0x015ad693) srli    a3, s5, 21
core   0: 3 0x800045b0 (0x015ad693) x13 0x000007ff
core   0: 0x800045b4 (0x41325b93) srai    s7, tp, 19
core   0: 3 0x800045b4 (0x41325b93) x23 0x00000000
core   0: 0x800045b8 (0x021f3b33) mulhu   s6, t5, ra
core   0: 3 0x800045b8 (0x021f3b33) x22 0x00000103
core   0: 0x800045bc (0x035001b3) mul     gp, zero, s5
core   0: 3 0x800045bc (0x035001b3) x 3 0x00000000
core   0: 0x800045c0 (0x01ce1eb3) sll     t4, t3, t3
core   0: 3 0x800045c0 (0x01ce1eb3) x29 0xa220b000
core   0: 0x800045c4 (0xc2800613) li      a2, -984
core   0: 3 0x800045c4 (0xc2800613) x12 0xfffffc28
core   0: 0x800045c8 (0x0282e033) rem     zero, t0, s0
core   0: 3 0x800045c8 (0x0282e033)
core   0: 0x800045cc (0x0322aeb3) mulhsu  t4, t0, s2
core   0: 3 0x800045cc (0x0322aeb3) x29 0xffffffff
core   0: 0x800045d0 (0xb8239317) auipc   t1, 0xb8239
core   0: 3 0x800045d0 (0xb8239317) x 6 0x3823d5d0
core   0: 0x800045d4 (0x02161733) mulh    a4, a2, ra
core   0: 3 0x800045d4 (0x02161733) x14 0x00000000
core   0: 0x800045d8 (0x003e13b3) sll     t2, t3, gp
core   0: 3 0x800045d8 (0x003e13b3) x 7 0xa220b000
core   0: 0x800045dc (0x036639b3) mulhu   s3, a2, s6
core   0: 3 0x800045dc (0x036639b3) x19 0x00000102
core   0: 0x800045e0 (0x00b45233) srl     tp, s0, a1
core   0: 3 0x800045e0 (0x00b45233) x 4 0x08513578
core   0: 0x800045e4 (0x0342c933) div     s2, t0, s4
core   0: 3 0x800045e4 (0x0342c933) x18 0x00000000
core   0: 0x800045e8 (0x03fd1f33) mulh    t5, s10, t6
core   0: 3 0x800045e8 (0x03fd1f33) x30 0x00000000
core   0: 0x800045ec (0x41dedc13) srai    s8, t4, 29
core   0: 3 0x800045ec (0x41dedc13) x24 0xffffffff
core   0: 0x800045f0 (0x02d485b3) mul     a1, s1, a3
core   0: 3 0x800045f0 (0x02d485b3) x11 0x8a71d19c
core   0: 0x800045f4 (0x031d0b33) mul     s6, s10, a7
core   0: 3 0x800045f4 (0x031d0b33) x22 0x00000000
core   0: 0x800045f8 (0x02999d33) mulh    s10, s3, s1
core   0: 3 0x800045f8 (0x02999d33) x26 0xffffff7f
core   0: 0x800045fc (0x001f1d33) sll     s10, t5, ra
core   0: 3 0x800045fc (0x001f1d33) x26 0x00000000
core   0: 0x80004600 (0x581f2b93) slti    s7, t5, 1409
core   0: 3 0x80004600 (0x581f2b93) x23 0x00000001
core   0: 0x80004604 (0x00000013) nop
core   0: 3 0x80004604 (0x00000013)
core   0: 0x80004608 (0x0251ef33) rem     t5, gp, t0
core   0: 3 0x80004608 (0x0251ef33) x30 0x00000000
core   0: 0x8000460c (0x03756133) rem     sp, a0, s7
core   0: 3 0x8000460c (0x03756133) x 2 0x00000000
core   0: 0x80004610 (0x00c0a533) slt     a0, ra, a2
core   0: 3 0x80004610 (0x00c0a533) x10 0x00000000
core   0: 0x80004614 (0x0056dd13) srli    s10, a3, 5
core   0: 3 0x80004614 (0x0056dd13) x26 0x0000003f
core   0: 0x80004618 (0x0275ecb3) rem     s9, a1, t2
core   0: 3 0x80004618 (0x0275ecb3) x25 0xe851219c
core   0: 0x8000461c (0x0150d2b3) srl     t0, ra, s5
core   0: 3 0x8000461c (0x0150d2b3) x 5 0x7ffffed5
core   0: 0x80004620 (0x009a7c33) and     s8, s4, s1
core   0: 3 0x80004620 (0x009a7c33) x24 0x80000c04
core   0: 0x80004624 (0x1a0fc713) xori    a4, t6, 416
core   0: 3 0x80004624 (0x1a0fc713) x14 0x000001a0
core   0: 0x80004628 (0x000c9d13) slli    s10, s9, 0
core   0: 3 0x80004628 (0x000c9d13) x26 0xe851219c
core   0: 0x8000462c (0x038587b3) mul     a5, a1, s8
core   0: 3 0x8000462c (0x038587b3) x15 0x7f9a9670
core   0: 0x80004630 (0x013daeb3) slt     t4, s11, s3
core   0: 3 0x80004630 (0x013daeb3) x29 0x00000001
core   0: 0x80004634 (0x01b41033) sll     zero, s0, s11
core   0: 3 0x80004634 (0x01b41033)
core   0: 0x80004638 (0x41510933) sub     s2, sp, s5
core   0: 3 0x80004638 (0x41510933) x18 0x0000071f
core   0: 0x8000463c (0x01b53133) sltu    sp, a0, s11
core   0: 3 0x8000463c (0x01b53133) x 2 0x00000001
core   0: 0x80004640 (0x00f35113) srli    sp, t1, 15
core   0: 3 0x80004640 (0x00f35113) x 2 0x00007047
core   0: 0x80004644 (0x006766b3) or      a3, a4, t1
core   0: 3 0x80004644 (0x006766b3) x13 0x3823d5f0
core   0: 0x80004648 (0x4b4626b7) lui     a3, 0x4b462
core   0: 3 0x80004648 (0x4b4626b7) x13 0x4b462000
core   0: 0x8000464c (0xfdb26e13) ori     t3, tp, -37
core   0: 3 0x8000464c (0xfdb26e13) x28 0xfffffffb
core   0: 0x80004650 (0x00275233) srl     tp, a4, sp
core   0: 3 0x80004650 (0x00275233) x 4 0x00000003
core   0: 0x80004654 (0x65297893) andi    a7, s2, 1618
core   0: 3 0x80004654 (0x65297893) x17 0x00000612
core   0: 0x80004658 (0x03c07433) remu    s0, zero, t3
core   0: 3 0x80004658 (0x03c07433) x 8 0x00000000
core   0: 0x8000465c (0x018a3333) sltu    t1, s4, s8
core   0: 3 0x8000465c (0x018a3333) x 6 0x00000000
core   0: 0x80004660 (0x01d2ae33) slt     t3, t0, t4
core   0: 3 0x80004660 (0x01d2ae33) x28 0x00000000
core   0: 0x80004664 (0xd8750217) auipc   tp, 0xd8750
core   0: 3 0x80004664 (0xd8750217) x 4 0x58754664
core   0: 0x80004668 (0x02c79133) mulh    sp, a5, a2
core   0: 3 0x80004668 (0x02c79133) x 2 0xfffffe15
core   0: 0x8000466c (0x00c9d713) srli    a4, s3, 12
core   0: 3 0x8000466c (0x00c9d713) x14 0x00000000
core   0: 0x80004670 (0x03b9c633) div     a2, s3, s11
core   0: 3 0x80004670 (0x03b9c633) x12 0x00000000
core   0: 0x80004674 (0x03fd8533) mul     a0, s11, t6
core   0: 3 0x80004674 (0x03fd8533) x10 0x00000000
core   0: 0x80004678 (0x01c54c33) xor     s8, a0, t3
core   0: 3 0x80004678 (0x01c54c33) x24 0x00000000
core   0: 0x8000467c (0x030e6533) rem     a0, t3, a6
core   0: 3 0x8000467c (0x030e6533) x10 0x00000000
core   0: 0x80004680 (0x03108b33) mul     s6, ra, a7
core   0: 3 0x80004680 (0x03108b33) x22 0xfff1d806
core   0: 0x80004684 (0x03cf6f33) rem     t5, t5, t3
core   0: 3 0x80004684 (0x03cf6f33) x30 0x00000000
core   0: 0x80004688 (0x2d430b13) addi    s6, t1, 724
core   0: 3 0x80004688 (0x2d430b13) x22 0x000002d4
core   0: 0x8000468c (0x74339017) auipc   zero, 0x74339
core   0: 3 0x8000468c (0x74339017)
core   0: 0x80004690 (0x412b51b3) sra     gp, s6, s2
core   0: 3 0x80004690 (0x412b51b3) x 3 0x00000000
core   0: 0x80004694 (0x0087b6b3) sltu    a3, a5, s0
core   0: 3 0x80004694 (0x0087b6b3) x13 0x00000000
core   0: 0x80004698 (0x0093e733) or      a4, t2, s1
core   0: 3 0x80004698 (0x0093e733) x14 0xa221fe64
core   0: 0x8000469c (0x02428633) mul     a2, t0, tp
core   0: 3 0x8000469c (0x02428633) x12 0xaf06c934
core   0: 0x800046a0 (0x03a84033) div     zero, a6, s10
core   0: 3 0x800046a0 (0x03a84033)
core   0: 0x800046a4 (0x0167fcb3) and     s9, a5, s6
core   0: 3 0x800046a4 (0x0167fcb3) x25 0x00000250
core   0: 0x800046a8 (0x401b8e33) sub     t3, s7, ra
core   0: 3 0x800046a8 (0x401b8e33) x28 0x00000256
core   0: 0x800046ac (0x0126d033) srl     zero, a3, s2
core   0: 3 0x800046ac (0x0126d033)
core   0: 0x800046b0 (0x03de58b3) divu    a7, t3, t4
core   0: 3 0x800046b0 (0x03de58b3) x17 0x00000256
core   0: 0x800046b4 (0x01e81213) slli    tp, a6, 30
core   0: 3 0x800046b4 (0x01e81213) x 4 0x00000000
core   0: 0x800046b8 (0x03e082b3) mul     t0, ra, t5
core   0: 3 0x800046b8 (0x03e082b3) x 5 0x00000000
core   0: 0x800046bc (0x418300b3) sub     ra, t1, s8
core   0: 3 0x800046bc (0x418300b3) x 1 0x00000000
core   0: 0x800046c0 (0x37dc4793) xori    a5, s8, 893
core   0: 3 0x800046c0 (0x37dc4793) x15 0x0000037d
core   0: 0x800046c4 (0x015ec633) xor     a2, t4, s5
core   0: 3 0x800046c4 (0x015ec633) x12 0xfffff8e0
core   0: 0x800046c8 (0xad756213) ori     tp, a0, -1321
core   0: 3 0x800046c8 (0xad756213) x 4 0xfffffad7
core   0: 0x800046cc (0x0183f533) and     a0, t2, s8
core   0: 3 0x800046cc (0x0183f533) x10 0x00000000
core   0: 0x800046d0 (0x02624cb3) div     s9, tp, t1
core   0: 3 0x800046d0 (0x02624cb3) x25 0xffffffff
core   0: 0x800046d4 (0x02ee0cb3) mul     s9, t3, a4
core   0: 3 0x800046d4 (0x02ee0cb3) x25 0xbb683d98
core   0: 0x800046d8 (0x44177137) lui     sp, 0x44177
core   0: 3 0x800046d8 (0x44177137) x 2 0x44177000
core   0: 0x800046dc (0x4173dd33) sra     s10, t2, s7
core   0: 3 0x800046dc (0x4173dd33) x26 0xd1105800
core   0: 0x800046e0 (0x364db793) sltiu   a5, s11, 868
core   0: 3 0x800046e0 (0x364db793) x15 0x00000000
core   0: 0x800046e4 (0x02630033) mul     zero, t1, t1
core   0: 3 0x800046e4 (0x02630033)
core   0: 0x800046e8 (0xb606b193) sltiu   gp, a3, -1184
core   0: 3 0x800046e8 (0xb606b193) x 3 0x00000001
core   0: 0x800046ec (0x016dbfb3) sltu    t6, s11, s6
core   0: 3 0x800046ec (0x016dbfb3) x31 0x00000000
core   0: 0x800046f0 (0x417a8bb3) sub     s7, s5, s7
core   0: 3 0x800046f0 (0x417a8bb3) x23 0xfffff8e0
core   0: 0x800046f4 (0x0154c2b3) xor     t0, s1, s5
core   0: 3 0x800046f4 (0x0154c2b3) x 5 0x7ffeb685
core   0: 0x800046f8 (0x03b9e733) rem     a4, s3, s11
core   0: 3 0x800046f8 (0x03b9e733) x14 0x00000102
core   0: 0x800046fc (0x8b8f0c13) addi    s8, t5, -1864
core   0: 3 0x800046fc (0x8b8f0c13) x24 0xfffff8b8
core   0: 0x80004700 (0xaa523013) sltiu   zero, tp, -1371
core   0: 3 0x80004700 (0xaa523013)
core   0: 0x80004704 (0x00ba9213) slli    tp, s5, 11
core   0: 3 0x80004704 (0x00ba9213) x 4 0xffc70800
core   0: 0x80004708 (0x7d1e3a93) sltiu   s5, t3, 2001
core   0: 3 0x80004708 (0x7d1e3a93) x21 0x00000001
core   0: 0x8000470c (0xbba95897) auipc   a7, 0xbba95
core   0: 3 0x8000470c (0xbba95897) x17 0x3ba9970c
core   0: 0x80004710 (0x000f00b3) add     ra, t5, zero
core   0: 3 0x80004710 (0x000f00b3) x 1 0x00000000
core   0: 0x80004714 (0x02a97033) remu    zero, s2, a0
core   0: 3 0x80004714 (0x02a97033)
core   0: 0x80004718 (0x4013de13) srai    t3, t2, 1
core   0: 3 0x80004718 (0x4013de13) x28 0xd1105800
core   0: 0x8000471c (0x56e80b93) addi    s7, a6, 1390
core   0: 3 0x8000471c (0x56e80b93) x23 0x80019252
core   0: 0x80004720 (0x02477db3) remu    s11, a4, tp
core   0: 3 0x80004720 (0x02477db3) x27 0x00000102
core   0: 0x80004724 (0xc23c7093) andi    ra, s8, -989
core   0: 3 0x80004724 (0xc23c7093) x 1 0xfffff820
core   0: 0x80004728 (0x006cd093) srli    ra, s9, 6
core   0: 3 0x80004728 (0x006cd093) x 1 0x02eda0f6
core   0: 0x8000472c (0x00cdd113) srli    sp, s11, 12
core   0: 3 0x8000472c (0x00cdd113) x 2 0x00000000
core   0: 0x80004730 (0x402bd7b3) sra     a5, s7, sp
core   0: 3 0x80004730 (0x402bd7b3) x15 0x80019252
core   0: 0x80004734 (0x409fd933) sra     s2, t6, s1
core   0: 3 0x80004734 (0x409fd933) x18 0x00000000
core   0: 0x80004738 (0x036cc333) div     t1, s9, s6
core   0: 3 0x80004738 (0x036cc333) x 6 0xffe7bf07
core   0: 0x8000473c (0x002601b3) add     gp, a2, sp
core   0: 3 0x8000473c (0x002601b3) x 3 0xfffff8e0
core   0: 0x80004740 (0x9c867593) andi    a1, a2, -1592
core   0: 3 0x80004740 (0x9c867593) x11 0xfffff8c0
core   0: 0x80004744 (0x008615b3) sll     a1, a2, s0
core   0: 3 0x80004744 (0x008615b3) x11 0xfffff8e0
core   0: 0x80004748 (0x44fdac13) slti    s8, s11, 1103
core   0: 3 0x80004748 (0x44fdac13) x24 0x00000001
core   0: 0x8000474c (0x035809b3) mul     s3, a6, s5
core   0: 3 0x8000474c (0x035809b3) x19 0x80018ce4
core   0: 0x80004750 (0x01ff8f33) add     t5, t6, t6
core   0: 3 0x80004750 (0x01ff8f33) x30 0x00000000
core   0: 0x80004754 (0x6f5eec13) ori     s8, t4, 1781
core   0: 3 0x80004754 (0x6f5eec13) x24 0x000006f5
core   0: 0x80004758 (0x01a54cb3) xor     s9, a0, s10
core   0: 3 0x80004758 (0x01a54cb3) x25 0xd1105800
core   0: 0x8000475c (0x01045a93) srli    s5, s0, 16
core   0: 3 0x8000475c (0x01045a93) x21 0x00000000
core   0: 0x80004760 (0x40fa5933) sra     s2, s4, a5
core   0: 3 0x80004760 (0x40fa5933) x18 0xffffeeb6
core   0: 0x80004764 (0x4185d793) srai    a5, a1, 24
core   0: 3 0x80004764 (0x4185d793) x15 0xffffffff
core   0: 0x80004768 (0x0051b5b3) sltu    a1, gp, t0
core   0: 3 0x80004768 (0x0051b5b3) x11 0x00000000
core   0: 0x8000476c (0x410add93) srai    s11, s5, 16
core   0: 3 0x8000476c (0x410add93) x27 0x00000000
core   0: 0x80004770 (0x01b52b33) slt     s6, a0, s11
core   0: 3 0x80004770 (0x01b52b33) x22 0x00000000
core   0: 0x80004774 (0x013eadb3) slt     s11, t4, s3
core   0: 3 0x80004774 (0x013eadb3) x27 0x00000000
core   0: 0x80004778 (0x7f4df413) andi    s0, s11, 2036
core   0: 3 0x80004778 (0x7f4df413) x 8 0x00000000
core   0: 0x8000477c (0xd7d632b7) lui     t0, 0xd7d63
core   0: 3 0x8000477c (0xd7d632b7) x 5 0xd7d63000
core   0: 0x80004780 (0xb0b76413) ori     s0, a4, -1269
core   0: 3 0x80004780 (0xb0b76413) x 8 0xfffffb0b
core   0: 0x80004784 (0x086ce993) ori     s3, s9, 134
core   0: 3 0x80004784 (0x086ce993) x19 0xd1105886
core   0: 0x80004788 (0x0114e133) or      sp, s1, a7
core   0: 3 0x80004788 (0x0114e133) x 2 0xbba9df6c
core   0: 0x8000478c (0x0351e0b3) rem     ra, gp, s5
core   0: 3 0x8000478c (0x0351e0b3) x 1 0xfffff8e0
core   0: 0x80004790 (0x037f2b33) mulhsu  s6, t5, s7
core   0: 3 0x80004790 (0x037f2b33) x22 0x00000000
core   0: 0x80004794 (0xdbd6c313) xori    t1, a3, -579
core   0: 3 0x80004794 (0xdbd6c313) x 6 0xfffffdbd
core   0: 0x80004798 (0x0341d5b3) divu    a1, gp, s4
core   0: 3 0x80004798 (0x0341d5b3) x11 0x00000001
core   0: 0x8000479c (0x41c8d233) sra     tp, a7, t3
core   0: 3 0x8000479c (0x41c8d233) x 4 0x3ba9970c
core   0: 0x800047a0 (0x41085e93) srai    t4, a6, 16
core   0: 3 0x800047a0 (0x41085e93) x29 0xffff8001
core   0: 0x800047a4 (0x1b846313) ori     t1, s0, 440
core   0: 3 0x800047a4 (0x1b846313) x 6 0xfffffbbb
core   0: 0x800047a8 (0x41fdd533) sra     a0, s11, t6
core   0: 3 0x800047a8 (0x41fdd533) x10 0x00000000
core   0: 0x800047ac (0x01505513) srli    a0, zero, 21
core   0: 3 0x800047ac (0x01505513) x10 0x00000000
core   0: 0x800047b0 (0x005c89b3) add     s3, s9, t0
core   0: 3 0x800047b0 (0x005c89b3) x19 0xa8e68800
core   0: 0x800047b4 (0x03c64733) div     a4, a2, t3
core   0: 3 0x800047b4 (0x03c64733) x14 0x00000000
core   0: 0x800047b8 (0x4125db13) srai    s6, a1, 18
core   0: 3 0x800047b8 (0x4125db13) x22 0x00000000
core   0: 0x800047bc (0x908d7c93) andi    s9, s10, -1784
core   0: 3 0x800047bc (0x908d7c93) x25 0xd1105800
core   0: 0x800047c0 (0x025256b3) divu    a3, tp, t0
core   0: 3 0x800047c0 (0x025256b3) x13 0x00000000
core   0: 0x800047c4 (0x02736733) rem     a4, t1, t2
core   0: 3 0x800047c4 (0x02736733) x14 0xfffffbbb
core   0: 0x800047c8 (0x010f12b3) sll     t0, t5, a6
core   0: 3 0x800047c8 (0x010f12b3) x 5 0x00000000
core   0: 0x800047cc (0x02a78eb3) mul     t4, a5, a0
core   0: 3 0x800047cc (0x02a78eb3) x29 0x00000000
core   0: 0x800047d0 (0x40985433) sra     s0, a6, s1
core   0: 3 0x800047d0 (0x40985433) x 8 0xf80018ce
core   0: 0x800047d4 (0x012b17b3) sll     a5, s6, s2
core   0: 3 0x800047d4 (0x012b17b3) x15 0x00000000
core   0: 0x800047d8 (0x021b82b3) mul     t0, s7, ra
core   0: 3 0x800047d8 (0x021b82b3) x 5 0xf4cd77c0
core   0: 0x800047dc (0x01af1193) slli    gp, t5, 26
core   0: 3 0x800047dc (0x01af1193) x 3 0x00000000
core   0: 0x800047e0 (0x00c35fb3) srl     t6, t1, a2
core   0: 3 0x800047e0 (0x00c35fb3) x31 0xfffffbbb
core   0: 0x800047e4 (0x037abbb3) mulhu   s7, s5, s7
core   0: 3 0x800047e4 (0x037abbb3) x23 0x00000000
core   0: 0x800047e8 (0x00491633) sll     a2, s2, tp
core   0: 3 0x800047e8 (0x00491633) x12 0xfeeb6000
core   0: 0x800047ec (0x037288b3) mul     a7, t0, s7
core   0: 3 0x800047ec (0x037288b3) x17 0x00000000
core   0: 0x800047f0 (0x004f2733) slt     a4, t5, tp
core   0: 3 0x800047f0 (0x004f2733) x14 0x00000001
core   0: 0x800047f4 (0x00f67533) and     a0, a2, a5
core   0: 3 0x800047f4 (0x00f67533) x10 0x00000000
core   0: 0x800047f8 (0x031823b3) mulhsu  t2, a6, a7
core   0: 3 0x800047f8 (0x031823b3) x 7 0x00000000
core   0: 0x800047fc (0x02207633) remu    a2, zero, sp
core   0: 3 0x800047fc (0x02207633) x12 0x00000000
core   0: 0x80004800 (0x3842c193) xori    gp, t0, 900
core   0: 3 0x80004800 (0x3842c193) x 3 0xf4cd7444
core   0: 0x80004804 (0x0238efb3) rem     t6, a7, gp
core   0: 3 0x80004804 (0x0238efb3) x31 0x00000000
core   0: 0x80004808 (0x0070d393) srli    t2, ra, 7
core   0: 3 0x80004808 (0x0070d393) x 7 0x01fffff1
core   0: 0x8000480c (0x0819fe13) andi    t3, s3, 129
core   0: 3 0x8000480c (0x0819fe13) x28 0x00000000
core   0: 0x80004810 (0x03e3dd33) divu    s10, t2, t5
core   0: 3 0x80004810 (0x03e3dd33) x26 0xffffffff
core   0: 0x80004814 (0xe98bf113) andi    sp, s7, -360
core   0: 3 0x80004814 (0xe98bf113) x 2 0x00000000
core   0: 0x80004818 (0x0377f733) remu    a4, a5, s7
core   0: 3 0x80004818 (0x0377f733) x14 0x00000000
core   0: 0x8000481c (0xfb29f117) auipc   sp, 0xfb29f
core   0: 3 0x8000481c (0xfb29f117) x 2 0x7b2a381c
core   0: 0x80004820 (0x01c19d93) slli    s11, gp, 28
core   0: 3 0x80004820 (0x01c19d93) x27 0x40000000
core   0: 0x80004824 (0x02d51033) mulh    zero, a0, a3
core   0: 3 0x80004824 (0x02d51033)
core   0: 0x80004828 (0x01f21933) sll     s2, tp, t6
core   0: 3 0x80004828 (0x01f21933) x18 0x3ba9970c
core   0: 0x8000482c (0x00eabab3) sltu    s5, s5, a4
core   0: 3 0x8000482c (0x00eabab3) x21 0x00000000
core   0: 0x80004830 (0x00743433) sltu    s0, s0, t2
core   0: 3 0x80004830 (0x00743433) x 8 0x00000000
core   0: 0x80004834 (0x03056733) rem     a4, a0, a6
core   0: 3 0x80004834 (0x03056733) x14 0x00000000
core   0: 0x80004838 (0x002a4db3) xor     s11, s4, sp
core   0: 3 0x80004838 (0x002a4db3) x27 0xc1f28499
core   0: 0x8000483c (0x00bfc0b3) xor     ra, t6, a1
core   0: 3 0x8000483c (0x00bfc0b3) x 1 0x00000001
core   0: 0x80004840 (0x01acd633) srl     a2, s9, s10
core   0: 3 0x80004840 (0x01acd633) x12 0x00000001
core   0: 0x80004844 (0x008d6fb3) or      t6, s10, s0
core   0: 3 0x80004844 (0x008d6fb3) x31 0xffffffff
core   0: 0x80004848 (0x02e1eeb3) rem     t4, gp, a4
core   0: 3 0x80004848 (0x02e1eeb3) x29 0xf4cd7444
core   0: 0x8000484c (0x011715b3) sll     a1, a4, a7
core   0: 3 0x8000484c (0x011715b3) x11 0x00000000
core   0: 0x80004850 (0x0144f5b3) and     a1, s1, s4
core   0: 3 0x80004850 (0x0144f5b3) x11 0x80000c04
core   0: 0x80004854 (0x01eb9e93) slli    t4, s7, 30
core   0: 3 0x80004854 (0x01eb9e93) x29 0x00000000
core   0: 0x80004858 (0x00df9413) slli    s0, t6, 13
core   0: 3 0x80004858 (0x00df9413) x 8 0xffffe000
core   0: 0x8000485c (0x01b581b3) add     gp, a1, s11
core   0: 3 0x8000485c (0x01b581b3) x 3 0x41f2909d
core   0: 0x80004860 (0xc8b00737) lui     a4, 0xc8b00
core   0: 3 0x80004860 (0xc8b00737) x14 0xc8b00000
core   0: 0x80004864 (0x19300a93) li      s5, 403
core   0: 3 0x80004864 (0x19300a93) x21 0x00000193
core   0: 0x80004868 (0x0086d913) srli    s2, a3, 8
core   0: 3 0x80004868 (0x0086d913) x18 0x00000000
core   0: 0x8000486c (0x40115c93) srai    s9, sp, 1
core   0: 3 0x8000486c (0x40115c93) x25 0x3d951c0e
core   0: 0x80004870 (0x7299c797) auipc   a5, 0x7299c
core   0: 3 0x80004870 (0x7299c797) x15 0xf29a0870
core   0: 0x80004874 (0x01151a93) slli    s5, a0, 17
core   0: 3 0x80004874 (0x01151a93) x21 0x00000000
core   0: 0x80004878 (0x02835eb3) divu    t4, t1, s0
core   0: 3 0x80004878 (0x02835eb3) x29 0x00000001
core   0: 0x8000487c (0x01445913) srli    s2, s0, 20
core   0: 3 0x8000487c (0x01445913) x18 0x00000fff
core   0: 0x80004880 (0x41918f33) sub     t5, gp, s9
core   0: 3 0x80004880 (0x41918f33) x30 0x045d748f
core   0: 0x80004884 (0x037c9db3) mulh    s11, s9, s7
core   0: 3 0x80004884 (0x037c9db3) x27 0x00000000
core   0: 0x80004888 (0x03248c33) mul     s8, s1, s2
core   0: 3 0x80004888 (0x03248c33) x24 0x94e4f19c
core   0: 0x8000488c (0x02322133) mulhsu  sp, tp, gp
core   0: 3 0x8000488c (0x02322133) x 2 0x0f5e975e
core   0: 0x80004890 (0x02aca333) mulhsu  t1, s9, a0
core   0: 3 0x80004890 (0x02aca333) x 6 0x00000000
core   0: 0x80004894 (0x02e1c7b3) div     a5, gp, a4
core   0: 3 0x80004894 (0x02e1c7b3) x15 0xffffffff
core   0: 0x80004898 (0x00000013) nop
core   0: 3 0x80004898 (0x00000013)
core   0: 0x8000489c (0xf1dab717) auipc   a4, 0xf1dab
core   0: 3 0x8000489c (0xf1dab717) x14 0x71daf89c
core   0: 0x800048a0 (0x80404c13) xori    s8, zero, -2044
core   0: 3 0x800048a0 (0x80404c13) x24 0xfffff804
core   0: 0x800048a4 (0x00992933) slt     s2, s2, s1
core   0: 3 0x800048a4 (0x00992933) x18 0x00000000
core   0: 0x800048a8 (0x013002b3) add     t0, zero, s3
core   0: 3 0x800048a8 (0x013002b3) x 5 0xa8e68800
core   0: 0x800048ac (0x03c665b3) rem     a1, a2, t3
core   0: 3 0x800048ac (0x03c665b3) x11 0x00000001
core   0: 0x800048b0 (0x03afc033) div     zero, t6, s10
core   0: 3 0x800048b0 (0x03afc033)
core   0: 0x800048b4 (0x00000013) nop
core   0: 3 0x800048b4 (0x00000013)
core   0: 0x800048b8 (0x019a2fb3) slt     t6, s4, s9
core   0: 3 0x800048b8 (0x019a2fb3) x31 0x00000001
core   0: 0x800048bc (0x02b1e633) rem     a2, gp, a1
core   0: 3 0x800048bc (0x02b1e633) x12 0x00000000
core   0: 0x800048c0 (0x00ced293) srli    t0, t4, 12
core   0: 3 0x800048c0 (0x00ced293) x 5 0x00000000
core   0: 0x800048c4 (0x00de15b3) sll     a1, t3, a3
core   0: 3 0x800048c4 (0x00de15b3) x11 0x00000000
core   0: 0x800048c8 (0x011589b3) add     s3, a1, a7
core   0: 3 0x800048c8 (0x011589b3) x19 0x00000000
core   0: 0x800048cc (0x02e885b3) mul     a1, a7, a4
core   0: 3 0x800048cc (0x02e885b3) x11 0x00000000
core   0: 0x800048d0 (0xf49a6513) ori     a0, s4, -183
core   0: 3 0x800048d0 (0xf49a6513) x10 0xffffffcd
core   0: 0x800048d4 (0x7458a693) slti    a3, a7, 1861
core   0: 3 0x800048d4 (0x7458a693) x13 0x00000001
core   0: 0x800048d8 (0x0306d333) divu    t1, a3, a6
core   0: 3 0x800048d8 (0x0306d333) x 6 0x00000000
core   0: 0x800048dc (0x01a7ef33) or      t5, a5, s10
core   0: 3 0x800048dc (0x01a7ef33) x30 0xffffffff
core   0: 0x800048e0 (0x1137b213) sltiu   tp, a5, 275
core   0: 3 0x800048e0 (0x1137b213) x 4 0x00000000
core   0: 0x800048e4 (0x8b548893) addi    a7, s1, -1867
core   0: 3 0x800048e4 (0x8b548893) x17 0x80014719
core   0: 0x800048e8 (0x02236ab3) rem     s5, t1, sp
core   0: 3 0x800048e8 (0x02236ab3) x21 0x00000000
core   0: 0x800048ec (0x00341e13) slli    t3, s0, 3
core   0: 3 0x800048ec (0x00341e13) x28 0xffff0000
core   0: 0x800048f0 (0x0016dc13) srli    s8, a3, 1
core   0: 3 0x800048f0 (0x0016dc13) x24 0x00000000
core   0: 0x800048f4 (0x0369bc33) mulhu   s8, s3, s6
core   0: 3 0x800048f4 (0x0369bc33) x24 0x00000000
core   0: 0x800048f8 (0x01b785b3) add     a1, a5, s11
core   0: 3 0x800048f8 (0x01b785b3) x11 0xffffffff
core   0: 0x800048fc (0x0039a0b3) slt     ra, s3, gp
core   0: 3 0x800048fc (0x0039a0b3) x 1 0x00000001
core   0: 0x80004900 (0xdeb52793) slti    a5, a0, -533
core   0: 3 0x80004900 (0xdeb52793) x15 0x00000000
core   0: 0x80004904 (0x17cde513) ori     a0, s11, 380
core   0: 3 0x80004904 (0x17cde513) x10 0x0000017c
core   0: 0x80004908 (0x034b16b3) mulh    a3, s6, s4
core   0: 3 0x80004908 (0x034b16b3) x13 0x00000000
core   0: 0x8000490c (0x40bdd013) srai    zero, s11, 11
core   0: 3 0x8000490c (0x40bdd013)
core   0: 0x80004910 (0x00564c33) xor     s8, a2, t0
core   0: 3 0x80004910 (0x00564c33) x24 0x00000000
core   0: 0x80004914 (0x008d7bb3) and     s7, s10, s0
core   0: 3 0x80004914 (0x008d7bb3) x23 0xffffe000
core   0: 0x80004918 (0x4196d613) srai    a2, a3, 25
core   0: 3 0x80004918 (0x4196d613) x12 0x00000000
core   0: 0x8000491c (0x02dbdd33) divu    s10, s7, a3
core   0: 3 0x8000491c (0x02dbdd33) x26 0xffffffff
core   0: 0x80004920 (0x03bc8c33) mul     s8, s9, s11
core   0: 3 0x80004920 (0x03bc8c33) x24 0x00000000
core   0: 0x80004924 (0x02dea2b3) mulhsu  t0, t4, a3
core   0: 3 0x80004924 (0x02dea2b3) x 5 0x00000000
core   0: 0x80004928 (0x02c07db3) remu    s11, zero, a2
core   0: 3 0x80004928 (0x02c07db3) x27 0x00000000
core   0: 0x8000492c (0x03334c33) div     s8, t1, s3
core   0: 3 0x8000492c (0x03334c33) x24 0xffffffff
core   0: 0x80004930 (0x02016ab3) rem     s5, sp, zero
core   0: 3 0x80004930 (0x02016ab3) x21 0x0f5e975e
core   0: 0x80004934 (0x02a61733) mulh    a4, a2, a0
core   0: 3 0x80004934 (0x02a61733) x14 0x00000000
core   0: 0x80004938 (0x00ca0033) add     zero, s4, a2
core   0: 3 0x80004938 (0x00ca0033)
core   0: 0x8000493c (0x73c7f093) andi    ra, a5, 1852
core   0: 3 0x8000493c (0x73c7f093) x 1 0x00000000
core   0: 0x80004940 (0x02b522b3) mulhsu  t0, a0, a1
core   0: 3 0x80004940 (0x02b522b3) x 5 0x0000017b
core   0: 0x80004944 (0x9389c313) xori    t1, s3, -1736
core   0: 3 0x80004944 (0x9389c313) x 6 0xfffff938
core   0: 0x80004948 (0x0185fc33) and     s8, a1, s8
core   0: 3 0x80004948 (0x0185fc33) x24 0xffffffff
core   0: 0x8000494c (0x0207adb3) mulhsu  s11, a5, zero
core   0: 3 0x8000494c (0x0207adb3) x27 0x00000000
core   0: 0x80004950 (0x40d9d533) sra     a0, s3, a3
core   0: 3 0x80004950 (0x40d9d533) x10 0x00000000
core   0: 0x80004954 (0x79dc0b13) addi    s6, s8, 1949
core   0: 3 0x80004954 (0x79dc0b13) x22 0x0000079c
core   0: 0x80004958 (0x0153d013) srli    zero, t2, 21
core   0: 3 0x80004958 (0x0153d013)
core   0: 0x8000495c (0x01461b13) slli    s6, a2, 20
core   0: 3 0x8000495c (0x01461b13) x22 0x00000000
core   0: 0x80004960 (0x75143e93) sltiu   t4, s0, 1873
core   0: 3 0x80004960 (0x75143e93) x29 0x00000000
core   0: 0x80004964 (0x2222c413) xori    s0, t0, 546
core   0: 3 0x80004964 (0x2222c413) x 8 0x00000359
core   0: 0x80004968 (0x009e9c93) slli    s9, t4, 9
core   0: 3 0x80004968 (0x009e9c93) x25 0x00000000
core   0: 0x8000496c (0x00e61bb3) sll     s7, a2, a4
core   0: 3 0x8000496c (0x00e61bb3) x23 0x00000000
core   0: 0x80004970 (0x00d39713) slli    a4, t2, 13
core   0: 3 0x80004970 (0x00d39713) x14 0xfffe2000
core   0: 0x80004974 (0xdf72bd93) sltiu   s11, t0, -521
core   0: 3 0x80004974 (0xdf72bd93) x27 0x00000001
core   0: 0x80004978 (0x028c2033) mulhsu  zero, s8, s0
core   0: 3 0x80004978 (0x028c2033)
core   0: 0x8000497c (0x01eb5333) srl     t1, s6, t5
core   0: 3 0x8000497c (0x01eb5333) x 6 0x00000000
core   0: 0x80004980 (0x0009b3b3) sltu    t2, s3, zero
core   0: 3 0x80004980 (0x0009b3b3) x 7 0x00000000
core   0: 0x80004984 (0xc66ff913) andi    s2, t6, -922
core   0: 3 0x80004984 (0xc66ff913) x18 0x00000000
core   0: 0x80004988 (0x025987b3) mul     a5, s3, t0
core   0: 3 0x80004988 (0x025987b3) x15 0x00000000
core   0: 0x8000498c (0x5d765417) auipc   s0, 0x5d765
core   0: 3 0x8000498c (0x5d765417) x 8 0xdd76998c
core   0: 0x80004990 (0x00701293) slli    t0, zero, 7
core   0: 3 0x80004990 (0x00701293) x 5 0x00000000
core   0: 0x80004994 (0x032c96b3) mulh    a3, s9, s2
core   0: 3 0x80004994 (0x032c96b3) x13 0x00000000
core   0: 0x80004998 (0xf4ce3e13) sltiu   t3, t3, -180
core   0: 3 0x80004998 (0xf4ce3e13) x28 0x00000001
core   0: 0x8000499c (0x03a01633) mulh    a2, zero, s10
core   0: 3 0x8000499c (0x03a01633) x12 0x00000000
core   0: 0x800049a0 (0x156ee113) ori     sp, t4, 342
core   0: 3 0x800049a0 (0x156ee113) x 2 0x00000156
core   0: 0x800049a4 (0x03ced8b3) divu    a7, t4, t3
core   0: 3 0x800049a4 (0x03ced8b3) x17 0x00000000
core   0: 0x800049a8 (0x01f15f93) srli    t6, sp, 31
core   0: 3 0x800049a8 (0x01f15f93) x31 0x00000000
core   0: 0x800049ac (0x032f9033) mulh    zero, t6, s2
core   0: 3 0x800049ac (0x032f9033)
core   0: 0x800049b0 (0x01ed8d33) add     s10, s11, t5
core   0: 3 0x800049b0 (0x01ed8d33) x26 0x00000000
core   0: 0x800049b4 (0x00f42bb3) slt     s7, s0, a5
core   0: 3 0x800049b4 (0x00f42bb3) x23 0x00000001
core   0: 0x800049b8 (0x00ad5633) srl     a2, s10, a0
core   0: 3 0x800049b8 (0x00ad5633) x12 0x00000000
core   0: 0x800049bc (0x00b36213) ori     tp, t1, 11
core   0: 3 0x800049bc (0x00b36213) x 4 0x0000000b
core   0: 0x800049c0 (0x0a1aa6b7) lui     a3, 0xa1aa
core   0: 3 0x800049c0 (0x0a1aa6b7) x13 0x0a1aa000
core   0: 0x800049c4 (0x03af81b3) mul     gp, t6, s10
core   0: 3 0x800049c4 (0x03af81b3) x 3 0x00000000
core   0: 0x800049c8 (0x024857b3) divu    a5, a6, tp
core   0: 3 0x800049c8 (0x024857b3) x15 0x0ba30cce
core   0: 0x800049cc (0x00fda433) slt     s0, s11, a5
core   0: 3 0x800049cc (0x00fda433) x 8 0x00000001
core   0: 0x800049d0 (0x00000013) nop
core   0: 3 0x800049d0 (0x00000013)
core   0: 0x800049d4 (0x5a637093) andi    ra, t1, 1446
core   0: 3 0x800049d4 (0x5a637093) x 1 0x00000000
core   0: 0x800049d8 (0x41760bb3) sub     s7, a2, s7
core   0: 3 0x800049d8 (0x41760bb3) x23 0xffffffff
core   0: 0x800049dc (0x4051d333) sra     t1, gp, t0
core   0: 3 0x800049dc (0x4051d333) x 6 0x00000000
core   0: 0x800049e0 (0x008d2cb3) slt     s9, s10, s0
core   0: 3 0x800049e0 (0x008d2cb3) x25 0x00000001
core   0: 0x800049e4 (0x001eae33) slt     t3, t4, ra
core   0: 3 0x800049e4 (0x001eae33) x28 0x00000000
core   0: 0x800049e8 (0x025ed533) divu    a0, t4, t0
core   0: 3 0x800049e8 (0x025ed533) x10 0xffffffff
core   0: 0x800049ec (0x4195db33) sra     s6, a1, s9
core   0: 3 0x800049ec (0x4195db33) x22 0xffffffff
core   0: 0x800049f0 (0x00d59233) sll     tp, a1, a3
core   0: 3 0x800049f0 (0x00d59233) x 4 0xffffffff
core   0: 0x800049f4 (0x00000013) nop
core   0: 3 0x800049f4 (0x00000013)
core   0: 0x800049f8 (0x580dc117) auipc   sp, 0x580dc
core   0: 3 0x800049f8 (0x580dc117) x 2 0xd80e09f8
core   0: 0x800049fc (0x02144633) div     a2, s0, ra
core   0: 3 0x800049fc (0x02144633) x12 0xffffffff
core   0: 0x80004a00 (0x00101a93) slli    s5, zero, 1
core   0: 3 0x80004a00 (0x00101a93) x21 0x00000000
core   0: 0x80004a04 (0x0290e733) rem     a4, ra, s1
core   0: 3 0x80004a04 (0x0290e733) x14 0x00000000
core   0: 0x80004a08 (0xdb2b8693) addi    a3, s7, -590
core   0: 3 0x80004a08 (0xdb2b8693) x13 0xfffffdb1
core   0: 0x80004a0c (0x00e59593) slli    a1, a1, 14
core   0: 3 0x80004a0c (0x00e59593) x11 0xffffc000
core   0: 0x80004a10 (0x039cd633) divu    a2, s9, s9
core   0: 3 0x80004a10 (0x039cd633) x12 0x00000001
core   0: 0x80004a14 (0x40b8d8b3) sra     a7, a7, a1
core   0: 3 0x80004a14 (0x40b8d8b3) x17 0x00000000
core   0: 0x80004a18 (0x00da1c13) slli    s8, s4, 13
core   0: 3 0x80004a18 (0x00da1c13) x24 0x1790a000
core   0: 0x80004a1c (0x03c1deb3) divu    t4, gp, t3
core   0: 3 0x80004a1c (0x03c1deb3) x29 0xffffffff
core   0: 0x80004a20 (0x40b85113) srai    sp, a6, 11
core   0: 3 0x80004a20 (0x40b85113) x 2 0xfff00031
core   0: 0x80004a24 (0x0198ddb3) srl     s11, a7, s9
core   0: 3 0x80004a24 (0x0198ddb3) x27 0x00000000
core   0: 0x80004a28 (0x00316933) or      s2, sp, gp
core   0: 3 0x80004a28 (0x00316933) x18 0xfff00031
core   0: 0x80004a2c (0x0035eab3) or      s5, a1, gp
core   0: 3 0x80004a2c (0x0035eab3) x21 0xffffc000
core   0: 0x80004a30 (0x007bbcb3) sltu    s9, s7, t2
core   0: 3 0x80004a30 (0x007bbcb3) x25 0x00000000
core   0: 0x80004a34 (0x0261b633) mulhu   a2, gp, t1
core   0: 3 0x80004a34 (0x0261b633) x12 0x00000000
core   0: 0x80004a38 (0x00b0d433) srl     s0, ra, a1
core   0: 3 0x80004a38 (0x00b0d433) x 8 0x00000000
core   0: 0x80004a3c (0x014d8333) add     t1, s11, s4
core   0: 3 0x80004a3c (0x014d8333) x 6 0xbad8bc85
core   0: 0x80004a40 (0x02afec33) rem     s8, t6, a0
core   0: 3 0x80004a40 (0x02afec33) x24 0x00000000
core   0: 0x80004a44 (0x01cfdd33) srl     s10, t6, t3
core   0: 3 0x80004a44 (0x01cfdd33) x26 0x00000000
core   0: 0x80004a48 (0x022d7233) remu    tp, s10, sp
core   0: 3 0x80004a48 (0x022d7233) x 4 0x00000000
core   0: 0x80004a4c (0x00daf733) and     a4, s5, a3
core   0: 3 0x80004a4c (0x00daf733) x14 0xffffc000
core   0: 0x80004a50 (0x02091633) mulh    a2, s2, zero
core   0: 3 0x80004a50 (0x02091633) x12 0x00000000
core   0: 0x80004a54 (0x90823593) sltiu   a1, tp, -1784
core   0: 3 0x80004a54 (0x90823593) x11 0x00000001
core   0: 0x80004a58 (0x00000013) nop
core   0: 3 0x80004a58 (0x00000013)
core   0: 0x80004a5c (0x017b9cb3) sll     s9, s7, s7
core   0: 3 0x80004a5c (0x017b9cb3) x25 0x80000000
core   0: 0x80004a60 (0x2d80bb13) sltiu   s6, ra, 728
core   0: 3 0x80004a60 (0x2d80bb13) x22 0x00000001
core   0: 0x80004a64 (0x01b17733) and     a4, sp, s11
core   0: 3 0x80004a64 (0x01b17733) x14 0x00000000
core   0: 0x80004a68 (0x002ab033) sltu    zero, s5, sp
core   0: 3 0x80004a68 (0x002ab033)
core   0: 0x80004a6c (0x94c53593) sltiu   a1, a0, -1716
core   0: 3 0x80004a6c (0x94c53593) x11 0x00000000
core   0: 0x80004a70 (0xd1fd4713) xori    a4, s10, -737
core   0: 3 0x80004a70 (0xd1fd4713) x14 0xfffffd1f
core   0: 0x80004a74 (0x03a6e8b3) rem     a7, a3, s10
core   0: 3 0x80004a74 (0x03a6e8b3) x17 0xfffffdb1
core   0: 0x80004a78 (0x00000013) nop
core   0: 3 0x80004a78 (0x00000013)
core   0: 0x80004a7c (0x006103b3) add     t2, sp, t1
core   0: 3 0x80004a7c (0x006103b3) x 7 0xbac8bcb6
core   0: 0x80004a80 (0x1115b593) sltiu   a1, a1, 273
core   0: 3 0x80004a80 (0x1115b593) x11 0x00000001
core   0: 0x80004a84 (0x7f448913) addi    s2, s1, 2036
core   0: 3 0x80004a84 (0x7f448913) x18 0x80015658
core   0: 0x80004a88 (0x01867d33) and     s10, a2, s8
core   0: 3 0x80004a88 (0x01867d33) x26 0x00000000
core   0: 0x80004a8c (0x01b822b3) slt     t0, a6, s11
core   0: 3 0x80004a8c (0x01b822b3) x 5 0x00000001
core   0: 0x80004a90 (0xd391ef13) ori     t5, gp, -711
core   0: 3 0x80004a90 (0xd391ef13) x30 0xfffffd39
core   0: 0x80004a94 (0x0149a633) slt     a2, s3, s4
core   0: 3 0x80004a94 (0x0149a633) x12 0x00000000
core   0: 0x80004a98 (0x02ae4db3) div     s11, t3, a0
core   0: 3 0x80004a98 (0x02ae4db3) x27 0x00000000
core   0: 0x80004a9c (0x035c9033) mulh    zero, s9, s5
core   0: 3 0x80004a9c (0x035c9033)
core   0: 0x80004aa0 (0x943af6b7) lui     a3, 0x943af
core   0: 3 0x80004aa0 (0x943af6b7) x13 0x943af000
core   0: 0x80004aa4 (0x40000c33) sub     s8, zero, zero
core   0: 3 0x80004aa4 (0x40000c33) x24 0x00000000
core   0: 0x80004aa8 (0x00000013) nop
core   0: 3 0x80004aa8 (0x00000013)
core   0: 0x80004aac (0x408bde13) srai    t3, s7, 8
core   0: 3 0x80004aac (0x408bde13) x28 0xffffffff
core   0: 0x80004ab0 (0x03b11733) mulh    a4, sp, s11
core   0: 3 0x80004ab0 (0x03b11733) x14 0x00000000
core   0: 0x80004ab4 (0x03f70c33) mul     s8, a4, t6
core   0: 3 0x80004ab4 (0x03f70c33) x24 0x00000000
core   0: 0x80004ab8 (0x0312d533) divu    a0, t0, a7
core   0: 3 0x80004ab8 (0x0312d533) x10 0x00000000
core   0: 0x80004abc (0x02583f33) mulhu   t5, a6, t0
core   0: 3 0x80004abc (0x02583f33) x30 0x00000000
core   0: 0x80004ac0 (0x00de48b3) xor     a7, t3, a3
core   0: 3 0x80004ac0 (0x00de48b3) x17 0x6bc50fff
core   0: 0x80004ac4 (0x00000013) nop
core   0: 3 0x80004ac4 (0x00000013)
core   0: 0x80004ac8 (0x2436b693) sltiu   a3, a3, 579
core   0: 3 0x80004ac8 (0x2436b693) x13 0x00000000
core   0: 0x80004acc (0x3eeaf913) andi    s2, s5, 1006
core   0: 3 0x80004acc (0x3eeaf913) x18 0x00000000
core   0: 0x80004ad0 (0xf2eebb17) auipc   s6, 0xf2eeb
core   0: 3 0x80004ad0 (0xf2eebb17) x22 0x72eefad0
core   0: 0x80004ad4 (0x03a2a5b3) mulhsu  a1, t0, s10
core   0: 3 0x80004ad4 (0x03a2a5b3) x11 0x00000000
core   0: 0x80004ad8 (0x01dfd593) srli    a1, t6, 29
core   0: 3 0x80004ad8 (0x01dfd593) x11 0x00000000
core   0: 0x80004adc (0x020b8133) mul     sp, s7, zero
core   0: 3 0x80004adc (0x020b8133) x 2 0x00000000
core   0: 0x80004ae0 (0x00e2c2b3) xor     t0, t0, a4
core   0: 3 0x80004ae0 (0x00e2c2b3) x 5 0x00000001
core   0: 0x80004ae4 (0x020692b3) mulh    t0, a3, zero
core   0: 3 0x80004ae4 (0x020692b3) x 5 0x00000000
core   0: 0x80004ae8 (0x00461d93) slli    s11, a2, 4
core   0: 3 0x80004ae8 (0x00461d93) x27 0x00000000
core   0: 0x80004aec (0x01eab0b3) sltu    ra, s5, t5
core   0: 3 0x80004aec (0x01eab0b3) x 1 0x00000000
core   0: 0x80004af0 (0x00000013) nop
core   0: 3 0x80004af0 (0x00000013)
core   0: 0x80004af4 (0x01f7f0b3) and     ra, a5, t6
core   0: 3 0x80004af4 (0x01f7f0b3) x 1 0x00000000
core   0: 0x80004af8 (0x00b490b3) sll     ra, s1, a1
core   0: 3 0x80004af8 (0x00b490b3) x 1 0x80014e64
core   0: 0x80004afc (0x8e774993) xori    s3, a4, -1817
core   0: 3 0x80004afc (0x8e774993) x19 0xfffff8e7
core   0: 0x80004b00 (0x014c85b3) add     a1, s9, s4
core   0: 3 0x80004b00 (0x014c85b3) x11 0x3ad8bc85
core   0: 0x80004b04 (0x02500ab3) mul     s5, zero, t0
core   0: 3 0x80004b04 (0x02500ab3) x21 0x00000000
core   0: 0x80004b08 (0x03a4ccb3) div     s9, s1, s10
core   0: 3 0x80004b08 (0x03a4ccb3) x25 0xffffffff
core   0: 0x80004b0c (0x01ad2133) slt     sp, s10, s10
core   0: 3 0x80004b0c (0x01ad2133) x 2 0x00000000
core   0: 0x80004b10 (0x02aba0b3) mulhsu  ra, s7, a0
core   0: 3 0x80004b10 (0x02aba0b3) x 1 0x00000000
core   0: 0x80004b14 (0x1b9ac413) xori    s0, s5, 441
core   0: 3 0x80004b14 (0x1b9ac413) x 8 0x000001b9
core   0: 0x80004b18 (0x02ba71b3) remu    gp, s4, a1
core   0: 3 0x80004b18 (0x02ba71b3) x 3 0x0a4e86f6
core   0: 0x80004b1c (0x4db35337) lui     t1, 0x4db35
core   0: 3 0x80004b1c (0x4db35337) x 6 0x4db35000
core   0: 0x80004b20 (0xb1a0b013) sltiu   zero, ra, -1254
core   0: 3 0x80004b20 (0xb1a0b013)
core   0: 0x80004b24 (0x027a7fb3) remu    t6, s4, t2
core   0: 3 0x80004b24 (0x027a7fb3) x31 0x000fffcf
core   0: 0x80004b28 (0x024fa6b3) mulhsu  a3, t6, tp
core   0: 3 0x80004b28 (0x024fa6b3) x13 0x00000000
core   0: 0x80004b2c (0x037cdd33) divu    s10, s9, s7
core   0: 3 0x80004b2c (0x037cdd33) x26 0x00000001
core   0: 0x80004b30 (0x00facdb3) xor     s11, s5, a5
core   0: 3 0x80004b30 (0x00facdb3) x27 0x0ba30cce
core   0: 0x80004b34 (0x00000013) nop
core   0: 3 0x80004b34 (0x00000013)
core   0: 0x80004b38 (0x40225e93) srai    t4, tp, 2
core   0: 3 0x80004b38 (0x40225e93) x29 0x00000000
core   0: 0x80004b3c (0x03b90cb3) mul     s9, s2, s11
core   0: 3 0x80004b3c (0x03b90cb3) x25 0x00000000
core   0: 0x80004b40 (0x9af98593) addi    a1, s3, -1617
core   0: 3 0x80004b40 (0x9af98593) x11 0xfffff296
core   0: 0x80004b44 (0x039f2733) mulhsu  a4, t5, s9
core   0: 3 0x80004b44 (0x039f2733) x14 0x00000000
core   0: 0x80004b48 (0x01bea233) slt     tp, t4, s11
core   0: 3 0x80004b48 (0x01bea233) x 4 0x00000001
core   0: 0x80004b4c (0x020da533) mulhsu  a0, s11, zero
core   0: 3 0x80004b4c (0x020da533) x10 0x00000000
core   0: 0x80004b50 (0x02f3dab3) divu    s5, t2, a5
core   0: 3 0x80004b50 (0x02f3dab3) x21 0x00000010
core   0: 0x80004b54 (0x01eb1eb3) sll     t4, s6, t5
core   0: 3 0x80004b54 (0x01eb1eb3) x29 0x72eefad0
core   0: 0x80004b58 (0xc3ef0417) auipc   s0, 0xc3ef0
core   0: 3 0x80004b58 (0xc3ef0417) x 8 0x43ef4b58
core   0: 0x80004b5c (0x00f68cb3) add     s9, a3, a5
core   0: 3 0x80004b5c (0x00f68cb3) x25 0x0ba30cce
core   0: 0x80004b60 (0x023360b3) rem     ra, t1, gp
core   0: 3 0x80004b60 (0x023360b3) x 1 0x058d9f46
core   0: 0x80004b64 (0x00e11233) sll     tp, sp, a4
core   0: 3 0x80004b64 (0x00e11233) x 4 0x00000000
core   0: 0x80004b68 (0x01c8cfb3) xor     t6, a7, t3
core   0: 3 0x80004b68 (0x01c8cfb3) x31 0x943af000
core   0: 0x80004b6c (0x00b1bcb3) sltu    s9, gp, a1
core   0: 3 0x80004b6c (0x00b1bcb3) x25 0x00000001
core   0: 0x80004b70 (0x016a85b3) add     a1, s5, s6
core   0: 3 0x80004b70 (0x016a85b3) x11 0x72eefae0
core   0: 0x80004b74 (0x017370b3) and     ra, t1, s7
core   0: 3 0x80004b74 (0x017370b3) x 1 0x4db35000
core   0: 0x80004b78 (0x012f5b13) srli    s6, t5, 18
core   0: 3 0x80004b78 (0x012f5b13) x22 0x00000000
core   0: 0x80004b7c (0x005a90b3) sll     ra, s5, t0
core   0: 3 0x80004b7c (0x005a90b3) x 1 0x00000010
core   0: 0x80004b80 (0x013886b3) add     a3, a7, s3
core   0: 3 0x80004b80 (0x013886b3) x13 0x6bc508e6
core   0: 0x80004b84 (0x03afa433) mulhsu  s0, t6, s10
core   0: 3 0x80004b84 (0x03afa433) x 8 0xffffffff
core   0: 0x80004b88 (0x03bbdb33) divu    s6, s7, s11
core   0: 3 0x80004b88 (0x03bbdb33) x22 0x00000015
core   0: 0x80004b8c (0x02af91b3) mulh    gp, t6, a0
core   0: 3 0x80004b8c (0x02af91b3) x 3 0x00000000
core   0: 0x80004b90 (0x004076b3) and     a3, zero, tp
core   0: 3 0x80004b90 (0x004076b3) x13 0x00000000
core   0: 0x80004b94 (0x00000013) nop
core   0: 3 0x80004b94 (0x00000013)
core   0: 0x80004b98 (0x030dab33) mulhsu  s6, s11, a6
core   0: 3 0x80004b98 (0x030dab33) x22 0x05d19871
core   0: 0x80004b9c (0x4a194013) xori    zero, s2, 1185
core   0: 3 0x80004b9c (0x4a194013)
core   0: 0x80004ba0 (0x014adc13) srli    s8, s5, 20
core   0: 3 0x80004ba0 (0x014adc13) x24 0x00000000
core   0: 0x80004ba4 (0x00ede133) or      sp, s11, a4
core   0: 3 0x80004ba4 (0x00ede133) x 2 0x0ba30cce
core   0: 0x80004ba8 (0x00531633) sll     a2, t1, t0
core   0: 3 0x80004ba8 (0x00531633) x12 0x4db35000
core   0: 0x80004bac (0x03db7eb3) remu    t4, s6, t4
core   0: 3 0x80004bac (0x03db7eb3) x29 0x05d19871
core   0: 0x80004bb0 (0x025e2933) mulhsu  s2, t3, t0
core   0: 3 0x80004bb0 (0x025e2933) x18 0x00000000
core   0: 0x80004bb4 (0x30acfe93) andi    t4, s9, 778
core   0: 3 0x80004bb4 (0x30acfe93) x29 0x00000000
core   0: 0x80004bb8 (0x2a0ea793) slti    a5, t4, 672
core   0: 3 0x80004bb8 (0x2a0ea793) x15 0x00000001
core   0: 0x80004bbc (0x359b0f13) addi    t5, s6, 857
core   0: 3 0x80004bbc (0x359b0f13) x30 0x05d19bca
core   0: 0x80004bc0 (0x019f8c33) add     s8, t6, s9
core   0: 3 0x80004bc0 (0x019f8c33) x24 0x943af001
core   0: 0x80004bc4 (0x034452b3) divu    t0, s0, s4
core   0: 3 0x80004bc4 (0x034452b3) x 5 0x00000001
core   0: 0x80004bc8 (0x410f5513) srai    a0, t5, 16
core   0: 3 0x80004bc8 (0x410f5513) x10 0x000005d1
core   0: 0x80004bcc (0x00000013) nop
core   0: 3 0x80004bcc (0x00000013)
core   0: 0x80004bd0 (0x00615b13) srli    s6, sp, 6
core   0: 3 0x80004bd0 (0x00615b13) x22 0x002e8c33
core   0: 0x80004bd4 (0x036961b3) rem     gp, s2, s6
core   0: 3 0x80004bd4 (0x036961b3) x 3 0x00000000
core   0: 0x80004bd8 (0x007ced33) or      s10, s9, t2
core   0: 3 0x80004bd8 (0x007ced33) x26 0xbac8bcb7
core   0: 0x80004bdc (0xbdd0c393) xori    t2, ra, -1059
core   0: 3 0x80004bdc (0xbdd0c393) x 7 0xfffffbcd
core   0: 0x80004be0 (0x03c47d33) remu    s10, s0, t3
core   0: 3 0x80004be0 (0x03c47d33) x26 0x00000000
core   0: 0x80004be4 (0x03932c33) mulhsu  s8, t1, s9
core   0: 3 0x80004be4 (0x03932c33) x24 0x00000000
core   0: 0x80004be8 (0x02ede533) rem     a0, s11, a4
core   0: 3 0x80004be8 (0x02ede533) x10 0x0ba30cce
core   0: 0x80004bec (0x00000013) nop
core   0: 3 0x80004bec (0x00000013)
core   0: 0x80004bf0 (0x80d3af93) slti    t6, t2, -2035
core   0: 3 0x80004bf0 (0x80d3af93) x31 0x00000000
core   0: 0x80004bf4 (0x015bb9b3) sltu    s3, s7, s5
core   0: 3 0x80004bf4 (0x015bb9b3) x19 0x00000000
core   0: 0x80004bf8 (0x02359db3) mulh    s11, a1, gp
core   0: 3 0x80004bf8 (0x02359db3) x27 0x00000000
core   0: 0x80004bfc (0x031a7d97) auipc   s11, 0x31a7
core   0: 3 0x80004bfc (0x031a7d97) x27 0x831abbfc
core   0: 0x80004c00 (0xea6c7793) andi    a5, s8, -346
core   0: 3 0x80004c00 (0xea6c7793) x15 0x00000000
core   0: 0x80004c04 (0x00a67f33) and     t5, a2, a0
core   0: 3 0x80004c04 (0x00a67f33) x30 0x09a30000
core   0: 0x80004c08 (0xce313113) sltiu   sp, sp, -797
core   0: 3 0x80004c08 (0xce313113) x 2 0x00000001
core   0: 0x80004c0c (0x417dd633) sra     a2, s11, s7
core   0: 3 0x80004c0c (0x417dd633) x12 0xffffffff
core   0: 0x80004c10 (0x66c4cd13) xori    s10, s1, 1644
core   0: 3 0x80004c10 (0x66c4cd13) x26 0x80014808
core   0: 0x80004c14 (0x41d45b13) srai    s6, s0, 29
core   0: 3 0x80004c14 (0x41d45b13) x22 0xffffffff
core   0: 0x80004c18 (0x00bc9cb3) sll     s9, s9, a1
core   0: 3 0x80004c18 (0x00bc9cb3) x25 0x00000001
core   0: 0x80004c1c (0x00cf8433) add     s0, t6, a2
core   0: 3 0x80004c1c (0x00cf8433) x 8 0xffffffff
core   0: 0x80004c20 (0x0241fd33) remu    s10, gp, tp
core   0: 3 0x80004c20 (0x0241fd33) x26 0x00000000
core   0: 0x80004c24 (0x8fa32213) slti    tp, t1, -1798
core   0: 3 0x80004c24 (0x8fa32213) x 4 0x00000000
core   0: 0x80004c28 (0x00000013) nop
core   0: 3 0x80004c28 (0x00000013)
core   0: 0x80004c2c (0x03839b33) mulh    s6, t2, s8
core   0: 3 0x80004c2c (0x03839b33) x22 0x00000000
core   0: 0x80004c30 (0x029c0933) mul     s2, s8, s1
core   0: 3 0x80004c30 (0x029c0933) x18 0x00000000
core   0: 0x80004c34 (0x401d80b3) sub     ra, s11, ra
core   0: 3 0x80004c34 (0x401d80b3) x 1 0x831abbec
core   0: 0x80004c38 (0x02d26233) rem     tp, tp, a3
core   0: 3 0x80004c38 (0x02d26233) x 4 0x00000000
core   0: 0x80004c3c (0x0205d033) divu    zero, a1, zero
core   0: 3 0x80004c3c (0x0205d033)
core   0: 0x80004c40 (0x008861b3) or      gp, a6, s0
core   0: 3 0x80004c40 (0x008861b3) x 3 0xffffffff
core   0: 0x80004c44 (0x02ccf033) remu    zero, s9, a2
core   0: 3 0x80004c44 (0x02ccf033)
core   0: 0x80004c48 (0x41d98bb3) sub     s7, s3, t4
core   0: 3 0x80004c48 (0x41d98bb3) x23 0x00000000
core   0: 0x80004c4c (0x20e79337) lui     t1, 0x20e79
core   0: 3 0x80004c4c (0x20e79337) x 6 0x20e79000
core   0: 0x80004c50 (0x3d71e6b7) lui     a3, 0x3d71e
core   0: 3 0x80004c50 (0x3d71e6b7) x13 0x3d71e000
core   0: 0x80004c54 (0xa4e97e93) andi    t4, s2, -1458
core   0: 3 0x80004c54 (0xa4e97e93) x29 0x00000000
core   0: 0x80004c58 (0x027667b3) rem     a5, a2, t2
core   0: 3 0x80004c58 (0x027667b3) x15 0xffffffff
core   0: 0x80004c5c (0x41e4df13) srai    t5, s1, 30
core   0: 3 0x80004c5c (0x41e4df13) x30 0xfffffffe
core   0: 0x80004c60 (0x40e3d033) sra     zero, t2, a4
core   0: 3 0x80004c60 (0x40e3d033)
core   0: 0x80004c64 (0x02df43b3) div     t2, t5, a3
core   0: 3 0x80004c64 (0x02df43b3) x 7 0x00000000
core   0: 0x80004c68 (0x010fd593) srli    a1, t6, 16
core   0: 3 0x80004c68 (0x010fd593) x11 0x00000000
core   0: 0x80004c6c (0x0285d333) divu    t1, a1, s0
core   0: 3 0x80004c6c (0x0285d333) x 6 0x00000000
core   0: 0x80004c70 (0x00116133) or      sp, sp, ra
core   0: 3 0x80004c70 (0x00116133) x 2 0x831abbed
core   0: 0x80004c74 (0x005155b3) srl     a1, sp, t0
core   0: 3 0x80004c74 (0x005155b3) x11 0x418d5df6
core   0: 0x80004c78 (0x847e3093) sltiu   ra, t3, -1977
core   0: 3 0x80004c78 (0x847e3093) x 1 0x00000000
core   0: 0x80004c7c (0x6cd6ad93) slti    s11, a3, 1741
core   0: 3 0x80004c7c (0x6cd6ad93) x27 0x00000000
core   0: 0x80004c80 (0x01fa3433) sltu    s0, s4, t6
core   0: 3 0x80004c80 (0x01fa3433) x 8 0x00000000
core   0: 0x80004c84 (0x021ab333) mulhu   t1, s5, ra
core   0: 3 0x80004c84 (0x021ab333) x 6 0x00000000
core   0: 0x80004c88 (0x4076db33) sra     s6, a3, t2
core   0: 3 0x80004c88 (0x4076db33) x22 0x3d71e000
core   0: 0x80004c8c (0x00000013) nop
core   0: 3 0x80004c8c (0x00000013)
core   0: 0x80004c90 (0x03a25733) divu    a4, tp, s10
core   0: 3 0x80004c90 (0x03a25733) x14 0xffffffff
core   0: 0x80004c94 (0x01607433) and     s0, zero, s6
core   0: 3 0x80004c94 (0x01607433) x 8 0x00000000
core   0: 0x80004c98 (0xb55dcd13) xori    s10, s11, -1195
core   0: 3 0x80004c98 (0xb55dcd13) x26 0xfffffb55
core   0: 0x80004c9c (0x23e2f197) auipc   gp, 0x23e2f
core   0: 3 0x80004c9c (0x23e2f197) x 3 0xa3e33c9c
core   0: 0x80004ca0 (0x00bdce33) xor     t3, s11, a1
core   0: 3 0x80004ca0 (0x00bdce33) x28 0x418d5df6
core   0: 0x80004ca4 (0xc70acbb7) lui     s7, 0xc70ac
core   0: 3 0x80004ca4 (0xc70acbb7) x23 0xc70ac000
core   0: 0x80004ca8 (0xe7397f93) andi    t6, s2, -397
core   0: 3 0x80004ca8 (0xe7397f93) x31 0x00000000
core   0: 0x80004cac (0x00ab95b3) sll     a1, s7, a0
core   0: 3 0x80004cac (0x00ab95b3) x11 0xb0000000
core   0: 0x80004cb0 (0x00f1c733) xor     a4, gp, a5
core   0: 3 0x80004cb0 (0x00f1c733) x14 0x5c1cc363
core   0: 0x80004cb4 (0x0313e933) rem     s2, t2, a7
core   0: 3 0x80004cb4 (0x0313e933) x18 0x00000000
core   0: 0x80004cb8 (0x03399ab3) mulh    s5, s3, s3
core   0: 3 0x80004cb8 (0x03399ab3) x21 0x00000000
core   0: 0x80004cbc (0x0113b8b3) sltu    a7, t2, a7
core   0: 3 0x80004cbc (0x0113b8b3) x17 0x00000001
core   0: 0x80004cc0 (0x00265b33) srl     s6, a2, sp
core   0: 3 0x80004cc0 (0x00265b33) x22 0x0007ffff
core   0: 0x80004cc4 (0x033b8db3) mul     s11, s7, s3
core   0: 3 0x80004cc4 (0x033b8db3) x27 0x00000000
core   0: 0x80004cc8 (0x03934333) div     t1, t1, s9
core   0: 3 0x80004cc8 (0x03934333) x 6 0x00000000
core   0: 0x80004ccc (0x01b9d033) srl     zero, s3, s11
core   0: 3 0x80004ccc (0x01b9d033)
core   0: 0x80004cd0 (0x40048633) sub     a2, s1, zero
core   0: 3 0x80004cd0 (0x40048633) x12 0x80014e64
core   0: 0x80004cd4 (0x03ef0433) mul     s0, t5, t5
core   0: 3 0x80004cd4 (0x03ef0433) x 8 0x00000004
core   0: 0x80004cd8 (0x030b3633) mulhu   a2, s6, a6
core   0: 3 0x80004cd8 (0x030b3633) x12 0x0004000b
core   0: 0x80004cdc (0x16527093) andi    ra, tp, 357
core   0: 3 0x80004cdc (0x16527093) x 1 0x00000000
core   0: 0x80004ce0 (0x02245133) divu    sp, s0, sp
core   0: 3 0x80004ce0 (0x02245133) x 2 0x00000000
core   0: 0x80004ce4 (0x0325b5b3) mulhu   a1, a1, s2
core   0: 3 0x80004ce4 (0x0325b5b3) x11 0x00000000
core   0: 0x80004ce8 (0x33b0a593) slti    a1, ra, 827
core   0: 3 0x80004ce8 (0x33b0a593) x11 0x00000001
core   0: 0x80004cec (0x00702933) slt     s2, zero, t2
core   0: 3 0x80004cec (0x00702933) x18 0x00000000
core   0: 0x80004cf0 (0x01b38933) add     s2, t2, s11
core   0: 3 0x80004cf0 (0x01b38933) x18 0x00000000
core   0: 0x80004cf4 (0x3b266393) ori     t2, a2, 946
core   0: 3 0x80004cf4 (0x3b266393) x 7 0x000403bb
core   0: 0x80004cf8 (0x0305ee33) rem     t3, a1, a6
core   0: 3 0x80004cf8 (0x0305ee33) x28 0x00000001
core   0: 0x80004cfc (0x007aae33) slt     t3, s5, t2
core   0: 3 0x80004cfc (0x007aae33) x28 0x00000001
core   0: 0x80004d00 (0x01d3d713) srli    a4, t2, 29
core   0: 3 0x80004d00 (0x01d3d713) x14 0x00000000
core   0: 0x80004d04 (0x02889233) mulh    tp, a7, s0
core   0: 3 0x80004d04 (0x02889233) x 4 0x00000000
core   0: 0x80004d08 (0x01a26ab3) or      s5, tp, s10
core   0: 3 0x80004d08 (0x01a26ab3) x21 0xfffffb55
core   0: 0x80004d0c (0x317acc13) xori    s8, s5, 791
core   0: 3 0x80004d0c (0x317acc13) x24 0xfffff842
core   0: 0x80004d10 (0x005d9933) sll     s2, s11, t0
core   0: 3 0x80004d10 (0x005d9933) x18 0x00000000
core   0: 0x80004d14 (0x000cfeb3) and     t4, s9, zero
core   0: 3 0x80004d14 (0x000cfeb3) x29 0x00000000
core   0: 0x80004d18 (0x41155033) sra     zero, a0, a7
core   0: 3 0x80004d18 (0x41155033)
core   0: 0x80004d1c (0x41e786b3) sub     a3, a5, t5
core   0: 3 0x80004d1c (0x41e786b3) x13 0x00000001
core   0: 0x80004d20 (0x04686993) ori     s3, a6, 70
core   0: 3 0x80004d20 (0x04686993) x19 0x80018ce6
core   0: 0x80004d24 (0x03ba9c33) mulh    s8, s5, s11
core   0: 3 0x80004d24 (0x03ba9c33) x24 0x00000000
core   0: 0x80004d28 (0x35542293) slti    t0, s0, 853
core   0: 3 0x80004d28 (0x35542293) x 5 0x00000001
core   0: 0x80004d2c (0xf8a6e913) ori     s2, a3, -118
core   0: 3 0x80004d2c (0xf8a6e913) x18 0xffffff8b
core   0: 0x80004d30 (0x01921e33) sll     t3, tp, s9
core   0: 3 0x80004d30 (0x01921e33) x28 0x00000000
core   0: 0x80004d34 (0x037435b3) mulhu   a1, s0, s7
core   0: 3 0x80004d34 (0x037435b3) x11 0x00000003
core   0: 0x80004d38 (0x01899d13) slli    s10, s3, 24
core   0: 3 0x80004d38 (0x01899d13) x26 0xe6000000
core   0: 0x80004d3c (0x03462f17) auipc   t5, 0x3462
core   0: 3 0x80004d3c (0x03462f17) x30 0x83466d3c
core   0: 0x80004d40 (0x024d1b33) mulh    s6, s10, tp
core   0: 3 0x80004d40 (0x024d1b33) x22 0x00000000
core   0: 0x80004d44 (0x03ae8cb3) mul     s9, t4, s10
core   0: 3 0x80004d44 (0x03ae8cb3) x25 0x00000000
core   0: 0x80004d48 (0x78213297) auipc   t0, 0x78213
core   0: 3 0x80004d48 (0x78213297) x 5 0xf8217d48
core   0: 0x80004d4c (0x01dd4db3) xor     s11, s10, t4
core   0: 3 0x80004d4c (0x01dd4db3) x27 0xe6000000
core   0: 0x80004d50 (0xfe8b7e93) andi    t4, s6, -24
core   0: 3 0x80004d50 (0xfe8b7e93) x29 0x00000000
core   0: 0x80004d54 (0x02452c33) mulhsu  s8, a0, tp
core   0: 3 0x80004d54 (0x02452c33) x24 0x00000000
core   0: 0x80004d58 (0xa1430513) addi    a0, t1, -1516
core   0: 3 0x80004d58 (0xa1430513) x10 0xfffffa14
core   0: 0x80004d5c (0x02de6c33) rem     s8, t3, a3
core   0: 3 0x80004d5c (0x02de6c33) x24 0x00000000
core   0: 0x80004d60 (0x038c1533) mulh    a0, s8, s8
core   0: 3 0x80004d60 (0x038c1533) x10 0x00000000
core   0: 0x80004d64 (0x00003eb3) snez    t4, zero
core   0: 3 0x80004d64 (0x00003eb3) x29 0x00000000
core   0: 0x80004d68 (0x01f615b3) sll     a1, a2, t6
core   0: 3 0x80004d68 (0x01f615b3) x11 0x0004000b
core   0: 0x80004d6c (0x3b0f7b13) andi    s6, t5, 944
core   0: 3 0x80004d6c (0x3b0f7b13) x22 0x00000130
core   0: 0x80004d70 (0x00d8edb3) or      s11, a7, a3
core   0: 3 0x80004d70 (0x00d8edb3) x27 0x00000001
core   0: 0x80004d74 (0x26a7f593) andi    a1, a5, 618
core   0: 3 0x80004d74 (0x26a7f593) x11 0x0000026a
core   0: 0x80004d78 (0x40df5bb3) sra     s7, t5, a3
core   0: 3 0x80004d78 (0x40df5bb3) x23 0xc1a3369e
core   0: 0x80004d7c (0x03df6733) rem     a4, t5, t4
core   0: 3 0x80004d7c (0x03df6733) x14 0x83466d3c
core   0: 0x80004d80 (0x026548b3) div     a7, a0, t1
core   0: 3 0x80004d80 (0x026548b3) x17 0xffffffff
core   0: 0x80004d84 (0x000e8533) add     a0, t4, zero
core   0: 3 0x80004d84 (0x000e8533) x10 0x00000000
core   0: 0x80004d88 (0x00572033) slt     zero, a4, t0
core   0: 3 0x80004d88 (0x00572033)
core   0: 0x80004d8c (0x4107dc13) srai    s8, a5, 16
core   0: 3 0x80004d8c (0x4107dc13) x24 0xffffffff
core   0: 0x80004d90 (0xda616c13) ori     s8, sp, -602
core   0: 3 0x80004d90 (0xda616c13) x24 0xfffffda6
core   0: 0x80004d94 (0x8f993737) lui     a4, 0x8f993
core   0: 3 0x80004d94 (0x8f993737) x14 0x8f993000
core   0: 0x80004d98 (0x1c3cf793) andi    a5, s9, 451
core   0: 3 0x80004d98 (0x1c3cf793) x15 0x00000000
core   0: 0x80004d9c (0x4104d193) srai    gp, s1, 16
core   0: 3 0x80004d9c (0x4104d193) x 3 0xffff8001
core   0: 0x80004da0 (0x7b2ee213) ori     tp, t4, 1970
core   0: 3 0x80004da0 (0x7b2ee213) x 4 0x000007b2
core   0: 0x80004da4 (0x038451b3) divu    gp, s0, s8
core   0: 3 0x80004da4 (0x038451b3) x 3 0x00000000
core   0: 0x80004da8 (0x026ef233) remu    tp, t4, t1
core   0: 3 0x80004da8 (0x026ef233) x 4 0x00000000
core   0: 0x80004dac (0x307a09b7) lui     s3, 0x307a0
core   0: 3 0x80004dac (0x307a09b7) x19 0x307a0000
core   0: 0x80004db0 (0x41370633) sub     a2, a4, s3
core   0: 3 0x80004db0 (0x41370633) x12 0x5f1f3000
core   0: 0x80004db4 (0x027a2cb3) mulhsu  s9, s4, t2
core   0: 3 0x80004db4 (0x027a2cb3) x25 0xfffeea60
core   0: 0x80004db8 (0x03e39233) mulh    tp, t2, t5
core   0: 3 0x80004db8 (0x03e39233) x 4 0xfffe0b48
core   0: 0x80004dbc (0x41de06b3) sub     a3, t3, t4
core   0: 3 0x80004dbc (0x41de06b3) x13 0x00000000
core   0: 0x80004dc0 (0x01168533) add     a0, a3, a7
core   0: 3 0x80004dc0 (0x01168533) x10 0xffffffff
core   0: 0x80004dc4 (0x0063bcb3) sltu    s9, t2, t1
core   0: 3 0x80004dc4 (0x0063bcb3) x25 0x00000000
core   0: 0x80004dc8 (0x0228eab3) rem     s5, a7, sp
core   0: 3 0x80004dc8 (0x0228eab3) x21 0xffffffff
core   0: 0x80004dcc (0x40565093) srai    ra, a2, 5
core   0: 3 0x80004dcc (0x40565093) x 1 0x02f8f980
core   0: 0x80004dd0 (0x022a8033) mul     zero, s5, sp
core   0: 3 0x80004dd0 (0x022a8033)
core   0: 0x80004dd4 (0x00e32033) slt     zero, t1, a4
core   0: 3 0x80004dd4 (0x00e32033)
core   0: 0x80004dd8 (0x8e3cfd13) andi    s10, s9, -1821
core   0: 3 0x80004dd8 (0x8e3cfd13) x26 0x00000000
core   0: 0x80004ddc (0x30c9bd97) auipc   s11, 0x30c9b
core   0: 3 0x80004ddc (0x30c9bd97) x27 0xb0c9fddc
core   0: 0x80004de0 (0x40690ab3) sub     s5, s2, t1
core   0: 3 0x80004de0 (0x40690ab3) x21 0xffffff8b
core   0: 0x80004de4 (0x00ba40b3) xor     ra, s4, a1
core   0: 3 0x80004de4 (0x00ba40b3) x 1 0xbad8beef
core   0: 0x80004de8 (0x01e51c13) slli    s8, a0, 30
core   0: 3 0x80004de8 (0x01e51c13) x24 0xc0000000
core   0: 0x80004dec (0x01d21233) sll     tp, tp, t4
core   0: 3 0x80004dec (0x01d21233) x 4 0xfffe0b48
core   0: 0x80004df0 (0x1bd9c937) lui     s2, 0x1bd9c
core   0: 3 0x80004df0 (0x1bd9c937) x18 0x1bd9c000
core   0: 0x80004df4 (0xec85c913) xori    s2, a1, -312
core   0: 3 0x80004df4 (0xec85c913) x18 0xfffffca2
core   0: 0x80004df8 (0x3fb66a93) ori     s5, a2, 1019
core   0: 3 0x80004df8 (0x3fb66a93) x21 0x5f1f33fb
core   0: 0x80004dfc (0x5ce4eeb7) lui     t4, 0x5ce4e
core   0: 3 0x80004dfc (0x5ce4eeb7) x29 0x5ce4e000
core   0: 0x80004e00 (0xb768e393) ori     t2, a7, -1162
core   0: 3 0x80004e00 (0xb768e393) x 7 0xffffffff
core   0: 0x80004e04 (0x02d85633) divu    a2, a6, a3
core   0: 3 0x80004e04 (0x02d85633) x12 0xffffffff
core   0: 0x80004e08 (0x022f1233) mulh    tp, t5, sp
core   0: 3 0x80004e08 (0x022f1233) x 4 0x00000000
core   0: 0x80004e0c (0x01b31c33) sll     s8, t1, s11
core   0: 3 0x80004e0c (0x01b31c33) x24 0x00000000
core   0: 0x80004e10 (0x024b5233) divu    tp, s6, tp
core   0: 3 0x80004e10 (0x024b5233) x 4 0xffffffff
core   0: 0x80004e14 (0x3f013537) lui     a0, 0x3f013
core   0: 3 0x80004e14 (0x3f013537) x10 0x3f013000
core   0: 0x80004e18 (0x035c8633) mul     a2, s9, s5
core   0: 3 0x80004e18 (0x035c8633) x12 0x00000000
core   0: 0x80004e1c (0x03437133) remu    sp, t1, s4
core   0: 3 0x80004e1c (0x03437133) x 2 0x00000000
core   0: 0x80004e20 (0x00698e33) add     t3, s3, t1
core   0: 3 0x80004e20 (0x00698e33) x28 0x307a0000
core   0: 0x80004e24 (0x00e7cfb3) xor     t6, a5, a4
core   0: 3 0x80004e24 (0x00e7cfb3) x31 0x8f993000
core   0: 0x80004e28 (0x017fd333) srl     t1, t6, s7
core   0: 3 0x80004e28 (0x017fd333) x 6 0x00000002
core   0: 0x80004e2c (0x037c28b3) mulhsu  a7, s8, s7
core   0: 3 0x80004e2c (0x037c28b3) x17 0x00000000
core   0: 0x80004e30 (0x01a0cf33) xor     t5, ra, s10
core   0: 3 0x80004e30 (0x01a0cf33) x30 0xbad8beef
core   0: 0x80004e34 (0x02996533) rem     a0, s2, s1
core   0: 3 0x80004e34 (0x02996533) x10 0xfffffca2
core   0: 0x80004e38 (0x00868cb3) add     s9, a3, s0
core   0: 3 0x80004e38 (0x00868cb3) x25 0x00000004
core   0: 0x80004e3c (0x03a121b3) mulhsu  gp, sp, s10
core   0: 3 0x80004e3c (0x03a121b3) x 3 0x00000000
core   0: 0x80004e40 (0x4176d613) srai    a2, a3, 23
core   0: 3 0x80004e40 (0x4176d613) x12 0x00000000
core   0: 0x80004e44 (0x2670e717) auipc   a4, 0x2670e
core   0: 3 0x80004e44 (0x2670e717) x14 0xa6712e44
core   0: 0x80004e48 (0xeccaf893) andi    a7, s5, -308
core   0: 3 0x80004e48 (0xeccaf893) x17 0x5f1f32c8
core   0: 0x80004e4c (0x02cf4433) div     s0, t5, a2
core   0: 3 0x80004e4c (0x02cf4433) x 8 0xffffffff
core   0: 0x80004e50 (0x405c86b3) sub     a3, s9, t0
core   0: 3 0x80004e50 (0x405c86b3) x13 0x07de82bc
core   0: 0x80004e54 (0x708af693) andi    a3, s5, 1800
core   0: 3 0x80004e54 (0x708af693) x13 0x00000308
core   0: 0x80004e58 (0x392c6b93) ori     s7, s8, 914
core   0: 3 0x80004e58 (0x392c6b93) x23 0x00000392
core   0: 0x80004e5c (0x436cbf93) sltiu   t6, s9, 1078
core   0: 3 0x80004e5c (0x436cbf93) x31 0x00000001
core   0: 0x80004e60 (0x40135413) srai    s0, t1, 1
core   0: 3 0x80004e60 (0x40135413) x 8 0x00000001
core   0: 0x80004e64 (0x00881013) slli    zero, a6, 8
core   0: 3 0x80004e64 (0x00881013)
core   0: 0x80004e68 (0x41a8d093) srai    ra, a7, 26
core   0: 3 0x80004e68 (0x41a8d093) x 1 0x00000017
core   0: 0x80004e6c (0x2f27de37) lui     t3, 0x2f27d
core   0: 3 0x80004e6c (0x2f27de37) x28 0x2f27d000
core   0: 0x80004e70 (0x7c06c293) xori    t0, a3, 1984
core   0: 3 0x80004e70 (0x7c06c293) x 5 0x000004c8
core   0: 0x80004e74 (0x02d876b3) remu    a3, a6, a3
core   0: 3 0x80004e74 (0x02d876b3) x13 0x00000254
core   0: 0x80004e78 (0x0028e133) or      sp, a7, sp
core   0: 3 0x80004e78 (0x0028e133) x 2 0x5f1f32c8
core   0: 0x80004e7c (0x41df51b3) sra     gp, t5, t4
core   0: 3 0x80004e7c (0x41df51b3) x 3 0xbad8beef
core   0: 0x80004e80 (0x00000013) nop
core   0: 3 0x80004e80 (0x00000013)
core   0: 0x80004e84 (0x02cbcdb3) div     s11, s7, a2
core   0: 3 0x80004e84 (0x02cbcdb3) x27 0xffffffff
core   0: 0x80004e88 (0xd5f6bc93) sltiu   s9, a3, -673
core   0: 3 0x80004e88 (0xd5f6bc93) x25 0x00000001
core   0: 0x80004e8c (0x81ffca93) xori    s5, t6, -2017
core   0: 3 0x80004e8c (0x81ffca93) x21 0xfffff81e
core   0: 0x80004e90 (0x019c6933) or      s2, s8, s9
core   0: 3 0x80004e90 (0x019c6933) x18 0x00000001
core   0: 0x80004e94 (0x0085d613) srli    a2, a1, 8
core   0: 3 0x80004e94 (0x0085d613) x12 0x00000002
core   0: 0x80004e98 (0x40d05733) sra     a4, zero, a3
core   0: 3 0x80004e98 (0x40d05733) x14 0x00000000
core   0: 0x80004e9c (0x01c678b3) and     a7, a2, t3
core   0: 3 0x80004e9c (0x01c678b3) x17 0x00000000
core   0: 0x80004ea0 (0x01dbb033) sltu    zero, s7, t4
core   0: 3 0x80004ea0 (0x01dbb033)
core   0: 0x80004ea4 (0x02e4f1b3) remu    gp, s1, a4
core   0: 3 0x80004ea4 (0x02e4f1b3) x 3 0x80014e64
core   0: 0x80004ea8 (0x01e2c2b3) xor     t0, t0, t5
core   0: 3 0x80004ea8 (0x01e2c2b3) x 5 0xbad8ba27
core   0: 0x80004eac (0x41a108b3) sub     a7, sp, s10
core   0: 3 0x80004eac (0x41a108b3) x17 0x5f1f32c8
core   0: 0x80004eb0 (0x00e81d93) slli    s11, a6, 14
core   0: 3 0x80004eb0 (0x00e81d93) x27 0x63390000
core   0: 0x80004eb4 (0x022f3cb3) mulhu   s9, t5, sp
core   0: 3 0x80004eb4 (0x022f3cb3) x25 0x456d342a
core   0: 0x80004eb8 (0x56faff93) andi    t6, s5, 1391
core   0: 3 0x80004eb8 (0x56faff93) x31 0x0000000e
core   0: 0x80004ebc (0x00502fb3) slt     t6, zero, t0
core   0: 3 0x80004ebc (0x00502fb3) x31 0x00000000
core   0: 0x80004ec0 (0x03c3db33) divu    s6, t2, t3
core   0: 3 0x80004ec0 (0x03c3db33) x22 0x00000005
core   0: 0x80004ec4 (0x0171d433) srl     s0, gp, s7
core   0: 3 0x80004ec4 (0x0171d433) x 8 0x00002000
core   0: 0x80004ec8 (0x33dc8793) addi    a5, s9, 829
core   0: 3 0x80004ec8 (0x33dc8793) x15 0x456d3767
core   0: 0x80004ecc (0x0105bc33) sltu    s8, a1, a6
core   0: 3 0x80004ecc (0x0105bc33) x24 0x00000001
core   0: 0x80004ed0 (0x087f0893) addi    a7, t5, 135
core   0: 3 0x80004ed0 (0x087f0893) x17 0xbad8bf76
core   0: 0x80004ed4 (0x01af2d33) slt     s10, t5, s10
core   0: 3 0x80004ed4 (0x01af2d33) x26 0x00000001
core   0: 0x80004ed8 (0x4eefb193) sltiu   gp, t6, 1262
core   0: 3 0x80004ed8 (0x4eefb193) x 3 0x00000001
core   0: 0x80004edc (0x0354a533) mulhsu  a0, s1, s5
core   0: 3 0x80004edc (0x0354a533) x10 0x80015254
core   0: 0x80004ee0 (0x031311b3) mulh    gp, t1, a7
core   0: 3 0x80004ee0 (0x031311b3) x 3 0xffffffff
core   0: 0x80004ee4 (0x4030dc33) sra     s8, ra, gp
core   0: 3 0x80004ee4 (0x4030dc33) x24 0x00000000
core   0: 0x80004ee8 (0x01c11913) slli    s2, sp, 28
core   0: 3 0x80004ee8 (0x01c11913) x18 0x80000000
core   0: 0x80004eec (0x01d41e13) slli    t3, s0, 29
core   0: 3 0x80004eec (0x01d41e13) x28 0x00000000
core   0: 0x80004ef0 (0x00186333) or      t1, a6, ra
core   0: 3 0x80004ef0 (0x00186333) x 6 0x80018cf7
core   0: 0x80004ef4 (0x845707b7) lui     a5, 0x84570
core   0: 3 0x80004ef4 (0x845707b7) x15 0x84570000
core   0: 0x80004ef8 (0x0291cab3) div     s5, gp, s1
core   0: 3 0x80004ef8 (0x0291cab3) x21 0x00000000
core   0: 0x80004efc (0x411d5fb3) sra     t6, s10, a7
core   0: 3 0x80004efc (0x411d5fb3) x31 0x00000000
core   0: 0x80004f00 (0x01673433) sltu    s0, a4, s6
core   0: 3 0x80004f00 (0x01673433) x 8 0x00000001
core   0: 0x80004f04 (0x05b80d13) addi    s10, a6, 91
core   0: 3 0x80004f04 (0x05b80d13) x26 0x80018d3f
core   0: 0x80004f08 (0x6003f013) andi    zero, t2, 1536
core   0: 3 0x80004f08 (0x6003f013)
core   0: 0x80004f0c (0x01edde13) srli    t3, s11, 30
core   0: 3 0x80004f0c (0x01edde13) x28 0x00000001
core   0: 0x80004f10 (0x025398b3) mulh    a7, t2, t0
core   0: 3 0x80004f10 (0x025398b3) x17 0x00000000
core   0: 0x80004f14 (0x01fa10b3) sll     ra, s4, t6
core   0: 3 0x80004f14 (0x01fa10b3) x 1 0xbad8bc85
core   0: 0x80004f18 (0x00d69db3) sll     s11, a3, a3
core   0: 3 0x80004f18 (0x00d69db3) x27 0x25400000
core   0: 0x80004f1c (0x4004dfb3) sra     t6, s1, zero
core   0: 3 0x80004f1c (0x4004dfb3) x31 0x80014e64
core   0: 0x80004f20 (0x00000013) nop
core   0: 3 0x80004f20 (0x00000013)
core   0: 0x80004f24 (0x016c9b93) slli    s7, s9, 22
core   0: 3 0x80004f24 (0x016c9b93) x23 0x0a800000
core   0: 0x80004f28 (0x006e1533) sll     a0, t3, t1
core   0: 3 0x80004f28 (0x006e1533) x10 0x00800000
core   0: 0x80004f2c (0x0386b733) mulhu   a4, a3, s8
core   0: 3 0x80004f2c (0x0386b733) x14 0x00000000
core   0: 0x80004f30 (0x01ef1d33) sll     s10, t5, t5
core   0: 3 0x80004f30 (0x01ef1d33) x26 0x5f778000
core   0: 0x80004f34 (0x010d8533) add     a0, s11, a6
core   0: 3 0x80004f34 (0x010d8533) x10 0xa5418ce4
core   0: 0x80004f38 (0x6f090993) addi    s3, s2, 1776
core   0: 3 0x80004f38 (0x6f090993) x19 0x800006f0
core   0: 0x80004f3c (0x41dc5eb3) sra     t4, s8, t4
core   0: 3 0x80004f3c (0x41dc5eb3) x29 0x00000000
core   0: 0x80004f40 (0x00000013) nop
core   0: 3 0x80004f40 (0x00000013)
core   0: 0x80004f44 (0x00000013) nop
core   0: 3 0x80004f44 (0x00000013)
core   0: 0x80004f48 (0x33ab6a93) ori     s5, s6, 826
core   0: 3 0x80004f48 (0x33ab6a93) x21 0x0000033f
core   0: 0x80004f4c (0x98fb4913) xori    s2, s6, -1649
core   0: 3 0x80004f4c (0x98fb4913) x18 0xfffff98a
core   0: 0x80004f50 (0x4e143213) sltiu   tp, s0, 1249
core   0: 3 0x80004f50 (0x4e143213) x 4 0x00000001
core   0: 0x80004f54 (0x79eccf93) xori    t6, s9, 1950
core   0: 3 0x80004f54 (0x79eccf93) x31 0x456d33b4
core   0: 0x80004f58 (0x005616b3) sll     a3, a2, t0
core   0: 3 0x80004f58 (0x005616b3) x13 0x00000100
core   0: 0x80004f5c (0x0353e7b3) rem     a5, t2, s5
core   0: 3 0x80004f5c (0x0353e7b3) x15 0xffffffff
core   0: 0x80004f60 (0x02e11ab3) mulh    s5, sp, a4
core   0: 3 0x80004f60 (0x02e11ab3) x21 0x00000000
core   0: 0x80004f64 (0x012cb433) sltu    s0, s9, s2
core   0: 3 0x80004f64 (0x012cb433) x 8 0x00000001
core   0: 0x80004f68 (0x0105c1b3) xor     gp, a1, a6
core   0: 3 0x80004f68 (0x0105c1b3) x 3 0x80018e8e
core   0: 0x80004f6c (0x02b1a433) mulhsu  s0, gp, a1
core   0: 3 0x80004f6c (0x02b1a433) x 8 0xfffffecb
core   0: 0x80004f70 (0x02783e33) mulhu   t3, a6, t2
core   0: 3 0x80004f70 (0x02783e33) x28 0x80018ce3
core   0: 0x80004f74 (0x03e7dfb3) divu    t6, a5, t5
core   0: 3 0x80004f74 (0x03e7dfb3) x31 0x00000001
core   0: 0x80004f78 (0x02cd2d33) mulhsu  s10, s10, a2
core   0: 3 0x80004f78 (0x02cd2d33) x26 0x00000000
core   0: 0x80004f7c (0x415ddc13) srai    s8, s11, 21
core   0: 3 0x80004f7c (0x415ddc13) x24 0x0000012a
core   0: 0x80004f80 (0x02934633) div     a2, t1, s1
core   0: 3 0x80004f80 (0x02934633) x12 0x00000000
core   0: 0x80004f84 (0x02deffb3) remu    t6, t4, a3
core   0: 3 0x80004f84 (0x02deffb3) x31 0x00000000
core   0: 0x80004f88 (0x012125b3) slt     a1, sp, s2
core   0: 3 0x80004f88 (0x012125b3) x11 0x00000000
core   0: 0x80004f8c (0x005db5b3) sltu    a1, s11, t0
core   0: 3 0x80004f8c (0x005db5b3) x11 0x00000001
core   0: 0x80004f90 (0x70638213) addi    tp, t2, 1798
core   0: 3 0x80004f90 (0x70638213) x 4 0x00000705
core   0: 0x80004f94 (0x22d5f913) andi    s2, a1, 557
core   0: 3 0x80004f94 (0x22d5f913) x18 0x00000001
core   0: 0x80004f98 (0x01c1d3b3) srl     t2, gp, t3
core   0: 3 0x80004f98 (0x01c1d3b3) x 7 0x100031d1
core   0: 0x80004f9c (0x679da513) slti    a0, s11, 1657
core   0: 3 0x80004f9c (0x679da513) x10 0x00000000
core   0: 0x80004fa0 (0x41aa8cb3) sub     s9, s5, s10
core   0: 3 0x80004fa0 (0x41aa8cb3) x25 0x00000000
core   0: 0x80004fa4 (0x01e4bfb3) sltu    t6, s1, t5
core   0: 3 0x80004fa4 (0x01e4bfb3) x31 0x00000001
core   0: 0x80004fa8 (0x01d5acb3) slt     s9, a1, t4
core   0: 3 0x80004fa8 (0x01d5acb3) x25 0x00000000
core   0: 0x80004fac (0xe875e613) ori     a2, a1, -377
core   0: 3 0x80004fac (0xe875e613) x12 0xfffffe87
core   0: 0x80004fb0 (0x41f782b3) sub     t0, a5, t6
core   0: 3 0x80004fb0 (0x41f782b3) x 5 0xfffffffe
core   0: 0x80004fb4 (0x020973b3) remu    t2, s2, zero
core   0: 3 0x80004fb4 (0x020973b3) x 7 0x00000001
core   0: 0x80004fb8 (0x00cc3333) sltu    t1, s8, a2
core   0: 3 0x80004fb8 (0x00cc3333) x 6 0x00000001
core   0: 0x80004fbc (0x011425b3) slt     a1, s0, a7
core   0: 3 0x80004fbc (0x011425b3) x11 0x00000001
core   0: 0x80004fc0 (0x0293bfb3) mulhu   t6, t2, s1
core   0: 3 0x80004fc0 (0x0293bfb3) x31 0x00000000
core   0: 0x80004fc4 (0x0379a6b3) mulhsu  a3, s3, s7
core   0: 3 0x80004fc4 (0x0379a6b3) x13 0xfac00048
core   0: 0x80004fc8 (0xea458613) addi    a2, a1, -348
core   0: 3 0x80004fc8 (0xea458613) x12 0xfffffea5
core   0: 0x80004fcc (0x410d0b33) sub     s6, s10, a6
core   0: 3 0x80004fcc (0x410d0b33) x22 0x7ffe731c
core   0: 0x80004fd0 (0x4515e413) ori     s0, a1, 1105
core   0: 3 0x80004fd0 (0x4515e413) x 8 0x00000451
core   0: 0x80004fd4 (0x01df9f13) slli    t5, t6, 29
core   0: 3 0x80004fd4 (0x01df9f13) x30 0x00000000
core   0: 0x80004fd8 (0x415ad313) srai    t1, s5, 21
core   0: 3 0x80004fd8 (0x415ad313) x 6 0x00000000
core   0: 0x80004fdc (0x022159b3) divu    s3, sp, sp
core   0: 3 0x80004fdc (0x022159b3) x19 0x00000001
core   0: 0x80004fe0 (0x00985433) srl     s0, a6, s1
core   0: 3 0x80004fe0 (0x00985433) x 8 0x080018ce
core   0: 0x80004fe4 (0x03dd9fb3) mulh    t6, s11, t4
core   0: 3 0x80004fe4 (0x03dd9fb3) x31 0x00000000
core   0: 0x80004fe8 (0x02e953b3) divu    t2, s2, a4
core   0: 3 0x80004fe8 (0x02e953b3) x 7 0xffffffff
core   0: 0x80004fec (0x0270a7b3) mulhsu  a5, ra, t2
core   0: 3 0x80004fec (0x0270a7b3) x15 0xbad8bc85
core   0: 0x80004ff0 (0x40ae5093) srai    ra, t3, 10
core   0: 3 0x80004ff0 (0x40ae5093) x 1 0xffe00063
core   0: 0x80004ff4 (0x02831933) mulh    s2, t1, s0
core   0: 3 0x80004ff4 (0x02831933) x18 0x00000000
core   0: 0x80004ff8 (0x914fe093) ori     ra, t6, -1772
core   0: 3 0x80004ff8 (0x914fe093) x 1 0xfffff914
core   0: 0x80004ffc (0x01d1fbb3) and     s7, gp, t4
core   0: 3 0x80004ffc (0x01d1fbb3) x23 0x00000000
core   0: 0x80005000 (0x01334533) xor     a0, t1, s3
core   0: 3 0x80005000 (0x01334533) x10 0x00000001
core   0: 0x80005004 (0x01d58133) add     sp, a1, t4
core   0: 3 0x80005004 (0x01d58133) x 2 0x00000001
core   0: 0x80005008 (0x02d386b3) mul     a3, t2, a3
core   0: 3 0x80005008 (0x02d386b3) x13 0x053fffb8
core   0: 0x8000500c (0x02d56933) rem     s2, a0, a3
core   0: 3 0x8000500c (0x02d56933) x18 0x00000001
core   0: 0x80005010 (0x00869b13) slli    s6, a3, 8
core   0: 3 0x80005010 (0x00869b13) x22 0x3fffb800
core   0: 0x80005014 (0x01398933) add     s2, s3, s3
core   0: 3 0x80005014 (0x01398933) x18 0x00000002
core   0: 0x80005018 (0x1f558793) addi    a5, a1, 501
core   0: 3 0x80005018 (0x1f558793) x15 0x000001f6
core   0: 0x8000501c (0x00f44c33) xor     s8, s0, a5
core   0: 3 0x8000501c (0x00f44c33) x24 0x08001938
core   0: 0x80005020 (0xe524c693) xori    a3, s1, -430
core   0: 3 0x80005020 (0xe524c693) x13 0x7ffeb036
core   0: 0x80005024 (0x01cabd33) sltu    s10, s5, t3
core   0: 3 0x80005024 (0x01cabd33) x26 0x00000001
core   0: 0x80005028 (0x00000013) nop
core   0: 3 0x80005028 (0x00000013)
core   0: 0x8000502c (0x029d1433) mulh    s0, s10, s1
core   0: 3 0x8000502c (0x029d1433) x 8 0xffffffff
core   0: 0x80005030 (0x0371b033) mulhu   zero, gp, s7
core   0: 3 0x80005030 (0x0371b033)
core   0: 0x80005034 (0x01097533) and     a0, s2, a6
core   0: 3 0x80005034 (0x01097533) x10 0x00000000
core   0: 0x80005038 (0x030299b3) mulh    s3, t0, a6
core   0: 3 0x80005038 (0x030299b3) x19 0x00000000
core   0: 0x8000503c (0x011c3b33) sltu    s6, s8, a7
core   0: 3 0x8000503c (0x011c3b33) x22 0x00000000
core   0: 0x80005040 (0x243f7993) andi    s3, t5, 579
core   0: 3 0x80005040 (0x243f7993) x19 0x00000000
core   0: 0x80005044 (0x00cae033) or      zero, s5, a2
core   0: 3 0x80005044 (0x00cae033)
core   0: 0x80005048 (0x0187f5b3) and     a1, a5, s8
core   0: 3 0x80005048 (0x0187f5b3) x11 0x00000130
core   0: 0x8000504c (0x00ff9f33) sll     t5, t6, a5
core   0: 3 0x8000504c (0x00ff9f33) x30 0x00000000
core   0: 0x80005050 (0x417a5f13) srai    t5, s4, 23
core   0: 3 0x80005050 (0x417a5f13) x30 0xffffff75
core   0: 0x80005054 (0x41ce5c33) sra     s8, t3, t3
core   0: 3 0x80005054 (0x41ce5c33) x24 0xf000319c
core   0: 0x80005058 (0x028fbc33) mulhu   s8, t6, s0
core   0: 3 0x80005058 (0x028fbc33) x24 0x00000000
core   0: 0x8000505c (0xd9378d93) addi    s11, a5, -621
core   0: 3 0x8000505c (0xd9378d93) x27 0xffffff89
core   0: 0x80005060 (0x0387ec13) ori     s8, a5, 56
core   0: 3 0x80005060 (0x0387ec13) x24 0x000001fe
core   0: 0x80005064 (0x28bab513) sltiu   a0, s5, 651
core   0: 3 0x80005064 (0x28bab513) x10 0x00000001
core   0: 0x80005068 (0x002a6bb3) or      s7, s4, sp
core   0: 3 0x80005068 (0x002a6bb3) x23 0xbad8bc85
core   0: 0x8000506c (0x0129efb3) or      t6, s3, s2
core   0: 3 0x8000506c (0x0129efb3) x31 0x00000002
core   0: 0x80005070 (0x4143d933) sra     s2, t2, s4
core   0: 3 0x80005070 (0x4143d933) x18 0xffffffff
core   0: 0x80005074 (0x01ef10b3) sll     ra, t5, t5
core   0: 3 0x80005074 (0x01ef10b3) x 1 0xeea00000
core   0: 0x80005078 (0x8f926e13) ori     t3, tp, -1799
core   0: 3 0x80005078 (0x8f926e13) x28 0xfffffffd
core   0: 0x8000507c (0x03bff3b3) remu    t2, t6, s11
core   0: 3 0x8000507c (0x03bff3b3) x 7 0x00000002
core   0: 0x80005080 (0x001f2b33) slt     s6, t5, ra
core   0: 3 0x80005080 (0x001f2b33) x22 0x00000000
core   0: 0x80005084 (0x5ed47a93) andi    s5, s0, 1517
core   0: 3 0x80005084 (0x5ed47a93) x21 0x000005ed
core   0: 0x80005088 (0x039d66b3) rem     a3, s10, s9
core   0: 3 0x80005088 (0x039d66b3) x13 0x00000001
core   0: 0x8000508c (0x022de333) rem     t1, s11, sp
core   0: 3 0x8000508c (0x022de333) x 6 0x00000000
core   0: 0x80005090 (0x41835733) sra     a4, t1, s8
core   0: 3 0x80005090 (0x41835733) x14 0x00000000
core   0: 0x80005094 (0x41c98b33) sub     s6, s3, t3
core   0: 3 0x80005094 (0x41c98b33) x22 0x00000003
core   0: 0x80005098 (0x02f53033) mulhu   zero, a0, a5
core   0: 3 0x80005098 (0x02f53033)
core   0: 0x8000509c (0x038c03b3) mul     t2, s8, s8
core   0: 3 0x8000509c (0x038c03b3) x 7 0x0003f804
core   0: 0x800050a0 (0x00000013) nop
core   0: 3 0x800050a0 (0x00000013)
core   0: 0x800050a4 (0x00da4233) xor     tp, s4, a3
core   0: 3 0x800050a4 (0x00da4233) x 4 0xbad8bc84
core   0: 0x800050a8 (0x28196c13) ori     s8, s2, 641
core   0: 3 0x800050a8 (0x28196c13) x24 0xffffffff
core   0: 0x800050ac (0xaf358193) addi    gp, a1, -1293
core   0: 3 0x800050ac (0xaf358193) x 3 0xfffffc23
core   0: 0x800050b0 (0x0214f1b3) remu    gp, s1, ra
core   0: 3 0x800050b0 (0x0214f1b3) x 3 0x80014e64
core   0: 0x800050b4 (0x0293e8b3) rem     a7, t2, s1
core   0: 3 0x800050b4 (0x0293e8b3) x17 0x0003f804
core   0: 0x800050b8 (0x024aee33) rem     t3, s5, tp
core   0: 3 0x800050b8 (0x024aee33) x28 0x000005ed
core   0: 0x800050bc (0x41ac0cb3) sub     s9, s8, s10
core   0: 3 0x800050bc (0x41ac0cb3) x25 0xfffffffe
core   0: 0x800050c0 (0x00000013) nop
core   0: 3 0x800050c0 (0x00000013)
core   0: 0x800050c4 (0x02168533) mul     a0, a3, ra
core   0: 3 0x800050c4 (0x02168533) x10 0xeea00000
core   0: 0x800050c8 (0x00ed99b3) sll     s3, s11, a4
core   0: 3 0x800050c8 (0x00ed99b3) x19 0xffffff89
core   0: 0x800050cc (0x024236b3) mulhu   a3, tp, tp
core   0: 3 0x800050cc (0x024236b3) x13 0x885fa96e
core   0: 0x800050d0 (0x282b8c97) auipc   s9, 0x282b8
core   0: 3 0x800050d0 (0x282b8c97) x25 0xa82bd0d0
core   0: 0x800050d4 (0x00000013) nop
core   0: 3 0x800050d4 (0x00000013)
core   0: 0x800050d8 (0x00071933) sll     s2, a4, zero
core   0: 3 0x800050d8 (0x00071933) x18 0x00000000
core   0: 0x800050dc (0x01d003b3) add     t2, zero, t4
core   0: 3 0x800050dc (0x01d003b3) x 7 0x00000000
core   0: 0x800050e0 (0x03dd92b3) mulh    t0, s11, t4
core   0: 3 0x800050e0 (0x03dd92b3) x 5 0x00000000
core   0: 0x800050e4 (0x00d79c13) slli    s8, a5, 13
core   0: 3 0x800050e4 (0x00d79c13) x24 0x003ec000
core   0: 0x800050e8 (0x40e9d3b3) sra     t2, s3, a4
core   0: 3 0x800050e8 (0x40e9d3b3) x 7 0xffffff89
core   0: 0x800050ec (0x402ddbb3) sra     s7, s11, sp
core   0: 3 0x800050ec (0x402ddbb3) x23 0xffffffc4
core   0: 0x800050f0 (0x00afe2b3) or      t0, t6, a0
core   0: 3 0x800050f0 (0x00afe2b3) x 5 0xeea00002
core   0: 0x800050f4 (0x00e88933) add     s2, a7, a4
core   0: 3 0x800050f4 (0x00e88933) x18 0x0003f804
core   0: 0x800050f8 (0x02ec4233) div     tp, s8, a4
core   0: 3 0x800050f8 (0x02ec4233) x 4 0xffffffff
core   0: 0x800050fc (0x01087233) and     tp, a6, a6
core   0: 3 0x800050fc (0x01087233) x 4 0x80018ce4
core   0: 0x80005100 (0xaf80b713) sltiu   a4, ra, -1288
core   0: 3 0x80005100 (0xaf80b713) x14 0x00000001
core   0: 0x80005104 (0xba47d637) lui     a2, 0xba47d
core   0: 3 0x80005104 (0xba47d637) x12 0xba47d000
core   0: 0x80005108 (0xbae4ad93) slti    s11, s1, -1106
core   0: 3 0x80005108 (0xbae4ad93) x27 0x00000001
core   0: 0x8000510c (0x602aa013) slti    zero, s5, 1538
core   0: 3 0x8000510c (0x602aa013)
core   0: 0x80005110 (0x4143d333) sra     t1, t2, s4
core   0: 3 0x80005110 (0x4143d333) x 6 0xfffffffc
core   0: 0x80005114 (0x72670113) addi    sp, a4, 1830
core   0: 3 0x80005114 (0x72670113) x 2 0x00000727
core   0: 0x80005118 (0x01bae233) or      tp, s5, s11
core   0: 3 0x80005118 (0x01bae233) x 4 0x000005ed
core   0: 0x8000511c (0x00daa033) slt     zero, s5, a3
core   0: 3 0x8000511c (0x00daa033)
core   0: 0x80005120 (0x02bad233) divu    tp, s5, a1
core   0: 3 0x80005120 (0x02bad233) x 4 0x00000004
core   0: 0x80005124 (0x027b01b3) mul     gp, s6, t2
core   0: 3 0x80005124 (0x027b01b3) x 3 0xfffffe9b
core   0: 0x80005128 (0x021917b3) mulh    a5, s2, ra
core   0: 3 0x80005128 (0x021917b3) x15 0xffffbb0a
core   0: 0x8000512c (0x029fd033) divu    zero, t6, s1
core   0: 3 0x8000512c (0x029fd033)
core   0: 0x80005130 (0x59d47637) lui     a2, 0x59d47
core   0: 3 0x80005130 (0x59d47637) x12 0x59d47000
core   0: 0x80005134 (0x5a200993) li      s3, 1442
core   0: 3 0x80005134 (0x5a200993) x19 0x000005a2
core   0: 0x80005138 (0x0105d093) srli    ra, a1, 16
core   0: 3 0x80005138 (0x0105d093) x 1 0x00000000
core   0: 0x8000513c (0x7ac078b7) lui     a7, 0x7ac07
core   0: 3 0x8000513c (0x7ac078b7) x17 0x7ac07000
core   0: 0x80005140 (0x00000013) nop
core   0: 3 0x80005140 (0x00000013)
core   0: 0x80005144 (0xada75017) auipc   zero, 0xada75
core   0: 3 0x80005144 (0xada75017)
core   0: 0x80005148 (0x0292a933) mulhsu  s2, t0, s1
core   0: 3 0x80005148 (0x0292a933) x18 0xf74fe94e
core   0: 0x8000514c (0x03983e33) mulhu   t3, a6, s9
core   0: 3 0x8000514c (0x03983e33) x28 0x5416ed21
core   0: 0x80005150 (0x8c5a8293) addi    t0, s5, -1851
core   0: 3 0x80005150 (0x8c5a8293) x 5 0xfffffeb2
core   0: 0x80005154 (0xb08db313) sltiu   t1, s11, -1272
core   0: 3 0x80005154 (0xb08db313) x 6 0x00000001
core   0: 0x80005158 (0x03fd6eb3) rem     t4, s10, t6
core   0: 3 0x80005158 (0x03fd6eb3) x29 0x00000001
core   0: 0x8000515c (0x013e9c93) slli    s9, t4, 19
core   0: 3 0x8000515c (0x013e9c93) x25 0x00080000
core   0: 0x80005160 (0xc9fe7c93) andi    s9, t3, -865
core   0: 3 0x80005160 (0xc9fe7c93) x25 0x5416ec01
core   0: 0x80005164 (0x6f97ce13) xori    t3, a5, 1785
core   0: 3 0x80005164 (0x6f97ce13) x28 0xffffbdf3
core   0: 0x80005168 (0x0321c133) div     sp, gp, s2
core   0: 3 0x80005168 (0x0321c133) x 2 0x00000000
core   0: 0x8000516c (0xf26ebf37) lui     t5, 0xf26eb
core   0: 3 0x8000516c (0xf26ebf37) x30 0xf26eb000
core   0: 0x80005170 (0x418b0db3) sub     s11, s6, s8
core   0: 3 0x80005170 (0x418b0db3) x27 0xffc14003
core   0: 0x80005174 (0x038207b3) mul     a5, tp, s8
core   0: 3 0x80005174 (0x038207b3) x15 0x00fb0000
core   0: 0x80005178 (0x64934393) xori    t2, t1, 1609
core   0: 3 0x80005178 (0x64934393) x 7 0x00000648
core   0: 0x8000517c (0x013f2cb3) slt     s9, t5, s3
core   0: 3 0x8000517c (0x013f2cb3) x25 0x00000001
core   0: 0x80005180 (0x01b0d033) srl     zero, ra, s11
core   0: 3 0x80005180 (0x01b0d033)
core   0: 0x80005184 (0x00c9cdb3) xor     s11, s3, a2
core   0: 3 0x80005184 (0x00c9cdb3) x27 0x59d475a2
core   0: 0x80005188 (0x2937eeb7) lui     t4, 0x2937e
core   0: 3 0x80005188 (0x2937eeb7) x29 0x2937e000
core   0: 0x8000518c (0xd42a3d93) sltiu   s11, s4, -702
core   0: 3 0x8000518c (0xd42a3d93) x27 0x00000001
core   0: 0x80005190 (0x01aa0933) add     s2, s4, s10
core   0: 3 0x80005190 (0x01aa0933) x18 0xbad8bc86
core   0: 0x80005194 (0xa80d4b93) xori    s7, s10, -1408
core   0: 3 0x80005194 (0xa80d4b93) x23 0xfffffa81
core   0: 0x80005198 (0x01e35213) srli    tp, t1, 30
core   0: 3 0x80005198 (0x01e35213) x 4 0x00000000
core   0: 0x8000519c (0xfa3a0f13) addi    t5, s4, -93
core   0: 3 0x8000519c (0xfa3a0f13) x30 0xbad8bc28
core   0: 0x800051a0 (0x02ac23b3) mulhsu  t2, s8, a0
core   0: 3 0x800051a0 (0x02ac23b3) x 7 0x003a7db8
core   0: 0x800051a4 (0x015d5933) srl     s2, s10, s5
core   0: 3 0x800051a4 (0x015d5933) x18 0x00000000
core   0: 0x800051a8 (0x008186b3) add     a3, gp, s0
core   0: 3 0x800051a8 (0x008186b3) x13 0xfffffe9a
core   0: 0x800051ac (0xf58fe793) ori     a5, t6, -168
core   0: 3 0x800051ac (0xf58fe793) x15 0xffffff5a
core   0: 0x800051b0 (0x0123b533) sltu    a0, t2, s2
core   0: 3 0x800051b0 (0x0123b533) x10 0x00000000
core   0: 0x800051b4 (0x0105cab3) xor     s5, a1, a6
core   0: 3 0x800051b4 (0x0105cab3) x21 0x80018dd4
core   0: 0x800051b8 (0x609a6d13) ori     s10, s4, 1545
core   0: 3 0x800051b8 (0x609a6d13) x26 0xbad8be8d
core   0: 0x800051bc (0x5d0ab193) sltiu   gp, s5, 1488
core   0: 3 0x800051bc (0x5d0ab193) x 3 0x00000000
core   0: 0x800051c0 (0x70e30a93) addi    s5, t1, 1806
core   0: 3 0x800051c0 (0x70e30a93) x21 0x0000070f
core   0: 0x800051c4 (0x004a9d93) slli    s11, s5, 4
core   0: 3 0x800051c4 (0x004a9d93) x27 0x000070f0
core   0: 0x800051c8 (0x00895013) srli    zero, s2, 8
core   0: 3 0x800051c8 (0x00895013)
core   0: 0x800051cc (0x038fab33) mulhsu  s6, t6, s8
core   0: 3 0x800051cc (0x038fab33) x22 0x00000000
core   0: 0x800051d0 (0x00b058b3) srl     a7, zero, a1
core   0: 3 0x800051d0 (0x00b058b3) x17 0x00000000
core   0: 0x800051d4 (0x4012d013) srai    zero, t0, 1
core   0: 3 0x800051d4 (0x4012d013)
core   0: 0x800051d8 (0x0c95ce93) xori    t4, a1, 201
core   0: 3 0x800051d8 (0x0c95ce93) x29 0x000001f9
core   0: 0x800051dc (0x41a98e33) sub     t3, s3, s10
core   0: 3 0x800051dc (0x41a98e33) x28 0x45274715
core   0: 0x800051e0 (0x01aa9233) sll     tp, s5, s10
core   0: 3 0x800051e0 (0x01aa9233) x 4 0x00e1e000
core   0: 0x800051e4 (0x00ec9e33) sll     t3, s9, a4
core   0: 3 0x800051e4 (0x00ec9e33) x28 0x00000002
core   0: 0x800051e8 (0x4192dd93) srai    s11, t0, 25
core   0: 3 0x800051e8 (0x4192dd93) x27 0xffffffff
core   0: 0x800051ec (0x03143eb3) mulhu   t4, s0, a7
core   0: 3 0x800051ec (0x03143eb3) x29 0x00000000
core   0: 0x800051f0 (0x0225b633) mulhu   a2, a1, sp
core   0: 3 0x800051f0 (0x0225b633) x12 0x00000000
core   0: 0x800051f4 (0x410980b3) sub     ra, s3, a6
core   0: 3 0x800051f4 (0x410980b3) x 1 0x7ffe78be
core   0: 0x800051f8 (0x007b9ab3) sll     s5, s7, t2
core   0: 3 0x800051f8 (0x007b9ab3) x21 0x81000000
core   0: 0x800051fc (0x03e1eb33) rem     s6, gp, t5
core   0: 3 0x800051fc (0x03e1eb33) x22 0x00000000
core   0: 0x80005200 (0x007a6433) or      s0, s4, t2
core   0: 3 0x80005200 (0x007a6433) x 8 0xbafafdbd
core   0: 0x80005204 (0x013100b3) add     ra, sp, s3
core   0: 3 0x80005204 (0x013100b3) x 1 0x000005a2
core   0: 0x80005208 (0x40330433) sub     s0, t1, gp
core   0: 3 0x80005208 (0x40330433) x 8 0x00000001
core   0: 0x8000520c (0x03ce3733) mulhu   a4, t3, t3
core   0: 3 0x8000520c (0x03ce3733) x14 0x00000000
core   0: 0x80005210 (0x2725ee13) ori     t3, a1, 626
core   0: 3 0x80005210 (0x2725ee13) x28 0x00000372
core   0: 0x80005214 (0x413458b3) sra     a7, s0, s3
core   0: 3 0x80005214 (0x413458b3) x17 0x00000000
core   0: 0x80005218 (0x41085bb3) sra     s7, a6, a6
core   0: 3 0x80005218 (0x41085bb3) x23 0xf80018ce
core   0: 0x8000521c (0x00b4a633) slt     a2, s1, a1
core   0: 3 0x8000521c (0x00b4a633) x12 0x00000001
core   0: 0x80005220 (0x404a88b3) sub     a7, s5, tp
core   0: 3 0x80005220 (0x404a88b3) x17 0x801e2000
core   0: 0x80005224 (0x020e75b3) remu    a1, t3, zero
core   0: 3 0x80005224 (0x020e75b3) x11 0x00000372
core   0: 0x80005228 (0x00000013) nop
core   0: 3 0x80005228 (0x00000013)
core   0: 0x8000522c (0x0017bd33) sltu    s10, a5, ra
core   0: 3 0x8000522c (0x0017bd33) x26 0x00000000
core   0: 0x80005230 (0x005658b3) srl     a7, a2, t0
core   0: 3 0x80005230 (0x005658b3) x17 0x00000000
core   0: 0x80005234 (0x03a02c33) mulhsu  s8, zero, s10
core   0: 3 0x80005234 (0x03a02c33) x24 0x00000000
core   0: 0x80005238 (0x00cc1e33) sll     t3, s8, a2
core   0: 3 0x80005238 (0x00cc1e33) x28 0x00000000
core   0: 0x8000523c (0x00d79893) slli    a7, a5, 13
core   0: 3 0x8000523c (0x00d79893) x17 0xffeb4000
core   0: 0x80005240 (0x4165d8b3) sra     a7, a1, s6
core   0: 3 0x80005240 (0x4165d8b3) x17 0x00000372
core   0: 0x80005244 (0x41c350b3) sra     ra, t1, t3
core   0: 3 0x80005244 (0x41c350b3) x 1 0x00000001
core   0: 0x80005248 (0xdd756213) ori     tp, a0, -553
core   0: 3 0x80005248 (0xdd756213) x 4 0xfffffdd7
core   0: 0x8000524c (0xce740393) addi    t2, s0, -793
core   0: 3 0x8000524c (0xce740393) x 7 0xfffffce8
core   0: 0x80005250 (0x02b17733) remu    a4, sp, a1
core   0: 3 0x80005250 (0x02b17733) x14 0x00000000
core   0: 0x80005254 (0xec738d13) addi    s10, t2, -313
core   0: 3 0x80005254 (0xec738d13) x26 0xfffffbaf
core   0: 0x80005258 (0x00b32e33) slt     t3, t1, a1
core   0: 3 0x80005258 (0x00b32e33) x28 0x00000001
core   0: 0x8000525c (0x6c152013) slti    zero, a0, 1729
core   0: 3 0x8000525c (0x6c152013)
core   0: 0x80005260 (0xef01bc37) lui     s8, 0xef01b
core   0: 3 0x80005260 (0xef01bc37) x24 0xef01b000
core   0: 0x80005264 (0x00a97633) and     a2, s2, a0
core   0: 3 0x80005264 (0x00a97633) x12 0x00000000
core   0: 0x80005268 (0x401ed313) srai    t1, t4, 1
core   0: 3 0x80005268 (0x401ed313) x 6 0x00000000
core   0: 0x8000526c (0x0221aeb3) mulhsu  t4, gp, sp
core   0: 3 0x8000526c (0x0221aeb3) x29 0x00000000
core   0: 0x80005270 (0x414d0f33) sub     t5, s10, s4
core   0: 3 0x80005270 (0x414d0f33) x30 0x45273f2a
core   0: 0x80005274 (0x03424eb3) div     t4, tp, s4
core   0: 3 0x80005274 (0x03424eb3) x29 0x00000000
core   0: 0x80005278 (0x01880d33) add     s10, a6, s8
core   0: 3 0x80005278 (0x01880d33) x26 0x6f033ce4
core   0: 0x8000527c (0x3985fa93) andi    s5, a1, 920
core   0: 3 0x8000527c (0x3985fa93) x21 0x00000310
core   0: 0x80005280 (0x0244c3b3) div     t2, s1, tp
core   0: 3 0x80005280 (0x0244c3b3) x 7 0x003b40ab
core   0: 0x80005284 (0x03a7a733) mulhsu  a4, a5, s10
core   0: 3 0x80005284 (0x03a7a733) x14 0xffffffb8
core   0: 0x80005288 (0x01456933) or      s2, a0, s4
core   0: 3 0x80005288 (0x01456933) x18 0xbad8bc85
core   0: 0x8000528c (0x01bf9613) slli    a2, t6, 27
core   0: 3 0x8000528c (0x01bf9613) x12 0x10000000
core   0: 0x80005290 (0x414507b3) sub     a5, a0, s4
core   0: 3 0x80005290 (0x414507b3) x15 0x4527437b
core   0: 0x80005294 (0x02988c33) mul     s8, a7, s1
core   0: 3 0x80005294 (0x02988c33) x24 0x04801488
core   0: 0x80005298 (0x4166d113) srai    sp, a3, 22
core   0: 3 0x80005298 (0x4166d113) x 2 0xffffffff
core   0: 0x8000529c (0x008bddb3) srl     s11, s7, s0
core   0: 3 0x8000529c (0x008bddb3) x27 0x7c000c67
core   0: 0x800052a0 (0x02147eb3) remu    t4, s0, ra
core   0: 3 0x800052a0 (0x02147eb3) x29 0x00000000
core   0: 0x800052a4 (0x002543b3) xor     t2, a0, sp
core   0: 3 0x800052a4 (0x002543b3) x 7 0xffffffff
core   0: 0x800052a8 (0x00d4f0b3) and     ra, s1, a3
core   0: 3 0x800052a8 (0x00d4f0b3) x 1 0x80014e00
core   0: 0x800052ac (0x03cc33b3) mulhu   t2, s8, t3
core   0: 3 0x800052ac (0x03cc33b3) x 7 0x00000000
core   0: 0x800052b0 (0x00795733) srl     a4, s2, t2
core   0: 3 0x800052b0 (0x00795733) x14 0xbad8bc85
core   0: 0x800052b4 (0x00000013) nop
core   0: 3 0x800052b4 (0x00000013)
core   0: 0x800052b8 (0xa3a2d637) lui     a2, 0xa3a2d
core   0: 3 0x800052b8 (0xa3a2d637) x12 0xa3a2d000
core   0: 0x800052bc (0x00fed8b3) srl     a7, t4, a5
core   0: 3 0x800052bc (0x00fed8b3) x17 0x00000000
core   0: 0x800052c0 (0x00efa9b3) slt     s3, t6, a4
core   0: 3 0x800052c0 (0x00efa9b3) x19 0x00000000
core   0: 0x800052c4 (0x017919b3) sll     s3, s2, s7
core   0: 3 0x800052c4 (0x017919b3) x19 0x2f214000
core   0: 0x800052c8 (0x412a5d93) srai    s11, s4, 18
core   0: 3 0x800052c8 (0x412a5d93) x27 0xffffeeb6
core   0: 0x800052cc (0x41c3d613) srai    a2, t2, 28
core   0: 3 0x800052cc (0x41c3d613) x12 0x00000000
core   0: 0x800052d0 (0x029398b3) mulh    a7, t2, s1
core   0: 3 0x800052d0 (0x029398b3) x17 0x00000000
core   0: 0x800052d4 (0xfc1ab313) sltiu   t1, s5, -63
core   0: 3 0x800052d4 (0xfc1ab313) x 6 0x00000001
core   0: 0x800052d8 (0x41c65b93) srai    s7, a2, 28
core   0: 3 0x800052d8 (0x41c65b93) x23 0x00000000
core   0: 0x800052dc (0x01dfa033) slt     zero, t6, t4
core   0: 3 0x800052dc (0x01dfa033)
core   0: 0x800052e0 (0xf2066613) ori     a2, a2, -224
core   0: 3 0x800052e0 (0xf2066613) x12 0xffffff20
core   0: 0x800052e4 (0x52806113) ori     sp, zero, 1320
core   0: 3 0x800052e4 (0x52806113) x 2 0x00000528
core   0: 0x800052e8 (0x416f59b3) sra     s3, t5, s6
core   0: 3 0x800052e8 (0x416f59b3) x19 0x45273f2a
core   0: 0x800052ec (0x028ad6b3) divu    a3, s5, s0
core   0: 3 0x800052ec (0x028ad6b3) x13 0x00000310
core   0: 0x800052f0 (0x00000013) nop
core   0: 3 0x800052f0 (0x00000013)
core   0: 0x800052f4 (0x01223233) sltu    tp, tp, s2
core   0: 3 0x800052f4 (0x01223233) x 4 0x00000000
core   0: 0x800052f8 (0x4a98b397) auipc   t2, 0x4a98b
core   0: 3 0x800052f8 (0x4a98b397) x 7 0xca9902f8
core   0: 0x800052fc (0x405e8cb3) sub     s9, t4, t0
core   0: 3 0x800052fc (0x405e8cb3) x25 0x0000014e
core   0: 0x80005300 (0xf678eb13) ori     s6, a7, -153
core   0: 3 0x80005300 (0xf678eb13) x22 0xffffff67
core   0: 0x80005304 (0x45724593) xori    a1, tp, 1111
core   0: 3 0x80005304 (0x45724593) x11 0x00000457
core   0: 0x80005308 (0x012440b3) xor     ra, s0, s2
core   0: 3 0x80005308 (0x012440b3) x 1 0xbad8bc84
core   0: 0x8000530c (0x007c5a93) srli    s5, s8, 7
core   0: 3 0x8000530c (0x007c5a93) x21 0x00090029
core   0: 0x80005310 (0x0098df93) srli    t6, a7, 9
core   0: 3 0x80005310 (0x0098df93) x31 0x00000000
core   0: 0x80005314 (0x012cdb13) srli    s6, s9, 18
core   0: 3 0x80005314 (0x012cdb13) x22 0x00000000
core   0: 0x80005318 (0x27de6413) ori     s0, t3, 637
core   0: 3 0x80005318 (0x27de6413) x 8 0x0000027d
core   0: 0x8000531c (0x0076c3b3) xor     t2, a3, t2
core   0: 3 0x8000531c (0x0076c3b3) x 7 0xca9901e8
core   0: 0x80005320 (0xb9b32013) slti    zero, t1, -1125
core   0: 3 0x80005320 (0xb9b32013)
core   0: 0x80005324 (0x00d26d33) or      s10, tp, a3
core   0: 3 0x80005324 (0x00d26d33) x26 0x00000310
core   0: 0x80005328 (0x40275ab3) sra     s5, a4, sp
core   0: 3 0x80005328 (0x40275ab3) x21 0xffbad8bc
core   0: 0x8000532c (0x03b99c33) mulh    s8, s3, s11
core   0: 3 0x8000532c (0x03b99c33) x24 0xfffffb54
core   0: 0x80005330 (0x00cd2bb3) slt     s7, s10, a2
core   0: 3 0x80005330 (0x00cd2bb3) x23 0x00000000
core   0: 0x80005334 (0x00d9b6b3) sltu    a3, s3, a3
core   0: 3 0x80005334 (0x00d9b6b3) x13 0x00000000
core   0: 0x80005338 (0x02462d33) mulhsu  s10, a2, tp
core   0: 3 0x80005338 (0x02462d33) x26 0x00000000
core   0: 0x8000533c (0xc3d75917) auipc   s2, 0xc3d75
core   0: 3 0x8000533c (0xc3d75917) x18 0x43d7a33c
core   0: 0x80005340 (0x01d3f733) and     a4, t2, t4
core   0: 3 0x80005340 (0x01d3f733) x14 0x00000000
core   0: 0x80005344 (0x1bca2013) slti    zero, s4, 444
core   0: 3 0x80005344 (0x1bca2013)
core   0: 0x80005348 (0x034ab533) mulhu   a0, s5, s4
core   0: 3 0x80005348 (0x034ab533) x10 0xbaa64371
core   0: 0x8000534c (0x02bfdf33) divu    t5, t6, a1
core   0: 3 0x8000534c (0x02bfdf33) x30 0x00000000
core   0: 0x80005350 (0x4047d693) srai    a3, a5, 4
core   0: 3 0x80005350 (0x4047d693) x13 0x04527437
core   0: 0x80005354 (0x03cbadb3) mulhsu  s11, s7, t3
core   0: 3 0x80005354 (0x03cbadb3) x27 0x00000000
core   0: 0x80005358 (0xb5037213) andi    tp, t1, -1200
core   0: 3 0x80005358 (0xb5037213) x 4 0x00000000
core   0: 0x8000535c (0x02143db3) mulhu   s11, s0, ra
core   0: 3 0x8000535c (0x02143db3) x27 0x000001d0
core   0: 0x80005360 (0x030715b3) mulh    a1, a4, a6
core   0: 3 0x80005360 (0x030715b3) x11 0x00000000
core   0: 0x80005364 (0x010147b3) xor     a5, sp, a6
core   0: 3 0x80005364 (0x010147b3) x15 0x800189cc
core   0: 0x80005368 (0x8917a017) auipc   zero, 0x8917a
core   0: 3 0x80005368 (0x8917a017)
core   0: 0x8000536c (0x41795213) srai    tp, s2, 23
core   0: 3 0x8000536c (0x41795213) x 4 0x00000087
core   0: 0x80005370 (0x01430233) add     tp, t1, s4
core   0: 3 0x80005370 (0x01430233) x 4 0xbad8bc86
core   0: 0x80005374 (0xbb40ce37) lui     t3, 0xbb40c
core   0: 3 0x80005374 (0xbb40ce37) x28 0xbb40c000
core   0: 0x80005378 (0x00000013) nop
core   0: 3 0x80005378 (0x00000013)
core   0: 0x8000537c (0x03937eb3) remu    t4, t1, s9
core   0: 3 0x8000537c (0x03937eb3) x29 0x00000001
core   0: 0x80005380 (0xf5b4ae37) lui     t3, 0xf5b4a
core   0: 3 0x80005380 (0xf5b4ae37) x28 0xf5b4a000
core   0: 0x80005384 (0x4176deb3) sra     t4, a3, s7
core   0: 3 0x80005384 (0x4176deb3) x29 0x04527437
core   0: 0x80005388 (0xb04fc2b7) lui     t0, 0xb04fc
core   0: 3 0x80005388 (0xb04fc2b7) x 5 0xb04fc000
core   0: 0x8000538c (0xa8087013) andi    zero, a6, -1408
core   0: 3 0x8000538c (0xa8087013)
core   0: 0x80005390 (0x02e44433) div     s0, s0, a4
core   0: 3 0x80005390 (0x02e44433) x 8 0xffffffff
core   0: 0x80005394 (0x00d3f0b3) and     ra, t2, a3
core   0: 3 0x80005394 (0x00d3f0b3) x 1 0x00100020
core   0: 0x80005398 (0x957ca193) slti    gp, s9, -1705
core   0: 3 0x80005398 (0x957ca193) x 3 0x00000000
core   0: 0x8000539c (0x02b80233) mul     tp, a6, a1
core   0: 3 0x8000539c (0x02b80233) x 4 0x00000000
core   0: 0x800053a0 (0xb574fb93) andi    s7, s1, -1193
core   0: 3 0x800053a0 (0xb574fb93) x23 0x80014a44
core   0: 0x800053a4 (0xd9485417) auipc   s0, 0xd9485
core   0: 3 0x800053a4 (0xd9485417) x 8 0x5948a3a4
core   0: 0x800053a8 (0x00bddc93) srli    s9, s11, 11
core   0: 3 0x800053a8 (0x00bddc93) x25 0x00000000
core   0: 0x800053ac (0x01d865b3) or      a1, a6, t4
core   0: 3 0x800053ac (0x01d865b3) x11 0x8453fcf7
core   0: 0x800053b0 (0xae536c13) ori     s8, t1, -1307
core   0: 3 0x800053b0 (0xae536c13) x24 0xfffffae5
core   0: 0x800053b4 (0x41d007b3) sub     a5, zero, t4
core   0: 3 0x800053b4 (0x41d007b3) x15 0xfbad8bc9
core   0: 0x800053b8 (0x010dc5b3) xor     a1, s11, a6
core   0: 3 0x800053b8 (0x010dc5b3) x11 0x80018d34
core   0: 0x800053bc (0x2b000b13) li      s6, 688
core   0: 3 0x800053bc (0x2b000b13) x22 0x000002b0
core   0: 0x800053c0 (0x00492033) slt     zero, s2, tp
core   0: 3 0x800053c0 (0x00492033)
core   0: 0x800053c4 (0x00000013) nop
core   0: 3 0x800053c4 (0x00000013)
core   0: 0x800053c8 (0x01b81293) slli    t0, a6, 27
core   0: 3 0x800053c8 (0x01b81293) x 5 0x20000000
core   0: 0x800053cc (0x01a57733) and     a4, a0, s10
core   0: 3 0x800053cc (0x01a57733) x14 0x00000000
core   0: 0x800053d0 (0x00712fb3) slt     t6, sp, t2
core   0: 3 0x800053d0 (0x00712fb3) x31 0x00000000
core   0: 0x800053d4 (0x032482b3) mul     t0, s1, s2
core   0: 3 0x800053d4 (0x032482b3) x 5 0xd7340b70
core   0: 0x800053d8 (0x02bb2633) mulhsu  a2, s6, a1
core   0: 3 0x800053d8 (0x02bb2633) x12 0x00000158
core   0: 0x800053dc (0x9334df97) auipc   t6, 0x9334d
core   0: 3 0x800053dc (0x9334df97) x31 0x133523dc
core   0: 0x800053e0 (0x023a8733) mul     a4, s5, gp
core   0: 3 0x800053e0 (0x023a8733) x14 0x00000000
core   0: 0x800053e4 (0x024a9033) mulh    zero, s5, tp
core   0: 3 0x800053e4 (0x024a9033)
core   0: 0x800053e8 (0xae888e13) addi    t3, a7, -1304
core   0: 3 0x800053e8 (0xae888e13) x28 0xfffffae8
core   0: 0x800053ec (0xc5f68013) addi    zero, a3, -929
core   0: 3 0x800053ec (0xc5f68013)
core   0: 0x800053f0 (0x037b8733) mul     a4, s7, s7
core   0: 3 0x800053f0 (0x037b8733) x14 0xaa136210
core   0: 0x800053f4 (0x41da8cb3) sub     s9, s5, t4
core   0: 3 0x800053f4 (0x41da8cb3) x25 0xfb686485
core   0: 0x800053f8 (0x029e5f33) divu    t5, t3, s1
core   0: 3 0x800053f8 (0x029e5f33) x30 0x00000001
core   0: 0x800053fc (0x00fd33b3) sltu    t2, s10, a5
core   0: 3 0x800053fc (0x00fd33b3) x 7 0x00000001
core   0: 0x80005400 (0x026ce3b3) rem     t2, s9, t1
core   0: 3 0x80005400 (0x026ce3b3) x 7 0x00000000
core   0: 0x80005404 (0x40725513) srai    a0, tp, 7
core   0: 3 0x80005404 (0x40725513) x10 0x00000000
core   0: 0x80005408 (0x00616b33) or      s6, sp, t1
core   0: 3 0x80005408 (0x00616b33) x22 0x00000529
core   0: 0x8000540c (0x02a9f733) remu    a4, s3, a0
core   0: 3 0x8000540c (0x02a9f733) x14 0x45273f2a
core   0: 0x80005410 (0x035507b3) mul     a5, a0, s5
core   0: 3 0x80005410 (0x035507b3) x15 0x00000000
core   0: 0x80005414 (0x0289df33) divu    t5, s3, s0
core   0: 3 0x80005414 (0x0289df33) x30 0x00000000
core   0: 0x80005418 (0x02e59d33) mulh    s10, a1, a4
core   0: 3 0x80005418 (0x02e59d33) x26 0xdd6ccbb6
core   0: 0x8000541c (0x890d8693) addi    a3, s11, -1904
core   0: 3 0x8000541c (0x890d8693) x13 0xfffffa60
core   0: 0x80005420 (0x11deb413) sltiu   s0, t4, 285
core   0: 3 0x80005420 (0x11deb413) x 8 0x00000000
core   0: 0x80005424 (0x0058ffb3) and     t6, a7, t0
core   0: 3 0x80005424 (0x0058ffb3) x31 0x00000000
core   0: 0x80005428 (0x03931e33) mulh    t3, t1, s9
core   0: 3 0x80005428 (0x03931e33) x28 0xffffffff
core   0: 0x8000542c (0x031ad7b3) divu    a5, s5, a7
core   0: 3 0x8000542c (0x031ad7b3) x15 0xffffffff
core   0: 0x80005430 (0x40de5093) srai    ra, t3, 13
core   0: 3 0x80005430 (0x40de5093) x 1 0xffffffff
core   0: 0x80005434 (0x40245793) srai    a5, s0, 2
core   0: 3 0x80005434 (0x40245793) x15 0x00000000
core   0: 0x80005438 (0x026fdd33) divu    s10, t6, t1
core   0: 3 0x80005438 (0x026fdd33) x26 0x00000000
core   0: 0x8000543c (0x0334b0b3) mulhu   ra, s1, s3
core   0: 3 0x8000543c (0x0334b0b3) x 1 0x2293f9e9
core   0: 0x80005440 (0x0060c633) xor     a2, ra, t1
core   0: 3 0x80005440 (0x0060c633) x12 0x2293f9e8
core   0: 0x80005444 (0x019085b3) add     a1, ra, s9
core   0: 3 0x80005444 (0x019085b3) x11 0x1dfc5e6e
core   0: 0x80005448 (0x02b78db3) mul     s11, a5, a1
core   0: 3 0x80005448 (0x02b78db3) x27 0x00000000
core   0: 0x8000544c (0x413d8333) sub     t1, s11, s3
core   0: 3 0x8000544c (0x413d8333) x 6 0xbad8c0d6
core   0: 0x80005450 (0x9cbca517) auipc   a0, 0x9cbca
core   0: 3 0x80005450 (0x9cbca517) x10 0x1cbcf450
core   0: 0x80005454 (0x40de87b3) sub     a5, t4, a3
core   0: 3 0x80005454 (0x40de87b3) x15 0x045279d7
core   0: 0x80005458 (0x002cad33) slt     s10, s9, sp
core   0: 3 0x80005458 (0x002cad33) x26 0x00000001
core   0: 0x8000545c (0x02548033) mul     zero, s1, t0
core   0: 3 0x8000545c (0x02548033)
core   0: 0x80005460 (0x02ce7033) remu    zero, t3, a2
core   0: 3 0x80005460 (0x02ce7033)
core   0: 0x80005464 (0x03202ab3) mulhsu  s5, zero, s2
core   0: 3 0x80005464 (0x03202ab3) x21 0x00000000
core   0: 0x80005468 (0x031bf9b3) remu    s3, s7, a7
core   0: 3 0x80005468 (0x031bf9b3) x19 0x80014a44
core   0: 0x8000546c (0x004206b3) add     a3, tp, tp
core   0: 3 0x8000546c (0x004206b3) x13 0x00000000
core   0: 0x80005470 (0x016c5233) srl     tp, s8, s6
core   0: 3 0x80005470 (0x016c5233) x 4 0x007ffffd
core   0: 0x80005474 (0x015bbe33) sltu    t3, s7, s5
core   0: 3 0x80005474 (0x015bbe33) x28 0x00000000
core   0: 0x80005478 (0xdacc8f93) addi    t6, s9, -596
core   0: 3 0x80005478 (0xdacc8f93) x31 0xfb686231
core   0: 0x8000547c (0x76ca3193) sltiu   gp, s4, 1900
core   0: 3 0x8000547c (0x76ca3193) x 3 0x00000000
core   0: 0x80005480 (0x002a5313) srli    t1, s4, 2
core   0: 3 0x80005480 (0x002a5313) x 6 0x2eb62f21
core   0: 0x80005484 (0x015f5433) srl     s0, t5, s5
core   0: 3 0x80005484 (0x015f5433) x 8 0x00000000
core   0: 0x80005488 (0x00419613) slli    a2, gp, 4
core   0: 3 0x80005488 (0x00419613) x12 0x00000000
core   0: 0x8000548c (0xbe2def13) ori     t5, s11, -1054
core   0: 3 0x8000548c (0xbe2def13) x30 0xfffffbe2
core   0: 0x80005490 (0x0080df93) srli    t6, ra, 8
core   0: 3 0x80005490 (0x0080df93) x31 0x002293f9
core   0: 0x80005494 (0x4014dd93) srai    s11, s1, 1
core   0: 3 0x80005494 (0x4014dd93) x27 0xc000a732
core   0: 0x80005498 (0x01d300b3) add     ra, t1, t4
core   0: 3 0x80005498 (0x01d300b3) x 1 0x3308a358
core   0: 0x8000549c (0xe0d60117) auipc   sp, 0xe0d60
core   0: 3 0x8000549c (0xe0d60117) x 2 0x60d6549c
core   0: 0x800054a0 (0x00f105b3) add     a1, sp, a5
core   0: 3 0x800054a0 (0x00f105b3) x11 0x6528ce73
core   0: 0x800054a4 (0x09b07093) andi    ra, zero, 155
core   0: 3 0x800054a4 (0x09b07093) x 1 0x00000000
core   0: 0x800054a8 (0x025ca8b3) mulhsu  a7, s9, t0
core   0: 3 0x800054a8 (0x025ca8b3) x17 0xfc23bd6b
core   0: 0x800054ac (0x02aaed33) rem     s10, s5, a0
core   0: 3 0x800054ac (0x02aaed33) x26 0x00000000
core   0: 0x800054b0 (0x0060b1b3) sltu    gp, ra, t1
core   0: 3 0x800054b0 (0x0060b1b3) x 3 0x00000001
core   0: 0x800054b4 (0x00000013) nop
core   0: 3 0x800054b4 (0x00000013)
core   0: 0x800054b8 (0x1831f113) andi    sp, gp, 387
core   0: 3 0x800054b8 (0x1831f113) x 2 0x00000001
core   0: 0x800054bc (0x003583b3) add     t2, a1, gp
core   0: 3 0x800054bc (0x003583b3) x 7 0x6528ce74
core   0: 0x800054c0 (0x037d46b3) div     a3, s10, s7
core   0: 3 0x800054c0 (0x037d46b3) x13 0x00000000
core   0: 0x800054c4 (0x0047d0b3) srl     ra, a5, tp
core   0: 3 0x800054c4 (0x0047d0b3) x 1 0x00000000
core   0: 0x800054c8 (0x278e8f13) addi    t5, t4, 632
core   0: 3 0x800054c8 (0x278e8f13) x30 0x045276af
core   0: 0x800054cc (0x000e1c13) slli    s8, t3, 0
core   0: 3 0x800054cc (0x000e1c13) x24 0x00000000
core   0: 0x800054d0 (0x01b45433) srl     s0, s0, s11
core   0: 3 0x800054d0 (0x01b45433) x 8 0x00000000
core   0: 0x800054d4 (0x005075b3) and     a1, zero, t0
core   0: 3 0x800054d4 (0x005075b3) x11 0x00000000
core   0: 0x800054d8 (0x64186d13) ori     s10, a6, 1601
core   0: 3 0x800054d8 (0x64186d13) x26 0x80018ee5
core   0: 0x800054dc (0x00d35293) srli    t0, t1, 13
core   0: 3 0x800054dc (0x00d35293) x 5 0x000175b1
core   0: 0x800054e0 (0x00e08db3) add     s11, ra, a4
core   0: 3 0x800054e0 (0x00e08db3) x27 0x45273f2a
core   0: 0x800054e4 (0x000679b3) and     s3, a2, zero
core   0: 3 0x800054e4 (0x000679b3) x19 0x00000000
core   0: 0x800054e8 (0x01a8eb33) or      s6, a7, s10
core   0: 3 0x800054e8 (0x01a8eb33) x22 0xfc23bfef
core   0: 0x800054ec (0x876b8317) auipc   t1, 0x876b8
core   0: 3 0x800054ec (0x876b8317) x 6 0x076bd4ec
core   0: 0x800054f0 (0x02cc08b3) mul     a7, s8, a2
core   0: 3 0x800054f0 (0x02cc08b3) x17 0x00000000
core   0: 0x800054f4 (0x27888513) addi    a0, a7, 632
core   0: 3 0x800054f4 (0x27888513) x10 0x00000278
core   0: 0x800054f8 (0x00000013) nop
core   0: 3 0x800054f8 (0x00000013)
core   0: 0x800054fc (0x4092d333) sra     t1, t0, s1
core   0: 3 0x800054fc (0x4092d333) x 6 0x0000175b
core   0: 0x80005500 (0x3139e517) auipc   a0, 0x3139e
core   0: 3 0x80005500 (0x3139e517) x10 0xb13a3500
core   0: 0x80005504 (0x017bdc93) srli    s9, s7, 23
core   0: 3 0x80005504 (0x017bdc93) x25 0x00000100
core   0: 0x80005508 (0x00d4adb3) slt     s11, s1, a3
core   0: 3 0x80005508 (0x00d4adb3) x27 0x00000001
core   0: 0x8000550c (0x011c0cb3) add     s9, s8, a7
core   0: 3 0x8000550c (0x011c0cb3) x25 0x00000000
core   0: 0x80005510 (0x007e4db3) xor     s11, t3, t2
core   0: 3 0x80005510 (0x007e4db3) x27 0x6528ce74
core   0: 0x80005514 (0x3d9b95b7) lui     a1, 0x3d9b9
core   0: 3 0x80005514 (0x3d9b95b7) x11 0x3d9b9000
core   0: 0x80005518 (0x988192b7) lui     t0, 0x98819
core   0: 3 0x80005518 (0x988192b7) x 5 0x98819000
core   0: 0x8000551c (0xc6893913) sltiu   s2, s2, -920
core   0: 3 0x8000551c (0xc6893913) x18 0x00000001
core   0: 0x80005520 (0xc85e2f93) slti    t6, t3, -891
core   0: 3 0x80005520 (0xc85e2f93) x31 0x00000000
core   0: 0x80005524 (0x402e89b3) sub     s3, t4, sp
core   0: 3 0x80005524 (0x402e89b3) x19 0x04527436
core   0: 0x80005528 (0x032becb3) rem     s9, s7, s2
core   0: 3 0x80005528 (0x032becb3) x25 0x00000000
core   0: 0x8000552c (0x547ac293) xori    t0, s5, 1351
core   0: 3 0x8000552c (0x547ac293) x 5 0x00000547
core   0: 0x80005530 (0xb0377f13) andi    t5, a4, -1277
core   0: 3 0x80005530 (0xb0377f13) x30 0x45273b02
core   0: 0x80005534 (0xdc1da193) slti    gp, s11, -575
core   0: 3 0x80005534 (0xdc1da193) x 3 0x00000000
core   0: 0x80005538 (0x6ff9e193) ori     gp, s3, 1791
core   0: 3 0x80005538 (0x6ff9e193) x 3 0x045276ff
core   0: 0x8000553c (0xb9329e37) lui     t3, 0xb9329
core   0: 3 0x8000553c (0xb9329e37) x28 0xb9329000
core   0: 0x80005540 (0x00ff1d33) sll     s10, t5, a5
core   0: 3 0x80005540 (0x00ff1d33) x26 0x81000000
core   0: 0x80005544 (0x410d50b3) sra     ra, s10, a6
core   0: 3 0x80005544 (0x410d50b3) x 1 0xf8100000
core   0: 0x80005548 (0x00ea7433) and     s0, s4, a4
core   0: 3 0x80005548 (0x00ea7433) x 8 0x00003c00
core   0: 0x8000554c (0xb76bccb7) lui     s9, 0xb76bc
core   0: 3 0x8000554c (0xb76bccb7) x25 0xb76bc000
core   0: 0x80005550 (0x03a848b3) div     a7, a6, s10
core   0: 3 0x80005550 (0x03a848b3) x17 0x00000001
core   0: 0x80005554 (0x024b6133) rem     sp, s6, tp
core   0: 3 0x80005554 (0x024b6133) x 2 0xffa3bfda
core   0: 0x80005558 (0x419406b3) sub     a3, s0, s9
core   0: 3 0x80005558 (0x419406b3) x13 0x48947c00
core   0: 0x8000555c (0x015de733) or      a4, s11, s5
core   0: 3 0x8000555c (0x015de733) x14 0x6528ce74
core   0: 0x80005560 (0x034cf1b3) remu    gp, s9, s4
core   0: 3 0x80005560 (0x034cf1b3) x 3 0xb76bc000
core   0: 0x80005564 (0x005ff6b3) and     a3, t6, t0
core   0: 3 0x80005564 (0x005ff6b3) x13 0x00000000
core   0: 0x80005568 (0x02b3e5b3) rem     a1, t2, a1
core   0: 3 0x80005568 (0x02b3e5b3) x11 0x278d3e74
core   0: 0x8000556c (0x013a1eb3) sll     t4, s4, s3
core   0: 3 0x8000556c (0x013a1eb3) x29 0x21400000
core   0: 0x80005570 (0x02a20b33) mul     s6, tp, a0
core   0: 3 0x80005570 (0x02a20b33) x22 0x6c516100
core   0: 0x80005574 (0x00b21293) slli    t0, tp, 11
core   0: 3 0x80005574 (0x00b21293) x 5 0xffffe800
core   0: 0x80005578 (0x1c91ab17) auipc   s6, 0x1c91a
core   0: 3 0x80005578 (0x1c91ab17) x22 0x9c91f578
core   0: 0x8000557c (0x039d7033) remu    zero, s10, s9
core   0: 3 0x8000557c (0x039d7033)
core   0: 0x80005580 (0x0219ee33) rem     t3, s3, ra
core   0: 3 0x80005580 (0x0219ee33) x28 0x04527436
core   0: 0x80005584 (0xb6bce537) lui     a0, 0xb6bce
core   0: 3 0x80005584 (0xb6bce537) x10 0xb6bce000
core   0: 0x80005588 (0x02e84c33) div     s8, a6, a4
core   0: 3 0x80005588 (0x02e84c33) x24 0xffffffff
core   0: 0x8000558c (0x764e6097) auipc   ra, 0x764e6
core   0: 3 0x8000558c (0x764e6097) x 1 0xf64eb58c
core   0: 0x80005590 (0x14beed93) ori     s11, t4, 331
core   0: 3 0x80005590 (0x14beed93) x27 0x2140014b
core   0: 0x80005594 (0x013b2eb3) slt     t4, s6, s3
core   0: 3 0x80005594 (0x013b2eb3) x29 0x00000001
core   0: 0x80005598 (0x013bd693) srli    a3, s7, 19
core   0: 3 0x80005598 (0x013bd693) x13 0x00001000
core   0: 0x8000559c (0x02494933) div     s2, s2, tp
core   0: 3 0x8000559c (0x02494933) x18 0x00000000
core   0: 0x800055a0 (0xc63f6b13) ori     s6, t5, -925
core   0: 3 0x800055a0 (0xc63f6b13) x22 0xffffff63
core   0: 0x800055a4 (0x402d8133) sub     sp, s11, sp
core   0: 3 0x800055a4 (0x402d8133) x 2 0x219c4171
core   0: 0x800055a8 (0x02968733) mul     a4, a3, s1
core   0: 3 0x800055a8 (0x02968733) x14 0x14e64000
core   0: 0x800055ac (0x029fcb33) div     s6, t6, s1
core   0: 3 0x800055ac (0x029fcb33) x22 0x00000000
core   0: 0x800055b0 (0x00e25893) srli    a7, tp, 14
core   0: 3 0x800055b0 (0x00e25893) x17 0x000001ff
core   0: 0x800055b4 (0x7f3e2913) slti    s2, t3, 2035
core   0: 3 0x800055b4 (0x7f3e2913) x18 0x00000000
core   0: 0x800055b8 (0x00018db3) add     s11, gp, zero
core   0: 3 0x800055b8 (0x00018db3) x27 0xb76bc000
core   0: 0x800055bc (0x005c3733) sltu    a4, s8, t0
core   0: 3 0x800055bc (0x005c3733) x14 0x00000000
core   0: 0x800055c0 (0x01a57d33) and     s10, a0, s10
core   0: 3 0x800055c0 (0x01a57d33) x26 0x80000000
core   0: 0x800055c4 (0x036031b3) mulhu   gp, zero, s6
core   0: 3 0x800055c4 (0x036031b3) x 3 0x00000000
core   0: 0x800055c8 (0x407cd433) sra     s0, s9, t2
core   0: 3 0x800055c8 (0x407cd433) x 8 0xfffffb76
core   0: 0x800055cc (0x535a6b13) ori     s6, s4, 1333
core   0: 3 0x800055cc (0x535a6b13) x22 0xbad8bdb5
core   0: 0x800055d0 (0x40a303b3) sub     t2, t1, a0
core   0: 3 0x800055d0 (0x40a303b3) x 7 0x4943375b
core   0: 0x800055d4 (0xace00413) li      s0, -1330
core   0: 3 0x800055d4 (0xace00413) x 8 0xffffface
core   0: 0x800055d8 (0x021802b3) mul     t0, a6, ra
core   0: 3 0x800055d8 (0x021802b3) x 5 0x1eee40b0
core   0: 0x800055dc (0x0189b3b3) sltu    t2, s3, s8
core   0: 3 0x800055dc (0x0189b3b3) x 7 0x00000001
core   0: 0x800055e0 (0x008f1cb3) sll     s9, t5, s0
core   0: 3 0x800055e0 (0x008f1cb3) x25 0xcec08000
core   0: 0x800055e4 (0x41eb5513) srai    a0, s6, 30
core   0: 3 0x800055e4 (0x41eb5513) x10 0xfffffffe
core   0: 0x800055e8 (0x0193d193) srli    gp, t2, 25
core   0: 3 0x800055e8 (0x0193d193) x 3 0x00000000
core   0: 0x800055ec (0x8fd22a93) slti    s5, tp, -1795
core   0: 3 0x800055ec (0x8fd22a93) x21 0x00000000
core   0: 0x800055f0 (0x00526e33) or      t3, tp, t0
core   0: 3 0x800055f0 (0x00526e33) x28 0x1efffffd
core   0: 0x800055f4 (0x02321d33) mulh    s10, tp, gp
core   0: 3 0x800055f4 (0x02321d33) x26 0x00000000
core   0: 0x800055f8 (0x00bfc3b3) xor     t2, t6, a1
core   0: 3 0x800055f8 (0x00bfc3b3) x 7 0x278d3e74
core   0: 0x800055fc (0x00000013) nop
core   0: 3 0x800055fc (0x00000013)
core   0: 0x80005600 (0x41245893) srai    a7, s0, 18
core   0: 3 0x80005600 (0x41245893) x17 0xffffffff
core   0: 0x80005604 (0xbeda3393) sltiu   t2, s4, -1043
core   0: 3 0x80005604 (0xbeda3393) x 7 0x00000001
core   0: 0x80005608 (0x00000013) nop
core   0: 3 0x80005608 (0x00000013)
core   0: 0x8000560c (0x018c4d33) xor     s10, s8, s8
core   0: 3 0x8000560c (0x018c4d33) x26 0x00000000
core   0: 0x80005610 (0x015771b3) and     gp, a4, s5
core   0: 3 0x80005610 (0x015771b3) x 3 0x00000000
core   0: 0x80005614 (0x83671eb7) lui     t4, 0x83671
core   0: 3 0x80005614 (0x83671eb7) x29 0x83671000
core   0: 0x80005618 (0x02385d33) divu    s10, a6, gp
core   0: 3 0x80005618 (0x02385d33) x26 0xffffffff
core   0: 0x8000561c (0x00a09a93) slli    s5, ra, 10
core   0: 3 0x8000561c (0x00a09a93) x21 0x3ad63000
core   0: 0x80005620 (0x01ae9713) slli    a4, t4, 26
core   0: 3 0x80005620 (0x01ae9713) x14 0x00000000
core   0: 0x80005624 (0x8faa7513) andi    a0, s4, -1798
core   0: 3 0x80005624 (0x8faa7513) x10 0xbad8b880
core   0: 0x80005628 (0x00556933) or      s2, a0, t0
core   0: 3 0x80005628 (0x00556933) x18 0xbefef8b0
core   0: 0x8000562c (0x014cf7b3) and     a5, s9, s4
core   0: 3 0x8000562c (0x014cf7b3) x15 0x8ac08000
core   0: 0x80005630 (0xfa51ad13) slti    s10, gp, -91
core   0: 3 0x80005630 (0xfa51ad13) x26 0x00000000
core   0: 0x80005634 (0x01cdd033) srl     zero, s11, t3
core   0: 3 0x80005634 (0x01cdd033)
core   0: 0x80005638 (0x30c7b793) sltiu   a5, a5, 780
core   0: 3 0x80005638 (0x30c7b793) x15 0x00000000
core   0: 0x8000563c (0x0272adb3) mulhsu  s11, t0, t2
core   0: 3 0x8000563c (0x0272adb3) x27 0x00000000
core   0: 0x80005640 (0x002cef33) or      t5, s9, sp
core   0: 3 0x80005640 (0x002cef33) x30 0xefdcc171
core   0: 0x80005644 (0x01775f93) srli    t6, a4, 23
core   0: 3 0x80005644 (0x01775f93) x31 0x00000000
core   0: 0x80005648 (0x00362c33) slt     s8, a2, gp
core   0: 3 0x80005648 (0x00362c33) x24 0x00000000
core   0: 0x8000564c (0x03bff133) remu    sp, t6, s11
core   0: 3 0x8000564c (0x03bff133) x 2 0x00000000
core   0: 0x80005650 (0x014bddb3) srl     s11, s7, s4
core   0: 3 0x80005650 (0x014bddb3) x27 0x04000a52
core   0: 0x80005654 (0x0289e433) rem     s0, s3, s0
core   0: 3 0x80005654 (0x0289e433) x 8 0x000003c6
core   0: 0x80005658 (0x03f19633) mulh    a2, gp, t6
core   0: 3 0x80005658 (0x03f19633) x12 0x00000000
core   0: 0x8000565c (0x02fbe233) rem     tp, s7, a5
core   0: 3 0x8000565c (0x02fbe233) x 4 0x80014a44
core   0: 0x80005660 (0x01d45bb3) srl     s7, s0, t4
core   0: 3 0x80005660 (0x01d45bb3) x23 0x000003c6
core   0: 0x80005664 (0x02a28db3) mul     s11, t0, a0
core   0: 3 0x80005664 (0x02a28db3) x27 0x2a1ed800
core   0: 0x80005668 (0xb13d0993) addi    s3, s10, -1261
core   0: 3 0x80005668 (0xb13d0993) x19 0xfffffb13
core   0: 0x8000566c (0x01608bb3) add     s7, ra, s6
core   0: 3 0x8000566c (0x01608bb3) x23 0xb1277341
core   0: 0x80005670 (0x02e2b633) mulhu   a2, t0, a4
core   0: 3 0x80005670 (0x02e2b633) x12 0x00000000
core   0: 0x80005674 (0x00000013) nop
core   0: 3 0x80005674 (0x00000013)
core   0: 0x80005678 (0x74bd0993) addi    s3, s10, 1867
core   0: 3 0x80005678 (0x74bd0993) x19 0x0000074b
core   0: 0x8000567c (0x038b6bb3) rem     s7, s6, s8
core   0: 3 0x8000567c (0x038b6bb3) x23 0xbad8bdb5
core   0: 0x80005680 (0x97268c93) addi    s9, a3, -1678
core   0: 3 0x80005680 (0x97268c93) x25 0x00000972
core   0: 0x80005684 (0x01e19433) sll     s0, gp, t5
core   0: 3 0x80005684 (0x01e19433) x 8 0x00000000
core   0: 0x80005688 (0x00e56ab3) or      s5, a0, a4
core   0: 3 0x80005688 (0x00e56ab3) x21 0xbad8b880
core   0: 0x8000568c (0x03f8b1b3) mulhu   gp, a7, t6
core   0: 3 0x8000568c (0x03f8b1b3) x 3 0x00000000
core   0: 0x80005690 (0x01d0d093) srli    ra, ra, 29
core   0: 3 0x80005690 (0x01d0d093) x 1 0x00000007
core   0: 0x80005694 (0x01555c93) srli    s9, a0, 21
core   0: 3 0x80005694 (0x01555c93) x25 0x000005d6
core   0: 0x80005698 (0x02a84e33) div     t3, a6, a0
core   0: 3 0x80005698 (0x02a84e33) x28 0x00000001
core   0: 0x8000569c (0x0032ae33) slt     t3, t0, gp
core   0: 3 0x8000569c (0x0032ae33) x28 0x00000000
core   0: 0x800056a0 (0x01a0d413) srli    s0, ra, 26
core   0: 3 0x800056a0 (0x01a0d413) x 8 0x00000000
core   0: 0x800056a4 (0x01b8e533) or      a0, a7, s11
core   0: 3 0x800056a4 (0x01b8e533) x10 0xffffffff
core   0: 0x800056a8 (0x52edb313) sltiu   t1, s11, 1326
core   0: 3 0x800056a8 (0x52edb313) x 6 0x00000000
core   0: 0x800056ac (0x01ef59b3) srl     s3, t5, t5
core   0: 3 0x800056ac (0x01ef59b3) x19 0x000077ee
core   0: 0x800056b0 (0x03f7f133) remu    sp, a5, t6
core   0: 3 0x800056b0 (0x03f7f133) x 2 0x00000000
core   0: 0x800056b4 (0x41fb5893) srai    a7, s6, 31
core   0: 3 0x800056b4 (0x41fb5893) x17 0xffffffff
core   0: 0x800056b8 (0x41a78533) sub     a0, a5, s10
core   0: 3 0x800056b8 (0x41a78533) x10 0x00000000
core   0: 0x800056bc (0x00d24733) xor     a4, tp, a3
core   0: 3 0x800056bc (0x00d24733) x14 0x80015a44
core   0: 0x800056c0 (0x02326233) rem     tp, tp, gp
core   0: 3 0x800056c0 (0x02326233) x 4 0x80014a44
core   0: 0x800056c4 (0x00000013) nop
core   0: 3 0x800056c4 (0x00000013)
core   0: 0x800056c8 (0x3a8ac513) xori    a0, s5, 936
core   0: 3 0x800056c8 (0x3a8ac513) x10 0xbad8bb28
core   0: 0x800056cc (0x02a27cb3) remu    s9, tp, a0
core   0: 3 0x800056cc (0x02a27cb3) x25 0x80014a44
core   0: 0x800056d0 (0x02dbcc33) div     s8, s7, a3
core   0: 3 0x800056d0 (0x02dbcc33) x24 0xfffbad8c
core   0: 0x800056d4 (0x026a16b3) mulh    a3, s4, t1
core   0: 3 0x800056d4 (0x026a16b3) x13 0x00000000
core   0: 0x800056d8 (0x5fd3be93) sltiu   t4, t2, 1533
core   0: 3 0x800056d8 (0x5fd3be93) x29 0x00000001
core   0: 0x800056dc (0x40a98fb3) sub     t6, s3, a0
core   0: 3 0x800056dc (0x40a98fb3) x31 0x4527bcc6
core   0: 0x800056e0 (0x409e8733) sub     a4, t4, s1
core   0: 3 0x800056e0 (0x409e8733) x14 0x7ffeb19d
core   0: 0x800056e4 (0x40e45593) srai    a1, s0, 14
core   0: 3 0x800056e4 (0x40e45593) x11 0x00000000
core   0: 0x800056e8 (0xd62f2793) slti    a5, t5, -670
core   0: 3 0x800056e8 (0xd62f2793) x15 0x00000001
core   0: 0x800056ec (0x31480e93) addi    t4, a6, 788
core   0: 3 0x800056ec (0x31480e93) x29 0x80018ff8
core   0: 0x800056f0 (0x44e83893) sltiu   a7, a6, 1102
core   0: 3 0x800056f0 (0x44e83893) x17 0x00000000
core   0: 0x800056f4 (0x62d02037) lui     zero, 0x62d02
core   0: 3 0x800056f4 (0x62d02037)
core   0: 0x800056f8 (0x02cc52b3) divu    t0, s8, a2
core   0: 3 0x800056f8 (0x02cc52b3) x 5 0xffffffff
core   0: 0x800056fc (0x5b08f893) andi    a7, a7, 1456
core   0: 3 0x800056fc (0x5b08f893) x17 0x00000000
core   0: 0x80005700 (0x40a086b3) sub     a3, ra, a0
core   0: 3 0x80005700 (0x40a086b3) x13 0x452744df
core   0: 0x80005704 (0xa5364693) xori    a3, a2, -1453
core   0: 3 0x80005704 (0xa5364693) x13 0xfffffa53
core   0: 0x80005708 (0x01ca3f33) sltu    t5, s4, t3
core   0: 3 0x80005708 (0x01ca3f33) x30 0x00000000
core   0: 0x8000570c (0x02673bb3) mulhu   s7, a4, t1
core   0: 3 0x8000570c (0x02673bb3) x23 0x00000000
core   0: 0x80005710 (0x40bc5f13) srai    t5, s8, 11
core   0: 3 0x80005710 (0x40bc5f13) x30 0xffffff75
core   0: 0x80005714 (0x02bd4c33) div     s8, s10, a1
core   0: 3 0x80005714 (0x02bd4c33) x24 0xffffffff
core   0: 0x80005718 (0x01e942b3) xor     t0, s2, t5
core   0: 3 0x80005718 (0x01e942b3) x 5 0x410107c5
core   0: 0x8000571c (0x03cccc33) div     s8, s9, t3
core   0: 3 0x8000571c (0x03cccc33) x24 0xffffffff
core   0: 0x80005720 (0xd72e7db7) lui     s11, 0xd72e7
core   0: 3 0x80005720 (0xd72e7db7) x27 0xd72e7000
core   0: 0x80005724 (0x41d2dc33) sra     s8, t0, t4
core   0: 3 0x80005724 (0x41d2dc33) x24 0x00000041
core   0: 0x80005728 (0x01139f13) slli    t5, t2, 17
core   0: 3 0x80005728 (0x01139f13) x30 0x00020000
core   0: 0x8000572c (0x6de62293) slti    t0, a2, 1758
core   0: 3 0x8000572c (0x6de62293) x 5 0x00000001
core   0: 0x80005730 (0x00491733) sll     a4, s2, tp
core   0: 3 0x80005730 (0x00491733) x14 0xefef8b00
core   0: 0x80005734 (0x023ba233) mulhsu  tp, s7, gp
core   0: 3 0x80005734 (0x023ba233) x 4 0x00000000
core   0: 0x80005738 (0x01fa23b3) slt     t2, s4, t6
core   0: 3 0x80005738 (0x01fa23b3) x 7 0x00000001
core   0: 0x8000573c (0x00601d33) sll     s10, zero, t1
core   0: 3 0x8000573c (0x00601d33) x26 0x00000000
core   0: 0x80005740 (0x03094933) div     s2, s2, a6
core   0: 3 0x80005740 (0x03094933) x18 0x00000000
core   0: 0x80005744 (0x01465693) srli    a3, a2, 20
core   0: 3 0x80005744 (0x01465693) x13 0x00000000
core   0: 0x80005748 (0x03d159b3) divu    s3, sp, t4
core   0: 3 0x80005748 (0x03d159b3) x19 0x00000000
core   0: 0x8000574c (0x691cf713) andi    a4, s9, 1681
core   0: 3 0x8000574c (0x691cf713) x14 0x00000200
core   0: 0x80005750 (0x0166ab33) slt     s6, a3, s6
core   0: 3 0x80005750 (0x0166ab33) x22 0x00000000
core   0: 0x80005754 (0x02f9cd33) div     s10, s3, a5
core   0: 3 0x80005754 (0x02f9cd33) x26 0x00000000
core   0: 0x80005758 (0x03600ab3) mul     s5, zero, s6
core   0: 3 0x80005758 (0x03600ab3) x21 0x00000000
core   0: 0x8000575c (0x02f15f33) divu    t5, sp, a5
core   0: 3 0x8000575c (0x02f15f33) x30 0x00000000
core   0: 0x80005760 (0x030b20b3) mulhsu  ra, s6, a6
core   0: 3 0x80005760 (0x030b20b3) x 1 0x00000000
core   0: 0x80005764 (0x02cccbb3) div     s7, s9, a2
core   0: 3 0x80005764 (0x02cccbb3) x23 0xffffffff
core   0: 0x80005768 (0x0395a1b3) mulhsu  gp, a1, s9
core   0: 3 0x80005768 (0x0395a1b3) x 3 0x00000000
core   0: 0x8000576c (0x02d081b3) mul     gp, ra, a3
core   0: 3 0x8000576c (0x02d081b3) x 3 0x00000000
core   0: 0x80005770 (0x039f69b3) rem     s3, t5, s9
core   0: 3 0x80005770 (0x039f69b3) x19 0x00000000
core   0: 0x80005774 (0x01fcef33) or      t5, s9, t6
core   0: 3 0x80005774 (0x01fcef33) x30 0xc527fec6
core   0: 0x80005778 (0x01759193) slli    gp, a1, 23
core   0: 3 0x80005778 (0x01759193) x 3 0x00000000
core   0: 0x8000577c (0x00000013) nop
core   0: 3 0x8000577c (0x00000013)
core   0: 0x80005780 (0x01d3d133) srl     sp, t2, t4
core   0: 3 0x80005780 (0x01d3d133) x 2 0x00000000
core   0: 0x80005784 (0x08c0be17) auipc   t3, 0x8c0b
core   0: 3 0x80005784 (0x08c0be17) x28 0x88c10784
core   0: 0x80005788 (0x5b754093) xori    ra, a0, 1463
core   0: 3 0x80005788 (0x5b754093) x 1 0xbad8be9f
core   0: 0x8000578c (0x00698033) add     zero, s3, t1
core   0: 3 0x8000578c (0x00698033)
core   0: 0x80005790 (0x029c2933) mulhsu  s2, s8, s1
core   0: 3 0x80005790 (0x029c2933) x18 0x00000020
core   0: 0x80005794 (0x9edcfe13) andi    t3, s9, -1555
core   0: 3 0x80005794 (0x9edcfe13) x28 0x80014844
core   0: 0x80005798 (0x015dbc33) sltu    s8, s11, s5
core   0: 3 0x80005798 (0x015dbc33) x24 0x00000000
core   0: 0x8000579c (0x017de733) or      a4, s11, s7
core   0: 3 0x8000579c (0x017de733) x14 0xffffffff
core   0: 0x800057a0 (0x00085013) srli    zero, a6, 0
core   0: 3 0x800057a0 (0x00085013)
core   0: 0x800057a4 (0x02a0feb3) remu    t4, ra, a0
core   0: 3 0x800057a4 (0x02a0feb3) x29 0x00000377
core   0: 0x800057a8 (0x2eb36d13) ori     s10, t1, 747
core   0: 3 0x800057a8 (0x2eb36d13) x26 0x000002eb
core   0: 0x800057ac (0x03dfb033) mulhu   zero, t6, t4
core   0: 3 0x800057ac (0x03dfb033)
core   0: 0x800057b0 (0x00000013) nop
core   0: 3 0x800057b0 (0x00000013)
core   0: 0x800057b4 (0x04e62793) slti    a5, a2, 78
core   0: 3 0x800057b4 (0x04e62793) x15 0x00000001
core   0: 0x800057b8 (0x02673433) mulhu   s0, a4, t1
core   0: 3 0x800057b8 (0x02673433) x 8 0x00000000
core   0: 0x800057bc (0x5c36b293) sltiu   t0, a3, 1475
core   0: 3 0x800057bc (0x5c36b293) x 5 0x00000001
core   0: 0x800057c0 (0x02830f33) mul     t5, t1, s0
core   0: 3 0x800057c0 (0x02830f33) x30 0x00000000
core   0: 0x800057c4 (0x01260db3) add     s11, a2, s2
core   0: 3 0x800057c4 (0x01260db3) x27 0x00000020
core   0: 0x800057c8 (0x03bc5b33) divu    s6, s8, s11
core   0: 3 0x800057c8 (0x03bc5b33) x22 0x00000000
core   0: 0x800057cc (0x03870333) mul     t1, a4, s8
core   0: 3 0x800057cc (0x03870333) x 6 0x00000000
core   0: 0x800057d0 (0x0365c7b3) div     a5, a1, s6
core   0: 3 0x800057d0 (0x0365c7b3) x15 0xffffffff
core   0: 0x800057d4 (0xfe04ab13) slti    s6, s1, -32
core   0: 3 0x800057d4 (0xfe04ab13) x22 0x00000001
core   0: 0x800057d8 (0x00000013) nop
core   0: 3 0x800057d8 (0x00000013)
core   0: 0x800057dc (0x068b4117) auipc   sp, 0x68b4
core   0: 3 0x800057dc (0x068b4117) x 2 0x868b97dc
core   0: 0x800057e0 (0x00e20b33) add     s6, tp, a4
core   0: 3 0x800057e0 (0x00e20b33) x22 0xffffffff
core   0: 0x800057e4 (0x0218d1b3) divu    gp, a7, ra
core   0: 3 0x800057e4 (0x0218d1b3) x 3 0x00000000
core   0: 0x800057e8 (0x412add93) srai    s11, s5, 18
core   0: 3 0x800057e8 (0x412add93) x27 0x00000000
core   0: 0x800057ec (0x40860fb3) sub     t6, a2, s0
core   0: 3 0x800057ec (0x40860fb3) x31 0x00000000
core   0: 0x800057f0 (0x03dd72b3) remu    t0, s10, t4
core   0: 3 0x800057f0 (0x03dd72b3) x 5 0x000002eb
core   0: 0x800057f4 (0x98f1c613) xori    a2, gp, -1649
core   0: 3 0x800057f4 (0x98f1c613) x12 0xfffff98f
core   0: 0x800057f8 (0x401d06b3) sub     a3, s10, ra
core   0: 3 0x800057f8 (0x401d06b3) x13 0x4527444c
core   0: 0x800057fc (0x1e008bb7) lui     s7, 0x1e008
core   0: 3 0x800057fc (0x1e008bb7) x23 0x1e008000
core   0: 0x80005800 (0x009fd613) srli    a2, t6, 9
core   0: 3 0x80005800 (0x009fd613) x12 0x00000000
core   0: 0x80005804 (0xd75e1c37) lui     s8, 0xd75e1
core   0: 3 0x80005804 (0xd75e1c37) x24 0xd75e1000
core   0: 0x80005808 (0x023bb733) mulhu   a4, s7, gp
core   0: 3 0x80005808 (0x023bb733) x14 0x00000000
core   0: 0x8000580c (0x00924cb3) xor     s9, tp, s1
core   0: 3 0x8000580c (0x00924cb3) x25 0x80014e64
core   0: 0x80005810 (0x49996e13) ori     t3, s2, 1177
core   0: 3 0x80005810 (0x49996e13) x28 0x000004b9
core   0: 0x80005814 (0xf862a593) slti    a1, t0, -122
core   0: 3 0x80005814 (0xf862a593) x11 0x00000000
core   0: 0x80005818 (0x257ab313) sltiu   t1, s5, 599
core   0: 3 0x80005818 (0x257ab313) x 6 0x00000001
core   0: 0x8000581c (0x413f0f33) sub     t5, t5, s3
core   0: 3 0x8000581c (0x413f0f33) x30 0x00000000
core   0: 0x80005820 (0x1b53bfb7) lui     t6, 0x1b53b
core   0: 3 0x80005820 (0x1b53bfb7) x31 0x1b53b000
core   0: 0x80005824 (0x020520b3) mulhsu  ra, a0, zero
core   0: 3 0x80005824 (0x020520b3) x 1 0x00000000
core   0: 0x80005828 (0x015ae333) or      t1, s5, s5
core   0: 3 0x80005828 (0x015ae333) x 6 0x00000000
core   0: 0x8000582c (0x00000013) nop
core   0: 3 0x8000582c (0x00000013)
core   0: 0x80005830 (0x00c22733) slt     a4, tp, a2
core   0: 3 0x80005830 (0x00c22733) x14 0x00000000
core   0: 0x80005834 (0x40a15633) sra     a2, sp, a0
core   0: 3 0x80005834 (0x40a15633) x12 0xff868b97
core   0: 0x80005838 (0x40420bb3) sub     s7, tp, tp
core   0: 3 0x80005838 (0x40420bb3) x23 0x00000000
core   0: 0x8000583c (0x007fc9b3) xor     s3, t6, t2
core   0: 3 0x8000583c (0x007fc9b3) x19 0x1b53b001
core   0: 0x80005840 (0xaaf0cf13) xori    t5, ra, -1361
core   0: 3 0x80005840 (0xaaf0cf13) x30 0xfffffaaf
core   0: 0x80005844 (0x2aba0f97) auipc   t6, 0x2aba0
core   0: 3 0x80005844 (0x2aba0f97) x31 0xaaba5844
core   0: 0x80005848 (0x00000013) nop
core   0: 3 0x80005848 (0x00000013)
core   0: 0x8000584c (0x02c5a533) mulhsu  a0, a1, a2
core   0: 3 0x8000584c (0x02c5a533) x10 0x00000000
core   0: 0x80005850 (0x02384f33) div     t5, a6, gp
core   0: 3 0x80005850 (0x02384f33) x30 0xffffffff
core   0: 0x80005854 (0x416d8e33) sub     t3, s11, s6
core   0: 3 0x80005854 (0x416d8e33) x28 0x00000001
core   0: 0x80005858 (0x37d60b93) addi    s7, a2, 893
core   0: 3 0x80005858 (0x37d60b93) x23 0xff868f14
core   0: 0x8000585c (0x0139dcb3) srl     s9, s3, s3
core   0: 3 0x8000585c (0x0139dcb3) x25 0x0da9d800
core   0: 0x80005860 (0x00a24233) xor     tp, tp, a0
core   0: 3 0x80005860 (0x00a24233) x 4 0x00000000
core   0: 0x80005864 (0x92150213) addi    tp, a0, -1759
core   0: 3 0x80005864 (0x92150213) x 4 0xfffff921
core   0: 0x80005868 (0x01ed6ab3) or      s5, s10, t5
core   0: 3 0x80005868 (0x01ed6ab3) x21 0xffffffff
core   0: 0x8000586c (0x02187633) remu    a2, a6, ra
core   0: 3 0x8000586c (0x02187633) x12 0x80018ce4
core   0: 0x80005870 (0x02f32933) mulhsu  s2, t1, a5
core   0: 3 0x80005870 (0x02f32933) x18 0x00000000
core   0: 0x80005874 (0x0091e5b3) or      a1, gp, s1
core   0: 3 0x80005874 (0x0091e5b3) x11 0x80014e64
core   0: 0x80005878 (0x01b5a933) slt     s2, a1, s11
core   0: 3 0x80005878 (0x01b5a933) x18 0x00000001
core   0: 0x8000587c (0x588acd97) auipc   s11, 0x588ac
core   0: 3 0x8000587c (0x588acd97) x27 0xd88b187c
core   0: 0x80005880 (0x40add513) srai    a0, s11, 10
core   0: 3 0x80005880 (0x40add513) x10 0xfff622c6
core   0: 0x80005884 (0x0114c133) xor     sp, s1, a7
core   0: 3 0x80005884 (0x0114c133) x 2 0x80014e64
core   0: 0x80005888 (0xcf736113) ori     sp, t1, -777
core   0: 3 0x80005888 (0xcf736113) x 2 0xfffffcf7
core   0: 0x8000588c (0xc1a13597) auipc   a1, 0xc1a13
core   0: 3 0x8000588c (0xc1a13597) x11 0x41a1888c
core   0: 0x80005890 (0x40b5dc93) srai    s9, a1, 11
core   0: 3 0x80005890 (0x40b5dc93) x25 0x00083431
core   0: 0x80005894 (0x018b1733) sll     a4, s6, s8
core   0: 3 0x80005894 (0x018b1733) x14 0xffffffff
core   0: 0x80005898 (0x03428b13) addi    s6, t0, 52
core   0: 3 0x80005898 (0x03428b13) x22 0x0000031f
core   0: 0x8000589c (0x00000013) nop
core   0: 3 0x8000589c (0x00000013)
core   0: 0x800058a0 (0x00000013) nop
core   0: 3 0x800058a0 (0x00000013)
core   0: 0x800058a4 (0x01e4d6b3) srl     a3, s1, t5
core   0: 3 0x800058a4 (0x01e4d6b3) x13 0x00000001
core   0: 0x800058a8 (0x00000013) nop
core   0: 3 0x800058a8 (0x00000013)
core   0: 0x800058ac (0x1f51c013) xori    zero, gp, 501
core   0: 3 0x800058ac (0x1f51c013)
core   0: 0x800058b0 (0x0364d233) divu    tp, s1, s6
core   0: 3 0x800058b0 (0x0364d233) x 4 0x0029034d
core   0: 0x800058b4 (0x0073bcb3) sltu    s9, t2, t2
core   0: 3 0x800058b4 (0x0073bcb3) x25 0x00000000
core   0: 0x800058b8 (0x40505ab3) sra     s5, zero, t0
core   0: 3 0x800058b8 (0x40505ab3) x21 0x00000000
core   0: 0x800058bc (0x02c890b3) mulh    ra, a7, a2
core   0: 3 0x800058bc (0x02c890b3) x 1 0x00000000
core   0: 0x800058c0 (0x0311a133) mulhsu  sp, gp, a7
core   0: 3 0x800058c0 (0x0311a133) x 2 0x00000000
core   0: 0x800058c4 (0x76786e93) ori     t4, a6, 1895
core   0: 3 0x800058c4 (0x76786e93) x29 0x80018fe7
core   0: 0x800058c8 (0x00000013) nop
core   0: 3 0x800058c8 (0x00000013)
core   0: 0x800058cc (0xabcf0b93) addi    s7, t5, -1348
core   0: 3 0x800058cc (0xabcf0b93) x23 0xfffffabb
core   0: 0x800058d0 (0x81b8ba93) sltiu   s5, a7, -2021
core   0: 3 0x800058d0 (0x81b8ba93) x21 0x00000001
core   0: 0x800058d4 (0xcafdbc13) sltiu   s8, s11, -849
core   0: 3 0x800058d4 (0xcafdbc13) x24 0x00000001
core   0: 0x800058d8 (0x02136533) rem     a0, t1, ra
core   0: 3 0x800058d8 (0x02136533) x10 0x00000000
core   0: 0x800058dc (0x039f4b33) div     s6, t5, s9
core   0: 3 0x800058dc (0x039f4b33) x22 0xffffffff
core   0: 0x800058e0 (0x0195bf33) sltu    t5, a1, s9
core   0: 3 0x800058e0 (0x0195bf33) x30 0x00000000
core   0: 0x800058e4 (0x00cf5c13) srli    s8, t5, 12
core   0: 3 0x800058e4 (0x00cf5c13) x24 0x00000000
core   0: 0x800058e8 (0x01ed97b3) sll     a5, s11, t5
core   0: 3 0x800058e8 (0x01ed97b3) x15 0xd88b187c
core   0: 0x800058ec (0x56e96193) ori     gp, s2, 1390
core   0: 3 0x800058ec (0x56e96193) x 3 0x0000056f
core   0: 0x800058f0 (0x0040f8b3) and     a7, ra, tp
core   0: 3 0x800058f0 (0x0040f8b3) x17 0x00000000
core   0: 0x800058f4 (0xc61a7c13) andi    s8, s4, -927
core   0: 3 0x800058f4 (0xc61a7c13) x24 0xbad8bc01
core   0: 0x800058f8 (0x025ba2b3) mulhsu  t0, s7, t0
core   0: 3 0x800058f8 (0x025ba2b3) x 5 0xffffffff
core   0: 0x800058fc (0x025c39b3) mulhu   s3, s8, t0
core   0: 3 0x800058fc (0x025c39b3) x19 0xbad8bc00
core   0: 0x80005900 (0xa52cac93) slti    s9, s9, -1454
core   0: 3 0x80005900 (0xa52cac93) x25 0x00000000
core   0: 0x80005904 (0x01913733) sltu    a4, sp, s9
core   0: 3 0x80005904 (0x01913733) x14 0x00000000
core   0: 0x80005908 (0x00000013) nop
core   0: 3 0x80005908 (0x00000013)
core   0: 0x8000590c (0x0372b433) mulhu   s0, t0, s7
core   0: 3 0x8000590c (0x0372b433) x 8 0xfffffaba
core   0: 0x80005910 (0xe53ee213) ori     tp, t4, -429
core   0: 3 0x80005910 (0xe53ee213) x 4 0xfffffff7
core   0: 0x80005914 (0x56aaf013) andi    zero, s5, 1386
core   0: 3 0x80005914 (0x56aaf013)
core   0: 0x80005918 (0x00f3c7b3) xor     a5, t2, a5
core   0: 3 0x80005918 (0x00f3c7b3) x15 0xd88b187d
core   0: 0x8000591c (0x178fa013) slti    zero, t6, 376
core   0: 3 0x8000591c (0x178fa013)
core   0: 0x80005920 (0x023b1c33) mulh    s8, s6, gp
core   0: 3 0x80005920 (0x023b1c33) x24 0xffffffff
core   0: 0x80005924 (0x00000013) nop
core   0: 3 0x80005924 (0x00000013)
core   0: 0x80005928 (0xa6014c93) xori    s9, sp, -1440
core   0: 3 0x80005928 (0xa6014c93) x25 0xfffffa60
core   0: 0x8000592c (0x02d7e533) rem     a0, a5, a3
core   0: 3 0x8000592c (0x02d7e533) x10 0x00000000
core   0: 0x80005930 (0x0273b9b3) mulhu   s3, t2, t2
core   0: 3 0x80005930 (0x0273b9b3) x19 0x00000000
core   0: 0x80005934 (0x01fa07b3) add     a5, s4, t6
core   0: 3 0x80005934 (0x01fa07b3) x15 0x659314c9
core   0: 0x80005938 (0x40318033) sub     zero, gp, gp
core   0: 3 0x80005938 (0x40318033)
core   0: 0x8000593c (0x01d7fc33) and     s8, a5, t4
core   0: 3 0x8000593c (0x01d7fc33) x24 0x000104c1
core   0: 0x80005940 (0x02c118b3) mulh    a7, sp, a2
core   0: 3 0x80005940 (0x02c118b3) x17 0x00000000
core   0: 0x80005944 (0x400f88b3) sub     a7, t6, zero
core   0: 3 0x80005944 (0x400f88b3) x17 0xaaba5844
core   0: 0x80005948 (0xd94be993) ori     s3, s7, -620
core   0: 3 0x80005948 (0xd94be993) x19 0xffffffbf
core   0: 0x8000594c (0x02c135b3) mulhu   a1, sp, a2
core   0: 3 0x8000594c (0x02c135b3) x11 0x00000000
core   0: 0x80005950 (0x02880133) mul     sp, a6, s0
core   0: 3 0x80005950 (0x02880133) x 2 0xf7d305a8
core   0: 0x80005954 (0x03776c33) rem     s8, a4, s7
core   0: 3 0x80005954 (0x03776c33) x24 0x00000000
core   0: 0x80005958 (0x0037eab3) or      s5, a5, gp
core   0: 3 0x80005958 (0x0037eab3) x21 0x659315ef
core   0: 0x8000595c (0x02d636b3) mulhu   a3, a2, a3
core   0: 3 0x8000595c (0x02d636b3) x13 0x00000000
core   0: 0x80005960 (0x004b33b3) sltu    t2, s6, tp
core   0: 3 0x80005960 (0x004b33b3) x 7 0x00000000
core   0: 0x80005964 (0x035ab8b3) mulhu   a7, s5, s5
core   0: 3 0x80005964 (0x035ab8b3) x17 0x284d63d0
core   0: 0x80005968 (0x034c75b3) remu    a1, s8, s4
core   0: 3 0x80005968 (0x034c75b3) x11 0x00000000
core   0: 0x8000596c (0x013a1793) slli    a5, s4, 19
core   0: 3 0x8000596c (0x013a1793) x15 0xe4280000
core   0: 0x80005970 (0x005175b3) and     a1, sp, t0
core   0: 3 0x80005970 (0x005175b3) x11 0xf7d305a8
core   0: 0x80005974 (0x02fd6cb3) rem     s9, s10, a5
core   0: 3 0x80005974 (0x02fd6cb3) x25 0x000002eb
core   0: 0x80005978 (0x01df8293) addi    t0, t6, 29
core   0: 3 0x80005978 (0x01df8293) x 5 0xaaba5861
core   0: 0x8000597c (0x37e30a93) addi    s5, t1, 894
core   0: 3 0x8000597c (0x37e30a93) x21 0x0000037e
core   0: 0x80005980 (0xab54ed93) ori     s11, s1, -1355
core   0: 3 0x80005980 (0xab54ed93) x27 0xfffffef5
core   0: 0x80005984 (0x028bfcb3) remu    s9, s7, s0
core   0: 3 0x80005984 (0x028bfcb3) x25 0x00000001
core   0: 0x80005988 (0x8e42bcb7) lui     s9, 0x8e42b
core   0: 3 0x80005988 (0x8e42bcb7) x25 0x8e42b000
core   0: 0x8000598c (0xbc944693) xori    a3, s0, -1079
core   0: 3 0x8000598c (0xbc944693) x13 0x00000173
core   0: 0x80005990 (0x0286f733) remu    a4, a3, s0
core   0: 3 0x80005990 (0x0286f733) x14 0x00000173
core   0: 0x80005994 (0x00909213) slli    tp, ra, 9
core   0: 3 0x80005994 (0x00909213) x 4 0x00000000
core   0: 0x80005998 (0x00fb13b3) sll     t2, s6, a5
core   0: 3 0x80005998 (0x00fb13b3) x 7 0xffffffff
core   0: 0x8000599c (0x0307a5b3) mulhsu  a1, a5, a6
core   0: 3 0x8000599c (0x0307a5b3) x11 0xf213d4d5
core   0: 0x800059a0 (0x413285b3) sub     a1, t0, s3
core   0: 3 0x800059a0 (0x413285b3) x11 0xaaba58a2
core   0: 0x800059a4 (0xe1278513) addi    a0, a5, -494
core   0: 3 0x800059a4 (0xe1278513) x10 0xe427fe12
core   0: 0x800059a8 (0x47c24037) lui     zero, 0x47c24
core   0: 3 0x800059a8 (0x47c24037)
core   0: 0x800059ac (0x56da0e13) addi    t3, s4, 1389
core   0: 3 0x800059ac (0x56da0e13) x28 0xbad8c1f2
core   0: 0x800059b0 (0x62270013) addi    zero, a4, 1570
core   0: 3 0x800059b0 (0x62270013)
core   0: 0x800059b4 (0x01fdf333) and     t1, s11, t6
core   0: 3 0x800059b4 (0x01fdf333) x 6 0xaaba5844
core   0: 0x800059b8 (0x03614533) div     a0, sp, s6
core   0: 3 0x800059b8 (0x03614533) x10 0x082cfa58
core   0: 0x800059bc (0x41795213) srai    tp, s2, 23
core   0: 3 0x800059bc (0x41795213) x 4 0x00000000
core   0: 0x800059c0 (0xe77eb713) sltiu   a4, t4, -393
core   0: 3 0x800059c0 (0xe77eb713) x14 0x00000001
core   0: 0x800059c4 (0x0399f0b3) remu    ra, s3, s9
core   0: 3 0x800059c4 (0x0399f0b3) x 1 0x71bd4fbf
core   0: 0x800059c8 (0xe1858d13) addi    s10, a1, -488
core   0: 3 0x800059c8 (0xe1858d13) x26 0xaaba56ba
core   0: 0x800059cc (0xd3810693) addi    a3, sp, -712
core   0: 3 0x800059cc (0xd3810693) x13 0xf7d302e0
core   0: 0x800059d0 (0x011e7733) and     a4, t3, a7
core   0: 3 0x800059d0 (0x011e7733) x14 0x284841d0
core   0: 0x800059d4 (0x03ba4d33) div     s10, s4, s11
core   0: 3 0x800059d4 (0x03ba4d33) x26 0x00424dea
core   0: 0x800059d8 (0x4a910c93) addi    s9, sp, 1193
core   0: 3 0x800059d8 (0x4a910c93) x25 0xf7d30a51
core   0: 0x800059dc (0x00774cb3) xor     s9, a4, t2
core   0: 3 0x800059dc (0x00774cb3) x25 0xd7b7be2f
core   0: 0x800059e0 (0x00591cb3) sll     s9, s2, t0
core   0: 3 0x800059e0 (0x00591cb3) x25 0x00000002
core   0: 0x800059e4 (0x036470b3) remu    ra, s0, s6
core   0: 3 0x800059e4 (0x036470b3) x 1 0xfffffaba
core   0: 0x800059e8 (0x4f3efc97) auipc   s9, 0x4f3ef
core   0: 3 0x800059e8 (0x4f3efc97) x25 0xcf3f49e8
core   0: 0x800059ec (0x018c4c33) xor     s8, s8, s8
core   0: 3 0x800059ec (0x018c4c33) x24 0x00000000
core   0: 0x800059f0 (0x014e2333) slt     t1, t3, s4
core   0: 3 0x800059f0 (0x014e2333) x 6 0x00000000
core   0: 0x800059f4 (0x0059d913) srli    s2, s3, 5
core   0: 3 0x800059f4 (0x0059d913) x18 0x07fffffd
core   0: 0x800059f8 (0x00c09e93) slli    t4, ra, 12
core   0: 3 0x800059f8 (0x00c09e93) x29 0xffaba000
core   0: 0x800059fc (0x00391b13) slli    s6, s2, 3
core   0: 3 0x800059fc (0x00391b13) x22 0x3fffffe8
core   0: 0x80005a00 (0x00000013) nop
core   0: 3 0x80005a00 (0x00000013)
core   0: 0x80005a04 (0x00000013) nop
core   0: 3 0x80005a04 (0x00000013)
core   0: 0x80005a08 (0x01fdcdb3) xor     s11, s11, t6
core   0: 3 0x80005a08 (0x01fdcdb3) x27 0x5545a6b1
core   0: 0x80005a0c (0x031897b3) mulh    a5, a7, a7
core   0: 3 0x80005a0c (0x031897b3) x15 0x06584696
core   0: 0x80005a10 (0x007dc033) xor     zero, s11, t2
core   0: 3 0x80005a10 (0x007dc033)
core   0: 0x80005a14 (0x41e70b33) sub     s6, a4, t5
core   0: 3 0x80005a14 (0x41e70b33) x22 0x284841d0
core   0: 0x80005a18 (0x007128b3) slt     a7, sp, t2
core   0: 3 0x80005a18 (0x007128b3) x17 0x00000001
core   0: 0x80005a1c (0x023897b3) mulh    a5, a7, gp
core   0: 3 0x80005a1c (0x023897b3) x15 0x00000000
core   0: 0x80005a20 (0x012193b3) sll     t2, gp, s2
core   0: 3 0x80005a20 (0x012193b3) x 7 0xe0000000
core   0: 0x80005a24 (0x698d9237) lui     tp, 0x698d9
core   0: 3 0x80005a24 (0x698d9237) x 4 0x698d9000
core   0: 0x80005a28 (0x0a86fd93) andi    s11, a3, 168
core   0: 3 0x80005a28 (0x0a86fd93) x27 0x000000a0
core   0: 0x80005a2c (0x7a5c6013) ori     zero, s8, 1957
core   0: 3 0x80005a2c (0x7a5c6013)
core   0: 0x80005a30 (0x01b5c233) xor     tp, a1, s11
core   0: 3 0x80005a30 (0x01b5c233) x 4 0xaaba5802
core   0: 0x80005a34 (0xfc83e393) ori     t2, t2, -56
core   0: 3 0x80005a34 (0xfc83e393) x 7 0xffffffc8
core   0: 0x80005a38 (0x0143be33) sltu    t3, t2, s4
core   0: 3 0x80005a38 (0x0143be33) x28 0x00000000
core   0: 0x80005a3c (0x027e0fb3) mul     t6, t3, t2
core   0: 3 0x80005a3c (0x027e0fb3) x31 0x00000000
core   0: 0x80005a40 (0x8f0e7913) andi    s2, t3, -1808
core   0: 3 0x80005a40 (0x8f0e7913) x18 0x00000000
core   0: 0x80005a44 (0x0013fe33) and     t3, t2, ra
core   0: 3 0x80005a44 (0x0013fe33) x28 0xfffffa88
core   0: 0x80005a48 (0xef186a93) ori     s5, a6, -271
core   0: 3 0x80005a48 (0xef186a93) x21 0xfffffef5
core   0: 0x80005a4c (0x26122037) lui     zero, 0x26122
core   0: 3 0x80005a4c (0x26122037)
core   0: 0x80005a50 (0xa965ec93) ori     s9, a1, -1386
core   0: 3 0x80005a50 (0xa965ec93) x25 0xfffffab6
core   0: 0x80005a54 (0x0050c8b3) xor     a7, ra, t0
core   0: 3 0x80005a54 (0x0050c8b3) x17 0x5545a2db
core   0: 0x80005a58 (0x038399b3) mulh    s3, t2, s8
core   0: 3 0x80005a58 (0x038399b3) x19 0x00000000
core   0: 0x80005a5c (0xcea54a93) xori    s5, a0, -790
core   0: 3 0x80005a5c (0xcea54a93) x21 0xf7d306b2
core   0: 0x80005a60 (0xf6534313) xori    t1, t1, -155
core   0: 3 0x80005a60 (0xf6534313) x 6 0xffffff65
core   0: 0x80005a64 (0x7f567d93) andi    s11, a2, 2037
core   0: 3 0x80005a64 (0x7f567d93) x27 0x000004e4
core   0: 0x80005a68 (0x01be1e93) slli    t4, t3, 27
core   0: 3 0x80005a68 (0x01be1e93) x29 0x40000000
core   0: 0x80005a6c (0x5eda0e93) addi    t4, s4, 1517
core   0: 3 0x80005a6c (0x5eda0e93) x29 0xbad8c272
core   0: 0x80005a70 (0x01b81c93) slli    s9, a6, 27
core   0: 3 0x80005a70 (0x01b81c93) x25 0x20000000
core   0: 0x80005a74 (0x98b78097) auipc   ra, 0x98b78
core   0: 3 0x80005a74 (0x98b78097) x 1 0x18b7da74
core   0: 0x80005a78 (0x00412c33) slt     s8, sp, tp
core   0: 3 0x80005a78 (0x00412c33) x24 0x00000000
core   0: 0x80005a7c (0xbc418293) addi    t0, gp, -1084
core   0: 3 0x80005a7c (0xbc418293) x 5 0x00000133
core   0: 0x80005a80 (0x40220c33) sub     s8, tp, sp
core   0: 3 0x80005a80 (0x40220c33) x24 0xb2e7525a
core   0: 0x80005a84 (0x038443b3) div     t2, s0, s8
core   0: 3 0x80005a84 (0x038443b3) x 7 0x00000000
core   0: 0x80005a88 (0x7ae28113) addi    sp, t0, 1966
core   0: 3 0x80005a88 (0x7ae28113) x 2 0x000008e1
core   0: 0x80005a8c (0x80087193) andi    gp, a6, -2048
core   0: 3 0x80005a8c (0x80087193) x 3 0x80018800
core   0: 0x80005a90 (0x00c3ee33) or      t3, t2, a2
core   0: 3 0x80005a90 (0x00c3ee33) x28 0x80018ce4
core   0: 0x80005a94 (0x00015013) srli    zero, sp, 0
core   0: 3 0x80005a94 (0x00015013)
core   0: 0x80005a98 (0x9b563013) sltiu   zero, a2, -1611
core   0: 3 0x80005a98 (0x9b563013)
core   0: 0x80005a9c (0x016443b3) xor     t2, s0, s6
core   0: 3 0x80005a9c (0x016443b3) x 7 0xd7b7bb6a
core   0: 0x80005aa0 (0x0104bd33) sltu    s10, s1, a6
core   0: 3 0x80005aa0 (0x0104bd33) x26 0x00000001
core   0: 0x80005aa4 (0x0199fdb3) and     s11, s3, s9
core   0: 3 0x80005aa4 (0x0199fdb3) x27 0x00000000
core   0: 0x80005aa8 (0xd78aa217) auipc   tp, 0xd78aa
core   0: 3 0x80005aa8 (0xd78aa217) x 4 0x578afaa8
core   0: 0x80005aac (0x006fe433) or      s0, t6, t1
core   0: 3 0x80005aac (0x006fe433) x 8 0xffffff65
core   0: 0x80005ab0 (0x00b50e33) add     t3, a0, a1
core   0: 3 0x80005ab0 (0x00b50e33) x28 0xb2e752fa
core   0: 0x80005ab4 (0x03766033) rem     zero, a2, s7
core   0: 3 0x80005ab4 (0x03766033)
core   0: 0x80005ab8 (0x03c00bb3) mul     s7, zero, t3
core   0: 3 0x80005ab8 (0x03c00bb3) x23 0x00000000
core   0: 0x80005abc (0x00ff07b3) add     a5, t5, a5
core   0: 3 0x80005abc (0x00ff07b3) x15 0x00000000
core   0: 0x80005ac0 (0x032b23b3) mulhsu  t2, s6, s2
core   0: 3 0x80005ac0 (0x032b23b3) x 7 0x00000000
core   0: 0x80005ac4 (0x0093b733) sltu    a4, t2, s1
core   0: 3 0x80005ac4 (0x0093b733) x14 0x00000001
core   0: 0x80005ac8 (0x40458ab3) sub     s5, a1, tp
core   0: 3 0x80005ac8 (0x40458ab3) x21 0x532f5dfa
core   0: 0x80005acc (0x918aa297) auipc   t0, 0x918aa
core   0: 3 0x80005acc (0x918aa297) x 5 0x118afacc
core   0: 0x80005ad0 (0x03790933) mul     s2, s2, s7
core   0: 3 0x80005ad0 (0x03790933) x18 0x00000000
core   0: 0x80005ad4 (0x03b54433) div     s0, a0, s11
core   0: 3 0x80005ad4 (0x03b54433) x 8 0xffffffff
core   0: 0x80005ad8 (0x603c6313) ori     t1, s8, 1539
core   0: 3 0x80005ad8 (0x603c6313) x 6 0xb2e7565b
core   0: 0x80005adc (0xf66f0f93) addi    t6, t5, -154
core   0: 3 0x80005adc (0xf66f0f93) x31 0xffffff66
core   0: 0x80005ae0 (0x26771e37) lui     t3, 0x26771
core   0: 3 0x80005ae0 (0x26771e37) x28 0x26771000
core   0: 0x80005ae4 (0x40258633) sub     a2, a1, sp
core   0: 3 0x80005ae4 (0x40258633) x12 0xaaba4fc1
core   0: 0x80005ae8 (0x00000013) nop
core   0: 3 0x80005ae8 (0x00000013)
core   0: 0x80005aec (0x032af233) remu    tp, s5, s2
core   0: 3 0x80005aec (0x032af233) x 4 0x532f5dfa
core   0: 0x80005af0 (0x2aeb9c37) lui     s8, 0x2aeb9
core   0: 3 0x80005af0 (0x2aeb9c37) x24 0x2aeb9000
core   0: 0x80005af4 (0x0094af33) slt     t5, s1, s1
core   0: 3 0x80005af4 (0x0094af33) x30 0x00000000
core   0: 0x80005af8 (0x015dc5b3) xor     a1, s11, s5
core   0: 3 0x80005af8 (0x015dc5b3) x11 0x532f5dfa
core   0: 0x80005afc (0xf8f53593) sltiu   a1, a0, -113
core   0: 3 0x80005afc (0xf8f53593) x11 0x00000001
core   0: 0x80005b00 (0x1ff7eb13) ori     s6, a5, 511
core   0: 3 0x80005b00 (0x1ff7eb13) x22 0x000001ff
core   0: 0x80005b04 (0x40fb85b3) sub     a1, s7, a5
core   0: 3 0x80005b04 (0x40fb85b3) x11 0x00000000
core   0: 0x80005b08 (0x0286f633) remu    a2, a3, s0
core   0: 3 0x80005b08 (0x0286f633) x12 0xf7d302e0
core   0: 0x80005b0c (0x0115d793) srli    a5, a1, 17
core   0: 3 0x80005b0c (0x0115d793) x15 0x00000000
core   0: 0x80005b10 (0x40178333) sub     t1, a5, ra
core   0: 3 0x80005b10 (0x40178333) x 6 0xe748258c
core   0: 0x80005b14 (0x0383e933) rem     s2, t2, s8
core   0: 3 0x80005b14 (0x0383e933) x18 0x00000000
core   0: 0x80005b18 (0x0347ffb3) remu    t6, a5, s4
core   0: 3 0x80005b18 (0x0347ffb3) x31 0x00000000
core   0: 0x80005b1c (0x4075d693) srai    a3, a1, 7
core   0: 3 0x80005b1c (0x4075d693) x13 0x00000000
core   0: 0x80005b20 (0x40fddfb3) sra     t6, s11, a5
core   0: 3 0x80005b20 (0x40fddfb3) x31 0x00000000
core   0: 0x80005b24 (0x000991b3) sll     gp, s3, zero
core   0: 3 0x80005b24 (0x000991b3) x 3 0x00000000
core   0: 0x80005b28 (0x2b00b193) sltiu   gp, ra, 688
core   0: 3 0x80005b28 (0x2b00b193) x 3 0x00000000
core   0: 0x80005b2c (0x02249eb3) mulh    t4, s1, sp
core   0: 3 0x80005b2c (0x02249eb3) x29 0xfffffb8f
core   0: 0x80005b30 (0x02da97b3) mulh    a5, s5, a3
core   0: 3 0x80005b30 (0x02da97b3) x15 0x00000000
core   0: 0x80005b34 (0x2f01a713) slti    a4, gp, 752
core   0: 3 0x80005b34 (0x2f01a713) x14 0x00000001
core   0: 0x80005b38 (0x0033d913) srli    s2, t2, 3
core   0: 3 0x80005b38 (0x0033d913) x18 0x00000000
core   0: 0x80005b3c (0x00000013) nop
core   0: 3 0x80005b3c (0x00000013)
core   0: 0x80005b40 (0x2a580297) auipc   t0, 0x2a580
core   0: 3 0x80005b40 (0x2a580297) x 5 0xaa585b40
core   0: 0x80005b44 (0x00032233) slt     tp, t1, zero
core   0: 3 0x80005b44 (0x00032233) x 4 0x00000001
core   0: 0x80005b48 (0x960d8393) addi    t2, s11, -1696
core   0: 3 0x80005b48 (0x960d8393) x 7 0xfffff960
core   0: 0x80005b4c (0x00984933) xor     s2, a6, s1
core   0: 3 0x80005b4c (0x00984933) x18 0x0000c280
core   0: 0x80005b50 (0xcb5f0c93) addi    s9, t5, -843
core   0: 3 0x80005b50 (0xcb5f0c93) x25 0xfffffcb5
core   0: 0x80005b54 (0x01311613) slli    a2, sp, 19
core   0: 3 0x80005b54 (0x01311613) x12 0x47080000
core   0: 0x80005b58 (0x02c627b3) mulhsu  a5, a2, a2
core   0: 3 0x80005b58 (0x02c627b3) x15 0x13b57040
core   0: 0x80005b5c (0x01900eb3) add     t4, zero, s9
core   0: 3 0x80005b5c (0x01900eb3) x29 0xfffffcb5
core   0: 0x80005b60 (0x01c48b33) add     s6, s1, t3
core   0: 3 0x80005b60 (0x01c48b33) x22 0xa6785e64
core   0: 0x80005b64 (0x417e86b3) sub     a3, t4, s7
core   0: 3 0x80005b64 (0x417e86b3) x13 0xfffffcb5
core   0: 0x80005b68 (0x0120f9b3) and     s3, ra, s2
core   0: 3 0x80005b68 (0x0120f9b3) x19 0x0000c200
core   0: 0x80005b6c (0x00d1b433) sltu    s0, gp, a3
core   0: 3 0x80005b6c (0x00d1b433) x 8 0x00000001
core   0: 0x80005b70 (0x00c41033) sll     zero, s0, a2
core   0: 3 0x80005b70 (0x00c41033)
core   0: 0x80005b74 (0x03a483b3) mul     t2, s1, s10
core   0: 3 0x80005b74 (0x03a483b3) x 7 0x80014e64
core   0: 0x80005b78 (0x9b83e713) ori     a4, t2, -1608
core   0: 3 0x80005b78 (0x9b83e713) x14 0xfffffffc
core   0: 0x80005b7c (0x01856bb3) or      s7, a0, s8
core   0: 3 0x80005b7c (0x01856bb3) x23 0x2aeffa58
core   0: 0x80005b80 (0x0031dc33) srl     s8, gp, gp
core   0: 3 0x80005b80 (0x0031dc33) x24 0x00000000
core   0: 0x80005b84 (0x01167ab3) and     s5, a2, a7
core   0: 3 0x80005b84 (0x01167ab3) x21 0x45000000
core   0: 0x80005b88 (0x3f144d93) xori    s11, s0, 1009
core   0: 3 0x80005b88 (0x3f144d93) x27 0x000003f0
core   0: 0x80005b8c (0x1c57c017) auipc   zero, 0x1c57c
core   0: 3 0x80005b8c (0x1c57c017)
core   0: 0x80005b90 (0xb339a913) slti    s2, s3, -1229
core   0: 3 0x80005b90 (0xb339a913) x18 0x00000000
core   0: 0x80005b94 (0x023bb933) mulhu   s2, s7, gp
core   0: 3 0x80005b94 (0x023bb933) x18 0x00000000
core   0: 0x80005b98 (0x017260b3) or      ra, tp, s7
core   0: 3 0x80005b98 (0x017260b3) x 1 0x2aeffa59
core   0: 0x80005b9c (0x33d14c13) xori    s8, sp, 829
core   0: 3 0x80005b9c (0x33d14c13) x24 0x00000bdc
core   0: 0x80005ba0 (0x004850b3) srl     ra, a6, tp
core   0: 3 0x80005ba0 (0x004850b3) x 1 0x4000c672
core   0: 0x80005ba4 (0x011f8b33) add     s6, t6, a7
core   0: 3 0x80005ba4 (0x011f8b33) x22 0x5545a2db
core   0: 0x80005ba8 (0x78e8d417) auipc   s0, 0x78e8d
core   0: 3 0x80005ba8 (0x78e8d417) x 8 0xf8e92ba8
core   0: 0x80005bac (0x02a200b3) mul     ra, tp, a0
core   0: 3 0x80005bac (0x02a200b3) x 1 0x082cfa58
core   0: 0x80005bb0 (0x414b5433) sra     s0, s6, s4
core   0: 3 0x80005bb0 (0x414b5433) x 8 0x02aa2d16
core   0: 0x80005bb4 (0x0e910593) addi    a1, sp, 233
core   0: 3 0x80005bb4 (0x0e910593) x11 0x000009ca
core   0: 0x80005bb8 (0x038c3e33) mulhu   t3, s8, s8
core   0: 3 0x80005bb8 (0x038c3e33) x28 0x00000000
core   0: 0x80005bbc (0x00000013) nop
core   0: 3 0x80005bbc (0x00000013)
core   0: 0x80005bc0 (0x1db57193) andi    gp, a0, 475
core   0: 3 0x80005bc0 (0x1db57193) x 3 0x00000058
core   0: 0x80005bc4 (0x00000013) nop
core   0: 3 0x80005bc4 (0x00000013)
core   0: 0x80005bc8 (0x409a0d33) sub     s10, s4, s1
core   0: 3 0x80005bc8 (0x409a0d33) x26 0x3ad76e21
core   0: 0x80005bcc (0x03a372b3) remu    t0, t1, s10
core   0: 3 0x80005bcc (0x03a372b3) x 5 0x36c1db29
core   0: 0x80005bd0 (0x02d50fb3) mul     t6, a0, a3
core   0: 3 0x80005bd0 (0x02d50fb3) x31 0x13e3a038
core   0: 0x80005bd4 (0x0383aab3) mulhsu  s5, t2, s8
core   0: 3 0x80005bd4 (0x0383aab3) x21 0xfffffa12
core   0: 0x80005bd8 (0x0011de93) srli    t4, gp, 1
core   0: 3 0x80005bd8 (0x0011de93) x29 0x0000002c
core   0: 0x80005bdc (0x41745333) sra     t1, s0, s7
core   0: 3 0x80005bdc (0x41745333) x 6 0x00000002
core   0: 0x80005be0 (0x02f0e633) rem     a2, ra, a5
core   0: 3 0x80005be0 (0x02f0e633) x12 0x082cfa58
core   0: 0x80005be4 (0xfb0aaa93) slti    s5, s5, -80
core   0: 3 0x80005be4 (0xfb0aaa93) x21 0x00000001
core   0: 0x80005be8 (0x5cfc0f13) addi    t5, s8, 1487
core   0: 3 0x80005be8 (0x5cfc0f13) x30 0x000011ab
core   0: 0x80005bec (0x49e0cc17) auipc   s8, 0x49e0c
core   0: 3 0x80005bec (0x49e0cc17) x24 0xc9e11bec
core   0: 0x80005bf0 (0x0376f433) remu    s0, a3, s7
core   0: 3 0x80005bf0 (0x0376f433) x 8 0x295018fd
core   0: 0x80005bf4 (0x03b54633) div     a2, a0, s11
core   0: 3 0x80005bf4 (0x03b54633) x12 0x0002138c
core   0: 0x80005bf8 (0x00000013) nop
core   0: 3 0x80005bf8 (0x00000013)
core   0: 0x80005bfc (0x011553b3) srl     t2, a0, a7
core   0: 3 0x80005bfc (0x011553b3) x 7 0x00000001
core   0: 0x80005c00 (0x6ac73b13) sltiu   s6, a4, 1708
core   0: 3 0x80005c00 (0x6ac73b13) x22 0x00000000
core   0: 0x80005c04 (0x00f2c0b3) xor     ra, t0, a5
core   0: 3 0x80005c04 (0x00f2c0b3) x 1 0x2574ab69
core   0: 0x80005c08 (0xd939ef13) ori     t5, s3, -621
core   0: 3 0x80005c08 (0xd939ef13) x30 0xffffff93
core   0: 0x80005c0c (0x02455e33) divu    t3, a0, tp
core   0: 3 0x80005c0c (0x02455e33) x28 0x082cfa58
core   0: 0x80005c10 (0x3e656313) ori     t1, a0, 998
core   0: 3 0x80005c10 (0x3e656313) x 6 0x082cfbfe
core   0: 0x80005c14 (0x00f481b3) add     gp, s1, a5
core   0: 3 0x80005c14 (0x00f481b3) x 3 0x93b6bea4
core   0: 0x80005c18 (0x00a21913) slli    s2, tp, 10
core   0: 3 0x80005c18 (0x00a21913) x18 0x00000400
core   0: 0x80005c1c (0x02f7c8b3) div     a7, a5, a5
core   0: 3 0x80005c1c (0x02f7c8b3) x17 0x00000001
core   0: 0x80005c20 (0x40e30d33) sub     s10, t1, a4
core   0: 3 0x80005c20 (0x40e30d33) x26 0x082cfc02
core   0: 0x80005c24 (0x01b39e93) slli    t4, t2, 27
core   0: 3 0x80005c24 (0x01b39e93) x29 0x08000000
core   0: 0x80005c28 (0xd381a893) slti    a7, gp, -712
core   0: 3 0x80005c28 (0xd381a893) x17 0x00000001
core   0: 0x80005c2c (0x038e0633) mul     a2, t3, s8
core   0: 3 0x80005c2c (0x038e0633) x12 0x67361120
core   0: 0x80005c30 (0x6bc7b393) sltiu   t2, a5, 1724
core   0: 3 0x80005c30 (0x6bc7b393) x 7 0x00000000
core   0: 0x80005c34 (0x3616a637) lui     a2, 0x3616a
core   0: 3 0x80005c34 (0x3616a637) x12 0x3616a000
core   0: 0x80005c38 (0x00695913) srli    s2, s2, 6
core   0: 3 0x80005c38 (0x00695913) x18 0x00000010
core   0: 0x80005c3c (0x008000b3) add     ra, zero, s0
core   0: 3 0x80005c3c (0x008000b3) x 1 0x295018fd
core   0: 0x80005c40 (0x419d85b3) sub     a1, s11, s9
core   0: 3 0x80005c40 (0x419d85b3) x11 0x0000073b
core   0: 0x80005c44 (0xa5c6c993) xori    s3, a3, -1444
core   0: 3 0x80005c44 (0xa5c6c993) x19 0x000006e9
core   0: 0x80005c48 (0x00c9d993) srli    s3, s3, 12
core   0: 3 0x80005c48 (0x00c9d993) x19 0x00000000
core   0: 0x80005c4c (0x00971e33) sll     t3, a4, s1
core   0: 3 0x80005c4c (0x00971e33) x28 0xffffffc0
core   0: 0x80005c50 (0x003e6233) or      tp, t3, gp
core   0: 3 0x80005c50 (0x003e6233) x 4 0xffffffe4
core   0: 0x80005c54 (0xcab587b7) lui     a5, 0xcab58
core   0: 3 0x80005c54 (0xcab587b7) x15 0xcab58000
core   0: 0x80005c58 (0x01f07c33) and     s8, zero, t6
core   0: 3 0x80005c58 (0x01f07c33) x24 0x00000000
core   0: 0x80005c5c (0x007f2db3) slt     s11, t5, t2
core   0: 3 0x80005c5c (0x007f2db3) x27 0x00000001
core   0: 0x80005c60 (0x01eb2bb3) slt     s7, s6, t5
core   0: 3 0x80005c60 (0x01eb2bb3) x23 0x00000000
core   0: 0x80005c64 (0x023c8233) mul     tp, s9, gp
core   0: 3 0x80005c64 (0x023c8233) x 4 0x953a39f4
core   0: 0x80005c68 (0x0956c293) xori    t0, a3, 149
core   0: 3 0x80005c68 (0x0956c293) x 5 0xfffffc20
core   0: 0x80005c6c (0x40b98933) sub     s2, s3, a1
core   0: 3 0x80005c6c (0x40b98933) x18 0xfffff8c5
core   0: 0x80005c70 (0x00835b13) srli    s6, t1, 8
core   0: 3 0x80005c70 (0x00835b13) x22 0x00082cfb
core   0: 0x80005c74 (0x3277c893) xori    a7, a5, 807
core   0: 3 0x80005c74 (0x3277c893) x17 0xcab58327
core   0: 0x80005c78 (0x00953ab3) sltu    s5, a0, s1
core   0: 3 0x80005c78 (0x00953ab3) x21 0x00000001
core   0: 0x80005c7c (0x41a6d033) sra     zero, a3, s10
core   0: 3 0x80005c7c (0x41a6d033)
core   0: 0x80005c80 (0x7448b113) sltiu   sp, a7, 1860
core   0: 3 0x80005c80 (0x7448b113) x 2 0x00000000
core   0: 0x80005c84 (0xef50fa93) andi    s5, ra, -267
core   0: 3 0x80005c84 (0xef50fa93) x21 0x295018f5
core   0: 0x80005c88 (0x000f9993) slli    s3, t6, 0
core   0: 3 0x80005c88 (0x000f9993) x19 0x13e3a038
core   0: 0x80005c8c (0x00ade033) or      zero, s11, a0
core   0: 3 0x80005c8c (0x00ade033)
core   0: 0x80005c90 (0x016a9593) slli    a1, s5, 22
core   0: 3 0x80005c90 (0x016a9593) x11 0x3d400000
core   0: 0x80005c94 (0x0276d933) divu    s2, a3, t2
core   0: 3 0x80005c94 (0x0276d933) x18 0xffffffff
core   0: 0x80005c98 (0x003d66b3) or      a3, s10, gp
core   0: 3 0x80005c98 (0x003d66b3) x13 0x9bbefea6
core   0: 0x80005c9c (0x01628933) add     s2, t0, s6
core   0: 3 0x80005c9c (0x01628933) x18 0x0008291b
core   0: 0x80005ca0 (0x035a8733) mul     a4, s5, s5
core   0: 3 0x80005ca0 (0x035a8733) x14 0x158eda79
core   0: 0x80005ca4 (0x00f55093) srli    ra, a0, 15
core   0: 3 0x80005ca4 (0x00f55093) x 1 0x00001059
core   0: 0x80005ca8 (0xdc2f7293) andi    t0, t5, -574
core   0: 3 0x80005ca8 (0xdc2f7293) x 5 0xfffffd82
core   0: 0x80005cac (0x40265013) srai    zero, a2, 2
core   0: 3 0x80005cac (0x40265013)
core   0: 0x80005cb0 (0xdecde517) auipc   a0, 0xdecde
core   0: 3 0x80005cb0 (0xdecde517) x10 0x5ece3cb0
core   0: 0x80005cb4 (0x02c5b933) mulhu   s2, a1, a2
core   0: 3 0x80005cb4 (0x02c5b933) x18 0x0cf0e9c8
core   0: 0x80005cb8 (0x66d4e417) auipc   s0, 0x66d4e
core   0: 3 0x80005cb8 (0x66d4e417) x 8 0xe6d53cb8
core   0: 0x80005cbc (0x250f0713) addi    a4, t5, 592
core   0: 3 0x80005cbc (0x250f0713) x14 0x000001e3
core   0: 0x80005cc0 (0x0156bf33) sltu    t5, a3, s5
core   0: 3 0x80005cc0 (0x0156bf33) x30 0x00000000
core   0: 0x80005cc4 (0x01281fb3) sll     t6, a6, s2
core   0: 3 0x80005cc4 (0x01281fb3) x31 0x018ce400
core   0: 0x80005cc8 (0x4f83e213) ori     tp, t2, 1272
core   0: 3 0x80005cc8 (0x4f83e213) x 4 0x000004f8
core   0: 0x80005ccc (0x01ec77b3) and     a5, s8, t5
core   0: 3 0x80005ccc (0x01ec77b3) x15 0x00000000
core   0: 0x80005cd0 (0x01a90f33) add     t5, s2, s10
core   0: 3 0x80005cd0 (0x01a90f33) x30 0x151de5ca
core   0: 0x80005cd4 (0x02296933) rem     s2, s2, sp
core   0: 3 0x80005cd4 (0x02296933) x18 0x0cf0e9c8
core   0: 0x80005cd8 (0x01fbd1b3) srl     gp, s7, t6
core   0: 3 0x80005cd8 (0x01fbd1b3) x 3 0x00000000
core   0: 0x80005cdc (0x01e68e33) add     t3, a3, t5
core   0: 3 0x80005cdc (0x01e68e33) x28 0xb0dce470
core   0: 0x80005ce0 (0x80ffd117) auipc   sp, 0x80ffd
core   0: 3 0x80005ce0 (0x80ffd117) x 2 0x01002ce0
core   0: 0x80005ce4 (0x1ccdce93) xori    t4, s11, 460
core   0: 3 0x80005ce4 (0x1ccdce93) x29 0x000001cd
core   0: 0x80005ce8 (0x021b8e33) mul     t3, s7, ra
core   0: 3 0x80005ce8 (0x021b8e33) x28 0x00000000
core   0: 0x80005cec (0x40265bb3) sra     s7, a2, sp
core   0: 3 0x80005cec (0x40265bb3) x23 0x3616a000
core   0: 0x80005cf0 (0x01e436b3) sltu    a3, s0, t5
core   0: 3 0x80005cf0 (0x01e436b3) x13 0x00000000
core   0: 0x80005cf4 (0x015f45b3) xor     a1, t5, s5
core   0: 3 0x80005cf4 (0x015f45b3) x11 0x3c4dfd3f
core   0: 0x80005cf8 (0x00d153b3) srl     t2, sp, a3
core   0: 3 0x80005cf8 (0x00d153b3) x 7 0x01002ce0
core   0: 0x80005cfc (0x02b58b33) mul     s6, a1, a1
core   0: 3 0x80005cfc (0x02b58b33) x22 0xda6b9581
core   0: 0x80005d00 (0x02fff2b3) remu    t0, t6, a5
core   0: 3 0x80005d00 (0x02fff2b3) x 5 0x018ce400
core   0: 0x80005d04 (0x009ddb33) srl     s6, s11, s1
core   0: 3 0x80005d04 (0x009ddb33) x22 0x00000000
core   0: 0x80005d08 (0x02e681b3) mul     gp, a3, a4
core   0: 3 0x80005d08 (0x02e681b3) x 3 0x00000000
core   0: 0x80005d0c (0x00e41c13) slli    s8, s0, 14
core   0: 3 0x80005d0c (0x00e41c13) x24 0x4f2e0000
core   0: 0x80005d10 (0x00714433) xor     s0, sp, t2
core   0: 3 0x80005d10 (0x00714433) x 8 0x00000000
core   0: 0x80005d14 (0xc4573e93) sltiu   t4, a4, -955
core   0: 3 0x80005d14 (0xc4573e93) x29 0x00000001
core   0: 0x80005d18 (0x01ec4033) xor     zero, s8, t5
core   0: 3 0x80005d18 (0x01ec4033)
core   0: 0x80005d1c (0x415c0d33) sub     s10, s8, s5
core   0: 3 0x80005d1c (0x415c0d33) x26 0x25dde70b
core   0: 0x80005d20 (0x01c8da93) srli    s5, a7, 28
core   0: 3 0x80005d20 (0x01c8da93) x21 0x0000000c
core   0: 0x80005d24 (0x03244433) div     s0, s0, s2
core   0: 3 0x80005d24 (0x03244433) x 8 0x00000000
core   0: 0x80005d28 (0x009f1613) slli    a2, t5, 9
core   0: 3 0x80005d28 (0x009f1613) x12 0x3bcb9400
core   0: 0x80005d2c (0x0110a233) slt     tp, ra, a7
core   0: 3 0x80005d2c (0x0110a233) x 4 0x00000000
core   0: 0x80005d30 (0x403f0033) sub     zero, t5, gp
core   0: 3 0x80005d30 (0x403f0033)
core   0: 0x80005d34 (0xf3d64113) xori    sp, a2, -195
core   0: 3 0x80005d34 (0xf3d64113) x 2 0xc4346b3d
core   0: 0x80005d38 (0xccb2e017) auipc   zero, 0xccb2e
core   0: 3 0x80005d38 (0xccb2e017)
core   0: 0x80005d3c (0x0243e2b3) rem     t0, t2, tp
core   0: 3 0x80005d3c (0x0243e2b3) x 5 0x01002ce0
core   0: 0x80005d40 (0xab2c7fb7) lui     t6, 0xab2c7
core   0: 3 0x80005d40 (0xab2c7fb7) x31 0xab2c7000
core   0: 0x80005d44 (0xa91ffc93) andi    s9, t6, -1391
core   0: 3 0x80005d44 (0xa91ffc93) x25 0xab2c7000
core   0: 0x80005d48 (0x40678233) sub     tp, a5, t1
core   0: 3 0x80005d48 (0x40678233) x 4 0xf7d30402
core   0: 0x80005d4c (0x043d3e13) sltiu   t3, s10, 67
core   0: 3 0x80005d4c (0x043d3e13) x28 0x00000000
core   0: 0x80005d50 (0xb563c393) xori    t2, t2, -1194
core   0: 3 0x80005d50 (0xb563c393) x 7 0xfeffd7b6
core   0: 0x80005d54 (0x01435013) srli    zero, t1, 20
core   0: 3 0x80005d54 (0x01435013)
core   0: 0x80005d58 (0x46828693) addi    a3, t0, 1128
core   0: 3 0x80005d58 (0x46828693) x13 0x01003148
core   0: 0x80005d5c (0x29916b93) ori     s7, sp, 665
core   0: 3 0x80005d5c (0x29916b93) x23 0xc4346bbd
core   0: 0x80005d60 (0x022330b3) mulhu   ra, t1, sp
core   0: 3 0x80005d60 (0x022330b3) x 1 0x06441d7e
core   0: 0x80005d64 (0x7ede7713) andi    a4, t3, 2029
core   0: 3 0x80005d64 (0x7ede7713) x14 0x00000000
core   0: 0x80005d68 (0x257b3193) sltiu   gp, s6, 599
core   0: 3 0x80005d68 (0x257b3193) x 3 0x00000001
core   0: 0x80005d6c (0x03298bb3) mul     s7, s3, s2
core   0: 3 0x80005d6c (0x03298bb3) x23 0x8b2823c0
core   0: 0x80005d70 (0x035185b3) mul     a1, gp, s5
core   0: 3 0x80005d70 (0x035185b3) x11 0x0000000c
core   0: 0x80005d74 (0x73608317) auipc   t1, 0x73608
core   0: 3 0x80005d74 (0x73608317) x 6 0xf360dd74
core   0: 0x80005d78 (0x0148b7b3) sltu    a5, a7, s4
core   0: 3 0x80005d78 (0x0148b7b3) x15 0x00000000
core   0: 0x80005d7c (0x022b1533) mulh    a0, s6, sp
core   0: 3 0x80005d7c (0x022b1533) x10 0x00000000
core   0: 0x80005d80 (0xd5cb0213) addi    tp, s6, -676
core   0: 3 0x80005d80 (0xd5cb0213) x 4 0xfffffd5c
core   0: 0x80005d84 (0x40b1ddb3) sra     s11, gp, a1
core   0: 3 0x80005d84 (0x40b1ddb3) x27 0x00000000
core   0: 0x80005d88 (0x02105fb3) divu    t6, zero, ra
core   0: 3 0x80005d88 (0x02105fb3) x31 0x00000000
core   0: 0x80005d8c (0x009dc933) xor     s2, s11, s1
core   0: 3 0x80005d8c (0x009dc933) x18 0x80014e64
core   0: 0x80005d90 (0x00a8b033) sltu    zero, a7, a0
core   0: 3 0x80005d90 (0x00a8b033)
core   0: 0x80005d94 (0x00629993) slli    s3, t0, 6
core   0: 3 0x80005d94 (0x00629993) x19 0x400b3800
core   0: 0x80005d98 (0x03e545b3) div     a1, a0, t5
core   0: 3 0x80005d98 (0x03e545b3) x11 0x00000000
core   0: 0x80005d9c (0x02b16bb3) rem     s7, sp, a1
core   0: 3 0x80005d9c (0x02b16bb3) x23 0xc4346b3d
core   0: 0x80005da0 (0x41ae5c13) srai    s8, t3, 26
core   0: 3 0x80005da0 (0x41ae5c13) x24 0x00000000
core   0: 0x80005da4 (0x00682f33) slt     t5, a6, t1
core   0: 3 0x80005da4 (0x00682f33) x30 0x00000001
core   0: 0x80005da8 (0x00f05e13) srli    t3, zero, 15
core   0: 3 0x80005da8 (0x00f05e13) x28 0x00000000
core   0: 0x80005dac (0x03f1a733) mulhsu  a4, gp, t6
core   0: 3 0x80005dac (0x03f1a733) x14 0x00000000
core   0: 0x80005db0 (0x03d852b3) divu    t0, a6, t4
core   0: 3 0x80005db0 (0x03d852b3) x 5 0x80018ce4
core   0: 0x80005db4 (0x8a60f793) andi    a5, ra, -1882
core   0: 3 0x80005db4 (0x8a60f793) x15 0x06441826
core   0: 0x80005db8 (0x4aac4593) xori    a1, s8, 1194
core   0: 3 0x80005db8 (0x4aac4593) x11 0x000004aa
core   0: 0x80005dbc (0x0034c0b3) xor     ra, s1, gp
core   0: 3 0x80005dbc (0x0034c0b3) x 1 0x80014e65
core   0: 0x80005dc0 (0x0cb1b0b7) lui     ra, 0xcb1b
core   0: 3 0x80005dc0 (0x0cb1b0b7) x 1 0x0cb1b000
core   0: 0x80005dc4 (0x00000013) nop
core   0: 3 0x80005dc4 (0x00000013)
core   0: 0x80005dc8 (0x606b7293) andi    t0, s6, 1542
core   0: 3 0x80005dc8 (0x606b7293) x 5 0x00000000
core   0: 0x80005dcc (0x01776d33) or      s10, a4, s7
core   0: 3 0x80005dcc (0x01776d33) x26 0xc4346b3d
core   0: 0x80005dd0 (0x03402fb3) mulhsu  t6, zero, s4
core   0: 3 0x80005dd0 (0x03402fb3) x31 0x00000000
core   0: 0x80005dd4 (0x012a2233) slt     tp, s4, s2
core   0: 3 0x80005dd4 (0x012a2233) x 4 0x00000000
core   0: 0x80005dd8 (0x034bdfb3) divu    t6, s7, s4
core   0: 3 0x80005dd8 (0x034bdfb3) x31 0x00000001
core   0: 0x80005ddc (0x0118c937) lui     s2, 0x118c
core   0: 3 0x80005ddc (0x0118c937) x18 0x0118c000
core   0: 0x80005de0 (0x10f7b213) sltiu   tp, a5, 271
core   0: 3 0x80005de0 (0x10f7b213) x 4 0x00000000
core   0: 0x80005de4 (0x000020b3) slt     ra, zero, zero
core   0: 3 0x80005de4 (0x000020b3) x 1 0x00000000
core   0: 0x80005de8 (0x0165b533) sltu    a0, a1, s6
core   0: 3 0x80005de8 (0x0165b533) x10 0x00000000
core   0: 0x80005dec (0x01e0e2b3) or      t0, ra, t5
core   0: 3 0x80005dec (0x01e0e2b3) x 5 0x00000001
core   0: 0x80005df0 (0x1c46f313) andi    t1, a3, 452
core   0: 3 0x80005df0 (0x1c46f313) x 6 0x00000140
core   0: 0x80005df4 (0xba6055b7) lui     a1, 0xba605
core   0: 3 0x80005df4 (0xba6055b7) x11 0xba605000
core   0: 0x80005df8 (0x01545933) srl     s2, s0, s5
core   0: 3 0x80005df8 (0x01545933) x18 0x00000000
core   0: 0x80005dfc (0x00501fb3) sll     t6, zero, t0
core   0: 3 0x80005dfc (0x00501fb3) x31 0x00000000
core   0: 0x80005e00 (0x0392ac33) mulhsu  s8, t0, s9
core   0: 3 0x80005e00 (0x0392ac33) x24 0x00000000
core   0: 0x80005e04 (0x0032ce33) xor     t3, t0, gp
core   0: 3 0x80005e04 (0x0032ce33) x28 0x00000000
core   0: 0x80005e08 (0x02c83e13) sltiu   t3, a6, 44
core   0: 3 0x80005e08 (0x02c83e13) x28 0x00000000
core   0: 0x80005e0c (0x418ed713) srai    a4, t4, 24
core   0: 3 0x80005e0c (0x418ed713) x14 0x00000000
core   0: 0x80005e10 (0xab450b13) addi    s6, a0, -1356
core   0: 3 0x80005e10 (0xab450b13) x22 0xfffffab4
core   0: 0x80005e14 (0x0228eeb3) rem     t4, a7, sp
core   0: 3 0x80005e14 (0x0228eeb3) x29 0xcab58327
core   0: 0x80005e18 (0x02245bb3) divu    s7, s0, sp
core   0: 3 0x80005e18 (0x02245bb3) x23 0x00000000
core   0: 0x80005e1c (0x00b1cab3) xor     s5, gp, a1
core   0: 3 0x80005e1c (0x00b1cab3) x21 0xba605001
core   0: 0x80005e20 (0x03782eb3) mulhsu  t4, a6, s7
core   0: 3 0x80005e20 (0x03782eb3) x29 0x00000000
core   0: 0x80005e24 (0x00315b13) srli    s6, sp, 3
core   0: 3 0x80005e24 (0x00315b13) x22 0x18868d67
core   0: 0x80005e28 (0x032131b3) mulhu   gp, sp, s2
core   0: 3 0x80005e28 (0x032131b3) x 3 0x00000000
core   0: 0x80005e2c (0x40f6d313) srai    t1, a3, 15
core   0: 3 0x80005e2c (0x40f6d313) x 6 0x00000200
core   0: 0x80005e30 (0x0c496d13) ori     s10, s2, 196
core   0: 3 0x80005e30 (0x0c496d13) x26 0x000000c4
core   0: 0x80005e34 (0x404ede33) sra     t3, t4, tp
core   0: 3 0x80005e34 (0x404ede33) x28 0x00000000
core   0: 0x80005e38 (0x02c7ff33) remu    t5, a5, a2
core   0: 3 0x80005e38 (0x02c7ff33) x30 0x06441826
core   0: 0x80005e3c (0x034e81b3) mul     gp, t4, s4
core   0: 3 0x80005e3c (0x034e81b3) x 3 0x00000000
core   0: 0x80005e40 (0x0145c333) xor     t1, a1, s4
core   0: 3 0x80005e40 (0x0145c333) x 6 0x00b8ec85
core   0: 0x80005e44 (0x034b77b3) remu    a5, s6, s4
core   0: 3 0x80005e44 (0x034b77b3) x15 0x18868d67
core   0: 0x80005e48 (0x41508bb3) sub     s7, ra, s5
core   0: 3 0x80005e48 (0x41508bb3) x23 0x459fafff
core   0: 0x80005e4c (0x03f84fb3) div     t6, a6, t6
core   0: 3 0x80005e4c (0x03f84fb3) x31 0xffffffff
core   0: 0x80005e50 (0x4040db13) srai    s6, ra, 4
core   0: 3 0x80005e50 (0x4040db13) x22 0x00000000
core   0: 0x80005e54 (0x9d96a293) slti    t0, a3, -1575
core   0: 3 0x80005e54 (0x9d96a293) x 5 0x00000000
core   0: 0x80005e58 (0x419b8133) sub     sp, s7, s9
core   0: 3 0x80005e58 (0x419b8133) x 2 0x9a733fff
core   0: 0x80005e5c (0x038c6ab3) rem     s5, s8, s8
core   0: 3 0x80005e5c (0x038c6ab3) x21 0x00000000
core   0: 0x80005e60 (0x0cf3ce93) xori    t4, t2, 207
core   0: 3 0x80005e60 (0x0cf3ce93) x29 0xfeffd779
core   0: 0x80005e64 (0x67a93a93) sltiu   s5, s2, 1658
core   0: 3 0x80005e64 (0x67a93a93) x21 0x00000001
core   0: 0x80005e68 (0x039268b3) rem     a7, tp, s9
core   0: 3 0x80005e68 (0x039268b3) x17 0x00000000
core   0: 0x80005e6c (0x90fcb693) sltiu   a3, s9, -1777
core   0: 3 0x80005e6c (0x90fcb693) x13 0x00000001
core   0: 0x80005e70 (0x0281eb33) rem     s6, gp, s0
core   0: 3 0x80005e70 (0x0281eb33) x22 0x00000000
core   0: 0x80005e74 (0x014f5933) srl     s2, t5, s4
core   0: 3 0x80005e74 (0x014f5933) x18 0x003220c1
core   0: 0x80005e78 (0x5f054b13) xori    s6, a0, 1520
core   0: 3 0x80005e78 (0x5f054b13) x22 0x000005f0
core   0: 0x80005e7c (0x00000013) nop
core   0: 3 0x80005e7c (0x00000013)
core   0: 0x80005e80 (0x03176933) rem     s2, a4, a7
core   0: 3 0x80005e80 (0x03176933) x18 0x00000000
core   0: 0x80005e84 (0x00dd4033) xor     zero, s10, a3
core   0: 3 0x80005e84 (0x00dd4033)
core   0: 0x80005e88 (0x03112cb3) mulhsu  s9, sp, a7
core   0: 3 0x80005e88 (0x03112cb3) x25 0x00000000
core   0: 0x80005e8c (0xf4dd8993) addi    s3, s11, -179
core   0: 3 0x80005e8c (0xf4dd8993) x19 0xffffff4d
core   0: 0x80005e90 (0x00000013) nop
core   0: 3 0x80005e90 (0x00000013)
core   0: 0x80005e94 (0x03909333) mulh    t1, ra, s9
core   0: 3 0x80005e94 (0x03909333) x 6 0x00000000
core   0: 0x80005e98 (0x02a101b3) mul     gp, sp, a0
core   0: 3 0x80005e98 (0x02a101b3) x 3 0x00000000
core   0: 0x80005e9c (0xaeda10b7) lui     ra, 0xaeda1
core   0: 3 0x80005e9c (0xaeda10b7) x 1 0xaeda1000
core   0: 0x80005ea0 (0xc8ceff97) auipc   t6, 0xc8cef
core   0: 3 0x80005ea0 (0xc8ceff97) x31 0x48cf4ea0
core   0: 0x80005ea4 (0xb3e4a213) slti    tp, s1, -1218
core   0: 3 0x80005ea4 (0xb3e4a213) x 4 0x00000001
core   0: 0x80005ea8 (0xf3da17b7) lui     a5, 0xf3da1
core   0: 3 0x80005ea8 (0xf3da17b7) x15 0xf3da1000
core   0: 0x80005eac (0x017bd013) srli    zero, s7, 23
core   0: 3 0x80005eac (0x017bd013)
core   0: 0x80005eb0 (0x00a02033) slt     zero, zero, a0
core   0: 3 0x80005eb0 (0x00a02033)
core   0: 0x80005eb4 (0x018c50b3) srl     ra, s8, s8
core   0: 3 0x80005eb4 (0x018c50b3) x 1 0x00000000
core   0: 0x80005eb8 (0x36f2ff93) andi    t6, t0, 879
core   0: 3 0x80005eb8 (0x36f2ff93) x31 0x00000000
core   0: 0x80005ebc (0x403380b3) sub     ra, t2, gp
core   0: 3 0x80005ebc (0x403380b3) x 1 0xfeffd7b6
core   0: 0x80005ec0 (0x015608b3) add     a7, a2, s5
core   0: 3 0x80005ec0 (0x015608b3) x17 0x3bcb9401
core   0: 0x80005ec4 (0x01c41093) slli    ra, s0, 28
core   0: 3 0x80005ec4 (0x01c41093) x 1 0x00000000
core   0: 0x80005ec8 (0x02081133) mulh    sp, a6, zero
core   0: 3 0x80005ec8 (0x02081133) x 2 0x00000000
core   0: 0x80005ecc (0x02cb8533) mul     a0, s7, a2
core   0: 3 0x80005ecc (0x02cb8533) x10 0xa5f46c00
core   0: 0x80005ed0 (0x015b7c33) and     s8, s6, s5
core   0: 3 0x80005ed0 (0x015b7c33) x24 0x00000000
core   0: 0x80005ed4 (0x01048ab3) add     s5, s1, a6
core   0: 3 0x80005ed4 (0x01048ab3) x21 0x0002db48
core   0: 0x80005ed8 (0x0138cb33) xor     s6, a7, s3
core   0: 3 0x80005ed8 (0x0138cb33) x22 0xc4346b4c
core   0: 0x80005edc (0xb94b8213) addi    tp, s7, -1132
core   0: 3 0x80005edc (0xb94b8213) x 4 0x459fab93
core   0: 0x80005ee0 (0x001bd633) srl     a2, s7, ra
core   0: 3 0x80005ee0 (0x001bd633) x12 0x459fafff
core   0: 0x80005ee4 (0x02f063b3) rem     t2, zero, a5
core   0: 3 0x80005ee4 (0x02f063b3) x 7 0x00000000
core   0: 0x80005ee8 (0x0179b5b3) sltu    a1, s3, s7
core   0: 3 0x80005ee8 (0x0179b5b3) x11 0x00000000
core   0: 0x80005eec (0x008e8933) add     s2, t4, s0
core   0: 3 0x80005eec (0x008e8933) x18 0xfeffd779
core   0: 0x80005ef0 (0x00a1d533) srl     a0, gp, a0
core   0: 3 0x80005ef0 (0x00a1d533) x10 0x00000000
core   0: 0x80005ef4 (0x7d5e7e97) auipc   t4, 0x7d5e7
core   0: 3 0x80005ef4 (0x7d5e7e97) x29 0xfd5ecef4
core   0: 0x80005ef8 (0x84dc27b7) lui     a5, 0x84dc2
core   0: 3 0x80005ef8 (0x84dc27b7) x15 0x84dc2000
core   0: 0x80005efc (0x02fe1eb3) mulh    t4, t3, a5
core   0: 3 0x80005efc (0x02fe1eb3) x29 0x00000000
core   0: 0x80005f00 (0x033cd2b3) divu    t0, s9, s3
core   0: 3 0x80005f00 (0x033cd2b3) x 5 0x00000000
core   0: 0x80005f04 (0x3b8f7c93) andi    s9, t5, 952
core   0: 3 0x80005f04 (0x3b8f7c93) x25 0x00000020
core   0: 0x80005f08 (0x0044d9b3) srl     s3, s1, tp
core   0: 3 0x80005f08 (0x0044d9b3) x19 0x00001000
core   0: 0x80005f0c (0xed1b4037) lui     zero, 0xed1b4
core   0: 3 0x80005f0c (0xed1b4037)
core   0: 0x80005f10 (0xb58ae693) ori     a3, s5, -1192
core   0: 3 0x80005f10 (0xb58ae693) x13 0xfffffb58
core   0: 0x80005f14 (0x00000013) nop
core   0: 3 0x80005f14 (0x00000013)
core   0: 0x80005f18 (0x026fe6b3) rem     a3, t6, t1
core   0: 3 0x80005f18 (0x026fe6b3) x13 0x00000000
core   0: 0x80005f1c (0xe025ae13) slti    t3, a1, -510
core   0: 3 0x80005f1c (0xe025ae13) x28 0x00000000
core   0: 0x80005f20 (0x02d7e0b3) rem     ra, a5, a3
core   0: 3 0x80005f20 (0x02d7e0b3) x 1 0x84dc2000
core   0: 0x80005f24 (0x45a87b13) andi    s6, a6, 1114
core   0: 3 0x80005f24 (0x45a87b13) x22 0x00000440
core   0: 0x80005f28 (0xad185797) auipc   a5, 0xad185
core   0: 3 0x80005f28 (0xad185797) x15 0x2d18af28
core   0: 0x80005f2c (0x02e3f8b3) remu    a7, t2, a4
core   0: 3 0x80005f2c (0x02e3f8b3) x17 0x00000000
core   0: 0x80005f30 (0x1ef0eb93) ori     s7, ra, 495
core   0: 3 0x80005f30 (0x1ef0eb93) x23 0x84dc21ef
core   0: 0x80005f34 (0xaa97cc97) auipc   s9, 0xaa97c
core   0: 3 0x80005f34 (0xaa97cc97) x25 0x2a981f34
core   0: 0x80005f38 (0x414ad293) srai    t0, s5, 20
core   0: 3 0x80005f38 (0x414ad293) x 5 0x00000000
core   0: 0x80005f3c (0x032d58b3) divu    a7, s10, s2
core   0: 3 0x80005f3c (0x032d58b3) x17 0x00000000
core   0: 0x80005f40 (0xe281f393) andi    t2, gp, -472
core   0: 3 0x80005f40 (0xe281f393) x 7 0x00000000
core   0: 0x80005f44 (0x036df8b3) remu    a7, s11, s6
core   0: 3 0x80005f44 (0x036df8b3) x17 0x00000000
core   0: 0x80005f48 (0x0089a633) slt     a2, s3, s0
core   0: 3 0x80005f48 (0x0089a633) x12 0x00000000
core   0: 0x80005f4c (0x41ce56b3) sra     a3, t3, t3
core   0: 3 0x80005f4c (0x41ce56b3) x13 0x00000000
core   0: 0x80005f50 (0xfc7fb593) sltiu   a1, t6, -57
core   0: 3 0x80005f50 (0xfc7fb593) x11 0x00000001
core   0: 0x80005f54 (0xa338be13) sltiu   t3, a7, -1485
core   0: 3 0x80005f54 (0xa338be13) x28 0x00000001
core   0: 0x80005f58 (0xc610fbb7) lui     s7, 0xc610f
core   0: 3 0x80005f58 (0xc610fbb7) x23 0xc610f000
core   0: 0x80005f5c (0x40528233) sub     tp, t0, t0
core   0: 3 0x80005f5c (0x40528233) x 4 0x00000000
core   0: 0x80005f60 (0x01684033) xor     zero, a6, s6
core   0: 3 0x80005f60 (0x01684033)
core   0: 0x80005f64 (0xba040193) addi    gp, s0, -1120
core   0: 3 0x80005f64 (0xba040193) x 3 0xfffffba0
core   0: 0x80005f68 (0x02776233) rem     tp, a4, t2
core   0: 3 0x80005f68 (0x02776233) x 4 0x00000000
core   0: 0x80005f6c (0x00000013) nop
core   0: 3 0x80005f6c (0x00000013)
core   0: 0x80005f70 (0x7b2b6a93) ori     s5, s6, 1970
core   0: 3 0x80005f70 (0x7b2b6a93) x21 0x000007f2
core   0: 0x80005f74 (0x00789633) sll     a2, a7, t2
core   0: 3 0x80005f74 (0x00789633) x12 0x00000000
core   0: 0x80005f78 (0x00044eb3) xor     t4, s0, zero
core   0: 3 0x80005f78 (0x00044eb3) x29 0x00000000
core   0: 0x80005f7c (0x032d5fb3) divu    t6, s10, s2
core   0: 3 0x80005f7c (0x032d5fb3) x31 0x00000000
core   0: 0x80005f80 (0x01d436b3) sltu    a3, s0, t4
core   0: 3 0x80005f80 (0x01d436b3) x13 0x00000000
core   0: 0x80005f84 (0x01e15213) srli    tp, sp, 30
core   0: 3 0x80005f84 (0x01e15213) x 4 0x00000000
core   0: 0x80005f88 (0x03fcadb3) mulhsu  s11, s9, t6
core   0: 3 0x80005f88 (0x03fcadb3) x27 0x00000000
core   0: 0x80005f8c (0x00059ab3) sll     s5, a1, zero
core   0: 3 0x80005f8c (0x00059ab3) x21 0x00000001
core   0: 0x80005f90 (0x03e95e33) divu    t3, s2, t5
core   0: 3 0x80005f90 (0x03e95e33) x28 0x00000028
core   0: 0x80005f94 (0x4976c297) auipc   t0, 0x4976c
core   0: 3 0x80005f94 (0x4976c297) x 5 0xc9771f94
core   0: 0x80005f98 (0x02237533) remu    a0, t1, sp
core   0: 3 0x80005f98 (0x02237533) x10 0x00000000
core   0: 0x80005f9c (0x0309bab3) mulhu   s5, s3, a6
core   0: 3 0x80005f9c (0x0309bab3) x21 0x00000800
core   0: 0x80005fa0 (0x01834633) xor     a2, t1, s8
core   0: 3 0x80005fa0 (0x01834633) x12 0x00000000
core   0: 0x80005fa4 (0x63be0313) addi    t1, t3, 1595
core   0: 3 0x80005fa4 (0x63be0313) x 6 0x00000663
core   0: 0x80005fa8 (0x019e3033) sltu    zero, t3, s9
core   0: 3 0x80005fa8 (0x019e3033)
core   0: 0x80005fac (0x00cdde93) srli    t4, s11, 12
core   0: 3 0x80005fac (0x00cdde93) x29 0x00000000
core   0: 0x80005fb0 (0xcfa13513) sltiu   a0, sp, -774
core   0: 3 0x80005fb0 (0xcfa13513) x10 0x00000001
core   0: 0x80005fb4 (0xf41a4713) xori    a4, s4, -191
core   0: 3 0x80005fb4 (0xf41a4713) x14 0x452743c4
core   0: 0x80005fb8 (0x004d57b3) srl     a5, s10, tp
core   0: 3 0x80005fb8 (0x004d57b3) x15 0x000000c4
core   0: 0x80005fbc (0x47933137) lui     sp, 0x47933
core   0: 3 0x80005fbc (0x47933137) x 2 0x47933000
core   0: 0x80005fc0 (0xacf2f213) andi    tp, t0, -1329
core   0: 3 0x80005fc0 (0xacf2f213) x 4 0xc9771a84
core   0: 0x80005fc4 (0x02e8db33) divu    s6, a7, a4
core   0: 3 0x80005fc4 (0x02e8db33) x22 0x00000000
core   0: 0x80005fc8 (0x02394ab3) div     s5, s2, gp
core   0: 3 0x80005fc8 (0x02394ab3) x21 0x00003a8c
core   0: 0x80005fcc (0x00cc1cb3) sll     s9, s8, a2
core   0: 3 0x80005fcc (0x00cc1cb3) x25 0x00000000
core   0: 0x80005fd0 (0x1ba92697) auipc   a3, 0x1ba92
core   0: 3 0x80005fd0 (0x1ba92697) x13 0x9ba97fd0
core   0: 0x80005fd4 (0x6f35c217) auipc   tp, 0x6f35c
core   0: 3 0x80005fd4 (0x6f35c217) x 4 0xef361fd4
core   0: 0x80005fd8 (0x004ae933) or      s2, s5, tp
core   0: 3 0x80005fd8 (0x004ae933) x18 0xef363fdc
core   0: 0x80005fdc (0x031b5933) divu    s2, s6, a7
core   0: 3 0x80005fdc (0x031b5933) x18 0xffffffff
core   0: 0x80005fe0 (0x00485bb3) srl     s7, a6, tp
core   0: 3 0x80005fe0 (0x00485bb3) x23 0x00000800
core   0: 0x80005fe4 (0x02190033) mul     zero, s2, ra
core   0: 3 0x80005fe4 (0x02190033)
core   0: 0x80005fe8 (0x00e9d2b3) srl     t0, s3, a4
core   0: 3 0x80005fe8 (0x00e9d2b3) x 5 0x00000100
core   0: 0x80005fec (0x02decd33) div     s10, t4, a3
core   0: 3 0x80005fec (0x02decd33) x26 0x00000000
core   0: 0x80005ff0 (0x413f57b3) sra     a5, t5, s3
core   0: 3 0x80005ff0 (0x413f57b3) x15 0x06441826
core   0: 0x80005ff4 (0x01281e93) slli    t4, a6, 18
core   0: 3 0x80005ff4 (0x01281e93) x29 0x33900000
core   0: 0x80005ff8 (0x017d26b3) slt     a3, s10, s7
core   0: 3 0x80005ff8 (0x017d26b3) x13 0x00000001
core   0: 0x80005ffc (0x01c40c33) add     s8, s0, t3
core   0: 3 0x80005ffc (0x01c40c33) x24 0x00000028
core   0: 0x80006000 (0x01b7b133) sltu    sp, a5, s11
core   0: 3 0x80006000 (0x01b7b133) x 2 0x00000000
core   0: 0x80006004 (0x013d6b33) or      s6, s10, s3
core   0: 3 0x80006004 (0x013d6b33) x22 0x00001000
core   0: 0x80006008 (0x01b46733) or      a4, s0, s11
core   0: 3 0x80006008 (0x01b46733) x14 0x00000000
core   0: 0x8000600c (0x0a9cc393) xori    t2, s9, 169
core   0: 3 0x8000600c (0x0a9cc393) x 7 0x000000a9
core   0: 0x80006010 (0xce170fb7) lui     t6, 0xce170
core   0: 3 0x80006010 (0xce170fb7) x31 0xce170000
core   0: 0x80006014 (0x01deafb3) slt     t6, t4, t4
core   0: 3 0x80006014 (0x01deafb3) x31 0x00000000
core   0: 0x80006018 (0x010f9093) slli    ra, t6, 16
core   0: 3 0x80006018 (0x010f9093) x 1 0x00000000
core   0: 0x8000601c (0x03628433) mul     s0, t0, s6
core   0: 3 0x8000601c (0x03628433) x 8 0x00100000
core   0: 0x80006020 (0x013f1233) sll     tp, t5, s3
core   0: 3 0x80006020 (0x013f1233) x 4 0x06441826
core   0: 0x80006024 (0x03c828b3) mulhsu  a7, a6, t3
core   0: 3 0x80006024 (0x03c828b3) x17 0xffffffec
core   0: 0x80006028 (0xcbd1bc13) sltiu   s8, gp, -835
core   0: 3 0x80006028 (0xcbd1bc13) x24 0x00000001
core   0: 0x8000602c (0x1f9c5417) auipc   s0, 0x1f9c5
core   0: 3 0x8000602c (0x1f9c5417) x 8 0x9f9cb02c
core   0: 0x80006030 (0x01a64d33) xor     s10, a2, s10
core   0: 3 0x80006030 (0x01a64d33) x26 0x00000000
core   0: 0x80006034 (0x41625533) sra     a0, tp, s6
core   0: 3 0x80006034 (0x41625533) x10 0x06441826
core   0: 0x80006038 (0x01809c93) slli    s9, ra, 24
core   0: 3 0x80006038 (0x01809c93) x25 0x00000000
core   0: 0x8000603c (0xd9b3c593) xori    a1, t2, -613
core   0: 3 0x8000603c (0xd9b3c593) x11 0xfffffd32
core   0: 0x80006040 (0x03902633) mulhsu  a2, zero, s9
core   0: 3 0x80006040 (0x03902633) x12 0x00000000
core   0: 0x80006044 (0x7bcf4093) xori    ra, t5, 1980
core   0: 3 0x80006044 (0x7bcf4093) x 1 0x06441f9a
core   0: 0x80006048 (0x4a0f6413) ori     s0, t5, 1184
core   0: 3 0x80006048 (0x4a0f6413) x 8 0x06441ca6
core   0: 0x8000604c (0x01964bb3) xor     s7, a2, s9
core   0: 3 0x8000604c (0x01964bb3) x23 0x00000000
core   0: 0x80006050 (0x00ae4333) xor     t1, t3, a0
core   0: 3 0x80006050 (0x00ae4333) x 6 0x0644180e
core   0: 0x80006054 (0x00f09a93) slli    s5, ra, 15
core   0: 3 0x80006054 (0x00f09a93) x21 0x0fcd0000
core   0: 0x80006058 (0x00eba793) slti    a5, s7, 14
core   0: 3 0x80006058 (0x00eba793) x15 0x00000001
core   0: 0x8000605c (0x028d8eb3) mul     t4, s11, s0
core   0: 3 0x8000605c (0x028d8eb3) x29 0x00000000
core   0: 0x80006060 (0x00ccacb3) slt     s9, s9, a2
core   0: 3 0x80006060 (0x00ccacb3) x25 0x00000000
core   0: 0x80006064 (0x97aebc93) sltiu   s9, t4, -1670
core   0: 3 0x80006064 (0x97aebc93) x25 0x00000001
core   0: 0x80006068 (0x035f4933) div     s2, t5, s5
core   0: 3 0x80006068 (0x035f4933) x18 0x00000000
core   0: 0x8000606c (0x01b25113) srli    sp, tp, 27
core   0: 3 0x8000606c (0x01b25113) x 2 0x00000000
core   0: 0x80006070 (0x02db7333) remu    t1, s6, a3
core   0: 3 0x80006070 (0x02db7333) x 6 0x00000000
core   0: 0x80006074 (0xe8a6c213) xori    tp, a3, -374
core   0: 3 0x80006074 (0xe8a6c213) x 4 0xfffffe8b
core   0: 0x80006078 (0x66137b13) andi    s6, t1, 1633
core   0: 3 0x80006078 (0x66137b13) x22 0x00000000
core   0: 0x8000607c (0x007400b3) add     ra, s0, t2
core   0: 3 0x8000607c (0x007400b3) x 1 0x06441d4f
core   0: 0x80006080 (0xa0890b93) addi    s7, s2, -1528
core   0: 3 0x80006080 (0xa0890b93) x23 0xfffffa08
core   0: 0x80006084 (0x41485c13) srai    s8, a6, 20
core   0: 3 0x80006084 (0x41485c13) x24 0xfffff800
core   0: 0x80006088 (0xe0295937) lui     s2, 0xe0295
core   0: 3 0x80006088 (0xe0295937) x18 0xe0295000
core   0: 0x8000608c (0x0097a2b3) slt     t0, a5, s1
core   0: 3 0x8000608c (0x0097a2b3) x 5 0x00000000
core   0: 0x80006090 (0xea244d93) xori    s11, s0, -350
core   0: 3 0x80006090 (0xea244d93) x27 0xf9bbe204
core   0: 0x80006094 (0x03369733) mulh    a4, a3, s3
core   0: 3 0x80006094 (0x03369733) x14 0x00000000
core   0: 0x80006098 (0x40d6d8b3) sra     a7, a3, a3
core   0: 3 0x80006098 (0x40d6d8b3) x17 0x00000000
core   0: 0x8000609c (0x036e72b3) remu    t0, t3, s6
core   0: 3 0x8000609c (0x036e72b3) x 5 0x00000028
core   0: 0x800060a0 (0x4034deb3) sra     t4, s1, gp
core   0: 3 0x800060a0 (0x4034deb3) x29 0x80014e64
core   0: 0x800060a4 (0x03722f33) mulhsu  t5, tp, s7
core   0: 3 0x800060a4 (0x03722f33) x30 0xfffffe8b
core   0: 0x800060a8 (0x70912c13) slti    s8, sp, 1801
core   0: 3 0x800060a8 (0x70912c13) x24 0x00000001
core   0: 0x800060ac (0x418a01b3) sub     gp, s4, s8
core   0: 3 0x800060ac (0x418a01b3) x 3 0xbad8bc84
core   0: 0x800060b0 (0x00bae733) or      a4, s5, a1
core   0: 3 0x800060b0 (0x00bae733) x14 0xfffffd32
core   0: 0x800060b4 (0x010d1513) slli    a0, s10, 16
core   0: 3 0x800060b4 (0x010d1513) x10 0x00000000
core   0: 0x800060b8 (0x412a56b3) sra     a3, s4, s2
core   0: 3 0x800060b8 (0x412a56b3) x13 0xbad8bc85
core   0: 0x800060bc (0x024087b3) mul     a5, ra, tp
core   0: 3 0x800060bc (0x024087b3) x15 0xdec14be5
core   0: 0x800060c0 (0x01827933) and     s2, tp, s8
core   0: 3 0x800060c0 (0x01827933) x18 0x00000001
core   0: 0x800060c4 (0x0305b8b3) mulhu   a7, a1, a6
core   0: 3 0x800060c4 (0x0305b8b3) x17 0x80018b7c
core   0: 0x800060c8 (0x021958b3) divu    a7, s2, ra
core   0: 3 0x800060c8 (0x021958b3) x17 0x00000000
core   0: 0x800060cc (0x0bbbab17) auipc   s6, 0xbbba
core   0: 3 0x800060cc (0x0bbbab17) x22 0x8bbc00cc
core   0: 0x800060d0 (0x740c6237) lui     tp, 0x740c6
core   0: 3 0x800060d0 (0x740c6237) x 4 0x740c6000
core   0: 0x800060d4 (0x0162bfb3) sltu    t6, t0, s6
core   0: 3 0x800060d4 (0x0162bfb3) x31 0x00000001
core   0: 0x800060d8 (0x0250de33) divu    t3, ra, t0
core   0: 3 0x800060d8 (0x0250de33) x28 0x00281a55
core   0: 0x800060dc (0x0020abb3) slt     s7, ra, sp
core   0: 3 0x800060dc (0x0020abb3) x23 0x00000000
core   0: 0x800060e0 (0x006c30b3) sltu    ra, s8, t1
core   0: 3 0x800060e0 (0x006c30b3) x 1 0x00000000
core   0: 0x800060e4 (0x00076e33) or      t3, a4, zero
core   0: 3 0x800060e4 (0x00076e33) x28 0xfffffd32
core   0: 0x800060e8 (0x0097afb3) slt     t6, a5, s1
core   0: 3 0x800060e8 (0x0097afb3) x31 0x00000000
core   0: 0x800060ec (0x01f7d033) srl     zero, a5, t6
core   0: 3 0x800060ec (0x01f7d033)
core   0: 0x800060f0 (0x0375ecb3) rem     s9, a1, s7
core   0: 3 0x800060f0 (0x0375ecb3) x25 0xfffffd32
core   0: 0x800060f4 (0x00000013) nop
core   0: 3 0x800060f4 (0x00000013)
core   0: 0x800060f8 (0x4093cb93) xori    s7, t2, 1033
core   0: 3 0x800060f8 (0x4093cb93) x23 0x000004a0
core   0: 0x800060fc (0x029d1e33) mulh    t3, s10, s1
core   0: 3 0x800060fc (0x029d1e33) x28 0x00000000
core   0: 0x80006100 (0x41020733) sub     a4, tp, a6
core   0: 3 0x80006100 (0x41020733) x14 0xf40ad31c
core   0: 0x80006104 (0x03c34ab3) div     s5, t1, t3
core   0: 3 0x80006104 (0x03c34ab3) x21 0xffffffff
core   0: 0x80006108 (0x03cb0eb3) mul     t4, s6, t3
core   0: 3 0x80006108 (0x03cb0eb3) x29 0x00000000
core   0: 0x8000610c (0x03869133) mulh    sp, a3, s8
core   0: 3 0x8000610c (0x03869133) x 2 0xffffffff
core   0: 0x80006110 (0x0011f5b3) and     a1, gp, ra
core   0: 3 0x80006110 (0x0011f5b3) x11 0x00000000
core   0: 0x80006114 (0x01ad4d33) xor     s10, s10, s10
core   0: 3 0x80006114 (0x01ad4d33) x26 0x00000000
core   0: 0x80006118 (0x02494733) div     a4, s2, tp
core   0: 3 0x80006118 (0x02494733) x14 0x00000000
core   0: 0x8000611c (0x4a87a513) slti    a0, a5, 1192
core   0: 3 0x8000611c (0x4a87a513) x10 0x00000001
core   0: 0x80006120 (0x03c828b3) mulhsu  a7, a6, t3
core   0: 3 0x80006120 (0x03c828b3) x17 0x00000000
core   0: 0x80006124 (0x11c02313) slti    t1, zero, 284
core   0: 3 0x80006124 (0x11c02313) x 6 0x00000001
core   0: 0x80006128 (0x784c3913) sltiu   s2, s8, 1924
core   0: 3 0x80006128 (0x784c3913) x18 0x00000001
core   0: 0x8000612c (0x413ad3b3) sra     t2, s5, s3
core   0: 3 0x8000612c (0x413ad3b3) x 7 0xffffffff
core   0: 0x80006130 (0x00295c13) srli    s8, s2, 2
core   0: 3 0x80006130 (0x00295c13) x24 0x00000000
core   0: 0x80006134 (0x0177df93) srli    t6, a5, 23
core   0: 3 0x80006134 (0x0177df93) x31 0x000001bd
core   0: 0x80006138 (0x60966513) ori     a0, a2, 1545
core   0: 3 0x80006138 (0x60966513) x10 0x00000609
core   0: 0x8000613c (0x001950b3) srl     ra, s2, ra
core   0: 3 0x8000613c (0x001950b3) x 1 0x00000001
core   0: 0x80006140 (0x89dd5eb7) lui     t4, 0x89dd5
core   0: 3 0x80006140 (0x89dd5eb7) x29 0x89dd5000
core   0: 0x80006144 (0x02c6a7b3) mulhsu  a5, a3, a2
core   0: 3 0x80006144 (0x02c6a7b3) x15 0x00000000
core   0: 0x80006148 (0x4134d913) srai    s2, s1, 19
core   0: 3 0x80006148 (0x4134d913) x18 0xfffff000
core   0: 0x8000614c (0x0068b9b3) sltu    s3, a7, t1
core   0: 3 0x8000614c (0x0068b9b3) x19 0x00000001
core   0: 0x80006150 (0x008f53b3) srl     t2, t5, s0
core   0: 3 0x80006150 (0x008f53b3) x 7 0x03fffffa
core   0: 0x80006154 (0x4969b013) sltiu   zero, s3, 1174
core   0: 3 0x80006154 (0x4969b013)
core   0: 0x80006158 (0x01b51ab3) sll     s5, a0, s11
core   0: 3 0x80006158 (0x01b51ab3) x21 0x00006090
core   0: 0x8000615c (0x00c133b3) sltu    t2, sp, a2
core   0: 3 0x8000615c (0x00c133b3) x 7 0x00000000
core   0: 0x80006160 (0x01ab9eb3) sll     t4, s7, s10
core   0: 3 0x80006160 (0x01ab9eb3) x29 0x000004a0
core   0: 0x80006164 (0x031e6bb3) rem     s7, t3, a7
core   0: 3 0x80006164 (0x031e6bb3) x23 0x00000000
core   0: 0x80006168 (0x5afef613) andi    a2, t4, 1455
core   0: 3 0x80006168 (0x5afef613) x12 0x000004a0
core   0: 0x8000616c (0x005620b3) slt     ra, a2, t0
core   0: 3 0x8000616c (0x005620b3) x 1 0x00000000
core   0: 0x80006170 (0x0171b933) sltu    s2, gp, s7
core   0: 3 0x80006170 (0x0171b933) x18 0x00000000
core   0: 0x80006174 (0x01209693) slli    a3, ra, 18
core   0: 3 0x80006174 (0x01209693) x13 0x00000000
core   0: 0x80006178 (0xf422f993) andi    s3, t0, -190
core   0: 3 0x80006178 (0xf422f993) x19 0x00000000
core   0: 0x8000617c (0xf7a94313) xori    t1, s2, -134
core   0: 3 0x8000617c (0xf7a94313) x 6 0xffffff7a
core   0: 0x80006180 (0x001117b3) sll     a5, sp, ra
core   0: 3 0x80006180 (0x001117b3) x15 0xffffffff
core   0: 0x80006184 (0x00a56f33) or      t5, a0, a0
core   0: 3 0x80006184 (0x00a56f33) x30 0x00000609
core   0: 0x80006188 (0x0dc23193) sltiu   gp, tp, 220
core   0: 3 0x80006188 (0x0dc23193) x 3 0x00000000
core   0: 0x8000618c (0x41495893) srai    a7, s2, 20
core   0: 3 0x8000618c (0x41495893) x17 0x00000000
core   0: 0x80006190 (0x02642b33) mulhsu  s6, s0, t1
core   0: 3 0x80006190 (0x02642b33) x22 0x06441ca2
core   0: 0x80006194 (0x00bf29b3) slt     s3, t5, a1
core   0: 3 0x80006194 (0x00bf29b3) x19 0x00000000
core   0: 0x80006198 (0x027e62b3) rem     t0, t3, t2
core   0: 3 0x80006198 (0x027e62b3) x 5 0x00000000
core   0: 0x8000619c (0x02584733) div     a4, a6, t0
core   0: 3 0x8000619c (0x02584733) x14 0xffffffff
core   0: 0x800061a0 (0x016246b3) xor     a3, tp, s6
core   0: 3 0x800061a0 (0x016246b3) x13 0x72487ca2
core   0: 0x800061a4 (0x03c52e33) mulhsu  t3, a0, t3
core   0: 3 0x800061a4 (0x03c52e33) x28 0x00000000
core   0: 0x800061a8 (0x5b92f797) auipc   a5, 0x5b92f
core   0: 3 0x800061a8 (0x5b92f797) x15 0xdb9351a8
core   0: 0x800061ac (0x1efb4193) xori    gp, s6, 495
core   0: 3 0x800061ac (0x1efb4193) x 3 0x06441d4d
core   0: 0x800061b0 (0xf10a6e13) ori     t3, s4, -240
core   0: 3 0x800061b0 (0xf10a6e13) x28 0xffffff95
core   0: 0x800061b4 (0x038d6933) rem     s2, s10, s8
core   0: 3 0x800061b4 (0x038d6933) x18 0x00000000
core   0: 0x800061b8 (0x4165de13) srai    t3, a1, 22
core   0: 3 0x800061b8 (0x4165de13) x28 0x00000000
core   0: 0x800061bc (0x03227c33) remu    s8, tp, s2
core   0: 3 0x800061bc (0x03227c33) x24 0x740c6000
core   0: 0x800061c0 (0x039ceb33) rem     s6, s9, s9
core   0: 3 0x800061c0 (0x039ceb33) x22 0x00000000
core   0: 0x800061c4 (0x01a3fcb3) and     s9, t2, s10
core   0: 3 0x800061c4 (0x01a3fcb3) x25 0x00000000
core   0: 0x800061c8 (0x012ce633) or      a2, s9, s2
core   0: 3 0x800061c8 (0x012ce633) x12 0x00000000
core   0: 0x800061cc (0x0086feb3) and     t4, a3, s0
core   0: 3 0x800061cc (0x0086feb3) x29 0x02401ca2
core   0: 0x800061d0 (0x01d69713) slli    a4, a3, 29
core   0: 3 0x800061d0 (0x01d69713) x14 0x40000000
core   0: 0x800061d4 (0x0249dc33) divu    s8, s3, tp
core   0: 3 0x800061d4 (0x0249dc33) x24 0x00000000
core   0: 0x800061d8 (0x024bfdb3) remu    s11, s7, tp
core   0: 3 0x800061d8 (0x024bfdb3) x27 0x00000000
core   0: 0x800061dc (0x01ffa333) slt     t1, t6, t6
core   0: 3 0x800061dc (0x01ffa333) x 6 0x00000000
core   0: 0x800061e0 (0x00000013) nop
core   0: 3 0x800061e0 (0x00000013)
core   0: 0x800061e4 (0x011fbab3) sltu    s5, t6, a7
core   0: 3 0x800061e4 (0x011fbab3) x21 0x00000000
core   0: 0x800061e8 (0x036ad3b3) divu    t2, s5, s6
core   0: 3 0x800061e8 (0x036ad3b3) x 7 0xffffffff
core   0: 0x800061ec (0x038537b3) mulhu   a5, a0, s8
core   0: 3 0x800061ec (0x038537b3) x15 0x00000000
core   0: 0x800061f0 (0x0123be33) sltu    t3, t2, s2
core   0: 3 0x800061f0 (0x0123be33) x28 0x00000000
core   0: 0x800061f4 (0x01fd39b3) sltu    s3, s10, t6
core   0: 3 0x800061f4 (0x01fd39b3) x19 0x00000001
core   0: 0x800061f8 (0x02c1ac33) mulhsu  s8, gp, a2
core   0: 3 0x800061f8 (0x02c1ac33) x24 0x00000000
core   0: 0x800061fc (0xd8db6537) lui     a0, 0xd8db6
core   0: 3 0x800061fc (0xd8db6537) x10 0xd8db6000
core   0: 0x80006200 (0xe4552237) lui     tp, 0xe4552
core   0: 3 0x80006200 (0xe4552237) x 4 0xe4552000
core   0: 0x80006204 (0x8f26da97) auipc   s5, 0x8f26d
core   0: 3 0x80006204 (0x8f26da97) x21 0x0f273204
core   0: 0x80006208 (0x00f3db13) srli    s6, t2, 15
core   0: 3 0x80006208 (0x00f3db13) x22 0x0001ffff
core   0: 0x8000620c (0xe89fbe97) auipc   t4, 0xe89fb
core   0: 3 0x8000620c (0xe89fbe97) x29 0x68a0120c
core   0: 0x80006210 (0x15d68397) auipc   t2, 0x15d68
core   0: 3 0x80006210 (0x15d68397) x 7 0x95d6e210
core   0: 0x80006214 (0x40715d13) srai    s10, sp, 7
core   0: 3 0x80006214 (0x40715d13) x26 0xffffffff
core   0: 0x80006218 (0x001bccb3) xor     s9, s7, ra
core   0: 3 0x80006218 (0x001bccb3) x25 0x00000000
core   0: 0x8000621c (0x021bee33) rem     t3, s7, ra
core   0: 3 0x8000621c (0x021bee33) x28 0x00000000
core   0: 0x80006220 (0x0b852213) slti    tp, a0, 184
core   0: 3 0x80006220 (0x0b852213) x 4 0x00000001
core   0: 0x80006224 (0x00000013) nop
core   0: 3 0x80006224 (0x00000013)
core   0: 0x80006228 (0x00000013) nop
core   0: 3 0x80006228 (0x00000013)
core   0: 0x8000622c (0x036a4eb3) div     t4, s4, s6
core   0: 3 0x8000622c (0x036a4eb3) x29 0xffffdd6d
core   0: 0x80006230 (0x031ba933) mulhsu  s2, s7, a7
core   0: 3 0x80006230 (0x031ba933) x18 0x00000000
core   0: 0x80006234 (0xec74cf13) xori    t5, s1, -313
core   0: 3 0x80006234 (0xec74cf13) x30 0x7ffeb0a3
core   0: 0x80006238 (0x0810ec17) auipc   s8, 0x810e
core   0: 3 0x80006238 (0x0810ec17) x24 0x88114238
core   0: 0x8000623c (0x012f5e93) srli    t4, t5, 18
core   0: 3 0x8000623c (0x012f5e93) x29 0x00001fff
core   0: 0x80006240 (0x00a44cb3) xor     s9, s0, a0
core   0: 3 0x80006240 (0x00a44cb3) x25 0xde9f7ca6
core   0: 0x80006244 (0x039c5c33) divu    s8, s8, s9
core   0: 3 0x80006244 (0x039c5c33) x24 0x00000000
core   0: 0x80006248 (0x0164dfb3) srl     t6, s1, s6
core   0: 3 0x80006248 (0x0164dfb3) x31 0x00000001
core   0: 0x8000624c (0x41b258b3) sra     a7, tp, s11
core   0: 3 0x8000624c (0x41b258b3) x17 0x00000001
core   0: 0x80006250 (0x0058d533) srl     a0, a7, t0
core   0: 3 0x80006250 (0x0058d533) x10 0x00000001
core   0: 0x80006254 (0xdf33b513) sltiu   a0, t2, -525
core   0: 3 0x80006254 (0xdf33b513) x10 0x00000001
core   0: 0x80006258 (0x00000013) nop
core   0: 3 0x80006258 (0x00000013)
core   0: 0x8000625c (0x01861613) slli    a2, a2, 24
core   0: 3 0x8000625c (0x01861613) x12 0x00000000
core   0: 0x80006260 (0x903fa213) slti    tp, t6, -1789
core   0: 3 0x80006260 (0x903fa213) x 4 0x00000000
core   0: 0x80006264 (0x01c930b3) sltu    ra, s2, t3
core   0: 3 0x80006264 (0x01c930b3) x 1 0x00000000
core   0: 0x80006268 (0x005507b3) add     a5, a0, t0
core   0: 3 0x80006268 (0x005507b3) x15 0x00000001
core   0: 0x8000626c (0x01fbe2b3) or      t0, s7, t6
core   0: 3 0x8000626c (0x01fbe2b3) x 5 0x00000001
core   0: 0x80006270 (0x01625f33) srl     t5, tp, s6
core   0: 3 0x80006270 (0x01625f33) x30 0x00000000
core   0: 0x80006274 (0xaf58f8b7) lui     a7, 0xaf58f
core   0: 3 0x80006274 (0xaf58f8b7) x17 0xaf58f000
core   0: 0x80006278 (0x01b662b3) or      t0, a2, s11
core   0: 3 0x80006278 (0x01b662b3) x 5 0x00000000
core   0: 0x8000627c (0x039a9b33) mulh    s6, s5, s9
core   0: 3 0x8000627c (0x039a9b33) x22 0xfe063c14
core   0: 0x80006280 (0x0199fbb3) and     s7, s3, s9
core   0: 3 0x80006280 (0x0199fbb3) x23 0x00000000
core   0: 0x80006284 (0x0160afb3) slt     t6, ra, s6
core   0: 3 0x80006284 (0x0160afb3) x31 0x00000000
core   0: 0x80006288 (0xd3f97913) andi    s2, s2, -705
core   0: 3 0x80006288 (0xd3f97913) x18 0x00000000
core   0: 0x8000628c (0x023e7cb3) remu    s9, t3, gp
core   0: 3 0x8000628c (0x023e7cb3) x25 0x00000000
core   0: 0x80006290 (0x02c16fb3) rem     t6, sp, a2
core   0: 3 0x80006290 (0x02c16fb3) x31 0xffffffff
core   0: 0x80006294 (0x40828433) sub     s0, t0, s0
core   0: 3 0x80006294 (0x40828433) x 8 0xf9bbe35a
core   0: 0x80006298 (0x026b9033) mulh    zero, s7, t1
core   0: 3 0x80006298 (0x026b9033)
core   0: 0x8000629c (0x01a16fb3) or      t6, sp, s10
core   0: 3 0x8000629c (0x01a16fb3) x31 0xffffffff
core   0: 0x800062a0 (0x775bea93) ori     s5, s7, 1909
core   0: 3 0x800062a0 (0x775bea93) x21 0x00000775
core   0: 0x800062a4 (0x009f1f93) slli    t6, t5, 9
core   0: 3 0x800062a4 (0x009f1f93) x31 0x00000000
core   0: 0x800062a8 (0x407e5c13) srai    s8, t3, 7
core   0: 3 0x800062a8 (0x407e5c13) x24 0x00000000
core   0: 0x800062ac (0x027ca933) mulhsu  s2, s9, t2
core   0: 3 0x800062ac (0x027ca933) x18 0x00000000
core   0: 0x800062b0 (0x00000013) nop
core   0: 3 0x800062b0 (0x00000013)
core   0: 0x800062b4 (0x031f7ab3) remu    s5, t5, a7
core   0: 3 0x800062b4 (0x031f7ab3) x21 0x00000000
core   0: 0x800062b8 (0xb0dd4593) xori    a1, s10, -1267
core   0: 3 0x800062b8 (0xb0dd4593) x11 0x000004f2
core   0: 0x800062bc (0x03d816b3) mulh    a3, a6, t4
core   0: 3 0x800062bc (0x03d816b3) x13 0xfffff000
core   0: 0x800062c0 (0x654db193) sltiu   gp, s11, 1620
core   0: 3 0x800062c0 (0x654db193) x 3 0x00000001
core   0: 0x800062c4 (0x0283abb3) mulhsu  s7, t2, s0
core   0: 3 0x800062c4 (0x0283abb3) x23 0x98701790
core   0: 0x800062c8 (0xdafa6d37) lui     s10, 0xdafa6
core   0: 3 0x800062c8 (0xdafa6d37) x26 0xdafa6000
core   0: 0x800062cc (0x818e6913) ori     s2, t3, -2024
core   0: 3 0x800062cc (0x818e6913) x18 0xfffff818
core   0: 0x800062d0 (0x194f4d93) xori    s11, t5, 404
core   0: 3 0x800062d0 (0x194f4d93) x27 0x00000194
core   0: 0x800062d4 (0x0010f733) and     a4, ra, ra
core   0: 3 0x800062d4 (0x0010f733) x14 0x00000000
core   0: 0x800062d8 (0x025c1b33) mulh    s6, s8, t0
core   0: 3 0x800062d8 (0x025c1b33) x22 0x00000000
core   0: 0x800062dc (0x00afabb3) slt     s7, t6, a0
core   0: 3 0x800062dc (0x00afabb3) x23 0x00000001
core   0: 0x800062e0 (0x3c97a593) slti    a1, a5, 969
core   0: 3 0x800062e0 (0x3c97a593) x11 0x00000001
core   0: 0x800062e4 (0x95a0b513) sltiu   a0, ra, -1702
core   0: 3 0x800062e4 (0x95a0b513) x10 0x00000001
core   0: 0x800062e8 (0x00155f93) srli    t6, a0, 1
core   0: 3 0x800062e8 (0x00155f93) x31 0x00000000
core   0: 0x800062ec (0x9dbc7f13) andi    t5, s8, -1573
core   0: 3 0x800062ec (0x9dbc7f13) x30 0x00000000
core   0: 0x800062f0 (0x035d93b3) mulh    t2, s11, s5
core   0: 3 0x800062f0 (0x035d93b3) x 7 0x00000000
core   0: 0x800062f4 (0x4169df33) sra     t5, s3, s6
core   0: 3 0x800062f4 (0x4169df33) x30 0x00000001
core   0: 0x800062f8 (0x417653b3) sra     t2, a2, s7
core   0: 3 0x800062f8 (0x417653b3) x 7 0x00000000
core   0: 0x800062fc (0x011bf5b3) and     a1, s7, a7
core   0: 3 0x800062fc (0x011bf5b3) x11 0x00000000
core   0: 0x80006300 (0x01fde8b3) or      a7, s11, t6
core   0: 3 0x80006300 (0x01fde8b3) x17 0x00000194
core   0: 0x80006304 (0x3facbb13) sltiu   s6, s9, 1018
core   0: 3 0x80006304 (0x3facbb13) x22 0x00000001
core   0: 0x80006308 (0x92d06193) ori     gp, zero, -1747
core   0: 3 0x80006308 (0x92d06193) x 3 0xfffff92d
core   0: 0x8000630c (0x03c3ceb3) div     t4, t2, t3
core   0: 3 0x8000630c (0x03c3ceb3) x29 0xffffffff
core   0: 0x80006310 (0x06f83193) sltiu   gp, a6, 111
core   0: 3 0x80006310 (0x06f83193) x 3 0x00000000
core   0: 0x80006314 (0x22a12c13) slti    s8, sp, 554
core   0: 3 0x80006314 (0x22a12c13) x24 0x00000001
core   0: 0x80006318 (0x00a79d13) slli    s10, a5, 10
core   0: 3 0x80006318 (0x00a79d13) x26 0x00000400
core   0: 0x8000631c (0x025b55b3) divu    a1, s6, t0
core   0: 3 0x8000631c (0x025b55b3) x11 0xffffffff
core   0: 0x80006320 (0xf98c8913) addi    s2, s9, -104
core   0: 3 0x80006320 (0xf98c8913) x18 0xffffff98
core   0: 0x80006324 (0x413d5213) srai    tp, s10, 19
core   0: 3 0x80006324 (0x413d5213) x 4 0x00000000
core   0: 0x80006328 (0x8f438093) addi    ra, t2, -1804
core   0: 3 0x80006328 (0x8f438093) x 1 0xfffff8f4
core   0: 0x8000632c (0x010c9db3) sll     s11, s9, a6
core   0: 3 0x8000632c (0x010c9db3) x27 0x00000000
core   0: 0x80006330 (0x00824333) xor     t1, tp, s0
core   0: 3 0x80006330 (0x00824333) x 6 0xf9bbe35a
core   0: 0x80006334 (0x02d86233) rem     tp, a6, a3
core   0: 3 0x80006334 (0x02d86233) x 4 0xfffffce4
core   0: 0x80006338 (0x01340333) add     t1, s0, s3
core   0: 3 0x80006338 (0x01340333) x 6 0xf9bbe35b
core   0: 0x8000633c (0x920e8093) addi    ra, t4, -1760
core   0: 3 0x8000633c (0x920e8093) x 1 0xfffff91f
core   0: 0x80006340 (0x490f3d13) sltiu   s10, t5, 1168
core   0: 3 0x80006340 (0x490f3d13) x26 0x00000001
core   0: 0x80006344 (0x419250b3) sra     ra, tp, s9
core   0: 3 0x80006344 (0x419250b3) x 1 0xfffffce4
core   0: 0x80006348 (0x01d870b3) and     ra, a6, t4
core   0: 3 0x80006348 (0x01d870b3) x 1 0x80018ce4
core   0: 0x8000634c (0x03355eb3) divu    t4, a0, s3
core   0: 3 0x8000634c (0x03355eb3) x29 0x00000001
core   0: 0x80006350 (0x036aff33) remu    t5, s5, s6
core   0: 3 0x80006350 (0x036aff33) x30 0x00000000
core   0: 0x80006354 (0xaeea8313) addi    t1, s5, -1298
core   0: 3 0x80006354 (0xaeea8313) x 6 0xfffffaee
core   0: 0x80006358 (0x014e2933) slt     s2, t3, s4
core   0: 3 0x80006358 (0x014e2933) x18 0x00000000
core   0: 0x8000635c (0xcd637117) auipc   sp, 0xcd637
core   0: 3 0x8000635c (0xcd637117) x 2 0x4d63d35c
core   0: 0x80006360 (0x6547c193) xori    gp, a5, 1620
core   0: 3 0x80006360 (0x6547c193) x 3 0x00000655
core   0: 0x80006364 (0x00000013) nop
core   0: 3 0x80006364 (0x00000013)
core   0: 0x80006368 (0x016a1233) sll     tp, s4, s6
core   0: 3 0x80006368 (0x016a1233) x 4 0x75b1790a
core   0: 0x8000636c (0x40335333) sra     t1, t1, gp
core   0: 3 0x8000636c (0x40335333) x 6 0xffffffff
core   0: 0x80006370 (0x7cb7dc37) lui     s8, 0x7cb7d
core   0: 3 0x80006370 (0x7cb7dc37) x24 0x7cb7d000
core   0: 0x80006374 (0x00c63133) sltu    sp, a2, a2
core   0: 3 0x80006374 (0x00c63133) x 2 0x00000000
core   0: 0x80006378 (0x03fb5b33) divu    s6, s6, t6
core   0: 3 0x80006378 (0x03fb5b33) x22 0xffffffff
core   0: 0x8000637c (0x419f56b3) sra     a3, t5, s9
core   0: 3 0x8000637c (0x419f56b3) x13 0x00000000
core   0: 0x80006380 (0x03fb4d33) div     s10, s6, t6
core   0: 3 0x80006380 (0x03fb4d33) x26 0xffffffff
core   0: 0x80006384 (0x12b9bd13) sltiu   s10, s3, 299
core   0: 3 0x80006384 (0x12b9bd13) x26 0x00000001
core   0: 0x80006388 (0x033c18b3) mulh    a7, s8, s3
core   0: 3 0x80006388 (0x033c18b3) x17 0x00000000
core   0: 0x8000638c (0x03753b33) mulhu   s6, a0, s7
core   0: 3 0x8000638c (0x03753b33) x22 0x00000000
core   0: 0x80006390 (0x00000013) nop
core   0: 3 0x80006390 (0x00000013)
core   0: 0x80006394 (0xf954bc13) sltiu   s8, s1, -107
core   0: 3 0x80006394 (0xf954bc13) x24 0x00000001
core   0: 0x80006398 (0x0104f033) and     zero, s1, a6
core   0: 3 0x80006398 (0x0104f033)
core   0: 0x8000639c (0x78ad3893) sltiu   a7, s10, 1930
core   0: 3 0x8000639c (0x78ad3893) x17 0x00000001
core   0: 0x800063a0 (0x00cf4533) xor     a0, t5, a2
core   0: 3 0x800063a0 (0x00cf4533) x10 0x00000000
core   0: 0x800063a4 (0x021e6633) rem     a2, t3, ra
core   0: 3 0x800063a4 (0x021e6633) x12 0x00000000
core   0: 0x800063a8 (0x406cd733) sra     a4, s9, t1
core   0: 3 0x800063a8 (0x406cd733) x14 0x00000000
core   0: 0x800063ac (0x00cfa433) slt     s0, t6, a2
core   0: 3 0x800063ac (0x00cfa433) x 8 0x00000000
core   0: 0x800063b0 (0x02db0433) mul     s0, s6, a3
core   0: 3 0x800063b0 (0x02db0433) x 8 0x00000000
core   0: 0x800063b4 (0x41895693) srai    a3, s2, 24
core   0: 3 0x800063b4 (0x41895693) x13 0x00000000
core   0: 0x800063b8 (0x035679b3) remu    s3, a2, s5
core   0: 3 0x800063b8 (0x035679b3) x19 0x00000000
core   0: 0x800063bc (0x01261893) slli    a7, a2, 18
core   0: 3 0x800063bc (0x01261893) x17 0x00000000
core   0: 0x800063c0 (0x15918297) auipc   t0, 0x15918
core   0: 3 0x800063c0 (0x15918297) x 5 0x9591e3c0
core   0: 0x800063c4 (0x01cc5513) srli    a0, s8, 28
core   0: 3 0x800063c4 (0x01cc5513) x10 0x00000000
core   0: 0x800063c8 (0x02c8d033) divu    zero, a7, a2
core   0: 3 0x800063c8 (0x02c8d033)
core   0: 0x800063cc (0x401102b3) sub     t0, sp, ra
core   0: 3 0x800063cc (0x401102b3) x 5 0x7ffe731c
core   0: 0x800063d0 (0x01fea633) slt     a2, t4, t6
core   0: 3 0x800063d0 (0x01fea633) x12 0x00000000
core   0: 0x800063d4 (0xbb1bbe17) auipc   t3, 0xbb1bb
core   0: 3 0x800063d4 (0xbb1bbe17) x28 0x3b1c13d4
core   0: 0x800063d8 (0x009b9f93) slli    t6, s7, 9
core   0: 3 0x800063d8 (0x009b9f93) x31 0x00000200
core   0: 0x800063dc (0x00ec9213) slli    tp, s9, 14
core   0: 3 0x800063dc (0x00ec9213) x 4 0x00000000
core   0: 0x800063e0 (0x1ae5ef93) ori     t6, a1, 430
core   0: 3 0x800063e0 (0x1ae5ef93) x31 0xffffffff
core   0: 0x800063e4 (0x298e0a93) addi    s5, t3, 664
core   0: 3 0x800063e4 (0x298e0a93) x21 0x3b1c166c
core   0: 0x800063e8 (0x41ab5293) srai    t0, s6, 26
core   0: 3 0x800063e8 (0x41ab5293) x 5 0x00000000
core   0: 0x800063ec (0x008ec933) xor     s2, t4, s0
core   0: 3 0x800063ec (0x008ec933) x18 0x00000001
core   0: 0x800063f0 (0x412a5013) srai    zero, s4, 18
core   0: 3 0x800063f0 (0x412a5013)
core   0: 0x800063f4 (0x012d1eb3) sll     t4, s10, s2
core   0: 3 0x800063f4 (0x012d1eb3) x29 0x00000002
core   0: 0x800063f8 (0x00000013) nop
core   0: 3 0x800063f8 (0x00000013)
core   0: 0x800063fc (0x153c8a93) addi    s5, s9, 339
core   0: 3 0x800063fc (0x153c8a93) x21 0x00000153
core   0: 0x80006400 (0x410e5513) srai    a0, t3, 16
core   0: 3 0x80006400 (0x410e5513) x10 0x00003b1c
core   0: 0x80006404 (0x02ed0733) mul     a4, s10, a4
core   0: 3 0x80006404 (0x02ed0733) x14 0x00000000
core   0: 0x80006408 (0x01fb1133) sll     sp, s6, t6
core   0: 3 0x80006408 (0x01fb1133) x 2 0x00000000
core   0: 0x8000640c (0x03ba5533) divu    a0, s4, s11
core   0: 3 0x8000640c (0x03ba5533) x10 0xffffffff
core   0: 0x80006410 (0x00ea5793) srli    a5, s4, 14
core   0: 3 0x80006410 (0x00ea5793) x15 0x0002eb62
core   0: 0x80006414 (0x0050edb3) or      s11, ra, t0
core   0: 3 0x80006414 (0x0050edb3) x27 0x80018ce4
core   0: 0x80006418 (0xd4948693) addi    a3, s1, -695
core   0: 3 0x80006418 (0xd4948693) x13 0x80014bad
core   0: 0x8000641c (0x02eb45b3) div     a1, s6, a4
core   0: 3 0x8000641c (0x02eb45b3) x11 0xffffffff
core   0: 0x80006420 (0x00000013) nop
core   0: 3 0x80006420 (0x00000013)
core   0: 0x80006424 (0x7147b113) sltiu   sp, a5, 1812
core   0: 3 0x80006424 (0x7147b113) x 2 0x00000000
core   0: 0x80006428 (0xc2c95eb7) lui     t4, 0xc2c95
core   0: 3 0x80006428 (0xc2c95eb7) x29 0xc2c95000
core   0: 0x8000642c (0x0373ae33) mulhsu  t3, t2, s7
core   0: 3 0x8000642c (0x0373ae33) x28 0x00000000
core   0: 0x80006430 (0x406a83b3) sub     t2, s5, t1
core   0: 3 0x80006430 (0x406a83b3) x 7 0x00000154
core   0: 0x80006434 (0x401fd933) sra     s2, t6, ra
core   0: 3 0x80006434 (0x401fd933) x18 0xffffffff
core   0: 0x80006438 (0x0277b633) mulhu   a2, a5, t2
core   0: 3 0x80006438 (0x0277b633) x12 0x00000000
core   0: 0x8000643c (0x02ca1033) mulh    zero, s4, a2
core   0: 3 0x8000643c (0x02ca1033)
core   0: 0x80006440 (0x00c53533) sltu    a0, a0, a2
core   0: 3 0x80006440 (0x00c53533) x10 0x00000000
core   0: 0x80006444 (0x1d0b0393) addi    t2, s6, 464
core   0: 3 0x80006444 (0x1d0b0393) x 7 0x000001d0
core   0: 0x80006448 (0x9e2b6d93) ori     s11, s6, -1566
core   0: 3 0x80006448 (0x9e2b6d93) x27 0xfffff9e2
core   0: 0x8000644c (0x01e3d893) srli    a7, t2, 30
core   0: 3 0x8000644c (0x01e3d893) x17 0x00000000
core   0: 0x80006450 (0x40b70cb3) sub     s9, a4, a1
core   0: 3 0x80006450 (0x40b70cb3) x25 0x00000001
core   0: 0x80006454 (0x00effbb3) and     s7, t6, a4
core   0: 3 0x80006454 (0x00effbb3) x23 0x00000000
core   0: 0x80006458 (0x9f8b7893) andi    a7, s6, -1544
core   0: 3 0x80006458 (0x9f8b7893) x17 0x00000000
core   0: 0x8000645c (0x000b1633) sll     a2, s6, zero
core   0: 3 0x8000645c (0x000b1633) x12 0x00000000
core   0: 0x80006460 (0x021ed1b3) divu    gp, t4, ra
core   0: 3 0x80006460 (0x021ed1b3) x 3 0x00000001
core   0: 0x80006464 (0x01c46db3) or      s11, s0, t3
core   0: 3 0x80006464 (0x01c46db3) x27 0x00000000
core   0: 0x80006468 (0x12afe513) ori     a0, t6, 298
core   0: 3 0x80006468 (0x12afe513) x10 0xffffffff
core   0: 0x8000646c (0xb6b60f93) addi    t6, a2, -1173
core   0: 3 0x8000646c (0xb6b60f93) x31 0xfffffb6b
core   0: 0x80006470 (0x41615f13) srai    t5, sp, 22
core   0: 3 0x80006470 (0x41615f13) x30 0x00000000
core   0: 0x80006474 (0x0163e333) or      t1, t2, s6
core   0: 3 0x80006474 (0x0163e333) x 6 0x000001d0
core   0: 0x80006478 (0x02cc35b3) mulhu   a1, s8, a2
core   0: 3 0x80006478 (0x02cc35b3) x11 0x00000000
core   0: 0x8000647c (0x41cc53b3) sra     t2, s8, t3
core   0: 3 0x8000647c (0x41cc53b3) x 7 0x00000001
core   0: 0x80006480 (0x40ee5913) srai    s2, t3, 14
core   0: 3 0x80006480 (0x40ee5913) x18 0x00000000
core   0: 0x80006484 (0x00ba7533) and     a0, s4, a1
core   0: 3 0x80006484 (0x00ba7533) x10 0x00000000
core   0: 0x80006488 (0x0279e3b3) rem     t2, s3, t2
core   0: 3 0x80006488 (0x0279e3b3) x 7 0x00000000
core   0: 0x8000648c (0x94a346b7) lui     a3, 0x94a34
core   0: 3 0x8000648c (0x94a346b7) x13 0x94a34000
core   0: 0x80006490 (0xf8832393) slti    t2, t1, -120
core   0: 3 0x80006490 (0xf8832393) x 7 0x00000000
core   0: 0x80006494 (0x00a5fcb3) and     s9, a1, a0
core   0: 3 0x80006494 (0x00a5fcb3) x25 0x00000000
core   0: 0x80006498 (0x5be24113) xori    sp, tp, 1470
core   0: 3 0x80006498 (0x5be24113) x 2 0x000005be
core   0: 0x8000649c (0x5b3eb113) sltiu   sp, t4, 1459
core   0: 3 0x8000649c (0x5b3eb113) x 2 0x00000000
core   0: 0x800064a0 (0x03343733) mulhu   a4, s0, s3
core   0: 3 0x800064a0 (0x03343733) x14 0x00000000
core   0: 0x800064a4 (0x02104d33) div     s10, zero, ra
core   0: 3 0x800064a4 (0x02104d33) x26 0x00000000
core   0: 0x800064a8 (0x4176d313) srai    t1, a3, 23
core   0: 3 0x800064a8 (0x4176d313) x 6 0xffffff29
core   0: 0x800064ac (0x0160dd93) srli    s11, ra, 22
core   0: 3 0x800064ac (0x0160dd93) x27 0x00000200
core   0: 0x800064b0 (0x407bd593) srai    a1, s7, 7
core   0: 3 0x800064b0 (0x407bd593) x11 0x00000000
core   0: 0x800064b4 (0x038dddb3) divu    s11, s11, s8
core   0: 3 0x800064b4 (0x038dddb3) x27 0x00000200
core   0: 0x800064b8 (0x00000013) nop
core   0: 3 0x800064b8 (0x00000013)
core   0: 0x800064bc (0x00000013) nop
core   0: 3 0x800064bc (0x00000013)
core   0: 0x800064c0 (0x1d092e93) slti    t4, s2, 464
core   0: 3 0x800064c0 (0x1d092e93) x29 0x00000001
core   0: 0x800064c4 (0x37322193) slti    gp, tp, 883
core   0: 3 0x800064c4 (0x37322193) x 3 0x00000001
core   0: 0x800064c8 (0x40920cb3) sub     s9, tp, s1
core   0: 3 0x800064c8 (0x40920cb3) x25 0x7ffeb19c
core   0: 0x800064cc (0x4064db93) srai    s7, s1, 6
core   0: 3 0x800064cc (0x4064db93) x23 0xfe000539
core   0: 0x800064d0 (0x02418f33) mul     t5, gp, tp
core   0: 3 0x800064d0 (0x02418f33) x30 0x00000000
core   0: 0x800064d4 (0x0112d6b3) srl     a3, t0, a7
core   0: 3 0x800064d4 (0x0112d6b3) x13 0x00000000
core   0: 0x800064d8 (0x7c164917) auipc   s2, 0x7c164
core   0: 3 0x800064d8 (0x7c164917) x18 0xfc16a4d8
core   0: 0x800064dc (0x012a30b3) sltu    ra, s4, s2
core   0: 3 0x800064dc (0x012a30b3) x 1 0x00000001
core   0: 0x800064e0 (0x011520b3) slt     ra, a0, a7
core   0: 3 0x800064e0 (0x011520b3) x 1 0x00000000
core   0: 0x800064e4 (0x02e1b9b3) mulhu   s3, gp, a4
core   0: 3 0x800064e4 (0x02e1b9b3) x19 0x00000000
core   0: 0x800064e8 (0x01111633) sll     a2, sp, a7
core   0: 3 0x800064e8 (0x01111633) x12 0x00000000
core   0: 0x800064ec (0x0c12ee37) lui     t3, 0xc12e
core   0: 3 0x800064ec (0x0c12ee37) x28 0x0c12e000
core   0: 0x800064f0 (0x037ad8b3) divu    a7, s5, s7
core   0: 3 0x800064f0 (0x037ad8b3) x17 0x00000000
core   0: 0x800064f4 (0xe9ed4b13) xori    s6, s10, -354
core   0: 3 0x800064f4 (0xe9ed4b13) x22 0xfffffe9e
core   0: 0x800064f8 (0x02bb8cb3) mul     s9, s7, a1
core   0: 3 0x800064f8 (0x02bb8cb3) x25 0x00000000
core   0: 0x800064fc (0x01165233) srl     tp, a2, a7
core   0: 3 0x800064fc (0x01165233) x 4 0x00000000
core   0: 0x80006500 (0x010d4ab3) xor     s5, s10, a6
core   0: 3 0x80006500 (0x010d4ab3) x21 0x80018ce4
core   0: 0x80006504 (0xb6070893) addi    a7, a4, -1184
core   0: 3 0x80006504 (0xb6070893) x17 0xfffffb60
core   0: 0x80006508 (0x027df133) remu    sp, s11, t2
core   0: 3 0x80006508 (0x027df133) x 2 0x00000200
core   0: 0x8000650c (0x01170033) add     zero, a4, a7
core   0: 3 0x8000650c (0x01170033)
core   0: 0x80006510 (0x024379b3) remu    s3, t1, tp
core   0: 3 0x80006510 (0x024379b3) x19 0xffffff29
core   0: 0x80006514 (0x03498433) mul     s0, s3, s4
core   0: 3 0x80006514 (0x03498433) x 8 0x13f9ac4d
core   0: 0x80006518 (0x00000013) nop
core   0: 3 0x80006518 (0x00000013)
core   0: 0x8000651c (0x416fd793) srai    a5, t6, 22
core   0: 3 0x8000651c (0x416fd793) x15 0xffffffff
core   0: 0x80006520 (0x02a463b3) rem     t2, s0, a0
core   0: 3 0x80006520 (0x02a463b3) x 7 0x13f9ac4d
core   0: 0x80006524 (0x02eda233) mulhsu  tp, s11, a4
core   0: 3 0x80006524 (0x02eda233) x 4 0x00000000
core   0: 0x80006528 (0x0281f533) remu    a0, gp, s0
core   0: 3 0x80006528 (0x0281f533) x10 0x00000001
core   0: 0x8000652c (0x00092533) slt     a0, s2, zero
core   0: 3 0x8000652c (0x00092533) x10 0x00000001
core   0: 0x80006530 (0x03a30b33) mul     s6, t1, s10
core   0: 3 0x80006530 (0x03a30b33) x22 0x00000000
core   0: 0x80006534 (0x02951533) mulh    a0, a0, s1
core   0: 3 0x80006534 (0x02951533) x10 0xffffffff
core   0: 0x80006538 (0x4170d913) srai    s2, ra, 23
core   0: 3 0x80006538 (0x4170d913) x18 0x00000000
core   0: 0x8000653c (0x8b3ab293) sltiu   t0, s5, -1869
core   0: 3 0x8000653c (0x8b3ab293) x 5 0x00000001
core   0: 0x80006540 (0x1ea0bb37) lui     s6, 0x1ea0b
core   0: 3 0x80006540 (0x1ea0bb37) x22 0x1ea0b000
core   0: 0x80006544 (0x02f0eeb3) rem     t4, ra, a5
core   0: 3 0x80006544 (0x02f0eeb3) x29 0x00000000
core   0: 0x80006548 (0x22edeab7) lui     s5, 0x22ede
core   0: 3 0x80006548 (0x22edeab7) x21 0x22ede000
core   0: 0x8000654c (0x7fae0d93) addi    s11, t3, 2042
core   0: 3 0x8000654c (0x7fae0d93) x27 0x0c12e7fa
core   0: 0x80006550 (0x025e7333) remu    t1, t3, t0
core   0: 3 0x80006550 (0x025e7333) x 6 0x00000000
core   0: 0x80006554 (0x96d90393) addi    t2, s2, -1683
core   0: 3 0x80006554 (0x96d90393) x 7 0xfffff96d
core   0: 0x80006558 (0x03475f33) divu    t5, a4, s4
core   0: 3 0x80006558 (0x03475f33) x30 0x00000000
core   0: 0x8000655c (0x006172b3) and     t0, sp, t1
core   0: 3 0x8000655c (0x006172b3) x 5 0x00000000
core   0: 0x80006560 (0x031a4ab3) div     s5, s4, a7
core   0: 3 0x80006560 (0x031a4ab3) x21 0x000ef3bb
core   0: 0x80006564 (0x41555333) sra     t1, a0, s5
core   0: 3 0x80006564 (0x41555333) x 6 0xffffffff
core   0: 0x80006568 (0x028faab3) mulhsu  s5, t6, s0
core   0: 3 0x80006568 (0x028faab3) x21 0xffffffa4
core   0: 0x8000656c (0x00c5ddb3) srl     s11, a1, a2
core   0: 3 0x8000656c (0x00c5ddb3) x27 0x00000000
core   0: 0x80006570 (0x417c09b3) sub     s3, s8, s7
core   0: 3 0x80006570 (0x417c09b3) x19 0x01fffac8
core   0: 0x80006574 (0x00baa733) slt     a4, s5, a1
core   0: 3 0x80006574 (0x00baa733) x14 0x00000001
core   0: 0x80006578 (0x5d36ae13) slti    t3, a3, 1491
core   0: 3 0x80006578 (0x5d36ae13) x28 0x00000001
core   0: 0x8000657c (0x024ec9b3) div     s3, t4, tp
core   0: 3 0x8000657c (0x024ec9b3) x19 0xffffffff
core   0: 0x80006580 (0x413dda93) srai    s5, s11, 19
core   0: 3 0x80006580 (0x413dda93) x21 0x00000000
core   0: 0x80006584 (0x3d244393) xori    t2, s0, 978
core   0: 3 0x80006584 (0x3d244393) x 7 0x13f9af9f
core   0: 0x80006588 (0x0339d1b3) divu    gp, s3, s3
core   0: 3 0x80006588 (0x0339d1b3) x 3 0x00000001
core   0: 0x8000658c (0x40105e33) sra     t3, zero, ra
core   0: 3 0x8000658c (0x40105e33) x28 0x00000000
core   0: 0x80006590 (0x00523e33) sltu    t3, tp, t0
core   0: 3 0x80006590 (0x00523e33) x28 0x00000000
core   0: 0x80006594 (0xea89b913) sltiu   s2, s3, -344
core   0: 3 0x80006594 (0xea89b913) x18 0x00000000
core   0: 0x80006598 (0x7a71ee13) ori     t3, gp, 1959
core   0: 3 0x80006598 (0x7a71ee13) x28 0x000007a7
core   0: 0x8000659c (0x0120cab3) xor     s5, ra, s2
core   0: 3 0x8000659c (0x0120cab3) x21 0x00000000
core   0: 0x800065a0 (0x37e00c13) li      s8, 894
core   0: 3 0x800065a0 (0x37e00c13) x24 0x0000037e
core   0: 0x800065a4 (0x69fea793) slti    a5, t4, 1695
core   0: 3 0x800065a4 (0x69fea793) x15 0x00000001
core   0: 0x800065a8 (0x4146dc13) srai    s8, a3, 20
core   0: 3 0x800065a8 (0x4146dc13) x24 0x00000000
core   0: 0x800065ac (0x030d9e33) mulh    t3, s11, a6
core   0: 3 0x800065ac (0x030d9e33) x28 0x00000000
core   0: 0x800065b0 (0x03a32d33) mulhsu  s10, t1, s10
core   0: 3 0x800065b0 (0x03a32d33) x26 0x00000000
core   0: 0x800065b4 (0x039cd5b3) divu    a1, s9, s9
core   0: 3 0x800065b4 (0x039cd5b3) x11 0xffffffff
core   0: 0x800065b8 (0x018a1e13) slli    t3, s4, 24
core   0: 3 0x800065b8 (0x018a1e13) x28 0x85000000
core   0: 0x800065bc (0x63ad0213) addi    tp, s10, 1594
core   0: 3 0x800065bc (0x63ad0213) x 4 0x0000063a
core   0: 0x800065c0 (0x0a86bf13) sltiu   t5, a3, 168
core   0: 3 0x800065c0 (0x0a86bf13) x30 0x00000001
core   0: 0x800065c4 (0x4099d993) srai    s3, s3, 9
core   0: 3 0x800065c4 (0x4099d993) x19 0xffffffff
core   0: 0x800065c8 (0x003d71b3) and     gp, s10, gp
core   0: 3 0x800065c8 (0x003d71b3) x 3 0x00000000
core   0: 0x800065cc (0x014ba2b3) slt     t0, s7, s4
core   0: 3 0x800065cc (0x014ba2b3) x 5 0x00000000
core   0: 0x800065d0 (0x01de8db3) add     s11, t4, t4
core   0: 3 0x800065d0 (0x01de8db3) x27 0x00000000
core   0: 0x800065d4 (0x039d3f33) mulhu   t5, s10, s9
core   0: 3 0x800065d4 (0x039d3f33) x30 0x00000000
core   0: 0x800065d8 (0x0152c2b3) xor     t0, t0, s5
core   0: 3 0x800065d8 (0x0152c2b3) x 5 0x00000000
core   0: 0x800065dc (0x03b7a733) mulhsu  a4, a5, s11
core   0: 3 0x800065dc (0x03b7a733) x14 0x00000000
core   0: 0x800065e0 (0xd6340393) addi    t2, s0, -669
core   0: 3 0x800065e0 (0xd6340393) x 7 0x13f9a9b0
core   0: 0x800065e4 (0x2b6bad13) slti    s10, s7, 694
core   0: 3 0x800065e4 (0x2b6bad13) x26 0x00000001
core   0: 0x800065e8 (0x00000013) nop
core   0: 3 0x800065e8 (0x00000013)
core   0: 0x800065ec (0x03979533) mulh    a0, a5, s9
core   0: 3 0x800065ec (0x03979533) x10 0x00000000
core   0: 0x800065f0 (0x032a2b33) mulhsu  s6, s4, s2
core   0: 3 0x800065f0 (0x032a2b33) x22 0x00000000
core   0: 0x800065f4 (0x02d29db3) mulh    s11, t0, a3
core   0: 3 0x800065f4 (0x02d29db3) x27 0x00000000
core   0: 0x800065f8 (0x00e30ab3) add     s5, t1, a4
core   0: 3 0x800065f8 (0x00e30ab3) x21 0xffffffff
core   0: 0x800065fc (0x9ece3f13) sltiu   t5, t3, -1556
core   0: 3 0x800065fc (0x9ece3f13) x30 0x00000001
core   0: 0x80006600 (0x026b86b3) mul     a3, s7, t1
core   0: 3 0x80006600 (0x026b86b3) x13 0x01fffac7
core   0: 0x80006604 (0x0165c933) xor     s2, a1, s6
core   0: 3 0x80006604 (0x0165c933) x18 0xffffffff
core   0: 0x80006608 (0x03304033) div     zero, zero, s3
core   0: 3 0x80006608 (0x03304033)
core   0: 0x8000660c (0x02013433) mulhu   s0, sp, zero
core   0: 3 0x8000660c (0x02013433) x 8 0x00000000
core   0: 0x80006610 (0x02a501b3) mul     gp, a0, a0
core   0: 3 0x80006610 (0x02a501b3) x 3 0x00000000
core   0: 0x80006614 (0x01a97d33) and     s10, s2, s10
core   0: 3 0x80006614 (0x01a97d33) x26 0x00000001
core   0: 0x80006618 (0xd1323193) sltiu   gp, tp, -749
core   0: 3 0x80006618 (0xd1323193) x 3 0x00000001
core   0: 0x8000661c (0x021e1f33) mulh    t5, t3, ra
core   0: 3 0x8000661c (0x021e1f33) x30 0x00000000
core   0: 0x80006620 (0x4043d433) sra     s0, t2, tp
core   0: 3 0x80006620 (0x4043d433) x 8 0x00000004
core   0: 0x80006624 (0x4734dcb7) lui     s9, 0x4734d
core   0: 3 0x80006624 (0x4734dcb7) x25 0x4734d000
core   0: 0x80006628 (0x7f946c13) ori     s8, s0, 2041
core   0: 3 0x80006628 (0x7f946c13) x24 0x000007fd
core   0: 0x8000662c (0x0220f133) remu    sp, ra, sp
core   0: 3 0x8000662c (0x0220f133) x 2 0x00000000
core   0: 0x80006630 (0x8e962c13) slti    s8, a2, -1815
core   0: 3 0x80006630 (0x8e962c13) x24 0x00000000
core   0: 0x80006634 (0xa3c1e437) lui     s0, 0xa3c1e
core   0: 3 0x80006634 (0xa3c1e437) x 8 0xa3c1e000
core   0: 0x80006638 (0x00c95693) srli    a3, s2, 12
core   0: 3 0x80006638 (0x00c95693) x13 0x000fffff
core   0: 0x8000663c (0x00aafe33) and     t3, s5, a0
core   0: 3 0x8000663c (0x00aafe33) x28 0x00000000
core   0: 0x80006640 (0x0355bf33) mulhu   t5, a1, s5
core   0: 3 0x80006640 (0x0355bf33) x30 0xfffffffe
core   0: 0x80006644 (0x0333f9b3) remu    s3, t2, s3
core   0: 3 0x80006644 (0x0333f9b3) x19 0x13f9a9b0
core   0: 0x80006648 (0x03709933) mulh    s2, ra, s7
core   0: 3 0x80006648 (0x03709933) x18 0x00000000
core   0: 0x8000664c (0x6e396b93) ori     s7, s2, 1763
core   0: 3 0x8000664c (0x6e396b93) x23 0x000006e3
core   0: 0x80006650 (0x022bf433) remu    s0, s7, sp
core   0: 3 0x80006650 (0x022bf433) x 8 0x000006e3
core   0: 0x80006654 (0x01589293) slli    t0, a7, 21
core   0: 3 0x80006654 (0x01589293) x 5 0x6c000000
core   0: 0x80006658 (0x45483993) sltiu   s3, a6, 1108
core   0: 3 0x80006658 (0x45483993) x19 0x00000000
core   0: 0x8000665c (0x02060eb3) mul     t4, a2, zero
core   0: 3 0x8000665c (0x02060eb3) x29 0x00000000
core   0: 0x80006660 (0x015cdab3) srl     s5, s9, s5
core   0: 3 0x80006660 (0x015cdab3) x21 0x00000000
core   0: 0x80006664 (0x00641e13) slli    t3, s0, 6
core   0: 3 0x80006664 (0x00641e13) x28 0x0001b8c0
core   0: 0x80006668 (0x022cb0b3) mulhu   ra, s9, sp
core   0: 3 0x80006668 (0x022cb0b3) x 1 0x00000000
core   0: 0x8000666c (0x02ac3433) mulhu   s0, s8, a0
core   0: 3 0x8000666c (0x02ac3433) x 8 0x00000000
core   0: 0x80006670 (0x037988b3) mul     a7, s3, s7
core   0: 3 0x80006670 (0x037988b3) x17 0x00000000
core   0: 0x80006674 (0x03e51ab3) mulh    s5, a0, t5
core   0: 3 0x80006674 (0x03e51ab3) x21 0x00000000
core   0: 0x80006678 (0x022ed3b3) divu    t2, t4, sp
core   0: 3 0x80006678 (0x022ed3b3) x 7 0xffffffff
core   0: 0x8000667c (0x00239913) slli    s2, t2, 2
core   0: 3 0x8000667c (0x00239913) x18 0xfffffffc
core   0: 0x80006680 (0x7b6aa113) slti    sp, s5, 1974
core   0: 3 0x80006680 (0x7b6aa113) x 2 0x00000001
core   0: 0x80006684 (0x4176de13) srai    t3, a3, 23
core   0: 3 0x80006684 (0x4176de13) x28 0x00000000
core   0: 0x80006688 (0x00000013) nop
core   0: 3 0x80006688 (0x00000013)
core   0: 0x8000668c (0x03c79ab3) mulh    s5, a5, t3
core   0: 3 0x8000668c (0x03c79ab3) x21 0x00000000
core   0: 0x80006690 (0xf3be8d93) addi    s11, t4, -197
core   0: 3 0x80006690 (0xf3be8d93) x27 0xffffff3b
core   0: 0x80006694 (0xc2fcf613) andi    a2, s9, -977
core   0: 3 0x80006694 (0xc2fcf613) x12 0x4734d000
core   0: 0x80006698 (0x012d09b3) add     s3, s10, s2
core   0: 3 0x80006698 (0x012d09b3) x19 0xfffffffd
core   0: 0x8000669c (0x01ea50b3) srl     ra, s4, t5
core   0: 3 0x8000669c (0x01ea50b3) x 1 0x00000002
core   0: 0x800066a0 (0x00865d33) srl     s10, a2, s0
core   0: 3 0x800066a0 (0x00865d33) x26 0x4734d000
core   0: 0x800066a4 (0x9c798113) addi    sp, s3, -1593
core   0: 3 0x800066a4 (0x9c798113) x 2 0xfffff9c4
core   0: 0x800066a8 (0x40e250b3) sra     ra, tp, a4
core   0: 3 0x800066a8 (0x40e250b3) x 1 0x0000063a
core   0: 0x800066ac (0x03dc66b3) rem     a3, s8, t4
core   0: 3 0x800066ac (0x03dc66b3) x13 0x00000000
core   0: 0x800066b0 (0x02f78bb3) mul     s7, a5, a5
core   0: 3 0x800066b0 (0x02f78bb3) x23 0x00000001
core   0: 0x800066b4 (0x0a776d97) auipc   s11, 0xa776
core   0: 3 0x800066b4 (0x0a776d97) x27 0x8a77c6b4
core   0: 0x800066b8 (0x03b89c33) mulh    s8, a7, s11
core   0: 3 0x800066b8 (0x03b89c33) x24 0x00000000
core   0: 0x800066bc (0x41f35733) sra     a4, t1, t6
core   0: 3 0x800066bc (0x41f35733) x14 0xffffffff
core   0: 0x800066c0 (0x014e91b3) sll     gp, t4, s4
core   0: 3 0x800066c0 (0x014e91b3) x 3 0x00000000
core   0: 0x800066c4 (0x03cb3333) mulhu   t1, s6, t3
core   0: 3 0x800066c4 (0x03cb3333) x 6 0x00000000
core   0: 0x800066c8 (0x00e91093) slli    ra, s2, 14
core   0: 3 0x800066c8 (0x00e91093) x 1 0xffff0000
core   0: 0x800066cc (0x128a6893) ori     a7, s4, 296
core   0: 3 0x800066cc (0x128a6893) x17 0xbad8bdad
core   0: 0x800066d0 (0xcb7ecb13) xori    s6, t4, -841
core   0: 3 0x800066d0 (0xcb7ecb13) x22 0xfffffcb7
core   0: 0x800066d4 (0x01ecd433) srl     s0, s9, t5
core   0: 3 0x800066d4 (0x01ecd433) x 8 0x00000001
core   0: 0x800066d8 (0x0027bcb3) sltu    s9, a5, sp
core   0: 3 0x800066d8 (0x0027bcb3) x25 0x00000001
core   0: 0x800066dc (0x012c40b3) xor     ra, s8, s2
core   0: 3 0x800066dc (0x012c40b3) x 1 0xfffffffc
core   0: 0x800066e0 (0xfe100a93) li      s5, -31
core   0: 3 0x800066e0 (0xfe100a93) x21 0xffffffe1
core   0: 0x800066e4 (0x015c8e33) add     t3, s9, s5
core   0: 3 0x800066e4 (0x015c8e33) x28 0xffffffe2
core   0: 0x800066e8 (0x893aa893) slti    a7, s5, -1901
core   0: 3 0x800066e8 (0x893aa893) x17 0x00000000
core   0: 0x800066ec (0x02f45633) divu    a2, s0, a5
core   0: 3 0x800066ec (0x02f45633) x12 0x00000001
core   0: 0x800066f0 (0x01223433) sltu    s0, tp, s2
core   0: 3 0x800066f0 (0x01223433) x 8 0x00000001
core   0: 0x800066f4 (0x0157f233) and     tp, a5, s5
core   0: 3 0x800066f4 (0x0157f233) x 4 0x00000001
core   0: 0x800066f8 (0x007c3033) sltu    zero, s8, t2
core   0: 3 0x800066f8 (0x007c3033)
core   0: 0x800066fc (0xa6a7ff93) andi    t6, a5, -1430
core   0: 3 0x800066fc (0xa6a7ff93) x31 0x00000000
core   0: 0x80006700 (0x0055d8b3) srl     a7, a1, t0
core   0: 3 0x80006700 (0x0055d8b3) x17 0xffffffff
core   0: 0x80006704 (0x01d9ae33) slt     t3, s3, t4
core   0: 3 0x80006704 (0x01d9ae33) x28 0x00000001
core   0: 0x80006708 (0xb2256c93) ori     s9, a0, -1246
core   0: 3 0x80006708 (0xb2256c93) x25 0xfffffb22
core   0: 0x8000670c (0x026a6fb3) rem     t6, s4, t1
core   0: 3 0x8000670c (0x026a6fb3) x31 0xbad8bc85
core   0: 0x80006710 (0x0182e933) or      s2, t0, s8
core   0: 3 0x80006710 (0x0182e933) x18 0x6c000000
core   0: 0x80006714 (0x000b50b3) srl     ra, s6, zero
core   0: 3 0x80006714 (0x000b50b3) x 1 0xfffffcb7
core   0: 0x80006718 (0x01839133) sll     sp, t2, s8
core   0: 3 0x80006718 (0x01839133) x 2 0xffffffff
core   0: 0x8000671c (0xb5b44e93) xori    t4, s0, -1189
core   0: 3 0x8000671c (0xb5b44e93) x29 0xfffffb5a
core   0: 0x80006720 (0x00ae5113) srli    sp, t3, 10
core   0: 3 0x80006720 (0x00ae5113) x 2 0x00000000
core   0: 0x80006724 (0x88cfed37) lui     s10, 0x88cfe
core   0: 3 0x80006724 (0x88cfed37) x26 0x88cfe000
core   0: 0x80006728 (0x00048633) add     a2, s1, zero
core   0: 3 0x80006728 (0x00048633) x12 0x80014e64
core   0: 0x8000672c (0x00090db3) add     s11, s2, zero
core   0: 3 0x8000672c (0x00090db3) x27 0x6c000000
core   0: 0x80006730 (0x02a00d33) mul     s10, zero, a0
core   0: 3 0x80006730 (0x02a00d33) x26 0x00000000
core   0: 0x80006734 (0x0098dc13) srli    s8, a7, 9
core   0: 3 0x80006734 (0x0098dc13) x24 0x007fffff
core   0: 0x80006738 (0x01ff5533) srl     a0, t5, t6
core   0: 3 0x80006738 (0x01ff5533) x10 0x07ffffff
core   0: 0x8000673c (0x0085d893) srli    a7, a1, 8
core   0: 3 0x8000673c (0x0085d893) x17 0x00ffffff
core   0: 0x80006740 (0x02b53c33) mulhu   s8, a0, a1
core   0: 3 0x80006740 (0x02b53c33) x24 0x07fffffe
core   0: 0x80006744 (0x02cb7933) remu    s2, s6, a2
core   0: 3 0x80006744 (0x02cb7933) x18 0x7ffeae53
core   0: 0x80006748 (0xc1978293) addi    t0, a5, -999
core   0: 3 0x80006748 (0xc1978293) x 5 0xfffffc1a
core   0: 0x8000674c (0x0327ac33) mulhsu  s8, a5, s2
core   0: 3 0x8000674c (0x0327ac33) x24 0x00000000
core   0: 0x80006750 (0x000e85b3) add     a1, t4, zero
core   0: 3 0x80006750 (0x000e85b3) x11 0xfffffb5a
core   0: 0x80006754 (0x40015f33) sra     t5, sp, zero
core   0: 3 0x80006754 (0x40015f33) x30 0x00000000
core   0: 0x80006758 (0x018d37b3) sltu    a5, s10, s8
core   0: 3 0x80006758 (0x018d37b3) x15 0x00000000
core   0: 0x8000675c (0x025d3db3) mulhu   s11, s10, t0
core   0: 3 0x8000675c (0x025d3db3) x27 0x00000000
core   0: 0x80006760 (0x008d6ab3) or      s5, s10, s0
core   0: 3 0x80006760 (0x008d6ab3) x21 0x00000001
core   0: 0x80006764 (0x219a4d93) xori    s11, s4, 537
core   0: 3 0x80006764 (0x219a4d93) x27 0xbad8be9c
core   0: 0x80006768 (0x0325f5b3) remu    a1, a1, s2
core   0: 3 0x80006768 (0x0325f5b3) x11 0x00029eb4
core   0: 0x8000676c (0xc8cd3793) sltiu   a5, s10, -884
core   0: 3 0x8000676c (0xc8cd3793) x15 0x00000001
core   0: 0x80006770 (0x00000013) nop
core   0: 3 0x80006770 (0x00000013)
core   0: 0x80006774 (0x01d79093) slli    ra, a5, 29
core   0: 3 0x80006774 (0x01d79093) x 1 0x20000000
core   0: 0x80006778 (0x419d8933) sub     s2, s11, s9
core   0: 3 0x80006778 (0x419d8933) x18 0xbad8c37a
core   0: 0x8000677c (0x77071e37) lui     t3, 0x77071
core   0: 3 0x8000677c (0x77071e37) x28 0x77071000
core   0: 0x80006780 (0x03eed333) divu    t1, t4, t5
core   0: 3 0x80006780 (0x03eed333) x 6 0xffffffff
core   0: 0x80006784 (0x021d3d33) mulhu   s10, s10, ra
core   0: 3 0x80006784 (0x021d3d33) x26 0x00000000
core   0: 0x80006788 (0x9cb2a113) slti    sp, t0, -1589
core   0: 3 0x80006788 (0x9cb2a113) x 2 0x00000000
core   0: 0x8000678c (0x00f22f33) slt     t5, tp, a5
core   0: 3 0x8000678c (0x00f22f33) x30 0x00000000
core   0: 0x80006790 (0x40b95293) srai    t0, s2, 11
core   0: 3 0x80006790 (0x40b95293) x 5 0xfff75b18
core   0: 0x80006794 (0xad28c613) xori    a2, a7, -1326
core   0: 3 0x80006794 (0xad28c613) x12 0xff00052d
core   0: 0x80006798 (0x03bff6b3) remu    a3, t6, s11
core   0: 3 0x80006798 (0x03bff6b3) x13 0xbad8bc85
core   0: 0x8000679c (0x02f405b3) mul     a1, s0, a5
core   0: 3 0x8000679c (0x02f405b3) x11 0x00000001
core   0: 0x800067a0 (0x008ea8b3) slt     a7, t4, s0
core   0: 3 0x800067a0 (0x008ea8b3) x17 0x00000001
core   0: 0x800067a4 (0x407e83b3) sub     t2, t4, t2
core   0: 3 0x800067a4 (0x407e83b3) x 7 0xfffffb5b
core   0: 0x800067a8 (0x88f7f0b7) lui     ra, 0x88f7f
core   0: 3 0x800067a8 (0x88f7f0b7) x 1 0x88f7f000
core   0: 0x800067ac (0x829de693) ori     a3, s11, -2007
core   0: 3 0x800067ac (0x829de693) x13 0xfffffebd
core   0: 0x800067b0 (0x027812b3) mulh    t0, a6, t2
core   0: 3 0x800067b0 (0x027812b3) x 5 0x00000252
core   0: 0x800067b4 (0x0352d733) divu    a4, t0, s5
core   0: 3 0x800067b4 (0x0352d733) x14 0x00000252
core   0: 0x800067b8 (0x41588e33) sub     t3, a7, s5
core   0: 3 0x800067b8 (0x41588e33) x28 0x00000000
core   0: 0x800067bc (0x409b8633) sub     a2, s7, s1
core   0: 3 0x800067bc (0x409b8633) x12 0x7ffeb19d
core   0: 0x800067c0 (0x019c9793) slli    a5, s9, 25
core   0: 3 0x800067c0 (0x019c9793) x15 0x44000000
core   0: 0x800067c4 (0x003ae8b3) or      a7, s5, gp
core   0: 3 0x800067c4 (0x003ae8b3) x17 0x00000001
core   0: 0x800067c8 (0xc2c2c013) xori    zero, t0, -980
core   0: 3 0x800067c8 (0xc2c2c013)
core   0: 0x800067cc (0x00362433) slt     s0, a2, gp
core   0: 3 0x800067cc (0x00362433) x 8 0x00000000
core   0: 0x800067d0 (0x01bd0433) add     s0, s10, s11
core   0: 3 0x800067d0 (0x01bd0433) x 8 0xbad8be9c
core   0: 0x800067d4 (0x03e75eb3) divu    t4, a4, t5
core   0: 3 0x800067d4 (0x03e75eb3) x29 0xffffffff
core   0: 0x800067d8 (0x646bbc93) sltiu   s9, s7, 1606
core   0: 3 0x800067d8 (0x646bbc93) x25 0x00000001
core   0: 0x800067dc (0x0153dc13) srli    s8, t2, 21
core   0: 3 0x800067dc (0x0153dc13) x24 0x000007ff
core   0: 0x800067e0 (0x0086d733) srl     a4, a3, s0
core   0: 3 0x800067e0 (0x0086d733) x14 0x0000000f
core   0: 0x800067e4 (0x0245a933) mulhsu  s2, a1, tp
core   0: 3 0x800067e4 (0x0245a933) x18 0x00000000
core   0: 0x800067e8 (0x00890ab3) add     s5, s2, s0
core   0: 3 0x800067e8 (0x00890ab3) x21 0xbad8be9c
core   0: 0x800067ec (0x026d4bb3) div     s7, s10, t1
core   0: 3 0x800067ec (0x026d4bb3) x23 0x00000000
core   0: 0x800067f0 (0x017bddb3) srl     s11, s7, s7
core   0: 3 0x800067f0 (0x017bddb3) x27 0x00000000
core   0: 0x800067f4 (0x00a8a9b3) slt     s3, a7, a0
core   0: 3 0x800067f4 (0x00a8a9b3) x19 0x00000001
core   0: 0x800067f8 (0x01cabdb3) sltu    s11, s5, t3
core   0: 3 0x800067f8 (0x01cabdb3) x27 0x00000000
core   0: 0x800067fc (0x03a262b3) rem     t0, tp, s10
core   0: 3 0x800067fc (0x03a262b3) x 5 0x00000001
core   0: 0x80006800 (0x005d5b13) srli    s6, s10, 5
core   0: 3 0x80006800 (0x005d5b13) x22 0x00000000
core   0: 0x80006804 (0x030cf3b3) remu    t2, s9, a6
core   0: 3 0x80006804 (0x030cf3b3) x 7 0x00000001
core   0: 0x80006808 (0x3c3a2093) slti    ra, s4, 963
core   0: 3 0x80006808 (0x3c3a2093) x 1 0x00000001
core   0: 0x8000680c (0x0109fc33) and     s8, s3, a6
core   0: 3 0x8000680c (0x0109fc33) x24 0x00000000
core   0: 0x80006810 (0x00179b13) slli    s6, a5, 1
core   0: 3 0x80006810 (0x00179b13) x22 0x88000000
core   0: 0x80006814 (0x0188b733) sltu    a4, a7, s8
core   0: 3 0x80006814 (0x0188b733) x14 0x00000000
core   0: 0x80006818 (0x408c5113) srai    sp, s8, 8
core   0: 3 0x80006818 (0x408c5113) x 2 0x00000000
core   0: 0x8000681c (0x034cb8b3) mulhu   a7, s9, s4
core   0: 3 0x8000681c (0x034cb8b3) x17 0x00000000
core   0: 0x80006820 (0x547e3793) sltiu   a5, t3, 1351
core   0: 3 0x80006820 (0x547e3793) x15 0x00000001
core   0: 0x80006824 (0x03340cb3) mul     s9, s0, s3
core   0: 3 0x80006824 (0x03340cb3) x25 0xbad8be9c
core   0: 0x80006828 (0x00855fb3) srl     t6, a0, s0
core   0: 3 0x80006828 (0x00855fb3) x31 0x00000000
core   0: 0x8000682c (0x0398eb33) rem     s6, a7, s9
core   0: 3 0x8000682c (0x0398eb33) x22 0x00000000
core   0: 0x80006830 (0x028eabb3) mulhsu  s7, t4, s0
core   0: 3 0x80006830 (0x028eabb3) x23 0xffffffff
core   0: 0x80006834 (0x5a198e13) addi    t3, s3, 1441
core   0: 3 0x80006834 (0x5a198e13) x28 0x000005a2
core   0: 0x80006838 (0x14073c93) sltiu   s9, a4, 320
core   0: 3 0x80006838 (0x14073c93) x25 0x00000001
core   0: 0x8000683c (0x4149de33) sra     t3, s3, s4
core   0: 3 0x8000683c (0x4149de33) x28 0x00000000
core   0: 0x80006840 (0x03827733) remu    a4, tp, s8
core   0: 3 0x80006840 (0x03827733) x14 0x00000001
core   0: 0x80006844 (0x03bb5eb3) divu    t4, s6, s11
core   0: 3 0x80006844 (0x03bb5eb3) x29 0xffffffff
core   0: 0x80006848 (0x00000013) nop
core   0: 3 0x80006848 (0x00000013)
core   0: 0x8000684c (0x023528b3) mulhsu  a7, a0, gp
core   0: 3 0x8000684c (0x023528b3) x17 0x00000000
core   0: 0x80006850 (0x889e8c13) addi    s8, t4, -1911
core   0: 3 0x80006850 (0x889e8c13) x24 0xfffff888
core   0: 0x80006854 (0x3cd56a93) ori     s5, a0, 973
core   0: 3 0x80006854 (0x3cd56a93) x21 0x07ffffff
core   0: 0x80006858 (0x017a4433) xor     s0, s4, s7
core   0: 3 0x80006858 (0x017a4433) x 8 0x4527437a
core   0: 0x8000685c (0x02155533) divu    a0, a0, ra
core   0: 3 0x8000685c (0x02155533) x10 0x07ffffff
core   0: 0x80006860 (0xb4364713) xori    a4, a2, -1213
core   0: 3 0x80006860 (0xb4364713) x14 0x80014ade
core   0: 0x80006864 (0x7c1eef17) auipc   t5, 0x7c1ee
core   0: 3 0x80006864 (0x7c1eef17) x30 0xfc1f4864
core   0: 0x80006868 (0x022e3eb3) mulhu   t4, t3, sp
core   0: 3 0x80006868 (0x022e3eb3) x29 0x00000000
core   0: 0x8000686c (0x028c5933) divu    s2, s8, s0
core   0: 3 0x8000686c (0x028c5933) x18 0x00000003
core   0: 0x80006870 (0x00845433) srl     s0, s0, s0
core   0: 3 0x80006870 (0x00845433) x 8 0x00000011
core   0: 0x80006874 (0x00d35b33) srl     s6, t1, a3
core   0: 3 0x80006874 (0x00d35b33) x22 0x00000007
core   0: 0x80006878 (0x02577ab3) remu    s5, a4, t0
core   0: 3 0x80006878 (0x02577ab3) x21 0x00000000
core   0: 0x8000687c (0x00000013) nop
core   0: 3 0x8000687c (0x00000013)
core   0: 0x80006880 (0x00045093) srli    ra, s0, 0
core   0: 3 0x80006880 (0x00045093) x 1 0x00000011
core   0: 0x80006884 (0x4058db93) srai    s7, a7, 5
core   0: 3 0x80006884 (0x4058db93) x23 0x00000000
core   0: 0x80006888 (0x034753b3) divu    t2, a4, s4
core   0: 3 0x80006888 (0x034753b3) x 7 0x00000000
core   0: 0x8000688c (0x41aa56b3) sra     a3, s4, s10
core   0: 3 0x8000688c (0x41aa56b3) x13 0xbad8bc85
core   0: 0x80006890 (0x025ea7b3) mulhsu  a5, t4, t0
core   0: 3 0x80006890 (0x025ea7b3) x15 0x00000000
core   0: 0x80006894 (0x01bd63b3) or      t2, s10, s11
core   0: 3 0x80006894 (0x01bd63b3) x 7 0x00000000
core   0: 0x80006898 (0x836e4613) xori    a2, t3, -1994
core   0: 3 0x80006898 (0x836e4613) x12 0xfffff836
core   0: 0x8000689c (0xaa3c6d93) ori     s11, s8, -1373
core   0: 3 0x8000689c (0xaa3c6d93) x27 0xfffffaab
core   0: 0x800068a0 (0x4e579017) auipc   zero, 0x4e579
core   0: 3 0x800068a0 (0x4e579017)
core   0: 0x800068a4 (0x009d0333) add     t1, s10, s1
core   0: 3 0x800068a4 (0x009d0333) x 6 0x80014e64
core   0: 0x800068a8 (0x7f6ece93) xori    t4, t4, 2038
core   0: 3 0x800068a8 (0x7f6ece93) x29 0x000007f6
core   0: 0x800068ac (0xcbaa7913) andi    s2, s4, -838
core   0: 3 0x800068ac (0xcbaa7913) x18 0xbad8bc80
core   0: 0x800068b0 (0x015ffe33) and     t3, t6, s5
core   0: 3 0x800068b0 (0x015ffe33) x28 0x00000000
core   0: 0x800068b4 (0x8aafe537) lui     a0, 0x8aafe
core   0: 3 0x800068b4 (0x8aafe537) x10 0x8aafe000
core   0: 0x800068b8 (0x014e93b3) sll     t2, t4, s4
core   0: 3 0x800068b8 (0x014e93b3) x 7 0x0000fec0
core   0: 0x800068bc (0x182df113) andi    sp, s11, 386
core   0: 3 0x800068bc (0x182df113) x 2 0x00000082
core   0: 0x800068c0 (0x01942233) slt     tp, s0, s9
core   0: 3 0x800068c0 (0x01942233) x 4 0x00000000
core   0: 0x800068c4 (0x015001b3) add     gp, zero, s5
core   0: 3 0x800068c4 (0x015001b3) x 3 0x00000000
core   0: 0x800068c8 (0x69698d13) addi    s10, s3, 1686
core   0: 3 0x800068c8 (0x69698d13) x26 0x00000697
core   0: 0x800068cc (0xce163713) sltiu   a4, a2, -799
core   0: 3 0x800068cc (0xce163713) x14 0x00000001
core   0: 0x800068d0 (0x691fe913) ori     s2, t6, 1681
core   0: 3 0x800068d0 (0x691fe913) x18 0x00000691
core   0: 0x800068d4 (0x00f49333) sll     t1, s1, a5
core   0: 3 0x800068d4 (0x00f49333) x 6 0x80014e64
core   0: 0x800068d8 (0x02ad2b33) mulhsu  s6, s10, a0
core   0: 3 0x800068d8 (0x02ad2b33) x22 0x00000391
core   0: 0x800068dc (0x011e5213) srli    tp, t3, 17
core   0: 3 0x800068dc (0x011e5213) x 4 0x00000000
core   0: 0x800068e0 (0x015538b3) sltu    a7, a0, s5
core   0: 3 0x800068e0 (0x015538b3) x17 0x00000000
core   0: 0x800068e4 (0x018efd33) and     s10, t4, s8
core   0: 3 0x800068e4 (0x018efd33) x26 0x00000080
core   0: 0x800068e8 (0x010ad133) srl     sp, s5, a6
core   0: 3 0x800068e8 (0x010ad133) x 2 0x00000000
core   0: 0x800068ec (0x00cba033) slt     zero, s7, a2
core   0: 3 0x800068ec (0x00cba033)
core   0: 0x800068f0 (0xfe5a4693) xori    a3, s4, -27
core   0: 3 0x800068f0 (0xfe5a4693) x13 0x45274360
core   0: 0x800068f4 (0x16bb4513) xori    a0, s6, 363
core   0: 3 0x800068f4 (0x16bb4513) x10 0x000002fa
core   0: 0x800068f8 (0x036b67b3) rem     a5, s6, s6
core   0: 3 0x800068f8 (0x036b67b3) x15 0x00000000
core   0: 0x800068fc (0x00cf1133) sll     sp, t5, a2
core   0: 3 0x800068fc (0x00cf1133) x 2 0x19000000
core   0: 0x80006900 (0x00304db3) xor     s11, zero, gp
core   0: 3 0x80006900 (0x00304db3) x27 0x00000000
core   0: 0x80006904 (0x00000013) nop
core   0: 3 0x80006904 (0x00000013)
core   0: 0x80006908 (0x0263a7b3) mulhsu  a5, t2, t1
core   0: 3 0x80006908 (0x0263a7b3) x15 0x00007f61
core   0: 0x8000690c (0x1df52db7) lui     s11, 0x1df52
core   0: 3 0x8000690c (0x1df52db7) x27 0x1df52000
core   0: 0x80006910 (0x41fe5993) srai    s3, t3, 31
core   0: 3 0x80006910 (0x41fe5993) x19 0x00000000
core   0: 0x80006914 (0x013a7633) and     a2, s4, s3
core   0: 3 0x80006914 (0x013a7633) x12 0x00000000
core   0: 0x80006918 (0x0250e3b3) rem     t2, ra, t0
core   0: 3 0x80006918 (0x0250e3b3) x 7 0x00000000
core   0: 0x8000691c (0x029b2f33) mulhsu  t5, s6, s1
core   0: 3 0x8000691c (0x029b2f33) x30 0x000001c8
core   0: 0x80006920 (0xf8ae1cb7) lui     s9, 0xf8ae1
core   0: 3 0x80006920 (0xf8ae1cb7) x25 0xf8ae1000
core   0: 0x80006924 (0x032d8cb3) mul     s9, s11, s2
core   0: 3 0x80006924 (0x032d8cb3) x25 0xb6972000
core   0: 0x80006928 (0x0345dc33) divu    s8, a1, s4
core   0: 3 0x80006928 (0x0345dc33) x24 0x00000000
core   0: 0x8000692c (0x0039c133) xor     sp, s3, gp
core   0: 3 0x8000692c (0x0039c133) x 2 0x00000000
core   0: 0x80006930 (0xd2ba0213) addi    tp, s4, -725
core   0: 3 0x80006930 (0xd2ba0213) x 4 0xbad8b9b0
core   0: 0x80006934 (0x008ca3b3) slt     t2, s9, s0
core   0: 3 0x80006934 (0x008ca3b3) x 7 0x00000001
core   0: 0x80006938 (0x027a71b3) remu    gp, s4, t2
core   0: 3 0x80006938 (0x027a71b3) x 3 0x00000000
core   0: 0x8000693c (0x033c5e33) divu    t3, s8, s3
core   0: 3 0x8000693c (0x033c5e33) x28 0xffffffff
core   0: 0x80006940 (0x01f898b3) sll     a7, a7, t6
core   0: 3 0x80006940 (0x01f898b3) x17 0x00000000
core   0: 0x80006944 (0x41705b33) sra     s6, zero, s7
core   0: 3 0x80006944 (0x41705b33) x22 0x00000000
core   0: 0x80006948 (0x4011dd93) srai    s11, gp, 1
core   0: 3 0x80006948 (0x4011dd93) x27 0x00000000
core   0: 0x8000694c (0x025c88b3) mul     a7, s9, t0
core   0: 3 0x8000694c (0x025c88b3) x17 0xb6972000
core   0: 0x80006950 (0x00c1a9b3) slt     s3, gp, a2
core   0: 3 0x80006950 (0x00c1a9b3) x19 0x00000000
core   0: 0x80006954 (0x68df4d17) auipc   s10, 0x68df4
core   0: 3 0x80006954 (0x68df4d17) x26 0xe8dfa954
core   0: 0x80006958 (0x018b9513) slli    a0, s7, 24
core   0: 3 0x80006958 (0x018b9513) x10 0x00000000
core   0: 0x8000695c (0x9fac3a93) sltiu   s5, s8, -1542
core   0: 3 0x8000695c (0x9fac3a93) x21 0x00000001
core   0: 0x80006960 (0x027c7033) remu    zero, s8, t2
core   0: 3 0x80006960 (0x027c7033)
core   0: 0x80006964 (0x034c3bb3) mulhu   s7, s8, s4
core   0: 3 0x80006964 (0x034c3bb3) x23 0x00000000
core   0: 0x80006968 (0x033909b3) mul     s3, s2, s3
core   0: 3 0x80006968 (0x033909b3) x19 0x00000000
core   0: 0x8000696c (0x0247cf33) div     t5, a5, tp
core   0: 3 0x8000696c (0x0247cf33) x30 0x00000000
core   0: 0x80006970 (0x013e86b3) add     a3, t4, s3
core   0: 3 0x80006970 (0x013e86b3) x13 0x000007f6
core   0: 0x80006974 (0x0155dfb3) srl     t6, a1, s5
core   0: 3 0x80006974 (0x0155dfb3) x31 0x00000000
core   0: 0x80006978 (0x02b8fe33) remu    t3, a7, a1
core   0: 3 0x80006978 (0x02b8fe33) x28 0x00000000
core   0: 0x8000697c (0x0208ebb3) rem     s7, a7, zero
core   0: 3 0x8000697c (0x0208ebb3) x23 0xb6972000
core   0: 0x80006980 (0xe7e4b713) sltiu   a4, s1, -386
core   0: 3 0x80006980 (0xe7e4b713) x14 0x00000001
core   0: 0x80006984 (0x014942b3) xor     t0, s2, s4
core   0: 3 0x80006984 (0x014942b3) x 5 0xbad8ba14
core   0: 0x80006988 (0x01447e33) and     t3, s0, s4
core   0: 3 0x80006988 (0x01447e33) x28 0x00000001
core   0: 0x8000698c (0x03d3d733) divu    a4, t2, t4
core   0: 3 0x8000698c (0x03d3d733) x14 0x00000000
core   0: 0x80006990 (0x01260b33) add     s6, a2, s2
core   0: 3 0x80006990 (0x01260b33) x22 0x00000691
core   0: 0x80006994 (0x0036bbb3) sltu    s7, a3, gp
core   0: 3 0x80006994 (0x0036bbb3) x23 0x00000000
core   0: 0x80006998 (0x41efd293) srai    t0, t6, 30
core   0: 3 0x80006998 (0x41efd293) x 5 0x00000000
core   0: 0x8000699c (0x002d26b3) slt     a3, s10, sp
core   0: 3 0x8000699c (0x002d26b3) x13 0x00000001
core   0: 0x800069a0 (0x41c10233) sub     tp, sp, t3
core   0: 3 0x800069a0 (0x41c10233) x 4 0xffffffff
core   0: 0x800069a4 (0x9b874037) lui     zero, 0x9b874
core   0: 3 0x800069a4 (0x9b874037)
core   0: 0x800069a8 (0xa5e1a993) slti    s3, gp, -1442
core   0: 3 0x800069a8 (0xa5e1a993) x19 0x00000000
core   0: 0x800069ac (0x40df8733) sub     a4, t6, a3
core   0: 3 0x800069ac (0x40df8733) x14 0xffffffff
core   0: 0x800069b0 (0xaace7c13) andi    s8, t3, -1364
core   0: 3 0x800069b0 (0xaace7c13) x24 0x00000000
core   0: 0x800069b4 (0x03b46e33) rem     t3, s0, s11
core   0: 3 0x800069b4 (0x03b46e33) x28 0x00000011
core   0: 0x800069b8 (0x00027d33) and     s10, tp, zero
core   0: 3 0x800069b8 (0x00027d33) x26 0x00000000
core   0: 0x800069bc (0x4099d8b3) sra     a7, s3, s1
core   0: 3 0x800069bc (0x4099d8b3) x17 0x00000000
core   0: 0x800069c0 (0x6a8e3593) sltiu   a1, t3, 1704
core   0: 3 0x800069c0 (0x6a8e3593) x11 0x00000001
core   0: 0x800069c4 (0x008b97b3) sll     a5, s7, s0
core   0: 3 0x800069c4 (0x008b97b3) x15 0x00000000
core   0: 0x800069c8 (0x004a11b3) sll     gp, s4, tp
core   0: 3 0x800069c8 (0x004a11b3) x 3 0x80000000
core   0: 0x800069cc (0x03207bb3) remu    s7, zero, s2
core   0: 3 0x800069cc (0x03207bb3) x23 0x00000000
core   0: 0x800069d0 (0x4040d033) sra     zero, ra, tp
core   0: 3 0x800069d0 (0x4040d033)
core   0: 0x800069d4 (0x3c10fe93) andi    t4, ra, 961
core   0: 3 0x800069d4 (0x3c10fe93) x29 0x00000001
core   0: 0x800069d8 (0x00548433) add     s0, s1, t0
core   0: 3 0x800069d8 (0x00548433) x 8 0x80014e64
core   0: 0x800069dc (0x00000013) nop
core   0: 3 0x800069dc (0x00000013)
core   0: 0x800069e0 (0x03591bb3) mulh    s7, s2, s5
core   0: 3 0x800069e0 (0x03591bb3) x23 0x00000000
core   0: 0x800069e4 (0x6b7ec993) xori    s3, t4, 1719
core   0: 3 0x800069e4 (0x6b7ec993) x19 0x000006b6
core   0: 0x800069e8 (0x03a0fab3) remu    s5, ra, s10
core   0: 3 0x800069e8 (0x03a0fab3) x21 0x00000011
core   0: 0x800069ec (0x40eb5033) sra     zero, s6, a4
core   0: 3 0x800069ec (0x40eb5033)
core   0: 0x800069f0 (0x01bd5593) srli    a1, s10, 27
core   0: 3 0x800069f0 (0x01bd5593) x11 0x00000000
core   0: 0x800069f4 (0x02bbf933) remu    s2, s7, a1
core   0: 3 0x800069f4 (0x02bbf933) x18 0x00000000
core   0: 0x800069f8 (0x00a99693) slli    a3, s3, 10
core   0: 3 0x800069f8 (0x00a99693) x13 0x001ad800
core   0: 0x800069fc (0x194a7d93) andi    s11, s4, 404
core   0: 3 0x800069fc (0x194a7d93) x27 0x00000084
core   0: 0x80006a00 (0x00037eb3) and     t4, t1, zero
core   0: 3 0x80006a00 (0x00037eb3) x29 0x00000000
core   0: 0x80006a04 (0x03101933) mulh    s2, zero, a7
core   0: 3 0x80006a04 (0x03101933) x18 0x00000000
core   0: 0x80006a08 (0x3919ce13) xori    t3, s3, 913
core   0: 3 0x80006a08 (0x3919ce13) x28 0x00000527
core   0: 0x80006a0c (0x034b8eb3) mul     t4, s7, s4
core   0: 3 0x80006a0c (0x034b8eb3) x29 0x00000000
core   0: 0x80006a10 (0x03f57eb3) remu    t4, a0, t6
core   0: 3 0x80006a10 (0x03f57eb3) x29 0x00000000
core   0: 0x80006a14 (0x00463333) sltu    t1, a2, tp
core   0: 3 0x80006a14 (0x00463333) x 6 0x00000001
core   0: 0x80006a18 (0xf6abe397) auipc   t2, 0xf6abe
core   0: 3 0x80006a18 (0xf6abe397) x 7 0x76ac4a18
core   0: 0x80006a1c (0x512ebc13) sltiu   s8, t4, 1298
core   0: 3 0x80006a1c (0x512ebc13) x24 0x00000001
core   0: 0x80006a20 (0x41e4d5b3) sra     a1, s1, t5
core   0: 3 0x80006a20 (0x41e4d5b3) x11 0x80014e64
core   0: 0x80006a24 (0x03aa61b3) rem     gp, s4, s10
core   0: 3 0x80006a24 (0x03aa61b3) x 3 0xbad8bc85
core   0: 0x80006a28 (0x000cc233) xor     tp, s9, zero
core   0: 3 0x80006a28 (0x000cc233) x 4 0xb6972000
core   0: 0x80006a2c (0x011ea533) slt     a0, t4, a7
core   0: 3 0x80006a2c (0x011ea533) x10 0x00000000
core   0: 0x80006a30 (0x7a50c113) xori    sp, ra, 1957
core   0: 3 0x80006a30 (0x7a50c113) x 2 0x000007b4
core   0: 0x80006a34 (0x75552013) slti    zero, a0, 1877
core   0: 3 0x80006a34 (0x75552013)
core   0: 0x80006a38 (0x41fd0f33) sub     t5, s10, t6
core   0: 3 0x80006a38 (0x41fd0f33) x30 0x00000000
core   0: 0x80006a3c (0x00000013) nop
core   0: 3 0x80006a3c (0x00000013)
core   0: 0x80006a40 (0x0078cdb3) xor     s11, a7, t2
core   0: 3 0x80006a40 (0x0078cdb3) x27 0x76ac4a18
core   0: 0x80006a44 (0xd8c2b913) sltiu   s2, t0, -628
core   0: 3 0x80006a44 (0xd8c2b913) x18 0x00000001
core   0: 0x80006a48 (0x022849b3) div     s3, a6, sp
core   0: 3 0x80006a48 (0x022849b3) x19 0xffef6258
core   0: 0x80006a4c (0x58654513) xori    a0, a0, 1414
core   0: 3 0x80006a4c (0x58654513) x10 0x00000586
core   0: 0x80006a50 (0x020c1933) mulh    s2, s8, zero
core   0: 3 0x80006a50 (0x020c1933) x18 0x00000000
core   0: 0x80006a54 (0xe59b27b7) lui     a5, 0xe59b2
core   0: 3 0x80006a54 (0xe59b27b7) x15 0xe59b2000
core   0: 0x80006a58 (0x23a67697) auipc   a3, 0x23a67
core   0: 3 0x80006a58 (0x23a67697) x13 0xa3a6da58
core   0: 0x80006a5c (0x00000013) nop
core   0: 3 0x80006a5c (0x00000013)
core   0: 0x80006a60 (0x768e0713) addi    a4, t3, 1896
core   0: 3 0x80006a60 (0x768e0713) x14 0x00000c8f
core   0: 0x80006a64 (0x4118df13) srai    t5, a7, 17
core   0: 3 0x80006a64 (0x4118df13) x30 0x00000000
core   0: 0x80006a68 (0x03e426b3) mulhsu  a3, s0, t5
core   0: 3 0x80006a68 (0x03e426b3) x13 0x00000000
core   0: 0x80006a6c (0x03c95b33) divu    s6, s2, t3
core   0: 3 0x80006a6c (0x03c95b33) x22 0x00000000
core   0: 0x80006a70 (0xbc06e417) auipc   s0, 0xbc06e
core   0: 3 0x80006a70 (0xbc06e417) x 8 0x3c074a70
core   0: 0x80006a74 (0x01ca2fb3) slt     t6, s4, t3
core   0: 3 0x80006a74 (0x01ca2fb3) x31 0x00000001
core   0: 0x80006a78 (0x40570033) sub     zero, a4, t0
core   0: 3 0x80006a78 (0x40570033)
core   0: 0x80006a7c (0x59b64013) xori    zero, a2, 1435
core   0: 3 0x80006a7c (0x59b64013)
core   0: 0x80006a80 (0x02d2bb33) mulhu   s6, t0, a3
core   0: 3 0x80006a80 (0x02d2bb33) x22 0x00000000
core   0: 0x80006a84 (0x39f73997) auipc   s3, 0x39f73
core   0: 3 0x80006a84 (0x39f73997) x19 0xb9f79a84
core   0: 0x80006a88 (0xc536e593) ori     a1, a3, -941
core   0: 3 0x80006a88 (0xc536e593) x11 0xfffffc53
core   0: 0x80006a8c (0xeedf0897) auipc   a7, 0xeedf0
core   0: 3 0x80006a8c (0xeedf0897) x17 0x6edf6a8c
core   0: 0x80006a90 (0x3257dfb7) lui     t6, 0x3257d
core   0: 3 0x80006a90 (0x3257dfb7) x31 0x3257d000
core   0: 0x80006a94 (0x00b7c733) xor     a4, a5, a1
core   0: 3 0x80006a94 (0x00b7c733) x14 0x1a64dc53
core   0: 0x80006a98 (0xc2d68693) addi    a3, a3, -979
core   0: 3 0x80006a98 (0xc2d68693) x13 0xfffffc2d
core   0: 0x80006a9c (0x01c7c133) xor     sp, a5, t3
core   0: 3 0x80006a9c (0x01c7c133) x 2 0xe59b2527
core   0: 0x80006aa0 (0x00000013) nop
core   0: 3 0x80006aa0 (0x00000013)
core   0: 0x80006aa4 (0x013667b3) or      a5, a2, s3
core   0: 3 0x80006aa4 (0x013667b3) x15 0xb9f79a84
core   0: 0x80006aa8 (0x00e0fbb3) and     s7, ra, a4
core   0: 3 0x80006aa8 (0x00e0fbb3) x23 0x00000011
core   0: 0x80006aac (0x01431a93) slli    s5, t1, 20
core   0: 3 0x80006aac (0x01431a93) x21 0x00100000
core   0: 0x80006ab0 (0x9425a093) slti    ra, a1, -1726
core   0: 3 0x80006ab0 (0x9425a093) x 1 0x00000000
core   0: 0x80006ab4 (0x00c33b33) sltu    s6, t1, a2
core   0: 3 0x80006ab4 (0x00c33b33) x22 0x00000000
core   0: 0x80006ab8 (0x037b1d33) mulh    s10, s6, s7
core   0: 3 0x80006ab8 (0x037b1d33) x26 0x00000000
core   0: 0x80006abc (0x41eed993) srai    s3, t4, 30
core   0: 3 0x80006abc (0x41eed993) x19 0x00000000
core   0: 0x80006ac0 (0xa2c57c93) andi    s9, a0, -1492
core   0: 3 0x80006ac0 (0xa2c57c93) x25 0x00000004
core   0: 0x80006ac4 (0x00769933) sll     s2, a3, t2
core   0: 3 0x80006ac4 (0x00769933) x18 0x2d000000
core   0: 0x80006ac8 (0x4069d433) sra     s0, s3, t1
core   0: 3 0x80006ac8 (0x4069d433) x 8 0x00000000
core   0: 0x80006acc (0x00383d33) sltu    s10, a6, gp
core   0: 3 0x80006acc (0x00383d33) x26 0x00000001
core   0: 0x80006ad0 (0x14e56593) ori     a1, a0, 334
core   0: 3 0x80006ad0 (0x14e56593) x11 0x000005ce
core   0: 0x80006ad4 (0x13c00e13) li      t3, 316
core   0: 3 0x80006ad4 (0x13c00e13) x28 0x0000013c
core   0: 0x80006ad8 (0xcde56193) ori     gp, a0, -802
core   0: 3 0x80006ad8 (0xcde56193) x 3 0xfffffdde
core   0: 0x80006adc (0x036b0533) mul     a0, s6, s6
core   0: 3 0x80006adc (0x036b0533) x10 0x00000000
core   0: 0x80006ae0 (0x002713b3) sll     t2, a4, sp
core   0: 3 0x80006ae0 (0x002713b3) x 7 0x326e2980
core   0: 0x80006ae4 (0x01067233) and     tp, a2, a6
core   0: 3 0x80006ae4 (0x01067233) x 4 0x00000000
core   0: 0x80006ae8 (0xc647f293) andi    t0, a5, -924
core   0: 3 0x80006ae8 (0xc647f293) x 5 0xb9f79804
core   0: 0x80006aec (0x00000013) nop
core   0: 3 0x80006aec (0x00000013)
core   0: 0x80006af0 (0x028bddb3) divu    s11, s7, s0
core   0: 3 0x80006af0 (0x028bddb3) x27 0xffffffff
core   0: 0x80006af4 (0xdb36c217) auipc   tp, 0xdb36c
core   0: 3 0x80006af4 (0xdb36c217) x 4 0x5b372af4
core   0: 0x80006af8 (0x01ddadb3) slt     s11, s11, t4
core   0: 3 0x80006af8 (0x01ddadb3) x27 0x00000001
core   0: 0x80006afc (0x4b8a4693) xori    a3, s4, 1208
core   0: 3 0x80006afc (0x4b8a4693) x13 0xbad8b83d
core   0: 0x80006b00 (0x02adabb3) mulhsu  s7, s11, a0
core   0: 3 0x80006b00 (0x02adabb3) x23 0x00000000
core   0: 0x80006b04 (0x76022013) slti    zero, tp, 1888
core   0: 3 0x80006b04 (0x76022013)
core   0: 0x80006b08 (0x02e213b3) mulh    t2, tp, a4
core   0: 3 0x80006b08 (0x02e213b3) x 7 0x09678a6a
core   0: 0x80006b0c (0x002d32b3) sltu    t0, s10, sp
core   0: 3 0x80006b0c (0x002d32b3) x 5 0x00000001
core   0: 0x80006b10 (0x41efd933) sra     s2, t6, t5
core   0: 3 0x80006b10 (0x41efd933) x18 0x3257d000
core   0: 0x80006b14 (0x971e0c13) addi    s8, t3, -1679
core   0: 3 0x80006b14 (0x971e0c13) x24 0xfffffaad
core   0: 0x80006b18 (0xcedf8193) addi    gp, t6, -787
core   0: 3 0x80006b18 (0xcedf8193) x 3 0x3257cced
core   0: 0x80006b1c (0x0040ccb3) xor     s9, ra, tp
core   0: 3 0x80006b1c (0x0040ccb3) x25 0x5b372af4
core   0: 0x80006b20 (0x75c4e913) ori     s2, s1, 1884
core   0: 3 0x80006b20 (0x75c4e913) x18 0x80014f7c
core   0: 0x80006b24 (0xc8951937) lui     s2, 0xc8951
core   0: 3 0x80006b24 (0xc8951937) x18 0xc8951000
core   0: 0x80006b28 (0xcc386713) ori     a4, a6, -829
core   0: 3 0x80006b28 (0xcc386713) x14 0xfffffce7
core   0: 0x80006b2c (0x0bbb3893) sltiu   a7, s6, 187
core   0: 3 0x80006b2c (0x0bbb3893) x17 0x00000001
core   0: 0x80006b30 (0x02c396b3) mulh    a3, t2, a2
core   0: 3 0x80006b30 (0x02c396b3) x13 0x00000000
core   0: 0x80006b34 (0x028ef0b3) remu    ra, t4, s0
core   0: 3 0x80006b34 (0x028ef0b3) x 1 0x00000000
core   0: 0x80006b38 (0x013e61b3) or      gp, t3, s3
core   0: 3 0x80006b38 (0x013e61b3) x 3 0x0000013c
core   0: 0x80006b3c (0x03341ab3) mulh    s5, s0, s3
core   0: 3 0x80006b3c (0x03341ab3) x21 0x00000000
core   0: 0x80006b40 (0x00000013) nop
core   0: 3 0x80006b40 (0x00000013)
core   0: 0x80006b44 (0x41d0d913) srai    s2, ra, 29
core   0: 3 0x80006b44 (0x41d0d913) x18 0x00000000
core   0: 0x80006b48 (0x02ea6d33) rem     s10, s4, a4
core   0: 3 0x80006b48 (0x02ea6d33) x26 0xffffffca
core   0: 0x80006b4c (0x033e1633) mulh    a2, t3, s3
core   0: 3 0x80006b4c (0x033e1633) x12 0x00000000
core   0: 0x80006b50 (0x9ba86b93) ori     s7, a6, -1606
core   0: 3 0x80006b50 (0x9ba86b93) x23 0xfffffdfe
core   0: 0x80006b54 (0x7013e093) ori     ra, t2, 1793
core   0: 3 0x80006b54 (0x7013e093) x 1 0x09678f6b
core   0: 0x80006b58 (0x033076b3) remu    a3, zero, s3
core   0: 3 0x80006b58 (0x033076b3) x13 0x00000000
core   0: 0x80006b5c (0x80daf093) andi    ra, s5, -2035
core   0: 3 0x80006b5c (0x80daf093) x 1 0x00000000
core   0: 0x80006b60 (0x00d55693) srli    a3, a0, 13
core   0: 3 0x80006b60 (0x00d55693) x13 0x00000000
core   0: 0x80006b64 (0x222e0913) addi    s2, t3, 546
core   0: 3 0x80006b64 (0x222e0913) x18 0x0000035e
core   0: 0x80006b68 (0x0369c133) div     sp, s3, s6
core   0: 3 0x80006b68 (0x0369c133) x 2 0xffffffff
core   0: 0x80006b6c (0x01e2d6b3) srl     a3, t0, t5
core   0: 3 0x80006b6c (0x01e2d6b3) x13 0x00000001
core   0: 0x80006b70 (0x40e75193) srai    gp, a4, 14
core   0: 3 0x80006b70 (0x40e75193) x 3 0xffffffff
core   0: 0x80006b74 (0x400586b3) sub     a3, a1, zero
core   0: 3 0x80006b74 (0x400586b3) x13 0x000005ce
core   0: 0x80006b78 (0x025a10b3) mulh    ra, s4, t0
core   0: 3 0x80006b78 (0x025a10b3) x 1 0xffffffff
core   0: 0x80006b7c (0xd28d59b7) lui     s3, 0xd28d5
core   0: 3 0x80006b7c (0xd28d59b7) x19 0xd28d5000
core   0: 0x80006b80 (0x00ffa233) slt     tp, t6, a5
core   0: 3 0x80006b80 (0x00ffa233) x 4 0x00000000
core   0: 0x80006b84 (0x5959a913) slti    s2, s3, 1429
core   0: 3 0x80006b84 (0x5959a913) x18 0x00000001
core   0: 0x80006b88 (0x019fd413) srli    s0, t6, 25
core   0: 3 0x80006b88 (0x019fd413) x 8 0x00000019
core   0: 0x80006b8c (0x019ab5b3) sltu    a1, s5, s9
core   0: 3 0x80006b8c (0x019ab5b3) x11 0x00000001
core   0: 0x80006b90 (0x031caab3) mulhsu  s5, s9, a7
core   0: 3 0x80006b90 (0x031caab3) x21 0x00000000
core   0: 0x80006b94 (0x0212c033) div     zero, t0, ra
core   0: 3 0x80006b94 (0x0212c033)
core   0: 0x80006b98 (0x022c8c33) mul     s8, s9, sp
core   0: 3 0x80006b98 (0x022c8c33) x24 0xa4c8d50c
core   0: 0x80006b9c (0x03bee033) rem     zero, t4, s11
core   0: 3 0x80006b9c (0x03bee033)
core   0: 0x80006ba0 (0x00f69c33) sll     s8, a3, a5
core   0: 3 0x80006ba0 (0x00f69c33) x24 0x00005ce0
core   0: 0x80006ba4 (0x032adeb3) divu    t4, s5, s2
core   0: 3 0x80006ba4 (0x032adeb3) x29 0x00000000
core   0: 0x80006ba8 (0x40058633) sub     a2, a1, zero
core   0: 3 0x80006ba8 (0x40058633) x12 0x00000001
core   0: 0x80006bac (0xba39ba93) sltiu   s5, s3, -1117
core   0: 3 0x80006bac (0xba39ba93) x21 0x00000001
core   0: 0x80006bb0 (0x015df933) and     s2, s11, s5
core   0: 3 0x80006bb0 (0x015df933) x18 0x00000001
core   0: 0x80006bb4 (0xf136bab7) lui     s5, 0xf136b
core   0: 3 0x80006bb4 (0xf136bab7) x21 0xf136b000
core   0: 0x80006bb8 (0x021c6233) rem     tp, s8, ra
core   0: 3 0x80006bb8 (0x021c6233) x 4 0x00000000
core   0: 0x80006bbc (0x2e9ffb93) andi    s7, t6, 745
core   0: 3 0x80006bbc (0x2e9ffb93) x23 0x00000000
core   0: 0x80006bc0 (0x01dfa0b3) slt     ra, t6, t4
core   0: 3 0x80006bc0 (0x01dfa0b3) x 1 0x00000000
core   0: 0x80006bc4 (0x5c9c3313) sltiu   t1, s8, 1481
core   0: 3 0x80006bc4 (0x5c9c3313) x 6 0x00000000
core   0: 0x80006bc8 (0x228c6037) lui     zero, 0x228c6
core   0: 3 0x80006bc8 (0x228c6037)
core   0: 0x80006bcc (0x023908b3) mul     a7, s2, gp
core   0: 3 0x80006bcc (0x023908b3) x17 0xffffffff
core   0: 0x80006bd0 (0x004f9ab3) sll     s5, t6, tp
core   0: 3 0x80006bd0 (0x004f9ab3) x21 0x3257d000
core   0: 0x80006bd4 (0x7eb00393) li      t2, 2027
core   0: 3 0x80006bd4 (0x7eb00393) x 7 0x000007eb
core   0: 0x80006bd8 (0xae81a213) slti    tp, gp, -1304
core   0: 3 0x80006bd8 (0xae81a213) x 4 0x00000000
core   0: 0x80006bdc (0x6de14437) lui     s0, 0x6de14
core   0: 3 0x80006bdc (0x6de14437) x 8 0x6de14000
core   0: 0x80006be0 (0x4897b297) auipc   t0, 0x4897b
core   0: 3 0x80006be0 (0x4897b297) x 5 0xc8981be0
core   0: 0x80006be4 (0x004612b3) sll     t0, a2, tp
core   0: 3 0x80006be4 (0x004612b3) x 5 0x00000001
core   0: 0x80006be8 (0x405e5fb3) sra     t6, t3, t0
core   0: 3 0x80006be8 (0x405e5fb3) x31 0x0000009e
core   0: 0x80006bec (0x03778733) mul     a4, a5, s7
core   0: 3 0x80006bec (0x03778733) x14 0x00000000
core   0: 0x80006bf0 (0x2b100cb7) lui     s9, 0x2b100
core   0: 3 0x80006bf0 (0x2b100cb7) x25 0x2b100000
core   0: 0x80006bf4 (0x02014433) div     s0, sp, zero
core   0: 3 0x80006bf4 (0x02014433) x 8 0xffffffff
core   0: 0x80006bf8 (0x00195413) srli    s0, s2, 1
core   0: 3 0x80006bf8 (0x00195413) x 8 0x00000000
core   0: 0x80006bfc (0x0063f0b3) and     ra, t2, t1
core   0: 3 0x80006bfc (0x0063f0b3) x 1 0x00000000
core   0: 0x80006c00 (0x6b684d13) xori    s10, a6, 1718
core   0: 3 0x80006c00 (0x6b684d13) x26 0x80018a52
core   0: 0x80006c04 (0x0294c933) div     s2, s1, s1
core   0: 3 0x80006c04 (0x0294c933) x18 0x00000001
core   0: 0x80006c08 (0x0303a533) mulhsu  a0, t2, a6
core   0: 3 0x80006c08 (0x0303a533) x10 0x000003f5
core   0: 0x80006c0c (0x4099d793) srai    a5, s3, 9
core   0: 3 0x80006c0c (0x4099d793) x15 0xffe946a8
core   0: 0x80006c10 (0x01eca5b3) slt     a1, s9, t5
core   0: 3 0x80006c10 (0x01eca5b3) x11 0x00000000
core   0: 0x80006c14 (0x03e6c233) div     tp, a3, t5
core   0: 3 0x80006c14 (0x03e6c233) x 4 0xffffffff
core   0: 0x80006c18 (0x00a4c533) xor     a0, s1, a0
core   0: 3 0x80006c18 (0x00a4c533) x10 0x80014d91
core   0: 0x80006c1c (0x001af333) and     t1, s5, ra
core   0: 3 0x80006c1c (0x001af333) x 6 0x00000000
core   0: 0x80006c20 (0x02d74333) div     t1, a4, a3
core   0: 3 0x80006c20 (0x02d74333) x 6 0x00000000
core   0: 0x80006c24 (0x00b81013) slli    zero, a6, 11
core   0: 3 0x80006c24 (0x00b81013)
core   0: 0x80006c28 (0x01e23033) sltu    zero, tp, t5
core   0: 3 0x80006c28 (0x01e23033)
core   0: 0x80006c2c (0x6f9e0417) auipc   s0, 0x6f9e0
core   0: 3 0x80006c2c (0x6f9e0417) x 8 0xef9e6c2c
core   0: 0x80006c30 (0x00f82bb3) slt     s7, a6, a5
core   0: 3 0x80006c30 (0x00f82bb3) x23 0x00000001
core   0: 0x80006c34 (0x02584d33) div     s10, a6, t0
core   0: 3 0x80006c34 (0x02584d33) x26 0x80018ce4
core   0: 0x80006c38 (0x027d33b3) mulhu   t2, s10, t2
core   0: 3 0x80006c38 (0x027d33b3) x 7 0x000003f5
core   0: 0x80006c3c (0x039f8033) mul     zero, t6, s9
core   0: 3 0x80006c3c (0x039f8033)
core   0: 0x80006c40 (0x07a98e13) addi    t3, s3, 122
core   0: 3 0x80006c40 (0x07a98e13) x28 0xd28d507a
core   0: 0x80006c44 (0x02a9ed33) rem     s10, s3, a0
core   0: 3 0x80006c44 (0x02a9ed33) x26 0xd28d5000
core   0: 0x80006c48 (0x01fdbbb3) sltu    s7, s11, t6
core   0: 3 0x80006c48 (0x01fdbbb3) x23 0x00000001
core   0: 0x80006c4c (0x03b87433) remu    s0, a6, s11
core   0: 3 0x80006c4c (0x03b87433) x 8 0x00000000
core   0: 0x80006c50 (0x00000013) nop
core   0: 3 0x80006c50 (0x00000013)
core   0: 0x80006c54 (0x98046913) ori     s2, s0, -1664
core   0: 3 0x80006c54 (0x98046913) x18 0xfffff980
core   0: 0x80006c58 (0x8e917b17) auipc   s6, 0x8e917
core   0: 3 0x80006c58 (0x8e917b17) x22 0x0e91dc58
core   0: 0x80006c5c (0x03f41cb3) mulh    s9, s0, t6
core   0: 3 0x80006c5c (0x03f41cb3) x25 0x00000000
core   0: 0x80006c60 (0x01a05093) srli    ra, zero, 26
core   0: 3 0x80006c60 (0x01a05093) x 1 0x00000000
core   0: 0x80006c64 (0xf5055bb7) lui     s7, 0xf5055
core   0: 3 0x80006c64 (0xf5055bb7) x23 0xf5055000
core   0: 0x80006c68 (0x5d42a1b7) lui     gp, 0x5d42a
core   0: 3 0x80006c68 (0x5d42a1b7) x 3 0x5d42a000
core   0: 0x80006c6c (0x034dc033) div     zero, s11, s4
core   0: 3 0x80006c6c (0x034dc033)
core   0: 0x80006c70 (0x103c4c13) xori    s8, s8, 259
core   0: 3 0x80006c70 (0x103c4c13) x24 0x00005de3
core   0: 0x80006c74 (0x001c6333) or      t1, s8, ra
core   0: 3 0x80006c74 (0x001c6333) x 6 0x00005de3
core   0: 0x80006c78 (0x032d08b3) mul     a7, s10, s2
core   0: 3 0x80006c78 (0x032d08b3) x17 0x69780000
core   0: 0x80006c7c (0x02938133) mul     sp, t2, s1
core   0: 3 0x80006c7c (0x02938133) x 2 0x852b31b4
core   0: 0x80006c80 (0x00c7d413) srli    s0, a5, 12
core   0: 3 0x80006c80 (0x00c7d413) x 8 0x000ffe94
core   0: 0x80006c84 (0xc093ba93) sltiu   s5, t2, -1015
core   0: 3 0x80006c84 (0xc093ba93) x21 0x00000001
core   0: 0x80006c88 (0x00000013) nop
core   0: 3 0x80006c88 (0x00000013)
core   0: 0x80006c8c (0x02b608b3) mul     a7, a2, a1
core   0: 3 0x80006c8c (0x02b608b3) x17 0x00000000
core   0: 0x80006c90 (0xc2e97197) auipc   gp, 0xc2e97
core   0: 3 0x80006c90 (0xc2e97197) x 3 0x42e9dc90
core   0: 0x80006c94 (0x00000013) nop
core   0: 3 0x80006c94 (0x00000013)
core   0: 0x80006c98 (0x039990b3) mulh    ra, s3, s9
core   0: 3 0x80006c98 (0x039990b3) x 1 0x00000000
core   0: 0x80006c9c (0x02435eb3) divu    t4, t1, tp
core   0: 3 0x80006c9c (0x02435eb3) x29 0x00000000
core   0: 0x80006ca0 (0x01f756b3) srl     a3, a4, t6
core   0: 3 0x80006ca0 (0x01f756b3) x13 0x00000000
core   0: 0x80006ca4 (0x015172b3) and     t0, sp, s5
core   0: 3 0x80006ca4 (0x015172b3) x 5 0x00000000
core   0: 0x80006ca8 (0x00f02133) slt     sp, zero, a5
core   0: 3 0x80006ca8 (0x00f02133) x 2 0x00000000
core   0: 0x80006cac (0x01b31c13) slli    s8, t1, 27
core   0: 3 0x80006cac (0x01b31c13) x24 0x18000000
core   0: 0x80006cb0 (0x00632bb3) slt     s7, t1, t1
core   0: 3 0x80006cb0 (0x00632bb3) x23 0x00000000
core   0: 0x80006cb4 (0x00195113) srli    sp, s2, 1
core   0: 3 0x80006cb4 (0x00195113) x 2 0x7ffffcc0
core   0: 0x80006cb8 (0x0a8a4093) xori    ra, s4, 168
core   0: 3 0x80006cb8 (0x0a8a4093) x 1 0xbad8bc2d
core   0: 0x80006cbc (0x00f49533) sll     a0, s1, a5
core   0: 3 0x80006cbc (0x00f49533) x10 0x014e6400
core   0: 0x80006cc0 (0x018e6433) or      s0, t3, s8
core   0: 3 0x80006cc0 (0x018e6433) x 8 0xda8d507a
core   0: 0x80006cc4 (0x00c77f33) and     t5, a4, a2
core   0: 3 0x80006cc4 (0x00c77f33) x30 0x00000000
core   0: 0x80006cc8 (0x53b86213) ori     tp, a6, 1339
core   0: 3 0x80006cc8 (0x53b86213) x 4 0x80018dff
core   0: 0x80006ccc (0x47b40b93) addi    s7, s0, 1147
core   0: 3 0x80006ccc (0x47b40b93) x23 0xda8d54f5
core   0: 0x80006cd0 (0x41a8be93) sltiu   t4, a7, 1050
core   0: 3 0x80006cd0 (0x41a8be93) x29 0x00000001
core   0: 0x80006cd4 (0x00ff26b3) slt     a3, t5, a5
core   0: 3 0x80006cd4 (0x00ff26b3) x13 0x00000000
core   0: 0x80006cd8 (0x02ecd0b3) divu    ra, s9, a4
core   0: 3 0x80006cd8 (0x02ecd0b3) x 1 0xffffffff
core   0: 0x80006cdc (0x03bee2b3) rem     t0, t4, s11
core   0: 3 0x80006cdc (0x03bee2b3) x 5 0x00000000
core   0: 0x80006ce0 (0x00bdf0b3) and     ra, s11, a1
core   0: 3 0x80006ce0 (0x00bdf0b3) x 1 0x00000000
core   0: 0x80006ce4 (0xb2ec2b13) slti    s6, s8, -1234
core   0: 3 0x80006ce4 (0xb2ec2b13) x22 0x00000000
core   0: 0x80006ce8 (0x03c913b3) mulh    t2, s2, t3
core   0: 3 0x80006ce8 (0x03c913b3) x 7 0x00000127
core   0: 0x80006cec (0x004cbb93) sltiu   s7, s9, 4
core   0: 3 0x80006cec (0x004cbb93) x23 0x00000001
core   0: 0x80006cf0 (0x4c93c393) xori    t2, t2, 1225
core   0: 3 0x80006cf0 (0x4c93c393) x 7 0x000005ee
core   0: 0x80006cf4 (0x02003933) mulhu   s2, zero, zero
core   0: 3 0x80006cf4 (0x02003933) x18 0x00000000
core   0: 0x80006cf8 (0x02957933) remu    s2, a0, s1
core   0: 3 0x80006cf8 (0x02957933) x18 0x014e6400
core   0: 0x80006cfc (0xc622bc13) sltiu   s8, t0, -926
core   0: 3 0x80006cfc (0xc622bc13) x24 0x00000001
core   0: 0x80006d00 (0x01f41933) sll     s2, s0, t6
core   0: 3 0x80006d00 (0x01f41933) x18 0x80000000
core   0: 0x80006d04 (0xa1963e13) sltiu   t3, a2, -1511
core   0: 3 0x80006d04 (0xa1963e13) x28 0x00000001
core   0: 0x80006d08 (0x4050deb3) sra     t4, ra, t0
core   0: 3 0x80006d08 (0x4050deb3) x29 0x00000000
core   0: 0x80006d0c (0x861dcd93) xori    s11, s11, -1951
core   0: 3 0x80006d0c (0x861dcd93) x27 0xfffff860
core   0: 0x80006d10 (0x194fa413) slti    s0, t6, 404
core   0: 3 0x80006d10 (0x194fa413) x 8 0x00000001
core   0: 0x80006d14 (0xb2c5b9b7) lui     s3, 0xb2c5b
core   0: 3 0x80006d14 (0xb2c5b9b7) x19 0xb2c5b000
core   0: 0x80006d18 (0x034c4cb3) div     s9, s8, s4
core   0: 3 0x80006d18 (0x034c4cb3) x25 0x00000000
core   0: 0x80006d1c (0xbdc5ce13) xori    t3, a1, -1060
core   0: 3 0x80006d1c (0xbdc5ce13) x28 0xfffffbdc
core   0: 0x80006d20 (0x01005933) srl     s2, zero, a6
core   0: 3 0x80006d20 (0x01005933) x18 0x00000000
core   0: 0x80006d24 (0x6369e593) ori     a1, s3, 1590
core   0: 3 0x80006d24 (0x6369e593) x11 0xb2c5b636
core   0: 0x80006d28 (0x015a3db3) sltu    s11, s4, s5
core   0: 3 0x80006d28 (0x015a3db3) x27 0x00000000
core   0: 0x80006d2c (0x0dad5297) auipc   t0, 0xdad5
core   0: 3 0x80006d2c (0x0dad5297) x 5 0x8dadbd2c
core   0: 0x80006d30 (0x023e8d33) mul     s10, t4, gp
core   0: 3 0x80006d30 (0x023e8d33) x26 0x00000000
core   0: 0x80006d34 (0x03d0f733) remu    a4, ra, t4
core   0: 3 0x80006d34 (0x03d0f733) x14 0x00000000
core   0: 0x80006d38 (0x668bfe13) andi    t3, s7, 1640
core   0: 3 0x80006d38 (0x668bfe13) x28 0x00000000
core   0: 0x80006d3c (0x03c761b3) rem     gp, a4, t3
core   0: 3 0x80006d3c (0x03c761b3) x 3 0x00000000
core   0: 0x80006d40 (0x030d7bb3) remu    s7, s10, a6
core   0: 3 0x80006d40 (0x030d7bb3) x23 0x00000000
core   0: 0x80006d44 (0xd3a53697) auipc   a3, 0xd3a53
core   0: 3 0x80006d44 (0xd3a53697) x13 0x53a59d44
core   0: 0x80006d48 (0x01fc2cb3) slt     s9, s8, t6
core   0: 3 0x80006d48 (0x01fc2cb3) x25 0x00000001
core   0: 0x80006d4c (0x3012bb13) sltiu   s6, t0, 769
core   0: 3 0x80006d4c (0x3012bb13) x22 0x00000000
core   0: 0x80006d50 (0x6b48a113) slti    sp, a7, 1716
core   0: 3 0x80006d50 (0x6b48a113) x 2 0x00000001
core   0: 0x80006d54 (0x11ed2f93) slti    t6, s10, 286
core   0: 3 0x80006d54 (0x11ed2f93) x31 0x00000001
core   0: 0x80006d58 (0x0aa07a93) andi    s5, zero, 170
core   0: 3 0x80006d58 (0x0aa07a93) x21 0x00000000
core   0: 0x80006d5c (0x66a34393) xori    t2, t1, 1642
core   0: 3 0x80006d5c (0x66a34393) x 7 0x00005b89
core   0: 0x80006d60 (0x40b15f33) sra     t5, sp, a1
core   0: 3 0x80006d60 (0x40b15f33) x30 0x00000000
core   0: 0x80006d64 (0xb932c413) xori    s0, t0, -1133
core   0: 3 0x80006d64 (0xb932c413) x 8 0x725246bf
core   0: 0x80006d68 (0x0023f233) and     tp, t2, sp
core   0: 3 0x80006d68 (0x0023f233) x 4 0x00000001
core   0: 0x80006d6c (0xc3607d93) andi    s11, zero, -970
core   0: 3 0x80006d6c (0xc3607d93) x27 0x00000000
core   0: 0x80006d70 (0xdcc2c913) xori    s2, t0, -564
core   0: 3 0x80006d70 (0xdcc2c913) x18 0x725240e0
core   0: 0x80006d74 (0x027860b3) rem     ra, a6, t2
core   0: 3 0x80006d74 (0x027860b3) x 1 0xffffeb13
core   0: 0x80006d78 (0x02a687b3) mul     a5, a3, a0
core   0: 3 0x80006d78 (0x02a687b3) x15 0xe0269000
core   0: 0x80006d7c (0x031e99b3) mulh    s3, t4, a7
core   0: 3 0x80006d7c (0x031e99b3) x19 0x00000000
core   0: 0x80006d80 (0x020f2233) mulhsu  tp, t5, zero
core   0: 3 0x80006d80 (0x020f2233) x 4 0x00000000
core   0: 0x80006d84 (0x78078b37) lui     s6, 0x78078
core   0: 3 0x80006d84 (0x78078b37) x22 0x78078000
core   0: 0x80006d88 (0x01089993) slli    s3, a7, 16
core   0: 3 0x80006d88 (0x01089993) x19 0x00000000
core   0: 0x80006d8c (0x4b3abb13) sltiu   s6, s5, 1203
core   0: 3 0x80006d8c (0x4b3abb13) x22 0x00000001
core   0: 0x80006d90 (0x009d0693) addi    a3, s10, 9
core   0: 3 0x80006d90 (0x009d0693) x13 0x00000009
core   0: 0x80006d94 (0x00315b33) srl     s6, sp, gp
core   0: 3 0x80006d94 (0x00315b33) x22 0x00000001
core   0: 0x80006d98 (0x40a15793) srai    a5, sp, 10
core   0: 3 0x80006d98 (0x40a15793) x15 0x00000000
core   0: 0x80006d9c (0x03d95133) divu    sp, s2, t4
core   0: 3 0x80006d9c (0x03d95133) x 2 0xffffffff
core   0: 0x80006da0 (0x00b2e7b3) or      a5, t0, a1
core   0: 3 0x80006da0 (0x00b2e7b3) x15 0xbfedbf3e
core   0: 0x80006da4 (0x03f95033) divu    zero, s2, t6
core   0: 3 0x80006da4 (0x03f95033)
core   0: 0x80006da8 (0x01082eb3) slt     t4, a6, a6
core   0: 3 0x80006da8 (0x01082eb3) x29 0x00000000
core   0: 0x80006dac (0x0088bcb3) sltu    s9, a7, s0
core   0: 3 0x80006dac (0x0088bcb3) x25 0x00000001
core   0: 0x80006db0 (0x42f08793) addi    a5, ra, 1071
core   0: 3 0x80006db0 (0x42f08793) x15 0xffffef42
core   0: 0x80006db4 (0xce9d2e93) slti    t4, s10, -791
core   0: 3 0x80006db4 (0xce9d2e93) x29 0x00000000
core   0: 0x80006db8 (0x00ea7433) and     s0, s4, a4
core   0: 3 0x80006db8 (0x00ea7433) x 8 0x00000000
core   0: 0x80006dbc (0x00332633) slt     a2, t1, gp
core   0: 3 0x80006dbc (0x00332633) x12 0x00000000
core   0: 0x80006dc0 (0x03431fb3) mulh    t6, t1, s4
core   0: 3 0x80006dc0 (0x03431fb3) x31 0xffffe6a3
core   0: 0x80006dc4 (0x41515e13) srai    t3, sp, 21
core   0: 3 0x80006dc4 (0x41515e13) x28 0xffffffff
core   0: 0x80006dc8 (0x00f53d33) sltu    s10, a0, a5
core   0: 3 0x80006dc8 (0x00f53d33) x26 0x00000001
core   0: 0x80006dcc (0x028c5033) divu    zero, s8, s0
core   0: 3 0x80006dcc (0x028c5033)
core   0: 0x80006dd0 (0x00000013) nop
core   0: 3 0x80006dd0 (0x00000013)
core   0: 0x80006dd4 (0x00000013) nop
core   0: 3 0x80006dd4 (0x00000013)
core   0: 0x80006dd8 (0x0249b0b3) mulhu   ra, s3, tp
core   0: 3 0x80006dd8 (0x0249b0b3) x 1 0x00000000
core   0: 0x80006ddc (0xffbabcb7) lui     s9, 0xffbab
core   0: 3 0x80006ddc (0xffbabcb7) x25 0xffbab000
core   0: 0x80006de0 (0xe92ac193) xori    gp, s5, -366
core   0: 3 0x80006de0 (0xe92ac193) x 3 0xfffffe92
core   0: 0x80006de4 (0x02a383b3) mul     t2, t2, a0
core   0: 3 0x80006de4 (0x02a383b3) x 7 0x907f8400
core   0: 0x80006de8 (0xe80ee913) ori     s2, t4, -384
core   0: 3 0x80006de8 (0xe80ee913) x18 0xfffffe80
core   0: 0x80006dec (0x75bf8f13) addi    t5, t6, 1883
core   0: 3 0x80006dec (0x75bf8f13) x30 0xffffedfe
core   0: 0x80006df0 (0x03d54233) div     tp, a0, t4
core   0: 3 0x80006df0 (0x03d54233) x 4 0xffffffff
core   0: 0x80006df4 (0x46e2c993) xori    s3, t0, 1134
core   0: 3 0x80006df4 (0x46e2c993) x19 0x8dadb942
core   0: 0x80006df8 (0x00566ab3) or      s5, a2, t0
core   0: 3 0x80006df8 (0x00566ab3) x21 0x8dadbd2c
core   0: 0x80006dfc (0x01cf0033) add     zero, t5, t3
core   0: 3 0x80006dfc (0x01cf0033)
core   0: 0x80006e00 (0x412e0633) sub     a2, t3, s2
core   0: 3 0x80006e00 (0x412e0633) x12 0x0000017f
core   0: 0x80006e04 (0x01540eb3) add     t4, s0, s5
core   0: 3 0x80006e04 (0x01540eb3) x29 0x8dadbd2c
core   0: 0x80006e08 (0x0094ccb3) xor     s9, s1, s1
core   0: 3 0x80006e08 (0x0094ccb3) x25 0x00000000
core   0: 0x80006e0c (0x0360d133) divu    sp, ra, s6
core   0: 3 0x80006e0c (0x0360d133) x 2 0x00000000
core   0: 0x80006e10 (0x04cc6893) ori     a7, s8, 76
core   0: 3 0x80006e10 (0x04cc6893) x17 0x0000004d
core   0: 0x80006e14 (0x0272a333) mulhsu  t1, t0, t2
core   0: 3 0x80006e14 (0x0272a333) x 6 0xbf78c8a7
core   0: 0x80006e18 (0x010493b3) sll     t2, s1, a6
core   0: 3 0x80006e18 (0x010493b3) x 7 0x0014e640
core   0: 0x80006e1c (0x03b038b3) mulhu   a7, zero, s11
core   0: 3 0x80006e1c (0x03b038b3) x17 0x00000000
core   0: 0x80006e20 (0x028077b3) remu    a5, zero, s0
core   0: 3 0x80006e20 (0x028077b3) x15 0x00000000
core   0: 0x80006e24 (0x1bdfec13) ori     s8, t6, 445
core   0: 3 0x80006e24 (0x1bdfec13) x24 0xffffe7bf
core   0: 0x80006e28 (0x01daa233) slt     tp, s5, t4
core   0: 3 0x80006e28 (0x01daa233) x 4 0x00000000
core   0: 0x80006e2c (0x00905b93) srli    s7, zero, 9
core   0: 3 0x80006e2c (0x00905b93) x23 0x00000000
core   0: 0x80006e30 (0x01fa4cb3) xor     s9, s4, t6
core   0: 3 0x80006e30 (0x01fa4cb3) x25 0x45275a26
core   0: 0x80006e34 (0x417df213) andi    tp, s11, 1047
core   0: 3 0x80006e34 (0x417df213) x 4 0x00000000
core   0: 0x80006e38 (0x0349c9b3) div     s3, s3, s4
core   0: 3 0x80006e38 (0x0349c9b3) x19 0x00000001
core   0: 0x80006e3c (0x842ba0b7) lui     ra, 0x842ba
core   0: 3 0x80006e3c (0x842ba0b7) x 1 0x842ba000
core   0: 0x80006e40 (0x029f1eb3) mulh    t4, t5, s1
core   0: 3 0x80006e40 (0x029f1eb3) x29 0x00000900
core   0: 0x80006e44 (0x02ae2333) mulhsu  t1, t3, a0
core   0: 3 0x80006e44 (0x02ae2333) x 6 0xffffffff
core   0: 0x80006e48 (0x80c86b93) ori     s7, a6, -2036
core   0: 3 0x80006e48 (0x80c86b93) x23 0xfffffcec
core   0: 0x80006e4c (0x0a384613) xori    a2, a6, 163
core   0: 3 0x80006e4c (0x0a384613) x12 0x80018c47
core   0: 0x80006e50 (0x40610e33) sub     t3, sp, t1
core   0: 3 0x80006e50 (0x40610e33) x28 0x00000001
core   0: 0x80006e54 (0x02f042b3) div     t0, zero, a5
core   0: 3 0x80006e54 (0x02f042b3) x 5 0xffffffff
core   0: 0x80006e58 (0x49074c93) xori    s9, a4, 1168
core   0: 3 0x80006e58 (0x49074c93) x25 0x00000490
core   0: 0x80006e5c (0x021a25b3) mulhsu  a1, s4, ra
core   0: 3 0x80006e5c (0x021a25b3) x11 0xdc4bf863
core   0: 0x80006e60 (0x01d596b3) sll     a3, a1, t4
core   0: 3 0x80006e60 (0x01d596b3) x13 0xdc4bf863
core   0: 0x80006e64 (0x3840f217) auipc   tp, 0x3840f
core   0: 3 0x80006e64 (0x3840f217) x 4 0xb8415e64
core   0: 0x80006e68 (0x0358bd33) mulhu   s10, a7, s5
core   0: 3 0x80006e68 (0x0358bd33) x26 0x00000000
core   0: 0x80006e6c (0x025d5433) divu    s0, s10, t0
core   0: 3 0x80006e6c (0x025d5433) x 8 0x00000000
core   0: 0x80006e70 (0x03bc9033) mulh    zero, s9, s11
core   0: 3 0x80006e70 (0x03bc9033)
core   0: 0x80006e74 (0xb631f793) andi    a5, gp, -1181
core   0: 3 0x80006e74 (0xb631f793) x15 0xfffffa02
core   0: 0x80006e78 (0x02fc9bb3) mulh    s7, s9, a5
core   0: 3 0x80006e78 (0x02fc9bb3) x23 0xffffffff
core   0: 0x80006e7c (0x01211993) slli    s3, sp, 18
core   0: 3 0x80006e7c (0x01211993) x19 0x00000000
core   0: 0x80006e80 (0x021c5c33) divu    s8, s8, ra
core   0: 3 0x80006e80 (0x021c5c33) x24 0x00000001
core   0: 0x80006e84 (0x0286af33) mulhsu  t5, a3, s0
core   0: 3 0x80006e84 (0x0286af33) x30 0x00000000
core   0: 0x80006e88 (0x41c9df93) srai    t6, s3, 28
core   0: 3 0x80006e88 (0x41c9df93) x31 0x00000000
core   0: 0x80006e8c (0x037e5433) divu    s0, t3, s7
core   0: 3 0x80006e8c (0x037e5433) x 8 0x00000000
core   0: 0x80006e90 (0xef2db317) auipc   t1, 0xef2db
core   0: 3 0x80006e90 (0xef2db317) x 6 0x6f2e1e90
core   0: 0x80006e94 (0x02039433) mulh    s0, t2, zero
core   0: 3 0x80006e94 (0x02039433) x 8 0x00000000
core   0: 0x80006e98 (0x02754693) xori    a3, a0, 39
core   0: 3 0x80006e98 (0x02754693) x13 0x014e6427
core   0: 0x80006e9c (0x24918c13) addi    s8, gp, 585
core   0: 3 0x80006e9c (0x24918c13) x24 0x000000db
core   0: 0x80006ea0 (0x41afdeb3) sra     t4, t6, s10
core   0: 3 0x80006ea0 (0x41afdeb3) x29 0x00000000
core   0: 0x80006ea4 (0x03675cb3) divu    s9, a4, s6
core   0: 3 0x80006ea4 (0x03675cb3) x25 0x00000000
core   0: 0x80006ea8 (0x405f0733) sub     a4, t5, t0
core   0: 3 0x80006ea8 (0x405f0733) x14 0x00000001
core   0: 0x80006eac (0xbea18993) addi    s3, gp, -1046
core   0: 3 0x80006eac (0xbea18993) x19 0xfffffa7c
core   0: 0x80006eb0 (0x0350dd33) divu    s10, ra, s5
core   0: 3 0x80006eb0 (0x0350dd33) x26 0x00000000
core   0: 0x80006eb4 (0x6c6a3f93) sltiu   t6, s4, 1734
core   0: 3 0x80006eb4 (0x6c6a3f93) x31 0x00000000
core   0: 0x80006eb8 (0x00d7a3b3) slt     t2, a5, a3
core   0: 3 0x80006eb8 (0x00d7a3b3) x 7 0x00000001
core   0: 0x80006ebc (0xb58af913) andi    s2, s5, -1192
core   0: 3 0x80006ebc (0xb58af913) x18 0x8dadb908
core   0: 0x80006ec0 (0x02a65cb3) divu    s9, a2, a0
core   0: 3 0x80006ec0 (0x02a65cb3) x25 0x00000061
core   0: 0x80006ec4 (0x00000013) nop
core   0: 3 0x80006ec4 (0x00000013)
core   0: 0x80006ec8 (0x019aa233) slt     tp, s5, s9
core   0: 3 0x80006ec8 (0x019aa233) x 4 0x00000001
core   0: 0x80006ecc (0x409d5b13) srai    s6, s10, 9
core   0: 3 0x80006ecc (0x409d5b13) x22 0x00000000
core   0: 0x80006ed0 (0x02dc4c33) div     s8, s8, a3
core   0: 3 0x80006ed0 (0x02dc4c33) x24 0x00000000
core   0: 0x80006ed4 (0x406f8bb3) sub     s7, t6, t1
core   0: 3 0x80006ed4 (0x406f8bb3) x23 0x90d1e170
core   0: 0x80006ed8 (0x00f338b3) sltu    a7, t1, a5
core   0: 3 0x80006ed8 (0x00f338b3) x17 0x00000001
core   0: 0x80006edc (0x00000013) nop
core   0: 3 0x80006edc (0x00000013)
core   0: 0x80006ee0 (0x63b08893) addi    a7, ra, 1595
core   0: 3 0x80006ee0 (0x63b08893) x17 0x842ba63b
core   0: 0x80006ee4 (0x027166b3) rem     a3, sp, t2
core   0: 3 0x80006ee4 (0x027166b3) x13 0x00000000
core   0: 0x80006ee8 (0x00cd1b93) slli    s7, s10, 12
core   0: 3 0x80006ee8 (0x00cd1b93) x23 0x00000000
core   0: 0x80006eec (0x03d2fd33) remu    s10, t0, t4
core   0: 3 0x80006eec (0x03d2fd33) x26 0xffffffff
core   0: 0x80006ef0 (0x01d5bcb3) sltu    s9, a1, t4
core   0: 3 0x80006ef0 (0x01d5bcb3) x25 0x00000000
core   0: 0x80006ef4 (0x02eba033) mulhsu  zero, s7, a4
core   0: 3 0x80006ef4 (0x02eba033)
core   0: 0x80006ef8 (0x00000013) nop
core   0: 3 0x80006ef8 (0x00000013)
core   0: 0x80006efc (0x99957437) lui     s0, 0x99957
core   0: 3 0x80006efc (0x99957437) x 8 0x99957000
core   0: 0x80006f00 (0x020dd733) divu    a4, s11, zero
core   0: 3 0x80006f00 (0x020dd733) x14 0xffffffff
core   0: 0x80006f04 (0x0021ee33) or      t3, gp, sp
core   0: 3 0x80006f04 (0x0021ee33) x28 0xfffffe92
core   0: 0x80006f08 (0x2c8d67b7) lui     a5, 0x2c8d6
core   0: 3 0x80006f08 (0x2c8d67b7) x15 0x2c8d6000
core   0: 0x80006f0c (0x4aa55b37) lui     s6, 0x4aa55
core   0: 3 0x80006f0c (0x4aa55b37) x22 0x4aa55000
core   0: 0x80006f10 (0xf952ab93) slti    s7, t0, -107
core   0: 3 0x80006f10 (0xf952ab93) x23 0x00000000
core   0: 0x80006f14 (0x41bd0733) sub     a4, s10, s11
core   0: 3 0x80006f14 (0x41bd0733) x14 0xffffffff
core   0: 0x80006f18 (0x0186c733) xor     a4, a3, s8
core   0: 3 0x80006f18 (0x0186c733) x14 0x00000000
core   0: 0x80006f1c (0x02e10b33) mul     s6, sp, a4
core   0: 3 0x80006f1c (0x02e10b33) x22 0x00000000
core   0: 0x80006f20 (0x41fa5393) srai    t2, s4, 31
core   0: 3 0x80006f20 (0x41fa5393) x 7 0xffffffff
core   0: 0x80006f24 (0x01d89133) sll     sp, a7, t4
core   0: 3 0x80006f24 (0x01d89133) x 2 0x842ba63b
core   0: 0x80006f28 (0x73b86013) ori     zero, a6, 1851
core   0: 3 0x80006f28 (0x73b86013)
core   0: 0x80006f2c (0x00000013) nop
core   0: 3 0x80006f2c (0x00000013)
core   0: 0x80006f30 (0x33e44c93) xori    s9, s0, 830
core   0: 3 0x80006f30 (0x33e44c93) x25 0x9995733e
core   0: 0x80006f34 (0x03169633) mulh    a2, a3, a7
core   0: 3 0x80006f34 (0x03169633) x12 0x00000000
core   0: 0x80006f38 (0x02e57e33) remu    t3, a0, a4
core   0: 3 0x80006f38 (0x02e57e33) x28 0x014e6400
core   0: 0x80006f3c (0x001ada93) srli    s5, s5, 1
core   0: 3 0x80006f3c (0x001ada93) x21 0x46d6de96
core   0: 0x80006f40 (0x01bd0533) add     a0, s10, s11
core   0: 3 0x80006f40 (0x01bd0533) x10 0xffffffff
core   0: 0x80006f44 (0x02ff4533) div     a0, t5, a5
core   0: 3 0x80006f44 (0x02ff4533) x10 0x00000000
core   0: 0x80006f48 (0x012650b3) srl     ra, a2, s2
core   0: 3 0x80006f48 (0x012650b3) x 1 0x00000000
core   0: 0x80006f4c (0x408fd213) srai    tp, t6, 8
core   0: 3 0x80006f4c (0x408fd213) x 4 0x00000000
core   0: 0x80006f50 (0x51c44c93) xori    s9, s0, 1308
core   0: 3 0x80006f50 (0x51c44c93) x25 0x9995751c
core   0: 0x80006f54 (0x0177af33) slt     t5, a5, s7
core   0: 3 0x80006f54 (0x0177af33) x30 0x00000000
core   0: 0x80006f58 (0xf759a017) auipc   zero, 0xf759a
core   0: 3 0x80006f58 (0xf759a017)
core   0: 0x80006f5c (0x02cf25b3) mulhsu  a1, t5, a2
core   0: 3 0x80006f5c (0x02cf25b3) x11 0x00000000
core   0: 0x80006f60 (0x016fd6b3) srl     a3, t6, s6
core   0: 3 0x80006f60 (0x016fd6b3) x13 0x00000000
core   0: 0x80006f64 (0xd1d58f13) addi    t5, a1, -739
core   0: 3 0x80006f64 (0xd1d58f13) x30 0xfffffd1d
core   0: 0x80006f68 (0x007b13b3) sll     t2, s6, t2
core   0: 3 0x80006f68 (0x007b13b3) x 7 0x00000000
core   0: 0x80006f6c (0x02841f33) mulh    t5, s0, s0
core   0: 3 0x80006f6c (0x02841f33) x30 0x28f9171b
core   0: 0x80006f70 (0x009c11b3) sll     gp, s8, s1
core   0: 3 0x80006f70 (0x009c11b3) x 3 0x00000000
core   0: 0x80006f74 (0x01f2b7b3) sltu    a5, t0, t6
core   0: 3 0x80006f74 (0x01f2b7b3) x15 0x00000000
core   0: 0x80006f78 (0x410557b3) sra     a5, a0, a6
core   0: 3 0x80006f78 (0x410557b3) x15 0x00000000
core   0: 0x80006f7c (0x979e7c93) andi    s9, t3, -1671
core   0: 3 0x80006f7c (0x979e7c93) x25 0x014e6000
core   0: 0x80006f80 (0x035d0b33) mul     s6, s10, s5
core   0: 3 0x80006f80 (0x035d0b33) x22 0xb929216a
core   0: 0x80006f84 (0x01b7d333) srl     t1, a5, s11
core   0: 3 0x80006f84 (0x01b7d333) x 6 0x00000000
core   0: 0x80006f88 (0x00068033) add     zero, a3, zero
core   0: 3 0x80006f88 (0x00068033)
core   0: 0x80006f8c (0xf1c970b7) lui     ra, 0xf1c97
core   0: 3 0x80006f8c (0xf1c970b7) x 1 0xf1c97000
core   0: 0x80006f90 (0x029a1ab3) mulh    s5, s4, s1
core   0: 3 0x80006f90 (0x029a1ab3) x21 0x22934769
core   0: 0x80006f94 (0x03e155b3) divu    a1, sp, t5
core   0: 3 0x80006f94 (0x03e155b3) x11 0x00000003
core   0: 0x80006f98 (0x022695b3) mulh    a1, a3, sp
core   0: 3 0x80006f98 (0x022695b3) x11 0x00000000
core   0: 0x80006f9c (0x4092d093) srai    ra, t0, 9
core   0: 3 0x80006f9c (0x4092d093) x 1 0xffffffff
core   0: 0x80006fa0 (0x41395e93) srai    t4, s2, 19
core   0: 3 0x80006fa0 (0x41395e93) x29 0xfffff1b5
core   0: 0x80006fa4 (0x41f483b3) sub     t2, s1, t6
core   0: 3 0x80006fa4 (0x41f483b3) x 7 0x80014e64
core   0: 0x80006fa8 (0x004cab33) slt     s6, s9, tp
core   0: 3 0x80006fa8 (0x004cab33) x22 0x00000000
core   0: 0x80006fac (0x40c4d193) srai    gp, s1, 12
core   0: 3 0x80006fac (0x40c4d193) x 3 0xfff80014
core   0: 0x80006fb0 (0x02e41933) mulh    s2, s0, a4
core   0: 3 0x80006fb0 (0x02e41933) x18 0x00000000
core   0: 0x80006fb4 (0x4069dc93) srai    s9, s3, 6
core   0: 3 0x80006fb4 (0x4069dc93) x25 0xffffffe9
core   0: 0x80006fb8 (0x03c3cb13) xori    s6, t2, 60
core   0: 3 0x80006fb8 (0x03c3cb13) x22 0x80014e58
core   0: 0x80006fbc (0x0172c433) xor     s0, t0, s7
core   0: 3 0x80006fbc (0x0172c433) x 8 0xffffffff
core   0: 0x80006fc0 (0x00b047b3) xor     a5, zero, a1
core   0: 3 0x80006fc0 (0x00b047b3) x15 0x00000000
core   0: 0x80006fc4 (0x036e1cb3) mulh    s9, t3, s6
core   0: 3 0x80006fc4 (0x036e1cb3) x25 0xff58cfb4
core   0: 0x80006fc8 (0x031418b3) mulh    a7, s0, a7
core   0: 3 0x80006fc8 (0x031418b3) x17 0x00000000
core   0: 0x80006fcc (0x00000013) nop
core   0: 3 0x80006fcc (0x00000013)
core   0: 0x80006fd0 (0x4134dcb3) sra     s9, s1, s3
core   0: 3 0x80006fd0 (0x4134dcb3) x25 0xfffffff8
core   0: 0x80006fd4 (0x00000013) nop
core   0: 3 0x80006fd4 (0x00000013)
core   0: 0x80006fd8 (0x01045c33) srl     s8, s0, a6
core   0: 3 0x80006fd8 (0x01045c33) x24 0x0fffffff
core   0: 0x80006fdc (0x00c695b3) sll     a1, a3, a2
core   0: 3 0x80006fdc (0x00c695b3) x11 0x00000000
core   0: 0x80006fe0 (0x001076b3) and     a3, zero, ra
core   0: 3 0x80006fe0 (0x001076b3) x13 0x00000000
core   0: 0x80006fe4 (0x12028fb7) lui     t6, 0x12028
core   0: 3 0x80006fe4 (0x12028fb7) x31 0x12028000
core   0: 0x80006fe8 (0x01221893) slli    a7, tp, 18
core   0: 3 0x80006fe8 (0x01221893) x17 0x00000000
core   0: 0x80006fec (0xfac4ae13) slti    t3, s1, -84
core   0: 3 0x80006fec (0xfac4ae13) x28 0x00000001
core   0: 0x80006ff0 (0x0168d793) srli    a5, a7, 22
core   0: 3 0x80006ff0 (0x0168d793) x15 0x00000000
core   0: 0x80006ff4 (0x01bb9213) slli    tp, s7, 27
core   0: 3 0x80006ff4 (0x01bb9213) x 4 0x00000000
core   0: 0x80006ff8 (0xe28e3693) sltiu   a3, t3, -472
core   0: 3 0x80006ff8 (0xe28e3693) x13 0x00000001
core   0: 0x80006ffc (0x02925ab3) divu    s5, tp, s1
core   0: 3 0x80006ffc (0x02925ab3) x21 0x00000000
core   0: 0x80007000 (0xaed37993) andi    s3, t1, -1299
core   0: 3 0x80007000 (0xaed37993) x19 0x00000000
core   0: 0x80007004 (0x41755eb3) sra     t4, a0, s7
core   0: 3 0x80007004 (0x41755eb3) x29 0x00000000
core   0: 0x80007008 (0x41665233) sra     tp, a2, s6
core   0: 3 0x80007008 (0x41665233) x 4 0x00000000
core   0: 0x8000700c (0x0193c633) xor     a2, t2, s9
core   0: 3 0x8000700c (0x0193c633) x12 0x7ffeb19c
core   0: 0x80007010 (0x03ffe6b3) rem     a3, t6, t6
core   0: 3 0x80007010 (0x03ffe6b3) x13 0x00000000
core   0: 0x80007014 (0x026ecbb3) div     s7, t4, t1
core   0: 3 0x80007014 (0x026ecbb3) x23 0xffffffff
core   0: 0x80007018 (0x031e7e33) remu    t3, t3, a7
core   0: 3 0x80007018 (0x031e7e33) x28 0x00000001
core   0: 0x8000701c (0x012f1233) sll     tp, t5, s2
core   0: 3 0x8000701c (0x012f1233) x 4 0x28f9171b
core   0: 0x80007020 (0x00c995b3) sll     a1, s3, a2
core   0: 3 0x80007020 (0x00c995b3) x11 0x00000000
core   0: 0x80007024 (0x014fef33) or      t5, t6, s4
core   0: 3 0x80007024 (0x014fef33) x30 0xbadabc85
core   0: 0x80007028 (0x01f49913) slli    s2, s1, 31
core   0: 3 0x80007028 (0x01f49913) x18 0x00000000
core   0: 0x8000702c (0x5f973913) sltiu   s2, a4, 1529
core   0: 3 0x8000702c (0x5f973913) x18 0x00000001
core   0: 0x80007030 (0x02d56f33) rem     t5, a0, a3
core   0: 3 0x80007030 (0x02d56f33) x30 0x00000000
core   0: 0x80007034 (0x011d9113) slli    sp, s11, 17
core   0: 3 0x80007034 (0x011d9113) x 2 0x00000000
core   0: 0x80007038 (0x03d962b3) rem     t0, s2, t4
core   0: 3 0x80007038 (0x03d962b3) x 5 0x00000001
core   0: 0x8000703c (0x3e657593) andi    a1, a0, 998
core   0: 3 0x8000703c (0x3e657593) x11 0x00000000
core   0: 0x80007040 (0x025df8b3) remu    a7, s11, t0
core   0: 3 0x80007040 (0x025df8b3) x17 0x00000000
core   0: 0x80007044 (0x020d17b3) mulh    a5, s10, zero
core   0: 3 0x80007044 (0x020d17b3) x15 0x00000000
core   0: 0x80007048 (0x00b2f233) and     tp, t0, a1
core   0: 3 0x80007048 (0x00b2f233) x 4 0x00000000
core   0: 0x8000704c (0x41925e13) srai    t3, tp, 25
core   0: 3 0x8000704c (0x41925e13) x28 0x00000000
core   0: 0x80007050 (0x02edb633) mulhu   a2, s11, a4
core   0: 3 0x80007050 (0x02edb633) x12 0x00000000
core   0: 0x80007054 (0xeedbb393) sltiu   t2, s7, -275
core   0: 3 0x80007054 (0xeedbb393) x 7 0x00000000
core   0: 0x80007058 (0x03739d33) mulh    s10, t2, s7
core   0: 3 0x80007058 (0x03739d33) x26 0x00000000
core   0: 0x8000705c (0x41dddab3) sra     s5, s11, t4
core   0: 3 0x8000705c (0x41dddab3) x21 0x00000000
core   0: 0x80007060 (0x030a36b3) mulhu   a3, s4, a6
core   0: 3 0x80007060 (0x030a36b3) x13 0x5d6d7ff0
core   0: 0x80007064 (0x01ff6433) or      s0, t5, t6
core   0: 3 0x80007064 (0x01ff6433) x 8 0x12028000
core   0: 0x80007068 (0x4036d333) sra     t1, a3, gp
core   0: 3 0x80007068 (0x4036d333) x 6 0x000005d6
core   0: 0x8000706c (0xa700ec13) ori     s8, ra, -1424
core   0: 3 0x8000706c (0xa700ec13) x24 0xffffffff
core   0: 0x80007070 (0x02c4bd33) mulhu   s10, s1, a2
core   0: 3 0x80007070 (0x02c4bd33) x26 0x00000000
core   0: 0x80007074 (0x00326bb3) or      s7, tp, gp
core   0: 3 0x80007074 (0x00326bb3) x23 0xfff80014
core   0: 0x80007078 (0x01581fb3) sll     t6, a6, s5
core   0: 3 0x80007078 (0x01581fb3) x31 0x80018ce4
core   0: 0x8000707c (0x1bea3713) sltiu   a4, s4, 446
core   0: 3 0x8000707c (0x1bea3713) x14 0x00000000
core   0: 0x80007080 (0xa9c6a413) slti    s0, a3, -1380
core   0: 3 0x80007080 (0xa9c6a413) x 8 0x00000000
core   0: 0x80007084 (0x41718cb3) sub     s9, gp, s7
core   0: 3 0x80007084 (0x41718cb3) x25 0x00000000
core   0: 0x80007088 (0x40e88933) sub     s2, a7, a4
core   0: 3 0x80007088 (0x40e88933) x18 0x00000000
core   0: 0x8000708c (0x02cb2cb3) mulhsu  s9, s6, a2
core   0: 3 0x8000708c (0x02cb2cb3) x25 0x00000000
core   0: 0x80007090 (0x014ab9b3) sltu    s3, s5, s4
core   0: 3 0x80007090 (0x014ab9b3) x19 0x00000001
core   0: 0x80007094 (0x712cc213) xori    tp, s9, 1810
core   0: 3 0x80007094 (0x712cc213) x 4 0x00000712
core   0: 0x80007098 (0x003582b3) add     t0, a1, gp
core   0: 3 0x80007098 (0x003582b3) x 5 0xfff80014
core   0: 0x8000709c (0x40f2d213) srai    tp, t0, 15
core   0: 3 0x8000709c (0x40f2d213) x 4 0xfffffff0
core   0: 0x800070a0 (0x412b5393) srai    t2, s6, 18
core   0: 3 0x800070a0 (0x412b5393) x 7 0xffffe000
core   0: 0x800070a4 (0x41b6dab3) sra     s5, a3, s11
core   0: 3 0x800070a4 (0x41b6dab3) x21 0x5d6d7ff0
core   0: 0x800070a8 (0x20907597) auipc   a1, 0x20907
core   0: 3 0x800070a8 (0x20907597) x11 0xa090e0a8
core   0: 0x800070ac (0x00000013) nop
core   0: 3 0x800070ac (0x00000013)
core   0: 0x800070b0 (0x1ab9a2b7) lui     t0, 0x1ab9a
core   0: 3 0x800070b0 (0x1ab9a2b7) x 5 0x1ab9a000
core   0: 0x800070b4 (0x417bd893) srai    a7, s7, 23
core   0: 3 0x800070b4 (0x417bd893) x17 0xffffffff
core   0: 0x800070b8 (0x03d295b3) mulh    a1, t0, t4
core   0: 3 0x800070b8 (0x03d295b3) x11 0x00000000
core   0: 0x800070bc (0x01a138b3) sltu    a7, sp, s10
core   0: 3 0x800070bc (0x01a138b3) x17 0x00000000
core   0: 0x800070c0 (0x00d482b3) add     t0, s1, a3
core   0: 3 0x800070c0 (0x00d482b3) x 5 0xdd6ece54
core   0: 0x800070c4 (0x023aed33) rem     s10, s5, gp
core   0: 3 0x800070c4 (0x023aed33) x26 0x00066974
core   0: 0x800070c8 (0x00c2aeb3) slt     t4, t0, a2
core   0: 3 0x800070c8 (0x00c2aeb3) x29 0x00000001
core   0: 0x800070cc (0x4585f193) andi    gp, a1, 1112
core   0: 3 0x800070cc (0x4585f193) x 3 0x00000000
core   0: 0x800070d0 (0x018671b3) and     gp, a2, s8
core   0: 3 0x800070d0 (0x018671b3) x 3 0x00000000
core   0: 0x800070d4 (0xc9d17893) andi    a7, sp, -867
core   0: 3 0x800070d4 (0xc9d17893) x17 0x00000000
core   0: 0x800070d8 (0x018e7733) and     a4, t3, s8
core   0: 3 0x800070d8 (0x018e7733) x14 0x00000000
core   0: 0x800070dc (0x00d68533) add     a0, a3, a3
core   0: 3 0x800070dc (0x00d68533) x10 0xbadaffe0
core   0: 0x800070e0 (0x02b899b3) mulh    s3, a7, a1
core   0: 3 0x800070e0 (0x02b899b3) x19 0x00000000
core   0: 0x800070e4 (0x9ceec613) xori    a2, t4, -1586
core   0: 3 0x800070e4 (0x9ceec613) x12 0xfffff9cf
core   0: 0x800070e8 (0x44166a97) auipc   s5, 0x44166
core   0: 3 0x800070e8 (0x44166a97) x21 0xc416d0e8
core   0: 0x800070ec (0x020af9b3) remu    s3, s5, zero
core   0: 3 0x800070ec (0x020af9b3) x19 0xc416d0e8
core   0: 0x800070f0 (0x03bc1333) mulh    t1, s8, s11
core   0: 3 0x800070f0 (0x03bc1333) x 6 0x00000000
core   0: 0x800070f4 (0x418453b3) sra     t2, s0, s8
core   0: 3 0x800070f4 (0x418453b3) x 7 0x00000000
core   0: 0x800070f8 (0x00b7efb3) or      t6, a5, a1
core   0: 3 0x800070f8 (0x00b7efb3) x31 0x00000000
core   0: 0x800070fc (0x41a5dc13) srai    s8, a1, 26
core   0: 3 0x800070fc (0x41a5dc13) x24 0x00000000
core   0: 0x80007100 (0x032971b3) remu    gp, s2, s2
core   0: 3 0x80007100 (0x032971b3) x 3 0x00000000
core   0: 0x80007104 (0x00283d33) sltu    s10, a6, sp
core   0: 3 0x80007104 (0x00283d33) x26 0x00000000
core   0: 0x80007108 (0x402ad093) srai    ra, s5, 2
core   0: 3 0x80007108 (0x402ad093) x 1 0xf105b43a
core   0: 0x8000710c (0x00fe81b3) add     gp, t4, a5
core   0: 3 0x8000710c (0x00fe81b3) x 3 0x00000001
core   0: 0x80007110 (0x1f743d13) sltiu   s10, s0, 503
core   0: 3 0x80007110 (0x1f743d13) x26 0x00000001
core   0: 0x80007114 (0x03b8bcb3) mulhu   s9, a7, s11
core   0: 3 0x80007114 (0x03b8bcb3) x25 0x00000000
core   0: 0x80007118 (0x02c89db3) mulh    s11, a7, a2
core   0: 3 0x80007118 (0x02c89db3) x27 0x00000000
core   0: 0x8000711c (0x40d9d2b3) sra     t0, s3, a3
core   0: 3 0x8000711c (0x40d9d2b3) x 5 0xffffc416
core   0: 0x80007120 (0x016ddf33) srl     t5, s11, s6
core   0: 3 0x80007120 (0x016ddf33) x30 0x00000000
core   0: 0x80007124 (0x02092133) mulhsu  sp, s2, zero
core   0: 3 0x80007124 (0x02092133) x 2 0x00000000
core   0: 0x80007128 (0xa512d5b7) lui     a1, 0xa512d
core   0: 3 0x80007128 (0xa512d5b7) x11 0xa512d000
core   0: 0x8000712c (0x4b863313) sltiu   t1, a2, 1208
core   0: 3 0x8000712c (0x4b863313) x 6 0x00000000
core   0: 0x80007130 (0x0344e313) ori     t1, s1, 52
core   0: 3 0x80007130 (0x0344e313) x 6 0x80014e74
core   0: 0x80007134 (0x03a74fb3) div     t6, a4, s10
core   0: 3 0x80007134 (0x03a74fb3) x31 0x00000000
core   0: 0x80007138 (0xfbcbc513) xori    a0, s7, -68
core   0: 3 0x80007138 (0xfbcbc513) x10 0x0007ffa8
core   0: 0x8000713c (0x03c57cb3) remu    s9, a0, t3
core   0: 3 0x8000713c (0x03c57cb3) x25 0x0007ffa8
core   0: 0x80007140 (0x053b4613) xori    a2, s6, 83
core   0: 3 0x80007140 (0x053b4613) x12 0x80014e0b
core   0: 0x80007144 (0xf51d2613) slti    a2, s10, -175
core   0: 3 0x80007144 (0xf51d2613) x12 0x00000000
core   0: 0x80007148 (0x405e5c33) sra     s8, t3, t0
core   0: 3 0x80007148 (0x405e5c33) x24 0x00000000
core   0: 0x8000714c (0x01428733) add     a4, t0, s4
core   0: 3 0x8000714c (0x01428733) x14 0xbad8809b
core   0: 0x80007150 (0x98a68b13) addi    s6, a3, -1654
core   0: 3 0x80007150 (0x98a68b13) x22 0x5d6d797a
core   0: 0x80007154 (0x40625db3) sra     s11, tp, t1
core   0: 3 0x80007154 (0x40625db3) x27 0xffffffff
core   0: 0x80007158 (0x01015593) srli    a1, sp, 16
core   0: 3 0x80007158 (0x01015593) x11 0x00000000
core   0: 0x8000715c (0x00c46033) or      zero, s0, a2
core   0: 3 0x8000715c (0x00c46033)
core   0: 0x80007160 (0x01955393) srli    t2, a0, 25
core   0: 3 0x80007160 (0x01955393) x 7 0x00000000
core   0: 0x80007164 (0xfa2beb13) ori     s6, s7, -94
core   0: 3 0x80007164 (0xfa2beb13) x22 0xffffffb6
core   0: 0x80007168 (0x00969433) sll     s0, a3, s1
core   0: 3 0x80007168 (0x00969433) x 8 0xd6d7ff00
core   0: 0x8000716c (0x00000bb3) add     s7, zero, zero
core   0: 3 0x8000716c (0x00000bb3) x23 0x00000000
core   0: 0x80007170 (0x836d8213) addi    tp, s11, -1994
core   0: 3 0x80007170 (0x836d8213) x 4 0xfffff835
core   0: 0x80007174 (0x034998b3) mulh    a7, s3, s4
core   0: 3 0x80007174 (0x034998b3) x17 0x102f0a02
core   0: 0x80007178 (0x039b1633) mulh    a2, s6, s9
core   0: 3 0x80007178 (0x039b1633) x12 0xffffffff
core   0: 0x8000717c (0x036f5f33) divu    t5, t5, s6
core   0: 3 0x8000717c (0x036f5f33) x30 0x00000000
core   0: 0x80007180 (0x035f5d33) divu    s10, t5, s5
core   0: 3 0x80007180 (0x035f5d33) x26 0x00000000
core   0: 0x80007184 (0x016c5093) srli    ra, s8, 22
core   0: 3 0x80007184 (0x016c5093) x 1 0x00000000
core   0: 0x80007188 (0x036e1733) mulh    a4, t3, s6
core   0: 3 0x80007188 (0x036e1733) x14 0x00000000
core   0: 0x8000718c (0xe9106593) ori     a1, zero, -367
core   0: 3 0x8000718c (0xe9106593) x11 0xfffffe91
core   0: 0x80007190 (0x35af4593) xori    a1, t5, 858
core   0: 3 0x80007190 (0x35af4593) x11 0x0000035a
core   0: 0x80007194 (0x027259b3) divu    s3, tp, t2
core   0: 3 0x80007194 (0x027259b3) x19 0xffffffff
core   0: 0x80007198 (0x011ebc33) sltu    s8, t4, a7
core   0: 3 0x80007198 (0x011ebc33) x24 0x00000001
core   0: 0x8000719c (0xb9063e97) auipc   t4, 0xb9063
core   0: 3 0x8000719c (0xb9063e97) x29 0x3906a19c
core   0: 0x800071a0 (0x021d3b33) mulhu   s6, s10, ra
core   0: 3 0x800071a0 (0x021d3b33) x22 0x00000000
core   0: 0x800071a4 (0x010c5e93) srli    t4, s8, 16
core   0: 3 0x800071a4 (0x010c5e93) x29 0x00000000
core   0: 0x800071a8 (0x029ae7b3) rem     a5, s5, s1
core   0: 3 0x800071a8 (0x029ae7b3) x15 0xc416d0e8
core   0: 0x800071ac (0x01a1f533) and     a0, gp, s10
core   0: 3 0x800071ac (0x01a1f533) x10 0x00000000
core   0: 0x800071b0 (0xae86a293) slti    t0, a3, -1304
core   0: 3 0x800071b0 (0xae86a293) x 5 0x00000000
core   0: 0x800071b4 (0x40920b33) sub     s6, tp, s1
core   0: 3 0x800071b4 (0x40920b33) x22 0x7ffea9d1
core   0: 0x800071b8 (0x01f60bb3) add     s7, a2, t6
core   0: 3 0x800071b8 (0x01f60bb3) x23 0xffffffff
core   0: 0x800071bc (0x004dd633) srl     a2, s11, tp
core   0: 3 0x800071bc (0x004dd633) x12 0x000007ff
core   0: 0x800071c0 (0xa80c8713) addi    a4, s9, -1408
core   0: 3 0x800071c0 (0xa80c8713) x14 0x0007fa28
core   0: 0x800071c4 (0x016c3eb3) sltu    t4, s8, s6
core   0: 3 0x800071c4 (0x016c3eb3) x29 0x00000001
core   0: 0x800071c8 (0xd5516413) ori     s0, sp, -683
core   0: 3 0x800071c8 (0xd5516413) x 8 0xfffffd55
core   0: 0x800071cc (0xb87040b7) lui     ra, 0xb8704
core   0: 3 0x800071cc (0xb87040b7) x 1 0xb8704000
core   0: 0x800071d0 (0x0103cb33) xor     s6, t2, a6
core   0: 3 0x800071d0 (0x0103cb33) x22 0x80018ce4
core   0: 0x800071d4 (0x03aeb7b3) mulhu   a5, t4, s10
core   0: 3 0x800071d4 (0x03aeb7b3) x15 0x00000000
core   0: 0x800071d8 (0x991eeb93) ori     s7, t4, -1647
core   0: 3 0x800071d8 (0x991eeb93) x23 0xfffff991
core   0: 0x800071dc (0x020bd033) divu    zero, s7, zero
core   0: 3 0x800071dc (0x020bd033)
core   0: 0x800071e0 (0x018a6f33) or      t5, s4, s8
core   0: 3 0x800071e0 (0x018a6f33) x30 0xbad8bc85
core   0: 0x800071e4 (0x4119df33) sra     t5, s3, a7
core   0: 3 0x800071e4 (0x4119df33) x30 0xffffffff
core   0: 0x800071e8 (0x07442f13) slti    t5, s0, 116
core   0: 3 0x800071e8 (0x07442f13) x30 0x00000001
core   0: 0x800071ec (0x01d28733) add     a4, t0, t4
core   0: 3 0x800071ec (0x01d28733) x14 0x00000001
core   0: 0x800071f0 (0x6dade593) ori     a1, s11, 1754
core   0: 3 0x800071f0 (0x6dade593) x11 0xffffffff
core   0: 0x800071f4 (0x022cdbb3) divu    s7, s9, sp
core   0: 3 0x800071f4 (0x022cdbb3) x23 0xffffffff
core   0: 0x800071f8 (0x405d5913) srai    s2, s10, 5
core   0: 3 0x800071f8 (0x405d5913) x18 0x00000000
core   0: 0x800071fc (0x00ea11b3) sll     gp, s4, a4
core   0: 3 0x800071fc (0x00ea11b3) x 3 0x75b1790a
core   0: 0x80007200 (0xe032fe13) andi    t3, t0, -509
core   0: 3 0x80007200 (0xe032fe13) x28 0x00000000
core   0: 0x80007204 (0x0397a933) mulhsu  s2, a5, s9
core   0: 3 0x80007204 (0x0397a933) x18 0x00000000
core   0: 0x80007208 (0x41f05433) sra     s0, zero, t6
core   0: 3 0x80007208 (0x41f05433) x 8 0x00000000
core   0: 0x8000720c (0x02fbbf33) mulhu   t5, s7, a5
core   0: 3 0x8000720c (0x02fbbf33) x30 0x00000000
core   0: 0x80007210 (0x03b89f33) mulh    t5, a7, s11
core   0: 3 0x80007210 (0x03b89f33) x30 0xffffffff
core   0: 0x80007214 (0x036d2333) mulhsu  t1, s10, s6
core   0: 3 0x80007214 (0x036d2333) x 6 0x00000000
core   0: 0x80007218 (0x0084cb33) xor     s6, s1, s0
core   0: 3 0x80007218 (0x0084cb33) x22 0x80014e64
core   0: 0x8000721c (0x01fc7733) and     a4, s8, t6
core   0: 3 0x8000721c (0x01fc7733) x14 0x00000000
core   0: 0x80007220 (0x02b89db3) mulh    s11, a7, a1
core   0: 3 0x80007220 (0x02b89db3) x27 0xffffffff
core   0: 0x80007224 (0x02e4acb3) mulhsu  s9, s1, a4
core   0: 3 0x80007224 (0x02e4acb3) x25 0x00000000
core   0: 0x80007228 (0x02eca033) mulhsu  zero, s9, a4
core   0: 3 0x80007228 (0x02eca033)
core   0: 0x8000722c (0x02b212b3) mulh    t0, tp, a1
core   0: 3 0x8000722c (0x02b212b3) x 5 0x00000000
core   0: 0x80007230 (0xafefb913) sltiu   s2, t6, -1282
core   0: 3 0x80007230 (0xafefb913) x18 0x00000001
core   0: 0x80007234 (0x6861a293) slti    t0, gp, 1670
core   0: 3 0x80007234 (0x6861a293) x 5 0x00000000
core   0: 0x80007238 (0xe8ee2693) slti    a3, t3, -370
core   0: 3 0x80007238 (0xe8ee2693) x13 0x00000000
core   0: 0x8000723c (0xc95b3593) sltiu   a1, s6, -875
core   0: 3 0x8000723c (0xc95b3593) x11 0x00000001
core   0: 0x80007240 (0x0caf0c93) addi    s9, t5, 202
core   0: 3 0x80007240 (0x0caf0c93) x25 0x000000c9
core   0: 0x80007244 (0x00000013) nop
core   0: 3 0x80007244 (0x00000013)
core   0: 0x80007248 (0x401c8e33) sub     t3, s9, ra
core   0: 3 0x80007248 (0x401c8e33) x28 0x478fc0c9
core   0: 0x8000724c (0x2816adb7) lui     s11, 0x2816a
core   0: 3 0x8000724c (0x2816adb7) x27 0x2816a000
core   0: 0x80007250 (0x0010d9b3) srl     s3, ra, ra
core   0: 3 0x80007250 (0x0010d9b3) x19 0xb8704000
core   0: 0x80007254 (0x01531e33) sll     t3, t1, s5
core   0: 3 0x80007254 (0x01531e33) x28 0x00000000
core   0: 0x80007258 (0x02b8b8b3) mulhu   a7, a7, a1
core   0: 3 0x80007258 (0x02b8b8b3) x17 0x00000000
core   0: 0x8000725c (0x76c68113) addi    sp, a3, 1900
core   0: 3 0x8000725c (0x76c68113) x 2 0x0000076c
core   0: 0x80007260 (0x022687b3) mul     a5, a3, sp
core   0: 3 0x80007260 (0x022687b3) x15 0x00000000
core   0: 0x80007264 (0x03f8cb33) div     s6, a7, t6
core   0: 3 0x80007264 (0x03f8cb33) x22 0xffffffff
core   0: 0x80007268 (0x01663e33) sltu    t3, a2, s6
core   0: 3 0x80007268 (0x01663e33) x28 0x00000001
core   0: 0x8000726c (0x0038da93) srli    s5, a7, 3
core   0: 3 0x8000726c (0x0038da93) x21 0x00000000
core   0: 0x80007270 (0x01eefe33) and     t3, t4, t5
core   0: 3 0x80007270 (0x01eefe33) x28 0x00000001
core   0: 0x80007274 (0x00b42cb3) slt     s9, s0, a1
core   0: 3 0x80007274 (0x00b42cb3) x25 0x00000001
core   0: 0x80007278 (0x00095033) srl     zero, s2, zero
core   0: 3 0x80007278 (0x00095033)
core   0: 0x8000727c (0x02304233) div     tp, zero, gp
core   0: 3 0x8000727c (0x02304233) x 4 0x00000000
core   0: 0x80007280 (0x01227db3) and     s11, tp, s2
core   0: 3 0x80007280 (0x01227db3) x27 0x00000000
core   0: 0x80007284 (0xdf6bbe13) sltiu   t3, s7, -522
core   0: 3 0x80007284 (0xdf6bbe13) x28 0x00000000
core   0: 0x80007288 (0x0bf3e293) ori     t0, t2, 191
core   0: 3 0x80007288 (0x0bf3e293) x 5 0x000000bf
core   0: 0x8000728c (0x01271893) slli    a7, a4, 18
core   0: 3 0x8000728c (0x01271893) x17 0x00000000
core   0: 0x80007290 (0x41bc52b3) sra     t0, s8, s11
core   0: 3 0x80007290 (0x41bc52b3) x 5 0x00000001
core   0: 0x80007294 (0x00ea7ab3) and     s5, s4, a4
core   0: 3 0x80007294 (0x00ea7ab3) x21 0x00000000
core   0: 0x80007298 (0x01686b33) or      s6, a6, s6
core   0: 3 0x80007298 (0x01686b33) x22 0xffffffff
core   0: 0x8000729c (0x8272bdb7) lui     s11, 0x8272b
core   0: 3 0x8000729c (0x8272bdb7) x27 0x8272b000
core   0: 0x800072a0 (0x03fd18b3) mulh    a7, s10, t6
core   0: 3 0x800072a0 (0x03fd18b3) x17 0x00000000
core   0: 0x800072a4 (0x78a9e693) ori     a3, s3, 1930
core   0: 3 0x800072a4 (0x78a9e693) x13 0xb870478a
core   0: 0x800072a8 (0x00dc9393) slli    t2, s9, 13
core   0: 3 0x800072a8 (0x00dc9393) x 7 0x00002000
core   0: 0x800072ac (0x056a3713) sltiu   a4, s4, 86
core   0: 3 0x800072ac (0x056a3713) x14 0x00000000
core   0: 0x800072b0 (0x01090ab3) add     s5, s2, a6
core   0: 3 0x800072b0 (0x01090ab3) x21 0x80018ce5
core   0: 0x800072b4 (0x4044db93) srai    s7, s1, 4
core   0: 3 0x800072b4 (0x4044db93) x23 0xf80014e6
core   0: 0x800072b8 (0x1dcf8f13) addi    t5, t6, 476
core   0: 3 0x800072b8 (0x1dcf8f13) x30 0x000001dc
core   0: 0x800072bc (0x5024e313) ori     t1, s1, 1282
core   0: 3 0x800072bc (0x5024e313) x 6 0x80014f66
core   0: 0x800072c0 (0x03fb9933) mulh    s2, s7, t6
core   0: 3 0x800072c0 (0x03fb9933) x18 0x00000000
core   0: 0x800072c4 (0x00000013) nop
core   0: 3 0x800072c4 (0x00000013)
core   0: 0x800072c8 (0x6f966013) ori     zero, a2, 1785
core   0: 3 0x800072c8 (0x6f966013)
core   0: 0x800072cc (0x039357b3) divu    a5, t1, s9
core   0: 3 0x800072cc (0x039357b3) x15 0x80014f66
core   0: 0x800072d0 (0x01a29913) slli    s2, t0, 26
core   0: 3 0x800072d0 (0x01a29913) x18 0x04000000
core   0: 0x800072d4 (0x02e78133) mul     sp, a5, a4
core   0: 3 0x800072d4 (0x02e78133) x 2 0x00000000
core   0: 0x800072d8 (0x40275093) srai    ra, a4, 2
core   0: 3 0x800072d8 (0x40275093) x 1 0x00000000
core   0: 0x800072dc (0xd26ebdb7) lui     s11, 0xd26eb
core   0: 3 0x800072dc (0xd26ebdb7) x27 0xd26eb000
core   0: 0x800072e0 (0x03f5b233) mulhu   tp, a1, t6
core   0: 3 0x800072e0 (0x03f5b233) x 4 0x00000000
core   0: 0x800072e4 (0xec794013) xori    zero, s2, -313
core   0: 3 0x800072e4 (0xec794013)
core   0: 0x800072e8 (0x01d6afb3) slt     t6, a3, t4
core   0: 3 0x800072e8 (0x01d6afb3) x31 0x00000001
core   0: 0x800072ec (0x01323333) sltu    t1, tp, s3
core   0: 3 0x800072ec (0x01323333) x 6 0x00000001
core   0: 0x800072f0 (0x4101dc93) srai    s9, gp, 16
core   0: 3 0x800072f0 (0x4101dc93) x25 0x000075b1
core   0: 0x800072f4 (0x02d2df33) divu    t5, t0, a3
core   0: 3 0x800072f4 (0x02d2df33) x30 0x00000000
core   0: 0x800072f8 (0x03d35eb3) divu    t4, t1, t4
core   0: 3 0x800072f8 (0x03d35eb3) x29 0x00000001
core   0: 0x800072fc (0x63383913) sltiu   s2, a6, 1587
core   0: 3 0x800072fc (0x63383913) x18 0x00000000
core   0: 0x80007300 (0xfc05e117) auipc   sp, 0xfc05e
core   0: 3 0x80007300 (0xfc05e117) x 2 0x7c065300
core   0: 0x80007304 (0xbb6c7913) andi    s2, s8, -1098
core   0: 3 0x80007304 (0xbb6c7913) x18 0x00000000
core   0: 0x80007308 (0x41cc82b3) sub     t0, s9, t3
core   0: 3 0x80007308 (0x41cc82b3) x 5 0x000075b1
core   0: 0x8000730c (0x0026fc33) and     s8, a3, sp
core   0: 3 0x8000730c (0x0026fc33) x24 0x38004300
core   0: 0x80007310 (0x15266693) ori     a3, a2, 338
core   0: 3 0x80007310 (0x15266693) x13 0x000007ff
core   0: 0x80007314 (0x02c386b3) mul     a3, t2, a2
core   0: 3 0x80007314 (0x02c386b3) x13 0x00ffe000
core   0: 0x80007318 (0x01b22333) slt     t1, tp, s11
core   0: 3 0x80007318 (0x01b22333) x 6 0x00000000
core   0: 0x8000731c (0x41dad933) sra     s2, s5, t4
core   0: 3 0x8000731c (0x41dad933) x18 0xc000c672
core   0: 0x80007320 (0x00bca2b3) slt     t0, s9, a1
core   0: 3 0x80007320 (0x00bca2b3) x 5 0x00000000
core   0: 0x80007324 (0x01ec35b3) sltu    a1, s8, t5
core   0: 3 0x80007324 (0x01ec35b3) x11 0x00000000
core   0: 0x80007328 (0x9d30e413) ori     s0, ra, -1581
core   0: 3 0x80007328 (0x9d30e413) x 8 0xfffff9d3
core   0: 0x8000732c (0x41868133) sub     sp, a3, s8
core   0: 3 0x8000732c (0x41868133) x 2 0xc8ff9d00
core   0: 0x80007330 (0x009fae33) slt     t3, t6, s1
core   0: 3 0x80007330 (0x009fae33) x28 0x00000000
core   0: 0x80007334 (0x02ec3c33) mulhu   s8, s8, a4
core   0: 3 0x80007334 (0x02ec3c33) x24 0x00000000
core   0: 0x80007338 (0x01a83d33) sltu    s10, a6, s10
core   0: 3 0x80007338 (0x01a83d33) x26 0x00000000
core   0: 0x8000733c (0x03cc0db3) mul     s11, s8, t3
core   0: 3 0x8000733c (0x03cc0db3) x27 0x00000000
core   0: 0x80007340 (0x00be1ab3) sll     s5, t3, a1
core   0: 3 0x80007340 (0x00be1ab3) x21 0x00000000
core   0: 0x80007344 (0x01781f33) sll     t5, a6, s7
core   0: 3 0x80007344 (0x01781f33) x30 0x00633900
core   0: 0x80007348 (0x0180d9b3) srl     s3, ra, s8
core   0: 3 0x80007348 (0x0180d9b3) x19 0x00000000
core   0: 0x8000734c (0x000c20b3) slt     ra, s8, zero
core   0: 3 0x8000734c (0x000c20b3) x 1 0x00000000
core   0: 0x80007350 (0x00e1be33) sltu    t3, gp, a4
core   0: 3 0x80007350 (0x00e1be33) x28 0x00000000
core   0: 0x80007354 (0x816e2e13) slti    t3, t3, -2026
core   0: 3 0x80007354 (0x816e2e13) x28 0x00000000
core   0: 0x80007358 (0x4134d593) srai    a1, s1, 19
core   0: 3 0x80007358 (0x4134d593) x11 0xfffff000
core   0: 0x8000735c (0x40cc0133) sub     sp, s8, a2
core   0: 3 0x8000735c (0x40cc0133) x 2 0xfffff801
core   0: 0x80007360 (0x0067a933) slt     s2, a5, t1
core   0: 3 0x80007360 (0x0067a933) x18 0x00000001
core   0: 0x80007364 (0x026d7eb3) remu    t4, s10, t1
core   0: 3 0x80007364 (0x026d7eb3) x29 0x00000000
core   0: 0x80007368 (0x02fcfcb3) remu    s9, s9, a5
core   0: 3 0x80007368 (0x02fcfcb3) x25 0x000075b1
core   0: 0x8000736c (0x038982b3) mul     t0, s3, s8
core   0: 3 0x8000736c (0x038982b3) x 5 0x00000000
core   0: 0x80007370 (0x38457c17) auipc   s8, 0x38457
core   0: 3 0x80007370 (0x38457c17) x24 0xb845e370
core   0: 0x80007374 (0x0158d993) srli    s3, a7, 21
core   0: 3 0x80007374 (0x0158d993) x19 0x00000000
core   0: 0x80007378 (0xd0952d93) slti    s11, a0, -759
core   0: 3 0x80007378 (0xd0952d93) x27 0x00000000
core   0: 0x8000737c (0x00000013) nop
core   0: 3 0x8000737c (0x00000013)
core   0: 0x80007380 (0x00ec7933) and     s2, s8, a4
core   0: 3 0x80007380 (0x00ec7933) x18 0x00000000
core   0: 0x80007384 (0x006b8933) add     s2, s7, t1
core   0: 3 0x80007384 (0x006b8933) x18 0xf80014e6
core   0: 0x80007388 (0x01c2b633) sltu    a2, t0, t3
core   0: 3 0x80007388 (0x01c2b633) x12 0x00000000
core   0: 0x8000738c (0xbbda5e37) lui     t3, 0xbbda5
core   0: 3 0x8000738c (0xbbda5e37) x28 0xbbda5000
core   0: 0x80007390 (0x44cff693) andi    a3, t6, 1100
core   0: 3 0x80007390 (0x44cff693) x13 0x00000000
core   0: 0x80007394 (0xf345a193) slti    gp, a1, -204
core   0: 3 0x80007394 (0xf345a193) x 3 0x00000001
core   0: 0x80007398 (0x01195e93) srli    t4, s2, 17
core   0: 3 0x80007398 (0x01195e93) x29 0x00007c00
core   0: 0x8000739c (0x413c0bb3) sub     s7, s8, s3
core   0: 3 0x8000739c (0x413c0bb3) x23 0xb845e370
core   0: 0x800073a0 (0xc2e4cc13) xori    s8, s1, -978
core   0: 3 0x800073a0 (0xc2e4cc13) x24 0x7ffeb24a
core   0: 0x800073a4 (0x836ff213) andi    tp, t6, -1994
core   0: 3 0x800073a4 (0x836ff213) x 4 0x00000000
core   0: 0x800073a8 (0xa74bfe17) auipc   t3, 0xa74bf
core   0: 3 0x800073a8 (0xa74bfe17) x28 0x274c63a8
core   0: 0x800073ac (0x0070ee33) or      t3, ra, t2
core   0: 3 0x800073ac (0x0070ee33) x28 0x00002000
core   0: 0x800073b0 (0x001bd793) srli    a5, s7, 1
core   0: 3 0x800073b0 (0x001bd793) x15 0x5c22f1b8
core   0: 0x800073b4 (0x87dbc0b7) lui     ra, 0x87dbc
core   0: 3 0x800073b4 (0x87dbc0b7) x 1 0x87dbc000
core   0: 0x800073b8 (0x7ac23f93) sltiu   t6, tp, 1964
core   0: 3 0x800073b8 (0x7ac23f93) x31 0x00000001
core   0: 0x800073bc (0x00bd1093) slli    ra, s10, 11
core   0: 3 0x800073bc (0x00bd1093) x 1 0x00000000
core   0: 0x800073c0 (0x41bc01b3) sub     gp, s8, s11
core   0: 3 0x800073c0 (0x41bc01b3) x 3 0x7ffeb24a
core   0: 0x800073c4 (0x024eab33) mulhsu  s6, t4, tp
core   0: 3 0x800073c4 (0x024eab33) x22 0x00000000
core   0: 0x800073c8 (0xeff0f293) andi    t0, ra, -257
core   0: 3 0x800073c8 (0xeff0f293) x 5 0x00000000
core   0: 0x800073cc (0x00000013) nop
core   0: 3 0x800073cc (0x00000013)
core   0: 0x800073d0 (0x414602b3) sub     t0, a2, s4
core   0: 3 0x800073d0 (0x414602b3) x 5 0x4527437b
core   0: 0x800073d4 (0x00619393) slli    t2, gp, 6
core   0: 3 0x800073d4 (0x00619393) x 7 0xffac9280
core   0: 0x800073d8 (0x01d618b3) sll     a7, a2, t4
core   0: 3 0x800073d8 (0x01d618b3) x17 0x00000000
core   0: 0x800073dc (0x00de0233) add     tp, t3, a3
core   0: 3 0x800073dc (0x00de0233) x 4 0x00002000
core   0: 0x800073e0 (0x1c04e113) ori     sp, s1, 448
core   0: 3 0x800073e0 (0x1c04e113) x 2 0x80014fe4
core   0: 0x800073e4 (0x92af2913) slti    s2, t5, -1750
core   0: 3 0x800073e4 (0x92af2913) x18 0x00000000
core   0: 0x800073e8 (0x001a9ab3) sll     s5, s5, ra
core   0: 3 0x800073e8 (0x001a9ab3) x21 0x00000000
core   0: 0x800073ec (0x035f59b3) divu    s3, t5, s5
core   0: 3 0x800073ec (0x035f59b3) x19 0xffffffff
core   0: 0x800073f0 (0x026139b3) mulhu   s3, sp, t1
core   0: 3 0x800073f0 (0x026139b3) x19 0x00000000
core   0: 0x800073f4 (0x411685b3) sub     a1, a3, a7
core   0: 3 0x800073f4 (0x411685b3) x11 0x00000000
core   0: 0x800073f8 (0x1a52b613) sltiu   a2, t0, 421
core   0: 3 0x800073f8 (0x1a52b613) x12 0x00000000
core   0: 0x800073fc (0x00000013) nop
core   0: 3 0x800073fc (0x00000013)
core   0: 0x80007400 (0x015d5f33) srl     t5, s10, s5
core   0: 3 0x80007400 (0x015d5f33) x30 0x00000000
core   0: 0x80007404 (0x0269e3b3) rem     t2, s3, t1
core   0: 3 0x80007404 (0x0269e3b3) x 7 0x00000000
core   0: 0x80007408 (0x01e18db3) add     s11, gp, t5
core   0: 3 0x80007408 (0x01e18db3) x27 0x7ffeb24a
core   0: 0x8000740c (0x025ddc33) divu    s8, s11, t0
core   0: 3 0x8000740c (0x025ddc33) x24 0x00000001
core   0: 0x80007410 (0xd0e7af13) slti    t5, a5, -754
core   0: 3 0x80007410 (0xd0e7af13) x30 0x00000000
core   0: 0x80007414 (0x0161d513) srli    a0, gp, 22
core   0: 3 0x80007414 (0x0161d513) x10 0x000001ff
core   0: 0x80007418 (0x002030b3) snez    ra, sp
core   0: 3 0x80007418 (0x002030b3) x 1 0x00000001
core   0: 0x8000741c (0x0fb83693) sltiu   a3, a6, 251
core   0: 3 0x8000741c (0x0fb83693) x13 0x00000000
core   0: 0x80007420 (0x413086b3) sub     a3, ra, s3
core   0: 3 0x80007420 (0x413086b3) x13 0x00000001
core   0: 0x80007424 (0x019a7033) and     zero, s4, s9
core   0: 3 0x80007424 (0x019a7033)
core   0: 0x80007428 (0x0386e3b3) rem     t2, a3, s8
core   0: 3 0x80007428 (0x0386e3b3) x 7 0x00000000
core   0: 0x8000742c (0xccfa3ab7) lui     s5, 0xccfa3
core   0: 3 0x8000742c (0xccfa3ab7) x21 0xccfa3000
core   0: 0x80007430 (0x745248b7) lui     a7, 0x74524
core   0: 3 0x80007430 (0x745248b7) x17 0x74524000
core   0: 0x80007434 (0x0089c633) xor     a2, s3, s0
core   0: 3 0x80007434 (0x0089c633) x12 0xfffff9d3
core   0: 0x80007438 (0x0366b233) mulhu   tp, a3, s6
core   0: 3 0x80007438 (0x0366b233) x 4 0x00000000
core   0: 0x8000743c (0x9f21e993) ori     s3, gp, -1550
core   0: 3 0x8000743c (0x9f21e993) x19 0xfffffbfa
core   0: 0x80007440 (0x0388f3b3) remu    t2, a7, s8
core   0: 3 0x80007440 (0x0388f3b3) x 7 0x00000000
core   0: 0x80007444 (0x01725bb3) srl     s7, tp, s7
core   0: 3 0x80007444 (0x01725bb3) x23 0x00000000
core   0: 0x80007448 (0x2e150a93) addi    s5, a0, 737
core   0: 3 0x80007448 (0x2e150a93) x21 0x000004e0
core   0: 0x8000744c (0x00000013) nop
core   0: 3 0x8000744c (0x00000013)
core   0: 0x80007450 (0x03769033) mulh    zero, a3, s7
core   0: 3 0x80007450 (0x03769033)
core   0: 0x80007454 (0x00000013) nop
core   0: 3 0x80007454 (0x00000013)
core   0: 0x80007458 (0xee45f513) andi    a0, a1, -284
core   0: 3 0x80007458 (0xee45f513) x10 0x00000000
core   0: 0x8000745c (0x02da8433) mul     s0, s5, a3
core   0: 3 0x8000745c (0x02da8433) x 8 0x000004e0
core   0: 0x80007460 (0x000175b3) and     a1, sp, zero
core   0: 3 0x80007460 (0x000175b3) x11 0x00000000
core   0: 0x80007464 (0x40255413) srai    s0, a0, 2
core   0: 3 0x80007464 (0x40255413) x 8 0x00000000
core   0: 0x80007468 (0xce6feb13) ori     s6, t6, -794
core   0: 3 0x80007468 (0xce6feb13) x22 0xfffffce7
core   0: 0x8000746c (0x039f72b3) remu    t0, t5, s9
core   0: 3 0x8000746c (0x039f72b3) x 5 0x00000000
core   0: 0x80007470 (0x03c60633) mul     a2, a2, t3
core   0: 3 0x80007470 (0x03c60633) x12 0xff3a6000
core   0: 0x80007474 (0x7f36f337) lui     t1, 0x7f36f
core   0: 3 0x80007474 (0x7f36f337) x 6 0x7f36f000
core   0: 0x80007478 (0x01011b33) sll     s6, sp, a6
core   0: 3 0x80007478 (0x01011b33) x22 0x0014fe40
core   0: 0x8000747c (0x00000013) nop
core   0: 3 0x8000747c (0x00000013)
core   0: 0x80007480 (0x411f82b3) sub     t0, t6, a7
core   0: 3 0x80007480 (0x411f82b3) x 5 0x8badc001
core   0: 0x80007484 (0x02e82ab3) mulhsu  s5, a6, a4
core   0: 3 0x80007484 (0x02e82ab3) x21 0x00000000
core   0: 0x80007488 (0x00844bb3) xor     s7, s0, s0
core   0: 3 0x80007488 (0x00844bb3) x23 0x00000000
core   0: 0x8000748c (0x00102cb3) slt     s9, zero, ra
core   0: 3 0x8000748c (0x00102cb3) x25 0x00000001
core   0: 0x80007490 (0x0231bf33) mulhu   t5, gp, gp
core   0: 3 0x80007490 (0x0231bf33) x30 0x3ffeb24b
core   0: 0x80007494 (0x9ed9e713) ori     a4, s3, -1555
core   0: 3 0x80007494 (0x9ed9e713) x14 0xfffffbff
core   0: 0x80007498 (0x03c7d9b3) divu    s3, a5, t3
core   0: 3 0x80007498 (0x03c7d9b3) x19 0x0002e117
core   0: 0x8000749c (0x00856f33) or      t5, a0, s0
core   0: 3 0x8000749c (0x00856f33) x30 0x00000000
core   0: 0x800074a0 (0x01d67cb3) and     s9, a2, t4
core   0: 3 0x800074a0 (0x01d67cb3) x25 0x00006000
core   0: 0x800074a4 (0x00000013) nop
core   0: 3 0x800074a4 (0x00000013)
core   0: 0x800074a8 (0xe761a293) slti    t0, gp, -394
core   0: 3 0x800074a8 (0xe761a293) x 5 0x00000000
core   0: 0x800074ac (0x03991033) mulh    zero, s2, s9
core   0: 3 0x800074ac (0x03991033)
core   0: 0x800074b0 (0x00000013) nop
core   0: 3 0x800074b0 (0x00000013)
core   0: 0x800074b4 (0x034286b3) mul     a3, t0, s4
core   0: 3 0x800074b4 (0x034286b3) x13 0x00000000
core   0: 0x800074b8 (0x03f2f633) remu    a2, t0, t6
core   0: 3 0x800074b8 (0x03f2f633) x12 0x00000000
core   0: 0x800074bc (0x01032bb3) slt     s7, t1, a6
core   0: 3 0x800074bc (0x01032bb3) x23 0x00000000
core   0: 0x800074c0 (0x62728393) addi    t2, t0, 1575
core   0: 3 0x800074c0 (0x62728393) x 7 0x00000627
core   0: 0x800074c4 (0x03fa6433) rem     s0, s4, t6
core   0: 3 0x800074c4 (0x03fa6433) x 8 0x00000000
core   0: 0x800074c8 (0x5ef28d93) addi    s11, t0, 1519
core   0: 3 0x800074c8 (0x5ef28d93) x27 0x000005ef
core   0: 0x800074cc (0xf3643613) sltiu   a2, s0, -202
core   0: 3 0x800074cc (0xf3643613) x12 0x00000001
core   0: 0x800074d0 (0x00728633) add     a2, t0, t2
core   0: 3 0x800074d0 (0x00728633) x12 0x00000627
core   0: 0x800074d4 (0x021cdf33) divu    t5, s9, ra
core   0: 3 0x800074d4 (0x021cdf33) x30 0x00006000
core   0: 0x800074d8 (0x02aaebb3) rem     s7, s5, a0
core   0: 3 0x800074d8 (0x02aaebb3) x23 0x00000000
core   0: 0x800074dc (0x13866c13) ori     s8, a2, 312
core   0: 3 0x800074dc (0x13866c13) x24 0x0000073f
core   0: 0x800074e0 (0x02743ab3) mulhu   s5, s0, t2
core   0: 3 0x800074e0 (0x02743ab3) x21 0x00000000
core   0: 0x800074e4 (0x841d7997) auipc   s3, 0x841d7
core   0: 3 0x800074e4 (0x841d7997) x19 0x041de4e4
core   0: 0x800074e8 (0xe586b613) sltiu   a2, a3, -424
core   0: 3 0x800074e8 (0xe586b613) x12 0x00000001
core   0: 0x800074ec (0xa1e9ed93) ori     s11, s3, -1506
core   0: 3 0x800074ec (0xa1e9ed93) x27 0xfffffefe
core   0: 0x800074f0 (0x000cee33) or      t3, s9, zero
core   0: 3 0x800074f0 (0x000cee33) x28 0x00006000
core   0: 0x800074f4 (0x9894fa93) andi    s5, s1, -1655
core   0: 3 0x800074f4 (0x9894fa93) x21 0x80014800
core   0: 0x800074f8 (0x00000013) nop
core   0: 3 0x800074f8 (0x00000013)
core   0: 0x800074fc (0x41ba5f33) sra     t5, s4, s11
core   0: 3 0x800074fc (0x41ba5f33) x30 0xfffffffe
core   0: 0x80007500 (0x403c5533) sra     a0, s8, gp
core   0: 3 0x80007500 (0x403c5533) x10 0x00000001
core   0: 0x80007504 (0x02155533) divu    a0, a0, ra
core   0: 3 0x80007504 (0x02155533) x10 0x00000001
core   0: 0x80007508 (0x0383b333) mulhu   t1, t2, s8
core   0: 3 0x80007508 (0x0383b333) x 6 0x00000000
core   0: 0x8000750c (0x024efeb3) remu    t4, t4, tp
core   0: 3 0x8000750c (0x024efeb3) x29 0x00007c00
core   0: 0x80007510 (0x0198b133) sltu    sp, a7, s9
core   0: 3 0x80007510 (0x0198b133) x 2 0x00000000
core   0: 0x80007514 (0x0156eab3) or      s5, a3, s5
core   0: 3 0x80007514 (0x0156eab3) x21 0x80014800
core   0: 0x80007518 (0xcb94e193) ori     gp, s1, -839
core   0: 3 0x80007518 (0xcb94e193) x 3 0xfffffefd
core   0: 0x8000751c (0x034d50b3) divu    ra, s10, s4
core   0: 3 0x8000751c (0x034d50b3) x 1 0x00000000
core   0: 0x80007520 (0x007993b3) sll     t2, s3, t2
core   0: 3 0x80007520 (0x007993b3) x 7 0x0ef27200
core   0: 0x80007524 (0x9d347e13) andi    t3, s0, -1581
core   0: 3 0x80007524 (0x9d347e13) x28 0x00000000
core   0: 0x80007528 (0x02eb4333) div     t1, s6, a4
core   0: 3 0x80007528 (0x02eb4333) x 6 0xfffffac2
core   0: 0x8000752c (0x008d8db3) add     s11, s11, s0
core   0: 3 0x8000752c (0x008d8db3) x27 0xfffffefe
core   0: 0x80007530 (0x9f0a3593) sltiu   a1, s4, -1552
core   0: 3 0x80007530 (0x9f0a3593) x11 0x00000001
core   0: 0x80007534 (0x008d4db3) xor     s11, s10, s0
core   0: 3 0x80007534 (0x008d4db3) x27 0x00000000
core   0: 0x80007538 (0x193d7313) andi    t1, s10, 403
core   0: 3 0x80007538 (0x193d7313) x 6 0x00000000
core   0: 0x8000753c (0x70456b17) auipc   s6, 0x70456
core   0: 3 0x8000753c (0x70456b17) x22 0xf045d53c
core   0: 0x80007540 (0x01a71d93) slli    s11, a4, 26
core   0: 3 0x80007540 (0x01a71d93) x27 0xfc000000
core   0: 0x80007544 (0x002a5033) srl     zero, s4, sp
core   0: 3 0x80007544 (0x002a5033)
core   0: 0x80007548 (0x4078d193) srai    gp, a7, 7
core   0: 3 0x80007548 (0x4078d193) x 3 0x00e8a480
core   0: 0x8000754c (0x021c1c17) auipc   s8, 0x21c1
core   0: 3 0x8000754c (0x021c1c17) x24 0x821c854c
core   0: 0x80007550 (0x01b3a1b3) slt     gp, t2, s11
core   0: 3 0x80007550 (0x01b3a1b3) x 3 0x00000000
core   0: 0x80007554 (0x371a8913) addi    s2, s5, 881
core   0: 3 0x80007554 (0x371a8913) x18 0x80014b71
core   0: 0x80007558 (0x0aa21417) auipc   s0, 0xaa21
core   0: 3 0x80007558 (0x0aa21417) x 8 0x8aa28558
core   0: 0x8000755c (0x01fdcc33) xor     s8, s11, t6
core   0: 3 0x8000755c (0x01fdcc33) x24 0xfc000001
core   0: 0x80007560 (0x00b8b233) sltu    tp, a7, a1
core   0: 3 0x80007560 (0x00b8b233) x 4 0x00000000
core   0: 0x80007564 (0x72c6ed93) ori     s11, a3, 1836
core   0: 3 0x80007564 (0x72c6ed93) x27 0x0000072c
core   0: 0x80007568 (0x02eb33b3) mulhu   t2, s6, a4
core   0: 3 0x80007568 (0x02eb33b3) x 7 0xf045d179
core   0: 0x8000756c (0x01c2ecb3) or      s9, t0, t3
core   0: 3 0x8000756c (0x01c2ecb3) x25 0x00000000
core   0: 0x80007570 (0x004da7b3) slt     a5, s11, tp
core   0: 3 0x80007570 (0x004da7b3) x15 0x00000000
core   0: 0x80007574 (0xbdba6413) ori     s0, s4, -1061
core   0: 3 0x80007574 (0xbdba6413) x 8 0xffffffdf
core   0: 0x80007578 (0x01f396b3) sll     a3, t2, t6
core   0: 3 0x80007578 (0x01f396b3) x13 0xe08ba2f2
core   0: 0x8000757c (0x0373e633) rem     a2, t2, s7
core   0: 3 0x8000757c (0x0373e633) x12 0xf045d179
core   0: 0x80007580 (0x008c1e93) slli    t4, s8, 8
core   0: 3 0x80007580 (0x008c1e93) x29 0x00000100
core   0: 0x80007584 (0x41210fb3) sub     t6, sp, s2
core   0: 3 0x80007584 (0x41210fb3) x31 0x7ffeb48f
core   0: 0x80007588 (0x02450db3) mul     s11, a0, tp
core   0: 3 0x80007588 (0x02450db3) x27 0x00000000
core   0: 0x8000758c (0x0235b6b3) mulhu   a3, a1, gp
core   0: 3 0x8000758c (0x0235b6b3) x13 0x00000000
core   0: 0x80007590 (0x41780133) sub     sp, a6, s7
core   0: 3 0x80007590 (0x41780133) x 2 0x80018ce4
core   0: 0x80007594 (0xf4ab3417) auipc   s0, 0xf4ab3
core   0: 3 0x80007594 (0xf4ab3417) x 8 0x74aba594
core   0: 0x80007598 (0x01f99533) sll     a0, s3, t6
core   0: 3 0x80007598 (0x01f99533) x10 0xf2720000
core   0: 0x8000759c (0x02793533) mulhu   a0, s2, t2
core   0: 3 0x8000759c (0x02793533) x10 0x78241fd0
core   0: 0x800075a0 (0xdb91bd37) lui     s10, 0xdb91b
core   0: 3 0x800075a0 (0xdb91bd37) x26 0xdb91b000
core   0: 0x800075a4 (0x039468b3) rem     a7, s0, s9
core   0: 3 0x800075a4 (0x039468b3) x17 0x74aba594
core   0: 0x800075a8 (0x410ad633) sra     a2, s5, a6
core   0: 3 0x800075a8 (0x410ad633) x12 0xf8001480
core   0: 0x800075ac (0x03cec8b3) div     a7, t4, t3
core   0: 3 0x800075ac (0x03cec8b3) x17 0xffffffff
core   0: 0x800075b0 (0x03030033) mul     zero, t1, a6
core   0: 3 0x800075b0 (0x03030033)
core   0: 0x800075b4 (0x00b658b3) srl     a7, a2, a1
core   0: 3 0x800075b4 (0x00b658b3) x17 0x7c000a40
core   0: 0x800075b8 (0x02417ab3) remu    s5, sp, tp
core   0: 3 0x800075b8 (0x02417ab3) x21 0x80018ce4
core   0: 0x800075bc (0x01220033) add     zero, tp, s2
core   0: 3 0x800075bc (0x01220033)
core   0: 0x800075c0 (0x24988213) addi    tp, a7, 585
core   0: 3 0x800075c0 (0x24988213) x 4 0x7c000c89
core   0: 0x800075c4 (0xd0172b93) slti    s7, a4, -767
core   0: 3 0x800075c4 (0xd0172b93) x23 0x00000001
core   0: 0x800075c8 (0x02266733) rem     a4, a2, sp
core   0: 3 0x800075c8 (0x02266733) x14 0xf8001480
core   0: 0x800075cc (0x41cb5733) sra     a4, s6, t3
core   0: 3 0x800075cc (0x41cb5733) x14 0xf045d53c
core   0: 0x800075d0 (0x400e5eb3) sra     t4, t3, zero
core   0: 3 0x800075d0 (0x400e5eb3) x29 0x00000000
core   0: 0x800075d4 (0x005bd1b3) srl     gp, s7, t0
core   0: 3 0x800075d4 (0x005bd1b3) x 3 0x00000001
core   0: 0x800075d8 (0xcb032897) auipc   a7, 0xcb032
core   0: 3 0x800075d8 (0xcb032897) x17 0x4b0395d8
core   0: 0x800075dc (0x00c5bbb3) sltu    s7, a1, a2
core   0: 3 0x800075dc (0x00c5bbb3) x23 0x00000001
core   0: 0x800075e0 (0x03ef7e33) remu    t3, t5, t5
core   0: 3 0x800075e0 (0x03ef7e33) x28 0x00000000
core   0: 0x800075e4 (0x01ac9713) slli    a4, s9, 26
core   0: 3 0x800075e4 (0x01ac9713) x14 0x00000000
core   0: 0x800075e8 (0x022d33b3) mulhu   t2, s10, sp
core   0: 3 0x800075e8 (0x022d33b3) x 7 0x6dca2c68
core   0: 0x800075ec (0x000ce533) or      a0, s9, zero
core   0: 3 0x800075ec (0x000ce533) x10 0x00000000
core   0: 0x800075f0 (0x03270cb3) mul     s9, a4, s2
core   0: 3 0x800075f0 (0x03270cb3) x25 0x00000000
core   0: 0x800075f4 (0x00000013) nop
core   0: 3 0x800075f4 (0x00000013)
core   0: 0x800075f8 (0x00e810b3) sll     ra, a6, a4
core   0: 3 0x800075f8 (0x00e810b3) x 1 0x80018ce4
core   0: 0x800075fc (0x016bc8b3) xor     a7, s7, s6
core   0: 3 0x800075fc (0x016bc8b3) x17 0xf045d53d
core   0: 0x80007600 (0x00ba76b3) and     a3, s4, a1
core   0: 3 0x80007600 (0x00ba76b3) x13 0x00000001
core   0: 0x80007604 (0x01f6bab3) sltu    s5, a3, t6
core   0: 3 0x80007604 (0x01f6bab3) x21 0x00000001
core   0: 0x80007608 (0x01f153b3) srl     t2, sp, t6
core   0: 3 0x80007608 (0x01f153b3) x 7 0x00010003
core   0: 0x8000760c (0x01e7eeb3) or      t4, a5, t5
core   0: 3 0x8000760c (0x01e7eeb3) x29 0xfffffffe
core   0: 0x80007610 (0x8096c413) xori    s0, a3, -2039
core   0: 3 0x80007610 (0x8096c413) x 8 0xfffff808
core   0: 0x80007614 (0x003eb2b3) sltu    t0, t4, gp
core   0: 3 0x80007614 (0x003eb2b3) x 5 0x00000000
core   0: 0x80007618 (0x03da7f33) remu    t5, s4, t4
core   0: 3 0x80007618 (0x03da7f33) x30 0xbad8bc85
core   0: 0x8000761c (0x03372e33) mulhsu  t3, a4, s3
core   0: 3 0x8000761c (0x03372e33) x28 0x00000000
core   0: 0x80007620 (0x00000013) nop
core   0: 3 0x80007620 (0x00000013)
core   0: 0x80007624 (0x00b9d193) srli    gp, s3, 11
core   0: 3 0x80007624 (0x00b9d193) x 3 0x000083bc
core   0: 0x80007628 (0x2113c913) xori    s2, t2, 529
core   0: 3 0x80007628 (0x2113c913) x18 0x00010212
core   0: 0x8000762c (0x00eac233) xor     tp, s5, a4
core   0: 3 0x8000762c (0x00eac233) x 4 0x00000001
core   0: 0x80007630 (0x008c2bb3) slt     s7, s8, s0
core   0: 3 0x80007630 (0x008c2bb3) x23 0x00000001
core   0: 0x80007634 (0xd7aa8413) addi    s0, s5, -646
core   0: 3 0x80007634 (0xd7aa8413) x 8 0xfffffd7b
core   0: 0x80007638 (0x409b4393) xori    t2, s6, 1033
core   0: 3 0x80007638 (0x409b4393) x 7 0xf045d135
core   0: 0x8000763c (0x00005693) srli    a3, zero, 0
core   0: 3 0x8000763c (0x00005693) x13 0x00000000
core   0: 0x80007640 (0x00ff9233) sll     tp, t6, a5
core   0: 3 0x80007640 (0x00ff9233) x 4 0x7ffeb48f
core   0: 0x80007644 (0x02d178b3) remu    a7, sp, a3
core   0: 3 0x80007644 (0x02d178b3) x17 0x80018ce4
core   0: 0x80007648 (0x96f44b93) xori    s7, s0, -1681
core   0: 3 0x80007648 (0x96f44b93) x23 0x00000414
core   0: 0x8000764c (0x3bd4bf13) sltiu   t5, s1, 957
core   0: 3 0x8000764c (0x3bd4bf13) x30 0x00000000
core   0: 0x80007650 (0x03417ab3) remu    s5, sp, s4
core   0: 3 0x80007650 (0x03417ab3) x21 0x80018ce4
core   0: 0x80007654 (0x00ed2d33) slt     s10, s10, a4
core   0: 3 0x80007654 (0x00ed2d33) x26 0x00000001
core   0: 0x80007658 (0x4188d093) srai    ra, a7, 24
core   0: 3 0x80007658 (0x4188d093) x 1 0xffffff80
core   0: 0x8000765c (0x410d8233) sub     tp, s11, a6
core   0: 3 0x8000765c (0x410d8233) x 4 0x7ffe731c
core   0: 0x80007660 (0x01499013) slli    zero, s3, 20
core   0: 3 0x80007660 (0x01499013)
core   0: 0x80007664 (0x41015513) srai    a0, sp, 16
core   0: 3 0x80007664 (0x41015513) x10 0xffff8001
core   0: 0x80007668 (0x01fd53b3) srl     t2, s10, t6
core   0: 3 0x80007668 (0x01fd53b3) x 7 0x00000000
core   0: 0x8000766c (0x0382eeb3) rem     t4, t0, s8
core   0: 3 0x8000766c (0x0382eeb3) x29 0x00000000
core   0: 0x80007670 (0xeb2e4d37) lui     s10, 0xeb2e4
core   0: 3 0x80007670 (0xeb2e4d37) x26 0xeb2e4000
core   0: 0x80007674 (0x03c05433) divu    s0, zero, t3
core   0: 3 0x80007674 (0x03c05433) x 8 0xffffffff
core   0: 0x80007678 (0x9b4fff13) andi    t5, t6, -1612
core   0: 3 0x80007678 (0x9b4fff13) x30 0x7ffeb084
core   0: 0x8000767c (0x9995a593) slti    a1, a1, -1639
core   0: 3 0x8000767c (0x9995a593) x11 0x00000000
core   0: 0x80007680 (0x3f0823b7) lui     t2, 0x3f082
core   0: 3 0x80007680 (0x3f0823b7) x 7 0x3f082000
core   0: 0x80007684 (0x02a1b633) mulhu   a2, gp, a0
core   0: 3 0x80007684 (0x02a1b633) x12 0x000083bb
core   0: 0x80007688 (0x01d01d93) slli    s11, zero, 29
core   0: 3 0x80007688 (0x01d01d93) x27 0x00000000
core   0: 0x8000768c (0x005b15b3) sll     a1, s6, t0
core   0: 3 0x8000768c (0x005b15b3) x11 0xf045d53c
core   0: 0x80007690 (0x0003cdb3) xor     s11, t2, zero
core   0: 3 0x80007690 (0x0003cdb3) x27 0x3f082000
core   0: 0x80007694 (0x013f5413) srli    s0, t5, 19
core   0: 3 0x80007694 (0x013f5413) x 8 0x00000fff
core   0: 0x80007698 (0x00825f93) srli    t6, tp, 8
core   0: 3 0x80007698 (0x00825f93) x31 0x007ffe73
core   0: 0x8000769c (0x405e5913) srai    s2, t3, 5
core   0: 3 0x8000769c (0x405e5913) x18 0x00000000
core   0: 0x800076a0 (0x187fbf93) sltiu   t6, t6, 391
core   0: 3 0x800076a0 (0x187fbf93) x31 0x00000000
core   0: 0x800076a4 (0x9c3d3917) auipc   s2, 0x9c3d3
core   0: 3 0x800076a4 (0x9c3d3917) x18 0x1c3da6a4
core   0: 0x800076a8 (0x40615e33) sra     t3, sp, t1
core   0: 3 0x800076a8 (0x40615e33) x28 0x80018ce4
core   0: 0x800076ac (0x03b24733) div     a4, tp, s11
core   0: 3 0x800076ac (0x03b24733) x14 0x00000002
core   0: 0x800076b0 (0x24e4b713) sltiu   a4, s1, 590
core   0: 3 0x800076b0 (0x24e4b713) x14 0x00000000
core   0: 0x800076b4 (0x03435933) divu    s2, t1, s4
core   0: 3 0x800076b4 (0x03435933) x18 0x00000000
core   0: 0x800076b8 (0x606af313) andi    t1, s5, 1542
core   0: 3 0x800076b8 (0x606af313) x 6 0x00000404
core   0: 0x800076bc (0x0220dcb3) divu    s9, ra, sp
core   0: 3 0x800076bc (0x0220dcb3) x25 0x00000001
core   0: 0x800076c0 (0x003cd3b3) srl     t2, s9, gp
core   0: 3 0x800076c0 (0x003cd3b3) x 7 0x00000000
core   0: 0x800076c4 (0x002bd633) srl     a2, s7, sp
core   0: 3 0x800076c4 (0x002bd633) x12 0x00000041
core   0: 0x800076c8 (0x7eb47093) andi    ra, s0, 2027
core   0: 3 0x800076c8 (0x7eb47093) x 1 0x000007eb
core   0: 0x800076cc (0x014b1b93) slli    s7, s6, 20
core   0: 3 0x800076cc (0x014b1b93) x23 0x53c00000
core   0: 0x800076d0 (0x0062a8b3) slt     a7, t0, t1
core   0: 3 0x800076d0 (0x0062a8b3) x17 0x00000001
core   0: 0x800076d4 (0x03113cb3) mulhu   s9, sp, a7
core   0: 3 0x800076d4 (0x03113cb3) x25 0x00000000
core   0: 0x800076d8 (0x402d8733) sub     a4, s11, sp
core   0: 3 0x800076d8 (0x402d8733) x14 0xbf06931c
core   0: 0x800076dc (0x035f3933) mulhu   s2, t5, s5
core   0: 3 0x800076dc (0x035f3933) x18 0x40001eb1
core   0: 0x800076e0 (0x0348f8b3) remu    a7, a7, s4
core   0: 3 0x800076e0 (0x0348f8b3) x17 0x00000001
core   0: 0x800076e4 (0x41aa5293) srai    t0, s4, 26
core   0: 3 0x800076e4 (0x41aa5293) x 5 0xffffffee
core   0: 0x800076e8 (0x9c1ea513) slti    a0, t4, -1599
core   0: 3 0x800076e8 (0x9c1ea513) x10 0x00000000
core   0: 0x800076ec (0x01df2bb3) slt     s7, t5, t4
core   0: 3 0x800076ec (0x01df2bb3) x23 0x00000000
core   0: 0x800076f0 (0x0259eb33) rem     s6, s3, t0
core   0: 3 0x800076f0 (0x0259eb33) x22 0x00000006
core   0: 0x800076f4 (0x0351f0b3) remu    ra, gp, s5
core   0: 3 0x800076f4 (0x0351f0b3) x 1 0x000083bc
core   0: 0x800076f8 (0xcf39ac13) slti    s8, s3, -781
core   0: 3 0x800076f8 (0xcf39ac13) x24 0x00000000
core   0: 0x800076fc (0x011289b3) add     s3, t0, a7
core   0: 3 0x800076fc (0x011289b3) x19 0xffffffef
core   0: 0x80007700 (0x00920933) add     s2, tp, s1
core   0: 3 0x80007700 (0x00920933) x18 0xffffc180
core   0: 0x80007704 (0x01096733) or      a4, s2, a6
core   0: 3 0x80007704 (0x01096733) x14 0xffffcde4
core   0: 0x80007708 (0x0109d033) srl     zero, s3, a6
core   0: 3 0x80007708 (0x0109d033)
core   0: 0x8000770c (0x020ab6b3) mulhu   a3, s5, zero
core   0: 3 0x8000770c (0x020ab6b3) x13 0x00000000
core   0: 0x80007710 (0x038a16b3) mulh    a3, s4, s8
core   0: 3 0x80007710 (0x038a16b3) x13 0x00000000
core   0: 0x80007714 (0x0324b0b3) mulhu   ra, s1, s2
core   0: 3 0x80007714 (0x0324b0b3) x 1 0x80012f23
core   0: 0x80007718 (0x01a391b3) sll     gp, t2, s10
core   0: 3 0x80007718 (0x01a391b3) x 3 0x00000000
core   0: 0x8000771c (0x03eeec33) rem     s8, t4, t5
core   0: 3 0x8000771c (0x03eeec33) x24 0x00000000
core   0: 0x80007720 (0x404ed733) sra     a4, t4, tp
core   0: 3 0x80007720 (0x404ed733) x14 0x00000000
core   0: 0x80007724 (0x334a2913) slti    s2, s4, 820
core   0: 3 0x80007724 (0x334a2913) x18 0x00000001
core   0: 0x80007728 (0x0106b733) sltu    a4, a3, a6
core   0: 3 0x80007728 (0x0106b733) x14 0x00000001
core   0: 0x8000772c (0x41fe0933) sub     s2, t3, t6
core   0: 3 0x8000772c (0x41fe0933) x18 0x80018ce4
core   0: 0x80007730 (0x01d65f93) srli    t6, a2, 29
core   0: 3 0x80007730 (0x01d65f93) x31 0x00000000
core   0: 0x80007734 (0x65f8a593) slti    a1, a7, 1631
core   0: 3 0x80007734 (0x65f8a593) x11 0x00000001
core   0: 0x80007738 (0x015a9cb3) sll     s9, s5, s5
core   0: 3 0x80007738 (0x015a9cb3) x25 0x0018ce40
core   0: 0x8000773c (0x41705893) srai    a7, zero, 23
core   0: 3 0x8000773c (0x41705893) x17 0x00000000
core   0: 0x80007740 (0x02b67eb3) remu    t4, a2, a1
core   0: 3 0x80007740 (0x02b67eb3) x29 0x00000000
core   0: 0x80007744 (0xbd652713) slti    a4, a0, -1066
core   0: 3 0x80007744 (0xbd652713) x14 0x00000000
core   0: 0x80007748 (0x011a32b3) sltu    t0, s4, a7
core   0: 3 0x80007748 (0x011a32b3) x 5 0x00000000
core   0: 0x8000774c (0x0231c2b3) div     t0, gp, gp
core   0: 3 0x8000774c (0x0231c2b3) x 5 0xffffffff
core   0: 0x80007750 (0x024d1933) mulh    s2, s10, tp
core   0: 3 0x80007750 (0x024d1933) x18 0xf5974046
core   0: 0x80007754 (0x024c6433) rem     s0, s8, tp
core   0: 3 0x80007754 (0x024c6433) x 8 0x00000000
core   0: 0x80007758 (0x02fdaf33) mulhsu  t5, s11, a5
core   0: 3 0x80007758 (0x02fdaf33) x30 0x00000000
core   0: 0x8000775c (0x016be233) or      tp, s7, s6
core   0: 3 0x8000775c (0x016be233) x 4 0x00000006
core   0: 0x80007760 (0x9d4f2d97) auipc   s11, 0x9d4f2
core   0: 3 0x80007760 (0x9d4f2d97) x27 0x1d4f9760
core   0: 0x80007764 (0x03f83933) mulhu   s2, a6, t6
core   0: 3 0x80007764 (0x03f83933) x18 0x00000000
core   0: 0x80007768 (0x03bc25b3) mulhsu  a1, s8, s11
core   0: 3 0x80007768 (0x03bc25b3) x11 0x00000000
core   0: 0x8000776c (0x03c34033) div     zero, t1, t3
core   0: 3 0x8000776c (0x03c34033)
core   0: 0x80007770 (0x40c58033) sub     zero, a1, a2
core   0: 3 0x80007770 (0x40c58033)
core   0: 0x80007774 (0x02ac4bb3) div     s7, s8, a0
core   0: 3 0x80007774 (0x02ac4bb3) x23 0xffffffff
core   0: 0x80007778 (0x00de6433) or      s0, t3, a3
core   0: 3 0x80007778 (0x00de6433) x 8 0x80018ce4
core   0: 0x8000777c (0xba64ef13) ori     t5, s1, -1114
core   0: 3 0x8000777c (0xba64ef13) x30 0xffffffe6
core   0: 0x80007780 (0x0031bcb3) sltu    s9, gp, gp
core   0: 3 0x80007780 (0x0031bcb3) x25 0x00000000
core   0: 0x80007784 (0x0355a7b3) mulhsu  a5, a1, s5
core   0: 3 0x80007784 (0x0355a7b3) x15 0x00000000
core   0: 0x80007788 (0x409f8ab3) sub     s5, t6, s1
core   0: 3 0x80007788 (0x409f8ab3) x21 0x7ffeb19c
core   0: 0x8000778c (0x03af33b3) mulhu   t2, t5, s10
core   0: 3 0x8000778c (0x03af33b3) x 7 0xeb2e3fe8
core   0: 0x80007790 (0xfd5fa6b7) lui     a3, 0xfd5fa
core   0: 3 0x80007790 (0xfd5fa6b7) x13 0xfd5fa000
core   0: 0x80007794 (0x02c31933) mulh    s2, t1, a2
core   0: 3 0x80007794 (0x02c31933) x18 0x00000000
core   0: 0x80007798 (0x02294133) div     sp, s2, sp
core   0: 3 0x80007798 (0x02294133) x 2 0x00000000
core   0: 0x8000779c (0x012db6b3) sltu    a3, s11, s2
core   0: 3 0x8000779c (0x012db6b3) x13 0x00000000
core   0: 0x800077a0 (0xa7df6213) ori     tp, t5, -1411
core   0: 3 0x800077a0 (0xa7df6213) x 4 0xffffffff
core   0: 0x800077a4 (0x006969b3) or      s3, s2, t1
core   0: 3 0x800077a4 (0x006969b3) x19 0x00000404
core   0: 0x800077a8 (0x0258f9b3) remu    s3, a7, t0
core   0: 3 0x800077a8 (0x0258f9b3) x19 0x00000000
core   0: 0x800077ac (0x020bf533) remu    a0, s7, zero
core   0: 3 0x800077ac (0x020bf533) x10 0xffffffff
core   0: 0x800077b0 (0x028e18b3) mulh    a7, t3, s0
core   0: 3 0x800077b0 (0x028e18b3) x17 0x3ffe731e
core   0: 0x800077b4 (0xf0c4c593) xori    a1, s1, -244
core   0: 3 0x800077b4 (0xf0c4c593) x11 0x7ffeb168
core   0: 0x800077b8 (0x027e6633) rem     a2, t3, t2
core   0: 3 0x800077b8 (0x027e6633) x12 0xfcec0d74
core   0: 0x800077bc (0x004c32b3) sltu    t0, s8, tp
core   0: 3 0x800077bc (0x004c32b3) x 5 0x00000001
core   0: 0x800077c0 (0x02019e33) mulh    t3, gp, zero
core   0: 3 0x800077c0 (0x02019e33) x28 0x00000000
core   0: 0x800077c4 (0x005c5893) srli    a7, s8, 5
core   0: 3 0x800077c4 (0x005c5893) x17 0x00000000
core   0: 0x800077c8 (0x00000013) nop
core   0: 3 0x800077c8 (0x00000013)
core   0: 0x800077cc (0x00c2a1b3) slt     gp, t0, a2
core   0: 3 0x800077cc (0x00c2a1b3) x 3 0x00000000
core   0: 0x800077d0 (0x02628db3) mul     s11, t0, t1
core   0: 3 0x800077d0 (0x02628db3) x27 0x00000404
core   0: 0x800077d4 (0x411a5133) sra     sp, s4, a7
core   0: 3 0x800077d4 (0x411a5133) x 2 0xbad8bc85
core   0: 0x800077d8 (0x001ad593) srli    a1, s5, 1
core   0: 3 0x800077d8 (0x001ad593) x11 0x3fff58ce
core   0: 0x800077dc (0x006482b3) add     t0, s1, t1
core   0: 3 0x800077dc (0x006482b3) x 5 0x80015268
core   0: 0x800077e0 (0x0fdd6793) ori     a5, s10, 253
core   0: 3 0x800077e0 (0x0fdd6793) x15 0xeb2e40fd
core   0: 0x800077e4 (0x40565e33) sra     t3, a2, t0
core   0: 3 0x800077e4 (0x40565e33) x28 0xfffcec0d
core   0: 0x800077e8 (0x00a96e33) or      t3, s2, a0
core   0: 3 0x800077e8 (0x00a96e33) x28 0xffffffff
core   0: 0x800077ec (0x01d45993) srli    s3, s0, 29
core   0: 3 0x800077ec (0x01d45993) x19 0x00000004
core   0: 0x800077f0 (0x03390733) mul     a4, s2, s3
core   0: 3 0x800077f0 (0x03390733) x14 0x00000000
core   0: 0x800077f4 (0x598f4793) xori    a5, t5, 1432
core   0: 3 0x800077f4 (0x598f4793) x15 0xfffffa7e
core   0: 0x800077f8 (0x008e0db3) add     s11, t3, s0
core   0: 3 0x800077f8 (0x008e0db3) x27 0x80018ce3
core   0: 0x800077fc (0x01d0cb33) xor     s6, ra, t4
core   0: 3 0x800077fc (0x01d0cb33) x22 0x80012f23
core   0: 0x80007800 (0x0333fbb3) remu    s7, t2, s3
core   0: 3 0x80007800 (0x0333fbb3) x23 0x00000000
core   0: 0x80007804 (0xd572bf13) sltiu   t5, t0, -681
core   0: 3 0x80007804 (0xd572bf13) x30 0x00000001
core   0: 0x80007808 (0x41ae5133) sra     sp, t3, s10
core   0: 3 0x80007808 (0x41ae5133) x 2 0xffffffff
core   0: 0x8000780c (0x013839b3) sltu    s3, a6, s3
core   0: 3 0x8000780c (0x013839b3) x19 0x00000000
core   0: 0x80007810 (0x02e0bcb3) mulhu   s9, ra, a4
core   0: 3 0x80007810 (0x02e0bcb3) x25 0x00000000
core   0: 0x80007814 (0x4109de93) srai    t4, s3, 16
core   0: 3 0x80007814 (0x4109de93) x29 0x00000000
core   0: 0x80007818 (0x009fd633) srl     a2, t6, s1
core   0: 3 0x80007818 (0x009fd633) x12 0x00000000
core   0: 0x8000781c (0x15d77713) andi    a4, a4, 349
core   0: 3 0x8000781c (0x15d77713) x14 0x00000000
core   0: 0x80007820 (0x0020d5b3) srl     a1, ra, sp
core   0: 3 0x80007820 (0x0020d5b3) x11 0x00000001
core   0: 0x80007824 (0x41a9de33) sra     t3, s3, s10
core   0: 3 0x80007824 (0x41a9de33) x28 0x00000000
core   0: 0x80007828 (0x00115f13) srli    t5, sp, 1
core   0: 3 0x80007828 (0x00115f13) x30 0x7fffffff
core   0: 0x8000782c (0x48b24193) xori    gp, tp, 1163
core   0: 3 0x8000782c (0x48b24193) x 3 0xfffffb74
core   0: 0x80007830 (0x034f6333) rem     t1, t5, s4
core   0: 3 0x80007830 (0x034f6333) x 6 0x3ad8bc84
core   0: 0x80007834 (0x08572c93) slti    s9, a4, 133
core   0: 3 0x80007834 (0x08572c93) x25 0x00000001
core   0: 0x80007838 (0x03ffc3b3) div     t2, t6, t6
core   0: 3 0x80007838 (0x03ffc3b3) x 7 0xffffffff
core   0: 0x8000783c (0xb5a2bb93) sltiu   s7, t0, -1190
core   0: 3 0x8000783c (0xb5a2bb93) x23 0x00000001
core   0: 0x80007840 (0x00771913) slli    s2, a4, 7
core   0: 3 0x80007840 (0x00771913) x18 0x00000000
core   0: 0x80007844 (0x014e4db3) xor     s11, t3, s4
core   0: 3 0x80007844 (0x014e4db3) x27 0xbad8bc85
core   0: 0x80007848 (0x03e9e7b3) rem     a5, s3, t5
core   0: 3 0x80007848 (0x03e9e7b3) x15 0x00000000
core   0: 0x8000784c (0x011f90b3) sll     ra, t6, a7
core   0: 3 0x8000784c (0x011f90b3) x 1 0x00000000
core   0: 0x80007850 (0x00a73133) sltu    sp, a4, a0
core   0: 3 0x80007850 (0x00a73133) x 2 0x00000001
core   0: 0x80007854 (0x017f5933) srl     s2, t5, s7
core   0: 3 0x80007854 (0x017f5933) x18 0x3fffffff
core   0: 0x80007858 (0x020a1033) mulh    zero, s4, zero
core   0: 3 0x80007858 (0x020a1033)
core   0: 0x8000785c (0x51266193) ori     gp, a2, 1298
core   0: 3 0x8000785c (0x51266193) x 3 0x00000512
core   0: 0x80007860 (0x7487b213) sltiu   tp, a5, 1864
core   0: 3 0x80007860 (0x7487b213) x 4 0x00000001
core   0: 0x80007864 (0x00b39eb3) sll     t4, t2, a1
core   0: 3 0x80007864 (0x00b39eb3) x29 0xfffffffe
core   0: 0x80007868 (0x41a9db13) srai    s6, s3, 26
core   0: 3 0x80007868 (0x41a9db13) x22 0x00000000
core   0: 0x8000786c (0x007d2133) slt     sp, s10, t2
core   0: 3 0x8000786c (0x007d2133) x 2 0x00000001
core   0: 0x80007870 (0x37c5d7b7) lui     a5, 0x37c5d
core   0: 3 0x80007870 (0x37c5d7b7) x15 0x37c5d000
core   0: 0x80007874 (0x4175db13) srai    s6, a1, 23
core   0: 3 0x80007874 (0x4175db13) x22 0x00000000
core   0: 0x80007878 (0xb7d66b93) ori     s7, a2, -1155
core   0: 3 0x80007878 (0xb7d66b93) x23 0xfffffb7d
core   0: 0x8000787c (0x03e31c33) mulh    s8, t1, t5
core   0: 3 0x8000787c (0x03e31c33) x24 0x1d6c5e41
core   0: 0x80007880 (0xa3708993) addi    s3, ra, -1481
core   0: 3 0x80007880 (0xa3708993) x19 0xfffffa37
core   0: 0x80007884 (0x00000013) nop
core   0: 3 0x80007884 (0x00000013)
core   0: 0x80007888 (0x0132b8b3) sltu    a7, t0, s3
core   0: 3 0x80007888 (0x0132b8b3) x17 0x00000001
core   0: 0x8000788c (0x009080b3) add     ra, ra, s1
core   0: 3 0x8000788c (0x009080b3) x 1 0x80014e64
core   0: 0x80007890 (0x9c724c93) xori    s9, tp, -1593
core   0: 3 0x80007890 (0x9c724c93) x25 0xfffff9c6
core   0: 0x80007894 (0x023ad033) divu    zero, s5, gp
core   0: 3 0x80007894 (0x023ad033)
core   0: 0x80007898 (0x031956b3) divu    a3, s2, a7
core   0: 3 0x80007898 (0x031956b3) x13 0x3fffffff
core   0: 0x8000789c (0xb9fd8d13) addi    s10, s11, -1121
core   0: 3 0x8000789c (0xb9fd8d13) x26 0xbad8b824
core   0: 0x800078a0 (0x2e44dc37) lui     s8, 0x2e44d
core   0: 3 0x800078a0 (0x2e44dc37) x24 0x2e44d000
core   0: 0x800078a4 (0x025e3033) mulhu   zero, t3, t0
core   0: 3 0x800078a4 (0x025e3033)
core   0: 0x800078a8 (0x004f5bb3) srl     s7, t5, tp
core   0: 3 0x800078a8 (0x004f5bb3) x23 0x3fffffff
core   0: 0x800078ac (0x012849b3) xor     s3, a6, s2
core   0: 3 0x800078ac (0x012849b3) x19 0xbffe731b
core   0: 0x800078b0 (0x413d0fb3) sub     t6, s10, s3
core   0: 3 0x800078b0 (0x413d0fb3) x31 0xfada4509
core   0: 0x800078b4 (0x408b5f13) srai    t5, s6, 8
core   0: 3 0x800078b4 (0x408b5f13) x30 0x00000000
core   0: 0x800078b8 (0x418ccb93) xori    s7, s9, 1048
core   0: 3 0x800078b8 (0x418ccb93) x23 0xfffffdde
core   0: 0x800078bc (0x0363d233) divu    tp, t2, s6
core   0: 3 0x800078bc (0x0363d233) x 4 0xffffffff
core   0: 0x800078c0 (0x03d517b3) mulh    a5, a0, t4
core   0: 3 0x800078c0 (0x03d517b3) x15 0x00000000
core   0: 0x800078c4 (0x9211ba93) sltiu   s5, gp, -1759
core   0: 3 0x800078c4 (0x9211ba93) x21 0x00000001
core   0: 0x800078c8 (0x4038d793) srai    a5, a7, 3
core   0: 3 0x800078c8 (0x4038d793) x15 0x00000000
core   0: 0x800078cc (0xe1c78a93) addi    s5, a5, -484
core   0: 3 0x800078cc (0xe1c78a93) x21 0xfffffe1c
core   0: 0x800078d0 (0x01e7d333) srl     t1, a5, t5
core   0: 3 0x800078d0 (0x01e7d333) x 6 0x00000000
core   0: 0x800078d4 (0x02c21333) mulh    t1, tp, a2
core   0: 3 0x800078d4 (0x02c21333) x 6 0x00000000
core   0: 0x800078d8 (0x4136d033) sra     zero, a3, s3
core   0: 3 0x800078d8 (0x4136d033)
core   0: 0x800078dc (0x011c8db3) add     s11, s9, a7
core   0: 3 0x800078dc (0x011c8db3) x27 0xfffff9c7
core   0: 0x800078e0 (0x7d69b693) sltiu   a3, s3, 2006
core   0: 3 0x800078e0 (0x7d69b693) x13 0x00000000
core   0: 0x800078e4 (0xbad47a93) andi    s5, s0, -1107
core   0: 3 0x800078e4 (0xbad47a93) x21 0x800188a4
core   0: 0x800078e8 (0x87c3e213) ori     tp, t2, -1924
core   0: 3 0x800078e8 (0x87c3e213) x 4 0xffffffff
core   0: 0x800078ec (0x67286113) ori     sp, a6, 1650
core   0: 3 0x800078ec (0x67286113) x 2 0x80018ef6
core   0: 0x800078f0 (0x02bdb933) mulhu   s2, s11, a1
core   0: 3 0x800078f0 (0x02bdb933) x18 0x00000000
core   0: 0x800078f4 (0x01940bb3) add     s7, s0, s9
core   0: 3 0x800078f4 (0x01940bb3) x23 0x800186aa
core   0: 0x800078f8 (0x8fa8ef93) ori     t6, a7, -1798
core   0: 3 0x800078f8 (0x8fa8ef93) x31 0xfffff8fb
core   0: 0x800078fc (0x01f7c733) xor     a4, a5, t6
core   0: 3 0x800078fc (0x01f7c733) x14 0xfffff8fb
core   0: 0x80007900 (0x0357b033) mulhu   zero, a5, s5
core   0: 3 0x80007900 (0x0357b033)
core   0: 0x80007904 (0x00ff7733) and     a4, t5, a5
core   0: 3 0x80007904 (0x00ff7733) x14 0x00000000
core   0: 0x80007908 (0x9c997b13) andi    s6, s2, -1591
core   0: 3 0x80007908 (0x9c997b13) x22 0x00000000
core   0: 0x8000790c (0x06252397) auipc   t2, 0x6252
core   0: 3 0x8000790c (0x06252397) x 7 0x8625990c
core   0: 0x80007910 (0xfc6aa793) slti    a5, s5, -58
core   0: 3 0x80007910 (0xfc6aa793) x15 0x00000001
core   0: 0x80007914 (0x6951e237) lui     tp, 0x6951e
core   0: 3 0x80007914 (0x6951e237) x 4 0x6951e000
core   0: 0x80007918 (0x02665f33) divu    t5, a2, t1
core   0: 3 0x80007918 (0x02665f33) x30 0xffffffff
core   0: 0x8000791c (0x02739733) mulh    a4, t2, t2
core   0: 3 0x8000791c (0x02739733) x14 0x3a002fa6
core   0: 0x80007920 (0x01a64cb3) xor     s9, a2, s10
core   0: 3 0x80007920 (0x01a64cb3) x25 0xbad8b824
core   0: 0x80007924 (0x03d1cfb3) div     t6, gp, t4
core   0: 3 0x80007924 (0x03d1cfb3) x31 0xfffffd77
core   0: 0x80007928 (0x95750e13) addi    t3, a0, -1705
core   0: 3 0x80007928 (0x95750e13) x28 0xfffff956
core   0: 0x8000792c (0x01ec5913) srli    s2, s8, 30
core   0: 3 0x8000792c (0x01ec5913) x18 0x00000000
core   0: 0x80007930 (0x01f3fab3) and     s5, t2, t6
core   0: 3 0x80007930 (0x01f3fab3) x21 0x86259904
core   0: 0x80007934 (0x41858133) sub     sp, a1, s8
core   0: 3 0x80007934 (0x41858133) x 2 0xd1bb3001
core   0: 0x80007938 (0x654d6e97) auipc   t4, 0x654d6
core   0: 3 0x80007938 (0x654d6e97) x29 0xe54dd938
core   0: 0x8000793c (0x695c3a93) sltiu   s5, s8, 1685
core   0: 3 0x8000793c (0x695c3a93) x21 0x00000000
core   0: 0x80007940 (0x03130033) mul     zero, t1, a7
core   0: 3 0x80007940 (0x03130033)
core   0: 0x80007944 (0x00645433) srl     s0, s0, t1
core   0: 3 0x80007944 (0x00645433) x 8 0x80018ce4
core   0: 0x80007948 (0x1d2f3d13) sltiu   s10, t5, 466
core   0: 3 0x80007948 (0x1d2f3d13) x26 0x00000000
core   0: 0x8000794c (0xf872e7b7) lui     a5, 0xf872e
core   0: 3 0x8000794c (0xf872e7b7) x15 0xf872e000
core   0: 0x80007950 (0x990ac893) xori    a7, s5, -1648
core   0: 3 0x80007950 (0x990ac893) x17 0xfffff990
core   0: 0x80007954 (0x41665e33) sra     t3, a2, s6
core   0: 3 0x80007954 (0x41665e33) x28 0x00000000
core   0: 0x80007958 (0x519c4113) xori    sp, s8, 1305
core   0: 3 0x80007958 (0x519c4113) x 2 0x2e44d519
core   0: 0x8000795c (0x41725fb3) sra     t6, tp, s7
core   0: 3 0x8000795c (0x41725fb3) x31 0x001a5478
core   0: 0x80007960 (0x00f375b3) and     a1, t1, a5
core   0: 3 0x80007960 (0x00f375b3) x11 0x00000000
core   0: 0x80007964 (0x31c86393) ori     t2, a6, 796
core   0: 3 0x80007964 (0x31c86393) x 7 0x80018ffc
core   0: 0x80007968 (0x40bd0e33) sub     t3, s10, a1
core   0: 3 0x80007968 (0x40bd0e33) x28 0x00000000
core   0: 0x8000796c (0xdb787413) andi    s0, a6, -585
core   0: 3 0x8000796c (0xdb787413) x 8 0x80018ca4
core   0: 0x80007970 (0x022391b3) mulh    gp, t2, sp
core   0: 3 0x80007970 (0x022391b3) x 3 0xe8ddddbe
core   0: 0x80007974 (0x02a2abb3) mulhsu  s7, t0, a0
core   0: 3 0x80007974 (0x02a2abb3) x23 0x80015268
core   0: 0x80007978 (0x03567033) remu    zero, a2, s5
core   0: 3 0x80007978 (0x03567033)
core   0: 0x8000797c (0x007596b3) sll     a3, a1, t2
core   0: 3 0x8000797c (0x007596b3) x13 0x00000000
core   0: 0x80007980 (0x02a6eab3) rem     s5, a3, a0
core   0: 3 0x80007980 (0x02a6eab3) x21 0x00000000
core   0: 0x80007984 (0x00bf1db3) sll     s11, t5, a1
core   0: 3 0x80007984 (0x00bf1db3) x27 0xffffffff
core   0: 0x80007988 (0xe6548a93) addi    s5, s1, -411
core   0: 3 0x80007988 (0xe6548a93) x21 0x80014cc9
core   0: 0x8000798c (0x00e32cb3) slt     s9, t1, a4
core   0: 3 0x8000798c (0x00e32cb3) x25 0x00000001
core   0: 0x80007990 (0x418e5a93) srai    s5, t3, 24
core   0: 3 0x80007990 (0x418e5a93) x21 0x00000000
core   0: 0x80007994 (0x2da01717) auipc   a4, 0x2da01
core   0: 3 0x80007994 (0x2da01717) x14 0xada08994
core   0: 0x80007998 (0x0080ecb3) or      s9, ra, s0
core   0: 3 0x80007998 (0x0080ecb3) x25 0x8001cee4
core   0: 0x8000799c (0x50f63b13) sltiu   s6, a2, 1295
core   0: 3 0x8000799c (0x50f63b13) x22 0x00000001
core   0: 0x800079a0 (0x0098c6b3) xor     a3, a7, s1
core   0: 3 0x800079a0 (0x0098c6b3) x13 0x7ffeb7f4
core   0: 0x800079a4 (0x03338ab3) mul     s5, t2, s3
core   0: 3 0x800079a4 (0x03338ab3) x21 0x13e06394
core   0: 0x800079a8 (0x015b3ab3) sltu    s5, s6, s5
core   0: 3 0x800079a8 (0x015b3ab3) x21 0x00000001
core   0: 0x800079ac (0x02ee76b3) remu    a3, t3, a4
core   0: 3 0x800079ac (0x02ee76b3) x13 0x00000000
core   0: 0x800079b0 (0x0277fd33) remu    s10, a5, t2
core   0: 3 0x800079b0 (0x0277fd33) x26 0x78715004
core   0: 0x800079b4 (0x1e668993) addi    s3, a3, 486
core   0: 3 0x800079b4 (0x1e668993) x19 0x000001e6
core   0: 0x800079b8 (0x0133d013) srli    zero, t2, 19
core   0: 3 0x800079b8 (0x0133d013)
core   0: 0x800079bc (0x01931713) slli    a4, t1, 25
core   0: 3 0x800079bc (0x01931713) x14 0x00000000
core   0: 0x800079c0 (0xb962adb7) lui     s11, 0xb962a
core   0: 3 0x800079c0 (0xb962adb7) x27 0xb962a000
core   0: 0x800079c4 (0x67ca2c93) slti    s9, s4, 1660
core   0: 3 0x800079c4 (0x67ca2c93) x25 0x00000001
core   0: 0x800079c8 (0x00375c93) srli    s9, a4, 3
core   0: 3 0x800079c8 (0x00375c93) x25 0x00000000
core   0: 0x800079cc (0x01d89013) slli    zero, a7, 29
core   0: 3 0x800079cc (0x01d89013)
core   0: 0x800079d0 (0x40ea8e33) sub     t3, s5, a4
core   0: 3 0x800079d0 (0x40ea8e33) x28 0x00000001
core   0: 0x800079d4 (0x00000013) nop
core   0: 3 0x800079d4 (0x00000013)
core   0: 0x800079d8 (0x00000013) nop
core   0: 3 0x800079d8 (0x00000013)
core   0: 0x800079dc (0x00201793) slli    a5, zero, 2
core   0: 3 0x800079dc (0x00201793) x15 0x00000000
core   0: 0x800079e0 (0x01931b93) slli    s7, t1, 25
core   0: 3 0x800079e0 (0x01931b93) x23 0x00000000
core   0: 0x800079e4 (0x018237b3) sltu    a5, tp, s8
core   0: 3 0x800079e4 (0x018237b3) x15 0x00000000
core   0: 0x800079e8 (0x01fff733) and     a4, t6, t6
core   0: 3 0x800079e8 (0x01fff733) x14 0x001a5478
core   0: 0x800079ec (0x41c38db3) sub     s11, t2, t3
core   0: 3 0x800079ec (0x41c38db3) x27 0x80018ffb
core   0: 0x800079f0 (0x03e816b3) mulh    a3, a6, t5
core   0: 3 0x800079f0 (0x03e816b3) x13 0x00000000
core   0: 0x800079f4 (0x28d81cb7) lui     s9, 0x28d81
core   0: 3 0x800079f4 (0x28d81cb7) x25 0x28d81000
core   0: 0x800079f8 (0x61bbd937) lui     s2, 0x61bbd
core   0: 3 0x800079f8 (0x61bbd937) x18 0x61bbd000
core   0: 0x800079fc (0x00586133) or      sp, a6, t0
core   0: 3 0x800079fc (0x00586133) x 2 0x8001deec
core   0: 0x80007a00 (0x03f80633) mul     a2, a6, t6
core   0: 3 0x80007a00 (0x03f80633) x12 0xd21cdae0
core   0: 0x80007a04 (0x0144f333) and     t1, s1, s4
core   0: 3 0x80007a04 (0x0144f333) x 6 0x80000c04
core   0: 0x80007a08 (0x00291913) slli    s2, s2, 2
core   0: 3 0x80007a08 (0x00291913) x18 0x86ef4000
core   0: 0x80007a0c (0x0177b8b3) sltu    a7, a5, s7
core   0: 3 0x80007a0c (0x0177b8b3) x17 0x00000000
core   0: 0x80007a10 (0x406ed433) sra     s0, t4, t1
core   0: 3 0x80007a10 (0x406ed433) x 8 0xfe54dd93
core   0: 0x80007a14 (0x413c5f13) srai    t5, s8, 19
core   0: 3 0x80007a14 (0x413c5f13) x30 0x000005c8
core   0: 0x80007a18 (0x018323b3) slt     t2, t1, s8
core   0: 3 0x80007a18 (0x018323b3) x 7 0x00000001
core   0: 0x80007a1c (0x01942bb3) slt     s7, s0, s9
core   0: 3 0x80007a1c (0x01942bb3) x23 0x00000001
core   0: 0x80007a20 (0xca546017) auipc   zero, 0xca546
core   0: 3 0x80007a20 (0xca546017)
core   0: 0x80007a24 (0x03660233) mul     tp, a2, s6
core   0: 3 0x80007a24 (0x03660233) x 4 0xd21cdae0
core   0: 0x80007a28 (0x8e603e93) sltiu   t4, zero, -1818
core   0: 3 0x80007a28 (0x8e603e93) x29 0x00000001
core   0: 0x80007a2c (0x033049b3) div     s3, zero, s3
core   0: 3 0x80007a2c (0x033049b3) x19 0x00000000
core   0: 0x80007a30 (0x3d03c913) xori    s2, t2, 976
core   0: 3 0x80007a30 (0x3d03c913) x18 0x000003d1
core   0: 0x80007a34 (0x4018df93) srai    t6, a7, 1
core   0: 3 0x80007a34 (0x4018df93) x31 0x00000000
core   0: 0x80007a38 (0x60a08b13) addi    s6, ra, 1546
core   0: 3 0x80007a38 (0x60a08b13) x22 0x8001546e
core   0: 0x80007a3c (0x40c15bb3) sra     s7, sp, a2
core   0: 3 0x80007a3c (0x40c15bb3) x23 0x8001deec
core   0: 0x80007a40 (0x58837d13) andi    s10, t1, 1416
core   0: 3 0x80007a40 (0x58837d13) x26 0x00000400
core   0: 0x80007a44 (0x03be0eb3) mul     t4, t3, s11
core   0: 3 0x80007a44 (0x03be0eb3) x29 0x80018ffb
core   0: 0x80007a48 (0x418add93) srai    s11, s5, 24
core   0: 3 0x80007a48 (0x418add93) x27 0x00000000
core   0: 0x80007a4c (0xf1288e93) addi    t4, a7, -238
core   0: 3 0x80007a4c (0xf1288e93) x29 0xffffff12
core   0: 0x80007a50 (0x6a8be193) ori     gp, s7, 1704
core   0: 3 0x80007a50 (0x6a8be193) x 3 0x8001deec
core   0: 0x80007a54 (0x0048d933) srl     s2, a7, tp
core   0: 3 0x80007a54 (0x0048d933) x18 0x00000000
core   0: 0x80007a58 (0x1b83e693) ori     a3, t2, 440
core   0: 3 0x80007a58 (0x1b83e693) x13 0x000001b9
core   0: 0x80007a5c (0xc4114437) lui     s0, 0xc4114
core   0: 3 0x80007a5c (0xc4114437) x 8 0xc4114000
core   0: 0x80007a60 (0xd17d6693) ori     a3, s10, -745
core   0: 3 0x80007a60 (0xd17d6693) x13 0xfffffd17
core   0: 0x80007a64 (0xccd7a193) slti    gp, a5, -819
core   0: 3 0x80007a64 (0xccd7a193) x 3 0x00000000
core   0: 0x80007a68 (0x01a585b3) add     a1, a1, s10
core   0: 3 0x80007a68 (0x01a585b3) x11 0x00000400
core   0: 0x80007a6c (0x0ae0f793) andi    a5, ra, 174
core   0: 3 0x80007a6c (0x0ae0f793) x15 0x00000024
core   0: 0x80007a70 (0x00000013) nop
core   0: 3 0x80007a70 (0x00000013)
core   0: 0x80007a74 (0xc6a16593) ori     a1, sp, -918
core   0: 3 0x80007a74 (0xc6a16593) x11 0xfffffeee
core   0: 0x80007a78 (0x037c6233) rem     tp, s8, s7
core   0: 3 0x80007a78 (0x037c6233) x 4 0x2e44d000
core   0: 0x80007a7c (0x02e53333) mulhu   t1, a0, a4
core   0: 3 0x80007a7c (0x02e53333) x 6 0x001a5477
core   0: 0x80007a80 (0x03a28933) mul     s2, t0, s10
core   0: 3 0x80007a80 (0x03a28933) x18 0x0549a000
core   0: 0x80007a84 (0x03420433) mul     s0, tp, s4
core   0: 3 0x80007a84 (0x03420433) x 8 0x12801000
core   0: 0x80007a88 (0x07dede97) auipc   t4, 0x7ded
core   0: 3 0x80007a88 (0x07dede97) x29 0x87df4a88
core   0: 0x80007a8c (0x025f9cb3) mulh    s9, t6, t0
core   0: 3 0x80007a8c (0x025f9cb3) x25 0x00000000
core   0: 0x80007a90 (0x0084aab3) slt     s5, s1, s0
core   0: 3 0x80007a90 (0x0084aab3) x21 0x00000001
core   0: 0x80007a94 (0x41805e13) srai    t3, zero, 24
core   0: 3 0x80007a94 (0x41805e13) x28 0x00000000
core   0: 0x80007a98 (0x022d75b3) remu    a1, s10, sp
core   0: 3 0x80007a98 (0x022d75b3) x11 0x00000400
core   0: 0x80007a9c (0x03483e33) mulhu   t3, a6, s4
core   0: 3 0x80007a9c (0x03483e33) x28 0x5d6d7ff0
core   0: 0x80007aa0 (0x03d88b33) mul     s6, a7, t4
core   0: 3 0x80007aa0 (0x03d88b33) x22 0x00000000
core   0: 0x80007aa4 (0x567a0013) addi    zero, s4, 1383
core   0: 3 0x80007aa4 (0x567a0013)
core   0: 0x80007aa8 (0x00959333) sll     t1, a1, s1
core   0: 3 0x80007aa8 (0x00959333) x 6 0x00004000
core   0: 0x80007aac (0xd391cf93) xori    t6, gp, -711
core   0: 3 0x80007aac (0xd391cf93) x31 0xfffffd39
core   0: 0x80007ab0 (0x40315eb3) sra     t4, sp, gp
core   0: 3 0x80007ab0 (0x40315eb3) x29 0x8001deec
core   0: 0x80007ab4 (0x02d691b3) mulh    gp, a3, a3
core   0: 3 0x80007ab4 (0x02d691b3) x 3 0x00000000
core   0: 0x80007ab8 (0x02157533) remu    a0, a0, ra
core   0: 3 0x80007ab8 (0x02157533) x10 0x7ffeb19b
core   0: 0x80007abc (0x0005f6b3) and     a3, a1, zero
core   0: 3 0x80007abc (0x0005f6b3) x13 0x00000000
core   0: 0x80007ac0 (0x03e34eb3) div     t4, t1, t5
core   0: 3 0x80007ac0 (0x03e34eb3) x29 0x0000000b
core   0: 0x80007ac4 (0x00c6c333) xor     t1, a3, a2
core   0: 3 0x80007ac4 (0x00c6c333) x 6 0xd21cdae0
core   0: 0x80007ac8 (0x410005b3) sub     a1, zero, a6
core   0: 3 0x80007ac8 (0x410005b3) x11 0x7ffe731c
core   0: 0x80007acc (0x0162b333) sltu    t1, t0, s6
core   0: 3 0x80007acc (0x0162b333) x 6 0x00000000
core   0: 0x80007ad0 (0x00091cb3) sll     s9, s2, zero
core   0: 3 0x80007ad0 (0x00091cb3) x25 0x0549a000
core   0: 0x80007ad4 (0xeab76793) ori     a5, a4, -341
core   0: 3 0x80007ad4 (0xeab76793) x15 0xfffffefb
core   0: 0x80007ad8 (0x01fa5f13) srli    t5, s4, 31
core   0: 3 0x80007ad8 (0x01fa5f13) x30 0x00000001
core   0: 0x80007adc (0x01156cb3) or      s9, a0, a7
core   0: 3 0x80007adc (0x01156cb3) x25 0x7ffeb19b
core   0: 0x80007ae0 (0x02b4a6b3) mulhsu  a3, s1, a1
core   0: 3 0x80007ae0 (0x02b4a6b3) x13 0xc0016da1
core   0: 0x80007ae4 (0x77182b13) slti    s6, a6, 1905
core   0: 3 0x80007ae4 (0x77182b13) x22 0x00000001
core   0: 0x80007ae8 (0x01945733) srl     a4, s0, s9
core   0: 3 0x80007ae8 (0x01945733) x14 0x00000002
core   0: 0x80007aec (0x01d31133) sll     sp, t1, t4
core   0: 3 0x80007aec (0x01d31133) x 2 0x00000000
core   0: 0x80007af0 (0x025b17b3) mulh    a5, s6, t0
core   0: 3 0x80007af0 (0x025b17b3) x15 0xffffffff
core   0: 0x80007af4 (0xaddd7413) andi    s0, s10, -1315
core   0: 3 0x80007af4 (0xaddd7413) x 8 0x00000000
core   0: 0x80007af8 (0x033fdeb3) divu    t4, t6, s3
core   0: 3 0x80007af8 (0x033fdeb3) x29 0xffffffff
core   0: 0x80007afc (0x00dd1393) slli    t2, s10, 13
core   0: 3 0x80007afc (0x00dd1393) x 7 0x00800000
core   0: 0x80007b00 (0x021fe1b3) rem     gp, t6, ra
core   0: 3 0x80007b00 (0x021fe1b3) x 3 0xfffffd39
core   0: 0x80007b04 (0x01a91d93) slli    s11, s2, 26
core   0: 3 0x80007b04 (0x01a91d93) x27 0x00000000
core   0: 0x80007b08 (0xe6c8b913) sltiu   s2, a7, -404
core   0: 3 0x80007b08 (0xe6c8b913) x18 0x00000001
core   0: 0x80007b0c (0x443d6393) ori     t2, s10, 1091
core   0: 3 0x80007b0c (0x443d6393) x 7 0x00000443
core   0: 0x80007b10 (0x013b2033) slt     zero, s6, s3
core   0: 3 0x80007b10 (0x013b2033)
core   0: 0x80007b14 (0x6231e593) ori     a1, gp, 1571
core   0: 3 0x80007b14 (0x6231e593) x11 0xffffff3b
core   0: 0x80007b18 (0x031a4733) div     a4, s4, a7
core   0: 3 0x80007b18 (0x031a4733) x14 0xffffffff
core   0: 0x80007b1c (0x39530913) addi    s2, t1, 917
core   0: 3 0x80007b1c (0x39530913) x18 0x00000395
core   0: 0x80007b20 (0x02fabab3) mulhu   s5, s5, a5
core   0: 3 0x80007b20 (0x02fabab3) x21 0x00000000
core   0: 0x80007b24 (0xa4f93293) sltiu   t0, s2, -1457
core   0: 3 0x80007b24 (0xa4f93293) x 5 0x00000001
core   0: 0x80007b28 (0x019868b3) or      a7, a6, s9
core   0: 3 0x80007b28 (0x019868b3) x17 0xffffbdff
core   0: 0x80007b2c (0x0168a433) slt     s0, a7, s6
core   0: 3 0x80007b2c (0x0168a433) x 8 0x00000001
core   0: 0x80007b30 (0x00b5cd33) xor     s10, a1, a1
core   0: 3 0x80007b30 (0x00b5cd33) x26 0x00000000
core   0: 0x80007b34 (0x8b01c113) xori    sp, gp, -1872
core   0: 3 0x80007b34 (0x8b01c113) x 2 0x00000589
core   0: 0x80007b38 (0x415601b3) sub     gp, a2, s5
core   0: 3 0x80007b38 (0x415601b3) x 3 0xd21cdae0
core   0: 0x80007b3c (0x030777b3) remu    a5, a4, a6
core   0: 3 0x80007b3c (0x030777b3) x15 0x7ffe731b
core   0: 0x80007b40 (0x1b00c093) xori    ra, ra, 432
core   0: 3 0x80007b40 (0x1b00c093) x 1 0x80014fd4
core   0: 0x80007b44 (0x019f7bb3) and     s7, t5, s9
core   0: 3 0x80007b44 (0x019f7bb3) x23 0x00000001
core   0: 0x80007b48 (0x011b2333) slt     t1, s6, a7
core   0: 3 0x80007b48 (0x011b2333) x 6 0x00000000
core   0: 0x80007b4c (0x02003c33) mulhu   s8, zero, zero
core   0: 3 0x80007b4c (0x02003c33) x24 0x00000000
core   0: 0x80007b50 (0x420ab013) sltiu   zero, s5, 1056
core   0: 3 0x80007b50 (0x420ab013)
core   0: 0x80007b54 (0x074c6437) lui     s0, 0x74c6
core   0: 3 0x80007b54 (0x074c6437) x 8 0x074c6000
core   0: 0x80007b58 (0x015e4d33) xor     s10, t3, s5
core   0: 3 0x80007b58 (0x015e4d33) x26 0x5d6d7ff0
core   0: 0x80007b5c (0x03cb3633) mulhu   a2, s6, t3
core   0: 3 0x80007b5c (0x03cb3633) x12 0x00000000
core   0: 0x80007b60 (0xd6fea713) slti    a4, t4, -657
core   0: 3 0x80007b60 (0xd6fea713) x14 0x00000000
core   0: 0x80007b64 (0x4ff5bb93) sltiu   s7, a1, 1279
core   0: 3 0x80007b64 (0x4ff5bb93) x23 0x00000000
core   0: 0x80007b68 (0xd27f2893) slti    a7, t5, -729
core   0: 3 0x80007b68 (0xd27f2893) x17 0x00000000
core   0: 0x80007b6c (0x0223a733) mulhsu  a4, t2, sp
core   0: 3 0x80007b6c (0x0223a733) x14 0x00000000
core   0: 0x80007b70 (0x62483cb7) lui     s9, 0x62483
core   0: 3 0x80007b70 (0x62483cb7) x25 0x62483000
core   0: 0x80007b74 (0x03bf5133) divu    sp, t5, s11
core   0: 3 0x80007b74 (0x03bf5133) x 2 0xffffffff
core   0: 0x80007b78 (0x00b88c33) add     s8, a7, a1
core   0: 3 0x80007b78 (0x00b88c33) x24 0xffffff3b
core   0: 0x80007b7c (0xde413517) auipc   a0, 0xde413
core   0: 3 0x80007b7c (0xde413517) x10 0x5e41ab7c
core   0: 0x80007b80 (0x51de6693) ori     a3, t3, 1309
core   0: 3 0x80007b80 (0x51de6693) x13 0x5d6d7ffd
core   0: 0x80007b84 (0xe7024793) xori    a5, tp, -400
core   0: 3 0x80007b84 (0xe7024793) x15 0xd1bb2e70
core   0: 0x80007b88 (0xc97d7693) andi    a3, s10, -873
core   0: 3 0x80007b88 (0xc97d7693) x13 0x5d6d7c90
core   0: 0x80007b8c (0x031af633) remu    a2, s5, a7
core   0: 3 0x80007b8c (0x031af633) x12 0x00000000
core   0: 0x80007b90 (0x02adfcb3) remu    s9, s11, a0
core   0: 3 0x80007b90 (0x02adfcb3) x25 0x00000000
core   0: 0x80007b94 (0x038789b3) mul     s3, a5, s8
core   0: 3 0x80007b94 (0x038789b3) x19 0x9af543d0
core   0: 0x80007b98 (0x26ef8013) addi    zero, t6, 622
core   0: 3 0x80007b98 (0x26ef8013)
core   0: 0x80007b9c (0x027cc533) div     a0, s9, t2
core   0: 3 0x80007b9c (0x027cc533) x10 0x00000000
core   0: 0x80007ba0 (0x003130b3) sltu    ra, sp, gp
core   0: 3 0x80007ba0 (0x003130b3) x 1 0x00000000
core   0: 0x80007ba4 (0x03715e33) divu    t3, sp, s7
core   0: 3 0x80007ba4 (0x03715e33) x28 0xffffffff
core   0: 0x80007ba8 (0x03998133) mul     sp, s3, s9
core   0: 3 0x80007ba8 (0x03998133) x 2 0x00000000
core   0: 0x80007bac (0x00441933) sll     s2, s0, tp
core   0: 3 0x80007bac (0x00441933) x18 0x074c6000
core   0: 0x80007bb0 (0x039ca0b3) mulhsu  ra, s9, s9
core   0: 3 0x80007bb0 (0x039ca0b3) x 1 0x00000000
core   0: 0x80007bb4 (0x02634bb3) div     s7, t1, t1
core   0: 3 0x80007bb4 (0x02634bb3) x23 0xffffffff
core   0: 0x80007bb8 (0x4161df93) srai    t6, gp, 22
core   0: 3 0x80007bb8 (0x4161df93) x31 0xffffff48
core   0: 0x80007bbc (0x013c0cb3) add     s9, s8, s3
core   0: 3 0x80007bbc (0x013c0cb3) x25 0x9af5430b
core   0: 0x80007bc0 (0x00cb2733) slt     a4, s6, a2
core   0: 3 0x80007bc0 (0x00cb2733) x14 0x00000000
core   0: 0x80007bc4 (0xf3116117) auipc   sp, 0xf3116
core   0: 3 0x80007bc4 (0xf3116117) x 2 0x7311dbc4
core   0: 0x80007bc8 (0x4452c013) xori    zero, t0, 1093
core   0: 3 0x80007bc8 (0x4452c013)
core   0: 0x80007bcc (0x213c6593) ori     a1, s8, 531
core   0: 3 0x80007bcc (0x213c6593) x11 0xffffff3b
core   0: 0x80007bd0 (0x04ec0437) lui     s0, 0x4ec0
core   0: 3 0x80007bd0 (0x04ec0437) x 8 0x04ec0000
core   0: 0x80007bd4 (0x00b331b3) sltu    gp, t1, a1
core   0: 3 0x80007bd4 (0x00b331b3) x 3 0x00000001
core   0: 0x80007bd8 (0x7e9b5b17) auipc   s6, 0x7e9b5
core   0: 3 0x80007bd8 (0x7e9b5b17) x22 0xfe9bcbd8
core   0: 0x80007bdc (0x14ac7413) andi    s0, s8, 330
core   0: 3 0x80007bdc (0x14ac7413) x 8 0x0000010a
core   0: 0x80007be0 (0x02e1ecb3) rem     s9, gp, a4
core   0: 3 0x80007be0 (0x02e1ecb3) x25 0x00000001
core   0: 0x80007be4 (0x00849e33) sll     t3, s1, s0
core   0: 3 0x80007be4 (0x00849e33) x28 0x05399000
core   0: 0x80007be8 (0x00000013) nop
core   0: 3 0x80007be8 (0x00000013)
core   0: 0x80007bec (0x0087f733) and     a4, a5, s0
core   0: 3 0x80007bec (0x0087f733) x14 0x00000000
core   0: 0x80007bf0 (0x03f7ceb3) div     t4, a5, t6
core   0: 3 0x80007bf0 (0x03f7ceb3) x29 0x00405fbf
core   0: 0x80007bf4 (0x00b71f93) slli    t6, a4, 11
core   0: 3 0x80007bf4 (0x00b71f93) x31 0x00000000
core   0: 0x80007bf8 (0x02b99fb3) mulh    t6, s3, a1
core   0: 3 0x80007bf8 (0x02b99fb3) x31 0x0000004d
core   0: 0x80007bfc (0x40f10ab3) sub     s5, sp, a5
core   0: 3 0x80007bfc (0x40f10ab3) x21 0xa156ad54
core   0: 0x80007c00 (0x0041d713) srli    a4, gp, 4
core   0: 3 0x80007c00 (0x0041d713) x14 0x00000000
core   0: 0x80007c04 (0x00e2d933) srl     s2, t0, a4
core   0: 3 0x80007c04 (0x00e2d933) x18 0x00000001
core   0: 0x80007c08 (0x00725d33) srl     s10, tp, t2
core   0: 3 0x80007c08 (0x00725d33) x26 0x05c89a00
core   0: 0x80007c0c (0x0274ed33) rem     s10, s1, t2
core   0: 3 0x80007c0c (0x0274ed33) x26 0xffffff38
core   0: 0x80007c10 (0x00000013) nop
core   0: 3 0x80007c10 (0x00000013)
core   0: 0x80007c14 (0x7dcdf513) andi    a0, s11, 2012
core   0: 3 0x80007c14 (0x7dcdf513) x10 0x00000000
core   0: 0x80007c18 (0x03df0533) mul     a0, t5, t4
core   0: 3 0x80007c18 (0x03df0533) x10 0x00405fbf
core   0: 0x80007c1c (0x7fda9b17) auipc   s6, 0x7fda9
core   0: 3 0x80007c1c (0x7fda9b17) x22 0xffdb0c1c
core   0: 0x80007c20 (0x0b9d8993) addi    s3, s11, 185
core   0: 3 0x80007c20 (0x0b9d8993) x19 0x000000b9
core   0: 0x80007c24 (0xee3d2913) slti    s2, s10, -285
core   0: 3 0x80007c24 (0xee3d2913) x18 0x00000000
core   0: 0x80007c28 (0x03d6fab3) remu    s5, a3, t4
core   0: 3 0x80007c28 (0x03d6fab3) x21 0x0022bac3
core   0: 0x80007c2c (0x0fabbf13) sltiu   t5, s7, 250
core   0: 3 0x80007c2c (0x0fabbf13) x30 0x00000000
core   0: 0x80007c30 (0x02e9e0b3) rem     ra, s3, a4
core   0: 3 0x80007c30 (0x02e9e0b3) x 1 0x000000b9
core   0: 0x80007c34 (0x02250e33) mul     t3, a0, sp
core   0: 3 0x80007c34 (0x02250e33) x28 0x6be0b33c
core   0: 0x80007c38 (0x00381293) slli    t0, a6, 3
core   0: 3 0x80007c38 (0x00381293) x 5 0x000c6720
core   0: 0x80007c3c (0xa0322c93) slti    s9, tp, -1533
core   0: 3 0x80007c3c (0xa0322c93) x25 0x00000000
core   0: 0x80007c40 (0x0260e733) rem     a4, ra, t1
core   0: 3 0x80007c40 (0x0260e733) x14 0x000000b9
core   0: 0x80007c44 (0x02398db3) mul     s11, s3, gp
core   0: 3 0x80007c44 (0x02398db3) x27 0x000000b9
core   0: 0x80007c48 (0x0031d0b3) srl     ra, gp, gp
core   0: 3 0x80007c48 (0x0031d0b3) x 1 0x00000000
core   0: 0x80007c4c (0x006a4ab3) xor     s5, s4, t1
core   0: 3 0x80007c4c (0x006a4ab3) x21 0xbad8bc85
core   0: 0x80007c50 (0x01bd3933) sltu    s2, s10, s11
core   0: 3 0x80007c50 (0x01bd3933) x18 0x00000000
core   0: 0x80007c54 (0x840c0213) addi    tp, s8, -1984
core   0: 3 0x80007c54 (0x840c0213) x 4 0xfffff77b
core   0: 0x80007c58 (0x00636bb3) or      s7, t1, t1
core   0: 3 0x80007c58 (0x00636bb3) x23 0x00000000
core   0: 0x80007c5c (0x03f8de33) divu    t3, a7, t6
core   0: 3 0x80007c5c (0x03f8de33) x28 0x00000000
core   0: 0x80007c60 (0x0234a733) mulhsu  a4, s1, gp
core   0: 3 0x80007c60 (0x0234a733) x14 0xffffffff
core   0: 0x80007c64 (0x00172133) slt     sp, a4, ra
core   0: 3 0x80007c64 (0x00172133) x 2 0x00000001
core   0: 0x80007c68 (0x0390f933) remu    s2, ra, s9
core   0: 3 0x80007c68 (0x0390f933) x18 0x00000000
core   0: 0x80007c6c (0x00cc91b3) sll     gp, s9, a2
core   0: 3 0x80007c6c (0x00cc91b3) x 3 0x00000000
core   0: 0x80007c70 (0xac28e393) ori     t2, a7, -1342
core   0: 3 0x80007c70 (0xac28e393) x 7 0xfffffac2
core   0: 0x80007c74 (0x02c93db3) mulhu   s11, s2, a2
core   0: 3 0x80007c74 (0x02c93db3) x27 0x00000000
core   0: 0x80007c78 (0x40bfdbb3) sra     s7, t6, a1
core   0: 3 0x80007c78 (0x40bfdbb3) x23 0x00000000
core   0: 0x80007c7c (0x023f5233) divu    tp, t5, gp
core   0: 3 0x80007c7c (0x023f5233) x 4 0xffffffff
core   0: 0x80007c80 (0x020e9e33) mulh    t3, t4, zero
core   0: 3 0x80007c80 (0x020e9e33) x28 0x00000000
core   0: 0x80007c84 (0x0197d293) srli    t0, a5, 25
core   0: 3 0x80007c84 (0x0197d293) x 5 0x00000068
core   0: 0x80007c88 (0x012c85b3) add     a1, s9, s2
core   0: 3 0x80007c88 (0x012c85b3) x11 0x00000000
core   0: 0x80007c8c (0x38941c97) auipc   s9, 0x38941
core   0: 3 0x80007c8c (0x38941c97) x25 0xb8948c8c
core   0: 0x80007c90 (0x38560e13) addi    t3, a2, 901
core   0: 3 0x80007c90 (0x38560e13) x28 0x00000385
core   0: 0x80007c94 (0x007501b3) add     gp, a0, t2
core   0: 3 0x80007c94 (0x007501b3) x 3 0x00405a81
core   0: 0x80007c98 (0x020e6d33) rem     s10, t3, zero
core   0: 3 0x80007c98 (0x020e6d33) x26 0x00000385
core   0: 0x80007c9c (0x40fcd793) srai    a5, s9, 15
core   0: 3 0x80007c9c (0x40fcd793) x15 0xffff7129
core   0: 0x80007ca0 (0x0079d613) srli    a2, s3, 7
core   0: 3 0x80007ca0 (0x0079d613) x12 0x00000001
core   0: 0x80007ca4 (0x03de7033) remu    zero, t3, t4
core   0: 3 0x80007ca4 (0x03de7033)
core   0: 0x80007ca8 (0x00000013) nop
core   0: 3 0x80007ca8 (0x00000013)
core   0: 0x80007cac (0x226eaa93) slti    s5, t4, 550
core   0: 3 0x80007cac (0x226eaa93) x21 0x00000000
core   0: 0x80007cb0 (0xe05a2f13) slti    t5, s4, -507
core   0: 3 0x80007cb0 (0xe05a2f13) x30 0x00000001
core   0: 0x80007cb4 (0x400ad733) sra     a4, s5, zero
core   0: 3 0x80007cb4 (0x400ad733) x14 0x00000000
core   0: 0x80007cb8 (0x0036ecb3) or      s9, a3, gp
core   0: 3 0x80007cb8 (0x0036ecb3) x25 0x5d6d7e91
core   0: 0x80007cbc (0x020d86b3) mul     a3, s11, zero
core   0: 3 0x80007cbc (0x020d86b3) x13 0x00000000
core   0: 0x80007cc0 (0xa256eb93) ori     s7, a3, -1499
core   0: 3 0x80007cc0 (0xa256eb93) x23 0xfffffa25
core   0: 0x80007cc4 (0x025cee33) rem     t3, s9, t0
core   0: 3 0x80007cc4 (0x025cee33) x28 0x00000009
core   0: 0x80007cc8 (0x02ddd433) divu    s0, s11, a3
core   0: 3 0x80007cc8 (0x02ddd433) x 8 0xffffffff
core   0: 0x80007ccc (0x02b61533) mulh    a0, a2, a1
core   0: 3 0x80007ccc (0x02b61533) x10 0x00000000
core   0: 0x80007cd0 (0x008a9c33) sll     s8, s5, s0
core   0: 3 0x80007cd0 (0x008a9c33) x24 0x00000000
core   0: 0x80007cd4 (0x024ca5b3) mulhsu  a1, s9, tp
core   0: 3 0x80007cd4 (0x024ca5b3) x11 0x5d6d7e90
core   0: 0x80007cd8 (0x0179fdb3) and     s11, s3, s7
core   0: 3 0x80007cd8 (0x0179fdb3) x27 0x00000021
core   0: 0x80007cdc (0x3148e413) ori     s0, a7, 788
core   0: 3 0x80007cdc (0x3148e413) x 8 0x00000314
core   0: 0x80007ce0 (0x03d38c33) mul     s8, t2, t4
core   0: 3 0x80007ce0 (0x03d38c33) x24 0xae8a14be
core   0: 0x80007ce4 (0x01aa5bb3) srl     s7, s4, s10
core   0: 3 0x80007ce4 (0x01aa5bb3) x23 0x05d6c5e4
core   0: 0x80007ce8 (0x009abeb3) sltu    t4, s5, s1
core   0: 3 0x80007ce8 (0x009abeb3) x29 0x00000001
core   0: 0x80007cec (0x40325c33) sra     s8, tp, gp
core   0: 3 0x80007cec (0x40325c33) x24 0xffffffff
core   0: 0x80007cf0 (0x02538eb3) mul     t4, t2, t0
core   0: 3 0x80007cf0 (0x02538eb3) x29 0xfffdded0
core   0: 0x80007cf4 (0x0067adb3) slt     s11, a5, t1
core   0: 3 0x80007cf4 (0x0067adb3) x27 0x00000001
core   0: 0x80007cf8 (0x00411733) sll     a4, sp, tp
core   0: 3 0x80007cf8 (0x00411733) x14 0x80000000
core   0: 0x80007cfc (0x022e1233) mulh    tp, t3, sp
core   0: 3 0x80007cfc (0x022e1233) x 4 0x00000000
core   0: 0x80007d00 (0x031e9f33) mulh    t5, t4, a7
core   0: 3 0x80007d00 (0x031e9f33) x30 0x00000000
core   0: 0x80007d04 (0x00a94433) xor     s0, s2, a0
core   0: 3 0x80007d04 (0x00a94433) x 8 0x00000000
core   0: 0x80007d08 (0x01775933) srl     s2, a4, s7
core   0: 3 0x80007d08 (0x01775933) x18 0x08000000
core   0: 0x80007d0c (0xfd1e4093) xori    ra, t3, -47
core   0: 3 0x80007d0c (0xfd1e4093) x 1 0xffffffd8
core   0: 0x80007d10 (0x02888e33) mul     t3, a7, s0
core   0: 3 0x80007d10 (0x02888e33) x28 0x00000000
core   0: 0x80007d14 (0x199cfe13) andi    t3, s9, 409
core   0: 3 0x80007d14 (0x199cfe13) x28 0x00000091
core   0: 0x80007d18 (0x034008b3) mul     a7, zero, s4
core   0: 3 0x80007d18 (0x034008b3) x17 0x00000000
core   0: 0x80007d1c (0x01e68b33) add     s6, a3, t5
core   0: 3 0x80007d1c (0x01e68b33) x22 0x00000000
core   0: 0x80007d20 (0x00201713) slli    a4, zero, 2
core   0: 3 0x80007d20 (0x00201713) x14 0x00000000
core   0: 0x80007d24 (0x00779213) slli    tp, a5, 7
core   0: 3 0x80007d24 (0x00779213) x 4 0xffb89480
core   0: 0x80007d28 (0x0044c533) xor     a0, s1, tp
core   0: 3 0x80007d28 (0x0044c533) x10 0x7fb9dae4
core   0: 0x80007d2c (0x1b68c513) xori    a0, a7, 438
core   0: 3 0x80007d2c (0x1b68c513) x10 0x000001b6
core   0: 0x80007d30 (0x413c8e33) sub     t3, s9, s3
core   0: 3 0x80007d30 (0x413c8e33) x28 0x5d6d7dd8
core   0: 0x80007d34 (0x41c20ab3) sub     s5, tp, t3
core   0: 3 0x80007d34 (0x41c20ab3) x21 0xa24b16a8
core   0: 0x80007d38 (0x02384033) div     zero, a6, gp
core   0: 3 0x80007d38 (0x02384033)
core   0: 0x80007d3c (0x78e2fe17) auipc   t3, 0x78e2f
core   0: 3 0x80007d3c (0x78e2fe17) x28 0xf8e36d3c
core   0: 0x80007d40 (0x0149ce33) xor     t3, s3, s4
core   0: 3 0x80007d40 (0x0149ce33) x28 0xbad8bc3c
core   0: 0x80007d44 (0x43e9ad13) slti    s10, s3, 1086
core   0: 3 0x80007d44 (0x43e9ad13) x26 0x00000001
core   0: 0x80007d48 (0x0116d893) srli    a7, a3, 17
core   0: 3 0x80007d48 (0x0116d893) x17 0x00000000
core   0: 0x80007d4c (0x00384f33) xor     t5, a6, gp
core   0: 3 0x80007d4c (0x00384f33) x30 0x8041d665
core   0: 0x80007d50 (0x00588033) add     zero, a7, t0
core   0: 3 0x80007d50 (0x00588033)
core   0: 0x80007d54 (0x01743b33) sltu    s6, s0, s7
core   0: 3 0x80007d54 (0x01743b33) x22 0x00000001
core   0: 0x80007d58 (0x021d7333) remu    t1, s10, ra
core   0: 3 0x80007d58 (0x021d7333) x 6 0x00000001
core   0: 0x80007d5c (0x0222dcb3) divu    s9, t0, sp
core   0: 3 0x80007d5c (0x0222dcb3) x25 0x00000068
core   0: 0x80007d60 (0x03b619b3) mulh    s3, a2, s11
core   0: 3 0x80007d60 (0x03b619b3) x19 0x00000000
core   0: 0x80007d64 (0x010b4ab3) xor     s5, s6, a6
core   0: 3 0x80007d64 (0x010b4ab3) x21 0x80018ce5
core   0: 0x80007d68 (0x00a9a1b3) slt     gp, s3, a0
core   0: 3 0x80007d68 (0x00a9a1b3) x 3 0x00000001
core   0: 0x80007d6c (0x74ef7913) andi    s2, t5, 1870
core   0: 3 0x80007d6c (0x74ef7913) x18 0x00000644
core   0: 0x80007d70 (0x02c56db3) rem     s11, a0, a2
core   0: 3 0x80007d70 (0x02c56db3) x27 0x00000000
core   0: 0x80007d74 (0x011b4033) xor     zero, s6, a7
core   0: 3 0x80007d74 (0x011b4033)
core   0: 0x80007d78 (0x03ae9d33) mulh    s10, t4, s10
core   0: 3 0x80007d78 (0x03ae9d33) x26 0xffffffff
core   0: 0x80007d7c (0x0224d5b3) divu    a1, s1, sp
core   0: 3 0x80007d7c (0x0224d5b3) x11 0x80014e64
core   0: 0x80007d80 (0x4126d5b3) sra     a1, a3, s2
core   0: 3 0x80007d80 (0x4126d5b3) x11 0x00000000
core   0: 0x80007d84 (0x02b627b3) mulhsu  a5, a2, a1
core   0: 3 0x80007d84 (0x02b627b3) x15 0x00000000
core   0: 0x80007d88 (0xec538d93) addi    s11, t2, -315
core   0: 3 0x80007d88 (0xec538d93) x27 0xfffff987
core   0: 0x80007d8c (0x02e632b3) mulhu   t0, a2, a4
core   0: 3 0x80007d8c (0x02e632b3) x 5 0x00000000
core   0: 0x80007d90 (0x43b74913) xori    s2, a4, 1083
core   0: 3 0x80007d90 (0x43b74913) x18 0x0000043b
core   0: 0x80007d94 (0xecef4393) xori    t2, t5, -306
core   0: 3 0x80007d94 (0xecef4393) x 7 0x7fbe28ab
core   0: 0x80007d98 (0x415c85b3) sub     a1, s9, s5
core   0: 3 0x80007d98 (0x415c85b3) x11 0x7ffe7383
core   0: 0x80007d9c (0x00aa9793) slli    a5, s5, 10
core   0: 3 0x80007d9c (0x00aa9793) x15 0x06339400
core   0: 0x80007da0 (0x00322233) slt     tp, tp, gp
core   0: 3 0x80007da0 (0x00322233) x 4 0x00000001
core   0: 0x80007da4 (0x026ca1b3) mulhsu  gp, s9, t1
core   0: 3 0x80007da4 (0x026ca1b3) x 3 0x00000000
core   0: 0x80007da8 (0x46a00893) li      a7, 1130
core   0: 3 0x80007da8 (0x46a00893) x17 0x0000046a
core   0: 0x80007dac (0x50244d13) xori    s10, s0, 1282
core   0: 3 0x80007dac (0x50244d13) x26 0x00000502
core   0: 0x80007db0 (0x039f87b3) mul     a5, t6, s9
core   0: 3 0x80007db0 (0x039f87b3) x15 0x00001f48
core   0: 0x80007db4 (0x9732a113) slti    sp, t0, -1677
core   0: 3 0x80007db4 (0x9732a113) x 2 0x00000000
core   0: 0x80007db8 (0xef55b113) sltiu   sp, a1, -267
core   0: 3 0x80007db8 (0xef55b113) x 2 0x00000001
core   0: 0x80007dbc (0x009276b3) and     a3, tp, s1
core   0: 3 0x80007dbc (0x009276b3) x13 0x00000000
core   0: 0x80007dc0 (0x008fa5b3) slt     a1, t6, s0
core   0: 3 0x80007dc0 (0x008fa5b3) x11 0x00000000
core   0: 0x80007dc4 (0x00c71f93) slli    t6, a4, 12
core   0: 3 0x80007dc4 (0x00c71f93) x31 0x00000000
core   0: 0x80007dc8 (0x019f0433) add     s0, t5, s9
core   0: 3 0x80007dc8 (0x019f0433) x 8 0x8041d6cd
core   0: 0x80007dcc (0x00558633) add     a2, a1, t0
core   0: 3 0x80007dcc (0x00558633) x12 0x00000000
core   0: 0x80007dd0 (0x40b6ddb3) sra     s11, a3, a1
core   0: 3 0x80007dd0 (0x40b6ddb3) x27 0x00000000
core   0: 0x80007dd4 (0x313eba97) auipc   s5, 0x313eb
core   0: 3 0x80007dd4 (0x313eba97) x21 0xb13f2dd4
core   0: 0x80007dd8 (0x02fc2033) mulhsu  zero, s8, a5
core   0: 3 0x80007dd8 (0x02fc2033)
core   0: 0x80007ddc (0x1a6bbf97) auipc   t6, 0x1a6bb
core   0: 3 0x80007ddc (0x1a6bbf97) x31 0x9a6c2ddc
core   0: 0x80007de0 (0x4d2a4293) xori    t0, s4, 1234
core   0: 3 0x80007de0 (0x4d2a4293) x 5 0xbad8b857
core   0: 0x80007de4 (0x416c52b3) sra     t0, s8, s6
core   0: 3 0x80007de4 (0x416c52b3) x 5 0xffffffff
core   0: 0x80007de8 (0x066c6ab7) lui     s5, 0x66c6
core   0: 3 0x80007de8 (0x066c6ab7) x21 0x066c6000
core   0: 0x80007dec (0x022643b3) div     t2, a2, sp
core   0: 3 0x80007dec (0x022643b3) x 7 0x00000000
core   0: 0x80007df0 (0x034d6ab3) rem     s5, s10, s4
core   0: 3 0x80007df0 (0x034d6ab3) x21 0x00000502
core   0: 0x80007df4 (0x01751f33) sll     t5, a0, s7
core   0: 3 0x80007df4 (0x01751f33) x30 0x00001b60
core   0: 0x80007df8 (0x2718ec13) ori     s8, a7, 625
core   0: 3 0x80007df8 (0x2718ec13) x24 0x0000067b
core   0: 0x80007dfc (0x00be6633) or      a2, t3, a1
core   0: 3 0x80007dfc (0x00be6633) x12 0xbad8bc3c
core   0: 0x80007e00 (0x404f8e33) sub     t3, t6, tp
core   0: 3 0x80007e00 (0x404f8e33) x28 0x9a6c2ddb
core   0: 0x80007e04 (0x3b138237) lui     tp, 0x3b138
core   0: 3 0x80007e04 (0x3b138237) x 4 0x3b138000
core   0: 0x80007e08 (0x00719d33) sll     s10, gp, t2
core   0: 3 0x80007e08 (0x00719d33) x26 0x00000000
core   0: 0x80007e0c (0x020c7cb3) remu    s9, s8, zero
core   0: 3 0x80007e0c (0x020c7cb3) x25 0x0000067b
core   0: 0x80007e10 (0x00b9e5b3) or      a1, s3, a1
core   0: 3 0x80007e10 (0x00b9e5b3) x11 0x00000000
core   0: 0x80007e14 (0x01c775b3) and     a1, a4, t3
core   0: 3 0x80007e14 (0x01c775b3) x11 0x00000000
core   0: 0x80007e18 (0x01af9213) slli    tp, t6, 26
core   0: 3 0x80007e18 (0x01af9213) x 4 0x70000000
core   0: 0x80007e1c (0x013865b3) or      a1, a6, s3
core   0: 3 0x80007e1c (0x013865b3) x11 0x80018ce4
core   0: 0x80007e20 (0x672eac93) slti    s9, t4, 1650
core   0: 3 0x80007e20 (0x672eac93) x25 0x00000001
core   0: 0x80007e24 (0xc301e793) ori     a5, gp, -976
core   0: 3 0x80007e24 (0xc301e793) x15 0xfffffc30
core   0: 0x80007e28 (0x03911633) mulh    a2, sp, s9
core   0: 3 0x80007e28 (0x03911633) x12 0x00000000
core   0: 0x80007e2c (0x40668cb3) sub     s9, a3, t1
core   0: 3 0x80007e2c (0x40668cb3) x25 0xffffffff
core   0: 0x80007e30 (0xbc19b193) sltiu   gp, s3, -1087
core   0: 3 0x80007e30 (0xbc19b193) x 3 0x00000001
core   0: 0x80007e34 (0x40460433) sub     s0, a2, tp
core   0: 3 0x80007e34 (0x40460433) x 8 0x90000000
core   0: 0x80007e38 (0x01f12633) slt     a2, sp, t6
core   0: 3 0x80007e38 (0x01f12633) x12 0x00000000
core   0: 0x80007e3c (0xc6202d13) slti    s10, zero, -926
core   0: 3 0x80007e3c (0xc6202d13) x26 0x00000000
core   0: 0x80007e40 (0x001e9713) slli    a4, t4, 1
core   0: 3 0x80007e40 (0x001e9713) x14 0xfffbbda0
core   0: 0x80007e44 (0x6a09cc13) xori    s8, s3, 1696
core   0: 3 0x80007e44 (0x6a09cc13) x24 0x000006a0
core   0: 0x80007e48 (0x0165f5b3) and     a1, a1, s6
core   0: 3 0x80007e48 (0x0165f5b3) x11 0x00000000
core   0: 0x80007e4c (0x0168afb3) slt     t6, a7, s6
core   0: 3 0x80007e4c (0x0168afb3) x31 0x00000000
core   0: 0x80007e50 (0x4029df93) srai    t6, s3, 2
core   0: 3 0x80007e50 (0x4029df93) x31 0x00000000
core   0: 0x80007e54 (0xf63ef713) andi    a4, t4, -157
core   0: 3 0x80007e54 (0xf63ef713) x14 0xfffdde40
core   0: 0x80007e58 (0x183acd93) xori    s11, s5, 387
core   0: 3 0x80007e58 (0x183acd93) x27 0x00000481
core   0: 0x80007e5c (0x02112ab3) mulhsu  s5, sp, ra
core   0: 3 0x80007e5c (0x02112ab3) x21 0x00000000
core   0: 0x80007e60 (0x41178933) sub     s2, a5, a7
core   0: 3 0x80007e60 (0x41178933) x18 0xfffff7c6
core   0: 0x80007e64 (0x01689d13) slli    s10, a7, 22
core   0: 3 0x80007e64 (0x01689d13) x26 0x1a800000
core   0: 0x80007e68 (0x00bff1b3) and     gp, t6, a1
core   0: 3 0x80007e68 (0x00bff1b3) x 3 0x00000000
core   0: 0x80007e6c (0x00d21db3) sll     s11, tp, a3
core   0: 3 0x80007e6c (0x00d21db3) x27 0x70000000
core   0: 0x80007e70 (0x415f50b3) sra     ra, t5, s5
core   0: 3 0x80007e70 (0x415f50b3) x 1 0x00001b60
core   0: 0x80007e74 (0x037b16b3) mulh    a3, s6, s7
core   0: 3 0x80007e74 (0x037b16b3) x13 0x00000000
core   0: 0x80007e78 (0x01c85113) srli    sp, a6, 28
core   0: 3 0x80007e78 (0x01c85113) x 2 0x00000008
core   0: 0x80007e7c (0x406f5b13) srai    s6, t5, 6
core   0: 3 0x80007e7c (0x406f5b13) x22 0x0000006d
core   0: 0x80007e80 (0x67420313) addi    t1, tp, 1652
core   0: 3 0x80007e80 (0x67420313) x 6 0x70000674
core   0: 0x80007e84 (0x03da7733) remu    a4, s4, t4
core   0: 3 0x80007e84 (0x03da7733) x14 0xbad8bc85
core   0: 0x80007e88 (0xf91f6593) ori     a1, t5, -111
core   0: 3 0x80007e88 (0xf91f6593) x11 0xfffffff1
core   0: 0x80007e8c (0x037445b3) div     a1, s0, s7
core   0: 3 0x80007e8c (0x037445b3) x11 0xffffffed
core   0: 0x80007e90 (0x03ca0f33) mul     t5, s4, t3
core   0: 3 0x80007e90 (0x03ca0f33) x30 0x7aa8a6c7
core   0: 0x80007e94 (0x002e5c93) srli    s9, t3, 2
core   0: 3 0x80007e94 (0x002e5c93) x25 0x269b0b76
core   0: 0x80007e98 (0x5505b113) sltiu   sp, a1, 1360
core   0: 3 0x80007e98 (0x5505b113) x 2 0x00000000
core   0: 0x80007e9c (0x40e95e93) srai    t4, s2, 14
core   0: 3 0x80007e9c (0x40e95e93) x29 0xffffffff
core   0: 0x80007ea0 (0x006e47b3) xor     a5, t3, t1
core   0: 3 0x80007ea0 (0x006e47b3) x15 0xea6c2baf
core   0: 0x80007ea4 (0x0004edb3) or      s11, s1, zero
core   0: 3 0x80007ea4 (0x0004edb3) x27 0x80014e64
core   0: 0x80007ea8 (0x416b5633) sra     a2, s6, s6
core   0: 3 0x80007ea8 (0x416b5633) x12 0x00000000
core   0: 0x80007eac (0x019d2b33) slt     s6, s10, s9
core   0: 3 0x80007eac (0x019d2b33) x22 0x00000001
core   0: 0x80007eb0 (0x378bb513) sltiu   a0, s7, 888
core   0: 3 0x80007eb0 (0x378bb513) x10 0x00000000
core   0: 0x80007eb4 (0x0058c533) xor     a0, a7, t0
core   0: 3 0x80007eb4 (0x0058c533) x10 0xfffffb95
core   0: 0x80007eb8 (0x000c0e33) add     t3, s8, zero
core   0: 3 0x80007eb8 (0x000c0e33) x28 0x000006a0
core   0: 0x80007ebc (0x01785eb3) srl     t4, a6, s7
core   0: 3 0x80007ebc (0x01785eb3) x29 0x080018ce
core   0: 0x80007ec0 (0x00000013) nop
core   0: 3 0x80007ec0 (0x00000013)
core   0: 0x80007ec4 (0x006a0fb3) add     t6, s4, t1
core   0: 3 0x80007ec4 (0x006a0fb3) x31 0x2ad8c2f9
core   0: 0x80007ec8 (0x0190f333) and     t1, ra, s9
core   0: 3 0x80007ec8 (0x0190f333) x 6 0x00000b60
core   0: 0x80007ecc (0x000b9013) slli    zero, s7, 0
core   0: 3 0x80007ecc (0x000b9013)
core   0: 0x80007ed0 (0x00000013) nop
core   0: 3 0x80007ed0 (0x00000013)
core   0: 0x80007ed4 (0x41b25093) srai    ra, tp, 27
core   0: 3 0x80007ed4 (0x41b25093) x 1 0x0000000e
core   0: 0x80007ed8 (0x0364b233) mulhu   tp, s1, s6
core   0: 3 0x80007ed8 (0x0364b233) x 4 0x00000000
core   0: 0x80007edc (0xcffceb13) ori     s6, s9, -769
core   0: 3 0x80007edc (0xcffceb13) x22 0xffffffff
core   0: 0x80007ee0 (0x012a7e33) and     t3, s4, s2
core   0: 3 0x80007ee0 (0x012a7e33) x28 0xbad8b484
core   0: 0x80007ee4 (0x41685cb3) sra     s9, a6, s6
core   0: 3 0x80007ee4 (0x41685cb3) x25 0xffffffff
core   0: 0x80007ee8 (0x01005513) srli    a0, zero, 16
core   0: 3 0x80007ee8 (0x01005513) x10 0x00000000
core   0: 0x80007eec (0x00aa9f93) slli    t6, s5, 10
core   0: 3 0x80007eec (0x00aa9f93) x31 0x00000000
core   0: 0x80007ef0 (0x00000013) nop
core   0: 3 0x80007ef0 (0x00000013)
core   0: 0x80007ef4 (0x26dd3613) sltiu   a2, s10, 621
core   0: 3 0x80007ef4 (0x26dd3613) x12 0x00000000
core   0: 0x80007ef8 (0x012b9093) slli    ra, s7, 18
core   0: 3 0x80007ef8 (0x012b9093) x 1 0x17900000
core   0: 0x80007efc (0x02d146b3) div     a3, sp, a3
core   0: 3 0x80007efc (0x02d146b3) x13 0xffffffff
core   0: 0x80007f00 (0x2772bf93) sltiu   t6, t0, 631
core   0: 3 0x80007f00 (0x2772bf93) x31 0x00000000
core   0: 0x80007f04 (0x03ab2eb3) mulhsu  t4, s6, s10
core   0: 3 0x80007f04 (0x03ab2eb3) x29 0xffffffff
core   0: 0x80007f08 (0x00ceb0b3) sltu    ra, t4, a2
core   0: 3 0x80007f08 (0x00ceb0b3) x 1 0x00000000
core   0: 0x80007f0c (0x00661b93) slli    s7, a2, 6
core   0: 3 0x80007f0c (0x00661b93) x23 0x00000000
core   0: 0x80007f10 (0x017a9613) slli    a2, s5, 23
core   0: 3 0x80007f10 (0x017a9613) x12 0x00000000
core   0: 0x80007f14 (0x400c5013) srai    zero, s8, 0
core   0: 3 0x80007f14 (0x400c5013)
core   0: 0x80007f18 (0x03a95bb3) divu    s7, s2, s10
core   0: 3 0x80007f18 (0x03a95bb3) x23 0x00000009
core   0: 0x80007f1c (0x015f4133) xor     sp, t5, s5
core   0: 3 0x80007f1c (0x015f4133) x 2 0x7aa8a6c7
core   0: 0x80007f20 (0x01436e33) or      t3, t1, s4
core   0: 3 0x80007f20 (0x01436e33) x28 0xbad8bfe5
core   0: 0x80007f24 (0x419b5093) srai    ra, s6, 25
core   0: 3 0x80007f24 (0x419b5093) x 1 0xffffffff
core   0: 0x80007f28 (0x0335c8b3) div     a7, a1, s3
core   0: 3 0x80007f28 (0x0335c8b3) x17 0xffffffff
core   0: 0x80007f2c (0xb6386593) ori     a1, a6, -1181
core   0: 3 0x80007f2c (0xb6386593) x11 0xffffffe7
core   0: 0x80007f30 (0x0141b9b3) sltu    s3, gp, s4
core   0: 3 0x80007f30 (0x0141b9b3) x19 0x00000001
core   0: 0x80007f34 (0xd8f3b293) sltiu   t0, t2, -625
core   0: 3 0x80007f34 (0xd8f3b293) x 5 0x00000001
core   0: 0x80007f38 (0x00a61513) slli    a0, a2, 10
core   0: 3 0x80007f38 (0x00a61513) x10 0x00000000
core   0: 0x80007f3c (0x03c776b3) remu    a3, a4, t3
core   0: 3 0x80007f3c (0x03c776b3) x13 0xbad8bc85
core   0: 0x80007f40 (0x01f9d213) srli    tp, s3, 31
core   0: 3 0x80007f40 (0x01f9d213) x 4 0x00000000
core   0: 0x80007f44 (0x01209433) sll     s0, ra, s2
core   0: 3 0x80007f44 (0x01209433) x 8 0xffffffc0
core   0: 0x80007f48 (0x41618cb3) sub     s9, gp, s6
core   0: 3 0x80007f48 (0x41618cb3) x25 0x00000001
core   0: 0x80007f4c (0x00000013) nop
core   0: 3 0x80007f4c (0x00000013)
core   0: 0x80007f50 (0x413ad033) sra     zero, s5, s3
core   0: 3 0x80007f50 (0x413ad033)
core   0: 0x80007f54 (0x3d83f893) andi    a7, t2, 984
core   0: 3 0x80007f54 (0x3d83f893) x17 0x00000000
core   0: 0x80007f58 (0x1e105db7) lui     s11, 0x1e105
core   0: 3 0x80007f58 (0x1e105db7) x27 0x1e105000
core   0: 0x80007f5c (0x01339313) slli    t1, t2, 19
core   0: 3 0x80007f5c (0x01339313) x 6 0x00000000
core   0: 0x80007f60 (0x02747d33) remu    s10, s0, t2
core   0: 3 0x80007f60 (0x02747d33) x26 0xffffffc0
core   0: 0x80007f64 (0x0072ad33) slt     s10, t0, t2
core   0: 3 0x80007f64 (0x0072ad33) x26 0x00000000
core   0: 0x80007f68 (0xf8089197) auipc   gp, 0xf8089
core   0: 3 0x80007f68 (0xf8089197) x 3 0x78090f68
core   0: 0x80007f6c (0xd4fd4913) xori    s2, s10, -689
core   0: 3 0x80007f6c (0xd4fd4913) x18 0xfffffd4f
core   0: 0x80007f70 (0x025c6eb3) rem     t4, s8, t0
core   0: 3 0x80007f70 (0x025c6eb3) x29 0x00000000
core   0: 0x80007f74 (0x41bc56b3) sra     a3, s8, s11
core   0: 3 0x80007f74 (0x41bc56b3) x13 0x000006a0
core   0: 0x80007f78 (0xd9ff4c13) xori    s8, t5, -609
core   0: 3 0x80007f78 (0xd9ff4c13) x24 0x85575b58
core   0: 0x80007f7c (0x02b5ddb3) divu    s11, a1, a1
core   0: 3 0x80007f7c (0x02b5ddb3) x27 0x00000001
core   0: 0x80007f80 (0x01f56e33) or      t3, a0, t6
core   0: 3 0x80007f80 (0x01f56e33) x28 0x00000000
core   0: 0x80007f84 (0x00a1b8b3) sltu    a7, gp, a0
core   0: 3 0x80007f84 (0x00a1b8b3) x17 0x00000000
core   0: 0x80007f88 (0x026895b3) mulh    a1, a7, t1
core   0: 3 0x80007f88 (0x026895b3) x11 0x00000000
core   0: 0x80007f8c (0x82431297) auipc   t0, 0x82431
core   0: 3 0x80007f8c (0x82431297) x 5 0x02438f8c
core   0: 0x80007f90 (0xfcb0ab13) slti    s6, ra, -53
core   0: 3 0x80007f90 (0xfcb0ab13) x22 0x00000000
core   0: 0x80007f94 (0x013ec233) xor     tp, t4, s3
core   0: 3 0x80007f94 (0x013ec233) x 4 0x00000001
core   0: 0x80007f98 (0x0271acb3) mulhsu  s9, gp, t2
core   0: 3 0x80007f98 (0x0271acb3) x25 0x00000000
core   0: 0x80007f9c (0x03c0d433) divu    s0, ra, t3
core   0: 3 0x80007f9c (0x03c0d433) x 8 0xffffffff
core   0: 0x80007fa0 (0x01790cb3) add     s9, s2, s7
core   0: 3 0x80007fa0 (0x01790cb3) x25 0xfffffd58
core   0: 0x80007fa4 (0x41a8dab3) sra     s5, a7, s10
core   0: 3 0x80007fa4 (0x41a8dab3) x21 0x00000000
core   0: 0x80007fa8 (0x01b17fb3) and     t6, sp, s11
core   0: 3 0x80007fa8 (0x01b17fb3) x31 0x00000001
core   0: 0x80007fac (0x01927d33) and     s10, tp, s9
core   0: 3 0x80007fac (0x01927d33) x26 0x00000000
core   0: 0x80007fb0 (0x012222b3) slt     t0, tp, s2
core   0: 3 0x80007fb0 (0x012222b3) x 5 0x00000000
core   0: 0x80007fb4 (0x006b7033) and     zero, s6, t1
core   0: 3 0x80007fb4 (0x006b7033)
core   0: 0x80007fb8 (0x023371b3) remu    gp, t1, gp
core   0: 3 0x80007fb8 (0x023371b3) x 3 0x00000000
core   0: 0x80007fbc (0x0349c9b3) div     s3, s3, s4
core   0: 3 0x80007fbc (0x0349c9b3) x19 0x00000000
core   0: 0x80007fc0 (0x03dbdbb3) divu    s7, s7, t4
core   0: 3 0x80007fc0 (0x03dbdbb3) x23 0xffffffff
core   0: 0x80007fc4 (0x01709133) sll     sp, ra, s7
core   0: 3 0x80007fc4 (0x01709133) x 2 0x80000000
core   0: 0x80007fc8 (0x0046bf33) sltu    t5, a3, tp
core   0: 3 0x80007fc8 (0x0046bf33) x30 0x00000000
core   0: 0x80007fcc (0x01e651b3) srl     gp, a2, t5
core   0: 3 0x80007fcc (0x01e651b3) x 3 0x00000000
core   0: 0x80007fd0 (0x0355bcb3) mulhu   s9, a1, s5
core   0: 3 0x80007fd0 (0x0355bcb3) x25 0x00000000
core   0: 0x80007fd4 (0x03bd1933) mulh    s2, s10, s11
core   0: 3 0x80007fd4 (0x03bd1933) x18 0x00000000
core   0: 0x80007fd8 (0x01f35e13) srli    t3, t1, 31
core   0: 3 0x80007fd8 (0x01f35e13) x28 0x00000000
core   0: 0x80007fdc (0x4007dab3) sra     s5, a5, zero
core   0: 3 0x80007fdc (0x4007dab3) x21 0xea6c2baf
core   0: 0x80007fe0 (0xf041a017) auipc   zero, 0xf041a
core   0: 3 0x80007fe0 (0xf041a017)
core   0: 0x80007fe4 (0x00ad68b3) or      a7, s10, a0
core   0: 3 0x80007fe4 (0x00ad68b3) x17 0x00000000
core   0: 0x80007fe8 (0x01bedeb3) srl     t4, t4, s11
core   0: 3 0x80007fe8 (0x01bedeb3) x29 0x00000000
core   0: 0x80007fec (0x024235b3) mulhu   a1, tp, tp
core   0: 3 0x80007fec (0x024235b3) x11 0x00000000
core   0: 0x80007ff0 (0xd614ef13) ori     t5, s1, -671
core   0: 3 0x80007ff0 (0xd614ef13) x30 0xffffff65
core   0: 0x80007ff4 (0x02ec9e33) mulh    t3, s9, a4
core   0: 3 0x80007ff4 (0x02ec9e33) x28 0x00000000
core   0: 0x80007ff8 (0x0220f5b3) remu    a1, ra, sp
core   0: 3 0x80007ff8 (0x0220f5b3) x11 0x7fffffff
core   0: 0x80007ffc (0x02c5f733) remu    a4, a1, a2
core   0: 3 0x80007ffc (0x02c5f733) x14 0x7fffffff
core   0: 0x80008000 (0x404cd2b3) sra     t0, s9, tp
core   0: 3 0x80008000 (0x404cd2b3) x 5 0x00000000
core   0: 0x80008004 (0x00000013) nop
core   0: 3 0x80008004 (0x00000013)
core   0: 0x80008008 (0x03831933) mulh    s2, t1, s8
core   0: 3 0x80008008 (0x03831933) x18 0x00000000
core   0: 0x8000800c (0x006c3f33) sltu    t5, s8, t1
core   0: 3 0x8000800c (0x006c3f33) x30 0x00000000
core   0: 0x80008010 (0x02ac1f37) lui     t5, 0x2ac1
core   0: 3 0x80008010 (0x02ac1f37) x30 0x02ac1000
core   0: 0x80008014 (0x01139733) sll     a4, t2, a7
core   0: 3 0x80008014 (0x01139733) x14 0x00000000
core   0: 0x80008018 (0x017852b3) srl     t0, a6, s7
core   0: 3 0x80008018 (0x017852b3) x 5 0x00000001
core   0: 0x8000801c (0xc8793c93) sltiu   s9, s2, -889
core   0: 3 0x8000801c (0xc8793c93) x25 0x00000001
core   0: 0x80008020 (0x03a65b33) divu    s6, a2, s10
core   0: 3 0x80008020 (0x03a65b33) x22 0xffffffff
core   0: 0x80008024 (0x00a01013) slli    zero, zero, 10
core   0: 3 0x80008024 (0x00a01013)
core   0: 0x80008028 (0xe29fee13) ori     t3, t6, -471
core   0: 3 0x80008028 (0xe29fee13) x28 0xfffffe29
core   0: 0x8000802c (0x02298eb3) mul     t4, s3, sp
core   0: 3 0x8000802c (0x02298eb3) x29 0x00000000
core   0: 0x80008030 (0x01979213) slli    tp, a5, 25
core   0: 3 0x80008030 (0x01979213) x 4 0x5e000000
core   0: 0x80008034 (0x00000013) nop
core   0: 3 0x80008034 (0x00000013)
core   0: 0x80008038 (0xa94a0697) auipc   a3, 0xa94a0
core   0: 3 0x80008038 (0xa94a0697) x13 0x294a8038
core   0: 0x8000803c (0x0126d033) srl     zero, a3, s2
core   0: 3 0x8000803c (0x0126d033)
core   0: 0x80008040 (0x99f92097) auipc   ra, 0x99f92
core   0: 3 0x80008040 (0x99f92097) x 1 0x19f9a040
core   0: 0x80008044 (0x01e41c33) sll     s8, s0, t5
core   0: 3 0x80008044 (0x01e41c33) x24 0xffffffff
core   0: 0x80008048 (0x4145d9b3) sra     s3, a1, s4
core   0: 3 0x80008048 (0x4145d9b3) x19 0x03ffffff
core   0: 0x8000804c (0x01ec1913) slli    s2, s8, 30
core   0: 3 0x8000804c (0x01ec1913) x18 0xc0000000
core   0: 0x80008050 (0x5f079197) auipc   gp, 0x5f079
core   0: 3 0x80008050 (0x5f079197) x 3 0xdf081050
core   0: 0x80008054 (0x0055fdb3) and     s11, a1, t0
core   0: 3 0x80008054 (0x0055fdb3) x27 0x00000001
core   0: 0x80008058 (0xe38006b7) lui     a3, 0xe3800
core   0: 3 0x80008058 (0xe38006b7) x13 0xe3800000
core   0: 0x8000805c (0x039ce5b3) rem     a1, s9, s9
core   0: 3 0x8000805c (0x039ce5b3) x11 0x00000000
core   0: 0x80008060 (0x03d88fb3) mul     t6, a7, t4
core   0: 3 0x80008060 (0x03d88fb3) x31 0x00000000
core   0: 0x80008064 (0x03027ab3) remu    s5, tp, a6
core   0: 3 0x80008064 (0x03027ab3) x21 0x5e000000
core   0: 0x80008068 (0xe5876c93) ori     s9, a4, -424
core   0: 3 0x80008068 (0xe5876c93) x25 0xfffffe58
core   0: 0x8000806c (0x009246b3) xor     a3, tp, s1
core   0: 3 0x8000806c (0x009246b3) x13 0xde014e64
core   0: 0x80008070 (0x01bc4433) xor     s0, s8, s11
core   0: 3 0x80008070 (0x01bc4433) x 8 0xfffffffe
core   0: 0x80008074 (0x03e33e33) mulhu   t3, t1, t5
core   0: 3 0x80008074 (0x03e33e33) x28 0x00000000
core   0: 0x80008078 (0x01f1f933) and     s2, gp, t6
core   0: 3 0x80008078 (0x01f1f933) x18 0x00000000
core   0: 0x8000807c (0x025b1033) mulh    zero, s6, t0
core   0: 3 0x8000807c (0x025b1033)
core   0: 0x80008080 (0x147feb13) ori     s6, t6, 327
core   0: 3 0x80008080 (0x147feb13) x22 0x00000147
core   0: 0x80008084 (0x0263ecb3) rem     s9, t2, t1
core   0: 3 0x80008084 (0x0263ecb3) x25 0x00000000
core   0: 0x80008088 (0x0098d093) srli    ra, a7, 9
core   0: 3 0x80008088 (0x0098d093) x 1 0x00000000
core   0: 0x8000808c (0xbac3edb7) lui     s11, 0xbac3e
core   0: 3 0x8000808c (0xbac3edb7) x27 0xbac3e000
core   0: 0x80008090 (0x002f10b3) sll     ra, t5, sp
core   0: 3 0x80008090 (0x002f10b3) x 1 0x02ac1000
core   0: 0x80008094 (0x00949213) slli    tp, s1, 9
core   0: 3 0x80008094 (0x00949213) x 4 0x029cc800
core   0: 0x80008098 (0x011abe33) sltu    t3, s5, a7
core   0: 3 0x80008098 (0x011abe33) x28 0x00000000
core   0: 0x8000809c (0x5278f213) andi    tp, a7, 1319
core   0: 3 0x8000809c (0x5278f213) x 4 0x00000000
core   0: 0x800080a0 (0x017adab3) srl     s5, s5, s7
core   0: 3 0x800080a0 (0x017adab3) x21 0x00000000
core   0: 0x800080a4 (0x0138fbb3) and     s7, a7, s3
core   0: 3 0x800080a4 (0x0138fbb3) x23 0x00000000
core   0: 0x800080a8 (0x016b7433) and     s0, s6, s6
core   0: 3 0x800080a8 (0x016b7433) x 8 0x00000147
core   0: 0x800080ac (0x00000013) nop
core   0: 3 0x800080ac (0x00000013)
core   0: 0x800080b0 (0x00e96533) or      a0, s2, a4
core   0: 3 0x800080b0 (0x00e96533) x10 0x00000000
core   0: 0x800080b4 (0x0090c033) xor     zero, ra, s1
core   0: 3 0x800080b4 (0x0090c033)
core   0: 0x800080b8 (0x408e8633) sub     a2, t4, s0
core   0: 3 0x800080b8 (0x408e8633) x12 0xfffffeb9
core   0: 0x800080bc (0x01f11f93) slli    t6, sp, 31
core   0: 3 0x800080bc (0x01f11f93) x31 0x00000000
core   0: 0x800080c0 (0x015cfc33) and     s8, s9, s5
core   0: 3 0x800080c0 (0x015cfc33) x24 0x00000000
core   0: 0x800080c4 (0x1edf7213) andi    tp, t5, 493
core   0: 3 0x800080c4 (0x1edf7213) x 4 0x00000000
core   0: 0x800080c8 (0x40d35333) sra     t1, t1, a3
core   0: 3 0x800080c8 (0x40d35333) x 6 0x00000000
core   0: 0x800080cc (0x003e9313) slli    t1, t4, 3
core   0: 3 0x800080cc (0x003e9313) x 6 0x00000000
core   0: 0x800080d0 (0x41425e93) srai    t4, tp, 20
core   0: 3 0x800080d0 (0x41425e93) x29 0x00000000
core   0: 0x800080d4 (0x265ce893) ori     a7, s9, 613
core   0: 3 0x800080d4 (0x265ce893) x17 0x00000265
core   0: 0x800080d8 (0x00082933) slt     s2, a6, zero
core   0: 3 0x800080d8 (0x00082933) x18 0x00000001
core   0: 0x800080dc (0x02a821b3) mulhsu  gp, a6, a0
core   0: 3 0x800080dc (0x02a821b3) x 3 0x00000000
core   0: 0x800080e0 (0x4fb5a793) slti    a5, a1, 1275
core   0: 3 0x800080e0 (0x4fb5a793) x15 0x00000001
core   0: 0x800080e4 (0x02475cb3) divu    s9, a4, tp
core   0: 3 0x800080e4 (0x02475cb3) x25 0xffffffff
core   0: 0x800080e8 (0x01b4d113) srli    sp, s1, 27
core   0: 3 0x800080e8 (0x01b4d113) x 2 0x00000010
core   0: 0x800080ec (0x93e94a93) xori    s5, s2, -1730
core   0: 3 0x800080ec (0x93e94a93) x21 0xfffff93f
core   0: 0x800080f0 (0x01728033) add     zero, t0, s7
core   0: 3 0x800080f0 (0x01728033)
core   0: 0x800080f4 (0x03b977b3) remu    a5, s2, s11
core   0: 3 0x800080f4 (0x03b977b3) x15 0x00000001
core   0: 0x800080f8 (0x0007bb93) sltiu   s7, a5, 0
core   0: 3 0x800080f8 (0x0007bb93) x23 0x00000000
core   0: 0x800080fc (0xf3647313) andi    t1, s0, -202
core   0: 3 0x800080fc (0xf3647313) x 6 0x00000106
core   0: 0x80008100 (0x01c5efb3) or      t6, a1, t3
core   0: 3 0x80008100 (0x01c5efb3) x31 0x00000000
core   0: 0x80008104 (0x03422ab3) mulhsu  s5, tp, s4
core   0: 3 0x80008104 (0x03422ab3) x21 0x00000000
core   0: 0x80008108 (0x00d6bb33) sltu    s6, a3, a3
core   0: 3 0x80008108 (0x00d6bb33) x22 0x00000000
core   0: 0x8000810c (0x03c2b3b3) mulhu   t2, t0, t3
core   0: 3 0x8000810c (0x03c2b3b3) x 7 0x00000000
core   0: 0x80008110 (0x02340233) mul     tp, s0, gp
core   0: 3 0x80008110 (0x02340233) x 4 0x00000000
core   0: 0x80008114 (0x033fa3b3) mulhsu  t2, t6, s3
core   0: 3 0x80008114 (0x033fa3b3) x 7 0x00000000
core   0: 0x80008118 (0x0200a1b3) mulhsu  gp, ra, zero
core   0: 3 0x80008118 (0x0200a1b3) x 3 0x00000000
core   0: 0x8000811c (0x01cfc8b3) xor     a7, t6, t3
core   0: 3 0x8000811c (0x01cfc8b3) x17 0x00000000
core   0: 0x80008120 (0x03fb59b3) divu    s3, s6, t6
core   0: 3 0x80008120 (0x03fb59b3) x19 0xffffffff
core   0: 0x80008124 (0x414dd133) sra     sp, s11, s4
core   0: 3 0x80008124 (0x414dd133) x 2 0xfdd61f00
core   0: 0x80008128 (0x414d0733) sub     a4, s10, s4
core   0: 3 0x80008128 (0x414d0733) x14 0x4527437b
core   0: 0x8000812c (0x714cea93) ori     s5, s9, 1812
core   0: 3 0x8000812c (0x714cea93) x21 0xffffffff
core   0: 0x80008130 (0x272d2cb7) lui     s9, 0x272d2
core   0: 3 0x80008130 (0x272d2cb7) x25 0x272d2000
core   0: 0x80008134 (0x014078b3) and     a7, zero, s4
core   0: 3 0x80008134 (0x014078b3) x17 0x00000000
core   0: 0x80008138 (0xdbafba93) sltiu   s5, t6, -582
core   0: 3 0x80008138 (0xdbafba93) x21 0x00000001
core   0: 0x8000813c (0x011666b3) or      a3, a2, a7
core   0: 3 0x8000813c (0x011666b3) x13 0xfffffeb9
core   0: 0x80008140 (0x00c97c33) and     s8, s2, a2
core   0: 3 0x80008140 (0x00c97c33) x24 0x00000001
core   0: 0x80008144 (0x03041b33) mulh    s6, s0, a6
core   0: 3 0x80008144 (0x03041b33) x22 0xffffff5c
core   0: 0x80008148 (0x009c4b33) xor     s6, s8, s1
core   0: 3 0x80008148 (0x009c4b33) x22 0x80014e65
core   0: 0x8000814c (0x025b48b3) div     a7, s6, t0
core   0: 3 0x8000814c (0x025b48b3) x17 0x80014e65
core   0: 0x80008150 (0x60244513) xori    a0, s0, 1538
core   0: 3 0x80008150 (0x60244513) x10 0x00000745
core   0: 0x80008154 (0x841e7b93) andi    s7, t3, -1983
core   0: 3 0x80008154 (0x841e7b93) x23 0x00000000
core   0: 0x80008158 (0x036e1333) mulh    t1, t3, s6
core   0: 3 0x80008158 (0x036e1333) x 6 0x00000000
core   0: 0x8000815c (0x0350b2b3) mulhu   t0, ra, s5
core   0: 3 0x8000815c (0x0350b2b3) x 5 0x00000000
core   0: 0x80008160 (0x028ac2b3) div     t0, s5, s0
core   0: 3 0x80008160 (0x028ac2b3) x 5 0x00000000
core   0: 0x80008164 (0x00c99013) slli    zero, s3, 12
core   0: 3 0x80008164 (0x00c99013)
core   0: 0x80008168 (0x0222e733) rem     a4, t0, sp
core   0: 3 0x80008168 (0x0222e733) x14 0x00000000
core   0: 0x8000816c (0x417f8733) sub     a4, t6, s7
core   0: 3 0x8000816c (0x417f8733) x14 0x00000000
core   0: 0x80008170 (0xc9503e17) auipc   t3, 0xc9503
core   0: 3 0x80008170 (0xc9503e17) x28 0x4950b170
core   0: 0x80008174 (0x5429ef93) ori     t6, s3, 1346
core   0: 3 0x80008174 (0x5429ef93) x31 0xffffffff
core   0: 0x80008178 (0x652ef693) andi    a3, t4, 1618
core   0: 3 0x80008178 (0x652ef693) x13 0x00000000
core   0: 0x8000817c (0xa16ac713) xori    a4, s5, -1514
core   0: 3 0x8000817c (0xa16ac713) x14 0xfffffa17
core   0: 0x80008180 (0x03563f33) mulhu   t5, a2, s5
core   0: 3 0x80008180 (0x03563f33) x30 0x00000000
core   0: 0x80008184 (0x03213533) mulhu   a0, sp, s2
core   0: 3 0x80008184 (0x03213533) x10 0x00000000
core   0: 0x80008188 (0x00824333) xor     t1, tp, s0
core   0: 3 0x80008188 (0x00824333) x 6 0x00000147
core   0: 0x8000818c (0x01944db3) xor     s11, s0, s9
core   0: 3 0x8000818c (0x01944db3) x27 0x272d2147
core   0: 0x80008190 (0x003b3c33) sltu    s8, s6, gp
core   0: 3 0x80008190 (0x003b3c33) x24 0x00000000
core   0: 0x80008194 (0x03b1c7b3) div     a5, gp, s11
core   0: 3 0x80008194 (0x03b1c7b3) x15 0x00000000
core   0: 0x80008198 (0x40d25e13) srai    t3, tp, 13
core   0: 3 0x80008198 (0x40d25e13) x28 0x00000000
core   0: 0x8000819c (0x03560533) mul     a0, a2, s5
core   0: 3 0x8000819c (0x03560533) x10 0xfffffeb9
core   0: 0x800081a0 (0x0208e7b3) rem     a5, a7, zero
core   0: 3 0x800081a0 (0x0208e7b3) x15 0x80014e65
core   0: 0x800081a4 (0x007dfeb3) and     t4, s11, t2
core   0: 3 0x800081a4 (0x007dfeb3) x29 0x00000000
core   0: 0x800081a8 (0x036d11b3) mulh    gp, s10, s6
core   0: 3 0x800081a8 (0x036d11b3) x 3 0x00000000
core   0: 0x800081ac (0x1a2aa317) auipc   t1, 0x1a2aa
core   0: 3 0x800081ac (0x1a2aa317) x 6 0x9a2b21ac
core   0: 0x800081b0 (0x0376cb33) div     s6, a3, s7
core   0: 3 0x800081b0 (0x0376cb33) x22 0xffffffff
core   0: 0x800081b4 (0x00342633) slt     a2, s0, gp
core   0: 3 0x800081b4 (0x00342633) x12 0x00000000
core   0: 0x800081b8 (0x027239b3) mulhu   s3, tp, t2
core   0: 3 0x800081b8 (0x027239b3) x19 0x00000000
core   0: 0x800081bc (0x41750233) sub     tp, a0, s7
core   0: 3 0x800081bc (0x41750233) x 4 0xfffffeb9
core   0: 0x800081c0 (0xd7d13e97) auipc   t4, 0xd7d13
core   0: 3 0x800081c0 (0xd7d13e97) x29 0x57d1b1c0
core   0: 0x800081c4 (0x00000013) nop
core   0: 3 0x800081c4 (0x00000013)
core   0: 0x800081c8 (0xcfbdef13) ori     t5, s11, -773
core   0: 3 0x800081c8 (0xcfbdef13) x30 0xfffffdff
core   0: 0x800081cc (0x0339d533) divu    a0, s3, s3
core   0: 3 0x800081cc (0x0339d533) x10 0xffffffff
core   0: 0x800081d0 (0x02798ab3) mul     s5, s3, t2
core   0: 3 0x800081d0 (0x02798ab3) x21 0x00000000
core   0: 0x800081d4 (0x0100f633) and     a2, ra, a6
core   0: 3 0x800081d4 (0x0100f633) x12 0x00000000
core   0: 0x800081d8 (0x0069ffb3) and     t6, s3, t1
core   0: 3 0x800081d8 (0x0069ffb3) x31 0x00000000
core   0: 0x800081dc (0xd4c05cb7) lui     s9, 0xd4c05
core   0: 3 0x800081dc (0xd4c05cb7) x25 0xd4c05000
core   0: 0x800081e0 (0x027ea3b3) mulhsu  t2, t4, t2
core   0: 3 0x800081e0 (0x027ea3b3) x 7 0x00000000
core   0: 0x800081e4 (0x031479b3) remu    s3, s0, a7
core   0: 3 0x800081e4 (0x031479b3) x19 0x00000147
core   0: 0x800081e8 (0x00183533) sltu    a0, a6, ra
core   0: 3 0x800081e8 (0x00183533) x10 0x00000000
core   0: 0x800081ec (0x67e92613) slti    a2, s2, 1662
core   0: 3 0x800081ec (0x67e92613) x12 0x00000001
core   0: 0x800081f0 (0x4d40f913) andi    s2, ra, 1236
core   0: 3 0x800081f0 (0x4d40f913) x18 0x00000000
core   0: 0x800081f4 (0x019913b3) sll     t2, s2, s9
core   0: 3 0x800081f4 (0x019913b3) x 7 0x00000000
core   0: 0x800081f8 (0x0462b113) sltiu   sp, t0, 70
core   0: 3 0x800081f8 (0x0462b113) x 2 0x00000001
core   0: 0x800081fc (0x010b8133) add     sp, s7, a6
core   0: 3 0x800081fc (0x010b8133) x 2 0x80018ce4
core   0: 0x80008200 (0x00000013) nop
core   0: 3 0x80008200 (0x00000013)
core   0: 0x80008204 (0x0191d913) srli    s2, gp, 25
core   0: 3 0x80008204 (0x0191d913) x18 0x00000000
core   0: 0x80008208 (0x567c6293) ori     t0, s8, 1383
core   0: 3 0x80008208 (0x567c6293) x 5 0x00000567
core   0: 0x8000820c (0x41da8133) sub     sp, s5, t4
core   0: 3 0x8000820c (0x41da8133) x 2 0xa82e4e40
core   0: 0x80008210 (0x40f08eb3) sub     t4, ra, a5
core   0: 3 0x80008210 (0x40f08eb3) x29 0x82aac19b
core   0: 0x80008214 (0x00220533) add     a0, tp, sp
core   0: 3 0x80008214 (0x00220533) x10 0xa82e4cf9
core   0: 0x80008218 (0x4106db33) sra     s6, a3, a6
core   0: 3 0x80008218 (0x4106db33) x22 0x00000000
core   0: 0x8000821c (0x31e0c613) xori    a2, ra, 798
core   0: 3 0x8000821c (0x31e0c613) x12 0x02ac131e
core   0: 0x80008220 (0x006fd593) srli    a1, t6, 6
core   0: 3 0x80008220 (0x006fd593) x11 0x00000000
core   0: 0x80008224 (0x01422c33) slt     s8, tp, s4
core   0: 3 0x80008224 (0x01422c33) x24 0x00000000
core   0: 0x80008228 (0x03137db3) remu    s11, t1, a7
core   0: 3 0x80008228 (0x03137db3) x27 0x1a29d347
core   0: 0x8000822c (0x7456e013) ori     zero, a3, 1861
core   0: 3 0x8000822c (0x7456e013)
core   0: 0x80008230 (0x02749233) mulh    tp, s1, t2
core   0: 3 0x80008230 (0x02749233) x 4 0x00000000
core   0: 0x80008234 (0x41a25413) srai    s0, tp, 26
core   0: 3 0x80008234 (0x41a25413) x 8 0x00000000
core   0: 0x80008238 (0x00535593) srli    a1, t1, 5
core   0: 3 0x80008238 (0x00535593) x11 0x04d1590d
core   0: 0x8000823c (0x6a0c4713) xori    a4, s8, 1696
core   0: 3 0x8000823c (0x6a0c4713) x14 0x000006a0
core   0: 0x80008240 (0x9c1b6793) ori     a5, s6, -1599
core   0: 3 0x80008240 (0x9c1b6793) x15 0xfffff9c1
core   0: 0x80008244 (0x0200cb33) div     s6, ra, zero
core   0: 3 0x80008244 (0x0200cb33) x22 0xffffffff
core   0: 0x80008248 (0xc0db0c17) auipc   s8, 0xc0db0
core   0: 3 0x80008248 (0xc0db0c17) x24 0x40db8248
core   0: 0x8000824c (0x00000013) nop
core   0: 3 0x8000824c (0x00000013)
core   0: 0x80008250 (0x03f9fab3) remu    s5, s3, t6
core   0: 3 0x80008250 (0x03f9fab3) x21 0x00000147
core   0: 0x80008254 (0x012ef233) and     tp, t4, s2
core   0: 3 0x80008254 (0x012ef233) x 4 0x00000000
core   0: 0x80008258 (0x410f8e33) sub     t3, t6, a6
core   0: 3 0x80008258 (0x410f8e33) x28 0x7ffe731c
core   0: 0x8000825c (0x07d3cf13) xori    t5, t2, 125
core   0: 3 0x8000825c (0x07d3cf13) x30 0x0000007d
core   0: 0x80008260 (0x59547893) andi    a7, s0, 1429
core   0: 3 0x80008260 (0x59547893) x17 0x00000000
core   0: 0x80008264 (0x036bc333) div     t1, s7, s6
core   0: 3 0x80008264 (0x036bc333) x 6 0x00000000
core   0: 0x80008268 (0x01929a93) slli    s5, t0, 25
core   0: 3 0x80008268 (0x01929a93) x21 0xce000000
core   0: 0x8000826c (0x4aadcc37) lui     s8, 0x4aadc
core   0: 3 0x8000826c (0x4aadcc37) x24 0x4aadc000
core   0: 0x80008270 (0x03a30b33) mul     s6, t1, s10
core   0: 3 0x80008270 (0x03a30b33) x22 0x00000000
core   0: 0x80008274 (0x0167c1b3) xor     gp, a5, s6
core   0: 3 0x80008274 (0x0167c1b3) x 3 0xfffff9c1
core   0: 0x80008278 (0x00f60d33) add     s10, a2, a5
core   0: 3 0x80008278 (0x00f60d33) x26 0x02ac0cdf
core   0: 0x8000827c (0x4190d513) srai    a0, ra, 25
core   0: 3 0x8000827c (0x4190d513) x10 0x00000001
core   0: 0x80008280 (0x03096133) rem     sp, s2, a6
core   0: 3 0x80008280 (0x03096133) x 2 0x00000000
core   0: 0x80008284 (0x011c0e33) add     t3, s8, a7
core   0: 3 0x80008284 (0x011c0e33) x28 0x4aadc000
core   0: 0x80008288 (0x017e4c33) xor     s8, t3, s7
core   0: 3 0x80008288 (0x017e4c33) x24 0x4aadc000
core   0: 0x8000828c (0x01b3d113) srli    sp, t2, 27
core   0: 3 0x8000828c (0x01b3d113) x 2 0x00000000
core   0: 0x80008290 (0x00fb5a93) srli    s5, s6, 15
core   0: 3 0x80008290 (0x00fb5a93) x21 0x00000000
core   0: 0x80008294 (0x00a93c33) sltu    s8, s2, a0
core   0: 3 0x80008294 (0x00a93c33) x24 0x00000001
core   0: 0x80008298 (0xc54540b7) lui     ra, 0xc5454
core   0: 3 0x80008298 (0xc54540b7) x 1 0xc5454000
core   0: 0x8000829c (0x5de38313) addi    t1, t2, 1502
core   0: 3 0x8000829c (0x5de38313) x 6 0x000005de
core   0: 0x800082a0 (0x0076cc33) xor     s8, a3, t2
core   0: 3 0x800082a0 (0x0076cc33) x24 0x00000000
core   0: 0x800082a4 (0x00b32bb3) slt     s7, t1, a1
core   0: 3 0x800082a4 (0x00b32bb3) x23 0x00000001
core   0: 0x800082a8 (0x03faf9b3) remu    s3, s5, t6
core   0: 3 0x800082a8 (0x03faf9b3) x19 0x00000000
core   0: 0x800082ac (0x01a6fab3) and     s5, a3, s10
core   0: 3 0x800082ac (0x01a6fab3) x21 0x00000000
core   0: 0x800082b0 (0x00cbb933) sltu    s2, s7, a2
core   0: 3 0x800082b0 (0x00cbb933) x18 0x00000001
core   0: 0x800082b4 (0x02d0ebb3) rem     s7, ra, a3
core   0: 3 0x800082b4 (0x02d0ebb3) x23 0xc5454000
core   0: 0x800082b8 (0x0051dd93) srli    s11, gp, 5
core   0: 3 0x800082b8 (0x0051dd93) x27 0x07ffffce
core   0: 0x800082bc (0x0070b5b3) sltu    a1, ra, t2
core   0: 3 0x800082bc (0x0070b5b3) x11 0x00000000
core   0: 0x800082c0 (0x02cb3633) mulhu   a2, s6, a2
core   0: 3 0x800082c0 (0x02cb3633) x12 0x00000000
core   0: 0x800082c4 (0x0173e333) or      t1, t2, s7
core   0: 3 0x800082c4 (0x0173e333) x 6 0xc5454000
core   0: 0x800082c8 (0x033158b3) divu    a7, sp, s3
core   0: 3 0x800082c8 (0x033158b3) x17 0xffffffff
core   0: 0x800082cc (0xce60e113) ori     sp, ra, -794
core   0: 3 0x800082cc (0xce60e113) x 2 0xfffffce6
core   0: 0x800082d0 (0x02bfbc33) mulhu   s8, t6, a1
core   0: 3 0x800082d0 (0x02bfbc33) x24 0x00000000
core   0: 0x800082d4 (0x028cfcb3) remu    s9, s9, s0
core   0: 3 0x800082d4 (0x028cfcb3) x25 0xd4c05000
core   0: 0x800082d8 (0x41505293) srai    t0, zero, 21
core   0: 3 0x800082d8 (0x41505293) x 5 0x00000000
core   0: 0x800082dc (0xcce5f213) andi    tp, a1, -818
core   0: 3 0x800082dc (0xcce5f213) x 4 0x00000000
core   0: 0x800082e0 (0x02e45633) divu    a2, s0, a4
core   0: 3 0x800082e0 (0x02e45633) x12 0x00000000
core   0: 0x800082e4 (0x0143b1b3) sltu    gp, t2, s4
core   0: 3 0x800082e4 (0x0143b1b3) x 3 0x00000001
core   0: 0x800082e8 (0x00dd7533) and     a0, s10, a3
core   0: 3 0x800082e8 (0x00dd7533) x10 0x00000000
core   0: 0x800082ec (0x5158c097) auipc   ra, 0x5158c
core   0: 3 0x800082ec (0x5158c097) x 1 0xd15942ec
core   0: 0x800082f0 (0x03899437) lui     s0, 0x3899
core   0: 3 0x800082f0 (0x03899437) x 8 0x03899000
core   0: 0x800082f4 (0x4151d9b3) sra     s3, gp, s5
core   0: 3 0x800082f4 (0x4151d9b3) x19 0x00000001
core   0: 0x800082f8 (0x03e611b3) mulh    gp, a2, t5
core   0: 3 0x800082f8 (0x03e611b3) x 3 0x00000000
core   0: 0x800082fc (0x039b39b3) mulhu   s3, s6, s9
core   0: 3 0x800082fc (0x039b39b3) x19 0x00000000
core   0: 0x80008300 (0x017cd713) srli    a4, s9, 23
core   0: 3 0x80008300 (0x017cd713) x14 0x000001a9
core   0: 0x80008304 (0x4174dbb3) sra     s7, s1, s7
core   0: 3 0x80008304 (0x4174dbb3) x23 0x80014e64
core   0: 0x80008308 (0x039ff2b3) remu    t0, t6, s9
core   0: 3 0x80008308 (0x039ff2b3) x 5 0x00000000
core   0: 0x8000830c (0x00fc3cb3) sltu    s9, s8, a5
core   0: 3 0x8000830c (0x00fc3cb3) x25 0x00000001
core   0: 0x80008310 (0x03fb8533) mul     a0, s7, t6
core   0: 3 0x80008310 (0x03fb8533) x10 0x00000000
core   0: 0x80008314 (0x8dfd4513) xori    a0, s10, -1825
core   0: 3 0x80008314 (0x8dfd4513) x10 0xfd53f400
core   0: 0x80008318 (0x03dfbdb3) mulhu   s11, t6, t4
core   0: 3 0x80008318 (0x03dfbdb3) x27 0x00000000
core   0: 0x8000831c (0x028ee5b3) rem     a1, t4, s0
core   0: 3 0x8000831c (0x028ee5b3) x11 0xfe79719b
core   0: 0x80008320 (0xf5e12e93) slti    t4, sp, -162
core   0: 3 0x80008320 (0xf5e12e93) x29 0x00000001
core   0: 0x80008324 (0x03bba3b3) mulhsu  t2, s7, s11
core   0: 3 0x80008324 (0x03bba3b3) x 7 0x00000000
core   0: 0x80008328 (0x02a92bb3) mulhsu  s7, s2, a0
core   0: 3 0x80008328 (0x02a92bb3) x23 0x00000000
core   0: 0x8000832c (0x96d78b37) lui     s6, 0x96d78
core   0: 3 0x8000832c (0x96d78b37) x22 0x96d78000
core   0: 0x80008330 (0x022122b3) mulhsu  t0, sp, sp
core   0: 3 0x80008330 (0x022122b3) x 5 0xfffffce6
core   0: 0x80008334 (0x02e47b33) remu    s6, s0, a4
core   0: 3 0x80008334 (0x02e47b33) x22 0x00000171
core   0: 0x80008338 (0x03828cb3) mul     s9, t0, s8
core   0: 3 0x80008338 (0x03828cb3) x25 0x00000000
core   0: 0x8000833c (0x039b77b3) remu    a5, s6, s9
core   0: 3 0x8000833c (0x039b77b3) x15 0x00000171
core   0: 0x80008340 (0x036bb5b3) mulhu   a1, s7, s6
core   0: 3 0x80008340 (0x036bb5b3) x11 0x00000000
core   0: 0x80008344 (0xf4796213) ori     tp, s2, -185
core   0: 3 0x80008344 (0xf4796213) x 4 0xffffff47
core   0: 0x80008348 (0x0278aab3) mulhsu  s5, a7, t2
core   0: 3 0x80008348 (0x0278aab3) x21 0x00000000
core   0: 0x8000834c (0x67634a93) xori    s5, t1, 1654
core   0: 3 0x8000834c (0x67634a93) x21 0xc5454676
core   0: 0x80008350 (0x01f65413) srli    s0, a2, 31
core   0: 3 0x80008350 (0x01f65413) x 8 0x00000000
core   0: 0x80008354 (0x55e20213) addi    tp, tp, 1374
core   0: 3 0x80008354 (0x55e20213) x 4 0x000004a5
core   0: 0x80008358 (0x403d5ab3) sra     s5, s10, gp
core   0: 3 0x80008358 (0x403d5ab3) x21 0x02ac0cdf
core   0: 0x8000835c (0x00226b33) or      s6, tp, sp
core   0: 3 0x8000835c (0x00226b33) x22 0xfffffce7
core   0: 0x80008360 (0x002705b3) add     a1, a4, sp
core   0: 3 0x80008360 (0x002705b3) x11 0xfffffe8f
core   0: 0x80008364 (0x02b167b3) rem     a5, sp, a1
core   0: 3 0x80008364 (0x02b167b3) x15 0xffffffc8
core   0: 0x80008368 (0x01306bb3) or      s7, zero, s3
core   0: 3 0x80008368 (0x01306bb3) x23 0x00000000
core   0: 0x8000836c (0x0055e633) or      a2, a1, t0
core   0: 3 0x8000836c (0x0055e633) x12 0xfffffeef
core   0: 0x80008370 (0x037e1133) mulh    sp, t3, s7
core   0: 3 0x80008370 (0x037e1133) x 2 0x00000000
core   0: 0x80008374 (0x03f90733) mul     a4, s2, t6
core   0: 3 0x80008374 (0x03f90733) x14 0x00000000
core   0: 0x80008378 (0xde308a93) addi    s5, ra, -541
core   0: 3 0x80008378 (0xde308a93) x21 0xd15940cf
core   0: 0x8000837c (0x649b0193) addi    gp, s6, 1609
core   0: 3 0x8000837c (0x649b0193) x 3 0x00000330
core   0: 0x80008380 (0x01811933) sll     s2, sp, s8
core   0: 3 0x80008380 (0x01811933) x18 0x00000000
core   0: 0x80008384 (0x02e59eb3) mulh    t4, a1, a4
core   0: 3 0x80008384 (0x02e59eb3) x29 0x00000000
core   0: 0x80008388 (0x0051e433) or      s0, gp, t0
core   0: 3 0x80008388 (0x0051e433) x 8 0xfffffff6
core   0: 0x8000838c (0x0040f333) and     t1, ra, tp
core   0: 3 0x8000838c (0x0040f333) x 6 0x000000a4
core   0: 0x80008390 (0x70e2c393) xori    t2, t0, 1806
core   0: 3 0x80008390 (0x70e2c393) x 7 0xfffffbe8
core   0: 0x80008394 (0xcb1acf93) xori    t6, s5, -847
core   0: 3 0x80008394 (0xcb1acf93) x31 0x2ea6bc7e
core   0: 0x80008398 (0x02c845b3) div     a1, a6, a2
core   0: 3 0x80008398 (0x02c845b3) x11 0x0078060c
core   0: 0x8000839c (0x987d6713) ori     a4, s10, -1657
core   0: 3 0x8000839c (0x987d6713) x14 0xfffffddf
core   0: 0x800083a0 (0x0377b8b3) mulhu   a7, a5, s7
core   0: 3 0x800083a0 (0x0377b8b3) x17 0x00000000
core   0: 0x800083a4 (0x0226ed33) rem     s10, a3, sp
core   0: 3 0x800083a4 (0x0226ed33) x26 0x00000000
core   0: 0x800083a8 (0x01448233) add     tp, s1, s4
core   0: 3 0x800083a8 (0x01448233) x 4 0x3ada0ae9
core   0: 0x800083ac (0x00000013) nop
core   0: 3 0x800083ac (0x00000013)
core   0: 0x800083b0 (0x256f4893) xori    a7, t5, 598
core   0: 3 0x800083b0 (0x256f4893) x17 0x0000022b
core   0: 0x800083b4 (0x766cef93) ori     t6, s9, 1894
core   0: 3 0x800083b4 (0x766cef93) x31 0x00000766
core   0: 0x800083b8 (0x03296033) rem     zero, s2, s2
core   0: 3 0x800083b8 (0x03296033)
core   0: 0x800083bc (0xb8711037) lui     zero, 0xb8711
core   0: 3 0x800083bc (0xb8711037)
core   0: 0x800083c0 (0x66a9e3b7) lui     t2, 0x66a9e
core   0: 3 0x800083c0 (0x66a9e3b7) x 7 0x66a9e000
core   0: 0x800083c4 (0x24fac993) xori    s3, s5, 591
core   0: 3 0x800083c4 (0x24fac993) x19 0xd1594280
core   0: 0x800083c8 (0x03774c33) div     s8, a4, s7
core   0: 3 0x800083c8 (0x03774c33) x24 0xffffffff
core   0: 0x800083cc (0x52983293) sltiu   t0, a6, 1321
core   0: 3 0x800083cc (0x52983293) x 5 0x00000000
core   0: 0x800083d0 (0x012fd133) srl     sp, t6, s2
core   0: 3 0x800083d0 (0x012fd133) x 2 0x00000766
core   0: 0x800083d4 (0x1bd94293) xori    t0, s2, 445
core   0: 3 0x800083d4 (0x1bd94293) x 5 0x000001bd
core   0: 0x800083d8 (0x01e4c6b3) xor     a3, s1, t5
core   0: 3 0x800083d8 (0x01e4c6b3) x13 0x80014e19
core   0: 0x800083dc (0x00359733) sll     a4, a1, gp
core   0: 3 0x800083dc (0x00359733) x14 0x060c0000
core   0: 0x800083e0 (0x027016b3) mulh    a3, zero, t2
core   0: 3 0x800083e0 (0x027016b3) x13 0x00000000
core   0: 0x800083e4 (0x01d70133) add     sp, a4, t4
core   0: 3 0x800083e4 (0x01d70133) x 2 0x060c0000
core   0: 0x800083e8 (0x02789933) mulh    s2, a7, t2
core   0: 3 0x800083e8 (0x02789933) x18 0x000000de
core   0: 0x800083ec (0x03a77f33) remu    t5, a4, s10
core   0: 3 0x800083ec (0x03a77f33) x30 0x060c0000
core   0: 0x800083f0 (0xdef5f913) andi    s2, a1, -529
core   0: 3 0x800083f0 (0xdef5f913) x18 0x0078040c
core   0: 0x800083f4 (0x0066d893) srli    a7, a3, 6
core   0: 3 0x800083f4 (0x0066d893) x17 0x00000000
core   0: 0x800083f8 (0x4103df33) sra     t5, t2, a6
core   0: 3 0x800083f8 (0x4103df33) x30 0x066a9e00
core   0: 0x800083fc (0x05ed8f13) addi    t5, s11, 94
core   0: 3 0x800083fc (0x05ed8f13) x30 0x0000005e
core   0: 0x80008400 (0x0017e733) or      a4, a5, ra
core   0: 3 0x80008400 (0x0017e733) x14 0xffffffec
core   0: 0x80008404 (0x0242fcb3) remu    s9, t0, tp
core   0: 3 0x80008404 (0x0242fcb3) x25 0x000001bd
core   0: 0x80008408 (0x02531733) mulh    a4, t1, t0
core   0: 3 0x80008408 (0x02531733) x14 0x00000000
core   0: 0x8000840c (0x034cf033) remu    zero, s9, s4
core   0: 3 0x8000840c (0x034cf033)
core   0: 0x80008410 (0x8930bc13) sltiu   s8, ra, -1901
core   0: 3 0x80008410 (0x8930bc13) x24 0x00000001
core   0: 0x80008414 (0x7be17b97) auipc   s7, 0x7be17
core   0: 3 0x80008414 (0x7be17b97) x23 0xfbe1f414
core   0: 0x80008418 (0x033f5b33) divu    s6, t5, s3
core   0: 3 0x80008418 (0x033f5b33) x22 0x00000000
core   0: 0x8000841c (0x40c58fb3) sub     t6, a1, a2
core   0: 3 0x8000841c (0x40c58fb3) x31 0x0078071d
core   0: 0x80008420 (0x01487633) and     a2, a6, s4
core   0: 3 0x80008420 (0x01487633) x12 0x80008c84
core   0: 0x80008424 (0x03837433) remu    s0, t1, s8
core   0: 3 0x80008424 (0x03837433) x 8 0x00000000
core   0: 0x80008428 (0x027b4733) div     a4, s6, t2
core   0: 3 0x80008428 (0x027b4733) x14 0x00000000
core   0: 0x8000842c (0x00156eb3) or      t4, a0, ra
core   0: 3 0x8000842c (0x00156eb3) x29 0xfd5bf6ec
core   0: 0x80008430 (0x0d2fcd93) xori    s11, t6, 210
core   0: 3 0x80008430 (0x0d2fcd93) x27 0x007807cf
core   0: 0x80008434 (0xb808b213) sltiu   tp, a7, -1152
core   0: 3 0x80008434 (0xb808b213) x 4 0x00000001
core   0: 0x80008438 (0x0321cfb3) div     t6, gp, s2
core   0: 3 0x80008438 (0x0321cfb3) x31 0x00000000
core   0: 0x8000843c (0x419e07b3) sub     a5, t3, s9
core   0: 3 0x8000843c (0x419e07b3) x15 0x4aadbe43
core   0: 0x80008440 (0xcc5dea93) ori     s5, s11, -827
core   0: 3 0x80008440 (0xcc5dea93) x21 0xffffffcf
core   0: 0x80008444 (0x30f0bf93) sltiu   t6, ra, 783
core   0: 3 0x80008444 (0x30f0bf93) x31 0x00000000
core   0: 0x80008448 (0x4197dc13) srai    s8, a5, 25
core   0: 3 0x80008448 (0x4197dc13) x24 0x00000025
core   0: 0x8000844c (0x41ae8db3) sub     s11, t4, s10
core   0: 3 0x8000844c (0x41ae8db3) x27 0xfd5bf6ec
core   0: 0x80008450 (0x031c4733) div     a4, s8, a7
core   0: 3 0x80008450 (0x031c4733) x14 0xffffffff
core   0: 0x80008454 (0x013429b3) slt     s3, s0, s3
core   0: 3 0x80008454 (0x013429b3) x19 0x00000000
core   0: 0x80008458 (0x0052a1b3) slt     gp, t0, t0
core   0: 3 0x80008458 (0x0052a1b3) x 3 0x00000000
core   0: 0x8000845c (0x00000013) nop
core   0: 3 0x8000845c (0x00000013)
core   0: 0x80008460 (0x03191b33) mulh    s6, s2, a7
core   0: 3 0x80008460 (0x03191b33) x22 0x00000000
core   0: 0x80008464 (0xcf788613) addi    a2, a7, -777
core   0: 3 0x80008464 (0xcf788613) x12 0xfffffcf7
core   0: 0x80008468 (0x02985533) divu    a0, a6, s1
core   0: 3 0x80008468 (0x02985533) x10 0x00000001
core   0: 0x8000846c (0x03569fb3) mulh    t6, a3, s5
core   0: 3 0x8000846c (0x03569fb3) x31 0x00000000
core   0: 0x80008470 (0x01ecdb33) srl     s6, s9, t5
core   0: 3 0x80008470 (0x01ecdb33) x22 0x00000000
core   0: 0x80008474 (0x4039dcb3) sra     s9, s3, gp
core   0: 3 0x80008474 (0x4039dcb3) x25 0x00000000
core   0: 0x80008478 (0x414d5093) srai    ra, s10, 20
core   0: 3 0x80008478 (0x414d5093) x 1 0x00000000
core   0: 0x8000847c (0x0367b633) mulhu   a2, a5, s6
core   0: 3 0x8000847c (0x0367b633) x12 0x00000000
core   0: 0x80008480 (0x01117cb3) and     s9, sp, a7
core   0: 3 0x80008480 (0x01117cb3) x25 0x00000000
core   0: 0x80008484 (0x01e91333) sll     t1, s2, t5
core   0: 3 0x80008484 (0x01e91333) x 6 0x00000000
core   0: 0x80008488 (0x0392acb3) mulhsu  s9, t0, s9
core   0: 3 0x80008488 (0x0392acb3) x25 0x00000000
core   0: 0x8000848c (0x01af7133) and     sp, t5, s10
core   0: 3 0x8000848c (0x01af7133) x 2 0x00000000
core   0: 0x80008490 (0x01463c33) sltu    s8, a2, s4
core   0: 3 0x80008490 (0x01463c33) x24 0x00000001
core   0: 0x80008494 (0x76cb6393) ori     t2, s6, 1900
core   0: 3 0x80008494 (0x76cb6393) x 7 0x0000076c
core   0: 0x80008498 (0x004b9893) slli    a7, s7, 4
core   0: 3 0x80008498 (0x004b9893) x17 0xbe1f4140
core   0: 0x8000849c (0x0485a393) slti    t2, a1, 72
core   0: 3 0x8000849c (0x0485a393) x 7 0x00000000
core   0: 0x800084a0 (0x00490c33) add     s8, s2, tp
core   0: 3 0x800084a0 (0x00490c33) x24 0x0078040d
core   0: 0x800084a4 (0x41ae57b3) sra     a5, t3, s10
core   0: 3 0x800084a4 (0x41ae57b3) x15 0x4aadc000
core   0: 0x800084a8 (0xd655b993) sltiu   s3, a1, -667
core   0: 3 0x800084a8 (0xd655b993) x19 0x00000001
core   0: 0x800084ac (0x011e70b3) and     ra, t3, a7
core   0: 3 0x800084ac (0x011e70b3) x 1 0x0a0d4000
core   0: 0x800084b0 (0x8ef0b993) sltiu   s3, ra, -1809
core   0: 3 0x800084b0 (0x8ef0b993) x19 0x00000001
core   0: 0x800084b4 (0x7c982893) slti    a7, a6, 1993
core   0: 3 0x800084b4 (0x7c982893) x17 0x00000001
core   0: 0x800084b8 (0x03fbe733) rem     a4, s7, t6
core   0: 3 0x800084b8 (0x03fbe733) x14 0xfbe1f414
core   0: 0x800084bc (0x016e31b3) sltu    gp, t3, s6
core   0: 3 0x800084bc (0x016e31b3) x 3 0x00000000
core   0: 0x800084c0 (0xc33ac413) xori    s0, s5, -973
core   0: 3 0x800084c0 (0xc33ac413) x 8 0x000003fc
core   0: 0x800084c4 (0x00000013) nop
core   0: 3 0x800084c4 (0x00000013)
core   0: 0x800084c8 (0x01199233) sll     tp, s3, a7
core   0: 3 0x800084c8 (0x01199233) x 4 0x00000002
core   0: 0x800084cc (0x0338a433) mulhsu  s0, a7, s3
core   0: 3 0x800084cc (0x0338a433) x 8 0x00000000
core   0: 0x800084d0 (0x00c6fab3) and     s5, a3, a2
core   0: 3 0x800084d0 (0x00c6fab3) x21 0x00000000
core   0: 0x800084d4 (0x40125b33) sra     s6, tp, ra
core   0: 3 0x800084d4 (0x40125b33) x22 0x00000002
core   0: 0x800084d8 (0x00b1c6b3) xor     a3, gp, a1
core   0: 3 0x800084d8 (0x00b1c6b3) x13 0x0078060c
core   0: 0x800084dc (0x4005d9b3) sra     s3, a1, zero
core   0: 3 0x800084dc (0x4005d9b3) x19 0x0078060c
core   0: 0x800084e0 (0x41285413) srai    s0, a6, 18
core   0: 3 0x800084e0 (0x41285413) x 8 0xffffe000
core   0: 0x800084e4 (0x00efdb93) srli    s7, t6, 14
core   0: 3 0x800084e4 (0x00efdb93) x23 0x00000000
core   0: 0x800084e8 (0x9cf0f5b7) lui     a1, 0x9cf0f
core   0: 3 0x800084e8 (0x9cf0f5b7) x11 0x9cf0f000
core   0: 0x800084ec (0x002bc533) xor     a0, s7, sp
core   0: 3 0x800084ec (0x002bc533) x10 0x00000000
core   0: 0x800084f0 (0x01535013) srli    zero, t1, 21
core   0: 3 0x800084f0 (0x01535013)
core   0: 0x800084f4 (0x031dcb33) div     s6, s11, a7
core   0: 3 0x800084f4 (0x031dcb33) x22 0xfd5bf6ec
core   0: 0x800084f8 (0x40f70633) sub     a2, a4, a5
core   0: 3 0x800084f8 (0x40f70633) x12 0xb1343414
core   0: 0x800084fc (0x497de597) auipc   a1, 0x497de
core   0: 3 0x800084fc (0x497de597) x11 0xc97e64fc
core   0: 0x80008500 (0x032c9133) mulh    sp, s9, s2
core   0: 3 0x80008500 (0x032c9133) x 2 0x00000000
core   0: 0x80008504 (0x007e3d33) sltu    s10, t3, t2
core   0: 3 0x80008504 (0x007e3d33) x26 0x00000000
core   0: 0x80008508 (0x02ef4433) div     s0, t5, a4
core   0: 3 0x80008508 (0x02ef4433) x 8 0x00000000
core   0: 0x8000850c (0xbb368793) addi    a5, a3, -1101
core   0: 3 0x8000850c (0xbb368793) x15 0x007801bf
core   0: 0x80008510 (0xb2b76213) ori     tp, a4, -1237
core   0: 3 0x80008510 (0xb2b76213) x 4 0xffffff3f
core   0: 0x80008514 (0x031e9733) mulh    a4, t4, a7
core   0: 3 0x80008514 (0x031e9733) x14 0xffffffff
core   0: 0x80008518 (0x01ff5fb3) srl     t6, t5, t6
core   0: 3 0x80008518 (0x01ff5fb3) x31 0x0000005e
core   0: 0x8000851c (0x03c80bb3) mul     s7, a6, t3
core   0: 3 0x8000851c (0x03c80bb3) x23 0x47bf0000
core   0: 0x80008520 (0x418c0633) sub     a2, s8, s8
core   0: 3 0x80008520 (0x418c0633) x12 0x00000000
core   0: 0x80008524 (0x01809db3) sll     s11, ra, s8
core   0: 3 0x80008524 (0x01809db3) x27 0xa8000000
core   0: 0x80008528 (0x8a140697) auipc   a3, 0x8a140
core   0: 3 0x80008528 (0x8a140697) x13 0x0a148528
core   0: 0x8000852c (0x00efcab3) xor     s5, t6, a4
core   0: 3 0x8000852c (0x00efcab3) x21 0xffffffa1
core   0: 0x80008530 (0x71c45717) auipc   a4, 0x71c45
core   0: 3 0x80008530 (0x71c45717) x14 0xf1c4d530
core   0: 0x80008534 (0x15802c93) slti    s9, zero, 344
core   0: 3 0x80008534 (0x15802c93) x25 0x00000001
core   0: 0x80008538 (0x7237c993) xori    s3, a5, 1827
core   0: 3 0x80008538 (0x7237c993) x19 0x0078069c
core   0: 0x8000853c (0x00e5d2b3) srl     t0, a1, a4
core   0: 3 0x8000853c (0x00e5d2b3) x 5 0x0000c97e
core   0: 0x80008540 (0x03231333) mulh    t1, t1, s2
core   0: 3 0x80008540 (0x03231333) x 6 0x00000000
core   0: 0x80008544 (0x6fdb2c93) slti    s9, s6, 1789
core   0: 3 0x80008544 (0x6fdb2c93) x25 0x00000001
core   0: 0x80008548 (0x02ce05b3) mul     a1, t3, a2
core   0: 3 0x80008548 (0x02ce05b3) x11 0x00000000
core   0: 0x8000854c (0x4114d893) srai    a7, s1, 17
core   0: 3 0x8000854c (0x4114d893) x17 0xffffc000
core   0: 0x80008550 (0x0394b333) mulhu   t1, s1, s9
core   0: 3 0x80008550 (0x0394b333) x 6 0x00000000
core   0: 0x80008554 (0x0350ce33) div     t3, ra, s5
core   0: 3 0x80008554 (0x0350ce33) x28 0xffe4e9c5
core   0: 0x80008558 (0x00000013) nop
core   0: 3 0x80008558 (0x00000013)
core   0: 0x8000855c (0x03b2eab3) rem     s5, t0, s11
core   0: 3 0x8000855c (0x03b2eab3) x21 0x0000c97e
core   0: 0x80008560 (0x00cf9a93) slli    s5, t6, 12
core   0: 3 0x80008560 (0x00cf9a93) x21 0x0005e000
core   0: 0x80008564 (0x022389b3) mul     s3, t2, sp
core   0: 3 0x80008564 (0x022389b3) x19 0x00000000
core   0: 0x80008568 (0x03faf733) remu    a4, s5, t6
core   0: 3 0x80008568 (0x03faf733) x14 0x00000000
core   0: 0x8000856c (0x018e9b33) sll     s6, t4, s8
core   0: 3 0x8000856c (0x018e9b33) x22 0x7edd8000
core   0: 0x80008570 (0x40f8deb3) sra     t4, a7, a5
core   0: 3 0x80008570 (0x40f8deb3) x29 0xffffffff
core   0: 0x80008574 (0x001200b3) add     ra, tp, ra
core   0: 3 0x80008574 (0x001200b3) x 1 0x0a0d3f3f
core   0: 0x80008578 (0x85423a93) sltiu   s5, tp, -1964
core   0: 3 0x80008578 (0x85423a93) x21 0x00000000
core   0: 0x8000857c (0x806b2193) slti    gp, s6, -2042
core   0: 3 0x8000857c (0x806b2193) x 3 0x00000000
core   0: 0x80008580 (0x030d9eb3) mulh    t4, s11, a6
core   0: 3 0x80008580 (0x030d9eb3) x29 0x2bff7791
core   0: 0x80008584 (0x8b65abb7) lui     s7, 0x8b65a
core   0: 3 0x80008584 (0x8b65abb7) x23 0x8b65a000
core   0: 0x80008588 (0x4023db93) srai    s7, t2, 2
core   0: 3 0x80008588 (0x4023db93) x23 0x00000000
core   0: 0x8000858c (0x012483b3) add     t2, s1, s2
core   0: 3 0x8000858c (0x012483b3) x 7 0x80795270
core   0: 0x80008590 (0x62a5f013) andi    zero, a1, 1578
core   0: 3 0x80008590 (0x62a5f013)
core   0: 0x80008594 (0x006f2633) slt     a2, t5, t1
core   0: 3 0x80008594 (0x006f2633) x12 0x00000000
core   0: 0x80008598 (0x5aca0913) addi    s2, s4, 1452
core   0: 3 0x80008598 (0x5aca0913) x18 0xbad8c231
core   0: 0x8000859c (0x916dcc13) xori    s8, s11, -1770
core   0: 3 0x8000859c (0x916dcc13) x24 0x57fff916
core   0: 0x800085a0 (0x02b7c5b3) div     a1, a5, a1
core   0: 3 0x800085a0 (0x02b7c5b3) x11 0xffffffff
core   0: 0x800085a4 (0x0260e133) rem     sp, ra, t1
core   0: 3 0x800085a4 (0x0260e133) x 2 0x0a0d3f3f
core   0: 0x800085a8 (0xe78a7693) andi    a3, s4, -392
core   0: 3 0x800085a8 (0xe78a7693) x13 0xbad8bc00
core   0: 0x800085ac (0x10e8a793) slti    a5, a7, 270
core   0: 3 0x800085ac (0x10e8a793) x15 0x00000001
core   0: 0x800085b0 (0x01656033) or      zero, a0, s6
core   0: 3 0x800085b0 (0x01656033)
core   0: 0x800085b4 (0x022d6533) rem     a0, s10, sp
core   0: 3 0x800085b4 (0x022d6533) x10 0x00000000
core   0: 0x800085b8 (0x006ed133) srl     sp, t4, t1
core   0: 3 0x800085b8 (0x006ed133) x 2 0x2bff7791
core   0: 0x800085bc (0x416bd413) srai    s0, s7, 22
core   0: 3 0x800085bc (0x416bd413) x 8 0x00000000
core   0: 0x800085c0 (0xf15ab193) sltiu   gp, s5, -235
core   0: 3 0x800085c0 (0xf15ab193) x 3 0x00000001
core   0: 0x800085c4 (0x00d93233) sltu    tp, s2, a3
core   0: 3 0x800085c4 (0x00d93233) x 4 0x00000000
core   0: 0x800085c8 (0x0215b8b3) mulhu   a7, a1, ra
core   0: 3 0x800085c8 (0x0215b8b3) x17 0x0a0d3f3e
core   0: 0x800085cc (0x02de16b3) mulh    a3, t3, a3
core   0: 3 0x800085cc (0x02de16b3) x13 0x00075125
core   0: 0x800085d0 (0x6633ac93) slti    s9, t2, 1635
core   0: 3 0x800085d0 (0x6633ac93) x25 0x00000001
core   0: 0x800085d4 (0x64a278b7) lui     a7, 0x64a27
core   0: 3 0x800085d4 (0x64a278b7) x17 0x64a27000
core   0: 0x800085d8 (0x4e0df993) andi    s3, s11, 1248
core   0: 3 0x800085d8 (0x4e0df993) x19 0x00000000
core   0: 0x800085dc (0x02f63933) mulhu   s2, a2, a5
core   0: 3 0x800085dc (0x02f63933) x18 0x00000000
core   0: 0x800085e0 (0xd47b8e97) auipc   t4, 0xd47b8
core   0: 3 0x800085e0 (0xd47b8e97) x29 0x547c05e0
core   0: 0x800085e4 (0x02b71033) mulh    zero, a4, a1
core   0: 3 0x800085e4 (0x02b71033)
core   0: 0x800085e8 (0x00000013) nop
core   0: 3 0x800085e8 (0x00000013)
core   0: 0x800085ec (0x017521b3) slt     gp, a0, s7
core   0: 3 0x800085ec (0x017521b3) x 3 0x00000000
core   0: 0x800085f0 (0x03957cb3) remu    s9, a0, s9
core   0: 3 0x800085f0 (0x03957cb3) x25 0x00000000
core   0: 0x800085f4 (0x5bbd0313) addi    t1, s10, 1467
core   0: 3 0x800085f4 (0x5bbd0313) x 6 0x000005bb
core   0: 0x800085f8 (0x00161033) sll     zero, a2, ra
core   0: 3 0x800085f8 (0x00161033)
core   0: 0x800085fc (0x29c73713) sltiu   a4, a4, 668
core   0: 3 0x800085fc (0x29c73713) x14 0x00000001
core   0: 0x80008600 (0x00000013) nop
core   0: 3 0x80008600 (0x00000013)
core   0: 0x80008604 (0x0282b6b3) mulhu   a3, t0, s0
core   0: 3 0x80008604 (0x0282b6b3) x13 0x00000000
core   0: 0x80008608 (0x4037d933) sra     s2, a5, gp
core   0: 3 0x80008608 (0x4037d933) x18 0x00000001
core   0: 0x8000860c (0x0397ffb3) remu    t6, a5, s9
core   0: 3 0x8000860c (0x0397ffb3) x31 0x00000001
core   0: 0x80008610 (0x02f5e5b3) rem     a1, a1, a5
core   0: 3 0x80008610 (0x02f5e5b3) x11 0x00000000
core   0: 0x80008614 (0x03c3db33) divu    s6, t2, t3
core   0: 3 0x80008614 (0x03c3db33) x22 0x00000000
core   0: 0x80008618 (0x26da7893) andi    a7, s4, 621
core   0: 3 0x80008618 (0x26da7893) x17 0x00000005
core   0: 0x8000861c (0x4103d513) srai    a0, t2, 16
core   0: 3 0x8000861c (0x4103d513) x10 0xffff8079
core   0: 0x80008620 (0x02fdeb33) rem     s6, s11, a5
core   0: 3 0x80008620 (0x02fdeb33) x22 0x00000000
core   0: 0x80008624 (0xc8631737) lui     a4, 0xc8631
core   0: 3 0x80008624 (0xc8631737) x14 0xc8631000
core   0: 0x80008628 (0xdf41f313) andi    t1, gp, -524
core   0: 3 0x80008628 (0xdf41f313) x 6 0x00000000
core   0: 0x8000862c (0xc6078b17) auipc   s6, 0xc6078
core   0: 3 0x8000862c (0xc6078b17) x22 0x4608062c
core   0: 0x80008630 (0x0043db33) srl     s6, t2, tp
core   0: 3 0x80008630 (0x0043db33) x22 0x80795270
core   0: 0x80008634 (0x00000013) nop
core   0: 3 0x80008634 (0x00000013)
core   0: 0x80008638 (0x226da993) slti    s3, s11, 550
core   0: 3 0x80008638 (0x226da993) x19 0x00000001
core   0: 0x8000863c (0x0141dc33) srl     s8, gp, s4
core   0: 3 0x8000863c (0x0141dc33) x24 0x00000000
core   0: 0x80008640 (0x0241f433) remu    s0, gp, tp
core   0: 3 0x80008640 (0x0241f433) x 8 0x00000000
core   0: 0x80008644 (0x418b5293) srai    t0, s6, 24
core   0: 3 0x80008644 (0x418b5293) x 5 0xffffff80
core   0: 0x80008648 (0x525e4413) xori    s0, t3, 1317
core   0: 3 0x80008648 (0x525e4413) x 8 0xffe4ece0
core   0: 0x8000864c (0x20ef3b97) auipc   s7, 0x20ef3
core   0: 3 0x8000864c (0x20ef3b97) x23 0xa0efb64c
core   0: 0x80008650 (0x002250b3) srl     ra, tp, sp
core   0: 3 0x80008650 (0x002250b3) x 1 0x00000000
core   0: 0x80008654 (0x031f10b3) mulh    ra, t5, a7
core   0: 3 0x80008654 (0x031f10b3) x 1 0x00000000
core   0: 0x80008658 (0x00adbab3) sltu    s5, s11, a0
core   0: 3 0x80008658 (0x00adbab3) x21 0x00000001
core   0: 0x8000865c (0x03f38233) mul     tp, t2, t6
core   0: 3 0x8000865c (0x03f38233) x 4 0x80795270
core   0: 0x80008660 (0x73a44713) xori    a4, s0, 1850
core   0: 3 0x80008660 (0x73a44713) x14 0xffe4ebda
core   0: 0x80008664 (0x03cdc133) div     sp, s11, t3
core   0: 3 0x80008664 (0x03cdc133) x 2 0x0000033f
core   0: 0x80008668 (0x008adb33) srl     s6, s5, s0
core   0: 3 0x80008668 (0x008adb33) x22 0x00000001
core   0: 0x8000866c (0x03b4ee33) rem     t3, s1, s11
core   0: 3 0x8000866c (0x03b4ee33) x28 0xd8014e64
core   0: 0x80008670 (0x1087b313) sltiu   t1, a5, 264
core   0: 3 0x80008670 (0x1087b313) x 6 0x00000001
core   0: 0x80008674 (0x015f41b3) xor     gp, t5, s5
core   0: 3 0x80008674 (0x015f41b3) x 3 0x0000005f
core   0: 0x80008678 (0x0027c433) xor     s0, a5, sp
core   0: 3 0x80008678 (0x0027c433) x 8 0x0000033e
core   0: 0x8000867c (0x006bd2b3) srl     t0, s7, t1
core   0: 3 0x8000867c (0x006bd2b3) x 5 0x5077db26
core   0: 0x80008680 (0xd2118f93) addi    t6, gp, -735
core   0: 3 0x80008680 (0xd2118f93) x31 0xfffffd80
core   0: 0x80008684 (0x03d30b33) mul     s6, t1, t4
core   0: 3 0x80008684 (0x03d30b33) x22 0x547c05e0
core   0: 0x80008688 (0x38e04c13) xori    s8, zero, 910
core   0: 3 0x80008688 (0x38e04c13) x24 0x0000038e
core   0: 0x8000868c (0x035e93b3) mulh    t2, t4, s5
core   0: 3 0x8000868c (0x035e93b3) x 7 0x00000000
core   0: 0x80008690 (0x02096bb3) rem     s7, s2, zero
core   0: 3 0x80008690 (0x02096bb3) x23 0x00000001
core   0: 0x80008694 (0x01bc2bb3) slt     s7, s8, s11
core   0: 3 0x80008694 (0x01bc2bb3) x23 0x00000000
core   0: 0x80008698 (0x00a86333) or      t1, a6, a0
core   0: 3 0x80008698 (0x00a86333) x 6 0xffff8cfd
core   0: 0x8000869c (0x667fea93) ori     s5, t6, 1639
core   0: 3 0x8000869c (0x667fea93) x21 0xffffffe7
core   0: 0x800086a0 (0xaaca8c93) addi    s9, s5, -1364
core   0: 3 0x800086a0 (0xaaca8c93) x25 0xfffffa93
core   0: 0x800086a4 (0xdde26793) ori     a5, tp, -546
core   0: 3 0x800086a4 (0xdde26793) x15 0xfffffffe
core   0: 0x800086a8 (0x100dab93) slti    s7, s11, 256
core   0: 3 0x800086a8 (0x100dab93) x23 0x00000001
core   0: 0x800086ac (0x0097acb3) slt     s9, a5, s1
core   0: 3 0x800086ac (0x0097acb3) x25 0x00000000
core   0: 0x800086b0 (0x00e511b3) sll     gp, a0, a4
core   0: 3 0x800086b0 (0x00e511b3) x 3 0xe4000000
core   0: 0x800086b4 (0x015fd293) srli    t0, t6, 21
core   0: 3 0x800086b4 (0x015fd293) x 5 0x000007ff
core   0: 0x800086b8 (0x40d5d333) sra     t1, a1, a3
core   0: 3 0x800086b8 (0x40d5d333) x 6 0x00000000
core   0: 0x800086bc (0x0084a2b3) slt     t0, s1, s0
core   0: 3 0x800086bc (0x0084a2b3) x 5 0x00000001
core   0: 0x800086c0 (0x0f8b7013) andi    zero, s6, 248
core   0: 3 0x800086c0 (0x0f8b7013)
core   0: 0x800086c4 (0x41398eb3) sub     t4, s3, s3
core   0: 3 0x800086c4 (0x41398eb3) x29 0x00000000
core   0: 0x800086c8 (0x01aee933) or      s2, t4, s10
core   0: 3 0x800086c8 (0x01aee933) x18 0x00000000
core   0: 0x800086cc (0x02dad3b3) divu    t2, s5, a3
core   0: 3 0x800086cc (0x02dad3b3) x 7 0xffffffff
core   0: 0x800086d0 (0x010b07b3) add     a5, s6, a6
core   0: 3 0x800086d0 (0x010b07b3) x15 0xd47d92c4
core   0: 0x800086d4 (0x0352c7b3) div     a5, t0, s5
core   0: 3 0x800086d4 (0x0352c7b3) x15 0x00000000
core   0: 0x800086d8 (0x005f1213) slli    tp, t5, 5
core   0: 3 0x800086d8 (0x005f1213) x 4 0x00000bc0
core   0: 0x800086dc (0x0381a8b3) mulhsu  a7, gp, s8
core   0: 3 0x800086dc (0x0381a8b3) x17 0xffffff9c
core   0: 0x800086e0 (0x02021e33) mulh    t3, tp, zero
core   0: 3 0x800086e0 (0x02021e33) x28 0x00000000
core   0: 0x800086e4 (0x02cb8633) mul     a2, s7, a2
core   0: 3 0x800086e4 (0x02cb8633) x12 0x00000000
core   0: 0x800086e8 (0x01d52b33) slt     s6, a0, t4
core   0: 3 0x800086e8 (0x01d52b33) x22 0x00000001
core   0: 0x800086ec (0x40078e33) sub     t3, a5, zero
core   0: 3 0x800086ec (0x40078e33) x28 0x00000000
core   0: 0x800086f0 (0x00af43b3) xor     t2, t5, a0
core   0: 3 0x800086f0 (0x00af43b3) x 7 0xffff8027
core   0: 0x800086f4 (0x84eb4d93) xori    s11, s6, -1970
core   0: 3 0x800086f4 (0x84eb4d93) x27 0xfffff84f
core   0: 0x800086f8 (0xc13aca97) auipc   s5, 0xc13ac
core   0: 3 0x800086f8 (0xc13aca97) x21 0x413b46f8
core   0: 0x800086fc (0x03971d33) mulh    s10, a4, s9
core   0: 3 0x800086fc (0x03971d33) x26 0x00000000
core   0: 0x80008700 (0x0019f8b3) and     a7, s3, ra
core   0: 3 0x80008700 (0x0019f8b3) x17 0x00000000
core   0: 0x80008704 (0x5ef33d97) auipc   s11, 0x5ef33
core   0: 3 0x80008704 (0x5ef33d97) x27 0xdef3b704
core   0: 0x80008708 (0xfa363c97) auipc   s9, 0xfa363
core   0: 3 0x80008708 (0xfa363c97) x25 0x7a36b708
core   0: 0x8000870c (0x8fb0c0b7) lui     ra, 0x8fb0c
core   0: 3 0x8000870c (0x8fb0c0b7) x 1 0x8fb0c000
core   0: 0x80008710 (0x012e5c13) srli    s8, t3, 18
core   0: 3 0x80008710 (0x012e5c13) x24 0x00000000
core   0: 0x80008714 (0x0368de33) divu    t3, a7, s6
core   0: 3 0x80008714 (0x0368de33) x28 0x00000000
core   0: 0x80008718 (0x5d36ed93) ori     s11, a3, 1491
core   0: 3 0x80008718 (0x5d36ed93) x27 0x000005d3
core   0: 0x8000871c (0x00000013) nop
core   0: 3 0x8000871c (0x00000013)
core   0: 0x80008720 (0x023cc5b3) div     a1, s9, gp
core   0: 3 0x80008720 (0x023cc5b3) x11 0xfffffffc
core   0: 0x80008724 (0x404f5f33) sra     t5, t5, tp
core   0: 3 0x80008724 (0x404f5f33) x30 0x0000005e
core   0: 0x80008728 (0x0056aab3) slt     s5, a3, t0
core   0: 3 0x80008728 (0x0056aab3) x21 0x00000001
core   0: 0x8000872c (0x014abe33) sltu    t3, s5, s4
core   0: 3 0x8000872c (0x014abe33) x28 0x00000001
core   0: 0x80008730 (0x01f69093) slli    ra, a3, 31
core   0: 3 0x80008730 (0x01f69093) x 1 0x00000000
core   0: 0x80008734 (0x01af3933) sltu    s2, t5, s10
core   0: 3 0x80008734 (0x01af3933) x18 0x00000000
core   0: 0x80008738 (0x7108ac13) slti    s8, a7, 1808
core   0: 3 0x80008738 (0x7108ac13) x24 0x00000001
core   0: 0x8000873c (0x26c3cc17) auipc   s8, 0x26c3c
core   0: 3 0x8000873c (0x26c3cc17) x24 0xa6c4473c
core   0: 0x80008740 (0x01a02cb3) slt     s9, zero, s10
core   0: 3 0x80008740 (0x01a02cb3) x25 0x00000000
core   0: 0x80008744 (0x7601f593) andi    a1, gp, 1888
core   0: 3 0x80008744 (0x7601f593) x11 0x00000000
core   0: 0x80008748 (0x1f184093) xori    ra, a6, 497
core   0: 3 0x80008748 (0x1f184093) x 1 0x80018d15
core   0: 0x8000874c (0x01fe1393) slli    t2, t3, 31
core   0: 3 0x8000874c (0x01fe1393) x 7 0x80000000
core   0: 0x80008750 (0x402100b3) sub     ra, sp, sp
core   0: 3 0x80008750 (0x402100b3) x 1 0x00000000
core   0: 0x80008754 (0x003b7333) and     t1, s6, gp
core   0: 3 0x80008754 (0x003b7333) x 6 0x00000000
core   0: 0x80008758 (0x001c25b3) slt     a1, s8, ra
core   0: 3 0x80008758 (0x001c25b3) x11 0x00000001
core   0: 0x8000875c (0x03fd4db3) div     s11, s10, t6
core   0: 3 0x8000875c (0x03fd4db3) x27 0x00000000
core   0: 0x80008760 (0x00964ab3) xor     s5, a2, s1
core   0: 3 0x80008760 (0x00964ab3) x21 0x80014e64
core   0: 0x80008764 (0x009d9e13) slli    t3, s11, 9
core   0: 3 0x80008764 (0x009d9e13) x28 0x00000000
core   0: 0x80008768 (0xba9c3213) sltiu   tp, s8, -1111
core   0: 3 0x80008768 (0xba9c3213) x 4 0x00000001
core   0: 0x8000876c (0x00000013) nop
core   0: 3 0x8000876c (0x00000013)
core   0: 0x80008770 (0x022695b3) mulh    a1, a3, sp
core   0: 3 0x80008770 (0x022695b3) x11 0x00000000
core   0: 0x80008774 (0x00000013) nop
core   0: 3 0x80008774 (0x00000013)
core   0: 0x80008778 (0x402f0eb3) sub     t4, t5, sp
core   0: 3 0x80008778 (0x402f0eb3) x29 0xfffffd1f
core   0: 0x8000877c (0xd8e32093) slti    ra, t1, -626
core   0: 3 0x8000877c (0xd8e32093) x 1 0x00000000
core   0: 0x80008780 (0x00000013) nop
core   0: 3 0x80008780 (0x00000013)
core   0: 0x80008784 (0x00d55fb3) srl     t6, a0, a3
core   0: 3 0x80008784 (0x00d55fb3) x31 0xffff8079
core   0: 0x80008788 (0x008c5933) srl     s2, s8, s0
core   0: 3 0x80008788 (0x008c5933) x18 0x00000002
core   0: 0x8000878c (0x01da9c93) slli    s9, s5, 29
core   0: 3 0x8000878c (0x01da9c93) x25 0x80000000
core   0: 0x80008790 (0x0b96b093) sltiu   ra, a3, 185
core   0: 3 0x80008790 (0x0b96b093) x 1 0x00000001
core   0: 0x80008794 (0x40c4de93) srai    t4, s1, 12
core   0: 3 0x80008794 (0x40c4de93) x29 0xfff80014
core   0: 0x80008798 (0xa7b8ec13) ori     s8, a7, -1413
core   0: 3 0x80008798 (0xa7b8ec13) x24 0xfffffa7b
core   0: 0x8000879c (0x02c2a9b3) mulhsu  s3, t0, a2
core   0: 3 0x8000879c (0x02c2a9b3) x19 0x00000000
core   0: 0x800087a0 (0x00000013) nop
core   0: 3 0x800087a0 (0x00000013)
core   0: 0x800087a4 (0x0196b933) sltu    s2, a3, s9
core   0: 3 0x800087a4 (0x0196b933) x18 0x00000001
core   0: 0x800087a8 (0x0096d793) srli    a5, a3, 9
core   0: 3 0x800087a8 (0x0096d793) x15 0x00000000
core   0: 0x800087ac (0x424f8b13) addi    s6, t6, 1060
core   0: 3 0x800087ac (0x424f8b13) x22 0xffff849d
core   0: 0x800087b0 (0x03041ab3) mulh    s5, s0, a6
core   0: 3 0x800087b0 (0x03041ab3) x21 0xfffffe61
core   0: 0x800087b4 (0x01c8d233) srl     tp, a7, t3
core   0: 3 0x800087b4 (0x01c8d233) x 4 0x00000000
core   0: 0x800087b8 (0x09ab0e13) addi    t3, s6, 154
core   0: 3 0x800087b8 (0x09ab0e13) x28 0xffff8537
core   0: 0x800087bc (0x7be22113) slti    sp, tp, 1982
core   0: 3 0x800087bc (0x7be22113) x 2 0x00000001
core   0: 0x800087c0 (0x92b24d93) xori    s11, tp, -1749
core   0: 3 0x800087c0 (0x92b24d93) x27 0xfffff92b
core   0: 0x800087c4 (0x41925c93) srai    s9, tp, 25
core   0: 3 0x800087c4 (0x41925c93) x25 0x00000000
core   0: 0x800087c8 (0xd74d6213) ori     tp, s10, -652
core   0: 3 0x800087c8 (0xd74d6213) x 4 0xfffffd74
core   0: 0x800087cc (0x034e23b3) mulhsu  t2, t3, s4
core   0: 3 0x800087cc (0x034e23b3) x 7 0xffffa662
core   0: 0x800087d0 (0xaaf6ba93) sltiu   s5, a3, -1361
core   0: 3 0x800087d0 (0xaaf6ba93) x21 0x00000001
core   0: 0x800087d4 (0xcac96293) ori     t0, s2, -852
core   0: 3 0x800087d4 (0xcac96293) x 5 0xfffffcad
core   0: 0x800087d8 (0x4b3fe413) ori     s0, t6, 1203
core   0: 3 0x800087d8 (0x4b3fe413) x 8 0xffff84fb
core   0: 0x800087dc (0x01dc5633) srl     a2, s8, t4
core   0: 3 0x800087dc (0x01dc5633) x12 0x00000fff
core   0: 0x800087e0 (0x01b5b733) sltu    a4, a1, s11
core   0: 3 0x800087e0 (0x01b5b733) x14 0x00000001
core   0: 0x800087e4 (0x05a64593) xori    a1, a2, 90
core   0: 3 0x800087e4 (0x05a64593) x11 0x00000fa5
core   0: 0x800087e8 (0x02875f33) divu    t5, a4, s0
core   0: 3 0x800087e8 (0x02875f33) x30 0x00000000
core   0: 0x800087ec (0x00b46633) or      a2, s0, a1
core   0: 3 0x800087ec (0x00b46633) x12 0xffff8fff
core   0: 0x800087f0 (0x02e11033) mulh    zero, sp, a4
core   0: 3 0x800087f0 (0x02e11033)
core   0: 0x800087f4 (0x0119ffb3) and     t6, s3, a7
core   0: 3 0x800087f4 (0x0119ffb3) x31 0x00000000
core   0: 0x800087f8 (0x00000013) nop
core   0: 3 0x800087f8 (0x00000013)
core   0: 0x800087fc (0xba567413) andi    s0, a2, -1115
core   0: 3 0x800087fc (0xba567413) x 8 0xffff8ba5
core   0: 0x80008800 (0x011c7933) and     s2, s8, a7
core   0: 3 0x80008800 (0x011c7933) x18 0x00000000
core   0: 0x80008804 (0x00b05393) srli    t2, zero, 11
core   0: 3 0x80008804 (0x00b05393) x 7 0x00000000
core   0: 0x80008808 (0x03da12b3) mulh    t0, s4, t4
core   0: 3 0x80008808 (0x03da12b3) x 5 0x00022934
core   0: 0x8000880c (0x5d2d0ab7) lui     s5, 0x5d2d0
core   0: 3 0x8000880c (0x5d2d0ab7) x21 0x5d2d0000
core   0: 0x80008810 (0x565026b7) lui     a3, 0x56502
core   0: 3 0x80008810 (0x565026b7) x13 0x56502000
core   0: 0x80008814 (0x003f56b3) srl     a3, t5, gp
core   0: 3 0x80008814 (0x003f56b3) x13 0x00000000
core   0: 0x80008818 (0x40cf5b13) srai    s6, t5, 12
core   0: 3 0x80008818 (0x40cf5b13) x22 0x00000000
core   0: 0x8000881c (0x4189dd13) srai    s10, s3, 24
core   0: 3 0x8000881c (0x4189dd13) x26 0x00000000
core   0: 0x80008820 (0x8fe22013) slti    zero, tp, -1794
core   0: 3 0x80008820 (0x8fe22013)
core   0: 0x80008824 (0x0188e533) or      a0, a7, s8
core   0: 3 0x80008824 (0x0188e533) x10 0xfffffa7b
core   0: 0x80008828 (0x025d3133) mulhu   sp, s10, t0
core   0: 3 0x80008828 (0x025d3133) x 2 0x00000000
core   0: 0x8000882c (0x02f360b3) rem     ra, t1, a5
core   0: 3 0x8000882c (0x02f360b3) x 1 0x00000000
core   0: 0x80008830 (0x41ce0b33) sub     s6, t3, t3
core   0: 3 0x80008830 (0x41ce0b33) x22 0x00000000
core   0: 0x80008834 (0x01b31a93) slli    s5, t1, 27
core   0: 3 0x80008834 (0x01b31a93) x21 0x00000000
core   0: 0x80008838 (0x8b9a0b37) lui     s6, 0x8b9a0
core   0: 3 0x80008838 (0x8b9a0b37) x22 0x8b9a0000
core   0: 0x8000883c (0x011d1b93) slli    s7, s10, 17
core   0: 3 0x8000883c (0x011d1b93) x23 0x00000000
core   0: 0x80008840 (0x01ba6cb3) or      s9, s4, s11
core   0: 3 0x80008840 (0x01ba6cb3) x25 0xfffffdaf
core   0: 0x80008844 (0xd41b3013) sltiu   zero, s6, -703
core   0: 3 0x80008844 (0xd41b3013)
core   0: 0x80008848 (0x41bad093) srai    ra, s5, 27
core   0: 3 0x80008848 (0x41bad093) x 1 0x00000000
core   0: 0x8000884c (0x415c8ab3) sub     s5, s9, s5
core   0: 3 0x8000884c (0x415c8ab3) x21 0xfffffdaf
core   0: 0x80008850 (0xc7c1ef13) ori     t5, gp, -900
core   0: 3 0x80008850 (0xc7c1ef13) x30 0xfffffc7c
core   0: 0x80008854 (0x034860b3) rem     ra, a6, s4
core   0: 3 0x80008854 (0x034860b3) x 1 0xc528d05f
core   0: 0x80008858 (0x00418fb3) add     t6, gp, tp
core   0: 3 0x80008858 (0x00418fb3) x31 0xe3fffd74
core   0: 0x8000885c (0x03e69533) mulh    a0, a3, t5
core   0: 3 0x8000885c (0x03e69533) x10 0x00000000
core   0: 0x80008860 (0x02fb2933) mulhsu  s2, s6, a5
core   0: 3 0x80008860 (0x02fb2933) x18 0x00000000
core   0: 0x80008864 (0x8cf03393) sltiu   t2, zero, -1841
core   0: 3 0x80008864 (0x8cf03393) x 7 0x00000001
core   0: 0x80008868 (0x030e46b3) div     a3, t3, a6
core   0: 3 0x80008868 (0x030e46b3) x13 0x00000000
core   0: 0x8000886c (0xa1bb6a93) ori     s5, s6, -1509
core   0: 3 0x8000886c (0xa1bb6a93) x21 0xfffffa1b
core   0: 0x80008870 (0x70cac313) xori    t1, s5, 1804
core   0: 3 0x80008870 (0x70cac313) x 6 0xfffffd17
core   0: 0x80008874 (0x0294d8b3) divu    a7, s1, s1
core   0: 3 0x80008874 (0x0294d8b3) x17 0x00000001
core   0: 0x80008878 (0x002f13b3) sll     t2, t5, sp
core   0: 3 0x80008878 (0x002f13b3) x 7 0xfffffc7c
core   0: 0x8000887c (0x03a100b3) mul     ra, sp, s10
core   0: 3 0x8000887c (0x03a100b3) x 1 0x00000000
core   0: 0x80008880 (0xd79fe193) ori     gp, t6, -647
core   0: 3 0x80008880 (0xd79fe193) x 3 0xfffffd7d
core   0: 0x80008884 (0x02286bb3) rem     s7, a6, sp
core   0: 3 0x80008884 (0x02286bb3) x23 0x80018ce4
core   0: 0x80008888 (0x00872633) slt     a2, a4, s0
core   0: 3 0x80008888 (0x00872633) x12 0x00000000
core   0: 0x8000888c (0x02f1f7b3) remu    a5, gp, a5
core   0: 3 0x8000888c (0x02f1f7b3) x15 0xfffffd7d
core   0: 0x80008890 (0x90bd6c93) ori     s9, s10, -1781
core   0: 3 0x80008890 (0x90bd6c93) x25 0xfffff90b
core   0: 0x80008894 (0x03cda233) mulhsu  tp, s11, t3
core   0: 3 0x80008894 (0x03cda233) x 4 0xfffff92b
core   0: 0x80008898 (0x00681393) slli    t2, a6, 6
core   0: 3 0x80008898 (0x00681393) x 7 0x00633900
core   0: 0x8000889c (0x01779313) slli    t1, a5, 23
core   0: 3 0x8000889c (0x01779313) x 6 0xbe800000
core   0: 0x800088a0 (0x41200333) sub     t1, zero, s2
core   0: 3 0x800088a0 (0x41200333) x 6 0x00000000
core   0: 0x800088a4 (0x309ec413) xori    s0, t4, 777
core   0: 3 0x800088a4 (0x309ec413) x 8 0xfff8031d
core   0: 0x800088a8 (0x0039f533) and     a0, s3, gp
core   0: 3 0x800088a8 (0x0039f533) x10 0x00000000
core   0: 0x800088ac (0x019ccbb3) xor     s7, s9, s9
core   0: 3 0x800088ac (0x019ccbb3) x23 0x00000000
core   0: 0x800088b0 (0x0069dc93) srli    s9, s3, 6
core   0: 3 0x800088b0 (0x0069dc93) x25 0x00000000
core   0: 0x800088b4 (0x0398ef33) rem     t5, a7, s9
core   0: 3 0x800088b4 (0x0398ef33) x30 0x00000001
core   0: 0x800088b8 (0x5a13b393) sltiu   t2, t2, 1441
core   0: 3 0x800088b8 (0x5a13b393) x 7 0x00000000
core   0: 0x800088bc (0x01347433) and     s0, s0, s3
core   0: 3 0x800088bc (0x01347433) x 8 0x00000000
core   0: 0x800088c0 (0x00541213) slli    tp, s0, 5
core   0: 3 0x800088c0 (0x00541213) x 4 0x00000000
core   0: 0x800088c4 (0x029fdd33) divu    s10, t6, s1
core   0: 3 0x800088c4 (0x029fdd33) x26 0x00000001
core   0: 0x800088c8 (0x53386613) ori     a2, a6, 1331
core   0: 3 0x800088c8 (0x53386613) x12 0x80018df7
core   0: 0x800088cc (0x02238933) mul     s2, t2, sp
core   0: 3 0x800088cc (0x02238933) x18 0x00000000
core   0: 0x800088d0 (0x40735033) sra     zero, t1, t2
core   0: 3 0x800088d0 (0x40735033)
core   0: 0x800088d4 (0x00f735b3) sltu    a1, a4, a5
core   0: 3 0x800088d4 (0x00f735b3) x11 0x00000001
core   0: 0x800088d8 (0x108cc913) xori    s2, s9, 264
core   0: 3 0x800088d8 (0x108cc913) x18 0x00000108
core   0: 0x800088dc (0x41068b33) sub     s6, a3, a6
core   0: 3 0x800088dc (0x41068b33) x22 0x7ffe731c
core   0: 0x800088e0 (0x00676cb3) or      s9, a4, t1
core   0: 3 0x800088e0 (0x00676cb3) x25 0x00000001
core   0: 0x800088e4 (0x7d234b93) xori    s7, t1, 2002
core   0: 3 0x800088e4 (0x7d234b93) x23 0x000007d2
core   0: 0x800088e8 (0x00f7c333) xor     t1, a5, a5
core   0: 3 0x800088e8 (0x00f7c333) x 6 0x00000000
core   0: 0x800088ec (0x01001f93) slli    t6, zero, 16
core   0: 3 0x800088ec (0x01001f93) x31 0x00000000
core   0: 0x800088f0 (0x02610db3) mul     s11, sp, t1
core   0: 3 0x800088f0 (0x02610db3) x27 0x00000000
core   0: 0x800088f4 (0x03ff7c33) remu    s8, t5, t6
core   0: 3 0x800088f4 (0x03ff7c33) x24 0x00000001
core   0: 0x800088f8 (0x0028e1b3) or      gp, a7, sp
core   0: 3 0x800088f8 (0x0028e1b3) x 3 0x00000001
core   0: 0x800088fc (0x03e43d33) mulhu   s10, s0, t5
core   0: 3 0x800088fc (0x03e43d33) x26 0x00000000
core   0: 0x80008900 (0x00b51c33) sll     s8, a0, a1
core   0: 3 0x80008900 (0x00b51c33) x24 0x00000000
core   0: 0x80008904 (0x00000013) nop
core   0: 3 0x80008904 (0x00000013)
core   0: 0x80008908 (0x97af5eb7) lui     t4, 0x97af5
core   0: 3 0x80008908 (0x97af5eb7) x29 0x97af5000
core   0: 0x8000890c (0x0216df33) divu    t5, a3, ra
core   0: 3 0x8000890c (0x0216df33) x30 0xffffffff
core   0: 0x80008910 (0x00d215b3) sll     a1, tp, a3
core   0: 3 0x80008910 (0x00d215b3) x11 0x00000000
core   0: 0x80008914 (0x0076ce33) xor     t3, a3, t2
core   0: 3 0x80008914 (0x0076ce33) x28 0x00000000
core   0: 0x80008918 (0xc3c44093) xori    ra, s0, -964
core   0: 3 0x80008918 (0xc3c44093) x 1 0xfffffc3c
core   0: 0x8000891c (0xa09ce213) ori     tp, s9, -1527
core   0: 3 0x8000891c (0xa09ce213) x 4 0xfffffa09
core   0: 0x80008920 (0x41f75193) srai    gp, a4, 31
core   0: 3 0x80008920 (0x41f75193) x 3 0x00000000
core   0: 0x80008924 (0x01a67cb3) and     s9, a2, s10
core   0: 3 0x80008924 (0x01a67cb3) x25 0x00000000
core   0: 0x80008928 (0x0007ffb3) and     t6, a5, zero
core   0: 3 0x80008928 (0x0007ffb3) x31 0x00000000
core   0: 0x8000892c (0x03ec00b3) mul     ra, s8, t5
core   0: 3 0x8000892c (0x03ec00b3) x 1 0x00000000
core   0: 0x80008930 (0xc40c0d13) addi    s10, s8, -960
core   0: 3 0x80008930 (0xc40c0d13) x26 0xfffffc40
core   0: 0x80008934 (0x03dcb0b3) mulhu   ra, s9, t4
core   0: 3 0x80008934 (0x03dcb0b3) x 1 0x00000000
core   0: 0x80008938 (0x0099dfb3) srl     t6, s3, s1
core   0: 3 0x80008938 (0x0099dfb3) x31 0x00000000
core   0: 0x8000893c (0x00c77133) and     sp, a4, a2
core   0: 3 0x8000893c (0x00c77133) x 2 0x00000001
core   0: 0x80008940 (0x03090b33) mul     s6, s2, a6
core   0: 3 0x80008940 (0x03090b33) x22 0x01994b20
core   0: 0x80008944 (0x3847b897) auipc   a7, 0x3847b
core   0: 3 0x80008944 (0x3847b897) x17 0xb8483944
core   0: 0x80008948 (0x2f830213) addi    tp, t1, 760
core   0: 3 0x80008948 (0x2f830213) x 4 0x000002f8
core   0: 0x8000894c (0xd22e2e13) slti    t3, t3, -734
core   0: 3 0x8000894c (0xd22e2e13) x28 0x00000000
core   0: 0x80008950 (0x9bceef13) ori     t5, t4, -1604
core   0: 3 0x80008950 (0x9bceef13) x30 0xfffff9bc
core   0: 0x80008954 (0x02e28033) mul     zero, t0, a4
core   0: 3 0x80008954 (0x02e28033)
core   0: 0x80008958 (0x0011ce33) xor     t3, gp, ra
core   0: 3 0x80008958 (0x0011ce33) x28 0x00000000
core   0: 0x8000895c (0x41d08c33) sub     s8, ra, t4
core   0: 3 0x8000895c (0x41d08c33) x24 0x6850b000
core   0: 0x80008960 (0x03a1ff33) remu    t5, gp, s10
core   0: 3 0x80008960 (0x03a1ff33) x30 0x00000000
core   0: 0x80008964 (0x4104dd13) srai    s10, s1, 16
core   0: 3 0x80008964 (0x4104dd13) x26 0xffff8001
core   0: 0x80008968 (0x03490433) mul     s0, s2, s4
core   0: 3 0x80008968 (0x03490433) x 8 0xaf826928
core   0: 0x8000896c (0x03ac6433) rem     s0, s8, s10
core   0: 3 0x8000896c (0x03ac6433) x 8 0x000000a3
core   0: 0x80008970 (0x012151b7) lui     gp, 0x1215
core   0: 3 0x80008970 (0x012151b7) x 3 0x01215000
core   0: 0x80008974 (0x0252f433) remu    s0, t0, t0
core   0: 3 0x80008974 (0x0252f433) x 8 0x00000000
core   0: 0x80008978 (0x22dd4397) auipc   t2, 0x22dd4
core   0: 3 0x80008978 (0x22dd4397) x 7 0xa2ddc978
core   0: 0x8000897c (0x0105c7b3) xor     a5, a1, a6
core   0: 3 0x8000897c (0x0105c7b3) x15 0x80018ce4
core   0: 0x80008980 (0x013cc8b3) xor     a7, s9, s3
core   0: 3 0x80008980 (0x013cc8b3) x17 0x00000000
core   0: 0x80008984 (0xb6a44d13) xori    s10, s0, -1174
core   0: 3 0x80008984 (0xb6a44d13) x26 0xfffffb6a
core   0: 0x80008988 (0x036d2533) mulhsu  a0, s10, s6
core   0: 3 0x80008988 (0x036d2533) x10 0xfffffff8
core   0: 0x8000898c (0x49ca6713) ori     a4, s4, 1180
core   0: 3 0x8000898c (0x49ca6713) x14 0xbad8bc9d
core   0: 0x80008990 (0x9d612d13) slti    s10, sp, -1578
core   0: 3 0x80008990 (0x9d612d13) x26 0x00000000
core   0: 0x80008994 (0x5a2bb293) sltiu   t0, s7, 1442
core   0: 3 0x80008994 (0x5a2bb293) x 5 0x00000000
core   0: 0x80008998 (0x36b48e93) addi    t4, s1, 875
core   0: 3 0x80008998 (0x36b48e93) x29 0x800151cf
core   0: 0x8000899c (0x017d8033) add     zero, s11, s7
core   0: 3 0x8000899c (0x017d8033)
core   0: 0x800089a0 (0x022cd6b3) divu    a3, s9, sp
core   0: 3 0x800089a0 (0x022cd6b3) x13 0x00000000
core   0: 0x800089a4 (0x00357c33) and     s8, a0, gp
core   0: 3 0x800089a4 (0x00357c33) x24 0x01215000
core   0: 0x800089a8 (0x029d3e33) mulhu   t3, s10, s1
core   0: 3 0x800089a8 (0x029d3e33) x28 0x00000000
core   0: 0x800089ac (0x00cbd433) srl     s0, s7, a2
core   0: 3 0x800089ac (0x00cbd433) x 8 0x00000000
core   0: 0x800089b0 (0x01a3dc93) srli    s9, t2, 26
core   0: 3 0x800089b0 (0x01a3dc93) x25 0x00000028
core   0: 0x800089b4 (0x01487533) and     a0, a6, s4
core   0: 3 0x800089b4 (0x01487533) x10 0x80008c84
core   0: 0x800089b8 (0x411b5db3) sra     s11, s6, a7
core   0: 3 0x800089b8 (0x411b5db3) x27 0x01994b20
core   0: 0x800089bc (0x034decb3) rem     s9, s11, s4
core   0: 3 0x800089bc (0x034decb3) x25 0x01994b20
core   0: 0x800089c0 (0x00b067b3) or      a5, zero, a1
core   0: 3 0x800089c0 (0x00b067b3) x15 0x00000000
core   0: 0x800089c4 (0x68e03713) sltiu   a4, zero, 1678
core   0: 3 0x800089c4 (0x68e03713) x14 0x00000001
core   0: 0x800089c8 (0x01c31333) sll     t1, t1, t3
core   0: 3 0x800089c8 (0x01c31333) x 6 0x00000000
core   0: 0x800089cc (0x031b01b3) mul     gp, s6, a7
core   0: 3 0x800089cc (0x031b01b3) x 3 0x00000000
core   0: 0x800089d0 (0x02fc1e33) mulh    t3, s8, a5
core   0: 3 0x800089d0 (0x02fc1e33) x28 0x00000000
core   0: 0x800089d4 (0x02b183b3) mul     t2, gp, a1
core   0: 3 0x800089d4 (0x02b183b3) x 7 0x00000000
core   0: 0x800089d8 (0x0392c8b3) div     a7, t0, s9
core   0: 3 0x800089d8 (0x0392c8b3) x17 0x00000000
core   0: 0x800089dc (0x1bc5c513) xori    a0, a1, 444
core   0: 3 0x800089dc (0x1bc5c513) x10 0x000001bc
core   0: 0x800089e0 (0x59a97613) andi    a2, s2, 1434
core   0: 3 0x800089e0 (0x59a97613) x12 0x00000108
core   0: 0x800089e4 (0x03ebeb33) rem     s6, s7, t5
core   0: 3 0x800089e4 (0x03ebeb33) x22 0x000007d2
core   0: 0x800089e8 (0x00d1ec33) or      s8, gp, a3
core   0: 3 0x800089e8 (0x00d1ec33) x24 0x00000000
core   0: 0x800089ec (0x00f90733) add     a4, s2, a5
core   0: 3 0x800089ec (0x00f90733) x14 0x00000108
core   0: 0x800089f0 (0x01c51ab3) sll     s5, a0, t3
core   0: 3 0x800089f0 (0x01c51ab3) x21 0x000001bc
core   0: 0x800089f4 (0x9f556f13) ori     t5, a0, -1547
core   0: 3 0x800089f4 (0x9f556f13) x30 0xfffff9fd
core   0: 0x800089f8 (0x03e17db3) remu    s11, sp, t5
core   0: 3 0x800089f8 (0x03e17db3) x27 0x00000001
core   0: 0x800089fc (0x01df58b3) srl     a7, t5, t4
core   0: 3 0x800089fc (0x01df58b3) x17 0x0001ffff
core   0: 0x80008a00 (0x01541333) sll     t1, s0, s5
core   0: 3 0x80008a00 (0x01541333) x 6 0x00000000
core   0: 0x80008a04 (0x03b36233) rem     tp, t1, s11
core   0: 3 0x80008a04 (0x03b36233) x 4 0x00000000
core   0: 0x80008a08 (0x0068c7b3) xor     a5, a7, t1
core   0: 3 0x80008a08 (0x0068c7b3) x15 0x0001ffff
core   0: 0x80008a0c (0x00b59433) sll     s0, a1, a1
core   0: 3 0x80008a0c (0x00b59433) x 8 0x00000000
core   0: 0x80008a10 (0x031988b3) mul     a7, s3, a7
core   0: 3 0x80008a10 (0x031988b3) x17 0x00000000
core   0: 0x80008a14 (0xeff84413) xori    s0, a6, -257
core   0: 3 0x80008a14 (0xeff84413) x 8 0x7ffe721b
core   0: 0x80008a18 (0x01d29993) slli    s3, t0, 29
core   0: 3 0x80008a18 (0x01d29993) x19 0x00000000
core   0: 0x80008a1c (0x0204d0b3) divu    ra, s1, zero
core   0: 3 0x80008a1c (0x0204d0b3) x 1 0xffffffff
core   0: 0x80008a20 (0x412a8433) sub     s0, s5, s2
core   0: 3 0x80008a20 (0x412a8433) x 8 0x000000b4
core   0: 0x80008a24 (0x03f65233) divu    tp, a2, t6
core   0: 3 0x80008a24 (0x03f65233) x 4 0xffffffff
core   0: 0x80008a28 (0x010d9933) sll     s2, s11, a6
core   0: 3 0x80008a28 (0x010d9933) x18 0x00000010
core   0: 0x80008a2c (0x02e32633) mulhsu  a2, t1, a4
core   0: 3 0x80008a2c (0x02e32633) x12 0x00000000
core   0: 0x80008a30 (0x7eff7e13) andi    t3, t5, 2031
core   0: 3 0x80008a30 (0x7eff7e13) x28 0x000001ed
core   0: 0x80008a34 (0x017a8cb3) add     s9, s5, s7
core   0: 3 0x80008a34 (0x017a8cb3) x25 0x0000098e
core   0: 0x80008a38 (0x51abef13) ori     t5, s7, 1306
core   0: 3 0x80008a38 (0x51abef13) x30 0x000007da
core   0: 0x80008a3c (0x3bcba113) slti    sp, s7, 956
core   0: 3 0x80008a3c (0x3bcba113) x 2 0x00000000
core   0: 0x80008a40 (0x027470b3) remu    ra, s0, t2
core   0: 3 0x80008a40 (0x027470b3) x 1 0x000000b4
core   0: 0x80008a44 (0x010506b3) add     a3, a0, a6
core   0: 3 0x80008a44 (0x010506b3) x13 0x80018ea0
core   0: 0x80008a48 (0x00000013) nop
core   0: 3 0x80008a48 (0x00000013)
core   0: 0x80008a4c (0x01f81793) slli    a5, a6, 31
core   0: 3 0x80008a4c (0x01f81793) x15 0x00000000
core   0: 0x80008a50 (0x039e1e33) mulh    t3, t3, s9
core   0: 3 0x80008a50 (0x039e1e33) x28 0x00000000
core   0: 0x80008a54 (0x03c37e33) remu    t3, t1, t3
core   0: 3 0x80008a54 (0x03c37e33) x28 0x00000000
core   0: 0x80008a58 (0x68adaf13) slti    t5, s11, 1674
core   0: 3 0x80008a58 (0x68adaf13) x30 0x00000001
core   0: 0x80008a5c (0x8e4a0bb7) lui     s7, 0x8e4a0
core   0: 3 0x80008a5c (0x8e4a0bb7) x23 0x8e4a0000
core   0: 0x80008a60 (0x00863333) sltu    t1, a2, s0
core   0: 3 0x80008a60 (0x00863333) x 6 0x00000001
core   0: 0x80008a64 (0x403fdf13) srai    t5, t6, 3
core   0: 3 0x80008a64 (0x403fdf13) x30 0x00000000
core   0: 0x80008a68 (0x02435333) divu    t1, t1, tp
core   0: 3 0x80008a68 (0x02435333) x 6 0x00000000
core   0: 0x80008a6c (0x6c2aab93) slti    s7, s5, 1730
core   0: 3 0x80008a6c (0x6c2aab93) x23 0x00000001
core   0: 0x80008a70 (0x02c79533) mulh    a0, a5, a2
core   0: 3 0x80008a70 (0x02c79533) x10 0x00000000
core   0: 0x80008a74 (0x0360d1b3) divu    gp, ra, s6
core   0: 3 0x80008a74 (0x0360d1b3) x 3 0x00000000
core   0: 0x80008a78 (0x0738e393) ori     t2, a7, 115
core   0: 3 0x80008a78 (0x0738e393) x 7 0x00000073
core   0: 0x80008a7c (0x0060ceb3) xor     t4, ra, t1
core   0: 3 0x80008a7c (0x0060ceb3) x29 0x000000b4
core   0: 0x80008a80 (0x002b1113) slli    sp, s6, 2
core   0: 3 0x80008a80 (0x002b1113) x 2 0x00001f48
core   0: 0x80008a84 (0x00915713) srli    a4, sp, 9
core   0: 3 0x80008a84 (0x00915713) x14 0x0000000f
core   0: 0x80008a88 (0x013de7b3) or      a5, s11, s3
core   0: 3 0x80008a88 (0x013de7b3) x15 0x00000001
core   0: 0x80008a8c (0x01f70333) add     t1, a4, t6
core   0: 3 0x80008a8c (0x01f70333) x 6 0x0000000f
core   0: 0x80008a90 (0x017c36b3) sltu    a3, s8, s7
core   0: 3 0x80008a90 (0x017c36b3) x13 0x00000001
core   0: 0x80008a94 (0x01881093) slli    ra, a6, 24
core   0: 3 0x80008a94 (0x01881093) x 1 0xe4000000
core   0: 0x80008a98 (0x018c1893) slli    a7, s8, 24
core   0: 3 0x80008a98 (0x018c1893) x17 0x00000000
core   0: 0x80008a9c (0x0060beb3) sltu    t4, ra, t1
core   0: 3 0x80008a9c (0x0060beb3) x29 0x00000000
core   0: 0x80008aa0 (0x41f05693) srai    a3, zero, 31
core   0: 3 0x80008aa0 (0x41f05693) x13 0x00000000
core   0: 0x80008aa4 (0xc726dcb7) lui     s9, 0xc726d
core   0: 3 0x80008aa4 (0xc726dcb7) x25 0xc726d000
core   0: 0x80008aa8 (0x001f1ab3) sll     s5, t5, ra
core   0: 3 0x80008aa8 (0x001f1ab3) x21 0x00000000
core   0: 0x80008aac (0x00517733) and     a4, sp, t0
core   0: 3 0x80008aac (0x00517733) x14 0x00000000
core   0: 0x80008ab0 (0x40b95933) sra     s2, s2, a1
core   0: 3 0x80008ab0 (0x40b95933) x18 0x00000010
core   0: 0x80008ab4 (0x40f45f93) srai    t6, s0, 15
core   0: 3 0x80008ab4 (0x40f45f93) x31 0x00000000
core   0: 0x80008ab8 (0x01383733) sltu    a4, a6, s3
core   0: 3 0x80008ab8 (0x01383733) x14 0x00000000
core   0: 0x80008abc (0x02166b33) rem     s6, a2, ra
core   0: 3 0x80008abc (0x02166b33) x22 0x00000000
core   0: 0x80008ac0 (0x2c072993) slti    s3, a4, 704
core   0: 3 0x80008ac0 (0x2c072993) x19 0x00000001
core   0: 0x80008ac4 (0x019e35b3) sltu    a1, t3, s9
core   0: 3 0x80008ac4 (0x019e35b3) x11 0x00000001
core   0: 0x80008ac8 (0x22eb2c13) slti    s8, s6, 558
core   0: 3 0x80008ac8 (0x22eb2c13) x24 0x00000001
core   0: 0x80008acc (0xaf2aa897) auipc   a7, 0xaf2aa
core   0: 3 0x80008acc (0xaf2aa897) x17 0x2f2b2acc
core   0: 0x80008ad0 (0x5c73ce93) xori    t4, t2, 1479
core   0: 3 0x80008ad0 (0x5c73ce93) x29 0x000005b4
core   0: 0x80008ad4 (0x00e2cab3) xor     s5, t0, a4
core   0: 3 0x80008ad4 (0x00e2cab3) x21 0x00000000
core   0: 0x80008ad8 (0xfe3e4913) xori    s2, t3, -29
core   0: 3 0x80008ad8 (0xfe3e4913) x18 0xffffffe3
core   0: 0x80008adc (0x02bf29b3) mulhsu  s3, t5, a1
core   0: 3 0x80008adc (0x02bf29b3) x19 0x00000000
core   0: 0x80008ae0 (0x42158213) addi    tp, a1, 1057
core   0: 3 0x80008ae0 (0x42158213) x 4 0x00000422
core   0: 0x80008ae4 (0x02aba433) mulhsu  s0, s7, a0
core   0: 3 0x80008ae4 (0x02aba433) x 8 0x00000000
core   0: 0x80008ae8 (0x035adcb3) divu    s9, s5, s5
core   0: 3 0x80008ae8 (0x035adcb3) x25 0xffffffff
core   0: 0x80008aec (0xb55aa013) slti    zero, s5, -1195
core   0: 3 0x80008aec (0xb55aa013)
core   0: 0x80008af0 (0x198e2e13) slti    t3, t3, 408
core   0: 3 0x80008af0 (0x198e2e13) x28 0x00000001
core   0: 0x80008af4 (0x03901933) mulh    s2, zero, s9
core   0: 3 0x80008af4 (0x03901933) x18 0x00000000
core   0: 0x80008af8 (0x0186ed13) ori     s10, a3, 24
core   0: 3 0x80008af8 (0x0186ed13) x26 0x00000018
core   0: 0x80008afc (0x73d82d93) slti    s11, a6, 1853
core   0: 3 0x80008afc (0x73d82d93) x27 0x00000001
core   0: 0x80008b00 (0x41735f13) srai    t5, t1, 23
core   0: 3 0x80008b00 (0x41735f13) x30 0x00000000
core   0: 0x80008b04 (0x4bb9f993) andi    s3, s3, 1211
core   0: 3 0x80008b04 (0x4bb9f993) x19 0x00000000
core   0: 0x80008b08 (0x0191d393) srli    t2, gp, 25
core   0: 3 0x80008b08 (0x0191d393) x 7 0x00000000
core   0: 0x80008b0c (0x9e11d797) auipc   a5, 0x9e11d
core   0: 3 0x80008b0c (0x9e11d797) x15 0x1e125b0c
core   0: 0x80008b10 (0x02ed77b3) remu    a5, s10, a4
core   0: 3 0x80008b10 (0x02ed77b3) x15 0x00000018
core   0: 0x80008b14 (0x001179b3) and     s3, sp, ra
core   0: 3 0x80008b14 (0x001179b3) x19 0x00000000
core   0: 0x80008b18 (0x02840e33) mul     t3, s0, s0
core   0: 3 0x80008b18 (0x02840e33) x28 0x00000000
core   0: 0x80008b1c (0x03b977b3) remu    a5, s2, s11
core   0: 3 0x80008b1c (0x03b977b3) x15 0x00000000
core   0: 0x80008b20 (0x021f57b3) divu    a5, t5, ra
core   0: 3 0x80008b20 (0x021f57b3) x15 0x00000000
core   0: 0x80008b24 (0x5e73ef37) lui     t5, 0x5e73e
core   0: 3 0x80008b24 (0x5e73ef37) x30 0x5e73e000
core   0: 0x80008b28 (0x463dba97) auipc   s5, 0x463db
core   0: 3 0x80008b28 (0x463dba97) x21 0xc63e3b28
core   0: 0x80008b2c (0x03b4e933) rem     s2, s1, s11
core   0: 3 0x80008b2c (0x03b4e933) x18 0x00000000
core   0: 0x80008b30 (0x026c2d33) mulhsu  s10, s8, t1
core   0: 3 0x80008b30 (0x026c2d33) x26 0x00000000
core   0: 0x80008b34 (0x006b20b3) slt     ra, s6, t1
core   0: 3 0x80008b34 (0x006b20b3) x 1 0x00000001
core   0: 0x80008b38 (0x0eb9ce93) xori    t4, s3, 235
core   0: 3 0x80008b38 (0x0eb9ce93) x29 0x000000eb
core   0: 0x80008b3c (0x001ea233) slt     tp, t4, ra
core   0: 3 0x80008b3c (0x001ea233) x 4 0x00000000
core   0: 0x80008b40 (0x001b55b3) srl     a1, s6, ra
core   0: 3 0x80008b40 (0x001b55b3) x11 0x00000000
core   0: 0x80008b44 (0x30418c93) addi    s9, gp, 772
core   0: 3 0x80008b44 (0x30418c93) x25 0x00000304
core   0: 0x80008b48 (0x46263a97) auipc   s5, 0x46263
core   0: 3 0x80008b48 (0x46263a97) x21 0xc626bb48
core   0: 0x80008b4c (0x00de2133) slt     sp, t3, a3
core   0: 3 0x80008b4c (0x00de2133) x 2 0x00000000
core   0: 0x80008b50 (0x01c0f1b3) and     gp, ra, t3
core   0: 3 0x80008b50 (0x01c0f1b3) x 3 0x00000000
core   0: 0x80008b54 (0x02e939b3) mulhu   s3, s2, a4
core   0: 3 0x80008b54 (0x02e939b3) x19 0x00000000
core   0: 0x80008b58 (0x018e7eb3) and     t4, t3, s8
core   0: 3 0x80008b58 (0x018e7eb3) x29 0x00000000
core   0: 0x80008b5c (0x615eec93) ori     s9, t4, 1557
core   0: 3 0x80008b5c (0x615eec93) x25 0x00000615
core   0: 0x80008b60 (0x01c14133) xor     sp, sp, t3
core   0: 3 0x80008b60 (0x01c14133) x 2 0x00000000
core   0: 0x80008b64 (0x8ca883b7) lui     t2, 0x8ca88
core   0: 3 0x80008b64 (0x8ca883b7) x 7 0x8ca88000
core   0: 0x80008b68 (0xb0d3af13) slti    t5, t2, -1267
core   0: 3 0x80008b68 (0xb0d3af13) x30 0x00000001
core   0: 0x80008b6c (0x013522b3) slt     t0, a0, s3
core   0: 3 0x80008b6c (0x013522b3) x 5 0x00000000
core   0: 0x80008b70 (0x026921b3) mulhsu  gp, s2, t1
core   0: 3 0x80008b70 (0x026921b3) x 3 0x00000000
core   0: 0x80008b74 (0x00a01033) sll     zero, zero, a0
core   0: 3 0x80008b74 (0x00a01033)
core   0: 0x80008b78 (0xacc08717) auipc   a4, 0xacc08
core   0: 3 0x80008b78 (0xacc08717) x14 0x2cc10b78
core   0: 0x80008b7c (0x0159b9b3) sltu    s3, s3, s5
core   0: 3 0x80008b7c (0x0159b9b3) x19 0x00000001
core   0: 0x80008b80 (0x0229a733) mulhsu  a4, s3, sp
core   0: 3 0x80008b80 (0x0229a733) x14 0x00000000
core   0: 0x80008b84 (0x007a55b3) srl     a1, s4, t2
core   0: 3 0x80008b84 (0x007a55b3) x11 0xbad8bc85
core   0: 0x80008b88 (0x6f766f13) ori     t5, a2, 1783
core   0: 3 0x80008b88 (0x6f766f13) x30 0x000006f7
core   0: 0x80008b8c (0x6a730d93) addi    s11, t1, 1703
core   0: 3 0x80008b8c (0x6a730d93) x27 0x000006b6
core   0: 0x80008b90 (0x00000013) nop
core   0: 3 0x80008b90 (0x00000013)
core   0: 0x80008b94 (0x01fa50b3) srl     ra, s4, t6
core   0: 3 0x80008b94 (0x01fa50b3) x 1 0xbad8bc85
core   0: 0x80008b98 (0x00000013) nop
core   0: 3 0x80008b98 (0x00000013)
core   0: 0x80008b9c (0x03be01b3) mul     gp, t3, s11
core   0: 3 0x80008b9c (0x03be01b3) x 3 0x00000000
core   0: 0x80008ba0 (0x5943fe13) andi    t3, t2, 1428
core   0: 3 0x80008ba0 (0x5943fe13) x28 0x00000000
core   0: 0x80008ba4 (0x40eb88b3) sub     a7, s7, a4
core   0: 3 0x80008ba4 (0x40eb88b3) x17 0x00000001
core   0: 0x80008ba8 (0x02771133) mulh    sp, a4, t2
core   0: 3 0x80008ba8 (0x02771133) x 2 0x00000000
core   0: 0x80008bac (0x4000dd93) srai    s11, ra, 0
core   0: 3 0x80008bac (0x4000dd93) x27 0xbad8bc85
core   0: 0x80008bb0 (0x4109dc93) srai    s9, s3, 16
core   0: 3 0x80008bb0 (0x4109dc93) x25 0x00000000
core   0: 0x80008bb4 (0xbbaf3737) lui     a4, 0xbbaf3
core   0: 3 0x80008bb4 (0xbbaf3737) x14 0xbbaf3000
core   0: 0x80008bb8 (0x01be3c33) sltu    s8, t3, s11
core   0: 3 0x80008bb8 (0x01be3c33) x24 0x00000001
core   0: 0x80008bbc (0x010f5fb3) srl     t6, t5, a6
core   0: 3 0x80008bbc (0x010f5fb3) x31 0x0000006f
core   0: 0x80008bc0 (0x25eae793) ori     a5, s5, 606
core   0: 3 0x80008bc0 (0x25eae793) x15 0xc626bb5e
core   0: 0x80008bc4 (0x410c02b3) sub     t0, s8, a6
core   0: 3 0x80008bc4 (0x410c02b3) x 5 0x7ffe731d
core   0: 0x80008bc8 (0x00e74bb3) xor     s7, a4, a4
core   0: 3 0x80008bc8 (0x00e74bb3) x23 0x00000000
core   0: 0x80008bcc (0x02362233) mulhsu  tp, a2, gp
core   0: 3 0x80008bcc (0x02362233) x 4 0x00000000
core   0: 0x80008bd0 (0x4f1f4293) xori    t0, t5, 1265
core   0: 3 0x80008bd0 (0x4f1f4293) x 5 0x00000206
core   0: 0x80008bd4 (0x03ede233) rem     tp, s11, t5
core   0: 3 0x80008bd4 (0x03ede233) x 4 0xfffffb50
core   0: 0x80008bd8 (0x41885533) sra     a0, a6, s8
core   0: 3 0x80008bd8 (0x41885533) x10 0xc000c672
core   0: 0x80008bdc (0x017ce233) or      tp, s9, s7
core   0: 3 0x80008bdc (0x017ce233) x 4 0x00000000
core   0: 0x80008be0 (0xd6a3c513) xori    a0, t2, -662
core   0: 3 0x80008be0 (0xd6a3c513) x10 0x73577d6a
core   0: 0x80008be4 (0x013a25b3) slt     a1, s4, s3
core   0: 3 0x80008be4 (0x013a25b3) x11 0x00000001
core   0: 0x80008be8 (0x012afc33) and     s8, s5, s2
core   0: 3 0x80008be8 (0x012afc33) x24 0x00000000
core   0: 0x80008bec (0x033e4133) div     sp, t3, s3
core   0: 3 0x80008bec (0x033e4133) x 2 0x00000000
core   0: 0x80008bf0 (0x03977d33) remu    s10, a4, s9
core   0: 3 0x80008bf0 (0x03977d33) x26 0xbbaf3000
core   0: 0x80008bf4 (0x01002d33) slt     s10, zero, a6
core   0: 3 0x80008bf4 (0x01002d33) x26 0x00000000
core   0: 0x80008bf8 (0x02655433) divu    s0, a0, t1
core   0: 3 0x80008bf8 (0x02655433) x 8 0x07b07fd3
core   0: 0x80008bfc (0x027ef6b3) remu    a3, t4, t2
core   0: 3 0x80008bfc (0x027ef6b3) x13 0x00000000
core   0: 0x80008c00 (0x019f9e13) slli    t3, t6, 25
core   0: 3 0x80008c00 (0x019f9e13) x28 0xde000000
core   0: 0x80008c04 (0x02766733) rem     a4, a2, t2
core   0: 3 0x80008c04 (0x02766733) x14 0x00000000
core   0: 0x80008c08 (0x2ecc7793) andi    a5, s8, 748
core   0: 3 0x80008c08 (0x2ecc7793) x15 0x00000000
core   0: 0x80008c0c (0x9fc810b7) lui     ra, 0x9fc81
core   0: 3 0x80008c0c (0x9fc810b7) x 1 0x9fc81000
core   0: 0x80008c10 (0x006d3f33) sltu    t5, s10, t1
core   0: 3 0x80008c10 (0x006d3f33) x30 0x00000001
core   0: 0x80008c14 (0x011da533) slt     a0, s11, a7
core   0: 3 0x80008c14 (0x011da533) x10 0x00000001
core   0: 0x80008c18 (0x004d21b3) slt     gp, s10, tp
core   0: 3 0x80008c18 (0x004d21b3) x 3 0x00000000
core   0: 0x80008c1c (0x7c6c6993) ori     s3, s8, 1990
core   0: 3 0x80008c1c (0x7c6c6993) x19 0x000007c6
core   0: 0x80008c20 (0x03464233) div     tp, a2, s4
core   0: 3 0x80008c20 (0x03464233) x 4 0x00000000
core   0: 0x80008c24 (0x0207edb3) rem     s11, a5, zero
core   0: 3 0x80008c24 (0x0207edb3) x27 0x00000000
core   0: 0x80008c28 (0x11442b93) slti    s7, s0, 276
core   0: 3 0x80008c28 (0x11442b93) x23 0x00000000
core   0: 0x80008c2c (0x03a28e33) mul     t3, t0, s10
core   0: 3 0x80008c2c (0x03a28e33) x28 0x00000000
core   0: 0x80008c30 (0xa603a893) slti    a7, t2, -1440
core   0: 3 0x80008c30 (0xa603a893) x17 0x00000001
core   0: 0x80008c34 (0x0030cdb3) xor     s11, ra, gp
core   0: 3 0x80008c34 (0x0030cdb3) x27 0x9fc81000
core   0: 0x80008c38 (0x02335f33) divu    t5, t1, gp
core   0: 3 0x80008c38 (0x02335f33) x30 0xffffffff
core   0: 0x80008c3c (0xa477c013) xori    zero, a5, -1465
core   0: 3 0x80008c3c (0xa477c013)
core   0: 0x80008c40 (0x03998cb3) mul     s9, s3, s9
core   0: 3 0x80008c40 (0x03998cb3) x25 0x00000000
core   0: 0x80008c44 (0x000f5cb3) srl     s9, t5, zero
core   0: 3 0x80008c44 (0x000f5cb3) x25 0xffffffff
core   0: 0x80008c48 (0x03254d33) div     s10, a0, s2
core   0: 3 0x80008c48 (0x03254d33) x26 0xffffffff
core   0: 0x80008c4c (0x02885fb3) divu    t6, a6, s0
core   0: 3 0x80008c4c (0x02885fb3) x31 0x00000010
core   0: 0x80008c50 (0x0322dbb3) divu    s7, t0, s2
core   0: 3 0x80008c50 (0x0322dbb3) x23 0xffffffff
core   0: 0x80008c54 (0x95f52413) slti    s0, a0, -1697
core   0: 3 0x80008c54 (0x95f52413) x 8 0x00000000
core   0: 0x80008c58 (0x03f06233) rem     tp, zero, t6
core   0: 3 0x80008c58 (0x03f06233) x 4 0x00000000
core   0: 0x80008c5c (0x00000013) nop
core   0: 3 0x80008c5c (0x00000013)
core   0: 0x80008c60 (0x62cc1e97) auipc   t4, 0x62cc1
core   0: 3 0x80008c60 (0x62cc1e97) x29 0xe2cc9c60
core   0: 0x80008c64 (0x0230ecb3) rem     s9, ra, gp
core   0: 3 0x80008c64 (0x0230ecb3) x25 0x9fc81000
core   0: 0x80008c68 (0x0052bbb3) sltu    s7, t0, t0
core   0: 3 0x80008c68 (0x0052bbb3) x23 0x00000000
core   0: 0x80008c6c (0x008c1eb3) sll     t4, s8, s0
core   0: 3 0x80008c6c (0x008c1eb3) x29 0x00000000
core   0: 0x80008c70 (0x4035d0b3) sra     ra, a1, gp
core   0: 3 0x80008c70 (0x4035d0b3) x 1 0x00000001
core   0: 0x80008c74 (0x019fc5b3) xor     a1, t6, s9
core   0: 3 0x80008c74 (0x019fc5b3) x11 0x9fc81010
core   0: 0x80008c78 (0x01a307b3) add     a5, t1, s10
core   0: 3 0x80008c78 (0x01a307b3) x15 0x0000000e
core   0: 0x80008c7c (0xf76a4e13) xori    t3, s4, -138
core   0: 3 0x80008c7c (0xf76a4e13) x28 0x452743f3
core   0: 0x80008c80 (0x4084d713) srai    a4, s1, 8
core   0: 3 0x80008c80 (0x4084d713) x14 0xff80014e
core   0: 0x80008c84 (0x00d35bb3) srl     s7, t1, a3
core   0: 3 0x80008c84 (0x00d35bb3) x23 0x0000000f
core   0: 0x80008c88 (0x01d7cab3) xor     s5, a5, t4
core   0: 3 0x80008c88 (0x01d7cab3) x21 0x0000000e
core   0: 0x80008c8c (0x0fdfe017) auipc   zero, 0xfdfe
core   0: 3 0x80008c8c (0x0fdfe017)
core   0: 0x80008c90 (0x0134d733) srl     a4, s1, s3
core   0: 3 0x80008c90 (0x0134d733) x14 0x02000539
core   0: 0x80008c94 (0x40e98533) sub     a0, s3, a4
core   0: 3 0x80008c94 (0x40e98533) x10 0xfe00028d
core   0: 0x80008c98 (0x7bd58013) addi    zero, a1, 1981
core   0: 3 0x80008c98 (0x7bd58013)
core   0: 0x80008c9c (0xf9fc7393) andi    t2, s8, -97
core   0: 3 0x80008c9c (0xf9fc7393) x 7 0x00000000
core   0: 0x80008ca0 (0x404ad913) srai    s2, s5, 4
core   0: 3 0x80008ca0 (0x404ad913) x18 0x00000000
core   0: 0x80008ca4 (0x03b79ab3) mulh    s5, a5, s11
core   0: 3 0x80008ca4 (0x03b79ab3) x21 0xfffffffa
core   0: 0x80008ca8 (0x0007bf33) sltu    t5, a5, zero
core   0: 3 0x80008ca8 (0x0007bf33) x30 0x00000000
core   0: 0x80008cac (0x987a7013) andi    zero, s4, -1657
core   0: 3 0x80008cac (0x987a7013)
core   0: 0x80008cb0 (0x012c9393) slli    t2, s9, 18
core   0: 3 0x80008cb0 (0x012c9393) x 7 0x40000000
core   0: 0x80008cb4 (0x01bd38b3) sltu    a7, s10, s11
core   0: 3 0x80008cb4 (0x01bd38b3) x17 0x00000000
core   0: 0x80008cb8 (0x02dfd433) divu    s0, t6, a3
core   0: 3 0x80008cb8 (0x02dfd433) x 8 0xffffffff
core   0: 0x80008cbc (0x418c55b3) sra     a1, s8, s8
core   0: 3 0x80008cbc (0x418c55b3) x11 0x00000000
core   0: 0x80008cc0 (0x038a7233) remu    tp, s4, s8
core   0: 3 0x80008cc0 (0x038a7233) x 4 0xbad8bc85
core   0: 0x80008cc4 (0x03a98fb3) mul     t6, s3, s10
core   0: 3 0x80008cc4 (0x03a98fb3) x31 0xfffff83a
core   0: 0x80008cc8 (0x40a406b3) sub     a3, s0, a0
core   0: 3 0x80008cc8 (0x40a406b3) x13 0x01fffd72
core   0: 0x80008ccc (0x032e00b3) mul     ra, t3, s2
core   0: 3 0x80008ccc (0x032e00b3) x 1 0x00000000
core   0: 0x80008cd0 (0x01d82033) slt     zero, a6, t4
core   0: 3 0x80008cd0 (0x01d82033)
core   0: 0x80008cd4 (0x40fadab3) sra     s5, s5, a5
core   0: 3 0x80008cd4 (0x40fadab3) x21 0xffffffff
core   0: 0x80008cd8 (0x00caa033) slt     zero, s5, a2
core   0: 3 0x80008cd8 (0x00caa033)
core   0: 0x80008cdc (0x03605eb3) divu    t4, zero, s6
core   0: 3 0x80008cdc (0x03605eb3) x29 0xffffffff
core   0: 0x80008ce0 (0x00d72533) slt     a0, a4, a3
core   0: 3 0x80008ce0 (0x00d72533) x10 0x00000000
core   0: 0x80008ce4 (0x02a420b3) mulhsu  ra, s0, a0
core   0: 3 0x80008ce4 (0x02a420b3) x 1 0x00000000
core   0: 0x80008ce8 (0x403f5413) srai    s0, t5, 3
core   0: 3 0x80008ce8 (0x403f5413) x 8 0x00000000
core   0: 0x80008cec (0x00ebb6b3) sltu    a3, s7, a4
core   0: 3 0x80008cec (0x00ebb6b3) x13 0x00000001
core   0: 0x80008cf0 (0x41585733) sra     a4, a6, s5
core   0: 3 0x80008cf0 (0x41585733) x14 0xffffffff
core   0: 0x80008cf4 (0x41cb5a93) srai    s5, s6, 28
core   0: 3 0x80008cf4 (0x41cb5a93) x21 0x00000000
core   0: 0x80008cf8 (0x029959b3) divu    s3, s2, s1
core   0: 3 0x80008cf8 (0x029959b3) x19 0x00000000
core   0: 0x80008cfc (0x41b4db13) srai    s6, s1, 27
core   0: 3 0x80008cfc (0x41b4db13) x22 0xfffffff0
core   0: 0x80008d00 (0x03c57b33) remu    s6, a0, t3
core   0: 3 0x80008d00 (0x03c57b33) x22 0x00000000
core   0: 0x80008d04 (0xad196113) ori     sp, s2, -1327
core   0: 3 0x80008d04 (0xad196113) x 2 0xfffffad1
core   0: 0x80008d08 (0x4aed0013) addi    zero, s10, 1198
core   0: 3 0x80008d08 (0x4aed0013)
core   0: 0x80008d0c (0x01d531b3) sltu    gp, a0, t4
core   0: 3 0x80008d0c (0x01d531b3) x 3 0x00000001
core   0: 0x80008d10 (0x00000013) nop
core   0: 3 0x80008d10 (0x00000013)
core   0: 0x80008d14 (0x027c2fb3) mulhsu  t6, s8, t2
core   0: 3 0x80008d14 (0x027c2fb3) x31 0x00000000
core   0: 0x80008d18 (0x03998933) mul     s2, s3, s9
core   0: 3 0x80008d18 (0x03998933) x18 0x00000000
core   0: 0x80008d1c (0x00898bb3) add     s7, s3, s0
core   0: 3 0x80008d1c (0x00898bb3) x23 0x00000000
core   0: 0x80008d20 (0x0270f1b3) remu    gp, ra, t2
core   0: 3 0x80008d20 (0x0270f1b3) x 3 0x00000000
core   0: 0x80008d24 (0x02871d33) mulh    s10, a4, s0
core   0: 3 0x80008d24 (0x02871d33) x26 0x00000000
core   0: 0x80008d28 (0x02719f33) mulh    t5, gp, t2
core   0: 3 0x80008d28 (0x02719f33) x30 0x00000000
core   0: 0x80008d2c (0x4089d8b3) sra     a7, s3, s0
core   0: 3 0x80008d2c (0x4089d8b3) x17 0x00000000
core   0: 0x80008d30 (0x008595b3) sll     a1, a1, s0
core   0: 3 0x80008d30 (0x008595b3) x11 0x00000000
core   0: 0x80008d34 (0x000ae533) or      a0, s5, zero
core   0: 3 0x80008d34 (0x000ae533) x10 0x00000000
core   0: 0x80008d38 (0x02c27933) remu    s2, tp, a2
core   0: 3 0x80008d38 (0x02c27933) x18 0xbad8bc85
core   0: 0x80008d3c (0x03f410b3) mulh    ra, s0, t6
core   0: 3 0x80008d3c (0x03f410b3) x 1 0x00000000
core   0: 0x80008d40 (0x036b4f33) div     t5, s6, s6
core   0: 3 0x80008d40 (0x036b4f33) x30 0xffffffff
core   0: 0x80008d44 (0x037a7e33) remu    t3, s4, s7
core   0: 3 0x80008d44 (0x037a7e33) x28 0xbad8bc85
core   0: 0x80008d48 (0x0288f3b3) remu    t2, a7, s0
core   0: 3 0x80008d48 (0x0288f3b3) x 7 0x00000000
core   0: 0x80008d4c (0x0395ce33) div     t3, a1, s9
core   0: 3 0x80008d4c (0x0395ce33) x28 0x00000000
core   0: 0x80008d50 (0x01e79393) slli    t2, a5, 30
core   0: 3 0x80008d50 (0x01e79393) x 7 0x80000000
core   0: 0x80008d54 (0x03288633) mul     a2, a7, s2
core   0: 3 0x80008d54 (0x03288633) x12 0x00000000
core   0: 0x80008d58 (0x01243533) sltu    a0, s0, s2
core   0: 3 0x80008d58 (0x01243533) x10 0x00000001
core   0: 0x80008d5c (0x41438333) sub     t1, t2, s4
core   0: 3 0x80008d5c (0x41438333) x 6 0xc527437b
core   0: 0x80008d60 (0x1c38ca97) auipc   s5, 0x1c38c
core   0: 3 0x80008d60 (0x1c38ca97) x21 0x9c394d60
core   0: 0x80008d64 (0x412cdb93) srai    s7, s9, 18
core   0: 3 0x80008d64 (0x412cdb93) x23 0xffffe7f2
core   0: 0x80008d68 (0x40e5deb3) sra     t4, a1, a4
core   0: 3 0x80008d68 (0x40e5deb3) x29 0x00000000
core   0: 0x80008d6c (0x03600533) mul     a0, zero, s6
core   0: 3 0x80008d6c (0x03600533) x10 0x00000000
core   0: 0x80008d70 (0x41f0d633) sra     a2, ra, t6
core   0: 3 0x80008d70 (0x41f0d633) x12 0x00000000
core   0: 0x80008d74 (0x0139ce33) xor     t3, s3, s3
core   0: 3 0x80008d74 (0x0139ce33) x28 0x00000000
core   0: 0x80008d78 (0x00225013) srli    zero, tp, 2
core   0: 3 0x80008d78 (0x00225013)
core   0: 0x80008d7c (0x01e2acb3) slt     s9, t0, t5
core   0: 3 0x80008d7c (0x01e2acb3) x25 0x00000000
core   0: 0x80008d80 (0x413c08b3) sub     a7, s8, s3
core   0: 3 0x80008d80 (0x413c08b3) x17 0x00000000
core   0: 0x80008d84 (0x01d939b3) sltu    s3, s2, t4
core   0: 3 0x80008d84 (0x01d939b3) x19 0x00000000
core   0: 0x80008d88 (0x416d0eb3) sub     t4, s10, s6
core   0: 3 0x80008d88 (0x416d0eb3) x29 0x00000000
core   0: 0x80008d8c (0x0385b233) mulhu   tp, a1, s8
core   0: 3 0x80008d8c (0x0385b233) x 4 0x00000000
core   0: 0x80008d90 (0x00801fb3) sll     t6, zero, s0
core   0: 3 0x80008d90 (0x00801fb3) x31 0x00000000
core   0: 0x80008d94 (0x020745b3) div     a1, a4, zero
core   0: 3 0x80008d94 (0x020745b3) x11 0xffffffff
core   0: 0x80008d98 (0x021988b3) mul     a7, s3, ra
core   0: 3 0x80008d98 (0x021988b3) x17 0x00000000
core   0: 0x80008d9c (0x6b493393) sltiu   t2, s2, 1716
core   0: 3 0x80008d9c (0x6b493393) x 7 0x00000000
core   0: 0x80008da0 (0x03662633) mulhsu  a2, a2, s6
core   0: 3 0x80008da0 (0x03662633) x12 0x00000000
core   0: 0x80008da4 (0x03d25e33) divu    t3, tp, t4
core   0: 3 0x80008da4 (0x03d25e33) x28 0xffffffff
core   0: 0x80008da8 (0x40075b13) srai    s6, a4, 0
core   0: 3 0x80008da8 (0x40075b13) x22 0xffffffff
core   0: 0x80008dac (0x03cf6f33) rem     t5, t5, t3
core   0: 3 0x80008dac (0x03cf6f33) x30 0x00000000
core   0: 0x80008db0 (0x01d15d93) srli    s11, sp, 29
core   0: 3 0x80008db0 (0x01d15d93) x27 0x00000007
core   0: 0x80008db4 (0x00964e33) xor     t3, a2, s1
core   0: 3 0x80008db4 (0x00964e33) x28 0x80014e64
core   0: 0x80008db8 (0x57ac2293) slti    t0, s8, 1402
core   0: 3 0x80008db8 (0x57ac2293) x 5 0x00000001
core   0: 0x80008dbc (0x0372a233) mulhsu  tp, t0, s7
core   0: 3 0x80008dbc (0x0372a233) x 4 0x00000000
core   0: 0x80008dc0 (0x8ff07593) andi    a1, zero, -1793
core   0: 3 0x80008dc0 (0x8ff07593) x11 0x00000000
core   0: 0x80008dc4 (0xe376ee17) auipc   t3, 0xe376e
core   0: 3 0x80008dc4 (0xe376ee17) x28 0x63776dc4
core   0: 0x80008dc8 (0x00204c33) xor     s8, zero, sp
core   0: 3 0x80008dc8 (0x00204c33) x24 0xfffffad1
core   0: 0x80008dcc (0x00ac5313) srli    t1, s8, 10
core   0: 3 0x80008dcc (0x00ac5313) x 6 0x003ffffe
core   0: 0x80008dd0 (0x01d0ffb3) and     t6, ra, t4
core   0: 3 0x80008dd0 (0x01d0ffb3) x31 0x00000000
core   0: 0x80008dd4 (0x0250b3b3) mulhu   t2, ra, t0
core   0: 3 0x80008dd4 (0x0250b3b3) x 7 0x00000000
core   0: 0x80008dd8 (0x0300c433) div     s0, ra, a6
core   0: 3 0x80008dd8 (0x0300c433) x 8 0x00000000
core   0: 0x80008ddc (0x985c0913) addi    s2, s8, -1659
core   0: 3 0x80008ddc (0x985c0913) x18 0xfffff456
core   0: 0x80008de0 (0x014c7bb3) and     s7, s8, s4
core   0: 3 0x80008de0 (0x014c7bb3) x23 0xbad8b881
core   0: 0x80008de4 (0x89180513) addi    a0, a6, -1903
core   0: 3 0x80008de4 (0x89180513) x10 0x80018575
core   0: 0x80008de8 (0x0271be33) mulhu   t3, gp, t2
core   0: 3 0x80008de8 (0x0271be33) x28 0x00000000
core   0: 0x80008dec (0x03745cb3) divu    s9, s0, s7
core   0: 3 0x80008dec (0x03745cb3) x25 0x00000000
core   0: 0x80008df0 (0x0189be33) sltu    t3, s3, s8
core   0: 3 0x80008df0 (0x0189be33) x28 0x00000001
core   0: 0x80008df4 (0x0225a133) mulhsu  sp, a1, sp
core   0: 3 0x80008df4 (0x0225a133) x 2 0x00000000
core   0: 0x80008df8 (0x0106e933) or      s2, a3, a6
core   0: 3 0x80008df8 (0x0106e933) x18 0x80018ce5
core   0: 0x80008dfc (0x0227ebb3) rem     s7, a5, sp
core   0: 3 0x80008dfc (0x0227ebb3) x23 0x0000000e
core   0: 0x80008e00 (0x02e78f33) mul     t5, a5, a4
core   0: 3 0x80008e00 (0x02e78f33) x30 0xfffffff2
core   0: 0x80008e04 (0x02eb8733) mul     a4, s7, a4
core   0: 3 0x80008e04 (0x02eb8733) x14 0xfffffff2
core   0: 0x80008e08 (0x014172b3) and     t0, sp, s4
core   0: 3 0x80008e08 (0x014172b3) x 5 0x00000000
core   0: 0x80008e0c (0x01f902b3) add     t0, s2, t6
core   0: 3 0x80008e0c (0x01f902b3) x 5 0x80018ce5
core   0: 0x80008e10 (0x03d95333) divu    t1, s2, t4
core   0: 3 0x80008e10 (0x03d95333) x 6 0xffffffff
core   0: 0x80008e14 (0x34cdcd13) xori    s10, s11, 844
core   0: 3 0x80008e14 (0x34cdcd13) x26 0x0000034b
core   0: 0x80008e18 (0x00730f33) add     t5, t1, t2
core   0: 3 0x80008e18 (0x00730f33) x30 0xffffffff
core   0: 0x80008e1c (0x00e06093) ori     ra, zero, 14
core   0: 3 0x80008e1c (0x00e06093) x 1 0x0000000e
core   0: 0x80008e20 (0x410bd413) srai    s0, s7, 16
core   0: 3 0x80008e20 (0x410bd413) x 8 0x00000000
core   0: 0x80008e24 (0x41f75593) srai    a1, a4, 31
core   0: 3 0x80008e24 (0x41f75593) x11 0xffffffff
core   0: 0x80008e28 (0x414fdd93) srai    s11, t6, 20
core   0: 3 0x80008e28 (0x414fdd93) x27 0x00000000
core   0: 0x80008e2c (0x00e6b2b3) sltu    t0, a3, a4
core   0: 3 0x80008e2c (0x00e6b2b3) x 5 0x00000001
core   0: 0x80008e30 (0x01dd53b3) srl     t2, s10, t4
core   0: 3 0x80008e30 (0x01dd53b3) x 7 0x0000034b
core   0: 0x80008e34 (0xed29bc93) sltiu   s9, s3, -302
core   0: 3 0x80008e34 (0xed29bc93) x25 0x00000001
core   0: 0x80008e38 (0x2ce4b693) sltiu   a3, s1, 718
core   0: 3 0x80008e38 (0x2ce4b693) x13 0x00000000
core   0: 0x80008e3c (0x00000013) nop
core   0: 3 0x80008e3c (0x00000013)
core   0: 0x80008e40 (0x028fbdb3) mulhu   s11, t6, s0
core   0: 3 0x80008e40 (0x028fbdb3) x27 0x00000000
core   0: 0x80008e44 (0x000c87b3) add     a5, s9, zero
core   0: 3 0x80008e44 (0x000c87b3) x15 0x00000001
core   0: 0x80008e48 (0x692ccc93) xori    s9, s9, 1682
core   0: 3 0x80008e48 (0x692ccc93) x25 0x00000693
core   0: 0x80008e4c (0x00a98c33) add     s8, s3, a0
core   0: 3 0x80008e4c (0x00a98c33) x24 0x80018575
core   0: 0x80008e50 (0x411c82b3) sub     t0, s9, a7
core   0: 3 0x80008e50 (0x411c82b3) x 5 0x00000693
core   0: 0x80008e54 (0x03453733) mulhu   a4, a0, s4
core   0: 3 0x80008e54 (0x03453733) x14 0x5d6d7a83
core   0: 0x80008e58 (0x029c8bb3) mul     s7, s9, s1
core   0: 3 0x80008e58 (0x029c8bb3) x23 0x88965b6c
core   0: 0x80008e5c (0x03b1e133) rem     sp, gp, s11
core   0: 3 0x80008e5c (0x03b1e133) x 2 0x00000000
core   0: 0x80008e60 (0x03b11cb3) mulh    s9, sp, s11
core   0: 3 0x80008e60 (0x03b11cb3) x25 0x00000000
core   0: 0x80008e64 (0x416fdab3) sra     s5, t6, s6
core   0: 3 0x80008e64 (0x416fdab3) x21 0x00000000
core   0: 0x80008e68 (0x02f35eb3) divu    t4, t1, a5
core   0: 3 0x80008e68 (0x02f35eb3) x29 0xffffffff
core   0: 0x80008e6c (0x02e1de33) divu    t3, gp, a4
core   0: 3 0x80008e6c (0x02e1de33) x28 0x00000000
core   0: 0x80008e70 (0x01f9f3b3) and     t2, s3, t6
core   0: 3 0x80008e70 (0x01f9f3b3) x 7 0x00000000
core   0: 0x80008e74 (0x4037d333) sra     t1, a5, gp
core   0: 3 0x80008e74 (0x4037d333) x 6 0x00000001
core   0: 0x80008e78 (0x039f23b3) mulhsu  t2, t5, s9
core   0: 3 0x80008e78 (0x039f23b3) x 7 0x00000000
core   0: 0x80008e7c (0x027d4b33) div     s6, s10, t2
core   0: 3 0x80008e7c (0x027d4b33) x22 0xffffffff
core   0: 0x80008e80 (0x05eb6693) ori     a3, s6, 94
core   0: 3 0x80008e80 (0x05eb6693) x13 0xffffffff
core   0: 0x80008e84 (0x6c878993) addi    s3, a5, 1736
core   0: 3 0x80008e84 (0x6c878993) x19 0x000006c9
core   0: 0x80008e88 (0x02848cb3) mul     s9, s1, s0
core   0: 3 0x80008e88 (0x02848cb3) x25 0x00000000
core   0: 0x80008e8c (0x2b484297) auipc   t0, 0x2b484
core   0: 3 0x80008e8c (0x2b484297) x 5 0xab48ce8c
core   0: 0x80008e90 (0x1db13893) sltiu   a7, sp, 475
core   0: 3 0x80008e90 (0x1db13893) x17 0x00000001
core   0: 0x80008e94 (0x7ef1c517) auipc   a0, 0x7ef1c
core   0: 3 0x80008e94 (0x7ef1c517) x10 0xfef24e94
core   0: 0x80008e98 (0x408c5233) sra     tp, s8, s0
core   0: 3 0x80008e98 (0x408c5233) x 4 0x80018575
core   0: 0x80008e9c (0x023ac1b3) div     gp, s5, gp
core   0: 3 0x80008e9c (0x023ac1b3) x 3 0xffffffff
core   0: 0x80008ea0 (0x018ebeb3) sltu    t4, t4, s8
core   0: 3 0x80008ea0 (0x018ebeb3) x29 0x00000000
core   0: 0x80008ea4 (0x0309bb33) mulhu   s6, s3, a6
core   0: 3 0x80008ea4 (0x0309bb33) x22 0x00000364
core   0: 0x80008ea8 (0x447d7913) andi    s2, s10, 1095
core   0: 3 0x80008ea8 (0x447d7913) x18 0x00000043
core   0: 0x80008eac (0x40a45d13) srai    s10, s0, 10
core   0: 3 0x80008eac (0x40a45d13) x26 0x00000000
core   0: 0x80008eb0 (0x01749f13) slli    t5, s1, 23
core   0: 3 0x80008eb0 (0x01749f13) x30 0x32000000
core   0: 0x80008eb4 (0x005bebb3) or      s7, s7, t0
core   0: 3 0x80008eb4 (0x005bebb3) x23 0xabdedfec
core   0: 0x80008eb8 (0x00d2e6b3) or      a3, t0, a3
core   0: 3 0x80008eb8 (0x00d2e6b3) x13 0xffffffff
core   0: 0x80008ebc (0x02a4beb3) mulhu   t4, s1, a0
core   0: 3 0x80008ebc (0x02a4beb3) x29 0x7f7a744d
core   0: 0x80008ec0 (0x5fe2f413) andi    s0, t0, 1534
core   0: 3 0x80008ec0 (0x5fe2f413) x 8 0x0000048c
core   0: 0x80008ec4 (0x57baf913) andi    s2, s5, 1403
core   0: 3 0x80008ec4 (0x57baf913) x18 0x00000000
core   0: 0x80008ec8 (0x003817b3) sll     a5, a6, gp
core   0: 3 0x80008ec8 (0x003817b3) x15 0x00000000
core   0: 0x80008ecc (0x27f4bbb7) lui     s7, 0x27f4b
core   0: 3 0x80008ecc (0x27f4bbb7) x23 0x27f4b000
core   0: 0x80008ed0 (0x005d8e33) add     t3, s11, t0
core   0: 3 0x80008ed0 (0x005d8e33) x28 0xab48ce8c
core   0: 0x80008ed4 (0x03671c33) mulh    s8, a4, s6
core   0: 3 0x80008ed4 (0x03671c33) x24 0x0000013c
core   0: 0x80008ed8 (0x00000013) nop
core   0: 3 0x80008ed8 (0x00000013)
core   0: 0x80008edc (0x01fa0fb3) add     t6, s4, t6
core   0: 3 0x80008edc (0x01fa0fb3) x31 0xbad8bc85
core   0: 0x80008ee0 (0xff903093) sltiu   ra, zero, -7
core   0: 3 0x80008ee0 (0xff903093) x 1 0x00000001
core   0: 0x80008ee4 (0x45310893) addi    a7, sp, 1107
core   0: 3 0x80008ee4 (0x45310893) x17 0x00000453
core   0: 0x80008ee8 (0x40165213) srai    tp, a2, 1
core   0: 3 0x80008ee8 (0x40165213) x 4 0x00000000
core   0: 0x80008eec (0x02330333) mul     t1, t1, gp
core   0: 3 0x80008eec (0x02330333) x 6 0xffffffff
core   0: 0x80008ef0 (0x01dc83b3) add     t2, s9, t4
core   0: 3 0x80008ef0 (0x01dc83b3) x 7 0x7f7a744d
core   0: 0x80008ef4 (0x020a37b3) mulhu   a5, s4, zero
core   0: 3 0x80008ef4 (0x020a37b3) x15 0x00000000
core   0: 0x80008ef8 (0x01c995b3) sll     a1, s3, t3
core   0: 3 0x80008ef8 (0x01c995b3) x11 0x006c9000
core   0: 0x80008efc (0x03129633) mulh    a2, t0, a7
core   0: 3 0x80008efc (0x03129633) x12 0xfffffe91
core   0: 0x80008f00 (0x031ce333) rem     t1, s9, a7
core   0: 3 0x80008f00 (0x031ce333) x 6 0x00000000
core   0: 0x80008f04 (0xd2b86613) ori     a2, a6, -725
core   0: 3 0x80008f04 (0xd2b86613) x12 0xfffffdef
core   0: 0x80008f08 (0x03eb0333) mul     t1, s6, t5
core   0: 3 0x80008f08 (0x03eb0333) x 6 0x88000000
core   0: 0x80008f0c (0x039b7ab3) remu    s5, s6, s9
core   0: 3 0x80008f0c (0x039b7ab3) x21 0x00000364
core   0: 0x80008f10 (0x015bd393) srli    t2, s7, 21
core   0: 3 0x80008f10 (0x015bd393) x 7 0x0000013f
core   0: 0x80008f14 (0x03ef39b3) mulhu   s3, t5, t5
core   0: 3 0x80008f14 (0x03ef39b3) x19 0x09c40000
core   0: 0x80008f18 (0x00d19c13) slli    s8, gp, 13
core   0: 3 0x80008f18 (0x00d19c13) x24 0xffffe000
core   0: 0x80008f1c (0x0176a8b3) slt     a7, a3, s7
core   0: 3 0x80008f1c (0x0176a8b3) x17 0x00000001
core   0: 0x80008f20 (0x006a75b3) and     a1, s4, t1
core   0: 3 0x80008f20 (0x006a75b3) x11 0x88000000
core   0: 0x80008f24 (0xca0b4513) xori    a0, s6, -864
core   0: 3 0x80008f24 (0xca0b4513) x10 0xffffffc4
core   0: 0x80008f28 (0xdc94c893) xori    a7, s1, -567
core   0: 3 0x80008f28 (0xdc94c893) x17 0x7ffeb3ad
core   0: 0x80008f2c (0x03ff7eb3) remu    t4, t5, t6
core   0: 3 0x80008f2c (0x03ff7eb3) x29 0x32000000
core   0: 0x80008f30 (0x024ff3b3) remu    t2, t6, tp
core   0: 3 0x80008f30 (0x024ff3b3) x 7 0xbad8bc85
core   0: 0x80008f34 (0x0216ec33) rem     s8, a3, ra
core   0: 3 0x80008f34 (0x0216ec33) x24 0x00000000
core   0: 0x80008f38 (0x40e8d8b3) sra     a7, a7, a4
core   0: 3 0x80008f38 (0x40e8d8b3) x17 0x0fffd675
core   0: 0x80008f3c (0x40d00ab3) sub     s5, zero, a3
core   0: 3 0x80008f3c (0x40d00ab3) x21 0x00000001
core   0: 0x80008f40 (0x00bda8b3) slt     a7, s11, a1
core   0: 3 0x80008f40 (0x00bda8b3) x17 0x00000000
core   0: 0x80008f44 (0x019b8233) add     tp, s7, s9
core   0: 3 0x80008f44 (0x019b8233) x 4 0x27f4b000
core   0: 0x80008f48 (0x02ecbfb3) mulhu   t6, s9, a4
core   0: 3 0x80008f48 (0x02ecbfb3) x31 0x00000000
core   0: 0x80008f4c (0x01af9213) slli    tp, t6, 26
core   0: 3 0x80008f4c (0x01af9213) x 4 0x00000000
core   0: 0x80008f50 (0x032b8d33) mul     s10, s7, s2
core   0: 3 0x80008f50 (0x032b8d33) x26 0x00000000
core   0: 0x80008f54 (0x40f68633) sub     a2, a3, a5
core   0: 3 0x80008f54 (0x40f68633) x12 0xffffffff
core   0: 0x80008f58 (0x0126de33) srl     t3, a3, s2
core   0: 3 0x80008f58 (0x0126de33) x28 0xffffffff
core   0: 0x80008f5c (0x78d23d93) sltiu   s11, tp, 1933
core   0: 3 0x80008f5c (0x78d23d93) x27 0x00000001
core   0: 0x80008f60 (0x4075d933) sra     s2, a1, t2
core   0: 3 0x80008f60 (0x4075d933) x18 0xfc400000
core   0: 0x80008f64 (0x97928893) addi    a7, t0, -1671
core   0: 3 0x80008f64 (0x97928893) x17 0xab48c805
core   0: 0x80008f68 (0x01cc9b13) slli    s6, s9, 28
core   0: 3 0x80008f68 (0x01cc9b13) x22 0x00000000
core   0: 0x80008f6c (0x40345b13) srai    s6, s0, 3
core   0: 3 0x80008f6c (0x40345b13) x22 0x00000091
core   0: 0x80008f70 (0x016f0233) add     tp, t5, s6
core   0: 3 0x80008f70 (0x016f0233) x 4 0x32000091
core   0: 0x80008f74 (0x7764c893) xori    a7, s1, 1910
core   0: 3 0x80008f74 (0x7764c893) x17 0x80014912
core   0: 0x80008f78 (0x46c40d13) addi    s10, s0, 1132
core   0: 3 0x80008f78 (0x46c40d13) x26 0x000008f8
core   0: 0x80008f7c (0x001412b3) sll     t0, s0, ra
core   0: 3 0x80008f7c (0x001412b3) x 5 0x00000918
core   0: 0x80008f80 (0xd3106037) lui     zero, 0xd3106
core   0: 3 0x80008f80 (0xd3106037)
core   0: 0x80008f84 (0x03ad31b3) mulhu   gp, s10, s10
core   0: 3 0x80008f84 (0x03ad31b3) x 3 0x00000000
core   0: 0x80008f88 (0x3bdf2d13) slti    s10, t5, 957
core   0: 3 0x80008f88 (0x3bdf2d13) x26 0x00000000
core   0: 0x80008f8c (0x24f84b97) auipc   s7, 0x24f84
core   0: 3 0x80008f8c (0x24f84b97) x23 0xa4f8cf8c
core   0: 0x80008f90 (0x0103ffb3) and     t6, t2, a6
core   0: 3 0x80008f90 (0x0103ffb3) x31 0x80008c84
core   0: 0x80008f94 (0x00507bb3) and     s7, zero, t0
core   0: 3 0x80008f94 (0x00507bb3) x23 0x00000000
core   0: 0x80008f98 (0x0167c433) xor     s0, a5, s6
core   0: 3 0x80008f98 (0x0167c433) x 8 0x00000091
core   0: 0x80008f9c (0x400ad313) srai    t1, s5, 0
core   0: 3 0x80008f9c (0x400ad313) x 6 0x00000001
core   0: 0x80008fa0 (0x02c28033) mul     zero, t0, a2
core   0: 3 0x80008fa0 (0x02c28033)
core   0: 0x80008fa4 (0x516dfb93) andi    s7, s11, 1302
core   0: 3 0x80008fa4 (0x516dfb93) x23 0x00000000
core   0: 0x80008fa8 (0x68a9f613) andi    a2, s3, 1674
core   0: 3 0x80008fa8 (0x68a9f613) x12 0x00000000
core   0: 0x80008fac (0x41618033) sub     zero, gp, s6
core   0: 3 0x80008fac (0x41618033)
core   0: 0x80008fb0 (0x03ac0b33) mul     s6, s8, s10
core   0: 3 0x80008fb0 (0x03ac0b33) x22 0x00000000
core   0: 0x80008fb4 (0x00921593) slli    a1, tp, 9
core   0: 3 0x80008fb4 (0x00921593) x11 0x00012200
core   0: 0x80008fb8 (0x00825793) srli    a5, tp, 8
core   0: 3 0x80008fb8 (0x00825793) x15 0x00320000
core   0: 0x80008fbc (0x02574633) div     a2, a4, t0
core   0: 3 0x80008fbc (0x02574633) x12 0x000a4619
core   0: 0x80008fc0 (0x121951b7) lui     gp, 0x12195
core   0: 3 0x80008fc0 (0x121951b7) x 3 0x12195000
core   0: 0x80008fc4 (0x0204b2b3) mulhu   t0, s1, zero
core   0: 3 0x80008fc4 (0x0204b2b3) x 5 0x00000000
core   0: 0x80008fc8 (0x01a09cb3) sll     s9, ra, s10
core   0: 3 0x80008fc8 (0x01a09cb3) x25 0x00000001
core   0: 0x80008fcc (0x02fb9133) mulh    sp, s7, a5
core   0: 3 0x80008fcc (0x02fb9133) x 2 0x00000000
core   0: 0x80008fd0 (0x41505d33) sra     s10, zero, s5
core   0: 3 0x80008fd0 (0x41505d33) x26 0x00000000
core   0: 0x80008fd4 (0x038d91b3) mulh    gp, s11, s8
core   0: 3 0x80008fd4 (0x038d91b3) x 3 0x00000000
core   0: 0x80008fd8 (0x02adbd33) mulhu   s10, s11, a0
core   0: 3 0x80008fd8 (0x02adbd33) x26 0x00000000
core   0: 0x80008fdc (0xe759f013) andi    zero, s3, -395
core   0: 3 0x80008fdc (0xe759f013)
core   0: 0x80008fe0 (0x41bd00b3) sub     ra, s10, s11
core   0: 3 0x80008fe0 (0x41bd00b3) x 1 0xffffffff
core   0: 0x80008fe4 (0xdb79dd37) lui     s10, 0xdb79d
core   0: 3 0x80008fe4 (0xdb79dd37) x26 0xdb79d000
core   0: 0x80008fe8 (0x020f59b3) divu    s3, t5, zero
core   0: 3 0x80008fe8 (0x020f59b3) x19 0xffffffff
core   0: 0x80008fec (0x02e39c33) mulh    s8, t2, a4
core   0: 3 0x80008fec (0x02e39c33) x24 0xe6c329ac
core   0: 0x80008ff0 (0x011d5fb3) srl     t6, s10, a7
core   0: 3 0x80008ff0 (0x011d5fb3) x31 0x000036de
core   0: 0x80008ff4 (0x41a308b3) sub     a7, t1, s10
core   0: 3 0x80008ff4 (0x41a308b3) x17 0x24863001
core   0: 0x80008ff8 (0x00bbd313) srli    t1, s7, 11
core   0: 3 0x80008ff8 (0x00bbd313) x 6 0x00000000
core   0: 0x80008ffc (0x035eb033) mulhu   zero, t4, s5
core   0: 3 0x80008ffc (0x035eb033)
core   0: 0x80009000 (0x40add233) sra     tp, s11, a0
core   0: 3 0x80009000 (0x40add233) x 4 0x00000000
core   0: 0x80009004 (0x03f10cb3) mul     s9, sp, t6
core   0: 3 0x80009004 (0x03f10cb3) x25 0x00000000
core   0: 0x80009008 (0x03ecf533) remu    a0, s9, t5
core   0: 3 0x80009008 (0x03ecf533) x10 0x00000000
core   0: 0x8000900c (0x555f96b7) lui     a3, 0x555f9
core   0: 3 0x8000900c (0x555f96b7) x13 0x555f9000
core   0: 0x80009010 (0x002c1c93) slli    s9, s8, 2
core   0: 3 0x80009010 (0x002c1c93) x25 0x9b0ca6b0
core   0: 0x80009014 (0x7ca44013) xori    zero, s0, 1994
core   0: 3 0x80009014 (0x7ca44013)
core   0: 0x80009018 (0x02d63b33) mulhu   s6, a2, a3
core   0: 3 0x80009018 (0x02d63b33) x22 0x00036d1c
core   0: 0x8000901c (0x00d3c633) xor     a2, t2, a3
core   0: 3 0x8000901c (0x00d3c633) x12 0xef872c85
core   0: 0x80009020 (0x020ad633) divu    a2, s5, zero
core   0: 3 0x80009020 (0x020ad633) x12 0xffffffff
core   0: 0x80009024 (0x011e1c33) sll     s8, t3, a7
core   0: 3 0x80009024 (0x011e1c33) x24 0xfffffffe
core   0: 0x80009028 (0x00523ab3) sltu    s5, tp, t0
core   0: 3 0x80009028 (0x00523ab3) x21 0x00000000
core   0: 0x8000902c (0x4e1a7c13) andi    s8, s4, 1249
core   0: 3 0x8000902c (0x4e1a7c13) x24 0x00000481
core   0: 0x80009030 (0x01b8d593) srli    a1, a7, 27
core   0: 3 0x80009030 (0x01b8d593) x11 0x00000004
core   0: 0x80009034 (0x972d0197) auipc   gp, 0x972d0
core   0: 3 0x80009034 (0x972d0197) x 3 0x172d9034
core   0: 0x80009038 (0x00b9a033) slt     zero, s3, a1
core   0: 3 0x80009038 (0x00b9a033)
core   0: 0x8000903c (0x0022ac33) slt     s8, t0, sp
core   0: 3 0x8000903c (0x0022ac33) x24 0x00000000
core   0: 0x80009040 (0x962c4897) auipc   a7, 0x962c4
core   0: 3 0x80009040 (0x962c4897) x17 0x162cd040
core   0: 0x80009044 (0xed2acc93) xori    s9, s5, -302
core   0: 3 0x80009044 (0xed2acc93) x25 0xfffffed2
core   0: 0x80009048 (0x00adc133) xor     sp, s11, a0
core   0: 3 0x80009048 (0x00adc133) x 2 0x00000001
core   0: 0x8000904c (0x02b5d2b3) divu    t0, a1, a1
core   0: 3 0x8000904c (0x02b5d2b3) x 5 0x00000001
core   0: 0x80009050 (0x0043a633) slt     a2, t2, tp
core   0: 3 0x80009050 (0x0043a633) x12 0x00000001
core   0: 0x80009054 (0x00897133) and     sp, s2, s0
core   0: 3 0x80009054 (0x00897133) x 2 0x00000000
core   0: 0x80009058 (0x41c2d433) sra     s0, t0, t3
core   0: 3 0x80009058 (0x41c2d433) x 8 0x00000000
core   0: 0x8000905c (0xcd2a4213) xori    tp, s4, -814
core   0: 3 0x8000905c (0xcd2a4213) x 4 0x45274057
core   0: 0x80009060 (0x03ce63b3) rem     t2, t3, t3
core   0: 3 0x80009060 (0x03ce63b3) x 7 0x00000000
core   0: 0x80009064 (0x022f12b3) mulh    t0, t5, sp
core   0: 3 0x80009064 (0x022f12b3) x 5 0x00000000
core   0: 0x80009068 (0x012dd333) srl     t1, s11, s2
core   0: 3 0x80009068 (0x012dd333) x 6 0x00000001
core   0: 0x8000906c (0x0a0bb597) auipc   a1, 0xa0bb
core   0: 3 0x8000906c (0x0a0bb597) x11 0x8a0c406c
core   0: 0x80009070 (0x03551433) mulh    s0, a0, s5
core   0: 3 0x80009070 (0x03551433) x 8 0x00000000
core   0: 0x80009074 (0x003d69b3) or      s3, s10, gp
core   0: 3 0x80009074 (0x003d69b3) x19 0xdf7dd034
core   0: 0x80009078 (0x003b2433) slt     s0, s6, gp
core   0: 3 0x80009078 (0x003b2433) x 8 0x00000001
core   0: 0x8000907c (0xb972af13) slti    t5, t0, -1129
core   0: 3 0x8000907c (0xb972af13) x30 0x00000000
core   0: 0x80009080 (0x234bf013) andi    zero, s7, 564
core   0: 3 0x80009080 (0x234bf013)
core   0: 0x80009084 (0x00bd7eb3) and     t4, s10, a1
core   0: 3 0x80009084 (0x00bd7eb3) x29 0x8a084000
core   0: 0x80009088 (0x31050793) addi    a5, a0, 784
core   0: 3 0x80009088 (0x31050793) x15 0x00000310
core   0: 0x8000908c (0x018d5133) srl     sp, s10, s8
core   0: 3 0x8000908c (0x018d5133) x 2 0xdb79d000
core   0: 0x80009090 (0x01315c13) srli    s8, sp, 19
core   0: 3 0x80009090 (0x01315c13) x24 0x00001b6f
core   0: 0x80009094 (0x02259333) mulh    t1, a1, sp
core   0: 3 0x80009094 (0x02259333) x 6 0x10d41aa4
core   0: 0x80009098 (0x01ccdbb3) srl     s7, s9, t3
core   0: 3 0x80009098 (0x01ccdbb3) x23 0x00000001
core   0: 0x8000909c (0x025cec33) rem     s8, s9, t0
core   0: 3 0x8000909c (0x025cec33) x24 0xfffffed2
core   0: 0x800090a0 (0x41250433) sub     s0, a0, s2
core   0: 3 0x800090a0 (0x41250433) x 8 0x03c00000
core   0: 0x800090a4 (0x03b330b3) mulhu   ra, t1, s11
core   0: 3 0x800090a4 (0x03b330b3) x 1 0x00000000
core   0: 0x800090a8 (0x0288fab3) remu    s5, a7, s0
core   0: 3 0x800090a8 (0x0288fab3) x21 0x036cd040
core   0: 0x800090ac (0x00000013) nop
core   0: 3 0x800090ac (0x00000013)
core   0: 0x800090b0 (0x0281e133) rem     sp, gp, s0
core   0: 3 0x800090b0 (0x0281e133) x 2 0x00ad9034
core   0: 0x800090b4 (0x41615013) srai    zero, sp, 22
core   0: 3 0x800090b4 (0x41615013)
core   0: 0x800090b8 (0x7c73bf13) sltiu   t5, t2, 1991
core   0: 3 0x800090b8 (0x7c73bf13) x30 0x00000001
core   0: 0x800090bc (0x03e74c33) div     s8, a4, t5
core   0: 3 0x800090bc (0x03e74c33) x24 0x5d6d7a83
core   0: 0x800090c0 (0x03d916b3) mulh    a3, s2, t4
core   0: 3 0x800090c0 (0x03d916b3) x13 0x01ba6110
core   0: 0x800090c4 (0x04bdb893) sltiu   a7, s11, 75
core   0: 3 0x800090c4 (0x04bdb893) x17 0x00000001
core   0: 0x800090c8 (0x21988297) auipc   t0, 0x21988
core   0: 3 0x800090c8 (0x21988297) x 5 0xa19910c8
core   0: 0x800090cc (0x01de1793) slli    a5, t3, 29
core   0: 3 0x800090cc (0x01de1793) x15 0xe0000000
core   0: 0x800090d0 (0x0152adb3) slt     s11, t0, s5
core   0: 3 0x800090d0 (0x0152adb3) x27 0x00000001
core   0: 0x800090d4 (0x001cecb3) or      s9, s9, ra
core   0: 3 0x800090d4 (0x001cecb3) x25 0xfffffed2
core   0: 0x800090d8 (0xc6b3ab13) slti    s6, t2, -917
core   0: 3 0x800090d8 (0xc6b3ab13) x22 0x00000000
core   0: 0x800090dc (0x026b0433) mul     s0, s6, t1
core   0: 3 0x800090dc (0x026b0433) x 8 0x00000000
core   0: 0x800090e0 (0x06d2b397) auipc   t2, 0x6d2b
core   0: 3 0x800090e0 (0x06d2b397) x 7 0x86d340e0
core   0: 0x800090e4 (0x03b346b3) div     a3, t1, s11
core   0: 3 0x800090e4 (0x03b346b3) x13 0x10d41aa4
core   0: 0x800090e8 (0x03b089b3) mul     s3, ra, s11
core   0: 3 0x800090e8 (0x03b089b3) x19 0x00000000
core   0: 0x800090ec (0xd9563597) auipc   a1, 0xd9563
core   0: 3 0x800090ec (0xd9563597) x11 0x5956c0ec
core   0: 0x800090f0 (0x763977b7) lui     a5, 0x76397
core   0: 3 0x800090f0 (0x763977b7) x15 0x76397000
core   0: 0x800090f4 (0x0039f6b3) and     a3, s3, gp
core   0: 3 0x800090f4 (0x0039f6b3) x13 0x00000000
core   0: 0x800090f8 (0x01c1b333) sltu    t1, gp, t3
core   0: 3 0x800090f8 (0x01c1b333) x 6 0x00000001
core   0: 0x800090fc (0x03e7bab3) mulhu   s5, a5, t5
core   0: 3 0x800090fc (0x03e7bab3) x21 0x00000000
core   0: 0x80009100 (0x01defc33) and     s8, t4, t4
core   0: 3 0x80009100 (0x01defc33) x24 0x8a084000
core   0: 0x80009104 (0x41a3df13) srai    t5, t2, 26
core   0: 3 0x80009104 (0x41a3df13) x30 0xffffffe1
core   0: 0x80009108 (0x007a9513) slli    a0, s5, 7
core   0: 3 0x80009108 (0x007a9513) x10 0x00000000
core   0: 0x8000910c (0x00bc9893) slli    a7, s9, 11
core   0: 3 0x8000910c (0x00bc9893) x17 0xfff69000
core   0: 0x80009110 (0x00000013) nop
core   0: 3 0x80009110 (0x00000013)
core   0: 0x80009114 (0x0231f633) remu    a2, gp, gp
core   0: 3 0x80009114 (0x0231f633) x12 0x00000000
core   0: 0x80009118 (0x03cd7e33) remu    t3, s10, t3
core   0: 3 0x80009118 (0x03cd7e33) x28 0xdb79d000
core   0: 0x8000911c (0xd6147c13) andi    s8, s0, -671
core   0: 3 0x8000911c (0xd6147c13) x24 0x00000000
core   0: 0x80009120 (0x0111c133) xor     sp, gp, a7
core   0: 3 0x80009120 (0x0111c133) x 2 0xe8db0034
core   0: 0x80009124 (0x01781693) slli    a3, a6, 23
core   0: 3 0x80009124 (0x01781693) x13 0x72000000
core   0: 0x80009128 (0x000b0db3) add     s11, s6, zero
core   0: 3 0x80009128 (0x000b0db3) x27 0x00000000
core   0: 0x8000912c (0x0321ee33) rem     t3, gp, s2
core   0: 3 0x8000912c (0x0321ee33) x28 0x00ad9034
core   0: 0x80009130 (0x033bcf33) div     t5, s7, s3
core   0: 3 0x80009130 (0x033bcf33) x30 0xffffffff
core   0: 0x80009134 (0x1cb9a093) slti    ra, s3, 459
core   0: 3 0x80009134 (0x1cb9a093) x 1 0x00000001
core   0: 0x80009138 (0x023e9633) mulh    a2, t4, gp
core   0: 3 0x80009138 (0x023e9633) x12 0xf551bebf
core   0: 0x8000913c (0x038a4e33) div     t3, s4, s8
core   0: 3 0x8000913c (0x038a4e33) x28 0xffffffff
core   0: 0x80009140 (0x032d7bb3) remu    s7, s10, s2
core   0: 3 0x80009140 (0x032d7bb3) x23 0xdb79d000
core   0: 0x80009144 (0x0134d133) srl     sp, s1, s3
core   0: 3 0x80009144 (0x0134d133) x 2 0x80014e64
core   0: 0x80009148 (0xcdc02d93) slti    s11, zero, -804
core   0: 3 0x80009148 (0xcdc02d93) x27 0x00000000
core   0: 0x8000914c (0x326bc213) xori    tp, s7, 806
core   0: 3 0x8000914c (0x326bc213) x 4 0xdb79d326
core   0: 0x80009150 (0x00068c33) add     s8, a3, zero
core   0: 3 0x80009150 (0x00068c33) x24 0x72000000
core   0: 0x80009154 (0x03c962b3) rem     t0, s2, t3
core   0: 3 0x80009154 (0x03c962b3) x 5 0x00000000
core   0: 0x80009158 (0x6ddd6217) auipc   tp, 0x6ddd6
core   0: 3 0x80009158 (0x6ddd6217) x 4 0xedddf158
core   0: 0x8000915c (0x0035d8b3) srl     a7, a1, gp
core   0: 3 0x8000915c (0x0035d8b3) x17 0x00000595
core   0: 0x80009160 (0x02dff933) remu    s2, t6, a3
core   0: 3 0x80009160 (0x02dff933) x18 0x000036de
core   0: 0x80009164 (0x02dc20b3) mulhsu  ra, s8, a3
core   0: 3 0x80009164 (0x02dc20b3) x 1 0x32c40000
core   0: 0x80009168 (0xc10d2617) auipc   a2, 0xc10d2
core   0: 3 0x80009168 (0xc10d2617) x12 0x410db168
core   0: 0x8000916c (0x00e2db93) srli    s7, t0, 14
core   0: 3 0x8000916c (0x00e2db93) x23 0x00000000
core   0: 0x80009170 (0x01d5fd33) and     s10, a1, t4
core   0: 3 0x80009170 (0x01d5fd33) x26 0x08004000
core   0: 0x80009174 (0x00d9c933) xor     s2, s3, a3
core   0: 3 0x80009174 (0x00d9c933) x18 0x72000000
core   0: 0x80009178 (0x029b75b3) remu    a1, s6, s1
core   0: 3 0x80009178 (0x029b75b3) x11 0x00000000
core   0: 0x8000917c (0x52edbd13) sltiu   s10, s11, 1326
core   0: 3 0x8000917c (0x52edbd13) x26 0x00000001
core   0: 0x80009180 (0x00c028b3) slt     a7, zero, a2
core   0: 3 0x80009180 (0x00c028b3) x17 0x00000001
core   0: 0x80009184 (0x4065dab3) sra     s5, a1, t1
core   0: 3 0x80009184 (0x4065dab3) x21 0x00000000
core   0: 0x80009188 (0xfcbeb693) sltiu   a3, t4, -53
core   0: 3 0x80009188 (0xfcbeb693) x13 0x00000001
core   0: 0x8000918c (0xa0c78113) addi    sp, a5, -1524
core   0: 3 0x8000918c (0xa0c78113) x 2 0x76396a0c
core   0: 0x80009190 (0x00938cb3) add     s9, t2, s1
core   0: 3 0x80009190 (0x00938cb3) x25 0x06d48f44
core   0: 0x80009194 (0x01effc33) and     s8, t6, t5
core   0: 3 0x80009194 (0x01effc33) x24 0x000036de
core   0: 0x80009198 (0x0053ae33) slt     t3, t2, t0
core   0: 3 0x80009198 (0x0053ae33) x28 0x00000001
core   0: 0x8000919c (0x00e9d313) srli    t1, s3, 14
core   0: 3 0x8000919c (0x00e9d313) x 6 0x00000000
core   0: 0x800091a0 (0x019a1633) sll     a2, s4, s9
core   0: 3 0x800091a0 (0x019a1633) x12 0xad8bc850
core   0: 0x800091a4 (0x4deb3613) sltiu   a2, s6, 1246
core   0: 3 0x800091a4 (0x4deb3613) x12 0x00000001
core   0: 0x800091a8 (0x7aa27293) andi    t0, tp, 1962
core   0: 3 0x800091a8 (0x7aa27293) x 5 0x00000108
core   0: 0x800091ac (0x013cf2b3) and     t0, s9, s3
core   0: 3 0x800091ac (0x013cf2b3) x 5 0x00000000
core   0: 0x800091b0 (0x03b7f633) remu    a2, a5, s11
core   0: 3 0x800091b0 (0x03b7f633) x12 0x76397000
core   0: 0x800091b4 (0x02939533) mulh    a0, t2, s1
core   0: 3 0x800091b4 (0x02939533) x10 0x3c95c148
core   0: 0x800091b8 (0x0218d0b3) divu    ra, a7, ra
core   0: 3 0x800091b8 (0x0218d0b3) x 1 0x00000000
core   0: 0x800091bc (0xf6ff8293) addi    t0, t6, -145
core   0: 3 0x800091bc (0xf6ff8293) x 5 0x0000364d
core   0: 0x800091c0 (0x020b2633) mulhsu  a2, s6, zero
core   0: 3 0x800091c0 (0x020b2633) x12 0x00000000
core   0: 0x800091c4 (0x0105dc13) srli    s8, a1, 16
core   0: 3 0x800091c4 (0x0105dc13) x24 0x00000000
core   0: 0x800091c8 (0x01efe5b3) or      a1, t6, t5
core   0: 3 0x800091c8 (0x01efe5b3) x11 0xffffffff
core   0: 0x800091cc (0x00f5ae33) slt     t3, a1, a5
core   0: 3 0x800091cc (0x00f5ae33) x28 0x00000001
core   0: 0x800091d0 (0x63ba3a93) sltiu   s5, s4, 1595
core   0: 3 0x800091d0 (0x63ba3a93) x21 0x00000000
core   0: 0x800091d4 (0x027f53b3) divu    t2, t5, t2
core   0: 3 0x800091d4 (0x027f53b3) x 7 0x00000001
core   0: 0x800091d8 (0x016ad213) srli    tp, s5, 22
core   0: 3 0x800091d8 (0x016ad213) x 4 0x00000000
core   0: 0x800091dc (0xd4282213) slti    tp, a6, -702
core   0: 3 0x800091dc (0xd4282213) x 4 0x00000001
core   0: 0x800091e0 (0x00b60533) add     a0, a2, a1
core   0: 3 0x800091e0 (0x00b60533) x10 0xffffffff
core   0: 0x800091e4 (0x020b1133) mulh    sp, s6, zero
core   0: 3 0x800091e4 (0x020b1133) x 2 0x00000000
core   0: 0x800091e8 (0x00c2ef33) or      t5, t0, a2
core   0: 3 0x800091e8 (0x00c2ef33) x30 0x0000364d
core   0: 0x800091ec (0x0d403697) auipc   a3, 0xd403
core   0: 3 0x800091ec (0x0d403697) x13 0x8d40c1ec
core   0: 0x800091f0 (0x00ef5613) srli    a2, t5, 14
core   0: 3 0x800091f0 (0x00ef5613) x12 0x00000000
core   0: 0x800091f4 (0x034a5933) divu    s2, s4, s4
core   0: 3 0x800091f4 (0x034a5933) x18 0x00000001
core   0: 0x800091f8 (0x008f2e33) slt     t3, t5, s0
core   0: 3 0x800091f8 (0x008f2e33) x28 0x00000000
core   0: 0x800091fc (0x01986c33) or      s8, a6, s9
core   0: 3 0x800091fc (0x01986c33) x24 0x86d58fe4
core   0: 0x80009200 (0x000f10b3) sll     ra, t5, zero
core   0: 3 0x80009200 (0x000f10b3) x 1 0x0000364d
core   0: 0x80009204 (0x004531b3) sltu    gp, a0, tp
core   0: 3 0x80009204 (0x004531b3) x 3 0x00000000
core   0: 0x80009208 (0x43d06d13) ori     s10, zero, 1085
core   0: 3 0x80009208 (0x43d06d13) x26 0x0000043d
core   0: 0x8000920c (0x01674cb3) xor     s9, a4, s6
core   0: 3 0x8000920c (0x01674cb3) x25 0x5d6d7a83
core   0: 0x80009210 (0x50aeb793) sltiu   a5, t4, 1290
core   0: 3 0x80009210 (0x50aeb793) x15 0x00000000
core   0: 0x80009214 (0x1d4b4513) xori    a0, s6, 468
core   0: 3 0x80009214 (0x1d4b4513) x10 0x000001d4
core   0: 0x80009218 (0x0182acb3) slt     s9, t0, s8
core   0: 3 0x80009218 (0x0182acb3) x25 0x00000000
core   0: 0x8000921c (0x00bc13b3) sll     t2, s8, a1
core   0: 3 0x8000921c (0x00bc13b3) x 7 0x00000000
core   0: 0x80009220 (0x02f0ff33) remu    t5, ra, a5
core   0: 3 0x80009220 (0x02f0ff33) x30 0x0000364d
core   0: 0x80009224 (0x01a0ef33) or      t5, ra, s10
core   0: 3 0x80009224 (0x01a0ef33) x30 0x0000367d
core   0: 0x80009228 (0x96b22593) slti    a1, tp, -1685
core   0: 3 0x80009228 (0x96b22593) x11 0x00000000
core   0: 0x8000922c (0x01c980b3) add     ra, s3, t3
core   0: 3 0x8000922c (0x01c980b3) x 1 0x00000000
core   0: 0x80009230 (0x4017dc13) srai    s8, a5, 1
core   0: 3 0x80009230 (0x4017dc13) x24 0x00000000
core   0: 0x80009234 (0x9eee8e13) addi    t3, t4, -1554
core   0: 3 0x80009234 (0x9eee8e13) x28 0x8a0839ee
core   0: 0x80009238 (0x01674133) xor     sp, a4, s6
core   0: 3 0x80009238 (0x01674133) x 2 0x5d6d7a83
core   0: 0x8000923c (0x89620a93) addi    s5, tp, -1898
core   0: 3 0x8000923c (0x89620a93) x21 0xfffff897
core   0: 0x80009240 (0x01745b93) srli    s7, s0, 23
core   0: 3 0x80009240 (0x01745b93) x23 0x00000000
core   0: 0x80009244 (0x00fbdab3) srl     s5, s7, a5
core   0: 3 0x80009244 (0x00fbdab3) x21 0x00000000
core   0: 0x80009248 (0xe6f43a93) sltiu   s5, s0, -401
core   0: 3 0x80009248 (0xe6f43a93) x21 0x00000001
core   0: 0x8000924c (0xaf514a93) xori    s5, sp, -1291
core   0: 3 0x8000924c (0xaf514a93) x21 0xa2928076
core   0: 0x80009250 (0x03a375b3) remu    a1, t1, s10
core   0: 3 0x80009250 (0x03a375b3) x11 0x00000000
core   0: 0x80009254 (0x012d1e33) sll     t3, s10, s2
core   0: 3 0x80009254 (0x012d1e33) x28 0x0000087a
core   0: 0x80009258 (0x01a4f1b3) and     gp, s1, s10
core   0: 3 0x80009258 (0x01a4f1b3) x 3 0x00000424
core   0: 0x8000925c (0x3aeb8d17) auipc   s10, 0x3aeb8
core   0: 3 0x8000925c (0x3aeb8d17) x26 0xbaec125c
core   0: 0x80009260 (0xef7f3c93) sltiu   s9, t5, -265
core   0: 3 0x80009260 (0xef7f3c93) x25 0x00000001
core   0: 0x80009264 (0x00633333) sltu    t1, t1, t1
core   0: 3 0x80009264 (0x00633333) x 6 0x00000000
core   0: 0x80009268 (0x02b1a3b3) mulhsu  t2, gp, a1
core   0: 3 0x80009268 (0x02b1a3b3) x 7 0x00000000
core   0: 0x8000926c (0x3925f297) auipc   t0, 0x3925f
core   0: 3 0x8000926c (0x3925f297) x 5 0xb926826c
core   0: 0x80009270 (0x013b28b3) slt     a7, s6, s3
core   0: 3 0x80009270 (0x013b28b3) x17 0x00000000
core   0: 0x80009274 (0x03aeffb3) remu    t6, t4, s10
core   0: 3 0x80009274 (0x03aeffb3) x31 0x8a084000
core   0: 0x80009278 (0x401987b3) sub     a5, s3, ra
core   0: 3 0x80009278 (0x401987b3) x15 0x00000000
core   0: 0x8000927c (0x00c7da93) srli    s5, a5, 12
core   0: 3 0x8000927c (0x00c7da93) x21 0x00000000
core   0: 0x80009280 (0x01839db3) sll     s11, t2, s8
core   0: 3 0x80009280 (0x01839db3) x27 0x00000000
core   0: 0x80009284 (0x4099ddb3) sra     s11, s3, s1
core   0: 3 0x80009284 (0x4099ddb3) x27 0x00000000
core   0: 0x80009288 (0xf70faa93) slti    s5, t6, -144
core   0: 3 0x80009288 (0xf70faa93) x21 0x00000001
core   0: 0x8000928c (0x367b7993) andi    s3, s6, 871
core   0: 3 0x8000928c (0x367b7993) x19 0x00000000
core   0: 0x80009290 (0xb7796917) auipc   s2, 0xb7796
core   0: 3 0x80009290 (0xb7796917) x18 0x3779f290
core   0: 0x80009294 (0xd908ed13) ori     s10, a7, -624
core   0: 3 0x80009294 (0xd908ed13) x26 0xfffffd90
core   0: 0x80009298 (0x03485f33) divu    t5, a6, s4
core   0: 3 0x80009298 (0x03485f33) x30 0x00000000
core   0: 0x8000929c (0x416f5593) srai    a1, t5, 22
core   0: 3 0x8000929c (0x416f5593) x11 0x00000000
core   0: 0x800092a0 (0x0171c633) xor     a2, gp, s7
core   0: 3 0x800092a0 (0x0171c633) x12 0x00000424
core   0: 0x800092a4 (0x03c6fc33) remu    s8, a3, t3
core   0: 3 0x800092a4 (0x03c6fc33) x24 0x000001bc
core   0: 0x800092a8 (0x012a9613) slli    a2, s5, 18
core   0: 3 0x800092a8 (0x012a9613) x12 0x00040000
core   0: 0x800092ac (0xbcc769b7) lui     s3, 0xbcc76
core   0: 3 0x800092ac (0xbcc769b7) x19 0xbcc76000
core   0: 0x800092b0 (0x41a901b3) sub     gp, s2, s10
core   0: 3 0x800092b0 (0x41a901b3) x 3 0x3779f500
core   0: 0x800092b4 (0x01e305b3) add     a1, t1, t5
core   0: 3 0x800092b4 (0x01e305b3) x11 0x00000000
core   0: 0x800092b8 (0x01513bb3) sltu    s7, sp, s5
core   0: 3 0x800092b8 (0x01513bb3) x23 0x00000000
core   0: 0x800092bc (0x88559717) auipc   a4, 0x88559
core   0: 3 0x800092bc (0x88559717) x14 0x085622bc
core   0: 0x800092c0 (0x019b9033) sll     zero, s7, s9
core   0: 3 0x800092c0 (0x019b9033)
core   0: 0x800092c4 (0xd1857913) andi    s2, a0, -744
core   0: 3 0x800092c4 (0xd1857913) x18 0x00000110
core   0: 0x800092c8 (0x0141c933) xor     s2, gp, s4
core   0: 3 0x800092c8 (0x0141c933) x18 0x8da14985
core   0: 0x800092cc (0x4177dd93) srai    s11, a5, 23
core   0: 3 0x800092cc (0x4177dd93) x27 0x00000000
core   0: 0x800092d0 (0x00311033) sll     zero, sp, gp
core   0: 3 0x800092d0 (0x00311033)
core   0: 0x800092d4 (0x03f35433) divu    s0, t1, t6
core   0: 3 0x800092d4 (0x03f35433) x 8 0x00000000
core   0: 0x800092d8 (0x00000013) nop
core   0: 3 0x800092d8 (0x00000013)
core   0: 0x800092dc (0x03904cb3) div     s9, zero, s9
core   0: 3 0x800092dc (0x03904cb3) x25 0x00000000
core   0: 0x800092e0 (0x01e31f33) sll     t5, t1, t5
core   0: 3 0x800092e0 (0x01e31f33) x30 0x00000000
core   0: 0x800092e4 (0xc7272c13) slti    s8, a4, -910
core   0: 3 0x800092e4 (0xc7272c13) x24 0x00000000
core   0: 0x800092e8 (0x01b841b3) xor     gp, a6, s11
core   0: 3 0x800092e8 (0x01b841b3) x 3 0x80018ce4
core   0: 0x800092ec (0x0384bf33) mulhu   t5, s1, s8
core   0: 3 0x800092ec (0x0384bf33) x30 0x00000000
core   0: 0x800092f0 (0x25e6b093) sltiu   ra, a3, 606
core   0: 3 0x800092f0 (0x25e6b093) x 1 0x00000000
core   0: 0x800092f4 (0x01013933) sltu    s2, sp, a6
core   0: 3 0x800092f4 (0x01013933) x18 0x00000001
core   0: 0x800092f8 (0x00e76bb3) or      s7, a4, a4
core   0: 3 0x800092f8 (0x00e76bb3) x23 0x085622bc
core   0: 0x800092fc (0xa297c893) xori    a7, a5, -1495
core   0: 3 0x800092fc (0xa297c893) x17 0xfffffa29
core   0: 0x80009300 (0x50a70b37) lui     s6, 0x50a70
core   0: 3 0x80009300 (0x50a70b37) x22 0x50a70000
core   0: 0x80009304 (0x1af7b0b7) lui     ra, 0x1af7b
core   0: 3 0x80009304 (0x1af7b0b7) x 1 0x1af7b000
core   0: 0x80009308 (0x02acf233) remu    tp, s9, a0
core   0: 3 0x80009308 (0x02acf233) x 4 0x00000000
core   0: 0x8000930c (0x01b3a1b3) slt     gp, t2, s11
core   0: 3 0x8000930c (0x01b3a1b3) x 3 0x00000000
core   0: 0x80009310 (0x41155413) srai    s0, a0, 17
core   0: 3 0x80009310 (0x41155413) x 8 0x00000000
core   0: 0x80009314 (0x91b3c693) xori    a3, t2, -1765
core   0: 3 0x80009314 (0x91b3c693) x13 0xfffff91b
core   0: 0x80009318 (0x31b77693) andi    a3, a4, 795
core   0: 3 0x80009318 (0x31b77693) x13 0x00000218
core   0: 0x8000931c (0x5eb22e13) slti    t3, tp, 1515
core   0: 3 0x8000931c (0x5eb22e13) x28 0x00000001
core   0: 0x80009320 (0x41b9db93) srai    s7, s3, 27
core   0: 3 0x80009320 (0x41b9db93) x23 0xfffffff7
core   0: 0x80009324 (0x02fb60b3) rem     ra, s6, a5
core   0: 3 0x80009324 (0x02fb60b3) x 1 0x50a70000
core   0: 0x80009328 (0x02f3d1b3) divu    gp, t2, a5
core   0: 3 0x80009328 (0x02f3d1b3) x 3 0xffffffff
core   0: 0x8000932c (0xfc974c13) xori    s8, a4, -55
core   0: 3 0x8000932c (0xfc974c13) x24 0xf7a9dd75
core   0: 0x80009330 (0x001b8233) add     tp, s7, ra
core   0: 3 0x80009330 (0x001b8233) x 4 0x50a6fff7
core   0: 0x80009334 (0x41865c13) srai    s8, a2, 24
core   0: 3 0x80009334 (0x41865c13) x24 0x00000000
core   0: 0x80009338 (0x0313f3b3) remu    t2, t2, a7
core   0: 3 0x80009338 (0x0313f3b3) x 7 0x00000000
core   0: 0x8000933c (0x01081893) slli    a7, a6, 16
core   0: 3 0x8000933c (0x01081893) x17 0x8ce40000
core   0: 0x80009340 (0x415d5e13) srai    t3, s10, 21
core   0: 3 0x80009340 (0x415d5e13) x28 0xffffffff
core   0: 0x80009344 (0x00d138b3) sltu    a7, sp, a3
core   0: 3 0x80009344 (0x00d138b3) x17 0x00000000
core   0: 0x80009348 (0x010fcfb3) xor     t6, t6, a6
core   0: 3 0x80009348 (0x010fcfb3) x31 0x0a09cce4
core   0: 0x8000934c (0x01c763b3) or      t2, a4, t3
core   0: 3 0x8000934c (0x01c763b3) x 7 0xffffffff
core   0: 0x80009350 (0x00dd7633) and     a2, s10, a3
core   0: 3 0x80009350 (0x00dd7633) x12 0x00000010
core   0: 0x80009354 (0x039218b3) mulh    a7, tp, s9
core   0: 3 0x80009354 (0x039218b3) x17 0x00000000
core   0: 0x80009358 (0x3c0cfab7) lui     s5, 0x3c0cf
core   0: 3 0x80009358 (0x3c0cfab7) x21 0x3c0cf000
core   0: 0x8000935c (0x1df5e593) ori     a1, a1, 479
core   0: 3 0x8000935c (0x1df5e593) x11 0x000001df
core   0: 0x80009360 (0x00e2c6b3) xor     a3, t0, a4
core   0: 3 0x80009360 (0x00e2c6b3) x13 0xb170a0d0
core   0: 0x80009364 (0xa204bd97) auipc   s11, 0xa204b
core   0: 3 0x80009364 (0xa204bd97) x27 0x22054364
core   0: 0x80009368 (0x02047b33) remu    s6, s0, zero
core   0: 3 0x80009368 (0x02047b33) x22 0x00000000
core   0: 0x8000936c (0x00000013) nop
core   0: 3 0x8000936c (0x00000013)
core   0: 0x80009370 (0x0096c3b3) xor     t2, a3, s1
core   0: 3 0x80009370 (0x0096c3b3) x 7 0x3171eeb4
core   0: 0x80009374 (0x00bf5eb3) srl     t4, t5, a1
core   0: 3 0x80009374 (0x00bf5eb3) x29 0x00000000
core   0: 0x80009378 (0x003b4b33) xor     s6, s6, gp
core   0: 3 0x80009378 (0x003b4b33) x22 0xffffffff
core   0: 0x8000937c (0x00d87233) and     tp, a6, a3
core   0: 3 0x8000937c (0x00d87233) x 4 0x800080c0
core   0: 0x80009380 (0x00000013) nop
core   0: 3 0x80009380 (0x00000013)
core   0: 0x80009384 (0x00ad09b3) add     s3, s10, a0
core   0: 3 0x80009384 (0x00ad09b3) x19 0xffffff64
core   0: 0x80009388 (0x007f2933) slt     s2, t5, t2
core   0: 3 0x80009388 (0x007f2933) x18 0x00000001
core   0: 0x8000938c (0x020f18b3) mulh    a7, t5, zero
core   0: 3 0x8000938c (0x020f18b3) x17 0x00000000
core   0: 0x80009390 (0x41865eb3) sra     t4, a2, s8
core   0: 3 0x80009390 (0x41865eb3) x29 0x00000010
core   0: 0x80009394 (0x007c8e33) add     t3, s9, t2
core   0: 3 0x80009394 (0x007c8e33) x28 0x3171eeb4
core   0: 0x80009398 (0xe0688c13) addi    s8, a7, -506
core   0: 3 0x80009398 (0xe0688c13) x24 0xfffffe06
core   0: 0x8000939c (0x4087df93) srai    t6, a5, 8
core   0: 3 0x8000939c (0x4087df93) x31 0x00000000
core   0: 0x800093a0 (0x542f2337) lui     t1, 0x542f2
core   0: 3 0x800093a0 (0x542f2337) x 6 0x542f2000
core   0: 0x800093a4 (0x55274c97) auipc   s9, 0x55274
core   0: 3 0x800093a4 (0x55274c97) x25 0xd527d3a4
core   0: 0x800093a8 (0x018300b3) add     ra, t1, s8
core   0: 3 0x800093a8 (0x018300b3) x 1 0x542f1e06
core   0: 0x800093ac (0x119b4e13) xori    t3, s6, 281
core   0: 3 0x800093ac (0x119b4e13) x28 0xfffffee6
core   0: 0x800093b0 (0x3ba02e17) auipc   t3, 0x3ba02
core   0: 3 0x800093b0 (0x3ba02e17) x28 0xbba0b3b0
core   0: 0x800093b4 (0x03d9ec33) rem     s8, s3, t4
core   0: 3 0x800093b4 (0x03d9ec33) x24 0xfffffff4
core   0: 0x800093b8 (0x1ed96693) ori     a3, s2, 493
core   0: 3 0x800093b8 (0x1ed96693) x13 0x000001ed
core   0: 0x800093bc (0x03ea75b3) remu    a1, s4, t5
core   0: 3 0x800093bc (0x03ea75b3) x11 0xbad8bc85
core   0: 0x800093c0 (0x1c583a93) sltiu   s5, a6, 453
core   0: 3 0x800093c0 (0x1c583a93) x21 0x00000000
core   0: 0x800093c4 (0xd5dec293) xori    t0, t4, -675
core   0: 3 0x800093c4 (0xd5dec293) x 5 0xfffffd4d
core   0: 0x800093c8 (0x00492033) slt     zero, s2, tp
core   0: 3 0x800093c8 (0x00492033)
core   0: 0x800093cc (0x0037a433) slt     s0, a5, gp
core   0: 3 0x800093cc (0x0037a433) x 8 0x00000000
core   0: 0x800093d0 (0xdef00513) li      a0, -529
core   0: 3 0x800093d0 (0xdef00513) x10 0xfffffdef
core   0: 0x800093d4 (0xd9e7b397) auipc   t2, 0xd9e7b
core   0: 3 0x800093d4 (0xd9e7b397) x 7 0x59e843d4
core   0: 0x800093d8 (0x00651413) slli    s0, a0, 6
core   0: 3 0x800093d8 (0x00651413) x 8 0xffff7bc0
core   0: 0x800093dc (0x02e19ab3) mulh    s5, gp, a4
core   0: 3 0x800093dc (0x02e19ab3) x21 0xffffffff
core   0: 0x800093e0 (0x000efb33) and     s6, t4, zero
core   0: 3 0x800093e0 (0x000efb33) x22 0x00000000
core   0: 0x800093e4 (0x03544b33) div     s6, s0, s5
core   0: 3 0x800093e4 (0x03544b33) x22 0x00008440
core   0: 0x800093e8 (0x01ccd393) srli    t2, s9, 28
core   0: 3 0x800093e8 (0x01ccd393) x 7 0x0000000d
core   0: 0x800093ec (0x00ec9313) slli    t1, s9, 14
core   0: 3 0x800093ec (0x00ec9313) x 6 0xf4e90000
core   0: 0x800093f0 (0xf260f113) andi    sp, ra, -218
core   0: 3 0x800093f0 (0xf260f113) x 2 0x542f1e06
core   0: 0x800093f4 (0x408bd5b3) sra     a1, s7, s0
core   0: 3 0x800093f4 (0x408bd5b3) x11 0xfffffff7
core   0: 0x800093f8 (0x0027dc33) srl     s8, a5, sp
core   0: 3 0x800093f8 (0x0027dc33) x24 0x00000000
core   0: 0x800093fc (0x00c52eb3) slt     t4, a0, a2
core   0: 3 0x800093fc (0x00c52eb3) x29 0x00000001
core   0: 0x80009400 (0x01d19333) sll     t1, gp, t4
core   0: 3 0x80009400 (0x01d19333) x 6 0xfffffffe
core   0: 0x80009404 (0x033c3633) mulhu   a2, s8, s3
core   0: 3 0x80009404 (0x033c3633) x12 0x00000000
core   0: 0x80009408 (0x0364b033) mulhu   zero, s1, s6
core   0: 3 0x80009408 (0x0364b033)
core   0: 0x8000940c (0x017ecc33) xor     s8, t4, s7
core   0: 3 0x8000940c (0x017ecc33) x24 0xfffffff6
core   0: 0x80009410 (0x01811e33) sll     t3, sp, s8
core   0: 3 0x80009410 (0x01811e33) x28 0x81800000
core   0: 0x80009414 (0x03af0633) mul     a2, t5, s10
core   0: 3 0x80009414 (0x03af0633) x12 0x00000000
core   0: 0x80009418 (0x0088d193) srli    gp, a7, 8
core   0: 3 0x80009418 (0x0088d193) x 3 0x00000000
core   0: 0x8000941c (0x0076fcb3) and     s9, a3, t2
core   0: 3 0x8000941c (0x0076fcb3) x25 0x0000000d
core   0: 0x80009420 (0x00837e33) and     t3, t1, s0
core   0: 3 0x80009420 (0x00837e33) x28 0xffff7bc0
core   0: 0x80009424 (0x00f588b3) add     a7, a1, a5
core   0: 3 0x80009424 (0x00f588b3) x17 0xfffffff7
core   0: 0x80009428 (0x01e61f33) sll     t5, a2, t5
core   0: 3 0x80009428 (0x01e61f33) x30 0x00000000
core   0: 0x8000942c (0x13854197) auipc   gp, 0x13854
core   0: 3 0x8000942c (0x13854197) x 3 0x9385d42c
core   0: 0x80009430 (0x7c29e693) ori     a3, s3, 1986
core   0: 3 0x80009430 (0x7c29e693) x13 0xffffffe6
core   0: 0x80009434 (0x03fcb233) mulhu   tp, s9, t6
core   0: 3 0x80009434 (0x03fcb233) x 4 0x00000000
core   0: 0x80009438 (0x0227e3b3) rem     t2, a5, sp
core   0: 3 0x80009438 (0x0227e3b3) x 7 0x00000000
core   0: 0x8000943c (0x41fa03b3) sub     t2, s4, t6
core   0: 3 0x8000943c (0x41fa03b3) x 7 0xbad8bc85
core   0: 0x80009440 (0x73e86ab7) lui     s5, 0x73e86
core   0: 3 0x80009440 (0x73e86ab7) x21 0x73e86000
core   0: 0x80009444 (0x0296d7b3) divu    a5, a3, s1
core   0: 3 0x80009444 (0x0296d7b3) x15 0x00000001
core   0: 0x80009448 (0x01b79533) sll     a0, a5, s11
core   0: 3 0x80009448 (0x01b79533) x10 0x00000010
core   0: 0x8000944c (0x01ef28b3) slt     a7, t5, t5
core   0: 3 0x8000944c (0x01ef28b3) x17 0x00000000
core   0: 0x80009450 (0x03ece433) rem     s0, s9, t5
core   0: 3 0x80009450 (0x03ece433) x 8 0x0000000d
core   0: 0x80009454 (0x03395bb3) divu    s7, s2, s3
core   0: 3 0x80009454 (0x03395bb3) x23 0x00000000
core   0: 0x80009458 (0x40518c33) sub     s8, gp, t0
core   0: 3 0x80009458 (0x40518c33) x24 0x9385d6df
core   0: 0x8000945c (0x01579593) slli    a1, a5, 21
core   0: 3 0x8000945c (0x01579593) x11 0x00200000
core   0: 0x80009460 (0x00000013) nop
core   0: 3 0x80009460 (0x00000013)
core   0: 0x80009464 (0x03880333) mul     t1, a6, s8
core   0: 3 0x80009464 (0x03880333) x 6 0xeb94529c
core   0: 0x80009468 (0x41900bb3) sub     s7, zero, s9
core   0: 3 0x80009468 (0x41900bb3) x23 0xfffffff3
core   0: 0x8000946c (0x03a378b3) remu    a7, t1, s10
core   0: 3 0x8000946c (0x03a378b3) x17 0xeb94529c
core   0: 0x80009470 (0x6d980293) addi    t0, a6, 1753
core   0: 3 0x80009470 (0x6d980293) x 5 0x800193bd
core   0: 0x80009474 (0xf0977b13) andi    s6, a4, -247
core   0: 3 0x80009474 (0xf0977b13) x22 0x08562208
core   0: 0x80009478 (0x00000013) nop
core   0: 3 0x80009478 (0x00000013)
core   0: 0x8000947c (0x025452b3) divu    t0, s0, t0
core   0: 3 0x8000947c (0x025452b3) x 5 0x00000000
core   0: 0x80009480 (0x031fd133) divu    sp, t6, a7
core   0: 3 0x80009480 (0x031fd133) x 2 0x00000000
core   0: 0x80009484 (0x79bde893) ori     a7, s11, 1947
core   0: 3 0x80009484 (0x79bde893) x17 0x220547ff
core   0: 0x80009488 (0xa653fe13) andi    t3, t2, -1435
core   0: 3 0x80009488 (0xa653fe13) x28 0xbad8b805
core   0: 0x8000948c (0xd0c6b113) sltiu   sp, a3, -756
core   0: 3 0x8000948c (0xd0c6b113) x 2 0x00000000
core   0: 0x80009490 (0x017b2217) auipc   tp, 0x17b2
core   0: 3 0x80009490 (0x017b2217) x 4 0x817bb490
core   0: 0x80009494 (0x00d04cb3) xor     s9, zero, a3
core   0: 3 0x80009494 (0x00d04cb3) x25 0xffffffe6
core   0: 0x80009498 (0xe0053d93) sltiu   s11, a0, -512
core   0: 3 0x80009498 (0xe0053d93) x27 0x00000001
core   0: 0x8000949c (0x40c95fb3) sra     t6, s2, a2
core   0: 3 0x8000949c (0x40c95fb3) x31 0x00000001
core   0: 0x800094a0 (0x5b1b3693) sltiu   a3, s6, 1457
core   0: 3 0x800094a0 (0x5b1b3693) x13 0x00000000
core   0: 0x800094a4 (0x004e36b3) sltu    a3, t3, tp
core   0: 3 0x800094a4 (0x004e36b3) x13 0x00000000
core   0: 0x800094a8 (0x00505c33) srl     s8, zero, t0
core   0: 3 0x800094a8 (0x00505c33) x24 0x00000000
core   0: 0x800094ac (0x406e51b3) sra     gp, t3, t1
core   0: 3 0x800094ac (0x406e51b3) x 3 0xfffffffb
core   0: 0x800094b0 (0x288dc693) xori    a3, s11, 648
core   0: 3 0x800094b0 (0x288dc693) x13 0x00000289
core   0: 0x800094b4 (0x0023b9b3) sltu    s3, t2, sp
core   0: 3 0x800094b4 (0x0023b9b3) x19 0x00000000
core   0: 0x800094b8 (0x459cd6b7) lui     a3, 0x459cd
core   0: 3 0x800094b8 (0x459cd6b7) x13 0x459cd000
core   0: 0x800094bc (0x03e13f33) mulhu   t5, sp, t5
core   0: 3 0x800094bc (0x03e13f33) x30 0x00000000
core   0: 0x800094c0 (0x000b51b3) srl     gp, s6, zero
core   0: 3 0x800094c0 (0x000b51b3) x 3 0x08562208
core   0: 0x800094c4 (0x406f51b3) sra     gp, t5, t1
core   0: 3 0x800094c4 (0x406f51b3) x 3 0x00000000
core   0: 0x800094c8 (0x00e84c33) xor     s8, a6, a4
core   0: 3 0x800094c8 (0x00e84c33) x24 0x8857ae58
core   0: 0x800094cc (0x011843b3) xor     t2, a6, a7
core   0: 3 0x800094cc (0x011843b3) x 7 0xa204cb1b
core   0: 0x800094d0 (0x00ee3cb3) sltu    s9, t3, a4
core   0: 3 0x800094d0 (0x00ee3cb3) x25 0x00000000
core   0: 0x800094d4 (0x00502cb3) slt     s9, zero, t0
core   0: 3 0x800094d4 (0x00502cb3) x25 0x00000000
core   0: 0x800094d8 (0x00994233) xor     tp, s2, s1
core   0: 3 0x800094d8 (0x00994233) x 4 0x80014e65
core   0: 0x800094dc (0x025c8e33) mul     t3, s9, t0
core   0: 3 0x800094dc (0x025c8e33) x28 0x00000000
core   0: 0x800094e0 (0x022c4033) div     zero, s8, sp
core   0: 3 0x800094e0 (0x022c4033)
core   0: 0x800094e4 (0x0556b293) sltiu   t0, a3, 85
core   0: 3 0x800094e4 (0x0556b293) x 5 0x00000000
core   0: 0x800094e8 (0x41edd513) srai    a0, s11, 30
core   0: 3 0x800094e8 (0x41edd513) x10 0x00000000
core   0: 0x800094ec (0x40e78633) sub     a2, a5, a4
core   0: 3 0x800094ec (0x40e78633) x12 0xf7a9dd45
core   0: 0x800094f0 (0x01208b33) add     s6, ra, s2
core   0: 3 0x800094f0 (0x01208b33) x22 0x542f1e07
core   0: 0x800094f4 (0x019d9c93) slli    s9, s11, 25
core   0: 3 0x800094f4 (0x019d9c93) x25 0x02000000
core   0: 0x800094f8 (0x00f18233) add     tp, gp, a5
core   0: 3 0x800094f8 (0x00f18233) x 4 0x00000001
core   0: 0x800094fc (0x00000013) nop
core   0: 3 0x800094fc (0x00000013)
core   0: 0x80009500 (0x03fdcc33) div     s8, s11, t6
core   0: 3 0x80009500 (0x03fdcc33) x24 0x00000001
core   0: 0x80009504 (0x037dacb3) mulhsu  s9, s11, s7
core   0: 3 0x80009504 (0x037dacb3) x25 0x00000000
core   0: 0x80009508 (0x006b4133) xor     sp, s6, t1
core   0: 3 0x80009508 (0x006b4133) x 2 0xbfbb4c9b
core   0: 0x8000950c (0x61937617) auipc   a2, 0x61937
core   0: 3 0x8000950c (0x61937617) x12 0xe194050c
core   0: 0x80009510 (0x41e53113) sltiu   sp, a0, 1054
core   0: 3 0x80009510 (0x41e53113) x 2 0x00000001
core   0: 0x80009514 (0x404182b3) sub     t0, gp, tp
core   0: 3 0x80009514 (0x404182b3) x 5 0xffffffff
core   0: 0x80009518 (0x01186213) ori     tp, a6, 17
core   0: 3 0x80009518 (0x01186213) x 4 0x80018cf5
core   0: 0x8000951c (0x02d1c733) div     a4, gp, a3
core   0: 3 0x8000951c (0x02d1c733) x14 0x00000000
core   0: 0x80009520 (0x41268f33) sub     t5, a3, s2
core   0: 3 0x80009520 (0x41268f33) x30 0x459ccfff
core   0: 0x80009524 (0x0389d9b3) divu    s3, s3, s8
core   0: 3 0x80009524 (0x0389d9b3) x19 0x00000000
core   0: 0x80009528 (0x015ae733) or      a4, s5, s5
core   0: 3 0x80009528 (0x015ae733) x14 0x73e86000
core   0: 0x8000952c (0x41d307b3) sub     a5, t1, t4
core   0: 3 0x8000952c (0x41d307b3) x15 0xeb94529b
core   0: 0x80009530 (0x03fd0f33) mul     t5, s10, t6
core   0: 3 0x80009530 (0x03fd0f33) x30 0xfffffd90
core   0: 0x80009534 (0xde95ec13) ori     s8, a1, -535
core   0: 3 0x80009534 (0xde95ec13) x24 0xfffffde9
core   0: 0x80009538 (0x4cb7b893) sltiu   a7, a5, 1227
core   0: 3 0x80009538 (0x4cb7b893) x17 0x00000000
core   0: 0x8000953c (0xf8974d13) xori    s10, a4, -119
core   0: 3 0x8000953c (0xf8974d13) x26 0x8c179f89
core   0: 0x80009540 (0x02c75633) divu    a2, a4, a2
core   0: 3 0x80009540 (0x02c75633) x12 0x00000000
core   0: 0x80009544 (0xcae77913) andi    s2, a4, -850
core   0: 3 0x80009544 (0xcae77913) x18 0x73e86000
core   0: 0x80009548 (0xeb1f5a97) auipc   s5, 0xeb1f5
core   0: 3 0x80009548 (0xeb1f5a97) x21 0x6b1fe548
core   0: 0x8000954c (0x016b49b3) xor     s3, s6, s6
core   0: 3 0x8000954c (0x016b49b3) x19 0x00000000
core   0: 0x80009550 (0x41d105b3) sub     a1, sp, t4
core   0: 3 0x80009550 (0x41d105b3) x11 0x00000000
core   0: 0x80009554 (0x004d1933) sll     s2, s10, tp
core   0: 3 0x80009554 (0x004d1933) x18 0xf1200000
core   0: 0x80009558 (0x00152733) slt     a4, a0, ra
core   0: 3 0x80009558 (0x00152733) x14 0x00000001
core   0: 0x8000955c (0x001f83b3) add     t2, t6, ra
core   0: 3 0x8000955c (0x001f83b3) x 7 0x542f1e07
core   0: 0x80009560 (0x02baf933) remu    s2, s5, a1
core   0: 3 0x80009560 (0x02baf933) x18 0x6b1fe548
core   0: 0x80009564 (0x01040c33) add     s8, s0, a6
core   0: 3 0x80009564 (0x01040c33) x24 0x80018cf1
core   0: 0x80009568 (0x00d4b333) sltu    t1, s1, a3
core   0: 3 0x80009568 (0x00d4b333) x 6 0x00000000
core   0: 0x8000956c (0x01311eb3) sll     t4, sp, s3
core   0: 3 0x8000956c (0x01311eb3) x29 0x00000001
core   0: 0x80009570 (0x41bcd113) srai    sp, s9, 27
core   0: 3 0x80009570 (0x41bcd113) x 2 0x00000000
core   0: 0x80009574 (0xbcbf6893) ori     a7, t5, -1077
core   0: 3 0x80009574 (0xbcbf6893) x17 0xffffffdb
core   0: 0x80009578 (0x40e406b3) sub     a3, s0, a4
core   0: 3 0x80009578 (0x40e406b3) x13 0x0000000c
core   0: 0x8000957c (0x003a8ab3) add     s5, s5, gp
core   0: 3 0x8000957c (0x003a8ab3) x21 0x6b1fe548
core   0: 0x80009580 (0x00000013) nop
core   0: 3 0x80009580 (0x00000013)
core   0: 0x80009584 (0x001b05b3) add     a1, s6, ra
core   0: 3 0x80009584 (0x001b05b3) x11 0xa85e3c0d
core   0: 0x80009588 (0x0354c6b3) div     a3, s1, s5
core   0: 3 0x80009588 (0x0354c6b3) x13 0xffffffff
core   0: 0x8000958c (0x03734533) div     a0, t1, s7
core   0: 3 0x8000958c (0x03734533) x10 0x00000000
core   0: 0x80009590 (0x25077597) auipc   a1, 0x25077
core   0: 3 0x80009590 (0x25077597) x11 0xa5080590
core   0: 0x80009594 (0x01b83e33) sltu    t3, a6, s11
core   0: 3 0x80009594 (0x01b83e33) x28 0x00000000
core   0: 0x80009598 (0x7409e937) lui     s2, 0x7409e
core   0: 3 0x80009598 (0x7409e937) x18 0x7409e000
core   0: 0x8000959c (0x35d08593) addi    a1, ra, 861
core   0: 3 0x8000959c (0x35d08593) x11 0x542f2163
core   0: 0x800095a0 (0x3b1e8993) addi    s3, t4, 945
core   0: 3 0x800095a0 (0x3b1e8993) x19 0x000003b2
core   0: 0x800095a4 (0xec67ad93) slti    s11, a5, -314
core   0: 3 0x800095a4 (0xec67ad93) x27 0x00000001
core   0: 0x800095a8 (0x01a8c9b3) xor     s3, a7, s10
core   0: 3 0x800095a8 (0x01a8c9b3) x19 0x73e86052
core   0: 0x800095ac (0x03290db3) mul     s11, s2, s2
core   0: 3 0x800095ac (0x03290db3) x27 0x84000000
core   0: 0x800095b0 (0xcd9e4e13) xori    t3, t3, -807
core   0: 3 0x800095b0 (0xcd9e4e13) x28 0xfffffcd9
core   0: 0x800095b4 (0x00a5a1b3) slt     gp, a1, a0
core   0: 3 0x800095b4 (0x00a5a1b3) x 3 0x00000000
core   0: 0x800095b8 (0x03c568b3) rem     a7, a0, t3
core   0: 3 0x800095b8 (0x03c568b3) x17 0x00000000
core   0: 0x800095bc (0x0209d9b3) divu    s3, s3, zero
core   0: 3 0x800095bc (0x0209d9b3) x19 0xffffffff
core   0: 0x800095c0 (0x19452713) slti    a4, a0, 404
core   0: 3 0x800095c0 (0x19452713) x14 0x00000001
core   0: 0x800095c4 (0x409a8633) sub     a2, s5, s1
core   0: 3 0x800095c4 (0x409a8633) x12 0xeb1e96e4
core   0: 0x800095c8 (0x033742b3) div     t0, a4, s3
core   0: 3 0x800095c8 (0x033742b3) x 5 0xffffffff
core   0: 0x800095cc (0x6732cc93) xori    s9, t0, 1651
core   0: 3 0x800095cc (0x6732cc93) x25 0xfffff98c
core   0: 0x800095d0 (0x0349b9b3) mulhu   s3, s3, s4
core   0: 3 0x800095d0 (0x0349b9b3) x19 0xbad8bc84
core   0: 0x800095d4 (0x6c43cd13) xori    s10, t2, 1732
core   0: 3 0x800095d4 (0x6c43cd13) x26 0x542f18c3
core   0: 0x800095d8 (0x404a8c33) sub     s8, s5, tp
core   0: 3 0x800095d8 (0x404a8c33) x24 0xeb1e5853
core   0: 0x800095dc (0x00685d93) srli    s11, a6, 6
core   0: 3 0x800095dc (0x00685d93) x27 0x02000633
core   0: 0x800095e0 (0x00f89b13) slli    s6, a7, 15
core   0: 3 0x800095e0 (0x00f89b13) x22 0x00000000
core   0: 0x800095e4 (0x40a5d233) sra     tp, a1, a0
core   0: 3 0x800095e4 (0x40a5d233) x 4 0x542f2163
core   0: 0x800095e8 (0x00c35e13) srli    t3, t1, 12
core   0: 3 0x800095e8 (0x00c35e13) x28 0x00000000
core   0: 0x800095ec (0xaf3dae13) slti    t3, s11, -1293
core   0: 3 0x800095ec (0xaf3dae13) x28 0x00000000
core   0: 0x800095f0 (0x019c59b3) srl     s3, s8, s9
core   0: 3 0x800095f0 (0x019c59b3) x19 0x000eb1e5
core   0: 0x800095f4 (0x00a45933) srl     s2, s0, a0
core   0: 3 0x800095f4 (0x00a45933) x18 0x0000000d
core   0: 0x800095f8 (0x417509b3) sub     s3, a0, s7
core   0: 3 0x800095f8 (0x417509b3) x19 0x0000000d
core   0: 0x800095fc (0x00000013) nop
core   0: 3 0x800095fc (0x00000013)
core   0: 0x80009600 (0x00e59513) slli    a0, a1, 14
core   0: 3 0x80009600 (0x00e59513) x10 0xc858c000
core   0: 0x80009604 (0x00000013) nop
core   0: 3 0x80009604 (0x00000013)
core   0: 0x80009608 (0x0253f8b3) remu    a7, t2, t0
core   0: 3 0x80009608 (0x0253f8b3) x17 0x542f1e07
core   0: 0x8000960c (0x41985d13) srai    s10, a6, 25
core   0: 3 0x8000960c (0x41985d13) x26 0xffffffc0
core   0: 0x80009610 (0x04c00917) auipc   s2, 0x4c00
core   0: 3 0x80009610 (0x04c00917) x18 0x84c09610
core   0: 0x80009614 (0x224bc313) xori    t1, s7, 548
core   0: 3 0x80009614 (0x224bc313) x 6 0xfffffdd7
core   0: 0x80009618 (0x8ff73597) auipc   a1, 0x8ff73
core   0: 3 0x80009618 (0x8ff73597) x11 0x0ff7c618
core   0: 0x8000961c (0x2adce417) auipc   s0, 0x2adce
core   0: 3 0x8000961c (0x2adce417) x 8 0xaadd761c
core   0: 0x80009620 (0x0101e433) or      s0, gp, a6
core   0: 3 0x80009620 (0x0101e433) x 8 0x80018ce4
core   0: 0x80009624 (0x002c4433) xor     s0, s8, sp
core   0: 3 0x80009624 (0x002c4433) x 8 0xeb1e5853
core   0: 0x80009628 (0xbe3db793) sltiu   a5, s11, -1053
core   0: 3 0x80009628 (0xbe3db793) x15 0x00000001
core   0: 0x8000962c (0x01655113) srli    sp, a0, 22
core   0: 3 0x8000962c (0x01655113) x 2 0x00000321
core   0: 0x80009630 (0x026e8933) mul     s2, t4, t1
core   0: 3 0x80009630 (0x026e8933) x18 0xfffffdd7
core   0: 0x80009634 (0x03302b33) mulhsu  s6, zero, s3
core   0: 3 0x80009634 (0x03302b33) x22 0x00000000
core   0: 0x80009638 (0x03236133) rem     sp, t1, s2
core   0: 3 0x80009638 (0x03236133) x 2 0x00000000
core   0: 0x8000963c (0x015b16b3) sll     a3, s6, s5
core   0: 3 0x8000963c (0x015b16b3) x13 0x00000000
core   0: 0x80009640 (0x416bd113) srai    sp, s7, 22
core   0: 3 0x80009640 (0x416bd113) x 2 0xffffffff
core   0: 0x80009644 (0xb4232093) slti    ra, t1, -1214
core   0: 3 0x80009644 (0xb4232093) x 1 0x00000000
core   0: 0x80009648 (0x00000013) nop
core   0: 3 0x80009648 (0x00000013)
core   0: 0x8000964c (0x5e3c4393) xori    t2, s8, 1507
core   0: 3 0x8000964c (0x5e3c4393) x 7 0xeb1e5db0
core   0: 0x80009650 (0x01885633) srl     a2, a6, s8
core   0: 3 0x80009650 (0x01885633) x12 0x00001000
core   0: 0x80009654 (0x037529b3) mulhsu  s3, a0, s7
core   0: 3 0x80009654 (0x037529b3) x19 0xc858c002
core   0: 0x80009658 (0x03e74f33) div     t5, a4, t5
core   0: 3 0x80009658 (0x03e74f33) x30 0x00000000
core   0: 0x8000965c (0x0283f5b3) remu    a1, t2, s0
core   0: 3 0x8000965c (0x0283f5b3) x11 0x0000055d
core   0: 0x80009660 (0x41605ab3) sra     s5, zero, s6
core   0: 3 0x80009660 (0x41605ab3) x21 0x00000000
core   0: 0x80009664 (0x02ea95b3) mulh    a1, s5, a4
core   0: 3 0x80009664 (0x02ea95b3) x11 0x00000000
core   0: 0x80009668 (0x0243d8b3) divu    a7, t2, tp
core   0: 3 0x80009668 (0x0243d8b3) x17 0x00000002
core   0: 0x8000966c (0x0362bb33) mulhu   s6, t0, s6
core   0: 3 0x8000966c (0x0362bb33) x22 0x00000000
core   0: 0x80009670 (0x0368b1b3) mulhu   gp, a7, s6
core   0: 3 0x80009670 (0x0368b1b3) x 3 0x00000000
core   0: 0x80009674 (0x40ea5c13) srai    s8, s4, 14
core   0: 3 0x80009674 (0x40ea5c13) x24 0xfffeeb62
core   0: 0x80009678 (0x02f370b3) remu    ra, t1, a5
core   0: 3 0x80009678 (0x02f370b3) x 1 0x00000000
core   0: 0x8000967c (0x001dfeb3) and     t4, s11, ra
core   0: 3 0x8000967c (0x001dfeb3) x29 0x00000000
core   0: 0x80009680 (0x41e5df13) srai    t5, a1, 30
core   0: 3 0x80009680 (0x41e5df13) x30 0x00000000
core   0: 0x80009684 (0x01524bb3) xor     s7, tp, s5
core   0: 3 0x80009684 (0x01524bb3) x23 0x542f2163
core   0: 0x80009688 (0x02a60233) mul     tp, a2, a0
core   0: 3 0x80009688 (0x02a60233) x 4 0x8c000000
core   0: 0x8000968c (0x02c19633) mulh    a2, gp, a2
core   0: 3 0x8000968c (0x02c19633) x12 0x00000000
core   0: 0x80009690 (0x013a42b3) xor     t0, s4, s3
core   0: 3 0x80009690 (0x013a42b3) x 5 0x72807c87
core   0: 0x80009694 (0x03531c33) mulh    s8, t1, s5
core   0: 3 0x80009694 (0x03531c33) x24 0x00000000
core   0: 0x80009698 (0x0347ccb3) div     s9, a5, s4
core   0: 3 0x80009698 (0x0347ccb3) x25 0x00000000
core   0: 0x8000969c (0x41775593) srai    a1, a4, 23
core   0: 3 0x8000969c (0x41775593) x11 0x00000000
core   0: 0x800096a0 (0x01fa85b3) add     a1, s5, t6
core   0: 3 0x800096a0 (0x01fa85b3) x11 0x00000001
core   0: 0x800096a4 (0x4c28cc93) xori    s9, a7, 1218
core   0: 3 0x800096a4 (0x4c28cc93) x25 0x000004c0
core   0: 0x800096a8 (0x1ea38b13) addi    s6, t2, 490
core   0: 3 0x800096a8 (0x1ea38b13) x22 0xeb1e5f9a
core   0: 0x800096ac (0x0106fe33) and     t3, a3, a6
core   0: 3 0x800096ac (0x0106fe33) x28 0x00000000
core   0: 0x800096b0 (0x001ad993) srli    s3, s5, 1
core   0: 3 0x800096b0 (0x001ad993) x19 0x00000000
core   0: 0x800096b4 (0x02c6fdb3) remu    s11, a3, a2
core   0: 3 0x800096b4 (0x02c6fdb3) x27 0x00000000
core   0: 0x800096b8 (0x016cc8b3) xor     a7, s9, s6
core   0: 3 0x800096b8 (0x016cc8b3) x17 0xeb1e5b5a
core   0: 0x800096bc (0x406a0fb3) sub     t6, s4, t1
core   0: 3 0x800096bc (0x406a0fb3) x31 0xbad8beae
core   0: 0x800096c0 (0xaf26a893) slti    a7, a3, -1294
core   0: 3 0x800096c0 (0xaf26a893) x17 0x00000000
core   0: 0x800096c4 (0x0156d113) srli    sp, a3, 21
core   0: 3 0x800096c4 (0x0156d113) x 2 0x00000000
core   0: 0x800096c8 (0xfa49bb97) auipc   s7, 0xfa49b
core   0: 3 0x800096c8 (0xfa49bb97) x23 0x7a4a46c8
core   0: 0x800096cc (0x035d08b3) mul     a7, s10, s5
core   0: 3 0x800096cc (0x035d08b3) x17 0x00000000
core   0: 0x800096d0 (0x00e17f33) and     t5, sp, a4
core   0: 3 0x800096d0 (0x00e17f33) x30 0x00000000
core   0: 0x800096d4 (0xbe8bfa97) auipc   s5, 0xbe8bf
core   0: 3 0x800096d4 (0xbe8bfa97) x21 0x3e8c86d4
core   0: 0x800096d8 (0x016cdd93) srli    s11, s9, 22
core   0: 3 0x800096d8 (0x016cdd93) x27 0x00000000
core   0: 0x800096dc (0x43ce6013) ori     zero, t3, 1084
core   0: 3 0x800096dc (0x43ce6013)
core   0: 0x800096e0 (0xce92e313) ori     t1, t0, -791
core   0: 3 0x800096e0 (0xce92e313) x 6 0xfffffcef
core   0: 0x800096e4 (0x003000b3) add     ra, zero, gp
core   0: 3 0x800096e4 (0x003000b3) x 1 0x00000000
core   0: 0x800096e8 (0x01321913) slli    s2, tp, 19
core   0: 3 0x800096e8 (0x01321913) x18 0x00000000
core   0: 0x800096ec (0x016dcdb3) xor     s11, s11, s6
core   0: 3 0x800096ec (0x016dcdb3) x27 0xeb1e5f9a
core   0: 0x800096f0 (0x02fb2ab3) mulhsu  s5, s6, a5
core   0: 3 0x800096f0 (0x02fb2ab3) x21 0xffffffff
core   0: 0x800096f4 (0x97283093) sltiu   ra, a6, -1678
core   0: 3 0x800096f4 (0x97283093) x 1 0x00000001
core   0: 0x800096f8 (0x00881ab3) sll     s5, a6, s0
core   0: 3 0x800096f8 (0x00881ab3) x21 0x67200000
core   0: 0x800096fc (0x01a59ab3) sll     s5, a1, s10
core   0: 3 0x800096fc (0x01a59ab3) x21 0x00000001
core   0: 0x80009700 (0x6058ea93) ori     s5, a7, 1541
core   0: 3 0x80009700 (0x6058ea93) x21 0x00000605
core   0: 0x80009704 (0xf2698c93) addi    s9, s3, -218
core   0: 3 0x80009704 (0xf2698c93) x25 0xffffff26
core   0: 0x80009708 (0x01c41913) slli    s2, s0, 28
core   0: 3 0x80009708 (0x01c41913) x18 0x30000000
core   0: 0x8000970c (0x9215fc13) andi    s8, a1, -1759
core   0: 3 0x8000970c (0x9215fc13) x24 0x00000001
core   0: 0x80009710 (0x03d94333) div     t1, s2, t4
core   0: 3 0x80009710 (0x03d94333) x 6 0xffffffff
core   0: 0x80009714 (0x00000013) nop
core   0: 3 0x80009714 (0x00000013)
core   0: 0x80009718 (0x0164ad33) slt     s10, s1, s6
core   0: 3 0x80009718 (0x0164ad33) x26 0x00000001
core   0: 0x8000971c (0x002d32b3) sltu    t0, s10, sp
core   0: 3 0x8000971c (0x002d32b3) x 5 0x00000000
core   0: 0x80009720 (0x401d5933) sra     s2, s10, ra
core   0: 3 0x80009720 (0x401d5933) x18 0x00000000
core   0: 0x80009724 (0x4155dc13) srai    s8, a1, 21
core   0: 3 0x80009724 (0x4155dc13) x24 0x00000000
core   0: 0x80009728 (0x8d110b13) addi    s6, sp, -1839
core   0: 3 0x80009728 (0x8d110b13) x22 0xfffff8d1
core   0: 0x8000972c (0xf7454537) lui     a0, 0xf7454
core   0: 3 0x8000972c (0xf7454537) x10 0xf7454000
core   0: 0x80009730 (0x406689b3) sub     s3, a3, t1
core   0: 3 0x80009730 (0x406689b3) x19 0x00000001
core   0: 0x80009734 (0x40f98b33) sub     s6, s3, a5
core   0: 3 0x80009734 (0x40f98b33) x22 0x00000000
core   0: 0x80009738 (0x039885b3) mul     a1, a7, s9
core   0: 3 0x80009738 (0x039885b3) x11 0x00000000
core   0: 0x8000973c (0x024c3533) mulhu   a0, s8, tp
core   0: 3 0x8000973c (0x024c3533) x10 0x00000000
core   0: 0x80009740 (0x02a015b3) mulh    a1, zero, a0
core   0: 3 0x80009740 (0x02a015b3) x11 0x00000000
core   0: 0x80009744 (0xdafb0293) addi    t0, s6, -593
core   0: 3 0x80009744 (0xdafb0293) x 5 0xfffffdaf
core   0: 0x80009748 (0x404f8433) sub     s0, t6, tp
core   0: 3 0x80009748 (0x404f8433) x 8 0x2ed8beae
core   0: 0x8000974c (0x21f2ab13) slti    s6, t0, 543
core   0: 3 0x8000974c (0x21f2ab13) x22 0x00000001
core   0: 0x80009750 (0x014620b3) slt     ra, a2, s4
core   0: 3 0x80009750 (0x014620b3) x 1 0x00000000
core   0: 0x80009754 (0x00eaf3b3) and     t2, s5, a4
core   0: 3 0x80009754 (0x00eaf3b3) x 7 0x00000001
core   0: 0x80009758 (0x41918e33) sub     t3, gp, s9
core   0: 3 0x80009758 (0x41918e33) x28 0x000000da
core   0: 0x8000975c (0x03ecf7b3) remu    a5, s9, t5
core   0: 3 0x8000975c (0x03ecf7b3) x15 0xffffff26
core   0: 0x80009760 (0x413c8bb3) sub     s7, s9, s3
core   0: 3 0x80009760 (0x413c8bb3) x23 0xffffff25
core   0: 0x80009764 (0x9ae856b7) lui     a3, 0x9ae85
core   0: 3 0x80009764 (0x9ae856b7) x13 0x9ae85000
core   0: 0x80009768 (0x00e45d93) srli    s11, s0, 14
core   0: 3 0x80009768 (0x00e45d93) x27 0x0000bb62
core   0: 0x8000976c (0x414b8033) sub     zero, s7, s4
core   0: 3 0x8000976c (0x414b8033)
core   0: 0x80009770 (0x6a2d6513) ori     a0, s10, 1698
core   0: 3 0x80009770 (0x6a2d6513) x10 0x000006a3
core   0: 0x80009774 (0x02af4033) div     zero, t5, a0
core   0: 3 0x80009774 (0x02af4033)
core   0: 0x80009778 (0x01d79d93) slli    s11, a5, 29
core   0: 3 0x80009778 (0x01d79d93) x27 0xc0000000
core   0: 0x8000977c (0xebb87c93) andi    s9, a6, -325
core   0: 3 0x8000977c (0xebb87c93) x25 0x80018ca0
core   0: 0x80009780 (0x01adce33) xor     t3, s11, s10
core   0: 3 0x80009780 (0x01adce33) x28 0xc0000001
core   0: 0x80009784 (0x02fe48b3) div     a7, t3, a5
core   0: 3 0x80009784 (0x02fe48b3) x17 0x004b27ed
core   0: 0x80009788 (0x7a489c37) lui     s8, 0x7a489
core   0: 3 0x80009788 (0x7a489c37) x24 0x7a489000
core   0: 0x8000978c (0x02d999b3) mulh    s3, s3, a3
core   0: 3 0x8000978c (0x02d999b3) x19 0xffffffff
core   0: 0x80009790 (0x41375f33) sra     t5, a4, s3
core   0: 3 0x80009790 (0x41375f33) x30 0x00000000
core   0: 0x80009794 (0x03c95b33) divu    s6, s2, t3
core   0: 3 0x80009794 (0x03c95b33) x22 0x00000000
core   0: 0x80009798 (0x01a15633) srl     a2, sp, s10
core   0: 3 0x80009798 (0x01a15633) x12 0x00000000
core   0: 0x8000979c (0xbfad3693) sltiu   a3, s10, -1030
core   0: 3 0x8000979c (0xbfad3693) x13 0x00000001
core   0: 0x800097a0 (0xb0033993) sltiu   s3, t1, -1280
core   0: 3 0x800097a0 (0xb0033993) x19 0x00000000
core   0: 0x800097a4 (0x6fa3b413) sltiu   s0, t2, 1786
core   0: 3 0x800097a4 (0x6fa3b413) x 8 0x00000001
core   0: 0x800097a8 (0x036b1db3) mulh    s11, s6, s6
core   0: 3 0x800097a8 (0x036b1db3) x27 0x00000000
core   0: 0x800097ac (0x03cf6533) rem     a0, t5, t3
core   0: 3 0x800097ac (0x03cf6533) x10 0x00000000
core   0: 0x800097b0 (0x00000013) nop
core   0: 3 0x800097b0 (0x00000013)
core   0: 0x800097b4 (0x00e41913) slli    s2, s0, 14
core   0: 3 0x800097b4 (0x00e41913) x18 0x00004000
core   0: 0x800097b8 (0x00000013) nop
core   0: 3 0x800097b8 (0x00000013)
core   0: 0x800097bc (0x01c01a93) slli    s5, zero, 28
core   0: 3 0x800097bc (0x01c01a93) x21 0x00000000
core   0: 0x800097c0 (0xa17b4793) xori    a5, s6, -1513
core   0: 3 0x800097c0 (0xa17b4793) x15 0xfffffa17
core   0: 0x800097c4 (0x12cfbe13) sltiu   t3, t6, 300
core   0: 3 0x800097c4 (0x12cfbe13) x28 0x00000000
core   0: 0x800097c8 (0x0255fcb3) remu    s9, a1, t0
core   0: 3 0x800097c8 (0x0255fcb3) x25 0x00000000
core   0: 0x800097cc (0x0362b2b3) mulhu   t0, t0, s6
core   0: 3 0x800097cc (0x0362b2b3) x 5 0x00000000
core   0: 0x800097d0 (0x014043b3) xor     t2, zero, s4
core   0: 3 0x800097d0 (0x014043b3) x 7 0xbad8bc85
core   0: 0x800097d4 (0x010ed8b3) srl     a7, t4, a6
core   0: 3 0x800097d4 (0x010ed8b3) x17 0x00000000
core   0: 0x800097d8 (0x00babf33) sltu    t5, s5, a1
core   0: 3 0x800097d8 (0x00babf33) x30 0x00000000
core   0: 0x800097dc (0x025428b3) mulhsu  a7, s0, t0
core   0: 3 0x800097dc (0x025428b3) x17 0x00000000
core   0: 0x800097e0 (0x018529b3) slt     s3, a0, s8
core   0: 3 0x800097e0 (0x018529b3) x19 0x00000001
core   0: 0x800097e4 (0x01283133) sltu    sp, a6, s2
core   0: 3 0x800097e4 (0x01283133) x 2 0x00000000
core   0: 0x800097e8 (0x031b61b3) rem     gp, s6, a7
core   0: 3 0x800097e8 (0x031b61b3) x 3 0x00000000
core   0: 0x800097ec (0xfd5ea713) slti    a4, t4, -43
core   0: 3 0x800097ec (0xfd5ea713) x14 0x00000000
core   0: 0x800097f0 (0x13d18093) addi    ra, gp, 317
core   0: 3 0x800097f0 (0x13d18093) x 1 0x0000013d
core   0: 0x800097f4 (0x03f422b3) mulhsu  t0, s0, t6
core   0: 3 0x800097f4 (0x03f422b3) x 5 0x00000000
core   0: 0x800097f8 (0x41b8dfb3) sra     t6, a7, s11
core   0: 3 0x800097f8 (0x41b8dfb3) x31 0x00000000
core   0: 0x800097fc (0x03dcb6b3) mulhu   a3, s9, t4
core   0: 3 0x800097fc (0x03dcb6b3) x13 0x00000000
core   0: 0x80009800 (0x03c67633) remu    a2, a2, t3
core   0: 3 0x80009800 (0x03c67633) x12 0x00000000
core   0: 0x80009804 (0x00fcbb33) sltu    s6, s9, a5
core   0: 3 0x80009804 (0x00fcbb33) x22 0x00000001
core   0: 0x80009808 (0x03156433) rem     s0, a0, a7
core   0: 3 0x80009808 (0x03156433) x 8 0x00000000
core   0: 0x8000980c (0x02142333) mulhsu  t1, s0, ra
core   0: 3 0x8000980c (0x02142333) x 6 0x00000000
core   0: 0x80009810 (0x41ca5213) srai    tp, s4, 28
core   0: 3 0x80009810 (0x41ca5213) x 4 0xfffffffb
core   0: 0x80009814 (0x4d4c46b7) lui     a3, 0x4d4c4
core   0: 3 0x80009814 (0x4d4c46b7) x13 0x4d4c4000
core   0: 0x80009818 (0x9a113713) sltiu   a4, sp, -1631
core   0: 3 0x80009818 (0x9a113713) x14 0x00000001
core   0: 0x8000981c (0x032835b3) mulhu   a1, a6, s2
core   0: 3 0x8000981c (0x032835b3) x11 0x00002000
core   0: 0x80009820 (0x009a53b3) srl     t2, s4, s1
core   0: 3 0x80009820 (0x009a53b3) x 7 0x0bad8bc8
core   0: 0x80009824 (0x41220cb3) sub     s9, tp, s2
core   0: 3 0x80009824 (0x41220cb3) x25 0xffffbffb
core   0: 0x80009828 (0x02865633) divu    a2, a2, s0
core   0: 3 0x80009828 (0x02865633) x12 0xffffffff
core   0: 0x8000982c (0x00000013) nop
core   0: 3 0x8000982c (0x00000013)
core   0: 0x80009830 (0x03667db3) remu    s11, a2, s6
core   0: 3 0x80009830 (0x03667db3) x27 0x00000000
core   0: 0x80009834 (0x0222fab3) remu    s5, t0, sp
core   0: 3 0x80009834 (0x0222fab3) x21 0x00000000
core   0: 0x80009838 (0xf03d3f13) sltiu   t5, s10, -253
core   0: 3 0x80009838 (0xf03d3f13) x30 0x00000001
core   0: 0x8000983c (0x0324a733) mulhsu  a4, s1, s2
core   0: 3 0x8000983c (0x0324a733) x14 0xffffe000
core   0: 0x80009840 (0x003a5e13) srli    t3, s4, 3
core   0: 3 0x80009840 (0x003a5e13) x28 0x175b1790
core   0: 0x80009844 (0x004c2fb3) slt     t6, s8, tp
core   0: 3 0x80009844 (0x004c2fb3) x31 0x00000000
core   0: 0x80009848 (0x01d16b33) or      s6, sp, t4
core   0: 3 0x80009848 (0x01d16b33) x22 0x00000000
core   0: 0x8000984c (0x89e12cb7) lui     s9, 0x89e12
core   0: 3 0x8000984c (0x89e12cb7) x25 0x89e12000
core   0: 0x80009850 (0x03579d33) mulh    s10, a5, s5
core   0: 3 0x80009850 (0x03579d33) x26 0x00000000
core   0: 0x80009854 (0x01769433) sll     s0, a3, s7
core   0: 3 0x80009854 (0x01769433) x 8 0xa9880000
core   0: 0x80009858 (0x00000013) nop
core   0: 3 0x80009858 (0x00000013)
core   0: 0x8000985c (0x0171fe33) and     t3, gp, s7
core   0: 3 0x8000985c (0x0171fe33) x28 0x00000000
core   0: 0x80009860 (0x41ef01b3) sub     gp, t5, t5
core   0: 3 0x80009860 (0x41ef01b3) x 3 0x00000000
core   0: 0x80009864 (0x0401cc93) xori    s9, gp, 64
core   0: 3 0x80009864 (0x0401cc93) x25 0x00000040
core   0: 0x80009868 (0x01ada933) slt     s2, s11, s10
core   0: 3 0x80009868 (0x01ada933) x18 0x00000000
core   0: 0x8000986c (0x925da113) slti    sp, s11, -1755
core   0: 3 0x8000986c (0x925da113) x 2 0x00000000
core   0: 0x80009870 (0x03dfc633) div     a2, t6, t4
core   0: 3 0x80009870 (0x03dfc633) x12 0xffffffff
core   0: 0x80009874 (0x03917eb3) remu    t4, sp, s9
core   0: 3 0x80009874 (0x03917eb3) x29 0x00000000
core   0: 0x80009878 (0xc2812193) slti    gp, sp, -984
core   0: 3 0x80009878 (0xc2812193) x 3 0x00000000
core   0: 0x8000987c (0x01fd0133) add     sp, s10, t6
core   0: 3 0x8000987c (0x01fd0133) x 2 0x00000000
core   0: 0x80009880 (0x00000013) nop
core   0: 3 0x80009880 (0x00000013)
core   0: 0x80009884 (0x01c165b3) or      a1, sp, t3
core   0: 3 0x80009884 (0x01c165b3) x11 0x00000000
core   0: 0x80009888 (0x0304acb3) mulhsu  s9, s1, a6
core   0: 3 0x80009888 (0x0304acb3) x25 0xbfffe0c2
core   0: 0x8000988c (0x40cd5e33) sra     t3, s10, a2
core   0: 3 0x8000988c (0x40cd5e33) x28 0x00000000
core   0: 0x80009890 (0x038ace33) div     t3, s5, s8
core   0: 3 0x80009890 (0x038ace33) x28 0x00000000
core   0: 0x80009894 (0x038c9e33) mulh    t3, s9, s8
core   0: 3 0x80009894 (0x038c9e33) x28 0xe16dcd13
core   0: 0x80009898 (0xf3533393) sltiu   t2, t1, -203
core   0: 3 0x80009898 (0xf3533393) x 7 0x00000001
core   0: 0x8000989c (0x000ebf33) sltu    t5, t4, zero
core   0: 3 0x8000989c (0x000ebf33) x30 0x00000000
core   0: 0x800098a0 (0x020b6033) rem     zero, s6, zero
core   0: 3 0x800098a0 (0x020b6033)
core   0: 0x800098a4 (0x01a7f933) and     s2, a5, s10
core   0: 3 0x800098a4 (0x01a7f933) x18 0x00000000
core   0: 0x800098a8 (0x3923f513) andi    a0, t2, 914
core   0: 3 0x800098a8 (0x3923f513) x10 0x00000000
core   0: 0x800098ac (0x7e41f193) andi    gp, gp, 2020
core   0: 3 0x800098ac (0x7e41f193) x 3 0x00000000
core   0: 0x800098b0 (0x01f9b933) sltu    s2, s3, t6
core   0: 3 0x800098b0 (0x01f9b933) x18 0x00000000
core   0: 0x800098b4 (0x9f507f13) andi    t5, zero, -1547
core   0: 3 0x800098b4 (0x9f507f13) x30 0x00000000
core   0: 0x800098b8 (0x00a16f33) or      t5, sp, a0
core   0: 3 0x800098b8 (0x00a16f33) x30 0x00000000
core   0: 0x800098bc (0x03c0eeb3) rem     t4, ra, t3
core   0: 3 0x800098bc (0x03c0eeb3) x29 0x0000013d
core   0: 0x800098c0 (0x03916cb3) rem     s9, sp, s9
core   0: 3 0x800098c0 (0x03916cb3) x25 0x00000000
core   0: 0x800098c4 (0x9187f617) auipc   a2, 0x9187f
core   0: 3 0x800098c4 (0x9187f617) x12 0x118888c4
core   0: 0x800098c8 (0x34a7cc97) auipc   s9, 0x34a7c
core   0: 3 0x800098c8 (0x34a7cc97) x25 0xb4a858c8
core   0: 0x800098cc (0xbbd58793) addi    a5, a1, -1091
core   0: 3 0x800098cc (0xbbd58793) x15 0xfffffbbd
core   0: 0x800098d0 (0x4aaead13) slti    s10, t4, 1194
core   0: 3 0x800098d0 (0x4aaead13) x26 0x00000001
core   0: 0x800098d4 (0x8f40c193) xori    gp, ra, -1804
core   0: 3 0x800098d4 (0x8f40c193) x 3 0xfffff9c9
core   0: 0x800098d8 (0x011c1013) slli    zero, s8, 17
core   0: 3 0x800098d8 (0x011c1013)
core   0: 0x800098dc (0x0156dbb3) srl     s7, a3, s5
core   0: 3 0x800098dc (0x0156dbb3) x23 0x4d4c4000
core   0: 0x800098e0 (0x65984113) xori    sp, a6, 1625
core   0: 3 0x800098e0 (0x65984113) x 2 0x80018abd
core   0: 0x800098e4 (0x1ca9cb13) xori    s6, s3, 458
core   0: 3 0x800098e4 (0x1ca9cb13) x22 0x000001cb
core   0: 0x800098e8 (0x00000013) nop
core   0: 3 0x800098e8 (0x00000013)
core   0: 0x800098ec (0x001a7fb3) and     t6, s4, ra
core   0: 3 0x800098ec (0x001a7fb3) x31 0x00000005
core   0: 0x800098f0 (0x01a40eb3) add     t4, s0, s10
core   0: 3 0x800098f0 (0x01a40eb3) x29 0xa9880001
core   0: 0x800098f4 (0x96304313) xori    t1, zero, -1693
core   0: 3 0x800098f4 (0x96304313) x 6 0xfffff963
core   0: 0x800098f8 (0x16c4ad93) slti    s11, s1, 364
core   0: 3 0x800098f8 (0x16c4ad93) x27 0x00000001
core   0: 0x800098fc (0x04d00b13) li      s6, 77
core   0: 3 0x800098fc (0x04d00b13) x22 0x0000004d
core   0: 0x80009900 (0x02434e33) div     t3, t1, tp
core   0: 3 0x80009900 (0x02434e33) x28 0x00000152
core   0: 0x80009904 (0x00331c13) slli    s8, t1, 3
core   0: 3 0x80009904 (0x00331c13) x24 0xffffcb18
core   0: 0x80009908 (0x67b22413) slti    s0, tp, 1659
core   0: 3 0x80009908 (0x67b22413) x 8 0x00000001
core   0: 0x8000990c (0xe11c5c97) auipc   s9, 0xe11c5
core   0: 3 0x8000990c (0xe11c5c97) x25 0x611ce90c
core   0: 0x80009910 (0x0132c333) xor     t1, t0, s3
core   0: 3 0x80009910 (0x0132c333) x 6 0x00000001
core   0: 0x80009914 (0x0340dc33) divu    s8, ra, s4
core   0: 3 0x80009914 (0x0340dc33) x24 0x00000000
core   0: 0x80009918 (0xad592a93) slti    s5, s2, -1323
core   0: 3 0x80009918 (0xad592a93) x21 0x00000000
core   0: 0x8000991c (0x40bb0e33) sub     t3, s6, a1
core   0: 3 0x8000991c (0x40bb0e33) x28 0x0000004d
core   0: 0x80009920 (0x401355b3) sra     a1, t1, ra
core   0: 3 0x80009920 (0x401355b3) x11 0x00000000
core   0: 0x80009924 (0x356c78b7) lui     a7, 0x356c7
core   0: 3 0x80009924 (0x356c78b7) x17 0x356c7000
core   0: 0x80009928 (0x6453d317) auipc   t1, 0x6453d
core   0: 3 0x80009928 (0x6453d317) x 6 0xe4546928
core   0: 0x8000992c (0xb52ba513) slti    a0, s7, -1198
core   0: 3 0x8000992c (0xb52ba513) x10 0x00000000
core   0: 0x80009930 (0x033d46b3) div     a3, s10, s3
core   0: 3 0x80009930 (0x033d46b3) x13 0x00000001
core   0: 0x80009934 (0x02de8e33) mul     t3, t4, a3
core   0: 3 0x80009934 (0x02de8e33) x28 0xa9880001
core   0: 0x80009938 (0x40408c33) sub     s8, ra, tp
core   0: 3 0x80009938 (0x40408c33) x24 0x00000142
core   0: 0x8000993c (0x032d8fb3) mul     t6, s11, s2
core   0: 3 0x8000993c (0x032d8fb3) x31 0x00000000
core   0: 0x80009940 (0x41f85d93) srai    s11, a6, 31
core   0: 3 0x80009940 (0x41f85d93) x27 0xffffffff
core   0: 0x80009944 (0x02f4c6b3) div     a3, s1, a5
core   0: 3 0x80009944 (0x02f4c6b3) x13 0x001e089c
core   0: 0x80009948 (0x00049333) sll     t1, s1, zero
core   0: 3 0x80009948 (0x00049333) x 6 0x80014e64
core   0: 0x8000994c (0x02cd0bb3) mul     s7, s10, a2
core   0: 3 0x8000994c (0x02cd0bb3) x23 0x118888c4
core   0: 0x80009950 (0x0076ab33) slt     s6, a3, t2
core   0: 3 0x80009950 (0x0076ab33) x22 0x00000000
core   0: 0x80009954 (0x6f7ab013) sltiu   zero, s5, 1783
core   0: 3 0x80009954 (0x6f7ab013)
core   0: 0x80009958 (0x40bb82b3) sub     t0, s7, a1
core   0: 3 0x80009958 (0x40bb82b3) x 5 0x118888c4
core   0: 0x8000995c (0x032b8133) mul     sp, s7, s2
core   0: 3 0x8000995c (0x032b8133) x 2 0x00000000
core   0: 0x80009960 (0x017b5713) srli    a4, s6, 23
core   0: 3 0x80009960 (0x017b5713) x14 0x00000000
core   0: 0x80009964 (0x02e7f233) remu    tp, a5, a4
core   0: 3 0x80009964 (0x02e7f233) x 4 0xfffffbbd
core   0: 0x80009968 (0x020f68b3) rem     a7, t5, zero
core   0: 3 0x80009968 (0x020f68b3) x17 0x00000000
core   0: 0x8000996c (0x00275c33) srl     s8, a4, sp
core   0: 3 0x8000996c (0x00275c33) x24 0x00000000
core   0: 0x80009970 (0x02f17933) remu    s2, sp, a5
core   0: 3 0x80009970 (0x02f17933) x18 0x00000000
core   0: 0x80009974 (0x03cc7ab3) remu    s5, s8, t3
core   0: 3 0x80009974 (0x03cc7ab3) x21 0x00000000
core   0: 0x80009978 (0x03b01fb3) mulh    t6, zero, s11
core   0: 3 0x80009978 (0x03b01fb3) x31 0x00000000
core   0: 0x8000997c (0x03b966b3) rem     a3, s2, s11
core   0: 3 0x8000997c (0x03b966b3) x13 0x00000000
core   0: 0x80009980 (0x028198b3) mulh    a7, gp, s0
core   0: 3 0x80009980 (0x028198b3) x17 0xffffffff
core   0: 0x80009984 (0x02001e33) mulh    t3, zero, zero
core   0: 3 0x80009984 (0x02001e33) x28 0x00000000
core   0: 0x80009988 (0x02c8be33) mulhu   t3, a7, a2
core   0: 3 0x80009988 (0x02c8be33) x28 0x118888c3
core   0: 0x8000998c (0x001c28b3) slt     a7, s8, ra
core   0: 3 0x8000998c (0x001c28b3) x17 0x00000001
core   0: 0x80009990 (0x4ef77f13) andi    t5, a4, 1263
core   0: 3 0x80009990 (0x4ef77f13) x30 0x00000000
core   0: 0x80009994 (0x2c94b113) sltiu   sp, s1, 713
core   0: 3 0x80009994 (0x2c94b113) x 2 0x00000000
core   0: 0x80009998 (0x02b33733) mulhu   a4, t1, a1
core   0: 3 0x80009998 (0x02b33733) x14 0x00000000
core   0: 0x8000999c (0x41145b33) sra     s6, s0, a7
core   0: 3 0x8000999c (0x41145b33) x22 0x00000000
core   0: 0x800099a0 (0xa8cbf793) andi    a5, s7, -1396
core   0: 3 0x800099a0 (0xa8cbf793) x15 0x11888884
core   0: 0x800099a4 (0x02193733) mulhu   a4, s2, ra
core   0: 3 0x800099a4 (0x02193733) x14 0x00000000
core   0: 0x800099a8 (0x03becb33) div     s6, t4, s11
core   0: 3 0x800099a8 (0x03becb33) x22 0x5677ffff
core   0: 0x800099ac (0x61722593) slti    a1, tp, 1559
core   0: 3 0x800099ac (0x61722593) x11 0x00000001
core   0: 0x800099b0 (0x2b40a793) slti    a5, ra, 692
core   0: 3 0x800099b0 (0x2b40a793) x15 0x00000001
core   0: 0x800099b4 (0x291f8093) addi    ra, t6, 657
core   0: 3 0x800099b4 (0x291f8093) x 1 0x00000291
core   0: 0x800099b8 (0xb20f6137) lui     sp, 0xb20f6
core   0: 3 0x800099b8 (0xb20f6137) x 2 0xb20f6000
core   0: 0x800099bc (0x0a96b793) sltiu   a5, a3, 169
core   0: 3 0x800099bc (0x0a96b793) x15 0x00000001
core   0: 0x800099c0 (0x75da6313) ori     t1, s4, 1885
core   0: 3 0x800099c0 (0x75da6313) x 6 0xbad8bfdd
core   0: 0x800099c4 (0x53681f97) auipc   t6, 0x53681
core   0: 3 0x800099c4 (0x53681f97) x31 0xd368a9c4
core   0: 0x800099c8 (0x69c38093) addi    ra, t2, 1692
core   0: 3 0x800099c8 (0x69c38093) x 1 0x0000069d
core   0: 0x800099cc (0x00c7c733) xor     a4, a5, a2
core   0: 3 0x800099cc (0x00c7c733) x14 0x118888c5
core   0: 0x800099d0 (0x00000013) nop
core   0: 3 0x800099d0 (0x00000013)
core   0: 0x800099d4 (0xc6702513) slti    a0, zero, -921
core   0: 3 0x800099d4 (0xc6702513) x10 0x00000000
core   0: 0x800099d8 (0x0104c633) xor     a2, s1, a6
core   0: 3 0x800099d8 (0x0104c633) x12 0x0000c280
core   0: 0x800099dc (0x41d40eb3) sub     t4, s0, t4
core   0: 3 0x800099dc (0x41d40eb3) x29 0x56780000
core   0: 0x800099e0 (0xcefcec13) ori     s8, s9, -785
core   0: 3 0x800099e0 (0xcefcec13) x24 0xfffffdef
core   0: 0x800099e4 (0x02255ab3) divu    s5, a0, sp
core   0: 3 0x800099e4 (0x02255ab3) x21 0x00000000
core   0: 0x800099e8 (0x03e8c0b3) div     ra, a7, t5
core   0: 3 0x800099e8 (0x03e8c0b3) x 1 0xffffffff
core   0: 0x800099ec (0x40d1d393) srai    t2, gp, 13
core   0: 3 0x800099ec (0x40d1d393) x 7 0xffffffff
core   0: 0x800099f0 (0x41b85693) srai    a3, a6, 27
core   0: 3 0x800099f0 (0x41b85693) x13 0xfffffff0
core   0: 0x800099f4 (0x412cd3b3) sra     t2, s9, s2
core   0: 3 0x800099f4 (0x412cd3b3) x 7 0x611ce90c
core   0: 0x800099f8 (0x01070b33) add     s6, a4, a6
core   0: 3 0x800099f8 (0x01070b33) x22 0x918a15a9
core   0: 0x800099fc (0x0160e133) or      sp, ra, s6
core   0: 3 0x800099fc (0x0160e133) x 2 0xffffffff
core   0: 0x80009a00 (0x58d4be13) sltiu   t3, s1, 1421
core   0: 3 0x80009a00 (0x58d4be13) x28 0x00000000
core   0: 0x80009a04 (0xb5dceb13) ori     s6, s9, -1187
core   0: 3 0x80009a04 (0xb5dceb13) x22 0xfffffb5d
core   0: 0x80009a08 (0x00c73e33) sltu    t3, a4, a2
core   0: 3 0x80009a08 (0x00c73e33) x28 0x00000000
core   0: 0x80009a0c (0x0070e8b3) or      a7, ra, t2
core   0: 3 0x80009a0c (0x0070e8b3) x17 0xffffffff
core   0: 0x80009a10 (0x40bc8c33) sub     s8, s9, a1
core   0: 3 0x80009a10 (0x40bc8c33) x24 0x611ce90b
core   0: 0x80009a14 (0x010acc33) xor     s8, s5, a6
core   0: 3 0x80009a14 (0x010acc33) x24 0x80018ce4
core   0: 0x80009a18 (0x026aa0b3) mulhsu  ra, s5, t1
core   0: 3 0x80009a18 (0x026aa0b3) x 1 0x00000000
core   0: 0x80009a1c (0x00794eb3) xor     t4, s2, t2
core   0: 3 0x80009a1c (0x00794eb3) x29 0x611ce90c
core   0: 0x80009a20 (0x024212b3) mulh    t0, tp, tp
core   0: 3 0x80009a20 (0x024212b3) x 5 0x00000000
core   0: 0x80009a24 (0x01069ab3) sll     s5, a3, a6
core   0: 3 0x80009a24 (0x01069ab3) x21 0xffffff00
core   0: 0x80009a28 (0x02af8b33) mul     s6, t6, a0
core   0: 3 0x80009a28 (0x02af8b33) x22 0x00000000
core   0: 0x80009a2c (0x6269f913) andi    s2, s3, 1574
core   0: 3 0x80009a2c (0x6269f913) x18 0x00000000
core   0: 0x80009a30 (0x01aea033) slt     zero, t4, s10
core   0: 3 0x80009a30 (0x01aea033)
core   0: 0x80009a34 (0x0346b3b3) mulhu   t2, a3, s4
core   0: 3 0x80009a34 (0x0346b3b3) x 7 0xbad8bc79
core   0: 0x80009a38 (0xda55e293) ori     t0, a1, -603
core   0: 3 0x80009a38 (0xda55e293) x 5 0xfffffda5
core   0: 0x80009a3c (0x023f8cb3) mul     s9, t6, gp
core   0: 3 0x80009a3c (0x023f8cb3) x25 0x2088eee4
core   0: 0x80009a40 (0x03f69e33) mulh    t3, a3, t6
core   0: 3 0x80009a40 (0x03f69e33) x28 0x00000002
core   0: 0x80009a44 (0x02f0d433) divu    s0, ra, a5
core   0: 3 0x80009a44 (0x02f0d433) x 8 0x00000000
core   0: 0x80009a48 (0x02328cb3) mul     s9, t0, gp
core   0: 3 0x80009a48 (0x02328cb3) x25 0x000ea38d
core   0: 0x80009a4c (0xa20a2a93) slti    s5, s4, -1504
core   0: 3 0x80009a4c (0xa20a2a93) x21 0x00000001
core   0: 0x80009a50 (0x89dcc013) xori    zero, s9, -1891
core   0: 3 0x80009a50 (0x89dcc013)
core   0: 0x80009a54 (0x4723c413) xori    s0, t2, 1138
core   0: 3 0x80009a54 (0x4723c413) x 8 0xbad8b80b
core   0: 0x80009a58 (0xc3f4f213) andi    tp, s1, -961
core   0: 3 0x80009a58 (0xc3f4f213) x 4 0x80014c24
core   0: 0x80009a5c (0x40d302b3) sub     t0, t1, a3
core   0: 3 0x80009a5c (0x40d302b3) x 5 0xbad8bfed
core   0: 0x80009a60 (0x010ad613) srli    a2, s5, 16
core   0: 3 0x80009a60 (0x010ad613) x12 0x00000000
core   0: 0x80009a64 (0xf1e8e713) ori     a4, a7, -226
core   0: 3 0x80009a64 (0xf1e8e713) x14 0xffffffff
core   0: 0x80009a68 (0xd923f237) lui     tp, 0xd923f
core   0: 3 0x80009a68 (0xd923f237) x 4 0xd923f000
core   0: 0x80009a6c (0x3a732f93) slti    t6, t1, 935
core   0: 3 0x80009a6c (0x3a732f93) x31 0x00000001
core   0: 0x80009a70 (0x00000013) nop
core   0: 3 0x80009a70 (0x00000013)
core   0: 0x80009a74 (0x03bab2b3) mulhu   t0, s5, s11
core   0: 3 0x80009a74 (0x03bab2b3) x 5 0x00000000
core   0: 0x80009a78 (0xd80b4993) xori    s3, s6, -640
core   0: 3 0x80009a78 (0xd80b4993) x19 0xfffffd80
core   0: 0x80009a7c (0x034f9633) mulh    a2, t6, s4
core   0: 3 0x80009a7c (0x034f9633) x12 0xffffffff
core   0: 0x80009a80 (0x00000013) nop
core   0: 3 0x80009a80 (0x00000013)
core   0: 0x80009a84 (0x401d53b3) sra     t2, s10, ra
core   0: 3 0x80009a84 (0x401d53b3) x 7 0x00000001
core   0: 0x80009a88 (0x036312b3) mulh    t0, t1, s6
core   0: 3 0x80009a88 (0x036312b3) x 5 0x00000000
core   0: 0x80009a8c (0xbb4b2393) slti    t2, s6, -1100
core   0: 3 0x80009a8c (0xbb4b2393) x 7 0x00000000
core   0: 0x80009a90 (0x01dd07b3) add     a5, s10, t4
core   0: 3 0x80009a90 (0x01dd07b3) x15 0x611ce90d
core   0: 0x80009a94 (0x02384eb3) div     t4, a6, gp
core   0: 3 0x80009a94 (0x02384eb3) x29 0x00149849
core   0: 0x80009a98 (0x02ce8933) mul     s2, t4, a2
core   0: 3 0x80009a98 (0x02ce8933) x18 0xffeb67b7
core   0: 0x80009a9c (0x01cf17b3) sll     a5, t5, t3
core   0: 3 0x80009a9c (0x01cf17b3) x15 0x00000000
core   0: 0x80009aa0 (0x02730033) mul     zero, t1, t2
core   0: 3 0x80009aa0 (0x02730033)
core   0: 0x80009aa4 (0x440f4b13) xori    s6, t5, 1088
core   0: 3 0x80009aa4 (0x440f4b13) x22 0x00000440
core   0: 0x80009aa8 (0x00e9fab3) and     s5, s3, a4
core   0: 3 0x80009aa8 (0x00e9fab3) x21 0xfffffd80
core   0: 0x80009aac (0x03e1ac33) mulhsu  s8, gp, t5
core   0: 3 0x80009aac (0x03e1ac33) x24 0x00000000
core   0: 0x80009ab0 (0xf4353f13) sltiu   t5, a0, -189
core   0: 3 0x80009ab0 (0xf4353f13) x30 0x00000001
core   0: 0x80009ab4 (0x015f78b3) and     a7, t5, s5
core   0: 3 0x80009ab4 (0x015f78b3) x17 0x00000000
core   0: 0x80009ab8 (0x03cd3933) mulhu   s2, s10, t3
core   0: 3 0x80009ab8 (0x03cd3933) x18 0x00000000
core   0: 0x80009abc (0x417285b3) sub     a1, t0, s7
core   0: 3 0x80009abc (0x417285b3) x11 0xee77773c
core   0: 0x80009ac0 (0x012048b3) xor     a7, zero, s2
core   0: 3 0x80009ac0 (0x012048b3) x17 0x00000000
core   0: 0x80009ac4 (0x9ddd4593) xori    a1, s10, -1571
core   0: 3 0x80009ac4 (0x9ddd4593) x11 0xfffff9dc
core   0: 0x80009ac8 (0x004845b3) xor     a1, a6, tp
core   0: 3 0x80009ac8 (0x004845b3) x11 0x59227ce4
core   0: 0x80009acc (0x4662f193) andi    gp, t0, 1126
core   0: 3 0x80009acc (0x4662f193) x 3 0x00000000
core   0: 0x80009ad0 (0x00ed0633) add     a2, s10, a4
core   0: 3 0x80009ad0 (0x00ed0633) x12 0x00000000
core   0: 0x80009ad4 (0x037c3d33) mulhu   s10, s8, s7
core   0: 3 0x80009ad4 (0x037c3d33) x26 0x00000000
core   0: 0x80009ad8 (0x0315f033) remu    zero, a1, a7
core   0: 3 0x80009ad8 (0x0315f033)
core   0: 0x80009adc (0x03f98533) mul     a0, s3, t6
core   0: 3 0x80009adc (0x03f98533) x10 0xfffffd80
core   0: 0x80009ae0 (0x0271c233) div     tp, gp, t2
core   0: 3 0x80009ae0 (0x0271c233) x 4 0xffffffff
core   0: 0x80009ae4 (0x02dafd33) remu    s10, s5, a3
core   0: 3 0x80009ae4 (0x02dafd33) x26 0xfffffd80
core   0: 0x80009ae8 (0x013a9b13) slli    s6, s5, 19
core   0: 3 0x80009ae8 (0x013a9b13) x22 0xec000000
core   0: 0x80009aec (0x907bc513) xori    a0, s7, -1785
core   0: 3 0x80009aec (0x907bc513) x10 0xee7771c3
core   0: 0x80009af0 (0x017a6cb3) or      s9, s4, s7
core   0: 3 0x80009af0 (0x017a6cb3) x25 0xbbd8bcc5
core   0: 0x80009af4 (0x40cb0d33) sub     s10, s6, a2
core   0: 3 0x80009af4 (0x40cb0d33) x26 0xec000000
core   0: 0x80009af8 (0x5aeb0093) addi    ra, s6, 1454
core   0: 3 0x80009af8 (0x5aeb0093) x 1 0xec0005ae
core   0: 0x80009afc (0x002d85b3) add     a1, s11, sp
core   0: 3 0x80009afc (0x002d85b3) x11 0xfffffffe
core   0: 0x80009b00 (0x0074af33) slt     t5, s1, t2
core   0: 3 0x80009b00 (0x0074af33) x30 0x00000001
core   0: 0x80009b04 (0x01e65d93) srli    s11, a2, 30
core   0: 3 0x80009b04 (0x01e65d93) x27 0x00000000
core   0: 0x80009b08 (0x83ad2d13) slti    s10, s10, -1990
core   0: 3 0x80009b08 (0x83ad2d13) x26 0x00000001
core   0: 0x80009b0c (0x02a5ec33) rem     s8, a1, a0
core   0: 3 0x80009b0c (0x02a5ec33) x24 0xfffffffe
core   0: 0x80009b10 (0x6a188a93) addi    s5, a7, 1697
core   0: 3 0x80009b10 (0x6a188a93) x21 0x000006a1
core   0: 0x80009b14 (0x79056193) ori     gp, a0, 1936
core   0: 3 0x80009b14 (0x79056193) x 3 0xee7777d3
core   0: 0x80009b18 (0x00a32bb3) slt     s7, t1, a0
core   0: 3 0x80009b18 (0x00a32bb3) x23 0x00000001
core   0: 0x80009b1c (0x004561b3) or      gp, a0, tp
core   0: 3 0x80009b1c (0x004561b3) x 3 0xffffffff
core   0: 0x80009b20 (0x861fbb13) sltiu   s6, t6, -1951
core   0: 3 0x80009b20 (0x861fbb13) x22 0x00000001
core   0: 0x80009b24 (0x001dd1b3) srl     gp, s11, ra
core   0: 3 0x80009b24 (0x001dd1b3) x 3 0x00000000
core   0: 0x80009b28 (0x016b1d93) slli    s11, s6, 22
core   0: 3 0x80009b28 (0x016b1d93) x27 0x00400000
core   0: 0x80009b2c (0x226bab13) slti    s6, s7, 550
core   0: 3 0x80009b2c (0x226bab13) x22 0x00000001
core   0: 0x80009b30 (0x03e63bb3) mulhu   s7, a2, t5
core   0: 3 0x80009b30 (0x03e63bb3) x23 0x00000000
core   0: 0x80009b34 (0x022826b3) mulhsu  a3, a6, sp
core   0: 3 0x80009b34 (0x022826b3) x13 0x80018ce4
core   0: 0x80009b38 (0x00dc6133) or      sp, s8, a3
core   0: 3 0x80009b38 (0x00dc6133) x 2 0xfffffffe
core   0: 0x80009b3c (0x40ea0333) sub     t1, s4, a4
core   0: 3 0x80009b3c (0x40ea0333) x 6 0xbad8bc86
core   0: 0x80009b40 (0x01c4edb3) or      s11, s1, t3
core   0: 3 0x80009b40 (0x01c4edb3) x27 0x80014e66
core   0: 0x80009b44 (0x41128fb3) sub     t6, t0, a7
core   0: 3 0x80009b44 (0x41128fb3) x31 0x00000000
core   0: 0x80009b48 (0x026943b3) div     t2, s2, t1
core   0: 3 0x80009b48 (0x026943b3) x 7 0x00000000
core   0: 0x80009b4c (0x01d74233) xor     tp, a4, t4
core   0: 3 0x80009b4c (0x01d74233) x 4 0xffeb67b6
core   0: 0x80009b50 (0x0301c6b3) div     a3, gp, a6
core   0: 3 0x80009b50 (0x0301c6b3) x13 0x00000000
core   0: 0x80009b54 (0x02d8d433) divu    s0, a7, a3
core   0: 3 0x80009b54 (0x02d8d433) x 8 0xffffffff
core   0: 0x80009b58 (0x01a0f8b3) and     a7, ra, s10
core   0: 3 0x80009b58 (0x01a0f8b3) x17 0x00000000
core   0: 0x80009b5c (0x00f402b3) add     t0, s0, a5
core   0: 3 0x80009b5c (0x00f402b3) x 5 0xffffffff
core   0: 0x80009b60 (0x000d4533) xor     a0, s10, zero
core   0: 3 0x80009b60 (0x000d4533) x10 0x00000001
core   0: 0x80009b64 (0xdf1af437) lui     s0, 0xdf1af
core   0: 3 0x80009b64 (0xdf1af437) x 8 0xdf1af000
core   0: 0x80009b68 (0x0399c533) div     a0, s3, s9
core   0: 3 0x80009b68 (0x0399c533) x10 0x00000000
core   0: 0x80009b6c (0x03875533) divu    a0, a4, s8
core   0: 3 0x80009b6c (0x03875533) x10 0x00000001
core   0: 0x80009b70 (0xa5f02613) slti    a2, zero, -1441
core   0: 3 0x80009b70 (0xa5f02613) x12 0x00000000
core   0: 0x80009b74 (0x01c0b7b3) sltu    a5, ra, t3
core   0: 3 0x80009b74 (0x01c0b7b3) x15 0x00000000
core   0: 0x80009b78 (0x01698ab3) add     s5, s3, s6
core   0: 3 0x80009b78 (0x01698ab3) x21 0xfffffd81
core   0: 0x80009b7c (0x00000013) nop
core   0: 3 0x80009b7c (0x00000013)
core   0: 0x80009b80 (0x8549dc97) auipc   s9, 0x8549d
core   0: 3 0x80009b80 (0x8549dc97) x25 0x054a6b80
core   0: 0x80009b84 (0x00000013) nop
core   0: 3 0x80009b84 (0x00000013)
core   0: 0x80009b88 (0x01ef1413) slli    s0, t5, 30
core   0: 3 0x80009b88 (0x01ef1413) x 8 0x40000000
core   0: 0x80009b8c (0x018ff0b3) and     ra, t6, s8
core   0: 3 0x80009b8c (0x018ff0b3) x 1 0x00000000
core   0: 0x80009b90 (0x02c17633) remu    a2, sp, a2
core   0: 3 0x80009b90 (0x02c17633) x12 0xfffffffe
core   0: 0x80009b94 (0x2cc56f93) ori     t6, a0, 716
core   0: 3 0x80009b94 (0x2cc56f93) x31 0x000002cd
core   0: 0x80009b98 (0x8a5dfd93) andi    s11, s11, -1883
core   0: 3 0x80009b98 (0x8a5dfd93) x27 0x80014824
core   0: 0x80009b9c (0xbdf95737) lui     a4, 0xbdf95
core   0: 3 0x80009b9c (0xbdf95737) x14 0xbdf95000
core   0: 0x80009ba0 (0x00000013) nop
core   0: 3 0x80009ba0 (0x00000013)
core   0: 0x80009ba4 (0x006dedb3) or      s11, s11, t1
core   0: 3 0x80009ba4 (0x006dedb3) x27 0xbad9fca6
core   0: 0x80009ba8 (0x03f60c33) mul     s8, a2, t6
core   0: 3 0x80009ba8 (0x03f60c33) x24 0xfffffa66
core   0: 0x80009bac (0xb21dfe93) andi    t4, s11, -1247
core   0: 3 0x80009bac (0xb21dfe93) x29 0xbad9f820
core   0: 0x80009bb0 (0x027cfcb3) remu    s9, s9, t2
core   0: 3 0x80009bb0 (0x027cfcb3) x25 0x054a6b80
core   0: 0x80009bb4 (0x004700b3) add     ra, a4, tp
core   0: 3 0x80009bb4 (0x004700b3) x 1 0xbde4b7b6
core   0: 0x80009bb8 (0x01838bb3) add     s7, t2, s8
core   0: 3 0x80009bb8 (0x01838bb3) x23 0xfffffa66
core   0: 0x80009bbc (0x3058e5b7) lui     a1, 0x3058e
core   0: 3 0x80009bbc (0x3058e5b7) x11 0x3058e000
core   0: 0x80009bc0 (0x008888b3) add     a7, a7, s0
core   0: 3 0x80009bc0 (0x008888b3) x17 0x40000000
core   0: 0x80009bc4 (0x9ab5d637) lui     a2, 0x9ab5d
core   0: 3 0x80009bc4 (0x9ab5d637) x12 0x9ab5d000
core   0: 0x80009bc8 (0x02a5bab3) mulhu   s5, a1, a0
core   0: 3 0x80009bc8 (0x02a5bab3) x21 0x00000000
core   0: 0x80009bcc (0x4d1a7e13) andi    t3, s4, 1233
core   0: 3 0x80009bcc (0x4d1a7e13) x28 0x00000481
core   0: 0x80009bd0 (0x0257bd33) mulhu   s10, a5, t0
core   0: 3 0x80009bd0 (0x0257bd33) x26 0x00000000
core   0: 0x80009bd4 (0x007ed2b3) srl     t0, t4, t2
core   0: 3 0x80009bd4 (0x007ed2b3) x 5 0xbad9f820
core   0: 0x80009bd8 (0x4e0a6313) ori     t1, s4, 1248
core   0: 3 0x80009bd8 (0x4e0a6313) x 6 0xbad8bce5
core   0: 0x80009bdc (0x038a0cb3) mul     s9, s4, s8
core   0: 3 0x80009bdc (0x038a0cb3) x25 0x5deffefe
core   0: 0x80009be0 (0x026311b3) mulh    gp, t1, t1
core   0: 3 0x80009be0 (0x026311b3) x 3 0x12ae3032
core   0: 0x80009be4 (0x02cb5933) divu    s2, s6, a2
core   0: 3 0x80009be4 (0x02cb5933) x18 0x00000000
core   0: 0x80009be8 (0x02b3dfb3) divu    t6, t2, a1
core   0: 3 0x80009be8 (0x02b3dfb3) x31 0x00000000
core   0: 0x80009bec (0x02784333) div     t1, a6, t2
core   0: 3 0x80009bec (0x02784333) x 6 0xffffffff
core   0: 0x80009bf0 (0x02e24cb3) div     s9, tp, a4
core   0: 3 0x80009bf0 (0x02e24cb3) x25 0x00000000
core   0: 0x80009bf4 (0xfb598593) addi    a1, s3, -75
core   0: 3 0x80009bf4 (0xfb598593) x11 0xfffffd35
core   0: 0x80009bf8 (0x02a28333) mul     t1, t0, a0
core   0: 3 0x80009bf8 (0x02a28333) x 6 0xbad9f820
core   0: 0x80009bfc (0xe0fe7793) andi    a5, t3, -497
core   0: 3 0x80009bfc (0xe0fe7793) x15 0x00000401
core   0: 0x80009c00 (0x03bcee33) rem     t3, s9, s11
core   0: 3 0x80009c00 (0x03bcee33) x28 0x00000000
core   0: 0x80009c04 (0xea712b13) slti    s6, sp, -345
core   0: 3 0x80009c04 (0xea712b13) x22 0x00000000
core   0: 0x80009c08 (0x562e8013) addi    zero, t4, 1378
core   0: 3 0x80009c08 (0x562e8013)
core   0: 0x80009c0c (0xa723ad93) slti    s11, t2, -1422
core   0: 3 0x80009c0c (0xa723ad93) x27 0x00000000
core   0: 0x80009c10 (0x004fc533) xor     a0, t6, tp
core   0: 3 0x80009c10 (0x004fc533) x10 0xffeb67b6
core   0: 0x80009c14 (0x00061e33) sll     t3, a2, zero
core   0: 3 0x80009c14 (0x00061e33) x28 0x9ab5d000
core   0: 0x80009c18 (0x00000013) nop
core   0: 3 0x80009c18 (0x00000013)
core   0: 0x80009c1c (0x85210693) addi    a3, sp, -1966
core   0: 3 0x80009c1c (0x85210693) x13 0xfffff850
core   0: 0x80009c20 (0x00c88fb3) add     t6, a7, a2
core   0: 3 0x80009c20 (0x00c88fb3) x31 0xdab5d000
core   0: 0x80009c24 (0xab995c17) auipc   s8, 0xab995
core   0: 3 0x80009c24 (0xab995c17) x24 0x2b99ec24
core   0: 0x80009c28 (0xe01fea93) ori     s5, t6, -511
core   0: 3 0x80009c28 (0xe01fea93) x21 0xfffffe01
core   0: 0x80009c2c (0x0019cbb3) xor     s7, s3, ra
core   0: 3 0x80009c2c (0x0019cbb3) x23 0x421b4a36
core   0: 0x80009c30 (0x8b4f6e13) ori     t3, t5, -1868
core   0: 3 0x80009c30 (0x8b4f6e13) x28 0xfffff8b5
core   0: 0x80009c34 (0x03727b33) remu    s6, tp, s7
core   0: 3 0x80009c34 (0x03727b33) x22 0x39998914
core   0: 0x80009c38 (0x01ea52b3) srl     t0, s4, t5
core   0: 3 0x80009c38 (0x01ea52b3) x 5 0x5d6c5e42
core   0: 0x80009c3c (0x0ff5a893) slti    a7, a1, 255
core   0: 3 0x80009c3c (0x0ff5a893) x17 0x00000001
core   0: 0x80009c40 (0x02bd61b3) rem     gp, s10, a1
core   0: 3 0x80009c40 (0x02bd61b3) x 3 0x00000000
core   0: 0x80009c44 (0x0193c7b3) xor     a5, t2, s9
core   0: 3 0x80009c44 (0x0193c7b3) x15 0x00000000
core   0: 0x80009c48 (0xf2533cb7) lui     s9, 0xf2533
core   0: 3 0x80009c48 (0xf2533cb7) x25 0xf2533000
core   0: 0x80009c4c (0x0046b033) sltu    zero, a3, tp
core   0: 3 0x80009c4c (0x0046b033)
core   0: 0x80009c50 (0x414e5c33) sra     s8, t3, s4
core   0: 3 0x80009c50 (0x414e5c33) x24 0xffffffc5
core   0: 0x80009c54 (0x03fe35b3) mulhu   a1, t3, t6
core   0: 3 0x80009c54 (0x03fe35b3) x11 0xdab5c9c4
core   0: 0x80009c58 (0x0290eab3) rem     s5, ra, s1
core   0: 3 0x80009c58 (0x0290eab3) x21 0xbde4b7b6
core   0: 0x80009c5c (0x0030cf33) xor     t5, ra, gp
core   0: 3 0x80009c5c (0x0030cf33) x30 0xbde4b7b6
core   0: 0x80009c60 (0x40e40b33) sub     s6, s0, a4
core   0: 3 0x80009c60 (0x40e40b33) x22 0x8206b000
core   0: 0x80009c64 (0x4c22b1b7) lui     gp, 0x4c22b
core   0: 3 0x80009c64 (0x4c22b1b7) x 3 0x4c22b000
core   0: 0x80009c68 (0xb87318b7) lui     a7, 0xb8731
core   0: 3 0x80009c68 (0xb87318b7) x17 0xb8731000
core   0: 0x80009c6c (0x03114cb3) div     s9, sp, a7
core   0: 3 0x80009c6c (0x03114cb3) x25 0x00000000
core   0: 0x80009c70 (0x015e9393) slli    t2, t4, 21
core   0: 3 0x80009c70 (0x015e9393) x 7 0x04000000
core   0: 0x80009c74 (0x026aeb33) rem     s6, s5, t1
core   0: 3 0x80009c74 (0x026aeb33) x22 0xbde4b7b6
core   0: 0x80009c78 (0x006a4eb3) xor     t4, s4, t1
core   0: 3 0x80009c78 (0x006a4eb3) x29 0x000144a5
core   0: 0x80009c7c (0xb519ce13) xori    t3, s3, -1199
core   0: 3 0x80009c7c (0xb519ce13) x28 0x000006d1
core   0: 0x80009c80 (0xe09d3613) sltiu   a2, s10, -503
core   0: 3 0x80009c80 (0xe09d3613) x12 0x00000001
core   0: 0x80009c84 (0x1c15e637) lui     a2, 0x1c15e
core   0: 3 0x80009c84 (0x1c15e637) x12 0x1c15e000
core   0: 0x80009c88 (0x000aecb3) or      s9, s5, zero
core   0: 3 0x80009c88 (0x000aecb3) x25 0xbde4b7b6
core   0: 0x80009c8c (0x03c18633) mul     a2, gp, t3
core   0: 3 0x80009c8c (0x03c18633) x12 0xf871b000
core   0: 0x80009c90 (0x01446c33) or      s8, s0, s4
core   0: 3 0x80009c90 (0x01446c33) x24 0xfad8bc85
core   0: 0x80009c94 (0x036b2db3) mulhsu  s11, s6, s6
core   0: 3 0x80009c94 (0x036b2db3) x27 0xcef6cbe4
core   0: 0x80009c98 (0x028b1033) mulh    zero, s6, s0
core   0: 3 0x80009c98 (0x028b1033)
core   0: 0x80009c9c (0x035478b3) remu    a7, s0, s5
core   0: 3 0x80009c9c (0x035478b3) x17 0x40000000
core   0: 0x80009ca0 (0xc2dd0693) addi    a3, s10, -979
core   0: 3 0x80009ca0 (0xc2dd0693) x13 0xfffffc2d
core   0: 0x80009ca4 (0x9e12b117) auipc   sp, 0x9e12b
core   0: 3 0x80009ca4 (0x9e12b117) x 2 0x1e134ca4
core   0: 0x80009ca8 (0x014be633) or      a2, s7, s4
core   0: 3 0x80009ca8 (0x014be633) x12 0xfadbfeb7
core   0: 0x80009cac (0x03bde2b3) rem     t0, s11, s11
core   0: 3 0x80009cac (0x03bde2b3) x 5 0x00000000
core   0: 0x80009cb0 (0x00000013) nop
core   0: 3 0x80009cb0 (0x00000013)
core   0: 0x80009cb4 (0x024808b3) mul     a7, a6, tp
core   0: 3 0x80009cb4 (0x024808b3) x17 0x1215e618
core   0: 0x80009cb8 (0x008d9113) slli    sp, s11, 8
core   0: 3 0x80009cb8 (0x008d9113) x 2 0xf6cbe400
core   0: 0x80009cbc (0x034315b3) mulh    a1, t1, s4
core   0: 3 0x80009cbc (0x034315b3) x11 0x12addb24
core   0: 0x80009cc0 (0x03b378b3) remu    a7, t1, s11
core   0: 3 0x80009cc0 (0x03b378b3) x17 0xbad9f820
core   0: 0x80009cc4 (0x3be5d7b7) lui     a5, 0x3be5d
core   0: 3 0x80009cc4 (0x3be5d7b7) x15 0x3be5d000
core   0: 0x80009cc8 (0x006bafb3) slt     t6, s7, t1
core   0: 3 0x80009cc8 (0x006bafb3) x31 0x00000000
core   0: 0x80009ccc (0x009595b3) sll     a1, a1, s1
core   0: 3 0x80009ccc (0x009595b3) x11 0x2addb240
core   0: 0x80009cd0 (0x02b88c33) mul     s8, a7, a1
core   0: 3 0x80009cd0 (0x02b88c33) x24 0xb8a44800
core   0: 0x80009cd4 (0x00735293) srli    t0, t1, 7
core   0: 3 0x80009cd4 (0x00735293) x 5 0x0175b3f0
core   0: 0x80009cd8 (0x01fc7eb3) and     t4, s8, t6
core   0: 3 0x80009cd8 (0x01fc7eb3) x29 0x00000000
core   0: 0x80009cdc (0x4109d533) sra     a0, s3, a6
core   0: 3 0x80009cdc (0x4109d533) x10 0xffffffd8
core   0: 0x80009ce0 (0x02c507b3) mul     a5, a0, a2
core   0: 3 0x80009ce0 (0x02c507b3) x15 0xcda03368
core   0: 0x80009ce4 (0x003dfdb3) and     s11, s11, gp
core   0: 3 0x80009ce4 (0x003dfdb3) x27 0x4c228000
core   0: 0x80009ce8 (0x8fca4e13) xori    t3, s4, -1796
core   0: 3 0x80009ce8 (0x8fca4e13) x28 0x45274479
core   0: 0x80009cec (0x41990433) sub     s0, s2, s9
core   0: 3 0x80009cec (0x41990433) x 8 0x421b484a
core   0: 0x80009cf0 (0x00e8b0b3) sltu    ra, a7, a4
core   0: 3 0x80009cf0 (0x00e8b0b3) x 1 0x00000001
core   0: 0x80009cf4 (0x2396ae93) slti    t4, a3, 569
core   0: 3 0x80009cf4 (0x2396ae93) x29 0x00000001
core   0: 0x80009cf8 (0x00401013) slli    zero, zero, 4
core   0: 3 0x80009cf8 (0x00401013)
core   0: 0x80009cfc (0x56c8e413) ori     s0, a7, 1388
core   0: 3 0x80009cfc (0x56c8e413) x 8 0xbad9fd6c
core   0: 0x80009d00 (0x04b8c193) xori    gp, a7, 75
core   0: 3 0x80009d00 (0x04b8c193) x 3 0xbad9f86b
core   0: 0x80009d04 (0x0cf67693) andi    a3, a2, 207
core   0: 3 0x80009d04 (0x0cf67693) x13 0x00000087
core   0: 0x80009d08 (0x025f56b3) divu    a3, t5, t0
core   0: 3 0x80009d08 (0x025f56b3) x13 0x00000082
core   0: 0x80009d0c (0x02b46db3) rem     s11, s0, a1
core   0: 3 0x80009d0c (0x02b46db3) x27 0xe5b7afac
core   0: 0x80009d10 (0x019240b3) xor     ra, tp, s9
core   0: 3 0x80009d10 (0x019240b3) x 1 0x420fd000
core   0: 0x80009d14 (0x026d20b3) mulhsu  ra, s10, t1
core   0: 3 0x80009d14 (0x026d20b3) x 1 0x00000000
core   0: 0x80009d18 (0x03b24ab3) div     s5, tp, s11
core   0: 3 0x80009d18 (0x03b24ab3) x21 0x00000000
core   0: 0x80009d1c (0x03cbfeb3) remu    t4, s7, t3
core   0: 3 0x80009d1c (0x03cbfeb3) x29 0x421b4a36
core   0: 0x80009d20 (0x01a79a93) slli    s5, a5, 26
core   0: 3 0x80009d20 (0x01a79a93) x21 0xa0000000
core   0: 0x80009d24 (0x016c9793) slli    a5, s9, 22
core   0: 3 0x80009d24 (0x016c9793) x15 0xed800000
core   0: 0x80009d28 (0xddbebc13) sltiu   s8, t4, -549
core   0: 3 0x80009d28 (0xddbebc13) x24 0x00000001
core   0: 0x80009d2c (0x017dc633) xor     a2, s11, s7
core   0: 3 0x80009d2c (0x017dc633) x12 0xa7ace59a
core   0: 0x80009d30 (0xc498e713) ori     a4, a7, -951
core   0: 3 0x80009d30 (0xc498e713) x14 0xfffffc69
core   0: 0x80009d34 (0x00205293) srli    t0, zero, 2
core   0: 3 0x80009d34 (0x00205293) x 5 0x00000000
core   0: 0x80009d38 (0x012d9c13) slli    s8, s11, 18
core   0: 3 0x80009d38 (0x012d9c13) x24 0xbeb00000
core   0: 0x80009d3c (0x011d8733) add     a4, s11, a7
core   0: 3 0x80009d3c (0x011d8733) x14 0xa091a7cc
core   0: 0x80009d40 (0x013f1c13) slli    s8, t5, 19
core   0: 3 0x80009d40 (0x013f1c13) x24 0xbdb00000
core   0: 0x80009d44 (0x027e68b3) rem     a7, t3, t2
core   0: 3 0x80009d44 (0x027e68b3) x17 0x01274479
core   0: 0x80009d48 (0x54ef7093) andi    ra, t5, 1358
core   0: 3 0x80009d48 (0x54ef7093) x 1 0x00000506
core   0: 0x80009d4c (0x771217b7) lui     a5, 0x77121
core   0: 3 0x80009d4c (0x771217b7) x15 0x77121000
core   0: 0x80009d50 (0x0111bab3) sltu    s5, gp, a7
core   0: 3 0x80009d50 (0x0111bab3) x21 0x00000000
core   0: 0x80009d54 (0x01b19fb3) sll     t6, gp, s11
core   0: 3 0x80009d54 (0x01b19fb3) x31 0x9f86b000
core   0: 0x80009d58 (0x0177c033) xor     zero, a5, s7
core   0: 3 0x80009d58 (0x0177c033)
core   0: 0x80009d5c (0x00d31293) slli    t0, t1, 13
core   0: 3 0x80009d5c (0x00d31293) x 5 0x3f040000
core   0: 0x80009d60 (0x00000a17) auipc   s4, 0x0
core   0: 3 0x80009d60 (0x00000a17) x20 0x80009d60
core   0: 0x80009d64 (0x00ca0a13) addi    s4, s4, 12
core   0: 3 0x80009d64 (0x00ca0a13) x20 0x80009d6c
core   0: 0x80009d68 (0x000a0067) jr      s4
core   0: 3 0x80009d68 (0x000a0067)
core   0: 0x80009d6c (0x00100193) li      gp, 1
core   0: 3 0x80009d6c (0x00100193) x 3 0x00000001
core   0: 0x80009d70 (0x00000073) ecall
core   0: exception trap_machine_ecall, epc 0x80009d70
core   0: >>>>  mtvec_handler
core   0: 0x8000a7a0 (0x0400006f) j       pc + 0x40
core   0: 3 0x8000a7a0 (0x0400006f)
core   0: 0x8000a7e0 (0xffc80813) addi    a6, a6, -4
core   0: 3 0x8000a7e0 (0xffc80813) x16 0x80018ce0
core   0: 0x8000a7e4 (0x00982023) sw      s1, 0(a6)
core   0: 3 0x8000a7e4 (0x00982023) mem 0x80018ce0 0x80014e64
core   0: 0x8000a7e8 (0x000804b3) add     s1, a6, zero
core   0: 3 0x8000a7e8 (0x000804b3) x 9 0x80018ce0
core   0: 0x8000a7ec (0xf8048493) addi    s1, s1, -128
core   0: 3 0x8000a7ec (0xf8048493) x 9 0x80018c60
core   0: 0x8000a7f0 (0x0014a223) sw      ra, 4(s1)
core   0: 3 0x8000a7f0 (0x0014a223) mem 0x80018c64 0x00000506
core   0: 0x8000a7f4 (0x0024a423) sw      sp, 8(s1)
core   0: 3 0x8000a7f4 (0x0024a423) mem 0x80018c68 0xf6cbe400
core   0: 0x8000a7f8 (0x0034a623) sw      gp, 12(s1)
core   0: 3 0x8000a7f8 (0x0034a623) mem 0x80018c6c 0x00000001
core   0: 0x8000a7fc (0x0044a823) sw      tp, 16(s1)
core   0: 3 0x8000a7fc (0x0044a823) mem 0x80018c70 0xffeb67b6
core   0: 0x8000a800 (0x0054aa23) sw      t0, 20(s1)
core   0: 3 0x8000a800 (0x0054aa23) mem 0x80018c74 0x3f040000
core   0: 0x8000a804 (0x0064ac23) sw      t1, 24(s1)
core   0: 3 0x8000a804 (0x0064ac23) mem 0x80018c78 0xbad9f820
core   0: 0x8000a808 (0x0074ae23) sw      t2, 28(s1)
core   0: 3 0x8000a808 (0x0074ae23) mem 0x80018c7c 0x04000000
core   0: 0x8000a80c (0x0284a023) sw      s0, 32(s1)
core   0: 3 0x8000a80c (0x0284a023) mem 0x80018c80 0xbad9fd6c
core   0: 0x8000a810 (0x0294a223) sw      s1, 36(s1)
core   0: 3 0x8000a810 (0x0294a223) mem 0x80018c84 0x80018c60
core   0: 0x8000a814 (0x02a4a423) sw      a0, 40(s1)
core   0: 3 0x8000a814 (0x02a4a423) mem 0x80018c88 0xffffffd8
core   0: 0x8000a818 (0x02b4a623) sw      a1, 44(s1)
core   0: 3 0x8000a818 (0x02b4a623) mem 0x80018c8c 0x2addb240
core   0: 0x8000a81c (0x02c4a823) sw      a2, 48(s1)
core   0: 3 0x8000a81c (0x02c4a823) mem 0x80018c90 0xa7ace59a
core   0: 0x8000a820 (0x02d4aa23) sw      a3, 52(s1)
core   0: 3 0x8000a820 (0x02d4aa23) mem 0x80018c94 0x00000082
core   0: 0x8000a824 (0x02e4ac23) sw      a4, 56(s1)
core   0: 3 0x8000a824 (0x02e4ac23) mem 0x80018c98 0xa091a7cc
core   0: 0x8000a828 (0x02f4ae23) sw      a5, 60(s1)
core   0: 3 0x8000a828 (0x02f4ae23) mem 0x80018c9c 0x77121000
core   0: 0x8000a82c (0x0504a023) sw      a6, 64(s1)
core   0: 3 0x8000a82c (0x0504a023) mem 0x80018ca0 0x80018ce0
core   0: 0x8000a830 (0x0514a223) sw      a7, 68(s1)
core   0: 3 0x8000a830 (0x0514a223) mem 0x80018ca4 0x01274479
core   0: 0x8000a834 (0x0524a423) sw      s2, 72(s1)
core   0: 3 0x8000a834 (0x0524a423) mem 0x80018ca8 0x00000000
core   0: 0x8000a838 (0x0534a623) sw      s3, 76(s1)
core   0: 3 0x8000a838 (0x0534a623) mem 0x80018cac 0xfffffd80
core   0: 0x8000a83c (0x0544a823) sw      s4, 80(s1)
core   0: 3 0x8000a83c (0x0544a823) mem 0x80018cb0 0x80009d6c
core   0: 0x8000a840 (0x0554aa23) sw      s5, 84(s1)
core   0: 3 0x8000a840 (0x0554aa23) mem 0x80018cb4 0x00000000
core   0: 0x8000a844 (0x0564ac23) sw      s6, 88(s1)
core   0: 3 0x8000a844 (0x0564ac23) mem 0x80018cb8 0xbde4b7b6
core   0: 0x8000a848 (0x0574ae23) sw      s7, 92(s1)
core   0: 3 0x8000a848 (0x0574ae23) mem 0x80018cbc 0x421b4a36
core   0: 0x8000a84c (0x0784a023) sw      s8, 96(s1)
core   0: 3 0x8000a84c (0x0784a023) mem 0x80018cc0 0xbdb00000
core   0: 0x8000a850 (0x0794a223) sw      s9, 100(s1)
core   0: 3 0x8000a850 (0x0794a223) mem 0x80018cc4 0xbde4b7b6
core   0: 0x8000a854 (0x07a4a423) sw      s10, 104(s1)
core   0: 3 0x8000a854 (0x07a4a423) mem 0x80018cc8 0x00000000
core   0: 0x8000a858 (0x07b4a623) sw      s11, 108(s1)
core   0: 3 0x8000a858 (0x07b4a623) mem 0x80018ccc 0xe5b7afac
core   0: 0x8000a85c (0x07c4a823) sw      t3, 112(s1)
core   0: 3 0x8000a85c (0x07c4a823) mem 0x80018cd0 0x45274479
core   0: 0x8000a860 (0x07d4aa23) sw      t4, 116(s1)
core   0: 3 0x8000a860 (0x07d4aa23) mem 0x80018cd4 0x421b4a36
core   0: 0x8000a864 (0x07e4ac23) sw      t5, 120(s1)
core   0: 3 0x8000a864 (0x07e4ac23) mem 0x80018cd8 0xbde4b7b6
core   0: 0x8000a868 (0x07f4ae23) sw      t6, 124(s1)
core   0: 3 0x8000a868 (0x07f4ae23) mem 0x80018cdc 0x9f86b000
core   0: 0x8000a86c (0x00048833) add     a6, s1, zero
core   0: 3 0x8000a86c (0x00048833) x16 0x80018c60
core   0: 0x8000a870 (0x34102e73) csrr    t3, mepc
core   0: 3 0x8000a870 (0x34102e73) x28 0x80009d70
core   0: 0x8000a874 (0x34202e73) csrr    t3, mcause
core   0: 3 0x8000a874 (0x34202e73) x28 0x0000000b
core   0: 0x8000a878 (0x00300f13) li      t5, 3
core   0: 3 0x8000a878 (0x00300f13) x30 0x00000003
core   0: 0x8000a87c (0x2bee0a63) beq     t3, t5, pc + 692
core   0: 3 0x8000a87c (0x2bee0a63)
core   0: 0x8000a880 (0x00800f13) li      t5, 8
core   0: 3 0x8000a880 (0x00800f13) x30 0x00000008
core   0: 0x8000a884 (0x05ee0e63) beq     t3, t5, pc + 92
core   0: 3 0x8000a884 (0x05ee0e63)
core   0: 0x8000a888 (0x00900f13) li      t5, 9
core   0: 3 0x8000a888 (0x00900f13) x30 0x00000009
core   0: 0x8000a88c (0x05ee0a63) beq     t3, t5, pc + 84
core   0: 3 0x8000a88c (0x05ee0a63)
core   0: 0x8000a890 (0x00b00f13) li      t5, 11
core   0: 3 0x8000a890 (0x00b00f13) x30 0x0000000b
core   0: 0x8000a894 (0x05ee0663) beq     t3, t5, pc + 76
core   0: 3 0x8000a894 (0x05ee0663)
core   0: 0x8000a8e0 (0xffff5e17) auipc   t3, 0xffff5
core   0: 3 0x8000a8e0 (0xffff5e17) x28 0x7ffff8e0
core   0: 0x8000a8e4 (0x720e0e13) addi    t3, t3, 1824
core   0: 3 0x8000a8e4 (0x720e0e13) x28 0x80000000
core   0: 0x8000a8e8 (0x000e2023) sw      zero, 0(t3)
core   0: 3 0x8000a8e8 (0x000e2023) mem 0x80000000 0x00000000
core   0: 0x8000a8ec (0x001e2223) sw      ra, 4(t3)
core   0: 3 0x8000a8ec (0x001e2223) mem 0x80000004 0x00000506
core   0: 0x8000a8f0 (0x002e2423) sw      sp, 8(t3)
core   0: 3 0x8000a8f0 (0x002e2423) mem 0x80000008 0xf6cbe400
core   0: 0x8000a8f4 (0x003e2623) sw      gp, 12(t3)
core   0: 3 0x8000a8f4 (0x003e2623) mem 0x8000000c 0x00000001
core   0: 0x8000a8f8 (0x004e2823) sw      tp, 16(t3)
core   0: 3 0x8000a8f8 (0x004e2823) mem 0x80000010 0xffeb67b6
core   0: 0x8000a8fc (0x005e2a23) sw      t0, 20(t3)
core   0: 3 0x8000a8fc (0x005e2a23) mem 0x80000014 0x3f040000
core   0: 0x8000a900 (0x006e2c23) sw      t1, 24(t3)
core   0: 3 0x8000a900 (0x006e2c23) mem 0x80000018 0xbad9f820
core   0: 0x8000a904 (0x007e2e23) sw      t2, 28(t3)
core   0: 3 0x8000a904 (0x007e2e23) mem 0x8000001c 0x04000000
core   0: 0x8000a908 (0x028e2023) sw      s0, 32(t3)
core   0: 3 0x8000a908 (0x028e2023) mem 0x80000020 0xbad9fd6c
core   0: 0x8000a90c (0x029e2223) sw      s1, 36(t3)
core   0: 3 0x8000a90c (0x029e2223) mem 0x80000024 0x80018c60
core   0: 0x8000a910 (0x02ae2423) sw      a0, 40(t3)
core   0: 3 0x8000a910 (0x02ae2423) mem 0x80000028 0xffffffd8
core   0: 0x8000a914 (0x02be2623) sw      a1, 44(t3)
core   0: 3 0x8000a914 (0x02be2623) mem 0x8000002c 0x2addb240
core   0: 0x8000a918 (0x02ce2823) sw      a2, 48(t3)
core   0: 3 0x8000a918 (0x02ce2823) mem 0x80000030 0xa7ace59a
core   0: 0x8000a91c (0x02de2a23) sw      a3, 52(t3)
core   0: 3 0x8000a91c (0x02de2a23) mem 0x80000034 0x00000082
core   0: 0x8000a920 (0x02ee2c23) sw      a4, 56(t3)
core   0: 3 0x8000a920 (0x02ee2c23) mem 0x80000038 0xa091a7cc
core   0: 0x8000a924 (0x02fe2e23) sw      a5, 60(t3)
core   0: 3 0x8000a924 (0x02fe2e23) mem 0x8000003c 0x77121000
core   0: 0x8000a928 (0x050e2023) sw      a6, 64(t3)
core   0: 3 0x8000a928 (0x050e2023) mem 0x80000040 0x80018c60
core   0: 0x8000a92c (0x051e2223) sw      a7, 68(t3)
core   0: 3 0x8000a92c (0x051e2223) mem 0x80000044 0x01274479
core   0: 0x8000a930 (0x052e2423) sw      s2, 72(t3)
core   0: 3 0x8000a930 (0x052e2423) mem 0x80000048 0x00000000
core   0: 0x8000a934 (0x053e2623) sw      s3, 76(t3)
core   0: 3 0x8000a934 (0x053e2623) mem 0x8000004c 0xfffffd80
core   0: 0x8000a938 (0x054e2823) sw      s4, 80(t3)
core   0: 3 0x8000a938 (0x054e2823) mem 0x80000050 0x80009d6c
core   0: 0x8000a93c (0x055e2a23) sw      s5, 84(t3)
core   0: 3 0x8000a93c (0x055e2a23) mem 0x80000054 0x00000000
core   0: 0x8000a940 (0x056e2c23) sw      s6, 88(t3)
core   0: 3 0x8000a940 (0x056e2c23) mem 0x80000058 0xbde4b7b6
core   0: 0x8000a944 (0x057e2e23) sw      s7, 92(t3)
core   0: 3 0x8000a944 (0x057e2e23) mem 0x8000005c 0x421b4a36
core   0: 0x8000a948 (0x078e2023) sw      s8, 96(t3)
core   0: 3 0x8000a948 (0x078e2023) mem 0x80000060 0xbdb00000
core   0: 0x8000a94c (0x079e2223) sw      s9, 100(t3)
core   0: 3 0x8000a94c (0x079e2223) mem 0x80000064 0xbde4b7b6
core   0: 0x8000a950 (0x07ae2423) sw      s10, 104(t3)
core   0: 3 0x8000a950 (0x07ae2423) mem 0x80000068 0x00000000
core   0: 0x8000a954 (0x07be2623) sw      s11, 108(t3)
core   0: 3 0x8000a954 (0x07be2623) mem 0x8000006c 0xe5b7afac
core   0: 0x8000a958 (0x07ce2823) sw      t3, 112(t3)
core   0: 3 0x8000a958 (0x07ce2823) mem 0x80000070 0x80000000
core   0: 0x8000a95c (0x07de2a23) sw      t4, 116(t3)
core   0: 3 0x8000a95c (0x07de2a23) mem 0x80000074 0x421b4a36
core   0: 0x8000a960 (0x07ee2c23) sw      t5, 120(t3)
core   0: 3 0x8000a960 (0x07ee2c23) mem 0x80000078 0x0000000b
core   0: 0x8000a964 (0x07fe2e23) sw      t6, 124(t3)
core   0: 3 0x8000a964 (0x07fe2e23) mem 0x8000007c 0x9f86b000
core   0: 0x8000a968 (0xfffffa17) auipc   s4, 0xfffff
core   0: 3 0x8000a968 (0xfffffa17) x20 0x80009968
core   0: 0x8000a96c (0x40ca0a13) addi    s4, s4, 1036
core   0: 3 0x8000a96c (0x40ca0a13) x20 0x80009d74
core   0: 0x8000a970 (0x000a0067) jr      s4
core   0: 3 0x8000a970 (0x000a0067)
core   0: 0x80009d74 (0x00006f17) auipc   t5, 0x6
core   0: 3 0x80009d74 (0x00006f17) x30 0x8000fd74
core   0: 0x80009d78 (0x283f2623) sw      gp, 652(t5)
core   0: 3 0x80009d78 (0x283f2623) mem 0x80010000 0x00000001
core   0: 0x80009d7c (0xff9ff06f) j       pc - 0x8
core   0: 3 0x80009d7c (0xff9ff06f)
core   0: 0x80009d74 (0x00006f17) auipc   t5, 0x6
core   0: 3 0x80009d74 (0x00006f17) x30 0x8000fd74
core   0: 0x80009d78 (0x283f2623) sw      gp, 652(t5)
core   0: 3 0x80009d78 (0x283f2623) mem 0x80010000 0x00000001
core   0: 0x80009d7c (0xff9ff06f) j       pc - 0x8
core   0: 3 0x80009d7c (0xff9ff06f)
core   0: 0x80009d74 (0x00006f17) auipc   t5, 0x6
core   0: 3 0x80009d74 (0x00006f17) x30 0x8000fd74
core   0: 0x80009d78 (0x283f2623) sw      gp, 652(t5)
core   0: 3 0x80009d78 (0x283f2623) mem 0x80010000 0x00000001
core   0: 0x80009d7c (0xff9ff06f) j       pc - 0x8
core   0: 3 0x80009d7c (0xff9ff06f)
core   0: 0x80009d74 (0x00006f17) auipc   t5, 0x6
core   0: 3 0x80009d74 (0x00006f17) x30 0x8000fd74
core   0: 0x80009d78 (0x283f2623) sw      gp, 652(t5)
core   0: 3 0x80009d78 (0x283f2623) mem 0x80010000 0x00000001
core   0: 0x80009d7c (0xff9ff06f) j       pc - 0x8
core   0: 3 0x80009d7c (0xff9ff06f)
core   0: 0x80009d74 (0x00006f17) auipc   t5, 0x6
core   0: 3 0x80009d74 (0x00006f17) x30 0x8000fd74
core   0: 0x80009d78 (0x283f2623) sw      gp, 652(t5)
core   0: 3 0x80009d78 (0x283f2623) mem 0x80010000 0x00000001
core   0: 0x80009d7c (0xff9ff06f) j       pc - 0x8
core   0: 3 0x80009d7c (0xff9ff06f)
core   0: 0x80009d74 (0x00006f17) auipc   t5, 0x6
core   0: 3 0x80009d74 (0x00006f17) x30 0x8000fd74
core   0: 0x80009d78 (0x283f2623) sw      gp, 652(t5)
core   0: 3 0x80009d78 (0x283f2623) mem 0x80010000 0x00000001
core   0: 0x80009d7c (0xff9ff06f) j       pc - 0x8
core   0: 3 0x80009d7c (0xff9ff06f)
core   0: 0x80009d74 (0x00006f17) auipc   t5, 0x6
core   0: 3 0x80009d74 (0x00006f17) x30 0x8000fd74
core   0: 0x80009d78 (0x283f2623) sw      gp, 652(t5)
core   0: 3 0x80009d78 (0x283f2623) mem 0x80010000 0x00000001
core   0: 0x80009d7c (0xff9ff06f) j       pc - 0x8
core   0: 3 0x80009d7c (0xff9ff06f)
core   0: 0x80009d74 (0x00006f17) auipc   t5, 0x6
core   0: 3 0x80009d74 (0x00006f17) x30 0x8000fd74
core   0: 0x80009d78 (0x283f2623) sw      gp, 652(t5)
core   0: 3 0x80009d78 (0x283f2623) mem 0x80010000 0x00000001
core   0: 0x80009d7c (0xff9ff06f) j       pc - 0x8
core   0: 3 0x80009d7c (0xff9ff06f)
core   0: 0x80009d74 (0x00006f17) auipc   t5, 0x6
core   0: 3 0x80009d74 (0x00006f17) x30 0x8000fd74
core   0: 0x80009d78 (0x283f2623) sw      gp, 652(t5)
core   0: 3 0x80009d78 (0x283f2623) mem 0x80010000 0x00000001
core   0: 0x80009d7c (0xff9ff06f) j       pc - 0x8
core   0: 3 0x80009d7c (0xff9ff06f)
core   0: 0x80009d74 (0x00006f17) auipc   t5, 0x6
core   0: 3 0x80009d74 (0x00006f17) x30 0x8000fd74
core   0: 0x80009d78 (0x283f2623) sw      gp, 652(t5)
core   0: 3 0x80009d78 (0x283f2623) mem 0x80010000 0x00000001
core   0: 0x80009d7c (0xff9ff06f) j       pc - 0x8
core   0: 3 0x80009d7c (0xff9ff06f)
core   0: 0x80009d74 (0x00006f17) auipc   t5, 0x6
core   0: 3 0x80009d74 (0x00006f17) x30 0x8000fd74
core   0: 0x80009d78 (0x283f2623) sw      gp, 652(t5)
core   0: 3 0x80009d78 (0x283f2623) mem 0x80010000 0x00000001
core   0: 0x80009d7c (0xff9ff06f) j       pc - 0x8
core   0: 3 0x80009d7c (0xff9ff06f)
core   0: 0x80009d74 (0x00006f17) auipc   t5, 0x6
core   0: 3 0x80009d74 (0x00006f17) x30 0x8000fd74
core   0: 0x80009d78 (0x283f2623) sw      gp, 652(t5)
core   0: 3 0x80009d78 (0x283f2623) mem 0x80010000 0x00000001
core   0: 0x80009d7c (0xff9ff06f) j       pc - 0x8
core   0: 3 0x80009d7c (0xff9ff06f)
core   0: 0x80009d74 (0x00006f17) auipc   t5, 0x6
core   0: 3 0x80009d74 (0x00006f17) x30 0x8000fd74
core   0: 0x80009d78 (0x283f2623) sw      gp, 652(t5)
core   0: 3 0x80009d78 (0x283f2623) mem 0x80010000 0x00000001
core   0: 0x80009d7c (0xff9ff06f) j       pc - 0x8
core   0: 3 0x80009d7c (0xff9ff06f)
core   0: 0x80009d74 (0x00006f17) auipc   t5, 0x6
core   0: 3 0x80009d74 (0x00006f17) x30 0x8000fd74
core   0: 0x80009d78 (0x283f2623) sw      gp, 652(t5)
core   0: 3 0x80009d78 (0x283f2623) mem 0x80010000 0x00000001
core   0: 0x80009d7c (0xff9ff06f) j       pc - 0x8
core   0: 3 0x80009d7c (0xff9ff06f)
core   0: 0x80009d74 (0x00006f17) auipc   t5, 0x6
core   0: 3 0x80009d74 (0x00006f17) x30 0x8000fd74
core   0: 0x80009d78 (0x283f2623) sw      gp, 652(t5)
core   0: 3 0x80009d78 (0x283f2623) mem 0x80010000 0x00000001
core   0: 0x80009d7c (0xff9ff06f) j       pc - 0x8
core   0: 3 0x80009d7c (0xff9ff06f)
core   0: 0x80009d74 (0x00006f17) auipc   t5, 0x6
core   0: 3 0x80009d74 (0x00006f17) x30 0x8000fd74
core   0: 0x80009d78 (0x283f2623) sw      gp, 652(t5)
core   0: 3 0x80009d78 (0x283f2623) mem 0x80010000 0x00000001
core   0: 0x80009d7c (0xff9ff06f) j       pc - 0x8
core   0: 3 0x80009d7c (0xff9ff06f)
core   0: 0x80009d74 (0x00006f17) auipc   t5, 0x6
core   0: 3 0x80009d74 (0x00006f17) x30 0x8000fd74
core   0: 0x80009d78 (0x283f2623) sw      gp, 652(t5)
core   0: 3 0x80009d78 (0x283f2623) mem 0x80010000 0x00000001
core   0: 0x80009d7c (0xff9ff06f) j       pc - 0x8
core   0: 3 0x80009d7c (0xff9ff06f)
core   0: 0x80009d74 (0x00006f17) auipc   t5, 0x6
core   0: 3 0x80009d74 (0x00006f17) x30 0x8000fd74
core   0: 0x80009d78 (0x283f2623) sw      gp, 652(t5)
core   0: 3 0x80009d78 (0x283f2623) mem 0x80010000 0x00000001
core   0: 0x80009d7c (0xff9ff06f) j       pc - 0x8
core   0: 3 0x80009d7c (0xff9ff06f)
core   0: 0x80009d74 (0x00006f17) auipc   t5, 0x6
core   0: 3 0x80009d74 (0x00006f17) x30 0x8000fd74
core   0: 0x80009d78 (0x283f2623) sw      gp, 652(t5)
core   0: 3 0x80009d78 (0x283f2623) mem 0x80010000 0x00000001
core   0: 0x80009d7c (0xff9ff06f) j       pc - 0x8
core   0: 3 0x80009d7c (0xff9ff06f)
core   0: 0x80009d74 (0x00006f17) auipc   t5, 0x6
core   0: 3 0x80009d74 (0x00006f17) x30 0x8000fd74
core   0: 0x80009d78 (0x283f2623) sw      gp, 652(t5)
core   0: 3 0x80009d78 (0x283f2623) mem 0x80010000 0x00000001
core   0: 0x80009d7c (0xff9ff06f) j       pc - 0x8
core   0: 3 0x80009d7c (0xff9ff06f)
core   0: 0x80009d74 (0x00006f17) auipc   t5, 0x6
core   0: 3 0x80009d74 (0x00006f17) x30 0x8000fd74
core   0: 0x80009d78 (0x283f2623) sw      gp, 652(t5)
core   0: 3 0x80009d78 (0x283f2623) mem 0x80010000 0x00000001
core   0: 0x80009d7c (0xff9ff06f) j       pc - 0x8
core   0: 3 0x80009d7c (0xff9ff06f)
core   0: 0x80009d74 (0x00006f17) auipc   t5, 0x6
core   0: 3 0x80009d74 (0x00006f17) x30 0x8000fd74
core   0: 0x80009d78 (0x283f2623) sw      gp, 652(t5)
core   0: 3 0x80009d78 (0x283f2623) mem 0x80010000 0x00000001
core   0: 0x80009d7c (0xff9ff06f) j       pc - 0x8
core   0: 3 0x80009d7c (0xff9ff06f)
core   0: 0x80009d74 (0x00006f17) auipc   t5, 0x6
core   0: 3 0x80009d74 (0x00006f17) x30 0x8000fd74
core   0: 0x80009d78 (0x283f2623) sw      gp, 652(t5)
core   0: 3 0x80009d78 (0x283f2623) mem 0x80010000 0x00000001
core   0: 0x80009d7c (0xff9ff06f) j       pc - 0x8
core   0: 3 0x80009d7c (0xff9ff06f)
core   0: 0x80009d74 (0x00006f17) auipc   t5, 0x6
core   0: 3 0x80009d74 (0x00006f17) x30 0x8000fd74
core   0: 0x80009d78 (0x283f2623) sw      gp, 652(t5)
core   0: 3 0x80009d78 (0x283f2623) mem 0x80010000 0x00000001
core   0: 0x80009d7c (0xff9ff06f) j       pc - 0x8
core   0: 3 0x80009d7c (0xff9ff06f)
core   0: 0x80009d74 (0x00006f17) auipc   t5, 0x6
core   0: 3 0x80009d74 (0x00006f17) x30 0x8000fd74
core   0: 0x80009d78 (0x283f2623) sw      gp, 652(t5)
core   0: 3 0x80009d78 (0x283f2623) mem 0x80010000 0x00000001
core   0: 0x80009d7c (0xff9ff06f) j       pc - 0x8
core   0: 3 0x80009d7c (0xff9ff06f)
core   0: 0x80009d74 (0x00006f17) auipc   t5, 0x6
core   0: 3 0x80009d74 (0x00006f17) x30 0x8000fd74
core   0: 0x80009d78 (0x283f2623) sw      gp, 652(t5)
core   0: 3 0x80009d78 (0x283f2623) mem 0x80010000 0x00000001
core   0: 0x80009d7c (0xff9ff06f) j       pc - 0x8
core   0: 3 0x80009d7c (0xff9ff06f)
core   0: 0x80009d74 (0x00006f17) auipc   t5, 0x6
core   0: 3 0x80009d74 (0x00006f17) x30 0x8000fd74
core   0: 0x80009d78 (0x283f2623) sw      gp, 652(t5)
core   0: 3 0x80009d78 (0x283f2623) mem 0x80010000 0x00000001
core   0: 0x80009d7c (0xff9ff06f) j       pc - 0x8
core   0: 3 0x80009d7c (0xff9ff06f)
core   0: 0x80009d74 (0x00006f17) auipc   t5, 0x6
core   0: 3 0x80009d74 (0x00006f17) x30 0x8000fd74
core   0: 0x80009d78 (0x283f2623) sw      gp, 652(t5)
core   0: 3 0x80009d78 (0x283f2623) mem 0x80010000 0x00000001
core   0: 0x80009d7c (0xff9ff06f) j       pc - 0x8
core   0: 3 0x80009d7c (0xff9ff06f)
core   0: 0x80009d74 (0x00006f17) auipc   t5, 0x6
core   0: 3 0x80009d74 (0x00006f17) x30 0x8000fd74
core   0: 0x80009d78 (0x283f2623) sw      gp, 652(t5)
core   0: 3 0x80009d78 (0x283f2623) mem 0x80010000 0x00000001
core   0: 0x80009d7c (0xff9ff06f) j       pc - 0x8
core   0: 3 0x80009d7c (0xff9ff06f)
core   0: 0x80009d74 (0x00006f17) auipc   t5, 0x6
core   0: 3 0x80009d74 (0x00006f17) x30 0x8000fd74
core   0: 0x80009d78 (0x283f2623) sw      gp, 652(t5)
core   0: 3 0x80009d78 (0x283f2623) mem 0x80010000 0x00000001
core   0: 0x80009d7c (0xff9ff06f) j       pc - 0x8
core   0: 3 0x80009d7c (0xff9ff06f)
core   0: 0x80009d74 (0x00006f17) auipc   t5, 0x6
core   0: 3 0x80009d74 (0x00006f17) x30 0x8000fd74
core   0: 0x80009d78 (0x283f2623) sw      gp, 652(t5)
core   0: 3 0x80009d78 (0x283f2623) mem 0x80010000 0x00000001
core   0: 0x80009d7c (0xff9ff06f) j       pc - 0x8
core   0: 3 0x80009d7c (0xff9ff06f)
core   0: 0x80009d74 (0x00006f17) auipc   t5, 0x6
core   0: 3 0x80009d74 (0x00006f17) x30 0x8000fd74
core   0: 0x80009d78 (0x283f2623) sw      gp, 652(t5)
core   0: 3 0x80009d78 (0x283f2623) mem 0x80010000 0x00000001
core   0: 0x80009d7c (0xff9ff06f) j       pc - 0x8
core   0: 3 0x80009d7c (0xff9ff06f)
core   0: 0x80009d74 (0x00006f17) auipc   t5, 0x6
core   0: 3 0x80009d74 (0x00006f17) x30 0x8000fd74
core   0: 0x80009d78 (0x283f2623) sw      gp, 652(t5)
core   0: 3 0x80009d78 (0x283f2623) mem 0x80010000 0x00000001
core   0: 0x80009d7c (0xff9ff06f) j       pc - 0x8
core   0: 3 0x80009d7c (0xff9ff06f)
core   0: 0x80009d74 (0x00006f17) auipc   t5, 0x6
core   0: 3 0x80009d74 (0x00006f17) x30 0x8000fd74
core   0: 0x80009d78 (0x283f2623) sw      gp, 652(t5)
core   0: 3 0x80009d78 (0x283f2623) mem 0x80010000 0x00000001
core   0: 0x80009d7c (0xff9ff06f) j       pc - 0x8
core   0: 3 0x80009d7c (0xff9ff06f)
core   0: 0x80009d74 (0x00006f17) auipc   t5, 0x6
core   0: 3 0x80009d74 (0x00006f17) x30 0x8000fd74
core   0: 0x80009d78 (0x283f2623) sw      gp, 652(t5)
core   0: 3 0x80009d78 (0x283f2623) mem 0x80010000 0x00000001
core   0: 0x80009d7c (0xff9ff06f) j       pc - 0x8
core   0: 3 0x80009d7c (0xff9ff06f)
core   0: 0x80009d74 (0x00006f17) auipc   t5, 0x6
core   0: 3 0x80009d74 (0x00006f17) x30 0x8000fd74
core   0: 0x80009d78 (0x283f2623) sw      gp, 652(t5)
core   0: 3 0x80009d78 (0x283f2623) mem 0x80010000 0x00000001
core   0: 0x80009d7c (0xff9ff06f) j       pc - 0x8
core   0: 3 0x80009d7c (0xff9ff06f)
core   0: 0x80009d74 (0x00006f17) auipc   t5, 0x6
core   0: 3 0x80009d74 (0x00006f17) x30 0x8000fd74
core   0: 0x80009d78 (0x283f2623) sw      gp, 652(t5)
core   0: 3 0x80009d78 (0x283f2623) mem 0x80010000 0x00000001
core   0: 0x80009d7c (0xff9ff06f) j       pc - 0x8
core   0: 3 0x80009d7c (0xff9ff06f)
core   0: 0x80009d74 (0x00006f17) auipc   t5, 0x6
core   0: 3 0x80009d74 (0x00006f17) x30 0x8000fd74
core   0: 0x80009d78 (0x283f2623) sw      gp, 652(t5)
core   0: 3 0x80009d78 (0x283f2623) mem 0x80010000 0x00000001
core   0: 0x80009d7c (0xff9ff06f) j       pc - 0x8
core   0: 3 0x80009d7c (0xff9ff06f)
core   0: 0x80009d74 (0x00006f17) auipc   t5, 0x6
core   0: 3 0x80009d74 (0x00006f17) x30 0x8000fd74
core   0: 0x80009d78 (0x283f2623) sw      gp, 652(t5)
core   0: 3 0x80009d78 (0x283f2623) mem 0x80010000 0x00000001
core   0: 0x80009d7c (0xff9ff06f) j       pc - 0x8
core   0: 3 0x80009d7c (0xff9ff06f)
core   0: 0x80009d74 (0x00006f17) auipc   t5, 0x6
core   0: 3 0x80009d74 (0x00006f17) x30 0x8000fd74
core   0: 0x80009d78 (0x283f2623) sw      gp, 652(t5)
core   0: 3 0x80009d78 (0x283f2623) mem 0x80010000 0x00000001
core   0: 0x80009d7c (0xff9ff06f) j       pc - 0x8
core   0: 3 0x80009d7c (0xff9ff06f)
core   0: 0x80009d74 (0x00006f17) auipc   t5, 0x6
core   0: 3 0x80009d74 (0x00006f17) x30 0x8000fd74
core   0: 0x80009d78 (0x283f2623) sw      gp, 652(t5)
core   0: 3 0x80009d78 (0x283f2623) mem 0x80010000 0x00000001
core   0: 0x80009d7c (0xff9ff06f) j       pc - 0x8
core   0: 3 0x80009d7c (0xff9ff06f)
core   0: 0x80009d74 (0x00006f17) auipc   t5, 0x6
core   0: 3 0x80009d74 (0x00006f17) x30 0x8000fd74
core   0: 0x80009d78 (0x283f2623) sw      gp, 652(t5)
core   0: 3 0x80009d78 (0x283f2623) mem 0x80010000 0x00000001
core   0: 0x80009d7c (0xff9ff06f) j       pc - 0x8
core   0: 3 0x80009d7c (0xff9ff06f)
core   0: 0x80009d74 (0x00006f17) auipc   t5, 0x6
core   0: 3 0x80009d74 (0x00006f17) x30 0x8000fd74
core   0: 0x80009d78 (0x283f2623) sw      gp, 652(t5)
core   0: 3 0x80009d78 (0x283f2623) mem 0x80010000 0x00000001
core   0: 0x80009d7c (0xff9ff06f) j       pc - 0x8
core   0: 3 0x80009d7c (0xff9ff06f)
core   0: 0x80009d74 (0x00006f17) auipc   t5, 0x6
core   0: 3 0x80009d74 (0x00006f17) x30 0x8000fd74
core   0: 0x80009d78 (0x283f2623) sw      gp, 652(t5)
core   0: 3 0x80009d78 (0x283f2623) mem 0x80010000 0x00000001
core   0: 0x80009d7c (0xff9ff06f) j       pc - 0x8
core   0: 3 0x80009d7c (0xff9ff06f)
core   0: 0x80009d74 (0x00006f17) auipc   t5, 0x6
core   0: 3 0x80009d74 (0x00006f17) x30 0x8000fd74
core   0: 0x80009d78 (0x283f2623) sw      gp, 652(t5)
core   0: 3 0x80009d78 (0x283f2623) mem 0x80010000 0x00000001
core   0: 0x80009d7c (0xff9ff06f) j       pc - 0x8
core   0: 3 0x80009d7c (0xff9ff06f)
core   0: 0x80009d74 (0x00006f17) auipc   t5, 0x6
core   0: 3 0x80009d74 (0x00006f17) x30 0x8000fd74
core   0: 0x80009d78 (0x283f2623) sw      gp, 652(t5)
core   0: 3 0x80009d78 (0x283f2623) mem 0x80010000 0x00000001
core   0: 0x80009d7c (0xff9ff06f) j       pc - 0x8
core   0: 3 0x80009d7c (0xff9ff06f)
core   0: 0x80009d74 (0x00006f17) auipc   t5, 0x6
core   0: 3 0x80009d74 (0x00006f17) x30 0x8000fd74
core   0: 0x80009d78 (0x283f2623) sw      gp, 652(t5)
core   0: 3 0x80009d78 (0x283f2623) mem 0x80010000 0x00000001
core   0: 0x80009d7c (0xff9ff06f) j       pc - 0x8
core   0: 3 0x80009d7c (0xff9ff06f)
core   0: 0x80009d74 (0x00006f17) auipc   t5, 0x6
core   0: 3 0x80009d74 (0x00006f17) x30 0x8000fd74
core   0: 0x80009d78 (0x283f2623) sw      gp, 652(t5)
core   0: 3 0x80009d78 (0x283f2623) mem 0x80010000 0x00000001
core   0: 0x80009d7c (0xff9ff06f) j       pc - 0x8
core   0: 3 0x80009d7c (0xff9ff06f)
core   0: 0x80009d74 (0x00006f17) auipc   t5, 0x6
core   0: 3 0x80009d74 (0x00006f17) x30 0x8000fd74
core   0: 0x80009d78 (0x283f2623) sw      gp, 652(t5)
core   0: 3 0x80009d78 (0x283f2623) mem 0x80010000 0x00000001
core   0: 0x80009d7c (0xff9ff06f) j       pc - 0x8
core   0: 3 0x80009d7c (0xff9ff06f)
core   0: 0x80009d74 (0x00006f17) auipc   t5, 0x6
core   0: 3 0x80009d74 (0x00006f17) x30 0x8000fd74
core   0: 0x80009d78 (0x283f2623) sw      gp, 652(t5)
core   0: 3 0x80009d78 (0x283f2623) mem 0x80010000 0x00000001
core   0: 0x80009d7c (0xff9ff06f) j       pc - 0x8
core   0: 3 0x80009d7c (0xff9ff06f)
core   0: 0x80009d74 (0x00006f17) auipc   t5, 0x6
core   0: 3 0x80009d74 (0x00006f17) x30 0x8000fd74
core   0: 0x80009d78 (0x283f2623) sw      gp, 652(t5)
core   0: 3 0x80009d78 (0x283f2623) mem 0x80010000 0x00000001
core   0: 0x80009d7c (0xff9ff06f) j       pc - 0x8
core   0: 3 0x80009d7c (0xff9ff06f)
core   0: 0x80009d74 (0x00006f17) auipc   t5, 0x6
core   0: 3 0x80009d74 (0x00006f17) x30 0x8000fd74
core   0: 0x80009d78 (0x283f2623) sw      gp, 652(t5)
core   0: 3 0x80009d78 (0x283f2623) mem 0x80010000 0x00000001
core   0: 0x80009d7c (0xff9ff06f) j       pc - 0x8
core   0: 3 0x80009d7c (0xff9ff06f)
core   0: 0x80009d74 (0x00006f17) auipc   t5, 0x6
core   0: 3 0x80009d74 (0x00006f17) x30 0x8000fd74
core   0: 0x80009d78 (0x283f2623) sw      gp, 652(t5)
core   0: 3 0x80009d78 (0x283f2623) mem 0x80010000 0x00000001
core   0: 0x80009d7c (0xff9ff06f) j       pc - 0x8
core   0: 3 0x80009d7c (0xff9ff06f)
core   0: 0x80009d74 (0x00006f17) auipc   t5, 0x6
core   0: 3 0x80009d74 (0x00006f17) x30 0x8000fd74
core   0: 0x80009d78 (0x283f2623) sw      gp, 652(t5)
core   0: 3 0x80009d78 (0x283f2623) mem 0x80010000 0x00000001
core   0: 0x80009d7c (0xff9ff06f) j       pc - 0x8
core   0: 3 0x80009d7c (0xff9ff06f)
core   0: 0x80009d74 (0x00006f17) auipc   t5, 0x6
core   0: 3 0x80009d74 (0x00006f17) x30 0x8000fd74
core   0: 0x80009d78 (0x283f2623) sw      gp, 652(t5)
core   0: 3 0x80009d78 (0x283f2623) mem 0x80010000 0x00000001
core   0: 0x80009d7c (0xff9ff06f) j       pc - 0x8
core   0: 3 0x80009d7c (0xff9ff06f)
core   0: 0x80009d74 (0x00006f17) auipc   t5, 0x6
core   0: 3 0x80009d74 (0x00006f17) x30 0x8000fd74
core   0: 0x80009d78 (0x283f2623) sw      gp, 652(t5)
core   0: 3 0x80009d78 (0x283f2623) mem 0x80010000 0x00000001
core   0: 0x80009d7c (0xff9ff06f) j       pc - 0x8
core   0: 3 0x80009d7c (0xff9ff06f)
core   0: 0x80009d74 (0x00006f17) auipc   t5, 0x6
core   0: 3 0x80009d74 (0x00006f17) x30 0x8000fd74
core   0: 0x80009d78 (0x283f2623) sw      gp, 652(t5)
core   0: 3 0x80009d78 (0x283f2623) mem 0x80010000 0x00000001
core   0: 0x80009d7c (0xff9ff06f) j       pc - 0x8
core   0: 3 0x80009d7c (0xff9ff06f)
core   0: 0x80009d74 (0x00006f17) auipc   t5, 0x6
core   0: 3 0x80009d74 (0x00006f17) x30 0x8000fd74
core   0: 0x80009d78 (0x283f2623) sw      gp, 652(t5)
core   0: 3 0x80009d78 (0x283f2623) mem 0x80010000 0x00000001
core   0: 0x80009d7c (0xff9ff06f) j       pc - 0x8
core   0: 3 0x80009d7c (0xff9ff06f)
core   0: 0x80009d74 (0x00006f17) auipc   t5, 0x6
core   0: 3 0x80009d74 (0x00006f17) x30 0x8000fd74
core   0: 0x80009d78 (0x283f2623) sw      gp, 652(t5)
core   0: 3 0x80009d78 (0x283f2623) mem 0x80010000 0x00000001
core   0: 0x80009d7c (0xff9ff06f) j       pc - 0x8
core   0: 3 0x80009d7c (0xff9ff06f)
core   0: 0x80009d74 (0x00006f17) auipc   t5, 0x6
core   0: 3 0x80009d74 (0x00006f17) x30 0x8000fd74
core   0: 0x80009d78 (0x283f2623) sw      gp, 652(t5)
core   0: 3 0x80009d78 (0x283f2623) mem 0x80010000 0x00000001
core   0: 0x80009d7c (0xff9ff06f) j       pc - 0x8
core   0: 3 0x80009d7c (0xff9ff06f)
core   0: 0x80009d74 (0x00006f17) auipc   t5, 0x6
core   0: 3 0x80009d74 (0x00006f17) x30 0x8000fd74
core   0: 0x80009d78 (0x283f2623) sw      gp, 652(t5)
core   0: 3 0x80009d78 (0x283f2623) mem 0x80010000 0x00000001
core   0: 0x80009d7c (0xff9ff06f) j       pc - 0x8
core   0: 3 0x80009d7c (0xff9ff06f)
core   0: 0x80009d74 (0x00006f17) auipc   t5, 0x6
core   0: 3 0x80009d74 (0x00006f17) x30 0x8000fd74
core   0: 0x80009d78 (0x283f2623) sw      gp, 652(t5)
core   0: 3 0x80009d78 (0x283f2623) mem 0x80010000 0x00000001
core   0: 0x80009d7c (0xff9ff06f) j       pc - 0x8
core   0: 3 0x80009d7c (0xff9ff06f)
core   0: 0x80009d74 (0x00006f17) auipc   t5, 0x6
core   0: 3 0x80009d74 (0x00006f17) x30 0x8000fd74
core   0: 0x80009d78 (0x283f2623) sw      gp, 652(t5)
core   0: 3 0x80009d78 (0x283f2623) mem 0x80010000 0x00000001
core   0: 0x80009d7c (0xff9ff06f) j       pc - 0x8
core   0: 3 0x80009d7c (0xff9ff06f)
core   0: 0x80009d74 (0x00006f17) auipc   t5, 0x6
core   0: 3 0x80009d74 (0x00006f17) x30 0x8000fd74
core   0: 0x80009d78 (0x283f2623) sw      gp, 652(t5)
core   0: 3 0x80009d78 (0x283f2623) mem 0x80010000 0x00000001
core   0: 0x80009d7c (0xff9ff06f) j       pc - 0x8
core   0: 3 0x80009d7c (0xff9ff06f)
core   0: 0x80009d74 (0x00006f17) auipc   t5, 0x6
core   0: 3 0x80009d74 (0x00006f17) x30 0x8000fd74
core   0: 0x80009d78 (0x283f2623) sw      gp, 652(t5)
core   0: 3 0x80009d78 (0x283f2623) mem 0x80010000 0x00000001
core   0: 0x80009d7c (0xff9ff06f) j       pc - 0x8
core   0: 3 0x80009d7c (0xff9ff06f)
core   0: 0x80009d74 (0x00006f17) auipc   t5, 0x6
core   0: 3 0x80009d74 (0x00006f17) x30 0x8000fd74
core   0: 0x80009d78 (0x283f2623) sw      gp, 652(t5)
core   0: 3 0x80009d78 (0x283f2623) mem 0x80010000 0x00000001
core   0: 0x80009d7c (0xff9ff06f) j       pc - 0x8
core   0: 3 0x80009d7c (0xff9ff06f)
core   0: 0x80009d74 (0x00006f17) auipc   t5, 0x6
core   0: 3 0x80009d74 (0x00006f17) x30 0x8000fd74
core   0: 0x80009d78 (0x283f2623) sw      gp, 652(t5)
core   0: 3 0x80009d78 (0x283f2623) mem 0x80010000 0x00000001
core   0: 0x80009d7c (0xff9ff06f) j       pc - 0x8
core   0: 3 0x80009d7c (0xff9ff06f)
core   0: 0x80009d74 (0x00006f17) auipc   t5, 0x6
core   0: 3 0x80009d74 (0x00006f17) x30 0x8000fd74
core   0: 0x80009d78 (0x283f2623) sw      gp, 652(t5)
core   0: 3 0x80009d78 (0x283f2623) mem 0x80010000 0x00000001
core   0: 0x80009d7c (0xff9ff06f) j       pc - 0x8
core   0: 3 0x80009d7c (0xff9ff06f)
core   0: 0x80009d74 (0x00006f17) auipc   t5, 0x6
core   0: 3 0x80009d74 (0x00006f17) x30 0x8000fd74
core   0: 0x80009d78 (0x283f2623) sw      gp, 652(t5)
core   0: 3 0x80009d78 (0x283f2623) mem 0x80010000 0x00000001
core   0: 0x80009d7c (0xff9ff06f) j       pc - 0x8
core   0: 3 0x80009d7c (0xff9ff06f)
core   0: 0x80009d74 (0x00006f17) auipc   t5, 0x6
core   0: 3 0x80009d74 (0x00006f17) x30 0x8000fd74
core   0: 0x80009d78 (0x283f2623) sw      gp, 652(t5)
core   0: 3 0x80009d78 (0x283f2623) mem 0x80010000 0x00000001
core   0: 0x80009d7c (0xff9ff06f) j       pc - 0x8
core   0: 3 0x80009d7c (0xff9ff06f)
core   0: 0x80009d74 (0x00006f17) auipc   t5, 0x6
core   0: 3 0x80009d74 (0x00006f17) x30 0x8000fd74
core   0: 0x80009d78 (0x283f2623) sw      gp, 652(t5)
core   0: 3 0x80009d78 (0x283f2623) mem 0x80010000 0x00000001
core   0: 0x80009d7c (0xff9ff06f) j       pc - 0x8
core   0: 3 0x80009d7c (0xff9ff06f)
core   0: 0x80009d74 (0x00006f17) auipc   t5, 0x6
core   0: 3 0x80009d74 (0x00006f17) x30 0x8000fd74
core   0: 0x80009d78 (0x283f2623) sw      gp, 652(t5)
core   0: 3 0x80009d78 (0x283f2623) mem 0x80010000 0x00000001
core   0: 0x80009d7c (0xff9ff06f) j       pc - 0x8
core   0: 3 0x80009d7c (0xff9ff06f)
core   0: 0x80009d74 (0x00006f17) auipc   t5, 0x6
core   0: 3 0x80009d74 (0x00006f17) x30 0x8000fd74
core   0: 0x80009d78 (0x283f2623) sw      gp, 652(t5)
core   0: 3 0x80009d78 (0x283f2623) mem 0x80010000 0x00000001
core   0: 0x80009d7c (0xff9ff06f) j       pc - 0x8
core   0: 3 0x80009d7c (0xff9ff06f)
core   0: 0x80009d74 (0x00006f17) auipc   t5, 0x6
core   0: 3 0x80009d74 (0x00006f17) x30 0x8000fd74
core   0: 0x80009d78 (0x283f2623) sw      gp, 652(t5)
core   0: 3 0x80009d78 (0x283f2623) mem 0x80010000 0x00000001
core   0: 0x80009d7c (0xff9ff06f) j       pc - 0x8
core   0: 3 0x80009d7c (0xff9ff06f)
core   0: 0x80009d74 (0x00006f17) auipc   t5, 0x6
core   0: 3 0x80009d74 (0x00006f17) x30 0x8000fd74
core   0: 0x80009d78 (0x283f2623) sw      gp, 652(t5)
core   0: 3 0x80009d78 (0x283f2623) mem 0x80010000 0x00000001
core   0: 0x80009d7c (0xff9ff06f) j       pc - 0x8
core   0: 3 0x80009d7c (0xff9ff06f)
core   0: 0x80009d74 (0x00006f17) auipc   t5, 0x6
core   0: 3 0x80009d74 (0x00006f17) x30 0x8000fd74
core   0: 0x80009d78 (0x283f2623) sw      gp, 652(t5)
core   0: 3 0x80009d78 (0x283f2623) mem 0x80010000 0x00000001
core   0: 0x80009d7c (0xff9ff06f) j       pc - 0x8
core   0: 3 0x80009d7c (0xff9ff06f)
core   0: 0x80009d74 (0x00006f17) auipc   t5, 0x6
core   0: 3 0x80009d74 (0x00006f17) x30 0x8000fd74
core   0: 0x80009d78 (0x283f2623) sw      gp, 652(t5)
core   0: 3 0x80009d78 (0x283f2623) mem 0x80010000 0x00000001
core   0: 0x80009d7c (0xff9ff06f) j       pc - 0x8
core   0: 3 0x80009d7c (0xff9ff06f)
core   0: 0x80009d74 (0x00006f17) auipc   t5, 0x6
core   0: 3 0x80009d74 (0x00006f17) x30 0x8000fd74
core   0: 0x80009d78 (0x283f2623) sw      gp, 652(t5)
core   0: 3 0x80009d78 (0x283f2623) mem 0x80010000 0x00000001
core   0: 0x80009d7c (0xff9ff06f) j       pc - 0x8
core   0: 3 0x80009d7c (0xff9ff06f)
core   0: 0x80009d74 (0x00006f17) auipc   t5, 0x6
core   0: 3 0x80009d74 (0x00006f17) x30 0x8000fd74
core   0: 0x80009d78 (0x283f2623) sw      gp, 652(t5)
core   0: 3 0x80009d78 (0x283f2623) mem 0x80010000 0x00000001
core   0: 0x80009d7c (0xff9ff06f) j       pc - 0x8
core   0: 3 0x80009d7c (0xff9ff06f)
core   0: 0x80009d74 (0x00006f17) auipc   t5, 0x6
core   0: 3 0x80009d74 (0x00006f17) x30 0x8000fd74
core   0: 0x80009d78 (0x283f2623) sw      gp, 652(t5)
core   0: 3 0x80009d78 (0x283f2623) mem 0x80010000 0x00000001
core   0: 0x80009d7c (0xff9ff06f) j       pc - 0x8
core   0: 3 0x80009d7c (0xff9ff06f)
core   0: 0x80009d74 (0x00006f17) auipc   t5, 0x6
core   0: 3 0x80009d74 (0x00006f17) x30 0x8000fd74
core   0: 0x80009d78 (0x283f2623) sw      gp, 652(t5)
core   0: 3 0x80009d78 (0x283f2623) mem 0x80010000 0x00000001
core   0: 0x80009d7c (0xff9ff06f) j       pc - 0x8
core   0: 3 0x80009d7c (0xff9ff06f)
core   0: 0x80009d74 (0x00006f17) auipc   t5, 0x6
core   0: 3 0x80009d74 (0x00006f17) x30 0x8000fd74
core   0: 0x80009d78 (0x283f2623) sw      gp, 652(t5)
core   0: 3 0x80009d78 (0x283f2623) mem 0x80010000 0x00000001
core   0: 0x80009d7c (0xff9ff06f) j       pc - 0x8
core   0: 3 0x80009d7c (0xff9ff06f)
core   0: 0x80009d74 (0x00006f17) auipc   t5, 0x6
core   0: 3 0x80009d74 (0x00006f17) x30 0x8000fd74
core   0: 0x80009d78 (0x283f2623) sw      gp, 652(t5)
core   0: 3 0x80009d78 (0x283f2623) mem 0x80010000 0x00000001
core   0: 0x80009d7c (0xff9ff06f) j       pc - 0x8
core   0: 3 0x80009d7c (0xff9ff06f)
core   0: 0x80009d74 (0x00006f17) auipc   t5, 0x6
core   0: 3 0x80009d74 (0x00006f17) x30 0x8000fd74
core   0: 0x80009d78 (0x283f2623) sw      gp, 652(t5)
core   0: 3 0x80009d78 (0x283f2623) mem 0x80010000 0x00000001
core   0: 0x80009d7c (0xff9ff06f) j       pc - 0x8
core   0: 3 0x80009d7c (0xff9ff06f)
core   0: 0x80009d74 (0x00006f17) auipc   t5, 0x6
core   0: 3 0x80009d74 (0x00006f17) x30 0x8000fd74
core   0: 0x80009d78 (0x283f2623) sw      gp, 652(t5)
core   0: 3 0x80009d78 (0x283f2623) mem 0x80010000 0x00000001
core   0: 0x80009d7c (0xff9ff06f) j       pc - 0x8
core   0: 3 0x80009d7c (0xff9ff06f)
core   0: 0x80009d74 (0x00006f17) auipc   t5, 0x6
core   0: 3 0x80009d74 (0x00006f17) x30 0x8000fd74
core   0: 0x80009d78 (0x283f2623) sw      gp, 652(t5)
core   0: 3 0x80009d78 (0x283f2623) mem 0x80010000 0x00000001
core   0: 0x80009d7c (0xff9ff06f) j       pc - 0x8
core   0: 3 0x80009d7c (0xff9ff06f)
core   0: 0x80009d74 (0x00006f17) auipc   t5, 0x6
core   0: 3 0x80009d74 (0x00006f17) x30 0x8000fd74
core   0: 0x80009d78 (0x283f2623) sw      gp, 652(t5)
core   0: 3 0x80009d78 (0x283f2623) mem 0x80010000 0x00000001
core   0: 0x80009d7c (0xff9ff06f) j       pc - 0x8
core   0: 3 0x80009d7c (0xff9ff06f)
core   0: 0x80009d74 (0x00006f17) auipc   t5, 0x6
core   0: 3 0x80009d74 (0x00006f17) x30 0x8000fd74
core   0: 0x80009d78 (0x283f2623) sw      gp, 652(t5)
core   0: 3 0x80009d78 (0x283f2623) mem 0x80010000 0x00000001
core   0: 0x80009d7c (0xff9ff06f) j       pc - 0x8
core   0: 3 0x80009d7c (0xff9ff06f)
core   0: 0x80009d74 (0x00006f17) auipc   t5, 0x6
core   0: 3 0x80009d74 (0x00006f17) x30 0x8000fd74
core   0: 0x80009d78 (0x283f2623) sw      gp, 652(t5)
core   0: 3 0x80009d78 (0x283f2623) mem 0x80010000 0x00000001
core   0: 0x80009d7c (0xff9ff06f) j       pc - 0x8
core   0: 3 0x80009d7c (0xff9ff06f)
core   0: 0x80009d74 (0x00006f17) auipc   t5, 0x6
core   0: 3 0x80009d74 (0x00006f17) x30 0x8000fd74
core   0: 0x80009d78 (0x283f2623) sw      gp, 652(t5)
core   0: 3 0x80009d78 (0x283f2623) mem 0x80010000 0x00000001
core   0: 0x80009d7c (0xff9ff06f) j       pc - 0x8
core   0: 3 0x80009d7c (0xff9ff06f)
core   0: 0x80009d74 (0x00006f17) auipc   t5, 0x6
core   0: 3 0x80009d74 (0x00006f17) x30 0x8000fd74
core   0: 0x80009d78 (0x283f2623) sw      gp, 652(t5)
core   0: 3 0x80009d78 (0x283f2623) mem 0x80010000 0x00000001
core   0: 0x80009d7c (0xff9ff06f) j       pc - 0x8
core   0: 3 0x80009d7c (0xff9ff06f)
core   0: 0x80009d74 (0x00006f17) auipc   t5, 0x6
core   0: 3 0x80009d74 (0x00006f17) x30 0x8000fd74
core   0: 0x80009d78 (0x283f2623) sw      gp, 652(t5)
core   0: 3 0x80009d78 (0x283f2623) mem 0x80010000 0x00000001
core   0: 0x80009d7c (0xff9ff06f) j       pc - 0x8
core   0: 3 0x80009d7c (0xff9ff06f)
core   0: 0x80009d74 (0x00006f17) auipc   t5, 0x6
core   0: 3 0x80009d74 (0x00006f17) x30 0x8000fd74
core   0: 0x80009d78 (0x283f2623) sw      gp, 652(t5)
core   0: 3 0x80009d78 (0x283f2623) mem 0x80010000 0x00000001
core   0: 0x80009d7c (0xff9ff06f) j       pc - 0x8
core   0: 3 0x80009d7c (0xff9ff06f)
core   0: 0x80009d74 (0x00006f17) auipc   t5, 0x6
core   0: 3 0x80009d74 (0x00006f17) x30 0x8000fd74
core   0: 0x80009d78 (0x283f2623) sw      gp, 652(t5)
core   0: 3 0x80009d78 (0x283f2623) mem 0x80010000 0x00000001
core   0: 0x80009d7c (0xff9ff06f) j       pc - 0x8
core   0: 3 0x80009d7c (0xff9ff06f)
core   0: 0x80009d74 (0x00006f17) auipc   t5, 0x6
core   0: 3 0x80009d74 (0x00006f17) x30 0x8000fd74
core   0: 0x80009d78 (0x283f2623) sw      gp, 652(t5)
core   0: 3 0x80009d78 (0x283f2623) mem 0x80010000 0x00000001
core   0: 0x80009d7c (0xff9ff06f) j       pc - 0x8
core   0: 3 0x80009d7c (0xff9ff06f)
core   0: 0x80009d74 (0x00006f17) auipc   t5, 0x6
core   0: 3 0x80009d74 (0x00006f17) x30 0x8000fd74
core   0: 0x80009d78 (0x283f2623) sw      gp, 652(t5)
core   0: 3 0x80009d78 (0x283f2623) mem 0x80010000 0x00000001
core   0: 0x80009d7c (0xff9ff06f) j       pc - 0x8
core   0: 3 0x80009d7c (0xff9ff06f)
core   0: 0x80009d74 (0x00006f17) auipc   t5, 0x6
core   0: 3 0x80009d74 (0x00006f17) x30 0x8000fd74
core   0: 0x80009d78 (0x283f2623) sw      gp, 652(t5)
core   0: 3 0x80009d78 (0x283f2623) mem 0x80010000 0x00000001
core   0: 0x80009d7c (0xff9ff06f) j       pc - 0x8
core   0: 3 0x80009d7c (0xff9ff06f)
core   0: 0x80009d74 (0x00006f17) auipc   t5, 0x6
core   0: 3 0x80009d74 (0x00006f17) x30 0x8000fd74
core   0: 0x80009d78 (0x283f2623) sw      gp, 652(t5)
core   0: 3 0x80009d78 (0x283f2623) mem 0x80010000 0x00000001
core   0: 0x80009d7c (0xff9ff06f) j       pc - 0x8
core   0: 3 0x80009d7c (0xff9ff06f)
core   0: 0x80009d74 (0x00006f17) auipc   t5, 0x6
core   0: 3 0x80009d74 (0x00006f17) x30 0x8000fd74
core   0: 0x80009d78 (0x283f2623) sw      gp, 652(t5)
core   0: 3 0x80009d78 (0x283f2623) mem 0x80010000 0x00000001
core   0: 0x80009d7c (0xff9ff06f) j       pc - 0x8
core   0: 3 0x80009d7c (0xff9ff06f)
core   0: 0x80009d74 (0x00006f17) auipc   t5, 0x6
core   0: 3 0x80009d74 (0x00006f17) x30 0x8000fd74
core   0: 0x80009d78 (0x283f2623) sw      gp, 652(t5)
core   0: 3 0x80009d78 (0x283f2623) mem 0x80010000 0x00000001
core   0: 0x80009d7c (0xff9ff06f) j       pc - 0x8
core   0: 3 0x80009d7c (0xff9ff06f)
core   0: 0x80009d74 (0x00006f17) auipc   t5, 0x6
core   0: 3 0x80009d74 (0x00006f17) x30 0x8000fd74
core   0: 0x80009d78 (0x283f2623) sw      gp, 652(t5)
core   0: 3 0x80009d78 (0x283f2623) mem 0x80010000 0x00000001
core   0: 0x80009d7c (0xff9ff06f) j       pc - 0x8
core   0: 3 0x80009d7c (0xff9ff06f)
core   0: 0x80009d74 (0x00006f17) auipc   t5, 0x6
core   0: 3 0x80009d74 (0x00006f17) x30 0x8000fd74
core   0: 0x80009d78 (0x283f2623) sw      gp, 652(t5)
core   0: 3 0x80009d78 (0x283f2623) mem 0x80010000 0x00000001
core   0: 0x80009d7c (0xff9ff06f) j       pc - 0x8
core   0: 3 0x80009d7c (0xff9ff06f)
core   0: 0x80009d74 (0x00006f17) auipc   t5, 0x6
core   0: 3 0x80009d74 (0x00006f17) x30 0x8000fd74
core   0: 0x80009d78 (0x283f2623) sw      gp, 652(t5)
core   0: 3 0x80009d78 (0x283f2623) mem 0x80010000 0x00000001
core   0: 0x80009d7c (0xff9ff06f) j       pc - 0x8
core   0: 3 0x80009d7c (0xff9ff06f)
core   0: 0x80009d74 (0x00006f17) auipc   t5, 0x6
core   0: 3 0x80009d74 (0x00006f17) x30 0x8000fd74
core   0: 0x80009d78 (0x283f2623) sw      gp, 652(t5)
core   0: 3 0x80009d78 (0x283f2623) mem 0x80010000 0x00000001
core   0: 0x80009d7c (0xff9ff06f) j       pc - 0x8
core   0: 3 0x80009d7c (0xff9ff06f)
core   0: 0x80009d74 (0x00006f17) auipc   t5, 0x6
core   0: 3 0x80009d74 (0x00006f17) x30 0x8000fd74
core   0: 0x80009d78 (0x283f2623) sw      gp, 652(t5)
core   0: 3 0x80009d78 (0x283f2623) mem 0x80010000 0x00000001
core   0: 0x80009d7c (0xff9ff06f) j       pc - 0x8
core   0: 3 0x80009d7c (0xff9ff06f)
core   0: 0x80009d74 (0x00006f17) auipc   t5, 0x6
core   0: 3 0x80009d74 (0x00006f17) x30 0x8000fd74
core   0: 0x80009d78 (0x283f2623) sw      gp, 652(t5)
core   0: 3 0x80009d78 (0x283f2623) mem 0x80010000 0x00000001
core   0: 0x80009d7c (0xff9ff06f) j       pc - 0x8
core   0: 3 0x80009d7c (0xff9ff06f)
core   0: 0x80009d74 (0x00006f17) auipc   t5, 0x6
core   0: 3 0x80009d74 (0x00006f17) x30 0x8000fd74
core   0: 0x80009d78 (0x283f2623) sw      gp, 652(t5)
core   0: 3 0x80009d78 (0x283f2623) mem 0x80010000 0x00000001
core   0: 0x80009d7c (0xff9ff06f) j       pc - 0x8
core   0: 3 0x80009d7c (0xff9ff06f)
core   0: 0x80009d74 (0x00006f17) auipc   t5, 0x6
core   0: 3 0x80009d74 (0x00006f17) x30 0x8000fd74
core   0: 0x80009d78 (0x283f2623) sw      gp, 652(t5)
core   0: 3 0x80009d78 (0x283f2623) mem 0x80010000 0x00000001
core   0: 0x80009d7c (0xff9ff06f) j       pc - 0x8
core   0: 3 0x80009d7c (0xff9ff06f)
core   0: 0x80009d74 (0x00006f17) auipc   t5, 0x6
core   0: 3 0x80009d74 (0x00006f17) x30 0x8000fd74
core   0: 0x80009d78 (0x283f2623) sw      gp, 652(t5)
core   0: 3 0x80009d78 (0x283f2623) mem 0x80010000 0x00000001
core   0: 0x80009d7c (0xff9ff06f) j       pc - 0x8
core   0: 3 0x80009d7c (0xff9ff06f)
core   0: 0x80009d74 (0x00006f17) auipc   t5, 0x6
core   0: 3 0x80009d74 (0x00006f17) x30 0x8000fd74
core   0: 0x80009d78 (0x283f2623) sw      gp, 652(t5)
core   0: 3 0x80009d78 (0x283f2623) mem 0x80010000 0x00000001
core   0: 0x80009d7c (0xff9ff06f) j       pc - 0x8
core   0: 3 0x80009d7c (0xff9ff06f)
core   0: 0x80009d74 (0x00006f17) auipc   t5, 0x6
core   0: 3 0x80009d74 (0x00006f17) x30 0x8000fd74
core   0: 0x80009d78 (0x283f2623) sw      gp, 652(t5)
core   0: 3 0x80009d78 (0x283f2623) mem 0x80010000 0x00000001
core   0: 0x80009d7c (0xff9ff06f) j       pc - 0x8
core   0: 3 0x80009d7c (0xff9ff06f)
core   0: 0x80009d74 (0x00006f17) auipc   t5, 0x6
core   0: 3 0x80009d74 (0x00006f17) x30 0x8000fd74
core   0: 0x80009d78 (0x283f2623) sw      gp, 652(t5)
core   0: 3 0x80009d78 (0x283f2623) mem 0x80010000 0x00000001
core   0: 0x80009d7c (0xff9ff06f) j       pc - 0x8
core   0: 3 0x80009d7c (0xff9ff06f)
core   0: 0x80009d74 (0x00006f17) auipc   t5, 0x6
core   0: 3 0x80009d74 (0x00006f17) x30 0x8000fd74
core   0: 0x80009d78 (0x283f2623) sw      gp, 652(t5)
core   0: 3 0x80009d78 (0x283f2623) mem 0x80010000 0x00000001
core   0: 0x80009d7c (0xff9ff06f) j       pc - 0x8
core   0: 3 0x80009d7c (0xff9ff06f)
core   0: 0x80009d74 (0x00006f17) auipc   t5, 0x6
core   0: 3 0x80009d74 (0x00006f17) x30 0x8000fd74
core   0: 0x80009d78 (0x283f2623) sw      gp, 652(t5)
core   0: 3 0x80009d78 (0x283f2623) mem 0x80010000 0x00000001
core   0: 0x80009d7c (0xff9ff06f) j       pc - 0x8
core   0: 3 0x80009d7c (0xff9ff06f)
core   0: 0x80009d74 (0x00006f17) auipc   t5, 0x6
core   0: 3 0x80009d74 (0x00006f17) x30 0x8000fd74
core   0: 0x80009d78 (0x283f2623) sw      gp, 652(t5)
core   0: 3 0x80009d78 (0x283f2623) mem 0x80010000 0x00000001
core   0: 0x80009d7c (0xff9ff06f) j       pc - 0x8
core   0: 3 0x80009d7c (0xff9ff06f)
core   0: 0x80009d74 (0x00006f17) auipc   t5, 0x6
core   0: 3 0x80009d74 (0x00006f17) x30 0x8000fd74
core   0: 0x80009d78 (0x283f2623) sw      gp, 652(t5)
core   0: 3 0x80009d78 (0x283f2623) mem 0x80010000 0x00000001
core   0: 0x80009d7c (0xff9ff06f) j       pc - 0x8
core   0: 3 0x80009d7c (0xff9ff06f)
core   0: 0x80009d74 (0x00006f17) auipc   t5, 0x6
core   0: 3 0x80009d74 (0x00006f17) x30 0x8000fd74
core   0: 0x80009d78 (0x283f2623) sw      gp, 652(t5)
core   0: 3 0x80009d78 (0x283f2623) mem 0x80010000 0x00000001
core   0: 0x80009d7c (0xff9ff06f) j       pc - 0x8
core   0: 3 0x80009d7c (0xff9ff06f)
core   0: 0x80009d74 (0x00006f17) auipc   t5, 0x6
core   0: 3 0x80009d74 (0x00006f17) x30 0x8000fd74
core   0: 0x80009d78 (0x283f2623) sw      gp, 652(t5)
core   0: 3 0x80009d78 (0x283f2623) mem 0x80010000 0x00000001
core   0: 0x80009d7c (0xff9ff06f) j       pc - 0x8
core   0: 3 0x80009d7c (0xff9ff06f)
core   0: 0x80009d74 (0x00006f17) auipc   t5, 0x6
core   0: 3 0x80009d74 (0x00006f17) x30 0x8000fd74
core   0: 0x80009d78 (0x283f2623) sw      gp, 652(t5)
core   0: 3 0x80009d78 (0x283f2623) mem 0x80010000 0x00000001
core   0: 0x80009d7c (0xff9ff06f) j       pc - 0x8
core   0: 3 0x80009d7c (0xff9ff06f)
core   0: 0x80009d74 (0x00006f17) auipc   t5, 0x6
core   0: 3 0x80009d74 (0x00006f17) x30 0x8000fd74
core   0: 0x80009d78 (0x283f2623) sw      gp, 652(t5)
core   0: 3 0x80009d78 (0x283f2623) mem 0x80010000 0x00000001
core   0: 0x80009d7c (0xff9ff06f) j       pc - 0x8
core   0: 3 0x80009d7c (0xff9ff06f)
core   0: 0x80009d74 (0x00006f17) auipc   t5, 0x6
core   0: 3 0x80009d74 (0x00006f17) x30 0x8000fd74
core   0: 0x80009d78 (0x283f2623) sw      gp, 652(t5)
core   0: 3 0x80009d78 (0x283f2623) mem 0x80010000 0x00000001
core   0: 0x80009d7c (0xff9ff06f) j       pc - 0x8
core   0: 3 0x80009d7c (0xff9ff06f)
core   0: 0x80009d74 (0x00006f17) auipc   t5, 0x6
core   0: 3 0x80009d74 (0x00006f17) x30 0x8000fd74
core   0: 0x80009d78 (0x283f2623) sw      gp, 652(t5)
core   0: 3 0x80009d78 (0x283f2623) mem 0x80010000 0x00000001
core   0: 0x80009d7c (0xff9ff06f) j       pc - 0x8
core   0: 3 0x80009d7c (0xff9ff06f)
core   0: 0x80009d74 (0x00006f17) auipc   t5, 0x6
core   0: 3 0x80009d74 (0x00006f17) x30 0x8000fd74
core   0: 0x80009d78 (0x283f2623) sw      gp, 652(t5)
core   0: 3 0x80009d78 (0x283f2623) mem 0x80010000 0x00000001
core   0: 0x80009d7c (0xff9ff06f) j       pc - 0x8
core   0: 3 0x80009d7c (0xff9ff06f)
core   0: 0x80009d74 (0x00006f17) auipc   t5, 0x6
core   0: 3 0x80009d74 (0x00006f17) x30 0x8000fd74
core   0: 0x80009d78 (0x283f2623) sw      gp, 652(t5)
core   0: 3 0x80009d78 (0x283f2623) mem 0x80010000 0x00000001
core   0: 0x80009d7c (0xff9ff06f) j       pc - 0x8
core   0: 3 0x80009d7c (0xff9ff06f)
core   0: 0x80009d74 (0x00006f17) auipc   t5, 0x6
core   0: 3 0x80009d74 (0x00006f17) x30 0x8000fd74
core   0: 0x80009d78 (0x283f2623) sw      gp, 652(t5)
core   0: 3 0x80009d78 (0x283f2623) mem 0x80010000 0x00000001
core   0: 0x80009d7c (0xff9ff06f) j       pc - 0x8
core   0: 3 0x80009d7c (0xff9ff06f)
core   0: 0x80009d74 (0x00006f17) auipc   t5, 0x6
core   0: 3 0x80009d74 (0x00006f17) x30 0x8000fd74
core   0: 0x80009d78 (0x283f2623) sw      gp, 652(t5)
core   0: 3 0x80009d78 (0x283f2623) mem 0x80010000 0x00000001
core   0: 0x80009d7c (0xff9ff06f) j       pc - 0x8
core   0: 3 0x80009d7c (0xff9ff06f)
core   0: 0x80009d74 (0x00006f17) auipc   t5, 0x6
core   0: 3 0x80009d74 (0x00006f17) x30 0x8000fd74
core   0: 0x80009d78 (0x283f2623) sw      gp, 652(t5)
core   0: 3 0x80009d78 (0x283f2623) mem 0x80010000 0x00000001
core   0: 0x80009d7c (0xff9ff06f) j       pc - 0x8
core   0: 3 0x80009d7c (0xff9ff06f)
core   0: 0x80009d74 (0x00006f17) auipc   t5, 0x6
core   0: 3 0x80009d74 (0x00006f17) x30 0x8000fd74
core   0: 0x80009d78 (0x283f2623) sw      gp, 652(t5)
core   0: 3 0x80009d78 (0x283f2623) mem 0x80010000 0x00000001
core   0: 0x80009d7c (0xff9ff06f) j       pc - 0x8
core   0: 3 0x80009d7c (0xff9ff06f)
core   0: 0x80009d74 (0x00006f17) auipc   t5, 0x6
core   0: 3 0x80009d74 (0x00006f17) x30 0x8000fd74
core   0: 0x80009d78 (0x283f2623) sw      gp, 652(t5)
core   0: 3 0x80009d78 (0x283f2623) mem 0x80010000 0x00000001
core   0: 0x80009d7c (0xff9ff06f) j       pc - 0x8
core   0: 3 0x80009d7c (0xff9ff06f)
core   0: 0x80009d74 (0x00006f17) auipc   t5, 0x6
core   0: 3 0x80009d74 (0x00006f17) x30 0x8000fd74
core   0: 0x80009d78 (0x283f2623) sw      gp, 652(t5)
core   0: 3 0x80009d78 (0x283f2623) mem 0x80010000 0x00000001
core   0: 0x80009d7c (0xff9ff06f) j       pc - 0x8
core   0: 3 0x80009d7c (0xff9ff06f)
core   0: 0x80009d74 (0x00006f17) auipc   t5, 0x6
core   0: 3 0x80009d74 (0x00006f17) x30 0x8000fd74
core   0: 0x80009d78 (0x283f2623) sw      gp, 652(t5)
core   0: 3 0x80009d78 (0x283f2623) mem 0x80010000 0x00000001
core   0: 0x80009d7c (0xff9ff06f) j       pc - 0x8
core   0: 3 0x80009d7c (0xff9ff06f)
core   0: 0x80009d74 (0x00006f17) auipc   t5, 0x6
core   0: 3 0x80009d74 (0x00006f17) x30 0x8000fd74
core   0: 0x80009d78 (0x283f2623) sw      gp, 652(t5)
core   0: 3 0x80009d78 (0x283f2623) mem 0x80010000 0x00000001
core   0: 0x80009d7c (0xff9ff06f) j       pc - 0x8
core   0: 3 0x80009d7c (0xff9ff06f)
core   0: 0x80009d74 (0x00006f17) auipc   t5, 0x6
core   0: 3 0x80009d74 (0x00006f17) x30 0x8000fd74
core   0: 0x80009d78 (0x283f2623) sw      gp, 652(t5)
core   0: 3 0x80009d78 (0x283f2623) mem 0x80010000 0x00000001
core   0: 0x80009d7c (0xff9ff06f) j       pc - 0x8
core   0: 3 0x80009d7c (0xff9ff06f)
core   0: 0x80009d74 (0x00006f17) auipc   t5, 0x6
core   0: 3 0x80009d74 (0x00006f17) x30 0x8000fd74
core   0: 0x80009d78 (0x283f2623) sw      gp, 652(t5)
core   0: 3 0x80009d78 (0x283f2623) mem 0x80010000 0x00000001
core   0: 0x80009d7c (0xff9ff06f) j       pc - 0x8
core   0: 3 0x80009d7c (0xff9ff06f)
core   0: 0x80009d74 (0x00006f17) auipc   t5, 0x6
core   0: 3 0x80009d74 (0x00006f17) x30 0x8000fd74
core   0: 0x80009d78 (0x283f2623) sw      gp, 652(t5)
core   0: 3 0x80009d78 (0x283f2623) mem 0x80010000 0x00000001
core   0: 0x80009d7c (0xff9ff06f) j       pc - 0x8
core   0: 3 0x80009d7c (0xff9ff06f)
core   0: 0x80009d74 (0x00006f17) auipc   t5, 0x6
core   0: 3 0x80009d74 (0x00006f17) x30 0x8000fd74
core   0: 0x80009d78 (0x283f2623) sw      gp, 652(t5)
core   0: 3 0x80009d78 (0x283f2623) mem 0x80010000 0x00000001
core   0: 0x80009d7c (0xff9ff06f) j       pc - 0x8
core   0: 3 0x80009d7c (0xff9ff06f)
core   0: 0x80009d74 (0x00006f17) auipc   t5, 0x6
core   0: 3 0x80009d74 (0x00006f17) x30 0x8000fd74
core   0: 0x80009d78 (0x283f2623) sw      gp, 652(t5)
core   0: 3 0x80009d78 (0x283f2623) mem 0x80010000 0x00000001
core   0: 0x80009d7c (0xff9ff06f) j       pc - 0x8
core   0: 3 0x80009d7c (0xff9ff06f)
core   0: 0x80009d74 (0x00006f17) auipc   t5, 0x6
core   0: 3 0x80009d74 (0x00006f17) x30 0x8000fd74
core   0: 0x80009d78 (0x283f2623) sw      gp, 652(t5)
core   0: 3 0x80009d78 (0x283f2623) mem 0x80010000 0x00000001
core   0: 0x80009d7c (0xff9ff06f) j       pc - 0x8
core   0: 3 0x80009d7c (0xff9ff06f)
core   0: 0x80009d74 (0x00006f17) auipc   t5, 0x6
core   0: 3 0x80009d74 (0x00006f17) x30 0x8000fd74
core   0: 0x80009d78 (0x283f2623) sw      gp, 652(t5)
core   0: 3 0x80009d78 (0x283f2623) mem 0x80010000 0x00000001
core   0: 0x80009d7c (0xff9ff06f) j       pc - 0x8
core   0: 3 0x80009d7c (0xff9ff06f)
core   0: 0x80009d74 (0x00006f17) auipc   t5, 0x6
core   0: 3 0x80009d74 (0x00006f17) x30 0x8000fd74
core   0: 0x80009d78 (0x283f2623) sw      gp, 652(t5)
core   0: 3 0x80009d78 (0x283f2623) mem 0x80010000 0x00000001
core   0: 0x80009d7c (0xff9ff06f) j       pc - 0x8
core   0: 3 0x80009d7c (0xff9ff06f)
core   0: 0x80009d74 (0x00006f17) auipc   t5, 0x6
core   0: 3 0x80009d74 (0x00006f17) x30 0x8000fd74
core   0: 0x80009d78 (0x283f2623) sw      gp, 652(t5)
core   0: 3 0x80009d78 (0x283f2623) mem 0x80010000 0x00000001
core   0: 0x80009d7c (0xff9ff06f) j       pc - 0x8
core   0: 3 0x80009d7c (0xff9ff06f)
core   0: 0x80009d74 (0x00006f17) auipc   t5, 0x6
core   0: 3 0x80009d74 (0x00006f17) x30 0x8000fd74
core   0: 0x80009d78 (0x283f2623) sw      gp, 652(t5)
core   0: 3 0x80009d78 (0x283f2623) mem 0x80010000 0x00000001
core   0: 0x80009d7c (0xff9ff06f) j       pc - 0x8
core   0: 3 0x80009d7c (0xff9ff06f)
core   0: 0x80009d74 (0x00006f17) auipc   t5, 0x6
core   0: 3 0x80009d74 (0x00006f17) x30 0x8000fd74
core   0: 0x80009d78 (0x283f2623) sw      gp, 652(t5)
core   0: 3 0x80009d78 (0x283f2623) mem 0x80010000 0x00000001
core   0: 0x80009d7c (0xff9ff06f) j       pc - 0x8
core   0: 3 0x80009d7c (0xff9ff06f)
core   0: 0x80009d74 (0x00006f17) auipc   t5, 0x6
core   0: 3 0x80009d74 (0x00006f17) x30 0x8000fd74
core   0: 0x80009d78 (0x283f2623) sw      gp, 652(t5)
core   0: 3 0x80009d78 (0x283f2623) mem 0x80010000 0x00000001
core   0: 0x80009d7c (0xff9ff06f) j       pc - 0x8
core   0: 3 0x80009d7c (0xff9ff06f)
core   0: 0x80009d74 (0x00006f17) auipc   t5, 0x6
core   0: 3 0x80009d74 (0x00006f17) x30 0x8000fd74
core   0: 0x80009d78 (0x283f2623) sw      gp, 652(t5)
core   0: 3 0x80009d78 (0x283f2623) mem 0x80010000 0x00000001
core   0: 0x80009d7c (0xff9ff06f) j       pc - 0x8
core   0: 3 0x80009d7c (0xff9ff06f)
core   0: 0x80009d74 (0x00006f17) auipc   t5, 0x6
core   0: 3 0x80009d74 (0x00006f17) x30 0x8000fd74
core   0: 0x80009d78 (0x283f2623) sw      gp, 652(t5)
core   0: 3 0x80009d78 (0x283f2623) mem 0x80010000 0x00000001
core   0: 0x80009d7c (0xff9ff06f) j       pc - 0x8
core   0: 3 0x80009d7c (0xff9ff06f)
core   0: 0x80009d74 (0x00006f17) auipc   t5, 0x6
core   0: 3 0x80009d74 (0x00006f17) x30 0x8000fd74
core   0: 0x80009d78 (0x283f2623) sw      gp, 652(t5)
core   0: 3 0x80009d78 (0x283f2623) mem 0x80010000 0x00000001
core   0: 0x80009d7c (0xff9ff06f) j       pc - 0x8
core   0: 3 0x80009d7c (0xff9ff06f)
core   0: 0x80009d74 (0x00006f17) auipc   t5, 0x6
core   0: 3 0x80009d74 (0x00006f17) x30 0x8000fd74
core   0: 0x80009d78 (0x283f2623) sw      gp, 652(t5)
core   0: 3 0x80009d78 (0x283f2623) mem 0x80010000 0x00000001
core   0: 0x80009d7c (0xff9ff06f) j       pc - 0x8
core   0: 3 0x80009d7c (0xff9ff06f)
core   0: 0x80009d74 (0x00006f17) auipc   t5, 0x6
core   0: 3 0x80009d74 (0x00006f17) x30 0x8000fd74
core   0: 0x80009d78 (0x283f2623) sw      gp, 652(t5)
core   0: 3 0x80009d78 (0x283f2623) mem 0x80010000 0x00000001
core   0: 0x80009d7c (0xff9ff06f) j       pc - 0x8
core   0: 3 0x80009d7c (0xff9ff06f)
core   0: 0x80009d74 (0x00006f17) auipc   t5, 0x6
core   0: 3 0x80009d74 (0x00006f17) x30 0x8000fd74
core   0: 0x80009d78 (0x283f2623) sw      gp, 652(t5)
core   0: 3 0x80009d78 (0x283f2623) mem 0x80010000 0x00000001
core   0: 0x80009d7c (0xff9ff06f) j       pc - 0x8
core   0: 3 0x80009d7c (0xff9ff06f)
core   0: 0x80009d74 (0x00006f17) auipc   t5, 0x6
core   0: 3 0x80009d74 (0x00006f17) x30 0x8000fd74
core   0: 0x80009d78 (0x283f2623) sw      gp, 652(t5)
core   0: 3 0x80009d78 (0x283f2623) mem 0x80010000 0x00000001
core   0: 0x80009d7c (0xff9ff06f) j       pc - 0x8
core   0: 3 0x80009d7c (0xff9ff06f)
core   0: 0x80009d74 (0x00006f17) auipc   t5, 0x6
core   0: 3 0x80009d74 (0x00006f17) x30 0x8000fd74
core   0: 0x80009d78 (0x283f2623) sw      gp, 652(t5)
core   0: 3 0x80009d78 (0x283f2623) mem 0x80010000 0x00000001
core   0: 0x80009d7c (0xff9ff06f) j       pc - 0x8
core   0: 3 0x80009d7c (0xff9ff06f)
core   0: 0x80009d74 (0x00006f17) auipc   t5, 0x6
core   0: 3 0x80009d74 (0x00006f17) x30 0x8000fd74
core   0: 0x80009d78 (0x283f2623) sw      gp, 652(t5)
core   0: 3 0x80009d78 (0x283f2623) mem 0x80010000 0x00000001
core   0: 0x80009d7c (0xff9ff06f) j       pc - 0x8
core   0: 3 0x80009d7c (0xff9ff06f)
core   0: 0x80009d74 (0x00006f17) auipc   t5, 0x6
core   0: 3 0x80009d74 (0x00006f17) x30 0x8000fd74
core   0: 0x80009d78 (0x283f2623) sw      gp, 652(t5)
core   0: 3 0x80009d78 (0x283f2623) mem 0x80010000 0x00000001
core   0: 0x80009d7c (0xff9ff06f) j       pc - 0x8
core   0: 3 0x80009d7c (0xff9ff06f)
core   0: 0x80009d74 (0x00006f17) auipc   t5, 0x6
core   0: 3 0x80009d74 (0x00006f17) x30 0x8000fd74
core   0: 0x80009d78 (0x283f2623) sw      gp, 652(t5)
core   0: 3 0x80009d78 (0x283f2623) mem 0x80010000 0x00000001
core   0: 0x80009d7c (0xff9ff06f) j       pc - 0x8
core   0: 3 0x80009d7c (0xff9ff06f)
core   0: 0x80009d74 (0x00006f17) auipc   t5, 0x6
core   0: 3 0x80009d74 (0x00006f17) x30 0x8000fd74
core   0: 0x80009d78 (0x283f2623) sw      gp, 652(t5)
core   0: 3 0x80009d78 (0x283f2623) mem 0x80010000 0x00000001
core   0: 0x80009d7c (0xff9ff06f) j       pc - 0x8
core   0: 3 0x80009d7c (0xff9ff06f)
core   0: 0x80009d74 (0x00006f17) auipc   t5, 0x6
core   0: 3 0x80009d74 (0x00006f17) x30 0x8000fd74
core   0: 0x80009d78 (0x283f2623) sw      gp, 652(t5)
core   0: 3 0x80009d78 (0x283f2623) mem 0x80010000 0x00000001
core   0: 0x80009d7c (0xff9ff06f) j       pc - 0x8
core   0: 3 0x80009d7c (0xff9ff06f)
core   0: 0x80009d74 (0x00006f17) auipc   t5, 0x6
core   0: 3 0x80009d74 (0x00006f17) x30 0x8000fd74
core   0: 0x80009d78 (0x283f2623) sw      gp, 652(t5)
core   0: 3 0x80009d78 (0x283f2623) mem 0x80010000 0x00000001
core   0: 0x80009d7c (0xff9ff06f) j       pc - 0x8
core   0: 3 0x80009d7c (0xff9ff06f)
core   0: 0x80009d74 (0x00006f17) auipc   t5, 0x6
core   0: 3 0x80009d74 (0x00006f17) x30 0x8000fd74
core   0: 0x80009d78 (0x283f2623) sw      gp, 652(t5)
core   0: 3 0x80009d78 (0x283f2623) mem 0x80010000 0x00000001
core   0: 0x80009d7c (0xff9ff06f) j       pc - 0x8
core   0: 3 0x80009d7c (0xff9ff06f)
core   0: 0x80009d74 (0x00006f17) auipc   t5, 0x6
core   0: 3 0x80009d74 (0x00006f17) x30 0x8000fd74
core   0: 0x80009d78 (0x283f2623) sw      gp, 652(t5)
core   0: 3 0x80009d78 (0x283f2623) mem 0x80010000 0x00000001
core   0: 0x80009d7c (0xff9ff06f) j       pc - 0x8
core   0: 3 0x80009d7c (0xff9ff06f)
core   0: 0x80009d74 (0x00006f17) auipc   t5, 0x6
core   0: 3 0x80009d74 (0x00006f17) x30 0x8000fd74
core   0: 0x80009d78 (0x283f2623) sw      gp, 652(t5)
core   0: 3 0x80009d78 (0x283f2623) mem 0x80010000 0x00000001
core   0: 0x80009d7c (0xff9ff06f) j       pc - 0x8
core   0: 3 0x80009d7c (0xff9ff06f)
core   0: 0x80009d74 (0x00006f17) auipc   t5, 0x6
core   0: 3 0x80009d74 (0x00006f17) x30 0x8000fd74
core   0: 0x80009d78 (0x283f2623) sw      gp, 652(t5)
core   0: 3 0x80009d78 (0x283f2623) mem 0x80010000 0x00000001
core   0: 0x80009d7c (0xff9ff06f) j       pc - 0x8
core   0: 3 0x80009d7c (0xff9ff06f)
core   0: 0x80009d74 (0x00006f17) auipc   t5, 0x6
core   0: 3 0x80009d74 (0x00006f17) x30 0x8000fd74
core   0: 0x80009d78 (0x283f2623) sw      gp, 652(t5)
core   0: 3 0x80009d78 (0x283f2623) mem 0x80010000 0x00000001
core   0: 0x80009d7c (0xff9ff06f) j       pc - 0x8
core   0: 3 0x80009d7c (0xff9ff06f)
core   0: 0x80009d74 (0x00006f17) auipc   t5, 0x6
core   0: 3 0x80009d74 (0x00006f17) x30 0x8000fd74
core   0: 0x80009d78 (0x283f2623) sw      gp, 652(t5)
core   0: 3 0x80009d78 (0x283f2623) mem 0x80010000 0x00000001
core   0: 0x80009d7c (0xff9ff06f) j       pc - 0x8
core   0: 3 0x80009d7c (0xff9ff06f)
core   0: 0x80009d74 (0x00006f17) auipc   t5, 0x6
core   0: 3 0x80009d74 (0x00006f17) x30 0x8000fd74
core   0: 0x80009d78 (0x283f2623) sw      gp, 652(t5)
core   0: 3 0x80009d78 (0x283f2623) mem 0x80010000 0x00000001
core   0: 0x80009d7c (0xff9ff06f) j       pc - 0x8
core   0: 3 0x80009d7c (0xff9ff06f)
core   0: 0x80009d74 (0x00006f17) auipc   t5, 0x6
core   0: 3 0x80009d74 (0x00006f17) x30 0x8000fd74
core   0: 0x80009d78 (0x283f2623) sw      gp, 652(t5)
core   0: 3 0x80009d78 (0x283f2623) mem 0x80010000 0x00000001
core   0: 0x80009d7c (0xff9ff06f) j       pc - 0x8
core   0: 3 0x80009d7c (0xff9ff06f)
core   0: 0x80009d74 (0x00006f17) auipc   t5, 0x6
core   0: 3 0x80009d74 (0x00006f17) x30 0x8000fd74
core   0: 0x80009d78 (0x283f2623) sw      gp, 652(t5)
core   0: 3 0x80009d78 (0x283f2623) mem 0x80010000 0x00000001
core   0: 0x80009d7c (0xff9ff06f) j       pc - 0x8
core   0: 3 0x80009d7c (0xff9ff06f)
core   0: 0x80009d74 (0x00006f17) auipc   t5, 0x6
core   0: 3 0x80009d74 (0x00006f17) x30 0x8000fd74
core   0: 0x80009d78 (0x283f2623) sw      gp, 652(t5)
core   0: 3 0x80009d78 (0x283f2623) mem 0x80010000 0x00000001
core   0: 0x80009d7c (0xff9ff06f) j       pc - 0x8
core   0: 3 0x80009d7c (0xff9ff06f)
core   0: 0x80009d74 (0x00006f17) auipc   t5, 0x6
core   0: 3 0x80009d74 (0x00006f17) x30 0x8000fd74
core   0: 0x80009d78 (0x283f2623) sw      gp, 652(t5)
core   0: 3 0x80009d78 (0x283f2623) mem 0x80010000 0x00000001
core   0: 0x80009d7c (0xff9ff06f) j       pc - 0x8
core   0: 3 0x80009d7c (0xff9ff06f)
core   0: 0x80009d74 (0x00006f17) auipc   t5, 0x6
core   0: 3 0x80009d74 (0x00006f17) x30 0x8000fd74
core   0: 0x80009d78 (0x283f2623) sw      gp, 652(t5)
core   0: 3 0x80009d78 (0x283f2623) mem 0x80010000 0x00000001
core   0: 0x80009d7c (0xff9ff06f) j       pc - 0x8
core   0: 3 0x80009d7c (0xff9ff06f)
core   0: 0x80009d74 (0x00006f17) auipc   t5, 0x6
core   0: 3 0x80009d74 (0x00006f17) x30 0x8000fd74
core   0: 0x80009d78 (0x283f2623) sw      gp, 652(t5)
core   0: 3 0x80009d78 (0x283f2623) mem 0x80010000 0x00000001
core   0: 0x80009d7c (0xff9ff06f) j       pc - 0x8
core   0: 3 0x80009d7c (0xff9ff06f)
core   0: 0x80009d74 (0x00006f17) auipc   t5, 0x6
core   0: 3 0x80009d74 (0x00006f17) x30 0x8000fd74
core   0: 0x80009d78 (0x283f2623) sw      gp, 652(t5)
core   0: 3 0x80009d78 (0x283f2623) mem 0x80010000 0x00000001
core   0: 0x80009d7c (0xff9ff06f) j       pc - 0x8
core   0: 3 0x80009d7c (0xff9ff06f)
core   0: 0x80009d74 (0x00006f17) auipc   t5, 0x6
core   0: 3 0x80009d74 (0x00006f17) x30 0x8000fd74
core   0: 0x80009d78 (0x283f2623) sw      gp, 652(t5)
core   0: 3 0x80009d78 (0x283f2623) mem 0x80010000 0x00000001
core   0: 0x80009d7c (0xff9ff06f) j       pc - 0x8
core   0: 3 0x80009d7c (0xff9ff06f)
core   0: 0x80009d74 (0x00006f17) auipc   t5, 0x6
core   0: 3 0x80009d74 (0x00006f17) x30 0x8000fd74
core   0: 0x80009d78 (0x283f2623) sw      gp, 652(t5)
core   0: 3 0x80009d78 (0x283f2623) mem 0x80010000 0x00000001
core   0: 0x80009d7c (0xff9ff06f) j       pc - 0x8
core   0: 3 0x80009d7c (0xff9ff06f)
core   0: 0x80009d74 (0x00006f17) auipc   t5, 0x6
core   0: 3 0x80009d74 (0x00006f17) x30 0x8000fd74
core   0: 0x80009d78 (0x283f2623) sw      gp, 652(t5)
core   0: 3 0x80009d78 (0x283f2623) mem 0x80010000 0x00000001
core   0: 0x80009d7c (0xff9ff06f) j       pc - 0x8
core   0: 3 0x80009d7c (0xff9ff06f)
core   0: 0x80009d74 (0x00006f17) auipc   t5, 0x6
core   0: 3 0x80009d74 (0x00006f17) x30 0x8000fd74
core   0: 0x80009d78 (0x283f2623) sw      gp, 652(t5)
core   0: 3 0x80009d78 (0x283f2623) mem 0x80010000 0x00000001
core   0: 0x80009d7c (0xff9ff06f) j       pc - 0x8
core   0: 3 0x80009d7c (0xff9ff06f)
core   0: 0x80009d74 (0x00006f17) auipc   t5, 0x6
core   0: 3 0x80009d74 (0x00006f17) x30 0x8000fd74
core   0: 0x80009d78 (0x283f2623) sw      gp, 652(t5)
core   0: 3 0x80009d78 (0x283f2623) mem 0x80010000 0x00000001
core   0: 0x80009d7c (0xff9ff06f) j       pc - 0x8
core   0: 3 0x80009d7c (0xff9ff06f)
core   0: 0x80009d74 (0x00006f17) auipc   t5, 0x6
core   0: 3 0x80009d74 (0x00006f17) x30 0x8000fd74
core   0: 0x80009d78 (0x283f2623) sw      gp, 652(t5)
core   0: 3 0x80009d78 (0x283f2623) mem 0x80010000 0x00000001
core   0: 0x80009d7c (0xff9ff06f) j       pc - 0x8
core   0: 3 0x80009d7c (0xff9ff06f)
core   0: 0x80009d74 (0x00006f17) auipc   t5, 0x6
core   0: 3 0x80009d74 (0x00006f17) x30 0x8000fd74
core   0: 0x80009d78 (0x283f2623) sw      gp, 652(t5)
core   0: 3 0x80009d78 (0x283f2623) mem 0x80010000 0x00000001
core   0: 0x80009d7c (0xff9ff06f) j       pc - 0x8
core   0: 3 0x80009d7c (0xff9ff06f)
core   0: 0x80009d74 (0x00006f17) auipc   t5, 0x6
core   0: 3 0x80009d74 (0x00006f17) x30 0x8000fd74
core   0: 0x80009d78 (0x283f2623) sw      gp, 652(t5)
core   0: 3 0x80009d78 (0x283f2623) mem 0x80010000 0x00000001
core   0: 0x80009d7c (0xff9ff06f) j       pc - 0x8
core   0: 3 0x80009d7c (0xff9ff06f)
core   0: 0x80009d74 (0x00006f17) auipc   t5, 0x6
core   0: 3 0x80009d74 (0x00006f17) x30 0x8000fd74
core   0: 0x80009d78 (0x283f2623) sw      gp, 652(t5)
core   0: 3 0x80009d78 (0x283f2623) mem 0x80010000 0x00000001
core   0: 0x80009d7c (0xff9ff06f) j       pc - 0x8
core   0: 3 0x80009d7c (0xff9ff06f)
core   0: 0x80009d74 (0x00006f17) auipc   t5, 0x6
core   0: 3 0x80009d74 (0x00006f17) x30 0x8000fd74
core   0: 0x80009d78 (0x283f2623) sw      gp, 652(t5)
core   0: 3 0x80009d78 (0x283f2623) mem 0x80010000 0x00000001
core   0: 0x80009d7c (0xff9ff06f) j       pc - 0x8
core   0: 3 0x80009d7c (0xff9ff06f)
core   0: 0x80009d74 (0x00006f17) auipc   t5, 0x6
core   0: 3 0x80009d74 (0x00006f17) x30 0x8000fd74
core   0: 0x80009d78 (0x283f2623) sw      gp, 652(t5)
core   0: 3 0x80009d78 (0x283f2623) mem 0x80010000 0x00000001
core   0: 0x80009d7c (0xff9ff06f) j       pc - 0x8
core   0: 3 0x80009d7c (0xff9ff06f)
core   0: 0x80009d74 (0x00006f17) auipc   t5, 0x6
core   0: 3 0x80009d74 (0x00006f17) x30 0x8000fd74
core   0: 0x80009d78 (0x283f2623) sw      gp, 652(t5)
core   0: 3 0x80009d78 (0x283f2623) mem 0x80010000 0x00000001
core   0: 0x80009d7c (0xff9ff06f) j       pc - 0x8
core   0: 3 0x80009d7c (0xff9ff06f)
core   0: 0x80009d74 (0x00006f17) auipc   t5, 0x6
core   0: 3 0x80009d74 (0x00006f17) x30 0x8000fd74
core   0: 0x80009d78 (0x283f2623) sw      gp, 652(t5)
core   0: 3 0x80009d78 (0x283f2623) mem 0x80010000 0x00000001
core   0: 0x80009d7c (0xff9ff06f) j       pc - 0x8
core   0: 3 0x80009d7c (0xff9ff06f)
core   0: 0x80009d74 (0x00006f17) auipc   t5, 0x6
core   0: 3 0x80009d74 (0x00006f17) x30 0x8000fd74
core   0: 0x80009d78 (0x283f2623) sw      gp, 652(t5)
core   0: 3 0x80009d78 (0x283f2623) mem 0x80010000 0x00000001
core   0: 0x80009d7c (0xff9ff06f) j       pc - 0x8
core   0: 3 0x80009d7c (0xff9ff06f)
core   0: 0x80009d74 (0x00006f17) auipc   t5, 0x6
core   0: 3 0x80009d74 (0x00006f17) x30 0x8000fd74
core   0: 0x80009d78 (0x283f2623) sw      gp, 652(t5)
core   0: 3 0x80009d78 (0x283f2623) mem 0x80010000 0x00000001
core   0: 0x80009d7c (0xff9ff06f) j       pc - 0x8
core   0: 3 0x80009d7c (0xff9ff06f)
core   0: 0x80009d74 (0x00006f17) auipc   t5, 0x6
core   0: 3 0x80009d74 (0x00006f17) x30 0x8000fd74
core   0: 0x80009d78 (0x283f2623) sw      gp, 652(t5)
core   0: 3 0x80009d78 (0x283f2623) mem 0x80010000 0x00000001
core   0: 0x80009d7c (0xff9ff06f) j       pc - 0x8
core   0: 3 0x80009d7c (0xff9ff06f)
core   0: 0x80009d74 (0x00006f17) auipc   t5, 0x6
core   0: 3 0x80009d74 (0x00006f17) x30 0x8000fd74
core   0: 0x80009d78 (0x283f2623) sw      gp, 652(t5)
core   0: 3 0x80009d78 (0x283f2623) mem 0x80010000 0x00000001
core   0: 0x80009d7c (0xff9ff06f) j       pc - 0x8
core   0: 3 0x80009d7c (0xff9ff06f)
core   0: 0x80009d74 (0x00006f17) auipc   t5, 0x6
core   0: 3 0x80009d74 (0x00006f17) x30 0x8000fd74
core   0: 0x80009d78 (0x283f2623) sw      gp, 652(t5)
core   0: 3 0x80009d78 (0x283f2623) mem 0x80010000 0x00000001
core   0: 0x80009d7c (0xff9ff06f) j       pc - 0x8
core   0: 3 0x80009d7c (0xff9ff06f)
core   0: 0x80009d74 (0x00006f17) auipc   t5, 0x6
core   0: 3 0x80009d74 (0x00006f17) x30 0x8000fd74
core   0: 0x80009d78 (0x283f2623) sw      gp, 652(t5)
core   0: 3 0x80009d78 (0x283f2623) mem 0x80010000 0x00000001
core   0: 0x80009d7c (0xff9ff06f) j       pc - 0x8
core   0: 3 0x80009d7c (0xff9ff06f)
core   0: 0x80009d74 (0x00006f17) auipc   t5, 0x6
core   0: 3 0x80009d74 (0x00006f17) x30 0x8000fd74
core   0: 0x80009d78 (0x283f2623) sw      gp, 652(t5)
core   0: 3 0x80009d78 (0x283f2623) mem 0x80010000 0x00000001
core   0: 0x80009d7c (0xff9ff06f) j       pc - 0x8
core   0: 3 0x80009d7c (0xff9ff06f)
core   0: 0x80009d74 (0x00006f17) auipc   t5, 0x6
core   0: 3 0x80009d74 (0x00006f17) x30 0x8000fd74
core   0: 0x80009d78 (0x283f2623) sw      gp, 652(t5)
core   0: 3 0x80009d78 (0x283f2623) mem 0x80010000 0x00000001
core   0: 0x80009d7c (0xff9ff06f) j       pc - 0x8
core   0: 3 0x80009d7c (0xff9ff06f)
core   0: 0x80009d74 (0x00006f17) auipc   t5, 0x6
core   0: 3 0x80009d74 (0x00006f17) x30 0x8000fd74
core   0: 0x80009d78 (0x283f2623) sw      gp, 652(t5)
core   0: 3 0x80009d78 (0x283f2623) mem 0x80010000 0x00000001
core   0: 0x80009d7c (0xff9ff06f) j       pc - 0x8
core   0: 3 0x80009d7c (0xff9ff06f)
core   0: 0x80009d74 (0x00006f17) auipc   t5, 0x6
core   0: 3 0x80009d74 (0x00006f17) x30 0x8000fd74
core   0: 0x80009d78 (0x283f2623) sw      gp, 652(t5)
core   0: 3 0x80009d78 (0x283f2623) mem 0x80010000 0x00000001
core   0: 0x80009d7c (0xff9ff06f) j       pc - 0x8
core   0: 3 0x80009d7c (0xff9ff06f)
core   0: 0x80009d74 (0x00006f17) auipc   t5, 0x6
core   0: 3 0x80009d74 (0x00006f17) x30 0x8000fd74
core   0: 0x80009d78 (0x283f2623) sw      gp, 652(t5)
core   0: 3 0x80009d78 (0x283f2623) mem 0x80010000 0x00000001
core   0: 0x80009d7c (0xff9ff06f) j       pc - 0x8
core   0: 3 0x80009d7c (0xff9ff06f)
core   0: 0x80009d74 (0x00006f17) auipc   t5, 0x6
core   0: 3 0x80009d74 (0x00006f17) x30 0x8000fd74
core   0: 0x80009d78 (0x283f2623) sw      gp, 652(t5)
core   0: 3 0x80009d78 (0x283f2623) mem 0x80010000 0x00000001
core   0: 0x80009d7c (0xff9ff06f) j       pc - 0x8
core   0: 3 0x80009d7c (0xff9ff06f)
core   0: 0x80009d74 (0x00006f17) auipc   t5, 0x6
core   0: 3 0x80009d74 (0x00006f17) x30 0x8000fd74
core   0: 0x80009d78 (0x283f2623) sw      gp, 652(t5)
core   0: 3 0x80009d78 (0x283f2623) mem 0x80010000 0x00000001
core   0: 0x80009d7c (0xff9ff06f) j       pc - 0x8
core   0: 3 0x80009d7c (0xff9ff06f)
core   0: 0x80009d74 (0x00006f17) auipc   t5, 0x6
core   0: 3 0x80009d74 (0x00006f17) x30 0x8000fd74
core   0: 0x80009d78 (0x283f2623) sw      gp, 652(t5)
core   0: 3 0x80009d78 (0x283f2623) mem 0x80010000 0x00000001
core   0: 0x80009d7c (0xff9ff06f) j       pc - 0x8
core   0: 3 0x80009d7c (0xff9ff06f)
core   0: 0x80009d74 (0x00006f17) auipc   t5, 0x6
core   0: 3 0x80009d74 (0x00006f17) x30 0x8000fd74
core   0: 0x80009d78 (0x283f2623) sw      gp, 652(t5)
core   0: 3 0x80009d78 (0x283f2623) mem 0x80010000 0x00000001
core   0: 0x80009d7c (0xff9ff06f) j       pc - 0x8
core   0: 3 0x80009d7c (0xff9ff06f)
core   0: 0x80009d74 (0x00006f17) auipc   t5, 0x6
core   0: 3 0x80009d74 (0x00006f17) x30 0x8000fd74
core   0: 0x80009d78 (0x283f2623) sw      gp, 652(t5)
core   0: 3 0x80009d78 (0x283f2623) mem 0x80010000 0x00000001
core   0: 0x80009d7c (0xff9ff06f) j       pc - 0x8
core   0: 3 0x80009d7c (0xff9ff06f)
core   0: 0x80009d74 (0x00006f17) auipc   t5, 0x6
core   0: 3 0x80009d74 (0x00006f17) x30 0x8000fd74
core   0: 0x80009d78 (0x283f2623) sw      gp, 652(t5)
core   0: 3 0x80009d78 (0x283f2623) mem 0x80010000 0x00000001
core   0: 0x80009d7c (0xff9ff06f) j       pc - 0x8
core   0: 3 0x80009d7c (0xff9ff06f)
core   0: 0x80009d74 (0x00006f17) auipc   t5, 0x6
core   0: 3 0x80009d74 (0x00006f17) x30 0x8000fd74
core   0: 0x80009d78 (0x283f2623) sw      gp, 652(t5)
core   0: 3 0x80009d78 (0x283f2623) mem 0x80010000 0x00000001
core   0: 0x80009d7c (0xff9ff06f) j       pc - 0x8
core   0: 3 0x80009d7c (0xff9ff06f)
core   0: 0x80009d74 (0x00006f17) auipc   t5, 0x6
core   0: 3 0x80009d74 (0x00006f17) x30 0x8000fd74
core   0: 0x80009d78 (0x283f2623) sw      gp, 652(t5)
core   0: 3 0x80009d78 (0x283f2623) mem 0x80010000 0x00000001
core   0: 0x80009d7c (0xff9ff06f) j       pc - 0x8
core   0: 3 0x80009d7c (0xff9ff06f)
core   0: 0x80009d74 (0x00006f17) auipc   t5, 0x6
core   0: 3 0x80009d74 (0x00006f17) x30 0x8000fd74
core   0: 0x80009d78 (0x283f2623) sw      gp, 652(t5)
core   0: 3 0x80009d78 (0x283f2623) mem 0x80010000 0x00000001
core   0: 0x80009d7c (0xff9ff06f) j       pc - 0x8
core   0: 3 0x80009d7c (0xff9ff06f)
core   0: 0x80009d74 (0x00006f17) auipc   t5, 0x6
core   0: 3 0x80009d74 (0x00006f17) x30 0x8000fd74
core   0: 0x80009d78 (0x283f2623) sw      gp, 652(t5)
core   0: 3 0x80009d78 (0x283f2623) mem 0x80010000 0x00000001
core   0: 0x80009d7c (0xff9ff06f) j       pc - 0x8
core   0: 3 0x80009d7c (0xff9ff06f)
core   0: 0x80009d74 (0x00006f17) auipc   t5, 0x6
core   0: 3 0x80009d74 (0x00006f17) x30 0x8000fd74
core   0: 0x80009d78 (0x283f2623) sw      gp, 652(t5)
core   0: 3 0x80009d78 (0x283f2623) mem 0x80010000 0x00000001
core   0: 0x80009d7c (0xff9ff06f) j       pc - 0x8
core   0: 3 0x80009d7c (0xff9ff06f)
core   0: 0x80009d74 (0x00006f17) auipc   t5, 0x6
core   0: 3 0x80009d74 (0x00006f17) x30 0x8000fd74
core   0: 0x80009d78 (0x283f2623) sw      gp, 652(t5)
core   0: 3 0x80009d78 (0x283f2623) mem 0x80010000 0x00000001
core   0: 0x80009d7c (0xff9ff06f) j       pc - 0x8
core   0: 3 0x80009d7c (0xff9ff06f)
core   0: 0x80009d74 (0x00006f17) auipc   t5, 0x6
core   0: 3 0x80009d74 (0x00006f17) x30 0x8000fd74
core   0: 0x80009d78 (0x283f2623) sw      gp, 652(t5)
core   0: 3 0x80009d78 (0x283f2623) mem 0x80010000 0x00000001
core   0: 0x80009d7c (0xff9ff06f) j       pc - 0x8
core   0: 3 0x80009d7c (0xff9ff06f)
core   0: 0x80009d74 (0x00006f17) auipc   t5, 0x6
core   0: 3 0x80009d74 (0x00006f17) x30 0x8000fd74
core   0: 0x80009d78 (0x283f2623) sw      gp, 652(t5)
core   0: 3 0x80009d78 (0x283f2623) mem 0x80010000 0x00000001
core   0: 0x80009d7c (0xff9ff06f) j       pc - 0x8
core   0: 3 0x80009d7c (0xff9ff06f)
core   0: 0x80009d74 (0x00006f17) auipc   t5, 0x6
core   0: 3 0x80009d74 (0x00006f17) x30 0x8000fd74
core   0: 0x80009d78 (0x283f2623) sw      gp, 652(t5)
core   0: 3 0x80009d78 (0x283f2623) mem 0x80010000 0x00000001
core   0: 0x80009d7c (0xff9ff06f) j       pc - 0x8
core   0: 3 0x80009d7c (0xff9ff06f)
core   0: 0x80009d74 (0x00006f17) auipc   t5, 0x6
core   0: 3 0x80009d74 (0x00006f17) x30 0x8000fd74
core   0: 0x80009d78 (0x283f2623) sw      gp, 652(t5)
core   0: 3 0x80009d78 (0x283f2623) mem 0x80010000 0x00000001
core   0: 0x80009d7c (0xff9ff06f) j       pc - 0x8
core   0: 3 0x80009d7c (0xff9ff06f)
core   0: 0x80009d74 (0x00006f17) auipc   t5, 0x6
core   0: 3 0x80009d74 (0x00006f17) x30 0x8000fd74
core   0: 0x80009d78 (0x283f2623) sw      gp, 652(t5)
core   0: 3 0x80009d78 (0x283f2623) mem 0x80010000 0x00000001
core   0: 0x80009d7c (0xff9ff06f) j       pc - 0x8
core   0: 3 0x80009d7c (0xff9ff06f)
core   0: 0x80009d74 (0x00006f17) auipc   t5, 0x6
core   0: 3 0x80009d74 (0x00006f17) x30 0x8000fd74
core   0: 0x80009d78 (0x283f2623) sw      gp, 652(t5)
core   0: 3 0x80009d78 (0x283f2623) mem 0x80010000 0x00000001
core   0: 0x80009d7c (0xff9ff06f) j       pc - 0x8
core   0: 3 0x80009d7c (0xff9ff06f)
core   0: 0x80009d74 (0x00006f17) auipc   t5, 0x6
core   0: 3 0x80009d74 (0x00006f17) x30 0x8000fd74
core   0: 0x80009d78 (0x283f2623) sw      gp, 652(t5)
core   0: 3 0x80009d78 (0x283f2623) mem 0x80010000 0x00000001
core   0: 0x80009d7c (0xff9ff06f) j       pc - 0x8
core   0: 3 0x80009d7c (0xff9ff06f)
core   0: 0x80009d74 (0x00006f17) auipc   t5, 0x6
core   0: 3 0x80009d74 (0x00006f17) x30 0x8000fd74
core   0: 0x80009d78 (0x283f2623) sw      gp, 652(t5)
core   0: 3 0x80009d78 (0x283f2623) mem 0x80010000 0x00000001
core   0: 0x80009d7c (0xff9ff06f) j       pc - 0x8
core   0: 3 0x80009d7c (0xff9ff06f)
core   0: 0x80009d74 (0x00006f17) auipc   t5, 0x6
core   0: 3 0x80009d74 (0x00006f17) x30 0x8000fd74
core   0: 0x80009d78 (0x283f2623) sw      gp, 652(t5)
core   0: 3 0x80009d78 (0x283f2623) mem 0x80010000 0x00000001
core   0: 0x80009d7c (0xff9ff06f) j       pc - 0x8
core   0: 3 0x80009d7c (0xff9ff06f)
core   0: 0x80009d74 (0x00006f17) auipc   t5, 0x6
core   0: 3 0x80009d74 (0x00006f17) x30 0x8000fd74
core   0: 0x80009d78 (0x283f2623) sw      gp, 652(t5)
core   0: 3 0x80009d78 (0x283f2623) mem 0x80010000 0x00000001
core   0: 0x80009d7c (0xff9ff06f) j       pc - 0x8
core   0: 3 0x80009d7c (0xff9ff06f)
core   0: 0x80009d74 (0x00006f17) auipc   t5, 0x6
core   0: 3 0x80009d74 (0x00006f17) x30 0x8000fd74
core   0: 0x80009d78 (0x283f2623) sw      gp, 652(t5)
core   0: 3 0x80009d78 (0x283f2623) mem 0x80010000 0x00000001
core   0: 0x80009d7c (0xff9ff06f) j       pc - 0x8
core   0: 3 0x80009d7c (0xff9ff06f)
core   0: 0x80009d74 (0x00006f17) auipc   t5, 0x6
core   0: 3 0x80009d74 (0x00006f17) x30 0x8000fd74
core   0: 0x80009d78 (0x283f2623) sw      gp, 652(t5)
core   0: 3 0x80009d78 (0x283f2623) mem 0x80010000 0x00000001
core   0: 0x80009d7c (0xff9ff06f) j       pc - 0x8
core   0: 3 0x80009d7c (0xff9ff06f)
core   0: 0x80009d74 (0x00006f17) auipc   t5, 0x6
core   0: 3 0x80009d74 (0x00006f17) x30 0x8000fd74
core   0: 0x80009d78 (0x283f2623) sw      gp, 652(t5)
core   0: 3 0x80009d78 (0x283f2623) mem 0x80010000 0x00000001
core   0: 0x80009d7c (0xff9ff06f) j       pc - 0x8
core   0: 3 0x80009d7c (0xff9ff06f)
core   0: 0x80009d74 (0x00006f17) auipc   t5, 0x6
core   0: 3 0x80009d74 (0x00006f17) x30 0x8000fd74
core   0: 0x80009d78 (0x283f2623) sw      gp, 652(t5)
core   0: 3 0x80009d78 (0x283f2623) mem 0x80010000 0x00000001
core   0: 0x80009d7c (0xff9ff06f) j       pc - 0x8
core   0: 3 0x80009d7c (0xff9ff06f)
core   0: 0x80009d74 (0x00006f17) auipc   t5, 0x6
core   0: 3 0x80009d74 (0x00006f17) x30 0x8000fd74
core   0: 0x80009d78 (0x283f2623) sw      gp, 652(t5)
core   0: 3 0x80009d78 (0x283f2623) mem 0x80010000 0x00000001
core   0: 0x80009d7c (0xff9ff06f) j       pc - 0x8
core   0: 3 0x80009d7c (0xff9ff06f)
core   0: 0x80009d74 (0x00006f17) auipc   t5, 0x6
core   0: 3 0x80009d74 (0x00006f17) x30 0x8000fd74
core   0: 0x80009d78 (0x283f2623) sw      gp, 652(t5)
core   0: 3 0x80009d78 (0x283f2623) mem 0x80010000 0x00000001
core   0: 0x80009d7c (0xff9ff06f) j       pc - 0x8
core   0: 3 0x80009d7c (0xff9ff06f)
core   0: 0x80009d74 (0x00006f17) auipc   t5, 0x6
core   0: 3 0x80009d74 (0x00006f17) x30 0x8000fd74
core   0: 0x80009d78 (0x283f2623) sw      gp, 652(t5)
core   0: 3 0x80009d78 (0x283f2623) mem 0x80010000 0x00000001
core   0: 0x80009d7c (0xff9ff06f) j       pc - 0x8
core   0: 3 0x80009d7c (0xff9ff06f)
core   0: 0x80009d74 (0x00006f17) auipc   t5, 0x6
core   0: 3 0x80009d74 (0x00006f17) x30 0x8000fd74
core   0: 0x80009d78 (0x283f2623) sw      gp, 652(t5)
core   0: 3 0x80009d78 (0x283f2623) mem 0x80010000 0x00000001
core   0: 0x80009d7c (0xff9ff06f) j       pc - 0x8
core   0: 3 0x80009d7c (0xff9ff06f)
core   0: 0x80009d74 (0x00006f17) auipc   t5, 0x6
core   0: 3 0x80009d74 (0x00006f17) x30 0x8000fd74
core   0: 0x80009d78 (0x283f2623) sw      gp, 652(t5)
core   0: 3 0x80009d78 (0x283f2623) mem 0x80010000 0x00000001
core   0: 0x80009d7c (0xff9ff06f) j       pc - 0x8
core   0: 3 0x80009d7c (0xff9ff06f)
core   0: 0x80009d74 (0x00006f17) auipc   t5, 0x6
core   0: 3 0x80009d74 (0x00006f17) x30 0x8000fd74
core   0: 0x80009d78 (0x283f2623) sw      gp, 652(t5)
core   0: 3 0x80009d78 (0x283f2623) mem 0x80010000 0x00000001
core   0: 0x80009d7c (0xff9ff06f) j       pc - 0x8
core   0: 3 0x80009d7c (0xff9ff06f)
core   0: 0x80009d74 (0x00006f17) auipc   t5, 0x6
core   0: 3 0x80009d74 (0x00006f17) x30 0x8000fd74
core   0: 0x80009d78 (0x283f2623) sw      gp, 652(t5)
core   0: 3 0x80009d78 (0x283f2623) mem 0x80010000 0x00000001
core   0: 0x80009d7c (0xff9ff06f) j       pc - 0x8
core   0: 3 0x80009d7c (0xff9ff06f)
core   0: 0x80009d74 (0x00006f17) auipc   t5, 0x6
core   0: 3 0x80009d74 (0x00006f17) x30 0x8000fd74
core   0: 0x80009d78 (0x283f2623) sw      gp, 652(t5)
core   0: 3 0x80009d78 (0x283f2623) mem 0x80010000 0x00000001
core   0: 0x80009d7c (0xff9ff06f) j       pc - 0x8
core   0: 3 0x80009d7c (0xff9ff06f)
core   0: 0x80009d74 (0x00006f17) auipc   t5, 0x6
core   0: 3 0x80009d74 (0x00006f17) x30 0x8000fd74
core   0: 0x80009d78 (0x283f2623) sw      gp, 652(t5)
core   0: 3 0x80009d78 (0x283f2623) mem 0x80010000 0x00000001
core   0: 0x80009d7c (0xff9ff06f) j       pc - 0x8
core   0: 3 0x80009d7c (0xff9ff06f)
core   0: 0x80009d74 (0x00006f17) auipc   t5, 0x6
core   0: 3 0x80009d74 (0x00006f17) x30 0x8000fd74
core   0: 0x80009d78 (0x283f2623) sw      gp, 652(t5)
core   0: 3 0x80009d78 (0x283f2623) mem 0x80010000 0x00000001
core   0: 0x80009d7c (0xff9ff06f) j       pc - 0x8
core   0: 3 0x80009d7c (0xff9ff06f)
core   0: 0x80009d74 (0x00006f17) auipc   t5, 0x6
core   0: 3 0x80009d74 (0x00006f17) x30 0x8000fd74
core   0: 0x80009d78 (0x283f2623) sw      gp, 652(t5)
core   0: 3 0x80009d78 (0x283f2623) mem 0x80010000 0x00000001
core   0: 0x80009d7c (0xff9ff06f) j       pc - 0x8
core   0: 3 0x80009d7c (0xff9ff06f)
core   0: 0x80009d74 (0x00006f17) auipc   t5, 0x6
core   0: 3 0x80009d74 (0x00006f17) x30 0x8000fd74
core   0: 0x80009d78 (0x283f2623) sw      gp, 652(t5)
core   0: 3 0x80009d78 (0x283f2623) mem 0x80010000 0x00000001
core   0: 0x80009d7c (0xff9ff06f) j       pc - 0x8
core   0: 3 0x80009d7c (0xff9ff06f)
core   0: 0x80009d74 (0x00006f17) auipc   t5, 0x6
core   0: 3 0x80009d74 (0x00006f17) x30 0x8000fd74
core   0: 0x80009d78 (0x283f2623) sw      gp, 652(t5)
core   0: 3 0x80009d78 (0x283f2623) mem 0x80010000 0x00000001
core   0: 0x80009d7c (0xff9ff06f) j       pc - 0x8
core   0: 3 0x80009d7c (0xff9ff06f)
core   0: 0x80009d74 (0x00006f17) auipc   t5, 0x6
core   0: 3 0x80009d74 (0x00006f17) x30 0x8000fd74
core   0: 0x80009d78 (0x283f2623) sw      gp, 652(t5)
core   0: 3 0x80009d78 (0x283f2623) mem 0x80010000 0x00000001
core   0: 0x80009d7c (0xff9ff06f) j       pc - 0x8
core   0: 3 0x80009d7c (0xff9ff06f)
core   0: 0x80009d74 (0x00006f17) auipc   t5, 0x6
core   0: 3 0x80009d74 (0x00006f17) x30 0x8000fd74
core   0: 0x80009d78 (0x283f2623) sw      gp, 652(t5)
core   0: 3 0x80009d78 (0x283f2623) mem 0x80010000 0x00000001
core   0: 0x80009d7c (0xff9ff06f) j       pc - 0x8
core   0: 3 0x80009d7c (0xff9ff06f)
core   0: 0x80009d74 (0x00006f17) auipc   t5, 0x6
core   0: 3 0x80009d74 (0x00006f17) x30 0x8000fd74
core   0: 0x80009d78 (0x283f2623) sw      gp, 652(t5)
core   0: 3 0x80009d78 (0x283f2623) mem 0x80010000 0x00000001
core   0: 0x80009d7c (0xff9ff06f) j       pc - 0x8
core   0: 3 0x80009d7c (0xff9ff06f)
core   0: 0x80009d74 (0x00006f17) auipc   t5, 0x6
core   0: 3 0x80009d74 (0x00006f17) x30 0x8000fd74
core   0: 0x80009d78 (0x283f2623) sw      gp, 652(t5)
core   0: 3 0x80009d78 (0x283f2623) mem 0x80010000 0x00000001
core   0: 0x80009d7c (0xff9ff06f) j       pc - 0x8
core   0: 3 0x80009d7c (0xff9ff06f)
core   0: 0x80009d74 (0x00006f17) auipc   t5, 0x6
core   0: 3 0x80009d74 (0x00006f17) x30 0x8000fd74
core   0: 0x80009d78 (0x283f2623) sw      gp, 652(t5)
core   0: 3 0x80009d78 (0x283f2623) mem 0x80010000 0x00000001
core   0: 0x80009d7c (0xff9ff06f) j       pc - 0x8
core   0: 3 0x80009d7c (0xff9ff06f)
core   0: 0x80009d74 (0x00006f17) auipc   t5, 0x6
core   0: 3 0x80009d74 (0x00006f17) x30 0x8000fd74
core   0: 0x80009d78 (0x283f2623) sw      gp, 652(t5)
core   0: 3 0x80009d78 (0x283f2623) mem 0x80010000 0x00000001
core   0: 0x80009d7c (0xff9ff06f) j       pc - 0x8
core   0: 3 0x80009d7c (0xff9ff06f)
core   0: 0x80009d74 (0x00006f17) auipc   t5, 0x6
core   0: 3 0x80009d74 (0x00006f17) x30 0x8000fd74
core   0: 0x80009d78 (0x283f2623) sw      gp, 652(t5)
core   0: 3 0x80009d78 (0x283f2623) mem 0x80010000 0x00000001
core   0: 0x80009d7c (0xff9ff06f) j       pc - 0x8
core   0: 3 0x80009d7c (0xff9ff06f)
core   0: 0x80009d74 (0x00006f17) auipc   t5, 0x6
core   0: 3 0x80009d74 (0x00006f17) x30 0x8000fd74
core   0: 0x80009d78 (0x283f2623) sw      gp, 652(t5)
core   0: 3 0x80009d78 (0x283f2623) mem 0x80010000 0x00000001
core   0: 0x80009d7c (0xff9ff06f) j       pc - 0x8
core   0: 3 0x80009d7c (0xff9ff06f)
core   0: 0x80009d74 (0x00006f17) auipc   t5, 0x6
core   0: 3 0x80009d74 (0x00006f17) x30 0x8000fd74
core   0: 0x80009d78 (0x283f2623) sw      gp, 652(t5)
core   0: 3 0x80009d78 (0x283f2623) mem 0x80010000 0x00000001
core   0: 0x80009d7c (0xff9ff06f) j       pc - 0x8
core   0: 3 0x80009d7c (0xff9ff06f)
core   0: 0x80009d74 (0x00006f17) auipc   t5, 0x6
core   0: 3 0x80009d74 (0x00006f17) x30 0x8000fd74
core   0: 0x80009d78 (0x283f2623) sw      gp, 652(t5)
core   0: 3 0x80009d78 (0x283f2623) mem 0x80010000 0x00000001
core   0: 0x80009d7c (0xff9ff06f) j       pc - 0x8
core   0: 3 0x80009d7c (0xff9ff06f)
core   0: 0x80009d74 (0x00006f17) auipc   t5, 0x6
core   0: 3 0x80009d74 (0x00006f17) x30 0x8000fd74
core   0: 0x80009d78 (0x283f2623) sw      gp, 652(t5)
core   0: 3 0x80009d78 (0x283f2623) mem 0x80010000 0x00000001
core   0: 0x80009d7c (0xff9ff06f) j       pc - 0x8
core   0: 3 0x80009d7c (0xff9ff06f)
core   0: 0x80009d74 (0x00006f17) auipc   t5, 0x6
core   0: 3 0x80009d74 (0x00006f17) x30 0x8000fd74
core   0: 0x80009d78 (0x283f2623) sw      gp, 652(t5)
core   0: 3 0x80009d78 (0x283f2623) mem 0x80010000 0x00000001
core   0: 0x80009d7c (0xff9ff06f) j       pc - 0x8
core   0: 3 0x80009d7c (0xff9ff06f)
core   0: 0x80009d74 (0x00006f17) auipc   t5, 0x6
core   0: 3 0x80009d74 (0x00006f17) x30 0x8000fd74
core   0: 0x80009d78 (0x283f2623) sw      gp, 652(t5)
core   0: 3 0x80009d78 (0x283f2623) mem 0x80010000 0x00000001
core   0: 0x80009d7c (0xff9ff06f) j       pc - 0x8
core   0: 3 0x80009d7c (0xff9ff06f)
core   0: 0x80009d74 (0x00006f17) auipc   t5, 0x6
core   0: 3 0x80009d74 (0x00006f17) x30 0x8000fd74
core   0: 0x80009d78 (0x283f2623) sw      gp, 652(t5)
core   0: 3 0x80009d78 (0x283f2623) mem 0x80010000 0x00000001
core   0: 0x80009d7c (0xff9ff06f) j       pc - 0x8
core   0: 3 0x80009d7c (0xff9ff06f)
core   0: 0x80009d74 (0x00006f17) auipc   t5, 0x6
core   0: 3 0x80009d74 (0x00006f17) x30 0x8000fd74
core   0: 0x80009d78 (0x283f2623) sw      gp, 652(t5)
core   0: 3 0x80009d78 (0x283f2623) mem 0x80010000 0x00000001
core   0: 0x80009d7c (0xff9ff06f) j       pc - 0x8
core   0: 3 0x80009d7c (0xff9ff06f)
core   0: 0x80009d74 (0x00006f17) auipc   t5, 0x6
core   0: 3 0x80009d74 (0x00006f17) x30 0x8000fd74
core   0: 0x80009d78 (0x283f2623) sw      gp, 652(t5)
core   0: 3 0x80009d78 (0x283f2623) mem 0x80010000 0x00000001
core   0: 0x80009d7c (0xff9ff06f) j       pc - 0x8
core   0: 3 0x80009d7c (0xff9ff06f)
core   0: 0x80009d74 (0x00006f17) auipc   t5, 0x6
core   0: 3 0x80009d74 (0x00006f17) x30 0x8000fd74
core   0: 0x80009d78 (0x283f2623) sw      gp, 652(t5)
core   0: 3 0x80009d78 (0x283f2623) mem 0x80010000 0x00000001
core   0: 0x80009d7c (0xff9ff06f) j       pc - 0x8
core   0: 3 0x80009d7c (0xff9ff06f)
core   0: 0x80009d74 (0x00006f17) auipc   t5, 0x6
core   0: 3 0x80009d74 (0x00006f17) x30 0x8000fd74
core   0: 0x80009d78 (0x283f2623) sw      gp, 652(t5)
core   0: 3 0x80009d78 (0x283f2623) mem 0x80010000 0x00000001
core   0: 0x80009d7c (0xff9ff06f) j       pc - 0x8
core   0: 3 0x80009d7c (0xff9ff06f)
core   0: 0x80009d74 (0x00006f17) auipc   t5, 0x6
core   0: 3 0x80009d74 (0x00006f17) x30 0x8000fd74
core   0: 0x80009d78 (0x283f2623) sw      gp, 652(t5)
core   0: 3 0x80009d78 (0x283f2623) mem 0x80010000 0x00000001
core   0: 0x80009d7c (0xff9ff06f) j       pc - 0x8
core   0: 3 0x80009d7c (0xff9ff06f)
core   0: 0x80009d74 (0x00006f17) auipc   t5, 0x6
core   0: 3 0x80009d74 (0x00006f17) x30 0x8000fd74
core   0: 0x80009d78 (0x283f2623) sw      gp, 652(t5)
core   0: 3 0x80009d78 (0x283f2623) mem 0x80010000 0x00000001
core   0: 0x80009d7c (0xff9ff06f) j       pc - 0x8
core   0: 3 0x80009d7c (0xff9ff06f)
core   0: 0x80009d74 (0x00006f17) auipc   t5, 0x6
core   0: 3 0x80009d74 (0x00006f17) x30 0x8000fd74
core   0: 0x80009d78 (0x283f2623) sw      gp, 652(t5)
core   0: 3 0x80009d78 (0x283f2623) mem 0x80010000 0x00000001
core   0: 0x80009d7c (0xff9ff06f) j       pc - 0x8
core   0: 3 0x80009d7c (0xff9ff06f)
core   0: 0x80009d74 (0x00006f17) auipc   t5, 0x6
core   0: 3 0x80009d74 (0x00006f17) x30 0x8000fd74
core   0: 0x80009d78 (0x283f2623) sw      gp, 652(t5)
core   0: 3 0x80009d78 (0x283f2623) mem 0x80010000 0x00000001
core   0: 0x80009d7c (0xff9ff06f) j       pc - 0x8
core   0: 3 0x80009d7c (0xff9ff06f)
core   0: 0x80009d74 (0x00006f17) auipc   t5, 0x6
core   0: 3 0x80009d74 (0x00006f17) x30 0x8000fd74
core   0: 0x80009d78 (0x283f2623) sw      gp, 652(t5)
core   0: 3 0x80009d78 (0x283f2623) mem 0x80010000 0x00000001
core   0: 0x80009d7c (0xff9ff06f) j       pc - 0x8
core   0: 3 0x80009d7c (0xff9ff06f)
core   0: 0x80009d74 (0x00006f17) auipc   t5, 0x6
core   0: 3 0x80009d74 (0x00006f17) x30 0x8000fd74
core   0: 0x80009d78 (0x283f2623) sw      gp, 652(t5)
core   0: 3 0x80009d78 (0x283f2623) mem 0x80010000 0x00000001
core   0: 0x80009d7c (0xff9ff06f) j       pc - 0x8
core   0: 3 0x80009d7c (0xff9ff06f)
core   0: 0x80009d74 (0x00006f17) auipc   t5, 0x6
core   0: 3 0x80009d74 (0x00006f17) x30 0x8000fd74
core   0: 0x80009d78 (0x283f2623) sw      gp, 652(t5)
core   0: 3 0x80009d78 (0x283f2623) mem 0x80010000 0x00000001
core   0: 0x80009d7c (0xff9ff06f) j       pc - 0x8
core   0: 3 0x80009d7c (0xff9ff06f)
core   0: 0x80009d74 (0x00006f17) auipc   t5, 0x6
core   0: 3 0x80009d74 (0x00006f17) x30 0x8000fd74
core   0: 0x80009d78 (0x283f2623) sw      gp, 652(t5)
core   0: 3 0x80009d78 (0x283f2623) mem 0x80010000 0x00000001
core   0: 0x80009d7c (0xff9ff06f) j       pc - 0x8
core   0: 3 0x80009d7c (0xff9ff06f)
core   0: 0x80009d74 (0x00006f17) auipc   t5, 0x6
core   0: 3 0x80009d74 (0x00006f17) x30 0x8000fd74
core   0: 0x80009d78 (0x283f2623) sw      gp, 652(t5)
core   0: 3 0x80009d78 (0x283f2623) mem 0x80010000 0x00000001
core   0: 0x80009d7c (0xff9ff06f) j       pc - 0x8
core   0: 3 0x80009d7c (0xff9ff06f)
core   0: 0x80009d74 (0x00006f17) auipc   t5, 0x6
core   0: 3 0x80009d74 (0x00006f17) x30 0x8000fd74
core   0: 0x80009d78 (0x283f2623) sw      gp, 652(t5)
core   0: 3 0x80009d78 (0x283f2623) mem 0x80010000 0x00000001
core   0: 0x80009d7c (0xff9ff06f) j       pc - 0x8
core   0: 3 0x80009d7c (0xff9ff06f)
core   0: 0x80009d74 (0x00006f17) auipc   t5, 0x6
core   0: 3 0x80009d74 (0x00006f17) x30 0x8000fd74
core   0: 0x80009d78 (0x283f2623) sw      gp, 652(t5)
core   0: 3 0x80009d78 (0x283f2623) mem 0x80010000 0x00000001
core   0: 0x80009d7c (0xff9ff06f) j       pc - 0x8
core   0: 3 0x80009d7c (0xff9ff06f)
core   0: 0x80009d74 (0x00006f17) auipc   t5, 0x6
core   0: 3 0x80009d74 (0x00006f17) x30 0x8000fd74
core   0: 0x80009d78 (0x283f2623) sw      gp, 652(t5)
core   0: 3 0x80009d78 (0x283f2623) mem 0x80010000 0x00000001
core   0: 0x80009d7c (0xff9ff06f) j       pc - 0x8
core   0: 3 0x80009d7c (0xff9ff06f)
core   0: 0x80009d74 (0x00006f17) auipc   t5, 0x6
core   0: 3 0x80009d74 (0x00006f17) x30 0x8000fd74
core   0: 0x80009d78 (0x283f2623) sw      gp, 652(t5)
core   0: 3 0x80009d78 (0x283f2623) mem 0x80010000 0x00000001
core   0: 0x80009d7c (0xff9ff06f) j       pc - 0x8
core   0: 3 0x80009d7c (0xff9ff06f)
core   0: 0x80009d74 (0x00006f17) auipc   t5, 0x6
core   0: 3 0x80009d74 (0x00006f17) x30 0x8000fd74
core   0: 0x80009d78 (0x283f2623) sw      gp, 652(t5)
core   0: 3 0x80009d78 (0x283f2623) mem 0x80010000 0x00000001
core   0: 0x80009d7c (0xff9ff06f) j       pc - 0x8
core   0: 3 0x80009d7c (0xff9ff06f)
core   0: 0x80009d74 (0x00006f17) auipc   t5, 0x6
core   0: 3 0x80009d74 (0x00006f17) x30 0x8000fd74
core   0: 0x80009d78 (0x283f2623) sw      gp, 652(t5)
core   0: 3 0x80009d78 (0x283f2623) mem 0x80010000 0x00000001
core   0: 0x80009d7c (0xff9ff06f) j       pc - 0x8
core   0: 3 0x80009d7c (0xff9ff06f)
core   0: 0x80009d74 (0x00006f17) auipc   t5, 0x6
core   0: 3 0x80009d74 (0x00006f17) x30 0x8000fd74
core   0: 0x80009d78 (0x283f2623) sw      gp, 652(t5)
core   0: 3 0x80009d78 (0x283f2623) mem 0x80010000 0x00000001
core   0: 0x80009d7c (0xff9ff06f) j       pc - 0x8
core   0: 3 0x80009d7c (0xff9ff06f)
core   0: 0x80009d74 (0x00006f17) auipc   t5, 0x6
core   0: 3 0x80009d74 (0x00006f17) x30 0x8000fd74
core   0: 0x80009d78 (0x283f2623) sw      gp, 652(t5)
core   0: 3 0x80009d78 (0x283f2623) mem 0x80010000 0x00000001
core   0: 0x80009d7c (0xff9ff06f) j       pc - 0x8
core   0: 3 0x80009d7c (0xff9ff06f)
core   0: 0x80009d74 (0x00006f17) auipc   t5, 0x6
core   0: 3 0x80009d74 (0x00006f17) x30 0x8000fd74
core   0: 0x80009d78 (0x283f2623) sw      gp, 652(t5)
core   0: 3 0x80009d78 (0x283f2623) mem 0x80010000 0x00000001
core   0: 0x80009d7c (0xff9ff06f) j       pc - 0x8
core   0: 3 0x80009d7c (0xff9ff06f)
core   0: 0x80009d74 (0x00006f17) auipc   t5, 0x6
core   0: 3 0x80009d74 (0x00006f17) x30 0x8000fd74
core   0: 0x80009d78 (0x283f2623) sw      gp, 652(t5)
core   0: 3 0x80009d78 (0x283f2623) mem 0x80010000 0x00000001
core   0: 0x80009d7c (0xff9ff06f) j       pc - 0x8
core   0: 3 0x80009d7c (0xff9ff06f)
core   0: 0x80009d74 (0x00006f17) auipc   t5, 0x6
core   0: 3 0x80009d74 (0x00006f17) x30 0x8000fd74
core   0: 0x80009d78 (0x283f2623) sw      gp, 652(t5)
core   0: 3 0x80009d78 (0x283f2623) mem 0x80010000 0x00000001
core   0: 0x80009d7c (0xff9ff06f) j       pc - 0x8
core   0: 3 0x80009d7c (0xff9ff06f)
core   0: 0x80009d74 (0x00006f17) auipc   t5, 0x6
core   0: 3 0x80009d74 (0x00006f17) x30 0x8000fd74
core   0: 0x80009d78 (0x283f2623) sw      gp, 652(t5)
core   0: 3 0x80009d78 (0x283f2623) mem 0x80010000 0x00000001
core   0: 0x80009d7c (0xff9ff06f) j       pc - 0x8
core   0: 3 0x80009d7c (0xff9ff06f)
core   0: 0x80009d74 (0x00006f17) auipc   t5, 0x6
core   0: 3 0x80009d74 (0x00006f17) x30 0x8000fd74
core   0: 0x80009d78 (0x283f2623) sw      gp, 652(t5)
core   0: 3 0x80009d78 (0x283f2623) mem 0x80010000 0x00000001
core   0: 0x80009d7c (0xff9ff06f) j       pc - 0x8
core   0: 3 0x80009d7c (0xff9ff06f)
core   0: 0x80009d74 (0x00006f17) auipc   t5, 0x6
core   0: 3 0x80009d74 (0x00006f17) x30 0x8000fd74
core   0: 0x80009d78 (0x283f2623) sw      gp, 652(t5)
core   0: 3 0x80009d78 (0x283f2623) mem 0x80010000 0x00000001
core   0: 0x80009d7c (0xff9ff06f) j       pc - 0x8
core   0: 3 0x80009d7c (0xff9ff06f)
core   0: 0x80009d74 (0x00006f17) auipc   t5, 0x6
core   0: 3 0x80009d74 (0x00006f17) x30 0x8000fd74
core   0: 0x80009d78 (0x283f2623) sw      gp, 652(t5)
core   0: 3 0x80009d78 (0x283f2623) mem 0x80010000 0x00000001
core   0: 0x80009d7c (0xff9ff06f) j       pc - 0x8
core   0: 3 0x80009d7c (0xff9ff06f)
core   0: 0x80009d74 (0x00006f17) auipc   t5, 0x6
core   0: 3 0x80009d74 (0x00006f17) x30 0x8000fd74
core   0: 0x80009d78 (0x283f2623) sw      gp, 652(t5)
core   0: 3 0x80009d78 (0x283f2623) mem 0x80010000 0x00000001
core   0: 0x80009d7c (0xff9ff06f) j       pc - 0x8
core   0: 3 0x80009d7c (0xff9ff06f)
core   0: 0x80009d74 (0x00006f17) auipc   t5, 0x6
core   0: 3 0x80009d74 (0x00006f17) x30 0x8000fd74
core   0: 0x80009d78 (0x283f2623) sw      gp, 652(t5)
core   0: 3 0x80009d78 (0x283f2623) mem 0x80010000 0x00000001
core   0: 0x80009d7c (0xff9ff06f) j       pc - 0x8
core   0: 3 0x80009d7c (0xff9ff06f)
core   0: 0x80009d74 (0x00006f17) auipc   t5, 0x6
core   0: 3 0x80009d74 (0x00006f17) x30 0x8000fd74
core   0: 0x80009d78 (0x283f2623) sw      gp, 652(t5)
core   0: 3 0x80009d78 (0x283f2623) mem 0x80010000 0x00000001
core   0: 0x80009d7c (0xff9ff06f) j       pc - 0x8
core   0: 3 0x80009d7c (0xff9ff06f)
core   0: 0x80009d74 (0x00006f17) auipc   t5, 0x6
core   0: 3 0x80009d74 (0x00006f17) x30 0x8000fd74
core   0: 0x80009d78 (0x283f2623) sw      gp, 652(t5)
core   0: 3 0x80009d78 (0x283f2623) mem 0x80010000 0x00000001
core   0: 0x80009d7c (0xff9ff06f) j       pc - 0x8
core   0: 3 0x80009d7c (0xff9ff06f)
core   0: 0x80009d74 (0x00006f17) auipc   t5, 0x6
core   0: 3 0x80009d74 (0x00006f17) x30 0x8000fd74
core   0: 0x80009d78 (0x283f2623) sw      gp, 652(t5)
core   0: 3 0x80009d78 (0x283f2623) mem 0x80010000 0x00000001
core   0: 0x80009d7c (0xff9ff06f) j       pc - 0x8
core   0: 3 0x80009d7c (0xff9ff06f)
core   0: 0x80009d74 (0x00006f17) auipc   t5, 0x6
core   0: 3 0x80009d74 (0x00006f17) x30 0x8000fd74
core   0: 0x80009d78 (0x283f2623) sw      gp, 652(t5)
core   0: 3 0x80009d78 (0x283f2623) mem 0x80010000 0x00000001
core   0: 0x80009d7c (0xff9ff06f) j       pc - 0x8
core   0: 3 0x80009d7c (0xff9ff06f)
core   0: 0x80009d74 (0x00006f17) auipc   t5, 0x6
core   0: 3 0x80009d74 (0x00006f17) x30 0x8000fd74
core   0: 0x80009d78 (0x283f2623) sw      gp, 652(t5)
core   0: 3 0x80009d78 (0x283f2623) mem 0x80010000 0x00000001
core   0: 0x80009d7c (0xff9ff06f) j       pc - 0x8
core   0: 3 0x80009d7c (0xff9ff06f)
core   0: 0x80009d74 (0x00006f17) auipc   t5, 0x6
core   0: 3 0x80009d74 (0x00006f17) x30 0x8000fd74
core   0: 0x80009d78 (0x283f2623) sw      gp, 652(t5)
core   0: 3 0x80009d78 (0x283f2623) mem 0x80010000 0x00000001
core   0: 0x80009d7c (0xff9ff06f) j       pc - 0x8
core   0: 3 0x80009d7c (0xff9ff06f)
core   0: 0x80009d74 (0x00006f17) auipc   t5, 0x6
core   0: 3 0x80009d74 (0x00006f17) x30 0x8000fd74
core   0: 0x80009d78 (0x283f2623) sw      gp, 652(t5)
core   0: 3 0x80009d78 (0x283f2623) mem 0x80010000 0x00000001
core   0: 0x80009d7c (0xff9ff06f) j       pc - 0x8
core   0: 3 0x80009d7c (0xff9ff06f)
core   0: 0x80009d74 (0x00006f17) auipc   t5, 0x6
core   0: 3 0x80009d74 (0x00006f17) x30 0x8000fd74
core   0: 0x80009d78 (0x283f2623) sw      gp, 652(t5)
core   0: 3 0x80009d78 (0x283f2623) mem 0x80010000 0x00000001
core   0: 0x80009d7c (0xff9ff06f) j       pc - 0x8
core   0: 3 0x80009d7c (0xff9ff06f)
core   0: 0x80009d74 (0x00006f17) auipc   t5, 0x6
core   0: 3 0x80009d74 (0x00006f17) x30 0x8000fd74
core   0: 0x80009d78 (0x283f2623) sw      gp, 652(t5)
core   0: 3 0x80009d78 (0x283f2623) mem 0x80010000 0x00000001
core   0: 0x80009d7c (0xff9ff06f) j       pc - 0x8
core   0: 3 0x80009d7c (0xff9ff06f)
core   0: 0x80009d74 (0x00006f17) auipc   t5, 0x6
core   0: 3 0x80009d74 (0x00006f17) x30 0x8000fd74
core   0: 0x80009d78 (0x283f2623) sw      gp, 652(t5)
core   0: 3 0x80009d78 (0x283f2623) mem 0x80010000 0x00000001
core   0: 0x80009d7c (0xff9ff06f) j       pc - 0x8
core   0: 3 0x80009d7c (0xff9ff06f)
core   0: 0x80009d74 (0x00006f17) auipc   t5, 0x6
core   0: 3 0x80009d74 (0x00006f17) x30 0x8000fd74
core   0: 0x80009d78 (0x283f2623) sw      gp, 652(t5)
core   0: 3 0x80009d78 (0x283f2623) mem 0x80010000 0x00000001
core   0: 0x80009d7c (0xff9ff06f) j       pc - 0x8
core   0: 3 0x80009d7c (0xff9ff06f)
core   0: 0x80009d74 (0x00006f17) auipc   t5, 0x6
core   0: 3 0x80009d74 (0x00006f17) x30 0x8000fd74
core   0: 0x80009d78 (0x283f2623) sw      gp, 652(t5)
core   0: 3 0x80009d78 (0x283f2623) mem 0x80010000 0x00000001
core   0: 0x80009d7c (0xff9ff06f) j       pc - 0x8
core   0: 3 0x80009d7c (0xff9ff06f)
core   0: 0x80009d74 (0x00006f17) auipc   t5, 0x6
core   0: 3 0x80009d74 (0x00006f17) x30 0x8000fd74
core   0: 0x80009d78 (0x283f2623) sw      gp, 652(t5)
core   0: 3 0x80009d78 (0x283f2623) mem 0x80010000 0x00000001
core   0: 0x80009d7c (0xff9ff06f) j       pc - 0x8
core   0: 3 0x80009d7c (0xff9ff06f)
core   0: 0x80009d74 (0x00006f17) auipc   t5, 0x6
core   0: 3 0x80009d74 (0x00006f17) x30 0x8000fd74
core   0: 0x80009d78 (0x283f2623) sw      gp, 652(t5)
core   0: 3 0x80009d78 (0x283f2623) mem 0x80010000 0x00000001
core   0: 0x80009d7c (0xff9ff06f) j       pc - 0x8
core   0: 3 0x80009d7c (0xff9ff06f)
core   0: 0x80009d74 (0x00006f17) auipc   t5, 0x6
core   0: 3 0x80009d74 (0x00006f17) x30 0x8000fd74
core   0: 0x80009d78 (0x283f2623) sw      gp, 652(t5)
core   0: 3 0x80009d78 (0x283f2623) mem 0x80010000 0x00000001
core   0: 0x80009d7c (0xff9ff06f) j       pc - 0x8
core   0: 3 0x80009d7c (0xff9ff06f)
core   0: 0x80009d74 (0x00006f17) auipc   t5, 0x6
core   0: 3 0x80009d74 (0x00006f17) x30 0x8000fd74
core   0: 0x80009d78 (0x283f2623) sw      gp, 652(t5)
core   0: 3 0x80009d78 (0x283f2623) mem 0x80010000 0x00000001
core   0: 0x80009d7c (0xff9ff06f) j       pc - 0x8
core   0: 3 0x80009d7c (0xff9ff06f)
core   0: 0x80009d74 (0x00006f17) auipc   t5, 0x6
core   0: 3 0x80009d74 (0x00006f17) x30 0x8000fd74
core   0: 0x80009d78 (0x283f2623) sw      gp, 652(t5)
core   0: 3 0x80009d78 (0x283f2623) mem 0x80010000 0x00000001
core   0: 0x80009d7c (0xff9ff06f) j       pc - 0x8
core   0: 3 0x80009d7c (0xff9ff06f)
core   0: 0x80009d74 (0x00006f17) auipc   t5, 0x6
core   0: 3 0x80009d74 (0x00006f17) x30 0x8000fd74
core   0: 0x80009d78 (0x283f2623) sw      gp, 652(t5)
core   0: 3 0x80009d78 (0x283f2623) mem 0x80010000 0x00000001
core   0: 0x80009d7c (0xff9ff06f) j       pc - 0x8
core   0: 3 0x80009d7c (0xff9ff06f)
core   0: 0x80009d74 (0x00006f17) auipc   t5, 0x6
core   0: 3 0x80009d74 (0x00006f17) x30 0x8000fd74
core   0: 0x80009d78 (0x283f2623) sw      gp, 652(t5)
core   0: 3 0x80009d78 (0x283f2623) mem 0x80010000 0x00000001
core   0: 0x80009d7c (0xff9ff06f) j       pc - 0x8
core   0: 3 0x80009d7c (0xff9ff06f)
core   0: 0x80009d74 (0x00006f17) auipc   t5, 0x6
core   0: 3 0x80009d74 (0x00006f17) x30 0x8000fd74
core   0: 0x80009d78 (0x283f2623) sw      gp, 652(t5)
core   0: 3 0x80009d78 (0x283f2623) mem 0x80010000 0x00000001
core   0: 0x80009d7c (0xff9ff06f) j       pc - 0x8
core   0: 3 0x80009d7c (0xff9ff06f)
core   0: 0x80009d74 (0x00006f17) auipc   t5, 0x6
core   0: 3 0x80009d74 (0x00006f17) x30 0x8000fd74
core   0: 0x80009d78 (0x283f2623) sw      gp, 652(t5)
core   0: 3 0x80009d78 (0x283f2623) mem 0x80010000 0x00000001
core   0: 0x80009d7c (0xff9ff06f) j       pc - 0x8
core   0: 3 0x80009d7c (0xff9ff06f)
core   0: 0x80009d74 (0x00006f17) auipc   t5, 0x6
core   0: 3 0x80009d74 (0x00006f17) x30 0x8000fd74
core   0: 0x80009d78 (0x283f2623) sw      gp, 652(t5)
core   0: 3 0x80009d78 (0x283f2623) mem 0x80010000 0x00000001
core   0: 0x80009d7c (0xff9ff06f) j       pc - 0x8
core   0: 3 0x80009d7c (0xff9ff06f)
core   0: 0x80009d74 (0x00006f17) auipc   t5, 0x6
core   0: 3 0x80009d74 (0x00006f17) x30 0x8000fd74
core   0: 0x80009d78 (0x283f2623) sw      gp, 652(t5)
core   0: 3 0x80009d78 (0x283f2623) mem 0x80010000 0x00000001
core   0: 0x80009d7c (0xff9ff06f) j       pc - 0x8
core   0: 3 0x80009d7c (0xff9ff06f)
core   0: 0x80009d74 (0x00006f17) auipc   t5, 0x6
core   0: 3 0x80009d74 (0x00006f17) x30 0x8000fd74
core   0: 0x80009d78 (0x283f2623) sw      gp, 652(t5)
core   0: 3 0x80009d78 (0x283f2623) mem 0x80010000 0x00000001
core   0: 0x80009d7c (0xff9ff06f) j       pc - 0x8
core   0: 3 0x80009d7c (0xff9ff06f)
core   0: 0x80009d74 (0x00006f17) auipc   t5, 0x6
core   0: 3 0x80009d74 (0x00006f17) x30 0x8000fd74
core   0: 0x80009d78 (0x283f2623) sw      gp, 652(t5)
core   0: 3 0x80009d78 (0x283f2623) mem 0x80010000 0x00000001
core   0: 0x80009d7c (0xff9ff06f) j       pc - 0x8
core   0: 3 0x80009d7c (0xff9ff06f)
core   0: 0x80009d74 (0x00006f17) auipc   t5, 0x6
core   0: 3 0x80009d74 (0x00006f17) x30 0x8000fd74
core   0: 0x80009d78 (0x283f2623) sw      gp, 652(t5)
core   0: 3 0x80009d78 (0x283f2623) mem 0x80010000 0x00000001
core   0: 0x80009d7c (0xff9ff06f) j       pc - 0x8
core   0: 3 0x80009d7c (0xff9ff06f)
core   0: 0x80009d74 (0x00006f17) auipc   t5, 0x6
core   0: 3 0x80009d74 (0x00006f17) x30 0x8000fd74
core   0: 0x80009d78 (0x283f2623) sw      gp, 652(t5)
core   0: 3 0x80009d78 (0x283f2623) mem 0x80010000 0x00000001
core   0: 0x80009d7c (0xff9ff06f) j       pc - 0x8
core   0: 3 0x80009d7c (0xff9ff06f)
core   0: 0x80009d74 (0x00006f17) auipc   t5, 0x6
core   0: 3 0x80009d74 (0x00006f17) x30 0x8000fd74
core   0: 0x80009d78 (0x283f2623) sw      gp, 652(t5)
core   0: 3 0x80009d78 (0x283f2623) mem 0x80010000 0x00000001
core   0: 0x80009d7c (0xff9ff06f) j       pc - 0x8
core   0: 3 0x80009d7c (0xff9ff06f)
core   0: 0x80009d74 (0x00006f17) auipc   t5, 0x6
core   0: 3 0x80009d74 (0x00006f17) x30 0x8000fd74
core   0: 0x80009d78 (0x283f2623) sw      gp, 652(t5)
core   0: 3 0x80009d78 (0x283f2623) mem 0x80010000 0x00000001
core   0: 0x80009d7c (0xff9ff06f) j       pc - 0x8
core   0: 3 0x80009d7c (0xff9ff06f)
core   0: 0x80009d74 (0x00006f17) auipc   t5, 0x6
core   0: 3 0x80009d74 (0x00006f17) x30 0x8000fd74
core   0: 0x80009d78 (0x283f2623) sw      gp, 652(t5)
core   0: 3 0x80009d78 (0x283f2623) mem 0x80010000 0x00000001
core   0: 0x80009d7c (0xff9ff06f) j       pc - 0x8
core   0: 3 0x80009d7c (0xff9ff06f)
core   0: 0x80009d74 (0x00006f17) auipc   t5, 0x6
core   0: 3 0x80009d74 (0x00006f17) x30 0x8000fd74
core   0: 0x80009d78 (0x283f2623) sw      gp, 652(t5)
core   0: 3 0x80009d78 (0x283f2623) mem 0x80010000 0x00000001
core   0: 0x80009d7c (0xff9ff06f) j       pc - 0x8
core   0: 3 0x80009d7c (0xff9ff06f)
core   0: 0x80009d74 (0x00006f17) auipc   t5, 0x6
core   0: 3 0x80009d74 (0x00006f17) x30 0x8000fd74
core   0: 0x80009d78 (0x283f2623) sw      gp, 652(t5)
core   0: 3 0x80009d78 (0x283f2623) mem 0x80010000 0x00000001
core   0: 0x80009d7c (0xff9ff06f) j       pc - 0x8
core   0: 3 0x80009d7c (0xff9ff06f)
core   0: 0x80009d74 (0x00006f17) auipc   t5, 0x6
core   0: 3 0x80009d74 (0x00006f17) x30 0x8000fd74
core   0: 0x80009d78 (0x283f2623) sw      gp, 652(t5)
core   0: 3 0x80009d78 (0x283f2623) mem 0x80010000 0x00000001
core   0: 0x80009d7c (0xff9ff06f) j       pc - 0x8
core   0: 3 0x80009d7c (0xff9ff06f)
core   0: 0x80009d74 (0x00006f17) auipc   t5, 0x6
core   0: 3 0x80009d74 (0x00006f17) x30 0x8000fd74
core   0: 0x80009d78 (0x283f2623) sw      gp, 652(t5)
core   0: 3 0x80009d78 (0x283f2623) mem 0x80010000 0x00000001
core   0: 0x80009d7c (0xff9ff06f) j       pc - 0x8
core   0: 3 0x80009d7c (0xff9ff06f)
core   0: 0x80009d74 (0x00006f17) auipc   t5, 0x6
core   0: 3 0x80009d74 (0x00006f17) x30 0x8000fd74
core   0: 0x80009d78 (0x283f2623) sw      gp, 652(t5)
core   0: 3 0x80009d78 (0x283f2623) mem 0x80010000 0x00000001
core   0: 0x80009d7c (0xff9ff06f) j       pc - 0x8
core   0: 3 0x80009d7c (0xff9ff06f)
core   0: 0x80009d74 (0x00006f17) auipc   t5, 0x6
core   0: 3 0x80009d74 (0x00006f17) x30 0x8000fd74
core   0: 0x80009d78 (0x283f2623) sw      gp, 652(t5)
core   0: 3 0x80009d78 (0x283f2623) mem 0x80010000 0x00000001
core   0: 0x80009d7c (0xff9ff06f) j       pc - 0x8
core   0: 3 0x80009d7c (0xff9ff06f)
core   0: 0x80009d74 (0x00006f17) auipc   t5, 0x6
core   0: 3 0x80009d74 (0x00006f17) x30 0x8000fd74
core   0: 0x80009d78 (0x283f2623) sw      gp, 652(t5)
core   0: 3 0x80009d78 (0x283f2623) mem 0x80010000 0x00000001
core   0: 0x80009d7c (0xff9ff06f) j       pc - 0x8
core   0: 3 0x80009d7c (0xff9ff06f)
core   0: 0x80009d74 (0x00006f17) auipc   t5, 0x6
core   0: 3 0x80009d74 (0x00006f17) x30 0x8000fd74
core   0: 0x80009d78 (0x283f2623) sw      gp, 652(t5)
core   0: 3 0x80009d78 (0x283f2623) mem 0x80010000 0x00000001
core   0: 0x80009d7c (0xff9ff06f) j       pc - 0x8
core   0: 3 0x80009d7c (0xff9ff06f)
core   0: 0x80009d74 (0x00006f17) auipc   t5, 0x6
core   0: 3 0x80009d74 (0x00006f17) x30 0x8000fd74
core   0: 0x80009d78 (0x283f2623) sw      gp, 652(t5)
core   0: 3 0x80009d78 (0x283f2623) mem 0x80010000 0x00000001
core   0: 0x80009d7c (0xff9ff06f) j       pc - 0x8
core   0: 3 0x80009d7c (0xff9ff06f)
core   0: 0x80009d74 (0x00006f17) auipc   t5, 0x6
core   0: 3 0x80009d74 (0x00006f17) x30 0x8000fd74
core   0: 0x80009d78 (0x283f2623) sw      gp, 652(t5)
core   0: 3 0x80009d78 (0x283f2623) mem 0x80010000 0x00000001
core   0: 0x80009d7c (0xff9ff06f) j       pc - 0x8
core   0: 3 0x80009d7c (0xff9ff06f)
core   0: 0x80009d74 (0x00006f17) auipc   t5, 0x6
core   0: 3 0x80009d74 (0x00006f17) x30 0x8000fd74
core   0: 0x80009d78 (0x283f2623) sw      gp, 652(t5)
core   0: 3 0x80009d78 (0x283f2623) mem 0x80010000 0x00000001
core   0: 0x80009d7c (0xff9ff06f) j       pc - 0x8
core   0: 3 0x80009d7c (0xff9ff06f)
core   0: 0x80009d74 (0x00006f17) auipc   t5, 0x6
core   0: 3 0x80009d74 (0x00006f17) x30 0x8000fd74
core   0: 0x80009d78 (0x283f2623) sw      gp, 652(t5)
core   0: 3 0x80009d78 (0x283f2623) mem 0x80010000 0x00000001
core   0: 0x80009d7c (0xff9ff06f) j       pc - 0x8
core   0: 3 0x80009d7c (0xff9ff06f)
core   0: 0x80009d74 (0x00006f17) auipc   t5, 0x6
core   0: 3 0x80009d74 (0x00006f17) x30 0x8000fd74
core   0: 0x80009d78 (0x283f2623) sw      gp, 652(t5)
core   0: 3 0x80009d78 (0x283f2623) mem 0x80010000 0x00000001
core   0: 0x80009d7c (0xff9ff06f) j       pc - 0x8
core   0: 3 0x80009d7c (0xff9ff06f)
core   0: 0x80009d74 (0x00006f17) auipc   t5, 0x6
core   0: 3 0x80009d74 (0x00006f17) x30 0x8000fd74
core   0: 0x80009d78 (0x283f2623) sw      gp, 652(t5)
core   0: 3 0x80009d78 (0x283f2623) mem 0x80010000 0x00000001
core   0: 0x80009d7c (0xff9ff06f) j       pc - 0x8
core   0: 3 0x80009d7c (0xff9ff06f)
core   0: 0x80009d74 (0x00006f17) auipc   t5, 0x6
core   0: 3 0x80009d74 (0x00006f17) x30 0x8000fd74
core   0: 0x80009d78 (0x283f2623) sw      gp, 652(t5)
core   0: 3 0x80009d78 (0x283f2623) mem 0x80010000 0x00000001
core   0: 0x80009d7c (0xff9ff06f) j       pc - 0x8
core   0: 3 0x80009d7c (0xff9ff06f)
core   0: 0x80009d74 (0x00006f17) auipc   t5, 0x6
core   0: 3 0x80009d74 (0x00006f17) x30 0x8000fd74
core   0: 0x80009d78 (0x283f2623) sw      gp, 652(t5)
core   0: 3 0x80009d78 (0x283f2623) mem 0x80010000 0x00000001
core   0: 0x80009d7c (0xff9ff06f) j       pc - 0x8
core   0: 3 0x80009d7c (0xff9ff06f)
core   0: 0x80009d74 (0x00006f17) auipc   t5, 0x6
core   0: 3 0x80009d74 (0x00006f17) x30 0x8000fd74
core   0: 0x80009d78 (0x283f2623) sw      gp, 652(t5)
core   0: 3 0x80009d78 (0x283f2623) mem 0x80010000 0x00000001
core   0: 0x80009d7c (0xff9ff06f) j       pc - 0x8
core   0: 3 0x80009d7c (0xff9ff06f)
core   0: 0x80009d74 (0x00006f17) auipc   t5, 0x6
core   0: 3 0x80009d74 (0x00006f17) x30 0x8000fd74
core   0: 0x80009d78 (0x283f2623) sw      gp, 652(t5)
core   0: 3 0x80009d78 (0x283f2623) mem 0x80010000 0x00000001
core   0: 0x80009d7c (0xff9ff06f) j       pc - 0x8
core   0: 3 0x80009d7c (0xff9ff06f)
core   0: 0x80009d74 (0x00006f17) auipc   t5, 0x6
core   0: 3 0x80009d74 (0x00006f17) x30 0x8000fd74
core   0: 0x80009d78 (0x283f2623) sw      gp, 652(t5)
core   0: 3 0x80009d78 (0x283f2623) mem 0x80010000 0x00000001
core   0: 0x80009d7c (0xff9ff06f) j       pc - 0x8
core   0: 3 0x80009d7c (0xff9ff06f)
core   0: 0x80009d74 (0x00006f17) auipc   t5, 0x6
core   0: 3 0x80009d74 (0x00006f17) x30 0x8000fd74
core   0: 0x80009d78 (0x283f2623) sw      gp, 652(t5)
core   0: 3 0x80009d78 (0x283f2623) mem 0x80010000 0x00000001
core   0: 0x80009d7c (0xff9ff06f) j       pc - 0x8
core   0: 3 0x80009d7c (0xff9ff06f)
core   0: 0x80009d74 (0x00006f17) auipc   t5, 0x6
core   0: 3 0x80009d74 (0x00006f17) x30 0x8000fd74
core   0: 0x80009d78 (0x283f2623) sw      gp, 652(t5)
core   0: 3 0x80009d78 (0x283f2623) mem 0x80010000 0x00000001
core   0: 0x80009d7c (0xff9ff06f) j       pc - 0x8
core   0: 3 0x80009d7c (0xff9ff06f)
core   0: 0x80009d74 (0x00006f17) auipc   t5, 0x6
core   0: 3 0x80009d74 (0x00006f17) x30 0x8000fd74
core   0: 0x80009d78 (0x283f2623) sw      gp, 652(t5)
core   0: 3 0x80009d78 (0x283f2623) mem 0x80010000 0x00000001
core   0: 0x80009d7c (0xff9ff06f) j       pc - 0x8
core   0: 3 0x80009d7c (0xff9ff06f)
core   0: 0x80009d74 (0x00006f17) auipc   t5, 0x6
core   0: 3 0x80009d74 (0x00006f17) x30 0x8000fd74
core   0: 0x80009d78 (0x283f2623) sw      gp, 652(t5)
core   0: 3 0x80009d78 (0x283f2623) mem 0x80010000 0x00000001
core   0: 0x80009d7c (0xff9ff06f) j       pc - 0x8
core   0: 3 0x80009d7c (0xff9ff06f)
core   0: 0x80009d74 (0x00006f17) auipc   t5, 0x6
core   0: 3 0x80009d74 (0x00006f17) x30 0x8000fd74
core   0: 0x80009d78 (0x283f2623) sw      gp, 652(t5)
core   0: 3 0x80009d78 (0x283f2623) mem 0x80010000 0x00000001
core   0: 0x80009d7c (0xff9ff06f) j       pc - 0x8
core   0: 3 0x80009d7c (0xff9ff06f)
core   0: 0x80009d74 (0x00006f17) auipc   t5, 0x6
core   0: 3 0x80009d74 (0x00006f17) x30 0x8000fd74
core   0: 0x80009d78 (0x283f2623) sw      gp, 652(t5)
core   0: 3 0x80009d78 (0x283f2623) mem 0x80010000 0x00000001
core   0: 0x80009d7c (0xff9ff06f) j       pc - 0x8
core   0: 3 0x80009d7c (0xff9ff06f)
core   0: 0x80009d74 (0x00006f17) auipc   t5, 0x6
core   0: 3 0x80009d74 (0x00006f17) x30 0x8000fd74
core   0: 0x80009d78 (0x283f2623) sw      gp, 652(t5)
core   0: 3 0x80009d78 (0x283f2623) mem 0x80010000 0x00000001
core   0: 0x80009d7c (0xff9ff06f) j       pc - 0x8
core   0: 3 0x80009d7c (0xff9ff06f)
core   0: 0x80009d74 (0x00006f17) auipc   t5, 0x6
core   0: 3 0x80009d74 (0x00006f17) x30 0x8000fd74
core   0: 0x80009d78 (0x283f2623) sw      gp, 652(t5)
core   0: 3 0x80009d78 (0x283f2623) mem 0x80010000 0x00000001
core   0: 0x80009d7c (0xff9ff06f) j       pc - 0x8
core   0: 3 0x80009d7c (0xff9ff06f)
core   0: 0x80009d74 (0x00006f17) auipc   t5, 0x6
core   0: 3 0x80009d74 (0x00006f17) x30 0x8000fd74
core   0: 0x80009d78 (0x283f2623) sw      gp, 652(t5)
core   0: 3 0x80009d78 (0x283f2623) mem 0x80010000 0x00000001
core   0: 0x80009d7c (0xff9ff06f) j       pc - 0x8
core   0: 3 0x80009d7c (0xff9ff06f)
core   0: 0x80009d74 (0x00006f17) auipc   t5, 0x6
core   0: 3 0x80009d74 (0x00006f17) x30 0x8000fd74
core   0: 0x80009d78 (0x283f2623) sw      gp, 652(t5)
core   0: 3 0x80009d78 (0x283f2623) mem 0x80010000 0x00000001
core   0: 0x80009d7c (0xff9ff06f) j       pc - 0x8
core   0: 3 0x80009d7c (0xff9ff06f)
core   0: 0x80009d74 (0x00006f17) auipc   t5, 0x6
core   0: 3 0x80009d74 (0x00006f17) x30 0x8000fd74
core   0: 0x80009d78 (0x283f2623) sw      gp, 652(t5)
core   0: 3 0x80009d78 (0x283f2623) mem 0x80010000 0x00000001
core   0: 0x80009d7c (0xff9ff06f) j       pc - 0x8
core   0: 3 0x80009d7c (0xff9ff06f)
core   0: 0x80009d74 (0x00006f17) auipc   t5, 0x6
core   0: 3 0x80009d74 (0x00006f17) x30 0x8000fd74
core   0: 0x80009d78 (0x283f2623) sw      gp, 652(t5)
core   0: 3 0x80009d78 (0x283f2623) mem 0x80010000 0x00000001
core   0: 0x80009d7c (0xff9ff06f) j       pc - 0x8
core   0: 3 0x80009d7c (0xff9ff06f)
core   0: 0x80009d74 (0x00006f17) auipc   t5, 0x6
core   0: 3 0x80009d74 (0x00006f17) x30 0x8000fd74
core   0: 0x80009d78 (0x283f2623) sw      gp, 652(t5)
core   0: 3 0x80009d78 (0x283f2623) mem 0x80010000 0x00000001
core   0: 0x80009d7c (0xff9ff06f) j       pc - 0x8
core   0: 3 0x80009d7c (0xff9ff06f)
core   0: 0x80009d74 (0x00006f17) auipc   t5, 0x6
core   0: 3 0x80009d74 (0x00006f17) x30 0x8000fd74
core   0: 0x80009d78 (0x283f2623) sw      gp, 652(t5)
core   0: 3 0x80009d78 (0x283f2623) mem 0x80010000 0x00000001
core   0: 0x80009d7c (0xff9ff06f) j       pc - 0x8
core   0: 3 0x80009d7c (0xff9ff06f)
core   0: 0x80009d74 (0x00006f17) auipc   t5, 0x6
core   0: 3 0x80009d74 (0x00006f17) x30 0x8000fd74
core   0: 0x80009d78 (0x283f2623) sw      gp, 652(t5)
core   0: 3 0x80009d78 (0x283f2623) mem 0x80010000 0x00000001
core   0: 0x80009d7c (0xff9ff06f) j       pc - 0x8
core   0: 3 0x80009d7c (0xff9ff06f)
core   0: 0x80009d74 (0x00006f17) auipc   t5, 0x6
core   0: 3 0x80009d74 (0x00006f17) x30 0x8000fd74
core   0: 0x80009d78 (0x283f2623) sw      gp, 652(t5)
core   0: 3 0x80009d78 (0x283f2623) mem 0x80010000 0x00000001
core   0: 0x80009d7c (0xff9ff06f) j       pc - 0x8
core   0: 3 0x80009d7c (0xff9ff06f)
core   0: 0x80009d74 (0x00006f17) auipc   t5, 0x6
core   0: 3 0x80009d74 (0x00006f17) x30 0x8000fd74
core   0: 0x80009d78 (0x283f2623) sw      gp, 652(t5)
core   0: 3 0x80009d78 (0x283f2623) mem 0x80010000 0x00000001
core   0: 0x80009d7c (0xff9ff06f) j       pc - 0x8
core   0: 3 0x80009d7c (0xff9ff06f)
core   0: 0x80009d74 (0x00006f17) auipc   t5, 0x6
core   0: 3 0x80009d74 (0x00006f17) x30 0x8000fd74
core   0: 0x80009d78 (0x283f2623) sw      gp, 652(t5)
core   0: 3 0x80009d78 (0x283f2623) mem 0x80010000 0x00000001
core   0: 0x80009d7c (0xff9ff06f) j       pc - 0x8
core   0: 3 0x80009d7c (0xff9ff06f)
core   0: 0x80009d74 (0x00006f17) auipc   t5, 0x6
core   0: 3 0x80009d74 (0x00006f17) x30 0x8000fd74
core   0: 0x80009d78 (0x283f2623) sw      gp, 652(t5)
core   0: 3 0x80009d78 (0x283f2623) mem 0x80010000 0x00000001
core   0: 0x80009d7c (0xff9ff06f) j       pc - 0x8
core   0: 3 0x80009d7c (0xff9ff06f)
core   0: 0x80009d74 (0x00006f17) auipc   t5, 0x6
core   0: 3 0x80009d74 (0x00006f17) x30 0x8000fd74
core   0: 0x80009d78 (0x283f2623) sw      gp, 652(t5)
core   0: 3 0x80009d78 (0x283f2623) mem 0x80010000 0x00000001
core   0: 0x80009d7c (0xff9ff06f) j       pc - 0x8
core   0: 3 0x80009d7c (0xff9ff06f)
core   0: 0x80009d74 (0x00006f17) auipc   t5, 0x6
core   0: 3 0x80009d74 (0x00006f17) x30 0x8000fd74
core   0: 0x80009d78 (0x283f2623) sw      gp, 652(t5)
core   0: 3 0x80009d78 (0x283f2623) mem 0x80010000 0x00000001
core   0: 0x80009d7c (0xff9ff06f) j       pc - 0x8
core   0: 3 0x80009d7c (0xff9ff06f)
core   0: 0x80009d74 (0x00006f17) auipc   t5, 0x6
core   0: 3 0x80009d74 (0x00006f17) x30 0x8000fd74
core   0: 0x80009d78 (0x283f2623) sw      gp, 652(t5)
core   0: 3 0x80009d78 (0x283f2623) mem 0x80010000 0x00000001
core   0: 0x80009d7c (0xff9ff06f) j       pc - 0x8
core   0: 3 0x80009d7c (0xff9ff06f)
core   0: 0x80009d74 (0x00006f17) auipc   t5, 0x6
core   0: 3 0x80009d74 (0x00006f17) x30 0x8000fd74
core   0: 0x80009d78 (0x283f2623) sw      gp, 652(t5)
core   0: 3 0x80009d78 (0x283f2623) mem 0x80010000 0x00000001
core   0: 0x80009d7c (0xff9ff06f) j       pc - 0x8
core   0: 3 0x80009d7c (0xff9ff06f)
core   0: 0x80009d74 (0x00006f17) auipc   t5, 0x6
core   0: 3 0x80009d74 (0x00006f17) x30 0x8000fd74
core   0: 0x80009d78 (0x283f2623) sw      gp, 652(t5)
core   0: 3 0x80009d78 (0x283f2623) mem 0x80010000 0x00000001
core   0: 0x80009d7c (0xff9ff06f) j       pc - 0x8
core   0: 3 0x80009d7c (0xff9ff06f)
core   0: 0x80009d74 (0x00006f17) auipc   t5, 0x6
core   0: 3 0x80009d74 (0x00006f17) x30 0x8000fd74
core   0: 0x80009d78 (0x283f2623) sw      gp, 652(t5)
core   0: 3 0x80009d78 (0x283f2623) mem 0x80010000 0x00000001
core   0: 0x80009d7c (0xff9ff06f) j       pc - 0x8
core   0: 3 0x80009d7c (0xff9ff06f)
core   0: 0x80009d74 (0x00006f17) auipc   t5, 0x6
core   0: 3 0x80009d74 (0x00006f17) x30 0x8000fd74
core   0: 0x80009d78 (0x283f2623) sw      gp, 652(t5)
core   0: 3 0x80009d78 (0x283f2623) mem 0x80010000 0x00000001
core   0: 0x80009d7c (0xff9ff06f) j       pc - 0x8
core   0: 3 0x80009d7c (0xff9ff06f)
core   0: 0x80009d74 (0x00006f17) auipc   t5, 0x6
core   0: 3 0x80009d74 (0x00006f17) x30 0x8000fd74
core   0: 0x80009d78 (0x283f2623) sw      gp, 652(t5)
core   0: 3 0x80009d78 (0x283f2623) mem 0x80010000 0x00000001
core   0: 0x80009d7c (0xff9ff06f) j       pc - 0x8
core   0: 3 0x80009d7c (0xff9ff06f)
core   0: 0x80009d74 (0x00006f17) auipc   t5, 0x6
core   0: 3 0x80009d74 (0x00006f17) x30 0x8000fd74
core   0: 0x80009d78 (0x283f2623) sw      gp, 652(t5)
core   0: 3 0x80009d78 (0x283f2623) mem 0x80010000 0x00000001
core   0: 0x80009d7c (0xff9ff06f) j       pc - 0x8
core   0: 3 0x80009d7c (0xff9ff06f)
core   0: 0x80009d74 (0x00006f17) auipc   t5, 0x6
core   0: 3 0x80009d74 (0x00006f17) x30 0x8000fd74
core   0: 0x80009d78 (0x283f2623) sw      gp, 652(t5)
core   0: 3 0x80009d78 (0x283f2623) mem 0x80010000 0x00000001
core   0: 0x80009d7c (0xff9ff06f) j       pc - 0x8
core   0: 3 0x80009d7c (0xff9ff06f)
core   0: 0x80009d74 (0x00006f17) auipc   t5, 0x6
core   0: 3 0x80009d74 (0x00006f17) x30 0x8000fd74
core   0: 0x80009d78 (0x283f2623) sw      gp, 652(t5)
core   0: 3 0x80009d78 (0x283f2623) mem 0x80010000 0x00000001
core   0: 0x80009d7c (0xff9ff06f) j       pc - 0x8
core   0: 3 0x80009d7c (0xff9ff06f)
core   0: 0x80009d74 (0x00006f17) auipc   t5, 0x6
core   0: 3 0x80009d74 (0x00006f17) x30 0x8000fd74
core   0: 0x80009d78 (0x283f2623) sw      gp, 652(t5)
core   0: 3 0x80009d78 (0x283f2623) mem 0x80010000 0x00000001
core   0: 0x80009d7c (0xff9ff06f) j       pc - 0x8
core   0: 3 0x80009d7c (0xff9ff06f)
core   0: 0x80009d74 (0x00006f17) auipc   t5, 0x6
core   0: 3 0x80009d74 (0x00006f17) x30 0x8000fd74
core   0: 0x80009d78 (0x283f2623) sw      gp, 652(t5)
core   0: 3 0x80009d78 (0x283f2623) mem 0x80010000 0x00000001
core   0: 0x80009d7c (0xff9ff06f) j       pc - 0x8
core   0: 3 0x80009d7c (0xff9ff06f)
core   0: 0x80009d74 (0x00006f17) auipc   t5, 0x6
core   0: 3 0x80009d74 (0x00006f17) x30 0x8000fd74
core   0: 0x80009d78 (0x283f2623) sw      gp, 652(t5)
core   0: 3 0x80009d78 (0x283f2623) mem 0x80010000 0x00000001
core   0: 0x80009d7c (0xff9ff06f) j       pc - 0x8
core   0: 3 0x80009d7c (0xff9ff06f)
core   0: 0x80009d74 (0x00006f17) auipc   t5, 0x6
core   0: 3 0x80009d74 (0x00006f17) x30 0x8000fd74
core   0: 0x80009d78 (0x283f2623) sw      gp, 652(t5)
core   0: 3 0x80009d78 (0x283f2623) mem 0x80010000 0x00000001
core   0: 0x80009d7c (0xff9ff06f) j       pc - 0x8
core   0: 3 0x80009d7c (0xff9ff06f)
core   0: 0x80009d74 (0x00006f17) auipc   t5, 0x6
core   0: 3 0x80009d74 (0x00006f17) x30 0x8000fd74
core   0: 0x80009d78 (0x283f2623) sw      gp, 652(t5)
core   0: 3 0x80009d78 (0x283f2623) mem 0x80010000 0x00000001
core   0: 0x80009d7c (0xff9ff06f) j       pc - 0x8
core   0: 3 0x80009d7c (0xff9ff06f)
core   0: 0x80009d74 (0x00006f17) auipc   t5, 0x6
core   0: 3 0x80009d74 (0x00006f17) x30 0x8000fd74
core   0: 0x80009d78 (0x283f2623) sw      gp, 652(t5)
core   0: 3 0x80009d78 (0x283f2623) mem 0x80010000 0x00000001
core   0: 0x80009d7c (0xff9ff06f) j       pc - 0x8
core   0: 3 0x80009d7c (0xff9ff06f)
core   0: 0x80009d74 (0x00006f17) auipc   t5, 0x6
core   0: 3 0x80009d74 (0x00006f17) x30 0x8000fd74
core   0: 0x80009d78 (0x283f2623) sw      gp, 652(t5)
core   0: 3 0x80009d78 (0x283f2623) mem 0x80010000 0x00000001
core   0: 0x80009d7c (0xff9ff06f) j       pc - 0x8
core   0: 3 0x80009d7c (0xff9ff06f)
core   0: 0x80009d74 (0x00006f17) auipc   t5, 0x6
core   0: 3 0x80009d74 (0x00006f17) x30 0x8000fd74
core   0: 0x80009d78 (0x283f2623) sw      gp, 652(t5)
core   0: 3 0x80009d78 (0x283f2623) mem 0x80010000 0x00000001
core   0: 0x80009d7c (0xff9ff06f) j       pc - 0x8
core   0: 3 0x80009d7c (0xff9ff06f)
core   0: 0x80009d74 (0x00006f17) auipc   t5, 0x6
core   0: 3 0x80009d74 (0x00006f17) x30 0x8000fd74
core   0: 0x80009d78 (0x283f2623) sw      gp, 652(t5)
core   0: 3 0x80009d78 (0x283f2623) mem 0x80010000 0x00000001
core   0: 0x80009d7c (0xff9ff06f) j       pc - 0x8
core   0: 3 0x80009d7c (0xff9ff06f)
core   0: 0x80009d74 (0x00006f17) auipc   t5, 0x6
core   0: 3 0x80009d74 (0x00006f17) x30 0x8000fd74
core   0: 0x80009d78 (0x283f2623) sw      gp, 652(t5)
core   0: 3 0x80009d78 (0x283f2623) mem 0x80010000 0x00000001
core   0: 0x80009d7c (0xff9ff06f) j       pc - 0x8
core   0: 3 0x80009d7c (0xff9ff06f)
core   0: 0x80009d74 (0x00006f17) auipc   t5, 0x6
core   0: 3 0x80009d74 (0x00006f17) x30 0x8000fd74
core   0: 0x80009d78 (0x283f2623) sw      gp, 652(t5)
core   0: 3 0x80009d78 (0x283f2623) mem 0x80010000 0x00000001
core   0: 0x80009d7c (0xff9ff06f) j       pc - 0x8
core   0: 3 0x80009d7c (0xff9ff06f)
core   0: 0x80009d74 (0x00006f17) auipc   t5, 0x6
core   0: 3 0x80009d74 (0x00006f17) x30 0x8000fd74
core   0: 0x80009d78 (0x283f2623) sw      gp, 652(t5)
core   0: 3 0x80009d78 (0x283f2623) mem 0x80010000 0x00000001
core   0: 0x80009d7c (0xff9ff06f) j       pc - 0x8
core   0: 3 0x80009d7c (0xff9ff06f)
core   0: 0x80009d74 (0x00006f17) auipc   t5, 0x6
core   0: 3 0x80009d74 (0x00006f17) x30 0x8000fd74
core   0: 0x80009d78 (0x283f2623) sw      gp, 652(t5)
core   0: 3 0x80009d78 (0x283f2623) mem 0x80010000 0x00000001
core   0: 0x80009d7c (0xff9ff06f) j       pc - 0x8
core   0: 3 0x80009d7c (0xff9ff06f)
core   0: 0x80009d74 (0x00006f17) auipc   t5, 0x6
core   0: 3 0x80009d74 (0x00006f17) x30 0x8000fd74
core   0: 0x80009d78 (0x283f2623) sw      gp, 652(t5)
core   0: 3 0x80009d78 (0x283f2623) mem 0x80010000 0x00000001
core   0: 0x80009d7c (0xff9ff06f) j       pc - 0x8
core   0: 3 0x80009d7c (0xff9ff06f)
core   0: 0x80009d74 (0x00006f17) auipc   t5, 0x6
core   0: 3 0x80009d74 (0x00006f17) x30 0x8000fd74
core   0: 0x80009d78 (0x283f2623) sw      gp, 652(t5)
core   0: 3 0x80009d78 (0x283f2623) mem 0x80010000 0x00000001
core   0: 0x80009d7c (0xff9ff06f) j       pc - 0x8
core   0: 3 0x80009d7c (0xff9ff06f)
core   0: 0x80009d74 (0x00006f17) auipc   t5, 0x6
core   0: 3 0x80009d74 (0x00006f17) x30 0x8000fd74
core   0: 0x80009d78 (0x283f2623) sw      gp, 652(t5)
core   0: 3 0x80009d78 (0x283f2623) mem 0x80010000 0x00000001
core   0: 0x80009d7c (0xff9ff06f) j       pc - 0x8
core   0: 3 0x80009d7c (0xff9ff06f)
core   0: 0x80009d74 (0x00006f17) auipc   t5, 0x6
core   0: 3 0x80009d74 (0x00006f17) x30 0x8000fd74
core   0: 0x80009d78 (0x283f2623) sw      gp, 652(t5)
core   0: 3 0x80009d78 (0x283f2623) mem 0x80010000 0x00000001
core   0: 0x80009d7c (0xff9ff06f) j       pc - 0x8
core   0: 3 0x80009d7c (0xff9ff06f)
core   0: 0x80009d74 (0x00006f17) auipc   t5, 0x6
core   0: 3 0x80009d74 (0x00006f17) x30 0x8000fd74
core   0: 0x80009d78 (0x283f2623) sw      gp, 652(t5)
core   0: 3 0x80009d78 (0x283f2623) mem 0x80010000 0x00000001
core   0: 0x80009d7c (0xff9ff06f) j       pc - 0x8
core   0: 3 0x80009d7c (0xff9ff06f)
core   0: 0x80009d74 (0x00006f17) auipc   t5, 0x6
core   0: 3 0x80009d74 (0x00006f17) x30 0x8000fd74
core   0: 0x80009d78 (0x283f2623) sw      gp, 652(t5)
core   0: 3 0x80009d78 (0x283f2623) mem 0x80010000 0x00000001
core   0: 0x80009d7c (0xff9ff06f) j       pc - 0x8
core   0: 3 0x80009d7c (0xff9ff06f)
core   0: 0x80009d74 (0x00006f17) auipc   t5, 0x6
core   0: 3 0x80009d74 (0x00006f17) x30 0x8000fd74
core   0: 0x80009d78 (0x283f2623) sw      gp, 652(t5)
core   0: 3 0x80009d78 (0x283f2623) mem 0x80010000 0x00000001
core   0: 0x80009d7c (0xff9ff06f) j       pc - 0x8
core   0: 3 0x80009d7c (0xff9ff06f)
core   0: 0x80009d74 (0x00006f17) auipc   t5, 0x6
core   0: 3 0x80009d74 (0x00006f17) x30 0x8000fd74
core   0: 0x80009d78 (0x283f2623) sw      gp, 652(t5)
core   0: 3 0x80009d78 (0x283f2623) mem 0x80010000 0x00000001
core   0: 0x80009d7c (0xff9ff06f) j       pc - 0x8
core   0: 3 0x80009d7c (0xff9ff06f)
core   0: 0x80009d74 (0x00006f17) auipc   t5, 0x6
core   0: 3 0x80009d74 (0x00006f17) x30 0x8000fd74
core   0: 0x80009d78 (0x283f2623) sw      gp, 652(t5)
core   0: 3 0x80009d78 (0x283f2623) mem 0x80010000 0x00000001
core   0: 0x80009d7c (0xff9ff06f) j       pc - 0x8
core   0: 3 0x80009d7c (0xff9ff06f)
core   0: 0x80009d74 (0x00006f17) auipc   t5, 0x6
core   0: 3 0x80009d74 (0x00006f17) x30 0x8000fd74
core   0: 0x80009d78 (0x283f2623) sw      gp, 652(t5)
core   0: 3 0x80009d78 (0x283f2623) mem 0x80010000 0x00000001
core   0: 0x80009d7c (0xff9ff06f) j       pc - 0x8
core   0: 3 0x80009d7c (0xff9ff06f)
core   0: 0x80009d74 (0x00006f17) auipc   t5, 0x6
core   0: 3 0x80009d74 (0x00006f17) x30 0x8000fd74
core   0: 0x80009d78 (0x283f2623) sw      gp, 652(t5)
core   0: 3 0x80009d78 (0x283f2623) mem 0x80010000 0x00000001
core   0: 0x80009d7c (0xff9ff06f) j       pc - 0x8
core   0: 3 0x80009d7c (0xff9ff06f)
core   0: 0x80009d74 (0x00006f17) auipc   t5, 0x6
core   0: 3 0x80009d74 (0x00006f17) x30 0x8000fd74
core   0: 0x80009d78 (0x283f2623) sw      gp, 652(t5)
core   0: 3 0x80009d78 (0x283f2623) mem 0x80010000 0x00000001
core   0: 0x80009d7c (0xff9ff06f) j       pc - 0x8
core   0: 3 0x80009d7c (0xff9ff06f)
core   0: 0x80009d74 (0x00006f17) auipc   t5, 0x6
core   0: 3 0x80009d74 (0x00006f17) x30 0x8000fd74
core   0: 0x80009d78 (0x283f2623) sw      gp, 652(t5)
core   0: 3 0x80009d78 (0x283f2623) mem 0x80010000 0x00000001
core   0: 0x80009d7c (0xff9ff06f) j       pc - 0x8
core   0: 3 0x80009d7c (0xff9ff06f)
core   0: 0x80009d74 (0x00006f17) auipc   t5, 0x6
core   0: 3 0x80009d74 (0x00006f17) x30 0x8000fd74
core   0: 0x80009d78 (0x283f2623) sw      gp, 652(t5)
core   0: 3 0x80009d78 (0x283f2623) mem 0x80010000 0x00000001
core   0: 0x80009d7c (0xff9ff06f) j       pc - 0x8
core   0: 3 0x80009d7c (0xff9ff06f)
core   0: 0x80009d74 (0x00006f17) auipc   t5, 0x6
core   0: 3 0x80009d74 (0x00006f17) x30 0x8000fd74
core   0: 0x80009d78 (0x283f2623) sw      gp, 652(t5)
core   0: 3 0x80009d78 (0x283f2623) mem 0x80010000 0x00000001
core   0: 0x80009d7c (0xff9ff06f) j       pc - 0x8
core   0: 3 0x80009d7c (0xff9ff06f)
core   0: 0x80009d74 (0x00006f17) auipc   t5, 0x6
core   0: 3 0x80009d74 (0x00006f17) x30 0x8000fd74
core   0: 0x80009d78 (0x283f2623) sw      gp, 652(t5)
core   0: 3 0x80009d78 (0x283f2623) mem 0x80010000 0x00000001
core   0: 0x80009d7c (0xff9ff06f) j       pc - 0x8
core   0: 3 0x80009d7c (0xff9ff06f)
core   0: 0x80009d74 (0x00006f17) auipc   t5, 0x6
core   0: 3 0x80009d74 (0x00006f17) x30 0x8000fd74
core   0: 0x80009d78 (0x283f2623) sw      gp, 652(t5)
core   0: 3 0x80009d78 (0x283f2623) mem 0x80010000 0x00000001
core   0: 0x80009d7c (0xff9ff06f) j       pc - 0x8
core   0: 3 0x80009d7c (0xff9ff06f)
core   0: 0x80009d74 (0x00006f17) auipc   t5, 0x6
core   0: 3 0x80009d74 (0x00006f17) x30 0x8000fd74
core   0: 0x80009d78 (0x283f2623) sw      gp, 652(t5)
core   0: 3 0x80009d78 (0x283f2623) mem 0x80010000 0x00000001
core   0: 0x80009d7c (0xff9ff06f) j       pc - 0x8
core   0: 3 0x80009d7c (0xff9ff06f)
core   0: 0x80009d74 (0x00006f17) auipc   t5, 0x6
core   0: 3 0x80009d74 (0x00006f17) x30 0x8000fd74
core   0: 0x80009d78 (0x283f2623) sw      gp, 652(t5)
core   0: 3 0x80009d78 (0x283f2623) mem 0x80010000 0x00000001
core   0: 0x80009d7c (0xff9ff06f) j       pc - 0x8
core   0: 3 0x80009d7c (0xff9ff06f)
core   0: 0x80009d74 (0x00006f17) auipc   t5, 0x6
core   0: 3 0x80009d74 (0x00006f17) x30 0x8000fd74
core   0: 0x80009d78 (0x283f2623) sw      gp, 652(t5)
core   0: 3 0x80009d78 (0x283f2623) mem 0x80010000 0x00000001
core   0: 0x80009d7c (0xff9ff06f) j       pc - 0x8
core   0: 3 0x80009d7c (0xff9ff06f)
core   0: 0x80009d74 (0x00006f17) auipc   t5, 0x6
core   0: 3 0x80009d74 (0x00006f17) x30 0x8000fd74
core   0: 0x80009d78 (0x283f2623) sw      gp, 652(t5)
core   0: 3 0x80009d78 (0x283f2623) mem 0x80010000 0x00000001
core   0: 0x80009d7c (0xff9ff06f) j       pc - 0x8
core   0: 3 0x80009d7c (0xff9ff06f)
core   0: 0x80009d74 (0x00006f17) auipc   t5, 0x6
core   0: 3 0x80009d74 (0x00006f17) x30 0x8000fd74
core   0: 0x80009d78 (0x283f2623) sw      gp, 652(t5)
core   0: 3 0x80009d78 (0x283f2623) mem 0x80010000 0x00000001
core   0: 0x80009d7c (0xff9ff06f) j       pc - 0x8
core   0: 3 0x80009d7c (0xff9ff06f)
core   0: 0x80009d74 (0x00006f17) auipc   t5, 0x6
core   0: 3 0x80009d74 (0x00006f17) x30 0x8000fd74
core   0: 0x80009d78 (0x283f2623) sw      gp, 652(t5)
core   0: 3 0x80009d78 (0x283f2623) mem 0x80010000 0x00000001
core   0: 0x80009d7c (0xff9ff06f) j       pc - 0x8
core   0: 3 0x80009d7c (0xff9ff06f)
core   0: 0x80009d74 (0x00006f17) auipc   t5, 0x6
core   0: 3 0x80009d74 (0x00006f17) x30 0x8000fd74
core   0: 0x80009d78 (0x283f2623) sw      gp, 652(t5)
core   0: 3 0x80009d78 (0x283f2623) mem 0x80010000 0x00000001
core   0: 0x80009d7c (0xff9ff06f) j       pc - 0x8
core   0: 3 0x80009d7c (0xff9ff06f)
core   0: 0x80009d74 (0x00006f17) auipc   t5, 0x6
core   0: 3 0x80009d74 (0x00006f17) x30 0x8000fd74
core   0: 0x80009d78 (0x283f2623) sw      gp, 652(t5)
core   0: 3 0x80009d78 (0x283f2623) mem 0x80010000 0x00000001
core   0: 0x80009d7c (0xff9ff06f) j       pc - 0x8
core   0: 3 0x80009d7c (0xff9ff06f)
core   0: 0x80009d74 (0x00006f17) auipc   t5, 0x6
core   0: 3 0x80009d74 (0x00006f17) x30 0x8000fd74
core   0: 0x80009d78 (0x283f2623) sw      gp, 652(t5)
core   0: 3 0x80009d78 (0x283f2623) mem 0x80010000 0x00000001
core   0: 0x80009d7c (0xff9ff06f) j       pc - 0x8
core   0: 3 0x80009d7c (0xff9ff06f)
core   0: 0x80009d74 (0x00006f17) auipc   t5, 0x6
core   0: 3 0x80009d74 (0x00006f17) x30 0x8000fd74
core   0: 0x80009d78 (0x283f2623) sw      gp, 652(t5)
core   0: 3 0x80009d78 (0x283f2623) mem 0x80010000 0x00000001
core   0: 0x80009d7c (0xff9ff06f) j       pc - 0x8
core   0: 3 0x80009d7c (0xff9ff06f)
core   0: 0x80009d74 (0x00006f17) auipc   t5, 0x6
core   0: 3 0x80009d74 (0x00006f17) x30 0x8000fd74
core   0: 0x80009d78 (0x283f2623) sw      gp, 652(t5)
core   0: 3 0x80009d78 (0x283f2623) mem 0x80010000 0x00000001
core   0: 0x80009d7c (0xff9ff06f) j       pc - 0x8
core   0: 3 0x80009d7c (0xff9ff06f)
core   0: 0x80009d74 (0x00006f17) auipc   t5, 0x6
core   0: 3 0x80009d74 (0x00006f17) x30 0x8000fd74
core   0: 0x80009d78 (0x283f2623) sw      gp, 652(t5)
core   0: 3 0x80009d78 (0x283f2623) mem 0x80010000 0x00000001
core   0: 0x80009d7c (0xff9ff06f) j       pc - 0x8
core   0: 3 0x80009d7c (0xff9ff06f)
core   0: 0x80009d74 (0x00006f17) auipc   t5, 0x6
core   0: 3 0x80009d74 (0x00006f17) x30 0x8000fd74
core   0: 0x80009d78 (0x283f2623) sw      gp, 652(t5)
core   0: 3 0x80009d78 (0x283f2623) mem 0x80010000 0x00000001
core   0: 0x80009d7c (0xff9ff06f) j       pc - 0x8
core   0: 3 0x80009d7c (0xff9ff06f)
core   0: 0x80009d74 (0x00006f17) auipc   t5, 0x6
core   0: 3 0x80009d74 (0x00006f17) x30 0x8000fd74
core   0: 0x80009d78 (0x283f2623) sw      gp, 652(t5)
core   0: 3 0x80009d78 (0x283f2623) mem 0x80010000 0x00000001
core   0: 0x80009d7c (0xff9ff06f) j       pc - 0x8
core   0: 3 0x80009d7c (0xff9ff06f)
core   0: 0x80009d74 (0x00006f17) auipc   t5, 0x6
core   0: 3 0x80009d74 (0x00006f17) x30 0x8000fd74
core   0: 0x80009d78 (0x283f2623) sw      gp, 652(t5)
core   0: 3 0x80009d78 (0x283f2623) mem 0x80010000 0x00000001
core   0: 0x80009d7c (0xff9ff06f) j       pc - 0x8
core   0: 3 0x80009d7c (0xff9ff06f)
core   0: 0x80009d74 (0x00006f17) auipc   t5, 0x6
core   0: 3 0x80009d74 (0x00006f17) x30 0x8000fd74
core   0: 0x80009d78 (0x283f2623) sw      gp, 652(t5)
core   0: 3 0x80009d78 (0x283f2623) mem 0x80010000 0x00000001
core   0: 0x80009d7c (0xff9ff06f) j       pc - 0x8
core   0: 3 0x80009d7c (0xff9ff06f)
core   0: 0x80009d74 (0x00006f17) auipc   t5, 0x6
core   0: 3 0x80009d74 (0x00006f17) x30 0x8000fd74
core   0: 0x80009d78 (0x283f2623) sw      gp, 652(t5)
core   0: 3 0x80009d78 (0x283f2623) mem 0x80010000 0x00000001
core   0: 0x80009d7c (0xff9ff06f) j       pc - 0x8
core   0: 3 0x80009d7c (0xff9ff06f)
core   0: 0x80009d74 (0x00006f17) auipc   t5, 0x6
core   0: 3 0x80009d74 (0x00006f17) x30 0x8000fd74
core   0: 0x80009d78 (0x283f2623) sw      gp, 652(t5)
core   0: 3 0x80009d78 (0x283f2623) mem 0x80010000 0x00000001
core   0: 0x80009d7c (0xff9ff06f) j       pc - 0x8
core   0: 3 0x80009d7c (0xff9ff06f)
core   0: 0x80009d74 (0x00006f17) auipc   t5, 0x6
core   0: 3 0x80009d74 (0x00006f17) x30 0x8000fd74
core   0: 0x80009d78 (0x283f2623) sw      gp, 652(t5)
core   0: 3 0x80009d78 (0x283f2623) mem 0x80010000 0x00000001
core   0: 0x80009d7c (0xff9ff06f) j       pc - 0x8
core   0: 3 0x80009d7c (0xff9ff06f)
core   0: 0x80009d74 (0x00006f17) auipc   t5, 0x6
core   0: 3 0x80009d74 (0x00006f17) x30 0x8000fd74
core   0: 0x80009d78 (0x283f2623) sw      gp, 652(t5)
core   0: 3 0x80009d78 (0x283f2623) mem 0x80010000 0x00000001
core   0: 0x80009d7c (0xff9ff06f) j       pc - 0x8
core   0: 3 0x80009d7c (0xff9ff06f)
core   0: 0x80009d74 (0x00006f17) auipc   t5, 0x6
core   0: 3 0x80009d74 (0x00006f17) x30 0x8000fd74
core   0: 0x80009d78 (0x283f2623) sw      gp, 652(t5)
core   0: 3 0x80009d78 (0x283f2623) mem 0x80010000 0x00000001
core   0: 0x80009d7c (0xff9ff06f) j       pc - 0x8
core   0: 3 0x80009d7c (0xff9ff06f)
core   0: 0x80009d74 (0x00006f17) auipc   t5, 0x6
core   0: 3 0x80009d74 (0x00006f17) x30 0x8000fd74
core   0: 0x80009d78 (0x283f2623) sw      gp, 652(t5)
core   0: 3 0x80009d78 (0x283f2623) mem 0x80010000 0x00000001
core   0: 0x80009d7c (0xff9ff06f) j       pc - 0x8
core   0: 3 0x80009d7c (0xff9ff06f)
core   0: 0x80009d74 (0x00006f17) auipc   t5, 0x6
core   0: 3 0x80009d74 (0x00006f17) x30 0x8000fd74
core   0: 0x80009d78 (0x283f2623) sw      gp, 652(t5)
core   0: 3 0x80009d78 (0x283f2623) mem 0x80010000 0x00000001
core   0: 0x80009d7c (0xff9ff06f) j       pc - 0x8
core   0: 3 0x80009d7c (0xff9ff06f)
core   0: 0x80009d74 (0x00006f17) auipc   t5, 0x6
core   0: 3 0x80009d74 (0x00006f17) x30 0x8000fd74
core   0: 0x80009d78 (0x283f2623) sw      gp, 652(t5)
core   0: 3 0x80009d78 (0x283f2623) mem 0x80010000 0x00000001
core   0: 0x80009d7c (0xff9ff06f) j       pc - 0x8
core   0: 3 0x80009d7c (0xff9ff06f)
core   0: 0x80009d74 (0x00006f17) auipc   t5, 0x6
core   0: 3 0x80009d74 (0x00006f17) x30 0x8000fd74
core   0: 0x80009d78 (0x283f2623) sw      gp, 652(t5)
core   0: 3 0x80009d78 (0x283f2623) mem 0x80010000 0x00000001
core   0: 0x80009d7c (0xff9ff06f) j       pc - 0x8
core   0: 3 0x80009d7c (0xff9ff06f)
core   0: 0x80009d74 (0x00006f17) auipc   t5, 0x6
core   0: 3 0x80009d74 (0x00006f17) x30 0x8000fd74
core   0: 0x80009d78 (0x283f2623) sw      gp, 652(t5)
core   0: 3 0x80009d78 (0x283f2623) mem 0x80010000 0x00000001
core   0: 0x80009d7c (0xff9ff06f) j       pc - 0x8
core   0: 3 0x80009d7c (0xff9ff06f)
core   0: 0x80009d74 (0x00006f17) auipc   t5, 0x6
core   0: 3 0x80009d74 (0x00006f17) x30 0x8000fd74
core   0: 0x80009d78 (0x283f2623) sw      gp, 652(t5)
core   0: 3 0x80009d78 (0x283f2623) mem 0x80010000 0x00000001
core   0: 0x80009d7c (0xff9ff06f) j       pc - 0x8
core   0: 3 0x80009d7c (0xff9ff06f)
core   0: 0x80009d74 (0x00006f17) auipc   t5, 0x6
core   0: 3 0x80009d74 (0x00006f17) x30 0x8000fd74
core   0: 0x80009d78 (0x283f2623) sw      gp, 652(t5)
core   0: 3 0x80009d78 (0x283f2623) mem 0x80010000 0x00000001
core   0: 0x80009d7c (0xff9ff06f) j       pc - 0x8
core   0: 3 0x80009d7c (0xff9ff06f)
core   0: 0x80009d74 (0x00006f17) auipc   t5, 0x6
core   0: 3 0x80009d74 (0x00006f17) x30 0x8000fd74
core   0: 0x80009d78 (0x283f2623) sw      gp, 652(t5)
core   0: 3 0x80009d78 (0x283f2623) mem 0x80010000 0x00000001
core   0: 0x80009d7c (0xff9ff06f) j       pc - 0x8
core   0: 3 0x80009d7c (0xff9ff06f)
core   0: 0x80009d74 (0x00006f17) auipc   t5, 0x6
core   0: 3 0x80009d74 (0x00006f17) x30 0x8000fd74
core   0: 0x80009d78 (0x283f2623) sw      gp, 652(t5)
core   0: 3 0x80009d78 (0x283f2623) mem 0x80010000 0x00000001
core   0: 0x80009d7c (0xff9ff06f) j       pc - 0x8
core   0: 3 0x80009d7c (0xff9ff06f)
core   0: 0x80009d74 (0x00006f17) auipc   t5, 0x6
core   0: 3 0x80009d74 (0x00006f17) x30 0x8000fd74
core   0: 0x80009d78 (0x283f2623) sw      gp, 652(t5)
core   0: 3 0x80009d78 (0x283f2623) mem 0x80010000 0x00000001
core   0: 0x80009d7c (0xff9ff06f) j       pc - 0x8
core   0: 3 0x80009d7c (0xff9ff06f)
core   0: 0x80009d74 (0x00006f17) auipc   t5, 0x6
core   0: 3 0x80009d74 (0x00006f17) x30 0x8000fd74
core   0: 0x80009d78 (0x283f2623) sw      gp, 652(t5)
core   0: 3 0x80009d78 (0x283f2623) mem 0x80010000 0x00000001
core   0: 0x80009d7c (0xff9ff06f) j       pc - 0x8
core   0: 3 0x80009d7c (0xff9ff06f)
core   0: 0x80009d74 (0x00006f17) auipc   t5, 0x6
core   0: 3 0x80009d74 (0x00006f17) x30 0x8000fd74
core   0: 0x80009d78 (0x283f2623) sw      gp, 652(t5)
core   0: 3 0x80009d78 (0x283f2623) mem 0x80010000 0x00000001
core   0: 0x80009d7c (0xff9ff06f) j       pc - 0x8
core   0: 3 0x80009d7c (0xff9ff06f)
core   0: 0x80009d74 (0x00006f17) auipc   t5, 0x6
core   0: 3 0x80009d74 (0x00006f17) x30 0x8000fd74
core   0: 0x80009d78 (0x283f2623) sw      gp, 652(t5)
core   0: 3 0x80009d78 (0x283f2623) mem 0x80010000 0x00000001
core   0: 0x80009d7c (0xff9ff06f) j       pc - 0x8
core   0: 3 0x80009d7c (0xff9ff06f)
core   0: 0x80009d74 (0x00006f17) auipc   t5, 0x6
core   0: 3 0x80009d74 (0x00006f17) x30 0x8000fd74
core   0: 0x80009d78 (0x283f2623) sw      gp, 652(t5)
core   0: 3 0x80009d78 (0x283f2623) mem 0x80010000 0x00000001
core   0: 0x80009d7c (0xff9ff06f) j       pc - 0x8
core   0: 3 0x80009d7c (0xff9ff06f)
core   0: 0x80009d74 (0x00006f17) auipc   t5, 0x6
core   0: 3 0x80009d74 (0x00006f17) x30 0x8000fd74
core   0: 0x80009d78 (0x283f2623) sw      gp, 652(t5)
core   0: 3 0x80009d78 (0x283f2623) mem 0x80010000 0x00000001
core   0: 0x80009d7c (0xff9ff06f) j       pc - 0x8
core   0: 3 0x80009d7c (0xff9ff06f)
core   0: 0x80009d74 (0x00006f17) auipc   t5, 0x6
core   0: 3 0x80009d74 (0x00006f17) x30 0x8000fd74
core   0: 0x80009d78 (0x283f2623) sw      gp, 652(t5)
core   0: 3 0x80009d78 (0x283f2623) mem 0x80010000 0x00000001
core   0: 0x80009d7c (0xff9ff06f) j       pc - 0x8
core   0: 3 0x80009d7c (0xff9ff06f)
core   0: 0x80009d74 (0x00006f17) auipc   t5, 0x6
core   0: 3 0x80009d74 (0x00006f17) x30 0x8000fd74
core   0: 0x80009d78 (0x283f2623) sw      gp, 652(t5)
core   0: 3 0x80009d78 (0x283f2623) mem 0x80010000 0x00000001
core   0: 0x80009d7c (0xff9ff06f) j       pc - 0x8
core   0: 3 0x80009d7c (0xff9ff06f)
core   0: 0x80009d74 (0x00006f17) auipc   t5, 0x6
core   0: 3 0x80009d74 (0x00006f17) x30 0x8000fd74
core   0: 0x80009d78 (0x283f2623) sw      gp, 652(t5)
core   0: 3 0x80009d78 (0x283f2623) mem 0x80010000 0x00000001
core   0: 0x80009d7c (0xff9ff06f) j       pc - 0x8
core   0: 3 0x80009d7c (0xff9ff06f)
core   0: 0x80009d74 (0x00006f17) auipc   t5, 0x6
core   0: 3 0x80009d74 (0x00006f17) x30 0x8000fd74
core   0: 0x80009d78 (0x283f2623) sw      gp, 652(t5)
core   0: 3 0x80009d78 (0x283f2623) mem 0x80010000 0x00000001
core   0: 0x80009d7c (0xff9ff06f) j       pc - 0x8
core   0: 3 0x80009d7c (0xff9ff06f)
core   0: 0x80009d74 (0x00006f17) auipc   t5, 0x6
core   0: 3 0x80009d74 (0x00006f17) x30 0x8000fd74
core   0: 0x80009d78 (0x283f2623) sw      gp, 652(t5)
core   0: 3 0x80009d78 (0x283f2623) mem 0x80010000 0x00000001
core   0: 0x80009d7c (0xff9ff06f) j       pc - 0x8
core   0: 3 0x80009d7c (0xff9ff06f)
core   0: 0x80009d74 (0x00006f17) auipc   t5, 0x6
core   0: 3 0x80009d74 (0x00006f17) x30 0x8000fd74
core   0: 0x80009d78 (0x283f2623) sw      gp, 652(t5)
core   0: 3 0x80009d78 (0x283f2623) mem 0x80010000 0x00000001
core   0: 0x80009d7c (0xff9ff06f) j       pc - 0x8
core   0: 3 0x80009d7c (0xff9ff06f)
core   0: 0x80009d74 (0x00006f17) auipc   t5, 0x6
core   0: 3 0x80009d74 (0x00006f17) x30 0x8000fd74
core   0: 0x80009d78 (0x283f2623) sw      gp, 652(t5)
core   0: 3 0x80009d78 (0x283f2623) mem 0x80010000 0x00000001
core   0: 0x80009d7c (0xff9ff06f) j       pc - 0x8
core   0: 3 0x80009d7c (0xff9ff06f)
core   0: 0x80009d74 (0x00006f17) auipc   t5, 0x6
core   0: 3 0x80009d74 (0x00006f17) x30 0x8000fd74
core   0: 0x80009d78 (0x283f2623) sw      gp, 652(t5)
core   0: 3 0x80009d78 (0x283f2623) mem 0x80010000 0x00000001
core   0: 0x80009d7c (0xff9ff06f) j       pc - 0x8
core   0: 3 0x80009d7c (0xff9ff06f)
core   0: 0x80009d74 (0x00006f17) auipc   t5, 0x6
core   0: 3 0x80009d74 (0x00006f17) x30 0x8000fd74
core   0: 0x80009d78 (0x283f2623) sw      gp, 652(t5)
core   0: 3 0x80009d78 (0x283f2623) mem 0x80010000 0x00000001
core   0: 0x80009d7c (0xff9ff06f) j       pc - 0x8
core   0: 3 0x80009d7c (0xff9ff06f)
core   0: 0x80009d74 (0x00006f17) auipc   t5, 0x6
core   0: 3 0x80009d74 (0x00006f17) x30 0x8000fd74
core   0: 0x80009d78 (0x283f2623) sw      gp, 652(t5)
core   0: 3 0x80009d78 (0x283f2623) mem 0x80010000 0x00000001
core   0: 0x80009d7c (0xff9ff06f) j       pc - 0x8
core   0: 3 0x80009d7c (0xff9ff06f)
core   0: 0x80009d74 (0x00006f17) auipc   t5, 0x6
core   0: 3 0x80009d74 (0x00006f17) x30 0x8000fd74
core   0: 0x80009d78 (0x283f2623) sw      gp, 652(t5)
core   0: 3 0x80009d78 (0x283f2623) mem 0x80010000 0x00000001
core   0: 0x80009d7c (0xff9ff06f) j       pc - 0x8
core   0: 3 0x80009d7c (0xff9ff06f)
core   0: 0x80009d74 (0x00006f17) auipc   t5, 0x6
core   0: 3 0x80009d74 (0x00006f17) x30 0x8000fd74
core   0: 0x80009d78 (0x283f2623) sw      gp, 652(t5)
core   0: 3 0x80009d78 (0x283f2623) mem 0x80010000 0x00000001
core   0: 0x80009d7c (0xff9ff06f) j       pc - 0x8
core   0: 3 0x80009d7c (0xff9ff06f)
core   0: 0x80009d74 (0x00006f17) auipc   t5, 0x6
core   0: 3 0x80009d74 (0x00006f17) x30 0x8000fd74
core   0: 0x80009d78 (0x283f2623) sw      gp, 652(t5)
core   0: 3 0x80009d78 (0x283f2623) mem 0x80010000 0x00000001
core   0: 0x80009d7c (0xff9ff06f) j       pc - 0x8
core   0: 3 0x80009d7c (0xff9ff06f)
core   0: 0x80009d74 (0x00006f17) auipc   t5, 0x6
core   0: 3 0x80009d74 (0x00006f17) x30 0x8000fd74
core   0: 0x80009d78 (0x283f2623) sw      gp, 652(t5)
core   0: 3 0x80009d78 (0x283f2623) mem 0x80010000 0x00000001
core   0: 0x80009d7c (0xff9ff06f) j       pc - 0x8
core   0: 3 0x80009d7c (0xff9ff06f)
core   0: 0x80009d74 (0x00006f17) auipc   t5, 0x6
core   0: 3 0x80009d74 (0x00006f17) x30 0x8000fd74
core   0: 0x80009d78 (0x283f2623) sw      gp, 652(t5)
core   0: 3 0x80009d78 (0x283f2623) mem 0x80010000 0x00000001
core   0: 0x80009d7c (0xff9ff06f) j       pc - 0x8
core   0: 3 0x80009d7c (0xff9ff06f)
core   0: 0x80009d74 (0x00006f17) auipc   t5, 0x6
core   0: 3 0x80009d74 (0x00006f17) x30 0x8000fd74
core   0: 0x80009d78 (0x283f2623) sw      gp, 652(t5)
core   0: 3 0x80009d78 (0x283f2623) mem 0x80010000 0x00000001
core   0: 0x80009d7c (0xff9ff06f) j       pc - 0x8
core   0: 3 0x80009d7c (0xff9ff06f)
core   0: 0x80009d74 (0x00006f17) auipc   t5, 0x6
core   0: 3 0x80009d74 (0x00006f17) x30 0x8000fd74
core   0: 0x80009d78 (0x283f2623) sw      gp, 652(t5)
core   0: 3 0x80009d78 (0x283f2623) mem 0x80010000 0x00000001
core   0: 0x80009d7c (0xff9ff06f) j       pc - 0x8
core   0: 3 0x80009d7c (0xff9ff06f)
core   0: 0x80009d74 (0x00006f17) auipc   t5, 0x6
core   0: 3 0x80009d74 (0x00006f17) x30 0x8000fd74
core   0: 0x80009d78 (0x283f2623) sw      gp, 652(t5)
core   0: 3 0x80009d78 (0x283f2623) mem 0x80010000 0x00000001
core   0: 0x80009d7c (0xff9ff06f) j       pc - 0x8
core   0: 3 0x80009d7c (0xff9ff06f)
core   0: 0x80009d74 (0x00006f17) auipc   t5, 0x6
core   0: 3 0x80009d74 (0x00006f17) x30 0x8000fd74
core   0: 0x80009d78 (0x283f2623) sw      gp, 652(t5)
core   0: 3 0x80009d78 (0x283f2623) mem 0x80010000 0x00000001
core   0: 0x80009d7c (0xff9ff06f) j       pc - 0x8
core   0: 3 0x80009d7c (0xff9ff06f)
core   0: 0x80009d74 (0x00006f17) auipc   t5, 0x6
core   0: 3 0x80009d74 (0x00006f17) x30 0x8000fd74
core   0: 0x80009d78 (0x283f2623) sw      gp, 652(t5)
core   0: 3 0x80009d78 (0x283f2623) mem 0x80010000 0x00000001
core   0: 0x80009d7c (0xff9ff06f) j       pc - 0x8
core   0: 3 0x80009d7c (0xff9ff06f)
core   0: 0x80009d74 (0x00006f17) auipc   t5, 0x6
core   0: 3 0x80009d74 (0x00006f17) x30 0x8000fd74
core   0: 0x80009d78 (0x283f2623) sw      gp, 652(t5)
core   0: 3 0x80009d78 (0x283f2623) mem 0x80010000 0x00000001
core   0: 0x80009d7c (0xff9ff06f) j       pc - 0x8
core   0: 3 0x80009d7c (0xff9ff06f)
core   0: 0x80009d74 (0x00006f17) auipc   t5, 0x6
core   0: 3 0x80009d74 (0x00006f17) x30 0x8000fd74
core   0: 0x80009d78 (0x283f2623) sw      gp, 652(t5)
core   0: 3 0x80009d78 (0x283f2623) mem 0x80010000 0x00000001
core   0: 0x80009d7c (0xff9ff06f) j       pc - 0x8
core   0: 3 0x80009d7c (0xff9ff06f)
core   0: 0x80009d74 (0x00006f17) auipc   t5, 0x6
core   0: 3 0x80009d74 (0x00006f17) x30 0x8000fd74
core   0: 0x80009d78 (0x283f2623) sw      gp, 652(t5)
core   0: 3 0x80009d78 (0x283f2623) mem 0x80010000 0x00000001
core   0: 0x80009d7c (0xff9ff06f) j       pc - 0x8
core   0: 3 0x80009d7c (0xff9ff06f)
core   0: 0x80009d74 (0x00006f17) auipc   t5, 0x6
core   0: 3 0x80009d74 (0x00006f17) x30 0x8000fd74
core   0: 0x80009d78 (0x283f2623) sw      gp, 652(t5)
core   0: 3 0x80009d78 (0x283f2623) mem 0x80010000 0x00000001
core   0: 0x80009d7c (0xff9ff06f) j       pc - 0x8
core   0: 3 0x80009d7c (0xff9ff06f)
core   0: 0x80009d74 (0x00006f17) auipc   t5, 0x6
core   0: 3 0x80009d74 (0x00006f17) x30 0x8000fd74
core   0: 0x80009d78 (0x283f2623) sw      gp, 652(t5)
core   0: 3 0x80009d78 (0x283f2623) mem 0x80010000 0x00000001
core   0: 0x80009d7c (0xff9ff06f) j       pc - 0x8
core   0: 3 0x80009d7c (0xff9ff06f)
core   0: 0x80009d74 (0x00006f17) auipc   t5, 0x6
core   0: 3 0x80009d74 (0x00006f17) x30 0x8000fd74
core   0: 0x80009d78 (0x283f2623) sw      gp, 652(t5)
core   0: 3 0x80009d78 (0x283f2623) mem 0x80010000 0x00000001
core   0: 0x80009d7c (0xff9ff06f) j       pc - 0x8
core   0: 3 0x80009d7c (0xff9ff06f)
core   0: 0x80009d74 (0x00006f17) auipc   t5, 0x6
core   0: 3 0x80009d74 (0x00006f17) x30 0x8000fd74
core   0: 0x80009d78 (0x283f2623) sw      gp, 652(t5)
core   0: 3 0x80009d78 (0x283f2623) mem 0x80010000 0x00000001
core   0: 0x80009d7c (0xff9ff06f) j       pc - 0x8
core   0: 3 0x80009d7c (0xff9ff06f)
core   0: 0x80009d74 (0x00006f17) auipc   t5, 0x6
core   0: 3 0x80009d74 (0x00006f17) x30 0x8000fd74
core   0: 0x80009d78 (0x283f2623) sw      gp, 652(t5)
core   0: 3 0x80009d78 (0x283f2623) mem 0x80010000 0x00000001
core   0: 0x80009d7c (0xff9ff06f) j       pc - 0x8
core   0: 3 0x80009d7c (0xff9ff06f)
core   0: 0x80009d74 (0x00006f17) auipc   t5, 0x6
core   0: 3 0x80009d74 (0x00006f17) x30 0x8000fd74
core   0: 0x80009d78 (0x283f2623) sw      gp, 652(t5)
core   0: 3 0x80009d78 (0x283f2623) mem 0x80010000 0x00000001
core   0: 0x80009d7c (0xff9ff06f) j       pc - 0x8
core   0: 3 0x80009d7c (0xff9ff06f)
core   0: 0x80009d74 (0x00006f17) auipc   t5, 0x6
core   0: 3 0x80009d74 (0x00006f17) x30 0x8000fd74
core   0: 0x80009d78 (0x283f2623) sw      gp, 652(t5)
core   0: 3 0x80009d78 (0x283f2623) mem 0x80010000 0x00000001
core   0: 0x80009d7c (0xff9ff06f) j       pc - 0x8
core   0: 3 0x80009d7c (0xff9ff06f)
core   0: 0x80009d74 (0x00006f17) auipc   t5, 0x6
core   0: 3 0x80009d74 (0x00006f17) x30 0x8000fd74
core   0: 0x80009d78 (0x283f2623) sw      gp, 652(t5)
core   0: 3 0x80009d78 (0x283f2623) mem 0x80010000 0x00000001
core   0: 0x80009d7c (0xff9ff06f) j       pc - 0x8
core   0: 3 0x80009d7c (0xff9ff06f)
core   0: 0x80009d74 (0x00006f17) auipc   t5, 0x6
core   0: 3 0x80009d74 (0x00006f17) x30 0x8000fd74
core   0: 0x80009d78 (0x283f2623) sw      gp, 652(t5)
core   0: 3 0x80009d78 (0x283f2623) mem 0x80010000 0x00000001
core   0: 0x80009d7c (0xff9ff06f) j       pc - 0x8
core   0: 3 0x80009d7c (0xff9ff06f)
core   0: 0x80009d74 (0x00006f17) auipc   t5, 0x6
core   0: 3 0x80009d74 (0x00006f17) x30 0x8000fd74
core   0: 0x80009d78 (0x283f2623) sw      gp, 652(t5)
core   0: 3 0x80009d78 (0x283f2623) mem 0x80010000 0x00000001
core   0: 0x80009d7c (0xff9ff06f) j       pc - 0x8
core   0: 3 0x80009d7c (0xff9ff06f)
core   0: 0x80009d74 (0x00006f17) auipc   t5, 0x6
core   0: 3 0x80009d74 (0x00006f17) x30 0x8000fd74
core   0: 0x80009d78 (0x283f2623) sw      gp, 652(t5)
core   0: 3 0x80009d78 (0x283f2623) mem 0x80010000 0x00000001
core   0: 0x80009d7c (0xff9ff06f) j       pc - 0x8
core   0: 3 0x80009d7c (0xff9ff06f)
core   0: 0x80009d74 (0x00006f17) auipc   t5, 0x6
core   0: 3 0x80009d74 (0x00006f17) x30 0x8000fd74
core   0: 0x80009d78 (0x283f2623) sw      gp, 652(t5)
core   0: 3 0x80009d78 (0x283f2623) mem 0x80010000 0x00000001
core   0: 0x80009d7c (0xff9ff06f) j       pc - 0x8
core   0: 3 0x80009d7c (0xff9ff06f)
core   0: 0x80009d74 (0x00006f17) auipc   t5, 0x6
core   0: 3 0x80009d74 (0x00006f17) x30 0x8000fd74
core   0: 0x80009d78 (0x283f2623) sw      gp, 652(t5)
core   0: 3 0x80009d78 (0x283f2623) mem 0x80010000 0x00000001
core   0: 0x80009d7c (0xff9ff06f) j       pc - 0x8
core   0: 3 0x80009d7c (0xff9ff06f)
core   0: 0x80009d74 (0x00006f17) auipc   t5, 0x6
core   0: 3 0x80009d74 (0x00006f17) x30 0x8000fd74
core   0: 0x80009d78 (0x283f2623) sw      gp, 652(t5)
core   0: 3 0x80009d78 (0x283f2623) mem 0x80010000 0x00000001
core   0: 0x80009d7c (0xff9ff06f) j       pc - 0x8
core   0: 3 0x80009d7c (0xff9ff06f)
core   0: 0x80009d74 (0x00006f17) auipc   t5, 0x6
core   0: 3 0x80009d74 (0x00006f17) x30 0x8000fd74
core   0: 0x80009d78 (0x283f2623) sw      gp, 652(t5)
core   0: 3 0x80009d78 (0x283f2623) mem 0x80010000 0x00000001
core   0: 0x80009d7c (0xff9ff06f) j       pc - 0x8
core   0: 3 0x80009d7c (0xff9ff06f)
core   0: 0x80009d74 (0x00006f17) auipc   t5, 0x6
core   0: 3 0x80009d74 (0x00006f17) x30 0x8000fd74
core   0: 0x80009d78 (0x283f2623) sw      gp, 652(t5)
core   0: 3 0x80009d78 (0x283f2623) mem 0x80010000 0x00000001
core   0: 0x80009d7c (0xff9ff06f) j       pc - 0x8
core   0: 3 0x80009d7c (0xff9ff06f)
core   0: 0x80009d74 (0x00006f17) auipc   t5, 0x6
core   0: 3 0x80009d74 (0x00006f17) x30 0x8000fd74
core   0: 0x80009d78 (0x283f2623) sw      gp, 652(t5)
core   0: 3 0x80009d78 (0x283f2623) mem 0x80010000 0x00000001
core   0: 0x80009d7c (0xff9ff06f) j       pc - 0x8
core   0: 3 0x80009d7c (0xff9ff06f)
core   0: 0x80009d74 (0x00006f17) auipc   t5, 0x6
core   0: 3 0x80009d74 (0x00006f17) x30 0x8000fd74
core   0: 0x80009d78 (0x283f2623) sw      gp, 652(t5)
core   0: 3 0x80009d78 (0x283f2623) mem 0x80010000 0x00000001
core   0: 0x80009d7c (0xff9ff06f) j       pc - 0x8
core   0: 3 0x80009d7c (0xff9ff06f)
core   0: 0x80009d74 (0x00006f17) auipc   t5, 0x6
core   0: 3 0x80009d74 (0x00006f17) x30 0x8000fd74
core   0: 0x80009d78 (0x283f2623) sw      gp, 652(t5)
core   0: 3 0x80009d78 (0x283f2623) mem 0x80010000 0x00000001
core   0: 0x80009d7c (0xff9ff06f) j       pc - 0x8
core   0: 3 0x80009d7c (0xff9ff06f)
core   0: 0x80009d74 (0x00006f17) auipc   t5, 0x6
core   0: 3 0x80009d74 (0x00006f17) x30 0x8000fd74
core   0: 0x80009d78 (0x283f2623) sw      gp, 652(t5)
core   0: 3 0x80009d78 (0x283f2623) mem 0x80010000 0x00000001
core   0: 0x80009d7c (0xff9ff06f) j       pc - 0x8
core   0: 3 0x80009d7c (0xff9ff06f)
core   0: 0x80009d74 (0x00006f17) auipc   t5, 0x6
core   0: 3 0x80009d74 (0x00006f17) x30 0x8000fd74
core   0: 0x80009d78 (0x283f2623) sw      gp, 652(t5)
core   0: 3 0x80009d78 (0x283f2623) mem 0x80010000 0x00000001
core   0: 0x80009d7c (0xff9ff06f) j       pc - 0x8
core   0: 3 0x80009d7c (0xff9ff06f)
core   0: 0x80009d74 (0x00006f17) auipc   t5, 0x6
core   0: 3 0x80009d74 (0x00006f17) x30 0x8000fd74
core   0: 0x80009d78 (0x283f2623) sw      gp, 652(t5)
core   0: 3 0x80009d78 (0x283f2623) mem 0x80010000 0x00000001
core   0: 0x80009d7c (0xff9ff06f) j       pc - 0x8
core   0: 3 0x80009d7c (0xff9ff06f)
core   0: 0x80009d74 (0x00006f17) auipc   t5, 0x6
core   0: 3 0x80009d74 (0x00006f17) x30 0x8000fd74
core   0: 0x80009d78 (0x283f2623) sw      gp, 652(t5)
core   0: 3 0x80009d78 (0x283f2623) mem 0x80010000 0x00000001
core   0: 0x80009d7c (0xff9ff06f) j       pc - 0x8
core   0: 3 0x80009d7c (0xff9ff06f)
core   0: 0x80009d74 (0x00006f17) auipc   t5, 0x6
core   0: 3 0x80009d74 (0x00006f17) x30 0x8000fd74
core   0: 0x80009d78 (0x283f2623) sw      gp, 652(t5)
core   0: 3 0x80009d78 (0x283f2623) mem 0x80010000 0x00000001
core   0: 0x80009d7c (0xff9ff06f) j       pc - 0x8
core   0: 3 0x80009d7c (0xff9ff06f)
core   0: 0x80009d74 (0x00006f17) auipc   t5, 0x6
core   0: 3 0x80009d74 (0x00006f17) x30 0x8000fd74
core   0: 0x80009d78 (0x283f2623) sw      gp, 652(t5)
core   0: 3 0x80009d78 (0x283f2623) mem 0x80010000 0x00000001
core   0: 0x80009d7c (0xff9ff06f) j       pc - 0x8
core   0: 3 0x80009d7c (0xff9ff06f)
core   0: 0x80009d74 (0x00006f17) auipc   t5, 0x6
core   0: 3 0x80009d74 (0x00006f17) x30 0x8000fd74
core   0: 0x80009d78 (0x283f2623) sw      gp, 652(t5)
core   0: 3 0x80009d78 (0x283f2623) mem 0x80010000 0x00000001
core   0: 0x80009d7c (0xff9ff06f) j       pc - 0x8
core   0: 3 0x80009d7c (0xff9ff06f)
core   0: 0x80009d74 (0x00006f17) auipc   t5, 0x6
core   0: 3 0x80009d74 (0x00006f17) x30 0x8000fd74
core   0: 0x80009d78 (0x283f2623) sw      gp, 652(t5)
core   0: 3 0x80009d78 (0x283f2623) mem 0x80010000 0x00000001
core   0: 0x80009d7c (0xff9ff06f) j       pc - 0x8
core   0: 3 0x80009d7c (0xff9ff06f)
core   0: 0x80009d74 (0x00006f17) auipc   t5, 0x6
core   0: 3 0x80009d74 (0x00006f17) x30 0x8000fd74
core   0: 0x80009d78 (0x283f2623) sw      gp, 652(t5)
core   0: 3 0x80009d78 (0x283f2623) mem 0x80010000 0x00000001
core   0: 0x80009d7c (0xff9ff06f) j       pc - 0x8
core   0: 3 0x80009d7c (0xff9ff06f)
core   0: 0x80009d74 (0x00006f17) auipc   t5, 0x6
core   0: 3 0x80009d74 (0x00006f17) x30 0x8000fd74
core   0: 0x80009d78 (0x283f2623) sw      gp, 652(t5)
core   0: 3 0x80009d78 (0x283f2623) mem 0x80010000 0x00000001
core   0: 0x80009d7c (0xff9ff06f) j       pc - 0x8
core   0: 3 0x80009d7c (0xff9ff06f)
core   0: 0x80009d74 (0x00006f17) auipc   t5, 0x6
core   0: 3 0x80009d74 (0x00006f17) x30 0x8000fd74
core   0: 0x80009d78 (0x283f2623) sw      gp, 652(t5)
core   0: 3 0x80009d78 (0x283f2623) mem 0x80010000 0x00000001
core   0: 0x80009d7c (0xff9ff06f) j       pc - 0x8
core   0: 3 0x80009d7c (0xff9ff06f)
core   0: 0x80009d74 (0x00006f17) auipc   t5, 0x6
core   0: 3 0x80009d74 (0x00006f17) x30 0x8000fd74
core   0: 0x80009d78 (0x283f2623) sw      gp, 652(t5)
core   0: 3 0x80009d78 (0x283f2623) mem 0x80010000 0x00000001
core   0: 0x80009d7c (0xff9ff06f) j       pc - 0x8
core   0: 3 0x80009d7c (0xff9ff06f)
core   0: 0x80009d74 (0x00006f17) auipc   t5, 0x6
core   0: 3 0x80009d74 (0x00006f17) x30 0x8000fd74
core   0: 0x80009d78 (0x283f2623) sw      gp, 652(t5)
core   0: 3 0x80009d78 (0x283f2623) mem 0x80010000 0x00000001
core   0: 0x80009d7c (0xff9ff06f) j       pc - 0x8
core   0: 3 0x80009d7c (0xff9ff06f)
core   0: 0x80009d74 (0x00006f17) auipc   t5, 0x6
core   0: 3 0x80009d74 (0x00006f17) x30 0x8000fd74
core   0: 0x80009d78 (0x283f2623) sw      gp, 652(t5)
core   0: 3 0x80009d78 (0x283f2623) mem 0x80010000 0x00000001
core   0: 0x80009d7c (0xff9ff06f) j       pc - 0x8
core   0: 3 0x80009d7c (0xff9ff06f)
core   0: 0x80009d74 (0x00006f17) auipc   t5, 0x6
core   0: 3 0x80009d74 (0x00006f17) x30 0x8000fd74
core   0: 0x80009d78 (0x283f2623) sw      gp, 652(t5)
core   0: 3 0x80009d78 (0x283f2623) mem 0x80010000 0x00000001
core   0: 0x80009d7c (0xff9ff06f) j       pc - 0x8
core   0: 3 0x80009d7c (0xff9ff06f)
core   0: 0x80009d74 (0x00006f17) auipc   t5, 0x6
core   0: 3 0x80009d74 (0x00006f17) x30 0x8000fd74
core   0: 0x80009d78 (0x283f2623) sw      gp, 652(t5)
core   0: 3 0x80009d78 (0x283f2623) mem 0x80010000 0x00000001
core   0: 0x80009d7c (0xff9ff06f) j       pc - 0x8
core   0: 3 0x80009d7c (0xff9ff06f)
core   0: 0x80009d74 (0x00006f17) auipc   t5, 0x6
core   0: 3 0x80009d74 (0x00006f17) x30 0x8000fd74
core   0: 0x80009d78 (0x283f2623) sw      gp, 652(t5)
core   0: 3 0x80009d78 (0x283f2623) mem 0x80010000 0x00000001
core   0: 0x80009d7c (0xff9ff06f) j       pc - 0x8
core   0: 3 0x80009d7c (0xff9ff06f)
core   0: 0x80009d74 (0x00006f17) auipc   t5, 0x6
core   0: 3 0x80009d74 (0x00006f17) x30 0x8000fd74
core   0: 0x80009d78 (0x283f2623) sw      gp, 652(t5)
core   0: 3 0x80009d78 (0x283f2623) mem 0x80010000 0x00000001
core   0: 0x80009d7c (0xff9ff06f) j       pc - 0x8
core   0: 3 0x80009d7c (0xff9ff06f)
core   0: 0x80009d74 (0x00006f17) auipc   t5, 0x6
core   0: 3 0x80009d74 (0x00006f17) x30 0x8000fd74
core   0: 0x80009d78 (0x283f2623) sw      gp, 652(t5)
core   0: 3 0x80009d78 (0x283f2623) mem 0x80010000 0x00000001
core   0: 0x80009d7c (0xff9ff06f) j       pc - 0x8
core   0: 3 0x80009d7c (0xff9ff06f)
core   0: 0x80009d74 (0x00006f17) auipc   t5, 0x6
core   0: 3 0x80009d74 (0x00006f17) x30 0x8000fd74
core   0: 0x80009d78 (0x283f2623) sw      gp, 652(t5)
core   0: 3 0x80009d78 (0x283f2623) mem 0x80010000 0x00000001
core   0: 0x80009d7c (0xff9ff06f) j       pc - 0x8
core   0: 3 0x80009d7c (0xff9ff06f)
core   0: 0x80009d74 (0x00006f17) auipc   t5, 0x6
core   0: 3 0x80009d74 (0x00006f17) x30 0x8000fd74
core   0: 0x80009d78 (0x283f2623) sw      gp, 652(t5)
core   0: 3 0x80009d78 (0x283f2623) mem 0x80010000 0x00000001
core   0: 0x80009d7c (0xff9ff06f) j       pc - 0x8
core   0: 3 0x80009d7c (0xff9ff06f)
core   0: 0x80009d74 (0x00006f17) auipc   t5, 0x6
core   0: 3 0x80009d74 (0x00006f17) x30 0x8000fd74
core   0: 0x80009d78 (0x283f2623) sw      gp, 652(t5)
core   0: 3 0x80009d78 (0x283f2623) mem 0x80010000 0x00000001
core   0: 0x80009d7c (0xff9ff06f) j       pc - 0x8
core   0: 3 0x80009d7c (0xff9ff06f)
core   0: 0x80009d74 (0x00006f17) auipc   t5, 0x6
core   0: 3 0x80009d74 (0x00006f17) x30 0x8000fd74
core   0: 0x80009d78 (0x283f2623) sw      gp, 652(t5)
core   0: 3 0x80009d78 (0x283f2623) mem 0x80010000 0x00000001
core   0: 0x80009d7c (0xff9ff06f) j       pc - 0x8
core   0: 3 0x80009d7c (0xff9ff06f)
core   0: 0x80009d74 (0x00006f17) auipc   t5, 0x6
core   0: 3 0x80009d74 (0x00006f17) x30 0x8000fd74
core   0: 0x80009d78 (0x283f2623) sw      gp, 652(t5)
core   0: 3 0x80009d78 (0x283f2623) mem 0x80010000 0x00000001
core   0: 0x80009d7c (0xff9ff06f) j       pc - 0x8
core   0: 3 0x80009d7c (0xff9ff06f)
core   0: 0x80009d74 (0x00006f17) auipc   t5, 0x6
core   0: 3 0x80009d74 (0x00006f17) x30 0x8000fd74
core   0: 0x80009d78 (0x283f2623) sw      gp, 652(t5)
core   0: 3 0x80009d78 (0x283f2623) mem 0x80010000 0x00000001
core   0: 0x80009d7c (0xff9ff06f) j       pc - 0x8
core   0: 3 0x80009d7c (0xff9ff06f)
core   0: 0x80009d74 (0x00006f17) auipc   t5, 0x6
core   0: 3 0x80009d74 (0x00006f17) x30 0x8000fd74
core   0: 0x80009d78 (0x283f2623) sw      gp, 652(t5)
core   0: 3 0x80009d78 (0x283f2623) mem 0x80010000 0x00000001
core   0: 0x80009d7c (0xff9ff06f) j       pc - 0x8
core   0: 3 0x80009d7c (0xff9ff06f)
core   0: 0x80009d74 (0x00006f17) auipc   t5, 0x6
core   0: 3 0x80009d74 (0x00006f17) x30 0x8000fd74
core   0: 0x80009d78 (0x283f2623) sw      gp, 652(t5)
core   0: 3 0x80009d78 (0x283f2623) mem 0x80010000 0x00000001
core   0: 0x80009d7c (0xff9ff06f) j       pc - 0x8
core   0: 3 0x80009d7c (0xff9ff06f)
core   0: 0x80009d74 (0x00006f17) auipc   t5, 0x6
core   0: 3 0x80009d74 (0x00006f17) x30 0x8000fd74
core   0: 0x80009d78 (0x283f2623) sw      gp, 652(t5)
core   0: 3 0x80009d78 (0x283f2623) mem 0x80010000 0x00000001
core   0: 0x80009d7c (0xff9ff06f) j       pc - 0x8
core   0: 3 0x80009d7c (0xff9ff06f)
core   0: 0x80009d74 (0x00006f17) auipc   t5, 0x6
core   0: 3 0x80009d74 (0x00006f17) x30 0x8000fd74
core   0: 0x80009d78 (0x283f2623) sw      gp, 652(t5)
core   0: 3 0x80009d78 (0x283f2623) mem 0x80010000 0x00000001
core   0: 0x80009d7c (0xff9ff06f) j       pc - 0x8
core   0: 3 0x80009d7c (0xff9ff06f)
core   0: 0x80009d74 (0x00006f17) auipc   t5, 0x6
core   0: 3 0x80009d74 (0x00006f17) x30 0x8000fd74
core   0: 0x80009d78 (0x283f2623) sw      gp, 652(t5)
core   0: 3 0x80009d78 (0x283f2623) mem 0x80010000 0x00000001
core   0: 0x80009d7c (0xff9ff06f) j       pc - 0x8
core   0: 3 0x80009d7c (0xff9ff06f)
core   0: 0x80009d74 (0x00006f17) auipc   t5, 0x6
core   0: 3 0x80009d74 (0x00006f17) x30 0x8000fd74
core   0: 0x80009d78 (0x283f2623) sw      gp, 652(t5)
core   0: 3 0x80009d78 (0x283f2623) mem 0x80010000 0x00000001
core   0: 0x80009d7c (0xff9ff06f) j       pc - 0x8
core   0: 3 0x80009d7c (0xff9ff06f)
core   0: 0x80009d74 (0x00006f17) auipc   t5, 0x6
core   0: 3 0x80009d74 (0x00006f17) x30 0x8000fd74
core   0: 0x80009d78 (0x283f2623) sw      gp, 652(t5)
core   0: 3 0x80009d78 (0x283f2623) mem 0x80010000 0x00000001
core   0: 0x80009d7c (0xff9ff06f) j       pc - 0x8
core   0: 3 0x80009d7c (0xff9ff06f)
core   0: 0x80009d74 (0x00006f17) auipc   t5, 0x6
core   0: 3 0x80009d74 (0x00006f17) x30 0x8000fd74
core   0: 0x80009d78 (0x283f2623) sw      gp, 652(t5)
core   0: 3 0x80009d78 (0x283f2623) mem 0x80010000 0x00000001
core   0: 0x80009d7c (0xff9ff06f) j       pc - 0x8
core   0: 3 0x80009d7c (0xff9ff06f)
core   0: 0x80009d74 (0x00006f17) auipc   t5, 0x6
core   0: 3 0x80009d74 (0x00006f17) x30 0x8000fd74
core   0: 0x80009d78 (0x283f2623) sw      gp, 652(t5)
core   0: 3 0x80009d78 (0x283f2623) mem 0x80010000 0x00000001
core   0: 0x80009d7c (0xff9ff06f) j       pc - 0x8
core   0: 3 0x80009d7c (0xff9ff06f)
core   0: 0x80009d74 (0x00006f17) auipc   t5, 0x6
core   0: 3 0x80009d74 (0x00006f17) x30 0x8000fd74
core   0: 0x80009d78 (0x283f2623) sw      gp, 652(t5)
core   0: 3 0x80009d78 (0x283f2623) mem 0x80010000 0x00000001
core   0: 0x80009d7c (0xff9ff06f) j       pc - 0x8
core   0: 3 0x80009d7c (0xff9ff06f)
core   0: 0x80009d74 (0x00006f17) auipc   t5, 0x6
core   0: 3 0x80009d74 (0x00006f17) x30 0x8000fd74
core   0: 0x80009d78 (0x283f2623) sw      gp, 652(t5)
core   0: 3 0x80009d78 (0x283f2623) mem 0x80010000 0x00000001
core   0: 0x80009d7c (0xff9ff06f) j       pc - 0x8
core   0: 3 0x80009d7c (0xff9ff06f)
core   0: 0x80009d74 (0x00006f17) auipc   t5, 0x6
core   0: 3 0x80009d74 (0x00006f17) x30 0x8000fd74
core   0: 0x80009d78 (0x283f2623) sw      gp, 652(t5)
core   0: 3 0x80009d78 (0x283f2623) mem 0x80010000 0x00000001
core   0: 0x80009d7c (0xff9ff06f) j       pc - 0x8
core   0: 3 0x80009d7c (0xff9ff06f)
core   0: 0x80009d74 (0x00006f17) auipc   t5, 0x6
core   0: 3 0x80009d74 (0x00006f17) x30 0x8000fd74
core   0: 0x80009d78 (0x283f2623) sw      gp, 652(t5)
core   0: 3 0x80009d78 (0x283f2623) mem 0x80010000 0x00000001
core   0: 0x80009d7c (0xff9ff06f) j       pc - 0x8
core   0: 3 0x80009d7c (0xff9ff06f)
core   0: 0x80009d74 (0x00006f17) auipc   t5, 0x6
core   0: 3 0x80009d74 (0x00006f17) x30 0x8000fd74
core   0: 0x80009d78 (0x283f2623) sw      gp, 652(t5)
core   0: 3 0x80009d78 (0x283f2623) mem 0x80010000 0x00000001
core   0: 0x80009d7c (0xff9ff06f) j       pc - 0x8
core   0: 3 0x80009d7c (0xff9ff06f)
core   0: 0x80009d74 (0x00006f17) auipc   t5, 0x6
core   0: 3 0x80009d74 (0x00006f17) x30 0x8000fd74
core   0: 0x80009d78 (0x283f2623) sw      gp, 652(t5)
core   0: 3 0x80009d78 (0x283f2623) mem 0x80010000 0x00000001
core   0: 0x80009d7c (0xff9ff06f) j       pc - 0x8
core   0: 3 0x80009d7c (0xff9ff06f)
core   0: 0x80009d74 (0x00006f17) auipc   t5, 0x6
core   0: 3 0x80009d74 (0x00006f17) x30 0x8000fd74
core   0: 0x80009d78 (0x283f2623) sw      gp, 652(t5)
core   0: 3 0x80009d78 (0x283f2623) mem 0x80010000 0x00000001
core   0: 0x80009d7c (0xff9ff06f) j       pc - 0x8
core   0: 3 0x80009d7c (0xff9ff06f)
core   0: 0x80009d74 (0x00006f17) auipc   t5, 0x6
core   0: 3 0x80009d74 (0x00006f17) x30 0x8000fd74
core   0: 0x80009d78 (0x283f2623) sw      gp, 652(t5)
core   0: 3 0x80009d78 (0x283f2623) mem 0x80010000 0x00000001
core   0: 0x80009d7c (0xff9ff06f) j       pc - 0x8
core   0: 3 0x80009d7c (0xff9ff06f)
core   0: 0x80009d74 (0x00006f17) auipc   t5, 0x6
core   0: 3 0x80009d74 (0x00006f17) x30 0x8000fd74
core   0: 0x80009d78 (0x283f2623) sw      gp, 652(t5)
core   0: 3 0x80009d78 (0x283f2623) mem 0x80010000 0x00000001
core   0: 0x80009d7c (0xff9ff06f) j       pc - 0x8
core   0: 3 0x80009d7c (0xff9ff06f)
core   0: 0x80009d74 (0x00006f17) auipc   t5, 0x6
core   0: 3 0x80009d74 (0x00006f17) x30 0x8000fd74
core   0: 0x80009d78 (0x283f2623) sw      gp, 652(t5)
core   0: 3 0x80009d78 (0x283f2623) mem 0x80010000 0x00000001
core   0: 0x80009d7c (0xff9ff06f) j       pc - 0x8
core   0: 3 0x80009d7c (0xff9ff06f)
core   0: 0x80009d74 (0x00006f17) auipc   t5, 0x6
core   0: 3 0x80009d74 (0x00006f17) x30 0x8000fd74
core   0: 0x80009d78 (0x283f2623) sw      gp, 652(t5)
core   0: 3 0x80009d78 (0x283f2623) mem 0x80010000 0x00000001
core   0: 0x80009d7c (0xff9ff06f) j       pc - 0x8
core   0: 3 0x80009d7c (0xff9ff06f)
core   0: 0x80009d74 (0x00006f17) auipc   t5, 0x6
core   0: 3 0x80009d74 (0x00006f17) x30 0x8000fd74
core   0: 0x80009d78 (0x283f2623) sw      gp, 652(t5)
core   0: 3 0x80009d78 (0x283f2623) mem 0x80010000 0x00000001
core   0: 0x80009d7c (0xff9ff06f) j       pc - 0x8
core   0: 3 0x80009d7c (0xff9ff06f)
core   0: 0x80009d74 (0x00006f17) auipc   t5, 0x6
core   0: 3 0x80009d74 (0x00006f17) x30 0x8000fd74
core   0: 0x80009d78 (0x283f2623) sw      gp, 652(t5)
core   0: 3 0x80009d78 (0x283f2623) mem 0x80010000 0x00000001
core   0: 0x80009d7c (0xff9ff06f) j       pc - 0x8
core   0: 3 0x80009d7c (0xff9ff06f)
core   0: 0x80009d74 (0x00006f17) auipc   t5, 0x6
core   0: 3 0x80009d74 (0x00006f17) x30 0x8000fd74
core   0: 0x80009d78 (0x283f2623) sw      gp, 652(t5)
core   0: 3 0x80009d78 (0x283f2623) mem 0x80010000 0x00000001
core   0: 0x80009d7c (0xff9ff06f) j       pc - 0x8
core   0: 3 0x80009d7c (0xff9ff06f)
core   0: 0x80009d74 (0x00006f17) auipc   t5, 0x6
core   0: 3 0x80009d74 (0x00006f17) x30 0x8000fd74
core   0: 0x80009d78 (0x283f2623) sw      gp, 652(t5)
core   0: 3 0x80009d78 (0x283f2623) mem 0x80010000 0x00000001
core   0: 0x80009d7c (0xff9ff06f) j       pc - 0x8
core   0: 3 0x80009d7c (0xff9ff06f)
core   0: 0x80009d74 (0x00006f17) auipc   t5, 0x6
core   0: 3 0x80009d74 (0x00006f17) x30 0x8000fd74
core   0: 0x80009d78 (0x283f2623) sw      gp, 652(t5)
core   0: 3 0x80009d78 (0x283f2623) mem 0x80010000 0x00000001
core   0: 0x80009d7c (0xff9ff06f) j       pc - 0x8
core   0: 3 0x80009d7c (0xff9ff06f)
core   0: 0x80009d74 (0x00006f17) auipc   t5, 0x6
core   0: 3 0x80009d74 (0x00006f17) x30 0x8000fd74
core   0: 0x80009d78 (0x283f2623) sw      gp, 652(t5)
core   0: 3 0x80009d78 (0x283f2623) mem 0x80010000 0x00000001
core   0: 0x80009d7c (0xff9ff06f) j       pc - 0x8
core   0: 3 0x80009d7c (0xff9ff06f)
core   0: 0x80009d74 (0x00006f17) auipc   t5, 0x6
core   0: 3 0x80009d74 (0x00006f17) x30 0x8000fd74
core   0: 0x80009d78 (0x283f2623) sw      gp, 652(t5)
core   0: 3 0x80009d78 (0x283f2623) mem 0x80010000 0x00000001
core   0: 0x80009d7c (0xff9ff06f) j       pc - 0x8
core   0: 3 0x80009d7c (0xff9ff06f)
core   0: 0x80009d74 (0x00006f17) auipc   t5, 0x6
core   0: 3 0x80009d74 (0x00006f17) x30 0x8000fd74
core   0: 0x80009d78 (0x283f2623) sw      gp, 652(t5)
core   0: 3 0x80009d78 (0x283f2623) mem 0x80010000 0x00000001
core   0: 0x80009d7c (0xff9ff06f) j       pc - 0x8
core   0: 3 0x80009d7c (0xff9ff06f)
core   0: 0x80009d74 (0x00006f17) auipc   t5, 0x6
core   0: 3 0x80009d74 (0x00006f17) x30 0x8000fd74
core   0: 0x80009d78 (0x283f2623) sw      gp, 652(t5)
core   0: 3 0x80009d78 (0x283f2623) mem 0x80010000 0x00000001
core   0: 0x80009d7c (0xff9ff06f) j       pc - 0x8
core   0: 3 0x80009d7c (0xff9ff06f)
core   0: 0x80009d74 (0x00006f17) auipc   t5, 0x6
core   0: 3 0x80009d74 (0x00006f17) x30 0x8000fd74
core   0: 0x80009d78 (0x283f2623) sw      gp, 652(t5)
core   0: 3 0x80009d78 (0x283f2623) mem 0x80010000 0x00000001
core   0: 0x80009d7c (0xff9ff06f) j       pc - 0x8
core   0: 3 0x80009d7c (0xff9ff06f)
core   0: 0x80009d74 (0x00006f17) auipc   t5, 0x6
core   0: 3 0x80009d74 (0x00006f17) x30 0x8000fd74
core   0: 0x80009d78 (0x283f2623) sw      gp, 652(t5)
core   0: 3 0x80009d78 (0x283f2623) mem 0x80010000 0x00000001
core   0: 0x80009d7c (0xff9ff06f) j       pc - 0x8
core   0: 3 0x80009d7c (0xff9ff06f)
core   0: 0x80009d74 (0x00006f17) auipc   t5, 0x6
core   0: 3 0x80009d74 (0x00006f17) x30 0x8000fd74
core   0: 0x80009d78 (0x283f2623) sw      gp, 652(t5)
core   0: 3 0x80009d78 (0x283f2623) mem 0x80010000 0x00000001
core   0: 0x80009d7c (0xff9ff06f) j       pc - 0x8
core   0: 3 0x80009d7c (0xff9ff06f)
core   0: 0x80009d74 (0x00006f17) auipc   t5, 0x6
core   0: 3 0x80009d74 (0x00006f17) x30 0x8000fd74
core   0: 0x80009d78 (0x283f2623) sw      gp, 652(t5)
core   0: 3 0x80009d78 (0x283f2623) mem 0x80010000 0x00000001
core   0: 0x80009d7c (0xff9ff06f) j       pc - 0x8
core   0: 3 0x80009d7c (0xff9ff06f)
core   0: 0x80009d74 (0x00006f17) auipc   t5, 0x6
core   0: 3 0x80009d74 (0x00006f17) x30 0x8000fd74
core   0: 0x80009d78 (0x283f2623) sw      gp, 652(t5)
core   0: 3 0x80009d78 (0x283f2623) mem 0x80010000 0x00000001
core   0: 0x80009d7c (0xff9ff06f) j       pc - 0x8
core   0: 3 0x80009d7c (0xff9ff06f)
core   0: 0x80009d74 (0x00006f17) auipc   t5, 0x6
core   0: 3 0x80009d74 (0x00006f17) x30 0x8000fd74
core   0: 0x80009d78 (0x283f2623) sw      gp, 652(t5)
core   0: 3 0x80009d78 (0x283f2623) mem 0x80010000 0x00000001
core   0: 0x80009d7c (0xff9ff06f) j       pc - 0x8
core   0: 3 0x80009d7c (0xff9ff06f)
core   0: 0x80009d74 (0x00006f17) auipc   t5, 0x6
core   0: 3 0x80009d74 (0x00006f17) x30 0x8000fd74
core   0: 0x80009d78 (0x283f2623) sw      gp, 652(t5)
core   0: 3 0x80009d78 (0x283f2623) mem 0x80010000 0x00000001
core   0: 0x80009d7c (0xff9ff06f) j       pc - 0x8
core   0: 3 0x80009d7c (0xff9ff06f)
core   0: 0x80009d74 (0x00006f17) auipc   t5, 0x6
core   0: 3 0x80009d74 (0x00006f17) x30 0x8000fd74
core   0: 0x80009d78 (0x283f2623) sw      gp, 652(t5)
core   0: 3 0x80009d78 (0x283f2623) mem 0x80010000 0x00000001
core   0: 0x80009d7c (0xff9ff06f) j       pc - 0x8
core   0: 3 0x80009d7c (0xff9ff06f)
core   0: 0x80009d74 (0x00006f17) auipc   t5, 0x6
core   0: 3 0x80009d74 (0x00006f17) x30 0x8000fd74
core   0: 0x80009d78 (0x283f2623) sw      gp, 652(t5)
core   0: 3 0x80009d78 (0x283f2623) mem 0x80010000 0x00000001
core   0: 0x80009d7c (0xff9ff06f) j       pc - 0x8
core   0: 3 0x80009d7c (0xff9ff06f)
core   0: 0x80009d74 (0x00006f17) auipc   t5, 0x6
core   0: 3 0x80009d74 (0x00006f17) x30 0x8000fd74
core   0: 0x80009d78 (0x283f2623) sw      gp, 652(t5)
core   0: 3 0x80009d78 (0x283f2623) mem 0x80010000 0x00000001
core   0: 0x80009d7c (0xff9ff06f) j       pc - 0x8
core   0: 3 0x80009d7c (0xff9ff06f)
core   0: 0x80009d74 (0x00006f17) auipc   t5, 0x6
core   0: 3 0x80009d74 (0x00006f17) x30 0x8000fd74
core   0: 0x80009d78 (0x283f2623) sw      gp, 652(t5)
core   0: 3 0x80009d78 (0x283f2623) mem 0x80010000 0x00000001
core   0: 0x80009d7c (0xff9ff06f) j       pc - 0x8
core   0: 3 0x80009d7c (0xff9ff06f)
core   0: 0x80009d74 (0x00006f17) auipc   t5, 0x6
core   0: 3 0x80009d74 (0x00006f17) x30 0x8000fd74
core   0: 0x80009d78 (0x283f2623) sw      gp, 652(t5)
core   0: 3 0x80009d78 (0x283f2623) mem 0x80010000 0x00000001
core   0: 0x80009d7c (0xff9ff06f) j       pc - 0x8
core   0: 3 0x80009d7c (0xff9ff06f)
core   0: 0x80009d74 (0x00006f17) auipc   t5, 0x6
core   0: 3 0x80009d74 (0x00006f17) x30 0x8000fd74
core   0: 0x80009d78 (0x283f2623) sw      gp, 652(t5)
core   0: 3 0x80009d78 (0x283f2623) mem 0x80010000 0x00000001
core   0: 0x80009d7c (0xff9ff06f) j       pc - 0x8
core   0: 3 0x80009d7c (0xff9ff06f)
core   0: 0x80009d74 (0x00006f17) auipc   t5, 0x6
core   0: 3 0x80009d74 (0x00006f17) x30 0x8000fd74
core   0: 0x80009d78 (0x283f2623) sw      gp, 652(t5)
core   0: 3 0x80009d78 (0x283f2623) mem 0x80010000 0x00000001
core   0: 0x80009d7c (0xff9ff06f) j       pc - 0x8
core   0: 3 0x80009d7c (0xff9ff06f)
core   0: 0x80009d74 (0x00006f17) auipc   t5, 0x6
core   0: 3 0x80009d74 (0x00006f17) x30 0x8000fd74
core   0: 0x80009d78 (0x283f2623) sw      gp, 652(t5)
core   0: 3 0x80009d78 (0x283f2623) mem 0x80010000 0x00000001
core   0: 0x80009d7c (0xff9ff06f) j       pc - 0x8
core   0: 3 0x80009d7c (0xff9ff06f)
core   0: 0x80009d74 (0x00006f17) auipc   t5, 0x6
core   0: 3 0x80009d74 (0x00006f17) x30 0x8000fd74
core   0: 0x80009d78 (0x283f2623) sw      gp, 652(t5)
core   0: 3 0x80009d78 (0x283f2623) mem 0x80010000 0x00000001
core   0: 0x80009d7c (0xff9ff06f) j       pc - 0x8
core   0: 3 0x80009d7c (0xff9ff06f)
core   0: 0x80009d74 (0x00006f17) auipc   t5, 0x6
core   0: 3 0x80009d74 (0x00006f17) x30 0x8000fd74
core   0: 0x80009d78 (0x283f2623) sw      gp, 652(t5)
core   0: 3 0x80009d78 (0x283f2623) mem 0x80010000 0x00000001
core   0: 0x80009d7c (0xff9ff06f) j       pc - 0x8
core   0: 3 0x80009d7c (0xff9ff06f)
core   0: 0x80009d74 (0x00006f17) auipc   t5, 0x6
core   0: 3 0x80009d74 (0x00006f17) x30 0x8000fd74
core   0: 0x80009d78 (0x283f2623) sw      gp, 652(t5)
core   0: 3 0x80009d78 (0x283f2623) mem 0x80010000 0x00000001
core   0: 0x80009d7c (0xff9ff06f) j       pc - 0x8
core   0: 3 0x80009d7c (0xff9ff06f)
core   0: 0x80009d74 (0x00006f17) auipc   t5, 0x6
core   0: 3 0x80009d74 (0x00006f17) x30 0x8000fd74
core   0: 0x80009d78 (0x283f2623) sw      gp, 652(t5)
core   0: 3 0x80009d78 (0x283f2623) mem 0x80010000 0x00000001
core   0: 0x80009d7c (0xff9ff06f) j       pc - 0x8
core   0: 3 0x80009d7c (0xff9ff06f)
core   0: 0x80009d74 (0x00006f17) auipc   t5, 0x6
core   0: 3 0x80009d74 (0x00006f17) x30 0x8000fd74
core   0: 0x80009d78 (0x283f2623) sw      gp, 652(t5)
core   0: 3 0x80009d78 (0x283f2623) mem 0x80010000 0x00000001
core   0: 0x80009d7c (0xff9ff06f) j       pc - 0x8
core   0: 3 0x80009d7c (0xff9ff06f)
core   0: 0x80009d74 (0x00006f17) auipc   t5, 0x6
core   0: 3 0x80009d74 (0x00006f17) x30 0x8000fd74
core   0: 0x80009d78 (0x283f2623) sw      gp, 652(t5)
core   0: 3 0x80009d78 (0x283f2623) mem 0x80010000 0x00000001
core   0: 0x80009d7c (0xff9ff06f) j       pc - 0x8
core   0: 3 0x80009d7c (0xff9ff06f)
core   0: 0x80009d74 (0x00006f17) auipc   t5, 0x6
core   0: 3 0x80009d74 (0x00006f17) x30 0x8000fd74
core   0: 0x80009d78 (0x283f2623) sw      gp, 652(t5)
core   0: 3 0x80009d78 (0x283f2623) mem 0x80010000 0x00000001
core   0: 0x80009d7c (0xff9ff06f) j       pc - 0x8
core   0: 3 0x80009d7c (0xff9ff06f)
core   0: 0x80009d74 (0x00006f17) auipc   t5, 0x6
core   0: 3 0x80009d74 (0x00006f17) x30 0x8000fd74
core   0: 0x80009d78 (0x283f2623) sw      gp, 652(t5)
core   0: 3 0x80009d78 (0x283f2623) mem 0x80010000 0x00000001
core   0: 0x80009d7c (0xff9ff06f) j       pc - 0x8
core   0: 3 0x80009d7c (0xff9ff06f)
core   0: 0x80009d74 (0x00006f17) auipc   t5, 0x6
core   0: 3 0x80009d74 (0x00006f17) x30 0x8000fd74
core   0: 0x80009d78 (0x283f2623) sw      gp, 652(t5)
core   0: 3 0x80009d78 (0x283f2623) mem 0x80010000 0x00000001
core   0: 0x80009d7c (0xff9ff06f) j       pc - 0x8
core   0: 3 0x80009d7c (0xff9ff06f)
core   0: 0x80009d74 (0x00006f17) auipc   t5, 0x6
core   0: 3 0x80009d74 (0x00006f17) x30 0x8000fd74
core   0: 0x80009d78 (0x283f2623) sw      gp, 652(t5)
core   0: 3 0x80009d78 (0x283f2623) mem 0x80010000 0x00000001
core   0: 0x80009d7c (0xff9ff06f) j       pc - 0x8
core   0: 3 0x80009d7c (0xff9ff06f)
core   0: 0x80009d74 (0x00006f17) auipc   t5, 0x6
core   0: 3 0x80009d74 (0x00006f17) x30 0x8000fd74
core   0: 0x80009d78 (0x283f2623) sw      gp, 652(t5)
core   0: 3 0x80009d78 (0x283f2623) mem 0x80010000 0x00000001
core   0: 0x80009d7c (0xff9ff06f) j       pc - 0x8
core   0: 3 0x80009d7c (0xff9ff06f)
core   0: 0x80009d74 (0x00006f17) auipc   t5, 0x6
core   0: 3 0x80009d74 (0x00006f17) x30 0x8000fd74
core   0: 0x80009d78 (0x283f2623) sw      gp, 652(t5)
core   0: 3 0x80009d78 (0x283f2623) mem 0x80010000 0x00000001
core   0: 0x80009d7c (0xff9ff06f) j       pc - 0x8
core   0: 3 0x80009d7c (0xff9ff06f)
core   0: 0x80009d74 (0x00006f17) auipc   t5, 0x6
core   0: 3 0x80009d74 (0x00006f17) x30 0x8000fd74
core   0: 0x80009d78 (0x283f2623) sw      gp, 652(t5)
core   0: 3 0x80009d78 (0x283f2623) mem 0x80010000 0x00000001
core   0: 0x80009d7c (0xff9ff06f) j       pc - 0x8
core   0: 3 0x80009d7c (0xff9ff06f)
core   0: 0x80009d74 (0x00006f17) auipc   t5, 0x6
core   0: 3 0x80009d74 (0x00006f17) x30 0x8000fd74
core   0: 0x80009d78 (0x283f2623) sw      gp, 652(t5)
core   0: 3 0x80009d78 (0x283f2623) mem 0x80010000 0x00000001
core   0: 0x80009d7c (0xff9ff06f) j       pc - 0x8
core   0: 3 0x80009d7c (0xff9ff06f)
core   0: 0x80009d74 (0x00006f17) auipc   t5, 0x6
core   0: 3 0x80009d74 (0x00006f17) x30 0x8000fd74
core   0: 0x80009d78 (0x283f2623) sw      gp, 652(t5)
core   0: 3 0x80009d78 (0x283f2623) mem 0x80010000 0x00000001
core   0: 0x80009d7c (0xff9ff06f) j       pc - 0x8
core   0: 3 0x80009d7c (0xff9ff06f)
core   0: 0x80009d74 (0x00006f17) auipc   t5, 0x6
core   0: 3 0x80009d74 (0x00006f17) x30 0x8000fd74
core   0: 0x80009d78 (0x283f2623) sw      gp, 652(t5)
core   0: 3 0x80009d78 (0x283f2623) mem 0x80010000 0x00000001
core   0: 0x80009d7c (0xff9ff06f) j       pc - 0x8
core   0: 3 0x80009d7c (0xff9ff06f)
core   0: 0x80009d74 (0x00006f17) auipc   t5, 0x6
core   0: 3 0x80009d74 (0x00006f17) x30 0x8000fd74
core   0: 0x80009d78 (0x283f2623) sw      gp, 652(t5)
core   0: 3 0x80009d78 (0x283f2623) mem 0x80010000 0x00000001
core   0: 0x80009d7c (0xff9ff06f) j       pc - 0x8
core   0: 3 0x80009d7c (0xff9ff06f)
core   0: 0x80009d74 (0x00006f17) auipc   t5, 0x6
core   0: 3 0x80009d74 (0x00006f17) x30 0x8000fd74
core   0: 0x80009d78 (0x283f2623) sw      gp, 652(t5)
core   0: 3 0x80009d78 (0x283f2623) mem 0x80010000 0x00000001
core   0: 0x80009d7c (0xff9ff06f) j       pc - 0x8
core   0: 3 0x80009d7c (0xff9ff06f)
core   0: 0x80009d74 (0x00006f17) auipc   t5, 0x6
core   0: 3 0x80009d74 (0x00006f17) x30 0x8000fd74
core   0: 0x80009d78 (0x283f2623) sw      gp, 652(t5)
core   0: 3 0x80009d78 (0x283f2623) mem 0x80010000 0x00000001
core   0: 0x80009d7c (0xff9ff06f) j       pc - 0x8
core   0: 3 0x80009d7c (0xff9ff06f)
core   0: 0x80009d74 (0x00006f17) auipc   t5, 0x6
core   0: 3 0x80009d74 (0x00006f17) x30 0x8000fd74
core   0: 0x80009d78 (0x283f2623) sw      gp, 652(t5)
core   0: 3 0x80009d78 (0x283f2623) mem 0x80010000 0x00000001
core   0: 0x80009d7c (0xff9ff06f) j       pc - 0x8
core   0: 3 0x80009d7c (0xff9ff06f)
core   0: 0x80009d74 (0x00006f17) auipc   t5, 0x6
core   0: 3 0x80009d74 (0x00006f17) x30 0x8000fd74
core   0: 0x80009d78 (0x283f2623) sw      gp, 652(t5)
core   0: 3 0x80009d78 (0x283f2623) mem 0x80010000 0x00000001
core   0: 0x80009d7c (0xff9ff06f) j       pc - 0x8
core   0: 3 0x80009d7c (0xff9ff06f)
core   0: 0x80009d74 (0x00006f17) auipc   t5, 0x6
core   0: 3 0x80009d74 (0x00006f17) x30 0x8000fd74
core   0: 0x80009d78 (0x283f2623) sw      gp, 652(t5)
core   0: 3 0x80009d78 (0x283f2623) mem 0x80010000 0x00000001
core   0: 0x80009d7c (0xff9ff06f) j       pc - 0x8
core   0: 3 0x80009d7c (0xff9ff06f)
core   0: 0x80009d74 (0x00006f17) auipc   t5, 0x6
core   0: 3 0x80009d74 (0x00006f17) x30 0x8000fd74
core   0: 0x80009d78 (0x283f2623) sw      gp, 652(t5)
core   0: 3 0x80009d78 (0x283f2623) mem 0x80010000 0x00000001
core   0: 0x80009d7c (0xff9ff06f) j       pc - 0x8
core   0: 3 0x80009d7c (0xff9ff06f)
core   0: 0x80009d74 (0x00006f17) auipc   t5, 0x6
core   0: 3 0x80009d74 (0x00006f17) x30 0x8000fd74
core   0: 0x80009d78 (0x283f2623) sw      gp, 652(t5)
core   0: 3 0x80009d78 (0x283f2623) mem 0x80010000 0x00000001
core   0: 0x80009d7c (0xff9ff06f) j       pc - 0x8
core   0: 3 0x80009d7c (0xff9ff06f)
core   0: 0x80009d74 (0x00006f17) auipc   t5, 0x6
core   0: 3 0x80009d74 (0x00006f17) x30 0x8000fd74
core   0: 0x80009d78 (0x283f2623) sw      gp, 652(t5)
core   0: 3 0x80009d78 (0x283f2623) mem 0x80010000 0x00000001
core   0: 0x80009d7c (0xff9ff06f) j       pc - 0x8
core   0: 3 0x80009d7c (0xff9ff06f)
core   0: 0x80009d74 (0x00006f17) auipc   t5, 0x6
core   0: 3 0x80009d74 (0x00006f17) x30 0x8000fd74
core   0: 0x80009d78 (0x283f2623) sw      gp, 652(t5)
core   0: 3 0x80009d78 (0x283f2623) mem 0x80010000 0x00000001
core   0: 0x80009d7c (0xff9ff06f) j       pc - 0x8
core   0: 3 0x80009d7c (0xff9ff06f)
core   0: 0x80009d74 (0x00006f17) auipc   t5, 0x6
core   0: 3 0x80009d74 (0x00006f17) x30 0x8000fd74
core   0: 0x80009d78 (0x283f2623) sw      gp, 652(t5)
core   0: 3 0x80009d78 (0x283f2623) mem 0x80010000 0x00000001
core   0: 0x80009d7c (0xff9ff06f) j       pc - 0x8
core   0: 3 0x80009d7c (0xff9ff06f)
core   0: 0x80009d74 (0x00006f17) auipc   t5, 0x6
core   0: 3 0x80009d74 (0x00006f17) x30 0x8000fd74
core   0: 0x80009d78 (0x283f2623) sw      gp, 652(t5)
core   0: 3 0x80009d78 (0x283f2623) mem 0x80010000 0x00000001
core   0: 0x80009d7c (0xff9ff06f) j       pc - 0x8
core   0: 3 0x80009d7c (0xff9ff06f)
core   0: 0x80009d74 (0x00006f17) auipc   t5, 0x6
core   0: 3 0x80009d74 (0x00006f17) x30 0x8000fd74
core   0: 0x80009d78 (0x283f2623) sw      gp, 652(t5)
core   0: 3 0x80009d78 (0x283f2623) mem 0x80010000 0x00000001
core   0: 0x80009d7c (0xff9ff06f) j       pc - 0x8
core   0: 3 0x80009d7c (0xff9ff06f)
core   0: 0x80009d74 (0x00006f17) auipc   t5, 0x6
core   0: 3 0x80009d74 (0x00006f17) x30 0x8000fd74
core   0: 0x80009d78 (0x283f2623) sw      gp, 652(t5)
core   0: 3 0x80009d78 (0x283f2623) mem 0x80010000 0x00000001
core   0: 0x80009d7c (0xff9ff06f) j       pc - 0x8
core   0: 3 0x80009d7c (0xff9ff06f)
core   0: 0x80009d74 (0x00006f17) auipc   t5, 0x6
core   0: 3 0x80009d74 (0x00006f17) x30 0x8000fd74
core   0: 0x80009d78 (0x283f2623) sw      gp, 652(t5)
core   0: 3 0x80009d78 (0x283f2623) mem 0x80010000 0x00000001
core   0: 0x80009d7c (0xff9ff06f) j       pc - 0x8
core   0: 3 0x80009d7c (0xff9ff06f)
core   0: 0x80009d74 (0x00006f17) auipc   t5, 0x6
core   0: 3 0x80009d74 (0x00006f17) x30 0x8000fd74
core   0: 0x80009d78 (0x283f2623) sw      gp, 652(t5)
core   0: 3 0x80009d78 (0x283f2623) mem 0x80010000 0x00000001
core   0: 0x80009d7c (0xff9ff06f) j       pc - 0x8
core   0: 3 0x80009d7c (0xff9ff06f)
core   0: 0x80009d74 (0x00006f17) auipc   t5, 0x6
core   0: 3 0x80009d74 (0x00006f17) x30 0x8000fd74
core   0: 0x80009d78 (0x283f2623) sw      gp, 652(t5)
core   0: 3 0x80009d78 (0x283f2623) mem 0x80010000 0x00000001
core   0: 0x80009d7c (0xff9ff06f) j       pc - 0x8
core   0: 3 0x80009d7c (0xff9ff06f)
core   0: 0x80009d74 (0x00006f17) auipc   t5, 0x6
core   0: 3 0x80009d74 (0x00006f17) x30 0x8000fd74
core   0: 0x80009d78 (0x283f2623) sw      gp, 652(t5)
core   0: 3 0x80009d78 (0x283f2623) mem 0x80010000 0x00000001
core   0: 0x80009d7c (0xff9ff06f) j       pc - 0x8
core   0: 3 0x80009d7c (0xff9ff06f)
core   0: 0x80009d74 (0x00006f17) auipc   t5, 0x6
core   0: 3 0x80009d74 (0x00006f17) x30 0x8000fd74
core   0: 0x80009d78 (0x283f2623) sw      gp, 652(t5)
core   0: 3 0x80009d78 (0x283f2623) mem 0x80010000 0x00000001
core   0: 0x80009d7c (0xff9ff06f) j       pc - 0x8
core   0: 3 0x80009d7c (0xff9ff06f)
core   0: 0x80009d74 (0x00006f17) auipc   t5, 0x6
core   0: 3 0x80009d74 (0x00006f17) x30 0x8000fd74
core   0: 0x80009d78 (0x283f2623) sw      gp, 652(t5)
core   0: 3 0x80009d78 (0x283f2623) mem 0x80010000 0x00000001
core   0: 0x80009d7c (0xff9ff06f) j       pc - 0x8
core   0: 3 0x80009d7c (0xff9ff06f)
core   0: 0x80009d74 (0x00006f17) auipc   t5, 0x6
core   0: 3 0x80009d74 (0x00006f17) x30 0x8000fd74
core   0: 0x80009d78 (0x283f2623) sw      gp, 652(t5)
core   0: 3 0x80009d78 (0x283f2623) mem 0x80010000 0x00000001
core   0: 0x80009d7c (0xff9ff06f) j       pc - 0x8
core   0: 3 0x80009d7c (0xff9ff06f)
core   0: 0x80009d74 (0x00006f17) auipc   t5, 0x6
core   0: 3 0x80009d74 (0x00006f17) x30 0x8000fd74
core   0: 0x80009d78 (0x283f2623) sw      gp, 652(t5)
core   0: 3 0x80009d78 (0x283f2623) mem 0x80010000 0x00000001
core   0: 0x80009d7c (0xff9ff06f) j       pc - 0x8
core   0: 3 0x80009d7c (0xff9ff06f)
core   0: 0x80009d74 (0x00006f17) auipc   t5, 0x6
core   0: 3 0x80009d74 (0x00006f17) x30 0x8000fd74
core   0: 0x80009d78 (0x283f2623) sw      gp, 652(t5)
core   0: 3 0x80009d78 (0x283f2623) mem 0x80010000 0x00000001
core   0: 0x80009d7c (0xff9ff06f) j       pc - 0x8
core   0: 3 0x80009d7c (0xff9ff06f)
core   0: 0x80009d74 (0x00006f17) auipc   t5, 0x6
core   0: 3 0x80009d74 (0x00006f17) x30 0x8000fd74
core   0: 0x80009d78 (0x283f2623) sw      gp, 652(t5)
core   0: 3 0x80009d78 (0x283f2623) mem 0x80010000 0x00000001
core   0: 0x80009d7c (0xff9ff06f) j       pc - 0x8
core   0: 3 0x80009d7c (0xff9ff06f)
core   0: 0x80009d74 (0x00006f17) auipc   t5, 0x6
core   0: 3 0x80009d74 (0x00006f17) x30 0x8000fd74
core   0: 0x80009d78 (0x283f2623) sw      gp, 652(t5)
core   0: 3 0x80009d78 (0x283f2623) mem 0x80010000 0x00000001
core   0: 0x80009d7c (0xff9ff06f) j       pc - 0x8
core   0: 3 0x80009d7c (0xff9ff06f)
core   0: 0x80009d74 (0x00006f17) auipc   t5, 0x6
core   0: 3 0x80009d74 (0x00006f17) x30 0x8000fd74
core   0: 0x80009d78 (0x283f2623) sw      gp, 652(t5)
core   0: 3 0x80009d78 (0x283f2623) mem 0x80010000 0x00000001
core   0: 0x80009d7c (0xff9ff06f) j       pc - 0x8
core   0: 3 0x80009d7c (0xff9ff06f)
core   0: 0x80009d74 (0x00006f17) auipc   t5, 0x6
core   0: 3 0x80009d74 (0x00006f17) x30 0x8000fd74
core   0: 0x80009d78 (0x283f2623) sw      gp, 652(t5)
core   0: 3 0x80009d78 (0x283f2623) mem 0x80010000 0x00000001
core   0: 0x80009d7c (0xff9ff06f) j       pc - 0x8
core   0: 3 0x80009d7c (0xff9ff06f)
core   0: 0x80009d74 (0x00006f17) auipc   t5, 0x6
core   0: 3 0x80009d74 (0x00006f17) x30 0x8000fd74
core   0: 0x80009d78 (0x283f2623) sw      gp, 652(t5)
core   0: 3 0x80009d78 (0x283f2623) mem 0x80010000 0x00000001
core   0: 0x80009d7c (0xff9ff06f) j       pc - 0x8
core   0: 3 0x80009d7c (0xff9ff06f)
core   0: 0x80009d74 (0x00006f17) auipc   t5, 0x6
core   0: 3 0x80009d74 (0x00006f17) x30 0x8000fd74
core   0: 0x80009d78 (0x283f2623) sw      gp, 652(t5)
core   0: 3 0x80009d78 (0x283f2623) mem 0x80010000 0x00000001
core   0: 0x80009d7c (0xff9ff06f) j       pc - 0x8
core   0: 3 0x80009d7c (0xff9ff06f)
core   0: 0x80009d74 (0x00006f17) auipc   t5, 0x6
core   0: 3 0x80009d74 (0x00006f17) x30 0x8000fd74
core   0: 0x80009d78 (0x283f2623) sw      gp, 652(t5)
core   0: 3 0x80009d78 (0x283f2623) mem 0x80010000 0x00000001
core   0: 0x80009d7c (0xff9ff06f) j       pc - 0x8
core   0: 3 0x80009d7c (0xff9ff06f)
core   0: 0x80009d74 (0x00006f17) auipc   t5, 0x6
core   0: 3 0x80009d74 (0x00006f17) x30 0x8000fd74
core   0: 0x80009d78 (0x283f2623) sw      gp, 652(t5)
core   0: 3 0x80009d78 (0x283f2623) mem 0x80010000 0x00000001
core   0: 0x80009d7c (0xff9ff06f) j       pc - 0x8
core   0: 3 0x80009d7c (0xff9ff06f)
core   0: 0x80009d74 (0x00006f17) auipc   t5, 0x6
core   0: 3 0x80009d74 (0x00006f17) x30 0x8000fd74
core   0: 0x80009d78 (0x283f2623) sw      gp, 652(t5)
core   0: 3 0x80009d78 (0x283f2623) mem 0x80010000 0x00000001
core   0: 0x80009d7c (0xff9ff06f) j       pc - 0x8
core   0: 3 0x80009d7c (0xff9ff06f)
core   0: 0x80009d74 (0x00006f17) auipc   t5, 0x6
core   0: 3 0x80009d74 (0x00006f17) x30 0x8000fd74
core   0: 0x80009d78 (0x283f2623) sw      gp, 652(t5)
core   0: 3 0x80009d78 (0x283f2623) mem 0x80010000 0x00000001
core   0: 0x80009d7c (0xff9ff06f) j       pc - 0x8
core   0: 3 0x80009d7c (0xff9ff06f)
core   0: 0x80009d74 (0x00006f17) auipc   t5, 0x6
core   0: 3 0x80009d74 (0x00006f17) x30 0x8000fd74
core   0: 0x80009d78 (0x283f2623) sw      gp, 652(t5)
core   0: 3 0x80009d78 (0x283f2623) mem 0x80010000 0x00000001
core   0: 0x80009d7c (0xff9ff06f) j       pc - 0x8
core   0: 3 0x80009d7c (0xff9ff06f)
core   0: 0x80009d74 (0x00006f17) auipc   t5, 0x6
core   0: 3 0x80009d74 (0x00006f17) x30 0x8000fd74
core   0: 0x80009d78 (0x283f2623) sw      gp, 652(t5)
core   0: 3 0x80009d78 (0x283f2623) mem 0x80010000 0x00000001
core   0: 0x80009d7c (0xff9ff06f) j       pc - 0x8
core   0: 3 0x80009d7c (0xff9ff06f)
core   0: 0x80009d74 (0x00006f17) auipc   t5, 0x6
core   0: 3 0x80009d74 (0x00006f17) x30 0x8000fd74
core   0: 0x80009d78 (0x283f2623) sw      gp, 652(t5)
core   0: 3 0x80009d78 (0x283f2623) mem 0x80010000 0x00000001
core   0: 0x80009d7c (0xff9ff06f) j       pc - 0x8
core   0: 3 0x80009d7c (0xff9ff06f)
core   0: 0x80009d74 (0x00006f17) auipc   t5, 0x6
core   0: 3 0x80009d74 (0x00006f17) x30 0x8000fd74
core   0: 0x80009d78 (0x283f2623) sw      gp, 652(t5)
core   0: 3 0x80009d78 (0x283f2623) mem 0x80010000 0x00000001
core   0: 0x80009d7c (0xff9ff06f) j       pc - 0x8
core   0: 3 0x80009d7c (0xff9ff06f)
core   0: 0x80009d74 (0x00006f17) auipc   t5, 0x6
core   0: 3 0x80009d74 (0x00006f17) x30 0x8000fd74
core   0: 0x80009d78 (0x283f2623) sw      gp, 652(t5)
core   0: 3 0x80009d78 (0x283f2623) mem 0x80010000 0x00000001
core   0: 0x80009d7c (0xff9ff06f) j       pc - 0x8
core   0: 3 0x80009d7c (0xff9ff06f)
core   0: 0x80009d74 (0x00006f17) auipc   t5, 0x6
core   0: 3 0x80009d74 (0x00006f17) x30 0x8000fd74
core   0: 0x80009d78 (0x283f2623) sw      gp, 652(t5)
core   0: 3 0x80009d78 (0x283f2623) mem 0x80010000 0x00000001
core   0: 0x80009d7c (0xff9ff06f) j       pc - 0x8
core   0: 3 0x80009d7c (0xff9ff06f)
core   0: 0x80009d74 (0x00006f17) auipc   t5, 0x6
core   0: 3 0x80009d74 (0x00006f17) x30 0x8000fd74
core   0: 0x80009d78 (0x283f2623) sw      gp, 652(t5)
core   0: 3 0x80009d78 (0x283f2623) mem 0x80010000 0x00000001
core   0: 0x80009d7c (0xff9ff06f) j       pc - 0x8
core   0: 3 0x80009d7c (0xff9ff06f)
core   0: 0x80009d74 (0x00006f17) auipc   t5, 0x6
core   0: 3 0x80009d74 (0x00006f17) x30 0x8000fd74
core   0: 0x80009d78 (0x283f2623) sw      gp, 652(t5)
core   0: 3 0x80009d78 (0x283f2623) mem 0x80010000 0x00000001
core   0: 0x80009d7c (0xff9ff06f) j       pc - 0x8
core   0: 3 0x80009d7c (0xff9ff06f)
core   0: 0x80009d74 (0x00006f17) auipc   t5, 0x6
core   0: 3 0x80009d74 (0x00006f17) x30 0x8000fd74
core   0: 0x80009d78 (0x283f2623) sw      gp, 652(t5)
core   0: 3 0x80009d78 (0x283f2623) mem 0x80010000 0x00000001
core   0: 0x80009d7c (0xff9ff06f) j       pc - 0x8
core   0: 3 0x80009d7c (0xff9ff06f)
core   0: 0x80009d74 (0x00006f17) auipc   t5, 0x6
core   0: 3 0x80009d74 (0x00006f17) x30 0x8000fd74
core   0: 0x80009d78 (0x283f2623) sw      gp, 652(t5)
core   0: 3 0x80009d78 (0x283f2623) mem 0x80010000 0x00000001
core   0: 0x80009d7c (0xff9ff06f) j       pc - 0x8
core   0: 3 0x80009d7c (0xff9ff06f)
core   0: 0x80009d74 (0x00006f17) auipc   t5, 0x6
core   0: 3 0x80009d74 (0x00006f17) x30 0x8000fd74
core   0: 0x80009d78 (0x283f2623) sw      gp, 652(t5)
core   0: 3 0x80009d78 (0x283f2623) mem 0x80010000 0x00000001
core   0: 0x80009d7c (0xff9ff06f) j       pc - 0x8
core   0: 3 0x80009d7c (0xff9ff06f)
core   0: 0x80009d74 (0x00006f17) auipc   t5, 0x6
core   0: 3 0x80009d74 (0x00006f17) x30 0x8000fd74
core   0: 0x80009d78 (0x283f2623) sw      gp, 652(t5)
core   0: 3 0x80009d78 (0x283f2623) mem 0x80010000 0x00000001
core   0: 0x80009d7c (0xff9ff06f) j       pc - 0x8
core   0: 3 0x80009d7c (0xff9ff06f)
core   0: 0x80009d74 (0x00006f17) auipc   t5, 0x6
core   0: 3 0x80009d74 (0x00006f17) x30 0x8000fd74
core   0: 0x80009d78 (0x283f2623) sw      gp, 652(t5)
core   0: 3 0x80009d78 (0x283f2623) mem 0x80010000 0x00000001
core   0: 0x80009d7c (0xff9ff06f) j       pc - 0x8
core   0: 3 0x80009d7c (0xff9ff06f)
core   0: 0x80009d74 (0x00006f17) auipc   t5, 0x6
core   0: 3 0x80009d74 (0x00006f17) x30 0x8000fd74
core   0: 0x80009d78 (0x283f2623) sw      gp, 652(t5)
core   0: 3 0x80009d78 (0x283f2623) mem 0x80010000 0x00000001
core   0: 0x80009d7c (0xff9ff06f) j       pc - 0x8
core   0: 3 0x80009d7c (0xff9ff06f)
core   0: 0x80009d74 (0x00006f17) auipc   t5, 0x6
core   0: 3 0x80009d74 (0x00006f17) x30 0x8000fd74
core   0: 0x80009d78 (0x283f2623) sw      gp, 652(t5)
core   0: 3 0x80009d78 (0x283f2623) mem 0x80010000 0x00000001
core   0: 0x80009d7c (0xff9ff06f) j       pc - 0x8
core   0: 3 0x80009d7c (0xff9ff06f)
core   0: 0x80009d74 (0x00006f17) auipc   t5, 0x6
core   0: 3 0x80009d74 (0x00006f17) x30 0x8000fd74
core   0: 0x80009d78 (0x283f2623) sw      gp, 652(t5)
core   0: 3 0x80009d78 (0x283f2623) mem 0x80010000 0x00000001
core   0: 0x80009d7c (0xff9ff06f) j       pc - 0x8
core   0: 3 0x80009d7c (0xff9ff06f)
core   0: 0x80009d74 (0x00006f17) auipc   t5, 0x6
core   0: 3 0x80009d74 (0x00006f17) x30 0x8000fd74
core   0: 0x80009d78 (0x283f2623) sw      gp, 652(t5)
core   0: 3 0x80009d78 (0x283f2623) mem 0x80010000 0x00000001
core   0: 0x80009d7c (0xff9ff06f) j       pc - 0x8
core   0: 3 0x80009d7c (0xff9ff06f)
core   0: 0x80009d74 (0x00006f17) auipc   t5, 0x6
core   0: 3 0x80009d74 (0x00006f17) x30 0x8000fd74
core   0: 0x80009d78 (0x283f2623) sw      gp, 652(t5)
core   0: 3 0x80009d78 (0x283f2623) mem 0x80010000 0x00000001
core   0: 0x80009d7c (0xff9ff06f) j       pc - 0x8
core   0: 3 0x80009d7c (0xff9ff06f)
core   0: 0x80009d74 (0x00006f17) auipc   t5, 0x6
core   0: 3 0x80009d74 (0x00006f17) x30 0x8000fd74
core   0: 0x80009d78 (0x283f2623) sw      gp, 652(t5)
core   0: 3 0x80009d78 (0x283f2623) mem 0x80010000 0x00000001
core   0: 0x80009d7c (0xff9ff06f) j       pc - 0x8
core   0: 3 0x80009d7c (0xff9ff06f)
core   0: 0x80009d74 (0x00006f17) auipc   t5, 0x6
core   0: 3 0x80009d74 (0x00006f17) x30 0x8000fd74
core   0: 0x80009d78 (0x283f2623) sw      gp, 652(t5)
core   0: 3 0x80009d78 (0x283f2623) mem 0x80010000 0x00000001
core   0: 0x80009d7c (0xff9ff06f) j       pc - 0x8
core   0: 3 0x80009d7c (0xff9ff06f)
core   0: 0x80009d74 (0x00006f17) auipc   t5, 0x6
core   0: 3 0x80009d74 (0x00006f17) x30 0x8000fd74
core   0: 0x80009d78 (0x283f2623) sw      gp, 652(t5)
core   0: 3 0x80009d78 (0x283f2623) mem 0x80010000 0x00000001
core   0: 0x80009d7c (0xff9ff06f) j       pc - 0x8
core   0: 3 0x80009d7c (0xff9ff06f)
core   0: 0x80009d74 (0x00006f17) auipc   t5, 0x6
core   0: 3 0x80009d74 (0x00006f17) x30 0x8000fd74
core   0: 0x80009d78 (0x283f2623) sw      gp, 652(t5)
core   0: 3 0x80009d78 (0x283f2623) mem 0x80010000 0x00000001
core   0: 0x80009d7c (0xff9ff06f) j       pc - 0x8
core   0: 3 0x80009d7c (0xff9ff06f)
core   0: 0x80009d74 (0x00006f17) auipc   t5, 0x6
core   0: 3 0x80009d74 (0x00006f17) x30 0x8000fd74
core   0: 0x80009d78 (0x283f2623) sw      gp, 652(t5)
core   0: 3 0x80009d78 (0x283f2623) mem 0x80010000 0x00000001
core   0: 0x80009d7c (0xff9ff06f) j       pc - 0x8
core   0: 3 0x80009d7c (0xff9ff06f)
core   0: 0x80009d74 (0x00006f17) auipc   t5, 0x6
core   0: 3 0x80009d74 (0x00006f17) x30 0x8000fd74
core   0: 0x80009d78 (0x283f2623) sw      gp, 652(t5)
core   0: 3 0x80009d78 (0x283f2623) mem 0x80010000 0x00000001
core   0: 0x80009d7c (0xff9ff06f) j       pc - 0x8
core   0: 3 0x80009d7c (0xff9ff06f)
core   0: 0x80009d74 (0x00006f17) auipc   t5, 0x6
core   0: 3 0x80009d74 (0x00006f17) x30 0x8000fd74
core   0: 0x80009d78 (0x283f2623) sw      gp, 652(t5)
core   0: 3 0x80009d78 (0x283f2623) mem 0x80010000 0x00000001
core   0: 0x80009d7c (0xff9ff06f) j       pc - 0x8
core   0: 3 0x80009d7c (0xff9ff06f)
core   0: 0x80009d74 (0x00006f17) auipc   t5, 0x6
core   0: 3 0x80009d74 (0x00006f17) x30 0x8000fd74
core   0: 0x80009d78 (0x283f2623) sw      gp, 652(t5)
core   0: 3 0x80009d78 (0x283f2623) mem 0x80010000 0x00000001
core   0: 0x80009d7c (0xff9ff06f) j       pc - 0x8
core   0: 3 0x80009d7c (0xff9ff06f)
core   0: 0x80009d74 (0x00006f17) auipc   t5, 0x6
core   0: 3 0x80009d74 (0x00006f17) x30 0x8000fd74
core   0: 0x80009d78 (0x283f2623) sw      gp, 652(t5)
core   0: 3 0x80009d78 (0x283f2623) mem 0x80010000 0x00000001
core   0: 0x80009d7c (0xff9ff06f) j       pc - 0x8
core   0: 3 0x80009d7c (0xff9ff06f)
core   0: 0x80009d74 (0x00006f17) auipc   t5, 0x6
core   0: 3 0x80009d74 (0x00006f17) x30 0x8000fd74
core   0: 0x80009d78 (0x283f2623) sw      gp, 652(t5)
core   0: 3 0x80009d78 (0x283f2623) mem 0x80010000 0x00000001
core   0: 0x80009d7c (0xff9ff06f) j       pc - 0x8
core   0: 3 0x80009d7c (0xff9ff06f)
core   0: 0x80009d74 (0x00006f17) auipc   t5, 0x6
core   0: 3 0x80009d74 (0x00006f17) x30 0x8000fd74
core   0: 0x80009d78 (0x283f2623) sw      gp, 652(t5)
core   0: 3 0x80009d78 (0x283f2623) mem 0x80010000 0x00000001
core   0: 0x80009d7c (0xff9ff06f) j       pc - 0x8
core   0: 3 0x80009d7c (0xff9ff06f)
core   0: 0x80009d74 (0x00006f17) auipc   t5, 0x6
core   0: 3 0x80009d74 (0x00006f17) x30 0x8000fd74
core   0: 0x80009d78 (0x283f2623) sw      gp, 652(t5)
core   0: 3 0x80009d78 (0x283f2623) mem 0x80010000 0x00000001
core   0: 0x80009d7c (0xff9ff06f) j       pc - 0x8
core   0: 3 0x80009d7c (0xff9ff06f)
core   0: 0x80009d74 (0x00006f17) auipc   t5, 0x6
core   0: 3 0x80009d74 (0x00006f17) x30 0x8000fd74
core   0: 0x80009d78 (0x283f2623) sw      gp, 652(t5)
core   0: 3 0x80009d78 (0x283f2623) mem 0x80010000 0x00000001
core   0: 0x80009d7c (0xff9ff06f) j       pc - 0x8
core   0: 3 0x80009d7c (0xff9ff06f)
core   0: 0x80009d74 (0x00006f17) auipc   t5, 0x6
core   0: 3 0x80009d74 (0x00006f17) x30 0x8000fd74
core   0: 0x80009d78 (0x283f2623) sw      gp, 652(t5)
core   0: 3 0x80009d78 (0x283f2623) mem 0x80010000 0x00000001
core   0: 0x80009d7c (0xff9ff06f) j       pc - 0x8
core   0: 3 0x80009d7c (0xff9ff06f)
core   0: 0x80009d74 (0x00006f17) auipc   t5, 0x6
core   0: 3 0x80009d74 (0x00006f17) x30 0x8000fd74
core   0: 0x80009d78 (0x283f2623) sw      gp, 652(t5)
core   0: 3 0x80009d78 (0x283f2623) mem 0x80010000 0x00000001
core   0: 0x80009d7c (0xff9ff06f) j       pc - 0x8
core   0: 3 0x80009d7c (0xff9ff06f)
core   0: 0x80009d74 (0x00006f17) auipc   t5, 0x6
core   0: 3 0x80009d74 (0x00006f17) x30 0x8000fd74
core   0: 0x80009d78 (0x283f2623) sw      gp, 652(t5)
core   0: 3 0x80009d78 (0x283f2623) mem 0x80010000 0x00000001
core   0: 0x80009d7c (0xff9ff06f) j       pc - 0x8
core   0: 3 0x80009d7c (0xff9ff06f)
core   0: 0x80009d74 (0x00006f17) auipc   t5, 0x6
core   0: 3 0x80009d74 (0x00006f17) x30 0x8000fd74
core   0: 0x80009d78 (0x283f2623) sw      gp, 652(t5)
core   0: 3 0x80009d78 (0x283f2623) mem 0x80010000 0x00000001
core   0: 0x80009d7c (0xff9ff06f) j       pc - 0x8
core   0: 3 0x80009d7c (0xff9ff06f)
core   0: 0x80009d74 (0x00006f17) auipc   t5, 0x6
core   0: 3 0x80009d74 (0x00006f17) x30 0x8000fd74
core   0: 0x80009d78 (0x283f2623) sw      gp, 652(t5)
core   0: 3 0x80009d78 (0x283f2623) mem 0x80010000 0x00000001
core   0: 0x80009d7c (0xff9ff06f) j       pc - 0x8
core   0: 3 0x80009d7c (0xff9ff06f)
core   0: 0x80009d74 (0x00006f17) auipc   t5, 0x6
core   0: 3 0x80009d74 (0x00006f17) x30 0x8000fd74
core   0: 0x80009d78 (0x283f2623) sw      gp, 652(t5)
core   0: 3 0x80009d78 (0x283f2623) mem 0x80010000 0x00000001
core   0: 0x80009d7c (0xff9ff06f) j       pc - 0x8
core   0: 3 0x80009d7c (0xff9ff06f)
core   0: 0x80009d74 (0x00006f17) auipc   t5, 0x6
core   0: 3 0x80009d74 (0x00006f17) x30 0x8000fd74
core   0: 0x80009d78 (0x283f2623) sw      gp, 652(t5)
core   0: 3 0x80009d78 (0x283f2623) mem 0x80010000 0x00000001
core   0: 0x80009d7c (0xff9ff06f) j       pc - 0x8
core   0: 3 0x80009d7c (0xff9ff06f)
core   0: 0x80009d74 (0x00006f17) auipc   t5, 0x6
core   0: 3 0x80009d74 (0x00006f17) x30 0x8000fd74
core   0: 0x80009d78 (0x283f2623) sw      gp, 652(t5)
core   0: 3 0x80009d78 (0x283f2623) mem 0x80010000 0x00000001
core   0: 0x80009d7c (0xff9ff06f) j       pc - 0x8
core   0: 3 0x80009d7c (0xff9ff06f)
core   0: 0x80009d74 (0x00006f17) auipc   t5, 0x6
core   0: 3 0x80009d74 (0x00006f17) x30 0x8000fd74
core   0: 0x80009d78 (0x283f2623) sw      gp, 652(t5)
core   0: 3 0x80009d78 (0x283f2623) mem 0x80010000 0x00000001
core   0: 0x80009d7c (0xff9ff06f) j       pc - 0x8
core   0: 3 0x80009d7c (0xff9ff06f)
core   0: 0x80009d74 (0x00006f17) auipc   t5, 0x6
core   0: 3 0x80009d74 (0x00006f17) x30 0x8000fd74
core   0: 0x80009d78 (0x283f2623) sw      gp, 652(t5)
core   0: 3 0x80009d78 (0x283f2623) mem 0x80010000 0x00000001
core   0: 0x80009d7c (0xff9ff06f) j       pc - 0x8
core   0: 3 0x80009d7c (0xff9ff06f)
core   0: 0x80009d74 (0x00006f17) auipc   t5, 0x6
core   0: 3 0x80009d74 (0x00006f17) x30 0x8000fd74
core   0: 0x80009d78 (0x283f2623) sw      gp, 652(t5)
core   0: 3 0x80009d78 (0x283f2623) mem 0x80010000 0x00000001
core   0: 0x80009d7c (0xff9ff06f) j       pc - 0x8
core   0: 3 0x80009d7c (0xff9ff06f)
core   0: 0x80009d74 (0x00006f17) auipc   t5, 0x6
core   0: 3 0x80009d74 (0x00006f17) x30 0x8000fd74
core   0: 0x80009d78 (0x283f2623) sw      gp, 652(t5)
core   0: 3 0x80009d78 (0x283f2623) mem 0x80010000 0x00000001
core   0: 0x80009d7c (0xff9ff06f) j       pc - 0x8
core   0: 3 0x80009d7c (0xff9ff06f)
core   0: 0x80009d74 (0x00006f17) auipc   t5, 0x6
core   0: 3 0x80009d74 (0x00006f17) x30 0x8000fd74
core   0: 0x80009d78 (0x283f2623) sw      gp, 652(t5)
core   0: 3 0x80009d78 (0x283f2623) mem 0x80010000 0x00000001
core   0: 0x80009d7c (0xff9ff06f) j       pc - 0x8
core   0: 3 0x80009d7c (0xff9ff06f)
core   0: 0x80009d74 (0x00006f17) auipc   t5, 0x6
core   0: 3 0x80009d74 (0x00006f17) x30 0x8000fd74
core   0: 0x80009d78 (0x283f2623) sw      gp, 652(t5)
core   0: 3 0x80009d78 (0x283f2623) mem 0x80010000 0x00000001
core   0: 0x80009d7c (0xff9ff06f) j       pc - 0x8
core   0: 3 0x80009d7c (0xff9ff06f)
core   0: 0x80009d74 (0x00006f17) auipc   t5, 0x6
core   0: 3 0x80009d74 (0x00006f17) x30 0x8000fd74
core   0: 0x80009d78 (0x283f2623) sw      gp, 652(t5)
core   0: 3 0x80009d78 (0x283f2623) mem 0x80010000 0x00000001
core   0: 0x80009d7c (0xff9ff06f) j       pc - 0x8
core   0: 3 0x80009d7c (0xff9ff06f)
core   0: 0x80009d74 (0x00006f17) auipc   t5, 0x6
core   0: 3 0x80009d74 (0x00006f17) x30 0x8000fd74
core   0: 0x80009d78 (0x283f2623) sw      gp, 652(t5)
core   0: 3 0x80009d78 (0x283f2623) mem 0x80010000 0x00000001
core   0: 0x80009d7c (0xff9ff06f) j       pc - 0x8
core   0: 3 0x80009d7c (0xff9ff06f)
core   0: 0x80009d74 (0x00006f17) auipc   t5, 0x6
core   0: 3 0x80009d74 (0x00006f17) x30 0x8000fd74
core   0: 0x80009d78 (0x283f2623) sw      gp, 652(t5)
core   0: 3 0x80009d78 (0x283f2623) mem 0x80010000 0x00000001
core   0: 0x80009d7c (0xff9ff06f) j       pc - 0x8
core   0: 3 0x80009d7c (0xff9ff06f)
core   0: 0x80009d74 (0x00006f17) auipc   t5, 0x6
core   0: 3 0x80009d74 (0x00006f17) x30 0x8000fd74
core   0: 0x80009d78 (0x283f2623) sw      gp, 652(t5)
core   0: 3 0x80009d78 (0x283f2623) mem 0x80010000 0x00000001
core   0: 0x80009d7c (0xff9ff06f) j       pc - 0x8
core   0: 3 0x80009d7c (0xff9ff06f)
core   0: 0x80009d74 (0x00006f17) auipc   t5, 0x6
core   0: 3 0x80009d74 (0x00006f17) x30 0x8000fd74
core   0: 0x80009d78 (0x283f2623) sw      gp, 652(t5)
core   0: 3 0x80009d78 (0x283f2623) mem 0x80010000 0x00000001
core   0: 0x80009d7c (0xff9ff06f) j       pc - 0x8
core   0: 3 0x80009d7c (0xff9ff06f)
core   0: 0x80009d74 (0x00006f17) auipc   t5, 0x6
core   0: 3 0x80009d74 (0x00006f17) x30 0x8000fd74
core   0: 0x80009d78 (0x283f2623) sw      gp, 652(t5)
core   0: 3 0x80009d78 (0x283f2623) mem 0x80010000 0x00000001
core   0: 0x80009d7c (0xff9ff06f) j       pc - 0x8
core   0: 3 0x80009d7c (0xff9ff06f)
core   0: 0x80009d74 (0x00006f17) auipc   t5, 0x6
core   0: 3 0x80009d74 (0x00006f17) x30 0x8000fd74
core   0: 0x80009d78 (0x283f2623) sw      gp, 652(t5)
core   0: 3 0x80009d78 (0x283f2623) mem 0x80010000 0x00000001
core   0: 0x80009d7c (0xff9ff06f) j       pc - 0x8
core   0: 3 0x80009d7c (0xff9ff06f)
core   0: 0x80009d74 (0x00006f17) auipc   t5, 0x6
core   0: 3 0x80009d74 (0x00006f17) x30 0x8000fd74
core   0: 0x80009d78 (0x283f2623) sw      gp, 652(t5)
core   0: 3 0x80009d78 (0x283f2623) mem 0x80010000 0x00000001
core   0: 0x80009d7c (0xff9ff06f) j       pc - 0x8
core   0: 3 0x80009d7c (0xff9ff06f)
core   0: 0x80009d74 (0x00006f17) auipc   t5, 0x6
core   0: 3 0x80009d74 (0x00006f17) x30 0x8000fd74
core   0: 0x80009d78 (0x283f2623) sw      gp, 652(t5)
core   0: 3 0x80009d78 (0x283f2623) mem 0x80010000 0x00000001
core   0: 0x80009d7c (0xff9ff06f) j       pc - 0x8
core   0: 3 0x80009d7c (0xff9ff06f)
core   0: 0x80009d74 (0x00006f17) auipc   t5, 0x6
core   0: 3 0x80009d74 (0x00006f17) x30 0x8000fd74
core   0: 0x80009d78 (0x283f2623) sw      gp, 652(t5)
core   0: 3 0x80009d78 (0x283f2623) mem 0x80010000 0x00000001
core   0: 0x80009d7c (0xff9ff06f) j       pc - 0x8
core   0: 3 0x80009d7c (0xff9ff06f)
core   0: 0x80009d74 (0x00006f17) auipc   t5, 0x6
core   0: 3 0x80009d74 (0x00006f17) x30 0x8000fd74
core   0: 0x80009d78 (0x283f2623) sw      gp, 652(t5)
core   0: 3 0x80009d78 (0x283f2623) mem 0x80010000 0x00000001
core   0: 0x80009d7c (0xff9ff06f) j       pc - 0x8
core   0: 3 0x80009d7c (0xff9ff06f)
core   0: 0x80009d74 (0x00006f17) auipc   t5, 0x6
core   0: 3 0x80009d74 (0x00006f17) x30 0x8000fd74
core   0: 0x80009d78 (0x283f2623) sw      gp, 652(t5)
core   0: 3 0x80009d78 (0x283f2623) mem 0x80010000 0x00000001
core   0: 0x80009d7c (0xff9ff06f) j       pc - 0x8
core   0: 3 0x80009d7c (0xff9ff06f)
core   0: 0x80009d74 (0x00006f17) auipc   t5, 0x6
core   0: 3 0x80009d74 (0x00006f17) x30 0x8000fd74
core   0: 0x80009d78 (0x283f2623) sw      gp, 652(t5)
core   0: 3 0x80009d78 (0x283f2623) mem 0x80010000 0x00000001
core   0: 0x80009d7c (0xff9ff06f) j       pc - 0x8
core   0: 3 0x80009d7c (0xff9ff06f)
core   0: 0x80009d74 (0x00006f17) auipc   t5, 0x6
core   0: 3 0x80009d74 (0x00006f17) x30 0x8000fd74
core   0: 0x80009d78 (0x283f2623) sw      gp, 652(t5)
core   0: 3 0x80009d78 (0x283f2623) mem 0x80010000 0x00000001
core   0: 0x80009d7c (0xff9ff06f) j       pc - 0x8
core   0: 3 0x80009d7c (0xff9ff06f)
core   0: 0x80009d74 (0x00006f17) auipc   t5, 0x6
core   0: 3 0x80009d74 (0x00006f17) x30 0x8000fd74
core   0: 0x80009d78 (0x283f2623) sw      gp, 652(t5)
core   0: 3 0x80009d78 (0x283f2623) mem 0x80010000 0x00000001
core   0: 0x80009d7c (0xff9ff06f) j       pc - 0x8
core   0: 3 0x80009d7c (0xff9ff06f)
core   0: 0x80009d74 (0x00006f17) auipc   t5, 0x6
core   0: 3 0x80009d74 (0x00006f17) x30 0x8000fd74
core   0: 0x80009d78 (0x283f2623) sw      gp, 652(t5)
core   0: 3 0x80009d78 (0x283f2623) mem 0x80010000 0x00000001
core   0: 0x80009d7c (0xff9ff06f) j       pc - 0x8
core   0: 3 0x80009d7c (0xff9ff06f)
core   0: 0x80009d74 (0x00006f17) auipc   t5, 0x6
core   0: 3 0x80009d74 (0x00006f17) x30 0x8000fd74
core   0: 0x80009d78 (0x283f2623) sw      gp, 652(t5)
core   0: 3 0x80009d78 (0x283f2623) mem 0x80010000 0x00000001
core   0: 0x80009d7c (0xff9ff06f) j       pc - 0x8
core   0: 3 0x80009d7c (0xff9ff06f)
core   0: 0x80009d74 (0x00006f17) auipc   t5, 0x6
core   0: 3 0x80009d74 (0x00006f17) x30 0x8000fd74
core   0: 0x80009d78 (0x283f2623) sw      gp, 652(t5)
core   0: 3 0x80009d78 (0x283f2623) mem 0x80010000 0x00000001
core   0: 0x80009d7c (0xff9ff06f) j       pc - 0x8
core   0: 3 0x80009d7c (0xff9ff06f)
core   0: 0x80009d74 (0x00006f17) auipc   t5, 0x6
core   0: 3 0x80009d74 (0x00006f17) x30 0x8000fd74
core   0: 0x80009d78 (0x283f2623) sw      gp, 652(t5)
core   0: 3 0x80009d78 (0x283f2623) mem 0x80010000 0x00000001
core   0: 0x80009d7c (0xff9ff06f) j       pc - 0x8
core   0: 3 0x80009d7c (0xff9ff06f)
core   0: 0x80009d74 (0x00006f17) auipc   t5, 0x6
core   0: 3 0x80009d74 (0x00006f17) x30 0x8000fd74
core   0: 0x80009d78 (0x283f2623) sw      gp, 652(t5)
core   0: 3 0x80009d78 (0x283f2623) mem 0x80010000 0x00000001
core   0: 0x80009d7c (0xff9ff06f) j       pc - 0x8
core   0: 3 0x80009d7c (0xff9ff06f)
core   0: 0x80009d74 (0x00006f17) auipc   t5, 0x6
core   0: 3 0x80009d74 (0x00006f17) x30 0x8000fd74
core   0: 0x80009d78 (0x283f2623) sw      gp, 652(t5)
core   0: 3 0x80009d78 (0x283f2623) mem 0x80010000 0x00000001
core   0: 0x80009d7c (0xff9ff06f) j       pc - 0x8
core   0: 3 0x80009d7c (0xff9ff06f)
core   0: 0x80009d74 (0x00006f17) auipc   t5, 0x6
core   0: 3 0x80009d74 (0x00006f17) x30 0x8000fd74
core   0: 0x80009d78 (0x283f2623) sw      gp, 652(t5)
core   0: 3 0x80009d78 (0x283f2623) mem 0x80010000 0x00000001
core   0: 0x80009d7c (0xff9ff06f) j       pc - 0x8
core   0: 3 0x80009d7c (0xff9ff06f)
core   0: 0x80009d74 (0x00006f17) auipc   t5, 0x6
core   0: 3 0x80009d74 (0x00006f17) x30 0x8000fd74
core   0: 0x80009d78 (0x283f2623) sw      gp, 652(t5)
core   0: 3 0x80009d78 (0x283f2623) mem 0x80010000 0x00000001
core   0: 0x80009d7c (0xff9ff06f) j       pc - 0x8
core   0: 3 0x80009d7c (0xff9ff06f)
core   0: 0x80009d74 (0x00006f17) auipc   t5, 0x6
core   0: 3 0x80009d74 (0x00006f17) x30 0x8000fd74
core   0: 0x80009d78 (0x283f2623) sw      gp, 652(t5)
core   0: 3 0x80009d78 (0x283f2623) mem 0x80010000 0x00000001
core   0: 0x80009d7c (0xff9ff06f) j       pc - 0x8
core   0: 3 0x80009d7c (0xff9ff06f)
core   0: 0x80009d74 (0x00006f17) auipc   t5, 0x6
core   0: 3 0x80009d74 (0x00006f17) x30 0x8000fd74
core   0: 0x80009d78 (0x283f2623) sw      gp, 652(t5)
core   0: 3 0x80009d78 (0x283f2623) mem 0x80010000 0x00000001
core   0: 0x80009d7c (0xff9ff06f) j       pc - 0x8
core   0: 3 0x80009d7c (0xff9ff06f)
core   0: 0x80009d74 (0x00006f17) auipc   t5, 0x6
core   0: 3 0x80009d74 (0x00006f17) x30 0x8000fd74
core   0: 0x80009d78 (0x283f2623) sw      gp, 652(t5)
core   0: 3 0x80009d78 (0x283f2623) mem 0x80010000 0x00000001
core   0: 0x80009d7c (0xff9ff06f) j       pc - 0x8
core   0: 3 0x80009d7c (0xff9ff06f)
core   0: 0x80009d74 (0x00006f17) auipc   t5, 0x6
core   0: 3 0x80009d74 (0x00006f17) x30 0x8000fd74
core   0: 0x80009d78 (0x283f2623) sw      gp, 652(t5)
core   0: 3 0x80009d78 (0x283f2623) mem 0x80010000 0x00000001
core   0: 0x80009d7c (0xff9ff06f) j       pc - 0x8
core   0: 3 0x80009d7c (0xff9ff06f)
core   0: 0x80009d74 (0x00006f17) auipc   t5, 0x6
core   0: 3 0x80009d74 (0x00006f17) x30 0x8000fd74
core   0: 0x80009d78 (0x283f2623) sw      gp, 652(t5)
core   0: 3 0x80009d78 (0x283f2623) mem 0x80010000 0x00000001
core   0: 0x80009d7c (0xff9ff06f) j       pc - 0x8
core   0: 3 0x80009d7c (0xff9ff06f)
core   0: 0x80009d74 (0x00006f17) auipc   t5, 0x6
core   0: 3 0x80009d74 (0x00006f17) x30 0x8000fd74
core   0: 0x80009d78 (0x283f2623) sw      gp, 652(t5)
core   0: 3 0x80009d78 (0x283f2623) mem 0x80010000 0x00000001
core   0: 0x80009d7c (0xff9ff06f) j       pc - 0x8
core   0: 3 0x80009d7c (0xff9ff06f)
core   0: 0x80009d74 (0x00006f17) auipc   t5, 0x6
core   0: 3 0x80009d74 (0x00006f17) x30 0x8000fd74
core   0: 0x80009d78 (0x283f2623) sw      gp, 652(t5)
core   0: 3 0x80009d78 (0x283f2623) mem 0x80010000 0x00000001
core   0: 0x80009d7c (0xff9ff06f) j       pc - 0x8
core   0: 3 0x80009d7c (0xff9ff06f)
core   0: 0x80009d74 (0x00006f17) auipc   t5, 0x6
core   0: 3 0x80009d74 (0x00006f17) x30 0x8000fd74
core   0: 0x80009d78 (0x283f2623) sw      gp, 652(t5)
core   0: 3 0x80009d78 (0x283f2623) mem 0x80010000 0x00000001
core   0: 0x80009d7c (0xff9ff06f) j       pc - 0x8
core   0: 3 0x80009d7c (0xff9ff06f)
core   0: 0x80009d74 (0x00006f17) auipc   t5, 0x6
core   0: 3 0x80009d74 (0x00006f17) x30 0x8000fd74
core   0: 0x80009d78 (0x283f2623) sw      gp, 652(t5)
core   0: 3 0x80009d78 (0x283f2623) mem 0x80010000 0x00000001
core   0: 0x80009d7c (0xff9ff06f) j       pc - 0x8
core   0: 3 0x80009d7c (0xff9ff06f)
core   0: 0x80009d74 (0x00006f17) auipc   t5, 0x6
core   0: 3 0x80009d74 (0x00006f17) x30 0x8000fd74
core   0: 0x80009d78 (0x283f2623) sw      gp, 652(t5)
core   0: 3 0x80009d78 (0x283f2623) mem 0x80010000 0x00000001
core   0: 0x80009d7c (0xff9ff06f) j       pc - 0x8
core   0: 3 0x80009d7c (0xff9ff06f)
core   0: 0x80009d74 (0x00006f17) auipc   t5, 0x6
core   0: 3 0x80009d74 (0x00006f17) x30 0x8000fd74
core   0: 0x80009d78 (0x283f2623) sw      gp, 652(t5)
core   0: 3 0x80009d78 (0x283f2623) mem 0x80010000 0x00000001
core   0: 0x80009d7c (0xff9ff06f) j       pc - 0x8
core   0: 3 0x80009d7c (0xff9ff06f)
core   0: 0x80009d74 (0x00006f17) auipc   t5, 0x6
core   0: 3 0x80009d74 (0x00006f17) x30 0x8000fd74
core   0: 0x80009d78 (0x283f2623) sw      gp, 652(t5)
core   0: 3 0x80009d78 (0x283f2623) mem 0x80010000 0x00000001
core   0: 0x80009d7c (0xff9ff06f) j       pc - 0x8
core   0: 3 0x80009d7c (0xff9ff06f)
core   0: 0x80009d74 (0x00006f17) auipc   t5, 0x6
core   0: 3 0x80009d74 (0x00006f17) x30 0x8000fd74
core   0: 0x80009d78 (0x283f2623) sw      gp, 652(t5)
core   0: 3 0x80009d78 (0x283f2623) mem 0x80010000 0x00000001
core   0: 0x80009d7c (0xff9ff06f) j       pc - 0x8
core   0: 3 0x80009d7c (0xff9ff06f)
core   0: 0x80009d74 (0x00006f17) auipc   t5, 0x6
core   0: 3 0x80009d74 (0x00006f17) x30 0x8000fd74
core   0: 0x80009d78 (0x283f2623) sw      gp, 652(t5)
core   0: 3 0x80009d78 (0x283f2623) mem 0x80010000 0x00000001
core   0: 0x80009d7c (0xff9ff06f) j       pc - 0x8
core   0: 3 0x80009d7c (0xff9ff06f)
core   0: 0x80009d74 (0x00006f17) auipc   t5, 0x6
core   0: 3 0x80009d74 (0x00006f17) x30 0x8000fd74
core   0: 0x80009d78 (0x283f2623) sw      gp, 652(t5)
core   0: 3 0x80009d78 (0x283f2623) mem 0x80010000 0x00000001
core   0: 0x80009d7c (0xff9ff06f) j       pc - 0x8
core   0: 3 0x80009d7c (0xff9ff06f)
core   0: 0x80009d74 (0x00006f17) auipc   t5, 0x6
core   0: 3 0x80009d74 (0x00006f17) x30 0x8000fd74
core   0: 0x80009d78 (0x283f2623) sw      gp, 652(t5)
core   0: 3 0x80009d78 (0x283f2623) mem 0x80010000 0x00000001
core   0: 0x80009d7c (0xff9ff06f) j       pc - 0x8
core   0: 3 0x80009d7c (0xff9ff06f)
core   0: 0x80009d74 (0x00006f17) auipc   t5, 0x6
core   0: 3 0x80009d74 (0x00006f17) x30 0x8000fd74
core   0: 0x80009d78 (0x283f2623) sw      gp, 652(t5)
core   0: 3 0x80009d78 (0x283f2623) mem 0x80010000 0x00000001
core   0: 0x80009d7c (0xff9ff06f) j       pc - 0x8
core   0: 3 0x80009d7c (0xff9ff06f)
core   0: 0x80009d74 (0x00006f17) auipc   t5, 0x6
core   0: 3 0x80009d74 (0x00006f17) x30 0x8000fd74
core   0: 0x80009d78 (0x283f2623) sw      gp, 652(t5)
core   0: 3 0x80009d78 (0x283f2623) mem 0x80010000 0x00000001
core   0: 0x80009d7c (0xff9ff06f) j       pc - 0x8
core   0: 3 0x80009d7c (0xff9ff06f)
core   0: 0x80009d74 (0x00006f17) auipc   t5, 0x6
core   0: 3 0x80009d74 (0x00006f17) x30 0x8000fd74
core   0: 0x80009d78 (0x283f2623) sw      gp, 652(t5)
core   0: 3 0x80009d78 (0x283f2623) mem 0x80010000 0x00000001
core   0: 0x80009d7c (0xff9ff06f) j       pc - 0x8
core   0: 3 0x80009d7c (0xff9ff06f)
core   0: 0x80009d74 (0x00006f17) auipc   t5, 0x6
core   0: 3 0x80009d74 (0x00006f17) x30 0x8000fd74
core   0: 0x80009d78 (0x283f2623) sw      gp, 652(t5)
core   0: 3 0x80009d78 (0x283f2623) mem 0x80010000 0x00000001
core   0: 0x80009d7c (0xff9ff06f) j       pc - 0x8
core   0: 3 0x80009d7c (0xff9ff06f)
core   0: 0x80009d74 (0x00006f17) auipc   t5, 0x6
core   0: 3 0x80009d74 (0x00006f17) x30 0x8000fd74
core   0: 0x80009d78 (0x283f2623) sw      gp, 652(t5)
core   0: 3 0x80009d78 (0x283f2623) mem 0x80010000 0x00000001
core   0: 0x80009d7c (0xff9ff06f) j       pc - 0x8
core   0: 3 0x80009d7c (0xff9ff06f)
core   0: 0x80009d74 (0x00006f17) auipc   t5, 0x6
core   0: 3 0x80009d74 (0x00006f17) x30 0x8000fd74
core   0: 0x80009d78 (0x283f2623) sw      gp, 652(t5)
core   0: 3 0x80009d78 (0x283f2623) mem 0x80010000 0x00000001
core   0: 0x80009d7c (0xff9ff06f) j       pc - 0x8
core   0: 3 0x80009d7c (0xff9ff06f)
core   0: 0x80009d74 (0x00006f17) auipc   t5, 0x6
core   0: 3 0x80009d74 (0x00006f17) x30 0x8000fd74
core   0: 0x80009d78 (0x283f2623) sw      gp, 652(t5)
core   0: 3 0x80009d78 (0x283f2623) mem 0x80010000 0x00000001
core   0: 0x80009d7c (0xff9ff06f) j       pc - 0x8
core   0: 3 0x80009d7c (0xff9ff06f)
core   0: 0x80009d74 (0x00006f17) auipc   t5, 0x6
core   0: 3 0x80009d74 (0x00006f17) x30 0x8000fd74
core   0: 0x80009d78 (0x283f2623) sw      gp, 652(t5)
core   0: 3 0x80009d78 (0x283f2623) mem 0x80010000 0x00000001
core   0: 0x80009d7c (0xff9ff06f) j       pc - 0x8
core   0: 3 0x80009d7c (0xff9ff06f)
core   0: 0x80009d74 (0x00006f17) auipc   t5, 0x6
core   0: 3 0x80009d74 (0x00006f17) x30 0x8000fd74
core   0: 0x80009d78 (0x283f2623) sw      gp, 652(t5)
core   0: 3 0x80009d78 (0x283f2623) mem 0x80010000 0x00000001
core   0: 0x80009d7c (0xff9ff06f) j       pc - 0x8
core   0: 3 0x80009d7c (0xff9ff06f)
core   0: 0x80009d74 (0x00006f17) auipc   t5, 0x6
core   0: 3 0x80009d74 (0x00006f17) x30 0x8000fd74
core   0: 0x80009d78 (0x283f2623) sw      gp, 652(t5)
core   0: 3 0x80009d78 (0x283f2623) mem 0x80010000 0x00000001
core   0: 0x80009d7c (0xff9ff06f) j       pc - 0x8
core   0: 3 0x80009d7c (0xff9ff06f)
core   0: 0x80009d74 (0x00006f17) auipc   t5, 0x6
core   0: 3 0x80009d74 (0x00006f17) x30 0x8000fd74
core   0: 0x80009d78 (0x283f2623) sw      gp, 652(t5)
core   0: 3 0x80009d78 (0x283f2623) mem 0x80010000 0x00000001
core   0: 0x80009d7c (0xff9ff06f) j       pc - 0x8
core   0: 3 0x80009d7c (0xff9ff06f)
core   0: 0x80009d74 (0x00006f17) auipc   t5, 0x6
core   0: 3 0x80009d74 (0x00006f17) x30 0x8000fd74
core   0: 0x80009d78 (0x283f2623) sw      gp, 652(t5)
core   0: 3 0x80009d78 (0x283f2623) mem 0x80010000 0x00000001
core   0: 0x80009d7c (0xff9ff06f) j       pc - 0x8
core   0: 3 0x80009d7c (0xff9ff06f)
core   0: 0x80009d74 (0x00006f17) auipc   t5, 0x6
core   0: 3 0x80009d74 (0x00006f17) x30 0x8000fd74
core   0: 0x80009d78 (0x283f2623) sw      gp, 652(t5)
core   0: 3 0x80009d78 (0x283f2623) mem 0x80010000 0x00000001
core   0: 0x80009d7c (0xff9ff06f) j       pc - 0x8
core   0: 3 0x80009d7c (0xff9ff06f)
core   0: 0x80009d74 (0x00006f17) auipc   t5, 0x6
core   0: 3 0x80009d74 (0x00006f17) x30 0x8000fd74
core   0: 0x80009d78 (0x283f2623) sw      gp, 652(t5)
core   0: 3 0x80009d78 (0x283f2623) mem 0x80010000 0x00000001
core   0: 0x80009d7c (0xff9ff06f) j       pc - 0x8
core   0: 3 0x80009d7c (0xff9ff06f)
core   0: 0x80009d74 (0x00006f17) auipc   t5, 0x6
core   0: 3 0x80009d74 (0x00006f17) x30 0x8000fd74
core   0: 0x80009d78 (0x283f2623) sw      gp, 652(t5)
core   0: 3 0x80009d78 (0x283f2623) mem 0x80010000 0x00000001
core   0: 0x80009d7c (0xff9ff06f) j       pc - 0x8
core   0: 3 0x80009d7c (0xff9ff06f)
core   0: 0x80009d74 (0x00006f17) auipc   t5, 0x6
core   0: 3 0x80009d74 (0x00006f17) x30 0x8000fd74
core   0: 0x80009d78 (0x283f2623) sw      gp, 652(t5)
core   0: 3 0x80009d78 (0x283f2623) mem 0x80010000 0x00000001
core   0: 0x80009d7c (0xff9ff06f) j       pc - 0x8
core   0: 3 0x80009d7c (0xff9ff06f)
core   0: 0x80009d74 (0x00006f17) auipc   t5, 0x6
core   0: 3 0x80009d74 (0x00006f17) x30 0x8000fd74
core   0: 0x80009d78 (0x283f2623) sw      gp, 652(t5)
core   0: 3 0x80009d78 (0x283f2623) mem 0x80010000 0x00000001
core   0: 0x80009d7c (0xff9ff06f) j       pc - 0x8
core   0: 3 0x80009d7c (0xff9ff06f)
core   0: 0x80009d74 (0x00006f17) auipc   t5, 0x6
core   0: 3 0x80009d74 (0x00006f17) x30 0x8000fd74
core   0: 0x80009d78 (0x283f2623) sw      gp, 652(t5)
core   0: 3 0x80009d78 (0x283f2623) mem 0x80010000 0x00000001
core   0: 0x80009d7c (0xff9ff06f) j       pc - 0x8
core   0: 3 0x80009d7c (0xff9ff06f)
core   0: 0x80009d74 (0x00006f17) auipc   t5, 0x6
core   0: 3 0x80009d74 (0x00006f17) x30 0x8000fd74
core   0: 0x80009d78 (0x283f2623) sw      gp, 652(t5)
core   0: 3 0x80009d78 (0x283f2623) mem 0x80010000 0x00000001
core   0: 0x80009d7c (0xff9ff06f) j       pc - 0x8
core   0: 3 0x80009d7c (0xff9ff06f)
core   0: 0x80009d74 (0x00006f17) auipc   t5, 0x6
core   0: 3 0x80009d74 (0x00006f17) x30 0x8000fd74
core   0: 0x80009d78 (0x283f2623) sw      gp, 652(t5)
core   0: 3 0x80009d78 (0x283f2623) mem 0x80010000 0x00000001
core   0: 0x80009d7c (0xff9ff06f) j       pc - 0x8
core   0: 3 0x80009d7c (0xff9ff06f)
core   0: 0x80009d74 (0x00006f17) auipc   t5, 0x6
core   0: 3 0x80009d74 (0x00006f17) x30 0x8000fd74
core   0: 0x80009d78 (0x283f2623) sw      gp, 652(t5)
core   0: 3 0x80009d78 (0x283f2623) mem 0x80010000 0x00000001
core   0: 0x80009d7c (0xff9ff06f) j       pc - 0x8
core   0: 3 0x80009d7c (0xff9ff06f)
core   0: 0x80009d74 (0x00006f17) auipc   t5, 0x6
core   0: 3 0x80009d74 (0x00006f17) x30 0x8000fd74
core   0: 0x80009d78 (0x283f2623) sw      gp, 652(t5)
core   0: 3 0x80009d78 (0x283f2623) mem 0x80010000 0x00000001
core   0: 0x80009d7c (0xff9ff06f) j       pc - 0x8
core   0: 3 0x80009d7c (0xff9ff06f)
core   0: 0x80009d74 (0x00006f17) auipc   t5, 0x6
core   0: 3 0x80009d74 (0x00006f17) x30 0x8000fd74
core   0: 0x80009d78 (0x283f2623) sw      gp, 652(t5)
core   0: 3 0x80009d78 (0x283f2623) mem 0x80010000 0x00000001
core   0: 0x80009d7c (0xff9ff06f) j       pc - 0x8
core   0: 3 0x80009d7c (0xff9ff06f)
core   0: 0x80009d74 (0x00006f17) auipc   t5, 0x6
core   0: 3 0x80009d74 (0x00006f17) x30 0x8000fd74
core   0: 0x80009d78 (0x283f2623) sw      gp, 652(t5)
core   0: 3 0x80009d78 (0x283f2623) mem 0x80010000 0x00000001
core   0: 0x80009d7c (0xff9ff06f) j       pc - 0x8
core   0: 3 0x80009d7c (0xff9ff06f)
core   0: 0x80009d74 (0x00006f17) auipc   t5, 0x6
core   0: 3 0x80009d74 (0x00006f17) x30 0x8000fd74
core   0: 0x80009d78 (0x283f2623) sw      gp, 652(t5)
core   0: 3 0x80009d78 (0x283f2623) mem 0x80010000 0x00000001
core   0: 0x80009d7c (0xff9ff06f) j       pc - 0x8
core   0: 3 0x80009d7c (0xff9ff06f)
core   0: 0x80009d74 (0x00006f17) auipc   t5, 0x6
core   0: 3 0x80009d74 (0x00006f17) x30 0x8000fd74
core   0: 0x80009d78 (0x283f2623) sw      gp, 652(t5)
core   0: 3 0x80009d78 (0x283f2623) mem 0x80010000 0x00000001
core   0: 0x80009d7c (0xff9ff06f) j       pc - 0x8
core   0: 3 0x80009d7c (0xff9ff06f)
core   0: 0x80009d74 (0x00006f17) auipc   t5, 0x6
core   0: 3 0x80009d74 (0x00006f17) x30 0x8000fd74
core   0: 0x80009d78 (0x283f2623) sw      gp, 652(t5)
core   0: 3 0x80009d78 (0x283f2623) mem 0x80010000 0x00000001
core   0: 0x80009d7c (0xff9ff06f) j       pc - 0x8
core   0: 3 0x80009d7c (0xff9ff06f)
core   0: 0x80009d74 (0x00006f17) auipc   t5, 0x6
core   0: 3 0x80009d74 (0x00006f17) x30 0x8000fd74
core   0: 0x80009d78 (0x283f2623) sw      gp, 652(t5)
core   0: 3 0x80009d78 (0x283f2623) mem 0x80010000 0x00000001
core   0: 0x80009d7c (0xff9ff06f) j       pc - 0x8
core   0: 3 0x80009d7c (0xff9ff06f)
core   0: 0x80009d74 (0x00006f17) auipc   t5, 0x6
core   0: 3 0x80009d74 (0x00006f17) x30 0x8000fd74
core   0: 0x80009d78 (0x283f2623) sw      gp, 652(t5)
core   0: 3 0x80009d78 (0x283f2623) mem 0x80010000 0x00000001
core   0: 0x80009d7c (0xff9ff06f) j       pc - 0x8
core   0: 3 0x80009d7c (0xff9ff06f)
core   0: 0x80009d74 (0x00006f17) auipc   t5, 0x6
core   0: 3 0x80009d74 (0x00006f17) x30 0x8000fd74
core   0: 0x80009d78 (0x283f2623) sw      gp, 652(t5)
core   0: 3 0x80009d78 (0x283f2623) mem 0x80010000 0x00000001
core   0: 0x80009d7c (0xff9ff06f) j       pc - 0x8
core   0: 3 0x80009d7c (0xff9ff06f)
core   0: 0x80009d74 (0x00006f17) auipc   t5, 0x6
core   0: 3 0x80009d74 (0x00006f17) x30 0x8000fd74
core   0: 0x80009d78 (0x283f2623) sw      gp, 652(t5)
core   0: 3 0x80009d78 (0x283f2623) mem 0x80010000 0x00000001
core   0: 0x80009d7c (0xff9ff06f) j       pc - 0x8
core   0: 3 0x80009d7c (0xff9ff06f)
core   0: 0x80009d74 (0x00006f17) auipc   t5, 0x6
core   0: 3 0x80009d74 (0x00006f17) x30 0x8000fd74
core   0: 0x80009d78 (0x283f2623) sw      gp, 652(t5)
core   0: 3 0x80009d78 (0x283f2623) mem 0x80010000 0x00000001
core   0: 0x80009d7c (0xff9ff06f) j       pc - 0x8
core   0: 3 0x80009d7c (0xff9ff06f)
core   0: 0x80009d74 (0x00006f17) auipc   t5, 0x6
core   0: 3 0x80009d74 (0x00006f17) x30 0x8000fd74
core   0: 0x80009d78 (0x283f2623) sw      gp, 652(t5)
core   0: 3 0x80009d78 (0x283f2623) mem 0x80010000 0x00000001
core   0: 0x80009d7c (0xff9ff06f) j       pc - 0x8
core   0: 3 0x80009d7c (0xff9ff06f)
core   0: 0x80009d74 (0x00006f17) auipc   t5, 0x6
core   0: 3 0x80009d74 (0x00006f17) x30 0x8000fd74
core   0: 0x80009d78 (0x283f2623) sw      gp, 652(t5)
core   0: 3 0x80009d78 (0x283f2623) mem 0x80010000 0x00000001
core   0: 0x80009d7c (0xff9ff06f) j       pc - 0x8
core   0: 3 0x80009d7c (0xff9ff06f)
core   0: 0x80009d74 (0x00006f17) auipc   t5, 0x6
core   0: 3 0x80009d74 (0x00006f17) x30 0x8000fd74
core   0: 0x80009d78 (0x283f2623) sw      gp, 652(t5)
core   0: 3 0x80009d78 (0x283f2623) mem 0x80010000 0x00000001
core   0: 0x80009d7c (0xff9ff06f) j       pc - 0x8
core   0: 3 0x80009d7c (0xff9ff06f)
core   0: 0x80009d74 (0x00006f17) auipc   t5, 0x6
core   0: 3 0x80009d74 (0x00006f17) x30 0x8000fd74
core   0: 0x80009d78 (0x283f2623) sw      gp, 652(t5)
core   0: 3 0x80009d78 (0x283f2623) mem 0x80010000 0x00000001
core   0: 0x80009d7c (0xff9ff06f) j       pc - 0x8
core   0: 3 0x80009d7c (0xff9ff06f)
core   0: 0x80009d74 (0x00006f17) auipc   t5, 0x6
core   0: 3 0x80009d74 (0x00006f17) x30 0x8000fd74
core   0: 0x80009d78 (0x283f2623) sw      gp, 652(t5)
core   0: 3 0x80009d78 (0x283f2623) mem 0x80010000 0x00000001
core   0: 0x80009d7c (0xff9ff06f) j       pc - 0x8
core   0: 3 0x80009d7c (0xff9ff06f)
core   0: 0x80009d74 (0x00006f17) auipc   t5, 0x6
core   0: 3 0x80009d74 (0x00006f17) x30 0x8000fd74
core   0: 0x80009d78 (0x283f2623) sw      gp, 652(t5)
core   0: 3 0x80009d78 (0x283f2623) mem 0x80010000 0x00000001
core   0: 0x80009d7c (0xff9ff06f) j       pc - 0x8
core   0: 3 0x80009d7c (0xff9ff06f)
core   0: 0x80009d74 (0x00006f17) auipc   t5, 0x6
core   0: 3 0x80009d74 (0x00006f17) x30 0x8000fd74
core   0: 0x80009d78 (0x283f2623) sw      gp, 652(t5)
core   0: 3 0x80009d78 (0x283f2623) mem 0x80010000 0x00000001
core   0: 0x80009d7c (0xff9ff06f) j       pc - 0x8
core   0: 3 0x80009d7c (0xff9ff06f)
core   0: 0x80009d74 (0x00006f17) auipc   t5, 0x6
core   0: 3 0x80009d74 (0x00006f17) x30 0x8000fd74
core   0: 0x80009d78 (0x283f2623) sw      gp, 652(t5)
core   0: 3 0x80009d78 (0x283f2623) mem 0x80010000 0x00000001
core   0: 0x80009d7c (0xff9ff06f) j       pc - 0x8
core   0: 3 0x80009d7c (0xff9ff06f)
core   0: 0x80009d74 (0x00006f17) auipc   t5, 0x6
core   0: 3 0x80009d74 (0x00006f17) x30 0x8000fd74
core   0: 0x80009d78 (0x283f2623) sw      gp, 652(t5)
core   0: 3 0x80009d78 (0x283f2623) mem 0x80010000 0x00000001
core   0: 0x80009d7c (0xff9ff06f) j       pc - 0x8
core   0: 3 0x80009d7c (0xff9ff06f)
core   0: 0x80009d74 (0x00006f17) auipc   t5, 0x6
core   0: 3 0x80009d74 (0x00006f17) x30 0x8000fd74
core   0: 0x80009d78 (0x283f2623) sw      gp, 652(t5)
core   0: 3 0x80009d78 (0x283f2623) mem 0x80010000 0x00000001
core   0: 0x80009d7c (0xff9ff06f) j       pc - 0x8
core   0: 3 0x80009d7c (0xff9ff06f)
core   0: 0x80009d74 (0x00006f17) auipc   t5, 0x6
core   0: 3 0x80009d74 (0x00006f17) x30 0x8000fd74
core   0: 0x80009d78 (0x283f2623) sw      gp, 652(t5)
core   0: 3 0x80009d78 (0x283f2623) mem 0x80010000 0x00000001
core   0: 0x80009d7c (0xff9ff06f) j       pc - 0x8
core   0: 3 0x80009d7c (0xff9ff06f)
core   0: 0x80009d74 (0x00006f17) auipc   t5, 0x6
core   0: 3 0x80009d74 (0x00006f17) x30 0x8000fd74
core   0: 0x80009d78 (0x283f2623) sw      gp, 652(t5)
core   0: 3 0x80009d78 (0x283f2623) mem 0x80010000 0x00000001
core   0: 0x80009d7c (0xff9ff06f) j       pc - 0x8
core   0: 3 0x80009d7c (0xff9ff06f)
core   0: 0x80009d74 (0x00006f17) auipc   t5, 0x6
core   0: 3 0x80009d74 (0x00006f17) x30 0x8000fd74
core   0: 0x80009d78 (0x283f2623) sw      gp, 652(t5)
core   0: 3 0x80009d78 (0x283f2623) mem 0x80010000 0x00000001
core   0: 0x80009d7c (0xff9ff06f) j       pc - 0x8
core   0: 3 0x80009d7c (0xff9ff06f)
core   0: 0x80009d74 (0x00006f17) auipc   t5, 0x6
core   0: 3 0x80009d74 (0x00006f17) x30 0x8000fd74
core   0: 0x80009d78 (0x283f2623) sw      gp, 652(t5)
core   0: 3 0x80009d78 (0x283f2623) mem 0x80010000 0x00000001
core   0: 0x80009d7c (0xff9ff06f) j       pc - 0x8
core   0: 3 0x80009d7c (0xff9ff06f)
core   0: 0x80009d74 (0x00006f17) auipc   t5, 0x6
core   0: 3 0x80009d74 (0x00006f17) x30 0x8000fd74
core   0: 0x80009d78 (0x283f2623) sw      gp, 652(t5)
core   0: 3 0x80009d78 (0x283f2623) mem 0x80010000 0x00000001
core   0: 0x80009d7c (0xff9ff06f) j       pc - 0x8
core   0: 3 0x80009d7c (0xff9ff06f)
core   0: 0x80009d74 (0x00006f17) auipc   t5, 0x6
core   0: 3 0x80009d74 (0x00006f17) x30 0x8000fd74
core   0: 0x80009d78 (0x283f2623) sw      gp, 652(t5)
core   0: 3 0x80009d78 (0x283f2623) mem 0x80010000 0x00000001
core   0: 0x80009d7c (0xff9ff06f) j       pc - 0x8
core   0: 3 0x80009d7c (0xff9ff06f)
core   0: 0x80009d74 (0x00006f17) auipc   t5, 0x6
core   0: 3 0x80009d74 (0x00006f17) x30 0x8000fd74
core   0: 0x80009d78 (0x283f2623) sw      gp, 652(t5)
core   0: 3 0x80009d78 (0x283f2623) mem 0x80010000 0x00000001
core   0: 0x80009d7c (0xff9ff06f) j       pc - 0x8
core   0: 3 0x80009d7c (0xff9ff06f)
core   0: 0x80009d74 (0x00006f17) auipc   t5, 0x6
core   0: 3 0x80009d74 (0x00006f17) x30 0x8000fd74
core   0: 0x80009d78 (0x283f2623) sw      gp, 652(t5)
core   0: 3 0x80009d78 (0x283f2623) mem 0x80010000 0x00000001
core   0: 0x80009d7c (0xff9ff06f) j       pc - 0x8
core   0: 3 0x80009d7c (0xff9ff06f)
core   0: 0x80009d74 (0x00006f17) auipc   t5, 0x6
core   0: 3 0x80009d74 (0x00006f17) x30 0x8000fd74
core   0: 0x80009d78 (0x283f2623) sw      gp, 652(t5)
core   0: 3 0x80009d78 (0x283f2623) mem 0x80010000 0x00000001
core   0: 0x80009d7c (0xff9ff06f) j       pc - 0x8
core   0: 3 0x80009d7c (0xff9ff06f)
core   0: 0x80009d74 (0x00006f17) auipc   t5, 0x6
core   0: 3 0x80009d74 (0x00006f17) x30 0x8000fd74
core   0: 0x80009d78 (0x283f2623) sw      gp, 652(t5)
core   0: 3 0x80009d78 (0x283f2623) mem 0x80010000 0x00000001
core   0: 0x80009d7c (0xff9ff06f) j       pc - 0x8
core   0: 3 0x80009d7c (0xff9ff06f)
core   0: 0x80009d74 (0x00006f17) auipc   t5, 0x6
core   0: 3 0x80009d74 (0x00006f17) x30 0x8000fd74
core   0: 0x80009d78 (0x283f2623) sw      gp, 652(t5)
core   0: 3 0x80009d78 (0x283f2623) mem 0x80010000 0x00000001
core   0: 0x80009d7c (0xff9ff06f) j       pc - 0x8
core   0: 3 0x80009d7c (0xff9ff06f)
core   0: 0x80009d74 (0x00006f17) auipc   t5, 0x6
core   0: 3 0x80009d74 (0x00006f17) x30 0x8000fd74
core   0: 0x80009d78 (0x283f2623) sw      gp, 652(t5)
core   0: 3 0x80009d78 (0x283f2623) mem 0x80010000 0x00000001
core   0: 0x80009d7c (0xff9ff06f) j       pc - 0x8
core   0: 3 0x80009d7c (0xff9ff06f)
core   0: 0x80009d74 (0x00006f17) auipc   t5, 0x6
core   0: 3 0x80009d74 (0x00006f17) x30 0x8000fd74
core   0: 0x80009d78 (0x283f2623) sw      gp, 652(t5)
core   0: 3 0x80009d78 (0x283f2623) mem 0x80010000 0x00000001
core   0: 0x80009d7c (0xff9ff06f) j       pc - 0x8
core   0: 3 0x80009d7c (0xff9ff06f)
core   0: 0x80009d74 (0x00006f17) auipc   t5, 0x6
core   0: 3 0x80009d74 (0x00006f17) x30 0x8000fd74
core   0: 0x80009d78 (0x283f2623) sw      gp, 652(t5)
core   0: 3 0x80009d78 (0x283f2623) mem 0x80010000 0x00000001
core   0: 0x80009d7c (0xff9ff06f) j       pc - 0x8
core   0: 3 0x80009d7c (0xff9ff06f)
core   0: 0x80009d74 (0x00006f17) auipc   t5, 0x6
core   0: 3 0x80009d74 (0x00006f17) x30 0x8000fd74
core   0: 0x80009d78 (0x283f2623) sw      gp, 652(t5)
core   0: 3 0x80009d78 (0x283f2623) mem 0x80010000 0x00000001
core   0: 0x80009d7c (0xff9ff06f) j       pc - 0x8
core   0: 3 0x80009d7c (0xff9ff06f)
core   0: 0x80009d74 (0x00006f17) auipc   t5, 0x6
core   0: 3 0x80009d74 (0x00006f17) x30 0x8000fd74
core   0: 0x80009d78 (0x283f2623) sw      gp, 652(t5)
core   0: 3 0x80009d78 (0x283f2623) mem 0x80010000 0x00000001
core   0: 0x80009d7c (0xff9ff06f) j       pc - 0x8
core   0: 3 0x80009d7c (0xff9ff06f)
core   0: 0x80009d74 (0x00006f17) auipc   t5, 0x6
core   0: 3 0x80009d74 (0x00006f17) x30 0x8000fd74
core   0: 0x80009d78 (0x283f2623) sw      gp, 652(t5)
core   0: 3 0x80009d78 (0x283f2623) mem 0x80010000 0x00000001
core   0: 0x80009d7c (0xff9ff06f) j       pc - 0x8
core   0: 3 0x80009d7c (0xff9ff06f)
core   0: 0x80009d74 (0x00006f17) auipc   t5, 0x6
core   0: 3 0x80009d74 (0x00006f17) x30 0x8000fd74
core   0: 0x80009d78 (0x283f2623) sw      gp, 652(t5)
core   0: 3 0x80009d78 (0x283f2623) mem 0x80010000 0x00000001
core   0: 0x80009d7c (0xff9ff06f) j       pc - 0x8
core   0: 3 0x80009d7c (0xff9ff06f)
core   0: 0x80009d74 (0x00006f17) auipc   t5, 0x6
core   0: 3 0x80009d74 (0x00006f17) x30 0x8000fd74
core   0: 0x80009d78 (0x283f2623) sw      gp, 652(t5)
core   0: 3 0x80009d78 (0x283f2623) mem 0x80010000 0x00000001
core   0: 0x80009d7c (0xff9ff06f) j       pc - 0x8
core   0: 3 0x80009d7c (0xff9ff06f)
core   0: 0x80009d74 (0x00006f17) auipc   t5, 0x6
core   0: 3 0x80009d74 (0x00006f17) x30 0x8000fd74
core   0: 0x80009d78 (0x283f2623) sw      gp, 652(t5)
core   0: 3 0x80009d78 (0x283f2623) mem 0x80010000 0x00000001
core   0: 0x80009d7c (0xff9ff06f) j       pc - 0x8
core   0: 3 0x80009d7c (0xff9ff06f)
core   0: 0x80009d74 (0x00006f17) auipc   t5, 0x6
core   0: 3 0x80009d74 (0x00006f17) x30 0x8000fd74
core   0: 0x80009d78 (0x283f2623) sw      gp, 652(t5)
core   0: 3 0x80009d78 (0x283f2623) mem 0x80010000 0x00000001
core   0: 0x80009d7c (0xff9ff06f) j       pc - 0x8
core   0: 3 0x80009d7c (0xff9ff06f)
core   0: 0x80009d74 (0x00006f17) auipc   t5, 0x6
core   0: 3 0x80009d74 (0x00006f17) x30 0x8000fd74
core   0: 0x80009d78 (0x283f2623) sw      gp, 652(t5)
core   0: 3 0x80009d78 (0x283f2623) mem 0x80010000 0x00000001
core   0: 0x80009d7c (0xff9ff06f) j       pc - 0x8
core   0: 3 0x80009d7c (0xff9ff06f)
core   0: 0x80009d74 (0x00006f17) auipc   t5, 0x6
core   0: 3 0x80009d74 (0x00006f17) x30 0x8000fd74
core   0: 0x80009d78 (0x283f2623) sw      gp, 652(t5)
core   0: 3 0x80009d78 (0x283f2623) mem 0x80010000 0x00000001
core   0: 0x80009d7c (0xff9ff06f) j       pc - 0x8
core   0: 3 0x80009d7c (0xff9ff06f)
core   0: 0x80009d74 (0x00006f17) auipc   t5, 0x6
core   0: 3 0x80009d74 (0x00006f17) x30 0x8000fd74
core   0: 0x80009d78 (0x283f2623) sw      gp, 652(t5)
core   0: 3 0x80009d78 (0x283f2623) mem 0x80010000 0x00000001
core   0: 0x80009d7c (0xff9ff06f) j       pc - 0x8
core   0: 3 0x80009d7c (0xff9ff06f)
core   0: 0x80009d74 (0x00006f17) auipc   t5, 0x6
core   0: 3 0x80009d74 (0x00006f17) x30 0x8000fd74
core   0: 0x80009d78 (0x283f2623) sw      gp, 652(t5)
core   0: 3 0x80009d78 (0x283f2623) mem 0x80010000 0x00000001
core   0: 0x80009d7c (0xff9ff06f) j       pc - 0x8
core   0: 3 0x80009d7c (0xff9ff06f)
core   0: 0x80009d74 (0x00006f17) auipc   t5, 0x6
core   0: 3 0x80009d74 (0x00006f17) x30 0x8000fd74
core   0: 0x80009d78 (0x283f2623) sw      gp, 652(t5)
core   0: 3 0x80009d78 (0x283f2623) mem 0x80010000 0x00000001
core   0: 0x80009d7c (0xff9ff06f) j       pc - 0x8
core   0: 3 0x80009d7c (0xff9ff06f)
core   0: 0x80009d74 (0x00006f17) auipc   t5, 0x6
core   0: 3 0x80009d74 (0x00006f17) x30 0x8000fd74
core   0: 0x80009d78 (0x283f2623) sw      gp, 652(t5)
core   0: 3 0x80009d78 (0x283f2623) mem 0x80010000 0x00000001
core   0: 0x80009d7c (0xff9ff06f) j       pc - 0x8
core   0: 3 0x80009d7c (0xff9ff06f)
core   0: 0x80009d74 (0x00006f17) auipc   t5, 0x6
core   0: 3 0x80009d74 (0x00006f17) x30 0x8000fd74
core   0: 0x80009d78 (0x283f2623) sw      gp, 652(t5)
core   0: 3 0x80009d78 (0x283f2623) mem 0x80010000 0x00000001
core   0: 0x80009d7c (0xff9ff06f) j       pc - 0x8
core   0: 3 0x80009d7c (0xff9ff06f)
core   0: 0x80009d74 (0x00006f17) auipc   t5, 0x6
core   0: 3 0x80009d74 (0x00006f17) x30 0x8000fd74
core   0: 0x80009d78 (0x283f2623) sw      gp, 652(t5)
core   0: 3 0x80009d78 (0x283f2623) mem 0x80010000 0x00000001
core   0: 0x80009d7c (0xff9ff06f) j       pc - 0x8
core   0: 3 0x80009d7c (0xff9ff06f)
core   0: 0x80009d74 (0x00006f17) auipc   t5, 0x6
core   0: 3 0x80009d74 (0x00006f17) x30 0x8000fd74
core   0: 0x80009d78 (0x283f2623) sw      gp, 652(t5)
core   0: 3 0x80009d78 (0x283f2623) mem 0x80010000 0x00000001
core   0: 0x80009d7c (0xff9ff06f) j       pc - 0x8
core   0: 3 0x80009d7c (0xff9ff06f)
core   0: 0x80009d74 (0x00006f17) auipc   t5, 0x6
core   0: 3 0x80009d74 (0x00006f17) x30 0x8000fd74
core   0: 0x80009d78 (0x283f2623) sw      gp, 652(t5)
core   0: 3 0x80009d78 (0x283f2623) mem 0x80010000 0x00000001
core   0: 0x80009d7c (0xff9ff06f) j       pc - 0x8
core   0: 3 0x80009d7c (0xff9ff06f)
core   0: 0x80009d74 (0x00006f17) auipc   t5, 0x6
core   0: 3 0x80009d74 (0x00006f17) x30 0x8000fd74
core   0: 0x80009d78 (0x283f2623) sw      gp, 652(t5)
core   0: 3 0x80009d78 (0x283f2623) mem 0x80010000 0x00000001
core   0: 0x80009d7c (0xff9ff06f) j       pc - 0x8
core   0: 3 0x80009d7c (0xff9ff06f)
core   0: 0x80009d74 (0x00006f17) auipc   t5, 0x6
core   0: 3 0x80009d74 (0x00006f17) x30 0x8000fd74
core   0: 0x80009d78 (0x283f2623) sw      gp, 652(t5)
core   0: 3 0x80009d78 (0x283f2623) mem 0x80010000 0x00000001
core   0: 0x80009d7c (0xff9ff06f) j       pc - 0x8
core   0: 3 0x80009d7c (0xff9ff06f)
core   0: 0x80009d74 (0x00006f17) auipc   t5, 0x6
core   0: 3 0x80009d74 (0x00006f17) x30 0x8000fd74
core   0: 0x80009d78 (0x283f2623) sw      gp, 652(t5)
core   0: 3 0x80009d78 (0x283f2623) mem 0x80010000 0x00000001
core   0: 0x80009d7c (0xff9ff06f) j       pc - 0x8
core   0: 3 0x80009d7c (0xff9ff06f)
core   0: 0x80009d74 (0x00006f17) auipc   t5, 0x6
core   0: 3 0x80009d74 (0x00006f17) x30 0x8000fd74
core   0: 0x80009d78 (0x283f2623) sw      gp, 652(t5)
core   0: 3 0x80009d78 (0x283f2623) mem 0x80010000 0x00000001
core   0: 0x80009d7c (0xff9ff06f) j       pc - 0x8
core   0: 3 0x80009d7c (0xff9ff06f)
core   0: 0x80009d74 (0x00006f17) auipc   t5, 0x6
core   0: 3 0x80009d74 (0x00006f17) x30 0x8000fd74
core   0: 0x80009d78 (0x283f2623) sw      gp, 652(t5)
core   0: 3 0x80009d78 (0x283f2623) mem 0x80010000 0x00000001
core   0: 0x80009d7c (0xff9ff06f) j       pc - 0x8
core   0: 3 0x80009d7c (0xff9ff06f)
core   0: 0x80009d74 (0x00006f17) auipc   t5, 0x6
core   0: 3 0x80009d74 (0x00006f17) x30 0x8000fd74
core   0: 0x80009d78 (0x283f2623) sw      gp, 652(t5)
core   0: 3 0x80009d78 (0x283f2623) mem 0x80010000 0x00000001
core   0: 0x80009d7c (0xff9ff06f) j       pc - 0x8
core   0: 3 0x80009d7c (0xff9ff06f)
core   0: 0x80009d74 (0x00006f17) auipc   t5, 0x6
core   0: 3 0x80009d74 (0x00006f17) x30 0x8000fd74
core   0: 0x80009d78 (0x283f2623) sw      gp, 652(t5)
core   0: 3 0x80009d78 (0x283f2623) mem 0x80010000 0x00000001
core   0: 0x80009d7c (0xff9ff06f) j       pc - 0x8
core   0: 3 0x80009d7c (0xff9ff06f)
core   0: 0x80009d74 (0x00006f17) auipc   t5, 0x6
core   0: 3 0x80009d74 (0x00006f17) x30 0x8000fd74
core   0: 0x80009d78 (0x283f2623) sw      gp, 652(t5)
core   0: 3 0x80009d78 (0x283f2623) mem 0x80010000 0x00000001
core   0: 0x80009d7c (0xff9ff06f) j       pc - 0x8
core   0: 3 0x80009d7c (0xff9ff06f)
core   0: 0x80009d74 (0x00006f17) auipc   t5, 0x6
core   0: 3 0x80009d74 (0x00006f17) x30 0x8000fd74
core   0: 0x80009d78 (0x283f2623) sw      gp, 652(t5)
core   0: 3 0x80009d78 (0x283f2623) mem 0x80010000 0x00000001
core   0: 0x80009d7c (0xff9ff06f) j       pc - 0x8
core   0: 3 0x80009d7c (0xff9ff06f)
core   0: 0x80009d74 (0x00006f17) auipc   t5, 0x6
core   0: 3 0x80009d74 (0x00006f17) x30 0x8000fd74
core   0: 0x80009d78 (0x283f2623) sw      gp, 652(t5)
core   0: 3 0x80009d78 (0x283f2623) mem 0x80010000 0x00000001
core   0: 0x80009d7c (0xff9ff06f) j       pc - 0x8
core   0: 3 0x80009d7c (0xff9ff06f)
core   0: 0x80009d74 (0x00006f17) auipc   t5, 0x6
core   0: 3 0x80009d74 (0x00006f17) x30 0x8000fd74
core   0: 0x80009d78 (0x283f2623) sw      gp, 652(t5)
core   0: 3 0x80009d78 (0x283f2623) mem 0x80010000 0x00000001
core   0: 0x80009d7c (0xff9ff06f) j       pc - 0x8
core   0: 3 0x80009d7c (0xff9ff06f)
core   0: 0x80009d74 (0x00006f17) auipc   t5, 0x6
core   0: 3 0x80009d74 (0x00006f17) x30 0x8000fd74
core   0: 0x80009d78 (0x283f2623) sw      gp, 652(t5)
core   0: 3 0x80009d78 (0x283f2623) mem 0x80010000 0x00000001
core   0: 0x80009d7c (0xff9ff06f) j       pc - 0x8
core   0: 3 0x80009d7c (0xff9ff06f)
core   0: 0x80009d74 (0x00006f17) auipc   t5, 0x6
core   0: 3 0x80009d74 (0x00006f17) x30 0x8000fd74
core   0: 0x80009d78 (0x283f2623) sw      gp, 652(t5)
core   0: 3 0x80009d78 (0x283f2623) mem 0x80010000 0x00000001
core   0: 0x80009d7c (0xff9ff06f) j       pc - 0x8
core   0: 3 0x80009d7c (0xff9ff06f)
core   0: 0x80009d74 (0x00006f17) auipc   t5, 0x6
core   0: 3 0x80009d74 (0x00006f17) x30 0x8000fd74
core   0: 0x80009d78 (0x283f2623) sw      gp, 652(t5)
core   0: 3 0x80009d78 (0x283f2623) mem 0x80010000 0x00000001
core   0: 0x80009d7c (0xff9ff06f) j       pc - 0x8
core   0: 3 0x80009d7c (0xff9ff06f)
core   0: 0x80009d74 (0x00006f17) auipc   t5, 0x6
core   0: 3 0x80009d74 (0x00006f17) x30 0x8000fd74
core   0: 0x80009d78 (0x283f2623) sw      gp, 652(t5)
core   0: 3 0x80009d78 (0x283f2623) mem 0x80010000 0x00000001
core   0: 0x80009d7c (0xff9ff06f) j       pc - 0x8
core   0: 3 0x80009d7c (0xff9ff06f)
core   0: 0x80009d74 (0x00006f17) auipc   t5, 0x6
core   0: 3 0x80009d74 (0x00006f17) x30 0x8000fd74
core   0: 0x80009d78 (0x283f2623) sw      gp, 652(t5)
core   0: 3 0x80009d78 (0x283f2623) mem 0x80010000 0x00000001
core   0: 0x80009d7c (0xff9ff06f) j       pc - 0x8
core   0: 3 0x80009d7c (0xff9ff06f)
core   0: 0x80009d74 (0x00006f17) auipc   t5, 0x6
core   0: 3 0x80009d74 (0x00006f17) x30 0x8000fd74
core   0: 0x80009d78 (0x283f2623) sw      gp, 652(t5)
core   0: 3 0x80009d78 (0x283f2623) mem 0x80010000 0x00000001
core   0: 0x80009d7c (0xff9ff06f) j       pc - 0x8
core   0: 3 0x80009d7c (0xff9ff06f)
core   0: 0x80009d74 (0x00006f17) auipc   t5, 0x6
core   0: 3 0x80009d74 (0x00006f17) x30 0x8000fd74
core   0: 0x80009d78 (0x283f2623) sw      gp, 652(t5)
core   0: 3 0x80009d78 (0x283f2623) mem 0x80010000 0x00000001
core   0: 0x80009d7c (0xff9ff06f) j       pc - 0x8
core   0: 3 0x80009d7c (0xff9ff06f)
core   0: 0x80009d74 (0x00006f17) auipc   t5, 0x6
core   0: 3 0x80009d74 (0x00006f17) x30 0x8000fd74
core   0: 0x80009d78 (0x283f2623) sw      gp, 652(t5)
core   0: 3 0x80009d78 (0x283f2623) mem 0x80010000 0x00000001
core   0: 0x80009d7c (0xff9ff06f) j       pc - 0x8
core   0: 3 0x80009d7c (0xff9ff06f)
core   0: 0x80009d74 (0x00006f17) auipc   t5, 0x6
core   0: 3 0x80009d74 (0x00006f17) x30 0x8000fd74
core   0: 0x80009d78 (0x283f2623) sw      gp, 652(t5)
core   0: 3 0x80009d78 (0x283f2623) mem 0x80010000 0x00000001
core   0: 0x80009d7c (0xff9ff06f) j       pc - 0x8
core   0: 3 0x80009d7c (0xff9ff06f)
core   0: 0x80009d74 (0x00006f17) auipc   t5, 0x6
core   0: 3 0x80009d74 (0x00006f17) x30 0x8000fd74
core   0: 0x80009d78 (0x283f2623) sw      gp, 652(t5)
core   0: 3 0x80009d78 (0x283f2623) mem 0x80010000 0x00000001
core   0: 0x80009d7c (0xff9ff06f) j       pc - 0x8
core   0: 3 0x80009d7c (0xff9ff06f)
core   0: 0x80009d74 (0x00006f17) auipc   t5, 0x6
core   0: 3 0x80009d74 (0x00006f17) x30 0x8000fd74
core   0: 0x80009d78 (0x283f2623) sw      gp, 652(t5)
core   0: 3 0x80009d78 (0x283f2623) mem 0x80010000 0x00000001
core   0: 0x80009d7c (0xff9ff06f) j       pc - 0x8
core   0: 3 0x80009d7c (0xff9ff06f)
core   0: 0x80009d74 (0x00006f17) auipc   t5, 0x6
core   0: 3 0x80009d74 (0x00006f17) x30 0x8000fd74
core   0: 0x80009d78 (0x283f2623) sw      gp, 652(t5)
core   0: 3 0x80009d78 (0x283f2623) mem 0x80010000 0x00000001
core   0: 0x80009d7c (0xff9ff06f) j       pc - 0x8
core   0: 3 0x80009d7c (0xff9ff06f)
core   0: 0x80009d74 (0x00006f17) auipc   t5, 0x6
core   0: 3 0x80009d74 (0x00006f17) x30 0x8000fd74
core   0: 0x80009d78 (0x283f2623) sw      gp, 652(t5)
core   0: 3 0x80009d78 (0x283f2623) mem 0x80010000 0x00000001
core   0: 0x80009d7c (0xff9ff06f) j       pc - 0x8
core   0: 3 0x80009d7c (0xff9ff06f)
core   0: 0x80009d74 (0x00006f17) auipc   t5, 0x6
core   0: 3 0x80009d74 (0x00006f17) x30 0x8000fd74
core   0: 0x80009d78 (0x283f2623) sw      gp, 652(t5)
core   0: 3 0x80009d78 (0x283f2623) mem 0x80010000 0x00000001
core   0: 0x80009d7c (0xff9ff06f) j       pc - 0x8
core   0: 3 0x80009d7c (0xff9ff06f)
core   0: 0x80009d74 (0x00006f17) auipc   t5, 0x6
core   0: 3 0x80009d74 (0x00006f17) x30 0x8000fd74
core   0: 0x80009d78 (0x283f2623) sw      gp, 652(t5)
core   0: 3 0x80009d78 (0x283f2623) mem 0x80010000 0x00000001
core   0: 0x80009d7c (0xff9ff06f) j       pc - 0x8
core   0: 3 0x80009d7c (0xff9ff06f)
core   0: 0x80009d74 (0x00006f17) auipc   t5, 0x6
core   0: 3 0x80009d74 (0x00006f17) x30 0x8000fd74
core   0: 0x80009d78 (0x283f2623) sw      gp, 652(t5)
core   0: 3 0x80009d78 (0x283f2623) mem 0x80010000 0x00000001
core   0: 0x80009d7c (0xff9ff06f) j       pc - 0x8
core   0: 3 0x80009d7c (0xff9ff06f)
core   0: 0x80009d74 (0x00006f17) auipc   t5, 0x6
core   0: 3 0x80009d74 (0x00006f17) x30 0x8000fd74
core   0: 0x80009d78 (0x283f2623) sw      gp, 652(t5)
core   0: 3 0x80009d78 (0x283f2623) mem 0x80010000 0x00000001
core   0: 0x80009d7c (0xff9ff06f) j       pc - 0x8
core   0: 3 0x80009d7c (0xff9ff06f)
core   0: 0x80009d74 (0x00006f17) auipc   t5, 0x6
core   0: 3 0x80009d74 (0x00006f17) x30 0x8000fd74
core   0: 0x80009d78 (0x283f2623) sw      gp, 652(t5)
core   0: 3 0x80009d78 (0x283f2623) mem 0x80010000 0x00000001
core   0: 0x80009d7c (0xff9ff06f) j       pc - 0x8
core   0: 3 0x80009d7c (0xff9ff06f)
core   0: 0x80009d74 (0x00006f17) auipc   t5, 0x6
core   0: 3 0x80009d74 (0x00006f17) x30 0x8000fd74
core   0: 0x80009d78 (0x283f2623) sw      gp, 652(t5)
core   0: 3 0x80009d78 (0x283f2623) mem 0x80010000 0x00000001
core   0: 0x80009d7c (0xff9ff06f) j       pc - 0x8
core   0: 3 0x80009d7c (0xff9ff06f)
core   0: 0x80009d74 (0x00006f17) auipc   t5, 0x6
core   0: 3 0x80009d74 (0x00006f17) x30 0x8000fd74
core   0: 0x80009d78 (0x283f2623) sw      gp, 652(t5)
core   0: 3 0x80009d78 (0x283f2623) mem 0x80010000 0x00000001
core   0: 0x80009d7c (0xff9ff06f) j       pc - 0x8
core   0: 3 0x80009d7c (0xff9ff06f)
core   0: 0x80009d74 (0x00006f17) auipc   t5, 0x6
core   0: 3 0x80009d74 (0x00006f17) x30 0x8000fd74
core   0: 0x80009d78 (0x283f2623) sw      gp, 652(t5)
core   0: 3 0x80009d78 (0x283f2623) mem 0x80010000 0x00000001
core   0: 0x80009d7c (0xff9ff06f) j       pc - 0x8
core   0: 3 0x80009d7c (0xff9ff06f)
core   0: 0x80009d74 (0x00006f17) auipc   t5, 0x6
core   0: 3 0x80009d74 (0x00006f17) x30 0x8000fd74
core   0: 0x80009d78 (0x283f2623) sw      gp, 652(t5)
core   0: 3 0x80009d78 (0x283f2623) mem 0x80010000 0x00000001
core   0: 0x80009d7c (0xff9ff06f) j       pc - 0x8
core   0: 3 0x80009d7c (0xff9ff06f)
core   0: 0x80009d74 (0x00006f17) auipc   t5, 0x6
core   0: 3 0x80009d74 (0x00006f17) x30 0x8000fd74
core   0: 0x80009d78 (0x283f2623) sw      gp, 652(t5)
core   0: 3 0x80009d78 (0x283f2623) mem 0x80010000 0x00000001
core   0: 0x80009d7c (0xff9ff06f) j       pc - 0x8
core   0: 3 0x80009d7c (0xff9ff06f)
core   0: 0x80009d74 (0x00006f17) auipc   t5, 0x6
core   0: 3 0x80009d74 (0x00006f17) x30 0x8000fd74
core   0: 0x80009d78 (0x283f2623) sw      gp, 652(t5)
core   0: 3 0x80009d78 (0x283f2623) mem 0x80010000 0x00000001
core   0: 0x80009d7c (0xff9ff06f) j       pc - 0x8
core   0: 3 0x80009d7c (0xff9ff06f)
core   0: 0x80009d74 (0x00006f17) auipc   t5, 0x6
core   0: 3 0x80009d74 (0x00006f17) x30 0x8000fd74
core   0: 0x80009d78 (0x283f2623) sw      gp, 652(t5)
core   0: 3 0x80009d78 (0x283f2623) mem 0x80010000 0x00000001
core   0: 0x80009d7c (0xff9ff06f) j       pc - 0x8
core   0: 3 0x80009d7c (0xff9ff06f)
core   0: 0x80009d74 (0x00006f17) auipc   t5, 0x6
core   0: 3 0x80009d74 (0x00006f17) x30 0x8000fd74
core   0: 0x80009d78 (0x283f2623) sw      gp, 652(t5)
core   0: 3 0x80009d78 (0x283f2623) mem 0x80010000 0x00000001
core   0: 0x80009d7c (0xff9ff06f) j       pc - 0x8
core   0: 3 0x80009d7c (0xff9ff06f)
core   0: 0x80009d74 (0x00006f17) auipc   t5, 0x6
core   0: 3 0x80009d74 (0x00006f17) x30 0x8000fd74
core   0: 0x80009d78 (0x283f2623) sw      gp, 652(t5)
core   0: 3 0x80009d78 (0x283f2623) mem 0x80010000 0x00000001
core   0: 0x80009d7c (0xff9ff06f) j       pc - 0x8
core   0: 3 0x80009d7c (0xff9ff06f)
core   0: 0x80009d74 (0x00006f17) auipc   t5, 0x6
core   0: 3 0x80009d74 (0x00006f17) x30 0x8000fd74
core   0: 0x80009d78 (0x283f2623) sw      gp, 652(t5)
core   0: 3 0x80009d78 (0x283f2623) mem 0x80010000 0x00000001
core   0: 0x80009d7c (0xff9ff06f) j       pc - 0x8
core   0: 3 0x80009d7c (0xff9ff06f)
core   0: 0x80009d74 (0x00006f17) auipc   t5, 0x6
core   0: 3 0x80009d74 (0x00006f17) x30 0x8000fd74
core   0: 0x80009d78 (0x283f2623) sw      gp, 652(t5)
core   0: 3 0x80009d78 (0x283f2623) mem 0x80010000 0x00000001
core   0: 0x80009d7c (0xff9ff06f) j       pc - 0x8
core   0: 3 0x80009d7c (0xff9ff06f)
core   0: 0x80009d74 (0x00006f17) auipc   t5, 0x6
core   0: 3 0x80009d74 (0x00006f17) x30 0x8000fd74
core   0: 0x80009d78 (0x283f2623) sw      gp, 652(t5)
core   0: 3 0x80009d78 (0x283f2623) mem 0x80010000 0x00000001
core   0: 0x80009d7c (0xff9ff06f) j       pc - 0x8
core   0: 3 0x80009d7c (0xff9ff06f)
core   0: 0x80009d74 (0x00006f17) auipc   t5, 0x6
core   0: 3 0x80009d74 (0x00006f17) x30 0x8000fd74
core   0: 0x80009d78 (0x283f2623) sw      gp, 652(t5)
core   0: 3 0x80009d78 (0x283f2623) mem 0x80010000 0x00000001
core   0: 0x80009d7c (0xff9ff06f) j       pc - 0x8
core   0: 3 0x80009d7c (0xff9ff06f)
core   0: 0x80009d74 (0x00006f17) auipc   t5, 0x6
core   0: 3 0x80009d74 (0x00006f17) x30 0x8000fd74
core   0: 0x80009d78 (0x283f2623) sw      gp, 652(t5)
core   0: 3 0x80009d78 (0x283f2623) mem 0x80010000 0x00000001
core   0: 0x80009d7c (0xff9ff06f) j       pc - 0x8
core   0: 3 0x80009d7c (0xff9ff06f)
core   0: 0x80009d74 (0x00006f17) auipc   t5, 0x6
core   0: 3 0x80009d74 (0x00006f17) x30 0x8000fd74
core   0: 0x80009d78 (0x283f2623) sw      gp, 652(t5)
core   0: 3 0x80009d78 (0x283f2623) mem 0x80010000 0x00000001
core   0: 0x80009d7c (0xff9ff06f) j       pc - 0x8
core   0: 3 0x80009d7c (0xff9ff06f)
core   0: 0x80009d74 (0x00006f17) auipc   t5, 0x6
core   0: 3 0x80009d74 (0x00006f17) x30 0x8000fd74
core   0: 0x80009d78 (0x283f2623) sw      gp, 652(t5)
core   0: 3 0x80009d78 (0x283f2623) mem 0x80010000 0x00000001
core   0: 0x80009d7c (0xff9ff06f) j       pc - 0x8
core   0: 3 0x80009d7c (0xff9ff06f)
core   0: 0x80009d74 (0x00006f17) auipc   t5, 0x6
core   0: 3 0x80009d74 (0x00006f17) x30 0x8000fd74
core   0: 0x80009d78 (0x283f2623) sw      gp, 652(t5)
core   0: 3 0x80009d78 (0x283f2623) mem 0x80010000 0x00000001
core   0: 0x80009d7c (0xff9ff06f) j       pc - 0x8
core   0: 3 0x80009d7c (0xff9ff06f)
core   0: 0x80009d74 (0x00006f17) auipc   t5, 0x6
core   0: 3 0x80009d74 (0x00006f17) x30 0x8000fd74
core   0: 0x80009d78 (0x283f2623) sw      gp, 652(t5)
core   0: 3 0x80009d78 (0x283f2623) mem 0x80010000 0x00000001
core   0: 0x80009d7c (0xff9ff06f) j       pc - 0x8
core   0: 3 0x80009d7c (0xff9ff06f)
core   0: 0x80009d74 (0x00006f17) auipc   t5, 0x6
core   0: 3 0x80009d74 (0x00006f17) x30 0x8000fd74
core   0: 0x80009d78 (0x283f2623) sw      gp, 652(t5)
core   0: 3 0x80009d78 (0x283f2623) mem 0x80010000 0x00000001
core   0: 0x80009d7c (0xff9ff06f) j       pc - 0x8
core   0: 3 0x80009d7c (0xff9ff06f)
core   0: 0x80009d74 (0x00006f17) auipc   t5, 0x6
core   0: 3 0x80009d74 (0x00006f17) x30 0x8000fd74
core   0: 0x80009d78 (0x283f2623) sw      gp, 652(t5)
core   0: 3 0x80009d78 (0x283f2623) mem 0x80010000 0x00000001
core   0: 0x80009d7c (0xff9ff06f) j       pc - 0x8
core   0: 3 0x80009d7c (0xff9ff06f)
core   0: 0x80009d74 (0x00006f17) auipc   t5, 0x6
core   0: 3 0x80009d74 (0x00006f17) x30 0x8000fd74
core   0: 0x80009d78 (0x283f2623) sw      gp, 652(t5)
core   0: 3 0x80009d78 (0x283f2623) mem 0x80010000 0x00000001
core   0: 0x80009d7c (0xff9ff06f) j       pc - 0x8
core   0: 3 0x80009d7c (0xff9ff06f)
core   0: 0x80009d74 (0x00006f17) auipc   t5, 0x6
core   0: 3 0x80009d74 (0x00006f17) x30 0x8000fd74
core   0: 0x80009d78 (0x283f2623) sw      gp, 652(t5)
core   0: 3 0x80009d78 (0x283f2623) mem 0x80010000 0x00000001
core   0: 0x80009d7c (0xff9ff06f) j       pc - 0x8
core   0: 3 0x80009d7c (0xff9ff06f)
core   0: 0x80009d74 (0x00006f17) auipc   t5, 0x6
core   0: 3 0x80009d74 (0x00006f17) x30 0x8000fd74
core   0: 0x80009d78 (0x283f2623) sw      gp, 652(t5)
core   0: 3 0x80009d78 (0x283f2623) mem 0x80010000 0x00000001
core   0: 0x80009d7c (0xff9ff06f) j       pc - 0x8
core   0: 3 0x80009d7c (0xff9ff06f)
core   0: 0x80009d74 (0x00006f17) auipc   t5, 0x6
core   0: 3 0x80009d74 (0x00006f17) x30 0x8000fd74
core   0: 0x80009d78 (0x283f2623) sw      gp, 652(t5)
core   0: 3 0x80009d78 (0x283f2623) mem 0x80010000 0x00000001
core   0: 0x80009d7c (0xff9ff06f) j       pc - 0x8
core   0: 3 0x80009d7c (0xff9ff06f)
core   0: 0x80009d74 (0x00006f17) auipc   t5, 0x6
core   0: 3 0x80009d74 (0x00006f17) x30 0x8000fd74
core   0: 0x80009d78 (0x283f2623) sw      gp, 652(t5)
core   0: 3 0x80009d78 (0x283f2623) mem 0x80010000 0x00000001
core   0: 0x80009d7c (0xff9ff06f) j       pc - 0x8
core   0: 3 0x80009d7c (0xff9ff06f)
core   0: 0x80009d74 (0x00006f17) auipc   t5, 0x6
core   0: 3 0x80009d74 (0x00006f17) x30 0x8000fd74
core   0: 0x80009d78 (0x283f2623) sw      gp, 652(t5)
core   0: 3 0x80009d78 (0x283f2623) mem 0x80010000 0x00000001
core   0: 0x80009d7c (0xff9ff06f) j       pc - 0x8
core   0: 3 0x80009d7c (0xff9ff06f)
core   0: 0x80009d74 (0x00006f17) auipc   t5, 0x6
core   0: 3 0x80009d74 (0x00006f17) x30 0x8000fd74
core   0: 0x80009d78 (0x283f2623) sw      gp, 652(t5)
core   0: 3 0x80009d78 (0x283f2623) mem 0x80010000 0x00000001
core   0: 0x80009d7c (0xff9ff06f) j       pc - 0x8
core   0: 3 0x80009d7c (0xff9ff06f)
core   0: 0x80009d74 (0x00006f17) auipc   t5, 0x6
core   0: 3 0x80009d74 (0x00006f17) x30 0x8000fd74
core   0: 0x80009d78 (0x283f2623) sw      gp, 652(t5)
core   0: 3 0x80009d78 (0x283f2623) mem 0x80010000 0x00000001
core   0: 0x80009d7c (0xff9ff06f) j       pc - 0x8
core   0: 3 0x80009d7c (0xff9ff06f)
core   0: 0x80009d74 (0x00006f17) auipc   t5, 0x6
core   0: 3 0x80009d74 (0x00006f17) x30 0x8000fd74
core   0: 0x80009d78 (0x283f2623) sw      gp, 652(t5)
core   0: 3 0x80009d78 (0x283f2623) mem 0x80010000 0x00000001
core   0: 0x80009d7c (0xff9ff06f) j       pc - 0x8
core   0: 3 0x80009d7c (0xff9ff06f)
core   0: 0x80009d74 (0x00006f17) auipc   t5, 0x6
core   0: 3 0x80009d74 (0x00006f17) x30 0x8000fd74
core   0: 0x80009d78 (0x283f2623) sw      gp, 652(t5)
core   0: 3 0x80009d78 (0x283f2623) mem 0x80010000 0x00000001
core   0: 0x80009d7c (0xff9ff06f) j       pc - 0x8
core   0: 3 0x80009d7c (0xff9ff06f)
core   0: 0x80009d74 (0x00006f17) auipc   t5, 0x6
core   0: 3 0x80009d74 (0x00006f17) x30 0x8000fd74
core   0: 0x80009d78 (0x283f2623) sw      gp, 652(t5)
core   0: 3 0x80009d78 (0x283f2623) mem 0x80010000 0x00000001
core   0: 0x80009d7c (0xff9ff06f) j       pc - 0x8
core   0: 3 0x80009d7c (0xff9ff06f)
core   0: 0x80009d74 (0x00006f17) auipc   t5, 0x6
core   0: 3 0x80009d74 (0x00006f17) x30 0x8000fd74
core   0: 0x80009d78 (0x283f2623) sw      gp, 652(t5)
core   0: 3 0x80009d78 (0x283f2623) mem 0x80010000 0x00000001
core   0: 0x80009d7c (0xff9ff06f) j       pc - 0x8
core   0: 3 0x80009d7c (0xff9ff06f)
core   0: 0x80009d74 (0x00006f17) auipc   t5, 0x6
core   0: 3 0x80009d74 (0x00006f17) x30 0x8000fd74
core   0: 0x80009d78 (0x283f2623) sw      gp, 652(t5)
core   0: 3 0x80009d78 (0x283f2623) mem 0x80010000 0x00000001
core   0: 0x80009d7c (0xff9ff06f) j       pc - 0x8
core   0: 3 0x80009d7c (0xff9ff06f)
core   0: 0x80009d74 (0x00006f17) auipc   t5, 0x6
core   0: 3 0x80009d74 (0x00006f17) x30 0x8000fd74
core   0: 0x80009d78 (0x283f2623) sw      gp, 652(t5)
core   0: 3 0x80009d78 (0x283f2623) mem 0x80010000 0x00000001
core   0: 0x80009d7c (0xff9ff06f) j       pc - 0x8
core   0: 3 0x80009d7c (0xff9ff06f)
core   0: 0x80009d74 (0x00006f17) auipc   t5, 0x6
core   0: 3 0x80009d74 (0x00006f17) x30 0x8000fd74
core   0: 0x80009d78 (0x283f2623) sw      gp, 652(t5)
core   0: 3 0x80009d78 (0x283f2623) mem 0x80010000 0x00000001
core   0: 0x80009d7c (0xff9ff06f) j       pc - 0x8
core   0: 3 0x80009d7c (0xff9ff06f)
core   0: 0x80009d74 (0x00006f17) auipc   t5, 0x6
core   0: 3 0x80009d74 (0x00006f17) x30 0x8000fd74
core   0: 0x80009d78 (0x283f2623) sw      gp, 652(t5)
core   0: 3 0x80009d78 (0x283f2623) mem 0x80010000 0x00000001
core   0: 0x80009d7c (0xff9ff06f) j       pc - 0x8
core   0: 3 0x80009d7c (0xff9ff06f)
core   0: 0x80009d74 (0x00006f17) auipc   t5, 0x6
core   0: 3 0x80009d74 (0x00006f17) x30 0x8000fd74
core   0: 0x80009d78 (0x283f2623) sw      gp, 652(t5)
core   0: 3 0x80009d78 (0x283f2623) mem 0x80010000 0x00000001
core   0: 0x80009d7c (0xff9ff06f) j       pc - 0x8
core   0: 3 0x80009d7c (0xff9ff06f)
core   0: 0x80009d74 (0x00006f17) auipc   t5, 0x6
core   0: 3 0x80009d74 (0x00006f17) x30 0x8000fd74
core   0: 0x80009d78 (0x283f2623) sw      gp, 652(t5)
core   0: 3 0x80009d78 (0x283f2623) mem 0x80010000 0x00000001
core   0: 0x80009d7c (0xff9ff06f) j       pc - 0x8
core   0: 3 0x80009d7c (0xff9ff06f)
core   0: 0x80009d74 (0x00006f17) auipc   t5, 0x6
core   0: 3 0x80009d74 (0x00006f17) x30 0x8000fd74
core   0: 0x80009d78 (0x283f2623) sw      gp, 652(t5)
core   0: 3 0x80009d78 (0x283f2623) mem 0x80010000 0x00000001
core   0: 0x80009d7c (0xff9ff06f) j       pc - 0x8
core   0: 3 0x80009d7c (0xff9ff06f)
core   0: 0x80009d74 (0x00006f17) auipc   t5, 0x6
core   0: 3 0x80009d74 (0x00006f17) x30 0x8000fd74
core   0: 0x80009d78 (0x283f2623) sw      gp, 652(t5)
core   0: 3 0x80009d78 (0x283f2623) mem 0x80010000 0x00000001
core   0: 0x80009d7c (0xff9ff06f) j       pc - 0x8
core   0: 3 0x80009d7c (0xff9ff06f)
core   0: 0x80009d74 (0x00006f17) auipc   t5, 0x6
core   0: 3 0x80009d74 (0x00006f17) x30 0x8000fd74
core   0: 0x80009d78 (0x283f2623) sw      gp, 652(t5)
core   0: 3 0x80009d78 (0x283f2623) mem 0x80010000 0x00000001
core   0: 0x80009d7c (0xff9ff06f) j       pc - 0x8
core   0: 3 0x80009d7c (0xff9ff06f)
core   0: 0x80009d74 (0x00006f17) auipc   t5, 0x6
core   0: 3 0x80009d74 (0x00006f17) x30 0x8000fd74
core   0: 0x80009d78 (0x283f2623) sw      gp, 652(t5)
core   0: 3 0x80009d78 (0x283f2623) mem 0x80010000 0x00000001
core   0: 0x80009d7c (0xff9ff06f) j       pc - 0x8
core   0: 3 0x80009d7c (0xff9ff06f)
core   0: 0x80009d74 (0x00006f17) auipc   t5, 0x6
core   0: 3 0x80009d74 (0x00006f17) x30 0x8000fd74
core   0: 0x80009d78 (0x283f2623) sw      gp, 652(t5)
core   0: 3 0x80009d78 (0x283f2623) mem 0x80010000 0x00000001
core   0: 0x80009d7c (0xff9ff06f) j       pc - 0x8
core   0: 3 0x80009d7c (0xff9ff06f)
core   0: 0x80009d74 (0x00006f17) auipc   t5, 0x6
core   0: 3 0x80009d74 (0x00006f17) x30 0x8000fd74
core   0: 0x80009d78 (0x283f2623) sw      gp, 652(t5)
core   0: 3 0x80009d78 (0x283f2623) mem 0x80010000 0x00000001
core   0: 0x80009d7c (0xff9ff06f) j       pc - 0x8
core   0: 3 0x80009d7c (0xff9ff06f)
core   0: 0x80009d74 (0x00006f17) auipc   t5, 0x6
core   0: 3 0x80009d74 (0x00006f17) x30 0x8000fd74
core   0: 0x80009d78 (0x283f2623) sw      gp, 652(t5)
core   0: 3 0x80009d78 (0x283f2623) mem 0x80010000 0x00000001
core   0: 0x80009d7c (0xff9ff06f) j       pc - 0x8
core   0: 3 0x80009d7c (0xff9ff06f)
core   0: 0x80009d74 (0x00006f17) auipc   t5, 0x6
core   0: 3 0x80009d74 (0x00006f17) x30 0x8000fd74
core   0: 0x80009d78 (0x283f2623) sw      gp, 652(t5)
core   0: 3 0x80009d78 (0x283f2623) mem 0x80010000 0x00000001
core   0: 0x80009d7c (0xff9ff06f) j       pc - 0x8
core   0: 3 0x80009d7c (0xff9ff06f)
core   0: 0x80009d74 (0x00006f17) auipc   t5, 0x6
core   0: 3 0x80009d74 (0x00006f17) x30 0x8000fd74
core   0: 0x80009d78 (0x283f2623) sw      gp, 652(t5)
core   0: 3 0x80009d78 (0x283f2623) mem 0x80010000 0x00000001
core   0: 0x80009d7c (0xff9ff06f) j       pc - 0x8
core   0: 3 0x80009d7c (0xff9ff06f)
core   0: 0x80009d74 (0x00006f17) auipc   t5, 0x6
core   0: 3 0x80009d74 (0x00006f17) x30 0x8000fd74
core   0: 0x80009d78 (0x283f2623) sw      gp, 652(t5)
core   0: 3 0x80009d78 (0x283f2623) mem 0x80010000 0x00000001
core   0: 0x80009d7c (0xff9ff06f) j       pc - 0x8
core   0: 3 0x80009d7c (0xff9ff06f)
core   0: 0x80009d74 (0x00006f17) auipc   t5, 0x6
core   0: 3 0x80009d74 (0x00006f17) x30 0x8000fd74
core   0: 0x80009d78 (0x283f2623) sw      gp, 652(t5)
core   0: 3 0x80009d78 (0x283f2623) mem 0x80010000 0x00000001
core   0: 0x80009d7c (0xff9ff06f) j       pc - 0x8
core   0: 3 0x80009d7c (0xff9ff06f)
core   0: 0x80009d74 (0x00006f17) auipc   t5, 0x6
core   0: 3 0x80009d74 (0x00006f17) x30 0x8000fd74
core   0: 0x80009d78 (0x283f2623) sw      gp, 652(t5)
core   0: 3 0x80009d78 (0x283f2623) mem 0x80010000 0x00000001
core   0: 0x80009d7c (0xff9ff06f) j       pc - 0x8
core   0: 3 0x80009d7c (0xff9ff06f)
core   0: 0x80009d74 (0x00006f17) auipc   t5, 0x6
core   0: 3 0x80009d74 (0x00006f17) x30 0x8000fd74
core   0: 0x80009d78 (0x283f2623) sw      gp, 652(t5)
core   0: 3 0x80009d78 (0x283f2623) mem 0x80010000 0x00000001
core   0: 0x80009d7c (0xff9ff06f) j       pc - 0x8
core   0: 3 0x80009d7c (0xff9ff06f)
core   0: 0x80009d74 (0x00006f17) auipc   t5, 0x6
core   0: 3 0x80009d74 (0x00006f17) x30 0x8000fd74
core   0: 0x80009d78 (0x283f2623) sw      gp, 652(t5)
core   0: 3 0x80009d78 (0x283f2623) mem 0x80010000 0x00000001
core   0: 0x80009d7c (0xff9ff06f) j       pc - 0x8
core   0: 3 0x80009d7c (0xff9ff06f)
core   0: 0x80009d74 (0x00006f17) auipc   t5, 0x6
core   0: 3 0x80009d74 (0x00006f17) x30 0x8000fd74
core   0: 0x80009d78 (0x283f2623) sw      gp, 652(t5)
core   0: 3 0x80009d78 (0x283f2623) mem 0x80010000 0x00000001
core   0: 0x80009d7c (0xff9ff06f) j       pc - 0x8
core   0: 3 0x80009d7c (0xff9ff06f)
core   0: 0x80009d74 (0x00006f17) auipc   t5, 0x6
core   0: 3 0x80009d74 (0x00006f17) x30 0x8000fd74
core   0: 0x80009d78 (0x283f2623) sw      gp, 652(t5)
core   0: 3 0x80009d78 (0x283f2623) mem 0x80010000 0x00000001
core   0: 0x80009d7c (0xff9ff06f) j       pc - 0x8
core   0: 3 0x80009d7c (0xff9ff06f)
core   0: 0x80009d74 (0x00006f17) auipc   t5, 0x6
core   0: 3 0x80009d74 (0x00006f17) x30 0x8000fd74
core   0: 0x80009d78 (0x283f2623) sw      gp, 652(t5)
core   0: 3 0x80009d78 (0x283f2623) mem 0x80010000 0x00000001
core   0: 0x80009d7c (0xff9ff06f) j       pc - 0x8
core   0: 3 0x80009d7c (0xff9ff06f)
core   0: 0x80009d74 (0x00006f17) auipc   t5, 0x6
core   0: 3 0x80009d74 (0x00006f17) x30 0x8000fd74
core   0: 0x80009d78 (0x283f2623) sw      gp, 652(t5)
core   0: 3 0x80009d78 (0x283f2623) mem 0x80010000 0x00000001
core   0: 0x80009d7c (0xff9ff06f) j       pc - 0x8
core   0: 3 0x80009d7c (0xff9ff06f)
core   0: 0x80009d74 (0x00006f17) auipc   t5, 0x6
core   0: 3 0x80009d74 (0x00006f17) x30 0x8000fd74
core   0: 0x80009d78 (0x283f2623) sw      gp, 652(t5)
core   0: 3 0x80009d78 (0x283f2623) mem 0x80010000 0x00000001
core   0: 0x80009d7c (0xff9ff06f) j       pc - 0x8
core   0: 3 0x80009d7c (0xff9ff06f)
core   0: 0x80009d74 (0x00006f17) auipc   t5, 0x6
core   0: 3 0x80009d74 (0x00006f17) x30 0x8000fd74
core   0: 0x80009d78 (0x283f2623) sw      gp, 652(t5)
core   0: 3 0x80009d78 (0x283f2623) mem 0x80010000 0x00000001
core   0: 0x80009d7c (0xff9ff06f) j       pc - 0x8
core   0: 3 0x80009d7c (0xff9ff06f)
core   0: 0x80009d74 (0x00006f17) auipc   t5, 0x6
core   0: 3 0x80009d74 (0x00006f17) x30 0x8000fd74
core   0: 0x80009d78 (0x283f2623) sw      gp, 652(t5)
core   0: 3 0x80009d78 (0x283f2623) mem 0x80010000 0x00000001
core   0: 0x80009d7c (0xff9ff06f) j       pc - 0x8
core   0: 3 0x80009d7c (0xff9ff06f)
core   0: 0x80009d74 (0x00006f17) auipc   t5, 0x6
core   0: 3 0x80009d74 (0x00006f17) x30 0x8000fd74
core   0: 0x80009d78 (0x283f2623) sw      gp, 652(t5)
core   0: 3 0x80009d78 (0x283f2623) mem 0x80010000 0x00000001
core   0: 0x80009d7c (0xff9ff06f) j       pc - 0x8
core   0: 3 0x80009d7c (0xff9ff06f)
core   0: 0x80009d74 (0x00006f17) auipc   t5, 0x6
core   0: 3 0x80009d74 (0x00006f17) x30 0x8000fd74
core   0: 0x80009d78 (0x283f2623) sw      gp, 652(t5)
core   0: 3 0x80009d78 (0x283f2623) mem 0x80010000 0x00000001
core   0: 0x80009d7c (0xff9ff06f) j       pc - 0x8
core   0: 3 0x80009d7c (0xff9ff06f)
core   0: 0x80009d74 (0x00006f17) auipc   t5, 0x6
core   0: 3 0x80009d74 (0x00006f17) x30 0x8000fd74
core   0: 0x80009d78 (0x283f2623) sw      gp, 652(t5)
core   0: 3 0x80009d78 (0x283f2623) mem 0x80010000 0x00000001
core   0: 0x80009d7c (0xff9ff06f) j       pc - 0x8
core   0: 3 0x80009d7c (0xff9ff06f)
core   0: 0x80009d74 (0x00006f17) auipc   t5, 0x6
core   0: 3 0x80009d74 (0x00006f17) x30 0x8000fd74
core   0: 0x80009d78 (0x283f2623) sw      gp, 652(t5)
core   0: 3 0x80009d78 (0x283f2623) mem 0x80010000 0x00000001
core   0: 0x80009d7c (0xff9ff06f) j       pc - 0x8
core   0: 3 0x80009d7c (0xff9ff06f)
core   0: 0x80009d74 (0x00006f17) auipc   t5, 0x6
core   0: 3 0x80009d74 (0x00006f17) x30 0x8000fd74
core   0: 0x80009d78 (0x283f2623) sw      gp, 652(t5)
core   0: 3 0x80009d78 (0x283f2623) mem 0x80010000 0x00000001
core   0: 0x80009d7c (0xff9ff06f) j       pc - 0x8
core   0: 3 0x80009d7c (0xff9ff06f)
core   0: 0x80009d74 (0x00006f17) auipc   t5, 0x6
core   0: 3 0x80009d74 (0x00006f17) x30 0x8000fd74
core   0: 0x80009d78 (0x283f2623) sw      gp, 652(t5)
core   0: 3 0x80009d78 (0x283f2623) mem 0x80010000 0x00000001
core   0: 0x80009d7c (0xff9ff06f) j       pc - 0x8
core   0: 3 0x80009d7c (0xff9ff06f)
core   0: 0x80009d74 (0x00006f17) auipc   t5, 0x6
core   0: 3 0x80009d74 (0x00006f17) x30 0x8000fd74
core   0: 0x80009d78 (0x283f2623) sw      gp, 652(t5)
core   0: 3 0x80009d78 (0x283f2623) mem 0x80010000 0x00000001
core   0: 0x80009d7c (0xff9ff06f) j       pc - 0x8
core   0: 3 0x80009d7c (0xff9ff06f)
core   0: 0x80009d74 (0x00006f17) auipc   t5, 0x6
core   0: 3 0x80009d74 (0x00006f17) x30 0x8000fd74
core   0: 0x80009d78 (0x283f2623) sw      gp, 652(t5)
core   0: 3 0x80009d78 (0x283f2623) mem 0x80010000 0x00000001
core   0: 0x80009d7c (0xff9ff06f) j       pc - 0x8
core   0: 3 0x80009d7c (0xff9ff06f)
core   0: 0x80009d74 (0x00006f17) auipc   t5, 0x6
core   0: 3 0x80009d74 (0x00006f17) x30 0x8000fd74
core   0: 0x80009d78 (0x283f2623) sw      gp, 652(t5)
core   0: 3 0x80009d78 (0x283f2623) mem 0x80010000 0x00000001
core   0: 0x80009d7c (0xff9ff06f) j       pc - 0x8
core   0: 3 0x80009d7c (0xff9ff06f)
core   0: 0x80009d74 (0x00006f17) auipc   t5, 0x6
core   0: 3 0x80009d74 (0x00006f17) x30 0x8000fd74
core   0: 0x80009d78 (0x283f2623) sw      gp, 652(t5)
core   0: 3 0x80009d78 (0x283f2623) mem 0x80010000 0x00000001
core   0: 0x80009d7c (0xff9ff06f) j       pc - 0x8
core   0: 3 0x80009d7c (0xff9ff06f)
core   0: 0x80009d74 (0x00006f17) auipc   t5, 0x6
core   0: 3 0x80009d74 (0x00006f17) x30 0x8000fd74
core   0: 0x80009d78 (0x283f2623) sw      gp, 652(t5)
core   0: 3 0x80009d78 (0x283f2623) mem 0x80010000 0x00000001
core   0: 0x80009d7c (0xff9ff06f) j       pc - 0x8
core   0: 3 0x80009d7c (0xff9ff06f)
core   0: 0x80009d74 (0x00006f17) auipc   t5, 0x6
core   0: 3 0x80009d74 (0x00006f17) x30 0x8000fd74
core   0: 0x80009d78 (0x283f2623) sw      gp, 652(t5)
core   0: 3 0x80009d78 (0x283f2623) mem 0x80010000 0x00000001
core   0: 0x80009d7c (0xff9ff06f) j       pc - 0x8
core   0: 3 0x80009d7c (0xff9ff06f)
core   0: 0x80009d74 (0x00006f17) auipc   t5, 0x6
core   0: 3 0x80009d74 (0x00006f17) x30 0x8000fd74
core   0: 0x80009d78 (0x283f2623) sw      gp, 652(t5)
core   0: 3 0x80009d78 (0x283f2623) mem 0x80010000 0x00000001
core   0: 0x80009d7c (0xff9ff06f) j       pc - 0x8
core   0: 3 0x80009d7c (0xff9ff06f)
core   0: 0x80009d74 (0x00006f17) auipc   t5, 0x6
core   0: 3 0x80009d74 (0x00006f17) x30 0x8000fd74
core   0: 0x80009d78 (0x283f2623) sw      gp, 652(t5)
core   0: 3 0x80009d78 (0x283f2623) mem 0x80010000 0x00000001
core   0: 0x80009d7c (0xff9ff06f) j       pc - 0x8
core   0: 3 0x80009d7c (0xff9ff06f)
core   0: 0x80009d74 (0x00006f17) auipc   t5, 0x6
core   0: 3 0x80009d74 (0x00006f17) x30 0x8000fd74
core   0: 0x80009d78 (0x283f2623) sw      gp, 652(t5)
core   0: 3 0x80009d78 (0x283f2623) mem 0x80010000 0x00000001
core   0: 0x80009d7c (0xff9ff06f) j       pc - 0x8
core   0: 3 0x80009d7c (0xff9ff06f)
core   0: 0x80009d74 (0x00006f17) auipc   t5, 0x6
core   0: 3 0x80009d74 (0x00006f17) x30 0x8000fd74
core   0: 0x80009d78 (0x283f2623) sw      gp, 652(t5)
core   0: 3 0x80009d78 (0x283f2623) mem 0x80010000 0x00000001
core   0: 0x80009d7c (0xff9ff06f) j       pc - 0x8
core   0: 3 0x80009d7c (0xff9ff06f)
core   0: 0x80009d74 (0x00006f17) auipc   t5, 0x6
core   0: 3 0x80009d74 (0x00006f17) x30 0x8000fd74
core   0: 0x80009d78 (0x283f2623) sw      gp, 652(t5)
core   0: 3 0x80009d78 (0x283f2623) mem 0x80010000 0x00000001
core   0: 0x80009d7c (0xff9ff06f) j       pc - 0x8
core   0: 3 0x80009d7c (0xff9ff06f)
core   0: 0x80009d74 (0x00006f17) auipc   t5, 0x6
core   0: 3 0x80009d74 (0x00006f17) x30 0x8000fd74
core   0: 0x80009d78 (0x283f2623) sw      gp, 652(t5)
core   0: 3 0x80009d78 (0x283f2623) mem 0x80010000 0x00000001
core   0: 0x80009d7c (0xff9ff06f) j       pc - 0x8
core   0: 3 0x80009d7c (0xff9ff06f)
core   0: 0x80009d74 (0x00006f17) auipc   t5, 0x6
core   0: 3 0x80009d74 (0x00006f17) x30 0x8000fd74
core   0: 0x80009d78 (0x283f2623) sw      gp, 652(t5)
core   0: 3 0x80009d78 (0x283f2623) mem 0x80010000 0x00000001
core   0: 0x80009d7c (0xff9ff06f) j       pc - 0x8
core   0: 3 0x80009d7c (0xff9ff06f)
core   0: 0x80009d74 (0x00006f17) auipc   t5, 0x6
core   0: 3 0x80009d74 (0x00006f17) x30 0x8000fd74
core   0: 0x80009d78 (0x283f2623) sw      gp, 652(t5)
core   0: 3 0x80009d78 (0x283f2623) mem 0x80010000 0x00000001
core   0: 0x80009d7c (0xff9ff06f) j       pc - 0x8
core   0: 3 0x80009d7c (0xff9ff06f)
core   0: 0x80009d74 (0x00006f17) auipc   t5, 0x6
core   0: 3 0x80009d74 (0x00006f17) x30 0x8000fd74
core   0: 0x80009d78 (0x283f2623) sw      gp, 652(t5)
core   0: 3 0x80009d78 (0x283f2623) mem 0x80010000 0x00000001
core   0: 0x80009d7c (0xff9ff06f) j       pc - 0x8
core   0: 3 0x80009d7c (0xff9ff06f)
core   0: 0x80009d74 (0x00006f17) auipc   t5, 0x6
core   0: 3 0x80009d74 (0x00006f17) x30 0x8000fd74
core   0: 0x80009d78 (0x283f2623) sw      gp, 652(t5)
core   0: 3 0x80009d78 (0x283f2623) mem 0x80010000 0x00000001
core   0: 0x80009d7c (0xff9ff06f) j       pc - 0x8
core   0: 3 0x80009d7c (0xff9ff06f)
core   0: 0x80009d74 (0x00006f17) auipc   t5, 0x6
core   0: 3 0x80009d74 (0x00006f17) x30 0x8000fd74
core   0: 0x80009d78 (0x283f2623) sw      gp, 652(t5)
core   0: 3 0x80009d78 (0x283f2623) mem 0x80010000 0x00000001
core   0: 0x80009d7c (0xff9ff06f) j       pc - 0x8
core   0: 3 0x80009d7c (0xff9ff06f)
core   0: 0x80009d74 (0x00006f17) auipc   t5, 0x6
core   0: 3 0x80009d74 (0x00006f17) x30 0x8000fd74
core   0: 0x80009d78 (0x283f2623) sw      gp, 652(t5)
core   0: 3 0x80009d78 (0x283f2623) mem 0x80010000 0x00000001
core   0: 0x80009d7c (0xff9ff06f) j       pc - 0x8
core   0: 3 0x80009d7c (0xff9ff06f)
core   0: 0x80009d74 (0x00006f17) auipc   t5, 0x6
core   0: 3 0x80009d74 (0x00006f17) x30 0x8000fd74
core   0: 0x80009d78 (0x283f2623) sw      gp, 652(t5)
core   0: 3 0x80009d78 (0x283f2623) mem 0x80010000 0x00000001
core   0: 0x80009d7c (0xff9ff06f) j       pc - 0x8
core   0: 3 0x80009d7c (0xff9ff06f)
core   0: 0x80009d74 (0x00006f17) auipc   t5, 0x6
core   0: 3 0x80009d74 (0x00006f17) x30 0x8000fd74
core   0: 0x80009d78 (0x283f2623) sw      gp, 652(t5)
core   0: 3 0x80009d78 (0x283f2623) mem 0x80010000 0x00000001
core   0: 0x80009d7c (0xff9ff06f) j       pc - 0x8
core   0: 3 0x80009d7c (0xff9ff06f)
core   0: 0x80009d74 (0x00006f17) auipc   t5, 0x6
core   0: 3 0x80009d74 (0x00006f17) x30 0x8000fd74
core   0: 0x80009d78 (0x283f2623) sw      gp, 652(t5)
core   0: 3 0x80009d78 (0x283f2623) mem 0x80010000 0x00000001
core   0: 0x80009d7c (0xff9ff06f) j       pc - 0x8
core   0: 3 0x80009d7c (0xff9ff06f)
core   0: 0x80009d74 (0x00006f17) auipc   t5, 0x6
core   0: 3 0x80009d74 (0x00006f17) x30 0x8000fd74
core   0: 0x80009d78 (0x283f2623) sw      gp, 652(t5)
core   0: 3 0x80009d78 (0x283f2623) mem 0x80010000 0x00000001
core   0: 0x80009d7c (0xff9ff06f) j       pc - 0x8
core   0: 3 0x80009d7c (0xff9ff06f)
core   0: 0x80009d74 (0x00006f17) auipc   t5, 0x6
core   0: 3 0x80009d74 (0x00006f17) x30 0x8000fd74
core   0: 0x80009d78 (0x283f2623) sw      gp, 652(t5)
core   0: 3 0x80009d78 (0x283f2623) mem 0x80010000 0x00000001
core   0: 0x80009d7c (0xff9ff06f) j       pc - 0x8
core   0: 3 0x80009d7c (0xff9ff06f)
core   0: 0x80009d74 (0x00006f17) auipc   t5, 0x6
core   0: 3 0x80009d74 (0x00006f17) x30 0x8000fd74
core   0: 0x80009d78 (0x283f2623) sw      gp, 652(t5)
core   0: 3 0x80009d78 (0x283f2623) mem 0x80010000 0x00000001
core   0: 0x80009d7c (0xff9ff06f) j       pc - 0x8
core   0: 3 0x80009d7c (0xff9ff06f)
core   0: 0x80009d74 (0x00006f17) auipc   t5, 0x6
core   0: 3 0x80009d74 (0x00006f17) x30 0x8000fd74
core   0: 0x80009d78 (0x283f2623) sw      gp, 652(t5)
core   0: 3 0x80009d78 (0x283f2623) mem 0x80010000 0x00000001
core   0: 0x80009d7c (0xff9ff06f) j       pc - 0x8
core   0: 3 0x80009d7c (0xff9ff06f)
core   0: 0x80009d74 (0x00006f17) auipc   t5, 0x6
core   0: 3 0x80009d74 (0x00006f17) x30 0x8000fd74
core   0: 0x80009d78 (0x283f2623) sw      gp, 652(t5)
core   0: 3 0x80009d78 (0x283f2623) mem 0x80010000 0x00000001
core   0: 0x80009d7c (0xff9ff06f) j       pc - 0x8
core   0: 3 0x80009d7c (0xff9ff06f)
core   0: 0x80009d74 (0x00006f17) auipc   t5, 0x6
core   0: 3 0x80009d74 (0x00006f17) x30 0x8000fd74
core   0: 0x80009d78 (0x283f2623) sw      gp, 652(t5)
core   0: 3 0x80009d78 (0x283f2623) mem 0x80010000 0x00000001
core   0: 0x80009d7c (0xff9ff06f) j       pc - 0x8
core   0: 3 0x80009d7c (0xff9ff06f)
core   0: 0x80009d74 (0x00006f17) auipc   t5, 0x6
core   0: 3 0x80009d74 (0x00006f17) x30 0x8000fd74
core   0: 0x80009d78 (0x283f2623) sw      gp, 652(t5)
core   0: 3 0x80009d78 (0x283f2623) mem 0x80010000 0x00000001
core   0: 0x80009d7c (0xff9ff06f) j       pc - 0x8
core   0: 3 0x80009d7c (0xff9ff06f)
core   0: 0x80009d74 (0x00006f17) auipc   t5, 0x6
core   0: 3 0x80009d74 (0x00006f17) x30 0x8000fd74
core   0: 0x80009d78 (0x283f2623) sw      gp, 652(t5)
core   0: 3 0x80009d78 (0x283f2623) mem 0x80010000 0x00000001
core   0: 0x80009d7c (0xff9ff06f) j       pc - 0x8
core   0: 3 0x80009d7c (0xff9ff06f)
core   0: 0x80009d74 (0x00006f17) auipc   t5, 0x6
core   0: 3 0x80009d74 (0x00006f17) x30 0x8000fd74
core   0: 0x80009d78 (0x283f2623) sw      gp, 652(t5)
core   0: 3 0x80009d78 (0x283f2623) mem 0x80010000 0x00000001
core   0: 0x80009d7c (0xff9ff06f) j       pc - 0x8
core   0: 3 0x80009d7c (0xff9ff06f)
core   0: 0x80009d74 (0x00006f17) auipc   t5, 0x6
core   0: 3 0x80009d74 (0x00006f17) x30 0x8000fd74
core   0: 0x80009d78 (0x283f2623) sw      gp, 652(t5)
core   0: 3 0x80009d78 (0x283f2623) mem 0x80010000 0x00000001
core   0: 0x80009d7c (0xff9ff06f) j       pc - 0x8
core   0: 3 0x80009d7c (0xff9ff06f)
core   0: 0x80009d74 (0x00006f17) auipc   t5, 0x6
core   0: 3 0x80009d74 (0x00006f17) x30 0x8000fd74
core   0: 0x80009d78 (0x283f2623) sw      gp, 652(t5)
core   0: 3 0x80009d78 (0x283f2623) mem 0x80010000 0x00000001
core   0: 0x80009d7c (0xff9ff06f) j       pc - 0x8
core   0: 3 0x80009d7c (0xff9ff06f)
core   0: 0x80009d74 (0x00006f17) auipc   t5, 0x6
core   0: 3 0x80009d74 (0x00006f17) x30 0x8000fd74
core   0: 0x80009d78 (0x283f2623) sw      gp, 652(t5)
core   0: 3 0x80009d78 (0x283f2623) mem 0x80010000 0x00000001
core   0: 0x80009d7c (0xff9ff06f) j       pc - 0x8
core   0: 3 0x80009d7c (0xff9ff06f)
core   0: 0x80009d74 (0x00006f17) auipc   t5, 0x6
core   0: 3 0x80009d74 (0x00006f17) x30 0x8000fd74
core   0: 0x80009d78 (0x283f2623) sw      gp, 652(t5)
core   0: 3 0x80009d78 (0x283f2623) mem 0x80010000 0x00000001
core   0: 0x80009d7c (0xff9ff06f) j       pc - 0x8
core   0: 3 0x80009d7c (0xff9ff06f)
core   0: 0x80009d74 (0x00006f17) auipc   t5, 0x6
core   0: 3 0x80009d74 (0x00006f17) x30 0x8000fd74
core   0: 0x80009d78 (0x283f2623) sw      gp, 652(t5)
core   0: 3 0x80009d78 (0x283f2623) mem 0x80010000 0x00000001
core   0: 0x80009d7c (0xff9ff06f) j       pc - 0x8
core   0: 3 0x80009d7c (0xff9ff06f)
core   0: 0x80009d74 (0x00006f17) auipc   t5, 0x6
core   0: 3 0x80009d74 (0x00006f17) x30 0x8000fd74
core   0: 0x80009d78 (0x283f2623) sw      gp, 652(t5)
core   0: 3 0x80009d78 (0x283f2623) mem 0x80010000 0x00000001
core   0: 0x80009d7c (0xff9ff06f) j       pc - 0x8
core   0: 3 0x80009d7c (0xff9ff06f)
core   0: 0x80009d74 (0x00006f17) auipc   t5, 0x6
core   0: 3 0x80009d74 (0x00006f17) x30 0x8000fd74
core   0: 0x80009d78 (0x283f2623) sw      gp, 652(t5)
core   0: 3 0x80009d78 (0x283f2623) mem 0x80010000 0x00000001
core   0: 0x80009d7c (0xff9ff06f) j       pc - 0x8
core   0: 3 0x80009d7c (0xff9ff06f)
core   0: 0x80009d74 (0x00006f17) auipc   t5, 0x6
core   0: 3 0x80009d74 (0x00006f17) x30 0x8000fd74
core   0: 0x80009d78 (0x283f2623) sw      gp, 652(t5)
core   0: 3 0x80009d78 (0x283f2623) mem 0x80010000 0x00000001
core   0: 0x80009d7c (0xff9ff06f) j       pc - 0x8
core   0: 3 0x80009d7c (0xff9ff06f)
core   0: 0x80009d74 (0x00006f17) auipc   t5, 0x6
core   0: 3 0x80009d74 (0x00006f17) x30 0x8000fd74
core   0: 0x80009d78 (0x283f2623) sw      gp, 652(t5)
core   0: 3 0x80009d78 (0x283f2623) mem 0x80010000 0x00000001
core   0: 0x80009d7c (0xff9ff06f) j       pc - 0x8
core   0: 3 0x80009d7c (0xff9ff06f)
core   0: 0x80009d74 (0x00006f17) auipc   t5, 0x6
core   0: 3 0x80009d74 (0x00006f17) x30 0x8000fd74
core   0: 0x80009d78 (0x283f2623) sw      gp, 652(t5)
core   0: 3 0x80009d78 (0x283f2623) mem 0x80010000 0x00000001
core   0: 0x80009d7c (0xff9ff06f) j       pc - 0x8
core   0: 3 0x80009d7c (0xff9ff06f)
core   0: 0x80009d74 (0x00006f17) auipc   t5, 0x6
core   0: 3 0x80009d74 (0x00006f17) x30 0x8000fd74
core   0: 0x80009d78 (0x283f2623) sw      gp, 652(t5)
core   0: 3 0x80009d78 (0x283f2623) mem 0x80010000 0x00000001
core   0: 0x80009d7c (0xff9ff06f) j       pc - 0x8
core   0: 3 0x80009d7c (0xff9ff06f)
core   0: 0x80009d74 (0x00006f17) auipc   t5, 0x6
core   0: 3 0x80009d74 (0x00006f17) x30 0x8000fd74
core   0: 0x80009d78 (0x283f2623) sw      gp, 652(t5)
core   0: 3 0x80009d78 (0x283f2623) mem 0x80010000 0x00000001
core   0: 0x80009d7c (0xff9ff06f) j       pc - 0x8
core   0: 3 0x80009d7c (0xff9ff06f)
core   0: 0x80009d74 (0x00006f17) auipc   t5, 0x6
core   0: 3 0x80009d74 (0x00006f17) x30 0x8000fd74
core   0: 0x80009d78 (0x283f2623) sw      gp, 652(t5)
core   0: 3 0x80009d78 (0x283f2623) mem 0x80010000 0x00000001
core   0: 0x80009d7c (0xff9ff06f) j       pc - 0x8
core   0: 3 0x80009d7c (0xff9ff06f)
core   0: 0x80009d74 (0x00006f17) auipc   t5, 0x6
core   0: 3 0x80009d74 (0x00006f17) x30 0x8000fd74
core   0: 0x80009d78 (0x283f2623) sw      gp, 652(t5)
core   0: 3 0x80009d78 (0x283f2623) mem 0x80010000 0x00000001
core   0: 0x80009d7c (0xff9ff06f) j       pc - 0x8
core   0: 3 0x80009d7c (0xff9ff06f)
core   0: 0x80009d74 (0x00006f17) auipc   t5, 0x6
core   0: 3 0x80009d74 (0x00006f17) x30 0x8000fd74
core   0: 0x80009d78 (0x283f2623) sw      gp, 652(t5)
core   0: 3 0x80009d78 (0x283f2623) mem 0x80010000 0x00000001
core   0: 0x80009d7c (0xff9ff06f) j       pc - 0x8
core   0: 3 0x80009d7c (0xff9ff06f)
core   0: 0x80009d74 (0x00006f17) auipc   t5, 0x6
core   0: 3 0x80009d74 (0x00006f17) x30 0x8000fd74
core   0: 0x80009d78 (0x283f2623) sw      gp, 652(t5)
core   0: 3 0x80009d78 (0x283f2623) mem 0x80010000 0x00000001
core   0: 0x80009d7c (0xff9ff06f) j       pc - 0x8
core   0: 3 0x80009d7c (0xff9ff06f)
core   0: 0x80009d74 (0x00006f17) auipc   t5, 0x6
core   0: 3 0x80009d74 (0x00006f17) x30 0x8000fd74
core   0: 0x80009d78 (0x283f2623) sw      gp, 652(t5)
core   0: 3 0x80009d78 (0x283f2623) mem 0x80010000 0x00000001
core   0: 0x80009d7c (0xff9ff06f) j       pc - 0x8
core   0: 3 0x80009d7c (0xff9ff06f)
core   0: 0x80009d74 (0x00006f17) auipc   t5, 0x6
core   0: 3 0x80009d74 (0x00006f17) x30 0x8000fd74
core   0: 0x80009d78 (0x283f2623) sw      gp, 652(t5)
core   0: 3 0x80009d78 (0x283f2623) mem 0x80010000 0x00000001
core   0: 0x80009d7c (0xff9ff06f) j       pc - 0x8
core   0: 3 0x80009d7c (0xff9ff06f)
core   0: 0x80009d74 (0x00006f17) auipc   t5, 0x6
core   0: 3 0x80009d74 (0x00006f17) x30 0x8000fd74
core   0: 0x80009d78 (0x283f2623) sw      gp, 652(t5)
core   0: 3 0x80009d78 (0x283f2623) mem 0x80010000 0x00000001
core   0: 0x80009d7c (0xff9ff06f) j       pc - 0x8
core   0: 3 0x80009d7c (0xff9ff06f)
core   0: 0x80009d74 (0x00006f17) auipc   t5, 0x6
core   0: 3 0x80009d74 (0x00006f17) x30 0x8000fd74
core   0: 0x80009d78 (0x283f2623) sw      gp, 652(t5)
core   0: 3 0x80009d78 (0x283f2623) mem 0x80010000 0x00000001
core   0: 0x80009d7c (0xff9ff06f) j       pc - 0x8
core   0: 3 0x80009d7c (0xff9ff06f)
core   0: 0x80009d74 (0x00006f17) auipc   t5, 0x6
core   0: 3 0x80009d74 (0x00006f17) x30 0x8000fd74
core   0: 0x80009d78 (0x283f2623) sw      gp, 652(t5)
core   0: 3 0x80009d78 (0x283f2623) mem 0x80010000 0x00000001
core   0: 0x80009d7c (0xff9ff06f) j       pc - 0x8
core   0: 3 0x80009d7c (0xff9ff06f)
core   0: 0x80009d74 (0x00006f17) auipc   t5, 0x6
core   0: 3 0x80009d74 (0x00006f17) x30 0x8000fd74
core   0: 0x80009d78 (0x283f2623) sw      gp, 652(t5)
core   0: 3 0x80009d78 (0x283f2623) mem 0x80010000 0x00000001
core   0: 0x80009d7c (0xff9ff06f) j       pc - 0x8
core   0: 3 0x80009d7c (0xff9ff06f)
core   0: 0x80009d74 (0x00006f17) auipc   t5, 0x6
core   0: 3 0x80009d74 (0x00006f17) x30 0x8000fd74
core   0: 0x80009d78 (0x283f2623) sw      gp, 652(t5)
core   0: 3 0x80009d78 (0x283f2623) mem 0x80010000 0x00000001
core   0: 0x80009d7c (0xff9ff06f) j       pc - 0x8
core   0: 3 0x80009d7c (0xff9ff06f)
core   0: 0x80009d74 (0x00006f17) auipc   t5, 0x6
core   0: 3 0x80009d74 (0x00006f17) x30 0x8000fd74
core   0: 0x80009d78 (0x283f2623) sw      gp, 652(t5)
core   0: 3 0x80009d78 (0x283f2623) mem 0x80010000 0x00000001
core   0: 0x80009d7c (0xff9ff06f) j       pc - 0x8
core   0: 3 0x80009d7c (0xff9ff06f)
core   0: 0x80009d74 (0x00006f17) auipc   t5, 0x6
core   0: 3 0x80009d74 (0x00006f17) x30 0x8000fd74
core   0: 0x80009d78 (0x283f2623) sw      gp, 652(t5)
core   0: 3 0x80009d78 (0x283f2623) mem 0x80010000 0x00000001
core   0: 0x80009d7c (0xff9ff06f) j       pc - 0x8
core   0: 3 0x80009d7c (0xff9ff06f)
core   0: 0x80009d74 (0x00006f17) auipc   t5, 0x6
core   0: 3 0x80009d74 (0x00006f17) x30 0x8000fd74
core   0: 0x80009d78 (0x283f2623) sw      gp, 652(t5)
core   0: 3 0x80009d78 (0x283f2623) mem 0x80010000 0x00000001
core   0: 0x80009d7c (0xff9ff06f) j       pc - 0x8
core   0: 3 0x80009d7c (0xff9ff06f)
core   0: 0x80009d74 (0x00006f17) auipc   t5, 0x6
core   0: 3 0x80009d74 (0x00006f17) x30 0x8000fd74
core   0: 0x80009d78 (0x283f2623) sw      gp, 652(t5)
core   0: 3 0x80009d78 (0x283f2623) mem 0x80010000 0x00000001
core   0: 0x80009d7c (0xff9ff06f) j       pc - 0x8
core   0: 3 0x80009d7c (0xff9ff06f)
core   0: 0x80009d74 (0x00006f17) auipc   t5, 0x6
core   0: 3 0x80009d74 (0x00006f17) x30 0x8000fd74
core   0: 0x80009d78 (0x283f2623) sw      gp, 652(t5)
core   0: 3 0x80009d78 (0x283f2623) mem 0x80010000 0x00000001
core   0: 0x80009d7c (0xff9ff06f) j       pc - 0x8
core   0: 3 0x80009d7c (0xff9ff06f)
core   0: 0x80009d74 (0x00006f17) auipc   t5, 0x6
core   0: 3 0x80009d74 (0x00006f17) x30 0x8000fd74
core   0: 0x80009d78 (0x283f2623) sw      gp, 652(t5)
core   0: 3 0x80009d78 (0x283f2623) mem 0x80010000 0x00000001
core   0: 0x80009d7c (0xff9ff06f) j       pc - 0x8
core   0: 3 0x80009d7c (0xff9ff06f)
core   0: 0x80009d74 (0x00006f17) auipc   t5, 0x6
core   0: 3 0x80009d74 (0x00006f17) x30 0x8000fd74
core   0: 0x80009d78 (0x283f2623) sw      gp, 652(t5)
core   0: 3 0x80009d78 (0x283f2623) mem 0x80010000 0x00000001
core   0: 0x80009d7c (0xff9ff06f) j       pc - 0x8
core   0: 3 0x80009d7c (0xff9ff06f)
core   0: 0x80009d74 (0x00006f17) auipc   t5, 0x6
core   0: 3 0x80009d74 (0x00006f17) x30 0x8000fd74
core   0: 0x80009d78 (0x283f2623) sw      gp, 652(t5)
core   0: 3 0x80009d78 (0x283f2623) mem 0x80010000 0x00000001
core   0: 0x80009d7c (0xff9ff06f) j       pc - 0x8
core   0: 3 0x80009d7c (0xff9ff06f)
core   0: 0x80009d74 (0x00006f17) auipc   t5, 0x6
core   0: 3 0x80009d74 (0x00006f17) x30 0x8000fd74
core   0: 0x80009d78 (0x283f2623) sw      gp, 652(t5)
core   0: 3 0x80009d78 (0x283f2623) mem 0x80010000 0x00000001
core   0: 0x80009d7c (0xff9ff06f) j       pc - 0x8
core   0: 3 0x80009d7c (0xff9ff06f)
core   0: 0x80009d74 (0x00006f17) auipc   t5, 0x6
core   0: 3 0x80009d74 (0x00006f17) x30 0x8000fd74
core   0: 0x80009d78 (0x283f2623) sw      gp, 652(t5)
core   0: 3 0x80009d78 (0x283f2623) mem 0x80010000 0x00000001
core   0: 0x80009d7c (0xff9ff06f) j       pc - 0x8
core   0: 3 0x80009d7c (0xff9ff06f)
core   0: 0x80009d74 (0x00006f17) auipc   t5, 0x6
core   0: 3 0x80009d74 (0x00006f17) x30 0x8000fd74
core   0: 0x80009d78 (0x283f2623) sw      gp, 652(t5)
core   0: 3 0x80009d78 (0x283f2623) mem 0x80010000 0x00000001
core   0: 0x80009d7c (0xff9ff06f) j       pc - 0x8
core   0: 3 0x80009d7c (0xff9ff06f)
core   0: 0x80009d74 (0x00006f17) auipc   t5, 0x6
core   0: 3 0x80009d74 (0x00006f17) x30 0x8000fd74
core   0: 0x80009d78 (0x283f2623) sw      gp, 652(t5)
core   0: 3 0x80009d78 (0x283f2623) mem 0x80010000 0x00000001
core   0: 0x80009d7c (0xff9ff06f) j       pc - 0x8
core   0: 3 0x80009d7c (0xff9ff06f)
core   0: 0x80009d74 (0x00006f17) auipc   t5, 0x6
core   0: 3 0x80009d74 (0x00006f17) x30 0x8000fd74
core   0: 0x80009d78 (0x283f2623) sw      gp, 652(t5)
core   0: 3 0x80009d78 (0x283f2623) mem 0x80010000 0x00000001
core   0: 0x80009d7c (0xff9ff06f) j       pc - 0x8
core   0: 3 0x80009d7c (0xff9ff06f)
core   0: 0x80009d74 (0x00006f17) auipc   t5, 0x6
core   0: 3 0x80009d74 (0x00006f17) x30 0x8000fd74
core   0: 0x80009d78 (0x283f2623) sw      gp, 652(t5)
core   0: 3 0x80009d78 (0x283f2623) mem 0x80010000 0x00000001
core   0: 0x80009d7c (0xff9ff06f) j       pc - 0x8
core   0: 3 0x80009d7c (0xff9ff06f)
core   0: 0x80009d74 (0x00006f17) auipc   t5, 0x6
core   0: 3 0x80009d74 (0x00006f17) x30 0x8000fd74
core   0: 0x80009d78 (0x283f2623) sw      gp, 652(t5)
core   0: 3 0x80009d78 (0x283f2623) mem 0x80010000 0x00000001
core   0: 0x80009d7c (0xff9ff06f) j       pc - 0x8
core   0: 3 0x80009d7c (0xff9ff06f)
core   0: 0x80009d74 (0x00006f17) auipc   t5, 0x6
core   0: 3 0x80009d74 (0x00006f17) x30 0x8000fd74
core   0: 0x80009d78 (0x283f2623) sw      gp, 652(t5)
core   0: 3 0x80009d78 (0x283f2623) mem 0x80010000 0x00000001
core   0: 0x80009d7c (0xff9ff06f) j       pc - 0x8
core   0: 3 0x80009d7c (0xff9ff06f)
core   0: 0x80009d74 (0x00006f17) auipc   t5, 0x6
core   0: 3 0x80009d74 (0x00006f17) x30 0x8000fd74
core   0: 0x80009d78 (0x283f2623) sw      gp, 652(t5)
core   0: 3 0x80009d78 (0x283f2623) mem 0x80010000 0x00000001
core   0: 0x80009d7c (0xff9ff06f) j       pc - 0x8
core   0: 3 0x80009d7c (0xff9ff06f)
core   0: 0x80009d74 (0x00006f17) auipc   t5, 0x6
core   0: 3 0x80009d74 (0x00006f17) x30 0x8000fd74
core   0: 0x80009d78 (0x283f2623) sw      gp, 652(t5)
core   0: 3 0x80009d78 (0x283f2623) mem 0x80010000 0x00000001
core   0: 0x80009d7c (0xff9ff06f) j       pc - 0x8
core   0: 3 0x80009d7c (0xff9ff06f)
core   0: 0x80009d74 (0x00006f17) auipc   t5, 0x6
core   0: 3 0x80009d74 (0x00006f17) x30 0x8000fd74
core   0: 0x80009d78 (0x283f2623) sw      gp, 652(t5)
core   0: 3 0x80009d78 (0x283f2623) mem 0x80010000 0x00000001
core   0: 0x80009d7c (0xff9ff06f) j       pc - 0x8
core   0: 3 0x80009d7c (0xff9ff06f)
core   0: 0x80009d74 (0x00006f17) auipc   t5, 0x6
core   0: 3 0x80009d74 (0x00006f17) x30 0x8000fd74
core   0: 0x80009d78 (0x283f2623) sw      gp, 652(t5)
core   0: 3 0x80009d78 (0x283f2623) mem 0x80010000 0x00000001
core   0: 0x80009d7c (0xff9ff06f) j       pc - 0x8
core   0: 3 0x80009d7c (0xff9ff06f)
core   0: 0x80009d74 (0x00006f17) auipc   t5, 0x6
core   0: 3 0x80009d74 (0x00006f17) x30 0x8000fd74
core   0: 0x80009d78 (0x283f2623) sw      gp, 652(t5)
core   0: 3 0x80009d78 (0x283f2623) mem 0x80010000 0x00000001
core   0: 0x80009d7c (0xff9ff06f) j       pc - 0x8
core   0: 3 0x80009d7c (0xff9ff06f)
core   0: 0x80009d74 (0x00006f17) auipc   t5, 0x6
core   0: 3 0x80009d74 (0x00006f17) x30 0x8000fd74
core   0: 0x80009d78 (0x283f2623) sw      gp, 652(t5)
core   0: 3 0x80009d78 (0x283f2623) mem 0x80010000 0x00000001
core   0: 0x80009d7c (0xff9ff06f) j       pc - 0x8
core   0: 3 0x80009d7c (0xff9ff06f)
core   0: 0x80009d74 (0x00006f17) auipc   t5, 0x6
core   0: 3 0x80009d74 (0x00006f17) x30 0x8000fd74
core   0: 0x80009d78 (0x283f2623) sw      gp, 652(t5)
core   0: 3 0x80009d78 (0x283f2623) mem 0x80010000 0x00000001
core   0: 0x80009d7c (0xff9ff06f) j       pc - 0x8
core   0: 3 0x80009d7c (0xff9ff06f)
core   0: 0x80009d74 (0x00006f17) auipc   t5, 0x6
core   0: 3 0x80009d74 (0x00006f17) x30 0x8000fd74
core   0: 0x80009d78 (0x283f2623) sw      gp, 652(t5)
core   0: 3 0x80009d78 (0x283f2623) mem 0x80010000 0x00000001
core   0: 0x80009d7c (0xff9ff06f) j       pc - 0x8
core   0: 3 0x80009d7c (0xff9ff06f)
core   0: 0x80009d74 (0x00006f17) auipc   t5, 0x6
core   0: 3 0x80009d74 (0x00006f17) x30 0x8000fd74
core   0: 0x80009d78 (0x283f2623) sw      gp, 652(t5)
core   0: 3 0x80009d78 (0x283f2623) mem 0x80010000 0x00000001
core   0: 0x80009d7c (0xff9ff06f) j       pc - 0x8
core   0: 3 0x80009d7c (0xff9ff06f)
core   0: 0x80009d74 (0x00006f17) auipc   t5, 0x6
core   0: 3 0x80009d74 (0x00006f17) x30 0x8000fd74
core   0: 0x80009d78 (0x283f2623) sw      gp, 652(t5)
core   0: 3 0x80009d78 (0x283f2623) mem 0x80010000 0x00000001
core   0: 0x80009d7c (0xff9ff06f) j       pc - 0x8
core   0: 3 0x80009d7c (0xff9ff06f)
core   0: 0x80009d74 (0x00006f17) auipc   t5, 0x6
core   0: 3 0x80009d74 (0x00006f17) x30 0x8000fd74
core   0: 0x80009d78 (0x283f2623) sw      gp, 652(t5)
core   0: 3 0x80009d78 (0x283f2623) mem 0x80010000 0x00000001
core   0: 0x80009d7c (0xff9ff06f) j       pc - 0x8
core   0: 3 0x80009d7c (0xff9ff06f)
core   0: 0x80009d74 (0x00006f17) auipc   t5, 0x6
core   0: 3 0x80009d74 (0x00006f17) x30 0x8000fd74
core   0: 0x80009d78 (0x283f2623) sw      gp, 652(t5)
core   0: 3 0x80009d78 (0x283f2623) mem 0x80010000 0x00000001
core   0: 0x80009d7c (0xff9ff06f) j       pc - 0x8
core   0: 3 0x80009d7c (0xff9ff06f)
core   0: 0x80009d74 (0x00006f17) auipc   t5, 0x6
core   0: 3 0x80009d74 (0x00006f17) x30 0x8000fd74
core   0: 0x80009d78 (0x283f2623) sw      gp, 652(t5)
core   0: 3 0x80009d78 (0x283f2623) mem 0x80010000 0x00000001
core   0: 0x80009d7c (0xff9ff06f) j       pc - 0x8
core   0: 3 0x80009d7c (0xff9ff06f)
core   0: 0x80009d74 (0x00006f17) auipc   t5, 0x6
core   0: 3 0x80009d74 (0x00006f17) x30 0x8000fd74
core   0: 0x80009d78 (0x283f2623) sw      gp, 652(t5)
core   0: 3 0x80009d78 (0x283f2623) mem 0x80010000 0x00000001
core   0: 0x80009d7c (0xff9ff06f) j       pc - 0x8
core   0: 3 0x80009d7c (0xff9ff06f)
core   0: 0x80009d74 (0x00006f17) auipc   t5, 0x6
core   0: 3 0x80009d74 (0x00006f17) x30 0x8000fd74
core   0: 0x80009d78 (0x283f2623) sw      gp, 652(t5)
core   0: 3 0x80009d78 (0x283f2623) mem 0x80010000 0x00000001
core   0: 0x80009d7c (0xff9ff06f) j       pc - 0x8
core   0: 3 0x80009d7c (0xff9ff06f)
core   0: 0x80009d74 (0x00006f17) auipc   t5, 0x6
core   0: 3 0x80009d74 (0x00006f17) x30 0x8000fd74
core   0: 0x80009d78 (0x283f2623) sw      gp, 652(t5)
core   0: 3 0x80009d78 (0x283f2623) mem 0x80010000 0x00000001
core   0: 0x80009d7c (0xff9ff06f) j       pc - 0x8
core   0: 3 0x80009d7c (0xff9ff06f)
core   0: 0x80009d74 (0x00006f17) auipc   t5, 0x6
core   0: 3 0x80009d74 (0x00006f17) x30 0x8000fd74
core   0: 0x80009d78 (0x283f2623) sw      gp, 652(t5)
core   0: 3 0x80009d78 (0x283f2623) mem 0x80010000 0x00000001
core   0: 0x80009d7c (0xff9ff06f) j       pc - 0x8
core   0: 3 0x80009d7c (0xff9ff06f)
core   0: 0x80009d74 (0x00006f17) auipc   t5, 0x6
core   0: 3 0x80009d74 (0x00006f17) x30 0x8000fd74
core   0: 0x80009d78 (0x283f2623) sw      gp, 652(t5)
core   0: 3 0x80009d78 (0x283f2623) mem 0x80010000 0x00000001
core   0: 0x80009d7c (0xff9ff06f) j       pc - 0x8
core   0: 3 0x80009d7c (0xff9ff06f)
core   0: 0x80009d74 (0x00006f17) auipc   t5, 0x6
core   0: 3 0x80009d74 (0x00006f17) x30 0x8000fd74
core   0: 0x80009d78 (0x283f2623) sw      gp, 652(t5)
core   0: 3 0x80009d78 (0x283f2623) mem 0x80010000 0x00000001
core   0: 0x80009d7c (0xff9ff06f) j       pc - 0x8
core   0: 3 0x80009d7c (0xff9ff06f)
core   0: 0x80009d74 (0x00006f17) auipc   t5, 0x6
core   0: 3 0x80009d74 (0x00006f17) x30 0x8000fd74
core   0: 0x80009d78 (0x283f2623) sw      gp, 652(t5)
core   0: 3 0x80009d78 (0x283f2623) mem 0x80010000 0x00000001
core   0: 0x80009d7c (0xff9ff06f) j       pc - 0x8
core   0: 3 0x80009d7c (0xff9ff06f)
core   0: 0x80009d74 (0x00006f17) auipc   t5, 0x6
core   0: 3 0x80009d74 (0x00006f17) x30 0x8000fd74
core   0: 0x80009d78 (0x283f2623) sw      gp, 652(t5)
core   0: 3 0x80009d78 (0x283f2623) mem 0x80010000 0x00000001
core   0: 0x80009d7c (0xff9ff06f) j       pc - 0x8
core   0: 3 0x80009d7c (0xff9ff06f)
core   0: 0x80009d74 (0x00006f17) auipc   t5, 0x6
core   0: 3 0x80009d74 (0x00006f17) x30 0x8000fd74
core   0: 0x80009d78 (0x283f2623) sw      gp, 652(t5)
core   0: 3 0x80009d78 (0x283f2623) mem 0x80010000 0x00000001
core   0: 0x80009d7c (0xff9ff06f) j       pc - 0x8
core   0: 3 0x80009d7c (0xff9ff06f)
core   0: 0x80009d74 (0x00006f17) auipc   t5, 0x6
core   0: 3 0x80009d74 (0x00006f17) x30 0x8000fd74
core   0: 0x80009d78 (0x283f2623) sw      gp, 652(t5)
core   0: 3 0x80009d78 (0x283f2623) mem 0x80010000 0x00000001
core   0: 0x80009d7c (0xff9ff06f) j       pc - 0x8
core   0: 3 0x80009d7c (0xff9ff06f)
core   0: 0x80009d74 (0x00006f17) auipc   t5, 0x6
core   0: 3 0x80009d74 (0x00006f17) x30 0x8000fd74
core   0: 0x80009d78 (0x283f2623) sw      gp, 652(t5)
core   0: 3 0x80009d78 (0x283f2623) mem 0x80010000 0x00000001
core   0: 0x80009d7c (0xff9ff06f) j       pc - 0x8
core   0: 3 0x80009d7c (0xff9ff06f)
core   0: 0x80009d74 (0x00006f17) auipc   t5, 0x6
core   0: 3 0x80009d74 (0x00006f17) x30 0x8000fd74
core   0: 0x80009d78 (0x283f2623) sw      gp, 652(t5)
core   0: 3 0x80009d78 (0x283f2623) mem 0x80010000 0x00000001
core   0: 0x80009d7c (0xff9ff06f) j       pc - 0x8
core   0: 3 0x80009d7c (0xff9ff06f)
core   0: 0x80009d74 (0x00006f17) auipc   t5, 0x6
core   0: 3 0x80009d74 (0x00006f17) x30 0x8000fd74
core   0: 0x80009d78 (0x283f2623) sw      gp, 652(t5)
core   0: 3 0x80009d78 (0x283f2623) mem 0x80010000 0x00000001
core   0: 0x80009d7c (0xff9ff06f) j       pc - 0x8
core   0: 3 0x80009d7c (0xff9ff06f)
core   0: 0x80009d74 (0x00006f17) auipc   t5, 0x6
core   0: 3 0x80009d74 (0x00006f17) x30 0x8000fd74
core   0: 0x80009d78 (0x283f2623) sw      gp, 652(t5)
core   0: 3 0x80009d78 (0x283f2623) mem 0x80010000 0x00000001
core   0: 0x80009d7c (0xff9ff06f) j       pc - 0x8
core   0: 3 0x80009d7c (0xff9ff06f)
core   0: 0x80009d74 (0x00006f17) auipc   t5, 0x6
core   0: 3 0x80009d74 (0x00006f17) x30 0x8000fd74
core   0: 0x80009d78 (0x283f2623) sw      gp, 652(t5)
core   0: 3 0x80009d78 (0x283f2623) mem 0x80010000 0x00000001
core   0: 0x80009d7c (0xff9ff06f) j       pc - 0x8
core   0: 3 0x80009d7c (0xff9ff06f)
core   0: 0x80009d74 (0x00006f17) auipc   t5, 0x6
core   0: 3 0x80009d74 (0x00006f17) x30 0x8000fd74
core   0: 0x80009d78 (0x283f2623) sw      gp, 652(t5)
core   0: 3 0x80009d78 (0x283f2623) mem 0x80010000 0x00000001
core   0: 0x80009d7c (0xff9ff06f) j       pc - 0x8
core   0: 3 0x80009d7c (0xff9ff06f)
core   0: 0x80009d74 (0x00006f17) auipc   t5, 0x6
core   0: 3 0x80009d74 (0x00006f17) x30 0x8000fd74
core   0: 0x80009d78 (0x283f2623) sw      gp, 652(t5)
core   0: 3 0x80009d78 (0x283f2623) mem 0x80010000 0x00000001
core   0: 0x80009d7c (0xff9ff06f) j       pc - 0x8
core   0: 3 0x80009d7c (0xff9ff06f)
core   0: 0x80009d74 (0x00006f17) auipc   t5, 0x6
core   0: 3 0x80009d74 (0x00006f17) x30 0x8000fd74
core   0: 0x80009d78 (0x283f2623) sw      gp, 652(t5)
core   0: 3 0x80009d78 (0x283f2623) mem 0x80010000 0x00000001
core   0: 0x80009d7c (0xff9ff06f) j       pc - 0x8
core   0: 3 0x80009d7c (0xff9ff06f)
core   0: 0x80009d74 (0x00006f17) auipc   t5, 0x6
core   0: 3 0x80009d74 (0x00006f17) x30 0x8000fd74
core   0: 0x80009d78 (0x283f2623) sw      gp, 652(t5)
core   0: 3 0x80009d78 (0x283f2623) mem 0x80010000 0x00000001
core   0: 0x80009d7c (0xff9ff06f) j       pc - 0x8
core   0: 3 0x80009d7c (0xff9ff06f)
core   0: 0x80009d74 (0x00006f17) auipc   t5, 0x6
core   0: 3 0x80009d74 (0x00006f17) x30 0x8000fd74
core   0: 0x80009d78 (0x283f2623) sw      gp, 652(t5)
core   0: 3 0x80009d78 (0x283f2623) mem 0x80010000 0x00000001
core   0: 0x80009d7c (0xff9ff06f) j       pc - 0x8
core   0: 3 0x80009d7c (0xff9ff06f)
core   0: 0x80009d74 (0x00006f17) auipc   t5, 0x6
core   0: 3 0x80009d74 (0x00006f17) x30 0x8000fd74
core   0: 0x80009d78 (0x283f2623) sw      gp, 652(t5)
core   0: 3 0x80009d78 (0x283f2623) mem 0x80010000 0x00000001
core   0: 0x80009d7c (0xff9ff06f) j       pc - 0x8
core   0: 3 0x80009d7c (0xff9ff06f)
core   0: 0x80009d74 (0x00006f17) auipc   t5, 0x6
core   0: 3 0x80009d74 (0x00006f17) x30 0x8000fd74
core   0: 0x80009d78 (0x283f2623) sw      gp, 652(t5)
core   0: 3 0x80009d78 (0x283f2623) mem 0x80010000 0x00000001
core   0: 0x80009d7c (0xff9ff06f) j       pc - 0x8
core   0: 3 0x80009d7c (0xff9ff06f)
core   0: 0x80009d74 (0x00006f17) auipc   t5, 0x6
core   0: 3 0x80009d74 (0x00006f17) x30 0x8000fd74
core   0: 0x80009d78 (0x283f2623) sw      gp, 652(t5)
core   0: 3 0x80009d78 (0x283f2623) mem 0x80010000 0x00000001
core   0: 0x80009d7c (0xff9ff06f) j       pc - 0x8
core   0: 3 0x80009d7c (0xff9ff06f)
core   0: 0x80009d74 (0x00006f17) auipc   t5, 0x6
core   0: 3 0x80009d74 (0x00006f17) x30 0x8000fd74
core   0: 0x80009d78 (0x283f2623) sw      gp, 652(t5)
core   0: 3 0x80009d78 (0x283f2623) mem 0x80010000 0x00000001
core   0: 0x80009d7c (0xff9ff06f) j       pc - 0x8
core   0: 3 0x80009d7c (0xff9ff06f)
core   0: 0x80009d74 (0x00006f17) auipc   t5, 0x6
core   0: 3 0x80009d74 (0x00006f17) x30 0x8000fd74
core   0: 0x80009d78 (0x283f2623) sw      gp, 652(t5)
core   0: 3 0x80009d78 (0x283f2623) mem 0x80010000 0x00000001
core   0: 0x80009d7c (0xff9ff06f) j       pc - 0x8
core   0: 3 0x80009d7c (0xff9ff06f)
core   0: 0x80009d74 (0x00006f17) auipc   t5, 0x6
core   0: 3 0x80009d74 (0x00006f17) x30 0x8000fd74
core   0: 0x80009d78 (0x283f2623) sw      gp, 652(t5)
core   0: 3 0x80009d78 (0x283f2623) mem 0x80010000 0x00000001
core   0: 0x80009d7c (0xff9ff06f) j       pc - 0x8
core   0: 3 0x80009d7c (0xff9ff06f)
core   0: 0x80009d74 (0x00006f17) auipc   t5, 0x6
core   0: 3 0x80009d74 (0x00006f17) x30 0x8000fd74
core   0: 0x80009d78 (0x283f2623) sw      gp, 652(t5)
core   0: 3 0x80009d78 (0x283f2623) mem 0x80010000 0x00000001
core   0: 0x80009d7c (0xff9ff06f) j       pc - 0x8
core   0: 3 0x80009d7c (0xff9ff06f)
core   0: 0x80009d74 (0x00006f17) auipc   t5, 0x6
core   0: 3 0x80009d74 (0x00006f17) x30 0x8000fd74
core   0: 0x80009d78 (0x283f2623) sw      gp, 652(t5)
core   0: 3 0x80009d78 (0x283f2623) mem 0x80010000 0x00000001
core   0: 0x80009d7c (0xff9ff06f) j       pc - 0x8
core   0: 3 0x80009d7c (0xff9ff06f)
core   0: 0x80009d74 (0x00006f17) auipc   t5, 0x6
core   0: 3 0x80009d74 (0x00006f17) x30 0x8000fd74
core   0: 0x80009d78 (0x283f2623) sw      gp, 652(t5)
core   0: 3 0x80009d78 (0x283f2623) mem 0x80010000 0x00000001
core   0: 0x80009d7c (0xff9ff06f) j       pc - 0x8
core   0: 3 0x80009d7c (0xff9ff06f)
core   0: 0x80009d74 (0x00006f17) auipc   t5, 0x6
core   0: 3 0x80009d74 (0x00006f17) x30 0x8000fd74
core   0: 0x80009d78 (0x283f2623) sw      gp, 652(t5)
core   0: 3 0x80009d78 (0x283f2623) mem 0x80010000 0x00000001
core   0: 0x80009d7c (0xff9ff06f) j       pc - 0x8
core   0: 3 0x80009d7c (0xff9ff06f)
core   0: 0x80009d74 (0x00006f17) auipc   t5, 0x6
core   0: 3 0x80009d74 (0x00006f17) x30 0x8000fd74
core   0: 0x80009d78 (0x283f2623) sw      gp, 652(t5)
core   0: 3 0x80009d78 (0x283f2623) mem 0x80010000 0x00000001
core   0: 0x80009d7c (0xff9ff06f) j       pc - 0x8
core   0: 3 0x80009d7c (0xff9ff06f)
core   0: 0x80009d74 (0x00006f17) auipc   t5, 0x6
core   0: 3 0x80009d74 (0x00006f17) x30 0x8000fd74
core   0: 0x80009d78 (0x283f2623) sw      gp, 652(t5)
core   0: 3 0x80009d78 (0x283f2623) mem 0x80010000 0x00000001
core   0: 0x80009d7c (0xff9ff06f) j       pc - 0x8
core   0: 3 0x80009d7c (0xff9ff06f)
core   0: 0x80009d74 (0x00006f17) auipc   t5, 0x6
core   0: 3 0x80009d74 (0x00006f17) x30 0x8000fd74
core   0: 0x80009d78 (0x283f2623) sw      gp, 652(t5)
core   0: 3 0x80009d78 (0x283f2623) mem 0x80010000 0x00000001
core   0: 0x80009d7c (0xff9ff06f) j       pc - 0x8
core   0: 3 0x80009d7c (0xff9ff06f)
core   0: 0x80009d74 (0x00006f17) auipc   t5, 0x6
core   0: 3 0x80009d74 (0x00006f17) x30 0x8000fd74
core   0: 0x80009d78 (0x283f2623) sw      gp, 652(t5)
core   0: 3 0x80009d78 (0x283f2623) mem 0x80010000 0x00000001
core   0: 0x80009d7c (0xff9ff06f) j       pc - 0x8
core   0: 3 0x80009d7c (0xff9ff06f)
core   0: 0x80009d74 (0x00006f17) auipc   t5, 0x6
core   0: 3 0x80009d74 (0x00006f17) x30 0x8000fd74
core   0: 0x80009d78 (0x283f2623) sw      gp, 652(t5)
core   0: 3 0x80009d78 (0x283f2623) mem 0x80010000 0x00000001
core   0: 0x80009d7c (0xff9ff06f) j       pc - 0x8
core   0: 3 0x80009d7c (0xff9ff06f)
core   0: 0x80009d74 (0x00006f17) auipc   t5, 0x6
core   0: 3 0x80009d74 (0x00006f17) x30 0x8000fd74
core   0: 0x80009d78 (0x283f2623) sw      gp, 652(t5)
core   0: 3 0x80009d78 (0x283f2623) mem 0x80010000 0x00000001
core   0: 0x80009d7c (0xff9ff06f) j       pc - 0x8
core   0: 3 0x80009d7c (0xff9ff06f)
core   0: 0x80009d74 (0x00006f17) auipc   t5, 0x6
core   0: 3 0x80009d74 (0x00006f17) x30 0x8000fd74
core   0: 0x80009d78 (0x283f2623) sw      gp, 652(t5)
core   0: 3 0x80009d78 (0x283f2623) mem 0x80010000 0x00000001
core   0: 0x80009d7c (0xff9ff06f) j       pc - 0x8
core   0: 3 0x80009d7c (0xff9ff06f)
core   0: 0x80009d74 (0x00006f17) auipc   t5, 0x6
core   0: 3 0x80009d74 (0x00006f17) x30 0x8000fd74
core   0: 0x80009d78 (0x283f2623) sw      gp, 652(t5)
core   0: 3 0x80009d78 (0x283f2623) mem 0x80010000 0x00000001
core   0: 0x80009d7c (0xff9ff06f) j       pc - 0x8
core   0: 3 0x80009d7c (0xff9ff06f)
core   0: 0x80009d74 (0x00006f17) auipc   t5, 0x6
core   0: 3 0x80009d74 (0x00006f17) x30 0x8000fd74
core   0: 0x80009d78 (0x283f2623) sw      gp, 652(t5)
core   0: 3 0x80009d78 (0x283f2623) mem 0x80010000 0x00000001
core   0: 0x80009d7c (0xff9ff06f) j       pc - 0x8
core   0: 3 0x80009d7c (0xff9ff06f)
core   0: 0x80009d74 (0x00006f17) auipc   t5, 0x6
core   0: 3 0x80009d74 (0x00006f17) x30 0x8000fd74
core   0: 0x80009d78 (0x283f2623) sw      gp, 652(t5)
core   0: 3 0x80009d78 (0x283f2623) mem 0x80010000 0x00000001
core   0: 0x80009d7c (0xff9ff06f) j       pc - 0x8
core   0: 3 0x80009d7c (0xff9ff06f)
core   0: 0x80009d74 (0x00006f17) auipc   t5, 0x6
core   0: 3 0x80009d74 (0x00006f17) x30 0x8000fd74
core   0: 0x80009d78 (0x283f2623) sw      gp, 652(t5)
core   0: 3 0x80009d78 (0x283f2623) mem 0x80010000 0x00000001
core   0: 0x80009d7c (0xff9ff06f) j       pc - 0x8
core   0: 3 0x80009d7c (0xff9ff06f)
core   0: 0x80009d74 (0x00006f17) auipc   t5, 0x6
core   0: 3 0x80009d74 (0x00006f17) x30 0x8000fd74
core   0: 0x80009d78 (0x283f2623) sw      gp, 652(t5)
core   0: 3 0x80009d78 (0x283f2623) mem 0x80010000 0x00000001
core   0: 0x80009d7c (0xff9ff06f) j       pc - 0x8
core   0: 3 0x80009d7c (0xff9ff06f)
core   0: 0x80009d74 (0x00006f17) auipc   t5, 0x6
core   0: 3 0x80009d74 (0x00006f17) x30 0x8000fd74
core   0: 0x80009d78 (0x283f2623) sw      gp, 652(t5)
core   0: 3 0x80009d78 (0x283f2623) mem 0x80010000 0x00000001
core   0: 0x80009d7c (0xff9ff06f) j       pc - 0x8
core   0: 3 0x80009d7c (0xff9ff06f)
core   0: 0x80009d74 (0x00006f17) auipc   t5, 0x6
core   0: 3 0x80009d74 (0x00006f17) x30 0x8000fd74
core   0: 0x80009d78 (0x283f2623) sw      gp, 652(t5)
core   0: 3 0x80009d78 (0x283f2623) mem 0x80010000 0x00000001
core   0: 0x80009d7c (0xff9ff06f) j       pc - 0x8
core   0: 3 0x80009d7c (0xff9ff06f)
core   0: 0x80009d74 (0x00006f17) auipc   t5, 0x6
core   0: 3 0x80009d74 (0x00006f17) x30 0x8000fd74
core   0: 0x80009d78 (0x283f2623) sw      gp, 652(t5)
core   0: 3 0x80009d78 (0x283f2623) mem 0x80010000 0x00000001
core   0: 0x80009d7c (0xff9ff06f) j       pc - 0x8
core   0: 3 0x80009d7c (0xff9ff06f)
core   0: 0x80009d74 (0x00006f17) auipc   t5, 0x6
core   0: 3 0x80009d74 (0x00006f17) x30 0x8000fd74
core   0: 0x80009d78 (0x283f2623) sw      gp, 652(t5)
core   0: 3 0x80009d78 (0x283f2623) mem 0x80010000 0x00000001
core   0: 0x80009d7c (0xff9ff06f) j       pc - 0x8
core   0: 3 0x80009d7c (0xff9ff06f)
core   0: 0x80009d74 (0x00006f17) auipc   t5, 0x6
core   0: 3 0x80009d74 (0x00006f17) x30 0x8000fd74
core   0: 0x80009d78 (0x283f2623) sw      gp, 652(t5)
core   0: 3 0x80009d78 (0x283f2623) mem 0x80010000 0x00000001
core   0: 0x80009d7c (0xff9ff06f) j       pc - 0x8
core   0: 3 0x80009d7c (0xff9ff06f)
core   0: 0x80009d74 (0x00006f17) auipc   t5, 0x6
core   0: 3 0x80009d74 (0x00006f17) x30 0x8000fd74
core   0: 0x80009d78 (0x283f2623) sw      gp, 652(t5)
core   0: 3 0x80009d78 (0x283f2623) mem 0x80010000 0x00000001
core   0: 0x80009d7c (0xff9ff06f) j       pc - 0x8
core   0: 3 0x80009d7c (0xff9ff06f)
core   0: 0x80009d74 (0x00006f17) auipc   t5, 0x6
core   0: 3 0x80009d74 (0x00006f17) x30 0x8000fd74
core   0: 0x80009d78 (0x283f2623) sw      gp, 652(t5)
core   0: 3 0x80009d78 (0x283f2623) mem 0x80010000 0x00000001
core   0: 0x80009d7c (0xff9ff06f) j       pc - 0x8
core   0: 3 0x80009d7c (0xff9ff06f)
core   0: 0x80009d74 (0x00006f17) auipc   t5, 0x6
core   0: 3 0x80009d74 (0x00006f17) x30 0x8000fd74
core   0: 0x80009d78 (0x283f2623) sw      gp, 652(t5)
core   0: 3 0x80009d78 (0x283f2623) mem 0x80010000 0x00000001
core   0: 0x80009d7c (0xff9ff06f) j       pc - 0x8
core   0: 3 0x80009d7c (0xff9ff06f)
core   0: 0x80009d74 (0x00006f17) auipc   t5, 0x6
core   0: 3 0x80009d74 (0x00006f17) x30 0x8000fd74
core   0: 0x80009d78 (0x283f2623) sw      gp, 652(t5)
core   0: 3 0x80009d78 (0x283f2623) mem 0x80010000 0x00000001
core   0: 0x80009d7c (0xff9ff06f) j       pc - 0x8
core   0: 3 0x80009d7c (0xff9ff06f)
core   0: 0x80009d74 (0x00006f17) auipc   t5, 0x6
core   0: 3 0x80009d74 (0x00006f17) x30 0x8000fd74
core   0: 0x80009d78 (0x283f2623) sw      gp, 652(t5)
core   0: 3 0x80009d78 (0x283f2623) mem 0x80010000 0x00000001
core   0: 0x80009d7c (0xff9ff06f) j       pc - 0x8
core   0: 3 0x80009d7c (0xff9ff06f)
core   0: 0x80009d74 (0x00006f17) auipc   t5, 0x6
core   0: 3 0x80009d74 (0x00006f17) x30 0x8000fd74
core   0: 0x80009d78 (0x283f2623) sw      gp, 652(t5)
core   0: 3 0x80009d78 (0x283f2623) mem 0x80010000 0x00000001
core   0: 0x80009d7c (0xff9ff06f) j       pc - 0x8
core   0: 3 0x80009d7c (0xff9ff06f)
core   0: 0x80009d74 (0x00006f17) auipc   t5, 0x6
core   0: 3 0x80009d74 (0x00006f17) x30 0x8000fd74
core   0: 0x80009d78 (0x283f2623) sw      gp, 652(t5)
core   0: 3 0x80009d78 (0x283f2623) mem 0x80010000 0x00000001
core   0: 0x80009d7c (0xff9ff06f) j       pc - 0x8
core   0: 3 0x80009d7c (0xff9ff06f)
core   0: 0x80009d74 (0x00006f17) auipc   t5, 0x6
core   0: 3 0x80009d74 (0x00006f17) x30 0x8000fd74
core   0: 0x80009d78 (0x283f2623) sw      gp, 652(t5)
core   0: 3 0x80009d78 (0x283f2623) mem 0x80010000 0x00000001
core   0: 0x80009d7c (0xff9ff06f) j       pc - 0x8
core   0: 3 0x80009d7c (0xff9ff06f)
core   0: 0x80009d74 (0x00006f17) auipc   t5, 0x6
core   0: 3 0x80009d74 (0x00006f17) x30 0x8000fd74
core   0: 0x80009d78 (0x283f2623) sw      gp, 652(t5)
core   0: 3 0x80009d78 (0x283f2623) mem 0x80010000 0x00000001
core   0: 0x80009d7c (0xff9ff06f) j       pc - 0x8
core   0: 3 0x80009d7c (0xff9ff06f)
core   0: 0x80009d74 (0x00006f17) auipc   t5, 0x6
core   0: 3 0x80009d74 (0x00006f17) x30 0x8000fd74
core   0: 0x80009d78 (0x283f2623) sw      gp, 652(t5)
core   0: 3 0x80009d78 (0x283f2623) mem 0x80010000 0x00000001
core   0: 0x80009d7c (0xff9ff06f) j       pc - 0x8
core   0: 3 0x80009d7c (0xff9ff06f)
core   0: 0x80009d74 (0x00006f17) auipc   t5, 0x6
core   0: 3 0x80009d74 (0x00006f17) x30 0x8000fd74
core   0: 0x80009d78 (0x283f2623) sw      gp, 652(t5)
core   0: 3 0x80009d78 (0x283f2623) mem 0x80010000 0x00000001
core   0: 0x80009d7c (0xff9ff06f) j       pc - 0x8
core   0: 3 0x80009d7c (0xff9ff06f)
core   0: 0x80009d74 (0x00006f17) auipc   t5, 0x6
core   0: 3 0x80009d74 (0x00006f17) x30 0x8000fd74
core   0: 0x80009d78 (0x283f2623) sw      gp, 652(t5)
core   0: 3 0x80009d78 (0x283f2623) mem 0x80010000 0x00000001
core   0: 0x80009d7c (0xff9ff06f) j       pc - 0x8
core   0: 3 0x80009d7c (0xff9ff06f)
core   0: 0x80009d74 (0x00006f17) auipc   t5, 0x6
core   0: 3 0x80009d74 (0x00006f17) x30 0x8000fd74
core   0: 0x80009d78 (0x283f2623) sw      gp, 652(t5)
core   0: 3 0x80009d78 (0x283f2623) mem 0x80010000 0x00000001
core   0: 0x80009d7c (0xff9ff06f) j       pc - 0x8
core   0: 3 0x80009d7c (0xff9ff06f)
core   0: 0x80009d74 (0x00006f17) auipc   t5, 0x6
core   0: 3 0x80009d74 (0x00006f17) x30 0x8000fd74
core   0: 0x80009d78 (0x283f2623) sw      gp, 652(t5)
core   0: 3 0x80009d78 (0x283f2623) mem 0x80010000 0x00000001
core   0: 0x80009d7c (0xff9ff06f) j       pc - 0x8
core   0: 3 0x80009d7c (0xff9ff06f)
core   0: 0x80009d74 (0x00006f17) auipc   t5, 0x6
core   0: 3 0x80009d74 (0x00006f17) x30 0x8000fd74
core   0: 0x80009d78 (0x283f2623) sw      gp, 652(t5)
core   0: 3 0x80009d78 (0x283f2623) mem 0x80010000 0x00000001
core   0: 0x80009d7c (0xff9ff06f) j       pc - 0x8
core   0: 3 0x80009d7c (0xff9ff06f)
core   0: 0x80009d74 (0x00006f17) auipc   t5, 0x6
core   0: 3 0x80009d74 (0x00006f17) x30 0x8000fd74
core   0: 0x80009d78 (0x283f2623) sw      gp, 652(t5)
core   0: 3 0x80009d78 (0x283f2623) mem 0x80010000 0x00000001
core   0: 0x80009d7c (0xff9ff06f) j       pc - 0x8
core   0: 3 0x80009d7c (0xff9ff06f)
core   0: 0x80009d74 (0x00006f17) auipc   t5, 0x6
core   0: 3 0x80009d74 (0x00006f17) x30 0x8000fd74
core   0: 0x80009d78 (0x283f2623) sw      gp, 652(t5)
core   0: 3 0x80009d78 (0x283f2623) mem 0x80010000 0x00000001
core   0: 0x80009d7c (0xff9ff06f) j       pc - 0x8
core   0: 3 0x80009d7c (0xff9ff06f)
core   0: 0x80009d74 (0x00006f17) auipc   t5, 0x6
core   0: 3 0x80009d74 (0x00006f17) x30 0x8000fd74
core   0: 0x80009d78 (0x283f2623) sw      gp, 652(t5)
core   0: 3 0x80009d78 (0x283f2623) mem 0x80010000 0x00000001
core   0: 0x80009d7c (0xff9ff06f) j       pc - 0x8
core   0: 3 0x80009d7c (0xff9ff06f)
core   0: 0x80009d74 (0x00006f17) auipc   t5, 0x6
core   0: 3 0x80009d74 (0x00006f17) x30 0x8000fd74
core   0: 0x80009d78 (0x283f2623) sw      gp, 652(t5)
core   0: 3 0x80009d78 (0x283f2623) mem 0x80010000 0x00000001
core   0: 0x80009d7c (0xff9ff06f) j       pc - 0x8
core   0: 3 0x80009d7c (0xff9ff06f)
core   0: 0x80009d74 (0x00006f17) auipc   t5, 0x6
core   0: 3 0x80009d74 (0x00006f17) x30 0x8000fd74
core   0: 0x80009d78 (0x283f2623) sw      gp, 652(t5)
core   0: 3 0x80009d78 (0x283f2623) mem 0x80010000 0x00000001
core   0: 0x80009d7c (0xff9ff06f) j       pc - 0x8
core   0: 3 0x80009d7c (0xff9ff06f)
core   0: 0x80009d74 (0x00006f17) auipc   t5, 0x6
core   0: 3 0x80009d74 (0x00006f17) x30 0x8000fd74
core   0: 0x80009d78 (0x283f2623) sw      gp, 652(t5)
core   0: 3 0x80009d78 (0x283f2623) mem 0x80010000 0x00000001
core   0: 0x80009d7c (0xff9ff06f) j       pc - 0x8
core   0: 3 0x80009d7c (0xff9ff06f)
core   0: 0x80009d74 (0x00006f17) auipc   t5, 0x6
core   0: 3 0x80009d74 (0x00006f17) x30 0x8000fd74
core   0: 0x80009d78 (0x283f2623) sw      gp, 652(t5)
core   0: 3 0x80009d78 (0x283f2623) mem 0x80010000 0x00000001
core   0: 0x80009d7c (0xff9ff06f) j       pc - 0x8
core   0: 3 0x80009d7c (0xff9ff06f)
core   0: 0x80009d74 (0x00006f17) auipc   t5, 0x6
core   0: 3 0x80009d74 (0x00006f17) x30 0x8000fd74
core   0: 0x80009d78 (0x283f2623) sw      gp, 652(t5)
core   0: 3 0x80009d78 (0x283f2623) mem 0x80010000 0x00000001
core   0: 0x80009d7c (0xff9ff06f) j       pc - 0x8
core   0: 3 0x80009d7c (0xff9ff06f)
core   0: 0x80009d74 (0x00006f17) auipc   t5, 0x6
core   0: 3 0x80009d74 (0x00006f17) x30 0x8000fd74
core   0: 0x80009d78 (0x283f2623) sw      gp, 652(t5)
core   0: 3 0x80009d78 (0x283f2623) mem 0x80010000 0x00000001
core   0: 0x80009d7c (0xff9ff06f) j       pc - 0x8
core   0: 3 0x80009d7c (0xff9ff06f)
core   0: 0x80009d74 (0x00006f17) auipc   t5, 0x6
core   0: 3 0x80009d74 (0x00006f17) x30 0x8000fd74
core   0: 0x80009d78 (0x283f2623) sw      gp, 652(t5)
core   0: 3 0x80009d78 (0x283f2623) mem 0x80010000 0x00000001
core   0: 0x80009d7c (0xff9ff06f) j       pc - 0x8
core   0: 3 0x80009d7c (0xff9ff06f)
core   0: 0x80009d74 (0x00006f17) auipc   t5, 0x6
core   0: 3 0x80009d74 (0x00006f17) x30 0x8000fd74
core   0: 0x80009d78 (0x283f2623) sw      gp, 652(t5)
core   0: 3 0x80009d78 (0x283f2623) mem 0x80010000 0x00000001
core   0: 0x80009d7c (0xff9ff06f) j       pc - 0x8
core   0: 3 0x80009d7c (0xff9ff06f)
core   0: 0x80009d74 (0x00006f17) auipc   t5, 0x6
core   0: 3 0x80009d74 (0x00006f17) x30 0x8000fd74
core   0: 0x80009d78 (0x283f2623) sw      gp, 652(t5)
core   0: 3 0x80009d78 (0x283f2623) mem 0x80010000 0x00000001
core   0: 0x80009d7c (0xff9ff06f) j       pc - 0x8
core   0: 3 0x80009d7c (0xff9ff06f)
core   0: 0x80009d74 (0x00006f17) auipc   t5, 0x6
core   0: 3 0x80009d74 (0x00006f17) x30 0x8000fd74
core   0: 0x80009d78 (0x283f2623) sw      gp, 652(t5)
core   0: 3 0x80009d78 (0x283f2623) mem 0x80010000 0x00000001
core   0: 0x80009d7c (0xff9ff06f) j       pc - 0x8
core   0: 3 0x80009d7c (0xff9ff06f)
core   0: 0x80009d74 (0x00006f17) auipc   t5, 0x6
core   0: 3 0x80009d74 (0x00006f17) x30 0x8000fd74
core   0: 0x80009d78 (0x283f2623) sw      gp, 652(t5)
core   0: 3 0x80009d78 (0x283f2623) mem 0x80010000 0x00000001
core   0: 0x80009d7c (0xff9ff06f) j       pc - 0x8
core   0: 3 0x80009d7c (0xff9ff06f)
core   0: 0x80009d74 (0x00006f17) auipc   t5, 0x6
core   0: 3 0x80009d74 (0x00006f17) x30 0x8000fd74
core   0: 0x80009d78 (0x283f2623) sw      gp, 652(t5)
core   0: 3 0x80009d78 (0x283f2623) mem 0x80010000 0x00000001
core   0: 0x80009d7c (0xff9ff06f) j       pc - 0x8
core   0: 3 0x80009d7c (0xff9ff06f)
core   0: 0x80009d74 (0x00006f17) auipc   t5, 0x6
core   0: 3 0x80009d74 (0x00006f17) x30 0x8000fd74
core   0: 0x80009d78 (0x283f2623) sw      gp, 652(t5)
core   0: 3 0x80009d78 (0x283f2623) mem 0x80010000 0x00000001
core   0: 0x80009d7c (0xff9ff06f) j       pc - 0x8
core   0: 3 0x80009d7c (0xff9ff06f)
core   0: 0x80009d74 (0x00006f17) auipc   t5, 0x6
core   0: 3 0x80009d74 (0x00006f17) x30 0x8000fd74
core   0: 0x80009d78 (0x283f2623) sw      gp, 652(t5)
core   0: 3 0x80009d78 (0x283f2623) mem 0x80010000 0x00000001
core   0: 0x80009d7c (0xff9ff06f) j       pc - 0x8
core   0: 3 0x80009d7c (0xff9ff06f)
core   0: 0x80009d74 (0x00006f17) auipc   t5, 0x6
core   0: 3 0x80009d74 (0x00006f17) x30 0x8000fd74
core   0: 0x80009d78 (0x283f2623) sw      gp, 652(t5)
core   0: 3 0x80009d78 (0x283f2623) mem 0x80010000 0x00000001
core   0: 0x80009d7c (0xff9ff06f) j       pc - 0x8
core   0: 3 0x80009d7c (0xff9ff06f)
core   0: 0x80009d74 (0x00006f17) auipc   t5, 0x6
core   0: 3 0x80009d74 (0x00006f17) x30 0x8000fd74
core   0: 0x80009d78 (0x283f2623) sw      gp, 652(t5)
core   0: 3 0x80009d78 (0x283f2623) mem 0x80010000 0x00000001
core   0: 0x80009d7c (0xff9ff06f) j       pc - 0x8
core   0: 3 0x80009d7c (0xff9ff06f)
core   0: 0x80009d74 (0x00006f17) auipc   t5, 0x6
core   0: 3 0x80009d74 (0x00006f17) x30 0x8000fd74
core   0: 0x80009d78 (0x283f2623) sw      gp, 652(t5)
core   0: 3 0x80009d78 (0x283f2623) mem 0x80010000 0x00000001
core   0: 0x80009d7c (0xff9ff06f) j       pc - 0x8
core   0: 3 0x80009d7c (0xff9ff06f)
core   0: 0x80009d74 (0x00006f17) auipc   t5, 0x6
core   0: 3 0x80009d74 (0x00006f17) x30 0x8000fd74
core   0: 0x80009d78 (0x283f2623) sw      gp, 652(t5)
core   0: 3 0x80009d78 (0x283f2623) mem 0x80010000 0x00000001
core   0: 0x80009d7c (0xff9ff06f) j       pc - 0x8
core   0: 3 0x80009d7c (0xff9ff06f)
core   0: 0x80009d74 (0x00006f17) auipc   t5, 0x6
core   0: 3 0x80009d74 (0x00006f17) x30 0x8000fd74
core   0: 0x80009d78 (0x283f2623) sw      gp, 652(t5)
core   0: 3 0x80009d78 (0x283f2623) mem 0x80010000 0x00000001
core   0: 0x80009d7c (0xff9ff06f) j       pc - 0x8
core   0: 3 0x80009d7c (0xff9ff06f)
core   0: 0x80009d74 (0x00006f17) auipc   t5, 0x6
core   0: 3 0x80009d74 (0x00006f17) x30 0x8000fd74
core   0: 0x80009d78 (0x283f2623) sw      gp, 652(t5)
core   0: 3 0x80009d78 (0x283f2623) mem 0x80010000 0x00000001
core   0: 0x80009d7c (0xff9ff06f) j       pc - 0x8
core   0: 3 0x80009d7c (0xff9ff06f)
core   0: 0x80009d74 (0x00006f17) auipc   t5, 0x6
core   0: 3 0x80009d74 (0x00006f17) x30 0x8000fd74
core   0: 0x80009d78 (0x283f2623) sw      gp, 652(t5)
core   0: 3 0x80009d78 (0x283f2623) mem 0x80010000 0x00000001
core   0: 0x80009d7c (0xff9ff06f) j       pc - 0x8
core   0: 3 0x80009d7c (0xff9ff06f)
core   0: 0x80009d74 (0x00006f17) auipc   t5, 0x6
core   0: 3 0x80009d74 (0x00006f17) x30 0x8000fd74
core   0: 0x80009d78 (0x283f2623) sw      gp, 652(t5)
core   0: 3 0x80009d78 (0x283f2623) mem 0x80010000 0x00000001
core   0: 0x80009d7c (0xff9ff06f) j       pc - 0x8
core   0: 3 0x80009d7c (0xff9ff06f)
core   0: 0x80009d74 (0x00006f17) auipc   t5, 0x6
core   0: 3 0x80009d74 (0x00006f17) x30 0x8000fd74
core   0: 0x80009d78 (0x283f2623) sw      gp, 652(t5)
core   0: 3 0x80009d78 (0x283f2623) mem 0x80010000 0x00000001
core   0: 0x80009d7c (0xff9ff06f) j       pc - 0x8
core   0: 3 0x80009d7c (0xff9ff06f)
core   0: 0x80009d74 (0x00006f17) auipc   t5, 0x6
core   0: 3 0x80009d74 (0x00006f17) x30 0x8000fd74
core   0: 0x80009d78 (0x283f2623) sw      gp, 652(t5)
core   0: 3 0x80009d78 (0x283f2623) mem 0x80010000 0x00000001
core   0: 0x80009d7c (0xff9ff06f) j       pc - 0x8
core   0: 3 0x80009d7c (0xff9ff06f)
core   0: 0x80009d74 (0x00006f17) auipc   t5, 0x6
core   0: 3 0x80009d74 (0x00006f17) x30 0x8000fd74
core   0: 0x80009d78 (0x283f2623) sw      gp, 652(t5)
core   0: 3 0x80009d78 (0x283f2623) mem 0x80010000 0x00000001
core   0: 0x80009d7c (0xff9ff06f) j       pc - 0x8
core   0: 3 0x80009d7c (0xff9ff06f)
core   0: 0x80009d74 (0x00006f17) auipc   t5, 0x6
core   0: 3 0x80009d74 (0x00006f17) x30 0x8000fd74
core   0: 0x80009d78 (0x283f2623) sw      gp, 652(t5)
core   0: 3 0x80009d78 (0x283f2623) mem 0x80010000 0x00000001
core   0: 0x80009d7c (0xff9ff06f) j       pc - 0x8
core   0: 3 0x80009d7c (0xff9ff06f)
core   0: 0x80009d74 (0x00006f17) auipc   t5, 0x6
core   0: 3 0x80009d74 (0x00006f17) x30 0x8000fd74
core   0: 0x80009d78 (0x283f2623) sw      gp, 652(t5)
core   0: 3 0x80009d78 (0x283f2623) mem 0x80010000 0x00000001
core   0: 0x80009d7c (0xff9ff06f) j       pc - 0x8
core   0: 3 0x80009d7c (0xff9ff06f)
core   0: 0x80009d74 (0x00006f17) auipc   t5, 0x6
core   0: 3 0x80009d74 (0x00006f17) x30 0x8000fd74
core   0: 0x80009d78 (0x283f2623) sw      gp, 652(t5)
core   0: 3 0x80009d78 (0x283f2623) mem 0x80010000 0x00000001
core   0: 0x80009d7c (0xff9ff06f) j       pc - 0x8
core   0: 3 0x80009d7c (0xff9ff06f)
core   0: 0x80009d74 (0x00006f17) auipc   t5, 0x6
core   0: 3 0x80009d74 (0x00006f17) x30 0x8000fd74
core   0: 0x80009d78 (0x283f2623) sw      gp, 652(t5)
core   0: 3 0x80009d78 (0x283f2623) mem 0x80010000 0x00000001
core   0: 0x80009d7c (0xff9ff06f) j       pc - 0x8
core   0: 3 0x80009d7c (0xff9ff06f)
core   0: 0x80009d74 (0x00006f17) auipc   t5, 0x6
core   0: 3 0x80009d74 (0x00006f17) x30 0x8000fd74
core   0: 0x80009d78 (0x283f2623) sw      gp, 652(t5)
core   0: 3 0x80009d78 (0x283f2623) mem 0x80010000 0x00000001
core   0: 0x80009d7c (0xff9ff06f) j       pc - 0x8
core   0: 3 0x80009d7c (0xff9ff06f)
core   0: 0x80009d74 (0x00006f17) auipc   t5, 0x6
core   0: 3 0x80009d74 (0x00006f17) x30 0x8000fd74
core   0: 0x80009d78 (0x283f2623) sw      gp, 652(t5)
core   0: 3 0x80009d78 (0x283f2623) mem 0x80010000 0x00000001
core   0: 0x80009d7c (0xff9ff06f) j       pc - 0x8
core   0: 3 0x80009d7c (0xff9ff06f)
core   0: 0x80009d74 (0x00006f17) auipc   t5, 0x6
core   0: 3 0x80009d74 (0x00006f17) x30 0x8000fd74
core   0: 0x80009d78 (0x283f2623) sw      gp, 652(t5)
core   0: 3 0x80009d78 (0x283f2623) mem 0x80010000 0x00000001
core   0: 0x80009d7c (0xff9ff06f) j       pc - 0x8
core   0: 3 0x80009d7c (0xff9ff06f)
core   0: 0x80009d74 (0x00006f17) auipc   t5, 0x6
core   0: 3 0x80009d74 (0x00006f17) x30 0x8000fd74
core   0: 0x80009d78 (0x283f2623) sw      gp, 652(t5)
core   0: 3 0x80009d78 (0x283f2623) mem 0x80010000 0x00000001
core   0: 0x80009d7c (0xff9ff06f) j       pc - 0x8
core   0: 3 0x80009d7c (0xff9ff06f)
core   0: 0x80009d74 (0x00006f17) auipc   t5, 0x6
core   0: 3 0x80009d74 (0x00006f17) x30 0x8000fd74
core   0: 0x80009d78 (0x283f2623) sw      gp, 652(t5)
core   0: 3 0x80009d78 (0x283f2623) mem 0x80010000 0x00000001
core   0: 0x80009d7c (0xff9ff06f) j       pc - 0x8
core   0: 3 0x80009d7c (0xff9ff06f)
core   0: 0x80009d74 (0x00006f17) auipc   t5, 0x6
core   0: 3 0x80009d74 (0x00006f17) x30 0x8000fd74
core   0: 0x80009d78 (0x283f2623) sw      gp, 652(t5)
core   0: 3 0x80009d78 (0x283f2623) mem 0x80010000 0x00000001
core   0: 0x80009d7c (0xff9ff06f) j       pc - 0x8
core   0: 3 0x80009d7c (0xff9ff06f)
core   0: 0x80009d74 (0x00006f17) auipc   t5, 0x6
core   0: 3 0x80009d74 (0x00006f17) x30 0x8000fd74
core   0: 0x80009d78 (0x283f2623) sw      gp, 652(t5)
core   0: 3 0x80009d78 (0x283f2623) mem 0x80010000 0x00000001
core   0: 0x80009d7c (0xff9ff06f) j       pc - 0x8
core   0: 3 0x80009d7c (0xff9ff06f)
core   0: 0x80009d74 (0x00006f17) auipc   t5, 0x6
core   0: 3 0x80009d74 (0x00006f17) x30 0x8000fd74
core   0: 0x80009d78 (0x283f2623) sw      gp, 652(t5)
core   0: 3 0x80009d78 (0x283f2623) mem 0x80010000 0x00000001
core   0: 0x80009d7c (0xff9ff06f) j       pc - 0x8
core   0: 3 0x80009d7c (0xff9ff06f)
core   0: 0x80009d74 (0x00006f17) auipc   t5, 0x6
core   0: 3 0x80009d74 (0x00006f17) x30 0x8000fd74
core   0: 0x80009d78 (0x283f2623) sw      gp, 652(t5)
core   0: 3 0x80009d78 (0x283f2623) mem 0x80010000 0x00000001
core   0: 0x80009d7c (0xff9ff06f) j       pc - 0x8
core   0: 3 0x80009d7c (0xff9ff06f)
core   0: 0x80009d74 (0x00006f17) auipc   t5, 0x6
core   0: 3 0x80009d74 (0x00006f17) x30 0x8000fd74
core   0: 0x80009d78 (0x283f2623) sw      gp, 652(t5)
core   0: 3 0x80009d78 (0x283f2623) mem 0x80010000 0x00000001
core   0: 0x80009d7c (0xff9ff06f) j       pc - 0x8
core   0: 3 0x80009d7c (0xff9ff06f)
core   0: 0x80009d74 (0x00006f17) auipc   t5, 0x6
core   0: 3 0x80009d74 (0x00006f17) x30 0x8000fd74
core   0: 0x80009d78 (0x283f2623) sw      gp, 652(t5)
core   0: 3 0x80009d78 (0x283f2623) mem 0x80010000 0x00000001
core   0: 0x80009d7c (0xff9ff06f) j       pc - 0x8
core   0: 3 0x80009d7c (0xff9ff06f)
core   0: 0x80009d74 (0x00006f17) auipc   t5, 0x6
core   0: 3 0x80009d74 (0x00006f17) x30 0x8000fd74
core   0: 0x80009d78 (0x283f2623) sw      gp, 652(t5)
core   0: 3 0x80009d78 (0x283f2623) mem 0x80010000 0x00000001
core   0: 0x80009d7c (0xff9ff06f) j       pc - 0x8
core   0: 3 0x80009d7c (0xff9ff06f)
core   0: 0x80009d74 (0x00006f17) auipc   t5, 0x6
core   0: 3 0x80009d74 (0x00006f17) x30 0x8000fd74
core   0: 0x80009d78 (0x283f2623) sw      gp, 652(t5)
core   0: 3 0x80009d78 (0x283f2623) mem 0x80010000 0x00000001
core   0: 0x80009d7c (0xff9ff06f) j       pc - 0x8
core   0: 3 0x80009d7c (0xff9ff06f)
core   0: 0x80009d74 (0x00006f17) auipc   t5, 0x6
core   0: 3 0x80009d74 (0x00006f17) x30 0x8000fd74
core   0: 0x80009d78 (0x283f2623) sw      gp, 652(t5)
core   0: 3 0x80009d78 (0x283f2623) mem 0x80010000 0x00000001
core   0: 0x80009d7c (0xff9ff06f) j       pc - 0x8
core   0: 3 0x80009d7c (0xff9ff06f)
core   0: 0x80009d74 (0x00006f17) auipc   t5, 0x6
core   0: 3 0x80009d74 (0x00006f17) x30 0x8000fd74
core   0: 0x80009d78 (0x283f2623) sw      gp, 652(t5)
core   0: 3 0x80009d78 (0x283f2623) mem 0x80010000 0x00000001
core   0: 0x80009d7c (0xff9ff06f) j       pc - 0x8
core   0: 3 0x80009d7c (0xff9ff06f)
core   0: 0x80009d74 (0x00006f17) auipc   t5, 0x6
core   0: 3 0x80009d74 (0x00006f17) x30 0x8000fd74
core   0: 0x80009d78 (0x283f2623) sw      gp, 652(t5)
core   0: 3 0x80009d78 (0x283f2623) mem 0x80010000 0x00000001
core   0: 0x80009d7c (0xff9ff06f) j       pc - 0x8
core   0: 3 0x80009d7c (0xff9ff06f)
core   0: 0x80009d74 (0x00006f17) auipc   t5, 0x6
core   0: 3 0x80009d74 (0x00006f17) x30 0x8000fd74
core   0: 0x80009d78 (0x283f2623) sw      gp, 652(t5)
core   0: 3 0x80009d78 (0x283f2623) mem 0x80010000 0x00000001
core   0: 0x80009d7c (0xff9ff06f) j       pc - 0x8
core   0: 3 0x80009d7c (0xff9ff06f)
core   0: 0x80009d74 (0x00006f17) auipc   t5, 0x6
core   0: 3 0x80009d74 (0x00006f17) x30 0x8000fd74
core   0: 0x80009d78 (0x283f2623) sw      gp, 652(t5)
core   0: 3 0x80009d78 (0x283f2623) mem 0x80010000 0x00000001
core   0: 0x80009d7c (0xff9ff06f) j       pc - 0x8
core   0: 3 0x80009d7c (0xff9ff06f)
core   0: 0x80009d74 (0x00006f17) auipc   t5, 0x6
core   0: 3 0x80009d74 (0x00006f17) x30 0x8000fd74
core   0: 0x80009d78 (0x283f2623) sw      gp, 652(t5)
core   0: 3 0x80009d78 (0x283f2623) mem 0x80010000 0x00000001
core   0: 0x80009d7c (0xff9ff06f) j       pc - 0x8
core   0: 3 0x80009d7c (0xff9ff06f)
core   0: 0x80009d74 (0x00006f17) auipc   t5, 0x6
core   0: 3 0x80009d74 (0x00006f17) x30 0x8000fd74
core   0: 0x80009d78 (0x283f2623) sw      gp, 652(t5)
core   0: 3 0x80009d78 (0x283f2623) mem 0x80010000 0x00000001
core   0: 0x80009d7c (0xff9ff06f) j       pc - 0x8
core   0: 3 0x80009d7c (0xff9ff06f)
core   0: 0x80009d74 (0x00006f17) auipc   t5, 0x6
core   0: 3 0x80009d74 (0x00006f17) x30 0x8000fd74
core   0: 0x80009d78 (0x283f2623) sw      gp, 652(t5)
core   0: 3 0x80009d78 (0x283f2623) mem 0x80010000 0x00000001
core   0: 0x80009d7c (0xff9ff06f) j       pc - 0x8
core   0: 3 0x80009d7c (0xff9ff06f)
core   0: 0x80009d74 (0x00006f17) auipc   t5, 0x6
core   0: 3 0x80009d74 (0x00006f17) x30 0x8000fd74
core   0: 0x80009d78 (0x283f2623) sw      gp, 652(t5)
core   0: 3 0x80009d78 (0x283f2623) mem 0x80010000 0x00000001
core   0: 0x80009d7c (0xff9ff06f) j       pc - 0x8
core   0: 3 0x80009d7c (0xff9ff06f)
core   0: 0x80009d74 (0x00006f17) auipc   t5, 0x6
core   0: 3 0x80009d74 (0x00006f17) x30 0x8000fd74
core   0: 0x80009d78 (0x283f2623) sw      gp, 652(t5)
core   0: 3 0x80009d78 (0x283f2623) mem 0x80010000 0x00000001
core   0: 0x80009d7c (0xff9ff06f) j       pc - 0x8
core   0: 3 0x80009d7c (0xff9ff06f)
core   0: 0x80009d74 (0x00006f17) auipc   t5, 0x6
core   0: 3 0x80009d74 (0x00006f17) x30 0x8000fd74
core   0: 0x80009d78 (0x283f2623) sw      gp, 652(t5)
core   0: 3 0x80009d78 (0x283f2623) mem 0x80010000 0x00000001
core   0: 0x80009d7c (0xff9ff06f) j       pc - 0x8
core   0: 3 0x80009d7c (0xff9ff06f)
core   0: 0x80009d74 (0x00006f17) auipc   t5, 0x6
core   0: 3 0x80009d74 (0x00006f17) x30 0x8000fd74
core   0: 0x80009d78 (0x283f2623) sw      gp, 652(t5)
core   0: 3 0x80009d78 (0x283f2623) mem 0x80010000 0x00000001
core   0: 0x80009d7c (0xff9ff06f) j       pc - 0x8
core   0: 3 0x80009d7c (0xff9ff06f)
core   0: 0x80009d74 (0x00006f17) auipc   t5, 0x6
core   0: 3 0x80009d74 (0x00006f17) x30 0x8000fd74
core   0: 0x80009d78 (0x283f2623) sw      gp, 652(t5)
core   0: 3 0x80009d78 (0x283f2623) mem 0x80010000 0x00000001
core   0: 0x80009d7c (0xff9ff06f) j       pc - 0x8
core   0: 3 0x80009d7c (0xff9ff06f)
core   0: 0x80009d74 (0x00006f17) auipc   t5, 0x6
core   0: 3 0x80009d74 (0x00006f17) x30 0x8000fd74
core   0: 0x80009d78 (0x283f2623) sw      gp, 652(t5)
core   0: 3 0x80009d78 (0x283f2623) mem 0x80010000 0x00000001
core   0: 0x80009d7c (0xff9ff06f) j       pc - 0x8
core   0: 3 0x80009d7c (0xff9ff06f)
core   0: 0x80009d74 (0x00006f17) auipc   t5, 0x6
core   0: 3 0x80009d74 (0x00006f17) x30 0x8000fd74
core   0: 0x80009d78 (0x283f2623) sw      gp, 652(t5)
core   0: 3 0x80009d78 (0x283f2623) mem 0x80010000 0x00000001
core   0: 0x80009d7c (0xff9ff06f) j       pc - 0x8
core   0: 3 0x80009d7c (0xff9ff06f)
core   0: 0x80009d74 (0x00006f17) auipc   t5, 0x6
core   0: 3 0x80009d74 (0x00006f17) x30 0x8000fd74
core   0: 0x80009d78 (0x283f2623) sw      gp, 652(t5)
core   0: 3 0x80009d78 (0x283f2623) mem 0x80010000 0x00000001
core   0: 0x80009d7c (0xff9ff06f) j       pc - 0x8
core   0: 3 0x80009d7c (0xff9ff06f)
core   0: 0x80009d74 (0x00006f17) auipc   t5, 0x6
core   0: 3 0x80009d74 (0x00006f17) x30 0x8000fd74
core   0: 0x80009d78 (0x283f2623) sw      gp, 652(t5)
core   0: 3 0x80009d78 (0x283f2623) mem 0x80010000 0x00000001
core   0: 0x80009d7c (0xff9ff06f) j       pc - 0x8
core   0: 3 0x80009d7c (0xff9ff06f)
core   0: 0x80009d74 (0x00006f17) auipc   t5, 0x6
core   0: 3 0x80009d74 (0x00006f17) x30 0x8000fd74
core   0: 0x80009d78 (0x283f2623) sw      gp, 652(t5)
core   0: 3 0x80009d78 (0x283f2623) mem 0x80010000 0x00000001
core   0: 0x80009d7c (0xff9ff06f) j       pc - 0x8
core   0: 3 0x80009d7c (0xff9ff06f)
core   0: 0x80009d74 (0x00006f17) auipc   t5, 0x6
core   0: 3 0x80009d74 (0x00006f17) x30 0x8000fd74
core   0: 0x80009d78 (0x283f2623) sw      gp, 652(t5)
core   0: 3 0x80009d78 (0x283f2623) mem 0x80010000 0x00000001
core   0: 0x80009d7c (0xff9ff06f) j       pc - 0x8
core   0: 3 0x80009d7c (0xff9ff06f)
core   0: 0x80009d74 (0x00006f17) auipc   t5, 0x6
core   0: 3 0x80009d74 (0x00006f17) x30 0x8000fd74
core   0: 0x80009d78 (0x283f2623) sw      gp, 652(t5)
core   0: 3 0x80009d78 (0x283f2623) mem 0x80010000 0x00000001
core   0: 0x80009d7c (0xff9ff06f) j       pc - 0x8
core   0: 3 0x80009d7c (0xff9ff06f)
core   0: 0x80009d74 (0x00006f17) auipc   t5, 0x6
core   0: 3 0x80009d74 (0x00006f17) x30 0x8000fd74
core   0: 0x80009d78 (0x283f2623) sw      gp, 652(t5)
core   0: 3 0x80009d78 (0x283f2623) mem 0x80010000 0x00000001
core   0: 0x80009d7c (0xff9ff06f) j       pc - 0x8
core   0: 3 0x80009d7c (0xff9ff06f)
core   0: 0x80009d74 (0x00006f17) auipc   t5, 0x6
core   0: 3 0x80009d74 (0x00006f17) x30 0x8000fd74
core   0: 0x80009d78 (0x283f2623) sw      gp, 652(t5)
core   0: 3 0x80009d78 (0x283f2623) mem 0x80010000 0x00000001
core   0: 0x80009d7c (0xff9ff06f) j       pc - 0x8
core   0: 3 0x80009d7c (0xff9ff06f)
core   0: 0x80009d74 (0x00006f17) auipc   t5, 0x6
core   0: 3 0x80009d74 (0x00006f17) x30 0x8000fd74
core   0: 0x80009d78 (0x283f2623) sw      gp, 652(t5)
core   0: 3 0x80009d78 (0x283f2623) mem 0x80010000 0x00000001
core   0: 0x80009d7c (0xff9ff06f) j       pc - 0x8
core   0: 3 0x80009d7c (0xff9ff06f)
core   0: 0x80009d74 (0x00006f17) auipc   t5, 0x6
core   0: 3 0x80009d74 (0x00006f17) x30 0x8000fd74
core   0: 0x80009d78 (0x283f2623) sw      gp, 652(t5)
core   0: 3 0x80009d78 (0x283f2623) mem 0x80010000 0x00000001
core   0: 0x80009d7c (0xff9ff06f) j       pc - 0x8
core   0: 3 0x80009d7c (0xff9ff06f)
core   0: 0x80009d74 (0x00006f17) auipc   t5, 0x6
core   0: 3 0x80009d74 (0x00006f17) x30 0x8000fd74
core   0: 0x80009d78 (0x283f2623) sw      gp, 652(t5)
core   0: 3 0x80009d78 (0x283f2623) mem 0x80010000 0x00000001
core   0: 0x80009d7c (0xff9ff06f) j       pc - 0x8
core   0: 3 0x80009d7c (0xff9ff06f)
core   0: 0x80009d74 (0x00006f17) auipc   t5, 0x6
core   0: 3 0x80009d74 (0x00006f17) x30 0x8000fd74
core   0: 0x80009d78 (0x283f2623) sw      gp, 652(t5)
core   0: 3 0x80009d78 (0x283f2623) mem 0x80010000 0x00000001
core   0: 0x80009d7c (0xff9ff06f) j       pc - 0x8
core   0: 3 0x80009d7c (0xff9ff06f)
core   0: 0x80009d74 (0x00006f17) auipc   t5, 0x6
core   0: 3 0x80009d74 (0x00006f17) x30 0x8000fd74
core   0: 0x80009d78 (0x283f2623) sw      gp, 652(t5)
core   0: 3 0x80009d78 (0x283f2623) mem 0x80010000 0x00000001
core   0: 0x80009d7c (0xff9ff06f) j       pc - 0x8
core   0: 3 0x80009d7c (0xff9ff06f)
core   0: 0x80009d74 (0x00006f17) auipc   t5, 0x6
core   0: 3 0x80009d74 (0x00006f17) x30 0x8000fd74
core   0: 0x80009d78 (0x283f2623) sw      gp, 652(t5)
core   0: 3 0x80009d78 (0x283f2623) mem 0x80010000 0x00000001
core   0: 0x80009d7c (0xff9ff06f) j       pc - 0x8
core   0: 3 0x80009d7c (0xff9ff06f)
core   0: 0x80009d74 (0x00006f17) auipc   t5, 0x6
core   0: 3 0x80009d74 (0x00006f17) x30 0x8000fd74
core   0: 0x80009d78 (0x283f2623) sw      gp, 652(t5)
core   0: 3 0x80009d78 (0x283f2623) mem 0x80010000 0x00000001
core   0: 0x80009d7c (0xff9ff06f) j       pc - 0x8
core   0: 3 0x80009d7c (0xff9ff06f)
core   0: 0x80009d74 (0x00006f17) auipc   t5, 0x6
core   0: 3 0x80009d74 (0x00006f17) x30 0x8000fd74
core   0: 0x80009d78 (0x283f2623) sw      gp, 652(t5)
core   0: 3 0x80009d78 (0x283f2623) mem 0x80010000 0x00000001
core   0: 0x80009d7c (0xff9ff06f) j       pc - 0x8
core   0: 3 0x80009d7c (0xff9ff06f)
core   0: 0x80009d74 (0x00006f17) auipc   t5, 0x6
core   0: 3 0x80009d74 (0x00006f17) x30 0x8000fd74
core   0: 0x80009d78 (0x283f2623) sw      gp, 652(t5)
core   0: 3 0x80009d78 (0x283f2623) mem 0x80010000 0x00000001
core   0: 0x80009d7c (0xff9ff06f) j       pc - 0x8
core   0: 3 0x80009d7c (0xff9ff06f)
core   0: 0x80009d74 (0x00006f17) auipc   t5, 0x6
core   0: 3 0x80009d74 (0x00006f17) x30 0x8000fd74
core   0: 0x80009d78 (0x283f2623) sw      gp, 652(t5)
core   0: 3 0x80009d78 (0x283f2623) mem 0x80010000 0x00000001
core   0: 0x80009d7c (0xff9ff06f) j       pc - 0x8
core   0: 3 0x80009d7c (0xff9ff06f)
core   0: 0x80009d74 (0x00006f17) auipc   t5, 0x6
core   0: 3 0x80009d74 (0x00006f17) x30 0x8000fd74
core   0: 0x80009d78 (0x283f2623) sw      gp, 652(t5)
core   0: 3 0x80009d78 (0x283f2623) mem 0x80010000 0x00000001
core   0: 0x80009d7c (0xff9ff06f) j       pc - 0x8
core   0: 3 0x80009d7c (0xff9ff06f)
core   0: 0x80009d74 (0x00006f17) auipc   t5, 0x6
core   0: 3 0x80009d74 (0x00006f17) x30 0x8000fd74
core   0: 0x80009d78 (0x283f2623) sw      gp, 652(t5)
core   0: 3 0x80009d78 (0x283f2623) mem 0x80010000 0x00000001
core   0: 0x80009d7c (0xff9ff06f) j       pc - 0x8
core   0: 3 0x80009d7c (0xff9ff06f)
core   0: 0x80009d74 (0x00006f17) auipc   t5, 0x6
core   0: 3 0x80009d74 (0x00006f17) x30 0x8000fd74
core   0: 0x80009d78 (0x283f2623) sw      gp, 652(t5)
core   0: 3 0x80009d78 (0x283f2623) mem 0x80010000 0x00000001
core   0: 0x80009d7c (0xff9ff06f) j       pc - 0x8
core   0: 3 0x80009d7c (0xff9ff06f)
core   0: 0x80009d74 (0x00006f17) auipc   t5, 0x6
core   0: 3 0x80009d74 (0x00006f17) x30 0x8000fd74
core   0: 0x80009d78 (0x283f2623) sw      gp, 652(t5)
core   0: 3 0x80009d78 (0x283f2623) mem 0x80010000 0x00000001
core   0: 0x80009d7c (0xff9ff06f) j       pc - 0x8
core   0: 3 0x80009d7c (0xff9ff06f)
core   0: 0x80009d74 (0x00006f17) auipc   t5, 0x6
core   0: 3 0x80009d74 (0x00006f17) x30 0x8000fd74
core   0: 0x80009d78 (0x283f2623) sw      gp, 652(t5)
core   0: 3 0x80009d78 (0x283f2623) mem 0x80010000 0x00000001
core   0: 0x80009d7c (0xff9ff06f) j       pc - 0x8
core   0: 3 0x80009d7c (0xff9ff06f)
core   0: 0x80009d74 (0x00006f17) auipc   t5, 0x6
core   0: 3 0x80009d74 (0x00006f17) x30 0x8000fd74
core   0: 0x80009d78 (0x283f2623) sw      gp, 652(t5)
core   0: 3 0x80009d78 (0x283f2623) mem 0x80010000 0x00000001
core   0: 0x80009d7c (0xff9ff06f) j       pc - 0x8
core   0: 3 0x80009d7c (0xff9ff06f)
core   0: 0x80009d74 (0x00006f17) auipc   t5, 0x6
core   0: 3 0x80009d74 (0x00006f17) x30 0x8000fd74
core   0: 0x80009d78 (0x283f2623) sw      gp, 652(t5)
core   0: 3 0x80009d78 (0x283f2623) mem 0x80010000 0x00000001
core   0: 0x80009d7c (0xff9ff06f) j       pc - 0x8
core   0: 3 0x80009d7c (0xff9ff06f)
core   0: 0x80009d74 (0x00006f17) auipc   t5, 0x6
core   0: 3 0x80009d74 (0x00006f17) x30 0x8000fd74
core   0: 0x80009d78 (0x283f2623) sw      gp, 652(t5)
core   0: 3 0x80009d78 (0x283f2623) mem 0x80010000 0x00000001
core   0: 0x80009d7c (0xff9ff06f) j       pc - 0x8
core   0: 3 0x80009d7c (0xff9ff06f)
core   0: 0x80009d74 (0x00006f17) auipc   t5, 0x6
core   0: 3 0x80009d74 (0x00006f17) x30 0x8000fd74
core   0: 0x80009d78 (0x283f2623) sw      gp, 652(t5)
core   0: 3 0x80009d78 (0x283f2623) mem 0x80010000 0x00000001
core   0: 0x80009d7c (0xff9ff06f) j       pc - 0x8
core   0: 3 0x80009d7c (0xff9ff06f)
core   0: 0x80009d74 (0x00006f17) auipc   t5, 0x6
core   0: 3 0x80009d74 (0x00006f17) x30 0x8000fd74
core   0: 0x80009d78 (0x283f2623) sw      gp, 652(t5)
core   0: 3 0x80009d78 (0x283f2623) mem 0x80010000 0x00000001
core   0: 0x80009d7c (0xff9ff06f) j       pc - 0x8
core   0: 3 0x80009d7c (0xff9ff06f)
core   0: 0x80009d74 (0x00006f17) auipc   t5, 0x6
core   0: 3 0x80009d74 (0x00006f17) x30 0x8000fd74
core   0: 0x80009d78 (0x283f2623) sw      gp, 652(t5)
core   0: 3 0x80009d78 (0x283f2623) mem 0x80010000 0x00000001
core   0: 0x80009d7c (0xff9ff06f) j       pc - 0x8
core   0: 3 0x80009d7c (0xff9ff06f)
core   0: 0x80009d74 (0x00006f17) auipc   t5, 0x6
core   0: 3 0x80009d74 (0x00006f17) x30 0x8000fd74
core   0: 0x80009d78 (0x283f2623) sw      gp, 652(t5)
core   0: 3 0x80009d78 (0x283f2623) mem 0x80010000 0x00000001
core   0: 0x80009d7c (0xff9ff06f) j       pc - 0x8
core   0: 3 0x80009d7c (0xff9ff06f)
core   0: 0x80009d74 (0x00006f17) auipc   t5, 0x6
core   0: 3 0x80009d74 (0x00006f17) x30 0x8000fd74
core   0: 0x80009d78 (0x283f2623) sw      gp, 652(t5)
core   0: 3 0x80009d78 (0x283f2623) mem 0x80010000 0x00000001
core   0: 0x80009d7c (0xff9ff06f) j       pc - 0x8
core   0: 3 0x80009d7c (0xff9ff06f)
core   0: 0x80009d74 (0x00006f17) auipc   t5, 0x6
core   0: 3 0x80009d74 (0x00006f17) x30 0x8000fd74
core   0: 0x80009d78 (0x283f2623) sw      gp, 652(t5)
core   0: 3 0x80009d78 (0x283f2623) mem 0x80010000 0x00000001
core   0: 0x80009d7c (0xff9ff06f) j       pc - 0x8
core   0: 3 0x80009d7c (0xff9ff06f)
core   0: 0x80009d74 (0x00006f17) auipc   t5, 0x6
core   0: 3 0x80009d74 (0x00006f17) x30 0x8000fd74
core   0: 0x80009d78 (0x283f2623) sw      gp, 652(t5)
core   0: 3 0x80009d78 (0x283f2623) mem 0x80010000 0x00000001
core   0: 0x80009d7c (0xff9ff06f) j       pc - 0x8
core   0: 3 0x80009d7c (0xff9ff06f)
core   0: 0x80009d74 (0x00006f17) auipc   t5, 0x6
core   0: 3 0x80009d74 (0x00006f17) x30 0x8000fd74
core   0: 0x80009d78 (0x283f2623) sw      gp, 652(t5)
core   0: 3 0x80009d78 (0x283f2623) mem 0x80010000 0x00000001
core   0: 0x80009d7c (0xff9ff06f) j       pc - 0x8
core   0: 3 0x80009d7c (0xff9ff06f)
core   0: 0x80009d74 (0x00006f17) auipc   t5, 0x6
core   0: 3 0x80009d74 (0x00006f17) x30 0x8000fd74
core   0: 0x80009d78 (0x283f2623) sw      gp, 652(t5)
core   0: 3 0x80009d78 (0x283f2623) mem 0x80010000 0x00000001
core   0: 0x80009d7c (0xff9ff06f) j       pc - 0x8
core   0: 3 0x80009d7c (0xff9ff06f)
core   0: 0x80009d74 (0x00006f17) auipc   t5, 0x6
core   0: 3 0x80009d74 (0x00006f17) x30 0x8000fd74
core   0: 0x80009d78 (0x283f2623) sw      gp, 652(t5)
core   0: 3 0x80009d78 (0x283f2623) mem 0x80010000 0x00000001
core   0: 0x80009d7c (0xff9ff06f) j       pc - 0x8
core   0: 3 0x80009d7c (0xff9ff06f)
core   0: 0x80009d74 (0x00006f17) auipc   t5, 0x6
core   0: 3 0x80009d74 (0x00006f17) x30 0x8000fd74
core   0: 0x80009d78 (0x283f2623) sw      gp, 652(t5)
core   0: 3 0x80009d78 (0x283f2623) mem 0x80010000 0x00000001
core   0: 0x80009d7c (0xff9ff06f) j       pc - 0x8
core   0: 3 0x80009d7c (0xff9ff06f)
core   0: 0x80009d74 (0x00006f17) auipc   t5, 0x6
core   0: 3 0x80009d74 (0x00006f17) x30 0x8000fd74
core   0: 0x80009d78 (0x283f2623) sw      gp, 652(t5)
core   0: 3 0x80009d78 (0x283f2623) mem 0x80010000 0x00000001
core   0: 0x80009d7c (0xff9ff06f) j       pc - 0x8
core   0: 3 0x80009d7c (0xff9ff06f)
core   0: 0x80009d74 (0x00006f17) auipc   t5, 0x6
core   0: 3 0x80009d74 (0x00006f17) x30 0x8000fd74
core   0: 0x80009d78 (0x283f2623) sw      gp, 652(t5)
core   0: 3 0x80009d78 (0x283f2623) mem 0x80010000 0x00000001
core   0: 0x80009d7c (0xff9ff06f) j       pc - 0x8
core   0: 3 0x80009d7c (0xff9ff06f)
core   0: 0x80009d74 (0x00006f17) auipc   t5, 0x6
core   0: 3 0x80009d74 (0x00006f17) x30 0x8000fd74
core   0: 0x80009d78 (0x283f2623) sw      gp, 652(t5)
core   0: 3 0x80009d78 (0x283f2623) mem 0x80010000 0x00000001
core   0: 0x80009d7c (0xff9ff06f) j       pc - 0x8
core   0: 3 0x80009d7c (0xff9ff06f)
core   0: 0x80009d74 (0x00006f17) auipc   t5, 0x6
core   0: 3 0x80009d74 (0x00006f17) x30 0x8000fd74
core   0: 0x80009d78 (0x283f2623) sw      gp, 652(t5)
core   0: 3 0x80009d78 (0x283f2623) mem 0x80010000 0x00000001
core   0: 0x80009d7c (0xff9ff06f) j       pc - 0x8
core   0: 3 0x80009d7c (0xff9ff06f)
core   0: 0x80009d74 (0x00006f17) auipc   t5, 0x6
core   0: 3 0x80009d74 (0x00006f17) x30 0x8000fd74
core   0: 0x80009d78 (0x283f2623) sw      gp, 652(t5)
core   0: 3 0x80009d78 (0x283f2623) mem 0x80010000 0x00000001
core   0: 0x80009d7c (0xff9ff06f) j       pc - 0x8
core   0: 3 0x80009d7c (0xff9ff06f)
core   0: 0x80009d74 (0x00006f17) auipc   t5, 0x6
core   0: 3 0x80009d74 (0x00006f17) x30 0x8000fd74
core   0: 0x80009d78 (0x283f2623) sw      gp, 652(t5)
core   0: 3 0x80009d78 (0x283f2623) mem 0x80010000 0x00000001
core   0: 0x80009d7c (0xff9ff06f) j       pc - 0x8
core   0: 3 0x80009d7c (0xff9ff06f)
core   0: 0x80009d74 (0x00006f17) auipc   t5, 0x6
core   0: 3 0x80009d74 (0x00006f17) x30 0x8000fd74
core   0: 0x80009d78 (0x283f2623) sw      gp, 652(t5)
core   0: 3 0x80009d78 (0x283f2623) mem 0x80010000 0x00000001
core   0: 0x80009d7c (0xff9ff06f) j       pc - 0x8
core   0: 3 0x80009d7c (0xff9ff06f)
core   0: 0x80009d74 (0x00006f17) auipc   t5, 0x6
core   0: 3 0x80009d74 (0x00006f17) x30 0x8000fd74
core   0: 0x80009d78 (0x283f2623) sw      gp, 652(t5)
core   0: 3 0x80009d78 (0x283f2623) mem 0x80010000 0x00000001
core   0: 0x80009d7c (0xff9ff06f) j       pc - 0x8
core   0: 3 0x80009d7c (0xff9ff06f)
core   0: 0x80009d74 (0x00006f17) auipc   t5, 0x6
core   0: 3 0x80009d74 (0x00006f17) x30 0x8000fd74
core   0: 0x80009d78 (0x283f2623) sw      gp, 652(t5)
core   0: 3 0x80009d78 (0x283f2623) mem 0x80010000 0x00000001
core   0: 0x80009d7c (0xff9ff06f) j       pc - 0x8
core   0: 3 0x80009d7c (0xff9ff06f)
core   0: 0x80009d74 (0x00006f17) auipc   t5, 0x6
core   0: 3 0x80009d74 (0x00006f17) x30 0x8000fd74
core   0: 0x80009d78 (0x283f2623) sw      gp, 652(t5)
core   0: 3 0x80009d78 (0x283f2623) mem 0x80010000 0x00000001
core   0: 0x80009d7c (0xff9ff06f) j       pc - 0x8
core   0: 3 0x80009d7c (0xff9ff06f)
core   0: 0x80009d74 (0x00006f17) auipc   t5, 0x6
core   0: 3 0x80009d74 (0x00006f17) x30 0x8000fd74
core   0: 0x80009d78 (0x283f2623) sw      gp, 652(t5)
core   0: 3 0x80009d78 (0x283f2623) mem 0x80010000 0x00000001
core   0: 0x80009d7c (0xff9ff06f) j       pc - 0x8
core   0: 3 0x80009d7c (0xff9ff06f)
core   0: 0x80009d74 (0x00006f17) auipc   t5, 0x6
core   0: 3 0x80009d74 (0x00006f17) x30 0x8000fd74
core   0: 0x80009d78 (0x283f2623) sw      gp, 652(t5)
core   0: 3 0x80009d78 (0x283f2623) mem 0x80010000 0x00000001
core   0: 0x80009d7c (0xff9ff06f) j       pc - 0x8
core   0: 3 0x80009d7c (0xff9ff06f)
core   0: 0x80009d74 (0x00006f17) auipc   t5, 0x6
core   0: 3 0x80009d74 (0x00006f17) x30 0x8000fd74
core   0: 0x80009d78 (0x283f2623) sw      gp, 652(t5)
core   0: 3 0x80009d78 (0x283f2623) mem 0x80010000 0x00000001
core   0: 0x80009d7c (0xff9ff06f) j       pc - 0x8
core   0: 3 0x80009d7c (0xff9ff06f)
core   0: 0x80009d74 (0x00006f17) auipc   t5, 0x6
core   0: 3 0x80009d74 (0x00006f17) x30 0x8000fd74
core   0: 0x80009d78 (0x283f2623) sw      gp, 652(t5)
core   0: 3 0x80009d78 (0x283f2623) mem 0x80010000 0x00000001
core   0: 0x80009d7c (0xff9ff06f) j       pc - 0x8
core   0: 3 0x80009d7c (0xff9ff06f)
core   0: 0x80009d74 (0x00006f17) auipc   t5, 0x6
core   0: 3 0x80009d74 (0x00006f17) x30 0x8000fd74
core   0: 0x80009d78 (0x283f2623) sw      gp, 652(t5)
core   0: 3 0x80009d78 (0x283f2623) mem 0x80010000 0x00000001
core   0: 0x80009d7c (0xff9ff06f) j       pc - 0x8
core   0: 3 0x80009d7c (0xff9ff06f)
core   0: 0x80009d74 (0x00006f17) auipc   t5, 0x6
core   0: 3 0x80009d74 (0x00006f17) x30 0x8000fd74
core   0: 0x80009d78 (0x283f2623) sw      gp, 652(t5)
core   0: 3 0x80009d78 (0x283f2623) mem 0x80010000 0x00000001
core   0: 0x80009d7c (0xff9ff06f) j       pc - 0x8
core   0: 3 0x80009d7c (0xff9ff06f)
core   0: 0x80009d74 (0x00006f17) auipc   t5, 0x6
core   0: 3 0x80009d74 (0x00006f17) x30 0x8000fd74
core   0: 0x80009d78 (0x283f2623) sw      gp, 652(t5)
core   0: 3 0x80009d78 (0x283f2623) mem 0x80010000 0x00000001
core   0: 0x80009d7c (0xff9ff06f) j       pc - 0x8
core   0: 3 0x80009d7c (0xff9ff06f)
core   0: 0x80009d74 (0x00006f17) auipc   t5, 0x6
core   0: 3 0x80009d74 (0x00006f17) x30 0x8000fd74
core   0: 0x80009d78 (0x283f2623) sw      gp, 652(t5)
core   0: 3 0x80009d78 (0x283f2623) mem 0x80010000 0x00000001
core   0: 0x80009d7c (0xff9ff06f) j       pc - 0x8
core   0: 3 0x80009d7c (0xff9ff06f)
core   0: 0x80009d74 (0x00006f17) auipc   t5, 0x6
core   0: 3 0x80009d74 (0x00006f17) x30 0x8000fd74
core   0: 0x80009d78 (0x283f2623) sw      gp, 652(t5)
core   0: 3 0x80009d78 (0x283f2623) mem 0x80010000 0x00000001
core   0: 0x80009d7c (0xff9ff06f) j       pc - 0x8
core   0: 3 0x80009d7c (0xff9ff06f)
core   0: 0x80009d74 (0x00006f17) auipc   t5, 0x6
core   0: 3 0x80009d74 (0x00006f17) x30 0x8000fd74
core   0: 0x80009d78 (0x283f2623) sw      gp, 652(t5)
core   0: 3 0x80009d78 (0x283f2623) mem 0x80010000 0x00000001
core   0: 0x80009d7c (0xff9ff06f) j       pc - 0x8
core   0: 3 0x80009d7c (0xff9ff06f)
core   0: 0x80009d74 (0x00006f17) auipc   t5, 0x6
core   0: 3 0x80009d74 (0x00006f17) x30 0x8000fd74
core   0: 0x80009d78 (0x283f2623) sw      gp, 652(t5)
core   0: 3 0x80009d78 (0x283f2623) mem 0x80010000 0x00000001
core   0: 0x80009d7c (0xff9ff06f) j       pc - 0x8
core   0: 3 0x80009d7c (0xff9ff06f)
core   0: 0x80009d74 (0x00006f17) auipc   t5, 0x6
core   0: 3 0x80009d74 (0x00006f17) x30 0x8000fd74
core   0: 0x80009d78 (0x283f2623) sw      gp, 652(t5)
core   0: 3 0x80009d78 (0x283f2623) mem 0x80010000 0x00000001
core   0: 0x80009d7c (0xff9ff06f) j       pc - 0x8
core   0: 3 0x80009d7c (0xff9ff06f)
core   0: 0x80009d74 (0x00006f17) auipc   t5, 0x6
core   0: 3 0x80009d74 (0x00006f17) x30 0x8000fd74
core   0: 0x80009d78 (0x283f2623) sw      gp, 652(t5)
core   0: 3 0x80009d78 (0x283f2623) mem 0x80010000 0x00000001
core   0: 0x80009d7c (0xff9ff06f) j       pc - 0x8
core   0: 3 0x80009d7c (0xff9ff06f)
core   0: 0x80009d74 (0x00006f17) auipc   t5, 0x6
core   0: 3 0x80009d74 (0x00006f17) x30 0x8000fd74
core   0: 0x80009d78 (0x283f2623) sw      gp, 652(t5)
core   0: 3 0x80009d78 (0x283f2623) mem 0x80010000 0x00000001
core   0: 0x80009d7c (0xff9ff06f) j       pc - 0x8
core   0: 3 0x80009d7c (0xff9ff06f)
core   0: 0x80009d74 (0x00006f17) auipc   t5, 0x6
core   0: 3 0x80009d74 (0x00006f17) x30 0x8000fd74
core   0: 0x80009d78 (0x283f2623) sw      gp, 652(t5)
core   0: 3 0x80009d78 (0x283f2623) mem 0x80010000 0x00000001
core   0: 0x80009d7c (0xff9ff06f) j       pc - 0x8
core   0: 3 0x80009d7c (0xff9ff06f)
core   0: 0x80009d74 (0x00006f17) auipc   t5, 0x6
core   0: 3 0x80009d74 (0x00006f17) x30 0x8000fd74
core   0: 0x80009d78 (0x283f2623) sw      gp, 652(t5)
core   0: 3 0x80009d78 (0x283f2623) mem 0x80010000 0x00000001
core   0: 0x80009d7c (0xff9ff06f) j       pc - 0x8
core   0: 3 0x80009d7c (0xff9ff06f)
core   0: 0x80009d74 (0x00006f17) auipc   t5, 0x6
core   0: 3 0x80009d74 (0x00006f17) x30 0x8000fd74
core   0: 0x80009d78 (0x283f2623) sw      gp, 652(t5)
core   0: 3 0x80009d78 (0x283f2623) mem 0x80010000 0x00000001
core   0: 0x80009d7c (0xff9ff06f) j       pc - 0x8
core   0: 3 0x80009d7c (0xff9ff06f)
core   0: 0x80009d74 (0x00006f17) auipc   t5, 0x6
core   0: 3 0x80009d74 (0x00006f17) x30 0x8000fd74
core   0: 0x80009d78 (0x283f2623) sw      gp, 652(t5)
core   0: 3 0x80009d78 (0x283f2623) mem 0x80010000 0x00000001
core   0: 0x80009d7c (0xff9ff06f) j       pc - 0x8
core   0: 3 0x80009d7c (0xff9ff06f)
core   0: 0x80009d74 (0x00006f17) auipc   t5, 0x6
core   0: 3 0x80009d74 (0x00006f17) x30 0x8000fd74
core   0: 0x80009d78 (0x283f2623) sw      gp, 652(t5)
core   0: 3 0x80009d78 (0x283f2623) mem 0x80010000 0x00000001
core   0: 0x80009d7c (0xff9ff06f) j       pc - 0x8
core   0: 3 0x80009d7c (0xff9ff06f)
core   0: 0x80009d74 (0x00006f17) auipc   t5, 0x6
core   0: 3 0x80009d74 (0x00006f17) x30 0x8000fd74
core   0: 0x80009d78 (0x283f2623) sw      gp, 652(t5)
core   0: 3 0x80009d78 (0x283f2623) mem 0x80010000 0x00000001
core   0: 0x80009d7c (0xff9ff06f) j       pc - 0x8
core   0: 3 0x80009d7c (0xff9ff06f)
core   0: 0x80009d74 (0x00006f17) auipc   t5, 0x6
core   0: 3 0x80009d74 (0x00006f17) x30 0x8000fd74
core   0: 0x80009d78 (0x283f2623) sw      gp, 652(t5)
core   0: 3 0x80009d78 (0x283f2623) mem 0x80010000 0x00000001
core   0: 0x80009d7c (0xff9ff06f) j       pc - 0x8
core   0: 3 0x80009d7c (0xff9ff06f)
core   0: 0x80009d74 (0x00006f17) auipc   t5, 0x6
core   0: 3 0x80009d74 (0x00006f17) x30 0x8000fd74
core   0: 0x80009d78 (0x283f2623) sw      gp, 652(t5)
core   0: 3 0x80009d78 (0x283f2623) mem 0x80010000 0x00000001
core   0: 0x80009d7c (0xff9ff06f) j       pc - 0x8
core   0: 3 0x80009d7c (0xff9ff06f)
core   0: 0x80009d74 (0x00006f17) auipc   t5, 0x6
core   0: 3 0x80009d74 (0x00006f17) x30 0x8000fd74
core   0: 0x80009d78 (0x283f2623) sw      gp, 652(t5)
core   0: 3 0x80009d78 (0x283f2623) mem 0x80010000 0x00000001
core   0: 0x80009d7c (0xff9ff06f) j       pc - 0x8
core   0: 3 0x80009d7c (0xff9ff06f)
core   0: 0x80009d74 (0x00006f17) auipc   t5, 0x6
core   0: 3 0x80009d74 (0x00006f17) x30 0x8000fd74
core   0: 0x80009d78 (0x283f2623) sw      gp, 652(t5)
core   0: 3 0x80009d78 (0x283f2623) mem 0x80010000 0x00000001
core   0: 0x80009d7c (0xff9ff06f) j       pc - 0x8
core   0: 3 0x80009d7c (0xff9ff06f)
core   0: 0x80009d74 (0x00006f17) auipc   t5, 0x6
core   0: 3 0x80009d74 (0x00006f17) x30 0x8000fd74
core   0: 0x80009d78 (0x283f2623) sw      gp, 652(t5)
core   0: 3 0x80009d78 (0x283f2623) mem 0x80010000 0x00000001
core   0: 0x80009d7c (0xff9ff06f) j       pc - 0x8
core   0: 3 0x80009d7c (0xff9ff06f)
core   0: 0x80009d74 (0x00006f17) auipc   t5, 0x6
core   0: 3 0x80009d74 (0x00006f17) x30 0x8000fd74
core   0: 0x80009d78 (0x283f2623) sw      gp, 652(t5)
core   0: 3 0x80009d78 (0x283f2623) mem 0x80010000 0x00000001
core   0: 0x80009d7c (0xff9ff06f) j       pc - 0x8
core   0: 3 0x80009d7c (0xff9ff06f)
core   0: 0x80009d74 (0x00006f17) auipc   t5, 0x6
core   0: 3 0x80009d74 (0x00006f17) x30 0x8000fd74
core   0: 0x80009d78 (0x283f2623) sw      gp, 652(t5)
core   0: 3 0x80009d78 (0x283f2623) mem 0x80010000 0x00000001
core   0: 0x80009d7c (0xff9ff06f) j       pc - 0x8
core   0: 3 0x80009d7c (0xff9ff06f)
core   0: 0x80009d74 (0x00006f17) auipc   t5, 0x6
core   0: 3 0x80009d74 (0x00006f17) x30 0x8000fd74
core   0: 0x80009d78 (0x283f2623) sw      gp, 652(t5)
core   0: 3 0x80009d78 (0x283f2623) mem 0x80010000 0x00000001
core   0: 0x80009d7c (0xff9ff06f) j       pc - 0x8
core   0: 3 0x80009d7c (0xff9ff06f)
core   0: 0x80009d74 (0x00006f17) auipc   t5, 0x6
core   0: 3 0x80009d74 (0x00006f17) x30 0x8000fd74
core   0: 0x80009d78 (0x283f2623) sw      gp, 652(t5)
core   0: 3 0x80009d78 (0x283f2623) mem 0x80010000 0x00000001
core   0: 0x80009d7c (0xff9ff06f) j       pc - 0x8
core   0: 3 0x80009d7c (0xff9ff06f)
core   0: 0x80009d74 (0x00006f17) auipc   t5, 0x6
core   0: 3 0x80009d74 (0x00006f17) x30 0x8000fd74
core   0: 0x80009d78 (0x283f2623) sw      gp, 652(t5)
core   0: 3 0x80009d78 (0x283f2623) mem 0x80010000 0x00000001
core   0: 0x80009d7c (0xff9ff06f) j       pc - 0x8
core   0: 3 0x80009d7c (0xff9ff06f)
core   0: 0x80009d74 (0x00006f17) auipc   t5, 0x6
core   0: 3 0x80009d74 (0x00006f17) x30 0x8000fd74
core   0: 0x80009d78 (0x283f2623) sw      gp, 652(t5)
core   0: 3 0x80009d78 (0x283f2623) mem 0x80010000 0x00000001
core   0: 0x80009d7c (0xff9ff06f) j       pc - 0x8
core   0: 3 0x80009d7c (0xff9ff06f)
core   0: 0x80009d74 (0x00006f17) auipc   t5, 0x6
core   0: 3 0x80009d74 (0x00006f17) x30 0x8000fd74
core   0: 0x80009d78 (0x283f2623) sw      gp, 652(t5)
core   0: 3 0x80009d78 (0x283f2623) mem 0x80010000 0x00000001
core   0: 0x80009d7c (0xff9ff06f) j       pc - 0x8
core   0: 3 0x80009d7c (0xff9ff06f)
core   0: 0x80009d74 (0x00006f17) auipc   t5, 0x6
core   0: 3 0x80009d74 (0x00006f17) x30 0x8000fd74
core   0: 0x80009d78 (0x283f2623) sw      gp, 652(t5)
core   0: 3 0x80009d78 (0x283f2623) mem 0x80010000 0x00000001
core   0: 0x80009d7c (0xff9ff06f) j       pc - 0x8
core   0: 3 0x80009d7c (0xff9ff06f)
core   0: 0x80009d74 (0x00006f17) auipc   t5, 0x6
core   0: 3 0x80009d74 (0x00006f17) x30 0x8000fd74
core   0: 0x80009d78 (0x283f2623) sw      gp, 652(t5)
core   0: 3 0x80009d78 (0x283f2623) mem 0x80010000 0x00000001
core   0: 0x80009d7c (0xff9ff06f) j       pc - 0x8
core   0: 3 0x80009d7c (0xff9ff06f)
core   0: 0x80009d74 (0x00006f17) auipc   t5, 0x6
core   0: 3 0x80009d74 (0x00006f17) x30 0x8000fd74
core   0: 0x80009d78 (0x283f2623) sw      gp, 652(t5)
core   0: 3 0x80009d78 (0x283f2623) mem 0x80010000 0x00000001
core   0: 0x80009d7c (0xff9ff06f) j       pc - 0x8
core   0: 3 0x80009d7c (0xff9ff06f)
core   0: 0x80009d74 (0x00006f17) auipc   t5, 0x6
core   0: 3 0x80009d74 (0x00006f17) x30 0x8000fd74
core   0: 0x80009d78 (0x283f2623) sw      gp, 652(t5)
core   0: 3 0x80009d78 (0x283f2623) mem 0x80010000 0x00000001
core   0: 0x80009d7c (0xff9ff06f) j       pc - 0x8
core   0: 3 0x80009d7c (0xff9ff06f)
core   0: 0x80009d74 (0x00006f17) auipc   t5, 0x6
core   0: 3 0x80009d74 (0x00006f17) x30 0x8000fd74
core   0: 0x80009d78 (0x283f2623) sw      gp, 652(t5)
core   0: 3 0x80009d78 (0x283f2623) mem 0x80010000 0x00000001
core   0: 0x80009d7c (0xff9ff06f) j       pc - 0x8
core   0: 3 0x80009d7c (0xff9ff06f)
core   0: 0x80009d74 (0x00006f17) auipc   t5, 0x6
core   0: 3 0x80009d74 (0x00006f17) x30 0x8000fd74
core   0: 0x80009d78 (0x283f2623) sw      gp, 652(t5)
core   0: 3 0x80009d78 (0x283f2623) mem 0x80010000 0x00000001
core   0: 0x80009d7c (0xff9ff06f) j       pc - 0x8
core   0: 3 0x80009d7c (0xff9ff06f)
core   0: 0x80009d74 (0x00006f17) auipc   t5, 0x6
core   0: 3 0x80009d74 (0x00006f17) x30 0x8000fd74
core   0: 0x80009d78 (0x283f2623) sw      gp, 652(t5)
core   0: 3 0x80009d78 (0x283f2623) mem 0x80010000 0x00000001
core   0: 0x80009d7c (0xff9ff06f) j       pc - 0x8
core   0: 3 0x80009d7c (0xff9ff06f)
core   0: 0x80009d74 (0x00006f17) auipc   t5, 0x6
core   0: 3 0x80009d74 (0x00006f17) x30 0x8000fd74
core   0: 0x80009d78 (0x283f2623) sw      gp, 652(t5)
core   0: 3 0x80009d78 (0x283f2623) mem 0x80010000 0x00000001
core   0: 0x80009d7c (0xff9ff06f) j       pc - 0x8
core   0: 3 0x80009d7c (0xff9ff06f)
core   0: 0x80009d74 (0x00006f17) auipc   t5, 0x6
core   0: 3 0x80009d74 (0x00006f17) x30 0x8000fd74
core   0: 0x80009d78 (0x283f2623) sw      gp, 652(t5)
core   0: 3 0x80009d78 (0x283f2623) mem 0x80010000 0x00000001
core   0: 0x80009d7c (0xff9ff06f) j       pc - 0x8
core   0: 3 0x80009d7c (0xff9ff06f)
core   0: 0x80009d74 (0x00006f17) auipc   t5, 0x6
core   0: 3 0x80009d74 (0x00006f17) x30 0x8000fd74
core   0: 0x80009d78 (0x283f2623) sw      gp, 652(t5)
core   0: 3 0x80009d78 (0x283f2623) mem 0x80010000 0x00000001
core   0: 0x80009d7c (0xff9ff06f) j       pc - 0x8
core   0: 3 0x80009d7c (0xff9ff06f)
core   0: 0x80009d74 (0x00006f17) auipc   t5, 0x6
core   0: 3 0x80009d74 (0x00006f17) x30 0x8000fd74
core   0: 0x80009d78 (0x283f2623) sw      gp, 652(t5)
core   0: 3 0x80009d78 (0x283f2623) mem 0x80010000 0x00000001
core   0: 0x80009d7c (0xff9ff06f) j       pc - 0x8
core   0: 3 0x80009d7c (0xff9ff06f)
core   0: 0x80009d74 (0x00006f17) auipc   t5, 0x6
core   0: 3 0x80009d74 (0x00006f17) x30 0x8000fd74
core   0: 0x80009d78 (0x283f2623) sw      gp, 652(t5)
core   0: 3 0x80009d78 (0x283f2623) mem 0x80010000 0x00000001
core   0: 0x80009d7c (0xff9ff06f) j       pc - 0x8
core   0: 3 0x80009d7c (0xff9ff06f)
core   0: 0x80009d74 (0x00006f17) auipc   t5, 0x6
core   0: 3 0x80009d74 (0x00006f17) x30 0x8000fd74
core   0: 0x80009d78 (0x283f2623) sw      gp, 652(t5)
core   0: 3 0x80009d78 (0x283f2623) mem 0x80010000 0x00000001
core   0: 0x80009d7c (0xff9ff06f) j       pc - 0x8
core   0: 3 0x80009d7c (0xff9ff06f)
core   0: 0x80009d74 (0x00006f17) auipc   t5, 0x6
core   0: 3 0x80009d74 (0x00006f17) x30 0x8000fd74
core   0: 0x80009d78 (0x283f2623) sw      gp, 652(t5)
core   0: 3 0x80009d78 (0x283f2623) mem 0x80010000 0x00000001
core   0: 0x80009d7c (0xff9ff06f) j       pc - 0x8
core   0: 3 0x80009d7c (0xff9ff06f)
core   0: 0x80009d74 (0x00006f17) auipc   t5, 0x6
core   0: 3 0x80009d74 (0x00006f17) x30 0x8000fd74
core   0: 0x80009d78 (0x283f2623) sw      gp, 652(t5)
core   0: 3 0x80009d78 (0x283f2623) mem 0x80010000 0x00000001
core   0: 0x80009d7c (0xff9ff06f) j       pc - 0x8
core   0: 3 0x80009d7c (0xff9ff06f)
core   0: 0x80009d74 (0x00006f17) auipc   t5, 0x6
core   0: 3 0x80009d74 (0x00006f17) x30 0x8000fd74
core   0: 0x80009d78 (0x283f2623) sw      gp, 652(t5)
core   0: 3 0x80009d78 (0x283f2623) mem 0x80010000 0x00000001
core   0: 0x80009d7c (0xff9ff06f) j       pc - 0x8
core   0: 3 0x80009d7c (0xff9ff06f)
core   0: 0x80009d74 (0x00006f17) auipc   t5, 0x6
core   0: 3 0x80009d74 (0x00006f17) x30 0x8000fd74
core   0: 0x80009d78 (0x283f2623) sw      gp, 652(t5)
core   0: 3 0x80009d78 (0x283f2623) mem 0x80010000 0x00000001
core   0: 0x80009d7c (0xff9ff06f) j       pc - 0x8
core   0: 3 0x80009d7c (0xff9ff06f)
core   0: 0x80009d74 (0x00006f17) auipc   t5, 0x6
core   0: 3 0x80009d74 (0x00006f17) x30 0x8000fd74
core   0: 0x80009d78 (0x283f2623) sw      gp, 652(t5)
core   0: 3 0x80009d78 (0x283f2623) mem 0x80010000 0x00000001
core   0: 0x80009d7c (0xff9ff06f) j       pc - 0x8
core   0: 3 0x80009d7c (0xff9ff06f)
core   0: 0x80009d74 (0x00006f17) auipc   t5, 0x6
core   0: 3 0x80009d74 (0x00006f17) x30 0x8000fd74
core   0: 0x80009d78 (0x283f2623) sw      gp, 652(t5)
core   0: 3 0x80009d78 (0x283f2623) mem 0x80010000 0x00000001
core   0: 0x80009d7c (0xff9ff06f) j       pc - 0x8
core   0: 3 0x80009d7c (0xff9ff06f)
core   0: 0x80009d74 (0x00006f17) auipc   t5, 0x6
core   0: 3 0x80009d74 (0x00006f17) x30 0x8000fd74
core   0: 0x80009d78 (0x283f2623) sw      gp, 652(t5)
core   0: 3 0x80009d78 (0x283f2623) mem 0x80010000 0x00000001
core   0: 0x80009d7c (0xff9ff06f) j       pc - 0x8
core   0: 3 0x80009d7c (0xff9ff06f)
core   0: 0x80009d74 (0x00006f17) auipc   t5, 0x6
core   0: 3 0x80009d74 (0x00006f17) x30 0x8000fd74
core   0: 0x80009d78 (0x283f2623) sw      gp, 652(t5)
core   0: 3 0x80009d78 (0x283f2623) mem 0x80010000 0x00000001
core   0: 0x80009d7c (0xff9ff06f) j       pc - 0x8
core   0: 3 0x80009d7c (0xff9ff06f)
core   0: 0x80009d74 (0x00006f17) auipc   t5, 0x6
core   0: 3 0x80009d74 (0x00006f17) x30 0x8000fd74
core   0: 0x80009d78 (0x283f2623) sw      gp, 652(t5)
core   0: 3 0x80009d78 (0x283f2623) mem 0x80010000 0x00000001
core   0: 0x80009d7c (0xff9ff06f) j       pc - 0x8
core   0: 3 0x80009d7c (0xff9ff06f)
core   0: 0x80009d74 (0x00006f17) auipc   t5, 0x6
core   0: 3 0x80009d74 (0x00006f17) x30 0x8000fd74
core   0: 0x80009d78 (0x283f2623) sw      gp, 652(t5)
core   0: 3 0x80009d78 (0x283f2623) mem 0x80010000 0x00000001
core   0: 0x80009d7c (0xff9ff06f) j       pc - 0x8
core   0: 3 0x80009d7c (0xff9ff06f)
core   0: 0x80009d74 (0x00006f17) auipc   t5, 0x6
core   0: 3 0x80009d74 (0x00006f17) x30 0x8000fd74
core   0: 0x80009d78 (0x283f2623) sw      gp, 652(t5)
core   0: 3 0x80009d78 (0x283f2623) mem 0x80010000 0x00000001
core   0: 0x80009d7c (0xff9ff06f) j       pc - 0x8
core   0: 3 0x80009d7c (0xff9ff06f)
core   0: 0x80009d74 (0x00006f17) auipc   t5, 0x6
core   0: 3 0x80009d74 (0x00006f17) x30 0x8000fd74
core   0: 0x80009d78 (0x283f2623) sw      gp, 652(t5)
core   0: 3 0x80009d78 (0x283f2623) mem 0x80010000 0x00000001
core   0: 0x80009d7c (0xff9ff06f) j       pc - 0x8
core   0: 3 0x80009d7c (0xff9ff06f)
core   0: 0x80009d74 (0x00006f17) auipc   t5, 0x6
core   0: 3 0x80009d74 (0x00006f17) x30 0x8000fd74
core   0: 0x80009d78 (0x283f2623) sw      gp, 652(t5)
core   0: 3 0x80009d78 (0x283f2623) mem 0x80010000 0x00000001
core   0: 0x80009d7c (0xff9ff06f) j       pc - 0x8
core   0: 3 0x80009d7c (0xff9ff06f)
core   0: 0x80009d74 (0x00006f17) auipc   t5, 0x6
core   0: 3 0x80009d74 (0x00006f17) x30 0x8000fd74
core   0: 0x80009d78 (0x283f2623) sw      gp, 652(t5)
core   0: 3 0x80009d78 (0x283f2623) mem 0x80010000 0x00000001
core   0: 0x80009d7c (0xff9ff06f) j       pc - 0x8
core   0: 3 0x80009d7c (0xff9ff06f)
core   0: 0x80009d74 (0x00006f17) auipc   t5, 0x6
core   0: 3 0x80009d74 (0x00006f17) x30 0x8000fd74
core   0: 0x80009d78 (0x283f2623) sw      gp, 652(t5)
core   0: 3 0x80009d78 (0x283f2623) mem 0x80010000 0x00000001
core   0: 0x80009d7c (0xff9ff06f) j       pc - 0x8
core   0: 3 0x80009d7c (0xff9ff06f)
core   0: 0x80009d74 (0x00006f17) auipc   t5, 0x6
core   0: 3 0x80009d74 (0x00006f17) x30 0x8000fd74
core   0: 0x80009d78 (0x283f2623) sw      gp, 652(t5)
core   0: 3 0x80009d78 (0x283f2623) mem 0x80010000 0x00000001
core   0: 0x80009d7c (0xff9ff06f) j       pc - 0x8
core   0: 3 0x80009d7c (0xff9ff06f)
core   0: 0x80009d74 (0x00006f17) auipc   t5, 0x6
core   0: 3 0x80009d74 (0x00006f17) x30 0x8000fd74
core   0: 0x80009d78 (0x283f2623) sw      gp, 652(t5)
core   0: 3 0x80009d78 (0x283f2623) mem 0x80010000 0x00000001
core   0: 0x80009d7c (0xff9ff06f) j       pc - 0x8
core   0: 3 0x80009d7c (0xff9ff06f)
core   0: 0x80009d74 (0x00006f17) auipc   t5, 0x6
core   0: 3 0x80009d74 (0x00006f17) x30 0x8000fd74
core   0: 0x80009d78 (0x283f2623) sw      gp, 652(t5)
core   0: 3 0x80009d78 (0x283f2623) mem 0x80010000 0x00000001
core   0: 0x80009d7c (0xff9ff06f) j       pc - 0x8
core   0: 3 0x80009d7c (0xff9ff06f)
core   0: 0x80009d74 (0x00006f17) auipc   t5, 0x6
core   0: 3 0x80009d74 (0x00006f17) x30 0x8000fd74
core   0: 0x80009d78 (0x283f2623) sw      gp, 652(t5)
core   0: 3 0x80009d78 (0x283f2623) mem 0x80010000 0x00000001
core   0: 0x80009d7c (0xff9ff06f) j       pc - 0x8
core   0: 3 0x80009d7c (0xff9ff06f)
core   0: 0x80009d74 (0x00006f17) auipc   t5, 0x6
core   0: 3 0x80009d74 (0x00006f17) x30 0x8000fd74
core   0: 0x80009d78 (0x283f2623) sw      gp, 652(t5)
core   0: 3 0x80009d78 (0x283f2623) mem 0x80010000 0x00000001
core   0: 0x80009d7c (0xff9ff06f) j       pc - 0x8
core   0: 3 0x80009d7c (0xff9ff06f)
core   0: 0x80009d74 (0x00006f17) auipc   t5, 0x6
core   0: 3 0x80009d74 (0x00006f17) x30 0x8000fd74
core   0: 0x80009d78 (0x283f2623) sw      gp, 652(t5)
core   0: 3 0x80009d78 (0x283f2623) mem 0x80010000 0x00000001
core   0: 0x80009d7c (0xff9ff06f) j       pc - 0x8
core   0: 3 0x80009d7c (0xff9ff06f)
core   0: 0x80009d74 (0x00006f17) auipc   t5, 0x6
core   0: 3 0x80009d74 (0x00006f17) x30 0x8000fd74
core   0: 0x80009d78 (0x283f2623) sw      gp, 652(t5)
core   0: 3 0x80009d78 (0x283f2623) mem 0x80010000 0x00000001
core   0: 0x80009d7c (0xff9ff06f) j       pc - 0x8
core   0: 3 0x80009d7c (0xff9ff06f)
core   0: 0x80009d74 (0x00006f17) auipc   t5, 0x6
core   0: 3 0x80009d74 (0x00006f17) x30 0x8000fd74
core   0: 0x80009d78 (0x283f2623) sw      gp, 652(t5)
core   0: 3 0x80009d78 (0x283f2623) mem 0x80010000 0x00000001
core   0: 0x80009d7c (0xff9ff06f) j       pc - 0x8
core   0: 3 0x80009d7c (0xff9ff06f)
core   0: 0x80009d74 (0x00006f17) auipc   t5, 0x6
core   0: 3 0x80009d74 (0x00006f17) x30 0x8000fd74
core   0: 0x80009d78 (0x283f2623) sw      gp, 652(t5)
core   0: 3 0x80009d78 (0x283f2623) mem 0x80010000 0x00000001
core   0: 0x80009d7c (0xff9ff06f) j       pc - 0x8
core   0: 3 0x80009d7c (0xff9ff06f)
core   0: 0x80009d74 (0x00006f17) auipc   t5, 0x6
core   0: 3 0x80009d74 (0x00006f17) x30 0x8000fd74
core   0: 0x80009d78 (0x283f2623) sw      gp, 652(t5)
core   0: 3 0x80009d78 (0x283f2623) mem 0x80010000 0x00000001
core   0: 0x80009d7c (0xff9ff06f) j       pc - 0x8
core   0: 3 0x80009d7c (0xff9ff06f)
core   0: 0x80009d74 (0x00006f17) auipc   t5, 0x6
core   0: 3 0x80009d74 (0x00006f17) x30 0x8000fd74
core   0: 0x80009d78 (0x283f2623) sw      gp, 652(t5)
core   0: 3 0x80009d78 (0x283f2623) mem 0x80010000 0x00000001
core   0: 0x80009d7c (0xff9ff06f) j       pc - 0x8
core   0: 3 0x80009d7c (0xff9ff06f)
core   0: 0x80009d74 (0x00006f17) auipc   t5, 0x6
core   0: 3 0x80009d74 (0x00006f17) x30 0x8000fd74
core   0: 0x80009d78 (0x283f2623) sw      gp, 652(t5)
core   0: 3 0x80009d78 (0x283f2623) mem 0x80010000 0x00000001
core   0: 0x80009d7c (0xff9ff06f) j       pc - 0x8
core   0: 3 0x80009d7c (0xff9ff06f)
core   0: 0x80009d74 (0x00006f17) auipc   t5, 0x6
core   0: 3 0x80009d74 (0x00006f17) x30 0x8000fd74
core   0: 0x80009d78 (0x283f2623) sw      gp, 652(t5)
core   0: 3 0x80009d78 (0x283f2623) mem 0x80010000 0x00000001
core   0: 0x80009d7c (0xff9ff06f) j       pc - 0x8
core   0: 3 0x80009d7c (0xff9ff06f)
core   0: 0x80009d74 (0x00006f17) auipc   t5, 0x6
core   0: 3 0x80009d74 (0x00006f17) x30 0x8000fd74
core   0: 0x80009d78 (0x283f2623) sw      gp, 652(t5)
core   0: 3 0x80009d78 (0x283f2623) mem 0x80010000 0x00000001
core   0: 0x80009d7c (0xff9ff06f) j       pc - 0x8
core   0: 3 0x80009d7c (0xff9ff06f)
core   0: 0x80009d74 (0x00006f17) auipc   t5, 0x6
core   0: 3 0x80009d74 (0x00006f17) x30 0x8000fd74
core   0: 0x80009d78 (0x283f2623) sw      gp, 652(t5)
core   0: 3 0x80009d78 (0x283f2623) mem 0x80010000 0x00000001
core   0: 0x80009d7c (0xff9ff06f) j       pc - 0x8
core   0: 3 0x80009d7c (0xff9ff06f)
core   0: 0x80009d74 (0x00006f17) auipc   t5, 0x6
core   0: 3 0x80009d74 (0x00006f17) x30 0x8000fd74
core   0: 0x80009d78 (0x283f2623) sw      gp, 652(t5)
core   0: 3 0x80009d78 (0x283f2623) mem 0x80010000 0x00000001
core   0: 0x80009d7c (0xff9ff06f) j       pc - 0x8
core   0: 3 0x80009d7c (0xff9ff06f)
core   0: 0x80009d74 (0x00006f17) auipc   t5, 0x6
core   0: 3 0x80009d74 (0x00006f17) x30 0x8000fd74
core   0: 0x80009d78 (0x283f2623) sw      gp, 652(t5)
core   0: 3 0x80009d78 (0x283f2623) mem 0x80010000 0x00000001
core   0: 0x80009d7c (0xff9ff06f) j       pc - 0x8
core   0: 3 0x80009d7c (0xff9ff06f)
core   0: 0x80009d74 (0x00006f17) auipc   t5, 0x6
core   0: 3 0x80009d74 (0x00006f17) x30 0x8000fd74
core   0: 0x80009d78 (0x283f2623) sw      gp, 652(t5)
core   0: 3 0x80009d78 (0x283f2623) mem 0x80010000 0x00000001
core   0: 0x80009d7c (0xff9ff06f) j       pc - 0x8
core   0: 3 0x80009d7c (0xff9ff06f)
core   0: 0x80009d74 (0x00006f17) auipc   t5, 0x6
core   0: 3 0x80009d74 (0x00006f17) x30 0x8000fd74
core   0: 0x80009d78 (0x283f2623) sw      gp, 652(t5)
core   0: 3 0x80009d78 (0x283f2623) mem 0x80010000 0x00000001
core   0: 0x80009d7c (0xff9ff06f) j       pc - 0x8
core   0: 3 0x80009d7c (0xff9ff06f)
core   0: 0x80009d74 (0x00006f17) auipc   t5, 0x6
core   0: 3 0x80009d74 (0x00006f17) x30 0x8000fd74
core   0: 0x80009d78 (0x283f2623) sw      gp, 652(t5)
core   0: 3 0x80009d78 (0x283f2623) mem 0x80010000 0x00000001
core   0: 0x80009d7c (0xff9ff06f) j       pc - 0x8
core   0: 3 0x80009d7c (0xff9ff06f)
core   0: 0x80009d74 (0x00006f17) auipc   t5, 0x6
core   0: 3 0x80009d74 (0x00006f17) x30 0x8000fd74
core   0: 0x80009d78 (0x283f2623) sw      gp, 652(t5)
core   0: 3 0x80009d78 (0x283f2623) mem 0x80010000 0x00000001
core   0: 0x80009d7c (0xff9ff06f) j       pc - 0x8
core   0: 3 0x80009d7c (0xff9ff06f)
core   0: 0x80009d74 (0x00006f17) auipc   t5, 0x6
core   0: 3 0x80009d74 (0x00006f17) x30 0x8000fd74
core   0: 0x80009d78 (0x283f2623) sw      gp, 652(t5)
core   0: 3 0x80009d78 (0x283f2623) mem 0x80010000 0x00000001
core   0: 0x80009d7c (0xff9ff06f) j       pc - 0x8
core   0: 3 0x80009d7c (0xff9ff06f)
core   0: 0x80009d74 (0x00006f17) auipc   t5, 0x6
core   0: 3 0x80009d74 (0x00006f17) x30 0x8000fd74
core   0: 0x80009d78 (0x283f2623) sw      gp, 652(t5)
core   0: 3 0x80009d78 (0x283f2623) mem 0x80010000 0x00000001
core   0: 0x80009d7c (0xff9ff06f) j       pc - 0x8
core   0: 3 0x80009d7c (0xff9ff06f)
core   0: 0x80009d74 (0x00006f17) auipc   t5, 0x6
core   0: 3 0x80009d74 (0x00006f17) x30 0x8000fd74
core   0: 0x80009d78 (0x283f2623) sw      gp, 652(t5)
core   0: 3 0x80009d78 (0x283f2623) mem 0x80010000 0x00000001
core   0: 0x80009d7c (0xff9ff06f) j       pc - 0x8
core   0: 3 0x80009d7c (0xff9ff06f)
core   0: 0x80009d74 (0x00006f17) auipc   t5, 0x6
core   0: 3 0x80009d74 (0x00006f17) x30 0x8000fd74
core   0: 0x80009d78 (0x283f2623) sw      gp, 652(t5)
core   0: 3 0x80009d78 (0x283f2623) mem 0x80010000 0x00000001
core   0: 0x80009d7c (0xff9ff06f) j       pc - 0x8
core   0: 3 0x80009d7c (0xff9ff06f)
core   0: 0x80009d74 (0x00006f17) auipc   t5, 0x6
core   0: 3 0x80009d74 (0x00006f17) x30 0x8000fd74
core   0: 0x80009d78 (0x283f2623) sw      gp, 652(t5)
core   0: 3 0x80009d78 (0x283f2623) mem 0x80010000 0x00000001
core   0: 0x80009d7c (0xff9ff06f) j       pc - 0x8
core   0: 3 0x80009d7c (0xff9ff06f)
core   0: 0x80009d74 (0x00006f17) auipc   t5, 0x6
core   0: 3 0x80009d74 (0x00006f17) x30 0x8000fd74
core   0: 0x80009d78 (0x283f2623) sw      gp, 652(t5)
core   0: 3 0x80009d78 (0x283f2623) mem 0x80010000 0x00000001
core   0: 0x80009d7c (0xff9ff06f) j       pc - 0x8
core   0: 3 0x80009d7c (0xff9ff06f)
core   0: 0x80009d74 (0x00006f17) auipc   t5, 0x6
core   0: 3 0x80009d74 (0x00006f17) x30 0x8000fd74
core   0: 0x80009d78 (0x283f2623) sw      gp, 652(t5)
core   0: 3 0x80009d78 (0x283f2623) mem 0x80010000 0x00000001
core   0: 0x80009d7c (0xff9ff06f) j       pc - 0x8
core   0: 3 0x80009d7c (0xff9ff06f)
core   0: 0x80009d74 (0x00006f17) auipc   t5, 0x6
core   0: 3 0x80009d74 (0x00006f17) x30 0x8000fd74
core   0: 0x80009d78 (0x283f2623) sw      gp, 652(t5)
core   0: 3 0x80009d78 (0x283f2623) mem 0x80010000 0x00000001
core   0: 0x80009d7c (0xff9ff06f) j       pc - 0x8
core   0: 3 0x80009d7c (0xff9ff06f)
core   0: 0x80009d74 (0x00006f17) auipc   t5, 0x6
core   0: 3 0x80009d74 (0x00006f17) x30 0x8000fd74
core   0: 0x80009d78 (0x283f2623) sw      gp, 652(t5)
core   0: 3 0x80009d78 (0x283f2623) mem 0x80010000 0x00000001
core   0: 0x80009d7c (0xff9ff06f) j       pc - 0x8
core   0: 3 0x80009d7c (0xff9ff06f)
core   0: 0x80009d74 (0x00006f17) auipc   t5, 0x6
core   0: 3 0x80009d74 (0x00006f17) x30 0x8000fd74
core   0: 0x80009d78 (0x283f2623) sw      gp, 652(t5)
core   0: 3 0x80009d78 (0x283f2623) mem 0x80010000 0x00000001
core   0: 0x80009d7c (0xff9ff06f) j       pc - 0x8
core   0: 3 0x80009d7c (0xff9ff06f)
core   0: 0x80009d74 (0x00006f17) auipc   t5, 0x6
core   0: 3 0x80009d74 (0x00006f17) x30 0x8000fd74
core   0: 0x80009d78 (0x283f2623) sw      gp, 652(t5)
core   0: 3 0x80009d78 (0x283f2623) mem 0x80010000 0x00000001
core   0: 0x80009d7c (0xff9ff06f) j       pc - 0x8
core   0: 3 0x80009d7c (0xff9ff06f)
core   0: 0x80009d74 (0x00006f17) auipc   t5, 0x6
core   0: 3 0x80009d74 (0x00006f17) x30 0x8000fd74
core   0: 0x80009d78 (0x283f2623) sw      gp, 652(t5)
core   0: 3 0x80009d78 (0x283f2623) mem 0x80010000 0x00000001
core   0: 0x80009d7c (0xff9ff06f) j       pc - 0x8
core   0: 3 0x80009d7c (0xff9ff06f)
core   0: 0x80009d74 (0x00006f17) auipc   t5, 0x6
core   0: 3 0x80009d74 (0x00006f17) x30 0x8000fd74
core   0: 0x80009d78 (0x283f2623) sw      gp, 652(t5)
core   0: 3 0x80009d78 (0x283f2623) mem 0x80010000 0x00000001
core   0: 0x80009d7c (0xff9ff06f) j       pc - 0x8
core   0: 3 0x80009d7c (0xff9ff06f)
core   0: 0x80009d74 (0x00006f17) auipc   t5, 0x6
core   0: 3 0x80009d74 (0x00006f17) x30 0x8000fd74
core   0: 0x80009d78 (0x283f2623) sw      gp, 652(t5)
core   0: 3 0x80009d78 (0x283f2623) mem 0x80010000 0x00000001
core   0: 0x80009d7c (0xff9ff06f) j       pc - 0x8
core   0: 3 0x80009d7c (0xff9ff06f)
core   0: 0x80009d74 (0x00006f17) auipc   t5, 0x6
core   0: 3 0x80009d74 (0x00006f17) x30 0x8000fd74
core   0: 0x80009d78 (0x283f2623) sw      gp, 652(t5)
core   0: 3 0x80009d78 (0x283f2623) mem 0x80010000 0x00000001
core   0: 0x80009d7c (0xff9ff06f) j       pc - 0x8
core   0: 3 0x80009d7c (0xff9ff06f)
core   0: 0x80009d74 (0x00006f17) auipc   t5, 0x6
core   0: 3 0x80009d74 (0x00006f17) x30 0x8000fd74
core   0: 0x80009d78 (0x283f2623) sw      gp, 652(t5)
core   0: 3 0x80009d78 (0x283f2623) mem 0x80010000 0x00000001
core   0: 0x80009d7c (0xff9ff06f) j       pc - 0x8
core   0: 3 0x80009d7c (0xff9ff06f)
core   0: 0x80009d74 (0x00006f17) auipc   t5, 0x6
core   0: 3 0x80009d74 (0x00006f17) x30 0x8000fd74
core   0: 0x80009d78 (0x283f2623) sw      gp, 652(t5)
core   0: 3 0x80009d78 (0x283f2623) mem 0x80010000 0x00000001
core   0: 0x80009d7c (0xff9ff06f) j       pc - 0x8
core   0: 3 0x80009d7c (0xff9ff06f)
core   0: 0x80009d74 (0x00006f17) auipc   t5, 0x6
core   0: 3 0x80009d74 (0x00006f17) x30 0x8000fd74
core   0: 0x80009d78 (0x283f2623) sw      gp, 652(t5)
core   0: 3 0x80009d78 (0x283f2623) mem 0x80010000 0x00000001
core   0: 0x80009d7c (0xff9ff06f) j       pc - 0x8
core   0: 3 0x80009d7c (0xff9ff06f)
core   0: 0x80009d74 (0x00006f17) auipc   t5, 0x6
core   0: 3 0x80009d74 (0x00006f17) x30 0x8000fd74
core   0: 0x80009d78 (0x283f2623) sw      gp, 652(t5)
core   0: 3 0x80009d78 (0x283f2623) mem 0x80010000 0x00000001
core   0: 0x80009d7c (0xff9ff06f) j       pc - 0x8
core   0: 3 0x80009d7c (0xff9ff06f)
core   0: 0x80009d74 (0x00006f17) auipc   t5, 0x6
core   0: 3 0x80009d74 (0x00006f17) x30 0x8000fd74
core   0: 0x80009d78 (0x283f2623) sw      gp, 652(t5)
core   0: 3 0x80009d78 (0x283f2623) mem 0x80010000 0x00000001
core   0: 0x80009d7c (0xff9ff06f) j       pc - 0x8
core   0: 3 0x80009d7c (0xff9ff06f)
core   0: 0x80009d74 (0x00006f17) auipc   t5, 0x6
core   0: 3 0x80009d74 (0x00006f17) x30 0x8000fd74
core   0: 0x80009d78 (0x283f2623) sw      gp, 652(t5)
core   0: 3 0x80009d78 (0x283f2623) mem 0x80010000 0x00000001
core   0: 0x80009d7c (0xff9ff06f) j       pc - 0x8
core   0: 3 0x80009d7c (0xff9ff06f)
core   0: 0x80009d74 (0x00006f17) auipc   t5, 0x6
core   0: 3 0x80009d74 (0x00006f17) x30 0x8000fd74
core   0: 0x80009d78 (0x283f2623) sw      gp, 652(t5)
core   0: 3 0x80009d78 (0x283f2623) mem 0x80010000 0x00000001
core   0: 0x80009d7c (0xff9ff06f) j       pc - 0x8
core   0: 3 0x80009d7c (0xff9ff06f)
core   0: 0x80009d74 (0x00006f17) auipc   t5, 0x6
core   0: 3 0x80009d74 (0x00006f17) x30 0x8000fd74
core   0: 0x80009d78 (0x283f2623) sw      gp, 652(t5)
core   0: 3 0x80009d78 (0x283f2623) mem 0x80010000 0x00000001
core   0: 0x80009d7c (0xff9ff06f) j       pc - 0x8
core   0: 3 0x80009d7c (0xff9ff06f)
core   0: 0x80009d74 (0x00006f17) auipc   t5, 0x6
core   0: 3 0x80009d74 (0x00006f17) x30 0x8000fd74
core   0: 0x80009d78 (0x283f2623) sw      gp, 652(t5)
core   0: 3 0x80009d78 (0x283f2623) mem 0x80010000 0x00000001
core   0: 0x80009d7c (0xff9ff06f) j       pc - 0x8
core   0: 3 0x80009d7c (0xff9ff06f)
core   0: 0x80009d74 (0x00006f17) auipc   t5, 0x6
core   0: 3 0x80009d74 (0x00006f17) x30 0x8000fd74
core   0: 0x80009d78 (0x283f2623) sw      gp, 652(t5)
core   0: 3 0x80009d78 (0x283f2623) mem 0x80010000 0x00000001
core   0: 0x80009d7c (0xff9ff06f) j       pc - 0x8
core   0: 3 0x80009d7c (0xff9ff06f)
core   0: 0x80009d74 (0x00006f17) auipc   t5, 0x6
core   0: 3 0x80009d74 (0x00006f17) x30 0x8000fd74
core   0: 0x80009d78 (0x283f2623) sw      gp, 652(t5)
core   0: 3 0x80009d78 (0x283f2623) mem 0x80010000 0x00000001
core   0: 0x80009d7c (0xff9ff06f) j       pc - 0x8
core   0: 3 0x80009d7c (0xff9ff06f)
core   0: 0x80009d74 (0x00006f17) auipc   t5, 0x6
core   0: 3 0x80009d74 (0x00006f17) x30 0x8000fd74
core   0: 0x80009d78 (0x283f2623) sw      gp, 652(t5)
core   0: 3 0x80009d78 (0x283f2623) mem 0x80010000 0x00000001
core   0: 0x80009d7c (0xff9ff06f) j       pc - 0x8
core   0: 3 0x80009d7c (0xff9ff06f)
core   0: 0x80009d74 (0x00006f17) auipc   t5, 0x6
core   0: 3 0x80009d74 (0x00006f17) x30 0x8000fd74
core   0: 0x80009d78 (0x283f2623) sw      gp, 652(t5)
core   0: 3 0x80009d78 (0x283f2623) mem 0x80010000 0x00000001
core   0: 0x80009d7c (0xff9ff06f) j       pc - 0x8
core   0: 3 0x80009d7c (0xff9ff06f)
core   0: 0x80009d74 (0x00006f17) auipc   t5, 0x6
core   0: 3 0x80009d74 (0x00006f17) x30 0x8000fd74
core   0: 0x80009d78 (0x283f2623) sw      gp, 652(t5)
core   0: 3 0x80009d78 (0x283f2623) mem 0x80010000 0x00000001
core   0: 0x80009d7c (0xff9ff06f) j       pc - 0x8
core   0: 3 0x80009d7c (0xff9ff06f)
core   0: 0x80009d74 (0x00006f17) auipc   t5, 0x6
core   0: 3 0x80009d74 (0x00006f17) x30 0x8000fd74
core   0: 0x80009d78 (0x283f2623) sw      gp, 652(t5)
core   0: 3 0x80009d78 (0x283f2623) mem 0x80010000 0x00000001
core   0: 0x80009d7c (0xff9ff06f) j       pc - 0x8
core   0: 3 0x80009d7c (0xff9ff06f)
core   0: 0x80009d74 (0x00006f17) auipc   t5, 0x6
core   0: 3 0x80009d74 (0x00006f17) x30 0x8000fd74
core   0: 0x80009d78 (0x283f2623) sw      gp, 652(t5)
core   0: 3 0x80009d78 (0x283f2623) mem 0x80010000 0x00000001
core   0: 0x80009d7c (0xff9ff06f) j       pc - 0x8
core   0: 3 0x80009d7c (0xff9ff06f)
core   0: 0x80009d74 (0x00006f17) auipc   t5, 0x6
core   0: 3 0x80009d74 (0x00006f17) x30 0x8000fd74
core   0: 0x80009d78 (0x283f2623) sw      gp, 652(t5)
core   0: 3 0x80009d78 (0x283f2623) mem 0x80010000 0x00000001
core   0: 0x80009d7c (0xff9ff06f) j       pc - 0x8
core   0: 3 0x80009d7c (0xff9ff06f)
core   0: 0x80009d74 (0x00006f17) auipc   t5, 0x6
core   0: 3 0x80009d74 (0x00006f17) x30 0x8000fd74
core   0: 0x80009d78 (0x283f2623) sw      gp, 652(t5)
core   0: 3 0x80009d78 (0x283f2623) mem 0x80010000 0x00000001
core   0: 0x80009d7c (0xff9ff06f) j       pc - 0x8
core   0: 3 0x80009d7c (0xff9ff06f)
core   0: 0x80009d74 (0x00006f17) auipc   t5, 0x6
core   0: 3 0x80009d74 (0x00006f17) x30 0x8000fd74
core   0: 0x80009d78 (0x283f2623) sw      gp, 652(t5)
core   0: 3 0x80009d78 (0x283f2623) mem 0x80010000 0x00000001
core   0: 0x80009d7c (0xff9ff06f) j       pc - 0x8
core   0: 3 0x80009d7c (0xff9ff06f)
core   0: 0x80009d74 (0x00006f17) auipc   t5, 0x6
core   0: 3 0x80009d74 (0x00006f17) x30 0x8000fd74
core   0: 0x80009d78 (0x283f2623) sw      gp, 652(t5)
core   0: 3 0x80009d78 (0x283f2623) mem 0x80010000 0x00000001
core   0: 0x80009d7c (0xff9ff06f) j       pc - 0x8
core   0: 3 0x80009d7c (0xff9ff06f)
core   0: 0x80009d74 (0x00006f17) auipc   t5, 0x6
core   0: 3 0x80009d74 (0x00006f17) x30 0x8000fd74
core   0: 0x80009d78 (0x283f2623) sw      gp, 652(t5)
core   0: 3 0x80009d78 (0x283f2623) mem 0x80010000 0x00000001
core   0: 0x80009d7c (0xff9ff06f) j       pc - 0x8
core   0: 3 0x80009d7c (0xff9ff06f)
core   0: 0x80009d74 (0x00006f17) auipc   t5, 0x6
core   0: 3 0x80009d74 (0x00006f17) x30 0x8000fd74
core   0: 0x80009d78 (0x283f2623) sw      gp, 652(t5)
core   0: 3 0x80009d78 (0x283f2623) mem 0x80010000 0x00000001
core   0: 0x80009d7c (0xff9ff06f) j       pc - 0x8
core   0: 3 0x80009d7c (0xff9ff06f)
core   0: 0x80009d74 (0x00006f17) auipc   t5, 0x6
core   0: 3 0x80009d74 (0x00006f17) x30 0x8000fd74
core   0: 0x80009d78 (0x283f2623) sw      gp, 652(t5)
core   0: 3 0x80009d78 (0x283f2623) mem 0x80010000 0x00000001
core   0: 0x80009d7c (0xff9ff06f) j       pc - 0x8
core   0: 3 0x80009d7c (0xff9ff06f)
core   0: 0x80009d74 (0x00006f17) auipc   t5, 0x6
core   0: 3 0x80009d74 (0x00006f17) x30 0x8000fd74
core   0: 0x80009d78 (0x283f2623) sw      gp, 652(t5)
core   0: 3 0x80009d78 (0x283f2623) mem 0x80010000 0x00000001
core   0: 0x80009d7c (0xff9ff06f) j       pc - 0x8
core   0: 3 0x80009d7c (0xff9ff06f)
core   0: 0x80009d74 (0x00006f17) auipc   t5, 0x6
core   0: 3 0x80009d74 (0x00006f17) x30 0x8000fd74
core   0: 0x80009d78 (0x283f2623) sw      gp, 652(t5)
core   0: 3 0x80009d78 (0x283f2623) mem 0x80010000 0x00000001
core   0: 0x80009d7c (0xff9ff06f) j       pc - 0x8
core   0: 3 0x80009d7c (0xff9ff06f)
core   0: 0x80009d74 (0x00006f17) auipc   t5, 0x6
core   0: 3 0x80009d74 (0x00006f17) x30 0x8000fd74
core   0: 0x80009d78 (0x283f2623) sw      gp, 652(t5)
core   0: 3 0x80009d78 (0x283f2623) mem 0x80010000 0x00000001
core   0: 0x80009d7c (0xff9ff06f) j       pc - 0x8
core   0: 3 0x80009d7c (0xff9ff06f)
core   0: 0x80009d74 (0x00006f17) auipc   t5, 0x6
core   0: 3 0x80009d74 (0x00006f17) x30 0x8000fd74
core   0: 0x80009d78 (0x283f2623) sw      gp, 652(t5)
core   0: 3 0x80009d78 (0x283f2623) mem 0x80010000 0x00000001
core   0: 0x80009d7c (0xff9ff06f) j       pc - 0x8
core   0: 3 0x80009d7c (0xff9ff06f)
core   0: 0x80009d74 (0x00006f17) auipc   t5, 0x6
core   0: 3 0x80009d74 (0x00006f17) x30 0x8000fd74
core   0: 0x80009d78 (0x283f2623) sw      gp, 652(t5)
core   0: 3 0x80009d78 (0x283f2623) mem 0x80010000 0x00000001
core   0: 0x80009d7c (0xff9ff06f) j       pc - 0x8
core   0: 3 0x80009d7c (0xff9ff06f)
core   0: 0x80009d74 (0x00006f17) auipc   t5, 0x6
core   0: 3 0x80009d74 (0x00006f17) x30 0x8000fd74
core   0: 0x80009d78 (0x283f2623) sw      gp, 652(t5)
core   0: 3 0x80009d78 (0x283f2623) mem 0x80010000 0x00000001
core   0: 0x80009d7c (0xff9ff06f) j       pc - 0x8
core   0: 3 0x80009d7c (0xff9ff06f)
core   0: 0x80009d74 (0x00006f17) auipc   t5, 0x6
core   0: 3 0x80009d74 (0x00006f17) x30 0x8000fd74
core   0: 0x80009d78 (0x283f2623) sw      gp, 652(t5)
core   0: 3 0x80009d78 (0x283f2623) mem 0x80010000 0x00000001
core   0: 0x80009d7c (0xff9ff06f) j       pc - 0x8
core   0: 3 0x80009d7c (0xff9ff06f)
core   0: 0x80009d74 (0x00006f17) auipc   t5, 0x6
core   0: 3 0x80009d74 (0x00006f17) x30 0x8000fd74
core   0: 0x80009d78 (0x283f2623) sw      gp, 652(t5)
core   0: 3 0x80009d78 (0x283f2623) mem 0x80010000 0x00000001
core   0: 0x80009d7c (0xff9ff06f) j       pc - 0x8
core   0: 3 0x80009d7c (0xff9ff06f)
core   0: 0x80009d74 (0x00006f17) auipc   t5, 0x6
core   0: 3 0x80009d74 (0x00006f17) x30 0x8000fd74
core   0: 0x80009d78 (0x283f2623) sw      gp, 652(t5)
core   0: 3 0x80009d78 (0x283f2623) mem 0x80010000 0x00000001
core   0: 0x80009d7c (0xff9ff06f) j       pc - 0x8
core   0: 3 0x80009d7c (0xff9ff06f)
core   0: 0x80009d74 (0x00006f17) auipc   t5, 0x6
core   0: 3 0x80009d74 (0x00006f17) x30 0x8000fd74
core   0: 0x80009d78 (0x283f2623) sw      gp, 652(t5)
core   0: 3 0x80009d78 (0x283f2623) mem 0x80010000 0x00000001
core   0: 0x80009d7c (0xff9ff06f) j       pc - 0x8
core   0: 3 0x80009d7c (0xff9ff06f)
core   0: 0x80009d74 (0x00006f17) auipc   t5, 0x6
core   0: 3 0x80009d74 (0x00006f17) x30 0x8000fd74
core   0: 0x80009d78 (0x283f2623) sw      gp, 652(t5)
core   0: 3 0x80009d78 (0x283f2623) mem 0x80010000 0x00000001
core   0: 0x80009d7c (0xff9ff06f) j       pc - 0x8
core   0: 3 0x80009d7c (0xff9ff06f)
core   0: 0x80009d74 (0x00006f17) auipc   t5, 0x6
core   0: 3 0x80009d74 (0x00006f17) x30 0x8000fd74
core   0: 0x80009d78 (0x283f2623) sw      gp, 652(t5)
core   0: 3 0x80009d78 (0x283f2623) mem 0x80010000 0x00000001
core   0: 0x80009d7c (0xff9ff06f) j       pc - 0x8
core   0: 3 0x80009d7c (0xff9ff06f)
core   0: 0x80009d74 (0x00006f17) auipc   t5, 0x6
core   0: 3 0x80009d74 (0x00006f17) x30 0x8000fd74
core   0: 0x80009d78 (0x283f2623) sw      gp, 652(t5)
core   0: 3 0x80009d78 (0x283f2623) mem 0x80010000 0x00000001
core   0: 0x80009d7c (0xff9ff06f) j       pc - 0x8
core   0: 3 0x80009d7c (0xff9ff06f)
core   0: 0x80009d74 (0x00006f17) auipc   t5, 0x6
core   0: 3 0x80009d74 (0x00006f17) x30 0x8000fd74
core   0: 0x80009d78 (0x283f2623) sw      gp, 652(t5)
core   0: 3 0x80009d78 (0x283f2623) mem 0x80010000 0x00000001
core   0: 0x80009d7c (0xff9ff06f) j       pc - 0x8
core   0: 3 0x80009d7c (0xff9ff06f)
core   0: 0x80009d74 (0x00006f17) auipc   t5, 0x6
core   0: 3 0x80009d74 (0x00006f17) x30 0x8000fd74
core   0: 0x80009d78 (0x283f2623) sw      gp, 652(t5)
core   0: 3 0x80009d78 (0x283f2623) mem 0x80010000 0x00000001
core   0: 0x80009d7c (0xff9ff06f) j       pc - 0x8
core   0: 3 0x80009d7c (0xff9ff06f)
core   0: 0x80009d74 (0x00006f17) auipc   t5, 0x6
core   0: 3 0x80009d74 (0x00006f17) x30 0x8000fd74
core   0: 0x80009d78 (0x283f2623) sw      gp, 652(t5)
core   0: 3 0x80009d78 (0x283f2623) mem 0x80010000 0x00000001
core   0: 0x80009d7c (0xff9ff06f) j       pc - 0x8
core   0: 3 0x80009d7c (0xff9ff06f)
core   0: 0x80009d74 (0x00006f17) auipc   t5, 0x6
core   0: 3 0x80009d74 (0x00006f17) x30 0x8000fd74
core   0: 0x80009d78 (0x283f2623) sw      gp, 652(t5)
core   0: 3 0x80009d78 (0x283f2623) mem 0x80010000 0x00000001
core   0: 0x80009d7c (0xff9ff06f) j       pc - 0x8
core   0: 3 0x80009d7c (0xff9ff06f)
core   0: 0x80009d74 (0x00006f17) auipc   t5, 0x6
core   0: 3 0x80009d74 (0x00006f17) x30 0x8000fd74
core   0: 0x80009d78 (0x283f2623) sw      gp, 652(t5)
core   0: 3 0x80009d78 (0x283f2623) mem 0x80010000 0x00000001
core   0: 0x80009d7c (0xff9ff06f) j       pc - 0x8
core   0: 3 0x80009d7c (0xff9ff06f)
core   0: 0x80009d74 (0x00006f17) auipc   t5, 0x6
core   0: 3 0x80009d74 (0x00006f17) x30 0x8000fd74
core   0: 0x80009d78 (0x283f2623) sw      gp, 652(t5)
core   0: 3 0x80009d78 (0x283f2623) mem 0x80010000 0x00000001
core   0: 0x80009d7c (0xff9ff06f) j       pc - 0x8
core   0: 3 0x80009d7c (0xff9ff06f)
core   0: 0x80009d74 (0x00006f17) auipc   t5, 0x6
core   0: 3 0x80009d74 (0x00006f17) x30 0x8000fd74
core   0: 0x80009d78 (0x283f2623) sw      gp, 652(t5)
core   0: 3 0x80009d78 (0x283f2623) mem 0x80010000 0x00000001
core   0: 0x80009d7c (0xff9ff06f) j       pc - 0x8
core   0: 3 0x80009d7c (0xff9ff06f)
core   0: 0x80009d74 (0x00006f17) auipc   t5, 0x6
core   0: 3 0x80009d74 (0x00006f17) x30 0x8000fd74
core   0: 0x80009d78 (0x283f2623) sw      gp, 652(t5)
core   0: 3 0x80009d78 (0x283f2623) mem 0x80010000 0x00000001
core   0: 0x80009d7c (0xff9ff06f) j       pc - 0x8
core   0: 3 0x80009d7c (0xff9ff06f)
core   0: 0x80009d74 (0x00006f17) auipc   t5, 0x6
core   0: 3 0x80009d74 (0x00006f17) x30 0x8000fd74
core   0: 0x80009d78 (0x283f2623) sw      gp, 652(t5)
core   0: 3 0x80009d78 (0x283f2623) mem 0x80010000 0x00000001
core   0: 0x80009d7c (0xff9ff06f) j       pc - 0x8
core   0: 3 0x80009d7c (0xff9ff06f)
core   0: 0x80009d74 (0x00006f17) auipc   t5, 0x6
core   0: 3 0x80009d74 (0x00006f17) x30 0x8000fd74
core   0: 0x80009d78 (0x283f2623) sw      gp, 652(t5)
core   0: 3 0x80009d78 (0x283f2623) mem 0x80010000 0x00000001
core   0: 0x80009d7c (0xff9ff06f) j       pc - 0x8
core   0: 3 0x80009d7c (0xff9ff06f)
core   0: 0x80009d74 (0x00006f17) auipc   t5, 0x6
core   0: 3 0x80009d74 (0x00006f17) x30 0x8000fd74
core   0: 0x80009d78 (0x283f2623) sw      gp, 652(t5)
core   0: 3 0x80009d78 (0x283f2623) mem 0x80010000 0x00000001
core   0: 0x80009d7c (0xff9ff06f) j       pc - 0x8
core   0: 3 0x80009d7c (0xff9ff06f)
core   0: 0x80009d74 (0x00006f17) auipc   t5, 0x6
core   0: 3 0x80009d74 (0x00006f17) x30 0x8000fd74
core   0: 0x80009d78 (0x283f2623) sw      gp, 652(t5)
core   0: 3 0x80009d78 (0x283f2623) mem 0x80010000 0x00000001
core   0: 0x80009d7c (0xff9ff06f) j       pc - 0x8
core   0: 3 0x80009d7c (0xff9ff06f)
core   0: 0x80009d74 (0x00006f17) auipc   t5, 0x6
core   0: 3 0x80009d74 (0x00006f17) x30 0x8000fd74
core   0: 0x80009d78 (0x283f2623) sw      gp, 652(t5)
core   0: 3 0x80009d78 (0x283f2623) mem 0x80010000 0x00000001
core   0: 0x80009d7c (0xff9ff06f) j       pc - 0x8
core   0: 3 0x80009d7c (0xff9ff06f)
core   0: 0x80009d74 (0x00006f17) auipc   t5, 0x6
core   0: 3 0x80009d74 (0x00006f17) x30 0x8000fd74
core   0: 0x80009d78 (0x283f2623) sw      gp, 652(t5)
core   0: 3 0x80009d78 (0x283f2623) mem 0x80010000 0x00000001
core   0: 0x80009d7c (0xff9ff06f) j       pc - 0x8
core   0: 3 0x80009d7c (0xff9ff06f)
core   0: 0x80009d74 (0x00006f17) auipc   t5, 0x6
core   0: 3 0x80009d74 (0x00006f17) x30 0x8000fd74
core   0: 0x80009d78 (0x283f2623) sw      gp, 652(t5)
core   0: 3 0x80009d78 (0x283f2623) mem 0x80010000 0x00000001
core   0: 0x80009d7c (0xff9ff06f) j       pc - 0x8
core   0: 3 0x80009d7c (0xff9ff06f)
core   0: 0x80009d74 (0x00006f17) auipc   t5, 0x6
core   0: 3 0x80009d74 (0x00006f17) x30 0x8000fd74
core   0: 0x80009d78 (0x283f2623) sw      gp, 652(t5)
core   0: 3 0x80009d78 (0x283f2623) mem 0x80010000 0x00000001
core   0: 0x80009d7c (0xff9ff06f) j       pc - 0x8
core   0: 3 0x80009d7c (0xff9ff06f)
core   0: 0x80009d74 (0x00006f17) auipc   t5, 0x6
core   0: 3 0x80009d74 (0x00006f17) x30 0x8000fd74
core   0: 0x80009d78 (0x283f2623) sw      gp, 652(t5)
core   0: 3 0x80009d78 (0x283f2623) mem 0x80010000 0x00000001
core   0: 0x80009d7c (0xff9ff06f) j       pc - 0x8
core   0: 3 0x80009d7c (0xff9ff06f)
core   0: 0x80009d74 (0x00006f17) auipc   t5, 0x6
core   0: 3 0x80009d74 (0x00006f17) x30 0x8000fd74
core   0: 0x80009d78 (0x283f2623) sw      gp, 652(t5)
core   0: 3 0x80009d78 (0x283f2623) mem 0x80010000 0x00000001
core   0: 0x80009d7c (0xff9ff06f) j       pc - 0x8
core   0: 3 0x80009d7c (0xff9ff06f)
core   0: 0x80009d74 (0x00006f17) auipc   t5, 0x6
core   0: 3 0x80009d74 (0x00006f17) x30 0x8000fd74
core   0: 0x80009d78 (0x283f2623) sw      gp, 652(t5)
core   0: 3 0x80009d78 (0x283f2623) mem 0x80010000 0x00000001
core   0: 0x80009d7c (0xff9ff06f) j       pc - 0x8
core   0: 3 0x80009d7c (0xff9ff06f)
core   0: 0x80009d74 (0x00006f17) auipc   t5, 0x6
core   0: 3 0x80009d74 (0x00006f17) x30 0x8000fd74
core   0: 0x80009d78 (0x283f2623) sw      gp, 652(t5)
core   0: 3 0x80009d78 (0x283f2623) mem 0x80010000 0x00000001
core   0: 0x80009d7c (0xff9ff06f) j       pc - 0x8
core   0: 3 0x80009d7c (0xff9ff06f)
core   0: 0x80009d74 (0x00006f17) auipc   t5, 0x6
core   0: 3 0x80009d74 (0x00006f17) x30 0x8000fd74
core   0: 0x80009d78 (0x283f2623) sw      gp, 652(t5)
core   0: 3 0x80009d78 (0x283f2623) mem 0x80010000 0x00000001
core   0: 0x80009d7c (0xff9ff06f) j       pc - 0x8
core   0: 3 0x80009d7c (0xff9ff06f)
core   0: 0x80009d74 (0x00006f17) auipc   t5, 0x6
core   0: 3 0x80009d74 (0x00006f17) x30 0x8000fd74
core   0: 0x80009d78 (0x283f2623) sw      gp, 652(t5)
core   0: 3 0x80009d78 (0x283f2623) mem 0x80010000 0x00000001
core   0: 0x80009d7c (0xff9ff06f) j       pc - 0x8
core   0: 3 0x80009d7c (0xff9ff06f)
core   0: 0x80009d74 (0x00006f17) auipc   t5, 0x6
core   0: 3 0x80009d74 (0x00006f17) x30 0x8000fd74
core   0: 0x80009d78 (0x283f2623) sw      gp, 652(t5)
core   0: 3 0x80009d78 (0x283f2623) mem 0x80010000 0x00000001
core   0: 0x80009d7c (0xff9ff06f) j       pc - 0x8
core   0: 3 0x80009d7c (0xff9ff06f)
core   0: 0x80009d74 (0x00006f17) auipc   t5, 0x6
core   0: 3 0x80009d74 (0x00006f17) x30 0x8000fd74
core   0: 0x80009d78 (0x283f2623) sw      gp, 652(t5)
core   0: 3 0x80009d78 (0x283f2623) mem 0x80010000 0x00000001
core   0: 0x80009d7c (0xff9ff06f) j       pc - 0x8
core   0: 3 0x80009d7c (0xff9ff06f)
core   0: 0x80009d74 (0x00006f17) auipc   t5, 0x6
core   0: 3 0x80009d74 (0x00006f17) x30 0x8000fd74
core   0: 0x80009d78 (0x283f2623) sw      gp, 652(t5)
core   0: 3 0x80009d78 (0x283f2623) mem 0x80010000 0x00000001
core   0: 0x80009d7c (0xff9ff06f) j       pc - 0x8
core   0: 3 0x80009d7c (0xff9ff06f)
core   0: 0x80009d74 (0x00006f17) auipc   t5, 0x6
core   0: 3 0x80009d74 (0x00006f17) x30 0x8000fd74
core   0: 0x80009d78 (0x283f2623) sw      gp, 652(t5)
core   0: 3 0x80009d78 (0x283f2623) mem 0x80010000 0x00000001
core   0: 0x80009d7c (0xff9ff06f) j       pc - 0x8
core   0: 3 0x80009d7c (0xff9ff06f)
core   0: 0x80009d74 (0x00006f17) auipc   t5, 0x6
core   0: 3 0x80009d74 (0x00006f17) x30 0x8000fd74
core   0: 0x80009d78 (0x283f2623) sw      gp, 652(t5)
core   0: 3 0x80009d78 (0x283f2623) mem 0x80010000 0x00000001
core   0: 0x80009d7c (0xff9ff06f) j       pc - 0x8
core   0: 3 0x80009d7c (0xff9ff06f)
core   0: 0x80009d74 (0x00006f17) auipc   t5, 0x6
core   0: 3 0x80009d74 (0x00006f17) x30 0x8000fd74
core   0: 0x80009d78 (0x283f2623) sw      gp, 652(t5)
core   0: 3 0x80009d78 (0x283f2623) mem 0x80010000 0x00000001
core   0: 0x80009d7c (0xff9ff06f) j       pc - 0x8
core   0: 3 0x80009d7c (0xff9ff06f)
core   0: 0x80009d74 (0x00006f17) auipc   t5, 0x6
core   0: 3 0x80009d74 (0x00006f17) x30 0x8000fd74
core   0: 0x80009d78 (0x283f2623) sw      gp, 652(t5)
core   0: 3 0x80009d78 (0x283f2623) mem 0x80010000 0x00000001
core   0: 0x80009d7c (0xff9ff06f) j       pc - 0x8
core   0: 3 0x80009d7c (0xff9ff06f)
core   0: 0x80009d74 (0x00006f17) auipc   t5, 0x6
core   0: 3 0x80009d74 (0x00006f17) x30 0x8000fd74
core   0: 0x80009d78 (0x283f2623) sw      gp, 652(t5)
core   0: 3 0x80009d78 (0x283f2623) mem 0x80010000 0x00000001
core   0: 0x80009d7c (0xff9ff06f) j       pc - 0x8
core   0: 3 0x80009d7c (0xff9ff06f)
core   0: 0x80009d74 (0x00006f17) auipc   t5, 0x6
core   0: 3 0x80009d74 (0x00006f17) x30 0x8000fd74
core   0: 0x80009d78 (0x283f2623) sw      gp, 652(t5)
core   0: 3 0x80009d78 (0x283f2623) mem 0x80010000 0x00000001
core   0: 0x80009d7c (0xff9ff06f) j       pc - 0x8
core   0: 3 0x80009d7c (0xff9ff06f)
core   0: 0x80009d74 (0x00006f17) auipc   t5, 0x6
core   0: 3 0x80009d74 (0x00006f17) x30 0x8000fd74
core   0: 0x80009d78 (0x283f2623) sw      gp, 652(t5)
core   0: 3 0x80009d78 (0x283f2623) mem 0x80010000 0x00000001
core   0: 0x80009d7c (0xff9ff06f) j       pc - 0x8
core   0: 3 0x80009d7c (0xff9ff06f)
core   0: 0x80009d74 (0x00006f17) auipc   t5, 0x6
core   0: 3 0x80009d74 (0x00006f17) x30 0x8000fd74
core   0: 0x80009d78 (0x283f2623) sw      gp, 652(t5)
core   0: 3 0x80009d78 (0x283f2623) mem 0x80010000 0x00000001
core   0: 0x80009d7c (0xff9ff06f) j       pc - 0x8
core   0: 3 0x80009d7c (0xff9ff06f)
core   0: 0x80009d74 (0x00006f17) auipc   t5, 0x6
core   0: 3 0x80009d74 (0x00006f17) x30 0x8000fd74
core   0: 0x80009d78 (0x283f2623) sw      gp, 652(t5)
core   0: 3 0x80009d78 (0x283f2623) mem 0x80010000 0x00000001
core   0: 0x80009d7c (0xff9ff06f) j       pc - 0x8
core   0: 3 0x80009d7c (0xff9ff06f)
core   0: 0x80009d74 (0x00006f17) auipc   t5, 0x6
core   0: 3 0x80009d74 (0x00006f17) x30 0x8000fd74
core   0: 0x80009d78 (0x283f2623) sw      gp, 652(t5)
core   0: 3 0x80009d78 (0x283f2623) mem 0x80010000 0x00000001
core   0: 0x80009d7c (0xff9ff06f) j       pc - 0x8
core   0: 3 0x80009d7c (0xff9ff06f)
core   0: 0x80009d74 (0x00006f17) auipc   t5, 0x6
core   0: 3 0x80009d74 (0x00006f17) x30 0x8000fd74
core   0: 0x80009d78 (0x283f2623) sw      gp, 652(t5)
core   0: 3 0x80009d78 (0x283f2623) mem 0x80010000 0x00000001
core   0: 0x80009d7c (0xff9ff06f) j       pc - 0x8
core   0: 3 0x80009d7c (0xff9ff06f)
core   0: 0x80009d74 (0x00006f17) auipc   t5, 0x6
core   0: 3 0x80009d74 (0x00006f17) x30 0x8000fd74
core   0: 0x80009d78 (0x283f2623) sw      gp, 652(t5)
core   0: 3 0x80009d78 (0x283f2623) mem 0x80010000 0x00000001
core   0: 0x80009d7c (0xff9ff06f) j       pc - 0x8
core   0: 3 0x80009d7c (0xff9ff06f)
core   0: 0x80009d74 (0x00006f17) auipc   t5, 0x6
core   0: 3 0x80009d74 (0x00006f17) x30 0x8000fd74
core   0: 0x80009d78 (0x283f2623) sw      gp, 652(t5)
core   0: 3 0x80009d78 (0x283f2623) mem 0x80010000 0x00000001
core   0: 0x80009d7c (0xff9ff06f) j       pc - 0x8
core   0: 3 0x80009d7c (0xff9ff06f)
core   0: 0x80009d74 (0x00006f17) auipc   t5, 0x6
core   0: 3 0x80009d74 (0x00006f17) x30 0x8000fd74
core   0: 0x80009d78 (0x283f2623) sw      gp, 652(t5)
core   0: 3 0x80009d78 (0x283f2623) mem 0x80010000 0x00000001
core   0: 0x80009d7c (0xff9ff06f) j       pc - 0x8
core   0: 3 0x80009d7c (0xff9ff06f)
core   0: 0x80009d74 (0x00006f17) auipc   t5, 0x6
core   0: 3 0x80009d74 (0x00006f17) x30 0x8000fd74
core   0: 0x80009d78 (0x283f2623) sw      gp, 652(t5)
core   0: 3 0x80009d78 (0x283f2623) mem 0x80010000 0x00000001
core   0: 0x80009d7c (0xff9ff06f) j       pc - 0x8
core   0: 3 0x80009d7c (0xff9ff06f)
core   0: 0x80009d74 (0x00006f17) auipc   t5, 0x6
core   0: 3 0x80009d74 (0x00006f17) x30 0x8000fd74
core   0: 0x80009d78 (0x283f2623) sw      gp, 652(t5)
core   0: 3 0x80009d78 (0x283f2623) mem 0x80010000 0x00000001
core   0: 0x80009d7c (0xff9ff06f) j       pc - 0x8
core   0: 3 0x80009d7c (0xff9ff06f)
core   0: 0x80009d74 (0x00006f17) auipc   t5, 0x6
core   0: 3 0x80009d74 (0x00006f17) x30 0x8000fd74
core   0: 0x80009d78 (0x283f2623) sw      gp, 652(t5)
core   0: 3 0x80009d78 (0x283f2623) mem 0x80010000 0x00000001
core   0: 0x80009d7c (0xff9ff06f) j       pc - 0x8
core   0: 3 0x80009d7c (0xff9ff06f)
core   0: 0x80009d74 (0x00006f17) auipc   t5, 0x6
core   0: 3 0x80009d74 (0x00006f17) x30 0x8000fd74
core   0: 0x80009d78 (0x283f2623) sw      gp, 652(t5)
core   0: 3 0x80009d78 (0x283f2623) mem 0x80010000 0x00000001
core   0: 0x80009d7c (0xff9ff06f) j       pc - 0x8
core   0: 3 0x80009d7c (0xff9ff06f)
core   0: 0x80009d74 (0x00006f17) auipc   t5, 0x6
core   0: 3 0x80009d74 (0x00006f17) x30 0x8000fd74
core   0: 0x80009d78 (0x283f2623) sw      gp, 652(t5)
core   0: 3 0x80009d78 (0x283f2623) mem 0x80010000 0x00000001
core   0: 0x80009d7c (0xff9ff06f) j       pc - 0x8
core   0: 3 0x80009d7c (0xff9ff06f)
core   0: 0x80009d74 (0x00006f17) auipc   t5, 0x6
core   0: 3 0x80009d74 (0x00006f17) x30 0x8000fd74
core   0: 0x80009d78 (0x283f2623) sw      gp, 652(t5)
core   0: 3 0x80009d78 (0x283f2623) mem 0x80010000 0x00000001
core   0: 0x80009d7c (0xff9ff06f) j       pc - 0x8
core   0: 3 0x80009d7c (0xff9ff06f)
core   0: 0x80009d74 (0x00006f17) auipc   t5, 0x6
core   0: 3 0x80009d74 (0x00006f17) x30 0x8000fd74
core   0: 0x80009d78 (0x283f2623) sw      gp, 652(t5)
core   0: 3 0x80009d78 (0x283f2623) mem 0x80010000 0x00000001
core   0: 0x80009d7c (0xff9ff06f) j       pc - 0x8
core   0: 3 0x80009d7c (0xff9ff06f)
core   0: 0x80009d74 (0x00006f17) auipc   t5, 0x6
core   0: 3 0x80009d74 (0x00006f17) x30 0x8000fd74
core   0: 0x80009d78 (0x283f2623) sw      gp, 652(t5)
core   0: 3 0x80009d78 (0x283f2623) mem 0x80010000 0x00000001
core   0: 0x80009d7c (0xff9ff06f) j       pc - 0x8
core   0: 3 0x80009d7c (0xff9ff06f)
core   0: 0x80009d74 (0x00006f17) auipc   t5, 0x6
core   0: 3 0x80009d74 (0x00006f17) x30 0x8000fd74
core   0: 0x80009d78 (0x283f2623) sw      gp, 652(t5)
core   0: 3 0x80009d78 (0x283f2623) mem 0x80010000 0x00000001
core   0: 0x80009d7c (0xff9ff06f) j       pc - 0x8
core   0: 3 0x80009d7c (0xff9ff06f)
core   0: 0x80009d74 (0x00006f17) auipc   t5, 0x6
core   0: 3 0x80009d74 (0x00006f17) x30 0x8000fd74
core   0: 0x80009d78 (0x283f2623) sw      gp, 652(t5)
core   0: 3 0x80009d78 (0x283f2623) mem 0x80010000 0x00000001
core   0: 0x80009d7c (0xff9ff06f) j       pc - 0x8
core   0: 3 0x80009d7c (0xff9ff06f)
core   0: 0x80009d74 (0x00006f17) auipc   t5, 0x6
core   0: 3 0x80009d74 (0x00006f17) x30 0x8000fd74
core   0: 0x80009d78 (0x283f2623) sw      gp, 652(t5)
core   0: 3 0x80009d78 (0x283f2623) mem 0x80010000 0x00000001
core   0: 0x80009d7c (0xff9ff06f) j       pc - 0x8
core   0: 3 0x80009d7c (0xff9ff06f)
core   0: 0x80009d74 (0x00006f17) auipc   t5, 0x6
core   0: 3 0x80009d74 (0x00006f17) x30 0x8000fd74
core   0: 0x80009d78 (0x283f2623) sw      gp, 652(t5)
core   0: 3 0x80009d78 (0x283f2623) mem 0x80010000 0x00000001
core   0: 0x80009d7c (0xff9ff06f) j       pc - 0x8
core   0: 3 0x80009d7c (0xff9ff06f)
core   0: 0x80009d74 (0x00006f17) auipc   t5, 0x6
core   0: 3 0x80009d74 (0x00006f17) x30 0x8000fd74
core   0: 0x80009d78 (0x283f2623) sw      gp, 652(t5)
core   0: 3 0x80009d78 (0x283f2623) mem 0x80010000 0x00000001
core   0: 0x80009d7c (0xff9ff06f) j       pc - 0x8
core   0: 3 0x80009d7c (0xff9ff06f)
core   0: 0x80009d74 (0x00006f17) auipc   t5, 0x6
core   0: 3 0x80009d74 (0x00006f17) x30 0x8000fd74
core   0: 0x80009d78 (0x283f2623) sw      gp, 652(t5)
core   0: 3 0x80009d78 (0x283f2623) mem 0x80010000 0x00000001
core   0: 0x80009d7c (0xff9ff06f) j       pc - 0x8
core   0: 3 0x80009d7c (0xff9ff06f)
core   0: 0x80009d74 (0x00006f17) auipc   t5, 0x6
core   0: 3 0x80009d74 (0x00006f17) x30 0x8000fd74
core   0: 0x80009d78 (0x283f2623) sw      gp, 652(t5)
core   0: 3 0x80009d78 (0x283f2623) mem 0x80010000 0x00000001
core   0: 0x80009d7c (0xff9ff06f) j       pc - 0x8
core   0: 3 0x80009d7c (0xff9ff06f)
core   0: 0x80009d74 (0x00006f17) auipc   t5, 0x6
core   0: 3 0x80009d74 (0x00006f17) x30 0x8000fd74
core   0: 0x80009d78 (0x283f2623) sw      gp, 652(t5)
core   0: 3 0x80009d78 (0x283f2623) mem 0x80010000 0x00000001
core   0: 0x80009d7c (0xff9ff06f) j       pc - 0x8
core   0: 3 0x80009d7c (0xff9ff06f)
core   0: 0x80009d74 (0x00006f17) auipc   t5, 0x6
core   0: 3 0x80009d74 (0x00006f17) x30 0x8000fd74
core   0: 0x80009d78 (0x283f2623) sw      gp, 652(t5)
core   0: 3 0x80009d78 (0x283f2623) mem 0x80010000 0x00000001
core   0: 0x80009d7c (0xff9ff06f) j       pc - 0x8
core   0: 3 0x80009d7c (0xff9ff06f)
core   0: 0x80009d74 (0x00006f17) auipc   t5, 0x6
core   0: 3 0x80009d74 (0x00006f17) x30 0x8000fd74
core   0: 0x80009d78 (0x283f2623) sw      gp, 652(t5)
core   0: 3 0x80009d78 (0x283f2623) mem 0x80010000 0x00000001
core   0: 0x80009d7c (0xff9ff06f) j       pc - 0x8
core   0: 3 0x80009d7c (0xff9ff06f)
core   0: 0x80009d74 (0x00006f17) auipc   t5, 0x6
core   0: 3 0x80009d74 (0x00006f17) x30 0x8000fd74
core   0: 0x80009d78 (0x283f2623) sw      gp, 652(t5)
core   0: 3 0x80009d78 (0x283f2623) mem 0x80010000 0x00000001
core   0: 0x80009d7c (0xff9ff06f) j       pc - 0x8
core   0: 3 0x80009d7c (0xff9ff06f)
core   0: 0x80009d74 (0x00006f17) auipc   t5, 0x6
core   0: 3 0x80009d74 (0x00006f17) x30 0x8000fd74
core   0: 0x80009d78 (0x283f2623) sw      gp, 652(t5)
core   0: 3 0x80009d78 (0x283f2623) mem 0x80010000 0x00000001
core   0: 0x80009d7c (0xff9ff06f) j       pc - 0x8
core   0: 3 0x80009d7c (0xff9ff06f)
core   0: 0x80009d74 (0x00006f17) auipc   t5, 0x6
core   0: 3 0x80009d74 (0x00006f17) x30 0x8000fd74
core   0: 0x80009d78 (0x283f2623) sw      gp, 652(t5)
core   0: 3 0x80009d78 (0x283f2623) mem 0x80010000 0x00000001
core   0: 0x80009d7c (0xff9ff06f) j       pc - 0x8
core   0: 3 0x80009d7c (0xff9ff06f)
core   0: 0x80009d74 (0x00006f17) auipc   t5, 0x6
core   0: 3 0x80009d74 (0x00006f17) x30 0x8000fd74
core   0: 0x80009d78 (0x283f2623) sw      gp, 652(t5)
core   0: 3 0x80009d78 (0x283f2623) mem 0x80010000 0x00000001
core   0: 0x80009d7c (0xff9ff06f) j       pc - 0x8
core   0: 3 0x80009d7c (0xff9ff06f)
core   0: 0x80009d74 (0x00006f17) auipc   t5, 0x6
core   0: 3 0x80009d74 (0x00006f17) x30 0x8000fd74
core   0: 0x80009d78 (0x283f2623) sw      gp, 652(t5)
core   0: 3 0x80009d78 (0x283f2623) mem 0x80010000 0x00000001
core   0: 0x80009d7c (0xff9ff06f) j       pc - 0x8
core   0: 3 0x80009d7c (0xff9ff06f)
core   0: 0x80009d74 (0x00006f17) auipc   t5, 0x6
core   0: 3 0x80009d74 (0x00006f17) x30 0x8000fd74
core   0: 0x80009d78 (0x283f2623) sw      gp, 652(t5)
core   0: 3 0x80009d78 (0x283f2623) mem 0x80010000 0x00000001
core   0: 0x80009d7c (0xff9ff06f) j       pc - 0x8
core   0: 3 0x80009d7c (0xff9ff06f)
core   0: 0x80009d74 (0x00006f17) auipc   t5, 0x6
core   0: 3 0x80009d74 (0x00006f17) x30 0x8000fd74
core   0: 0x80009d78 (0x283f2623) sw      gp, 652(t5)
core   0: 3 0x80009d78 (0x283f2623) mem 0x80010000 0x00000001
core   0: 0x80009d7c (0xff9ff06f) j       pc - 0x8
core   0: 3 0x80009d7c (0xff9ff06f)
core   0: 0x80009d74 (0x00006f17) auipc   t5, 0x6
core   0: 3 0x80009d74 (0x00006f17) x30 0x8000fd74
core   0: 0x80009d78 (0x283f2623) sw      gp, 652(t5)
core   0: 3 0x80009d78 (0x283f2623) mem 0x80010000 0x00000001
core   0: 0x80009d7c (0xff9ff06f) j       pc - 0x8
core   0: 3 0x80009d7c (0xff9ff06f)
core   0: 0x80009d74 (0x00006f17) auipc   t5, 0x6
core   0: 3 0x80009d74 (0x00006f17) x30 0x8000fd74
core   0: 0x80009d78 (0x283f2623) sw      gp, 652(t5)
core   0: 3 0x80009d78 (0x283f2623) mem 0x80010000 0x00000001
core   0: 0x80009d7c (0xff9ff06f) j       pc - 0x8
core   0: 3 0x80009d7c (0xff9ff06f)
core   0: 0x80009d74 (0x00006f17) auipc   t5, 0x6
core   0: 3 0x80009d74 (0x00006f17) x30 0x8000fd74
core   0: 0x80009d78 (0x283f2623) sw      gp, 652(t5)
core   0: 3 0x80009d78 (0x283f2623) mem 0x80010000 0x00000001
core   0: 0x80009d7c (0xff9ff06f) j       pc - 0x8
core   0: 3 0x80009d7c (0xff9ff06f)
core   0: 0x80009d74 (0x00006f17) auipc   t5, 0x6
core   0: 3 0x80009d74 (0x00006f17) x30 0x8000fd74
core   0: 0x80009d78 (0x283f2623) sw      gp, 652(t5)
core   0: 3 0x80009d78 (0x283f2623) mem 0x80010000 0x00000001
core   0: 0x80009d7c (0xff9ff06f) j       pc - 0x8
core   0: 3 0x80009d7c (0xff9ff06f)
core   0: 0x80009d74 (0x00006f17) auipc   t5, 0x6
core   0: 3 0x80009d74 (0x00006f17) x30 0x8000fd74
core   0: 0x80009d78 (0x283f2623) sw      gp, 652(t5)
core   0: 3 0x80009d78 (0x283f2623) mem 0x80010000 0x00000001
core   0: 0x80009d7c (0xff9ff06f) j       pc - 0x8
core   0: 3 0x80009d7c (0xff9ff06f)
core   0: 0x80009d74 (0x00006f17) auipc   t5, 0x6
core   0: 3 0x80009d74 (0x00006f17) x30 0x8000fd74
core   0: 0x80009d78 (0x283f2623) sw      gp, 652(t5)
core   0: 3 0x80009d78 (0x283f2623) mem 0x80010000 0x00000001
core   0: 0x80009d7c (0xff9ff06f) j       pc - 0x8
core   0: 3 0x80009d7c (0xff9ff06f)
core   0: 0x80009d74 (0x00006f17) auipc   t5, 0x6
core   0: 3 0x80009d74 (0x00006f17) x30 0x8000fd74
core   0: 0x80009d78 (0x283f2623) sw      gp, 652(t5)
core   0: 3 0x80009d78 (0x283f2623) mem 0x80010000 0x00000001
core   0: 0x80009d7c (0xff9ff06f) j       pc - 0x8
core   0: 3 0x80009d7c (0xff9ff06f)
core   0: 0x80009d74 (0x00006f17) auipc   t5, 0x6
core   0: 3 0x80009d74 (0x00006f17) x30 0x8000fd74
core   0: 0x80009d78 (0x283f2623) sw      gp, 652(t5)
core   0: 3 0x80009d78 (0x283f2623) mem 0x80010000 0x00000001
core   0: 0x80009d7c (0xff9ff06f) j       pc - 0x8
core   0: 3 0x80009d7c (0xff9ff06f)
core   0: 0x80009d74 (0x00006f17) auipc   t5, 0x6
core   0: 3 0x80009d74 (0x00006f17) x30 0x8000fd74
core   0: 0x80009d78 (0x283f2623) sw      gp, 652(t5)
core   0: 3 0x80009d78 (0x283f2623) mem 0x80010000 0x00000001
core   0: 0x80009d7c (0xff9ff06f) j       pc - 0x8
core   0: 3 0x80009d7c (0xff9ff06f)
core   0: 0x80009d74 (0x00006f17) auipc   t5, 0x6
core   0: 3 0x80009d74 (0x00006f17) x30 0x8000fd74
core   0: 0x80009d78 (0x283f2623) sw      gp, 652(t5)
core   0: 3 0x80009d78 (0x283f2623) mem 0x80010000 0x00000001
core   0: 0x80009d7c (0xff9ff06f) j       pc - 0x8
core   0: 3 0x80009d7c (0xff9ff06f)
core   0: 0x80009d74 (0x00006f17) auipc   t5, 0x6
core   0: 3 0x80009d74 (0x00006f17) x30 0x8000fd74
core   0: 0x80009d78 (0x283f2623) sw      gp, 652(t5)
core   0: 3 0x80009d78 (0x283f2623) mem 0x80010000 0x00000001
core   0: 0x80009d7c (0xff9ff06f) j       pc - 0x8
core   0: 3 0x80009d7c (0xff9ff06f)
core   0: 0x80009d74 (0x00006f17) auipc   t5, 0x6
core   0: 3 0x80009d74 (0x00006f17) x30 0x8000fd74
core   0: 0x80009d78 (0x283f2623) sw      gp, 652(t5)
core   0: 3 0x80009d78 (0x283f2623) mem 0x80010000 0x00000001
core   0: 0x80009d7c (0xff9ff06f) j       pc - 0x8
core   0: 3 0x80009d7c (0xff9ff06f)
core   0: 0x80009d74 (0x00006f17) auipc   t5, 0x6
core   0: 3 0x80009d74 (0x00006f17) x30 0x8000fd74
core   0: 0x80009d78 (0x283f2623) sw      gp, 652(t5)
core   0: 3 0x80009d78 (0x283f2623) mem 0x80010000 0x00000001
core   0: 0x80009d7c (0xff9ff06f) j       pc - 0x8
core   0: 3 0x80009d7c (0xff9ff06f)
core   0: 0x80009d74 (0x00006f17) auipc   t5, 0x6
core   0: 3 0x80009d74 (0x00006f17) x30 0x8000fd74
core   0: 0x80009d78 (0x283f2623) sw      gp, 652(t5)
core   0: 3 0x80009d78 (0x283f2623) mem 0x80010000 0x00000001
core   0: 0x80009d7c (0xff9ff06f) j       pc - 0x8
core   0: 3 0x80009d7c (0xff9ff06f)
core   0: 0x80009d74 (0x00006f17) auipc   t5, 0x6
core   0: 3 0x80009d74 (0x00006f17) x30 0x8000fd74
core   0: 0x80009d78 (0x283f2623) sw      gp, 652(t5)
core   0: 3 0x80009d78 (0x283f2623) mem 0x80010000 0x00000001
core   0: 0x80009d7c (0xff9ff06f) j       pc - 0x8
core   0: 3 0x80009d7c (0xff9ff06f)
core   0: 0x80009d74 (0x00006f17) auipc   t5, 0x6
core   0: 3 0x80009d74 (0x00006f17) x30 0x8000fd74
core   0: 0x80009d78 (0x283f2623) sw      gp, 652(t5)
core   0: 3 0x80009d78 (0x283f2623) mem 0x80010000 0x00000001
core   0: 0x80009d7c (0xff9ff06f) j       pc - 0x8
core   0: 3 0x80009d7c (0xff9ff06f)
core   0: 0x80009d74 (0x00006f17) auipc   t5, 0x6
core   0: 3 0x80009d74 (0x00006f17) x30 0x8000fd74
core   0: 0x80009d78 (0x283f2623) sw      gp, 652(t5)
core   0: 3 0x80009d78 (0x283f2623) mem 0x80010000 0x00000001
core   0: 0x80009d7c (0xff9ff06f) j       pc - 0x8
core   0: 3 0x80009d7c (0xff9ff06f)
core   0: 0x80009d74 (0x00006f17) auipc   t5, 0x6
core   0: 3 0x80009d74 (0x00006f17) x30 0x8000fd74
core   0: 0x80009d78 (0x283f2623) sw      gp, 652(t5)
core   0: 3 0x80009d78 (0x283f2623) mem 0x80010000 0x00000001
core   0: 0x80009d7c (0xff9ff06f) j       pc - 0x8
core   0: 3 0x80009d7c (0xff9ff06f)
core   0: 0x80009d74 (0x00006f17) auipc   t5, 0x6
core   0: 3 0x80009d74 (0x00006f17) x30 0x8000fd74
core   0: 0x80009d78 (0x283f2623) sw      gp, 652(t5)
core   0: 3 0x80009d78 (0x283f2623) mem 0x80010000 0x00000001
core   0: 0x80009d7c (0xff9ff06f) j       pc - 0x8
core   0: 3 0x80009d7c (0xff9ff06f)
core   0: 0x80009d74 (0x00006f17) auipc   t5, 0x6
core   0: 3 0x80009d74 (0x00006f17) x30 0x8000fd74
core   0: 0x80009d78 (0x283f2623) sw      gp, 652(t5)
core   0: 3 0x80009d78 (0x283f2623) mem 0x80010000 0x00000001
core   0: 0x80009d7c (0xff9ff06f) j       pc - 0x8
core   0: 3 0x80009d7c (0xff9ff06f)
core   0: 0x80009d74 (0x00006f17) auipc   t5, 0x6
core   0: 3 0x80009d74 (0x00006f17) x30 0x8000fd74
core   0: 0x80009d78 (0x283f2623) sw      gp, 652(t5)
core   0: 3 0x80009d78 (0x283f2623) mem 0x80010000 0x00000001
core   0: 0x80009d7c (0xff9ff06f) j       pc - 0x8
core   0: 3 0x80009d7c (0xff9ff06f)
core   0: 0x80009d74 (0x00006f17) auipc   t5, 0x6
core   0: 3 0x80009d74 (0x00006f17) x30 0x8000fd74
core   0: 0x80009d78 (0x283f2623) sw      gp, 652(t5)
core   0: 3 0x80009d78 (0x283f2623) mem 0x80010000 0x00000001
core   0: 0x80009d7c (0xff9ff06f) j       pc - 0x8
core   0: 3 0x80009d7c (0xff9ff06f)
core   0: 0x80009d74 (0x00006f17) auipc   t5, 0x6
core   0: 3 0x80009d74 (0x00006f17) x30 0x8000fd74
core   0: 0x80009d78 (0x283f2623) sw      gp, 652(t5)
core   0: 3 0x80009d78 (0x283f2623) mem 0x80010000 0x00000001
core   0: 0x80009d7c (0xff9ff06f) j       pc - 0x8
core   0: 3 0x80009d7c (0xff9ff06f)
core   0: 0x80009d74 (0x00006f17) auipc   t5, 0x6
core   0: 3 0x80009d74 (0x00006f17) x30 0x8000fd74
core   0: 0x80009d78 (0x283f2623) sw      gp, 652(t5)
core   0: 3 0x80009d78 (0x283f2623) mem 0x80010000 0x00000001
core   0: 0x80009d7c (0xff9ff06f) j       pc - 0x8
core   0: 3 0x80009d7c (0xff9ff06f)
core   0: 0x80009d74 (0x00006f17) auipc   t5, 0x6
core   0: 3 0x80009d74 (0x00006f17) x30 0x8000fd74
core   0: 0x80009d78 (0x283f2623) sw      gp, 652(t5)
core   0: 3 0x80009d78 (0x283f2623) mem 0x80010000 0x00000001
core   0: 0x80009d7c (0xff9ff06f) j       pc - 0x8
core   0: 3 0x80009d7c (0xff9ff06f)
core   0: 0x80009d74 (0x00006f17) auipc   t5, 0x6
core   0: 3 0x80009d74 (0x00006f17) x30 0x8000fd74
core   0: 0x80009d78 (0x283f2623) sw      gp, 652(t5)
core   0: 3 0x80009d78 (0x283f2623) mem 0x80010000 0x00000001
core   0: 0x80009d7c (0xff9ff06f) j       pc - 0x8
core   0: 3 0x80009d7c (0xff9ff06f)
core   0: 0x80009d74 (0x00006f17) auipc   t5, 0x6
core   0: 3 0x80009d74 (0x00006f17) x30 0x8000fd74
core   0: 0x80009d78 (0x283f2623) sw      gp, 652(t5)
core   0: 3 0x80009d78 (0x283f2623) mem 0x80010000 0x00000001
core   0: 0x80009d7c (0xff9ff06f) j       pc - 0x8
core   0: 3 0x80009d7c (0xff9ff06f)
core   0: 0x80009d74 (0x00006f17) auipc   t5, 0x6
core   0: 3 0x80009d74 (0x00006f17) x30 0x8000fd74
core   0: 0x80009d78 (0x283f2623) sw      gp, 652(t5)
core   0: 3 0x80009d78 (0x283f2623) mem 0x80010000 0x00000001
core   0: 0x80009d7c (0xff9ff06f) j       pc - 0x8
core   0: 3 0x80009d7c (0xff9ff06f)
core   0: 0x80009d74 (0x00006f17) auipc   t5, 0x6
core   0: 3 0x80009d74 (0x00006f17) x30 0x8000fd74
core   0: 0x80009d78 (0x283f2623) sw      gp, 652(t5)
core   0: 3 0x80009d78 (0x283f2623) mem 0x80010000 0x00000001
core   0: 0x80009d7c (0xff9ff06f) j       pc - 0x8
core   0: 3 0x80009d7c (0xff9ff06f)
core   0: 0x80009d74 (0x00006f17) auipc   t5, 0x6
core   0: 3 0x80009d74 (0x00006f17) x30 0x8000fd74
core   0: 0x80009d78 (0x283f2623) sw      gp, 652(t5)
core   0: 3 0x80009d78 (0x283f2623) mem 0x80010000 0x00000001
core   0: 0x80009d7c (0xff9ff06f) j       pc - 0x8
core   0: 3 0x80009d7c (0xff9ff06f)
core   0: 0x80009d74 (0x00006f17) auipc   t5, 0x6
core   0: 3 0x80009d74 (0x00006f17) x30 0x8000fd74
core   0: 0x80009d78 (0x283f2623) sw      gp, 652(t5)
core   0: 3 0x80009d78 (0x283f2623) mem 0x80010000 0x00000001
core   0: 0x80009d7c (0xff9ff06f) j       pc - 0x8
core   0: 3 0x80009d7c (0xff9ff06f)
core   0: 0x80009d74 (0x00006f17) auipc   t5, 0x6
core   0: 3 0x80009d74 (0x00006f17) x30 0x8000fd74
core   0: 0x80009d78 (0x283f2623) sw      gp, 652(t5)
core   0: 3 0x80009d78 (0x283f2623) mem 0x80010000 0x00000001
core   0: 0x80009d7c (0xff9ff06f) j       pc - 0x8
core   0: 3 0x80009d7c (0xff9ff06f)
core   0: 0x80009d74 (0x00006f17) auipc   t5, 0x6
core   0: 3 0x80009d74 (0x00006f17) x30 0x8000fd74
core   0: 0x80009d78 (0x283f2623) sw      gp, 652(t5)
core   0: 3 0x80009d78 (0x283f2623) mem 0x80010000 0x00000001
core   0: 0x80009d7c (0xff9ff06f) j       pc - 0x8
core   0: 3 0x80009d7c (0xff9ff06f)
core   0: 0x80009d74 (0x00006f17) auipc   t5, 0x6
core   0: 3 0x80009d74 (0x00006f17) x30 0x8000fd74
core   0: 0x80009d78 (0x283f2623) sw      gp, 652(t5)
core   0: 3 0x80009d78 (0x283f2623) mem 0x80010000 0x00000001
core   0: 0x80009d7c (0xff9ff06f) j       pc - 0x8
core   0: 3 0x80009d7c (0xff9ff06f)
core   0: 0x80009d74 (0x00006f17) auipc   t5, 0x6
core   0: 3 0x80009d74 (0x00006f17) x30 0x8000fd74
core   0: 0x80009d78 (0x283f2623) sw      gp, 652(t5)
core   0: 3 0x80009d78 (0x283f2623) mem 0x80010000 0x00000001
core   0: 0x80009d7c (0xff9ff06f) j       pc - 0x8
core   0: 3 0x80009d7c (0xff9ff06f)
core   0: 0x80009d74 (0x00006f17) auipc   t5, 0x6
core   0: 3 0x80009d74 (0x00006f17) x30 0x8000fd74
core   0: 0x80009d78 (0x283f2623) sw      gp, 652(t5)
core   0: 3 0x80009d78 (0x283f2623) mem 0x80010000 0x00000001
core   0: 0x80009d7c (0xff9ff06f) j       pc - 0x8
core   0: 3 0x80009d7c (0xff9ff06f)
core   0: 0x80009d74 (0x00006f17) auipc   t5, 0x6
core   0: 3 0x80009d74 (0x00006f17) x30 0x8000fd74
core   0: 0x80009d78 (0x283f2623) sw      gp, 652(t5)
core   0: 3 0x80009d78 (0x283f2623) mem 0x80010000 0x00000001
core   0: 0x80009d7c (0xff9ff06f) j       pc - 0x8
core   0: 3 0x80009d7c (0xff9ff06f)
core   0: 0x80009d74 (0x00006f17) auipc   t5, 0x6
core   0: 3 0x80009d74 (0x00006f17) x30 0x8000fd74
core   0: 0x80009d78 (0x283f2623) sw      gp, 652(t5)
core   0: 3 0x80009d78 (0x283f2623) mem 0x80010000 0x00000001
core   0: 0x80009d7c (0xff9ff06f) j       pc - 0x8
core   0: 3 0x80009d7c (0xff9ff06f)
core   0: 0x80009d74 (0x00006f17) auipc   t5, 0x6
core   0: 3 0x80009d74 (0x00006f17) x30 0x8000fd74
core   0: 0x80009d78 (0x283f2623) sw      gp, 652(t5)
core   0: 3 0x80009d78 (0x283f2623) mem 0x80010000 0x00000001
core   0: 0x80009d7c (0xff9ff06f) j       pc - 0x8
core   0: 3 0x80009d7c (0xff9ff06f)
core   0: 0x80009d74 (0x00006f17) auipc   t5, 0x6
core   0: 3 0x80009d74 (0x00006f17) x30 0x8000fd74
core   0: 0x80009d78 (0x283f2623) sw      gp, 652(t5)
core   0: 3 0x80009d78 (0x283f2623) mem 0x80010000 0x00000001
core   0: 0x80009d7c (0xff9ff06f) j       pc - 0x8
core   0: 3 0x80009d7c (0xff9ff06f)
core   0: 0x80009d74 (0x00006f17) auipc   t5, 0x6
core   0: 3 0x80009d74 (0x00006f17) x30 0x8000fd74
core   0: 0x80009d78 (0x283f2623) sw      gp, 652(t5)
core   0: 3 0x80009d78 (0x283f2623) mem 0x80010000 0x00000001
core   0: 0x80009d7c (0xff9ff06f) j       pc - 0x8
core   0: 3 0x80009d7c (0xff9ff06f)
core   0: 0x80009d74 (0x00006f17) auipc   t5, 0x6
core   0: 3 0x80009d74 (0x00006f17) x30 0x8000fd74
core   0: 0x80009d78 (0x283f2623) sw      gp, 652(t5)
core   0: 3 0x80009d78 (0x283f2623) mem 0x80010000 0x00000001
core   0: 0x80009d7c (0xff9ff06f) j       pc - 0x8
core   0: 3 0x80009d7c (0xff9ff06f)
core   0: 0x80009d74 (0x00006f17) auipc   t5, 0x6
core   0: 3 0x80009d74 (0x00006f17) x30 0x8000fd74
core   0: 0x80009d78 (0x283f2623) sw      gp, 652(t5)
core   0: 3 0x80009d78 (0x283f2623) mem 0x80010000 0x00000001
core   0: 0x80009d7c (0xff9ff06f) j       pc - 0x8
core   0: 3 0x80009d7c (0xff9ff06f)
core   0: 0x80009d74 (0x00006f17) auipc   t5, 0x6
core   0: 3 0x80009d74 (0x00006f17) x30 0x8000fd74
core   0: 0x80009d78 (0x283f2623) sw      gp, 652(t5)
core   0: 3 0x80009d78 (0x283f2623) mem 0x80010000 0x00000001
core   0: 0x80009d7c (0xff9ff06f) j       pc - 0x8
core   0: 3 0x80009d7c (0xff9ff06f)
core   0: 0x80009d74 (0x00006f17) auipc   t5, 0x6
core   0: 3 0x80009d74 (0x00006f17) x30 0x8000fd74
core   0: 0x80009d78 (0x283f2623) sw      gp, 652(t5)
core   0: 3 0x80009d78 (0x283f2623) mem 0x80010000 0x00000001
core   0: 0x80009d7c (0xff9ff06f) j       pc - 0x8
core   0: 3 0x80009d7c (0xff9ff06f)
core   0: 0x80009d74 (0x00006f17) auipc   t5, 0x6
core   0: 3 0x80009d74 (0x00006f17) x30 0x8000fd74
core   0: 0x80009d78 (0x283f2623) sw      gp, 652(t5)
core   0: 3 0x80009d78 (0x283f2623) mem 0x80010000 0x00000001
core   0: 0x80009d7c (0xff9ff06f) j       pc - 0x8
core   0: 3 0x80009d7c (0xff9ff06f)
core   0: 0x80009d74 (0x00006f17) auipc   t5, 0x6
core   0: 3 0x80009d74 (0x00006f17) x30 0x8000fd74
core   0: 0x80009d78 (0x283f2623) sw      gp, 652(t5)
core   0: 3 0x80009d78 (0x283f2623) mem 0x80010000 0x00000001
core   0: 0x80009d7c (0xff9ff06f) j       pc - 0x8
core   0: 3 0x80009d7c (0xff9ff06f)
core   0: 0x80009d74 (0x00006f17) auipc   t5, 0x6
core   0: 3 0x80009d74 (0x00006f17) x30 0x8000fd74
core   0: 0x80009d78 (0x283f2623) sw      gp, 652(t5)
core   0: 3 0x80009d78 (0x283f2623) mem 0x80010000 0x00000001
core   0: 0x80009d7c (0xff9ff06f) j       pc - 0x8
core   0: 3 0x80009d7c (0xff9ff06f)
core   0: 0x80009d74 (0x00006f17) auipc   t5, 0x6
core   0: 3 0x80009d74 (0x00006f17) x30 0x8000fd74
core   0: 0x80009d78 (0x283f2623) sw      gp, 652(t5)
core   0: 3 0x80009d78 (0x283f2623) mem 0x80010000 0x00000001
core   0: 0x80009d7c (0xff9ff06f) j       pc - 0x8
core   0: 3 0x80009d7c (0xff9ff06f)
core   0: 0x80009d74 (0x00006f17) auipc   t5, 0x6
core   0: 3 0x80009d74 (0x00006f17) x30 0x8000fd74
core   0: 0x80009d78 (0x283f2623) sw      gp, 652(t5)
core   0: 3 0x80009d78 (0x283f2623) mem 0x80010000 0x00000001
core   0: 0x80009d7c (0xff9ff06f) j       pc - 0x8
core   0: 3 0x80009d7c (0xff9ff06f)
core   0: 0x80009d74 (0x00006f17) auipc   t5, 0x6
core   0: 3 0x80009d74 (0x00006f17) x30 0x8000fd74
core   0: 0x80009d78 (0x283f2623) sw      gp, 652(t5)
core   0: 3 0x80009d78 (0x283f2623) mem 0x80010000 0x00000001
core   0: 0x80009d7c (0xff9ff06f) j       pc - 0x8
core   0: 3 0x80009d7c (0xff9ff06f)
core   0: 0x80009d74 (0x00006f17) auipc   t5, 0x6
core   0: 3 0x80009d74 (0x00006f17) x30 0x8000fd74
core   0: 0x80009d78 (0x283f2623) sw      gp, 652(t5)
core   0: 3 0x80009d78 (0x283f2623) mem 0x80010000 0x00000001
core   0: 0x80009d7c (0xff9ff06f) j       pc - 0x8
core   0: 3 0x80009d7c (0xff9ff06f)
core   0: 0x80009d74 (0x00006f17) auipc   t5, 0x6
core   0: 3 0x80009d74 (0x00006f17) x30 0x8000fd74
core   0: 0x80009d78 (0x283f2623) sw      gp, 652(t5)
core   0: 3 0x80009d78 (0x283f2623) mem 0x80010000 0x00000001
core   0: 0x80009d7c (0xff9ff06f) j       pc - 0x8
core   0: 3 0x80009d7c (0xff9ff06f)
core   0: 0x80009d74 (0x00006f17) auipc   t5, 0x6
core   0: 3 0x80009d74 (0x00006f17) x30 0x8000fd74
core   0: 0x80009d78 (0x283f2623) sw      gp, 652(t5)
core   0: 3 0x80009d78 (0x283f2623) mem 0x80010000 0x00000001
core   0: 0x80009d7c (0xff9ff06f) j       pc - 0x8
core   0: 3 0x80009d7c (0xff9ff06f)
core   0: 0x80009d74 (0x00006f17) auipc   t5, 0x6
core   0: 3 0x80009d74 (0x00006f17) x30 0x8000fd74
core   0: 0x80009d78 (0x283f2623) sw      gp, 652(t5)
core   0: 3 0x80009d78 (0x283f2623) mem 0x80010000 0x00000001
core   0: 0x80009d7c (0xff9ff06f) j       pc - 0x8
core   0: 3 0x80009d7c (0xff9ff06f)
core   0: 0x80009d74 (0x00006f17) auipc   t5, 0x6
core   0: 3 0x80009d74 (0x00006f17) x30 0x8000fd74
core   0: 0x80009d78 (0x283f2623) sw      gp, 652(t5)
core   0: 3 0x80009d78 (0x283f2623) mem 0x80010000 0x00000001
core   0: 0x80009d7c (0xff9ff06f) j       pc - 0x8
core   0: 3 0x80009d7c (0xff9ff06f)
core   0: 0x80009d74 (0x00006f17) auipc   t5, 0x6
core   0: 3 0x80009d74 (0x00006f17) x30 0x8000fd74
core   0: 0x80009d78 (0x283f2623) sw      gp, 652(t5)
core   0: 3 0x80009d78 (0x283f2623) mem 0x80010000 0x00000001
core   0: 0x80009d7c (0xff9ff06f) j       pc - 0x8
core   0: 3 0x80009d7c (0xff9ff06f)
core   0: 0x80009d74 (0x00006f17) auipc   t5, 0x6
core   0: 3 0x80009d74 (0x00006f17) x30 0x8000fd74
core   0: 0x80009d78 (0x283f2623) sw      gp, 652(t5)
core   0: 3 0x80009d78 (0x283f2623) mem 0x80010000 0x00000001
core   0: 0x80009d7c (0xff9ff06f) j       pc - 0x8
core   0: 3 0x80009d7c (0xff9ff06f)
core   0: 0x80009d74 (0x00006f17) auipc   t5, 0x6
core   0: 3 0x80009d74 (0x00006f17) x30 0x8000fd74
core   0: 0x80009d78 (0x283f2623) sw      gp, 652(t5)
core   0: 3 0x80009d78 (0x283f2623) mem 0x80010000 0x00000001
core   0: 0x80009d7c (0xff9ff06f) j       pc - 0x8
core   0: 3 0x80009d7c (0xff9ff06f)
core   0: 0x80009d74 (0x00006f17) auipc   t5, 0x6
core   0: 3 0x80009d74 (0x00006f17) x30 0x8000fd74
core   0: 0x80009d78 (0x283f2623) sw      gp, 652(t5)
core   0: 3 0x80009d78 (0x283f2623) mem 0x80010000 0x00000001
core   0: 0x80009d7c (0xff9ff06f) j       pc - 0x8
core   0: 3 0x80009d7c (0xff9ff06f)
core   0: 0x80009d74 (0x00006f17) auipc   t5, 0x6
core   0: 3 0x80009d74 (0x00006f17) x30 0x8000fd74
core   0: 0x80009d78 (0x283f2623) sw      gp, 652(t5)
core   0: 3 0x80009d78 (0x283f2623) mem 0x80010000 0x00000001
core   0: 0x80009d7c (0xff9ff06f) j       pc - 0x8
core   0: 3 0x80009d7c (0xff9ff06f)
core   0: 0x80009d74 (0x00006f17) auipc   t5, 0x6
core   0: 3 0x80009d74 (0x00006f17) x30 0x8000fd74
core   0: 0x80009d78 (0x283f2623) sw      gp, 652(t5)
core   0: 3 0x80009d78 (0x283f2623) mem 0x80010000 0x00000001
core   0: 0x80009d7c (0xff9ff06f) j       pc - 0x8
core   0: 3 0x80009d7c (0xff9ff06f)
core   0: 0x80009d74 (0x00006f17) auipc   t5, 0x6
core   0: 3 0x80009d74 (0x00006f17) x30 0x8000fd74
core   0: 0x80009d78 (0x283f2623) sw      gp, 652(t5)
core   0: 3 0x80009d78 (0x283f2623) mem 0x80010000 0x00000001
core   0: 0x80009d7c (0xff9ff06f) j       pc - 0x8
core   0: 3 0x80009d7c (0xff9ff06f)
core   0: 0x80009d74 (0x00006f17) auipc   t5, 0x6
core   0: 3 0x80009d74 (0x00006f17) x30 0x8000fd74
core   0: 0x80009d78 (0x283f2623) sw      gp, 652(t5)
core   0: 3 0x80009d78 (0x283f2623) mem 0x80010000 0x00000001
core   0: 0x80009d7c (0xff9ff06f) j       pc - 0x8
core   0: 3 0x80009d7c (0xff9ff06f)
core   0: 0x80009d74 (0x00006f17) auipc   t5, 0x6
core   0: 3 0x80009d74 (0x00006f17) x30 0x8000fd74
core   0: 0x80009d78 (0x283f2623) sw      gp, 652(t5)
core   0: 3 0x80009d78 (0x283f2623) mem 0x80010000 0x00000001
core   0: 0x80009d7c (0xff9ff06f) j       pc - 0x8
core   0: 3 0x80009d7c (0xff9ff06f)
core   0: 0x80009d74 (0x00006f17) auipc   t5, 0x6
core   0: 3 0x80009d74 (0x00006f17) x30 0x8000fd74
core   0: 0x80009d78 (0x283f2623) sw      gp, 652(t5)
core   0: 3 0x80009d78 (0x283f2623) mem 0x80010000 0x00000001
core   0: 0x80009d7c (0xff9ff06f) j       pc - 0x8
core   0: 3 0x80009d7c (0xff9ff06f)
core   0: 0x80009d74 (0x00006f17) auipc   t5, 0x6
core   0: 3 0x80009d74 (0x00006f17) x30 0x8000fd74
core   0: 0x80009d78 (0x283f2623) sw      gp, 652(t5)
core   0: 3 0x80009d78 (0x283f2623) mem 0x80010000 0x00000001
core   0: 0x80009d7c (0xff9ff06f) j       pc - 0x8
core   0: 3 0x80009d7c (0xff9ff06f)
core   0: 0x80009d74 (0x00006f17) auipc   t5, 0x6
core   0: 3 0x80009d74 (0x00006f17) x30 0x8000fd74
core   0: 0x80009d78 (0x283f2623) sw      gp, 652(t5)
core   0: 3 0x80009d78 (0x283f2623) mem 0x80010000 0x00000001
core   0: 0x80009d7c (0xff9ff06f) j       pc - 0x8
core   0: 3 0x80009d7c (0xff9ff06f)
core   0: 0x80009d74 (0x00006f17) auipc   t5, 0x6
core   0: 3 0x80009d74 (0x00006f17) x30 0x8000fd74
core   0: 0x80009d78 (0x283f2623) sw      gp, 652(t5)
core   0: 3 0x80009d78 (0x283f2623) mem 0x80010000 0x00000001
core   0: 0x80009d7c (0xff9ff06f) j       pc - 0x8
core   0: 3 0x80009d7c (0xff9ff06f)
core   0: 0x80009d74 (0x00006f17) auipc   t5, 0x6
core   0: 3 0x80009d74 (0x00006f17) x30 0x8000fd74
core   0: 0x80009d78 (0x283f2623) sw      gp, 652(t5)
core   0: 3 0x80009d78 (0x283f2623) mem 0x80010000 0x00000001
core   0: 0x80009d7c (0xff9ff06f) j       pc - 0x8
core   0: 3 0x80009d7c (0xff9ff06f)
core   0: 0x80009d74 (0x00006f17) auipc   t5, 0x6
core   0: 3 0x80009d74 (0x00006f17) x30 0x8000fd74
core   0: 0x80009d78 (0x283f2623) sw      gp, 652(t5)
core   0: 3 0x80009d78 (0x283f2623) mem 0x80010000 0x00000001
core   0: 0x80009d7c (0xff9ff06f) j       pc - 0x8
core   0: 3 0x80009d7c (0xff9ff06f)
core   0: 0x80009d74 (0x00006f17) auipc   t5, 0x6
core   0: 3 0x80009d74 (0x00006f17) x30 0x8000fd74
core   0: 0x80009d78 (0x283f2623) sw      gp, 652(t5)
core   0: 3 0x80009d78 (0x283f2623) mem 0x80010000 0x00000001
core   0: 0x80009d7c (0xff9ff06f) j       pc - 0x8
core   0: 3 0x80009d7c (0xff9ff06f)
core   0: 0x80009d74 (0x00006f17) auipc   t5, 0x6
core   0: 3 0x80009d74 (0x00006f17) x30 0x8000fd74
core   0: 0x80009d78 (0x283f2623) sw      gp, 652(t5)
core   0: 3 0x80009d78 (0x283f2623) mem 0x80010000 0x00000001
core   0: 0x80009d7c (0xff9ff06f) j       pc - 0x8
core   0: 3 0x80009d7c (0xff9ff06f)
core   0: 0x80009d74 (0x00006f17) auipc   t5, 0x6
core   0: 3 0x80009d74 (0x00006f17) x30 0x8000fd74
core   0: 0x80009d78 (0x283f2623) sw      gp, 652(t5)
core   0: 3 0x80009d78 (0x283f2623) mem 0x80010000 0x00000001
core   0: 0x80009d7c (0xff9ff06f) j       pc - 0x8
core   0: 3 0x80009d7c (0xff9ff06f)
core   0: 0x80009d74 (0x00006f17) auipc   t5, 0x6
core   0: 3 0x80009d74 (0x00006f17) x30 0x8000fd74
core   0: 0x80009d78 (0x283f2623) sw      gp, 652(t5)
core   0: 3 0x80009d78 (0x283f2623) mem 0x80010000 0x00000001
core   0: 0x80009d7c (0xff9ff06f) j       pc - 0x8
core   0: 3 0x80009d7c (0xff9ff06f)
core   0: 0x80009d74 (0x00006f17) auipc   t5, 0x6
core   0: 3 0x80009d74 (0x00006f17) x30 0x8000fd74
core   0: 0x80009d78 (0x283f2623) sw      gp, 652(t5)
core   0: 3 0x80009d78 (0x283f2623) mem 0x80010000 0x00000001
core   0: 0x80009d7c (0xff9ff06f) j       pc - 0x8
core   0: 3 0x80009d7c (0xff9ff06f)
core   0: 0x80009d74 (0x00006f17) auipc   t5, 0x6
core   0: 3 0x80009d74 (0x00006f17) x30 0x8000fd74
core   0: 0x80009d78 (0x283f2623) sw      gp, 652(t5)
core   0: 3 0x80009d78 (0x283f2623) mem 0x80010000 0x00000001
core   0: 0x80009d7c (0xff9ff06f) j       pc - 0x8
core   0: 3 0x80009d7c (0xff9ff06f)
core   0: 0x80009d74 (0x00006f17) auipc   t5, 0x6
core   0: 3 0x80009d74 (0x00006f17) x30 0x8000fd74
core   0: 0x80009d78 (0x283f2623) sw      gp, 652(t5)
core   0: 3 0x80009d78 (0x283f2623) mem 0x80010000 0x00000001
core   0: 0x80009d7c (0xff9ff06f) j       pc - 0x8
core   0: 3 0x80009d7c (0xff9ff06f)
core   0: 0x80009d74 (0x00006f17) auipc   t5, 0x6
core   0: 3 0x80009d74 (0x00006f17) x30 0x8000fd74
core   0: 0x80009d78 (0x283f2623) sw      gp, 652(t5)
core   0: 3 0x80009d78 (0x283f2623) mem 0x80010000 0x00000001
core   0: 0x80009d7c (0xff9ff06f) j       pc - 0x8
core   0: 3 0x80009d7c (0xff9ff06f)
core   0: 0x80009d74 (0x00006f17) auipc   t5, 0x6
core   0: 3 0x80009d74 (0x00006f17) x30 0x8000fd74
core   0: 0x80009d78 (0x283f2623) sw      gp, 652(t5)
core   0: 3 0x80009d78 (0x283f2623) mem 0x80010000 0x00000001
core   0: 0x80009d7c (0xff9ff06f) j       pc - 0x8
core   0: 3 0x80009d7c (0xff9ff06f)
core   0: 0x80009d74 (0x00006f17) auipc   t5, 0x6
core   0: 3 0x80009d74 (0x00006f17) x30 0x8000fd74
core   0: 0x80009d78 (0x283f2623) sw      gp, 652(t5)
core   0: 3 0x80009d78 (0x283f2623) mem 0x80010000 0x00000001
core   0: 0x80009d7c (0xff9ff06f) j       pc - 0x8
core   0: 3 0x80009d7c (0xff9ff06f)
core   0: 0x80009d74 (0x00006f17) auipc   t5, 0x6
core   0: 3 0x80009d74 (0x00006f17) x30 0x8000fd74
core   0: 0x80009d78 (0x283f2623) sw      gp, 652(t5)
core   0: 3 0x80009d78 (0x283f2623) mem 0x80010000 0x00000001
core   0: 0x80009d7c (0xff9ff06f) j       pc - 0x8
core   0: 3 0x80009d7c (0xff9ff06f)
core   0: 0x80009d74 (0x00006f17) auipc   t5, 0x6
core   0: 3 0x80009d74 (0x00006f17) x30 0x8000fd74
core   0: 0x80009d78 (0x283f2623) sw      gp, 652(t5)
core   0: 3 0x80009d78 (0x283f2623) mem 0x80010000 0x00000001
core   0: 0x80009d7c (0xff9ff06f) j       pc - 0x8
core   0: 3 0x80009d7c (0xff9ff06f)
core   0: 0x80009d74 (0x00006f17) auipc   t5, 0x6
core   0: 3 0x80009d74 (0x00006f17) x30 0x8000fd74
core   0: 0x80009d78 (0x283f2623) sw      gp, 652(t5)
core   0: 3 0x80009d78 (0x283f2623) mem 0x80010000 0x00000001
core   0: 0x80009d7c (0xff9ff06f) j       pc - 0x8
core   0: 3 0x80009d7c (0xff9ff06f)
core   0: 0x80009d74 (0x00006f17) auipc   t5, 0x6
core   0: 3 0x80009d74 (0x00006f17) x30 0x8000fd74
core   0: 0x80009d78 (0x283f2623) sw      gp, 652(t5)
core   0: 3 0x80009d78 (0x283f2623) mem 0x80010000 0x00000001
core   0: 0x80009d7c (0xff9ff06f) j       pc - 0x8
core   0: 3 0x80009d7c (0xff9ff06f)
core   0: 0x80009d74 (0x00006f17) auipc   t5, 0x6
core   0: 3 0x80009d74 (0x00006f17) x30 0x8000fd74
core   0: 0x80009d78 (0x283f2623) sw      gp, 652(t5)
core   0: 3 0x80009d78 (0x283f2623) mem 0x80010000 0x00000001
core   0: 0x80009d7c (0xff9ff06f) j       pc - 0x8
core   0: 3 0x80009d7c (0xff9ff06f)
core   0: 0x80009d74 (0x00006f17) auipc   t5, 0x6
core   0: 3 0x80009d74 (0x00006f17) x30 0x8000fd74
core   0: 0x80009d78 (0x283f2623) sw      gp, 652(t5)
core   0: 3 0x80009d78 (0x283f2623) mem 0x80010000 0x00000001
core   0: 0x80009d7c (0xff9ff06f) j       pc - 0x8
core   0: 3 0x80009d7c (0xff9ff06f)
core   0: 0x80009d74 (0x00006f17) auipc   t5, 0x6
core   0: 3 0x80009d74 (0x00006f17) x30 0x8000fd74
core   0: 0x80009d78 (0x283f2623) sw      gp, 652(t5)
core   0: 3 0x80009d78 (0x283f2623) mem 0x80010000 0x00000001
core   0: 0x80009d7c (0xff9ff06f) j       pc - 0x8
core   0: 3 0x80009d7c (0xff9ff06f)
core   0: 0x80009d74 (0x00006f17) auipc   t5, 0x6
core   0: 3 0x80009d74 (0x00006f17) x30 0x8000fd74
core   0: 0x80009d78 (0x283f2623) sw      gp, 652(t5)
core   0: 3 0x80009d78 (0x283f2623) mem 0x80010000 0x00000001
core   0: 0x80009d7c (0xff9ff06f) j       pc - 0x8
core   0: 3 0x80009d7c (0xff9ff06f)
core   0: 0x80009d74 (0x00006f17) auipc   t5, 0x6
core   0: 3 0x80009d74 (0x00006f17) x30 0x8000fd74
core   0: 0x80009d78 (0x283f2623) sw      gp, 652(t5)
core   0: 3 0x80009d78 (0x283f2623) mem 0x80010000 0x00000001
core   0: 0x80009d7c (0xff9ff06f) j       pc - 0x8
core   0: 3 0x80009d7c (0xff9ff06f)
core   0: 0x80009d74 (0x00006f17) auipc   t5, 0x6
core   0: 3 0x80009d74 (0x00006f17) x30 0x8000fd74
core   0: 0x80009d78 (0x283f2623) sw      gp, 652(t5)
core   0: 3 0x80009d78 (0x283f2623) mem 0x80010000 0x00000001
core   0: 0x80009d7c (0xff9ff06f) j       pc - 0x8
core   0: 3 0x80009d7c (0xff9ff06f)
core   0: 0x80009d74 (0x00006f17) auipc   t5, 0x6
core   0: 3 0x80009d74 (0x00006f17) x30 0x8000fd74
core   0: 0x80009d78 (0x283f2623) sw      gp, 652(t5)
core   0: 3 0x80009d78 (0x283f2623) mem 0x80010000 0x00000001
core   0: 0x80009d7c (0xff9ff06f) j       pc - 0x8
core   0: 3 0x80009d7c (0xff9ff06f)
core   0: 0x80009d74 (0x00006f17) auipc   t5, 0x6
core   0: 3 0x80009d74 (0x00006f17) x30 0x8000fd74
core   0: 0x80009d78 (0x283f2623) sw      gp, 652(t5)
core   0: 3 0x80009d78 (0x283f2623) mem 0x80010000 0x00000001
core   0: 0x80009d7c (0xff9ff06f) j       pc - 0x8
core   0: 3 0x80009d7c (0xff9ff06f)
core   0: 0x80009d74 (0x00006f17) auipc   t5, 0x6
core   0: 3 0x80009d74 (0x00006f17) x30 0x8000fd74
core   0: 0x80009d78 (0x283f2623) sw      gp, 652(t5)
core   0: 3 0x80009d78 (0x283f2623) mem 0x80010000 0x00000001
core   0: 0x80009d7c (0xff9ff06f) j       pc - 0x8
core   0: 3 0x80009d7c (0xff9ff06f)
core   0: 0x80009d74 (0x00006f17) auipc   t5, 0x6
core   0: 3 0x80009d74 (0x00006f17) x30 0x8000fd74
core   0: 0x80009d78 (0x283f2623) sw      gp, 652(t5)
core   0: 3 0x80009d78 (0x283f2623) mem 0x80010000 0x00000001
core   0: 0x80009d7c (0xff9ff06f) j       pc - 0x8
core   0: 3 0x80009d7c (0xff9ff06f)
core   0: 0x80009d74 (0x00006f17) auipc   t5, 0x6
core   0: 3 0x80009d74 (0x00006f17) x30 0x8000fd74
core   0: 0x80009d78 (0x283f2623) sw      gp, 652(t5)
core   0: 3 0x80009d78 (0x283f2623) mem 0x80010000 0x00000001
core   0: 0x80009d7c (0xff9ff06f) j       pc - 0x8
core   0: 3 0x80009d7c (0xff9ff06f)
core   0: 0x80009d74 (0x00006f17) auipc   t5, 0x6
core   0: 3 0x80009d74 (0x00006f17) x30 0x8000fd74
core   0: 0x80009d78 (0x283f2623) sw      gp, 652(t5)
core   0: 3 0x80009d78 (0x283f2623) mem 0x80010000 0x00000001
core   0: 0x80009d7c (0xff9ff06f) j       pc - 0x8
core   0: 3 0x80009d7c (0xff9ff06f)
core   0: 0x80009d74 (0x00006f17) auipc   t5, 0x6
core   0: 3 0x80009d74 (0x00006f17) x30 0x8000fd74
core   0: 0x80009d78 (0x283f2623) sw      gp, 652(t5)
core   0: 3 0x80009d78 (0x283f2623) mem 0x80010000 0x00000001
core   0: 0x80009d7c (0xff9ff06f) j       pc - 0x8
core   0: 3 0x80009d7c (0xff9ff06f)
core   0: 0x80009d74 (0x00006f17) auipc   t5, 0x6
core   0: 3 0x80009d74 (0x00006f17) x30 0x8000fd74
core   0: 0x80009d78 (0x283f2623) sw      gp, 652(t5)
core   0: 3 0x80009d78 (0x283f2623) mem 0x80010000 0x00000001
core   0: 0x80009d7c (0xff9ff06f) j       pc - 0x8
core   0: 3 0x80009d7c (0xff9ff06f)
core   0: 0x80009d74 (0x00006f17) auipc   t5, 0x6
core   0: 3 0x80009d74 (0x00006f17) x30 0x8000fd74
core   0: 0x80009d78 (0x283f2623) sw      gp, 652(t5)
core   0: 3 0x80009d78 (0x283f2623) mem 0x80010000 0x00000001
core   0: 0x80009d7c (0xff9ff06f) j       pc - 0x8
core   0: 3 0x80009d7c (0xff9ff06f)
core   0: 0x80009d74 (0x00006f17) auipc   t5, 0x6
core   0: 3 0x80009d74 (0x00006f17) x30 0x8000fd74
core   0: 0x80009d78 (0x283f2623) sw      gp, 652(t5)
core   0: 3 0x80009d78 (0x283f2623) mem 0x80010000 0x00000001
core   0: 0x80009d7c (0xff9ff06f) j       pc - 0x8
core   0: 3 0x80009d7c (0xff9ff06f)
core   0: 0x80009d74 (0x00006f17) auipc   t5, 0x6
core   0: 3 0x80009d74 (0x00006f17) x30 0x8000fd74
core   0: 0x80009d78 (0x283f2623) sw      gp, 652(t5)
core   0: 3 0x80009d78 (0x283f2623) mem 0x80010000 0x00000001
core   0: 0x80009d7c (0xff9ff06f) j       pc - 0x8
core   0: 3 0x80009d7c (0xff9ff06f)
core   0: 0x80009d74 (0x00006f17) auipc   t5, 0x6
core   0: 3 0x80009d74 (0x00006f17) x30 0x8000fd74
core   0: 0x80009d78 (0x283f2623) sw      gp, 652(t5)
core   0: 3 0x80009d78 (0x283f2623) mem 0x80010000 0x00000001
core   0: 0x80009d7c (0xff9ff06f) j       pc - 0x8
core   0: 3 0x80009d7c (0xff9ff06f)
core   0: 0x80009d74 (0x00006f17) auipc   t5, 0x6
core   0: 3 0x80009d74 (0x00006f17) x30 0x8000fd74
core   0: 0x80009d78 (0x283f2623) sw      gp, 652(t5)
core   0: 3 0x80009d78 (0x283f2623) mem 0x80010000 0x00000001
core   0: 0x80009d7c (0xff9ff06f) j       pc - 0x8
core   0: 3 0x80009d7c (0xff9ff06f)
core   0: 0x80009d74 (0x00006f17) auipc   t5, 0x6
core   0: 3 0x80009d74 (0x00006f17) x30 0x8000fd74
core   0: 0x80009d78 (0x283f2623) sw      gp, 652(t5)
core   0: 3 0x80009d78 (0x283f2623) mem 0x80010000 0x00000001
core   0: 0x80009d7c (0xff9ff06f) j       pc - 0x8
core   0: 3 0x80009d7c (0xff9ff06f)
core   0: 0x80009d74 (0x00006f17) auipc   t5, 0x6
core   0: 3 0x80009d74 (0x00006f17) x30 0x8000fd74
core   0: 0x80009d78 (0x283f2623) sw      gp, 652(t5)
core   0: 3 0x80009d78 (0x283f2623) mem 0x80010000 0x00000001
core   0: 0x80009d7c (0xff9ff06f) j       pc - 0x8
core   0: 3 0x80009d7c (0xff9ff06f)
core   0: 0x80009d74 (0x00006f17) auipc   t5, 0x6
core   0: 3 0x80009d74 (0x00006f17) x30 0x8000fd74
core   0: 0x80009d78 (0x283f2623) sw      gp, 652(t5)
core   0: 3 0x80009d78 (0x283f2623) mem 0x80010000 0x00000001
core   0: 0x80009d7c (0xff9ff06f) j       pc - 0x8
core   0: 3 0x80009d7c (0xff9ff06f)
core   0: 0x80009d74 (0x00006f17) auipc   t5, 0x6
core   0: 3 0x80009d74 (0x00006f17) x30 0x8000fd74
core   0: 0x80009d78 (0x283f2623) sw      gp, 652(t5)
core   0: 3 0x80009d78 (0x283f2623) mem 0x80010000 0x00000001
core   0: 0x80009d7c (0xff9ff06f) j       pc - 0x8
core   0: 3 0x80009d7c (0xff9ff06f)
core   0: 0x80009d74 (0x00006f17) auipc   t5, 0x6
core   0: 3 0x80009d74 (0x00006f17) x30 0x8000fd74
core   0: 0x80009d78 (0x283f2623) sw      gp, 652(t5)
core   0: 3 0x80009d78 (0x283f2623) mem 0x80010000 0x00000001
core   0: 0x80009d7c (0xff9ff06f) j       pc - 0x8
core   0: 3 0x80009d7c (0xff9ff06f)
core   0: 0x80009d74 (0x00006f17) auipc   t5, 0x6
core   0: 3 0x80009d74 (0x00006f17) x30 0x8000fd74
core   0: 0x80009d78 (0x283f2623) sw      gp, 652(t5)
core   0: 3 0x80009d78 (0x283f2623) mem 0x80010000 0x00000001
core   0: 0x80009d7c (0xff9ff06f) j       pc - 0x8
core   0: 3 0x80009d7c (0xff9ff06f)
core   0: 0x80009d74 (0x00006f17) auipc   t5, 0x6
core   0: 3 0x80009d74 (0x00006f17) x30 0x8000fd74
core   0: 0x80009d78 (0x283f2623) sw      gp, 652(t5)
core   0: 3 0x80009d78 (0x283f2623) mem 0x80010000 0x00000001
core   0: 0x80009d7c (0xff9ff06f) j       pc - 0x8
core   0: 3 0x80009d7c (0xff9ff06f)
core   0: 0x80009d74 (0x00006f17) auipc   t5, 0x6
core   0: 3 0x80009d74 (0x00006f17) x30 0x8000fd74
core   0: 0x80009d78 (0x283f2623) sw      gp, 652(t5)
core   0: 3 0x80009d78 (0x283f2623) mem 0x80010000 0x00000001
core   0: 0x80009d7c (0xff9ff06f) j       pc - 0x8
core   0: 3 0x80009d7c (0xff9ff06f)
core   0: 0x80009d74 (0x00006f17) auipc   t5, 0x6
core   0: 3 0x80009d74 (0x00006f17) x30 0x8000fd74
core   0: 0x80009d78 (0x283f2623) sw      gp, 652(t5)
core   0: 3 0x80009d78 (0x283f2623) mem 0x80010000 0x00000001
core   0: 0x80009d7c (0xff9ff06f) j       pc - 0x8
core   0: 3 0x80009d7c (0xff9ff06f)
core   0: 0x80009d74 (0x00006f17) auipc   t5, 0x6
core   0: 3 0x80009d74 (0x00006f17) x30 0x8000fd74
core   0: 0x80009d78 (0x283f2623) sw      gp, 652(t5)
core   0: 3 0x80009d78 (0x283f2623) mem 0x80010000 0x00000001
core   0: 0x80009d7c (0xff9ff06f) j       pc - 0x8
core   0: 3 0x80009d7c (0xff9ff06f)
core   0: 0x80009d74 (0x00006f17) auipc   t5, 0x6
core   0: 3 0x80009d74 (0x00006f17) x30 0x8000fd74
core   0: 0x80009d78 (0x283f2623) sw      gp, 652(t5)
core   0: 3 0x80009d78 (0x283f2623) mem 0x80010000 0x00000001
core   0: 0x80009d7c (0xff9ff06f) j       pc - 0x8
core   0: 3 0x80009d7c (0xff9ff06f)
core   0: 0x80009d74 (0x00006f17) auipc   t5, 0x6
core   0: 3 0x80009d74 (0x00006f17) x30 0x8000fd74
core   0: 0x80009d78 (0x283f2623) sw      gp, 652(t5)
core   0: 3 0x80009d78 (0x283f2623) mem 0x80010000 0x00000001
core   0: 0x80009d7c (0xff9ff06f) j       pc - 0x8
core   0: 3 0x80009d7c (0xff9ff06f)
core   0: 0x80009d74 (0x00006f17) auipc   t5, 0x6
core   0: 3 0x80009d74 (0x00006f17) x30 0x8000fd74
core   0: 0x80009d78 (0x283f2623) sw      gp, 652(t5)
core   0: 3 0x80009d78 (0x283f2623) mem 0x80010000 0x00000001
core   0: 0x80009d7c (0xff9ff06f) j       pc - 0x8
core   0: 3 0x80009d7c (0xff9ff06f)
core   0: 0x80009d74 (0x00006f17) auipc   t5, 0x6
core   0: 3 0x80009d74 (0x00006f17) x30 0x8000fd74
core   0: 0x80009d78 (0x283f2623) sw      gp, 652(t5)
core   0: 3 0x80009d78 (0x283f2623) mem 0x80010000 0x00000001
core   0: 0x80009d7c (0xff9ff06f) j       pc - 0x8
core   0: 3 0x80009d7c (0xff9ff06f)
core   0: 0x80009d74 (0x00006f17) auipc   t5, 0x6
core   0: 3 0x80009d74 (0x00006f17) x30 0x8000fd74
core   0: 0x80009d78 (0x283f2623) sw      gp, 652(t5)
core   0: 3 0x80009d78 (0x283f2623) mem 0x80010000 0x00000001
core   0: 0x80009d7c (0xff9ff06f) j       pc - 0x8
core   0: 3 0x80009d7c (0xff9ff06f)
core   0: 0x80009d74 (0x00006f17) auipc   t5, 0x6
core   0: 3 0x80009d74 (0x00006f17) x30 0x8000fd74
core   0: 0x80009d78 (0x283f2623) sw      gp, 652(t5)
core   0: 3 0x80009d78 (0x283f2623) mem 0x80010000 0x00000001
core   0: 0x80009d7c (0xff9ff06f) j       pc - 0x8
core   0: 3 0x80009d7c (0xff9ff06f)
core   0: 0x80009d74 (0x00006f17) auipc   t5, 0x6
core   0: 3 0x80009d74 (0x00006f17) x30 0x8000fd74
core   0: 0x80009d78 (0x283f2623) sw      gp, 652(t5)
core   0: 3 0x80009d78 (0x283f2623) mem 0x80010000 0x00000001
core   0: 0x80009d7c (0xff9ff06f) j       pc - 0x8
core   0: 3 0x80009d7c (0xff9ff06f)
core   0: 0x80009d74 (0x00006f17) auipc   t5, 0x6
core   0: 3 0x80009d74 (0x00006f17) x30 0x8000fd74
core   0: 0x80009d78 (0x283f2623) sw      gp, 652(t5)
core   0: 3 0x80009d78 (0x283f2623) mem 0x80010000 0x00000001
core   0: 0x80009d7c (0xff9ff06f) j       pc - 0x8
core   0: 3 0x80009d7c (0xff9ff06f)
core   0: 0x80009d74 (0x00006f17) auipc   t5, 0x6
core   0: 3 0x80009d74 (0x00006f17) x30 0x8000fd74
core   0: 0x80009d78 (0x283f2623) sw      gp, 652(t5)
core   0: 3 0x80009d78 (0x283f2623) mem 0x80010000 0x00000001
core   0: 0x80009d7c (0xff9ff06f) j       pc - 0x8
core   0: 3 0x80009d7c (0xff9ff06f)
core   0: 0x80009d74 (0x00006f17) auipc   t5, 0x6
core   0: 3 0x80009d74 (0x00006f17) x30 0x8000fd74
core   0: 0x80009d78 (0x283f2623) sw      gp, 652(t5)
core   0: 3 0x80009d78 (0x283f2623) mem 0x80010000 0x00000001
core   0: 0x80009d7c (0xff9ff06f) j       pc - 0x8
core   0: 3 0x80009d7c (0xff9ff06f)
core   0: 0x80009d74 (0x00006f17) auipc   t5, 0x6
core   0: 3 0x80009d74 (0x00006f17) x30 0x8000fd74
core   0: 0x80009d78 (0x283f2623) sw      gp, 652(t5)
core   0: 3 0x80009d78 (0x283f2623) mem 0x80010000 0x00000001
core   0: 0x80009d7c (0xff9ff06f) j       pc - 0x8
core   0: 3 0x80009d7c (0xff9ff06f)
core   0: 0x80009d74 (0x00006f17) auipc   t5, 0x6
core   0: 3 0x80009d74 (0x00006f17) x30 0x8000fd74
core   0: 0x80009d78 (0x283f2623) sw      gp, 652(t5)
core   0: 3 0x80009d78 (0x283f2623) mem 0x80010000 0x00000001
core   0: 0x80009d7c (0xff9ff06f) j       pc - 0x8
core   0: 3 0x80009d7c (0xff9ff06f)
core   0: 0x80009d74 (0x00006f17) auipc   t5, 0x6
core   0: 3 0x80009d74 (0x00006f17) x30 0x8000fd74
core   0: 0x80009d78 (0x283f2623) sw      gp, 652(t5)
core   0: 3 0x80009d78 (0x283f2623) mem 0x80010000 0x00000001
core   0: 0x80009d7c (0xff9ff06f) j       pc - 0x8
core   0: 3 0x80009d7c (0xff9ff06f)
core   0: 0x80009d74 (0x00006f17) auipc   t5, 0x6
core   0: 3 0x80009d74 (0x00006f17) x30 0x8000fd74
core   0: 0x80009d78 (0x283f2623) sw      gp, 652(t5)
core   0: 3 0x80009d78 (0x283f2623) mem 0x80010000 0x00000001
core   0: 0x80009d7c (0xff9ff06f) j       pc - 0x8
core   0: 3 0x80009d7c (0xff9ff06f)
core   0: 0x80009d74 (0x00006f17) auipc   t5, 0x6
core   0: 3 0x80009d74 (0x00006f17) x30 0x8000fd74
core   0: 0x80009d78 (0x283f2623) sw      gp, 652(t5)
core   0: 3 0x80009d78 (0x283f2623) mem 0x80010000 0x00000001
core   0: 0x80009d7c (0xff9ff06f) j       pc - 0x8
core   0: 3 0x80009d7c (0xff9ff06f)
core   0: 0x80009d74 (0x00006f17) auipc   t5, 0x6
core   0: 3 0x80009d74 (0x00006f17) x30 0x8000fd74
core   0: 0x80009d78 (0x283f2623) sw      gp, 652(t5)
core   0: 3 0x80009d78 (0x283f2623) mem 0x80010000 0x00000001
core   0: 0x80009d7c (0xff9ff06f) j       pc - 0x8
core   0: 3 0x80009d7c (0xff9ff06f)
core   0: 0x80009d74 (0x00006f17) auipc   t5, 0x6
core   0: 3 0x80009d74 (0x00006f17) x30 0x8000fd74
core   0: 0x80009d78 (0x283f2623) sw      gp, 652(t5)
core   0: 3 0x80009d78 (0x283f2623) mem 0x80010000 0x00000001
core   0: 0x80009d7c (0xff9ff06f) j       pc - 0x8
core   0: 3 0x80009d7c (0xff9ff06f)
core   0: 0x80009d74 (0x00006f17) auipc   t5, 0x6
core   0: 3 0x80009d74 (0x00006f17) x30 0x8000fd74
core   0: 0x80009d78 (0x283f2623) sw      gp, 652(t5)
core   0: 3 0x80009d78 (0x283f2623) mem 0x80010000 0x00000001
core   0: 0x80009d7c (0xff9ff06f) j       pc - 0x8
core   0: 3 0x80009d7c (0xff9ff06f)
core   0: 0x80009d74 (0x00006f17) auipc   t5, 0x6
core   0: 3 0x80009d74 (0x00006f17) x30 0x8000fd74
core   0: 0x80009d78 (0x283f2623) sw      gp, 652(t5)
core   0: 3 0x80009d78 (0x283f2623) mem 0x80010000 0x00000001
core   0: 0x80009d7c (0xff9ff06f) j       pc - 0x8
core   0: 3 0x80009d7c (0xff9ff06f)
core   0: 0x80009d74 (0x00006f17) auipc   t5, 0x6
core   0: 3 0x80009d74 (0x00006f17) x30 0x8000fd74
core   0: 0x80009d78 (0x283f2623) sw      gp, 652(t5)
core   0: 3 0x80009d78 (0x283f2623) mem 0x80010000 0x00000001
core   0: 0x80009d7c (0xff9ff06f) j       pc - 0x8
core   0: 3 0x80009d7c (0xff9ff06f)
core   0: 0x80009d74 (0x00006f17) auipc   t5, 0x6
core   0: 3 0x80009d74 (0x00006f17) x30 0x8000fd74
core   0: 0x80009d78 (0x283f2623) sw      gp, 652(t5)
core   0: 3 0x80009d78 (0x283f2623) mem 0x80010000 0x00000001
core   0: 0x80009d7c (0xff9ff06f) j       pc - 0x8
core   0: 3 0x80009d7c (0xff9ff06f)
core   0: 0x80009d74 (0x00006f17) auipc   t5, 0x6
core   0: 3 0x80009d74 (0x00006f17) x30 0x8000fd74
core   0: 0x80009d78 (0x283f2623) sw      gp, 652(t5)
core   0: 3 0x80009d78 (0x283f2623) mem 0x80010000 0x00000001
core   0: 0x80009d7c (0xff9ff06f) j       pc - 0x8
core   0: 3 0x80009d7c (0xff9ff06f)
core   0: 0x80009d74 (0x00006f17) auipc   t5, 0x6
core   0: 3 0x80009d74 (0x00006f17) x30 0x8000fd74
core   0: 0x80009d78 (0x283f2623) sw      gp, 652(t5)
core   0: 3 0x80009d78 (0x283f2623) mem 0x80010000 0x00000001
core   0: 0x80009d7c (0xff9ff06f) j       pc - 0x8
core   0: 3 0x80009d7c (0xff9ff06f)
core   0: 0x80009d74 (0x00006f17) auipc   t5, 0x6
core   0: 3 0x80009d74 (0x00006f17) x30 0x8000fd74
core   0: 0x80009d78 (0x283f2623) sw      gp, 652(t5)
core   0: 3 0x80009d78 (0x283f2623) mem 0x80010000 0x00000001
core   0: 0x80009d7c (0xff9ff06f) j       pc - 0x8
core   0: 3 0x80009d7c (0xff9ff06f)
core   0: 0x80009d74 (0x00006f17) auipc   t5, 0x6
core   0: 3 0x80009d74 (0x00006f17) x30 0x8000fd74
core   0: 0x80009d78 (0x283f2623) sw      gp, 652(t5)
core   0: 3 0x80009d78 (0x283f2623) mem 0x80010000 0x00000001
core   0: 0x80009d7c (0xff9ff06f) j       pc - 0x8
core   0: 3 0x80009d7c (0xff9ff06f)
core   0: 0x80009d74 (0x00006f17) auipc   t5, 0x6
core   0: 3 0x80009d74 (0x00006f17) x30 0x8000fd74
core   0: 0x80009d78 (0x283f2623) sw      gp, 652(t5)
core   0: 3 0x80009d78 (0x283f2623) mem 0x80010000 0x00000001
core   0: 0x80009d7c (0xff9ff06f) j       pc - 0x8
core   0: 3 0x80009d7c (0xff9ff06f)
core   0: 0x80009d74 (0x00006f17) auipc   t5, 0x6
core   0: 3 0x80009d74 (0x00006f17) x30 0x8000fd74
core   0: 0x80009d78 (0x283f2623) sw      gp, 652(t5)
core   0: 3 0x80009d78 (0x283f2623) mem 0x80010000 0x00000001
core   0: 0x80009d7c (0xff9ff06f) j       pc - 0x8
core   0: 3 0x80009d7c (0xff9ff06f)
core   0: 0x80009d74 (0x00006f17) auipc   t5, 0x6
core   0: 3 0x80009d74 (0x00006f17) x30 0x8000fd74
core   0: 0x80009d78 (0x283f2623) sw      gp, 652(t5)
core   0: 3 0x80009d78 (0x283f2623) mem 0x80010000 0x00000001
core   0: 0x80009d7c (0xff9ff06f) j       pc - 0x8
core   0: 3 0x80009d7c (0xff9ff06f)
core   0: 0x80009d74 (0x00006f17) auipc   t5, 0x6
core   0: 3 0x80009d74 (0x00006f17) x30 0x8000fd74
core   0: 0x80009d78 (0x283f2623) sw      gp, 652(t5)
core   0: 3 0x80009d78 (0x283f2623) mem 0x80010000 0x00000001
core   0: 0x80009d7c (0xff9ff06f) j       pc - 0x8
core   0: 3 0x80009d7c (0xff9ff06f)
core   0: 0x80009d74 (0x00006f17) auipc   t5, 0x6
core   0: 3 0x80009d74 (0x00006f17) x30 0x8000fd74
core   0: 0x80009d78 (0x283f2623) sw      gp, 652(t5)
core   0: 3 0x80009d78 (0x283f2623) mem 0x80010000 0x00000001
core   0: 0x80009d7c (0xff9ff06f) j       pc - 0x8
core   0: 3 0x80009d7c (0xff9ff06f)
core   0: 0x80009d74 (0x00006f17) auipc   t5, 0x6
core   0: 3 0x80009d74 (0x00006f17) x30 0x8000fd74
core   0: 0x80009d78 (0x283f2623) sw      gp, 652(t5)
core   0: 3 0x80009d78 (0x283f2623) mem 0x80010000 0x00000001
core   0: 0x80009d7c (0xff9ff06f) j       pc - 0x8
core   0: 3 0x80009d7c (0xff9ff06f)
core   0: 0x80009d74 (0x00006f17) auipc   t5, 0x6
core   0: 3 0x80009d74 (0x00006f17) x30 0x8000fd74
core   0: 0x80009d78 (0x283f2623) sw      gp, 652(t5)
core   0: 3 0x80009d78 (0x283f2623) mem 0x80010000 0x00000001
core   0: 0x80009d7c (0xff9ff06f) j       pc - 0x8
core   0: 3 0x80009d7c (0xff9ff06f)
core   0: 0x80009d74 (0x00006f17) auipc   t5, 0x6
core   0: 3 0x80009d74 (0x00006f17) x30 0x8000fd74
core   0: 0x80009d78 (0x283f2623) sw      gp, 652(t5)
core   0: 3 0x80009d78 (0x283f2623) mem 0x80010000 0x00000001
core   0: 0x80009d7c (0xff9ff06f) j       pc - 0x8
core   0: 3 0x80009d7c (0xff9ff06f)
core   0: 0x80009d74 (0x00006f17) auipc   t5, 0x6
core   0: 3 0x80009d74 (0x00006f17) x30 0x8000fd74
core   0: 0x80009d78 (0x283f2623) sw      gp, 652(t5)
core   0: 3 0x80009d78 (0x283f2623) mem 0x80010000 0x00000001
core   0: 0x80009d7c (0xff9ff06f) j       pc - 0x8
core   0: 3 0x80009d7c (0xff9ff06f)
core   0: 0x80009d74 (0x00006f17) auipc   t5, 0x6
core   0: 3 0x80009d74 (0x00006f17) x30 0x8000fd74
core   0: 0x80009d78 (0x283f2623) sw      gp, 652(t5)
core   0: 3 0x80009d78 (0x283f2623) mem 0x80010000 0x00000001
core   0: 0x80009d7c (0xff9ff06f) j       pc - 0x8
core   0: 3 0x80009d7c (0xff9ff06f)
core   0: 0x80009d74 (0x00006f17) auipc   t5, 0x6
core   0: 3 0x80009d74 (0x00006f17) x30 0x8000fd74
core   0: 0x80009d78 (0x283f2623) sw      gp, 652(t5)
core   0: 3 0x80009d78 (0x283f2623) mem 0x80010000 0x00000001
core   0: 0x80009d7c (0xff9ff06f) j       pc - 0x8
core   0: 3 0x80009d7c (0xff9ff06f)
core   0: 0x80009d74 (0x00006f17) auipc   t5, 0x6
core   0: 3 0x80009d74 (0x00006f17) x30 0x8000fd74
core   0: 0x80009d78 (0x283f2623) sw      gp, 652(t5)
core   0: 3 0x80009d78 (0x283f2623) mem 0x80010000 0x00000001
core   0: 0x80009d7c (0xff9ff06f) j       pc - 0x8
core   0: 3 0x80009d7c (0xff9ff06f)
core   0: 0x80009d74 (0x00006f17) auipc   t5, 0x6
core   0: 3 0x80009d74 (0x00006f17) x30 0x8000fd74
core   0: 0x80009d78 (0x283f2623) sw      gp, 652(t5)
core   0: 3 0x80009d78 (0x283f2623) mem 0x80010000 0x00000001
core   0: 0x80009d7c (0xff9ff06f) j       pc - 0x8
core   0: 3 0x80009d7c (0xff9ff06f)
core   0: 0x80009d74 (0x00006f17) auipc   t5, 0x6
core   0: 3 0x80009d74 (0x00006f17) x30 0x8000fd74
core   0: 0x80009d78 (0x283f2623) sw      gp, 652(t5)
core   0: 3 0x80009d78 (0x283f2623) mem 0x80010000 0x00000001
core   0: 0x80009d7c (0xff9ff06f) j       pc - 0x8
core   0: 3 0x80009d7c (0xff9ff06f)
core   0: 0x80009d74 (0x00006f17) auipc   t5, 0x6
core   0: 3 0x80009d74 (0x00006f17) x30 0x8000fd74
core   0: 0x80009d78 (0x283f2623) sw      gp, 652(t5)
core   0: 3 0x80009d78 (0x283f2623) mem 0x80010000 0x00000001
core   0: 0x80009d7c (0xff9ff06f) j       pc - 0x8
core   0: 3 0x80009d7c (0xff9ff06f)
core   0: 0x80009d74 (0x00006f17) auipc   t5, 0x6
core   0: 3 0x80009d74 (0x00006f17) x30 0x8000fd74
core   0: 0x80009d78 (0x283f2623) sw      gp, 652(t5)
core   0: 3 0x80009d78 (0x283f2623) mem 0x80010000 0x00000001
core   0: 0x80009d7c (0xff9ff06f) j       pc - 0x8
core   0: 3 0x80009d7c (0xff9ff06f)
core   0: 0x80009d74 (0x00006f17) auipc   t5, 0x6
core   0: 3 0x80009d74 (0x00006f17) x30 0x8000fd74
core   0: 0x80009d78 (0x283f2623) sw      gp, 652(t5)
core   0: 3 0x80009d78 (0x283f2623) mem 0x80010000 0x00000001
core   0: 0x80009d7c (0xff9ff06f) j       pc - 0x8
core   0: 3 0x80009d7c (0xff9ff06f)
core   0: 0x80009d74 (0x00006f17) auipc   t5, 0x6
core   0: 3 0x80009d74 (0x00006f17) x30 0x8000fd74
core   0: 0x80009d78 (0x283f2623) sw      gp, 652(t5)
core   0: 3 0x80009d78 (0x283f2623) mem 0x80010000 0x00000001
core   0: 0x80009d7c (0xff9ff06f) j       pc - 0x8
core   0: 3 0x80009d7c (0xff9ff06f)
core   0: 0x80009d74 (0x00006f17) auipc   t5, 0x6
core   0: 3 0x80009d74 (0x00006f17) x30 0x8000fd74
core   0: 0x80009d78 (0x283f2623) sw      gp, 652(t5)
core   0: 3 0x80009d78 (0x283f2623) mem 0x80010000 0x00000001
core   0: 0x80009d7c (0xff9ff06f) j       pc - 0x8
core   0: 3 0x80009d7c (0xff9ff06f)
core   0: 0x80009d74 (0x00006f17) auipc   t5, 0x6
core   0: 3 0x80009d74 (0x00006f17) x30 0x8000fd74
core   0: 0x80009d78 (0x283f2623) sw      gp, 652(t5)
core   0: 3 0x80009d78 (0x283f2623) mem 0x80010000 0x00000001
core   0: 0x80009d7c (0xff9ff06f) j       pc - 0x8
core   0: 3 0x80009d7c (0xff9ff06f)
core   0: 0x80009d74 (0x00006f17) auipc   t5, 0x6
core   0: 3 0x80009d74 (0x00006f17) x30 0x8000fd74
core   0: 0x80009d78 (0x283f2623) sw      gp, 652(t5)
core   0: 3 0x80009d78 (0x283f2623) mem 0x80010000 0x00000001
core   0: 0x80009d7c (0xff9ff06f) j       pc - 0x8
core   0: 3 0x80009d7c (0xff9ff06f)
core   0: 0x80009d74 (0x00006f17) auipc   t5, 0x6
core   0: 3 0x80009d74 (0x00006f17) x30 0x8000fd74
core   0: 0x80009d78 (0x283f2623) sw      gp, 652(t5)
core   0: 3 0x80009d78 (0x283f2623) mem 0x80010000 0x00000001
core   0: 0x80009d7c (0xff9ff06f) j       pc - 0x8
core   0: 3 0x80009d7c (0xff9ff06f)
core   0: 0x80009d74 (0x00006f17) auipc   t5, 0x6
core   0: 3 0x80009d74 (0x00006f17) x30 0x8000fd74
core   0: 0x80009d78 (0x283f2623) sw      gp, 652(t5)
core   0: 3 0x80009d78 (0x283f2623) mem 0x80010000 0x00000001
core   0: 0x80009d7c (0xff9ff06f) j       pc - 0x8
core   0: 3 0x80009d7c (0xff9ff06f)
core   0: 0x80009d74 (0x00006f17) auipc   t5, 0x6
core   0: 3 0x80009d74 (0x00006f17) x30 0x8000fd74
core   0: 0x80009d78 (0x283f2623) sw      gp, 652(t5)
core   0: 3 0x80009d78 (0x283f2623) mem 0x80010000 0x00000001
core   0: 0x80009d7c (0xff9ff06f) j       pc - 0x8
core   0: 3 0x80009d7c (0xff9ff06f)
core   0: 0x80009d74 (0x00006f17) auipc   t5, 0x6
core   0: 3 0x80009d74 (0x00006f17) x30 0x8000fd74
core   0: 0x80009d78 (0x283f2623) sw      gp, 652(t5)
core   0: 3 0x80009d78 (0x283f2623) mem 0x80010000 0x00000001
core   0: 0x80009d7c (0xff9ff06f) j       pc - 0x8
core   0: 3 0x80009d7c (0xff9ff06f)
core   0: 0x80009d74 (0x00006f17) auipc   t5, 0x6
core   0: 3 0x80009d74 (0x00006f17) x30 0x8000fd74
core   0: 0x80009d78 (0x283f2623) sw      gp, 652(t5)
core   0: 3 0x80009d78 (0x283f2623) mem 0x80010000 0x00000001
core   0: 0x80009d7c (0xff9ff06f) j       pc - 0x8
core   0: 3 0x80009d7c (0xff9ff06f)
core   0: 0x80009d74 (0x00006f17) auipc   t5, 0x6
core   0: 3 0x80009d74 (0x00006f17) x30 0x8000fd74
core   0: 0x80009d78 (0x283f2623) sw      gp, 652(t5)
core   0: 3 0x80009d78 (0x283f2623) mem 0x80010000 0x00000001
core   0: 0x80009d7c (0xff9ff06f) j       pc - 0x8
core   0: 3 0x80009d7c (0xff9ff06f)
core   0: 0x80009d74 (0x00006f17) auipc   t5, 0x6
core   0: 3 0x80009d74 (0x00006f17) x30 0x8000fd74
core   0: 0x80009d78 (0x283f2623) sw      gp, 652(t5)
core   0: 3 0x80009d78 (0x283f2623) mem 0x80010000 0x00000001
core   0: 0x80009d7c (0xff9ff06f) j       pc - 0x8
core   0: 3 0x80009d7c (0xff9ff06f)
core   0: 0x80009d74 (0x00006f17) auipc   t5, 0x6
core   0: 3 0x80009d74 (0x00006f17) x30 0x8000fd74
core   0: 0x80009d78 (0x283f2623) sw      gp, 652(t5)
core   0: 3 0x80009d78 (0x283f2623) mem 0x80010000 0x00000001
core   0: 0x80009d7c (0xff9ff06f) j       pc - 0x8
core   0: 3 0x80009d7c (0xff9ff06f)
core   0: 0x80009d74 (0x00006f17) auipc   t5, 0x6
core   0: 3 0x80009d74 (0x00006f17) x30 0x8000fd74
core   0: 0x80009d78 (0x283f2623) sw      gp, 652(t5)
core   0: 3 0x80009d78 (0x283f2623) mem 0x80010000 0x00000001
core   0: 0x80009d7c (0xff9ff06f) j       pc - 0x8
core   0: 3 0x80009d7c (0xff9ff06f)
core   0: 0x80009d74 (0x00006f17) auipc   t5, 0x6
core   0: 3 0x80009d74 (0x00006f17) x30 0x8000fd74
core   0: 0x80009d78 (0x283f2623) sw      gp, 652(t5)
core   0: 3 0x80009d78 (0x283f2623) mem 0x80010000 0x00000001
core   0: 0x80009d7c (0xff9ff06f) j       pc - 0x8
core   0: 3 0x80009d7c (0xff9ff06f)
core   0: 0x80009d74 (0x00006f17) auipc   t5, 0x6
core   0: 3 0x80009d74 (0x00006f17) x30 0x8000fd74
core   0: 0x80009d78 (0x283f2623) sw      gp, 652(t5)
core   0: 3 0x80009d78 (0x283f2623) mem 0x80010000 0x00000001
core   0: 0x80009d7c (0xff9ff06f) j       pc - 0x8
core   0: 3 0x80009d7c (0xff9ff06f)
core   0: 0x80009d74 (0x00006f17) auipc   t5, 0x6
core   0: 3 0x80009d74 (0x00006f17) x30 0x8000fd74
core   0: 0x80009d78 (0x283f2623) sw      gp, 652(t5)
core   0: 3 0x80009d78 (0x283f2623) mem 0x80010000 0x00000001
core   0: 0x80009d7c (0xff9ff06f) j       pc - 0x8
core   0: 3 0x80009d7c (0xff9ff06f)
core   0: 0x80009d74 (0x00006f17) auipc   t5, 0x6
core   0: 3 0x80009d74 (0x00006f17) x30 0x8000fd74
core   0: 0x80009d78 (0x283f2623) sw      gp, 652(t5)
core   0: 3 0x80009d78 (0x283f2623) mem 0x80010000 0x00000001
core   0: 0x80009d7c (0xff9ff06f) j       pc - 0x8
core   0: 3 0x80009d7c (0xff9ff06f)
core   0: 0x80009d74 (0x00006f17) auipc   t5, 0x6
core   0: 3 0x80009d74 (0x00006f17) x30 0x8000fd74
core   0: 0x80009d78 (0x283f2623) sw      gp, 652(t5)
core   0: 3 0x80009d78 (0x283f2623) mem 0x80010000 0x00000001
core   0: 0x80009d7c (0xff9ff06f) j       pc - 0x8
core   0: 3 0x80009d7c (0xff9ff06f)
core   0: 0x80009d74 (0x00006f17) auipc   t5, 0x6
core   0: 3 0x80009d74 (0x00006f17) x30 0x8000fd74
core   0: 0x80009d78 (0x283f2623) sw      gp, 652(t5)
core   0: 3 0x80009d78 (0x283f2623) mem 0x80010000 0x00000001
core   0: 0x80009d7c (0xff9ff06f) j       pc - 0x8
core   0: 3 0x80009d7c (0xff9ff06f)
core   0: 0x80009d74 (0x00006f17) auipc   t5, 0x6
core   0: 3 0x80009d74 (0x00006f17) x30 0x8000fd74
core   0: 0x80009d78 (0x283f2623) sw      gp, 652(t5)
core   0: 3 0x80009d78 (0x283f2623) mem 0x80010000 0x00000001
core   0: 0x80009d7c (0xff9ff06f) j       pc - 0x8
core   0: 3 0x80009d7c (0xff9ff06f)
core   0: 0x80009d74 (0x00006f17) auipc   t5, 0x6
core   0: 3 0x80009d74 (0x00006f17) x30 0x8000fd74
core   0: 0x80009d78 (0x283f2623) sw      gp, 652(t5)
core   0: 3 0x80009d78 (0x283f2623) mem 0x80010000 0x00000001
core   0: 0x80009d7c (0xff9ff06f) j       pc - 0x8
core   0: 3 0x80009d7c (0xff9ff06f)
core   0: 0x80009d74 (0x00006f17) auipc   t5, 0x6
core   0: 3 0x80009d74 (0x00006f17) x30 0x8000fd74
core   0: 0x80009d78 (0x283f2623) sw      gp, 652(t5)
core   0: 3 0x80009d78 (0x283f2623) mem 0x80010000 0x00000001
core   0: 0x80009d7c (0xff9ff06f) j       pc - 0x8
core   0: 3 0x80009d7c (0xff9ff06f)
core   0: 0x80009d74 (0x00006f17) auipc   t5, 0x6
core   0: 3 0x80009d74 (0x00006f17) x30 0x8000fd74
core   0: 0x80009d78 (0x283f2623) sw      gp, 652(t5)
core   0: 3 0x80009d78 (0x283f2623) mem 0x80010000 0x00000001
core   0: 0x80009d7c (0xff9ff06f) j       pc - 0x8
core   0: 3 0x80009d7c (0xff9ff06f)
core   0: 0x80009d74 (0x00006f17) auipc   t5, 0x6
core   0: 3 0x80009d74 (0x00006f17) x30 0x8000fd74
core   0: 0x80009d78 (0x283f2623) sw      gp, 652(t5)
core   0: 3 0x80009d78 (0x283f2623) mem 0x80010000 0x00000001
core   0: 0x80009d7c (0xff9ff06f) j       pc - 0x8
core   0: 3 0x80009d7c (0xff9ff06f)
core   0: 0x80009d74 (0x00006f17) auipc   t5, 0x6
core   0: 3 0x80009d74 (0x00006f17) x30 0x8000fd74
core   0: 0x80009d78 (0x283f2623) sw      gp, 652(t5)
core   0: 3 0x80009d78 (0x283f2623) mem 0x80010000 0x00000001
core   0: 0x80009d7c (0xff9ff06f) j       pc - 0x8
core   0: 3 0x80009d7c (0xff9ff06f)
core   0: 0x80009d74 (0x00006f17) auipc   t5, 0x6
core   0: 3 0x80009d74 (0x00006f17) x30 0x8000fd74
core   0: 0x80009d78 (0x283f2623) sw      gp, 652(t5)
core   0: 3 0x80009d78 (0x283f2623) mem 0x80010000 0x00000001
core   0: 0x80009d7c (0xff9ff06f) j       pc - 0x8
core   0: 3 0x80009d7c (0xff9ff06f)
core   0: 0x80009d74 (0x00006f17) auipc   t5, 0x6
core   0: 3 0x80009d74 (0x00006f17) x30 0x8000fd74
core   0: 0x80009d78 (0x283f2623) sw      gp, 652(t5)
core   0: 3 0x80009d78 (0x283f2623) mem 0x80010000 0x00000001
core   0: 0x80009d7c (0xff9ff06f) j       pc - 0x8
core   0: 3 0x80009d7c (0xff9ff06f)
core   0: 0x80009d74 (0x00006f17) auipc   t5, 0x6
core   0: 3 0x80009d74 (0x00006f17) x30 0x8000fd74
core   0: 0x80009d78 (0x283f2623) sw      gp, 652(t5)
core   0: 3 0x80009d78 (0x283f2623) mem 0x80010000 0x00000001
core   0: 0x80009d7c (0xff9ff06f) j       pc - 0x8
core   0: 3 0x80009d7c (0xff9ff06f)
core   0: 0x80009d74 (0x00006f17) auipc   t5, 0x6
core   0: 3 0x80009d74 (0x00006f17) x30 0x8000fd74
core   0: 0x80009d78 (0x283f2623) sw      gp, 652(t5)
core   0: 3 0x80009d78 (0x283f2623) mem 0x80010000 0x00000001
core   0: 0x80009d7c (0xff9ff06f) j       pc - 0x8
core   0: 3 0x80009d7c (0xff9ff06f)
core   0: 0x80009d74 (0x00006f17) auipc   t5, 0x6
core   0: 3 0x80009d74 (0x00006f17) x30 0x8000fd74
core   0: 0x80009d78 (0x283f2623) sw      gp, 652(t5)
core   0: 3 0x80009d78 (0x283f2623) mem 0x80010000 0x00000001
core   0: 0x80009d7c (0xff9ff06f) j       pc - 0x8
core   0: 3 0x80009d7c (0xff9ff06f)
core   0: 0x80009d74 (0x00006f17) auipc   t5, 0x6
core   0: 3 0x80009d74 (0x00006f17) x30 0x8000fd74
core   0: 0x80009d78 (0x283f2623) sw      gp, 652(t5)
core   0: 3 0x80009d78 (0x283f2623) mem 0x80010000 0x00000001
core   0: 0x80009d7c (0xff9ff06f) j       pc - 0x8
core   0: 3 0x80009d7c (0xff9ff06f)
core   0: 0x80009d74 (0x00006f17) auipc   t5, 0x6
core   0: 3 0x80009d74 (0x00006f17) x30 0x8000fd74
core   0: 0x80009d78 (0x283f2623) sw      gp, 652(t5)
core   0: 3 0x80009d78 (0x283f2623) mem 0x80010000 0x00000001
core   0: 0x80009d7c (0xff9ff06f) j       pc - 0x8
core   0: 3 0x80009d7c (0xff9ff06f)
core   0: 0x80009d74 (0x00006f17) auipc   t5, 0x6
core   0: 3 0x80009d74 (0x00006f17) x30 0x8000fd74
core   0: 0x80009d78 (0x283f2623) sw      gp, 652(t5)
core   0: 3 0x80009d78 (0x283f2623) mem 0x80010000 0x00000001
core   0: 0x80009d7c (0xff9ff06f) j       pc - 0x8
core   0: 3 0x80009d7c (0xff9ff06f)
core   0: 0x80009d74 (0x00006f17) auipc   t5, 0x6
core   0: 3 0x80009d74 (0x00006f17) x30 0x8000fd74
core   0: 0x80009d78 (0x283f2623) sw      gp, 652(t5)
core   0: 3 0x80009d78 (0x283f2623) mem 0x80010000 0x00000001
core   0: 0x80009d7c (0xff9ff06f) j       pc - 0x8
core   0: 3 0x80009d7c (0xff9ff06f)
core   0: 0x80009d74 (0x00006f17) auipc   t5, 0x6
core   0: 3 0x80009d74 (0x00006f17) x30 0x8000fd74
core   0: 0x80009d78 (0x283f2623) sw      gp, 652(t5)
core   0: 3 0x80009d78 (0x283f2623) mem 0x80010000 0x00000001
core   0: 0x80009d7c (0xff9ff06f) j       pc - 0x8
core   0: 3 0x80009d7c (0xff9ff06f)
core   0: 0x80009d74 (0x00006f17) auipc   t5, 0x6
core   0: 3 0x80009d74 (0x00006f17) x30 0x8000fd74
core   0: 0x80009d78 (0x283f2623) sw      gp, 652(t5)
core   0: 3 0x80009d78 (0x283f2623) mem 0x80010000 0x00000001
core   0: 0x80009d7c (0xff9ff06f) j       pc - 0x8
core   0: 3 0x80009d7c (0xff9ff06f)
core   0: 0x80009d74 (0x00006f17) auipc   t5, 0x6
core   0: 3 0x80009d74 (0x00006f17) x30 0x8000fd74
core   0: 0x80009d78 (0x283f2623) sw      gp, 652(t5)
core   0: 3 0x80009d78 (0x283f2623) mem 0x80010000 0x00000001
core   0: 0x80009d7c (0xff9ff06f) j       pc - 0x8
core   0: 3 0x80009d7c (0xff9ff06f)
core   0: 0x80009d74 (0x00006f17) auipc   t5, 0x6
core   0: 3 0x80009d74 (0x00006f17) x30 0x8000fd74
core   0: 0x80009d78 (0x283f2623) sw      gp, 652(t5)
core   0: 3 0x80009d78 (0x283f2623) mem 0x80010000 0x00000001
core   0: 0x80009d7c (0xff9ff06f) j       pc - 0x8
core   0: 3 0x80009d7c (0xff9ff06f)
core   0: 0x80009d74 (0x00006f17) auipc   t5, 0x6
core   0: 3 0x80009d74 (0x00006f17) x30 0x8000fd74
core   0: 0x80009d78 (0x283f2623) sw      gp, 652(t5)
core   0: 3 0x80009d78 (0x283f2623) mem 0x80010000 0x00000001
core   0: 0x80009d7c (0xff9ff06f) j       pc - 0x8
core   0: 3 0x80009d7c (0xff9ff06f)
core   0: 0x80009d74 (0x00006f17) auipc   t5, 0x6
core   0: 3 0x80009d74 (0x00006f17) x30 0x8000fd74
core   0: 0x80009d78 (0x283f2623) sw      gp, 652(t5)
core   0: 3 0x80009d78 (0x283f2623) mem 0x80010000 0x00000001
core   0: 0x80009d7c (0xff9ff06f) j       pc - 0x8
core   0: 3 0x80009d7c (0xff9ff06f)
core   0: 0x80009d74 (0x00006f17) auipc   t5, 0x6
core   0: 3 0x80009d74 (0x00006f17) x30 0x8000fd74
core   0: 0x80009d78 (0x283f2623) sw      gp, 652(t5)
core   0: 3 0x80009d78 (0x283f2623) mem 0x80010000 0x00000001
core   0: 0x80009d7c (0xff9ff06f) j       pc - 0x8
core   0: 3 0x80009d7c (0xff9ff06f)
core   0: 0x80009d74 (0x00006f17) auipc   t5, 0x6
core   0: 3 0x80009d74 (0x00006f17) x30 0x8000fd74
core   0: 0x80009d78 (0x283f2623) sw      gp, 652(t5)
core   0: 3 0x80009d78 (0x283f2623) mem 0x80010000 0x00000001
core   0: 0x80009d7c (0xff9ff06f) j       pc - 0x8
core   0: 3 0x80009d7c (0xff9ff06f)
core   0: 0x80009d74 (0x00006f17) auipc   t5, 0x6
core   0: 3 0x80009d74 (0x00006f17) x30 0x8000fd74
core   0: 0x80009d78 (0x283f2623) sw      gp, 652(t5)
core   0: 3 0x80009d78 (0x283f2623) mem 0x80010000 0x00000001
core   0: 0x80009d7c (0xff9ff06f) j       pc - 0x8
core   0: 3 0x80009d7c (0xff9ff06f)
core   0: 0x80009d74 (0x00006f17) auipc   t5, 0x6
core   0: 3 0x80009d74 (0x00006f17) x30 0x8000fd74
core   0: 0x80009d78 (0x283f2623) sw      gp, 652(t5)
core   0: 3 0x80009d78 (0x283f2623) mem 0x80010000 0x00000001
core   0: 0x80009d7c (0xff9ff06f) j       pc - 0x8
core   0: 3 0x80009d7c (0xff9ff06f)
core   0: 0x80009d74 (0x00006f17) auipc   t5, 0x6
core   0: 3 0x80009d74 (0x00006f17) x30 0x8000fd74
core   0: 0x80009d78 (0x283f2623) sw      gp, 652(t5)
core   0: 3 0x80009d78 (0x283f2623) mem 0x80010000 0x00000001
core   0: 0x80009d7c (0xff9ff06f) j       pc - 0x8
core   0: 3 0x80009d7c (0xff9ff06f)
core   0: 0x80009d74 (0x00006f17) auipc   t5, 0x6
core   0: 3 0x80009d74 (0x00006f17) x30 0x8000fd74
core   0: 0x80009d78 (0x283f2623) sw      gp, 652(t5)
core   0: 3 0x80009d78 (0x283f2623) mem 0x80010000 0x00000001
core   0: 0x80009d7c (0xff9ff06f) j       pc - 0x8
core   0: 3 0x80009d7c (0xff9ff06f)
core   0: 0x80009d74 (0x00006f17) auipc   t5, 0x6
core   0: 3 0x80009d74 (0x00006f17) x30 0x8000fd74
core   0: 0x80009d78 (0x283f2623) sw      gp, 652(t5)
core   0: 3 0x80009d78 (0x283f2623) mem 0x80010000 0x00000001
core   0: 0x80009d7c (0xff9ff06f) j       pc - 0x8
core   0: 3 0x80009d7c (0xff9ff06f)
core   0: 0x80009d74 (0x00006f17) auipc   t5, 0x6
core   0: 3 0x80009d74 (0x00006f17) x30 0x8000fd74
core   0: 0x80009d78 (0x283f2623) sw      gp, 652(t5)
core   0: 3 0x80009d78 (0x283f2623) mem 0x80010000 0x00000001
core   0: 0x80009d7c (0xff9ff06f) j       pc - 0x8
core   0: 3 0x80009d7c (0xff9ff06f)
core   0: 0x80009d74 (0x00006f17) auipc   t5, 0x6
core   0: 3 0x80009d74 (0x00006f17) x30 0x8000fd74
core   0: 0x80009d78 (0x283f2623) sw      gp, 652(t5)
core   0: 3 0x80009d78 (0x283f2623) mem 0x80010000 0x00000001
core   0: 0x80009d7c (0xff9ff06f) j       pc - 0x8
core   0: 3 0x80009d7c (0xff9ff06f)
core   0: 0x80009d74 (0x00006f17) auipc   t5, 0x6
core   0: 3 0x80009d74 (0x00006f17) x30 0x8000fd74
core   0: 0x80009d78 (0x283f2623) sw      gp, 652(t5)
core   0: 3 0x80009d78 (0x283f2623) mem 0x80010000 0x00000001
core   0: 0x80009d7c (0xff9ff06f) j       pc - 0x8
core   0: 3 0x80009d7c (0xff9ff06f)
core   0: 0x80009d74 (0x00006f17) auipc   t5, 0x6
core   0: 3 0x80009d74 (0x00006f17) x30 0x8000fd74
core   0: 0x80009d78 (0x283f2623) sw      gp, 652(t5)
core   0: 3 0x80009d78 (0x283f2623) mem 0x80010000 0x00000001
core   0: 0x80009d7c (0xff9ff06f) j       pc - 0x8
core   0: 3 0x80009d7c (0xff9ff06f)
core   0: 0x80009d74 (0x00006f17) auipc   t5, 0x6
core   0: 3 0x80009d74 (0x00006f17) x30 0x8000fd74
core   0: 0x80009d78 (0x283f2623) sw      gp, 652(t5)
core   0: 3 0x80009d78 (0x283f2623) mem 0x80010000 0x00000001
core   0: 0x80009d7c (0xff9ff06f) j       pc - 0x8
core   0: 3 0x80009d7c (0xff9ff06f)
core   0: 0x80009d74 (0x00006f17) auipc   t5, 0x6
core   0: 3 0x80009d74 (0x00006f17) x30 0x8000fd74
core   0: 0x80009d78 (0x283f2623) sw      gp, 652(t5)
core   0: 3 0x80009d78 (0x283f2623) mem 0x80010000 0x00000001
core   0: 0x80009d7c (0xff9ff06f) j       pc - 0x8
core   0: 3 0x80009d7c (0xff9ff06f)
core   0: 0x80009d74 (0x00006f17) auipc   t5, 0x6
core   0: 3 0x80009d74 (0x00006f17) x30 0x8000fd74
core   0: 0x80009d78 (0x283f2623) sw      gp, 652(t5)
core   0: 3 0x80009d78 (0x283f2623) mem 0x80010000 0x00000001
core   0: 0x80009d7c (0xff9ff06f) j       pc - 0x8
core   0: 3 0x80009d7c (0xff9ff06f)
core   0: 0x80009d74 (0x00006f17) auipc   t5, 0x6
core   0: 3 0x80009d74 (0x00006f17) x30 0x8000fd74
core   0: 0x80009d78 (0x283f2623) sw      gp, 652(t5)
core   0: 3 0x80009d78 (0x283f2623) mem 0x80010000 0x00000001
core   0: 0x80009d7c (0xff9ff06f) j       pc - 0x8
core   0: 3 0x80009d7c (0xff9ff06f)
core   0: 0x80009d74 (0x00006f17) auipc   t5, 0x6
core   0: 3 0x80009d74 (0x00006f17) x30 0x8000fd74
core   0: 0x80009d78 (0x283f2623) sw      gp, 652(t5)
core   0: 3 0x80009d78 (0x283f2623) mem 0x80010000 0x00000001
core   0: 0x80009d7c (0xff9ff06f) j       pc - 0x8
core   0: 3 0x80009d7c (0xff9ff06f)
core   0: 0x80009d74 (0x00006f17) auipc   t5, 0x6
core   0: 3 0x80009d74 (0x00006f17) x30 0x8000fd74
core   0: 0x80009d78 (0x283f2623) sw      gp, 652(t5)
core   0: 3 0x80009d78 (0x283f2623) mem 0x80010000 0x00000001
core   0: 0x80009d7c (0xff9ff06f) j       pc - 0x8
core   0: 3 0x80009d7c (0xff9ff06f)
core   0: 0x80009d74 (0x00006f17) auipc   t5, 0x6
core   0: 3 0x80009d74 (0x00006f17) x30 0x8000fd74
core   0: 0x80009d78 (0x283f2623) sw      gp, 652(t5)
core   0: 3 0x80009d78 (0x283f2623) mem 0x80010000 0x00000001
core   0: 0x80009d7c (0xff9ff06f) j       pc - 0x8
core   0: 3 0x80009d7c (0xff9ff06f)
core   0: 0x80009d74 (0x00006f17) auipc   t5, 0x6
core   0: 3 0x80009d74 (0x00006f17) x30 0x8000fd74
core   0: 0x80009d78 (0x283f2623) sw      gp, 652(t5)
core   0: 3 0x80009d78 (0x283f2623) mem 0x80010000 0x00000001
core   0: 0x80009d7c (0xff9ff06f) j       pc - 0x8
core   0: 3 0x80009d7c (0xff9ff06f)
core   0: 0x80009d74 (0x00006f17) auipc   t5, 0x6
core   0: 3 0x80009d74 (0x00006f17) x30 0x8000fd74
core   0: 0x80009d78 (0x283f2623) sw      gp, 652(t5)
core   0: 3 0x80009d78 (0x283f2623) mem 0x80010000 0x00000001
core   0: 0x80009d7c (0xff9ff06f) j       pc - 0x8
core   0: 3 0x80009d7c (0xff9ff06f)
core   0: 0x80009d74 (0x00006f17) auipc   t5, 0x6
core   0: 3 0x80009d74 (0x00006f17) x30 0x8000fd74
core   0: 0x80009d78 (0x283f2623) sw      gp, 652(t5)
core   0: 3 0x80009d78 (0x283f2623) mem 0x80010000 0x00000001
core   0: 0x80009d7c (0xff9ff06f) j       pc - 0x8
core   0: 3 0x80009d7c (0xff9ff06f)
core   0: 0x80009d74 (0x00006f17) auipc   t5, 0x6
core   0: 3 0x80009d74 (0x00006f17) x30 0x8000fd74
core   0: 0x80009d78 (0x283f2623) sw      gp, 652(t5)
core   0: 3 0x80009d78 (0x283f2623) mem 0x80010000 0x00000001
core   0: 0x80009d7c (0xff9ff06f) j       pc - 0x8
core   0: 3 0x80009d7c (0xff9ff06f)
core   0: 0x80009d74 (0x00006f17) auipc   t5, 0x6
core   0: 3 0x80009d74 (0x00006f17) x30 0x8000fd74
core   0: 0x80009d78 (0x283f2623) sw      gp, 652(t5)
core   0: 3 0x80009d78 (0x283f2623) mem 0x80010000 0x00000001
core   0: 0x80009d7c (0xff9ff06f) j       pc - 0x8
core   0: 3 0x80009d7c (0xff9ff06f)
core   0: 0x80009d74 (0x00006f17) auipc   t5, 0x6
core   0: 3 0x80009d74 (0x00006f17) x30 0x8000fd74
core   0: 0x80009d78 (0x283f2623) sw      gp, 652(t5)
core   0: 3 0x80009d78 (0x283f2623) mem 0x80010000 0x00000001
core   0: 0x80009d7c (0xff9ff06f) j       pc - 0x8
core   0: 3 0x80009d7c (0xff9ff06f)
core   0: 0x80009d74 (0x00006f17) auipc   t5, 0x6
core   0: 3 0x80009d74 (0x00006f17) x30 0x8000fd74
core   0: 0x80009d78 (0x283f2623) sw      gp, 652(t5)
core   0: 3 0x80009d78 (0x283f2623) mem 0x80010000 0x00000001
core   0: 0x80009d7c (0xff9ff06f) j       pc - 0x8
core   0: 3 0x80009d7c (0xff9ff06f)
core   0: 0x80009d74 (0x00006f17) auipc   t5, 0x6
core   0: 3 0x80009d74 (0x00006f17) x30 0x8000fd74
core   0: 0x80009d78 (0x283f2623) sw      gp, 652(t5)
core   0: 3 0x80009d78 (0x283f2623) mem 0x80010000 0x00000001
core   0: 0x80009d7c (0xff9ff06f) j       pc - 0x8
core   0: 3 0x80009d7c (0xff9ff06f)
core   0: 0x80009d74 (0x00006f17) auipc   t5, 0x6
core   0: 3 0x80009d74 (0x00006f17) x30 0x8000fd74
core   0: 0x80009d78 (0x283f2623) sw      gp, 652(t5)
core   0: 3 0x80009d78 (0x283f2623) mem 0x80010000 0x00000001
core   0: 0x80009d7c (0xff9ff06f) j       pc - 0x8
core   0: 3 0x80009d7c (0xff9ff06f)
core   0: 0x80009d74 (0x00006f17) auipc   t5, 0x6
core   0: 3 0x80009d74 (0x00006f17) x30 0x8000fd74
core   0: 0x80009d78 (0x283f2623) sw      gp, 652(t5)
core   0: 3 0x80009d78 (0x283f2623) mem 0x80010000 0x00000001
core   0: 0x80009d7c (0xff9ff06f) j       pc - 0x8
core   0: 3 0x80009d7c (0xff9ff06f)
core   0: 0x80009d74 (0x00006f17) auipc   t5, 0x6
core   0: 3 0x80009d74 (0x00006f17) x30 0x8000fd74
core   0: 0x80009d78 (0x283f2623) sw      gp, 652(t5)
core   0: 3 0x80009d78 (0x283f2623) mem 0x80010000 0x00000001
core   0: 0x80009d7c (0xff9ff06f) j       pc - 0x8
core   0: 3 0x80009d7c (0xff9ff06f)
core   0: 0x80009d74 (0x00006f17) auipc   t5, 0x6
core   0: 3 0x80009d74 (0x00006f17) x30 0x8000fd74
core   0: 0x80009d78 (0x283f2623) sw      gp, 652(t5)
core   0: 3 0x80009d78 (0x283f2623) mem 0x80010000 0x00000001
core   0: 0x80009d7c (0xff9ff06f) j       pc - 0x8
core   0: 3 0x80009d7c (0xff9ff06f)
core   0: 0x80009d74 (0x00006f17) auipc   t5, 0x6
core   0: 3 0x80009d74 (0x00006f17) x30 0x8000fd74
core   0: 0x80009d78 (0x283f2623) sw      gp, 652(t5)
core   0: 3 0x80009d78 (0x283f2623) mem 0x80010000 0x00000001
core   0: 0x80009d7c (0xff9ff06f) j       pc - 0x8
core   0: 3 0x80009d7c (0xff9ff06f)
core   0: 0x80009d74 (0x00006f17) auipc   t5, 0x6
core   0: 3 0x80009d74 (0x00006f17) x30 0x8000fd74
core   0: 0x80009d78 (0x283f2623) sw      gp, 652(t5)
core   0: 3 0x80009d78 (0x283f2623) mem 0x80010000 0x00000001
core   0: 0x80009d7c (0xff9ff06f) j       pc - 0x8
core   0: 3 0x80009d7c (0xff9ff06f)
core   0: 0x80009d74 (0x00006f17) auipc   t5, 0x6
core   0: 3 0x80009d74 (0x00006f17) x30 0x8000fd74
core   0: 0x80009d78 (0x283f2623) sw      gp, 652(t5)
core   0: 3 0x80009d78 (0x283f2623) mem 0x80010000 0x00000001
core   0: 0x80009d7c (0xff9ff06f) j       pc - 0x8
core   0: 3 0x80009d7c (0xff9ff06f)
core   0: 0x80009d74 (0x00006f17) auipc   t5, 0x6
core   0: 3 0x80009d74 (0x00006f17) x30 0x8000fd74
core   0: 0x80009d78 (0x283f2623) sw      gp, 652(t5)
core   0: 3 0x80009d78 (0x283f2623) mem 0x80010000 0x00000001
core   0: 0x80009d7c (0xff9ff06f) j       pc - 0x8
core   0: 3 0x80009d7c (0xff9ff06f)
core   0: 0x80009d74 (0x00006f17) auipc   t5, 0x6
core   0: 3 0x80009d74 (0x00006f17) x30 0x8000fd74
core   0: 0x80009d78 (0x283f2623) sw      gp, 652(t5)
core   0: 3 0x80009d78 (0x283f2623) mem 0x80010000 0x00000001
core   0: 0x80009d7c (0xff9ff06f) j       pc - 0x8
core   0: 3 0x80009d7c (0xff9ff06f)
core   0: 0x80009d74 (0x00006f17) auipc   t5, 0x6
core   0: 3 0x80009d74 (0x00006f17) x30 0x8000fd74
core   0: 0x80009d78 (0x283f2623) sw      gp, 652(t5)
core   0: 3 0x80009d78 (0x283f2623) mem 0x80010000 0x00000001
core   0: 0x80009d7c (0xff9ff06f) j       pc - 0x8
core   0: 3 0x80009d7c (0xff9ff06f)
core   0: 0x80009d74 (0x00006f17) auipc   t5, 0x6
core   0: 3 0x80009d74 (0x00006f17) x30 0x8000fd74
core   0: 0x80009d78 (0x283f2623) sw      gp, 652(t5)
core   0: 3 0x80009d78 (0x283f2623) mem 0x80010000 0x00000001
core   0: 0x80009d7c (0xff9ff06f) j       pc - 0x8
core   0: 3 0x80009d7c (0xff9ff06f)
core   0: 0x80009d74 (0x00006f17) auipc   t5, 0x6
core   0: 3 0x80009d74 (0x00006f17) x30 0x8000fd74
core   0: 0x80009d78 (0x283f2623) sw      gp, 652(t5)
core   0: 3 0x80009d78 (0x283f2623) mem 0x80010000 0x00000001
core   0: 0x80009d7c (0xff9ff06f) j       pc - 0x8
core   0: 3 0x80009d7c (0xff9ff06f)
core   0: 0x80009d74 (0x00006f17) auipc   t5, 0x6
core   0: 3 0x80009d74 (0x00006f17) x30 0x8000fd74
core   0: 0x80009d78 (0x283f2623) sw      gp, 652(t5)
core   0: 3 0x80009d78 (0x283f2623) mem 0x80010000 0x00000001
core   0: 0x80009d7c (0xff9ff06f) j       pc - 0x8
core   0: 3 0x80009d7c (0xff9ff06f)
core   0: 0x80009d74 (0x00006f17) auipc   t5, 0x6
core   0: 3 0x80009d74 (0x00006f17) x30 0x8000fd74
core   0: 0x80009d78 (0x283f2623) sw      gp, 652(t5)
core   0: 3 0x80009d78 (0x283f2623) mem 0x80010000 0x00000001
core   0: 0x80009d7c (0xff9ff06f) j       pc - 0x8
core   0: 3 0x80009d7c (0xff9ff06f)
core   0: 0x80009d74 (0x00006f17) auipc   t5, 0x6
core   0: 3 0x80009d74 (0x00006f17) x30 0x8000fd74
core   0: 0x80009d78 (0x283f2623) sw      gp, 652(t5)
core   0: 3 0x80009d78 (0x283f2623) mem 0x80010000 0x00000001
core   0: 0x80009d7c (0xff9ff06f) j       pc - 0x8
core   0: 3 0x80009d7c (0xff9ff06f)
core   0: 0x80009d74 (0x00006f17) auipc   t5, 0x6
core   0: 3 0x80009d74 (0x00006f17) x30 0x8000fd74
core   0: 0x80009d78 (0x283f2623) sw      gp, 652(t5)
core   0: 3 0x80009d78 (0x283f2623) mem 0x80010000 0x00000001
core   0: 0x80009d7c (0xff9ff06f) j       pc - 0x8
core   0: 3 0x80009d7c (0xff9ff06f)
core   0: 0x80009d74 (0x00006f17) auipc   t5, 0x6
core   0: 3 0x80009d74 (0x00006f17) x30 0x8000fd74
core   0: 0x80009d78 (0x283f2623) sw      gp, 652(t5)
core   0: 3 0x80009d78 (0x283f2623) mem 0x80010000 0x00000001
core   0: 0x80009d7c (0xff9ff06f) j       pc - 0x8
core   0: 3 0x80009d7c (0xff9ff06f)
core   0: 0x80009d74 (0x00006f17) auipc   t5, 0x6
core   0: 3 0x80009d74 (0x00006f17) x30 0x8000fd74
core   0: 0x80009d78 (0x283f2623) sw      gp, 652(t5)
core   0: 3 0x80009d78 (0x283f2623) mem 0x80010000 0x00000001
core   0: 0x80009d7c (0xff9ff06f) j       pc - 0x8
core   0: 3 0x80009d7c (0xff9ff06f)
core   0: 0x80009d74 (0x00006f17) auipc   t5, 0x6
core   0: 3 0x80009d74 (0x00006f17) x30 0x8000fd74
core   0: 0x80009d78 (0x283f2623) sw      gp, 652(t5)
core   0: 3 0x80009d78 (0x283f2623) mem 0x80010000 0x00000001
core   0: 0x80009d7c (0xff9ff06f) j       pc - 0x8
core   0: 3 0x80009d7c (0xff9ff06f)
core   0: 0x80009d74 (0x00006f17) auipc   t5, 0x6
core   0: 3 0x80009d74 (0x00006f17) x30 0x8000fd74
core   0: 0x80009d78 (0x283f2623) sw      gp, 652(t5)
core   0: 3 0x80009d78 (0x283f2623) mem 0x80010000 0x00000001
core   0: 0x80009d7c (0xff9ff06f) j       pc - 0x8
core   0: 3 0x80009d7c (0xff9ff06f)
core   0: 0x80009d74 (0x00006f17) auipc   t5, 0x6
core   0: 3 0x80009d74 (0x00006f17) x30 0x8000fd74
core   0: 0x80009d78 (0x283f2623) sw      gp, 652(t5)
core   0: 3 0x80009d78 (0x283f2623) mem 0x80010000 0x00000001
core   0: 0x80009d7c (0xff9ff06f) j       pc - 0x8
core   0: 3 0x80009d7c (0xff9ff06f)
core   0: 0x80009d74 (0x00006f17) auipc   t5, 0x6
core   0: 3 0x80009d74 (0x00006f17) x30 0x8000fd74
core   0: 0x80009d78 (0x283f2623) sw      gp, 652(t5)
core   0: 3 0x80009d78 (0x283f2623) mem 0x80010000 0x00000001
core   0: 0x80009d7c (0xff9ff06f) j       pc - 0x8
core   0: 3 0x80009d7c (0xff9ff06f)
core   0: 0x80009d74 (0x00006f17) auipc   t5, 0x6
core   0: 3 0x80009d74 (0x00006f17) x30 0x8000fd74
core   0: 0x80009d78 (0x283f2623) sw      gp, 652(t5)
core   0: 3 0x80009d78 (0x283f2623) mem 0x80010000 0x00000001
core   0: 0x80009d7c (0xff9ff06f) j       pc - 0x8
core   0: 3 0x80009d7c (0xff9ff06f)
core   0: 0x80009d74 (0x00006f17) auipc   t5, 0x6
core   0: 3 0x80009d74 (0x00006f17) x30 0x8000fd74
core   0: 0x80009d78 (0x283f2623) sw      gp, 652(t5)
core   0: 3 0x80009d78 (0x283f2623) mem 0x80010000 0x00000001
core   0: 0x80009d7c (0xff9ff06f) j       pc - 0x8
core   0: 3 0x80009d7c (0xff9ff06f)
core   0: 0x80009d74 (0x00006f17) auipc   t5, 0x6
core   0: 3 0x80009d74 (0x00006f17) x30 0x8000fd74
core   0: 0x80009d78 (0x283f2623) sw      gp, 652(t5)
core   0: 3 0x80009d78 (0x283f2623) mem 0x80010000 0x00000001
core   0: 0x80009d7c (0xff9ff06f) j       pc - 0x8
core   0: 3 0x80009d7c (0xff9ff06f)
core   0: 0x80009d74 (0x00006f17) auipc   t5, 0x6
core   0: 3 0x80009d74 (0x00006f17) x30 0x8000fd74
core   0: 0x80009d78 (0x283f2623) sw      gp, 652(t5)
core   0: 3 0x80009d78 (0x283f2623) mem 0x80010000 0x00000001
core   0: 0x80009d7c (0xff9ff06f) j       pc - 0x8
core   0: 3 0x80009d7c (0xff9ff06f)
core   0: 0x80009d74 (0x00006f17) auipc   t5, 0x6
core   0: 3 0x80009d74 (0x00006f17) x30 0x8000fd74
core   0: 0x80009d78 (0x283f2623) sw      gp, 652(t5)
core   0: 3 0x80009d78 (0x283f2623) mem 0x80010000 0x00000001
core   0: 0x80009d7c (0xff9ff06f) j       pc - 0x8
core   0: 3 0x80009d7c (0xff9ff06f)
core   0: 0x80009d74 (0x00006f17) auipc   t5, 0x6
core   0: 3 0x80009d74 (0x00006f17) x30 0x8000fd74
core   0: 0x80009d78 (0x283f2623) sw      gp, 652(t5)
core   0: 3 0x80009d78 (0x283f2623) mem 0x80010000 0x00000001
core   0: 0x80009d7c (0xff9ff06f) j       pc - 0x8
core   0: 3 0x80009d7c (0xff9ff06f)
core   0: 0x80009d74 (0x00006f17) auipc   t5, 0x6
core   0: 3 0x80009d74 (0x00006f17) x30 0x8000fd74
core   0: 0x80009d78 (0x283f2623) sw      gp, 652(t5)
core   0: 3 0x80009d78 (0x283f2623) mem 0x80010000 0x00000001
core   0: 0x80009d7c (0xff9ff06f) j       pc - 0x8
core   0: 3 0x80009d7c (0xff9ff06f)
core   0: 0x80009d74 (0x00006f17) auipc   t5, 0x6
core   0: 3 0x80009d74 (0x00006f17) x30 0x8000fd74
core   0: 0x80009d78 (0x283f2623) sw      gp, 652(t5)
core   0: 3 0x80009d78 (0x283f2623) mem 0x80010000 0x00000001
core   0: 0x80009d7c (0xff9ff06f) j       pc - 0x8
core   0: 3 0x80009d7c (0xff9ff06f)
core   0: 0x80009d74 (0x00006f17) auipc   t5, 0x6
core   0: 3 0x80009d74 (0x00006f17) x30 0x8000fd74
core   0: 0x80009d78 (0x283f2623) sw      gp, 652(t5)
core   0: 3 0x80009d78 (0x283f2623) mem 0x80010000 0x00000001
core   0: 0x80009d7c (0xff9ff06f) j       pc - 0x8
core   0: 3 0x80009d7c (0xff9ff06f)
core   0: 0x80009d74 (0x00006f17) auipc   t5, 0x6
core   0: 3 0x80009d74 (0x00006f17) x30 0x8000fd74
core   0: 0x80009d78 (0x283f2623) sw      gp, 652(t5)
core   0: 3 0x80009d78 (0x283f2623) mem 0x80010000 0x00000001
core   0: 0x80009d7c (0xff9ff06f) j       pc - 0x8
core   0: 3 0x80009d7c (0xff9ff06f)
core   0: 0x80009d74 (0x00006f17) auipc   t5, 0x6
core   0: 3 0x80009d74 (0x00006f17) x30 0x8000fd74
core   0: 0x80009d78 (0x283f2623) sw      gp, 652(t5)
core   0: 3 0x80009d78 (0x283f2623) mem 0x80010000 0x00000001
core   0: 0x80009d7c (0xff9ff06f) j       pc - 0x8
core   0: 3 0x80009d7c (0xff9ff06f)
core   0: 0x80009d74 (0x00006f17) auipc   t5, 0x6
core   0: 3 0x80009d74 (0x00006f17) x30 0x8000fd74
core   0: 0x80009d78 (0x283f2623) sw      gp, 652(t5)
core   0: 3 0x80009d78 (0x283f2623) mem 0x80010000 0x00000001
core   0: 0x80009d7c (0xff9ff06f) j       pc - 0x8
core   0: 3 0x80009d7c (0xff9ff06f)
core   0: 0x80009d74 (0x00006f17) auipc   t5, 0x6
core   0: 3 0x80009d74 (0x00006f17) x30 0x8000fd74
core   0: 0x80009d78 (0x283f2623) sw      gp, 652(t5)
core   0: 3 0x80009d78 (0x283f2623) mem 0x80010000 0x00000001
core   0: 0x80009d7c (0xff9ff06f) j       pc - 0x8
core   0: 3 0x80009d7c (0xff9ff06f)
core   0: 0x80009d74 (0x00006f17) auipc   t5, 0x6
core   0: 3 0x80009d74 (0x00006f17) x30 0x8000fd74
core   0: 0x80009d78 (0x283f2623) sw      gp, 652(t5)
core   0: 3 0x80009d78 (0x283f2623) mem 0x80010000 0x00000001
core   0: 0x80009d7c (0xff9ff06f) j       pc - 0x8
core   0: 3 0x80009d7c (0xff9ff06f)
core   0: 0x80009d74 (0x00006f17) auipc   t5, 0x6
core   0: 3 0x80009d74 (0x00006f17) x30 0x8000fd74
core   0: 0x80009d78 (0x283f2623) sw      gp, 652(t5)
core   0: 3 0x80009d78 (0x283f2623) mem 0x80010000 0x00000001
core   0: 0x80009d7c (0xff9ff06f) j       pc - 0x8
core   0: 3 0x80009d7c (0xff9ff06f)
core   0: 0x80009d74 (0x00006f17) auipc   t5, 0x6
core   0: 3 0x80009d74 (0x00006f17) x30 0x8000fd74
core   0: 0x80009d78 (0x283f2623) sw      gp, 652(t5)
core   0: 3 0x80009d78 (0x283f2623) mem 0x80010000 0x00000001
core   0: 0x80009d7c (0xff9ff06f) j       pc - 0x8
core   0: 3 0x80009d7c (0xff9ff06f)
core   0: 0x80009d74 (0x00006f17) auipc   t5, 0x6
core   0: 3 0x80009d74 (0x00006f17) x30 0x8000fd74
core   0: 0x80009d78 (0x283f2623) sw      gp, 652(t5)
core   0: 3 0x80009d78 (0x283f2623) mem 0x80010000 0x00000001
core   0: 0x80009d7c (0xff9ff06f) j       pc - 0x8
core   0: 3 0x80009d7c (0xff9ff06f)
core   0: 0x80009d74 (0x00006f17) auipc   t5, 0x6
core   0: 3 0x80009d74 (0x00006f17) x30 0x8000fd74
core   0: 0x80009d78 (0x283f2623) sw      gp, 652(t5)
core   0: 3 0x80009d78 (0x283f2623) mem 0x80010000 0x00000001
core   0: 0x80009d7c (0xff9ff06f) j       pc - 0x8
core   0: 3 0x80009d7c (0xff9ff06f)
core   0: 0x80009d74 (0x00006f17) auipc   t5, 0x6
core   0: 3 0x80009d74 (0x00006f17) x30 0x8000fd74
core   0: 0x80009d78 (0x283f2623) sw      gp, 652(t5)
core   0: 3 0x80009d78 (0x283f2623) mem 0x80010000 0x00000001
core   0: 0x80009d7c (0xff9ff06f) j       pc - 0x8
core   0: 3 0x80009d7c (0xff9ff06f)
core   0: 0x80009d74 (0x00006f17) auipc   t5, 0x6
core   0: 3 0x80009d74 (0x00006f17) x30 0x8000fd74
core   0: 0x80009d78 (0x283f2623) sw      gp, 652(t5)
core   0: 3 0x80009d78 (0x283f2623) mem 0x80010000 0x00000001
core   0: 0x80009d7c (0xff9ff06f) j       pc - 0x8
core   0: 3 0x80009d7c (0xff9ff06f)
core   0: 0x80009d74 (0x00006f17) auipc   t5, 0x6
core   0: 3 0x80009d74 (0x00006f17) x30 0x8000fd74
core   0: 0x80009d78 (0x283f2623) sw      gp, 652(t5)
core   0: 3 0x80009d78 (0x283f2623) mem 0x80010000 0x00000001
core   0: 0x80009d7c (0xff9ff06f) j       pc - 0x8
core   0: 3 0x80009d7c (0xff9ff06f)
core   0: 0x80009d74 (0x00006f17) auipc   t5, 0x6
core   0: 3 0x80009d74 (0x00006f17) x30 0x8000fd74
core   0: 0x80009d78 (0x283f2623) sw      gp, 652(t5)
core   0: 3 0x80009d78 (0x283f2623) mem 0x80010000 0x00000001
core   0: 0x80009d7c (0xff9ff06f) j       pc - 0x8
core   0: 3 0x80009d7c (0xff9ff06f)
core   0: 0x80009d74 (0x00006f17) auipc   t5, 0x6
core   0: 3 0x80009d74 (0x00006f17) x30 0x8000fd74
core   0: 0x80009d78 (0x283f2623) sw      gp, 652(t5)
core   0: 3 0x80009d78 (0x283f2623) mem 0x80010000 0x00000001
core   0: 0x80009d7c (0xff9ff06f) j       pc - 0x8
core   0: 3 0x80009d7c (0xff9ff06f)
core   0: 0x80009d74 (0x00006f17) auipc   t5, 0x6
core   0: 3 0x80009d74 (0x00006f17) x30 0x8000fd74
core   0: 0x80009d78 (0x283f2623) sw      gp, 652(t5)
core   0: 3 0x80009d78 (0x283f2623) mem 0x80010000 0x00000001
core   0: 0x80009d7c (0xff9ff06f) j       pc - 0x8
core   0: 3 0x80009d7c (0xff9ff06f)
core   0: 0x80009d74 (0x00006f17) auipc   t5, 0x6
core   0: 3 0x80009d74 (0x00006f17) x30 0x8000fd74
core   0: 0x80009d78 (0x283f2623) sw      gp, 652(t5)
core   0: 3 0x80009d78 (0x283f2623) mem 0x80010000 0x00000001
core   0: 0x80009d7c (0xff9ff06f) j       pc - 0x8
core   0: 3 0x80009d7c (0xff9ff06f)
core   0: 0x80009d74 (0x00006f17) auipc   t5, 0x6
core   0: 3 0x80009d74 (0x00006f17) x30 0x8000fd74
core   0: 0x80009d78 (0x283f2623) sw      gp, 652(t5)
core   0: 3 0x80009d78 (0x283f2623) mem 0x80010000 0x00000001
core   0: 0x80009d7c (0xff9ff06f) j       pc - 0x8
core   0: 3 0x80009d7c (0xff9ff06f)
core   0: 0x80009d74 (0x00006f17) auipc   t5, 0x6
core   0: 3 0x80009d74 (0x00006f17) x30 0x8000fd74
core   0: 0x80009d78 (0x283f2623) sw      gp, 652(t5)
core   0: 3 0x80009d78 (0x283f2623) mem 0x80010000 0x00000001
core   0: 0x80009d7c (0xff9ff06f) j       pc - 0x8
core   0: 3 0x80009d7c (0xff9ff06f)
core   0: 0x80009d74 (0x00006f17) auipc   t5, 0x6
core   0: 3 0x80009d74 (0x00006f17) x30 0x8000fd74
core   0: 0x80009d78 (0x283f2623) sw      gp, 652(t5)
core   0: 3 0x80009d78 (0x283f2623) mem 0x80010000 0x00000001
core   0: 0x80009d7c (0xff9ff06f) j       pc - 0x8
core   0: 3 0x80009d7c (0xff9ff06f)
core   0: 0x80009d74 (0x00006f17) auipc   t5, 0x6
core   0: 3 0x80009d74 (0x00006f17) x30 0x8000fd74
core   0: 0x80009d78 (0x283f2623) sw      gp, 652(t5)
core   0: 3 0x80009d78 (0x283f2623) mem 0x80010000 0x00000001
core   0: 0x80009d7c (0xff9ff06f) j       pc - 0x8
core   0: 3 0x80009d7c (0xff9ff06f)
core   0: 0x80009d74 (0x00006f17) auipc   t5, 0x6
core   0: 3 0x80009d74 (0x00006f17) x30 0x8000fd74
core   0: 0x80009d78 (0x283f2623) sw      gp, 652(t5)
core   0: 3 0x80009d78 (0x283f2623) mem 0x80010000 0x00000001
core   0: 0x80009d7c (0xff9ff06f) j       pc - 0x8
core   0: 3 0x80009d7c (0xff9ff06f)
core   0: 0x80009d74 (0x00006f17) auipc   t5, 0x6
core   0: 3 0x80009d74 (0x00006f17) x30 0x8000fd74
core   0: 0x80009d78 (0x283f2623) sw      gp, 652(t5)
core   0: 3 0x80009d78 (0x283f2623) mem 0x80010000 0x00000001
core   0: 0x80009d7c (0xff9ff06f) j       pc - 0x8
core   0: 3 0x80009d7c (0xff9ff06f)
core   0: 0x80009d74 (0x00006f17) auipc   t5, 0x6
core   0: 3 0x80009d74 (0x00006f17) x30 0x8000fd74
core   0: 0x80009d78 (0x283f2623) sw      gp, 652(t5)
core   0: 3 0x80009d78 (0x283f2623) mem 0x80010000 0x00000001
core   0: 0x80009d7c (0xff9ff06f) j       pc - 0x8
core   0: 3 0x80009d7c (0xff9ff06f)
core   0: 0x80009d74 (0x00006f17) auipc   t5, 0x6
core   0: 3 0x80009d74 (0x00006f17) x30 0x8000fd74
core   0: 0x80009d78 (0x283f2623) sw      gp, 652(t5)
core   0: 3 0x80009d78 (0x283f2623) mem 0x80010000 0x00000001
core   0: 0x80009d7c (0xff9ff06f) j       pc - 0x8
core   0: 3 0x80009d7c (0xff9ff06f)
core   0: 0x80009d74 (0x00006f17) auipc   t5, 0x6
core   0: 3 0x80009d74 (0x00006f17) x30 0x8000fd74
core   0: 0x80009d78 (0x283f2623) sw      gp, 652(t5)
core   0: 3 0x80009d78 (0x283f2623) mem 0x80010000 0x00000001
core   0: 0x80009d7c (0xff9ff06f) j       pc - 0x8
core   0: 3 0x80009d7c (0xff9ff06f)
core   0: 0x80009d74 (0x00006f17) auipc   t5, 0x6
core   0: 3 0x80009d74 (0x00006f17) x30 0x8000fd74
core   0: 0x80009d78 (0x283f2623) sw      gp, 652(t5)
core   0: 3 0x80009d78 (0x283f2623) mem 0x80010000 0x00000001
core   0: 0x80009d7c (0xff9ff06f) j       pc - 0x8
core   0: 3 0x80009d7c (0xff9ff06f)
core   0: 0x80009d74 (0x00006f17) auipc   t5, 0x6
core   0: 3 0x80009d74 (0x00006f17) x30 0x8000fd74
core   0: 0x80009d78 (0x283f2623) sw      gp, 652(t5)
core   0: 3 0x80009d78 (0x283f2623) mem 0x80010000 0x00000001
core   0: 0x80009d7c (0xff9ff06f) j       pc - 0x8
core   0: 3 0x80009d7c (0xff9ff06f)
core   0: 0x80009d74 (0x00006f17) auipc   t5, 0x6
core   0: 3 0x80009d74 (0x00006f17) x30 0x8000fd74
core   0: 0x80009d78 (0x283f2623) sw      gp, 652(t5)
core   0: 3 0x80009d78 (0x283f2623) mem 0x80010000 0x00000001
core   0: 0x80009d7c (0xff9ff06f) j       pc - 0x8
core   0: 3 0x80009d7c (0xff9ff06f)
core   0: 0x80009d74 (0x00006f17) auipc   t5, 0x6
core   0: 3 0x80009d74 (0x00006f17) x30 0x8000fd74
core   0: 0x80009d78 (0x283f2623) sw      gp, 652(t5)
core   0: 3 0x80009d78 (0x283f2623) mem 0x80010000 0x00000001
core   0: 0x80009d7c (0xff9ff06f) j       pc - 0x8
core   0: 3 0x80009d7c (0xff9ff06f)
core   0: 0x80009d74 (0x00006f17) auipc   t5, 0x6
core   0: 3 0x80009d74 (0x00006f17) x30 0x8000fd74
core   0: 0x80009d78 (0x283f2623) sw      gp, 652(t5)
core   0: 3 0x80009d78 (0x283f2623) mem 0x80010000 0x00000001
core   0: 0x80009d7c (0xff9ff06f) j       pc - 0x8
core   0: 3 0x80009d7c (0xff9ff06f)
core   0: 0x80009d74 (0x00006f17) auipc   t5, 0x6
core   0: 3 0x80009d74 (0x00006f17) x30 0x8000fd74
core   0: 0x80009d78 (0x283f2623) sw      gp, 652(t5)
core   0: 3 0x80009d78 (0x283f2623) mem 0x80010000 0x00000001
core   0: 0x80009d7c (0xff9ff06f) j       pc - 0x8
core   0: 3 0x80009d7c (0xff9ff06f)
core   0: 0x80009d74 (0x00006f17) auipc   t5, 0x6
core   0: 3 0x80009d74 (0x00006f17) x30 0x8000fd74
core   0: 0x80009d78 (0x283f2623) sw      gp, 652(t5)
core   0: 3 0x80009d78 (0x283f2623) mem 0x80010000 0x00000001
core   0: 0x80009d7c (0xff9ff06f) j       pc - 0x8
core   0: 3 0x80009d7c (0xff9ff06f)
core   0: 0x80009d74 (0x00006f17) auipc   t5, 0x6
core   0: 3 0x80009d74 (0x00006f17) x30 0x8000fd74
core   0: 0x80009d78 (0x283f2623) sw      gp, 652(t5)
core   0: 3 0x80009d78 (0x283f2623) mem 0x80010000 0x00000001
core   0: 0x80009d7c (0xff9ff06f) j       pc - 0x8
core   0: 3 0x80009d7c (0xff9ff06f)
core   0: 0x80009d74 (0x00006f17) auipc   t5, 0x6
core   0: 3 0x80009d74 (0x00006f17) x30 0x8000fd74
core   0: 0x80009d78 (0x283f2623) sw      gp, 652(t5)
core   0: 3 0x80009d78 (0x283f2623) mem 0x80010000 0x00000001
core   0: 0x80009d7c (0xff9ff06f) j       pc - 0x8
core   0: 3 0x80009d7c (0xff9ff06f)
core   0: 0x80009d74 (0x00006f17) auipc   t5, 0x6
core   0: 3 0x80009d74 (0x00006f17) x30 0x8000fd74
core   0: 0x80009d78 (0x283f2623) sw      gp, 652(t5)
core   0: 3 0x80009d78 (0x283f2623) mem 0x80010000 0x00000001
core   0: 0x80009d7c (0xff9ff06f) j       pc - 0x8
core   0: 3 0x80009d7c (0xff9ff06f)
core   0: 0x80009d74 (0x00006f17) auipc   t5, 0x6
core   0: 3 0x80009d74 (0x00006f17) x30 0x8000fd74
core   0: 0x80009d78 (0x283f2623) sw      gp, 652(t5)
core   0: 3 0x80009d78 (0x283f2623) mem 0x80010000 0x00000001
core   0: 0x80009d7c (0xff9ff06f) j       pc - 0x8
core   0: 3 0x80009d7c (0xff9ff06f)
core   0: 0x80009d74 (0x00006f17) auipc   t5, 0x6
core   0: 3 0x80009d74 (0x00006f17) x30 0x8000fd74
core   0: 0x80009d78 (0x283f2623) sw      gp, 652(t5)
core   0: 3 0x80009d78 (0x283f2623) mem 0x80010000 0x00000001
core   0: 0x80009d7c (0xff9ff06f) j       pc - 0x8
core   0: 3 0x80009d7c (0xff9ff06f)
core   0: 0x80009d74 (0x00006f17) auipc   t5, 0x6
core   0: 3 0x80009d74 (0x00006f17) x30 0x8000fd74
core   0: 0x80009d78 (0x283f2623) sw      gp, 652(t5)
core   0: 3 0x80009d78 (0x283f2623) mem 0x80010000 0x00000001
core   0: 0x80009d7c (0xff9ff06f) j       pc - 0x8
core   0: 3 0x80009d7c (0xff9ff06f)
core   0: 0x80009d74 (0x00006f17) auipc   t5, 0x6
core   0: 3 0x80009d74 (0x00006f17) x30 0x8000fd74
core   0: 0x80009d78 (0x283f2623) sw      gp, 652(t5)
core   0: 3 0x80009d78 (0x283f2623) mem 0x80010000 0x00000001
core   0: 0x80009d7c (0xff9ff06f) j       pc - 0x8
core   0: 3 0x80009d7c (0xff9ff06f)
core   0: 0x80009d74 (0x00006f17) auipc   t5, 0x6
core   0: 3 0x80009d74 (0x00006f17) x30 0x8000fd74
core   0: 0x80009d78 (0x283f2623) sw      gp, 652(t5)
core   0: 3 0x80009d78 (0x283f2623) mem 0x80010000 0x00000001
core   0: 0x80009d7c (0xff9ff06f) j       pc - 0x8
core   0: 3 0x80009d7c (0xff9ff06f)
core   0: 0x80009d74 (0x00006f17) auipc   t5, 0x6
core   0: 3 0x80009d74 (0x00006f17) x30 0x8000fd74
core   0: 0x80009d78 (0x283f2623) sw      gp, 652(t5)
core   0: 3 0x80009d78 (0x283f2623) mem 0x80010000 0x00000001
core   0: 0x80009d7c (0xff9ff06f) j       pc - 0x8
core   0: 3 0x80009d7c (0xff9ff06f)
core   0: 0x80009d74 (0x00006f17) auipc   t5, 0x6
core   0: 3 0x80009d74 (0x00006f17) x30 0x8000fd74
core   0: 0x80009d78 (0x283f2623) sw      gp, 652(t5)
core   0: 3 0x80009d78 (0x283f2623) mem 0x80010000 0x00000001
core   0: 0x80009d7c (0xff9ff06f) j       pc - 0x8
core   0: 3 0x80009d7c (0xff9ff06f)
core   0: 0x80009d74 (0x00006f17) auipc   t5, 0x6
core   0: 3 0x80009d74 (0x00006f17) x30 0x8000fd74
core   0: 0x80009d78 (0x283f2623) sw      gp, 652(t5)
core   0: 3 0x80009d78 (0x283f2623) mem 0x80010000 0x00000001
core   0: 0x80009d7c (0xff9ff06f) j       pc - 0x8
core   0: 3 0x80009d7c (0xff9ff06f)
core   0: 0x80009d74 (0x00006f17) auipc   t5, 0x6
core   0: 3 0x80009d74 (0x00006f17) x30 0x8000fd74
core   0: 0x80009d78 (0x283f2623) sw      gp, 652(t5)
core   0: 3 0x80009d78 (0x283f2623) mem 0x80010000 0x00000001
core   0: 0x80009d7c (0xff9ff06f) j       pc - 0x8
core   0: 3 0x80009d7c (0xff9ff06f)
core   0: 0x80009d74 (0x00006f17) auipc   t5, 0x6
core   0: 3 0x80009d74 (0x00006f17) x30 0x8000fd74
core   0: 0x80009d78 (0x283f2623) sw      gp, 652(t5)
core   0: 3 0x80009d78 (0x283f2623) mem 0x80010000 0x00000001
core   0: 0x80009d7c (0xff9ff06f) j       pc - 0x8
core   0: 3 0x80009d7c (0xff9ff06f)
core   0: 0x80009d74 (0x00006f17) auipc   t5, 0x6
core   0: 3 0x80009d74 (0x00006f17) x30 0x8000fd74
core   0: 0x80009d78 (0x283f2623) sw      gp, 652(t5)
core   0: 3 0x80009d78 (0x283f2623) mem 0x80010000 0x00000001
core   0: 0x80009d7c (0xff9ff06f) j       pc - 0x8
core   0: 3 0x80009d7c (0xff9ff06f)
core   0: 0x80009d74 (0x00006f17) auipc   t5, 0x6
core   0: 3 0x80009d74 (0x00006f17) x30 0x8000fd74
core   0: 0x80009d78 (0x283f2623) sw      gp, 652(t5)
core   0: 3 0x80009d78 (0x283f2623) mem 0x80010000 0x00000001
core   0: 0x80009d7c (0xff9ff06f) j       pc - 0x8
core   0: 3 0x80009d7c (0xff9ff06f)
core   0: 0x80009d74 (0x00006f17) auipc   t5, 0x6
core   0: 3 0x80009d74 (0x00006f17) x30 0x8000fd74
core   0: 0x80009d78 (0x283f2623) sw      gp, 652(t5)
core   0: 3 0x80009d78 (0x283f2623) mem 0x80010000 0x00000001
core   0: 0x80009d7c (0xff9ff06f) j       pc - 0x8
core   0: 3 0x80009d7c (0xff9ff06f)
core   0: 0x80009d74 (0x00006f17) auipc   t5, 0x6
core   0: 3 0x80009d74 (0x00006f17) x30 0x8000fd74
core   0: 0x80009d78 (0x283f2623) sw      gp, 652(t5)
core   0: 3 0x80009d78 (0x283f2623) mem 0x80010000 0x00000001
core   0: 0x80009d7c (0xff9ff06f) j       pc - 0x8
core   0: 3 0x80009d7c (0xff9ff06f)
core   0: 0x80009d74 (0x00006f17) auipc   t5, 0x6
core   0: 3 0x80009d74 (0x00006f17) x30 0x8000fd74
core   0: 0x80009d78 (0x283f2623) sw      gp, 652(t5)
core   0: 3 0x80009d78 (0x283f2623) mem 0x80010000 0x00000001
core   0: 0x80009d7c (0xff9ff06f) j       pc - 0x8
core   0: 3 0x80009d7c (0xff9ff06f)
core   0: 0x80009d74 (0x00006f17) auipc   t5, 0x6
core   0: 3 0x80009d74 (0x00006f17) x30 0x8000fd74
core   0: 0x80009d78 (0x283f2623) sw      gp, 652(t5)
core   0: 3 0x80009d78 (0x283f2623) mem 0x80010000 0x00000001
core   0: 0x80009d7c (0xff9ff06f) j       pc - 0x8
core   0: 3 0x80009d7c (0xff9ff06f)
core   0: 0x80009d74 (0x00006f17) auipc   t5, 0x6
core   0: 3 0x80009d74 (0x00006f17) x30 0x8000fd74
core   0: 0x80009d78 (0x283f2623) sw      gp, 652(t5)
core   0: 3 0x80009d78 (0x283f2623) mem 0x80010000 0x00000001
core   0: 0x80009d7c (0xff9ff06f) j       pc - 0x8
core   0: 3 0x80009d7c (0xff9ff06f)
core   0: 0x80009d74 (0x00006f17) auipc   t5, 0x6
core   0: 3 0x80009d74 (0x00006f17) x30 0x8000fd74
core   0: 0x80009d78 (0x283f2623) sw      gp, 652(t5)
core   0: 3 0x80009d78 (0x283f2623) mem 0x80010000 0x00000001
core   0: 0x80009d7c (0xff9ff06f) j       pc - 0x8
core   0: 3 0x80009d7c (0xff9ff06f)
core   0: 0x80009d74 (0x00006f17) auipc   t5, 0x6
core   0: 3 0x80009d74 (0x00006f17) x30 0x8000fd74
core   0: 0x80009d78 (0x283f2623) sw      gp, 652(t5)
core   0: 3 0x80009d78 (0x283f2623) mem 0x80010000 0x00000001
core   0: 0x80009d7c (0xff9ff06f) j       pc - 0x8
core   0: 3 0x80009d7c (0xff9ff06f)
core   0: 0x80009d74 (0x00006f17) auipc   t5, 0x6
core   0: 3 0x80009d74 (0x00006f17) x30 0x8000fd74
core   0: 0x80009d78 (0x283f2623) sw      gp, 652(t5)
core   0: 3 0x80009d78 (0x283f2623) mem 0x80010000 0x00000001
core   0: 0x80009d7c (0xff9ff06f) j       pc - 0x8
core   0: 3 0x80009d7c (0xff9ff06f)
core   0: 0x80009d74 (0x00006f17) auipc   t5, 0x6
core   0: 3 0x80009d74 (0x00006f17) x30 0x8000fd74
core   0: 0x80009d78 (0x283f2623) sw      gp, 652(t5)
core   0: 3 0x80009d78 (0x283f2623) mem 0x80010000 0x00000001
core   0: 0x80009d7c (0xff9ff06f) j       pc - 0x8
core   0: 3 0x80009d7c (0xff9ff06f)
core   0: 0x80009d74 (0x00006f17) auipc   t5, 0x6
core   0: 3 0x80009d74 (0x00006f17) x30 0x8000fd74
core   0: 0x80009d78 (0x283f2623) sw      gp, 652(t5)
core   0: 3 0x80009d78 (0x283f2623) mem 0x80010000 0x00000001
core   0: 0x80009d7c (0xff9ff06f) j       pc - 0x8
core   0: 3 0x80009d7c (0xff9ff06f)
core   0: 0x80009d74 (0x00006f17) auipc   t5, 0x6
core   0: 3 0x80009d74 (0x00006f17) x30 0x8000fd74
core   0: 0x80009d78 (0x283f2623) sw      gp, 652(t5)
core   0: 3 0x80009d78 (0x283f2623) mem 0x80010000 0x00000001
core   0: 0x80009d7c (0xff9ff06f) j       pc - 0x8
core   0: 3 0x80009d7c (0xff9ff06f)
core   0: 0x80009d74 (0x00006f17) auipc   t5, 0x6
core   0: 3 0x80009d74 (0x00006f17) x30 0x8000fd74
core   0: 0x80009d78 (0x283f2623) sw      gp, 652(t5)
core   0: 3 0x80009d78 (0x283f2623) mem 0x80010000 0x00000001
core   0: 0x80009d7c (0xff9ff06f) j       pc - 0x8
core   0: 3 0x80009d7c (0xff9ff06f)
core   0: 0x80009d74 (0x00006f17) auipc   t5, 0x6
core   0: 3 0x80009d74 (0x00006f17) x30 0x8000fd74
core   0: 0x80009d78 (0x283f2623) sw      gp, 652(t5)
core   0: 3 0x80009d78 (0x283f2623) mem 0x80010000 0x00000001
core   0: 0x80009d7c (0xff9ff06f) j       pc - 0x8
core   0: 3 0x80009d7c (0xff9ff06f)
core   0: 0x80009d74 (0x00006f17) auipc   t5, 0x6
core   0: 3 0x80009d74 (0x00006f17) x30 0x8000fd74
core   0: 0x80009d78 (0x283f2623) sw      gp, 652(t5)
core   0: 3 0x80009d78 (0x283f2623) mem 0x80010000 0x00000001
core   0: 0x80009d7c (0xff9ff06f) j       pc - 0x8
core   0: 3 0x80009d7c (0xff9ff06f)
core   0: 0x80009d74 (0x00006f17) auipc   t5, 0x6
core   0: 3 0x80009d74 (0x00006f17) x30 0x8000fd74
core   0: 0x80009d78 (0x283f2623) sw      gp, 652(t5)
core   0: 3 0x80009d78 (0x283f2623) mem 0x80010000 0x00000001
core   0: 0x80009d7c (0xff9ff06f) j       pc - 0x8
core   0: 3 0x80009d7c (0xff9ff06f)
core   0: 0x80009d74 (0x00006f17) auipc   t5, 0x6
core   0: 3 0x80009d74 (0x00006f17) x30 0x8000fd74
core   0: 0x80009d78 (0x283f2623) sw      gp, 652(t5)
core   0: 3 0x80009d78 (0x283f2623) mem 0x80010000 0x00000001
core   0: 0x80009d7c (0xff9ff06f) j       pc - 0x8
core   0: 3 0x80009d7c (0xff9ff06f)
core   0: 0x80009d74 (0x00006f17) auipc   t5, 0x6
core   0: 3 0x80009d74 (0x00006f17) x30 0x8000fd74
core   0: 0x80009d78 (0x283f2623) sw      gp, 652(t5)
core   0: 3 0x80009d78 (0x283f2623) mem 0x80010000 0x00000001
core   0: 0x80009d7c (0xff9ff06f) j       pc - 0x8
core   0: 3 0x80009d7c (0xff9ff06f)
core   0: 0x80009d74 (0x00006f17) auipc   t5, 0x6
core   0: 3 0x80009d74 (0x00006f17) x30 0x8000fd74
core   0: 0x80009d78 (0x283f2623) sw      gp, 652(t5)
core   0: 3 0x80009d78 (0x283f2623) mem 0x80010000 0x00000001
core   0: 0x80009d7c (0xff9ff06f) j       pc - 0x8
core   0: 3 0x80009d7c (0xff9ff06f)
core   0: 0x80009d74 (0x00006f17) auipc   t5, 0x6
core   0: 3 0x80009d74 (0x00006f17) x30 0x8000fd74
core   0: 0x80009d78 (0x283f2623) sw      gp, 652(t5)
core   0: 3 0x80009d78 (0x283f2623) mem 0x80010000 0x00000001
core   0: 0x80009d7c (0xff9ff06f) j       pc - 0x8
core   0: 3 0x80009d7c (0xff9ff06f)
core   0: 0x80009d74 (0x00006f17) auipc   t5, 0x6
core   0: 3 0x80009d74 (0x00006f17) x30 0x8000fd74
core   0: 0x80009d78 (0x283f2623) sw      gp, 652(t5)
core   0: 3 0x80009d78 (0x283f2623) mem 0x80010000 0x00000001
core   0: 0x80009d7c (0xff9ff06f) j       pc - 0x8
core   0: 3 0x80009d7c (0xff9ff06f)
core   0: 0x80009d74 (0x00006f17) auipc   t5, 0x6
core   0: 3 0x80009d74 (0x00006f17) x30 0x8000fd74
core   0: 0x80009d78 (0x283f2623) sw      gp, 652(t5)
core   0: 3 0x80009d78 (0x283f2623) mem 0x80010000 0x00000001
core   0: 0x80009d7c (0xff9ff06f) j       pc - 0x8
core   0: 3 0x80009d7c (0xff9ff06f)
core   0: 0x80009d74 (0x00006f17) auipc   t5, 0x6
core   0: 3 0x80009d74 (0x00006f17) x30 0x8000fd74
core   0: 0x80009d78 (0x283f2623) sw      gp, 652(t5)
core   0: 3 0x80009d78 (0x283f2623) mem 0x80010000 0x00000001
core   0: 0x80009d7c (0xff9ff06f) j       pc - 0x8
core   0: 3 0x80009d7c (0xff9ff06f)
core   0: 0x80009d74 (0x00006f17) auipc   t5, 0x6
core   0: 3 0x80009d74 (0x00006f17) x30 0x8000fd74
core   0: 0x80009d78 (0x283f2623) sw      gp, 652(t5)
core   0: 3 0x80009d78 (0x283f2623) mem 0x80010000 0x00000001
core   0: 0x80009d7c (0xff9ff06f) j       pc - 0x8
core   0: 3 0x80009d7c (0xff9ff06f)
core   0: 0x80009d74 (0x00006f17) auipc   t5, 0x6
core   0: 3 0x80009d74 (0x00006f17) x30 0x8000fd74
core   0: 0x80009d78 (0x283f2623) sw      gp, 652(t5)
core   0: 3 0x80009d78 (0x283f2623) mem 0x80010000 0x00000001
core   0: 0x80009d7c (0xff9ff06f) j       pc - 0x8
core   0: 3 0x80009d7c (0xff9ff06f)
core   0: 0x80009d74 (0x00006f17) auipc   t5, 0x6
core   0: 3 0x80009d74 (0x00006f17) x30 0x8000fd74
core   0: 0x80009d78 (0x283f2623) sw      gp, 652(t5)
core   0: 3 0x80009d78 (0x283f2623) mem 0x80010000 0x00000001
core   0: 0x80009d7c (0xff9ff06f) j       pc - 0x8
core   0: 3 0x80009d7c (0xff9ff06f)
core   0: 0x80009d74 (0x00006f17) auipc   t5, 0x6
core   0: 3 0x80009d74 (0x00006f17) x30 0x8000fd74
core   0: 0x80009d78 (0x283f2623) sw      gp, 652(t5)
core   0: 3 0x80009d78 (0x283f2623) mem 0x80010000 0x00000001
core   0: 0x80009d7c (0xff9ff06f) j       pc - 0x8
core   0: 3 0x80009d7c (0xff9ff06f)
core   0: 0x80009d74 (0x00006f17) auipc   t5, 0x6
core   0: 3 0x80009d74 (0x00006f17) x30 0x8000fd74
core   0: 0x80009d78 (0x283f2623) sw      gp, 652(t5)
core   0: 3 0x80009d78 (0x283f2623) mem 0x80010000 0x00000001
core   0: 0x80009d7c (0xff9ff06f) j       pc - 0x8
core   0: 3 0x80009d7c (0xff9ff06f)
core   0: 0x80009d74 (0x00006f17) auipc   t5, 0x6
core   0: 3 0x80009d74 (0x00006f17) x30 0x8000fd74
core   0: 0x80009d78 (0x283f2623) sw      gp, 652(t5)
core   0: 3 0x80009d78 (0x283f2623) mem 0x80010000 0x00000001
core   0: 0x80009d7c (0xff9ff06f) j       pc - 0x8
core   0: 3 0x80009d7c (0xff9ff06f)
core   0: 0x80009d74 (0x00006f17) auipc   t5, 0x6
core   0: 3 0x80009d74 (0x00006f17) x30 0x8000fd74
core   0: 0x80009d78 (0x283f2623) sw      gp, 652(t5)
core   0: 3 0x80009d78 (0x283f2623) mem 0x80010000 0x00000001
core   0: 0x80009d7c (0xff9ff06f) j       pc - 0x8
core   0: 3 0x80009d7c (0xff9ff06f)
core   0: 0x80009d74 (0x00006f17) auipc   t5, 0x6
core   0: 3 0x80009d74 (0x00006f17) x30 0x8000fd74
core   0: 0x80009d78 (0x283f2623) sw      gp, 652(t5)
core   0: 3 0x80009d78 (0x283f2623) mem 0x80010000 0x00000001
core   0: 0x80009d7c (0xff9ff06f) j       pc - 0x8
core   0: 3 0x80009d7c (0xff9ff06f)
core   0: 0x80009d74 (0x00006f17) auipc   t5, 0x6
core   0: 3 0x80009d74 (0x00006f17) x30 0x8000fd74
core   0: 0x80009d78 (0x283f2623) sw      gp, 652(t5)
core   0: 3 0x80009d78 (0x283f2623) mem 0x80010000 0x00000001
core   0: 0x80009d7c (0xff9ff06f) j       pc - 0x8
core   0: 3 0x80009d7c (0xff9ff06f)
core   0: 0x80009d74 (0x00006f17) auipc   t5, 0x6
core   0: 3 0x80009d74 (0x00006f17) x30 0x8000fd74
core   0: 0x80009d78 (0x283f2623) sw      gp, 652(t5)
core   0: 3 0x80009d78 (0x283f2623) mem 0x80010000 0x00000001
core   0: 0x80009d7c (0xff9ff06f) j       pc - 0x8
core   0: 3 0x80009d7c (0xff9ff06f)
core   0: 0x80009d74 (0x00006f17) auipc   t5, 0x6
core   0: 3 0x80009d74 (0x00006f17) x30 0x8000fd74
core   0: 0x80009d78 (0x283f2623) sw      gp, 652(t5)
core   0: 3 0x80009d78 (0x283f2623) mem 0x80010000 0x00000001
core   0: 0x80009d7c (0xff9ff06f) j       pc - 0x8
core   0: 3 0x80009d7c (0xff9ff06f)
core   0: 0x80009d74 (0x00006f17) auipc   t5, 0x6
core   0: 3 0x80009d74 (0x00006f17) x30 0x8000fd74
core   0: 0x80009d78 (0x283f2623) sw      gp, 652(t5)
core   0: 3 0x80009d78 (0x283f2623) mem 0x80010000 0x00000001
core   0: 0x80009d7c (0xff9ff06f) j       pc - 0x8
core   0: 3 0x80009d7c (0xff9ff06f)
core   0: 0x80009d74 (0x00006f17) auipc   t5, 0x6
core   0: 3 0x80009d74 (0x00006f17) x30 0x8000fd74
core   0: 0x80009d78 (0x283f2623) sw      gp, 652(t5)
core   0: 3 0x80009d78 (0x283f2623) mem 0x80010000 0x00000001
core   0: 0x80009d7c (0xff9ff06f) j       pc - 0x8
core   0: 3 0x80009d7c (0xff9ff06f)
core   0: 0x80009d74 (0x00006f17) auipc   t5, 0x6
core   0: 3 0x80009d74 (0x00006f17) x30 0x8000fd74
core   0: 0x80009d78 (0x283f2623) sw      gp, 652(t5)
core   0: 3 0x80009d78 (0x283f2623) mem 0x80010000 0x00000001
core   0: 0x80009d7c (0xff9ff06f) j       pc - 0x8
core   0: 3 0x80009d7c (0xff9ff06f)
core   0: 0x80009d74 (0x00006f17) auipc   t5, 0x6
core   0: 3 0x80009d74 (0x00006f17) x30 0x8000fd74
core   0: 0x80009d78 (0x283f2623) sw      gp, 652(t5)
core   0: 3 0x80009d78 (0x283f2623) mem 0x80010000 0x00000001
core   0: 0x80009d7c (0xff9ff06f) j       pc - 0x8
core   0: 3 0x80009d7c (0xff9ff06f)
core   0: 0x80009d74 (0x00006f17) auipc   t5, 0x6
core   0: 3 0x80009d74 (0x00006f17) x30 0x8000fd74
core   0: 0x80009d78 (0x283f2623) sw      gp, 652(t5)
core   0: 3 0x80009d78 (0x283f2623) mem 0x80010000 0x00000001
core   0: 0x80009d7c (0xff9ff06f) j       pc - 0x8
core   0: 3 0x80009d7c (0xff9ff06f)
core   0: 0x80009d74 (0x00006f17) auipc   t5, 0x6
core   0: 3 0x80009d74 (0x00006f17) x30 0x8000fd74
core   0: 0x80009d78 (0x283f2623) sw      gp, 652(t5)
core   0: 3 0x80009d78 (0x283f2623) mem 0x80010000 0x00000001
core   0: 0x80009d7c (0xff9ff06f) j       pc - 0x8
core   0: 3 0x80009d7c (0xff9ff06f)
core   0: 0x80009d74 (0x00006f17) auipc   t5, 0x6
core   0: 3 0x80009d74 (0x00006f17) x30 0x8000fd74
core   0: 0x80009d78 (0x283f2623) sw      gp, 652(t5)
core   0: 3 0x80009d78 (0x283f2623) mem 0x80010000 0x00000001
core   0: 0x80009d7c (0xff9ff06f) j       pc - 0x8
core   0: 3 0x80009d7c (0xff9ff06f)
core   0: 0x80009d74 (0x00006f17) auipc   t5, 0x6
core   0: 3 0x80009d74 (0x00006f17) x30 0x8000fd74
core   0: 0x80009d78 (0x283f2623) sw      gp, 652(t5)
core   0: 3 0x80009d78 (0x283f2623) mem 0x80010000 0x00000001
core   0: 0x80009d7c (0xff9ff06f) j       pc - 0x8
core   0: 3 0x80009d7c (0xff9ff06f)
core   0: 0x80009d74 (0x00006f17) auipc   t5, 0x6
core   0: 3 0x80009d74 (0x00006f17) x30 0x8000fd74
core   0: 0x80009d78 (0x283f2623) sw      gp, 652(t5)
core   0: 3 0x80009d78 (0x283f2623) mem 0x80010000 0x00000001
core   0: 0x80009d7c (0xff9ff06f) j       pc - 0x8
core   0: 3 0x80009d7c (0xff9ff06f)
core   0: 0x80009d74 (0x00006f17) auipc   t5, 0x6
core   0: 3 0x80009d74 (0x00006f17) x30 0x8000fd74
core   0: 0x80009d78 (0x283f2623) sw      gp, 652(t5)
core   0: 3 0x80009d78 (0x283f2623) mem 0x80010000 0x00000001
core   0: 0x80009d7c (0xff9ff06f) j       pc - 0x8
core   0: 3 0x80009d7c (0xff9ff06f)
core   0: 0x80009d74 (0x00006f17) auipc   t5, 0x6
core   0: 3 0x80009d74 (0x00006f17) x30 0x8000fd74
core   0: 0x80009d78 (0x283f2623) sw      gp, 652(t5)
core   0: 3 0x80009d78 (0x283f2623) mem 0x80010000 0x00000001
core   0: 0x80009d7c (0xff9ff06f) j       pc - 0x8
core   0: 3 0x80009d7c (0xff9ff06f)
core   0: 0x80009d74 (0x00006f17) auipc   t5, 0x6
core   0: 3 0x80009d74 (0x00006f17) x30 0x8000fd74
core   0: 0x80009d78 (0x283f2623) sw      gp, 652(t5)
core   0: 3 0x80009d78 (0x283f2623) mem 0x80010000 0x00000001
core   0: 0x80009d7c (0xff9ff06f) j       pc - 0x8
core   0: 3 0x80009d7c (0xff9ff06f)
core   0: 0x80009d74 (0x00006f17) auipc   t5, 0x6
core   0: 3 0x80009d74 (0x00006f17) x30 0x8000fd74
core   0: 0x80009d78 (0x283f2623) sw      gp, 652(t5)
core   0: 3 0x80009d78 (0x283f2623) mem 0x80010000 0x00000001
core   0: 0x80009d7c (0xff9ff06f) j       pc - 0x8
core   0: 3 0x80009d7c (0xff9ff06f)
core   0: 0x80009d74 (0x00006f17) auipc   t5, 0x6
core   0: 3 0x80009d74 (0x00006f17) x30 0x8000fd74
core   0: 0x80009d78 (0x283f2623) sw      gp, 652(t5)
core   0: 3 0x80009d78 (0x283f2623) mem 0x80010000 0x00000001
core   0: 0x80009d7c (0xff9ff06f) j       pc - 0x8
core   0: 3 0x80009d7c (0xff9ff06f)
core   0: 0x80009d74 (0x00006f17) auipc   t5, 0x6
core   0: 3 0x80009d74 (0x00006f17) x30 0x8000fd74
core   0: 0x80009d78 (0x283f2623) sw      gp, 652(t5)
core   0: 3 0x80009d78 (0x283f2623) mem 0x80010000 0x00000001
core   0: 0x80009d7c (0xff9ff06f) j       pc - 0x8
core   0: 3 0x80009d7c (0xff9ff06f)
core   0: 0x80009d74 (0x00006f17) auipc   t5, 0x6
core   0: 3 0x80009d74 (0x00006f17) x30 0x8000fd74
core   0: 0x80009d78 (0x283f2623) sw      gp, 652(t5)
core   0: 3 0x80009d78 (0x283f2623) mem 0x80010000 0x00000001
core   0: 0x80009d7c (0xff9ff06f) j       pc - 0x8
core   0: 3 0x80009d7c (0xff9ff06f)
core   0: 0x80009d74 (0x00006f17) auipc   t5, 0x6
core   0: 3 0x80009d74 (0x00006f17) x30 0x8000fd74
core   0: 0x80009d78 (0x283f2623) sw      gp, 652(t5)
core   0: 3 0x80009d78 (0x283f2623) mem 0x80010000 0x00000001
core   0: 0x80009d7c (0xff9ff06f) j       pc - 0x8
core   0: 3 0x80009d7c (0xff9ff06f)
core   0: 0x80009d74 (0x00006f17) auipc   t5, 0x6
core   0: 3 0x80009d74 (0x00006f17) x30 0x8000fd74
core   0: 0x80009d78 (0x283f2623) sw      gp, 652(t5)
core   0: 3 0x80009d78 (0x283f2623) mem 0x80010000 0x00000001
core   0: 0x80009d7c (0xff9ff06f) j       pc - 0x8
core   0: 3 0x80009d7c (0xff9ff06f)
core   0: 0x80009d74 (0x00006f17) auipc   t5, 0x6
core   0: 3 0x80009d74 (0x00006f17) x30 0x8000fd74
core   0: 0x80009d78 (0x283f2623) sw      gp, 652(t5)
core   0: 3 0x80009d78 (0x283f2623) mem 0x80010000 0x00000001
core   0: 0x80009d7c (0xff9ff06f) j       pc - 0x8
core   0: 3 0x80009d7c (0xff9ff06f)
core   0: 0x80009d74 (0x00006f17) auipc   t5, 0x6
core   0: 3 0x80009d74 (0x00006f17) x30 0x8000fd74
core   0: 0x80009d78 (0x283f2623) sw      gp, 652(t5)
core   0: 3 0x80009d78 (0x283f2623) mem 0x80010000 0x00000001
core   0: 0x80009d7c (0xff9ff06f) j       pc - 0x8
core   0: 3 0x80009d7c (0xff9ff06f)
core   0: 0x80009d74 (0x00006f17) auipc   t5, 0x6
core   0: 3 0x80009d74 (0x00006f17) x30 0x8000fd74
core   0: 0x80009d78 (0x283f2623) sw      gp, 652(t5)
core   0: 3 0x80009d78 (0x283f2623) mem 0x80010000 0x00000001
core   0: 0x80009d7c (0xff9ff06f) j       pc - 0x8
core   0: 3 0x80009d7c (0xff9ff06f)
core   0: 0x80009d74 (0x00006f17) auipc   t5, 0x6
core   0: 3 0x80009d74 (0x00006f17) x30 0x8000fd74
core   0: 0x80009d78 (0x283f2623) sw      gp, 652(t5)
core   0: 3 0x80009d78 (0x283f2623) mem 0x80010000 0x00000001
core   0: 0x80009d7c (0xff9ff06f) j       pc - 0x8
core   0: 3 0x80009d7c (0xff9ff06f)
core   0: 0x80009d74 (0x00006f17) auipc   t5, 0x6
core   0: 3 0x80009d74 (0x00006f17) x30 0x8000fd74
core   0: 0x80009d78 (0x283f2623) sw      gp, 652(t5)
core   0: 3 0x80009d78 (0x283f2623) mem 0x80010000 0x00000001
core   0: 0x80009d7c (0xff9ff06f) j       pc - 0x8
core   0: 3 0x80009d7c (0xff9ff06f)
core   0: 0x80009d74 (0x00006f17) auipc   t5, 0x6
core   0: 3 0x80009d74 (0x00006f17) x30 0x8000fd74
core   0: 0x80009d78 (0x283f2623) sw      gp, 652(t5)
core   0: 3 0x80009d78 (0x283f2623) mem 0x80010000 0x00000001
core   0: 0x80009d7c (0xff9ff06f) j       pc - 0x8
core   0: 3 0x80009d7c (0xff9ff06f)
core   0: 0x80009d74 (0x00006f17) auipc   t5, 0x6
core   0: 3 0x80009d74 (0x00006f17) x30 0x8000fd74
core   0: 0x80009d78 (0x283f2623) sw      gp, 652(t5)
core   0: 3 0x80009d78 (0x283f2623) mem 0x80010000 0x00000001
