core   0: 0x00001000 (0x00000297) auipc   t0, 0x0
core   0: 3 0x00001000 (0x00000297) x 5 0x00001000
core   0: 0x00001004 (0x02028593) addi    a1, t0, 32
core   0: 3 0x00001004 (0x02028593) x11 0x00001020
core   0: 0x00001008 (0xf1402573) csrr    a0, mhartid
core   0: 3 0x00001008 (0xf1402573) x10 0x00000000
core   0: 0x0000100c (0x0182a283) lw      t0, 24(t0)
core   0: 3 0x0000100c (0x0182a283) x 5 0x80000000 mem 0x00001018
core   0: 0x00001010 (0x00028067) jr      t0
core   0: 3 0x00001010 (0x00028067)
core   0: 0x80000000 (0xf14022f3) csrr    t0, mhartid
core   0: 3 0x80000000 (0xf14022f3) x 5 0x00000000
core   0: 0x80000004 (0x00000313) li      t1, 0
core   0: 3 0x80000004 (0x00000313) x 6 0x00000000
core   0: 0x80000008 (0x00628263) beq     t0, t1, pc + 4
core   0: 3 0x80000008 (0x00628263)
core   0: 0x8000000c (0x00000b97) auipc   s7, 0x0
core   0: 3 0x8000000c (0x00000b97) x23 0x8000000c
core   0: 0x80000010 (0x00cb8b93) addi    s7, s7, 12
core   0: 3 0x80000010 (0x00cb8b93) x23 0x80000018
core   0: 0x80000014 (0x000b8067) jr      s7
core   0: 3 0x80000014 (0x000b8067)
core   0: 0x80000018 (0x40001fb7) lui     t6, 0x40001
core   0: 3 0x80000018 (0x40001fb7) x31 0x40001000
core   0: 0x8000001c (0x104f8f93) addi    t6, t6, 260
core   0: 3 0x8000001c (0x104f8f93) x31 0x40001104
core   0: 0x80000020 (0x301f9073) csrw    misa, t6
core   0: 3 0x80000020 (0x301f9073) c769_misa 0x40141100
core   0: 0x80000024 (0x0002aa17) auipc   s4, 0x2a
core   0: 3 0x80000024 (0x0002aa17) x20 0x8002a024
core   0: 0x80000028 (0xcc0a0a13) addi    s4, s4, -832
core   0: 3 0x80000028 (0xcc0a0a13) x20 0x80029ce4
core   0: 0x8000002c (0x0000ef97) auipc   t6, 0xe
core   0: 3 0x8000002c (0x0000ef97) x31 0x8000e02c
core   0: 0x80000030 (0xf64f8f93) addi    t6, t6, -156
core   0: 3 0x80000030 (0xf64f8f93) x31 0x8000df90
core   0: 0x80000034 (0x001fef93) ori     t6, t6, 1
core   0: 3 0x80000034 (0x001fef93) x31 0x8000df91
core   0: 0x80000038 (0x305f9073) csrw    mtvec, t6
core   0: 3 0x80000038 (0x305f9073) c773_mtvec 0x8000df91
core   0: 0x8000003c (0x00000f97) auipc   t6, 0x0
core   0: 3 0x8000003c (0x00000f97) x31 0x8000003c
core   0: 0x80000040 (0x028f8f93) addi    t6, t6, 40
core   0: 3 0x80000040 (0x028f8f93) x31 0x80000064
core   0: 0x80000044 (0x341f9073) csrw    mepc, t6
core   0: 3 0x80000044 (0x341f9073) c833_mepc 0x80000064
core   0: 0x80000048 (0x00000013) nop
core   0: 3 0x80000048 (0x00000013)
core   0: 0x8000004c (0x00002fb7) lui     t6, 0x2
core   0: 3 0x8000004c (0x00002fb7) x31 0x00002000
core   0: 0x80000050 (0x800f8f93) addi    t6, t6, -2048
core   0: 3 0x80000050 (0x800f8f93) x31 0x00001800
core   0: 0x80000054 (0x300f9073) csrw    mstatus, t6
core   0: 3 0x80000054 (0x300f9073) c768_mstatus 0x00001800
core   0: 0x80000058 (0x00000f93) li      t6, 0
core   0: 3 0x80000058 (0x00000f93) x31 0x00000000
core   0: 0x8000005c (0x304f9073) csrw    mie, t6
core   0: 3 0x8000005c (0x304f9073) c772_mie 0x00000000
core   0: 0x80000060 (0x30200073) mret
core   0: 3 0x80000060 (0x30200073) c768_mstatus 0x00000080
core   0: >>>>  init
core   0: 0x80000064 (0x00000013) nop
core   0: 3 0x80000064 (0x00000013)
core   0: 0x80000068 (0x00000093) li      ra, 0
core   0: 3 0x80000068 (0x00000093) x 1 0x00000000
core   0: 0x8000006c (0xf56871b7) lui     gp, 0xf5687
core   0: 3 0x8000006c (0xf56871b7) x 3 0xf5687000
core   0: 0x80000070 (0xe2a18193) addi    gp, gp, -470
core   0: 3 0x80000070 (0xe2a18193) x 3 0xf5686e2a
core   0: 0x80000074 (0x00d00213) li      tp, 13
core   0: 3 0x80000074 (0x00d00213) x 4 0x0000000d
core   0: 0x80000078 (0xf255b2b7) lui     t0, 0xf255b
core   0: 3 0x80000078 (0xf255b2b7) x 5 0xf255b000
core   0: 0x8000007c (0xa6428293) addi    t0, t0, -1436
core   0: 3 0x8000007c (0xa6428293) x 5 0xf255aa64
core   0: 0x80000080 (0x80000337) lui     t1, 0x80000
core   0: 3 0x80000080 (0x80000337) x 6 0x80000000
core   0: 0x80000084 (0x00600393) li      t2, 6
core   0: 3 0x80000084 (0x00600393) x 7 0x00000006
core   0: 0x80000088 (0xf96b2437) lui     s0, 0xf96b2
core   0: 3 0x80000088 (0xf96b2437) x 8 0xf96b2000
core   0: 0x8000008c (0x0b240413) addi    s0, s0, 178
core   0: 3 0x8000008c (0x0b240413) x 8 0xf96b20b2
core   0: 0x80000090 (0x800004b7) lui     s1, 0x80000
core   0: 3 0x80000090 (0x800004b7) x 9 0x80000000
core   0: 0x80000094 (0x7a35a537) lui     a0, 0x7a35a
core   0: 3 0x80000094 (0x7a35a537) x10 0x7a35a000
core   0: 0x80000098 (0xa0450513) addi    a0, a0, -1532
core   0: 3 0x80000098 (0xa0450513) x10 0x7a359a04
core   0: 0x8000009c (0x800005b7) lui     a1, 0x80000
core   0: 3 0x8000009c (0x800005b7) x11 0x80000000
core   0: 0x800000a0 (0x00500613) li      a2, 5
core   0: 3 0x800000a0 (0x00500613) x12 0x00000005
core   0: 0x800000a4 (0xf9a206b7) lui     a3, 0xf9a20
core   0: 3 0x800000a4 (0xf9a206b7) x13 0xf9a20000
core   0: 0x800000a8 (0x5f368693) addi    a3, a3, 1523
core   0: 3 0x800000a8 (0x5f368693) x13 0xf9a205f3
core   0: 0x800000ac (0x9e280737) lui     a4, 0x9e280
core   0: 3 0x800000ac (0x9e280737) x14 0x9e280000
core   0: 0x800000b0 (0x04c70713) addi    a4, a4, 76
core   0: 3 0x800000b0 (0x04c70713) x14 0x9e28004c
core   0: 0x800000b4 (0xf69bd7b7) lui     a5, 0xf69bd
core   0: 3 0x800000b4 (0xf69bd7b7) x15 0xf69bd000
core   0: 0x800000b8 (0x3cd78793) addi    a5, a5, 973
core   0: 3 0x800000b8 (0x3cd78793) x15 0xf69bd3cd
core   0: 0x800000bc (0x80000837) lui     a6, 0x80000
core   0: 3 0x800000bc (0x80000837) x16 0x80000000
core   0: 0x800000c0 (0x00100893) li      a7, 1
core   0: 3 0x800000c0 (0x00100893) x17 0x00000001
core   0: 0x800000c4 (0x80000937) lui     s2, 0x80000
core   0: 3 0x800000c4 (0x80000937) x18 0x80000000
core   0: 0x800000c8 (0x00000993) li      s3, 0
core   0: 3 0x800000c8 (0x00000993) x19 0x00000000
core   0: 0x800000cc (0x00900a93) li      s5, 9
core   0: 3 0x800000cc (0x00900a93) x21 0x00000009
core   0: 0x800000d0 (0x80000b37) lui     s6, 0x80000
core   0: 3 0x800000d0 (0x80000b37) x22 0x80000000
core   0: 0x800000d4 (0xb5491bb7) lui     s7, 0xb5491
core   0: 3 0x800000d4 (0xb5491bb7) x23 0xb5491000
core   0: 0x800000d8 (0x47ab8b93) addi    s7, s7, 1146
core   0: 3 0x800000d8 (0x47ab8b93) x23 0xb549147a
core   0: 0x800000dc (0xedda8c37) lui     s8, 0xedda8
core   0: 3 0x800000dc (0xedda8c37) x24 0xedda8000
core   0: 0x800000e0 (0xeebc0c13) addi    s8, s8, -277
core   0: 3 0x800000e0 (0xeebc0c13) x24 0xedda7eeb
core   0: 0x800000e4 (0x57caacb7) lui     s9, 0x57caa
core   0: 3 0x800000e4 (0x57caacb7) x25 0x57caa000
core   0: 0x800000e8 (0xfbfc8c93) addi    s9, s9, -65
core   0: 3 0x800000e8 (0xfbfc8c93) x25 0x57ca9fbf
core   0: 0x800000ec (0x5e9b2d37) lui     s10, 0x5e9b2
core   0: 3 0x800000ec (0x5e9b2d37) x26 0x5e9b2000
core   0: 0x800000f0 (0x1cdd0d13) addi    s10, s10, 461
core   0: 3 0x800000f0 (0x1cdd0d13) x26 0x5e9b21cd
core   0: 0x800000f4 (0x00000d93) li      s11, 0
core   0: 3 0x800000f4 (0x00000d93) x27 0x00000000
core   0: 0x800000f8 (0xf758ce37) lui     t3, 0xf758c
core   0: 3 0x800000f8 (0xf758ce37) x28 0xf758c000
core   0: 0x800000fc (0x44ee0e13) addi    t3, t3, 1102
core   0: 3 0x800000fc (0x44ee0e13) x28 0xf758c44e
core   0: 0x80000100 (0xf44eceb7) lui     t4, 0xf44ec
core   0: 3 0x80000100 (0xf44eceb7) x29 0xf44ec000
core   0: 0x80000104 (0x288e8e93) addi    t4, t4, 648
core   0: 3 0x80000104 (0x288e8e93) x29 0xf44ec288
core   0: 0x80000108 (0xf029ff37) lui     t5, 0xf029f
core   0: 3 0x80000108 (0xf029ff37) x30 0xf029f000
core   0: 0x8000010c (0x780f0f13) addi    t5, t5, 1920
core   0: 3 0x8000010c (0x780f0f13) x30 0xf029f780
core   0: 0x80000110 (0x80000fb7) lui     t6, 0x80000
core   0: 3 0x80000110 (0x80000fb7) x31 0x80000000
core   0: 0x80000114 (0x00026117) auipc   sp, 0x26
core   0: 3 0x80000114 (0x00026117) x 2 0x80026114
core   0: 0x80000118 (0xd5010113) addi    sp, sp, -688
core   0: 3 0x80000118 (0xd5010113) x 2 0x80025e64
core   0: 0x8000011c (0x00021317) auipc   t1, 0x21
core   0: 3 0x8000011c (0x00021317) x 6 0x8002111c
core   0: 0x80000120 (0xdcd30313) addi    t1, t1, -563
core   0: 3 0x80000120 (0xdcd30313) x 6 0x80020ee9
core   0: 0x80000124 (0x01b6fe33) and     t3, a3, s11
core   0: 3 0x80000124 (0x01b6fe33) x28 0x00000000
core   0: 0x80000128 (0x02a34d83) lbu     s11, 42(t1)
core   0: 3 0x80000128 (0x02a34d83) x27 0x000000d2 mem 0x80020f13
core   0: 0x8000012c (0x0fb34c03) lbu     s8, 251(t1)
core   0: 3 0x8000012c (0x0fb34c03) x24 0x00000002 mem 0x80020fe4
core   0: 0x80000130 (0x0074ffb3) and     t6, s1, t2
core   0: 3 0x80000130 (0x0074ffb3) x31 0x00000000
core   0: 0x80000134 (0xfeb32f83) lw      t6, -21(t1)
core   0: 3 0x80000134 (0xfeb32f83) x31 0xb1e600b4 mem 0x80020ed4
core   0: 0x80000138 (0x03ba9c33) mulh    s8, s5, s11
core   0: 3 0x80000138 (0x03ba9c33) x24 0x00000000
core   0: 0x8000013c (0x02aad6b3) divu    a3, s5, a0
core   0: 3 0x8000013c (0x02aad6b3) x13 0x00000000
core   0: 0x80000140 (0xfc335203) lhu     tp, -61(t1)
core   0: 3 0x80000140 (0xfc335203) x 4 0x00009da1 mem 0x80020eac
core   0: 0x80000144 (0x02030023) sb      zero, 32(t1)
core   0: 3 0x80000144 (0x02030023) mem 0x80020f09 0x0
core   0: 0x80000148 (0x0135b9b3) sltu    s3, a1, s3
core   0: 3 0x80000148 (0x0135b9b3) x19 0x00000000
core   0: 0x8000014c (0x01f5e4b3) or      s1, a1, t6
core   0: 3 0x8000014c (0x01f5e4b3) x 9 0xb1e600b4
core   0: 0x80000150 (0x0078e3b3) or      t2, a7, t2
core   0: 3 0x80000150 (0x0078e3b3) x 7 0x00000007
core   0: 0x80000154 (0x03ca0733) mul     a4, s4, t3
core   0: 3 0x80000154 (0x03ca0733) x14 0x00000000
core   0: 0x80000158 (0x03579e33) mulh    t3, a5, s5
core   0: 3 0x80000158 (0x03579e33) x28 0xffffffff
core   0: 0x8000015c (0xf6f300a3) sb      a5, -159(t1)
core   0: 3 0x8000015c (0xf6f300a3) mem 0x80020e4a 0xcd
core   0: 0x80000160 (0x037bb533) mulhu   a0, s7, s7
core   0: 3 0x80000160 (0x037bb533) x10 0x80606bd1
core   0: 0x80000164 (0xf3830c03) lb      s8, -200(t1)
core   0: 3 0x80000164 (0xf3830c03) x24 0x0000004e mem 0x80020e21
core   0: 0x80000168 (0x03ead0b3) divu    ra, s5, t5
core   0: 3 0x80000168 (0x03ead0b3) x 1 0x00000000
core   0: 0x8000016c (0x06531783) lh      a5, 101(t1)
core   0: 3 0x8000016c (0x06531783) x15 0x000061c7 mem 0x80020f4e
core   0: 0x80000170 (0x41985fb3) sra     t6, a6, s9
core   0: 3 0x80000170 (0x41985fb3) x31 0xffffffff
core   0: 0x80000174 (0x019ae9b3) or      s3, s5, s9
core   0: 3 0x80000174 (0x019ae9b3) x19 0x57ca9fbf
core   0: 0x80000178 (0x40a5d213) srai    tp, a1, 10
core   0: 3 0x80000178 (0x40a5d213) x 4 0xffe00000
core   0: 0x8000017c (0x01afd093) srli    ra, t6, 26
core   0: 3 0x8000017c (0x01afd093) x 1 0x0000003f
core   0: 0x80000180 (0x00000013) nop
core   0: 3 0x80000180 (0x00000013)
core   0: 0x80000184 (0xf0131083) lh      ra, -255(t1)
core   0: 3 0x80000184 (0xf0131083) x 1 0xffff8917 mem 0x80020dea
core   0: 0x80000188 (0x02701b33) mulh    s6, zero, t2
core   0: 3 0x80000188 (0x02701b33) x22 0x00000000
core   0: 0x8000018c (0xfaa34c03) lbu     s8, -86(t1)
core   0: 3 0x8000018c (0xfaa34c03) x24 0x0000006d mem 0x80020e93
core   0: 0x80000190 (0xa4e63813) sltiu   a6, a2, -1458
core   0: 3 0x80000190 (0xa4e63813) x16 0x00000001
core   0: 0x80000194 (0x586e2a93) slti    s5, t3, 1414
core   0: 3 0x80000194 (0x586e2a93) x21 0x00000001
core   0: 0x80000198 (0x03561733) mulh    a4, a2, s5
core   0: 3 0x80000198 (0x03561733) x14 0x00000000
core   0: 0x8000019c (0xf9431ea3) sh      s4, -99(t1)
core   0: 3 0x8000019c (0xf9431ea3) mem 0x80020e86 0x9ce4
core   0: 0x800001a0 (0x014074b3) and     s1, zero, s4
core   0: 3 0x800001a0 (0x014074b3) x 9 0x00000000
core   0: 0x800001a4 (0xfca30d03) lb      s10, -54(t1)
core   0: 3 0x800001a4 (0xfca30d03) x26 0x0000004d mem 0x80020eb3
core   0: 0x800001a8 (0xf3430203) lb      tp, -204(t1)
core   0: 3 0x800001a8 (0xf3430203) x 4 0x0000006a mem 0x80020e1d
core   0: 0x800001ac (0x01a67833) and     a6, a2, s10
core   0: 3 0x800001ac (0x01a67833) x16 0x00000005
core   0: 0x800001b0 (0x03834b03) lbu     s6, 56(t1)
core   0: 3 0x800001b0 (0x03834b03) x22 0x000000c0 mem 0x80020f21
core   0: 0x800001b4 (0x007994b3) sll     s1, s3, t2
core   0: 3 0x800001b4 (0x007994b3) x 9 0xe54fdf80
core   0: 0x800001b8 (0x0e830c03) lb      s8, 232(t1)
core   0: 3 0x800001b8 (0x0e830c03) x24 0x0000004b mem 0x80020fd1
core   0: 0x800001bc (0x00011397) auipc   t2, 0x11
core   0: 3 0x800001bc (0x00011397) x 7 0x800111bc
core   0: 0x800001c0 (0xa3b38393) addi    t2, t2, -1477
core   0: 3 0x800001c0 (0xa3b38393) x 7 0x80010bf7
core   0: 0x800001c4 (0xc253dc03) lhu     s8, -987(t2)
core   0: 3 0x800001c4 (0xc253dc03) x24 0x00003517 mem 0x8001081c
core   0: 0x800001c8 (0x69a08e13) addi    t3, ra, 1690
core   0: 3 0x800001c8 (0x69a08e13) x28 0xffff8fb1
core   0: 0x800001cc (0xfc33d983) lhu     s3, -61(t2)
core   0: 3 0x800001cc (0xfc33d983) x19 0x0000c5e6 mem 0x80010bba
core   0: 0x800001d0 (0x2337f293) andi    t0, a5, 563
core   0: 3 0x800001d0 (0x2337f293) x 5 0x00000003
core   0: 0x800001d4 (0xe4638e83) lb      t4, -442(t2)
core   0: 3 0x800001d4 (0xe4638e83) x29 0x0000003a mem 0x80010a3d
core   0: 0x800001d8 (0x41b7d833) sra     a6, a5, s11
core   0: 3 0x800001d8 (0x41b7d833) x16 0x00000000
core   0: 0x800001dc (0x9d8f3513) sltiu   a0, t5, -1576
core   0: 3 0x800001dc (0x9d8f3513) x10 0x00000001
core   0: 0x800001e0 (0x03223833) mulhu   a6, tp, s2
core   0: 3 0x800001e0 (0x03223833) x16 0x00000035
core   0: 0x800001e4 (0x0027d1b3) srl     gp, a5, sp
core   0: 3 0x800001e4 (0x0027d1b3) x 3 0x0000061c
core   0: 0x800001e8 (0x00000013) nop
core   0: 3 0x800001e8 (0x00000013)
core   0: 0x800001ec (0x2f338d03) lb      s10, 755(t2)
core   0: 3 0x800001ec (0x2f338d03) x26 0x00000055 mem 0x80010eea
core   0: 0x800001f0 (0xf1538423) sb      s5, -248(t2)
core   0: 3 0x800001f0 (0xf1538423) mem 0x80010aff 0x1
core   0: 0x800001f4 (0xc7038783) lb      a5, -912(t2)
core   0: 3 0x800001f4 (0xc7038783) x15 0x00000061 mem 0x80010867
core   0: 0x800001f8 (0x19039ba3) sh      a6, 407(t2)
core   0: 3 0x800001f8 (0x19039ba3) mem 0x80010d8e 0x0035
core   0: 0x800001fc (0xa133dc83) lhu     s9, -1517(t2)
core   0: 3 0x800001fc (0xa133dc83) x25 0x0000d2a7 mem 0x8001060a
core   0: 0x80000200 (0x2dd3af83) lw      t6, 733(t2)
core   0: 3 0x80000200 (0x2dd3af83) x31 0xc4ca464c mem 0x80010ed4
core   0: 0x80000204 (0x00da3c33) sltu    s8, s4, a3
core   0: 3 0x80000204 (0x00da3c33) x24 0x00000000
core   0: 0x80000208 (0xa383ca83) lbu     s5, -1480(t2)
core   0: 3 0x80000208 (0xa383ca83) x21 0x00000015 mem 0x8001062f
core   0: 0x8000020c (0x0073ddb3) srl     s11, t2, t2
core   0: 3 0x8000020c (0x0073ddb3) x27 0x00000100
core   0: 0x80000210 (0x4141d233) sra     tp, gp, s4
core   0: 3 0x80000210 (0x4141d233) x 4 0x00000061
core   0: 0x80000214 (0x0333dd83) lhu     s11, 51(t2)
core   0: 3 0x80000214 (0x0333dd83) x27 0x0000727d mem 0x80010c2a
core   0: 0x80000218 (0x2af3d803) lhu     a6, 687(t2)
core   0: 3 0x80000218 (0x2af3d803) x16 0x0000e1ec mem 0x80010ea6
core   0: 0x8000021c (0x04f66993) ori     s3, a2, 79
core   0: 3 0x8000021c (0x04f66993) x19 0x0000004f
core   0: 0x80000220 (0x00f01513) slli    a0, zero, 15
core   0: 3 0x80000220 (0x00f01513) x10 0x00000000
core   0: 0x80000224 (0xcd638483) lb      s1, -810(t2)
core   0: 3 0x80000224 (0xcd638483) x 9 0x00000029 mem 0x800108cd
core   0: 0x80000228 (0x03dab2b3) mulhu   t0, s5, t4
core   0: 3 0x80000228 (0x03dab2b3) x 5 0x00000000
core   0: 0x8000022c (0x005f61b3) or      gp, t5, t0
core   0: 3 0x8000022c (0x005f61b3) x 3 0xf029f780
core   0: 0x80000230 (0x1af38f23) sb      a5, 446(t2)
core   0: 3 0x80000230 (0x1af38f23) mem 0x80010db5 0x61
core   0: 0x80000234 (0x8063c803) lbu     a6, -2042(t2)
core   0: 3 0x80000234 (0x8063c803) x16 0x0000007d mem 0x800103fd
core   0: 0x80000238 (0xe5b395a3) sh      s11, -437(t2)
core   0: 3 0x80000238 (0xe5b395a3) mem 0x80010a42 0x727d
core   0: 0x8000023c (0x0023e033) or      zero, t2, sp
core   0: 3 0x8000023c (0x0023e033)
core   0: 0x80000240 (0xb1d39183) lh      gp, -1251(t2)
core   0: 3 0x80000240 (0xb1d39183) x 3 0xffffa8e7 mem 0x80010714
core   0: 0x80000244 (0xa1a3c783) lbu     a5, -1510(t2)
core   0: 3 0x80000244 (0xa1a3c783) x15 0x000000d5 mem 0x80010611
core   0: 0x80000248 (0xee03c683) lbu     a3, -288(t2)
core   0: 3 0x80000248 (0xee03c683) x13 0x000000ad mem 0x80010ad7
core   0: 0x8000024c (0xd2838e23) sb      s0, -708(t2)
core   0: 3 0x8000024c (0xd2838e23) mem 0x80010933 0xb2
core   0: 0x80000250 (0x36438503) lb      a0, 868(t2)
core   0: 3 0x80000250 (0x36438503) x10 0xfffffffd mem 0x80010f5b
core   0: 0x80000254 (0x17838203) lb      tp, 376(t2)
core   0: 3 0x80000254 (0x17838203) x 4 0x0000002a mem 0x80010d6f
core   0: 0x80000258 (0xba838403) lb      s0, -1112(t2)
core   0: 3 0x80000258 (0xba838403) x 8 0x0000007c mem 0x8001079f
core   0: 0x8000025c (0x40ea5413) srai    s0, s4, 14
core   0: 3 0x8000025c (0x40ea5413) x 8 0xfffe000a
core   0: 0x80000260 (0x01c16ab3) or      s5, sp, t3
core   0: 3 0x80000260 (0x01c16ab3) x21 0xffffdff5
core   0: 0x80000264 (0x03350033) mul     zero, a0, s3
core   0: 3 0x80000264 (0x03350033)
core   0: 0x80000268 (0x6a740713) addi    a4, s0, 1703
core   0: 3 0x80000268 (0x6a740713) x14 0xfffe06b1
core   0: 0x8000026c (0xae1e6593) ori     a1, t3, -1311
core   0: 3 0x8000026c (0xae1e6593) x11 0xfffffff1
core   0: 0x80000270 (0xe2bb3793) sltiu   a5, s6, -469
core   0: 3 0x80000270 (0xe2bb3793) x15 0x00000001
core   0: 0x80000274 (0xa8e38083) lb      ra, -1394(t2)
core   0: 3 0x80000274 (0xa8e38083) x 1 0x00000067 mem 0x80010685
core   0: 0x80000278 (0x6f28c193) xori    gp, a7, 1778
core   0: 3 0x80000278 (0x6f28c193) x 3 0x000006f3
core   0: 0x8000027c (0x0178ef33) or      t5, a7, s7
core   0: 3 0x8000027c (0x0178ef33) x30 0xb549147b
core   0: 0x80000280 (0xb3238083) lb      ra, -1230(t2)
core   0: 3 0x80000280 (0xb3238083) x 1 0xffffffe7 mem 0x80010729
core   0: 0x80000284 (0x00011d97) auipc   s11, 0x11
core   0: 3 0x80000284 (0x00011d97) x27 0x80011284
core   0: 0x80000288 (0xc5fd8d93) addi    s11, s11, -929
core   0: 3 0x80000288 (0xc5fd8d93) x27 0x80010ee3
core   0: 0x8000028c (0xf2bdde03) lhu     t3, -213(s11)
core   0: 3 0x8000028c (0xf2bdde03) x28 0x0000b875 mem 0x80010e0e
core   0: 0x80000290 (0x971a0437) lui     s0, 0x971a0
core   0: 3 0x80000290 (0x971a0437) x 8 0x971a0000
core   0: 0x80000294 (0x01e1b933) sltu    s2, gp, t5
core   0: 3 0x80000294 (0x01e1b933) x18 0x00000001
core   0: 0x80000298 (0x0171dc93) srli    s9, gp, 23
core   0: 3 0x80000298 (0x0171dc93) x25 0x00000000
core   0: 0x8000029c (0xfcbdd183) lhu     gp, -53(s11)
core   0: 3 0x8000029c (0xfcbdd183) x 3 0x0000295f mem 0x80010eae
core   0: 0x800002a0 (0xadbddf03) lhu     t5, -1317(s11)
core   0: 3 0x800002a0 (0xadbddf03) x30 0x0000d8f8 mem 0x800109be
core   0: 0x800002a4 (0x00383933) sltu    s2, a6, gp
core   0: 3 0x800002a4 (0x00383933) x18 0x00000001
core   0: 0x800002a8 (0x00e020b3) slt     ra, zero, a4
core   0: 3 0x800002a8 (0x00e020b3) x 1 0x00000000
core   0: 0x800002ac (0x9fad9ba3) sh      s10, -1545(s11)
core   0: 3 0x800002ac (0x9fad9ba3) mem 0x800108da 0x0055
core   0: 0x800002b0 (0xd9bd8423) sb      s11, -632(s11)
core   0: 3 0x800002b0 (0xd9bd8423) mem 0x80010c6b 0xe3
core   0: 0x800002b4 (0xb08d8723) sb      s0, -1266(s11)
core   0: 3 0x800002b4 (0xb08d8723) mem 0x800109f1 0x0
core   0: 0x800002b8 (0x01d95cb3) srl     s9, s2, t4
core   0: 3 0x800002b8 (0x01d95cb3) x25 0x00000000
core   0: 0x800002bc (0xc04dc303) lbu     t1, -1020(s11)
core   0: 3 0x800002bc (0xc04dc303) x 6 0x0000001e mem 0x80010ae7
core   0: 0x800002c0 (0x02969633) mulh    a2, a3, s1
core   0: 3 0x800002c0 (0x02969633) x12 0x00000000
core   0: 0x800002c4 (0x024da0b3) mulhsu  ra, s11, tp
core   0: 3 0x800002c4 (0x024da0b3) x 1 0xffffffeb
core   0: 0x800002c8 (0x01f95833) srl     a6, s2, t6
core   0: 3 0x800002c8 (0x01f95833) x16 0x00000000
core   0: 0x800002cc (0x41108b33) sub     s6, ra, a7
core   0: 3 0x800002cc (0x41108b33) x22 0xffffffea
core   0: 0x800002d0 (0xb18dce83) lbu     t4, -1256(s11)
core   0: 3 0x800002d0 (0xb18dce83) x29 0x000000e2 mem 0x800109fb
core   0: 0x800002d4 (0x039db733) mulhu   a4, s11, s9
core   0: 3 0x800002d4 (0x039db733) x14 0x00000000
core   0: 0x800002d8 (0x01e46033) or      zero, s0, t5
core   0: 3 0x800002d8 (0x01e46033)
core   0: 0x800002dc (0x40435e13) srai    t3, t1, 4
core   0: 3 0x800002dc (0x40435e13) x28 0x00000001
core   0: 0x800002e0 (0x031fc9b3) div     s3, t6, a7
core   0: 3 0x800002e0 (0x031fc9b3) x19 0xc4ca464c
core   0: 0x800002e4 (0xf53dc383) lbu     t2, -173(s11)
core   0: 3 0x800002e4 (0xf53dc383) x 7 0x000000bb mem 0x80010e36
core   0: 0x800002e8 (0xf59d8123) sb      s9, -190(s11)
core   0: 3 0x800002e8 (0xf59d8123) mem 0x80010e25 0x0
core   0: 0x800002ec (0x0a9d8c23) sb      s1, 184(s11)
core   0: 3 0x800002ec (0x0a9d8c23) mem 0x80010f9b 0x29
core   0: 0x800002f0 (0xf43ddf83) lhu     t6, -189(s11)
core   0: 3 0x800002f0 (0xf43ddf83) x31 0x0000b688 mem 0x80010e26
core   0: 0x800002f4 (0xbd9d8923) sb      s9, -1070(s11)
core   0: 3 0x800002f4 (0xbd9d8923) mem 0x80010ab5 0x0
core   0: 0x800002f8 (0xc4616737) lui     a4, 0xc4616
core   0: 3 0x800002f8 (0xc4616737) x14 0xc4616000
core   0: 0x800002fc (0x00651993) slli    s3, a0, 6
core   0: 3 0x800002fc (0x00651993) x19 0xffffff40
core   0: 0x80000300 (0x032a05b3) mul     a1, s4, s2
core   0: 3 0x80000300 (0x032a05b3) x11 0x80029ce4
core   0: 0x80000304 (0x405b02b3) sub     t0, s6, t0
core   0: 3 0x80000304 (0x405b02b3) x 5 0xffffffea
core   0: 0x80000308 (0xcf5d8983) lb      s3, -779(s11)
core   0: 3 0x80000308 (0xcf5d8983) x19 0xffffffce mem 0x80010bd8
core   0: 0x8000030c (0xdb7d9da3) sh      s7, -581(s11)
core   0: 3 0x8000030c (0xdb7d9da3) mem 0x80010c9e 0x147a
core   0: 0x80000310 (0xaafdd203) lhu     tp, -1361(s11)
core   0: 3 0x80000310 (0xaafdd203) x 4 0x0000df00 mem 0x80010992
core   0: 0x80000314 (0x013995b3) sll     a1, s3, s3
core   0: 3 0x80000314 (0x013995b3) x11 0xfff38000
core   0: 0x80000318 (0xfcfd8403) lb      s0, -49(s11)
core   0: 3 0x80000318 (0xfcfd8403) x 8 0xffffffac mem 0x80010eb2
core   0: 0x8000031c (0xcbbd9383) lh      t2, -837(s11)
core   0: 3 0x8000031c (0xcbbd9383) x 7 0xffffb428 mem 0x80010b9e
core   0: 0x80000320 (0xdf5dc283) lbu     t0, -523(s11)
core   0: 3 0x80000320 (0xdf5dc283) x 5 0x0000005a mem 0x80010cd8
core   0: 0x80000324 (0x03188833) mul     a6, a7, a7
core   0: 3 0x80000324 (0x03188833) x16 0x00000001
core   0: 0x80000328 (0x952d8803) lb      a6, -1710(s11)
core   0: 3 0x80000328 (0x952d8803) x16 0x0000002b mem 0x80010835
core   0: 0x8000032c (0x00f29213) slli    tp, t0, 15
core   0: 3 0x8000032c (0x00f29213) x 4 0x002d0000
core   0: 0x80000330 (0x9b5d9c83) lh      s9, -1611(s11)
core   0: 3 0x80000330 (0x9b5d9c83) x25 0x00005491 mem 0x80010898
core   0: 0x80000334 (0x02011ab3) mulh    s5, sp, zero
core   0: 3 0x80000334 (0x02011ab3) x21 0x00000000
core   0: 0x80000338 (0xe4cd8503) lb      a0, -436(s11)
core   0: 3 0x80000338 (0xe4cd8503) x10 0xffffffa2 mem 0x80010d2f
core   0: 0x8000033c (0x852dc903) lbu     s2, -1966(s11)
core   0: 3 0x8000033c (0x852dc903) x18 0x00000081 mem 0x80010735
core   0: 0x80000340 (0x00012097) auipc   ra, 0x12
core   0: 3 0x80000340 (0x00012097) x 1 0x80012340
core   0: 0x80000344 (0x05508093) addi    ra, ra, 85
core   0: 3 0x80000344 (0x05508093) x 1 0x80012395
core   0: 0x80000348 (0x03f08023) sb      t6, 32(ra)
core   0: 3 0x80000348 (0x03f08023) mem 0x800123b5 0x88
core   0: 0x8000034c (0x01e08203) lb      tp, 30(ra)
core   0: 3 0x8000034c (0x01e08203) x 4 0x00000004 mem 0x800123b3
core   0: 0x80000350 (0xffb5db37) lui     s6, 0xffb5d
core   0: 3 0x80000350 (0xffb5db37) x22 0xffb5d000
core   0: 0x80000354 (0xfe7088a3) sb      t2, -15(ra)
core   0: 3 0x80000354 (0xfe7088a3) mem 0x80012386 0x28
core   0: 0x80000358 (0x03908e03) lb      t3, 57(ra)
core   0: 3 0x80000358 (0x03908e03) x28 0x00000031 mem 0x800123ce
core   0: 0x8000035c (0x02216b33) rem     s6, sp, sp
core   0: 3 0x8000035c (0x02216b33) x22 0x00000000
core   0: 0x80000360 (0x009e28b3) slt     a7, t3, s1
core   0: 3 0x80000360 (0x009e28b3) x17 0x00000000
core   0: 0x80000364 (0x1992bd93) sltiu   s11, t0, 409
core   0: 3 0x80000364 (0x1992bd93) x27 0x00000001
core   0: 0x80000368 (0x02d09fa3) sh      a3, 63(ra)
core   0: 3 0x80000368 (0x02d09fa3) mem 0x800123d4 0x00ad
core   0: 0x8000036c (0xb85ffe13) andi    t3, t6, -1147
core   0: 3 0x8000036c (0xb85ffe13) x28 0x0000b280
core   0: 0x80000370 (0x0370a9a3) sw      s7, 51(ra)
core   0: 3 0x80000370 (0x0370a9a3) mem 0x800123c8 0xb549147a
core   0: 0x80000374 (0x01c63b33) sltu    s6, a2, t3
core   0: 3 0x80000374 (0x01c63b33) x22 0x00000001
core   0: 0x80000378 (0x03d0c183) lbu     gp, 61(ra)
core   0: 3 0x80000378 (0x03d0c183) x 3 0x00000072 mem 0x800123d2
core   0: 0x8000037c (0x00508a23) sb      t0, 20(ra)
core   0: 3 0x8000037c (0x00508a23) mem 0x800123a9 0x5a
core   0: 0x80000380 (0xff3082a3) sb      s3, -27(ra)
core   0: 3 0x80000380 (0xff3082a3) mem 0x8001237a 0xce
core   0: 0x80000384 (0x0070ac83) lw      s9, 7(ra)
core   0: 3 0x80000384 (0x0070ac83) x25 0xffa906d0 mem 0x8001239c
core   0: 0x80000388 (0xfe20cf83) lbu     t6, -30(ra)
core   0: 3 0x80000388 (0xfe20cf83) x31 0x0000008f mem 0x80012377
core   0: 0x8000038c (0x01e094a3) sh      t5, 9(ra)
core   0: 3 0x8000038c (0x01e094a3) mem 0x8001239e 0xd8f8
core   0: 0x80000390 (0xfe008e03) lb      t3, -32(ra)
core   0: 3 0x80000390 (0xfe008e03) x28 0x00000059 mem 0x80012375
core   0: 0x80000394 (0xc5212593) slti    a1, sp, -942
core   0: 3 0x80000394 (0xc5212593) x11 0x00000001
core   0: 0x80000398 (0x03108ea3) sb      a7, 61(ra)
core   0: 3 0x80000398 (0x03108ea3) mem 0x800123d2 0x0
core   0: 0x8000039c (0x00808523) sb      s0, 10(ra)
core   0: 3 0x8000039c (0x00808523) mem 0x8001239f 0xac
core   0: 0x800003a0 (0x034325b3) mulhsu  a1, t1, s4
core   0: 3 0x800003a0 (0x034325b3) x11 0x0000000f
core   0: 0x800003a4 (0x0200cc83) lbu     s9, 32(ra)
core   0: 3 0x800003a4 (0x0200cc83) x25 0x00000088 mem 0x800123b5
core   0: 0x800003a8 (0x00681193) slli    gp, a6, 6
core   0: 3 0x800003a8 (0x00681193) x 3 0x00000ac0
core   0: 0x800003ac (0x01108d03) lb      s10, 17(ra)
core   0: 3 0x800003ac (0x01108d03) x26 0xffffff89 mem 0x800123a6
core   0: 0x800003b0 (0x015097a3) sh      s5, 15(ra)
core   0: 3 0x800003b0 (0x015097a3) mem 0x800123a4 0x0000
core   0: 0x800003b4 (0x03c4c633) div     a2, s1, t3
core   0: 3 0x800003b4 (0x03c4c633) x12 0x00000000
core   0: 0x800003b8 (0xfdb08d83) lb      s11, -37(ra)
core   0: 3 0x800003b8 (0xfdb08d83) x27 0x00000055 mem 0x80012370
core   0: 0x800003bc (0x00e7d613) srli    a2, a5, 14
core   0: 3 0x800003bc (0x00e7d613) x12 0x00000000
core   0: 0x800003c0 (0xfd0fc813) xori    a6, t6, -48
core   0: 3 0x800003c0 (0xfd0fc813) x16 0xffffff5f
core   0: 0x800003c4 (0x038ca4b3) mulhsu  s1, s9, s8
core   0: 3 0x800003c4 (0x038ca4b3) x 9 0x00000000
core   0: 0x800003c8 (0x026a47b3) div     a5, s4, t1
core   0: 3 0x800003c8 (0x026a47b3) x15 0xfbbbd208
core   0: 0x800003cc (0xffd08423) sb      t4, -24(ra)
core   0: 3 0x800003cc (0xffd08423) mem 0x8001237d 0xe2
core   0: 0x800003d0 (0x01a26ab3) or      s5, tp, s10
core   0: 3 0x800003d0 (0x01a26ab3) x21 0xffffff8d
core   0: 0x800003d4 (0xffb09e83) lh      t4, -5(ra)
core   0: 3 0x800003d4 (0xffb09e83) x29 0x000075c4 mem 0x80012390
core   0: 0x800003d8 (0xf89c3793) sltiu   a5, s8, -119
core   0: 3 0x800003d8 (0xf89c3793) x15 0x00000001
core   0: 0x800003dc (0x01b08883) lb      a7, 27(ra)
core   0: 3 0x800003dc (0x01b08883) x17 0xffffffa2 mem 0x800123b0
core   0: 0x800003e0 (0x00015217) auipc   tp, 0x15
core   0: 3 0x800003e0 (0x00015217) x 4 0x800153e0
core   0: 0x800003e4 (0x2c520213) addi    tp, tp, 709
core   0: 3 0x800003e4 (0x2c520213) x 4 0x800156a5
core   0: 0x800003e8 (0xf5f5f413) andi    s0, a1, -161
core   0: 3 0x800003e8 (0xf5f5f413) x 8 0x0000000f
core   0: 0x800003ec (0xf08201a3) sb      s0, -253(tp)
core   0: 3 0x800003ec (0xf08201a3) mem 0x800155a8 0xf
core   0: 0x800003f0 (0x0fd20f23) sb      t4, 254(tp)
core   0: 3 0x800003f0 (0x0fd20f23) mem 0x800157a3 0xc4
core   0: 0x800003f4 (0xfc3204a3) sb      gp, -55(tp)
core   0: 3 0x800003f4 (0xfc3204a3) mem 0x8001566e 0xc0
core   0: 0x800003f8 (0x00a0f2b3) and     t0, ra, a0
core   0: 3 0x800003f8 (0x00a0f2b3) x 5 0x80012380
core   0: 0x800003fc (0x08722883) lw      a7, 135(tp)
core   0: 3 0x800003fc (0x08722883) x17 0xa09bbb8b mem 0x8001572c
core   0: 0x80000400 (0xd2b10337) lui     t1, 0xd2b10
core   0: 3 0x80000400 (0xd2b10337) x 6 0xd2b10000
core   0: 0x80000404 (0x0284de33) divu    t3, s1, s0
core   0: 3 0x80000404 (0x0284de33) x28 0x00000000
core   0: 0x80000408 (0x08925e03) lhu     t3, 137(tp)
core   0: 3 0x80000408 (0x08925e03) x28 0x0000a09b mem 0x8001572e
core   0: 0x8000040c (0x010212a3) sh      a6, 5(tp)
core   0: 3 0x8000040c (0x010212a3) mem 0x800156aa 0xff5f
core   0: 0x80000410 (0xf6d24803) lbu     a6, -147(tp)
core   0: 3 0x80000410 (0xf6d24803) x16 0x0000009c mem 0x80015612
core   0: 0x80000414 (0x0d3209a3) sb      s3, 211(tp)
core   0: 3 0x80000414 (0x0d3209a3) mem 0x80015778 0xce
core   0: 0x80000418 (0x0051f1b3) and     gp, gp, t0
core   0: 3 0x80000418 (0x0051f1b3) x 3 0x00000280
core   0: 0x8000041c (0x04a21fa3) sh      a0, 95(tp)
core   0: 3 0x8000041c (0x04a21fa3) mem 0x80015704 0xffa2
core   0: 0x80000420 (0xbeda7793) andi    a5, s4, -1043
core   0: 3 0x80000420 (0xbeda7793) x15 0x800298e4
core   0: 0x80000424 (0x28dcc817) auipc   a6, 0x28dcc
core   0: 3 0x80000424 (0x28dcc817) x16 0xa8dcc424
core   0: 0x80000428 (0x00e7e3b3) or      t2, a5, a4
core   0: 3 0x80000428 (0x00e7e3b3) x 7 0xc463f8e4
core   0: 0x8000042c (0x03442633) mulhsu  a2, s0, s4
core   0: 3 0x8000042c (0x03442633) x12 0x00000007
core   0: 0x80000430 (0x04120683) lb      a3, 65(tp)
core   0: 3 0x80000430 (0x04120683) x13 0xffffffd7 mem 0x800156e6
core   0: 0x80000434 (0xfca24383) lbu     t2, -54(tp)
core   0: 3 0x80000434 (0xfca24383) x 7 0x000000ff mem 0x8001566f
core   0: 0x80000438 (0xf6024603) lbu     a2, -160(tp)
core   0: 3 0x80000438 (0xf6024603) x12 0x000000e2 mem 0x80015605
core   0: 0x8000043c (0x028570b3) remu    ra, a0, s0
core   0: 3 0x8000043c (0x028570b3) x 1 0x0000000c
core   0: 0x80000440 (0x07521803) lh      a6, 117(tp)
core   0: 3 0x80000440 (0x07521803) x16 0x00004f94 mem 0x8001571a
core   0: 0x80000444 (0x530e40b7) lui     ra, 0x530e4
core   0: 3 0x80000444 (0x530e40b7) x 1 0x530e4000
core   0: 0x80000448 (0x05bd7413) andi    s0, s10, 91
core   0: 3 0x80000448 (0x05bd7413) x 8 0x00000009
core   0: 0x8000044c (0x36c4ec13) ori     s8, s1, 876
core   0: 3 0x8000044c (0x36c4ec13) x24 0x0000036c
core   0: 0x80000450 (0xf6f21603) lh      a2, -145(tp)
core   0: 3 0x80000450 (0xf6f21603) x12 0xffffb3b1 mem 0x80015614
core   0: 0x80000454 (0x3baa6b13) ori     s6, s4, 954
core   0: 3 0x80000454 (0x3baa6b13) x22 0x80029ffe
core   0: 0x80000458 (0x0368e3b3) rem     t2, a7, s6
core   0: 3 0x80000458 (0x0368e3b3) x 7 0xa09bbb8b
core   0: 0x8000045c (0x03921fa3) sh      s9, 63(tp)
core   0: 3 0x8000045c (0x03921fa3) mem 0x800156e4 0x0088
core   0: 0x80000460 (0xf1620b03) lb      s6, -234(tp)
core   0: 3 0x80000460 (0xf1620b03) x22 0x00000050 mem 0x800155bb
core   0: 0x80000464 (0x8d397c93) andi    s9, s2, -1837
core   0: 3 0x80000464 (0x8d397c93) x25 0x00000081
core   0: 0x80000468 (0x0d224783) lbu     a5, 210(tp)
core   0: 3 0x80000468 (0x0d224783) x15 0x0000006b mem 0x80015777
core   0: 0x8000046c (0x0121a733) slt     a4, gp, s2
core   0: 3 0x8000046c (0x0121a733) x14 0x00000000
core   0: 0x80000470 (0x5d846437) lui     s0, 0x5d846
core   0: 3 0x80000470 (0x5d846437) x 8 0x5d846000
core   0: 0x80000474 (0xff722503) lw      a0, -9(tp)
core   0: 3 0x80000474 (0xff722503) x10 0xc682fa4a mem 0x8001569c
core   0: 0x80000478 (0x02320c23) sb      gp, 56(tp)
core   0: 3 0x80000478 (0x02320c23) mem 0x800156dd 0x80
core   0: 0x8000047c (0x031c03b3) mul     t2, s8, a7
core   0: 3 0x8000047c (0x031c03b3) x 7 0x94e5bfa4
core   0: 0x80000480 (0x07c20283) lb      t0, 124(tp)
core   0: 3 0x80000480 (0x07c20283) x 5 0xffffffa0 mem 0x80015721
core   0: 0x80000484 (0x05e20983) lb      s3, 94(tp)
core   0: 3 0x80000484 (0x05e20983) x19 0x00000049 mem 0x80015703
core   0: 0x80000488 (0xcd550f13) addi    t5, a0, -811
core   0: 3 0x80000488 (0xcd550f13) x30 0xc682f71f
core   0: 0x8000048c (0x014fb033) sltu    zero, t6, s4
core   0: 3 0x8000048c (0x014fb033)
core   0: 0x80000490 (0x00000013) nop
core   0: 3 0x80000490 (0x00000013)
core   0: 0x80000494 (0xf2220d03) lb      s10, -222(tp)
core   0: 3 0x80000494 (0xf2220d03) x26 0xffffff97 mem 0x800155c7
core   0: 0x80000498 (0x40e90433) sub     s0, s2, a4
core   0: 3 0x80000498 (0x40e90433) x 8 0x00000081
core   0: 0x8000049c (0x8cf64b13) xori    s6, a2, -1841
core   0: 3 0x8000049c (0x8cf64b13) x22 0x00004b7e
core   0: 0x800004a0 (0x0315c0b3) div     ra, a1, a7
core   0: 3 0x800004a0 (0x0315c0b3) x 1 0x00000000
core   0: 0x800004a4 (0x56d33317) auipc   t1, 0x56d33
core   0: 3 0x800004a4 (0x56d33317) x 6 0xd6d334a4
core   0: 0x800004a8 (0x03a8ad33) mulhsu  s10, a7, s10
core   0: 3 0x800004a8 (0x03a8ad33) x26 0xa09bbbb2
core   0: 0x800004ac (0xed820593) addi    a1, tp, -296
core   0: 3 0x800004ac (0xed820593) x11 0x8001557d
core   0: 0x800004b0 (0x06e20783) lb      a5, 110(tp)
core   0: 3 0x800004b0 (0x06e20783) x15 0xfffffffb mem 0x80015713
core   0: 0x800004b4 (0xf3721703) lh      a4, -201(tp)
core   0: 3 0x800004b4 (0xf3721703) x14 0x00004341 mem 0x800155dc
core   0: 0x800004b8 (0xf7a20a23) sb      s10, -140(tp)
core   0: 3 0x800004b8 (0xf7a20a23) mem 0x80015619 0xb2
core   0: 0x800004bc (0x00014097) auipc   ra, 0x14
core   0: 3 0x800004bc (0x00014097) x 1 0x800144bc
core   0: 0x800004c0 (0x9d408093) addi    ra, ra, -1580
core   0: 3 0x800004c0 (0x9d408093) x 1 0x80013e90
core   0: 0x800004c4 (0x00853333) sltu    t1, a0, s0
core   0: 3 0x800004c4 (0x00853333) x 6 0x00000000
core   0: 0x800004c8 (0x0f088993) addi    s3, a7, 240
core   0: 3 0x800004c8 (0x0f088993) x19 0xa09bbc7b
core   0: 0x800004cc (0x0f10c903) lbu     s2, 241(ra)
core   0: 3 0x800004cc (0x0f10c903) x18 0x00000012 mem 0x80013f81
core   0: 0x800004d0 (0x4156d233) sra     tp, a3, s5
core   0: 3 0x800004d0 (0x4156d233) x 4 0xffffffff
core   0: 0x800004d4 (0x1b97f593) andi    a1, a5, 441
core   0: 3 0x800004d4 (0x1b97f593) x11 0x000001b9
core   0: 0x800004d8 (0xfee0ae23) sw      a4, -4(ra)
core   0: 3 0x800004d8 (0xfee0ae23) mem 0x80013e8c 0x00004341
core   0: 0x800004dc (0x317cc193) xori    gp, s9, 791
core   0: 3 0x800004dc (0x317cc193) x 3 0x00000396
core   0: 0x800004e0 (0x5d10cc03) lbu     s8, 1489(ra)
core   0: 3 0x800004e0 (0x5d10cc03) x24 0x000000d7 mem 0x80014461
core   0: 0x800004e4 (0xc3a09b23) sh      s10, -970(ra)
core   0: 3 0x800004e4 (0xc3a09b23) mem 0x80013ac6 0xbbb2
core   0: 0x800004e8 (0x01d13933) sltu    s2, sp, t4
core   0: 3 0x800004e8 (0x01d13933) x18 0x00000000
core   0: 0x800004ec (0x030ae2b3) rem     t0, s5, a6
core   0: 3 0x800004ec (0x030ae2b3) x 5 0xffffff8d
core   0: 0x800004f0 (0xb4208483) lb      s1, -1214(ra)
core   0: 3 0x800004f0 (0xb4208483) x 9 0x0000005c mem 0x800139d2
core   0: 0x800004f4 (0x1acbdd37) lui     s10, 0x1acbd
core   0: 3 0x800004f4 (0x1acbdd37) x26 0x1acbd000
core   0: 0x800004f8 (0x03098533) mul     a0, s3, a6
core   0: 3 0x800004f8 (0x03098533) x10 0xe932ec1c
core   0: 0x800004fc (0xd3609403) lh      s0, -714(ra)
core   0: 3 0x800004fc (0xd3609403) x 8 0x000079e1 mem 0x80013bc6
core   0: 0x80000500 (0x99e78413) addi    s0, a5, -1634
core   0: 3 0x80000500 (0x99e78413) x 8 0xfffff999
core   0: 0x80000504 (0xab208c03) lb      s8, -1358(ra)
core   0: 3 0x80000504 (0xab208c03) x24 0x00000053 mem 0x80013942
core   0: 0x80000508 (0xdcf0c983) lbu     s3, -561(ra)
core   0: 3 0x80000508 (0xdcf0c983) x19 0x000000c9 mem 0x80013c5f
core   0: 0x8000050c (0x011e6eb3) or      t4, t3, a7
core   0: 3 0x8000050c (0x011e6eb3) x29 0xa09bbb9b
core   0: 0x80000510 (0x2bbf7493) andi    s1, t5, 699
core   0: 3 0x80000510 (0x2bbf7493) x 9 0x0000021b
core   0: 0x80000514 (0x403cdd33) sra     s10, s9, gp
core   0: 3 0x80000514 (0x403cdd33) x26 0x00000000
core   0: 0x80000518 (0x005a41b3) xor     gp, s4, t0
core   0: 3 0x80000518 (0x005a41b3) x 3 0x7ffd6369
core   0: 0x8000051c (0x53dda393) slti    t2, s11, 1341
core   0: 3 0x8000051c (0x53dda393) x 7 0x00000001
core   0: 0x80000520 (0xe23d4493) xori    s1, s10, -477
core   0: 3 0x80000520 (0xe23d4493) x 9 0xfffffe23
core   0: 0x80000524 (0xddc08703) lb      a4, -548(ra)
core   0: 3 0x80000524 (0xddc08703) x14 0x00000063 mem 0x80013c6c
core   0: 0x80000528 (0x017983b3) add     t2, s3, s7
core   0: 3 0x80000528 (0x017983b3) x 7 0xb5491543
core   0: 0x8000052c (0x00b26833) or      a6, tp, a1
core   0: 3 0x8000052c (0x00b26833) x16 0xffffffff
core   0: 0x80000530 (0x26c2e493) ori     s1, t0, 620
core   0: 3 0x80000530 (0x26c2e493) x 9 0xffffffed
core   0: 0x80000534 (0x5710cf83) lbu     t6, 1393(ra)
core   0: 3 0x80000534 (0x5710cf83) x31 0x00000030 mem 0x80014401
core   0: 0x80000538 (0x01fd6b33) or      s6, s10, t6
core   0: 3 0x80000538 (0x01fd6b33) x22 0x00000030
core   0: 0x8000053c (0x01692533) slt     a0, s2, s6
core   0: 3 0x8000053c (0x01692533) x10 0x00000001
core   0: 0x80000540 (0x15c09703) lh      a4, 348(ra)
core   0: 3 0x80000540 (0x15c09703) x14 0x00007cd0 mem 0x80013fec
core   0: 0x80000544 (0x72d089a3) sb      a3, 1843(ra)
core   0: 3 0x80000544 (0x72d089a3) mem 0x800145c3 0xd7
core   0: 0x80000548 (0x0038fab3) and     s5, a7, gp
core   0: 3 0x80000548 (0x0038fab3) x21 0x20992309
core   0: 0x8000054c (0x0470f393) andi    t2, ra, 71
core   0: 3 0x8000054c (0x0470f393) x 7 0x00000000
core   0: 0x80000550 (0x001a3e33) sltu    t3, s4, ra
core   0: 3 0x80000550 (0x001a3e33) x28 0x00000000
core   0: 0x80000554 (0x400c8ab3) sub     s5, s9, zero
core   0: 3 0x80000554 (0x400c8ab3) x21 0x00000081
core   0: 0x80000558 (0x41775b33) sra     s6, a4, s7
core   0: 3 0x80000558 (0x41775b33) x22 0x00000000
core   0: 0x8000055c (0x32409f03) lh      t5, 804(ra)
core   0: 3 0x8000055c (0x32409f03) x30 0x00005b22 mem 0x800141b4
core   0: 0x80000560 (0x6180c683) lbu     a3, 1560(ra)
core   0: 3 0x80000560 (0x6180c683) x13 0x000000cf mem 0x800144a8
core   0: 0x80000564 (0x41bbde13) srai    t3, s7, 27
core   0: 3 0x80000564 (0x41bbde13) x28 0xfffffff6
core   0: 0x80000568 (0x03ec0933) mul     s2, s8, t5
core   0: 3 0x80000568 (0x03ec0933) x18 0x001d8c06
core   0: 0x8000056c (0x007dbeb3) sltu    t4, s11, t2
core   0: 3 0x8000056c (0x007dbeb3) x29 0x00000000
core   0: 0x80000570 (0xbfe08783) lb      a5, -1026(ra)
core   0: 3 0x80000570 (0xbfe08783) x15 0x00000067 mem 0x80013a8e
core   0: 0x80000574 (0x015cf433) and     s0, s9, s5
core   0: 3 0x80000574 (0x015cf433) x 8 0x00000081
core   0: 0x80000578 (0x9e808ca3) sb      s0, -1543(ra)
core   0: 3 0x80000578 (0x9e808ca3) mem 0x80013889 0x81
core   0: 0x8000057c (0x00013e17) auipc   t3, 0x13
core   0: 3 0x8000057c (0x00013e17) x28 0x8001357c
core   0: 0x80000580 (0x1c4e0e13) addi    t3, t3, 452
core   0: 3 0x80000580 (0x1c4e0e13) x28 0x80013740
core   0: 0x80000584 (0xe4080513) addi    a0, a6, -448
core   0: 3 0x80000584 (0xe4080513) x10 0xfffffe3f
core   0: 0x80000588 (0x01a99493) slli    s1, s3, 26
core   0: 3 0x80000588 (0x01a99493) x 9 0x24000000
core   0: 0x8000058c (0xff6e0b23) sb      s6, -10(t3)
core   0: 3 0x8000058c (0xff6e0b23) mem 0x80013736 0x0
core   0: 0x80000590 (0xfd7e4203) lbu     tp, -41(t3)
core   0: 3 0x80000590 (0xfd7e4203) x 4 0x0000004a mem 0x80013717
core   0: 0x80000594 (0xffce03a3) sb      t3, -25(t3)
core   0: 3 0x80000594 (0xffce03a3) mem 0x80013727 0x40
core   0: 0x80000598 (0xf98e0223) sb      s8, -124(t3)
core   0: 3 0x80000598 (0xf98e0223) mem 0x800136c4 0x53
core   0: 0x8000059c (0xfeee0d23) sb      a4, -6(t3)
core   0: 3 0x8000059c (0xfeee0d23) mem 0x8001373a 0xd0
core   0: 0x800005a0 (0x0295d4b3) divu    s1, a1, s1
core   0: 3 0x800005a0 (0x0295d4b3) x 9 0x00000000
core   0: 0x800005a4 (0x01a85233) srl     tp, a6, s10
core   0: 3 0x800005a4 (0x01a85233) x 4 0xffffffff
core   0: 0x800005a8 (0x0d7e0403) lb      s0, 215(t3)
core   0: 3 0x800005a8 (0x0d7e0403) x 8 0x00000071 mem 0x80013817
core   0: 0x800005ac (0x027478b3) remu    a7, s0, t2
core   0: 3 0x800005ac (0x027478b3) x17 0x00000071
core   0: 0x800005b0 (0x02cfa733) mulhsu  a4, t6, a2
core   0: 3 0x800005b0 (0x02cfa733) x14 0x0000002f
core   0: 0x800005b4 (0x41b95b13) srai    s6, s2, 27
core   0: 3 0x800005b4 (0x41b95b13) x22 0x00000000
core   0: 0x800005b8 (0x01e98733) add     a4, s3, t5
core   0: 3 0x800005b8 (0x01e98733) x14 0x00005beb
core   0: 0x800005bc (0xfcee1a23) sh      a4, -44(t3)
core   0: 3 0x800005bc (0xfcee1a23) mem 0x80013714 0x5beb
core   0: 0x800005c0 (0x41bf00b3) sub     ra, t5, s11
core   0: 3 0x800005c0 (0x41bf00b3) x 1 0x00005acd
core   0: 0x800005c4 (0x0b0e5183) lhu     gp, 176(t3)
core   0: 3 0x800005c4 (0x0b0e5183) x 3 0x00008398 mem 0x800137f0
core   0: 0x800005c8 (0x01a3c0b3) xor     ra, t2, s10
core   0: 3 0x800005c8 (0x01a3c0b3) x 1 0x00000000
core   0: 0x800005cc (0x023407b3) mul     a5, s0, gp
core   0: 3 0x800005cc (0x023407b3) x15 0x003a1618
core   0: 0x800005d0 (0xf04e0783) lb      a5, -252(t3)
core   0: 3 0x800005d0 (0xf04e0783) x15 0xffffff9c mem 0x80013644
core   0: 0x800005d4 (0xf24e2423) sw      tp, -216(t3)
core   0: 3 0x800005d4 (0xf24e2423) mem 0x80013668 0xffffffff
core   0: 0x800005d8 (0x07be0003) lb      zero, 123(t3)
core   0: 3 0x800005d8 (0x07be0003) mem 0x800137bb
core   0: 0x800005dc (0xf3ae0ba3) sb      s10, -201(t3)
core   0: 3 0x800005dc (0xf3ae0ba3) mem 0x80013677 0x0
core   0: 0x800005e0 (0x009e4a83) lbu     s5, 9(t3)
core   0: 3 0x800005e0 (0x009e4a83) x21 0x00000049 mem 0x80013749
core   0: 0x800005e4 (0xf06e1c83) lh      s9, -250(t3)
core   0: 3 0x800005e4 (0xf06e1c83) x25 0xffffd9af mem 0x80013646
core   0: 0x800005e8 (0x414b0b33) sub     s6, s6, s4
core   0: 3 0x800005e8 (0x414b0b33) x22 0x7ffd631c
core   0: 0x800005ec (0x547f90b7) lui     ra, 0x547f9
core   0: 3 0x800005ec (0x547f90b7) x 1 0x547f9000
core   0: 0x800005f0 (0xf46e5683) lhu     a3, -186(t3)
core   0: 3 0x800005f0 (0xf46e5683) x13 0x0000ca4d mem 0x80013686
core   0: 0x800005f4 (0x07ce5303) lhu     t1, 124(t3)
core   0: 3 0x800005f4 (0x07ce5303) x 6 0x00007fd2 mem 0x800137bc
core   0: 0x800005f8 (0x29da02b7) lui     t0, 0x29da0
core   0: 3 0x800005f8 (0x29da02b7) x 5 0x29da0000
core   0: 0x800005fc (0xfa61c237) lui     tp, 0xfa61c
core   0: 3 0x800005fc (0xfa61c237) x 4 0xfa61c000
core   0: 0x80000600 (0x03a97933) remu    s2, s2, s10
core   0: 3 0x80000600 (0x03a97933) x18 0x001d8c06
core   0: 0x80000604 (0xcebb6013) ori     zero, s6, -789
core   0: 3 0x80000604 (0xcebb6013)
core   0: 0x80000608 (0x09f20313) addi    t1, tp, 159
core   0: 3 0x80000608 (0x09f20313) x 6 0xfa61c09f
core   0: 0x8000060c (0x4989e013) ori     zero, s3, 1176
core   0: 3 0x8000060c (0x4989e013)
core   0: 0x80000610 (0x02728b33) mul     s6, t0, t2
core   0: 3 0x80000610 (0x02728b33) x22 0x00000000
core   0: 0x80000614 (0x9d494993) xori    s3, s2, -1580
core   0: 3 0x80000614 (0x9d494993) x19 0xffe275d2
core   0: 0x80000618 (0xf67e4e83) lbu     t4, -153(t3)
core   0: 3 0x80000618 (0xf67e4e83) x29 0x00000049 mem 0x800136a7
core   0: 0x8000061c (0x03fe0a83) lb      s5, 63(t3)
core   0: 3 0x8000061c (0x03fe0a83) x21 0xffffff82 mem 0x8001377f
core   0: 0x80000620 (0xf5ce2803) lw      a6, -164(t3)
core   0: 3 0x80000620 (0xf5ce2803) x16 0x94026572 mem 0x8001369c
core   0: 0x80000624 (0xf37e2c23) sw      s7, -200(t3)
core   0: 3 0x80000624 (0xf37e2c23) mem 0x80013678 0xb549147a
core   0: 0x80000628 (0x97ae13b7) lui     t2, 0x97ae1
core   0: 3 0x80000628 (0x97ae13b7) x 7 0x97ae1000
core   0: 0x8000062c (0xfd1e4503) lbu     a0, -47(t3)
core   0: 3 0x8000062c (0xfd1e4503) x10 0x0000005c mem 0x80013711
core   0: 0x80000630 (0xfe0e0a23) sb      zero, -12(t3)
core   0: 3 0x80000630 (0xfe0e0a23) mem 0x80013734 0x0
core   0: 0x80000634 (0xfcbe0183) lb      gp, -53(t3)
core   0: 3 0x80000634 (0xfcbe0183) x 3 0x0000002a mem 0x8001370b
core   0: 0x80000638 (0x0b2e0183) lb      gp, 178(t3)
core   0: 3 0x80000638 (0x0b2e0183) x 3 0xffffffbc mem 0x800137f2
core   0: 0x8000063c (0x07fe0f03) lb      t5, 127(t3)
core   0: 3 0x8000063c (0x07fe0f03) x30 0x00000079 mem 0x800137bf
core   0: 0x80000640 (0x9a79bd97) auipc   s11, 0x9a79b
core   0: 3 0x80000640 (0x9a79bd97) x27 0x1a79b640
core   0: 0x80000644 (0x035801b3) mul     gp, a6, s5
core   0: 3 0x80000644 (0x035801b3) x 3 0x26d211e4
core   0: 0x80000648 (0x014e04a3) sb      s4, 9(t3)
core   0: 3 0x80000648 (0x014e04a3) mem 0x80013749 0xe4
core   0: 0x8000064c (0xf30e5803) lhu     a6, -208(t3)
core   0: 3 0x8000064c (0xf30e5803) x16 0x0000fdd5 mem 0x80013670
core   0: 0x80000650 (0x009e0383) lb      t2, 9(t3)
core   0: 3 0x80000650 (0x009e0383) x 7 0xffffffe4 mem 0x80013749
core   0: 0x80000654 (0x00010e17) auipc   t3, 0x10
core   0: 3 0x80000654 (0x00010e17) x28 0x80010654
core   0: 0x80000658 (0x087e0e13) addi    t3, t3, 135
core   0: 3 0x80000658 (0x087e0e13) x28 0x800106db
core   0: 0x8000065c (0x011e0023) sb      a7, 0(t3)
core   0: 3 0x8000065c (0x011e0023) mem 0x800106db 0x71
core   0: 0x80000660 (0xff8e4e83) lbu     t4, -8(t3)
core   0: 3 0x80000660 (0xff8e4e83) x29 0x00000031 mem 0x800106d3
core   0: 0x80000664 (0xffbe4783) lbu     a5, -5(t3)
core   0: 3 0x80000664 (0xffbe4783) x15 0x000000b0 mem 0x800106d6
core   0: 0x80000668 (0x0196a533) slt     a0, a3, s9
core   0: 3 0x80000668 (0x0196a533) x10 0x00000000
core   0: 0x8000066c (0x02ed1d33) mulh    s10, s10, a4
core   0: 3 0x8000066c (0x02ed1d33) x26 0x00000000
core   0: 0x80000670 (0x02eddd33) divu    s10, s11, a4
core   0: 3 0x80000670 (0x02eddd33) x26 0x000049bc
core   0: 0x80000674 (0x41215313) srai    t1, sp, 18
core   0: 3 0x80000674 (0x41215313) x 6 0xffffe000
core   0: 0x80000678 (0xdf89e217) auipc   tp, 0xdf89e
core   0: 3 0x80000678 (0xdf89e217) x 4 0x5f89e678
core   0: 0x8000067c (0xa05f7997) auipc   s3, 0xa05f7
core   0: 3 0x8000067c (0xa05f7997) x19 0x205f767c
core   0: 0x80000680 (0x402cd1b3) sra     gp, s9, sp
core   0: 3 0x80000680 (0x402cd1b3) x 3 0xfffffd9a
core   0: 0x80000684 (0x00ce4c03) lbu     s8, 12(t3)
core   0: 3 0x80000684 (0x00ce4c03) x24 0x0000002d mem 0x800106e7
core   0: 0x80000688 (0x02720233) mul     tp, tp, t2
core   0: 3 0x80000688 (0x02720233) x 4 0x8ceacae0
core   0: 0x8000068c (0x013f22b3) slt     t0, t5, s3
core   0: 3 0x8000068c (0x013f22b3) x 5 0x00000001
core   0: 0x80000690 (0x010e0303) lb      t1, 16(t3)
core   0: 3 0x80000690 (0x010e0303) x 6 0xffffffdf mem 0x800106eb
core   0: 0x80000694 (0x02308f33) mul     t5, ra, gp
core   0: 3 0x80000694 (0x02308f33) x30 0x560ca000
core   0: 0x80000698 (0x0335c933) div     s2, a1, s3
core   0: 3 0x80000698 (0x0335c933) x18 0x00000000
core   0: 0x8000069c (0xff9e0c23) sb      s9, -8(t3)
core   0: 3 0x8000069c (0xff9e0c23) mem 0x800106d3 0xaf
core   0: 0x800006a0 (0x00ed5c33) srl     s8, s10, a4
core   0: 3 0x800006a0 (0x00ed5c33) x24 0x00000009
core   0: 0x800006a4 (0x00935013) srli    zero, t1, 9
core   0: 3 0x800006a4 (0x00935013)
core   0: 0x800006a8 (0x029daf33) mulhsu  t5, s11, s1
core   0: 3 0x800006a8 (0x029daf33) x30 0x00000000
core   0: 0x800006ac (0x00ce4683) lbu     a3, 12(t3)
core   0: 3 0x800006ac (0x00ce4683) x13 0x0000002d mem 0x800106e7
core   0: 0x800006b0 (0xff5e4183) lbu     gp, -11(t3)
core   0: 3 0x800006b0 (0xff5e4183) x 3 0x000000e6 mem 0x800106d0
core   0: 0x800006b4 (0xffde2303) lw      t1, -3(t3)
core   0: 3 0x800006b4 (0xffde2303) x 6 0x7140789a mem 0x800106d8
core   0: 0x800006b8 (0x41eb5233) sra     tp, s6, t5
core   0: 3 0x800006b8 (0x41eb5233) x 4 0x00000000
core   0: 0x800006bc (0x2f6d9f97) auipc   t6, 0x2f6d9
core   0: 3 0x800006bc (0x2f6d9f97) x31 0xaf6d96bc
core   0: 0x800006c0 (0x01e742b3) xor     t0, a4, t5
core   0: 3 0x800006c0 (0x01e742b3) x 5 0x00005beb
core   0: 0x800006c4 (0x00b64b33) xor     s6, a2, a1
core   0: 3 0x800006c4 (0x00b64b33) x22 0xffffb208
core   0: 0x800006c8 (0xfe252213) slti    tp, a0, -30
core   0: 3 0x800006c8 (0xfe252213) x 4 0x00000000
core   0: 0x800006cc (0x00e2f2b3) and     t0, t0, a4
core   0: 3 0x800006cc (0x00e2f2b3) x 5 0x00005beb
core   0: 0x800006d0 (0x02b6e3b3) rem     t2, a3, a1
core   0: 3 0x800006d0 (0x02b6e3b3) x 7 0x0000002d
core   0: 0x800006d4 (0x41ce5eb3) sra     t4, t3, t3
core   0: 3 0x800006d4 (0x41ce5eb3) x29 0xfffffff0
core   0: 0x800006d8 (0x0185e433) or      s0, a1, s8
core   0: 3 0x800006d8 (0x0185e433) x 8 0x000001b9
core   0: 0x800006dc (0xe0c00c93) li      s9, -500
core   0: 3 0x800006dc (0xe0c00c93) x25 0xfffffe0c
core   0: 0x800006e0 (0x00ee4903) lbu     s2, 14(t3)
core   0: 3 0x800006e0 (0x00ee4903) x18 0x000000d6 mem 0x800106e9
core   0: 0x800006e4 (0x00ce0f03) lb      t5, 12(t3)
core   0: 3 0x800006e4 (0x00ce0f03) x30 0x0000002d mem 0x800106e7
core   0: 0x800006e8 (0xff8e4083) lbu     ra, -8(t3)
core   0: 3 0x800006e8 (0xff8e4083) x 1 0x000000af mem 0x800106d3
core   0: 0x800006ec (0x011e07a3) sb      a7, 15(t3)
core   0: 3 0x800006ec (0x011e07a3) mem 0x800106ea 0x71
core   0: 0x800006f0 (0x007b4c33) xor     s8, s6, t2
core   0: 3 0x800006f0 (0x007b4c33) x24 0xffffb225
core   0: 0x800006f4 (0x61f08613) addi    a2, ra, 1567
core   0: 3 0x800006f4 (0x61f08613) x12 0x000006ce
core   0: 0x800006f8 (0x02533033) mulhu   zero, t1, t0
core   0: 3 0x800006f8 (0x02533033)
core   0: 0x800006fc (0xfe6e0e23) sb      t1, -4(t3)
core   0: 3 0x800006fc (0xfe6e0e23) mem 0x800106d7 0x9a
core   0: 0x80000700 (0x01a10d33) add     s10, sp, s10
core   0: 3 0x80000700 (0x01a10d33) x26 0x8002a820
core   0: 0x80000704 (0x01045833) srl     a6, s0, a6
core   0: 3 0x80000704 (0x01045833) x16 0x00000000
core   0: 0x80000708 (0x03fd4c33) div     s8, s10, t6
core   0: 3 0x80000708 (0x03fd4c33) x24 0x00000001
core   0: 0x8000070c (0xff3e0f23) sb      s3, -2(t3)
core   0: 3 0x8000070c (0xff3e0f23) mem 0x800106d9 0x7c
core   0: 0x80000710 (0x0001f397) auipc   t2, 0x1f
core   0: 3 0x80000710 (0x0001f397) x 7 0x8001f710
core   0: 0x80000714 (0x72038393) addi    t2, t2, 1824
core   0: 3 0x80000714 (0x72038393) x 7 0x8001fe30
core   0: 0x80000718 (0x97830d93) addi    s11, t1, -1672
core   0: 3 0x80000718 (0x97830d93) x27 0x71407212
core   0: 0x8000071c (0x7ca39703) lh      a4, 1994(t2)
core   0: 3 0x8000071c (0x7ca39703) x14 0x0000128d mem 0x800205fa
core   0: 0x80000720 (0x6693c283) lbu     t0, 1641(t2)
core   0: 3 0x80000720 (0x6693c283) x 5 0x000000be mem 0x80020499
core   0: 0x80000724 (0xb323d983) lhu     s3, -1230(t2)
core   0: 3 0x80000724 (0xb323d983) x19 0x00006caa mem 0x8001f962
core   0: 0x80000728 (0x42ab0a93) addi    s5, s6, 1066
core   0: 3 0x80000728 (0x42ab0a93) x21 0xffffb632
core   0: 0x8000072c (0xa673c203) lbu     tp, -1433(t2)
core   0: 3 0x8000072c (0xa673c203) x 4 0x00000055 mem 0x8001f897
core   0: 0x80000730 (0x19138ba3) sb      a7, 407(t2)
core   0: 3 0x80000730 (0x19138ba3) mem 0x8001ffc7 0x71
core   0: 0x80000734 (0x015d1033) sll     zero, s10, s5
core   0: 3 0x80000734 (0x015d1033)
core   0: 0x80000738 (0x4053df33) sra     t5, t2, t0
core   0: 3 0x80000738 (0x4053df33) x30 0xfffffffe
core   0: 0x8000073c (0x0064a013) slti    zero, s1, 6
core   0: 3 0x8000073c (0x0064a013)
core   0: 0x80000740 (0x5d903613) sltiu   a2, zero, 1497
core   0: 3 0x80000740 (0x5d903613) x12 0x00000001
core   0: 0x80000744 (0x24d3cf83) lbu     t6, 589(t2)
core   0: 3 0x80000744 (0x24d3cf83) x31 0x000000b0 mem 0x8002007d
core   0: 0x80000748 (0x6da39183) lh      gp, 1754(t2)
core   0: 3 0x80000748 (0x6da39183) x 3 0x00005c2f mem 0x8002050a
core   0: 0x8000074c (0x01baed33) or      s10, s5, s11
core   0: 3 0x8000074c (0x01baed33) x26 0xfffff632
core   0: 0x80000750 (0xe633c483) lbu     s1, -413(t2)
core   0: 3 0x80000750 (0xe633c483) x 9 0x00000011 mem 0x8001fc93
core   0: 0x80000754 (0xa4738803) lb      a6, -1465(t2)
core   0: 3 0x80000754 (0xa4738803) x16 0xfffffff8 mem 0x8001f877
core   0: 0x80000758 (0x32a4e213) ori     tp, s1, 810
core   0: 3 0x80000758 (0x32a4e213) x 4 0x0000033b
core   0: 0x8000075c (0x36e38aa3) sb      a4, 885(t2)
core   0: 3 0x8000075c (0x36e38aa3) mem 0x800201a5 0x8d
core   0: 0x80000760 (0xc2639923) sh      t1, -974(t2)
core   0: 3 0x80000760 (0xc2639923) mem 0x8001fa62 0x789a
core   0: 0x80000764 (0xa4639523) sh      t1, -1462(t2)
core   0: 3 0x80000764 (0xa4639523) mem 0x8001f87a 0x789a
core   0: 0x80000768 (0x017068b3) or      a7, zero, s7
core   0: 3 0x80000768 (0x017068b3) x17 0xb549147a
core   0: 0x8000076c (0x95f3c603) lbu     a2, -1697(t2)
core   0: 3 0x8000076c (0x95f3c603) x12 0x000000e8 mem 0x8001f78f
core   0: 0x80000770 (0xe74ad1b7) lui     gp, 0xe74ad
core   0: 3 0x80000770 (0xe74ad1b7) x 3 0xe74ad000
core   0: 0x80000774 (0x89f38b23) sb      t6, -1898(t2)
core   0: 3 0x80000774 (0x89f38b23) mem 0x8001f6c6 0xb0
core   0: 0x80000778 (0x77638683) lb      a3, 1910(t2)
core   0: 3 0x80000778 (0x77638683) x13 0x00000056 mem 0x800205a6
core   0: 0x8000077c (0x67b38ba3) sb      s11, 1655(t2)
core   0: 3 0x8000077c (0x67b38ba3) mem 0x800204a7 0x12
core   0: 0x80000780 (0xd275ae93) slti    t4, a1, -729
core   0: 3 0x80000780 (0xd275ae93) x29 0x00000000
core   0: 0x80000784 (0x3243a603) lw      a2, 804(t2)
core   0: 3 0x80000784 (0x3243a603) x12 0x9df25942 mem 0x80020154
core   0: 0x80000788 (0xf0e7b617) auipc   a2, 0xf0e7b
core   0: 3 0x80000788 (0xf0e7b617) x12 0x70e7b788
core   0: 0x8000078c (0x1d837913) andi    s2, t1, 472
core   0: 3 0x8000078c (0x1d837913) x18 0x00000098
core   0: 0x80000790 (0x01de6eb3) or      t4, t3, t4
core   0: 3 0x80000790 (0x01de6eb3) x29 0x800106db
core   0: 0x80000794 (0x02938983) lb      s3, 41(t2)
core   0: 3 0x80000794 (0x02938983) x19 0xffffffcb mem 0x8001fe59
core   0: 0x80000798 (0x1a538403) lb      s0, 421(t2)
core   0: 3 0x80000798 (0x1a538403) x 8 0xffffffb0 mem 0x8001ffd5
core   0: 0x8000079c (0x00018a97) auipc   s5, 0x18
core   0: 3 0x8000079c (0x00018a97) x21 0x8001879c
core   0: 0x800007a0 (0x6e3a8a93) addi    s5, s5, 1763
core   0: 3 0x800007a0 (0x6e3a8a93) x21 0x80018e7f
core   0: 0x800007a4 (0x896a8203) lb      tp, -1898(s5)
core   0: 3 0x800007a4 (0x896a8203) x 4 0xffffff80 mem 0x80018715
core   0: 0x800007a8 (0xe1ca8123) sb      t3, -510(s5)
core   0: 3 0x800007a8 (0xe1ca8123) mem 0x80018c81 0xdb
core   0: 0x800007ac (0xc19a8da3) sb      s9, -997(s5)
core   0: 3 0x800007ac (0xc19a8da3) mem 0x80018a9a 0xc
core   0: 0x800007b0 (0x213adb03) lhu     s6, 531(s5)
core   0: 3 0x800007b0 (0x213adb03) x22 0x0000f94d mem 0x80019092
core   0: 0x800007b4 (0xb39a8183) lb      gp, -1223(s5)
core   0: 3 0x800007b4 (0xb39a8183) x 3 0x0000007b mem 0x800189b8
core   0: 0x800007b8 (0x211aa803) lw      a6, 529(s5)
core   0: 3 0x800007b8 (0x211aa803) x16 0xf94d2f07 mem 0x80019090
core   0: 0x800007bc (0x800ac183) lbu     gp, -2048(s5)
core   0: 3 0x800007bc (0x800ac183) x 3 0x000000d3 mem 0x8001867f
core   0: 0x800007c0 (0x7a1e5f17) auipc   t5, 0x7a1e5
core   0: 3 0x800007c0 (0x7a1e5f17) x30 0xfa1e57c0
core   0: 0x800007c4 (0x419458b3) sra     a7, s0, s9
core   0: 3 0x800007c4 (0x419458b3) x17 0xffffffff
core   0: 0x800007c8 (0xe43ac883) lbu     a7, -445(s5)
core   0: 3 0x800007c8 (0xe43ac883) x17 0x00000096 mem 0x80018cc2
core   0: 0x800007cc (0x21bad803) lhu     a6, 539(s5)
core   0: 3 0x800007cc (0x21bad803) x16 0x0000ecbb mem 0x8001909a
core   0: 0x800007d0 (0x39ea8a23) sb      t5, 916(s5)
core   0: 3 0x800007d0 (0x39ea8a23) mem 0x80019213 0xc0
core   0: 0x800007d4 (0xbb6a8c83) lb      s9, -1098(s5)
core   0: 3 0x800007d4 (0xbb6a8c83) x25 0xffffffd8 mem 0x80018a35
core   0: 0x800007d8 (0x9a8ac203) lbu     tp, -1624(s5)
core   0: 3 0x800007d8 (0x9a8ac203) x 4 0x0000003a mem 0x80018827
core   0: 0x800007dc (0x1d7ac783) lbu     a5, 471(s5)
core   0: 3 0x800007dc (0x1d7ac783) x15 0x000000ec mem 0x80019056
core   0: 0x800007e0 (0x205aaf83) lw      t6, 517(s5)
core   0: 3 0x800007e0 (0x205aaf83) x31 0x34878111 mem 0x80019084
core   0: 0x800007e4 (0x613ade83) lhu     t4, 1555(s5)
core   0: 3 0x800007e4 (0x613ade83) x29 0x000044ff mem 0x80019492
core   0: 0x800007e8 (0x0062dd13) srli    s10, t0, 6
core   0: 3 0x800007e8 (0x0062dd13) x26 0x00000002
core   0: 0x800007ec (0xc5aa8b23) sb      s10, -938(s5)
core   0: 3 0x800007ec (0xc5aa8b23) mem 0x80018ad5 0x2
core   0: 0x800007f0 (0x014e3233) sltu    tp, t3, s4
core   0: 3 0x800007f0 (0x014e3233) x 4 0x00000001
core   0: 0x800007f4 (0x1a9a8003) lb      zero, 425(s5)
core   0: 3 0x800007f4 (0x1a9a8003) mem 0x80019028
core   0: 0x800007f8 (0x00c511b3) sll     gp, a0, a2
core   0: 3 0x800007f8 (0x00c511b3) x 3 0x00000000
core   0: 0x800007fc (0x019d9b13) slli    s6, s11, 25
core   0: 3 0x800007fc (0x019d9b13) x22 0x24000000
core   0: 0x80000800 (0x0276e533) rem     a0, a3, t2
core   0: 3 0x80000800 (0x0276e533) x10 0x00000056
core   0: 0x80000804 (0x00d814b3) sll     s1, a6, a3
core   0: 3 0x80000804 (0x00d814b3) x 9 0x2ec00000
core   0: 0x80000808 (0x35f22e93) slti    t4, tp, 863
core   0: 3 0x80000808 (0x35f22e93) x29 0x00000001
core   0: 0x8000080c (0xcd7ad783) lhu     a5, -809(s5)
core   0: 3 0x8000080c (0xcd7ad783) x15 0x0000a152 mem 0x80018b56
core   0: 0x80000810 (0x691add03) lhu     s10, 1681(s5)
core   0: 3 0x80000810 (0x691add03) x26 0x0000693f mem 0x80019510
core   0: 0x80000814 (0x02b18033) mul     zero, gp, a1
core   0: 3 0x80000814 (0x02b18033)
core   0: 0x80000818 (0x1c7ac703) lbu     a4, 455(s5)
core   0: 3 0x80000818 (0x1c7ac703) x14 0x000000d9 mem 0x80019046
core   0: 0x8000081c (0x353a8403) lb      s0, 851(s5)
core   0: 3 0x8000081c (0x353a8403) x 8 0x0000006c mem 0x800191d2
core   0: 0x80000820 (0x4e4acb03) lbu     s6, 1252(s5)
core   0: 3 0x80000820 (0x4e4acb03) x22 0x0000000e mem 0x80019363
core   0: 0x80000824 (0x00000013) nop
core   0: 3 0x80000824 (0x00000013)
core   0: 0x80000828 (0xa22acd03) lbu     s10, -1502(s5)
core   0: 3 0x80000828 (0xa22acd03) x26 0x000000f7 mem 0x800188a1
core   0: 0x8000082c (0xe94a8283) lb      t0, -364(s5)
core   0: 3 0x8000082c (0xe94a8283) x 5 0xffffffd3 mem 0x80018d13
core   0: 0x80000830 (0x03f163b3) rem     t2, sp, t6
core   0: 3 0x80000830 (0x03f163b3) x 7 0xe9116086
core   0: 0x80000834 (0x031128b3) mulhsu  a7, sp, a7
core   0: 3 0x80000834 (0x031128b3) x17 0xffffffb5
core   0: 0x80000838 (0x10da8123) sb      a3, 258(s5)
core   0: 3 0x80000838 (0x10da8123) mem 0x80018f81 0x56
core   0: 0x8000083c (0xa90ac203) lbu     tp, -1392(s5)
core   0: 3 0x8000083c (0xa90ac203) x 4 0x000000aa mem 0x8001890f
core   0: 0x80000840 (0x00010c17) auipc   s8, 0x10
core   0: 3 0x80000840 (0x00010c17) x24 0x80010840
core   0: 0x80000844 (0xf40c0c13) addi    s8, s8, -192
core   0: 3 0x80000844 (0xf40c0c13) x24 0x80010780
core   0: 0x80000848 (0x736f6817) auipc   a6, 0x736f6
core   0: 3 0x80000848 (0x736f6817) x16 0xf36f6848
core   0: 0x8000084c (0x41965593) srai    a1, a2, 25
core   0: 3 0x8000084c (0x41965593) x11 0x00000038
core   0: 0x80000850 (0x006c06a3) sb      t1, 13(s8)
core   0: 3 0x80000850 (0x006c06a3) mem 0x8001078d 0x9a
core   0: 0x80000854 (0x000c1683) lh      a3, 0(s8)
core   0: 3 0x80000854 (0x000c1683) x13 0x000069e7 mem 0x80010780
core   0: 0x80000858 (0x014c02a3) sb      s4, 5(s8)
core   0: 3 0x80000858 (0x014c02a3) mem 0x80010785 0xe4
core   0: 0x8000085c (0x00bc0303) lb      t1, 11(s8)
core   0: 3 0x8000085c (0x00bc0303) x 6 0x00000046 mem 0x8001078b
core   0: 0x80000860 (0xff5c4483) lbu     s1, -11(s8)
core   0: 3 0x80000860 (0xff5c4483) x 9 0x00000096 mem 0x80010775
core   0: 0x80000864 (0x020e09b3) mul     s3, t3, zero
core   0: 3 0x80000864 (0x020e09b3) x19 0x00000000
core   0: 0x80000868 (0x001c4083) lbu     ra, 1(s8)
core   0: 3 0x80000868 (0x001c4083) x 1 0x00000069 mem 0x80010781
core   0: 0x8000086c (0xffcc2303) lw      t1, -4(s8)
core   0: 3 0x8000086c (0xffcc2303) x 6 0x08a1a8da mem 0x8001077c
core   0: 0x80000870 (0xff7c0aa3) sb      s7, -11(s8)
core   0: 3 0x80000870 (0xff7c0aa3) mem 0x80010775 0x7a
core   0: 0x80000874 (0x004c0823) sb      tp, 16(s8)
core   0: 3 0x80000874 (0x004c0823) mem 0x80010790 0xaa
core   0: 0x80000878 (0xfffc4c83) lbu     s9, -1(s8)
core   0: 3 0x80000878 (0xfffc4c83) x25 0x00000008 mem 0x8001077f
core   0: 0x8000087c (0xff3c4f03) lbu     t5, -13(s8)
core   0: 3 0x8000087c (0xff3c4f03) x30 0x0000001f mem 0x80010773
core   0: 0x80000880 (0x6dcf3493) sltiu   s1, t5, 1756
core   0: 3 0x80000880 (0x6dcf3493) x 9 0x00000001
core   0: 0x80000884 (0xffbc0803) lb      a6, -5(s8)
core   0: 3 0x80000884 (0xffbc0803) x16 0x0000004d mem 0x8001077b
core   0: 0x80000888 (0x001c0a83) lb      s5, 1(s8)
core   0: 3 0x80000888 (0x001c0a83) x21 0x00000069 mem 0x80010781
core   0: 0x8000088c (0x006c1f03) lh      t5, 6(s8)
core   0: 3 0x8000088c (0x006c1f03) x30 0x0000301b mem 0x80010786
core   0: 0x80000890 (0x00000013) nop
core   0: 3 0x80000890 (0x00000013)
core   0: 0x80000894 (0x19023d37) lui     s10, 0x19023
core   0: 3 0x80000894 (0x19023d37) x26 0x19023000
core   0: 0x80000898 (0x004c5d83) lhu     s11, 4(s8)
core   0: 3 0x80000898 (0x004c5d83) x27 0x0000e4a7 mem 0x80010784
core   0: 0x8000089c (0x726b7d13) andi    s10, s6, 1830
core   0: 3 0x8000089c (0x726b7d13) x26 0x00000006
core   0: 0x800008a0 (0xff3c0f03) lb      t5, -13(s8)
core   0: 3 0x800008a0 (0xff3c0f03) x30 0x0000001f mem 0x80010773
core   0: 0x800008a4 (0x004c4f03) lbu     t5, 4(s8)
core   0: 3 0x800008a4 (0x004c4f03) x30 0x000000a7 mem 0x80010784
core   0: 0x800008a8 (0x02ad2d33) mulhsu  s10, s10, a0
core   0: 3 0x800008a8 (0x02ad2d33) x26 0x00000000
core   0: 0x800008ac (0x00000013) nop
core   0: 3 0x800008ac (0x00000013)
core   0: 0x800008b0 (0x03c194b3) mulh    s1, gp, t3
core   0: 3 0x800008b0 (0x03c194b3) x 9 0x00000000
core   0: 0x800008b4 (0x019c9713) slli    a4, s9, 25
core   0: 3 0x800008b4 (0x019c9713) x14 0x10000000
core   0: 0x800008b8 (0x027553b3) divu    t2, a0, t2
core   0: 3 0x800008b8 (0x027553b3) x 7 0x00000000
core   0: 0x800008bc (0xff9c0683) lb      a3, -7(s8)
core   0: 3 0x800008bc (0xff9c0683) x13 0xffffff9a mem 0x80010779
core   0: 0x800008c0 (0x004c1523) sh      tp, 10(s8)
core   0: 3 0x800008c0 (0x004c1523) mem 0x8001078a 0x00aa
core   0: 0x800008c4 (0xfffc4d03) lbu     s10, -1(s8)
core   0: 3 0x800008c4 (0xfffc4d03) x26 0x00000008 mem 0x8001077f
core   0: 0x800008c8 (0x00a55c93) srli    s9, a0, 10
core   0: 3 0x800008c8 (0x00a55c93) x25 0x00000000
core   0: 0x800008cc (0xf816b413) sltiu   s0, a3, -127
core   0: 3 0x800008cc (0xf816b413) x 8 0x00000000
core   0: 0x800008d0 (0x00ac1903) lh      s2, 10(s8)
core   0: 3 0x800008d0 (0x00ac1903) x18 0x000000aa mem 0x8001078a
core   0: 0x800008d4 (0x10ce7493) andi    s1, t3, 268
core   0: 3 0x800008d4 (0x10ce7493) x 9 0x00000008
core   0: 0x800008d8 (0x037ff233) remu    tp, t6, s7
core   0: 3 0x800008d8 (0x037ff233) x 4 0x34878111
core   0: 0x800008dc (0xffbc4403) lbu     s0, -5(s8)
core   0: 3 0x800008dc (0xffbc4403) x 8 0x0000004d mem 0x8001077b
core   0: 0x800008e0 (0x010c2903) lw      s2, 16(s8)
core   0: 3 0x800008e0 (0x010c2903) x18 0x82967baa mem 0x80010790
core   0: 0x800008e4 (0x0223c433) div     s0, t2, sp
core   0: 3 0x800008e4 (0x0223c433) x 8 0x00000000
core   0: 0x800008e8 (0x00bc0e03) lb      t3, 11(s8)
core   0: 3 0x800008e8 (0x00bc0e03) x28 0x00000000 mem 0x8001078b
core   0: 0x800008ec (0x035bab33) mulhsu  s6, s7, s5
core   0: 3 0x800008ec (0x035bab33) x22 0xffffffe1
core   0: 0x800008f0 (0x950ecb13) xori    s6, t4, -1712
core   0: 3 0x800008f0 (0x950ecb13) x22 0xfffff951
core   0: 0x800008f4 (0x014995b3) sll     a1, s3, s4
core   0: 3 0x800008f4 (0x014995b3) x11 0x00000000
core   0: 0x800008f8 (0x037da3b3) mulhsu  t2, s11, s7
core   0: 3 0x800008f8 (0x037da3b3) x 7 0x0000a1eb
core   0: 0x800008fc (0x004c4803) lbu     a6, 4(s8)
core   0: 3 0x800008fc (0x004c4803) x16 0x000000a7 mem 0x80010784
core   0: 0x80000900 (0x00ec4083) lbu     ra, 14(s8)
core   0: 3 0x80000900 (0x00ec4083) x 1 0x0000009e mem 0x8001078e
core   0: 0x80000904 (0x00e13b33) sltu    s6, sp, a4
core   0: 3 0x80000904 (0x00e13b33) x22 0x00000000
core   0: 0x80000908 (0x01851713) slli    a4, a0, 24
core   0: 3 0x80000908 (0x01851713) x14 0x56000000
core   0: 0x8000090c (0xffcc2683) lw      a3, -4(s8)
core   0: 3 0x8000090c (0xffcc2683) x13 0x08a1a8da mem 0x8001077c
core   0: 0x80000910 (0xff5c4583) lbu     a1, -11(s8)
core   0: 3 0x80000910 (0xff5c4583) x11 0x0000007a mem 0x80010775
core   0: 0x80000914 (0x00010e17) auipc   t3, 0x10
core   0: 3 0x80000914 (0x00010e17) x28 0x80010914
core   0: 0x80000918 (0x221e0e13) addi    t3, t3, 545
core   0: 3 0x80000918 (0x221e0e13) x28 0x80010b35
core   0: 0x8000091c (0xf76e0f03) lb      t5, -138(t3)
core   0: 3 0x8000091c (0xf76e0f03) x30 0x00000041 mem 0x80010aab
core   0: 0x80000920 (0xae2e0123) sb      sp, -1310(t3)
core   0: 3 0x80000920 (0xae2e0123) mem 0x80010617 0x64
core   0: 0x80000924 (0x887e0623) sb      t2, -1908(t3)
core   0: 3 0x80000924 (0x887e0623) mem 0x800103c1 0xeb
core   0: 0x80000928 (0x40d702b3) sub     t0, a4, a3
core   0: 3 0x80000928 (0x40d702b3) x 5 0x4d5e5726
core   0: 0x8000092c (0x1eae2ba3) sw      a0, 503(t3)
core   0: 3 0x8000092c (0x1eae2ba3) mem 0x80010d2c 0x00000056
core   0: 0x80000930 (0xca664f13) xori    t5, a2, -858
core   0: 3 0x80000930 (0xca664f13) x30 0x8f184b2e
core   0: 0x80000934 (0x52234893) xori    a7, t1, 1314
core   0: 3 0x80000934 (0x52234893) x17 0x08a1adf8
core   0: 0x80000938 (0xfabe5e83) lhu     t4, -85(t3)
core   0: 3 0x80000938 (0xfabe5e83) x29 0x00009304 mem 0x80010ae0
core   0: 0x8000093c (0x2d660493) addi    s1, a2, 726
core   0: 3 0x8000093c (0x2d660493) x 9 0x70e7ba5e
core   0: 0x80000940 (0x031e1233) mulh    tp, t3, a7
core   0: 3 0x80000940 (0x031e1233) x 4 0xfbaf3206
core   0: 0x80000944 (0x92ee25a3) sw      a4, -1749(t3)
core   0: 3 0x80000944 (0x92ee25a3) mem 0x80010460 0x56000000
core   0: 0x80000948 (0x40455ab3) sra     s5, a0, tp
core   0: 3 0x80000948 (0x40455ab3) x21 0x00000001
core   0: 0x8000094c (0xafee29a3) sw      t5, -1293(t3)
core   0: 3 0x8000094c (0xafee29a3) mem 0x80010628 0x8f184b2e
core   0: 0x80000950 (0x072e0c83) lb      s9, 114(t3)
core   0: 3 0x80000950 (0x072e0c83) x25 0x00000055 mem 0x80010ba7
core   0: 0x80000954 (0x496e4f83) lbu     t6, 1174(t3)
core   0: 3 0x80000954 (0x496e4f83) x31 0x0000009b mem 0x80010fcb
core   0: 0x80000958 (0x029a4533) div     a0, s4, s1
core   0: 3 0x80000958 (0x029a4533) x10 0xffffffff
core   0: 0x8000095c (0xa2c63b13) sltiu   s6, a2, -1492
core   0: 3 0x8000095c (0xa2c63b13) x22 0x00000001
core   0: 0x80000960 (0x034e34b3) mulhu   s1, t3, s4
core   0: 3 0x80000960 (0x034e34b3) x 9 0x4001d40f
core   0: 0x80000964 (0xf81e0a23) sb      ra, -108(t3)
core   0: 3 0x80000964 (0xf81e0a23) mem 0x80010ac9 0x9e
core   0: 0x80000968 (0x468e0923) sb      s0, 1138(t3)
core   0: 3 0x80000968 (0x468e0923) mem 0x80010fa7 0x0
core   0: 0x8000096c (0xd42e0003) lb      zero, -702(t3)
core   0: 3 0x8000096c (0xd42e0003) mem 0x80010877
core   0: 0x80000970 (0x00000013) nop
core   0: 3 0x80000970 (0x00000013)
core   0: 0x80000974 (0xfabe0ba3) sb      a1, -73(t3)
core   0: 3 0x80000974 (0xfabe0ba3) mem 0x80010aec 0x7a
core   0: 0x80000978 (0x00000013) nop
core   0: 3 0x80000978 (0x00000013)
core   0: 0x8000097c (0xc51e1183) lh      gp, -943(t3)
core   0: 3 0x8000097c (0xc51e1183) x 3 0x0000301b mem 0x80010786
core   0: 0x80000980 (0xeede0083) lb      ra, -275(t3)
core   0: 3 0x80000980 (0xeede0083) x 1 0xffffffb2 mem 0x80010a22
core   0: 0x80000984 (0x01434033) xor     zero, t1, s4
core   0: 3 0x80000984 (0x01434033)
core   0: 0x80000988 (0x183e1283) lh      t0, 387(t3)
core   0: 3 0x80000988 (0x183e1283) x 5 0x00006b20 mem 0x80010cb8
core   0: 0x8000098c (0x01f92b33) slt     s6, s2, t6
core   0: 3 0x8000098c (0x01f92b33) x22 0x00000001
core   0: 0x80000990 (0xab6e0623) sb      s6, -1364(t3)
core   0: 3 0x80000990 (0xab6e0623) mem 0x800105e1 0x1
core   0: 0x80000994 (0x016d25b3) slt     a1, s10, s6
core   0: 3 0x80000994 (0x016d25b3) x11 0x00000000
core   0: 0x80000998 (0x03db9733) mulh    a4, s7, t4
core   0: 3 0x80000998 (0x03db9733) x14 0xffffd517
core   0: 0x8000099c (0x029c78b3) remu    a7, s8, s1
core   0: 3 0x8000099c (0x029c78b3) x17 0x3fff3371
core   0: 0x800009a0 (0x1bee0603) lb      a2, 446(t3)
core   0: 3 0x800009a0 (0x1bee0603) x12 0xffffffcf mem 0x80010cf3
core   0: 0x800009a4 (0x02f3dcb3) divu    s9, t2, a5
core   0: 3 0x800009a4 (0x02f3dcb3) x25 0x00000001
core   0: 0x800009a8 (0xce05ffb7) lui     t6, 0xce05f
core   0: 3 0x800009a8 (0xce05ffb7) x31 0xce05f000
core   0: 0x800009ac (0xca6e4f03) lbu     t5, -858(t3)
core   0: 3 0x800009ac (0xca6e4f03) x30 0x000000e4 mem 0x800107db
core   0: 0x800009b0 (0x0cde0e23) sb      a3, 220(t3)
core   0: 3 0x800009b0 (0x0cde0e23) mem 0x80010c11 0xda
core   0: 0x800009b4 (0x405e50b3) sra     ra, t3, t0
core   0: 3 0x800009b4 (0x405e50b3) x 1 0x80010b35
core   0: 0x800009b8 (0x037247b3) div     a5, tp, s7
core   0: 3 0x800009b8 (0x037247b3) x15 0x00000000
core   0: 0x800009bc (0x02098cb3) mul     s9, s3, zero
core   0: 3 0x800009bc (0x02098cb3) x25 0x00000000
core   0: 0x800009c0 (0xd89e4f83) lbu     t6, -631(t3)
core   0: 3 0x800009c0 (0xd89e4f83) x31 0x000000d8 mem 0x800108be
core   0: 0x800009c4 (0x88ce0f83) lb      t6, -1908(t3)
core   0: 3 0x800009c4 (0x88ce0f83) x31 0xffffffeb mem 0x800103c1
core   0: 0x800009c8 (0x00f564b3) or      s1, a0, a5
core   0: 3 0x800009c8 (0x00f564b3) x 9 0xffffffff
core   0: 0x800009cc (0x30fe1ea3) sh      a5, 797(t3)
core   0: 3 0x800009cc (0x30fe1ea3) mem 0x80010e52 0x0000
core   0: 0x800009d0 (0x00b7c233) xor     tp, a5, a1
core   0: 3 0x800009d0 (0x00b7c233) x 4 0x00000000
core   0: 0x800009d4 (0x03be1283) lh      t0, 59(t3)
core   0: 3 0x800009d4 (0x03be1283) x 5 0x0000229c mem 0x80010b70
core   0: 0x800009d8 (0x00015717) auipc   a4, 0x15
core   0: 3 0x800009d8 (0x00015717) x14 0x800159d8
core   0: 0x800009dc (0x02070713) addi    a4, a4, 32
core   0: 3 0x800009dc (0x02070713) x14 0x800159f8
core   0: 0x800009e0 (0x01c34ab3) xor     s5, t1, t3
core   0: 3 0x800009e0 (0x01c34ab3) x21 0x88a0a3ef
core   0: 0x800009e4 (0x0b072423) sw      a6, 168(a4)
core   0: 3 0x800009e4 (0x0b072423) mem 0x80015aa0 0x000000a7
core   0: 0x800009e8 (0x43a1f993) andi    s3, gp, 1082
core   0: 3 0x800009e8 (0x43a1f993) x19 0x0000001a
core   0: 0x800009ec (0xf2370c83) lb      s9, -221(a4)
core   0: 3 0x800009ec (0xf2370c83) x25 0xffffff85 mem 0x8001591b
core   0: 0x800009f0 (0x029827b3) mulhsu  a5, a6, s1
core   0: 3 0x800009f0 (0x029827b3) x15 0x000000a6
core   0: 0x800009f4 (0x5a092f93) slti    t6, s2, 1440
core   0: 3 0x800009f4 (0x5a092f93) x31 0x00000001
core   0: 0x800009f8 (0x0d16f813) andi    a6, a3, 209
core   0: 3 0x800009f8 (0x0d16f813) x16 0x000000d0
core   0: 0x800009fc (0x00bd19b3) sll     s3, s10, a1
core   0: 3 0x800009fc (0x00bd19b3) x19 0x00000008
core   0: 0x80000a00 (0x02671183) lh      gp, 38(a4)
core   0: 3 0x80000a00 (0x02671183) x 3 0xffffd4b8 mem 0x80015a1e
core   0: 0x80000a04 (0x0f974803) lbu     a6, 249(a4)
core   0: 3 0x80000a04 (0x0f974803) x16 0x00000053 mem 0x80015af1
core   0: 0x80000a08 (0x01afce33) xor     t3, t6, s10
core   0: 3 0x80000a08 (0x01afce33) x28 0x00000009
core   0: 0x80000a0c (0x03d93533) mulhu   a0, s2, t4
core   0: 3 0x80000a0c (0x03d93533) x10 0x00004afe
core   0: 0x80000a10 (0x6c762213) slti    tp, a2, 1735
core   0: 3 0x80000a10 (0x6c762213) x 4 0x00000001
core   0: 0x80000a14 (0x168bf697) auipc   a3, 0x168bf
core   0: 3 0x80000a14 (0x168bf697) x13 0x968bfa14
core   0: 0x80000a18 (0x9036a693) slti    a3, a3, -1789
core   0: 3 0x80000a18 (0x9036a693) x13 0x00000001
core   0: 0x80000a1c (0x00470123) sb      tp, 2(a4)
core   0: 3 0x80000a1c (0x00470123) mem 0x800159fa 0x1
core   0: 0x80000a20 (0x18b30d93) addi    s11, t1, 395
core   0: 3 0x80000a20 (0x18b30d93) x27 0x08a1aa65
core   0: 0x80000a24 (0xf8472503) lw      a0, -124(a4)
core   0: 3 0x80000a24 (0xf8472503) x10 0xe4aefcb5 mem 0x8001597c
core   0: 0x80000a28 (0x41185ab3) sra     s5, a6, a7
core   0: 3 0x80000a28 (0x41185ab3) x21 0x00000000
core   0: 0x80000a2c (0x01b6f433) and     s0, a3, s11
core   0: 3 0x80000a2c (0x01b6f433) x 8 0x00000001
core   0: 0x80000a30 (0x07aa3093) sltiu   ra, s4, 122
core   0: 3 0x80000a30 (0x07aa3093) x 1 0x00000000
core   0: 0x80000a34 (0xc5f78013) addi    zero, a5, -929
core   0: 3 0x80000a34 (0xc5f78013)
core   0: 0x80000a38 (0x01872403) lw      s0, 24(a4)
core   0: 3 0x80000a38 (0x01872403) x 8 0xc2f13b98 mem 0x80015a10
core   0: 0x80000a3c (0x40b30b33) sub     s6, t1, a1
core   0: 3 0x80000a3c (0x40b30b33) x22 0x08a1a8da
core   0: 0x80000a40 (0x025b8fb3) mul     t6, s7, t0
core   0: 3 0x80000a40 (0x025b8fb3) x31 0x2d40ae58
core   0: 0x80000a44 (0x0e370403) lb      s0, 227(a4)
core   0: 3 0x80000a44 (0x0e370403) x 8 0x0000007c mem 0x80015adb
core   0: 0x80000a48 (0x40050833) sub     a6, a0, zero
core   0: 3 0x80000a48 (0x40050833) x16 0xe4aefcb5
core   0: 0x80000a4c (0x025778b3) remu    a7, a4, t0
core   0: 3 0x80000a4c (0x025778b3) x17 0x0000162c
core   0: 0x80000a50 (0x3d590337) lui     t1, 0x3d590
core   0: 3 0x80000a50 (0x3d590337) x 6 0x3d590000
core   0: 0x80000a54 (0xfb274483) lbu     s1, -78(a4)
core   0: 3 0x80000a54 (0xfb274483) x 9 0x00000040 mem 0x800159aa
core   0: 0x80000a58 (0x8b8cfb13) andi    s6, s9, -1864
core   0: 3 0x80000a58 (0x8b8cfb13) x22 0xfffff880
core   0: 0x80000a5c (0x0159b9b3) sltu    s3, s3, s5
core   0: 3 0x80000a5c (0x0159b9b3) x19 0x00000000
core   0: 0x80000a60 (0x00dc5393) srli    t2, s8, 13
core   0: 3 0x80000a60 (0x00dc5393) x 7 0x00040008
core   0: 0x80000a64 (0x014c2fb3) slt     t6, s8, s4
core   0: 3 0x80000a64 (0x014c2fb3) x31 0x00000001
core   0: 0x80000a68 (0x01413f33) sltu    t5, sp, s4
core   0: 3 0x80000a68 (0x01413f33) x30 0x00000001
core   0: 0x80000a6c (0x02b87533) remu    a0, a6, a1
core   0: 3 0x80000a6c (0x02b87533) x10 0xe4aefcb5
core   0: 0x80000a70 (0x03871483) lh      s1, 56(a4)
core   0: 3 0x80000a70 (0x03871483) x 9 0xffff938a mem 0x80015a30
core   0: 0x80000a74 (0x4011d6b3) sra     a3, gp, ra
core   0: 3 0x80000a74 (0x4011d6b3) x13 0xffffd4b8
core   0: 0x80000a78 (0x02275403) lhu     s0, 34(a4)
core   0: 3 0x80000a78 (0x02275403) x 8 0x000038ce mem 0x80015a1a
core   0: 0x80000a7c (0x00017417) auipc   s0, 0x17
core   0: 3 0x80000a7c (0x00017417) x 8 0x80017a7c
core   0: 0x80000a80 (0x7d640413) addi    s0, s0, 2006
core   0: 3 0x80000a80 (0x7d640413) x 8 0x80018252
core   0: 0x80000a84 (0xa1f13b37) lui     s6, 0xa1f13
core   0: 3 0x80000a84 (0xa1f13b37) x22 0xa1f13000
core   0: 0x80000a88 (0xffe40d03) lb      s10, -2(s0)
core   0: 3 0x80000a88 (0xffe40d03) x26 0x0000001d mem 0x80018250
core   0: 0x80000a8c (0x02f40483) lb      s1, 47(s0)
core   0: 3 0x80000a8c (0x02f40483) x 9 0xffffff99 mem 0x80018281
core   0: 0x80000a90 (0xfc244f03) lbu     t5, -62(s0)
core   0: 3 0x80000a90 (0xfc244f03) x30 0x00000098 mem 0x80018214
core   0: 0x80000a94 (0xfda41c83) lh      s9, -38(s0)
core   0: 3 0x80000a94 (0xfda41c83) x25 0xffffd3cb mem 0x8001822c
core   0: 0x80000a98 (0x66433937) lui     s2, 0x66433
core   0: 3 0x80000a98 (0x66433937) x18 0x66433000
core   0: 0x80000a9c (0xc3392793) slti    a5, s2, -973
core   0: 3 0x80000a9c (0xc3392793) x15 0x00000000
core   0: 0x80000aa0 (0x41685f93) srai    t6, a6, 22
core   0: 3 0x80000aa0 (0x41685f93) x31 0xffffff92
core   0: 0x80000aa4 (0x02a42683) lw      a3, 42(s0)
core   0: 3 0x80000aa4 (0x02a42683) x13 0x462fb990 mem 0x8001827c
core   0: 0x80000aa8 (0xfd641783) lh      a5, -42(s0)
core   0: 3 0x80000aa8 (0xfd641783) x15 0x000071ce mem 0x80018228
core   0: 0x80000aac (0x00000013) nop
core   0: 3 0x80000aac (0x00000013)
core   0: 0x80000ab0 (0xfcc45e03) lhu     t3, -52(s0)
core   0: 3 0x80000ab0 (0xfcc45e03) x28 0x00000d9d mem 0x8001821e
core   0: 0x80000ab4 (0xffd40b23) sb      t4, -10(s0)
core   0: 3 0x80000ab4 (0xffd40b23) mem 0x80018248 0x4
core   0: 0x80000ab8 (0x40f6d333) sra     t1, a3, a5
core   0: 3 0x80000ab8 (0x40f6d333) x 6 0x000118be
core   0: 0x80000abc (0xfda44f83) lbu     t6, -38(s0)
core   0: 3 0x80000abc (0xfda44f83) x31 0x000000cb mem 0x8001822c
core   0: 0x80000ac0 (0x01f40003) lb      zero, 31(s0)
core   0: 3 0x80000ac0 (0x01f40003) mem 0x80018271
core   0: 0x80000ac4 (0x00241a83) lh      s5, 2(s0)
core   0: 3 0x80000ac4 (0x00241a83) x21 0x00002e83 mem 0x80018254
core   0: 0x80000ac8 (0xfc344d83) lbu     s11, -61(s0)
core   0: 3 0x80000ac8 (0xfc344d83) x27 0x000000e3 mem 0x80018215
core   0: 0x80000acc (0x00469713) slli    a4, a3, 4
core   0: 3 0x80000acc (0x00469713) x14 0x62fb9900
core   0: 0x80000ad0 (0x00c44303) lbu     t1, 12(s0)
core   0: 3 0x80000ad0 (0x00c44303) x 6 0x00000065 mem 0x8001825e
core   0: 0x80000ad4 (0x01772c33) slt     s8, a4, s7
core   0: 3 0x80000ad4 (0x01772c33) x24 0x00000000
core   0: 0x80000ad8 (0x03f4d333) divu    t1, s1, t6
core   0: 3 0x80000ad8 (0x03f4d333) x 6 0x0142d661
core   0: 0x80000adc (0xfc340b03) lb      s6, -61(s0)
core   0: 3 0x80000adc (0xfc340b03) x22 0xffffffe3 mem 0x80018215
core   0: 0x80000ae0 (0x00d50b33) add     s6, a0, a3
core   0: 3 0x80000ae0 (0x00d50b33) x22 0x2adeb645
core   0: 0x80000ae4 (0x03e408a3) sb      t5, 49(s0)
core   0: 3 0x80000ae4 (0x03e408a3) mem 0x80018283 0x98
core   0: 0x80000ae8 (0x00b40523) sb      a1, 10(s0)
core   0: 3 0x80000ae8 (0x00b40523) mem 0x8001825c 0x0
core   0: 0x80000aec (0xffa41e03) lh      t3, -6(s0)
core   0: 3 0x80000aec (0xffa41e03) x28 0x00000798 mem 0x8001824c
core   0: 0x80000af0 (0x00010197) auipc   gp, 0x10
core   0: 3 0x80000af0 (0x00010197) x 3 0x80010af0
core   0: 0x80000af4 (0xa9218193) addi    gp, gp, -1390
core   0: 3 0x80000af4 (0xa9218193) x 3 0x80010582
core   0: 0x80000af8 (0x00d18e03) lb      t3, 13(gp)
core   0: 3 0x80000af8 (0x00d18e03) x28 0x00000026 mem 0x8001058f
core   0: 0x80000afc (0x0041a123) sw      tp, 2(gp)
core   0: 3 0x80000afc (0x0041a123) mem 0x80010584 0x00000001
core   0: 0x80000b00 (0xff71c703) lbu     a4, -9(gp)
core   0: 3 0x80000b00 (0xff71c703) x14 0x00000006 mem 0x80010579
core   0: 0x80000b04 (0x5e2ce513) ori     a0, s9, 1506
core   0: 3 0x80000b04 (0x5e2ce513) x10 0xffffd7eb
core   0: 0x80000b08 (0x00f1cb03) lbu     s6, 15(gp)
core   0: 3 0x80000b08 (0x00f1cb03) x22 0x000000c2 mem 0x80010591
core   0: 0x80000b0c (0x007181a3) sb      t2, 3(gp)
core   0: 3 0x80000b0c (0x007181a3) mem 0x80010585 0x8
core   0: 0x80000b10 (0xff618983) lb      s3, -10(gp)
core   0: 3 0x80000b10 (0xff618983) x19 0x00000044 mem 0x80010578
core   0: 0x80000b14 (0x025f0fb3) mul     t6, t5, t0
core   0: 3 0x80000b14 (0x025f0fb3) x31 0x00148ca0
core   0: 0x80000b18 (0x7b677993) andi    s3, a4, 1974
core   0: 3 0x80000b18 (0x7b677993) x19 0x00000006
core   0: 0x80000b1c (0x0061a083) lw      ra, 6(gp)
core   0: 3 0x80000b1c (0x0061a083) x 1 0xdc00a378 mem 0x80010588
core   0: 0x80000b20 (0xf4ee3097) auipc   ra, 0xf4ee3
core   0: 3 0x80000b20 (0xf4ee3097) x 1 0x74ee3b20
core   0: 0x80000b24 (0x00200833) add     a6, zero, sp
core   0: 3 0x80000b24 (0x00200833) x16 0x80025e64
core   0: 0x80000b28 (0x41135d33) sra     s10, t1, a7
core   0: 3 0x80000b28 (0x41135d33) x26 0x0000142d
core   0: 0x80000b2c (0xff119f23) sh      a7, -2(gp)
core   0: 3 0x80000b2c (0xff119f23) mem 0x80010580 0x162c
core   0: 0x80000b30 (0x01bab333) sltu    t1, s5, s11
core   0: 3 0x80000b30 (0x01bab333) x 6 0x00000000
core   0: 0x80000b34 (0xff91c383) lbu     t2, -7(gp)
core   0: 3 0x80000b34 (0xff91c383) x 7 0x00000027 mem 0x8001057b
core   0: 0x80000b38 (0x00d57ab3) and     s5, a0, a3
core   0: 3 0x80000b38 (0x00d57ab3) x21 0x462f9180
core   0: 0x80000b3c (0x0101c883) lbu     a7, 16(gp)
core   0: 3 0x80000b3c (0x0101c883) x17 0x000000d6 mem 0x80010592
core   0: 0x80000b40 (0x073b8c93) addi    s9, s7, 115
core   0: 3 0x80000b40 (0x073b8c93) x25 0xb54914ed
core   0: 0x80000b44 (0x00e1d383) lhu     t2, 14(gp)
core   0: 3 0x80000b44 (0x00e1d383) x 7 0x0000c2da mem 0x80010590
core   0: 0x80000b48 (0xff51c903) lbu     s2, -11(gp)
core   0: 3 0x80000b48 (0xff51c903) x18 0x00000017 mem 0x80010577
core   0: 0x80000b4c (0x03e976b3) remu    a3, s2, t5
core   0: 3 0x80000b4c (0x03e976b3) x13 0x00000017
core   0: 0x80000b50 (0xff219d23) sh      s2, -6(gp)
core   0: 3 0x80000b50 (0xff219d23) mem 0x8001057c 0x0017
core   0: 0x80000b54 (0x472d8a93) addi    s5, s11, 1138
core   0: 3 0x80000b54 (0x472d8a93) x21 0x00000555
core   0: 0x80000b58 (0x00c19403) lh      s0, 12(gp)
core   0: 3 0x80000b58 (0x00c19403) x 8 0x00002604 mem 0x8001058e
core   0: 0x80000b5c (0x023f5e33) divu    t3, t5, gp
core   0: 3 0x80000b5c (0x023f5e33) x28 0x00000000
core   0: 0x80000b60 (0xffd19a23) sh      t4, -12(gp)
core   0: 3 0x80000b60 (0xffd19a23) mem 0x80010576 0x9304
core   0: 0x80000b64 (0xffd18d03) lb      s10, -3(gp)
core   0: 3 0x80000b64 (0xffd18d03) x26 0xffffffd0 mem 0x8001057f
core   0: 0x80000b68 (0xff018da3) sb      a6, -5(gp)
core   0: 3 0x80000b68 (0xff018da3) mem 0x8001057d 0x64
core   0: 0x80000b6c (0x018d28b3) slt     a7, s10, s8
core   0: 3 0x80000b6c (0x018d28b3) x17 0x00000001
core   0: 0x80000b70 (0x40ea5eb3) sra     t4, s4, a4
core   0: 3 0x80000b70 (0x40ea5eb3) x29 0xfe000a73
core   0: 0x80000b74 (0x41995593) srai    a1, s2, 25
core   0: 3 0x80000b74 (0x41995593) x11 0x00000000
core   0: 0x80000b78 (0x00f6e6b3) or      a3, a3, a5
core   0: 3 0x80000b78 (0x00f6e6b3) x13 0x000071df
core   0: 0x80000b7c (0x031ab933) mulhu   s2, s5, a7
core   0: 3 0x80000b7c (0x031ab933) x18 0x00000000
core   0: 0x80000b80 (0xb3dabd93) sltiu   s11, s5, -1219
core   0: 3 0x80000b80 (0xb3dabd93) x27 0x00000001
core   0: 0x80000b84 (0xff01c583) lbu     a1, -16(gp)
core   0: 3 0x80000b84 (0xff01c583) x11 0x00000049 mem 0x80010572
core   0: 0x80000b88 (0xfed18b23) sb      a3, -10(gp)
core   0: 3 0x80000b88 (0xfed18b23) mem 0x80010578 0xdf
core   0: 0x80000b8c (0xfe918a23) sb      s1, -12(gp)
core   0: 3 0x80000b8c (0xfe918a23) mem 0x80010576 0x99
core   0: 0x80000b90 (0x03cc6733) rem     a4, s8, t3
core   0: 3 0x80000b90 (0x03cc6733) x14 0x00000000
core   0: 0x80000b94 (0x01369393) slli    t2, a3, 19
core   0: 3 0x80000b94 (0x01369393) x 7 0x8ef80000
core   0: 0x80000b98 (0x00aeae33) slt     t3, t4, a0
core   0: 3 0x80000b98 (0x00aeae33) x28 0x00000001
core   0: 0x80000b9c (0xff118683) lb      a3, -15(gp)
core   0: 3 0x80000b9c (0xff118683) x13 0xffffff8e mem 0x80010573
core   0: 0x80000ba0 (0xff81d983) lhu     s3, -8(gp)
core   0: 3 0x80000ba0 (0xff81d983) x19 0x00002795 mem 0x8001057a
core   0: 0x80000ba4 (0x46c9f513) andi    a0, s3, 1132
core   0: 3 0x80000ba4 (0x46c9f513) x10 0x00000404
core   0: 0x80000ba8 (0x01525633) srl     a2, tp, s5
core   0: 3 0x80000ba8 (0x01525633) x12 0x00000000
core   0: 0x80000bac (0x00f1c003) lbu     zero, 15(gp)
core   0: 3 0x80000bac (0x00f1c003) mem 0x80010591
core   0: 0x80000bb0 (0x0164cd33) xor     s10, s1, s6
core   0: 3 0x80000bb0 (0x0164cd33) x26 0xffffff5b
core   0: 0x80000bb4 (0x01b18023) sb      s11, 0(gp)
core   0: 3 0x80000bb4 (0x01b18023) mem 0x80010582 0x1
core   0: 0x80000bb8 (0xffc18a83) lb      s5, -4(gp)
core   0: 3 0x80000bb8 (0xffc18a83) x21 0x00000018 mem 0x8001057e
core   0: 0x80000bbc (0xfeb19f23) sh      a1, -2(gp)
core   0: 3 0x80000bbc (0xfeb19f23) mem 0x80010580 0x0049
core   0: 0x80000bc0 (0x00010597) auipc   a1, 0x10
core   0: 3 0x80000bc0 (0x00010597) x11 0x80010bc0
core   0: 0x80000bc4 (0x8eb58593) addi    a1, a1, -1813
core   0: 3 0x80000bc4 (0x8eb58593) x11 0x800104ab
core   0: 0x80000bc8 (0x01f1f1b3) and     gp, gp, t6
core   0: 3 0x80000bc8 (0x01f1f1b3) x 3 0x00000480
core   0: 0x80000bcc (0x00c970b3) and     ra, s2, a2
core   0: 3 0x80000bcc (0x00c970b3) x 1 0x00000000
core   0: 0x80000bd0 (0x2ba5ca83) lbu     s5, 698(a1)
core   0: 3 0x80000bd0 (0x2ba5ca83) x21 0x0000000c mem 0x80010765
core   0: 0x80000bd4 (0x015a2833) slt     a6, s4, s5
core   0: 3 0x80000bd4 (0x015a2833) x16 0x00000001
core   0: 0x80000bd8 (0x03c01033) mulh    zero, zero, t3
core   0: 3 0x80000bd8 (0x03c01033)
core   0: 0x80000bdc (0xc8c58483) lb      s1, -884(a1)
core   0: 3 0x80000bdc (0xc8c58483) x 9 0xffffffd0 mem 0x80010137
core   0: 0x80000be0 (0x40e3d513) srai    a0, t2, 14
core   0: 3 0x80000be0 (0x40e3d513) x10 0xfffe3be0
core   0: 0x80000be4 (0x51458303) lb      t1, 1300(a1)
core   0: 3 0x80000be4 (0x51458303) x 6 0xffffffd8 mem 0x800109bf
core   0: 0x80000be8 (0x0230ab33) mulhsu  s6, ra, gp
core   0: 3 0x80000be8 (0x0230ab33) x22 0x00000000
core   0: 0x80000bec (0x02a534b3) mulhu   s1, a0, a0
core   0: 3 0x80000bec (0x02a534b3) x 9 0xfffc77c3
core   0: 0x80000bf0 (0x02d128b3) mulhsu  a7, sp, a3
core   0: 3 0x80000bf0 (0x02d128b3) x17 0x80025e9c
core   0: 0x80000bf4 (0x7d85c083) lbu     ra, 2008(a1)
core   0: 3 0x80000bf4 (0x7d85c083) x 1 0x00000007 mem 0x80010c83
core   0: 0x80000bf8 (0xd0c58603) lb      a2, -756(a1)
core   0: 3 0x80000bf8 (0xd0c58603) x12 0xffffff88 mem 0x800101b7
core   0: 0x80000bfc (0xd3159d03) lh      s10, -719(a1)
core   0: 3 0x80000bfc (0xd3159d03) x26 0x0000478e mem 0x800101dc
core   0: 0x80000c00 (0xfea58b23) sb      a0, -10(a1)
core   0: 3 0x80000c00 (0xfea58b23) mem 0x800104a1 0xe0
core   0: 0x80000c04 (0xd6f584a3) sb      a5, -663(a1)
core   0: 3 0x80000c04 (0xd6f584a3) mem 0x80010214 0xce
core   0: 0x80000c08 (0x0435c483) lbu     s1, 67(a1)
core   0: 3 0x80000c08 (0x0435c483) x 9 0x00000085 mem 0x800104ee
core   0: 0x80000c0c (0xd7e58023) sb      t5, -672(a1)
core   0: 3 0x80000c0c (0xd7e58023) mem 0x8001020b 0x98
core   0: 0x80000c10 (0x01555693) srli    a3, a0, 21
core   0: 3 0x80000c10 (0x01555693) x13 0x000007ff
core   0: 0x80000c14 (0xebb589a3) sb      s11, -333(a1)
core   0: 3 0x80000c14 (0xebb589a3) mem 0x8001035e 0x1
core   0: 0x80000c18 (0xe6a2b093) sltiu   ra, t0, -406
core   0: 3 0x80000c18 (0xe6a2b093) x 1 0x00000001
core   0: 0x80000c1c (0xea15cc83) lbu     s9, -351(a1)
core   0: 3 0x80000c1c (0xea15cc83) x25 0x000000af mem 0x8001034c
core   0: 0x80000c20 (0x412a04b3) sub     s1, s4, s2
core   0: 3 0x80000c20 (0x412a04b3) x 9 0x80029ce4
core   0: 0x80000c24 (0xdb758223) sb      s7, -604(a1)
core   0: 3 0x80000c24 (0xdb758223) mem 0x8001024f 0x7a
core   0: 0x80000c28 (0x0a758283) lb      t0, 167(a1)
core   0: 3 0x80000c28 (0x0a758283) x 5 0x00000025 mem 0x80010552
core   0: 0x80000c2c (0xeb158a23) sb      a7, -332(a1)
core   0: 3 0x80000c2c (0xeb158a23) mem 0x8001035f 0x9c
core   0: 0x80000c30 (0x40858983) lb      s3, 1032(a1)
core   0: 3 0x80000c30 (0x40858983) x19 0x0000005d mem 0x800108b3
core   0: 0x80000c34 (0x7ab5a2a3) sw      a1, 1957(a1)
core   0: 3 0x80000c34 (0x7ab5a2a3) mem 0x80010c50 0x800104ab
core   0: 0x80000c38 (0x07f5ce03) lbu     t3, 127(a1)
core   0: 3 0x80000c38 (0x07f5ce03) x28 0x000000d0 mem 0x8001052a
core   0: 0x80000c3c (0x41ae5c33) sra     s8, t3, s10
core   0: 3 0x80000c3c (0x41ae5c33) x24 0x00000000
core   0: 0x80000c40 (0x016499b3) sll     s3, s1, s6
core   0: 3 0x80000c40 (0x016499b3) x19 0x80029ce4
core   0: 0x80000c44 (0x15f5c303) lbu     t1, 351(a1)
core   0: 3 0x80000c44 (0x15f5c303) x 6 0x000000a7 mem 0x8001060a
core   0: 0x80000c48 (0xeef42e13) slti    t3, s0, -273
core   0: 3 0x80000c48 (0xeef42e13) x28 0x00000000
core   0: 0x80000c4c (0xc0ab3317) auipc   t1, 0xc0ab3
core   0: 3 0x80000c4c (0xc0ab3317) x 6 0x40ab3c4c
core   0: 0x80000c50 (0x00c7efb3) or      t6, a5, a2
core   0: 3 0x80000c50 (0x00c7efb3) x31 0xffffffce
core   0: 0x80000c54 (0x7015a0a3) sw      ra, 1793(a1)
core   0: 3 0x80000c54 (0x7015a0a3) mem 0x80010bac 0x00000001
core   0: 0x80000c58 (0x019d2433) slt     s0, s10, s9
core   0: 3 0x80000c58 (0x019d2433) x 8 0x00000000
core   0: 0x80000c5c (0x0288aab3) mulhsu  s5, a7, s0
core   0: 3 0x80000c5c (0x0288aab3) x21 0x00000000
core   0: 0x80000c60 (0x0001b733) sltu    a4, gp, zero
core   0: 3 0x80000c60 (0x0001b733) x14 0x00000000
core   0: 0x80000c64 (0x02fcfe33) remu    t3, s9, a5
core   0: 3 0x80000c64 (0x02fcfe33) x28 0x000000af
core   0: 0x80000c68 (0x02e51033) mulh    zero, a0, a4
core   0: 3 0x80000c68 (0x02e51033)
core   0: 0x80000c6c (0x2f858283) lb      t0, 760(a1)
core   0: 3 0x80000c6c (0x2f858283) x 5 0x00000050 mem 0x800107a3
core   0: 0x80000c70 (0x03990333) mul     t1, s2, s9
core   0: 3 0x80000c70 (0x03990333) x 6 0x00000000
core   0: 0x80000c74 (0x2e67a393) slti    t2, a5, 742
core   0: 3 0x80000c74 (0x2e67a393) x 7 0x00000000
core   0: 0x80000c78 (0x4f760013) addi    zero, a2, 1271
core   0: 3 0x80000c78 (0x4f760013)
core   0: 0x80000c7c (0x38558923) sb      t0, 914(a1)
core   0: 3 0x80000c7c (0x38558923) mem 0x8001083d 0x50
core   0: 0x80000c80 (0xc1058383) lb      t2, -1008(a1)
core   0: 3 0x80000c80 (0xc1058383) x 7 0x00000068 mem 0x800100bb
core   0: 0x80000c84 (0x03af7b33) remu    s6, t5, s10
core   0: 3 0x80000c84 (0x03af7b33) x22 0x00000098
core   0: 0x80000c88 (0xf0759ca3) sh      t2, -231(a1)
core   0: 3 0x80000c88 (0xf0759ca3) mem 0x800103c4 0x0068
core   0: 0x80000c8c (0x5f7e3693) sltiu   a3, t3, 1527
core   0: 3 0x80000c8c (0x5f7e3693) x13 0x00000001
core   0: 0x80000c90 (0xc34594a3) sh      s4, -983(a1)
core   0: 3 0x80000c90 (0xc34594a3) mem 0x800100d4 0x9ce4
core   0: 0x80000c94 (0x2d05a6a3) sw      a6, 717(a1)
core   0: 3 0x80000c94 (0x2d05a6a3) mem 0x80010778 0x00000001
core   0: 0x80000c98 (0xdb55a4a3) sw      s5, -599(a1)
core   0: 3 0x80000c98 (0xdb55a4a3) mem 0x80010254 0x00000000
core   0: 0x80000c9c (0x5635ca83) lbu     s5, 1379(a1)
core   0: 3 0x80000c9c (0x5635ca83) x21 0x0000009b mem 0x80010a0e
core   0: 0x80000ca0 (0x00015497) auipc   s1, 0x15
core   0: 3 0x80000ca0 (0x00015497) x 9 0x80015ca0
core   0: 0x80000ca4 (0xcd248493) addi    s1, s1, -814
core   0: 3 0x80000ca4 (0xcd248493) x 9 0x80015972
core   0: 0x80000ca8 (0x00000013) nop
core   0: 3 0x80000ca8 (0x00000013)
core   0: 0x80000cac (0x00d485a3) sb      a3, 11(s1)
core   0: 3 0x80000cac (0x00d485a3) mem 0x8001597d 0x1
core   0: 0x80000cb0 (0x00ca56b3) srl     a3, s4, a2
core   0: 3 0x80000cb0 (0x00ca56b3) x13 0x0080029c
core   0: 0x80000cb4 (0x40760eb3) sub     t4, a2, t2
core   0: 3 0x80000cb4 (0x40760eb3) x29 0xffffff20
core   0: 0x80000cb8 (0x01f39933) sll     s2, t2, t6
core   0: 3 0x80000cb8 (0x01f39933) x18 0x001a0000
core   0: 0x80000cbc (0x002d52b3) srl     t0, s10, sp
core   0: 3 0x80000cbc (0x002d52b3) x 5 0x00000478
core   0: 0x80000cc0 (0x0064da83) lhu     s5, 6(s1)
core   0: 3 0x80000cc0 (0x0064da83) x21 0x00009e78 mem 0x80015978
core   0: 0x80000cc4 (0x03680733) mul     a4, a6, s6
core   0: 3 0x80000cc4 (0x03680733) x14 0x00000098
core   0: 0x80000cc8 (0x00948e83) lb      t4, 9(s1)
core   0: 3 0x80000cc8 (0x00948e83) x29 0x0000006b mem 0x8001597b
core   0: 0x80000ccc (0x929d0cb7) lui     s9, 0x929d0
core   0: 3 0x80000ccc (0x929d0cb7) x25 0x929d0000
core   0: 0x80000cd0 (0x00c48703) lb      a4, 12(s1)
core   0: 3 0x80000cd0 (0x00c48703) x14 0xffffffae mem 0x8001597e
core   0: 0x80000cd4 (0x0024a123) sw      sp, 2(s1)
core   0: 3 0x80000cd4 (0x0024a123) mem 0x80015974 0x80025e64
core   0: 0x80000cd8 (0x00f48023) sb      a5, 0(s1)
core   0: 3 0x80000cd8 (0x00f48023) mem 0x80015972 0xce
core   0: 0x80000cdc (0x01178f33) add     t5, a5, a7
core   0: 3 0x80000cdc (0x01178f33) x30 0x8002d06a
core   0: 0x80000ce0 (0x019c43b3) xor     t2, s8, s9
core   0: 3 0x80000ce0 (0x019c43b3) x 7 0x929d0000
core   0: 0x80000ce4 (0x02d3f933) remu    s2, t2, a3
core   0: 3 0x80000ce4 (0x02d3f933) x18 0x001a0374
core   0: 0x80000ce8 (0x0044ca83) lbu     s5, 4(s1)
core   0: 3 0x80000ce8 (0x0044ca83) x21 0x00000002 mem 0x80015976
core   0: 0x80000cec (0x00548c03) lb      s8, 5(s1)
core   0: 3 0x80000cec (0x00548c03) x24 0xffffff80 mem 0x80015977
core   0: 0x80000cf0 (0x01716033) or      zero, sp, s7
core   0: 3 0x80000cf0 (0x01716033)
core   0: 0x80000cf4 (0x404753b3) sra     t2, a4, tp
core   0: 3 0x80000cf4 (0x404753b3) x 7 0xffffffd7
core   0: 0x80000cf8 (0xff84da83) lhu     s5, -8(s1)
core   0: 3 0x80000cf8 (0xff84da83) x21 0x000089d3 mem 0x8001596a
core   0: 0x80000cfc (0x0176cb33) xor     s6, a3, s7
core   0: 3 0x80000cfc (0x0176cb33) x22 0xb5c916e6
core   0: 0x80000d00 (0xffc4ce83) lbu     t4, -4(s1)
core   0: 3 0x80000d00 (0xffc4ce83) x29 0x000000d6 mem 0x8001596e
core   0: 0x80000d04 (0xff24af23) sw      s2, -2(s1)
core   0: 3 0x80000d04 (0xff24af23) mem 0x80015970 0x001a0374
core   0: 0x80000d08 (0x00000013) nop
core   0: 3 0x80000d08 (0x00000013)
core   0: 0x80000d0c (0x00e05033) srl     zero, zero, a4
core   0: 3 0x80000d0c (0x00e05033)
core   0: 0x80000d10 (0x02c99933) mulh    s2, s3, a2
core   0: 3 0x80000d10 (0x02c99933) x18 0x0000003b
core   0: 0x80000d14 (0x00748323) sb      t2, 6(s1)
core   0: 3 0x80000d14 (0x00748323) mem 0x80015978 0xd7
core   0: 0x80000d18 (0x022b5f33) divu    t5, s6, sp
core   0: 3 0x80000d18 (0x022b5f33) x30 0x00000001
core   0: 0x80000d1c (0x01237d33) and     s10, t1, s2
core   0: 3 0x80000d1c (0x01237d33) x26 0x00000000
core   0: 0x80000d20 (0x0014c683) lbu     a3, 1(s1)
core   0: 3 0x80000d20 (0x0014c683) x13 0x00000000 mem 0x80015973
core   0: 0x80000d24 (0x005b4eb3) xor     t4, s6, t0
core   0: 3 0x80000d24 (0x005b4eb3) x29 0xb5c9129e
core   0: 0x80000d28 (0x03ff81b3) mul     gp, t6, t6
core   0: 3 0x80000d28 (0x03ff81b3) x 3 0x000009c4
core   0: 0x80000d2c (0x412c8d13) addi    s10, s9, 1042
core   0: 3 0x80000d2c (0x412c8d13) x26 0x929d0412
core   0: 0x80000d30 (0x00748b03) lb      s6, 7(s1)
core   0: 3 0x80000d30 (0x00748b03) x22 0xffffff9e mem 0x80015979
core   0: 0x80000d34 (0x01048523) sb      a6, 10(s1)
core   0: 3 0x80000d34 (0x01048523) mem 0x8001597c 0x1
core   0: 0x80000d38 (0xff948a83) lb      s5, -7(s1)
core   0: 3 0x80000d38 (0xff948a83) x21 0xffffff89 mem 0x8001596b
core   0: 0x80000d3c (0x41d0ddb3) sra     s11, ra, t4
core   0: 3 0x80000d3c (0x41d0ddb3) x27 0x00000000
core   0: 0x80000d40 (0xec15bc13) sltiu   s8, a1, -319
core   0: 3 0x80000d40 (0xec15bc13) x24 0x00000001
core   0: 0x80000d44 (0x0014cc03) lbu     s8, 1(s1)
core   0: 3 0x80000d44 (0x0014cc03) x24 0x00000000 mem 0x80015973
core   0: 0x80000d48 (0x0001a097) auipc   ra, 0x1a
core   0: 3 0x80000d48 (0x0001a097) x 1 0x8001ad48
core   0: 0x80000d4c (0x60f08093) addi    ra, ra, 1551
core   0: 3 0x80000d4c (0x60f08093) x 1 0x8001b357
core   0: 0x80000d50 (0x63b09c83) lh      s9, 1595(ra)
core   0: 3 0x80000d50 (0x63b09c83) x25 0xffffc67f mem 0x8001b992
core   0: 0x80000d54 (0x342080a3) sb      sp, 833(ra)
core   0: 3 0x80000d54 (0x342080a3) mem 0x8001b698 0x64
core   0: 0x80000d58 (0x21d09e03) lh      t3, 541(ra)
core   0: 3 0x80000d58 (0x21d09e03) x28 0xffff9371 mem 0x8001b574
core   0: 0x80000d5c (0x13f086a3) sb      t6, 301(ra)
core   0: 3 0x80000d5c (0x13f086a3) mem 0x8001b484 0xce
core   0: 0x80000d60 (0x01529193) slli    gp, t0, 21
core   0: 3 0x80000d60 (0x01529193) x 3 0x8f000000
core   0: 0x80000d64 (0x92208483) lb      s1, -1758(ra)
core   0: 3 0x80000d64 (0x92208483) x 9 0x00000045 mem 0x8001ac79
core   0: 0x80000d68 (0xafa08da3) sb      s10, -1285(ra)
core   0: 3 0x80000d68 (0xafa08da3) mem 0x8001ae52 0x12
core   0: 0x80000d6c (0x02501b33) mulh    s6, zero, t0
core   0: 3 0x80000d6c (0x02501b33) x22 0x00000000
core   0: 0x80000d70 (0x46808503) lb      a0, 1128(ra)
core   0: 3 0x80000d70 (0x46808503) x10 0x0000004d mem 0x8001b7bf
core   0: 0x80000d74 (0x40b4d033) sra     zero, s1, a1
core   0: 3 0x80000d74 (0x40b4d033)
core   0: 0x80000d78 (0xabe0aea3) sw      t5, -1347(ra)
core   0: 3 0x80000d78 (0xabe0aea3) mem 0x8001ae14 0x00000001
core   0: 0x80000d7c (0x00b08383) lb      t2, 11(ra)
core   0: 3 0x80000d7c (0x00b08383) x 7 0xffffffea mem 0x8001b362
core   0: 0x80000d80 (0x6a183593) sltiu   a1, a6, 1697
core   0: 3 0x80000d80 (0x6a183593) x11 0x00000001
core   0: 0x80000d84 (0x65108b23) sb      a7, 1622(ra)
core   0: 3 0x80000d84 (0x65108b23) mem 0x8001b9ad 0x9c
core   0: 0x80000d88 (0x03c09b33) mulh    s6, ra, t3
core   0: 3 0x80000d88 (0x03c09b33) x22 0x00003646
core   0: 0x80000d8c (0x02151733) mulh    a4, a0, ra
core   0: 3 0x80000d8c (0x02151733) x14 0xffffffd9
core   0: 0x80000d90 (0x9f10c383) lbu     t2, -1551(ra)
core   0: 3 0x80000d90 (0x9f10c383) x 7 0x0000006d mem 0x8001ad48
core   0: 0x80000d94 (0x024b8f33) mul     t5, s7, tp
core   0: 3 0x80000d94 (0x024b8f33) x30 0xb549147a
core   0: 0x80000d98 (0x011f6193) ori     gp, t5, 17
core   0: 3 0x80000d98 (0x011f6193) x 3 0xb549147b
core   0: 0x80000d9c (0x6070dc03) lhu     s8, 1543(ra)
core   0: 3 0x80000d9c (0x6070dc03) x24 0x00006d38 mem 0x8001b95e
core   0: 0x80000da0 (0xc3a08383) lb      t2, -966(ra)
core   0: 3 0x80000da0 (0xc3a08383) x 7 0x00000051 mem 0x8001af91
core   0: 0x80000da4 (0x8c508323) sb      t0, -1850(ra)
core   0: 3 0x80000da4 (0x8c508323) mem 0x8001ac1d 0x78
core   0: 0x80000da8 (0xde20c583) lbu     a1, -542(ra)
core   0: 3 0x80000da8 (0xde20c583) x11 0x000000e2 mem 0x8001b139
core   0: 0x80000dac (0x00be6733) or      a4, t3, a1
core   0: 3 0x80000dac (0x00be6733) x14 0xffff93f3
core   0: 0x80000db0 (0x400e5993) srai    s3, t3, 0
core   0: 3 0x80000db0 (0x400e5993) x19 0xffff9371
core   0: 0x80000db4 (0x02daf333) remu    t1, s5, a3
core   0: 3 0x80000db4 (0x02daf333) x 6 0xffffff89
core   0: 0x80000db8 (0x0152e533) or      a0, t0, s5
core   0: 3 0x80000db8 (0x0152e533) x10 0xfffffff9
core   0: 0x80000dbc (0x00c39db3) sll     s11, t2, a2
core   0: 3 0x80000dbc (0x00c39db3) x27 0x00005100
core   0: 0x80000dc0 (0x01d118b3) sll     a7, sp, t4
core   0: 3 0x80000dc0 (0x01d118b3) x17 0x00000000
core   0: 0x80000dc4 (0x01301b33) sll     s6, zero, s3
core   0: 3 0x80000dc4 (0x01301b33) x22 0x00000000
core   0: 0x80000dc8 (0x99208283) lb      t0, -1646(ra)
core   0: 3 0x80000dc8 (0x99208283) x 5 0x00000030 mem 0x8001ace9
core   0: 0x80000dcc (0x013d1013) slli    zero, s10, 19
core   0: 3 0x80000dcc (0x013d1013)
core   0: 0x80000dd0 (0x3b982193) slti    gp, a6, 953
core   0: 3 0x80000dd0 (0x3b982193) x 3 0x00000001
core   0: 0x80000dd4 (0x01a091a3) sh      s10, 3(ra)
core   0: 3 0x80000dd4 (0x01a091a3) mem 0x8001b35a 0x0412
core   0: 0x80000dd8 (0x99a0c583) lbu     a1, -1638(ra)
core   0: 3 0x80000dd8 (0x99a0c583) x11 0x00000089 mem 0x8001acf1
core   0: 0x80000ddc (0xc7e08d83) lb      s11, -898(ra)
core   0: 3 0x80000ddc (0xc7e08d83) x27 0xffffffc7 mem 0x8001afd5
core   0: 0x80000de0 (0x86608503) lb      a0, -1946(ra)
core   0: 3 0x80000de0 (0x86608503) x10 0xffffffd5 mem 0x8001abbd
core   0: 0x80000de4 (0xedf0cb03) lbu     s6, -289(ra)
core   0: 3 0x80000de4 (0xedf0cb03) x22 0x000000a2 mem 0x8001b236
core   0: 0x80000de8 (0x1110d503) lhu     a0, 273(ra)
core   0: 3 0x80000de8 (0x1110d503) x10 0x00007d71 mem 0x8001b468
core   0: 0x80000dec (0x0420ce03) lbu     t3, 66(ra)
core   0: 3 0x80000dec (0x0420ce03) x28 0x00000076 mem 0x8001b399
core   0: 0x80000df0 (0xc5c08ba3) sb      t3, -937(ra)
core   0: 3 0x80000df0 (0xc5c08ba3) mem 0x8001afae 0x76
core   0: 0x80000df4 (0xdae09ba3) sh      a4, -585(ra)
core   0: 3 0x80000df4 (0xdae09ba3) mem 0x8001b10e 0x93f3
core   0: 0x80000df8 (0x00018f97) auipc   t6, 0x18
core   0: 3 0x80000df8 (0x00018f97) x31 0x80018df8
core   0: 0x80000dfc (0xb40f8f93) addi    t6, t6, -1216
core   0: 3 0x80000dfc (0xb40f8f93) x31 0x80018938
core   0: 0x80000e00 (0x00b24033) xor     zero, tp, a1
core   0: 3 0x80000e00 (0x00b24033)
core   0: 0x80000e04 (0x002f8183) lb      gp, 2(t6)
core   0: 3 0x80000e04 (0x002f8183) x 3 0x00000033 mem 0x8001893a
core   0: 0x80000e08 (0x4011dd33) sra     s10, gp, ra
core   0: 3 0x80000e08 (0x4011dd33) x26 0x00000000
core   0: 0x80000e0c (0xffbf8c03) lb      s8, -5(t6)
core   0: 3 0x80000e0c (0xffbf8c03) x24 0x00000004 mem 0x80018933
core   0: 0x80000e10 (0x02240433) mul     s0, s0, sp
core   0: 3 0x80000e10 (0x02240433) x 8 0x00000000
core   0: 0x80000e14 (0x013a08b3) add     a7, s4, s3
core   0: 3 0x80000e14 (0x013a08b3) x17 0x80023055
core   0: 0x80000e18 (0x009f8983) lb      s3, 9(t6)
core   0: 3 0x80000e18 (0x009f8983) x19 0xffffffdb mem 0x80018941
core   0: 0x80000e1c (0xfe4f8c23) sb      tp, -8(t6)
core   0: 3 0x80000e1c (0xfe4f8c23) mem 0x80018930 0x1
core   0: 0x80000e20 (0xff3fc183) lbu     gp, -13(t6)
core   0: 3 0x80000e20 (0xff3fc183) x 3 0x000000b4 mem 0x8001892b
core   0: 0x80000e24 (0x01297833) and     a6, s2, s2
core   0: 3 0x80000e24 (0x01297833) x16 0x0000003b
core   0: 0x80000e28 (0xfe8f8da3) sb      s0, -5(t6)
core   0: 3 0x80000e28 (0xfe8f8da3) mem 0x80018933 0x0
core   0: 0x80000e2c (0x03b4eab3) rem     s5, s1, s11
core   0: 3 0x80000e2c (0x03b4eab3) x21 0x0000000c
core   0: 0x80000e30 (0xa5f2ba93) sltiu   s5, t0, -1441
core   0: 3 0x80000e30 (0xa5f2ba93) x21 0x00000001
core   0: 0x80000e34 (0xffdf8083) lb      ra, -3(t6)
core   0: 3 0x80000e34 (0xffdf8083) x 1 0xffffffad mem 0x80018935
core   0: 0x80000e38 (0x41d78833) sub     a6, a5, t4
core   0: 3 0x80000e38 (0x41d78833) x16 0x4a375f30
core   0: 0x80000e3c (0x010fa383) lw      t2, 16(t6)
core   0: 3 0x80000e3c (0x010fa383) x 7 0x4f52ae53 mem 0x80018948
core   0: 0x80000e40 (0xffdfc703) lbu     a4, -3(t6)
core   0: 3 0x80000e40 (0xffdfc703) x14 0x000000ad mem 0x80018935
core   0: 0x80000e44 (0x015f83a3) sb      s5, 7(t6)
core   0: 3 0x80000e44 (0x015f83a3) mem 0x8001893f 0x1
core   0: 0x80000e48 (0x529f2f13) slti    t5, t5, 1321
core   0: 3 0x80000e48 (0x529f2f13) x30 0x00000001
core   0: 0x80000e4c (0x00bfc203) lbu     tp, 11(t6)
core   0: 3 0x80000e4c (0x00bfc203) x 4 0x000000ec mem 0x80018943
core   0: 0x80000e50 (0xff9f8ba3) sb      s9, -9(t6)
core   0: 3 0x80000e50 (0xff9f8ba3) mem 0x8001892f 0x7f
core   0: 0x80000e54 (0xffff8f03) lb      t5, -1(t6)
core   0: 3 0x80000e54 (0xffff8f03) x30 0xffffff93 mem 0x80018937
core   0: 0x80000e58 (0x62b9b893) sltiu   a7, s3, 1579
core   0: 3 0x80000e58 (0x62b9b893) x17 0x00000000
core   0: 0x80000e5c (0xff4fc583) lbu     a1, -12(t6)
core   0: 3 0x80000e5c (0xff4fc583) x11 0x00000075 mem 0x8001892c
core   0: 0x80000e60 (0x009fca83) lbu     s5, 9(t6)
core   0: 3 0x80000e60 (0x009fca83) x21 0x000000db mem 0x80018941
core   0: 0x80000e64 (0x03046433) rem     s0, s0, a6
core   0: 3 0x80000e64 (0x03046433) x 8 0x00000000
core   0: 0x80000e68 (0x004ea833) slt     a6, t4, tp
core   0: 3 0x80000e68 (0x004ea833) x16 0x00000001
core   0: 0x80000e6c (0x004f10b3) sll     ra, t5, tp
core   0: 3 0x80000e6c (0x004f10b3) x 1 0xfff93000
core   0: 0x80000e70 (0x00c3bf33) sltu    t5, t2, a2
core   0: 3 0x80000e70 (0x00c3bf33) x30 0x00000001
core   0: 0x80000e74 (0x01df8023) sb      t4, 0(t6)
core   0: 3 0x80000e74 (0x01df8023) mem 0x80018938 0x9e
core   0: 0x80000e78 (0xff6f8783) lb      a5, -10(t6)
core   0: 3 0x80000e78 (0xff6f8783) x15 0x00000032 mem 0x8001892e
core   0: 0x80000e7c (0x00b81313) slli    t1, a6, 11
core   0: 3 0x80000e7c (0x00b81313) x 6 0x00000800
core   0: 0x80000e80 (0x005fc203) lbu     tp, 5(t6)
core   0: 3 0x80000e80 (0x005fc203) x 4 0x0000001d mem 0x8001893d
core   0: 0x80000e84 (0x00717733) and     a4, sp, t2
core   0: 3 0x80000e84 (0x00717733) x14 0x00020e40
core   0: 0x80000e88 (0x011f83a3) sb      a7, 7(t6)
core   0: 3 0x80000e88 (0x011f83a3) mem 0x8001893f 0x0
core   0: 0x80000e8c (0x002f9523) sh      sp, 10(t6)
core   0: 3 0x80000e8c (0x002f9523) mem 0x80018942 0x5e64
core   0: 0x80000e90 (0xff4fdd83) lhu     s11, -12(t6)
core   0: 3 0x80000e90 (0xff4fdd83) x27 0x00008a75 mem 0x8001892c
core   0: 0x80000e94 (0x01ff84a3) sb      t6, 9(t6)
core   0: 3 0x80000e94 (0x01ff84a3) mem 0x80018941 0x38
core   0: 0x80000e98 (0x01712433) slt     s0, sp, s7
core   0: 3 0x80000e98 (0x01712433) x 8 0x00000001
core   0: 0x80000e9c (0x00223333) sltu    t1, tp, sp
core   0: 3 0x80000e9c (0x00223333) x 6 0x00000001
core   0: 0x80000ea0 (0xfebf8d23) sb      a1, -6(t6)
core   0: 3 0x80000ea0 (0xfebf8d23) mem 0x80018932 0x75
core   0: 0x80000ea4 (0x41b45d93) srai    s11, s0, 27
core   0: 3 0x80000ea4 (0x41b45d93) x27 0x00000000
core   0: 0x80000ea8 (0x005f8983) lb      s3, 5(t6)
core   0: 3 0x80000ea8 (0x005f8983) x19 0x0000001d mem 0x8001893d
core   0: 0x80000eac (0x492da193) slti    gp, s11, 1170
core   0: 3 0x80000eac (0x492da193) x 3 0x00000001
core   0: 0x80000eb0 (0x016568b3) or      a7, a0, s6
core   0: 3 0x80000eb0 (0x016568b3) x17 0x00007df3
core   0: 0x80000eb4 (0x53faa437) lui     s0, 0x53faa
core   0: 3 0x80000eb4 (0x53faa437) x 8 0x53faa000
core   0: 0x80000eb8 (0x00ff8583) lb      a1, 15(t6)
core   0: 3 0x80000eb8 (0x00ff8583) x11 0x00000005 mem 0x80018947
core   0: 0x80000ebc (0x00010717) auipc   a4, 0x10
core   0: 3 0x80000ebc (0x00010717) x14 0x80010ebc
core   0: 0x80000ec0 (0x96270713) addi    a4, a4, -1694
core   0: 3 0x80000ec0 (0x96270713) x14 0x8001081e
core   0: 0x80000ec4 (0xc8bf8913) addi    s2, t6, -885
core   0: 3 0x80000ec4 (0xc8bf8913) x18 0x800185c3
core   0: 0x80000ec8 (0xf2b70303) lb      t1, -213(a4)
core   0: 3 0x80000ec8 (0xf2b70303) x 6 0xffffff83 mem 0x80010749
core   0: 0x80000ecc (0x038ac1b3) div     gp, s5, s8
core   0: 3 0x80000ecc (0x038ac1b3) x 3 0x00000036
core   0: 0x80000ed0 (0x004707a3) sb      tp, 15(a4)
core   0: 3 0x80000ed0 (0x004707a3) mem 0x8001082d 0x1d
core   0: 0x80000ed4 (0xf8875d83) lhu     s11, -120(a4)
core   0: 3 0x80000ed4 (0xf8875d83) x27 0x00002597 mem 0x800107a6
core   0: 0x80000ed8 (0xf1570323) sb      s5, -250(a4)
core   0: 3 0x80000ed8 (0xf1570323) mem 0x80010724 0xdb
core   0: 0x80000edc (0x01722eb3) slt     t4, tp, s7
core   0: 3 0x80000edc (0x01722eb3) x29 0x00000000
core   0: 0x80000ee0 (0x022fd333) divu    t1, t6, sp
core   0: 3 0x80000ee0 (0x022fd333) x 6 0x00000000
core   0: 0x80000ee4 (0x00143b33) sltu    s6, s0, ra
core   0: 3 0x80000ee4 (0x00143b33) x22 0x00000001
core   0: 0x80000ee8 (0xfde70e23) sb      t5, -36(a4)
core   0: 3 0x80000ee8 (0xfde70e23) mem 0x800107fa 0x1
core   0: 0x80000eec (0xfb770183) lb      gp, -73(a4)
core   0: 3 0x80000eec (0xfb770183) x 3 0xffffff92 mem 0x800107d5
core   0: 0x80000ef0 (0xf9871f83) lh      t6, -104(a4)
core   0: 3 0x80000ef0 (0xf9871f83) x31 0xfffffaa3 mem 0x800107b6
core   0: 0x80000ef4 (0x00c45fb3) srl     t6, s0, a2
core   0: 3 0x80000ef4 (0x00c45fb3) x31 0x0053faa0
core   0: 0x80000ef8 (0x010ba3b3) slt     t2, s7, a6
core   0: 3 0x80000ef8 (0x010ba3b3) x 7 0x00000001
core   0: 0x80000efc (0x0a871383) lh      t2, 168(a4)
core   0: 3 0x80000efc (0x0a871383) x 7 0xfffff3bd mem 0x800108c6
core   0: 0x80000f00 (0xf2b74683) lbu     a3, -213(a4)
core   0: 3 0x80000f00 (0xf2b74683) x13 0x00000083 mem 0x80010749
core   0: 0x80000f04 (0xae35ca93) xori    s5, a1, -1309
core   0: 3 0x80000f04 (0xae35ca93) x21 0xfffffae6
core   0: 0x80000f08 (0x065701a3) sb      t0, 99(a4)
core   0: 3 0x80000f08 (0x065701a3) mem 0x80010881 0x30
core   0: 0x80000f0c (0x8c026f13) ori     t5, tp, -1856
core   0: 3 0x80000f0c (0x8c026f13) x30 0xfffff8dd
core   0: 0x80000f10 (0x02559033) mulh    zero, a1, t0
core   0: 3 0x80000f10 (0x02559033)
core   0: 0x80000f14 (0x0b174c03) lbu     s8, 177(a4)
core   0: 3 0x80000f14 (0x0b174c03) x24 0x0000009a mem 0x800108cf
core   0: 0x80000f18 (0xf3870223) sb      s8, -220(a4)
core   0: 3 0x80000f18 (0xf3870223) mem 0x80010742 0x9a
core   0: 0x80000f1c (0xfff74e03) lbu     t3, -1(a4)
core   0: 3 0x80000f1c (0xfff74e03) x28 0x00000035 mem 0x8001081d
core   0: 0x80000f20 (0xacd6aa93) slti    s5, a3, -1331
core   0: 3 0x80000f20 (0xacd6aa93) x21 0x00000000
core   0: 0x80000f24 (0x005a1513) slli    a0, s4, 5
core   0: 3 0x80000f24 (0x005a1513) x10 0x00539c80
core   0: 0x80000f28 (0x58062513) slti    a0, a2, 1408
core   0: 3 0x80000f28 (0x58062513) x10 0x00000001
core   0: 0x80000f2c (0x03ce5cb3) divu    s9, t3, t3
core   0: 3 0x80000f2c (0x03ce5cb3) x25 0x00000001
core   0: 0x80000f30 (0x0ad70fa3) sb      a3, 191(a4)
core   0: 3 0x80000f30 (0x0ad70fa3) mem 0x800108dd 0x83
core   0: 0x80000f34 (0x0f170a83) lb      s5, 241(a4)
core   0: 3 0x80000f34 (0x0f170a83) x21 0xffffffdf mem 0x8001090f
core   0: 0x80000f38 (0x0000ff17) auipc   t5, 0xf
core   0: 3 0x80000f38 (0x0000ff17) x30 0x8000ff38
core   0: 0x80000f3c (0x6c4f0f13) addi    t5, t5, 1732
core   0: 3 0x80000f3c (0x6c4f0f13) x30 0x800105fc
core   0: 0x80000f40 (0xfa3f4b03) lbu     s6, -93(t5)
core   0: 3 0x80000f40 (0xfa3f4b03) x22 0x000000c5 mem 0x8001059f
core   0: 0x80000f44 (0x6f5a6b13) ori     s6, s4, 1781
core   0: 3 0x80000f44 (0x6f5a6b13) x22 0x80029ef5
core   0: 0x80000f48 (0xf26f0e23) sb      t1, -196(t5)
core   0: 3 0x80000f48 (0xf26f0e23) mem 0x80010538 0x0
core   0: 0x80000f4c (0xf51f0483) lb      s1, -175(t5)
core   0: 3 0x80000f4c (0xf51f0483) x 9 0xffffffd6 mem 0x8001054d
core   0: 0x80000f50 (0xf4ef1c23) sh      a4, -168(t5)
core   0: 3 0x80000f50 (0xf4ef1c23) mem 0x80010554 0x081e
core   0: 0x80000f54 (0xf16f0283) lb      t0, -234(t5)
core   0: 3 0x80000f54 (0xf16f0283) x 5 0xffffffef mem 0x80010512
core   0: 0x80000f58 (0xfc7f4303) lbu     t1, -57(t5)
core   0: 3 0x80000f58 (0xfc7f4303) x 6 0x00000000 mem 0x800105c3
core   0: 0x80000f5c (0xfb9f0683) lb      a3, -71(t5)
core   0: 3 0x80000f5c (0xfb9f0683) x13 0xffffffdb mem 0x800105b5
core   0: 0x80000f60 (0x01414db3) xor     s11, sp, s4
core   0: 3 0x80000f60 (0x01414db3) x27 0x0000c280
core   0: 0x80000f64 (0xf33f0483) lb      s1, -205(t5)
core   0: 3 0x80000f64 (0xf33f0483) x 9 0xffffffdf mem 0x8001052f
core   0: 0x80000f68 (0x0077b2b3) sltu    t0, a5, t2
core   0: 3 0x80000f68 (0x0077b2b3) x 5 0x00000001
core   0: 0x80000f6c (0xf74f5e03) lhu     t3, -140(t5)
core   0: 3 0x80000f6c (0xf74f5e03) x28 0x0000ba36 mem 0x80010570
core   0: 0x80000f70 (0xf1af5603) lhu     a2, -230(t5)
core   0: 3 0x80000f70 (0xf1af5603) x12 0x0000b483 mem 0x80010516
core   0: 0x80000f74 (0x03c8d733) divu    a4, a7, t3
core   0: 3 0x80000f74 (0x03c8d733) x14 0x00000000
core   0: 0x80000f78 (0xf16f4183) lbu     gp, -234(t5)
core   0: 3 0x80000f78 (0xf16f4183) x 3 0x000000ef mem 0x80010512
core   0: 0x80000f7c (0xafbf02b7) lui     t0, 0xafbf0
core   0: 3 0x80000f7c (0xafbf02b7) x 5 0xafbf0000
core   0: 0x80000f80 (0xfe5f0223) sb      t0, -28(t5)
core   0: 3 0x80000f80 (0xfe5f0223) mem 0x800105e0 0x0
core   0: 0x80000f84 (0xf11f1a23) sh      a7, -236(t5)
core   0: 3 0x80000f84 (0xf11f1a23) mem 0x80010510 0x7df3
core   0: 0x80000f88 (0x065f08a3) sb      t0, 113(t5)
core   0: 3 0x80000f88 (0x065f08a3) mem 0x8001066d 0x0
core   0: 0x80000f8c (0xff2f1e03) lh      t3, -14(t5)
core   0: 3 0x80000f8c (0xff2f1e03) x28 0x00004147 mem 0x800105ee
core   0: 0x80000f90 (0xf8df0583) lb      a1, -115(t5)
core   0: 3 0x80000f90 (0xf8df0583) x11 0xffffffa3 mem 0x80010589
core   0: 0x80000f94 (0xc95dc693) xori    a3, s11, -875
core   0: 3 0x80000f94 (0xc95dc693) x13 0xffff3e15
core   0: 0x80000f98 (0x088f0783) lb      a5, 136(t5)
core   0: 3 0x80000f98 (0x088f0783) x15 0x00000030 mem 0x80010684
core   0: 0x80000f9c (0xf8af5e83) lhu     t4, -118(t5)
core   0: 3 0x80000f9c (0xf8af5e83) x29 0x00000000 mem 0x80010586
core   0: 0x80000fa0 (0x020dd6b3) divu    a3, s11, zero
core   0: 3 0x80000fa0 (0x020dd6b3) x13 0xffffffff
core   0: 0x80000fa4 (0x008178b3) and     a7, sp, s0
core   0: 3 0x80000fa4 (0x008178b3) x17 0x00020000
core   0: 0x80000fa8 (0x0dff0483) lb      s1, 223(t5)
core   0: 3 0x80000fa8 (0x0dff0483) x 9 0x00000071 mem 0x800106db
core   0: 0x80000fac (0xf96f0d03) lb      s10, -106(t5)
core   0: 3 0x80000fac (0xf96f0d03) x26 0xffffffd6 mem 0x80010592
core   0: 0x80000fb0 (0x0ebf4e83) lbu     t4, 235(t5)
core   0: 3 0x80000fb0 (0x0ebf4e83) x29 0x0000002d mem 0x800106e7
core   0: 0x80000fb4 (0x40868033) sub     zero, a3, s0
core   0: 3 0x80000fb4 (0x40868033)
core   0: 0x80000fb8 (0x0c3f0423) sb      gp, 200(t5)
core   0: 3 0x80000fb8 (0x0c3f0423) mem 0x800106c4 0xef
core   0: 0x80000fbc (0x085f0803) lb      a6, 133(t5)
core   0: 3 0x80000fbc (0x085f0803) x16 0x0000003f mem 0x80010681
core   0: 0x80000fc0 (0xfdbf0403) lb      s0, -37(t5)
core   0: 3 0x80000fc0 (0xfdbf0403) x 8 0x0000002a mem 0x800105d7
core   0: 0x80000fc4 (0x02ef1123) sh      a4, 34(t5)
core   0: 3 0x80000fc4 (0x02ef1123) mem 0x8001061e 0x0000
core   0: 0x80000fc8 (0x00677b33) and     s6, a4, t1
core   0: 3 0x80000fc8 (0x00677b33) x22 0x00000000
core   0: 0x80000fcc (0x005dbcb3) sltu    s9, s11, t0
core   0: 3 0x80000fcc (0x005dbcb3) x25 0x00000001
core   0: 0x80000fd0 (0xf92f4283) lbu     t0, -110(t5)
core   0: 3 0x80000fd0 (0xf92f4283) x 5 0x00000004 mem 0x8001058e
core   0: 0x80000fd4 (0x40890533) sub     a0, s2, s0
core   0: 3 0x80000fd4 (0x40890533) x10 0x80018599
core   0: 0x80000fd8 (0x01d34d33) xor     s10, t1, t4
core   0: 3 0x80000fd8 (0x01d34d33) x26 0x0000002d
core   0: 0x80000fdc (0x0e432793) slti    a5, t1, 228
core   0: 3 0x80000fdc (0x0e432793) x15 0x00000001
core   0: 0x80000fe0 (0xff6f5a83) lhu     s5, -10(t5)
core   0: 3 0x80000fe0 (0xff6f5a83) x21 0x000045e0 mem 0x800105f2
core   0: 0x80000fe4 (0x03a71d33) mulh    s10, a4, s10
core   0: 3 0x80000fe4 (0x03a71d33) x26 0x00000000
core   0: 0x80000fe8 (0xf01f0183) lb      gp, -255(t5)
core   0: 3 0x80000fe8 (0xf01f0183) x 3 0x0000001a mem 0x800104fd
core   0: 0x80000fec (0x0097c633) xor     a2, a5, s1
core   0: 3 0x80000fec (0x0097c633) x12 0x00000070
core   0: 0x80000ff0 (0x01899913) slli    s2, s3, 24
core   0: 3 0x80000ff0 (0x01899913) x18 0x1d000000
core   0: 0x80000ff4 (0x094f2823) sw      s4, 144(t5)
core   0: 3 0x80000ff4 (0x094f2823) mem 0x8001068c 0x80029ce4
core   0: 0x80000ff8 (0x00010a97) auipc   s5, 0x10
core   0: 3 0x80000ff8 (0x00010a97) x21 0x80010ff8
core   0: 0x80000ffc (0xb51a8a93) addi    s5, s5, -1199
core   0: 3 0x80000ffc (0xb51a8a93) x21 0x80010b49
core   0: 0x80001000 (0xabfaa7a3) sw      t6, -1361(s5)
core   0: 3 0x80001000 (0xabfaa7a3) mem 0x800105f8 0x0053faa0
core   0: 0x80001004 (0xeaca8903) lb      s2, -340(s5)
core   0: 3 0x80001004 (0xeaca8903) x18 0xffffffea mem 0x800109f5
core   0: 0x80001008 (0xea6a89a3) sb      t1, -333(s5)
core   0: 3 0x80001008 (0xea6a89a3) mem 0x800109fc 0x0
core   0: 0x8000100c (0x008ddd33) srl     s10, s11, s0
core   0: 3 0x8000100c (0x008ddd33) x26 0x00000030
core   0: 0x80001010 (0x00f3ff33) and     t5, t2, a5
core   0: 3 0x80001010 (0x00f3ff33) x30 0x00000001
core   0: 0x80001014 (0xf8cac903) lbu     s2, -116(s5)
core   0: 3 0x80001014 (0xf8cac903) x18 0x000000d6 mem 0x80010ad5
core   0: 0x80001018 (0xea1a9d83) lh      s11, -351(s5)
core   0: 3 0x80001018 (0xea1a9d83) x27 0xffff8f42 mem 0x800109ea
core   0: 0x8000101c (0x01a3d5b3) srl     a1, t2, s10
core   0: 3 0x8000101c (0x01a3d5b3) x11 0x0000ffff
core   0: 0x80001020 (0x001d5fb3) srl     t6, s10, ra
core   0: 3 0x80001020 (0x001d5fb3) x31 0x00000030
core   0: 0x80001024 (0x00000013) nop
core   0: 3 0x80001024 (0x00000013)
core   0: 0x80001028 (0x43ea8483) lb      s1, 1086(s5)
core   0: 3 0x80001028 (0x43ea8483) x 9 0x0000002f mem 0x80010f87
core   0: 0x8000102c (0xd44ac483) lbu     s1, -700(s5)
core   0: 3 0x8000102c (0xd44ac483) x 9 0x00000081 mem 0x8001088d
core   0: 0x80001030 (0x01385033) srl     zero, a6, s3
core   0: 3 0x80001030 (0x01385033)
core   0: 0x80001034 (0x89910593) addi    a1, sp, -1895
core   0: 3 0x80001034 (0x89910593) x11 0x800256fd
core   0: 0x80001038 (0x413e2713) slti    a4, t3, 1043
core   0: 3 0x80001038 (0x413e2713) x14 0x00000000
core   0: 0x8000103c (0x9f2a7193) andi    gp, s4, -1550
core   0: 3 0x8000103c (0x9f2a7193) x 3 0x800298e0
core   0: 0x80001040 (0x9a6ac603) lbu     a2, -1626(s5)
core   0: 3 0x80001040 (0x9a6ac603) x12 0x000000a3 mem 0x800104ef
core   0: 0x80001044 (0x88aac703) lbu     a4, -1910(s5)
core   0: 3 0x80001044 (0x88aac703) x14 0x000000e0 mem 0x800103d3
core   0: 0x80001048 (0x07ba94a3) sh      s11, 105(s5)
core   0: 3 0x80001048 (0x07ba94a3) mem 0x80010bb2 0x8f42
core   0: 0x8000104c (0x019d9393) slli    t2, s11, 25
core   0: 3 0x8000104c (0x019d9393) x 7 0x84000000
core   0: 0x80001050 (0xdf6acd83) lbu     s11, -522(s5)
core   0: 3 0x80001050 (0xdf6acd83) x27 0x00000073 mem 0x8001093f
core   0: 0x80001054 (0x2fcac683) lbu     a3, 764(s5)
core   0: 3 0x80001054 (0x2fcac683) x13 0x0000007d mem 0x80010e45
core   0: 0x80001058 (0x898a8183) lb      gp, -1896(s5)
core   0: 3 0x80001058 (0x898a8183) x 3 0x0000000e mem 0x800103e1
core   0: 0x8000105c (0x026a8e33) mul     t3, s5, t1
core   0: 3 0x8000105c (0x026a8e33) x28 0x00000000
core   0: 0x80001060 (0x106a8523) sb      t1, 266(s5)
core   0: 3 0x80001060 (0x106a8523) mem 0x80010c53 0x0
core   0: 0x80001064 (0x02d7d833) divu    a6, a5, a3
core   0: 3 0x80001064 (0x02d7d833) x16 0x00000000
core   0: 0x80001068 (0x00d59313) slli    t1, a1, 13
core   0: 3 0x80001068 (0x00d59313) x 6 0x4adfa000
core   0: 0x8000106c (0xa98acf83) lbu     t6, -1384(s5)
core   0: 3 0x8000106c (0xa98acf83) x31 0x00000001 mem 0x800105e1
core   0: 0x80001070 (0x01f565b3) or      a1, a0, t6
core   0: 3 0x80001070 (0x01f565b3) x11 0x80018599
core   0: 0x80001074 (0x8c5b9237) lui     tp, 0x8c5b9
core   0: 3 0x80001074 (0x8c5b9237) x 4 0x8c5b9000
core   0: 0x80001078 (0x07ba8423) sb      s11, 104(s5)
core   0: 3 0x80001078 (0x07ba8423) mem 0x80010bb1 0x73
core   0: 0x8000107c (0x00000013) nop
core   0: 3 0x8000107c (0x00000013)
core   0: 0x80001080 (0x03facb03) lbu     s6, 63(s5)
core   0: 3 0x80001080 (0x03facb03) x22 0x0000000c mem 0x80010b88
core   0: 0x80001084 (0x8d9a9603) lh      a2, -1831(s5)
core   0: 3 0x80001084 (0x8d9a9603) x12 0xffffed08 mem 0x80010422
core   0: 0x80001088 (0x03fbadb3) mulhsu  s11, s7, t6
core   0: 3 0x80001088 (0x03fbadb3) x27 0xffffffff
core   0: 0x8000108c (0x07780e13) addi    t3, a6, 119
core   0: 3 0x8000108c (0x07780e13) x28 0x00000077
core   0: 0x80001090 (0x41de5233) sra     tp, t3, t4
core   0: 3 0x80001090 (0x41de5233) x 4 0x00000000
core   0: 0x80001094 (0xcd118813) addi    a6, gp, -815
core   0: 3 0x80001094 (0xcd118813) x16 0xfffffcdf
core   0: 0x80001098 (0xcbbaafa3) sw      s11, -833(s5)
core   0: 3 0x80001098 (0xcbbaafa3) mem 0x80010808 0xffffffff
core   0: 0x8000109c (0x41e709b3) sub     s3, a4, t5
core   0: 3 0x8000109c (0x41e709b3) x19 0x000000df
core   0: 0x800010a0 (0xee9a8583) lb      a1, -279(s5)
core   0: 3 0x800010a0 (0xee9a8583) x11 0x00000009 mem 0x80010a32
core   0: 0x800010a4 (0x1cfa84a3) sb      a5, 457(s5)
core   0: 3 0x800010a4 (0x1cfa84a3) mem 0x80010d12 0x1
core   0: 0x800010a8 (0x65a56637) lui     a2, 0x65a56
core   0: 3 0x800010a8 (0x65a56637) x12 0x65a56000
core   0: 0x800010ac (0x015b6533) or      a0, s6, s5
core   0: 3 0x800010ac (0x015b6533) x10 0x80010b4d
core   0: 0x800010b0 (0x21fad783) lhu     a5, 543(s5)
core   0: 3 0x800010b0 (0x21fad783) x15 0x000080e8 mem 0x80010d68
core   0: 0x800010b4 (0xa11ad703) lhu     a4, -1519(s5)
core   0: 3 0x800010b4 (0xa11ad703) x14 0x00009a28 mem 0x8001055a
core   0: 0x800010b8 (0xa8ba8623) sb      a1, -1396(s5)
core   0: 3 0x800010b8 (0xa8ba8623) mem 0x800105d5 0x9
core   0: 0x800010bc (0xd3aa8303) lb      t1, -710(s5)
core   0: 3 0x800010bc (0xd3aa8303) x 6 0x0000004a mem 0x80010883
core   0: 0x800010c0 (0x0000f197) auipc   gp, 0xf
core   0: 3 0x800010c0 (0x0000f197) x 3 0x800100c0
core   0: 0x800010c4 (0x53b18193) addi    gp, gp, 1339
core   0: 3 0x800010c4 (0x53b18193) x 3 0x800105fb
core   0: 0x800010c8 (0x401a82b3) sub     t0, s5, ra
core   0: 3 0x800010c8 (0x401a82b3) x 5 0x8007db49
core   0: 0x800010cc (0x03c18203) lb      tp, 60(gp)
core   0: 3 0x800010cc (0x03c18203) x 4 0xffffffd3 mem 0x80010637
core   0: 0x800010d0 (0xff61c583) lbu     a1, -10(gp)
core   0: 3 0x800010d0 (0xff61c583) x11 0x000000cc mem 0x800105f1
core   0: 0x800010d4 (0x347216b7) lui     a3, 0x34721
core   0: 3 0x800010d4 (0x347216b7) x13 0x34721000
core   0: 0x800010d8 (0x00000013) nop
core   0: 3 0x800010d8 (0x00000013)
core   0: 0x800010dc (0x00ecb933) sltu    s2, s9, a4
core   0: 3 0x800010dc (0x00ecb933) x18 0x00000001
core   0: 0x800010e0 (0xfdc18583) lb      a1, -36(gp)
core   0: 3 0x800010e0 (0xfdc18583) x11 0x0000002a mem 0x800105d7
core   0: 0x800010e4 (0x01472033) slt     zero, a4, s4
core   0: 3 0x800010e4 (0x01472033)
core   0: 0x800010e8 (0x02818e83) lb      t4, 40(gp)
core   0: 3 0x800010e8 (0x02818e83) x29 0x0000004c mem 0x80010623
core   0: 0x800010ec (0x77ce2d93) slti    s11, t3, 1916
core   0: 3 0x800010ec (0x77ce2d93) x27 0x00000001
core   0: 0x800010f0 (0xfef18d03) lb      s10, -17(gp)
core   0: 3 0x800010f0 (0xfef18d03) x26 0xfffffff7 mem 0x800105ea
core   0: 0x800010f4 (0x01af5393) srli    t2, t5, 26
core   0: 3 0x800010f4 (0x01af5393) x 7 0x00000000
core   0: 0x800010f8 (0x02418323) sb      tp, 38(gp)
core   0: 3 0x800010f8 (0x02418323) mem 0x80010621 0xd3
core   0: 0x800010fc (0x02fcddb3) divu    s11, s9, a5
core   0: 3 0x800010fc (0x02fcddb3) x27 0x00000000
core   0: 0x80001100 (0x038af233) remu    tp, s5, s8
core   0: 3 0x80001100 (0x038af233) x 4 0x00000033
core   0: 0x80001104 (0xfea18603) lb      a2, -22(gp)
core   0: 3 0x80001104 (0xfea18603) x12 0x0000007e mem 0x800105e5
core   0: 0x80001108 (0x00b22b33) slt     s6, tp, a1
core   0: 3 0x80001108 (0x00b22b33) x22 0x00000000
core   0: 0x8000110c (0x0135d213) srli    tp, a1, 19
core   0: 3 0x8000110c (0x0135d213) x 4 0x00000000
core   0: 0x80001110 (0x0071d993) srli    s3, gp, 7
core   0: 3 0x80001110 (0x0071d993) x19 0x0100020b
core   0: 0x80001114 (0x00719c03) lh      s8, 7(gp)
core   0: 3 0x80001114 (0x00719c03) x24 0xffff9160 mem 0x80010602
core   0: 0x80001118 (0xfc918683) lb      a3, -55(gp)
core   0: 3 0x80001118 (0xfc918683) x13 0x0000006e mem 0x800105c4
core   0: 0x8000111c (0x1dcbcfb7) lui     t6, 0x1dcbc
core   0: 3 0x8000111c (0x1dcbcfb7) x31 0x1dcbc000
core   0: 0x80001120 (0x01b1ce83) lbu     t4, 27(gp)
core   0: 3 0x80001120 (0x01b1ce83) x29 0x000000c7 mem 0x80010616
core   0: 0x80001124 (0xff818583) lb      a1, -8(gp)
core   0: 3 0x80001124 (0xff818583) x11 0x00000045 mem 0x800105f3
core   0: 0x80001128 (0xa893e813) ori     a6, t2, -1399
core   0: 3 0x80001128 (0xa893e813) x16 0xfffffa89
core   0: 0x8000112c (0x0133cb33) xor     s6, t2, s3
core   0: 3 0x8000112c (0x0133cb33) x22 0x0100020b
core   0: 0x80001130 (0x4efd9e37) lui     t3, 0x4efd9
core   0: 3 0x80001130 (0x4efd9e37) x28 0x4efd9000
core   0: 0x80001134 (0x00318683) lb      a3, 3(gp)
core   0: 3 0x80001134 (0x00318683) x13 0x00000031 mem 0x800105fe
core   0: 0x80001138 (0x00da5db3) srl     s11, s4, a3
core   0: 3 0x80001138 (0x00da5db3) x27 0x00004001
core   0: 0x8000113c (0x03818e83) lb      t4, 56(gp)
core   0: 3 0x8000113c (0x03818e83) x29 0x00000065 mem 0x80010633
core   0: 0x80001140 (0xfef18923) sb      a5, -14(gp)
core   0: 3 0x80001140 (0xfef18923) mem 0x800105ed 0xe8
core   0: 0x80001144 (0xff618903) lb      s2, -10(gp)
core   0: 3 0x80001144 (0xff618903) x18 0xffffffcc mem 0x800105f1
core   0: 0x80001148 (0x0000f317) auipc   t1, 0xf
core   0: 3 0x80001148 (0x0000f317) x 6 0x80010148
core   0: 0x8000114c (0x65d30313) addi    t1, t1, 1629
core   0: 3 0x8000114c (0x65d30313) x 6 0x800107a5
core   0: 0x80001150 (0x84f70f93) addi    t6, a4, -1969
core   0: 3 0x80001150 (0x84f70f93) x31 0x00009277
core   0: 0x80001154 (0x00330083) lb      ra, 3(t1)
core   0: 3 0x80001154 (0x00330083) x 1 0x00000057 mem 0x800107a8
core   0: 0x80001158 (0x02548cb3) mul     s9, s1, t0
core   0: 3 0x80001158 (0x02548cb3) x25 0x83f57fc9
core   0: 0x8000115c (0x4111d733) sra     a4, gp, a7
core   0: 3 0x8000115c (0x4111d733) x14 0x800105fb
core   0: 0x80001160 (0x00b303a3) sb      a1, 7(t1)
core   0: 3 0x80001160 (0x00b303a3) mem 0x800107ac 0x45
core   0: 0x80001164 (0x01e287b3) add     a5, t0, t5
core   0: 3 0x80001164 (0x01e287b3) x15 0x8007db4a
core   0: 0x80001168 (0x00ea86b3) add     a3, s5, a4
core   0: 3 0x80001168 (0x00ea86b3) x13 0x00021144
core   0: 0x8000116c (0x03f041b3) div     gp, zero, t6
core   0: 3 0x8000116c (0x03f041b3) x 3 0x00000000
core   0: 0x80001170 (0x02064b33) div     s6, a2, zero
core   0: 3 0x80001170 (0x02064b33) x22 0xffffffff
core   0: 0x80001174 (0xff335383) lhu     t2, -13(t1)
core   0: 3 0x80001174 (0xff335383) x 7 0x0000bc63 mem 0x80010798
core   0: 0x80001178 (0x00000013) nop
core   0: 3 0x80001178 (0x00000013)
core   0: 0x8000117c (0xff834683) lbu     a3, -8(t1)
core   0: 3 0x8000117c (0xff834683) x13 0x00000026 mem 0x8001079d
core   0: 0x80001180 (0x031e3fb3) mulhu   t6, t3, a7
core   0: 3 0x80001180 (0x031e3fb3) x31 0x00009dfb
core   0: 0x80001184 (0x01a3db13) srli    s6, t2, 26
core   0: 3 0x80001184 (0x01a3db13) x22 0x00000000
core   0: 0x80001188 (0x7635ef93) ori     t6, a1, 1891
core   0: 3 0x80001188 (0x7635ef93) x31 0x00000767
core   0: 0x8000118c (0x025b7b33) remu    s6, s6, t0
core   0: 3 0x8000118c (0x025b7b33) x22 0x00000000
core   0: 0x80001190 (0x00e30123) sb      a4, 2(t1)
core   0: 3 0x80001190 (0x00e30123) mem 0x800107a7 0xfb
core   0: 0x80001194 (0x402bd193) srai    gp, s7, 2
core   0: 3 0x80001194 (0x402bd193) x 3 0xed52451e
core   0: 0x80001198 (0xfea31ea3) sh      a0, -3(t1)
core   0: 3 0x80001198 (0xfea31ea3) mem 0x800107a2 0x0b4d
core   0: 0x8000119c (0x4079d713) srai    a4, s3, 7
core   0: 3 0x8000119c (0x4079d713) x14 0x00020004
core   0: 0x800011a0 (0x01030f83) lb      t6, 16(t1)
core   0: 3 0x800011a0 (0x01030f83) x31 0x00000010 mem 0x800107b5
core   0: 0x800011a4 (0x007303a3) sb      t2, 7(t1)
core   0: 3 0x800011a4 (0x007303a3) mem 0x800107ac 0x63
core   0: 0x800011a8 (0x03290833) mul     a6, s2, s2
core   0: 3 0x800011a8 (0x03290833) x16 0x00000a90
core   0: 0x800011ac (0x01e3bfb3) sltu    t6, t2, t5
core   0: 3 0x800011ac (0x01e3bfb3) x31 0x00000000
core   0: 0x800011b0 (0x00f8edb3) or      s11, a7, a5
core   0: 3 0x800011b0 (0x00f8edb3) x27 0x8007db4a
core   0: 0x800011b4 (0x015f9b33) sll     s6, t6, s5
core   0: 3 0x800011b4 (0x015f9b33) x22 0x00000000
core   0: 0x800011b8 (0xff130b03) lb      s6, -15(t1)
core   0: 3 0x800011b8 (0xff130b03) x22 0xffffffbe mem 0x80010796
core   0: 0x800011bc (0xed556613) ori     a2, a0, -299
core   0: 3 0x800011bc (0xed556613) x12 0xffffffdd
core   0: 0x800011c0 (0x00434b03) lbu     s6, 4(t1)
core   0: 3 0x800011c0 (0x00434b03) x22 0x000000ff mem 0x800107a9
core   0: 0x800011c4 (0x01a250b3) srl     ra, tp, s10
core   0: 3 0x800011c4 (0x01a250b3) x 1 0x00000000
core   0: 0x800011c8 (0x03b19ab3) mulh    s5, gp, s11
core   0: 3 0x800011c8 (0x03b19ab3) x21 0x09564ab0
core   0: 0x800011cc (0xff331383) lh      t2, -13(t1)
core   0: 3 0x800011cc (0xff331383) x 7 0xffffbc63 mem 0x80010798
core   0: 0x800011d0 (0x00ce9193) slli    gp, t4, 12
core   0: 3 0x800011d0 (0x00ce9193) x 3 0x00065000
core   0: 0x800011d4 (0xff631ba3) sh      s6, -9(t1)
core   0: 3 0x800011d4 (0xff631ba3) mem 0x8001079c 0x00ff
core   0: 0x800011d8 (0xffd31003) lh      zero, -3(t1)
core   0: 3 0x800011d8 (0xffd31003) mem 0x800107a2
core   0: 0x800011dc (0x00bab033) sltu    zero, s5, a1
core   0: 3 0x800011dc (0x00bab033)
core   0: 0x800011e0 (0x030b9f33) mulh    t5, s7, a6
core   0: 3 0x800011e0 (0x030b9f33) x30 0xfffffcea
core   0: 0x800011e4 (0x4104d513) srai    a0, s1, 16
core   0: 3 0x800011e4 (0x4104d513) x10 0x00000000
core   0: 0x800011e8 (0x00830723) sb      s0, 14(t1)
core   0: 3 0x800011e8 (0x00830723) mem 0x800107b3 0x2a
core   0: 0x800011ec (0xffb32583) lw      a1, -5(t1)
core   0: 3 0x800011ec (0xffb32583) x11 0x0b4db245 mem 0x800107a0
core   0: 0x800011f0 (0x0000fd97) auipc   s11, 0xf
core   0: 3 0x800011f0 (0x0000fd97) x27 0x800101f0
core   0: 0x800011f4 (0xef8d8d93) addi    s11, s11, -264
core   0: 3 0x800011f4 (0xef8d8d93) x27 0x800100e8
core   0: 0x800011f8 (0x4c9d8aa3) sb      s1, 1237(s11)
core   0: 3 0x800011f8 (0x4c9d8aa3) mem 0x800105bd 0x81
core   0: 0x800011fc (0x692d87a3) sb      s2, 1679(s11)
core   0: 3 0x800011fc (0x692d87a3) mem 0x80010777 0xcc
core   0: 0x80001200 (0x0205df33) divu    t5, a1, zero
core   0: 3 0x80001200 (0x0205df33) x30 0xffffffff
core   0: 0x80001204 (0x420d87a3) sb      zero, 1071(s11)
core   0: 3 0x80001204 (0x420d87a3) mem 0x80010517 0x0
core   0: 0x80001208 (0x00977533) and     a0, a4, s1
core   0: 3 0x80001208 (0x00977533) x10 0x00000000
core   0: 0x8000120c (0x0f8dc283) lbu     t0, 248(s11)
core   0: 3 0x8000120c (0x0f8dc283) x 5 0x00000073 mem 0x800101e0
core   0: 0x80001210 (0x192d86a3) sb      s2, 397(s11)
core   0: 3 0x80001210 (0x192d86a3) mem 0x80010275 0xcc
core   0: 0x80001214 (0x002ac333) xor     t1, s5, sp
core   0: 3 0x80001214 (0x002ac333) x 6 0x895414d4
core   0: 0x80001218 (0x6c9dc203) lbu     tp, 1737(s11)
core   0: 3 0x80001218 (0x6c9dc203) x 4 0x00000095 mem 0x800107b1
core   0: 0x8000121c (0x71ad9f83) lh      t6, 1818(s11)
core   0: 3 0x8000121c (0x71ad9f83) x31 0x0000035a mem 0x80010802
core   0: 0x80001220 (0x021a6233) rem     tp, s4, ra
core   0: 3 0x80001220 (0x021a6233) x 4 0x80029ce4
core   0: 0x80001224 (0x76bd8a83) lb      s5, 1899(s11)
core   0: 3 0x80001224 (0x76bd8a83) x21 0x00000060 mem 0x80010853
core   0: 0x80001228 (0xf7daa713) slti    a4, s5, -131
core   0: 3 0x80001228 (0xf7daa713) x14 0x00000000
core   0: 0x8000122c (0x6e5d8b23) sb      t0, 1782(s11)
core   0: 3 0x8000122c (0x6e5d8b23) mem 0x800107de 0x73
core   0: 0x80001230 (0x7f3d8c23) sb      s3, 2040(s11)
core   0: 3 0x80001230 (0x7f3d8c23) mem 0x800108e0 0xb
core   0: 0x80001234 (0x000dd183) lhu     gp, 0(s11)
core   0: 3 0x80001234 (0x000dd183) x 3 0x0000a7b3 mem 0x800100e8
core   0: 0x80001238 (0x2df10513) addi    a0, sp, 735
core   0: 3 0x80001238 (0x2df10513) x10 0x80026143
core   0: 0x8000123c (0xefe0f493) andi    s1, ra, -258
core   0: 3 0x8000123c (0xefe0f493) x 9 0x00000000
core   0: 0x80001240 (0x0022c3b3) xor     t2, t0, sp
core   0: 3 0x80001240 (0x0022c3b3) x 7 0x80025e17
core   0: 0x80001244 (0x299dc503) lbu     a0, 665(s11)
core   0: 3 0x80001244 (0x299dc503) x10 0x0000004e mem 0x80010381
core   0: 0x80001248 (0x0a3dc383) lbu     t2, 163(s11)
core   0: 3 0x80001248 (0x0a3dc383) x 7 0x000000c5 mem 0x8001018b
core   0: 0x8000124c (0x016a0f33) add     t5, s4, s6
core   0: 3 0x8000124c (0x016a0f33) x30 0x80029de3
core   0: 0x80001250 (0x00000013) nop
core   0: 3 0x80001250 (0x00000013)
core   0: 0x80001254 (0x95ff7f13) andi    t5, t5, -1697
core   0: 3 0x80001254 (0x95ff7f13) x30 0x80029943
core   0: 0x80001258 (0x29bd8203) lb      tp, 667(s11)
core   0: 3 0x80001258 (0x29bd8203) x 4 0x00000040 mem 0x80010383
core   0: 0x8000125c (0x01fb27b3) slt     a5, s6, t6
core   0: 3 0x8000125c (0x01fb27b3) x15 0x00000001
core   0: 0x80001260 (0x38ed8003) lb      zero, 910(s11)
core   0: 3 0x80001260 (0x38ed8003) mem 0x80010476
core   0: 0x80001264 (0x1e5d81a3) sb      t0, 483(s11)
core   0: 3 0x80001264 (0x1e5d81a3) mem 0x800102cb 0x73
core   0: 0x80001268 (0xcd1c9f97) auipc   t6, 0xcd1c9
core   0: 3 0x80001268 (0xcd1c9f97) x31 0x4d1ca268
core   0: 0x8000126c (0x318d9623) sh      s8, 780(s11)
core   0: 3 0x8000126c (0x318d9623) mem 0x800103f4 0x9160
core   0: 0x80001270 (0x025bed33) rem     s10, s7, t0
core   0: 3 0x80001270 (0x025bed33) x26 0xffffff97
core   0: 0x80001274 (0x6badde03) lhu     t3, 1722(s11)
core   0: 3 0x80001274 (0x6badde03) x28 0x00000b4d mem 0x800107a2
core   0: 0x80001278 (0xa747a3b7) lui     t2, 0xa747a
core   0: 3 0x80001278 (0xa747a3b7) x 7 0xa747a000
core   0: 0x8000127c (0x40085713) srai    a4, a6, 0
core   0: 3 0x8000127c (0x40085713) x14 0x00000a90
core   0: 0x80001280 (0x03db6eb3) rem     t4, s6, t4
core   0: 3 0x80001280 (0x03db6eb3) x29 0x00000035
core   0: 0x80001284 (0x58ad9883) lh      a7, 1418(s11)
core   0: 3 0x80001284 (0x58ad9883) x17 0x00003d36 mem 0x80010672
core   0: 0x80001288 (0x361da023) sw      ra, 864(s11)
core   0: 3 0x80001288 (0x361da023) mem 0x80010448 0x00000000
core   0: 0x8000128c (0x2d0d8a83) lb      s5, 720(s11)
core   0: 3 0x8000128c (0x2d0d8a83) x21 0x0000002a mem 0x800103b8
core   0: 0x80001290 (0x031ce593) ori     a1, s9, 49
core   0: 3 0x80001290 (0x031ce593) x11 0x83f57ff9
core   0: 0x80001294 (0x037f75b3) remu    a1, t5, s7
core   0: 3 0x80001294 (0x037f75b3) x11 0x80029943
core   0: 0x80001298 (0x03080633) mul     a2, a6, a6
core   0: 3 0x80001298 (0x03080633) x12 0x006f9100
core   0: 0x8000129c (0x188ddb03) lhu     s6, 392(s11)
core   0: 3 0x8000129c (0x188ddb03) x22 0x0000995e mem 0x80010270
core   0: 0x800012a0 (0x019c5593) srli    a1, s8, 25
core   0: 3 0x800012a0 (0x019c5593) x11 0x0000007f
core   0: 0x800012a4 (0x4edd8003) lb      zero, 1261(s11)
core   0: 3 0x800012a4 (0x4edd8003) mem 0x800105d5
core   0: 0x800012a8 (0xd7cf6513) ori     a0, t5, -644
core   0: 3 0x800012a8 (0xd7cf6513) x10 0xfffffd7f
core   0: 0x800012ac (0x58bdca83) lbu     s5, 1419(s11)
core   0: 3 0x800012ac (0x58bdca83) x21 0x0000003d mem 0x80010673
core   0: 0x800012b0 (0x0000f197) auipc   gp, 0xf
core   0: 3 0x800012b0 (0x0000f197) x 3 0x800102b0
core   0: 0x800012b4 (0x27318193) addi    gp, gp, 627
core   0: 3 0x800012b4 (0x27318193) x 3 0x80010523
core   0: 0x800012b8 (0x03718c23) sb      s7, 56(gp)
core   0: 3 0x800012b8 (0x03718c23) mem 0x8001055b 0x7a
core   0: 0x800012bc (0x02e18c03) lb      s8, 46(gp)
core   0: 3 0x800012bc (0x02e18c03) x24 0x00000007 mem 0x80010551
core   0: 0x800012c0 (0x02318383) lb      t2, 35(gp)
core   0: 3 0x800012c0 (0x02318383) x 7 0xffffffc0 mem 0x80010546
core   0: 0x800012c4 (0x01018483) lb      s1, 16(gp)
core   0: 3 0x800012c4 (0x01018483) x 9 0xffffffe2 mem 0x80010533
core   0: 0x800012c8 (0x010a8333) add     t1, s5, a6
core   0: 3 0x800012c8 (0x010a8333) x 6 0x00000acd
core   0: 0x800012cc (0xae3a4793) xori    a5, s4, -1309
core   0: 3 0x800012cc (0xae3a4793) x15 0x7ffd6607
core   0: 0x800012d0 (0x007baeb3) slt     t4, s7, t2
core   0: 3 0x800012d0 (0x007baeb3) x29 0x00000001
core   0: 0x800012d4 (0xc0107d97) auipc   s11, 0xc0107
core   0: 3 0x800012d4 (0xc0107d97) x27 0x401082d4
core   0: 0x800012d8 (0x02a1c203) lbu     tp, 42(gp)
core   0: 3 0x800012d8 (0x02a1c203) x 4 0x000000d6 mem 0x8001054d
core   0: 0x800012dc (0xfc119aa3) sh      ra, -43(gp)
core   0: 3 0x800012dc (0xfc119aa3) mem 0x800104f8 0x0000
core   0: 0x800012e0 (0xfc718f03) lb      t5, -57(gp)
core   0: 3 0x800012e0 (0xfc718f03) x30 0x0000001f mem 0x800104ea
core   0: 0x800012e4 (0x40f80b33) sub     s6, a6, a5
core   0: 3 0x800012e4 (0x40f80b33) x22 0x8002a489
core   0: 0x800012e8 (0xff1f8493) addi    s1, t6, -15
core   0: 3 0x800012e8 (0xff1f8493) x 9 0x4d1ca259
core   0: 0x800012ec (0xfc818b03) lb      s6, -56(gp)
core   0: 3 0x800012ec (0xfc818b03) x22 0xffffffd8 mem 0x800104eb
core   0: 0x800012f0 (0x032c7b33) remu    s6, s8, s2
core   0: 3 0x800012f0 (0x032c7b33) x22 0x00000007
core   0: 0x800012f4 (0x04418023) sb      tp, 64(gp)
core   0: 3 0x800012f4 (0x04418023) mem 0x80010563 0xd6
core   0: 0x800012f8 (0xdf2cb313) sltiu   t1, s9, -526
core   0: 3 0x800012f8 (0xdf2cb313) x 6 0x00000001
core   0: 0x800012fc (0x0155beb3) sltu    t4, a1, s5
core   0: 3 0x800012fc (0x0155beb3) x29 0x00000000
core   0: 0x80001300 (0xfd818023) sb      s8, -64(gp)
core   0: 3 0x80001300 (0xfd818023) mem 0x800104e3 0x7
core   0: 0x80001304 (0x016960b3) or      ra, s2, s6
core   0: 3 0x80001304 (0x016960b3) x 1 0xffffffcf
core   0: 0x80001308 (0xfc418923) sb      tp, -46(gp)
core   0: 3 0x80001308 (0xfc418923) mem 0x800104f5 0xd6
core   0: 0x8000130c (0x00318123) sb      gp, 2(gp)
core   0: 3 0x8000130c (0x00318123) mem 0x80010525 0x23
core   0: 0x80001310 (0x4ffefb13) andi    s6, t4, 1279
core   0: 3 0x80001310 (0x4ffefb13) x22 0x00000000
core   0: 0x80001314 (0x36803213) sltiu   tp, zero, 872
core   0: 3 0x80001314 (0x36803213) x 4 0x00000001
core   0: 0x80001318 (0x00c8bd33) sltu    s10, a7, a2
core   0: 3 0x80001318 (0x00c8bd33) x26 0x00000001
core   0: 0x8000131c (0x01318a23) sb      s3, 20(gp)
core   0: 3 0x8000131c (0x01318a23) mem 0x80010537 0xb
core   0: 0x80001320 (0x002edfb3) srl     t6, t4, sp
core   0: 3 0x80001320 (0x002edfb3) x31 0x00000000
core   0: 0x80001324 (0xfd318383) lb      t2, -45(gp)
core   0: 3 0x80001324 (0xfd318383) x 7 0x00000044 mem 0x800104f6
core   0: 0x80001328 (0x00d18003) lb      zero, 13(gp)
core   0: 3 0x80001328 (0x00d18003) mem 0x80010530
core   0: 0x8000132c (0x0069f933) and     s2, s3, t1
core   0: 3 0x8000132c (0x0069f933) x18 0x00000001
core   0: 0x80001330 (0x0188b8b3) sltu    a7, a7, s8
core   0: 3 0x80001330 (0x0188b8b3) x17 0x00000000
core   0: 0x80001334 (0x03818283) lb      t0, 56(gp)
core   0: 3 0x80001334 (0x03818283) x 5 0x0000007a mem 0x8001055b
core   0: 0x80001338 (0x0241c903) lbu     s2, 36(gp)
core   0: 3 0x80001338 (0x0241c903) x18 0x00000004 mem 0x80010547
core   0: 0x8000133c (0xfcd19b03) lh      s6, -51(gp)
core   0: 3 0x8000133c (0xfcd19b03) x22 0xffffd145 mem 0x800104f0
core   0: 0x80001340 (0x00f18203) lb      tp, 15(gp)
core   0: 3 0x80001340 (0x00f18203) x 4 0x00000031 mem 0x80010532
core   0: 0x80001344 (0xfcd1cc03) lbu     s8, -51(gp)
core   0: 3 0x80001344 (0xfcd1cc03) x24 0x00000045 mem 0x800104f0
core   0: 0x80001348 (0x01e18c03) lb      s8, 30(gp)
core   0: 3 0x80001348 (0x01e18c03) x24 0x00000071 mem 0x80010541
core   0: 0x8000134c (0xfd519e83) lh      t4, -43(gp)
core   0: 3 0x8000134c (0xfd519e83) x29 0x00000000 mem 0x800104f8
core   0: 0x80001350 (0xfe719d03) lh      s10, -25(gp)
core   0: 3 0x80001350 (0xfe719d03) x26 0xffffd3e1 mem 0x8001050a
core   0: 0x80001354 (0xfc518b23) sb      t0, -42(gp)
core   0: 3 0x80001354 (0xfc518b23) mem 0x800104f9 0x7a
core   0: 0x80001358 (0xfe119ba3) sh      ra, -9(gp)
core   0: 3 0x80001358 (0xfe119ba3) mem 0x8001051a 0xffcf
core   0: 0x8000135c (0x03823233) mulhu   tp, tp, s8
core   0: 3 0x8000135c (0x03823233) x 4 0x00000000
core   0: 0x80001360 (0xfc21c003) lbu     zero, -62(gp)
core   0: 3 0x80001360 (0xfc21c003) mem 0x800104e5
core   0: 0x80001364 (0x0001ec97) auipc   s9, 0x1e
core   0: 3 0x80001364 (0x0001ec97) x25 0x8001f364
core   0: 0x80001368 (0x764c8c93) addi    s9, s9, 1892
core   0: 3 0x80001368 (0x764c8c93) x25 0x8001fac8
core   0: 0x8000136c (0x092c8783) lb      a5, 146(s9)
core   0: 3 0x8000136c (0x092c8783) x15 0xfffffff2 mem 0x8001fb5a
core   0: 0x80001370 (0x0e7cce03) lbu     t3, 231(s9)
core   0: 3 0x80001370 (0x0e7cce03) x28 0x0000003a mem 0x8001fbaf
core   0: 0x80001374 (0x072f6693) ori     a3, t5, 114
core   0: 3 0x80001374 (0x072f6693) x13 0x0000007f
core   0: 0x80001378 (0x09cc86a3) sb      t3, 141(s9)
core   0: 3 0x80001378 (0x09cc86a3) mem 0x8001fb55 0x3a
core   0: 0x8000137c (0xff9cce03) lbu     t3, -7(s9)
core   0: 3 0x8000137c (0xff9cce03) x28 0x0000004a mem 0x8001fac1
core   0: 0x80001380 (0x00019b13) slli    s6, gp, 0
core   0: 3 0x80001380 (0x00019b13) x22 0x80010523
core   0: 0x80001384 (0x062cd283) lhu     t0, 98(s9)
core   0: 3 0x80001384 (0x062cd283) x 5 0x00006de2 mem 0x8001fb2a
core   0: 0x80001388 (0xf61c8723) sb      ra, -146(s9)
core   0: 3 0x80001388 (0xf61c8723) mem 0x8001fa36 0xcf
core   0: 0x8000138c (0xf46cca83) lbu     s5, -186(s9)
core   0: 3 0x8000138c (0xf46cca83) x21 0x000000d2 mem 0x8001fa0e
core   0: 0x80001390 (0x008c9903) lh      s2, 8(s9)
core   0: 3 0x80001390 (0x008c9903) x18 0x00001629 mem 0x8001fad0
core   0: 0x80001394 (0xfa5ccc03) lbu     s8, -91(s9)
core   0: 3 0x80001394 (0xfa5ccc03) x24 0x0000009d mem 0x8001fa6d
core   0: 0x80001398 (0x054c9323) sh      s4, 70(s9)
core   0: 3 0x80001398 (0x054c9323) mem 0x8001fb0e 0x9ce4
core   0: 0x8000139c (0x00000013) nop
core   0: 3 0x8000139c (0x00000013)
core   0: 0x800013a0 (0x40415533) sra     a0, sp, tp
core   0: 3 0x800013a0 (0x40415533) x10 0x80025e64
core   0: 0x800013a4 (0x892ef017) auipc   zero, 0x892ef
core   0: 3 0x800013a4 (0x892ef017)
core   0: 0x800013a8 (0xf1e22393) slti    t2, tp, -226
core   0: 3 0x800013a8 (0xf1e22393) x 7 0x00000000
core   0: 0x800013ac (0xff3ffe93) andi    t4, t6, -13
core   0: 3 0x800013ac (0xff3ffe93) x29 0x00000000
core   0: 0x800013b0 (0x047c8e23) sb      t2, 92(s9)
core   0: 3 0x800013b0 (0x047c8e23) mem 0x8001fb24 0x0
core   0: 0x800013b4 (0x07ccd003) lhu     zero, 124(s9)
core   0: 3 0x800013b4 (0x07ccd003) mem 0x8001fb44
core   0: 0x800013b8 (0x419b0f33) sub     t5, s6, s9
core   0: 3 0x800013b8 (0x419b0f33) x30 0xffff0a5b
core   0: 0x800013bc (0xf45cc783) lbu     a5, -187(s9)
core   0: 3 0x800013bc (0xf45cc783) x15 0x0000000e mem 0x8001fa0d
core   0: 0x800013c0 (0xea16ed13) ori     s10, a3, -351
core   0: 3 0x800013c0 (0xea16ed13) x26 0xfffffeff
core   0: 0x800013c4 (0x0b9cc903) lbu     s2, 185(s9)
core   0: 3 0x800013c4 (0x0b9cc903) x18 0x000000bf mem 0x8001fb81
core   0: 0x800013c8 (0x0135e9b3) or      s3, a1, s3
core   0: 3 0x800013c8 (0x0135e9b3) x19 0x0100027f
core   0: 0x800013cc (0xf44c88a3) sb      tp, -175(s9)
core   0: 3 0x800013cc (0xf44c88a3) mem 0x8001fa19 0x0
core   0: 0x800013d0 (0x03f582b3) mul     t0, a1, t6
core   0: 3 0x800013d0 (0x03f582b3) x 5 0x00000000
core   0: 0x800013d4 (0x0adc8603) lb      a2, 173(s9)
core   0: 3 0x800013d4 (0x0adc8603) x12 0x0000003c mem 0x8001fb75
core   0: 0x800013d8 (0x022c8083) lb      ra, 34(s9)
core   0: 3 0x800013d8 (0x022c8083) x 1 0xffffff94 mem 0x8001faea
core   0: 0x800013dc (0x0129f5b3) and     a1, s3, s2
core   0: 3 0x800013dc (0x0129f5b3) x11 0x0000003f
core   0: 0x800013e0 (0x01c19733) sll     a4, gp, t3
core   0: 3 0x800013e0 (0x01c19733) x14 0x04148c00
core   0: 0x800013e4 (0x024f7733) remu    a4, t5, tp
core   0: 3 0x800013e4 (0x024f7733) x14 0xffff0a5b
core   0: 0x800013e8 (0xf3cc81a3) sb      t3, -221(s9)
core   0: 3 0x800013e8 (0xf3cc81a3) mem 0x8001f9eb 0x4a
core   0: 0x800013ec (0x0f0cda83) lhu     s5, 240(s9)
core   0: 3 0x800013ec (0x0f0cda83) x21 0x0000547d mem 0x8001fbb8
core   0: 0x800013f0 (0x9b0f8c13) addi    s8, t6, -1616
core   0: 3 0x800013f0 (0x9b0f8c13) x24 0xfffff9b0
core   0: 0x800013f4 (0x01cc8fa3) sb      t3, 31(s9)
core   0: 3 0x800013f4 (0x01cc8fa3) mem 0x8001fae7 0x4a
core   0: 0x800013f8 (0xf3dcc683) lbu     a3, -195(s9)
core   0: 3 0x800013f8 (0xf3dcc683) x13 0x000000b9 mem 0x8001fa05
core   0: 0x800013fc (0xf1cc9923) sh      t3, -238(s9)
core   0: 3 0x800013fc (0xf1cc9923) mem 0x8001f9da 0x004a
core   0: 0x80001400 (0x41bb7897) auipc   a7, 0x41bb7
core   0: 3 0x80001400 (0x41bb7897) x17 0xc1bb8400
core   0: 0x80001404 (0xf39c8a83) lb      s5, -199(s9)
core   0: 3 0x80001404 (0xf39c8a83) x21 0xffffffb8 mem 0x8001fa01
core   0: 0x80001408 (0x8ffe3193) sltiu   gp, t3, -1793
core   0: 3 0x80001408 (0x8ffe3193) x 3 0x00000001
core   0: 0x8000140c (0x0269e233) rem     tp, s3, t1
core   0: 3 0x8000140c (0x0269e233) x 4 0x00000000
core   0: 0x80001410 (0x00000013) nop
core   0: 3 0x80001410 (0x00000013)
core   0: 0x80001414 (0x00ac8583) lb      a1, 10(s9)
core   0: 3 0x80001414 (0x00ac8583) x11 0xffffffc1 mem 0x8001fad2
core   0: 0x80001418 (0xf25cc703) lbu     a4, -219(s9)
core   0: 3 0x80001418 (0xf25cc703) x14 0x000000bd mem 0x8001f9ed
core   0: 0x8000141c (0xf96c9603) lh      a2, -106(s9)
core   0: 3 0x8000141c (0xf96c9603) x12 0xffffa564 mem 0x8001fa5e
core   0: 0x80001420 (0x00010317) auipc   t1, 0x10
core   0: 3 0x80001420 (0x00010317) x 6 0x80011420
core   0: 0x80001424 (0xbc230313) addi    t1, t1, -1086
core   0: 3 0x80001424 (0xbc230313) x 6 0x80010fe2
core   0: 0x80001428 (0x00e1e533) or      a0, gp, a4
core   0: 3 0x80001428 (0x00e1e533) x10 0x000000bd
core   0: 0x8000142c (0x01ec31b3) sltu    gp, s8, t5
core   0: 3 0x8000142c (0x01ec31b3) x 3 0x00000000
core   0: 0x80001430 (0xfff34503) lbu     a0, -1(t1)
core   0: 3 0x80001430 (0xfff34503) x10 0x00000001 mem 0x80010fe1
core   0: 0x80001434 (0x03530d03) lb      s10, 53(t1)
core   0: 3 0x80001434 (0x03530d03) x26 0xffffffc6 mem 0x80011017
core   0: 0x80001438 (0xff130383) lb      t2, -15(t1)
core   0: 3 0x80001438 (0xff130383) x 7 0x00000031 mem 0x80010fd3
core   0: 0x8000143c (0x837814b7) lui     s1, 0x83781
core   0: 3 0x8000143c (0x837814b7) x 9 0x83781000
core   0: 0x80001440 (0xfda32f03) lw      t5, -38(t1)
core   0: 3 0x80001440 (0xfda32f03) x30 0x7215fb71 mem 0x80010fbc
core   0: 0x80001444 (0x02a34803) lbu     a6, 42(t1)
core   0: 3 0x80001444 (0x02a34803) x16 0x0000005a mem 0x8001100c
core   0: 0x80001448 (0x41eef993) andi    s3, t4, 1054
core   0: 3 0x80001448 (0x41eef993) x19 0x00000000
core   0: 0x8000144c (0xfd930223) sb      s9, -60(t1)
core   0: 3 0x8000144c (0xfd930223) mem 0x80010fa6 0xc8
core   0: 0x80001450 (0x03431823) sh      s4, 48(t1)
core   0: 3 0x80001450 (0x03431823) mem 0x80011012 0x9ce4
core   0: 0x80001454 (0x03b34e83) lbu     t4, 59(t1)
core   0: 3 0x80001454 (0x03b34e83) x29 0x000000fc mem 0x8001101d
core   0: 0x80001458 (0xff9305a3) sb      s9, -21(t1)
core   0: 3 0x80001458 (0xff9305a3) mem 0x80010fcd 0xc8
core   0: 0x8000145c (0x01d925b3) slt     a1, s2, t4
core   0: 3 0x8000145c (0x01d925b3) x11 0x00000001
core   0: 0x80001460 (0x016308a3) sb      s6, 17(t1)
core   0: 3 0x80001460 (0x016308a3) mem 0x80010ff3 0x23
core   0: 0x80001464 (0xfd1f3fb7) lui     t6, 0xfd1f3
core   0: 3 0x80001464 (0xfd1f3fb7) x31 0xfd1f3000
core   0: 0x80001468 (0x008287b3) add     a5, t0, s0
core   0: 3 0x80001468 (0x008287b3) x15 0x0000002a
core   0: 0x8000146c (0x03f003b3) mul     t2, zero, t6
core   0: 3 0x8000146c (0x03f003b3) x 7 0x00000000
core   0: 0x80001470 (0xfef305a3) sb      a5, -21(t1)
core   0: 3 0x80001470 (0xfef305a3) mem 0x80010fcd 0x2a
core   0: 0x80001474 (0xfd930b03) lb      s6, -39(t1)
core   0: 3 0x80001474 (0xfd930b03) x22 0x00000032 mem 0x80010fbb
core   0: 0x80001478 (0x7fa8a793) slti    a5, a7, 2042
core   0: 3 0x80001478 (0x7fa8a793) x15 0x00000001
core   0: 0x8000147c (0x03249e33) mulh    t3, s1, s2
core   0: 3 0x8000147c (0x03249e33) x28 0xffffffa3
core   0: 0x80001480 (0xfdd30483) lb      s1, -35(t1)
core   0: 3 0x80001480 (0xfdd30483) x 9 0x00000072 mem 0x80010fbf
core   0: 0x80001484 (0xfe835183) lhu     gp, -24(t1)
core   0: 3 0x80001484 (0xfe835183) x 3 0x00009bbc mem 0x80010fca
core   0: 0x80001488 (0x41465993) srai    s3, a2, 20
core   0: 3 0x80001488 (0x41465993) x19 0xffffffff
core   0: 0x8000148c (0x032eaab3) mulhsu  s5, t4, s2
core   0: 3 0x8000148c (0x032eaab3) x21 0x00000000
core   0: 0x80001490 (0x00000013) nop
core   0: 3 0x80001490 (0x00000013)
core   0: 0x80001494 (0x03d34e83) lbu     t4, 61(t1)
core   0: 3 0x80001494 (0x03d34e83) x29 0x000000fd mem 0x8001101f
core   0: 0x80001498 (0xfd531523) sh      s5, -54(t1)
core   0: 3 0x80001498 (0xfd531523) mem 0x80010fac 0x0000
core   0: 0x8000149c (0x9951c213) xori    tp, gp, -1643
core   0: 3 0x8000149c (0x9951c213) x 4 0xffff6229
core   0: 0x800014a0 (0x00e30023) sb      a4, 0(t1)
core   0: 3 0x800014a0 (0x00e30023) mem 0x80010fe2 0xbd
core   0: 0x800014a4 (0x037410b3) mulh    ra, s0, s7
core   0: 3 0x800014a4 (0x037410b3) x 1 0xfffffff3
core   0: 0x800014a8 (0x00431703) lh      a4, 4(t1)
core   0: 3 0x800014a8 (0x00431703) x14 0xffffacb9 mem 0x80010fe6
core   0: 0x800014ac (0xfe130da3) sb      ra, -5(t1)
core   0: 3 0x800014ac (0xfe130da3) mem 0x80010fdd 0xf3
core   0: 0x800014b0 (0x005981b3) add     gp, s3, t0
core   0: 3 0x800014b0 (0x005981b3) x 3 0xffffffff
core   0: 0x800014b4 (0xfc8307a3) sb      s0, -49(t1)
core   0: 3 0x800014b4 (0xfc8307a3) mem 0x80010fb1 0x2a
core   0: 0x800014b8 (0xfeb34e03) lbu     t3, -21(t1)
core   0: 3 0x800014b8 (0xfeb34e03) x28 0x0000002a mem 0x80010fcd
core   0: 0x800014bc (0xade33c93) sltiu   s9, t1, -1314
core   0: 3 0x800014bc (0xade33c93) x25 0x00000001
core   0: 0x800014c0 (0xfdc35b03) lhu     s6, -36(t1)
core   0: 3 0x800014c0 (0xfdc35b03) x22 0x00007215 mem 0x80010fbe
core   0: 0x800014c4 (0x00435583) lhu     a1, 4(t1)
core   0: 3 0x800014c4 (0x00435583) x11 0x0000acb9 mem 0x80010fe6
core   0: 0x800014c8 (0xff530e83) lb      t4, -11(t1)
core   0: 3 0x800014c8 (0xff530e83) x29 0xffffffa6 mem 0x80010fd7
core   0: 0x800014cc (0xffa32f23) sw      s10, -2(t1)
core   0: 3 0x800014cc (0xffa32f23) mem 0x80010fe0 0xffffffc6
core   0: 0x800014d0 (0x00016e97) auipc   t4, 0x16
core   0: 3 0x800014d0 (0x00016e97) x29 0x800174d0
core   0: 0x800014d4 (0x25ce8e93) addi    t4, t4, 604
core   0: 3 0x800014d4 (0x25ce8e93) x29 0x8001772c
core   0: 0x800014d8 (0x316edd83) lhu     s11, 790(t4)
core   0: 3 0x800014d8 (0x316edd83) x27 0x0000ebed mem 0x80017a42
core   0: 0x800014dc (0x7bfec783) lbu     a5, 1983(t4)
core   0: 3 0x800014dc (0x7bfec783) x15 0x00000054 mem 0x80017eeb
core   0: 0x800014e0 (0x012f5513) srli    a0, t5, 18
core   0: 3 0x800014e0 (0x012f5513) x10 0x00001c85
core   0: 0x800014e4 (0x0101d8b3) srl     a7, gp, a6
core   0: 3 0x800014e4 (0x0101d8b3) x17 0x0000003f
core   0: 0x800014e8 (0x0ebecf03) lbu     t5, 235(t4)
core   0: 3 0x800014e8 (0x0ebecf03) x30 0x00000053 mem 0x80017817
core   0: 0x800014ec (0x021c9fb3) mulh    t6, s9, ra
core   0: 3 0x800014ec (0x021c9fb3) x31 0xffffffff
core   0: 0x800014f0 (0x658e89a3) sb      s8, 1619(t4)
core   0: 3 0x800014f0 (0x658e89a3) mem 0x80017d7f 0xb0
core   0: 0x800014f4 (0xf55ec903) lbu     s2, -171(t4)
core   0: 3 0x800014f4 (0xf55ec903) x18 0x00000052 mem 0x80017681
core   0: 0x800014f8 (0x15103b13) sltiu   s6, zero, 337
core   0: 3 0x800014f8 (0x15103b13) x22 0x00000001
core   0: 0x800014fc (0x0070e033) or      zero, ra, t2
core   0: 3 0x800014fc (0x0070e033)
core   0: 0x80001500 (0x052e9b23) sh      s2, 86(t4)
core   0: 3 0x80001500 (0x052e9b23) mem 0x80017782 0x0052
core   0: 0x80001504 (0xa5338813) addi    a6, t2, -1453
core   0: 3 0x80001504 (0xa5338813) x16 0xfffffa53
core   0: 0x80001508 (0x0249e733) rem     a4, s3, tp
core   0: 3 0x80001508 (0x0249e733) x14 0xffffffff
core   0: 0x8000150c (0xc48e82a3) sb      s0, -955(t4)
core   0: 3 0x8000150c (0xc48e82a3) mem 0x80017371 0x2a
core   0: 0x80001510 (0x01d8ffb3) and     t6, a7, t4
core   0: 3 0x80001510 (0x01d8ffb3) x31 0x0000002c
core   0: 0x80001514 (0xce7e9123) sh      t2, -798(t4)
core   0: 3 0x80001514 (0xce7e9123) mem 0x8001740e 0x0000
core   0: 0x80001518 (0x419ec303) lbu     t1, 1049(t4)
core   0: 3 0x80001518 (0x419ec303) x 6 0x00000074 mem 0x80017b45
core   0: 0x8000151c (0xdc3e8c83) lb      s9, -573(t4)
core   0: 3 0x8000151c (0xdc3e8c83) x25 0x00000029 mem 0x800174ef
core   0: 0x80001520 (0x996ce213) ori     tp, s9, -1642
core   0: 3 0x80001520 (0x996ce213) x 4 0xfffff9bf
core   0: 0x80001524 (0x98cec703) lbu     a4, -1652(t4)
core   0: 3 0x80001524 (0x98cec703) x14 0x0000004e mem 0x800170b8
core   0: 0x80001528 (0x99ee9523) sh      t5, -1654(t4)
core   0: 3 0x80001528 (0x99ee9523) mem 0x800170b6 0x0053
core   0: 0x8000152c (0xc2fe8803) lb      a6, -977(t4)
core   0: 3 0x8000152c (0xc2fe8803) x16 0x0000007c mem 0x8001735b
core   0: 0x80001530 (0xd55eaa23) sw      s5, -684(t4)
core   0: 3 0x80001530 (0xd55eaa23) mem 0x80017480 0x00000000
core   0: 0x80001534 (0xf44e9603) lh      a2, -188(t4)
core   0: 3 0x80001534 (0xf44e9603) x12 0x00002f64 mem 0x80017670
core   0: 0x80001538 (0x61bec783) lbu     a5, 1563(t4)
core   0: 3 0x80001538 (0x61bec783) x15 0x00000082 mem 0x80017d47
core   0: 0x8000153c (0x414e0b33) sub     s6, t3, s4
core   0: 3 0x8000153c (0x414e0b33) x22 0x7ffd6346
core   0: 0x80001540 (0x013919b3) sll     s3, s2, s3
core   0: 3 0x80001540 (0x013919b3) x19 0x00000000
core   0: 0x80001544 (0x014995b3) sll     a1, s3, s4
core   0: 3 0x80001544 (0x014995b3) x11 0x00000000
core   0: 0x80001548 (0xeebece03) lbu     t3, -277(t4)
core   0: 3 0x80001548 (0xeebece03) x28 0x0000007c mem 0x80017617
core   0: 0x8000154c (0xa71e9723) sh      a7, -1426(t4)
core   0: 3 0x8000154c (0xa71e9723) mem 0x8001719a 0x003f
core   0: 0x80001550 (0xb13e9823) sh      s3, -1264(t4)
core   0: 3 0x80001550 (0xb13e9823) mem 0x8001723c 0x0000
core   0: 0x80001554 (0x45de86a3) sb      t4, 1101(t4)
core   0: 3 0x80001554 (0x45de86a3) mem 0x80017b79 0x2c
core   0: 0x80001558 (0x0000fd17) auipc   s10, 0xf
core   0: 3 0x80001558 (0x0000fd17) x26 0x80010558
core   0: 0x8000155c (0x247d0d13) addi    s10, s10, 583
core   0: 3 0x8000155c (0x247d0d13) x26 0x8001079f
core   0: 0x80001560 (0x00b57b33) and     s6, a0, a1
core   0: 3 0x80001560 (0x00b57b33) x22 0x00000000
core   0: 0x80001564 (0x0240a6b3) mulhsu  a3, ra, tp
core   0: 3 0x80001564 (0x0240a6b3) x13 0xfffffff3
core   0: 0x80001568 (0x06bd1283) lh      t0, 107(s10)
core   0: 3 0x80001568 (0x06bd1283) x 5 0xffffffff mem 0x8001080a
core   0: 0x8000156c (0x021bc833) div     a6, s7, ra
core   0: 3 0x8000156c (0x021bc833) x16 0x05bf4d31
core   0: 0x80001570 (0x0d9d16a3) sh      s9, 205(s10)
core   0: 3 0x80001570 (0x0d9d16a3) mem 0x8001086c 0x0029
core   0: 0x80001574 (0x020d4283) lbu     t0, 32(s10)
core   0: 3 0x80001574 (0x020d4283) x 5 0x00000036 mem 0x800107bf
core   0: 0x80001578 (0x41955333) sra     t1, a0, s9
core   0: 3 0x80001578 (0x41955333) x 6 0x0000000e
core   0: 0x8000157c (0x08fd0e03) lb      t3, 143(s10)
core   0: 3 0x8000157c (0x08fd0e03) x28 0xffffff9a mem 0x8001082e
core   0: 0x80001580 (0xf35d2a83) lw      s5, -203(s10)
core   0: 3 0x80001580 (0xf35d2a83) x21 0x9ab0d320 mem 0x800106d4
core   0: 0x80001584 (0x00b6cf33) xor     t5, a3, a1
core   0: 3 0x80001584 (0x00b6cf33) x30 0xfffffff3
core   0: 0x80001588 (0xf42d0b03) lb      s6, -190(s10)
core   0: 3 0x80001588 (0xf42d0b03) x22 0x0000001a mem 0x800106e1
core   0: 0x8000158c (0xf19d2283) lw      t0, -231(s10)
core   0: 3 0x8000158c (0xf19d2283) x 5 0x78618471 mem 0x800106b8
core   0: 0x80001590 (0x346f0d93) addi    s11, t5, 838
core   0: 3 0x80001590 (0x346f0d93) x27 0x00000339
core   0: 0x80001594 (0xf6ed4203) lbu     tp, -146(s10)
core   0: 3 0x80001594 (0xf6ed4203) x 4 0x00000006 mem 0x8001070d
core   0: 0x80001598 (0x00000013) nop
core   0: 3 0x80001598 (0x00000013)
core   0: 0x8000159c (0x035d0f03) lb      t5, 53(s10)
core   0: 3 0x8000159c (0x035d0f03) x30 0xffffffbb mem 0x800107d4
core   0: 0x800015a0 (0x01bea933) slt     s2, t4, s11
core   0: 3 0x800015a0 (0x01bea933) x18 0x00000001
core   0: 0x800015a4 (0x04dd5983) lhu     s3, 77(s10)
core   0: 3 0x800015a4 (0x04dd5983) x19 0x00009f5a mem 0x800107ec
core   0: 0x800015a8 (0x03df29b3) mulhsu  s3, t5, t4
core   0: 3 0x800015a8 (0x03df29b3) x19 0xffffffdd
core   0: 0x800015ac (0x01da5313) srli    t1, s4, 29
core   0: 3 0x800015ac (0x01da5313) x 6 0x00000004
core   0: 0x800015b0 (0x090d0883) lb      a7, 144(s10)
core   0: 3 0x800015b0 (0x090d0883) x17 0x00000035 mem 0x8001082f
core   0: 0x800015b4 (0x0fdd2183) lw      gp, 253(s10)
core   0: 3 0x800015b4 (0x0fdd2183) x 3 0xa1d61bc8 mem 0x8001089c
core   0: 0x800015b8 (0x0f1d0ba3) sb      a7, 247(s10)
core   0: 3 0x800015b8 (0x0f1d0ba3) mem 0x80010896 0x35
core   0: 0x800015bc (0x019436b3) sltu    a3, s0, s9
core   0: 3 0x800015bc (0x019436b3) x13 0x00000000
core   0: 0x800015c0 (0x003d4603) lbu     a2, 3(s10)
core   0: 3 0x800015c0 (0x003d4603) x12 0x0000004d mem 0x800107a2
core   0: 0x800015c4 (0xf4bd0983) lb      s3, -181(s10)
core   0: 3 0x800015c4 (0xf4bd0983) x19 0x00000071 mem 0x800106ea
core   0: 0x800015c8 (0xffad24a3) sw      s10, -23(s10)
core   0: 3 0x800015c8 (0xffad24a3) mem 0x80010788 0x8001079f
core   0: 0x800015cc (0xa9aa9e37) lui     t3, 0xa9aa9
core   0: 3 0x800015cc (0xa9aa9e37) x28 0xa9aa9000
core   0: 0x800015d0 (0x02ad4383) lbu     t2, 42(s10)
core   0: 3 0x800015d0 (0x02ad4383) x 7 0x00000041 mem 0x800107c9
core   0: 0x800015d4 (0x030d9233) mulh    tp, s11, a6
core   0: 3 0x800015d4 (0x030d9233) x 4 0x00000012
core   0: 0x800015d8 (0xfded4d83) lbu     s11, -34(s10)
core   0: 3 0x800015d8 (0xfded4d83) x27 0x000000a8 mem 0x8001077d
core   0: 0x800015dc (0x0ccd0d23) sb      a2, 218(s10)
core   0: 3 0x800015dc (0x0ccd0d23) mem 0x80010879 0x4d
core   0: 0x800015e0 (0x0fed1ba3) sh      t5, 247(s10)
core   0: 3 0x800015e0 (0x0fed1ba3) mem 0x80010896 0xffbb
core   0: 0x800015e4 (0xf5ad4003) lbu     zero, -166(s10)
core   0: 3 0x800015e4 (0xf5ad4003) mem 0x800106f9
core   0: 0x800015e8 (0x0fcd4983) lbu     s3, 252(s10)
core   0: 3 0x800015e8 (0x0fcd4983) x19 0x00000042 mem 0x8001089b
core   0: 0x800015ec (0x0120e8b3) or      a7, ra, s2
core   0: 3 0x800015ec (0x0120e8b3) x17 0xfffffff3
core   0: 0x800015f0 (0xfacd0603) lb      a2, -84(s10)
core   0: 3 0x800015f0 (0xfacd0603) x12 0x0000003a mem 0x8001074b
core   0: 0x800015f4 (0x00e8f7b3) and     a5, a7, a4
core   0: 3 0x800015f4 (0x00e8f7b3) x15 0x00000042
core   0: 0x800015f8 (0x0e9d0fa3) sb      s1, 255(s10)
core   0: 3 0x800015f8 (0x0e9d0fa3) mem 0x8001089e 0x72
core   0: 0x800015fc (0x4196d013) srai    zero, a3, 25
core   0: 3 0x800015fc (0x4196d013)
core   0: 0x80001600 (0xe483c513) xori    a0, t2, -440
core   0: 3 0x80001600 (0xe483c513) x10 0xfffffe09
core   0: 0x80001604 (0xf7cd4903) lbu     s2, -132(s10)
core   0: 3 0x80001604 (0xf7cd4903) x18 0x00000095 mem 0x8001071b
core   0: 0x80001608 (0xf24d0823) sb      tp, -208(s10)
core   0: 3 0x80001608 (0xf24d0823) mem 0x800106cf 0x12
core   0: 0x8000160c (0xf2ed4303) lbu     t1, -210(s10)
core   0: 3 0x8000160c (0xf2ed4303) x 6 0x00000032 mem 0x800106cd
core   0: 0x80001610 (0x5a25bf13) sltiu   t5, a1, 1442
core   0: 3 0x80001610 (0x5a25bf13) x30 0x00000001
core   0: 0x80001614 (0x0b8d4003) lbu     zero, 184(s10)
core   0: 3 0x80001614 (0x0b8d4003) mem 0x80010857
core   0: 0x80001618 (0x0000f997) auipc   s3, 0xf
core   0: 3 0x80001618 (0x0000f997) x19 0x80010618
core   0: 0x8000161c (0x18098993) addi    s3, s3, 384
core   0: 3 0x8000161c (0x18098993) x19 0x80010798
core   0: 0x80001620 (0x47c98723) sb      t3, 1134(s3)
core   0: 3 0x80001620 (0x47c98723) mem 0x80010c06 0x0
core   0: 0x80001624 (0x63b7a193) slti    gp, a5, 1595
core   0: 3 0x80001624 (0x63b7a193) x 3 0x00000001
core   0: 0x80001628 (0x5d09c403) lbu     s0, 1488(s3)
core   0: 3 0x80001628 (0x5d09c403) x 8 0x000000e8 mem 0x80010d68
core   0: 0x8000162c (0x6b3989a3) sb      s3, 1715(s3)
core   0: 3 0x8000162c (0x6b3989a3) mem 0x80010e4b 0x98
core   0: 0x80001630 (0x00f8ff33) and     t5, a7, a5
core   0: 3 0x80001630 (0x00f8ff33) x30 0x00000042
core   0: 0x80001634 (0x934290b7) lui     ra, 0x93429
core   0: 3 0x80001634 (0x934290b7) x 1 0x93429000
core   0: 0x80001638 (0x00120c33) add     s8, tp, ra
core   0: 3 0x80001638 (0x00120c33) x24 0x93429012
core   0: 0x8000163c (0x0002d413) srli    s0, t0, 0
core   0: 3 0x8000163c (0x0002d413) x 8 0x78618471
core   0: 0x80001640 (0x38b9cc03) lbu     s8, 907(s3)
core   0: 3 0x80001640 (0x38b9cc03) x24 0x0000004f mem 0x80010b23
core   0: 0x80001644 (0x59280e93) addi    t4, a6, 1426
core   0: 3 0x80001644 (0x59280e93) x29 0x05bf52c3
core   0: 0x80001648 (0x34899c03) lh      s8, 840(s3)
core   0: 3 0x80001648 (0x34899c03) x24 0xffff9304 mem 0x80010ae0
core   0: 0x8000164c (0x69d98883) lb      a7, 1693(s3)
core   0: 3 0x8000164c (0x69d98883) x17 0x00000039 mem 0x80010e35
core   0: 0x80001650 (0x033d7733) remu    a4, s10, s3
core   0: 3 0x80001650 (0x033d7733) x14 0x00000007
core   0: 0x80001654 (0x5ac93d93) sltiu   s11, s2, 1452
core   0: 3 0x80001654 (0x5ac93d93) x27 0x00000001
core   0: 0x80001658 (0x02b6c533) div     a0, a3, a1
core   0: 3 0x80001658 (0x02b6c533) x10 0xffffffff
core   0: 0x8000165c (0x9e7d3f93) sltiu   t6, s10, -1561
core   0: 3 0x8000165c (0x9e7d3f93) x31 0x00000001
core   0: 0x80001660 (0x69499d23) sh      s4, 1690(s3)
core   0: 3 0x80001660 (0x69499d23) mem 0x80010e32 0x9ce4
core   0: 0x80001664 (0x00000013) nop
core   0: 3 0x80001664 (0x00000013)
core   0: 0x80001668 (0x0336f5b3) remu    a1, a3, s3
core   0: 3 0x80001668 (0x0336f5b3) x11 0x00000000
core   0: 0x8000166c (0x42a60213) addi    tp, a2, 1066
core   0: 3 0x8000166c (0x42a60213) x 4 0x00000464
core   0: 0x80001670 (0x03d9ffb3) remu    t6, s3, t4
core   0: 3 0x80001670 (0x03d9ffb3) x31 0x018fead6
core   0: 0x80001674 (0x5a89ce83) lbu     t4, 1448(s3)
core   0: 3 0x80001674 (0x5a89ce83) x29 0x00000058 mem 0x80010d40
core   0: 0x80001678 (0x409e8533) sub     a0, t4, s1
core   0: 3 0x80001678 (0x409e8533) x10 0xffffffe6
core   0: 0x8000167c (0x412088b3) sub     a7, ra, s2
core   0: 3 0x8000167c (0x412088b3) x17 0x93428f6b
core   0: 0x80001680 (0x00000013) nop
core   0: 3 0x80001680 (0x00000013)
core   0: 0x80001684 (0x01be1733) sll     a4, t3, s11
core   0: 3 0x80001684 (0x01be1733) x14 0x53552000
core   0: 0x80001688 (0x01f1cdb3) xor     s11, gp, t6
core   0: 3 0x80001688 (0x01f1cdb3) x27 0x018fead7
core   0: 0x8000168c (0x6ff9c283) lbu     t0, 1791(s3)
core   0: 3 0x8000168c (0x6ff9c283) x 5 0x0000004c mem 0x80010e97
core   0: 0x80001690 (0x014ad413) srli    s0, s5, 20
core   0: 3 0x80001690 (0x014ad413) x 8 0x000009ab
core   0: 0x80001694 (0x01059cb3) sll     s9, a1, a6
core   0: 3 0x80001694 (0x01059cb3) x25 0x00000000
core   0: 0x80001698 (0x03662f33) mulhsu  t5, a2, s6
core   0: 3 0x80001698 (0x03662f33) x30 0x00000000
core   0: 0x8000169c (0x0360cb33) div     s6, ra, s6
core   0: 3 0x8000169c (0x0360cb33) x22 0xfbd1544f
core   0: 0x800016a0 (0x00598a83) lb      s5, 5(s3)
core   0: 3 0x800016a0 (0x00598a83) x21 0x00000000 mem 0x8001079d
core   0: 0x800016a4 (0x47398283) lb      t0, 1139(s3)
core   0: 3 0x800016a4 (0x47398283) x 5 0x0000002a mem 0x80010c0b
core   0: 0x800016a8 (0xe212c013) xori    zero, t0, -479
core   0: 3 0x800016a8 (0xe212c013)
core   0: 0x800016ac (0xd9798f83) lb      t6, -617(s3)
core   0: 3 0x800016ac (0xd9798f83) x31 0xffffffdf mem 0x8001052f
core   0: 0x800016b0 (0x8ee9cf83) lbu     t6, -1810(s3)
core   0: 3 0x800016b0 (0x8ee9cf83) x31 0x00000009 mem 0x80010086
core   0: 0x800016b4 (0x6d698783) lb      a5, 1750(s3)
core   0: 3 0x800016b4 (0x6d698783) x15 0x0000003a mem 0x80010e6e
core   0: 0x800016b8 (0xabc9d703) lhu     a4, -1348(s3)
core   0: 3 0x800016b8 (0xabc9d703) x14 0x00000000 mem 0x80010254
core   0: 0x800016bc (0x006f1193) slli    gp, t5, 6
core   0: 3 0x800016bc (0x006f1193) x 3 0x00000000
core   0: 0x800016c0 (0x00000013) nop
core   0: 3 0x800016c0 (0x00000013)
core   0: 0x800016c4 (0x6b498e83) lb      t4, 1716(s3)
core   0: 3 0x800016c4 (0x6b498e83) x29 0xffffffbc mem 0x80010e4c
core   0: 0x800016c8 (0x00ca34b3) sltu    s1, s4, a2
core   0: 3 0x800016c8 (0x00ca34b3) x 9 0x00000000
core   0: 0x800016cc (0x11798a83) lb      s5, 279(s3)
core   0: 3 0x800016cc (0x11798a83) x21 0xffffffe9 mem 0x800108af
core   0: 0x800016d0 (0xd8c9aa83) lw      s5, -628(s3)
core   0: 3 0x800016d0 (0xd8c9aa83) x21 0x257e234f mem 0x80010524
core   0: 0x800016d4 (0xd5aaea93) ori     s5, s5, -678
core   0: 3 0x800016d4 (0xd5aaea93) x21 0xffffff5f
core   0: 0x800016d8 (0xb369d583) lhu     a1, -1226(s3)
core   0: 3 0x800016d8 (0xb369d583) x11 0x0000c836 mem 0x800102ce
core   0: 0x800016dc (0x1f79cb03) lbu     s6, 503(s3)
core   0: 3 0x800016dc (0x1f79cb03) x22 0x000000dc mem 0x8001098f
core   0: 0x800016e0 (0x4c798e03) lb      t3, 1223(s3)
core   0: 3 0x800016e0 (0x4c798e03) x28 0x00000011 mem 0x80010c5f
core   0: 0x800016e4 (0x00014997) auipc   s3, 0x14
core   0: 3 0x800016e4 (0x00014997) x19 0x800156e4
core   0: 0x800016e8 (0x7cb98993) addi    s3, s3, 1995
core   0: 3 0x800016e8 (0x7cb98993) x19 0x80015eaf
core   0: 0x800016ec (0x004f55b3) srl     a1, t5, tp
core   0: 3 0x800016ec (0x004f55b3) x11 0x00000000
core   0: 0x800016f0 (0x06799203) lh      tp, 103(s3)
core   0: 3 0x800016f0 (0x06799203) x 4 0x00004f65 mem 0x80015f16
core   0: 0x800016f4 (0x0cb98023) sb      a1, 192(s3)
core   0: 3 0x800016f4 (0x0cb98023) mem 0x80015f6f 0x0
core   0: 0x800016f8 (0x0372a4b3) mulhsu  s1, t0, s7
core   0: 3 0x800016f8 (0x0372a4b3) x 9 0x0000001d
core   0: 0x800016fc (0xfd19a303) lw      t1, -47(s3)
core   0: 3 0x800016fc (0xfd19a303) x 6 0xa20e271e mem 0x80015e80
core   0: 0x80001700 (0x0033c533) xor     a0, t2, gp
core   0: 3 0x80001700 (0x0033c533) x10 0x00000041
core   0: 0x80001704 (0x019b1c13) slli    s8, s6, 25
core   0: 3 0x80001704 (0x019b1c13) x24 0xb8000000
core   0: 0x80001708 (0x9e60ef93) ori     t6, ra, -1562
core   0: 3 0x80001708 (0x9e60ef93) x31 0xfffff9e6
core   0: 0x8000170c (0x0de98183) lb      gp, 222(s3)
core   0: 3 0x8000170c (0x0de98183) x 3 0x00000030 mem 0x80015f8d
core   0: 0x80001710 (0x04c9c183) lbu     gp, 76(s3)
core   0: 3 0x80001710 (0x04c9c183) x 3 0x000000da mem 0x80015efb
core   0: 0x80001714 (0xe5467c97) auipc   s9, 0xe5467
core   0: 3 0x80001714 (0xe5467c97) x25 0x65468714
core   0: 0x80001718 (0xdfb5e693) ori     a3, a1, -517
core   0: 3 0x80001718 (0xdfb5e693) x13 0xfffffdfb
core   0: 0x8000171c (0x4076d793) srai    a5, a3, 7
core   0: 3 0x8000171c (0x4076d793) x15 0xfffffffb
core   0: 0x80001720 (0x0ae9c703) lbu     a4, 174(s3)
core   0: 3 0x80001720 (0x0ae9c703) x14 0x0000001b mem 0x80015f5d
core   0: 0x80001724 (0x00615db3) srl     s11, sp, t1
core   0: 3 0x80001724 (0x00615db3) x27 0x00000002
core   0: 0x80001728 (0xe15ec437) lui     s0, 0xe15ec
core   0: 3 0x80001728 (0xe15ec437) x 8 0xe15ec000
core   0: 0x8000172c (0xfb99ae03) lw      t3, -71(s3)
core   0: 3 0x8000172c (0xfb99ae03) x28 0x22ff8238 mem 0x80015e68
core   0: 0x80001730 (0xdeaafe97) auipc   t4, 0xdeaaf
core   0: 3 0x80001730 (0xdeaafe97) x29 0x5eab0730
core   0: 0x80001734 (0x06098203) lb      tp, 96(s3)
core   0: 3 0x80001734 (0x06098203) x 4 0xffffffd2 mem 0x80015f0f
core   0: 0x80001738 (0xfc298583) lb      a1, -62(s3)
core   0: 3 0x80001738 (0xfc298583) x11 0xffffffb7 mem 0x80015e71
core   0: 0x8000173c (0x0140b933) sltu    s2, ra, s4
core   0: 3 0x8000173c (0x0140b933) x18 0x00000000
core   0: 0x80001740 (0x0fe98123) sb      t5, 226(s3)
core   0: 3 0x80001740 (0x0fe98123) mem 0x80015f91 0x0
core   0: 0x80001744 (0xa013a613) slti    a2, t2, -1535
core   0: 3 0x80001744 (0xa013a613) x12 0x00000000
core   0: 0x80001748 (0x0fea5c17) auipc   s8, 0xfea5
core   0: 3 0x80001748 (0x0fea5c17) x24 0x8fea6748
core   0: 0x8000174c (0x0d59a603) lw      a2, 213(s3)
core   0: 3 0x8000174c (0x0d59a603) x12 0x2e9f55aa mem 0x80015f84
core   0: 0x80001750 (0x00000013) nop
core   0: 3 0x80001750 (0x00000013)
core   0: 0x80001754 (0x30b2ea93) ori     s5, t0, 779
core   0: 3 0x80001754 (0x30b2ea93) x21 0x0000032b
core   0: 0x80001758 (0x08698423) sb      t1, 136(s3)
core   0: 3 0x80001758 (0x08698423) mem 0x80015f37 0x1e
core   0: 0x8000175c (0x40a25893) srai    a7, tp, 10
core   0: 3 0x8000175c (0x40a25893) x17 0xffffffff
core   0: 0x80001760 (0x86e54937) lui     s2, 0x86e54
core   0: 3 0x80001760 (0x86e54937) x18 0x86e54000
core   0: 0x80001764 (0xfd698483) lb      s1, -42(s3)
core   0: 3 0x80001764 (0xfd698483) x 9 0xffffff9c mem 0x80015e85
core   0: 0x80001768 (0x02e98e23) sb      a4, 60(s3)
core   0: 3 0x80001768 (0x02e98e23) mem 0x80015eeb 0x1b
core   0: 0x8000176c (0x021ab333) mulhu   t1, s5, ra
core   0: 3 0x8000176c (0x021ab333) x 6 0x000001d2
core   0: 0x80001770 (0x00eb9493) slli    s1, s7, 14
core   0: 3 0x80001770 (0x00eb9493) x 9 0x451e8000
core   0: 0x80001774 (0xfaf98f83) lb      t6, -81(s3)
core   0: 3 0x80001774 (0xfaf98f83) x31 0x0000002a mem 0x80015e5e
core   0: 0x80001778 (0x1a29cf93) xori    t6, s3, 418
core   0: 3 0x80001778 (0x1a29cf93) x31 0x80015f0d
core   0: 0x8000177c (0x01a26533) or      a0, tp, s10
core   0: 3 0x8000177c (0x01a26533) x10 0xffffffdf
core   0: 0x80001780 (0x01382b33) slt     s6, a6, s3
core   0: 3 0x80001780 (0x01382b33) x22 0x00000000
core   0: 0x80001784 (0xfae98d23) sb      a4, -70(s3)
core   0: 3 0x80001784 (0xfae98d23) mem 0x80015e69 0x1b
core   0: 0x80001788 (0xffe98d03) lb      s10, -2(s3)
core   0: 3 0x80001788 (0xffe98d03) x26 0xffffffdd mem 0x80015ead
core   0: 0x8000178c (0x9e0a7213) andi    tp, s4, -1568
core   0: 3 0x8000178c (0x9e0a7213) x 4 0x800298e0
core   0: 0x80001790 (0x036b5fb3) divu    t6, s6, s6
core   0: 3 0x80001790 (0x036b5fb3) x31 0xffffffff
core   0: 0x80001794 (0x41e88e33) sub     t3, a7, t5
core   0: 3 0x80001794 (0x41e88e33) x28 0xffffffff
core   0: 0x80001798 (0x0e39c783) lbu     a5, 227(s3)
core   0: 3 0x80001798 (0x0e39c783) x15 0x00000057 mem 0x80015f92
core   0: 0x8000179c (0x07498923) sb      s4, 114(s3)
core   0: 3 0x8000179c (0x07498923) mem 0x80015f21 0xe4
core   0: 0x800017a0 (0x882e8d97) auipc   s11, 0x882e8
core   0: 3 0x800017a0 (0x882e8d97) x27 0x082e97a0
core   0: 0x800017a4 (0x0eb99003) lh      zero, 235(s3)
core   0: 3 0x800017a4 (0x0eb99003) mem 0x80015f9a
core   0: 0x800017a8 (0x01e9ce03) lbu     t3, 30(s3)
core   0: 3 0x800017a8 (0x01e9ce03) x28 0x000000b9 mem 0x80015ecd
core   0: 0x800017ac (0x00014f97) auipc   t6, 0x14
core   0: 3 0x800017ac (0x00014f97) x31 0x800157ac
core   0: 0x800017b0 (0x1b0f8f93) addi    t6, t6, 432
core   0: 3 0x800017b0 (0x1b0f8f93) x31 0x8001595c
core   0: 0x800017b4 (0x0059c033) xor     zero, s3, t0
core   0: 3 0x800017b4 (0x0059c033)
core   0: 0x800017b8 (0x3005a693) slti    a3, a1, 768
core   0: 3 0x800017b8 (0x3005a693) x13 0x00000001
core   0: 0x800017bc (0xfe7f8ea3) sb      t2, -3(t6)
core   0: 3 0x800017bc (0xfe7f8ea3) mem 0x80015959 0x41
core   0: 0x800017c0 (0x94698017) auipc   zero, 0x94698
core   0: 3 0x800017c0 (0x94698017)
core   0: 0x800017c4 (0xff7f89a3) sb      s7, -13(t6)
core   0: 3 0x800017c4 (0xff7f89a3) mem 0x8001594f 0x7a
core   0: 0x800017c8 (0x02d6a233) mulhsu  tp, a3, a3
core   0: 3 0x800017c8 (0x02d6a233) x 4 0x00000000
core   0: 0x800017cc (0xfddf8923) sb      t4, -46(t6)
core   0: 3 0x800017cc (0xfddf8923) mem 0x8001592e 0x30
core   0: 0x800017d0 (0x40a58b33) sub     s6, a1, a0
core   0: 3 0x800017d0 (0x40a58b33) x22 0xffffffd8
core   0: 0x800017d4 (0x028fac23) sw      s0, 56(t6)
core   0: 3 0x800017d4 (0x028fac23) mem 0x80015994 0xe15ec000
core   0: 0x800017d8 (0x016b1313) slli    t1, s6, 22
core   0: 3 0x800017d8 (0x016b1313) x 6 0xf6000000
core   0: 0x800017dc (0xfe8f9c03) lh      s8, -24(t6)
core   0: 3 0x800017dc (0xfe8f9c03) x24 0x000050ef mem 0x80015944
core   0: 0x800017e0 (0x036f8283) lb      t0, 54(t6)
core   0: 3 0x800017e0 (0x036f8283) x 5 0xfffffffd mem 0x80015992
core   0: 0x800017e4 (0x00cf8ca3) sb      a2, 25(t6)
core   0: 3 0x800017e4 (0x00cf8ca3) mem 0x80015975 0xaa
core   0: 0x800017e8 (0x01ea8433) add     s0, s5, t5
core   0: 3 0x800017e8 (0x01ea8433) x 8 0x0000032b
core   0: 0x800017ec (0xfdff82a3) sb      t6, -59(t6)
core   0: 3 0x800017ec (0xfdff82a3) mem 0x80015921 0x5c
core   0: 0x800017f0 (0x0230d6b3) divu    a3, ra, gp
core   0: 3 0x800017f0 (0x0230d6b3) x13 0x00aceddf
core   0: 0x800017f4 (0xfe9f84a3) sb      s1, -23(t6)
core   0: 3 0x800017f4 (0xfe9f84a3) mem 0x80015945 0x0
core   0: 0x800017f8 (0x00df8383) lb      t2, 13(t6)
core   0: 3 0x800017f8 (0x00df8383) x 7 0xffffffc5 mem 0x80015969
core   0: 0x800017fc (0x002e0eb3) add     t4, t3, sp
core   0: 3 0x800017fc (0x002e0eb3) x29 0x80025f1d
core   0: 0x80001800 (0x41635d93) srai    s11, t1, 22
core   0: 3 0x80001800 (0x41635d93) x27 0xffffffd8
core   0: 0x80001804 (0xfddf8803) lb      a6, -35(t6)
core   0: 3 0x80001804 (0xfddf8803) x16 0x00000038 mem 0x80015939
core   0: 0x80001808 (0x2cc87c37) lui     s8, 0x2cc87
core   0: 3 0x80001808 (0x2cc87c37) x24 0x2cc87000
core   0: 0x8000180c (0x016822b3) slt     t0, a6, s6
core   0: 3 0x8000180c (0x016822b3) x 5 0x00000000
core   0: 0x80001810 (0xfcafd783) lhu     a5, -54(t6)
core   0: 3 0x80001810 (0xfcafd783) x15 0x000010fa mem 0x80015926
core   0: 0x80001814 (0xe3368013) addi    zero, a3, -461
core   0: 3 0x80001814 (0xe3368013)
core   0: 0x80001818 (0x40e85413) srai    s0, a6, 14
core   0: 3 0x80001818 (0x40e85413) x 8 0x00000000
core   0: 0x8000181c (0xffbfac23) sw      s11, -8(t6)
core   0: 3 0x8000181c (0xffbfac23) mem 0x80015954 0xffffffd8
core   0: 0x80001820 (0x01da3833) sltu    a6, s4, t4
core   0: 3 0x80001820 (0x01da3833) x16 0x00000000
core   0: 0x80001824 (0x01cc9d93) slli    s11, s9, 28
core   0: 3 0x80001824 (0x01cc9d93) x27 0x40000000
core   0: 0x80001828 (0x48ccf037) lui     zero, 0x48ccf
core   0: 3 0x80001828 (0x48ccf037)
core   0: 0x8000182c (0xfeef8183) lb      gp, -18(t6)
core   0: 3 0x8000182c (0xfeef8183) x 3 0xfffffff9 mem 0x8001594a
core   0: 0x80001830 (0xfe9f9723) sh      s1, -18(t6)
core   0: 3 0x80001830 (0xfe9f9723) mem 0x8001594a 0x8000
core   0: 0x80001834 (0x01ee1293) slli    t0, t3, 30
core   0: 3 0x80001834 (0x01ee1293) x 5 0x40000000
core   0: 0x80001838 (0xff4f8ba3) sb      s4, -9(t6)
core   0: 3 0x80001838 (0xff4f8ba3) mem 0x80015953 0xe4
core   0: 0x8000183c (0x025bbf33) mulhu   t5, s7, t0
core   0: 3 0x8000183c (0x025bbf33) x30 0x2d52451e
core   0: 0x80001840 (0x0192dcb3) srl     s9, t0, s9
core   0: 3 0x80001840 (0x0192dcb3) x25 0x00000400
core   0: 0x80001844 (0xfd0f8983) lb      s3, -48(t6)
core   0: 3 0x80001844 (0xfd0f8983) x19 0xffffff86 mem 0x8001592c
core   0: 0x80001848 (0x006fc203) lbu     tp, 6(t6)
core   0: 3 0x80001848 (0x006fc203) x 4 0x00000073 mem 0x80015962
core   0: 0x8000184c (0x00d3dd33) srl     s10, t2, a3
core   0: 3 0x8000184c (0x00d3dd33) x26 0x00000001
core   0: 0x80001850 (0xfdbfc983) lbu     s3, -37(t6)
core   0: 3 0x80001850 (0xfdbfc983) x19 0x00000031 mem 0x80015937
core   0: 0x80001854 (0x029f8403) lb      s0, 41(t6)
core   0: 3 0x80001854 (0x029f8403) x 8 0xffffffe6 mem 0x80015985
core   0: 0x80001858 (0x016226b3) slt     a3, tp, s6
core   0: 3 0x80001858 (0x016226b3) x13 0x00000000
core   0: 0x8000185c (0xa894c013) xori    zero, s1, -1399
core   0: 3 0x8000185c (0xa894c013)
core   0: 0x80001860 (0x37e39ab7) lui     s5, 0x37e39
core   0: 3 0x80001860 (0x37e39ab7) x21 0x37e39000
core   0: 0x80001864 (0xfcef8fa3) sb      a4, -33(t6)
core   0: 3 0x80001864 (0xfcef8fa3) mem 0x8001593b 0x1b
core   0: 0x80001868 (0x0000fe17) auipc   t3, 0xf
core   0: 3 0x80001868 (0x0000fe17) x28 0x80010868
core   0: 0x8000186c (0x0eae0e13) addi    t3, t3, 234
core   0: 3 0x8000186c (0x0eae0e13) x28 0x80010952
core   0: 0x80001870 (0x028d9633) mulh    a2, s11, s0
core   0: 3 0x80001870 (0x028d9633) x12 0xfffffff9
core   0: 0x80001874 (0x00e598b3) sll     a7, a1, a4
core   0: 3 0x80001874 (0x00e598b3) x17 0xb8000000
core   0: 0x80001878 (0x414d5a93) srai    s5, s10, 20
core   0: 3 0x80001878 (0x414d5a93) x21 0x00000000
core   0: 0x8000187c (0x022dff33) remu    t5, s11, sp
core   0: 3 0x8000187c (0x022dff33) x30 0x40000000
core   0: 0x80001880 (0xf4de4083) lbu     ra, -179(t3)
core   0: 3 0x80001880 (0xf4de4083) x 1 0x000000a1 mem 0x8001089f
core   0: 0x80001884 (0xb09e4503) lbu     a0, -1271(t3)
core   0: 3 0x80001884 (0xb09e4503) x10 0x000000b5 mem 0x8001045b
core   0: 0x80001888 (0x006cec33) or      s8, s9, t1
core   0: 3 0x80001888 (0x006cec33) x24 0xf6000400
core   0: 0x8000188c (0x0ddda013) slti    zero, s11, 221
core   0: 3 0x8000188c (0x0ddda013)
core   0: 0x80001890 (0x02278933) mul     s2, a5, sp
core   0: 3 0x80001890 (0x02278933) x18 0x28366da8
core   0: 0x80001894 (0xc41e0483) lb      s1, -959(t3)
core   0: 3 0x80001894 (0xc41e0483) x 9 0xffffff9b mem 0x80010593
core   0: 0x80001898 (0x00163cb3) sltu    s9, a2, ra
core   0: 3 0x80001898 (0x00163cb3) x25 0x00000000
core   0: 0x8000189c (0xe17e0da3) sb      s7, -485(t3)
core   0: 3 0x8000189c (0xe17e0da3) mem 0x8001076d 0x7a
core   0: 0x800018a0 (0x00f67033) and     zero, a2, a5
core   0: 3 0x800018a0 (0x00f67033)
core   0: 0x800018a4 (0x8dde4a83) lbu     s5, -1827(t3)
core   0: 3 0x800018a4 (0x8dde4a83) x21 0x00000026 mem 0x8001022f
core   0: 0x800018a8 (0x01cfcb33) xor     s6, t6, t3
core   0: 3 0x800018a8 (0x01cfcb33) x22 0x0000500e
core   0: 0x800018ac (0x00e0df93) srli    t6, ra, 14
core   0: 3 0x800018ac (0x00e0df93) x31 0x00000000
core   0: 0x800018b0 (0x8236b393) sltiu   t2, a3, -2013
core   0: 3 0x800018b0 (0x8236b393) x 7 0x00000001
core   0: 0x800018b4 (0x00000013) nop
core   0: 3 0x800018b4 (0x00000013)
core   0: 0x800018b8 (0xe900f613) andi    a2, ra, -368
core   0: 3 0x800018b8 (0xe900f613) x12 0x00000080
core   0: 0x800018bc (0xc81e2213) slti    tp, t3, -895
core   0: 3 0x800018bc (0xc81e2213) x 4 0x00000001
core   0: 0x800018c0 (0x01d53fb3) sltu    t6, a0, t4
core   0: 3 0x800018c0 (0x01d53fb3) x31 0x00000001
core   0: 0x800018c4 (0xdbfc0993) addi    s3, s8, -577
core   0: 3 0x800018c4 (0xdbfc0993) x19 0xf60001bf
core   0: 0x800018c8 (0x62fe0d03) lb      s10, 1583(t3)
core   0: 3 0x800018c8 (0x62fe0d03) x26 0xffffffff mem 0x80010f81
core   0: 0x800018cc (0x003aec33) or      s8, s5, gp
core   0: 3 0x800018cc (0x003aec33) x24 0xffffffff
core   0: 0x800018d0 (0x41835193) srai    gp, t1, 24
core   0: 3 0x800018d0 (0x41835193) x 3 0xfffffff6
core   0: 0x800018d4 (0x1daaef93) ori     t6, s5, 474
core   0: 3 0x800018d4 (0x1daaef93) x31 0x000001fe
core   0: 0x800018d8 (0xee5e0e83) lb      t4, -283(t3)
core   0: 3 0x800018d8 (0xee5e0e83) x29 0xffffff97 mem 0x80010837
core   0: 0x800018dc (0xb88e0883) lb      a7, -1144(t3)
core   0: 3 0x800018dc (0xb88e0883) x17 0x0000005d mem 0x800104da
core   0: 0x800018e0 (0x03b8f7b3) remu    a5, a7, s11
core   0: 3 0x800018e0 (0x03b8f7b3) x15 0x0000005d
core   0: 0x800018e4 (0x52fe4c83) lbu     s9, 1327(t3)
core   0: 3 0x800018e4 (0x52fe4c83) x25 0x0000009b mem 0x80010e81
core   0: 0x800018e8 (0x03257633) remu    a2, a0, s2
core   0: 3 0x800018e8 (0x03257633) x12 0x000000b5
core   0: 0x800018ec (0x416e03b3) sub     t2, t3, s6
core   0: 3 0x800018ec (0x416e03b3) x 7 0x8000b944
core   0: 0x800018f0 (0x988e4f03) lbu     t5, -1656(t3)
core   0: 3 0x800018f0 (0x988e4f03) x30 0x00000022 mem 0x800102da
core   0: 0x800018f4 (0x033784b3) mul     s1, a5, s3
core   0: 3 0x800018f4 (0x033784b3) x 9 0x5e00a263
core   0: 0x800018f8 (0xa76e0ea3) sb      s6, -1411(t3)
core   0: 3 0x800018f8 (0xa76e0ea3) mem 0x800103cf 0xe
core   0: 0x800018fc (0x01719ab3) sll     s5, gp, s7
core   0: 3 0x800018fc (0x01719ab3) x21 0xd8000000
core   0: 0x80001900 (0x12e100b7) lui     ra, 0x12e10
core   0: 3 0x80001900 (0x12e100b7) x 1 0x12e10000
core   0: 0x80001904 (0xa2ae0f23) sb      a0, -1474(t3)
core   0: 3 0x80001904 (0xa2ae0f23) mem 0x80010390 0xb5
core   0: 0x80001908 (0x652e4c03) lbu     s8, 1618(t3)
core   0: 3 0x80001908 (0x652e4c03) x24 0x0000007f mem 0x80010fa4
core   0: 0x8000190c (0x022c9033) mulh    zero, s9, sp
core   0: 3 0x8000190c (0x022c9033)
core   0: 0x80001910 (0x1d9cea93) ori     s5, s9, 473
core   0: 3 0x80001910 (0x1d9cea93) x21 0x000001db
core   0: 0x80001914 (0x033609b3) mul     s3, a2, s3
core   0: 3 0x80001914 (0x033609b3) x19 0xee013c0b
core   0: 0x80001918 (0x89ee5003) lhu     zero, -1890(t3)
core   0: 3 0x80001918 (0x89ee5003) mem 0x800101f0
core   0: 0x8000191c (0xd31e0283) lb      t0, -719(t3)
core   0: 3 0x8000191c (0xd31e0283) x 5 0xfffffff9 mem 0x80010683
core   0: 0x80001920 (0x7c56b437) lui     s0, 0x7c56b
core   0: 3 0x80001920 (0x7c56b437) x 8 0x7c56b000
core   0: 0x80001924 (0x1cae0b23) sb      a0, 470(t3)
core   0: 3 0x80001924 (0x1cae0b23) mem 0x80010b28 0xb5
core   0: 0x80001928 (0x0000f297) auipc   t0, 0xf
core   0: 3 0x80001928 (0x0000f297) x 5 0x80010928
core   0: 0x8000192c (0x3c528293) addi    t0, t0, 965
core   0: 3 0x8000192c (0x3c528293) x 5 0x80010ced
core   0: 0x80001930 (0xfff28e23) sb      t6, -4(t0)
core   0: 3 0x80001930 (0xfff28e23) mem 0x80010ce9 0xfe
core   0: 0x80001934 (0xff32a183) lw      gp, -13(t0)
core   0: 3 0x80001934 (0xff32a183) x 3 0x9b0ef3ba mem 0x80010ce0
core   0: 0x80001938 (0x01c8bdb3) sltu    s11, a7, t3
core   0: 3 0x80001938 (0x01c8bdb3) x27 0x00000001
core   0: 0x8000193c (0xfe428823) sb      tp, -16(t0)
core   0: 3 0x8000193c (0xfe428823) mem 0x80010cdd 0x1
core   0: 0x80001940 (0x00000013) nop
core   0: 3 0x80001940 (0x00000013)
core   0: 0x80001944 (0x01228023) sb      s2, 0(t0)
core   0: 3 0x80001944 (0x01228023) mem 0x80010ced 0xa8
core   0: 0x80001948 (0x0106b233) sltu    tp, a3, a6
core   0: 3 0x80001948 (0x0106b233) x 4 0x00000000
core   0: 0x8000194c (0xff228e03) lb      t3, -14(t0)
core   0: 3 0x8000194c (0xff228e03) x28 0xffffffd9 mem 0x80010cdf
core   0: 0x80001950 (0x025fc7b3) div     a5, t6, t0
core   0: 3 0x80001950 (0x025fc7b3) x15 0x00000000
core   0: 0x80001954 (0x00000013) nop
core   0: 3 0x80001954 (0x00000013)
core   0: 0x80001958 (0x181f7913) andi    s2, t5, 385
core   0: 3 0x80001958 (0x181f7913) x18 0x00000000
core   0: 0x8000195c (0x00928403) lb      s0, 9(t0)
core   0: 3 0x8000195c (0x00928403) x 8 0x00000042 mem 0x80010cf6
core   0: 0x80001960 (0x00d28383) lb      t2, 13(t0)
core   0: 3 0x80001960 (0x00d28383) x 7 0x00000070 mem 0x80010cfa
core   0: 0x80001964 (0x0319a233) mulhsu  tp, s3, a7
core   0: 3 0x80001964 (0x0319a233) x 4 0xfffffff9
core   0: 0x80001968 (0x03412433) mulhsu  s0, sp, s4
core   0: 3 0x80001968 (0x03412433) x 8 0xbfffe0c6
core   0: 0x8000196c (0xff428e03) lb      t3, -12(t0)
core   0: 3 0x8000196c (0xff428e03) x28 0xfffffff3 mem 0x80010ce1
core   0: 0x80001970 (0xfe629ba3) sh      t1, -9(t0)
core   0: 3 0x80001970 (0xfe629ba3) mem 0x80010ce4 0x0000
core   0: 0x80001974 (0x00f106b3) add     a3, sp, a5
core   0: 3 0x80001974 (0x00f106b3) x13 0x80025e64
core   0: 0x80001978 (0x00e28203) lb      tp, 14(t0)
core   0: 3 0x80001978 (0x00e28203) x 4 0x0000007c mem 0x80010cfb
core   0: 0x8000197c (0x00028003) lb      zero, 0(t0)
core   0: 3 0x8000197c (0x00028003) mem 0x80010ced
core   0: 0x80001980 (0x02b6ab33) mulhsu  s6, a3, a1
core   0: 3 0x80001980 (0x02b6ab33) x22 0x80025e88
core   0: 0x80001984 (0xff028183) lb      gp, -16(t0)
core   0: 3 0x80001984 (0xff028183) x 3 0x00000001 mem 0x80010cdd
core   0: 0x80001988 (0x00c69833) sll     a6, a3, a2
core   0: 3 0x80001988 (0x00c69833) x16 0xcc800000
core   0: 0x8000198c (0x014cad33) slt     s10, s9, s4
core   0: 3 0x8000198c (0x014cad33) x26 0x00000000
core   0: 0x80001990 (0x00428603) lb      a2, 4(t0)
core   0: 3 0x80001990 (0x00428603) x12 0xffffff96 mem 0x80010cf1
core   0: 0x80001994 (0x00a28883) lb      a7, 10(t0)
core   0: 3 0x80001994 (0x00a28883) x17 0x00000038 mem 0x80010cf7
core   0: 0x80001998 (0x00529b03) lh      s6, 5(t0)
core   0: 3 0x80001998 (0x00529b03) x22 0xffffcfbf mem 0x80010cf2
core   0: 0x8000199c (0x00028503) lb      a0, 0(t0)
core   0: 3 0x8000199c (0x00028503) x10 0xffffffa8 mem 0x80010ced
core   0: 0x800019a0 (0x00017497) auipc   s1, 0x17
core   0: 3 0x800019a0 (0x00017497) x 9 0x800189a0
core   0: 0x800019a4 (0x5cd48493) addi    s1, s1, 1485
core   0: 3 0x800019a4 (0x5cd48493) x 9 0x80018f6d
core   0: 0x800019a8 (0x709fe313) ori     t1, t6, 1801
core   0: 3 0x800019a8 (0x709fe313) x 6 0x000007ff
core   0: 0x800019ac (0x40055313) srai    t1, a0, 0
core   0: 3 0x800019ac (0x40055313) x 6 0xffffffa8
core   0: 0x800019b0 (0x00000013) nop
core   0: 3 0x800019b0 (0x00000013)
core   0: 0x800019b4 (0x03fbfd33) remu    s10, s7, t6
core   0: 3 0x800019b4 (0x03fbfd33) x26 0x0000018c
core   0: 0x800019b8 (0xafe3e793) ori     a5, t2, -1282
core   0: 3 0x800019b8 (0xafe3e793) x15 0xfffffafe
core   0: 0x800019bc (0x020033b3) mulhu   t2, zero, zero
core   0: 3 0x800019bc (0x020033b3) x 7 0x00000000
core   0: 0x800019c0 (0x0e648603) lb      a2, 230(s1)
core   0: 3 0x800019c0 (0x0e648603) x12 0xffffffb1 mem 0x80019053
core   0: 0x800019c4 (0xf3a4c583) lbu     a1, -198(s1)
core   0: 3 0x800019c4 (0xf3a4c583) x11 0x000000a5 mem 0x80018ea7
core   0: 0x800019c8 (0x012799b3) sll     s3, a5, s2
core   0: 3 0x800019c8 (0x012799b3) x19 0xfffffafe
core   0: 0x800019cc (0x1004c083) lbu     ra, 256(s1)
core   0: 3 0x800019cc (0x1004c083) x 1 0x000000f1 mem 0x8001906d
core   0: 0x800019d0 (0x022216b3) mulh    a3, tp, sp
core   0: 3 0x800019d0 (0x022216b3) x13 0xffffffc2
core   0: 0x800019d4 (0x005551b3) srl     gp, a0, t0
core   0: 3 0x800019d4 (0x005551b3) x 3 0x0007ffff
core   0: 0x800019d8 (0x002e33b3) sltu    t2, t3, sp
core   0: 3 0x800019d8 (0x002e33b3) x 7 0x00000000
core   0: 0x800019dc (0x05c48b23) sb      t3, 86(s1)
core   0: 3 0x800019dc (0x05c48b23) mem 0x80018fc3 0xf3
core   0: 0x800019e0 (0x0284cd03) lbu     s10, 40(s1)
core   0: 3 0x800019e0 (0x0284cd03) x26 0x0000006c mem 0x80018f95
core   0: 0x800019e4 (0x06048c03) lb      s8, 96(s1)
core   0: 3 0x800019e4 (0x06048c03) x24 0x00000023 mem 0x80018fcd
core   0: 0x800019e8 (0x04522f13) slti    t5, tp, 69
core   0: 3 0x800019e8 (0x04522f13) x30 0x00000000
core   0: 0x800019ec (0x416000b3) sub     ra, zero, s6
core   0: 3 0x800019ec (0x416000b3) x 1 0x00003041
core   0: 0x800019f0 (0x034a61b3) rem     gp, s4, s4
core   0: 3 0x800019f0 (0x034a61b3) x 3 0x00000000
core   0: 0x800019f4 (0x0018fcb3) and     s9, a7, ra
core   0: 3 0x800019f4 (0x0018fcb3) x25 0x00000000
core   0: 0x800019f8 (0x002fff33) and     t5, t6, sp
core   0: 3 0x800019f8 (0x002fff33) x30 0x00000064
core   0: 0x800019fc (0x07148a23) sb      a7, 116(s1)
core   0: 3 0x800019fc (0x07148a23) mem 0x80018fe1 0x38
core   0: 0x80001a00 (0x024b8233) mul     tp, s7, tp
core   0: 3 0x80001a00 (0x024b8233) x 4 0xcf65eb18
core   0: 0x80001a04 (0xf9c48523) sb      t3, -118(s1)
core   0: 3 0x80001a04 (0xf9c48523) mem 0x80018ef7 0xf3
core   0: 0x80001a08 (0x028e2fb3) mulhsu  t6, t3, s0
core   0: 3 0x80001a08 (0x028e2fb3) x31 0xfffffff6
core   0: 0x80001a0c (0x01535e13) srli    t3, t1, 21
core   0: 3 0x80001a0c (0x01535e13) x28 0x000007ff
core   0: 0x80001a10 (0x026bf8b3) remu    a7, s7, t1
core   0: 3 0x80001a10 (0x026bf8b3) x17 0xb549147a
core   0: 0x80001a14 (0x00000013) nop
core   0: 3 0x80001a14 (0x00000013)
core   0: 0x80001a18 (0x0168f333) and     t1, a7, s6
core   0: 3 0x80001a18 (0x0168f333) x 6 0xb549043a
core   0: 0x80001a1c (0xd4ada197) auipc   gp, 0xd4ada
core   0: 3 0x80001a1c (0xd4ada197) x 3 0x54adba1c
core   0: 0x80001a20 (0xfc3480a3) sb      gp, -63(s1)
core   0: 3 0x80001a20 (0xfc3480a3) mem 0x80018f2e 0x1c
core   0: 0x80001a24 (0xfd34c383) lbu     t2, -45(s1)
core   0: 3 0x80001a24 (0xfd34c383) x 7 0x000000b5 mem 0x80018f40
core   0: 0x80001a28 (0xf2248e83) lb      t4, -222(s1)
core   0: 3 0x80001a28 (0xf2248e83) x29 0xffffff8e mem 0x80018e8f
core   0: 0x80001a2c (0x006629b3) slt     s3, a2, t1
core   0: 3 0x80001a2c (0x006629b3) x19 0x00000000
core   0: 0x80001a30 (0x01e34533) xor     a0, t1, t5
core   0: 3 0x80001a30 (0x01e34533) x10 0xb549045e
core   0: 0x80001a34 (0x11628713) addi    a4, t0, 278
core   0: 3 0x80001a34 (0x11628713) x14 0x80010e03
core   0: 0x80001a38 (0xf5e4c603) lbu     a2, -162(s1)
core   0: 3 0x80001a38 (0xf5e4c603) x12 0x00000027 mem 0x80018ecb
core   0: 0x80001a3c (0x01361863) bne     a2, s3, pc + 16
core   0: 3 0x80001a3c (0x01361863)
core   0: 0x80001a4c (0x00ee59b3) srl     s3, t3, a4
core   0: 3 0x80001a4c (0x00ee59b3) x19 0x000000ff
core   0: 0x80001a50 (0x418a5eb3) sra     t4, s4, s8
core   0: 3 0x80001a50 (0x418a5eb3) x29 0xf000539c
core   0: 0x80001a54 (0x00000013) nop
core   0: 3 0x80001a54 (0x00000013)
core   0: 0x80001a58 (0xbe544293) xori    t0, s0, -1051
core   0: 3 0x80001a58 (0xbe544293) x 5 0x40001b23
core   0: 0x80001a5c (0x40935f93) srai    t6, t1, 9
core   0: 3 0x80001a5c (0x40935f93) x31 0xffdaa482
core   0: 0x80001a60 (0x032dfab3) remu    s5, s11, s2
core   0: 3 0x80001a60 (0x032dfab3) x21 0x00000001
core   0: 0x80001a64 (0x01cbf5b3) and     a1, s7, t3
core   0: 3 0x80001a64 (0x01cbf5b3) x11 0x0000047a
core   0: 0x80001a68 (0xa5840893) addi    a7, s0, -1448
core   0: 3 0x80001a68 (0xa5840893) x17 0xbfffdb1e
core   0: 0x80001a6c (0x001c2d33) slt     s10, s8, ra
core   0: 3 0x80001a6c (0x001c2d33) x26 0x00000001
core   0: 0x80001a70 (0x401300b3) sub     ra, t1, ra
core   0: 3 0x80001a70 (0x401300b3) x 1 0xb548d3f9
core   0: 0x80001a74 (0x00000013) nop
core   0: 3 0x80001a74 (0x00000013)
core   0: 0x80001a78 (0x024f8b33) mul     s6, t6, tp
core   0: 3 0x80001a78 (0x024f8b33) x22 0xb6ccc230
core   0: 0x80001a7c (0x40f55e33) sra     t3, a0, a5
core   0: 3 0x80001a7c (0x40f55e33) x28 0xfffffffe
core   0: 0x80001a80 (0x00969813) slli    a6, a3, 9
core   0: 3 0x80001a80 (0x00969813) x16 0xffff8400
core   0: 0x80001a84 (0x02d950b3) divu    ra, s2, a3
core   0: 3 0x80001a84 (0x02d950b3) x 1 0x00000000
core   0: 0x80001a88 (0x03678a63) beq     a5, s6, pc + 52
core   0: 3 0x80001a88 (0x03678a63)
core   0: 0x80001a8c (0x00ed5893) srli    a7, s10, 14
core   0: 3 0x80001a8c (0x00ed5893) x17 0x00000000
core   0: 0x80001a90 (0x009561b3) or      gp, a0, s1
core   0: 3 0x80001a90 (0x009561b3) x 3 0xb5498f7f
core   0: 0x80001a94 (0x012613b3) sll     t2, a2, s2
core   0: 3 0x80001a94 (0x012613b3) x 7 0x00000027
core   0: 0x80001a98 (0x32090913) addi    s2, s2, 800
core   0: 3 0x80001a98 (0x32090913) x18 0x00000320
core   0: 0x80001a9c (0x007c4c33) xor     s8, s8, t2
core   0: 3 0x80001a9c (0x007c4c33) x24 0x00000004
core   0: 0x80001aa0 (0x0026cab3) xor     s5, a3, sp
core   0: 3 0x80001aa0 (0x0026cab3) x21 0x7ffda1a6
core   0: 0x80001aa4 (0x0100a1b3) slt     gp, ra, a6
core   0: 3 0x80001aa4 (0x0100a1b3) x 3 0x00000000
core   0: 0x80001aa8 (0x05e2f863) bgeu    t0, t5, pc + 80
core   0: 3 0x80001aa8 (0x05e2f863)
core   0: 0x80001af8 (0x32bb8793) addi    a5, s7, 811
core   0: 3 0x80001af8 (0x32bb8793) x15 0xb54917a5
core   0: 0x80001afc (0x41a5d2b3) sra     t0, a1, s10
core   0: 3 0x80001afc (0x41a5d2b3) x 5 0x0000023d
core   0: 0x80001b00 (0x01df2e33) slt     t3, t5, t4
core   0: 3 0x80001b00 (0x01df2e33) x28 0x00000000
core   0: 0x80001b04 (0x0390d633) divu    a2, ra, s9
core   0: 3 0x80001b04 (0x0390d633) x12 0xffffffff
core   0: 0x80001b08 (0x0228d333) divu    t1, a7, sp
core   0: 3 0x80001b08 (0x0228d333) x 6 0x00000000
core   0: 0x80001b0c (0x013e4d33) xor     s10, t3, s3
core   0: 3 0x80001b0c (0x013e4d33) x26 0x000000ff
core   0: 0x80001b10 (0xa9bef013) andi    zero, t4, -1381
core   0: 3 0x80001b10 (0xa9bef013)
core   0: 0x80001b14 (0x01d3f263) bgeu    t2, t4, pc + 4
core   0: 3 0x80001b14 (0x01d3f263)
core   0: 0x80001b18 (0x02adc433) div     s0, s11, a0
core   0: 3 0x80001b18 (0x02adc433) x 8 0x00000000
core   0: 0x80001b1c (0x0180b733) sltu    a4, ra, s8
core   0: 3 0x80001b1c (0x0180b733) x14 0x00000001
core   0: 0x80001b20 (0x4db56b13) ori     s6, a0, 1243
core   0: 3 0x80001b20 (0x4db56b13) x22 0xb54904df
core   0: 0x80001b24 (0x0182db33) srl     s6, t0, s8
core   0: 3 0x80001b24 (0x0182db33) x22 0x00000023
core   0: 0x80001b28 (0x0313e033) rem     zero, t2, a7
core   0: 3 0x80001b28 (0x0313e033)
core   0: 0x80001b2c (0x255a3993) sltiu   s3, s4, 597
core   0: 3 0x80001b2c (0x255a3993) x19 0x00000000
core   0: 0x80001b30 (0x02b4afb3) mulhsu  t6, s1, a1
core   0: 3 0x80001b30 (0x02b4afb3) x31 0xfffffdc3
core   0: 0x80001b34 (0x006979b3) and     s3, s2, t1
core   0: 3 0x80001b34 (0x006979b3) x19 0x00000000
core   0: 0x80001b38 (0x41278033) sub     zero, a5, s2
core   0: 3 0x80001b38 (0x41278033)
core   0: 0x80001b3c (0x02de0813) addi    a6, t3, 45
core   0: 3 0x80001b3c (0x02de0813) x16 0x0000002d
core   0: 0x80001b40 (0x000d5013) srli    zero, s10, 0
core   0: 3 0x80001b40 (0x000d5013)
core   0: 0x80001b44 (0xb90fb313) sltiu   t1, t6, -1136
core   0: 3 0x80001b44 (0xb90fb313) x 6 0x00000000
core   0: 0x80001b48 (0x49a47993) andi    s3, s0, 1178
core   0: 3 0x80001b48 (0x49a47993) x19 0x00000000
core   0: 0x80001b4c (0x0348e7b3) rem     a5, a7, s4
core   0: 3 0x80001b4c (0x0348e7b3) x15 0x00000000
core   0: 0x80001b50 (0x0109feb3) and     t4, s3, a6
core   0: 3 0x80001b50 (0x0109feb3) x29 0x00000000
core   0: 0x80001b54 (0x029b8633) mul     a2, s7, s1
core   0: 3 0x80001b54 (0x029b8633) x12 0x1707ddf2
core   0: 0x80001b58 (0x03ac0533) mul     a0, s8, s10
core   0: 3 0x80001b58 (0x03ac0533) x10 0x000003fc
core   0: 0x80001b5c (0x00d21263) bne     tp, a3, pc + 4
core   0: 3 0x80001b5c (0x00d21263)
core   0: 0x80001b60 (0x01105733) srl     a4, zero, a7
core   0: 3 0x80001b60 (0x01105733) x14 0x00000000
core   0: 0x80001b64 (0x4c12f313) andi    t1, t0, 1217
core   0: 3 0x80001b64 (0x4c12f313) x 6 0x00000001
core   0: 0x80001b68 (0x00000013) nop
core   0: 3 0x80001b68 (0x00000013)
core   0: 0x80001b6c (0xc62bf793) andi    a5, s7, -926
core   0: 3 0x80001b6c (0xc62bf793) x15 0xb5491462
core   0: 0x80001b70 (0x0234bb33) mulhu   s6, s1, gp
core   0: 3 0x80001b70 (0x0234bb33) x22 0x00000000
core   0: 0x80001b74 (0x01b5fb33) and     s6, a1, s11
core   0: 3 0x80001b74 (0x01b5fb33) x22 0x00000000
core   0: 0x80001b78 (0x00ec1613) slli    a2, s8, 14
core   0: 3 0x80001b78 (0x00ec1613) x12 0x00010000
core   0: 0x80001b7c (0x03016cb3) rem     s9, sp, a6
core   0: 3 0x80001b7c (0x03016cb3) x25 0xfffffff9
core   0: 0x80001b80 (0x00f95f93) srli    t6, s2, 15
core   0: 3 0x80001b80 (0x00f95f93) x31 0x00000000
core   0: 0x80001b84 (0x03b62433) mulhsu  s0, a2, s11
core   0: 3 0x80001b84 (0x03b62433) x 8 0x00000000
core   0: 0x80001b88 (0x03e44263) blt     s0, t5, pc + 36
core   0: 3 0x80001b88 (0x03e44263)
core   0: 0x80001bac (0x01c21f13) slli    t5, tp, 28
core   0: 3 0x80001bac (0x01c21f13) x30 0x80000000
core   0: 0x80001bb0 (0x00000013) nop
core   0: 3 0x80001bb0 (0x00000013)
core   0: 0x80001bb4 (0x00e1aab3) slt     s5, gp, a4
core   0: 3 0x80001bb4 (0x00e1aab3) x21 0x00000000
core   0: 0x80001bb8 (0x015e0e63) beq     t3, s5, pc + 28
core   0: 3 0x80001bb8 (0x015e0e63)
core   0: 0x80001bd4 (0x01b0f233) and     tp, ra, s11
core   0: 3 0x80001bd4 (0x01b0f233) x 4 0x00000000
core   0: 0x80001bd8 (0x02704263) blt     zero, t2, pc + 36
core   0: 3 0x80001bd8 (0x02704263)
core   0: 0x80001bfc (0x02ca4fb3) div     t6, s4, a2
core   0: 3 0x80001bfc (0x02ca4fb3) x31 0xffff8003
core   0: 0x80001c00 (0x015c6ab3) or      s5, s8, s5
core   0: 3 0x80001c00 (0x015c6ab3) x21 0x00000004
core   0: 0x80001c04 (0x0064ec63) bltu    s1, t1, pc + 24
core   0: 3 0x80001c04 (0x0064ec63)
core   0: 0x80001c08 (0x01a9ec63) bltu    s3, s10, pc + 24
core   0: 3 0x80001c08 (0x01a9ec63)
core   0: 0x80001c20 (0x011b5013) srli    zero, s6, 17
core   0: 3 0x80001c20 (0x011b5013)
core   0: 0x80001c24 (0x00848663) beq     s1, s0, pc + 12
core   0: 3 0x80001c24 (0x00848663)
core   0: 0x80001c28 (0x5f31ea93) ori     s5, gp, 1523
core   0: 3 0x80001c28 (0x5f31ea93) x21 0x000005f3
core   0: 0x80001c2c (0x0386d263) bge     a3, s8, pc + 36
core   0: 3 0x80001c2c (0x0386d263)
core   0: 0x80001c30 (0x0198c3b3) xor     t2, a7, s9
core   0: 3 0x80001c30 (0x0198c3b3) x 7 0xfffffff9
core   0: 0x80001c34 (0x02110a63) beq     sp, ra, pc + 52
core   0: 3 0x80001c34 (0x02110a63)
core   0: 0x80001c38 (0xce062f93) slti    t6, a2, -800
core   0: 3 0x80001c38 (0xce062f93) x31 0x00000000
core   0: 0x80001c3c (0x031bcd33) div     s10, s7, a7
core   0: 3 0x80001c3c (0x031bcd33) x26 0xffffffff
core   0: 0x80001c40 (0x00779663) bne     a5, t2, pc + 12
core   0: 3 0x80001c40 (0x00779663)
core   0: 0x80001c4c (0xcd5d9737) lui     a4, 0xcd5d9
core   0: 3 0x80001c4c (0xcd5d9737) x14 0xcd5d9000
core   0: 0x80001c50 (0x0318c8b3) div     a7, a7, a7
core   0: 3 0x80001c50 (0x0318c8b3) x17 0xffffffff
core   0: 0x80001c54 (0x03175263) bge     a4, a7, pc + 36
core   0: 3 0x80001c54 (0x03175263)
core   0: 0x80001c58 (0xd3ed0c93) addi    s9, s10, -706
core   0: 3 0x80001c58 (0xd3ed0c93) x25 0xfffffd3d
core   0: 0x80001c5c (0x402c7693) andi    a3, s8, 1026
core   0: 3 0x80001c5c (0x402c7693) x13 0x00000000
core   0: 0x80001c60 (0x02546333) rem     t1, s0, t0
core   0: 3 0x80001c60 (0x02546333) x 6 0x00000000
core   0: 0x80001c64 (0x4082dab3) sra     s5, t0, s0
core   0: 3 0x80001c64 (0x4082dab3) x21 0x0000023d
core   0: 0x80001c68 (0x03cc60b3) rem     ra, s8, t3
core   0: 3 0x80001c68 (0x03cc60b3) x 1 0x00000004
core   0: 0x80001c6c (0x00e5b0b3) sltu    ra, a1, a4
core   0: 3 0x80001c6c (0x00e5b0b3) x 1 0x00000001
core   0: 0x80001c70 (0x03b1ec63) bltu    gp, s11, pc + 56
core   0: 3 0x80001c70 (0x03b1ec63)
core   0: 0x80001ca8 (0x412c5893) srai    a7, s8, 18
core   0: 3 0x80001ca8 (0x412c5893) x17 0x00000000
core   0: 0x80001cac (0x012f0d33) add     s10, t5, s2
core   0: 3 0x80001cac (0x012f0d33) x26 0x80000320
core   0: 0x80001cb0 (0xaaa38193) addi    gp, t2, -1366
core   0: 3 0x80001cb0 (0xaaa38193) x 3 0xfffffaa3
core   0: 0x80001cb4 (0xbef720b7) lui     ra, 0xbef72
core   0: 3 0x80001cb4 (0xbef720b7) x 1 0xbef72000
core   0: 0x80001cb8 (0x01865863) bge     a2, s8, pc + 16
core   0: 3 0x80001cb8 (0x01865863)
core   0: 0x80001cc8 (0x410854b3) sra     s1, a6, a6
core   0: 3 0x80001cc8 (0x410854b3) x 9 0x00000000
core   0: 0x80001ccc (0x5de16d13) ori     s10, sp, 1502
core   0: 3 0x80001ccc (0x5de16d13) x26 0x80025ffe
core   0: 0x80001cd0 (0x0000fc97) auipc   s9, 0xf
core   0: 3 0x80001cd0 (0x0000fc97) x25 0x80010cd0
core   0: 0x80001cd4 (0xda9c8c93) addi    s9, s9, -599
core   0: 3 0x80001cd4 (0xda9c8c93) x25 0x80010a79
core   0: 0x80001cd8 (0x051cd5b7) lui     a1, 0x51cd
core   0: 3 0x80001cd8 (0x051cd5b7) x11 0x051cd000
core   0: 0x80001cdc (0xff7ca383) lw      t2, -9(s9)
core   0: 3 0x80001cdc (0xff7ca383) x 7 0xadfde304 mem 0x80010a70
core   0: 0x80001ce0 (0x004c8003) lb      zero, 4(s9)
core   0: 3 0x80001ce0 (0x004c8003) mem 0x80010a7d
core   0: 0x80001ce4 (0xbe57e693) ori     a3, a5, -1051
core   0: 3 0x80001ce4 (0xbe57e693) x13 0xffffffe7
core   0: 0x80001ce8 (0x025fcfb3) div     t6, t6, t0
core   0: 3 0x80001ce8 (0x025fcfb3) x31 0x00000000
core   0: 0x80001cec (0x02da7333) remu    t1, s4, a3
core   0: 3 0x80001cec (0x02da7333) x 6 0x80029ce4
core   0: 0x80001cf0 (0x002c8c03) lb      s8, 2(s9)
core   0: 3 0x80001cf0 (0x002c8c03) x24 0x00000030 mem 0x80010a7b
core   0: 0x80001cf4 (0x003c8483) lb      s1, 3(s9)
core   0: 3 0x80001cf4 (0x003c8483) x 9 0xffffff8b mem 0x80010a7c
core   0: 0x80001cf8 (0x001bb833) sltu    a6, s7, ra
core   0: 3 0x80001cf8 (0x001bb833) x16 0x00000001
core   0: 0x80001cfc (0x407d04b3) sub     s1, s10, t2
core   0: 3 0x80001cfc (0x407d04b3) x 9 0xd2047cfa
core   0: 0x80001d00 (0xfffc8003) lb      zero, -1(s9)
core   0: 3 0x80001d00 (0xfffc8003) mem 0x80010a78
core   0: 0x80001d04 (0xfe3c8d23) sb      gp, -6(s9)
core   0: 3 0x80001d04 (0xfe3c8d23) mem 0x80010a73 0xa3
core   0: 0x80001d08 (0x33647f93) andi    t6, s0, 822
core   0: 3 0x80001d08 (0x33647f93) x31 0x00000000
core   0: 0x80001d0c (0x039a4ab3) div     s5, s4, s9
core   0: 3 0x80001d0c (0x039a4ab3) x21 0x00000000
core   0: 0x80001d10 (0xff4c8383) lb      t2, -12(s9)
core   0: 3 0x80001d10 (0xff4c8383) x 7 0xffffff89 mem 0x80010a6d
core   0: 0x80001d14 (0x022fa333) mulhsu  t1, t6, sp
core   0: 3 0x80001d14 (0x022fa333) x 6 0x00000000
core   0: 0x80001d18 (0x9e722313) slti    t1, tp, -1561
core   0: 3 0x80001d18 (0x9e722313) x 6 0x00000000
core   0: 0x80001d1c (0x001cd203) lhu     tp, 1(s9)
core   0: 3 0x80001d1c (0x001cd203) x 4 0x000030a3 mem 0x80010a7a
core   0: 0x80001d20 (0x031338b3) mulhu   a7, t1, a7
core   0: 3 0x80001d20 (0x031338b3) x17 0x00000000
core   0: 0x80001d24 (0x01405493) srli    s1, zero, 20
core   0: 3 0x80001d24 (0x01405493) x 9 0x00000000
core   0: 0x80001d28 (0x004c8803) lb      a6, 4(s9)
core   0: 3 0x80001d28 (0x004c8803) x16 0xfffffff4 mem 0x80010a7d
core   0: 0x80001d2c (0x035be8b3) rem     a7, s7, s5
core   0: 3 0x80001d2c (0x035be8b3) x17 0xb549147a
core   0: 0x80001d30 (0xff9cd183) lhu     gp, -7(s9)
core   0: 3 0x80001d30 (0xff9cd183) x 3 0x0000a3fd mem 0x80010a72
core   0: 0x80001d34 (0x008546b3) xor     a3, a0, s0
core   0: 3 0x80001d34 (0x008546b3) x13 0x000003fc
core   0: 0x80001d38 (0x00ec8d83) lb      s11, 14(s9)
core   0: 3 0x80001d38 (0x00ec8d83) x27 0x0000004d mem 0x80010a87
core   0: 0x80001d3c (0x02650033) mul     zero, a0, t1
core   0: 3 0x80001d3c (0x02650033)
core   0: 0x80001d40 (0x003c8d83) lb      s11, 3(s9)
core   0: 3 0x80001d40 (0x003c8d83) x27 0xffffff8b mem 0x80010a7c
core   0: 0x80001d44 (0x00cc8d03) lb      s10, 12(s9)
core   0: 3 0x80001d44 (0x00cc8d03) x26 0xffffffd6 mem 0x80010a85
core   0: 0x80001d48 (0xff7cad83) lw      s11, -9(s9)
core   0: 3 0x80001d48 (0xff7cad83) x27 0xa3fde304 mem 0x80010a70
core   0: 0x80001d4c (0x002c84a3) sb      sp, 9(s9)
core   0: 3 0x80001d4c (0x002c84a3) mem 0x80010a82 0x64
core   0: 0x80001d50 (0xffbcdc03) lhu     s8, -5(s9)
core   0: 3 0x80001d50 (0xffbcdc03) x24 0x00005d87 mem 0x80010a74
core   0: 0x80001d54 (0x006cc003) lbu     zero, 6(s9)
core   0: 3 0x80001d54 (0x006cc003) mem 0x80010a7f
core   0: 0x80001d58 (0xc77aa313) slti    t1, s5, -905
core   0: 3 0x80001d58 (0xc77aa313) x 6 0x00000000
core   0: 0x80001d5c (0x408f0c33) sub     s8, t5, s0
core   0: 3 0x80001d5c (0x408f0c33) x24 0x80000000
core   0: 0x80001d60 (0x03ffd333) divu    t1, t6, t6
core   0: 3 0x80001d60 (0x03ffd333) x 6 0xffffffff
core   0: 0x80001d64 (0xfe8c9ea3) sh      s0, -3(s9)
core   0: 3 0x80001d64 (0xfe8c9ea3) mem 0x80010a76 0x0000
core   0: 0x80001d68 (0x47b0ca93) xori    s5, ra, 1147
core   0: 3 0x80001d68 (0x47b0ca93) x21 0xbef7247b
core   0: 0x80001d6c (0x7fce4d97) auipc   s11, 0x7fce4
core   0: 3 0x80001d6c (0x7fce4d97) x27 0xffce5d6c
core   0: 0x80001d70 (0x05a19063) bne     gp, s10, pc + 64
core   0: 3 0x80001d70 (0x05a19063)
core   0: 0x80001db0 (0x00f5bb33) sltu    s6, a1, a5
core   0: 3 0x80001db0 (0x00f5bb33) x22 0x00000001
core   0: 0x80001db4 (0x0244eeb3) rem     t4, s1, tp
core   0: 3 0x80001db4 (0x0244eeb3) x29 0x00000000
core   0: 0x80001db8 (0x706e7013) andi    zero, t3, 1798
core   0: 3 0x80001db8 (0x706e7013)
core   0: 0x80001dbc (0x00000013) nop
core   0: 3 0x80001dbc (0x00000013)
core   0: 0x80001dc0 (0x4185ba93) sltiu   s5, a1, 1048
core   0: 3 0x80001dc0 (0x4185ba93) x21 0x00000000
core   0: 0x80001dc4 (0x02db77b3) remu    a5, s6, a3
core   0: 3 0x80001dc4 (0x02db77b3) x15 0x00000001
core   0: 0x80001dc8 (0x02879863) bne     a5, s0, pc + 48
core   0: 3 0x80001dc8 (0x02879863)
core   0: 0x80001df8 (0x4166fc17) auipc   s8, 0x4166f
core   0: 3 0x80001df8 (0x4166fc17) x24 0xc1670df8
core   0: 0x80001dfc (0x0139acb3) slt     s9, s3, s3
core   0: 3 0x80001dfc (0x0139acb3) x25 0x00000000
core   0: 0x80001e00 (0x0356b933) mulhu   s2, a3, s5
core   0: 3 0x80001e00 (0x0356b933) x18 0x00000000
core   0: 0x80001e04 (0x01d90fb3) add     t6, s2, t4
core   0: 3 0x80001e04 (0x01d90fb3) x31 0x00000000
core   0: 0x80001e08 (0x00949f13) slli    t5, s1, 9
core   0: 3 0x80001e08 (0x00949f13) x30 0x00000000
core   0: 0x80001e0c (0x0074dc33) srl     s8, s1, t2
core   0: 3 0x80001e0c (0x0074dc33) x24 0x00000000
core   0: 0x80001e10 (0x05510263) beq     sp, s5, pc + 68
core   0: 3 0x80001e10 (0x05510263)
core   0: 0x80001e14 (0x027180b3) mul     ra, gp, t2
core   0: 3 0x80001e14 (0x027180b3) x 1 0xffb3c565
core   0: 0x80001e18 (0x034c9cb3) mulh    s9, s9, s4
core   0: 3 0x80001e18 (0x034c9cb3) x25 0x00000000
core   0: 0x80001e1c (0x10806793) ori     a5, zero, 264
core   0: 3 0x80001e1c (0x10806793) x15 0x00000108
core   0: 0x80001e20 (0x00768d33) add     s10, a3, t2
core   0: 3 0x80001e20 (0x00768d33) x26 0x00000385
core   0: 0x80001e24 (0x02154063) blt     a0, ra, pc + 32
core   0: 3 0x80001e24 (0x02154063)
core   0: 0x80001e28 (0x4181ddb3) sra     s11, gp, s8
core   0: 3 0x80001e28 (0x4181ddb3) x27 0x0000a3fd
core   0: 0x80001e2c (0x011fe2b3) or      t0, t6, a7
core   0: 3 0x80001e2c (0x011fe2b3) x 5 0xb549147a
core   0: 0x80001e30 (0x016a26b3) slt     a3, s4, s6
core   0: 3 0x80001e30 (0x016a26b3) x13 0x00000001
core   0: 0x80001e34 (0x11c8bb13) sltiu   s6, a7, 284
core   0: 3 0x80001e34 (0x11c8bb13) x22 0x00000000
core   0: 0x80001e38 (0x0101a5b3) slt     a1, gp, a6
core   0: 3 0x80001e38 (0x0101a5b3) x11 0x00000000
core   0: 0x80001e3c (0x9bcf3a93) sltiu   s5, t5, -1604
core   0: 3 0x80001e3c (0x9bcf3a93) x21 0x00000001
core   0: 0x80001e40 (0x00d67663) bgeu    a2, a3, pc + 12
core   0: 3 0x80001e40 (0x00d67663)
core   0: 0x80001e4c (0x028fbfb3) mulhu   t6, t6, s0
core   0: 3 0x80001e4c (0x028fbfb3) x31 0x00000000
core   0: 0x80001e50 (0x01d793b3) sll     t2, a5, t4
core   0: 3 0x80001e50 (0x01d793b3) x 7 0x00000108
core   0: 0x80001e54 (0x0242c033) div     zero, t0, tp
core   0: 3 0x80001e54 (0x0242c033)
core   0: 0x80001e58 (0x41ac5693) srai    a3, s8, 26
core   0: 3 0x80001e58 (0x41ac5693) x13 0x00000000
core   0: 0x80001e5c (0x01e55413) srli    s0, a0, 30
core   0: 3 0x80001e5c (0x01e55413) x 8 0x00000000
core   0: 0x80001e60 (0x01635893) srli    a7, t1, 22
core   0: 3 0x80001e60 (0x01635893) x17 0x000003ff
core   0: 0x80001e64 (0x028c5233) divu    tp, s8, s0
core   0: 3 0x80001e64 (0x028c5233) x 4 0xffffffff
core   0: 0x80001e68 (0x01f1eab3) or      s5, gp, t6
core   0: 3 0x80001e68 (0x01f1eab3) x21 0x0000a3fd
core   0: 0x80001e6c (0xa8bff293) andi    t0, t6, -1397
core   0: 3 0x80001e6c (0xa8bff293) x 5 0x00000000
core   0: 0x80001e70 (0x0201f863) bgeu    gp, zero, pc + 48
core   0: 3 0x80001e70 (0x0201f863)
core   0: 0x80001ea0 (0x41cd5713) srai    a4, s10, 28
core   0: 3 0x80001ea0 (0x41cd5713) x14 0x00000000
core   0: 0x80001ea4 (0x01234f33) xor     t5, t1, s2
core   0: 3 0x80001ea4 (0x01234f33) x30 0xffffffff
core   0: 0x80001ea8 (0x01c4d913) srli    s2, s1, 28
core   0: 3 0x80001ea8 (0x01c4d913) x18 0x00000000
core   0: 0x80001eac (0x0011cab3) xor     s5, gp, ra
core   0: 3 0x80001eac (0x0011cab3) x21 0xffb36698
core   0: 0x80001eb0 (0x2b93cf97) auipc   t6, 0x2b93c
core   0: 3 0x80001eb0 (0x2b93cf97) x31 0xab93deb0
core   0: 0x80001eb4 (0x03bd60b3) rem     ra, s10, s11
core   0: 3 0x80001eb4 (0x03bd60b3) x 1 0x00000385
core   0: 0x80001eb8 (0x0220c863) blt     ra, sp, pc + 48
core   0: 3 0x80001eb8 (0x0220c863)
core   0: 0x80001ebc (0x030a8263) beq     s5, a6, pc + 36
core   0: 3 0x80001ebc (0x030a8263)
core   0: 0x80001ec0 (0x03b37eb3) remu    t4, t1, s11
core   0: 3 0x80001ec0 (0x03b37eb3) x29 0x000042e8
core   0: 0x80001ec4 (0x03d88ab3) mul     s5, a7, t4
core   0: 3 0x80001ec4 (0x03d88ab3) x21 0x010b5d18
core   0: 0x80001ec8 (0x00a84263) blt     a6, a0, pc + 4
core   0: 3 0x80001ec8 (0x00a84263)
core   0: 0x80001ecc (0x011e42b3) xor     t0, t3, a7
core   0: 3 0x80001ecc (0x011e42b3) x 5 0x000003ff
core   0: 0x80001ed0 (0x039c6fb3) rem     t6, s8, s9
core   0: 3 0x80001ed0 (0x039c6fb3) x31 0x00000000
core   0: 0x80001ed4 (0x03f3e2b3) rem     t0, t2, t6
core   0: 3 0x80001ed4 (0x03f3e2b3) x 5 0x00000108
core   0: 0x80001ed8 (0x0019be33) sltu    t3, s3, ra
core   0: 3 0x80001ed8 (0x0019be33) x28 0x00000001
core   0: 0x80001edc (0x00a5d233) srl     tp, a1, a0
core   0: 3 0x80001edc (0x00a5d233) x 4 0x00000000
core   0: 0x80001ee0 (0x00d90eb3) add     t4, s2, a3
core   0: 3 0x80001ee0 (0x00d90eb3) x29 0x00000000
core   0: 0x80001ee4 (0x02702e33) mulhsu  t3, zero, t2
core   0: 3 0x80001ee4 (0x02702e33) x28 0x00000000
core   0: 0x80001ee8 (0x02895cb3) divu    s9, s2, s0
core   0: 3 0x80001ee8 (0x02895cb3) x25 0xffffffff
core   0: 0x80001eec (0x00eb18b3) sll     a7, s6, a4
core   0: 3 0x80001eec (0x00eb18b3) x17 0x00000000
core   0: 0x80001ef0 (0x00e9d293) srli    t0, s3, 14
core   0: 3 0x80001ef0 (0x00e9d293) x 5 0x00000000
core   0: 0x80001ef4 (0x415bd393) srai    t2, s7, 21
core   0: 3 0x80001ef4 (0x415bd393) x 7 0xfffffdaa
core   0: 0x80001ef8 (0x02e78a63) beq     a5, a4, pc + 52
core   0: 3 0x80001ef8 (0x02e78a63)
core   0: 0x80001efc (0x02542db3) mulhsu  s11, s0, t0
core   0: 3 0x80001efc (0x02542db3) x27 0x00000000
core   0: 0x80001f00 (0x000601b3) add     gp, a2, zero
core   0: 3 0x80001f00 (0x000601b3) x 3 0x00010000
core   0: 0x80001f04 (0x0058e033) or      zero, a7, t0
core   0: 3 0x80001f04 (0x0058e033)
core   0: 0x80001f08 (0xa0230093) addi    ra, t1, -1534
core   0: 3 0x80001f08 (0xa0230093) x 1 0xfffffa01
core   0: 0x80001f0c (0x64bac493) xori    s1, s5, 1611
core   0: 3 0x80001f0c (0x64bac493) x 9 0x010b5b53
core   0: 0x80001f10 (0x02123b33) mulhu   s6, tp, ra
core   0: 3 0x80001f10 (0x02123b33) x22 0x00000000
core   0: 0x80001f14 (0x000f66b3) or      a3, t5, zero
core   0: 3 0x80001f14 (0x000f66b3) x13 0xffffffff
core   0: 0x80001f18 (0x415c0c33) sub     s8, s8, s5
core   0: 3 0x80001f18 (0x415c0c33) x24 0xfef4a2e8
core   0: 0x80001f1c (0x01f51c63) bne     a0, t6, pc + 24
core   0: 3 0x80001f1c (0x01f51c63)
core   0: 0x80001f34 (0x403ed493) srai    s1, t4, 3
core   0: 3 0x80001f34 (0x403ed493) x 9 0x00000000
core   0: 0x80001f38 (0x0067d093) srli    ra, a5, 6
core   0: 3 0x80001f38 (0x0067d093) x 1 0x00000004
core   0: 0x80001f3c (0x008087b3) add     a5, ra, s0
core   0: 3 0x80001f3c (0x008087b3) x15 0x00000004
core   0: 0x80001f40 (0x41625d13) srai    s10, tp, 22
core   0: 3 0x80001f40 (0x41625d13) x26 0x00000000
core   0: 0x80001f44 (0x05750663) beq     a0, s7, pc + 76
core   0: 3 0x80001f44 (0x05750663)
core   0: 0x80001f48 (0x031743b3) div     t2, a4, a7
core   0: 3 0x80001f48 (0x031743b3) x 7 0xffffffff
core   0: 0x80001f4c (0x4188d013) srai    zero, a7, 24
core   0: 3 0x80001f4c (0x4188d013)
core   0: 0x80001f50 (0x1ecb2213) slti    tp, s6, 492
core   0: 3 0x80001f50 (0x1ecb2213) x 4 0x00000001
core   0: 0x80001f54 (0x0375c8b3) div     a7, a1, s7
core   0: 3 0x80001f54 (0x0375c8b3) x17 0x00000000
core   0: 0x80001f58 (0x00c011b3) sll     gp, zero, a2
core   0: 3 0x80001f58 (0x00c011b3) x 3 0x00000000
core   0: 0x80001f5c (0x7590cd93) xori    s11, ra, 1881
core   0: 3 0x80001f5c (0x7590cd93) x27 0x0000075d
core   0: 0x80001f60 (0x0276f833) remu    a6, a3, t2
core   0: 3 0x80001f60 (0x0276f833) x16 0x00000000
core   0: 0x80001f64 (0x02f1fa63) bgeu    gp, a5, pc + 52
core   0: 3 0x80001f64 (0x02f1fa63)
core   0: 0x80001f68 (0x035e6263) bltu    t3, s5, pc + 36
core   0: 3 0x80001f68 (0x035e6263)
core   0: 0x80001f8c (0x03616fb3) rem     t6, sp, s6
core   0: 3 0x80001f8c (0x03616fb3) x31 0x80025e64
core   0: 0x80001f90 (0x02c09e63) bne     ra, a2, pc + 60
core   0: 3 0x80001f90 (0x02c09e63)
core   0: 0x80001fcc (0x0384a533) mulhsu  a0, s1, s8
core   0: 3 0x80001fcc (0x0384a533) x10 0x00000000
core   0: 0x80001fd0 (0x00000013) nop
core   0: 3 0x80001fd0 (0x00000013)
core   0: 0x80001fd4 (0x00ff1463) bne     t5, a5, pc + 8
core   0: 3 0x80001fd4 (0x00ff1463)
core   0: 0x80001fdc (0x01083233) sltu    tp, a6, a6
core   0: 3 0x80001fdc (0x01083233) x 4 0x00000000
core   0: 0x80001fe0 (0x015a4db3) xor     s11, s4, s5
core   0: 3 0x80001fe0 (0x015a4db3) x27 0x8109c1fc
core   0: 0x80001fe4 (0x00000013) nop
core   0: 3 0x80001fe4 (0x00000013)
core   0: 0x80001fe8 (0x03252db3) mulhsu  s11, a0, s2
core   0: 3 0x80001fe8 (0x03252db3) x27 0x00000000
core   0: 0x80001fec (0x1f5a7f93) andi    t6, s4, 501
core   0: 3 0x80001fec (0x1f5a7f93) x31 0x000000e4
core   0: 0x80001ff0 (0x01713fb3) sltu    t6, sp, s7
core   0: 3 0x80001ff0 (0x01713fb3) x31 0x00000001
core   0: 0x80001ff4 (0xb0e9f737) lui     a4, 0xb0e9f
core   0: 3 0x80001ff4 (0xb0e9f737) x14 0xb0e9f000
core   0: 0x80001ff8 (0x008a1fb3) sll     t6, s4, s0
core   0: 3 0x80001ff8 (0x008a1fb3) x31 0x80029ce4
core   0: 0x80001ffc (0x02d3a7b3) mulhsu  a5, t2, a3
core   0: 3 0x80001ffc (0x02d3a7b3) x15 0xffffffff
core   0: 0x80002000 (0x6e8fed13) ori     s10, t6, 1768
core   0: 3 0x80002000 (0x6e8fed13) x26 0x80029eec
core   0: 0x80002004 (0xd778be93) sltiu   t4, a7, -649
core   0: 3 0x80002004 (0xd778be93) x29 0x00000001
core   0: 0x80002008 (0xef73c813) xori    a6, t2, -265
core   0: 3 0x80002008 (0xef73c813) x16 0x00000108
core   0: 0x8000200c (0x00000013) nop
core   0: 3 0x8000200c (0x00000013)
core   0: 0x80002010 (0x00000013) nop
core   0: 3 0x80002010 (0x00000013)
core   0: 0x80002014 (0x022ec6b3) div     a3, t4, sp
core   0: 3 0x80002014 (0x022ec6b3) x13 0x00000000
core   0: 0x80002018 (0x40f2d813) srai    a6, t0, 15
core   0: 3 0x80002018 (0x40f2d813) x16 0x00000000
core   0: 0x8000201c (0x03639e33) mulh    t3, t2, s6
core   0: 3 0x8000201c (0x03639e33) x28 0x00000000
core   0: 0x80002020 (0x01958f33) add     t5, a1, s9
core   0: 3 0x80002020 (0x01958f33) x30 0xffffffff
core   0: 0x80002024 (0x01d45863) bge     s0, t4, pc + 16
core   0: 3 0x80002024 (0x01d45863)
core   0: 0x80002028 (0xb0841d17) auipc   s10, 0xb0841
core   0: 3 0x80002028 (0xb0841d17) x26 0x30843028
core   0: 0x8000202c (0x44d58013) addi    zero, a1, 1101
core   0: 3 0x8000202c (0x44d58013)
core   0: 0x80002030 (0x05c79863) bne     a5, t3, pc + 80
core   0: 3 0x80002030 (0x05c79863)
core   0: 0x80002080 (0xeca22313) slti    t1, tp, -310
core   0: 3 0x80002080 (0xeca22313) x 6 0x00000000
core   0: 0x80002084 (0x412155b3) sra     a1, sp, s2
core   0: 3 0x80002084 (0x412155b3) x11 0x80025e64
core   0: 0x80002088 (0x0137a033) slt     zero, a5, s3
core   0: 3 0x80002088 (0x0137a033)
core   0: 0x8000208c (0x010efab3) and     s5, t4, a6
core   0: 3 0x8000208c (0x010efab3) x21 0x00000000
core   0: 0x80002090 (0x012118b3) sll     a7, sp, s2
core   0: 3 0x80002090 (0x012118b3) x17 0x80025e64
core   0: 0x80002094 (0xbf5ba213) slti    tp, s7, -1035
core   0: 3 0x80002094 (0xbf5ba213) x 4 0x00000001
core   0: 0x80002098 (0x027ad1b3) divu    gp, s5, t2
core   0: 3 0x80002098 (0x027ad1b3) x 3 0x00000000
core   0: 0x8000209c (0x68072893) slti    a7, a4, 1664
core   0: 3 0x8000209c (0x68072893) x17 0x00000001
core   0: 0x800020a0 (0x9edfc213) xori    tp, t6, -1555
core   0: 3 0x800020a0 (0x9edfc213) x 4 0x7ffd6509
core   0: 0x800020a4 (0x103b2b13) slti    s6, s6, 259
core   0: 3 0x800020a4 (0x103b2b13) x22 0x00000001
core   0: 0x800020a8 (0xfdfda513) slti    a0, s11, -33
core   0: 3 0x800020a8 (0xfdfda513) x10 0x00000000
core   0: 0x800020ac (0x01afdd13) srli    s10, t6, 26
core   0: 3 0x800020ac (0x01afdd13) x26 0x00000020
core   0: 0x800020b0 (0x026cec63) bltu    s9, t1, pc + 56
core   0: 3 0x800020b0 (0x026cec63)
core   0: 0x800020b4 (0x00de9a93) slli    s5, t4, 13
core   0: 3 0x800020b4 (0x00de9a93) x21 0x00002000
core   0: 0x800020b8 (0x447ab813) sltiu   a6, s5, 1095
core   0: 3 0x800020b8 (0x447ab813) x16 0x00000000
core   0: 0x800020bc (0x01202d33) slt     s10, zero, s2
core   0: 3 0x800020bc (0x01202d33) x26 0x00000000
core   0: 0x800020c0 (0x037dddb3) divu    s11, s11, s7
core   0: 3 0x800020c0 (0x037dddb3) x27 0x00000000
core   0: 0x800020c4 (0x00000013) nop
core   0: 3 0x800020c4 (0x00000013)
core   0: 0x800020c8 (0x0177df33) srl     t5, a5, s7
core   0: 3 0x800020c8 (0x0177df33) x30 0x0000003f
core   0: 0x800020cc (0x42bafe93) andi    t4, s5, 1067
core   0: 3 0x800020cc (0x42bafe93) x29 0x00000000
core   0: 0x800020d0 (0x413182b3) sub     t0, gp, s3
core   0: 3 0x800020d0 (0x413182b3) x 5 0x00000000
core   0: 0x800020d4 (0x00b6b533) sltu    a0, a3, a1
core   0: 3 0x800020d4 (0x00b6b533) x10 0x00000001
core   0: 0x800020d8 (0x029bc3b3) div     t2, s7, s1
core   0: 3 0x800020d8 (0x029bc3b3) x 7 0xffffffff
core   0: 0x800020dc (0x40c85533) sra     a0, a6, a2
core   0: 3 0x800020dc (0x40c85533) x10 0x00000000
core   0: 0x800020e0 (0x01f9d1b3) srl     gp, s3, t6
core   0: 3 0x800020e0 (0x01f9d1b3) x 3 0x00000000
core   0: 0x800020e4 (0x00901413) slli    s0, zero, 9
core   0: 3 0x800020e4 (0x00901413) x 8 0x00000000
core   0: 0x800020e8 (0xc6a33813) sltiu   a6, t1, -918
core   0: 3 0x800020e8 (0xc6a33813) x16 0x00000001
core   0: 0x800020ec (0xf1a4a493) slti    s1, s1, -230
core   0: 3 0x800020ec (0xf1a4a493) x 9 0x00000000
core   0: 0x800020f0 (0x02ee8eb3) mul     t4, t4, a4
core   0: 3 0x800020f0 (0x02ee8eb3) x29 0x00000000
core   0: 0x800020f4 (0x019c4b33) xor     s6, s8, s9
core   0: 3 0x800020f4 (0x019c4b33) x22 0x010b5d17
core   0: 0x800020f8 (0x03cecb33) div     s6, t4, t3
core   0: 3 0x800020f8 (0x03cecb33) x22 0xffffffff
core   0: 0x800020fc (0x00be4863) blt     t3, a1, pc + 16
core   0: 3 0x800020fc (0x00be4863)
core   0: 0x80002100 (0x01f4a633) slt     a2, s1, t6
core   0: 3 0x80002100 (0x01f4a633) x12 0x00000000
core   0: 0x80002104 (0x022d4263) blt     s10, sp, pc + 36
core   0: 3 0x80002104 (0x022d4263)
core   0: 0x80002108 (0xbbf0f693) andi    a3, ra, -1089
core   0: 3 0x80002108 (0xbbf0f693) x13 0x00000004
core   0: 0x8000210c (0x40405b33) sra     s6, zero, tp
core   0: 3 0x8000210c (0x40405b33) x22 0x00000000
core   0: 0x80002110 (0xcdafe317) auipc   t1, 0xcdafe
core   0: 3 0x80002110 (0xcdafe317) x 6 0x4db00110
core   0: 0x80002114 (0x4071d733) sra     a4, gp, t2
core   0: 3 0x80002114 (0x4071d733) x14 0x00000000
core   0: 0x80002118 (0x435dec93) ori     s9, s11, 1077
core   0: 3 0x80002118 (0x435dec93) x25 0x00000435
core   0: 0x8000211c (0x0536d063) bge     a3, s3, pc + 64
core   0: 3 0x8000211c (0x0536d063)
core   0: 0x8000215c (0x0309cfb3) div     t6, s3, a6
core   0: 3 0x8000215c (0x0309cfb3) x31 0x00000000
core   0: 0x80002160 (0x8b147293) andi    t0, s0, -1871
core   0: 3 0x80002160 (0x8b147293) x 5 0x00000000
core   0: 0x80002164 (0x0075fe33) and     t3, a1, t2
core   0: 3 0x80002164 (0x0075fe33) x28 0x80025e64
core   0: 0x80002168 (0x01447463) bgeu    s0, s4, pc + 8
core   0: 3 0x80002168 (0x01447463)
core   0: 0x8000216c (0x0290ddb3) divu    s11, ra, s1
core   0: 3 0x8000216c (0x0290ddb3) x27 0xffffffff
core   0: 0x80002170 (0xd48f1e37) lui     t3, 0xd48f1
core   0: 3 0x80002170 (0xd48f1e37) x28 0xd48f1000
core   0: 0x80002174 (0x73eee213) ori     tp, t4, 1854
core   0: 3 0x80002174 (0x73eee213) x 4 0x0000073e
core   0: 0x80002178 (0x020bd263) bgez    s7, pc + 36
core   0: 3 0x80002178 (0x020bd263)
core   0: 0x8000217c (0x00fa1cb3) sll     s9, s4, a5
core   0: 3 0x8000217c (0x00fa1cb3) x25 0x00000000
core   0: 0x80002180 (0x00f99fb3) sll     t6, s3, a5
core   0: 3 0x80002180 (0x00f99fb3) x31 0x00000000
core   0: 0x80002184 (0x00600c63) beq     zero, t1, pc + 24
core   0: 3 0x80002184 (0x00600c63)
core   0: 0x80002188 (0x00fb97b3) sll     a5, s7, a5
core   0: 3 0x80002188 (0x00fb97b3) x15 0x00000000
core   0: 0x8000218c (0x61f23c97) auipc   s9, 0x61f23
core   0: 3 0x8000218c (0x61f23c97) x25 0xe1f2518c
core   0: 0x80002190 (0x009cf233) and     tp, s9, s1
core   0: 3 0x80002190 (0x009cf233) x 4 0x00000000
core   0: 0x80002194 (0x0018b933) sltu    s2, a7, ra
core   0: 3 0x80002194 (0x0018b933) x18 0x00000001
core   0: 0x80002198 (0x2c3ef4b7) lui     s1, 0x2c3ef
core   0: 3 0x80002198 (0x2c3ef4b7) x 9 0x2c3ef000
core   0: 0x8000219c (0x03d1dc33) divu    s8, gp, t4
core   0: 3 0x8000219c (0x03d1dc33) x24 0xffffffff
core   0: 0x800021a0 (0x01cd0333) add     t1, s10, t3
core   0: 3 0x800021a0 (0x01cd0333) x 6 0xd48f1000
core   0: 0x800021a4 (0x1daba513) slti    a0, s7, 474
core   0: 3 0x800021a4 (0x1daba513) x10 0x00000001
core   0: 0x800021a8 (0x01d31933) sll     s2, t1, t4
core   0: 3 0x800021a8 (0x01d31933) x18 0xd48f1000
core   0: 0x800021ac (0xed7ca413) slti    s0, s9, -297
core   0: 3 0x800021ac (0xed7ca413) x 8 0x00000001
core   0: 0x800021b0 (0x01e74a63) blt     a4, t5, pc + 20
core   0: 3 0x800021b0 (0x01e74a63)
core   0: 0x800021c4 (0x00a74eb3) xor     t4, a4, a0
core   0: 3 0x800021c4 (0x00a74eb3) x29 0x00000001
core   0: 0x800021c8 (0x028667b3) rem     a5, a2, s0
core   0: 3 0x800021c8 (0x028667b3) x15 0x00000000
core   0: 0x800021cc (0x03923c33) mulhu   s8, tp, s9
core   0: 3 0x800021cc (0x03923c33) x24 0x00000000
core   0: 0x800021d0 (0x00daa5b3) slt     a1, s5, a3
core   0: 3 0x800021d0 (0x00daa5b3) x11 0x00000000
core   0: 0x800021d4 (0x037d3233) mulhu   tp, s10, s7
core   0: 3 0x800021d4 (0x037d3233) x 4 0x00000000
core   0: 0x800021d8 (0x10b8a013) slti    zero, a7, 267
core   0: 3 0x800021d8 (0x10b8a013)
core   0: 0x800021dc (0x3b49fe97) auipc   t4, 0x3b49f
core   0: 3 0x800021dc (0x3b49fe97) x29 0xbb4a11dc
core   0: 0x800021e0 (0x003d0533) add     a0, s10, gp
core   0: 3 0x800021e0 (0x003d0533) x10 0x00000000
core   0: 0x800021e4 (0x01975c33) srl     s8, a4, s9
core   0: 3 0x800021e4 (0x01975c33) x24 0x00000000
core   0: 0x800021e8 (0x3eaa2293) slti    t0, s4, 1002
core   0: 3 0x800021e8 (0x3eaa2293) x 5 0x00000001
core   0: 0x800021ec (0x00621413) slli    s0, tp, 6
core   0: 3 0x800021ec (0x00621413) x 8 0x00000000
core   0: 0x800021f0 (0x014a5cb3) srl     s9, s4, s4
core   0: 3 0x800021f0 (0x014a5cb3) x25 0x080029ce
core   0: 0x800021f4 (0x03fd80b3) mul     ra, s11, t6
core   0: 3 0x800021f4 (0x03fd80b3) x 1 0x00000000
core   0: 0x800021f8 (0xf98c3293) sltiu   t0, s8, -104
core   0: 3 0x800021f8 (0xf98c3293) x 5 0x00000001
core   0: 0x800021fc (0x01f78663) beq     a5, t6, pc + 12
core   0: 3 0x800021fc (0x01f78663)
core   0: 0x80002208 (0x006b3833) sltu    a6, s6, t1
core   0: 3 0x80002208 (0x006b3833) x16 0x00000001
core   0: 0x8000220c (0x001f03b3) add     t2, t5, ra
core   0: 3 0x8000220c (0x001f03b3) x 7 0x0000003f
core   0: 0x80002210 (0x01ebacb3) slt     s9, s7, t5
core   0: 3 0x80002210 (0x01ebacb3) x25 0x00000001
core   0: 0x80002214 (0x02edec33) rem     s8, s11, a4
core   0: 3 0x80002214 (0x02edec33) x24 0xffffffff
core   0: 0x80002218 (0x020c88b3) mul     a7, s9, zero
core   0: 3 0x80002218 (0x020c88b3) x17 0x00000000
core   0: 0x8000221c (0xb4ca7c93) andi    s9, s4, -1204
core   0: 3 0x8000221c (0xb4ca7c93) x25 0x80029844
core   0: 0x80002220 (0x007c9e93) slli    t4, s9, 7
core   0: 3 0x80002220 (0x007c9e93) x29 0x014c2200
core   0: 0x80002224 (0x02bf3ab3) mulhu   s5, t5, a1
core   0: 3 0x80002224 (0x02bf3ab3) x21 0x00000000
core   0: 0x80002228 (0x00230533) add     a0, t1, sp
core   0: 3 0x80002228 (0x00230533) x10 0x54916e64
core   0: 0x8000222c (0x02cc1063) bne     s8, a2, pc + 32
core   0: 3 0x8000222c (0x02cc1063)
core   0: 0x8000224c (0x4190d613) srai    a2, ra, 25
core   0: 3 0x8000224c (0x4190d613) x12 0x00000000
core   0: 0x80002250 (0x00ae5933) srl     s2, t3, a0
core   0: 3 0x80002250 (0x00ae5933) x18 0x0d48f100
core   0: 0x80002254 (0x02b98263) beq     s3, a1, pc + 36
core   0: 3 0x80002254 (0x02b98263)
core   0: 0x80002278 (0x008661b3) or      gp, a2, s0
core   0: 3 0x80002278 (0x008661b3) x 3 0x00000000
core   0: 0x8000227c (0x00000013) nop
core   0: 3 0x8000227c (0x00000013)
core   0: 0x80002280 (0x01aadd33) srl     s10, s5, s10
core   0: 3 0x80002280 (0x01aadd33) x26 0x00000000
core   0: 0x80002284 (0x4e113a93) sltiu   s5, sp, 1249
core   0: 3 0x80002284 (0x4e113a93) x21 0x00000000
core   0: 0x80002288 (0xb9b27193) andi    gp, tp, -1125
core   0: 3 0x80002288 (0xb9b27193) x 3 0x00000000
core   0: 0x8000228c (0x00b2ac33) slt     s8, t0, a1
core   0: 3 0x8000228c (0x00b2ac33) x24 0x00000000
core   0: 0x80002290 (0x40f207b3) sub     a5, tp, a5
core   0: 3 0x80002290 (0x40f207b3) x15 0x00000000
core   0: 0x80002294 (0x41228f33) sub     t5, t0, s2
core   0: 3 0x80002294 (0x41228f33) x30 0xf2b70f01
core   0: 0x80002298 (0x04d75863) bge     a4, a3, pc + 80
core   0: 3 0x80002298 (0x04d75863)
core   0: 0x8000229c (0x023b0433) mul     s0, s6, gp
core   0: 3 0x8000229c (0x023b0433) x 8 0x00000000
core   0: 0x800022a0 (0x9c608f93) addi    t6, ra, -1594
core   0: 3 0x800022a0 (0x9c608f93) x31 0xfffff9c6
core   0: 0x800022a4 (0x03b55ab3) divu    s5, a0, s11
core   0: 3 0x800022a4 (0x03b55ab3) x21 0x00000000
core   0: 0x800022a8 (0xed73e097) auipc   ra, 0xed73e
core   0: 3 0x800022a8 (0xed73e097) x 1 0x6d7402a8
core   0: 0x800022ac (0x1e4b8a97) auipc   s5, 0x1e4b8
core   0: 3 0x800022ac (0x1e4b8a97) x21 0x9e4ba2ac
core   0: 0x800022b0 (0x03d65833) divu    a6, a2, t4
core   0: 3 0x800022b0 (0x03d65833) x16 0x00000000
core   0: 0x800022b4 (0x41dc5733) sra     a4, s8, t4
core   0: 3 0x800022b4 (0x41dc5733) x14 0x00000000
core   0: 0x800022b8 (0x00073933) sltu    s2, a4, zero
core   0: 3 0x800022b8 (0x00073933) x18 0x00000000
core   0: 0x800022bc (0xf487e993) ori     s3, a5, -184
core   0: 3 0x800022bc (0xf487e993) x19 0xffffff48
core   0: 0x800022c0 (0x03f36f33) rem     t5, t1, t6
core   0: 3 0x800022c0 (0x03f36f33) x30 0xfffffeb8
core   0: 0x800022c4 (0xc8d83693) sltiu   a3, a6, -883
core   0: 3 0x800022c4 (0xc8d83693) x13 0x00000001
core   0: 0x800022c8 (0x40d7da93) srai    s5, a5, 13
core   0: 3 0x800022c8 (0x40d7da93) x21 0x00000000
core   0: 0x800022cc (0x02ec6f33) rem     t5, s8, a4
core   0: 3 0x800022cc (0x02ec6f33) x30 0x00000000
core   0: 0x800022d0 (0x40035793) srai    a5, t1, 0
core   0: 3 0x800022d0 (0x40035793) x15 0xd48f1000
core   0: 0x800022d4 (0x02631a63) bne     t1, t1, pc + 52
core   0: 3 0x800022d4 (0x02631a63)
core   0: 0x800022d8 (0x02398c33) mul     s8, s3, gp
core   0: 3 0x800022d8 (0x02398c33) x24 0x00000000
core   0: 0x800022dc (0xb5c52793) slti    a5, a0, -1188
core   0: 3 0x800022dc (0xb5c52793) x15 0x00000000
core   0: 0x800022e0 (0x02fd3db3) mulhu   s11, s10, a5
core   0: 3 0x800022e0 (0x02fd3db3) x27 0x00000000
core   0: 0x800022e4 (0x96038897) auipc   a7, 0x96038
core   0: 3 0x800022e4 (0x96038897) x17 0x1603a2e4
core   0: 0x800022e8 (0x41b380b3) sub     ra, t2, s11
core   0: 3 0x800022e8 (0x41b380b3) x 1 0x0000003f
core   0: 0x800022ec (0x413edf93) srai    t6, t4, 19
core   0: 3 0x800022ec (0x413edf93) x31 0x00000029
core   0: 0x800022f0 (0x4a826313) ori     t1, tp, 1192
core   0: 3 0x800022f0 (0x4a826313) x 6 0x000004a8
core   0: 0x800022f4 (0x033152b3) divu    t0, sp, s3
core   0: 3 0x800022f4 (0x033152b3) x 5 0x00000000
core   0: 0x800022f8 (0x41a680b3) sub     ra, a3, s10
core   0: 3 0x800022f8 (0x41a680b3) x 1 0x00000001
core   0: 0x800022fc (0x0226f263) bgeu    a3, sp, pc + 36
core   0: 3 0x800022fc (0x0226f263)
core   0: 0x80002300 (0x002e3033) sltu    zero, t3, sp
core   0: 3 0x80002300 (0x002e3033)
core   0: 0x80002304 (0x00e71b13) slli    s6, a4, 14
core   0: 3 0x80002304 (0x00e71b13) x22 0x00000000
core   0: 0x80002308 (0x03ca1333) mulh    t1, s4, t3
core   0: 3 0x80002308 (0x03ca1333) x 6 0x15b8067e
core   0: 0x8000230c (0x02fdc6b3) div     a3, s11, a5
core   0: 3 0x8000230c (0x02fdc6b3) x13 0xffffffff
core   0: 0x80002310 (0x018c6263) bltu    s8, s8, pc + 4
core   0: 3 0x80002310 (0x018c6263)
core   0: 0x80002314 (0x409adab3) sra     s5, s5, s1
core   0: 3 0x80002314 (0x409adab3) x21 0x00000000
core   0: 0x80002318 (0x41f6d933) sra     s2, a3, t6
core   0: 3 0x80002318 (0x41f6d933) x18 0xffffffff
core   0: 0x8000231c (0x01a761b3) or      gp, a4, s10
core   0: 3 0x8000231c (0x01a761b3) x 3 0x00000000
core   0: 0x80002320 (0x6297b793) sltiu   a5, a5, 1577
core   0: 3 0x80002320 (0x6297b793) x15 0x00000001
core   0: 0x80002324 (0x03be4833) div     a6, t3, s11
core   0: 3 0x80002324 (0x03be4833) x16 0xffffffff
core   0: 0x80002328 (0xd02af393) andi    t2, s5, -766
core   0: 3 0x80002328 (0xd02af393) x 7 0x00000000
core   0: 0x8000232c (0x1a89ed17) auipc   s10, 0x1a89e
core   0: 3 0x8000232c (0x1a89ed17) x26 0x9a8a032c
core   0: 0x80002330 (0xa71e6593) ori     a1, t3, -1423
core   0: 3 0x80002330 (0xa71e6593) x11 0xfffffa71
core   0: 0x80002334 (0x400edeb3) sra     t4, t4, zero
core   0: 3 0x80002334 (0x400edeb3) x29 0x014c2200
core   0: 0x80002338 (0x03508a63) beq     ra, s5, pc + 52
core   0: 3 0x80002338 (0x03508a63)
core   0: 0x8000233c (0x40f689b3) sub     s3, a3, a5
core   0: 3 0x8000233c (0x40f689b3) x19 0xfffffffe
core   0: 0x80002340 (0x032d14b3) mulh    s1, s10, s2
core   0: 3 0x80002340 (0x032d14b3) x 9 0x00000000
core   0: 0x80002344 (0xb6e85c37) lui     s8, 0xb6e85
core   0: 3 0x80002344 (0xb6e85c37) x24 0xb6e85000
core   0: 0x80002348 (0xf146e893) ori     a7, a3, -236
core   0: 3 0x80002348 (0xf146e893) x17 0xffffffff
core   0: 0x8000234c (0x2c5cc813) xori    a6, s9, 709
core   0: 3 0x8000234c (0x2c5cc813) x16 0x80029a81
core   0: 0x80002350 (0x00fb59b3) srl     s3, s6, a5
core   0: 3 0x80002350 (0x00fb59b3) x19 0x00000000
core   0: 0x80002354 (0x00ef9d13) slli    s10, t6, 14
core   0: 3 0x80002354 (0x00ef9d13) x26 0x000a4000
core   0: 0x80002358 (0x03cf0d33) mul     s10, t5, t3
core   0: 3 0x80002358 (0x03cf0d33) x26 0x00000000
core   0: 0x8000235c (0x406f0033) sub     zero, t5, t1
core   0: 3 0x8000235c (0x406f0033)
core   0: 0x80002360 (0x02d68263) beq     a3, a3, pc + 36
core   0: 3 0x80002360 (0x02d68263)
core   0: 0x80002384 (0x03cc3e33) mulhu   t3, s8, t3
core   0: 3 0x80002384 (0x03cc3e33) x28 0x97de9973
core   0: 0x80002388 (0x01b13333) sltu    t1, sp, s11
core   0: 3 0x80002388 (0x01b13333) x 6 0x00000000
core   0: 0x8000238c (0x025ff4b3) remu    s1, t6, t0
core   0: 3 0x8000238c (0x025ff4b3) x 9 0x00000029
core   0: 0x80002390 (0x7fada993) slti    s3, s11, 2042
core   0: 3 0x80002390 (0x7fada993) x19 0x00000001
core   0: 0x80002394 (0x0077d333) srl     t1, a5, t2
core   0: 3 0x80002394 (0x0077d333) x 6 0x00000001
core   0: 0x80002398 (0x00769863) bne     a3, t2, pc + 16
core   0: 3 0x80002398 (0x00769863)
core   0: 0x800023a8 (0x4100d0b3) sra     ra, ra, a6
core   0: 3 0x800023a8 (0x4100d0b3) x 1 0x00000000
core   0: 0x800023ac (0x0238f863) bgeu    a7, gp, pc + 48
core   0: 3 0x800023ac (0x0238f863)
core   0: 0x800023dc (0x00aaa5b3) slt     a1, s5, a0
core   0: 3 0x800023dc (0x00aaa5b3) x11 0x00000001
core   0: 0x800023e0 (0x0104a733) slt     a4, s1, a6
core   0: 3 0x800023e0 (0x0104a733) x14 0x00000000
core   0: 0x800023e4 (0x00000013) nop
core   0: 3 0x800023e4 (0x00000013)
core   0: 0x800023e8 (0x07e7a093) slti    ra, a5, 126
core   0: 3 0x800023e8 (0x07e7a093) x 1 0x00000001
core   0: 0x800023ec (0xebc53213) sltiu   tp, a0, -324
core   0: 3 0x800023ec (0xebc53213) x 4 0x00000001
core   0: 0x800023f0 (0x00117863) bgeu    sp, ra, pc + 16
core   0: 3 0x800023f0 (0x00117863)
core   0: 0x80002400 (0x7e08c093) xori    ra, a7, 2016
core   0: 3 0x80002400 (0x7e08c093) x 1 0xfffff81f
core   0: 0x80002404 (0x03003333) mulhu   t1, zero, a6
core   0: 3 0x80002404 (0x03003333) x 6 0x00000000
core   0: 0x80002408 (0x04b6f063) bgeu    a3, a1, pc + 64
core   0: 3 0x80002408 (0x04b6f063)
core   0: 0x80002448 (0x41f15493) srai    s1, sp, 31
core   0: 3 0x80002448 (0x41f15493) x 9 0xffffffff
core   0: 0x8000244c (0xa1c5fd13) andi    s10, a1, -1508
core   0: 3 0x8000244c (0xa1c5fd13) x26 0x00000000
core   0: 0x80002450 (0x0299e433) rem     s0, s3, s1
core   0: 3 0x80002450 (0x0299e433) x 8 0x00000000
core   0: 0x80002454 (0x3ada3593) sltiu   a1, s4, 941
core   0: 3 0x80002454 (0x3ada3593) x11 0x00000000
core   0: 0x80002458 (0x0028c193) xori    gp, a7, 2
core   0: 3 0x80002458 (0x0028c193) x 3 0xfffffffd
core   0: 0x8000245c (0x014fd863) bge     t6, s4, pc + 16
core   0: 3 0x8000245c (0x014fd863)
core   0: 0x8000246c (0x01630833) add     a6, t1, s6
core   0: 3 0x8000246c (0x01630833) x16 0x00000000
core   0: 0x80002470 (0x035ba4b3) mulhsu  s1, s7, s5
core   0: 3 0x80002470 (0x035ba4b3) x 9 0x00000000
core   0: 0x80002474 (0x00288863) beq     a7, sp, pc + 16
core   0: 3 0x80002474 (0x00288863)
core   0: 0x80002478 (0x03bd6263) bltu    s10, s11, pc + 36
core   0: 3 0x80002478 (0x03bd6263)
core   0: 0x8000247c (0x028d0e63) beq     s10, s0, pc + 60
core   0: 3 0x8000247c (0x028d0e63)
core   0: 0x800024b8 (0xedfc8e17) auipc   t3, 0xedfc8
core   0: 3 0x800024b8 (0xedfc8e17) x28 0x6dfca4b8
core   0: 0x800024bc (0x03283633) mulhu   a2, a6, s2
core   0: 3 0x800024bc (0x03283633) x12 0x00000000
core   0: 0x800024c0 (0x01df5263) bge     t5, t4, pc + 4
core   0: 3 0x800024c0 (0x01df5263)
core   0: 0x800024c4 (0x002c7433) and     s0, s8, sp
core   0: 3 0x800024c4 (0x002c7433) x 8 0x80005000
core   0: 0x800024c8 (0x0364dc63) bge     s1, s6, pc + 56
core   0: 3 0x800024c8 (0x0364dc63)
core   0: 0x80002500 (0x01f186b3) add     a3, gp, t6
core   0: 3 0x80002500 (0x01f186b3) x13 0x00000026
core   0: 0x80002504 (0x62cd4813) xori    a6, s10, 1580
core   0: 3 0x80002504 (0x62cd4813) x16 0x0000062c
core   0: 0x80002508 (0x0060dd13) srli    s10, ra, 6
core   0: 3 0x80002508 (0x0060dd13) x26 0x03ffffe0
core   0: 0x8000250c (0x0718ea63) bltu    a7, a7, pc + 116
core   0: 3 0x8000250c (0x0718ea63)
core   0: 0x80002510 (0x81542e13) slti    t3, s0, -2027
core   0: 3 0x80002510 (0x81542e13) x28 0x00000001
core   0: 0x80002514 (0x02b52533) mulhsu  a0, a0, a1
core   0: 3 0x80002514 (0x02b52533) x10 0x00000000
core   0: 0x80002518 (0x30547497) auipc   s1, 0x30547
core   0: 3 0x80002518 (0x30547497) x 9 0xb0549518
core   0: 0x8000251c (0x03770db3) mul     s11, a4, s7
core   0: 3 0x8000251c (0x03770db3) x27 0x00000000
core   0: 0x80002520 (0x5fd70393) addi    t2, a4, 1533
core   0: 3 0x80002520 (0x5fd70393) x 7 0x000005fd
core   0: 0x80002524 (0x035704b3) mul     s1, a4, s5
core   0: 3 0x80002524 (0x035704b3) x 9 0x00000000
core   0: 0x80002528 (0x03a4c633) div     a2, s1, s10
core   0: 3 0x80002528 (0x03a4c633) x12 0x00000000
core   0: 0x8000252c (0x01a9ef33) or      t5, s3, s10
core   0: 3 0x8000252c (0x01a9ef33) x30 0x03ffffe1
core   0: 0x80002530 (0x03a38533) mul     a0, t2, s10
core   0: 3 0x80002530 (0x03a38533) x10 0xf3ff4060
core   0: 0x80002534 (0x4079dd33) sra     s10, s3, t2
core   0: 3 0x80002534 (0x4079dd33) x26 0x00000000
core   0: 0x80002538 (0x40745e13) srai    t3, s0, 7
core   0: 3 0x80002538 (0x40745e13) x28 0xff0000a0
core   0: 0x8000253c (0x033bb833) mulhu   a6, s7, s3
core   0: 3 0x8000253c (0x033bb833) x16 0x00000000
core   0: 0x80002540 (0x04b49e63) bne     s1, a1, pc + 92
core   0: 3 0x80002540 (0x04b49e63)
core   0: 0x80002544 (0x03fa53b3) divu    t2, s4, t6
core   0: 3 0x80002544 (0x03fa53b3) x 7 0x031f4882
core   0: 0x80002548 (0x51f855b7) lui     a1, 0x51f85
core   0: 3 0x80002548 (0x51f855b7) x11 0x51f85000
core   0: 0x8000254c (0x03190eb3) mul     t4, s2, a7
core   0: 3 0x8000254c (0x03190eb3) x29 0x00000001
core   0: 0x80002550 (0x0097efb3) or      t6, a5, s1
core   0: 3 0x80002550 (0x0097efb3) x31 0x00000001
core   0: 0x80002554 (0x00008217) auipc   tp, 0x8
core   0: 3 0x80002554 (0x00008217) x 4 0x8000a554
core   0: 0x80002558 (0x2dc20213) addi    tp, tp, 732
core   0: 3 0x80002558 (0x2dc20213) x 4 0x8000a830
core   0: 0x8000255c (0x01af5e93) srli    t4, t5, 26
core   0: 3 0x8000255c (0x01af5e93) x29 0x00000000
core   0: 0x80002560 (0x03f704b3) mul     s1, a4, t6
core   0: 3 0x80002560 (0x03f704b3) x 9 0x00000000
core   0: 0x80002564 (0xc5220213) addi    tp, tp, -942
core   0: 3 0x80002564 (0xc5220213) x 4 0x8000a482
core   0: 0x80002568 (0x03b467b3) rem     a5, s0, s11
core   0: 3 0x80002568 (0x03b467b3) x15 0x80005000
core   0: 0x8000256c (0x00e9f663) bgeu    s3, a4, pc + 12
core   0: 3 0x8000256c (0x00e9f663)
core   0: 0x80002578 (0x3af200e7) jalr    ra, tp, 943
core   0: 3 0x80002578 (0x3af200e7) x 1 0x8000257c
core   0: 0x8000a830 (0x00ba3fb3) sltu    t6, s4, a1
core   0: 3 0x8000a830 (0x00ba3fb3) x31 0x00000000
core   0: 0x8000a834 (0x00078263) beqz    a5, pc + 4
core   0: 3 0x8000a834 (0x00078263)
core   0: 0x8000a838 (0xfe810113) addi    sp, sp, -24
core   0: 3 0x8000a838 (0xfe810113) x 2 0x80025e4c
core   0: 0x8000a83c (0x2d2f6313) ori     t1, t5, 722
core   0: 3 0x8000a83c (0x2d2f6313) x 6 0x03fffff3
core   0: 0x8000a840 (0x02513e33) mulhu   t3, sp, t0
core   0: 3 0x8000a840 (0x02513e33) x28 0x00000000
core   0: 0x8000a844 (0x018ca333) slt     t1, s9, s8
core   0: 3 0x8000a844 (0x018ca333) x 6 0x00000001
core   0: 0x8000a848 (0x00112223) sw      ra, 4(sp)
core   0: 3 0x8000a848 (0x00112223) mem 0x80025e50 0x8000257c
core   0: 0x8000a84c (0xc7ec9397) auipc   t2, 0xc7ec9
core   0: 3 0x8000a84c (0xc7ec9397) x 7 0x47ed384c
core   0: 0x8000a850 (0x0aa83413) sltiu   s0, a6, 170
core   0: 3 0x8000a850 (0x0aa83413) x 8 0x00000001
core   0: 0x8000a854 (0xf2923f93) sltiu   t6, tp, -215
core   0: 3 0x8000a854 (0xf2923f93) x31 0x00000001
core   0: 0x8000a858 (0x08643793) sltiu   a5, s0, 134
core   0: 3 0x8000a858 (0x08643793) x15 0x00000001
core   0: 0x8000a85c (0x00000e17) auipc   t3, 0x0
core   0: 3 0x8000a85c (0x00000e17) x28 0x8000a85c
core   0: 0x8000a860 (0x0ace0e13) addi    t3, t3, 172
core   0: 3 0x8000a860 (0x0ace0e13) x28 0x8000a908
core   0: 0x8000a864 (0x41f20ab3) sub     s5, tp, t6
core   0: 3 0x8000a864 (0x41f20ab3) x21 0x8000a481
core   0: 0x8000a868 (0xcc9e0e13) addi    t3, t3, -823
core   0: 3 0x8000a868 (0xcc9e0e13) x28 0x8000a5d1
core   0: 0x8000a86c (0x01949493) slli    s1, s1, 25
core   0: 3 0x8000a86c (0x01949493) x 9 0x00000000
core   0: 0x8000a870 (0x00894463) blt     s2, s0, pc + 8
core   0: 3 0x8000a870 (0x00894463)
core   0: 0x8000a878 (0x337e00e7) jalr    ra, t3, 823
core   0: 3 0x8000a878 (0x337e00e7) x 1 0x8000a87c
core   0: 0x8000a908 (0x01896a63) bltu    s2, s8, pc + 20
core   0: 3 0x8000a908 (0x01896a63)
core   0: 0x8000a90c (0x01aaa7b3) slt     a5, s5, s10
core   0: 3 0x8000a90c (0x01aaa7b3) x15 0x00000001
core   0: 0x8000a910 (0x52d56c93) ori     s9, a0, 1325
core   0: 3 0x8000a910 (0x52d56c93) x25 0xf3ff456d
core   0: 0x8000a914 (0x01a05d93) srli    s11, zero, 26
core   0: 3 0x8000a914 (0x01a05d93) x27 0x00000000
core   0: 0x8000a918 (0x00935993) srli    s3, t1, 9
core   0: 3 0x8000a918 (0x00935993) x19 0x00000000
core   0: 0x8000a91c (0xfec10113) addi    sp, sp, -20
core   0: 3 0x8000a91c (0xfec10113) x 2 0x80025e38
core   0: 0x8000a920 (0x00112223) sw      ra, 4(sp)
core   0: 3 0x8000a920 (0x00112223) mem 0x80025e3c 0x8000a87c
core   0: 0x8000a924 (0x02d9a8b3) mulhsu  a7, s3, a3
core   0: 3 0x8000a924 (0x02d9a8b3) x17 0x00000000
core   0: 0x8000a928 (0x00129f13) slli    t5, t0, 1
core   0: 3 0x8000a928 (0x00129f13) x30 0x00000000
core   0: 0x8000a92c (0x8e0c33b7) lui     t2, 0x8e0c3
core   0: 3 0x8000a92c (0x8e0c33b7) x 7 0x8e0c3000
core   0: 0x8000a930 (0x03a74933) div     s2, a4, s10
core   0: 3 0x8000a930 (0x03a74933) x18 0xffffffff
core   0: 0x8000a934 (0x00000217) auipc   tp, 0x0
core   0: 3 0x8000a934 (0x00000217) x 4 0x8000a934
core   0: 0x8000a938 (0xd8820213) addi    tp, tp, -632
core   0: 3 0x8000a938 (0xd8820213) x 4 0x8000a6bc
core   0: 0x8000a93c (0x8f64cf93) xori    t6, s1, -1802
core   0: 3 0x8000a93c (0x8f64cf93) x31 0xfffff8f6
core   0: 0x8000a940 (0x03a20633) mul     a2, tp, s10
core   0: 3 0x8000a940 (0x03a20633) x12 0x00000000
core   0: 0x8000a944 (0x00c3d713) srli    a4, t2, 12
core   0: 3 0x8000a944 (0x00c3d713) x14 0x0008e0c3
core   0: 0x8000a948 (0x03988fb3) mul     t6, a7, s9
core   0: 3 0x8000a948 (0x03988fb3) x31 0x00000000
core   0: 0x8000a94c (0xe6120213) addi    tp, tp, -415
core   0: 3 0x8000a94c (0xe6120213) x 4 0x8000a51d
core   0: 0x8000a950 (0x0331fe33) remu    t3, gp, s3
core   0: 3 0x8000a950 (0x0331fe33) x28 0xfffffffd
core   0: 0x8000a954 (0x1a0200e7) jalr    ra, tp, 416
core   0: 3 0x8000a954 (0x1a0200e7) x 1 0x8000a958
core   0: 0x8000a6bc (0xfd810113) addi    sp, sp, -40
core   0: 3 0x8000a6bc (0xfd810113) x 2 0x80025e10
core   0: 0x8000a6c0 (0x00112223) sw      ra, 4(sp)
core   0: 3 0x8000a6c0 (0x00112223) mem 0x80025e14 0x8000a958
core   0: 0x8000a6c4 (0xd4284513) xori    a0, a6, -702
core   0: 3 0x8000a6c4 (0xd4284513) x10 0xfffffd42
core   0: 0x8000a6c8 (0xc2bae917) auipc   s2, 0xc2bae
core   0: 3 0x8000a6c8 (0xc2bae917) x18 0x42bb86c8
core   0: 0x8000a6cc (0x02d03c33) mulhu   s8, zero, a3
core   0: 3 0x8000a6cc (0x02d03c33) x24 0x00000000
core   0: 0x8000a6d0 (0x0171e3b3) or      t2, gp, s7
core   0: 3 0x8000a6d0 (0x0171e3b3) x 7 0xffffffff
core   0: 0x8000a6d4 (0x028b1fb3) mulh    t6, s6, s0
core   0: 3 0x8000a6d4 (0x028b1fb3) x31 0x00000000
core   0: 0x8000a6d8 (0x018adf13) srli    t5, s5, 24
core   0: 3 0x8000a6d8 (0x018adf13) x30 0x00000080
core   0: 0x8000a6dc (0x006a6a63) bltu    s4, t1, pc + 20
core   0: 3 0x8000a6dc (0x006a6a63)
core   0: 0x8000a6e0 (0xd6a88013) addi    zero, a7, -662
core   0: 3 0x8000a6e0 (0xd6a88013)
core   0: 0x8000a6e4 (0x0375a833) mulhsu  a6, a1, s7
core   0: 3 0x8000a6e4 (0x0375a833) x16 0x3a0bf6ed
core   0: 0x8000a6e8 (0x414bdf93) srai    t6, s7, 20
core   0: 3 0x8000a6e8 (0x414bdf93) x31 0xfffffb54
core   0: 0x8000a6ec (0x02d9a333) mulhsu  t1, s3, a3
core   0: 3 0x8000a6ec (0x02d9a333) x 6 0x00000000
core   0: 0x8000a6f0 (0xab4fe0ef) jal     pc - 0x1d4c
core   0: 3 0x8000a6f0 (0xab4fe0ef) x 1 0x8000a6f4
core   0: 0x800089a4 (0x57e3fc13) andi    s8, t2, 1406
core   0: 3 0x800089a4 (0x57e3fc13) x24 0x0000057e
core   0: 0x800089a8 (0x014b8263) beq     s7, s4, pc + 4
core   0: 3 0x800089a8 (0x014b8263)
core   0: 0x800089ac (0xfc410113) addi    sp, sp, -60
core   0: 3 0x800089ac (0xfc410113) x 2 0x80025dd4
core   0: 0x800089b0 (0x95ab3313) sltiu   t1, s6, -1702
core   0: 3 0x800089b0 (0x95ab3313) x 6 0x00000001
core   0: 0x800089b4 (0x030d5433) divu    s0, s10, a6
core   0: 3 0x800089b4 (0x030d5433) x 8 0x00000000
core   0: 0x800089b8 (0x00000013) nop
core   0: 3 0x800089b8 (0x00000013)
core   0: 0x800089bc (0x00152833) slt     a6, a0, ra
core   0: 3 0x800089bc (0x00152833) x16 0x00000000
core   0: 0x800089c0 (0x00112223) sw      ra, 4(sp)
core   0: 3 0x800089c0 (0x00112223) mem 0x80025dd8 0x8000a6f4
core   0: 0x800089c4 (0x00bc5f13) srli    t5, s8, 11
core   0: 3 0x800089c4 (0x00bc5f13) x30 0x00000000
core   0: 0x800089c8 (0x41ba5d33) sra     s10, s4, s11
core   0: 3 0x800089c8 (0x41ba5d33) x26 0x80029ce4
core   0: 0x800089cc (0x01c7e5b3) or      a1, a5, t3
core   0: 3 0x800089cc (0x01c7e5b3) x11 0xfffffffd
core   0: 0x800089d0 (0x59c8c193) xori    gp, a7, 1436
core   0: 3 0x800089d0 (0x59c8c193) x 3 0x0000059c
core   0: 0x800089d4 (0x02ca6ab3) rem     s5, s4, a2
core   0: 3 0x800089d4 (0x02ca6ab3) x21 0x80029ce4
core   0: 0x800089d8 (0x0199d793) srli    a5, s3, 25
core   0: 3 0x800089d8 (0x0199d793) x15 0x00000000
core   0: 0x800089dc (0x00003617) auipc   a2, 0x3
core   0: 3 0x800089dc (0x00003617) x12 0x8000b9dc
core   0: 0x800089e0 (0xf2460613) addi    a2, a2, -220
core   0: 3 0x800089e0 (0xf2460613) x12 0x8000b900
core   0: 0x800089e4 (0x41f9da93) srai    s5, s3, 31
core   0: 3 0x800089e4 (0x41f9da93) x21 0x00000000
core   0: 0x800089e8 (0x8d915217) auipc   tp, 0x8d915
core   0: 3 0x800089e8 (0x8d915217) x 4 0x0d91d9e8
core   0: 0x800089ec (0x00114233) xor     tp, sp, ra
core   0: 3 0x800089ec (0x00114233) x 4 0x0002fb20
core   0: 0x800089f0 (0x19660613) addi    a2, a2, 406
core   0: 3 0x800089f0 (0x19660613) x12 0x8000ba96
core   0: 0x800089f4 (0x0345e8b3) rem     a7, a1, s4
core   0: 3 0x800089f4 (0x0345e8b3) x17 0xfffffffd
core   0: 0x800089f8 (0xe6b600e7) jalr    ra, a2, -405
core   0: 3 0x800089f8 (0xe6b600e7) x 1 0x800089fc
core   0: 0x8000b900 (0x0056c463) blt     a3, t0, pc + 8
core   0: 3 0x8000b900 (0x0056c463)
core   0: 0x8000b904 (0x00e81333) sll     t1, a6, a4
core   0: 3 0x8000b904 (0x00e81333) x 6 0x00000000
core   0: 0x8000b908 (0xff810113) addi    sp, sp, -8
core   0: 3 0x8000b908 (0xff810113) x 2 0x80025dcc
core   0: 0x8000b90c (0x00ca3cb3) sltu    s9, s4, a2
core   0: 3 0x8000b90c (0x00ca3cb3) x25 0x00000000
core   0: 0x8000b910 (0x00112223) sw      ra, 4(sp)
core   0: 3 0x8000b910 (0x00112223) mem 0x80025dd0 0x800089fc
core   0: 0x8000b914 (0x03c7c433) div     s0, a5, t3
core   0: 3 0x8000b914 (0x03c7c433) x 8 0x00000000
core   0: 0x8000b918 (0xfffff997) auipc   s3, 0xfffff
core   0: 3 0x8000b918 (0xfffff997) x19 0x8000a918
core   0: 0x8000b91c (0x24898993) addi    s3, s3, 584
core   0: 3 0x8000b91c (0x24898993) x19 0x8000ab60
core   0: 0x8000b920 (0x00d22d33) slt     s10, tp, a3
core   0: 3 0x8000b920 (0x00d22d33) x26 0x00000000
core   0: 0x8000b924 (0x011f9713) slli    a4, t6, 17
core   0: 3 0x8000b924 (0x011f9713) x14 0xf6a80000
core   0: 0x8000b928 (0x03d64eb3) div     t4, a2, t4
core   0: 3 0x8000b928 (0x03d64eb3) x29 0xffffffff
core   0: 0x8000b92c (0xd8198993) addi    s3, s3, -639
core   0: 3 0x8000b92c (0xd8198993) x19 0x8000a8e1
core   0: 0x8000b930 (0xc9e44393) xori    t2, s0, -866
core   0: 3 0x8000b930 (0xc9e44393) x 7 0xfffffc9e
core   0: 0x8000b934 (0x02ddb8b3) mulhu   a7, s11, a3
core   0: 3 0x8000b934 (0x02ddb8b3) x17 0x00000000
core   0: 0x8000b938 (0x03946533) rem     a0, s0, s9
core   0: 3 0x8000b938 (0x03946533) x10 0x00000000
core   0: 0x8000b93c (0x27f980e7) jalr    ra, s3, 639
core   0: 3 0x8000b93c (0x27f980e7) x 1 0x8000b940
core   0: 0x8000ab60 (0xfd410113) addi    sp, sp, -44
core   0: 3 0x8000ab60 (0xfd410113) x 2 0x80025da0
core   0: 0x8000ab64 (0xcb6e3437) lui     s0, 0xcb6e3
core   0: 3 0x8000ab64 (0xcb6e3437) x 8 0xcb6e3000
core   0: 0x8000ab68 (0x8bce4e13) xori    t3, t3, -1860
core   0: 3 0x8000ab68 (0x8bce4e13) x28 0x00000741
core   0: 0x8000ab6c (0x41c28333) sub     t1, t0, t3
core   0: 3 0x8000ab6c (0x41c28333) x 6 0xfffff8bf
core   0: 0x8000ab70 (0x01036b33) or      s6, t1, a6
core   0: 3 0x8000ab70 (0x01036b33) x22 0xfffff8bf
core   0: 0x8000ab74 (0x00112223) sw      ra, 4(sp)
core   0: 3 0x8000ab74 (0x00112223) mem 0x80025da4 0x8000b940
core   0: 0x8000ab78 (0x02845533) divu    a0, s0, s0
core   0: 3 0x8000ab78 (0x02845533) x10 0x00000001
core   0: 0x8000ab7c (0x01daf5b3) and     a1, s5, t4
core   0: 3 0x8000ab7c (0x01daf5b3) x11 0x00000000
core   0: 0x8000ab80 (0x00006d97) auipc   s11, 0x6
core   0: 3 0x8000ab80 (0x00006d97) x27 0x80010b80
core   0: 0x8000ab84 (0x818d8d93) addi    s11, s11, -2024
core   0: 3 0x8000ab84 (0x818d8d93) x27 0x80010398
core   0: 0x8000ab88 (0xfb8d9283) lh      t0, -72(s11)
core   0: 3 0x8000ab88 (0xfb8d9283) x 5 0xffffa4d7 mem 0x80010350
core   0: 0x8000ab8c (0x00ef9b13) slli    s6, t6, 14
core   0: 3 0x8000ab8c (0x00ef9b13) x22 0xfed50000
core   0: 0x8000ab90 (0x000e3233) sltu    tp, t3, zero
core   0: 3 0x8000ab90 (0x000e3233) x 4 0x00000000
core   0: 0x8000ab94 (0x0f7dc283) lbu     t0, 247(s11)
core   0: 3 0x8000ab94 (0x0f7dc283) x 5 0x00000019 mem 0x8001048f
core   0: 0x8000ab98 (0xf9fd81a3) sb      t6, -125(s11)
core   0: 3 0x8000ab98 (0xf9fd81a3) mem 0x8001031b 0x54
core   0: 0x8000ab9c (0x41245233) sra     tp, s0, s2
core   0: 3 0x8000ab9c (0x41245233) x 4 0xffcb6e30
core   0: 0x8000aba0 (0x0e1d8e23) sb      ra, 252(s11)
core   0: 3 0x8000aba0 (0x0e1d8e23) mem 0x80010494 0x40
core   0: 0x8000aba4 (0xe2a2ed13) ori     s10, t0, -470
core   0: 3 0x8000aba4 (0xe2a2ed13) x26 0xfffffe3b
core   0: 0x8000aba8 (0x02cd9003) lh      zero, 44(s11)
core   0: 3 0x8000aba8 (0x02cd9003) mem 0x800103c4
core   0: 0x8000abac (0x0d5d8723) sb      s5, 206(s11)
core   0: 3 0x8000abac (0x0d5d8723) mem 0x80010466 0x0
core   0: 0x8000abb0 (0xf04dc583) lbu     a1, -252(s11)
core   0: 3 0x8000abb0 (0xf04dc583) x11 0x000000ff mem 0x8001029c
core   0: 0x8000abb4 (0x808cb1b7) lui     gp, 0x808cb
core   0: 3 0x8000abb4 (0x808cb1b7) x 3 0x808cb000
core   0: 0x8000abb8 (0xf7dd8583) lb      a1, -131(s11)
core   0: 3 0x8000abb8 (0xf7dd8583) x11 0x00000030 mem 0x80010315
core   0: 0x8000abbc (0xd2077893) andi    a7, a4, -736
core   0: 3 0x8000abbc (0xd2077893) x17 0xf6a80000
core   0: 0x8000abc0 (0x00d39333) sll     t1, t2, a3
core   0: 3 0x8000abc0 (0x00d39333) x 6 0xffff2780
core   0: 0x8000abc4 (0xad573f13) sltiu   t5, a4, -1323
core   0: 3 0x8000abc4 (0xad573f13) x30 0x00000001
core   0: 0x8000abc8 (0x031d8603) lb      a2, 49(s11)
core   0: 3 0x8000abc8 (0x031d8603) x12 0x0000002a mem 0x800103c9
core   0: 0x8000abcc (0x030d8523) sb      a6, 42(s11)
core   0: 3 0x8000abcc (0x030d8523) mem 0x800103c2 0x0
core   0: 0x8000abd0 (0xfbddc703) lbu     a4, -67(s11)
core   0: 3 0x8000abd0 (0xfbddc703) x14 0x000000b3 mem 0x80010355
core   0: 0x8000abd4 (0x02d2f3b3) remu    t2, t0, a3
core   0: 3 0x8000abd4 (0x02d2f3b3) x 7 0x00000019
core   0: 0x8000abd8 (0x0efdcd03) lbu     s10, 239(s11)
core   0: 3 0x8000abd8 (0x0efdcd03) x26 0x000000e8 mem 0x80010487
core   0: 0x8000abdc (0xf12ddf03) lhu     t5, -238(s11)
core   0: 3 0x8000abdc (0xf12ddf03) x30 0x0000955a mem 0x800102aa
core   0: 0x8000abe0 (0xfaed8803) lb      a6, -82(s11)
core   0: 3 0x8000abe0 (0xfaed8803) x16 0x00000073 mem 0x80010346
core   0: 0x8000abe4 (0xf71dc683) lbu     a3, -143(s11)
core   0: 3 0x8000abe4 (0xf71dc683) x13 0x00000064 mem 0x80010309
core   0: 0x8000abe8 (0xf38dda83) lhu     s5, -200(s11)
core   0: 3 0x8000abe8 (0xf38dda83) x21 0x00006bf6 mem 0x800102d0
core   0: 0x8000abec (0xfe3d9b23) sh      gp, -10(s11)
core   0: 3 0x8000abec (0xfe3d9b23) mem 0x8001038e 0xb000
core   0: 0x8000abf0 (0x020d3633) mulhu   a2, s10, zero
core   0: 3 0x8000abf0 (0x020d3633) x12 0x00000000
core   0: 0x8000abf4 (0xf32d8523) sb      s2, -214(s11)
core   0: 3 0x8000abf4 (0xf32d8523) mem 0x800102c2 0xc8
core   0: 0x8000abf8 (0x000d9623) sh      zero, 12(s11)
core   0: 3 0x8000abf8 (0x000d9623) mem 0x800103a4 0x0000
core   0: 0x8000abfc (0xfb7d8e83) lb      t4, -73(s11)
core   0: 3 0x8000abfc (0xfb7d8e83) x29 0x0000000d mem 0x8001034f
core   0: 0x8000ac00 (0x015ade33) srl     t3, s5, s5
core   0: 3 0x8000ac00 (0x015ade33) x28 0x00000000
core   0: 0x8000ac04 (0x001aa1b3) slt     gp, s5, ra
core   0: 3 0x8000ac04 (0x001aa1b3) x 3 0x00000000
core   0: 0x8000ac08 (0x4020d5b3) sra     a1, ra, sp
core   0: 3 0x8000ac08 (0x4020d5b3) x11 0x8000b940
core   0: 0x8000ac0c (0x0d1d88a3) sb      a7, 209(s11)
core   0: 3 0x8000ac0c (0x0d1d88a3) mem 0x80010469 0x0
core   0: 0x8000ac10 (0xf13d84a3) sb      s3, -247(s11)
core   0: 3 0x8000ac10 (0xf13d84a3) mem 0x800102a1 0xe1
core   0: 0x8000ac14 (0x02d2ef33) rem     t5, t0, a3
core   0: 3 0x8000ac14 (0x02d2ef33) x30 0x00000019
core   0: 0x8000ac18 (0xfa7d8803) lb      a6, -89(s11)
core   0: 3 0x8000ac18 (0xfa7d8803) x16 0x00000013 mem 0x8001033f
core   0: 0x8000ac1c (0x3b1bc813) xori    a6, s7, 945
core   0: 3 0x8000ac1c (0x3b1bc813) x16 0xb54917cb
core   0: 0x8000ac20 (0x059d8723) sb      s9, 78(s11)
core   0: 3 0x8000ac20 (0x059d8723) mem 0x800103e6 0x0
core   0: 0x8000ac24 (0x061dc483) lbu     s1, 97(s11)
core   0: 3 0x8000ac24 (0x061dc483) x 9 0x000000c3 mem 0x800103f9
core   0: 0x8000ac28 (0x00f41033) sll     zero, s0, a5
core   0: 3 0x8000ac28 (0x00f41033)
core   0: 0x8000ac2c (0xf78d9003) lh      zero, -136(s11)
core   0: 3 0x8000ac2c (0xf78d9003) mem 0x80010310
core   0: 0x8000ac30 (0x004d9a23) sh      tp, 20(s11)
core   0: 3 0x8000ac30 (0x004d9a23) mem 0x800103ac 0x6e30
core   0: 0x8000ac34 (0x03a240b3) div     ra, tp, s10
core   0: 3 0x8000ac34 (0x03a240b3) x 1 0xffffc5fe
core   0: 0x8000ac38 (0x407c5233) sra     tp, s8, t2
core   0: 3 0x8000ac38 (0x407c5233) x 4 0x00000000
core   0: 0x8000ac3c (0x0b3d8183) lb      gp, 179(s11)
core   0: 3 0x8000ac3c (0x0b3d8183) x 3 0x00000000 mem 0x8001044b
core   0: 0x8000ac40 (0x00e925b3) slt     a1, s2, a4
core   0: 3 0x8000ac40 (0x00e925b3) x11 0x00000000
core   0: 0x8000ac44 (0xf1fd8283) lb      t0, -225(s11)
core   0: 3 0x8000ac44 (0xf1fd8283) x 5 0xffffffc3 mem 0x800102b7
core   0: 0x8000ac48 (0x00005817) auipc   a6, 0x5
core   0: 3 0x8000ac48 (0x00005817) x16 0x8000fc48
core   0: 0x8000ac4c (0x72380813) addi    a6, a6, 1827
core   0: 3 0x8000ac4c (0x72380813) x16 0x8001036b
core   0: 0x8000ac50 (0x006e8fb3) add     t6, t4, t1
core   0: 3 0x8000ac50 (0x006e8fb3) x31 0xffff278d
core   0: 0x8000ac54 (0x03f85e83) lhu     t4, 63(a6)
core   0: 3 0x8000ac54 (0x03f85e83) x29 0x0000d3b7 mem 0x800103aa
core   0: 0x8000ac58 (0x01ae4f33) xor     t5, t3, s10
core   0: 3 0x8000ac58 (0x01ae4f33) x30 0x000000e8
core   0: 0x8000ac5c (0x02880f03) lb      t5, 40(a6)
core   0: 3 0x8000ac5c (0x02880f03) x30 0x0000002a mem 0x80010393
core   0: 0x8000ac60 (0x41d3d333) sra     t1, t2, t4
core   0: 3 0x8000ac60 (0x41d3d333) x 6 0x00000000
core   0: 0x8000ac64 (0xfec80423) sb      a2, -24(a6)
core   0: 3 0x8000ac64 (0xfec80423) mem 0x80010353 0x0
core   0: 0x8000ac68 (0x02880603) lb      a2, 40(a6)
core   0: 3 0x8000ac68 (0x02880603) x12 0x0000002a mem 0x80010393
core   0: 0x8000ac6c (0x00089a93) slli    s5, a7, 0
core   0: 3 0x8000ac6c (0x00089a93) x21 0xf6a80000
core   0: 0x8000ac70 (0xfd385303) lhu     t1, -45(a6)
core   0: 3 0x8000ac70 (0xfd385303) x 6 0x000013aa mem 0x8001033e
core   0: 0x8000ac74 (0x00b80b23) sb      a1, 22(a6)
core   0: 3 0x8000ac74 (0x00b80b23) mem 0x80010381 0x0
core   0: 0x8000ac78 (0x03185b03) lhu     s6, 49(a6)
core   0: 3 0x8000ac78 (0x03185b03) x22 0x00003385 mem 0x8001039c
core   0: 0x8000ac7c (0xfc680823) sb      t1, -48(a6)
core   0: 3 0x8000ac7c (0xfc680823) mem 0x8001033b 0xaa
core   0: 0x8000ac80 (0x87f5ff13) andi    t5, a1, -1921
core   0: 3 0x8000ac80 (0x87f5ff13) x30 0x00000000
core   0: 0x8000ac84 (0xff785503) lhu     a0, -9(a6)
core   0: 3 0x8000ac84 (0xff785503) x10 0x00008e1f mem 0x80010362
core   0: 0x8000ac88 (0x00000013) nop
core   0: 3 0x8000ac88 (0x00000013)
core   0: 0x8000ac8c (0x00efac33) slt     s8, t6, a4
core   0: 3 0x8000ac8c (0x00efac33) x24 0x00000001
core   0: 0x8000ac90 (0xfe680c23) sb      t1, -8(a6)
core   0: 3 0x8000ac90 (0xfe680c23) mem 0x80010363 0xaa
core   0: 0x8000ac94 (0x96bc87b7) lui     a5, 0x96bc8
core   0: 3 0x8000ac94 (0x96bc87b7) x15 0x96bc8000
core   0: 0x8000ac98 (0x00984d03) lbu     s10, 9(a6)
core   0: 3 0x8000ac98 (0x00984d03) x26 0x00000063 mem 0x80010374
core   0: 0x8000ac9c (0x40be0913) addi    s2, t3, 1035
core   0: 3 0x8000ac9c (0x40be0913) x18 0x0000040b
core   0: 0x8000aca0 (0x01b636b3) sltu    a3, a2, s11
core   0: 3 0x8000aca0 (0x01b636b3) x13 0x00000001
core   0: 0x8000aca4 (0x003e6033) or      zero, t3, gp
core   0: 3 0x8000aca4 (0x003e6033)
core   0: 0x8000aca8 (0x67f3f593) andi    a1, t2, 1663
core   0: 3 0x8000aca8 (0x67f3f593) x11 0x00000019
core   0: 0x8000acac (0xfc381483) lh      s1, -61(a6)
core   0: 3 0x8000acac (0xfc381483) x 9 0x0000473a mem 0x8001032e
core   0: 0x8000acb0 (0x03276433) rem     s0, a4, s2
core   0: 3 0x8000acb0 (0x03276433) x 8 0x000000b3
core   0: 0x8000acb4 (0x03a80283) lb      t0, 58(a6)
core   0: 3 0x8000acb4 (0x03a80283) x 5 0x00000000 mem 0x800103a5
core   0: 0x8000acb8 (0x02c80283) lb      t0, 44(a6)
core   0: 3 0x8000acb8 (0x02c80283) x 5 0xfffffff2 mem 0x80010397
core   0: 0x8000acbc (0x5d7b2e13) slti    t3, s6, 1495
core   0: 3 0x8000acbc (0x5d7b2e13) x28 0x00000000
core   0: 0x8000acc0 (0xfed80e23) sb      a3, -4(a6)
core   0: 3 0x8000acc0 (0xfed80e23) mem 0x80010367 0x1
core   0: 0x8000acc4 (0x0174b8b3) sltu    a7, s1, s7
core   0: 3 0x8000acc4 (0x0174b8b3) x17 0x00000001
core   0: 0x8000acc8 (0xfd880323) sb      s8, -58(a6)
core   0: 3 0x8000acc8 (0xfd880323) mem 0x80010331 0x1
core   0: 0x8000accc (0x016a4e33) xor     t3, s4, s6
core   0: 3 0x8000accc (0x016a4e33) x28 0x8002af61
core   0: 0x8000acd0 (0x033cbc33) mulhu   s8, s9, s3
core   0: 3 0x8000acd0 (0x033cbc33) x24 0x00000000
core   0: 0x8000acd4 (0xfdc80283) lb      t0, -36(a6)
core   0: 3 0x8000acd4 (0xfdc80283) x 5 0xffffffdc mem 0x80010347
core   0: 0x8000acd8 (0xfeb80403) lb      s0, -21(a6)
core   0: 3 0x8000acd8 (0xfeb80403) x 8 0xffffff8b mem 0x80010356
core   0: 0x8000acdc (0xfe384a83) lbu     s5, -29(a6)
core   0: 3 0x8000acdc (0xfe384a83) x21 0x000000c5 mem 0x8001034e
core   0: 0x8000ace0 (0x02484b03) lbu     s6, 36(a6)
core   0: 3 0x8000ace0 (0x02484b03) x22 0x000000b0 mem 0x8001038f
core   0: 0x8000ace4 (0xfd582e03) lw      t3, -43(a6)
core   0: 3 0x8000ace4 (0xfd582e03) x28 0xf52b483c mem 0x80010340
core   0: 0x8000ace8 (0x00006e17) auipc   t3, 0x6
core   0: 3 0x8000ace8 (0x00006e17) x28 0x80010ce8
core   0: 0x8000acec (0x22de0e13) addi    t3, t3, 557
core   0: 3 0x8000acec (0x22de0e13) x28 0x80010f15
core   0: 0x8000acf0 (0xfeee4a83) lbu     s5, -18(t3)
core   0: 3 0x8000acf0 (0xfeee4a83) x21 0x000000df mem 0x80010f03
core   0: 0x8000acf4 (0x036e4003) lbu     zero, 54(t3)
core   0: 3 0x8000acf4 (0x036e4003) mem 0x80010f4b
core   0: 0x8000acf8 (0xffce0383) lb      t2, -4(t3)
core   0: 3 0x8000acf8 (0xffce0383) x 7 0xffffffa8 mem 0x80010f11
core   0: 0x8000acfc (0x035e1a83) lh      s5, 53(t3)
core   0: 3 0x8000acfc (0x035e1a83) x21 0xffffb0b1 mem 0x80010f4a
core   0: 0x8000ad00 (0xfd6e4383) lbu     t2, -42(t3)
core   0: 3 0x8000ad00 (0xfd6e4383) x 7 0x000000c3 mem 0x80010eeb
core   0: 0x8000ad04 (0x00a32b33) slt     s6, t1, a0
core   0: 3 0x8000ad04 (0x00a32b33) x22 0x00000001
core   0: 0x8000ad08 (0x026e4683) lbu     a3, 38(t3)
core   0: 3 0x8000ad08 (0x026e4683) x13 0x00000063 mem 0x80010f3b
core   0: 0x8000ad0c (0x0302b033) mulhu   zero, t0, a6
core   0: 3 0x8000ad0c (0x0302b033)
core   0: 0x8000ad10 (0xfc1e0b23) sb      ra, -42(t3)
core   0: 3 0x8000ad10 (0xfc1e0b23) mem 0x80010eeb 0xfe
core   0: 0x8000ad14 (0xbce7b693) sltiu   a3, a5, -1074
core   0: 3 0x8000ad14 (0xbce7b693) x13 0x00000001
core   0: 0x8000ad18 (0xfc8e4d83) lbu     s11, -56(t3)
core   0: 3 0x8000ad18 (0xfc8e4d83) x27 0x00000020 mem 0x80010edd
core   0: 0x8000ad1c (0x019148b3) xor     a7, sp, s9
core   0: 3 0x8000ad1c (0x019148b3) x17 0x80025da0
core   0: 0x8000ad20 (0xfe0e2da3) sw      zero, -5(t3)
core   0: 3 0x8000ad20 (0xfe0e2da3) mem 0x80010f10 0x00000000
core   0: 0x8000ad24 (0x01739793) slli    a5, t2, 23
core   0: 3 0x8000ad24 (0x01739793) x15 0x61800000
core   0: 0x8000ad28 (0xfc5e4483) lbu     s1, -59(t3)
core   0: 3 0x8000ad28 (0xfc5e4483) x 9 0x0000004f mem 0x80010eda
core   0: 0x8000ad2c (0xfcce0a83) lb      s5, -52(t3)
core   0: 3 0x8000ad2c (0xfcce0a83) x21 0xffffffc1 mem 0x80010ee1
core   0: 0x8000ad30 (0xfe2e1ba3) sh      sp, -9(t3)
core   0: 3 0x8000ad30 (0xfe2e1ba3) mem 0x80010f0c 0x5da0
core   0: 0x8000ad34 (0x01f7d733) srl     a4, a5, t6
core   0: 3 0x8000ad34 (0x01f7d733) x14 0x00030c00
core   0: 0x8000ad38 (0x001e2ba3) sw      ra, 23(t3)
core   0: 3 0x8000ad38 (0x001e2ba3) mem 0x80010f2c 0xffffc5fe
core   0: 0x8000ad3c (0x022e4003) lbu     zero, 34(t3)
core   0: 3 0x8000ad3c (0x022e4003) mem 0x80010f37
core   0: 0x8000ad40 (0x033e2d83) lw      s11, 51(t3)
core   0: 3 0x8000ad40 (0x033e2d83) x27 0xb0b1d874 mem 0x80010f48
core   0: 0x8000ad44 (0x022e0f03) lb      t5, 34(t3)
core   0: 3 0x8000ad44 (0x022e0f03) x30 0xffffffa1 mem 0x80010f37
core   0: 0x8000ad48 (0x03ae4203) lbu     tp, 58(t3)
core   0: 3 0x8000ad48 (0x03ae4203) x 4 0x00000035 mem 0x80010f4f
core   0: 0x8000ad4c (0x03f2fc33) remu    s8, t0, t6
core   0: 3 0x8000ad4c (0x03f2fc33) x24 0x0000d84f
core   0: 0x8000ad50 (0x03fe0883) lb      a7, 63(t3)
core   0: 3 0x8000ad50 (0x03fe0883) x17 0xffffffdb mem 0x80010f54
core   0: 0x8000ad54 (0xfe2e0f03) lb      t5, -30(t3)
core   0: 3 0x8000ad54 (0xfe2e0f03) x30 0xffffffde mem 0x80010ef7
core   0: 0x8000ad58 (0x03fe5c83) lhu     s9, 63(t3)
core   0: 3 0x8000ad58 (0x03fe5c83) x25 0x000094db mem 0x80010f54
core   0: 0x8000ad5c (0x0306b833) mulhu   a6, a3, a6
core   0: 3 0x8000ad5c (0x0306b833) x16 0x00000000
core   0: 0x8000ad60 (0x03ee0383) lb      t2, 62(t3)
core   0: 3 0x8000ad60 (0x03ee0383) x 7 0x00000019 mem 0x80010f53
core   0: 0x8000ad64 (0x01571633) sll     a2, a4, s5
core   0: 3 0x8000ad64 (0x01571633) x12 0x00061800
core   0: 0x8000ad68 (0x2340a793) slti    a5, ra, 564
core   0: 3 0x8000ad68 (0x2340a793) x15 0x00000001
core   0: 0x8000ad6c (0x0282cdb3) div     s11, t0, s0
core   0: 3 0x8000ad6c (0x0282cdb3) x27 0x00000000
core   0: 0x8000ad70 (0x0123b233) sltu    tp, t2, s2
core   0: 3 0x8000ad70 (0x0123b233) x 4 0x00000001
core   0: 0x8000ad74 (0x00ee4c03) lbu     s8, 14(t3)
core   0: 3 0x8000ad74 (0x00ee4c03) x24 0x0000003f mem 0x80010f23
core   0: 0x8000ad78 (0x03ce02a3) sb      t3, 37(t3)
core   0: 3 0x8000ad78 (0x03ce02a3) mem 0x80010f3a 0x15
core   0: 0x8000ad7c (0x003b23b3) slt     t2, s6, gp
core   0: 3 0x8000ad7c (0x003b23b3) x 7 0x00000000
core   0: 0x8000ad80 (0xfcee4903) lbu     s2, -50(t3)
core   0: 3 0x8000ad80 (0xfcee4903) x18 0x00000046 mem 0x80010ee3
core   0: 0x8000ad84 (0x418a8fb3) sub     t6, s5, s8
core   0: 3 0x8000ad84 (0x418a8fb3) x31 0xffffff82
core   0: 0x8000ad88 (0x0219c4b3) div     s1, s3, ra
core   0: 3 0x8000ad88 (0x0219c4b3) x 9 0x000234e0
core   0: 0x8000ad8c (0x00ee4f83) lbu     t6, 14(t3)
core   0: 3 0x8000ad8c (0x00ee4f83) x31 0x0000003f mem 0x80010f23
core   0: 0x8000ad90 (0xfeae0703) lb      a4, -22(t3)
core   0: 3 0x8000ad90 (0xfeae0703) x14 0xffffff96 mem 0x80010eff
core   0: 0x8000ad94 (0x00005d97) auipc   s11, 0x5
core   0: 3 0x8000ad94 (0x00005d97) x27 0x8000fd94
core   0: 0x8000ad98 (0x79fd8d93) addi    s11, s11, 1951
core   0: 3 0x8000ad98 (0x79fd8d93) x27 0x80010533
core   0: 0x8000ad9c (0xff9d8823) sb      s9, -16(s11)
core   0: 3 0x8000ad9c (0xff9d8823) mem 0x80010523 0xdb
core   0: 0x8000ada0 (0x0071d993) srli    s3, gp, 7
core   0: 3 0x8000ada0 (0x0071d993) x19 0x00000000
core   0: 0x8000ada4 (0x014d96a3) sh      s4, 13(s11)
core   0: 3 0x8000ada4 (0x014d96a3) mem 0x80010540 0x9ce4
core   0: 0x8000ada8 (0xffcdc383) lbu     t2, -4(s11)
core   0: 3 0x8000ada8 (0xffcdc383) x 7 0x000000df mem 0x8001052f
core   0: 0x8000adac (0x233bc813) xori    a6, s7, 563
core   0: 3 0x8000adac (0x233bc813) x16 0xb5491649
core   0: 0x8000adb0 (0x00bdd003) lhu     zero, 11(s11)
core   0: 3 0x8000adb0 (0x00bdd003) mem 0x8001053e
core   0: 0x8000adb4 (0xc7a14937) lui     s2, 0xc7a14
core   0: 3 0x8000adb4 (0xc7a14937) x18 0xc7a14000
core   0: 0x8000adb8 (0x018975b3) and     a1, s2, s8
core   0: 3 0x8000adb8 (0x018975b3) x11 0x00000000
core   0: 0x8000adbc (0x03a18ab3) mul     s5, gp, s10
core   0: 3 0x8000adbc (0x03a18ab3) x21 0x00000000
core   0: 0x8000adc0 (0x000faf33) slt     t5, t6, zero
core   0: 3 0x8000adc0 (0x000faf33) x30 0x00000000
core   0: 0x8000adc4 (0x2c2e3b13) sltiu   s6, t3, 706
core   0: 3 0x8000adc4 (0x2c2e3b13) x22 0x00000000
core   0: 0x8000adc8 (0x00f2dd13) srli    s10, t0, 15
core   0: 3 0x8000adc8 (0x00f2dd13) x26 0x0001ffff
core   0: 0x8000adcc (0xafaff313) andi    t1, t6, -1286
core   0: 3 0x8000adcc (0xafaff313) x 6 0x0000003a
core   0: 0x8000add0 (0x009860b3) or      ra, a6, s1
core   0: 3 0x8000add0 (0x009860b3) x 1 0xb54b36e9
core   0: 0x8000add4 (0xff5dd583) lhu     a1, -11(s11)
core   0: 3 0x8000add4 (0xff5dd583) x11 0x000082a4 mem 0x80010528
core   0: 0x8000add8 (0xff0d8c83) lb      s9, -16(s11)
core   0: 3 0x8000add8 (0xff0d8c83) x25 0xffffffdb mem 0x80010523
core   0: 0x8000addc (0xb676ea93) ori     s5, a3, -1177
core   0: 3 0x8000addc (0xb676ea93) x21 0xfffffb67
core   0: 0x8000ade0 (0x03820cb3) mul     s9, tp, s8
core   0: 3 0x8000ade0 (0x03820cb3) x25 0x0000003f
core   0: 0x8000ade4 (0xff0dc803) lbu     a6, -16(s11)
core   0: 3 0x8000ade4 (0xff0dc803) x16 0x000000db mem 0x80010523
core   0: 0x8000ade8 (0x00cd8e83) lb      t4, 12(s11)
core   0: 3 0x8000ade8 (0x00cd8e83) x29 0x0000002b mem 0x8001053f
core   0: 0x8000adec (0xe2a0f593) andi    a1, ra, -470
core   0: 3 0x8000adec (0xe2a0f593) x11 0xb54b3628
core   0: 0x8000adf0 (0x29598c93) addi    s9, s3, 661
core   0: 3 0x8000adf0 (0x29598c93) x25 0x00000295
core   0: 0x8000adf4 (0x0255a233) mulhsu  tp, a1, t0
core   0: 3 0x8000adf4 (0x0255a233) x 4 0xb54b3632
core   0: 0x8000adf8 (0xffdda283) lw      t0, -3(s11)
core   0: 3 0x8000adf8 (0xffdda283) x 5 0xe23193ec mem 0x80010530
core   0: 0x8000adfc (0x016d8123) sb      s6, 2(s11)
core   0: 3 0x8000adfc (0x016d8123) mem 0x80010535 0x0
core   0: 0x8000ae00 (0xd565f993) andi    s3, a1, -682
core   0: 3 0x8000ae00 (0xd565f993) x19 0xb54b3400
core   0: 0x8000ae04 (0x01dd84a3) sb      t4, 9(s11)
core   0: 3 0x8000ae04 (0x01dd84a3) mem 0x8001053c 0x2b
core   0: 0x8000ae08 (0x0285de33) divu    t3, a1, s0
core   0: 3 0x8000ae08 (0x0285de33) x28 0x00000000
core   0: 0x8000ae0c (0x00cd8383) lb      t2, 12(s11)
core   0: 3 0x8000ae0c (0x00cd8383) x 7 0x0000002b mem 0x8001053f
core   0: 0x8000ae10 (0x407dd393) srai    t2, s11, 7
core   0: 3 0x8000ae10 (0x407dd393) x 7 0xff00020a
core   0: 0x8000ae14 (0xfe2daea3) sw      sp, -3(s11)
core   0: 3 0x8000ae14 (0xfe2daea3) mem 0x80010530 0x80025da0
core   0: 0x8000ae18 (0x00cd8803) lb      a6, 12(s11)
core   0: 3 0x8000ae18 (0x00cd8803) x16 0x0000002b mem 0x8001053f
core   0: 0x8000ae1c (0x31082313) slti    t1, a6, 784
core   0: 3 0x8000ae1c (0x31082313) x 6 0x00000001
core   0: 0x8000ae20 (0xff7d8c03) lb      s8, -9(s11)
core   0: 3 0x8000ae20 (0xff7d8c03) x24 0xffffffd0 mem 0x8001052a
core   0: 0x8000ae24 (0xff6d98a3) sh      s6, -15(s11)
core   0: 3 0x8000ae24 (0xff6d98a3) mem 0x80010524 0x0000
core   0: 0x8000ae28 (0xff0dc803) lbu     a6, -16(s11)
core   0: 3 0x8000ae28 (0xff0dc803) x16 0x000000db mem 0x80010523
core   0: 0x8000ae2c (0x019d8323) sb      s9, 6(s11)
core   0: 3 0x8000ae2c (0x019d8323) mem 0x80010539 0x95
core   0: 0x8000ae30 (0xfe2daaa3) sw      sp, -11(s11)
core   0: 3 0x8000ae30 (0xfe2daaa3) mem 0x80010528 0x80025da0
core   0: 0x8000ae34 (0x012e9e93) slli    t4, t4, 18
core   0: 3 0x8000ae34 (0x012e9e93) x29 0x00ac0000
core   0: 0x8000ae38 (0x007d8623) sb      t2, 12(s11)
core   0: 3 0x8000ae38 (0x007d8623) mem 0x8001053f 0xa
core   0: 0x8000ae3c (0x031bf533) remu    a0, s7, a7
core   0: 3 0x8000ae3c (0x031bf533) x10 0xb549147a
core   0: 0x8000ae40 (0xfebd8b23) sb      a1, -10(s11)
core   0: 3 0x8000ae40 (0xfebd8b23) mem 0x80010529 0x28
core   0: 0x8000ae44 (0x03310333) mul     t1, sp, s3
core   0: 3 0x8000ae44 (0x03310333) x 6 0x08e48000
core   0: 0x8000ae48 (0xfe8d8b23) sb      s0, -10(s11)
core   0: 3 0x8000ae48 (0xfe8d8b23) mem 0x80010529 0x8b
core   0: 0x8000ae4c (0xffadce03) lbu     t3, -6(s11)
core   0: 3 0x8000ae4c (0xffadce03) x28 0x000000cf mem 0x8001052d
core   0: 0x8000ae50 (0x01cd8023) sb      t3, 0(s11)
core   0: 3 0x8000ae50 (0x01cd8023) mem 0x80010533 0xcf
core   0: 0x8000ae54 (0xffcd8ba3) sb      t3, -9(s11)
core   0: 3 0x8000ae54 (0xffcd8ba3) mem 0x8001052a 0xcf
core   0: 0x8000ae58 (0xc4b80793) addi    a5, a6, -949
core   0: 3 0x8000ae58 (0xc4b80793) x15 0xfffffd26
core   0: 0x8000ae5c (0x01a6a2b3) slt     t0, a3, s10
core   0: 3 0x8000ae5c (0x01a6a2b3) x 5 0x00000001
core   0: 0x8000ae60 (0xffcd8503) lb      a0, -4(s11)
core   0: 3 0x8000ae60 (0xffcd8503) x10 0xffffffdf mem 0x8001052f
core   0: 0x8000ae64 (0x02320a93) addi    s5, tp, 35
core   0: 3 0x8000ae64 (0x02320a93) x21 0xb54b3655
core   0: 0x8000ae68 (0xfe6d9ea3) sh      t1, -3(s11)
core   0: 3 0x8000ae68 (0xfe6d9ea3) mem 0x80010530 0x8000
core   0: 0x8000ae6c (0x014f0f33) add     t5, t5, s4
core   0: 3 0x8000ae6c (0x014f0f33) x30 0x80029ce4
core   0: 0x8000ae70 (0x021f56b3) divu    a3, t5, ra
core   0: 3 0x8000ae70 (0x021f56b3) x13 0x00000000
core   0: 0x8000ae74 (0xff8dc503) lbu     a0, -8(s11)
core   0: 3 0x8000ae74 (0xff8dc503) x10 0x00000080 mem 0x8001052b
core   0: 0x8000ae78 (0xbd3c6b13) ori     s6, s8, -1069
core   0: 3 0x8000ae78 (0xbd3c6b13) x22 0xffffffd3
core   0: 0x8000ae7c (0x01a506b3) add     a3, a0, s10
core   0: 3 0x8000ae7c (0x01a506b3) x13 0x0002007f
core   0: 0x8000ae80 (0x01fe1233) sll     tp, t3, t6
core   0: 3 0x8000ae80 (0x01fe1233) x 4 0x80000000
core   0: 0x8000ae84 (0x037ce533) rem     a0, s9, s7
core   0: 3 0x8000ae84 (0x037ce533) x10 0x00000295
core   0: 0x8000ae88 (0x9e0c7093) andi    ra, s8, -1568
core   0: 3 0x8000ae88 (0x9e0c7093) x 1 0xfffff9c0
core   0: 0x8000ae8c (0x00000013) nop
core   0: 3 0x8000ae8c (0x00000013)
core   0: 0x8000ae90 (0x01cc2033) slt     zero, s8, t3
core   0: 3 0x8000ae90 (0x01cc2033)
core   0: 0x8000ae94 (0x029bde33) divu    t3, s7, s1
core   0: 3 0x8000ae94 (0x029bde33) x28 0x00005228
core   0: 0x8000ae98 (0x8a893b13) sltiu   s6, s2, -1880
core   0: 3 0x8000ae98 (0x8a893b13) x22 0x00000001
core   0: 0x8000ae9c (0x0326ed33) rem     s10, a3, s2
core   0: 3 0x8000ae9c (0x0326ed33) x26 0x0002007f
core   0: 0x8000aea0 (0x02766ab3) rem     s5, a2, t2
core   0: 3 0x8000aea0 (0x02766ab3) x21 0x00061800
core   0: 0x8000aea4 (0xe3908293) addi    t0, ra, -455
core   0: 3 0x8000aea4 (0xe3908293) x 5 0xfffff7f9
core   0: 0x8000aea8 (0xf1be42b7) lui     t0, 0xf1be4
core   0: 3 0x8000aea8 (0xf1be42b7) x 5 0xf1be4000
core   0: 0x8000aeac (0xff53af17) auipc   t5, 0xff53a
core   0: 3 0x8000aeac (0xff53af17) x30 0x7f544eac
core   0: 0x8000aeb0 (0x0016cc33) xor     s8, a3, ra
core   0: 3 0x8000aeb0 (0x0016cc33) x24 0xfffdf9bf
core   0: 0x8000aeb4 (0x03e47063) bgeu    s0, t5, pc + 32
core   0: 3 0x8000aeb4 (0x03e47063)
core   0: 0x8000aed4 (0x0163c8b3) xor     a7, t2, s6
core   0: 3 0x8000aed4 (0x0163c8b3) x17 0xff00020b
core   0: 0x8000aed8 (0xfc28cc93) xori    s9, a7, -62
core   0: 3 0x8000aed8 (0xfc28cc93) x25 0x00fffdc9
core   0: 0x8000aedc (0x03b1eb33) rem     s6, gp, s11
core   0: 3 0x8000aedc (0x03b1eb33) x22 0x00000000
core   0: 0x8000aee0 (0x01e9d913) srli    s2, s3, 30
core   0: 3 0x8000aee0 (0x01e9d913) x18 0x00000002
core   0: 0x8000aee4 (0x02f4cab3) div     s5, s1, a5
core   0: 3 0x8000aee4 (0x02f4cab3) x21 0xffffff3a
core   0: 0x8000aee8 (0x038ca4b3) mulhsu  s1, s9, s8
core   0: 3 0x8000aee8 (0x038ca4b3) x 9 0x00fffbc2
core   0: 0x8000aeec (0x03934ab3) div     s5, t1, s9
core   0: 3 0x8000aeec (0x03934ab3) x21 0x00000008
core   0: 0x8000aef0 (0x02926c33) rem     s8, tp, s1
core   0: 3 0x8000aef0 (0x02926c33) x24 0xfffde100
core   0: 0x8000aef4 (0x4158d7b3) sra     a5, a7, s5
core   0: 3 0x8000aef4 (0x4158d7b3) x15 0xffff0002
core   0: 0x8000aef8 (0x0a680913) addi    s2, a6, 166
core   0: 3 0x8000aef8 (0x0a680913) x18 0x00000181
core   0: 0x8000aefc (0x408a0eb3) sub     t4, s4, s0
core   0: 3 0x8000aefc (0x408a0eb3) x29 0x80029d59
core   0: 0x8000af00 (0x019b82b3) add     t0, s7, s9
core   0: 3 0x8000af00 (0x019b82b3) x 5 0xb6491243
core   0: 0x8000af04 (0x052c4063) blt     s8, s2, pc + 64
core   0: 3 0x8000af04 (0x052c4063)
core   0: 0x8000af44 (0x03c93ab3) mulhu   s5, s2, t3
core   0: 3 0x8000af44 (0x03c93ab3) x21 0x00000000
core   0: 0x8000af48 (0x453e6397) auipc   t2, 0x453e6
core   0: 3 0x8000af48 (0x453e6397) x 7 0xc53f0f48
core   0: 0x8000af4c (0x03fad533) divu    a0, s5, t6
core   0: 3 0x8000af4c (0x03fad533) x10 0x00000000
core   0: 0x8000af50 (0x016ace63) blt     s5, s6, pc + 28
core   0: 3 0x8000af50 (0x016ace63)
core   0: 0x8000af54 (0x016e2fb3) slt     t6, t3, s6
core   0: 3 0x8000af54 (0x016e2fb3) x31 0x00000000
core   0: 0x8000af58 (0x033e9f33) mulh    t5, t4, s3
core   0: 3 0x8000af58 (0x033e9f33) x30 0x2559a2ab
core   0: 0x8000af5c (0x03ff8433) mul     s0, t6, t6
core   0: 3 0x8000af5c (0x03ff8433) x 8 0x00000000
core   0: 0x8000af60 (0x05915863) bge     sp, s9, pc + 80
core   0: 3 0x8000af60 (0x05915863)
core   0: 0x8000af64 (0x00000013) nop
core   0: 3 0x8000af64 (0x00000013)
core   0: 0x8000af68 (0x03b59a63) bne     a1, s11, pc + 52
core   0: 3 0x8000af68 (0x03b59a63)
core   0: 0x8000af9c (0x00cc1e63) bne     s8, a2, pc + 28
core   0: 3 0x8000af9c (0x00cc1e63)
core   0: 0x8000afb8 (0x05596063) bltu    s2, s5, pc + 64
core   0: 3 0x8000afb8 (0x05596063)
core   0: 0x8000afbc (0x01f6edb3) or      s11, a3, t6
core   0: 3 0x8000afbc (0x01f6edb3) x27 0x0002007f
core   0: 0x8000afc0 (0x01e0fb33) and     s6, ra, t5
core   0: 3 0x8000afc0 (0x01e0fb33) x22 0x2559a080
core   0: 0x8000afc4 (0x01991333) sll     t1, s2, s9
core   0: 3 0x8000afc4 (0x01991333) x 6 0x00030200
core   0: 0x8000afc8 (0x032560b3) rem     ra, a0, s2
core   0: 3 0x8000afc8 (0x032560b3) x 1 0x00000000
core   0: 0x8000afcc (0x70c897b7) lui     a5, 0x70c89
core   0: 3 0x8000afcc (0x70c897b7) x15 0x70c89000
core   0: 0x8000afd0 (0x03ea79b3) remu    s3, s4, t5
core   0: 3 0x8000afd0 (0x03ea79b3) x19 0x0ff5b4e3
core   0: 0x8000afd4 (0x759de613) ori     a2, s11, 1881
core   0: 3 0x8000afd4 (0x759de613) x12 0x0002077f
core   0: 0x8000afd8 (0x00072b33) slt     s6, a4, zero
core   0: 3 0x8000afd8 (0x00072b33) x22 0x00000001
core   0: 0x8000afdc (0x6592f913) andi    s2, t0, 1625
core   0: 3 0x8000afdc (0x6592f913) x18 0x00000241
core   0: 0x8000afe0 (0xf4646517) auipc   a0, 0xf4646
core   0: 3 0x8000afe0 (0xf4646517) x10 0x74650fe0
core   0: 0x8000afe4 (0x017edf33) srl     t5, t4, s7
core   0: 3 0x8000afe4 (0x017edf33) x30 0x00000020
core   0: 0x8000afe8 (0x00d19e33) sll     t3, gp, a3
core   0: 3 0x8000afe8 (0x00d19e33) x28 0x00000000
core   0: 0x8000afec (0x012e9eb3) sll     t4, t4, s2
core   0: 3 0x8000afec (0x012e9eb3) x29 0x00053ab2
core   0: 0x8000aff0 (0x00e18eb3) add     t4, gp, a4
core   0: 3 0x8000aff0 (0x00e18eb3) x29 0xffffff96
core   0: 0x8000aff4 (0x0332e3b3) rem     t2, t0, s3
core   0: 3 0x8000aff4 (0x0332e3b3) x 7 0xf61fe5cf
core   0: 0x8000aff8 (0x40b5da93) srai    s5, a1, 11
core   0: 3 0x8000aff8 (0x40b5da93) x21 0xfff6a966
core   0: 0x8000affc (0xb94e7093) andi    ra, t3, -1132
core   0: 3 0x8000affc (0xb94e7093) x 1 0x00000000
core   0: 0x8000b000 (0x01f4c1b3) xor     gp, s1, t6
core   0: 3 0x8000b000 (0x01f4c1b3) x 3 0x00fffbc2
core   0: 0x8000b004 (0x036039b3) mulhu   s3, zero, s6
core   0: 3 0x8000b004 (0x036039b3) x19 0x00000000
core   0: 0x8000b008 (0x00d181b3) add     gp, gp, a3
core   0: 3 0x8000b008 (0x00d181b3) x 3 0x0101fc41
core   0: 0x8000b00c (0x00283233) sltu    tp, a6, sp
core   0: 3 0x8000b00c (0x00283233) x 4 0x00000001
core   0: 0x8000b010 (0x0030b833) sltu    a6, ra, gp
core   0: 3 0x8000b010 (0x0030b833) x16 0x00000001
core   0: 0x8000b014 (0x01ac4eb3) xor     t4, s8, s10
core   0: 3 0x8000b014 (0x01ac4eb3) x29 0xffffe17f
core   0: 0x8000b018 (0x00000013) nop
core   0: 3 0x8000b018 (0x00000013)
core   0: 0x8000b01c (0x01aba5b3) slt     a1, s7, s10
core   0: 3 0x8000b01c (0x01aba5b3) x11 0x00000001
core   0: 0x8000b020 (0x00f20a63) beq     tp, a5, pc + 20
core   0: 3 0x8000b020 (0x00f20a63)
core   0: 0x8000b024 (0x01acac33) slt     s8, s9, s10
core   0: 3 0x8000b024 (0x01acac33) x24 0x00000000
core   0: 0x8000b028 (0xe5b40e93) addi    t4, s0, -421
core   0: 3 0x8000b028 (0xe5b40e93) x29 0xfffffe5b
core   0: 0x8000b02c (0x03b806b3) mul     a3, a6, s11
core   0: 3 0x8000b02c (0x03b806b3) x13 0x0002007f
core   0: 0x8000b030 (0x54daef13) ori     t5, s5, 1357
core   0: 3 0x8000b030 (0x54daef13) x30 0xfff6ad6f
core   0: 0x8000b034 (0x413959b3) sra     s3, s2, s3
core   0: 3 0x8000b034 (0x413959b3) x19 0x00000241
core   0: 0x8000b038 (0x009dbe33) sltu    t3, s11, s1
core   0: 3 0x8000b038 (0x009dbe33) x28 0x00000001
core   0: 0x8000b03c (0x05a05263) bge     zero, s10, pc + 68
core   0: 3 0x8000b03c (0x05a05263)
core   0: 0x8000b040 (0xbcfde793) ori     a5, s11, -1073
core   0: 3 0x8000b040 (0xbcfde793) x15 0xfffffbff
core   0: 0x8000b044 (0x02ac6fb3) rem     t6, s8, a0
core   0: 3 0x8000b044 (0x02ac6fb3) x31 0x00000000
core   0: 0x8000b048 (0x02136a63) bltu    t1, ra, pc + 52
core   0: 3 0x8000b048 (0x02136a63)
core   0: 0x8000b04c (0x0391c533) div     a0, gp, s9
core   0: 3 0x8000b04c (0x0391c533) x10 0x00000001
core   0: 0x8000b050 (0xff7ce813) ori     a6, s9, -9
core   0: 3 0x8000b050 (0xff7ce813) x16 0xffffffff
core   0: 0x8000b054 (0x01183833) sltu    a6, a6, a7
core   0: 3 0x8000b054 (0x01183833) x16 0x00000000
core   0: 0x8000b058 (0x008146b3) xor     a3, sp, s0
core   0: 3 0x8000b058 (0x008146b3) x13 0x80025da0
core   0: 0x8000b05c (0x01476263) bltu    a4, s4, pc + 4
core   0: 3 0x8000b05c (0x01476263)
core   0: 0x8000b060 (0x038e6863) bltu    t3, s8, pc + 48
core   0: 3 0x8000b060 (0x038e6863)
core   0: 0x8000b064 (0x03bc5533) divu    a0, s8, s11
core   0: 3 0x8000b064 (0x03bc5533) x10 0x00000000
core   0: 0x8000b068 (0x412b5713) srai    a4, s6, 18
core   0: 3 0x8000b068 (0x412b5713) x14 0x00000000
core   0: 0x8000b06c (0x40695433) sra     s0, s2, t1
core   0: 3 0x8000b06c (0x40695433) x 8 0x00000241
core   0: 0x8000b070 (0x01420633) add     a2, tp, s4
core   0: 3 0x8000b070 (0x01420633) x12 0x80029ce5
core   0: 0x8000b074 (0x0590c663) blt     ra, s9, pc + 76
core   0: 3 0x8000b074 (0x0590c663)
core   0: 0x8000b0c0 (0x039b88b3) mul     a7, s7, s9
core   0: 3 0x8000b0c0 (0x039b88b3) x17 0xf523a5ca
core   0: 0x8000b0c4 (0x010a8663) beq     s5, a6, pc + 12
core   0: 3 0x8000b0c4 (0x010a8663)
core   0: 0x8000b0c8 (0x04cb0063) beq     s6, a2, pc + 64
core   0: 3 0x8000b0c8 (0x04cb0063)
core   0: 0x8000b0cc (0x04966463) bltu    a2, s1, pc + 72
core   0: 3 0x8000b0cc (0x04966463)
core   0: 0x8000b0d0 (0x03e52633) mulhsu  a2, a0, t5
core   0: 3 0x8000b0d0 (0x03e52633) x12 0x00000000
core   0: 0x8000b0d4 (0x02253d33) mulhu   s10, a0, sp
core   0: 3 0x8000b0d4 (0x02253d33) x26 0x00000000
core   0: 0x8000b0d8 (0x43e82813) slti    a6, a6, 1086
core   0: 3 0x8000b0d8 (0x43e82813) x16 0x00000001
core   0: 0x8000b0dc (0x003bcab3) xor     s5, s7, gp
core   0: 3 0x8000b0dc (0x003bcab3) x21 0xb448e83b
core   0: 0x8000b0e0 (0x03db5d33) divu    s10, s6, t4
core   0: 3 0x8000b0e0 (0x03db5d33) x26 0x00000000
core   0: 0x8000b0e4 (0x0079d833) srl     a6, s3, t2
core   0: 3 0x8000b0e4 (0x0079d833) x16 0x00000000
core   0: 0x8000b0e8 (0x04264863) blt     a2, sp, pc + 80
core   0: 3 0x8000b0e8 (0x04264863)
core   0: 0x8000b0ec (0x0067a1b3) slt     gp, a5, t1
core   0: 3 0x8000b0ec (0x0067a1b3) x 3 0x00000001
core   0: 0x8000b0f0 (0x00a49c93) slli    s9, s1, 10
core   0: 3 0x8000b0f0 (0x00a49c93) x25 0xffef0800
core   0: 0x8000b0f4 (0xba3ea493) slti    s1, t4, -1117
core   0: 3 0x8000b0f4 (0xba3ea493) x 9 0x00000000
core   0: 0x8000b0f8 (0x057cf263) bgeu    s9, s7, pc + 68
core   0: 3 0x8000b0f8 (0x057cf263)
core   0: 0x8000b13c (0x8d46a813) slti    a6, a3, -1836
core   0: 3 0x8000b13c (0x8d46a813) x16 0x00000001
core   0: 0x8000b140 (0xe6934313) xori    t1, t1, -407
core   0: 3 0x8000b140 (0xe6934313) x 6 0xfffcfc69
core   0: 0x8000b144 (0x032fee63) bltu    t6, s2, pc + 60
core   0: 3 0x8000b144 (0x032fee63)
core   0: 0x8000b180 (0x021bab33) mulhsu  s6, s7, ra
core   0: 3 0x8000b180 (0x021bab33) x22 0x00000000
core   0: 0x8000b184 (0x409bd633) sra     a2, s7, s1
core   0: 3 0x8000b184 (0x409bd633) x12 0xb549147a
core   0: 0x8000b188 (0x5677a713) slti    a4, a5, 1383
core   0: 3 0x8000b188 (0x5677a713) x14 0x00000001
core   0: 0x8000b18c (0x035479b3) remu    s3, s0, s5
core   0: 3 0x8000b18c (0x035479b3) x19 0x00000241
core   0: 0x8000b190 (0x89d04b13) xori    s6, zero, -1891
core   0: 3 0x8000b190 (0x89d04b13) x22 0xfffff89d
core   0: 0x8000b194 (0x0248f233) remu    tp, a7, tp
core   0: 3 0x8000b194 (0x0248f233) x 4 0x00000000
core   0: 0x8000b198 (0x0091a2b3) slt     t0, gp, s1
core   0: 3 0x8000b198 (0x0091a2b3) x 5 0x00000000
core   0: 0x8000b19c (0x0042c933) xor     s2, t0, tp
core   0: 3 0x8000b19c (0x0042c933) x18 0x00000000
core   0: 0x8000b1a0 (0x4d883993) sltiu   s3, a6, 1240
core   0: 3 0x8000b1a0 (0x4d883993) x19 0x00000001
core   0: 0x8000b1a4 (0x21a66b17) auipc   s6, 0x21a66
core   0: 3 0x8000b1a4 (0x21a66b17) x22 0xa1a711a4
core   0: 0x8000b1a8 (0x00205c93) srli    s9, zero, 2
core   0: 3 0x8000b1a8 (0x00205c93) x25 0x00000000
core   0: 0x8000b1ac (0x00adce33) xor     t3, s11, a0
core   0: 3 0x8000b1ac (0x00adce33) x28 0x0002007f
core   0: 0x8000b1b0 (0x033c0063) beq     s8, s3, pc + 32
core   0: 3 0x8000b1b0 (0x033c0063)
core   0: 0x8000b1b4 (0x00a09993) slli    s3, ra, 10
core   0: 3 0x8000b1b4 (0x00a09993) x19 0x00000000
core   0: 0x8000b1b8 (0x03cae933) rem     s2, s5, t3
core   0: 3 0x8000b1b8 (0x03cae933) x18 0xffffab69
core   0: 0x8000b1bc (0x12c90613) addi    a2, s2, 300
core   0: 3 0x8000b1bc (0x12c90613) x12 0xffffac95
core   0: 0x8000b1c0 (0x02add9b3) divu    s3, s11, a0
core   0: 3 0x8000b1c0 (0x02add9b3) x19 0xffffffff
core   0: 0x8000b1c4 (0x4e4e6813) ori     a6, t3, 1252
core   0: 3 0x8000b1c4 (0x4e4e6813) x16 0x000204ff
core   0: 0x8000b1c8 (0x40ae5993) srai    s3, t3, 10
core   0: 3 0x8000b1c8 (0x40ae5993) x19 0x00000080
core   0: 0x8000b1cc (0x02ae1863) bne     t3, a0, pc + 48
core   0: 3 0x8000b1cc (0x02ae1863)
core   0: 0x8000b1fc (0x00940533) add     a0, s0, s1
core   0: 3 0x8000b1fc (0x00940533) x10 0x00000241
core   0: 0x8000b200 (0x02dbe033) rem     zero, s7, a3
core   0: 3 0x8000b200 (0x02dbe033)
core   0: 0x8000b204 (0x02deb233) mulhu   tp, t4, a3
core   0: 3 0x8000b204 (0x02deb233) x 4 0x80025ccd
core   0: 0x8000b208 (0x00000013) nop
core   0: 3 0x8000b208 (0x00000013)
core   0: 0x8000b20c (0x0159e863) bltu    s3, s5, pc + 16
core   0: 3 0x8000b20c (0x0159e863)
core   0: 0x8000b21c (0x03d28833) mul     a6, t0, t4
core   0: 3 0x8000b21c (0x03d28833) x16 0x00000000
core   0: 0x8000b220 (0x40f20733) sub     a4, tp, a5
core   0: 3 0x8000b220 (0x40f20733) x14 0x800260ce
core   0: 0x8000b224 (0x00da0ab3) add     s5, s4, a3
core   0: 3 0x8000b224 (0x00da0ab3) x21 0x0004fa84
core   0: 0x8000b228 (0x01849eb3) sll     t4, s1, s8
core   0: 3 0x8000b228 (0x01849eb3) x29 0x00000000
core   0: 0x8000b22c (0x88b40913) addi    s2, s0, -1909
core   0: 3 0x8000b22c (0x88b40913) x18 0xfffffacc
core   0: 0x8000b230 (0x41f1d513) srai    a0, gp, 31
core   0: 3 0x8000b230 (0x41f1d513) x10 0x00000000
core   0: 0x8000b234 (0x01ea7fb3) and     t6, s4, t5
core   0: 3 0x8000b234 (0x01ea7fb3) x31 0x80028c64
core   0: 0x8000b238 (0x03fb8e63) beq     s7, t6, pc + 60
core   0: 3 0x8000b238 (0x03fb8e63)
core   0: 0x8000b23c (0x01e0a7b3) slt     a5, ra, t5
core   0: 3 0x8000b23c (0x01e0a7b3) x15 0x00000000
core   0: 0x8000b240 (0x009f45b3) xor     a1, t5, s1
core   0: 3 0x8000b240 (0x009f45b3) x11 0xfff6ad6f
core   0: 0x8000b244 (0x05d18063) beq     gp, t4, pc + 64
core   0: 3 0x8000b244 (0x05d18063)
core   0: 0x8000b248 (0x029e51b3) divu    gp, t3, s1
core   0: 3 0x8000b248 (0x029e51b3) x 3 0xffffffff
core   0: 0x8000b24c (0x00c804b3) add     s1, a6, a2
core   0: 3 0x8000b24c (0x00c804b3) x 9 0xffffac95
core   0: 0x8000b250 (0x05d09263) bne     ra, t4, pc + 68
core   0: 3 0x8000b250 (0x05d09263)
core   0: 0x8000b254 (0x00ec6933) or      s2, s8, a4
core   0: 3 0x8000b254 (0x00ec6933) x18 0x800260ce
core   0: 0x8000b258 (0x03c58333) mul     t1, a1, t3
core   0: 3 0x8000b258 (0x03c58333) x 6 0x563e0a11
core   0: 0x8000b25c (0x401b5893) srai    a7, s6, 1
core   0: 3 0x8000b25c (0x401b5893) x17 0xd0d388d2
core   0: 0x8000b260 (0x03ad7933) remu    s2, s10, s10
core   0: 3 0x8000b260 (0x03ad7933) x18 0x00000000
core   0: 0x8000b264 (0x025e2db3) mulhsu  s11, t3, t0
core   0: 3 0x8000b264 (0x025e2db3) x27 0x00000000
core   0: 0x8000b268 (0x00f966b3) or      a3, s2, a5
core   0: 3 0x8000b268 (0x00f966b3) x13 0x00000000
core   0: 0x8000b26c (0x00000013) nop
core   0: 3 0x8000b26c (0x00000013)
core   0: 0x8000b270 (0x014ff633) and     a2, t6, s4
core   0: 3 0x8000b270 (0x014ff633) x12 0x80028c64
core   0: 0x8000b274 (0x02a8e033) rem     zero, a7, a0
core   0: 3 0x8000b274 (0x02a8e033)
core   0: 0x8000b278 (0x0331e433) rem     s0, gp, s3
core   0: 3 0x8000b278 (0x0331e433) x 8 0xffffffff
core   0: 0x8000b27c (0x030c80b3) mul     ra, s9, a6
core   0: 3 0x8000b27c (0x030c80b3) x 1 0x00000000
core   0: 0x8000b280 (0x015d7a63) bgeu    s10, s5, pc + 20
core   0: 3 0x8000b280 (0x015d7a63)
core   0: 0x8000b284 (0x0292e863) bltu    t0, s1, pc + 48
core   0: 3 0x8000b284 (0x0292e863)
core   0: 0x8000b2b4 (0x41b8cd13) xori    s10, a7, 1051
core   0: 3 0x8000b2b4 (0x41b8cd13) x26 0xd0d38cc9
core   0: 0x8000b2b8 (0x54943837) lui     a6, 0x54943
core   0: 3 0x8000b2b8 (0x54943837) x16 0x54943000
core   0: 0x8000b2bc (0x10c4ec97) auipc   s9, 0x10c4e
core   0: 3 0x8000b2bc (0x10c4ec97) x25 0x90c592bc
core   0: 0x8000b2c0 (0x02f413b3) mulh    t2, s0, a5
core   0: 3 0x8000b2c0 (0x02f413b3) x 7 0x00000000
core   0: 0x8000b2c4 (0x010f39b3) sltu    s3, t5, a6
core   0: 3 0x8000b2c4 (0x010f39b3) x19 0x00000000
core   0: 0x8000b2c8 (0x00d10663) beq     sp, a3, pc + 12
core   0: 3 0x8000b2c8 (0x00d10663)
core   0: 0x8000b2cc (0x72394d13) xori    s10, s2, 1827
core   0: 3 0x8000b2cc (0x72394d13) x26 0x00000723
core   0: 0x8000b2d0 (0x01715313) srli    t1, sp, 23
core   0: 3 0x8000b2d0 (0x01715313) x 6 0x00000100
core   0: 0x8000b2d4 (0x04bfd663) bge     t6, a1, pc + 76
core   0: 3 0x8000b2d4 (0x04bfd663)
core   0: 0x8000b2d8 (0x02eb25b3) mulhsu  a1, s6, a4
core   0: 3 0x8000b2d8 (0x02eb25b3) x11 0xd0d2a872
core   0: 0x8000b2dc (0x02c75063) bge     a4, a2, pc + 32
core   0: 3 0x8000b2dc (0x02c75063)
core   0: 0x8000b2e0 (0x00c30b33) add     s6, t1, a2
core   0: 3 0x8000b2e0 (0x00c30b33) x22 0x80028d64
core   0: 0x8000b2e4 (0x55f8ac93) slti    s9, a7, 1375
core   0: 3 0x8000b2e4 (0x55f8ac93) x25 0x00000001
core   0: 0x8000b2e8 (0x03fc71b3) remu    gp, s8, t6
core   0: 3 0x8000b2e8 (0x03fc71b3) x 3 0x00000000
core   0: 0x8000b2ec (0x047ff463) bgeu    t6, t2, pc + 72
core   0: 3 0x8000b2ec (0x047ff463)
core   0: 0x8000b334 (0x01f4c333) xor     t1, s1, t6
core   0: 3 0x8000b334 (0x01f4c333) x 6 0x7ffd20f1
core   0: 0x8000b338 (0xef337613) andi    a2, t1, -269
core   0: 3 0x8000b338 (0xef337613) x12 0x7ffd20f1
core   0: 0x8000b33c (0x04df9263) bne     t6, a3, pc + 68
core   0: 3 0x8000b33c (0x04df9263)
core   0: 0x8000b380 (0x001624b3) slt     s1, a2, ra
core   0: 3 0x8000b380 (0x001624b3) x 9 0x00000000
core   0: 0x8000b384 (0xa63cb013) sltiu   zero, s9, -1437
core   0: 3 0x8000b384 (0xa63cb013)
core   0: 0x8000b388 (0x40a4da93) srai    s5, s1, 10
core   0: 3 0x8000b388 (0x40a4da93) x21 0x00000000
core   0: 0x8000b38c (0x018f5633) srl     a2, t5, s8
core   0: 3 0x8000b38c (0x018f5633) x12 0xfff6ad6f
core   0: 0x8000b390 (0x00ef77b3) and     a5, t5, a4
core   0: 3 0x8000b390 (0x00ef77b3) x15 0x8002204e
core   0: 0x8000b394 (0x028294b3) mulh    s1, t0, s0
core   0: 3 0x8000b394 (0x028294b3) x 9 0x00000000
core   0: 0x8000b398 (0x00bfd733) srl     a4, t6, a1
core   0: 3 0x8000b398 (0x00bfd733) x14 0x00002000
core   0: 0x8000b39c (0x039451b3) divu    gp, s0, s9
core   0: 3 0x8000b39c (0x039451b3) x 3 0xffffffff
core   0: 0x8000b3a0 (0x02a7a7b3) mulhsu  a5, a5, a0
core   0: 3 0x8000b3a0 (0x02a7a7b3) x15 0x00000000
core   0: 0x8000b3a4 (0x01b9ef33) or      t5, s3, s11
core   0: 3 0x8000b3a4 (0x01b9ef33) x30 0x00000000
core   0: 0x8000b3a8 (0x18f90b13) addi    s6, s2, 399
core   0: 3 0x8000b3a8 (0x18f90b13) x22 0x0000018f
core   0: 0x8000b3ac (0x410a5993) srai    s3, s4, 16
core   0: 3 0x8000b3ac (0x410a5993) x19 0xffff8002
core   0: 0x8000b3b0 (0x00e830b3) sltu    ra, a6, a4
core   0: 3 0x8000b3b0 (0x00e830b3) x 1 0x00000000
core   0: 0x8000b3b4 (0x02fdf263) bgeu    s11, a5, pc + 36
core   0: 3 0x8000b3b4 (0x02fdf263)
core   0: 0x8000b3d8 (0x028b71b3) remu    gp, s6, s0
core   0: 3 0x8000b3d8 (0x028b71b3) x 3 0x0000018f
core   0: 0x8000b3dc (0xfc31ce13) xori    t3, gp, -61
core   0: 3 0x8000b3dc (0xfc31ce13) x28 0xfffffe4c
core   0: 0x8000b3e0 (0x00ee3733) sltu    a4, t3, a4
core   0: 3 0x8000b3e0 (0x00ee3733) x14 0x00000000
core   0: 0x8000b3e4 (0x0364c8b3) div     a7, s1, s6
core   0: 3 0x8000b3e4 (0x0364c8b3) x17 0x00000000
core   0: 0x8000b3e8 (0x0dc05a63) bge     zero, t3, pc + 212
core   0: 3 0x8000b3e8 (0x0dc05a63)
core   0: 0x8000b4bc (0x028cd2b3) divu    t0, s9, s0
core   0: 3 0x8000b4bc (0x028cd2b3) x 5 0x00000000
core   0: 0x8000b4c0 (0x01e5d313) srli    t1, a1, 30
core   0: 3 0x8000b4c0 (0x01e5d313) x 6 0x00000003
core   0: 0x8000b4c4 (0x0351c9b3) div     s3, gp, s5
core   0: 3 0x8000b4c4 (0x0351c9b3) x19 0xffffffff
core   0: 0x8000b4c8 (0x026f3433) mulhu   s0, t5, t1
core   0: 3 0x8000b4c8 (0x026f3433) x 8 0x00000000
core   0: 0x8000b4cc (0x0004a9b3) slt     s3, s1, zero
core   0: 3 0x8000b4cc (0x0004a9b3) x19 0x00000000
core   0: 0x8000b4d0 (0x05df9463) bne     t6, t4, pc + 72
core   0: 3 0x8000b4d0 (0x05df9463)
core   0: 0x8000b518 (0x01c23333) sltu    t1, tp, t3
core   0: 3 0x8000b518 (0x01c23333) x 6 0x00000001
core   0: 0x8000b51c (0x02688fb3) mul     t6, a7, t1
core   0: 3 0x8000b51c (0x02688fb3) x31 0x00000000
core   0: 0x8000b520 (0x02a304b3) mul     s1, t1, a0
core   0: 3 0x8000b520 (0x02a304b3) x 9 0x00000000
core   0: 0x8000b524 (0x00a3f333) and     t1, t2, a0
core   0: 3 0x8000b524 (0x00a3f333) x 6 0x00000000
core   0: 0x8000b528 (0x026c5eb3) divu    t4, s8, t1
core   0: 3 0x8000b528 (0x026c5eb3) x29 0xffffffff
core   0: 0x8000b52c (0x02d864b3) rem     s1, a6, a3
core   0: 3 0x8000b52c (0x02d864b3) x 9 0x54943000
core   0: 0x8000b530 (0x03f0f633) remu    a2, ra, t6
core   0: 3 0x8000b530 (0x03f0f633) x12 0x00000000
core   0: 0x8000b534 (0x000a5e63) bgez    s4, pc + 28
core   0: 3 0x8000b534 (0x000a5e63)
core   0: 0x8000b538 (0x00cc9393) slli    t2, s9, 12
core   0: 3 0x8000b538 (0x00cc9393) x 7 0x00001000
core   0: 0x8000b53c (0x02e91263) bne     s2, a4, pc + 36
core   0: 3 0x8000b53c (0x02e91263)
core   0: 0x8000b540 (0x01eff1b3) and     gp, t6, t5
core   0: 3 0x8000b540 (0x01eff1b3) x 3 0x00000000
core   0: 0x8000b544 (0x01bf3533) sltu    a0, t5, s11
core   0: 3 0x8000b544 (0x01bf3533) x10 0x00000000
core   0: 0x8000b548 (0x04e87063) bgeu    a6, a4, pc + 64
core   0: 3 0x8000b548 (0x04e87063)
core   0: 0x8000b588 (0x03ba9cb3) mulh    s9, s5, s11
core   0: 3 0x8000b588 (0x03ba9cb3) x25 0x00000000
core   0: 0x8000b58c (0x01fe49b3) xor     s3, t3, t6
core   0: 3 0x8000b58c (0x01fe49b3) x19 0xfffffe4c
core   0: 0x8000b590 (0x83754993) xori    s3, a0, -1993
core   0: 3 0x8000b590 (0x83754993) x19 0xfffff837
core   0: 0x8000b594 (0x012a9c93) slli    s9, s5, 18
core   0: 3 0x8000b594 (0x012a9c93) x25 0x00000000
core   0: 0x8000b598 (0x008a4433) xor     s0, s4, s0
core   0: 3 0x8000b598 (0x008a4433) x 8 0x80029ce4
core   0: 0x8000b59c (0x0045efb3) or      t6, a1, tp
core   0: 3 0x8000b59c (0x0045efb3) x31 0xd0d2fcff
core   0: 0x8000b5a0 (0x012b6e33) or      t3, s6, s2
core   0: 3 0x8000b5a0 (0x012b6e33) x28 0x0000018f
core   0: 0x8000b5a4 (0x0168e233) or      tp, a7, s6
core   0: 3 0x8000b5a4 (0x0168e233) x 4 0x0000018f
core   0: 0x8000b5a8 (0xb274bb13) sltiu   s6, s1, -1241
core   0: 3 0x8000b5a8 (0xb274bb13) x22 0x00000001
core   0: 0x8000b5ac (0x019ec863) blt     t4, s9, pc + 16
core   0: 3 0x8000b5ac (0x019ec863)
core   0: 0x8000b5bc (0x00106d33) or      s10, zero, ra
core   0: 3 0x8000b5bc (0x00106d33) x26 0x00000000
core   0: 0x8000b5c0 (0x00647ab3) and     s5, s0, t1
core   0: 3 0x8000b5c0 (0x00647ab3) x21 0x00000000
core   0: 0x8000b5c4 (0x49f38193) addi    gp, t2, 1183
core   0: 3 0x8000b5c4 (0x49f38193) x 3 0x0000149f
core   0: 0x8000b5c8 (0x01182933) slt     s2, a6, a7
core   0: 3 0x8000b5c8 (0x01182933) x18 0x00000000
core   0: 0x8000b5cc (0xcb51a213) slti    tp, gp, -843
core   0: 3 0x8000b5cc (0xcb51a213) x 4 0x00000000
core   0: 0x8000b5d0 (0x02c35863) bge     t1, a2, pc + 48
core   0: 3 0x8000b5d0 (0x02c35863)
core   0: 0x8000b600 (0x03f57433) remu    s0, a0, t6
core   0: 3 0x8000b600 (0x03f57433) x 8 0x00000000
core   0: 0x8000b604 (0xbff5f3b7) lui     t2, 0xbff5f
core   0: 3 0x8000b604 (0xbff5f3b7) x 7 0xbff5f000
core   0: 0x8000b608 (0x03e56233) rem     tp, a0, t5
core   0: 3 0x8000b608 (0x03e56233) x 4 0x00000000
core   0: 0x8000b60c (0x30b2e313) ori     t1, t0, 779
core   0: 3 0x8000b60c (0x30b2e313) x 6 0x0000030b
core   0: 0x8000b610 (0x03ae5ab3) divu    s5, t3, s10
core   0: 3 0x8000b610 (0x03ae5ab3) x21 0xffffffff
core   0: 0x8000b614 (0x03ac4333) div     t1, s8, s10
core   0: 3 0x8000b614 (0x03ac4333) x 6 0xffffffff
core   0: 0x8000b618 (0x00280db3) add     s11, a6, sp
core   0: 3 0x8000b618 (0x00280db3) x27 0xd4968da0
core   0: 0x8000b61c (0x024f4fb3) div     t6, t5, tp
core   0: 3 0x8000b61c (0x024f4fb3) x31 0xffffffff
core   0: 0x8000b620 (0x2907a993) slti    s3, a5, 656
core   0: 3 0x8000b620 (0x2907a993) x19 0x00000001
core   0: 0x8000b624 (0x400053b3) sra     t2, zero, zero
core   0: 3 0x8000b624 (0x400053b3) x 7 0x00000000
core   0: 0x8000b628 (0x00d89213) slli    tp, a7, 13
core   0: 3 0x8000b628 (0x00d89213) x 4 0x00000000
core   0: 0x8000b62c (0x04d87663) bgeu    a6, a3, pc + 76
core   0: 3 0x8000b62c (0x04d87663)
core   0: 0x8000b678 (0x03081633) mulh    a2, a6, a6
core   0: 3 0x8000b678 (0x03081633) x12 0x1bf19547
core   0: 0x8000b67c (0x40e6d033) sra     zero, a3, a4
core   0: 3 0x8000b67c (0x40e6d033)
core   0: 0x8000b680 (0x01c4fe63) bgeu    s1, t3, pc + 28
core   0: 3 0x8000b680 (0x01c4fe63)
core   0: 0x8000b69c (0x19b67193) andi    gp, a2, 411
core   0: 3 0x8000b69c (0x19b67193) x 3 0x00000103
core   0: 0x8000b6a0 (0x7c71d617) auipc   a2, 0x7c71d
core   0: 3 0x8000b6a0 (0x7c71d617) x12 0xfc7286a0
core   0: 0x8000b6a4 (0x0123eeb3) or      t4, t2, s2
core   0: 3 0x8000b6a4 (0x0123eeb3) x29 0x00000000
core   0: 0x8000b6a8 (0x2a0c8913) addi    s2, s9, 672
core   0: 3 0x8000b6a8 (0x2a0c8913) x18 0x000002a0
core   0: 0x8000b6ac (0x5ce5d8b7) lui     a7, 0x5ce5d
core   0: 3 0x8000b6ac (0x5ce5d8b7) x17 0x5ce5d000
core   0: 0x8000b6b0 (0x23632213) slti    tp, t1, 566
core   0: 3 0x8000b6b0 (0x23632213) x 4 0x00000001
core   0: 0x8000b6b4 (0x00e70cb3) add     s9, a4, a4
core   0: 3 0x8000b6b4 (0x00e70cb3) x25 0x00000000
core   0: 0x8000b6b8 (0x001df8b3) and     a7, s11, ra
core   0: 3 0x8000b6b8 (0x001df8b3) x17 0x00000000
core   0: 0x8000b6bc (0x02229233) mulh    tp, t0, sp
core   0: 3 0x8000b6bc (0x02229233) x 4 0x00000000
core   0: 0x8000b6c0 (0x03ca1833) mulh    a6, s4, t3
core   0: 3 0x8000b6c0 (0x03ca1833) x16 0xffffff38
core   0: 0x8000b6c4 (0x03da1ab3) mulh    s5, s4, t4
core   0: 3 0x8000b6c4 (0x03da1ab3) x21 0x00000000
core   0: 0x8000b6c8 (0x01a7c933) xor     s2, a5, s10
core   0: 3 0x8000b6c8 (0x01a7c933) x18 0x00000000
core   0: 0x8000b6cc (0x00271263) bne     a4, sp, pc + 4
core   0: 3 0x8000b6cc (0x00271263)
core   0: 0x8000b6d0 (0x01503033) snez    zero, s5
core   0: 3 0x8000b6d0 (0x01503033)
core   0: 0x8000b6d4 (0x01853933) sltu    s2, a0, s8
core   0: 3 0x8000b6d4 (0x01853933) x18 0x00000000
core   0: 0x8000b6d8 (0x03331a63) bne     t1, s3, pc + 52
core   0: 3 0x8000b6d8 (0x03331a63)
core   0: 0x8000b70c (0xa8cafc37) lui     s8, 0xa8caf
core   0: 3 0x8000b70c (0xa8cafc37) x24 0xa8caf000
core   0: 0x8000b710 (0x91437b13) andi    s6, t1, -1772
core   0: 3 0x8000b710 (0x91437b13) x22 0xfffff914
core   0: 0x8000b714 (0x989fa617) auipc   a2, 0x989fa
core   0: 3 0x8000b714 (0x989fa617) x12 0x18a05714
core   0: 0x8000b718 (0x00d95d93) srli    s11, s2, 13
core   0: 3 0x8000b718 (0x00d95d93) x27 0x00000000
core   0: 0x8000b71c (0x41e7d233) sra     tp, a5, t5
core   0: 3 0x8000b71c (0x41e7d233) x 4 0x00000000
core   0: 0x8000b720 (0x00d85293) srli    t0, a6, 13
core   0: 3 0x8000b720 (0x00d85293) x 5 0x0007ffff
core   0: 0x8000b724 (0x017b1ab3) sll     s5, s6, s7
core   0: 3 0x8000b724 (0x017b1ab3) x21 0x50000000
core   0: 0x8000b728 (0x03e258b3) divu    a7, tp, t5
core   0: 3 0x8000b728 (0x03e258b3) x17 0xffffffff
core   0: 0x8000b72c (0x05099063) bne     s3, a6, pc + 64
core   0: 3 0x8000b72c (0x05099063)
core   0: 0x8000b76c (0x006247b3) xor     a5, tp, t1
core   0: 3 0x8000b76c (0x006247b3) x15 0xffffffff
core   0: 0x8000b770 (0xd08ca193) slti    gp, s9, -760
core   0: 3 0x8000b770 (0xd08ca193) x 3 0x00000000
core   0: 0x8000b774 (0x9c55fb37) lui     s6, 0x9c55f
core   0: 3 0x8000b774 (0x9c55fb37) x22 0x9c55f000
core   0: 0x8000b778 (0x00ec8633) add     a2, s9, a4
core   0: 3 0x8000b778 (0x00ec8633) x12 0x00000000
core   0: 0x8000b77c (0x217c4613) xori    a2, s8, 535
core   0: 3 0x8000b77c (0x217c4613) x12 0xa8caf217
core   0: 0x8000b780 (0x79d0f193) andi    gp, ra, 1949
core   0: 3 0x8000b780 (0x79d0f193) x 3 0x00000000
core   0: 0x8000b784 (0x00cf2b33) slt     s6, t5, a2
core   0: 3 0x8000b784 (0x00cf2b33) x22 0x00000000
core   0: 0x8000b788 (0x01d5c233) xor     tp, a1, t4
core   0: 3 0x8000b788 (0x01d5c233) x 4 0xd0d2a872
core   0: 0x8000b78c (0x00d62b33) slt     s6, a2, a3
core   0: 3 0x8000b78c (0x00d62b33) x22 0x00000001
core   0: 0x8000b790 (0x03abadb3) mulhsu  s11, s7, s10
core   0: 3 0x8000b790 (0x03abadb3) x27 0x00000000
core   0: 0x8000b794 (0x11a33393) sltiu   t2, t1, 282
core   0: 3 0x8000b794 (0x11a33393) x 7 0x00000000
core   0: 0x8000b798 (0x40750833) sub     a6, a0, t2
core   0: 3 0x8000b798 (0x40750833) x16 0x00000000
core   0: 0x8000b79c (0x00000013) nop
core   0: 3 0x8000b79c (0x00000013)
core   0: 0x8000b7a0 (0x18c12513) slti    a0, sp, 396
core   0: 3 0x8000b7a0 (0x18c12513) x10 0x00000001
core   0: 0x8000b7a4 (0x405f08b3) sub     a7, t5, t0
core   0: 3 0x8000b7a4 (0x405f08b3) x17 0xfff80001
core   0: 0x8000b7a8 (0x01a62fb3) slt     t6, a2, s10
core   0: 3 0x8000b7a8 (0x01a62fb3) x31 0x00000001
core   0: 0x8000b7ac (0x00f16a63) bltu    sp, a5, pc + 20
core   0: 3 0x8000b7ac (0x00f16a63)
core   0: 0x8000b7c0 (0x9dfcbf93) sltiu   t6, s9, -1569
core   0: 3 0x8000b7c0 (0x9dfcbf93) x31 0x00000001
core   0: 0x8000b7c4 (0x03089433) mulh    s0, a7, a6
core   0: 3 0x8000b7c4 (0x03089433) x 8 0x00000000
core   0: 0x8000b7c8 (0x0038b6b3) sltu    a3, a7, gp
core   0: 3 0x8000b7c8 (0x0038b6b3) x13 0x00000000
core   0: 0x8000b7cc (0x411e5533) sra     a0, t3, a7
core   0: 3 0x8000b7cc (0x411e5533) x10 0x000000c7
core   0: 0x8000b7d0 (0x014c9f93) slli    t6, s9, 20
core   0: 3 0x8000b7d0 (0x014c9f93) x31 0x00000000
core   0: 0x8000b7d4 (0x0fabb293) sltiu   t0, s7, 250
core   0: 3 0x8000b7d4 (0x0fabb293) x 5 0x00000000
core   0: 0x8000b7d8 (0x0066ff33) and     t5, a3, t1
core   0: 3 0x8000b7d8 (0x0066ff33) x30 0x00000000
core   0: 0x8000b7dc (0x00a11233) sll     tp, sp, a0
core   0: 3 0x8000b7dc (0x00a11233) x 4 0x012ed000
core   0: 0x8000b7e0 (0x596d8613) addi    a2, s11, 1430
core   0: 3 0x8000b7e0 (0x596d8613) x12 0x00000596
core   0: 0x8000b7e4 (0x41415993) srai    s3, sp, 20
core   0: 3 0x8000b7e4 (0x41415993) x19 0xfffff800
core   0: 0x8000b7e8 (0x001912b3) sll     t0, s2, ra
core   0: 3 0x8000b7e8 (0x001912b3) x 5 0x00000000
core   0: 0x8000b7ec (0x00b2b633) sltu    a2, t0, a1
core   0: 3 0x8000b7ec (0x00b2b633) x12 0x00000001
core   0: 0x8000b7f0 (0x91f0fc93) andi    s9, ra, -1761
core   0: 3 0x8000b7f0 (0x91f0fc93) x25 0x00000000
core   0: 0x8000b7f4 (0x010df833) and     a6, s11, a6
core   0: 3 0x8000b7f4 (0x010df833) x16 0x00000000
core   0: 0x8000b7f8 (0x02b16a63) bltu    sp, a1, pc + 52
core   0: 3 0x8000b7f8 (0x02b16a63)
core   0: 0x8000b82c (0x01cf9e63) bne     t6, t3, pc + 28
core   0: 3 0x8000b82c (0x01cf9e63)
core   0: 0x8000b848 (0x00240e33) add     t3, s0, sp
core   0: 3 0x8000b848 (0x00240e33) x28 0x80025da0
core   0: 0x8000b84c (0x00354663) blt     a0, gp, pc + 12
core   0: 3 0x8000b84c (0x00354663)
core   0: 0x8000b850 (0xc9af5d17) auipc   s10, 0xc9af5
core   0: 3 0x8000b850 (0xc9af5d17) x26 0x49b00850
core   0: 0x8000b854 (0x02d9a533) mulhsu  a0, s3, a3
core   0: 3 0x8000b854 (0x02d9a533) x10 0x00000000
core   0: 0x8000b858 (0x0293e063) bltu    t2, s1, pc + 32
core   0: 3 0x8000b858 (0x0293e063)
core   0: 0x8000b878 (0x039cc1b3) div     gp, s9, s9
core   0: 3 0x8000b878 (0x039cc1b3) x 3 0xffffffff
core   0: 0x8000b87c (0xb665ee97) auipc   t4, 0xb665e
core   0: 3 0x8000b87c (0xb665ee97) x29 0x3666987c
core   0: 0x8000b880 (0x00111e63) bne     sp, ra, pc + 28
core   0: 3 0x8000b880 (0x00111e63)
core   0: 0x8000b89c (0x02bffa63) bgeu    t6, a1, pc + 52
core   0: 3 0x8000b89c (0x02bffa63)
core   0: 0x8000b8a0 (0x401052b3) sra     t0, zero, ra
core   0: 3 0x8000b8a0 (0x401052b3) x 5 0x00000000
core   0: 0x8000b8a4 (0x02281c63) bne     a6, sp, pc + 56
core   0: 3 0x8000b8a4 (0x02281c63)
core   0: 0x8000b8dc (0x001b4233) xor     tp, s6, ra
core   0: 3 0x8000b8dc (0x001b4233) x 4 0x00000001
core   0: 0x8000b8e0 (0x00412083) lw      ra, 4(sp)
core   0: 3 0x8000b8e0 (0x00412083) x 1 0x8000b940 mem 0x80025da4
core   0: 0x8000b8e4 (0x0164c833) xor     a6, s1, s6
core   0: 3 0x8000b8e4 (0x0164c833) x16 0x54943001
core   0: 0x8000b8e8 (0x01a657b3) srl     a5, a2, s10
core   0: 3 0x8000b8e8 (0x01a657b3) x15 0x00000000
core   0: 0x8000b8ec (0x02c10113) addi    sp, sp, 44
core   0: 3 0x8000b8ec (0x02c10113) x 2 0x80025dcc
core   0: 0x8000b8f0 (0x2671ec13) ori     s8, gp, 615
core   0: 3 0x8000b8f0 (0x2671ec13) x24 0xffffffff
core   0: 0x8000b8f4 (0x0398b733) mulhu   a4, a7, s9
core   0: 3 0x8000b8f4 (0x0398b733) x14 0x00000000
core   0: 0x8000b8f8 (0x00108e13) addi    t3, ra, 1
core   0: 3 0x8000b8f8 (0x00108e13) x28 0x8000b941
core   0: 0x8000b8fc (0x000e0e67) jalr    t3, t3, 0
core   0: 3 0x8000b8fc (0x000e0e67) x28 0x8000b900
core   0: 0x8000b940 (0x00005297) auipc   t0, 0x5
core   0: 3 0x8000b940 (0x00005297) x 5 0x80010940
core   0: 0x8000b944 (0xf8a28293) addi    t0, t0, -118
core   0: 3 0x8000b944 (0xf8a28293) x 5 0x800108ca
core   0: 0x8000b948 (0xff42c203) lbu     tp, -12(t0)
core   0: 3 0x8000b948 (0xff42c203) x 4 0x000000d8 mem 0x800108be
core   0: 0x8000b94c (0xff22c003) lbu     zero, -14(t0)
core   0: 3 0x8000b94c (0xff22c003) mem 0x800108bc
core   0: 0x8000b950 (0xff92c983) lbu     s3, -7(t0)
core   0: 3 0x8000b950 (0xff92c983) x19 0x00000055 mem 0x800108c3
core   0: 0x8000b954 (0x00d4be33) sltu    t3, s1, a3
core   0: 3 0x8000b954 (0x00d4be33) x28 0x00000000
core   0: 0x8000b958 (0x00528483) lb      s1, 5(t0)
core   0: 3 0x8000b958 (0x00528483) x 9 0xffffff9a mem 0x800108cf
core   0: 0x8000b95c (0xffe2d203) lhu     tp, -2(t0)
core   0: 3 0x8000b95c (0xffe2d203) x 4 0x0000b043 mem 0x800108c8
core   0: 0x8000b960 (0x009e6ab3) or      s5, t3, s1
core   0: 3 0x8000b960 (0x009e6ab3) x21 0xffffff9a
core   0: 0x8000b964 (0x00028183) lb      gp, 0(t0)
core   0: 3 0x8000b964 (0x00028183) x 3 0x00000040 mem 0x800108ca
core   0: 0x8000b968 (0x0275c533) div     a0, a1, t2
core   0: 3 0x8000b968 (0x0275c533) x10 0xffffffff
core   0: 0x8000b96c (0x034f8e17) auipc   t3, 0x34f8
core   0: 3 0x8000b96c (0x034f8e17) x28 0x8350396c
core   0: 0x8000b970 (0xffa2c403) lbu     s0, -6(t0)
core   0: 3 0x8000b970 (0xffa2c403) x 8 0x00000067 mem 0x800108c4
core   0: 0x8000b974 (0xff62a383) lw      t2, -10(t0)
core   0: 3 0x8000b974 (0xff62a383) x 7 0x5538a4c3 mem 0x800108c0
core   0: 0x8000b978 (0xffc2dd03) lhu     s10, -4(t0)
core   0: 3 0x8000b978 (0xffc2dd03) x26 0x0000f3bd mem 0x800108c6
core   0: 0x8000b97c (0xfe028ca3) sb      zero, -7(t0)
core   0: 3 0x8000b97c (0xfe028ca3) mem 0x800108c3 0x0
core   0: 0x8000b980 (0x031adeb3) divu    t4, s5, a7
core   0: 3 0x8000b980 (0x031adeb3) x29 0x00000001
core   0: 0x8000b984 (0x00000013) nop
core   0: 3 0x8000b984 (0x00000013)
core   0: 0x8000b988 (0x0062ac03) lw      s8, 6(t0)
core   0: 3 0x8000b988 (0x0062ac03) x24 0x887e9a5a mem 0x800108d0
core   0: 0x8000b98c (0x00b2cd83) lbu     s11, 11(t0)
core   0: 3 0x8000b98c (0x00b2cd83) x27 0x00000067 mem 0x800108d5
core   0: 0x8000b990 (0x01729123) sh      s7, 2(t0)
core   0: 3 0x8000b990 (0x01729123) mem 0x800108cc 0x147a
core   0: 0x8000b994 (0x01afbcb3) sltu    s9, t6, s10
core   0: 3 0x8000b994 (0x01afbcb3) x25 0x00000001
core   0: 0x8000b998 (0x53de2f13) slti    t5, t3, 1341
core   0: 3 0x8000b998 (0x53de2f13) x30 0x00000001
core   0: 0x8000b99c (0x01028583) lb      a1, 16(t0)
core   0: 3 0x8000b99c (0x01028583) x11 0x00000055 mem 0x800108da
core   0: 0x8000b9a0 (0xffd2c183) lbu     gp, -3(t0)
core   0: 3 0x8000b9a0 (0xffd2c183) x 3 0x000000f3 mem 0x800108c7
core   0: 0x8000b9a4 (0x0002d883) lhu     a7, 0(t0)
core   0: 3 0x8000b9a4 (0x0002d883) x17 0x00009540 mem 0x800108ca
core   0: 0x8000b9a8 (0xff62ae03) lw      t3, -10(t0)
core   0: 3 0x8000b9a8 (0xff62ae03) x28 0x0038a4c3 mem 0x800108c0
core   0: 0x8000b9ac (0x035843b3) div     t2, a6, s5
core   0: 3 0x8000b9ac (0x035843b3) x 7 0xff2bb942
core   0: 0x8000b9b0 (0x039e54b3) divu    s1, t3, s9
core   0: 3 0x8000b9b0 (0x039e54b3) x 9 0x0038a4c3
core   0: 0x8000b9b4 (0x00828d83) lb      s11, 8(t0)
core   0: 3 0x8000b9b4 (0x00828d83) x27 0x0000007e mem 0x800108d2
core   0: 0x8000b9b8 (0x001284a3) sb      ra, 9(t0)
core   0: 3 0x8000b9b8 (0x001284a3) mem 0x800108d3 0x40
core   0: 0x8000b9bc (0x023338b3) mulhu   a7, t1, gp
core   0: 3 0x8000b9bc (0x023338b3) x17 0x000000f2
core   0: 0x8000b9c0 (0x0288ecb3) rem     s9, a7, s0
core   0: 3 0x8000b9c0 (0x0288ecb3) x25 0x00000024
core   0: 0x8000b9c4 (0xff728a23) sb      s7, -12(t0)
core   0: 3 0x8000b9c4 (0xff728a23) mem 0x800108be 0x7a
core   0: 0x8000b9c8 (0xffb2c303) lbu     t1, -5(t0)
core   0: 3 0x8000b9c8 (0xffb2c303) x 6 0x000000c5 mem 0x800108c5
core   0: 0x8000b9cc (0x00d53633) sltu    a2, a0, a3
core   0: 3 0x8000b9cc (0x00d53633) x12 0x00000000
core   0: 0x8000b9d0 (0x00c2d083) lhu     ra, 12(t0)
core   0: 3 0x8000b9d0 (0x00c2d083) x 1 0x0000a4d9 mem 0x800108d6
core   0: 0x8000b9d4 (0x00b28d83) lb      s11, 11(t0)
core   0: 3 0x8000b9d4 (0x00b28d83) x27 0x00000067 mem 0x800108d5
core   0: 0x8000b9d8 (0x52230993) addi    s3, t1, 1314
core   0: 3 0x8000b9d8 (0x52230993) x19 0x000005e7
core   0: 0x8000b9dc (0x41bf8333) sub     t1, t6, s11
core   0: 3 0x8000b9dc (0x41bf8333) x 6 0xffffff99
core   0: 0x8000b9e0 (0xa97f2b13) slti    s6, t5, -1385
core   0: 3 0x8000b9e0 (0xa97f2b13) x22 0x00000000
core   0: 0x8000b9e4 (0x01729023) sh      s7, 0(t0)
core   0: 3 0x8000b9e4 (0x01729023) mem 0x800108ca 0x147a
core   0: 0x8000b9e8 (0xff32c003) lbu     zero, -13(t0)
core   0: 3 0x8000b9e8 (0xff32c003) mem 0x800108bd
core   0: 0x8000b9ec (0xfe628aa3) sb      t1, -11(t0)
core   0: 3 0x8000b9ec (0xfe628aa3) mem 0x800108bf 0x99
core   0: 0x8000b9f0 (0x00012097) auipc   ra, 0x12
core   0: 3 0x8000b9f0 (0x00012097) x 1 0x8001d9f0
core   0: 0x8000b9f4 (0x56408093) addi    ra, ra, 1380
core   0: 3 0x8000b9f4 (0x56408093) x 1 0x8001df54
core   0: 0x8000b9f8 (0x03e09e03) lh      t3, 62(ra)
core   0: 3 0x8000b9f8 (0x03e09e03) x28 0xffffb541 mem 0x8001df92
core   0: 0x8000b9fc (0x03b15033) divu    zero, sp, s11
core   0: 3 0x8000b9fc (0x03b15033)
core   0: 0x8000ba00 (0x0de08183) lb      gp, 222(ra)
core   0: 3 0x8000ba00 (0x0de08183) x 3 0x0000001f mem 0x8001e032
core   0: 0x8000ba04 (0x028b2533) mulhsu  a0, s6, s0
core   0: 3 0x8000ba04 (0x028b2533) x10 0x00000000
core   0: 0x8000ba08 (0xf81083a3) sb      ra, -121(ra)
core   0: 3 0x8000ba08 (0xf81083a3) mem 0x8001dedb 0x54
core   0: 0x8000ba0c (0xf9808403) lb      s0, -104(ra)
core   0: 3 0x8000ba0c (0xf9808403) x 8 0xffffff8b mem 0x8001deec
core   0: 0x8000ba10 (0x0e109923) sh      ra, 242(ra)
core   0: 3 0x8000ba10 (0x0e109923) mem 0x8001e046 0xdf54
core   0: 0x8000ba14 (0x00474d33) xor     s10, a4, tp
core   0: 3 0x8000ba14 (0x00474d33) x26 0x0000b043
core   0: 0x8000ba18 (0xf3f0c983) lbu     s3, -193(ra)
core   0: 3 0x8000ba18 (0xf3f0c983) x19 0x0000000a mem 0x8001de93
core   0: 0x8000ba1c (0x40b2dc93) srai    s9, t0, 11
core   0: 3 0x8000ba1c (0x40b2dc93) x25 0xfff00021
core   0: 0x8000ba20 (0x005d27b3) slt     a5, s10, t0
core   0: 3 0x8000ba20 (0x005d27b3) x15 0x00000000
core   0: 0x8000ba24 (0x10008303) lb      t1, 256(ra)
core   0: 3 0x8000ba24 (0x10008303) x 6 0xffffff92 mem 0x8001e054
core   0: 0x8000ba28 (0xf2e09b23) sh      a4, -202(ra)
core   0: 3 0x8000ba28 (0xf2e09b23) mem 0x8001de8a 0x0000
core   0: 0x8000ba2c (0x9f68bf13) sltiu   t5, a7, -1546
core   0: 3 0x8000ba2c (0x9f68bf13) x30 0x00000001
core   0: 0x8000ba30 (0x03434633) div     a2, t1, s4
core   0: 3 0x8000ba30 (0x03434633) x12 0x00000000
core   0: 0x8000ba34 (0x0376ef33) rem     t5, a3, s7
core   0: 3 0x8000ba34 (0x0376ef33) x30 0x00000000
core   0: 0x8000ba38 (0x0d408903) lb      s2, 212(ra)
core   0: 3 0x8000ba38 (0x0d408903) x18 0x0000007b mem 0x8001e028
core   0: 0x8000ba3c (0x0110cd03) lbu     s10, 17(ra)
core   0: 3 0x8000ba3c (0x0110cd03) x26 0x0000005e mem 0x8001df65
core   0: 0x8000ba40 (0x0a508283) lb      t0, 165(ra)
core   0: 3 0x8000ba40 (0x0a508283) x 5 0x00000024 mem 0x8001dff9
core   0: 0x8000ba44 (0xde10b697) auipc   a3, 0xde10b
core   0: 3 0x8000ba44 (0xde10b697) x13 0x5e116a44
core   0: 0x8000ba48 (0xa6c83213) sltiu   tp, a6, -1428
core   0: 3 0x8000ba48 (0xa6c83213) x 4 0x00000001
core   0: 0x8000ba4c (0x00809523) sh      s0, 10(ra)
core   0: 3 0x8000ba4c (0x00809523) mem 0x8001df5e 0xff8b
core   0: 0x8000ba50 (0x4170da93) srai    s5, ra, 23
core   0: 3 0x8000ba50 (0x4170da93) x21 0xffffff00
core   0: 0x8000ba54 (0xfc108203) lb      tp, -63(ra)
core   0: 3 0x8000ba54 (0xfc108203) x 4 0xffffffa8 mem 0x8001df15
core   0: 0x8000ba58 (0x03e22ab3) mulhsu  s5, tp, t5
core   0: 3 0x8000ba58 (0x03e22ab3) x21 0x00000000
core   0: 0x8000ba5c (0x0740c303) lbu     t1, 116(ra)
core   0: 3 0x8000ba5c (0x0740c303) x 6 0x00000031 mem 0x8001dfc8
core   0: 0x8000ba60 (0xffe0d603) lhu     a2, -2(ra)
core   0: 3 0x8000ba60 (0xffe0d603) x12 0x00007d3e mem 0x8001df52
core   0: 0x8000ba64 (0x035087a3) sb      s5, 47(ra)
core   0: 3 0x8000ba64 (0x035087a3) mem 0x8001df83 0x0
core   0: 0x8000ba68 (0xff40c003) lbu     zero, -12(ra)
core   0: 3 0x8000ba68 (0xff40c003) mem 0x8001df48
core   0: 0x8000ba6c (0xb9864993) xori    s3, a2, -1128
core   0: 3 0x8000ba6c (0xb9864993) x19 0xffff86a6
core   0: 0x8000ba70 (0xfeb08383) lb      t2, -21(ra)
core   0: 3 0x8000ba70 (0xfeb08383) x 7 0x0000005c mem 0x8001df3f
core   0: 0x8000ba74 (0x06609823) sh      t1, 112(ra)
core   0: 3 0x8000ba74 (0x06609823) mem 0x8001dfc4 0x0031
core   0: 0x8000ba78 (0xf9109c23) sh      a7, -104(ra)
core   0: 3 0x8000ba78 (0xf9109c23) mem 0x8001deec 0x00f2
core   0: 0x8000ba7c (0xf5508c83) lb      s9, -171(ra)
core   0: 3 0x8000ba7c (0xf5508c83) x25 0xffffffb1 mem 0x8001dea9
core   0: 0x8000ba80 (0x63873993) sltiu   s3, a4, 1592
core   0: 3 0x8000ba80 (0x63873993) x19 0x00000001
core   0: 0x8000ba84 (0xa0424d13) xori    s10, tp, -1532
core   0: 3 0x8000ba84 (0xa0424d13) x26 0x000005ac
core   0: 0x8000ba88 (0x00678f33) add     t5, a5, t1
core   0: 3 0x8000ba88 (0x00678f33) x30 0x00000031
core   0: 0x8000ba8c (0x03ab8333) mul     t1, s7, s10
core   0: 3 0x8000ba8c (0x03ab8333) x 6 0x3a8023f8
core   0: 0x8000ba90 (0x029fe3b3) rem     t2, t6, s1
core   0: 3 0x8000ba90 (0x029fe3b3) x 7 0x00000000
core   0: 0x8000ba94 (0xf630c383) lbu     t2, -157(ra)
core   0: 3 0x8000ba94 (0xf630c383) x 7 0x00000093 mem 0x8001deb7
core   0: 0x8000ba98 (0xfb009e23) sh      a6, -68(ra)
core   0: 3 0x8000ba98 (0xfb009e23) mem 0x8001df10 0x3001
core   0: 0x8000ba9c (0x03cb4733) div     a4, s6, t3
core   0: 3 0x8000ba9c (0x03cb4733) x14 0x00000000
core   0: 0x8000baa0 (0x0a6080a3) sb      t1, 161(ra)
core   0: 3 0x8000baa0 (0x0a6080a3) mem 0x8001dff5 0xf8
core   0: 0x8000baa4 (0x039c6b33) rem     s6, s8, s9
core   0: 3 0x8000baa4 (0x039c6b33) x22 0xffffffc2
core   0: 0x8000baa8 (0x02508e23) sb      t0, 60(ra)
core   0: 3 0x8000baa8 (0x02508e23) mem 0x8001df90 0x24
core   0: 0x8000baac (0x012ab9b3) sltu    s3, s5, s2
core   0: 3 0x8000baac (0x012ab9b3) x19 0x00000001
core   0: 0x8000bab0 (0x00019833) sll     a6, gp, zero
core   0: 3 0x8000bab0 (0x00019833) x16 0x0000001f
core   0: 0x8000bab4 (0xf1b08223) sb      s11, -252(ra)
core   0: 3 0x8000bab4 (0xf1b08223) mem 0x8001de58 0x67
core   0: 0x8000bab8 (0x00007217) auipc   tp, 0x7
core   0: 3 0x8000bab8 (0x00007217) x 4 0x80012ab8
core   0: 0x8000babc (0x26120213) addi    tp, tp, 609
core   0: 3 0x8000babc (0x26120213) x 4 0x80012d19
core   0: 0x8000bac0 (0x03333eb3) mulhu   t4, t1, s3
core   0: 3 0x8000bac0 (0x03333eb3) x29 0x00000000
core   0: 0x8000bac4 (0xfff20683) lb      a3, -1(tp)
core   0: 3 0x8000bac4 (0xfff20683) x13 0xffffffb6 mem 0x80012d18
core   0: 0x8000bac8 (0xfd920623) sb      s9, -52(tp)
core   0: 3 0x8000bac8 (0xfd920623) mem 0x80012ce5 0xb1
core   0: 0x8000bacc (0x41df0633) sub     a2, t5, t4
core   0: 3 0x8000bacc (0x41df0633) x12 0x00000031
core   0: 0x8000bad0 (0x02420583) lb      a1, 36(tp)
core   0: 3 0x8000bad0 (0x02420583) x11 0xffffffd5 mem 0x80012d3d
core   0: 0x8000bad4 (0x0c25f393) andi    t2, a1, 194
core   0: 3 0x8000bad4 (0x0c25f393) x 7 0x000000c0
core   0: 0x8000bad8 (0xff320a23) sb      s3, -12(tp)
core   0: 3 0x8000bad8 (0xff320a23) mem 0x80012d0d 0x1
core   0: 0x8000badc (0xff320e03) lb      t3, -13(tp)
core   0: 3 0x8000badc (0xff320e03) x28 0x0000007b mem 0x80012d0c
core   0: 0x8000bae0 (0xfe720723) sb      t2, -18(tp)
core   0: 3 0x8000bae0 (0xfe720723) mem 0x80012d07 0xc0
core   0: 0x8000bae4 (0x011582b3) add     t0, a1, a7
core   0: 3 0x8000bae4 (0x011582b3) x 5 0x000000c7
core   0: 0x8000bae8 (0x03424783) lbu     a5, 52(tp)
core   0: 3 0x8000bae8 (0x03424783) x15 0x000000e6 mem 0x80012d4d
core   0: 0x8000baec (0x03820803) lb      a6, 56(tp)
core   0: 3 0x8000baec (0x03820803) x16 0xffffffbf mem 0x80012d51
core   0: 0x8000baf0 (0x00b5e333) or      t1, a1, a1
core   0: 3 0x8000baf0 (0x00b5e333) x 6 0xffffffd5
core   0: 0x8000baf4 (0x01c20d23) sb      t3, 26(tp)
core   0: 3 0x8000baf4 (0x01c20d23) mem 0x80012d33 0x7b
core   0: 0x8000baf8 (0x00823b33) sltu    s6, tp, s0
core   0: 3 0x8000baf8 (0x00823b33) x22 0x00000001
core   0: 0x8000bafc (0x96c64f17) auipc   t5, 0x96c64
core   0: 3 0x8000bafc (0x96c64f17) x30 0x16c6fafc
core   0: 0x8000bb00 (0xe044f093) andi    ra, s1, -508
core   0: 3 0x8000bb00 (0xe044f093) x 1 0x0038a400
core   0: 0x8000bb04 (0x02624003) lbu     zero, 38(tp)
core   0: 3 0x8000bb04 (0x02624003) mem 0x80012d3f
core   0: 0x8000bb08 (0x21bd4913) xori    s2, s10, 539
core   0: 3 0x8000bb08 (0x21bd4913) x18 0x000007b7
core   0: 0x8000bb0c (0xa5af2d13) slti    s10, t5, -1446
core   0: 3 0x8000bb0c (0xa5af2d13) x26 0x00000000
core   0: 0x8000bb10 (0x01c24503) lbu     a0, 28(tp)
core   0: 3 0x8000bb10 (0x01c24503) x10 0x00000029 mem 0x80012d35
core   0: 0x8000bb14 (0x417b54b3) sra     s1, s6, s7
core   0: 3 0x8000bb14 (0x417b54b3) x 9 0x00000000
core   0: 0x8000bb18 (0x006eae33) slt     t3, t4, t1
core   0: 3 0x8000bb18 (0x006eae33) x28 0x00000000
core   0: 0x8000bb1c (0x017f3e93) sltiu   t4, t5, 23
core   0: 3 0x8000bb1c (0x017f3e93) x29 0x00000000
core   0: 0x8000bb20 (0xfd820403) lb      s0, -40(tp)
core   0: 3 0x8000bb20 (0xfd820403) x 8 0x00000006 mem 0x80012cf1
core   0: 0x8000bb24 (0x00d20ba3) sb      a3, 23(tp)
core   0: 3 0x8000bb24 (0x00d20ba3) mem 0x80012d30 0xb6
core   0: 0x8000bb28 (0x408d5d93) srai    s11, s10, 8
core   0: 3 0x8000bb28 (0x408d5d93) x27 0x00000000
core   0: 0x8000bb2c (0x00820823) sb      s0, 16(tp)
core   0: 3 0x8000bb2c (0x00820823) mem 0x80012d29 0x6
core   0: 0x8000bb30 (0xfc120703) lb      a4, -63(tp)
core   0: 3 0x8000bb30 (0xfc120703) x14 0xffffffea mem 0x80012cda
core   0: 0x8000bb34 (0xfe224283) lbu     t0, -30(tp)
core   0: 3 0x8000bb34 (0xfe224283) x 5 0x00000046 mem 0x80012cfb
core   0: 0x8000bb38 (0x03cb15b3) mulh    a1, s6, t3
core   0: 3 0x8000bb38 (0x03cb15b3) x11 0x00000000
core   0: 0x8000bb3c (0xfc1229a3) sw      ra, -45(tp)
core   0: 3 0x8000bb3c (0xfc1229a3) mem 0x80012cec 0x0038a400
core   0: 0x8000bb40 (0x03f24e83) lbu     t4, 63(tp)
core   0: 3 0x8000bb40 (0x03f24e83) x29 0x000000eb mem 0x80012d58
core   0: 0x8000bb44 (0xfdf25003) lhu     zero, -33(tp)
core   0: 3 0x8000bb44 (0xfdf25003) mem 0x80012cf8
core   0: 0x8000bb48 (0x02424183) lbu     gp, 36(tp)
core   0: 3 0x8000bb48 (0x02424183) x 3 0x000000d5 mem 0x80012d3d
core   0: 0x8000bb4c (0x03922da3) sw      s9, 59(tp)
core   0: 3 0x8000bb4c (0x03922da3) mem 0x80012d54 0xffffffb1
core   0: 0x8000bb50 (0x00020523) sb      zero, 10(tp)
core   0: 3 0x8000bb50 (0x00020523) mem 0x80012d23 0x0
core   0: 0x8000bb54 (0x03adf1b3) remu    gp, s11, s10
core   0: 3 0x8000bb54 (0x03adf1b3) x 3 0x00000000
core   0: 0x8000bb58 (0xe188b893) sltiu   a7, a7, -488
core   0: 3 0x8000bb58 (0xe188b893) x17 0x00000001
core   0: 0x8000bb5c (0x01220283) lb      t0, 18(tp)
core   0: 3 0x8000bb5c (0x01220283) x 5 0x0000002f mem 0x80012d2b
core   0: 0x8000bb60 (0x01a841b3) xor     gp, a6, s10
core   0: 3 0x8000bb60 (0x01a841b3) x 3 0xffffffbf
core   0: 0x8000bb64 (0x0321feb3) remu    t4, gp, s2
core   0: 3 0x8000bb64 (0x0321feb3) x29 0x00000759
core   0: 0x8000bb68 (0xfca20483) lb      s1, -54(tp)
core   0: 3 0x8000bb68 (0xfca20483) x 9 0x0000000c mem 0x80012ce3
core   0: 0x8000bb6c (0x03121b03) lh      s6, 49(tp)
core   0: 3 0x8000bb6c (0x03121b03) x22 0x0000718e mem 0x80012d4a
core   0: 0x8000bb70 (0xfdb21783) lh      a5, -37(tp)
core   0: 3 0x8000bb70 (0xfdb21783) x15 0x00001fe3 mem 0x80012cf4
core   0: 0x8000bb74 (0x49a00693) li      a3, 1178
core   0: 3 0x8000bb74 (0x49a00693) x13 0x0000049a
core   0: 0x8000bb78 (0xfe920083) lb      ra, -23(tp)
core   0: 3 0x8000bb78 (0xfe920083) x 1 0xffffffe3 mem 0x80012d02
core   0: 0x8000bb7c (0x40e553b3) sra     t2, a0, a4
core   0: 3 0x8000bb7c (0x40e553b3) x 7 0x00000000
core   0: 0x8000bb80 (0x03c1a5b3) mulhsu  a1, gp, t3
core   0: 3 0x8000bb80 (0x03c1a5b3) x11 0x00000000
core   0: 0x8000bb84 (0xfee20703) lb      a4, -18(tp)
core   0: 3 0x8000bb84 (0xfee20703) x14 0xffffffc0 mem 0x80012d07
core   0: 0x8000bb88 (0x00005317) auipc   t1, 0x5
core   0: 3 0x8000bb88 (0x00005317) x 6 0x80010b88
core   0: 0x8000bb8c (0xa0a30313) addi    t1, t1, -1526
core   0: 3 0x8000bb8c (0xa0a30313) x 6 0x80010592
core   0: 0x8000bb90 (0x03af7cb3) remu    s9, t5, s10
core   0: 3 0x8000bb90 (0x03af7cb3) x25 0x16c6fafc
core   0: 0x8000bb94 (0x01661613) slli    a2, a2, 22
core   0: 3 0x8000bb94 (0x01661613) x12 0x0c400000
core   0: 0x8000bb98 (0x01ffa533) slt     a0, t6, t6
core   0: 3 0x8000bb98 (0x01ffa533) x10 0x00000000
core   0: 0x8000bb9c (0x00c525b3) slt     a1, a0, a2
core   0: 3 0x8000bb9c (0x00c525b3) x11 0x00000001
core   0: 0x8000bba0 (0x01049693) slli    a3, s1, 16
core   0: 3 0x8000bba0 (0x01049693) x13 0x000c0000
core   0: 0x8000bba4 (0x03e67033) remu    zero, a2, t5
core   0: 3 0x8000bba4 (0x03e67033)
core   0: 0x8000bba8 (0x014c4eb3) xor     t4, s8, s4
core   0: 3 0x8000bba8 (0x014c4eb3) x29 0x087c06be
core   0: 0x8000bbac (0x00c6d593) srli    a1, a3, 12
core   0: 3 0x8000bbac (0x00c6d593) x11 0x000000c0
core   0: 0x8000bbb0 (0x02885433) divu    s0, a6, s0
core   0: 3 0x8000bbb0 (0x02885433) x 8 0x2aaaaa9f
core   0: 0x8000bbb4 (0x01d8f2b3) and     t0, a7, t4
core   0: 3 0x8000bbb4 (0x01d8f2b3) x 5 0x00000000
core   0: 0x8000bbb8 (0x00474b33) xor     s6, a4, tp
core   0: 3 0x8000bbb8 (0x00474b33) x22 0x7ffed2d9
core   0: 0x8000bbbc (0xfc835d03) lhu     s10, -56(t1)
core   0: 3 0x8000bbbc (0xfc835d03) x26 0x00007a28 mem 0x8001055a
core   0: 0x8000bbc0 (0x03d34c83) lbu     s9, 61(t1)
core   0: 3 0x8000bbc0 (0x03d34c83) x25 0x00000015 mem 0x800105cf
core   0: 0x8000bbc4 (0xfef92793) slti    a5, s2, -17
core   0: 3 0x8000bbc4 (0xfef92793) x15 0x00000000
core   0: 0x8000bbc8 (0xfde31603) lh      a2, -34(t1)
core   0: 3 0x8000bbc8 (0xfde31603) x12 0xffffba36 mem 0x80010570
core   0: 0x8000bbcc (0x01c31c23) sh      t3, 24(t1)
core   0: 3 0x8000bbcc (0x01c31c23) mem 0x800105aa 0x0000
core   0: 0x8000bbd0 (0x2b5dc913) xori    s2, s11, 693
core   0: 3 0x8000bbd0 (0x2b5dc913) x18 0x000002b5
core   0: 0x8000bbd4 (0x01fa1db3) sll     s11, s4, t6
core   0: 3 0x8000bbd4 (0x01fa1db3) x27 0x80029ce4
core   0: 0x8000bbd8 (0x009bd213) srli    tp, s7, 9
core   0: 3 0x8000bbd8 (0x009bd213) x 4 0x005aa48a
core   0: 0x8000bbdc (0xfd235203) lhu     tp, -46(t1)
core   0: 3 0x8000bbdc (0xfd235203) x 4 0x0000a5dd mem 0x80010564
core   0: 0x8000bbe0 (0x01605033) srl     zero, zero, s6
core   0: 3 0x8000bbe0 (0x01605033)
core   0: 0x8000bbe4 (0x95dca913) slti    s2, s9, -1699
core   0: 3 0x8000bbe4 (0x95dca913) x18 0x00000000
core   0: 0x8000bbe8 (0xc2cbca93) xori    s5, s7, -980
core   0: 3 0x8000bbe8 (0xc2cbca93) x21 0x4ab6e856
core   0: 0x8000bbec (0x00fa7b33) and     s6, s4, a5
core   0: 3 0x8000bbec (0x00fa7b33) x22 0x00000000
core   0: 0x8000bbf0 (0x40c209b3) sub     s3, tp, a2
core   0: 3 0x8000bbf0 (0x40c209b3) x19 0x0000eba7
core   0: 0x8000bbf4 (0xf2b4a493) slti    s1, s1, -213
core   0: 3 0x8000bbf4 (0xf2b4a493) x 9 0x00000000
core   0: 0x8000bbf8 (0x024fcf33) div     t5, t6, tp
core   0: 3 0x8000bbf8 (0x024fcf33) x30 0x00000000
core   0: 0x8000bbfc (0x02c30ea3) sb      a2, 61(t1)
core   0: 3 0x8000bbfc (0x02c30ea3) mem 0x800105cf 0x36
core   0: 0x8000bc00 (0x009243b3) xor     t2, tp, s1
core   0: 3 0x8000bc00 (0x009243b3) x 7 0x0000a5dd
core   0: 0x8000bc04 (0x01830983) lb      s3, 24(t1)
core   0: 3 0x8000bc04 (0x01830983) x19 0x00000000 mem 0x800105aa
core   0: 0x8000bc08 (0x02e3a9b3) mulhsu  s3, t2, a4
core   0: 3 0x8000bc08 (0x02e3a9b3) x19 0x0000a5dc
core   0: 0x8000bc0c (0x0066c9b3) xor     s3, a3, t1
core   0: 3 0x8000bc0c (0x0066c9b3) x19 0x800d0592
core   0: 0x8000bc10 (0x03e31183) lh      gp, 62(t1)
core   0: 3 0x8000bc10 (0x03e31183) x 3 0xffffdbfb mem 0x800105d0
core   0: 0x8000bc14 (0x41695733) sra     a4, s2, s6
core   0: 3 0x8000bc14 (0x41695733) x14 0x00000000
core   0: 0x8000bc18 (0xfef34c03) lbu     s8, -17(t1)
core   0: 3 0x8000bc18 (0xfef34c03) x24 0x00000000 mem 0x80010581
core   0: 0x8000bc1c (0x0223e033) rem     zero, t2, sp
core   0: 3 0x8000bc1c (0x0223e033)
core   0: 0x8000bc20 (0x03300eb3) mul     t4, zero, s3
core   0: 3 0x8000bc20 (0x03300eb3) x29 0x00000000
core   0: 0x8000bc24 (0x03734703) lbu     a4, 55(t1)
core   0: 3 0x8000bc24 (0x03734703) x14 0x00000021 mem 0x800105c9
core   0: 0x8000bc28 (0x0387bab3) mulhu   s5, a5, s8
core   0: 3 0x8000bc28 (0x0387bab3) x21 0x00000000
core   0: 0x8000bc2c (0x03734683) lbu     a3, 55(t1)
core   0: 3 0x8000bc2c (0x03734683) x13 0x00000021 mem 0x800105c9
core   0: 0x8000bc30 (0x005fdc33) srl     s8, t6, t0
core   0: 3 0x8000bc30 (0x005fdc33) x24 0x00000000
core   0: 0x8000bc34 (0xfc131f23) sh      ra, -34(t1)
core   0: 3 0x8000bc34 (0xfc131f23) mem 0x80010570 0xffe3
core   0: 0x8000bc38 (0x03a30e23) sb      s10, 60(t1)
core   0: 3 0x8000bc38 (0x03a30e23) mem 0x800105ce 0x28
core   0: 0x8000bc3c (0x00004d97) auipc   s11, 0x4
core   0: 3 0x8000bc3c (0x00004d97) x27 0x8000fc3c
core   0: 0x8000bc40 (0x660d8d93) addi    s11, s11, 1632
core   0: 3 0x8000bc40 (0x660d8d93) x27 0x8001029c
core   0: 0x8000bc44 (0x03eaee33) rem     t3, s5, t5
core   0: 3 0x8000bc44 (0x03eaee33) x28 0x00000000
core   0: 0x8000bc48 (0x02ba22b3) mulhsu  t0, s4, a1
core   0: 3 0x8000bc48 (0x02ba22b3) x 5 0xffffffa0
core   0: 0x8000bc4c (0x02dcf6b3) remu    a3, s9, a3
core   0: 3 0x8000bc4c (0x02dcf6b3) x13 0x00000015
core   0: 0x8000bc50 (0xff4d8da3) sb      s4, -5(s11)
core   0: 3 0x8000bc50 (0xff4d8da3) mem 0x80010297 0xe4
core   0: 0x8000bc54 (0xfd0dad03) lw      s10, -48(s11)
core   0: 3 0x8000bc54 (0xfd0dad03) x26 0x942fa9b5 mem 0x8001026c
core   0: 0x8000bc58 (0x00000013) nop
core   0: 3 0x8000bc58 (0x00000013)
core   0: 0x8000bc5c (0xfced8483) lb      s1, -50(s11)
core   0: 3 0x8000bc5c (0xfced8483) x 9 0xffffffba mem 0x8001026a
core   0: 0x8000bc60 (0xff6d9b03) lh      s6, -10(s11)
core   0: 3 0x8000bc60 (0xff6d9b03) x22 0xffffae27 mem 0x80010292
core   0: 0x8000bc64 (0xfd2d9883) lh      a7, -46(s11)
core   0: 3 0x8000bc64 (0xfd2d9883) x17 0xffff942f mem 0x8001026e
core   0: 0x8000bc68 (0xff9d8d03) lb      s10, -7(s11)
core   0: 3 0x8000bc68 (0xff9d8d03) x26 0xffffffc0 mem 0x80010295
core   0: 0x8000bc6c (0x41d155b3) sra     a1, sp, t4
core   0: 3 0x8000bc6c (0x41d155b3) x11 0x80025dcc
core   0: 0x8000bc70 (0x401fd333) sra     t1, t6, ra
core   0: 3 0x8000bc70 (0x401fd333) x 6 0x00000000
core   0: 0x8000bc74 (0x030d8883) lb      a7, 48(s11)
core   0: 3 0x8000bc74 (0x030d8883) x17 0x00000035 mem 0x800102cc
core   0: 0x8000bc78 (0xff6d8da3) sb      s6, -5(s11)
core   0: 3 0x8000bc78 (0xff6d8da3) mem 0x80010297 0x27
core   0: 0x8000bc7c (0x024d89a3) sb      tp, 51(s11)
core   0: 3 0x8000bc7c (0x024d89a3) mem 0x800102cf 0xdd
core   0: 0x8000bc80 (0x005d8383) lb      t2, 5(s11)
core   0: 3 0x8000bc80 (0x005d8383) x 7 0xffffffe1 mem 0x800102a1
core   0: 0x8000bc84 (0x409e0f33) sub     t5, t3, s1
core   0: 3 0x8000bc84 (0x409e0f33) x30 0x00000046
core   0: 0x8000bc88 (0xa5c06993) ori     s3, zero, -1444
core   0: 3 0x8000bc88 (0xa5c06993) x19 0xfffffa5c
core   0: 0x8000bc8c (0xfd0d9d23) sh      a6, -38(s11)
core   0: 3 0x8000bc8c (0xfd0d9d23) mem 0x80010276 0xffbf
core   0: 0x8000bc90 (0x10ecef93) ori     t6, s9, 270
core   0: 3 0x8000bc90 (0x10ecef93) x31 0x0000011f
core   0: 0x8000bc94 (0x036dc7b3) div     a5, s11, s6
core   0: 3 0x8000bc94 (0x036dc7b3) x15 0x00019057
core   0: 0x8000bc98 (0x02fd8183) lb      gp, 47(s11)
core   0: 3 0x8000bc98 (0x02fd8183) x 3 0x00000073 mem 0x800102cb
core   0: 0x8000bc9c (0x41960e33) sub     t3, a2, s9
core   0: 3 0x8000bc9c (0x41960e33) x28 0xffffba21
core   0: 0x8000bca0 (0xfc4d8503) lb      a0, -60(s11)
core   0: 3 0x8000bca0 (0xfc4d8503) x10 0xfffffff7 mem 0x80010260
core   0: 0x8000bca4 (0x026dbfb3) mulhu   t6, s11, t1
core   0: 3 0x8000bca4 (0x026dbfb3) x31 0x00000000
core   0: 0x8000bca8 (0xfd2d8503) lb      a0, -46(s11)
core   0: 3 0x8000bca8 (0xfd2d8503) x10 0x0000002f mem 0x8001026e
core   0: 0x8000bcac (0xfefd9923) sh      a5, -14(s11)
core   0: 3 0x8000bcac (0xfefd9923) mem 0x8001028e 0x9057
core   0: 0x8000bcb0 (0x02cd9603) lh      a2, 44(s11)
core   0: 3 0x8000bcb0 (0x02cd9603) x12 0x00002e81 mem 0x800102c8
core   0: 0x8000bcb4 (0x019d8083) lb      ra, 25(s11)
core   0: 3 0x8000bcb4 (0x019d8083) x 1 0xffffffbb mem 0x800102b5
core   0: 0x8000bcb8 (0x008dac83) lw      s9, 8(s11)
core   0: 3 0x8000bcb8 (0x008dac83) x25 0xbda6c607 mem 0x800102a4
core   0: 0x8000bcbc (0x55e1c193) xori    gp, gp, 1374
core   0: 3 0x8000bcbc (0x55e1c193) x 3 0x0000052d
core   0: 0x8000bcc0 (0x02ea5233) divu    tp, s4, a4
core   0: 3 0x8000bcc0 (0x02ea5233) x 4 0x03e10c83
core   0: 0x8000bcc4 (0x264bf913) andi    s2, s7, 612
core   0: 3 0x8000bcc4 (0x264bf913) x18 0x00000060
core   0: 0x8000bcc8 (0xfc6d9a23) sh      t1, -44(s11)
core   0: 3 0x8000bcc8 (0xfc6d9a23) mem 0x80010270 0x0000
core   0: 0x8000bccc (0xfedd8a83) lb      s5, -19(s11)
core   0: 3 0x8000bccc (0xfedd8a83) x21 0x0000005c mem 0x80010289
core   0: 0x8000bcd0 (0x02935e33) divu    t3, t1, s1
core   0: 3 0x8000bcd0 (0x02935e33) x28 0x00000000
core   0: 0x8000bcd4 (0x040dcc83) lbu     s9, 64(s11)
core   0: 3 0x8000bcd4 (0x040dcc83) x25 0x00000004 mem 0x800102dc
core   0: 0x8000bcd8 (0x013fd333) srl     t1, t6, s3
core   0: 3 0x8000bcd8 (0x013fd333) x 6 0x00000000
core   0: 0x8000bcdc (0x022d8083) lb      ra, 34(s11)
core   0: 3 0x8000bcdc (0x022d8083) x 1 0xffffffd6 mem 0x800102be
core   0: 0x8000bce0 (0x01612eb3) slt     t4, sp, s6
core   0: 3 0x8000bce0 (0x01612eb3) x29 0x00000001
core   0: 0x8000bce4 (0x03a0ccb3) div     s9, ra, s10
core   0: 3 0x8000bce4 (0x03a0ccb3) x25 0x00000000
core   0: 0x8000bce8 (0xff7d8c03) lb      s8, -9(s11)
core   0: 3 0x8000bce8 (0xff7d8c03) x24 0xffffffae mem 0x80010293
core   0: 0x8000bcec (0x008dd183) lhu     gp, 8(s11)
core   0: 3 0x8000bcec (0x008dd183) x 3 0x0000c607 mem 0x800102a4
core   0: 0x8000bcf0 (0x015dcf03) lbu     t5, 21(s11)
core   0: 3 0x8000bcf0 (0x015dcf03) x30 0x0000005c mem 0x800102b1
core   0: 0x8000bcf4 (0x02183b33) mulhu   s6, a6, ra
core   0: 3 0x8000bcf4 (0x02183b33) x22 0xffffff95
core   0: 0x8000bcf8 (0x00fd8603) lb      a2, 15(s11)
core   0: 3 0x8000bcf8 (0x00fd8603) x12 0xffffff95 mem 0x800102ab
core   0: 0x8000bcfc (0x020d9f03) lh      t5, 32(s11)
core   0: 3 0x8000bcfc (0x020d9f03) x30 0xffffbf4e mem 0x800102bc
core   0: 0x8000bd00 (0x033d6933) rem     s2, s10, s3
core   0: 3 0x8000bd00 (0x033d6933) x18 0xffffffc0
core   0: 0x8000bd04 (0x009f9633) sll     a2, t6, s1
core   0: 3 0x8000bd04 (0x009f9633) x12 0x00000000
core   0: 0x8000bd08 (0xd86b8393) addi    t2, s7, -634
core   0: 3 0x8000bd08 (0xd86b8393) x 7 0xb5491200
core   0: 0x8000bd0c (0xfccd8803) lb      a6, -52(s11)
core   0: 3 0x8000bd0c (0xfccd8803) x16 0xffffffde mem 0x80010268
core   0: 0x8000bd10 (0x00012917) auipc   s2, 0x12
core   0: 3 0x8000bd10 (0x00012917) x18 0x8001dd10
core   0: 0x8000bd14 (0x65490913) addi    s2, s2, 1620
core   0: 3 0x8000bd14 (0x65490913) x18 0x8001e364
core   0: 0x8000bd18 (0x6dd90f23) sb      t4, 1758(s2)
core   0: 3 0x8000bd18 (0x6dd90f23) mem 0x8001ea42 0x1
core   0: 0x8000bd1c (0x4055d033) sra     zero, a1, t0
core   0: 3 0x8000bd1c (0x4055d033)
core   0: 0x8000bd20 (0x00e972b3) and     t0, s2, a4
core   0: 3 0x8000bd20 (0x00e972b3) x 5 0x00000020
core   0: 0x8000bd24 (0x00000013) nop
core   0: 3 0x8000bd24 (0x00000013)
core   0: 0x8000bd28 (0x03291603) lh      a2, 50(s2)
core   0: 3 0x8000bd28 (0x03291603) x12 0xfffffd8d mem 0x8001e396
core   0: 0x8000bd2c (0x031ff7b3) remu    a5, t6, a7
core   0: 3 0x8000bd2c (0x031ff7b3) x15 0x00000000
core   0: 0x8000bd30 (0xc5590123) sb      s5, -958(s2)
core   0: 3 0x8000bd30 (0xc5590123) mem 0x8001dfa6 0x5c
core   0: 0x8000bd34 (0x53b94503) lbu     a0, 1339(s2)
core   0: 3 0x8000bd34 (0x53b94503) x10 0x00000095 mem 0x8001e89f
core   0: 0x8000bd38 (0xbc090a23) sb      zero, -1068(s2)
core   0: 3 0x8000bd38 (0xbc090a23) mem 0x8001df38 0x0
core   0: 0x8000bd3c (0x5c078e37) lui     t3, 0x5c078
core   0: 3 0x8000bd3c (0x5c078e37) x28 0x5c078000
core   0: 0x8000bd40 (0x016e8cb3) add     s9, t4, s6
core   0: 3 0x8000bd40 (0x016e8cb3) x25 0xffffff96
core   0: 0x8000bd44 (0xe77ac493) xori    s1, s5, -393
core   0: 3 0x8000bd44 (0xe77ac493) x 9 0xfffffe2b
core   0: 0x8000bd48 (0x018b18b3) sll     a7, s6, s8
core   0: 3 0x8000bd48 (0x018b18b3) x17 0xffe54000
core   0: 0x8000bd4c (0x008109b3) add     s3, sp, s0
core   0: 3 0x8000bd4c (0x008109b3) x19 0xaaad086b
core   0: 0x8000bd50 (0x6f790303) lb      t1, 1783(s2)
core   0: 3 0x8000bd50 (0x6f790303) x 6 0x00000010 mem 0x8001ea5b
core   0: 0x8000bd54 (0x8e194783) lbu     a5, -1823(s2)
core   0: 3 0x8000bd54 (0x8e194783) x15 0x000000ce mem 0x8001dc45
core   0: 0x8000bd58 (0x4a590503) lb      a0, 1189(s2)
core   0: 3 0x8000bd58 (0x4a590503) x10 0xfffffff8 mem 0x8001e809
core   0: 0x8000bd5c (0x030ca033) mulhsu  zero, s9, a6
core   0: 3 0x8000bd5c (0x030ca033)
core   0: 0x8000bd60 (0x01137233) and     tp, t1, a7
core   0: 3 0x8000bd60 (0x01137233) x 4 0x00000000
core   0: 0x8000bd64 (0xd0394703) lbu     a4, -765(s2)
core   0: 3 0x8000bd64 (0xd0394703) x14 0x0000004b mem 0x8001e067
core   0: 0x8000bd68 (0x030ff6b3) remu    a3, t6, a6
core   0: 3 0x8000bd68 (0x030ff6b3) x13 0x00000000
core   0: 0x8000bd6c (0x016bd213) srli    tp, s7, 22
core   0: 3 0x8000bd6c (0x016bd213) x 4 0x000002d5
core   0: 0x8000bd70 (0x0201a033) mulhsu  zero, gp, zero
core   0: 3 0x8000bd70 (0x0201a033)
core   0: 0x8000bd74 (0x4199d833) sra     a6, s3, s9
core   0: 3 0x8000bd74 (0x4199d833) x16 0xfffffeaa
core   0: 0x8000bd78 (0x022d8833) mul     a6, s11, sp
core   0: 3 0x8000bd78 (0x022d8833) x16 0x63f8c050
core   0: 0x8000bd7c (0x93b90d83) lb      s11, -1733(s2)
core   0: 3 0x8000bd7c (0x93b90d83) x27 0x00000033 mem 0x8001dc9f
core   0: 0x8000bd80 (0x1564fb37) lui     s6, 0x1564f
core   0: 3 0x8000bd80 (0x1564fb37) x22 0x1564f000
core   0: 0x8000bd84 (0xa9794183) lbu     gp, -1385(s2)
core   0: 3 0x8000bd84 (0xa9794183) x 3 0x00000073 mem 0x8001ddfb
core   0: 0x8000bd88 (0x00000013) nop
core   0: 3 0x8000bd88 (0x00000013)
core   0: 0x8000bd8c (0xaf790083) lb      ra, -1289(s2)
core   0: 3 0x8000bd8c (0xaf790083) x 1 0x00000055 mem 0x8001de5b
core   0: 0x8000bd90 (0xd2392423) sw      gp, -728(s2)
core   0: 3 0x8000bd90 (0xd2392423) mem 0x8001e08c 0x00000073
core   0: 0x8000bd94 (0x02e6ed33) rem     s10, a3, a4
core   0: 3 0x8000bd94 (0x02e6ed33) x26 0x00000000
core   0: 0x8000bd98 (0x0337c6b3) div     a3, a5, s3
core   0: 3 0x8000bd98 (0x0337c6b3) x13 0x00000000
core   0: 0x8000bd9c (0xf6390f23) sb      gp, -130(s2)
core   0: 3 0x8000bd9c (0xf6390f23) mem 0x8001e2e2 0x73
core   0: 0x8000bda0 (0xa4894503) lbu     a0, -1464(s2)
core   0: 3 0x8000bda0 (0xa4894503) x10 0x0000004d mem 0x8001ddac
core   0: 0x8000bda4 (0x03205b33) divu    s6, zero, s2
core   0: 3 0x8000bda4 (0x03205b33) x22 0x00000000
core   0: 0x8000bda8 (0x009b2633) slt     a2, s6, s1
core   0: 3 0x8000bda8 (0x009b2633) x12 0x00000000
core   0: 0x8000bdac (0x06a92223) sw      a0, 100(s2)
core   0: 3 0x8000bdac (0x06a92223) mem 0x8001e3c8 0x0000004d
core   0: 0x8000bdb0 (0xc9a90303) lb      t1, -870(s2)
core   0: 3 0x8000bdb0 (0xc9a90303) x 6 0x00000037 mem 0x8001dffe
core   0: 0x8000bdb4 (0x1b7904a3) sb      s7, 425(s2)
core   0: 3 0x8000bdb4 (0x1b7904a3) mem 0x8001e50d 0x7a
core   0: 0x8000bdb8 (0x01f94b03) lbu     s6, 31(s2)
core   0: 3 0x8000bdb8 (0x01f94b03) x22 0x00000049 mem 0x8001e383
core   0: 0x8000bdbc (0xa3f69337) lui     t1, 0xa3f69
core   0: 3 0x8000bdbc (0xa3f69337) x 6 0xa3f69000
core   0: 0x8000bdc0 (0x9d5905a3) sb      s5, -1589(s2)
core   0: 3 0x8000bdc0 (0x9d5905a3) mem 0x8001dd2f 0x5c
core   0: 0x8000bdc4 (0xa9512893) slti    a7, sp, -1387
core   0: 3 0x8000bdc4 (0xa9512893) x17 0x00000001
core   0: 0x8000bdc8 (0x000b1e13) slli    t3, s6, 0
core   0: 3 0x8000bdc8 (0x000b1e13) x28 0x00000049
core   0: 0x8000bdcc (0x4c5903a3) sb      t0, 1223(s2)
core   0: 3 0x8000bdcc (0x4c5903a3) mem 0x8001e82b 0x20
core   0: 0x8000bdd0 (0x0127d213) srli    tp, a5, 18
core   0: 3 0x8000bdd0 (0x0127d213) x 4 0x00000000
core   0: 0x8000bdd4 (0x416e06b3) sub     a3, t3, s6
core   0: 3 0x8000bdd4 (0x416e06b3) x13 0x00000000
core   0: 0x8000bdd8 (0xde794a83) lbu     s5, -537(s2)
core   0: 3 0x8000bdd8 (0xde794a83) x21 0x000000f3 mem 0x8001e14b
core   0: 0x8000bddc (0x40685b33) sra     s6, a6, t1
core   0: 3 0x8000bddc (0x40685b33) x22 0x63f8c050
core   0: 0x8000bde0 (0x661ba993) slti    s3, s7, 1633
core   0: 3 0x8000bde0 (0x661ba993) x19 0x00000001
core   0: 0x8000bde4 (0x0056fd33) and     s10, a3, t0
core   0: 3 0x8000bde4 (0x0056fd33) x26 0x00000000
core   0: 0x8000bde8 (0xf4d90403) lb      s0, -179(s2)
core   0: 3 0x8000bde8 (0xf4d90403) x 8 0x00000063 mem 0x8001e2b1
core   0: 0x8000bdec (0x47290e03) lb      t3, 1138(s2)
core   0: 3 0x8000bdec (0x47290e03) x28 0xffffff89 mem 0x8001e7d6
core   0: 0x8000bdf0 (0x00004817) auipc   a6, 0x4
core   0: 3 0x8000bdf0 (0x00004817) x16 0x8000fdf0
core   0: 0x8000bdf4 (0x36480813) addi    a6, a6, 868
core   0: 3 0x8000bdf4 (0x36480813) x16 0x80010154
core   0: 0x8000bdf8 (0x01184383) lbu     t2, 17(a6)
core   0: 3 0x8000bdf8 (0x01184383) x 7 0x00000030 mem 0x80010165
core   0: 0x8000bdfc (0x03d3e6b3) rem     a3, t2, t4
core   0: 3 0x8000bdfc (0x03d3e6b3) x13 0x00000000
core   0: 0x8000be00 (0x00000013) nop
core   0: 3 0x8000be00 (0x00000013)
core   0: 0x8000be04 (0xfc881283) lh      t0, -56(a6)
core   0: 3 0x8000be04 (0xfc881283) x 5 0xffffa481 mem 0x8001011c
core   0: 0x8000be08 (0x03c00db3) mul     s11, zero, t3
core   0: 3 0x8000be08 (0x03c00db3) x27 0x00000000
core   0: 0x8000be0c (0xfe082203) lw      tp, -32(a6)
core   0: 3 0x8000be0c (0xfe082203) x 4 0xd02f7af8 mem 0x80010134
core   0: 0x8000be10 (0x00580323) sb      t0, 6(a6)
core   0: 3 0x8000be10 (0x00580323) mem 0x8001015a 0x81
core   0: 0x8000be14 (0x01580d03) lb      s10, 21(a6)
core   0: 3 0x8000be14 (0x01580d03) x26 0xffffffe9 mem 0x80010169
core   0: 0x8000be18 (0x02984583) lbu     a1, 41(a6)
core   0: 3 0x8000be18 (0x02984583) x11 0x00000075 mem 0x8001017d
core   0: 0x8000be1c (0x00646733) or      a4, s0, t1
core   0: 3 0x8000be1c (0x00646733) x14 0xa3f69063
core   0: 0x8000be20 (0xfed80883) lb      a7, -19(a6)
core   0: 3 0x8000be20 (0xfed80883) x17 0xffffff9c mem 0x80010141
core   0: 0x8000be24 (0x00000013) nop
core   0: 3 0x8000be24 (0x00000013)
core   0: 0x8000be28 (0x0287b7b3) mulhu   a5, a5, s0
core   0: 3 0x8000be28 (0x0287b7b3) x15 0x00000000
core   0: 0x8000be2c (0x001e2eb3) slt     t4, t3, ra
core   0: 3 0x8000be2c (0x001e2eb3) x29 0x00000001
core   0: 0x8000be30 (0xfeb80503) lb      a0, -21(a6)
core   0: 3 0x8000be30 (0xfeb80503) x10 0x00000004 mem 0x8001013f
core   0: 0x8000be34 (0x00549733) sll     a4, s1, t0
core   0: 3 0x8000be34 (0x00549733) x14 0xfffffc56
core   0: 0x8000be38 (0x0106b2b3) sltu    t0, a3, a6
core   0: 3 0x8000be38 (0x0106b2b3) x 5 0x00000001
core   0: 0x8000be3c (0x01180ea3) sb      a7, 29(a6)
core   0: 3 0x8000be3c (0x01180ea3) mem 0x80010171 0x9c
core   0: 0x8000be40 (0x0218cb33) div     s6, a7, ra
core   0: 3 0x8000be40 (0x0218cb33) x22 0xffffffff
core   0: 0x8000be44 (0x00a81b23) sh      a0, 22(a6)
core   0: 3 0x8000be44 (0x00a81b23) mem 0x8001016a 0x0004
core   0: 0x8000be48 (0x019bd913) srli    s2, s7, 25
core   0: 3 0x8000be48 (0x019bd913) x18 0x0000005a
core   0: 0x8000be4c (0xedfa4f17) auipc   t5, 0xedfa4
core   0: 3 0x8000be4c (0xedfa4f17) x30 0x6dfafe4c
core   0: 0x8000be50 (0x01f57993) andi    s3, a0, 31
core   0: 3 0x8000be50 (0x01f57993) x19 0x00000004
core   0: 0x8000be54 (0x418cd9b3) sra     s3, s9, s8
core   0: 3 0x8000be54 (0x418cd9b3) x19 0xffffffff
core   0: 0x8000be58 (0x1adb3713) sltiu   a4, s6, 429
core   0: 3 0x8000be58 (0x1adb3713) x14 0x00000000
core   0: 0x8000be5c (0xfed84b03) lbu     s6, -19(a6)
core   0: 3 0x8000be5c (0xfed84b03) x22 0x0000009c mem 0x80010141
core   0: 0x8000be60 (0x02b52e33) mulhsu  t3, a0, a1
core   0: 3 0x8000be60 (0x02b52e33) x28 0x00000000
core   0: 0x8000be64 (0x00000013) nop
core   0: 3 0x8000be64 (0x00000013)
core   0: 0x8000be68 (0x01302b33) slt     s6, zero, s3
core   0: 3 0x8000be68 (0x01302b33) x22 0x00000000
core   0: 0x8000be6c (0x41d581b3) sub     gp, a1, t4
core   0: 3 0x8000be6c (0x41d581b3) x 3 0x00000074
core   0: 0x8000be70 (0x019b9893) slli    a7, s7, 25
core   0: 3 0x8000be70 (0x019b9893) x17 0xf4000000
core   0: 0x8000be74 (0xfdd80503) lb      a0, -35(a6)
core   0: 3 0x8000be74 (0xfdd80503) x10 0xfffffff3 mem 0x80010131
core   0: 0x8000be78 (0x00008d97) auipc   s11, 0x8
core   0: 3 0x8000be78 (0x00008d97) x27 0x80013e78
core   0: 0x8000be7c (0x646d8d93) addi    s11, s11, 1606
core   0: 3 0x8000be7c (0x646d8d93) x27 0x800144be
core   0: 0x8000be80 (0xbdbdc983) lbu     s3, -1061(s11)
core   0: 3 0x8000be80 (0xbdbdc983) x19 0x000000c6 mem 0x80014099
core   0: 0x8000be84 (0x40035ab3) sra     s5, t1, zero
core   0: 3 0x8000be84 (0x40035ab3) x21 0xa3f69000
core   0: 0x8000be88 (0x1d1d8e83) lb      t4, 465(s11)
core   0: 3 0x8000be88 (0x1d1d8e83) x29 0xffffffaa mem 0x8001468f
core   0: 0x8000be8c (0x0260e233) rem     tp, ra, t1
core   0: 3 0x8000be8c (0x0260e233) x 4 0x00000055
core   0: 0x8000be90 (0x6f8dde83) lhu     t4, 1784(s11)
core   0: 3 0x8000be90 (0x6f8dde83) x29 0x0000cadc mem 0x80014bb6
core   0: 0x8000be94 (0x5301ac93) slti    s9, gp, 1328
core   0: 3 0x8000be94 (0x5301ac93) x25 0x00000001
core   0: 0x8000be98 (0x02da2433) mulhsu  s0, s4, a3
core   0: 3 0x8000be98 (0x02da2433) x 8 0x00000000
core   0: 0x8000be9c (0x68cdab23) sw      a2, 1686(s11)
core   0: 3 0x8000be9c (0x68cdab23) mem 0x80014b54 0x00000000
core   0: 0x8000bea0 (0x3d5d9d23) sh      s5, 986(s11)
core   0: 3 0x8000bea0 (0x3d5d9d23) mem 0x80014898 0x9000
core   0: 0x8000bea4 (0x41db5393) srai    t2, s6, 29
core   0: 3 0x8000bea4 (0x41db5393) x 7 0x00000000
core   0: 0x8000bea8 (0xb62dca83) lbu     s5, -1182(s11)
core   0: 3 0x8000bea8 (0xb62dca83) x21 0x00000097 mem 0x80014020
core   0: 0x8000beac (0xc0bd80a3) sb      a1, -1023(s11)
core   0: 3 0x8000beac (0xc0bd80a3) mem 0x800140bf 0x75
core   0: 0x8000beb0 (0x02d2acb3) mulhsu  s9, t0, a3
core   0: 3 0x8000beb0 (0x02d2acb3) x25 0x00000000
core   0: 0x8000beb4 (0x012e5793) srli    a5, t3, 18
core   0: 3 0x8000beb4 (0x012e5793) x15 0x00000000
core   0: 0x8000beb8 (0x41b08433) sub     s0, ra, s11
core   0: 3 0x8000beb8 (0x41b08433) x 8 0x7ffebb97
core   0: 0x8000bebc (0x5e0d85a3) sb      zero, 1515(s11)
core   0: 3 0x8000bebc (0x5e0d85a3) mem 0x80014aa9 0x0
core   0: 0x8000bec0 (0x0002ffb3) and     t6, t0, zero
core   0: 3 0x8000bec0 (0x0002ffb3) x31 0x00000000
core   0: 0x8000bec4 (0x60ed8da3) sb      a4, 1563(s11)
core   0: 3 0x8000bec4 (0x60ed8da3) mem 0x80014ad9 0x0
core   0: 0x8000bec8 (0x942d9223) sh      sp, -1724(s11)
core   0: 3 0x8000bec8 (0x942d9223) mem 0x80013e02 0x5dcc
core   0: 0x8000becc (0x01cfd913) srli    s2, t6, 28
core   0: 3 0x8000becc (0x01cfd913) x18 0x00000000
core   0: 0x8000bed0 (0x2b4d8423) sb      s4, 680(s11)
core   0: 3 0x8000bed0 (0x2b4d8423) mem 0x80014766 0xe4
core   0: 0x8000bed4 (0x6e8dde03) lhu     t3, 1768(s11)
core   0: 3 0x8000bed4 (0x6e8dde03) x28 0x0000a60d mem 0x80014ba6
core   0: 0x8000bed8 (0xf400feb7) lui     t4, 0xf400f
core   0: 3 0x8000bed8 (0xf400feb7) x29 0xf400f000
core   0: 0x8000bedc (0x00000013) nop
core   0: 3 0x8000bedc (0x00000013)
core   0: 0x8000bee0 (0x86cddc03) lhu     s8, -1940(s11)
core   0: 3 0x8000bee0 (0x86cddc03) x24 0x000070f4 mem 0x80013d2a
core   0: 0x8000bee4 (0x567dc783) lbu     a5, 1383(s11)
core   0: 3 0x8000bee4 (0x567dc783) x15 0x0000004b mem 0x80014a25
core   0: 0x8000bee8 (0x02045b33) divu    s6, s0, zero
core   0: 3 0x8000bee8 (0x02045b33) x22 0xffffffff
core   0: 0x8000beec (0x5efd9223) sh      a5, 1508(s11)
core   0: 3 0x8000beec (0x5efd9223) mem 0x80014aa2 0x004b
core   0: 0x8000bef0 (0x285e7493) andi    s1, t3, 645
core   0: 3 0x8000bef0 (0x285e7493) x 9 0x00000205
core   0: 0x8000bef4 (0x79add783) lhu     a5, 1946(s11)
core   0: 3 0x8000bef4 (0x79add783) x15 0x00001c40 mem 0x80014c58
core   0: 0x8000bef8 (0x878d9803) lh      a6, -1928(s11)
core   0: 3 0x8000bef8 (0x878d9803) x16 0xfffff5a6 mem 0x80013d36
core   0: 0x8000befc (0x016b9b13) slli    s6, s7, 22
core   0: 3 0x8000befc (0x016b9b13) x22 0x1e800000
core   0: 0x8000bf00 (0x0042c833) xor     a6, t0, tp
core   0: 3 0x8000bf00 (0x0042c833) x16 0x00000054
core   0: 0x8000bf04 (0x02c50833) mul     a6, a0, a2
core   0: 3 0x8000bf04 (0x02c50833) x16 0x00000000
core   0: 0x8000bf08 (0x01eba433) slt     s0, s7, t5
core   0: 3 0x8000bf08 (0x01eba433) x 8 0x00000001
core   0: 0x8000bf0c (0x41a2d3b3) sra     t2, t0, s10
core   0: 3 0x8000bf0c (0x41a2d3b3) x 7 0x00000000
core   0: 0x8000bf10 (0x02f8ec33) rem     s8, a7, a5
core   0: 3 0x8000bf10 (0x02f8ec33) x24 0xfffff780
core   0: 0x8000bf14 (0x016552b3) srl     t0, a0, s6
core   0: 3 0x8000bf14 (0x016552b3) x 5 0xfffffff3
core   0: 0x8000bf18 (0x003166b3) or      a3, sp, gp
core   0: 3 0x8000bf18 (0x003166b3) x13 0x80025dfc
core   0: 0x8000bf1c (0x4847ed13) ori     s10, a5, 1156
core   0: 3 0x8000bf1c (0x4847ed13) x26 0x00001cc4
core   0: 0x8000bf20 (0x011a5c13) srli    s8, s4, 17
core   0: 3 0x8000bf20 (0x011a5c13) x24 0x00004001
core   0: 0x8000bf24 (0x0277e263) bltu    a5, t2, pc + 36
core   0: 3 0x8000bf24 (0x0277e263)
core   0: 0x8000bf28 (0x00121263) bne     tp, ra, pc + 4
core   0: 3 0x8000bf28 (0x00121263)
core   0: 0x8000bf2c (0x405a05b3) sub     a1, s4, t0
core   0: 3 0x8000bf2c (0x405a05b3) x11 0x80029cf1
core   0: 0x8000bf30 (0x02a24e63) blt     tp, a0, pc + 60
core   0: 3 0x8000bf30 (0x02a24e63)
core   0: 0x8000bf34 (0x01044e63) blt     s0, a6, pc + 28
core   0: 3 0x8000bf34 (0x01044e63)
core   0: 0x8000bf38 (0x0193d4b3) srl     s1, t2, s9
core   0: 3 0x8000bf38 (0x0193d4b3) x 9 0x00000000
core   0: 0x8000bf3c (0xfa0de013) ori     zero, s11, -96
core   0: 3 0x8000bf3c (0xfa0de013)
core   0: 0x8000bf40 (0x01da9193) slli    gp, s5, 29
core   0: 3 0x8000bf40 (0x01da9193) x 3 0xe0000000
core   0: 0x8000bf44 (0x00000013) nop
core   0: 3 0x8000bf44 (0x00000013)
core   0: 0x8000bf48 (0x43740f17) auipc   t5, 0x43740
core   0: 3 0x8000bf48 (0x43740f17) x30 0xc374bf48
core   0: 0x8000bf4c (0x403e5fb3) sra     t6, t3, gp
core   0: 3 0x8000bf4c (0x403e5fb3) x31 0x0000a60d
core   0: 0x8000bf50 (0x7573e913) ori     s2, t2, 1879
core   0: 3 0x8000bf50 (0x7573e913) x18 0x00000757
core   0: 0x8000bf54 (0x00000013) nop
core   0: 3 0x8000bf54 (0x00000013)
core   0: 0x8000bf58 (0x40375633) sra     a2, a4, gp
core   0: 3 0x8000bf58 (0x40375633) x12 0x00000000
core   0: 0x8000bf5c (0xab57e697) auipc   a3, 0xab57e
core   0: 3 0x8000bf5c (0xab57e697) x13 0x2b589f5c
core   0: 0x8000bf60 (0x00000013) nop
core   0: 3 0x8000bf60 (0x00000013)
core   0: 0x8000bf64 (0x3f3c7537) lui     a0, 0x3f3c7
core   0: 3 0x8000bf64 (0x3f3c7537) x10 0x3f3c7000
core   0: 0x8000bf68 (0x03889663) bne     a7, s8, pc + 44
core   0: 3 0x8000bf68 (0x03889663)
core   0: 0x8000bf94 (0x008da6b3) slt     a3, s11, s0
core   0: 3 0x8000bf94 (0x008da6b3) x13 0x00000001
core   0: 0x8000bf98 (0x004a9993) slli    s3, s5, 4
core   0: 3 0x8000bf98 (0x004a9993) x19 0x00000970
core   0: 0x8000bf9c (0x002fe463) bltu    t6, sp, pc + 8
core   0: 3 0x8000bf9c (0x002fe463)
core   0: 0x8000bfa4 (0x009c2fb3) slt     t6, s8, s1
core   0: 3 0x8000bfa4 (0x009c2fb3) x31 0x00000000
core   0: 0x8000bfa8 (0x0391fb33) remu    s6, gp, s9
core   0: 3 0x8000bfa8 (0x0391fb33) x22 0xe0000000
core   0: 0x8000bfac (0xc3f43613) sltiu   a2, s0, -961
core   0: 3 0x8000bfac (0xc3f43613) x12 0x00000001
core   0: 0x8000bfb0 (0x2990c613) xori    a2, ra, 665
core   0: 3 0x8000bfb0 (0x2990c613) x12 0x000002cc
core   0: 0x8000bfb4 (0x01739863) bne     t2, s7, pc + 16
core   0: 3 0x8000bfb4 (0x01739863)
core   0: 0x8000bfc4 (0x04fc6863) bltu    s8, a5, pc + 80
core   0: 3 0x8000bfc4 (0x04fc6863)
core   0: 0x8000bfc8 (0x02f02ab3) mulhsu  s5, zero, a5
core   0: 3 0x8000bfc8 (0x02f02ab3) x21 0x00000000
core   0: 0x8000bfcc (0x009a9193) slli    gp, s5, 9
core   0: 3 0x8000bfcc (0x009a9193) x 3 0x00000000
core   0: 0x8000bfd0 (0x40b2d6b3) sra     a3, t0, a1
core   0: 3 0x8000bfd0 (0x40b2d6b3) x13 0xffffffff
core   0: 0x8000bfd4 (0x418e5733) sra     a4, t3, s8
core   0: 3 0x8000bfd4 (0x418e5733) x14 0x00005306
core   0: 0x8000bfd8 (0x0383cdb3) div     s11, t2, s8
core   0: 3 0x8000bfd8 (0x0383cdb3) x27 0x00000000
core   0: 0x8000bfdc (0x401600b3) sub     ra, a2, ra
core   0: 3 0x8000bfdc (0x401600b3) x 1 0x00000277
core   0: 0x8000bfe0 (0x41a65e13) srai    t3, a2, 26
core   0: 3 0x8000bfe0 (0x41a65e13) x28 0x00000000
core   0: 0x8000bfe4 (0x0349c663) blt     s3, s4, pc + 44
core   0: 3 0x8000bfe4 (0x0349c663)
core   0: 0x8000bfe8 (0x5e883793) sltiu   a5, a6, 1512
core   0: 3 0x8000bfe8 (0x5e883793) x15 0x00000001
core   0: 0x8000bfec (0x223d3793) sltiu   a5, s10, 547
core   0: 3 0x8000bfec (0x223d3793) x15 0x00000000
core   0: 0x8000bff0 (0x01f27c93) andi    s9, tp, 31
core   0: 3 0x8000bff0 (0x01f27c93) x25 0x00000015
core   0: 0x8000bff4 (0x03fdc433) div     s0, s11, t6
core   0: 3 0x8000bff4 (0x03fdc433) x 8 0xffffffff
core   0: 0x8000bff8 (0x000c1fb3) sll     t6, s8, zero
core   0: 3 0x8000bff8 (0x000c1fb3) x31 0x00004001
core   0: 0x8000bffc (0xb52e8b13) addi    s6, t4, -1198
core   0: 3 0x8000bffc (0xb52e8b13) x22 0xf400eb52
core   0: 0x8000c000 (0xdc8d4e13) xori    t3, s10, -568
core   0: 3 0x8000c000 (0xdc8d4e13) x28 0xffffe10c
core   0: 0x8000c004 (0x7847bb13) sltiu   s6, a5, 1924
core   0: 3 0x8000c004 (0x7847bb13) x22 0x00000001
core   0: 0x8000c008 (0x00c43033) sltu    zero, s0, a2
core   0: 3 0x8000c008 (0x00c43033)
core   0: 0x8000c00c (0x012c46b3) xor     a3, s8, s2
core   0: 3 0x8000c00c (0x012c46b3) x13 0x00004756
core   0: 0x8000c010 (0x039dd0b3) divu    ra, s11, s9
core   0: 3 0x8000c010 (0x039dd0b3) x 1 0x00000000
core   0: 0x8000c014 (0x00000013) nop
core   0: 3 0x8000c014 (0x00000013)
core   0: 0x8000c018 (0x417ed993) srai    s3, t4, 23
core   0: 3 0x8000c018 (0x417ed993) x19 0xffffffe8
core   0: 0x8000c01c (0x0482f863) bgeu    t0, s0, pc + 80
core   0: 3 0x8000c01c (0x0482f863)
core   0: 0x8000c020 (0x02026c33) rem     s8, tp, zero
core   0: 3 0x8000c020 (0x02026c33) x24 0x00000055
core   0: 0x8000c024 (0x02f1bdb3) mulhu   s11, gp, a5
core   0: 3 0x8000c024 (0x02f1bdb3) x27 0x00000000
core   0: 0x8000c028 (0x7b0dc213) xori    tp, s11, 1968
core   0: 3 0x8000c028 (0x7b0dc213) x 4 0x000007b0
core   0: 0x8000c02c (0x1d9c8413) addi    s0, s9, 473
core   0: 3 0x8000c02c (0x1d9c8413) x 8 0x000001ee
core   0: 0x8000c030 (0x00741013) slli    zero, s0, 7
core   0: 3 0x8000c030 (0x00741013)
core   0: 0x8000c034 (0xfdac2493) slti    s1, s8, -38
core   0: 3 0x8000c034 (0xfdac2493) x 9 0x00000000
core   0: 0x8000c038 (0x54724513) xori    a0, tp, 1351
core   0: 3 0x8000c038 (0x54724513) x10 0x000002f7
core   0: 0x8000c03c (0x00750233) add     tp, a0, t2
core   0: 3 0x8000c03c (0x00750233) x 4 0x000002f7
core   0: 0x8000c040 (0x011d4233) xor     tp, s10, a7
core   0: 3 0x8000c040 (0x011d4233) x 4 0xf4001cc4
core   0: 0x8000c044 (0x00919e63) bne     gp, s1, pc + 28
core   0: 3 0x8000c044 (0x00919e63)
core   0: 0x8000c048 (0x00af8db3) add     s11, t6, a0
core   0: 3 0x8000c048 (0x00af8db3) x27 0x000042f8
core   0: 0x8000c04c (0xbed0df97) auipc   t6, 0xbed0d
core   0: 3 0x8000c04c (0xbed0df97) x31 0x3ed1904c
core   0: 0x8000c050 (0x02e445b3) div     a1, s0, a4
core   0: 3 0x8000c050 (0x02e445b3) x11 0x00000000
core   0: 0x8000c054 (0x01773933) sltu    s2, a4, s7
core   0: 3 0x8000c054 (0x01773933) x18 0x00000001
core   0: 0x8000c058 (0x02c7dd33) divu    s10, a5, a2
core   0: 3 0x8000c058 (0x02c7dd33) x26 0x00000000
core   0: 0x8000c05c (0x03b08e33) mul     t3, ra, s11
core   0: 3 0x8000c05c (0x03b08e33) x28 0x00000000
core   0: 0x8000c060 (0x00b3f263) bgeu    t2, a1, pc + 4
core   0: 3 0x8000c060 (0x00b3f263)
core   0: 0x8000c064 (0x412c5233) sra     tp, s8, s2
core   0: 3 0x8000c064 (0x412c5233) x 4 0x0000002a
core   0: 0x8000c068 (0x0562e663) bltu    t0, s6, pc + 76
core   0: 3 0x8000c068 (0x0562e663)
core   0: 0x8000c06c (0x00000013) nop
core   0: 3 0x8000c06c (0x00000013)
core   0: 0x8000c070 (0x052a4263) blt     s4, s2, pc + 68
core   0: 3 0x8000c070 (0x052a4263)
core   0: 0x8000c0b4 (0x02c71c33) mulh    s8, a4, a2
core   0: 3 0x8000c0b4 (0x02c71c33) x24 0x00000000
core   0: 0x8000c0b8 (0x00d341b3) xor     gp, t1, a3
core   0: 3 0x8000c0b8 (0x00d341b3) x 3 0xa3f6d756
core   0: 0x8000c0bc (0x0142b733) sltu    a4, t0, s4
core   0: 3 0x8000c0bc (0x0142b733) x14 0x00000000
core   0: 0x8000c0c0 (0x037ae033) rem     zero, s5, s7
core   0: 3 0x8000c0c0 (0x037ae033)
core   0: 0x8000c0c4 (0x9ecb6937) lui     s2, 0x9ecb6
core   0: 3 0x8000c0c4 (0x9ecb6937) x18 0x9ecb6000
core   0: 0x8000c0c8 (0x41d484b3) sub     s1, s1, t4
core   0: 3 0x8000c0c8 (0x41d484b3) x 9 0x0bff1000
core   0: 0x8000c0cc (0x413d3613) sltiu   a2, s10, 1043
core   0: 3 0x8000c0cc (0x413d3613) x12 0x00000001
core   0: 0x8000c0d0 (0x02e0d433) divu    s0, ra, a4
core   0: 3 0x8000c0d0 (0x02e0d433) x 8 0xffffffff
core   0: 0x8000c0d4 (0x41b55713) srai    a4, a0, 27
core   0: 3 0x8000c0d4 (0x41b55713) x14 0x00000000
core   0: 0x8000c0d8 (0x01655713) srli    a4, a0, 22
core   0: 3 0x8000c0d8 (0x01655713) x14 0x00000000
core   0: 0x8000c0dc (0xedec0813) addi    a6, s8, -290
core   0: 3 0x8000c0dc (0xedec0813) x16 0xfffffede
core   0: 0x8000c0e0 (0x026faab3) mulhsu  s5, t6, t1
core   0: 3 0x8000c0e0 (0x026faab3) x21 0x283bef96
core   0: 0x8000c0e4 (0x73760e37) lui     t3, 0x73760
core   0: 3 0x8000c0e4 (0x73760e37) x28 0x73760000
core   0: 0x8000c0e8 (0x02a65ab3) divu    s5, a2, a0
core   0: 3 0x8000c0e8 (0x02a65ab3) x21 0x00000000
core   0: 0x8000c0ec (0x0116c033) xor     zero, a3, a7
core   0: 3 0x8000c0ec (0x0116c033)
core   0: 0x8000c0f0 (0xedf3a037) lui     zero, 0xedf3a
core   0: 3 0x8000c0f0 (0xedf3a037)
core   0: 0x8000c0f4 (0x02a3af33) mulhsu  t5, t2, a0
core   0: 3 0x8000c0f4 (0x02a3af33) x30 0x00000000
core   0: 0x8000c0f8 (0x021145b3) div     a1, sp, ra
core   0: 3 0x8000c0f8 (0x021145b3) x11 0xffffffff
core   0: 0x8000c0fc (0x8a91e493) ori     s1, gp, -1879
core   0: 3 0x8000c0fc (0x8a91e493) x 9 0xffffffff
core   0: 0x8000c100 (0x005e5db3) srl     s11, t3, t0
core   0: 3 0x8000c100 (0x005e5db3) x27 0x00000e6e
core   0: 0x8000c104 (0x03413b33) mulhu   s6, sp, s4
core   0: 3 0x8000c104 (0x03413b33) x22 0x40027d5e
core   0: 0x8000c108 (0x22396e93) ori     t4, s2, 547
core   0: 3 0x8000c108 (0x22396e93) x29 0x9ecb6223
core   0: 0x8000c10c (0x0030d233) srl     tp, ra, gp
core   0: 3 0x8000c10c (0x0030d233) x 4 0x00000000
core   0: 0x8000c110 (0x00e08cb3) add     s9, ra, a4
core   0: 3 0x8000c110 (0x00e08cb3) x25 0x00000000
core   0: 0x8000c114 (0x0359e1b3) rem     gp, s3, s5
core   0: 3 0x8000c114 (0x0359e1b3) x 3 0xffffffe8
core   0: 0x8000c118 (0x01ea2433) slt     s0, s4, t5
core   0: 3 0x8000c118 (0x01ea2433) x 8 0x00000001
core   0: 0x8000c11c (0x05ed9463) bne     s11, t5, pc + 72
core   0: 3 0x8000c11c (0x05ed9463)
core   0: 0x8000c164 (0x01281913) slli    s2, a6, 18
core   0: 3 0x8000c164 (0x01281913) x18 0xfb780000
core   0: 0x8000c168 (0x0281d263) bge     gp, s0, pc + 36
core   0: 3 0x8000c168 (0x0281d263)
core   0: 0x8000c16c (0x9d6b9f37) lui     t5, 0x9d6b9
core   0: 3 0x8000c16c (0x9d6b9f37) x30 0x9d6b9000
core   0: 0x8000c170 (0x002c7cb3) and     s9, s8, sp
core   0: 3 0x8000c170 (0x002c7cb3) x25 0x00000000
core   0: 0x8000c174 (0x9fb48e93) addi    t4, s1, -1541
core   0: 3 0x8000c174 (0x9fb48e93) x29 0xfffff9fa
core   0: 0x8000c178 (0x00ba5313) srli    t1, s4, 11
core   0: 3 0x8000c178 (0x00ba5313) x 6 0x00100053
core   0: 0x8000c17c (0x01affc63) bgeu    t6, s10, pc + 24
core   0: 3 0x8000c17c (0x01affc63)
core   0: 0x8000c194 (0x00598ab3) add     s5, s3, t0
core   0: 3 0x8000c194 (0x00598ab3) x21 0xffffffdb
core   0: 0x8000c198 (0x013691b3) sll     gp, a3, s3
core   0: 3 0x8000c198 (0x013691b3) x 3 0x00475600
core   0: 0x8000c19c (0x0c478663) beq     a5, tp, pc + 204
core   0: 3 0x8000c19c (0x0c478663)
core   0: 0x8000c268 (0x01f6af33) slt     t5, a3, t6
core   0: 3 0x8000c268 (0x01f6af33) x30 0x00000001
core   0: 0x8000c26c (0xb7c62f93) slti    t6, a2, -1156
core   0: 3 0x8000c26c (0xb7c62f93) x31 0x00000000
core   0: 0x8000c270 (0x00158033) add     zero, a1, ra
core   0: 3 0x8000c270 (0x00158033)
core   0: 0x8000c274 (0x02ba4233) div     tp, s4, a1
core   0: 3 0x8000c274 (0x02ba4233) x 4 0x7ffd631c
core   0: 0x8000c278 (0x00000013) nop
core   0: 3 0x8000c278 (0x00000013)
core   0: 0x8000c27c (0x026a88b3) mul     a7, s5, t1
core   0: 3 0x8000c27c (0x026a88b3) x17 0xfdaff401
core   0: 0x8000c280 (0x01774663) blt     a4, s7, pc + 12
core   0: 3 0x8000c280 (0x01774663)
core   0: 0x8000c284 (0x00000013) nop
core   0: 3 0x8000c284 (0x00000013)
core   0: 0x8000c288 (0x00779613) slli    a2, a5, 7
core   0: 3 0x8000c288 (0x00779613) x12 0x00000000
core   0: 0x8000c28c (0x00ba1e13) slli    t3, s4, 11
core   0: 3 0x8000c28c (0x00ba1e13) x28 0x14e72000
core   0: 0x8000c290 (0x01b8a733) slt     a4, a7, s11
core   0: 3 0x8000c290 (0x01b8a733) x14 0x00000001
core   0: 0x8000c294 (0x64f1a613) slti    a2, gp, 1615
core   0: 3 0x8000c294 (0x64f1a613) x12 0x00000000
core   0: 0x8000c298 (0x41688633) sub     a2, a7, s6
core   0: 3 0x8000c298 (0x41688633) x12 0xbdad76a3
core   0: 0x8000c29c (0x015f5f33) srl     t5, t5, s5
core   0: 3 0x8000c29c (0x015f5f33) x30 0x00000000
core   0: 0x8000c2a0 (0x01b9b833) sltu    a6, s3, s11
core   0: 3 0x8000c2a0 (0x01b9b833) x16 0x00000000
core   0: 0x8000c2a4 (0x02d76263) bltu    a4, a3, pc + 36
core   0: 3 0x8000c2a4 (0x02d76263)
core   0: 0x8000c2c8 (0x415cd533) sra     a0, s9, s5
core   0: 3 0x8000c2c8 (0x415cd533) x10 0x00000000
core   0: 0x8000c2cc (0x0235e2b3) rem     t0, a1, gp
core   0: 3 0x8000c2cc (0x0235e2b3) x 5 0xffffffff
core   0: 0x8000c2d0 (0x037cc663) blt     s9, s7, pc + 44
core   0: 3 0x8000c2d0 (0x037cc663)
core   0: 0x8000c2d4 (0x01f35463) bge     t1, t6, pc + 8
core   0: 3 0x8000c2d4 (0x01f35463)
core   0: 0x8000c2dc (0x30dbc293) xori    t0, s7, 781
core   0: 3 0x8000c2dc (0x30dbc293) x 5 0xb5491777
core   0: 0x8000c2e0 (0x0097ab33) slt     s6, a5, s1
core   0: 3 0x8000c2e0 (0x0097ab33) x22 0x00000000
core   0: 0x8000c2e4 (0x0040a2b3) slt     t0, ra, tp
core   0: 3 0x8000c2e4 (0x0040a2b3) x 5 0x00000001
core   0: 0x8000c2e8 (0x00000013) nop
core   0: 3 0x8000c2e8 (0x00000013)
core   0: 0x8000c2ec (0x0169db33) srl     s6, s3, s6
core   0: 3 0x8000c2ec (0x0169db33) x22 0xffffffe8
core   0: 0x8000c2f0 (0x032c8663) beq     s9, s2, pc + 44
core   0: 3 0x8000c2f0 (0x032c8663)
core   0: 0x8000c2f4 (0x8d313997) auipc   s3, 0x8d313
core   0: 3 0x8000c2f4 (0x8d313997) x19 0x0d31f2f4
core   0: 0x8000c2f8 (0x0111acb3) slt     s9, gp, a7
core   0: 3 0x8000c2f8 (0x0111acb3) x25 0x00000000
core   0: 0x8000c2fc (0x02aa64b3) rem     s1, s4, a0
core   0: 3 0x8000c2fc (0x02aa64b3) x 9 0x80029ce4
core   0: 0x8000c300 (0x03bdc463) blt     s11, s11, pc + 40
core   0: 3 0x8000c300 (0x03bdc463)
core   0: 0x8000c304 (0x00261c13) slli    s8, a2, 2
core   0: 3 0x8000c304 (0x00261c13) x24 0xf6b5da8c
core   0: 0x8000c308 (0x03f89263) bne     a7, t6, pc + 36
core   0: 3 0x8000c308 (0x03f89263)
core   0: 0x8000c32c (0x02f5f263) bgeu    a1, a5, pc + 36
core   0: 3 0x8000c32c (0x02f5f263)
core   0: 0x8000c350 (0x01fcde93) srli    t4, s9, 31
core   0: 3 0x8000c350 (0x01fcde93) x29 0x00000000
core   0: 0x8000c354 (0x032c8c33) mul     s8, s9, s2
core   0: 3 0x8000c354 (0x032c8c33) x24 0x00000000
core   0: 0x8000c358 (0x00000013) nop
core   0: 3 0x8000c358 (0x00000013)
core   0: 0x8000c35c (0x7c5ce793) ori     a5, s9, 1989
core   0: 3 0x8000c35c (0x7c5ce793) x15 0x000007c5
core   0: 0x8000c360 (0x00c11813) slli    a6, sp, 12
core   0: 3 0x8000c360 (0x00c11813) x16 0x25dcc000
core   0: 0x8000c364 (0x03c41933) mulh    s2, s0, t3
core   0: 3 0x8000c364 (0x03c41933) x18 0x00000000
core   0: 0x8000c368 (0x00669293) slli    t0, a3, 6
core   0: 3 0x8000c368 (0x00669293) x 5 0x0011d580
core   0: 0x8000c36c (0x03f80cb3) mul     s9, a6, t6
core   0: 3 0x8000c36c (0x03f80cb3) x25 0x00000000
core   0: 0x8000c370 (0x401251b3) sra     gp, tp, ra
core   0: 3 0x8000c370 (0x401251b3) x 3 0x7ffd631c
core   0: 0x8000c374 (0x00bae8b3) or      a7, s5, a1
core   0: 3 0x8000c374 (0x00bae8b3) x17 0xffffffff
core   0: 0x8000c378 (0x0091fe33) and     t3, gp, s1
core   0: 3 0x8000c378 (0x0091fe33) x28 0x00000004
core   0: 0x8000c37c (0x00688b33) add     s6, a7, t1
core   0: 3 0x8000c37c (0x00688b33) x22 0x00100052
core   0: 0x8000c380 (0x002600b3) add     ra, a2, sp
core   0: 3 0x8000c380 (0x002600b3) x 1 0x3dafd46f
core   0: 0x8000c384 (0x03a213b3) mulh    t2, tp, s10
core   0: 3 0x8000c384 (0x03a213b3) x 7 0x00000000
core   0: 0x8000c388 (0x0066d8b3) srl     a7, a3, t1
core   0: 3 0x8000c388 (0x0066d8b3) x17 0x00000000
core   0: 0x8000c38c (0x030c9633) mulh    a2, s9, a6
core   0: 3 0x8000c38c (0x030c9633) x12 0x00000000
core   0: 0x8000c390 (0x024185b3) mul     a1, gp, tp
core   0: 3 0x8000c390 (0x024185b3) x11 0xd3b6ab10
core   0: 0x8000c394 (0x02728c63) beq     t0, t2, pc + 56
core   0: 3 0x8000c394 (0x02728c63)
core   0: 0x8000c398 (0x40f003b3) sub     t2, zero, a5
core   0: 3 0x8000c398 (0x40f003b3) x 7 0xfffff83b
core   0: 0x8000c39c (0x01bebab3) sltu    s5, t4, s11
core   0: 3 0x8000c39c (0x01bebab3) x21 0x00000001
core   0: 0x8000c3a0 (0x058ae263) bltu    s5, s8, pc + 68
core   0: 3 0x8000c3a0 (0x058ae263)
core   0: 0x8000c3a4 (0x01f64eb3) xor     t4, a2, t6
core   0: 3 0x8000c3a4 (0x01f64eb3) x29 0x00000000
core   0: 0x8000c3a8 (0x128a6393) ori     t2, s4, 296
core   0: 3 0x8000c3a8 (0x128a6393) x 7 0x80029dec
core   0: 0x8000c3ac (0x04226263) bltu    tp, sp, pc + 68
core   0: 3 0x8000c3ac (0x04226263)
core   0: 0x8000c3f0 (0x02f89c63) bne     a7, a5, pc + 56
core   0: 3 0x8000c3f0 (0x02f89c63)
core   0: 0x8000c428 (0x00000013) nop
core   0: 3 0x8000c428 (0x00000013)
core   0: 0x8000c42c (0x01d04033) xor     zero, zero, t4
core   0: 3 0x8000c42c (0x01d04033)
core   0: 0x8000c430 (0x011e26b3) slt     a3, t3, a7
core   0: 3 0x8000c430 (0x011e26b3) x13 0x00000000
core   0: 0x8000c434 (0x036ced33) rem     s10, s9, s6
core   0: 3 0x8000c434 (0x036ced33) x26 0x00000000
core   0: 0x8000c438 (0x009af263) bgeu    s5, s1, pc + 4
core   0: 3 0x8000c438 (0x009af263)
core   0: 0x8000c43c (0xb925c893) xori    a7, a1, -1134
core   0: 3 0x8000c43c (0xb925c893) x17 0x2c495082
core   0: 0x8000c440 (0x02b40263) beq     s0, a1, pc + 36
core   0: 3 0x8000c440 (0x02b40263)
core   0: 0x8000c444 (0x03911333) mulh    t1, sp, s9
core   0: 3 0x8000c444 (0x03911333) x 6 0x00000000
core   0: 0x8000c448 (0x00000013) nop
core   0: 3 0x8000c448 (0x00000013)
core   0: 0x8000c44c (0x018245b3) xor     a1, tp, s8
core   0: 3 0x8000c44c (0x018245b3) x11 0x7ffd631c
core   0: 0x8000c450 (0x45857297) auipc   t0, 0x45857
core   0: 3 0x8000c450 (0x45857297) x 5 0xc5863450
core   0: 0x8000c454 (0x028f5233) divu    tp, t5, s0
core   0: 3 0x8000c454 (0x028f5233) x 4 0x00000000
core   0: 0x8000c458 (0x0112e263) bltu    t0, a7, pc + 4
core   0: 3 0x8000c458 (0x0112e263)
core   0: 0x8000c45c (0x018ae663) bltu    s5, s8, pc + 12
core   0: 3 0x8000c45c (0x018ae663)
core   0: 0x8000c460 (0x018eecb3) or      s9, t4, s8
core   0: 3 0x8000c460 (0x018eecb3) x25 0x00000000
core   0: 0x8000c464 (0x00000013) nop
core   0: 3 0x8000c464 (0x00000013)
core   0: 0x8000c468 (0x03fe4663) blt     t3, t6, pc + 44
core   0: 3 0x8000c468 (0x03fe4663)
core   0: 0x8000c46c (0x03fd6d33) rem     s10, s10, t6
core   0: 3 0x8000c46c (0x03fd6d33) x26 0x00000000
core   0: 0x8000c470 (0x02e83033) mulhu   zero, a6, a4
core   0: 3 0x8000c470 (0x02e83033)
core   0: 0x8000c474 (0x0378dd33) divu    s10, a7, s7
core   0: 3 0x8000c474 (0x0378dd33) x26 0x00000000
core   0: 0x8000c478 (0x2d8bad13) slti    s10, s7, 728
core   0: 3 0x8000c478 (0x2d8bad13) x26 0x00000001
core   0: 0x8000c47c (0x03460533) mul     a0, a2, s4
core   0: 3 0x8000c47c (0x03460533) x10 0x00000000
core   0: 0x8000c480 (0x01f07fb3) and     t6, zero, t6
core   0: 3 0x8000c480 (0x01f07fb3) x31 0x00000000
core   0: 0x8000c484 (0x03e62d33) mulhsu  s10, a2, t5
core   0: 3 0x8000c484 (0x03e62d33) x26 0x00000000
core   0: 0x8000c488 (0xefff0837) lui     a6, 0xefff0
core   0: 3 0x8000c488 (0xefff0837) x16 0xefff0000
core   0: 0x8000c48c (0x00056863) bltu    a0, zero, pc + 16
core   0: 3 0x8000c48c (0x00056863)
core   0: 0x8000c490 (0x01189c63) bne     a7, a7, pc + 24
core   0: 3 0x8000c490 (0x01189c63)
core   0: 0x8000c494 (0x00bce013) ori     zero, s9, 11
core   0: 3 0x8000c494 (0x00bce013)
core   0: 0x8000c498 (0x028294b3) mulh    s1, t0, s0
core   0: 3 0x8000c498 (0x028294b3) x 9 0xffffffff
core   0: 0x8000c49c (0x410e05b3) sub     a1, t3, a6
core   0: 3 0x8000c49c (0x410e05b3) x11 0x10010004
core   0: 0x8000c4a0 (0x00a05863) bge     zero, a0, pc + 16
core   0: 3 0x8000c4a0 (0x00a05863)
core   0: 0x8000c4b0 (0x012290b3) sll     ra, t0, s2
core   0: 3 0x8000c4b0 (0x012290b3) x 1 0xc5863450
core   0: 0x8000c4b4 (0xa2ab4893) xori    a7, s6, -1494
core   0: 3 0x8000c4b4 (0xa2ab4893) x17 0xffeffa78
core   0: 0x8000c4b8 (0x79ada293) slti    t0, s11, 1946
core   0: 3 0x8000c4b8 (0x79ada293) x 5 0x00000000
core   0: 0x8000c4bc (0x027d9e63) bne     s11, t2, pc + 60
core   0: 3 0x8000c4bc (0x027d9e63)
core   0: 0x8000c4f8 (0x04b40263) beq     s0, a1, pc + 68
core   0: 3 0x8000c4f8 (0x04b40263)
core   0: 0x8000c4fc (0xcf38e213) ori     tp, a7, -781
core   0: 3 0x8000c4fc (0xcf38e213) x 4 0xfffffefb
core   0: 0x8000c500 (0x02033b33) mulhu   s6, t1, zero
core   0: 3 0x8000c500 (0x02033b33) x22 0x00000000
core   0: 0x8000c504 (0x0256acb3) mulhsu  s9, a3, t0
core   0: 3 0x8000c504 (0x0256acb3) x25 0x00000000
core   0: 0x8000c508 (0x01c49093) slli    ra, s1, 28
core   0: 3 0x8000c508 (0x01c49093) x 1 0xf0000000
core   0: 0x8000c50c (0x2fe16b13) ori     s6, sp, 766
core   0: 3 0x8000c50c (0x2fe16b13) x22 0x80025ffe
core   0: 0x8000c510 (0x00e65313) srli    t1, a2, 14
core   0: 3 0x8000c510 (0x00e65313) x 6 0x00000000
core   0: 0x8000c514 (0xfb49f417) auipc   s0, 0xfb49f
core   0: 3 0x8000c514 (0xfb49f417) x 8 0x7b4ab514
core   0: 0x8000c518 (0x854f7c13) andi    s8, t5, -1964
core   0: 3 0x8000c518 (0x854f7c13) x24 0x00000000
core   0: 0x8000c51c (0x00e4f433) and     s0, s1, a4
core   0: 3 0x8000c51c (0x00e4f433) x 8 0x00000001
core   0: 0x8000c520 (0x006115b3) sll     a1, sp, t1
core   0: 3 0x8000c520 (0x006115b3) x11 0x80025dcc
core   0: 0x8000c524 (0x0e39a593) slti    a1, s3, 227
core   0: 3 0x8000c524 (0x0e39a593) x11 0x00000000
core   0: 0x8000c528 (0x02fc28b3) mulhsu  a7, s8, a5
core   0: 3 0x8000c528 (0x02fc28b3) x17 0x00000000
core   0: 0x8000c52c (0x007ac3b3) xor     t2, s5, t2
core   0: 3 0x8000c52c (0x007ac3b3) x 7 0x80029ded
core   0: 0x8000c530 (0x40ca8ab3) sub     s5, s5, a2
core   0: 3 0x8000c530 (0x40ca8ab3) x21 0x00000001
core   0: 0x8000c534 (0x9c6503b7) lui     t2, 0x9c650
core   0: 3 0x8000c534 (0x9c6503b7) x 7 0x9c650000
core   0: 0x8000c538 (0x01cefcb3) and     s9, t4, t3
core   0: 3 0x8000c538 (0x01cefcb3) x25 0x00000000
core   0: 0x8000c53c (0x40438e33) sub     t3, t2, tp
core   0: 3 0x8000c53c (0x40438e33) x28 0x9c650105
core   0: 0x8000c540 (0x037d66b3) rem     a3, s10, s7
core   0: 3 0x8000c540 (0x037d66b3) x13 0x00000000
core   0: 0x8000c544 (0x02faa6b3) mulhsu  a3, s5, a5
core   0: 3 0x8000c544 (0x02faa6b3) x13 0x00000000
core   0: 0x8000c548 (0x03c39b33) mulh    s6, t2, t3
core   0: 3 0x8000c548 (0x03c39b33) x22 0x26c13f73
core   0: 0x8000c54c (0x03422833) mulhsu  a6, tp, s4
core   0: 3 0x8000c54c (0x03422833) x16 0xffffff7d
core   0: 0x8000c550 (0x5de5c013) xori    zero, a1, 1502
core   0: 3 0x8000c550 (0x5de5c013)
core   0: 0x8000c554 (0x005417b3) sll     a5, s0, t0
core   0: 3 0x8000c554 (0x005417b3) x15 0x00000001
core   0: 0x8000c558 (0x035232b3) mulhu   t0, tp, s5
core   0: 3 0x8000c558 (0x035232b3) x 5 0x00000000
core   0: 0x8000c55c (0x02b27463) bgeu    tp, a1, pc + 40
core   0: 3 0x8000c55c (0x02b27463)
core   0: 0x8000c584 (0x20602d93) slti    s11, zero, 518
core   0: 3 0x8000c584 (0x20602d93) x27 0x00000001
core   0: 0x8000c588 (0x01aff733) and     a4, t6, s10
core   0: 3 0x8000c588 (0x01aff733) x14 0x00000000
core   0: 0x8000c58c (0xdfba7013) andi    zero, s4, -517
core   0: 3 0x8000c58c (0xdfba7013)
core   0: 0x8000c590 (0x027d7263) bgeu    s10, t2, pc + 36
core   0: 3 0x8000c590 (0x027d7263)
core   0: 0x8000c594 (0xc152c613) xori    a2, t0, -1003
core   0: 3 0x8000c594 (0xc152c613) x12 0xfffffc15
core   0: 0x8000c598 (0x02c7e263) bltu    a5, a2, pc + 36
core   0: 3 0x8000c598 (0x02c7e263)
core   0: 0x8000c5bc (0x8daf2993) slti    s3, t5, -1830
core   0: 3 0x8000c5bc (0x8daf2993) x19 0x00000000
core   0: 0x8000c5c0 (0x4000d433) sra     s0, ra, zero
core   0: 3 0x8000c5c0 (0x4000d433) x 8 0xf0000000
core   0: 0x8000c5c4 (0xf6f5e397) auipc   t2, 0xf6f5e
core   0: 3 0x8000c5c4 (0xf6f5e397) x 7 0x76f6a5c4
core   0: 0x8000c5c8 (0x00127433) and     s0, tp, ra
core   0: 3 0x8000c5c8 (0x00127433) x 8 0xf0000000
core   0: 0x8000c5cc (0x01c4f4b3) and     s1, s1, t3
core   0: 3 0x8000c5cc (0x01c4f4b3) x 9 0x9c650105
core   0: 0x8000c5d0 (0x407f0933) sub     s2, t5, t2
core   0: 3 0x8000c5d0 (0x407f0933) x18 0x89095a3c
core   0: 0x8000c5d4 (0x00288933) add     s2, a7, sp
core   0: 3 0x8000c5d4 (0x00288933) x18 0x80025dcc
core   0: 0x8000c5d8 (0x01a1e863) bltu    gp, s10, pc + 16
core   0: 3 0x8000c5d8 (0x01a1e863)
core   0: 0x8000c5dc (0x031d8e63) beq     s11, a7, pc + 60
core   0: 3 0x8000c5dc (0x031d8e63)
core   0: 0x8000c5e0 (0xe95c4513) xori    a0, s8, -363
core   0: 3 0x8000c5e0 (0xe95c4513) x10 0xfffffe95
core   0: 0x8000c5e4 (0xa3c1f5b7) lui     a1, 0xa3c1f
core   0: 3 0x8000c5e4 (0xa3c1f5b7) x11 0xa3c1f000
core   0: 0x8000c5e8 (0x0eea6537) lui     a0, 0xeea6
core   0: 3 0x8000c5e8 (0x0eea6537) x10 0x0eea6000
core   0: 0x8000c5ec (0x00d91b13) slli    s6, s2, 13
core   0: 3 0x8000c5ec (0x00d91b13) x22 0x4bb98000
core   0: 0x8000c5f0 (0x007b5433) srl     s0, s6, t2
core   0: 3 0x8000c5f0 (0x007b5433) x 8 0x04bb9800
core   0: 0x8000c5f4 (0xbc970d93) addi    s11, a4, -1079
core   0: 3 0x8000c5f4 (0xbc970d93) x27 0xfffffbc9
core   0: 0x8000c5f8 (0x012116b3) sll     a3, sp, s2
core   0: 3 0x8000c5f8 (0x012116b3) x13 0x25dcc000
core   0: 0x8000c5fc (0x03765263) bge     a2, s7, pc + 36
core   0: 3 0x8000c5fc (0x03765263)
core   0: 0x8000c620 (0x00000013) nop
core   0: 3 0x8000c620 (0x00000013)
core   0: 0x8000c624 (0x02ec63b3) rem     t2, s8, a4
core   0: 3 0x8000c624 (0x02ec63b3) x 7 0x00000000
core   0: 0x8000c628 (0x03e7f5b3) remu    a1, a5, t5
core   0: 3 0x8000c628 (0x03e7f5b3) x11 0x00000001
core   0: 0x8000c62c (0x03ff33b3) mulhu   t2, t5, t6
core   0: 3 0x8000c62c (0x03ff33b3) x 7 0x00000000
core   0: 0x8000c630 (0x0165f033) and     zero, a1, s6
core   0: 3 0x8000c630 (0x0165f033)
core   0: 0x8000c634 (0x41e65893) srai    a7, a2, 30
core   0: 3 0x8000c634 (0x41e65893) x17 0xffffffff
core   0: 0x8000c638 (0x029e4ab3) div     s5, t3, s1
core   0: 3 0x8000c638 (0x029e4ab3) x21 0x00000001
core   0: 0x8000c63c (0x8e714193) xori    gp, sp, -1817
core   0: 3 0x8000c63c (0x8e714193) x 3 0x7ffda52b
core   0: 0x8000c640 (0x025ff263) bgeu    t6, t0, pc + 36
core   0: 3 0x8000c640 (0x025ff263)
core   0: 0x8000c664 (0xfe4c4513) xori    a0, s8, -28
core   0: 3 0x8000c664 (0xfe4c4513) x10 0xffffffe4
core   0: 0x8000c668 (0x027d5ab3) divu    s5, s10, t2
core   0: 3 0x8000c668 (0x027d5ab3) x21 0xffffffff
core   0: 0x8000c66c (0x404d02b3) sub     t0, s10, tp
core   0: 3 0x8000c66c (0x404d02b3) x 5 0x00000105
core   0: 0x8000c670 (0x03c78cb3) mul     s9, a5, t3
core   0: 3 0x8000c670 (0x03c78cb3) x25 0x9c650105
core   0: 0x8000c674 (0x00409493) slli    s1, ra, 4
core   0: 3 0x8000c674 (0x00409493) x 9 0x00000000
core   0: 0x8000c678 (0x40b2d213) srai    tp, t0, 11
core   0: 3 0x8000c678 (0x40b2d213) x 4 0x00000000
core   0: 0x8000c67c (0x0149b033) sltu    zero, s3, s4
core   0: 3 0x8000c67c (0x0149b033)
core   0: 0x8000c680 (0x03581263) bne     a6, s5, pc + 36
core   0: 3 0x8000c680 (0x03581263)
core   0: 0x8000c6a4 (0x011e77b3) and     a5, t3, a7
core   0: 3 0x8000c6a4 (0x011e77b3) x15 0x9c650105
core   0: 0x8000c6a8 (0x023e83b3) mul     t2, t4, gp
core   0: 3 0x8000c6a8 (0x023e83b3) x 7 0x00000000
core   0: 0x8000c6ac (0x024ff6b3) remu    a3, t6, tp
core   0: 3 0x8000c6ac (0x024ff6b3) x13 0x00000000
core   0: 0x8000c6b0 (0x01b48ab3) add     s5, s1, s11
core   0: 3 0x8000c6b0 (0x01b48ab3) x21 0xfffffbc9
core   0: 0x8000c6b4 (0x41fc00b3) sub     ra, s8, t6
core   0: 3 0x8000c6b4 (0x41fc00b3) x 1 0x00000000
core   0: 0x8000c6b8 (0x0eed7313) andi    t1, s10, 238
core   0: 3 0x8000c6b8 (0x0eed7313) x 6 0x00000000
core   0: 0x8000c6bc (0x0164f833) and     a6, s1, s6
core   0: 3 0x8000c6bc (0x0164f833) x16 0x00000000
core   0: 0x8000c6c0 (0x02814663) blt     sp, s0, pc + 44
core   0: 3 0x8000c6c0 (0x02814663)
core   0: 0x8000c6ec (0xcdefa913) slti    s2, t6, -802
core   0: 3 0x8000c6ec (0xcdefa913) x18 0x00000000
core   0: 0x8000c6f0 (0xb7cac893) xori    a7, s5, -1156
core   0: 3 0x8000c6f0 (0xb7cac893) x17 0x000000b5
core   0: 0x8000c6f4 (0x0303fab3) remu    s5, t2, a6
core   0: 3 0x8000c6f4 (0x0303fab3) x21 0x00000000
core   0: 0x8000c6f8 (0x01f54933) xor     s2, a0, t6
core   0: 3 0x8000c6f8 (0x01f54933) x18 0xffffffe4
core   0: 0x8000c6fc (0xf0dea313) slti    t1, t4, -243
core   0: 3 0x8000c6fc (0xf0dea313) x 6 0x00000000
core   0: 0x8000c700 (0x01e03d33) snez    s10, t5
core   0: 3 0x8000c700 (0x01e03d33) x26 0x00000000
core   0: 0x8000c704 (0x030440b3) div     ra, s0, a6
core   0: 3 0x8000c704 (0x030440b3) x 1 0xffffffff
core   0: 0x8000c708 (0x0057f1b3) and     gp, a5, t0
core   0: 3 0x8000c708 (0x0057f1b3) x 3 0x00000105
core   0: 0x8000c70c (0x02f680b3) mul     ra, a3, a5
core   0: 3 0x8000c70c (0x02f680b3) x 1 0x00000000
core   0: 0x8000c710 (0x0070d593) srli    a1, ra, 7
core   0: 3 0x8000c710 (0x0070d593) x11 0x00000000
core   0: 0x8000c714 (0x7ddc4193) xori    gp, s8, 2013
core   0: 3 0x8000c714 (0x7ddc4193) x 3 0x000007dd
core   0: 0x8000c718 (0x00000013) nop
core   0: 3 0x8000c718 (0x00000013)
core   0: 0x8000c71c (0x01e2d033) srl     zero, t0, t5
core   0: 3 0x8000c71c (0x01e2d033)
core   0: 0x8000c720 (0x00c1a1b3) slt     gp, gp, a2
core   0: 3 0x8000c720 (0x00c1a1b3) x 3 0x00000000
core   0: 0x8000c724 (0x41840eb3) sub     t4, s0, s8
core   0: 3 0x8000c724 (0x41840eb3) x29 0x04bb9800
core   0: 0x8000c728 (0x01ee0c33) add     s8, t3, t5
core   0: 3 0x8000c728 (0x01ee0c33) x24 0x9c650105
core   0: 0x8000c72c (0x0264bcb3) mulhu   s9, s1, t1
core   0: 3 0x8000c72c (0x0264bcb3) x25 0x00000000
core   0: 0x8000c730 (0x03de1ab3) mulh    s5, t3, t4
core   0: 3 0x8000c730 (0x03de1ab3) x21 0xfe2896a7
core   0: 0x8000c734 (0x40820ab3) sub     s5, tp, s0
core   0: 3 0x8000c734 (0x40820ab3) x21 0xfb446800
core   0: 0x8000c738 (0x01c421b3) slt     gp, s0, t3
core   0: 3 0x8000c738 (0x01c421b3) x 3 0x00000000
core   0: 0x8000c73c (0x038e3533) mulhu   a0, t3, s8
core   0: 3 0x8000c73c (0x038e3533) x10 0x5f8b4117
core   0: 0x8000c740 (0x01d45c63) bge     s0, t4, pc + 24
core   0: 3 0x8000c740 (0x01d45c63)
core   0: 0x8000c758 (0x030a7663) bgeu    s4, a6, pc + 44
core   0: 3 0x8000c758 (0x030a7663)
core   0: 0x8000c784 (0x01bb9413) slli    s0, s7, 27
core   0: 3 0x8000c784 (0x01bb9413) x 8 0xd0000000
core   0: 0x8000c788 (0x00fdae33) slt     t3, s11, a5
core   0: 3 0x8000c788 (0x00fdae33) x28 0x00000000
core   0: 0x8000c78c (0x41a150b3) sra     ra, sp, s10
core   0: 3 0x8000c78c (0x41a150b3) x 1 0x80025dcc
core   0: 0x8000c790 (0x034096b3) mulh    a3, ra, s4
core   0: 3 0x8000c790 (0x034096b3) x13 0x3ffd82ae
core   0: 0x8000c794 (0x404d86b3) sub     a3, s11, tp
core   0: 3 0x8000c794 (0x404d86b3) x13 0xfffffbc9
core   0: 0x8000c798 (0x885f8793) addi    a5, t6, -1915
core   0: 3 0x8000c798 (0x885f8793) x15 0xfffff885
core   0: 0x8000c79c (0x00d6fe63) bgeu    a3, a3, pc + 28
core   0: 3 0x8000c79c (0x00d6fe63)
core   0: 0x8000c7b8 (0x009b2c33) slt     s8, s6, s1
core   0: 3 0x8000c7b8 (0x009b2c33) x24 0x00000000
core   0: 0x8000c7bc (0x03ecc533) div     a0, s9, t5
core   0: 3 0x8000c7bc (0x03ecc533) x10 0xffffffff
core   0: 0x8000c7c0 (0x025328b3) mulhsu  a7, t1, t0
core   0: 3 0x8000c7c0 (0x025328b3) x17 0x00000000
core   0: 0x8000c7c4 (0x0082c263) blt     t0, s0, pc + 4
core   0: 3 0x8000c7c4 (0x0082c263)
core   0: 0x8000c7c8 (0x412bdf93) srai    t6, s7, 18
core   0: 3 0x8000c7c8 (0x412bdf93) x31 0xffffed52
core   0: 0x8000c7cc (0x034fde63) bge     t6, s4, pc + 60
core   0: 3 0x8000c7cc (0x034fde63)
core   0: 0x8000c808 (0x00000013) nop
core   0: 3 0x8000c808 (0x00000013)
core   0: 0x8000c80c (0x036a54b3) divu    s1, s4, s6
core   0: 3 0x8000c80c (0x036a54b3) x 9 0x00000001
core   0: 0x8000c810 (0x02b86933) rem     s2, a6, a1
core   0: 3 0x8000c810 (0x02b86933) x18 0x00000000
core   0: 0x8000c814 (0x00000013) nop
core   0: 3 0x8000c814 (0x00000013)
core   0: 0x8000c818 (0x40955233) sra     tp, a0, s1
core   0: 3 0x8000c818 (0x40955233) x 4 0xffffffff
core   0: 0x8000c81c (0x64fb0937) lui     s2, 0x64fb0
core   0: 3 0x8000c81c (0x64fb0937) x18 0x64fb0000
core   0: 0x8000c820 (0x826c1717) auipc   a4, 0x826c1
core   0: 3 0x8000c820 (0x826c1717) x14 0x026cd820
core   0: 0x8000c824 (0x03607ab3) remu    s5, zero, s6
core   0: 3 0x8000c824 (0x03607ab3) x21 0x00000000
core   0: 0x8000c828 (0x0366e933) rem     s2, a3, s6
core   0: 3 0x8000c828 (0x0366e933) x18 0xfffffbc9
core   0: 0x8000c82c (0x00000013) nop
core   0: 3 0x8000c82c (0x00000013)
core   0: 0x8000c830 (0x01ee1d33) sll     s10, t3, t5
core   0: 3 0x8000c830 (0x01ee1d33) x26 0x00000000
core   0: 0x8000c834 (0x009c0263) beq     s8, s1, pc + 4
core   0: 3 0x8000c834 (0x009c0263)
core   0: 0x8000c838 (0x5f9d7713) andi    a4, s10, 1529
core   0: 3 0x8000c838 (0x5f9d7713) x14 0x00000000
core   0: 0x8000c83c (0x04b31663) bne     t1, a1, pc + 76
core   0: 3 0x8000c83c (0x04b31663)
core   0: 0x8000c840 (0x78d6b493) sltiu   s1, a3, 1933
core   0: 3 0x8000c840 (0x78d6b493) x 9 0x00000000
core   0: 0x8000c844 (0x02e6e4b3) rem     s1, a3, a4
core   0: 3 0x8000c844 (0x02e6e4b3) x 9 0xfffffbc9
core   0: 0x8000c848 (0x00ddd093) srli    ra, s11, 13
core   0: 3 0x8000c848 (0x00ddd093) x 1 0x0007ffff
core   0: 0x8000c84c (0x67806993) ori     s3, zero, 1656
core   0: 3 0x8000c84c (0x67806993) x19 0x00000678
core   0: 0x8000c850 (0x016a5863) bge     s4, s6, pc + 16
core   0: 3 0x8000c850 (0x016a5863)
core   0: 0x8000c854 (0x00af1513) slli    a0, t5, 10
core   0: 3 0x8000c854 (0x00af1513) x10 0x00000000
core   0: 0x8000c858 (0x01d59d33) sll     s10, a1, t4
core   0: 3 0x8000c858 (0x01d59d33) x26 0x00000000
core   0: 0x8000c85c (0x03275e63) bge     a4, s2, pc + 60
core   0: 3 0x8000c85c (0x03275e63)
core   0: 0x8000c898 (0x00ca10b3) sll     ra, s4, a2
core   0: 3 0x8000c898 (0x00ca10b3) x 1 0x9c800000
core   0: 0x8000c89c (0x6c9e0cb7) lui     s9, 0x6c9e0
core   0: 3 0x8000c89c (0x6c9e0cb7) x25 0x6c9e0000
core   0: 0x8000c8a0 (0xa742f193) andi    gp, t0, -1420
core   0: 3 0x8000c8a0 (0xa742f193) x 3 0x00000004
core   0: 0x8000c8a4 (0x00d883b3) add     t2, a7, a3
core   0: 3 0x8000c8a4 (0x00d883b3) x 7 0xfffffbc9
core   0: 0x8000c8a8 (0x011b5933) srl     s2, s6, a7
core   0: 3 0x8000c8a8 (0x011b5933) x18 0x4bb98000
core   0: 0x8000c8ac (0x01f222b3) slt     t0, tp, t6
core   0: 3 0x8000c8ac (0x01f222b3) x 5 0x00000000
core   0: 0x8000c8b0 (0x02d5d833) divu    a6, a1, a3
core   0: 3 0x8000c8b0 (0x02d5d833) x16 0x00000000
core   0: 0x8000c8b4 (0x51453413) sltiu   s0, a0, 1300
core   0: 3 0x8000c8b4 (0x51453413) x 8 0x00000001
core   0: 0x8000c8b8 (0xf4a2a493) slti    s1, t0, -182
core   0: 3 0x8000c8b8 (0xf4a2a493) x 9 0x00000000
core   0: 0x8000c8bc (0xa6f3ab13) slti    s6, t2, -1425
core   0: 3 0x8000c8bc (0xa6f3ab13) x22 0x00000000
core   0: 0x8000c8c0 (0x83350313) addi    t1, a0, -1997
core   0: 3 0x8000c8c0 (0x83350313) x 6 0xfffff833
core   0: 0x8000c8c4 (0x41515b13) srai    s6, sp, 21
core   0: 3 0x8000c8c4 (0x41515b13) x22 0xfffffc00
core   0: 0x8000c8c8 (0x01c84fb3) xor     t6, a6, t3
core   0: 3 0x8000c8c8 (0x01c84fb3) x31 0x00000000
core   0: 0x8000c8cc (0x40ebd493) srai    s1, s7, 14
core   0: 3 0x8000c8cc (0x40ebd493) x 9 0xfffed524
core   0: 0x8000c8d0 (0x004ade63) bge     s5, tp, pc + 28
core   0: 3 0x8000c8d0 (0x004ade63)
core   0: 0x8000c8ec (0x03b4c893) xori    a7, s1, 59
core   0: 3 0x8000c8ec (0x03b4c893) x17 0xfffed51f
core   0: 0x8000c8f0 (0x780e0f97) auipc   t6, 0x780e0
core   0: 3 0x8000c8f0 (0x780e0f97) x31 0xf80ec8f0
core   0: 0x8000c8f4 (0x0196a6b3) slt     a3, a3, s9
core   0: 3 0x8000c8f4 (0x0196a6b3) x13 0x00000001
core   0: 0x8000c8f8 (0x04971863) bne     a4, s1, pc + 80
core   0: 3 0x8000c8f8 (0x04971863)
core   0: 0x8000c948 (0x006fbab3) sltu    s5, t6, t1
core   0: 3 0x8000c948 (0x006fbab3) x21 0x00000001
core   0: 0x8000c94c (0x02bb8663) beq     s7, a1, pc + 44
core   0: 3 0x8000c94c (0x02bb8663)
core   0: 0x8000c950 (0x0273f3b3) remu    t2, t2, t2
core   0: 3 0x8000c950 (0x0273f3b3) x 7 0x00000000
core   0: 0x8000c954 (0x037b9ab3) mulh    s5, s7, s7
core   0: 3 0x8000c954 (0x037b9ab3) x21 0x15ce42dd
core   0: 0x8000c958 (0x01567c63) bgeu    a2, s5, pc + 24
core   0: 3 0x8000c958 (0x01567c63)
core   0: 0x8000c970 (0x415f05b3) sub     a1, t5, s5
core   0: 3 0x8000c970 (0x415f05b3) x11 0xea31bd23
core   0: 0x8000c974 (0x00ea9663) bne     s5, a4, pc + 12
core   0: 3 0x8000c974 (0x00ea9663)
core   0: 0x8000c980 (0x00000013) nop
core   0: 3 0x8000c980 (0x00000013)
core   0: 0x8000c984 (0x00000013) nop
core   0: 3 0x8000c984 (0x00000013)
core   0: 0x8000c988 (0x003466b3) or      a3, s0, gp
core   0: 3 0x8000c988 (0x003466b3) x13 0x00000005
core   0: 0x8000c98c (0xdec5cb13) xori    s6, a1, -532
core   0: 3 0x8000c98c (0xdec5cb13) x22 0x15ce40cf
core   0: 0x8000c990 (0x665cf813) andi    a6, s9, 1637
core   0: 3 0x8000c990 (0x665cf813) x16 0x00000000
core   0: 0x8000c994 (0xb9f32c93) slti    s9, t1, -1121
core   0: 3 0x8000c994 (0xb9f32c93) x25 0x00000001
core   0: 0x8000c998 (0x01c51c63) bne     a0, t3, pc + 24
core   0: 3 0x8000c998 (0x01c51c63)
core   0: 0x8000c99c (0x566ec697) auipc   a3, 0x566ec
core   0: 3 0x8000c99c (0x566ec697) x13 0xd66f899c
core   0: 0x8000c9a0 (0xb8cb8f93) addi    t6, s7, -1140
core   0: 3 0x8000c9a0 (0xb8cb8f93) x31 0xb5491006
core   0: 0x8000c9a4 (0x03165c63) bge     a2, a7, pc + 56
core   0: 3 0x8000c9a4 (0x03165c63)
core   0: 0x8000c9dc (0x00d31233) sll     tp, t1, a3
core   0: 3 0x8000c9dc (0x00d31233) x 4 0x30000000
core   0: 0x8000c9e0 (0x03d49eb3) mulh    t4, s1, t4
core   0: 3 0x8000c9e0 (0x03d49eb3) x29 0xfffffa79
core   0: 0x8000c9e4 (0x40b95a93) srai    s5, s2, 11
core   0: 3 0x8000c9e4 (0x40b95a93) x21 0x00097730
core   0: 0x8000c9e8 (0x02e73cb3) mulhu   s9, a4, a4
core   0: 3 0x8000c9e8 (0x02e73cb3) x25 0x00000000
core   0: 0x8000c9ec (0x0115d333) srl     t1, a1, a7
core   0: 3 0x8000c9ec (0x0115d333) x 6 0x00000001
core   0: 0x8000c9f0 (0x036361b3) rem     gp, t1, s6
core   0: 3 0x8000c9f0 (0x036361b3) x 3 0x00000001
core   0: 0x8000c9f4 (0x03530263) beq     t1, s5, pc + 36
core   0: 3 0x8000c9f4 (0x03530263)
core   0: 0x8000c9f8 (0x029017b3) mulh    a5, zero, s1
core   0: 3 0x8000c9f8 (0x029017b3) x15 0x00000000
core   0: 0x8000c9fc (0x0265aeb3) mulhsu  t4, a1, t1
core   0: 3 0x8000c9fc (0x0265aeb3) x29 0xffffffff
core   0: 0x8000ca00 (0xe473a213) slti    tp, t2, -441
core   0: 3 0x8000ca00 (0xe473a213) x 4 0x00000000
core   0: 0x8000ca04 (0x417cd233) sra     tp, s9, s7
core   0: 3 0x8000ca04 (0x417cd233) x 4 0x00000000
core   0: 0x8000ca08 (0xf89fc493) xori    s1, t6, -119
core   0: 3 0x8000ca08 (0xf89fc493) x 9 0x4ab6ef8f
core   0: 0x8000ca0c (0x03335733) divu    a4, t1, s3
core   0: 3 0x8000ca0c (0x03335733) x14 0x00000000
core   0: 0x8000ca10 (0x01b05513) srli    a0, zero, 27
core   0: 3 0x8000ca10 (0x01b05513) x10 0x00000000
core   0: 0x8000ca14 (0x41aefe93) andi    t4, t4, 1050
core   0: 3 0x8000ca14 (0x41aefe93) x29 0x0000041a
core   0: 0x8000ca18 (0xf9f37093) andi    ra, t1, -97
core   0: 3 0x8000ca18 (0xf9f37093) x 1 0x00000001
core   0: 0x8000ca1c (0x002d5233) srl     tp, s10, sp
core   0: 3 0x8000ca1c (0x002d5233) x 4 0x00000000
core   0: 0x8000ca20 (0xae595237) lui     tp, 0xae595
core   0: 3 0x8000ca20 (0xae595237) x 4 0xae595000
core   0: 0x8000ca24 (0x41fc5b33) sra     s6, s8, t6
core   0: 3 0x8000ca24 (0x41fc5b33) x22 0x00000000
core   0: 0x8000ca28 (0x41fb08b3) sub     a7, s6, t6
core   0: 3 0x8000ca28 (0x41fb08b3) x17 0x4ab6effa
core   0: 0x8000ca2c (0x005b58b3) srl     a7, s6, t0
core   0: 3 0x8000ca2c (0x005b58b3) x17 0x00000000
core   0: 0x8000ca30 (0x011dc533) xor     a0, s11, a7
core   0: 3 0x8000ca30 (0x011dc533) x10 0xfffffbc9
core   0: 0x8000ca34 (0x025199b3) mulh    s3, gp, t0
core   0: 3 0x8000ca34 (0x025199b3) x19 0x00000000
core   0: 0x8000ca38 (0x94b34997) auipc   s3, 0x94b34
core   0: 3 0x8000ca38 (0x94b34997) x19 0x14b40a38
core   0: 0x8000ca3c (0x025850b3) divu    ra, a6, t0
core   0: 3 0x8000ca3c (0x025850b3) x 1 0xffffffff
core   0: 0x8000ca40 (0x039411b3) mulh    gp, s0, s9
core   0: 3 0x8000ca40 (0x039411b3) x 3 0x00000000
core   0: 0x8000ca44 (0x8116bf93) sltiu   t6, a3, -2031
core   0: 3 0x8000ca44 (0x8116bf93) x31 0x00000001
core   0: 0x8000ca48 (0x00dd3633) sltu    a2, s10, a3
core   0: 3 0x8000ca48 (0x00dd3633) x12 0x00000001
core   0: 0x8000ca4c (0x057a6263) bltu    s4, s7, pc + 68
core   0: 3 0x8000ca4c (0x057a6263)
core   0: 0x8000ca90 (0x037261b3) rem     gp, tp, s7
core   0: 3 0x8000ca90 (0x037261b3) x 3 0xf9103b86
core   0: 0x8000ca94 (0x028d1cb3) mulh    s9, s10, s0
core   0: 3 0x8000ca94 (0x028d1cb3) x25 0x00000000
core   0: 0x8000ca98 (0xcb5aeb37) lui     s6, 0xcb5ae
core   0: 3 0x8000ca98 (0xcb5aeb37) x22 0xcb5ae000
core   0: 0x8000ca9c (0x03f882b3) mul     t0, a7, t6
core   0: 3 0x8000ca9c (0x03f882b3) x 5 0x00000000
core   0: 0x8000caa0 (0x01054533) xor     a0, a0, a6
core   0: 3 0x8000caa0 (0x01054533) x10 0xfffffbc9
core   0: 0x8000caa4 (0x03ae7663) bgeu    t3, s10, pc + 44
core   0: 3 0x8000caa4 (0x03ae7663)
core   0: 0x8000cad0 (0x03264c63) blt     a2, s2, pc + 56
core   0: 3 0x8000cad0 (0x03264c63)
core   0: 0x8000cb08 (0x00f2e633) or      a2, t0, a5
core   0: 3 0x8000cb08 (0x00f2e633) x12 0x00000000
core   0: 0x8000cb0c (0x00000013) nop
core   0: 3 0x8000cb0c (0x00000013)
core   0: 0x8000cb10 (0x02ca8433) mul     s0, s5, a2
core   0: 3 0x8000cb10 (0x02ca8433) x 8 0x00000000
core   0: 0x8000cb14 (0x00746b33) or      s6, s0, t2
core   0: 3 0x8000cb14 (0x00746b33) x22 0x00000000
core   0: 0x8000cb18 (0x016951b3) srl     gp, s2, s6
core   0: 3 0x8000cb18 (0x016951b3) x 3 0x4bb98000
core   0: 0x8000cb1c (0x00f50463) beq     a0, a5, pc + 8
core   0: 3 0x8000cb1c (0x00f50463)
core   0: 0x8000cb20 (0x02a2fb33) remu    s6, t0, a0
core   0: 3 0x8000cb20 (0x02a2fb33) x22 0x00000000
core   0: 0x8000cb24 (0x41635f93) srai    t6, t1, 22
core   0: 3 0x8000cb24 (0x41635f93) x31 0x00000000
core   0: 0x8000cb28 (0x41575313) srai    t1, a4, 21
core   0: 3 0x8000cb28 (0x41575313) x 6 0x00000000
core   0: 0x8000cb2c (0x1edeff13) andi    t5, t4, 493
core   0: 3 0x8000cb2c (0x1edeff13) x30 0x00000008
core   0: 0x8000cb30 (0x03609733) mulh    a4, ra, s6
core   0: 3 0x8000cb30 (0x03609733) x14 0x00000000
core   0: 0x8000cb34 (0x16248193) addi    gp, s1, 354
core   0: 3 0x8000cb34 (0x16248193) x 3 0x4ab6f0f1
core   0: 0x8000cb38 (0x40c300b3) sub     ra, t1, a2
core   0: 3 0x8000cb38 (0x40c300b3) x 1 0x00000000
core   0: 0x8000cb3c (0x01266fb3) or      t6, a2, s2
core   0: 3 0x8000cb3c (0x01266fb3) x31 0x4bb98000
core   0: 0x8000cb40 (0x016ea033) slt     zero, t4, s6
core   0: 3 0x8000cb40 (0x016ea033)
core   0: 0x8000cb44 (0x60166f13) ori     t5, a2, 1537
core   0: 3 0x8000cb44 (0x60166f13) x30 0x00000601
core   0: 0x8000cb48 (0x419650b3) sra     ra, a2, s9
core   0: 3 0x8000cb48 (0x419650b3) x 1 0x00000000
core   0: 0x8000cb4c (0x0172b533) sltu    a0, t0, s7
core   0: 3 0x8000cb4c (0x0172b533) x10 0x00000001
core   0: 0x8000cb50 (0x00715913) srli    s2, sp, 7
core   0: 3 0x8000cb50 (0x00715913) x18 0x010004bb
core   0: 0x8000cb54 (0x91e88837) lui     a6, 0x91e88
core   0: 3 0x8000cb54 (0x91e88837) x16 0x91e88000
core   0: 0x8000cb58 (0x9f35e913) ori     s2, a1, -1549
core   0: 3 0x8000cb58 (0x9f35e913) x18 0xfffffdf3
core   0: 0x8000cb5c (0xb5e3e313) ori     t1, t2, -1186
core   0: 3 0x8000cb5c (0xb5e3e313) x 6 0xfffffb5e
core   0: 0x8000cb60 (0xe8977d13) andi    s10, a4, -375
core   0: 3 0x8000cb60 (0xe8977d13) x26 0x00000000
core   0: 0x8000cb64 (0x033aa2b3) mulhsu  t0, s5, s3
core   0: 3 0x8000cb64 (0x033aa2b3) x 5 0x0000c3f7
core   0: 0x8000cb68 (0x00fe8033) add     zero, t4, a5
core   0: 3 0x8000cb68 (0x00fe8033)
core   0: 0x8000cb6c (0x00d0eb33) or      s6, ra, a3
core   0: 3 0x8000cb6c (0x00d0eb33) x22 0xd66f899c
core   0: 0x8000cb70 (0x02909e63) bne     ra, s1, pc + 60
core   0: 3 0x8000cb70 (0x02909e63)
core   0: 0x8000cbac (0x0158cc33) xor     s8, a7, s5
core   0: 3 0x8000cbac (0x0158cc33) x24 0x00097730
core   0: 0x8000cbb0 (0x01195733) srl     a4, s2, a7
core   0: 3 0x8000cbb0 (0x01195733) x14 0xfffffdf3
core   0: 0x8000cbb4 (0x0141e233) or      tp, gp, s4
core   0: 3 0x8000cbb4 (0x0141e233) x 4 0xcab6fcf5
core   0: 0x8000cbb8 (0x0342f633) remu    a2, t0, s4
core   0: 3 0x8000cbb8 (0x0342f633) x12 0x0000c3f7
core   0: 0x8000cbbc (0x00298ab3) add     s5, s3, sp
core   0: 3 0x8000cbbc (0x00298ab3) x21 0x94b66804
core   0: 0x8000cbc0 (0x02be31b3) mulhu   gp, t3, a1
core   0: 3 0x8000cbc0 (0x02be31b3) x 3 0x00000000
core   0: 0x8000cbc4 (0x41f4dc33) sra     s8, s1, t6
core   0: 3 0x8000cbc4 (0x41f4dc33) x24 0x4ab6ef8f
core   0: 0x8000cbc8 (0x03a09663) bne     ra, s10, pc + 44
core   0: 3 0x8000cbc8 (0x03a09663)
core   0: 0x8000cbcc (0x03f4c263) blt     s1, t6, pc + 36
core   0: 3 0x8000cbcc (0x03f4c263)
core   0: 0x8000cbf0 (0x41aa5e13) srai    t3, s4, 26
core   0: 3 0x8000cbf0 (0x41aa5e13) x28 0xffffffe0
core   0: 0x8000cbf4 (0xae4d07b7) lui     a5, 0xae4d0
core   0: 3 0x8000cbf4 (0xae4d07b7) x15 0xae4d0000
core   0: 0x8000cbf8 (0x004a5333) srl     t1, s4, tp
core   0: 3 0x8000cbf8 (0x004a5333) x 6 0x00000400
core   0: 0x8000cbfc (0x7600bf93) sltiu   t6, ra, 1888
core   0: 3 0x8000cbfc (0x7600bf93) x31 0x00000001
core   0: 0x8000cc00 (0x005fcc63) blt     t6, t0, pc + 24
core   0: 3 0x8000cc00 (0x005fcc63)
core   0: 0x8000cc18 (0x2f532613) slti    a2, t1, 757
core   0: 3 0x8000cc18 (0x2f532613) x12 0x00000000
core   0: 0x8000cc1c (0x59fb4593) xori    a1, s6, 1439
core   0: 3 0x8000cc1c (0x59fb4593) x11 0xd66f8c03
core   0: 0x8000cc20 (0x0acdf097) auipc   ra, 0xacdf
core   0: 3 0x8000cc20 (0x0acdf097) x 1 0x8acebc20
core   0: 0x8000cc24 (0x01bffe63) bgeu    t6, s11, pc + 28
core   0: 3 0x8000cc24 (0x01bffe63)
core   0: 0x8000cc28 (0x0281f7b3) remu    a5, gp, s0
core   0: 3 0x8000cc28 (0x0281f7b3) x15 0x00000000
core   0: 0x8000cc2c (0xac8aa313) slti    t1, s5, -1336
core   0: 3 0x8000cc2c (0xac8aa313) x 6 0x00000001
core   0: 0x8000cc30 (0xbff5b893) sltiu   a7, a1, -1025
core   0: 3 0x8000cc30 (0xbff5b893) x17 0x00000001
core   0: 0x8000cc34 (0x01ed8db3) add     s11, s11, t5
core   0: 3 0x8000cc34 (0x01ed8db3) x27 0x000001ca
core   0: 0x8000cc38 (0x5bab2237) lui     tp, 0x5bab2
core   0: 3 0x8000cc38 (0x5bab2237) x 4 0x5bab2000
core   0: 0x8000cc3c (0x604b7197) auipc   gp, 0x604b7
core   0: 3 0x8000cc3c (0x604b7197) x 3 0xe04c3c3c
core   0: 0x8000cc40 (0xc1166413) ori     s0, a2, -1007
core   0: 3 0x8000cc40 (0xc1166413) x 8 0xfffffc11
core   0: 0x8000cc44 (0x03b3ceb3) div     t4, t2, s11
core   0: 3 0x8000cc44 (0x03b3ceb3) x29 0x00000000
core   0: 0x8000cc48 (0x03598463) beq     s3, s5, pc + 40
core   0: 3 0x8000cc48 (0x03598463)
core   0: 0x8000cc4c (0x01f560b3) or      ra, a0, t6
core   0: 3 0x8000cc4c (0x01f560b3) x 1 0x00000001
core   0: 0x8000cc50 (0x038be733) rem     a4, s7, s8
core   0: 3 0x8000cc50 (0x038be733) x14 0xb549147a
core   0: 0x8000cc54 (0x01499cb3) sll     s9, s3, s4
core   0: 3 0x8000cc54 (0x01499cb3) x25 0x4b40a380
core   0: 0x8000cc58 (0x022081b3) mul     gp, ra, sp
core   0: 3 0x8000cc58 (0x022081b3) x 3 0x80025dcc
core   0: 0x8000cc5c (0x03473c33) mulhu   s8, a4, s4
core   0: 3 0x8000cc5c (0x03473c33) x24 0x5aa663e9
core   0: 0x8000cc60 (0x01961863) bne     a2, s9, pc + 16
core   0: 3 0x8000cc60 (0x01961863)
core   0: 0x8000cc70 (0x02808b33) mul     s6, ra, s0
core   0: 3 0x8000cc70 (0x02808b33) x22 0xfffffc11
core   0: 0x8000cc74 (0x01635233) srl     tp, t1, s6
core   0: 3 0x8000cc74 (0x01635233) x 4 0x00000000
core   0: 0x8000cc78 (0x000b6533) or      a0, s6, zero
core   0: 3 0x8000cc78 (0x000b6533) x10 0xfffffc11
core   0: 0x8000cc7c (0x016f31b3) sltu    gp, t5, s6
core   0: 3 0x8000cc7c (0x016f31b3) x 3 0x00000001
core   0: 0x8000cc80 (0x02a8fc63) bgeu    a7, a0, pc + 56
core   0: 3 0x8000cc80 (0x02a8fc63)
core   0: 0x8000cc84 (0x006679b3) and     s3, a2, t1
core   0: 3 0x8000cc84 (0x006679b3) x19 0x00000000
core   0: 0x8000cc88 (0x02076ab3) rem     s5, a4, zero
core   0: 3 0x8000cc88 (0x02076ab3) x21 0xb549147a
core   0: 0x8000cc8c (0x01fbcb33) xor     s6, s7, t6
core   0: 3 0x8000cc8c (0x01fbcb33) x22 0xb549147b
core   0: 0x8000cc90 (0x05028863) beq     t0, a6, pc + 80
core   0: 3 0x8000cc90 (0x05028863)
core   0: 0x8000cc94 (0x0267d9b3) divu    s3, a5, t1
core   0: 3 0x8000cc94 (0x0267d9b3) x19 0x00000000
core   0: 0x8000cc98 (0x40d05e13) srai    t3, zero, 13
core   0: 3 0x8000cc98 (0x40d05e13) x28 0x00000000
core   0: 0x8000cc9c (0x030ec933) div     s2, t4, a6
core   0: 3 0x8000cc9c (0x030ec933) x18 0x00000000
core   0: 0x8000cca0 (0x02a68933) mul     s2, a3, a0
core   0: 3 0x8000cca0 (0x02a68933) x18 0x7f41b35c
core   0: 0x8000cca4 (0x002048b3) xor     a7, zero, sp
core   0: 3 0x8000cca4 (0x002048b3) x17 0x80025dcc
core   0: 0x8000cca8 (0x008e6863) bltu    t3, s0, pc + 16
core   0: 3 0x8000cca8 (0x008e6863)
core   0: 0x8000ccb8 (0x012dddb3) srl     s11, s11, s2
core   0: 3 0x8000ccb8 (0x012dddb3) x27 0x00000000
core   0: 0x8000ccbc (0x00320fb3) add     t6, tp, gp
core   0: 3 0x8000ccbc (0x00320fb3) x31 0x00000001
core   0: 0x8000ccc0 (0x012b69b3) or      s3, s6, s2
core   0: 3 0x8000ccc0 (0x012b69b3) x19 0xff49b77f
core   0: 0x8000ccc4 (0x006ea6b3) slt     a3, t4, t1
core   0: 3 0x8000ccc4 (0x006ea6b3) x13 0x00000001
core   0: 0x8000ccc8 (0x2c9ace13) xori    t3, s5, 713
core   0: 3 0x8000ccc8 (0x2c9ace13) x28 0xb54916b3
core   0: 0x8000cccc (0x03fa1f33) mulh    t5, s4, t6
core   0: 3 0x8000cccc (0x03fa1f33) x30 0xffffffff
core   0: 0x8000ccd0 (0x416bd293) srai    t0, s7, 22
core   0: 3 0x8000ccd0 (0x416bd293) x 5 0xfffffed5
core   0: 0x8000ccd4 (0x0bd57293) andi    t0, a0, 189
core   0: 3 0x8000ccd4 (0x0bd57293) x 5 0x00000011
core   0: 0x8000ccd8 (0x0cbd4c93) xori    s9, s10, 203
core   0: 3 0x8000ccd8 (0x0cbd4c93) x25 0x000000cb
core   0: 0x8000ccdc (0x038b9833) mulh    a6, s7, s8
core   0: 3 0x8000ccdc (0x038b9833) x16 0xe58b216d
core   0: 0x8000cce0 (0x03b52933) mulhsu  s2, a0, s11
core   0: 3 0x8000cce0 (0x03b52933) x18 0x00000000
core   0: 0x8000cce4 (0x00524263) blt     tp, t0, pc + 4
core   0: 3 0x8000cce4 (0x00524263)
core   0: 0x8000cce8 (0x004c16b3) sll     a3, s8, tp
core   0: 3 0x8000cce8 (0x004c16b3) x13 0x5aa663e9
core   0: 0x8000ccec (0x027f7533) remu    a0, t5, t2
core   0: 3 0x8000ccec (0x027f7533) x10 0xffffffff
core   0: 0x8000ccf0 (0x01fd0db3) add     s11, s10, t6
core   0: 3 0x8000ccf0 (0x01fd0db3) x27 0x00000001
core   0: 0x8000ccf4 (0x030576b3) remu    a3, a0, a6
core   0: 3 0x8000ccf4 (0x030576b3) x13 0x1a74de92
core   0: 0x8000ccf8 (0x03c4d6b3) divu    a3, s1, t3
core   0: 3 0x8000ccf8 (0x03c4d6b3) x13 0x00000000
core   0: 0x8000ccfc (0x00000013) nop
core   0: 3 0x8000ccfc (0x00000013)
core   0: 0x8000cd00 (0x419584b3) sub     s1, a1, s9
core   0: 3 0x8000cd00 (0x419584b3) x 9 0xd66f8b38
core   0: 0x8000cd04 (0x41e28733) sub     a4, t0, t5
core   0: 3 0x8000cd04 (0x41e28733) x14 0x00000012
core   0: 0x8000cd08 (0x0328d633) divu    a2, a7, s2
core   0: 3 0x8000cd08 (0x0328d633) x12 0xffffffff
core   0: 0x8000cd0c (0x00529cb3) sll     s9, t0, t0
core   0: 3 0x8000cd0c (0x00529cb3) x25 0x00220000
core   0: 0x8000cd10 (0x01c4ed33) or      s10, s1, t3
core   0: 3 0x8000cd10 (0x01c4ed33) x26 0xf76f9fbb
core   0: 0x8000cd14 (0x043e5263) bge     t3, gp, pc + 68
core   0: 3 0x8000cd14 (0x043e5263)
core   0: 0x8000cd18 (0x02b511b3) mulh    gp, a0, a1
core   0: 3 0x8000cd18 (0x02b511b3) x 3 0x00000000
core   0: 0x8000cd1c (0x31886513) ori     a0, a6, 792
core   0: 3 0x8000cd1c (0x31886513) x10 0xe58b237d
core   0: 0x8000cd20 (0x4b9af213) andi    tp, s5, 1209
core   0: 3 0x8000cd20 (0x4b9af213) x 4 0x00000438
core   0: 0x8000cd24 (0x005985b3) add     a1, s3, t0
core   0: 3 0x8000cd24 (0x005985b3) x11 0xff49b790
core   0: 0x8000cd28 (0xd0db7b13) andi    s6, s6, -755
core   0: 3 0x8000cd28 (0xd0db7b13) x22 0xb5491409
core   0: 0x8000cd2c (0x03d35233) divu    tp, t1, t4
core   0: 3 0x8000cd2c (0x03d35233) x 4 0xffffffff
core   0: 0x8000cd30 (0x03dfb1b3) mulhu   gp, t6, t4
core   0: 3 0x8000cd30 (0x03dfb1b3) x 3 0x00000000
core   0: 0x8000cd34 (0x02661533) mulh    a0, a2, t1
core   0: 3 0x8000cd34 (0x02661533) x10 0xffffffff
core   0: 0x8000cd38 (0x011624b3) slt     s1, a2, a7
core   0: 3 0x8000cd38 (0x011624b3) x 9 0x00000000
core   0: 0x8000cd3c (0x00179d33) sll     s10, a5, ra
core   0: 3 0x8000cd3c (0x00179d33) x26 0x00000000
core   0: 0x8000cd40 (0x00000013) nop
core   0: 3 0x8000cd40 (0x00000013)
core   0: 0x8000cd44 (0x9f457093) andi    ra, a0, -1548
core   0: 3 0x8000cd44 (0x9f457093) x 1 0xfffff9f4
core   0: 0x8000cd48 (0x400add93) srai    s11, s5, 0
core   0: 3 0x8000cd48 (0x400add93) x27 0xb549147a
core   0: 0x8000cd4c (0x40d55593) srai    a1, a0, 13
core   0: 3 0x8000cd4c (0x40d55593) x11 0xffffffff
core   0: 0x8000cd50 (0x02301d33) mulh    s10, zero, gp
core   0: 3 0x8000cd50 (0x02301d33) x26 0x00000000
core   0: 0x8000cd54 (0x03298db3) mul     s11, s3, s2
core   0: 3 0x8000cd54 (0x03298db3) x27 0x00000000
core   0: 0x8000cd58 (0x0360aab3) mulhsu  s5, ra, s6
core   0: 3 0x8000cd58 (0x0360aab3) x21 0xfffffbb7
core   0: 0x8000cd5c (0x03ed4263) blt     s10, t5, pc + 36
core   0: 3 0x8000cd5c (0x03ed4263)
core   0: 0x8000cd60 (0x00cb76b3) and     a3, s6, a2
core   0: 3 0x8000cd60 (0x00cb76b3) x13 0xb5491409
core   0: 0x8000cd64 (0x02706433) rem     s0, zero, t2
core   0: 3 0x8000cd64 (0x02706433) x 8 0x00000000
core   0: 0x8000cd68 (0x199ecd13) xori    s10, t4, 409
core   0: 3 0x8000cd68 (0x199ecd13) x26 0x00000199
core   0: 0x8000cd6c (0x01180db3) add     s11, a6, a7
core   0: 3 0x8000cd6c (0x01180db3) x27 0x658d7f39
core   0: 0x8000cd70 (0x03a4c9b3) div     s3, s1, s10
core   0: 3 0x8000cd70 (0x03a4c9b3) x19 0x00000000
core   0: 0x8000cd74 (0x01fb0fb3) add     t6, s6, t6
core   0: 3 0x8000cd74 (0x01fb0fb3) x31 0xb549140a
core   0: 0x8000cd78 (0x41108033) sub     zero, ra, a7
core   0: 3 0x8000cd78 (0x41108033)
core   0: 0x8000cd7c (0x02b9bc33) mulhu   s8, s3, a1
core   0: 3 0x8000cd7c (0x02b9bc33) x24 0x00000000
core   0: 0x8000cd80 (0x003add33) srl     s10, s5, gp
core   0: 3 0x8000cd80 (0x003add33) x26 0xfffffbb7
core   0: 0x8000cd84 (0x41add993) srai    s3, s11, 26
core   0: 3 0x8000cd84 (0x41add993) x19 0x00000019
core   0: 0x8000cd88 (0x011cbb33) sltu    s6, s9, a7
core   0: 3 0x8000cd88 (0x011cbb33) x22 0x00000001
core   0: 0x8000cd8c (0x03be1263) bne     t3, s11, pc + 36
core   0: 3 0x8000cd8c (0x03be1263)
core   0: 0x8000cdb0 (0xa205ca93) xori    s5, a1, -1504
core   0: 3 0x8000cdb0 (0xa205ca93) x21 0x000005df
core   0: 0x8000cdb4 (0x04957863) bgeu    a0, s1, pc + 80
core   0: 3 0x8000cdb4 (0x04957863)
core   0: 0x8000ce04 (0x53164097) auipc   ra, 0x53164
core   0: 3 0x8000ce04 (0x53164097) x 1 0xd3170e04
core   0: 0x8000ce08 (0x005f0833) add     a6, t5, t0
core   0: 3 0x8000ce08 (0x005f0833) x16 0x00000010
core   0: 0x8000ce0c (0x0369a533) mulhsu  a0, s3, s6
core   0: 3 0x8000ce0c (0x0369a533) x10 0x00000000
core   0: 0x8000ce10 (0x92afc417) auipc   s0, 0x92afc
core   0: 3 0x8000ce10 (0x92afc417) x 8 0x12b08e10
core   0: 0x8000ce14 (0x7f9bf897) auipc   a7, 0x7f9bf
core   0: 3 0x8000ce14 (0x7f9bf897) x17 0xff9cbe14
core   0: 0x8000ce18 (0x3b9e0293) addi    t0, t3, 953
core   0: 3 0x8000ce18 (0x3b9e0293) x 5 0xb5491a6c
core   0: 0x8000ce1c (0x035121b3) mulhsu  gp, sp, s5
core   0: 3 0x8000ce1c (0x035121b3) x 3 0xfffffd10
core   0: 0x8000ce20 (0x98a50413) addi    s0, a0, -1654
core   0: 3 0x8000ce20 (0x98a50413) x 8 0xfffff98a
core   0: 0x8000ce24 (0x6183b313) sltiu   t1, t2, 1560
core   0: 3 0x8000ce24 (0x6183b313) x 6 0x00000001
core   0: 0x8000ce28 (0x03972233) mulhsu  tp, a4, s9
core   0: 3 0x8000ce28 (0x03972233) x 4 0x00000000
core   0: 0x8000ce2c (0x40b00633) sub     a2, zero, a1
core   0: 3 0x8000ce2c (0x40b00633) x12 0x00000001
core   0: 0x8000ce30 (0x02404b33) div     s6, zero, tp
core   0: 3 0x8000ce30 (0x02404b33) x22 0xffffffff
core   0: 0x8000ce34 (0x03dcf037) lui     zero, 0x3dcf
core   0: 3 0x8000ce34 (0x03dcf037)
core   0: 0x8000ce38 (0x40185233) sra     tp, a6, ra
core   0: 3 0x8000ce38 (0x40185233) x 4 0x00000001
core   0: 0x8000ce3c (0x40ed8933) sub     s2, s11, a4
core   0: 3 0x8000ce3c (0x40ed8933) x18 0x658d7f27
core   0: 0x8000ce40 (0x02ecb733) mulhu   a4, s9, a4
core   0: 3 0x8000ce40 (0x02ecb733) x14 0x00000000
core   0: 0x8000ce44 (0x00d079b3) and     s3, zero, a3
core   0: 3 0x8000ce44 (0x00d079b3) x19 0x00000000
core   0: 0x8000ce48 (0x018c3ab3) sltu    s5, s8, s8
core   0: 3 0x8000ce48 (0x018c3ab3) x21 0x00000000
core   0: 0x8000ce4c (0x031daeb3) mulhsu  t4, s11, a7
core   0: 3 0x8000ce4c (0x031daeb3) x29 0x65661f5a
core   0: 0x8000ce50 (0x048e8663) beq     t4, s0, pc + 76
core   0: 3 0x8000ce50 (0x048e8663)
core   0: 0x8000ce54 (0x0088d6b3) srl     a3, a7, s0
core   0: 3 0x8000ce54 (0x0088d6b3) x13 0x003fe72f
core   0: 0x8000ce58 (0x005ade63) bge     s5, t0, pc + 28
core   0: 3 0x8000ce58 (0x005ade63)
core   0: 0x8000ce74 (0x017edf33) srl     t5, t4, s7
core   0: 3 0x8000ce74 (0x017edf33) x30 0x00000019
core   0: 0x8000ce78 (0x021ceb33) rem     s6, s9, ra
core   0: 3 0x8000ce78 (0x021ceb33) x22 0x00220000
core   0: 0x8000ce7c (0x031ff463) bgeu    t6, a7, pc + 40
core   0: 3 0x8000ce7c (0x031ff463)
core   0: 0x8000ce80 (0x00689463) bne     a7, t1, pc + 8
core   0: 3 0x8000ce80 (0x00689463)
core   0: 0x8000ce88 (0x00713233) sltu    tp, sp, t2
core   0: 3 0x8000ce88 (0x00713233) x 4 0x00000000
core   0: 0x8000ce8c (0x01f725b3) slt     a1, a4, t6
core   0: 3 0x8000ce8c (0x01f725b3) x11 0x00000000
core   0: 0x8000ce90 (0x031be663) bltu    s7, a7, pc + 44
core   0: 3 0x8000ce90 (0x031be663)
core   0: 0x8000cebc (0x44c42f13) slti    t5, s0, 1100
core   0: 3 0x8000cebc (0x44c42f13) x30 0x00000001
core   0: 0x8000cec0 (0x0029c633) xor     a2, s3, sp
core   0: 3 0x8000cec0 (0x0029c633) x12 0x80025dcc
core   0: 0x8000cec4 (0x02ea8033) mul     zero, s5, a4
core   0: 3 0x8000cec4 (0x02ea8033)
core   0: 0x8000cec8 (0x00bd1263) bne     s10, a1, pc + 4
core   0: 3 0x8000cec8 (0x00bd1263)
core   0: 0x8000cecc (0x024cbab3) mulhu   s5, s9, tp
core   0: 3 0x8000cecc (0x024cbab3) x21 0x00000000
core   0: 0x8000ced0 (0x01334263) blt     t1, s3, pc + 4
core   0: 3 0x8000ced0 (0x01334263)
core   0: 0x8000ced4 (0x01644033) xor     zero, s0, s6
core   0: 3 0x8000ced4 (0x01644033)
core   0: 0x8000ced8 (0x03ba4e63) blt     s4, s11, pc + 60
core   0: 3 0x8000ced8 (0x03ba4e63)
core   0: 0x8000cf14 (0x01d0fe33) and     t3, ra, t4
core   0: 3 0x8000cf14 (0x01d0fe33) x28 0x41060e00
core   0: 0x8000cf18 (0xb3603093) sltiu   ra, zero, -1226
core   0: 3 0x8000cf18 (0xb3603093) x 1 0x00000001
core   0: 0x8000cf1c (0x8e4c6f97) auipc   t6, 0x8e4c6
core   0: 3 0x8000cf1c (0x8e4c6f97) x31 0x0e4d2f1c
core   0: 0x8000cf20 (0x039a6263) bltu    s4, s9, pc + 36
core   0: 3 0x8000cf20 (0x039a6263)
core   0: 0x8000cf24 (0x02a98263) beq     s3, a0, pc + 36
core   0: 3 0x8000cf24 (0x02a98263)
core   0: 0x8000cf48 (0x00000013) nop
core   0: 3 0x8000cf48 (0x00000013)
core   0: 0x8000cf4c (0x419d0633) sub     a2, s10, s9
core   0: 3 0x8000cf4c (0x419d0633) x12 0xffddfbb7
core   0: 0x8000cf50 (0x010cd8b3) srl     a7, s9, a6
core   0: 3 0x8000cf50 (0x010cd8b3) x17 0x00000022
core   0: 0x8000cf54 (0x17634513) xori    a0, t1, 374
core   0: 3 0x8000cf54 (0x17634513) x10 0x00000177
core   0: 0x8000cf58 (0x008b5d33) srl     s10, s6, s0
core   0: 3 0x8000cf58 (0x008b5d33) x26 0x00000880
core   0: 0x8000cf5c (0x03fb0333) mul     t1, s6, t6
core   0: 3 0x8000cf5c (0x03fb0333) x 6 0x41b80000
core   0: 0x8000cf60 (0x01df6833) or      a6, t5, t4
core   0: 3 0x8000cf60 (0x01df6833) x16 0x65661f5b
core   0: 0x8000cf64 (0x00000013) nop
core   0: 3 0x8000cf64 (0x00000013)
core   0: 0x8000cf68 (0x01fa6e33) or      t3, s4, t6
core   0: 3 0x8000cf68 (0x01fa6e33) x28 0x8e4fbffc
core   0: 0x8000cf6c (0x021a6233) rem     tp, s4, ra
core   0: 3 0x8000cf6c (0x021a6233) x 4 0x00000000
core   0: 0x8000cf70 (0x036f40b3) div     ra, t5, s6
core   0: 3 0x8000cf70 (0x036f40b3) x 1 0x00000000
core   0: 0x8000cf74 (0x00164863) blt     a2, ra, pc + 16
core   0: 3 0x8000cf74 (0x00164863)
core   0: 0x8000cf84 (0x01e02233) slt     tp, zero, t5
core   0: 3 0x8000cf84 (0x01e02233) x 4 0x00000001
core   0: 0x8000cf88 (0x013d7333) and     t1, s10, s3
core   0: 3 0x8000cf88 (0x013d7333) x 6 0x00000000
core   0: 0x8000cf8c (0x5a80ad93) slti    s11, ra, 1448
core   0: 3 0x8000cf8c (0x5a80ad93) x27 0x00000001
core   0: 0x8000cf90 (0x40035493) srai    s1, t1, 0
core   0: 3 0x8000cf90 (0x40035493) x 9 0x00000000
core   0: 0x8000cf94 (0x408a5313) srai    t1, s4, 8
core   0: 3 0x8000cf94 (0x408a5313) x 6 0xff80029c
core   0: 0x8000cf98 (0x00d63ab3) sltu    s5, a2, a3
core   0: 3 0x8000cf98 (0x00d63ab3) x21 0x00000000
core   0: 0x8000cf9c (0x01e65393) srli    t2, a2, 30
core   0: 3 0x8000cf9c (0x01e65393) x 7 0x00000003
core   0: 0x8000cfa0 (0x037a2ab3) mulhsu  s5, s4, s7
core   0: 3 0x8000cfa0 (0x037a2ab3) x21 0xa55d4f6f
core   0: 0x8000cfa4 (0x01cdb5b3) sltu    a1, s11, t3
core   0: 3 0x8000cfa4 (0x01cdb5b3) x11 0x00000001
core   0: 0x8000cfa8 (0x0ea53493) sltiu   s1, a0, 234
core   0: 3 0x8000cfa8 (0x0ea53493) x 9 0x00000000
core   0: 0x8000cfac (0x03676c63) bltu    a4, s6, pc + 56
core   0: 3 0x8000cfac (0x03676c63)
core   0: 0x8000cfe4 (0xe1f6b513) sltiu   a0, a3, -481
core   0: 3 0x8000cfe4 (0xe1f6b513) x10 0x00000001
core   0: 0x8000cfe8 (0x03487e63) bgeu    a6, s4, pc + 60
core   0: 3 0x8000cfe8 (0x03487e63)
core   0: 0x8000cfec (0x02179663) bne     a5, ra, pc + 44
core   0: 3 0x8000cfec (0x02179663)
core   0: 0x8000cff0 (0x022d1ab3) mulh    s5, s10, sp
core   0: 3 0x8000cff0 (0x022d1ab3) x21 0xfffffbc0
core   0: 0x8000cff4 (0x027be2b3) rem     t0, s7, t2
core   0: 3 0x8000cff4 (0x027be2b3) x 5 0xffffffff
core   0: 0x8000cff8 (0x006fd6b3) srl     a3, t6, t1
core   0: 3 0x8000cff8 (0x006fd6b3) x13 0x00000000
core   0: 0x8000cffc (0x0237c663) blt     a5, gp, pc + 44
core   0: 3 0x8000cffc (0x0237c663)
core   0: 0x8000d000 (0x01bd3ab3) sltu    s5, s10, s11
core   0: 3 0x8000d000 (0x01bd3ab3) x21 0x00000000
core   0: 0x8000d004 (0x001d16b3) sll     a3, s10, ra
core   0: 3 0x8000d004 (0x001d16b3) x13 0x00000880
core   0: 0x8000d008 (0x00b5d863) bge     a1, a1, pc + 16
core   0: 3 0x8000d008 (0x00b5d863)
core   0: 0x8000d018 (0x05fb9863) bne     s7, t6, pc + 80
core   0: 3 0x8000d018 (0x05fb9863)
core   0: 0x8000d068 (0x01b58263) beq     a1, s11, pc + 4
core   0: 3 0x8000d068 (0x01b58263)
core   0: 0x8000d06c (0x01b96463) bltu    s2, s11, pc + 8
core   0: 3 0x8000d06c (0x01b96463)
core   0: 0x8000d070 (0x02a11d33) mulh    s10, sp, a0
core   0: 3 0x8000d070 (0x02a11d33) x26 0xffffffff
core   0: 0x8000d074 (0x05397863) bgeu    s2, s3, pc + 80
core   0: 3 0x8000d074 (0x05397863)
core   0: 0x8000d0c4 (0x8cf07413) andi    s0, zero, -1841
core   0: 3 0x8000d0c4 (0x8cf07413) x 8 0x00000000
core   0: 0x8000d0c8 (0x00000013) nop
core   0: 3 0x8000d0c8 (0x00000013)
core   0: 0x8000d0cc (0x017bb333) sltu    t1, s7, s7
core   0: 3 0x8000d0cc (0x017bb333) x 6 0x00000000
core   0: 0x8000d0d0 (0x86ea7593) andi    a1, s4, -1938
core   0: 3 0x8000d0d0 (0x86ea7593) x11 0x80029864
core   0: 0x8000d0d4 (0x010af533) and     a0, s5, a6
core   0: 3 0x8000d0d4 (0x010af533) x10 0x00000000
core   0: 0x8000d0d8 (0xa7cdb517) auipc   a0, 0xa7cdb
core   0: 3 0x8000d0d8 (0xa7cdb517) x10 0x27ce80d8
core   0: 0x8000d0dc (0x01d67c63) bgeu    a2, t4, pc + 24
core   0: 3 0x8000d0dc (0x01d67c63)
core   0: 0x8000d0f4 (0x02f69663) bne     a3, a5, pc + 44
core   0: 3 0x8000d0f4 (0x02f69663)
core   0: 0x8000d120 (0x01c20033) add     zero, tp, t3
core   0: 3 0x8000d120 (0x01c20033)
core   0: 0x8000d124 (0x0237d263) bge     a5, gp, pc + 36
core   0: 3 0x8000d124 (0x0237d263)
core   0: 0x8000d148 (0x02ecee33) rem     t3, s9, a4
core   0: 3 0x8000d148 (0x02ecee33) x28 0x00220000
core   0: 0x8000d14c (0x00000013) nop
core   0: 3 0x8000d14c (0x00000013)
core   0: 0x8000d150 (0x0878a413) slti    s0, a7, 135
core   0: 3 0x8000d150 (0x0878a413) x 8 0x00000001
core   0: 0x8000d154 (0x03cbbf33) mulhu   t5, s7, t3
core   0: 3 0x8000d154 (0x03cbbf33) x30 0x001813b4
core   0: 0x8000d158 (0xc5072793) slti    a5, a4, -944
core   0: 3 0x8000d158 (0xc5072793) x15 0x00000000
core   0: 0x8000d15c (0x45a3dc97) auipc   s9, 0x45a3d
core   0: 3 0x8000d15c (0x45a3dc97) x25 0xc5a4a15c
core   0: 0x8000d160 (0x013e5733) srl     a4, t3, s3
core   0: 3 0x8000d160 (0x013e5733) x14 0x00220000
core   0: 0x8000d164 (0x00000013) nop
core   0: 3 0x8000d164 (0x00000013)
core   0: 0x8000d168 (0x414f5693) srai    a3, t5, 20
core   0: 3 0x8000d168 (0x414f5693) x13 0x00000001
core   0: 0x8000d16c (0x027ee263) bltu    t4, t2, pc + 36
core   0: 3 0x8000d16c (0x027ee263)
core   0: 0x8000d170 (0x0286ac33) mulhsu  s8, a3, s0
core   0: 3 0x8000d170 (0x0286ac33) x24 0x00000000
core   0: 0x8000d174 (0x0144d413) srli    s0, s1, 20
core   0: 3 0x8000d174 (0x0144d413) x 8 0x00000000
core   0: 0x8000d178 (0x00386c63) bltu    a6, gp, pc + 24
core   0: 3 0x8000d178 (0x00386c63)
core   0: 0x8000d190 (0x01097ab3) and     s5, s2, a6
core   0: 3 0x8000d190 (0x01097ab3) x21 0x65041f03
core   0: 0x8000d194 (0xed44b3b7) lui     t2, 0xed44b
core   0: 3 0x8000d194 (0xed44b3b7) x 7 0xed44b000
core   0: 0x8000d198 (0x975d3813) sltiu   a6, s10, -1675
core   0: 3 0x8000d198 (0x975d3813) x16 0x00000000
core   0: 0x8000d19c (0x01971d13) slli    s10, a4, 25
core   0: 3 0x8000d19c (0x01971d13) x26 0x00000000
core   0: 0x8000d1a0 (0x05d19263) bne     gp, t4, pc + 68
core   0: 3 0x8000d1a0 (0x05d19263)
core   0: 0x8000d1e4 (0x3004ec93) ori     s9, s1, 768
core   0: 3 0x8000d1e4 (0x3004ec93) x25 0x00000300
core   0: 0x8000d1e8 (0xdc1da493) slti    s1, s11, -575
core   0: 3 0x8000d1e8 (0xdc1da493) x 9 0x00000000
core   0: 0x8000d1ec (0x4176a937) lui     s2, 0x4176a
core   0: 3 0x8000d1ec (0x4176a937) x18 0x4176a000
core   0: 0x8000d1f0 (0xb7a7b793) sltiu   a5, a5, -1158
core   0: 3 0x8000d1f0 (0xb7a7b793) x15 0x00000001
core   0: 0x8000d1f4 (0x03c096b3) mulh    a3, ra, t3
core   0: 3 0x8000d1f4 (0x03c096b3) x13 0x00000000
core   0: 0x8000d1f8 (0x0e697b13) andi    s6, s2, 230
core   0: 3 0x8000d1f8 (0x0e697b13) x22 0x00000000
core   0: 0x8000d1fc (0x004f56b3) srl     a3, t5, tp
core   0: 3 0x8000d1fc (0x004f56b3) x13 0x000c09da
core   0: 0x8000d200 (0x49d1a7b7) lui     a5, 0x49d1a
core   0: 3 0x8000d200 (0x49d1a7b7) x15 0x49d1a000
core   0: 0x8000d204 (0xe1f0ef13) ori     t5, ra, -481
core   0: 3 0x8000d204 (0xe1f0ef13) x30 0xfffffe1f
core   0: 0x8000d208 (0x0106d333) srl     t1, a3, a6
core   0: 3 0x8000d208 (0x0106d333) x 6 0x000c09da
core   0: 0x8000d20c (0x00000013) nop
core   0: 3 0x8000d20c (0x00000013)
core   0: 0x8000d210 (0x5aa36a93) ori     s5, t1, 1450
core   0: 3 0x8000d210 (0x5aa36a93) x21 0x000c0dfa
core   0: 0x8000d214 (0x02ad5c63) bge     s10, a0, pc + 56
core   0: 3 0x8000d214 (0x02ad5c63)
core   0: 0x8000d218 (0x40380b33) sub     s6, a6, gp
core   0: 3 0x8000d218 (0x40380b33) x22 0x000002f0
core   0: 0x8000d21c (0xf4f5a917) auipc   s2, 0xf4f5a
core   0: 3 0x8000d21c (0xf4f5a917) x18 0x74f6721c
core   0: 0x8000d220 (0x0042bc33) sltu    s8, t0, tp
core   0: 3 0x8000d220 (0x0042bc33) x24 0x00000000
core   0: 0x8000d224 (0x0335e663) bltu    a1, s3, pc + 44
core   0: 3 0x8000d224 (0x0335e663)
core   0: 0x8000d228 (0x008b7433) and     s0, s6, s0
core   0: 3 0x8000d228 (0x008b7433) x 8 0x00000000
core   0: 0x8000d22c (0x02cad333) divu    t1, s5, a2
core   0: 3 0x8000d22c (0x02cad333) x 6 0x00000000
core   0: 0x8000d230 (0x02792533) mulhsu  a0, s2, t2
core   0: 3 0x8000d230 (0x02792533) x10 0x6c678983
core   0: 0x8000d234 (0x0347c9b3) div     s3, a5, s4
core   0: 3 0x8000d234 (0x0347c9b3) x19 0x00000000
core   0: 0x8000d238 (0x015221b3) slt     gp, tp, s5
core   0: 3 0x8000d238 (0x015221b3) x 3 0x00000001
core   0: 0x8000d23c (0x40f35933) sra     s2, t1, a5
core   0: 3 0x8000d23c (0x40f35933) x18 0x00000000
core   0: 0x8000d240 (0x013ba8b3) slt     a7, s7, s3
core   0: 3 0x8000d240 (0x013ba8b3) x17 0x00000001
core   0: 0x8000d244 (0x01aba5b3) slt     a1, s7, s10
core   0: 3 0x8000d244 (0x01aba5b3) x11 0x00000001
core   0: 0x8000d248 (0x0377d933) divu    s2, a5, s7
core   0: 3 0x8000d248 (0x0377d933) x18 0x00000000
core   0: 0x8000d24c (0x0015e533) or      a0, a1, ra
core   0: 3 0x8000d24c (0x0015e533) x10 0x00000001
core   0: 0x8000d250 (0xd069a993) slti    s3, s3, -762
core   0: 3 0x8000d250 (0xd069a993) x19 0x00000000
core   0: 0x8000d254 (0x00915b13) srli    s6, sp, 9
core   0: 3 0x8000d254 (0x00915b13) x22 0x0040012e
core   0: 0x8000d258 (0x02e05263) bge     zero, a4, pc + 36
core   0: 3 0x8000d258 (0x02e05263)
core   0: 0x8000d25c (0x41be54b3) sra     s1, t3, s11
core   0: 3 0x8000d25c (0x41be54b3) x 9 0x00110000
core   0: 0x8000d260 (0x01288d33) add     s10, a7, s2
core   0: 3 0x8000d260 (0x01288d33) x26 0x00000001
core   0: 0x8000d264 (0xf1181c17) auipc   s8, 0xf1181
core   0: 3 0x8000d264 (0xf1181c17) x24 0x7118e264
core   0: 0x8000d268 (0x02496b33) rem     s6, s2, tp
core   0: 3 0x8000d268 (0x02496b33) x22 0x00000000
core   0: 0x8000d26c (0x02a1dc33) divu    s8, gp, a0
core   0: 3 0x8000d26c (0x02a1dc33) x24 0x00000001
core   0: 0x8000d270 (0x00590e63) beq     s2, t0, pc + 28
core   0: 3 0x8000d270 (0x00590e63)
core   0: 0x8000d274 (0x6387f817) auipc   a6, 0x6387f
core   0: 3 0x8000d274 (0x6387f817) x16 0xe388c274
core   0: 0x8000d278 (0x02fd07b3) mul     a5, s10, a5
core   0: 3 0x8000d278 (0x02fd07b3) x15 0x49d1a000
core   0: 0x8000d27c (0x2d6e2713) slti    a4, t3, 726
core   0: 3 0x8000d27c (0x2d6e2713) x14 0x00000000
core   0: 0x8000d280 (0x00904f33) xor     t5, zero, s1
core   0: 3 0x8000d280 (0x00904f33) x30 0x00110000
core   0: 0x8000d284 (0x597f6413) ori     s0, t5, 1431
core   0: 3 0x8000d284 (0x597f6413) x 8 0x00110597
core   0: 0x8000d288 (0x03757db3) remu    s11, a0, s7
core   0: 3 0x8000d288 (0x03757db3) x27 0x00000001
core   0: 0x8000d28c (0x417bd1b3) sra     gp, s7, s7
core   0: 3 0x8000d28c (0x417bd1b3) x 3 0xffffffed
core   0: 0x8000d290 (0x037b2733) mulhsu  a4, s6, s7
core   0: 3 0x8000d290 (0x037b2733) x14 0x00000000
core   0: 0x8000d294 (0x03f90263) beq     s2, t6, pc + 36
core   0: 3 0x8000d294 (0x03f90263)
core   0: 0x8000d298 (0x026a38b3) mulhu   a7, s4, t1
core   0: 3 0x8000d298 (0x026a38b3) x17 0x00000000
core   0: 0x8000d29c (0x0056b2b3) sltu    t0, a3, t0
core   0: 3 0x8000d29c (0x0056b2b3) x 5 0x00000001
core   0: 0x8000d2a0 (0x03710463) beq     sp, s7, pc + 40
core   0: 3 0x8000d2a0 (0x03710463)
core   0: 0x8000d2a4 (0xa130e193) ori     gp, ra, -1517
core   0: 3 0x8000d2a4 (0xa130e193) x 3 0xfffffa13
core   0: 0x8000d2a8 (0x00e9f833) and     a6, s3, a4
core   0: 3 0x8000d2a8 (0x00e9f833) x16 0x00000000
core   0: 0x8000d2ac (0x01129d33) sll     s10, t0, a7
core   0: 3 0x8000d2ac (0x01129d33) x26 0x00000001
core   0: 0x8000d2b0 (0x411d52b3) sra     t0, s10, a7
core   0: 3 0x8000d2b0 (0x411d52b3) x 5 0x00000001
core   0: 0x8000d2b4 (0x032acc63) blt     s5, s2, pc + 56
core   0: 3 0x8000d2b4 (0x032acc63)
core   0: 0x8000d2b8 (0x00a699b3) sll     s3, a3, a0
core   0: 3 0x8000d2b8 (0x00a699b3) x19 0x001813b4
core   0: 0x8000d2bc (0xd60f2f93) slti    t6, t5, -672
core   0: 3 0x8000d2bc (0xd60f2f93) x31 0x00000000
core   0: 0x8000d2c0 (0x03a780b3) mul     ra, a5, s10
core   0: 3 0x8000d2c0 (0x03a780b3) x 1 0x49d1a000
core   0: 0x8000d2c4 (0x01ba85b3) add     a1, s5, s11
core   0: 3 0x8000d2c4 (0x01ba85b3) x11 0x000c0dfb
core   0: 0x8000d2c8 (0x94b23393) sltiu   t2, tp, -1717
core   0: 3 0x8000d2c8 (0x94b23393) x 7 0x00000001
core   0: 0x8000d2cc (0x02629033) mulh    zero, t0, t1
core   0: 3 0x8000d2cc (0x02629033)
core   0: 0x8000d2d0 (0x021edc33) divu    s8, t4, ra
core   0: 3 0x8000d2d0 (0x021edc33) x24 0x00000001
core   0: 0x8000d2d4 (0x022263b3) rem     t2, tp, sp
core   0: 3 0x8000d2d4 (0x022263b3) x 7 0x00000001
core   0: 0x8000d2d8 (0x01ca74b3) and     s1, s4, t3
core   0: 3 0x8000d2d8 (0x01ca74b3) x 9 0x00020000
core   0: 0x8000d2dc (0x00a230b3) sltu    ra, tp, a0
core   0: 3 0x8000d2dc (0x00a230b3) x 1 0x00000000
core   0: 0x8000d2e0 (0x82e78393) addi    t2, a5, -2002
core   0: 3 0x8000d2e0 (0x82e78393) x 7 0x49d1982e
core   0: 0x8000d2e4 (0xa4b06937) lui     s2, 0xa4b06
core   0: 3 0x8000d2e4 (0xa4b06937) x18 0xa4b06000
core   0: 0x8000d2e8 (0x02535033) divu    zero, t1, t0
core   0: 3 0x8000d2e8 (0x02535033)
core   0: 0x8000d2ec (0x40cf5eb3) sra     t4, t5, a2
core   0: 3 0x8000d2ec (0x40cf5eb3) x29 0x00000000
core   0: 0x8000d2f0 (0x0196f4b3) and     s1, a3, s9
core   0: 3 0x8000d2f0 (0x0196f4b3) x 9 0x00000100
core   0: 0x8000d2f4 (0xd7a34193) xori    gp, t1, -646
core   0: 3 0x8000d2f4 (0xd7a34193) x 3 0xfffffd7a
core   0: 0x8000d2f8 (0xee907693) andi    a3, zero, -279
core   0: 3 0x8000d2f8 (0xee907693) x13 0x00000000
core   0: 0x8000d2fc (0x035a98b3) mulh    a7, s5, s5
core   0: 3 0x8000d2fc (0x035a98b3) x17 0x00000091
core   0: 0x8000d300 (0x03f2bfb3) mulhu   t6, t0, t6
core   0: 3 0x8000d300 (0x03f2bfb3) x31 0x00000000
core   0: 0x8000d304 (0x03fba8b3) mulhsu  a7, s7, t6
core   0: 3 0x8000d304 (0x03fba8b3) x17 0x00000000
core   0: 0x8000d308 (0x032623b3) mulhsu  t2, a2, s2
core   0: 3 0x8000d308 (0x032623b3) x 7 0xffea1dd1
core   0: 0x8000d30c (0x00000013) nop
core   0: 3 0x8000d30c (0x00000013)
core   0: 0x8000d310 (0x01f1e8b3) or      a7, gp, t6
core   0: 3 0x8000d310 (0x01f1e8b3) x17 0xfffffd7a
core   0: 0x8000d314 (0x00000013) nop
core   0: 3 0x8000d314 (0x00000013)
core   0: 0x8000d318 (0x01345613) srli    a2, s0, 19
core   0: 3 0x8000d318 (0x01345613) x12 0x00000002
core   0: 0x8000d31c (0x05396663) bltu    s2, s3, pc + 76
core   0: 3 0x8000d31c (0x05396663)
core   0: 0x8000d320 (0x405fd393) srai    t2, t6, 5
core   0: 3 0x8000d320 (0x405fd393) x 7 0x00000000
core   0: 0x8000d324 (0x00000013) nop
core   0: 3 0x8000d324 (0x00000013)
core   0: 0x8000d328 (0x00b600b3) add     ra, a2, a1
core   0: 3 0x8000d328 (0x00b600b3) x 1 0x000c0dfd
core   0: 0x8000d32c (0x009ec263) blt     t4, s1, pc + 4
core   0: 3 0x8000d32c (0x009ec263)
core   0: 0x8000d330 (0x03d77333) remu    t1, a4, t4
core   0: 3 0x8000d330 (0x03d77333) x 6 0x00000000
core   0: 0x8000d334 (0x03b7cd33) div     s10, a5, s11
core   0: 3 0x8000d334 (0x03b7cd33) x26 0x49d1a000
core   0: 0x8000d338 (0xeadee693) ori     a3, t4, -339
core   0: 3 0x8000d338 (0xeadee693) x13 0xfffffead
core   0: 0x8000d33c (0x03812933) mulhsu  s2, sp, s8
core   0: 3 0x8000d33c (0x03812933) x18 0xffffffff
core   0: 0x8000d340 (0x03fca3b3) mulhsu  t2, s9, t6
core   0: 3 0x8000d340 (0x03fca3b3) x 7 0x00000000
core   0: 0x8000d344 (0x01e8e863) bltu    a7, t5, pc + 16
core   0: 3 0x8000d344 (0x01e8e863)
core   0: 0x8000d348 (0x96b33837) lui     a6, 0x96b33
core   0: 3 0x8000d348 (0x96b33837) x16 0x96b33000
core   0: 0x8000d34c (0x03c4bf33) mulhu   t5, s1, t3
core   0: 3 0x8000d34c (0x03c4bf33) x30 0x00000000
core   0: 0x8000d350 (0x400a53b3) sra     t2, s4, zero
core   0: 3 0x8000d350 (0x400a53b3) x 7 0x80029ce4
core   0: 0x8000d354 (0x035b46b3) div     a3, s6, s5
core   0: 3 0x8000d354 (0x035b46b3) x13 0x00000000
core   0: 0x8000d358 (0x02aec1b3) div     gp, t4, a0
core   0: 3 0x8000d358 (0x02aec1b3) x 3 0x00000000
core   0: 0x8000d35c (0x00d80933) add     s2, a6, a3
core   0: 3 0x8000d35c (0x00d80933) x18 0x96b33000
core   0: 0x8000d360 (0x008e8eb3) add     t4, t4, s0
core   0: 3 0x8000d360 (0x008e8eb3) x29 0x00110597
core   0: 0x8000d364 (0x00ed9393) slli    t2, s11, 14
core   0: 3 0x8000d364 (0x00ed9393) x 7 0x00004000
core   0: 0x8000d368 (0x00000013) nop
core   0: 3 0x8000d368 (0x00000013)
core   0: 0x8000d36c (0x41c6d2b3) sra     t0, a3, t3
core   0: 3 0x8000d36c (0x41c6d2b3) x 5 0x00000000
core   0: 0x8000d370 (0x00184c33) xor     s8, a6, ra
core   0: 3 0x8000d370 (0x00184c33) x24 0x96bf3dfd
core   0: 0x8000d374 (0x0275ccb3) div     s9, a1, t2
core   0: 3 0x8000d374 (0x0275ccb3) x25 0x00000030
core   0: 0x8000d378 (0x0b184663) blt     a6, a7, pc + 172
core   0: 3 0x8000d378 (0x0b184663)
core   0: 0x8000d424 (0x002d9d13) slli    s10, s11, 2
core   0: 3 0x8000d424 (0x002d9d13) x26 0x00000004
core   0: 0x8000d428 (0x029dd933) divu    s2, s11, s1
core   0: 3 0x8000d428 (0x029dd933) x18 0x00000000
core   0: 0x8000d42c (0x41895613) srai    a2, s2, 24
core   0: 3 0x8000d42c (0x41895613) x12 0x00000000
core   0: 0x8000d430 (0x01fe5a93) srli    s5, t3, 31
core   0: 3 0x8000d430 (0x01fe5a93) x21 0x00000000
core   0: 0x8000d434 (0x003fd1b3) srl     gp, t6, gp
core   0: 3 0x8000d434 (0x003fd1b3) x 3 0x00000000
core   0: 0x8000d438 (0x033ade63) bge     s5, s3, pc + 60
core   0: 3 0x8000d438 (0x033ade63)
core   0: 0x8000d43c (0x4088df33) sra     t5, a7, s0
core   0: 3 0x8000d43c (0x4088df33) x30 0xffffffff
core   0: 0x8000d440 (0x03ad1663) bne     s10, s10, pc + 44
core   0: 3 0x8000d440 (0x03ad1663)
core   0: 0x8000d444 (0x2b0a8013) addi    zero, s5, 688
core   0: 3 0x8000d444 (0x2b0a8013)
core   0: 0x8000d448 (0x00000013) nop
core   0: 3 0x8000d448 (0x00000013)
core   0: 0x8000d44c (0x00748733) add     a4, s1, t2
core   0: 3 0x8000d44c (0x00748733) x14 0x00004100
core   0: 0x8000d450 (0x0368d6b3) divu    a3, a7, s6
core   0: 3 0x8000d450 (0x0368d6b3) x13 0xffffffff
core   0: 0x8000d454 (0x01054263) blt     a0, a6, pc + 4
core   0: 3 0x8000d454 (0x01054263)
core   0: 0x8000d458 (0xd0b6d717) auipc   a4, 0xd0b6d
core   0: 3 0x8000d458 (0xd0b6d717) x14 0x50b7a458
core   0: 0x8000d45c (0xa560b193) sltiu   gp, ra, -1450
core   0: 3 0x8000d45c (0xa560b193) x 3 0x00000001
core   0: 0x8000d460 (0x81486437) lui     s0, 0x81486
core   0: 3 0x8000d460 (0x81486437) x 8 0x81486000
core   0: 0x8000d464 (0x0205fc63) bgeu    a1, zero, pc + 56
core   0: 3 0x8000d464 (0x0205fc63)
core   0: 0x8000d49c (0x0122c0b3) xor     ra, t0, s2
core   0: 3 0x8000d49c (0x0122c0b3) x 1 0x00000000
core   0: 0x8000d4a0 (0x034e2633) mulhsu  a2, t3, s4
core   0: 3 0x8000d4a0 (0x034e2633) x12 0x00110058
core   0: 0x8000d4a4 (0x02cbc233) div     tp, s7, a2
core   0: 3 0x8000d4a4 (0x02cbc233) x 4 0xfffffb9b
core   0: 0x8000d4a8 (0x00000013) nop
core   0: 3 0x8000d4a8 (0x00000013)
core   0: 0x8000d4ac (0x00000013) nop
core   0: 3 0x8000d4ac (0x00000013)
core   0: 0x8000d4b0 (0x02e6ee33) rem     t3, a3, a4
core   0: 3 0x8000d4b0 (0x02e6ee33) x28 0xffffffff
core   0: 0x8000d4b4 (0x0286dfb3) divu    t6, a3, s0
core   0: 3 0x8000d4b4 (0x0286dfb3) x31 0x00000001
core   0: 0x8000d4b8 (0x5a13e093) ori     ra, t2, 1441
core   0: 3 0x8000d4b8 (0x5a13e093) x 1 0x000045a1
core   0: 0x8000d4bc (0x63877db7) lui     s11, 0x63877
core   0: 3 0x8000d4bc (0x63877db7) x27 0x63877000
core   0: 0x8000d4c0 (0x00756c63) bltu    a0, t2, pc + 24
core   0: 3 0x8000d4c0 (0x00756c63)
core   0: 0x8000d4d8 (0x00dc5013) srli    zero, s8, 13
core   0: 3 0x8000d4d8 (0x00dc5013)
core   0: 0x8000d4dc (0x028e27b3) mulhsu  a5, t3, s0
core   0: 3 0x8000d4dc (0x028e27b3) x15 0xffffffff
core   0: 0x8000d4e0 (0x019bd833) srl     a6, s7, s9
core   0: 3 0x8000d4e0 (0x019bd833) x16 0x0000b549
core   0: 0x8000d4e4 (0x00000013) nop
core   0: 3 0x8000d4e4 (0x00000013)
core   0: 0x8000d4e8 (0x0246fc63) bgeu    a3, tp, pc + 56
core   0: 3 0x8000d4e8 (0x0246fc63)
core   0: 0x8000d520 (0x6e47d997) auipc   s3, 0x6e47d
core   0: 3 0x8000d520 (0x6e47d997) x19 0xee48a520
core   0: 0x8000d524 (0xf35ec517) auipc   a0, 0xf35ec
core   0: 3 0x8000d524 (0xf35ec517) x10 0x735f9524
core   0: 0x8000d528 (0x039a38b3) mulhu   a7, s4, s9
core   0: 3 0x8000d528 (0x039a38b3) x17 0x00000018
core   0: 0x8000d52c (0x404f0733) sub     a4, t5, tp
core   0: 3 0x8000d52c (0x404f0733) x14 0x00000464
core   0: 0x8000d530 (0x0150e033) or      zero, ra, s5
core   0: 3 0x8000d530 (0x0150e033)
core   0: 0x8000d534 (0x01180733) add     a4, a6, a7
core   0: 3 0x8000d534 (0x01180733) x14 0x0000b561
core   0: 0x8000d538 (0x0060d193) srli    gp, ra, 6
core   0: 3 0x8000d538 (0x0060d193) x 3 0x00000116
core   0: 0x8000d53c (0xdc346793) ori     a5, s0, -573
core   0: 3 0x8000d53c (0xdc346793) x15 0xfffffdc3
core   0: 0x8000d540 (0x01cea3b3) slt     t2, t4, t3
core   0: 3 0x8000d540 (0x01cea3b3) x 7 0x00000000
core   0: 0x8000d544 (0x00412083) lw      ra, 4(sp)
core   0: 3 0x8000d544 (0x00412083) x 1 0x800089fc mem 0x80025dd0
core   0: 0x8000d548 (0x00810113) addi    sp, sp, 8
core   0: 3 0x8000d548 (0x00810113) x 2 0x80025dd4
core   0: 0x8000d54c (0x75dc8393) addi    t2, s9, 1885
core   0: 3 0x8000d54c (0x75dc8393) x 7 0x0000078d
core   0: 0x8000d550 (0x401fd533) sra     a0, t6, ra
core   0: 3 0x8000d550 (0x401fd533) x10 0x00000000
core   0: 0x8000d554 (0x03d1a4b3) mulhsu  s1, gp, t4
core   0: 3 0x8000d554 (0x03d1a4b3) x 9 0x00000000
core   0: 0x8000d558 (0x020f6fb3) rem     t6, t5, zero
core   0: 3 0x8000d558 (0x020f6fb3) x31 0xffffffff
core   0: 0x8000d55c (0x00008b13) mv      s6, ra
core   0: 3 0x8000d55c (0x00008b13) x22 0x800089fc
core   0: 0x8000d560 (0x000b0b67) jalr    s6, s6, 0
core   0: 3 0x8000d560 (0x000b0b67) x22 0x8000d564
core   0: 0x800089fc (0x0078f9b3) and     s3, a7, t2
core   0: 3 0x800089fc (0x0078f9b3) x19 0x00000008
core   0: 0x80008a00 (0x00000b17) auipc   s6, 0x0
core   0: 3 0x80008a00 (0x00000b17) x22 0x80008a00
core   0: 0x80008a04 (0xe8cb0b13) addi    s6, s6, -372
core   0: 3 0x80008a04 (0xe8cb0b13) x22 0x8000888c
core   0: 0x80008a08 (0x01103e33) snez    t3, a7
core   0: 3 0x80008a08 (0x01103e33) x28 0x00000001
core   0: 0x80008a0c (0x3ceb0b13) addi    s6, s6, 974
core   0: 3 0x80008a0c (0x3ceb0b13) x22 0x80008c5a
core   0: 0x80008a10 (0x01c77863) bgeu    a4, t3, pc + 16
core   0: 3 0x80008a10 (0x01c77863)
core   0: 0x80008a20 (0xc32b00e7) jalr    ra, s6, -974
core   0: 3 0x80008a20 (0xc32b00e7) x 1 0x80008a24
core   0: 0x8000888c (0x00ae1263) bne     t3, a0, pc + 4
core   0: 3 0x8000888c (0x00ae1263)
core   0: 0x80008890 (0xfc010113) addi    sp, sp, -64
core   0: 3 0x80008890 (0xfc010113) x 2 0x80025d94
core   0: 0x80008894 (0x417c5d13) srai    s10, s8, 23
core   0: 3 0x80008894 (0x417c5d13) x26 0xffffff2d
core   0: 0x80008898 (0x00112223) sw      ra, 4(sp)
core   0: 3 0x80008898 (0x00112223) mem 0x80025d98 0x80008a24
core   0: 0x8000889c (0x002b5333) srl     t1, s6, sp
core   0: 3 0x8000889c (0x002b5333) x 6 0x00000800
core   0: 0x800088a0 (0x89119437) lui     s0, 0x89119
core   0: 3 0x800088a0 (0x89119437) x 8 0x89119000
core   0: 0x800088a4 (0x00e39193) slli    gp, t2, 14
core   0: 3 0x800088a4 (0x00e39193) x 3 0x01e34000
core   0: 0x800088a8 (0x02cb8db3) mul     s11, s7, a2
core   0: 3 0x800088a8 (0x02cb8db3) x27 0xad3909f0
core   0: 0x800088ac (0x0165fc63) bgeu    a1, s6, pc + 24
core   0: 3 0x800088ac (0x0165fc63)
core   0: 0x800088b0 (0x36dec493) xori    s1, t4, 877
core   0: 3 0x800088b0 (0x36dec493) x 9 0x001106fa
core   0: 0x800088b4 (0x410955b3) sra     a1, s2, a6
core   0: 3 0x800088b4 (0x410955b3) x11 0x00000000
core   0: 0x800088b8 (0x01a4f333) and     t1, s1, s10
core   0: 3 0x800088b8 (0x01a4f333) x 6 0x00110628
core   0: 0x800088bc (0x05f16463) bltu    sp, t6, pc + 72
core   0: 3 0x800088bc (0x05f16463)
core   0: 0x80008904 (0x2f32c537) lui     a0, 0x2f32c
core   0: 3 0x80008904 (0x2f32c537) x10 0x2f32c000
core   0: 0x80008908 (0x0355be33) mulhu   t3, a1, s5
core   0: 3 0x80008908 (0x0355be33) x28 0x00000000
core   0: 0x8000890c (0xc40ea293) slti    t0, t4, -960
core   0: 3 0x8000890c (0xc40ea293) x 5 0x00000000
core   0: 0x80008910 (0x021970b3) remu    ra, s2, ra
core   0: 3 0x80008910 (0x021970b3) x 1 0x00000000
core   0: 0x80008914 (0xfff97893) andi    a7, s2, -1
core   0: 3 0x80008914 (0xfff97893) x17 0x00000000
core   0: 0x80008918 (0x01a7b8b3) sltu    a7, a5, s10
core   0: 3 0x80008918 (0x01a7b8b3) x17 0x00000001
core   0: 0x8000891c (0x0262e733) rem     a4, t0, t1
core   0: 3 0x8000891c (0x0262e733) x14 0x00000000
core   0: 0x80008920 (0x001a2633) slt     a2, s4, ra
core   0: 3 0x80008920 (0x001a2633) x12 0x00000001
core   0: 0x80008924 (0x42766293) ori     t0, a2, 1063
core   0: 3 0x80008924 (0x42766293) x 5 0x00000427
core   0: 0x80008928 (0x02330463) beq     t1, gp, pc + 40
core   0: 3 0x80008928 (0x02330463)
core   0: 0x8000892c (0x01f28e63) beq     t0, t6, pc + 28
core   0: 3 0x8000892c (0x01f28e63)
core   0: 0x80008930 (0x02116833) rem     a6, sp, ra
core   0: 3 0x80008930 (0x02116833) x16 0x80025d94
core   0: 0x80008934 (0x01e47033) and     zero, s0, t5
core   0: 3 0x80008934 (0x01e47033)
core   0: 0x80008938 (0x01688ab3) add     s5, a7, s6
core   0: 3 0x80008938 (0x01688ab3) x21 0x80008c5b
core   0: 0x8000893c (0x36127293) andi    t0, tp, 865
core   0: 3 0x8000893c (0x36127293) x 5 0x00000301
core   0: 0x80008940 (0x357a3d13) sltiu   s10, s4, 855
core   0: 3 0x80008940 (0x357a3d13) x26 0x00000000
core   0: 0x80008944 (0x01d515b3) sll     a1, a0, t4
core   0: 3 0x80008944 (0x01d515b3) x11 0x00000000
core   0: 0x80008948 (0x71e1b313) sltiu   t1, gp, 1822
core   0: 3 0x80008948 (0x71e1b313) x 6 0x00000000
core   0: 0x8000894c (0x131de893) ori     a7, s11, 305
core   0: 3 0x8000894c (0x131de893) x17 0xad3909f1
core   0: 0x80008950 (0x81e06d97) auipc   s11, 0x81e06
core   0: 3 0x80008950 (0x81e06d97) x27 0x01e0e950
core   0: 0x80008954 (0xb7e0ad37) lui     s10, 0xb7e0a
core   0: 3 0x80008954 (0xb7e0ad37) x26 0xb7e0a000
core   0: 0x80008958 (0xe05b2193) slti    gp, s6, -507
core   0: 3 0x80008958 (0xe05b2193) x 3 0x00000001
core   0: 0x8000895c (0x02b52f33) mulhsu  t5, a0, a1
core   0: 3 0x8000895c (0x02b52f33) x30 0x00000000
core   0: 0x80008960 (0xa34262b7) lui     t0, 0xa3426
core   0: 3 0x80008960 (0xa34262b7) x 5 0xa3426000
core   0: 0x80008964 (0x01647463) bgeu    s0, s6, pc + 8
core   0: 3 0x80008964 (0x01647463)
core   0: 0x8000896c (0x0fe2f513) andi    a0, t0, 254
core   0: 3 0x8000896c (0x0fe2f513) x10 0x00000000
core   0: 0x80008970 (0x01e15463) bge     sp, t5, pc + 8
core   0: 3 0x80008970 (0x01e15463)
core   0: 0x80008974 (0x00fea833) slt     a6, t4, a5
core   0: 3 0x80008974 (0x00fea833) x16 0x00000000
core   0: 0x80008978 (0x00fc8663) beq     s9, a5, pc + 12
core   0: 3 0x80008978 (0x00fc8663)
core   0: 0x8000897c (0x1d90f513) andi    a0, ra, 473
core   0: 3 0x8000897c (0x1d90f513) x10 0x00000000
core   0: 0x80008980 (0x98277913) andi    s2, a4, -1662
core   0: 3 0x80008980 (0x98277913) x18 0x00000000
core   0: 0x80008984 (0xb41a0193) addi    gp, s4, -1215
core   0: 3 0x80008984 (0xb41a0193) x 3 0x80029825
core   0: 0x80008988 (0x01f56fb3) or      t6, a0, t6
core   0: 3 0x80008988 (0x01f56fb3) x31 0xffffffff
core   0: 0x8000898c (0x5a723917) auipc   s2, 0x5a723
core   0: 3 0x8000898c (0x5a723917) x18 0xda72b98c
core   0: 0x80008990 (0x00412083) lw      ra, 4(sp)
core   0: 3 0x80008990 (0x00412083) x 1 0x80008a24 mem 0x80025d98
core   0: 0x80008994 (0x04010113) addi    sp, sp, 64
core   0: 3 0x80008994 (0x04010113) x 2 0x80025dd4
core   0: 0x80008998 (0x03c9de33) divu    t3, s3, t3
core   0: 3 0x80008998 (0x03c9de33) x28 0xffffffff
core   0: 0x8000899c (0x00108593) addi    a1, ra, 1
core   0: 3 0x8000899c (0x00108593) x11 0x80008a25
core   0: 0x800089a0 (0x000585e7) jalr    a1, a1, 0
core   0: 3 0x800089a0 (0x000585e7) x11 0x800089a4
core   0: 0x80008a24 (0x0000e917) auipc   s2, 0xe
core   0: 3 0x80008a24 (0x0000e917) x18 0x80016a24
core   0: 0x80008a28 (0xc4f90913) addi    s2, s2, -945
core   0: 3 0x80008a28 (0xc4f90913) x18 0x80016673
core   0: 0x80008a2c (0x00294183) lbu     gp, 2(s2)
core   0: 3 0x80008a2c (0x00294183) x 3 0x000000d9 mem 0x80016675
core   0: 0x80008a30 (0xdb52a517) auipc   a0, 0xdb52a
core   0: 3 0x80008a30 (0xdb52a517) x10 0x5b532a30
core   0: 0x80008a34 (0xbbb92213) slti    tp, s2, -1093
core   0: 3 0x80008a34 (0xbbb92213) x 4 0x00000001
core   0: 0x80008a38 (0x1646e613) ori     a2, a3, 356
core   0: 3 0x80008a38 (0x1646e613) x12 0xffffffff
core   0: 0x80008a3c (0x02b5b5b3) mulhu   a1, a1, a1
core   0: 3 0x80008a3c (0x02b5b5b3) x11 0x400089a4
core   0: 0x80008a40 (0xfe5919a3) sh      t0, -13(s2)
core   0: 3 0x80008a40 (0xfe5919a3) mem 0x80016666 0x6000
core   0: 0x80008a44 (0x01e917a3) sh      t5, 15(s2)
core   0: 3 0x80008a44 (0x01e917a3) mem 0x80016682 0x0000
core   0: 0x80008a48 (0xff294483) lbu     s1, -14(s2)
core   0: 3 0x80008a48 (0xff294483) x 9 0x000000ca mem 0x80016665
core   0: 0x80008a4c (0x0280c433) div     s0, ra, s0
core   0: 3 0x80008a4c (0x0280c433) x 8 0x00000001
core   0: 0x80008a50 (0x00f90623) sb      a5, 12(s2)
core   0: 3 0x80008a50 (0x00f90623) mem 0x8001667f 0xc3
core   0: 0x80008a54 (0xc5274613) xori    a2, a4, -942
core   0: 3 0x80008a54 (0xc5274613) x12 0xfffffc52
core   0: 0x80008a58 (0x00c910a3) sh      a2, 1(s2)
core   0: 3 0x80008a58 (0x00c910a3) mem 0x80016674 0xfc52
core   0: 0x80008a5c (0x00490d03) lb      s10, 4(s2)
core   0: 3 0x80008a5c (0x00490d03) x26 0x0000007f mem 0x80016677
core   0: 0x80008a60 (0x61336b13) ori     s6, t1, 1555
core   0: 3 0x80008a60 (0x61336b13) x22 0x00000613
core   0: 0x80008a64 (0xffa90803) lb      a6, -6(s2)
core   0: 3 0x80008a64 (0xffa90803) x16 0xffffff89 mem 0x8001666d
core   0: 0x80008a68 (0xe86dce93) xori    t4, s11, -378
core   0: 3 0x80008a68 (0xe86dce93) x29 0xfe1f17d6
core   0: 0x80008a6c (0x015d1a93) slli    s5, s10, 21
core   0: 3 0x80008a6c (0x015d1a93) x21 0x0fe00000
core   0: 0x80008a70 (0x036704b3) mul     s1, a4, s6
core   0: 3 0x80008a70 (0x036704b3) x 9 0x00000000
core   0: 0x80008a74 (0x9aaaa613) slti    a2, s5, -1622
core   0: 3 0x80008a74 (0x9aaaa613) x12 0x00000000
core   0: 0x80008a78 (0x01190223) sb      a7, 4(s2)
core   0: 3 0x80008a78 (0x01190223) mem 0x80016677 0xf1
core   0: 0x80008a7c (0xff690803) lb      a6, -10(s2)
core   0: 3 0x80008a7c (0xff690803) x16 0xffffffc6 mem 0x80016669
core   0: 0x80008a80 (0x00591503) lh      a0, 5(s2)
core   0: 3 0x80008a80 (0x00591503) x10 0x000061ae mem 0x80016678
core   0: 0x80008a84 (0xe1a20313) addi    t1, tp, -486
core   0: 3 0x80008a84 (0xe1a20313) x 6 0xfffffe1b
core   0: 0x80008a88 (0x00d90623) sb      a3, 12(s2)
core   0: 3 0x80008a88 (0x00d90623) mem 0x8001667f 0xff
core   0: 0x80008a8c (0xc4d76313) ori     t1, a4, -947
core   0: 3 0x80008a8c (0xc4d76313) x 6 0xfffffc4d
core   0: 0x80008a90 (0x01a90623) sb      s10, 12(s2)
core   0: 3 0x80008a90 (0x01a90623) mem 0x8001667f 0x7f
core   0: 0x80008a94 (0xff294c03) lbu     s8, -14(s2)
core   0: 3 0x80008a94 (0xff294c03) x24 0x000000ca mem 0x80016665
core   0: 0x80008a98 (0xebc38513) addi    a0, t2, -324
core   0: 3 0x80008a98 (0xebc38513) x10 0x00000649
core   0: 0x80008a9c (0x00e90883) lb      a7, 14(s2)
core   0: 3 0x80008a9c (0x00e90883) x17 0xffffffb5 mem 0x80016681
core   0: 0x80008aa0 (0x01b916a3) sh      s11, 13(s2)
core   0: 3 0x80008aa0 (0x01b916a3) mem 0x80016680 0xe950
core   0: 0x80008aa4 (0x02614463) blt     sp, t1, pc + 40
core   0: 3 0x80008aa4 (0x02614463)
core   0: 0x80008acc (0x0328e8b3) rem     a7, a7, s2
core   0: 3 0x80008acc (0x0328e8b3) x17 0xffffffb5
core   0: 0x80008ad0 (0x310d8c13) addi    s8, s11, 784
core   0: 3 0x80008ad0 (0x310d8c13) x24 0x01e0ec60
core   0: 0x80008ad4 (0x048c1663) bne     s8, s0, pc + 76
core   0: 3 0x80008ad4 (0x048c1663)
core   0: 0x80008b20 (0x284ef4b7) lui     s1, 0x284ef
core   0: 3 0x80008b20 (0x284ef4b7) x 9 0x284ef000
core   0: 0x80008b24 (0x017957b3) srl     a5, s2, s7
core   0: 3 0x80008b24 (0x017957b3) x15 0x00000020
core   0: 0x80008b28 (0x4d82be93) sltiu   t4, t0, 1240
core   0: 3 0x80008b28 (0x4d82be93) x29 0x00000000
core   0: 0x80008b2c (0x01bff9b3) and     s3, t6, s11
core   0: 3 0x80008b2c (0x01bff9b3) x19 0x01e0e950
core   0: 0x80008b30 (0x03c05db3) divu    s11, zero, t3
core   0: 3 0x80008b30 (0x03c05db3) x27 0x00000000
core   0: 0x80008b34 (0xc282ef93) ori     t6, t0, -984
core   0: 3 0x80008b34 (0xc282ef93) x31 0xfffffc28
core   0: 0x80008b38 (0x03bae263) bltu    s5, s11, pc + 36
core   0: 3 0x80008b38 (0x03bae263)
core   0: 0x80008b3c (0x4181d733) sra     a4, gp, s8
core   0: 3 0x80008b3c (0x4181d733) x14 0x000000d9
core   0: 0x80008b40 (0x01aa9633) sll     a2, s5, s10
core   0: 3 0x80008b40 (0x01aa9633) x12 0x00000000
core   0: 0x80008b44 (0x00dd01b3) add     gp, s10, a3
core   0: 3 0x80008b44 (0x00dd01b3) x 3 0x0000007e
core   0: 0x80008b48 (0x034cd1b3) divu    gp, s9, s4
core   0: 3 0x80008b48 (0x034cd1b3) x 3 0x00000000
core   0: 0x80008b4c (0x7b388e93) addi    t4, a7, 1971
core   0: 3 0x80008b4c (0x7b388e93) x29 0x00000768
core   0: 0x80008b50 (0x00486b33) or      s6, a6, tp
core   0: 3 0x80008b50 (0x00486b33) x22 0xffffffc7
core   0: 0x80008b54 (0xabc6b893) sltiu   a7, a3, -1348
core   0: 3 0x80008b54 (0xabc6b893) x17 0x00000000
core   0: 0x80008b58 (0x4111d693) srai    a3, gp, 17
core   0: 3 0x80008b58 (0x4111d693) x13 0x00000000
core   0: 0x80008b5c (0x0036f8b3) and     a7, a3, gp
core   0: 3 0x80008b5c (0x0036f8b3) x17 0x00000000
core   0: 0x80008b60 (0x02711933) mulh    s2, sp, t2
core   0: 3 0x80008b60 (0x02711933) x18 0xfffffc39
core   0: 0x80008b64 (0x00000013) nop
core   0: 3 0x80008b64 (0x00000013)
core   0: 0x80008b68 (0xa801f193) andi    gp, gp, -1408
core   0: 3 0x80008b68 (0xa801f193) x 3 0x00000000
core   0: 0x80008b6c (0xddac7d13) andi    s10, s8, -550
core   0: 3 0x80008b6c (0xddac7d13) x26 0x01e0ec40
core   0: 0x80008b70 (0x40fbde33) sra     t3, s7, a5
core   0: 3 0x80008b70 (0x40fbde33) x28 0xb549147a
core   0: 0x80008b74 (0x03496b33) rem     s6, s2, s4
core   0: 3 0x80008b74 (0x03496b33) x22 0xfffffc39
core   0: 0x80008b78 (0x03294733) div     a4, s2, s2
core   0: 3 0x80008b78 (0x03294733) x14 0x00000001
core   0: 0x80008b7c (0x03937833) remu    a6, t1, s9
core   0: 3 0x80008b7c (0x03937833) x16 0x0000001d
core   0: 0x80008b80 (0x03d4f833) remu    a6, s1, t4
core   0: 3 0x80008b80 (0x03d4f833) x16 0x00000190
core   0: 0x80008b84 (0x012d1c13) slli    s8, s10, 18
core   0: 3 0x80008b84 (0x012d1c13) x24 0xb1000000
core   0: 0x80008b88 (0xd5d26513) ori     a0, tp, -675
core   0: 3 0x80008b88 (0xd5d26513) x10 0xfffffd5d
core   0: 0x80008b8c (0x003c8333) add     t1, s9, gp
core   0: 3 0x80008b8c (0x003c8333) x 6 0x00000030
core   0: 0x80008b90 (0x4164d4b3) sra     s1, s1, s6
core   0: 3 0x80008b90 (0x4164d4b3) x 9 0x00000014
core   0: 0x80008b94 (0x023c4463) blt     s8, gp, pc + 40
core   0: 3 0x80008b94 (0x023c4463)
core   0: 0x80008bbc (0x0080c1b3) xor     gp, ra, s0
core   0: 3 0x80008bbc (0x0080c1b3) x 3 0x80008a25
core   0: 0x80008bc0 (0x02f61d33) mulh    s10, a2, a5
core   0: 3 0x80008bc0 (0x02f61d33) x26 0x00000000
core   0: 0x80008bc4 (0x02a20e33) mul     t3, tp, a0
core   0: 3 0x80008bc4 (0x02a20e33) x28 0xfffffd5d
core   0: 0x80008bc8 (0x0170c633) xor     a2, ra, s7
core   0: 3 0x80008bc8 (0x0170c633) x12 0x35499e5e
core   0: 0x80008bcc (0x017ea833) slt     a6, t4, s7
core   0: 3 0x80008bcc (0x017ea833) x16 0x00000000
core   0: 0x80008bd0 (0x01352433) slt     s0, a0, s3
core   0: 3 0x80008bd0 (0x01352433) x 8 0x00000001
core   0: 0x80008bd4 (0x0145f8b3) and     a7, a1, s4
core   0: 3 0x80008bd4 (0x0145f8b3) x17 0x000088a4
core   0: 0x80008bd8 (0x0322c333) div     t1, t0, s2
core   0: 3 0x80008bd8 (0x0322c333) x 6 0x00188d45
core   0: 0x80008bdc (0x03029663) bne     t0, a6, pc + 44
core   0: 3 0x80008bdc (0x03029663)
core   0: 0x80008c08 (0x0375b9b3) mulhu   s3, a1, s7
core   0: 3 0x80008c08 (0x0375b9b3) x19 0x2d52a696
core   0: 0x80008c0c (0x01e058b3) srl     a7, zero, t5
core   0: 3 0x80008c0c (0x01e058b3) x17 0x00000000
core   0: 0x80008c10 (0xcf5d3713) sltiu   a4, s10, -779
core   0: 3 0x80008c10 (0xcf5d3713) x14 0x00000001
core   0: 0x80008c14 (0x02734663) blt     t1, t2, pc + 44
core   0: 3 0x80008c14 (0x02734663)
core   0: 0x80008c18 (0x03669e63) bne     a3, s6, pc + 60
core   0: 3 0x80008c18 (0x03669e63)
core   0: 0x80008c54 (0x04c26663) bltu    tp, a2, pc + 76
core   0: 3 0x80008c54 (0x04c26663)
core   0: 0x80008ca0 (0x0050e463) bltu    ra, t0, pc + 8
core   0: 3 0x80008ca0 (0x0050e463)
core   0: 0x80008ca8 (0x4092deb3) sra     t4, t0, s1
core   0: 3 0x80008ca8 (0x4092deb3) x29 0xfffffa34
core   0: 0x80008cac (0x018f7d33) and     s10, t5, s8
core   0: 3 0x80008cac (0x018f7d33) x26 0x00000000
core   0: 0x80008cb0 (0x3f3b6313) ori     t1, s6, 1011
core   0: 3 0x80008cb0 (0x3f3b6313) x 6 0xfffffffb
core   0: 0x80008cb4 (0xeb81f737) lui     a4, 0xeb81f
core   0: 3 0x80008cb4 (0xeb81f737) x14 0xeb81f000
core   0: 0x80008cb8 (0x40670fb3) sub     t6, a4, t1
core   0: 3 0x80008cb8 (0x40670fb3) x31 0xeb81f005
core   0: 0x80008cbc (0x0255e913) ori     s2, a1, 37
core   0: 3 0x80008cbc (0x0255e913) x18 0x400089a5
core   0: 0x80008cc0 (0x01f21b13) slli    s6, tp, 31
core   0: 3 0x80008cc0 (0x01f21b13) x22 0x80000000
core   0: 0x80008cc4 (0x0306c863) blt     a3, a6, pc + 48
core   0: 3 0x80008cc4 (0x0306c863)
core   0: 0x80008cc8 (0x03c63933) mulhu   s2, a2, t3
core   0: 3 0x80008cc8 (0x03c63933) x18 0x35499dd1
core   0: 0x80008ccc (0x15100393) li      t2, 337
core   0: 3 0x80008ccc (0x15100393) x 7 0x00000151
core   0: 0x80008cd0 (0x010eb633) sltu    a2, t4, a6
core   0: 3 0x80008cd0 (0x010eb633) x12 0x00000000
core   0: 0x80008cd4 (0x40c6d513) srai    a0, a3, 12
core   0: 3 0x80008cd4 (0x40c6d513) x10 0x00000000
core   0: 0x80008cd8 (0x00000013) nop
core   0: 3 0x80008cd8 (0x00000013)
core   0: 0x80008cdc (0x962967b7) lui     a5, 0x96296
core   0: 3 0x80008cdc (0x962967b7) x15 0x96296000
core   0: 0x80008ce0 (0x98198c13) addi    s8, s3, -1663
core   0: 3 0x80008ce0 (0x98198c13) x24 0x2d52a017
core   0: 0x80008ce4 (0x1aa06e13) ori     t3, zero, 426
core   0: 3 0x80008ce4 (0x1aa06e13) x28 0x000001aa
core   0: 0x80008ce8 (0xc9416493) ori     s1, sp, -876
core   0: 3 0x80008ce8 (0xc9416493) x 9 0xfffffdd4
core   0: 0x80008cec (0x02419733) mulh    a4, gp, tp
core   0: 3 0x80008cec (0x02419733) x14 0xffffffff
core   0: 0x80008cf0 (0x00cf2533) slt     a0, t5, a2
core   0: 3 0x80008cf0 (0x00cf2533) x10 0x00000000
core   0: 0x80008cf4 (0x00d2e433) or      s0, t0, a3
core   0: 3 0x80008cf4 (0x00d2e433) x 8 0xa3426000
core   0: 0x80008cf8 (0x402853b3) sra     t2, a6, sp
core   0: 3 0x80008cf8 (0x402853b3) x 7 0x00000000
core   0: 0x80008cfc (0x03b28733) mul     a4, t0, s11
core   0: 3 0x80008cfc (0x03b28733) x14 0x00000000
core   0: 0x80008d00 (0x03ae6333) rem     t1, t3, s10
core   0: 3 0x80008d00 (0x03ae6333) x 6 0x000001aa
core   0: 0x80008d04 (0xaa31a313) slti    t1, gp, -1373
core   0: 3 0x80008d04 (0xaa31a313) x 6 0x00000001
core   0: 0x80008d08 (0x00e99e93) slli    t4, s3, 14
core   0: 3 0x80008d08 (0x00e99e93) x29 0xa9a58000
core   0: 0x80008d0c (0xe564be93) sltiu   t4, s1, -426
core   0: 3 0x80008d0c (0xe564be93) x29 0x00000001
core   0: 0x80008d10 (0x003e04b3) add     s1, t3, gp
core   0: 3 0x80008d10 (0x003e04b3) x 9 0x80008bcf
core   0: 0x80008d14 (0x01550cb3) add     s9, a0, s5
core   0: 3 0x80008d14 (0x01550cb3) x25 0x0fe00000
core   0: 0x80008d18 (0x3ee66013) ori     zero, a2, 1006
core   0: 3 0x80008d18 (0x3ee66013)
core   0: 0x80008d1c (0x0200f5b3) remu    a1, ra, zero
core   0: 3 0x80008d1c (0x0200f5b3) x11 0x80008a24
core   0: 0x80008d20 (0x41c38633) sub     a2, t2, t3
core   0: 3 0x80008d20 (0x41c38633) x12 0xfffffe56
core   0: 0x80008d24 (0x00000013) nop
core   0: 3 0x80008d24 (0x00000013)
core   0: 0x80008d28 (0x6c04b193) sltiu   gp, s1, 1728
core   0: 3 0x80008d28 (0x6c04b193) x 3 0x00000000
core   0: 0x80008d2c (0x03cf6b33) rem     s6, t5, t3
core   0: 3 0x80008d2c (0x03cf6b33) x22 0x00000000
core   0: 0x80008d30 (0x024c13b3) mulh    t2, s8, tp
core   0: 3 0x80008d30 (0x024c13b3) x 7 0x00000000
core   0: 0x80008d34 (0x035b7eb3) remu    t4, s6, s5
core   0: 3 0x80008d34 (0x035b7eb3) x29 0x00000000
core   0: 0x80008d38 (0x0104fa63) bgeu    s1, a6, pc + 20
core   0: 3 0x80008d38 (0x0104fa63)
core   0: 0x80008d4c (0x00000013) nop
core   0: 3 0x80008d4c (0x00000013)
core   0: 0x80008d50 (0x03810833) mul     a6, sp, s8
core   0: 3 0x80008d50 (0x03810833) x16 0x4cc2ee0c
core   0: 0x80008d54 (0x00412083) lw      ra, 4(sp)
core   0: 3 0x80008d54 (0x00412083) x 1 0x8000a6f4 mem 0x80025dd8
core   0: 0x80008d58 (0x035cdb33) divu    s6, s9, s5
core   0: 3 0x80008d58 (0x035cdb33) x22 0x00000001
core   0: 0x80008d5c (0x001ed8b3) srl     a7, t4, ra
core   0: 3 0x80008d5c (0x001ed8b3) x17 0x00000000
core   0: 0x80008d60 (0xd649c393) xori    t2, s3, -668
core   0: 3 0x80008d60 (0xd649c393) x 7 0xd2ad5bf2
core   0: 0x80008d64 (0x028463b3) rem     t2, s0, s0
core   0: 3 0x80008d64 (0x028463b3) x 7 0x00000000
core   0: 0x80008d68 (0x03c10113) addi    sp, sp, 60
core   0: 3 0x80008d68 (0x03c10113) x 2 0x80025e10
core   0: 0x80008d6c (0x03a66333) rem     t1, a2, s10
core   0: 3 0x80008d6c (0x03a66333) x 6 0xfffffe56
core   0: 0x80008d70 (0x017bf5b3) and     a1, s7, s7
core   0: 3 0x80008d70 (0x017bf5b3) x11 0xb549147a
core   0: 0x80008d74 (0x00008513) mv      a0, ra
core   0: 3 0x80008d74 (0x00008513) x10 0x8000a6f4
core   0: 0x80008d78 (0x00050567) jalr    a0, a0, 0
core   0: 3 0x80008d78 (0x00050567) x10 0x80008d7c
core   0: 0x8000a6f4 (0xb3918317) auipc   t1, 0xb3918
core   0: 3 0x8000a6f4 (0xb3918317) x 6 0x339226f4
core   0: 0x8000a6f8 (0x00c29013) slli    zero, t0, 12
core   0: 3 0x8000a6f8 (0x00c29013)
core   0: 0x8000a6fc (0x4177d9b3) sra     s3, a5, s7
core   0: 3 0x8000a6fc (0x4177d9b3) x19 0xffffffe5
core   0: 0x8000a700 (0x4098d8b3) sra     a7, a7, s1
core   0: 3 0x8000a700 (0x4098d8b3) x17 0x00000000
core   0: 0x8000a704 (0xffffe297) auipc   t0, 0xffffe
core   0: 3 0x8000a704 (0xffffe297) x 5 0x80008704
core   0: 0x8000a708 (0x67828293) addi    t0, t0, 1656
core   0: 3 0x8000a708 (0x67828293) x 5 0x80008d7c
core   0: 0x8000a70c (0x02552333) mulhsu  t1, a0, t0
core   0: 3 0x8000a70c (0x02552333) x 6 0xc0000000
core   0: 0x8000a710 (0xc8428293) addi    t0, t0, -892
core   0: 3 0x8000a710 (0xc8428293) x 5 0x80008a00
core   0: 0x8000a714 (0x00547a63) bgeu    s0, t0, pc + 20
core   0: 3 0x8000a714 (0x00547a63)
core   0: 0x8000a728 (0x37c280e7) jalr    ra, t0, 892
core   0: 3 0x8000a728 (0x37c280e7) x 1 0x8000a72c
core   0: 0x80008d7c (0xfdc10113) addi    sp, sp, -36
core   0: 3 0x80008d7c (0xfdc10113) x 2 0x80025dec
core   0: 0x80008d80 (0x01d4ef33) or      t5, s1, t4
core   0: 3 0x80008d80 (0x01d4ef33) x30 0x80008bcf
core   0: 0x80008d84 (0x8d78ea93) ori     s5, a7, -1833
core   0: 3 0x80008d84 (0x8d78ea93) x21 0xfffff8d7
core   0: 0x80008d88 (0x031cdeb3) divu    t4, s9, a7
core   0: 3 0x80008d88 (0x031cdeb3) x29 0xffffffff
core   0: 0x80008d8c (0xef8ca013) slti    zero, s9, -264
core   0: 3 0x80008d8c (0xef8ca013)
core   0: 0x80008d90 (0x02cf8833) mul     a6, t6, a2
core   0: 3 0x80008d90 (0x02cf8833) x16 0x19c697ae
core   0: 0x80008d94 (0x008f8c33) add     s8, t6, s0
core   0: 3 0x80008d94 (0x008f8c33) x24 0x8ec45005
core   0: 0x80008d98 (0x02c70733) mul     a4, a4, a2
core   0: 3 0x80008d98 (0x02c70733) x14 0x00000000
core   0: 0x80008d9c (0xa9504a93) xori    s5, zero, -1387
core   0: 3 0x80008d9c (0xa9504a93) x21 0xfffffa95
core   0: 0x80008da0 (0x00112223) sw      ra, 4(sp)
core   0: 3 0x80008da0 (0x00112223) mem 0x80025df0 0x8000a72c
core   0: 0x80008da4 (0x00f7b233) sltu    tp, a5, a5
core   0: 3 0x80008da4 (0x00f7b233) x 4 0x00000000
core   0: 0x80008da8 (0x01990533) add     a0, s2, s9
core   0: 3 0x80008da8 (0x01990533) x10 0x45299dd1
core   0: 0x80008dac (0x00008417) auipc   s0, 0x8
core   0: 3 0x80008dac (0x00008417) x 8 0x80010dac
core   0: 0x80008db0 (0xa7940413) addi    s0, s0, -1415
core   0: 3 0x80008db0 (0xa7940413) x 8 0x80010825
core   0: 0x80008db4 (0x0bd44603) lbu     a2, 189(s0)
core   0: 3 0x80008db4 (0x0bd44603) x12 0x000000de mem 0x800108e2
core   0: 0x80008db8 (0xf0741003) lh      zero, -249(s0)
core   0: 3 0x80008db8 (0xf0741003) mem 0x8001072c
core   0: 0x80008dbc (0x03940f23) sb      s9, 62(s0)
core   0: 3 0x80008dbc (0x03940f23) mem 0x80010863 0x0
core   0: 0x80008dc0 (0xf8c40923) sb      a2, -110(s0)
core   0: 3 0x80008dc0 (0xf8c40923) mem 0x800107b7 0xde
core   0: 0x80008dc4 (0xbf496813) ori     a6, s2, -1036
core   0: 3 0x80008dc4 (0xbf496813) x16 0xfffffff5
core   0: 0x80008dc8 (0xfbb44f03) lbu     t5, -69(s0)
core   0: 3 0x80008dc8 (0xfbb44f03) x30 0x000000a0 mem 0x800107e0
core   0: 0x80008dcc (0x406ed333) sra     t1, t4, t1
core   0: 3 0x80008dcc (0x406ed333) x 6 0xffffffff
core   0: 0x80008dd0 (0x0053d513) srli    a0, t2, 5
core   0: 3 0x80008dd0 (0x0053d513) x10 0x00000000
core   0: 0x80008dd4 (0xf2d41803) lh      a6, -211(s0)
core   0: 3 0x80008dd4 (0xf2d41803) x16 0x0000002d mem 0x80010752
core   0: 0x80008dd8 (0xfed41603) lh      a2, -19(s0)
core   0: 3 0x80008dd8 (0xfed41603) x12 0x0000685a mem 0x80010812
core   0: 0x80008ddc (0xf7d401a3) sb      t4, -157(s0)
core   0: 3 0x80008ddc (0xf7d401a3) mem 0x80010788 0xff
core   0: 0x80008de0 (0x40cd5893) srai    a7, s10, 12
core   0: 3 0x80008de0 (0x40cd5893) x17 0x00000000
core   0: 0x80008de4 (0x0e341da3) sh      gp, 251(s0)
core   0: 3 0x80008de4 (0x0e341da3) mem 0x80010920 0x0000
core   0: 0x80008de8 (0x002f7833) and     a6, t5, sp
core   0: 3 0x80008de8 (0x002f7833) x16 0x000000a0
core   0: 0x80008dec (0xf1844383) lbu     t2, -232(s0)
core   0: 3 0x80008dec (0xf1844383) x 7 0x00000017 mem 0x8001073d
core   0: 0x80008df0 (0x00bd5a93) srli    s5, s10, 11
core   0: 3 0x80008df0 (0x00bd5a93) x21 0x00000000
core   0: 0x80008df4 (0x0ed40383) lb      t2, 237(s0)
core   0: 3 0x80008df4 (0x0ed40383) x 7 0x00000033 mem 0x80010912
core   0: 0x80008df8 (0x0327afb3) mulhsu  t6, a5, s2
core   0: 3 0x80008df8 (0x0327afb3) x31 0xe9f8216d
core   0: 0x80008dfc (0xfa444383) lbu     t2, -92(s0)
core   0: 3 0x80008dfc (0xfa444383) x 7 0x00000041 mem 0x800107c9
core   0: 0x80008e00 (0x00000013) nop
core   0: 3 0x80008e00 (0x00000013)
core   0: 0x80008e04 (0x00565cb3) srl     s9, a2, t0
core   0: 3 0x80008e04 (0x00565cb3) x25 0x0000685a
core   0: 0x80008e08 (0x6f79b713) sltiu   a4, s3, 1783
core   0: 3 0x80008e08 (0x6f79b713) x14 0x00000000
core   0: 0x80008e0c (0xf6b42583) lw      a1, -149(s0)
core   0: 3 0x80008e0c (0xf6b42583) x11 0x82967baa mem 0x80010790
core   0: 0x80008e10 (0xfc342b03) lw      s6, -61(s0)
core   0: 3 0x80008e10 (0xfc342b03) x22 0x702db1c8 mem 0x800107e8
core   0: 0x80008e14 (0x2aae3713) sltiu   a4, t3, 682
core   0: 3 0x80008e14 (0x2aae3713) x14 0x00000001
core   0: 0x80008e18 (0x41eed1b3) sra     gp, t4, t5
core   0: 3 0x80008e18 (0x41eed1b3) x 3 0xffffffff
core   0: 0x80008e1c (0xf9f41903) lh      s2, -97(s0)
core   0: 3 0x80008e1c (0xf9f41903) x18 0x00004585 mem 0x800107c4
core   0: 0x80008e20 (0x00018317) auipc   t1, 0x18
core   0: 3 0x80008e20 (0x00018317) x 6 0x80020e20
core   0: 0x80008e24 (0xf4230313) addi    t1, t1, -190
core   0: 3 0x80008e24 (0xf4230313) x 6 0x80020d62
core   0: 0x80008e28 (0xff230083) lb      ra, -14(t1)
core   0: 3 0x80008e28 (0xff230083) x 1 0x00000037 mem 0x80020d54
core   0: 0x80008e2c (0x00631203) lh      tp, 6(t1)
core   0: 3 0x80008e2c (0x00631203) x 4 0xffffd24e mem 0x80020d68
core   0: 0x80008e30 (0xfe130ea3) sb      ra, -3(t1)
core   0: 3 0x80008e30 (0xfe130ea3) mem 0x80020d5f 0x37
core   0: 0x80008e34 (0x6c556937) lui     s2, 0x6c556
core   0: 3 0x80008e34 (0x6c556937) x18 0x6c556000
core   0: 0x80008e38 (0x16887213) andi    tp, a6, 360
core   0: 3 0x80008e38 (0x16887213) x 4 0x00000020
core   0: 0x80008e3c (0x00030983) lb      s3, 0(t1)
core   0: 3 0x80008e3c (0x00030983) x19 0xffffff9f mem 0x80020d62
core   0: 0x80008e40 (0xfef32b23) sw      a5, -10(t1)
core   0: 3 0x80008e40 (0xfef32b23) mem 0x80020d58 0x96296000
core   0: 0x80008e44 (0x02cab633) mulhu   a2, s5, a2
core   0: 3 0x80008e44 (0x02cab633) x12 0x00000000
core   0: 0x80008e48 (0x00232483) lw      s1, 2(t1)
core   0: 3 0x80008e48 (0x00232483) x 9 0x18868ae2 mem 0x80020d64
core   0: 0x80008e4c (0x009bae33) slt     t3, s7, s1
core   0: 3 0x80008e4c (0x009bae33) x28 0x00000001
core   0: 0x80008e50 (0xa06f82b7) lui     t0, 0xa06f8
core   0: 3 0x80008e50 (0xa06f82b7) x 5 0xa06f8000
core   0: 0x80008e54 (0xffa31003) lh      zero, -6(t1)
core   0: 3 0x80008e54 (0xffa31003) mem 0x80020d5c
core   0: 0x80008e58 (0x03c023b3) mulhsu  t2, zero, t3
core   0: 3 0x80008e58 (0x03c023b3) x 7 0x00000000
core   0: 0x80008e5c (0x00334a83) lbu     s5, 3(t1)
core   0: 3 0x80008e5c (0x00334a83) x21 0x0000008a mem 0x80020d65
core   0: 0x80008e60 (0x00a32123) sw      a0, 2(t1)
core   0: 3 0x80008e60 (0x00a32123) mem 0x80020d64 0x00000000
core   0: 0x80008e64 (0x016303a3) sb      s6, 7(t1)
core   0: 3 0x80008e64 (0x016303a3) mem 0x80020d69 0xc8
core   0: 0x80008e68 (0x00730703) lb      a4, 7(t1)
core   0: 3 0x80008e68 (0x00730703) x14 0xffffffc8 mem 0x80020d69
core   0: 0x80008e6c (0x00235203) lhu     tp, 2(t1)
core   0: 3 0x80008e6c (0x00235203) x 4 0x00000000 mem 0x80020d64
core   0: 0x80008e70 (0xff730ea3) sb      s7, -3(t1)
core   0: 3 0x80008e70 (0xff730ea3) mem 0x80020d5f 0x7a
core   0: 0x80008e74 (0x00a31823) sh      a0, 16(t1)
core   0: 3 0x80008e74 (0x00a31823) mem 0x80020d72 0x0000
core   0: 0x80008e78 (0x00330e83) lb      t4, 3(t1)
core   0: 3 0x80008e78 (0x00330e83) x29 0x00000000 mem 0x80020d65
core   0: 0x80008e7c (0xff430783) lb      a5, -12(t1)
core   0: 3 0x80008e7c (0xff430783) x15 0xfffffffb mem 0x80020d56
core   0: 0x80008e80 (0x005d5893) srli    a7, s10, 5
core   0: 3 0x80008e80 (0x005d5893) x17 0x00000000
core   0: 0x80008e84 (0xfe630fa3) sb      t1, -1(t1)
core   0: 3 0x80008e84 (0xfe630fa3) mem 0x80020d61 0x62
core   0: 0x80008e88 (0x00a31723) sh      a0, 14(t1)
core   0: 3 0x80008e88 (0x00a31723) mem 0x80020d70 0x0000
core   0: 0x80008e8c (0xd1e5b293) sltiu   t0, a1, -738
core   0: 3 0x80008e8c (0xd1e5b293) x 5 0x00000001
core   0: 0x80008e90 (0x00a59f33) sll     t5, a1, a0
core   0: 3 0x80008e90 (0x00a59f33) x30 0x82967baa
core   0: 0x80008e94 (0x40c088b3) sub     a7, ra, a2
core   0: 3 0x80008e94 (0x40c088b3) x17 0x00000037
core   0: 0x80008e98 (0x00b34a83) lbu     s5, 11(t1)
core   0: 3 0x80008e98 (0x00b34a83) x21 0x000000e4 mem 0x80020d6d
core   0: 0x80008e9c (0x407e53b3) sra     t2, t3, t2
core   0: 3 0x80008e9c (0x407e53b3) x 7 0x00000001
core   0: 0x80008ea0 (0xff530823) sb      s5, -16(t1)
core   0: 3 0x80008ea0 (0xff530823) mem 0x80020d52 0xe4
core   0: 0x80008ea4 (0xffd30f03) lb      t5, -3(t1)
core   0: 3 0x80008ea4 (0xffd30f03) x30 0x0000007a mem 0x80020d5f
core   0: 0x80008ea8 (0x019302a3) sb      s9, 5(t1)
core   0: 3 0x80008ea8 (0x019302a3) mem 0x80020d67 0x5a
core   0: 0x80008eac (0x01731623) sh      s7, 12(t1)
core   0: 3 0x80008eac (0x01731623) mem 0x80020d6e 0x147a
core   0: 0x80008eb0 (0xff031f23) sh      a6, -2(t1)
core   0: 3 0x80008eb0 (0xff031f23) mem 0x80020d60 0x00a0
core   0: 0x80008eb4 (0x001304a3) sb      ra, 9(t1)
core   0: 3 0x80008eb4 (0x001304a3) mem 0x80020d6b 0x37
core   0: 0x80008eb8 (0xfee30c23) sb      a4, -8(t1)
core   0: 3 0x80008eb8 (0xfee30c23) mem 0x80020d5a 0xc8
core   0: 0x80008ebc (0x00012317) auipc   t1, 0x12
core   0: 3 0x80008ebc (0x00012317) x 6 0x8001aebc
core   0: 0x80008ec0 (0xb3830313) addi    t1, t1, -1224
core   0: 3 0x80008ec0 (0xb3830313) x 6 0x8001a9f4
core   0: 0x80008ec4 (0x0000fb33) and     s6, ra, zero
core   0: 3 0x80008ec4 (0x0000fb33) x22 0x00000000
core   0: 0x80008ec8 (0x03d30d83) lb      s11, 61(t1)
core   0: 3 0x80008ec8 (0x03d30d83) x27 0xffffffe1 mem 0x8001aa31
core   0: 0x80008ecc (0x4058d733) sra     a4, a7, t0
core   0: 3 0x80008ecc (0x4058d733) x14 0x0000001b
core   0: 0x80008ed0 (0xfeb34203) lbu     tp, -21(t1)
core   0: 3 0x80008ed0 (0xfeb34203) x 4 0x000000bb mem 0x8001a9df
core   0: 0x80008ed4 (0x02bd8ab3) mul     s5, s11, a1
core   0: 3 0x80008ed4 (0x02bd8ab3) x21 0x2fc7066a
core   0: 0x80008ed8 (0x0153b6b3) sltu    a3, t2, s5
core   0: 3 0x80008ed8 (0x0153b6b3) x13 0x00000001
core   0: 0x80008edc (0x2544cc37) lui     s8, 0x2544c
core   0: 3 0x80008edc (0x2544cc37) x24 0x2544c000
core   0: 0x80008ee0 (0x017c9a93) slli    s5, s9, 23
core   0: 3 0x80008ee0 (0x017c9a93) x21 0x2d000000
core   0: 0x80008ee4 (0x01330a23) sb      s3, 20(t1)
core   0: 3 0x80008ee4 (0x01330a23) mem 0x8001aa08 0x9f
core   0: 0x80008ee8 (0x02434ab3) div     s5, t1, tp
core   0: 3 0x80008ee8 (0x02434ab3) x21 0xff50c76a
core   0: 0x80008eec (0xa9ee6b13) ori     s6, t3, -1378
core   0: 3 0x80008eec (0xa9ee6b13) x22 0xfffffa9f
core   0: 0x80008ef0 (0xfd330703) lb      a4, -45(t1)
core   0: 3 0x80008ef0 (0xfd330703) x14 0x0000005c mem 0x8001a9c7
core   0: 0x80008ef4 (0xff530403) lb      s0, -11(t1)
core   0: 3 0x80008ef4 (0xff530403) x 8 0x0000000d mem 0x8001a9e9
core   0: 0x80008ef8 (0x0155b933) sltu    s2, a1, s5
core   0: 3 0x80008ef8 (0x0155b933) x18 0x00000001
core   0: 0x80008efc (0xefd2e513) ori     a0, t0, -259
core   0: 3 0x80008efc (0xefd2e513) x10 0xfffffefd
core   0: 0x80008f00 (0x246ba213) slti    tp, s7, 582
core   0: 3 0x80008f00 (0x246ba213) x 4 0x00000001
core   0: 0x80008f04 (0xfda35483) lhu     s1, -38(t1)
core   0: 3 0x80008f04 (0xfda35483) x 9 0x000090ca mem 0x8001a9ce
core   0: 0x80008f08 (0x011c2f33) slt     t5, s8, a7
core   0: 3 0x80008f08 (0x011c2f33) x30 0x00000000
core   0: 0x80008f0c (0x01c4df93) srli    t6, s1, 28
core   0: 3 0x80008f0c (0x01c4df93) x31 0x00000000
core   0: 0x80008f10 (0xf8334f13) xori    t5, t1, -125
core   0: 3 0x80008f10 (0xf8334f13) x30 0x7ffe5677
core   0: 0x80008f14 (0x012e8c33) add     s8, t4, s2
core   0: 3 0x80008f14 (0x012e8c33) x24 0x00000001
core   0: 0x80008f18 (0x00cf1b13) slli    s6, t5, 12
core   0: 3 0x80008f18 (0x00cf1b13) x22 0xe5677000
core   0: 0x80008f1c (0x00d239b3) sltu    s3, tp, a3
core   0: 3 0x80008f1c (0x00d239b3) x19 0x00000000
core   0: 0x80008f20 (0x00c34903) lbu     s2, 12(t1)
core   0: 3 0x80008f20 (0x00c34903) x18 0x00000058 mem 0x8001aa00
core   0: 0x80008f24 (0xfcb30ba3) sb      a1, -41(t1)
core   0: 3 0x80008f24 (0xfcb30ba3) mem 0x8001a9cb 0xaa
core   0: 0x80008f28 (0x01b719b3) sll     s3, a4, s11
core   0: 3 0x80008f28 (0x01b719b3) x19 0x000000b8
core   0: 0x80008f2c (0xd3c4bc13) sltiu   s8, s1, -708
core   0: 3 0x80008f2c (0xd3c4bc13) x24 0x00000001
core   0: 0x80008f30 (0x01e6b233) sltu    tp, a3, t5
core   0: 3 0x80008f30 (0x01e6b233) x 4 0x00000001
core   0: 0x80008f34 (0x03630423) sb      s6, 40(t1)
core   0: 3 0x80008f34 (0x03630423) mem 0x8001aa1c 0x0
core   0: 0x80008f38 (0x03c30ca3) sb      t3, 57(t1)
core   0: 3 0x80008f38 (0x03c30ca3) mem 0x8001aa2d 0x1
core   0: 0x80008f3c (0x016e9eb3) sll     t4, t4, s6
core   0: 3 0x80008f3c (0x016e9eb3) x29 0x00000000
core   0: 0x80008f40 (0x02432223) sw      tp, 36(t1)
core   0: 3 0x80008f40 (0x02432223) mem 0x8001aa18 0x00000001
core   0: 0x80008f44 (0x00000013) nop
core   0: 3 0x80008f44 (0x00000013)
core   0: 0x80008f48 (0xfc6301a3) sb      t1, -61(t1)
core   0: 3 0x80008f48 (0xfc6301a3) mem 0x8001a9b7 0xf4
core   0: 0x80008f4c (0x01c34403) lbu     s0, 28(t1)
core   0: 3 0x80008f4c (0x01c34403) x 8 0x000000b1 mem 0x8001aa10
core   0: 0x80008f50 (0x02b744b3) div     s1, a4, a1
core   0: 3 0x80008f50 (0x02b744b3) x 9 0x00000000
core   0: 0x80008f54 (0x02835c03) lhu     s8, 40(t1)
core   0: 3 0x80008f54 (0x02835c03) x24 0x00006c00 mem 0x8001aa1c
core   0: 0x80008f58 (0x013c4f33) xor     t5, s8, s3
core   0: 3 0x80008f58 (0x013c4f33) x30 0x00006cb8
core   0: 0x80008f5c (0x026300a3) sb      t1, 33(t1)
core   0: 3 0x80008f5c (0x026300a3) mem 0x8001aa15 0xf4
core   0: 0x80008f60 (0x031305a3) sb      a7, 43(t1)
core   0: 3 0x80008f60 (0x031305a3) mem 0x8001aa1f 0x37
core   0: 0x80008f64 (0x00fb8833) add     a6, s7, a5
core   0: 3 0x80008f64 (0x00fb8833) x16 0xb5491475
core   0: 0x80008f68 (0x02e3f2b3) remu    t0, t2, a4
core   0: 3 0x80008f68 (0x02e3f2b3) x 5 0x00000001
core   0: 0x80008f6c (0xfd630603) lb      a2, -42(t1)
core   0: 3 0x80008f6c (0xfd630603) x12 0xffffff8e mem 0x8001a9ca
core   0: 0x80008f70 (0xfc631623) sh      t1, -52(t1)
core   0: 3 0x80008f70 (0xfc631623) mem 0x8001a9c0 0xa9f4
core   0: 0x80008f74 (0xfe432903) lw      s2, -28(t1)
core   0: 3 0x80008f74 (0xfe432903) x18 0xba83afd4 mem 0x8001a9d8
core   0: 0x80008f78 (0x00008f17) auipc   t5, 0x8
core   0: 3 0x80008f78 (0x00008f17) x30 0x80010f78
core   0: 0x80008f7c (0xadbf0f13) addi    t5, t5, -1317
core   0: 3 0x80008f7c (0xadbf0f13) x30 0x80010a53
core   0: 0x80008f80 (0x0c7f5703) lhu     a4, 199(t5)
core   0: 3 0x80008f80 (0x0c7f5703) x14 0x00000437 mem 0x80010b1a
core   0: 0x80008f84 (0x03278333) mul     t1, a5, s2
core   0: 3 0x80008f84 (0x03278333) x 6 0x5b6d90dc
core   0: 0x80008f88 (0xfb3f1083) lh      ra, -77(t5)
core   0: 3 0x80008f88 (0xfb3f1083) x 1 0x00004c6c mem 0x80010a06
core   0: 0x80008f8c (0x08f1a813) slti    a6, gp, 143
core   0: 3 0x80008f8c (0x08f1a813) x16 0x00000001
core   0: 0x80008f90 (0xff9f0d23) sb      s9, -6(t5)
core   0: 3 0x80008f90 (0xff9f0d23) mem 0x80010a4d 0x5a
core   0: 0x80008f94 (0x0cdf4383) lbu     t2, 205(t5)
core   0: 3 0x80008f94 (0x0cdf4383) x 7 0x0000009d mem 0x80010b20
core   0: 0x80008f98 (0x00ec35b3) sltu    a1, s8, a4
core   0: 3 0x80008f98 (0x00ec35b3) x11 0x00000000
core   0: 0x80008f9c (0x402087b3) sub     a5, ra, sp
core   0: 3 0x80008f9c (0x402087b3) x15 0x7ffdee80
core   0: 0x80008fa0 (0x019f0823) sb      s9, 16(t5)
core   0: 3 0x80008fa0 (0x019f0823) mem 0x80010a63 0x5a
core   0: 0x80008fa4 (0xf5df0923) sb      t4, -174(t5)
core   0: 3 0x80008fa4 (0xf5df0923) mem 0x800109a5 0x0
core   0: 0x80008fa8 (0x02cc3e33) mulhu   t3, s8, a2
core   0: 3 0x80008fa8 (0x02cc3e33) x28 0x00006bff
core   0: 0x80008fac (0x006f0183) lb      gp, 6(t5)
core   0: 3 0x80008fac (0x006f0183) x 3 0x0000002d mem 0x80010a59
core   0: 0x80008fb0 (0x0def0323) sb      t5, 198(t5)
core   0: 3 0x80008fb0 (0x0def0323) mem 0x80010b19 0x53
core   0: 0x80008fb4 (0xf32f0223) sb      s2, -220(t5)
core   0: 3 0x80008fb4 (0xf32f0223) mem 0x80010977 0xd4
core   0: 0x80008fb8 (0xfc3f1c83) lh      s9, -61(t5)
core   0: 3 0x80008fb8 (0xfc3f1c83) x25 0x000071d0 mem 0x80010a16
core   0: 0x80008fbc (0xffff5283) lhu     t0, -1(t5)
core   0: 3 0x80008fbc (0xffff5283) x 5 0x000070c6 mem 0x80010a52
core   0: 0x80008fc0 (0x0ecf0003) lb      zero, 236(t5)
core   0: 3 0x80008fc0 (0x0ecf0003) mem 0x80010b3f
core   0: 0x80008fc4 (0xd3818917) auipc   s2, 0xd3818
core   0: 3 0x80008fc4 (0xd3818917) x18 0x53820fc4
core   0: 0x80008fc8 (0x3a05f813) andi    a6, a1, 928
core   0: 3 0x80008fc8 (0x3a05f813) x16 0x00000000
core   0: 0x80008fcc (0xb47f3713) sltiu   a4, t5, -1209
core   0: 3 0x80008fcc (0xb47f3713) x14 0x00000001
core   0: 0x80008fd0 (0x0b5f1903) lh      s2, 181(t5)
core   0: 3 0x80008fd0 (0x0b5f1903) x18 0x0000114d mem 0x80010b08
core   0: 0x80008fd4 (0x4021de33) sra     t3, gp, sp
core   0: 3 0x80008fd4 (0x4021de33) x28 0x00000000
core   0: 0x80008fd8 (0xfa9f04a3) sb      s1, -87(t5)
core   0: 3 0x80008fd8 (0xfa9f04a3) mem 0x800109fc 0x0
core   0: 0x80008fdc (0xfa8f4a83) lbu     s5, -88(t5)
core   0: 3 0x80008fdc (0xfa8f4a83) x21 0x000000e2 mem 0x800109fb
core   0: 0x80008fe0 (0xf03f1183) lh      gp, -253(t5)
core   0: 3 0x80008fe0 (0xf03f1183) x 3 0xffffe8c2 mem 0x80010956
core   0: 0x80008fe4 (0xf42f07a3) sb      sp, -177(t5)
core   0: 3 0x80008fe4 (0xf42f07a3) mem 0x800109a2 0xec
core   0: 0x80008fe8 (0xf20f4183) lbu     gp, -224(t5)
core   0: 3 0x80008fe8 (0xf20f4183) x 3 0x000000f6 mem 0x80010973
core   0: 0x80008fec (0x0187b633) sltu    a2, a5, s8
core   0: 3 0x80008fec (0x0187b633) x12 0x00000000
core   0: 0x80008ff0 (0xf9af00a3) sb      s10, -127(t5)
core   0: 3 0x80008ff0 (0xf9af00a3) mem 0x800109d4 0x0
core   0: 0x80008ff4 (0xfedf4f83) lbu     t6, -19(t5)
core   0: 3 0x80008ff4 (0xfedf4f83) x31 0x0000008e mem 0x80010a40
core   0: 0x80008ff8 (0x00012a97) auipc   s5, 0x12
core   0: 3 0x80008ff8 (0x00012a97) x21 0x8001aff8
core   0: 0x80008ffc (0x0f8a8a93) addi    s5, s5, 248
core   0: 3 0x80008ffc (0x0f8a8a93) x21 0x8001b0f0
core   0: 0x80009000 (0xfcaa9903) lh      s2, -54(s5)
core   0: 3 0x80009000 (0xfcaa9903) x18 0xffff83c3 mem 0x8001b0ba
core   0: 0x80009004 (0xffca84a3) sb      t3, -23(s5)
core   0: 3 0x80009004 (0xffca84a3) mem 0x8001b0d9 0x0
core   0: 0x80009008 (0x0289cfb3) div     t6, s3, s0
core   0: 3 0x80009008 (0x0289cfb3) x31 0x00000001
core   0: 0x8000900c (0x018a9383) lh      t2, 24(s5)
core   0: 3 0x8000900c (0x018a9383) x 7 0xffffcf48 mem 0x8001b108
core   0: 0x80009010 (0x404e5f33) sra     t5, t3, tp
core   0: 3 0x80009010 (0x404e5f33) x30 0x00000000
core   0: 0x80009014 (0x3d661037) lui     zero, 0x3d661
core   0: 3 0x80009014 (0x3d661037)
core   0: 0x80009018 (0x028ac183) lbu     gp, 40(s5)
core   0: 3 0x80009018 (0x028ac183) x 3 0x000000f6 mem 0x8001b118
core   0: 0x8000901c (0x03ca9723) sh      t3, 46(s5)
core   0: 3 0x8000901c (0x03ca9723) mem 0x8001b11e 0x0000
core   0: 0x80009020 (0x00ead403) lhu     s0, 14(s5)
core   0: 3 0x80009020 (0x00ead403) x 8 0x00001793 mem 0x8001b0fe
core   0: 0x80009024 (0xda3f0f97) auipc   t6, 0xda3f0
core   0: 3 0x80009024 (0xda3f0f97) x31 0x5a3f9024
core   0: 0x80009028 (0x00351433) sll     s0, a0, gp
core   0: 3 0x80009028 (0x00351433) x 8 0xbf400000
core   0: 0x8000902c (0x011ac683) lbu     a3, 17(s5)
core   0: 3 0x8000902c (0x011ac683) x13 0x00000076 mem 0x8001b101
core   0: 0x80009030 (0x0127f9b3) and     s3, a5, s2
core   0: 3 0x80009030 (0x0127f9b3) x19 0x7ffd8280
core   0: 0x80009034 (0x03dac503) lbu     a0, 61(s5)
core   0: 3 0x80009034 (0x03dac503) x10 0x00000064 mem 0x8001b12d
core   0: 0x80009038 (0x00f257b3) srl     a5, tp, a5
core   0: 3 0x80009038 (0x00f257b3) x15 0x00000001
core   0: 0x8000903c (0xd2dce713) ori     a4, s9, -723
core   0: 3 0x8000903c (0xd2dce713) x14 0xfffffdfd
core   0: 0x80009040 (0xe0174813) xori    a6, a4, -511
core   0: 3 0x80009040 (0xe0174813) x16 0x000003fc
core   0: 0x80009044 (0x0205e8b3) rem     a7, a1, zero
core   0: 3 0x80009044 (0x0205e8b3) x17 0x00000000
core   0: 0x80009048 (0xfcba8203) lb      tp, -53(s5)
core   0: 3 0x80009048 (0xfcba8203) x 4 0xffffff83 mem 0x8001b0bb
core   0: 0x8000904c (0x032a9323) sh      s2, 38(s5)
core   0: 3 0x8000904c (0x032a9323) mem 0x8001b116 0x83c3
core   0: 0x80009050 (0xfc0a9183) lh      gp, -64(s5)
core   0: 3 0x80009050 (0xfc0a9183) x 3 0x00005ecf mem 0x8001b0b0
core   0: 0x80009054 (0x00dacc03) lbu     s8, 13(s5)
core   0: 3 0x80009054 (0x00dacc03) x24 0x0000008c mem 0x8001b0fd
core   0: 0x80009058 (0x02d20b33) mul     s6, tp, a3
core   0: 3 0x80009058 (0x02d20b33) x22 0xffffc662
core   0: 0x8000905c (0xfc4aad83) lw      s11, -60(s5)
core   0: 3 0x8000905c (0xfc4aad83) x27 0xb419dc72 mem 0x8001b0b4
core   0: 0x80009060 (0x00000013) nop
core   0: 3 0x80009060 (0x00000013)
core   0: 0x80009064 (0x404f0733) sub     a4, t5, tp
core   0: 3 0x80009064 (0x404f0733) x14 0x0000007d
core   0: 0x80009068 (0x40082993) slti    s3, a6, 1024
core   0: 3 0x80009068 (0x40082993) x19 0x00000001
core   0: 0x8000906c (0xffba8123) sb      s11, -30(s5)
core   0: 3 0x8000906c (0xffba8123) mem 0x8001b0d2 0x72
core   0: 0x80009070 (0x000a87a3) sb      zero, 15(s5)
core   0: 3 0x80009070 (0x000a87a3) mem 0x8001b0ff 0x0
core   0: 0x80009074 (0x009ac983) lbu     s3, 9(s5)
core   0: 3 0x80009074 (0x009ac983) x19 0x0000009c mem 0x8001b0f9
core   0: 0x80009078 (0xfd0a9603) lh      a2, -48(s5)
core   0: 3 0x80009078 (0xfd0a9603) x12 0x00006140 mem 0x8001b0c0
core   0: 0x8000907c (0xffdac003) lbu     zero, -3(s5)
core   0: 3 0x8000907c (0xffdac003) mem 0x8001b0ed
core   0: 0x80009080 (0x039acd83) lbu     s11, 57(s5)
core   0: 3 0x80009080 (0x039acd83) x27 0x000000fc mem 0x8001b129
core   0: 0x80009084 (0x01da8d83) lb      s11, 29(s5)
core   0: 3 0x80009084 (0x01da8d83) x27 0x0000005c mem 0x8001b10d
core   0: 0x80009088 (0x00013d97) auipc   s11, 0x13
core   0: 3 0x80009088 (0x00013d97) x27 0x8001c088
core   0: 0x8000908c (0xe86d8d93) addi    s11, s11, -378
core   0: 3 0x8000908c (0xe86d8d93) x27 0x8001bf0e
core   0: 0x80009090 (0xf02dc903) lbu     s2, -254(s11)
core   0: 3 0x80009090 (0xf02dc903) x18 0x00000024 mem 0x8001be10
core   0: 0x80009094 (0x0b0dd183) lhu     gp, 176(s11)
core   0: 3 0x80009094 (0x0b0dd183) x 3 0x00000d98 mem 0x8001bfbe
core   0: 0x80009098 (0xfc6d8aa3) sb      t1, -43(s11)
core   0: 3 0x80009098 (0xfc6d8aa3) mem 0x8001bee3 0xdc
core   0: 0x8000909c (0x079dc703) lbu     a4, 121(s11)
core   0: 3 0x8000909c (0x079dc703) x14 0x00000045 mem 0x8001bf87
core   0: 0x800090a0 (0x01a0ceb3) xor     t4, ra, s10
core   0: 3 0x800090a0 (0x01a0ceb3) x29 0x00004c6c
core   0: 0x800090a4 (0xf79dca83) lbu     s5, -135(s11)
core   0: 3 0x800090a4 (0xf79dca83) x21 0x00000057 mem 0x8001be87
core   0: 0x800090a8 (0xa2297f93) andi    t6, s2, -1502
core   0: 3 0x800090a8 (0xa2297f93) x31 0x00000020
core   0: 0x800090ac (0xf28c6793) ori     a5, s8, -216
core   0: 3 0x800090ac (0xf28c6793) x15 0xffffffac
core   0: 0x800090b0 (0x00559013) slli    zero, a1, 5
core   0: 3 0x800090b0 (0x00559013)
core   0: 0x800090b4 (0xf78d9483) lh      s1, -136(s11)
core   0: 3 0x800090b4 (0xf78d9483) x 9 0x0000577e mem 0x8001be86
core   0: 0x800090b8 (0x027f14b3) mulh    s1, t5, t2
core   0: 3 0x800090b8 (0x027f14b3) x 9 0x00000000
core   0: 0x800090bc (0x068dc983) lbu     s3, 104(s11)
core   0: 3 0x800090bc (0x068dc983) x19 0x00000077 mem 0x8001bf76
core   0: 0x800090c0 (0x03a5a8b3) mulhsu  a7, a1, s10
core   0: 3 0x800090c0 (0x03a5a8b3) x17 0x00000000
core   0: 0x800090c4 (0x019155b3) srl     a1, sp, s9
core   0: 3 0x800090c4 (0x019155b3) x11 0x00008002
core   0: 0x800090c8 (0xd6ba4a93) xori    s5, s4, -661
core   0: 3 0x800090c8 (0xd6ba4a93) x21 0x7ffd618f
core   0: 0x800090cc (0x407553b3) sra     t2, a0, t2
core   0: 3 0x800090cc (0x407553b3) x 7 0x00000000
core   0: 0x800090d0 (0x0fcd9083) lh      ra, 252(s11)
core   0: 3 0x800090d0 (0x0fcd9083) x 1 0xffffa513 mem 0x8001c00a
core   0: 0x800090d4 (0xfd2d8503) lb      a0, -46(s11)
core   0: 3 0x800090d4 (0xfd2d8503) x10 0x00000020 mem 0x8001bee0
core   0: 0x800090d8 (0x00fdc503) lbu     a0, 15(s11)
core   0: 3 0x800090d8 (0x00fdc503) x10 0x000000dd mem 0x8001bf1d
core   0: 0x800090dc (0x01573f33) sltu    t5, a4, s5
core   0: 3 0x800090dc (0x01573f33) x30 0x00000001
core   0: 0x800090e0 (0x02394eb3) div     t4, s2, gp
core   0: 3 0x800090e0 (0x02394eb3) x29 0x00000000
core   0: 0x800090e4 (0x055d9f23) sh      s5, 94(s11)
core   0: 3 0x800090e4 (0x055d9f23) mem 0x8001bf6c 0x618f
core   0: 0x800090e8 (0x03a734b3) mulhu   s1, a4, s10
core   0: 3 0x800090e8 (0x03a734b3) x 9 0x00000000
core   0: 0x800090ec (0x02d5ecb3) rem     s9, a1, a3
core   0: 3 0x800090ec (0x02d5ecb3) x25 0x00000054
core   0: 0x800090f0 (0x0e9dc583) lbu     a1, 233(s11)
core   0: 3 0x800090f0 (0x0e9dc583) x11 0x0000006c mem 0x8001bff7
core   0: 0x800090f4 (0xf26d8a23) sb      t1, -204(s11)
core   0: 3 0x800090f4 (0xf26d8a23) mem 0x8001be42 0xdc
core   0: 0x800090f8 (0xec116813) ori     a6, sp, -319
core   0: 3 0x800090f8 (0xec116813) x16 0xffffffed
core   0: 0x800090fc (0xfc7dc303) lbu     t1, -57(s11)
core   0: 3 0x800090fc (0xfc7dc303) x 6 0x00000002 mem 0x8001bed5
core   0: 0x80009100 (0xf9fdc183) lbu     gp, -97(s11)
core   0: 3 0x80009100 (0xf9fdc183) x 3 0x00000041 mem 0x8001bead
core   0: 0x80009104 (0x00000013) nop
core   0: 3 0x80009104 (0x00000013)
core   0: 0x80009108 (0x015ea333) slt     t1, t4, s5
core   0: 3 0x80009108 (0x015ea333) x 6 0x00000001
core   0: 0x8000910c (0x050dc403) lbu     s0, 80(s11)
core   0: 3 0x8000910c (0x050dc403) x 8 0x000000a2 mem 0x8001bf5e
core   0: 0x80009110 (0xff8d8083) lb      ra, -8(s11)
core   0: 3 0x80009110 (0xff8d8083) x 1 0x0000003d mem 0x8001bf06
core   0: 0x80009114 (0x0ded8503) lb      a0, 222(s11)
core   0: 3 0x80009114 (0x0ded8503) x10 0xffffff91 mem 0x8001bfec
core   0: 0x80009118 (0x00000013) nop
core   0: 3 0x80009118 (0x00000013)
core   0: 0x8000911c (0x026060b3) rem     ra, zero, t1
core   0: 3 0x8000911c (0x026060b3) x 1 0x00000000
core   0: 0x80009120 (0xf863ef93) ori     t6, t2, -122
core   0: 3 0x80009120 (0xf863ef93) x31 0xffffff86
core   0: 0x80009124 (0x0f7d9e23) sh      s7, 252(s11)
core   0: 3 0x80009124 (0x0f7d9e23) mem 0x8001c00a 0x147a
core   0: 0x80009128 (0xf41d8323) sb      ra, -186(s11)
core   0: 3 0x80009128 (0xf41d8323) mem 0x8001be54 0x0
core   0: 0x8000912c (0xfefd8fa3) sb      a5, -1(s11)
core   0: 3 0x8000912c (0xfefd8fa3) mem 0x8001bf0d 0xac
core   0: 0x80009130 (0x00ba8333) add     t1, s5, a1
core   0: 3 0x80009130 (0x00ba8333) x 6 0x7ffd61fb
core   0: 0x80009134 (0xf17dc403) lbu     s0, -233(s11)
core   0: 3 0x80009134 (0xf17dc403) x 8 0x000000d8 mem 0x8001be25
core   0: 0x80009138 (0xf78dc003) lbu     zero, -136(s11)
core   0: 3 0x80009138 (0xf78dc003) mem 0x8001be86
core   0: 0x8000913c (0x0ebd8323) sb      a1, 230(s11)
core   0: 3 0x8000913c (0x0ebd8323) mem 0x8001bff4 0x6c
core   0: 0x80009140 (0x00da11b3) sll     gp, s4, a3
core   0: 3 0x80009140 (0x00da11b3) x 3 0x39000000
core   0: 0x80009144 (0xfd2d88a3) sb      s2, -47(s11)
core   0: 3 0x80009144 (0xfd2d88a3) mem 0x8001bedf 0x24
core   0: 0x80009148 (0x419b5093) srai    ra, s6, 25
core   0: 3 0x80009148 (0x419b5093) x 1 0xffffffff
core   0: 0x8000914c (0xfcbd8003) lb      zero, -53(s11)
core   0: 3 0x8000914c (0xfcbd8003) mem 0x8001bed9
core   0: 0x80009150 (0x78d74397) auipc   t2, 0x78d74
core   0: 3 0x80009150 (0x78d74397) x 7 0xf8d7d150
core   0: 0x80009154 (0x62194413) xori    s0, s2, 1569
core   0: 3 0x80009154 (0x62194413) x 8 0x00000605
core   0: 0x80009158 (0x01e09f33) sll     t5, ra, t5
core   0: 3 0x80009158 (0x01e09f33) x30 0xfffffffe
core   0: 0x8000915c (0x03eb65b3) rem     a1, s6, t5
core   0: 3 0x8000915c (0x03eb65b3) x11 0x00000000
core   0: 0x80009160 (0xfd1dcf83) lbu     t6, -47(s11)
core   0: 3 0x80009160 (0xfd1dcf83) x31 0x00000024 mem 0x8001bedf
core   0: 0x80009164 (0x52966813) ori     a6, a2, 1321
core   0: 3 0x80009164 (0x52966813) x16 0x00006569
core   0: 0x80009168 (0x062dc503) lbu     a0, 98(s11)
core   0: 3 0x80009168 (0x062dc503) x10 0x00000005 mem 0x8001bf70
core   0: 0x8000916c (0xfe5d8ca3) sb      t0, -7(s11)
core   0: 3 0x8000916c (0xfe5d8ca3) mem 0x8001bf07 0xc6
core   0: 0x80009170 (0x00619a93) slli    s5, gp, 6
core   0: 3 0x80009170 (0x00619a93) x21 0x40000000
core   0: 0x80009174 (0x7a08c093) xori    ra, a7, 1952
core   0: 3 0x80009174 (0x7a08c093) x 1 0x000007a0
core   0: 0x80009178 (0x013d8383) lb      t2, 19(s11)
core   0: 3 0x80009178 (0x013d8383) x 7 0xffffffc1 mem 0x8001bf21
core   0: 0x8000917c (0x6603af93) slti    t6, t2, 1632
core   0: 3 0x8000917c (0x6603af93) x31 0x00000001
core   0: 0x80009180 (0x35a2bd93) sltiu   s11, t0, 858
core   0: 3 0x80009180 (0x35a2bd93) x27 0x00000000
core   0: 0x80009184 (0x014d8533) add     a0, s11, s4
core   0: 3 0x80009184 (0x014d8533) x10 0x80029ce4
core   0: 0x80009188 (0x03857433) remu    s0, a0, s8
core   0: 3 0x80009188 (0x03857433) x 8 0x00000004
core   0: 0x8000918c (0x0052d663) bge     t0, t0, pc + 12
core   0: 3 0x8000918c (0x0052d663)
core   0: 0x80009198 (0x02d8ea63) bltu    a7, a3, pc + 52
core   0: 3 0x80009198 (0x02d8ea63)
core   0: 0x800091cc (0x8ba4a893) slti    a7, s1, -1862
core   0: 3 0x800091cc (0x8ba4a893) x17 0x00000000
core   0: 0x800091d0 (0x02a5c333) div     t1, a1, a0
core   0: 3 0x800091d0 (0x02a5c333) x 6 0x00000000
core   0: 0x800091d4 (0x01fe3433) sltu    s0, t3, t6
core   0: 3 0x800091d4 (0x01fe3433) x 8 0x00000001
core   0: 0x800091d8 (0x02439533) mulh    a0, t2, tp
core   0: 3 0x800091d8 (0x02439533) x10 0x00000000
core   0: 0x800091dc (0xdaa8ba93) sltiu   s5, a7, -598
core   0: 3 0x800091dc (0xdaa8ba93) x21 0x00000001
core   0: 0x800091e0 (0x00c25ab3) srl     s5, tp, a2
core   0: 3 0x800091e0 (0x00c25ab3) x21 0xffffff83
core   0: 0x800091e4 (0x03790eb3) mul     t4, s2, s7
core   0: 3 0x800091e4 (0x03790eb3) x29 0x7e46e128
core   0: 0x800091e8 (0x02c0c5b3) div     a1, ra, a2
core   0: 3 0x800091e8 (0x02c0c5b3) x11 0x00000000
core   0: 0x800091ec (0x010afab3) and     s5, s5, a6
core   0: 3 0x800091ec (0x010afab3) x21 0x00006501
core   0: 0x800091f0 (0x0b9d8393) addi    t2, s11, 185
core   0: 3 0x800091f0 (0x0b9d8393) x 7 0x000000b9
core   0: 0x800091f4 (0x02bf4233) div     tp, t5, a1
core   0: 3 0x800091f4 (0x02bf4233) x 4 0xffffffff
core   0: 0x800091f8 (0x02e1d663) bge     gp, a4, pc + 44
core   0: 3 0x800091f8 (0x02e1d663)
core   0: 0x80009224 (0x02ff6063) bltu    t5, a5, pc + 32
core   0: 3 0x80009224 (0x02ff6063)
core   0: 0x80009228 (0x033cf863) bgeu    s9, s3, pc + 48
core   0: 3 0x80009228 (0x033cf863)
core   0: 0x8000922c (0x00b83333) sltu    t1, a6, a1
core   0: 3 0x8000922c (0x00b83333) x 6 0x00000000
core   0: 0x80009230 (0x003349b3) xor     s3, t1, gp
core   0: 3 0x80009230 (0x003349b3) x19 0x39000000
core   0: 0x80009234 (0x25c5b513) sltiu   a0, a1, 604
core   0: 3 0x80009234 (0x25c5b513) x10 0x00000001
core   0: 0x80009238 (0x01ca0713) addi    a4, s4, 28
core   0: 3 0x80009238 (0x01ca0713) x14 0x80029d00
core   0: 0x8000923c (0x00f11733) sll     a4, sp, a5
core   0: 3 0x8000923c (0x00f11733) x14 0x25dec000
core   0: 0x80009240 (0x008700b3) add     ra, a4, s0
core   0: 3 0x80009240 (0x008700b3) x 1 0x25dec001
core   0: 0x80009244 (0x035aa433) mulhsu  s0, s5, s5
core   0: 3 0x80009244 (0x035aa433) x 8 0x00000000
core   0: 0x80009248 (0x013d7833) and     a6, s10, s3
core   0: 3 0x80009248 (0x013d7833) x16 0x00000000
core   0: 0x8000924c (0x4ee7b993) sltiu   s3, a5, 1262
core   0: 3 0x8000924c (0x4ee7b993) x19 0x00000000
core   0: 0x80009250 (0x00b1a2b3) slt     t0, gp, a1
core   0: 3 0x80009250 (0x00b1a2b3) x 5 0x00000000
core   0: 0x80009254 (0x50d1ed93) ori     s11, gp, 1293
core   0: 3 0x80009254 (0x50d1ed93) x27 0x3900050d
core   0: 0x80009258 (0x8e2e0193) addi    gp, t3, -1822
core   0: 3 0x80009258 (0x8e2e0193) x 3 0xfffff8e2
core   0: 0x8000925c (0x031397b3) mulh    a5, t2, a7
core   0: 3 0x8000925c (0x031397b3) x15 0x00000000
core   0: 0x80009260 (0x004c1193) slli    gp, s8, 4
core   0: 3 0x80009260 (0x004c1193) x 3 0x000008c0
core   0: 0x80009264 (0x022148b3) div     a7, sp, sp
core   0: 3 0x80009264 (0x022148b3) x17 0x00000001
core   0: 0x80009268 (0x014275b3) and     a1, tp, s4
core   0: 3 0x80009268 (0x014275b3) x11 0x80029ce4
core   0: 0x8000926c (0x03dee9b3) rem     s3, t4, t4
core   0: 3 0x8000926c (0x03dee9b3) x19 0x00000000
core   0: 0x80009270 (0x00451193) slli    gp, a0, 4
core   0: 3 0x80009270 (0x00451193) x 3 0x00000010
core   0: 0x80009274 (0x00daf7b3) and     a5, s5, a3
core   0: 3 0x80009274 (0x00daf7b3) x15 0x00000000
core   0: 0x80009278 (0xec6ff993) andi    s3, t6, -314
core   0: 3 0x80009278 (0xec6ff993) x19 0x00000000
core   0: 0x8000927c (0x72868c13) addi    s8, a3, 1832
core   0: 3 0x8000927c (0x72868c13) x24 0x0000079e
core   0: 0x80009280 (0x41cf50b3) sra     ra, t5, t3
core   0: 3 0x80009280 (0x41cf50b3) x 1 0xfffffffe
core   0: 0x80009284 (0x00b86f33) or      t5, a6, a1
core   0: 3 0x80009284 (0x00b86f33) x30 0x80029ce4
core   0: 0x80009288 (0x008de863) bltu    s11, s0, pc + 16
core   0: 3 0x80009288 (0x008de863)
core   0: 0x8000928c (0x40ee58b3) sra     a7, t3, a4
core   0: 3 0x8000928c (0x40ee58b3) x17 0x00000000
core   0: 0x80009290 (0x01fc4533) xor     a0, s8, t6
core   0: 3 0x80009290 (0x01fc4533) x10 0x0000079f
core   0: 0x80009294 (0x00e21a93) slli    s5, tp, 14
core   0: 3 0x80009294 (0x00e21a93) x21 0xffffc000
core   0: 0x80009298 (0x03838063) beq     t2, s8, pc + 32
core   0: 3 0x80009298 (0x03838063)
core   0: 0x8000929c (0x00000013) nop
core   0: 3 0x8000929c (0x00000013)
core   0: 0x800092a0 (0x015509b3) add     s3, a0, s5
core   0: 3 0x800092a0 (0x015509b3) x19 0xffffc79f
core   0: 0x800092a4 (0x0036e3b3) or      t2, a3, gp
core   0: 3 0x800092a4 (0x0036e3b3) x 7 0x00000076
core   0: 0x800092a8 (0x0333bf33) mulhu   t5, t2, s3
core   0: 3 0x800092a8 (0x0333bf33) x30 0x00000075
core   0: 0x800092ac (0x03419ab3) mulh    s5, gp, s4
core   0: 3 0x800092ac (0x03419ab3) x21 0xfffffff8
core   0: 0x800092b0 (0x404eda93) srai    s5, t4, 4
core   0: 3 0x800092b0 (0x404eda93) x21 0x07e46e12
core   0: 0x800092b4 (0x013199b3) sll     s3, gp, s3
core   0: 3 0x800092b4 (0x013199b3) x19 0x00000000
core   0: 0x800092b8 (0x0f9d7493) andi    s1, s10, 249
core   0: 3 0x800092b8 (0x0f9d7493) x 9 0x00000000
core   0: 0x800092bc (0x0185a5b3) slt     a1, a1, s8
core   0: 3 0x800092bc (0x0185a5b3) x11 0x00000001
core   0: 0x800092c0 (0x40f95f33) sra     t5, s2, a5
core   0: 3 0x800092c0 (0x40f95f33) x30 0x00000024
core   0: 0x800092c4 (0x05c26863) bltu    tp, t3, pc + 80
core   0: 3 0x800092c4 (0x05c26863)
core   0: 0x800092c8 (0x0207b833) mulhu   a6, a5, zero
core   0: 3 0x800092c8 (0x0207b833) x16 0x00000000
core   0: 0x800092cc (0x02698db3) mul     s11, s3, t1
core   0: 3 0x800092cc (0x02698db3) x27 0x00000000
core   0: 0x800092d0 (0x020a00b3) mul     ra, s4, zero
core   0: 3 0x800092d0 (0x020a00b3) x 1 0x00000000
core   0: 0x800092d4 (0x00a1ecb3) or      s9, gp, a0
core   0: 3 0x800092d4 (0x00a1ecb3) x25 0x0000079f
core   0: 0x800092d8 (0x01d0b4b3) sltu    s1, ra, t4
core   0: 3 0x800092d8 (0x01d0b4b3) x 9 0x00000001
core   0: 0x800092dc (0xae404a93) xori    s5, zero, -1308
core   0: 3 0x800092dc (0xae404a93) x21 0xfffffae4
core   0: 0x800092e0 (0x0383f663) bgeu    t2, s8, pc + 44
core   0: 3 0x800092e0 (0x0383f663)
core   0: 0x800092e4 (0x033f32b3) mulhu   t0, t5, s3
core   0: 3 0x800092e4 (0x033f32b3) x 5 0x00000000
core   0: 0x800092e8 (0x03cb0533) mul     a0, s6, t3
core   0: 3 0x800092e8 (0x03cb0533) x10 0x00000000
core   0: 0x800092ec (0x0162c433) xor     s0, t0, s6
core   0: 3 0x800092ec (0x0162c433) x 8 0xffffc662
core   0: 0x800092f0 (0x01611633) sll     a2, sp, s6
core   0: 3 0x800092f0 (0x01611633) x12 0x000977b0
core   0: 0x800092f4 (0x04047263) bgeu    s0, zero, pc + 68
core   0: 3 0x800092f4 (0x04047263)
core   0: 0x80009338 (0x40770933) sub     s2, a4, t2
core   0: 3 0x80009338 (0x40770933) x18 0x25debf8a
core   0: 0x8000933c (0x00389033) sll     zero, a7, gp
core   0: 3 0x8000933c (0x00389033)
core   0: 0x80009340 (0x02c0cc63) blt     ra, a2, pc + 56
core   0: 3 0x80009340 (0x02c0cc63)
core   0: 0x80009378 (0x85f1e193) ori     gp, gp, -1953
core   0: 3 0x80009378 (0x85f1e193) x 3 0xfffff85f
core   0: 0x8000937c (0x64a82913) slti    s2, a6, 1610
core   0: 3 0x8000937c (0x64a82913) x18 0x00000001
core   0: 0x80009380 (0x00c867b3) or      a5, a6, a2
core   0: 3 0x80009380 (0x00c867b3) x15 0x000977b0
core   0: 0x80009384 (0x01383f33) sltu    t5, a6, s3
core   0: 3 0x80009384 (0x01383f33) x30 0x00000000
core   0: 0x80009388 (0x04f4f263) bgeu    s1, a5, pc + 68
core   0: 3 0x80009388 (0x04f4f263)
core   0: 0x8000938c (0x02e1a033) mulhsu  zero, gp, a4
core   0: 3 0x8000938c (0x02e1a033)
core   0: 0x80009390 (0x00335263) bge     t1, gp, pc + 4
core   0: 3 0x80009390 (0x00335263)
core   0: 0x80009394 (0x00a824b3) slt     s1, a6, a0
core   0: 3 0x80009394 (0x00a824b3) x 9 0x00000000
core   0: 0x80009398 (0x013c5033) srl     zero, s8, s3
core   0: 3 0x80009398 (0x013c5033)
core   0: 0x8000939c (0x0324fa63) bgeu    s1, s2, pc + 52
core   0: 3 0x8000939c (0x0324fa63)
core   0: 0x800093a0 (0x022083b3) mul     t2, ra, sp
core   0: 3 0x800093a0 (0x022083b3) x 7 0x00000000
core   0: 0x800093a4 (0x00000013) nop
core   0: 3 0x800093a4 (0x00000013)
core   0: 0x800093a8 (0x01e45213) srli    tp, s0, 30
core   0: 3 0x800093a8 (0x01e45213) x 4 0x00000003
core   0: 0x800093ac (0x00d10c63) beq     sp, a3, pc + 24
core   0: 3 0x800093ac (0x00d10c63)
core   0: 0x800093b0 (0x00055513) srli    a0, a0, 0
core   0: 3 0x800093b0 (0x00055513) x10 0x00000000
core   0: 0x800093b4 (0x01b64fb3) xor     t6, a2, s11
core   0: 3 0x800093b4 (0x01b64fb3) x31 0x000977b0
core   0: 0x800093b8 (0x016878b3) and     a7, a6, s6
core   0: 3 0x800093b8 (0x016878b3) x17 0x00000000
core   0: 0x800093bc (0x01550463) beq     a0, s5, pc + 8
core   0: 3 0x800093bc (0x01550463)
core   0: 0x800093c0 (0x392c7f93) andi    t6, s8, 914
core   0: 3 0x800093c0 (0x392c7f93) x31 0x00000392
core   0: 0x800093c4 (0x41bc5333) sra     t1, s8, s11
core   0: 3 0x800093c4 (0x41bc5333) x 6 0x0000079e
core   0: 0x800093c8 (0x4164d093) srai    ra, s1, 22
core   0: 3 0x800093c8 (0x4164d093) x 1 0x00000000
core   0: 0x800093cc (0x40620cb3) sub     s9, tp, t1
core   0: 3 0x800093cc (0x40620cb3) x25 0xfffff865
core   0: 0x800093d0 (0x42e1b093) sltiu   ra, gp, 1070
core   0: 3 0x800093d0 (0x42e1b093) x 1 0x00000000
core   0: 0x800093d4 (0x51493093) sltiu   ra, s2, 1300
core   0: 3 0x800093d4 (0x51493093) x 1 0x00000001
core   0: 0x800093d8 (0x03b0c833) div     a6, ra, s11
core   0: 3 0x800093d8 (0x03b0c833) x16 0xffffffff
core   0: 0x800093dc (0x6b6cf693) andi    a3, s9, 1718
core   0: 3 0x800093dc (0x6b6cf693) x13 0x00000024
core   0: 0x800093e0 (0x008fddb3) srl     s11, t6, s0
core   0: 3 0x800093e0 (0x008fddb3) x27 0x000000e4
core   0: 0x800093e4 (0x011b7cb3) and     s9, s6, a7
core   0: 3 0x800093e4 (0x011b7cb3) x25 0x00000000
core   0: 0x800093e8 (0x01336e63) bltu    t1, s3, pc + 28
core   0: 3 0x800093e8 (0x01336e63)
core   0: 0x800093ec (0xcf80ac97) auipc   s9, 0xcf80a
core   0: 3 0x800093ec (0xcf80ac97) x25 0x4f8133ec
core   0: 0x800093f0 (0x56f5c213) xori    tp, a1, 1391
core   0: 3 0x800093f0 (0x56f5c213) x 4 0x0000056e
core   0: 0x800093f4 (0x4168d393) srai    t2, a7, 22
core   0: 3 0x800093f4 (0x4168d393) x 7 0x00000000
core   0: 0x800093f8 (0x005d5cb3) srl     s9, s10, t0
core   0: 3 0x800093f8 (0x005d5cb3) x25 0x00000000
core   0: 0x800093fc (0x7d494893) xori    a7, s2, 2004
core   0: 3 0x800093fc (0x7d494893) x17 0x000007d5
core   0: 0x80009400 (0xc562e393) ori     t2, t0, -938
core   0: 3 0x80009400 (0xc562e393) x 7 0xfffffc56
core   0: 0x80009404 (0xca0ffb13) andi    s6, t6, -864
core   0: 3 0x80009404 (0xca0ffb13) x22 0x00000080
core   0: 0x80009408 (0x01625533) srl     a0, tp, s6
core   0: 3 0x80009408 (0x01625533) x10 0x0000056e
core   0: 0x8000940c (0x01dafb33) and     s6, s5, t4
core   0: 3 0x8000940c (0x01dafb33) x22 0x7e46e020
core   0: 0x80009410 (0xcbb31437) lui     s0, 0xcbb31
core   0: 3 0x80009410 (0xcbb31437) x 8 0xcbb31000
core   0: 0x80009414 (0x01d81833) sll     a6, a6, t4
core   0: 3 0x80009414 (0x01d81833) x16 0xffffff00
core   0: 0x80009418 (0x00559b33) sll     s6, a1, t0
core   0: 3 0x80009418 (0x00559b33) x22 0x00000001
core   0: 0x8000941c (0x13584513) xori    a0, a6, 309
core   0: 3 0x8000941c (0x13584513) x10 0xfffffe35
core   0: 0x80009420 (0xb3264d13) xori    s10, a2, -1230
core   0: 3 0x80009420 (0xb3264d13) x26 0xfff68c82
core   0: 0x80009424 (0xccdb4d13) xori    s10, s6, -819
core   0: 3 0x80009424 (0xccdb4d13) x26 0xfffffccc
core   0: 0x80009428 (0x038ff6b3) remu    a3, t6, s8
core   0: 3 0x80009428 (0x038ff6b3) x13 0x00000392
core   0: 0x8000942c (0x2d502293) slti    t0, zero, 725
core   0: 3 0x8000942c (0x2d502293) x 5 0x00000001
core   0: 0x80009430 (0x01bd09b3) add     s3, s10, s11
core   0: 3 0x80009430 (0x01bd09b3) x19 0xfffffdb0
core   0: 0x80009434 (0x02ab76b3) remu    a3, s6, a0
core   0: 3 0x80009434 (0x02ab76b3) x13 0x00000001
core   0: 0x80009438 (0xdf364393) xori    t2, a2, -525
core   0: 3 0x80009438 (0xdf364393) x 7 0xfff68a43
core   0: 0x8000943c (0x0f966463) bltu    a2, s9, pc + 232
core   0: 3 0x8000943c (0x0f966463)
core   0: 0x80009440 (0x281a8713) addi    a4, s5, 641
core   0: 3 0x80009440 (0x281a8713) x14 0xfffffd65
core   0: 0x80009444 (0x00016817) auipc   a6, 0x16
core   0: 3 0x80009444 (0x00016817) x16 0x8001f444
core   0: 0x80009448 (0x71380813) addi    a6, a6, 1811
core   0: 3 0x80009448 (0x71380813) x16 0x8001fb57
core   0: 0x8000944c (0x69414413) xori    s0, sp, 1684
core   0: 3 0x8000944c (0x69414413) x 8 0x80025b78
core   0: 0x80009450 (0x257e3793) sltiu   a5, t3, 599
core   0: 3 0x80009450 (0x257e3793) x15 0x00000001
core   0: 0x80009454 (0x4064d633) sra     a2, s1, t1
core   0: 3 0x80009454 (0x4064d633) x12 0x00000000
core   0: 0x80009458 (0xff780ea3) sb      s7, -3(a6)
core   0: 3 0x80009458 (0xff780ea3) mem 0x8001fb54 0x7a
core   0: 0x8000945c (0x40a95db3) sra     s11, s2, a0
core   0: 3 0x8000945c (0x40a95db3) x27 0x00000000
core   0: 0x80009460 (0x01c80723) sb      t3, 14(a6)
core   0: 3 0x80009460 (0x01c80723) mem 0x8001fb65 0x0
core   0: 0x80009464 (0x004a21b3) slt     gp, s4, tp
core   0: 3 0x80009464 (0x004a21b3) x 3 0x00000001
core   0: 0x80009468 (0x40d50033) sub     zero, a0, a3
core   0: 3 0x80009468 (0x40d50033)
core   0: 0x8000946c (0xffd84683) lbu     a3, -3(a6)
core   0: 3 0x8000946c (0xffd84683) x13 0x0000007a mem 0x8001fb54
core   0: 0x80009470 (0x00000013) nop
core   0: 3 0x80009470 (0x00000013)
core   0: 0x80009474 (0xffa80923) sb      s10, -14(a6)
core   0: 3 0x80009474 (0xffa80923) mem 0x8001fb49 0xcc
core   0: 0x80009478 (0xecbf3013) sltiu   zero, t5, -309
core   0: 3 0x80009478 (0xecbf3013)
core   0: 0x8000947c (0x67348a93) addi    s5, s1, 1651
core   0: 3 0x8000947c (0x67348a93) x21 0x00000673
core   0: 0x80009480 (0xff184703) lbu     a4, -15(a6)
core   0: 3 0x80009480 (0xff184703) x14 0x00000053 mem 0x8001fb48
core   0: 0x80009484 (0x015f9233) sll     tp, t6, s5
core   0: 3 0x80009484 (0x015f9233) x 4 0x1c900000
core   0: 0x80009488 (0x00e6de13) srli    t3, a3, 14
core   0: 3 0x80009488 (0x00e6de13) x28 0x00000000
core   0: 0x8000948c (0xc8984993) xori    s3, a6, -887
core   0: 3 0x8000948c (0xc8984993) x19 0x7ffe07de
core   0: 0x80009490 (0x41dad993) srai    s3, s5, 29
core   0: 3 0x80009490 (0x41dad993) x19 0x00000000
core   0: 0x80009494 (0x00684a83) lbu     s5, 6(a6)
core   0: 3 0x80009494 (0x00684a83) x21 0x000000be mem 0x8001fb5d
core   0: 0x80009498 (0x03be4433) div     s0, t3, s11
core   0: 3 0x80009498 (0x03be4433) x 8 0xffffffff
core   0: 0x8000949c (0x00181033) sll     zero, a6, ra
core   0: 3 0x8000949c (0x00181033)
core   0: 0x800094a0 (0xb70bcd17) auipc   s10, 0xb70bc
core   0: 3 0x800094a0 (0xb70bcd17) x26 0x370c54a0
core   0: 0x800094a4 (0x03b672b3) remu    t0, a2, s11
core   0: 3 0x800094a4 (0x03b672b3) x 5 0x00000000
core   0: 0x800094a8 (0x00000013) nop
core   0: 3 0x800094a8 (0x00000013)
core   0: 0x800094ac (0x005816a3) sh      t0, 13(a6)
core   0: 3 0x800094ac (0x005816a3) mem 0x8001fb64 0x0000
core   0: 0x800094b0 (0xfe780f23) sb      t2, -2(a6)
core   0: 3 0x800094b0 (0xfe780f23) mem 0x8001fb55 0x43
core   0: 0x800094b4 (0x00c84783) lbu     a5, 12(a6)
core   0: 3 0x800094b4 (0x00c84783) x15 0x000000ab mem 0x8001fb63
core   0: 0x800094b8 (0x032dc033) div     zero, s11, s2
core   0: 3 0x800094b8 (0x032dc033)
core   0: 0x800094bc (0xffa80e23) sb      s10, -4(a6)
core   0: 3 0x800094bc (0xffa80e23) mem 0x8001fb53 0xa0
core   0: 0x800094c0 (0xffb80983) lb      s3, -5(a6)
core   0: 3 0x800094c0 (0xffb80983) x19 0x00000024 mem 0x8001fb52
core   0: 0x800094c4 (0xffe80983) lb      s3, -2(a6)
core   0: 3 0x800094c4 (0xffe80983) x19 0x00000043 mem 0x8001fb55
core   0: 0x800094c8 (0x00f6dfb3) srl     t6, a3, a5
core   0: 3 0x800094c8 (0x00f6dfb3) x31 0x00000000
core   0: 0x800094cc (0x3a777a93) andi    s5, a4, 935
core   0: 3 0x800094cc (0x3a777a93) x21 0x00000003
core   0: 0x800094d0 (0xf2bae913) ori     s2, s5, -213
core   0: 3 0x800094d0 (0xf2bae913) x18 0xffffff2b
core   0: 0x800094d4 (0x01fcc733) xor     a4, s9, t6
core   0: 3 0x800094d4 (0x01fcc733) x14 0x00000000
core   0: 0x800094d8 (0xff284583) lbu     a1, -14(a6)
core   0: 3 0x800094d8 (0xff284583) x11 0x000000cc mem 0x8001fb49
core   0: 0x800094dc (0x01380023) sb      s3, 0(a6)
core   0: 3 0x800094dc (0x01380023) mem 0x8001fb57 0x43
core   0: 0x800094e0 (0xfec809a3) sb      a2, -13(a6)
core   0: 3 0x800094e0 (0xfec809a3) mem 0x8001fb4a 0x0
core   0: 0x800094e4 (0x017f4233) xor     tp, t5, s7
core   0: 3 0x800094e4 (0x017f4233) x 4 0xb549147a
core   0: 0x800094e8 (0x00f64263) blt     a2, a5, pc + 4
core   0: 3 0x800094e8 (0x00f64263)
core   0: 0x800094ec (0x1b477593) andi    a1, a4, 436
core   0: 3 0x800094ec (0x1b477593) x11 0x00000000
core   0: 0x800094f0 (0x02a09b33) mulh    s6, ra, a0
core   0: 3 0x800094f0 (0x02a09b33) x22 0xffffffff
core   0: 0x800094f4 (0x00b81a93) slli    s5, a6, 11
core   0: 3 0x800094f4 (0x00b81a93) x21 0x0fdab800
core   0: 0x800094f8 (0x01cc0c63) beq     s8, t3, pc + 24
core   0: 3 0x800094f8 (0x01cc0c63)
core   0: 0x800094fc (0x40ee5233) sra     tp, t3, a4
core   0: 3 0x800094fc (0x40ee5233) x 4 0x00000000
core   0: 0x80009500 (0x027a6863) bltu    s4, t2, pc + 48
core   0: 3 0x80009500 (0x027a6863)
core   0: 0x80009530 (0x01322333) slt     t1, tp, s3
core   0: 3 0x80009530 (0x01322333) x 6 0x00000001
core   0: 0x80009534 (0x03c597b3) mulh    a5, a1, t3
core   0: 3 0x80009534 (0x03c597b3) x15 0x00000000
core   0: 0x80009538 (0x034b8db3) mul     s11, s7, s4
core   0: 3 0x80009538 (0x034b8db3) x27 0x268494a8
core   0: 0x8000953c (0x03acf5b3) remu    a1, s9, s10
core   0: 3 0x8000953c (0x03acf5b3) x11 0x00000000
core   0: 0x80009540 (0x02294db3) div     s11, s2, sp
core   0: 3 0x80009540 (0x02294db3) x27 0x00000000
core   0: 0x80009544 (0x0136f0b3) and     ra, a3, s3
core   0: 3 0x80009544 (0x0136f0b3) x 1 0x00000042
core   0: 0x80009548 (0x01cf29b3) slt     s3, t5, t3
core   0: 3 0x80009548 (0x01cf29b3) x19 0x00000000
core   0: 0x8000954c (0x02b47e63) bgeu    s0, a1, pc + 60
core   0: 3 0x8000954c (0x02b47e63)
core   0: 0x80009588 (0x00c549b3) xor     s3, a0, a2
core   0: 3 0x80009588 (0x00c549b3) x19 0xfffffe35
core   0: 0x8000958c (0x41a18cb3) sub     s9, gp, s10
core   0: 3 0x8000958c (0x41a18cb3) x25 0xc8f3ab61
core   0: 0x80009590 (0x008b0633) add     a2, s6, s0
core   0: 3 0x80009590 (0x008b0633) x12 0xfffffffe
core   0: 0x80009594 (0xd5a26197) auipc   gp, 0xd5a26
core   0: 3 0x80009594 (0xd5a26197) x 3 0x55a2f594
core   0: 0x80009598 (0x01d59613) slli    a2, a1, 29
core   0: 3 0x80009598 (0x01d59613) x12 0x00000000
core   0: 0x8000959c (0x41c1df93) srai    t6, gp, 28
core   0: 3 0x8000959c (0x41c1df93) x31 0x00000005
core   0: 0x800095a0 (0x02967833) remu    a6, a2, s1
core   0: 3 0x800095a0 (0x02967833) x16 0x00000000
core   0: 0x800095a4 (0x03d18533) mul     a0, gp, t4
core   0: 3 0x800095a4 (0x03d18533) x10 0x99c57320
core   0: 0x800095a8 (0x027daf33) mulhsu  t5, s11, t2
core   0: 3 0x800095a8 (0x027daf33) x30 0x00000000
core   0: 0x800095ac (0xf23fa293) slti    t0, t6, -221
core   0: 3 0x800095ac (0xf23fa293) x 5 0x00000000
core   0: 0x800095b0 (0x03815233) divu    tp, sp, s8
core   0: 3 0x800095b0 (0x03815233) x 4 0x0010ce29
core   0: 0x800095b4 (0x5d413013) sltiu   zero, sp, 1492
core   0: 3 0x800095b4 (0x5d413013)
core   0: 0x800095b8 (0x00fafb33) and     s6, s5, a5
core   0: 3 0x800095b8 (0x00fafb33) x22 0x00000000
core   0: 0x800095bc (0x01f99a63) bne     s3, t6, pc + 20
core   0: 3 0x800095bc (0x01f99a63)
core   0: 0x800095d0 (0x47a9b313) sltiu   t1, s3, 1146
core   0: 3 0x800095d0 (0x47a9b313) x 6 0x00000000
core   0: 0x800095d4 (0x41665d93) srai    s11, a2, 22
core   0: 3 0x800095d4 (0x41665d93) x27 0x00000000
core   0: 0x800095d8 (0x02b56433) rem     s0, a0, a1
core   0: 3 0x800095d8 (0x02b56433) x 8 0x99c57320
core   0: 0x800095dc (0xd1326a93) ori     s5, tp, -749
core   0: 3 0x800095dc (0xd1326a93) x21 0xffffff3b
core   0: 0x800095e0 (0x051df263) bgeu    s11, a7, pc + 68
core   0: 3 0x800095e0 (0x051df263)
core   0: 0x800095e4 (0xd91cb313) sltiu   t1, s9, -623
core   0: 3 0x800095e4 (0xd91cb313) x 6 0x00000001
core   0: 0x800095e8 (0x0124c633) xor     a2, s1, s2
core   0: 3 0x800095e8 (0x0124c633) x12 0xffffff2b
core   0: 0x800095ec (0x75d82693) slti    a3, a6, 1885
core   0: 3 0x800095ec (0x75d82693) x13 0x00000001
core   0: 0x800095f0 (0x41cc0ab3) sub     s5, s8, t3
core   0: 3 0x800095f0 (0x41cc0ab3) x21 0x0000079e
core   0: 0x800095f4 (0x009824b3) slt     s1, a6, s1
core   0: 3 0x800095f4 (0x009824b3) x 9 0x00000000
core   0: 0x800095f8 (0x416f5993) srai    s3, t5, 22
core   0: 3 0x800095f8 (0x416f5993) x19 0x00000000
core   0: 0x800095fc (0x02efe733) rem     a4, t6, a4
core   0: 3 0x800095fc (0x02efe733) x14 0x00000005
core   0: 0x80009600 (0x01840463) beq     s0, s8, pc + 8
core   0: 3 0x80009600 (0x01840463)
core   0: 0x80009604 (0x2db3c517) auipc   a0, 0x2db3c
core   0: 3 0x80009604 (0x2db3c517) x10 0xadb45604
core   0: 0x80009608 (0x00bf77b3) and     a5, t5, a1
core   0: 3 0x80009608 (0x00bf77b3) x15 0x00000000
core   0: 0x8000960c (0x00b7f233) and     tp, a5, a1
core   0: 3 0x8000960c (0x00b7f233) x 4 0x00000000
core   0: 0x80009610 (0xb9716a93) ori     s5, sp, -1129
core   0: 3 0x80009610 (0xb9716a93) x21 0xffffffff
core   0: 0x80009614 (0xd838e037) lui     zero, 0xd838e
core   0: 3 0x80009614 (0xd838e037)
core   0: 0x80009618 (0x029449b3) div     s3, s0, s1
core   0: 3 0x80009618 (0x029449b3) x19 0xffffffff
core   0: 0x8000961c (0x22a8c513) xori    a0, a7, 554
core   0: 3 0x8000961c (0x22a8c513) x10 0x000005ff
core   0: 0x80009620 (0x404fd313) srai    t1, t6, 4
core   0: 3 0x80009620 (0x404fd313) x 6 0x00000000
core   0: 0x80009624 (0x003da633) slt     a2, s11, gp
core   0: 3 0x80009624 (0x003da633) x12 0x00000001
core   0: 0x80009628 (0x03e37a63) bgeu    t1, t5, pc + 52
core   0: 3 0x80009628 (0x03e37a63)
core   0: 0x8000965c (0x691f7537) lui     a0, 0x691f7
core   0: 3 0x8000965c (0x691f7537) x10 0x691f7000
core   0: 0x80009660 (0xc9fa52b7) lui     t0, 0xc9fa5
core   0: 3 0x80009660 (0xc9fa52b7) x 5 0xc9fa5000
core   0: 0x80009664 (0x01165893) srli    a7, a2, 17
core   0: 3 0x80009664 (0x01165893) x17 0x00000000
core   0: 0x80009668 (0x00000013) nop
core   0: 3 0x80009668 (0x00000013)
core   0: 0x8000966c (0x0059a933) slt     s2, s3, t0
core   0: 3 0x8000966c (0x0059a933) x18 0x00000000
core   0: 0x80009670 (0x02a230b3) mulhu   ra, tp, a0
core   0: 3 0x80009670 (0x02a230b3) x 1 0x00000000
core   0: 0x80009674 (0x02aecc33) div     s8, t4, a0
core   0: 3 0x80009674 (0x02aecc33) x24 0x00000001
core   0: 0x80009678 (0x01aed513) srli    a0, t4, 26
core   0: 3 0x80009678 (0x01aed513) x10 0x0000001f
core   0: 0x8000967c (0x40920633) sub     a2, tp, s1
core   0: 3 0x8000967c (0x40920633) x12 0x00000000
core   0: 0x80009680 (0x00079433) sll     s0, a5, zero
core   0: 3 0x80009680 (0x00079433) x 8 0x00000000
core   0: 0x80009684 (0x011ed813) srli    a6, t4, 17
core   0: 3 0x80009684 (0x011ed813) x16 0x00003f23
core   0: 0x80009688 (0xfc616293) ori     t0, sp, -58
core   0: 3 0x80009688 (0xfc616293) x 5 0xffffffee
core   0: 0x8000968c (0x02a77663) bgeu    a4, a0, pc + 44
core   0: 3 0x8000968c (0x02a77663)
core   0: 0x80009690 (0x00000013) nop
core   0: 3 0x80009690 (0x00000013)
core   0: 0x80009694 (0x00fae863) bltu    s5, a5, pc + 16
core   0: 3 0x80009694 (0x00fae863)
core   0: 0x80009698 (0x03ddf063) bgeu    s11, t4, pc + 32
core   0: 3 0x80009698 (0x03ddf063)
core   0: 0x8000969c (0x01596663) bltu    s2, s5, pc + 12
core   0: 3 0x8000969c (0x01596663)
core   0: 0x800096a8 (0x016de7b3) or      a5, s11, s6
core   0: 3 0x800096a8 (0x016de7b3) x15 0x00000000
core   0: 0x800096ac (0x0248fcb3) remu    s9, a7, tp
core   0: 3 0x800096ac (0x0248fcb3) x25 0x00000000
core   0: 0x800096b0 (0x01541663) bne     s0, s5, pc + 12
core   0: 3 0x800096b0 (0x01541663)
core   0: 0x800096bc (0x01b98633) add     a2, s3, s11
core   0: 3 0x800096bc (0x01b98633) x12 0xffffffff
core   0: 0x800096c0 (0x00987fb3) and     t6, a6, s1
core   0: 3 0x800096c0 (0x00987fb3) x31 0x00000000
core   0: 0x800096c4 (0x6ca60c13) addi    s8, a2, 1738
core   0: 3 0x800096c4 (0x6ca60c13) x24 0x000006c9
core   0: 0x800096c8 (0x00bc1713) slli    a4, s8, 11
core   0: 3 0x800096c8 (0x00bc1713) x14 0x00364800
core   0: 0x800096cc (0x00b4a833) slt     a6, s1, a1
core   0: 3 0x800096cc (0x00b4a833) x16 0x00000000
core   0: 0x800096d0 (0x01ff4933) xor     s2, t5, t6
core   0: 3 0x800096d0 (0x01ff4933) x18 0x00000000
core   0: 0x800096d4 (0x026e8033) mul     zero, t4, t1
core   0: 3 0x800096d4 (0x026e8033)
core   0: 0x800096d8 (0x012fb633) sltu    a2, t6, s2
core   0: 3 0x800096d8 (0x012fb633) x12 0x00000000
core   0: 0x800096dc (0xac2aba93) sltiu   s5, s5, -1342
core   0: 3 0x800096dc (0xac2aba93) x21 0x00000000
core   0: 0x800096e0 (0x0045cc63) blt     a1, tp, pc + 24
core   0: 3 0x800096e0 (0x0045cc63)
core   0: 0x800096e4 (0x4118dcb3) sra     s9, a7, a7
core   0: 3 0x800096e4 (0x4118dcb3) x25 0x00000000
core   0: 0x800096e8 (0x43d6ea93) ori     s5, a3, 1085
core   0: 3 0x800096e8 (0x43d6ea93) x21 0x0000043d
core   0: 0x800096ec (0x0075dc63) bge     a1, t2, pc + 24
core   0: 3 0x800096ec (0x0075dc63)
core   0: 0x80009704 (0xd499ae93) slti    t4, s3, -695
core   0: 3 0x80009704 (0xd499ae93) x29 0x00000000
core   0: 0x80009708 (0x02399e33) mulh    t3, s3, gp
core   0: 3 0x80009708 (0x02399e33) x28 0xffffffff
core   0: 0x8000970c (0x06f7c463) blt     a5, a5, pc + 104
core   0: 3 0x8000970c (0x06f7c463)
core   0: 0x80009710 (0xaea42e93) slti    t4, s0, -1302
core   0: 3 0x80009710 (0xaea42e93) x29 0x00000000
core   0: 0x80009714 (0x01584ab3) xor     s5, a6, s5
core   0: 3 0x80009714 (0x01584ab3) x21 0x0000043d
core   0: 0x80009718 (0x408f5993) srai    s3, t5, 8
core   0: 3 0x80009718 (0x408f5993) x19 0x00000000
core   0: 0x8000971c (0x01ced6b3) srl     a3, t4, t3
core   0: 3 0x8000971c (0x01ced6b3) x13 0x00000000
core   0: 0x80009720 (0x01715e13) srli    t3, sp, 23
core   0: 3 0x80009720 (0x01715e13) x28 0x00000100
core   0: 0x80009724 (0x01cdd233) srl     tp, s11, t3
core   0: 3 0x80009724 (0x01cdd233) x 4 0x00000000
core   0: 0x80009728 (0x07f4e863) bltu    s1, t6, pc + 112
core   0: 3 0x80009728 (0x07f4e863)
core   0: 0x8000972c (0x007c5b33) srl     s6, s8, t2
core   0: 3 0x8000972c (0x007c5b33) x22 0x000000d9
core   0: 0x80009730 (0x069df863) bgeu    s11, s1, pc + 112
core   0: 3 0x80009730 (0x069df863)
core   0: 0x800097a0 (0x6161b517) auipc   a0, 0x6161b
core   0: 3 0x800097a0 (0x6161b517) x10 0xe16247a0
core   0: 0x800097a4 (0xe8192413) slti    s0, s2, -383
core   0: 3 0x800097a4 (0xe8192413) x 8 0x00000000
core   0: 0x800097a8 (0x610d8213) addi    tp, s11, 1552
core   0: 3 0x800097a8 (0x610d8213) x 4 0x00000610
core   0: 0x800097ac (0x0027deb3) srl     t4, a5, sp
core   0: 3 0x800097ac (0x0027deb3) x29 0x00000000
core   0: 0x800097b0 (0x027632b3) mulhu   t0, a2, t2
core   0: 3 0x800097b0 (0x027632b3) x 5 0x00000000
core   0: 0x800097b4 (0x4115d033) sra     zero, a1, a7
core   0: 3 0x800097b4 (0x4115d033)
core   0: 0x800097b8 (0x0268be33) mulhu   t3, a7, t1
core   0: 3 0x800097b8 (0x0268be33) x28 0x00000000
core   0: 0x800097bc (0x029266b3) rem     a3, tp, s1
core   0: 3 0x800097bc (0x029266b3) x13 0x00000610
core   0: 0x800097c0 (0x0116e233) or      tp, a3, a7
core   0: 3 0x800097c0 (0x0116e233) x 4 0x00000610
core   0: 0x800097c4 (0x0154df93) srli    t6, s1, 21
core   0: 3 0x800097c4 (0x0154df93) x31 0x00000000
core   0: 0x800097c8 (0x007b1fb3) sll     t6, s6, t2
core   0: 3 0x800097c8 (0x007b1fb3) x31 0x000006c8
core   0: 0x800097cc (0x00000013) nop
core   0: 3 0x800097cc (0x00000013)
core   0: 0x800097d0 (0x012e5313) srli    t1, t3, 18
core   0: 3 0x800097d0 (0x012e5313) x 6 0x00000000
core   0: 0x800097d4 (0x01942333) slt     t1, s0, s9
core   0: 3 0x800097d4 (0x01942333) x 6 0x00000000
core   0: 0x800097d8 (0xba97f693) andi    a3, a5, -1111
core   0: 3 0x800097d8 (0xba97f693) x13 0x00000000
core   0: 0x800097dc (0x40bd8333) sub     t1, s11, a1
core   0: 3 0x800097dc (0x40bd8333) x 6 0x00000000
core   0: 0x800097e0 (0x417bd093) srai    ra, s7, 23
core   0: 3 0x800097e0 (0x417bd093) x 1 0xffffff6a
core   0: 0x800097e4 (0xa9ba4193) xori    gp, s4, -1381
core   0: 3 0x800097e4 (0xa9ba4193) x 3 0x7ffd667f
core   0: 0x800097e8 (0x23db3313) sltiu   t1, s6, 573
core   0: 3 0x800097e8 (0x23db3313) x 6 0x00000001
core   0: 0x800097ec (0x03f8dd33) divu    s10, a7, t6
core   0: 3 0x800097ec (0x03f8dd33) x26 0x00000000
core   0: 0x800097f0 (0xe313bb37) lui     s6, 0xe313b
core   0: 3 0x800097f0 (0xe313bb37) x22 0xe313b000
core   0: 0x800097f4 (0x01319513) slli    a0, gp, 19
core   0: 3 0x800097f4 (0x01319513) x10 0x33f80000
core   0: 0x800097f8 (0x01f21633) sll     a2, tp, t6
core   0: 3 0x800097f8 (0x01f21633) x12 0x00061000
core   0: 0x800097fc (0x4014d513) srai    a0, s1, 1
core   0: 3 0x800097fc (0x4014d513) x10 0x00000000
core   0: 0x80009800 (0x40005fb3) sra     t6, zero, zero
core   0: 3 0x80009800 (0x40005fb3) x31 0x00000000
core   0: 0x80009804 (0x00ac5013) srli    zero, s8, 10
core   0: 3 0x80009804 (0x00ac5013)
core   0: 0x80009808 (0x000c4263) bltz    s8, pc + 4
core   0: 3 0x80009808 (0x000c4263)
core   0: 0x8000980c (0x01884b33) xor     s6, a6, s8
core   0: 3 0x8000980c (0x01884b33) x22 0x000006c9
core   0: 0x80009810 (0x00000013) nop
core   0: 3 0x80009810 (0x00000013)
core   0: 0x80009814 (0x456f7893) andi    a7, t5, 1110
core   0: 3 0x80009814 (0x456f7893) x17 0x00000000
core   0: 0x80009818 (0x03d9b6b3) mulhu   a3, s3, t4
core   0: 3 0x80009818 (0x03d9b6b3) x13 0x00000000
core   0: 0x8000981c (0x0b816513) ori     a0, sp, 184
core   0: 3 0x8000981c (0x0b816513) x10 0x80025dfc
core   0: 0x80009820 (0x0bd07cb7) lui     s9, 0xbd07
core   0: 3 0x80009820 (0x0bd07cb7) x25 0x0bd07000
core   0: 0x80009824 (0x038d7863) bgeu    s10, s8, pc + 48
core   0: 3 0x80009824 (0x038d7863)
core   0: 0x80009828 (0x03201063) bne     zero, s2, pc + 32
core   0: 3 0x80009828 (0x03201063)
core   0: 0x8000982c (0x0220ea63) bltu    ra, sp, pc + 52
core   0: 3 0x8000982c (0x0220ea63)
core   0: 0x80009830 (0x9adcf597) auipc   a1, 0x9adcf
core   0: 3 0x80009830 (0x9adcf597) x11 0x1add8830
core   0: 0x80009834 (0x01698e33) add     t3, s3, s6
core   0: 3 0x80009834 (0x01698e33) x28 0x000006c9
core   0: 0x80009838 (0x034a2233) mulhsu  tp, s4, s4
core   0: 3 0x80009838 (0x034a2233) x 4 0xc0000006
core   0: 0x8000983c (0x020b1663) bnez    s6, pc + 44
core   0: 3 0x8000983c (0x020b1663)
core   0: 0x80009868 (0x02c3c033) div     zero, t2, a2
core   0: 3 0x80009868 (0x02c3c033)
core   0: 0x8000986c (0x0076ef33) or      t5, a3, t2
core   0: 3 0x8000986c (0x0076ef33) x30 0xfff68a43
core   0: 0x80009870 (0x04607263) bgeu    zero, t1, pc + 68
core   0: 3 0x80009870 (0x04607263)
core   0: 0x80009874 (0x01d11333) sll     t1, sp, t4
core   0: 3 0x80009874 (0x01d11333) x 6 0x80025dec
core   0: 0x80009878 (0x01a1f533) and     a0, gp, s10
core   0: 3 0x80009878 (0x01a1f533) x10 0x00000000
core   0: 0x8000987c (0x55738093) addi    ra, t2, 1367
core   0: 3 0x8000987c (0x55738093) x 1 0xfff68f9a
core   0: 0x80009880 (0x012dfd33) and     s10, s11, s2
core   0: 3 0x80009880 (0x012dfd33) x26 0x00000000
core   0: 0x80009884 (0x892baf13) slti    t5, s7, -1902
core   0: 3 0x80009884 (0x892baf13) x30 0x00000001
core   0: 0x80009888 (0x00217c63) bgeu    sp, sp, pc + 24
core   0: 3 0x80009888 (0x00217c63)
core   0: 0x800098a0 (0x01f8d693) srli    a3, a7, 31
core   0: 3 0x800098a0 (0x01f8d693) x13 0x00000000
core   0: 0x800098a4 (0x00cdeb33) or      s6, s11, a2
core   0: 3 0x800098a4 (0x00cdeb33) x22 0x00061000
core   0: 0x800098a8 (0x41f00e33) sub     t3, zero, t6
core   0: 3 0x800098a8 (0x41f00e33) x28 0x00000000
core   0: 0x800098ac (0x00fd7fb3) and     t6, s10, a5
core   0: 3 0x800098ac (0x00fd7fb3) x31 0x00000000
core   0: 0x800098b0 (0x04d76863) bltu    a4, a3, pc + 80
core   0: 3 0x800098b0 (0x04d76863)
core   0: 0x800098b4 (0x00000013) nop
core   0: 3 0x800098b4 (0x00000013)
core   0: 0x800098b8 (0xd6c36e13) ori     t3, t1, -660
core   0: 3 0x800098b8 (0xd6c36e13) x28 0xfffffdec
core   0: 0x800098bc (0x02c54eb3) div     t4, a0, a2
core   0: 3 0x800098bc (0x02c54eb3) x29 0x00000000
core   0: 0x800098c0 (0x01b034b3) snez    s1, s11
core   0: 3 0x800098c0 (0x01b034b3) x 9 0x00000000
core   0: 0x800098c4 (0x0168e833) or      a6, a7, s6
core   0: 3 0x800098c4 (0x0168e833) x16 0x00061000
core   0: 0x800098c8 (0x023e10b3) mulh    ra, t3, gp
core   0: 3 0x800098c8 (0x023e10b3) x 1 0xfffffef6
core   0: 0x800098cc (0x017ac333) xor     t1, s5, s7
core   0: 3 0x800098cc (0x017ac333) x 6 0xb5491047
core   0: 0x800098d0 (0x20737e13) andi    t3, t1, 519
core   0: 3 0x800098d0 (0x20737e13) x28 0x00000007
core   0: 0x800098d4 (0x33b13493) sltiu   s1, sp, 827
core   0: 3 0x800098d4 (0x33b13493) x 9 0x00000000
core   0: 0x800098d8 (0x01b2ddb3) srl     s11, t0, s11
core   0: 3 0x800098d8 (0x01b2ddb3) x27 0x00000000
core   0: 0x800098dc (0x00b07863) bgeu    zero, a1, pc + 16
core   0: 3 0x800098dc (0x00b07863)
core   0: 0x800098e0 (0x038579b3) remu    s3, a0, s8
core   0: 3 0x800098e0 (0x038579b3) x19 0x00000000
core   0: 0x800098e4 (0x02eba0b3) mulhsu  ra, s7, a4
core   0: 3 0x800098e4 (0x02eba0b3) x 1 0xfff02866
core   0: 0x800098e8 (0x00695263) bge     s2, t1, pc + 4
core   0: 3 0x800098e8 (0x00695263)
core   0: 0x800098ec (0x02d30633) mul     a2, t1, a3
core   0: 3 0x800098ec (0x02d30633) x12 0x00000000
core   0: 0x800098f0 (0x00179633) sll     a2, a5, ra
core   0: 3 0x800098f0 (0x00179633) x12 0x00000000
core   0: 0x800098f4 (0x02b847b3) div     a5, a6, a1
core   0: 3 0x800098f4 (0x02b847b3) x15 0x00000000
core   0: 0x800098f8 (0x02627f13) andi    t5, tp, 38
core   0: 3 0x800098f8 (0x02627f13) x30 0x00000006
core   0: 0x800098fc (0x00fcd663) bge     s9, a5, pc + 12
core   0: 3 0x800098fc (0x00fcd663)
core   0: 0x80009908 (0x02a6e5b3) rem     a1, a3, a0
core   0: 3 0x80009908 (0x02a6e5b3) x11 0x00000000
core   0: 0x8000990c (0x041d0263) beq     s10, ra, pc + 68
core   0: 3 0x8000990c (0x041d0263)
core   0: 0x80009910 (0x036556b3) divu    a3, a0, s6
core   0: 3 0x80009910 (0x036556b3) x13 0x00000000
core   0: 0x80009914 (0x00bf1d13) slli    s10, t5, 11
core   0: 3 0x80009914 (0x00bf1d13) x26 0x00003000
core   0: 0x80009918 (0xefa9f617) auipc   a2, 0xefa9f
core   0: 3 0x80009918 (0xefa9f617) x12 0x6faa8918
core   0: 0x8000991c (0x0c6aa213) slti    tp, s5, 198
core   0: 3 0x8000991c (0x0c6aa213) x 4 0x00000000
core   0: 0x80009920 (0x411c54b3) sra     s1, s8, a7
core   0: 3 0x80009920 (0x411c54b3) x 9 0x000006c9
core   0: 0x80009924 (0xda5d6c13) ori     s8, s10, -603
core   0: 3 0x80009924 (0xda5d6c13) x24 0xfffffda5
core   0: 0x80009928 (0x00000013) nop
core   0: 3 0x80009928 (0x00000013)
core   0: 0x8000992c (0x0372fc63) bgeu    t0, s7, pc + 56
core   0: 3 0x8000992c (0x0372fc63)
core   0: 0x80009930 (0x036f04b3) mul     s1, t5, s6
core   0: 3 0x80009930 (0x036f04b3) x 9 0x00246000
core   0: 0x80009934 (0x01238a63) beq     t2, s2, pc + 20
core   0: 3 0x80009934 (0x01238a63)
core   0: 0x80009938 (0x03586e33) rem     t3, a6, s5
core   0: 3 0x80009938 (0x03586e33) x28 0x000000ca
core   0: 0x8000993c (0x02042233) mulhsu  tp, s0, zero
core   0: 3 0x8000993c (0x02042233) x 4 0x00000000
core   0: 0x80009940 (0xf8582693) slti    a3, a6, -123
core   0: 3 0x80009940 (0xf8582693) x13 0x00000000
core   0: 0x80009944 (0x0073f733) and     a4, t2, t2
core   0: 3 0x80009944 (0x0073f733) x14 0xfff68a43
core   0: 0x80009948 (0xf29f7013) andi    zero, t5, -215
core   0: 3 0x80009948 (0xf29f7013)
core   0: 0x8000994c (0x034b8663) beq     s7, s4, pc + 44
core   0: 3 0x8000994c (0x034b8663)
core   0: 0x80009950 (0x03d91db3) mulh    s11, s2, t4
core   0: 3 0x80009950 (0x03d91db3) x27 0x00000000
core   0: 0x80009954 (0x00457233) and     tp, a0, tp
core   0: 3 0x80009954 (0x00457233) x 4 0x00000000
core   0: 0x80009958 (0x415f03b3) sub     t2, t5, s5
core   0: 3 0x80009958 (0x415f03b3) x 7 0xfffffbc9
core   0: 0x8000995c (0x0025d513) srli    a0, a1, 2
core   0: 3 0x8000995c (0x0025d513) x10 0x00000000
core   0: 0x80009960 (0x4101d393) srai    t2, gp, 16
core   0: 3 0x80009960 (0x4101d393) x 7 0x00007ffd
core   0: 0x80009964 (0x01f44233) xor     tp, s0, t6
core   0: 3 0x80009964 (0x01f44233) x 4 0x00000000
core   0: 0x80009968 (0x40dedf93) srai    t6, t4, 13
core   0: 3 0x80009968 (0x40dedf93) x31 0x00000000
core   0: 0x8000996c (0x007c9913) slli    s2, s9, 7
core   0: 3 0x8000996c (0x007c9913) x18 0xe8380000
core   0: 0x80009970 (0x068b5a63) bge     s6, s0, pc + 116
core   0: 3 0x80009970 (0x068b5a63)
core   0: 0x800099e4 (0x01efb7b3) sltu    a5, t6, t5
core   0: 3 0x800099e4 (0x01efb7b3) x15 0x00000001
core   0: 0x800099e8 (0x005ebab3) sltu    s5, t4, t0
core   0: 3 0x800099e8 (0x005ebab3) x21 0x00000000
core   0: 0x800099ec (0x014f4333) xor     t1, t5, s4
core   0: 3 0x800099ec (0x014f4333) x 6 0x80029ce2
core   0: 0x800099f0 (0xecf46393) ori     t2, s0, -305
core   0: 3 0x800099f0 (0xecf46393) x 7 0xfffffecf
core   0: 0x800099f4 (0x3a450697) auipc   a3, 0x3a450
core   0: 3 0x800099f4 (0x3a450697) x13 0xba4599f4
core   0: 0x800099f8 (0x40d25f93) srai    t6, tp, 13
core   0: 3 0x800099f8 (0x40d25f93) x31 0x00000000
core   0: 0x800099fc (0xfb227093) andi    ra, tp, -78
core   0: 3 0x800099fc (0xfb227093) x 1 0x00000000
core   0: 0x80009a00 (0x037231b3) mulhu   gp, tp, s7
core   0: 3 0x80009a00 (0x037231b3) x 3 0x00000000
core   0: 0x80009a04 (0x38118313) addi    t1, gp, 897
core   0: 3 0x80009a04 (0x38118313) x 6 0x00000381
core   0: 0x80009a08 (0x025d1063) bne     s10, t0, pc + 32
core   0: 3 0x80009a08 (0x025d1063)
core   0: 0x80009a28 (0x02ac4833) div     a6, s8, a0
core   0: 3 0x80009a28 (0x02ac4833) x16 0xffffffff
core   0: 0x80009a2c (0x034098b3) mulh    a7, ra, s4
core   0: 3 0x80009a2c (0x034098b3) x17 0x00000000
core   0: 0x80009a30 (0x6386a737) lui     a4, 0x6386a
core   0: 3 0x80009a30 (0x6386a737) x14 0x6386a000
core   0: 0x80009a34 (0xf82afb37) lui     s6, 0xf82af
core   0: 3 0x80009a34 (0xf82afb37) x22 0xf82af000
core   0: 0x80009a38 (0x037e6033) rem     zero, t3, s7
core   0: 3 0x80009a38 (0x037e6033)
core   0: 0x80009a3c (0x03498cb3) mul     s9, s3, s4
core   0: 3 0x80009a3c (0x03498cb3) x25 0x00000000
core   0: 0x80009a40 (0x002c7833) and     a6, s8, sp
core   0: 3 0x80009a40 (0x002c7833) x16 0x80025da4
core   0: 0x80009a44 (0x03d2cfb3) div     t6, t0, t4
core   0: 3 0x80009a44 (0x03d2cfb3) x31 0xffffffff
core   0: 0x80009a48 (0x016f6cb3) or      s9, t5, s6
core   0: 3 0x80009a48 (0x016f6cb3) x25 0xf82af006
core   0: 0x80009a4c (0x49558c37) lui     s8, 0x49558
core   0: 3 0x80009a4c (0x49558c37) x24 0x49558000
core   0: 0x80009a50 (0x5c98a093) slti    ra, a7, 1481
core   0: 3 0x80009a50 (0x5c98a093) x 1 0x00000001
core   0: 0x80009a54 (0xe8358f93) addi    t6, a1, -381
core   0: 3 0x80009a54 (0xe8358f93) x31 0xfffffe83
core   0: 0x80009a58 (0x02dc2c33) mulhsu  s8, s8, a3
core   0: 3 0x80009a58 (0x02dc2c33) x24 0x355c0f25
core   0: 0x80009a5c (0x030ef063) bgeu    t4, a6, pc + 32
core   0: 3 0x80009a5c (0x030ef063)
core   0: 0x80009a60 (0x40f7d8b3) sra     a7, a5, a5
core   0: 3 0x80009a60 (0x40f7d8b3) x17 0x00000000
core   0: 0x80009a64 (0x0290e7b3) rem     a5, ra, s1
core   0: 3 0x80009a64 (0x0290e7b3) x15 0x00000001
core   0: 0x80009a68 (0x410787b3) sub     a5, a5, a6
core   0: 3 0x80009a68 (0x410787b3) x15 0x7ffda25d
core   0: 0x80009a6c (0x01c426b3) slt     a3, s0, t3
core   0: 3 0x80009a6c (0x01c426b3) x13 0x00000001
core   0: 0x80009a70 (0x03a7b5b3) mulhu   a1, a5, s10
core   0: 3 0x80009a70 (0x03a7b5b3) x11 0x000017ff
core   0: 0x80009a74 (0x02b4e2b3) rem     t0, s1, a1
core   0: 3 0x80009a74 (0x02b4e2b3) x 5 0x00000184
core   0: 0x80009a78 (0xd0170793) addi    a5, a4, -767
core   0: 3 0x80009a78 (0xd0170793) x15 0x63869d01
core   0: 0x80009a7c (0x005caf33) slt     t5, s9, t0
core   0: 3 0x80009a7c (0x005caf33) x30 0x00000001
core   0: 0x80009a80 (0x00e31613) slli    a2, t1, 14
core   0: 3 0x80009a80 (0x00e31613) x12 0x00e04000
core   0: 0x80009a84 (0x003209b3) add     s3, tp, gp
core   0: 3 0x80009a84 (0x003209b3) x19 0x00000000
core   0: 0x80009a88 (0x047c1463) bne     s8, t2, pc + 72
core   0: 3 0x80009a88 (0x047c1463)
core   0: 0x80009ad0 (0x679c6ab7) lui     s5, 0x679c6
core   0: 3 0x80009ad0 (0x679c6ab7) x21 0x679c6000
core   0: 0x80009ad4 (0x03501d33) mulh    s10, zero, s5
core   0: 3 0x80009ad4 (0x03501d33) x26 0x00000000
core   0: 0x80009ad8 (0x038a18b3) mulh    a7, s4, s8
core   0: 3 0x80009ad8 (0x038a18b3) x17 0xe55283d9
core   0: 0x80009adc (0x01014933) xor     s2, sp, a6
core   0: 3 0x80009adc (0x01014933) x18 0x00000048
core   0: 0x80009ae0 (0x009ac863) blt     s5, s1, pc + 16
core   0: 3 0x80009ae0 (0x009ac863)
core   0: 0x80009ae4 (0x9b84af17) auipc   t5, 0x9b84a
core   0: 3 0x80009ae4 (0x9b84af17) x30 0x1b853ae4
core   0: 0x80009ae8 (0x026d7833) remu    a6, s10, t1
core   0: 3 0x80009ae8 (0x026d7833) x16 0x00000000
core   0: 0x80009aec (0x0396f863) bgeu    a3, s9, pc + 48
core   0: 3 0x80009aec (0x0396f863)
core   0: 0x80009af0 (0x41f308b3) sub     a7, t1, t6
core   0: 3 0x80009af0 (0x41f308b3) x17 0x000004fe
core   0: 0x80009af4 (0x03f69733) mulh    a4, a3, t6
core   0: 3 0x80009af4 (0x03f69733) x14 0xffffffff
core   0: 0x80009af8 (0x0120d913) srli    s2, ra, 18
core   0: 3 0x80009af8 (0x0120d913) x18 0x00000000
core   0: 0x80009afc (0x00a90863) beq     s2, a0, pc + 16
core   0: 3 0x80009afc (0x00a90863)
core   0: 0x80009b0c (0xfae708b7) lui     a7, 0xfae70
core   0: 3 0x80009b0c (0xfae708b7) x17 0xfae70000
core   0: 0x80009b10 (0x412bde93) srai    t4, s7, 18
core   0: 3 0x80009b10 (0x412bde93) x29 0xffffed52
core   0: 0x80009b14 (0x03e492b3) mulh    t0, s1, t5
core   0: 3 0x80009b14 (0x03e492b3) x 5 0x0003e90e
core   0: 0x80009b18 (0x01248a63) beq     s1, s2, pc + 20
core   0: 3 0x80009b18 (0x01248a63)
core   0: 0x80009b1c (0x4e9e6813) ori     a6, t3, 1257
core   0: 3 0x80009b1c (0x4e9e6813) x16 0x000004eb
core   0: 0x80009b20 (0x02f41a63) bne     s0, a5, pc + 52
core   0: 3 0x80009b20 (0x02f41a63)
core   0: 0x80009b54 (0x02e3f333) remu    t1, t2, a4
core   0: 3 0x80009b54 (0x02e3f333) x 6 0xfffffecf
core   0: 0x80009b58 (0x00f2ccb3) xor     s9, t0, a5
core   0: 3 0x80009b58 (0x00f2ccb3) x25 0x6385740f
core   0: 0x80009b5c (0x00010f97) auipc   t6, 0x10
core   0: 3 0x80009b5c (0x00010f97) x31 0x80019b5c
core   0: 0x80009b60 (0xb9bf8f93) addi    t6, t6, -1125
core   0: 3 0x80009b60 (0xb9bf8f93) x31 0x800196f7
core   0: 0x80009b64 (0xf29f2213) slti    tp, t5, -215
core   0: 3 0x80009b64 (0xf29f2213) x 4 0x00000000
core   0: 0x80009b68 (0x03cf8603) lb      a2, 60(t6)
core   0: 3 0x80009b68 (0x03cf8603) x12 0x00000000 mem 0x80019733
core   0: 0x80009b6c (0x007f8c23) sb      t2, 24(t6)
core   0: 3 0x80009b6c (0x007f8c23) mem 0x8001970f 0xcf
core   0: 0x80009b70 (0x01ffde83) lhu     t4, 31(t6)
core   0: 3 0x80009b70 (0x01ffde83) x29 0x000005ad mem 0x80019716
core   0: 0x80009b74 (0x032f93a3) sh      s2, 39(t6)
core   0: 3 0x80009b74 (0x032f93a3) mem 0x8001971e 0x0000
core   0: 0x80009b78 (0xfc5fa303) lw      t1, -59(t6)
core   0: 3 0x80009b78 (0xfc5fa303) x 6 0x84d392e4 mem 0x800196bc
core   0: 0x80009b7c (0x48b5a313) slti    t1, a1, 1163
core   0: 3 0x80009b7c (0x48b5a313) x 6 0x00000000
core   0: 0x80009b80 (0xf0f13993) sltiu   s3, sp, -241
core   0: 3 0x80009b80 (0xf0f13993) x19 0x00000001
core   0: 0x80009b84 (0xfcaf83a3) sb      a0, -57(t6)
core   0: 3 0x80009b84 (0xfcaf83a3) mem 0x800196be 0x0
core   0: 0x80009b88 (0xff5fdb03) lhu     s6, -11(t6)
core   0: 3 0x80009b88 (0xff5fdb03) x22 0x00002723 mem 0x800196ec
core   0: 0x80009b8c (0x407cdb33) sra     s6, s9, t2
core   0: 3 0x80009b8c (0x407cdb33) x22 0x0000c70a
core   0: 0x80009b90 (0x004f8823) sb      tp, 16(t6)
core   0: 3 0x80009b90 (0x004f8823) mem 0x80019707 0x0
core   0: 0x80009b94 (0x58afa293) slti    t0, t6, 1418
core   0: 3 0x80009b94 (0x58afa293) x 5 0x00000001
core   0: 0x80009b98 (0x056f8023) sb      s6, 64(t6)
core   0: 3 0x80009b98 (0x056f8023) mem 0x80019737 0xa
core   0: 0x80009b9c (0xfe1fa003) lw      zero, -31(t6)
core   0: 3 0x80009b9c (0xfe1fa003) mem 0x800196d8
core   0: 0x80009ba0 (0x7e1b2013) slti    zero, s6, 2017
core   0: 3 0x80009ba0 (0x7e1b2013)
core   0: 0x80009ba4 (0xfc3f8f03) lb      t5, -61(t6)
core   0: 3 0x80009ba4 (0xfc3f8f03) x30 0x00000077 mem 0x800196ba
core   0: 0x80009ba8 (0x039d60b3) rem     ra, s10, s9
core   0: 3 0x80009ba8 (0x039d60b3) x 1 0x00000000
core   0: 0x80009bac (0x01cfc383) lbu     t2, 28(t6)
core   0: 3 0x80009bac (0x01cfc383) x 7 0x00000031 mem 0x80019713
core   0: 0x80009bb0 (0xff3fce83) lbu     t4, -13(t6)
core   0: 3 0x80009bb0 (0xff3fce83) x29 0x000000d6 mem 0x800196ea
core   0: 0x80009bb4 (0x445aee93) ori     t4, s5, 1093
core   0: 3 0x80009bb4 (0x445aee93) x29 0x679c6445
core   0: 0x80009bb8 (0xffbfc483) lbu     s1, -5(t6)
core   0: 3 0x80009bb8 (0xffbfc483) x 9 0x0000008f mem 0x800196f2
core   0: 0x80009bbc (0x00af8e03) lb      t3, 10(t6)
core   0: 3 0x80009bbc (0x00af8e03) x28 0xffffffc8 mem 0x80019701
core   0: 0x80009bc0 (0x00000013) nop
core   0: 3 0x80009bc0 (0x00000013)
core   0: 0x80009bc4 (0x010f8183) lb      gp, 16(t6)
core   0: 3 0x80009bc4 (0x010f8183) x 3 0x00000000 mem 0x80019707
core   0: 0x80009bc8 (0x415782b3) sub     t0, a5, s5
core   0: 3 0x80009bc8 (0x415782b3) x 5 0xfbea3d01
core   0: 0x80009bcc (0x870d0e13) addi    t3, s10, -1936
core   0: 3 0x80009bcc (0x870d0e13) x28 0xfffff870
core   0: 0x80009bd0 (0x61e56e93) ori     t4, a0, 1566
core   0: 3 0x80009bd0 (0x61e56e93) x29 0x0000061e
core   0: 0x80009bd4 (0x00bfd603) lhu     a2, 11(t6)
core   0: 3 0x80009bd4 (0x00bfd603) x12 0x00001541 mem 0x80019702
core   0: 0x80009bd8 (0x02bf94a3) sh      a1, 41(t6)
core   0: 3 0x80009bd8 (0x02bf94a3) mem 0x80019720 0x17ff
core   0: 0x80009bdc (0x02cf8383) lb      t2, 44(t6)
core   0: 3 0x80009bdc (0x02cf8383) x 7 0xffffffbc mem 0x80019723
core   0: 0x80009be0 (0x00619ab3) sll     s5, gp, t1
core   0: 3 0x80009be0 (0x00619ab3) x21 0x00000000
core   0: 0x80009be4 (0x017fc083) lbu     ra, 23(t6)
core   0: 3 0x80009be4 (0x017fc083) x 1 0x000000a3 mem 0x8001970e
core   0: 0x80009be8 (0xff5e7c97) auipc   s9, 0xff5e7
core   0: 3 0x80009be8 (0xff5e7c97) x25 0x7f5f0be8
core   0: 0x80009bec (0x387a3013) sltiu   zero, s4, 903
core   0: 3 0x80009bec (0x387a3013)
core   0: 0x80009bf0 (0xafcdee13) ori     t3, s11, -1284
core   0: 3 0x80009bf0 (0xafcdee13) x28 0xfffffafc
core   0: 0x80009bf4 (0x01d8ab33) slt     s6, a7, t4
core   0: 3 0x80009bf4 (0x01d8ab33) x22 0x00000001
core   0: 0x80009bf8 (0xff3fc083) lbu     ra, -13(t6)
core   0: 3 0x80009bf8 (0xff3fc083) x 1 0x000000d6 mem 0x800196ea
core   0: 0x80009bfc (0x009f82a3) sb      s1, 5(t6)
core   0: 3 0x80009bfc (0x009f82a3) mem 0x800196fc 0x8f
core   0: 0x80009c00 (0x03cf8423) sb      t3, 40(t6)
core   0: 3 0x80009c00 (0x03cf8423) mem 0x8001971f 0xfc
core   0: 0x80009c04 (0x018f8003) lb      zero, 24(t6)
core   0: 3 0x80009c04 (0x018f8003) mem 0x8001970f
core   0: 0x80009c08 (0x41aed5b3) sra     a1, t4, s10
core   0: 3 0x80009c08 (0x41aed5b3) x11 0x0000061e
core   0: 0x80009c0c (0xfccfc203) lbu     tp, -52(t6)
core   0: 3 0x80009c0c (0xfccfc203) x 4 0x000000b0 mem 0x800196c3
core   0: 0x80009c10 (0x65cc9397) auipc   t2, 0x65cc9
core   0: 3 0x80009c10 (0x65cc9397) x 7 0xe5cd2c10
core   0: 0x80009c14 (0x7fccb917) auipc   s2, 0x7fccb
core   0: 3 0x80009c14 (0x7fccb917) x18 0xffcd4c14
core   0: 0x80009c18 (0x01626fb3) or      t6, tp, s6
core   0: 3 0x80009c18 (0x01626fb3) x31 0x000000b1
core   0: 0x80009c1c (0x027e3fb3) mulhu   t6, t3, t2
core   0: 3 0x80009c1c (0x027e3fb3) x31 0xe5cd278f
core   0: 0x80009c20 (0x008117b3) sll     a5, sp, s0
core   0: 3 0x80009c20 (0x008117b3) x15 0x80025dec
core   0: 0x80009c24 (0x01230e63) beq     t1, s2, pc + 28
core   0: 3 0x80009c24 (0x01230e63)
core   0: 0x80009c28 (0x400f5d33) sra     s10, t5, zero
core   0: 3 0x80009c28 (0x400f5d33) x26 0x00000077
core   0: 0x80009c2c (0xca4a6693) ori     a3, s4, -860
core   0: 3 0x80009c2c (0xca4a6693) x13 0xfffffce4
core   0: 0x80009c30 (0x03235eb3) divu    t4, t1, s2
core   0: 3 0x80009c30 (0x03235eb3) x29 0x00000000
core   0: 0x80009c34 (0x02536a63) bltu    t1, t0, pc + 52
core   0: 3 0x80009c34 (0x02536a63)
core   0: 0x80009c68 (0x006ac863) blt     s5, t1, pc + 16
core   0: 3 0x80009c68 (0x006ac863)
core   0: 0x80009c6c (0x032df3b3) remu    t2, s11, s2
core   0: 3 0x80009c6c (0x032df3b3) x 7 0x00000000
core   0: 0x80009c70 (0x01178233) add     tp, a5, a7
core   0: 3 0x80009c70 (0x01178233) x 4 0x7ae95dec
core   0: 0x80009c74 (0x0259cc63) blt     s3, t0, pc + 56
core   0: 3 0x80009c74 (0x0259cc63)
core   0: 0x80009c78 (0x0179d633) srl     a2, s3, s7
core   0: 3 0x80009c78 (0x0179d633) x12 0x00000000
core   0: 0x80009c7c (0x00038d33) add     s10, t2, zero
core   0: 3 0x80009c7c (0x00038d33) x26 0x00000000
core   0: 0x80009c80 (0x00024433) xor     s0, tp, zero
core   0: 3 0x80009c80 (0x00024433) x 8 0x7ae95dec
core   0: 0x80009c84 (0x0215b0b3) mulhu   ra, a1, ra
core   0: 3 0x80009c84 (0x0215b0b3) x 1 0x00000000
core   0: 0x80009c88 (0x01025e63) bge     tp, a6, pc + 28
core   0: 3 0x80009c88 (0x01025e63)
core   0: 0x80009ca4 (0x01239263) bne     t2, s2, pc + 4
core   0: 3 0x80009ca4 (0x01239263)
core   0: 0x80009ca8 (0x596cf217) auipc   tp, 0x596cf
core   0: 3 0x80009ca8 (0x596cf217) x 4 0xd96d8ca8
core   0: 0x80009cac (0x04af0263) beq     t5, a0, pc + 68
core   0: 3 0x80009cac (0x04af0263)
core   0: 0x80009cb0 (0x04aad463) bge     s5, a0, pc + 72
core   0: 3 0x80009cb0 (0x04aad463)
core   0: 0x80009cf8 (0x032dc063) blt     s11, s2, pc + 32
core   0: 3 0x80009cf8 (0x032dc063)
core   0: 0x80009cfc (0xe2cf9917) auipc   s2, 0xe2cf9
core   0: 3 0x80009cfc (0xe2cf9917) x18 0x62d02cfc
core   0: 0x80009d00 (0x5aed2693) slti    a3, s10, 1454
core   0: 3 0x80009d00 (0x5aed2693) x13 0x00000001
core   0: 0x80009d04 (0x01214a63) blt     sp, s2, pc + 20
core   0: 3 0x80009d04 (0x01214a63)
core   0: 0x80009d18 (0x91c32813) slti    a6, t1, -1764
core   0: 3 0x80009d18 (0x91c32813) x16 0x00000000
core   0: 0x80009d1c (0x03f36a63) bltu    t1, t6, pc + 52
core   0: 3 0x80009d1c (0x03f36a63)
core   0: 0x80009d50 (0x01f35693) srli    a3, t1, 31
core   0: 3 0x80009d50 (0x01f35693) x13 0x00000000
core   0: 0x80009d54 (0x02a90863) beq     s2, a0, pc + 48
core   0: 3 0x80009d54 (0x02a90863)
core   0: 0x80009d58 (0x00625c63) bge     tp, t1, pc + 24
core   0: 3 0x80009d58 (0x00625c63)
core   0: 0x80009d5c (0x03ebd663) bge     s7, t5, pc + 44
core   0: 3 0x80009d5c (0x03ebd663)
core   0: 0x80009d60 (0x00078833) add     a6, a5, zero
core   0: 3 0x80009d60 (0x00078833) x16 0x80025dec
core   0: 0x80009d64 (0x019c1233) sll     tp, s8, s9
core   0: 3 0x80009d64 (0x019c1233) x 4 0x5c0f2500
core   0: 0x80009d68 (0x028f4033) div     zero, t5, s0
core   0: 3 0x80009d68 (0x028f4033)
core   0: 0x80009d6c (0x04f77263) bgeu    a4, a5, pc + 68
core   0: 3 0x80009d6c (0x04f77263)
core   0: 0x80009db0 (0x028dbdb3) mulhu   s11, s11, s0
core   0: 3 0x80009db0 (0x028dbdb3) x27 0x00000000
core   0: 0x80009db4 (0x017a5e33) srl     t3, s4, s7
core   0: 3 0x80009db4 (0x017a5e33) x28 0x00000020
core   0: 0x80009db8 (0x01f06c63) bltu    zero, t6, pc + 24
core   0: 3 0x80009db8 (0x01f06c63)
core   0: 0x80009dd0 (0x03c33eb3) mulhu   t4, t1, t3
core   0: 3 0x80009dd0 (0x03c33eb3) x29 0x00000000
core   0: 0x80009dd4 (0xbb057a93) andi    s5, a0, -1104
core   0: 3 0x80009dd4 (0xbb057a93) x21 0x00000000
core   0: 0x80009dd8 (0x023f7ab3) remu    s5, t5, gp
core   0: 3 0x80009dd8 (0x023f7ab3) x21 0x00000077
core   0: 0x80009ddc (0x024682b3) mul     t0, a3, tp
core   0: 3 0x80009ddc (0x024682b3) x 5 0x00000000
core   0: 0x80009de0 (0xef236e93) ori     t4, t1, -270
core   0: 3 0x80009de0 (0xef236e93) x29 0xfffffef2
core   0: 0x80009de4 (0xc379d237) lui     tp, 0xc379d
core   0: 3 0x80009de4 (0xc379d237) x 4 0xc379d000
core   0: 0x80009de8 (0x02d59c63) bne     a1, a3, pc + 56
core   0: 3 0x80009de8 (0x02d59c63)
core   0: 0x80009e20 (0x03152433) mulhsu  s0, a0, a7
core   0: 3 0x80009e20 (0x03152433) x 8 0x00000000
core   0: 0x80009e24 (0x414cd833) sra     a6, s9, s4
core   0: 3 0x80009e24 (0x414cd833) x16 0x07f5f0be
core   0: 0x80009e28 (0x8dd4ff13) andi    t5, s1, -1827
core   0: 3 0x80009e28 (0x8dd4ff13) x30 0x0000008d
core   0: 0x80009e2c (0x00d8d263) bge     a7, a3, pc + 4
core   0: 3 0x80009e2c (0x00d8d263)
core   0: 0x80009e30 (0xf51c6097) auipc   ra, 0xf51c6
core   0: 3 0x80009e30 (0xf51c6097) x 1 0x751cfe30
core   0: 0x80009e34 (0x02d5beb3) mulhu   t4, a1, a3
core   0: 3 0x80009e34 (0x02d5beb3) x29 0x00000000
core   0: 0x80009e38 (0xa8c9ff37) lui     t5, 0xa8c9f
core   0: 3 0x80009e38 (0xa8c9ff37) x30 0xa8c9f000
core   0: 0x80009e3c (0x00152733) slt     a4, a0, ra
core   0: 3 0x80009e3c (0x00152733) x14 0x00000001
core   0: 0x80009e40 (0x00fbb533) sltu    a0, s7, a5
core   0: 3 0x80009e40 (0x00fbb533) x10 0x00000000
core   0: 0x80009e44 (0x01581663) bne     a6, s5, pc + 12
core   0: 3 0x80009e44 (0x01581663)
core   0: 0x80009e50 (0x7f1b6413) ori     s0, s6, 2033
core   0: 3 0x80009e50 (0x7f1b6413) x 8 0x000007f1
core   0: 0x80009e54 (0x01a59663) bne     a1, s10, pc + 12
core   0: 3 0x80009e54 (0x01a59663)
core   0: 0x80009e60 (0x010bd463) bge     s7, a6, pc + 8
core   0: 3 0x80009e60 (0x010bd463)
core   0: 0x80009e64 (0x033f6933) rem     s2, t5, s3
core   0: 3 0x80009e64 (0x033f6933) x18 0x00000000
core   0: 0x80009e68 (0x9652ee13) ori     t3, t0, -1691
core   0: 3 0x80009e68 (0x9652ee13) x28 0xfffff965
core   0: 0x80009e6c (0x01100863) beq     zero, a7, pc + 16
core   0: 3 0x80009e6c (0x01100863)
core   0: 0x80009e70 (0x78df7493) andi    s1, t5, 1933
core   0: 3 0x80009e70 (0x78df7493) x 9 0x00000000
core   0: 0x80009e74 (0x013fecb3) or      s9, t6, s3
core   0: 3 0x80009e74 (0x013fecb3) x25 0xe5cd278f
core   0: 0x80009e78 (0x02539e63) bne     t2, t0, pc + 60
core   0: 3 0x80009e78 (0x02539e63)
core   0: 0x80009e7c (0x00df1e33) sll     t3, t5, a3
core   0: 3 0x80009e7c (0x00df1e33) x28 0xa8c9f000
core   0: 0x80009e80 (0x02be88b3) mul     a7, t4, a1
core   0: 3 0x80009e80 (0x02be88b3) x17 0x00000000
core   0: 0x80009e84 (0x021a81b3) mul     gp, s5, ra
core   0: 3 0x80009e84 (0x021a81b3) x 3 0x707a2850
core   0: 0x80009e88 (0x40675833) sra     a6, a4, t1
core   0: 3 0x80009e88 (0x40675833) x16 0x00000001
core   0: 0x80009e8c (0xd6620813) addi    a6, tp, -666
core   0: 3 0x80009e8c (0xd6620813) x16 0xc379cd66
core   0: 0x80009e90 (0x01411b13) slli    s6, sp, 20
core   0: 3 0x80009e90 (0x01411b13) x22 0xdec00000
core   0: 0x80009e94 (0x0138bdb3) sltu    s11, a7, s3
core   0: 3 0x80009e94 (0x0138bdb3) x27 0x00000001
core   0: 0x80009e98 (0xe62450b7) lui     ra, 0xe6245
core   0: 3 0x80009e98 (0xe62450b7) x 1 0xe6245000
core   0: 0x80009e9c (0x2e766093) ori     ra, a2, 743
core   0: 3 0x80009e9c (0x2e766093) x 1 0x000002e7
core   0: 0x80009ea0 (0x0294a533) mulhsu  a0, s1, s1
core   0: 3 0x80009ea0 (0x0294a533) x10 0x00000000
core   0: 0x80009ea4 (0x00247863) bgeu    s0, sp, pc + 16
core   0: 3 0x80009ea4 (0x00247863)
core   0: 0x80009ea8 (0x00a7ed33) or      s10, a5, a0
core   0: 3 0x80009ea8 (0x00a7ed33) x26 0x80025dec
core   0: 0x80009eac (0x00b6d713) srli    a4, a3, 11
core   0: 3 0x80009eac (0x00b6d713) x14 0x00000000
core   0: 0x80009eb0 (0x03fc0b33) mul     s6, s8, t6
core   0: 3 0x80009eb0 (0x03fc0b33) x22 0x0e5c18ab
core   0: 0x80009eb4 (0x014997b3) sll     a5, s3, s4
core   0: 3 0x80009eb4 (0x014997b3) x15 0x00000010
core   0: 0x80009eb8 (0x02597793) andi    a5, s2, 37
core   0: 3 0x80009eb8 (0x02597793) x15 0x00000000
core   0: 0x80009ebc (0xbdda8693) addi    a3, s5, -1059
core   0: 3 0x80009ebc (0xbdda8693) x13 0xfffffc54
core   0: 0x80009ec0 (0x00000013) nop
core   0: 3 0x80009ec0 (0x00000013)
core   0: 0x80009ec4 (0x679fbc93) sltiu   s9, t6, 1657
core   0: 3 0x80009ec4 (0x679fbc93) x25 0x00000000
core   0: 0x80009ec8 (0x00516eb3) or      t4, sp, t0
core   0: 3 0x80009ec8 (0x00516eb3) x29 0x80025dec
core   0: 0x80009ecc (0x001c6c63) bltu    s8, ra, pc + 24
core   0: 3 0x80009ecc (0x001c6c63)
core   0: 0x80009ed0 (0x8462f093) andi    ra, t0, -1978
core   0: 3 0x80009ed0 (0x8462f093) x 1 0x00000000
core   0: 0x80009ed4 (0x03126533) rem     a0, tp, a7
core   0: 3 0x80009ed4 (0x03126533) x10 0xc379d000
core   0: 0x80009ed8 (0x0179f1b3) and     gp, s3, s7
core   0: 3 0x80009ed8 (0x0179f1b3) x 3 0x00000000
core   0: 0x80009edc (0x01229633) sll     a2, t0, s2
core   0: 3 0x80009edc (0x01229633) x12 0x00000000
core   0: 0x80009ee0 (0x01827a63) bgeu    tp, s8, pc + 20
core   0: 3 0x80009ee0 (0x01827a63)
core   0: 0x80009ef4 (0x297aa193) slti    gp, s5, 663
core   0: 3 0x80009ef4 (0x297aa193) x 3 0x00000001
core   0: 0x80009ef8 (0x00ed1193) slli    gp, s10, 14
core   0: 3 0x80009ef8 (0x00ed1193) x 3 0x977b0000
core   0: 0x80009efc (0x024b2f33) mulhsu  t5, s6, tp
core   0: 3 0x80009efc (0x024b2f33) x30 0x0af6fbfc
core   0: 0x80009f00 (0x40f15f93) srai    t6, sp, 15
core   0: 3 0x80009f00 (0x40f15f93) x31 0xffff0004
core   0: 0x80009f04 (0x41605f33) sra     t5, zero, s6
core   0: 3 0x80009f04 (0x41605f33) x30 0x00000000
core   0: 0x80009f08 (0x04faf463) bgeu    s5, a5, pc + 72
core   0: 3 0x80009f08 (0x04faf463)
core   0: 0x80009f50 (0x05fa6263) bltu    s4, t6, pc + 68
core   0: 3 0x80009f50 (0x05fa6263)
core   0: 0x80009f94 (0x011692b3) sll     t0, a3, a7
core   0: 3 0x80009f94 (0x011692b3) x 5 0xfffffc54
core   0: 0x80009f98 (0x4c616517) auipc   a0, 0x4c616
core   0: 3 0x80009f98 (0x4c616517) x10 0xcc61ff98
core   0: 0x80009f9c (0x02f27e33) remu    t3, tp, a5
core   0: 3 0x80009f9c (0x02f27e33) x28 0xc379d000
core   0: 0x80009fa0 (0x021269b3) rem     s3, tp, ra
core   0: 3 0x80009fa0 (0x021269b3) x19 0xc379d000
core   0: 0x80009fa4 (0x022e07b3) mul     a5, t3, sp
core   0: 3 0x80009fa4 (0x022e07b3) x15 0x14dbc000
core   0: 0x80009fa8 (0x05680263) beq     a6, s6, pc + 68
core   0: 3 0x80009fa8 (0x05680263)
core   0: 0x80009fac (0x40855493) srai    s1, a0, 8
core   0: 3 0x80009fac (0x40855493) x 9 0xffcc61ff
core   0: 0x80009fb0 (0x01e9ffb3) and     t6, s3, t5
core   0: 3 0x80009fb0 (0x01e9ffb3) x31 0x00000000
core   0: 0x80009fb4 (0x048a6863) bltu    s4, s0, pc + 80
core   0: 3 0x80009fb4 (0x048a6863)
core   0: 0x80009fb8 (0x02272233) mulhsu  tp, a4, sp
core   0: 3 0x80009fb8 (0x02272233) x 4 0x00000000
core   0: 0x80009fbc (0x013749b3) xor     s3, a4, s3
core   0: 3 0x80009fbc (0x013749b3) x19 0xc379d000
core   0: 0x80009fc0 (0x015ab433) sltu    s0, s5, s5
core   0: 3 0x80009fc0 (0x015ab433) x 8 0x00000000
core   0: 0x80009fc4 (0xc17dc913) xori    s2, s11, -1001
core   0: 3 0x80009fc4 (0xc17dc913) x18 0xfffffc16
core   0: 0x80009fc8 (0x022fcdb3) div     s11, t6, sp
core   0: 3 0x80009fc8 (0x022fcdb3) x27 0x00000000
core   0: 0x80009fcc (0x2ed2ea93) ori     s5, t0, 749
core   0: 3 0x80009fcc (0x2ed2ea93) x21 0xfffffefd
core   0: 0x80009fd0 (0x418c5e13) srai    t3, s8, 24
core   0: 3 0x80009fd0 (0x418c5e13) x28 0x00000035
core   0: 0x80009fd4 (0x031b7d33) remu    s10, s6, a7
core   0: 3 0x80009fd4 (0x031b7d33) x26 0x0e5c18ab
core   0: 0x80009fd8 (0x008c8c63) beq     s9, s0, pc + 24
core   0: 3 0x80009fd8 (0x008c8c63)
core   0: 0x80009ff0 (0x01d91493) slli    s1, s2, 29
core   0: 3 0x80009ff0 (0x01d91493) x 9 0xc0000000
core   0: 0x80009ff4 (0x400988b3) sub     a7, s3, zero
core   0: 3 0x80009ff4 (0x400988b3) x17 0xc379d000
core   0: 0x80009ff8 (0x02332eb3) mulhsu  t4, t1, gp
core   0: 3 0x80009ff8 (0x02332eb3) x29 0x00000000
core   0: 0x80009ffc (0x013f1713) slli    a4, t5, 19
core   0: 3 0x80009ffc (0x013f1713) x14 0x00000000
core   0: 0x8000a000 (0x02551a63) bne     a0, t0, pc + 52
core   0: 3 0x8000a000 (0x02551a63)
core   0: 0x8000a034 (0x025ada63) bge     s5, t0, pc + 52
core   0: 3 0x8000a034 (0x025ada63)
core   0: 0x8000a068 (0x72e33597) auipc   a1, 0x72e33
core   0: 3 0x8000a068 (0x72e33597) x11 0xf2e3d068
core   0: 0x8000a06c (0x00268cb3) add     s9, a3, sp
core   0: 3 0x8000a06c (0x00268cb3) x25 0x80025a40
core   0: 0x8000a070 (0xb6b32f17) auipc   t5, 0xb6b32
core   0: 3 0x8000a070 (0xb6b32f17) x30 0x36b3c070
core   0: 0x8000a074 (0x02869c63) bne     a3, s0, pc + 56
core   0: 3 0x8000a074 (0x02869c63)
core   0: 0x8000a0ac (0x027ad233) divu    tp, s5, t2
core   0: 3 0x8000a0ac (0x027ad233) x 4 0xffffffff
core   0: 0x8000a0b0 (0x40e18c33) sub     s8, gp, a4
core   0: 3 0x8000a0b0 (0x40e18c33) x24 0x977b0000
core   0: 0x8000a0b4 (0x8d2c8513) addi    a0, s9, -1838
core   0: 3 0x8000a0b4 (0x8d2c8513) x10 0x80025312
core   0: 0x8000a0b8 (0x402808b3) sub     a7, a6, sp
core   0: 3 0x8000a0b8 (0x402808b3) x17 0x43776f7a
core   0: 0x8000a0bc (0x02810a63) beq     sp, s0, pc + 52
core   0: 3 0x8000a0bc (0x02810a63)
core   0: 0x8000a0c0 (0x0360d533) divu    a0, ra, s6
core   0: 3 0x8000a0c0 (0x0360d533) x10 0x00000000
core   0: 0x8000a0c4 (0xce234e13) xori    t3, t1, -798
core   0: 3 0x8000a0c4 (0xce234e13) x28 0xfffffce2
core   0: 0x8000a0c8 (0x021879b3) remu    s3, a6, ra
core   0: 3 0x8000a0c8 (0x021879b3) x19 0xc379cd66
core   0: 0x8000a0cc (0x00902533) slt     a0, zero, s1
core   0: 3 0x8000a0cc (0x00902533) x10 0x00000000
core   0: 0x8000a0d0 (0x01cac433) xor     s0, s5, t3
core   0: 3 0x8000a0d0 (0x01cac433) x 8 0x0000021f
core   0: 0x8000a0d4 (0x415cd933) sra     s2, s9, s5
core   0: 3 0x8000a0d4 (0x415cd933) x18 0xfffffffc
core   0: 0x8000a0d8 (0x166dc437) lui     s0, 0x166dc
core   0: 3 0x8000a0d8 (0x166dc437) x 8 0x166dc000
core   0: 0x8000a0dc (0x025d6833) rem     a6, s10, t0
core   0: 3 0x8000a0dc (0x025d6833) x16 0x00000123
core   0: 0x8000a0e0 (0x408f5e93) srai    t4, t5, 8
core   0: 3 0x8000a0e0 (0x408f5e93) x29 0x0036b3c0
core   0: 0x8000a0e4 (0x00cf8ab3) add     s5, t6, a2
core   0: 3 0x8000a0e4 (0x00cf8ab3) x21 0x00000000
core   0: 0x8000a0e8 (0x05d25463) bge     tp, t4, pc + 72
core   0: 3 0x8000a0e8 (0x05d25463)
core   0: 0x8000a0ec (0x00ce9863) bne     t4, a2, pc + 16
core   0: 3 0x8000a0ec (0x00ce9863)
core   0: 0x8000a0fc (0x00d99513) slli    a0, s3, 13
core   0: 3 0x8000a0fc (0x00d99513) x10 0x39acc000
core   0: 0x8000a100 (0x406e5813) srai    a6, t3, 6
core   0: 3 0x8000a100 (0x406e5813) x16 0xfffffff3
core   0: 0x8000a104 (0x0108d393) srli    t2, a7, 16
core   0: 3 0x8000a104 (0x0108d393) x 7 0x00004377
core   0: 0x8000a108 (0x00cc1f93) slli    t6, s8, 12
core   0: 3 0x8000a108 (0x00cc1f93) x31 0xb0000000
core   0: 0x8000a10c (0x03664033) div     zero, a2, s6
core   0: 3 0x8000a10c (0x03664033)
core   0: 0x8000a110 (0xb1bb6737) lui     a4, 0xb1bb6
core   0: 3 0x8000a110 (0xb1bb6737) x14 0xb1bb6000
core   0: 0x8000a114 (0xf07b91b7) lui     gp, 0xf07b9
core   0: 3 0x8000a114 (0xf07b91b7) x 3 0xf07b9000
core   0: 0x8000a118 (0x010cf433) and     s0, s9, a6
core   0: 3 0x8000a118 (0x010cf433) x 8 0x80025a40
core   0: 0x8000a11c (0x400e5c93) srai    s9, t3, 0
core   0: 3 0x8000a11c (0x400e5c93) x25 0xfffffce2
core   0: 0x8000a120 (0x01c676b3) and     a3, a2, t3
core   0: 3 0x8000a120 (0x01c676b3) x13 0x00000000
core   0: 0x8000a124 (0x0038deb3) srl     t4, a7, gp
core   0: 3 0x8000a124 (0x0038deb3) x29 0x43776f7a
core   0: 0x8000a128 (0x4c58e493) ori     s1, a7, 1221
core   0: 3 0x8000a128 (0x4c58e493) x 9 0x43776fff
core   0: 0x8000a12c (0x00300e33) add     t3, zero, gp
core   0: 3 0x8000a12c (0x00300e33) x28 0xf07b9000
core   0: 0x8000a130 (0x0170a5b3) slt     a1, ra, s7
core   0: 3 0x8000a130 (0x0170a5b3) x11 0x00000000
core   0: 0x8000a134 (0x03c5e4b3) rem     s1, a1, t3
core   0: 3 0x8000a134 (0x03c5e4b3) x 9 0x00000000
core   0: 0x8000a138 (0x01862d33) slt     s10, a2, s8
core   0: 3 0x8000a138 (0x01862d33) x26 0x00000000
core   0: 0x8000a13c (0x02ae6933) rem     s2, t3, a0
core   0: 3 0x8000a13c (0x02ae6933) x18 0xf07b9000
core   0: 0x8000a140 (0xcd89b693) sltiu   a3, s3, -808
core   0: 3 0x8000a140 (0xcd89b693) x13 0x00000001
core   0: 0x8000a144 (0xcdbdb393) sltiu   t2, s11, -805
core   0: 3 0x8000a144 (0xcdbdb393) x 7 0x00000001
core   0: 0x8000a148 (0x03cc1733) mulh    a4, s8, t3
core   0: 3 0x8000a148 (0x03cc1733) x14 0x0655dd4e
core   0: 0x8000a14c (0x01603633) snez    a2, s6
core   0: 3 0x8000a14c (0x01603633) x12 0x00000001
core   0: 0x8000a150 (0x406e8f33) sub     t5, t4, t1
core   0: 3 0x8000a150 (0x406e8f33) x30 0x43776f7a
core   0: 0x8000a154 (0x0107e7b3) or      a5, a5, a6
core   0: 3 0x8000a154 (0x0107e7b3) x15 0xfffffff3
core   0: 0x8000a158 (0x00fe6933) or      s2, t3, a5
core   0: 3 0x8000a158 (0x00fe6933) x18 0xfffffff3
core   0: 0x8000a15c (0x0026f863) bgeu    a3, sp, pc + 16
core   0: 3 0x8000a15c (0x0026f863)
core   0: 0x8000a160 (0x029b2833) mulhsu  a6, s6, s1
core   0: 3 0x8000a160 (0x029b2833) x16 0x00000000
core   0: 0x8000a164 (0x05415263) bge     sp, s4, pc + 68
core   0: 3 0x8000a164 (0x05415263)
core   0: 0x8000a168 (0x02ee98b3) mulh    a7, t4, a4
core   0: 3 0x8000a168 (0x02ee98b3) x17 0x01ab6d97
core   0: 0x8000a16c (0x40a0d693) srai    a3, ra, 10
core   0: 3 0x8000a16c (0x40a0d693) x13 0x00000000
core   0: 0x8000a170 (0x01831263) bne     t1, s8, pc + 4
core   0: 3 0x8000a170 (0x01831263)
core   0: 0x8000a174 (0x00e64533) xor     a0, a2, a4
core   0: 3 0x8000a174 (0x00e64533) x10 0x0655dd4f
core   0: 0x8000a178 (0x0317e9b3) rem     s3, a5, a7
core   0: 3 0x8000a178 (0x0317e9b3) x19 0xfffffff3
core   0: 0x8000a17c (0x02b47eb3) remu    t4, s0, a1
core   0: 3 0x8000a17c (0x02b47eb3) x29 0x80025a40
core   0: 0x8000a180 (0x41455ab3) sra     s5, a0, s4
core   0: 3 0x8000a180 (0x41455ab3) x21 0x00655dd4
core   0: 0x8000a184 (0x00564e33) xor     t3, a2, t0
core   0: 3 0x8000a184 (0x00564e33) x28 0xfffffc55
core   0: 0x8000a188 (0x17b32613) slti    a2, t1, 379
core   0: 3 0x8000a188 (0x17b32613) x12 0x00000001
core   0: 0x8000a18c (0x00584033) xor     zero, a6, t0
core   0: 3 0x8000a18c (0x00584033)
core   0: 0x8000a190 (0x00847433) and     s0, s0, s0
core   0: 3 0x8000a190 (0x00847433) x 8 0x80025a40
core   0: 0x8000a194 (0xa2b02b13) slti    s6, zero, -1493
core   0: 3 0x8000a194 (0xa2b02b13) x22 0x00000000
core   0: 0x8000a198 (0x00a156b3) srl     a3, sp, a0
core   0: 3 0x8000a198 (0x00a156b3) x13 0x00010004
core   0: 0x8000a19c (0x017e83b3) add     t2, t4, s7
core   0: 3 0x8000a19c (0x017e83b3) x 7 0x354b6eba
core   0: 0x8000a1a0 (0xee946893) ori     a7, s0, -279
core   0: 3 0x8000a1a0 (0xee946893) x17 0xfffffee9
core   0: 0x8000a1a4 (0x00dc7cb3) and     s9, s8, a3
core   0: 3 0x8000a1a4 (0x00dc7cb3) x25 0x00010000
core   0: 0x8000a1a8 (0x00f93f33) sltu    t5, s2, a5
core   0: 3 0x8000a1a8 (0x00f93f33) x30 0x00000000
core   0: 0x8000a1ac (0x0253acb3) mulhsu  s9, t2, t0
core   0: 3 0x8000a1ac (0x0253acb3) x25 0x354b6df6
core   0: 0x8000a1b0 (0x02bf8eb3) mul     t4, t6, a1
core   0: 3 0x8000a1b0 (0x02bf8eb3) x29 0x00000000
core   0: 0x8000a1b4 (0x88f37413) andi    s0, t1, -1905
core   0: 3 0x8000a1b4 (0x88f37413) x 8 0x00000000
core   0: 0x8000a1b8 (0x00518e33) add     t3, gp, t0
core   0: 3 0x8000a1b8 (0x00518e33) x28 0xf07b8c54
core   0: 0x8000a1bc (0x1d110c13) addi    s8, sp, 465
core   0: 3 0x8000a1bc (0x1d110c13) x24 0x80025fbd
core   0: 0x8000a1c0 (0x549abf13) sltiu   t5, s5, 1353
core   0: 3 0x8000a1c0 (0x549abf13) x30 0x00000000
core   0: 0x8000a1c4 (0x028ff863) bgeu    t6, s0, pc + 48
core   0: 3 0x8000a1c4 (0x028ff863)
core   0: 0x8000a1f4 (0x0181b893) sltiu   a7, gp, 24
core   0: 3 0x8000a1f4 (0x0181b893) x17 0x00000000
core   0: 0x8000a1f8 (0x016d8663) beq     s11, s6, pc + 12
core   0: 3 0x8000a1f8 (0x016d8663)
core   0: 0x8000a204 (0x00aa1e93) slli    t4, s4, 10
core   0: 3 0x8000a204 (0x00aa1e93) x29 0x0a739000
core   0: 0x8000a208 (0x0379d433) divu    s0, s3, s7
core   0: 3 0x8000a208 (0x0379d433) x 8 0x00000001
core   0: 0x8000a20c (0x00169433) sll     s0, a3, ra
core   0: 3 0x8000a20c (0x00169433) x 8 0x00010004
core   0: 0x8000a210 (0x00c45e63) bge     s0, a2, pc + 28
core   0: 3 0x8000a210 (0x00c45e63)
core   0: 0x8000a22c (0x03ccc7b3) div     a5, s9, t3
core   0: 3 0x8000a22c (0x03ccc7b3) x15 0xfffffffd
core   0: 0x8000a230 (0x02d01b33) mulh    s6, zero, a3
core   0: 3 0x8000a230 (0x02d01b33) x22 0x00000000
core   0: 0x8000a234 (0x03871db3) mulh    s11, a4, s8
core   0: 3 0x8000a234 (0x03871db3) x27 0xfcd52063
core   0: 0x8000a238 (0x350fbf13) sltiu   t5, t6, 848
core   0: 3 0x8000a238 (0x350fbf13) x30 0x00000000
core   0: 0x8000a23c (0x552c7293) andi    t0, s8, 1362
core   0: 3 0x8000a23c (0x552c7293) x 5 0x00000510
core   0: 0x8000a240 (0x03e75d33) divu    s10, a4, t5
core   0: 3 0x8000a240 (0x03e75d33) x26 0xffffffff
core   0: 0x8000a244 (0x03afb833) mulhu   a6, t6, s10
core   0: 3 0x8000a244 (0x03afb833) x16 0xafffffff
core   0: 0x8000a248 (0x40130533) sub     a0, t1, ra
core   0: 3 0x8000a248 (0x40130533) x10 0x00000000
core   0: 0x8000a24c (0x020ade33) divu    t3, s5, zero
core   0: 3 0x8000a24c (0x020ade33) x28 0xffffffff
core   0: 0x8000a250 (0x01a29663) bne     t0, s10, pc + 12
core   0: 3 0x8000a250 (0x01a29663)
core   0: 0x8000a25c (0x004c3d33) sltu    s10, s8, tp
core   0: 3 0x8000a25c (0x004c3d33) x26 0x00000001
core   0: 0x8000a260 (0x03d2fcb3) remu    s9, t0, t4
core   0: 3 0x8000a260 (0x03d2fcb3) x25 0x00000510
core   0: 0x8000a264 (0x02d79b33) mulh    s6, a5, a3
core   0: 3 0x8000a264 (0x02d79b33) x22 0xffffffff
core   0: 0x8000a268 (0x44f12893) slti    a7, sp, 1103
core   0: 3 0x8000a268 (0x44f12893) x17 0x00000001
core   0: 0x8000a26c (0x02445063) bge     s0, tp, pc + 32
core   0: 3 0x8000a26c (0x02445063)
core   0: 0x8000a28c (0x021bd3b3) divu    t2, s7, ra
core   0: 3 0x8000a28c (0x021bd3b3) x 7 0xffffffff
core   0: 0x8000a290 (0x02a42033) mulhsu  zero, s0, a0
core   0: 3 0x8000a290 (0x02a42033)
core   0: 0x8000a294 (0x008d2013) slti    zero, s10, 8
core   0: 3 0x8000a294 (0x008d2013)
core   0: 0x8000a298 (0x06c60e63) beq     a2, a2, pc + 124
core   0: 3 0x8000a298 (0x06c60e63)
core   0: 0x8000a314 (0x00b7a0b3) slt     ra, a5, a1
core   0: 3 0x8000a314 (0x00b7a0b3) x 1 0x00000001
core   0: 0x8000a318 (0x01343d33) sltu    s10, s0, s3
core   0: 3 0x8000a318 (0x01343d33) x26 0x00000001
core   0: 0x8000a31c (0x002e6d33) or      s10, t3, sp
core   0: 3 0x8000a31c (0x002e6d33) x26 0xffffffff
core   0: 0x8000a320 (0x00685c63) bge     a6, t1, pc + 24
core   0: 3 0x8000a320 (0x00685c63)
core   0: 0x8000a324 (0xaddc6d97) auipc   s11, 0xaddc6
core   0: 3 0x8000a324 (0xaddc6d97) x27 0x2ddd0324
core   0: 0x8000a328 (0x03a4a3b3) mulhsu  t2, s1, s10
core   0: 3 0x8000a328 (0x03a4a3b3) x 7 0x00000000
core   0: 0x8000a32c (0x0312b413) sltiu   s0, t0, 49
core   0: 3 0x8000a32c (0x0312b413) x 8 0x00000000
core   0: 0x8000a330 (0x030d42b3) div     t0, s10, a6
core   0: 3 0x8000a330 (0x030d42b3) x 5 0x00000000
core   0: 0x8000a334 (0x005d4463) blt     s10, t0, pc + 8
core   0: 3 0x8000a334 (0x005d4463)
core   0: 0x8000a33c (0x41528db3) sub     s11, t0, s5
core   0: 3 0x8000a33c (0x41528db3) x27 0xff9aa22c
core   0: 0x8000a340 (0x00000013) nop
core   0: 3 0x8000a340 (0x00000013)
core   0: 0x8000a344 (0x0042a3b3) slt     t2, t0, tp
core   0: 3 0x8000a344 (0x0042a3b3) x 7 0x00000000
core   0: 0x8000a348 (0x41e58b33) sub     s6, a1, t5
core   0: 3 0x8000a348 (0x41e58b33) x22 0x00000000
core   0: 0x8000a34c (0x03b5f233) remu    tp, a1, s11
core   0: 3 0x8000a34c (0x03b5f233) x 4 0x00000000
core   0: 0x8000a350 (0x00d39013) slli    zero, t2, 13
core   0: 3 0x8000a350 (0x00d39013)
core   0: 0x8000a354 (0xf2953013) sltiu   zero, a0, -215
core   0: 3 0x8000a354 (0xf2953013)
core   0: 0x8000a358 (0x02d476b3) remu    a3, s0, a3
core   0: 3 0x8000a358 (0x02d476b3) x13 0x00000000
core   0: 0x8000a35c (0x00000013) nop
core   0: 3 0x8000a35c (0x00000013)
core   0: 0x8000a360 (0x026f5863) bge     t5, t1, pc + 48
core   0: 3 0x8000a360 (0x026f5863)
core   0: 0x8000a390 (0x037d1a63) bne     s10, s7, pc + 52
core   0: 3 0x8000a390 (0x037d1a63)
core   0: 0x8000a3c4 (0x7a60ae93) slti    t4, ra, 1958
core   0: 3 0x8000a3c4 (0x7a60ae93) x29 0x00000001
core   0: 0x8000a3c8 (0x41d7de13) srai    t3, a5, 29
core   0: 3 0x8000a3c8 (0x41d7de13) x28 0xffffffff
core   0: 0x8000a3cc (0x2bd4c613) xori    a2, s1, 701
core   0: 3 0x8000a3cc (0x2bd4c613) x12 0x000002bd
core   0: 0x8000a3d0 (0x00000013) nop
core   0: 3 0x8000a3d0 (0x00000013)
core   0: 0x8000a3d4 (0x02dfa3b3) mulhsu  t2, t6, a3
core   0: 3 0x8000a3d4 (0x02dfa3b3) x 7 0x00000000
core   0: 0x8000a3d8 (0x299ac893) xori    a7, s5, 665
core   0: 3 0x8000a3d8 (0x299ac893) x17 0x00655f4d
core   0: 0x8000a3dc (0x03486cb3) rem     s9, a6, s4
core   0: 3 0x8000a3dc (0x03486cb3) x25 0xafffffff
core   0: 0x8000a3e0 (0x0013c633) xor     a2, t2, ra
core   0: 3 0x8000a3e0 (0x0013c633) x12 0x00000001
core   0: 0x8000a3e4 (0x41a509b3) sub     s3, a0, s10
core   0: 3 0x8000a3e4 (0x41a509b3) x19 0x00000001
core   0: 0x8000a3e8 (0x04f4d263) bge     s1, a5, pc + 68
core   0: 3 0x8000a3e8 (0x04f4d263)
core   0: 0x8000a42c (0x0019db13) srli    s6, s3, 1
core   0: 3 0x8000a42c (0x0019db13) x22 0x00000000
core   0: 0x8000a430 (0x01a99a63) bne     s3, s10, pc + 20
core   0: 3 0x8000a430 (0x01a99a63)
core   0: 0x8000a444 (0x04ea1263) bne     s4, a4, pc + 68
core   0: 3 0x8000a444 (0x04ea1263)
core   0: 0x8000a488 (0x0140d033) srl     zero, ra, s4
core   0: 3 0x8000a488 (0x0140d033)
core   0: 0x8000a48c (0x00000013) nop
core   0: 3 0x8000a48c (0x00000013)
core   0: 0x8000a490 (0x014da6b3) slt     a3, s11, s4
core   0: 3 0x8000a490 (0x014da6b3) x13 0x00000000
core   0: 0x8000a494 (0x40945193) srai    gp, s0, 9
core   0: 3 0x8000a494 (0x40945193) x 3 0x00000000
core   0: 0x8000a498 (0x082dc213) xori    tp, s11, 130
core   0: 3 0x8000a498 (0x082dc213) x 4 0xff9aa2ae
core   0: 0x8000a49c (0x03cd14b3) mulh    s1, s10, t3
core   0: 3 0x8000a49c (0x03cd14b3) x 9 0x00000000
core   0: 0x8000a4a0 (0xdc78cb13) xori    s6, a7, -569
core   0: 3 0x8000a4a0 (0xdc78cb13) x22 0xff9aa28a
core   0: 0x8000a4a4 (0x03709233) mulh    tp, ra, s7
core   0: 3 0x8000a4a4 (0x03709233) x 4 0xffffffff
core   0: 0x8000a4a8 (0x01a07863) bgeu    zero, s10, pc + 16
core   0: 3 0x8000a4a8 (0x01a07863)
core   0: 0x8000a4ac (0x0333a233) mulhsu  tp, t2, s3
core   0: 3 0x8000a4ac (0x0333a233) x 4 0x00000000
core   0: 0x8000a4b0 (0x00b08663) beq     ra, a1, pc + 12
core   0: 3 0x8000a4b0 (0x00b08663)
core   0: 0x8000a4b4 (0x0380acb3) mulhsu  s9, ra, s8
core   0: 3 0x8000a4b4 (0x0380acb3) x25 0x00000000
core   0: 0x8000a4b8 (0x016fd733) srl     a4, t6, s6
core   0: 3 0x8000a4b8 (0x016fd733) x14 0x002c0000
core   0: 0x8000a4bc (0x035d0c63) beq     s10, s5, pc + 56
core   0: 3 0x8000a4bc (0x035d0c63)
core   0: 0x8000a4c0 (0x038e2533) mulhsu  a0, t3, s8
core   0: 3 0x8000a4c0 (0x038e2533) x10 0xffffffff
core   0: 0x8000a4c4 (0x0041d313) srli    t1, gp, 4
core   0: 3 0x8000a4c4 (0x0041d313) x 6 0x00000000
core   0: 0x8000a4c8 (0x001b8333) add     t1, s7, ra
core   0: 3 0x8000a4c8 (0x001b8333) x 6 0xb549147b
core   0: 0x8000a4cc (0x037f96b3) mulh    a3, t6, s7
core   0: 3 0x8000a4cc (0x037f96b3) x13 0x17592999
core   0: 0x8000a4d0 (0x00def333) and     t1, t4, a3
core   0: 3 0x8000a4d0 (0x00def333) x 6 0x00000001
core   0: 0x8000a4d4 (0x410cde33) sra     t3, s9, a6
core   0: 3 0x8000a4d4 (0x410cde33) x28 0x00000000
core   0: 0x8000a4d8 (0x0067efb3) or      t6, a5, t1
core   0: 3 0x8000a4d8 (0x0067efb3) x31 0xfffffffd
core   0: 0x8000a4dc (0x01c739b3) sltu    s3, a4, t3
core   0: 3 0x8000a4dc (0x01c739b3) x19 0x00000000
core   0: 0x8000a4e0 (0x00925993) srli    s3, tp, 9
core   0: 3 0x8000a4e0 (0x00925993) x19 0x00000000
core   0: 0x8000a4e4 (0x00b20a63) beq     tp, a1, pc + 20
core   0: 3 0x8000a4e4 (0x00b20a63)
core   0: 0x8000a4f8 (0x03069333) mulh    t1, a3, a6
core   0: 3 0x8000a4f8 (0x03069333) x 6 0xf8b42300
core   0: 0x8000a4fc (0x01869d13) slli    s10, a3, 24
core   0: 3 0x8000a4fc (0x01869d13) x26 0x99000000
core   0: 0x8000a500 (0x02b5dc63) bge     a1, a1, pc + 56
core   0: 3 0x8000a500 (0x02b5dc63)
core   0: 0x8000a538 (0x01efe933) or      s2, t6, t5
core   0: 3 0x8000a538 (0x01efe933) x18 0xfffffffd
core   0: 0x8000a53c (0x44661237) lui     tp, 0x44661
core   0: 3 0x8000a53c (0x44661237) x 4 0x44661000
core   0: 0x8000a540 (0x00b99833) sll     a6, s3, a1
core   0: 3 0x8000a540 (0x00b99833) x16 0x00000000
core   0: 0x8000a544 (0x0222d833) divu    a6, t0, sp
core   0: 3 0x8000a544 (0x0222d833) x16 0x00000000
core   0: 0x8000a548 (0xbd1c4717) auipc   a4, 0xbd1c4
core   0: 3 0x8000a548 (0xbd1c4717) x14 0x3d1ce548
core   0: 0x8000a54c (0x01a75db3) srl     s11, a4, s10
core   0: 3 0x8000a54c (0x01a75db3) x27 0x3d1ce548
core   0: 0x8000a550 (0x0042d693) srli    a3, t0, 4
core   0: 3 0x8000a550 (0x0042d693) x13 0x00000000
core   0: 0x8000a554 (0x01141213) slli    tp, s0, 17
core   0: 3 0x8000a554 (0x01141213) x 4 0x00000000
core   0: 0x8000a558 (0x83cfdab7) lui     s5, 0x83cfd
core   0: 3 0x8000a558 (0x83cfdab7) x21 0x83cfd000
core   0: 0x8000a55c (0x56974913) xori    s2, a4, 1385
core   0: 3 0x8000a55c (0x56974913) x18 0x3d1ce021
core   0: 0x8000a560 (0x41485c33) sra     s8, a6, s4
core   0: 3 0x8000a560 (0x41485c33) x24 0x00000000
core   0: 0x8000a564 (0x00485eb3) srl     t4, a6, tp
core   0: 3 0x8000a564 (0x00485eb3) x29 0x00000000
core   0: 0x8000a568 (0x012f5693) srli    a3, t5, 18
core   0: 3 0x8000a568 (0x012f5693) x13 0x00000000
core   0: 0x8000a56c (0x05887463) bgeu    a6, s8, pc + 72
core   0: 3 0x8000a56c (0x05887463)
core   0: 0x8000a5b4 (0x0a57bf17) auipc   t5, 0xa57b
core   0: 3 0x8000a5b4 (0x0a57bf17) x30 0x8a5855b4
core   0: 0x8000a5b8 (0x037549b3) div     s3, a0, s7
core   0: 3 0x8000a5b8 (0x037549b3) x19 0x00000000
core   0: 0x8000a5bc (0x0107eab3) or      s5, a5, a6
core   0: 3 0x8000a5bc (0x0107eab3) x21 0xfffffffd
core   0: 0x8000a5c0 (0x03b00863) beq     zero, s11, pc + 48
core   0: 3 0x8000a5c0 (0x03b00863)
core   0: 0x8000a5c4 (0x40b18733) sub     a4, gp, a1
core   0: 3 0x8000a5c4 (0x40b18733) x14 0x00000000
core   0: 0x8000a5c8 (0x035beb33) rem     s6, s7, s5
core   0: 3 0x8000a5c8 (0x035beb33) x22 0xffffffff
core   0: 0x8000a5cc (0x77598593) addi    a1, s3, 1909
core   0: 3 0x8000a5cc (0x77598593) x11 0x00000775
core   0: 0x8000a5d0 (0xe920be13) sltiu   t3, ra, -366
core   0: 3 0x8000a5d0 (0xe920be13) x28 0x00000001
core   0: 0x8000a5d4 (0x03c59733) mulh    a4, a1, t3
core   0: 3 0x8000a5d4 (0x03c59733) x14 0x00000000
core   0: 0x8000a5d8 (0x02225663) bge     tp, sp, pc + 44
core   0: 3 0x8000a5d8 (0x02225663)
core   0: 0x8000a604 (0x2ef31397) auipc   t2, 0x2ef31
core   0: 3 0x8000a604 (0x2ef31397) x 7 0xaef3b604
core   0: 0x8000a608 (0x1bae6f13) ori     t5, t3, 442
core   0: 3 0x8000a608 (0x1bae6f13) x30 0x000001bb
core   0: 0x8000a60c (0x00fc5933) srl     s2, s8, a5
core   0: 3 0x8000a60c (0x00fc5933) x18 0x00000000
core   0: 0x8000a610 (0x03145233) divu    tp, s0, a7
core   0: 3 0x8000a610 (0x03145233) x 4 0x00000000
core   0: 0x8000a614 (0x03daa933) mulhsu  s2, s5, t4
core   0: 3 0x8000a614 (0x03daa933) x18 0x00000000
core   0: 0x8000a618 (0x00e0e333) or      t1, ra, a4
core   0: 3 0x8000a618 (0x00e0e333) x 6 0x00000001
core   0: 0x8000a61c (0x0366beb3) mulhu   t4, a3, s6
core   0: 3 0x8000a61c (0x0366beb3) x29 0x00000000
core   0: 0x8000a620 (0x03eb35b3) mulhu   a1, s6, t5
core   0: 3 0x8000a620 (0x03eb35b3) x11 0x000001ba
core   0: 0x8000a624 (0x02d1f533) remu    a0, gp, a3
core   0: 3 0x8000a624 (0x02d1f533) x10 0x00000000
core   0: 0x8000a628 (0x015bf2b3) and     t0, s7, s5
core   0: 3 0x8000a628 (0x015bf2b3) x 5 0xb5491478
core   0: 0x8000a62c (0x0a356d13) ori     s10, a0, 163
core   0: 3 0x8000a62c (0x0a356d13) x26 0x000000a3
core   0: 0x8000a630 (0x00656633) or      a2, a0, t1
core   0: 3 0x8000a630 (0x00656633) x12 0x00000001
core   0: 0x8000a634 (0x16ac2093) slti    ra, s8, 362
core   0: 3 0x8000a634 (0x16ac2093) x 1 0x00000001
core   0: 0x8000a638 (0x0004fd33) and     s10, s1, zero
core   0: 3 0x8000a638 (0x0004fd33) x26 0x00000000
core   0: 0x8000a63c (0x037b1863) bne     s6, s7, pc + 48
core   0: 3 0x8000a63c (0x037b1863)
core   0: 0x8000a66c (0x03a14863) blt     sp, s10, pc + 48
core   0: 3 0x8000a66c (0x03a14863)
core   0: 0x8000a69c (0x4176dd93) srai    s11, a3, 23
core   0: 3 0x8000a69c (0x4176dd93) x27 0x00000000
core   0: 0x8000a6a0 (0x03d96297) auipc   t0, 0x3d96
core   0: 3 0x8000a6a0 (0x03d96297) x 5 0x83da06a0
core   0: 0x8000a6a4 (0x9643e537) lui     a0, 0x9643e
core   0: 3 0x8000a6a4 (0x9643e537) x10 0x9643e000
core   0: 0x8000a6a8 (0x00412083) lw      ra, 4(sp)
core   0: 3 0x8000a6a8 (0x00412083) x 1 0x8000a72c mem 0x80025df0
core   0: 0x8000a6ac (0x02410113) addi    sp, sp, 36
core   0: 3 0x8000a6ac (0x02410113) x 2 0x80025e10
core   0: 0x8000a6b0 (0x03e0be33) mulhu   t3, ra, t5
core   0: 3 0x8000a6b0 (0x03e0be33) x28 0x000000dd
core   0: 0x8000a6b4 (0x00108a93) addi    s5, ra, 1
core   0: 3 0x8000a6b4 (0x00108a93) x21 0x8000a72d
core   0: 0x8000a6b8 (0x000a8ae7) jalr    s5, s5, 0
core   0: 3 0x8000a6b8 (0x000a8ae7) x21 0x8000a6bc
core   0: 0x8000a72c (0x02b71833) mulh    a6, a4, a1
core   0: 3 0x8000a72c (0x02b71833) x16 0x00000000
core   0: 0x8000a730 (0x83096797) auipc   a5, 0x83096
core   0: 3 0x8000a730 (0x83096797) x15 0x030a0730
core   0: 0x8000a734 (0x40e6dd13) srai    s10, a3, 14
core   0: 3 0x8000a734 (0x40e6dd13) x26 0x00000000
core   0: 0x8000a738 (0x4185d993) srai    s3, a1, 24
core   0: 3 0x8000a738 (0x4185d993) x19 0x00000000
core   0: 0x8000a73c (0x21d53537) lui     a0, 0x21d53
core   0: 3 0x8000a73c (0x21d53537) x10 0x21d53000
core   0: 0x8000a740 (0x03473eb3) mulhu   t4, a4, s4
core   0: 3 0x8000a740 (0x03473eb3) x29 0x00000000
core   0: 0x8000a744 (0x3ab38a93) addi    s5, t2, 939
core   0: 3 0x8000a744 (0x3ab38a93) x21 0xaef3b9af
core   0: 0x8000a748 (0x02c0fa63) bgeu    ra, a2, pc + 52
core   0: 3 0x8000a748 (0x02c0fa63)
core   0: 0x8000a77c (0x00344633) xor     a2, s0, gp
core   0: 3 0x8000a77c (0x00344633) x12 0x00000000
core   0: 0x8000a780 (0x03bda5b3) mulhsu  a1, s11, s11
core   0: 3 0x8000a780 (0x03bda5b3) x11 0x00000000
core   0: 0x8000a784 (0x24222993) slti    s3, tp, 578
core   0: 3 0x8000a784 (0x24222993) x19 0x00000001
core   0: 0x8000a788 (0x90f8bd93) sltiu   s11, a7, -1777
core   0: 3 0x8000a788 (0x90f8bd93) x27 0x00000001
core   0: 0x8000a78c (0x04410263) beq     sp, tp, pc + 68
core   0: 3 0x8000a78c (0x04410263)
core   0: 0x8000a790 (0x0328f433) remu    s0, a7, s2
core   0: 3 0x8000a790 (0x0328f433) x 8 0x00655f4d
core   0: 0x8000a794 (0xa0958b13) addi    s6, a1, -1527
core   0: 3 0x8000a794 (0xa0958b13) x22 0xfffffa09
core   0: 0x8000a798 (0x010a9c13) slli    s8, s5, 16
core   0: 3 0x8000a798 (0x010a9c13) x24 0xb9af0000
core   0: 0x8000a79c (0x48ada913) slti    s2, s11, 1162
core   0: 3 0x8000a79c (0x48ada913) x18 0x00000001
core   0: 0x8000a7a0 (0x00e09813) slli    a6, ra, 14
core   0: 3 0x8000a7a0 (0x00e09813) x16 0x29cb0000
core   0: 0x8000a7a4 (0x00c932b3) sltu    t0, s2, a2
core   0: 3 0x8000a7a4 (0x00c932b3) x 5 0x00000000
core   0: 0x8000a7a8 (0x02337863) bgeu    t1, gp, pc + 48
core   0: 3 0x8000a7a8 (0x02337863)
core   0: 0x8000a7d8 (0x039efab3) remu    s5, t4, s9
core   0: 3 0x8000a7d8 (0x039efab3) x21 0x00000000
core   0: 0x8000a7dc (0x01501c63) bne     zero, s5, pc + 24
core   0: 3 0x8000a7dc (0x01501c63)
core   0: 0x8000a7e0 (0x01a676b3) and     a3, a2, s10
core   0: 3 0x8000a7e0 (0x01a676b3) x13 0x00000000
core   0: 0x8000a7e4 (0x00dd7333) and     t1, s10, a3
core   0: 3 0x8000a7e4 (0x00dd7333) x 6 0x00000000
core   0: 0x8000a7e8 (0x018c1263) bne     s8, s8, pc + 4
core   0: 3 0x8000a7e8 (0x018c1263)
core   0: 0x8000a7ec (0x00000013) nop
core   0: 3 0x8000a7ec (0x00000013)
core   0: 0x8000a7f0 (0x009c8033) add     zero, s9, s1
core   0: 3 0x8000a7f0 (0x009c8033)
core   0: 0x8000a7f4 (0xbd4415b7) lui     a1, 0xbd441
core   0: 3 0x8000a7f4 (0xbd4415b7) x11 0xbd441000
core   0: 0x8000a7f8 (0x03e4e633) rem     a2, s1, t5
core   0: 3 0x8000a7f8 (0x03e4e633) x12 0x00000000
core   0: 0x8000a7fc (0x0378de33) divu    t3, a7, s7
core   0: 3 0x8000a7fc (0x0378de33) x28 0x00000000
core   0: 0x8000a800 (0x00081513) slli    a0, a6, 0
core   0: 3 0x8000a800 (0x00081513) x10 0x29cb0000
core   0: 0x8000a804 (0x00edeb33) or      s6, s11, a4
core   0: 3 0x8000a804 (0x00edeb33) x22 0x00000001
core   0: 0x8000a808 (0x00412083) lw      ra, 4(sp)
core   0: 3 0x8000a808 (0x00412083) x 1 0x8000a958 mem 0x80025e14
core   0: 0x8000a80c (0x027eb633) mulhu   a2, t4, t2
core   0: 3 0x8000a80c (0x027eb633) x12 0x00000000
core   0: 0x8000a810 (0x01301933) sll     s2, zero, s3
core   0: 3 0x8000a810 (0x01301933) x18 0x00000000
core   0: 0x8000a814 (0x4140de13) srai    t3, ra, 20
core   0: 3 0x8000a814 (0x4140de13) x28 0xfffff800
core   0: 0x8000a818 (0x7044ad93) slti    s11, s1, 1796
core   0: 3 0x8000a818 (0x7044ad93) x27 0x00000001
core   0: 0x8000a81c (0x03d978b3) remu    a7, s2, t4
core   0: 3 0x8000a81c (0x03d978b3) x17 0x00000000
core   0: 0x8000a820 (0x02810113) addi    sp, sp, 40
core   0: 3 0x8000a820 (0x02810113) x 2 0x80025e38
core   0: 0x8000a824 (0xda34a537) lui     a0, 0xda34a
core   0: 3 0x8000a824 (0xda34a537) x10 0xda34a000
core   0: 0x8000a828 (0x00108593) addi    a1, ra, 1
core   0: 3 0x8000a828 (0x00108593) x11 0x8000a959
core   0: 0x8000a82c (0x000585e7) jalr    a1, a1, 0
core   0: 3 0x8000a82c (0x000585e7) x11 0x8000a830
core   0: 0x8000a958 (0x04a4e663) bltu    s1, a0, pc + 76
core   0: 3 0x8000a958 (0x04a4e663)
core   0: 0x8000a9a4 (0x40ea8933) sub     s2, s5, a4
core   0: 3 0x8000a9a4 (0x40ea8933) x18 0x00000000
core   0: 0x8000a9a8 (0x035d0663) beq     s10, s5, pc + 44
core   0: 3 0x8000a9a8 (0x035d0663)
core   0: 0x8000a9d4 (0x009d1a93) slli    s5, s10, 9
core   0: 3 0x8000a9d4 (0x009d1a93) x21 0x00000000
core   0: 0x8000a9d8 (0x1180a5b7) lui     a1, 0x1180a
core   0: 3 0x8000a9d8 (0x1180a5b7) x11 0x1180a000
core   0: 0x8000a9dc (0x00412083) lw      ra, 4(sp)
core   0: 3 0x8000a9dc (0x00412083) x 1 0x8000a87c mem 0x80025e3c
core   0: 0x8000a9e0 (0x40518ab3) sub     s5, gp, t0
core   0: 3 0x8000a9e0 (0x40518ab3) x21 0x00000000
core   0: 0x8000a9e4 (0x01410113) addi    sp, sp, 20
core   0: 3 0x8000a9e4 (0x01410113) x 2 0x80025e4c
core   0: 0x8000a9e8 (0xce4a2e13) slti    t3, s4, -796
core   0: 3 0x8000a9e8 (0xce4a2e13) x28 0x00000001
core   0: 0x8000a9ec (0x00108713) addi    a4, ra, 1
core   0: 3 0x8000a9ec (0x00108713) x14 0x8000a87d
core   0: 0x8000a9f0 (0x00070767) jalr    a4, a4, 0
core   0: 3 0x8000a9f0 (0x00070767) x14 0x8000a9f4
core   0: 0x8000a87c (0x40128433) sub     s0, t0, ra
core   0: 3 0x8000a87c (0x40128433) x 8 0x7fff5784
core   0: 0x8000a880 (0x414c52b3) sra     t0, s8, s4
core   0: 3 0x8000a880 (0x414c52b3) x 5 0xfb9af000
core   0: 0x8000a884 (0xb1440f97) auipc   t6, 0xb1440
core   0: 3 0x8000a884 (0xb1440f97) x31 0x3144a884
core   0: 0x8000a888 (0x00000013) nop
core   0: 3 0x8000a888 (0x00000013)
core   0: 0x8000a88c (0x416b51b3) sra     gp, s6, s6
core   0: 3 0x8000a88c (0x416b51b3) x 3 0x00000000
core   0: 0x8000a890 (0x01ba7633) and     a2, s4, s11
core   0: 3 0x8000a890 (0x01ba7633) x12 0x00000000
core   0: 0x8000a894 (0x02fa1633) mulh    a2, s4, a5
core   0: 3 0x8000a894 (0x02fa1633) x12 0xfe7b0458
core   0: 0x8000a898 (0x026c5e33) divu    t3, s8, t1
core   0: 3 0x8000a898 (0x026c5e33) x28 0xffffffff
core   0: 0x8000a89c (0x011d3fb3) sltu    t6, s10, a7
core   0: 3 0x8000a89c (0x011d3fb3) x31 0x00000000
core   0: 0x8000a8a0 (0x0aa14513) xori    a0, sp, 170
core   0: 3 0x8000a8a0 (0x0aa14513) x10 0x80025ee6
core   0: 0x8000a8a4 (0x022dbc33) mulhu   s8, s11, sp
core   0: 3 0x8000a8a4 (0x022dbc33) x24 0x00000000
core   0: 0x8000a8a8 (0x033933b3) mulhu   t2, s2, s3
core   0: 3 0x8000a8a8 (0x033933b3) x 7 0x00000000
core   0: 0x8000a8ac (0x9053e813) ori     a6, t2, -1787
core   0: 3 0x8000a8ac (0x9053e813) x16 0xfffff905
core   0: 0x8000a8b0 (0x02954463) blt     a0, s1, pc + 40
core   0: 3 0x8000a8b0 (0x02954463)
core   0: 0x8000a8d8 (0x03bd8633) mul     a2, s11, s11
core   0: 3 0x8000a8d8 (0x03bd8633) x12 0x00000001
core   0: 0x8000a8dc (0x031a0f33) mul     t5, s4, a7
core   0: 3 0x8000a8dc (0x031a0f33) x30 0x00000000
core   0: 0x8000a8e0 (0x03b99b33) mulh    s6, s3, s11
core   0: 3 0x8000a8e0 (0x03b99b33) x22 0x00000000
core   0: 0x8000a8e4 (0x00412083) lw      ra, 4(sp)
core   0: 3 0x8000a8e4 (0x00412083) x 1 0x8000257c mem 0x80025e50
core   0: 0x8000a8e8 (0x77b9af13) slti    t5, s3, 1915
core   0: 3 0x8000a8e8 (0x77b9af13) x30 0x00000001
core   0: 0x8000a8ec (0x0d138693) addi    a3, t2, 209
core   0: 3 0x8000a8ec (0x0d138693) x13 0x000000d1
core   0: 0x8000a8f0 (0x4187d4b3) sra     s1, a5, s8
core   0: 3 0x8000a8f0 (0x4187d4b3) x 9 0x030a0730
core   0: 0x8000a8f4 (0xf8274493) xori    s1, a4, -126
core   0: 3 0x8000a8f4 (0xf8274493) x 9 0x7fff5676
core   0: 0x8000a8f8 (0x01810113) addi    sp, sp, 24
core   0: 3 0x8000a8f8 (0x01810113) x 2 0x80025e64
core   0: 0x8000a8fc (0x41f2d533) sra     a0, t0, t6
core   0: 3 0x8000a8fc (0x41f2d533) x10 0xfb9af000
core   0: 0x8000a900 (0x00108613) addi    a2, ra, 1
core   0: 3 0x8000a900 (0x00108613) x12 0x8000257d
core   0: 0x8000a904 (0x00060667) jalr    a2, a2, 0
core   0: 3 0x8000a904 (0x00060667) x12 0x8000a908
core   0: 0x8000257c (0x0049e863) bltu    s3, tp, pc + 16
core   0: 3 0x8000257c (0x0049e863)
core   0: 0x80002580 (0x00068c63) beqz    a3, pc + 24
core   0: 3 0x80002580 (0x00068c63)
core   0: 0x80002584 (0x41c3dd93) srai    s11, t2, 28
core   0: 3 0x80002584 (0x41c3dd93) x27 0x00000000
core   0: 0x80002588 (0x02209b33) mulh    s6, ra, sp
core   0: 3 0x80002588 (0x02209b33) x22 0x3ffebe10
core   0: 0x8000258c (0x03a04263) blt     zero, s10, pc + 36
core   0: 3 0x8000258c (0x03a04263)
core   0: 0x80002590 (0xa9b2d817) auipc   a6, 0xa9b2d
core   0: 3 0x80002590 (0xa9b2d817) x16 0x29b2f590
core   0: 0x80002594 (0x01d703b3) add     t2, a4, t4
core   0: 3 0x80002594 (0x01d703b3) x 7 0x8000a9f4
core   0: 0x80002598 (0x00121533) sll     a0, tp, ra
core   0: 3 0x80002598 (0x00121533) x10 0x00000000
core   0: 0x8000259c (0x004c9493) slli    s1, s9, 4
core   0: 3 0x8000259c (0x004c9493) x 9 0x00000000
core   0: 0x800025a0 (0x046c9263) bne     s9, t1, pc + 68
core   0: 3 0x800025a0 (0x046c9263)
core   0: 0x800025a4 (0x02c21db3) mulh    s11, tp, a2
core   0: 3 0x800025a4 (0x02c21db3) x27 0x00000000
core   0: 0x800025a8 (0x01b2d433) srl     s0, t0, s11
core   0: 3 0x800025a8 (0x01b2d433) x 8 0xfb9af000
core   0: 0x800025ac (0x00c242b3) xor     t0, tp, a2
core   0: 3 0x800025ac (0x00c242b3) x 5 0x8000a908
core   0: 0x800025b0 (0x00244ab3) xor     s5, s0, sp
core   0: 3 0x800025b0 (0x00244ab3) x21 0x7b98ae64
core   0: 0x800025b4 (0x354e4413) xori    s0, t3, 852
core   0: 3 0x800025b4 (0x354e4413) x 8 0xfffffcab
core   0: 0x800025b8 (0x036d5a63) bge     s10, s6, pc + 52
core   0: 3 0x800025b8 (0x036d5a63)
core   0: 0x800025bc (0x024a84b3) mul     s1, s5, tp
core   0: 3 0x800025bc (0x024a84b3) x 9 0x00000000
core   0: 0x800025c0 (0x01e8ec63) bltu    a7, t5, pc + 24
core   0: 3 0x800025c0 (0x01e8ec63)
core   0: 0x800025d8 (0xcb337c13) andi    s8, t1, -845
core   0: 3 0x800025d8 (0xcb337c13) x24 0x00000000
core   0: 0x800025dc (0xc6c43d93) sltiu   s11, s0, -916
core   0: 3 0x800025dc (0xc6c43d93) x27 0x00000000
core   0: 0x800025e0 (0x0178da63) bge     a7, s7, pc + 20
core   0: 3 0x800025e0 (0x0178da63)
core   0: 0x800025f4 (0x056df063) bgeu    s11, s6, pc + 64
core   0: 3 0x800025f4 (0x056df063)
core   0: 0x800025f8 (0x011d3db3) sltu    s11, s10, a7
core   0: 3 0x800025f8 (0x011d3db3) x27 0x00000000
core   0: 0x800025fc (0x02c8dcb3) divu    s9, a7, a2
core   0: 3 0x800025fc (0x02c8dcb3) x25 0x00000000
core   0: 0x80002600 (0x0155ac33) slt     s8, a1, s5
core   0: 3 0x80002600 (0x0155ac33) x24 0x00000001
core   0: 0x80002604 (0x02201633) mulh    a2, zero, sp
core   0: 3 0x80002604 (0x02201633) x12 0x00000000
core   0: 0x80002608 (0x038094b3) mulh    s1, ra, s8
core   0: 3 0x80002608 (0x038094b3) x 9 0xffffffff
core   0: 0x8000260c (0x02291263) bne     s2, sp, pc + 36
core   0: 3 0x8000260c (0x02291263)
core   0: 0x80002630 (0x0105fc33) and     s8, a1, a6
core   0: 3 0x80002630 (0x0105fc33) x24 0x0180a000
core   0: 0x80002634 (0x8daf9797) auipc   a5, 0x8daf9
core   0: 3 0x80002634 (0x8daf9797) x15 0x0dafb634
core   0: 0x80002638 (0x005c8db3) add     s11, s9, t0
core   0: 3 0x80002638 (0x005c8db3) x27 0x8000a908
core   0: 0x8000263c (0x01434863) blt     t1, s4, pc + 16
core   0: 3 0x8000263c (0x01434863)
core   0: 0x80002640 (0x0184d463) bge     s1, s8, pc + 8
core   0: 3 0x80002640 (0x0184d463)
core   0: 0x80002644 (0x00ea34b3) sltu    s1, s4, a4
core   0: 3 0x80002644 (0x00ea34b3) x 9 0x00000000
core   0: 0x80002648 (0x004e2e33) slt     t3, t3, tp
core   0: 3 0x80002648 (0x004e2e33) x28 0x00000001
core   0: 0x8000264c (0x010de433) or      s0, s11, a6
core   0: 3 0x8000264c (0x010de433) x 8 0xa9b2fd98
core   0: 0x80002650 (0x020bc5b3) div     a1, s7, zero
core   0: 3 0x80002650 (0x020bc5b3) x11 0xffffffff
core   0: 0x80002654 (0x02f80333) mul     t1, a6, a5
core   0: 3 0x80002654 (0x02f80333) x 6 0xe05e4140
core   0: 0x80002658 (0x0133d613) srli    a2, t2, 19
core   0: 3 0x80002658 (0x0133d613) x12 0x00001000
core   0: 0x8000265c (0x54baaa93) slti    s5, s5, 1355
core   0: 3 0x8000265c (0x54baaa93) x21 0x00000000
core   0: 0x80002660 (0x03df2533) mulhsu  a0, t5, t4
core   0: 3 0x80002660 (0x03df2533) x10 0x00000000
core   0: 0x80002664 (0xea1f0f97) auipc   t6, 0xea1f0
core   0: 3 0x80002664 (0xea1f0f97) x31 0x6a1f2664
core   0: 0x80002668 (0x01aa3333) sltu    t1, s4, s10
core   0: 3 0x80002668 (0x01aa3333) x 6 0x00000000
core   0: 0x8000266c (0x034704b3) mul     s1, a4, s4
core   0: 3 0x8000266c (0x034704b3) x 9 0xbc100d50
core   0: 0x80002670 (0x03484863) blt     a6, s4, pc + 48
core   0: 3 0x80002670 (0x03484863)
core   0: 0x80002674 (0x0014e0b3) or      ra, s1, ra
core   0: 3 0x80002674 (0x0014e0b3) x 1 0xbc102d7c
core   0: 0x80002678 (0x01b3adb3) slt     s11, t2, s11
core   0: 3 0x80002678 (0x01b3adb3) x27 0x00000000
core   0: 0x8000267c (0x03a5eab3) rem     s5, a1, s10
core   0: 3 0x8000267c (0x03a5eab3) x21 0xffffffff
core   0: 0x80002680 (0x540f4c93) xori    s9, t5, 1344
core   0: 3 0x80002680 (0x540f4c93) x25 0x00000541
core   0: 0x80002684 (0x037b8a63) beq     s7, s7, pc + 52
core   0: 3 0x80002684 (0x037b8a63)
core   0: 0x800026b8 (0x00737863) bgeu    t1, t2, pc + 16
core   0: 3 0x800026b8 (0x00737863)
core   0: 0x800026bc (0x00000013) nop
core   0: 3 0x800026bc (0x00000013)
core   0: 0x800026c0 (0x36c75e37) lui     t3, 0x36c75
core   0: 3 0x800026c0 (0x36c75e37) x28 0x36c75000
core   0: 0x800026c4 (0x021a5ab3) divu    s5, s4, ra
core   0: 3 0x800026c4 (0x021a5ab3) x21 0x00000000
core   0: 0x800026c8 (0x037009b3) mul     s3, zero, s7
core   0: 3 0x800026c8 (0x037009b3) x19 0x00000000
core   0: 0x800026cc (0x40f04793) xori    a5, zero, 1039
core   0: 3 0x800026cc (0x40f04793) x15 0x0000040f
core   0: 0x800026d0 (0xe87b4993) xori    s3, s6, -377
core   0: 3 0x800026d0 (0xe87b4993) x19 0xc0014097
core   0: 0x800026d4 (0x05314e93) xori    t4, sp, 83
core   0: 3 0x800026d4 (0x05314e93) x29 0x80025e37
core   0: 0x800026d8 (0x6f552db7) lui     s11, 0x6f552
core   0: 3 0x800026d8 (0x6f552db7) x27 0x6f552000
core   0: 0x800026dc (0x7e75f313) andi    t1, a1, 2023
core   0: 3 0x800026dc (0x7e75f313) x 6 0x000007e7
core   0: 0x800026e0 (0x02f4e1b3) rem     gp, s1, a5
core   0: 3 0x800026e0 (0x02f4e1b3) x 3 0xffffff89
core   0: 0x800026e4 (0x020b4263) bltz    s6, pc + 36
core   0: 3 0x800026e4 (0x020b4263)
core   0: 0x800026e8 (0x01873b33) sltu    s6, a4, s8
core   0: 3 0x800026e8 (0x01873b33) x22 0x00000000
core   0: 0x800026ec (0x01592e33) slt     t3, s2, s5
core   0: 3 0x800026ec (0x01592e33) x28 0x00000000
core   0: 0x800026f0 (0x39c82793) slti    a5, a6, 924
core   0: 3 0x800026f0 (0x39c82793) x15 0x00000000
core   0: 0x800026f4 (0x025a68b3) rem     a7, s4, t0
core   0: 3 0x800026f4 (0x025a68b3) x17 0x80029ce4
core   0: 0x800026f8 (0x402550b3) sra     ra, a0, sp
core   0: 3 0x800026f8 (0x402550b3) x 1 0x00000000
core   0: 0x800026fc (0x01ed15b3) sll     a1, s10, t5
core   0: 3 0x800026fc (0x01ed15b3) x11 0x00000000
core   0: 0x80002700 (0x015c3e33) sltu    t3, s8, s5
core   0: 3 0x80002700 (0x015c3e33) x28 0x00000000
core   0: 0x80002704 (0x025535b3) mulhu   a1, a0, t0
core   0: 3 0x80002704 (0x025535b3) x11 0x00000000
core   0: 0x80002708 (0x40dcd9b3) sra     s3, s9, a3
core   0: 3 0x80002708 (0x40dcd9b3) x19 0x00000000
core   0: 0x8000270c (0x032fbb33) mulhu   s6, t6, s2
core   0: 3 0x8000270c (0x032fbb33) x22 0x00000000
core   0: 0x80002710 (0x03e4c2b3) div     t0, s1, t5
core   0: 3 0x80002710 (0x03e4c2b3) x 5 0xbc100d50
core   0: 0x80002714 (0x035661b3) rem     gp, a2, s5
core   0: 3 0x80002714 (0x035661b3) x 3 0x00001000
core   0: 0x80002718 (0x042dd663) bge     s11, sp, pc + 76
core   0: 3 0x80002718 (0x042dd663)
core   0: 0x80002764 (0x0e2a9263) bne     s5, sp, pc + 228
core   0: 3 0x80002764 (0x0e2a9263)
core   0: 0x80002848 (0x4a3c6013) ori     zero, s8, 1187
core   0: 3 0x80002848 (0x4a3c6013)
core   0: 0x8000284c (0x50d6e293) ori     t0, a3, 1293
core   0: 3 0x8000284c (0x50d6e293) x 5 0x000005dd
core   0: 0x80002850 (0x6d5ac693) xori    a3, s5, 1749
core   0: 3 0x80002850 (0x6d5ac693) x13 0x000006d5
core   0: 0x80002854 (0x03adca63) blt     s11, s10, pc + 52
core   0: 3 0x80002854 (0x03adca63)
core   0: 0x80002858 (0x00f27f33) and     t5, tp, a5
core   0: 3 0x80002858 (0x00f27f33) x30 0x00000000
core   0: 0x8000285c (0x021444b3) div     s1, s0, ra
core   0: 3 0x8000285c (0x021444b3) x 9 0xffffffff
core   0: 0x80002860 (0x01070663) beq     a4, a6, pc + 12
core   0: 3 0x80002860 (0x01070663)
core   0: 0x80002864 (0x00ca0ab3) add     s5, s4, a2
core   0: 3 0x80002864 (0x00ca0ab3) x21 0x8002ace4
core   0: 0x80002868 (0x036689b3) mul     s3, a3, s6
core   0: 3 0x80002868 (0x036689b3) x19 0x00000000
core   0: 0x8000286c (0x01c21a63) bne     tp, t3, pc + 20
core   0: 3 0x8000286c (0x01c21a63)
core   0: 0x80002870 (0x00596263) bltu    s2, t0, pc + 4
core   0: 3 0x80002870 (0x00596263)
core   0: 0x80002874 (0xc7121197) auipc   gp, 0xc7121
core   0: 3 0x80002874 (0xc7121197) x 3 0x47123874
core   0: 0x80002878 (0x00000013) nop
core   0: 3 0x80002878 (0x00000013)
core   0: 0x8000287c (0x028e8433) mul     s0, t4, s0
core   0: 3 0x8000287c (0x028e8433) x 8 0x29c24ba8
core   0: 0x80002880 (0x413c8633) sub     a2, s9, s3
core   0: 3 0x80002880 (0x413c8633) x12 0x00000541
core   0: 0x80002884 (0x74aa8f93) addi    t6, s5, 1866
core   0: 3 0x80002884 (0x74aa8f93) x31 0x8002b42e
core   0: 0x80002888 (0x00000013) nop
core   0: 3 0x80002888 (0x00000013)
core   0: 0x8000288c (0x03600263) beq     zero, s6, pc + 36
core   0: 3 0x8000288c (0x03600263)
core   0: 0x800028b0 (0x4162de13) srai    t3, t0, 22
core   0: 3 0x800028b0 (0x4162de13) x28 0x00000000
core   0: 0x800028b4 (0x02d77263) bgeu    a4, a3, pc + 36
core   0: 3 0x800028b4 (0x02d77263)
core   0: 0x800028d8 (0x00dfe3b3) or      t2, t6, a3
core   0: 3 0x800028d8 (0x00dfe3b3) x 7 0x8002b6ff
core   0: 0x800028dc (0x00d80eb3) add     t4, a6, a3
core   0: 3 0x800028dc (0x00d80eb3) x29 0x29b2fc65
core   0: 0x800028e0 (0x01221d13) slli    s10, tp, 18
core   0: 3 0x800028e0 (0x01221d13) x26 0x00000000
core   0: 0x800028e4 (0x41de02b3) sub     t0, t3, t4
core   0: 3 0x800028e4 (0x41de02b3) x 5 0xd64d039b
core   0: 0x800028e8 (0x0159dab3) srl     s5, s3, s5
core   0: 3 0x800028e8 (0x0159dab3) x21 0x00000000
core   0: 0x800028ec (0x401c05b3) sub     a1, s8, ra
core   0: 3 0x800028ec (0x401c05b3) x11 0x0180a000
core   0: 0x800028f0 (0xc2dcf417) auipc   s0, 0xc2dcf
core   0: 3 0x800028f0 (0xc2dcf417) x 8 0x42dd18f0
core   0: 0x800028f4 (0x0397fc33) remu    s8, a5, s9
core   0: 3 0x800028f4 (0x0397fc33) x24 0x00000000
core   0: 0x800028f8 (0x01b1a6b3) slt     a3, gp, s11
core   0: 3 0x800028f8 (0x01b1a6b3) x13 0x00000001
core   0: 0x800028fc (0x03f75933) divu    s2, a4, t6
core   0: 3 0x800028fc (0x03f75933) x18 0x00000000
core   0: 0x80002900 (0x0015bfb3) sltu    t6, a1, ra
core   0: 3 0x80002900 (0x0015bfb3) x31 0x00000000
core   0: 0x80002904 (0x39337f13) andi    t5, t1, 915
core   0: 3 0x80002904 (0x39337f13) x30 0x00000383
core   0: 0x80002908 (0x01889fb3) sll     t6, a7, s8
core   0: 3 0x80002908 (0x01889fb3) x31 0x80029ce4
core   0: 0x8000290c (0x411d5b13) srai    s6, s10, 17
core   0: 3 0x8000290c (0x411d5b13) x22 0x00000000
core   0: 0x80002910 (0x1d218c93) addi    s9, gp, 466
core   0: 3 0x80002910 (0x1d218c93) x25 0x47123a46
core   0: 0x80002914 (0x00000013) nop
core   0: 3 0x80002914 (0x00000013)
core   0: 0x80002918 (0x0064dab3) srl     s5, s1, t1
core   0: 3 0x80002918 (0x0064dab3) x21 0x01ffffff
core   0: 0x8000291c (0x015d7c33) and     s8, s10, s5
core   0: 3 0x8000291c (0x015d7c33) x24 0x00000000
core   0: 0x80002920 (0x02137db3) remu    s11, t1, ra
core   0: 3 0x80002920 (0x02137db3) x27 0x000007e7
core   0: 0x80002924 (0x00000013) nop
core   0: 3 0x80002924 (0x00000013)
core   0: 0x80002928 (0x402e5f33) sra     t5, t3, sp
core   0: 3 0x80002928 (0x402e5f33) x30 0x00000000
core   0: 0x8000292c (0x03ab4033) div     zero, s6, s10
core   0: 3 0x8000292c (0x03ab4033)
core   0: 0x80002930 (0x40448b33) sub     s6, s1, tp
core   0: 3 0x80002930 (0x40448b33) x22 0xffffffff
core   0: 0x80002934 (0x01e8ec33) or      s8, a7, t5
core   0: 3 0x80002934 (0x01e8ec33) x24 0x80029ce4
core   0: 0x80002938 (0x00860433) add     s0, a2, s0
core   0: 3 0x80002938 (0x00860433) x 8 0x42dd1e31
core   0: 0x8000293c (0x0002f5b3) and     a1, t0, zero
core   0: 3 0x8000293c (0x0002f5b3) x11 0x00000000
core   0: 0x80002940 (0x016cfe33) and     t3, s9, s6
core   0: 3 0x80002940 (0x016cfe33) x28 0x47123a46
core   0: 0x80002944 (0x01a26eb3) or      t4, tp, s10
core   0: 3 0x80002944 (0x01a26eb3) x29 0x00000000
core   0: 0x80002948 (0x0374a933) mulhsu  s2, s1, s7
core   0: 3 0x80002948 (0x0374a933) x18 0xffffffff
core   0: 0x8000294c (0x002ef2b3) and     t0, t4, sp
core   0: 3 0x8000294c (0x002ef2b3) x 5 0x00000000
core   0: 0x80002950 (0x4091d213) srai    tp, gp, 9
core   0: 3 0x80002950 (0x4091d213) x 4 0x0023891c
core   0: 0x80002954 (0x02fd69b3) rem     s3, s10, a5
core   0: 3 0x80002954 (0x02fd69b3) x19 0x00000000
core   0: 0x80002958 (0x000b60b3) or      ra, s6, zero
core   0: 3 0x80002958 (0x000b60b3) x 1 0xffffffff
core   0: 0x8000295c (0x03888a63) beq     a7, s8, pc + 52
core   0: 3 0x8000295c (0x03888a63)
core   0: 0x80002990 (0x407b5eb3) sra     t4, s6, t2
core   0: 3 0x80002990 (0x407b5eb3) x29 0xffffffff
core   0: 0x80002994 (0x00d17733) and     a4, sp, a3
core   0: 3 0x80002994 (0x00d17733) x14 0x00000000
core   0: 0x80002998 (0x017e7f33) and     t5, t3, s7
core   0: 3 0x80002998 (0x017e7f33) x30 0x05001042
core   0: 0x8000299c (0x02192333) mulhsu  t1, s2, ra
core   0: 3 0x8000299c (0x02192333) x 6 0xffffffff
core   0: 0x800029a0 (0x9e75c293) xori    t0, a1, -1561
core   0: 3 0x800029a0 (0x9e75c293) x 5 0xfffff9e7
core   0: 0x800029a4 (0x0200ac33) mulhsu  s8, ra, zero
core   0: 3 0x800029a4 (0x0200ac33) x24 0x00000000
core   0: 0x800029a8 (0x03e92db3) mulhsu  s11, s2, t5
core   0: 3 0x800029a8 (0x03e92db3) x27 0xffffffff
core   0: 0x800029ac (0x41408333) sub     t1, ra, s4
core   0: 3 0x800029ac (0x41408333) x 6 0x7ffd631b
core   0: 0x800029b0 (0x40c352b3) sra     t0, t1, a2
core   0: 3 0x800029b0 (0x40c352b3) x 5 0x3ffeb18d
core   0: 0x800029b4 (0xcdf10a97) auipc   s5, 0xcdf10
core   0: 3 0x800029b4 (0xcdf10a97) x21 0x4df129b4
core   0: 0x800029b8 (0x39edc013) xori    zero, s11, 926
core   0: 3 0x800029b8 (0x39edc013)
core   0: 0x800029bc (0x00cdeb33) or      s6, s11, a2
core   0: 3 0x800029bc (0x00cdeb33) x22 0xffffffff
core   0: 0x800029c0 (0x032f9e63) bne     t6, s2, pc + 60
core   0: 3 0x800029c0 (0x032f9e63)
core   0: 0x800029fc (0x02648533) mul     a0, s1, t1
core   0: 3 0x800029fc (0x02648533) x10 0x80029ce5
core   0: 0x80002a00 (0x032ac6b3) div     a3, s5, s2
core   0: 3 0x80002a00 (0x032ac6b3) x13 0xb20ed64c
core   0: 0x80002a04 (0x01209c63) bne     ra, s2, pc + 24
core   0: 3 0x80002a04 (0x01209c63)
core   0: 0x80002a08 (0x05f9c863) blt     s3, t6, pc + 80
core   0: 3 0x80002a08 (0x05f9c863)
core   0: 0x80002a0c (0x034297b3) mulh    a5, t0, s4
core   0: 3 0x80002a0c (0x034297b3) x15 0xe0014e6f
core   0: 0x80002a10 (0x02c04063) blt     zero, a2, pc + 32
core   0: 3 0x80002a10 (0x02c04063)
core   0: 0x80002a30 (0x00fc0233) add     tp, s8, a5
core   0: 3 0x80002a30 (0x00fc0233) x 4 0xe0014e6f
core   0: 0x80002a34 (0x031c1263) bne     s8, a7, pc + 36
core   0: 3 0x80002a34 (0x031c1263)
core   0: 0x80002a58 (0x0015d313) srli    t1, a1, 1
core   0: 3 0x80002a58 (0x0015d313) x 6 0x00000000
core   0: 0x80002a5c (0x60de0913) addi    s2, t3, 1549
core   0: 3 0x80002a5c (0x60de0913) x18 0x47124053
core   0: 0x80002a60 (0x00cc5e33) srl     t3, s8, a2
core   0: 3 0x80002a60 (0x00cc5e33) x28 0x00000000
core   0: 0x80002a64 (0x0b55fa93) andi    s5, a1, 181
core   0: 3 0x80002a64 (0x0b55fa93) x21 0x00000000
core   0: 0x80002a68 (0x0313b7b3) mulhu   a5, t2, a7
core   0: 3 0x80002a68 (0x0313b7b3) x15 0x4002a9f8
core   0: 0x80002a6c (0x03118eb3) mul     t4, gp, a7
core   0: 3 0x80002a6c (0x03118eb3) x29 0xd788f750
core   0: 0x80002a70 (0x0042d313) srli    t1, t0, 4
core   0: 3 0x80002a70 (0x0042d313) x 6 0x03ffeb18
core   0: 0x80002a74 (0x0000ec17) auipc   s8, 0xe
core   0: 3 0x80002a74 (0x0000ec17) x24 0x80010a74
core   0: 0x80002a78 (0x421c0c13) addi    s8, s8, 1057
core   0: 3 0x80002a78 (0x421c0c13) x24 0x80010e95
core   0: 0x80002a7c (0x02c28833) mul     a6, t0, a2
core   0: 3 0x80002a7c (0x02c28833) x16 0x3922d5cd
core   0: 0x80002a80 (0x576ccc97) auipc   s9, 0x576cc
core   0: 3 0x80002a80 (0x576ccc97) x25 0xd76cea80
core   0: 0x80002a84 (0x0147ee33) or      t3, a5, s4
core   0: 3 0x80002a84 (0x0147ee33) x28 0xc002bdfc
core   0: 0x80002a88 (0xfebc0f23) sb      a1, -2(s8)
core   0: 3 0x80002a88 (0xfebc0f23) mem 0x80010e93 0x0
core   0: 0x80002a8c (0xfe8c4303) lbu     t1, -24(s8)
core   0: 3 0x80002a8c (0xfe8c4303) x 6 0x00000091 mem 0x80010e7d
core   0: 0x80002a90 (0x01fc6733) or      a4, s8, t6
core   0: 3 0x80002a90 (0x01fc6733) x14 0x80039ef5
core   0: 0x80002a94 (0xfd4c0383) lb      t2, -44(s8)
core   0: 3 0x80002a94 (0xfd4c0383) x 7 0x00000011 mem 0x80010e69
core   0: 0x80002a98 (0x011c5483) lhu     s1, 17(s8)
core   0: 3 0x80002a98 (0x011c5483) x 9 0x0000e1ec mem 0x80010ea6
core   0: 0x80002a9c (0xfb0fb417) auipc   s0, 0xfb0fb
core   0: 3 0x80002a9c (0xfb0fb417) x 8 0x7b0fda9c
core   0: 0x80002aa0 (0x02377433) remu    s0, a4, gp
core   0: 3 0x80002aa0 (0x02377433) x 8 0x38f16681
core   0: 0x80002aa4 (0x00ec1ea3) sh      a4, 29(s8)
core   0: 3 0x80002aa4 (0x00ec1ea3) mem 0x80010eb2 0x9ef5
core   0: 0x80002aa8 (0x711e2597) auipc   a1, 0x711e2
core   0: 3 0x80002aa8 (0x711e2597) x11 0xf11e4aa8
core   0: 0x80002aac (0x3ffa6913) ori     s2, s4, 1023
core   0: 3 0x80002aac (0x3ffa6913) x18 0x80029fff
core   0: 0x80002ab0 (0x01fe4333) xor     t1, t3, t6
core   0: 3 0x80002ab0 (0x01fe4333) x 6 0x40002118
core   0: 0x80002ab4 (0x5b56a717) auipc   a4, 0x5b56a
core   0: 3 0x80002ab4 (0x5b56a717) x14 0xdb56cab4
core   0: 0x80002ab8 (0x00bc2da3) sw      a1, 27(s8)
core   0: 3 0x80002ab8 (0x00bc2da3) mem 0x80010eb0 0xf11e4aa8
core   0: 0x80002abc (0x9ee14393) xori    t2, sp, -1554
core   0: 3 0x80002abc (0x9ee14393) x 7 0x7ffda78a
core   0: 0x80002ac0 (0x012c4903) lbu     s2, 18(s8)
core   0: 3 0x80002ac0 (0x012c4903) x18 0x000000e1 mem 0x80010ea7
core   0: 0x80002ac4 (0xfcfc0723) sb      a5, -50(s8)
core   0: 3 0x80002ac4 (0xfcfc0723) mem 0x80010e63 0xf8
core   0: 0x80002ac8 (0x026c18a3) sh      t1, 49(s8)
core   0: 3 0x80002ac8 (0x026c18a3) mem 0x80010ec6 0x2118
core   0: 0x80002acc (0x01ac1fa3) sh      s10, 31(s8)
core   0: 3 0x80002acc (0x01ac1fa3) mem 0x80010eb4 0x0000
core   0: 0x80002ad0 (0xfd9c0083) lb      ra, -39(s8)
core   0: 3 0x80002ad0 (0xfd9c0083) x 1 0x0000003a mem 0x80010e6e
core   0: 0x80002ad4 (0x02ec4a83) lbu     s5, 46(s8)
core   0: 3 0x80002ad4 (0x02ec4a83) x21 0x000000e3 mem 0x80010ec3
core   0: 0x80002ad8 (0xfc6c0603) lb      a2, -58(s8)
core   0: 3 0x80002ad8 (0xfc6c0603) x12 0x00000062 mem 0x80010e5b
core   0: 0x80002adc (0x005c0023) sb      t0, 0(s8)
core   0: 3 0x80002adc (0x005c0023) mem 0x80010e95 0x8d
core   0: 0x80002ae0 (0x01bc0303) lb      t1, 27(s8)
core   0: 3 0x80002ae0 (0x01bc0303) x 6 0xffffffa8 mem 0x80010eb0
core   0: 0x80002ae4 (0xcb322413) slti    s0, tp, -845
core   0: 3 0x80002ae4 (0xcb322413) x 8 0x00000001
core   0: 0x80002ae8 (0x01ec0e83) lb      t4, 30(s8)
core   0: 3 0x80002ae8 (0x01ec0e83) x29 0xfffffff1 mem 0x80010eb3
core   0: 0x80002aec (0xf41dbf93) sltiu   t6, s11, -191
core   0: 3 0x80002aec (0xf41dbf93) x31 0x00000000
core   0: 0x80002af0 (0x02eb3d33) mulhu   s10, s6, a4
core   0: 3 0x80002af0 (0x02eb3d33) x26 0xdb56cab3
core   0: 0x80002af4 (0x010c0ca3) sb      a6, 25(s8)
core   0: 3 0x80002af4 (0x010c0ca3) mem 0x80010eae 0xcd
core   0: 0x80002af8 (0x038c4183) lbu     gp, 56(s8)
core   0: 3 0x80002af8 (0x038c4183) x 3 0x0000002b mem 0x80010ecd
core   0: 0x80002afc (0x029c02a3) sb      s1, 37(s8)
core   0: 3 0x80002afc (0x029c02a3) mem 0x80010eba 0xec
core   0: 0x80002b00 (0xffec4483) lbu     s1, -2(s8)
core   0: 3 0x80002b00 (0xffec4483) x 9 0x00000000 mem 0x80010e93
core   0: 0x80002b04 (0xff1c4f83) lbu     t6, -15(s8)
core   0: 3 0x80002b04 (0xff1c4f83) x31 0x0000008c mem 0x80010e86
core   0: 0x80002b08 (0xfd5c0323) sb      s5, -58(s8)
core   0: 3 0x80002b08 (0xfd5c0323) mem 0x80010e5b 0xe3
core   0: 0x80002b0c (0xfd8c10a3) sh      s8, -63(s8)
core   0: 3 0x80002b0c (0xfd8c10a3) mem 0x80010e56 0x0e95
core   0: 0x80002b10 (0x033425b3) mulhsu  a1, s0, s3
core   0: 3 0x80002b10 (0x033425b3) x11 0x00000000
core   0: 0x80002b14 (0x00c0dd33) srl     s10, ra, a2
core   0: 3 0x80002b14 (0x00c0dd33) x26 0x0000000e
core   0: 0x80002b18 (0x016c4c83) lbu     s9, 22(s8)
core   0: 3 0x80002b18 (0x016c4c83) x25 0x00000035 mem 0x80010eab
core   0: 0x80002b1c (0xfe7c07a3) sb      t2, -17(s8)
core   0: 3 0x80002b1c (0xfe7c07a3) mem 0x80010e84 0x8a
core   0: 0x80002b20 (0xfedc0b23) sb      a3, -10(s8)
core   0: 3 0x80002b20 (0xfedc0b23) mem 0x80010e8b 0x4c
core   0: 0x80002b24 (0x03bb8ab3) mul     s5, s7, s11
core   0: 3 0x80002b24 (0x03bb8ab3) x21 0x4ab6eb86
core   0: 0x80002b28 (0x02e5cdb3) div     s11, a1, a4
core   0: 3 0x80002b28 (0x02e5cdb3) x27 0x00000000
core   0: 0x80002b2c (0x0151feb3) and     t4, gp, s5
core   0: 3 0x80002b2c (0x0151feb3) x29 0x00000002
core   0: 0x80002b30 (0xcde0a993) slti    s3, ra, -802
core   0: 3 0x80002b30 (0xcde0a993) x19 0x00000000
core   0: 0x80002b34 (0x403dd033) sra     zero, s11, gp
core   0: 3 0x80002b34 (0x403dd033)
core   0: 0x80002b38 (0x40758eb3) sub     t4, a1, t2
core   0: 3 0x80002b38 (0x40758eb3) x29 0x80025876
core   0: 0x80002b3c (0x046d5663) bge     s10, t1, pc + 76
core   0: 3 0x80002b3c (0x046d5663)
core   0: 0x80002b88 (0x0299dcb3) divu    s9, s3, s1
core   0: 3 0x80002b88 (0x0299dcb3) x25 0xffffffff
core   0: 0x80002b8c (0x40e95e13) srai    t3, s2, 14
core   0: 3 0x80002b8c (0x40e95e13) x28 0x00000000
core   0: 0x80002b90 (0x02d024b3) mulhsu  s1, zero, a3
core   0: 3 0x80002b90 (0x02d024b3) x 9 0x00000000
core   0: 0x80002b94 (0x391a6493) ori     s1, s4, 913
core   0: 3 0x80002b94 (0x391a6493) x 9 0x80029ff5
core   0: 0x80002b98 (0x0083d993) srli    s3, t2, 8
core   0: 3 0x80002b98 (0x0083d993) x19 0x007ffda7
core   0: 0x80002b9c (0x3319f193) andi    gp, s3, 817
core   0: 3 0x80002b9c (0x3319f193) x 3 0x00000121
core   0: 0x80002ba0 (0xdeec4513) xori    a0, s8, -530
core   0: 3 0x80002ba0 (0xdeec4513) x10 0x7ffef37b
core   0: 0x80002ba4 (0x01de77b3) and     a5, t3, t4
core   0: 3 0x80002ba4 (0x01de77b3) x15 0x00000000
core   0: 0x80002ba8 (0xfee1ab13) slti    s6, gp, -18
core   0: 3 0x80002ba8 (0xfee1ab13) x22 0x00000000
core   0: 0x80002bac (0x5c49bf93) sltiu   t6, s3, 1476
core   0: 3 0x80002bac (0x5c49bf93) x31 0x00000000
core   0: 0x80002bb0 (0xa3067413) andi    s0, a2, -1488
core   0: 3 0x80002bb0 (0xa3067413) x 8 0x00000020
core   0: 0x80002bb4 (0xd40caf13) slti    t5, s9, -704
core   0: 3 0x80002bb4 (0xd40caf13) x30 0x00000000
core   0: 0x80002bb8 (0x344ca313) slti    t1, s9, 836
core   0: 3 0x80002bb8 (0x344ca313) x 6 0x00000001
core   0: 0x80002bbc (0x0000e817) auipc   a6, 0xe
core   0: 3 0x80002bbc (0x0000e817) x16 0x80010bbc
core   0: 0x80002bc0 (0x2af80813) addi    a6, a6, 687
core   0: 3 0x80002bc0 (0x2af80813) x16 0x80010e6b
core   0: 0x80002bc4 (0xffd81183) lh      gp, -3(a6)
core   0: 3 0x80002bc4 (0xffd81183) x 3 0x000011d6 mem 0x80010e68
core   0: 0x80002bc8 (0x03d9b9b3) mulhu   s3, s3, t4
core   0: 3 0x80002bc8 (0x03d9b9b3) x19 0x003fffff
core   0: 0x80002bcc (0x011b4eb3) xor     t4, s6, a7
core   0: 3 0x80002bcc (0x011b4eb3) x29 0x80029ce4
core   0: 0x80002bd0 (0x00d80c03) lb      s8, 13(a6)
core   0: 3 0x80002bd0 (0x00d80c03) x24 0xfffffff3 mem 0x80010e78
core   0: 0x80002bd4 (0x0181d233) srl     tp, gp, s8
core   0: 3 0x80002bd4 (0x0181d233) x 4 0x00000000
core   0: 0x80002bd8 (0x02fe76b3) remu    a3, t3, a5
core   0: 3 0x80002bd8 (0x02fe76b3) x13 0x00000000
core   0: 0x80002bdc (0xffe84c83) lbu     s9, -2(a6)
core   0: 3 0x80002bdc (0xffe84c83) x25 0x00000011 mem 0x80010e69
core   0: 0x80002be0 (0xff185f03) lhu     t5, -15(a6)
core   0: 3 0x80002be0 (0xff185f03) x30 0x0000a9d3 mem 0x80010e5c
core   0: 0x80002be4 (0x41b05793) srai    a5, zero, 27
core   0: 3 0x80002be4 (0x41b05793) x15 0x00000000
core   0: 0x80002be8 (0xffc80c83) lb      s9, -4(a6)
core   0: 3 0x80002be8 (0xffc80c83) x25 0xffffffd3 mem 0x80010e67
core   0: 0x80002bec (0x9fb74093) xori    ra, a4, -1541
core   0: 3 0x80002bec (0x9fb74093) x 1 0x24a9334f
core   0: 0x80002bf0 (0x01ca85b3) add     a1, s5, t3
core   0: 3 0x80002bf0 (0x01ca85b3) x11 0x4ab6eb86
core   0: 0x80002bf4 (0x41c0d093) srai    ra, ra, 28
core   0: 3 0x80002bf4 (0x41c0d093) x 1 0x00000002
core   0: 0x80002bf8 (0x00184e83) lbu     t4, 1(a6)
core   0: 3 0x80002bf8 (0x00184e83) x29 0x00000024 mem 0x80010e6c
core   0: 0x80002bfc (0x00ab9e93) slli    t4, s7, 10
core   0: 3 0x80002bfc (0x00ab9e93) x29 0x2451e800
core   0: 0x80002c00 (0xba210013) addi    zero, sp, -1118
core   0: 3 0x80002c00 (0xba210013)
core   0: 0x80002c04 (0x02aaa0b3) mulhsu  ra, s5, a0
core   0: 3 0x80002c04 (0x02aaa0b3) x 1 0x255b2764
core   0: 0x80002c08 (0x028f75b3) remu    a1, t5, s0
core   0: 3 0x80002c08 (0x028f75b3) x11 0x00000013
core   0: 0x80002c0c (0xff581603) lh      a2, -11(a6)
core   0: 3 0x80002c0c (0xff581603) x12 0x00005ab6 mem 0x80010e60
core   0: 0x80002c10 (0x00b800a3) sb      a1, 1(a6)
core   0: 3 0x80002c10 (0x00b800a3) mem 0x80010e6c 0x13
core   0: 0x80002c14 (0x65a54093) xori    ra, a0, 1626
core   0: 3 0x80002c14 (0x65a54093) x 1 0x7ffef521
core   0: 0x80002c18 (0xffa84e83) lbu     t4, -6(a6)
core   0: 3 0x80002c18 (0xffa84e83) x29 0x000000f2 mem 0x80010e65
core   0: 0x80002c1c (0x01737f33) and     t5, t1, s7
core   0: 3 0x80002c1c (0x01737f33) x30 0x00000000
core   0: 0x80002c20 (0x02d791b3) mulh    gp, a5, a3
core   0: 3 0x80002c20 (0x02d791b3) x 3 0x00000000
core   0: 0x80002c24 (0x40af0633) sub     a2, t5, a0
core   0: 3 0x80002c24 (0x40af0633) x12 0x80010c85
core   0: 0x80002c28 (0xf650ce13) xori    t3, ra, -155
core   0: 3 0x80002c28 (0xf650ce13) x28 0x80010a44
core   0: 0x80002c2c (0x00880823) sb      s0, 16(a6)
core   0: 3 0x80002c2c (0x00880823) mem 0x80010e7b 0x20
core   0: 0x80002c30 (0x41805f93) srai    t6, zero, 24
core   0: 3 0x80002c30 (0x41805f93) x31 0x00000000
core   0: 0x80002c34 (0x02ee0633) mul     a2, t3, a4
core   0: 3 0x80002c34 (0x02ee0633) x12 0x71acdfd0
core   0: 0x80002c38 (0x0dcffc63) bgeu    t6, t3, pc + 216
core   0: 3 0x80002c38 (0x0dcffc63)
core   0: 0x80002c3c (0x41f75733) sra     a4, a4, t6
core   0: 3 0x80002c3c (0x41f75733) x14 0xdb56cab4
core   0: 0x80002c40 (0x0b7e9a63) bne     t4, s7, pc + 180
core   0: 3 0x80002c40 (0x0b7e9a63)
core   0: 0x80002cf4 (0x00a32ab3) slt     s5, t1, a0
core   0: 3 0x80002cf4 (0x00a32ab3) x21 0x00000001
core   0: 0x80002cf8 (0x00406d33) or      s10, zero, tp
core   0: 3 0x80002cf8 (0x00406d33) x26 0x00000000
core   0: 0x80002cfc (0x0245bdb3) mulhu   s11, a1, tp
core   0: 3 0x80002cfc (0x0245bdb3) x27 0x00000000
core   0: 0x80002d00 (0x016cc863) blt     s9, s6, pc + 16
core   0: 3 0x80002d00 (0x016cc863)
core   0: 0x80002d10 (0x033d8a63) beq     s11, s3, pc + 52
core   0: 3 0x80002d10 (0x033d8a63)
core   0: 0x80002d14 (0x023ce263) bltu    s9, gp, pc + 36
core   0: 3 0x80002d14 (0x023ce263)
core   0: 0x80002d18 (0x007f0733) add     a4, t5, t2
core   0: 3 0x80002d18 (0x007f0733) x14 0x7ffda78a
core   0: 0x80002d1c (0x024181b3) mul     gp, gp, tp
core   0: 3 0x80002d1c (0x024181b3) x 3 0x00000000
core   0: 0x80002d20 (0xd5e83613) sltiu   a2, a6, -674
core   0: 3 0x80002d20 (0xd5e83613) x12 0x00000001
core   0: 0x80002d24 (0x01041263) bne     s0, a6, pc + 4
core   0: 3 0x80002d24 (0x01041263)
core   0: 0x80002d28 (0x0524c863) blt     s1, s2, pc + 80
core   0: 3 0x80002d28 (0x0524c863)
core   0: 0x80002d78 (0x02c9d263) bge     s3, a2, pc + 36
core   0: 3 0x80002d78 (0x02c9d263)
core   0: 0x80002d9c (0x69943ab7) lui     s5, 0x69943
core   0: 3 0x80002d9c (0x69943ab7) x21 0x69943000
core   0: 0x80002da0 (0x02f4b4b3) mulhu   s1, s1, a5
core   0: 3 0x80002da0 (0x02f4b4b3) x 9 0x00000000
core   0: 0x80002da4 (0x0275e7b3) rem     a5, a1, t2
core   0: 3 0x80002da4 (0x0275e7b3) x15 0x00000013
core   0: 0x80002da8 (0x006bccb3) xor     s9, s7, t1
core   0: 3 0x80002da8 (0x006bccb3) x25 0xb549147b
core   0: 0x80002dac (0x0360cf33) div     t5, ra, s6
core   0: 3 0x80002dac (0x0360cf33) x30 0xffffffff
core   0: 0x80002db0 (0x036882b3) mul     t0, a7, s6
core   0: 3 0x80002db0 (0x036882b3) x 5 0x00000000
core   0: 0x80002db4 (0x00eead33) slt     s10, t4, a4
core   0: 3 0x80002db4 (0x00eead33) x26 0x00000001
core   0: 0x80002db8 (0x006240b3) xor     ra, tp, t1
core   0: 3 0x80002db8 (0x006240b3) x 1 0x00000001
core   0: 0x80002dbc (0x0dee8d13) addi    s10, t4, 222
core   0: 3 0x80002dbc (0x0dee8d13) x26 0x000001d0
core   0: 0x80002dc0 (0x03379cb3) mulh    s9, a5, s3
core   0: 3 0x80002dc0 (0x03379cb3) x25 0x00000000
core   0: 0x80002dc4 (0x00e6d463) bge     a3, a4, pc + 8
core   0: 3 0x80002dc4 (0x00e6d463)
core   0: 0x80002dc8 (0x41be8733) sub     a4, t4, s11
core   0: 3 0x80002dc8 (0x41be8733) x14 0x000000f2
core   0: 0x80002dcc (0x00cdd413) srli    s0, s11, 12
core   0: 3 0x80002dcc (0x00cdd413) x 8 0x00000000
core   0: 0x80002dd0 (0x410b0533) sub     a0, s6, a6
core   0: 3 0x80002dd0 (0x410b0533) x10 0x7ffef195
core   0: 0x80002dd4 (0x40085613) srai    a2, a6, 0
core   0: 3 0x80002dd4 (0x40085613) x12 0x80010e6b
core   0: 0x80002dd8 (0xeebbc9b7) lui     s3, 0xeebbc
core   0: 3 0x80002dd8 (0xeebbc9b7) x19 0xeebbc000
core   0: 0x80002ddc (0x01645633) srl     a2, s0, s6
core   0: 3 0x80002ddc (0x01645633) x12 0x00000000
core   0: 0x80002de0 (0x0210f3b3) remu    t2, ra, ra
core   0: 3 0x80002de0 (0x0210f3b3) x 7 0x00000000
core   0: 0x80002de4 (0x011a25b3) slt     a1, s4, a7
core   0: 3 0x80002de4 (0x011a25b3) x11 0x00000000
core   0: 0x80002de8 (0x24253f37) lui     t5, 0x24253
core   0: 3 0x80002de8 (0x24253f37) x30 0x24253000
core   0: 0x80002dec (0x0208efb3) rem     t6, a7, zero
core   0: 3 0x80002dec (0x0208efb3) x31 0x80029ce4
core   0: 0x80002df0 (0x02dd58b3) divu    a7, s10, a3
core   0: 3 0x80002df0 (0x02dd58b3) x17 0xffffffff
core   0: 0x80002df4 (0x0140f263) bgeu    ra, s4, pc + 4
core   0: 3 0x80002df4 (0x0140f263)
core   0: 0x80002df8 (0x03946033) rem     zero, s0, s9
core   0: 3 0x80002df8 (0x03946033)
core   0: 0x80002dfc (0x01f87663) bgeu    a6, t6, pc + 12
core   0: 3 0x80002dfc (0x01f87663)
core   0: 0x80002e00 (0x00331413) slli    s0, t1, 3
core   0: 3 0x80002e00 (0x00331413) x 8 0x00000008
core   0: 0x80002e04 (0xaeb3bc93) sltiu   s9, t2, -1301
core   0: 3 0x80002e04 (0xaeb3bc93) x25 0x00000001
core   0: 0x80002e08 (0x03347a63) bgeu    s0, s3, pc + 52
core   0: 3 0x80002e08 (0x03347a63)
core   0: 0x80002e0c (0x584a7e13) andi    t3, s4, 1412
core   0: 3 0x80002e0c (0x584a7e13) x28 0x00000484
core   0: 0x80002e10 (0x98a73a93) sltiu   s5, a4, -1654
core   0: 3 0x80002e10 (0x98a73a93) x21 0x00000001
core   0: 0x80002e14 (0x02284ab3) div     s5, a6, sp
core   0: 3 0x80002e14 (0x02284ab3) x21 0x00000001
core   0: 0x80002e18 (0x023d6d33) rem     s10, s10, gp
core   0: 3 0x80002e18 (0x023d6d33) x26 0x000001d0
core   0: 0x80002e1c (0x037e02b3) mul     t0, t3, s7
core   0: 3 0x80002e1c (0x037e02b3) x 5 0x9e0076e8
core   0: 0x80002e20 (0x3ef52213) slti    tp, a0, 1007
core   0: 3 0x80002e20 (0x3ef52213) x 4 0x00000000
core   0: 0x80002e24 (0x003dd933) srl     s2, s11, gp
core   0: 3 0x80002e24 (0x003dd933) x18 0x00000000
core   0: 0x80002e28 (0x404609b3) sub     s3, a2, tp
core   0: 3 0x80002e28 (0x404609b3) x19 0x00000000
core   0: 0x80002e2c (0x01269893) slli    a7, a3, 18
core   0: 3 0x80002e2c (0x01269893) x17 0x00000000
core   0: 0x80002e30 (0x00ef0863) beq     t5, a4, pc + 16
core   0: 3 0x80002e30 (0x00ef0863)
core   0: 0x80002e34 (0x02efb433) mulhu   s0, t6, a4
core   0: 3 0x80002e34 (0x02efb433) x 8 0x00000079
core   0: 0x80002e38 (0x62403e13) sltiu   t3, zero, 1572
core   0: 3 0x80002e38 (0x62403e13) x28 0x00000001
core   0: 0x80002e3c (0x030bec63) bltu    s7, a6, pc + 56
core   0: 3 0x80002e3c (0x030bec63)
core   0: 0x80002e40 (0x01848ab3) add     s5, s1, s8
core   0: 3 0x80002e40 (0x01848ab3) x21 0xfffffff3
core   0: 0x80002e44 (0x014bcc63) blt     s7, s4, pc + 24
core   0: 3 0x80002e44 (0x014bcc63)
core   0: 0x80002e48 (0x04f07063) bgeu    zero, a5, pc + 64
core   0: 3 0x80002e48 (0x04f07063)
core   0: 0x80002e4c (0x0309d633) divu    a2, s3, a6
core   0: 3 0x80002e4c (0x0309d633) x12 0x00000000
core   0: 0x80002e50 (0x01b039b3) snez    s3, s11
core   0: 3 0x80002e50 (0x01b039b3) x19 0x00000000
core   0: 0x80002e54 (0x01cadfb3) srl     t6, s5, t3
core   0: 3 0x80002e54 (0x01cadfb3) x31 0x7ffffff9
core   0: 0x80002e58 (0xcb140313) addi    t1, s0, -847
core   0: 3 0x80002e58 (0xcb140313) x 6 0xfffffd2a
core   0: 0x80002e5c (0x00db1593) slli    a1, s6, 13
core   0: 3 0x80002e5c (0x00db1593) x11 0x00000000
core   0: 0x80002e60 (0x01b70033) add     zero, a4, s11
core   0: 3 0x80002e60 (0x01b70033)
core   0: 0x80002e64 (0x032da933) mulhsu  s2, s11, s2
core   0: 3 0x80002e64 (0x032da933) x18 0x00000000
core   0: 0x80002e68 (0x00911933) sll     s2, sp, s1
core   0: 3 0x80002e68 (0x00911933) x18 0x80025e64
core   0: 0x80002e6c (0x1ed86d93) ori     s11, a6, 493
core   0: 3 0x80002e6c (0x1ed86d93) x27 0x80010fef
core   0: 0x80002e70 (0x030675b3) remu    a1, a2, a6
core   0: 3 0x80002e70 (0x030675b3) x11 0x00000000
core   0: 0x80002e74 (0x00ac7ab3) and     s5, s8, a0
core   0: 3 0x80002e74 (0x00ac7ab3) x21 0x7ffef191
core   0: 0x80002e78 (0x04697263) bgeu    s2, t1, pc + 68
core   0: 3 0x80002e78 (0x04697263)
core   0: 0x80002e7c (0x004dd1b3) srl     gp, s11, tp
core   0: 3 0x80002e7c (0x004dd1b3) x 3 0x80010fef
core   0: 0x80002e80 (0x017915b3) sll     a1, s2, s7
core   0: 3 0x80002e80 (0x017915b3) x11 0x90000000
core   0: 0x80002e84 (0x033375b3) remu    a1, t1, s3
core   0: 3 0x80002e84 (0x033375b3) x11 0xfffffd2a
core   0: 0x80002e88 (0xd4ee0213) addi    tp, t3, -690
core   0: 3 0x80002e88 (0xd4ee0213) x 4 0xfffffd4f
core   0: 0x80002e8c (0x00c64663) blt     a2, a2, pc + 12
core   0: 3 0x80002e8c (0x00c64663)
core   0: 0x80002e90 (0x020eec63) bltu    t4, zero, pc + 56
core   0: 3 0x80002e90 (0x020eec63)
core   0: 0x80002e94 (0x01242e33) slt     t3, s0, s2
core   0: 3 0x80002e94 (0x01242e33) x28 0x00000000
core   0: 0x80002e98 (0x037c8693) addi    a3, s9, 55
core   0: 3 0x80002e98 (0x037c8693) x13 0x00000038
core   0: 0x80002e9c (0xe54bdcb7) lui     s9, 0xe54bd
core   0: 3 0x80002e9c (0xe54bdcb7) x25 0xe54bd000
core   0: 0x80002ea0 (0x40840f33) sub     t5, s0, s0
core   0: 3 0x80002ea0 (0x40840f33) x30 0x00000000
core   0: 0x80002ea4 (0x039e9263) bne     t4, s9, pc + 36
core   0: 3 0x80002ea4 (0x039e9263)
core   0: 0x80002ec8 (0xad084993) xori    s3, a6, -1328
core   0: 3 0x80002ec8 (0xad084993) x19 0x7ffef4bb
core   0: 0x80002ecc (0x03b131b3) mulhu   gp, sp, s11
core   0: 3 0x80002ecc (0x03b131b3) x 3 0x4001b72c
core   0: 0x80002ed0 (0x41505f93) srai    t6, zero, 21
core   0: 3 0x80002ed0 (0x41505f93) x31 0x00000000
core   0: 0x80002ed4 (0x0137a2b3) slt     t0, a5, s3
core   0: 3 0x80002ed4 (0x0137a2b3) x 5 0x00000001
core   0: 0x80002ed8 (0x01025793) srli    a5, tp, 16
core   0: 3 0x80002ed8 (0x01025793) x15 0x0000ffff
core   0: 0x80002edc (0x02ca71b3) remu    gp, s4, a2
core   0: 3 0x80002edc (0x02ca71b3) x 3 0x80029ce4
core   0: 0x80002ee0 (0x03d699b3) mulh    s3, a3, t4
core   0: 3 0x80002ee0 (0x03d699b3) x19 0x00000000
core   0: 0x80002ee4 (0x00438c63) beq     t2, tp, pc + 24
core   0: 3 0x80002ee4 (0x00438c63)
core   0: 0x80002ee8 (0x0286d863) bge     a3, s0, pc + 48
core   0: 3 0x80002ee8 (0x0286d863)
core   0: 0x80002eec (0x03153933) mulhu   s2, a0, a7
core   0: 3 0x80002eec (0x03153933) x18 0x00000000
core   0: 0x80002ef0 (0x00330263) beq     t1, gp, pc + 4
core   0: 3 0x80002ef0 (0x00330263)
core   0: 0x80002ef4 (0x40a45e33) sra     t3, s0, a0
core   0: 3 0x80002ef4 (0x40a45e33) x28 0x00000000
core   0: 0x80002ef8 (0xaf086797) auipc   a5, 0xaf086
core   0: 3 0x80002ef8 (0xaf086797) x15 0x2f088ef8
core   0: 0x80002efc (0x03155a63) bge     a0, a7, pc + 52
core   0: 3 0x80002efc (0x03155a63)
core   0: 0x80002f30 (0x00a4a2b3) slt     t0, s1, a0
core   0: 3 0x80002f30 (0x00a4a2b3) x 5 0x00000001
core   0: 0x80002f34 (0x040bc863) bltz    s7, pc + 80
core   0: 3 0x80002f34 (0x040bc863)
core   0: 0x80002f84 (0x040fe063) bltu    t6, zero, pc + 64
core   0: 3 0x80002f84 (0x040fe063)
core   0: 0x80002f88 (0x00c06e63) bltu    zero, a2, pc + 28
core   0: 3 0x80002f88 (0x00c06e63)
core   0: 0x80002f8c (0x00f69663) bne     a3, a5, pc + 12
core   0: 3 0x80002f8c (0x00f69663)
core   0: 0x80002f98 (0x05bd0863) beq     s10, s11, pc + 80
core   0: 3 0x80002f98 (0x05bd0863)
core   0: 0x80002f9c (0xf35a6e13) ori     t3, s4, -203
core   0: 3 0x80002f9c (0xf35a6e13) x28 0xfffffff5
core   0: 0x80002fa0 (0x02dfc033) div     zero, t6, a3
core   0: 3 0x80002fa0 (0x02dfc033)
core   0: 0x80002fa4 (0x416bd693) srai    a3, s7, 22
core   0: 3 0x80002fa4 (0x416bd693) x13 0xfffffed5
core   0: 0x80002fa8 (0x006050b3) srl     ra, zero, t1
core   0: 3 0x80002fa8 (0x006050b3) x 1 0x00000000
core   0: 0x80002fac (0x00f9de93) srli    t4, s3, 15
core   0: 3 0x80002fac (0x00f9de93) x29 0x00000000
core   0: 0x80002fb0 (0x90a43313) sltiu   t1, s0, -1782
core   0: 3 0x80002fb0 (0x90a43313) x 6 0x00000001
core   0: 0x80002fb4 (0x00000013) nop
core   0: 3 0x80002fb4 (0x00000013)
core   0: 0x80002fb8 (0x9d0bc4b7) lui     s1, 0x9d0bc
core   0: 3 0x80002fb8 (0x9d0bc4b7) x 9 0x9d0bc000
core   0: 0x80002fbc (0x02b38933) mul     s2, t2, a1
core   0: 3 0x80002fbc (0x02b38933) x18 0x00000000
core   0: 0x80002fc0 (0x01be6f33) or      t5, t3, s11
core   0: 3 0x80002fc0 (0x01be6f33) x30 0xffffffff
core   0: 0x80002fc4 (0x029e21b3) mulhsu  gp, t3, s1
core   0: 3 0x80002fc4 (0x029e21b3) x 3 0xfffffff9
core   0: 0x80002fc8 (0x03af50b3) divu    ra, t5, s10
core   0: 3 0x80002fc8 (0x03af50b3) x 1 0x008d3dcb
core   0: 0x80002fcc (0x418d5f13) srai    t5, s10, 24
core   0: 3 0x80002fcc (0x418d5f13) x30 0x00000000
core   0: 0x80002fd0 (0x40f95633) sra     a2, s2, a5
core   0: 3 0x80002fd0 (0x40f95633) x12 0x00000000
core   0: 0x80002fd4 (0x009ecb33) xor     s6, t4, s1
core   0: 3 0x80002fd4 (0x009ecb33) x22 0x9d0bc000
core   0: 0x80002fd8 (0x40fd5613) srai    a2, s10, 15
core   0: 3 0x80002fd8 (0x40fd5613) x12 0x00000000
core   0: 0x80002fdc (0x0155d4b3) srl     s1, a1, s5
core   0: 3 0x80002fdc (0x0155d4b3) x 9 0x00007fff
core   0: 0x80002fe0 (0x033d1a63) bne     s10, s3, pc + 52
core   0: 3 0x80002fe0 (0x033d1a63)
core   0: 0x80003014 (0x0127e8b3) or      a7, a5, s2
core   0: 3 0x80003014 (0x0127e8b3) x17 0x2f088ef8
core   0: 0x80003018 (0x00f01893) slli    a7, zero, 15
core   0: 3 0x80003018 (0x00f01893) x17 0x00000000
core   0: 0x8000301c (0x02351733) mulh    a4, a0, gp
core   0: 3 0x8000301c (0x02351733) x14 0xfffffffc
core   0: 0x80003020 (0x02522eb3) mulhsu  t4, tp, t0
core   0: 3 0x80003020 (0x02522eb3) x29 0xffffffff
core   0: 0x80003024 (0xd9e0f713) andi    a4, ra, -610
core   0: 3 0x80003024 (0xd9e0f713) x14 0x008d3d8a
core   0: 0x80003028 (0x02870e63) beq     a4, s0, pc + 60
core   0: 3 0x80003028 (0x02870e63)
core   0: 0x8000302c (0x002b1863) bne     s6, sp, pc + 16
core   0: 3 0x8000302c (0x002b1863)
core   0: 0x8000303c (0x01451863) bne     a0, s4, pc + 16
core   0: 3 0x8000303c (0x01451863)
core   0: 0x8000304c (0x0035f6b3) and     a3, a1, gp
core   0: 3 0x8000304c (0x0035f6b3) x13 0xfffffd28
core   0: 0x80003050 (0x034f6833) rem     a6, t5, s4
core   0: 3 0x80003050 (0x034f6833) x16 0x00000000
core   0: 0x80003054 (0x01b6dab3) srl     s5, a3, s11
core   0: 3 0x80003054 (0x01b6dab3) x21 0x0001ffff
core   0: 0x80003058 (0x01f61c13) slli    s8, a2, 31
core   0: 3 0x80003058 (0x01f61c13) x24 0x00000000
core   0: 0x8000305c (0x417589b3) sub     s3, a1, s7
core   0: 3 0x8000305c (0x417589b3) x19 0x4ab6e8b0
core   0: 0x80003060 (0x9cbf7693) andi    a3, t5, -1589
core   0: 3 0x80003060 (0x9cbf7693) x13 0x00000000
core   0: 0x80003064 (0x00000013) nop
core   0: 3 0x80003064 (0x00000013)
core   0: 0x80003068 (0x363aa413) slti    s0, s5, 867
core   0: 3 0x80003068 (0x363aa413) x 8 0x00000000
core   0: 0x8000306c (0x025cc263) blt     s9, t0, pc + 36
core   0: 3 0x8000306c (0x025cc263)
core   0: 0x80003090 (0x03df09b3) mul     s3, t5, t4
core   0: 3 0x80003090 (0x03df09b3) x19 0x00000000
core   0: 0x80003094 (0x40e809b3) sub     s3, a6, a4
core   0: 3 0x80003094 (0x40e809b3) x19 0xff72c276
core   0: 0x80003098 (0x01810f33) add     t5, sp, s8
core   0: 3 0x80003098 (0x01810f33) x30 0x80025e64
core   0: 0x8000309c (0x00f0fc33) and     s8, ra, a5
core   0: 3 0x8000309c (0x00f0fc33) x24 0x00080cc8
core   0: 0x800030a0 (0x01d05863) bge     zero, t4, pc + 16
core   0: 3 0x800030a0 (0x01d05863)
core   0: 0x800030b0 (0x38250313) addi    t1, a0, 898
core   0: 3 0x800030b0 (0x38250313) x 6 0x7ffef517
core   0: 0x800030b4 (0x03400263) beq     zero, s4, pc + 36
core   0: 3 0x800030b4 (0x03400263)
core   0: 0x800030b8 (0x9e3d3393) sltiu   t2, s10, -1565
core   0: 3 0x800030b8 (0x9e3d3393) x 7 0x00000001
core   0: 0x800030bc (0x41225fb3) sra     t6, tp, s2
core   0: 3 0x800030bc (0x41225fb3) x31 0xfffffd4f
core   0: 0x800030c0 (0x00211313) slli    t1, sp, 2
core   0: 3 0x800030c0 (0x00211313) x 6 0x00097990
core   0: 0x800030c4 (0x0032fa63) bgeu    t0, gp, pc + 20
core   0: 3 0x800030c4 (0x0032fa63)
core   0: 0x800030c8 (0x419b82b3) sub     t0, s7, s9
core   0: 3 0x800030c8 (0x419b82b3) x 5 0xcffd447a
core   0: 0x800030cc (0x01fc0c63) beq     s8, t6, pc + 24
core   0: 3 0x800030cc (0x01fc0c63)
core   0: 0x800030d0 (0x00000013) nop
core   0: 3 0x800030d0 (0x00000013)
core   0: 0x800030d4 (0x031119b3) mulh    s3, sp, a7
core   0: 3 0x800030d4 (0x031119b3) x19 0x00000000
core   0: 0x800030d8 (0x01999993) slli    s3, s3, 25
core   0: 3 0x800030d8 (0x01999993) x19 0x00000000
core   0: 0x800030dc (0x000bee33) or      t3, s7, zero
core   0: 3 0x800030dc (0x000bee33) x28 0xb549147a
core   0: 0x800030e0 (0x03336a63) bltu    t1, s3, pc + 52
core   0: 3 0x800030e0 (0x03336a63)
core   0: 0x800030e4 (0x00565eb3) srl     t4, a2, t0
core   0: 3 0x800030e4 (0x00565eb3) x29 0x00000000
core   0: 0x800030e8 (0xdd7c7db7) lui     s11, 0xdd7c7
core   0: 3 0x800030e8 (0xdd7c7db7) x27 0xdd7c7000
core   0: 0x800030ec (0x01c20633) add     a2, tp, t3
core   0: 3 0x800030ec (0x01c20633) x12 0xb54911c9
core   0: 0x800030f0 (0x00c1d0b3) srl     ra, gp, a2
core   0: 3 0x800030f0 (0x00c1d0b3) x 1 0x007fffff
core   0: 0x800030f4 (0x01db0eb3) add     t4, s6, t4
core   0: 3 0x800030f4 (0x01db0eb3) x29 0x9d0bc000
core   0: 0x800030f8 (0x01b7e733) or      a4, a5, s11
core   0: 3 0x800030f8 (0x01b7e733) x14 0xff7cfef8
core   0: 0x800030fc (0x4164d4b3) sra     s1, s1, s6
core   0: 3 0x800030fc (0x4164d4b3) x 9 0x00007fff
core   0: 0x80003100 (0x0220b6b3) mulhu   a3, ra, sp
core   0: 3 0x80003100 (0x0220b6b3) x13 0x0040012e
core   0: 0x80003104 (0x00fec463) blt     t4, a5, pc + 8
core   0: 3 0x80003104 (0x00fec463)
core   0: 0x8000310c (0x41cbd3b3) sra     t2, s7, t3
core   0: 3 0x8000310c (0x41cbd3b3) x 7 0xffffffed
core   0: 0x80003110 (0x02b869b3) rem     s3, a6, a1
core   0: 3 0x80003110 (0x02b869b3) x19 0x00000000
core   0: 0x80003114 (0x0171da93) srli    s5, gp, 23
core   0: 3 0x80003114 (0x0171da93) x21 0x000001ff
core   0: 0x80003118 (0x01f75633) srl     a2, a4, t6
core   0: 3 0x80003118 (0x01f75633) x12 0x0001fef9
core   0: 0x8000311c (0x02aa4263) blt     s4, a0, pc + 36
core   0: 3 0x8000311c (0x02aa4263)
core   0: 0x80003140 (0x7221cd93) xori    s11, gp, 1826
core   0: 3 0x80003140 (0x7221cd93) x27 0xfffff8db
core   0: 0x80003144 (0xc07b7713) andi    a4, s6, -1017
core   0: 3 0x80003144 (0xc07b7713) x14 0x9d0bc000
core   0: 0x80003148 (0x005639b3) sltu    s3, a2, t0
core   0: 3 0x80003148 (0x005639b3) x19 0x00000001
core   0: 0x8000314c (0x017984b3) add     s1, s3, s7
core   0: 3 0x8000314c (0x017984b3) x 9 0xb549147b
core   0: 0x80003150 (0x007d1a93) slli    s5, s10, 7
core   0: 3 0x80003150 (0x007d1a93) x21 0x0000e800
core   0: 0x80003154 (0x021504b3) mul     s1, a0, ra
core   0: 3 0x80003154 (0x021504b3) x 9 0x4a810e6b
core   0: 0x80003158 (0x03f487b3) mul     a5, s1, t6
core   0: 3 0x80003158 (0x03f487b3) x15 0x7aa83205
core   0: 0x8000315c (0x026c21b3) mulhsu  gp, s8, t1
core   0: 3 0x8000315c (0x026c21b3) x 3 0x0000004c
core   0: 0x80003160 (0xfb603b17) auipc   s6, 0xfb603
core   0: 3 0x80003160 (0xfb603b17) x22 0x7b606160
core   0: 0x80003164 (0x008767b3) or      a5, a4, s0
core   0: 3 0x80003164 (0x008767b3) x15 0x9d0bc000
core   0: 0x80003168 (0x00de6633) or      a2, t3, a3
core   0: 3 0x80003168 (0x00de6633) x12 0xb549157e
core   0: 0x8000316c (0x40255193) srai    gp, a0, 2
core   0: 3 0x8000316c (0x40255193) x 3 0x1fffbc65
core   0: 0x80003170 (0x40e6d6b3) sra     a3, a3, a4
core   0: 3 0x80003170 (0x40e6d6b3) x13 0x0040012e
core   0: 0x80003174 (0x02182c33) mulhsu  s8, a6, ra
core   0: 3 0x80003174 (0x02182c33) x24 0x00000000
core   0: 0x80003178 (0x5d10ae93) slti    t4, ra, 1489
core   0: 3 0x80003178 (0x5d10ae93) x29 0x00000000
core   0: 0x8000317c (0xa5883213) sltiu   tp, a6, -1448
core   0: 3 0x8000317c (0xa5883213) x 4 0x00000001
core   0: 0x80003180 (0x6a954593) xori    a1, a0, 1705
core   0: 3 0x80003180 (0x6a954593) x11 0x7ffef73c
core   0: 0x80003184 (0x02c5beb3) mulhu   t4, a1, a2
core   0: 3 0x80003184 (0x02c5beb3) x29 0x5aa3cf40
core   0: 0x80003188 (0x004b3833) sltu    a6, s6, tp
core   0: 3 0x80003188 (0x004b3833) x16 0x00000000
core   0: 0x8000318c (0x03dde6b3) rem     a3, s11, t4
core   0: 3 0x8000318c (0x03dde6b3) x13 0xfffff8db
core   0: 0x80003190 (0x0a17b493) sltiu   s1, a5, 161
core   0: 3 0x80003190 (0x0a17b493) x 9 0x00000000
core   0: 0x80003194 (0x015ee663) bltu    t4, s5, pc + 12
core   0: 3 0x80003194 (0x015ee663)
core   0: 0x80003198 (0x022046b3) div     a3, zero, sp
core   0: 3 0x80003198 (0x022046b3) x13 0x00000000
core   0: 0x8000319c (0x023fe3b3) rem     t2, t6, gp
core   0: 3 0x8000319c (0x023fe3b3) x 7 0xfffffd4f
core   0: 0x800031a0 (0x0315e1b3) rem     gp, a1, a7
core   0: 3 0x800031a0 (0x0315e1b3) x 3 0x7ffef73c
core   0: 0x800031a4 (0x8c56a313) slti    t1, a3, -1851
core   0: 3 0x800031a4 (0x8c56a313) x 6 0x00000000
core   0: 0x800031a8 (0x115a2093) slti    ra, s4, 277
core   0: 3 0x800031a8 (0x115a2093) x 1 0x00000001
core   0: 0x800031ac (0x4756b993) sltiu   s3, a3, 1141
core   0: 3 0x800031ac (0x4756b993) x19 0x00000001
core   0: 0x800031b0 (0x006e5533) srl     a0, t3, t1
core   0: 3 0x800031b0 (0x006e5533) x10 0xb549147a
core   0: 0x800031b4 (0x6e510393) addi    t2, sp, 1765
core   0: 3 0x800031b4 (0x6e510393) x 7 0x80026549
core   0: 0x800031b8 (0xe027b393) sltiu   t2, a5, -510
core   0: 3 0x800031b8 (0xe027b393) x 7 0x00000001
core   0: 0x800031bc (0x92e22513) slti    a0, tp, -1746
core   0: 3 0x800031bc (0x92e22513) x10 0x00000000
core   0: 0x800031c0 (0x00d3e5b3) or      a1, t2, a3
core   0: 3 0x800031c0 (0x00d3e5b3) x11 0x00000001
core   0: 0x800031c4 (0x27e7f693) andi    a3, a5, 638
core   0: 3 0x800031c4 (0x27e7f693) x13 0x00000000
core   0: 0x800031c8 (0x02467433) remu    s0, a2, tp
core   0: 3 0x800031c8 (0x02467433) x 8 0x00000000
core   0: 0x800031cc (0x00fad4b3) srl     s1, s5, a5
core   0: 3 0x800031cc (0x00fad4b3) x 9 0x0000e800
core   0: 0x800031d0 (0x03e1af33) mulhsu  t5, gp, t5
core   0: 3 0x800031d0 (0x03e1af33) x30 0x4000aacd
core   0: 0x800031d4 (0x037f34b3) mulhu   s1, t5, s7
core   0: 3 0x800031d4 (0x037f34b3) x 9 0x2d52be12
core   0: 0x800031d8 (0xdb49a013) slti    zero, s3, -588
core   0: 3 0x800031d8 (0xdb49a013)
core   0: 0x800031dc (0x01e3b8b3) sltu    a7, t2, t5
core   0: 3 0x800031dc (0x01e3b8b3) x17 0x00000001
core   0: 0x800031e0 (0x411856b3) sra     a3, a6, a7
core   0: 3 0x800031e0 (0x411856b3) x13 0x00000000
core   0: 0x800031e4 (0x40d58433) sub     s0, a1, a3
core   0: 3 0x800031e4 (0x40d58433) x 8 0x00000001
core   0: 0x800031e8 (0x00731a63) bne     t1, t2, pc + 20
core   0: 3 0x800031e8 (0x00731a63)
core   0: 0x800031fc (0x03dedab3) divu    s5, t4, t4
core   0: 3 0x800031fc (0x03dedab3) x21 0x00000001
core   0: 0x80003200 (0x00751e33) sll     t3, a0, t2
core   0: 3 0x80003200 (0x00751e33) x28 0x00000000
core   0: 0x80003204 (0x032e84b3) mul     s1, t4, s2
core   0: 3 0x80003204 (0x032e84b3) x 9 0x00000000
core   0: 0x80003208 (0x032853b3) divu    t2, a6, s2
core   0: 3 0x80003208 (0x032853b3) x 7 0xffffffff
core   0: 0x8000320c (0x0106e833) or      a6, a3, a6
core   0: 3 0x8000320c (0x0106e833) x16 0x00000000
core   0: 0x80003210 (0x014e5233) srl     tp, t3, s4
core   0: 3 0x80003210 (0x014e5233) x 4 0x00000000
core   0: 0x80003214 (0x01173933) sltu    s2, a4, a7
core   0: 3 0x80003214 (0x01173933) x18 0x00000000
core   0: 0x80003218 (0xbd143217) auipc   tp, 0xbd143
core   0: 3 0x80003218 (0xbd143217) x 4 0x3d146218
core   0: 0x8000321c (0x03ddcab3) div     s5, s11, t4
core   0: 3 0x8000321c (0x03ddcab3) x21 0x00000000
core   0: 0x80003220 (0x018f1813) slli    a6, t5, 24
core   0: 3 0x80003220 (0x018f1813) x16 0xcd000000
core   0: 0x80003224 (0x88724f93) xori    t6, tp, -1913
core   0: 3 0x80003224 (0x88724f93) x31 0xc2eb9a9f
core   0: 0x80003228 (0x02dd9263) bne     s11, a3, pc + 36
core   0: 3 0x80003228 (0x02dd9263)
core   0: 0x8000324c (0x016bcc63) blt     s7, s6, pc + 24
core   0: 3 0x8000324c (0x016bcc63)
core   0: 0x80003264 (0x4cd6ee13) ori     t3, a3, 1229
core   0: 3 0x80003264 (0x4cd6ee13) x28 0x000004cd
core   0: 0x80003268 (0x02034f33) div     t5, t1, zero
core   0: 3 0x80003268 (0x02034f33) x30 0xffffffff
core   0: 0x8000326c (0x02fe0933) mul     s2, t3, a5
core   0: 3 0x8000326c (0x02fe0933) x18 0xf168c000
core   0: 0x80003270 (0x45b86217) auipc   tp, 0x45b86
core   0: 3 0x80003270 (0x45b86217) x 4 0xc5b89270
core   0: 0x80003274 (0x01c79263) bne     a5, t3, pc + 4
core   0: 3 0x80003274 (0x01c79263)
core   0: 0x80003278 (0x00000013) nop
core   0: 3 0x80003278 (0x00000013)
core   0: 0x8000327c (0x0148bdb3) sltu    s11, a7, s4
core   0: 3 0x8000327c (0x0148bdb3) x27 0x00000001
core   0: 0x80003280 (0x408a5393) srai    t2, s4, 8
core   0: 3 0x80003280 (0x408a5393) x 7 0xff80029c
core   0: 0x80003284 (0x00881733) sll     a4, a6, s0
core   0: 3 0x80003284 (0x00881733) x14 0x9a000000
core   0: 0x80003288 (0xd0362093) slti    ra, a2, -765
core   0: 3 0x80003288 (0xd0362093) x 1 0x00000001
core   0: 0x8000328c (0x417809b3) sub     s3, a6, s7
core   0: 3 0x8000328c (0x417809b3) x19 0x17b6eb86
core   0: 0x80003290 (0xf857e713) ori     a4, a5, -123
core   0: 3 0x80003290 (0xf857e713) x14 0xffffff85
core   0: 0x80003294 (0x40b00d33) sub     s10, zero, a1
core   0: 3 0x80003294 (0x40b00d33) x26 0xffffffff
core   0: 0x80003298 (0x0e506793) ori     a5, zero, 229
core   0: 3 0x80003298 (0x0e506793) x15 0x000000e5
core   0: 0x8000329c (0x03ed3833) mulhu   a6, s10, t5
core   0: 3 0x8000329c (0x03ed3833) x16 0xfffffffe
core   0: 0x800032a0 (0x00b565b3) or      a1, a0, a1
core   0: 3 0x800032a0 (0x00b565b3) x11 0x00000001
core   0: 0x800032a4 (0x0264f263) bgeu    s1, t1, pc + 36
core   0: 3 0x800032a4 (0x0264f263)
core   0: 0x800032c8 (0x013683b3) add     t2, a3, s3
core   0: 3 0x800032c8 (0x013683b3) x 7 0x17b6eb86
core   0: 0x800032cc (0x00000013) nop
core   0: 3 0x800032cc (0x00000013)
core   0: 0x800032d0 (0x002bddb3) srl     s11, s7, sp
core   0: 3 0x800032d0 (0x002bddb3) x27 0x0b549147
core   0: 0x800032d4 (0x20d3d497) auipc   s1, 0x20d3d
core   0: 3 0x800032d4 (0x20d3d497) x 9 0xa0d402d4
core   0: 0x800032d8 (0x73a22393) slti    t2, tp, 1850
core   0: 3 0x800032d8 (0x73a22393) x 7 0x00000001
core   0: 0x800032dc (0x007a1033) sll     zero, s4, t2
core   0: 3 0x800032dc (0x007a1033)
core   0: 0x800032e0 (0xdcac0713) addi    a4, s8, -566
core   0: 3 0x800032e0 (0xdcac0713) x14 0xfffffdca
core   0: 0x800032e4 (0x87db39b7) lui     s3, 0x87db3
core   0: 3 0x800032e4 (0x87db39b7) x19 0x87db3000
core   0: 0x800032e8 (0x03a4ce63) blt     s1, s10, pc + 60
core   0: 3 0x800032e8 (0x03a4ce63)
core   0: 0x80003324 (0x02003933) mulhu   s2, zero, zero
core   0: 3 0x80003324 (0x02003933) x18 0x00000000
core   0: 0x80003328 (0x01bec263) blt     t4, s11, pc + 4
core   0: 3 0x80003328 (0x01bec263)
core   0: 0x8000332c (0x7bf53b13) sltiu   s6, a0, 1983
core   0: 3 0x8000332c (0x7bf53b13) x22 0x00000001
core   0: 0x80003330 (0x03f54933) div     s2, a0, t6
core   0: 3 0x80003330 (0x03f54933) x18 0x00000000
core   0: 0x80003334 (0x0270b5b3) mulhu   a1, ra, t2
core   0: 3 0x80003334 (0x0270b5b3) x11 0x00000000
core   0: 0x80003338 (0x00581193) slli    gp, a6, 5
core   0: 3 0x80003338 (0x00581193) x 3 0xffffffc0
core   0: 0x8000333c (0x40cddb33) sra     s6, s11, a2
core   0: 3 0x8000333c (0x40cddb33) x22 0x00000000
core   0: 0x80003340 (0x01651493) slli    s1, a0, 22
core   0: 3 0x80003340 (0x01651493) x 9 0x00000000
core   0: 0x80003344 (0x00429893) slli    a7, t0, 4
core   0: 3 0x80003344 (0x00429893) x17 0xffd447a0
core   0: 0x80003348 (0x03efc533) div     a0, t6, t5
core   0: 3 0x80003348 (0x03efc533) x10 0x3d146561
core   0: 0x8000334c (0x02f3c733) div     a4, t2, a5
core   0: 3 0x8000334c (0x02f3c733) x14 0x00000000
core   0: 0x80003350 (0xcdf80b17) auipc   s6, 0xcdf80
core   0: 3 0x80003350 (0xcdf80b17) x22 0x4df83350
core   0: 0x80003354 (0x02454863) blt     a0, tp, pc + 48
core   0: 3 0x80003354 (0x02454863)
core   0: 0x80003358 (0x00f4cab3) xor     s5, s1, a5
core   0: 3 0x80003358 (0x00f4cab3) x21 0x000000e5
core   0: 0x8000335c (0x0b1f4517) auipc   a0, 0xb1f4
core   0: 3 0x8000335c (0x0b1f4517) x10 0x8b1f735c
core   0: 0x80003360 (0x1763af13) slti    t5, t2, 374
core   0: 3 0x80003360 (0x1763af13) x30 0x00000001
core   0: 0x80003364 (0x02693ab3) mulhu   s5, s2, t1
core   0: 3 0x80003364 (0x02693ab3) x21 0x00000000
core   0: 0x80003368 (0x00b21a93) slli    s5, tp, 11
core   0: 3 0x80003368 (0x00b21a93) x21 0xc4938000
core   0: 0x8000336c (0x01750c63) beq     a0, s7, pc + 24
core   0: 3 0x8000336c (0x01750c63)
core   0: 0x80003370 (0x00321793) slli    a5, tp, 3
core   0: 3 0x80003370 (0x00321793) x15 0x2dc49380
core   0: 0x80003374 (0x01699663) bne     s3, s6, pc + 12
core   0: 3 0x80003374 (0x01699663)
core   0: 0x80003380 (0x03cce6b3) rem     a3, s9, t3
core   0: 3 0x80003380 (0x03cce6b3) x13 0xfffffe65
core   0: 0x80003384 (0xa19ce993) ori     s3, s9, -1511
core   0: 3 0x80003384 (0xa19ce993) x19 0xfffffa19
core   0: 0x80003388 (0x0180e863) bltu    ra, s8, pc + 16
core   0: 3 0x80003388 (0x0180e863)
core   0: 0x8000338c (0x7a7b3813) sltiu   a6, s6, 1959
core   0: 3 0x8000338c (0x7a7b3813) x16 0x00000000
core   0: 0x80003390 (0x022bbcb3) mulhu   s9, s7, sp
core   0: 3 0x80003390 (0x022bbcb3) x25 0x5aa637a6
core   0: 0x80003394 (0x5e3b7f93) andi    t6, s6, 1507
core   0: 3 0x80003394 (0x5e3b7f93) x31 0x00000140
core   0: 0x80003398 (0x01ca6733) or      a4, s4, t3
core   0: 3 0x80003398 (0x01ca6733) x14 0x80029ced
core   0: 0x8000339c (0x26813c97) auipc   s9, 0x26813
core   0: 3 0x8000339c (0x26813c97) x25 0xa681639c
core   0: 0x800033a0 (0x005eb1b3) sltu    gp, t4, t0
core   0: 3 0x800033a0 (0x005eb1b3) x 3 0x00000001
core   0: 0x800033a4 (0x02820a63) beq     tp, s0, pc + 52
core   0: 3 0x800033a4 (0x02820a63)
core   0: 0x800033a8 (0x03d08c63) beq     ra, t4, pc + 56
core   0: 3 0x800033a8 (0x03d08c63)
core   0: 0x800033ac (0x0030b4b3) sltu    s1, ra, gp
core   0: 3 0x800033ac (0x0030b4b3) x 9 0x00000000
core   0: 0x800033b0 (0x012c9693) slli    a3, s9, 18
core   0: 3 0x800033b0 (0x012c9693) x13 0x8e700000
core   0: 0x800033b4 (0x02d56533) rem     a0, a0, a3
core   0: 3 0x800033b4 (0x02d56533) x10 0xfcaf735c
core   0: 0x800033b8 (0x110b8397) auipc   t2, 0x110b8
core   0: 3 0x800033b8 (0x110b8397) x 7 0x910bb3b8
core   0: 0x800033bc (0x01bd81b3) add     gp, s11, s11
core   0: 3 0x800033bc (0x01bd81b3) x 3 0x16a9228e
core   0: 0x800033c0 (0x0002d863) bgez    t0, pc + 16
core   0: 3 0x800033c0 (0x0002d863)
core   0: 0x800033c4 (0x8540b013) sltiu   zero, ra, -1964
core   0: 3 0x800033c4 (0x8540b013)
core   0: 0x800033c8 (0x407e5633) sra     a2, t3, t2
core   0: 3 0x800033c8 (0x407e5633) x12 0x00000000
core   0: 0x800033cc (0x02675a63) bge     a4, t1, pc + 52
core   0: 3 0x800033cc (0x02675a63)
core   0: 0x800033d0 (0x0209e263) bltu    s3, zero, pc + 36
core   0: 3 0x800033d0 (0x0209e263)
core   0: 0x800033d4 (0x0160b8b3) sltu    a7, ra, s6
core   0: 3 0x800033d4 (0x0160b8b3) x17 0x00000001
core   0: 0x800033d8 (0x017fa3b3) slt     t2, t6, s7
core   0: 3 0x800033d8 (0x017fa3b3) x 7 0x00000000
core   0: 0x800033dc (0x04058263) beqz    a1, pc + 68
core   0: 3 0x800033dc (0x04058263)
core   0: 0x80003420 (0x5e3a7d13) andi    s10, s4, 1507
core   0: 3 0x80003420 (0x5e3a7d13) x26 0x000004e0
core   0: 0x80003424 (0x005973b3) and     t2, s2, t0
core   0: 3 0x80003424 (0x005973b3) x 7 0x00000000
core   0: 0x80003428 (0x01c26033) or      zero, tp, t3
core   0: 3 0x80003428 (0x01c26033)
core   0: 0x8000342c (0x0c17de63) bge     a5, ra, pc + 220
core   0: 3 0x8000342c (0x0c17de63)
core   0: 0x80003508 (0x03e00933) mul     s2, zero, t5
core   0: 3 0x80003508 (0x03e00933) x18 0x00000000
core   0: 0x8000350c (0x41815793) srai    a5, sp, 24
core   0: 3 0x8000350c (0x41815793) x15 0xffffff80
core   0: 0x80003510 (0x007f9393) slli    t2, t6, 7
core   0: 3 0x80003510 (0x007f9393) x 7 0x0000a000
core   0: 0x80003514 (0x4befad93) slti    s11, t6, 1214
core   0: 3 0x80003514 (0x4befad93) x27 0x00000001
core   0: 0x80003518 (0x03bf7a63) bgeu    t5, s11, pc + 52
core   0: 3 0x80003518 (0x03bf7a63)
core   0: 0x8000354c (0x005b4463) blt     s6, t0, pc + 8
core   0: 3 0x8000354c (0x005b4463)
core   0: 0x80003550 (0x021bb5b3) mulhu   a1, s7, ra
core   0: 3 0x80003550 (0x021bb5b3) x11 0x00000000
core   0: 0x80003554 (0x00000013) nop
core   0: 3 0x80003554 (0x00000013)
core   0: 0x80003558 (0x03586863) bltu    a6, s5, pc + 48
core   0: 3 0x80003558 (0x03586863)
core   0: 0x80003588 (0x01d79c93) slli    s9, a5, 29
core   0: 3 0x80003588 (0x01d79c93) x25 0x00000000
core   0: 0x8000358c (0x41d6d213) srai    tp, a3, 29
core   0: 3 0x8000358c (0x41d6d213) x 4 0xfffffffc
core   0: 0x80003590 (0x583eed13) ori     s10, t4, 1411
core   0: 3 0x80003590 (0x583eed13) x26 0x5aa3cfc3
core   0: 0x80003594 (0x00ad7863) bgeu    s10, a0, pc + 16
core   0: 3 0x80003594 (0x00ad7863)
core   0: 0x80003598 (0x00187863) bgeu    a6, ra, pc + 16
core   0: 3 0x80003598 (0x00187863)
core   0: 0x8000359c (0x58d7feb7) lui     t4, 0x58d7f
core   0: 3 0x8000359c (0x58d7feb7) x29 0x58d7f000
core   0: 0x800035a0 (0x010ed4b3) srl     s1, t4, a6
core   0: 3 0x800035a0 (0x010ed4b3) x 9 0x58d7f000
core   0: 0x800035a4 (0x01077533) and     a0, a4, a6
core   0: 3 0x800035a4 (0x01077533) x10 0x00000000
core   0: 0x800035a8 (0x03343233) mulhu   tp, s0, s3
core   0: 3 0x800035a8 (0x03343233) x 4 0x00000000
core   0: 0x800035ac (0x019a5733) srl     a4, s4, s9
core   0: 3 0x800035ac (0x019a5733) x14 0x80029ce4
core   0: 0x800035b0 (0x010cb733) sltu    a4, s9, a6
core   0: 3 0x800035b0 (0x010cb733) x14 0x00000000
core   0: 0x800035b4 (0x41b5dab3) sra     s5, a1, s11
core   0: 3 0x800035b4 (0x41b5dab3) x21 0x00000000
core   0: 0x800035b8 (0x03523333) mulhu   t1, tp, s5
core   0: 3 0x800035b8 (0x03523333) x 6 0x00000000
core   0: 0x800035bc (0xf615cf93) xori    t6, a1, -159
core   0: 3 0x800035bc (0xf615cf93) x31 0xffffff61
core   0: 0x800035c0 (0x03ead233) divu    tp, s5, t5
core   0: 3 0x800035c0 (0x03ead233) x 4 0x00000000
core   0: 0x800035c4 (0x036d7863) bgeu    s10, s6, pc + 48
core   0: 3 0x800035c4 (0x036d7863)
core   0: 0x800035f4 (0x41c88eb3) sub     t4, a7, t3
core   0: 3 0x800035f4 (0x41c88eb3) x29 0xfffffb34
core   0: 0x800035f8 (0xf8e70313) addi    t1, a4, -114
core   0: 3 0x800035f8 (0xf8e70313) x 6 0xffffff8e
core   0: 0x800035fc (0x407056b3) sra     a3, zero, t2
core   0: 3 0x800035fc (0x407056b3) x13 0x00000000
core   0: 0x80003600 (0x01ab0263) beq     s6, s10, pc + 4
core   0: 3 0x80003600 (0x01ab0263)
core   0: 0x80003604 (0x01bf9cb3) sll     s9, t6, s11
core   0: 3 0x80003604 (0x01bf9cb3) x25 0xfffffec2
core   0: 0x80003608 (0x70d23893) sltiu   a7, tp, 1805
core   0: 3 0x80003608 (0x70d23893) x17 0x00000001
core   0: 0x8000360c (0x0018f933) and     s2, a7, ra
core   0: 3 0x8000360c (0x0018f933) x18 0x00000001
core   0: 0x80003610 (0x466508b7) lui     a7, 0x46650
core   0: 3 0x80003610 (0x466508b7) x17 0x46650000
core   0: 0x80003614 (0x00000013) nop
core   0: 3 0x80003614 (0x00000013)
core   0: 0x80003618 (0x03555933) divu    s2, a0, s5
core   0: 3 0x80003618 (0x03555933) x18 0xffffffff
core   0: 0x8000361c (0x03e01d33) mulh    s10, zero, t5
core   0: 3 0x8000361c (0x03e01d33) x26 0x00000000
core   0: 0x80003620 (0x003a93b3) sll     t2, s5, gp
core   0: 3 0x80003620 (0x003a93b3) x 7 0x00000000
core   0: 0x80003624 (0x039381b3) mul     gp, t2, s9
core   0: 3 0x80003624 (0x039381b3) x 3 0x00000000
core   0: 0x80003628 (0x69742013) slti    zero, s0, 1687
core   0: 3 0x80003628 (0x69742013)
core   0: 0x8000362c (0x40cbd293) srai    t0, s7, 12
core   0: 3 0x8000362c (0x40cbd293) x 5 0xfffb5491
core   0: 0x80003630 (0x04ff6063) bltu    t5, a5, pc + 64
core   0: 3 0x80003630 (0x04ff6063)
core   0: 0x80003670 (0x00000013) nop
core   0: 3 0x80003670 (0x00000013)
core   0: 0x80003674 (0x01d2f6b3) and     a3, t0, t4
core   0: 3 0x80003674 (0x01d2f6b3) x13 0xfffb5010
core   0: 0x80003678 (0x02ccacb3) mulhsu  s9, s9, a2
core   0: 3 0x80003678 (0x02ccacb3) x25 0x00000000
core   0: 0x8000367c (0x030b8db3) mul     s11, s7, a6
core   0: 3 0x8000367c (0x030b8db3) x27 0x00000000
core   0: 0x80003680 (0x05430263) beq     t1, s4, pc + 68
core   0: 3 0x80003680 (0x05430263)
core   0: 0x80003684 (0x0105b433) sltu    s0, a1, a6
core   0: 3 0x80003684 (0x0105b433) x 8 0x00000000
core   0: 0x80003688 (0x02adf263) bgeu    s11, a0, pc + 36
core   0: 3 0x80003688 (0x02adf263)
core   0: 0x800036ac (0x4140d533) sra     a0, ra, s4
core   0: 3 0x800036ac (0x4140d533) x10 0x00000000
core   0: 0x800036b0 (0x11bb3d13) sltiu   s10, s6, 283
core   0: 3 0x800036b0 (0x11bb3d13) x26 0x00000000
core   0: 0x800036b4 (0xb0eed2b7) lui     t0, 0xb0eed
core   0: 3 0x800036b4 (0xb0eed2b7) x 5 0xb0eed000
core   0: 0x800036b8 (0x03751263) bne     a0, s7, pc + 36
core   0: 3 0x800036b8 (0x03751263)
core   0: 0x800036dc (0x03ae2733) mulhsu  a4, t3, s10
core   0: 3 0x800036dc (0x03ae2733) x14 0x00000000
core   0: 0x800036e0 (0x02e6fe63) bgeu    a3, a4, pc + 60
core   0: 3 0x800036e0 (0x02e6fe63)
core   0: 0x8000371c (0x20521737) lui     a4, 0x20521
core   0: 3 0x8000371c (0x20521737) x14 0x20521000
core   0: 0x80003720 (0xcc8d3c93) sltiu   s9, s10, -824
core   0: 3 0x80003720 (0xcc8d3c93) x25 0x00000001
core   0: 0x80003724 (0x4148dfb3) sra     t6, a7, s4
core   0: 3 0x80003724 (0x4148dfb3) x31 0x04665000
core   0: 0x80003728 (0x014eb433) sltu    s0, t4, s4
core   0: 3 0x80003728 (0x014eb433) x 8 0x00000000
core   0: 0x8000372c (0x02c80333) mul     t1, a6, a2
core   0: 3 0x8000372c (0x02c80333) x 6 0x00000000
core   0: 0x80003730 (0x00693b33) sltu    s6, s2, t1
core   0: 3 0x80003730 (0x00693b33) x22 0x00000000
core   0: 0x80003734 (0x6609c493) xori    s1, s3, 1632
core   0: 3 0x80003734 (0x6609c493) x 9 0xfffffc79
core   0: 0x80003738 (0x410f5993) srai    s3, t5, 16
core   0: 3 0x80003738 (0x410f5993) x19 0x00000000
core   0: 0x8000373c (0x30f90e93) addi    t4, s2, 783
core   0: 3 0x8000373c (0x30f90e93) x29 0x0000030e
core   0: 0x80003740 (0x019bd893) srli    a7, s7, 25
core   0: 3 0x80003740 (0x019bd893) x17 0x0000005a
core   0: 0x80003744 (0x01058863) beq     a1, a6, pc + 16
core   0: 3 0x80003744 (0x01058863)
core   0: 0x80003754 (0x01244b33) xor     s6, s0, s2
core   0: 3 0x80003754 (0x01244b33) x22 0xffffffff
core   0: 0x80003758 (0x41855ab3) sra     s5, a0, s8
core   0: 3 0x80003758 (0x41855ab3) x21 0x00000000
core   0: 0x8000375c (0x018e00b3) add     ra, t3, s8
core   0: 3 0x8000375c (0x018e00b3) x 1 0x000004cd
core   0: 0x80003760 (0x40bdd313) srai    t1, s11, 11
core   0: 3 0x80003760 (0x40bdd313) x 6 0x00000000
core   0: 0x80003764 (0x03bf8433) mul     s0, t6, s11
core   0: 3 0x80003764 (0x03bf8433) x 8 0x00000000
core   0: 0x80003768 (0x00d49a93) slli    s5, s1, 13
core   0: 3 0x80003768 (0x00d49a93) x21 0xff8f2000
core   0: 0x8000376c (0xc7c66893) ori     a7, a2, -900
core   0: 3 0x8000376c (0xc7c66893) x17 0xfffffc7c
core   0: 0x80003770 (0x01fd5c63) bge     s10, t6, pc + 24
core   0: 3 0x80003770 (0x01fd5c63)
core   0: 0x80003774 (0x02662433) mulhsu  s0, a2, t1
core   0: 3 0x80003774 (0x02662433) x 8 0x00000000
core   0: 0x80003778 (0x02f95263) bge     s2, a5, pc + 36
core   0: 3 0x80003778 (0x02f95263)
core   0: 0x8000379c (0x017c7f33) and     t5, s8, s7
core   0: 3 0x8000379c (0x017c7f33) x30 0x00000000
core   0: 0x800037a0 (0x004cdd13) srli    s10, s9, 4
core   0: 3 0x800037a0 (0x004cdd13) x26 0x00000000
core   0: 0x800037a4 (0x9ff4a993) slti    s3, s1, -1537
core   0: 3 0x800037a4 (0x9ff4a993) x19 0x00000000
core   0: 0x800037a8 (0x01171193) slli    gp, a4, 17
core   0: 3 0x800037a8 (0x01171193) x 3 0x20000000
core   0: 0x800037ac (0x41905213) srai    tp, zero, 25
core   0: 3 0x800037ac (0x41905213) x 4 0x00000000
core   0: 0x800037b0 (0xb6542c93) slti    s9, s0, -1179
core   0: 3 0x800037b0 (0xb6542c93) x25 0x00000000
core   0: 0x800037b4 (0xfdf22913) slti    s2, tp, -33
core   0: 3 0x800037b4 (0xfdf22913) x18 0x00000000
core   0: 0x800037b8 (0x01a49663) bne     s1, s10, pc + 12
core   0: 3 0x800037b8 (0x01a49663)
core   0: 0x800037c4 (0x02ac69b3) rem     s3, s8, a0
core   0: 3 0x800037c4 (0x02ac69b3) x19 0x00000000
core   0: 0x800037c8 (0x03be6a63) bltu    t3, s11, pc + 52
core   0: 3 0x800037c8 (0x03be6a63)
core   0: 0x800037cc (0x003c1b13) slli    s6, s8, 3
core   0: 3 0x800037cc (0x003c1b13) x22 0x00000000
core   0: 0x800037d0 (0xb0372593) slti    a1, a4, -1277
core   0: 3 0x800037d0 (0xb0372593) x11 0x00000000
core   0: 0x800037d4 (0x391fe793) ori     a5, t6, 913
core   0: 3 0x800037d4 (0x391fe793) x15 0x04665391
core   0: 0x800037d8 (0x30a92f13) slti    t5, s2, 778
core   0: 3 0x800037d8 (0x30a92f13) x30 0x00000001
core   0: 0x800037dc (0x0156c833) xor     a6, a3, s5
core   0: 3 0x800037dc (0x0156c833) x16 0x00747010
core   0: 0x800037e0 (0x00565733) srl     a4, a2, t0
core   0: 3 0x800037e0 (0x00565733) x14 0x00000000
core   0: 0x800037e4 (0xa3e72593) slti    a1, a4, -1474
core   0: 3 0x800037e4 (0xa3e72593) x11 0x00000000
core   0: 0x800037e8 (0x0b214413) xori    s0, sp, 178
core   0: 3 0x800037e8 (0x0b214413) x 8 0x80025ed6
core   0: 0x800037ec (0x001c24b3) slt     s1, s8, ra
core   0: 3 0x800037ec (0x001c24b3) x 9 0x00000001
core   0: 0x800037f0 (0x0179de63) bge     s3, s7, pc + 28
core   0: 3 0x800037f0 (0x0179de63)
core   0: 0x8000380c (0x01ff1833) sll     a6, t5, t6
core   0: 3 0x8000380c (0x01ff1833) x16 0x00000001
core   0: 0x80003810 (0x012f3cb3) sltu    s9, t5, s2
core   0: 3 0x80003810 (0x012f3cb3) x25 0x00000000
core   0: 0x80003814 (0x03b55d33) divu    s10, a0, s11
core   0: 3 0x80003814 (0x03b55d33) x26 0xffffffff
core   0: 0x80003818 (0xf9687193) andi    gp, a6, -106
core   0: 3 0x80003818 (0xf9687193) x 3 0x00000000
core   0: 0x8000381c (0x416f05b3) sub     a1, t5, s6
core   0: 3 0x8000381c (0x416f05b3) x11 0x00000001
core   0: 0x80003820 (0x5a77e913) ori     s2, a5, 1447
core   0: 3 0x80003820 (0x5a77e913) x18 0x046657b7
core   0: 0x80003824 (0x3263e613) ori     a2, t2, 806
core   0: 3 0x80003824 (0x3263e613) x12 0x00000326
core   0: 0x80003828 (0x038ff7b3) remu    a5, t6, s8
core   0: 3 0x80003828 (0x038ff7b3) x15 0x04665000
core   0: 0x8000382c (0x02b02c33) mulhsu  s8, zero, a1
core   0: 3 0x8000382c (0x02b02c33) x24 0x00000000
core   0: 0x80003830 (0x02821263) bne     tp, s0, pc + 36
core   0: 3 0x80003830 (0x02821263)
core   0: 0x80003854 (0x00000013) nop
core   0: 3 0x80003854 (0x00000013)
core   0: 0x80003858 (0x02cb4863) blt     s6, a2, pc + 48
core   0: 3 0x80003858 (0x02cb4863)
core   0: 0x80003888 (0x01c0f863) bgeu    ra, t3, pc + 16
core   0: 3 0x80003888 (0x01c0f863)
core   0: 0x80003898 (0x0170ab33) slt     s6, ra, s7
core   0: 3 0x80003898 (0x0170ab33) x22 0x00000000
core   0: 0x8000389c (0x02777c63) bgeu    a4, t2, pc + 56
core   0: 3 0x8000389c (0x02777c63)
core   0: 0x800038d4 (0x04e05863) bge     zero, a4, pc + 80
core   0: 3 0x800038d4 (0x04e05863)
core   0: 0x80003924 (0x017e6233) or      tp, t3, s7
core   0: 3 0x80003924 (0x017e6233) x 4 0xb54914ff
core   0: 0x80003928 (0x03b8e733) rem     a4, a7, s11
core   0: 3 0x80003928 (0x03b8e733) x14 0xfffffc7c
core   0: 0x8000392c (0x00986233) or      tp, a6, s1
core   0: 3 0x8000392c (0x00986233) x 4 0x00000001
core   0: 0x80003930 (0x00405213) srli    tp, zero, 4
core   0: 3 0x80003930 (0x00405213) x 4 0x00000000
core   0: 0x80003934 (0x40285013) srai    zero, a6, 2
core   0: 3 0x80003934 (0x40285013)
core   0: 0x80003938 (0x205bf013) andi    zero, s7, 517
core   0: 3 0x80003938 (0x205bf013)
core   0: 0x8000393c (0xd1e13993) sltiu   s3, sp, -738
core   0: 3 0x8000393c (0xd1e13993) x19 0x00000001
core   0: 0x80003940 (0xc88f8013) addi    zero, t6, -888
core   0: 3 0x80003940 (0xc88f8013)
core   0: 0x80003944 (0x01bac733) xor     a4, s5, s11
core   0: 3 0x80003944 (0x01bac733) x14 0xff8f2000
core   0: 0x80003948 (0x5820b617) auipc   a2, 0x5820b
core   0: 3 0x80003948 (0x5820b617) x12 0xd820e948
core   0: 0x8000394c (0x0216a1b3) mulhsu  gp, a3, ra
core   0: 3 0x8000394c (0x0216a1b3) x 3 0xffffffff
core   0: 0x80003950 (0xdfbd7713) andi    a4, s10, -517
core   0: 3 0x80003950 (0xdfbd7713) x14 0xfffffdfb
core   0: 0x80003954 (0x03df2eb3) mulhsu  t4, t5, t4
core   0: 3 0x80003954 (0x03df2eb3) x29 0x00000000
core   0: 0x80003958 (0x000493b3) sll     t2, s1, zero
core   0: 3 0x80003958 (0x000493b3) x 7 0x00000001
core   0: 0x8000395c (0x035cdb33) divu    s6, s9, s5
core   0: 3 0x8000395c (0x035cdb33) x22 0x00000000
core   0: 0x80003960 (0x236f1e17) auipc   t3, 0x236f1
core   0: 3 0x80003960 (0x236f1e17) x28 0xa36f4960
core   0: 0x80003964 (0x038173b3) remu    t2, sp, s8
core   0: 3 0x80003964 (0x038173b3) x 7 0x80025e64
core   0: 0x80003968 (0x02de9fb3) mulh    t6, t4, a3
core   0: 3 0x80003968 (0x02de9fb3) x31 0x00000000
core   0: 0x8000396c (0x10c2bb13) sltiu   s6, t0, 268
core   0: 3 0x8000396c (0x10c2bb13) x22 0x00000000
core   0: 0x80003970 (0x01869233) sll     tp, a3, s8
core   0: 3 0x80003970 (0x01869233) x 4 0xfffb5010
core   0: 0x80003974 (0x02f7d863) bge     a5, a5, pc + 48
core   0: 3 0x80003974 (0x02f7d863)
core   0: 0x800039a4 (0x030c64b3) rem     s1, s8, a6
core   0: 3 0x800039a4 (0x030c64b3) x 9 0x00000000
core   0: 0x800039a8 (0x00df63b3) or      t2, t5, a3
core   0: 3 0x800039a8 (0x00df63b3) x 7 0xfffb5011
core   0: 0x800039ac (0x115c4e13) xori    t3, s8, 277
core   0: 3 0x800039ac (0x115c4e13) x28 0x00000115
core   0: 0x800039b0 (0x022226b3) mulhsu  a3, tp, sp
core   0: 3 0x800039b0 (0x022226b3) x13 0xfffda7fc
core   0: 0x800039b4 (0x95d48513) addi    a0, s1, -1699
core   0: 3 0x800039b4 (0x95d48513) x10 0xfffff95d
core   0: 0x800039b8 (0x04238263) beq     t2, sp, pc + 68
core   0: 3 0x800039b8 (0x04238263)
core   0: 0x800039bc (0x02e4b5b3) mulhu   a1, s1, a4
core   0: 3 0x800039bc (0x02e4b5b3) x11 0x00000000
core   0: 0x800039c0 (0x0399e263) bltu    s3, s9, pc + 36
core   0: 3 0x800039c0 (0x0399e263)
core   0: 0x800039c4 (0x02f7ca63) blt     a5, a5, pc + 52
core   0: 3 0x800039c4 (0x02f7ca63)
core   0: 0x800039c8 (0x03a2d4b3) divu    s1, t0, s10
core   0: 3 0x800039c8 (0x03a2d4b3) x 9 0x00000000
core   0: 0x800039cc (0x00788eb3) add     t4, a7, t2
core   0: 3 0x800039cc (0x00788eb3) x29 0xfffb4c8d
core   0: 0x800039d0 (0x403453b3) sra     t2, s0, gp
core   0: 3 0x800039d0 (0x403453b3) x 7 0xffffffff
core   0: 0x800039d4 (0x004e9e93) slli    t4, t4, 4
core   0: 3 0x800039d4 (0x004e9e93) x29 0xffb4c8d0
core   0: 0x800039d8 (0x54e4f093) andi    ra, s1, 1358
core   0: 3 0x800039d8 (0x54e4f093) x 1 0x00000000
core   0: 0x800039dc (0x407a0f33) sub     t5, s4, t2
core   0: 3 0x800039dc (0x407a0f33) x30 0x80029ce5
core   0: 0x800039e0 (0x0068cf33) xor     t5, a7, t1
core   0: 3 0x800039e0 (0x0068cf33) x30 0xfffffc7c
core   0: 0x800039e4 (0x01820933) add     s2, tp, s8
core   0: 3 0x800039e4 (0x01820933) x18 0xfffb5010
core   0: 0x800039e8 (0x013cb633) sltu    a2, s9, s3
core   0: 3 0x800039e8 (0x013cb633) x12 0x00000001
core   0: 0x800039ec (0x01bf9a63) bne     t6, s11, pc + 20
core   0: 3 0x800039ec (0x01bf9a63)
core   0: 0x800039f0 (0xbf7ee093) ori     ra, t4, -1033
core   0: 3 0x800039f0 (0xbf7ee093) x 1 0xfffffbf7
core   0: 0x800039f4 (0x027e1c63) bne     t3, t2, pc + 56
core   0: 3 0x800039f4 (0x027e1c63)
core   0: 0x80003a2c (0x024601b3) mul     gp, a2, tp
core   0: 3 0x80003a2c (0x024601b3) x 3 0xfffb5010
core   0: 0x80003a30 (0x9a423913) sltiu   s2, tp, -1628
core   0: 3 0x80003a30 (0x9a423913) x18 0x00000001
core   0: 0x80003a34 (0x003b5eb3) srl     t4, s6, gp
core   0: 3 0x80003a34 (0x003b5eb3) x29 0x00000000
core   0: 0x80003a38 (0x0b384d93) xori    s11, a6, 179
core   0: 3 0x80003a38 (0x0b384d93) x27 0x000000b2
core   0: 0x80003a3c (0x367f0613) addi    a2, t5, 871
core   0: 3 0x80003a3c (0x367f0613) x12 0xffffffe3
core   0: 0x80003a40 (0x0190bdb3) sltu    s11, ra, s9
core   0: 3 0x80003a40 (0x0190bdb3) x27 0x00000000
core   0: 0x80003a44 (0x03ed12b3) mulh    t0, s10, t5
core   0: 3 0x80003a44 (0x03ed12b3) x 5 0x00000000
core   0: 0x80003a48 (0x5a774c13) xori    s8, a4, 1447
core   0: 3 0x80003a48 (0x5a774c13) x24 0xfffff85c
core   0: 0x80003a4c (0x357ee713) ori     a4, t4, 855
core   0: 3 0x80003a4c (0x357ee713) x14 0x00000357
core   0: 0x80003a50 (0x41d9d913) srai    s2, s3, 29
core   0: 3 0x80003a50 (0x41d9d913) x18 0x00000000
core   0: 0x80003a54 (0x02cb5733) divu    a4, s6, a2
core   0: 3 0x80003a54 (0x02cb5733) x14 0x00000000
core   0: 0x80003a58 (0x00f4dfb3) srl     t6, s1, a5
core   0: 3 0x80003a58 (0x00f4dfb3) x31 0x00000000
core   0: 0x80003a5c (0x01c0bdb3) sltu    s11, ra, t3
core   0: 3 0x80003a5c (0x01c0bdb3) x27 0x00000000
core   0: 0x80003a60 (0x00e0de63) bge     ra, a4, pc + 28
core   0: 3 0x80003a60 (0x00e0de63)
core   0: 0x80003a64 (0xffc0c613) xori    a2, ra, -4
core   0: 3 0x80003a64 (0xffc0c613) x12 0x0000040b
core   0: 0x80003a68 (0x40d18033) sub     zero, gp, a3
core   0: 3 0x80003a68 (0x40d18033)
core   0: 0x80003a6c (0x01f5bab3) sltu    s5, a1, t6
core   0: 3 0x80003a6c (0x01f5bab3) x21 0x00000000
core   0: 0x80003a70 (0x1afb4c13) xori    s8, s6, 431
core   0: 3 0x80003a70 (0x1afb4c13) x24 0x000001af
core   0: 0x80003a74 (0x415bd3b3) sra     t2, s7, s5
core   0: 3 0x80003a74 (0x415bd3b3) x 7 0xb549147a
core   0: 0x80003a78 (0x011ce333) or      t1, s9, a7
core   0: 3 0x80003a78 (0x011ce333) x 6 0xfffffc7c
core   0: 0x80003a7c (0x02716033) rem     zero, sp, t2
core   0: 3 0x80003a7c (0x02716033)
core   0: 0x80003a80 (0x00390c63) beq     s2, gp, pc + 24
core   0: 3 0x80003a80 (0x00390c63)
core   0: 0x80003a84 (0x037c0863) beq     s8, s7, pc + 48
core   0: 3 0x80003a84 (0x037c0863)
core   0: 0x80003a88 (0x00a91633) sll     a2, s2, a0
core   0: 3 0x80003a88 (0x00a91633) x12 0x00000000
core   0: 0x80003a8c (0x025dd033) divu    zero, s11, t0
core   0: 3 0x80003a8c (0x025dd033)
core   0: 0x80003a90 (0x40bc5d13) srai    s10, s8, 11
core   0: 3 0x80003a90 (0x40bc5d13) x26 0x00000000
core   0: 0x80003a94 (0x02e5a333) mulhsu  t1, a1, a4
core   0: 3 0x80003a94 (0x02e5a333) x 6 0x00000000
core   0: 0x80003a98 (0x014320b3) slt     ra, t1, s4
core   0: 3 0x80003a98 (0x014320b3) x 1 0x00000000
core   0: 0x80003a9c (0x5312f713) andi    a4, t0, 1329
core   0: 3 0x80003a9c (0x5312f713) x14 0x00000000
core   0: 0x80003aa0 (0x030692b3) mulh    t0, a3, a6
core   0: 3 0x80003aa0 (0x030692b3) x 5 0xffffffff
core   0: 0x80003aa4 (0x02fcaf33) mulhsu  t5, s9, a5
core   0: 3 0x80003aa4 (0x02fcaf33) x30 0x00000000
core   0: 0x80003aa8 (0x40b75b13) srai    s6, a4, 11
core   0: 3 0x80003aa8 (0x40b75b13) x22 0x00000000
core   0: 0x80003aac (0x00000013) nop
core   0: 3 0x80003aac (0x00000013)
core   0: 0x80003ab0 (0x02da0e63) beq     s4, a3, pc + 60
core   0: 3 0x80003ab0 (0x02da0e63)
core   0: 0x80003ab4 (0x01d1e663) bltu    gp, t4, pc + 12
core   0: 3 0x80003ab4 (0x01d1e663)
core   0: 0x80003ab8 (0x00885263) bge     a6, s0, pc + 4
core   0: 3 0x80003ab8 (0x00885263)
core   0: 0x80003abc (0x036591b3) mulh    gp, a1, s6
core   0: 3 0x80003abc (0x036591b3) x 3 0x00000000
core   0: 0x80003ac0 (0x03e4f263) bgeu    s1, t5, pc + 36
core   0: 3 0x80003ac0 (0x03e4f263)
core   0: 0x80003ae4 (0xbbbcf893) andi    a7, s9, -1093
core   0: 3 0x80003ae4 (0xbbbcf893) x17 0x00000000
core   0: 0x80003ae8 (0x03d58263) beq     a1, t4, pc + 36
core   0: 3 0x80003ae8 (0x03d58263)
core   0: 0x80003b0c (0x002a9863) bne     s5, sp, pc + 16
core   0: 3 0x80003b0c (0x002a9863)
core   0: 0x80003b1c (0x02436933) rem     s2, t1, tp
core   0: 3 0x80003b1c (0x02436933) x18 0x00000000
core   0: 0x80003b20 (0x03f273b3) remu    t2, tp, t6
core   0: 3 0x80003b20 (0x03f273b3) x 7 0xfffb5010
core   0: 0x80003b24 (0x055c4863) blt     s8, s5, pc + 80
core   0: 3 0x80003b24 (0x055c4863)
core   0: 0x80003b28 (0x03ce0263) beq     t3, t3, pc + 36
core   0: 3 0x80003b28 (0x03ce0263)
core   0: 0x80003b4c (0x4eb0e393) ori     t2, ra, 1259
core   0: 3 0x80003b4c (0x4eb0e393) x 7 0x000004eb
core   0: 0x80003b50 (0x0173e033) or      zero, t2, s7
core   0: 3 0x80003b50 (0x0173e033)
core   0: 0x80003b54 (0x01685313) srli    t1, a6, 22
core   0: 3 0x80003b54 (0x01685313) x 6 0x00000000
core   0: 0x80003b58 (0x02fcf333) remu    t1, s9, a5
core   0: 3 0x80003b58 (0x02fcf333) x 6 0x00000000
core   0: 0x80003b5c (0xc8a13993) sltiu   s3, sp, -886
core   0: 3 0x80003b5c (0xc8a13993) x19 0x00000001
core   0: 0x80003b60 (0x022ffc33) remu    s8, t6, sp
core   0: 3 0x80003b60 (0x022ffc33) x24 0x00000000
core   0: 0x80003b64 (0x03e8feb3) remu    t4, a7, t5
core   0: 3 0x80003b64 (0x03e8feb3) x29 0x00000000
core   0: 0x80003b68 (0x0230ffb3) remu    t6, ra, gp
core   0: 3 0x80003b68 (0x0230ffb3) x31 0x00000000
core   0: 0x80003b6c (0x54482b13) slti    s6, a6, 1348
core   0: 3 0x80003b6c (0x54482b13) x22 0x00000001
core   0: 0x80003b70 (0x040c6663) bltu    s8, zero, pc + 76
core   0: 3 0x80003b70 (0x040c6663)
core   0: 0x80003b74 (0x04b54793) xori    a5, a0, 75
core   0: 3 0x80003b74 (0x04b54793) x15 0xfffff916
core   0: 0x80003b78 (0x038f94b3) mulh    s1, t6, s8
core   0: 3 0x80003b78 (0x038f94b3) x 9 0x00000000
core   0: 0x80003b7c (0x03521d33) mulh    s10, tp, s5
core   0: 3 0x80003b7c (0x03521d33) x26 0x00000000
core   0: 0x80003b80 (0x0064a1b3) slt     gp, s1, t1
core   0: 3 0x80003b80 (0x0064a1b3) x 3 0x00000000
core   0: 0x80003b84 (0x03f3e5b3) rem     a1, t2, t6
core   0: 3 0x80003b84 (0x03f3e5b3) x11 0x000004eb
core   0: 0x80003b88 (0x0220e5b3) rem     a1, ra, sp
core   0: 3 0x80003b88 (0x0220e5b3) x11 0x00000000
core   0: 0x80003b8c (0x05fd4263) blt     s10, t6, pc + 68
core   0: 3 0x80003b8c (0x05fd4263)
core   0: 0x80003b90 (0x00004cb3) xor     s9, zero, zero
core   0: 3 0x80003b90 (0x00004cb3) x25 0x00000000
core   0: 0x80003b94 (0x004ad463) bge     s5, tp, pc + 8
core   0: 3 0x80003b94 (0x004ad463)
core   0: 0x80003b9c (0x030464b3) rem     s1, s0, a6
core   0: 3 0x80003b9c (0x030464b3) x 9 0x00000000
core   0: 0x80003ba0 (0x028197b3) mulh    a5, gp, s0
core   0: 3 0x80003ba0 (0x028197b3) x15 0x00000000
core   0: 0x80003ba4 (0xcdd2aa93) slti    s5, t0, -803
core   0: 3 0x80003ba4 (0xcdd2aa93) x21 0x00000000
core   0: 0x80003ba8 (0x023bec33) rem     s8, s7, gp
core   0: 3 0x80003ba8 (0x023bec33) x24 0xb549147a
core   0: 0x80003bac (0xe7b5c193) xori    gp, a1, -389
core   0: 3 0x80003bac (0xe7b5c193) x 3 0xfffffe7b
core   0: 0x80003bb0 (0x03d85863) bge     a6, t4, pc + 48
core   0: 3 0x80003bb0 (0x03d85863)
core   0: 0x80003be0 (0x036a2733) mulhsu  a4, s4, s6
core   0: 3 0x80003be0 (0x036a2733) x14 0xffffffff
core   0: 0x80003be4 (0x01ba4e33) xor     t3, s4, s11
core   0: 3 0x80003be4 (0x01ba4e33) x28 0x80029ce4
core   0: 0x80003be8 (0x02a36233) rem     tp, t1, a0
core   0: 3 0x80003be8 (0x02a36233) x 4 0x00000000
core   0: 0x80003bec (0x0a64a313) slti    t1, s1, 166
core   0: 3 0x80003bec (0x0a64a313) x 6 0x00000001
core   0: 0x80003bf0 (0x00000013) nop
core   0: 3 0x80003bf0 (0x00000013)
core   0: 0x80003bf4 (0x02d9c033) div     zero, s3, a3
core   0: 3 0x80003bf4 (0x02d9c033)
core   0: 0x80003bf8 (0xf45e6613) ori     a2, t3, -187
core   0: 3 0x80003bf8 (0xf45e6613) x12 0xffffffe5
core   0: 0x80003bfc (0x0229b833) mulhu   a6, s3, sp
core   0: 3 0x80003bfc (0x0229b833) x16 0x00000000
core   0: 0x80003c00 (0x02f666b3) rem     a3, a2, a5
core   0: 3 0x80003c00 (0x02f666b3) x13 0xffffffe5
core   0: 0x80003c04 (0x40080733) sub     a4, a6, zero
core   0: 3 0x80003c04 (0x40080733) x14 0x00000000
core   0: 0x80003c08 (0xa05d0f93) addi    t6, s10, -1531
core   0: 3 0x80003c08 (0xa05d0f93) x31 0xfffffa05
core   0: 0x80003c0c (0x03408633) mul     a2, ra, s4
core   0: 3 0x80003c0c (0x03408633) x12 0x00000000
core   0: 0x80003c10 (0x412c0833) sub     a6, s8, s2
core   0: 3 0x80003c10 (0x412c0833) x16 0xb549147a
core   0: 0x80003c14 (0x4031db33) sra     s6, gp, gp
core   0: 3 0x80003c14 (0x4031db33) x22 0xffffffff
core   0: 0x80003c18 (0x00da5693) srli    a3, s4, 13
core   0: 3 0x80003c18 (0x00da5693) x13 0x00040014
core   0: 0x80003c1c (0x035acb33) div     s6, s5, s5
core   0: 3 0x80003c1c (0x035acb33) x22 0xffffffff
core   0: 0x80003c20 (0x0cfad397) auipc   t2, 0xcfad
core   0: 3 0x80003c20 (0x0cfad397) x 7 0x8cfb0c20
core   0: 0x80003c24 (0x40d70e33) sub     t3, a4, a3
core   0: 3 0x80003c24 (0x40d70e33) x28 0xfffbffec
core   0: 0x80003c28 (0x0368ef33) rem     t5, a7, s6
core   0: 3 0x80003c28 (0x0368ef33) x30 0x00000000
core   0: 0x80003c2c (0x02e22d33) mulhsu  s10, tp, a4
core   0: 3 0x80003c2c (0x02e22d33) x26 0x00000000
core   0: 0x80003c30 (0x03d5da63) bge     a1, t4, pc + 52
core   0: 3 0x80003c30 (0x03d5da63)
core   0: 0x80003c64 (0x03f63c33) mulhu   s8, a2, t6
core   0: 3 0x80003c64 (0x03f63c33) x24 0x00000000
core   0: 0x80003c68 (0x0289cc63) blt     s3, s0, pc + 56
core   0: 3 0x80003c68 (0x0289cc63)
core   0: 0x80003c6c (0x001feb33) or      s6, t6, ra
core   0: 3 0x80003c6c (0x001feb33) x22 0xfffffa05
core   0: 0x80003c70 (0x00dd1f13) slli    t5, s10, 13
core   0: 3 0x80003c70 (0x00dd1f13) x30 0x00000000
core   0: 0x80003c74 (0x8ce09d37) lui     s10, 0x8ce09
core   0: 3 0x80003c74 (0x8ce09d37) x26 0x8ce09000
core   0: 0x80003c78 (0x0362bcb3) mulhu   s9, t0, s6
core   0: 3 0x80003c78 (0x0362bcb3) x25 0xfffffa04
core   0: 0x80003c7c (0x013bd293) srli    t0, s7, 19
core   0: 3 0x80003c7c (0x013bd293) x 5 0x000016a9
core   0: 0x80003c80 (0x03e04b33) div     s6, zero, t5
core   0: 3 0x80003c80 (0x03e04b33) x22 0xffffffff
core   0: 0x80003c84 (0x026ce9b3) rem     s3, s9, t1
core   0: 3 0x80003c84 (0x026ce9b3) x19 0x00000000
core   0: 0x80003c88 (0xbbc8e713) ori     a4, a7, -1092
core   0: 3 0x80003c88 (0xbbc8e713) x14 0xfffffbbc
core   0: 0x80003c8c (0x04cd7263) bgeu    s10, a2, pc + 68
core   0: 3 0x80003c8c (0x04cd7263)
core   0: 0x80003cd0 (0x00b3d413) srli    s0, t2, 11
core   0: 3 0x80003cd0 (0x00b3d413) x 8 0x00119f61
core   0: 0x80003cd4 (0x40ded693) srai    a3, t4, 13
core   0: 3 0x80003cd4 (0x40ded693) x13 0x00000000
core   0: 0x80003cd8 (0x00c84463) blt     a6, a2, pc + 8
core   0: 3 0x80003cd8 (0x00c84463)
core   0: 0x80003ce0 (0x0250e0b3) rem     ra, ra, t0
core   0: 3 0x80003ce0 (0x0250e0b3) x 1 0x00000000
core   0: 0x80003ce4 (0xf0bbee13) ori     t3, s7, -245
core   0: 3 0x80003ce4 (0xf0bbee13) x28 0xffffff7b
core   0: 0x80003ce8 (0x004d2cb3) slt     s9, s10, tp
core   0: 3 0x80003ce8 (0x004d2cb3) x25 0x00000001
core   0: 0x80003cec (0x0d2f9a63) bne     t6, s2, pc + 212
core   0: 3 0x80003cec (0x0d2f9a63)
core   0: 0x80003dc0 (0x0227ca63) blt     a5, sp, pc + 52
core   0: 3 0x80003dc0 (0x0227ca63)
core   0: 0x80003dc4 (0x098be413) ori     s0, s7, 152
core   0: 3 0x80003dc4 (0x098be413) x 8 0xb54914fa
core   0: 0x80003dc8 (0x02804fb3) div     t6, zero, s0
core   0: 3 0x80003dc8 (0x02804fb3) x31 0x00000000
core   0: 0x80003dcc (0x027b62b3) rem     t0, s6, t2
core   0: 3 0x80003dcc (0x027b62b3) x 5 0xffffffff
core   0: 0x80003dd0 (0x02586233) rem     tp, a6, t0
core   0: 3 0x80003dd0 (0x02586233) x 4 0x00000000
core   0: 0x80003dd4 (0x41d25f33) sra     t5, tp, t4
core   0: 3 0x80003dd4 (0x41d25f33) x30 0x00000000
core   0: 0x80003dd8 (0x03249863) bne     s1, s2, pc + 48
core   0: 3 0x80003dd8 (0x03249863)
core   0: 0x80003ddc (0x017ad933) srl     s2, s5, s7
core   0: 3 0x80003ddc (0x017ad933) x18 0x00000000
core   0: 0x80003de0 (0xe8034f93) xori    t6, t1, -384
core   0: 3 0x80003de0 (0xe8034f93) x31 0xfffffe81
core   0: 0x80003de4 (0x6673fb13) andi    s6, t2, 1639
core   0: 3 0x80003de4 (0x6673fb13) x22 0x00000420
core   0: 0x80003de8 (0x48a7e813) ori     a6, a5, 1162
core   0: 3 0x80003de8 (0x48a7e813) x16 0x0000048a
core   0: 0x80003dec (0x05517663) bgeu    sp, s5, pc + 76
core   0: 3 0x80003dec (0x05517663)
core   0: 0x80003e38 (0x02c40033) mul     zero, s0, a2
core   0: 3 0x80003e38 (0x02c40033)
core   0: 0x80003e3c (0x037641b3) div     gp, a2, s7
core   0: 3 0x80003e3c (0x037641b3) x 3 0x00000000
core   0: 0x80003e40 (0x6988cc13) xori    s8, a7, 1688
core   0: 3 0x80003e40 (0x6988cc13) x24 0x00000698
core   0: 0x80003e44 (0x00605893) srli    a7, zero, 6
core   0: 3 0x80003e44 (0x00605893) x17 0x00000000
core   0: 0x80003e48 (0x015cbfb3) sltu    t6, s9, s5
core   0: 3 0x80003e48 (0x015cbfb3) x31 0x00000000
core   0: 0x80003e4c (0x01fe1e63) bne     t3, t6, pc + 28
core   0: 3 0x80003e4c (0x01fe1e63)
core   0: 0x80003e68 (0x00112033) slt     zero, sp, ra
core   0: 3 0x80003e68 (0x00112033)
core   0: 0x80003e6c (0x40b58333) sub     t1, a1, a1
core   0: 3 0x80003e6c (0x40b58333) x 6 0x00000000
core   0: 0x80003e70 (0x0303f263) bgeu    t2, a6, pc + 36
core   0: 3 0x80003e70 (0x0303f263)
core   0: 0x80003e94 (0x012044b3) xor     s1, zero, s2
core   0: 3 0x80003e94 (0x012044b3) x 9 0x00000000
core   0: 0x80003e98 (0x00cff4b3) and     s1, t6, a2
core   0: 3 0x80003e98 (0x00cff4b3) x 9 0x00000000
core   0: 0x80003e9c (0x40ac5813) srai    a6, s8, 10
core   0: 3 0x80003e9c (0x40ac5813) x16 0x00000001
core   0: 0x80003ea0 (0x077a1b17) auipc   s6, 0x77a1
core   0: 3 0x80003ea0 (0x077a1b17) x22 0x877a4ea0
core   0: 0x80003ea4 (0xa02f0213) addi    tp, t5, -1534
core   0: 3 0x80003ea4 (0xa02f0213) x 4 0xfffffa02
core   0: 0x80003ea8 (0x00e43e33) sltu    t3, s0, a4
core   0: 3 0x80003ea8 (0x00e43e33) x28 0x00000001
core   0: 0x80003eac (0x03d5db33) divu    s6, a1, t4
core   0: 3 0x80003eac (0x03d5db33) x22 0xffffffff
core   0: 0x80003eb0 (0x0250ca63) blt     ra, t0, pc + 52
core   0: 3 0x80003eb0 (0x0250ca63)
core   0: 0x80003eb4 (0x402c5e13) srai    t3, s8, 2
core   0: 3 0x80003eb4 (0x402c5e13) x28 0x000001a6
core   0: 0x80003eb8 (0x32422f93) slti    t6, tp, 804
core   0: 3 0x80003eb8 (0x32422f93) x31 0x00000001
core   0: 0x80003ebc (0x00446863) bltu    s0, tp, pc + 16
core   0: 3 0x80003ebc (0x00446863)
core   0: 0x80003ecc (0x02b061b3) rem     gp, zero, a1
core   0: 3 0x80003ecc (0x02b061b3) x 3 0x00000000
core   0: 0x80003ed0 (0x000b6b33) or      s6, s6, zero
core   0: 3 0x80003ed0 (0x000b6b33) x22 0xffffffff
core   0: 0x80003ed4 (0x028b0233) mul     tp, s6, s0
core   0: 3 0x80003ed4 (0x028b0233) x 4 0x4ab6eb06
core   0: 0x80003ed8 (0x01437c33) and     s8, t1, s4
core   0: 3 0x80003ed8 (0x01437c33) x24 0x00000000
core   0: 0x80003edc (0x02d40a63) beq     s0, a3, pc + 52
core   0: 3 0x80003edc (0x02d40a63)
core   0: 0x80003ee0 (0x01ec49b3) xor     s3, s8, t5
core   0: 3 0x80003ee0 (0x01ec49b3) x19 0x00000000
core   0: 0x80003ee4 (0x035f98b3) mulh    a7, t6, s5
core   0: 3 0x80003ee4 (0x035f98b3) x17 0x00000000
core   0: 0x80003ee8 (0xe2813337) lui     t1, 0xe2813
core   0: 3 0x80003ee8 (0xe2813337) x 6 0xe2813000
core   0: 0x80003eec (0x00ecefb3) or      t6, s9, a4
core   0: 3 0x80003eec (0x00ecefb3) x31 0xfffffbbd
core   0: 0x80003ef0 (0x01d0d533) srl     a0, ra, t4
core   0: 3 0x80003ef0 (0x01d0d533) x10 0x00000000
core   0: 0x80003ef4 (0x00ea8033) add     zero, s5, a4
core   0: 3 0x80003ef4 (0x00ea8033)
core   0: 0x80003ef8 (0x03a65633) divu    a2, a2, s10
core   0: 3 0x80003ef8 (0x03a65633) x12 0x00000000
core   0: 0x80003efc (0x004ef633) and     a2, t4, tp
core   0: 3 0x80003efc (0x004ef633) x12 0x00000000
core   0: 0x80003f00 (0x029ea233) mulhsu  tp, t4, s1
core   0: 3 0x80003f00 (0x029ea233) x 4 0x00000000
core   0: 0x80003f04 (0x02faa9b3) mulhsu  s3, s5, a5
core   0: 3 0x80003f04 (0x02faa9b3) x19 0x00000000
core   0: 0x80003f08 (0x01776c33) or      s8, a4, s7
core   0: 3 0x80003f08 (0x01776c33) x24 0xfffffffe
core   0: 0x80003f0c (0xae2f3593) sltiu   a1, t5, -1310
core   0: 3 0x80003f0c (0xae2f3593) x11 0x00000001
core   0: 0x80003f10 (0x00ca3fb3) sltu    t6, s4, a2
core   0: 3 0x80003f10 (0x00ca3fb3) x31 0x00000000
core   0: 0x80003f14 (0x414a5013) srai    zero, s4, 20
core   0: 3 0x80003f14 (0x414a5013)
core   0: 0x80003f18 (0x00f90a63) beq     s2, a5, pc + 20
core   0: 3 0x80003f18 (0x00f90a63)
core   0: 0x80003f2c (0x009b6c63) bltu    s6, s1, pc + 24
core   0: 3 0x80003f2c (0x009b6c63)
core   0: 0x80003f30 (0x013264b3) or      s1, tp, s3
core   0: 3 0x80003f30 (0x013264b3) x 9 0x00000000
core   0: 0x80003f34 (0x03ed0533) mul     a0, s10, t5
core   0: 3 0x80003f34 (0x03ed0533) x10 0x00000000
core   0: 0x80003f38 (0x00000013) nop
core   0: 3 0x80003f38 (0x00000013)
core   0: 0x80003f3c (0x403c0cb3) sub     s9, s8, gp
core   0: 3 0x80003f3c (0x403c0cb3) x25 0xfffffffe
core   0: 0x80003f40 (0x021f9233) mulh    tp, t6, ra
core   0: 3 0x80003f40 (0x021f9233) x 4 0x00000000
core   0: 0x80003f44 (0x010ad193) srli    gp, s5, 16
core   0: 3 0x80003f44 (0x010ad193) x 3 0x00000000
core   0: 0x80003f48 (0x00b1e233) or      tp, gp, a1
core   0: 3 0x80003f48 (0x00b1e233) x 4 0x00000001
core   0: 0x80003f4c (0x0377b633) mulhu   a2, a5, s7
core   0: 3 0x80003f4c (0x0377b633) x12 0x00000000
core   0: 0x80003f50 (0x02aa69b3) rem     s3, s4, a0
core   0: 3 0x80003f50 (0x02aa69b3) x19 0x80029ce4
core   0: 0x80003f54 (0x020453b3) divu    t2, s0, zero
core   0: 3 0x80003f54 (0x020453b3) x 7 0xffffffff
core   0: 0x80003f58 (0x03ef2733) mulhsu  a4, t5, t5
core   0: 3 0x80003f58 (0x03ef2733) x14 0x00000000
core   0: 0x80003f5c (0x37be8193) addi    gp, t4, 891
core   0: 3 0x80003f5c (0x37be8193) x 3 0x0000037b
core   0: 0x80003f60 (0xeffe8b13) addi    s6, t4, -257
core   0: 3 0x80003f60 (0xeffe8b13) x22 0xfffffeff
core   0: 0x80003f64 (0x03f2a5b3) mulhsu  a1, t0, t6
core   0: 3 0x80003f64 (0x03f2a5b3) x11 0x00000000
core   0: 0x80003f68 (0x02dc8263) beq     s9, a3, pc + 36
core   0: 3 0x80003f68 (0x02dc8263)
core   0: 0x80003f6c (0x010dd193) srli    gp, s11, 16
core   0: 3 0x80003f6c (0x010dd193) x 3 0x00000000
core   0: 0x80003f70 (0x00000013) nop
core   0: 3 0x80003f70 (0x00000013)
core   0: 0x80003f74 (0xcdfb3c93) sltiu   s9, s6, -801
core   0: 3 0x80003f74 (0xcdfb3c93) x25 0x00000000
core   0: 0x80003f78 (0x40f283b3) sub     t2, t0, a5
core   0: 3 0x80003f78 (0x40f283b3) x 7 0xffffffff
core   0: 0x80003f7c (0x3ef6f593) andi    a1, a3, 1007
core   0: 3 0x80003f7c (0x3ef6f593) x11 0x00000000
core   0: 0x80003f80 (0xbac08813) addi    a6, ra, -1108
core   0: 3 0x80003f80 (0xbac08813) x16 0xfffffbac
core   0: 0x80003f84 (0x03d1ecb3) rem     s9, gp, t4
core   0: 3 0x80003f84 (0x03d1ecb3) x25 0x00000000
core   0: 0x80003f88 (0x73c98813) addi    a6, s3, 1852
core   0: 3 0x80003f88 (0x73c98813) x16 0x8002a420
core   0: 0x80003f8c (0x0036d233) srl     tp, a3, gp
core   0: 3 0x80003f8c (0x0036d233) x 4 0x00000000
core   0: 0x80003f90 (0x83818a93) addi    s5, gp, -1992
core   0: 3 0x80003f90 (0x83818a93) x21 0xfffff838
core   0: 0x80003f94 (0x0181fd33) and     s10, gp, s8
core   0: 3 0x80003f94 (0x0181fd33) x26 0x00000000
core   0: 0x80003f98 (0x021c7933) remu    s2, s8, ra
core   0: 3 0x80003f98 (0x021c7933) x18 0xfffffffe
core   0: 0x80003f9c (0x03ea99b3) mulh    s3, s5, t5
core   0: 3 0x80003f9c (0x03ea99b3) x19 0x00000000
core   0: 0x80003fa0 (0x41e7d193) srai    gp, a5, 30
core   0: 3 0x80003fa0 (0x41e7d193) x 3 0x00000000
core   0: 0x80003fa4 (0x03cfef33) rem     t5, t6, t3
core   0: 3 0x80003fa4 (0x03cfef33) x30 0x00000000
core   0: 0x80003fa8 (0x00e5c663) blt     a1, a4, pc + 12
core   0: 3 0x80003fa8 (0x00e5c663)
core   0: 0x80003fac (0x02e2e9b3) rem     s3, t0, a4
core   0: 3 0x80003fac (0x02e2e9b3) x19 0xffffffff
core   0: 0x80003fb0 (0xa445b913) sltiu   s2, a1, -1468
core   0: 3 0x80003fb0 (0xa445b913) x18 0x00000001
core   0: 0x80003fb4 (0xaa225837) lui     a6, 0xaa225
core   0: 3 0x80003fb4 (0xaa225837) x16 0xaa225000
core   0: 0x80003fb8 (0x01940c63) beq     s0, s9, pc + 24
core   0: 3 0x80003fb8 (0x01940c63)
core   0: 0x80003fbc (0x33c02793) slti    a5, zero, 828
core   0: 3 0x80003fbc (0x33c02793) x15 0x00000001
core   0: 0x80003fc0 (0x409e5893) srai    a7, t3, 9
core   0: 3 0x80003fc0 (0x409e5893) x17 0x00000000
core   0: 0x80003fc4 (0x02d5d933) divu    s2, a1, a3
core   0: 3 0x80003fc4 (0x02d5d933) x18 0xffffffff
core   0: 0x80003fc8 (0x03639a63) bne     t2, s6, pc + 52
core   0: 3 0x80003fc8 (0x03639a63)
core   0: 0x80003ffc (0x006b3333) sltu    t1, s6, t1
core   0: 3 0x80003ffc (0x006b3333) x 6 0x00000000
core   0: 0x80004000 (0x5cf6e193) ori     gp, a3, 1487
core   0: 3 0x80004000 (0x5cf6e193) x 3 0x000005cf
core   0: 0x80004004 (0x03fff5b3) remu    a1, t6, t6
core   0: 3 0x80004004 (0x03fff5b3) x11 0x00000000
core   0: 0x80004008 (0xcb631db7) lui     s11, 0xcb631
core   0: 3 0x80004008 (0xcb631db7) x27 0xcb631000
core   0: 0x8000400c (0x02f80c63) beq     a6, a5, pc + 56
core   0: 3 0x8000400c (0x02f80c63)
core   0: 0x80004010 (0x697a7f93) andi    t6, s4, 1687
core   0: 3 0x80004010 (0x697a7f93) x31 0x00000484
core   0: 0x80004014 (0x00928e63) beq     t0, s1, pc + 28
core   0: 3 0x80004014 (0x00928e63)
core   0: 0x80004018 (0x00000013) nop
core   0: 3 0x80004018 (0x00000013)
core   0: 0x8000401c (0x02ab1db3) mulh    s11, s6, a0
core   0: 3 0x8000401c (0x02ab1db3) x27 0x00000000
core   0: 0x80004020 (0x00c243b3) xor     t2, tp, a2
core   0: 3 0x80004020 (0x00c243b3) x 7 0x00000000
core   0: 0x80004024 (0x034b8513) addi    a0, s7, 52
core   0: 3 0x80004024 (0x034b8513) x10 0xb54914ae
core   0: 0x80004028 (0x0258f3b3) remu    t2, a7, t0
core   0: 3 0x80004028 (0x0258f3b3) x 7 0x00000000
core   0: 0x8000402c (0x01a501b3) add     gp, a0, s10
core   0: 3 0x8000402c (0x01a501b3) x 3 0xb54914ae
core   0: 0x80004030 (0x00403f33) snez    t5, tp
core   0: 3 0x80004030 (0x00403f33) x30 0x00000000
core   0: 0x80004034 (0x03ef5233) divu    tp, t5, t5
core   0: 3 0x80004034 (0x03ef5233) x 4 0xffffffff
core   0: 0x80004038 (0x024823b3) mulhsu  t2, a6, tp
core   0: 3 0x80004038 (0x024823b3) x 7 0xaa225000
core   0: 0x8000403c (0x001788b3) add     a7, a5, ra
core   0: 3 0x8000403c (0x001788b3) x17 0x00000001
core   0: 0x80004040 (0x01ed25b3) slt     a1, s10, t5
core   0: 3 0x80004040 (0x01ed25b3) x11 0x00000000
core   0: 0x80004044 (0x03d15263) bge     sp, t4, pc + 36
core   0: 3 0x80004044 (0x03d15263)
core   0: 0x80004048 (0x03b9b833) mulhu   a6, s3, s11
core   0: 3 0x80004048 (0x03b9b833) x16 0x00000000
core   0: 0x8000404c (0x017bc933) xor     s2, s7, s7
core   0: 3 0x8000404c (0x017bc933) x18 0x00000000
core   0: 0x80004050 (0x00831693) slli    a3, t1, 8
core   0: 3 0x80004050 (0x00831693) x13 0x00000000
core   0: 0x80004054 (0x016c8433) add     s0, s9, s6
core   0: 3 0x80004054 (0x016c8433) x 8 0xfffffeff
core   0: 0x80004058 (0x02744d33) div     s10, s0, t2
core   0: 3 0x80004058 (0x02744d33) x26 0x00000000
core   0: 0x8000405c (0x008987b3) add     a5, s3, s0
core   0: 3 0x8000405c (0x008987b3) x15 0xfffffefe
core   0: 0x80004060 (0x014d5913) srli    s2, s10, 20
core   0: 3 0x80004060 (0x014d5913) x18 0x00000000
core   0: 0x80004064 (0x4b870893) addi    a7, a4, 1208
core   0: 3 0x80004064 (0x4b870893) x17 0x000004b8
core   0: 0x80004068 (0x01f97eb3) and     t4, s2, t6
core   0: 3 0x80004068 (0x01f97eb3) x29 0x00000000
core   0: 0x8000406c (0x03292933) mulhsu  s2, s2, s2
core   0: 3 0x8000406c (0x03292933) x18 0x00000000
core   0: 0x80004070 (0xf713b897) auipc   a7, 0xf713b
core   0: 3 0x80004070 (0xf713b897) x17 0x7713f070
core   0: 0x80004074 (0x011dc463) blt     s11, a7, pc + 8
core   0: 3 0x80004074 (0x011dc463)
core   0: 0x8000407c (0x018e70b3) and     ra, t3, s8
core   0: 3 0x8000407c (0x018e70b3) x 1 0x000001a6
core   0: 0x80004080 (0x01510c63) beq     sp, s5, pc + 24
core   0: 3 0x80004080 (0x01510c63)
core   0: 0x80004084 (0x00e6fe33) and     t3, a3, a4
core   0: 3 0x80004084 (0x00e6fe33) x28 0x00000000
core   0: 0x80004088 (0x0037d0b3) srl     ra, a5, gp
core   0: 3 0x80004088 (0x0037d0b3) x 1 0x0003ffff
core   0: 0x8000408c (0x02410333) mul     t1, sp, tp
core   0: 3 0x8000408c (0x02410333) x 6 0x7ffda19c
core   0: 0x80004090 (0x01262733) slt     a4, a2, s2
core   0: 3 0x80004090 (0x01262733) x14 0x00000000
core   0: 0x80004094 (0x03ee85b3) mul     a1, t4, t5
core   0: 3 0x80004094 (0x03ee85b3) x11 0x00000000
core   0: 0x80004098 (0xfca6e313) ori     t1, a3, -54
core   0: 3 0x80004098 (0xfca6e313) x 6 0xffffffca
core   0: 0x8000409c (0x037b1b33) mulh    s6, s6, s7
core   0: 3 0x8000409c (0x037b1b33) x22 0x0000004b
core   0: 0x800040a0 (0x78273893) sltiu   a7, a4, 1922
core   0: 3 0x800040a0 (0x78273893) x17 0x00000001
core   0: 0x800040a4 (0xe6892593) slti    a1, s2, -408
core   0: 3 0x800040a4 (0xe6892593) x11 0x00000000
core   0: 0x800040a8 (0x00a76333) or      t1, a4, a0
core   0: 3 0x800040a8 (0x00a76333) x 6 0xb54914ae
core   0: 0x800040ac (0x02351b33) mulh    s6, a0, gp
core   0: 3 0x800040ac (0x02351b33) x22 0x15ce42be
core   0: 0x800040b0 (0x01375293) srli    t0, a4, 19
core   0: 3 0x800040b0 (0x01375293) x 5 0x00000000
core   0: 0x800040b4 (0x020a6933) rem     s2, s4, zero
core   0: 3 0x800040b4 (0x020a6933) x18 0x80029ce4
core   0: 0x800040b8 (0x016b41b3) xor     gp, s6, s6
core   0: 3 0x800040b8 (0x016b41b3) x 3 0x00000000
core   0: 0x800040bc (0x022db9b3) mulhu   s3, s11, sp
core   0: 3 0x800040bc (0x022db9b3) x19 0x00000000
core   0: 0x800040c0 (0x4f572517) auipc   a0, 0x4f572
core   0: 3 0x800040c0 (0x4f572517) x10 0xcf5760c0
core   0: 0x800040c4 (0x011ad3b3) srl     t2, s5, a7
core   0: 3 0x800040c4 (0x011ad3b3) x 7 0x7ffffc1c
core   0: 0x800040c8 (0x71db1e17) auipc   t3, 0x71db1
core   0: 3 0x800040c8 (0x71db1e17) x28 0xf1db50c8
core   0: 0x800040cc (0x02417533) remu    a0, sp, tp
core   0: 3 0x800040cc (0x02417533) x10 0x80025e64
core   0: 0x800040d0 (0x00000013) nop
core   0: 3 0x800040d0 (0x00000013)
core   0: 0x800040d4 (0x03704863) blt     zero, s7, pc + 48
core   0: 3 0x800040d4 (0x03704863)
core   0: 0x800040d8 (0x000e4fb3) xor     t6, t3, zero
core   0: 3 0x800040d8 (0x000e4fb3) x31 0xf1db50c8
core   0: 0x800040dc (0x00b63d33) sltu    s10, a2, a1
core   0: 3 0x800040dc (0x00b63d33) x26 0x00000000
core   0: 0x800040e0 (0x01d10ab3) add     s5, sp, t4
core   0: 3 0x800040e0 (0x01d10ab3) x21 0x80025e64
core   0: 0x800040e4 (0x00f90633) add     a2, s2, a5
core   0: 3 0x800040e4 (0x00f90633) x12 0x80029be2
core   0: 0x800040e8 (0x00000013) nop
core   0: 3 0x800040e8 (0x00000013)
core   0: 0x800040ec (0x02e2f4b3) remu    s1, t0, a4
core   0: 3 0x800040ec (0x02e2f4b3) x 9 0x00000000
core   0: 0x800040f0 (0x40e25393) srai    t2, tp, 14
core   0: 3 0x800040f0 (0x40e25393) x 7 0xffffffff
core   0: 0x800040f4 (0x004bdf13) srli    t5, s7, 4
core   0: 3 0x800040f4 (0x004bdf13) x30 0x0b549147
core   0: 0x800040f8 (0xf765cf93) xori    t6, a1, -138
core   0: 3 0x800040f8 (0xf765cf93) x31 0xffffff76
core   0: 0x800040fc (0x40025793) srai    a5, tp, 0
core   0: 3 0x800040fc (0x40025793) x15 0xffffffff
core   0: 0x80004100 (0x00ca5213) srli    tp, s4, 12
core   0: 3 0x80004100 (0x00ca5213) x 4 0x00080029
core   0: 0x80004104 (0x02f035b3) mulhu   a1, zero, a5
core   0: 3 0x80004104 (0x02f035b3) x11 0x00000000
core   0: 0x80004108 (0x96d74313) xori    t1, a4, -1683
core   0: 3 0x80004108 (0x96d74313) x 6 0xfffff96d
core   0: 0x8000410c (0x00000013) nop
core   0: 3 0x8000410c (0x00000013)
core   0: 0x80004110 (0x035efe33) remu    t3, t4, s5
core   0: 3 0x80004110 (0x035efe33) x28 0x00000000
core   0: 0x80004114 (0x80d88693) addi    a3, a7, -2035
core   0: 3 0x80004114 (0x80d88693) x13 0xfffff80e
core   0: 0x80004118 (0x0404c663) bltz    s1, pc + 76
core   0: 3 0x80004118 (0x0404c663)
core   0: 0x8000411c (0x0051c863) blt     gp, t0, pc + 16
core   0: 3 0x8000411c (0x0051c863)
core   0: 0x80004120 (0x01e35863) bge     t1, t5, pc + 16
core   0: 3 0x80004120 (0x01e35863)
core   0: 0x80004124 (0x03aee2b3) rem     t0, t4, s10
core   0: 3 0x80004124 (0x03aee2b3) x 5 0x00000000
core   0: 0x80004128 (0x005ade93) srli    t4, s5, 5
core   0: 3 0x80004128 (0x005ade93) x29 0x040012f3
core   0: 0x8000412c (0x8f578793) addi    a5, a5, -1803
core   0: 3 0x8000412c (0x8f578793) x15 0xfffff8f4
core   0: 0x80004130 (0x01ede6b3) or      a3, s11, t5
core   0: 3 0x80004130 (0x01ede6b3) x13 0x0b549147
core   0: 0x80004134 (0x038b4333) div     t1, s6, s8
core   0: 3 0x80004134 (0x038b4333) x 6 0xf518dea1
core   0: 0x80004138 (0x41608833) sub     a6, ra, s6
core   0: 3 0x80004138 (0x41608833) x16 0xea35bd41
core   0: 0x8000413c (0x02016a63) bltu    sp, zero, pc + 52
core   0: 3 0x8000413c (0x02016a63)
core   0: 0x80004140 (0x0100dc93) srli    s9, ra, 16
core   0: 3 0x80004140 (0x0100dc93) x25 0x00000003
core   0: 0x80004144 (0x03ced7b3) divu    a5, t4, t3
core   0: 3 0x80004144 (0x03ced7b3) x15 0xffffffff
core   0: 0x80004148 (0xb35840b7) lui     ra, 0xb3584
core   0: 3 0x80004148 (0xb35840b7) x 1 0xb3584000
core   0: 0x8000414c (0x021e3ab3) mulhu   s5, t3, ra
core   0: 3 0x8000414c (0x021e3ab3) x21 0x00000000
core   0: 0x80004150 (0x03bacdb3) div     s11, s5, s11
core   0: 3 0x80004150 (0x03bacdb3) x27 0xffffffff
core   0: 0x80004154 (0xfef6b013) sltiu   zero, a3, -17
core   0: 3 0x80004154 (0xfef6b013)
core   0: 0x80004158 (0x6ff87613) andi    a2, a6, 1791
core   0: 3 0x80004158 (0x6ff87613) x12 0x00000441
core   0: 0x8000415c (0x02b387b3) mul     a5, t2, a1
core   0: 3 0x8000415c (0x02b387b3) x15 0x00000000
core   0: 0x80004160 (0x03c85063) bge     a6, t3, pc + 32
core   0: 3 0x80004160 (0x03c85063)
core   0: 0x80004164 (0x0108e2b3) or      t0, a7, a6
core   0: 3 0x80004164 (0x0108e2b3) x 5 0xea35bd41
core   0: 0x80004168 (0x03e2c8b3) div     a7, t0, t5
core   0: 3 0x80004168 (0x03e2c8b3) x17 0xffffffff
core   0: 0x8000416c (0x019d5db3) srl     s11, s10, s9
core   0: 3 0x8000416c (0x019d5db3) x27 0x00000000
core   0: 0x80004170 (0x0071f663) bgeu    gp, t2, pc + 12
core   0: 3 0x80004170 (0x0071f663)
core   0: 0x80004174 (0x97c0ff93) andi    t6, ra, -1668
core   0: 3 0x80004174 (0x97c0ff93) x31 0xb3584000
core   0: 0x80004178 (0x018f89b3) add     s3, t6, s8
core   0: 3 0x80004178 (0x018f89b3) x19 0xb3583ffe
core   0: 0x8000417c (0x008fc0b3) xor     ra, t6, s0
core   0: 3 0x8000417c (0x008fc0b3) x 1 0x4ca7beff
core   0: 0x80004180 (0x03d57cb3) remu    s9, a0, t4
core   0: 3 0x80004180 (0x03d57cb3) x25 0x00000004
core   0: 0x80004184 (0x04c4c063) blt     s1, a2, pc + 64
core   0: 3 0x80004184 (0x04c4c063)
core   0: 0x800041c4 (0x018a3d33) sltu    s10, s4, s8
core   0: 3 0x800041c4 (0x018a3d33) x26 0x00000001
core   0: 0x800041c8 (0x40c45f33) sra     t5, s0, a2
core   0: 3 0x800041c8 (0x40c45f33) x30 0xffffff7f
core   0: 0x800041cc (0x02a80b33) mul     s6, a6, a0
core   0: 3 0x800041cc (0x02a80b33) x22 0x32fdcb64
core   0: 0x800041d0 (0x00000013) nop
core   0: 3 0x800041d0 (0x00000013)
core   0: 0x800041d4 (0x02028b33) mul     s6, t0, zero
core   0: 3 0x800041d4 (0x02028b33) x22 0x00000000
core   0: 0x800041d8 (0x00e90663) beq     s2, a4, pc + 12
core   0: 3 0x800041d8 (0x00e90663)
core   0: 0x800041dc (0x036572b3) remu    t0, a0, s6
core   0: 3 0x800041dc (0x036572b3) x 5 0x80025e64
core   0: 0x800041e0 (0x40e189b3) sub     s3, gp, a4
core   0: 3 0x800041e0 (0x40e189b3) x19 0x00000000
core   0: 0x800041e4 (0x4151d593) srai    a1, gp, 21
core   0: 3 0x800041e4 (0x4151d593) x11 0x00000000
core   0: 0x800041e8 (0x03f2fdb3) remu    s11, t0, t6
core   0: 3 0x800041e8 (0x03f2fdb3) x27 0x80025e64
core   0: 0x800041ec (0x4188d713) srai    a4, a7, 24
core   0: 3 0x800041ec (0x4188d713) x14 0xffffffff
core   0: 0x800041f0 (0x01970033) add     zero, a4, s9
core   0: 3 0x800041f0 (0x01970033)
core   0: 0x800041f4 (0x3b0fe937) lui     s2, 0x3b0fe
core   0: 3 0x800041f4 (0x3b0fe937) x18 0x3b0fe000
core   0: 0x800041f8 (0x01030b33) add     s6, t1, a6
core   0: 3 0x800041f8 (0x01030b33) x22 0xdf4e9be2
core   0: 0x800041fc (0x016e9793) slli    a5, t4, 22
core   0: 3 0x800041fc (0x016e9793) x15 0xbcc00000
core   0: 0x80004200 (0x0267ae33) mulhsu  t3, a5, t1
core   0: 3 0x80004200 (0x0267ae33) x28 0xbf9d3784
core   0: 0x80004204 (0x00601863) bne     zero, t1, pc + 16
core   0: 3 0x80004204 (0x00601863)
core   0: 0x80004214 (0x03f09e63) bne     ra, t6, pc + 60
core   0: 3 0x80004214 (0x03f09e63)
core   0: 0x80004250 (0x01587263) bgeu    a6, s5, pc + 4
core   0: 3 0x80004250 (0x01587263)
core   0: 0x80004254 (0x00000013) nop
core   0: 3 0x80004254 (0x00000013)
core   0: 0x80004258 (0x419ddd93) srai    s11, s11, 25
core   0: 3 0x80004258 (0x419ddd93) x27 0xffffffc0
core   0: 0x8000425c (0xe0b0bdb7) lui     s11, 0xe0b0b
core   0: 3 0x8000425c (0xe0b0bdb7) x27 0xe0b0b000
core   0: 0x80004260 (0x012dd893) srli    a7, s11, 18
core   0: 3 0x80004260 (0x012dd893) x17 0x0000382c
core   0: 0x80004264 (0x02180433) mul     s0, a6, ra
core   0: 3 0x80004264 (0x02180433) x 8 0xef64c1bf
core   0: 0x80004268 (0x0204b0b3) mulhu   ra, s1, zero
core   0: 3 0x80004268 (0x0204b0b3) x 1 0x00000000
core   0: 0x8000426c (0x01ed4b33) xor     s6, s10, t5
core   0: 3 0x8000426c (0x01ed4b33) x22 0xffffff7e
core   0: 0x80004270 (0x00cf6433) or      s0, t5, a2
core   0: 3 0x80004270 (0x00cf6433) x 8 0xffffff7f
core   0: 0x80004274 (0x404a06b3) sub     a3, s4, tp
core   0: 3 0x80004274 (0x404a06b3) x13 0x7ffa9cbb
core   0: 0x80004278 (0x0298f3b3) remu    t2, a7, s1
core   0: 3 0x80004278 (0x0298f3b3) x 7 0x0000382c
core   0: 0x8000427c (0x0103d213) srli    tp, t2, 16
core   0: 3 0x8000427c (0x0103d213) x 4 0x00000000
core   0: 0x80004280 (0xbc5a8013) addi    zero, s5, -1083
core   0: 3 0x80004280 (0xbc5a8013)
core   0: 0x80004284 (0x020911b3) mulh    gp, s2, zero
core   0: 3 0x80004284 (0x020911b3) x 3 0x00000000
core   0: 0x80004288 (0x0523c863) blt     t2, s2, pc + 80
core   0: 3 0x80004288 (0x0523c863)
core   0: 0x800042d8 (0x40175233) sra     tp, a4, ra
core   0: 3 0x800042d8 (0x40175233) x 4 0xffffffff
core   0: 0x800042dc (0x411fde33) sra     t3, t6, a7
core   0: 3 0x800042dc (0x411fde33) x28 0xfffb3584
core   0: 0x800042e0 (0x4158d9b3) sra     s3, a7, s5
core   0: 3 0x800042e0 (0x4158d9b3) x19 0x0000382c
core   0: 0x800042e4 (0x7e794db7) lui     s11, 0x7e794
core   0: 3 0x800042e4 (0x7e794db7) x27 0x7e794000
core   0: 0x800042e8 (0x02813e33) mulhu   t3, sp, s0
core   0: 3 0x800042e8 (0x02813e33) x28 0x80025e23
core   0: 0x800042ec (0x00deb833) sltu    a6, t4, a3
core   0: 3 0x800042ec (0x00deb833) x16 0x00000001
core   0: 0x800042f0 (0x020fbe33) mulhu   t3, t6, zero
core   0: 3 0x800042f0 (0x020fbe33) x28 0x00000000
core   0: 0x800042f4 (0x035ad833) divu    a6, s5, s5
core   0: 3 0x800042f4 (0x035ad833) x16 0xffffffff
core   0: 0x800042f8 (0x84d18897) auipc   a7, 0x84d18
core   0: 3 0x800042f8 (0x84d18897) x17 0x04d1c2f8
core   0: 0x800042fc (0x24722f93) slti    t6, tp, 583
core   0: 3 0x800042fc (0x24722f93) x31 0x00000001
core   0: 0x80004300 (0x024e20b3) mulhsu  ra, t3, tp
core   0: 3 0x80004300 (0x024e20b3) x 1 0x00000000
core   0: 0x80004304 (0x007e7463) bgeu    t3, t2, pc + 8
core   0: 3 0x80004304 (0x007e7463)
core   0: 0x80004308 (0x0355ea63) bltu    a1, s5, pc + 52
core   0: 3 0x80004308 (0x0355ea63)
core   0: 0x8000430c (0x002b90b3) sll     ra, s7, sp
core   0: 3 0x8000430c (0x002b90b3) x 1 0x549147a0
core   0: 0x80004310 (0x01ad90b3) sll     ra, s11, s10
core   0: 3 0x80004310 (0x01ad90b3) x 1 0xfcf28000
core   0: 0x80004314 (0x02f4e6b3) rem     a3, s1, a5
core   0: 3 0x80004314 (0x02f4e6b3) x13 0x00000000
core   0: 0x80004318 (0x001c5c63) bge     s8, ra, pc + 24
core   0: 3 0x80004318 (0x001c5c63)
core   0: 0x80004330 (0x03b2f263) bgeu    t0, s11, pc + 36
core   0: 3 0x80004330 (0x03b2f263)
core   0: 0x80004354 (0x4044d393) srai    t2, s1, 4
core   0: 3 0x80004354 (0x4044d393) x 7 0x00000000
core   0: 0x80004358 (0x018b71b3) and     gp, s6, s8
core   0: 3 0x80004358 (0x018b71b3) x 3 0xffffff7e
core   0: 0x8000435c (0x41075313) srai    t1, a4, 16
core   0: 3 0x8000435c (0x41075313) x 6 0xffffffff
core   0: 0x80004360 (0x00000013) nop
core   0: 3 0x80004360 (0x00000013)
core   0: 0x80004364 (0x01c137b3) sltu    a5, sp, t3
core   0: 3 0x80004364 (0x01c137b3) x15 0x00000000
core   0: 0x80004368 (0x415dd693) srai    a3, s11, 21
core   0: 3 0x80004368 (0x415dd693) x13 0x000003f3
core   0: 0x8000436c (0x01605f13) srli    t5, zero, 22
core   0: 3 0x8000436c (0x01605f13) x30 0x00000000
core   0: 0x80004370 (0x492c3017) auipc   zero, 0x492c3
core   0: 3 0x80004370 (0x492c3017)
core   0: 0x80004374 (0x0592e863) bltu    t0, s9, pc + 80
core   0: 3 0x80004374 (0x0592e863)
core   0: 0x80004378 (0x02187733) remu    a4, a6, ra
core   0: 3 0x80004378 (0x02187733) x14 0x030d7fff
core   0: 0x8000437c (0x02957263) bgeu    a0, s1, pc + 36
core   0: 3 0x8000437c (0x02957263)
core   0: 0x800043a0 (0x01cf1863) bne     t5, t3, pc + 16
core   0: 3 0x800043a0 (0x01cf1863)
core   0: 0x800043a4 (0x6d31b813) sltiu   a6, gp, 1747
core   0: 3 0x800043a4 (0x6d31b813) x16 0x00000000
core   0: 0x800043a8 (0x1f16fb13) andi    s6, a3, 497
core   0: 3 0x800043a8 (0x1f16fb13) x22 0x000001f1
core   0: 0x800043ac (0x03822e33) mulhsu  t3, tp, s8
core   0: 3 0x800043ac (0x03822e33) x28 0xffffffff
core   0: 0x800043b0 (0x02a9b633) mulhu   a2, s3, a0
core   0: 3 0x800043b0 (0x02a9b633) x12 0x00001c16
core   0: 0x800043b4 (0x01c95d93) srli    s11, s2, 28
core   0: 3 0x800043b4 (0x01c95d93) x27 0x00000003
core   0: 0x800043b8 (0x03ca5fb3) divu    t6, s4, t3
core   0: 3 0x800043b8 (0x03ca5fb3) x31 0x00000000
core   0: 0x800043bc (0x01731933) sll     s2, t1, s7
core   0: 3 0x800043bc (0x01731933) x18 0xfc000000
core   0: 0x800043c0 (0x03042db3) mulhsu  s11, s0, a6
core   0: 3 0x800043c0 (0x03042db3) x27 0x00000000
core   0: 0x800043c4 (0x4ec74193) xori    gp, a4, 1260
core   0: 3 0x800043c4 (0x4ec74193) x 3 0x030d7b13
core   0: 0x800043c8 (0x92fe2d93) slti    s11, t3, -1745
core   0: 3 0x800043c8 (0x92fe2d93) x27 0x00000000
core   0: 0x800043cc (0x0108deb3) srl     t4, a7, a6
core   0: 3 0x800043cc (0x0108deb3) x29 0x04d1c2f8
core   0: 0x800043d0 (0x412ed733) sra     a4, t4, s2
core   0: 3 0x800043d0 (0x412ed733) x14 0x04d1c2f8
core   0: 0x800043d4 (0x01485833) srl     a6, a6, s4
core   0: 3 0x800043d4 (0x01485833) x16 0x00000000
core   0: 0x800043d8 (0x04a71263) bne     a4, a0, pc + 68
core   0: 3 0x800043d8 (0x04a71263)
core   0: 0x8000441c (0x006733b3) sltu    t2, a4, t1
core   0: 3 0x8000441c (0x006733b3) x 7 0x00000001
core   0: 0x80004420 (0x00020f33) add     t5, tp, zero
core   0: 3 0x80004420 (0x00020f33) x30 0xffffffff
core   0: 0x80004424 (0x01aa3d33) sltu    s10, s4, s10
core   0: 3 0x80004424 (0x01aa3d33) x26 0x00000000
core   0: 0x80004428 (0x414051b3) sra     gp, zero, s4
core   0: 3 0x80004428 (0x414051b3) x 3 0x00000000
core   0: 0x8000442c (0x002154b3) srl     s1, sp, sp
core   0: 3 0x8000442c (0x002154b3) x 9 0x080025e6
core   0: 0x80004430 (0x00021813) slli    a6, tp, 0
core   0: 3 0x80004430 (0x00021813) x16 0xffffffff
core   0: 0x80004434 (0x416d5d33) sra     s10, s10, s6
core   0: 3 0x80004434 (0x416d5d33) x26 0x00000000
core   0: 0x80004438 (0x00e4deb3) srl     t4, s1, a4
core   0: 3 0x80004438 (0x00e4deb3) x29 0x00000008
core   0: 0x8000443c (0x00255c33) srl     s8, a0, sp
core   0: 3 0x8000443c (0x00255c33) x24 0x080025e6
core   0: 0x80004440 (0x40a35ab3) sra     s5, t1, a0
core   0: 3 0x80004440 (0x40a35ab3) x21 0xffffffff
core   0: 0x80004444 (0x03725c33) divu    s8, tp, s7
core   0: 3 0x80004444 (0x03725c33) x24 0x00000001
core   0: 0x80004448 (0x01cb4633) xor     a2, s6, t3
core   0: 3 0x80004448 (0x01cb4633) x12 0xfffffe0e
core   0: 0x8000444c (0x1b150e13) addi    t3, a0, 433
core   0: 3 0x8000444c (0x1b150e13) x28 0x80026015
core   0: 0x80004450 (0x40e3df93) srai    t6, t2, 14
core   0: 3 0x80004450 (0x40e3df93) x31 0x00000000
core   0: 0x80004454 (0x79d9c393) xori    t2, s3, 1949
core   0: 3 0x80004454 (0x79d9c393) x 7 0x00003fb1
core   0: 0x80004458 (0x6acf8997) auipc   s3, 0x6acf8
core   0: 3 0x80004458 (0x6acf8997) x19 0xeacfc458
core   0: 0x8000445c (0x011ec263) blt     t4, a7, pc + 4
core   0: 3 0x8000445c (0x011ec263)
core   0: 0x80004460 (0x41830833) sub     a6, t1, s8
core   0: 3 0x80004460 (0x41830833) x16 0xfffffffe
core   0: 0x80004464 (0x01ff16b3) sll     a3, t5, t6
core   0: 3 0x80004464 (0x01ff16b3) x13 0xffffffff
core   0: 0x80004468 (0x03d5ed33) rem     s10, a1, t4
core   0: 3 0x80004468 (0x03d5ed33) x26 0x00000000
core   0: 0x8000446c (0x02ac7d33) remu    s10, s8, a0
core   0: 3 0x8000446c (0x02ac7d33) x26 0x00000001
core   0: 0x80004470 (0x02c880b3) mul     ra, a7, a2
core   0: 3 0x80004470 (0x02c880b3) x 1 0x9ff2b990
core   0: 0x80004474 (0x03e35e63) bge     t1, t5, pc + 60
core   0: 3 0x80004474 (0x03e35e63)
core   0: 0x800044b0 (0x00c008b3) add     a7, zero, a2
core   0: 3 0x800044b0 (0x00c008b3) x17 0xfffffe0e
core   0: 0x800044b4 (0x09a82213) slti    tp, a6, 154
core   0: 3 0x800044b4 (0x09a82213) x 4 0x00000001
core   0: 0x800044b8 (0x01560233) add     tp, a2, s5
core   0: 3 0x800044b8 (0x01560233) x 4 0xfffffe0d
core   0: 0x800044bc (0x00d51333) sll     t1, a0, a3
core   0: 3 0x800044bc (0x00d51333) x 6 0x00000000
core   0: 0x800044c0 (0x031a6a63) bltu    s4, a7, pc + 52
core   0: 3 0x800044c0 (0x031a6a63)
core   0: 0x800044f4 (0x005b30b3) sltu    ra, s6, t0
core   0: 3 0x800044f4 (0x005b30b3) x 1 0x00000001
core   0: 0x800044f8 (0x8c1d4e93) xori    t4, s10, -1855
core   0: 3 0x800044f8 (0x8c1d4e93) x29 0xfffff8c0
core   0: 0x800044fc (0x9db2c513) xori    a0, t0, -1573
core   0: 3 0x800044fc (0x9db2c513) x10 0x7ffda7bf
core   0: 0x80004500 (0x00000013) nop
core   0: 3 0x80004500 (0x00000013)
core   0: 0x80004504 (0x03d4f433) remu    s0, s1, t4
core   0: 3 0x80004504 (0x03d4f433) x 8 0x080025e6
core   0: 0x80004508 (0x0080e5b3) or      a1, ra, s0
core   0: 3 0x80004508 (0x0080e5b3) x11 0x080025e7
core   0: 0x8000450c (0x0118e533) or      a0, a7, a7
core   0: 3 0x8000450c (0x0118e533) x10 0xfffffe0e
core   0: 0x80004510 (0x01c1eeb3) or      t4, gp, t3
core   0: 3 0x80004510 (0x01c1eeb3) x29 0x80026015
core   0: 0x80004514 (0x00c74933) xor     s2, a4, a2
core   0: 3 0x80004514 (0x00c74933) x18 0xfb2e3cf6
core   0: 0x80004518 (0x01298ab3) add     s5, s3, s2
core   0: 3 0x80004518 (0x01298ab3) x21 0xe5fe014e
core   0: 0x8000451c (0x43861c37) lui     s8, 0x43861
core   0: 3 0x8000451c (0x43861c37) x24 0x43861000
core   0: 0x80004520 (0x026e4433) div     s0, t3, t1
core   0: 3 0x80004520 (0x026e4433) x 8 0xffffffff
core   0: 0x80004524 (0x0023cfb3) xor     t6, t2, sp
core   0: 3 0x80004524 (0x0023cfb3) x31 0x800261d5
core   0: 0x80004528 (0xdcc956b7) lui     a3, 0xdcc95
core   0: 3 0x80004528 (0xdcc956b7) x13 0xdcc95000
core   0: 0x8000452c (0x000add33) srl     s10, s5, zero
core   0: 3 0x8000452c (0x000add33) x26 0xe5fe014e
core   0: 0x80004530 (0x65cc0193) addi    gp, s8, 1628
core   0: 3 0x80004530 (0x65cc0193) x 3 0x4386165c
core   0: 0x80004534 (0x03d15263) bge     sp, t4, pc + 36
core   0: 3 0x80004534 (0x03d15263)
core   0: 0x80004538 (0x0055f1b3) and     gp, a1, t0
core   0: 3 0x80004538 (0x0055f1b3) x 3 0x00000464
core   0: 0x8000453c (0x0041d293) srli    t0, gp, 4
core   0: 3 0x8000453c (0x0041d293) x 5 0x00000046
core   0: 0x80004540 (0x03009263) bne     ra, a6, pc + 36
core   0: 3 0x80004540 (0x03009263)
core   0: 0x80004564 (0x03c8b933) mulhu   s2, a7, t3
core   0: 3 0x80004564 (0x03c8b933) x18 0x80025f1b
core   0: 0x80004568 (0x41efdd13) srai    s10, t6, 30
core   0: 3 0x80004568 (0x41efdd13) x26 0xfffffffe
core   0: 0x8000456c (0xce9cffb7) lui     t6, 0xce9cf
core   0: 3 0x8000456c (0xce9cffb7) x31 0xce9cf000
core   0: 0x80004570 (0x016fa933) slt     s2, t6, s6
core   0: 3 0x80004570 (0x016fa933) x18 0x00000001
core   0: 0x80004574 (0x408cd5b3) sra     a1, s9, s0
core   0: 3 0x80004574 (0x408cd5b3) x11 0x00000000
core   0: 0x80004578 (0x7cae8493) addi    s1, t4, 1994
core   0: 3 0x80004578 (0x7cae8493) x 9 0x800267df
core   0: 0x8000457c (0x896698b7) lui     a7, 0x89669
core   0: 3 0x8000457c (0x896698b7) x17 0x89669000
core   0: 0x80004580 (0xac140f93) addi    t6, s0, -1343
core   0: 3 0x80004580 (0xac140f93) x31 0xfffffac0
core   0: 0x80004584 (0x4080de13) srai    t3, ra, 8
core   0: 3 0x80004584 (0x4080de13) x28 0x00000000
core   0: 0x80004588 (0x00fc3c33) sltu    s8, s8, a5
core   0: 3 0x80004588 (0x00fc3c33) x24 0x00000000
core   0: 0x8000458c (0x02e74b33) div     s6, a4, a4
core   0: 3 0x8000458c (0x02e74b33) x22 0x00000001
core   0: 0x80004590 (0x7c504697) auipc   a3, 0x7c504
core   0: 3 0x80004590 (0x7c504697) x13 0xfc508590
core   0: 0x80004594 (0x017eeab3) or      s5, t4, s7
core   0: 3 0x80004594 (0x017eeab3) x21 0xb54b747f
core   0: 0x80004598 (0x03a9d7b3) divu    a5, s3, s10
core   0: 3 0x80004598 (0x03a9d7b3) x15 0x00000000
core   0: 0x8000459c (0x0204b233) mulhu   tp, s1, zero
core   0: 3 0x8000459c (0x0204b233) x 4 0x00000000
core   0: 0x800045a0 (0x0054cab3) xor     s5, s1, t0
core   0: 3 0x800045a0 (0x0054cab3) x21 0x80026799
core   0: 0x800045a4 (0x19cb7793) andi    a5, s6, 412
core   0: 3 0x800045a4 (0x19cb7793) x15 0x00000000
core   0: 0x800045a8 (0x1a037493) andi    s1, t1, 416
core   0: 3 0x800045a8 (0x1a037493) x 9 0x00000000
core   0: 0x800045ac (0x0e2da593) slti    a1, s11, 226
core   0: 3 0x800045ac (0x0e2da593) x11 0x00000001
core   0: 0x800045b0 (0x029b0433) mul     s0, s6, s1
core   0: 3 0x800045b0 (0x029b0433) x 8 0x00000000
core   0: 0x800045b4 (0xc6648217) auipc   tp, 0xc6648
core   0: 3 0x800045b4 (0xc6648217) x 4 0x4664c5b4
core   0: 0x800045b8 (0x0057de63) bge     a5, t0, pc + 28
core   0: 3 0x800045b8 (0x0057de63)
core   0: 0x800045bc (0x0055c1b3) xor     gp, a1, t0
core   0: 3 0x800045bc (0x0055c1b3) x 3 0x00000047
core   0: 0x800045c0 (0xa52b0f93) addi    t6, s6, -1454
core   0: 3 0x800045c0 (0xa52b0f93) x31 0xfffffa53
core   0: 0x800045c4 (0x41b98f33) sub     t5, s3, s11
core   0: 3 0x800045c4 (0x41b98f33) x30 0xeacfc458
core   0: 0x800045c8 (0xeeaaf713) andi    a4, s5, -278
core   0: 3 0x800045c8 (0xeeaaf713) x14 0x80026688
core   0: 0x800045cc (0x01b39eb3) sll     t4, t2, s11
core   0: 3 0x800045cc (0x01b39eb3) x29 0x00003fb1
core   0: 0x800045d0 (0x03798d33) mul     s10, s3, s7
core   0: 3 0x800045d0 (0x03798d33) x26 0x577271f0
core   0: 0x800045d4 (0x0031dc63) bge     gp, gp, pc + 24
core   0: 3 0x800045d4 (0x0031dc63)
core   0: 0x800045ec (0x0199dc33) srl     s8, s3, s9
core   0: 3 0x800045ec (0x0199dc33) x24 0x0eacfc45
core   0: 0x800045f0 (0x01eca1b3) slt     gp, s9, t5
core   0: 3 0x800045f0 (0x01eca1b3) x 3 0x00000000
core   0: 0x800045f4 (0x03081a63) bne     a6, a6, pc + 52
core   0: 3 0x800045f4 (0x03081a63)
core   0: 0x800045f8 (0x3c8d0413) addi    s0, s10, 968
core   0: 3 0x800045f8 (0x3c8d0413) x 8 0x577275b8
core   0: 0x800045fc (0x01ce5d13) srli    s10, t3, 28
core   0: 3 0x800045fc (0x01ce5d13) x26 0x00000000
core   0: 0x80004600 (0x003c9f93) slli    t6, s9, 3
core   0: 3 0x80004600 (0x003c9f93) x31 0x00000020
core   0: 0x80004604 (0x41215a93) srai    s5, sp, 18
core   0: 3 0x80004604 (0x41215a93) x21 0xffffe000
core   0: 0x80004608 (0x00db06b3) add     a3, s6, a3
core   0: 3 0x80004608 (0x00db06b3) x13 0xfc508591
core   0: 0x8000460c (0x0193acb3) slt     s9, t2, s9
core   0: 3 0x8000460c (0x0193acb3) x25 0x00000000
core   0: 0x80004610 (0x0063c263) blt     t2, t1, pc + 4
core   0: 3 0x80004610 (0x0063c263)
core   0: 0x80004614 (0x00316863) bltu    sp, gp, pc + 16
core   0: 3 0x80004614 (0x00316863)
core   0: 0x80004618 (0x012f5663) bge     t5, s2, pc + 12
core   0: 3 0x80004618 (0x012f5663)
core   0: 0x8000461c (0x7984c193) xori    gp, s1, 1944
core   0: 3 0x8000461c (0x7984c193) x 3 0x00000798
core   0: 0x80004620 (0x00bdd993) srli    s3, s11, 11
core   0: 3 0x80004620 (0x00bdd993) x19 0x00000000
core   0: 0x80004624 (0x036e8cb3) mul     s9, t4, s6
core   0: 3 0x80004624 (0x036e8cb3) x25 0x00003fb1
core   0: 0x80004628 (0x02557e63) bgeu    a0, t0, pc + 60
core   0: 3 0x80004628 (0x02557e63)
core   0: 0x80004664 (0xfbbf8413) addi    s0, t6, -69
core   0: 3 0x80004664 (0xfbbf8413) x 8 0xffffffdb
core   0: 0x80004668 (0x02e3f3b3) remu    t2, t2, a4
core   0: 3 0x80004668 (0x02e3f3b3) x 7 0x00003fb1
core   0: 0x8000466c (0x01f41713) slli    a4, s0, 31
core   0: 3 0x8000466c (0x01f41713) x14 0x80000000
core   0: 0x80004670 (0x2fc5c813) xori    a6, a1, 764
core   0: 3 0x80004670 (0x2fc5c813) x16 0x000002fd
core   0: 0x80004674 (0x04148663) beq     s1, ra, pc + 76
core   0: 3 0x80004674 (0x04148663)
core   0: 0x80004678 (0x01770033) add     zero, a4, s7
core   0: 3 0x80004678 (0x01770033)
core   0: 0x8000467c (0xd3cb7013) andi    zero, s6, -708
core   0: 3 0x8000467c (0xd3cb7013)
core   0: 0x80004680 (0x01c5b6b3) sltu    a3, a1, t3
core   0: 3 0x80004680 (0x01c5b6b3) x13 0x00000000
core   0: 0x80004684 (0xfbc37b13) andi    s6, t1, -68
core   0: 3 0x80004684 (0xfbc37b13) x22 0x00000000
core   0: 0x80004688 (0x40aa5913) srai    s2, s4, 10
core   0: 3 0x80004688 (0x40aa5913) x18 0xffe000a7
core   0: 0x8000468c (0x0259b5b3) mulhu   a1, s3, t0
core   0: 3 0x8000468c (0x0259b5b3) x11 0x00000000
core   0: 0x80004690 (0x02a6fc63) bgeu    a3, a0, pc + 56
core   0: 3 0x80004690 (0x02a6fc63)
core   0: 0x80004694 (0x03f81263) bne     a6, t6, pc + 36
core   0: 3 0x80004694 (0x03f81263)
core   0: 0x800046b8 (0x0348e1b3) rem     gp, a7, s4
core   0: 3 0x800046b8 (0x0348e1b3) x 3 0x89669000
core   0: 0x800046bc (0x0234f063) bgeu    s1, gp, pc + 32
core   0: 3 0x800046bc (0x0234f063)
core   0: 0x800046c0 (0x01796a63) bltu    s2, s7, pc + 20
core   0: 3 0x800046c0 (0x01796a63)
core   0: 0x800046c4 (0xa2042f93) slti    t6, s0, -1504
core   0: 3 0x800046c4 (0xa2042f93) x31 0x00000000
core   0: 0x800046c8 (0x04d2f863) bgeu    t0, a3, pc + 80
core   0: 3 0x800046c8 (0x04d2f863)
core   0: 0x80004718 (0x01c29863) bne     t0, t3, pc + 16
core   0: 3 0x80004718 (0x01c29863)
core   0: 0x80004728 (0x02cf56b3) divu    a3, t5, a2
core   0: 3 0x80004728 (0x02cf56b3) x13 0x00000000
core   0: 0x8000472c (0x002fc233) xor     tp, t6, sp
core   0: 3 0x8000472c (0x002fc233) x 4 0x80025e64
core   0: 0x80004730 (0x00bd5793) srli    a5, s10, 11
core   0: 3 0x80004730 (0x00bd5793) x15 0x00000000
core   0: 0x80004734 (0x02e1cfb3) div     t6, gp, a4
core   0: 3 0x80004734 (0x02e1cfb3) x31 0x00000000
core   0: 0x80004738 (0x013959b3) srl     s3, s2, s3
core   0: 3 0x80004738 (0x013959b3) x19 0xffe000a7
core   0: 0x8000473c (0x81e3fe13) andi    t3, t2, -2018
core   0: 3 0x8000473c (0x81e3fe13) x28 0x00003810
core   0: 0x80004740 (0x014f34b3) sltu    s1, t5, s4
core   0: 3 0x80004740 (0x014f34b3) x 9 0x00000000
core   0: 0x80004744 (0x018c18b3) sll     a7, s8, s8
core   0: 3 0x80004744 (0x018c18b3) x17 0xd59f88a0
core   0: 0x80004748 (0x02e582b3) mul     t0, a1, a4
core   0: 3 0x80004748 (0x02e582b3) x 5 0x00000000
core   0: 0x8000474c (0x03db0263) beq     s6, t4, pc + 36
core   0: 3 0x8000474c (0x03db0263)
core   0: 0x80004750 (0x40f30633) sub     a2, t1, a5
core   0: 3 0x80004750 (0x40f30633) x12 0x00000000
core   0: 0x80004754 (0x04b25063) bge     tp, a1, pc + 64
core   0: 3 0x80004754 (0x04b25063)
core   0: 0x80004758 (0x405c06b3) sub     a3, s8, t0
core   0: 3 0x80004758 (0x405c06b3) x13 0x0eacfc45
core   0: 0x8000475c (0xe42d0d13) addi    s10, s10, -446
core   0: 3 0x8000475c (0xe42d0d13) x26 0xfffffe42
core   0: 0x80004760 (0xb66f4c13) xori    s8, t5, -1178
core   0: 3 0x80004760 (0xb66f4c13) x24 0x15303f3e
core   0: 0x80004764 (0x02ba8a63) beq     s5, a1, pc + 52
core   0: 3 0x80004764 (0x02ba8a63)
core   0: 0x80004768 (0x01d58fb3) add     t6, a1, t4
core   0: 3 0x80004768 (0x01d58fb3) x31 0x00003fb1
core   0: 0x8000476c (0x01808eb3) add     t4, ra, s8
core   0: 3 0x8000476c (0x01808eb3) x29 0x15303f3f
core   0: 0x80004770 (0x40da5fb3) sra     t6, s4, a3
core   0: 3 0x80004770 (0x40da5fb3) x31 0xfc0014e7
core   0: 0x80004774 (0x008b9993) slli    s3, s7, 8
core   0: 3 0x80004774 (0x008b9993) x19 0x49147a00
core   0: 0x80004778 (0x00806833) or      a6, zero, s0
core   0: 3 0x80004778 (0x00806833) x16 0xffffffdb
core   0: 0x8000477c (0x014ad6b3) srl     a3, s5, s4
core   0: 3 0x8000477c (0x014ad6b3) x13 0x0ffffe00
core   0: 0x80004780 (0x0131e0b3) or      ra, gp, s3
core   0: 3 0x80004780 (0x0131e0b3) x 1 0xc976fa00
core   0: 0x80004784 (0x010e1793) slli    a5, t3, 16
core   0: 3 0x80004784 (0x010e1793) x15 0x38100000
core   0: 0x80004788 (0x03666263) bltu    a2, s6, pc + 36
core   0: 3 0x80004788 (0x03666263)
core   0: 0x8000478c (0x03f4ff33) remu    t5, s1, t6
core   0: 3 0x8000478c (0x03f4ff33) x30 0x00000000
core   0: 0x80004790 (0x05414263) blt     sp, s4, pc + 68
core   0: 3 0x80004790 (0x05414263)
core   0: 0x800047d4 (0x02d9c733) div     a4, s3, a3
core   0: 3 0x800047d4 (0x02d9c733) x14 0x00000004
core   0: 0x800047d8 (0x03006c33) rem     s8, zero, a6
core   0: 3 0x800047d8 (0x03006c33) x24 0x00000000
core   0: 0x800047dc (0x00211733) sll     a4, sp, sp
core   0: 3 0x800047dc (0x00211733) x14 0x0025e640
core   0: 0x800047e0 (0x00cf7933) and     s2, t5, a2
core   0: 3 0x800047e0 (0x00cf7933) x18 0x00000000
core   0: 0x800047e4 (0x0051b933) sltu    s2, gp, t0
core   0: 3 0x800047e4 (0x0051b933) x18 0x00000000
core   0: 0x800047e8 (0x00000013) nop
core   0: 3 0x800047e8 (0x00000013)
core   0: 0x800047ec (0x021667b3) rem     a5, a2, ra
core   0: 3 0x800047ec (0x021667b3) x15 0x00000000
core   0: 0x800047f0 (0xce9b9917) auipc   s2, 0xce9b9
core   0: 3 0x800047f0 (0xce9b9917) x18 0x4e9bd7f0
core   0: 0x800047f4 (0x00bae863) bltu    s5, a1, pc + 16
core   0: 3 0x800047f4 (0x00bae863)
core   0: 0x800047f8 (0x0c6ac513) xori    a0, s5, 198
core   0: 3 0x800047f8 (0x0c6ac513) x10 0xffffe0c6
core   0: 0x800047fc (0x6131bc93) sltiu   s9, gp, 1555
core   0: 3 0x800047fc (0x6131bc93) x25 0x00000000
core   0: 0x80004800 (0x0136d9b3) srl     s3, a3, s3
core   0: 3 0x80004800 (0x0136d9b3) x19 0x0ffffe00
core   0: 0x80004804 (0x00000013) nop
core   0: 3 0x80004804 (0x00000013)
core   0: 0x80004808 (0x029f55b3) divu    a1, t5, s1
core   0: 3 0x80004808 (0x029f55b3) x11 0xffffffff
core   0: 0x8000480c (0x00080433) add     s0, a6, zero
core   0: 3 0x8000480c (0x00080433) x 8 0xffffffdb
core   0: 0x80004810 (0x03616e33) rem     t3, sp, s6
core   0: 3 0x80004810 (0x03616e33) x28 0x80025e64
core   0: 0x80004814 (0x00cf9cb3) sll     s9, t6, a2
core   0: 3 0x80004814 (0x00cf9cb3) x25 0xfc0014e7
core   0: 0x80004818 (0x013da733) slt     a4, s11, s3
core   0: 3 0x80004818 (0x013da733) x14 0x00000001
core   0: 0x8000481c (0x01428933) add     s2, t0, s4
core   0: 3 0x8000481c (0x01428933) x18 0x80029ce4
core   0: 0x80004820 (0x00f79e93) slli    t4, a5, 15
core   0: 3 0x80004820 (0x00f79e93) x29 0x00000000
core   0: 0x80004824 (0x01930833) add     a6, t1, s9
core   0: 3 0x80004824 (0x01930833) x16 0xfc0014e7
core   0: 0x80004828 (0x40b15d13) srai    s10, sp, 11
core   0: 3 0x80004828 (0x40b15d13) x26 0xfff0004b
core   0: 0x8000482c (0x0204d9b3) divu    s3, s1, zero
core   0: 3 0x8000482c (0x0204d9b3) x19 0xffffffff
core   0: 0x80004830 (0x41825e93) srai    t4, tp, 24
core   0: 3 0x80004830 (0x41825e93) x29 0xffffff80
core   0: 0x80004834 (0x04907863) bgeu    zero, s1, pc + 80
core   0: 3 0x80004834 (0x04907863)
core   0: 0x80004884 (0x402c85b3) sub     a1, s9, sp
core   0: 3 0x80004884 (0x402c85b3) x11 0x7bfdb683
core   0: 0x80004888 (0x5a91cf93) xori    t6, gp, 1449
core   0: 3 0x80004888 (0x5a91cf93) x31 0x896695a9
core   0: 0x8000488c (0x40d2dfb3) sra     t6, t0, a3
core   0: 3 0x8000488c (0x40d2dfb3) x31 0x00000000
core   0: 0x80004890 (0x02ff4233) div     tp, t5, a5
core   0: 3 0x80004890 (0x02ff4233) x 4 0xffffffff
core   0: 0x80004894 (0xccde0237) lui     tp, 0xccde0
core   0: 3 0x80004894 (0xccde0237) x 4 0xccde0000
core   0: 0x80004898 (0x01d34863) blt     t1, t4, pc + 16
core   0: 3 0x80004898 (0x01d34863)
core   0: 0x8000489c (0x41515eb3) sra     t4, sp, s5
core   0: 3 0x8000489c (0x41515eb3) x29 0x80025e64
core   0: 0x800048a0 (0x029ab333) mulhu   t1, s5, s1
core   0: 3 0x800048a0 (0x029ab333) x 6 0x00000000
core   0: 0x800048a4 (0x03099f33) mulh    t5, s3, a6
core   0: 3 0x800048a4 (0x03099f33) x30 0x00000000
core   0: 0x800048a8 (0x8771cc93) xori    s9, gp, -1929
core   0: 3 0x800048a8 (0x8771cc93) x25 0x76996877
core   0: 0x800048ac (0xb4b3b393) sltiu   t2, t2, -1205
core   0: 3 0x800048ac (0xb4b3b393) x 7 0x00000001
core   0: 0x800048b0 (0x025afab3) remu    s5, s5, t0
core   0: 3 0x800048b0 (0x025afab3) x21 0xffffe000
core   0: 0x800048b4 (0x056af663) bgeu    s5, s6, pc + 76
core   0: 3 0x800048b4 (0x056af663)
core   0: 0x80004900 (0x056a9063) bne     s5, s6, pc + 64
core   0: 3 0x80004900 (0x056a9063)
core   0: 0x80004940 (0x02ee7833) remu    a6, t3, a4
core   0: 3 0x80004940 (0x02ee7833) x16 0x00000000
core   0: 0x80004944 (0x01d1f663) bgeu    gp, t4, pc + 12
core   0: 3 0x80004944 (0x01d1f663)
core   0: 0x80004950 (0x7d6ac817) auipc   a6, 0x7d6ac
core   0: 3 0x80004950 (0x7d6ac817) x16 0xfd6b0950
core   0: 0x80004954 (0x04c2d863) bge     t0, a2, pc + 80
core   0: 3 0x80004954 (0x04c2d863)
core   0: 0x800049a4 (0x21877b13) andi    s6, a4, 536
core   0: 3 0x800049a4 (0x21877b13) x22 0x00000000
core   0: 0x800049a8 (0x0200d933) divu    s2, ra, zero
core   0: 3 0x800049a8 (0x0200d933) x18 0xffffffff
core   0: 0x800049ac (0xa4888913) addi    s2, a7, -1464
core   0: 3 0x800049ac (0xa4888913) x18 0xd59f82e8
core   0: 0x800049b0 (0x014984b3) add     s1, s3, s4
core   0: 3 0x800049b0 (0x014984b3) x 9 0x80029ce3
core   0: 0x800049b4 (0x005839b3) sltu    s3, a6, t0
core   0: 3 0x800049b4 (0x005839b3) x19 0x00000000
core   0: 0x800049b8 (0x01c615b3) sll     a1, a2, t3
core   0: 3 0x800049b8 (0x01c615b3) x11 0x00000000
core   0: 0x800049bc (0x06c22617) auipc   a2, 0x6c22
core   0: 3 0x800049bc (0x06c22617) x12 0x86c269bc
core   0: 0x800049c0 (0xd9f3c317) auipc   t1, 0xd9f3c
core   0: 3 0x800049c0 (0xd9f3c317) x 6 0x59f409c0
core   0: 0x800049c4 (0x01c861b3) or      gp, a6, t3
core   0: 3 0x800049c4 (0x01c861b3) x 3 0xfd6b5f74
core   0: 0x800049c8 (0x02169033) mulh    zero, a3, ra
core   0: 3 0x800049c8 (0x02169033)
core   0: 0x800049cc (0x3e4ae313) ori     t1, s5, 996
core   0: 3 0x800049cc (0x3e4ae313) x 6 0xffffe3e4
core   0: 0x800049d0 (0x76b43c93) sltiu   s9, s0, 1899
core   0: 3 0x800049d0 (0x76b43c93) x25 0x00000000
core   0: 0x800049d4 (0x02bc1433) mulh    s0, s8, a1
core   0: 3 0x800049d4 (0x02bc1433) x 8 0x00000000
core   0: 0x800049d8 (0x01f25e63) bge     tp, t6, pc + 28
core   0: 3 0x800049d8 (0x01f25e63)
core   0: 0x800049dc (0x00a364b3) or      s1, t1, a0
core   0: 3 0x800049dc (0x00a364b3) x 9 0xffffe3e6
core   0: 0x800049e0 (0x00785513) srli    a0, a6, 7
core   0: 3 0x800049e0 (0x00785513) x10 0x01fad612
core   0: 0x800049e4 (0x0dfbd337) lui     t1, 0xdfbd
core   0: 3 0x800049e4 (0x0dfbd337) x 6 0x0dfbd000
core   0: 0x800049e8 (0x00000013) nop
core   0: 3 0x800049e8 (0x00000013)
core   0: 0x800049ec (0x01944863) blt     s0, s9, pc + 16
core   0: 3 0x800049ec (0x01944863)
core   0: 0x800049f0 (0x008db033) sltu    zero, s11, s0
core   0: 3 0x800049f0 (0x008db033)
core   0: 0x800049f4 (0x849a0937) lui     s2, 0x849a0
core   0: 3 0x800049f4 (0x849a0937) x18 0x849a0000
core   0: 0x800049f8 (0x00961893) slli    a7, a2, 9
core   0: 3 0x800049f8 (0x00961893) x17 0x84d37800
core   0: 0x800049fc (0x013e4db3) xor     s11, t3, s3
core   0: 3 0x800049fc (0x013e4db3) x27 0x80025e64
core   0: 0x80004a00 (0xbe34e313) ori     t1, s1, -1053
core   0: 3 0x80004a00 (0xbe34e313) x 6 0xfffffbe7
core   0: 0x80004a04 (0x015aad33) slt     s10, s5, s5
core   0: 3 0x80004a04 (0x015aad33) x26 0x00000000
core   0: 0x80004a08 (0x0388df33) divu    t5, a7, s8
core   0: 3 0x80004a08 (0x0388df33) x30 0xffffffff
core   0: 0x80004a0c (0x03904ab3) div     s5, zero, s9
core   0: 3 0x80004a0c (0x03904ab3) x21 0xffffffff
core   0: 0x80004a10 (0x02199863) bne     s3, ra, pc + 48
core   0: 3 0x80004a10 (0x02199863)
core   0: 0x80004a40 (0x5f6c8513) addi    a0, s9, 1526
core   0: 3 0x80004a40 (0x5f6c8513) x10 0x000005f6
core   0: 0x80004a44 (0xd2956997) auipc   s3, 0xd2956
core   0: 3 0x80004a44 (0xd2956997) x19 0x5295aa44
core   0: 0x80004a48 (0x00a9a633) slt     a2, s3, a0
core   0: 3 0x80004a48 (0x00a9a633) x12 0x00000000
core   0: 0x80004a4c (0x015b7633) and     a2, s6, s5
core   0: 3 0x80004a4c (0x015b7633) x12 0x00000000
core   0: 0x80004a50 (0x00000013) nop
core   0: 3 0x80004a50 (0x00000013)
core   0: 0x80004a54 (0x020523b3) mulhsu  t2, a0, zero
core   0: 3 0x80004a54 (0x020523b3) x 7 0x00000000
core   0: 0x80004a58 (0x00439c63) bne     t2, tp, pc + 24
core   0: 3 0x80004a58 (0x00439c63)
core   0: 0x80004a70 (0x01275b13) srli    s6, a4, 18
core   0: 3 0x80004a70 (0x01275b13) x22 0x00000000
core   0: 0x80004a74 (0x67def313) andi    t1, t4, 1661
core   0: 3 0x80004a74 (0x67def313) x 6 0x00000664
core   0: 0x80004a78 (0x001e01b3) add     gp, t3, ra
core   0: 3 0x80004a78 (0x001e01b3) x 3 0x49795864
core   0: 0x80004a7c (0x01d5ceb3) xor     t4, a1, t4
core   0: 3 0x80004a7c (0x01d5ceb3) x29 0x80025e64
core   0: 0x80004a80 (0x00bd9fb3) sll     t6, s11, a1
core   0: 3 0x80004a80 (0x00bd9fb3) x31 0x80025e64
core   0: 0x80004a84 (0x41d9df93) srai    t6, s3, 29
core   0: 3 0x80004a84 (0x41d9df93) x31 0x00000002
core   0: 0x80004a88 (0x00929eb3) sll     t4, t0, s1
core   0: 3 0x80004a88 (0x00929eb3) x29 0x00000000
core   0: 0x80004a8c (0x41735393) srai    t2, t1, 23
core   0: 3 0x80004a8c (0x41735393) x 7 0x00000000
core   0: 0x80004a90 (0x04948863) beq     s1, s1, pc + 80
core   0: 3 0x80004a90 (0x04948863)
core   0: 0x80004ae0 (0x666f8593) addi    a1, t6, 1638
core   0: 3 0x80004ae0 (0x666f8593) x11 0x00000668
core   0: 0x80004ae4 (0x004f8f33) add     t5, t6, tp
core   0: 3 0x80004ae4 (0x004f8f33) x30 0xccde0002
core   0: 0x80004ae8 (0xdbbfbb13) sltiu   s6, t6, -581
core   0: 3 0x80004ae8 (0xdbbfbb13) x22 0x00000001
core   0: 0x80004aec (0x0325e5b3) rem     a1, a1, s2
core   0: 3 0x80004aec (0x0325e5b3) x11 0x00000668
core   0: 0x80004af0 (0x02bf07b3) mul     a5, t5, a1
core   0: 3 0x80004af0 (0x02bf07b3) x15 0x6e300cd0
core   0: 0x80004af4 (0x00641513) slli    a0, s0, 6
core   0: 3 0x80004af4 (0x00641513) x10 0x00000000
core   0: 0x80004af8 (0x00ad8663) beq     s11, a0, pc + 12
core   0: 3 0x80004af8 (0x00ad8663)
core   0: 0x80004afc (0x000ee0b3) or      ra, t4, zero
core   0: 3 0x80004afc (0x000ee0b3) x 1 0x00000000
core   0: 0x80004b00 (0x56d3f993) andi    s3, t2, 1389
core   0: 3 0x80004b00 (0x56d3f993) x19 0x00000000
core   0: 0x80004b04 (0x01dc43b3) xor     t2, s8, t4
core   0: 3 0x80004b04 (0x01dc43b3) x 7 0x00000000
core   0: 0x80004b08 (0x017d5613) srli    a2, s10, 23
core   0: 3 0x80004b08 (0x017d5613) x12 0x00000000
core   0: 0x80004b0c (0x83314e93) xori    t4, sp, -1997
core   0: 3 0x80004b0c (0x83314e93) x29 0x7ffda657
core   0: 0x80004b10 (0x00af41b3) xor     gp, t5, a0
core   0: 3 0x80004b10 (0x00af41b3) x 3 0xccde0002
core   0: 0x80004b14 (0x80f0fcb7) lui     s9, 0x80f0f
core   0: 3 0x80004b14 (0x80f0fcb7) x25 0x80f0f000
core   0: 0x80004b18 (0x005244b3) xor     s1, tp, t0
core   0: 3 0x80004b18 (0x005244b3) x 9 0xccde0000
core   0: 0x80004b1c (0x398e1937) lui     s2, 0x398e1
core   0: 3 0x80004b1c (0x398e1937) x18 0x398e1000
core   0: 0x80004b20 (0x80cfa693) slti    a3, t6, -2036
core   0: 3 0x80004b20 (0x80cfa693) x13 0x00000000
core   0: 0x80004b24 (0x02895cb3) divu    s9, s2, s0
core   0: 3 0x80004b24 (0x02895cb3) x25 0xffffffff
core   0: 0x80004b28 (0x00efacb3) slt     s9, t6, a4
core   0: 3 0x80004b28 (0x00efacb3) x25 0x00000000
core   0: 0x80004b2c (0x02313833) mulhu   a6, sp, gp
core   0: 3 0x80004b2c (0x02313833) x16 0x6670e546
core   0: 0x80004b30 (0x4034d1b3) sra     gp, s1, gp
core   0: 3 0x80004b30 (0x4034d1b3) x 3 0xf3378000
core   0: 0x80004b34 (0x03bddb33) divu    s6, s11, s11
core   0: 3 0x80004b34 (0x03bddb33) x22 0x00000001
core   0: 0x80004b38 (0x40e78433) sub     s0, a5, a4
core   0: 3 0x80004b38 (0x40e78433) x 8 0x6e300ccf
core   0: 0x80004b3c (0x016a1693) slli    a3, s4, 22
core   0: 3 0x80004b3c (0x016a1693) x13 0x39000000
core   0: 0x80004b40 (0x013e0ab3) add     s5, t3, s3
core   0: 3 0x80004b40 (0x013e0ab3) x21 0x80025e64
core   0: 0x80004b44 (0x9b324337) lui     t1, 0x9b324
core   0: 3 0x80004b44 (0x9b324337) x 6 0x9b324000
core   0: 0x80004b48 (0x00d85393) srli    t2, a6, 13
core   0: 3 0x80004b48 (0x00d85393) x 7 0x00033387
core   0: 0x80004b4c (0x0390f063) bgeu    ra, s9, pc + 32
core   0: 3 0x80004b4c (0x0390f063)
core   0: 0x80004b6c (0x406f5533) sra     a0, t5, t1
core   0: 3 0x80004b6c (0x406f5533) x10 0xccde0002
core   0: 0x80004b70 (0x027f64b3) rem     s1, t5, t2
core   0: 3 0x80004b70 (0x027f64b3) x 9 0xfffcd3ca
core   0: 0x80004b74 (0x023ca433) mulhsu  s0, s9, gp
core   0: 3 0x80004b74 (0x023ca433) x 8 0x00000000
core   0: 0x80004b78 (0x03e96933) rem     s2, s2, t5
core   0: 3 0x80004b78 (0x03e96933) x18 0x066c1002
core   0: 0x80004b7c (0x0324db33) divu    s6, s1, s2
core   0: 3 0x80004b7c (0x0324db33) x22 0x00000027
core   0: 0x80004b80 (0xf55e8393) addi    t2, t4, -171
core   0: 3 0x80004b80 (0xf55e8393) x 7 0x7ffda5ac
core   0: 0x80004b84 (0x02db0433) mul     s0, s6, a3
core   0: 3 0x80004b84 (0x02db0433) x 8 0xaf000000
core   0: 0x80004b88 (0x01975633) srl     a2, a4, s9
core   0: 3 0x80004b88 (0x01975633) x12 0x00000001
core   0: 0x80004b8c (0x417f5213) srai    tp, t5, 23
core   0: 3 0x80004b8c (0x417f5213) x 4 0xffffff99
core   0: 0x80004b90 (0x00e63db3) sltu    s11, a2, a4
core   0: 3 0x80004b90 (0x00e63db3) x27 0x00000000
core   0: 0x80004b94 (0xe36a3813) sltiu   a6, s4, -458
core   0: 3 0x80004b94 (0xe36a3813) x16 0x00000001
core   0: 0x80004b98 (0x3177bb37) lui     s6, 0x3177b
core   0: 3 0x80004b98 (0x3177bb37) x22 0x3177b000
core   0: 0x80004b9c (0x0344ef33) rem     t5, s1, s4
core   0: 3 0x80004b9c (0x0344ef33) x30 0xfffcd3ca
core   0: 0x80004ba0 (0x00fac863) blt     s5, a5, pc + 16
core   0: 3 0x80004ba0 (0x00fac863)
core   0: 0x80004bb0 (0x020b10b3) mulh    ra, s6, zero
core   0: 3 0x80004bb0 (0x020b10b3) x 1 0x00000000
core   0: 0x80004bb4 (0x41a4deb3) sra     t4, s1, s10
core   0: 3 0x80004bb4 (0x41a4deb3) x29 0xfffcd3ca
core   0: 0x80004bb8 (0x01926fb3) or      t6, tp, s9
core   0: 3 0x80004bb8 (0x01926fb3) x31 0xffffff99
core   0: 0x80004bbc (0x01ca0663) beq     s4, t3, pc + 12
core   0: 3 0x80004bbc (0x01ca0663)
core   0: 0x80004bc0 (0x027150b3) divu    ra, sp, t2
core   0: 3 0x80004bc0 (0x027150b3) x 1 0x00000001
core   0: 0x80004bc4 (0x0038c9b3) xor     s3, a7, gp
core   0: 3 0x80004bc4 (0x0038c9b3) x19 0x77e4f800
core   0: 0x80004bc8 (0x05b16863) bltu    sp, s11, pc + 80
core   0: 3 0x80004bc8 (0x05b16863)
core   0: 0x80004bcc (0x02978263) beq     a5, s1, pc + 36
core   0: 3 0x80004bcc (0x02978263)
core   0: 0x80004bd0 (0x41825f93) srai    t6, tp, 24
core   0: 3 0x80004bd0 (0x41825f93) x31 0xffffffff
core   0: 0x80004bd4 (0x00d2c533) xor     a0, t0, a3
core   0: 3 0x80004bd4 (0x00d2c533) x10 0x39000000
core   0: 0x80004bd8 (0x01433933) sltu    s2, t1, s4
core   0: 3 0x80004bd8 (0x01433933) x18 0x00000000
core   0: 0x80004bdc (0x0011d2b3) srl     t0, gp, ra
core   0: 3 0x80004bdc (0x0011d2b3) x 5 0x799bc000
core   0: 0x80004be0 (0x00e3d513) srli    a0, t2, 14
core   0: 3 0x80004be0 (0x00e3d513) x10 0x0001fff6
core   0: 0x80004be4 (0x0325ad33) mulhsu  s10, a1, s2
core   0: 3 0x80004be4 (0x0325ad33) x26 0x00000000
core   0: 0x80004be8 (0x9ec87013) andi    zero, a6, -1556
core   0: 3 0x80004be8 (0x9ec87013)
core   0: 0x80004bec (0xfeacec93) ori     s9, s9, -22
core   0: 3 0x80004bec (0xfeacec93) x25 0xffffffea
core   0: 0x80004bf0 (0x74e4c993) xori    s3, s1, 1870
core   0: 3 0x80004bf0 (0x74e4c993) x19 0xfffcd484
core   0: 0x80004bf4 (0xdbf40293) addi    t0, s0, -577
core   0: 3 0x80004bf4 (0xdbf40293) x 5 0xaefffdbf
core   0: 0x80004bf8 (0x02c67f33) remu    t5, a2, a2
core   0: 3 0x80004bf8 (0x02c67f33) x30 0x00000000
core   0: 0x80004bfc (0x03e882b3) mul     t0, a7, t5
core   0: 3 0x80004bfc (0x03e882b3) x 5 0x00000000
core   0: 0x80004c00 (0x002bee33) or      t3, s7, sp
core   0: 3 0x80004c00 (0x002bee33) x28 0xb54b5e7e
core   0: 0x80004c04 (0x00000013) nop
core   0: 3 0x80004c04 (0x00000013)
core   0: 0x80004c08 (0x3d87e593) ori     a1, a5, 984
core   0: 3 0x80004c08 (0x3d87e593) x11 0x6e300fd8
core   0: 0x80004c0c (0x0176ce63) blt     a3, s7, pc + 28
core   0: 3 0x80004c0c (0x0176ce63)
core   0: 0x80004c10 (0x02d6c2b3) div     t0, a3, a3
core   0: 3 0x80004c10 (0x02d6c2b3) x 5 0x00000001
core   0: 0x80004c14 (0x41da8d33) sub     s10, s5, t4
core   0: 3 0x80004c14 (0x41da8d33) x26 0x80058a9a
core   0: 0x80004c18 (0x0379be33) mulhu   t3, s3, s7
core   0: 3 0x80004c18 (0x0379be33) x28 0xb546d5d3
core   0: 0x80004c1c (0x401a8333) sub     t1, s5, ra
core   0: 3 0x80004c1c (0x401a8333) x 6 0x80025e63
core   0: 0x80004c20 (0x03e8ccb3) div     s9, a7, t5
core   0: 3 0x80004c20 (0x03e8ccb3) x25 0xffffffff
core   0: 0x80004c24 (0x0321a233) mulhsu  tp, gp, s2
core   0: 3 0x80004c24 (0x0321a233) x 4 0x00000000
core   0: 0x80004c28 (0xbad40537) lui     a0, 0xbad40
core   0: 3 0x80004c28 (0xbad40537) x10 0xbad40000
core   0: 0x80004c2c (0x00403533) snez    a0, tp
core   0: 3 0x80004c2c (0x00403533) x10 0x00000000
core   0: 0x80004c30 (0x403bd013) srai    zero, s7, 3
core   0: 3 0x80004c30 (0x403bd013)
core   0: 0x80004c34 (0x004f37b3) sltu    a5, t5, tp
core   0: 3 0x80004c34 (0x004f37b3) x15 0x00000000
core   0: 0x80004c38 (0x00676cb3) or      s9, a4, t1
core   0: 3 0x80004c38 (0x00676cb3) x25 0x80025e63
core   0: 0x80004c3c (0x00219263) bne     gp, sp, pc + 4
core   0: 3 0x80004c3c (0x00219263)
core   0: 0x80004c40 (0x92a18313) addi    t1, gp, -1750
core   0: 3 0x80004c40 (0x92a18313) x 6 0xf337792a
core   0: 0x80004c44 (0x019c94b3) sll     s1, s9, s9
core   0: 3 0x80004c44 (0x019c94b3) x 9 0x0012f318
core   0: 0x80004c48 (0x029d4db3) div     s11, s10, s1
core   0: 3 0x80004c48 (0x029d4db3) x27 0xfffff940
core   0: 0x80004c4c (0x04847893) andi    a7, s0, 72
core   0: 3 0x80004c4c (0x04847893) x17 0x00000000
core   0: 0x80004c50 (0x034ba733) mulhsu  a4, s7, s4
core   0: 3 0x80004c50 (0x034ba733) x14 0xdaa3c705
core   0: 0x80004c54 (0x00000013) nop
core   0: 3 0x80004c54 (0x00000013)
core   0: 0x80004c58 (0x41de87b3) sub     a5, t4, t4
core   0: 3 0x80004c58 (0x41de87b3) x15 0x00000000
core   0: 0x80004c5c (0x02f50a63) beq     a0, a5, pc + 52
core   0: 3 0x80004c5c (0x02f50a63)
core   0: 0x80004c90 (0x03694633) div     a2, s2, s6
core   0: 3 0x80004c90 (0x03694633) x12 0x00000000
core   0: 0x80004c94 (0x00e238b3) sltu    a7, tp, a4
core   0: 3 0x80004c94 (0x00e238b3) x17 0x00000001
core   0: 0x80004c98 (0x03b24933) div     s2, tp, s11
core   0: 3 0x80004c98 (0x03b24933) x18 0x00000000
core   0: 0x80004c9c (0x40670533) sub     a0, a4, t1
core   0: 3 0x80004c9c (0x40670533) x10 0xe76c4ddb
core   0: 0x80004ca0 (0x01ba1863) bne     s4, s11, pc + 16
core   0: 3 0x80004ca0 (0x01ba1863)
core   0: 0x80004cb0 (0x28c22c93) slti    s9, tp, 652
core   0: 3 0x80004cb0 (0x28c22c93) x25 0x00000001
core   0: 0x80004cb4 (0x017fcd33) xor     s10, t6, s7
core   0: 3 0x80004cb4 (0x017fcd33) x26 0x4ab6eb85
core   0: 0x80004cb8 (0xf78ed537) lui     a0, 0xf78ed
core   0: 3 0x80004cb8 (0xf78ed537) x10 0xf78ed000
core   0: 0x80004cbc (0x41a9d6b3) sra     a3, s3, s10
core   0: 3 0x80004cbc (0x41a9d6b3) x13 0xffffe6a4
core   0: 0x80004cc0 (0x0328d333) divu    t1, a7, s2
core   0: 3 0x80004cc0 (0x0328d333) x 6 0xffffffff
core   0: 0x80004cc4 (0x0994c663) blt     s1, s9, pc + 140
core   0: 3 0x80004cc4 (0x0994c663)
core   0: 0x80004cc8 (0x615561b7) lui     gp, 0x61556
core   0: 3 0x80004cc8 (0x615561b7) x 3 0x61556000
core   0: 0x80004ccc (0x0000c817) auipc   a6, 0xc
core   0: 3 0x80004ccc (0x0000c817) x16 0x80010ccc
core   0: 0x80004cd0 (0xa3280813) addi    a6, a6, -1486
core   0: 3 0x80004cd0 (0xa3280813) x16 0x800106fe
core   0: 0x80004cd4 (0xb8a802a3) sb      a0, -1147(a6)
core   0: 3 0x80004cd4 (0xb8a802a3) mem 0x80010283 0x0
core   0: 0x80004cd8 (0xce084e03) lbu     t3, -800(a6)
core   0: 3 0x80004cd8 (0xce084e03) x28 0x00000060 mem 0x800103de
core   0: 0x80004cdc (0x270d8337) lui     t1, 0x270d8
core   0: 3 0x80004cdc (0x270d8337) x 6 0x270d8000
core   0: 0x80004ce0 (0x7bb800a3) sb      s11, 1953(a6)
core   0: 3 0x80004ce0 (0x7bb800a3) mem 0x80010e9f 0x40
core   0: 0x80004ce4 (0x03676433) rem     s0, a4, s6
core   0: 3 0x80004ce4 (0x03676433) x 8 0xdaa3c705
core   0: 0x80004ce8 (0x2d780f03) lb      t5, 727(a6)
core   0: 3 0x80004ce8 (0x2d780f03) x30 0xffffffb3 mem 0x800109d5
core   0: 0x80004cec (0x79a82983) lw      s3, 1946(a6)
core   0: 3 0x80004cec (0x79a82983) x19 0x298f598a mem 0x80010e98
core   0: 0x80004cf0 (0xf0f80383) lb      t2, -241(a6)
core   0: 3 0x80004cf0 (0xf0f80383) x 7 0x00000062 mem 0x8001060d
core   0: 0x80004cf4 (0x00000013) nop
core   0: 3 0x80004cf4 (0x00000013)
core   0: 0x80004cf8 (0xa60af637) lui     a2, 0xa60af
core   0: 3 0x80004cf8 (0xa60af637) x12 0xa60af000
core   0: 0x80004cfc (0x00d841b3) xor     gp, a6, a3
core   0: 3 0x80004cfc (0x00d841b3) x 3 0x7ffee05a
core   0: 0x80004d00 (0x0701f993) andi    s3, gp, 112
core   0: 3 0x80004d00 (0x0701f993) x19 0x00000050
core   0: 0x80004d04 (0x03055b33) divu    s6, a0, a6
core   0: 3 0x80004d04 (0x03055b33) x22 0x00000001
core   0: 0x80004d08 (0x0231ff33) remu    t5, gp, gp
core   0: 3 0x80004d08 (0x0231ff33) x30 0x00000000
core   0: 0x80004d0c (0x97233613) sltiu   a2, t1, -1678
core   0: 3 0x80004d0c (0x97233613) x12 0x00000001
core   0: 0x80004d10 (0x0124f6b3) and     a3, s1, s2
core   0: 3 0x80004d10 (0x0124f6b3) x13 0x00000000
core   0: 0x80004d14 (0x5f184403) lbu     s0, 1521(a6)
core   0: 3 0x80004d14 (0x5f184403) x 8 0x00000005 mem 0x80010cef
core   0: 0x80004d18 (0x023bc733) div     a4, s7, gp
core   0: 3 0x80004d18 (0x023bc733) x14 0x00000000
core   0: 0x80004d1c (0x02936c33) rem     s8, t1, s1
core   0: 3 0x80004d1c (0x02936c33) x24 0x000b1198
core   0: 0x80004d20 (0xd7a81383) lh      t2, -646(a6)
core   0: 3 0x80004d20 (0xd7a81383) x 7 0xfffff645 mem 0x80010478
core   0: 0x80004d24 (0x1c422213) slti    tp, tp, 452
core   0: 3 0x80004d24 (0x1c422213) x 4 0x00000001
core   0: 0x80004d28 (0x08481203) lh      tp, 132(a6)
core   0: 3 0x80004d28 (0x08481203) x 4 0xffffe669 mem 0x80010782
core   0: 0x80004d2c (0xee8c0293) addi    t0, s8, -280
core   0: 3 0x80004d2c (0xee8c0293) x 5 0x000b1080
core   0: 0x80004d30 (0xe9584f03) lbu     t5, -363(a6)
core   0: 3 0x80004d30 (0xe9584f03) x30 0x0000009b mem 0x80010593
core   0: 0x80004d34 (0x1db80623) sb      s11, 460(a6)
core   0: 3 0x80004d34 (0x1db80623) mem 0x800108ca 0x40
core   0: 0x80004d38 (0x44681d83) lh      s11, 1094(a6)
core   0: 3 0x80004d38 (0x44681d83) x27 0x000034b2 mem 0x80010b44
core   0: 0x80004d3c (0x010391b3) sll     gp, t2, a6
core   0: 3 0x80004d3c (0x010391b3) x 3 0x40000000
core   0: 0x80004d40 (0x01764633) xor     a2, a2, s7
core   0: 3 0x80004d40 (0x01764633) x12 0xb549147b
core   0: 0x80004d44 (0x06384003) lbu     zero, 99(a6)
core   0: 3 0x80004d44 (0x06384003) mem 0x80010761
core   0: 0x80004d48 (0xc91a2893) slti    a7, s4, -879
core   0: 3 0x80004d48 (0xc91a2893) x17 0x00000001
core   0: 0x80004d4c (0x3437f493) andi    s1, a5, 835
core   0: 3 0x80004d4c (0x3437f493) x 9 0x00000000
core   0: 0x80004d50 (0x007c1d13) slli    s10, s8, 7
core   0: 3 0x80004d50 (0x007c1d13) x26 0x0588cc00
core   0: 0x80004d54 (0x00266eb3) or      t4, a2, sp
core   0: 3 0x80004d54 (0x00266eb3) x29 0xb54b5e7f
core   0: 0x80004d58 (0x5f87c593) xori    a1, a5, 1528
core   0: 3 0x80004d58 (0x5f87c593) x11 0x000005f8
core   0: 0x80004d5c (0x4191d193) srai    gp, gp, 25
core   0: 3 0x80004d5c (0x4191d193) x 3 0x00000020
core   0: 0x80004d60 (0x4e4e0937) lui     s2, 0x4e4e0
core   0: 3 0x80004d60 (0x4e4e0937) x18 0x4e4e0000
core   0: 0x80004d64 (0x0555c263) blt     a1, s5, pc + 68
core   0: 3 0x80004d64 (0x0555c263)
core   0: 0x80004d68 (0x0212df33) divu    t5, t0, ra
core   0: 3 0x80004d68 (0x0212df33) x30 0x000b1080
core   0: 0x80004d6c (0x01170c63) beq     a4, a7, pc + 24
core   0: 3 0x80004d6c (0x01170c63)
core   0: 0x80004d70 (0x74872f93) slti    t6, a4, 1864
core   0: 3 0x80004d70 (0x74872f93) x31 0x00000001
core   0: 0x80004d74 (0x723fa413) slti    s0, t6, 1827
core   0: 3 0x80004d74 (0x723fa413) x 8 0x00000001
core   0: 0x80004d78 (0x029ec433) div     s0, t4, s1
core   0: 3 0x80004d78 (0x029ec433) x 8 0xffffffff
core   0: 0x80004d7c (0x35ccfe13) andi    t3, s9, 860
core   0: 3 0x80004d7c (0x35ccfe13) x28 0x00000000
core   0: 0x80004d80 (0x00496633) or      a2, s2, tp
core   0: 3 0x80004d80 (0x00496633) x12 0xffffe669
core   0: 0x80004d84 (0x0364c533) div     a0, s1, s6
core   0: 3 0x80004d84 (0x0364c533) x10 0x00000000
core   0: 0x80004d88 (0x002b9233) sll     tp, s7, sp
core   0: 3 0x80004d88 (0x002b9233) x 4 0x549147a0
core   0: 0x80004d8c (0x01c95f13) srli    t5, s2, 28
core   0: 3 0x80004d8c (0x01c95f13) x30 0x00000004
core   0: 0x80004d90 (0xef36ec13) ori     s8, a3, -269
core   0: 3 0x80004d90 (0xef36ec13) x24 0xfffffef3
core   0: 0x80004d94 (0xf5f4e193) ori     gp, s1, -161
core   0: 3 0x80004d94 (0xf5f4e193) x 3 0xffffff5f
core   0: 0x80004d98 (0x5472ee37) lui     t3, 0x5472e
core   0: 3 0x80004d98 (0x5472ee37) x28 0x5472e000
core   0: 0x80004d9c (0x11a7f893) andi    a7, a5, 282
core   0: 3 0x80004d9c (0x11a7f893) x17 0x00000000
core   0: 0x80004da0 (0x02ebc263) blt     s7, a4, pc + 36
core   0: 3 0x80004da0 (0x02ebc263)
core   0: 0x80004dc4 (0x00159c63) bne     a1, ra, pc + 24
core   0: 3 0x80004dc4 (0x00159c63)
core   0: 0x80004ddc (0xa309b793) sltiu   a5, s3, -1488
core   0: 3 0x80004ddc (0xa309b793) x15 0x00000001
core   0: 0x80004de0 (0x2d56fab7) lui     s5, 0x2d56f
core   0: 3 0x80004de0 (0x2d56fab7) x21 0x2d56f000
core   0: 0x80004de4 (0x02e8c5b3) div     a1, a7, a4
core   0: 3 0x80004de4 (0x02e8c5b3) x11 0xffffffff
core   0: 0x80004de8 (0x03551eb3) mulh    t4, a0, s5
core   0: 3 0x80004de8 (0x03551eb3) x29 0x00000000
core   0: 0x80004dec (0x3e886037) lui     zero, 0x3e886
core   0: 3 0x80004dec (0x3e886037)
core   0: 0x80004df0 (0x0363ea63) bltu    t2, s6, pc + 52
core   0: 3 0x80004df0 (0x0363ea63)
core   0: 0x80004df4 (0x9445bf93) sltiu   t6, a1, -1724
core   0: 3 0x80004df4 (0x9445bf93) x31 0x00000000
core   0: 0x80004df8 (0x0163c6b3) xor     a3, t2, s6
core   0: 3 0x80004df8 (0x0163c6b3) x13 0xfffff644
core   0: 0x80004dfc (0xd2360593) addi    a1, a2, -733
core   0: 3 0x80004dfc (0xd2360593) x11 0xffffe38c
core   0: 0x80004e00 (0x02764e63) blt     a2, t2, pc + 60
core   0: 3 0x80004e00 (0x02764e63)
core   0: 0x80004e3c (0x008ad793) srli    a5, s5, 8
core   0: 3 0x80004e3c (0x008ad793) x15 0x002d56f0
core   0: 0x80004e40 (0x01a2bb33) sltu    s6, t0, s10
core   0: 3 0x80004e40 (0x01a2bb33) x22 0x00000001
core   0: 0x80004e44 (0x00d7de13) srli    t3, a5, 13
core   0: 3 0x80004e44 (0x00d7de13) x28 0x0000016a
core   0: 0x80004e48 (0x02375a63) bge     a4, gp, pc + 52
core   0: 3 0x80004e48 (0x02375a63)
core   0: 0x80004e7c (0x01f34cb3) xor     s9, t1, t6
core   0: 3 0x80004e7c (0x01f34cb3) x25 0x270d8000
core   0: 0x80004e80 (0x0290e863) bltu    ra, s1, pc + 48
core   0: 3 0x80004e80 (0x0290e863)
core   0: 0x80004e84 (0x00da57b3) srl     a5, s4, a3
core   0: 3 0x80004e84 (0x00da57b3) x15 0x080029ce
core   0: 0x80004e88 (0x37958d13) addi    s10, a1, 889
core   0: 3 0x80004e88 (0x37958d13) x26 0xffffe705
core   0: 0x80004e8c (0x03a3eeb3) rem     t4, t2, s10
core   0: 3 0x80004e8c (0x03a3eeb3) x29 0xfffff645
core   0: 0x80004e90 (0x03957f33) remu    t5, a0, s9
core   0: 3 0x80004e90 (0x03957f33) x30 0x00000000
core   0: 0x80004e94 (0x04a92793) slti    a5, s2, 74
core   0: 3 0x80004e94 (0x04a92793) x15 0x00000000
core   0: 0x80004e98 (0x02618433) mul     s0, gp, t1
core   0: 3 0x80004e98 (0x02618433) x 8 0x70828000
core   0: 0x80004e9c (0x01b4af37) lui     t5, 0x1b4a
core   0: 3 0x80004e9c (0x01b4af37) x30 0x01b4a000
core   0: 0x80004ea0 (0x00cb5863) bge     s6, a2, pc + 16
core   0: 3 0x80004ea0 (0x00cb5863)
core   0: 0x80004eb0 (0x5d1e7237) lui     tp, 0x5d1e7
core   0: 3 0x80004eb0 (0x5d1e7237) x 4 0x5d1e7000
core   0: 0x80004eb4 (0x036631b3) mulhu   gp, a2, s6
core   0: 3 0x80004eb4 (0x036631b3) x 3 0x00000000
core   0: 0x80004eb8 (0x02137863) bgeu    t1, ra, pc + 48
core   0: 3 0x80004eb8 (0x02137863)
core   0: 0x80004ee8 (0x00bc5693) srli    a3, s8, 11
core   0: 3 0x80004ee8 (0x00bc5693) x13 0x001fffff
core   0: 0x80004eec (0x02365a63) bge     a2, gp, pc + 52
core   0: 3 0x80004eec (0x02365a63)
core   0: 0x80004ef0 (0x359a6293) ori     t0, s4, 857
core   0: 3 0x80004ef0 (0x359a6293) x 5 0x80029ffd
core   0: 0x80004ef4 (0x02a9f263) bgeu    s3, a0, pc + 36
core   0: 3 0x80004ef4 (0x02a9f263)
core   0: 0x80004f18 (0x998e6c93) ori     s9, t3, -1640
core   0: 3 0x80004f18 (0x998e6c93) x25 0xfffff9fa
core   0: 0x80004f1c (0x0132fc63) bgeu    t0, s3, pc + 24
core   0: 3 0x80004f1c (0x0132fc63)
core   0: 0x80004f34 (0x03d8e433) rem     s0, a7, t4
core   0: 3 0x80004f34 (0x03d8e433) x 8 0x00000000
core   0: 0x80004f38 (0x01967333) and     t1, a2, s9
core   0: 3 0x80004f38 (0x01967333) x 6 0xffffe068
core   0: 0x80004f3c (0x02669e33) mulh    t3, a3, t1
core   0: 3 0x80004f3c (0x02669e33) x28 0xfffffffc
core   0: 0x80004f40 (0x057e1663) bne     t3, s7, pc + 76
core   0: 3 0x80004f40 (0x057e1663)
core   0: 0x80004f8c (0xc92c8c13) addi    s8, s9, -878
core   0: 3 0x80004f8c (0xc92c8c13) x24 0xfffff68c
core   0: 0x80004f90 (0x01992f33) slt     t5, s2, s9
core   0: 3 0x80004f90 (0x01992f33) x30 0x00000000
core   0: 0x80004f94 (0x017ed433) srl     s0, t4, s7
core   0: 3 0x80004f94 (0x017ed433) x 8 0x0000003f
core   0: 0x80004f98 (0xbb92aa97) auipc   s5, 0xbb92a
core   0: 3 0x80004f98 (0xbb92aa97) x21 0x3b92ef98
core   0: 0x80004f9c (0x409c0c33) sub     s8, s8, s1
core   0: 3 0x80004f9c (0x409c0c33) x24 0xfffff68c
core   0: 0x80004fa0 (0x02216263) bltu    sp, sp, pc + 36
core   0: 3 0x80004fa0 (0x02216263)
core   0: 0x80004fa4 (0x00f61f93) slli    t6, a2, 15
core   0: 3 0x80004fa4 (0x00f61f93) x31 0xf3348000
core   0: 0x80004fa8 (0x02c5c833) div     a6, a1, a2
core   0: 3 0x80004fa8 (0x02c5c833) x16 0x00000001
core   0: 0x80004fac (0x0211e833) rem     a6, gp, ra
core   0: 3 0x80004fac (0x0211e833) x16 0x00000000
core   0: 0x80004fb0 (0x02111933) mulh    s2, sp, ra
core   0: 3 0x80004fb0 (0x02111933) x18 0xffffffff
core   0: 0x80004fb4 (0x0398d533) divu    a0, a7, s9
core   0: 3 0x80004fb4 (0x0398d533) x10 0x00000000
core   0: 0x80004fb8 (0x02ce1e33) mulh    t3, t3, a2
core   0: 3 0x80004fb8 (0x02ce1e33) x28 0x00000000
core   0: 0x80004fbc (0x00e54ab3) xor     s5, a0, a4
core   0: 3 0x80004fbc (0x00e54ab3) x21 0x00000000
core   0: 0x80004fc0 (0x007eafb3) slt     t6, t4, t2
core   0: 3 0x80004fc0 (0x007eafb3) x31 0x00000000
core   0: 0x80004fc4 (0x0031d1b3) srl     gp, gp, gp
core   0: 3 0x80004fc4 (0x0031d1b3) x 3 0x00000000
core   0: 0x80004fc8 (0x006ad593) srli    a1, s5, 6
core   0: 3 0x80004fc8 (0x006ad593) x11 0x00000000
core   0: 0x80004fcc (0x777b8213) addi    tp, s7, 1911
core   0: 3 0x80004fcc (0x777b8213) x 4 0xb5491bf1
core   0: 0x80004fd0 (0x01b4c263) blt     s1, s11, pc + 4
core   0: 3 0x80004fd0 (0x01b4c263)
core   0: 0x80004fd4 (0x00fb5c63) bge     s6, a5, pc + 24
core   0: 3 0x80004fd4 (0x00fb5c63)
core   0: 0x80004fec (0x4109d513) srai    a0, s3, 16
core   0: 3 0x80004fec (0x4109d513) x10 0x00000000
core   0: 0x80004ff0 (0x0631da63) bge     gp, gp, pc + 116
core   0: 3 0x80004ff0 (0x0631da63)
core   0: 0x80005064 (0x0c922f13) slti    t5, tp, 201
core   0: 3 0x80005064 (0x0c922f13) x30 0x00000001
core   0: 0x80005068 (0x03004433) div     s0, zero, a6
core   0: 3 0x80005068 (0x03004433) x 8 0xffffffff
core   0: 0x8000506c (0x05c59063) bne     a1, t3, pc + 64
core   0: 3 0x8000506c (0x05c59063)
core   0: 0x80005070 (0x028bceb3) div     t4, s7, s0
core   0: 3 0x80005070 (0x028bceb3) x29 0x4ab6eb86
core   0: 0x80005074 (0x00972833) slt     a6, a4, s1
core   0: 3 0x80005074 (0x00972833) x16 0x00000000
core   0: 0x80005078 (0x01e6a7b3) slt     a5, a3, t5
core   0: 3 0x80005078 (0x01e6a7b3) x15 0x00000000
core   0: 0x8000507c (0x03c56d33) rem     s10, a0, t3
core   0: 3 0x8000507c (0x03c56d33) x26 0x00000000
core   0: 0x80005080 (0x01e4dc33) srl     s8, s1, t5
core   0: 3 0x80005080 (0x01e4dc33) x24 0x00000000
core   0: 0x80005084 (0xbea1b493) sltiu   s1, gp, -1046
core   0: 3 0x80005084 (0xbea1b493) x 9 0x00000001
core   0: 0x80005088 (0x01431663) bne     t1, s4, pc + 12
core   0: 3 0x80005088 (0x01431663)
core   0: 0x80005094 (0x03196063) bltu    s2, a7, pc + 32
core   0: 3 0x80005094 (0x03196063)
core   0: 0x80005098 (0x03a27733) remu    a4, tp, s10
core   0: 3 0x80005098 (0x03a27733) x14 0xb5491bf1
core   0: 0x8000509c (0x431949b7) lui     s3, 0x43194
core   0: 3 0x8000509c (0x431949b7) x19 0x43194000
core   0: 0x800050a0 (0x01d203b3) add     t2, tp, t4
core   0: 3 0x800050a0 (0x01d203b3) x 7 0x00000777
core   0: 0x800050a4 (0xf2cbd837) lui     a6, 0xf2cbd
core   0: 3 0x800050a4 (0xf2cbd837) x16 0xf2cbd000
core   0: 0x800050a8 (0x0213d863) bge     t2, ra, pc + 48
core   0: 3 0x800050a8 (0x0213d863)
core   0: 0x800050d8 (0x02de0533) mul     a0, t3, a3
core   0: 3 0x800050d8 (0x02de0533) x10 0x00000000
core   0: 0x800050dc (0xc594f213) andi    tp, s1, -935
core   0: 3 0x800050dc (0xc594f213) x 4 0x00000001
core   0: 0x800050e0 (0x00282933) slt     s2, a6, sp
core   0: 3 0x800050e0 (0x00282933) x18 0x00000000
core   0: 0x800050e4 (0x05745663) bge     s0, s7, pc + 76
core   0: 3 0x800050e4 (0x05745663)
core   0: 0x80005130 (0xafc96393) ori     t2, s2, -1284
core   0: 3 0x80005130 (0xafc96393) x 7 0xfffffafc
core   0: 0x80005134 (0x0f64f863) bgeu    s1, s6, pc + 240
core   0: 3 0x80005134 (0x0f64f863)
core   0: 0x80005224 (0x03c15a63) bge     sp, t3, pc + 52
core   0: 3 0x80005224 (0x03c15a63)
core   0: 0x80005228 (0x03bf97b3) mulh    a5, t6, s11
core   0: 3 0x80005228 (0x03bf97b3) x15 0x00000000
core   0: 0x8000522c (0x011749b3) xor     s3, a4, a7
core   0: 3 0x8000522c (0x011749b3) x19 0xb5491bf1
core   0: 0x80005230 (0x8f0af193) andi    gp, s5, -1808
core   0: 3 0x80005230 (0x8f0af193) x 3 0x00000000
core   0: 0x80005234 (0x00030db3) add     s11, t1, zero
core   0: 3 0x80005234 (0x00030db3) x27 0xffffe068
core   0: 0x80005238 (0x7b624b17) auipc   s6, 0x7b624
core   0: 3 0x80005238 (0x7b624b17) x22 0xfb629238
core   0: 0x8000523c (0x034917b3) mulh    a5, s2, s4
core   0: 3 0x8000523c (0x034917b3) x15 0x00000000
core   0: 0x80005240 (0x01149a63) bne     s1, a7, pc + 20
core   0: 3 0x80005240 (0x01149a63)
core   0: 0x80005254 (0x03c9af33) mulhsu  t5, s3, t3
core   0: 3 0x80005254 (0x03c9af33) x30 0x00000000
core   0: 0x80005258 (0x02818eb3) mul     t4, gp, s0
core   0: 3 0x80005258 (0x02818eb3) x29 0x00000000
core   0: 0x8000525c (0x413d0ab3) sub     s5, s10, s3
core   0: 3 0x8000525c (0x413d0ab3) x21 0x4ab6e40f
core   0: 0x80005260 (0x029246b3) div     a3, tp, s1
core   0: 3 0x80005260 (0x029246b3) x13 0x00000001
core   0: 0x80005264 (0x57783393) sltiu   t2, a6, 1399
core   0: 3 0x80005264 (0x57783393) x 7 0x00000000
core   0: 0x80005268 (0x40f687b3) sub     a5, a3, a5
core   0: 3 0x80005268 (0x40f687b3) x15 0x00000001
core   0: 0x8000526c (0x009d9a93) slli    s5, s11, 9
core   0: 3 0x8000526c (0x009d9a93) x21 0xffc0d000
core   0: 0x80005270 (0x02db26b3) mulhsu  a3, s6, a3
core   0: 3 0x80005270 (0x02db26b3) x13 0xffffffff
core   0: 0x80005274 (0x0083ce63) blt     t2, s0, pc + 28
core   0: 3 0x80005274 (0x0083ce63)
core   0: 0x80005278 (0x007b1c63) bne     s6, t2, pc + 24
core   0: 3 0x80005278 (0x007b1c63)
core   0: 0x80005290 (0x00df5693) srli    a3, t5, 13
core   0: 3 0x80005290 (0x00df5693) x13 0x00000000
core   0: 0x80005294 (0x038f54b3) divu    s1, t5, s8
core   0: 3 0x80005294 (0x038f54b3) x 9 0xffffffff
core   0: 0x80005298 (0x41e5de13) srai    t3, a1, 30
core   0: 3 0x80005298 (0x41e5de13) x28 0x00000000
core   0: 0x8000529c (0x4108db13) srai    s6, a7, 16
core   0: 3 0x8000529c (0x4108db13) x22 0x00000000
core   0: 0x800052a0 (0x0099d393) srli    t2, s3, 9
core   0: 3 0x800052a0 (0x0099d393) x 7 0x005aa48d
core   0: 0x800052a4 (0x020cc933) div     s2, s9, zero
core   0: 3 0x800052a4 (0x020cc933) x18 0xffffffff
core   0: 0x800052a8 (0x8279c013) xori    zero, s3, -2009
core   0: 3 0x800052a8 (0x8279c013)
core   0: 0x800052ac (0x02e49263) bne     s1, a4, pc + 36
core   0: 3 0x800052ac (0x02e49263)
core   0: 0x800052d0 (0x01104463) blt     zero, a7, pc + 8
core   0: 3 0x800052d0 (0x01104463)
core   0: 0x800052d4 (0x01fe3ab3) sltu    s5, t3, t6
core   0: 3 0x800052d4 (0x01fe3ab3) x21 0x00000000
core   0: 0x800052d8 (0x02034933) div     s2, t1, zero
core   0: 3 0x800052d8 (0x02034933) x18 0xffffffff
core   0: 0x800052dc (0x00583ab3) sltu    s5, a6, t0
core   0: 3 0x800052dc (0x00583ab3) x21 0x00000000
core   0: 0x800052e0 (0x2e8d6c13) ori     s8, s10, 744
core   0: 3 0x800052e0 (0x2e8d6c13) x24 0x000002e8
core   0: 0x800052e4 (0x03fca633) mulhsu  a2, s9, t6
core   0: 3 0x800052e4 (0x03fca633) x12 0x00000000
core   0: 0x800052e8 (0xc58a7393) andi    t2, s4, -936
core   0: 3 0x800052e8 (0xc58a7393) x 7 0x80029c40
core   0: 0x800052ec (0x01fa6333) or      t1, s4, t6
core   0: 3 0x800052ec (0x01fa6333) x 6 0x80029ce4
core   0: 0x800052f0 (0x00862b33) slt     s6, a2, s0
core   0: 3 0x800052f0 (0x00862b33) x22 0x00000000
core   0: 0x800052f4 (0x019c5913) srli    s2, s8, 25
core   0: 3 0x800052f4 (0x019c5913) x18 0x00000000
core   0: 0x800052f8 (0xe8eb6e13) ori     t3, s6, -370
core   0: 3 0x800052f8 (0xe8eb6e13) x28 0xfffffe8e
core   0: 0x800052fc (0x04d04063) blt     zero, a3, pc + 64
core   0: 3 0x800052fc (0x04d04063)
core   0: 0x80005300 (0x38ca6313) ori     t1, s4, 908
core   0: 3 0x80005300 (0x38ca6313) x 6 0x80029fec
core   0: 0x80005304 (0x0344c863) blt     s1, s4, pc + 48
core   0: 3 0x80005304 (0x0344c863)
core   0: 0x80005308 (0xbef22393) slti    t2, tp, -1041
core   0: 3 0x80005308 (0xbef22393) x 7 0x00000000
core   0: 0x8000530c (0x338b7493) andi    s1, s6, 824
core   0: 3 0x8000530c (0x338b7493) x 9 0x00000000
core   0: 0x80005310 (0x4189d793) srai    a5, s3, 24
core   0: 3 0x80005310 (0x4189d793) x15 0xffffffb5
core   0: 0x80005314 (0x00f76c63) bltu    a4, a5, pc + 24
core   0: 3 0x80005314 (0x00f76c63)
core   0: 0x8000532c (0xd8ee0793) addi    a5, t3, -626
core   0: 3 0x8000532c (0xd8ee0793) x15 0xfffffc1c
core   0: 0x80005330 (0x847a6717) auipc   a4, 0x847a6
core   0: 3 0x80005330 (0x847a6717) x14 0x047ab330
core   0: 0x80005334 (0x0048a433) slt     s0, a7, tp
core   0: 3 0x80005334 (0x0048a433) x 8 0x00000001
core   0: 0x80005338 (0x5a28ff37) lui     t5, 0x5a28f
core   0: 3 0x80005338 (0x5a28ff37) x30 0x5a28f000
core   0: 0x8000533c (0x9fe38793) addi    a5, t2, -1538
core   0: 3 0x8000533c (0x9fe38793) x15 0xfffff9fe
core   0: 0x80005340 (0x03ba8c63) beq     s5, s11, pc + 56
core   0: 3 0x80005340 (0x03ba8c63)
core   0: 0x80005344 (0x01408663) beq     ra, s4, pc + 12
core   0: 3 0x80005344 (0x01408663)
core   0: 0x80005348 (0x03753e33) mulhu   t3, a0, s7
core   0: 3 0x80005348 (0x03753e33) x28 0x00000000
core   0: 0x8000534c (0x02d0b233) mulhu   tp, ra, a3
core   0: 3 0x8000534c (0x02d0b233) x 4 0x00000000
core   0: 0x80005350 (0x05b84793) xori    a5, a6, 91
core   0: 3 0x80005350 (0x05b84793) x15 0xf2cbd05b
core   0: 0x80005354 (0x1ffbb193) sltiu   gp, s7, 511
core   0: 3 0x80005354 (0x1ffbb193) x 3 0x00000000
core   0: 0x80005358 (0x1bf981b7) lui     gp, 0x1bf98
core   0: 3 0x80005358 (0x1bf981b7) x 3 0x1bf98000
core   0: 0x8000535c (0x00467863) bgeu    a2, tp, pc + 16
core   0: 3 0x8000535c (0x00467863)
core   0: 0x8000536c (0x021cf063) bgeu    s9, ra, pc + 32
core   0: 3 0x8000536c (0x021cf063)
core   0: 0x8000538c (0x02bf69b3) rem     s3, t5, a1
core   0: 3 0x8000538c (0x02bf69b3) x19 0x5a28f000
core   0: 0x80005390 (0x0051fa63) bgeu    gp, t0, pc + 20
core   0: 3 0x80005390 (0x0051fa63)
core   0: 0x80005394 (0x527d3813) sltiu   a6, s10, 1319
core   0: 3 0x80005394 (0x527d3813) x16 0x00000001
core   0: 0x80005398 (0xb2feaf93) slti    t6, t4, -1233
core   0: 3 0x80005398 (0xb2feaf93) x31 0x00000000
core   0: 0x8000539c (0x0271f5b3) remu    a1, gp, t2
core   0: 3 0x8000539c (0x0271f5b3) x11 0x1bf98000
core   0: 0x800053a0 (0x008db7b3) sltu    a5, s11, s0
core   0: 3 0x800053a0 (0x008db7b3) x15 0x00000000
core   0: 0x800053a4 (0x02172cb3) mulhsu  s9, a4, ra
core   0: 3 0x800053a4 (0x02172cb3) x25 0x00000000
core   0: 0x800053a8 (0x4c148193) addi    gp, s1, 1217
core   0: 3 0x800053a8 (0x4c148193) x 3 0x000004c1
core   0: 0x800053ac (0x03727633) remu    a2, tp, s7
core   0: 3 0x800053ac (0x03727633) x12 0x00000000
core   0: 0x800053b0 (0x03f17a63) bgeu    sp, t6, pc + 52
core   0: 3 0x800053b0 (0x03f17a63)
core   0: 0x800053e4 (0x00000013) nop
core   0: 3 0x800053e4 (0x00000013)
core   0: 0x800053e8 (0xdf576c93) ori     s9, a4, -523
core   0: 3 0x800053e8 (0xdf576c93) x25 0xfffffff5
core   0: 0x800053ec (0x05716663) bltu    sp, s7, pc + 76
core   0: 3 0x800053ec (0x05716663)
core   0: 0x80005438 (0x3fb1ec37) lui     s8, 0x3fb1e
core   0: 3 0x80005438 (0x3fb1ec37) x24 0x3fb1e000
core   0: 0x8000543c (0x00955863) bge     a0, s1, pc + 16
core   0: 3 0x8000543c (0x00955863)
core   0: 0x8000544c (0x01f231b3) sltu    gp, tp, t6
core   0: 3 0x8000544c (0x01f231b3) x 3 0x00000000
core   0: 0x80005450 (0x013577b3) and     a5, a0, s3
core   0: 3 0x80005450 (0x013577b3) x15 0x00000000
core   0: 0x80005454 (0x00d52ab3) slt     s5, a0, a3
core   0: 3 0x80005454 (0x00d52ab3) x21 0x00000000
core   0: 0x80005458 (0x17df0793) addi    a5, t5, 381
core   0: 3 0x80005458 (0x17df0793) x15 0x5a28f17d
core   0: 0x8000545c (0x009c9c63) bne     s9, s1, pc + 24
core   0: 3 0x8000545c (0x009c9c63)
core   0: 0x80005474 (0x00d1ec33) or      s8, gp, a3
core   0: 3 0x80005474 (0x00d1ec33) x24 0x00000000
core   0: 0x80005478 (0x01330533) add     a0, t1, s3
core   0: 3 0x80005478 (0x01330533) x10 0xda2b8fec
core   0: 0x8000547c (0x0106f533) and     a0, a3, a6
core   0: 3 0x8000547c (0x0106f533) x10 0x00000000
core   0: 0x80005480 (0x0386dd33) divu    s10, a3, s8
core   0: 3 0x80005480 (0x0386dd33) x26 0xffffffff
core   0: 0x80005484 (0xd9d70f93) addi    t6, a4, -611
core   0: 3 0x80005484 (0xd9d70f93) x31 0x047ab0cd
core   0: 0x80005488 (0x010b0663) beq     s6, a6, pc + 12
core   0: 3 0x80005488 (0x010b0663)
core   0: 0x8000548c (0x9028c593) xori    a1, a7, -1790
core   0: 3 0x8000548c (0x9028c593) x11 0xfffff902
core   0: 0x80005490 (0x03508263) beq     ra, s5, pc + 36
core   0: 3 0x80005490 (0x03508263)
core   0: 0x80005494 (0x02c67263) bgeu    a2, a2, pc + 36
core   0: 3 0x80005494 (0x02c67263)
core   0: 0x800054b8 (0x019b8ab3) add     s5, s7, s9
core   0: 3 0x800054b8 (0x019b8ab3) x21 0xb549146f
core   0: 0x800054bc (0x0022e263) bltu    t0, sp, pc + 4
core   0: 3 0x800054bc (0x0022e263)
core   0: 0x800054c0 (0x03abda63) bge     s7, s10, pc + 52
core   0: 3 0x800054c0 (0x03abda63)
core   0: 0x800054c4 (0x00eb3233) sltu    tp, s6, a4
core   0: 3 0x800054c4 (0x00eb3233) x 4 0x00000001
core   0: 0x800054c8 (0xe8a74c93) xori    s9, a4, -374
core   0: 3 0x800054c8 (0xe8a74c93) x25 0xfb854dba
core   0: 0x800054cc (0x04fdc863) blt     s11, a5, pc + 80
core   0: 3 0x800054cc (0x04fdc863)
core   0: 0x8000551c (0x0231ddb3) divu    s11, gp, gp
core   0: 3 0x8000551c (0x0231ddb3) x27 0xffffffff
core   0: 0x80005520 (0xe64dc793) xori    a5, s11, -412
core   0: 3 0x80005520 (0xe64dc793) x15 0x0000019b
core   0: 0x80005524 (0x015679b3) and     s3, a2, s5
core   0: 3 0x80005524 (0x015679b3) x19 0x00000000
core   0: 0x80005528 (0x004ce4b3) or      s1, s9, tp
core   0: 3 0x80005528 (0x004ce4b3) x 9 0xfb854dbb
core   0: 0x8000552c (0x56a64e93) xori    t4, a2, 1386
core   0: 3 0x8000552c (0x56a64e93) x29 0x0000056a
core   0: 0x80005530 (0x0254ecb3) rem     s9, s1, t0
core   0: 3 0x80005530 (0x0254ecb3) x25 0xfb854dbb
core   0: 0x80005534 (0x02382733) mulhsu  a4, a6, gp
core   0: 3 0x80005534 (0x02382733) x14 0x00000000
core   0: 0x80005538 (0x00cb1c33) sll     s8, s6, a2
core   0: 3 0x80005538 (0x00cb1c33) x24 0x00000000
core   0: 0x8000553c (0x035311b3) mulh    gp, t1, s5
core   0: 3 0x8000553c (0x035311b3) x 3 0x255ab1ae
core   0: 0x80005540 (0x0163cd33) xor     s10, t2, s6
core   0: 3 0x80005540 (0x0163cd33) x26 0x00000000
core   0: 0x80005544 (0x01f40663) beq     s0, t6, pc + 12
core   0: 3 0x80005544 (0x01f40663)
core   0: 0x80005548 (0x028888b3) mul     a7, a7, s0
core   0: 3 0x80005548 (0x028888b3) x17 0x00000000
core   0: 0x8000554c (0x096ea913) slti    s2, t4, 150
core   0: 3 0x8000554c (0x096ea913) x18 0x00000000
core   0: 0x80005550 (0x4053df33) sra     t5, t2, t0
core   0: 3 0x80005550 (0x4053df33) x30 0x00000000
core   0: 0x80005554 (0x03c19c63) bne     gp, t3, pc + 56
core   0: 3 0x80005554 (0x03c19c63)
core   0: 0x8000558c (0x0308c833) div     a6, a7, a6
core   0: 3 0x8000558c (0x0308c833) x16 0x00000000
core   0: 0x80005590 (0x00b2e433) or      s0, t0, a1
core   0: 3 0x80005590 (0x00b2e433) x 8 0xffffffff
core   0: 0x80005594 (0x01ad1533) sll     a0, s10, s10
core   0: 3 0x80005594 (0x01ad1533) x10 0x00000000
core   0: 0x80005598 (0x002ff863) bgeu    t6, sp, pc + 16
core   0: 3 0x80005598 (0x002ff863)
core   0: 0x8000559c (0x00819b33) sll     s6, gp, s0
core   0: 3 0x8000559c (0x00819b33) x22 0x00000000
core   0: 0x800055a0 (0x41255033) sra     zero, a0, s2
core   0: 3 0x800055a0 (0x41255033)
core   0: 0x800055a4 (0x013e1533) sll     a0, t3, s3
core   0: 3 0x800055a4 (0x013e1533) x10 0x00000000
core   0: 0x800055a8 (0x000288b3) add     a7, t0, zero
core   0: 3 0x800055a8 (0x000288b3) x17 0x80029ffd
core   0: 0x800055ac (0x0279ec33) rem     s8, s3, t2
core   0: 3 0x800055ac (0x0279ec33) x24 0x00000000
core   0: 0x800055b0 (0x01287fb3) and     t6, a6, s2
core   0: 3 0x800055b0 (0x01287fb3) x31 0x00000000
core   0: 0x800055b4 (0x8903b913) sltiu   s2, t2, -1904
core   0: 3 0x800055b4 (0x8903b913) x18 0x00000001
core   0: 0x800055b8 (0x03d57263) bgeu    a0, t4, pc + 36
core   0: 3 0x800055b8 (0x03d57263)
core   0: 0x800055bc (0x013af733) and     a4, s5, s3
core   0: 3 0x800055bc (0x013af733) x14 0x00000000
core   0: 0x800055c0 (0x01aa7a63) bgeu    s4, s10, pc + 20
core   0: 3 0x800055c0 (0x01aa7a63)
core   0: 0x800055d4 (0x00f91093) slli    ra, s2, 15
core   0: 3 0x800055d4 (0x00f91093) x 1 0x00008000
core   0: 0x800055d8 (0x020284b3) mul     s1, t0, zero
core   0: 3 0x800055d8 (0x020284b3) x 9 0x00000000
core   0: 0x800055dc (0x00000013) nop
core   0: 3 0x800055dc (0x00000013)
core   0: 0x800055e0 (0x728af197) auipc   gp, 0x728af
core   0: 3 0x800055e0 (0x728af197) x 3 0xf28b45e0
core   0: 0x800055e4 (0x00061593) slli    a1, a2, 0
core   0: 3 0x800055e4 (0x00061593) x11 0x00000000
core   0: 0x800055e8 (0x051fc263) blt     t6, a7, pc + 68
core   0: 3 0x800055e8 (0x051fc263)
core   0: 0x800055ec (0x829c5517) auipc   a0, 0x829c5
core   0: 3 0x800055ec (0x829c5517) x10 0x029ca5ec
core   0: 0x800055f0 (0x01344263) blt     s0, s3, pc + 4
core   0: 3 0x800055f0 (0x01344263)
core   0: 0x800055f4 (0x01669333) sll     t1, a3, s6
core   0: 3 0x800055f4 (0x01669333) x 6 0x00000000
core   0: 0x800055f8 (0x0248c863) blt     a7, tp, pc + 48
core   0: 3 0x800055f8 (0x0248c863)
core   0: 0x80005628 (0xb2878c93) addi    s9, a5, -1240
core   0: 3 0x80005628 (0xb2878c93) x25 0xfffffcc3
core   0: 0x8000562c (0x005e22b3) slt     t0, t3, t0
core   0: 3 0x8000562c (0x005e22b3) x 5 0x00000000
core   0: 0x80005630 (0x0369d233) divu    tp, s3, s6
core   0: 3 0x80005630 (0x0369d233) x 4 0xffffffff
core   0: 0x80005634 (0x03102d33) mulhsu  s10, zero, a7
core   0: 3 0x80005634 (0x03102d33) x26 0x00000000
core   0: 0x80005638 (0xb01b8893) addi    a7, s7, -1279
core   0: 3 0x80005638 (0xb01b8893) x17 0xb5490f7b
core   0: 0x8000563c (0x41ded3b3) sra     t2, t4, t4
core   0: 3 0x8000563c (0x41ded3b3) x 7 0x00000001
core   0: 0x80005640 (0xf0510d13) addi    s10, sp, -251
core   0: 3 0x80005640 (0xf0510d13) x26 0x80025d69
core   0: 0x80005644 (0x01760833) add     a6, a2, s7
core   0: 3 0x80005644 (0x01760833) x16 0xb549147a
core   0: 0x80005648 (0x02d546b3) div     a3, a0, a3
core   0: 3 0x80005648 (0x02d546b3) x13 0xffffffff
core   0: 0x8000564c (0x02a9bc33) mulhu   s8, s3, a0
core   0: 3 0x8000564c (0x02a9bc33) x24 0x00000000
core   0: 0x80005650 (0x0308a633) mulhsu  a2, a7, a6
core   0: 3 0x80005650 (0x0308a633) x12 0xcb1753cd
core   0: 0x80005654 (0x031714b3) mulh    s1, a4, a7
core   0: 3 0x80005654 (0x031714b3) x 9 0x00000000
core   0: 0x80005658 (0x0274c233) div     tp, s1, t2
core   0: 3 0x80005658 (0x0274c233) x 4 0x00000000
core   0: 0x8000565c (0xd1bc2e93) slti    t4, s8, -741
core   0: 3 0x8000565c (0xd1bc2e93) x29 0x00000000
core   0: 0x80005660 (0x40770033) sub     zero, a4, t2
core   0: 3 0x80005660 (0x40770033)
core   0: 0x80005664 (0x038a8333) mul     t1, s5, s8
core   0: 3 0x80005664 (0x038a8333) x 6 0x00000000
core   0: 0x80005668 (0x01353fb3) sltu    t6, a0, s3
core   0: 3 0x80005668 (0x01353fb3) x31 0x00000000
core   0: 0x8000566c (0x41e383b3) sub     t2, t2, t5
core   0: 3 0x8000566c (0x41e383b3) x 7 0x00000001
core   0: 0x80005670 (0x413b5e93) srai    t4, s6, 19
core   0: 3 0x80005670 (0x413b5e93) x29 0x00000000
core   0: 0x80005674 (0x01e81f33) sll     t5, a6, t5
core   0: 3 0x80005674 (0x01e81f33) x30 0xb549147a
core   0: 0x80005678 (0x00043ab3) sltu    s5, s0, zero
core   0: 3 0x80005678 (0x00043ab3) x21 0x00000000
core   0: 0x8000567c (0x007a5863) bge     s4, t2, pc + 16
core   0: 3 0x8000567c (0x007a5863)
core   0: 0x80005680 (0x4e1515b7) lui     a1, 0x4e151
core   0: 3 0x80005680 (0x4e1515b7) x11 0x4e151000
core   0: 0x80005684 (0x01567b33) and     s6, a2, s5
core   0: 3 0x80005684 (0x01567b33) x22 0x00000000
core   0: 0x80005688 (0x007f33b3) sltu    t2, t5, t2
core   0: 3 0x80005688 (0x007f33b3) x 7 0x00000000
core   0: 0x8000568c (0x410cd0b3) sra     ra, s9, a6
core   0: 3 0x8000568c (0x410cd0b3) x 1 0xffffffff
core   0: 0x80005690 (0x059d0863) beq     s10, s9, pc + 80
core   0: 3 0x80005690 (0x059d0863)
core   0: 0x80005694 (0xfe15c093) xori    ra, a1, -31
core   0: 3 0x80005694 (0xfe15c093) x 1 0xb1eaefe1
core   0: 0x80005698 (0x00426d33) or      s10, tp, tp
core   0: 3 0x80005698 (0x00426d33) x26 0x00000000
core   0: 0x8000569c (0x0202e863) bltu    t0, zero, pc + 48
core   0: 3 0x8000569c (0x0202e863)
core   0: 0x800056a0 (0x20756a93) ori     s5, a0, 519
core   0: 3 0x800056a0 (0x20756a93) x21 0x029ca7ef
core   0: 0x800056a4 (0x00ae85b3) add     a1, t4, a0
core   0: 3 0x800056a4 (0x00ae85b3) x11 0x029ca5ec
core   0: 0x800056a8 (0x00804cb3) xor     s9, zero, s0
core   0: 3 0x800056a8 (0x00804cb3) x25 0xffffffff
core   0: 0x800056ac (0x010cd833) srl     a6, s9, a6
core   0: 3 0x800056ac (0x010cd833) x16 0x0000003f
core   0: 0x800056b0 (0x0129e463) bltu    s3, s2, pc + 8
core   0: 3 0x800056b0 (0x0129e463)
core   0: 0x800056b8 (0x010d0833) add     a6, s10, a6
core   0: 3 0x800056b8 (0x010d0833) x16 0x0000003f
core   0: 0x800056bc (0x00e85863) bge     a6, a4, pc + 16
core   0: 3 0x800056bc (0x00e85863)
core   0: 0x800056cc (0x017badb3) slt     s11, s7, s7
core   0: 3 0x800056cc (0x017badb3) x27 0x00000000
core   0: 0x800056d0 (0x03a007b3) mul     a5, zero, s10
core   0: 3 0x800056d0 (0x03a007b3) x15 0x00000000
core   0: 0x800056d4 (0xa8582313) slti    t1, a6, -1403
core   0: 3 0x800056d4 (0xa8582313) x 6 0x00000000
core   0: 0x800056d8 (0x0017adb3) slt     s11, a5, ra
core   0: 3 0x800056d8 (0x0017adb3) x27 0x00000000
core   0: 0x800056dc (0x8e593813) sltiu   a6, s2, -1819
core   0: 3 0x800056dc (0x8e593813) x16 0x00000001
core   0: 0x800056e0 (0x039afc33) remu    s8, s5, s9
core   0: 3 0x800056e0 (0x039afc33) x24 0x029ca7ef
core   0: 0x800056e4 (0x00a77833) and     a6, a4, a0
core   0: 3 0x800056e4 (0x00a77833) x16 0x00000000
core   0: 0x800056e8 (0x00031c13) slli    s8, t1, 0
core   0: 3 0x800056e8 (0x00031c13) x24 0x00000000
core   0: 0x800056ec (0x0082de13) srli    t3, t0, 8
core   0: 3 0x800056ec (0x0082de13) x28 0x00000000
core   0: 0x800056f0 (0x03378c63) beq     a5, s3, pc + 56
core   0: 3 0x800056f0 (0x03378c63)
core   0: 0x80005728 (0x012c1193) slli    gp, s8, 18
core   0: 3 0x80005728 (0x012c1193) x 3 0x00000000
core   0: 0x8000572c (0x413b5893) srai    a7, s6, 19
core   0: 3 0x8000572c (0x413b5893) x17 0x00000000
core   0: 0x80005730 (0x03bde4b3) rem     s1, s11, s11
core   0: 3 0x80005730 (0x03bde4b3) x 9 0x00000000
core   0: 0x80005734 (0x417050b3) sra     ra, zero, s7
core   0: 3 0x80005734 (0x417050b3) x 1 0x00000000
core   0: 0x80005738 (0x004dc663) blt     s11, tp, pc + 12
core   0: 3 0x80005738 (0x004dc663)
core   0: 0x8000573c (0x01af4263) blt     t5, s10, pc + 4
core   0: 3 0x8000573c (0x01af4263)
core   0: 0x80005740 (0x03ccc733) div     a4, s9, t3
core   0: 3 0x80005740 (0x03ccc733) x14 0xffffffff
core   0: 0x80005744 (0x01975f33) srl     t5, a4, s9
core   0: 3 0x80005744 (0x01975f33) x30 0x00000001
core   0: 0x80005748 (0x0215ad33) mulhsu  s10, a1, ra
core   0: 3 0x80005748 (0x0215ad33) x26 0x00000000
core   0: 0x8000574c (0x2575e813) ori     a6, a1, 599
core   0: 3 0x8000574c (0x2575e813) x16 0x029ca7ff
core   0: 0x80005750 (0x00217d33) and     s10, sp, sp
core   0: 3 0x80005750 (0x00217d33) x26 0x80025e64
core   0: 0x80005754 (0x08fe6893) ori     a7, t3, 143
core   0: 3 0x80005754 (0x08fe6893) x17 0x0000008f
core   0: 0x80005758 (0x00645013) srli    zero, s0, 6
core   0: 3 0x80005758 (0x00645013)
core   0: 0x8000575c (0x025e75b3) remu    a1, t3, t0
core   0: 3 0x8000575c (0x025e75b3) x11 0x00000000
core   0: 0x80005760 (0x7df46093) ori     ra, s0, 2015
core   0: 3 0x80005760 (0x7df46093) x 1 0xffffffff
core   0: 0x80005764 (0x03aa3433) mulhu   s0, s4, s10
core   0: 3 0x80005764 (0x03aa3433) x 8 0x40027daa
core   0: 0x80005768 (0x0377e3b3) rem     t2, a5, s7
core   0: 3 0x80005768 (0x0377e3b3) x 7 0x00000000
core   0: 0x8000576c (0x00b9d913) srli    s2, s3, 11
core   0: 3 0x8000576c (0x00b9d913) x18 0x00000000
core   0: 0x80005770 (0x01e54db3) xor     s11, a0, t5
core   0: 3 0x80005770 (0x01e54db3) x27 0x029ca5ed
core   0: 0x80005774 (0x03a72d33) mulhsu  s10, a4, s10
core   0: 3 0x80005774 (0x03a72d33) x26 0xffffffff
core   0: 0x80005778 (0x019d5f93) srli    t6, s10, 25
core   0: 3 0x80005778 (0x019d5f93) x31 0x0000007f
core   0: 0x8000577c (0x197d8737) lui     a4, 0x197d8
core   0: 3 0x8000577c (0x197d8737) x14 0x197d8000
core   0: 0x80005780 (0xfebc3e93) sltiu   t4, s8, -21
core   0: 3 0x80005780 (0xfebc3e93) x29 0x00000001
core   0: 0x80005784 (0x014f6933) or      s2, t5, s4
core   0: 3 0x80005784 (0x014f6933) x18 0x80029ce5
core   0: 0x80005788 (0x03a9c2b3) div     t0, s3, s10
core   0: 3 0x80005788 (0x03a9c2b3) x 5 0x00000000
core   0: 0x8000578c (0x017d1393) slli    t2, s10, 23
core   0: 3 0x8000578c (0x017d1393) x 7 0xff800000
core   0: 0x80005790 (0x41b752b3) sra     t0, a4, s11
core   0: 3 0x80005790 (0x41b752b3) x 5 0x0000cbec
core   0: 0x80005794 (0x00279cb3) sll     s9, a5, sp
core   0: 3 0x80005794 (0x00279cb3) x25 0x00000000
core   0: 0x80005798 (0x013ba333) slt     t1, s7, s3
core   0: 3 0x80005798 (0x013ba333) x 6 0x00000001
core   0: 0x8000579c (0x406c5d93) srai    s11, s8, 6
core   0: 3 0x8000579c (0x406c5d93) x27 0x00000000
core   0: 0x800057a0 (0x03d4e933) rem     s2, s1, t4
core   0: 3 0x800057a0 (0x03d4e933) x18 0x00000000
core   0: 0x800057a4 (0x27c344b7) lui     s1, 0x27c34
core   0: 3 0x800057a4 (0x27c344b7) x 9 0x27c34000
core   0: 0x800057a8 (0x4100d533) sra     a0, ra, a6
core   0: 3 0x800057a8 (0x4100d533) x10 0xffffffff
core   0: 0x800057ac (0xa1e23c93) sltiu   s9, tp, -1506
core   0: 3 0x800057ac (0xa1e23c93) x25 0x00000001
core   0: 0x800057b0 (0x02ee78b3) remu    a7, t3, a4
core   0: 3 0x800057b0 (0x02ee78b3) x17 0x00000000
core   0: 0x800057b4 (0x03f404b3) mul     s1, s0, t6
core   0: 3 0x800057b4 (0x03f404b3) x 9 0xc13c5756
core   0: 0x800057b8 (0x019c3333) sltu    t1, s8, s9
core   0: 3 0x800057b8 (0x019c3333) x 6 0x00000001
core   0: 0x800057bc (0x004c04b3) add     s1, s8, tp
core   0: 3 0x800057bc (0x004c04b3) x 9 0x00000000
core   0: 0x800057c0 (0x01b07513) andi    a0, zero, 27
core   0: 3 0x800057c0 (0x01b07513) x10 0x00000000
core   0: 0x800057c4 (0x403e58b3) sra     a7, t3, gp
core   0: 3 0x800057c4 (0x403e58b3) x17 0x00000000
core   0: 0x800057c8 (0x8b415d17) auipc   s10, 0x8b415
core   0: 3 0x800057c8 (0x8b415d17) x26 0x0b41a7c8
core   0: 0x800057cc (0x010cd7b3) srl     a5, s9, a6
core   0: 3 0x800057cc (0x010cd7b3) x15 0x00000000
core   0: 0x800057d0 (0xa8a63cb7) lui     s9, 0xa8a63
core   0: 3 0x800057d0 (0xa8a63cb7) x25 0xa8a63000
core   0: 0x800057d4 (0x0395d3b3) divu    t2, a1, s9
core   0: 3 0x800057d4 (0x0395d3b3) x 7 0x00000000
core   0: 0x800057d8 (0x03e86db3) rem     s11, a6, t5
core   0: 3 0x800057d8 (0x03e86db3) x27 0x00000000
core   0: 0x800057dc (0x41805093) srai    ra, zero, 24
core   0: 3 0x800057dc (0x41805093) x 1 0x00000000
core   0: 0x800057e0 (0x03b71b33) mulh    s6, a4, s11
core   0: 3 0x800057e0 (0x03b71b33) x22 0x00000000
core   0: 0x800057e4 (0x03857263) bgeu    a0, s8, pc + 36
core   0: 3 0x800057e4 (0x03857263)
core   0: 0x80005808 (0x0063d313) srli    t1, t2, 6
core   0: 3 0x80005808 (0x0063d313) x 6 0x00000000
core   0: 0x8000580c (0x006d2d33) slt     s10, s10, t1
core   0: 3 0x8000580c (0x006d2d33) x26 0x00000000
core   0: 0x80005810 (0x030052b3) divu    t0, zero, a6
core   0: 3 0x80005810 (0x030052b3) x 5 0x00000000
core   0: 0x80005814 (0x00005e97) auipc   t4, 0x5
core   0: 3 0x80005814 (0x00005e97) x29 0x8000a814
core   0: 0x80005818 (0x1e0e8e93) addi    t4, t4, 480
core   0: 3 0x80005818 (0x1e0e8e93) x29 0x8000a9f4
core   0: 0x8000581c (0x00000013) nop
core   0: 3 0x8000581c (0x00000013)
core   0: 0x80005820 (0x00d21493) slli    s1, tp, 13
core   0: 3 0x80005820 (0x00d21493) x 9 0x00000000
core   0: 0x80005824 (0x03dd2233) mulhsu  tp, s10, t4
core   0: 3 0x80005824 (0x03dd2233) x 4 0x00000000
core   0: 0x80005828 (0x019e2db3) slt     s11, t3, s9
core   0: 3 0x80005828 (0x019e2db3) x27 0x00000000
core   0: 0x8000582c (0x20ce8e93) addi    t4, t4, 524
core   0: 3 0x8000582c (0x20ce8e93) x29 0x8000ac00
core   0: 0x80005830 (0xd808a713) slti    a4, a7, -640
core   0: 3 0x80005830 (0xd808a713) x14 0x00000000
core   0: 0x80005834 (0x03509b33) mulh    s6, ra, s5
core   0: 3 0x80005834 (0x03509b33) x22 0x00000000
core   0: 0x80005838 (0x4064de33) sra     t3, s1, t1
core   0: 3 0x80005838 (0x4064de33) x28 0x00000000
core   0: 0x8000583c (0xdf4e80e7) jalr    ra, t4, -524
core   0: 3 0x8000583c (0xdf4e80e7) x 1 0x80005840
core   0: 0x8000a9f4 (0x0224ccb3) div     s9, s1, sp
core   0: 3 0x8000a9f4 (0x0224ccb3) x25 0x00000000
core   0: 0x8000a9f8 (0x0310d9b3) divu    s3, ra, a7
core   0: 3 0x8000a9f8 (0x0310d9b3) x19 0xffffffff
core   0: 0x8000a9fc (0xfc010113) addi    sp, sp, -64
core   0: 3 0x8000a9fc (0xfc010113) x 2 0x80025e24
core   0: 0x8000aa00 (0x7fdec8b7) lui     a7, 0x7fdec
core   0: 3 0x8000aa00 (0x7fdec8b7) x17 0x7fdec000
core   0: 0x8000aa04 (0x00112223) sw      ra, 4(sp)
core   0: 3 0x8000aa04 (0x00112223) mem 0x80025e28 0x80005840
core   0: 0x8000aa08 (0x0216e633) rem     a2, a3, ra
core   0: 3 0x8000aa08 (0x0216e633) x12 0xffffffff
core   0: 0x8000aa0c (0x00ba7ab3) and     s5, s4, a1
core   0: 3 0x8000aa0c (0x00ba7ab3) x21 0x00000000
core   0: 0x8000aa10 (0x2b173413) sltiu   s0, a4, 689
core   0: 3 0x8000aa10 (0x2b173413) x 8 0x00000001
core   0: 0x8000aa14 (0x00000e17) auipc   t3, 0x0
core   0: 3 0x8000aa14 (0x00000e17) x28 0x8000aa14
core   0: 0x8000aa18 (0xef4e0e13) addi    t3, t3, -268
core   0: 3 0x8000aa18 (0xef4e0e13) x28 0x8000a908
core   0: 0x8000aa1c (0x02f25533) divu    a0, tp, a5
core   0: 3 0x8000aa1c (0x02f25533) x10 0xffffffff
core   0: 0x8000aa20 (0x01aaaeb3) slt     t4, s5, s10
core   0: 3 0x8000aa20 (0x01aaaeb3) x29 0x00000000
core   0: 0x8000aa24 (0x00b55533) srl     a0, a0, a1
core   0: 3 0x8000aa24 (0x00b55533) x10 0xffffffff
core   0: 0x8000aa28 (0x001a1233) sll     tp, s4, ra
core   0: 3 0x8000aa28 (0x001a1233) x 4 0x80029ce4
core   0: 0x8000aa2c (0xcfbe0e13) addi    t3, t3, -773
core   0: 3 0x8000aa2c (0xcfbe0e13) x28 0x8000a603
core   0: 0x8000aa30 (0x014ec463) blt     t4, s4, pc + 8
core   0: 3 0x8000aa30 (0x014ec463)
core   0: 0x8000aa34 (0x02a81233) mulh    tp, a6, a0
core   0: 3 0x8000aa34 (0x02a81233) x 4 0xffffffff
core   0: 0x8000aa38 (0x305e00e7) jalr    ra, t3, 773
core   0: 3 0x8000aa38 (0x305e00e7) x 1 0x8000aa3c
core   0: 0x8000a908 (0x01896a63) bltu    s2, s8, pc + 20
core   0: 3 0x8000a908 (0x01896a63)
core   0: 0x8000a90c (0x01aaa7b3) slt     a5, s5, s10
core   0: 3 0x8000a90c (0x01aaa7b3) x15 0x00000000
core   0: 0x8000a910 (0x52d56c93) ori     s9, a0, 1325
core   0: 3 0x8000a910 (0x52d56c93) x25 0xffffffff
core   0: 0x8000a914 (0x01a05d93) srli    s11, zero, 26
core   0: 3 0x8000a914 (0x01a05d93) x27 0x00000000
core   0: 0x8000a918 (0x00935993) srli    s3, t1, 9
core   0: 3 0x8000a918 (0x00935993) x19 0x00000000
core   0: 0x8000a91c (0xfec10113) addi    sp, sp, -20
core   0: 3 0x8000a91c (0xfec10113) x 2 0x80025e10
core   0: 0x8000a920 (0x00112223) sw      ra, 4(sp)
core   0: 3 0x8000a920 (0x00112223) mem 0x80025e14 0x8000aa3c
core   0: 0x8000a924 (0x02d9a8b3) mulhsu  a7, s3, a3
core   0: 3 0x8000a924 (0x02d9a8b3) x17 0x00000000
core   0: 0x8000a928 (0x00129f13) slli    t5, t0, 1
core   0: 3 0x8000a928 (0x00129f13) x30 0x00000000
core   0: 0x8000a92c (0x8e0c33b7) lui     t2, 0x8e0c3
core   0: 3 0x8000a92c (0x8e0c33b7) x 7 0x8e0c3000
core   0: 0x8000a930 (0x03a74933) div     s2, a4, s10
core   0: 3 0x8000a930 (0x03a74933) x18 0xffffffff
core   0: 0x8000a934 (0x00000217) auipc   tp, 0x0
core   0: 3 0x8000a934 (0x00000217) x 4 0x8000a934
core   0: 0x8000a938 (0xd8820213) addi    tp, tp, -632
core   0: 3 0x8000a938 (0xd8820213) x 4 0x8000a6bc
core   0: 0x8000a93c (0x8f64cf93) xori    t6, s1, -1802
core   0: 3 0x8000a93c (0x8f64cf93) x31 0xfffff8f6
core   0: 0x8000a940 (0x03a20633) mul     a2, tp, s10
core   0: 3 0x8000a940 (0x03a20633) x12 0x00000000
core   0: 0x8000a944 (0x00c3d713) srli    a4, t2, 12
core   0: 3 0x8000a944 (0x00c3d713) x14 0x0008e0c3
core   0: 0x8000a948 (0x03988fb3) mul     t6, a7, s9
core   0: 3 0x8000a948 (0x03988fb3) x31 0x00000000
core   0: 0x8000a94c (0xe6120213) addi    tp, tp, -415
core   0: 3 0x8000a94c (0xe6120213) x 4 0x8000a51d
core   0: 0x8000a950 (0x0331fe33) remu    t3, gp, s3
core   0: 3 0x8000a950 (0x0331fe33) x28 0x00000000
core   0: 0x8000a954 (0x1a0200e7) jalr    ra, tp, 416
core   0: 3 0x8000a954 (0x1a0200e7) x 1 0x8000a958
core   0: 0x8000a6bc (0xfd810113) addi    sp, sp, -40
core   0: 3 0x8000a6bc (0xfd810113) x 2 0x80025de8
core   0: 0x8000a6c0 (0x00112223) sw      ra, 4(sp)
core   0: 3 0x8000a6c0 (0x00112223) mem 0x80025dec 0x8000a958
core   0: 0x8000a6c4 (0xd4284513) xori    a0, a6, -702
core   0: 3 0x8000a6c4 (0xd4284513) x10 0xfd635abd
core   0: 0x8000a6c8 (0xc2bae917) auipc   s2, 0xc2bae
core   0: 3 0x8000a6c8 (0xc2bae917) x18 0x42bb86c8
core   0: 0x8000a6cc (0x02d03c33) mulhu   s8, zero, a3
core   0: 3 0x8000a6cc (0x02d03c33) x24 0x00000000
core   0: 0x8000a6d0 (0x0171e3b3) or      t2, gp, s7
core   0: 3 0x8000a6d0 (0x0171e3b3) x 7 0xb549147a
core   0: 0x8000a6d4 (0x028b1fb3) mulh    t6, s6, s0
core   0: 3 0x8000a6d4 (0x028b1fb3) x31 0x00000000
core   0: 0x8000a6d8 (0x018adf13) srli    t5, s5, 24
core   0: 3 0x8000a6d8 (0x018adf13) x30 0x00000000
core   0: 0x8000a6dc (0x006a6a63) bltu    s4, t1, pc + 20
core   0: 3 0x8000a6dc (0x006a6a63)
core   0: 0x8000a6e0 (0xd6a88013) addi    zero, a7, -662
core   0: 3 0x8000a6e0 (0xd6a88013)
core   0: 0x8000a6e4 (0x0375a833) mulhsu  a6, a1, s7
core   0: 3 0x8000a6e4 (0x0375a833) x16 0x00000000
core   0: 0x8000a6e8 (0x414bdf93) srai    t6, s7, 20
core   0: 3 0x8000a6e8 (0x414bdf93) x31 0xfffffb54
core   0: 0x8000a6ec (0x02d9a333) mulhsu  t1, s3, a3
core   0: 3 0x8000a6ec (0x02d9a333) x 6 0x00000000
core   0: 0x8000a6f0 (0xab4fe0ef) jal     pc - 0x1d4c
core   0: 3 0x8000a6f0 (0xab4fe0ef) x 1 0x8000a6f4
core   0: 0x800089a4 (0x57e3fc13) andi    s8, t2, 1406
core   0: 3 0x800089a4 (0x57e3fc13) x24 0x0000047a
core   0: 0x800089a8 (0x014b8263) beq     s7, s4, pc + 4
core   0: 3 0x800089a8 (0x014b8263)
core   0: 0x800089ac (0xfc410113) addi    sp, sp, -60
core   0: 3 0x800089ac (0xfc410113) x 2 0x80025dac
core   0: 0x800089b0 (0x95ab3313) sltiu   t1, s6, -1702
core   0: 3 0x800089b0 (0x95ab3313) x 6 0x00000001
core   0: 0x800089b4 (0x030d5433) divu    s0, s10, a6
core   0: 3 0x800089b4 (0x030d5433) x 8 0xffffffff
core   0: 0x800089b8 (0x00000013) nop
core   0: 3 0x800089b8 (0x00000013)
core   0: 0x800089bc (0x00152833) slt     a6, a0, ra
core   0: 3 0x800089bc (0x00152833) x16 0x00000000
core   0: 0x800089c0 (0x00112223) sw      ra, 4(sp)
core   0: 3 0x800089c0 (0x00112223) mem 0x80025db0 0x8000a6f4
core   0: 0x800089c4 (0x00bc5f13) srli    t5, s8, 11
core   0: 3 0x800089c4 (0x00bc5f13) x30 0x00000000
core   0: 0x800089c8 (0x41ba5d33) sra     s10, s4, s11
core   0: 3 0x800089c8 (0x41ba5d33) x26 0x80029ce4
core   0: 0x800089cc (0x01c7e5b3) or      a1, a5, t3
core   0: 3 0x800089cc (0x01c7e5b3) x11 0x00000000
core   0: 0x800089d0 (0x59c8c193) xori    gp, a7, 1436
core   0: 3 0x800089d0 (0x59c8c193) x 3 0x0000059c
core   0: 0x800089d4 (0x02ca6ab3) rem     s5, s4, a2
core   0: 3 0x800089d4 (0x02ca6ab3) x21 0x80029ce4
core   0: 0x800089d8 (0x0199d793) srli    a5, s3, 25
core   0: 3 0x800089d8 (0x0199d793) x15 0x00000000
core   0: 0x800089dc (0x00003617) auipc   a2, 0x3
core   0: 3 0x800089dc (0x00003617) x12 0x8000b9dc
core   0: 0x800089e0 (0xf2460613) addi    a2, a2, -220
core   0: 3 0x800089e0 (0xf2460613) x12 0x8000b900
core   0: 0x800089e4 (0x41f9da93) srai    s5, s3, 31
core   0: 3 0x800089e4 (0x41f9da93) x21 0x00000000
core   0: 0x800089e8 (0x8d915217) auipc   tp, 0x8d915
core   0: 3 0x800089e8 (0x8d915217) x 4 0x0d91d9e8
core   0: 0x800089ec (0x00114233) xor     tp, sp, ra
core   0: 3 0x800089ec (0x00114233) x 4 0x0002fb58
core   0: 0x800089f0 (0x19660613) addi    a2, a2, 406
core   0: 3 0x800089f0 (0x19660613) x12 0x8000ba96
core   0: 0x800089f4 (0x0345e8b3) rem     a7, a1, s4
core   0: 3 0x800089f4 (0x0345e8b3) x17 0x00000000
core   0: 0x800089f8 (0xe6b600e7) jalr    ra, a2, -405
core   0: 3 0x800089f8 (0xe6b600e7) x 1 0x800089fc
core   0: 0x8000b900 (0x0056c463) blt     a3, t0, pc + 8
core   0: 3 0x8000b900 (0x0056c463)
core   0: 0x8000b908 (0xff810113) addi    sp, sp, -8
core   0: 3 0x8000b908 (0xff810113) x 2 0x80025da4
core   0: 0x8000b90c (0x00ca3cb3) sltu    s9, s4, a2
core   0: 3 0x8000b90c (0x00ca3cb3) x25 0x00000000
core   0: 0x8000b910 (0x00112223) sw      ra, 4(sp)
core   0: 3 0x8000b910 (0x00112223) mem 0x80025da8 0x800089fc
core   0: 0x8000b914 (0x03c7c433) div     s0, a5, t3
core   0: 3 0x8000b914 (0x03c7c433) x 8 0xffffffff
core   0: 0x8000b918 (0xfffff997) auipc   s3, 0xfffff
core   0: 3 0x8000b918 (0xfffff997) x19 0x8000a918
core   0: 0x8000b91c (0x24898993) addi    s3, s3, 584
core   0: 3 0x8000b91c (0x24898993) x19 0x8000ab60
core   0: 0x8000b920 (0x00d22d33) slt     s10, tp, a3
core   0: 3 0x8000b920 (0x00d22d33) x26 0x00000000
core   0: 0x8000b924 (0x011f9713) slli    a4, t6, 17
core   0: 3 0x8000b924 (0x011f9713) x14 0xf6a80000
core   0: 0x8000b928 (0x03d64eb3) div     t4, a2, t4
core   0: 3 0x8000b928 (0x03d64eb3) x29 0xffffffff
core   0: 0x8000b92c (0xd8198993) addi    s3, s3, -639
core   0: 3 0x8000b92c (0xd8198993) x19 0x8000a8e1
core   0: 0x8000b930 (0xc9e44393) xori    t2, s0, -866
core   0: 3 0x8000b930 (0xc9e44393) x 7 0x00000361
core   0: 0x8000b934 (0x02ddb8b3) mulhu   a7, s11, a3
core   0: 3 0x8000b934 (0x02ddb8b3) x17 0x00000000
core   0: 0x8000b938 (0x03946533) rem     a0, s0, s9
core   0: 3 0x8000b938 (0x03946533) x10 0xffffffff
core   0: 0x8000b93c (0x27f980e7) jalr    ra, s3, 639
core   0: 3 0x8000b93c (0x27f980e7) x 1 0x8000b940
core   0: 0x8000ab60 (0xfd410113) addi    sp, sp, -44
core   0: 3 0x8000ab60 (0xfd410113) x 2 0x80025d78
core   0: 0x8000ab64 (0xcb6e3437) lui     s0, 0xcb6e3
core   0: 3 0x8000ab64 (0xcb6e3437) x 8 0xcb6e3000
core   0: 0x8000ab68 (0x8bce4e13) xori    t3, t3, -1860
core   0: 3 0x8000ab68 (0x8bce4e13) x28 0xfffff8bc
core   0: 0x8000ab6c (0x41c28333) sub     t1, t0, t3
core   0: 3 0x8000ab6c (0x41c28333) x 6 0x00000744
core   0: 0x8000ab70 (0x01036b33) or      s6, t1, a6
core   0: 3 0x8000ab70 (0x01036b33) x22 0x00000744
core   0: 0x8000ab74 (0x00112223) sw      ra, 4(sp)
core   0: 3 0x8000ab74 (0x00112223) mem 0x80025d7c 0x8000b940
core   0: 0x8000ab78 (0x02845533) divu    a0, s0, s0
core   0: 3 0x8000ab78 (0x02845533) x10 0x00000001
core   0: 0x8000ab7c (0x01daf5b3) and     a1, s5, t4
core   0: 3 0x8000ab7c (0x01daf5b3) x11 0x00000000
core   0: 0x8000ab80 (0x00006d97) auipc   s11, 0x6
core   0: 3 0x8000ab80 (0x00006d97) x27 0x80010b80
core   0: 0x8000ab84 (0x818d8d93) addi    s11, s11, -2024
core   0: 3 0x8000ab84 (0x818d8d93) x27 0x80010398
core   0: 0x8000ab88 (0xfb8d9283) lh      t0, -72(s11)
core   0: 3 0x8000ab88 (0xfb8d9283) x 5 0xffffa4d7 mem 0x80010350
core   0: 0x8000ab8c (0x00ef9b13) slli    s6, t6, 14
core   0: 3 0x8000ab8c (0x00ef9b13) x22 0xfed50000
core   0: 0x8000ab90 (0x000e3233) sltu    tp, t3, zero
core   0: 3 0x8000ab90 (0x000e3233) x 4 0x00000000
core   0: 0x8000ab94 (0x0f7dc283) lbu     t0, 247(s11)
core   0: 3 0x8000ab94 (0x0f7dc283) x 5 0x00000019 mem 0x8001048f
core   0: 0x8000ab98 (0xf9fd81a3) sb      t6, -125(s11)
core   0: 3 0x8000ab98 (0xf9fd81a3) mem 0x8001031b 0x54
core   0: 0x8000ab9c (0x41245233) sra     tp, s0, s2
core   0: 3 0x8000ab9c (0x41245233) x 4 0xffcb6e30
core   0: 0x8000aba0 (0x0e1d8e23) sb      ra, 252(s11)
core   0: 3 0x8000aba0 (0x0e1d8e23) mem 0x80010494 0x40
core   0: 0x8000aba4 (0xe2a2ed13) ori     s10, t0, -470
core   0: 3 0x8000aba4 (0xe2a2ed13) x26 0xfffffe3b
core   0: 0x8000aba8 (0x02cd9003) lh      zero, 44(s11)
core   0: 3 0x8000aba8 (0x02cd9003) mem 0x800103c4
core   0: 0x8000abac (0x0d5d8723) sb      s5, 206(s11)
core   0: 3 0x8000abac (0x0d5d8723) mem 0x80010466 0x0
core   0: 0x8000abb0 (0xf04dc583) lbu     a1, -252(s11)
core   0: 3 0x8000abb0 (0xf04dc583) x11 0x000000ff mem 0x8001029c
core   0: 0x8000abb4 (0x808cb1b7) lui     gp, 0x808cb
core   0: 3 0x8000abb4 (0x808cb1b7) x 3 0x808cb000
core   0: 0x8000abb8 (0xf7dd8583) lb      a1, -131(s11)
core   0: 3 0x8000abb8 (0xf7dd8583) x11 0x00000030 mem 0x80010315
core   0: 0x8000abbc (0xd2077893) andi    a7, a4, -736
core   0: 3 0x8000abbc (0xd2077893) x17 0xf6a80000
core   0: 0x8000abc0 (0x00d39333) sll     t1, t2, a3
core   0: 3 0x8000abc0 (0x00d39333) x 6 0x80000000
core   0: 0x8000abc4 (0xad573f13) sltiu   t5, a4, -1323
core   0: 3 0x8000abc4 (0xad573f13) x30 0x00000001
core   0: 0x8000abc8 (0x031d8603) lb      a2, 49(s11)
core   0: 3 0x8000abc8 (0x031d8603) x12 0x0000002a mem 0x800103c9
core   0: 0x8000abcc (0x030d8523) sb      a6, 42(s11)
core   0: 3 0x8000abcc (0x030d8523) mem 0x800103c2 0x0
core   0: 0x8000abd0 (0xfbddc703) lbu     a4, -67(s11)
core   0: 3 0x8000abd0 (0xfbddc703) x14 0x000000b3 mem 0x80010355
core   0: 0x8000abd4 (0x02d2f3b3) remu    t2, t0, a3
core   0: 3 0x8000abd4 (0x02d2f3b3) x 7 0x00000019
core   0: 0x8000abd8 (0x0efdcd03) lbu     s10, 239(s11)
core   0: 3 0x8000abd8 (0x0efdcd03) x26 0x000000e8 mem 0x80010487
core   0: 0x8000abdc (0xf12ddf03) lhu     t5, -238(s11)
core   0: 3 0x8000abdc (0xf12ddf03) x30 0x0000955a mem 0x800102aa
core   0: 0x8000abe0 (0xfaed8803) lb      a6, -82(s11)
core   0: 3 0x8000abe0 (0xfaed8803) x16 0x00000073 mem 0x80010346
core   0: 0x8000abe4 (0xf71dc683) lbu     a3, -143(s11)
core   0: 3 0x8000abe4 (0xf71dc683) x13 0x00000064 mem 0x80010309
core   0: 0x8000abe8 (0xf38dda83) lhu     s5, -200(s11)
core   0: 3 0x8000abe8 (0xf38dda83) x21 0x00006bf6 mem 0x800102d0
core   0: 0x8000abec (0xfe3d9b23) sh      gp, -10(s11)
core   0: 3 0x8000abec (0xfe3d9b23) mem 0x8001038e 0xb000
core   0: 0x8000abf0 (0x020d3633) mulhu   a2, s10, zero
core   0: 3 0x8000abf0 (0x020d3633) x12 0x00000000
core   0: 0x8000abf4 (0xf32d8523) sb      s2, -214(s11)
core   0: 3 0x8000abf4 (0xf32d8523) mem 0x800102c2 0xc8
core   0: 0x8000abf8 (0x000d9623) sh      zero, 12(s11)
core   0: 3 0x8000abf8 (0x000d9623) mem 0x800103a4 0x0000
core   0: 0x8000abfc (0xfb7d8e83) lb      t4, -73(s11)
core   0: 3 0x8000abfc (0xfb7d8e83) x29 0x0000000d mem 0x8001034f
core   0: 0x8000ac00 (0x015ade33) srl     t3, s5, s5
core   0: 3 0x8000ac00 (0x015ade33) x28 0x00000000
core   0: 0x8000ac04 (0x001aa1b3) slt     gp, s5, ra
core   0: 3 0x8000ac04 (0x001aa1b3) x 3 0x00000000
core   0: 0x8000ac08 (0x4020d5b3) sra     a1, ra, sp
core   0: 3 0x8000ac08 (0x4020d5b3) x11 0xffffff80
core   0: 0x8000ac0c (0x0d1d88a3) sb      a7, 209(s11)
core   0: 3 0x8000ac0c (0x0d1d88a3) mem 0x80010469 0x0
core   0: 0x8000ac10 (0xf13d84a3) sb      s3, -247(s11)
core   0: 3 0x8000ac10 (0xf13d84a3) mem 0x800102a1 0xe1
core   0: 0x8000ac14 (0x02d2ef33) rem     t5, t0, a3
core   0: 3 0x8000ac14 (0x02d2ef33) x30 0x00000019
core   0: 0x8000ac18 (0xfa7d8803) lb      a6, -89(s11)
core   0: 3 0x8000ac18 (0xfa7d8803) x16 0x00000013 mem 0x8001033f
core   0: 0x8000ac1c (0x3b1bc813) xori    a6, s7, 945
core   0: 3 0x8000ac1c (0x3b1bc813) x16 0xb54917cb
core   0: 0x8000ac20 (0x059d8723) sb      s9, 78(s11)
core   0: 3 0x8000ac20 (0x059d8723) mem 0x800103e6 0x0
core   0: 0x8000ac24 (0x061dc483) lbu     s1, 97(s11)
core   0: 3 0x8000ac24 (0x061dc483) x 9 0x000000c3 mem 0x800103f9
core   0: 0x8000ac28 (0x00f41033) sll     zero, s0, a5
core   0: 3 0x8000ac28 (0x00f41033)
core   0: 0x8000ac2c (0xf78d9003) lh      zero, -136(s11)
core   0: 3 0x8000ac2c (0xf78d9003) mem 0x80010310
core   0: 0x8000ac30 (0x004d9a23) sh      tp, 20(s11)
core   0: 3 0x8000ac30 (0x004d9a23) mem 0x800103ac 0x6e30
core   0: 0x8000ac34 (0x03a240b3) div     ra, tp, s10
core   0: 3 0x8000ac34 (0x03a240b3) x 1 0xffffc5fe
core   0: 0x8000ac38 (0x407c5233) sra     tp, s8, t2
core   0: 3 0x8000ac38 (0x407c5233) x 4 0x00000000
core   0: 0x8000ac3c (0x0b3d8183) lb      gp, 179(s11)
core   0: 3 0x8000ac3c (0x0b3d8183) x 3 0x00000000 mem 0x8001044b
core   0: 0x8000ac40 (0x00e925b3) slt     a1, s2, a4
core   0: 3 0x8000ac40 (0x00e925b3) x11 0x00000000
core   0: 0x8000ac44 (0xf1fd8283) lb      t0, -225(s11)
core   0: 3 0x8000ac44 (0xf1fd8283) x 5 0xffffffc3 mem 0x800102b7
core   0: 0x8000ac48 (0x00005817) auipc   a6, 0x5
core   0: 3 0x8000ac48 (0x00005817) x16 0x8000fc48
core   0: 0x8000ac4c (0x72380813) addi    a6, a6, 1827
core   0: 3 0x8000ac4c (0x72380813) x16 0x8001036b
core   0: 0x8000ac50 (0x006e8fb3) add     t6, t4, t1
core   0: 3 0x8000ac50 (0x006e8fb3) x31 0x8000000d
core   0: 0x8000ac54 (0x03f85e83) lhu     t4, 63(a6)
core   0: 3 0x8000ac54 (0x03f85e83) x29 0x0000d3b7 mem 0x800103aa
core   0: 0x8000ac58 (0x01ae4f33) xor     t5, t3, s10
core   0: 3 0x8000ac58 (0x01ae4f33) x30 0x000000e8
core   0: 0x8000ac5c (0x02880f03) lb      t5, 40(a6)
core   0: 3 0x8000ac5c (0x02880f03) x30 0x0000002a mem 0x80010393
core   0: 0x8000ac60 (0x41d3d333) sra     t1, t2, t4
core   0: 3 0x8000ac60 (0x41d3d333) x 6 0x00000000
core   0: 0x8000ac64 (0xfec80423) sb      a2, -24(a6)
core   0: 3 0x8000ac64 (0xfec80423) mem 0x80010353 0x0
core   0: 0x8000ac68 (0x02880603) lb      a2, 40(a6)
core   0: 3 0x8000ac68 (0x02880603) x12 0x0000002a mem 0x80010393
core   0: 0x8000ac6c (0x00089a93) slli    s5, a7, 0
core   0: 3 0x8000ac6c (0x00089a93) x21 0xf6a80000
core   0: 0x8000ac70 (0xfd385303) lhu     t1, -45(a6)
core   0: 3 0x8000ac70 (0xfd385303) x 6 0x000013aa mem 0x8001033e
core   0: 0x8000ac74 (0x00b80b23) sb      a1, 22(a6)
core   0: 3 0x8000ac74 (0x00b80b23) mem 0x80010381 0x0
core   0: 0x8000ac78 (0x03185b03) lhu     s6, 49(a6)
core   0: 3 0x8000ac78 (0x03185b03) x22 0x00003385 mem 0x8001039c
core   0: 0x8000ac7c (0xfc680823) sb      t1, -48(a6)
core   0: 3 0x8000ac7c (0xfc680823) mem 0x8001033b 0xaa
core   0: 0x8000ac80 (0x87f5ff13) andi    t5, a1, -1921
core   0: 3 0x8000ac80 (0x87f5ff13) x30 0x00000000
core   0: 0x8000ac84 (0xff785503) lhu     a0, -9(a6)
core   0: 3 0x8000ac84 (0xff785503) x10 0x0000aa1f mem 0x80010362
core   0: 0x8000ac88 (0x00000013) nop
core   0: 3 0x8000ac88 (0x00000013)
core   0: 0x8000ac8c (0x00efac33) slt     s8, t6, a4
core   0: 3 0x8000ac8c (0x00efac33) x24 0x00000001
core   0: 0x8000ac90 (0xfe680c23) sb      t1, -8(a6)
core   0: 3 0x8000ac90 (0xfe680c23) mem 0x80010363 0xaa
core   0: 0x8000ac94 (0x96bc87b7) lui     a5, 0x96bc8
core   0: 3 0x8000ac94 (0x96bc87b7) x15 0x96bc8000
core   0: 0x8000ac98 (0x00984d03) lbu     s10, 9(a6)
core   0: 3 0x8000ac98 (0x00984d03) x26 0x00000063 mem 0x80010374
core   0: 0x8000ac9c (0x40be0913) addi    s2, t3, 1035
core   0: 3 0x8000ac9c (0x40be0913) x18 0x0000040b
core   0: 0x8000aca0 (0x01b636b3) sltu    a3, a2, s11
core   0: 3 0x8000aca0 (0x01b636b3) x13 0x00000001
core   0: 0x8000aca4 (0x003e6033) or      zero, t3, gp
core   0: 3 0x8000aca4 (0x003e6033)
core   0: 0x8000aca8 (0x67f3f593) andi    a1, t2, 1663
core   0: 3 0x8000aca8 (0x67f3f593) x11 0x00000019
core   0: 0x8000acac (0xfc381483) lh      s1, -61(a6)
core   0: 3 0x8000acac (0xfc381483) x 9 0x0000473a mem 0x8001032e
core   0: 0x8000acb0 (0x03276433) rem     s0, a4, s2
core   0: 3 0x8000acb0 (0x03276433) x 8 0x000000b3
core   0: 0x8000acb4 (0x03a80283) lb      t0, 58(a6)
core   0: 3 0x8000acb4 (0x03a80283) x 5 0x00000000 mem 0x800103a5
core   0: 0x8000acb8 (0x02c80283) lb      t0, 44(a6)
core   0: 3 0x8000acb8 (0x02c80283) x 5 0xfffffff2 mem 0x80010397
core   0: 0x8000acbc (0x5d7b2e13) slti    t3, s6, 1495
core   0: 3 0x8000acbc (0x5d7b2e13) x28 0x00000000
core   0: 0x8000acc0 (0xfed80e23) sb      a3, -4(a6)
core   0: 3 0x8000acc0 (0xfed80e23) mem 0x80010367 0x1
core   0: 0x8000acc4 (0x0174b8b3) sltu    a7, s1, s7
core   0: 3 0x8000acc4 (0x0174b8b3) x17 0x00000001
core   0: 0x8000acc8 (0xfd880323) sb      s8, -58(a6)
core   0: 3 0x8000acc8 (0xfd880323) mem 0x80010331 0x1
core   0: 0x8000accc (0x016a4e33) xor     t3, s4, s6
core   0: 3 0x8000accc (0x016a4e33) x28 0x8002af61
core   0: 0x8000acd0 (0x033cbc33) mulhu   s8, s9, s3
core   0: 3 0x8000acd0 (0x033cbc33) x24 0x00000000
core   0: 0x8000acd4 (0xfdc80283) lb      t0, -36(a6)
core   0: 3 0x8000acd4 (0xfdc80283) x 5 0xffffffdc mem 0x80010347
core   0: 0x8000acd8 (0xfeb80403) lb      s0, -21(a6)
core   0: 3 0x8000acd8 (0xfeb80403) x 8 0xffffff8b mem 0x80010356
core   0: 0x8000acdc (0xfe384a83) lbu     s5, -29(a6)
core   0: 3 0x8000acdc (0xfe384a83) x21 0x000000c5 mem 0x8001034e
core   0: 0x8000ace0 (0x02484b03) lbu     s6, 36(a6)
core   0: 3 0x8000ace0 (0x02484b03) x22 0x000000b0 mem 0x8001038f
core   0: 0x8000ace4 (0xfd582e03) lw      t3, -43(a6)
core   0: 3 0x8000ace4 (0xfd582e03) x28 0xf52b483c mem 0x80010340
core   0: 0x8000ace8 (0x00006e17) auipc   t3, 0x6
core   0: 3 0x8000ace8 (0x00006e17) x28 0x80010ce8
core   0: 0x8000acec (0x22de0e13) addi    t3, t3, 557
core   0: 3 0x8000acec (0x22de0e13) x28 0x80010f15
core   0: 0x8000acf0 (0xfeee4a83) lbu     s5, -18(t3)
core   0: 3 0x8000acf0 (0xfeee4a83) x21 0x000000df mem 0x80010f03
core   0: 0x8000acf4 (0x036e4003) lbu     zero, 54(t3)
core   0: 3 0x8000acf4 (0x036e4003) mem 0x80010f4b
core   0: 0x8000acf8 (0xffce0383) lb      t2, -4(t3)
core   0: 3 0x8000acf8 (0xffce0383) x 7 0x00000000 mem 0x80010f11
core   0: 0x8000acfc (0x035e1a83) lh      s5, 53(t3)
core   0: 3 0x8000acfc (0x035e1a83) x21 0xffffb0b1 mem 0x80010f4a
core   0: 0x8000ad00 (0xfd6e4383) lbu     t2, -42(t3)
core   0: 3 0x8000ad00 (0xfd6e4383) x 7 0x000000fe mem 0x80010eeb
core   0: 0x8000ad04 (0x00a32b33) slt     s6, t1, a0
core   0: 3 0x8000ad04 (0x00a32b33) x22 0x00000001
core   0: 0x8000ad08 (0x026e4683) lbu     a3, 38(t3)
core   0: 3 0x8000ad08 (0x026e4683) x13 0x00000063 mem 0x80010f3b
core   0: 0x8000ad0c (0x0302b033) mulhu   zero, t0, a6
core   0: 3 0x8000ad0c (0x0302b033)
core   0: 0x8000ad10 (0xfc1e0b23) sb      ra, -42(t3)
core   0: 3 0x8000ad10 (0xfc1e0b23) mem 0x80010eeb 0xfe
core   0: 0x8000ad14 (0xbce7b693) sltiu   a3, a5, -1074
core   0: 3 0x8000ad14 (0xbce7b693) x13 0x00000001
core   0: 0x8000ad18 (0xfc8e4d83) lbu     s11, -56(t3)
core   0: 3 0x8000ad18 (0xfc8e4d83) x27 0x00000020 mem 0x80010edd
core   0: 0x8000ad1c (0x019148b3) xor     a7, sp, s9
core   0: 3 0x8000ad1c (0x019148b3) x17 0x80025d78
core   0: 0x8000ad20 (0xfe0e2da3) sw      zero, -5(t3)
core   0: 3 0x8000ad20 (0xfe0e2da3) mem 0x80010f10 0x00000000
core   0: 0x8000ad24 (0x01739793) slli    a5, t2, 23
core   0: 3 0x8000ad24 (0x01739793) x15 0x7f000000
core   0: 0x8000ad28 (0xfc5e4483) lbu     s1, -59(t3)
core   0: 3 0x8000ad28 (0xfc5e4483) x 9 0x0000004f mem 0x80010eda
core   0: 0x8000ad2c (0xfcce0a83) lb      s5, -52(t3)
core   0: 3 0x8000ad2c (0xfcce0a83) x21 0xffffffc1 mem 0x80010ee1
core   0: 0x8000ad30 (0xfe2e1ba3) sh      sp, -9(t3)
core   0: 3 0x8000ad30 (0xfe2e1ba3) mem 0x80010f0c 0x5d78
core   0: 0x8000ad34 (0x01f7d733) srl     a4, a5, t6
core   0: 3 0x8000ad34 (0x01f7d733) x14 0x0003f800
core   0: 0x8000ad38 (0x001e2ba3) sw      ra, 23(t3)
core   0: 3 0x8000ad38 (0x001e2ba3) mem 0x80010f2c 0xffffc5fe
core   0: 0x8000ad3c (0x022e4003) lbu     zero, 34(t3)
core   0: 3 0x8000ad3c (0x022e4003) mem 0x80010f37
core   0: 0x8000ad40 (0x033e2d83) lw      s11, 51(t3)
core   0: 3 0x8000ad40 (0x033e2d83) x27 0xb0b1d874 mem 0x80010f48
core   0: 0x8000ad44 (0x022e0f03) lb      t5, 34(t3)
core   0: 3 0x8000ad44 (0x022e0f03) x30 0xffffffa1 mem 0x80010f37
core   0: 0x8000ad48 (0x03ae4203) lbu     tp, 58(t3)
core   0: 3 0x8000ad48 (0x03ae4203) x 4 0x00000035 mem 0x80010f4f
core   0: 0x8000ad4c (0x03f2fc33) remu    s8, t0, t6
core   0: 3 0x8000ad4c (0x03f2fc33) x24 0x7fffffcf
core   0: 0x8000ad50 (0x03fe0883) lb      a7, 63(t3)
core   0: 3 0x8000ad50 (0x03fe0883) x17 0xffffffdb mem 0x80010f54
core   0: 0x8000ad54 (0xfe2e0f03) lb      t5, -30(t3)
core   0: 3 0x8000ad54 (0xfe2e0f03) x30 0xffffffde mem 0x80010ef7
core   0: 0x8000ad58 (0x03fe5c83) lhu     s9, 63(t3)
core   0: 3 0x8000ad58 (0x03fe5c83) x25 0x000094db mem 0x80010f54
core   0: 0x8000ad5c (0x0306b833) mulhu   a6, a3, a6
core   0: 3 0x8000ad5c (0x0306b833) x16 0x00000000
core   0: 0x8000ad60 (0x03ee0383) lb      t2, 62(t3)
core   0: 3 0x8000ad60 (0x03ee0383) x 7 0x00000019 mem 0x80010f53
core   0: 0x8000ad64 (0x01571633) sll     a2, a4, s5
core   0: 3 0x8000ad64 (0x01571633) x12 0x0007f000
core   0: 0x8000ad68 (0x2340a793) slti    a5, ra, 564
core   0: 3 0x8000ad68 (0x2340a793) x15 0x00000001
core   0: 0x8000ad6c (0x0282cdb3) div     s11, t0, s0
core   0: 3 0x8000ad6c (0x0282cdb3) x27 0x00000000
core   0: 0x8000ad70 (0x0123b233) sltu    tp, t2, s2
core   0: 3 0x8000ad70 (0x0123b233) x 4 0x00000001
core   0: 0x8000ad74 (0x00ee4c03) lbu     s8, 14(t3)
core   0: 3 0x8000ad74 (0x00ee4c03) x24 0x0000003f mem 0x80010f23
core   0: 0x8000ad78 (0x03ce02a3) sb      t3, 37(t3)
core   0: 3 0x8000ad78 (0x03ce02a3) mem 0x80010f3a 0x15
core   0: 0x8000ad7c (0x003b23b3) slt     t2, s6, gp
core   0: 3 0x8000ad7c (0x003b23b3) x 7 0x00000000
core   0: 0x8000ad80 (0xfcee4903) lbu     s2, -50(t3)
core   0: 3 0x8000ad80 (0xfcee4903) x18 0x00000046 mem 0x80010ee3
core   0: 0x8000ad84 (0x418a8fb3) sub     t6, s5, s8
core   0: 3 0x8000ad84 (0x418a8fb3) x31 0xffffff82
core   0: 0x8000ad88 (0x0219c4b3) div     s1, s3, ra
core   0: 3 0x8000ad88 (0x0219c4b3) x 9 0x000234e0
core   0: 0x8000ad8c (0x00ee4f83) lbu     t6, 14(t3)
core   0: 3 0x8000ad8c (0x00ee4f83) x31 0x0000003f mem 0x80010f23
core   0: 0x8000ad90 (0xfeae0703) lb      a4, -22(t3)
core   0: 3 0x8000ad90 (0xfeae0703) x14 0xffffff96 mem 0x80010eff
core   0: 0x8000ad94 (0x00005d97) auipc   s11, 0x5
core   0: 3 0x8000ad94 (0x00005d97) x27 0x8000fd94
core   0: 0x8000ad98 (0x79fd8d93) addi    s11, s11, 1951
core   0: 3 0x8000ad98 (0x79fd8d93) x27 0x80010533
core   0: 0x8000ad9c (0xff9d8823) sb      s9, -16(s11)
core   0: 3 0x8000ad9c (0xff9d8823) mem 0x80010523 0xdb
core   0: 0x8000ada0 (0x0071d993) srli    s3, gp, 7
core   0: 3 0x8000ada0 (0x0071d993) x19 0x00000000
core   0: 0x8000ada4 (0x014d96a3) sh      s4, 13(s11)
core   0: 3 0x8000ada4 (0x014d96a3) mem 0x80010540 0x9ce4
core   0: 0x8000ada8 (0xffcdc383) lbu     t2, -4(s11)
core   0: 3 0x8000ada8 (0xffcdc383) x 7 0x000000df mem 0x8001052f
core   0: 0x8000adac (0x233bc813) xori    a6, s7, 563
core   0: 3 0x8000adac (0x233bc813) x16 0xb5491649
core   0: 0x8000adb0 (0x00bdd003) lhu     zero, 11(s11)
core   0: 3 0x8000adb0 (0x00bdd003) mem 0x8001053e
core   0: 0x8000adb4 (0xc7a14937) lui     s2, 0xc7a14
core   0: 3 0x8000adb4 (0xc7a14937) x18 0xc7a14000
core   0: 0x8000adb8 (0x018975b3) and     a1, s2, s8
core   0: 3 0x8000adb8 (0x018975b3) x11 0x00000000
core   0: 0x8000adbc (0x03a18ab3) mul     s5, gp, s10
core   0: 3 0x8000adbc (0x03a18ab3) x21 0x00000000
core   0: 0x8000adc0 (0x000faf33) slt     t5, t6, zero
core   0: 3 0x8000adc0 (0x000faf33) x30 0x00000000
core   0: 0x8000adc4 (0x2c2e3b13) sltiu   s6, t3, 706
core   0: 3 0x8000adc4 (0x2c2e3b13) x22 0x00000000
core   0: 0x8000adc8 (0x00f2dd13) srli    s10, t0, 15
core   0: 3 0x8000adc8 (0x00f2dd13) x26 0x0001ffff
core   0: 0x8000adcc (0xafaff313) andi    t1, t6, -1286
core   0: 3 0x8000adcc (0xafaff313) x 6 0x0000003a
core   0: 0x8000add0 (0x009860b3) or      ra, a6, s1
core   0: 3 0x8000add0 (0x009860b3) x 1 0xb54b36e9
core   0: 0x8000add4 (0xff5dd583) lhu     a1, -11(s11)
core   0: 3 0x8000add4 (0xff5dd583) x11 0x00008ba0 mem 0x80010528
core   0: 0x8000add8 (0xff0d8c83) lb      s9, -16(s11)
core   0: 3 0x8000add8 (0xff0d8c83) x25 0xffffffdb mem 0x80010523
core   0: 0x8000addc (0xb676ea93) ori     s5, a3, -1177
core   0: 3 0x8000addc (0xb676ea93) x21 0xfffffb67
core   0: 0x8000ade0 (0x03820cb3) mul     s9, tp, s8
core   0: 3 0x8000ade0 (0x03820cb3) x25 0x0000003f
core   0: 0x8000ade4 (0xff0dc803) lbu     a6, -16(s11)
core   0: 3 0x8000ade4 (0xff0dc803) x16 0x000000db mem 0x80010523
core   0: 0x8000ade8 (0x00cd8e83) lb      t4, 12(s11)
core   0: 3 0x8000ade8 (0x00cd8e83) x29 0x0000000a mem 0x8001053f
core   0: 0x8000adec (0xe2a0f593) andi    a1, ra, -470
core   0: 3 0x8000adec (0xe2a0f593) x11 0xb54b3628
core   0: 0x8000adf0 (0x29598c93) addi    s9, s3, 661
core   0: 3 0x8000adf0 (0x29598c93) x25 0x00000295
core   0: 0x8000adf4 (0x0255a233) mulhsu  tp, a1, t0
core   0: 3 0x8000adf4 (0x0255a233) x 4 0xb54b3632
core   0: 0x8000adf8 (0xffdda283) lw      t0, -3(s11)
core   0: 3 0x8000adf8 (0xffdda283) x 5 0xcf028000 mem 0x80010530
core   0: 0x8000adfc (0x016d8123) sb      s6, 2(s11)
core   0: 3 0x8000adfc (0x016d8123) mem 0x80010535 0x0
core   0: 0x8000ae00 (0xd565f993) andi    s3, a1, -682
core   0: 3 0x8000ae00 (0xd565f993) x19 0xb54b3400
core   0: 0x8000ae04 (0x01dd84a3) sb      t4, 9(s11)
core   0: 3 0x8000ae04 (0x01dd84a3) mem 0x8001053c 0xa
core   0: 0x8000ae08 (0x0285de33) divu    t3, a1, s0
core   0: 3 0x8000ae08 (0x0285de33) x28 0x00000000
core   0: 0x8000ae0c (0x00cd8383) lb      t2, 12(s11)
core   0: 3 0x8000ae0c (0x00cd8383) x 7 0x0000000a mem 0x8001053f
core   0: 0x8000ae10 (0x407dd393) srai    t2, s11, 7
core   0: 3 0x8000ae10 (0x407dd393) x 7 0xff00020a
core   0: 0x8000ae14 (0xfe2daea3) sw      sp, -3(s11)
core   0: 3 0x8000ae14 (0xfe2daea3) mem 0x80010530 0x80025d78
core   0: 0x8000ae18 (0x00cd8803) lb      a6, 12(s11)
core   0: 3 0x8000ae18 (0x00cd8803) x16 0x0000000a mem 0x8001053f
core   0: 0x8000ae1c (0x31082313) slti    t1, a6, 784
core   0: 3 0x8000ae1c (0x31082313) x 6 0x00000001
core   0: 0x8000ae20 (0xff7d8c03) lb      s8, -9(s11)
core   0: 3 0x8000ae20 (0xff7d8c03) x24 0xffffffcf mem 0x8001052a
core   0: 0x8000ae24 (0xff6d98a3) sh      s6, -15(s11)
core   0: 3 0x8000ae24 (0xff6d98a3) mem 0x80010524 0x0000
core   0: 0x8000ae28 (0xff0dc803) lbu     a6, -16(s11)
core   0: 3 0x8000ae28 (0xff0dc803) x16 0x000000db mem 0x80010523
core   0: 0x8000ae2c (0x019d8323) sb      s9, 6(s11)
core   0: 3 0x8000ae2c (0x019d8323) mem 0x80010539 0x95
core   0: 0x8000ae30 (0xfe2daaa3) sw      sp, -11(s11)
core   0: 3 0x8000ae30 (0xfe2daaa3) mem 0x80010528 0x80025d78
core   0: 0x8000ae34 (0x012e9e93) slli    t4, t4, 18
core   0: 3 0x8000ae34 (0x012e9e93) x29 0x00280000
core   0: 0x8000ae38 (0x007d8623) sb      t2, 12(s11)
core   0: 3 0x8000ae38 (0x007d8623) mem 0x8001053f 0xa
core   0: 0x8000ae3c (0x031bf533) remu    a0, s7, a7
core   0: 3 0x8000ae3c (0x031bf533) x10 0xb549147a
core   0: 0x8000ae40 (0xfebd8b23) sb      a1, -10(s11)
core   0: 3 0x8000ae40 (0xfebd8b23) mem 0x80010529 0x28
core   0: 0x8000ae44 (0x03310333) mul     t1, sp, s3
core   0: 3 0x8000ae44 (0x03310333) x 6 0xb5246000
core   0: 0x8000ae48 (0xfe8d8b23) sb      s0, -10(s11)
core   0: 3 0x8000ae48 (0xfe8d8b23) mem 0x80010529 0x8b
core   0: 0x8000ae4c (0xffadce03) lbu     t3, -6(s11)
core   0: 3 0x8000ae4c (0xffadce03) x28 0x000000cf mem 0x8001052d
core   0: 0x8000ae50 (0x01cd8023) sb      t3, 0(s11)
core   0: 3 0x8000ae50 (0x01cd8023) mem 0x80010533 0xcf
core   0: 0x8000ae54 (0xffcd8ba3) sb      t3, -9(s11)
core   0: 3 0x8000ae54 (0xffcd8ba3) mem 0x8001052a 0xcf
core   0: 0x8000ae58 (0xc4b80793) addi    a5, a6, -949
core   0: 3 0x8000ae58 (0xc4b80793) x15 0xfffffd26
core   0: 0x8000ae5c (0x01a6a2b3) slt     t0, a3, s10
core   0: 3 0x8000ae5c (0x01a6a2b3) x 5 0x00000001
core   0: 0x8000ae60 (0xffcd8503) lb      a0, -4(s11)
core   0: 3 0x8000ae60 (0xffcd8503) x10 0xffffffdf mem 0x8001052f
core   0: 0x8000ae64 (0x02320a93) addi    s5, tp, 35
core   0: 3 0x8000ae64 (0x02320a93) x21 0xb54b3655
core   0: 0x8000ae68 (0xfe6d9ea3) sh      t1, -3(s11)
core   0: 3 0x8000ae68 (0xfe6d9ea3) mem 0x80010530 0x6000
core   0: 0x8000ae6c (0x014f0f33) add     t5, t5, s4
core   0: 3 0x8000ae6c (0x014f0f33) x30 0x80029ce4
core   0: 0x8000ae70 (0x021f56b3) divu    a3, t5, ra
core   0: 3 0x8000ae70 (0x021f56b3) x13 0x00000000
core   0: 0x8000ae74 (0xff8dc503) lbu     a0, -8(s11)
core   0: 3 0x8000ae74 (0xff8dc503) x10 0x00000080 mem 0x8001052b
core   0: 0x8000ae78 (0xbd3c6b13) ori     s6, s8, -1069
core   0: 3 0x8000ae78 (0xbd3c6b13) x22 0xffffffdf
core   0: 0x8000ae7c (0x01a506b3) add     a3, a0, s10
core   0: 3 0x8000ae7c (0x01a506b3) x13 0x0002007f
core   0: 0x8000ae80 (0x01fe1233) sll     tp, t3, t6
core   0: 3 0x8000ae80 (0x01fe1233) x 4 0x80000000
core   0: 0x8000ae84 (0x037ce533) rem     a0, s9, s7
core   0: 3 0x8000ae84 (0x037ce533) x10 0x00000295
core   0: 0x8000ae88 (0x9e0c7093) andi    ra, s8, -1568
core   0: 3 0x8000ae88 (0x9e0c7093) x 1 0xfffff9c0
core   0: 0x8000ae8c (0x00000013) nop
core   0: 3 0x8000ae8c (0x00000013)
core   0: 0x8000ae90 (0x01cc2033) slt     zero, s8, t3
core   0: 3 0x8000ae90 (0x01cc2033)
core   0: 0x8000ae94 (0x029bde33) divu    t3, s7, s1
core   0: 3 0x8000ae94 (0x029bde33) x28 0x00005228
core   0: 0x8000ae98 (0x8a893b13) sltiu   s6, s2, -1880
core   0: 3 0x8000ae98 (0x8a893b13) x22 0x00000001
core   0: 0x8000ae9c (0x0326ed33) rem     s10, a3, s2
core   0: 3 0x8000ae9c (0x0326ed33) x26 0x0002007f
core   0: 0x8000aea0 (0x02766ab3) rem     s5, a2, t2
core   0: 3 0x8000aea0 (0x02766ab3) x21 0x0007f000
core   0: 0x8000aea4 (0xe3908293) addi    t0, ra, -455
core   0: 3 0x8000aea4 (0xe3908293) x 5 0xfffff7f9
core   0: 0x8000aea8 (0xf1be42b7) lui     t0, 0xf1be4
core   0: 3 0x8000aea8 (0xf1be42b7) x 5 0xf1be4000
core   0: 0x8000aeac (0xff53af17) auipc   t5, 0xff53a
core   0: 3 0x8000aeac (0xff53af17) x30 0x7f544eac
core   0: 0x8000aeb0 (0x0016cc33) xor     s8, a3, ra
core   0: 3 0x8000aeb0 (0x0016cc33) x24 0xfffdf9bf
core   0: 0x8000aeb4 (0x03e47063) bgeu    s0, t5, pc + 32
core   0: 3 0x8000aeb4 (0x03e47063)
core   0: 0x8000aed4 (0x0163c8b3) xor     a7, t2, s6
core   0: 3 0x8000aed4 (0x0163c8b3) x17 0xff00020b
core   0: 0x8000aed8 (0xfc28cc93) xori    s9, a7, -62
core   0: 3 0x8000aed8 (0xfc28cc93) x25 0x00fffdc9
core   0: 0x8000aedc (0x03b1eb33) rem     s6, gp, s11
core   0: 3 0x8000aedc (0x03b1eb33) x22 0x00000000
core   0: 0x8000aee0 (0x01e9d913) srli    s2, s3, 30
core   0: 3 0x8000aee0 (0x01e9d913) x18 0x00000002
core   0: 0x8000aee4 (0x02f4cab3) div     s5, s1, a5
core   0: 3 0x8000aee4 (0x02f4cab3) x21 0xffffff3a
core   0: 0x8000aee8 (0x038ca4b3) mulhsu  s1, s9, s8
core   0: 3 0x8000aee8 (0x038ca4b3) x 9 0x00fffbc2
core   0: 0x8000aeec (0x03934ab3) div     s5, t1, s9
core   0: 3 0x8000aeec (0x03934ab3) x21 0xffffffb6
core   0: 0x8000aef0 (0x02926c33) rem     s8, tp, s1
core   0: 3 0x8000aef0 (0x02926c33) x24 0xfffde100
core   0: 0x8000aef4 (0x4158d7b3) sra     a5, a7, s5
core   0: 3 0x8000aef4 (0x4158d7b3) x15 0xfffffffc
core   0: 0x8000aef8 (0x0a680913) addi    s2, a6, 166
core   0: 3 0x8000aef8 (0x0a680913) x18 0x00000181
core   0: 0x8000aefc (0x408a0eb3) sub     t4, s4, s0
core   0: 3 0x8000aefc (0x408a0eb3) x29 0x80029d59
core   0: 0x8000af00 (0x019b82b3) add     t0, s7, s9
core   0: 3 0x8000af00 (0x019b82b3) x 5 0xb6491243
core   0: 0x8000af04 (0x052c4063) blt     s8, s2, pc + 64
core   0: 3 0x8000af04 (0x052c4063)
core   0: 0x8000af44 (0x03c93ab3) mulhu   s5, s2, t3
core   0: 3 0x8000af44 (0x03c93ab3) x21 0x00000000
core   0: 0x8000af48 (0x453e6397) auipc   t2, 0x453e6
core   0: 3 0x8000af48 (0x453e6397) x 7 0xc53f0f48
core   0: 0x8000af4c (0x03fad533) divu    a0, s5, t6
core   0: 3 0x8000af4c (0x03fad533) x10 0x00000000
core   0: 0x8000af50 (0x016ace63) blt     s5, s6, pc + 28
core   0: 3 0x8000af50 (0x016ace63)
core   0: 0x8000af54 (0x016e2fb3) slt     t6, t3, s6
core   0: 3 0x8000af54 (0x016e2fb3) x31 0x00000000
core   0: 0x8000af58 (0x033e9f33) mulh    t5, t4, s3
core   0: 3 0x8000af58 (0x033e9f33) x30 0x2559a2ab
core   0: 0x8000af5c (0x03ff8433) mul     s0, t6, t6
core   0: 3 0x8000af5c (0x03ff8433) x 8 0x00000000
core   0: 0x8000af60 (0x05915863) bge     sp, s9, pc + 80
core   0: 3 0x8000af60 (0x05915863)
core   0: 0x8000af64 (0x00000013) nop
core   0: 3 0x8000af64 (0x00000013)
core   0: 0x8000af68 (0x03b59a63) bne     a1, s11, pc + 52
core   0: 3 0x8000af68 (0x03b59a63)
core   0: 0x8000af9c (0x00cc1e63) bne     s8, a2, pc + 28
core   0: 3 0x8000af9c (0x00cc1e63)
core   0: 0x8000afb8 (0x05596063) bltu    s2, s5, pc + 64
core   0: 3 0x8000afb8 (0x05596063)
core   0: 0x8000afbc (0x01f6edb3) or      s11, a3, t6
core   0: 3 0x8000afbc (0x01f6edb3) x27 0x0002007f
core   0: 0x8000afc0 (0x01e0fb33) and     s6, ra, t5
core   0: 3 0x8000afc0 (0x01e0fb33) x22 0x2559a080
core   0: 0x8000afc4 (0x01991333) sll     t1, s2, s9
core   0: 3 0x8000afc4 (0x01991333) x 6 0x00030200
core   0: 0x8000afc8 (0x032560b3) rem     ra, a0, s2
core   0: 3 0x8000afc8 (0x032560b3) x 1 0x00000000
core   0: 0x8000afcc (0x70c897b7) lui     a5, 0x70c89
core   0: 3 0x8000afcc (0x70c897b7) x15 0x70c89000
core   0: 0x8000afd0 (0x03ea79b3) remu    s3, s4, t5
core   0: 3 0x8000afd0 (0x03ea79b3) x19 0x0ff5b4e3
core   0: 0x8000afd4 (0x759de613) ori     a2, s11, 1881
core   0: 3 0x8000afd4 (0x759de613) x12 0x0002077f
core   0: 0x8000afd8 (0x00072b33) slt     s6, a4, zero
core   0: 3 0x8000afd8 (0x00072b33) x22 0x00000001
core   0: 0x8000afdc (0x6592f913) andi    s2, t0, 1625
core   0: 3 0x8000afdc (0x6592f913) x18 0x00000241
core   0: 0x8000afe0 (0xf4646517) auipc   a0, 0xf4646
core   0: 3 0x8000afe0 (0xf4646517) x10 0x74650fe0
core   0: 0x8000afe4 (0x017edf33) srl     t5, t4, s7
core   0: 3 0x8000afe4 (0x017edf33) x30 0x00000020
core   0: 0x8000afe8 (0x00d19e33) sll     t3, gp, a3
core   0: 3 0x8000afe8 (0x00d19e33) x28 0x00000000
core   0: 0x8000afec (0x012e9eb3) sll     t4, t4, s2
core   0: 3 0x8000afec (0x012e9eb3) x29 0x00053ab2
core   0: 0x8000aff0 (0x00e18eb3) add     t4, gp, a4
core   0: 3 0x8000aff0 (0x00e18eb3) x29 0xffffff96
core   0: 0x8000aff4 (0x0332e3b3) rem     t2, t0, s3
core   0: 3 0x8000aff4 (0x0332e3b3) x 7 0xf61fe5cf
core   0: 0x8000aff8 (0x40b5da93) srai    s5, a1, 11
core   0: 3 0x8000aff8 (0x40b5da93) x21 0xfff6a966
core   0: 0x8000affc (0xb94e7093) andi    ra, t3, -1132
core   0: 3 0x8000affc (0xb94e7093) x 1 0x00000000
core   0: 0x8000b000 (0x01f4c1b3) xor     gp, s1, t6
core   0: 3 0x8000b000 (0x01f4c1b3) x 3 0x00fffbc2
core   0: 0x8000b004 (0x036039b3) mulhu   s3, zero, s6
core   0: 3 0x8000b004 (0x036039b3) x19 0x00000000
core   0: 0x8000b008 (0x00d181b3) add     gp, gp, a3
core   0: 3 0x8000b008 (0x00d181b3) x 3 0x0101fc41
core   0: 0x8000b00c (0x00283233) sltu    tp, a6, sp
core   0: 3 0x8000b00c (0x00283233) x 4 0x00000001
core   0: 0x8000b010 (0x0030b833) sltu    a6, ra, gp
core   0: 3 0x8000b010 (0x0030b833) x16 0x00000001
core   0: 0x8000b014 (0x01ac4eb3) xor     t4, s8, s10
core   0: 3 0x8000b014 (0x01ac4eb3) x29 0xffffe17f
core   0: 0x8000b018 (0x00000013) nop
core   0: 3 0x8000b018 (0x00000013)
core   0: 0x8000b01c (0x01aba5b3) slt     a1, s7, s10
core   0: 3 0x8000b01c (0x01aba5b3) x11 0x00000001
core   0: 0x8000b020 (0x00f20a63) beq     tp, a5, pc + 20
core   0: 3 0x8000b020 (0x00f20a63)
core   0: 0x8000b024 (0x01acac33) slt     s8, s9, s10
core   0: 3 0x8000b024 (0x01acac33) x24 0x00000000
core   0: 0x8000b028 (0xe5b40e93) addi    t4, s0, -421
core   0: 3 0x8000b028 (0xe5b40e93) x29 0xfffffe5b
core   0: 0x8000b02c (0x03b806b3) mul     a3, a6, s11
core   0: 3 0x8000b02c (0x03b806b3) x13 0x0002007f
core   0: 0x8000b030 (0x54daef13) ori     t5, s5, 1357
core   0: 3 0x8000b030 (0x54daef13) x30 0xfff6ad6f
core   0: 0x8000b034 (0x413959b3) sra     s3, s2, s3
core   0: 3 0x8000b034 (0x413959b3) x19 0x00000241
core   0: 0x8000b038 (0x009dbe33) sltu    t3, s11, s1
core   0: 3 0x8000b038 (0x009dbe33) x28 0x00000001
core   0: 0x8000b03c (0x05a05263) bge     zero, s10, pc + 68
core   0: 3 0x8000b03c (0x05a05263)
core   0: 0x8000b040 (0xbcfde793) ori     a5, s11, -1073
core   0: 3 0x8000b040 (0xbcfde793) x15 0xfffffbff
core   0: 0x8000b044 (0x02ac6fb3) rem     t6, s8, a0
core   0: 3 0x8000b044 (0x02ac6fb3) x31 0x00000000
core   0: 0x8000b048 (0x02136a63) bltu    t1, ra, pc + 52
core   0: 3 0x8000b048 (0x02136a63)
core   0: 0x8000b04c (0x0391c533) div     a0, gp, s9
core   0: 3 0x8000b04c (0x0391c533) x10 0x00000001
core   0: 0x8000b050 (0xff7ce813) ori     a6, s9, -9
core   0: 3 0x8000b050 (0xff7ce813) x16 0xffffffff
core   0: 0x8000b054 (0x01183833) sltu    a6, a6, a7
core   0: 3 0x8000b054 (0x01183833) x16 0x00000000
core   0: 0x8000b058 (0x008146b3) xor     a3, sp, s0
core   0: 3 0x8000b058 (0x008146b3) x13 0x80025d78
core   0: 0x8000b05c (0x01476263) bltu    a4, s4, pc + 4
core   0: 3 0x8000b05c (0x01476263)
core   0: 0x8000b060 (0x038e6863) bltu    t3, s8, pc + 48
core   0: 3 0x8000b060 (0x038e6863)
core   0: 0x8000b064 (0x03bc5533) divu    a0, s8, s11
core   0: 3 0x8000b064 (0x03bc5533) x10 0x00000000
core   0: 0x8000b068 (0x412b5713) srai    a4, s6, 18
core   0: 3 0x8000b068 (0x412b5713) x14 0x00000000
core   0: 0x8000b06c (0x40695433) sra     s0, s2, t1
core   0: 3 0x8000b06c (0x40695433) x 8 0x00000241
core   0: 0x8000b070 (0x01420633) add     a2, tp, s4
core   0: 3 0x8000b070 (0x01420633) x12 0x80029ce5
core   0: 0x8000b074 (0x0590c663) blt     ra, s9, pc + 76
core   0: 3 0x8000b074 (0x0590c663)
core   0: 0x8000b0c0 (0x039b88b3) mul     a7, s7, s9
core   0: 3 0x8000b0c0 (0x039b88b3) x17 0xf523a5ca
core   0: 0x8000b0c4 (0x010a8663) beq     s5, a6, pc + 12
core   0: 3 0x8000b0c4 (0x010a8663)
core   0: 0x8000b0c8 (0x04cb0063) beq     s6, a2, pc + 64
core   0: 3 0x8000b0c8 (0x04cb0063)
core   0: 0x8000b0cc (0x04966463) bltu    a2, s1, pc + 72
core   0: 3 0x8000b0cc (0x04966463)
core   0: 0x8000b0d0 (0x03e52633) mulhsu  a2, a0, t5
core   0: 3 0x8000b0d0 (0x03e52633) x12 0x00000000
core   0: 0x8000b0d4 (0x02253d33) mulhu   s10, a0, sp
core   0: 3 0x8000b0d4 (0x02253d33) x26 0x00000000
core   0: 0x8000b0d8 (0x43e82813) slti    a6, a6, 1086
core   0: 3 0x8000b0d8 (0x43e82813) x16 0x00000001
core   0: 0x8000b0dc (0x003bcab3) xor     s5, s7, gp
core   0: 3 0x8000b0dc (0x003bcab3) x21 0xb448e83b
core   0: 0x8000b0e0 (0x03db5d33) divu    s10, s6, t4
core   0: 3 0x8000b0e0 (0x03db5d33) x26 0x00000000
core   0: 0x8000b0e4 (0x0079d833) srl     a6, s3, t2
core   0: 3 0x8000b0e4 (0x0079d833) x16 0x00000000
core   0: 0x8000b0e8 (0x04264863) blt     a2, sp, pc + 80
core   0: 3 0x8000b0e8 (0x04264863)
core   0: 0x8000b0ec (0x0067a1b3) slt     gp, a5, t1
core   0: 3 0x8000b0ec (0x0067a1b3) x 3 0x00000001
core   0: 0x8000b0f0 (0x00a49c93) slli    s9, s1, 10
core   0: 3 0x8000b0f0 (0x00a49c93) x25 0xffef0800
core   0: 0x8000b0f4 (0xba3ea493) slti    s1, t4, -1117
core   0: 3 0x8000b0f4 (0xba3ea493) x 9 0x00000000
core   0: 0x8000b0f8 (0x057cf263) bgeu    s9, s7, pc + 68
core   0: 3 0x8000b0f8 (0x057cf263)
core   0: 0x8000b13c (0x8d46a813) slti    a6, a3, -1836
core   0: 3 0x8000b13c (0x8d46a813) x16 0x00000001
core   0: 0x8000b140 (0xe6934313) xori    t1, t1, -407
core   0: 3 0x8000b140 (0xe6934313) x 6 0xfffcfc69
core   0: 0x8000b144 (0x032fee63) bltu    t6, s2, pc + 60
core   0: 3 0x8000b144 (0x032fee63)
core   0: 0x8000b180 (0x021bab33) mulhsu  s6, s7, ra
core   0: 3 0x8000b180 (0x021bab33) x22 0x00000000
core   0: 0x8000b184 (0x409bd633) sra     a2, s7, s1
core   0: 3 0x8000b184 (0x409bd633) x12 0xb549147a
core   0: 0x8000b188 (0x5677a713) slti    a4, a5, 1383
core   0: 3 0x8000b188 (0x5677a713) x14 0x00000001
core   0: 0x8000b18c (0x035479b3) remu    s3, s0, s5
core   0: 3 0x8000b18c (0x035479b3) x19 0x00000241
core   0: 0x8000b190 (0x89d04b13) xori    s6, zero, -1891
core   0: 3 0x8000b190 (0x89d04b13) x22 0xfffff89d
core   0: 0x8000b194 (0x0248f233) remu    tp, a7, tp
core   0: 3 0x8000b194 (0x0248f233) x 4 0x00000000
core   0: 0x8000b198 (0x0091a2b3) slt     t0, gp, s1
core   0: 3 0x8000b198 (0x0091a2b3) x 5 0x00000000
core   0: 0x8000b19c (0x0042c933) xor     s2, t0, tp
core   0: 3 0x8000b19c (0x0042c933) x18 0x00000000
core   0: 0x8000b1a0 (0x4d883993) sltiu   s3, a6, 1240
core   0: 3 0x8000b1a0 (0x4d883993) x19 0x00000001
core   0: 0x8000b1a4 (0x21a66b17) auipc   s6, 0x21a66
core   0: 3 0x8000b1a4 (0x21a66b17) x22 0xa1a711a4
core   0: 0x8000b1a8 (0x00205c93) srli    s9, zero, 2
core   0: 3 0x8000b1a8 (0x00205c93) x25 0x00000000
core   0: 0x8000b1ac (0x00adce33) xor     t3, s11, a0
core   0: 3 0x8000b1ac (0x00adce33) x28 0x0002007f
core   0: 0x8000b1b0 (0x033c0063) beq     s8, s3, pc + 32
core   0: 3 0x8000b1b0 (0x033c0063)
core   0: 0x8000b1b4 (0x00a09993) slli    s3, ra, 10
core   0: 3 0x8000b1b4 (0x00a09993) x19 0x00000000
core   0: 0x8000b1b8 (0x03cae933) rem     s2, s5, t3
core   0: 3 0x8000b1b8 (0x03cae933) x18 0xffffab69
core   0: 0x8000b1bc (0x12c90613) addi    a2, s2, 300
core   0: 3 0x8000b1bc (0x12c90613) x12 0xffffac95
core   0: 0x8000b1c0 (0x02add9b3) divu    s3, s11, a0
core   0: 3 0x8000b1c0 (0x02add9b3) x19 0xffffffff
core   0: 0x8000b1c4 (0x4e4e6813) ori     a6, t3, 1252
core   0: 3 0x8000b1c4 (0x4e4e6813) x16 0x000204ff
core   0: 0x8000b1c8 (0x40ae5993) srai    s3, t3, 10
core   0: 3 0x8000b1c8 (0x40ae5993) x19 0x00000080
core   0: 0x8000b1cc (0x02ae1863) bne     t3, a0, pc + 48
core   0: 3 0x8000b1cc (0x02ae1863)
core   0: 0x8000b1fc (0x00940533) add     a0, s0, s1
core   0: 3 0x8000b1fc (0x00940533) x10 0x00000241
core   0: 0x8000b200 (0x02dbe033) rem     zero, s7, a3
core   0: 3 0x8000b200 (0x02dbe033)
core   0: 0x8000b204 (0x02deb233) mulhu   tp, t4, a3
core   0: 3 0x8000b204 (0x02deb233) x 4 0x80025ca5
core   0: 0x8000b208 (0x00000013) nop
core   0: 3 0x8000b208 (0x00000013)
core   0: 0x8000b20c (0x0159e863) bltu    s3, s5, pc + 16
core   0: 3 0x8000b20c (0x0159e863)
core   0: 0x8000b21c (0x03d28833) mul     a6, t0, t4
core   0: 3 0x8000b21c (0x03d28833) x16 0x00000000
core   0: 0x8000b220 (0x40f20733) sub     a4, tp, a5
core   0: 3 0x8000b220 (0x40f20733) x14 0x800260a6
core   0: 0x8000b224 (0x00da0ab3) add     s5, s4, a3
core   0: 3 0x8000b224 (0x00da0ab3) x21 0x0004fa5c
core   0: 0x8000b228 (0x01849eb3) sll     t4, s1, s8
core   0: 3 0x8000b228 (0x01849eb3) x29 0x00000000
core   0: 0x8000b22c (0x88b40913) addi    s2, s0, -1909
core   0: 3 0x8000b22c (0x88b40913) x18 0xfffffacc
core   0: 0x8000b230 (0x41f1d513) srai    a0, gp, 31
core   0: 3 0x8000b230 (0x41f1d513) x10 0x00000000
core   0: 0x8000b234 (0x01ea7fb3) and     t6, s4, t5
core   0: 3 0x8000b234 (0x01ea7fb3) x31 0x80028c64
core   0: 0x8000b238 (0x03fb8e63) beq     s7, t6, pc + 60
core   0: 3 0x8000b238 (0x03fb8e63)
core   0: 0x8000b23c (0x01e0a7b3) slt     a5, ra, t5
core   0: 3 0x8000b23c (0x01e0a7b3) x15 0x00000000
core   0: 0x8000b240 (0x009f45b3) xor     a1, t5, s1
core   0: 3 0x8000b240 (0x009f45b3) x11 0xfff6ad6f
core   0: 0x8000b244 (0x05d18063) beq     gp, t4, pc + 64
core   0: 3 0x8000b244 (0x05d18063)
core   0: 0x8000b248 (0x029e51b3) divu    gp, t3, s1
core   0: 3 0x8000b248 (0x029e51b3) x 3 0xffffffff
core   0: 0x8000b24c (0x00c804b3) add     s1, a6, a2
core   0: 3 0x8000b24c (0x00c804b3) x 9 0xffffac95
core   0: 0x8000b250 (0x05d09263) bne     ra, t4, pc + 68
core   0: 3 0x8000b250 (0x05d09263)
core   0: 0x8000b254 (0x00ec6933) or      s2, s8, a4
core   0: 3 0x8000b254 (0x00ec6933) x18 0x800260a6
core   0: 0x8000b258 (0x03c58333) mul     t1, a1, t3
core   0: 3 0x8000b258 (0x03c58333) x 6 0x563e0a11
core   0: 0x8000b25c (0x401b5893) srai    a7, s6, 1
core   0: 3 0x8000b25c (0x401b5893) x17 0xd0d388d2
core   0: 0x8000b260 (0x03ad7933) remu    s2, s10, s10
core   0: 3 0x8000b260 (0x03ad7933) x18 0x00000000
core   0: 0x8000b264 (0x025e2db3) mulhsu  s11, t3, t0
core   0: 3 0x8000b264 (0x025e2db3) x27 0x00000000
core   0: 0x8000b268 (0x00f966b3) or      a3, s2, a5
core   0: 3 0x8000b268 (0x00f966b3) x13 0x00000000
core   0: 0x8000b26c (0x00000013) nop
core   0: 3 0x8000b26c (0x00000013)
core   0: 0x8000b270 (0x014ff633) and     a2, t6, s4
core   0: 3 0x8000b270 (0x014ff633) x12 0x80028c64
core   0: 0x8000b274 (0x02a8e033) rem     zero, a7, a0
core   0: 3 0x8000b274 (0x02a8e033)
core   0: 0x8000b278 (0x0331e433) rem     s0, gp, s3
core   0: 3 0x8000b278 (0x0331e433) x 8 0xffffffff
core   0: 0x8000b27c (0x030c80b3) mul     ra, s9, a6
core   0: 3 0x8000b27c (0x030c80b3) x 1 0x00000000
core   0: 0x8000b280 (0x015d7a63) bgeu    s10, s5, pc + 20
core   0: 3 0x8000b280 (0x015d7a63)
core   0: 0x8000b284 (0x0292e863) bltu    t0, s1, pc + 48
core   0: 3 0x8000b284 (0x0292e863)
core   0: 0x8000b2b4 (0x41b8cd13) xori    s10, a7, 1051
core   0: 3 0x8000b2b4 (0x41b8cd13) x26 0xd0d38cc9
core   0: 0x8000b2b8 (0x54943837) lui     a6, 0x54943
core   0: 3 0x8000b2b8 (0x54943837) x16 0x54943000
core   0: 0x8000b2bc (0x10c4ec97) auipc   s9, 0x10c4e
core   0: 3 0x8000b2bc (0x10c4ec97) x25 0x90c592bc
core   0: 0x8000b2c0 (0x02f413b3) mulh    t2, s0, a5
core   0: 3 0x8000b2c0 (0x02f413b3) x 7 0x00000000
core   0: 0x8000b2c4 (0x010f39b3) sltu    s3, t5, a6
core   0: 3 0x8000b2c4 (0x010f39b3) x19 0x00000000
core   0: 0x8000b2c8 (0x00d10663) beq     sp, a3, pc + 12
core   0: 3 0x8000b2c8 (0x00d10663)
core   0: 0x8000b2cc (0x72394d13) xori    s10, s2, 1827
core   0: 3 0x8000b2cc (0x72394d13) x26 0x00000723
core   0: 0x8000b2d0 (0x01715313) srli    t1, sp, 23
core   0: 3 0x8000b2d0 (0x01715313) x 6 0x00000100
core   0: 0x8000b2d4 (0x04bfd663) bge     t6, a1, pc + 76
core   0: 3 0x8000b2d4 (0x04bfd663)
core   0: 0x8000b2d8 (0x02eb25b3) mulhsu  a1, s6, a4
core   0: 3 0x8000b2d8 (0x02eb25b3) x11 0xd0d2a881
core   0: 0x8000b2dc (0x02c75063) bge     a4, a2, pc + 32
core   0: 3 0x8000b2dc (0x02c75063)
core   0: 0x8000b2e0 (0x00c30b33) add     s6, t1, a2
core   0: 3 0x8000b2e0 (0x00c30b33) x22 0x80028d64
core   0: 0x8000b2e4 (0x55f8ac93) slti    s9, a7, 1375
core   0: 3 0x8000b2e4 (0x55f8ac93) x25 0x00000001
core   0: 0x8000b2e8 (0x03fc71b3) remu    gp, s8, t6
core   0: 3 0x8000b2e8 (0x03fc71b3) x 3 0x00000000
core   0: 0x8000b2ec (0x047ff463) bgeu    t6, t2, pc + 72
core   0: 3 0x8000b2ec (0x047ff463)
core   0: 0x8000b334 (0x01f4c333) xor     t1, s1, t6
core   0: 3 0x8000b334 (0x01f4c333) x 6 0x7ffd20f1
core   0: 0x8000b338 (0xef337613) andi    a2, t1, -269
core   0: 3 0x8000b338 (0xef337613) x12 0x7ffd20f1
core   0: 0x8000b33c (0x04df9263) bne     t6, a3, pc + 68
core   0: 3 0x8000b33c (0x04df9263)
core   0: 0x8000b380 (0x001624b3) slt     s1, a2, ra
core   0: 3 0x8000b380 (0x001624b3) x 9 0x00000000
core   0: 0x8000b384 (0xa63cb013) sltiu   zero, s9, -1437
core   0: 3 0x8000b384 (0xa63cb013)
core   0: 0x8000b388 (0x40a4da93) srai    s5, s1, 10
core   0: 3 0x8000b388 (0x40a4da93) x21 0x00000000
core   0: 0x8000b38c (0x018f5633) srl     a2, t5, s8
core   0: 3 0x8000b38c (0x018f5633) x12 0xfff6ad6f
core   0: 0x8000b390 (0x00ef77b3) and     a5, t5, a4
core   0: 3 0x8000b390 (0x00ef77b3) x15 0x80022026
core   0: 0x8000b394 (0x028294b3) mulh    s1, t0, s0
core   0: 3 0x8000b394 (0x028294b3) x 9 0x00000000
core   0: 0x8000b398 (0x00bfd733) srl     a4, t6, a1
core   0: 3 0x8000b398 (0x00bfd733) x14 0x40014632
core   0: 0x8000b39c (0x039451b3) divu    gp, s0, s9
core   0: 3 0x8000b39c (0x039451b3) x 3 0xffffffff
core   0: 0x8000b3a0 (0x02a7a7b3) mulhsu  a5, a5, a0
core   0: 3 0x8000b3a0 (0x02a7a7b3) x15 0x00000000
core   0: 0x8000b3a4 (0x01b9ef33) or      t5, s3, s11
core   0: 3 0x8000b3a4 (0x01b9ef33) x30 0x00000000
core   0: 0x8000b3a8 (0x18f90b13) addi    s6, s2, 399
core   0: 3 0x8000b3a8 (0x18f90b13) x22 0x0000018f
core   0: 0x8000b3ac (0x410a5993) srai    s3, s4, 16
core   0: 3 0x8000b3ac (0x410a5993) x19 0xffff8002
core   0: 0x8000b3b0 (0x00e830b3) sltu    ra, a6, a4
core   0: 3 0x8000b3b0 (0x00e830b3) x 1 0x00000000
core   0: 0x8000b3b4 (0x02fdf263) bgeu    s11, a5, pc + 36
core   0: 3 0x8000b3b4 (0x02fdf263)
core   0: 0x8000b3d8 (0x028b71b3) remu    gp, s6, s0
core   0: 3 0x8000b3d8 (0x028b71b3) x 3 0x0000018f
core   0: 0x8000b3dc (0xfc31ce13) xori    t3, gp, -61
core   0: 3 0x8000b3dc (0xfc31ce13) x28 0xfffffe4c
core   0: 0x8000b3e0 (0x00ee3733) sltu    a4, t3, a4
core   0: 3 0x8000b3e0 (0x00ee3733) x14 0x00000000
core   0: 0x8000b3e4 (0x0364c8b3) div     a7, s1, s6
core   0: 3 0x8000b3e4 (0x0364c8b3) x17 0x00000000
core   0: 0x8000b3e8 (0x0dc05a63) bge     zero, t3, pc + 212
core   0: 3 0x8000b3e8 (0x0dc05a63)
core   0: 0x8000b4bc (0x028cd2b3) divu    t0, s9, s0
core   0: 3 0x8000b4bc (0x028cd2b3) x 5 0x00000000
core   0: 0x8000b4c0 (0x01e5d313) srli    t1, a1, 30
core   0: 3 0x8000b4c0 (0x01e5d313) x 6 0x00000003
core   0: 0x8000b4c4 (0x0351c9b3) div     s3, gp, s5
core   0: 3 0x8000b4c4 (0x0351c9b3) x19 0xffffffff
core   0: 0x8000b4c8 (0x026f3433) mulhu   s0, t5, t1
core   0: 3 0x8000b4c8 (0x026f3433) x 8 0x00000000
core   0: 0x8000b4cc (0x0004a9b3) slt     s3, s1, zero
core   0: 3 0x8000b4cc (0x0004a9b3) x19 0x00000000
core   0: 0x8000b4d0 (0x05df9463) bne     t6, t4, pc + 72
core   0: 3 0x8000b4d0 (0x05df9463)
core   0: 0x8000b518 (0x01c23333) sltu    t1, tp, t3
core   0: 3 0x8000b518 (0x01c23333) x 6 0x00000001
core   0: 0x8000b51c (0x02688fb3) mul     t6, a7, t1
core   0: 3 0x8000b51c (0x02688fb3) x31 0x00000000
core   0: 0x8000b520 (0x02a304b3) mul     s1, t1, a0
core   0: 3 0x8000b520 (0x02a304b3) x 9 0x00000000
core   0: 0x8000b524 (0x00a3f333) and     t1, t2, a0
core   0: 3 0x8000b524 (0x00a3f333) x 6 0x00000000
core   0: 0x8000b528 (0x026c5eb3) divu    t4, s8, t1
core   0: 3 0x8000b528 (0x026c5eb3) x29 0xffffffff
core   0: 0x8000b52c (0x02d864b3) rem     s1, a6, a3
core   0: 3 0x8000b52c (0x02d864b3) x 9 0x54943000
core   0: 0x8000b530 (0x03f0f633) remu    a2, ra, t6
core   0: 3 0x8000b530 (0x03f0f633) x12 0x00000000
core   0: 0x8000b534 (0x000a5e63) bgez    s4, pc + 28
core   0: 3 0x8000b534 (0x000a5e63)
core   0: 0x8000b538 (0x00cc9393) slli    t2, s9, 12
core   0: 3 0x8000b538 (0x00cc9393) x 7 0x00001000
core   0: 0x8000b53c (0x02e91263) bne     s2, a4, pc + 36
core   0: 3 0x8000b53c (0x02e91263)
core   0: 0x8000b540 (0x01eff1b3) and     gp, t6, t5
core   0: 3 0x8000b540 (0x01eff1b3) x 3 0x00000000
core   0: 0x8000b544 (0x01bf3533) sltu    a0, t5, s11
core   0: 3 0x8000b544 (0x01bf3533) x10 0x00000000
core   0: 0x8000b548 (0x04e87063) bgeu    a6, a4, pc + 64
core   0: 3 0x8000b548 (0x04e87063)
core   0: 0x8000b588 (0x03ba9cb3) mulh    s9, s5, s11
core   0: 3 0x8000b588 (0x03ba9cb3) x25 0x00000000
core   0: 0x8000b58c (0x01fe49b3) xor     s3, t3, t6
core   0: 3 0x8000b58c (0x01fe49b3) x19 0xfffffe4c
core   0: 0x8000b590 (0x83754993) xori    s3, a0, -1993
core   0: 3 0x8000b590 (0x83754993) x19 0xfffff837
core   0: 0x8000b594 (0x012a9c93) slli    s9, s5, 18
core   0: 3 0x8000b594 (0x012a9c93) x25 0x00000000
core   0: 0x8000b598 (0x008a4433) xor     s0, s4, s0
core   0: 3 0x8000b598 (0x008a4433) x 8 0x80029ce4
core   0: 0x8000b59c (0x0045efb3) or      t6, a1, tp
core   0: 3 0x8000b59c (0x0045efb3) x31 0xd0d2fca5
core   0: 0x8000b5a0 (0x012b6e33) or      t3, s6, s2
core   0: 3 0x8000b5a0 (0x012b6e33) x28 0x0000018f
core   0: 0x8000b5a4 (0x0168e233) or      tp, a7, s6
core   0: 3 0x8000b5a4 (0x0168e233) x 4 0x0000018f
core   0: 0x8000b5a8 (0xb274bb13) sltiu   s6, s1, -1241
core   0: 3 0x8000b5a8 (0xb274bb13) x22 0x00000001
core   0: 0x8000b5ac (0x019ec863) blt     t4, s9, pc + 16
core   0: 3 0x8000b5ac (0x019ec863)
core   0: 0x8000b5bc (0x00106d33) or      s10, zero, ra
core   0: 3 0x8000b5bc (0x00106d33) x26 0x00000000
core   0: 0x8000b5c0 (0x00647ab3) and     s5, s0, t1
core   0: 3 0x8000b5c0 (0x00647ab3) x21 0x00000000
core   0: 0x8000b5c4 (0x49f38193) addi    gp, t2, 1183
core   0: 3 0x8000b5c4 (0x49f38193) x 3 0x0000149f
core   0: 0x8000b5c8 (0x01182933) slt     s2, a6, a7
core   0: 3 0x8000b5c8 (0x01182933) x18 0x00000000
core   0: 0x8000b5cc (0xcb51a213) slti    tp, gp, -843
core   0: 3 0x8000b5cc (0xcb51a213) x 4 0x00000000
core   0: 0x8000b5d0 (0x02c35863) bge     t1, a2, pc + 48
core   0: 3 0x8000b5d0 (0x02c35863)
core   0: 0x8000b600 (0x03f57433) remu    s0, a0, t6
core   0: 3 0x8000b600 (0x03f57433) x 8 0x00000000
core   0: 0x8000b604 (0xbff5f3b7) lui     t2, 0xbff5f
core   0: 3 0x8000b604 (0xbff5f3b7) x 7 0xbff5f000
core   0: 0x8000b608 (0x03e56233) rem     tp, a0, t5
core   0: 3 0x8000b608 (0x03e56233) x 4 0x00000000
core   0: 0x8000b60c (0x30b2e313) ori     t1, t0, 779
core   0: 3 0x8000b60c (0x30b2e313) x 6 0x0000030b
core   0: 0x8000b610 (0x03ae5ab3) divu    s5, t3, s10
core   0: 3 0x8000b610 (0x03ae5ab3) x21 0xffffffff
core   0: 0x8000b614 (0x03ac4333) div     t1, s8, s10
core   0: 3 0x8000b614 (0x03ac4333) x 6 0xffffffff
core   0: 0x8000b618 (0x00280db3) add     s11, a6, sp
core   0: 3 0x8000b618 (0x00280db3) x27 0xd4968d78
core   0: 0x8000b61c (0x024f4fb3) div     t6, t5, tp
core   0: 3 0x8000b61c (0x024f4fb3) x31 0xffffffff
core   0: 0x8000b620 (0x2907a993) slti    s3, a5, 656
core   0: 3 0x8000b620 (0x2907a993) x19 0x00000001
core   0: 0x8000b624 (0x400053b3) sra     t2, zero, zero
core   0: 3 0x8000b624 (0x400053b3) x 7 0x00000000
core   0: 0x8000b628 (0x00d89213) slli    tp, a7, 13
core   0: 3 0x8000b628 (0x00d89213) x 4 0x00000000
core   0: 0x8000b62c (0x04d87663) bgeu    a6, a3, pc + 76
core   0: 3 0x8000b62c (0x04d87663)
core   0: 0x8000b678 (0x03081633) mulh    a2, a6, a6
core   0: 3 0x8000b678 (0x03081633) x12 0x1bf19547
core   0: 0x8000b67c (0x40e6d033) sra     zero, a3, a4
core   0: 3 0x8000b67c (0x40e6d033)
core   0: 0x8000b680 (0x01c4fe63) bgeu    s1, t3, pc + 28
core   0: 3 0x8000b680 (0x01c4fe63)
core   0: 0x8000b69c (0x19b67193) andi    gp, a2, 411
core   0: 3 0x8000b69c (0x19b67193) x 3 0x00000103
core   0: 0x8000b6a0 (0x7c71d617) auipc   a2, 0x7c71d
core   0: 3 0x8000b6a0 (0x7c71d617) x12 0xfc7286a0
core   0: 0x8000b6a4 (0x0123eeb3) or      t4, t2, s2
core   0: 3 0x8000b6a4 (0x0123eeb3) x29 0x00000000
core   0: 0x8000b6a8 (0x2a0c8913) addi    s2, s9, 672
core   0: 3 0x8000b6a8 (0x2a0c8913) x18 0x000002a0
core   0: 0x8000b6ac (0x5ce5d8b7) lui     a7, 0x5ce5d
core   0: 3 0x8000b6ac (0x5ce5d8b7) x17 0x5ce5d000
core   0: 0x8000b6b0 (0x23632213) slti    tp, t1, 566
core   0: 3 0x8000b6b0 (0x23632213) x 4 0x00000001
core   0: 0x8000b6b4 (0x00e70cb3) add     s9, a4, a4
core   0: 3 0x8000b6b4 (0x00e70cb3) x25 0x00000000
core   0: 0x8000b6b8 (0x001df8b3) and     a7, s11, ra
core   0: 3 0x8000b6b8 (0x001df8b3) x17 0x00000000
core   0: 0x8000b6bc (0x02229233) mulh    tp, t0, sp
core   0: 3 0x8000b6bc (0x02229233) x 4 0x00000000
core   0: 0x8000b6c0 (0x03ca1833) mulh    a6, s4, t3
core   0: 3 0x8000b6c0 (0x03ca1833) x16 0xffffff38
core   0: 0x8000b6c4 (0x03da1ab3) mulh    s5, s4, t4
core   0: 3 0x8000b6c4 (0x03da1ab3) x21 0x00000000
core   0: 0x8000b6c8 (0x01a7c933) xor     s2, a5, s10
core   0: 3 0x8000b6c8 (0x01a7c933) x18 0x00000000
core   0: 0x8000b6cc (0x00271263) bne     a4, sp, pc + 4
core   0: 3 0x8000b6cc (0x00271263)
core   0: 0x8000b6d0 (0x01503033) snez    zero, s5
core   0: 3 0x8000b6d0 (0x01503033)
core   0: 0x8000b6d4 (0x01853933) sltu    s2, a0, s8
core   0: 3 0x8000b6d4 (0x01853933) x18 0x00000000
core   0: 0x8000b6d8 (0x03331a63) bne     t1, s3, pc + 52
core   0: 3 0x8000b6d8 (0x03331a63)
core   0: 0x8000b70c (0xa8cafc37) lui     s8, 0xa8caf
core   0: 3 0x8000b70c (0xa8cafc37) x24 0xa8caf000
core   0: 0x8000b710 (0x91437b13) andi    s6, t1, -1772
core   0: 3 0x8000b710 (0x91437b13) x22 0xfffff914
core   0: 0x8000b714 (0x989fa617) auipc   a2, 0x989fa
core   0: 3 0x8000b714 (0x989fa617) x12 0x18a05714
core   0: 0x8000b718 (0x00d95d93) srli    s11, s2, 13
core   0: 3 0x8000b718 (0x00d95d93) x27 0x00000000
core   0: 0x8000b71c (0x41e7d233) sra     tp, a5, t5
core   0: 3 0x8000b71c (0x41e7d233) x 4 0x00000000
core   0: 0x8000b720 (0x00d85293) srli    t0, a6, 13
core   0: 3 0x8000b720 (0x00d85293) x 5 0x0007ffff
core   0: 0x8000b724 (0x017b1ab3) sll     s5, s6, s7
core   0: 3 0x8000b724 (0x017b1ab3) x21 0x50000000
core   0: 0x8000b728 (0x03e258b3) divu    a7, tp, t5
core   0: 3 0x8000b728 (0x03e258b3) x17 0xffffffff
core   0: 0x8000b72c (0x05099063) bne     s3, a6, pc + 64
core   0: 3 0x8000b72c (0x05099063)
core   0: 0x8000b76c (0x006247b3) xor     a5, tp, t1
core   0: 3 0x8000b76c (0x006247b3) x15 0xffffffff
core   0: 0x8000b770 (0xd08ca193) slti    gp, s9, -760
core   0: 3 0x8000b770 (0xd08ca193) x 3 0x00000000
core   0: 0x8000b774 (0x9c55fb37) lui     s6, 0x9c55f
core   0: 3 0x8000b774 (0x9c55fb37) x22 0x9c55f000
core   0: 0x8000b778 (0x00ec8633) add     a2, s9, a4
core   0: 3 0x8000b778 (0x00ec8633) x12 0x00000000
core   0: 0x8000b77c (0x217c4613) xori    a2, s8, 535
core   0: 3 0x8000b77c (0x217c4613) x12 0xa8caf217
core   0: 0x8000b780 (0x79d0f193) andi    gp, ra, 1949
core   0: 3 0x8000b780 (0x79d0f193) x 3 0x00000000
core   0: 0x8000b784 (0x00cf2b33) slt     s6, t5, a2
core   0: 3 0x8000b784 (0x00cf2b33) x22 0x00000000
core   0: 0x8000b788 (0x01d5c233) xor     tp, a1, t4
core   0: 3 0x8000b788 (0x01d5c233) x 4 0xd0d2a881
core   0: 0x8000b78c (0x00d62b33) slt     s6, a2, a3
core   0: 3 0x8000b78c (0x00d62b33) x22 0x00000001
core   0: 0x8000b790 (0x03abadb3) mulhsu  s11, s7, s10
core   0: 3 0x8000b790 (0x03abadb3) x27 0x00000000
core   0: 0x8000b794 (0x11a33393) sltiu   t2, t1, 282
core   0: 3 0x8000b794 (0x11a33393) x 7 0x00000000
core   0: 0x8000b798 (0x40750833) sub     a6, a0, t2
core   0: 3 0x8000b798 (0x40750833) x16 0x00000000
core   0: 0x8000b79c (0x00000013) nop
core   0: 3 0x8000b79c (0x00000013)
core   0: 0x8000b7a0 (0x18c12513) slti    a0, sp, 396
core   0: 3 0x8000b7a0 (0x18c12513) x10 0x00000001
core   0: 0x8000b7a4 (0x405f08b3) sub     a7, t5, t0
core   0: 3 0x8000b7a4 (0x405f08b3) x17 0xfff80001
core   0: 0x8000b7a8 (0x01a62fb3) slt     t6, a2, s10
core   0: 3 0x8000b7a8 (0x01a62fb3) x31 0x00000001
core   0: 0x8000b7ac (0x00f16a63) bltu    sp, a5, pc + 20
core   0: 3 0x8000b7ac (0x00f16a63)
core   0: 0x8000b7c0 (0x9dfcbf93) sltiu   t6, s9, -1569
core   0: 3 0x8000b7c0 (0x9dfcbf93) x31 0x00000001
core   0: 0x8000b7c4 (0x03089433) mulh    s0, a7, a6
core   0: 3 0x8000b7c4 (0x03089433) x 8 0x00000000
core   0: 0x8000b7c8 (0x0038b6b3) sltu    a3, a7, gp
core   0: 3 0x8000b7c8 (0x0038b6b3) x13 0x00000000
core   0: 0x8000b7cc (0x411e5533) sra     a0, t3, a7
core   0: 3 0x8000b7cc (0x411e5533) x10 0x000000c7
core   0: 0x8000b7d0 (0x014c9f93) slli    t6, s9, 20
core   0: 3 0x8000b7d0 (0x014c9f93) x31 0x00000000
core   0: 0x8000b7d4 (0x0fabb293) sltiu   t0, s7, 250
core   0: 3 0x8000b7d4 (0x0fabb293) x 5 0x00000000
core   0: 0x8000b7d8 (0x0066ff33) and     t5, a3, t1
core   0: 3 0x8000b7d8 (0x0066ff33) x30 0x00000000
core   0: 0x8000b7dc (0x00a11233) sll     tp, sp, a0
core   0: 3 0x8000b7dc (0x00a11233) x 4 0x012ebc00
core   0: 0x8000b7e0 (0x596d8613) addi    a2, s11, 1430
core   0: 3 0x8000b7e0 (0x596d8613) x12 0x00000596
core   0: 0x8000b7e4 (0x41415993) srai    s3, sp, 20
core   0: 3 0x8000b7e4 (0x41415993) x19 0xfffff800
core   0: 0x8000b7e8 (0x001912b3) sll     t0, s2, ra
core   0: 3 0x8000b7e8 (0x001912b3) x 5 0x00000000
core   0: 0x8000b7ec (0x00b2b633) sltu    a2, t0, a1
core   0: 3 0x8000b7ec (0x00b2b633) x12 0x00000001
core   0: 0x8000b7f0 (0x91f0fc93) andi    s9, ra, -1761
core   0: 3 0x8000b7f0 (0x91f0fc93) x25 0x00000000
core   0: 0x8000b7f4 (0x010df833) and     a6, s11, a6
core   0: 3 0x8000b7f4 (0x010df833) x16 0x00000000
core   0: 0x8000b7f8 (0x02b16a63) bltu    sp, a1, pc + 52
core   0: 3 0x8000b7f8 (0x02b16a63)
core   0: 0x8000b82c (0x01cf9e63) bne     t6, t3, pc + 28
core   0: 3 0x8000b82c (0x01cf9e63)
core   0: 0x8000b848 (0x00240e33) add     t3, s0, sp
core   0: 3 0x8000b848 (0x00240e33) x28 0x80025d78
core   0: 0x8000b84c (0x00354663) blt     a0, gp, pc + 12
core   0: 3 0x8000b84c (0x00354663)
core   0: 0x8000b850 (0xc9af5d17) auipc   s10, 0xc9af5
core   0: 3 0x8000b850 (0xc9af5d17) x26 0x49b00850
core   0: 0x8000b854 (0x02d9a533) mulhsu  a0, s3, a3
core   0: 3 0x8000b854 (0x02d9a533) x10 0x00000000
core   0: 0x8000b858 (0x0293e063) bltu    t2, s1, pc + 32
core   0: 3 0x8000b858 (0x0293e063)
core   0: 0x8000b878 (0x039cc1b3) div     gp, s9, s9
core   0: 3 0x8000b878 (0x039cc1b3) x 3 0xffffffff
core   0: 0x8000b87c (0xb665ee97) auipc   t4, 0xb665e
core   0: 3 0x8000b87c (0xb665ee97) x29 0x3666987c
core   0: 0x8000b880 (0x00111e63) bne     sp, ra, pc + 28
core   0: 3 0x8000b880 (0x00111e63)
core   0: 0x8000b89c (0x02bffa63) bgeu    t6, a1, pc + 52
core   0: 3 0x8000b89c (0x02bffa63)
core   0: 0x8000b8a0 (0x401052b3) sra     t0, zero, ra
core   0: 3 0x8000b8a0 (0x401052b3) x 5 0x00000000
core   0: 0x8000b8a4 (0x02281c63) bne     a6, sp, pc + 56
core   0: 3 0x8000b8a4 (0x02281c63)
core   0: 0x8000b8dc (0x001b4233) xor     tp, s6, ra
core   0: 3 0x8000b8dc (0x001b4233) x 4 0x00000001
core   0: 0x8000b8e0 (0x00412083) lw      ra, 4(sp)
core   0: 3 0x8000b8e0 (0x00412083) x 1 0x8000b940 mem 0x80025d7c
core   0: 0x8000b8e4 (0x0164c833) xor     a6, s1, s6
core   0: 3 0x8000b8e4 (0x0164c833) x16 0x54943001
core   0: 0x8000b8e8 (0x01a657b3) srl     a5, a2, s10
core   0: 3 0x8000b8e8 (0x01a657b3) x15 0x00000000
core   0: 0x8000b8ec (0x02c10113) addi    sp, sp, 44
core   0: 3 0x8000b8ec (0x02c10113) x 2 0x80025da4
core   0: 0x8000b8f0 (0x2671ec13) ori     s8, gp, 615
core   0: 3 0x8000b8f0 (0x2671ec13) x24 0xffffffff
core   0: 0x8000b8f4 (0x0398b733) mulhu   a4, a7, s9
core   0: 3 0x8000b8f4 (0x0398b733) x14 0x00000000
core   0: 0x8000b8f8 (0x00108e13) addi    t3, ra, 1
core   0: 3 0x8000b8f8 (0x00108e13) x28 0x8000b941
core   0: 0x8000b8fc (0x000e0e67) jalr    t3, t3, 0
core   0: 3 0x8000b8fc (0x000e0e67) x28 0x8000b900
core   0: 0x8000b940 (0x00005297) auipc   t0, 0x5
core   0: 3 0x8000b940 (0x00005297) x 5 0x80010940
core   0: 0x8000b944 (0xf8a28293) addi    t0, t0, -118
core   0: 3 0x8000b944 (0xf8a28293) x 5 0x800108ca
core   0: 0x8000b948 (0xff42c203) lbu     tp, -12(t0)
core   0: 3 0x8000b948 (0xff42c203) x 4 0x0000007a mem 0x800108be
core   0: 0x8000b94c (0xff22c003) lbu     zero, -14(t0)
core   0: 3 0x8000b94c (0xff22c003) mem 0x800108bc
core   0: 0x8000b950 (0xff92c983) lbu     s3, -7(t0)
core   0: 3 0x8000b950 (0xff92c983) x19 0x00000000 mem 0x800108c3
core   0: 0x8000b954 (0x00d4be33) sltu    t3, s1, a3
core   0: 3 0x8000b954 (0x00d4be33) x28 0x00000000
core   0: 0x8000b958 (0x00528483) lb      s1, 5(t0)
core   0: 3 0x8000b958 (0x00528483) x 9 0xffffff9a mem 0x800108cf
core   0: 0x8000b95c (0xffe2d203) lhu     tp, -2(t0)
core   0: 3 0x8000b95c (0xffe2d203) x 4 0x0000b043 mem 0x800108c8
core   0: 0x8000b960 (0x009e6ab3) or      s5, t3, s1
core   0: 3 0x8000b960 (0x009e6ab3) x21 0xffffff9a
core   0: 0x8000b964 (0x00028183) lb      gp, 0(t0)
core   0: 3 0x8000b964 (0x00028183) x 3 0x00000040 mem 0x800108ca
core   0: 0x8000b968 (0x0275c533) div     a0, a1, t2
core   0: 3 0x8000b968 (0x0275c533) x10 0xffffffff
core   0: 0x8000b96c (0x034f8e17) auipc   t3, 0x34f8
core   0: 3 0x8000b96c (0x034f8e17) x28 0x8350396c
core   0: 0x8000b970 (0xffa2c403) lbu     s0, -6(t0)
core   0: 3 0x8000b970 (0xffa2c403) x 8 0x00000067 mem 0x800108c4
core   0: 0x8000b974 (0xff62a383) lw      t2, -10(t0)
core   0: 3 0x8000b974 (0xff62a383) x 7 0x0038a4c3 mem 0x800108c0
core   0: 0x8000b978 (0xffc2dd03) lhu     s10, -4(t0)
core   0: 3 0x8000b978 (0xffc2dd03) x26 0x0000f3bd mem 0x800108c6
core   0: 0x8000b97c (0xfe028ca3) sb      zero, -7(t0)
core   0: 3 0x8000b97c (0xfe028ca3) mem 0x800108c3 0x0
core   0: 0x8000b980 (0x031adeb3) divu    t4, s5, a7
core   0: 3 0x8000b980 (0x031adeb3) x29 0x00000001
core   0: 0x8000b984 (0x00000013) nop
core   0: 3 0x8000b984 (0x00000013)
core   0: 0x8000b988 (0x0062ac03) lw      s8, 6(t0)
core   0: 3 0x8000b988 (0x0062ac03) x24 0x407e9a5a mem 0x800108d0
core   0: 0x8000b98c (0x00b2cd83) lbu     s11, 11(t0)
core   0: 3 0x8000b98c (0x00b2cd83) x27 0x00000067 mem 0x800108d5
core   0: 0x8000b990 (0x01729123) sh      s7, 2(t0)
core   0: 3 0x8000b990 (0x01729123) mem 0x800108cc 0x147a
core   0: 0x8000b994 (0x01afbcb3) sltu    s9, t6, s10
core   0: 3 0x8000b994 (0x01afbcb3) x25 0x00000001
core   0: 0x8000b998 (0x53de2f13) slti    t5, t3, 1341
core   0: 3 0x8000b998 (0x53de2f13) x30 0x00000001
core   0: 0x8000b99c (0x01028583) lb      a1, 16(t0)
core   0: 3 0x8000b99c (0x01028583) x11 0x00000055 mem 0x800108da
core   0: 0x8000b9a0 (0xffd2c183) lbu     gp, -3(t0)
core   0: 3 0x8000b9a0 (0xffd2c183) x 3 0x000000f3 mem 0x800108c7
core   0: 0x8000b9a4 (0x0002d883) lhu     a7, 0(t0)
core   0: 3 0x8000b9a4 (0x0002d883) x17 0x00001440 mem 0x800108ca
core   0: 0x8000b9a8 (0xff62ae03) lw      t3, -10(t0)
core   0: 3 0x8000b9a8 (0xff62ae03) x28 0x0038a4c3 mem 0x800108c0
core   0: 0x8000b9ac (0x035843b3) div     t2, a6, s5
core   0: 3 0x8000b9ac (0x035843b3) x 7 0xff2bb942
core   0: 0x8000b9b0 (0x039e54b3) divu    s1, t3, s9
core   0: 3 0x8000b9b0 (0x039e54b3) x 9 0x0038a4c3
core   0: 0x8000b9b4 (0x00828d83) lb      s11, 8(t0)
core   0: 3 0x8000b9b4 (0x00828d83) x27 0x0000007e mem 0x800108d2
core   0: 0x8000b9b8 (0x001284a3) sb      ra, 9(t0)
core   0: 3 0x8000b9b8 (0x001284a3) mem 0x800108d3 0x40
core   0: 0x8000b9bc (0x023338b3) mulhu   a7, t1, gp
core   0: 3 0x8000b9bc (0x023338b3) x17 0x000000f2
core   0: 0x8000b9c0 (0x0288ecb3) rem     s9, a7, s0
core   0: 3 0x8000b9c0 (0x0288ecb3) x25 0x00000024
core   0: 0x8000b9c4 (0xff728a23) sb      s7, -12(t0)
core   0: 3 0x8000b9c4 (0xff728a23) mem 0x800108be 0x7a
core   0: 0x8000b9c8 (0xffb2c303) lbu     t1, -5(t0)
core   0: 3 0x8000b9c8 (0xffb2c303) x 6 0x000000c5 mem 0x800108c5
core   0: 0x8000b9cc (0x00d53633) sltu    a2, a0, a3
core   0: 3 0x8000b9cc (0x00d53633) x12 0x00000000
core   0: 0x8000b9d0 (0x00c2d083) lhu     ra, 12(t0)
core   0: 3 0x8000b9d0 (0x00c2d083) x 1 0x0000a4d9 mem 0x800108d6
core   0: 0x8000b9d4 (0x00b28d83) lb      s11, 11(t0)
core   0: 3 0x8000b9d4 (0x00b28d83) x27 0x00000067 mem 0x800108d5
core   0: 0x8000b9d8 (0x52230993) addi    s3, t1, 1314
core   0: 3 0x8000b9d8 (0x52230993) x19 0x000005e7
core   0: 0x8000b9dc (0x41bf8333) sub     t1, t6, s11
core   0: 3 0x8000b9dc (0x41bf8333) x 6 0xffffff99
core   0: 0x8000b9e0 (0xa97f2b13) slti    s6, t5, -1385
core   0: 3 0x8000b9e0 (0xa97f2b13) x22 0x00000000
core   0: 0x8000b9e4 (0x01729023) sh      s7, 0(t0)
core   0: 3 0x8000b9e4 (0x01729023) mem 0x800108ca 0x147a
core   0: 0x8000b9e8 (0xff32c003) lbu     zero, -13(t0)
core   0: 3 0x8000b9e8 (0xff32c003) mem 0x800108bd
core   0: 0x8000b9ec (0xfe628aa3) sb      t1, -11(t0)
core   0: 3 0x8000b9ec (0xfe628aa3) mem 0x800108bf 0x99
core   0: 0x8000b9f0 (0x00012097) auipc   ra, 0x12
core   0: 3 0x8000b9f0 (0x00012097) x 1 0x8001d9f0
core   0: 0x8000b9f4 (0x56408093) addi    ra, ra, 1380
core   0: 3 0x8000b9f4 (0x56408093) x 1 0x8001df54
core   0: 0x8000b9f8 (0x03e09e03) lh      t3, 62(ra)
core   0: 3 0x8000b9f8 (0x03e09e03) x28 0xffffb541 mem 0x8001df92
core   0: 0x8000b9fc (0x03b15033) divu    zero, sp, s11
core   0: 3 0x8000b9fc (0x03b15033)
core   0: 0x8000ba00 (0x0de08183) lb      gp, 222(ra)
core   0: 3 0x8000ba00 (0x0de08183) x 3 0x0000001f mem 0x8001e032
core   0: 0x8000ba04 (0x028b2533) mulhsu  a0, s6, s0
core   0: 3 0x8000ba04 (0x028b2533) x10 0x00000000
core   0: 0x8000ba08 (0xf81083a3) sb      ra, -121(ra)
core   0: 3 0x8000ba08 (0xf81083a3) mem 0x8001dedb 0x54
core   0: 0x8000ba0c (0xf9808403) lb      s0, -104(ra)
core   0: 3 0x8000ba0c (0xf9808403) x 8 0xfffffff2 mem 0x8001deec
core   0: 0x8000ba10 (0x0e109923) sh      ra, 242(ra)
core   0: 3 0x8000ba10 (0x0e109923) mem 0x8001e046 0xdf54
core   0: 0x8000ba14 (0x00474d33) xor     s10, a4, tp
core   0: 3 0x8000ba14 (0x00474d33) x26 0x0000b043
core   0: 0x8000ba18 (0xf3f0c983) lbu     s3, -193(ra)
core   0: 3 0x8000ba18 (0xf3f0c983) x19 0x0000000a mem 0x8001de93
core   0: 0x8000ba1c (0x40b2dc93) srai    s9, t0, 11
core   0: 3 0x8000ba1c (0x40b2dc93) x25 0xfff00021
core   0: 0x8000ba20 (0x005d27b3) slt     a5, s10, t0
core   0: 3 0x8000ba20 (0x005d27b3) x15 0x00000000
core   0: 0x8000ba24 (0x10008303) lb      t1, 256(ra)
core   0: 3 0x8000ba24 (0x10008303) x 6 0xffffff92 mem 0x8001e054
core   0: 0x8000ba28 (0xf2e09b23) sh      a4, -202(ra)
core   0: 3 0x8000ba28 (0xf2e09b23) mem 0x8001de8a 0x0000
core   0: 0x8000ba2c (0x9f68bf13) sltiu   t5, a7, -1546
core   0: 3 0x8000ba2c (0x9f68bf13) x30 0x00000001
core   0: 0x8000ba30 (0x03434633) div     a2, t1, s4
core   0: 3 0x8000ba30 (0x03434633) x12 0x00000000
core   0: 0x8000ba34 (0x0376ef33) rem     t5, a3, s7
core   0: 3 0x8000ba34 (0x0376ef33) x30 0x00000000
core   0: 0x8000ba38 (0x0d408903) lb      s2, 212(ra)
core   0: 3 0x8000ba38 (0x0d408903) x18 0x0000007b mem 0x8001e028
core   0: 0x8000ba3c (0x0110cd03) lbu     s10, 17(ra)
core   0: 3 0x8000ba3c (0x0110cd03) x26 0x0000005e mem 0x8001df65
core   0: 0x8000ba40 (0x0a508283) lb      t0, 165(ra)
core   0: 3 0x8000ba40 (0x0a508283) x 5 0x00000024 mem 0x8001dff9
core   0: 0x8000ba44 (0xde10b697) auipc   a3, 0xde10b
core   0: 3 0x8000ba44 (0xde10b697) x13 0x5e116a44
core   0: 0x8000ba48 (0xa6c83213) sltiu   tp, a6, -1428
core   0: 3 0x8000ba48 (0xa6c83213) x 4 0x00000001
core   0: 0x8000ba4c (0x00809523) sh      s0, 10(ra)
core   0: 3 0x8000ba4c (0x00809523) mem 0x8001df5e 0xfff2
core   0: 0x8000ba50 (0x4170da93) srai    s5, ra, 23
core   0: 3 0x8000ba50 (0x4170da93) x21 0xffffff00
core   0: 0x8000ba54 (0xfc108203) lb      tp, -63(ra)
core   0: 3 0x8000ba54 (0xfc108203) x 4 0xffffffa8 mem 0x8001df15
core   0: 0x8000ba58 (0x03e22ab3) mulhsu  s5, tp, t5
core   0: 3 0x8000ba58 (0x03e22ab3) x21 0x00000000
core   0: 0x8000ba5c (0x0740c303) lbu     t1, 116(ra)
core   0: 3 0x8000ba5c (0x0740c303) x 6 0x00000031 mem 0x8001dfc8
core   0: 0x8000ba60 (0xffe0d603) lhu     a2, -2(ra)
core   0: 3 0x8000ba60 (0xffe0d603) x12 0x00007d3e mem 0x8001df52
core   0: 0x8000ba64 (0x035087a3) sb      s5, 47(ra)
core   0: 3 0x8000ba64 (0x035087a3) mem 0x8001df83 0x0
core   0: 0x8000ba68 (0xff40c003) lbu     zero, -12(ra)
core   0: 3 0x8000ba68 (0xff40c003) mem 0x8001df48
core   0: 0x8000ba6c (0xb9864993) xori    s3, a2, -1128
core   0: 3 0x8000ba6c (0xb9864993) x19 0xffff86a6
core   0: 0x8000ba70 (0xfeb08383) lb      t2, -21(ra)
core   0: 3 0x8000ba70 (0xfeb08383) x 7 0x0000005c mem 0x8001df3f
core   0: 0x8000ba74 (0x06609823) sh      t1, 112(ra)
core   0: 3 0x8000ba74 (0x06609823) mem 0x8001dfc4 0x0031
core   0: 0x8000ba78 (0xf9109c23) sh      a7, -104(ra)
core   0: 3 0x8000ba78 (0xf9109c23) mem 0x8001deec 0x00f2
core   0: 0x8000ba7c (0xf5508c83) lb      s9, -171(ra)
core   0: 3 0x8000ba7c (0xf5508c83) x25 0xffffffb1 mem 0x8001dea9
core   0: 0x8000ba80 (0x63873993) sltiu   s3, a4, 1592
core   0: 3 0x8000ba80 (0x63873993) x19 0x00000001
core   0: 0x8000ba84 (0xa0424d13) xori    s10, tp, -1532
core   0: 3 0x8000ba84 (0xa0424d13) x26 0x000005ac
core   0: 0x8000ba88 (0x00678f33) add     t5, a5, t1
core   0: 3 0x8000ba88 (0x00678f33) x30 0x00000031
core   0: 0x8000ba8c (0x03ab8333) mul     t1, s7, s10
core   0: 3 0x8000ba8c (0x03ab8333) x 6 0x3a8023f8
core   0: 0x8000ba90 (0x029fe3b3) rem     t2, t6, s1
core   0: 3 0x8000ba90 (0x029fe3b3) x 7 0x00000000
core   0: 0x8000ba94 (0xf630c383) lbu     t2, -157(ra)
core   0: 3 0x8000ba94 (0xf630c383) x 7 0x00000093 mem 0x8001deb7
core   0: 0x8000ba98 (0xfb009e23) sh      a6, -68(ra)
core   0: 3 0x8000ba98 (0xfb009e23) mem 0x8001df10 0x3001
core   0: 0x8000ba9c (0x03cb4733) div     a4, s6, t3
core   0: 3 0x8000ba9c (0x03cb4733) x14 0x00000000
core   0: 0x8000baa0 (0x0a6080a3) sb      t1, 161(ra)
core   0: 3 0x8000baa0 (0x0a6080a3) mem 0x8001dff5 0xf8
core   0: 0x8000baa4 (0x039c6b33) rem     s6, s8, s9
core   0: 3 0x8000baa4 (0x039c6b33) x22 0x00000030
core   0: 0x8000baa8 (0x02508e23) sb      t0, 60(ra)
core   0: 3 0x8000baa8 (0x02508e23) mem 0x8001df90 0x24
core   0: 0x8000baac (0x012ab9b3) sltu    s3, s5, s2
core   0: 3 0x8000baac (0x012ab9b3) x19 0x00000001
core   0: 0x8000bab0 (0x00019833) sll     a6, gp, zero
core   0: 3 0x8000bab0 (0x00019833) x16 0x0000001f
core   0: 0x8000bab4 (0xf1b08223) sb      s11, -252(ra)
core   0: 3 0x8000bab4 (0xf1b08223) mem 0x8001de58 0x67
core   0: 0x8000bab8 (0x00007217) auipc   tp, 0x7
core   0: 3 0x8000bab8 (0x00007217) x 4 0x80012ab8
core   0: 0x8000babc (0x26120213) addi    tp, tp, 609
core   0: 3 0x8000babc (0x26120213) x 4 0x80012d19
core   0: 0x8000bac0 (0x03333eb3) mulhu   t4, t1, s3
core   0: 3 0x8000bac0 (0x03333eb3) x29 0x00000000
core   0: 0x8000bac4 (0xfff20683) lb      a3, -1(tp)
core   0: 3 0x8000bac4 (0xfff20683) x13 0xffffffb6 mem 0x80012d18
core   0: 0x8000bac8 (0xfd920623) sb      s9, -52(tp)
core   0: 3 0x8000bac8 (0xfd920623) mem 0x80012ce5 0xb1
core   0: 0x8000bacc (0x41df0633) sub     a2, t5, t4
core   0: 3 0x8000bacc (0x41df0633) x12 0x00000031
core   0: 0x8000bad0 (0x02420583) lb      a1, 36(tp)
core   0: 3 0x8000bad0 (0x02420583) x11 0xffffffd5 mem 0x80012d3d
core   0: 0x8000bad4 (0x0c25f393) andi    t2, a1, 194
core   0: 3 0x8000bad4 (0x0c25f393) x 7 0x000000c0
core   0: 0x8000bad8 (0xff320a23) sb      s3, -12(tp)
core   0: 3 0x8000bad8 (0xff320a23) mem 0x80012d0d 0x1
core   0: 0x8000badc (0xff320e03) lb      t3, -13(tp)
core   0: 3 0x8000badc (0xff320e03) x28 0x0000007b mem 0x80012d0c
core   0: 0x8000bae0 (0xfe720723) sb      t2, -18(tp)
core   0: 3 0x8000bae0 (0xfe720723) mem 0x80012d07 0xc0
core   0: 0x8000bae4 (0x011582b3) add     t0, a1, a7
core   0: 3 0x8000bae4 (0x011582b3) x 5 0x000000c7
core   0: 0x8000bae8 (0x03424783) lbu     a5, 52(tp)
core   0: 3 0x8000bae8 (0x03424783) x15 0x000000e6 mem 0x80012d4d
core   0: 0x8000baec (0x03820803) lb      a6, 56(tp)
core   0: 3 0x8000baec (0x03820803) x16 0xffffffbf mem 0x80012d51
core   0: 0x8000baf0 (0x00b5e333) or      t1, a1, a1
core   0: 3 0x8000baf0 (0x00b5e333) x 6 0xffffffd5
core   0: 0x8000baf4 (0x01c20d23) sb      t3, 26(tp)
core   0: 3 0x8000baf4 (0x01c20d23) mem 0x80012d33 0x7b
core   0: 0x8000baf8 (0x00823b33) sltu    s6, tp, s0
core   0: 3 0x8000baf8 (0x00823b33) x22 0x00000001
core   0: 0x8000bafc (0x96c64f17) auipc   t5, 0x96c64
core   0: 3 0x8000bafc (0x96c64f17) x30 0x16c6fafc
core   0: 0x8000bb00 (0xe044f093) andi    ra, s1, -508
core   0: 3 0x8000bb00 (0xe044f093) x 1 0x0038a400
core   0: 0x8000bb04 (0x02624003) lbu     zero, 38(tp)
core   0: 3 0x8000bb04 (0x02624003) mem 0x80012d3f
core   0: 0x8000bb08 (0x21bd4913) xori    s2, s10, 539
core   0: 3 0x8000bb08 (0x21bd4913) x18 0x000007b7
core   0: 0x8000bb0c (0xa5af2d13) slti    s10, t5, -1446
core   0: 3 0x8000bb0c (0xa5af2d13) x26 0x00000000
core   0: 0x8000bb10 (0x01c24503) lbu     a0, 28(tp)
core   0: 3 0x8000bb10 (0x01c24503) x10 0x00000029 mem 0x80012d35
core   0: 0x8000bb14 (0x417b54b3) sra     s1, s6, s7
core   0: 3 0x8000bb14 (0x417b54b3) x 9 0x00000000
core   0: 0x8000bb18 (0x006eae33) slt     t3, t4, t1
core   0: 3 0x8000bb18 (0x006eae33) x28 0x00000000
core   0: 0x8000bb1c (0x017f3e93) sltiu   t4, t5, 23
core   0: 3 0x8000bb1c (0x017f3e93) x29 0x00000000
core   0: 0x8000bb20 (0xfd820403) lb      s0, -40(tp)
core   0: 3 0x8000bb20 (0xfd820403) x 8 0x00000006 mem 0x80012cf1
core   0: 0x8000bb24 (0x00d20ba3) sb      a3, 23(tp)
core   0: 3 0x8000bb24 (0x00d20ba3) mem 0x80012d30 0xb6
core   0: 0x8000bb28 (0x408d5d93) srai    s11, s10, 8
core   0: 3 0x8000bb28 (0x408d5d93) x27 0x00000000
core   0: 0x8000bb2c (0x00820823) sb      s0, 16(tp)
core   0: 3 0x8000bb2c (0x00820823) mem 0x80012d29 0x6
core   0: 0x8000bb30 (0xfc120703) lb      a4, -63(tp)
core   0: 3 0x8000bb30 (0xfc120703) x14 0xffffffea mem 0x80012cda
core   0: 0x8000bb34 (0xfe224283) lbu     t0, -30(tp)
core   0: 3 0x8000bb34 (0xfe224283) x 5 0x00000046 mem 0x80012cfb
core   0: 0x8000bb38 (0x03cb15b3) mulh    a1, s6, t3
core   0: 3 0x8000bb38 (0x03cb15b3) x11 0x00000000
core   0: 0x8000bb3c (0xfc1229a3) sw      ra, -45(tp)
core   0: 3 0x8000bb3c (0xfc1229a3) mem 0x80012cec 0x0038a400
core   0: 0x8000bb40 (0x03f24e83) lbu     t4, 63(tp)
core   0: 3 0x8000bb40 (0x03f24e83) x29 0x000000eb mem 0x80012d58
core   0: 0x8000bb44 (0xfdf25003) lhu     zero, -33(tp)
core   0: 3 0x8000bb44 (0xfdf25003) mem 0x80012cf8
core   0: 0x8000bb48 (0x02424183) lbu     gp, 36(tp)
core   0: 3 0x8000bb48 (0x02424183) x 3 0x000000d5 mem 0x80012d3d
core   0: 0x8000bb4c (0x03922da3) sw      s9, 59(tp)
core   0: 3 0x8000bb4c (0x03922da3) mem 0x80012d54 0xffffffb1
core   0: 0x8000bb50 (0x00020523) sb      zero, 10(tp)
core   0: 3 0x8000bb50 (0x00020523) mem 0x80012d23 0x0
core   0: 0x8000bb54 (0x03adf1b3) remu    gp, s11, s10
core   0: 3 0x8000bb54 (0x03adf1b3) x 3 0x00000000
core   0: 0x8000bb58 (0xe188b893) sltiu   a7, a7, -488
core   0: 3 0x8000bb58 (0xe188b893) x17 0x00000001
core   0: 0x8000bb5c (0x01220283) lb      t0, 18(tp)
core   0: 3 0x8000bb5c (0x01220283) x 5 0x0000002f mem 0x80012d2b
core   0: 0x8000bb60 (0x01a841b3) xor     gp, a6, s10
core   0: 3 0x8000bb60 (0x01a841b3) x 3 0xffffffbf
core   0: 0x8000bb64 (0x0321feb3) remu    t4, gp, s2
core   0: 3 0x8000bb64 (0x0321feb3) x29 0x00000759
core   0: 0x8000bb68 (0xfca20483) lb      s1, -54(tp)
core   0: 3 0x8000bb68 (0xfca20483) x 9 0x0000000c mem 0x80012ce3
core   0: 0x8000bb6c (0x03121b03) lh      s6, 49(tp)
core   0: 3 0x8000bb6c (0x03121b03) x22 0x0000718e mem 0x80012d4a
core   0: 0x8000bb70 (0xfdb21783) lh      a5, -37(tp)
core   0: 3 0x8000bb70 (0xfdb21783) x15 0x00001fe3 mem 0x80012cf4
core   0: 0x8000bb74 (0x49a00693) li      a3, 1178
core   0: 3 0x8000bb74 (0x49a00693) x13 0x0000049a
core   0: 0x8000bb78 (0xfe920083) lb      ra, -23(tp)
core   0: 3 0x8000bb78 (0xfe920083) x 1 0xffffffe3 mem 0x80012d02
core   0: 0x8000bb7c (0x40e553b3) sra     t2, a0, a4
core   0: 3 0x8000bb7c (0x40e553b3) x 7 0x00000000
core   0: 0x8000bb80 (0x03c1a5b3) mulhsu  a1, gp, t3
core   0: 3 0x8000bb80 (0x03c1a5b3) x11 0x00000000
core   0: 0x8000bb84 (0xfee20703) lb      a4, -18(tp)
core   0: 3 0x8000bb84 (0xfee20703) x14 0xffffffc0 mem 0x80012d07
core   0: 0x8000bb88 (0x00005317) auipc   t1, 0x5
core   0: 3 0x8000bb88 (0x00005317) x 6 0x80010b88
core   0: 0x8000bb8c (0xa0a30313) addi    t1, t1, -1526
core   0: 3 0x8000bb8c (0xa0a30313) x 6 0x80010592
core   0: 0x8000bb90 (0x03af7cb3) remu    s9, t5, s10
core   0: 3 0x8000bb90 (0x03af7cb3) x25 0x16c6fafc
core   0: 0x8000bb94 (0x01661613) slli    a2, a2, 22
core   0: 3 0x8000bb94 (0x01661613) x12 0x0c400000
core   0: 0x8000bb98 (0x01ffa533) slt     a0, t6, t6
core   0: 3 0x8000bb98 (0x01ffa533) x10 0x00000000
core   0: 0x8000bb9c (0x00c525b3) slt     a1, a0, a2
core   0: 3 0x8000bb9c (0x00c525b3) x11 0x00000001
core   0: 0x8000bba0 (0x01049693) slli    a3, s1, 16
core   0: 3 0x8000bba0 (0x01049693) x13 0x000c0000
core   0: 0x8000bba4 (0x03e67033) remu    zero, a2, t5
core   0: 3 0x8000bba4 (0x03e67033)
core   0: 0x8000bba8 (0x014c4eb3) xor     t4, s8, s4
core   0: 3 0x8000bba8 (0x014c4eb3) x29 0xc07c06be
core   0: 0x8000bbac (0x00c6d593) srli    a1, a3, 12
core   0: 3 0x8000bbac (0x00c6d593) x11 0x000000c0
core   0: 0x8000bbb0 (0x02885433) divu    s0, a6, s0
core   0: 3 0x8000bbb0 (0x02885433) x 8 0x2aaaaa9f
core   0: 0x8000bbb4 (0x01d8f2b3) and     t0, a7, t4
core   0: 3 0x8000bbb4 (0x01d8f2b3) x 5 0x00000000
core   0: 0x8000bbb8 (0x00474b33) xor     s6, a4, tp
core   0: 3 0x8000bbb8 (0x00474b33) x22 0x7ffed2d9
core   0: 0x8000bbbc (0xfc835d03) lhu     s10, -56(t1)
core   0: 3 0x8000bbbc (0xfc835d03) x26 0x00007a28 mem 0x8001055a
core   0: 0x8000bbc0 (0x03d34c83) lbu     s9, 61(t1)
core   0: 3 0x8000bbc0 (0x03d34c83) x25 0x00000036 mem 0x800105cf
core   0: 0x8000bbc4 (0xfef92793) slti    a5, s2, -17
core   0: 3 0x8000bbc4 (0xfef92793) x15 0x00000000
core   0: 0x8000bbc8 (0xfde31603) lh      a2, -34(t1)
core   0: 3 0x8000bbc8 (0xfde31603) x12 0xffffffe3 mem 0x80010570
core   0: 0x8000bbcc (0x01c31c23) sh      t3, 24(t1)
core   0: 3 0x8000bbcc (0x01c31c23) mem 0x800105aa 0x0000
core   0: 0x8000bbd0 (0x2b5dc913) xori    s2, s11, 693
core   0: 3 0x8000bbd0 (0x2b5dc913) x18 0x000002b5
core   0: 0x8000bbd4 (0x01fa1db3) sll     s11, s4, t6
core   0: 3 0x8000bbd4 (0x01fa1db3) x27 0x80029ce4
core   0: 0x8000bbd8 (0x009bd213) srli    tp, s7, 9
core   0: 3 0x8000bbd8 (0x009bd213) x 4 0x005aa48a
core   0: 0x8000bbdc (0xfd235203) lhu     tp, -46(t1)
core   0: 3 0x8000bbdc (0xfd235203) x 4 0x0000a5dd mem 0x80010564
core   0: 0x8000bbe0 (0x01605033) srl     zero, zero, s6
core   0: 3 0x8000bbe0 (0x01605033)
core   0: 0x8000bbe4 (0x95dca913) slti    s2, s9, -1699
core   0: 3 0x8000bbe4 (0x95dca913) x18 0x00000000
core   0: 0x8000bbe8 (0xc2cbca93) xori    s5, s7, -980
core   0: 3 0x8000bbe8 (0xc2cbca93) x21 0x4ab6e856
core   0: 0x8000bbec (0x00fa7b33) and     s6, s4, a5
core   0: 3 0x8000bbec (0x00fa7b33) x22 0x00000000
core   0: 0x8000bbf0 (0x40c209b3) sub     s3, tp, a2
core   0: 3 0x8000bbf0 (0x40c209b3) x19 0x0000a5fa
core   0: 0x8000bbf4 (0xf2b4a493) slti    s1, s1, -213
core   0: 3 0x8000bbf4 (0xf2b4a493) x 9 0x00000000
core   0: 0x8000bbf8 (0x024fcf33) div     t5, t6, tp
core   0: 3 0x8000bbf8 (0x024fcf33) x30 0x00000000
core   0: 0x8000bbfc (0x02c30ea3) sb      a2, 61(t1)
core   0: 3 0x8000bbfc (0x02c30ea3) mem 0x800105cf 0xe3
core   0: 0x8000bc00 (0x009243b3) xor     t2, tp, s1
core   0: 3 0x8000bc00 (0x009243b3) x 7 0x0000a5dd
core   0: 0x8000bc04 (0x01830983) lb      s3, 24(t1)
core   0: 3 0x8000bc04 (0x01830983) x19 0x00000000 mem 0x800105aa
core   0: 0x8000bc08 (0x02e3a9b3) mulhsu  s3, t2, a4
core   0: 3 0x8000bc08 (0x02e3a9b3) x19 0x0000a5dc
core   0: 0x8000bc0c (0x0066c9b3) xor     s3, a3, t1
core   0: 3 0x8000bc0c (0x0066c9b3) x19 0x800d0592
core   0: 0x8000bc10 (0x03e31183) lh      gp, 62(t1)
core   0: 3 0x8000bc10 (0x03e31183) x 3 0xffffdbfb mem 0x800105d0
core   0: 0x8000bc14 (0x41695733) sra     a4, s2, s6
core   0: 3 0x8000bc14 (0x41695733) x14 0x00000000
core   0: 0x8000bc18 (0xfef34c03) lbu     s8, -17(t1)
core   0: 3 0x8000bc18 (0xfef34c03) x24 0x00000000 mem 0x80010581
core   0: 0x8000bc1c (0x0223e033) rem     zero, t2, sp
core   0: 3 0x8000bc1c (0x0223e033)
core   0: 0x8000bc20 (0x03300eb3) mul     t4, zero, s3
core   0: 3 0x8000bc20 (0x03300eb3) x29 0x00000000
core   0: 0x8000bc24 (0x03734703) lbu     a4, 55(t1)
core   0: 3 0x8000bc24 (0x03734703) x14 0x00000021 mem 0x800105c9
core   0: 0x8000bc28 (0x0387bab3) mulhu   s5, a5, s8
core   0: 3 0x8000bc28 (0x0387bab3) x21 0x00000000
core   0: 0x8000bc2c (0x03734683) lbu     a3, 55(t1)
core   0: 3 0x8000bc2c (0x03734683) x13 0x00000021 mem 0x800105c9
core   0: 0x8000bc30 (0x005fdc33) srl     s8, t6, t0
core   0: 3 0x8000bc30 (0x005fdc33) x24 0x00000000
core   0: 0x8000bc34 (0xfc131f23) sh      ra, -34(t1)
core   0: 3 0x8000bc34 (0xfc131f23) mem 0x80010570 0xffe3
core   0: 0x8000bc38 (0x03a30e23) sb      s10, 60(t1)
core   0: 3 0x8000bc38 (0x03a30e23) mem 0x800105ce 0x28
core   0: 0x8000bc3c (0x00004d97) auipc   s11, 0x4
core   0: 3 0x8000bc3c (0x00004d97) x27 0x8000fc3c
core   0: 0x8000bc40 (0x660d8d93) addi    s11, s11, 1632
core   0: 3 0x8000bc40 (0x660d8d93) x27 0x8001029c
core   0: 0x8000bc44 (0x03eaee33) rem     t3, s5, t5
core   0: 3 0x8000bc44 (0x03eaee33) x28 0x00000000
core   0: 0x8000bc48 (0x02ba22b3) mulhsu  t0, s4, a1
core   0: 3 0x8000bc48 (0x02ba22b3) x 5 0xffffffa0
core   0: 0x8000bc4c (0x02dcf6b3) remu    a3, s9, a3
core   0: 3 0x8000bc4c (0x02dcf6b3) x13 0x00000015
core   0: 0x8000bc50 (0xff4d8da3) sb      s4, -5(s11)
core   0: 3 0x8000bc50 (0xff4d8da3) mem 0x80010297 0xe4
core   0: 0x8000bc54 (0xfd0dad03) lw      s10, -48(s11)
core   0: 3 0x8000bc54 (0xfd0dad03) x26 0x942fa9b5 mem 0x8001026c
core   0: 0x8000bc58 (0x00000013) nop
core   0: 3 0x8000bc58 (0x00000013)
core   0: 0x8000bc5c (0xfced8483) lb      s1, -50(s11)
core   0: 3 0x8000bc5c (0xfced8483) x 9 0xffffffba mem 0x8001026a
core   0: 0x8000bc60 (0xff6d9b03) lh      s6, -10(s11)
core   0: 3 0x8000bc60 (0xff6d9b03) x22 0xffffae27 mem 0x80010292
core   0: 0x8000bc64 (0xfd2d9883) lh      a7, -46(s11)
core   0: 3 0x8000bc64 (0xfd2d9883) x17 0xffff942f mem 0x8001026e
core   0: 0x8000bc68 (0xff9d8d03) lb      s10, -7(s11)
core   0: 3 0x8000bc68 (0xff9d8d03) x26 0xffffffc0 mem 0x80010295
core   0: 0x8000bc6c (0x41d155b3) sra     a1, sp, t4
core   0: 3 0x8000bc6c (0x41d155b3) x11 0x80025da4
core   0: 0x8000bc70 (0x401fd333) sra     t1, t6, ra
core   0: 3 0x8000bc70 (0x401fd333) x 6 0x00000000
core   0: 0x8000bc74 (0x030d8883) lb      a7, 48(s11)
core   0: 3 0x8000bc74 (0x030d8883) x17 0x00000035 mem 0x800102cc
core   0: 0x8000bc78 (0xff6d8da3) sb      s6, -5(s11)
core   0: 3 0x8000bc78 (0xff6d8da3) mem 0x80010297 0x27
core   0: 0x8000bc7c (0x024d89a3) sb      tp, 51(s11)
core   0: 3 0x8000bc7c (0x024d89a3) mem 0x800102cf 0xdd
core   0: 0x8000bc80 (0x005d8383) lb      t2, 5(s11)
core   0: 3 0x8000bc80 (0x005d8383) x 7 0xffffffe1 mem 0x800102a1
core   0: 0x8000bc84 (0x409e0f33) sub     t5, t3, s1
core   0: 3 0x8000bc84 (0x409e0f33) x30 0x00000046
core   0: 0x8000bc88 (0xa5c06993) ori     s3, zero, -1444
core   0: 3 0x8000bc88 (0xa5c06993) x19 0xfffffa5c
core   0: 0x8000bc8c (0xfd0d9d23) sh      a6, -38(s11)
core   0: 3 0x8000bc8c (0xfd0d9d23) mem 0x80010276 0xffbf
core   0: 0x8000bc90 (0x10ecef93) ori     t6, s9, 270
core   0: 3 0x8000bc90 (0x10ecef93) x31 0x0000013e
core   0: 0x8000bc94 (0x036dc7b3) div     a5, s11, s6
core   0: 3 0x8000bc94 (0x036dc7b3) x15 0x00019057
core   0: 0x8000bc98 (0x02fd8183) lb      gp, 47(s11)
core   0: 3 0x8000bc98 (0x02fd8183) x 3 0x00000073 mem 0x800102cb
core   0: 0x8000bc9c (0x41960e33) sub     t3, a2, s9
core   0: 3 0x8000bc9c (0x41960e33) x28 0xffffffad
core   0: 0x8000bca0 (0xfc4d8503) lb      a0, -60(s11)
core   0: 3 0x8000bca0 (0xfc4d8503) x10 0xfffffff7 mem 0x80010260
core   0: 0x8000bca4 (0x026dbfb3) mulhu   t6, s11, t1
core   0: 3 0x8000bca4 (0x026dbfb3) x31 0x00000000
core   0: 0x8000bca8 (0xfd2d8503) lb      a0, -46(s11)
core   0: 3 0x8000bca8 (0xfd2d8503) x10 0x0000002f mem 0x8001026e
core   0: 0x8000bcac (0xfefd9923) sh      a5, -14(s11)
core   0: 3 0x8000bcac (0xfefd9923) mem 0x8001028e 0x9057
core   0: 0x8000bcb0 (0x02cd9603) lh      a2, 44(s11)
core   0: 3 0x8000bcb0 (0x02cd9603) x12 0x00002e81 mem 0x800102c8
core   0: 0x8000bcb4 (0x019d8083) lb      ra, 25(s11)
core   0: 3 0x8000bcb4 (0x019d8083) x 1 0xffffffbb mem 0x800102b5
core   0: 0x8000bcb8 (0x008dac83) lw      s9, 8(s11)
core   0: 3 0x8000bcb8 (0x008dac83) x25 0xbda6c607 mem 0x800102a4
core   0: 0x8000bcbc (0x55e1c193) xori    gp, gp, 1374
core   0: 3 0x8000bcbc (0x55e1c193) x 3 0x0000052d
core   0: 0x8000bcc0 (0x02ea5233) divu    tp, s4, a4
core   0: 3 0x8000bcc0 (0x02ea5233) x 4 0x03e10c83
core   0: 0x8000bcc4 (0x264bf913) andi    s2, s7, 612
core   0: 3 0x8000bcc4 (0x264bf913) x18 0x00000060
core   0: 0x8000bcc8 (0xfc6d9a23) sh      t1, -44(s11)
core   0: 3 0x8000bcc8 (0xfc6d9a23) mem 0x80010270 0x0000
core   0: 0x8000bccc (0xfedd8a83) lb      s5, -19(s11)
core   0: 3 0x8000bccc (0xfedd8a83) x21 0x0000005c mem 0x80010289
core   0: 0x8000bcd0 (0x02935e33) divu    t3, t1, s1
core   0: 3 0x8000bcd0 (0x02935e33) x28 0x00000000
core   0: 0x8000bcd4 (0x040dcc83) lbu     s9, 64(s11)
core   0: 3 0x8000bcd4 (0x040dcc83) x25 0x00000004 mem 0x800102dc
core   0: 0x8000bcd8 (0x013fd333) srl     t1, t6, s3
core   0: 3 0x8000bcd8 (0x013fd333) x 6 0x00000000
core   0: 0x8000bcdc (0x022d8083) lb      ra, 34(s11)
core   0: 3 0x8000bcdc (0x022d8083) x 1 0xffffffd6 mem 0x800102be
core   0: 0x8000bce0 (0x01612eb3) slt     t4, sp, s6
core   0: 3 0x8000bce0 (0x01612eb3) x29 0x00000001
core   0: 0x8000bce4 (0x03a0ccb3) div     s9, ra, s10
core   0: 3 0x8000bce4 (0x03a0ccb3) x25 0x00000000
core   0: 0x8000bce8 (0xff7d8c03) lb      s8, -9(s11)
core   0: 3 0x8000bce8 (0xff7d8c03) x24 0xffffffae mem 0x80010293
core   0: 0x8000bcec (0x008dd183) lhu     gp, 8(s11)
core   0: 3 0x8000bcec (0x008dd183) x 3 0x0000c607 mem 0x800102a4
core   0: 0x8000bcf0 (0x015dcf03) lbu     t5, 21(s11)
core   0: 3 0x8000bcf0 (0x015dcf03) x30 0x0000005c mem 0x800102b1
core   0: 0x8000bcf4 (0x02183b33) mulhu   s6, a6, ra
core   0: 3 0x8000bcf4 (0x02183b33) x22 0xffffff95
core   0: 0x8000bcf8 (0x00fd8603) lb      a2, 15(s11)
core   0: 3 0x8000bcf8 (0x00fd8603) x12 0xffffff95 mem 0x800102ab
core   0: 0x8000bcfc (0x020d9f03) lh      t5, 32(s11)
core   0: 3 0x8000bcfc (0x020d9f03) x30 0xffffbf4e mem 0x800102bc
core   0: 0x8000bd00 (0x033d6933) rem     s2, s10, s3
core   0: 3 0x8000bd00 (0x033d6933) x18 0xffffffc0
core   0: 0x8000bd04 (0x009f9633) sll     a2, t6, s1
core   0: 3 0x8000bd04 (0x009f9633) x12 0x00000000
core   0: 0x8000bd08 (0xd86b8393) addi    t2, s7, -634
core   0: 3 0x8000bd08 (0xd86b8393) x 7 0xb5491200
core   0: 0x8000bd0c (0xfccd8803) lb      a6, -52(s11)
core   0: 3 0x8000bd0c (0xfccd8803) x16 0xffffffde mem 0x80010268
core   0: 0x8000bd10 (0x00012917) auipc   s2, 0x12
core   0: 3 0x8000bd10 (0x00012917) x18 0x8001dd10
core   0: 0x8000bd14 (0x65490913) addi    s2, s2, 1620
core   0: 3 0x8000bd14 (0x65490913) x18 0x8001e364
core   0: 0x8000bd18 (0x6dd90f23) sb      t4, 1758(s2)
core   0: 3 0x8000bd18 (0x6dd90f23) mem 0x8001ea42 0x1
core   0: 0x8000bd1c (0x4055d033) sra     zero, a1, t0
core   0: 3 0x8000bd1c (0x4055d033)
core   0: 0x8000bd20 (0x00e972b3) and     t0, s2, a4
core   0: 3 0x8000bd20 (0x00e972b3) x 5 0x00000020
core   0: 0x8000bd24 (0x00000013) nop
core   0: 3 0x8000bd24 (0x00000013)
core   0: 0x8000bd28 (0x03291603) lh      a2, 50(s2)
core   0: 3 0x8000bd28 (0x03291603) x12 0xfffffd8d mem 0x8001e396
core   0: 0x8000bd2c (0x031ff7b3) remu    a5, t6, a7
core   0: 3 0x8000bd2c (0x031ff7b3) x15 0x00000000
core   0: 0x8000bd30 (0xc5590123) sb      s5, -958(s2)
core   0: 3 0x8000bd30 (0xc5590123) mem 0x8001dfa6 0x5c
core   0: 0x8000bd34 (0x53b94503) lbu     a0, 1339(s2)
core   0: 3 0x8000bd34 (0x53b94503) x10 0x00000095 mem 0x8001e89f
core   0: 0x8000bd38 (0xbc090a23) sb      zero, -1068(s2)
core   0: 3 0x8000bd38 (0xbc090a23) mem 0x8001df38 0x0
core   0: 0x8000bd3c (0x5c078e37) lui     t3, 0x5c078
core   0: 3 0x8000bd3c (0x5c078e37) x28 0x5c078000
core   0: 0x8000bd40 (0x016e8cb3) add     s9, t4, s6
core   0: 3 0x8000bd40 (0x016e8cb3) x25 0xffffff96
core   0: 0x8000bd44 (0xe77ac493) xori    s1, s5, -393
core   0: 3 0x8000bd44 (0xe77ac493) x 9 0xfffffe2b
core   0: 0x8000bd48 (0x018b18b3) sll     a7, s6, s8
core   0: 3 0x8000bd48 (0x018b18b3) x17 0xffe54000
core   0: 0x8000bd4c (0x008109b3) add     s3, sp, s0
core   0: 3 0x8000bd4c (0x008109b3) x19 0xaaad0843
core   0: 0x8000bd50 (0x6f790303) lb      t1, 1783(s2)
core   0: 3 0x8000bd50 (0x6f790303) x 6 0x00000010 mem 0x8001ea5b
core   0: 0x8000bd54 (0x8e194783) lbu     a5, -1823(s2)
core   0: 3 0x8000bd54 (0x8e194783) x15 0x000000ce mem 0x8001dc45
core   0: 0x8000bd58 (0x4a590503) lb      a0, 1189(s2)
core   0: 3 0x8000bd58 (0x4a590503) x10 0xfffffff8 mem 0x8001e809
core   0: 0x8000bd5c (0x030ca033) mulhsu  zero, s9, a6
core   0: 3 0x8000bd5c (0x030ca033)
core   0: 0x8000bd60 (0x01137233) and     tp, t1, a7
core   0: 3 0x8000bd60 (0x01137233) x 4 0x00000000
core   0: 0x8000bd64 (0xd0394703) lbu     a4, -765(s2)
core   0: 3 0x8000bd64 (0xd0394703) x14 0x0000004b mem 0x8001e067
core   0: 0x8000bd68 (0x030ff6b3) remu    a3, t6, a6
core   0: 3 0x8000bd68 (0x030ff6b3) x13 0x00000000
core   0: 0x8000bd6c (0x016bd213) srli    tp, s7, 22
core   0: 3 0x8000bd6c (0x016bd213) x 4 0x000002d5
core   0: 0x8000bd70 (0x0201a033) mulhsu  zero, gp, zero
core   0: 3 0x8000bd70 (0x0201a033)
core   0: 0x8000bd74 (0x4199d833) sra     a6, s3, s9
core   0: 3 0x8000bd74 (0x4199d833) x16 0xfffffeaa
core   0: 0x8000bd78 (0x022d8833) mul     a6, s11, sp
core   0: 3 0x8000bd78 (0x022d8833) x16 0x63d057f0
core   0: 0x8000bd7c (0x93b90d83) lb      s11, -1733(s2)
core   0: 3 0x8000bd7c (0x93b90d83) x27 0x00000033 mem 0x8001dc9f
core   0: 0x8000bd80 (0x1564fb37) lui     s6, 0x1564f
core   0: 3 0x8000bd80 (0x1564fb37) x22 0x1564f000
core   0: 0x8000bd84 (0xa9794183) lbu     gp, -1385(s2)
core   0: 3 0x8000bd84 (0xa9794183) x 3 0x00000073 mem 0x8001ddfb
core   0: 0x8000bd88 (0x00000013) nop
core   0: 3 0x8000bd88 (0x00000013)
core   0: 0x8000bd8c (0xaf790083) lb      ra, -1289(s2)
core   0: 3 0x8000bd8c (0xaf790083) x 1 0x00000055 mem 0x8001de5b
core   0: 0x8000bd90 (0xd2392423) sw      gp, -728(s2)
core   0: 3 0x8000bd90 (0xd2392423) mem 0x8001e08c 0x00000073
core   0: 0x8000bd94 (0x02e6ed33) rem     s10, a3, a4
core   0: 3 0x8000bd94 (0x02e6ed33) x26 0x00000000
core   0: 0x8000bd98 (0x0337c6b3) div     a3, a5, s3
core   0: 3 0x8000bd98 (0x0337c6b3) x13 0x00000000
core   0: 0x8000bd9c (0xf6390f23) sb      gp, -130(s2)
core   0: 3 0x8000bd9c (0xf6390f23) mem 0x8001e2e2 0x73
core   0: 0x8000bda0 (0xa4894503) lbu     a0, -1464(s2)
core   0: 3 0x8000bda0 (0xa4894503) x10 0x0000004d mem 0x8001ddac
core   0: 0x8000bda4 (0x03205b33) divu    s6, zero, s2
core   0: 3 0x8000bda4 (0x03205b33) x22 0x00000000
core   0: 0x8000bda8 (0x009b2633) slt     a2, s6, s1
core   0: 3 0x8000bda8 (0x009b2633) x12 0x00000000
core   0: 0x8000bdac (0x06a92223) sw      a0, 100(s2)
core   0: 3 0x8000bdac (0x06a92223) mem 0x8001e3c8 0x0000004d
core   0: 0x8000bdb0 (0xc9a90303) lb      t1, -870(s2)
core   0: 3 0x8000bdb0 (0xc9a90303) x 6 0x00000037 mem 0x8001dffe
core   0: 0x8000bdb4 (0x1b7904a3) sb      s7, 425(s2)
core   0: 3 0x8000bdb4 (0x1b7904a3) mem 0x8001e50d 0x7a
core   0: 0x8000bdb8 (0x01f94b03) lbu     s6, 31(s2)
core   0: 3 0x8000bdb8 (0x01f94b03) x22 0x00000049 mem 0x8001e383
core   0: 0x8000bdbc (0xa3f69337) lui     t1, 0xa3f69
core   0: 3 0x8000bdbc (0xa3f69337) x 6 0xa3f69000
core   0: 0x8000bdc0 (0x9d5905a3) sb      s5, -1589(s2)
core   0: 3 0x8000bdc0 (0x9d5905a3) mem 0x8001dd2f 0x5c
core   0: 0x8000bdc4 (0xa9512893) slti    a7, sp, -1387
core   0: 3 0x8000bdc4 (0xa9512893) x17 0x00000001
core   0: 0x8000bdc8 (0x000b1e13) slli    t3, s6, 0
core   0: 3 0x8000bdc8 (0x000b1e13) x28 0x00000049
core   0: 0x8000bdcc (0x4c5903a3) sb      t0, 1223(s2)
core   0: 3 0x8000bdcc (0x4c5903a3) mem 0x8001e82b 0x20
core   0: 0x8000bdd0 (0x0127d213) srli    tp, a5, 18
core   0: 3 0x8000bdd0 (0x0127d213) x 4 0x00000000
core   0: 0x8000bdd4 (0x416e06b3) sub     a3, t3, s6
core   0: 3 0x8000bdd4 (0x416e06b3) x13 0x00000000
core   0: 0x8000bdd8 (0xde794a83) lbu     s5, -537(s2)
core   0: 3 0x8000bdd8 (0xde794a83) x21 0x000000f3 mem 0x8001e14b
core   0: 0x8000bddc (0x40685b33) sra     s6, a6, t1
core   0: 3 0x8000bddc (0x40685b33) x22 0x63d057f0
core   0: 0x8000bde0 (0x661ba993) slti    s3, s7, 1633
core   0: 3 0x8000bde0 (0x661ba993) x19 0x00000001
core   0: 0x8000bde4 (0x0056fd33) and     s10, a3, t0
core   0: 3 0x8000bde4 (0x0056fd33) x26 0x00000000
core   0: 0x8000bde8 (0xf4d90403) lb      s0, -179(s2)
core   0: 3 0x8000bde8 (0xf4d90403) x 8 0x00000063 mem 0x8001e2b1
core   0: 0x8000bdec (0x47290e03) lb      t3, 1138(s2)
core   0: 3 0x8000bdec (0x47290e03) x28 0xffffff89 mem 0x8001e7d6
core   0: 0x8000bdf0 (0x00004817) auipc   a6, 0x4
core   0: 3 0x8000bdf0 (0x00004817) x16 0x8000fdf0
core   0: 0x8000bdf4 (0x36480813) addi    a6, a6, 868
core   0: 3 0x8000bdf4 (0x36480813) x16 0x80010154
core   0: 0x8000bdf8 (0x01184383) lbu     t2, 17(a6)
core   0: 3 0x8000bdf8 (0x01184383) x 7 0x00000030 mem 0x80010165
core   0: 0x8000bdfc (0x03d3e6b3) rem     a3, t2, t4
core   0: 3 0x8000bdfc (0x03d3e6b3) x13 0x00000000
core   0: 0x8000be00 (0x00000013) nop
core   0: 3 0x8000be00 (0x00000013)
core   0: 0x8000be04 (0xfc881283) lh      t0, -56(a6)
core   0: 3 0x8000be04 (0xfc881283) x 5 0xffffa481 mem 0x8001011c
core   0: 0x8000be08 (0x03c00db3) mul     s11, zero, t3
core   0: 3 0x8000be08 (0x03c00db3) x27 0x00000000
core   0: 0x8000be0c (0xfe082203) lw      tp, -32(a6)
core   0: 3 0x8000be0c (0xfe082203) x 4 0xd02f7af8 mem 0x80010134
core   0: 0x8000be10 (0x00580323) sb      t0, 6(a6)
core   0: 3 0x8000be10 (0x00580323) mem 0x8001015a 0x81
core   0: 0x8000be14 (0x01580d03) lb      s10, 21(a6)
core   0: 3 0x8000be14 (0x01580d03) x26 0xffffffe9 mem 0x80010169
core   0: 0x8000be18 (0x02984583) lbu     a1, 41(a6)
core   0: 3 0x8000be18 (0x02984583) x11 0x00000075 mem 0x8001017d
core   0: 0x8000be1c (0x00646733) or      a4, s0, t1
core   0: 3 0x8000be1c (0x00646733) x14 0xa3f69063
core   0: 0x8000be20 (0xfed80883) lb      a7, -19(a6)
core   0: 3 0x8000be20 (0xfed80883) x17 0xffffff9c mem 0x80010141
core   0: 0x8000be24 (0x00000013) nop
core   0: 3 0x8000be24 (0x00000013)
core   0: 0x8000be28 (0x0287b7b3) mulhu   a5, a5, s0
core   0: 3 0x8000be28 (0x0287b7b3) x15 0x00000000
core   0: 0x8000be2c (0x001e2eb3) slt     t4, t3, ra
core   0: 3 0x8000be2c (0x001e2eb3) x29 0x00000001
core   0: 0x8000be30 (0xfeb80503) lb      a0, -21(a6)
core   0: 3 0x8000be30 (0xfeb80503) x10 0x00000004 mem 0x8001013f
core   0: 0x8000be34 (0x00549733) sll     a4, s1, t0
core   0: 3 0x8000be34 (0x00549733) x14 0xfffffc56
core   0: 0x8000be38 (0x0106b2b3) sltu    t0, a3, a6
core   0: 3 0x8000be38 (0x0106b2b3) x 5 0x00000001
core   0: 0x8000be3c (0x01180ea3) sb      a7, 29(a6)
core   0: 3 0x8000be3c (0x01180ea3) mem 0x80010171 0x9c
core   0: 0x8000be40 (0x0218cb33) div     s6, a7, ra
core   0: 3 0x8000be40 (0x0218cb33) x22 0xffffffff
core   0: 0x8000be44 (0x00a81b23) sh      a0, 22(a6)
core   0: 3 0x8000be44 (0x00a81b23) mem 0x8001016a 0x0004
core   0: 0x8000be48 (0x019bd913) srli    s2, s7, 25
core   0: 3 0x8000be48 (0x019bd913) x18 0x0000005a
core   0: 0x8000be4c (0xedfa4f17) auipc   t5, 0xedfa4
core   0: 3 0x8000be4c (0xedfa4f17) x30 0x6dfafe4c
core   0: 0x8000be50 (0x01f57993) andi    s3, a0, 31
core   0: 3 0x8000be50 (0x01f57993) x19 0x00000004
core   0: 0x8000be54 (0x418cd9b3) sra     s3, s9, s8
core   0: 3 0x8000be54 (0x418cd9b3) x19 0xffffffff
core   0: 0x8000be58 (0x1adb3713) sltiu   a4, s6, 429
core   0: 3 0x8000be58 (0x1adb3713) x14 0x00000000
core   0: 0x8000be5c (0xfed84b03) lbu     s6, -19(a6)
core   0: 3 0x8000be5c (0xfed84b03) x22 0x0000009c mem 0x80010141
core   0: 0x8000be60 (0x02b52e33) mulhsu  t3, a0, a1
core   0: 3 0x8000be60 (0x02b52e33) x28 0x00000000
core   0: 0x8000be64 (0x00000013) nop
core   0: 3 0x8000be64 (0x00000013)
core   0: 0x8000be68 (0x01302b33) slt     s6, zero, s3
core   0: 3 0x8000be68 (0x01302b33) x22 0x00000000
core   0: 0x8000be6c (0x41d581b3) sub     gp, a1, t4
core   0: 3 0x8000be6c (0x41d581b3) x 3 0x00000074
core   0: 0x8000be70 (0x019b9893) slli    a7, s7, 25
core   0: 3 0x8000be70 (0x019b9893) x17 0xf4000000
core   0: 0x8000be74 (0xfdd80503) lb      a0, -35(a6)
core   0: 3 0x8000be74 (0xfdd80503) x10 0xfffffff3 mem 0x80010131
core   0: 0x8000be78 (0x00008d97) auipc   s11, 0x8
core   0: 3 0x8000be78 (0x00008d97) x27 0x80013e78
core   0: 0x8000be7c (0x646d8d93) addi    s11, s11, 1606
core   0: 3 0x8000be7c (0x646d8d93) x27 0x800144be
core   0: 0x8000be80 (0xbdbdc983) lbu     s3, -1061(s11)
core   0: 3 0x8000be80 (0xbdbdc983) x19 0x000000c6 mem 0x80014099
core   0: 0x8000be84 (0x40035ab3) sra     s5, t1, zero
core   0: 3 0x8000be84 (0x40035ab3) x21 0xa3f69000
core   0: 0x8000be88 (0x1d1d8e83) lb      t4, 465(s11)
core   0: 3 0x8000be88 (0x1d1d8e83) x29 0xffffffaa mem 0x8001468f
core   0: 0x8000be8c (0x0260e233) rem     tp, ra, t1
core   0: 3 0x8000be8c (0x0260e233) x 4 0x00000055
core   0: 0x8000be90 (0x6f8dde83) lhu     t4, 1784(s11)
core   0: 3 0x8000be90 (0x6f8dde83) x29 0x0000cadc mem 0x80014bb6
core   0: 0x8000be94 (0x5301ac93) slti    s9, gp, 1328
core   0: 3 0x8000be94 (0x5301ac93) x25 0x00000001
core   0: 0x8000be98 (0x02da2433) mulhsu  s0, s4, a3
core   0: 3 0x8000be98 (0x02da2433) x 8 0x00000000
core   0: 0x8000be9c (0x68cdab23) sw      a2, 1686(s11)
core   0: 3 0x8000be9c (0x68cdab23) mem 0x80014b54 0x00000000
core   0: 0x8000bea0 (0x3d5d9d23) sh      s5, 986(s11)
core   0: 3 0x8000bea0 (0x3d5d9d23) mem 0x80014898 0x9000
core   0: 0x8000bea4 (0x41db5393) srai    t2, s6, 29
core   0: 3 0x8000bea4 (0x41db5393) x 7 0x00000000
core   0: 0x8000bea8 (0xb62dca83) lbu     s5, -1182(s11)
core   0: 3 0x8000bea8 (0xb62dca83) x21 0x00000097 mem 0x80014020
core   0: 0x8000beac (0xc0bd80a3) sb      a1, -1023(s11)
core   0: 3 0x8000beac (0xc0bd80a3) mem 0x800140bf 0x75
core   0: 0x8000beb0 (0x02d2acb3) mulhsu  s9, t0, a3
core   0: 3 0x8000beb0 (0x02d2acb3) x25 0x00000000
core   0: 0x8000beb4 (0x012e5793) srli    a5, t3, 18
core   0: 3 0x8000beb4 (0x012e5793) x15 0x00000000
core   0: 0x8000beb8 (0x41b08433) sub     s0, ra, s11
core   0: 3 0x8000beb8 (0x41b08433) x 8 0x7ffebb97
core   0: 0x8000bebc (0x5e0d85a3) sb      zero, 1515(s11)
core   0: 3 0x8000bebc (0x5e0d85a3) mem 0x80014aa9 0x0
core   0: 0x8000bec0 (0x0002ffb3) and     t6, t0, zero
core   0: 3 0x8000bec0 (0x0002ffb3) x31 0x00000000
core   0: 0x8000bec4 (0x60ed8da3) sb      a4, 1563(s11)
core   0: 3 0x8000bec4 (0x60ed8da3) mem 0x80014ad9 0x0
core   0: 0x8000bec8 (0x942d9223) sh      sp, -1724(s11)
core   0: 3 0x8000bec8 (0x942d9223) mem 0x80013e02 0x5da4
core   0: 0x8000becc (0x01cfd913) srli    s2, t6, 28
core   0: 3 0x8000becc (0x01cfd913) x18 0x00000000
core   0: 0x8000bed0 (0x2b4d8423) sb      s4, 680(s11)
core   0: 3 0x8000bed0 (0x2b4d8423) mem 0x80014766 0xe4
core   0: 0x8000bed4 (0x6e8dde03) lhu     t3, 1768(s11)
core   0: 3 0x8000bed4 (0x6e8dde03) x28 0x0000a60d mem 0x80014ba6
core   0: 0x8000bed8 (0xf400feb7) lui     t4, 0xf400f
core   0: 3 0x8000bed8 (0xf400feb7) x29 0xf400f000
core   0: 0x8000bedc (0x00000013) nop
core   0: 3 0x8000bedc (0x00000013)
core   0: 0x8000bee0 (0x86cddc03) lhu     s8, -1940(s11)
core   0: 3 0x8000bee0 (0x86cddc03) x24 0x000070f4 mem 0x80013d2a
core   0: 0x8000bee4 (0x567dc783) lbu     a5, 1383(s11)
core   0: 3 0x8000bee4 (0x567dc783) x15 0x0000004b mem 0x80014a25
core   0: 0x8000bee8 (0x02045b33) divu    s6, s0, zero
core   0: 3 0x8000bee8 (0x02045b33) x22 0xffffffff
core   0: 0x8000beec (0x5efd9223) sh      a5, 1508(s11)
core   0: 3 0x8000beec (0x5efd9223) mem 0x80014aa2 0x004b
core   0: 0x8000bef0 (0x285e7493) andi    s1, t3, 645
core   0: 3 0x8000bef0 (0x285e7493) x 9 0x00000205
core   0: 0x8000bef4 (0x79add783) lhu     a5, 1946(s11)
core   0: 3 0x8000bef4 (0x79add783) x15 0x00001c40 mem 0x80014c58
core   0: 0x8000bef8 (0x878d9803) lh      a6, -1928(s11)
core   0: 3 0x8000bef8 (0x878d9803) x16 0xfffff5a6 mem 0x80013d36
core   0: 0x8000befc (0x016b9b13) slli    s6, s7, 22
core   0: 3 0x8000befc (0x016b9b13) x22 0x1e800000
core   0: 0x8000bf00 (0x0042c833) xor     a6, t0, tp
core   0: 3 0x8000bf00 (0x0042c833) x16 0x00000054
core   0: 0x8000bf04 (0x02c50833) mul     a6, a0, a2
core   0: 3 0x8000bf04 (0x02c50833) x16 0x00000000
core   0: 0x8000bf08 (0x01eba433) slt     s0, s7, t5
core   0: 3 0x8000bf08 (0x01eba433) x 8 0x00000001
core   0: 0x8000bf0c (0x41a2d3b3) sra     t2, t0, s10
core   0: 3 0x8000bf0c (0x41a2d3b3) x 7 0x00000000
core   0: 0x8000bf10 (0x02f8ec33) rem     s8, a7, a5
core   0: 3 0x8000bf10 (0x02f8ec33) x24 0xfffff780
core   0: 0x8000bf14 (0x016552b3) srl     t0, a0, s6
core   0: 3 0x8000bf14 (0x016552b3) x 5 0xfffffff3
core   0: 0x8000bf18 (0x003166b3) or      a3, sp, gp
core   0: 3 0x8000bf18 (0x003166b3) x13 0x80025df4
core   0: 0x8000bf1c (0x4847ed13) ori     s10, a5, 1156
core   0: 3 0x8000bf1c (0x4847ed13) x26 0x00001cc4
core   0: 0x8000bf20 (0x011a5c13) srli    s8, s4, 17
core   0: 3 0x8000bf20 (0x011a5c13) x24 0x00004001
core   0: 0x8000bf24 (0x0277e263) bltu    a5, t2, pc + 36
core   0: 3 0x8000bf24 (0x0277e263)
core   0: 0x8000bf28 (0x00121263) bne     tp, ra, pc + 4
core   0: 3 0x8000bf28 (0x00121263)
core   0: 0x8000bf2c (0x405a05b3) sub     a1, s4, t0
core   0: 3 0x8000bf2c (0x405a05b3) x11 0x80029cf1
core   0: 0x8000bf30 (0x02a24e63) blt     tp, a0, pc + 60
core   0: 3 0x8000bf30 (0x02a24e63)
core   0: 0x8000bf34 (0x01044e63) blt     s0, a6, pc + 28
core   0: 3 0x8000bf34 (0x01044e63)
core   0: 0x8000bf38 (0x0193d4b3) srl     s1, t2, s9
core   0: 3 0x8000bf38 (0x0193d4b3) x 9 0x00000000
core   0: 0x8000bf3c (0xfa0de013) ori     zero, s11, -96
core   0: 3 0x8000bf3c (0xfa0de013)
core   0: 0x8000bf40 (0x01da9193) slli    gp, s5, 29
core   0: 3 0x8000bf40 (0x01da9193) x 3 0xe0000000
core   0: 0x8000bf44 (0x00000013) nop
core   0: 3 0x8000bf44 (0x00000013)
core   0: 0x8000bf48 (0x43740f17) auipc   t5, 0x43740
core   0: 3 0x8000bf48 (0x43740f17) x30 0xc374bf48
core   0: 0x8000bf4c (0x403e5fb3) sra     t6, t3, gp
core   0: 3 0x8000bf4c (0x403e5fb3) x31 0x0000a60d
core   0: 0x8000bf50 (0x7573e913) ori     s2, t2, 1879
core   0: 3 0x8000bf50 (0x7573e913) x18 0x00000757
core   0: 0x8000bf54 (0x00000013) nop
core   0: 3 0x8000bf54 (0x00000013)
core   0: 0x8000bf58 (0x40375633) sra     a2, a4, gp
core   0: 3 0x8000bf58 (0x40375633) x12 0x00000000
core   0: 0x8000bf5c (0xab57e697) auipc   a3, 0xab57e
core   0: 3 0x8000bf5c (0xab57e697) x13 0x2b589f5c
core   0: 0x8000bf60 (0x00000013) nop
core   0: 3 0x8000bf60 (0x00000013)
core   0: 0x8000bf64 (0x3f3c7537) lui     a0, 0x3f3c7
core   0: 3 0x8000bf64 (0x3f3c7537) x10 0x3f3c7000
core   0: 0x8000bf68 (0x03889663) bne     a7, s8, pc + 44
core   0: 3 0x8000bf68 (0x03889663)
core   0: 0x8000bf94 (0x008da6b3) slt     a3, s11, s0
core   0: 3 0x8000bf94 (0x008da6b3) x13 0x00000001
core   0: 0x8000bf98 (0x004a9993) slli    s3, s5, 4
core   0: 3 0x8000bf98 (0x004a9993) x19 0x00000970
core   0: 0x8000bf9c (0x002fe463) bltu    t6, sp, pc + 8
core   0: 3 0x8000bf9c (0x002fe463)
core   0: 0x8000bfa4 (0x009c2fb3) slt     t6, s8, s1
core   0: 3 0x8000bfa4 (0x009c2fb3) x31 0x00000000
core   0: 0x8000bfa8 (0x0391fb33) remu    s6, gp, s9
core   0: 3 0x8000bfa8 (0x0391fb33) x22 0xe0000000
core   0: 0x8000bfac (0xc3f43613) sltiu   a2, s0, -961
core   0: 3 0x8000bfac (0xc3f43613) x12 0x00000001
core   0: 0x8000bfb0 (0x2990c613) xori    a2, ra, 665
core   0: 3 0x8000bfb0 (0x2990c613) x12 0x000002cc
core   0: 0x8000bfb4 (0x01739863) bne     t2, s7, pc + 16
core   0: 3 0x8000bfb4 (0x01739863)
core   0: 0x8000bfc4 (0x04fc6863) bltu    s8, a5, pc + 80
core   0: 3 0x8000bfc4 (0x04fc6863)
core   0: 0x8000bfc8 (0x02f02ab3) mulhsu  s5, zero, a5
core   0: 3 0x8000bfc8 (0x02f02ab3) x21 0x00000000
core   0: 0x8000bfcc (0x009a9193) slli    gp, s5, 9
core   0: 3 0x8000bfcc (0x009a9193) x 3 0x00000000
core   0: 0x8000bfd0 (0x40b2d6b3) sra     a3, t0, a1
core   0: 3 0x8000bfd0 (0x40b2d6b3) x13 0xffffffff
core   0: 0x8000bfd4 (0x418e5733) sra     a4, t3, s8
core   0: 3 0x8000bfd4 (0x418e5733) x14 0x00005306
core   0: 0x8000bfd8 (0x0383cdb3) div     s11, t2, s8
core   0: 3 0x8000bfd8 (0x0383cdb3) x27 0x00000000
core   0: 0x8000bfdc (0x401600b3) sub     ra, a2, ra
core   0: 3 0x8000bfdc (0x401600b3) x 1 0x00000277
core   0: 0x8000bfe0 (0x41a65e13) srai    t3, a2, 26
core   0: 3 0x8000bfe0 (0x41a65e13) x28 0x00000000
core   0: 0x8000bfe4 (0x0349c663) blt     s3, s4, pc + 44
core   0: 3 0x8000bfe4 (0x0349c663)
core   0: 0x8000bfe8 (0x5e883793) sltiu   a5, a6, 1512
core   0: 3 0x8000bfe8 (0x5e883793) x15 0x00000001
core   0: 0x8000bfec (0x223d3793) sltiu   a5, s10, 547
core   0: 3 0x8000bfec (0x223d3793) x15 0x00000000
core   0: 0x8000bff0 (0x01f27c93) andi    s9, tp, 31
core   0: 3 0x8000bff0 (0x01f27c93) x25 0x00000015
core   0: 0x8000bff4 (0x03fdc433) div     s0, s11, t6
core   0: 3 0x8000bff4 (0x03fdc433) x 8 0xffffffff
core   0: 0x8000bff8 (0x000c1fb3) sll     t6, s8, zero
core   0: 3 0x8000bff8 (0x000c1fb3) x31 0x00004001
core   0: 0x8000bffc (0xb52e8b13) addi    s6, t4, -1198
core   0: 3 0x8000bffc (0xb52e8b13) x22 0xf400eb52
core   0: 0x8000c000 (0xdc8d4e13) xori    t3, s10, -568
core   0: 3 0x8000c000 (0xdc8d4e13) x28 0xffffe10c
core   0: 0x8000c004 (0x7847bb13) sltiu   s6, a5, 1924
core   0: 3 0x8000c004 (0x7847bb13) x22 0x00000001
core   0: 0x8000c008 (0x00c43033) sltu    zero, s0, a2
core   0: 3 0x8000c008 (0x00c43033)
core   0: 0x8000c00c (0x012c46b3) xor     a3, s8, s2
core   0: 3 0x8000c00c (0x012c46b3) x13 0x00004756
core   0: 0x8000c010 (0x039dd0b3) divu    ra, s11, s9
core   0: 3 0x8000c010 (0x039dd0b3) x 1 0x00000000
core   0: 0x8000c014 (0x00000013) nop
core   0: 3 0x8000c014 (0x00000013)
core   0: 0x8000c018 (0x417ed993) srai    s3, t4, 23
core   0: 3 0x8000c018 (0x417ed993) x19 0xffffffe8
core   0: 0x8000c01c (0x0482f863) bgeu    t0, s0, pc + 80
core   0: 3 0x8000c01c (0x0482f863)
core   0: 0x8000c020 (0x02026c33) rem     s8, tp, zero
core   0: 3 0x8000c020 (0x02026c33) x24 0x00000055
core   0: 0x8000c024 (0x02f1bdb3) mulhu   s11, gp, a5
core   0: 3 0x8000c024 (0x02f1bdb3) x27 0x00000000
core   0: 0x8000c028 (0x7b0dc213) xori    tp, s11, 1968
core   0: 3 0x8000c028 (0x7b0dc213) x 4 0x000007b0
core   0: 0x8000c02c (0x1d9c8413) addi    s0, s9, 473
core   0: 3 0x8000c02c (0x1d9c8413) x 8 0x000001ee
core   0: 0x8000c030 (0x00741013) slli    zero, s0, 7
core   0: 3 0x8000c030 (0x00741013)
core   0: 0x8000c034 (0xfdac2493) slti    s1, s8, -38
core   0: 3 0x8000c034 (0xfdac2493) x 9 0x00000000
core   0: 0x8000c038 (0x54724513) xori    a0, tp, 1351
core   0: 3 0x8000c038 (0x54724513) x10 0x000002f7
core   0: 0x8000c03c (0x00750233) add     tp, a0, t2
core   0: 3 0x8000c03c (0x00750233) x 4 0x000002f7
core   0: 0x8000c040 (0x011d4233) xor     tp, s10, a7
core   0: 3 0x8000c040 (0x011d4233) x 4 0xf4001cc4
core   0: 0x8000c044 (0x00919e63) bne     gp, s1, pc + 28
core   0: 3 0x8000c044 (0x00919e63)
core   0: 0x8000c048 (0x00af8db3) add     s11, t6, a0
core   0: 3 0x8000c048 (0x00af8db3) x27 0x000042f8
core   0: 0x8000c04c (0xbed0df97) auipc   t6, 0xbed0d
core   0: 3 0x8000c04c (0xbed0df97) x31 0x3ed1904c
core   0: 0x8000c050 (0x02e445b3) div     a1, s0, a4
core   0: 3 0x8000c050 (0x02e445b3) x11 0x00000000
core   0: 0x8000c054 (0x01773933) sltu    s2, a4, s7
core   0: 3 0x8000c054 (0x01773933) x18 0x00000001
core   0: 0x8000c058 (0x02c7dd33) divu    s10, a5, a2
core   0: 3 0x8000c058 (0x02c7dd33) x26 0x00000000
core   0: 0x8000c05c (0x03b08e33) mul     t3, ra, s11
core   0: 3 0x8000c05c (0x03b08e33) x28 0x00000000
core   0: 0x8000c060 (0x00b3f263) bgeu    t2, a1, pc + 4
core   0: 3 0x8000c060 (0x00b3f263)
core   0: 0x8000c064 (0x412c5233) sra     tp, s8, s2
core   0: 3 0x8000c064 (0x412c5233) x 4 0x0000002a
core   0: 0x8000c068 (0x0562e663) bltu    t0, s6, pc + 76
core   0: 3 0x8000c068 (0x0562e663)
core   0: 0x8000c06c (0x00000013) nop
core   0: 3 0x8000c06c (0x00000013)
core   0: 0x8000c070 (0x052a4263) blt     s4, s2, pc + 68
core   0: 3 0x8000c070 (0x052a4263)
core   0: 0x8000c0b4 (0x02c71c33) mulh    s8, a4, a2
core   0: 3 0x8000c0b4 (0x02c71c33) x24 0x00000000
core   0: 0x8000c0b8 (0x00d341b3) xor     gp, t1, a3
core   0: 3 0x8000c0b8 (0x00d341b3) x 3 0xa3f6d756
core   0: 0x8000c0bc (0x0142b733) sltu    a4, t0, s4
core   0: 3 0x8000c0bc (0x0142b733) x14 0x00000000
core   0: 0x8000c0c0 (0x037ae033) rem     zero, s5, s7
core   0: 3 0x8000c0c0 (0x037ae033)
core   0: 0x8000c0c4 (0x9ecb6937) lui     s2, 0x9ecb6
core   0: 3 0x8000c0c4 (0x9ecb6937) x18 0x9ecb6000
core   0: 0x8000c0c8 (0x41d484b3) sub     s1, s1, t4
core   0: 3 0x8000c0c8 (0x41d484b3) x 9 0x0bff1000
core   0: 0x8000c0cc (0x413d3613) sltiu   a2, s10, 1043
core   0: 3 0x8000c0cc (0x413d3613) x12 0x00000001
core   0: 0x8000c0d0 (0x02e0d433) divu    s0, ra, a4
core   0: 3 0x8000c0d0 (0x02e0d433) x 8 0xffffffff
core   0: 0x8000c0d4 (0x41b55713) srai    a4, a0, 27
core   0: 3 0x8000c0d4 (0x41b55713) x14 0x00000000
core   0: 0x8000c0d8 (0x01655713) srli    a4, a0, 22
core   0: 3 0x8000c0d8 (0x01655713) x14 0x00000000
core   0: 0x8000c0dc (0xedec0813) addi    a6, s8, -290
core   0: 3 0x8000c0dc (0xedec0813) x16 0xfffffede
core   0: 0x8000c0e0 (0x026faab3) mulhsu  s5, t6, t1
core   0: 3 0x8000c0e0 (0x026faab3) x21 0x283bef96
core   0: 0x8000c0e4 (0x73760e37) lui     t3, 0x73760
core   0: 3 0x8000c0e4 (0x73760e37) x28 0x73760000
core   0: 0x8000c0e8 (0x02a65ab3) divu    s5, a2, a0
core   0: 3 0x8000c0e8 (0x02a65ab3) x21 0x00000000
core   0: 0x8000c0ec (0x0116c033) xor     zero, a3, a7
core   0: 3 0x8000c0ec (0x0116c033)
core   0: 0x8000c0f0 (0xedf3a037) lui     zero, 0xedf3a
core   0: 3 0x8000c0f0 (0xedf3a037)
core   0: 0x8000c0f4 (0x02a3af33) mulhsu  t5, t2, a0
core   0: 3 0x8000c0f4 (0x02a3af33) x30 0x00000000
core   0: 0x8000c0f8 (0x021145b3) div     a1, sp, ra
core   0: 3 0x8000c0f8 (0x021145b3) x11 0xffffffff
core   0: 0x8000c0fc (0x8a91e493) ori     s1, gp, -1879
core   0: 3 0x8000c0fc (0x8a91e493) x 9 0xffffffff
core   0: 0x8000c100 (0x005e5db3) srl     s11, t3, t0
core   0: 3 0x8000c100 (0x005e5db3) x27 0x00000e6e
core   0: 0x8000c104 (0x03413b33) mulhu   s6, sp, s4
core   0: 3 0x8000c104 (0x03413b33) x22 0x40027d4a
core   0: 0x8000c108 (0x22396e93) ori     t4, s2, 547
core   0: 3 0x8000c108 (0x22396e93) x29 0x9ecb6223
core   0: 0x8000c10c (0x0030d233) srl     tp, ra, gp
core   0: 3 0x8000c10c (0x0030d233) x 4 0x00000000
core   0: 0x8000c110 (0x00e08cb3) add     s9, ra, a4
core   0: 3 0x8000c110 (0x00e08cb3) x25 0x00000000
core   0: 0x8000c114 (0x0359e1b3) rem     gp, s3, s5
core   0: 3 0x8000c114 (0x0359e1b3) x 3 0xffffffe8
core   0: 0x8000c118 (0x01ea2433) slt     s0, s4, t5
core   0: 3 0x8000c118 (0x01ea2433) x 8 0x00000001
core   0: 0x8000c11c (0x05ed9463) bne     s11, t5, pc + 72
core   0: 3 0x8000c11c (0x05ed9463)
core   0: 0x8000c164 (0x01281913) slli    s2, a6, 18
core   0: 3 0x8000c164 (0x01281913) x18 0xfb780000
core   0: 0x8000c168 (0x0281d263) bge     gp, s0, pc + 36
core   0: 3 0x8000c168 (0x0281d263)
core   0: 0x8000c16c (0x9d6b9f37) lui     t5, 0x9d6b9
core   0: 3 0x8000c16c (0x9d6b9f37) x30 0x9d6b9000
core   0: 0x8000c170 (0x002c7cb3) and     s9, s8, sp
core   0: 3 0x8000c170 (0x002c7cb3) x25 0x00000000
core   0: 0x8000c174 (0x9fb48e93) addi    t4, s1, -1541
core   0: 3 0x8000c174 (0x9fb48e93) x29 0xfffff9fa
core   0: 0x8000c178 (0x00ba5313) srli    t1, s4, 11
core   0: 3 0x8000c178 (0x00ba5313) x 6 0x00100053
core   0: 0x8000c17c (0x01affc63) bgeu    t6, s10, pc + 24
core   0: 3 0x8000c17c (0x01affc63)
core   0: 0x8000c194 (0x00598ab3) add     s5, s3, t0
core   0: 3 0x8000c194 (0x00598ab3) x21 0xffffffdb
core   0: 0x8000c198 (0x013691b3) sll     gp, a3, s3
core   0: 3 0x8000c198 (0x013691b3) x 3 0x00475600
core   0: 0x8000c19c (0x0c478663) beq     a5, tp, pc + 204
core   0: 3 0x8000c19c (0x0c478663)
core   0: 0x8000c268 (0x01f6af33) slt     t5, a3, t6
core   0: 3 0x8000c268 (0x01f6af33) x30 0x00000001
core   0: 0x8000c26c (0xb7c62f93) slti    t6, a2, -1156
core   0: 3 0x8000c26c (0xb7c62f93) x31 0x00000000
core   0: 0x8000c270 (0x00158033) add     zero, a1, ra
core   0: 3 0x8000c270 (0x00158033)
core   0: 0x8000c274 (0x02ba4233) div     tp, s4, a1
core   0: 3 0x8000c274 (0x02ba4233) x 4 0x7ffd631c
core   0: 0x8000c278 (0x00000013) nop
core   0: 3 0x8000c278 (0x00000013)
core   0: 0x8000c27c (0x026a88b3) mul     a7, s5, t1
core   0: 3 0x8000c27c (0x026a88b3) x17 0xfdaff401
core   0: 0x8000c280 (0x01774663) blt     a4, s7, pc + 12
core   0: 3 0x8000c280 (0x01774663)
core   0: 0x8000c284 (0x00000013) nop
core   0: 3 0x8000c284 (0x00000013)
core   0: 0x8000c288 (0x00779613) slli    a2, a5, 7
core   0: 3 0x8000c288 (0x00779613) x12 0x00000000
core   0: 0x8000c28c (0x00ba1e13) slli    t3, s4, 11
core   0: 3 0x8000c28c (0x00ba1e13) x28 0x14e72000
core   0: 0x8000c290 (0x01b8a733) slt     a4, a7, s11
core   0: 3 0x8000c290 (0x01b8a733) x14 0x00000001
core   0: 0x8000c294 (0x64f1a613) slti    a2, gp, 1615
core   0: 3 0x8000c294 (0x64f1a613) x12 0x00000000
core   0: 0x8000c298 (0x41688633) sub     a2, a7, s6
core   0: 3 0x8000c298 (0x41688633) x12 0xbdad76b7
core   0: 0x8000c29c (0x015f5f33) srl     t5, t5, s5
core   0: 3 0x8000c29c (0x015f5f33) x30 0x00000000
core   0: 0x8000c2a0 (0x01b9b833) sltu    a6, s3, s11
core   0: 3 0x8000c2a0 (0x01b9b833) x16 0x00000000
core   0: 0x8000c2a4 (0x02d76263) bltu    a4, a3, pc + 36
core   0: 3 0x8000c2a4 (0x02d76263)
core   0: 0x8000c2c8 (0x415cd533) sra     a0, s9, s5
core   0: 3 0x8000c2c8 (0x415cd533) x10 0x00000000
core   0: 0x8000c2cc (0x0235e2b3) rem     t0, a1, gp
core   0: 3 0x8000c2cc (0x0235e2b3) x 5 0xffffffff
core   0: 0x8000c2d0 (0x037cc663) blt     s9, s7, pc + 44
core   0: 3 0x8000c2d0 (0x037cc663)
core   0: 0x8000c2d4 (0x01f35463) bge     t1, t6, pc + 8
core   0: 3 0x8000c2d4 (0x01f35463)
core   0: 0x8000c2dc (0x30dbc293) xori    t0, s7, 781
core   0: 3 0x8000c2dc (0x30dbc293) x 5 0xb5491777
core   0: 0x8000c2e0 (0x0097ab33) slt     s6, a5, s1
core   0: 3 0x8000c2e0 (0x0097ab33) x22 0x00000000
core   0: 0x8000c2e4 (0x0040a2b3) slt     t0, ra, tp
core   0: 3 0x8000c2e4 (0x0040a2b3) x 5 0x00000001
core   0: 0x8000c2e8 (0x00000013) nop
core   0: 3 0x8000c2e8 (0x00000013)
core   0: 0x8000c2ec (0x0169db33) srl     s6, s3, s6
core   0: 3 0x8000c2ec (0x0169db33) x22 0xffffffe8
core   0: 0x8000c2f0 (0x032c8663) beq     s9, s2, pc + 44
core   0: 3 0x8000c2f0 (0x032c8663)
core   0: 0x8000c2f4 (0x8d313997) auipc   s3, 0x8d313
core   0: 3 0x8000c2f4 (0x8d313997) x19 0x0d31f2f4
core   0: 0x8000c2f8 (0x0111acb3) slt     s9, gp, a7
core   0: 3 0x8000c2f8 (0x0111acb3) x25 0x00000000
core   0: 0x8000c2fc (0x02aa64b3) rem     s1, s4, a0
core   0: 3 0x8000c2fc (0x02aa64b3) x 9 0x80029ce4
core   0: 0x8000c300 (0x03bdc463) blt     s11, s11, pc + 40
core   0: 3 0x8000c300 (0x03bdc463)
core   0: 0x8000c304 (0x00261c13) slli    s8, a2, 2
core   0: 3 0x8000c304 (0x00261c13) x24 0xf6b5dadc
core   0: 0x8000c308 (0x03f89263) bne     a7, t6, pc + 36
core   0: 3 0x8000c308 (0x03f89263)
core   0: 0x8000c32c (0x02f5f263) bgeu    a1, a5, pc + 36
core   0: 3 0x8000c32c (0x02f5f263)
core   0: 0x8000c350 (0x01fcde93) srli    t4, s9, 31
core   0: 3 0x8000c350 (0x01fcde93) x29 0x00000000
core   0: 0x8000c354 (0x032c8c33) mul     s8, s9, s2
core   0: 3 0x8000c354 (0x032c8c33) x24 0x00000000
core   0: 0x8000c358 (0x00000013) nop
core   0: 3 0x8000c358 (0x00000013)
core   0: 0x8000c35c (0x7c5ce793) ori     a5, s9, 1989
core   0: 3 0x8000c35c (0x7c5ce793) x15 0x000007c5
core   0: 0x8000c360 (0x00c11813) slli    a6, sp, 12
core   0: 3 0x8000c360 (0x00c11813) x16 0x25da4000
core   0: 0x8000c364 (0x03c41933) mulh    s2, s0, t3
core   0: 3 0x8000c364 (0x03c41933) x18 0x00000000
core   0: 0x8000c368 (0x00669293) slli    t0, a3, 6
core   0: 3 0x8000c368 (0x00669293) x 5 0x0011d580
core   0: 0x8000c36c (0x03f80cb3) mul     s9, a6, t6
core   0: 3 0x8000c36c (0x03f80cb3) x25 0x00000000
core   0: 0x8000c370 (0x401251b3) sra     gp, tp, ra
core   0: 3 0x8000c370 (0x401251b3) x 3 0x7ffd631c
core   0: 0x8000c374 (0x00bae8b3) or      a7, s5, a1
core   0: 3 0x8000c374 (0x00bae8b3) x17 0xffffffff
core   0: 0x8000c378 (0x0091fe33) and     t3, gp, s1
core   0: 3 0x8000c378 (0x0091fe33) x28 0x00000004
core   0: 0x8000c37c (0x00688b33) add     s6, a7, t1
core   0: 3 0x8000c37c (0x00688b33) x22 0x00100052
core   0: 0x8000c380 (0x002600b3) add     ra, a2, sp
core   0: 3 0x8000c380 (0x002600b3) x 1 0x3dafd45b
core   0: 0x8000c384 (0x03a213b3) mulh    t2, tp, s10
core   0: 3 0x8000c384 (0x03a213b3) x 7 0x00000000
core   0: 0x8000c388 (0x0066d8b3) srl     a7, a3, t1
core   0: 3 0x8000c388 (0x0066d8b3) x17 0x00000000
core   0: 0x8000c38c (0x030c9633) mulh    a2, s9, a6
core   0: 3 0x8000c38c (0x030c9633) x12 0x00000000
core   0: 0x8000c390 (0x024185b3) mul     a1, gp, tp
core   0: 3 0x8000c390 (0x024185b3) x11 0xd3b6ab10
core   0: 0x8000c394 (0x02728c63) beq     t0, t2, pc + 56
core   0: 3 0x8000c394 (0x02728c63)
core   0: 0x8000c398 (0x40f003b3) sub     t2, zero, a5
core   0: 3 0x8000c398 (0x40f003b3) x 7 0xfffff83b
core   0: 0x8000c39c (0x01bebab3) sltu    s5, t4, s11
core   0: 3 0x8000c39c (0x01bebab3) x21 0x00000001
core   0: 0x8000c3a0 (0x058ae263) bltu    s5, s8, pc + 68
core   0: 3 0x8000c3a0 (0x058ae263)
core   0: 0x8000c3a4 (0x01f64eb3) xor     t4, a2, t6
core   0: 3 0x8000c3a4 (0x01f64eb3) x29 0x00000000
core   0: 0x8000c3a8 (0x128a6393) ori     t2, s4, 296
core   0: 3 0x8000c3a8 (0x128a6393) x 7 0x80029dec
core   0: 0x8000c3ac (0x04226263) bltu    tp, sp, pc + 68
core   0: 3 0x8000c3ac (0x04226263)
core   0: 0x8000c3f0 (0x02f89c63) bne     a7, a5, pc + 56
core   0: 3 0x8000c3f0 (0x02f89c63)
core   0: 0x8000c428 (0x00000013) nop
core   0: 3 0x8000c428 (0x00000013)
core   0: 0x8000c42c (0x01d04033) xor     zero, zero, t4
core   0: 3 0x8000c42c (0x01d04033)
core   0: 0x8000c430 (0x011e26b3) slt     a3, t3, a7
core   0: 3 0x8000c430 (0x011e26b3) x13 0x00000000
core   0: 0x8000c434 (0x036ced33) rem     s10, s9, s6
core   0: 3 0x8000c434 (0x036ced33) x26 0x00000000
core   0: 0x8000c438 (0x009af263) bgeu    s5, s1, pc + 4
core   0: 3 0x8000c438 (0x009af263)
core   0: 0x8000c43c (0xb925c893) xori    a7, a1, -1134
core   0: 3 0x8000c43c (0xb925c893) x17 0x2c495082
core   0: 0x8000c440 (0x02b40263) beq     s0, a1, pc + 36
core   0: 3 0x8000c440 (0x02b40263)
core   0: 0x8000c444 (0x03911333) mulh    t1, sp, s9
core   0: 3 0x8000c444 (0x03911333) x 6 0x00000000
core   0: 0x8000c448 (0x00000013) nop
core   0: 3 0x8000c448 (0x00000013)
core   0: 0x8000c44c (0x018245b3) xor     a1, tp, s8
core   0: 3 0x8000c44c (0x018245b3) x11 0x7ffd631c
core   0: 0x8000c450 (0x45857297) auipc   t0, 0x45857
core   0: 3 0x8000c450 (0x45857297) x 5 0xc5863450
core   0: 0x8000c454 (0x028f5233) divu    tp, t5, s0
core   0: 3 0x8000c454 (0x028f5233) x 4 0x00000000
core   0: 0x8000c458 (0x0112e263) bltu    t0, a7, pc + 4
core   0: 3 0x8000c458 (0x0112e263)
core   0: 0x8000c45c (0x018ae663) bltu    s5, s8, pc + 12
core   0: 3 0x8000c45c (0x018ae663)
core   0: 0x8000c460 (0x018eecb3) or      s9, t4, s8
core   0: 3 0x8000c460 (0x018eecb3) x25 0x00000000
core   0: 0x8000c464 (0x00000013) nop
core   0: 3 0x8000c464 (0x00000013)
core   0: 0x8000c468 (0x03fe4663) blt     t3, t6, pc + 44
core   0: 3 0x8000c468 (0x03fe4663)
core   0: 0x8000c46c (0x03fd6d33) rem     s10, s10, t6
core   0: 3 0x8000c46c (0x03fd6d33) x26 0x00000000
core   0: 0x8000c470 (0x02e83033) mulhu   zero, a6, a4
core   0: 3 0x8000c470 (0x02e83033)
core   0: 0x8000c474 (0x0378dd33) divu    s10, a7, s7
core   0: 3 0x8000c474 (0x0378dd33) x26 0x00000000
core   0: 0x8000c478 (0x2d8bad13) slti    s10, s7, 728
core   0: 3 0x8000c478 (0x2d8bad13) x26 0x00000001
core   0: 0x8000c47c (0x03460533) mul     a0, a2, s4
core   0: 3 0x8000c47c (0x03460533) x10 0x00000000
core   0: 0x8000c480 (0x01f07fb3) and     t6, zero, t6
core   0: 3 0x8000c480 (0x01f07fb3) x31 0x00000000
core   0: 0x8000c484 (0x03e62d33) mulhsu  s10, a2, t5
core   0: 3 0x8000c484 (0x03e62d33) x26 0x00000000
core   0: 0x8000c488 (0xefff0837) lui     a6, 0xefff0
core   0: 3 0x8000c488 (0xefff0837) x16 0xefff0000
core   0: 0x8000c48c (0x00056863) bltu    a0, zero, pc + 16
core   0: 3 0x8000c48c (0x00056863)
core   0: 0x8000c490 (0x01189c63) bne     a7, a7, pc + 24
core   0: 3 0x8000c490 (0x01189c63)
core   0: 0x8000c494 (0x00bce013) ori     zero, s9, 11
core   0: 3 0x8000c494 (0x00bce013)
core   0: 0x8000c498 (0x028294b3) mulh    s1, t0, s0
core   0: 3 0x8000c498 (0x028294b3) x 9 0xffffffff
core   0: 0x8000c49c (0x410e05b3) sub     a1, t3, a6
core   0: 3 0x8000c49c (0x410e05b3) x11 0x10010004
core   0: 0x8000c4a0 (0x00a05863) bge     zero, a0, pc + 16
core   0: 3 0x8000c4a0 (0x00a05863)
core   0: 0x8000c4b0 (0x012290b3) sll     ra, t0, s2
core   0: 3 0x8000c4b0 (0x012290b3) x 1 0xc5863450
core   0: 0x8000c4b4 (0xa2ab4893) xori    a7, s6, -1494
core   0: 3 0x8000c4b4 (0xa2ab4893) x17 0xffeffa78
core   0: 0x8000c4b8 (0x79ada293) slti    t0, s11, 1946
core   0: 3 0x8000c4b8 (0x79ada293) x 5 0x00000000
core   0: 0x8000c4bc (0x027d9e63) bne     s11, t2, pc + 60
core   0: 3 0x8000c4bc (0x027d9e63)
core   0: 0x8000c4f8 (0x04b40263) beq     s0, a1, pc + 68
core   0: 3 0x8000c4f8 (0x04b40263)
core   0: 0x8000c4fc (0xcf38e213) ori     tp, a7, -781
core   0: 3 0x8000c4fc (0xcf38e213) x 4 0xfffffefb
core   0: 0x8000c500 (0x02033b33) mulhu   s6, t1, zero
core   0: 3 0x8000c500 (0x02033b33) x22 0x00000000
core   0: 0x8000c504 (0x0256acb3) mulhsu  s9, a3, t0
core   0: 3 0x8000c504 (0x0256acb3) x25 0x00000000
core   0: 0x8000c508 (0x01c49093) slli    ra, s1, 28
core   0: 3 0x8000c508 (0x01c49093) x 1 0xf0000000
core   0: 0x8000c50c (0x2fe16b13) ori     s6, sp, 766
core   0: 3 0x8000c50c (0x2fe16b13) x22 0x80025ffe
core   0: 0x8000c510 (0x00e65313) srli    t1, a2, 14
core   0: 3 0x8000c510 (0x00e65313) x 6 0x00000000
core   0: 0x8000c514 (0xfb49f417) auipc   s0, 0xfb49f
core   0: 3 0x8000c514 (0xfb49f417) x 8 0x7b4ab514
core   0: 0x8000c518 (0x854f7c13) andi    s8, t5, -1964
core   0: 3 0x8000c518 (0x854f7c13) x24 0x00000000
core   0: 0x8000c51c (0x00e4f433) and     s0, s1, a4
core   0: 3 0x8000c51c (0x00e4f433) x 8 0x00000001
core   0: 0x8000c520 (0x006115b3) sll     a1, sp, t1
core   0: 3 0x8000c520 (0x006115b3) x11 0x80025da4
core   0: 0x8000c524 (0x0e39a593) slti    a1, s3, 227
core   0: 3 0x8000c524 (0x0e39a593) x11 0x00000000
core   0: 0x8000c528 (0x02fc28b3) mulhsu  a7, s8, a5
core   0: 3 0x8000c528 (0x02fc28b3) x17 0x00000000
core   0: 0x8000c52c (0x007ac3b3) xor     t2, s5, t2
core   0: 3 0x8000c52c (0x007ac3b3) x 7 0x80029ded
core   0: 0x8000c530 (0x40ca8ab3) sub     s5, s5, a2
core   0: 3 0x8000c530 (0x40ca8ab3) x21 0x00000001
core   0: 0x8000c534 (0x9c6503b7) lui     t2, 0x9c650
core   0: 3 0x8000c534 (0x9c6503b7) x 7 0x9c650000
core   0: 0x8000c538 (0x01cefcb3) and     s9, t4, t3
core   0: 3 0x8000c538 (0x01cefcb3) x25 0x00000000
core   0: 0x8000c53c (0x40438e33) sub     t3, t2, tp
core   0: 3 0x8000c53c (0x40438e33) x28 0x9c650105
core   0: 0x8000c540 (0x037d66b3) rem     a3, s10, s7
core   0: 3 0x8000c540 (0x037d66b3) x13 0x00000000
core   0: 0x8000c544 (0x02faa6b3) mulhsu  a3, s5, a5
core   0: 3 0x8000c544 (0x02faa6b3) x13 0x00000000
core   0: 0x8000c548 (0x03c39b33) mulh    s6, t2, t3
core   0: 3 0x8000c548 (0x03c39b33) x22 0x26c13f73
core   0: 0x8000c54c (0x03422833) mulhsu  a6, tp, s4
core   0: 3 0x8000c54c (0x03422833) x16 0xffffff7d
core   0: 0x8000c550 (0x5de5c013) xori    zero, a1, 1502
core   0: 3 0x8000c550 (0x5de5c013)
core   0: 0x8000c554 (0x005417b3) sll     a5, s0, t0
core   0: 3 0x8000c554 (0x005417b3) x15 0x00000001
core   0: 0x8000c558 (0x035232b3) mulhu   t0, tp, s5
core   0: 3 0x8000c558 (0x035232b3) x 5 0x00000000
core   0: 0x8000c55c (0x02b27463) bgeu    tp, a1, pc + 40
core   0: 3 0x8000c55c (0x02b27463)
core   0: 0x8000c584 (0x20602d93) slti    s11, zero, 518
core   0: 3 0x8000c584 (0x20602d93) x27 0x00000001
core   0: 0x8000c588 (0x01aff733) and     a4, t6, s10
core   0: 3 0x8000c588 (0x01aff733) x14 0x00000000
core   0: 0x8000c58c (0xdfba7013) andi    zero, s4, -517
core   0: 3 0x8000c58c (0xdfba7013)
core   0: 0x8000c590 (0x027d7263) bgeu    s10, t2, pc + 36
core   0: 3 0x8000c590 (0x027d7263)
core   0: 0x8000c594 (0xc152c613) xori    a2, t0, -1003
core   0: 3 0x8000c594 (0xc152c613) x12 0xfffffc15
core   0: 0x8000c598 (0x02c7e263) bltu    a5, a2, pc + 36
core   0: 3 0x8000c598 (0x02c7e263)
core   0: 0x8000c5bc (0x8daf2993) slti    s3, t5, -1830
core   0: 3 0x8000c5bc (0x8daf2993) x19 0x00000000
core   0: 0x8000c5c0 (0x4000d433) sra     s0, ra, zero
core   0: 3 0x8000c5c0 (0x4000d433) x 8 0xf0000000
core   0: 0x8000c5c4 (0xf6f5e397) auipc   t2, 0xf6f5e
core   0: 3 0x8000c5c4 (0xf6f5e397) x 7 0x76f6a5c4
core   0: 0x8000c5c8 (0x00127433) and     s0, tp, ra
core   0: 3 0x8000c5c8 (0x00127433) x 8 0xf0000000
core   0: 0x8000c5cc (0x01c4f4b3) and     s1, s1, t3
core   0: 3 0x8000c5cc (0x01c4f4b3) x 9 0x9c650105
core   0: 0x8000c5d0 (0x407f0933) sub     s2, t5, t2
core   0: 3 0x8000c5d0 (0x407f0933) x18 0x89095a3c
core   0: 0x8000c5d4 (0x00288933) add     s2, a7, sp
core   0: 3 0x8000c5d4 (0x00288933) x18 0x80025da4
core   0: 0x8000c5d8 (0x01a1e863) bltu    gp, s10, pc + 16
core   0: 3 0x8000c5d8 (0x01a1e863)
core   0: 0x8000c5dc (0x031d8e63) beq     s11, a7, pc + 60
core   0: 3 0x8000c5dc (0x031d8e63)
core   0: 0x8000c5e0 (0xe95c4513) xori    a0, s8, -363
core   0: 3 0x8000c5e0 (0xe95c4513) x10 0xfffffe95
core   0: 0x8000c5e4 (0xa3c1f5b7) lui     a1, 0xa3c1f
core   0: 3 0x8000c5e4 (0xa3c1f5b7) x11 0xa3c1f000
core   0: 0x8000c5e8 (0x0eea6537) lui     a0, 0xeea6
core   0: 3 0x8000c5e8 (0x0eea6537) x10 0x0eea6000
core   0: 0x8000c5ec (0x00d91b13) slli    s6, s2, 13
core   0: 3 0x8000c5ec (0x00d91b13) x22 0x4bb48000
core   0: 0x8000c5f0 (0x007b5433) srl     s0, s6, t2
core   0: 3 0x8000c5f0 (0x007b5433) x 8 0x04bb4800
core   0: 0x8000c5f4 (0xbc970d93) addi    s11, a4, -1079
core   0: 3 0x8000c5f4 (0xbc970d93) x27 0xfffffbc9
core   0: 0x8000c5f8 (0x012116b3) sll     a3, sp, s2
core   0: 3 0x8000c5f8 (0x012116b3) x13 0x0025da40
core   0: 0x8000c5fc (0x03765263) bge     a2, s7, pc + 36
core   0: 3 0x8000c5fc (0x03765263)
core   0: 0x8000c620 (0x00000013) nop
core   0: 3 0x8000c620 (0x00000013)
core   0: 0x8000c624 (0x02ec63b3) rem     t2, s8, a4
core   0: 3 0x8000c624 (0x02ec63b3) x 7 0x00000000
core   0: 0x8000c628 (0x03e7f5b3) remu    a1, a5, t5
core   0: 3 0x8000c628 (0x03e7f5b3) x11 0x00000001
core   0: 0x8000c62c (0x03ff33b3) mulhu   t2, t5, t6
core   0: 3 0x8000c62c (0x03ff33b3) x 7 0x00000000
core   0: 0x8000c630 (0x0165f033) and     zero, a1, s6
core   0: 3 0x8000c630 (0x0165f033)
core   0: 0x8000c634 (0x41e65893) srai    a7, a2, 30
core   0: 3 0x8000c634 (0x41e65893) x17 0xffffffff
core   0: 0x8000c638 (0x029e4ab3) div     s5, t3, s1
core   0: 3 0x8000c638 (0x029e4ab3) x21 0x00000001
core   0: 0x8000c63c (0x8e714193) xori    gp, sp, -1817
core   0: 3 0x8000c63c (0x8e714193) x 3 0x7ffda543
core   0: 0x8000c640 (0x025ff263) bgeu    t6, t0, pc + 36
core   0: 3 0x8000c640 (0x025ff263)
core   0: 0x8000c664 (0xfe4c4513) xori    a0, s8, -28
core   0: 3 0x8000c664 (0xfe4c4513) x10 0xffffffe4
core   0: 0x8000c668 (0x027d5ab3) divu    s5, s10, t2
core   0: 3 0x8000c668 (0x027d5ab3) x21 0xffffffff
core   0: 0x8000c66c (0x404d02b3) sub     t0, s10, tp
core   0: 3 0x8000c66c (0x404d02b3) x 5 0x00000105
core   0: 0x8000c670 (0x03c78cb3) mul     s9, a5, t3
core   0: 3 0x8000c670 (0x03c78cb3) x25 0x9c650105
core   0: 0x8000c674 (0x00409493) slli    s1, ra, 4
core   0: 3 0x8000c674 (0x00409493) x 9 0x00000000
core   0: 0x8000c678 (0x40b2d213) srai    tp, t0, 11
core   0: 3 0x8000c678 (0x40b2d213) x 4 0x00000000
core   0: 0x8000c67c (0x0149b033) sltu    zero, s3, s4
core   0: 3 0x8000c67c (0x0149b033)
core   0: 0x8000c680 (0x03581263) bne     a6, s5, pc + 36
core   0: 3 0x8000c680 (0x03581263)
core   0: 0x8000c6a4 (0x011e77b3) and     a5, t3, a7
core   0: 3 0x8000c6a4 (0x011e77b3) x15 0x9c650105
core   0: 0x8000c6a8 (0x023e83b3) mul     t2, t4, gp
core   0: 3 0x8000c6a8 (0x023e83b3) x 7 0x00000000
core   0: 0x8000c6ac (0x024ff6b3) remu    a3, t6, tp
core   0: 3 0x8000c6ac (0x024ff6b3) x13 0x00000000
core   0: 0x8000c6b0 (0x01b48ab3) add     s5, s1, s11
core   0: 3 0x8000c6b0 (0x01b48ab3) x21 0xfffffbc9
core   0: 0x8000c6b4 (0x41fc00b3) sub     ra, s8, t6
core   0: 3 0x8000c6b4 (0x41fc00b3) x 1 0x00000000
core   0: 0x8000c6b8 (0x0eed7313) andi    t1, s10, 238
core   0: 3 0x8000c6b8 (0x0eed7313) x 6 0x00000000
core   0: 0x8000c6bc (0x0164f833) and     a6, s1, s6
core   0: 3 0x8000c6bc (0x0164f833) x16 0x00000000
core   0: 0x8000c6c0 (0x02814663) blt     sp, s0, pc + 44
core   0: 3 0x8000c6c0 (0x02814663)
core   0: 0x8000c6ec (0xcdefa913) slti    s2, t6, -802
core   0: 3 0x8000c6ec (0xcdefa913) x18 0x00000000
core   0: 0x8000c6f0 (0xb7cac893) xori    a7, s5, -1156
core   0: 3 0x8000c6f0 (0xb7cac893) x17 0x000000b5
core   0: 0x8000c6f4 (0x0303fab3) remu    s5, t2, a6
core   0: 3 0x8000c6f4 (0x0303fab3) x21 0x00000000
core   0: 0x8000c6f8 (0x01f54933) xor     s2, a0, t6
core   0: 3 0x8000c6f8 (0x01f54933) x18 0xffffffe4
core   0: 0x8000c6fc (0xf0dea313) slti    t1, t4, -243
core   0: 3 0x8000c6fc (0xf0dea313) x 6 0x00000000
core   0: 0x8000c700 (0x01e03d33) snez    s10, t5
core   0: 3 0x8000c700 (0x01e03d33) x26 0x00000000
core   0: 0x8000c704 (0x030440b3) div     ra, s0, a6
core   0: 3 0x8000c704 (0x030440b3) x 1 0xffffffff
core   0: 0x8000c708 (0x0057f1b3) and     gp, a5, t0
core   0: 3 0x8000c708 (0x0057f1b3) x 3 0x00000105
core   0: 0x8000c70c (0x02f680b3) mul     ra, a3, a5
core   0: 3 0x8000c70c (0x02f680b3) x 1 0x00000000
core   0: 0x8000c710 (0x0070d593) srli    a1, ra, 7
core   0: 3 0x8000c710 (0x0070d593) x11 0x00000000
core   0: 0x8000c714 (0x7ddc4193) xori    gp, s8, 2013
core   0: 3 0x8000c714 (0x7ddc4193) x 3 0x000007dd
core   0: 0x8000c718 (0x00000013) nop
core   0: 3 0x8000c718 (0x00000013)
core   0: 0x8000c71c (0x01e2d033) srl     zero, t0, t5
core   0: 3 0x8000c71c (0x01e2d033)
core   0: 0x8000c720 (0x00c1a1b3) slt     gp, gp, a2
core   0: 3 0x8000c720 (0x00c1a1b3) x 3 0x00000000
core   0: 0x8000c724 (0x41840eb3) sub     t4, s0, s8
core   0: 3 0x8000c724 (0x41840eb3) x29 0x04bb4800
core   0: 0x8000c728 (0x01ee0c33) add     s8, t3, t5
core   0: 3 0x8000c728 (0x01ee0c33) x24 0x9c650105
core   0: 0x8000c72c (0x0264bcb3) mulhu   s9, s1, t1
core   0: 3 0x8000c72c (0x0264bcb3) x25 0x00000000
core   0: 0x8000c730 (0x03de1ab3) mulh    s5, t3, t4
core   0: 3 0x8000c730 (0x03de1ab3) x21 0xfe28b5c8
core   0: 0x8000c734 (0x40820ab3) sub     s5, tp, s0
core   0: 3 0x8000c734 (0x40820ab3) x21 0xfb44b800
core   0: 0x8000c738 (0x01c421b3) slt     gp, s0, t3
core   0: 3 0x8000c738 (0x01c421b3) x 3 0x00000000
core   0: 0x8000c73c (0x038e3533) mulhu   a0, t3, s8
core   0: 3 0x8000c73c (0x038e3533) x10 0x5f8b4117
core   0: 0x8000c740 (0x01d45c63) bge     s0, t4, pc + 24
core   0: 3 0x8000c740 (0x01d45c63)
core   0: 0x8000c758 (0x030a7663) bgeu    s4, a6, pc + 44
core   0: 3 0x8000c758 (0x030a7663)
core   0: 0x8000c784 (0x01bb9413) slli    s0, s7, 27
core   0: 3 0x8000c784 (0x01bb9413) x 8 0xd0000000
core   0: 0x8000c788 (0x00fdae33) slt     t3, s11, a5
core   0: 3 0x8000c788 (0x00fdae33) x28 0x00000000
core   0: 0x8000c78c (0x41a150b3) sra     ra, sp, s10
core   0: 3 0x8000c78c (0x41a150b3) x 1 0x80025da4
core   0: 0x8000c790 (0x034096b3) mulh    a3, ra, s4
core   0: 3 0x8000c790 (0x034096b3) x13 0x3ffd82c2
core   0: 0x8000c794 (0x404d86b3) sub     a3, s11, tp
core   0: 3 0x8000c794 (0x404d86b3) x13 0xfffffbc9
core   0: 0x8000c798 (0x885f8793) addi    a5, t6, -1915
core   0: 3 0x8000c798 (0x885f8793) x15 0xfffff885
core   0: 0x8000c79c (0x00d6fe63) bgeu    a3, a3, pc + 28
core   0: 3 0x8000c79c (0x00d6fe63)
core   0: 0x8000c7b8 (0x009b2c33) slt     s8, s6, s1
core   0: 3 0x8000c7b8 (0x009b2c33) x24 0x00000000
core   0: 0x8000c7bc (0x03ecc533) div     a0, s9, t5
core   0: 3 0x8000c7bc (0x03ecc533) x10 0xffffffff
core   0: 0x8000c7c0 (0x025328b3) mulhsu  a7, t1, t0
core   0: 3 0x8000c7c0 (0x025328b3) x17 0x00000000
core   0: 0x8000c7c4 (0x0082c263) blt     t0, s0, pc + 4
core   0: 3 0x8000c7c4 (0x0082c263)
core   0: 0x8000c7c8 (0x412bdf93) srai    t6, s7, 18
core   0: 3 0x8000c7c8 (0x412bdf93) x31 0xffffed52
core   0: 0x8000c7cc (0x034fde63) bge     t6, s4, pc + 60
core   0: 3 0x8000c7cc (0x034fde63)
core   0: 0x8000c808 (0x00000013) nop
core   0: 3 0x8000c808 (0x00000013)
core   0: 0x8000c80c (0x036a54b3) divu    s1, s4, s6
core   0: 3 0x8000c80c (0x036a54b3) x 9 0x00000001
core   0: 0x8000c810 (0x02b86933) rem     s2, a6, a1
core   0: 3 0x8000c810 (0x02b86933) x18 0x00000000
core   0: 0x8000c814 (0x00000013) nop
core   0: 3 0x8000c814 (0x00000013)
core   0: 0x8000c818 (0x40955233) sra     tp, a0, s1
core   0: 3 0x8000c818 (0x40955233) x 4 0xffffffff
core   0: 0x8000c81c (0x64fb0937) lui     s2, 0x64fb0
core   0: 3 0x8000c81c (0x64fb0937) x18 0x64fb0000
core   0: 0x8000c820 (0x826c1717) auipc   a4, 0x826c1
core   0: 3 0x8000c820 (0x826c1717) x14 0x026cd820
core   0: 0x8000c824 (0x03607ab3) remu    s5, zero, s6
core   0: 3 0x8000c824 (0x03607ab3) x21 0x00000000
core   0: 0x8000c828 (0x0366e933) rem     s2, a3, s6
core   0: 3 0x8000c828 (0x0366e933) x18 0xfffffbc9
core   0: 0x8000c82c (0x00000013) nop
core   0: 3 0x8000c82c (0x00000013)
core   0: 0x8000c830 (0x01ee1d33) sll     s10, t3, t5
core   0: 3 0x8000c830 (0x01ee1d33) x26 0x00000000
core   0: 0x8000c834 (0x009c0263) beq     s8, s1, pc + 4
core   0: 3 0x8000c834 (0x009c0263)
core   0: 0x8000c838 (0x5f9d7713) andi    a4, s10, 1529
core   0: 3 0x8000c838 (0x5f9d7713) x14 0x00000000
core   0: 0x8000c83c (0x04b31663) bne     t1, a1, pc + 76
core   0: 3 0x8000c83c (0x04b31663)
core   0: 0x8000c840 (0x78d6b493) sltiu   s1, a3, 1933
core   0: 3 0x8000c840 (0x78d6b493) x 9 0x00000000
core   0: 0x8000c844 (0x02e6e4b3) rem     s1, a3, a4
core   0: 3 0x8000c844 (0x02e6e4b3) x 9 0xfffffbc9
core   0: 0x8000c848 (0x00ddd093) srli    ra, s11, 13
core   0: 3 0x8000c848 (0x00ddd093) x 1 0x0007ffff
core   0: 0x8000c84c (0x67806993) ori     s3, zero, 1656
core   0: 3 0x8000c84c (0x67806993) x19 0x00000678
core   0: 0x8000c850 (0x016a5863) bge     s4, s6, pc + 16
core   0: 3 0x8000c850 (0x016a5863)
core   0: 0x8000c854 (0x00af1513) slli    a0, t5, 10
core   0: 3 0x8000c854 (0x00af1513) x10 0x00000000
core   0: 0x8000c858 (0x01d59d33) sll     s10, a1, t4
core   0: 3 0x8000c858 (0x01d59d33) x26 0x00000000
core   0: 0x8000c85c (0x03275e63) bge     a4, s2, pc + 60
core   0: 3 0x8000c85c (0x03275e63)
core   0: 0x8000c898 (0x00ca10b3) sll     ra, s4, a2
core   0: 3 0x8000c898 (0x00ca10b3) x 1 0x9c800000
core   0: 0x8000c89c (0x6c9e0cb7) lui     s9, 0x6c9e0
core   0: 3 0x8000c89c (0x6c9e0cb7) x25 0x6c9e0000
core   0: 0x8000c8a0 (0xa742f193) andi    gp, t0, -1420
core   0: 3 0x8000c8a0 (0xa742f193) x 3 0x00000004
core   0: 0x8000c8a4 (0x00d883b3) add     t2, a7, a3
core   0: 3 0x8000c8a4 (0x00d883b3) x 7 0xfffffbc9
core   0: 0x8000c8a8 (0x011b5933) srl     s2, s6, a7
core   0: 3 0x8000c8a8 (0x011b5933) x18 0x4bb48000
core   0: 0x8000c8ac (0x01f222b3) slt     t0, tp, t6
core   0: 3 0x8000c8ac (0x01f222b3) x 5 0x00000000
core   0: 0x8000c8b0 (0x02d5d833) divu    a6, a1, a3
core   0: 3 0x8000c8b0 (0x02d5d833) x16 0x00000000
core   0: 0x8000c8b4 (0x51453413) sltiu   s0, a0, 1300
core   0: 3 0x8000c8b4 (0x51453413) x 8 0x00000001
core   0: 0x8000c8b8 (0xf4a2a493) slti    s1, t0, -182
core   0: 3 0x8000c8b8 (0xf4a2a493) x 9 0x00000000
core   0: 0x8000c8bc (0xa6f3ab13) slti    s6, t2, -1425
core   0: 3 0x8000c8bc (0xa6f3ab13) x22 0x00000000
core   0: 0x8000c8c0 (0x83350313) addi    t1, a0, -1997
core   0: 3 0x8000c8c0 (0x83350313) x 6 0xfffff833
core   0: 0x8000c8c4 (0x41515b13) srai    s6, sp, 21
core   0: 3 0x8000c8c4 (0x41515b13) x22 0xfffffc00
core   0: 0x8000c8c8 (0x01c84fb3) xor     t6, a6, t3
core   0: 3 0x8000c8c8 (0x01c84fb3) x31 0x00000000
core   0: 0x8000c8cc (0x40ebd493) srai    s1, s7, 14
core   0: 3 0x8000c8cc (0x40ebd493) x 9 0xfffed524
core   0: 0x8000c8d0 (0x004ade63) bge     s5, tp, pc + 28
core   0: 3 0x8000c8d0 (0x004ade63)
core   0: 0x8000c8ec (0x03b4c893) xori    a7, s1, 59
core   0: 3 0x8000c8ec (0x03b4c893) x17 0xfffed51f
core   0: 0x8000c8f0 (0x780e0f97) auipc   t6, 0x780e0
core   0: 3 0x8000c8f0 (0x780e0f97) x31 0xf80ec8f0
core   0: 0x8000c8f4 (0x0196a6b3) slt     a3, a3, s9
core   0: 3 0x8000c8f4 (0x0196a6b3) x13 0x00000001
core   0: 0x8000c8f8 (0x04971863) bne     a4, s1, pc + 80
core   0: 3 0x8000c8f8 (0x04971863)
core   0: 0x8000c948 (0x006fbab3) sltu    s5, t6, t1
core   0: 3 0x8000c948 (0x006fbab3) x21 0x00000001
core   0: 0x8000c94c (0x02bb8663) beq     s7, a1, pc + 44
core   0: 3 0x8000c94c (0x02bb8663)
core   0: 0x8000c950 (0x0273f3b3) remu    t2, t2, t2
core   0: 3 0x8000c950 (0x0273f3b3) x 7 0x00000000
core   0: 0x8000c954 (0x037b9ab3) mulh    s5, s7, s7
core   0: 3 0x8000c954 (0x037b9ab3) x21 0x15ce42dd
core   0: 0x8000c958 (0x01567c63) bgeu    a2, s5, pc + 24
core   0: 3 0x8000c958 (0x01567c63)
core   0: 0x8000c970 (0x415f05b3) sub     a1, t5, s5
core   0: 3 0x8000c970 (0x415f05b3) x11 0xea31bd23
core   0: 0x8000c974 (0x00ea9663) bne     s5, a4, pc + 12
core   0: 3 0x8000c974 (0x00ea9663)
core   0: 0x8000c980 (0x00000013) nop
core   0: 3 0x8000c980 (0x00000013)
core   0: 0x8000c984 (0x00000013) nop
core   0: 3 0x8000c984 (0x00000013)
core   0: 0x8000c988 (0x003466b3) or      a3, s0, gp
core   0: 3 0x8000c988 (0x003466b3) x13 0x00000005
core   0: 0x8000c98c (0xdec5cb13) xori    s6, a1, -532
core   0: 3 0x8000c98c (0xdec5cb13) x22 0x15ce40cf
core   0: 0x8000c990 (0x665cf813) andi    a6, s9, 1637
core   0: 3 0x8000c990 (0x665cf813) x16 0x00000000
core   0: 0x8000c994 (0xb9f32c93) slti    s9, t1, -1121
core   0: 3 0x8000c994 (0xb9f32c93) x25 0x00000001
core   0: 0x8000c998 (0x01c51c63) bne     a0, t3, pc + 24
core   0: 3 0x8000c998 (0x01c51c63)
core   0: 0x8000c99c (0x566ec697) auipc   a3, 0x566ec
core   0: 3 0x8000c99c (0x566ec697) x13 0xd66f899c
core   0: 0x8000c9a0 (0xb8cb8f93) addi    t6, s7, -1140
core   0: 3 0x8000c9a0 (0xb8cb8f93) x31 0xb5491006
core   0: 0x8000c9a4 (0x03165c63) bge     a2, a7, pc + 56
core   0: 3 0x8000c9a4 (0x03165c63)
core   0: 0x8000c9dc (0x00d31233) sll     tp, t1, a3
core   0: 3 0x8000c9dc (0x00d31233) x 4 0x30000000
core   0: 0x8000c9e0 (0x03d49eb3) mulh    t4, s1, t4
core   0: 3 0x8000c9e0 (0x03d49eb3) x29 0xfffffa79
core   0: 0x8000c9e4 (0x40b95a93) srai    s5, s2, 11
core   0: 3 0x8000c9e4 (0x40b95a93) x21 0x00097690
core   0: 0x8000c9e8 (0x02e73cb3) mulhu   s9, a4, a4
core   0: 3 0x8000c9e8 (0x02e73cb3) x25 0x00000000
core   0: 0x8000c9ec (0x0115d333) srl     t1, a1, a7
core   0: 3 0x8000c9ec (0x0115d333) x 6 0x00000001
core   0: 0x8000c9f0 (0x036361b3) rem     gp, t1, s6
core   0: 3 0x8000c9f0 (0x036361b3) x 3 0x00000001
core   0: 0x8000c9f4 (0x03530263) beq     t1, s5, pc + 36
core   0: 3 0x8000c9f4 (0x03530263)
core   0: 0x8000c9f8 (0x029017b3) mulh    a5, zero, s1
core   0: 3 0x8000c9f8 (0x029017b3) x15 0x00000000
core   0: 0x8000c9fc (0x0265aeb3) mulhsu  t4, a1, t1
core   0: 3 0x8000c9fc (0x0265aeb3) x29 0xffffffff
core   0: 0x8000ca00 (0xe473a213) slti    tp, t2, -441
core   0: 3 0x8000ca00 (0xe473a213) x 4 0x00000000
core   0: 0x8000ca04 (0x417cd233) sra     tp, s9, s7
core   0: 3 0x8000ca04 (0x417cd233) x 4 0x00000000
core   0: 0x8000ca08 (0xf89fc493) xori    s1, t6, -119
core   0: 3 0x8000ca08 (0xf89fc493) x 9 0x4ab6ef8f
core   0: 0x8000ca0c (0x03335733) divu    a4, t1, s3
core   0: 3 0x8000ca0c (0x03335733) x14 0x00000000
core   0: 0x8000ca10 (0x01b05513) srli    a0, zero, 27
core   0: 3 0x8000ca10 (0x01b05513) x10 0x00000000
core   0: 0x8000ca14 (0x41aefe93) andi    t4, t4, 1050
core   0: 3 0x8000ca14 (0x41aefe93) x29 0x0000041a
core   0: 0x8000ca18 (0xf9f37093) andi    ra, t1, -97
core   0: 3 0x8000ca18 (0xf9f37093) x 1 0x00000001
core   0: 0x8000ca1c (0x002d5233) srl     tp, s10, sp
core   0: 3 0x8000ca1c (0x002d5233) x 4 0x00000000
core   0: 0x8000ca20 (0xae595237) lui     tp, 0xae595
core   0: 3 0x8000ca20 (0xae595237) x 4 0xae595000
core   0: 0x8000ca24 (0x41fc5b33) sra     s6, s8, t6
core   0: 3 0x8000ca24 (0x41fc5b33) x22 0x00000000
core   0: 0x8000ca28 (0x41fb08b3) sub     a7, s6, t6
core   0: 3 0x8000ca28 (0x41fb08b3) x17 0x4ab6effa
core   0: 0x8000ca2c (0x005b58b3) srl     a7, s6, t0
core   0: 3 0x8000ca2c (0x005b58b3) x17 0x00000000
core   0: 0x8000ca30 (0x011dc533) xor     a0, s11, a7
core   0: 3 0x8000ca30 (0x011dc533) x10 0xfffffbc9
core   0: 0x8000ca34 (0x025199b3) mulh    s3, gp, t0
core   0: 3 0x8000ca34 (0x025199b3) x19 0x00000000
core   0: 0x8000ca38 (0x94b34997) auipc   s3, 0x94b34
core   0: 3 0x8000ca38 (0x94b34997) x19 0x14b40a38
core   0: 0x8000ca3c (0x025850b3) divu    ra, a6, t0
core   0: 3 0x8000ca3c (0x025850b3) x 1 0xffffffff
core   0: 0x8000ca40 (0x039411b3) mulh    gp, s0, s9
core   0: 3 0x8000ca40 (0x039411b3) x 3 0x00000000
core   0: 0x8000ca44 (0x8116bf93) sltiu   t6, a3, -2031
core   0: 3 0x8000ca44 (0x8116bf93) x31 0x00000001
core   0: 0x8000ca48 (0x00dd3633) sltu    a2, s10, a3
core   0: 3 0x8000ca48 (0x00dd3633) x12 0x00000001
core   0: 0x8000ca4c (0x057a6263) bltu    s4, s7, pc + 68
core   0: 3 0x8000ca4c (0x057a6263)
core   0: 0x8000ca90 (0x037261b3) rem     gp, tp, s7
core   0: 3 0x8000ca90 (0x037261b3) x 3 0xf9103b86
core   0: 0x8000ca94 (0x028d1cb3) mulh    s9, s10, s0
core   0: 3 0x8000ca94 (0x028d1cb3) x25 0x00000000
core   0: 0x8000ca98 (0xcb5aeb37) lui     s6, 0xcb5ae
core   0: 3 0x8000ca98 (0xcb5aeb37) x22 0xcb5ae000
core   0: 0x8000ca9c (0x03f882b3) mul     t0, a7, t6
core   0: 3 0x8000ca9c (0x03f882b3) x 5 0x00000000
core   0: 0x8000caa0 (0x01054533) xor     a0, a0, a6
core   0: 3 0x8000caa0 (0x01054533) x10 0xfffffbc9
core   0: 0x8000caa4 (0x03ae7663) bgeu    t3, s10, pc + 44
core   0: 3 0x8000caa4 (0x03ae7663)
core   0: 0x8000cad0 (0x03264c63) blt     a2, s2, pc + 56
core   0: 3 0x8000cad0 (0x03264c63)
core   0: 0x8000cb08 (0x00f2e633) or      a2, t0, a5
core   0: 3 0x8000cb08 (0x00f2e633) x12 0x00000000
core   0: 0x8000cb0c (0x00000013) nop
core   0: 3 0x8000cb0c (0x00000013)
core   0: 0x8000cb10 (0x02ca8433) mul     s0, s5, a2
core   0: 3 0x8000cb10 (0x02ca8433) x 8 0x00000000
core   0: 0x8000cb14 (0x00746b33) or      s6, s0, t2
core   0: 3 0x8000cb14 (0x00746b33) x22 0x00000000
core   0: 0x8000cb18 (0x016951b3) srl     gp, s2, s6
core   0: 3 0x8000cb18 (0x016951b3) x 3 0x4bb48000
core   0: 0x8000cb1c (0x00f50463) beq     a0, a5, pc + 8
core   0: 3 0x8000cb1c (0x00f50463)
core   0: 0x8000cb20 (0x02a2fb33) remu    s6, t0, a0
core   0: 3 0x8000cb20 (0x02a2fb33) x22 0x00000000
core   0: 0x8000cb24 (0x41635f93) srai    t6, t1, 22
core   0: 3 0x8000cb24 (0x41635f93) x31 0x00000000
core   0: 0x8000cb28 (0x41575313) srai    t1, a4, 21
core   0: 3 0x8000cb28 (0x41575313) x 6 0x00000000
core   0: 0x8000cb2c (0x1edeff13) andi    t5, t4, 493
core   0: 3 0x8000cb2c (0x1edeff13) x30 0x00000008
core   0: 0x8000cb30 (0x03609733) mulh    a4, ra, s6
core   0: 3 0x8000cb30 (0x03609733) x14 0x00000000
core   0: 0x8000cb34 (0x16248193) addi    gp, s1, 354
core   0: 3 0x8000cb34 (0x16248193) x 3 0x4ab6f0f1
core   0: 0x8000cb38 (0x40c300b3) sub     ra, t1, a2
core   0: 3 0x8000cb38 (0x40c300b3) x 1 0x00000000
core   0: 0x8000cb3c (0x01266fb3) or      t6, a2, s2
core   0: 3 0x8000cb3c (0x01266fb3) x31 0x4bb48000
core   0: 0x8000cb40 (0x016ea033) slt     zero, t4, s6
core   0: 3 0x8000cb40 (0x016ea033)
core   0: 0x8000cb44 (0x60166f13) ori     t5, a2, 1537
core   0: 3 0x8000cb44 (0x60166f13) x30 0x00000601
core   0: 0x8000cb48 (0x419650b3) sra     ra, a2, s9
core   0: 3 0x8000cb48 (0x419650b3) x 1 0x00000000
core   0: 0x8000cb4c (0x0172b533) sltu    a0, t0, s7
core   0: 3 0x8000cb4c (0x0172b533) x10 0x00000001
core   0: 0x8000cb50 (0x00715913) srli    s2, sp, 7
core   0: 3 0x8000cb50 (0x00715913) x18 0x010004bb
core   0: 0x8000cb54 (0x91e88837) lui     a6, 0x91e88
core   0: 3 0x8000cb54 (0x91e88837) x16 0x91e88000
core   0: 0x8000cb58 (0x9f35e913) ori     s2, a1, -1549
core   0: 3 0x8000cb58 (0x9f35e913) x18 0xfffffdf3
core   0: 0x8000cb5c (0xb5e3e313) ori     t1, t2, -1186
core   0: 3 0x8000cb5c (0xb5e3e313) x 6 0xfffffb5e
core   0: 0x8000cb60 (0xe8977d13) andi    s10, a4, -375
core   0: 3 0x8000cb60 (0xe8977d13) x26 0x00000000
core   0: 0x8000cb64 (0x033aa2b3) mulhsu  t0, s5, s3
core   0: 3 0x8000cb64 (0x033aa2b3) x 5 0x0000c3ea
core   0: 0x8000cb68 (0x00fe8033) add     zero, t4, a5
core   0: 3 0x8000cb68 (0x00fe8033)
core   0: 0x8000cb6c (0x00d0eb33) or      s6, ra, a3
core   0: 3 0x8000cb6c (0x00d0eb33) x22 0xd66f899c
core   0: 0x8000cb70 (0x02909e63) bne     ra, s1, pc + 60
core   0: 3 0x8000cb70 (0x02909e63)
core   0: 0x8000cbac (0x0158cc33) xor     s8, a7, s5
core   0: 3 0x8000cbac (0x0158cc33) x24 0x00097690
core   0: 0x8000cbb0 (0x01195733) srl     a4, s2, a7
core   0: 3 0x8000cbb0 (0x01195733) x14 0xfffffdf3
core   0: 0x8000cbb4 (0x0141e233) or      tp, gp, s4
core   0: 3 0x8000cbb4 (0x0141e233) x 4 0xcab6fcf5
core   0: 0x8000cbb8 (0x0342f633) remu    a2, t0, s4
core   0: 3 0x8000cbb8 (0x0342f633) x12 0x0000c3ea
core   0: 0x8000cbbc (0x00298ab3) add     s5, s3, sp
core   0: 3 0x8000cbbc (0x00298ab3) x21 0x94b667dc
core   0: 0x8000cbc0 (0x02be31b3) mulhu   gp, t3, a1
core   0: 3 0x8000cbc0 (0x02be31b3) x 3 0x00000000
core   0: 0x8000cbc4 (0x41f4dc33) sra     s8, s1, t6
core   0: 3 0x8000cbc4 (0x41f4dc33) x24 0x4ab6ef8f
core   0: 0x8000cbc8 (0x03a09663) bne     ra, s10, pc + 44
core   0: 3 0x8000cbc8 (0x03a09663)
core   0: 0x8000cbcc (0x03f4c263) blt     s1, t6, pc + 36
core   0: 3 0x8000cbcc (0x03f4c263)
core   0: 0x8000cbf0 (0x41aa5e13) srai    t3, s4, 26
core   0: 3 0x8000cbf0 (0x41aa5e13) x28 0xffffffe0
core   0: 0x8000cbf4 (0xae4d07b7) lui     a5, 0xae4d0
core   0: 3 0x8000cbf4 (0xae4d07b7) x15 0xae4d0000
core   0: 0x8000cbf8 (0x004a5333) srl     t1, s4, tp
core   0: 3 0x8000cbf8 (0x004a5333) x 6 0x00000400
core   0: 0x8000cbfc (0x7600bf93) sltiu   t6, ra, 1888
core   0: 3 0x8000cbfc (0x7600bf93) x31 0x00000001
core   0: 0x8000cc00 (0x005fcc63) blt     t6, t0, pc + 24
core   0: 3 0x8000cc00 (0x005fcc63)
core   0: 0x8000cc18 (0x2f532613) slti    a2, t1, 757
core   0: 3 0x8000cc18 (0x2f532613) x12 0x00000000
core   0: 0x8000cc1c (0x59fb4593) xori    a1, s6, 1439
core   0: 3 0x8000cc1c (0x59fb4593) x11 0xd66f8c03
core   0: 0x8000cc20 (0x0acdf097) auipc   ra, 0xacdf
core   0: 3 0x8000cc20 (0x0acdf097) x 1 0x8acebc20
core   0: 0x8000cc24 (0x01bffe63) bgeu    t6, s11, pc + 28
core   0: 3 0x8000cc24 (0x01bffe63)
core   0: 0x8000cc28 (0x0281f7b3) remu    a5, gp, s0
core   0: 3 0x8000cc28 (0x0281f7b3) x15 0x00000000
core   0: 0x8000cc2c (0xac8aa313) slti    t1, s5, -1336
core   0: 3 0x8000cc2c (0xac8aa313) x 6 0x00000001
core   0: 0x8000cc30 (0xbff5b893) sltiu   a7, a1, -1025
core   0: 3 0x8000cc30 (0xbff5b893) x17 0x00000001
core   0: 0x8000cc34 (0x01ed8db3) add     s11, s11, t5
core   0: 3 0x8000cc34 (0x01ed8db3) x27 0x000001ca
core   0: 0x8000cc38 (0x5bab2237) lui     tp, 0x5bab2
core   0: 3 0x8000cc38 (0x5bab2237) x 4 0x5bab2000
core   0: 0x8000cc3c (0x604b7197) auipc   gp, 0x604b7
core   0: 3 0x8000cc3c (0x604b7197) x 3 0xe04c3c3c
core   0: 0x8000cc40 (0xc1166413) ori     s0, a2, -1007
core   0: 3 0x8000cc40 (0xc1166413) x 8 0xfffffc11
core   0: 0x8000cc44 (0x03b3ceb3) div     t4, t2, s11
core   0: 3 0x8000cc44 (0x03b3ceb3) x29 0x00000000
core   0: 0x8000cc48 (0x03598463) beq     s3, s5, pc + 40
core   0: 3 0x8000cc48 (0x03598463)
core   0: 0x8000cc4c (0x01f560b3) or      ra, a0, t6
core   0: 3 0x8000cc4c (0x01f560b3) x 1 0x00000001
core   0: 0x8000cc50 (0x038be733) rem     a4, s7, s8
core   0: 3 0x8000cc50 (0x038be733) x14 0xb549147a
core   0: 0x8000cc54 (0x01499cb3) sll     s9, s3, s4
core   0: 3 0x8000cc54 (0x01499cb3) x25 0x4b40a380
core   0: 0x8000cc58 (0x022081b3) mul     gp, ra, sp
core   0: 3 0x8000cc58 (0x022081b3) x 3 0x80025da4
core   0: 0x8000cc5c (0x03473c33) mulhu   s8, a4, s4
core   0: 3 0x8000cc5c (0x03473c33) x24 0x5aa663e9
core   0: 0x8000cc60 (0x01961863) bne     a2, s9, pc + 16
core   0: 3 0x8000cc60 (0x01961863)
core   0: 0x8000cc70 (0x02808b33) mul     s6, ra, s0
core   0: 3 0x8000cc70 (0x02808b33) x22 0xfffffc11
core   0: 0x8000cc74 (0x01635233) srl     tp, t1, s6
core   0: 3 0x8000cc74 (0x01635233) x 4 0x00000000
core   0: 0x8000cc78 (0x000b6533) or      a0, s6, zero
core   0: 3 0x8000cc78 (0x000b6533) x10 0xfffffc11
core   0: 0x8000cc7c (0x016f31b3) sltu    gp, t5, s6
core   0: 3 0x8000cc7c (0x016f31b3) x 3 0x00000001
core   0: 0x8000cc80 (0x02a8fc63) bgeu    a7, a0, pc + 56
core   0: 3 0x8000cc80 (0x02a8fc63)
core   0: 0x8000cc84 (0x006679b3) and     s3, a2, t1
core   0: 3 0x8000cc84 (0x006679b3) x19 0x00000000
core   0: 0x8000cc88 (0x02076ab3) rem     s5, a4, zero
core   0: 3 0x8000cc88 (0x02076ab3) x21 0xb549147a
core   0: 0x8000cc8c (0x01fbcb33) xor     s6, s7, t6
core   0: 3 0x8000cc8c (0x01fbcb33) x22 0xb549147b
core   0: 0x8000cc90 (0x05028863) beq     t0, a6, pc + 80
core   0: 3 0x8000cc90 (0x05028863)
core   0: 0x8000cc94 (0x0267d9b3) divu    s3, a5, t1
core   0: 3 0x8000cc94 (0x0267d9b3) x19 0x00000000
core   0: 0x8000cc98 (0x40d05e13) srai    t3, zero, 13
core   0: 3 0x8000cc98 (0x40d05e13) x28 0x00000000
core   0: 0x8000cc9c (0x030ec933) div     s2, t4, a6
core   0: 3 0x8000cc9c (0x030ec933) x18 0x00000000
core   0: 0x8000cca0 (0x02a68933) mul     s2, a3, a0
core   0: 3 0x8000cca0 (0x02a68933) x18 0x7f41b35c
core   0: 0x8000cca4 (0x002048b3) xor     a7, zero, sp
core   0: 3 0x8000cca4 (0x002048b3) x17 0x80025da4
core   0: 0x8000cca8 (0x008e6863) bltu    t3, s0, pc + 16
core   0: 3 0x8000cca8 (0x008e6863)
core   0: 0x8000ccb8 (0x012dddb3) srl     s11, s11, s2
core   0: 3 0x8000ccb8 (0x012dddb3) x27 0x00000000
core   0: 0x8000ccbc (0x00320fb3) add     t6, tp, gp
core   0: 3 0x8000ccbc (0x00320fb3) x31 0x00000001
core   0: 0x8000ccc0 (0x012b69b3) or      s3, s6, s2
core   0: 3 0x8000ccc0 (0x012b69b3) x19 0xff49b77f
core   0: 0x8000ccc4 (0x006ea6b3) slt     a3, t4, t1
core   0: 3 0x8000ccc4 (0x006ea6b3) x13 0x00000001
core   0: 0x8000ccc8 (0x2c9ace13) xori    t3, s5, 713
core   0: 3 0x8000ccc8 (0x2c9ace13) x28 0xb54916b3
core   0: 0x8000cccc (0x03fa1f33) mulh    t5, s4, t6
core   0: 3 0x8000cccc (0x03fa1f33) x30 0xffffffff
core   0: 0x8000ccd0 (0x416bd293) srai    t0, s7, 22
core   0: 3 0x8000ccd0 (0x416bd293) x 5 0xfffffed5
core   0: 0x8000ccd4 (0x0bd57293) andi    t0, a0, 189
core   0: 3 0x8000ccd4 (0x0bd57293) x 5 0x00000011
core   0: 0x8000ccd8 (0x0cbd4c93) xori    s9, s10, 203
core   0: 3 0x8000ccd8 (0x0cbd4c93) x25 0x000000cb
core   0: 0x8000ccdc (0x038b9833) mulh    a6, s7, s8
core   0: 3 0x8000ccdc (0x038b9833) x16 0xe58b216d
core   0: 0x8000cce0 (0x03b52933) mulhsu  s2, a0, s11
core   0: 3 0x8000cce0 (0x03b52933) x18 0x00000000
core   0: 0x8000cce4 (0x00524263) blt     tp, t0, pc + 4
core   0: 3 0x8000cce4 (0x00524263)
core   0: 0x8000cce8 (0x004c16b3) sll     a3, s8, tp
core   0: 3 0x8000cce8 (0x004c16b3) x13 0x5aa663e9
core   0: 0x8000ccec (0x027f7533) remu    a0, t5, t2
core   0: 3 0x8000ccec (0x027f7533) x10 0xffffffff
core   0: 0x8000ccf0 (0x01fd0db3) add     s11, s10, t6
core   0: 3 0x8000ccf0 (0x01fd0db3) x27 0x00000001
core   0: 0x8000ccf4 (0x030576b3) remu    a3, a0, a6
core   0: 3 0x8000ccf4 (0x030576b3) x13 0x1a74de92
core   0: 0x8000ccf8 (0x03c4d6b3) divu    a3, s1, t3
core   0: 3 0x8000ccf8 (0x03c4d6b3) x13 0x00000000
core   0: 0x8000ccfc (0x00000013) nop
core   0: 3 0x8000ccfc (0x00000013)
core   0: 0x8000cd00 (0x419584b3) sub     s1, a1, s9
core   0: 3 0x8000cd00 (0x419584b3) x 9 0xd66f8b38
core   0: 0x8000cd04 (0x41e28733) sub     a4, t0, t5
core   0: 3 0x8000cd04 (0x41e28733) x14 0x00000012
core   0: 0x8000cd08 (0x0328d633) divu    a2, a7, s2
core   0: 3 0x8000cd08 (0x0328d633) x12 0xffffffff
core   0: 0x8000cd0c (0x00529cb3) sll     s9, t0, t0
core   0: 3 0x8000cd0c (0x00529cb3) x25 0x00220000
core   0: 0x8000cd10 (0x01c4ed33) or      s10, s1, t3
core   0: 3 0x8000cd10 (0x01c4ed33) x26 0xf76f9fbb
core   0: 0x8000cd14 (0x043e5263) bge     t3, gp, pc + 68
core   0: 3 0x8000cd14 (0x043e5263)
core   0: 0x8000cd18 (0x02b511b3) mulh    gp, a0, a1
core   0: 3 0x8000cd18 (0x02b511b3) x 3 0x00000000
core   0: 0x8000cd1c (0x31886513) ori     a0, a6, 792
core   0: 3 0x8000cd1c (0x31886513) x10 0xe58b237d
core   0: 0x8000cd20 (0x4b9af213) andi    tp, s5, 1209
core   0: 3 0x8000cd20 (0x4b9af213) x 4 0x00000438
core   0: 0x8000cd24 (0x005985b3) add     a1, s3, t0
core   0: 3 0x8000cd24 (0x005985b3) x11 0xff49b790
core   0: 0x8000cd28 (0xd0db7b13) andi    s6, s6, -755
core   0: 3 0x8000cd28 (0xd0db7b13) x22 0xb5491409
core   0: 0x8000cd2c (0x03d35233) divu    tp, t1, t4
core   0: 3 0x8000cd2c (0x03d35233) x 4 0xffffffff
core   0: 0x8000cd30 (0x03dfb1b3) mulhu   gp, t6, t4
core   0: 3 0x8000cd30 (0x03dfb1b3) x 3 0x00000000
core   0: 0x8000cd34 (0x02661533) mulh    a0, a2, t1
core   0: 3 0x8000cd34 (0x02661533) x10 0xffffffff
core   0: 0x8000cd38 (0x011624b3) slt     s1, a2, a7
core   0: 3 0x8000cd38 (0x011624b3) x 9 0x00000000
core   0: 0x8000cd3c (0x00179d33) sll     s10, a5, ra
core   0: 3 0x8000cd3c (0x00179d33) x26 0x00000000
core   0: 0x8000cd40 (0x00000013) nop
core   0: 3 0x8000cd40 (0x00000013)
core   0: 0x8000cd44 (0x9f457093) andi    ra, a0, -1548
core   0: 3 0x8000cd44 (0x9f457093) x 1 0xfffff9f4
core   0: 0x8000cd48 (0x400add93) srai    s11, s5, 0
core   0: 3 0x8000cd48 (0x400add93) x27 0xb549147a
core   0: 0x8000cd4c (0x40d55593) srai    a1, a0, 13
core   0: 3 0x8000cd4c (0x40d55593) x11 0xffffffff
core   0: 0x8000cd50 (0x02301d33) mulh    s10, zero, gp
core   0: 3 0x8000cd50 (0x02301d33) x26 0x00000000
core   0: 0x8000cd54 (0x03298db3) mul     s11, s3, s2
core   0: 3 0x8000cd54 (0x03298db3) x27 0x00000000
core   0: 0x8000cd58 (0x0360aab3) mulhsu  s5, ra, s6
core   0: 3 0x8000cd58 (0x0360aab3) x21 0xfffffbb7
core   0: 0x8000cd5c (0x03ed4263) blt     s10, t5, pc + 36
core   0: 3 0x8000cd5c (0x03ed4263)
core   0: 0x8000cd60 (0x00cb76b3) and     a3, s6, a2
core   0: 3 0x8000cd60 (0x00cb76b3) x13 0xb5491409
core   0: 0x8000cd64 (0x02706433) rem     s0, zero, t2
core   0: 3 0x8000cd64 (0x02706433) x 8 0x00000000
core   0: 0x8000cd68 (0x199ecd13) xori    s10, t4, 409
core   0: 3 0x8000cd68 (0x199ecd13) x26 0x00000199
core   0: 0x8000cd6c (0x01180db3) add     s11, a6, a7
core   0: 3 0x8000cd6c (0x01180db3) x27 0x658d7f11
core   0: 0x8000cd70 (0x03a4c9b3) div     s3, s1, s10
core   0: 3 0x8000cd70 (0x03a4c9b3) x19 0x00000000
core   0: 0x8000cd74 (0x01fb0fb3) add     t6, s6, t6
core   0: 3 0x8000cd74 (0x01fb0fb3) x31 0xb549140a
core   0: 0x8000cd78 (0x41108033) sub     zero, ra, a7
core   0: 3 0x8000cd78 (0x41108033)
core   0: 0x8000cd7c (0x02b9bc33) mulhu   s8, s3, a1
core   0: 3 0x8000cd7c (0x02b9bc33) x24 0x00000000
core   0: 0x8000cd80 (0x003add33) srl     s10, s5, gp
core   0: 3 0x8000cd80 (0x003add33) x26 0xfffffbb7
core   0: 0x8000cd84 (0x41add993) srai    s3, s11, 26
core   0: 3 0x8000cd84 (0x41add993) x19 0x00000019
core   0: 0x8000cd88 (0x011cbb33) sltu    s6, s9, a7
core   0: 3 0x8000cd88 (0x011cbb33) x22 0x00000001
core   0: 0x8000cd8c (0x03be1263) bne     t3, s11, pc + 36
core   0: 3 0x8000cd8c (0x03be1263)
core   0: 0x8000cdb0 (0xa205ca93) xori    s5, a1, -1504
core   0: 3 0x8000cdb0 (0xa205ca93) x21 0x000005df
core   0: 0x8000cdb4 (0x04957863) bgeu    a0, s1, pc + 80
core   0: 3 0x8000cdb4 (0x04957863)
core   0: 0x8000ce04 (0x53164097) auipc   ra, 0x53164
core   0: 3 0x8000ce04 (0x53164097) x 1 0xd3170e04
core   0: 0x8000ce08 (0x005f0833) add     a6, t5, t0
core   0: 3 0x8000ce08 (0x005f0833) x16 0x00000010
core   0: 0x8000ce0c (0x0369a533) mulhsu  a0, s3, s6
core   0: 3 0x8000ce0c (0x0369a533) x10 0x00000000
core   0: 0x8000ce10 (0x92afc417) auipc   s0, 0x92afc
core   0: 3 0x8000ce10 (0x92afc417) x 8 0x12b08e10
core   0: 0x8000ce14 (0x7f9bf897) auipc   a7, 0x7f9bf
core   0: 3 0x8000ce14 (0x7f9bf897) x17 0xff9cbe14
core   0: 0x8000ce18 (0x3b9e0293) addi    t0, t3, 953
core   0: 3 0x8000ce18 (0x3b9e0293) x 5 0xb5491a6c
core   0: 0x8000ce1c (0x035121b3) mulhsu  gp, sp, s5
core   0: 3 0x8000ce1c (0x035121b3) x 3 0xfffffd10
core   0: 0x8000ce20 (0x98a50413) addi    s0, a0, -1654
core   0: 3 0x8000ce20 (0x98a50413) x 8 0xfffff98a
core   0: 0x8000ce24 (0x6183b313) sltiu   t1, t2, 1560
core   0: 3 0x8000ce24 (0x6183b313) x 6 0x00000001
core   0: 0x8000ce28 (0x03972233) mulhsu  tp, a4, s9
core   0: 3 0x8000ce28 (0x03972233) x 4 0x00000000
core   0: 0x8000ce2c (0x40b00633) sub     a2, zero, a1
core   0: 3 0x8000ce2c (0x40b00633) x12 0x00000001
core   0: 0x8000ce30 (0x02404b33) div     s6, zero, tp
core   0: 3 0x8000ce30 (0x02404b33) x22 0xffffffff
core   0: 0x8000ce34 (0x03dcf037) lui     zero, 0x3dcf
core   0: 3 0x8000ce34 (0x03dcf037)
core   0: 0x8000ce38 (0x40185233) sra     tp, a6, ra
core   0: 3 0x8000ce38 (0x40185233) x 4 0x00000001
core   0: 0x8000ce3c (0x40ed8933) sub     s2, s11, a4
core   0: 3 0x8000ce3c (0x40ed8933) x18 0x658d7eff
core   0: 0x8000ce40 (0x02ecb733) mulhu   a4, s9, a4
core   0: 3 0x8000ce40 (0x02ecb733) x14 0x00000000
core   0: 0x8000ce44 (0x00d079b3) and     s3, zero, a3
core   0: 3 0x8000ce44 (0x00d079b3) x19 0x00000000
core   0: 0x8000ce48 (0x018c3ab3) sltu    s5, s8, s8
core   0: 3 0x8000ce48 (0x018c3ab3) x21 0x00000000
core   0: 0x8000ce4c (0x031daeb3) mulhsu  t4, s11, a7
core   0: 3 0x8000ce4c (0x031daeb3) x29 0x65661f32
core   0: 0x8000ce50 (0x048e8663) beq     t4, s0, pc + 76
core   0: 3 0x8000ce50 (0x048e8663)
core   0: 0x8000ce54 (0x0088d6b3) srl     a3, a7, s0
core   0: 3 0x8000ce54 (0x0088d6b3) x13 0x003fe72f
core   0: 0x8000ce58 (0x005ade63) bge     s5, t0, pc + 28
core   0: 3 0x8000ce58 (0x005ade63)
core   0: 0x8000ce74 (0x017edf33) srl     t5, t4, s7
core   0: 3 0x8000ce74 (0x017edf33) x30 0x00000019
core   0: 0x8000ce78 (0x021ceb33) rem     s6, s9, ra
core   0: 3 0x8000ce78 (0x021ceb33) x22 0x00220000
core   0: 0x8000ce7c (0x031ff463) bgeu    t6, a7, pc + 40
core   0: 3 0x8000ce7c (0x031ff463)
core   0: 0x8000ce80 (0x00689463) bne     a7, t1, pc + 8
core   0: 3 0x8000ce80 (0x00689463)
core   0: 0x8000ce88 (0x00713233) sltu    tp, sp, t2
core   0: 3 0x8000ce88 (0x00713233) x 4 0x00000000
core   0: 0x8000ce8c (0x01f725b3) slt     a1, a4, t6
core   0: 3 0x8000ce8c (0x01f725b3) x11 0x00000000
core   0: 0x8000ce90 (0x031be663) bltu    s7, a7, pc + 44
core   0: 3 0x8000ce90 (0x031be663)
core   0: 0x8000cebc (0x44c42f13) slti    t5, s0, 1100
core   0: 3 0x8000cebc (0x44c42f13) x30 0x00000001
core   0: 0x8000cec0 (0x0029c633) xor     a2, s3, sp
core   0: 3 0x8000cec0 (0x0029c633) x12 0x80025da4
core   0: 0x8000cec4 (0x02ea8033) mul     zero, s5, a4
core   0: 3 0x8000cec4 (0x02ea8033)
core   0: 0x8000cec8 (0x00bd1263) bne     s10, a1, pc + 4
core   0: 3 0x8000cec8 (0x00bd1263)
core   0: 0x8000cecc (0x024cbab3) mulhu   s5, s9, tp
core   0: 3 0x8000cecc (0x024cbab3) x21 0x00000000
core   0: 0x8000ced0 (0x01334263) blt     t1, s3, pc + 4
core   0: 3 0x8000ced0 (0x01334263)
core   0: 0x8000ced4 (0x01644033) xor     zero, s0, s6
core   0: 3 0x8000ced4 (0x01644033)
core   0: 0x8000ced8 (0x03ba4e63) blt     s4, s11, pc + 60
core   0: 3 0x8000ced8 (0x03ba4e63)
core   0: 0x8000cf14 (0x01d0fe33) and     t3, ra, t4
core   0: 3 0x8000cf14 (0x01d0fe33) x28 0x41060e00
core   0: 0x8000cf18 (0xb3603093) sltiu   ra, zero, -1226
core   0: 3 0x8000cf18 (0xb3603093) x 1 0x00000001
core   0: 0x8000cf1c (0x8e4c6f97) auipc   t6, 0x8e4c6
core   0: 3 0x8000cf1c (0x8e4c6f97) x31 0x0e4d2f1c
core   0: 0x8000cf20 (0x039a6263) bltu    s4, s9, pc + 36
core   0: 3 0x8000cf20 (0x039a6263)
core   0: 0x8000cf24 (0x02a98263) beq     s3, a0, pc + 36
core   0: 3 0x8000cf24 (0x02a98263)
core   0: 0x8000cf48 (0x00000013) nop
core   0: 3 0x8000cf48 (0x00000013)
core   0: 0x8000cf4c (0x419d0633) sub     a2, s10, s9
core   0: 3 0x8000cf4c (0x419d0633) x12 0xffddfbb7
core   0: 0x8000cf50 (0x010cd8b3) srl     a7, s9, a6
core   0: 3 0x8000cf50 (0x010cd8b3) x17 0x00000022
core   0: 0x8000cf54 (0x17634513) xori    a0, t1, 374
core   0: 3 0x8000cf54 (0x17634513) x10 0x00000177
core   0: 0x8000cf58 (0x008b5d33) srl     s10, s6, s0
core   0: 3 0x8000cf58 (0x008b5d33) x26 0x00000880
core   0: 0x8000cf5c (0x03fb0333) mul     t1, s6, t6
core   0: 3 0x8000cf5c (0x03fb0333) x 6 0x41b80000
core   0: 0x8000cf60 (0x01df6833) or      a6, t5, t4
core   0: 3 0x8000cf60 (0x01df6833) x16 0x65661f33
core   0: 0x8000cf64 (0x00000013) nop
core   0: 3 0x8000cf64 (0x00000013)
core   0: 0x8000cf68 (0x01fa6e33) or      t3, s4, t6
core   0: 3 0x8000cf68 (0x01fa6e33) x28 0x8e4fbffc
core   0: 0x8000cf6c (0x021a6233) rem     tp, s4, ra
core   0: 3 0x8000cf6c (0x021a6233) x 4 0x00000000
core   0: 0x8000cf70 (0x036f40b3) div     ra, t5, s6
core   0: 3 0x8000cf70 (0x036f40b3) x 1 0x00000000
core   0: 0x8000cf74 (0x00164863) blt     a2, ra, pc + 16
core   0: 3 0x8000cf74 (0x00164863)
core   0: 0x8000cf84 (0x01e02233) slt     tp, zero, t5
core   0: 3 0x8000cf84 (0x01e02233) x 4 0x00000001
core   0: 0x8000cf88 (0x013d7333) and     t1, s10, s3
core   0: 3 0x8000cf88 (0x013d7333) x 6 0x00000000
core   0: 0x8000cf8c (0x5a80ad93) slti    s11, ra, 1448
core   0: 3 0x8000cf8c (0x5a80ad93) x27 0x00000001
core   0: 0x8000cf90 (0x40035493) srai    s1, t1, 0
core   0: 3 0x8000cf90 (0x40035493) x 9 0x00000000
core   0: 0x8000cf94 (0x408a5313) srai    t1, s4, 8
core   0: 3 0x8000cf94 (0x408a5313) x 6 0xff80029c
core   0: 0x8000cf98 (0x00d63ab3) sltu    s5, a2, a3
core   0: 3 0x8000cf98 (0x00d63ab3) x21 0x00000000
core   0: 0x8000cf9c (0x01e65393) srli    t2, a2, 30
core   0: 3 0x8000cf9c (0x01e65393) x 7 0x00000003
core   0: 0x8000cfa0 (0x037a2ab3) mulhsu  s5, s4, s7
core   0: 3 0x8000cfa0 (0x037a2ab3) x21 0xa55d4f6f
core   0: 0x8000cfa4 (0x01cdb5b3) sltu    a1, s11, t3
core   0: 3 0x8000cfa4 (0x01cdb5b3) x11 0x00000001
core   0: 0x8000cfa8 (0x0ea53493) sltiu   s1, a0, 234
core   0: 3 0x8000cfa8 (0x0ea53493) x 9 0x00000000
core   0: 0x8000cfac (0x03676c63) bltu    a4, s6, pc + 56
core   0: 3 0x8000cfac (0x03676c63)
core   0: 0x8000cfe4 (0xe1f6b513) sltiu   a0, a3, -481
core   0: 3 0x8000cfe4 (0xe1f6b513) x10 0x00000001
core   0: 0x8000cfe8 (0x03487e63) bgeu    a6, s4, pc + 60
core   0: 3 0x8000cfe8 (0x03487e63)
core   0: 0x8000cfec (0x02179663) bne     a5, ra, pc + 44
core   0: 3 0x8000cfec (0x02179663)
core   0: 0x8000cff0 (0x022d1ab3) mulh    s5, s10, sp
core   0: 3 0x8000cff0 (0x022d1ab3) x21 0xfffffbc0
core   0: 0x8000cff4 (0x027be2b3) rem     t0, s7, t2
core   0: 3 0x8000cff4 (0x027be2b3) x 5 0xffffffff
core   0: 0x8000cff8 (0x006fd6b3) srl     a3, t6, t1
core   0: 3 0x8000cff8 (0x006fd6b3) x13 0x00000000
core   0: 0x8000cffc (0x0237c663) blt     a5, gp, pc + 44
core   0: 3 0x8000cffc (0x0237c663)
core   0: 0x8000d000 (0x01bd3ab3) sltu    s5, s10, s11
core   0: 3 0x8000d000 (0x01bd3ab3) x21 0x00000000
core   0: 0x8000d004 (0x001d16b3) sll     a3, s10, ra
core   0: 3 0x8000d004 (0x001d16b3) x13 0x00000880
core   0: 0x8000d008 (0x00b5d863) bge     a1, a1, pc + 16
core   0: 3 0x8000d008 (0x00b5d863)
core   0: 0x8000d018 (0x05fb9863) bne     s7, t6, pc + 80
core   0: 3 0x8000d018 (0x05fb9863)
core   0: 0x8000d068 (0x01b58263) beq     a1, s11, pc + 4
core   0: 3 0x8000d068 (0x01b58263)
core   0: 0x8000d06c (0x01b96463) bltu    s2, s11, pc + 8
core   0: 3 0x8000d06c (0x01b96463)
core   0: 0x8000d070 (0x02a11d33) mulh    s10, sp, a0
core   0: 3 0x8000d070 (0x02a11d33) x26 0xffffffff
core   0: 0x8000d074 (0x05397863) bgeu    s2, s3, pc + 80
core   0: 3 0x8000d074 (0x05397863)
core   0: 0x8000d0c4 (0x8cf07413) andi    s0, zero, -1841
core   0: 3 0x8000d0c4 (0x8cf07413) x 8 0x00000000
core   0: 0x8000d0c8 (0x00000013) nop
core   0: 3 0x8000d0c8 (0x00000013)
core   0: 0x8000d0cc (0x017bb333) sltu    t1, s7, s7
core   0: 3 0x8000d0cc (0x017bb333) x 6 0x00000000
core   0: 0x8000d0d0 (0x86ea7593) andi    a1, s4, -1938
core   0: 3 0x8000d0d0 (0x86ea7593) x11 0x80029864
core   0: 0x8000d0d4 (0x010af533) and     a0, s5, a6
core   0: 3 0x8000d0d4 (0x010af533) x10 0x00000000
core   0: 0x8000d0d8 (0xa7cdb517) auipc   a0, 0xa7cdb
core   0: 3 0x8000d0d8 (0xa7cdb517) x10 0x27ce80d8
core   0: 0x8000d0dc (0x01d67c63) bgeu    a2, t4, pc + 24
core   0: 3 0x8000d0dc (0x01d67c63)
core   0: 0x8000d0f4 (0x02f69663) bne     a3, a5, pc + 44
core   0: 3 0x8000d0f4 (0x02f69663)
core   0: 0x8000d120 (0x01c20033) add     zero, tp, t3
core   0: 3 0x8000d120 (0x01c20033)
core   0: 0x8000d124 (0x0237d263) bge     a5, gp, pc + 36
core   0: 3 0x8000d124 (0x0237d263)
core   0: 0x8000d148 (0x02ecee33) rem     t3, s9, a4
core   0: 3 0x8000d148 (0x02ecee33) x28 0x00220000
core   0: 0x8000d14c (0x00000013) nop
core   0: 3 0x8000d14c (0x00000013)
core   0: 0x8000d150 (0x0878a413) slti    s0, a7, 135
core   0: 3 0x8000d150 (0x0878a413) x 8 0x00000001
core   0: 0x8000d154 (0x03cbbf33) mulhu   t5, s7, t3
core   0: 3 0x8000d154 (0x03cbbf33) x30 0x001813b4
core   0: 0x8000d158 (0xc5072793) slti    a5, a4, -944
core   0: 3 0x8000d158 (0xc5072793) x15 0x00000000
core   0: 0x8000d15c (0x45a3dc97) auipc   s9, 0x45a3d
core   0: 3 0x8000d15c (0x45a3dc97) x25 0xc5a4a15c
core   0: 0x8000d160 (0x013e5733) srl     a4, t3, s3
core   0: 3 0x8000d160 (0x013e5733) x14 0x00220000
core   0: 0x8000d164 (0x00000013) nop
core   0: 3 0x8000d164 (0x00000013)
core   0: 0x8000d168 (0x414f5693) srai    a3, t5, 20
core   0: 3 0x8000d168 (0x414f5693) x13 0x00000001
core   0: 0x8000d16c (0x027ee263) bltu    t4, t2, pc + 36
core   0: 3 0x8000d16c (0x027ee263)
core   0: 0x8000d170 (0x0286ac33) mulhsu  s8, a3, s0
core   0: 3 0x8000d170 (0x0286ac33) x24 0x00000000
core   0: 0x8000d174 (0x0144d413) srli    s0, s1, 20
core   0: 3 0x8000d174 (0x0144d413) x 8 0x00000000
core   0: 0x8000d178 (0x00386c63) bltu    a6, gp, pc + 24
core   0: 3 0x8000d178 (0x00386c63)
core   0: 0x8000d190 (0x01097ab3) and     s5, s2, a6
core   0: 3 0x8000d190 (0x01097ab3) x21 0x65041e33
core   0: 0x8000d194 (0xed44b3b7) lui     t2, 0xed44b
core   0: 3 0x8000d194 (0xed44b3b7) x 7 0xed44b000
core   0: 0x8000d198 (0x975d3813) sltiu   a6, s10, -1675
core   0: 3 0x8000d198 (0x975d3813) x16 0x00000000
core   0: 0x8000d19c (0x01971d13) slli    s10, a4, 25
core   0: 3 0x8000d19c (0x01971d13) x26 0x00000000
core   0: 0x8000d1a0 (0x05d19263) bne     gp, t4, pc + 68
core   0: 3 0x8000d1a0 (0x05d19263)
core   0: 0x8000d1e4 (0x3004ec93) ori     s9, s1, 768
core   0: 3 0x8000d1e4 (0x3004ec93) x25 0x00000300
core   0: 0x8000d1e8 (0xdc1da493) slti    s1, s11, -575
core   0: 3 0x8000d1e8 (0xdc1da493) x 9 0x00000000
core   0: 0x8000d1ec (0x4176a937) lui     s2, 0x4176a
core   0: 3 0x8000d1ec (0x4176a937) x18 0x4176a000
core   0: 0x8000d1f0 (0xb7a7b793) sltiu   a5, a5, -1158
core   0: 3 0x8000d1f0 (0xb7a7b793) x15 0x00000001
core   0: 0x8000d1f4 (0x03c096b3) mulh    a3, ra, t3
core   0: 3 0x8000d1f4 (0x03c096b3) x13 0x00000000
core   0: 0x8000d1f8 (0x0e697b13) andi    s6, s2, 230
core   0: 3 0x8000d1f8 (0x0e697b13) x22 0x00000000
core   0: 0x8000d1fc (0x004f56b3) srl     a3, t5, tp
core   0: 3 0x8000d1fc (0x004f56b3) x13 0x000c09da
core   0: 0x8000d200 (0x49d1a7b7) lui     a5, 0x49d1a
core   0: 3 0x8000d200 (0x49d1a7b7) x15 0x49d1a000
core   0: 0x8000d204 (0xe1f0ef13) ori     t5, ra, -481
core   0: 3 0x8000d204 (0xe1f0ef13) x30 0xfffffe1f
core   0: 0x8000d208 (0x0106d333) srl     t1, a3, a6
core   0: 3 0x8000d208 (0x0106d333) x 6 0x000c09da
core   0: 0x8000d20c (0x00000013) nop
core   0: 3 0x8000d20c (0x00000013)
core   0: 0x8000d210 (0x5aa36a93) ori     s5, t1, 1450
core   0: 3 0x8000d210 (0x5aa36a93) x21 0x000c0dfa
core   0: 0x8000d214 (0x02ad5c63) bge     s10, a0, pc + 56
core   0: 3 0x8000d214 (0x02ad5c63)
core   0: 0x8000d218 (0x40380b33) sub     s6, a6, gp
core   0: 3 0x8000d218 (0x40380b33) x22 0x000002f0
core   0: 0x8000d21c (0xf4f5a917) auipc   s2, 0xf4f5a
core   0: 3 0x8000d21c (0xf4f5a917) x18 0x74f6721c
core   0: 0x8000d220 (0x0042bc33) sltu    s8, t0, tp
core   0: 3 0x8000d220 (0x0042bc33) x24 0x00000000
core   0: 0x8000d224 (0x0335e663) bltu    a1, s3, pc + 44
core   0: 3 0x8000d224 (0x0335e663)
core   0: 0x8000d228 (0x008b7433) and     s0, s6, s0
core   0: 3 0x8000d228 (0x008b7433) x 8 0x00000000
core   0: 0x8000d22c (0x02cad333) divu    t1, s5, a2
core   0: 3 0x8000d22c (0x02cad333) x 6 0x00000000
core   0: 0x8000d230 (0x02792533) mulhsu  a0, s2, t2
core   0: 3 0x8000d230 (0x02792533) x10 0x6c678983
core   0: 0x8000d234 (0x0347c9b3) div     s3, a5, s4
core   0: 3 0x8000d234 (0x0347c9b3) x19 0x00000000
core   0: 0x8000d238 (0x015221b3) slt     gp, tp, s5
core   0: 3 0x8000d238 (0x015221b3) x 3 0x00000001
core   0: 0x8000d23c (0x40f35933) sra     s2, t1, a5
core   0: 3 0x8000d23c (0x40f35933) x18 0x00000000
core   0: 0x8000d240 (0x013ba8b3) slt     a7, s7, s3
core   0: 3 0x8000d240 (0x013ba8b3) x17 0x00000001
core   0: 0x8000d244 (0x01aba5b3) slt     a1, s7, s10
core   0: 3 0x8000d244 (0x01aba5b3) x11 0x00000001
core   0: 0x8000d248 (0x0377d933) divu    s2, a5, s7
core   0: 3 0x8000d248 (0x0377d933) x18 0x00000000
core   0: 0x8000d24c (0x0015e533) or      a0, a1, ra
core   0: 3 0x8000d24c (0x0015e533) x10 0x00000001
core   0: 0x8000d250 (0xd069a993) slti    s3, s3, -762
core   0: 3 0x8000d250 (0xd069a993) x19 0x00000000
core   0: 0x8000d254 (0x00915b13) srli    s6, sp, 9
core   0: 3 0x8000d254 (0x00915b13) x22 0x0040012e
core   0: 0x8000d258 (0x02e05263) bge     zero, a4, pc + 36
core   0: 3 0x8000d258 (0x02e05263)
core   0: 0x8000d25c (0x41be54b3) sra     s1, t3, s11
core   0: 3 0x8000d25c (0x41be54b3) x 9 0x00110000
core   0: 0x8000d260 (0x01288d33) add     s10, a7, s2
core   0: 3 0x8000d260 (0x01288d33) x26 0x00000001
core   0: 0x8000d264 (0xf1181c17) auipc   s8, 0xf1181
core   0: 3 0x8000d264 (0xf1181c17) x24 0x7118e264
core   0: 0x8000d268 (0x02496b33) rem     s6, s2, tp
core   0: 3 0x8000d268 (0x02496b33) x22 0x00000000
core   0: 0x8000d26c (0x02a1dc33) divu    s8, gp, a0
core   0: 3 0x8000d26c (0x02a1dc33) x24 0x00000001
core   0: 0x8000d270 (0x00590e63) beq     s2, t0, pc + 28
core   0: 3 0x8000d270 (0x00590e63)
core   0: 0x8000d274 (0x6387f817) auipc   a6, 0x6387f
core   0: 3 0x8000d274 (0x6387f817) x16 0xe388c274
core   0: 0x8000d278 (0x02fd07b3) mul     a5, s10, a5
core   0: 3 0x8000d278 (0x02fd07b3) x15 0x49d1a000
core   0: 0x8000d27c (0x2d6e2713) slti    a4, t3, 726
core   0: 3 0x8000d27c (0x2d6e2713) x14 0x00000000
core   0: 0x8000d280 (0x00904f33) xor     t5, zero, s1
core   0: 3 0x8000d280 (0x00904f33) x30 0x00110000
core   0: 0x8000d284 (0x597f6413) ori     s0, t5, 1431
core   0: 3 0x8000d284 (0x597f6413) x 8 0x00110597
core   0: 0x8000d288 (0x03757db3) remu    s11, a0, s7
core   0: 3 0x8000d288 (0x03757db3) x27 0x00000001
core   0: 0x8000d28c (0x417bd1b3) sra     gp, s7, s7
core   0: 3 0x8000d28c (0x417bd1b3) x 3 0xffffffed
core   0: 0x8000d290 (0x037b2733) mulhsu  a4, s6, s7
core   0: 3 0x8000d290 (0x037b2733) x14 0x00000000
core   0: 0x8000d294 (0x03f90263) beq     s2, t6, pc + 36
core   0: 3 0x8000d294 (0x03f90263)
core   0: 0x8000d298 (0x026a38b3) mulhu   a7, s4, t1
core   0: 3 0x8000d298 (0x026a38b3) x17 0x00000000
core   0: 0x8000d29c (0x0056b2b3) sltu    t0, a3, t0
core   0: 3 0x8000d29c (0x0056b2b3) x 5 0x00000001
core   0: 0x8000d2a0 (0x03710463) beq     sp, s7, pc + 40
core   0: 3 0x8000d2a0 (0x03710463)
core   0: 0x8000d2a4 (0xa130e193) ori     gp, ra, -1517
core   0: 3 0x8000d2a4 (0xa130e193) x 3 0xfffffa13
core   0: 0x8000d2a8 (0x00e9f833) and     a6, s3, a4
core   0: 3 0x8000d2a8 (0x00e9f833) x16 0x00000000
core   0: 0x8000d2ac (0x01129d33) sll     s10, t0, a7
core   0: 3 0x8000d2ac (0x01129d33) x26 0x00000001
core   0: 0x8000d2b0 (0x411d52b3) sra     t0, s10, a7
core   0: 3 0x8000d2b0 (0x411d52b3) x 5 0x00000001
core   0: 0x8000d2b4 (0x032acc63) blt     s5, s2, pc + 56
core   0: 3 0x8000d2b4 (0x032acc63)
core   0: 0x8000d2b8 (0x00a699b3) sll     s3, a3, a0
core   0: 3 0x8000d2b8 (0x00a699b3) x19 0x001813b4
core   0: 0x8000d2bc (0xd60f2f93) slti    t6, t5, -672
core   0: 3 0x8000d2bc (0xd60f2f93) x31 0x00000000
core   0: 0x8000d2c0 (0x03a780b3) mul     ra, a5, s10
core   0: 3 0x8000d2c0 (0x03a780b3) x 1 0x49d1a000
core   0: 0x8000d2c4 (0x01ba85b3) add     a1, s5, s11
core   0: 3 0x8000d2c4 (0x01ba85b3) x11 0x000c0dfb
core   0: 0x8000d2c8 (0x94b23393) sltiu   t2, tp, -1717
core   0: 3 0x8000d2c8 (0x94b23393) x 7 0x00000001
core   0: 0x8000d2cc (0x02629033) mulh    zero, t0, t1
core   0: 3 0x8000d2cc (0x02629033)
core   0: 0x8000d2d0 (0x021edc33) divu    s8, t4, ra
core   0: 3 0x8000d2d0 (0x021edc33) x24 0x00000001
core   0: 0x8000d2d4 (0x022263b3) rem     t2, tp, sp
core   0: 3 0x8000d2d4 (0x022263b3) x 7 0x00000001
core   0: 0x8000d2d8 (0x01ca74b3) and     s1, s4, t3
core   0: 3 0x8000d2d8 (0x01ca74b3) x 9 0x00020000
core   0: 0x8000d2dc (0x00a230b3) sltu    ra, tp, a0
core   0: 3 0x8000d2dc (0x00a230b3) x 1 0x00000000
core   0: 0x8000d2e0 (0x82e78393) addi    t2, a5, -2002
core   0: 3 0x8000d2e0 (0x82e78393) x 7 0x49d1982e
core   0: 0x8000d2e4 (0xa4b06937) lui     s2, 0xa4b06
core   0: 3 0x8000d2e4 (0xa4b06937) x18 0xa4b06000
core   0: 0x8000d2e8 (0x02535033) divu    zero, t1, t0
core   0: 3 0x8000d2e8 (0x02535033)
core   0: 0x8000d2ec (0x40cf5eb3) sra     t4, t5, a2
core   0: 3 0x8000d2ec (0x40cf5eb3) x29 0x00000000
core   0: 0x8000d2f0 (0x0196f4b3) and     s1, a3, s9
core   0: 3 0x8000d2f0 (0x0196f4b3) x 9 0x00000100
core   0: 0x8000d2f4 (0xd7a34193) xori    gp, t1, -646
core   0: 3 0x8000d2f4 (0xd7a34193) x 3 0xfffffd7a
core   0: 0x8000d2f8 (0xee907693) andi    a3, zero, -279
core   0: 3 0x8000d2f8 (0xee907693) x13 0x00000000
core   0: 0x8000d2fc (0x035a98b3) mulh    a7, s5, s5
core   0: 3 0x8000d2fc (0x035a98b3) x17 0x00000091
core   0: 0x8000d300 (0x03f2bfb3) mulhu   t6, t0, t6
core   0: 3 0x8000d300 (0x03f2bfb3) x31 0x00000000
core   0: 0x8000d304 (0x03fba8b3) mulhsu  a7, s7, t6
core   0: 3 0x8000d304 (0x03fba8b3) x17 0x00000000
core   0: 0x8000d308 (0x032623b3) mulhsu  t2, a2, s2
core   0: 3 0x8000d308 (0x032623b3) x 7 0xffea1dd1
core   0: 0x8000d30c (0x00000013) nop
core   0: 3 0x8000d30c (0x00000013)
core   0: 0x8000d310 (0x01f1e8b3) or      a7, gp, t6
core   0: 3 0x8000d310 (0x01f1e8b3) x17 0xfffffd7a
core   0: 0x8000d314 (0x00000013) nop
core   0: 3 0x8000d314 (0x00000013)
core   0: 0x8000d318 (0x01345613) srli    a2, s0, 19
core   0: 3 0x8000d318 (0x01345613) x12 0x00000002
core   0: 0x8000d31c (0x05396663) bltu    s2, s3, pc + 76
core   0: 3 0x8000d31c (0x05396663)
core   0: 0x8000d320 (0x405fd393) srai    t2, t6, 5
core   0: 3 0x8000d320 (0x405fd393) x 7 0x00000000
core   0: 0x8000d324 (0x00000013) nop
core   0: 3 0x8000d324 (0x00000013)
core   0: 0x8000d328 (0x00b600b3) add     ra, a2, a1
core   0: 3 0x8000d328 (0x00b600b3) x 1 0x000c0dfd
core   0: 0x8000d32c (0x009ec263) blt     t4, s1, pc + 4
core   0: 3 0x8000d32c (0x009ec263)
core   0: 0x8000d330 (0x03d77333) remu    t1, a4, t4
core   0: 3 0x8000d330 (0x03d77333) x 6 0x00000000
core   0: 0x8000d334 (0x03b7cd33) div     s10, a5, s11
core   0: 3 0x8000d334 (0x03b7cd33) x26 0x49d1a000
core   0: 0x8000d338 (0xeadee693) ori     a3, t4, -339
core   0: 3 0x8000d338 (0xeadee693) x13 0xfffffead
core   0: 0x8000d33c (0x03812933) mulhsu  s2, sp, s8
core   0: 3 0x8000d33c (0x03812933) x18 0xffffffff
core   0: 0x8000d340 (0x03fca3b3) mulhsu  t2, s9, t6
core   0: 3 0x8000d340 (0x03fca3b3) x 7 0x00000000
core   0: 0x8000d344 (0x01e8e863) bltu    a7, t5, pc + 16
core   0: 3 0x8000d344 (0x01e8e863)
core   0: 0x8000d348 (0x96b33837) lui     a6, 0x96b33
core   0: 3 0x8000d348 (0x96b33837) x16 0x96b33000
core   0: 0x8000d34c (0x03c4bf33) mulhu   t5, s1, t3
core   0: 3 0x8000d34c (0x03c4bf33) x30 0x00000000
core   0: 0x8000d350 (0x400a53b3) sra     t2, s4, zero
core   0: 3 0x8000d350 (0x400a53b3) x 7 0x80029ce4
core   0: 0x8000d354 (0x035b46b3) div     a3, s6, s5
core   0: 3 0x8000d354 (0x035b46b3) x13 0x00000000
core   0: 0x8000d358 (0x02aec1b3) div     gp, t4, a0
core   0: 3 0x8000d358 (0x02aec1b3) x 3 0x00000000
core   0: 0x8000d35c (0x00d80933) add     s2, a6, a3
core   0: 3 0x8000d35c (0x00d80933) x18 0x96b33000
core   0: 0x8000d360 (0x008e8eb3) add     t4, t4, s0
core   0: 3 0x8000d360 (0x008e8eb3) x29 0x00110597
core   0: 0x8000d364 (0x00ed9393) slli    t2, s11, 14
core   0: 3 0x8000d364 (0x00ed9393) x 7 0x00004000
core   0: 0x8000d368 (0x00000013) nop
core   0: 3 0x8000d368 (0x00000013)
core   0: 0x8000d36c (0x41c6d2b3) sra     t0, a3, t3
core   0: 3 0x8000d36c (0x41c6d2b3) x 5 0x00000000
core   0: 0x8000d370 (0x00184c33) xor     s8, a6, ra
core   0: 3 0x8000d370 (0x00184c33) x24 0x96bf3dfd
core   0: 0x8000d374 (0x0275ccb3) div     s9, a1, t2
core   0: 3 0x8000d374 (0x0275ccb3) x25 0x00000030
core   0: 0x8000d378 (0x0b184663) blt     a6, a7, pc + 172
core   0: 3 0x8000d378 (0x0b184663)
core   0: 0x8000d424 (0x002d9d13) slli    s10, s11, 2
core   0: 3 0x8000d424 (0x002d9d13) x26 0x00000004
core   0: 0x8000d428 (0x029dd933) divu    s2, s11, s1
core   0: 3 0x8000d428 (0x029dd933) x18 0x00000000
core   0: 0x8000d42c (0x41895613) srai    a2, s2, 24
core   0: 3 0x8000d42c (0x41895613) x12 0x00000000
core   0: 0x8000d430 (0x01fe5a93) srli    s5, t3, 31
core   0: 3 0x8000d430 (0x01fe5a93) x21 0x00000000
core   0: 0x8000d434 (0x003fd1b3) srl     gp, t6, gp
core   0: 3 0x8000d434 (0x003fd1b3) x 3 0x00000000
core   0: 0x8000d438 (0x033ade63) bge     s5, s3, pc + 60
core   0: 3 0x8000d438 (0x033ade63)
core   0: 0x8000d43c (0x4088df33) sra     t5, a7, s0
core   0: 3 0x8000d43c (0x4088df33) x30 0xffffffff
core   0: 0x8000d440 (0x03ad1663) bne     s10, s10, pc + 44
core   0: 3 0x8000d440 (0x03ad1663)
core   0: 0x8000d444 (0x2b0a8013) addi    zero, s5, 688
core   0: 3 0x8000d444 (0x2b0a8013)
core   0: 0x8000d448 (0x00000013) nop
core   0: 3 0x8000d448 (0x00000013)
core   0: 0x8000d44c (0x00748733) add     a4, s1, t2
core   0: 3 0x8000d44c (0x00748733) x14 0x00004100
core   0: 0x8000d450 (0x0368d6b3) divu    a3, a7, s6
core   0: 3 0x8000d450 (0x0368d6b3) x13 0xffffffff
core   0: 0x8000d454 (0x01054263) blt     a0, a6, pc + 4
core   0: 3 0x8000d454 (0x01054263)
core   0: 0x8000d458 (0xd0b6d717) auipc   a4, 0xd0b6d
core   0: 3 0x8000d458 (0xd0b6d717) x14 0x50b7a458
core   0: 0x8000d45c (0xa560b193) sltiu   gp, ra, -1450
core   0: 3 0x8000d45c (0xa560b193) x 3 0x00000001
core   0: 0x8000d460 (0x81486437) lui     s0, 0x81486
core   0: 3 0x8000d460 (0x81486437) x 8 0x81486000
core   0: 0x8000d464 (0x0205fc63) bgeu    a1, zero, pc + 56
core   0: 3 0x8000d464 (0x0205fc63)
core   0: 0x8000d49c (0x0122c0b3) xor     ra, t0, s2
core   0: 3 0x8000d49c (0x0122c0b3) x 1 0x00000000
core   0: 0x8000d4a0 (0x034e2633) mulhsu  a2, t3, s4
core   0: 3 0x8000d4a0 (0x034e2633) x12 0x00110058
core   0: 0x8000d4a4 (0x02cbc233) div     tp, s7, a2
core   0: 3 0x8000d4a4 (0x02cbc233) x 4 0xfffffb9b
core   0: 0x8000d4a8 (0x00000013) nop
core   0: 3 0x8000d4a8 (0x00000013)
core   0: 0x8000d4ac (0x00000013) nop
core   0: 3 0x8000d4ac (0x00000013)
core   0: 0x8000d4b0 (0x02e6ee33) rem     t3, a3, a4
core   0: 3 0x8000d4b0 (0x02e6ee33) x28 0xffffffff
core   0: 0x8000d4b4 (0x0286dfb3) divu    t6, a3, s0
core   0: 3 0x8000d4b4 (0x0286dfb3) x31 0x00000001
core   0: 0x8000d4b8 (0x5a13e093) ori     ra, t2, 1441
core   0: 3 0x8000d4b8 (0x5a13e093) x 1 0x000045a1
core   0: 0x8000d4bc (0x63877db7) lui     s11, 0x63877
core   0: 3 0x8000d4bc (0x63877db7) x27 0x63877000
core   0: 0x8000d4c0 (0x00756c63) bltu    a0, t2, pc + 24
core   0: 3 0x8000d4c0 (0x00756c63)
core   0: 0x8000d4d8 (0x00dc5013) srli    zero, s8, 13
core   0: 3 0x8000d4d8 (0x00dc5013)
core   0: 0x8000d4dc (0x028e27b3) mulhsu  a5, t3, s0
core   0: 3 0x8000d4dc (0x028e27b3) x15 0xffffffff
core   0: 0x8000d4e0 (0x019bd833) srl     a6, s7, s9
core   0: 3 0x8000d4e0 (0x019bd833) x16 0x0000b549
core   0: 0x8000d4e4 (0x00000013) nop
core   0: 3 0x8000d4e4 (0x00000013)
core   0: 0x8000d4e8 (0x0246fc63) bgeu    a3, tp, pc + 56
core   0: 3 0x8000d4e8 (0x0246fc63)
core   0: 0x8000d520 (0x6e47d997) auipc   s3, 0x6e47d
core   0: 3 0x8000d520 (0x6e47d997) x19 0xee48a520
core   0: 0x8000d524 (0xf35ec517) auipc   a0, 0xf35ec
core   0: 3 0x8000d524 (0xf35ec517) x10 0x735f9524
core   0: 0x8000d528 (0x039a38b3) mulhu   a7, s4, s9
core   0: 3 0x8000d528 (0x039a38b3) x17 0x00000018
core   0: 0x8000d52c (0x404f0733) sub     a4, t5, tp
core   0: 3 0x8000d52c (0x404f0733) x14 0x00000464
core   0: 0x8000d530 (0x0150e033) or      zero, ra, s5
core   0: 3 0x8000d530 (0x0150e033)
core   0: 0x8000d534 (0x01180733) add     a4, a6, a7
core   0: 3 0x8000d534 (0x01180733) x14 0x0000b561
core   0: 0x8000d538 (0x0060d193) srli    gp, ra, 6
core   0: 3 0x8000d538 (0x0060d193) x 3 0x00000116
core   0: 0x8000d53c (0xdc346793) ori     a5, s0, -573
core   0: 3 0x8000d53c (0xdc346793) x15 0xfffffdc3
core   0: 0x8000d540 (0x01cea3b3) slt     t2, t4, t3
core   0: 3 0x8000d540 (0x01cea3b3) x 7 0x00000000
core   0: 0x8000d544 (0x00412083) lw      ra, 4(sp)
core   0: 3 0x8000d544 (0x00412083) x 1 0x800089fc mem 0x80025da8
core   0: 0x8000d548 (0x00810113) addi    sp, sp, 8
core   0: 3 0x8000d548 (0x00810113) x 2 0x80025dac
core   0: 0x8000d54c (0x75dc8393) addi    t2, s9, 1885
core   0: 3 0x8000d54c (0x75dc8393) x 7 0x0000078d
core   0: 0x8000d550 (0x401fd533) sra     a0, t6, ra
core   0: 3 0x8000d550 (0x401fd533) x10 0x00000000
core   0: 0x8000d554 (0x03d1a4b3) mulhsu  s1, gp, t4
core   0: 3 0x8000d554 (0x03d1a4b3) x 9 0x00000000
core   0: 0x8000d558 (0x020f6fb3) rem     t6, t5, zero
core   0: 3 0x8000d558 (0x020f6fb3) x31 0xffffffff
core   0: 0x8000d55c (0x00008b13) mv      s6, ra
core   0: 3 0x8000d55c (0x00008b13) x22 0x800089fc
core   0: 0x8000d560 (0x000b0b67) jalr    s6, s6, 0
core   0: 3 0x8000d560 (0x000b0b67) x22 0x8000d564
core   0: 0x800089fc (0x0078f9b3) and     s3, a7, t2
core   0: 3 0x800089fc (0x0078f9b3) x19 0x00000008
core   0: 0x80008a00 (0x00000b17) auipc   s6, 0x0
core   0: 3 0x80008a00 (0x00000b17) x22 0x80008a00
core   0: 0x80008a04 (0xe8cb0b13) addi    s6, s6, -372
core   0: 3 0x80008a04 (0xe8cb0b13) x22 0x8000888c
core   0: 0x80008a08 (0x01103e33) snez    t3, a7
core   0: 3 0x80008a08 (0x01103e33) x28 0x00000001
core   0: 0x80008a0c (0x3ceb0b13) addi    s6, s6, 974
core   0: 3 0x80008a0c (0x3ceb0b13) x22 0x80008c5a
core   0: 0x80008a10 (0x01c77863) bgeu    a4, t3, pc + 16
core   0: 3 0x80008a10 (0x01c77863)
core   0: 0x80008a20 (0xc32b00e7) jalr    ra, s6, -974
core   0: 3 0x80008a20 (0xc32b00e7) x 1 0x80008a24
core   0: 0x8000888c (0x00ae1263) bne     t3, a0, pc + 4
core   0: 3 0x8000888c (0x00ae1263)
core   0: 0x80008890 (0xfc010113) addi    sp, sp, -64
core   0: 3 0x80008890 (0xfc010113) x 2 0x80025d6c
core   0: 0x80008894 (0x417c5d13) srai    s10, s8, 23
core   0: 3 0x80008894 (0x417c5d13) x26 0xffffff2d
core   0: 0x80008898 (0x00112223) sw      ra, 4(sp)
core   0: 3 0x80008898 (0x00112223) mem 0x80025d70 0x80008a24
core   0: 0x8000889c (0x002b5333) srl     t1, s6, sp
core   0: 3 0x8000889c (0x002b5333) x 6 0x00080008
core   0: 0x800088a0 (0x89119437) lui     s0, 0x89119
core   0: 3 0x800088a0 (0x89119437) x 8 0x89119000
core   0: 0x800088a4 (0x00e39193) slli    gp, t2, 14
core   0: 3 0x800088a4 (0x00e39193) x 3 0x01e34000
core   0: 0x800088a8 (0x02cb8db3) mul     s11, s7, a2
core   0: 3 0x800088a8 (0x02cb8db3) x27 0xad3909f0
core   0: 0x800088ac (0x0165fc63) bgeu    a1, s6, pc + 24
core   0: 3 0x800088ac (0x0165fc63)
core   0: 0x800088b0 (0x36dec493) xori    s1, t4, 877
core   0: 3 0x800088b0 (0x36dec493) x 9 0x001106fa
core   0: 0x800088b4 (0x410955b3) sra     a1, s2, a6
core   0: 3 0x800088b4 (0x410955b3) x11 0x00000000
core   0: 0x800088b8 (0x01a4f333) and     t1, s1, s10
core   0: 3 0x800088b8 (0x01a4f333) x 6 0x00110628
core   0: 0x800088bc (0x05f16463) bltu    sp, t6, pc + 72
core   0: 3 0x800088bc (0x05f16463)
core   0: 0x80008904 (0x2f32c537) lui     a0, 0x2f32c
core   0: 3 0x80008904 (0x2f32c537) x10 0x2f32c000
core   0: 0x80008908 (0x0355be33) mulhu   t3, a1, s5
core   0: 3 0x80008908 (0x0355be33) x28 0x00000000
core   0: 0x8000890c (0xc40ea293) slti    t0, t4, -960
core   0: 3 0x8000890c (0xc40ea293) x 5 0x00000000
core   0: 0x80008910 (0x021970b3) remu    ra, s2, ra
core   0: 3 0x80008910 (0x021970b3) x 1 0x00000000
core   0: 0x80008914 (0xfff97893) andi    a7, s2, -1
core   0: 3 0x80008914 (0xfff97893) x17 0x00000000
core   0: 0x80008918 (0x01a7b8b3) sltu    a7, a5, s10
core   0: 3 0x80008918 (0x01a7b8b3) x17 0x00000001
core   0: 0x8000891c (0x0262e733) rem     a4, t0, t1
core   0: 3 0x8000891c (0x0262e733) x14 0x00000000
core   0: 0x80008920 (0x001a2633) slt     a2, s4, ra
core   0: 3 0x80008920 (0x001a2633) x12 0x00000001
core   0: 0x80008924 (0x42766293) ori     t0, a2, 1063
core   0: 3 0x80008924 (0x42766293) x 5 0x00000427
core   0: 0x80008928 (0x02330463) beq     t1, gp, pc + 40
core   0: 3 0x80008928 (0x02330463)
core   0: 0x8000892c (0x01f28e63) beq     t0, t6, pc + 28
core   0: 3 0x8000892c (0x01f28e63)
core   0: 0x80008930 (0x02116833) rem     a6, sp, ra
core   0: 3 0x80008930 (0x02116833) x16 0x80025d6c
core   0: 0x80008934 (0x01e47033) and     zero, s0, t5
core   0: 3 0x80008934 (0x01e47033)
core   0: 0x80008938 (0x01688ab3) add     s5, a7, s6
core   0: 3 0x80008938 (0x01688ab3) x21 0x80008c5b
core   0: 0x8000893c (0x36127293) andi    t0, tp, 865
core   0: 3 0x8000893c (0x36127293) x 5 0x00000301
core   0: 0x80008940 (0x357a3d13) sltiu   s10, s4, 855
core   0: 3 0x80008940 (0x357a3d13) x26 0x00000000
core   0: 0x80008944 (0x01d515b3) sll     a1, a0, t4
core   0: 3 0x80008944 (0x01d515b3) x11 0x00000000
core   0: 0x80008948 (0x71e1b313) sltiu   t1, gp, 1822
core   0: 3 0x80008948 (0x71e1b313) x 6 0x00000000
core   0: 0x8000894c (0x131de893) ori     a7, s11, 305
core   0: 3 0x8000894c (0x131de893) x17 0xad3909f1
core   0: 0x80008950 (0x81e06d97) auipc   s11, 0x81e06
core   0: 3 0x80008950 (0x81e06d97) x27 0x01e0e950
core   0: 0x80008954 (0xb7e0ad37) lui     s10, 0xb7e0a
core   0: 3 0x80008954 (0xb7e0ad37) x26 0xb7e0a000
core   0: 0x80008958 (0xe05b2193) slti    gp, s6, -507
core   0: 3 0x80008958 (0xe05b2193) x 3 0x00000001
core   0: 0x8000895c (0x02b52f33) mulhsu  t5, a0, a1
core   0: 3 0x8000895c (0x02b52f33) x30 0x00000000
core   0: 0x80008960 (0xa34262b7) lui     t0, 0xa3426
core   0: 3 0x80008960 (0xa34262b7) x 5 0xa3426000
core   0: 0x80008964 (0x01647463) bgeu    s0, s6, pc + 8
core   0: 3 0x80008964 (0x01647463)
core   0: 0x8000896c (0x0fe2f513) andi    a0, t0, 254
core   0: 3 0x8000896c (0x0fe2f513) x10 0x00000000
core   0: 0x80008970 (0x01e15463) bge     sp, t5, pc + 8
core   0: 3 0x80008970 (0x01e15463)
core   0: 0x80008974 (0x00fea833) slt     a6, t4, a5
core   0: 3 0x80008974 (0x00fea833) x16 0x00000000
core   0: 0x80008978 (0x00fc8663) beq     s9, a5, pc + 12
core   0: 3 0x80008978 (0x00fc8663)
core   0: 0x8000897c (0x1d90f513) andi    a0, ra, 473
core   0: 3 0x8000897c (0x1d90f513) x10 0x00000000
core   0: 0x80008980 (0x98277913) andi    s2, a4, -1662
core   0: 3 0x80008980 (0x98277913) x18 0x00000000
core   0: 0x80008984 (0xb41a0193) addi    gp, s4, -1215
core   0: 3 0x80008984 (0xb41a0193) x 3 0x80029825
core   0: 0x80008988 (0x01f56fb3) or      t6, a0, t6
core   0: 3 0x80008988 (0x01f56fb3) x31 0xffffffff
core   0: 0x8000898c (0x5a723917) auipc   s2, 0x5a723
core   0: 3 0x8000898c (0x5a723917) x18 0xda72b98c
core   0: 0x80008990 (0x00412083) lw      ra, 4(sp)
core   0: 3 0x80008990 (0x00412083) x 1 0x80008a24 mem 0x80025d70
core   0: 0x80008994 (0x04010113) addi    sp, sp, 64
core   0: 3 0x80008994 (0x04010113) x 2 0x80025dac
core   0: 0x80008998 (0x03c9de33) divu    t3, s3, t3
core   0: 3 0x80008998 (0x03c9de33) x28 0xffffffff
core   0: 0x8000899c (0x00108593) addi    a1, ra, 1
core   0: 3 0x8000899c (0x00108593) x11 0x80008a25
core   0: 0x800089a0 (0x000585e7) jalr    a1, a1, 0
core   0: 3 0x800089a0 (0x000585e7) x11 0x800089a4
core   0: 0x80008a24 (0x0000e917) auipc   s2, 0xe
core   0: 3 0x80008a24 (0x0000e917) x18 0x80016a24
core   0: 0x80008a28 (0xc4f90913) addi    s2, s2, -945
core   0: 3 0x80008a28 (0xc4f90913) x18 0x80016673
core   0: 0x80008a2c (0x00294183) lbu     gp, 2(s2)
core   0: 3 0x80008a2c (0x00294183) x 3 0x000000fc mem 0x80016675
core   0: 0x80008a30 (0xdb52a517) auipc   a0, 0xdb52a
core   0: 3 0x80008a30 (0xdb52a517) x10 0x5b532a30
core   0: 0x80008a34 (0xbbb92213) slti    tp, s2, -1093
core   0: 3 0x80008a34 (0xbbb92213) x 4 0x00000001
core   0: 0x80008a38 (0x1646e613) ori     a2, a3, 356
core   0: 3 0x80008a38 (0x1646e613) x12 0xffffffff
core   0: 0x80008a3c (0x02b5b5b3) mulhu   a1, a1, a1
core   0: 3 0x80008a3c (0x02b5b5b3) x11 0x400089a4
core   0: 0x80008a40 (0xfe5919a3) sh      t0, -13(s2)
core   0: 3 0x80008a40 (0xfe5919a3) mem 0x80016666 0x6000
core   0: 0x80008a44 (0x01e917a3) sh      t5, 15(s2)
core   0: 3 0x80008a44 (0x01e917a3) mem 0x80016682 0x0000
core   0: 0x80008a48 (0xff294483) lbu     s1, -14(s2)
core   0: 3 0x80008a48 (0xff294483) x 9 0x000000ca mem 0x80016665
core   0: 0x80008a4c (0x0280c433) div     s0, ra, s0
core   0: 3 0x80008a4c (0x0280c433) x 8 0x00000001
core   0: 0x80008a50 (0x00f90623) sb      a5, 12(s2)
core   0: 3 0x80008a50 (0x00f90623) mem 0x8001667f 0xc3
core   0: 0x80008a54 (0xc5274613) xori    a2, a4, -942
core   0: 3 0x80008a54 (0xc5274613) x12 0xfffffc52
core   0: 0x80008a58 (0x00c910a3) sh      a2, 1(s2)
core   0: 3 0x80008a58 (0x00c910a3) mem 0x80016674 0xfc52
core   0: 0x80008a5c (0x00490d03) lb      s10, 4(s2)
core   0: 3 0x80008a5c (0x00490d03) x26 0xfffffff1 mem 0x80016677
core   0: 0x80008a60 (0x61336b13) ori     s6, t1, 1555
core   0: 3 0x80008a60 (0x61336b13) x22 0x00000613
core   0: 0x80008a64 (0xffa90803) lb      a6, -6(s2)
core   0: 3 0x80008a64 (0xffa90803) x16 0xffffff89 mem 0x8001666d
core   0: 0x80008a68 (0xe86dce93) xori    t4, s11, -378
core   0: 3 0x80008a68 (0xe86dce93) x29 0xfe1f17d6
core   0: 0x80008a6c (0x015d1a93) slli    s5, s10, 21
core   0: 3 0x80008a6c (0x015d1a93) x21 0xfe200000
core   0: 0x80008a70 (0x036704b3) mul     s1, a4, s6
core   0: 3 0x80008a70 (0x036704b3) x 9 0x00000000
core   0: 0x80008a74 (0x9aaaa613) slti    a2, s5, -1622
core   0: 3 0x80008a74 (0x9aaaa613) x12 0x00000001
core   0: 0x80008a78 (0x01190223) sb      a7, 4(s2)
core   0: 3 0x80008a78 (0x01190223) mem 0x80016677 0xf1
core   0: 0x80008a7c (0xff690803) lb      a6, -10(s2)
core   0: 3 0x80008a7c (0xff690803) x16 0xffffffc6 mem 0x80016669
core   0: 0x80008a80 (0x00591503) lh      a0, 5(s2)
core   0: 3 0x80008a80 (0x00591503) x10 0x000061ae mem 0x80016678
core   0: 0x80008a84 (0xe1a20313) addi    t1, tp, -486
core   0: 3 0x80008a84 (0xe1a20313) x 6 0xfffffe1b
core   0: 0x80008a88 (0x00d90623) sb      a3, 12(s2)
core   0: 3 0x80008a88 (0x00d90623) mem 0x8001667f 0xff
core   0: 0x80008a8c (0xc4d76313) ori     t1, a4, -947
core   0: 3 0x80008a8c (0xc4d76313) x 6 0xfffffc4d
core   0: 0x80008a90 (0x01a90623) sb      s10, 12(s2)
core   0: 3 0x80008a90 (0x01a90623) mem 0x8001667f 0xf1
core   0: 0x80008a94 (0xff294c03) lbu     s8, -14(s2)
core   0: 3 0x80008a94 (0xff294c03) x24 0x000000ca mem 0x80016665
core   0: 0x80008a98 (0xebc38513) addi    a0, t2, -324
core   0: 3 0x80008a98 (0xebc38513) x10 0x00000649
core   0: 0x80008a9c (0x00e90883) lb      a7, 14(s2)
core   0: 3 0x80008a9c (0x00e90883) x17 0xffffffe9 mem 0x80016681
core   0: 0x80008aa0 (0x01b916a3) sh      s11, 13(s2)
core   0: 3 0x80008aa0 (0x01b916a3) mem 0x80016680 0xe950
core   0: 0x80008aa4 (0x02614463) blt     sp, t1, pc + 40
core   0: 3 0x80008aa4 (0x02614463)
core   0: 0x80008acc (0x0328e8b3) rem     a7, a7, s2
core   0: 3 0x80008acc (0x0328e8b3) x17 0xffffffe9
core   0: 0x80008ad0 (0x310d8c13) addi    s8, s11, 784
core   0: 3 0x80008ad0 (0x310d8c13) x24 0x01e0ec60
core   0: 0x80008ad4 (0x048c1663) bne     s8, s0, pc + 76
core   0: 3 0x80008ad4 (0x048c1663)
core   0: 0x80008b20 (0x284ef4b7) lui     s1, 0x284ef
core   0: 3 0x80008b20 (0x284ef4b7) x 9 0x284ef000
core   0: 0x80008b24 (0x017957b3) srl     a5, s2, s7
core   0: 3 0x80008b24 (0x017957b3) x15 0x00000020
core   0: 0x80008b28 (0x4d82be93) sltiu   t4, t0, 1240
core   0: 3 0x80008b28 (0x4d82be93) x29 0x00000000
core   0: 0x80008b2c (0x01bff9b3) and     s3, t6, s11
core   0: 3 0x80008b2c (0x01bff9b3) x19 0x01e0e950
core   0: 0x80008b30 (0x03c05db3) divu    s11, zero, t3
core   0: 3 0x80008b30 (0x03c05db3) x27 0x00000000
core   0: 0x80008b34 (0xc282ef93) ori     t6, t0, -984
core   0: 3 0x80008b34 (0xc282ef93) x31 0xfffffc28
core   0: 0x80008b38 (0x03bae263) bltu    s5, s11, pc + 36
core   0: 3 0x80008b38 (0x03bae263)
core   0: 0x80008b3c (0x4181d733) sra     a4, gp, s8
core   0: 3 0x80008b3c (0x4181d733) x14 0x000000fc
core   0: 0x80008b40 (0x01aa9633) sll     a2, s5, s10
core   0: 3 0x80008b40 (0x01aa9633) x12 0x00000000
core   0: 0x80008b44 (0x00dd01b3) add     gp, s10, a3
core   0: 3 0x80008b44 (0x00dd01b3) x 3 0xfffffff0
core   0: 0x80008b48 (0x034cd1b3) divu    gp, s9, s4
core   0: 3 0x80008b48 (0x034cd1b3) x 3 0x00000000
core   0: 0x80008b4c (0x7b388e93) addi    t4, a7, 1971
core   0: 3 0x80008b4c (0x7b388e93) x29 0x0000079c
core   0: 0x80008b50 (0x00486b33) or      s6, a6, tp
core   0: 3 0x80008b50 (0x00486b33) x22 0xffffffc7
core   0: 0x80008b54 (0xabc6b893) sltiu   a7, a3, -1348
core   0: 3 0x80008b54 (0xabc6b893) x17 0x00000000
core   0: 0x80008b58 (0x4111d693) srai    a3, gp, 17
core   0: 3 0x80008b58 (0x4111d693) x13 0x00000000
core   0: 0x80008b5c (0x0036f8b3) and     a7, a3, gp
core   0: 3 0x80008b5c (0x0036f8b3) x17 0x00000000
core   0: 0x80008b60 (0x02711933) mulh    s2, sp, t2
core   0: 3 0x80008b60 (0x02711933) x18 0xfffffc39
core   0: 0x80008b64 (0x00000013) nop
core   0: 3 0x80008b64 (0x00000013)
core   0: 0x80008b68 (0xa801f193) andi    gp, gp, -1408
core   0: 3 0x80008b68 (0xa801f193) x 3 0x00000000
core   0: 0x80008b6c (0xddac7d13) andi    s10, s8, -550
core   0: 3 0x80008b6c (0xddac7d13) x26 0x01e0ec40
core   0: 0x80008b70 (0x40fbde33) sra     t3, s7, a5
core   0: 3 0x80008b70 (0x40fbde33) x28 0xb549147a
core   0: 0x80008b74 (0x03496b33) rem     s6, s2, s4
core   0: 3 0x80008b74 (0x03496b33) x22 0xfffffc39
core   0: 0x80008b78 (0x03294733) div     a4, s2, s2
core   0: 3 0x80008b78 (0x03294733) x14 0x00000001
core   0: 0x80008b7c (0x03937833) remu    a6, t1, s9
core   0: 3 0x80008b7c (0x03937833) x16 0x0000001d
core   0: 0x80008b80 (0x03d4f833) remu    a6, s1, t4
core   0: 3 0x80008b80 (0x03d4f833) x16 0x00000034
core   0: 0x80008b84 (0x012d1c13) slli    s8, s10, 18
core   0: 3 0x80008b84 (0x012d1c13) x24 0xb1000000
core   0: 0x80008b88 (0xd5d26513) ori     a0, tp, -675
core   0: 3 0x80008b88 (0xd5d26513) x10 0xfffffd5d
core   0: 0x80008b8c (0x003c8333) add     t1, s9, gp
core   0: 3 0x80008b8c (0x003c8333) x 6 0x00000030
core   0: 0x80008b90 (0x4164d4b3) sra     s1, s1, s6
core   0: 3 0x80008b90 (0x4164d4b3) x 9 0x00000014
core   0: 0x80008b94 (0x023c4463) blt     s8, gp, pc + 40
core   0: 3 0x80008b94 (0x023c4463)
core   0: 0x80008bbc (0x0080c1b3) xor     gp, ra, s0
core   0: 3 0x80008bbc (0x0080c1b3) x 3 0x80008a25
core   0: 0x80008bc0 (0x02f61d33) mulh    s10, a2, a5
core   0: 3 0x80008bc0 (0x02f61d33) x26 0x00000000
core   0: 0x80008bc4 (0x02a20e33) mul     t3, tp, a0
core   0: 3 0x80008bc4 (0x02a20e33) x28 0xfffffd5d
core   0: 0x80008bc8 (0x0170c633) xor     a2, ra, s7
core   0: 3 0x80008bc8 (0x0170c633) x12 0x35499e5e
core   0: 0x80008bcc (0x017ea833) slt     a6, t4, s7
core   0: 3 0x80008bcc (0x017ea833) x16 0x00000000
core   0: 0x80008bd0 (0x01352433) slt     s0, a0, s3
core   0: 3 0x80008bd0 (0x01352433) x 8 0x00000001
core   0: 0x80008bd4 (0x0145f8b3) and     a7, a1, s4
core   0: 3 0x80008bd4 (0x0145f8b3) x17 0x000088a4
core   0: 0x80008bd8 (0x0322c333) div     t1, t0, s2
core   0: 3 0x80008bd8 (0x0322c333) x 6 0x00188d45
core   0: 0x80008bdc (0x03029663) bne     t0, a6, pc + 44
core   0: 3 0x80008bdc (0x03029663)
core   0: 0x80008c08 (0x0375b9b3) mulhu   s3, a1, s7
core   0: 3 0x80008c08 (0x0375b9b3) x19 0x2d52a696
core   0: 0x80008c0c (0x01e058b3) srl     a7, zero, t5
core   0: 3 0x80008c0c (0x01e058b3) x17 0x00000000
core   0: 0x80008c10 (0xcf5d3713) sltiu   a4, s10, -779
core   0: 3 0x80008c10 (0xcf5d3713) x14 0x00000001
core   0: 0x80008c14 (0x02734663) blt     t1, t2, pc + 44
core   0: 3 0x80008c14 (0x02734663)
core   0: 0x80008c18 (0x03669e63) bne     a3, s6, pc + 60
core   0: 3 0x80008c18 (0x03669e63)
core   0: 0x80008c54 (0x04c26663) bltu    tp, a2, pc + 76
core   0: 3 0x80008c54 (0x04c26663)
core   0: 0x80008ca0 (0x0050e463) bltu    ra, t0, pc + 8
core   0: 3 0x80008ca0 (0x0050e463)
core   0: 0x80008ca8 (0x4092deb3) sra     t4, t0, s1
core   0: 3 0x80008ca8 (0x4092deb3) x29 0xfffffa34
core   0: 0x80008cac (0x018f7d33) and     s10, t5, s8
core   0: 3 0x80008cac (0x018f7d33) x26 0x00000000
core   0: 0x80008cb0 (0x3f3b6313) ori     t1, s6, 1011
core   0: 3 0x80008cb0 (0x3f3b6313) x 6 0xfffffffb
core   0: 0x80008cb4 (0xeb81f737) lui     a4, 0xeb81f
core   0: 3 0x80008cb4 (0xeb81f737) x14 0xeb81f000
core   0: 0x80008cb8 (0x40670fb3) sub     t6, a4, t1
core   0: 3 0x80008cb8 (0x40670fb3) x31 0xeb81f005
core   0: 0x80008cbc (0x0255e913) ori     s2, a1, 37
core   0: 3 0x80008cbc (0x0255e913) x18 0x400089a5
core   0: 0x80008cc0 (0x01f21b13) slli    s6, tp, 31
core   0: 3 0x80008cc0 (0x01f21b13) x22 0x80000000
core   0: 0x80008cc4 (0x0306c863) blt     a3, a6, pc + 48
core   0: 3 0x80008cc4 (0x0306c863)
core   0: 0x80008cc8 (0x03c63933) mulhu   s2, a2, t3
core   0: 3 0x80008cc8 (0x03c63933) x18 0x35499dd1
core   0: 0x80008ccc (0x15100393) li      t2, 337
core   0: 3 0x80008ccc (0x15100393) x 7 0x00000151
core   0: 0x80008cd0 (0x010eb633) sltu    a2, t4, a6
core   0: 3 0x80008cd0 (0x010eb633) x12 0x00000000
core   0: 0x80008cd4 (0x40c6d513) srai    a0, a3, 12
core   0: 3 0x80008cd4 (0x40c6d513) x10 0x00000000
core   0: 0x80008cd8 (0x00000013) nop
core   0: 3 0x80008cd8 (0x00000013)
core   0: 0x80008cdc (0x962967b7) lui     a5, 0x96296
core   0: 3 0x80008cdc (0x962967b7) x15 0x96296000
core   0: 0x80008ce0 (0x98198c13) addi    s8, s3, -1663
core   0: 3 0x80008ce0 (0x98198c13) x24 0x2d52a017
core   0: 0x80008ce4 (0x1aa06e13) ori     t3, zero, 426
core   0: 3 0x80008ce4 (0x1aa06e13) x28 0x000001aa
core   0: 0x80008ce8 (0xc9416493) ori     s1, sp, -876
core   0: 3 0x80008ce8 (0xc9416493) x 9 0xfffffdbc
core   0: 0x80008cec (0x02419733) mulh    a4, gp, tp
core   0: 3 0x80008cec (0x02419733) x14 0xffffffff
core   0: 0x80008cf0 (0x00cf2533) slt     a0, t5, a2
core   0: 3 0x80008cf0 (0x00cf2533) x10 0x00000000
core   0: 0x80008cf4 (0x00d2e433) or      s0, t0, a3
core   0: 3 0x80008cf4 (0x00d2e433) x 8 0xa3426000
core   0: 0x80008cf8 (0x402853b3) sra     t2, a6, sp
core   0: 3 0x80008cf8 (0x402853b3) x 7 0x00000000
core   0: 0x80008cfc (0x03b28733) mul     a4, t0, s11
core   0: 3 0x80008cfc (0x03b28733) x14 0x00000000
core   0: 0x80008d00 (0x03ae6333) rem     t1, t3, s10
core   0: 3 0x80008d00 (0x03ae6333) x 6 0x000001aa
core   0: 0x80008d04 (0xaa31a313) slti    t1, gp, -1373
core   0: 3 0x80008d04 (0xaa31a313) x 6 0x00000001
core   0: 0x80008d08 (0x00e99e93) slli    t4, s3, 14
core   0: 3 0x80008d08 (0x00e99e93) x29 0xa9a58000
core   0: 0x80008d0c (0xe564be93) sltiu   t4, s1, -426
core   0: 3 0x80008d0c (0xe564be93) x29 0x00000001
core   0: 0x80008d10 (0x003e04b3) add     s1, t3, gp
core   0: 3 0x80008d10 (0x003e04b3) x 9 0x80008bcf
core   0: 0x80008d14 (0x01550cb3) add     s9, a0, s5
core   0: 3 0x80008d14 (0x01550cb3) x25 0xfe200000
core   0: 0x80008d18 (0x3ee66013) ori     zero, a2, 1006
core   0: 3 0x80008d18 (0x3ee66013)
core   0: 0x80008d1c (0x0200f5b3) remu    a1, ra, zero
core   0: 3 0x80008d1c (0x0200f5b3) x11 0x80008a24
core   0: 0x80008d20 (0x41c38633) sub     a2, t2, t3
core   0: 3 0x80008d20 (0x41c38633) x12 0xfffffe56
core   0: 0x80008d24 (0x00000013) nop
core   0: 3 0x80008d24 (0x00000013)
core   0: 0x80008d28 (0x6c04b193) sltiu   gp, s1, 1728
core   0: 3 0x80008d28 (0x6c04b193) x 3 0x00000000
core   0: 0x80008d2c (0x03cf6b33) rem     s6, t5, t3
core   0: 3 0x80008d2c (0x03cf6b33) x22 0x00000000
core   0: 0x80008d30 (0x024c13b3) mulh    t2, s8, tp
core   0: 3 0x80008d30 (0x024c13b3) x 7 0x00000000
core   0: 0x80008d34 (0x035b7eb3) remu    t4, s6, s5
core   0: 3 0x80008d34 (0x035b7eb3) x29 0x00000000
core   0: 0x80008d38 (0x0104fa63) bgeu    s1, a6, pc + 20
core   0: 3 0x80008d38 (0x0104fa63)
core   0: 0x80008d4c (0x00000013) nop
core   0: 3 0x80008d4c (0x00000013)
core   0: 0x80008d50 (0x03810833) mul     a6, sp, s8
core   0: 3 0x80008d50 (0x03810833) x16 0x37d9ea74
core   0: 0x80008d54 (0x00412083) lw      ra, 4(sp)
core   0: 3 0x80008d54 (0x00412083) x 1 0x8000a6f4 mem 0x80025db0
core   0: 0x80008d58 (0x035cdb33) divu    s6, s9, s5
core   0: 3 0x80008d58 (0x035cdb33) x22 0x00000001
core   0: 0x80008d5c (0x001ed8b3) srl     a7, t4, ra
core   0: 3 0x80008d5c (0x001ed8b3) x17 0x00000000
core   0: 0x80008d60 (0xd649c393) xori    t2, s3, -668
core   0: 3 0x80008d60 (0xd649c393) x 7 0xd2ad5bf2
core   0: 0x80008d64 (0x028463b3) rem     t2, s0, s0
core   0: 3 0x80008d64 (0x028463b3) x 7 0x00000000
core   0: 0x80008d68 (0x03c10113) addi    sp, sp, 60
core   0: 3 0x80008d68 (0x03c10113) x 2 0x80025de8
core   0: 0x80008d6c (0x03a66333) rem     t1, a2, s10
core   0: 3 0x80008d6c (0x03a66333) x 6 0xfffffe56
core   0: 0x80008d70 (0x017bf5b3) and     a1, s7, s7
core   0: 3 0x80008d70 (0x017bf5b3) x11 0xb549147a
core   0: 0x80008d74 (0x00008513) mv      a0, ra
core   0: 3 0x80008d74 (0x00008513) x10 0x8000a6f4
core   0: 0x80008d78 (0x00050567) jalr    a0, a0, 0
core   0: 3 0x80008d78 (0x00050567) x10 0x80008d7c
core   0: 0x8000a6f4 (0xb3918317) auipc   t1, 0xb3918
core   0: 3 0x8000a6f4 (0xb3918317) x 6 0x339226f4
core   0: 0x8000a6f8 (0x00c29013) slli    zero, t0, 12
core   0: 3 0x8000a6f8 (0x00c29013)
core   0: 0x8000a6fc (0x4177d9b3) sra     s3, a5, s7
core   0: 3 0x8000a6fc (0x4177d9b3) x19 0xffffffe5
core   0: 0x8000a700 (0x4098d8b3) sra     a7, a7, s1
core   0: 3 0x8000a700 (0x4098d8b3) x17 0x00000000
core   0: 0x8000a704 (0xffffe297) auipc   t0, 0xffffe
core   0: 3 0x8000a704 (0xffffe297) x 5 0x80008704
core   0: 0x8000a708 (0x67828293) addi    t0, t0, 1656
core   0: 3 0x8000a708 (0x67828293) x 5 0x80008d7c
core   0: 0x8000a70c (0x02552333) mulhsu  t1, a0, t0
core   0: 3 0x8000a70c (0x02552333) x 6 0xc0000000
core   0: 0x8000a710 (0xc8428293) addi    t0, t0, -892
core   0: 3 0x8000a710 (0xc8428293) x 5 0x80008a00
core   0: 0x8000a714 (0x00547a63) bgeu    s0, t0, pc + 20
core   0: 3 0x8000a714 (0x00547a63)
core   0: 0x8000a728 (0x37c280e7) jalr    ra, t0, 892
core   0: 3 0x8000a728 (0x37c280e7) x 1 0x8000a72c
core   0: 0x80008d7c (0xfdc10113) addi    sp, sp, -36
core   0: 3 0x80008d7c (0xfdc10113) x 2 0x80025dc4
core   0: 0x80008d80 (0x01d4ef33) or      t5, s1, t4
core   0: 3 0x80008d80 (0x01d4ef33) x30 0x80008bcf
core   0: 0x80008d84 (0x8d78ea93) ori     s5, a7, -1833
core   0: 3 0x80008d84 (0x8d78ea93) x21 0xfffff8d7
core   0: 0x80008d88 (0x031cdeb3) divu    t4, s9, a7
core   0: 3 0x80008d88 (0x031cdeb3) x29 0xffffffff
core   0: 0x80008d8c (0xef8ca013) slti    zero, s9, -264
core   0: 3 0x80008d8c (0xef8ca013)
core   0: 0x80008d90 (0x02cf8833) mul     a6, t6, a2
core   0: 3 0x80008d90 (0x02cf8833) x16 0x19c697ae
core   0: 0x80008d94 (0x008f8c33) add     s8, t6, s0
core   0: 3 0x80008d94 (0x008f8c33) x24 0x8ec45005
core   0: 0x80008d98 (0x02c70733) mul     a4, a4, a2
core   0: 3 0x80008d98 (0x02c70733) x14 0x00000000
core   0: 0x80008d9c (0xa9504a93) xori    s5, zero, -1387
core   0: 3 0x80008d9c (0xa9504a93) x21 0xfffffa95
core   0: 0x80008da0 (0x00112223) sw      ra, 4(sp)
core   0: 3 0x80008da0 (0x00112223) mem 0x80025dc8 0x8000a72c
core   0: 0x80008da4 (0x00f7b233) sltu    tp, a5, a5
core   0: 3 0x80008da4 (0x00f7b233) x 4 0x00000000
core   0: 0x80008da8 (0x01990533) add     a0, s2, s9
core   0: 3 0x80008da8 (0x01990533) x10 0x33699dd1
core   0: 0x80008dac (0x00008417) auipc   s0, 0x8
core   0: 3 0x80008dac (0x00008417) x 8 0x80010dac
core   0: 0x80008db0 (0xa7940413) addi    s0, s0, -1415
core   0: 3 0x80008db0 (0xa7940413) x 8 0x80010825
core   0: 0x80008db4 (0x0bd44603) lbu     a2, 189(s0)
core   0: 3 0x80008db4 (0x0bd44603) x12 0x000000de mem 0x800108e2
core   0: 0x80008db8 (0xf0741003) lh      zero, -249(s0)
core   0: 3 0x80008db8 (0xf0741003) mem 0x8001072c
core   0: 0x80008dbc (0x03940f23) sb      s9, 62(s0)
core   0: 3 0x80008dbc (0x03940f23) mem 0x80010863 0x0
core   0: 0x80008dc0 (0xf8c40923) sb      a2, -110(s0)
core   0: 3 0x80008dc0 (0xf8c40923) mem 0x800107b7 0xde
core   0: 0x80008dc4 (0xbf496813) ori     a6, s2, -1036
core   0: 3 0x80008dc4 (0xbf496813) x16 0xfffffff5
core   0: 0x80008dc8 (0xfbb44f03) lbu     t5, -69(s0)
core   0: 3 0x80008dc8 (0xfbb44f03) x30 0x000000a0 mem 0x800107e0
core   0: 0x80008dcc (0x406ed333) sra     t1, t4, t1
core   0: 3 0x80008dcc (0x406ed333) x 6 0xffffffff
core   0: 0x80008dd0 (0x0053d513) srli    a0, t2, 5
core   0: 3 0x80008dd0 (0x0053d513) x10 0x00000000
core   0: 0x80008dd4 (0xf2d41803) lh      a6, -211(s0)
core   0: 3 0x80008dd4 (0xf2d41803) x16 0x0000002d mem 0x80010752
core   0: 0x80008dd8 (0xfed41603) lh      a2, -19(s0)
core   0: 3 0x80008dd8 (0xfed41603) x12 0x0000685a mem 0x80010812
core   0: 0x80008ddc (0xf7d401a3) sb      t4, -157(s0)
core   0: 3 0x80008ddc (0xf7d401a3) mem 0x80010788 0xff
core   0: 0x80008de0 (0x40cd5893) srai    a7, s10, 12
core   0: 3 0x80008de0 (0x40cd5893) x17 0x00000000
core   0: 0x80008de4 (0x0e341da3) sh      gp, 251(s0)
core   0: 3 0x80008de4 (0x0e341da3) mem 0x80010920 0x0000
core   0: 0x80008de8 (0x002f7833) and     a6, t5, sp
core   0: 3 0x80008de8 (0x002f7833) x16 0x00000080
core   0: 0x80008dec (0xf1844383) lbu     t2, -232(s0)
core   0: 3 0x80008dec (0xf1844383) x 7 0x00000017 mem 0x8001073d
core   0: 0x80008df0 (0x00bd5a93) srli    s5, s10, 11
core   0: 3 0x80008df0 (0x00bd5a93) x21 0x00000000
core   0: 0x80008df4 (0x0ed40383) lb      t2, 237(s0)
core   0: 3 0x80008df4 (0x0ed40383) x 7 0x00000033 mem 0x80010912
core   0: 0x80008df8 (0x0327afb3) mulhsu  t6, a5, s2
core   0: 3 0x80008df8 (0x0327afb3) x31 0xe9f8216d
core   0: 0x80008dfc (0xfa444383) lbu     t2, -92(s0)
core   0: 3 0x80008dfc (0xfa444383) x 7 0x00000041 mem 0x800107c9
core   0: 0x80008e00 (0x00000013) nop
core   0: 3 0x80008e00 (0x00000013)
core   0: 0x80008e04 (0x00565cb3) srl     s9, a2, t0
core   0: 3 0x80008e04 (0x00565cb3) x25 0x0000685a
core   0: 0x80008e08 (0x6f79b713) sltiu   a4, s3, 1783
core   0: 3 0x80008e08 (0x6f79b713) x14 0x00000000
core   0: 0x80008e0c (0xf6b42583) lw      a1, -149(s0)
core   0: 3 0x80008e0c (0xf6b42583) x11 0x82967baa mem 0x80010790
core   0: 0x80008e10 (0xfc342b03) lw      s6, -61(s0)
core   0: 3 0x80008e10 (0xfc342b03) x22 0x702db1c8 mem 0x800107e8
core   0: 0x80008e14 (0x2aae3713) sltiu   a4, t3, 682
core   0: 3 0x80008e14 (0x2aae3713) x14 0x00000001
core   0: 0x80008e18 (0x41eed1b3) sra     gp, t4, t5
core   0: 3 0x80008e18 (0x41eed1b3) x 3 0xffffffff
core   0: 0x80008e1c (0xf9f41903) lh      s2, -97(s0)
core   0: 3 0x80008e1c (0xf9f41903) x18 0x00004585 mem 0x800107c4
core   0: 0x80008e20 (0x00018317) auipc   t1, 0x18
core   0: 3 0x80008e20 (0x00018317) x 6 0x80020e20
core   0: 0x80008e24 (0xf4230313) addi    t1, t1, -190
core   0: 3 0x80008e24 (0xf4230313) x 6 0x80020d62
core   0: 0x80008e28 (0xff230083) lb      ra, -14(t1)
core   0: 3 0x80008e28 (0xff230083) x 1 0x00000037 mem 0x80020d54
core   0: 0x80008e2c (0x00631203) lh      tp, 6(t1)
core   0: 3 0x80008e2c (0x00631203) x 4 0xffffc84e mem 0x80020d68
core   0: 0x80008e30 (0xfe130ea3) sb      ra, -3(t1)
core   0: 3 0x80008e30 (0xfe130ea3) mem 0x80020d5f 0x37
core   0: 0x80008e34 (0x6c556937) lui     s2, 0x6c556
core   0: 3 0x80008e34 (0x6c556937) x18 0x6c556000
core   0: 0x80008e38 (0x16887213) andi    tp, a6, 360
core   0: 3 0x80008e38 (0x16887213) x 4 0x00000000
core   0: 0x80008e3c (0x00030983) lb      s3, 0(t1)
core   0: 3 0x80008e3c (0x00030983) x19 0xffffff9f mem 0x80020d62
core   0: 0x80008e40 (0xfef32b23) sw      a5, -10(t1)
core   0: 3 0x80008e40 (0xfef32b23) mem 0x80020d58 0x96296000
core   0: 0x80008e44 (0x02cab633) mulhu   a2, s5, a2
core   0: 3 0x80008e44 (0x02cab633) x12 0x00000000
core   0: 0x80008e48 (0x00232483) lw      s1, 2(t1)
core   0: 3 0x80008e48 (0x00232483) x 9 0x5a000000 mem 0x80020d64
core   0: 0x80008e4c (0x009bae33) slt     t3, s7, s1
core   0: 3 0x80008e4c (0x009bae33) x28 0x00000001
core   0: 0x80008e50 (0xa06f82b7) lui     t0, 0xa06f8
core   0: 3 0x80008e50 (0xa06f82b7) x 5 0xa06f8000
core   0: 0x80008e54 (0xffa31003) lh      zero, -6(t1)
core   0: 3 0x80008e54 (0xffa31003) mem 0x80020d5c
core   0: 0x80008e58 (0x03c023b3) mulhsu  t2, zero, t3
core   0: 3 0x80008e58 (0x03c023b3) x 7 0x00000000
core   0: 0x80008e5c (0x00334a83) lbu     s5, 3(t1)
core   0: 3 0x80008e5c (0x00334a83) x21 0x00000000 mem 0x80020d65
core   0: 0x80008e60 (0x00a32123) sw      a0, 2(t1)
core   0: 3 0x80008e60 (0x00a32123) mem 0x80020d64 0x00000000
core   0: 0x80008e64 (0x016303a3) sb      s6, 7(t1)
core   0: 3 0x80008e64 (0x016303a3) mem 0x80020d69 0xc8
core   0: 0x80008e68 (0x00730703) lb      a4, 7(t1)
core   0: 3 0x80008e68 (0x00730703) x14 0xffffffc8 mem 0x80020d69
core   0: 0x80008e6c (0x00235203) lhu     tp, 2(t1)
core   0: 3 0x80008e6c (0x00235203) x 4 0x00000000 mem 0x80020d64
core   0: 0x80008e70 (0xff730ea3) sb      s7, -3(t1)
core   0: 3 0x80008e70 (0xff730ea3) mem 0x80020d5f 0x7a
core   0: 0x80008e74 (0x00a31823) sh      a0, 16(t1)
core   0: 3 0x80008e74 (0x00a31823) mem 0x80020d72 0x0000
core   0: 0x80008e78 (0x00330e83) lb      t4, 3(t1)
core   0: 3 0x80008e78 (0x00330e83) x29 0x00000000 mem 0x80020d65
core   0: 0x80008e7c (0xff430783) lb      a5, -12(t1)
core   0: 3 0x80008e7c (0xff430783) x15 0xfffffffb mem 0x80020d56
core   0: 0x80008e80 (0x005d5893) srli    a7, s10, 5
core   0: 3 0x80008e80 (0x005d5893) x17 0x00000000
core   0: 0x80008e84 (0xfe630fa3) sb      t1, -1(t1)
core   0: 3 0x80008e84 (0xfe630fa3) mem 0x80020d61 0x62
core   0: 0x80008e88 (0x00a31723) sh      a0, 14(t1)
core   0: 3 0x80008e88 (0x00a31723) mem 0x80020d70 0x0000
core   0: 0x80008e8c (0xd1e5b293) sltiu   t0, a1, -738
core   0: 3 0x80008e8c (0xd1e5b293) x 5 0x00000001
core   0: 0x80008e90 (0x00a59f33) sll     t5, a1, a0
core   0: 3 0x80008e90 (0x00a59f33) x30 0x82967baa
core   0: 0x80008e94 (0x40c088b3) sub     a7, ra, a2
core   0: 3 0x80008e94 (0x40c088b3) x17 0x00000037
core   0: 0x80008e98 (0x00b34a83) lbu     s5, 11(t1)
core   0: 3 0x80008e98 (0x00b34a83) x21 0x000000e4 mem 0x80020d6d
core   0: 0x80008e9c (0x407e53b3) sra     t2, t3, t2
core   0: 3 0x80008e9c (0x407e53b3) x 7 0x00000001
core   0: 0x80008ea0 (0xff530823) sb      s5, -16(t1)
core   0: 3 0x80008ea0 (0xff530823) mem 0x80020d52 0xe4
core   0: 0x80008ea4 (0xffd30f03) lb      t5, -3(t1)
core   0: 3 0x80008ea4 (0xffd30f03) x30 0x0000007a mem 0x80020d5f
core   0: 0x80008ea8 (0x019302a3) sb      s9, 5(t1)
core   0: 3 0x80008ea8 (0x019302a3) mem 0x80020d67 0x5a
core   0: 0x80008eac (0x01731623) sh      s7, 12(t1)
core   0: 3 0x80008eac (0x01731623) mem 0x80020d6e 0x147a
core   0: 0x80008eb0 (0xff031f23) sh      a6, -2(t1)
core   0: 3 0x80008eb0 (0xff031f23) mem 0x80020d60 0x0080
core   0: 0x80008eb4 (0x001304a3) sb      ra, 9(t1)
core   0: 3 0x80008eb4 (0x001304a3) mem 0x80020d6b 0x37
core   0: 0x80008eb8 (0xfee30c23) sb      a4, -8(t1)
core   0: 3 0x80008eb8 (0xfee30c23) mem 0x80020d5a 0xc8
core   0: 0x80008ebc (0x00012317) auipc   t1, 0x12
core   0: 3 0x80008ebc (0x00012317) x 6 0x8001aebc
core   0: 0x80008ec0 (0xb3830313) addi    t1, t1, -1224
core   0: 3 0x80008ec0 (0xb3830313) x 6 0x8001a9f4
core   0: 0x80008ec4 (0x0000fb33) and     s6, ra, zero
core   0: 3 0x80008ec4 (0x0000fb33) x22 0x00000000
core   0: 0x80008ec8 (0x03d30d83) lb      s11, 61(t1)
core   0: 3 0x80008ec8 (0x03d30d83) x27 0xffffffe1 mem 0x8001aa31
core   0: 0x80008ecc (0x4058d733) sra     a4, a7, t0
core   0: 3 0x80008ecc (0x4058d733) x14 0x0000001b
core   0: 0x80008ed0 (0xfeb34203) lbu     tp, -21(t1)
core   0: 3 0x80008ed0 (0xfeb34203) x 4 0x000000bb mem 0x8001a9df
core   0: 0x80008ed4 (0x02bd8ab3) mul     s5, s11, a1
core   0: 3 0x80008ed4 (0x02bd8ab3) x21 0x2fc7066a
core   0: 0x80008ed8 (0x0153b6b3) sltu    a3, t2, s5
core   0: 3 0x80008ed8 (0x0153b6b3) x13 0x00000001
core   0: 0x80008edc (0x2544cc37) lui     s8, 0x2544c
core   0: 3 0x80008edc (0x2544cc37) x24 0x2544c000
core   0: 0x80008ee0 (0x017c9a93) slli    s5, s9, 23
core   0: 3 0x80008ee0 (0x017c9a93) x21 0x2d000000
core   0: 0x80008ee4 (0x01330a23) sb      s3, 20(t1)
core   0: 3 0x80008ee4 (0x01330a23) mem 0x8001aa08 0x9f
core   0: 0x80008ee8 (0x02434ab3) div     s5, t1, tp
core   0: 3 0x80008ee8 (0x02434ab3) x21 0xff50c76a
core   0: 0x80008eec (0xa9ee6b13) ori     s6, t3, -1378
core   0: 3 0x80008eec (0xa9ee6b13) x22 0xfffffa9f
core   0: 0x80008ef0 (0xfd330703) lb      a4, -45(t1)
core   0: 3 0x80008ef0 (0xfd330703) x14 0x0000005c mem 0x8001a9c7
core   0: 0x80008ef4 (0xff530403) lb      s0, -11(t1)
core   0: 3 0x80008ef4 (0xff530403) x 8 0x0000000d mem 0x8001a9e9
core   0: 0x80008ef8 (0x0155b933) sltu    s2, a1, s5
core   0: 3 0x80008ef8 (0x0155b933) x18 0x00000001
core   0: 0x80008efc (0xefd2e513) ori     a0, t0, -259
core   0: 3 0x80008efc (0xefd2e513) x10 0xfffffefd
core   0: 0x80008f00 (0x246ba213) slti    tp, s7, 582
core   0: 3 0x80008f00 (0x246ba213) x 4 0x00000001
core   0: 0x80008f04 (0xfda35483) lhu     s1, -38(t1)
core   0: 3 0x80008f04 (0xfda35483) x 9 0x000090ca mem 0x8001a9ce
core   0: 0x80008f08 (0x011c2f33) slt     t5, s8, a7
core   0: 3 0x80008f08 (0x011c2f33) x30 0x00000000
core   0: 0x80008f0c (0x01c4df93) srli    t6, s1, 28
core   0: 3 0x80008f0c (0x01c4df93) x31 0x00000000
core   0: 0x80008f10 (0xf8334f13) xori    t5, t1, -125
core   0: 3 0x80008f10 (0xf8334f13) x30 0x7ffe5677
core   0: 0x80008f14 (0x012e8c33) add     s8, t4, s2
core   0: 3 0x80008f14 (0x012e8c33) x24 0x00000001
core   0: 0x80008f18 (0x00cf1b13) slli    s6, t5, 12
core   0: 3 0x80008f18 (0x00cf1b13) x22 0xe5677000
core   0: 0x80008f1c (0x00d239b3) sltu    s3, tp, a3
core   0: 3 0x80008f1c (0x00d239b3) x19 0x00000000
core   0: 0x80008f20 (0x00c34903) lbu     s2, 12(t1)
core   0: 3 0x80008f20 (0x00c34903) x18 0x00000058 mem 0x8001aa00
core   0: 0x80008f24 (0xfcb30ba3) sb      a1, -41(t1)
core   0: 3 0x80008f24 (0xfcb30ba3) mem 0x8001a9cb 0xaa
core   0: 0x80008f28 (0x01b719b3) sll     s3, a4, s11
core   0: 3 0x80008f28 (0x01b719b3) x19 0x000000b8
core   0: 0x80008f2c (0xd3c4bc13) sltiu   s8, s1, -708
core   0: 3 0x80008f2c (0xd3c4bc13) x24 0x00000001
core   0: 0x80008f30 (0x01e6b233) sltu    tp, a3, t5
core   0: 3 0x80008f30 (0x01e6b233) x 4 0x00000001
core   0: 0x80008f34 (0x03630423) sb      s6, 40(t1)
core   0: 3 0x80008f34 (0x03630423) mem 0x8001aa1c 0x0
core   0: 0x80008f38 (0x03c30ca3) sb      t3, 57(t1)
core   0: 3 0x80008f38 (0x03c30ca3) mem 0x8001aa2d 0x1
core   0: 0x80008f3c (0x016e9eb3) sll     t4, t4, s6
core   0: 3 0x80008f3c (0x016e9eb3) x29 0x00000000
core   0: 0x80008f40 (0x02432223) sw      tp, 36(t1)
core   0: 3 0x80008f40 (0x02432223) mem 0x8001aa18 0x00000001
core   0: 0x80008f44 (0x00000013) nop
core   0: 3 0x80008f44 (0x00000013)
core   0: 0x80008f48 (0xfc6301a3) sb      t1, -61(t1)
core   0: 3 0x80008f48 (0xfc6301a3) mem 0x8001a9b7 0xf4
core   0: 0x80008f4c (0x01c34403) lbu     s0, 28(t1)
core   0: 3 0x80008f4c (0x01c34403) x 8 0x000000b1 mem 0x8001aa10
core   0: 0x80008f50 (0x02b744b3) div     s1, a4, a1
core   0: 3 0x80008f50 (0x02b744b3) x 9 0x00000000
core   0: 0x80008f54 (0x02835c03) lhu     s8, 40(t1)
core   0: 3 0x80008f54 (0x02835c03) x24 0x00006c00 mem 0x8001aa1c
core   0: 0x80008f58 (0x013c4f33) xor     t5, s8, s3
core   0: 3 0x80008f58 (0x013c4f33) x30 0x00006cb8
core   0: 0x80008f5c (0x026300a3) sb      t1, 33(t1)
core   0: 3 0x80008f5c (0x026300a3) mem 0x8001aa15 0xf4
core   0: 0x80008f60 (0x031305a3) sb      a7, 43(t1)
core   0: 3 0x80008f60 (0x031305a3) mem 0x8001aa1f 0x37
core   0: 0x80008f64 (0x00fb8833) add     a6, s7, a5
core   0: 3 0x80008f64 (0x00fb8833) x16 0xb5491475
core   0: 0x80008f68 (0x02e3f2b3) remu    t0, t2, a4
core   0: 3 0x80008f68 (0x02e3f2b3) x 5 0x00000001
core   0: 0x80008f6c (0xfd630603) lb      a2, -42(t1)
core   0: 3 0x80008f6c (0xfd630603) x12 0xffffff8e mem 0x8001a9ca
core   0: 0x80008f70 (0xfc631623) sh      t1, -52(t1)
core   0: 3 0x80008f70 (0xfc631623) mem 0x8001a9c0 0xa9f4
core   0: 0x80008f74 (0xfe432903) lw      s2, -28(t1)
core   0: 3 0x80008f74 (0xfe432903) x18 0xba83afd4 mem 0x8001a9d8
core   0: 0x80008f78 (0x00008f17) auipc   t5, 0x8
core   0: 3 0x80008f78 (0x00008f17) x30 0x80010f78
core   0: 0x80008f7c (0xadbf0f13) addi    t5, t5, -1317
core   0: 3 0x80008f7c (0xadbf0f13) x30 0x80010a53
core   0: 0x80008f80 (0x0c7f5703) lhu     a4, 199(t5)
core   0: 3 0x80008f80 (0x0c7f5703) x14 0x00000437 mem 0x80010b1a
core   0: 0x80008f84 (0x03278333) mul     t1, a5, s2
core   0: 3 0x80008f84 (0x03278333) x 6 0x5b6d90dc
core   0: 0x80008f88 (0xfb3f1083) lh      ra, -77(t5)
core   0: 3 0x80008f88 (0xfb3f1083) x 1 0x00004c6c mem 0x80010a06
core   0: 0x80008f8c (0x08f1a813) slti    a6, gp, 143
core   0: 3 0x80008f8c (0x08f1a813) x16 0x00000001
core   0: 0x80008f90 (0xff9f0d23) sb      s9, -6(t5)
core   0: 3 0x80008f90 (0xff9f0d23) mem 0x80010a4d 0x5a
core   0: 0x80008f94 (0x0cdf4383) lbu     t2, 205(t5)
core   0: 3 0x80008f94 (0x0cdf4383) x 7 0x0000009d mem 0x80010b20
core   0: 0x80008f98 (0x00ec35b3) sltu    a1, s8, a4
core   0: 3 0x80008f98 (0x00ec35b3) x11 0x00000000
core   0: 0x80008f9c (0x402087b3) sub     a5, ra, sp
core   0: 3 0x80008f9c (0x402087b3) x15 0x7ffdeea8
core   0: 0x80008fa0 (0x019f0823) sb      s9, 16(t5)
core   0: 3 0x80008fa0 (0x019f0823) mem 0x80010a63 0x5a
core   0: 0x80008fa4 (0xf5df0923) sb      t4, -174(t5)
core   0: 3 0x80008fa4 (0xf5df0923) mem 0x800109a5 0x0
core   0: 0x80008fa8 (0x02cc3e33) mulhu   t3, s8, a2
core   0: 3 0x80008fa8 (0x02cc3e33) x28 0x00006bff
core   0: 0x80008fac (0x006f0183) lb      gp, 6(t5)
core   0: 3 0x80008fac (0x006f0183) x 3 0x0000002d mem 0x80010a59
core   0: 0x80008fb0 (0x0def0323) sb      t5, 198(t5)
core   0: 3 0x80008fb0 (0x0def0323) mem 0x80010b19 0x53
core   0: 0x80008fb4 (0xf32f0223) sb      s2, -220(t5)
core   0: 3 0x80008fb4 (0xf32f0223) mem 0x80010977 0xd4
core   0: 0x80008fb8 (0xfc3f1c83) lh      s9, -61(t5)
core   0: 3 0x80008fb8 (0xfc3f1c83) x25 0x000071d0 mem 0x80010a16
core   0: 0x80008fbc (0xffff5283) lhu     t0, -1(t5)
core   0: 3 0x80008fbc (0xffff5283) x 5 0x000070c6 mem 0x80010a52
core   0: 0x80008fc0 (0x0ecf0003) lb      zero, 236(t5)
core   0: 3 0x80008fc0 (0x0ecf0003) mem 0x80010b3f
core   0: 0x80008fc4 (0xd3818917) auipc   s2, 0xd3818
core   0: 3 0x80008fc4 (0xd3818917) x18 0x53820fc4
core   0: 0x80008fc8 (0x3a05f813) andi    a6, a1, 928
core   0: 3 0x80008fc8 (0x3a05f813) x16 0x00000000
core   0: 0x80008fcc (0xb47f3713) sltiu   a4, t5, -1209
core   0: 3 0x80008fcc (0xb47f3713) x14 0x00000001
core   0: 0x80008fd0 (0x0b5f1903) lh      s2, 181(t5)
core   0: 3 0x80008fd0 (0x0b5f1903) x18 0x0000114d mem 0x80010b08
core   0: 0x80008fd4 (0x4021de33) sra     t3, gp, sp
core   0: 3 0x80008fd4 (0x4021de33) x28 0x00000002
core   0: 0x80008fd8 (0xfa9f04a3) sb      s1, -87(t5)
core   0: 3 0x80008fd8 (0xfa9f04a3) mem 0x800109fc 0x0
core   0: 0x80008fdc (0xfa8f4a83) lbu     s5, -88(t5)
core   0: 3 0x80008fdc (0xfa8f4a83) x21 0x000000e2 mem 0x800109fb
core   0: 0x80008fe0 (0xf03f1183) lh      gp, -253(t5)
core   0: 3 0x80008fe0 (0xf03f1183) x 3 0xffffe8c2 mem 0x80010956
core   0: 0x80008fe4 (0xf42f07a3) sb      sp, -177(t5)
core   0: 3 0x80008fe4 (0xf42f07a3) mem 0x800109a2 0xc4
core   0: 0x80008fe8 (0xf20f4183) lbu     gp, -224(t5)
core   0: 3 0x80008fe8 (0xf20f4183) x 3 0x000000f6 mem 0x80010973
core   0: 0x80008fec (0x0187b633) sltu    a2, a5, s8
core   0: 3 0x80008fec (0x0187b633) x12 0x00000000
core   0: 0x80008ff0 (0xf9af00a3) sb      s10, -127(t5)
core   0: 3 0x80008ff0 (0xf9af00a3) mem 0x800109d4 0x0
core   0: 0x80008ff4 (0xfedf4f83) lbu     t6, -19(t5)
core   0: 3 0x80008ff4 (0xfedf4f83) x31 0x0000008e mem 0x80010a40
core   0: 0x80008ff8 (0x00012a97) auipc   s5, 0x12
core   0: 3 0x80008ff8 (0x00012a97) x21 0x8001aff8
core   0: 0x80008ffc (0x0f8a8a93) addi    s5, s5, 248
core   0: 3 0x80008ffc (0x0f8a8a93) x21 0x8001b0f0
core   0: 0x80009000 (0xfcaa9903) lh      s2, -54(s5)
core   0: 3 0x80009000 (0xfcaa9903) x18 0xffff83c3 mem 0x8001b0ba
core   0: 0x80009004 (0xffca84a3) sb      t3, -23(s5)
core   0: 3 0x80009004 (0xffca84a3) mem 0x8001b0d9 0x2
core   0: 0x80009008 (0x0289cfb3) div     t6, s3, s0
core   0: 3 0x80009008 (0x0289cfb3) x31 0x00000001
core   0: 0x8000900c (0x018a9383) lh      t2, 24(s5)
core   0: 3 0x8000900c (0x018a9383) x 7 0xffffcf48 mem 0x8001b108
core   0: 0x80009010 (0x404e5f33) sra     t5, t3, tp
core   0: 3 0x80009010 (0x404e5f33) x30 0x00000001
core   0: 0x80009014 (0x3d661037) lui     zero, 0x3d661
core   0: 3 0x80009014 (0x3d661037)
core   0: 0x80009018 (0x028ac183) lbu     gp, 40(s5)
core   0: 3 0x80009018 (0x028ac183) x 3 0x000000f6 mem 0x8001b118
core   0: 0x8000901c (0x03ca9723) sh      t3, 46(s5)
core   0: 3 0x8000901c (0x03ca9723) mem 0x8001b11e 0x0002
core   0: 0x80009020 (0x00ead403) lhu     s0, 14(s5)
core   0: 3 0x80009020 (0x00ead403) x 8 0x00000093 mem 0x8001b0fe
core   0: 0x80009024 (0xda3f0f97) auipc   t6, 0xda3f0
core   0: 3 0x80009024 (0xda3f0f97) x31 0x5a3f9024
core   0: 0x80009028 (0x00351433) sll     s0, a0, gp
core   0: 3 0x80009028 (0x00351433) x 8 0xbf400000
core   0: 0x8000902c (0x011ac683) lbu     a3, 17(s5)
core   0: 3 0x8000902c (0x011ac683) x13 0x00000076 mem 0x8001b101
core   0: 0x80009030 (0x0127f9b3) and     s3, a5, s2
core   0: 3 0x80009030 (0x0127f9b3) x19 0x7ffd8280
core   0: 0x80009034 (0x03dac503) lbu     a0, 61(s5)
core   0: 3 0x80009034 (0x03dac503) x10 0x00000064 mem 0x8001b12d
core   0: 0x80009038 (0x00f257b3) srl     a5, tp, a5
core   0: 3 0x80009038 (0x00f257b3) x15 0x00000000
core   0: 0x8000903c (0xd2dce713) ori     a4, s9, -723
core   0: 3 0x8000903c (0xd2dce713) x14 0xfffffdfd
core   0: 0x80009040 (0xe0174813) xori    a6, a4, -511
core   0: 3 0x80009040 (0xe0174813) x16 0x000003fc
core   0: 0x80009044 (0x0205e8b3) rem     a7, a1, zero
core   0: 3 0x80009044 (0x0205e8b3) x17 0x00000000
core   0: 0x80009048 (0xfcba8203) lb      tp, -53(s5)
core   0: 3 0x80009048 (0xfcba8203) x 4 0xffffff83 mem 0x8001b0bb
core   0: 0x8000904c (0x032a9323) sh      s2, 38(s5)
core   0: 3 0x8000904c (0x032a9323) mem 0x8001b116 0x83c3
core   0: 0x80009050 (0xfc0a9183) lh      gp, -64(s5)
core   0: 3 0x80009050 (0xfc0a9183) x 3 0x00005ecf mem 0x8001b0b0
core   0: 0x80009054 (0x00dacc03) lbu     s8, 13(s5)
core   0: 3 0x80009054 (0x00dacc03) x24 0x0000008c mem 0x8001b0fd
core   0: 0x80009058 (0x02d20b33) mul     s6, tp, a3
core   0: 3 0x80009058 (0x02d20b33) x22 0xffffc662
core   0: 0x8000905c (0xfc4aad83) lw      s11, -60(s5)
core   0: 3 0x8000905c (0xfc4aad83) x27 0xb419dc72 mem 0x8001b0b4
core   0: 0x80009060 (0x00000013) nop
core   0: 3 0x80009060 (0x00000013)
core   0: 0x80009064 (0x404f0733) sub     a4, t5, tp
core   0: 3 0x80009064 (0x404f0733) x14 0x0000007e
core   0: 0x80009068 (0x40082993) slti    s3, a6, 1024
core   0: 3 0x80009068 (0x40082993) x19 0x00000001
core   0: 0x8000906c (0xffba8123) sb      s11, -30(s5)
core   0: 3 0x8000906c (0xffba8123) mem 0x8001b0d2 0x72
core   0: 0x80009070 (0x000a87a3) sb      zero, 15(s5)
core   0: 3 0x80009070 (0x000a87a3) mem 0x8001b0ff 0x0
core   0: 0x80009074 (0x009ac983) lbu     s3, 9(s5)
core   0: 3 0x80009074 (0x009ac983) x19 0x0000009c mem 0x8001b0f9
core   0: 0x80009078 (0xfd0a9603) lh      a2, -48(s5)
core   0: 3 0x80009078 (0xfd0a9603) x12 0x00006140 mem 0x8001b0c0
core   0: 0x8000907c (0xffdac003) lbu     zero, -3(s5)
core   0: 3 0x8000907c (0xffdac003) mem 0x8001b0ed
core   0: 0x80009080 (0x039acd83) lbu     s11, 57(s5)
core   0: 3 0x80009080 (0x039acd83) x27 0x000000fc mem 0x8001b129
core   0: 0x80009084 (0x01da8d83) lb      s11, 29(s5)
core   0: 3 0x80009084 (0x01da8d83) x27 0x0000005c mem 0x8001b10d
core   0: 0x80009088 (0x00013d97) auipc   s11, 0x13
core   0: 3 0x80009088 (0x00013d97) x27 0x8001c088
core   0: 0x8000908c (0xe86d8d93) addi    s11, s11, -378
core   0: 3 0x8000908c (0xe86d8d93) x27 0x8001bf0e
core   0: 0x80009090 (0xf02dc903) lbu     s2, -254(s11)
core   0: 3 0x80009090 (0xf02dc903) x18 0x00000024 mem 0x8001be10
core   0: 0x80009094 (0x0b0dd183) lhu     gp, 176(s11)
core   0: 3 0x80009094 (0x0b0dd183) x 3 0x00000d98 mem 0x8001bfbe
core   0: 0x80009098 (0xfc6d8aa3) sb      t1, -43(s11)
core   0: 3 0x80009098 (0xfc6d8aa3) mem 0x8001bee3 0xdc
core   0: 0x8000909c (0x079dc703) lbu     a4, 121(s11)
core   0: 3 0x8000909c (0x079dc703) x14 0x00000045 mem 0x8001bf87
core   0: 0x800090a0 (0x01a0ceb3) xor     t4, ra, s10
core   0: 3 0x800090a0 (0x01a0ceb3) x29 0x00004c6c
core   0: 0x800090a4 (0xf79dca83) lbu     s5, -135(s11)
core   0: 3 0x800090a4 (0xf79dca83) x21 0x00000057 mem 0x8001be87
core   0: 0x800090a8 (0xa2297f93) andi    t6, s2, -1502
core   0: 3 0x800090a8 (0xa2297f93) x31 0x00000020
core   0: 0x800090ac (0xf28c6793) ori     a5, s8, -216
core   0: 3 0x800090ac (0xf28c6793) x15 0xffffffac
core   0: 0x800090b0 (0x00559013) slli    zero, a1, 5
core   0: 3 0x800090b0 (0x00559013)
core   0: 0x800090b4 (0xf78d9483) lh      s1, -136(s11)
core   0: 3 0x800090b4 (0xf78d9483) x 9 0x0000577e mem 0x8001be86
core   0: 0x800090b8 (0x027f14b3) mulh    s1, t5, t2
core   0: 3 0x800090b8 (0x027f14b3) x 9 0xffffffff
core   0: 0x800090bc (0x068dc983) lbu     s3, 104(s11)
core   0: 3 0x800090bc (0x068dc983) x19 0x00000077 mem 0x8001bf76
core   0: 0x800090c0 (0x03a5a8b3) mulhsu  a7, a1, s10
core   0: 3 0x800090c0 (0x03a5a8b3) x17 0x00000000
core   0: 0x800090c4 (0x019155b3) srl     a1, sp, s9
core   0: 3 0x800090c4 (0x019155b3) x11 0x00008002
core   0: 0x800090c8 (0xd6ba4a93) xori    s5, s4, -661
core   0: 3 0x800090c8 (0xd6ba4a93) x21 0x7ffd618f
core   0: 0x800090cc (0x407553b3) sra     t2, a0, t2
core   0: 3 0x800090cc (0x407553b3) x 7 0x00000000
core   0: 0x800090d0 (0x0fcd9083) lh      ra, 252(s11)
core   0: 3 0x800090d0 (0x0fcd9083) x 1 0x0000147a mem 0x8001c00a
core   0: 0x800090d4 (0xfd2d8503) lb      a0, -46(s11)
core   0: 3 0x800090d4 (0xfd2d8503) x10 0x00000020 mem 0x8001bee0
core   0: 0x800090d8 (0x00fdc503) lbu     a0, 15(s11)
core   0: 3 0x800090d8 (0x00fdc503) x10 0x000000dd mem 0x8001bf1d
core   0: 0x800090dc (0x01573f33) sltu    t5, a4, s5
core   0: 3 0x800090dc (0x01573f33) x30 0x00000001
core   0: 0x800090e0 (0x02394eb3) div     t4, s2, gp
core   0: 3 0x800090e0 (0x02394eb3) x29 0x00000000
core   0: 0x800090e4 (0x055d9f23) sh      s5, 94(s11)
core   0: 3 0x800090e4 (0x055d9f23) mem 0x8001bf6c 0x618f
core   0: 0x800090e8 (0x03a734b3) mulhu   s1, a4, s10
core   0: 3 0x800090e8 (0x03a734b3) x 9 0x00000000
core   0: 0x800090ec (0x02d5ecb3) rem     s9, a1, a3
core   0: 3 0x800090ec (0x02d5ecb3) x25 0x00000054
core   0: 0x800090f0 (0x0e9dc583) lbu     a1, 233(s11)
core   0: 3 0x800090f0 (0x0e9dc583) x11 0x0000006c mem 0x8001bff7
core   0: 0x800090f4 (0xf26d8a23) sb      t1, -204(s11)
core   0: 3 0x800090f4 (0xf26d8a23) mem 0x8001be42 0xdc
core   0: 0x800090f8 (0xec116813) ori     a6, sp, -319
core   0: 3 0x800090f8 (0xec116813) x16 0xffffffc5
core   0: 0x800090fc (0xfc7dc303) lbu     t1, -57(s11)
core   0: 3 0x800090fc (0xfc7dc303) x 6 0x00000002 mem 0x8001bed5
core   0: 0x80009100 (0xf9fdc183) lbu     gp, -97(s11)
core   0: 3 0x80009100 (0xf9fdc183) x 3 0x00000041 mem 0x8001bead
core   0: 0x80009104 (0x00000013) nop
core   0: 3 0x80009104 (0x00000013)
core   0: 0x80009108 (0x015ea333) slt     t1, t4, s5
core   0: 3 0x80009108 (0x015ea333) x 6 0x00000001
core   0: 0x8000910c (0x050dc403) lbu     s0, 80(s11)
core   0: 3 0x8000910c (0x050dc403) x 8 0x000000a2 mem 0x8001bf5e
core   0: 0x80009110 (0xff8d8083) lb      ra, -8(s11)
core   0: 3 0x80009110 (0xff8d8083) x 1 0x0000003d mem 0x8001bf06
core   0: 0x80009114 (0x0ded8503) lb      a0, 222(s11)
core   0: 3 0x80009114 (0x0ded8503) x10 0xffffff91 mem 0x8001bfec
core   0: 0x80009118 (0x00000013) nop
core   0: 3 0x80009118 (0x00000013)
core   0: 0x8000911c (0x026060b3) rem     ra, zero, t1
core   0: 3 0x8000911c (0x026060b3) x 1 0x00000000
core   0: 0x80009120 (0xf863ef93) ori     t6, t2, -122
core   0: 3 0x80009120 (0xf863ef93) x31 0xffffff86
core   0: 0x80009124 (0x0f7d9e23) sh      s7, 252(s11)
core   0: 3 0x80009124 (0x0f7d9e23) mem 0x8001c00a 0x147a
core   0: 0x80009128 (0xf41d8323) sb      ra, -186(s11)
core   0: 3 0x80009128 (0xf41d8323) mem 0x8001be54 0x0
core   0: 0x8000912c (0xfefd8fa3) sb      a5, -1(s11)
core   0: 3 0x8000912c (0xfefd8fa3) mem 0x8001bf0d 0xac
core   0: 0x80009130 (0x00ba8333) add     t1, s5, a1
core   0: 3 0x80009130 (0x00ba8333) x 6 0x7ffd61fb
core   0: 0x80009134 (0xf17dc403) lbu     s0, -233(s11)
core   0: 3 0x80009134 (0xf17dc403) x 8 0x000000d8 mem 0x8001be25
core   0: 0x80009138 (0xf78dc003) lbu     zero, -136(s11)
core   0: 3 0x80009138 (0xf78dc003) mem 0x8001be86
core   0: 0x8000913c (0x0ebd8323) sb      a1, 230(s11)
core   0: 3 0x8000913c (0x0ebd8323) mem 0x8001bff4 0x6c
core   0: 0x80009140 (0x00da11b3) sll     gp, s4, a3
core   0: 3 0x80009140 (0x00da11b3) x 3 0x39000000
core   0: 0x80009144 (0xfd2d88a3) sb      s2, -47(s11)
core   0: 3 0x80009144 (0xfd2d88a3) mem 0x8001bedf 0x24
core   0: 0x80009148 (0x419b5093) srai    ra, s6, 25
core   0: 3 0x80009148 (0x419b5093) x 1 0xffffffff
core   0: 0x8000914c (0xfcbd8003) lb      zero, -53(s11)
core   0: 3 0x8000914c (0xfcbd8003) mem 0x8001bed9
core   0: 0x80009150 (0x78d74397) auipc   t2, 0x78d74
core   0: 3 0x80009150 (0x78d74397) x 7 0xf8d7d150
core   0: 0x80009154 (0x62194413) xori    s0, s2, 1569
core   0: 3 0x80009154 (0x62194413) x 8 0x00000605
core   0: 0x80009158 (0x01e09f33) sll     t5, ra, t5
core   0: 3 0x80009158 (0x01e09f33) x30 0xfffffffe
core   0: 0x8000915c (0x03eb65b3) rem     a1, s6, t5
core   0: 3 0x8000915c (0x03eb65b3) x11 0x00000000
core   0: 0x80009160 (0xfd1dcf83) lbu     t6, -47(s11)
core   0: 3 0x80009160 (0xfd1dcf83) x31 0x00000024 mem 0x8001bedf
core   0: 0x80009164 (0x52966813) ori     a6, a2, 1321
core   0: 3 0x80009164 (0x52966813) x16 0x00006569
core   0: 0x80009168 (0x062dc503) lbu     a0, 98(s11)
core   0: 3 0x80009168 (0x062dc503) x10 0x00000005 mem 0x8001bf70
core   0: 0x8000916c (0xfe5d8ca3) sb      t0, -7(s11)
core   0: 3 0x8000916c (0xfe5d8ca3) mem 0x8001bf07 0xc6
core   0: 0x80009170 (0x00619a93) slli    s5, gp, 6
core   0: 3 0x80009170 (0x00619a93) x21 0x40000000
core   0: 0x80009174 (0x7a08c093) xori    ra, a7, 1952
core   0: 3 0x80009174 (0x7a08c093) x 1 0x000007a0
core   0: 0x80009178 (0x013d8383) lb      t2, 19(s11)
core   0: 3 0x80009178 (0x013d8383) x 7 0xffffffc1 mem 0x8001bf21
core   0: 0x8000917c (0x6603af93) slti    t6, t2, 1632
core   0: 3 0x8000917c (0x6603af93) x31 0x00000001
core   0: 0x80009180 (0x35a2bd93) sltiu   s11, t0, 858
core   0: 3 0x80009180 (0x35a2bd93) x27 0x00000000
core   0: 0x80009184 (0x014d8533) add     a0, s11, s4
core   0: 3 0x80009184 (0x014d8533) x10 0x80029ce4
core   0: 0x80009188 (0x03857433) remu    s0, a0, s8
core   0: 3 0x80009188 (0x03857433) x 8 0x00000004
core   0: 0x8000918c (0x0052d663) bge     t0, t0, pc + 12
core   0: 3 0x8000918c (0x0052d663)
core   0: 0x80009198 (0x02d8ea63) bltu    a7, a3, pc + 52
core   0: 3 0x80009198 (0x02d8ea63)
core   0: 0x800091cc (0x8ba4a893) slti    a7, s1, -1862
core   0: 3 0x800091cc (0x8ba4a893) x17 0x00000000
core   0: 0x800091d0 (0x02a5c333) div     t1, a1, a0
core   0: 3 0x800091d0 (0x02a5c333) x 6 0x00000000
core   0: 0x800091d4 (0x01fe3433) sltu    s0, t3, t6
core   0: 3 0x800091d4 (0x01fe3433) x 8 0x00000000
core   0: 0x800091d8 (0x02439533) mulh    a0, t2, tp
core   0: 3 0x800091d8 (0x02439533) x10 0x00000000
core   0: 0x800091dc (0xdaa8ba93) sltiu   s5, a7, -598
core   0: 3 0x800091dc (0xdaa8ba93) x21 0x00000001
core   0: 0x800091e0 (0x00c25ab3) srl     s5, tp, a2
core   0: 3 0x800091e0 (0x00c25ab3) x21 0xffffff83
core   0: 0x800091e4 (0x03790eb3) mul     t4, s2, s7
core   0: 3 0x800091e4 (0x03790eb3) x29 0x7e46e128
core   0: 0x800091e8 (0x02c0c5b3) div     a1, ra, a2
core   0: 3 0x800091e8 (0x02c0c5b3) x11 0x00000000
core   0: 0x800091ec (0x010afab3) and     s5, s5, a6
core   0: 3 0x800091ec (0x010afab3) x21 0x00006501
core   0: 0x800091f0 (0x0b9d8393) addi    t2, s11, 185
core   0: 3 0x800091f0 (0x0b9d8393) x 7 0x000000b9
core   0: 0x800091f4 (0x02bf4233) div     tp, t5, a1
core   0: 3 0x800091f4 (0x02bf4233) x 4 0xffffffff
core   0: 0x800091f8 (0x02e1d663) bge     gp, a4, pc + 44
core   0: 3 0x800091f8 (0x02e1d663)
core   0: 0x80009224 (0x02ff6063) bltu    t5, a5, pc + 32
core   0: 3 0x80009224 (0x02ff6063)
core   0: 0x80009228 (0x033cf863) bgeu    s9, s3, pc + 48
core   0: 3 0x80009228 (0x033cf863)
core   0: 0x8000922c (0x00b83333) sltu    t1, a6, a1
core   0: 3 0x8000922c (0x00b83333) x 6 0x00000000
core   0: 0x80009230 (0x003349b3) xor     s3, t1, gp
core   0: 3 0x80009230 (0x003349b3) x19 0x39000000
core   0: 0x80009234 (0x25c5b513) sltiu   a0, a1, 604
core   0: 3 0x80009234 (0x25c5b513) x10 0x00000001
core   0: 0x80009238 (0x01ca0713) addi    a4, s4, 28
core   0: 3 0x80009238 (0x01ca0713) x14 0x80029d00
core   0: 0x8000923c (0x00f11733) sll     a4, sp, a5
core   0: 3 0x8000923c (0x00f11733) x14 0x25dc4000
core   0: 0x80009240 (0x008700b3) add     ra, a4, s0
core   0: 3 0x80009240 (0x008700b3) x 1 0x25dc4000
core   0: 0x80009244 (0x035aa433) mulhsu  s0, s5, s5
core   0: 3 0x80009244 (0x035aa433) x 8 0x00000000
core   0: 0x80009248 (0x013d7833) and     a6, s10, s3
core   0: 3 0x80009248 (0x013d7833) x16 0x00000000
core   0: 0x8000924c (0x4ee7b993) sltiu   s3, a5, 1262
core   0: 3 0x8000924c (0x4ee7b993) x19 0x00000000
core   0: 0x80009250 (0x00b1a2b3) slt     t0, gp, a1
core   0: 3 0x80009250 (0x00b1a2b3) x 5 0x00000000
core   0: 0x80009254 (0x50d1ed93) ori     s11, gp, 1293
core   0: 3 0x80009254 (0x50d1ed93) x27 0x3900050d
core   0: 0x80009258 (0x8e2e0193) addi    gp, t3, -1822
core   0: 3 0x80009258 (0x8e2e0193) x 3 0xfffff8e4
core   0: 0x8000925c (0x031397b3) mulh    a5, t2, a7
core   0: 3 0x8000925c (0x031397b3) x15 0x00000000
core   0: 0x80009260 (0x004c1193) slli    gp, s8, 4
core   0: 3 0x80009260 (0x004c1193) x 3 0x000008c0
core   0: 0x80009264 (0x022148b3) div     a7, sp, sp
core   0: 3 0x80009264 (0x022148b3) x17 0x00000001
core   0: 0x80009268 (0x014275b3) and     a1, tp, s4
core   0: 3 0x80009268 (0x014275b3) x11 0x80029ce4
core   0: 0x8000926c (0x03dee9b3) rem     s3, t4, t4
core   0: 3 0x8000926c (0x03dee9b3) x19 0x00000000
core   0: 0x80009270 (0x00451193) slli    gp, a0, 4
core   0: 3 0x80009270 (0x00451193) x 3 0x00000010
core   0: 0x80009274 (0x00daf7b3) and     a5, s5, a3
core   0: 3 0x80009274 (0x00daf7b3) x15 0x00000000
core   0: 0x80009278 (0xec6ff993) andi    s3, t6, -314
core   0: 3 0x80009278 (0xec6ff993) x19 0x00000000
core   0: 0x8000927c (0x72868c13) addi    s8, a3, 1832
core   0: 3 0x8000927c (0x72868c13) x24 0x0000079e
core   0: 0x80009280 (0x41cf50b3) sra     ra, t5, t3
core   0: 3 0x80009280 (0x41cf50b3) x 1 0xffffffff
core   0: 0x80009284 (0x00b86f33) or      t5, a6, a1
core   0: 3 0x80009284 (0x00b86f33) x30 0x80029ce4
core   0: 0x80009288 (0x008de863) bltu    s11, s0, pc + 16
core   0: 3 0x80009288 (0x008de863)
core   0: 0x8000928c (0x40ee58b3) sra     a7, t3, a4
core   0: 3 0x8000928c (0x40ee58b3) x17 0x00000002
core   0: 0x80009290 (0x01fc4533) xor     a0, s8, t6
core   0: 3 0x80009290 (0x01fc4533) x10 0x0000079f
core   0: 0x80009294 (0x00e21a93) slli    s5, tp, 14
core   0: 3 0x80009294 (0x00e21a93) x21 0xffffc000
core   0: 0x80009298 (0x03838063) beq     t2, s8, pc + 32
core   0: 3 0x80009298 (0x03838063)
core   0: 0x8000929c (0x00000013) nop
core   0: 3 0x8000929c (0x00000013)
core   0: 0x800092a0 (0x015509b3) add     s3, a0, s5
core   0: 3 0x800092a0 (0x015509b3) x19 0xffffc79f
core   0: 0x800092a4 (0x0036e3b3) or      t2, a3, gp
core   0: 3 0x800092a4 (0x0036e3b3) x 7 0x00000076
core   0: 0x800092a8 (0x0333bf33) mulhu   t5, t2, s3
core   0: 3 0x800092a8 (0x0333bf33) x30 0x00000075
core   0: 0x800092ac (0x03419ab3) mulh    s5, gp, s4
core   0: 3 0x800092ac (0x03419ab3) x21 0xfffffff8
core   0: 0x800092b0 (0x404eda93) srai    s5, t4, 4
core   0: 3 0x800092b0 (0x404eda93) x21 0x07e46e12
core   0: 0x800092b4 (0x013199b3) sll     s3, gp, s3
core   0: 3 0x800092b4 (0x013199b3) x19 0x00000000
core   0: 0x800092b8 (0x0f9d7493) andi    s1, s10, 249
core   0: 3 0x800092b8 (0x0f9d7493) x 9 0x00000000
core   0: 0x800092bc (0x0185a5b3) slt     a1, a1, s8
core   0: 3 0x800092bc (0x0185a5b3) x11 0x00000001
core   0: 0x800092c0 (0x40f95f33) sra     t5, s2, a5
core   0: 3 0x800092c0 (0x40f95f33) x30 0x00000024
core   0: 0x800092c4 (0x05c26863) bltu    tp, t3, pc + 80
core   0: 3 0x800092c4 (0x05c26863)
core   0: 0x800092c8 (0x0207b833) mulhu   a6, a5, zero
core   0: 3 0x800092c8 (0x0207b833) x16 0x00000000
core   0: 0x800092cc (0x02698db3) mul     s11, s3, t1
core   0: 3 0x800092cc (0x02698db3) x27 0x00000000
core   0: 0x800092d0 (0x020a00b3) mul     ra, s4, zero
core   0: 3 0x800092d0 (0x020a00b3) x 1 0x00000000
core   0: 0x800092d4 (0x00a1ecb3) or      s9, gp, a0
core   0: 3 0x800092d4 (0x00a1ecb3) x25 0x0000079f
core   0: 0x800092d8 (0x01d0b4b3) sltu    s1, ra, t4
core   0: 3 0x800092d8 (0x01d0b4b3) x 9 0x00000001
core   0: 0x800092dc (0xae404a93) xori    s5, zero, -1308
core   0: 3 0x800092dc (0xae404a93) x21 0xfffffae4
core   0: 0x800092e0 (0x0383f663) bgeu    t2, s8, pc + 44
core   0: 3 0x800092e0 (0x0383f663)
core   0: 0x800092e4 (0x033f32b3) mulhu   t0, t5, s3
core   0: 3 0x800092e4 (0x033f32b3) x 5 0x00000000
core   0: 0x800092e8 (0x03cb0533) mul     a0, s6, t3
core   0: 3 0x800092e8 (0x03cb0533) x10 0xffff8cc4
core   0: 0x800092ec (0x0162c433) xor     s0, t0, s6
core   0: 3 0x800092ec (0x0162c433) x 8 0xffffc662
core   0: 0x800092f0 (0x01611633) sll     a2, sp, s6
core   0: 3 0x800092f0 (0x01611633) x12 0x00097710
core   0: 0x800092f4 (0x04047263) bgeu    s0, zero, pc + 68
core   0: 3 0x800092f4 (0x04047263)
core   0: 0x80009338 (0x40770933) sub     s2, a4, t2
core   0: 3 0x80009338 (0x40770933) x18 0x25dc3f8a
core   0: 0x8000933c (0x00389033) sll     zero, a7, gp
core   0: 3 0x8000933c (0x00389033)
core   0: 0x80009340 (0x02c0cc63) blt     ra, a2, pc + 56
core   0: 3 0x80009340 (0x02c0cc63)
core   0: 0x80009378 (0x85f1e193) ori     gp, gp, -1953
core   0: 3 0x80009378 (0x85f1e193) x 3 0xfffff85f
core   0: 0x8000937c (0x64a82913) slti    s2, a6, 1610
core   0: 3 0x8000937c (0x64a82913) x18 0x00000001
core   0: 0x80009380 (0x00c867b3) or      a5, a6, a2
core   0: 3 0x80009380 (0x00c867b3) x15 0x00097710
core   0: 0x80009384 (0x01383f33) sltu    t5, a6, s3
core   0: 3 0x80009384 (0x01383f33) x30 0x00000000
core   0: 0x80009388 (0x04f4f263) bgeu    s1, a5, pc + 68
core   0: 3 0x80009388 (0x04f4f263)
core   0: 0x8000938c (0x02e1a033) mulhsu  zero, gp, a4
core   0: 3 0x8000938c (0x02e1a033)
core   0: 0x80009390 (0x00335263) bge     t1, gp, pc + 4
core   0: 3 0x80009390 (0x00335263)
core   0: 0x80009394 (0x00a824b3) slt     s1, a6, a0
core   0: 3 0x80009394 (0x00a824b3) x 9 0x00000000
core   0: 0x80009398 (0x013c5033) srl     zero, s8, s3
core   0: 3 0x80009398 (0x013c5033)
core   0: 0x8000939c (0x0324fa63) bgeu    s1, s2, pc + 52
core   0: 3 0x8000939c (0x0324fa63)
core   0: 0x800093a0 (0x022083b3) mul     t2, ra, sp
core   0: 3 0x800093a0 (0x022083b3) x 7 0x00000000
core   0: 0x800093a4 (0x00000013) nop
core   0: 3 0x800093a4 (0x00000013)
core   0: 0x800093a8 (0x01e45213) srli    tp, s0, 30
core   0: 3 0x800093a8 (0x01e45213) x 4 0x00000003
core   0: 0x800093ac (0x00d10c63) beq     sp, a3, pc + 24
core   0: 3 0x800093ac (0x00d10c63)
core   0: 0x800093b0 (0x00055513) srli    a0, a0, 0
core   0: 3 0x800093b0 (0x00055513) x10 0xffff8cc4
core   0: 0x800093b4 (0x01b64fb3) xor     t6, a2, s11
core   0: 3 0x800093b4 (0x01b64fb3) x31 0x00097710
core   0: 0x800093b8 (0x016878b3) and     a7, a6, s6
core   0: 3 0x800093b8 (0x016878b3) x17 0x00000000
core   0: 0x800093bc (0x01550463) beq     a0, s5, pc + 8
core   0: 3 0x800093bc (0x01550463)
core   0: 0x800093c0 (0x392c7f93) andi    t6, s8, 914
core   0: 3 0x800093c0 (0x392c7f93) x31 0x00000392
core   0: 0x800093c4 (0x41bc5333) sra     t1, s8, s11
core   0: 3 0x800093c4 (0x41bc5333) x 6 0x0000079e
core   0: 0x800093c8 (0x4164d093) srai    ra, s1, 22
core   0: 3 0x800093c8 (0x4164d093) x 1 0x00000000
core   0: 0x800093cc (0x40620cb3) sub     s9, tp, t1
core   0: 3 0x800093cc (0x40620cb3) x25 0xfffff865
core   0: 0x800093d0 (0x42e1b093) sltiu   ra, gp, 1070
core   0: 3 0x800093d0 (0x42e1b093) x 1 0x00000000
core   0: 0x800093d4 (0x51493093) sltiu   ra, s2, 1300
core   0: 3 0x800093d4 (0x51493093) x 1 0x00000001
core   0: 0x800093d8 (0x03b0c833) div     a6, ra, s11
core   0: 3 0x800093d8 (0x03b0c833) x16 0xffffffff
core   0: 0x800093dc (0x6b6cf693) andi    a3, s9, 1718
core   0: 3 0x800093dc (0x6b6cf693) x13 0x00000024
core   0: 0x800093e0 (0x008fddb3) srl     s11, t6, s0
core   0: 3 0x800093e0 (0x008fddb3) x27 0x000000e4
core   0: 0x800093e4 (0x011b7cb3) and     s9, s6, a7
core   0: 3 0x800093e4 (0x011b7cb3) x25 0x00000000
core   0: 0x800093e8 (0x01336e63) bltu    t1, s3, pc + 28
core   0: 3 0x800093e8 (0x01336e63)
core   0: 0x800093ec (0xcf80ac97) auipc   s9, 0xcf80a
core   0: 3 0x800093ec (0xcf80ac97) x25 0x4f8133ec
core   0: 0x800093f0 (0x56f5c213) xori    tp, a1, 1391
core   0: 3 0x800093f0 (0x56f5c213) x 4 0x0000056e
core   0: 0x800093f4 (0x4168d393) srai    t2, a7, 22
core   0: 3 0x800093f4 (0x4168d393) x 7 0x00000000
core   0: 0x800093f8 (0x005d5cb3) srl     s9, s10, t0
core   0: 3 0x800093f8 (0x005d5cb3) x25 0x00000000
core   0: 0x800093fc (0x7d494893) xori    a7, s2, 2004
core   0: 3 0x800093fc (0x7d494893) x17 0x000007d5
core   0: 0x80009400 (0xc562e393) ori     t2, t0, -938
core   0: 3 0x80009400 (0xc562e393) x 7 0xfffffc56
core   0: 0x80009404 (0xca0ffb13) andi    s6, t6, -864
core   0: 3 0x80009404 (0xca0ffb13) x22 0x00000080
core   0: 0x80009408 (0x01625533) srl     a0, tp, s6
core   0: 3 0x80009408 (0x01625533) x10 0x0000056e
core   0: 0x8000940c (0x01dafb33) and     s6, s5, t4
core   0: 3 0x8000940c (0x01dafb33) x22 0x7e46e020
core   0: 0x80009410 (0xcbb31437) lui     s0, 0xcbb31
core   0: 3 0x80009410 (0xcbb31437) x 8 0xcbb31000
core   0: 0x80009414 (0x01d81833) sll     a6, a6, t4
core   0: 3 0x80009414 (0x01d81833) x16 0xffffff00
core   0: 0x80009418 (0x00559b33) sll     s6, a1, t0
core   0: 3 0x80009418 (0x00559b33) x22 0x00000001
core   0: 0x8000941c (0x13584513) xori    a0, a6, 309
core   0: 3 0x8000941c (0x13584513) x10 0xfffffe35
core   0: 0x80009420 (0xb3264d13) xori    s10, a2, -1230
core   0: 3 0x80009420 (0xb3264d13) x26 0xfff68c22
core   0: 0x80009424 (0xccdb4d13) xori    s10, s6, -819
core   0: 3 0x80009424 (0xccdb4d13) x26 0xfffffccc
core   0: 0x80009428 (0x038ff6b3) remu    a3, t6, s8
core   0: 3 0x80009428 (0x038ff6b3) x13 0x00000392
core   0: 0x8000942c (0x2d502293) slti    t0, zero, 725
core   0: 3 0x8000942c (0x2d502293) x 5 0x00000001
core   0: 0x80009430 (0x01bd09b3) add     s3, s10, s11
core   0: 3 0x80009430 (0x01bd09b3) x19 0xfffffdb0
core   0: 0x80009434 (0x02ab76b3) remu    a3, s6, a0
core   0: 3 0x80009434 (0x02ab76b3) x13 0x00000001
core   0: 0x80009438 (0xdf364393) xori    t2, a2, -525
core   0: 3 0x80009438 (0xdf364393) x 7 0xfff68ae3
core   0: 0x8000943c (0x0f966463) bltu    a2, s9, pc + 232
core   0: 3 0x8000943c (0x0f966463)
core   0: 0x80009440 (0x281a8713) addi    a4, s5, 641
core   0: 3 0x80009440 (0x281a8713) x14 0xfffffd65
core   0: 0x80009444 (0x00016817) auipc   a6, 0x16
core   0: 3 0x80009444 (0x00016817) x16 0x8001f444
core   0: 0x80009448 (0x71380813) addi    a6, a6, 1811
core   0: 3 0x80009448 (0x71380813) x16 0x8001fb57
core   0: 0x8000944c (0x69414413) xori    s0, sp, 1684
core   0: 3 0x8000944c (0x69414413) x 8 0x80025b50
core   0: 0x80009450 (0x257e3793) sltiu   a5, t3, 599
core   0: 3 0x80009450 (0x257e3793) x15 0x00000001
core   0: 0x80009454 (0x4064d633) sra     a2, s1, t1
core   0: 3 0x80009454 (0x4064d633) x12 0x00000000
core   0: 0x80009458 (0xff780ea3) sb      s7, -3(a6)
core   0: 3 0x80009458 (0xff780ea3) mem 0x8001fb54 0x7a
core   0: 0x8000945c (0x40a95db3) sra     s11, s2, a0
core   0: 3 0x8000945c (0x40a95db3) x27 0x00000000
core   0: 0x80009460 (0x01c80723) sb      t3, 14(a6)
core   0: 3 0x80009460 (0x01c80723) mem 0x8001fb65 0x2
core   0: 0x80009464 (0x004a21b3) slt     gp, s4, tp
core   0: 3 0x80009464 (0x004a21b3) x 3 0x00000001
core   0: 0x80009468 (0x40d50033) sub     zero, a0, a3
core   0: 3 0x80009468 (0x40d50033)
core   0: 0x8000946c (0xffd84683) lbu     a3, -3(a6)
core   0: 3 0x8000946c (0xffd84683) x13 0x0000007a mem 0x8001fb54
core   0: 0x80009470 (0x00000013) nop
core   0: 3 0x80009470 (0x00000013)
core   0: 0x80009474 (0xffa80923) sb      s10, -14(a6)
core   0: 3 0x80009474 (0xffa80923) mem 0x8001fb49 0xcc
core   0: 0x80009478 (0xecbf3013) sltiu   zero, t5, -309
core   0: 3 0x80009478 (0xecbf3013)
core   0: 0x8000947c (0x67348a93) addi    s5, s1, 1651
core   0: 3 0x8000947c (0x67348a93) x21 0x00000673
core   0: 0x80009480 (0xff184703) lbu     a4, -15(a6)
core   0: 3 0x80009480 (0xff184703) x14 0x00000053 mem 0x8001fb48
core   0: 0x80009484 (0x015f9233) sll     tp, t6, s5
core   0: 3 0x80009484 (0x015f9233) x 4 0x1c900000
core   0: 0x80009488 (0x00e6de13) srli    t3, a3, 14
core   0: 3 0x80009488 (0x00e6de13) x28 0x00000000
core   0: 0x8000948c (0xc8984993) xori    s3, a6, -887
core   0: 3 0x8000948c (0xc8984993) x19 0x7ffe07de
core   0: 0x80009490 (0x41dad993) srai    s3, s5, 29
core   0: 3 0x80009490 (0x41dad993) x19 0x00000000
core   0: 0x80009494 (0x00684a83) lbu     s5, 6(a6)
core   0: 3 0x80009494 (0x00684a83) x21 0x000000be mem 0x8001fb5d
core   0: 0x80009498 (0x03be4433) div     s0, t3, s11
core   0: 3 0x80009498 (0x03be4433) x 8 0xffffffff
core   0: 0x8000949c (0x00181033) sll     zero, a6, ra
core   0: 3 0x8000949c (0x00181033)
core   0: 0x800094a0 (0xb70bcd17) auipc   s10, 0xb70bc
core   0: 3 0x800094a0 (0xb70bcd17) x26 0x370c54a0
core   0: 0x800094a4 (0x03b672b3) remu    t0, a2, s11
core   0: 3 0x800094a4 (0x03b672b3) x 5 0x00000000
core   0: 0x800094a8 (0x00000013) nop
core   0: 3 0x800094a8 (0x00000013)
core   0: 0x800094ac (0x005816a3) sh      t0, 13(a6)
core   0: 3 0x800094ac (0x005816a3) mem 0x8001fb64 0x0000
core   0: 0x800094b0 (0xfe780f23) sb      t2, -2(a6)
core   0: 3 0x800094b0 (0xfe780f23) mem 0x8001fb55 0xe3
core   0: 0x800094b4 (0x00c84783) lbu     a5, 12(a6)
core   0: 3 0x800094b4 (0x00c84783) x15 0x000000ab mem 0x8001fb63
core   0: 0x800094b8 (0x032dc033) div     zero, s11, s2
core   0: 3 0x800094b8 (0x032dc033)
core   0: 0x800094bc (0xffa80e23) sb      s10, -4(a6)
core   0: 3 0x800094bc (0xffa80e23) mem 0x8001fb53 0xa0
core   0: 0x800094c0 (0xffb80983) lb      s3, -5(a6)
core   0: 3 0x800094c0 (0xffb80983) x19 0x00000024 mem 0x8001fb52
core   0: 0x800094c4 (0xffe80983) lb      s3, -2(a6)
core   0: 3 0x800094c4 (0xffe80983) x19 0xffffffe3 mem 0x8001fb55
core   0: 0x800094c8 (0x00f6dfb3) srl     t6, a3, a5
core   0: 3 0x800094c8 (0x00f6dfb3) x31 0x00000000
core   0: 0x800094cc (0x3a777a93) andi    s5, a4, 935
core   0: 3 0x800094cc (0x3a777a93) x21 0x00000003
core   0: 0x800094d0 (0xf2bae913) ori     s2, s5, -213
core   0: 3 0x800094d0 (0xf2bae913) x18 0xffffff2b
core   0: 0x800094d4 (0x01fcc733) xor     a4, s9, t6
core   0: 3 0x800094d4 (0x01fcc733) x14 0x00000000
core   0: 0x800094d8 (0xff284583) lbu     a1, -14(a6)
core   0: 3 0x800094d8 (0xff284583) x11 0x000000cc mem 0x8001fb49
core   0: 0x800094dc (0x01380023) sb      s3, 0(a6)
core   0: 3 0x800094dc (0x01380023) mem 0x8001fb57 0xe3
core   0: 0x800094e0 (0xfec809a3) sb      a2, -13(a6)
core   0: 3 0x800094e0 (0xfec809a3) mem 0x8001fb4a 0x0
core   0: 0x800094e4 (0x017f4233) xor     tp, t5, s7
core   0: 3 0x800094e4 (0x017f4233) x 4 0xb549147a
core   0: 0x800094e8 (0x00f64263) blt     a2, a5, pc + 4
core   0: 3 0x800094e8 (0x00f64263)
core   0: 0x800094ec (0x1b477593) andi    a1, a4, 436
core   0: 3 0x800094ec (0x1b477593) x11 0x00000000
core   0: 0x800094f0 (0x02a09b33) mulh    s6, ra, a0
core   0: 3 0x800094f0 (0x02a09b33) x22 0xffffffff
core   0: 0x800094f4 (0x00b81a93) slli    s5, a6, 11
core   0: 3 0x800094f4 (0x00b81a93) x21 0x0fdab800
core   0: 0x800094f8 (0x01cc0c63) beq     s8, t3, pc + 24
core   0: 3 0x800094f8 (0x01cc0c63)
core   0: 0x800094fc (0x40ee5233) sra     tp, t3, a4
core   0: 3 0x800094fc (0x40ee5233) x 4 0x00000000
core   0: 0x80009500 (0x027a6863) bltu    s4, t2, pc + 48
core   0: 3 0x80009500 (0x027a6863)
core   0: 0x80009530 (0x01322333) slt     t1, tp, s3
core   0: 3 0x80009530 (0x01322333) x 6 0x00000000
core   0: 0x80009534 (0x03c597b3) mulh    a5, a1, t3
core   0: 3 0x80009534 (0x03c597b3) x15 0x00000000
core   0: 0x80009538 (0x034b8db3) mul     s11, s7, s4
core   0: 3 0x80009538 (0x034b8db3) x27 0x268494a8
core   0: 0x8000953c (0x03acf5b3) remu    a1, s9, s10
core   0: 3 0x8000953c (0x03acf5b3) x11 0x00000000
core   0: 0x80009540 (0x02294db3) div     s11, s2, sp
core   0: 3 0x80009540 (0x02294db3) x27 0x00000000
core   0: 0x80009544 (0x0136f0b3) and     ra, a3, s3
core   0: 3 0x80009544 (0x0136f0b3) x 1 0x00000062
core   0: 0x80009548 (0x01cf29b3) slt     s3, t5, t3
core   0: 3 0x80009548 (0x01cf29b3) x19 0x00000000
core   0: 0x8000954c (0x02b47e63) bgeu    s0, a1, pc + 60
core   0: 3 0x8000954c (0x02b47e63)
core   0: 0x80009588 (0x00c549b3) xor     s3, a0, a2
core   0: 3 0x80009588 (0x00c549b3) x19 0xfffffe35
core   0: 0x8000958c (0x41a18cb3) sub     s9, gp, s10
core   0: 3 0x8000958c (0x41a18cb3) x25 0xc8f3ab61
core   0: 0x80009590 (0x008b0633) add     a2, s6, s0
core   0: 3 0x80009590 (0x008b0633) x12 0xfffffffe
core   0: 0x80009594 (0xd5a26197) auipc   gp, 0xd5a26
core   0: 3 0x80009594 (0xd5a26197) x 3 0x55a2f594
core   0: 0x80009598 (0x01d59613) slli    a2, a1, 29
core   0: 3 0x80009598 (0x01d59613) x12 0x00000000
core   0: 0x8000959c (0x41c1df93) srai    t6, gp, 28
core   0: 3 0x8000959c (0x41c1df93) x31 0x00000005
core   0: 0x800095a0 (0x02967833) remu    a6, a2, s1
core   0: 3 0x800095a0 (0x02967833) x16 0x00000000
core   0: 0x800095a4 (0x03d18533) mul     a0, gp, t4
core   0: 3 0x800095a4 (0x03d18533) x10 0x99c57320
core   0: 0x800095a8 (0x027daf33) mulhsu  t5, s11, t2
core   0: 3 0x800095a8 (0x027daf33) x30 0x00000000
core   0: 0x800095ac (0xf23fa293) slti    t0, t6, -221
core   0: 3 0x800095ac (0xf23fa293) x 5 0x00000000
core   0: 0x800095b0 (0x03815233) divu    tp, sp, s8
core   0: 3 0x800095b0 (0x03815233) x 4 0x0010ce29
core   0: 0x800095b4 (0x5d413013) sltiu   zero, sp, 1492
core   0: 3 0x800095b4 (0x5d413013)
core   0: 0x800095b8 (0x00fafb33) and     s6, s5, a5
core   0: 3 0x800095b8 (0x00fafb33) x22 0x00000000
core   0: 0x800095bc (0x01f99a63) bne     s3, t6, pc + 20
core   0: 3 0x800095bc (0x01f99a63)
core   0: 0x800095d0 (0x47a9b313) sltiu   t1, s3, 1146
core   0: 3 0x800095d0 (0x47a9b313) x 6 0x00000000
core   0: 0x800095d4 (0x41665d93) srai    s11, a2, 22
core   0: 3 0x800095d4 (0x41665d93) x27 0x00000000
core   0: 0x800095d8 (0x02b56433) rem     s0, a0, a1
core   0: 3 0x800095d8 (0x02b56433) x 8 0x99c57320
core   0: 0x800095dc (0xd1326a93) ori     s5, tp, -749
core   0: 3 0x800095dc (0xd1326a93) x21 0xffffff3b
core   0: 0x800095e0 (0x051df263) bgeu    s11, a7, pc + 68
core   0: 3 0x800095e0 (0x051df263)
core   0: 0x800095e4 (0xd91cb313) sltiu   t1, s9, -623
core   0: 3 0x800095e4 (0xd91cb313) x 6 0x00000001
core   0: 0x800095e8 (0x0124c633) xor     a2, s1, s2
core   0: 3 0x800095e8 (0x0124c633) x12 0xffffff2b
core   0: 0x800095ec (0x75d82693) slti    a3, a6, 1885
core   0: 3 0x800095ec (0x75d82693) x13 0x00000001
core   0: 0x800095f0 (0x41cc0ab3) sub     s5, s8, t3
core   0: 3 0x800095f0 (0x41cc0ab3) x21 0x0000079e
core   0: 0x800095f4 (0x009824b3) slt     s1, a6, s1
core   0: 3 0x800095f4 (0x009824b3) x 9 0x00000000
core   0: 0x800095f8 (0x416f5993) srai    s3, t5, 22
core   0: 3 0x800095f8 (0x416f5993) x19 0x00000000
core   0: 0x800095fc (0x02efe733) rem     a4, t6, a4
core   0: 3 0x800095fc (0x02efe733) x14 0x00000005
core   0: 0x80009600 (0x01840463) beq     s0, s8, pc + 8
core   0: 3 0x80009600 (0x01840463)
core   0: 0x80009604 (0x2db3c517) auipc   a0, 0x2db3c
core   0: 3 0x80009604 (0x2db3c517) x10 0xadb45604
core   0: 0x80009608 (0x00bf77b3) and     a5, t5, a1
core   0: 3 0x80009608 (0x00bf77b3) x15 0x00000000
core   0: 0x8000960c (0x00b7f233) and     tp, a5, a1
core   0: 3 0x8000960c (0x00b7f233) x 4 0x00000000
core   0: 0x80009610 (0xb9716a93) ori     s5, sp, -1129
core   0: 3 0x80009610 (0xb9716a93) x21 0xffffffd7
core   0: 0x80009614 (0xd838e037) lui     zero, 0xd838e
core   0: 3 0x80009614 (0xd838e037)
core   0: 0x80009618 (0x029449b3) div     s3, s0, s1
core   0: 3 0x80009618 (0x029449b3) x19 0xffffffff
core   0: 0x8000961c (0x22a8c513) xori    a0, a7, 554
core   0: 3 0x8000961c (0x22a8c513) x10 0x000005ff
core   0: 0x80009620 (0x404fd313) srai    t1, t6, 4
core   0: 3 0x80009620 (0x404fd313) x 6 0x00000000
core   0: 0x80009624 (0x003da633) slt     a2, s11, gp
core   0: 3 0x80009624 (0x003da633) x12 0x00000001
core   0: 0x80009628 (0x03e37a63) bgeu    t1, t5, pc + 52
core   0: 3 0x80009628 (0x03e37a63)
core   0: 0x8000965c (0x691f7537) lui     a0, 0x691f7
core   0: 3 0x8000965c (0x691f7537) x10 0x691f7000
core   0: 0x80009660 (0xc9fa52b7) lui     t0, 0xc9fa5
core   0: 3 0x80009660 (0xc9fa52b7) x 5 0xc9fa5000
core   0: 0x80009664 (0x01165893) srli    a7, a2, 17
core   0: 3 0x80009664 (0x01165893) x17 0x00000000
core   0: 0x80009668 (0x00000013) nop
core   0: 3 0x80009668 (0x00000013)
core   0: 0x8000966c (0x0059a933) slt     s2, s3, t0
core   0: 3 0x8000966c (0x0059a933) x18 0x00000000
core   0: 0x80009670 (0x02a230b3) mulhu   ra, tp, a0
core   0: 3 0x80009670 (0x02a230b3) x 1 0x00000000
core   0: 0x80009674 (0x02aecc33) div     s8, t4, a0
core   0: 3 0x80009674 (0x02aecc33) x24 0x00000001
core   0: 0x80009678 (0x01aed513) srli    a0, t4, 26
core   0: 3 0x80009678 (0x01aed513) x10 0x0000001f
core   0: 0x8000967c (0x40920633) sub     a2, tp, s1
core   0: 3 0x8000967c (0x40920633) x12 0x00000000
core   0: 0x80009680 (0x00079433) sll     s0, a5, zero
core   0: 3 0x80009680 (0x00079433) x 8 0x00000000
core   0: 0x80009684 (0x011ed813) srli    a6, t4, 17
core   0: 3 0x80009684 (0x011ed813) x16 0x00003f23
core   0: 0x80009688 (0xfc616293) ori     t0, sp, -58
core   0: 3 0x80009688 (0xfc616293) x 5 0xffffffc6
core   0: 0x8000968c (0x02a77663) bgeu    a4, a0, pc + 44
core   0: 3 0x8000968c (0x02a77663)
core   0: 0x80009690 (0x00000013) nop
core   0: 3 0x80009690 (0x00000013)
core   0: 0x80009694 (0x00fae863) bltu    s5, a5, pc + 16
core   0: 3 0x80009694 (0x00fae863)
core   0: 0x80009698 (0x03ddf063) bgeu    s11, t4, pc + 32
core   0: 3 0x80009698 (0x03ddf063)
core   0: 0x8000969c (0x01596663) bltu    s2, s5, pc + 12
core   0: 3 0x8000969c (0x01596663)
core   0: 0x800096a8 (0x016de7b3) or      a5, s11, s6
core   0: 3 0x800096a8 (0x016de7b3) x15 0x00000000
core   0: 0x800096ac (0x0248fcb3) remu    s9, a7, tp
core   0: 3 0x800096ac (0x0248fcb3) x25 0x00000000
core   0: 0x800096b0 (0x01541663) bne     s0, s5, pc + 12
core   0: 3 0x800096b0 (0x01541663)
core   0: 0x800096bc (0x01b98633) add     a2, s3, s11
core   0: 3 0x800096bc (0x01b98633) x12 0xffffffff
core   0: 0x800096c0 (0x00987fb3) and     t6, a6, s1
core   0: 3 0x800096c0 (0x00987fb3) x31 0x00000000
core   0: 0x800096c4 (0x6ca60c13) addi    s8, a2, 1738
core   0: 3 0x800096c4 (0x6ca60c13) x24 0x000006c9
core   0: 0x800096c8 (0x00bc1713) slli    a4, s8, 11
core   0: 3 0x800096c8 (0x00bc1713) x14 0x00364800
core   0: 0x800096cc (0x00b4a833) slt     a6, s1, a1
core   0: 3 0x800096cc (0x00b4a833) x16 0x00000000
core   0: 0x800096d0 (0x01ff4933) xor     s2, t5, t6
core   0: 3 0x800096d0 (0x01ff4933) x18 0x00000000
core   0: 0x800096d4 (0x026e8033) mul     zero, t4, t1
core   0: 3 0x800096d4 (0x026e8033)
core   0: 0x800096d8 (0x012fb633) sltu    a2, t6, s2
core   0: 3 0x800096d8 (0x012fb633) x12 0x00000000
core   0: 0x800096dc (0xac2aba93) sltiu   s5, s5, -1342
core   0: 3 0x800096dc (0xac2aba93) x21 0x00000000
core   0: 0x800096e0 (0x0045cc63) blt     a1, tp, pc + 24
core   0: 3 0x800096e0 (0x0045cc63)
core   0: 0x800096e4 (0x4118dcb3) sra     s9, a7, a7
core   0: 3 0x800096e4 (0x4118dcb3) x25 0x00000000
core   0: 0x800096e8 (0x43d6ea93) ori     s5, a3, 1085
core   0: 3 0x800096e8 (0x43d6ea93) x21 0x0000043d
core   0: 0x800096ec (0x0075dc63) bge     a1, t2, pc + 24
core   0: 3 0x800096ec (0x0075dc63)
core   0: 0x80009704 (0xd499ae93) slti    t4, s3, -695
core   0: 3 0x80009704 (0xd499ae93) x29 0x00000000
core   0: 0x80009708 (0x02399e33) mulh    t3, s3, gp
core   0: 3 0x80009708 (0x02399e33) x28 0xffffffff
core   0: 0x8000970c (0x06f7c463) blt     a5, a5, pc + 104
core   0: 3 0x8000970c (0x06f7c463)
core   0: 0x80009710 (0xaea42e93) slti    t4, s0, -1302
core   0: 3 0x80009710 (0xaea42e93) x29 0x00000000
core   0: 0x80009714 (0x01584ab3) xor     s5, a6, s5
core   0: 3 0x80009714 (0x01584ab3) x21 0x0000043d
core   0: 0x80009718 (0x408f5993) srai    s3, t5, 8
core   0: 3 0x80009718 (0x408f5993) x19 0x00000000
core   0: 0x8000971c (0x01ced6b3) srl     a3, t4, t3
core   0: 3 0x8000971c (0x01ced6b3) x13 0x00000000
core   0: 0x80009720 (0x01715e13) srli    t3, sp, 23
core   0: 3 0x80009720 (0x01715e13) x28 0x00000100
core   0: 0x80009724 (0x01cdd233) srl     tp, s11, t3
core   0: 3 0x80009724 (0x01cdd233) x 4 0x00000000
core   0: 0x80009728 (0x07f4e863) bltu    s1, t6, pc + 112
core   0: 3 0x80009728 (0x07f4e863)
core   0: 0x8000972c (0x007c5b33) srl     s6, s8, t2
core   0: 3 0x8000972c (0x007c5b33) x22 0x000000d9
core   0: 0x80009730 (0x069df863) bgeu    s11, s1, pc + 112
core   0: 3 0x80009730 (0x069df863)
core   0: 0x800097a0 (0x6161b517) auipc   a0, 0x6161b
core   0: 3 0x800097a0 (0x6161b517) x10 0xe16247a0
core   0: 0x800097a4 (0xe8192413) slti    s0, s2, -383
core   0: 3 0x800097a4 (0xe8192413) x 8 0x00000000
core   0: 0x800097a8 (0x610d8213) addi    tp, s11, 1552
core   0: 3 0x800097a8 (0x610d8213) x 4 0x00000610
core   0: 0x800097ac (0x0027deb3) srl     t4, a5, sp
core   0: 3 0x800097ac (0x0027deb3) x29 0x00000000
core   0: 0x800097b0 (0x027632b3) mulhu   t0, a2, t2
core   0: 3 0x800097b0 (0x027632b3) x 5 0x00000000
core   0: 0x800097b4 (0x4115d033) sra     zero, a1, a7
core   0: 3 0x800097b4 (0x4115d033)
core   0: 0x800097b8 (0x0268be33) mulhu   t3, a7, t1
core   0: 3 0x800097b8 (0x0268be33) x28 0x00000000
core   0: 0x800097bc (0x029266b3) rem     a3, tp, s1
core   0: 3 0x800097bc (0x029266b3) x13 0x00000610
core   0: 0x800097c0 (0x0116e233) or      tp, a3, a7
core   0: 3 0x800097c0 (0x0116e233) x 4 0x00000610
core   0: 0x800097c4 (0x0154df93) srli    t6, s1, 21
core   0: 3 0x800097c4 (0x0154df93) x31 0x00000000
core   0: 0x800097c8 (0x007b1fb3) sll     t6, s6, t2
core   0: 3 0x800097c8 (0x007b1fb3) x31 0x000006c8
core   0: 0x800097cc (0x00000013) nop
core   0: 3 0x800097cc (0x00000013)
core   0: 0x800097d0 (0x012e5313) srli    t1, t3, 18
core   0: 3 0x800097d0 (0x012e5313) x 6 0x00000000
core   0: 0x800097d4 (0x01942333) slt     t1, s0, s9
core   0: 3 0x800097d4 (0x01942333) x 6 0x00000000
core   0: 0x800097d8 (0xba97f693) andi    a3, a5, -1111
core   0: 3 0x800097d8 (0xba97f693) x13 0x00000000
core   0: 0x800097dc (0x40bd8333) sub     t1, s11, a1
core   0: 3 0x800097dc (0x40bd8333) x 6 0x00000000
core   0: 0x800097e0 (0x417bd093) srai    ra, s7, 23
core   0: 3 0x800097e0 (0x417bd093) x 1 0xffffff6a
core   0: 0x800097e4 (0xa9ba4193) xori    gp, s4, -1381
core   0: 3 0x800097e4 (0xa9ba4193) x 3 0x7ffd667f
core   0: 0x800097e8 (0x23db3313) sltiu   t1, s6, 573
core   0: 3 0x800097e8 (0x23db3313) x 6 0x00000001
core   0: 0x800097ec (0x03f8dd33) divu    s10, a7, t6
core   0: 3 0x800097ec (0x03f8dd33) x26 0x00000000
core   0: 0x800097f0 (0xe313bb37) lui     s6, 0xe313b
core   0: 3 0x800097f0 (0xe313bb37) x22 0xe313b000
core   0: 0x800097f4 (0x01319513) slli    a0, gp, 19
core   0: 3 0x800097f4 (0x01319513) x10 0x33f80000
core   0: 0x800097f8 (0x01f21633) sll     a2, tp, t6
core   0: 3 0x800097f8 (0x01f21633) x12 0x00061000
core   0: 0x800097fc (0x4014d513) srai    a0, s1, 1
core   0: 3 0x800097fc (0x4014d513) x10 0x00000000
core   0: 0x80009800 (0x40005fb3) sra     t6, zero, zero
core   0: 3 0x80009800 (0x40005fb3) x31 0x00000000
core   0: 0x80009804 (0x00ac5013) srli    zero, s8, 10
core   0: 3 0x80009804 (0x00ac5013)
core   0: 0x80009808 (0x000c4263) bltz    s8, pc + 4
core   0: 3 0x80009808 (0x000c4263)
core   0: 0x8000980c (0x01884b33) xor     s6, a6, s8
core   0: 3 0x8000980c (0x01884b33) x22 0x000006c9
core   0: 0x80009810 (0x00000013) nop
core   0: 3 0x80009810 (0x00000013)
core   0: 0x80009814 (0x456f7893) andi    a7, t5, 1110
core   0: 3 0x80009814 (0x456f7893) x17 0x00000000
core   0: 0x80009818 (0x03d9b6b3) mulhu   a3, s3, t4
core   0: 3 0x80009818 (0x03d9b6b3) x13 0x00000000
core   0: 0x8000981c (0x0b816513) ori     a0, sp, 184
core   0: 3 0x8000981c (0x0b816513) x10 0x80025dfc
core   0: 0x80009820 (0x0bd07cb7) lui     s9, 0xbd07
core   0: 3 0x80009820 (0x0bd07cb7) x25 0x0bd07000
core   0: 0x80009824 (0x038d7863) bgeu    s10, s8, pc + 48
core   0: 3 0x80009824 (0x038d7863)
core   0: 0x80009828 (0x03201063) bne     zero, s2, pc + 32
core   0: 3 0x80009828 (0x03201063)
core   0: 0x8000982c (0x0220ea63) bltu    ra, sp, pc + 52
core   0: 3 0x8000982c (0x0220ea63)
core   0: 0x80009830 (0x9adcf597) auipc   a1, 0x9adcf
core   0: 3 0x80009830 (0x9adcf597) x11 0x1add8830
core   0: 0x80009834 (0x01698e33) add     t3, s3, s6
core   0: 3 0x80009834 (0x01698e33) x28 0x000006c9
core   0: 0x80009838 (0x034a2233) mulhsu  tp, s4, s4
core   0: 3 0x80009838 (0x034a2233) x 4 0xc0000006
core   0: 0x8000983c (0x020b1663) bnez    s6, pc + 44
core   0: 3 0x8000983c (0x020b1663)
core   0: 0x80009868 (0x02c3c033) div     zero, t2, a2
core   0: 3 0x80009868 (0x02c3c033)
core   0: 0x8000986c (0x0076ef33) or      t5, a3, t2
core   0: 3 0x8000986c (0x0076ef33) x30 0xfff68ae3
core   0: 0x80009870 (0x04607263) bgeu    zero, t1, pc + 68
core   0: 3 0x80009870 (0x04607263)
core   0: 0x80009874 (0x01d11333) sll     t1, sp, t4
core   0: 3 0x80009874 (0x01d11333) x 6 0x80025dc4
core   0: 0x80009878 (0x01a1f533) and     a0, gp, s10
core   0: 3 0x80009878 (0x01a1f533) x10 0x00000000
core   0: 0x8000987c (0x55738093) addi    ra, t2, 1367
core   0: 3 0x8000987c (0x55738093) x 1 0xfff6903a
core   0: 0x80009880 (0x012dfd33) and     s10, s11, s2
core   0: 3 0x80009880 (0x012dfd33) x26 0x00000000
core   0: 0x80009884 (0x892baf13) slti    t5, s7, -1902
core   0: 3 0x80009884 (0x892baf13) x30 0x00000001
core   0: 0x80009888 (0x00217c63) bgeu    sp, sp, pc + 24
core   0: 3 0x80009888 (0x00217c63)
core   0: 0x800098a0 (0x01f8d693) srli    a3, a7, 31
core   0: 3 0x800098a0 (0x01f8d693) x13 0x00000000
core   0: 0x800098a4 (0x00cdeb33) or      s6, s11, a2
core   0: 3 0x800098a4 (0x00cdeb33) x22 0x00061000
core   0: 0x800098a8 (0x41f00e33) sub     t3, zero, t6
core   0: 3 0x800098a8 (0x41f00e33) x28 0x00000000
core   0: 0x800098ac (0x00fd7fb3) and     t6, s10, a5
core   0: 3 0x800098ac (0x00fd7fb3) x31 0x00000000
core   0: 0x800098b0 (0x04d76863) bltu    a4, a3, pc + 80
core   0: 3 0x800098b0 (0x04d76863)
core   0: 0x800098b4 (0x00000013) nop
core   0: 3 0x800098b4 (0x00000013)
core   0: 0x800098b8 (0xd6c36e13) ori     t3, t1, -660
core   0: 3 0x800098b8 (0xd6c36e13) x28 0xfffffdec
core   0: 0x800098bc (0x02c54eb3) div     t4, a0, a2
core   0: 3 0x800098bc (0x02c54eb3) x29 0x00000000
core   0: 0x800098c0 (0x01b034b3) snez    s1, s11
core   0: 3 0x800098c0 (0x01b034b3) x 9 0x00000000
core   0: 0x800098c4 (0x0168e833) or      a6, a7, s6
core   0: 3 0x800098c4 (0x0168e833) x16 0x00061000
core   0: 0x800098c8 (0x023e10b3) mulh    ra, t3, gp
core   0: 3 0x800098c8 (0x023e10b3) x 1 0xfffffef6
core   0: 0x800098cc (0x017ac333) xor     t1, s5, s7
core   0: 3 0x800098cc (0x017ac333) x 6 0xb5491047
core   0: 0x800098d0 (0x20737e13) andi    t3, t1, 519
core   0: 3 0x800098d0 (0x20737e13) x28 0x00000007
core   0: 0x800098d4 (0x33b13493) sltiu   s1, sp, 827
core   0: 3 0x800098d4 (0x33b13493) x 9 0x00000000
core   0: 0x800098d8 (0x01b2ddb3) srl     s11, t0, s11
core   0: 3 0x800098d8 (0x01b2ddb3) x27 0x00000000
core   0: 0x800098dc (0x00b07863) bgeu    zero, a1, pc + 16
core   0: 3 0x800098dc (0x00b07863)
core   0: 0x800098e0 (0x038579b3) remu    s3, a0, s8
core   0: 3 0x800098e0 (0x038579b3) x19 0x00000000
core   0: 0x800098e4 (0x02eba0b3) mulhsu  ra, s7, a4
core   0: 3 0x800098e4 (0x02eba0b3) x 1 0xfff02866
core   0: 0x800098e8 (0x00695263) bge     s2, t1, pc + 4
core   0: 3 0x800098e8 (0x00695263)
core   0: 0x800098ec (0x02d30633) mul     a2, t1, a3
core   0: 3 0x800098ec (0x02d30633) x12 0x00000000
core   0: 0x800098f0 (0x00179633) sll     a2, a5, ra
core   0: 3 0x800098f0 (0x00179633) x12 0x00000000
core   0: 0x800098f4 (0x02b847b3) div     a5, a6, a1
core   0: 3 0x800098f4 (0x02b847b3) x15 0x00000000
core   0: 0x800098f8 (0x02627f13) andi    t5, tp, 38
core   0: 3 0x800098f8 (0x02627f13) x30 0x00000006
core   0: 0x800098fc (0x00fcd663) bge     s9, a5, pc + 12
core   0: 3 0x800098fc (0x00fcd663)
core   0: 0x80009908 (0x02a6e5b3) rem     a1, a3, a0
core   0: 3 0x80009908 (0x02a6e5b3) x11 0x00000000
core   0: 0x8000990c (0x041d0263) beq     s10, ra, pc + 68
core   0: 3 0x8000990c (0x041d0263)
core   0: 0x80009910 (0x036556b3) divu    a3, a0, s6
core   0: 3 0x80009910 (0x036556b3) x13 0x00000000
core   0: 0x80009914 (0x00bf1d13) slli    s10, t5, 11
core   0: 3 0x80009914 (0x00bf1d13) x26 0x00003000
core   0: 0x80009918 (0xefa9f617) auipc   a2, 0xefa9f
core   0: 3 0x80009918 (0xefa9f617) x12 0x6faa8918
core   0: 0x8000991c (0x0c6aa213) slti    tp, s5, 198
core   0: 3 0x8000991c (0x0c6aa213) x 4 0x00000000
core   0: 0x80009920 (0x411c54b3) sra     s1, s8, a7
core   0: 3 0x80009920 (0x411c54b3) x 9 0x000006c9
core   0: 0x80009924 (0xda5d6c13) ori     s8, s10, -603
core   0: 3 0x80009924 (0xda5d6c13) x24 0xfffffda5
core   0: 0x80009928 (0x00000013) nop
core   0: 3 0x80009928 (0x00000013)
core   0: 0x8000992c (0x0372fc63) bgeu    t0, s7, pc + 56
core   0: 3 0x8000992c (0x0372fc63)
core   0: 0x80009930 (0x036f04b3) mul     s1, t5, s6
core   0: 3 0x80009930 (0x036f04b3) x 9 0x00246000
core   0: 0x80009934 (0x01238a63) beq     t2, s2, pc + 20
core   0: 3 0x80009934 (0x01238a63)
core   0: 0x80009938 (0x03586e33) rem     t3, a6, s5
core   0: 3 0x80009938 (0x03586e33) x28 0x000000ca
core   0: 0x8000993c (0x02042233) mulhsu  tp, s0, zero
core   0: 3 0x8000993c (0x02042233) x 4 0x00000000
core   0: 0x80009940 (0xf8582693) slti    a3, a6, -123
core   0: 3 0x80009940 (0xf8582693) x13 0x00000000
core   0: 0x80009944 (0x0073f733) and     a4, t2, t2
core   0: 3 0x80009944 (0x0073f733) x14 0xfff68ae3
core   0: 0x80009948 (0xf29f7013) andi    zero, t5, -215
core   0: 3 0x80009948 (0xf29f7013)
core   0: 0x8000994c (0x034b8663) beq     s7, s4, pc + 44
core   0: 3 0x8000994c (0x034b8663)
core   0: 0x80009950 (0x03d91db3) mulh    s11, s2, t4
core   0: 3 0x80009950 (0x03d91db3) x27 0x00000000
core   0: 0x80009954 (0x00457233) and     tp, a0, tp
core   0: 3 0x80009954 (0x00457233) x 4 0x00000000
core   0: 0x80009958 (0x415f03b3) sub     t2, t5, s5
core   0: 3 0x80009958 (0x415f03b3) x 7 0xfffffbc9
core   0: 0x8000995c (0x0025d513) srli    a0, a1, 2
core   0: 3 0x8000995c (0x0025d513) x10 0x00000000
core   0: 0x80009960 (0x4101d393) srai    t2, gp, 16
core   0: 3 0x80009960 (0x4101d393) x 7 0x00007ffd
core   0: 0x80009964 (0x01f44233) xor     tp, s0, t6
core   0: 3 0x80009964 (0x01f44233) x 4 0x00000000
core   0: 0x80009968 (0x40dedf93) srai    t6, t4, 13
core   0: 3 0x80009968 (0x40dedf93) x31 0x00000000
core   0: 0x8000996c (0x007c9913) slli    s2, s9, 7
core   0: 3 0x8000996c (0x007c9913) x18 0xe8380000
core   0: 0x80009970 (0x068b5a63) bge     s6, s0, pc + 116
core   0: 3 0x80009970 (0x068b5a63)
core   0: 0x800099e4 (0x01efb7b3) sltu    a5, t6, t5
core   0: 3 0x800099e4 (0x01efb7b3) x15 0x00000001
core   0: 0x800099e8 (0x005ebab3) sltu    s5, t4, t0
core   0: 3 0x800099e8 (0x005ebab3) x21 0x00000000
core   0: 0x800099ec (0x014f4333) xor     t1, t5, s4
core   0: 3 0x800099ec (0x014f4333) x 6 0x80029ce2
core   0: 0x800099f0 (0xecf46393) ori     t2, s0, -305
core   0: 3 0x800099f0 (0xecf46393) x 7 0xfffffecf
core   0: 0x800099f4 (0x3a450697) auipc   a3, 0x3a450
core   0: 3 0x800099f4 (0x3a450697) x13 0xba4599f4
core   0: 0x800099f8 (0x40d25f93) srai    t6, tp, 13
core   0: 3 0x800099f8 (0x40d25f93) x31 0x00000000
core   0: 0x800099fc (0xfb227093) andi    ra, tp, -78
core   0: 3 0x800099fc (0xfb227093) x 1 0x00000000
core   0: 0x80009a00 (0x037231b3) mulhu   gp, tp, s7
core   0: 3 0x80009a00 (0x037231b3) x 3 0x00000000
core   0: 0x80009a04 (0x38118313) addi    t1, gp, 897
core   0: 3 0x80009a04 (0x38118313) x 6 0x00000381
core   0: 0x80009a08 (0x025d1063) bne     s10, t0, pc + 32
core   0: 3 0x80009a08 (0x025d1063)
core   0: 0x80009a28 (0x02ac4833) div     a6, s8, a0
core   0: 3 0x80009a28 (0x02ac4833) x16 0xffffffff
core   0: 0x80009a2c (0x034098b3) mulh    a7, ra, s4
core   0: 3 0x80009a2c (0x034098b3) x17 0x00000000
core   0: 0x80009a30 (0x6386a737) lui     a4, 0x6386a
core   0: 3 0x80009a30 (0x6386a737) x14 0x6386a000
core   0: 0x80009a34 (0xf82afb37) lui     s6, 0xf82af
core   0: 3 0x80009a34 (0xf82afb37) x22 0xf82af000
core   0: 0x80009a38 (0x037e6033) rem     zero, t3, s7
core   0: 3 0x80009a38 (0x037e6033)
core   0: 0x80009a3c (0x03498cb3) mul     s9, s3, s4
core   0: 3 0x80009a3c (0x03498cb3) x25 0x00000000
core   0: 0x80009a40 (0x002c7833) and     a6, s8, sp
core   0: 3 0x80009a40 (0x002c7833) x16 0x80025d84
core   0: 0x80009a44 (0x03d2cfb3) div     t6, t0, t4
core   0: 3 0x80009a44 (0x03d2cfb3) x31 0xffffffff
core   0: 0x80009a48 (0x016f6cb3) or      s9, t5, s6
core   0: 3 0x80009a48 (0x016f6cb3) x25 0xf82af006
core   0: 0x80009a4c (0x49558c37) lui     s8, 0x49558
core   0: 3 0x80009a4c (0x49558c37) x24 0x49558000
core   0: 0x80009a50 (0x5c98a093) slti    ra, a7, 1481
core   0: 3 0x80009a50 (0x5c98a093) x 1 0x00000001
core   0: 0x80009a54 (0xe8358f93) addi    t6, a1, -381
core   0: 3 0x80009a54 (0xe8358f93) x31 0xfffffe83
core   0: 0x80009a58 (0x02dc2c33) mulhsu  s8, s8, a3
core   0: 3 0x80009a58 (0x02dc2c33) x24 0x355c0f25
core   0: 0x80009a5c (0x030ef063) bgeu    t4, a6, pc + 32
core   0: 3 0x80009a5c (0x030ef063)
core   0: 0x80009a60 (0x40f7d8b3) sra     a7, a5, a5
core   0: 3 0x80009a60 (0x40f7d8b3) x17 0x00000000
core   0: 0x80009a64 (0x0290e7b3) rem     a5, ra, s1
core   0: 3 0x80009a64 (0x0290e7b3) x15 0x00000001
core   0: 0x80009a68 (0x410787b3) sub     a5, a5, a6
core   0: 3 0x80009a68 (0x410787b3) x15 0x7ffda27d
core   0: 0x80009a6c (0x01c426b3) slt     a3, s0, t3
core   0: 3 0x80009a6c (0x01c426b3) x13 0x00000001
core   0: 0x80009a70 (0x03a7b5b3) mulhu   a1, a5, s10
core   0: 3 0x80009a70 (0x03a7b5b3) x11 0x000017ff
core   0: 0x80009a74 (0x02b4e2b3) rem     t0, s1, a1
core   0: 3 0x80009a74 (0x02b4e2b3) x 5 0x00000184
core   0: 0x80009a78 (0xd0170793) addi    a5, a4, -767
core   0: 3 0x80009a78 (0xd0170793) x15 0x63869d01
core   0: 0x80009a7c (0x005caf33) slt     t5, s9, t0
core   0: 3 0x80009a7c (0x005caf33) x30 0x00000001
core   0: 0x80009a80 (0x00e31613) slli    a2, t1, 14
core   0: 3 0x80009a80 (0x00e31613) x12 0x00e04000
core   0: 0x80009a84 (0x003209b3) add     s3, tp, gp
core   0: 3 0x80009a84 (0x003209b3) x19 0x00000000
core   0: 0x80009a88 (0x047c1463) bne     s8, t2, pc + 72
core   0: 3 0x80009a88 (0x047c1463)
core   0: 0x80009ad0 (0x679c6ab7) lui     s5, 0x679c6
core   0: 3 0x80009ad0 (0x679c6ab7) x21 0x679c6000
core   0: 0x80009ad4 (0x03501d33) mulh    s10, zero, s5
core   0: 3 0x80009ad4 (0x03501d33) x26 0x00000000
core   0: 0x80009ad8 (0x038a18b3) mulh    a7, s4, s8
core   0: 3 0x80009ad8 (0x038a18b3) x17 0xe55283d9
core   0: 0x80009adc (0x01014933) xor     s2, sp, a6
core   0: 3 0x80009adc (0x01014933) x18 0x00000040
core   0: 0x80009ae0 (0x009ac863) blt     s5, s1, pc + 16
core   0: 3 0x80009ae0 (0x009ac863)
core   0: 0x80009ae4 (0x9b84af17) auipc   t5, 0x9b84a
core   0: 3 0x80009ae4 (0x9b84af17) x30 0x1b853ae4
core   0: 0x80009ae8 (0x026d7833) remu    a6, s10, t1
core   0: 3 0x80009ae8 (0x026d7833) x16 0x00000000
core   0: 0x80009aec (0x0396f863) bgeu    a3, s9, pc + 48
core   0: 3 0x80009aec (0x0396f863)
core   0: 0x80009af0 (0x41f308b3) sub     a7, t1, t6
core   0: 3 0x80009af0 (0x41f308b3) x17 0x000004fe
core   0: 0x80009af4 (0x03f69733) mulh    a4, a3, t6
core   0: 3 0x80009af4 (0x03f69733) x14 0xffffffff
core   0: 0x80009af8 (0x0120d913) srli    s2, ra, 18
core   0: 3 0x80009af8 (0x0120d913) x18 0x00000000
core   0: 0x80009afc (0x00a90863) beq     s2, a0, pc + 16
core   0: 3 0x80009afc (0x00a90863)
core   0: 0x80009b0c (0xfae708b7) lui     a7, 0xfae70
core   0: 3 0x80009b0c (0xfae708b7) x17 0xfae70000
core   0: 0x80009b10 (0x412bde93) srai    t4, s7, 18
core   0: 3 0x80009b10 (0x412bde93) x29 0xffffed52
core   0: 0x80009b14 (0x03e492b3) mulh    t0, s1, t5
core   0: 3 0x80009b14 (0x03e492b3) x 5 0x0003e90e
core   0: 0x80009b18 (0x01248a63) beq     s1, s2, pc + 20
core   0: 3 0x80009b18 (0x01248a63)
core   0: 0x80009b1c (0x4e9e6813) ori     a6, t3, 1257
core   0: 3 0x80009b1c (0x4e9e6813) x16 0x000004eb
core   0: 0x80009b20 (0x02f41a63) bne     s0, a5, pc + 52
core   0: 3 0x80009b20 (0x02f41a63)
core   0: 0x80009b54 (0x02e3f333) remu    t1, t2, a4
core   0: 3 0x80009b54 (0x02e3f333) x 6 0xfffffecf
core   0: 0x80009b58 (0x00f2ccb3) xor     s9, t0, a5
core   0: 3 0x80009b58 (0x00f2ccb3) x25 0x6385740f
core   0: 0x80009b5c (0x00010f97) auipc   t6, 0x10
core   0: 3 0x80009b5c (0x00010f97) x31 0x80019b5c
core   0: 0x80009b60 (0xb9bf8f93) addi    t6, t6, -1125
core   0: 3 0x80009b60 (0xb9bf8f93) x31 0x800196f7
core   0: 0x80009b64 (0xf29f2213) slti    tp, t5, -215
core   0: 3 0x80009b64 (0xf29f2213) x 4 0x00000000
core   0: 0x80009b68 (0x03cf8603) lb      a2, 60(t6)
core   0: 3 0x80009b68 (0x03cf8603) x12 0x00000000 mem 0x80019733
core   0: 0x80009b6c (0x007f8c23) sb      t2, 24(t6)
core   0: 3 0x80009b6c (0x007f8c23) mem 0x8001970f 0xcf
core   0: 0x80009b70 (0x01ffde83) lhu     t4, 31(t6)
core   0: 3 0x80009b70 (0x01ffde83) x29 0x000005ad mem 0x80019716
core   0: 0x80009b74 (0x032f93a3) sh      s2, 39(t6)
core   0: 3 0x80009b74 (0x032f93a3) mem 0x8001971e 0x0000
core   0: 0x80009b78 (0xfc5fa303) lw      t1, -59(t6)
core   0: 3 0x80009b78 (0xfc5fa303) x 6 0x840092e4 mem 0x800196bc
core   0: 0x80009b7c (0x48b5a313) slti    t1, a1, 1163
core   0: 3 0x80009b7c (0x48b5a313) x 6 0x00000000
core   0: 0x80009b80 (0xf0f13993) sltiu   s3, sp, -241
core   0: 3 0x80009b80 (0xf0f13993) x19 0x00000001
core   0: 0x80009b84 (0xfcaf83a3) sb      a0, -57(t6)
core   0: 3 0x80009b84 (0xfcaf83a3) mem 0x800196be 0x0
core   0: 0x80009b88 (0xff5fdb03) lhu     s6, -11(t6)
core   0: 3 0x80009b88 (0xff5fdb03) x22 0x00002723 mem 0x800196ec
core   0: 0x80009b8c (0x407cdb33) sra     s6, s9, t2
core   0: 3 0x80009b8c (0x407cdb33) x22 0x0000c70a
core   0: 0x80009b90 (0x004f8823) sb      tp, 16(t6)
core   0: 3 0x80009b90 (0x004f8823) mem 0x80019707 0x0
core   0: 0x80009b94 (0x58afa293) slti    t0, t6, 1418
core   0: 3 0x80009b94 (0x58afa293) x 5 0x00000001
core   0: 0x80009b98 (0x056f8023) sb      s6, 64(t6)
core   0: 3 0x80009b98 (0x056f8023) mem 0x80019737 0xa
core   0: 0x80009b9c (0xfe1fa003) lw      zero, -31(t6)
core   0: 3 0x80009b9c (0xfe1fa003) mem 0x800196d8
core   0: 0x80009ba0 (0x7e1b2013) slti    zero, s6, 2017
core   0: 3 0x80009ba0 (0x7e1b2013)
core   0: 0x80009ba4 (0xfc3f8f03) lb      t5, -61(t6)
core   0: 3 0x80009ba4 (0xfc3f8f03) x30 0x00000077 mem 0x800196ba
core   0: 0x80009ba8 (0x039d60b3) rem     ra, s10, s9
core   0: 3 0x80009ba8 (0x039d60b3) x 1 0x00000000
core   0: 0x80009bac (0x01cfc383) lbu     t2, 28(t6)
core   0: 3 0x80009bac (0x01cfc383) x 7 0x00000031 mem 0x80019713
core   0: 0x80009bb0 (0xff3fce83) lbu     t4, -13(t6)
core   0: 3 0x80009bb0 (0xff3fce83) x29 0x000000d6 mem 0x800196ea
core   0: 0x80009bb4 (0x445aee93) ori     t4, s5, 1093
core   0: 3 0x80009bb4 (0x445aee93) x29 0x679c6445
core   0: 0x80009bb8 (0xffbfc483) lbu     s1, -5(t6)
core   0: 3 0x80009bb8 (0xffbfc483) x 9 0x0000008f mem 0x800196f2
core   0: 0x80009bbc (0x00af8e03) lb      t3, 10(t6)
core   0: 3 0x80009bbc (0x00af8e03) x28 0xffffffc8 mem 0x80019701
core   0: 0x80009bc0 (0x00000013) nop
core   0: 3 0x80009bc0 (0x00000013)
core   0: 0x80009bc4 (0x010f8183) lb      gp, 16(t6)
core   0: 3 0x80009bc4 (0x010f8183) x 3 0x00000000 mem 0x80019707
core   0: 0x80009bc8 (0x415782b3) sub     t0, a5, s5
core   0: 3 0x80009bc8 (0x415782b3) x 5 0xfbea3d01
core   0: 0x80009bcc (0x870d0e13) addi    t3, s10, -1936
core   0: 3 0x80009bcc (0x870d0e13) x28 0xfffff870
core   0: 0x80009bd0 (0x61e56e93) ori     t4, a0, 1566
core   0: 3 0x80009bd0 (0x61e56e93) x29 0x0000061e
core   0: 0x80009bd4 (0x00bfd603) lhu     a2, 11(t6)
core   0: 3 0x80009bd4 (0x00bfd603) x12 0x00001541 mem 0x80019702
core   0: 0x80009bd8 (0x02bf94a3) sh      a1, 41(t6)
core   0: 3 0x80009bd8 (0x02bf94a3) mem 0x80019720 0x17ff
core   0: 0x80009bdc (0x02cf8383) lb      t2, 44(t6)
core   0: 3 0x80009bdc (0x02cf8383) x 7 0xffffffbc mem 0x80019723
core   0: 0x80009be0 (0x00619ab3) sll     s5, gp, t1
core   0: 3 0x80009be0 (0x00619ab3) x21 0x00000000
core   0: 0x80009be4 (0x017fc083) lbu     ra, 23(t6)
core   0: 3 0x80009be4 (0x017fc083) x 1 0x000000a3 mem 0x8001970e
core   0: 0x80009be8 (0xff5e7c97) auipc   s9, 0xff5e7
core   0: 3 0x80009be8 (0xff5e7c97) x25 0x7f5f0be8
core   0: 0x80009bec (0x387a3013) sltiu   zero, s4, 903
core   0: 3 0x80009bec (0x387a3013)
core   0: 0x80009bf0 (0xafcdee13) ori     t3, s11, -1284
core   0: 3 0x80009bf0 (0xafcdee13) x28 0xfffffafc
core   0: 0x80009bf4 (0x01d8ab33) slt     s6, a7, t4
core   0: 3 0x80009bf4 (0x01d8ab33) x22 0x00000001
core   0: 0x80009bf8 (0xff3fc083) lbu     ra, -13(t6)
core   0: 3 0x80009bf8 (0xff3fc083) x 1 0x000000d6 mem 0x800196ea
core   0: 0x80009bfc (0x009f82a3) sb      s1, 5(t6)
core   0: 3 0x80009bfc (0x009f82a3) mem 0x800196fc 0x8f
core   0: 0x80009c00 (0x03cf8423) sb      t3, 40(t6)
core   0: 3 0x80009c00 (0x03cf8423) mem 0x8001971f 0xfc
core   0: 0x80009c04 (0x018f8003) lb      zero, 24(t6)
core   0: 3 0x80009c04 (0x018f8003) mem 0x8001970f
core   0: 0x80009c08 (0x41aed5b3) sra     a1, t4, s10
core   0: 3 0x80009c08 (0x41aed5b3) x11 0x0000061e
core   0: 0x80009c0c (0xfccfc203) lbu     tp, -52(t6)
core   0: 3 0x80009c0c (0xfccfc203) x 4 0x000000b0 mem 0x800196c3
core   0: 0x80009c10 (0x65cc9397) auipc   t2, 0x65cc9
core   0: 3 0x80009c10 (0x65cc9397) x 7 0xe5cd2c10
core   0: 0x80009c14 (0x7fccb917) auipc   s2, 0x7fccb
core   0: 3 0x80009c14 (0x7fccb917) x18 0xffcd4c14
core   0: 0x80009c18 (0x01626fb3) or      t6, tp, s6
core   0: 3 0x80009c18 (0x01626fb3) x31 0x000000b1
core   0: 0x80009c1c (0x027e3fb3) mulhu   t6, t3, t2
core   0: 3 0x80009c1c (0x027e3fb3) x31 0xe5cd278f
core   0: 0x80009c20 (0x008117b3) sll     a5, sp, s0
core   0: 3 0x80009c20 (0x008117b3) x15 0x80025dc4
core   0: 0x80009c24 (0x01230e63) beq     t1, s2, pc + 28
core   0: 3 0x80009c24 (0x01230e63)
core   0: 0x80009c28 (0x400f5d33) sra     s10, t5, zero
core   0: 3 0x80009c28 (0x400f5d33) x26 0x00000077
core   0: 0x80009c2c (0xca4a6693) ori     a3, s4, -860
core   0: 3 0x80009c2c (0xca4a6693) x13 0xfffffce4
core   0: 0x80009c30 (0x03235eb3) divu    t4, t1, s2
core   0: 3 0x80009c30 (0x03235eb3) x29 0x00000000
core   0: 0x80009c34 (0x02536a63) bltu    t1, t0, pc + 52
core   0: 3 0x80009c34 (0x02536a63)
core   0: 0x80009c68 (0x006ac863) blt     s5, t1, pc + 16
core   0: 3 0x80009c68 (0x006ac863)
core   0: 0x80009c6c (0x032df3b3) remu    t2, s11, s2
core   0: 3 0x80009c6c (0x032df3b3) x 7 0x00000000
core   0: 0x80009c70 (0x01178233) add     tp, a5, a7
core   0: 3 0x80009c70 (0x01178233) x 4 0x7ae95dc4
core   0: 0x80009c74 (0x0259cc63) blt     s3, t0, pc + 56
core   0: 3 0x80009c74 (0x0259cc63)
core   0: 0x80009c78 (0x0179d633) srl     a2, s3, s7
core   0: 3 0x80009c78 (0x0179d633) x12 0x00000000
core   0: 0x80009c7c (0x00038d33) add     s10, t2, zero
core   0: 3 0x80009c7c (0x00038d33) x26 0x00000000
core   0: 0x80009c80 (0x00024433) xor     s0, tp, zero
core   0: 3 0x80009c80 (0x00024433) x 8 0x7ae95dc4
core   0: 0x80009c84 (0x0215b0b3) mulhu   ra, a1, ra
core   0: 3 0x80009c84 (0x0215b0b3) x 1 0x00000000
core   0: 0x80009c88 (0x01025e63) bge     tp, a6, pc + 28
core   0: 3 0x80009c88 (0x01025e63)
core   0: 0x80009ca4 (0x01239263) bne     t2, s2, pc + 4
core   0: 3 0x80009ca4 (0x01239263)
core   0: 0x80009ca8 (0x596cf217) auipc   tp, 0x596cf
core   0: 3 0x80009ca8 (0x596cf217) x 4 0xd96d8ca8
core   0: 0x80009cac (0x04af0263) beq     t5, a0, pc + 68
core   0: 3 0x80009cac (0x04af0263)
core   0: 0x80009cb0 (0x04aad463) bge     s5, a0, pc + 72
core   0: 3 0x80009cb0 (0x04aad463)
core   0: 0x80009cf8 (0x032dc063) blt     s11, s2, pc + 32
core   0: 3 0x80009cf8 (0x032dc063)
core   0: 0x80009cfc (0xe2cf9917) auipc   s2, 0xe2cf9
core   0: 3 0x80009cfc (0xe2cf9917) x18 0x62d02cfc
core   0: 0x80009d00 (0x5aed2693) slti    a3, s10, 1454
core   0: 3 0x80009d00 (0x5aed2693) x13 0x00000001
core   0: 0x80009d04 (0x01214a63) blt     sp, s2, pc + 20
core   0: 3 0x80009d04 (0x01214a63)
core   0: 0x80009d18 (0x91c32813) slti    a6, t1, -1764
core   0: 3 0x80009d18 (0x91c32813) x16 0x00000000
core   0: 0x80009d1c (0x03f36a63) bltu    t1, t6, pc + 52
core   0: 3 0x80009d1c (0x03f36a63)
core   0: 0x80009d50 (0x01f35693) srli    a3, t1, 31
core   0: 3 0x80009d50 (0x01f35693) x13 0x00000000
core   0: 0x80009d54 (0x02a90863) beq     s2, a0, pc + 48
core   0: 3 0x80009d54 (0x02a90863)
core   0: 0x80009d58 (0x00625c63) bge     tp, t1, pc + 24
core   0: 3 0x80009d58 (0x00625c63)
core   0: 0x80009d5c (0x03ebd663) bge     s7, t5, pc + 44
core   0: 3 0x80009d5c (0x03ebd663)
core   0: 0x80009d60 (0x00078833) add     a6, a5, zero
core   0: 3 0x80009d60 (0x00078833) x16 0x80025dc4
core   0: 0x80009d64 (0x019c1233) sll     tp, s8, s9
core   0: 3 0x80009d64 (0x019c1233) x 4 0x5c0f2500
core   0: 0x80009d68 (0x028f4033) div     zero, t5, s0
core   0: 3 0x80009d68 (0x028f4033)
core   0: 0x80009d6c (0x04f77263) bgeu    a4, a5, pc + 68
core   0: 3 0x80009d6c (0x04f77263)
core   0: 0x80009db0 (0x028dbdb3) mulhu   s11, s11, s0
core   0: 3 0x80009db0 (0x028dbdb3) x27 0x00000000
core   0: 0x80009db4 (0x017a5e33) srl     t3, s4, s7
core   0: 3 0x80009db4 (0x017a5e33) x28 0x00000020
core   0: 0x80009db8 (0x01f06c63) bltu    zero, t6, pc + 24
core   0: 3 0x80009db8 (0x01f06c63)
core   0: 0x80009dd0 (0x03c33eb3) mulhu   t4, t1, t3
core   0: 3 0x80009dd0 (0x03c33eb3) x29 0x00000000
core   0: 0x80009dd4 (0xbb057a93) andi    s5, a0, -1104
core   0: 3 0x80009dd4 (0xbb057a93) x21 0x00000000
core   0: 0x80009dd8 (0x023f7ab3) remu    s5, t5, gp
core   0: 3 0x80009dd8 (0x023f7ab3) x21 0x00000077
core   0: 0x80009ddc (0x024682b3) mul     t0, a3, tp
core   0: 3 0x80009ddc (0x024682b3) x 5 0x00000000
core   0: 0x80009de0 (0xef236e93) ori     t4, t1, -270
core   0: 3 0x80009de0 (0xef236e93) x29 0xfffffef2
core   0: 0x80009de4 (0xc379d237) lui     tp, 0xc379d
core   0: 3 0x80009de4 (0xc379d237) x 4 0xc379d000
core   0: 0x80009de8 (0x02d59c63) bne     a1, a3, pc + 56
core   0: 3 0x80009de8 (0x02d59c63)
core   0: 0x80009e20 (0x03152433) mulhsu  s0, a0, a7
core   0: 3 0x80009e20 (0x03152433) x 8 0x00000000
core   0: 0x80009e24 (0x414cd833) sra     a6, s9, s4
core   0: 3 0x80009e24 (0x414cd833) x16 0x07f5f0be
core   0: 0x80009e28 (0x8dd4ff13) andi    t5, s1, -1827
core   0: 3 0x80009e28 (0x8dd4ff13) x30 0x0000008d
core   0: 0x80009e2c (0x00d8d263) bge     a7, a3, pc + 4
core   0: 3 0x80009e2c (0x00d8d263)
core   0: 0x80009e30 (0xf51c6097) auipc   ra, 0xf51c6
core   0: 3 0x80009e30 (0xf51c6097) x 1 0x751cfe30
core   0: 0x80009e34 (0x02d5beb3) mulhu   t4, a1, a3
core   0: 3 0x80009e34 (0x02d5beb3) x29 0x00000000
core   0: 0x80009e38 (0xa8c9ff37) lui     t5, 0xa8c9f
core   0: 3 0x80009e38 (0xa8c9ff37) x30 0xa8c9f000
core   0: 0x80009e3c (0x00152733) slt     a4, a0, ra
core   0: 3 0x80009e3c (0x00152733) x14 0x00000001
core   0: 0x80009e40 (0x00fbb533) sltu    a0, s7, a5
core   0: 3 0x80009e40 (0x00fbb533) x10 0x00000000
core   0: 0x80009e44 (0x01581663) bne     a6, s5, pc + 12
core   0: 3 0x80009e44 (0x01581663)
core   0: 0x80009e50 (0x7f1b6413) ori     s0, s6, 2033
core   0: 3 0x80009e50 (0x7f1b6413) x 8 0x000007f1
core   0: 0x80009e54 (0x01a59663) bne     a1, s10, pc + 12
core   0: 3 0x80009e54 (0x01a59663)
core   0: 0x80009e60 (0x010bd463) bge     s7, a6, pc + 8
core   0: 3 0x80009e60 (0x010bd463)
core   0: 0x80009e64 (0x033f6933) rem     s2, t5, s3
core   0: 3 0x80009e64 (0x033f6933) x18 0x00000000
core   0: 0x80009e68 (0x9652ee13) ori     t3, t0, -1691
core   0: 3 0x80009e68 (0x9652ee13) x28 0xfffff965
core   0: 0x80009e6c (0x01100863) beq     zero, a7, pc + 16
core   0: 3 0x80009e6c (0x01100863)
core   0: 0x80009e70 (0x78df7493) andi    s1, t5, 1933
core   0: 3 0x80009e70 (0x78df7493) x 9 0x00000000
core   0: 0x80009e74 (0x013fecb3) or      s9, t6, s3
core   0: 3 0x80009e74 (0x013fecb3) x25 0xe5cd278f
core   0: 0x80009e78 (0x02539e63) bne     t2, t0, pc + 60
core   0: 3 0x80009e78 (0x02539e63)
core   0: 0x80009e7c (0x00df1e33) sll     t3, t5, a3
core   0: 3 0x80009e7c (0x00df1e33) x28 0xa8c9f000
core   0: 0x80009e80 (0x02be88b3) mul     a7, t4, a1
core   0: 3 0x80009e80 (0x02be88b3) x17 0x00000000
core   0: 0x80009e84 (0x021a81b3) mul     gp, s5, ra
core   0: 3 0x80009e84 (0x021a81b3) x 3 0x707a2850
core   0: 0x80009e88 (0x40675833) sra     a6, a4, t1
core   0: 3 0x80009e88 (0x40675833) x16 0x00000001
core   0: 0x80009e8c (0xd6620813) addi    a6, tp, -666
core   0: 3 0x80009e8c (0xd6620813) x16 0xc379cd66
core   0: 0x80009e90 (0x01411b13) slli    s6, sp, 20
core   0: 3 0x80009e90 (0x01411b13) x22 0xdc400000
core   0: 0x80009e94 (0x0138bdb3) sltu    s11, a7, s3
core   0: 3 0x80009e94 (0x0138bdb3) x27 0x00000001
core   0: 0x80009e98 (0xe62450b7) lui     ra, 0xe6245
core   0: 3 0x80009e98 (0xe62450b7) x 1 0xe6245000
core   0: 0x80009e9c (0x2e766093) ori     ra, a2, 743
core   0: 3 0x80009e9c (0x2e766093) x 1 0x000002e7
core   0: 0x80009ea0 (0x0294a533) mulhsu  a0, s1, s1
core   0: 3 0x80009ea0 (0x0294a533) x10 0x00000000
core   0: 0x80009ea4 (0x00247863) bgeu    s0, sp, pc + 16
core   0: 3 0x80009ea4 (0x00247863)
core   0: 0x80009ea8 (0x00a7ed33) or      s10, a5, a0
core   0: 3 0x80009ea8 (0x00a7ed33) x26 0x80025dc4
core   0: 0x80009eac (0x00b6d713) srli    a4, a3, 11
core   0: 3 0x80009eac (0x00b6d713) x14 0x00000000
core   0: 0x80009eb0 (0x03fc0b33) mul     s6, s8, t6
core   0: 3 0x80009eb0 (0x03fc0b33) x22 0x0e5c18ab
core   0: 0x80009eb4 (0x014997b3) sll     a5, s3, s4
core   0: 3 0x80009eb4 (0x014997b3) x15 0x00000010
core   0: 0x80009eb8 (0x02597793) andi    a5, s2, 37
core   0: 3 0x80009eb8 (0x02597793) x15 0x00000000
core   0: 0x80009ebc (0xbdda8693) addi    a3, s5, -1059
core   0: 3 0x80009ebc (0xbdda8693) x13 0xfffffc54
core   0: 0x80009ec0 (0x00000013) nop
core   0: 3 0x80009ec0 (0x00000013)
core   0: 0x80009ec4 (0x679fbc93) sltiu   s9, t6, 1657
core   0: 3 0x80009ec4 (0x679fbc93) x25 0x00000000
core   0: 0x80009ec8 (0x00516eb3) or      t4, sp, t0
core   0: 3 0x80009ec8 (0x00516eb3) x29 0x80025dc4
core   0: 0x80009ecc (0x001c6c63) bltu    s8, ra, pc + 24
core   0: 3 0x80009ecc (0x001c6c63)
core   0: 0x80009ed0 (0x8462f093) andi    ra, t0, -1978
core   0: 3 0x80009ed0 (0x8462f093) x 1 0x00000000
core   0: 0x80009ed4 (0x03126533) rem     a0, tp, a7
core   0: 3 0x80009ed4 (0x03126533) x10 0xc379d000
core   0: 0x80009ed8 (0x0179f1b3) and     gp, s3, s7
core   0: 3 0x80009ed8 (0x0179f1b3) x 3 0x00000000
core   0: 0x80009edc (0x01229633) sll     a2, t0, s2
core   0: 3 0x80009edc (0x01229633) x12 0x00000000
core   0: 0x80009ee0 (0x01827a63) bgeu    tp, s8, pc + 20
core   0: 3 0x80009ee0 (0x01827a63)
core   0: 0x80009ef4 (0x297aa193) slti    gp, s5, 663
core   0: 3 0x80009ef4 (0x297aa193) x 3 0x00000001
core   0: 0x80009ef8 (0x00ed1193) slli    gp, s10, 14
core   0: 3 0x80009ef8 (0x00ed1193) x 3 0x97710000
core   0: 0x80009efc (0x024b2f33) mulhsu  t5, s6, tp
core   0: 3 0x80009efc (0x024b2f33) x30 0x0af6fbfc
core   0: 0x80009f00 (0x40f15f93) srai    t6, sp, 15
core   0: 3 0x80009f00 (0x40f15f93) x31 0xffff0004
core   0: 0x80009f04 (0x41605f33) sra     t5, zero, s6
core   0: 3 0x80009f04 (0x41605f33) x30 0x00000000
core   0: 0x80009f08 (0x04faf463) bgeu    s5, a5, pc + 72
core   0: 3 0x80009f08 (0x04faf463)
core   0: 0x80009f50 (0x05fa6263) bltu    s4, t6, pc + 68
core   0: 3 0x80009f50 (0x05fa6263)
core   0: 0x80009f94 (0x011692b3) sll     t0, a3, a7
core   0: 3 0x80009f94 (0x011692b3) x 5 0xfffffc54
core   0: 0x80009f98 (0x4c616517) auipc   a0, 0x4c616
core   0: 3 0x80009f98 (0x4c616517) x10 0xcc61ff98
core   0: 0x80009f9c (0x02f27e33) remu    t3, tp, a5
core   0: 3 0x80009f9c (0x02f27e33) x28 0xc379d000
core   0: 0x80009fa0 (0x021269b3) rem     s3, tp, ra
core   0: 3 0x80009fa0 (0x021269b3) x19 0xc379d000
core   0: 0x80009fa4 (0x022e07b3) mul     a5, t3, sp
core   0: 3 0x80009fa4 (0x022e07b3) x15 0x89d34000
core   0: 0x80009fa8 (0x05680263) beq     a6, s6, pc + 68
core   0: 3 0x80009fa8 (0x05680263)
core   0: 0x80009fac (0x40855493) srai    s1, a0, 8
core   0: 3 0x80009fac (0x40855493) x 9 0xffcc61ff
core   0: 0x80009fb0 (0x01e9ffb3) and     t6, s3, t5
core   0: 3 0x80009fb0 (0x01e9ffb3) x31 0x00000000
core   0: 0x80009fb4 (0x048a6863) bltu    s4, s0, pc + 80
core   0: 3 0x80009fb4 (0x048a6863)
core   0: 0x80009fb8 (0x02272233) mulhsu  tp, a4, sp
core   0: 3 0x80009fb8 (0x02272233) x 4 0x00000000
core   0: 0x80009fbc (0x013749b3) xor     s3, a4, s3
core   0: 3 0x80009fbc (0x013749b3) x19 0xc379d000
core   0: 0x80009fc0 (0x015ab433) sltu    s0, s5, s5
core   0: 3 0x80009fc0 (0x015ab433) x 8 0x00000000
core   0: 0x80009fc4 (0xc17dc913) xori    s2, s11, -1001
core   0: 3 0x80009fc4 (0xc17dc913) x18 0xfffffc16
core   0: 0x80009fc8 (0x022fcdb3) div     s11, t6, sp
core   0: 3 0x80009fc8 (0x022fcdb3) x27 0x00000000
core   0: 0x80009fcc (0x2ed2ea93) ori     s5, t0, 749
core   0: 3 0x80009fcc (0x2ed2ea93) x21 0xfffffefd
core   0: 0x80009fd0 (0x418c5e13) srai    t3, s8, 24
core   0: 3 0x80009fd0 (0x418c5e13) x28 0x00000035
core   0: 0x80009fd4 (0x031b7d33) remu    s10, s6, a7
core   0: 3 0x80009fd4 (0x031b7d33) x26 0x0e5c18ab
core   0: 0x80009fd8 (0x008c8c63) beq     s9, s0, pc + 24
core   0: 3 0x80009fd8 (0x008c8c63)
core   0: 0x80009ff0 (0x01d91493) slli    s1, s2, 29
core   0: 3 0x80009ff0 (0x01d91493) x 9 0xc0000000
core   0: 0x80009ff4 (0x400988b3) sub     a7, s3, zero
core   0: 3 0x80009ff4 (0x400988b3) x17 0xc379d000
core   0: 0x80009ff8 (0x02332eb3) mulhsu  t4, t1, gp
core   0: 3 0x80009ff8 (0x02332eb3) x29 0x00000000
core   0: 0x80009ffc (0x013f1713) slli    a4, t5, 19
core   0: 3 0x80009ffc (0x013f1713) x14 0x00000000
core   0: 0x8000a000 (0x02551a63) bne     a0, t0, pc + 52
core   0: 3 0x8000a000 (0x02551a63)
core   0: 0x8000a034 (0x025ada63) bge     s5, t0, pc + 52
core   0: 3 0x8000a034 (0x025ada63)
core   0: 0x8000a068 (0x72e33597) auipc   a1, 0x72e33
core   0: 3 0x8000a068 (0x72e33597) x11 0xf2e3d068
core   0: 0x8000a06c (0x00268cb3) add     s9, a3, sp
core   0: 3 0x8000a06c (0x00268cb3) x25 0x80025a18
core   0: 0x8000a070 (0xb6b32f17) auipc   t5, 0xb6b32
core   0: 3 0x8000a070 (0xb6b32f17) x30 0x36b3c070
core   0: 0x8000a074 (0x02869c63) bne     a3, s0, pc + 56
core   0: 3 0x8000a074 (0x02869c63)
core   0: 0x8000a0ac (0x027ad233) divu    tp, s5, t2
core   0: 3 0x8000a0ac (0x027ad233) x 4 0xffffffff
core   0: 0x8000a0b0 (0x40e18c33) sub     s8, gp, a4
core   0: 3 0x8000a0b0 (0x40e18c33) x24 0x97710000
core   0: 0x8000a0b4 (0x8d2c8513) addi    a0, s9, -1838
core   0: 3 0x8000a0b4 (0x8d2c8513) x10 0x800252ea
core   0: 0x8000a0b8 (0x402808b3) sub     a7, a6, sp
core   0: 3 0x8000a0b8 (0x402808b3) x17 0x43776fa2
core   0: 0x8000a0bc (0x02810a63) beq     sp, s0, pc + 52
core   0: 3 0x8000a0bc (0x02810a63)
core   0: 0x8000a0c0 (0x0360d533) divu    a0, ra, s6
core   0: 3 0x8000a0c0 (0x0360d533) x10 0x00000000
core   0: 0x8000a0c4 (0xce234e13) xori    t3, t1, -798
core   0: 3 0x8000a0c4 (0xce234e13) x28 0xfffffce2
core   0: 0x8000a0c8 (0x021879b3) remu    s3, a6, ra
core   0: 3 0x8000a0c8 (0x021879b3) x19 0xc379cd66
core   0: 0x8000a0cc (0x00902533) slt     a0, zero, s1
core   0: 3 0x8000a0cc (0x00902533) x10 0x00000000
core   0: 0x8000a0d0 (0x01cac433) xor     s0, s5, t3
core   0: 3 0x8000a0d0 (0x01cac433) x 8 0x0000021f
core   0: 0x8000a0d4 (0x415cd933) sra     s2, s9, s5
core   0: 3 0x8000a0d4 (0x415cd933) x18 0xfffffffc
core   0: 0x8000a0d8 (0x166dc437) lui     s0, 0x166dc
core   0: 3 0x8000a0d8 (0x166dc437) x 8 0x166dc000
core   0: 0x8000a0dc (0x025d6833) rem     a6, s10, t0
core   0: 3 0x8000a0dc (0x025d6833) x16 0x00000123
core   0: 0x8000a0e0 (0x408f5e93) srai    t4, t5, 8
core   0: 3 0x8000a0e0 (0x408f5e93) x29 0x0036b3c0
core   0: 0x8000a0e4 (0x00cf8ab3) add     s5, t6, a2
core   0: 3 0x8000a0e4 (0x00cf8ab3) x21 0x00000000
core   0: 0x8000a0e8 (0x05d25463) bge     tp, t4, pc + 72
core   0: 3 0x8000a0e8 (0x05d25463)
core   0: 0x8000a0ec (0x00ce9863) bne     t4, a2, pc + 16
core   0: 3 0x8000a0ec (0x00ce9863)
core   0: 0x8000a0fc (0x00d99513) slli    a0, s3, 13
core   0: 3 0x8000a0fc (0x00d99513) x10 0x39acc000
core   0: 0x8000a100 (0x406e5813) srai    a6, t3, 6
core   0: 3 0x8000a100 (0x406e5813) x16 0xfffffff3
core   0: 0x8000a104 (0x0108d393) srli    t2, a7, 16
core   0: 3 0x8000a104 (0x0108d393) x 7 0x00004377
core   0: 0x8000a108 (0x00cc1f93) slli    t6, s8, 12
core   0: 3 0x8000a108 (0x00cc1f93) x31 0x10000000
core   0: 0x8000a10c (0x03664033) div     zero, a2, s6
core   0: 3 0x8000a10c (0x03664033)
core   0: 0x8000a110 (0xb1bb6737) lui     a4, 0xb1bb6
core   0: 3 0x8000a110 (0xb1bb6737) x14 0xb1bb6000
core   0: 0x8000a114 (0xf07b91b7) lui     gp, 0xf07b9
core   0: 3 0x8000a114 (0xf07b91b7) x 3 0xf07b9000
core   0: 0x8000a118 (0x010cf433) and     s0, s9, a6
core   0: 3 0x8000a118 (0x010cf433) x 8 0x80025a10
core   0: 0x8000a11c (0x400e5c93) srai    s9, t3, 0
core   0: 3 0x8000a11c (0x400e5c93) x25 0xfffffce2
core   0: 0x8000a120 (0x01c676b3) and     a3, a2, t3
core   0: 3 0x8000a120 (0x01c676b3) x13 0x00000000
core   0: 0x8000a124 (0x0038deb3) srl     t4, a7, gp
core   0: 3 0x8000a124 (0x0038deb3) x29 0x43776fa2
core   0: 0x8000a128 (0x4c58e493) ori     s1, a7, 1221
core   0: 3 0x8000a128 (0x4c58e493) x 9 0x43776fe7
core   0: 0x8000a12c (0x00300e33) add     t3, zero, gp
core   0: 3 0x8000a12c (0x00300e33) x28 0xf07b9000
core   0: 0x8000a130 (0x0170a5b3) slt     a1, ra, s7
core   0: 3 0x8000a130 (0x0170a5b3) x11 0x00000000
core   0: 0x8000a134 (0x03c5e4b3) rem     s1, a1, t3
core   0: 3 0x8000a134 (0x03c5e4b3) x 9 0x00000000
core   0: 0x8000a138 (0x01862d33) slt     s10, a2, s8
core   0: 3 0x8000a138 (0x01862d33) x26 0x00000000
core   0: 0x8000a13c (0x02ae6933) rem     s2, t3, a0
core   0: 3 0x8000a13c (0x02ae6933) x18 0xf07b9000
core   0: 0x8000a140 (0xcd89b693) sltiu   a3, s3, -808
core   0: 3 0x8000a140 (0xcd89b693) x13 0x00000001
core   0: 0x8000a144 (0xcdbdb393) sltiu   t2, s11, -805
core   0: 3 0x8000a144 (0xcdbdb393) x 7 0x00000001
core   0: 0x8000a148 (0x03cc1733) mulh    a4, s8, t3
core   0: 3 0x8000a148 (0x03cc1733) x14 0x0656787a
core   0: 0x8000a14c (0x01603633) snez    a2, s6
core   0: 3 0x8000a14c (0x01603633) x12 0x00000001
core   0: 0x8000a150 (0x406e8f33) sub     t5, t4, t1
core   0: 3 0x8000a150 (0x406e8f33) x30 0x43776fa2
core   0: 0x8000a154 (0x0107e7b3) or      a5, a5, a6
core   0: 3 0x8000a154 (0x0107e7b3) x15 0xfffffff3
core   0: 0x8000a158 (0x00fe6933) or      s2, t3, a5
core   0: 3 0x8000a158 (0x00fe6933) x18 0xfffffff3
core   0: 0x8000a15c (0x0026f863) bgeu    a3, sp, pc + 16
core   0: 3 0x8000a15c (0x0026f863)
core   0: 0x8000a160 (0x029b2833) mulhsu  a6, s6, s1
core   0: 3 0x8000a160 (0x029b2833) x16 0x00000000
core   0: 0x8000a164 (0x05415263) bge     sp, s4, pc + 68
core   0: 3 0x8000a164 (0x05415263)
core   0: 0x8000a168 (0x02ee98b3) mulh    a7, t4, a4
core   0: 3 0x8000a168 (0x02ee98b3) x17 0x01ab967d
core   0: 0x8000a16c (0x40a0d693) srai    a3, ra, 10
core   0: 3 0x8000a16c (0x40a0d693) x13 0x00000000
core   0: 0x8000a170 (0x01831263) bne     t1, s8, pc + 4
core   0: 3 0x8000a170 (0x01831263)
core   0: 0x8000a174 (0x00e64533) xor     a0, a2, a4
core   0: 3 0x8000a174 (0x00e64533) x10 0x0656787b
core   0: 0x8000a178 (0x0317e9b3) rem     s3, a5, a7
core   0: 3 0x8000a178 (0x0317e9b3) x19 0xfffffff3
core   0: 0x8000a17c (0x02b47eb3) remu    t4, s0, a1
core   0: 3 0x8000a17c (0x02b47eb3) x29 0x80025a10
core   0: 0x8000a180 (0x41455ab3) sra     s5, a0, s4
core   0: 3 0x8000a180 (0x41455ab3) x21 0x00656787
core   0: 0x8000a184 (0x00564e33) xor     t3, a2, t0
core   0: 3 0x8000a184 (0x00564e33) x28 0xfffffc55
core   0: 0x8000a188 (0x17b32613) slti    a2, t1, 379
core   0: 3 0x8000a188 (0x17b32613) x12 0x00000001
core   0: 0x8000a18c (0x00584033) xor     zero, a6, t0
core   0: 3 0x8000a18c (0x00584033)
core   0: 0x8000a190 (0x00847433) and     s0, s0, s0
core   0: 3 0x8000a190 (0x00847433) x 8 0x80025a10
core   0: 0x8000a194 (0xa2b02b13) slti    s6, zero, -1493
core   0: 3 0x8000a194 (0xa2b02b13) x22 0x00000000
core   0: 0x8000a198 (0x00a156b3) srl     a3, sp, a0
core   0: 3 0x8000a198 (0x00a156b3) x13 0x00000010
core   0: 0x8000a19c (0x017e83b3) add     t2, t4, s7
core   0: 3 0x8000a19c (0x017e83b3) x 7 0x354b6e8a
core   0: 0x8000a1a0 (0xee946893) ori     a7, s0, -279
core   0: 3 0x8000a1a0 (0xee946893) x17 0xfffffef9
core   0: 0x8000a1a4 (0x00dc7cb3) and     s9, s8, a3
core   0: 3 0x8000a1a4 (0x00dc7cb3) x25 0x00000000
core   0: 0x8000a1a8 (0x00f93f33) sltu    t5, s2, a5
core   0: 3 0x8000a1a8 (0x00f93f33) x30 0x00000000
core   0: 0x8000a1ac (0x0253acb3) mulhsu  s9, t2, t0
core   0: 3 0x8000a1ac (0x0253acb3) x25 0x354b6dc6
core   0: 0x8000a1b0 (0x02bf8eb3) mul     t4, t6, a1
core   0: 3 0x8000a1b0 (0x02bf8eb3) x29 0x00000000
core   0: 0x8000a1b4 (0x88f37413) andi    s0, t1, -1905
core   0: 3 0x8000a1b4 (0x88f37413) x 8 0x00000000
core   0: 0x8000a1b8 (0x00518e33) add     t3, gp, t0
core   0: 3 0x8000a1b8 (0x00518e33) x28 0xf07b8c54
core   0: 0x8000a1bc (0x1d110c13) addi    s8, sp, 465
core   0: 3 0x8000a1bc (0x1d110c13) x24 0x80025f95
core   0: 0x8000a1c0 (0x549abf13) sltiu   t5, s5, 1353
core   0: 3 0x8000a1c0 (0x549abf13) x30 0x00000000
core   0: 0x8000a1c4 (0x028ff863) bgeu    t6, s0, pc + 48
core   0: 3 0x8000a1c4 (0x028ff863)
core   0: 0x8000a1f4 (0x0181b893) sltiu   a7, gp, 24
core   0: 3 0x8000a1f4 (0x0181b893) x17 0x00000000
core   0: 0x8000a1f8 (0x016d8663) beq     s11, s6, pc + 12
core   0: 3 0x8000a1f8 (0x016d8663)
core   0: 0x8000a204 (0x00aa1e93) slli    t4, s4, 10
core   0: 3 0x8000a204 (0x00aa1e93) x29 0x0a739000
core   0: 0x8000a208 (0x0379d433) divu    s0, s3, s7
core   0: 3 0x8000a208 (0x0379d433) x 8 0x00000001
core   0: 0x8000a20c (0x00169433) sll     s0, a3, ra
core   0: 3 0x8000a20c (0x00169433) x 8 0x00000010
core   0: 0x8000a210 (0x00c45e63) bge     s0, a2, pc + 28
core   0: 3 0x8000a210 (0x00c45e63)
core   0: 0x8000a22c (0x03ccc7b3) div     a5, s9, t3
core   0: 3 0x8000a22c (0x03ccc7b3) x15 0xfffffffd
core   0: 0x8000a230 (0x02d01b33) mulh    s6, zero, a3
core   0: 3 0x8000a230 (0x02d01b33) x22 0x00000000
core   0: 0x8000a234 (0x03871db3) mulh    s11, a4, s8
core   0: 3 0x8000a234 (0x03871db3) x27 0xfcd4d2cd
core   0: 0x8000a238 (0x350fbf13) sltiu   t5, t6, 848
core   0: 3 0x8000a238 (0x350fbf13) x30 0x00000000
core   0: 0x8000a23c (0x552c7293) andi    t0, s8, 1362
core   0: 3 0x8000a23c (0x552c7293) x 5 0x00000510
core   0: 0x8000a240 (0x03e75d33) divu    s10, a4, t5
core   0: 3 0x8000a240 (0x03e75d33) x26 0xffffffff
core   0: 0x8000a244 (0x03afb833) mulhu   a6, t6, s10
core   0: 3 0x8000a244 (0x03afb833) x16 0x0fffffff
core   0: 0x8000a248 (0x40130533) sub     a0, t1, ra
core   0: 3 0x8000a248 (0x40130533) x10 0x00000000
core   0: 0x8000a24c (0x020ade33) divu    t3, s5, zero
core   0: 3 0x8000a24c (0x020ade33) x28 0xffffffff
core   0: 0x8000a250 (0x01a29663) bne     t0, s10, pc + 12
core   0: 3 0x8000a250 (0x01a29663)
core   0: 0x8000a25c (0x004c3d33) sltu    s10, s8, tp
core   0: 3 0x8000a25c (0x004c3d33) x26 0x00000001
core   0: 0x8000a260 (0x03d2fcb3) remu    s9, t0, t4
core   0: 3 0x8000a260 (0x03d2fcb3) x25 0x00000510
core   0: 0x8000a264 (0x02d79b33) mulh    s6, a5, a3
core   0: 3 0x8000a264 (0x02d79b33) x22 0xffffffff
core   0: 0x8000a268 (0x44f12893) slti    a7, sp, 1103
core   0: 3 0x8000a268 (0x44f12893) x17 0x00000001
core   0: 0x8000a26c (0x02445063) bge     s0, tp, pc + 32
core   0: 3 0x8000a26c (0x02445063)
core   0: 0x8000a28c (0x021bd3b3) divu    t2, s7, ra
core   0: 3 0x8000a28c (0x021bd3b3) x 7 0xffffffff
core   0: 0x8000a290 (0x02a42033) mulhsu  zero, s0, a0
core   0: 3 0x8000a290 (0x02a42033)
core   0: 0x8000a294 (0x008d2013) slti    zero, s10, 8
core   0: 3 0x8000a294 (0x008d2013)
core   0: 0x8000a298 (0x06c60e63) beq     a2, a2, pc + 124
core   0: 3 0x8000a298 (0x06c60e63)
core   0: 0x8000a314 (0x00b7a0b3) slt     ra, a5, a1
core   0: 3 0x8000a314 (0x00b7a0b3) x 1 0x00000001
core   0: 0x8000a318 (0x01343d33) sltu    s10, s0, s3
core   0: 3 0x8000a318 (0x01343d33) x26 0x00000001
core   0: 0x8000a31c (0x002e6d33) or      s10, t3, sp
core   0: 3 0x8000a31c (0x002e6d33) x26 0xffffffff
core   0: 0x8000a320 (0x00685c63) bge     a6, t1, pc + 24
core   0: 3 0x8000a320 (0x00685c63)
core   0: 0x8000a338 (0x4050ddb3) sra     s11, ra, t0
core   0: 3 0x8000a338 (0x4050ddb3) x27 0x00000000
core   0: 0x8000a33c (0x41528db3) sub     s11, t0, s5
core   0: 3 0x8000a33c (0x41528db3) x27 0xff9a9d89
core   0: 0x8000a340 (0x00000013) nop
core   0: 3 0x8000a340 (0x00000013)
core   0: 0x8000a344 (0x0042a3b3) slt     t2, t0, tp
core   0: 3 0x8000a344 (0x0042a3b3) x 7 0x00000000
core   0: 0x8000a348 (0x41e58b33) sub     s6, a1, t5
core   0: 3 0x8000a348 (0x41e58b33) x22 0x00000000
core   0: 0x8000a34c (0x03b5f233) remu    tp, a1, s11
core   0: 3 0x8000a34c (0x03b5f233) x 4 0x00000000
core   0: 0x8000a350 (0x00d39013) slli    zero, t2, 13
core   0: 3 0x8000a350 (0x00d39013)
core   0: 0x8000a354 (0xf2953013) sltiu   zero, a0, -215
core   0: 3 0x8000a354 (0xf2953013)
core   0: 0x8000a358 (0x02d476b3) remu    a3, s0, a3
core   0: 3 0x8000a358 (0x02d476b3) x13 0x00000000
core   0: 0x8000a35c (0x00000013) nop
core   0: 3 0x8000a35c (0x00000013)
core   0: 0x8000a360 (0x026f5863) bge     t5, t1, pc + 48
core   0: 3 0x8000a360 (0x026f5863)
core   0: 0x8000a390 (0x037d1a63) bne     s10, s7, pc + 52
core   0: 3 0x8000a390 (0x037d1a63)
core   0: 0x8000a3c4 (0x7a60ae93) slti    t4, ra, 1958
core   0: 3 0x8000a3c4 (0x7a60ae93) x29 0x00000001
core   0: 0x8000a3c8 (0x41d7de13) srai    t3, a5, 29
core   0: 3 0x8000a3c8 (0x41d7de13) x28 0xffffffff
core   0: 0x8000a3cc (0x2bd4c613) xori    a2, s1, 701
core   0: 3 0x8000a3cc (0x2bd4c613) x12 0x000002bd
core   0: 0x8000a3d0 (0x00000013) nop
core   0: 3 0x8000a3d0 (0x00000013)
core   0: 0x8000a3d4 (0x02dfa3b3) mulhsu  t2, t6, a3
core   0: 3 0x8000a3d4 (0x02dfa3b3) x 7 0x00000000
core   0: 0x8000a3d8 (0x299ac893) xori    a7, s5, 665
core   0: 3 0x8000a3d8 (0x299ac893) x17 0x0065651e
core   0: 0x8000a3dc (0x03486cb3) rem     s9, a6, s4
core   0: 3 0x8000a3dc (0x03486cb3) x25 0x0fffffff
core   0: 0x8000a3e0 (0x0013c633) xor     a2, t2, ra
core   0: 3 0x8000a3e0 (0x0013c633) x12 0x00000001
core   0: 0x8000a3e4 (0x41a509b3) sub     s3, a0, s10
core   0: 3 0x8000a3e4 (0x41a509b3) x19 0x00000001
core   0: 0x8000a3e8 (0x04f4d263) bge     s1, a5, pc + 68
core   0: 3 0x8000a3e8 (0x04f4d263)
core   0: 0x8000a42c (0x0019db13) srli    s6, s3, 1
core   0: 3 0x8000a42c (0x0019db13) x22 0x00000000
core   0: 0x8000a430 (0x01a99a63) bne     s3, s10, pc + 20
core   0: 3 0x8000a430 (0x01a99a63)
core   0: 0x8000a444 (0x04ea1263) bne     s4, a4, pc + 68
core   0: 3 0x8000a444 (0x04ea1263)
core   0: 0x8000a488 (0x0140d033) srl     zero, ra, s4
core   0: 3 0x8000a488 (0x0140d033)
core   0: 0x8000a48c (0x00000013) nop
core   0: 3 0x8000a48c (0x00000013)
core   0: 0x8000a490 (0x014da6b3) slt     a3, s11, s4
core   0: 3 0x8000a490 (0x014da6b3) x13 0x00000000
core   0: 0x8000a494 (0x40945193) srai    gp, s0, 9
core   0: 3 0x8000a494 (0x40945193) x 3 0x00000000
core   0: 0x8000a498 (0x082dc213) xori    tp, s11, 130
core   0: 3 0x8000a498 (0x082dc213) x 4 0xff9a9d0b
core   0: 0x8000a49c (0x03cd14b3) mulh    s1, s10, t3
core   0: 3 0x8000a49c (0x03cd14b3) x 9 0x00000000
core   0: 0x8000a4a0 (0xdc78cb13) xori    s6, a7, -569
core   0: 3 0x8000a4a0 (0xdc78cb13) x22 0xff9a98d9
core   0: 0x8000a4a4 (0x03709233) mulh    tp, ra, s7
core   0: 3 0x8000a4a4 (0x03709233) x 4 0xffffffff
core   0: 0x8000a4a8 (0x01a07863) bgeu    zero, s10, pc + 16
core   0: 3 0x8000a4a8 (0x01a07863)
core   0: 0x8000a4ac (0x0333a233) mulhsu  tp, t2, s3
core   0: 3 0x8000a4ac (0x0333a233) x 4 0x00000000
core   0: 0x8000a4b0 (0x00b08663) beq     ra, a1, pc + 12
core   0: 3 0x8000a4b0 (0x00b08663)
core   0: 0x8000a4b4 (0x0380acb3) mulhsu  s9, ra, s8
core   0: 3 0x8000a4b4 (0x0380acb3) x25 0x00000000
core   0: 0x8000a4b8 (0x016fd733) srl     a4, t6, s6
core   0: 3 0x8000a4b8 (0x016fd733) x14 0x00000008
core   0: 0x8000a4bc (0x035d0c63) beq     s10, s5, pc + 56
core   0: 3 0x8000a4bc (0x035d0c63)
core   0: 0x8000a4c0 (0x038e2533) mulhsu  a0, t3, s8
core   0: 3 0x8000a4c0 (0x038e2533) x10 0xffffffff
core   0: 0x8000a4c4 (0x0041d313) srli    t1, gp, 4
core   0: 3 0x8000a4c4 (0x0041d313) x 6 0x00000000
core   0: 0x8000a4c8 (0x001b8333) add     t1, s7, ra
core   0: 3 0x8000a4c8 (0x001b8333) x 6 0xb549147b
core   0: 0x8000a4cc (0x037f96b3) mulh    a3, t6, s7
core   0: 3 0x8000a4cc (0x037f96b3) x13 0xfb549147
core   0: 0x8000a4d0 (0x00def333) and     t1, t4, a3
core   0: 3 0x8000a4d0 (0x00def333) x 6 0x00000001
core   0: 0x8000a4d4 (0x410cde33) sra     t3, s9, a6
core   0: 3 0x8000a4d4 (0x410cde33) x28 0x00000000
core   0: 0x8000a4d8 (0x0067efb3) or      t6, a5, t1
core   0: 3 0x8000a4d8 (0x0067efb3) x31 0xfffffffd
core   0: 0x8000a4dc (0x01c739b3) sltu    s3, a4, t3
core   0: 3 0x8000a4dc (0x01c739b3) x19 0x00000000
core   0: 0x8000a4e0 (0x00925993) srli    s3, tp, 9
core   0: 3 0x8000a4e0 (0x00925993) x19 0x00000000
core   0: 0x8000a4e4 (0x00b20a63) beq     tp, a1, pc + 20
core   0: 3 0x8000a4e4 (0x00b20a63)
core   0: 0x8000a4f8 (0x03069333) mulh    t1, a3, a6
core   0: 3 0x8000a4f8 (0x03069333) x 6 0xffb54914
core   0: 0x8000a4fc (0x01869d13) slli    s10, a3, 24
core   0: 3 0x8000a4fc (0x01869d13) x26 0x47000000
core   0: 0x8000a500 (0x02b5dc63) bge     a1, a1, pc + 56
core   0: 3 0x8000a500 (0x02b5dc63)
core   0: 0x8000a538 (0x01efe933) or      s2, t6, t5
core   0: 3 0x8000a538 (0x01efe933) x18 0xfffffffd
core   0: 0x8000a53c (0x44661237) lui     tp, 0x44661
core   0: 3 0x8000a53c (0x44661237) x 4 0x44661000
core   0: 0x8000a540 (0x00b99833) sll     a6, s3, a1
core   0: 3 0x8000a540 (0x00b99833) x16 0x00000000
core   0: 0x8000a544 (0x0222d833) divu    a6, t0, sp
core   0: 3 0x8000a544 (0x0222d833) x16 0x00000000
core   0: 0x8000a548 (0xbd1c4717) auipc   a4, 0xbd1c4
core   0: 3 0x8000a548 (0xbd1c4717) x14 0x3d1ce548
core   0: 0x8000a54c (0x01a75db3) srl     s11, a4, s10
core   0: 3 0x8000a54c (0x01a75db3) x27 0x3d1ce548
core   0: 0x8000a550 (0x0042d693) srli    a3, t0, 4
core   0: 3 0x8000a550 (0x0042d693) x13 0x00000051
core   0: 0x8000a554 (0x01141213) slli    tp, s0, 17
core   0: 3 0x8000a554 (0x01141213) x 4 0x00200000
core   0: 0x8000a558 (0x83cfdab7) lui     s5, 0x83cfd
core   0: 3 0x8000a558 (0x83cfdab7) x21 0x83cfd000
core   0: 0x8000a55c (0x56974913) xori    s2, a4, 1385
core   0: 3 0x8000a55c (0x56974913) x18 0x3d1ce021
core   0: 0x8000a560 (0x41485c33) sra     s8, a6, s4
core   0: 3 0x8000a560 (0x41485c33) x24 0x00000000
core   0: 0x8000a564 (0x00485eb3) srl     t4, a6, tp
core   0: 3 0x8000a564 (0x00485eb3) x29 0x00000000
core   0: 0x8000a568 (0x012f5693) srli    a3, t5, 18
core   0: 3 0x8000a568 (0x012f5693) x13 0x00000000
core   0: 0x8000a56c (0x05887463) bgeu    a6, s8, pc + 72
core   0: 3 0x8000a56c (0x05887463)
core   0: 0x8000a5b4 (0x0a57bf17) auipc   t5, 0xa57b
core   0: 3 0x8000a5b4 (0x0a57bf17) x30 0x8a5855b4
core   0: 0x8000a5b8 (0x037549b3) div     s3, a0, s7
core   0: 3 0x8000a5b8 (0x037549b3) x19 0x00000000
core   0: 0x8000a5bc (0x0107eab3) or      s5, a5, a6
core   0: 3 0x8000a5bc (0x0107eab3) x21 0xfffffffd
core   0: 0x8000a5c0 (0x03b00863) beq     zero, s11, pc + 48
core   0: 3 0x8000a5c0 (0x03b00863)
core   0: 0x8000a5c4 (0x40b18733) sub     a4, gp, a1
core   0: 3 0x8000a5c4 (0x40b18733) x14 0x00000000
core   0: 0x8000a5c8 (0x035beb33) rem     s6, s7, s5
core   0: 3 0x8000a5c8 (0x035beb33) x22 0xffffffff
core   0: 0x8000a5cc (0x77598593) addi    a1, s3, 1909
core   0: 3 0x8000a5cc (0x77598593) x11 0x00000775
core   0: 0x8000a5d0 (0xe920be13) sltiu   t3, ra, -366
core   0: 3 0x8000a5d0 (0xe920be13) x28 0x00000001
core   0: 0x8000a5d4 (0x03c59733) mulh    a4, a1, t3
core   0: 3 0x8000a5d4 (0x03c59733) x14 0x00000000
core   0: 0x8000a5d8 (0x02225663) bge     tp, sp, pc + 44
core   0: 3 0x8000a5d8 (0x02225663)
core   0: 0x8000a604 (0x2ef31397) auipc   t2, 0x2ef31
core   0: 3 0x8000a604 (0x2ef31397) x 7 0xaef3b604
core   0: 0x8000a608 (0x1bae6f13) ori     t5, t3, 442
core   0: 3 0x8000a608 (0x1bae6f13) x30 0x000001bb
core   0: 0x8000a60c (0x00fc5933) srl     s2, s8, a5
core   0: 3 0x8000a60c (0x00fc5933) x18 0x00000000
core   0: 0x8000a610 (0x03145233) divu    tp, s0, a7
core   0: 3 0x8000a610 (0x03145233) x 4 0x00000000
core   0: 0x8000a614 (0x03daa933) mulhsu  s2, s5, t4
core   0: 3 0x8000a614 (0x03daa933) x18 0x00000000
core   0: 0x8000a618 (0x00e0e333) or      t1, ra, a4
core   0: 3 0x8000a618 (0x00e0e333) x 6 0x00000001
core   0: 0x8000a61c (0x0366beb3) mulhu   t4, a3, s6
core   0: 3 0x8000a61c (0x0366beb3) x29 0x00000000
core   0: 0x8000a620 (0x03eb35b3) mulhu   a1, s6, t5
core   0: 3 0x8000a620 (0x03eb35b3) x11 0x000001ba
core   0: 0x8000a624 (0x02d1f533) remu    a0, gp, a3
core   0: 3 0x8000a624 (0x02d1f533) x10 0x00000000
core   0: 0x8000a628 (0x015bf2b3) and     t0, s7, s5
core   0: 3 0x8000a628 (0x015bf2b3) x 5 0xb5491478
core   0: 0x8000a62c (0x0a356d13) ori     s10, a0, 163
core   0: 3 0x8000a62c (0x0a356d13) x26 0x000000a3
core   0: 0x8000a630 (0x00656633) or      a2, a0, t1
core   0: 3 0x8000a630 (0x00656633) x12 0x00000001
core   0: 0x8000a634 (0x16ac2093) slti    ra, s8, 362
core   0: 3 0x8000a634 (0x16ac2093) x 1 0x00000001
core   0: 0x8000a638 (0x0004fd33) and     s10, s1, zero
core   0: 3 0x8000a638 (0x0004fd33) x26 0x00000000
core   0: 0x8000a63c (0x037b1863) bne     s6, s7, pc + 48
core   0: 3 0x8000a63c (0x037b1863)
core   0: 0x8000a66c (0x03a14863) blt     sp, s10, pc + 48
core   0: 3 0x8000a66c (0x03a14863)
core   0: 0x8000a69c (0x4176dd93) srai    s11, a3, 23
core   0: 3 0x8000a69c (0x4176dd93) x27 0x00000000
core   0: 0x8000a6a0 (0x03d96297) auipc   t0, 0x3d96
core   0: 3 0x8000a6a0 (0x03d96297) x 5 0x83da06a0
core   0: 0x8000a6a4 (0x9643e537) lui     a0, 0x9643e
core   0: 3 0x8000a6a4 (0x9643e537) x10 0x9643e000
core   0: 0x8000a6a8 (0x00412083) lw      ra, 4(sp)
core   0: 3 0x8000a6a8 (0x00412083) x 1 0x8000a72c mem 0x80025dc8
core   0: 0x8000a6ac (0x02410113) addi    sp, sp, 36
core   0: 3 0x8000a6ac (0x02410113) x 2 0x80025de8
core   0: 0x8000a6b0 (0x03e0be33) mulhu   t3, ra, t5
core   0: 3 0x8000a6b0 (0x03e0be33) x28 0x000000dd
core   0: 0x8000a6b4 (0x00108a93) addi    s5, ra, 1
core   0: 3 0x8000a6b4 (0x00108a93) x21 0x8000a72d
core   0: 0x8000a6b8 (0x000a8ae7) jalr    s5, s5, 0
core   0: 3 0x8000a6b8 (0x000a8ae7) x21 0x8000a6bc
core   0: 0x8000a72c (0x02b71833) mulh    a6, a4, a1
core   0: 3 0x8000a72c (0x02b71833) x16 0x00000000
core   0: 0x8000a730 (0x83096797) auipc   a5, 0x83096
core   0: 3 0x8000a730 (0x83096797) x15 0x030a0730
core   0: 0x8000a734 (0x40e6dd13) srai    s10, a3, 14
core   0: 3 0x8000a734 (0x40e6dd13) x26 0x00000000
core   0: 0x8000a738 (0x4185d993) srai    s3, a1, 24
core   0: 3 0x8000a738 (0x4185d993) x19 0x00000000
core   0: 0x8000a73c (0x21d53537) lui     a0, 0x21d53
core   0: 3 0x8000a73c (0x21d53537) x10 0x21d53000
core   0: 0x8000a740 (0x03473eb3) mulhu   t4, a4, s4
core   0: 3 0x8000a740 (0x03473eb3) x29 0x00000000
core   0: 0x8000a744 (0x3ab38a93) addi    s5, t2, 939
core   0: 3 0x8000a744 (0x3ab38a93) x21 0xaef3b9af
core   0: 0x8000a748 (0x02c0fa63) bgeu    ra, a2, pc + 52
core   0: 3 0x8000a748 (0x02c0fa63)
core   0: 0x8000a77c (0x00344633) xor     a2, s0, gp
core   0: 3 0x8000a77c (0x00344633) x12 0x00000010
core   0: 0x8000a780 (0x03bda5b3) mulhsu  a1, s11, s11
core   0: 3 0x8000a780 (0x03bda5b3) x11 0x00000000
core   0: 0x8000a784 (0x24222993) slti    s3, tp, 578
core   0: 3 0x8000a784 (0x24222993) x19 0x00000001
core   0: 0x8000a788 (0x90f8bd93) sltiu   s11, a7, -1777
core   0: 3 0x8000a788 (0x90f8bd93) x27 0x00000001
core   0: 0x8000a78c (0x04410263) beq     sp, tp, pc + 68
core   0: 3 0x8000a78c (0x04410263)
core   0: 0x8000a790 (0x0328f433) remu    s0, a7, s2
core   0: 3 0x8000a790 (0x0328f433) x 8 0x0065651e
core   0: 0x8000a794 (0xa0958b13) addi    s6, a1, -1527
core   0: 3 0x8000a794 (0xa0958b13) x22 0xfffffa09
core   0: 0x8000a798 (0x010a9c13) slli    s8, s5, 16
core   0: 3 0x8000a798 (0x010a9c13) x24 0xb9af0000
core   0: 0x8000a79c (0x48ada913) slti    s2, s11, 1162
core   0: 3 0x8000a79c (0x48ada913) x18 0x00000001
core   0: 0x8000a7a0 (0x00e09813) slli    a6, ra, 14
core   0: 3 0x8000a7a0 (0x00e09813) x16 0x29cb0000
core   0: 0x8000a7a4 (0x00c932b3) sltu    t0, s2, a2
core   0: 3 0x8000a7a4 (0x00c932b3) x 5 0x00000001
core   0: 0x8000a7a8 (0x02337863) bgeu    t1, gp, pc + 48
core   0: 3 0x8000a7a8 (0x02337863)
core   0: 0x8000a7d8 (0x039efab3) remu    s5, t4, s9
core   0: 3 0x8000a7d8 (0x039efab3) x21 0x00000000
core   0: 0x8000a7dc (0x01501c63) bne     zero, s5, pc + 24
core   0: 3 0x8000a7dc (0x01501c63)
core   0: 0x8000a7e0 (0x01a676b3) and     a3, a2, s10
core   0: 3 0x8000a7e0 (0x01a676b3) x13 0x00000000
core   0: 0x8000a7e4 (0x00dd7333) and     t1, s10, a3
core   0: 3 0x8000a7e4 (0x00dd7333) x 6 0x00000000
core   0: 0x8000a7e8 (0x018c1263) bne     s8, s8, pc + 4
core   0: 3 0x8000a7e8 (0x018c1263)
core   0: 0x8000a7ec (0x00000013) nop
core   0: 3 0x8000a7ec (0x00000013)
core   0: 0x8000a7f0 (0x009c8033) add     zero, s9, s1
core   0: 3 0x8000a7f0 (0x009c8033)
core   0: 0x8000a7f4 (0xbd4415b7) lui     a1, 0xbd441
core   0: 3 0x8000a7f4 (0xbd4415b7) x11 0xbd441000
core   0: 0x8000a7f8 (0x03e4e633) rem     a2, s1, t5
core   0: 3 0x8000a7f8 (0x03e4e633) x12 0x00000000
core   0: 0x8000a7fc (0x0378de33) divu    t3, a7, s7
core   0: 3 0x8000a7fc (0x0378de33) x28 0x00000000
core   0: 0x8000a800 (0x00081513) slli    a0, a6, 0
core   0: 3 0x8000a800 (0x00081513) x10 0x29cb0000
core   0: 0x8000a804 (0x00edeb33) or      s6, s11, a4
core   0: 3 0x8000a804 (0x00edeb33) x22 0x00000001
core   0: 0x8000a808 (0x00412083) lw      ra, 4(sp)
core   0: 3 0x8000a808 (0x00412083) x 1 0x8000a958 mem 0x80025dec
core   0: 0x8000a80c (0x027eb633) mulhu   a2, t4, t2
core   0: 3 0x8000a80c (0x027eb633) x12 0x00000000
core   0: 0x8000a810 (0x01301933) sll     s2, zero, s3
core   0: 3 0x8000a810 (0x01301933) x18 0x00000000
core   0: 0x8000a814 (0x4140de13) srai    t3, ra, 20
core   0: 3 0x8000a814 (0x4140de13) x28 0xfffff800
core   0: 0x8000a818 (0x7044ad93) slti    s11, s1, 1796
core   0: 3 0x8000a818 (0x7044ad93) x27 0x00000001
core   0: 0x8000a81c (0x03d978b3) remu    a7, s2, t4
core   0: 3 0x8000a81c (0x03d978b3) x17 0x00000000
core   0: 0x8000a820 (0x02810113) addi    sp, sp, 40
core   0: 3 0x8000a820 (0x02810113) x 2 0x80025e10
core   0: 0x8000a824 (0xda34a537) lui     a0, 0xda34a
core   0: 3 0x8000a824 (0xda34a537) x10 0xda34a000
core   0: 0x8000a828 (0x00108593) addi    a1, ra, 1
core   0: 3 0x8000a828 (0x00108593) x11 0x8000a959
core   0: 0x8000a82c (0x000585e7) jalr    a1, a1, 0
core   0: 3 0x8000a82c (0x000585e7) x11 0x8000a830
core   0: 0x8000a958 (0x04a4e663) bltu    s1, a0, pc + 76
core   0: 3 0x8000a958 (0x04a4e663)
core   0: 0x8000a9a4 (0x40ea8933) sub     s2, s5, a4
core   0: 3 0x8000a9a4 (0x40ea8933) x18 0x00000000
core   0: 0x8000a9a8 (0x035d0663) beq     s10, s5, pc + 44
core   0: 3 0x8000a9a8 (0x035d0663)
core   0: 0x8000a9d4 (0x009d1a93) slli    s5, s10, 9
core   0: 3 0x8000a9d4 (0x009d1a93) x21 0x00000000
core   0: 0x8000a9d8 (0x1180a5b7) lui     a1, 0x1180a
core   0: 3 0x8000a9d8 (0x1180a5b7) x11 0x1180a000
core   0: 0x8000a9dc (0x00412083) lw      ra, 4(sp)
core   0: 3 0x8000a9dc (0x00412083) x 1 0x8000aa3c mem 0x80025e14
core   0: 0x8000a9e0 (0x40518ab3) sub     s5, gp, t0
core   0: 3 0x8000a9e0 (0x40518ab3) x21 0xffffffff
core   0: 0x8000a9e4 (0x01410113) addi    sp, sp, 20
core   0: 3 0x8000a9e4 (0x01410113) x 2 0x80025e24
core   0: 0x8000a9e8 (0xce4a2e13) slti    t3, s4, -796
core   0: 3 0x8000a9e8 (0xce4a2e13) x28 0x00000001
core   0: 0x8000a9ec (0x00108713) addi    a4, ra, 1
core   0: 3 0x8000a9ec (0x00108713) x14 0x8000aa3d
core   0: 0x8000a9f0 (0x00070767) jalr    a4, a4, 0
core   0: 3 0x8000a9f0 (0x00070767) x14 0x8000a9f4
core   0: 0x8000aa3c (0x02b2be33) mulhu   t3, t0, a1
core   0: 3 0x8000aa3c (0x02b2be33) x28 0x00000000
core   0: 0x8000aa40 (0x2c57e213) ori     tp, a5, 709
core   0: 3 0x8000aa40 (0x2c57e213) x 4 0x030a07f5
core   0: 0x8000aa44 (0x410d8233) sub     tp, s11, a6
core   0: 3 0x8000aa44 (0x410d8233) x 4 0xd6350001
core   0: 0x8000aa48 (0x235f98b7) lui     a7, 0x235f9
core   0: 3 0x8000aa48 (0x235f98b7) x17 0x235f9000
core   0: 0x8000aa4c (0x02433f33) mulhu   t5, t1, tp
core   0: 3 0x8000aa4c (0x02433f33) x30 0x00000000
core   0: 0x8000aa50 (0x01c2fa63) bgeu    t0, t3, pc + 20
core   0: 3 0x8000aa50 (0x01c2fa63)
core   0: 0x8000aa64 (0x02ad0c63) beq     s10, a0, pc + 56
core   0: 3 0x8000aa64 (0x02ad0c63)
core   0: 0x8000aa68 (0x020dfa63) bgeu    s11, zero, pc + 52
core   0: 3 0x8000aa68 (0x020dfa63)
core   0: 0x8000aa9c (0x0190d293) srli    t0, ra, 25
core   0: 3 0x8000aa9c (0x0190d293) x 5 0x00000040
core   0: 0x8000aaa0 (0x1ad4e213) ori     tp, s1, 429
core   0: 3 0x8000aaa0 (0x1ad4e213) x 4 0x000001ad
core   0: 0x8000aaa4 (0x00412083) lw      ra, 4(sp)
core   0: 3 0x8000aaa4 (0x00412083) x 1 0x80005840 mem 0x80025e28
core   0: 0x8000aaa8 (0x03469d33) mulh    s10, a3, s4
core   0: 3 0x8000aaa8 (0x03469d33) x26 0x00000000
core   0: 0x8000aaac (0x41bc5e93) srai    t4, s8, 27
core   0: 3 0x8000aaac (0x41bc5e93) x29 0xfffffff7
core   0: 0x8000aab0 (0x13322613) slti    a2, tp, 307
core   0: 3 0x8000aab0 (0x13322613) x12 0x00000000
core   0: 0x8000aab4 (0x04010113) addi    sp, sp, 64
core   0: 3 0x8000aab4 (0x04010113) x 2 0x80025e64
core   0: 0x8000aab8 (0x013dcd33) xor     s10, s11, s3
core   0: 3 0x8000aab8 (0x013dcd33) x26 0x00000000
core   0: 0x8000aabc (0x035c13b3) mulh    t2, s8, s5
core   0: 3 0x8000aabc (0x035c13b3) x 7 0x00000000
core   0: 0x8000aac0 (0x40415193) srai    gp, sp, 4
core   0: 3 0x8000aac0 (0x40415193) x 3 0xf80025e6
core   0: 0x8000aac4 (0x5f33c813) xori    a6, t2, 1523
core   0: 3 0x8000aac4 (0x5f33c813) x16 0x000005f3
core   0: 0x8000aac8 (0x00108c93) addi    s9, ra, 1
core   0: 3 0x8000aac8 (0x00108c93) x25 0x80005841
core   0: 0x8000aacc (0x000c8ce7) jalr    s9, s9, 0
core   0: 3 0x8000aacc (0x000c8ce7) x25 0x8000aad0
core   0: 0x80005840 (0x02f51433) mulh    s0, a0, a5
core   0: 3 0x80005840 (0x02f51433) x 8 0xff8d22de
core   0: 0x80005844 (0x00272333) slt     t1, a4, sp
core   0: 3 0x80005844 (0x00272333) x 6 0x00000001
core   0: 0x80005848 (0x41b380b3) sub     ra, t2, s11
core   0: 3 0x80005848 (0x41b380b3) x 1 0xffffffff
core   0: 0x8000584c (0x02f94e33) div     t3, s2, a5
core   0: 3 0x8000584c (0x02f94e33) x28 0x00000000
core   0: 0x80005850 (0x01a13433) sltu    s0, sp, s10
core   0: 3 0x80005850 (0x01a13433) x 8 0x00000000
core   0: 0x80005854 (0x021a2733) mulhsu  a4, s4, ra
core   0: 3 0x80005854 (0x021a2733) x14 0x80029ce4
core   0: 0x80005858 (0x01a15ab3) srl     s5, sp, s10
core   0: 3 0x80005858 (0x01a15ab3) x21 0x80025e64
core   0: 0x8000585c (0x01191d13) slli    s10, s2, 17
core   0: 3 0x8000585c (0x01191d13) x26 0x00000000
core   0: 0x80005860 (0x0164dc63) bge     s1, s6, pc + 24
core   0: 3 0x80005860 (0x0164dc63)
core   0: 0x80005864 (0x02e18a63) beq     gp, a4, pc + 52
core   0: 3 0x80005864 (0x02e18a63)
core   0: 0x80005868 (0x40fb0233) sub     tp, s6, a5
core   0: 3 0x80005868 (0x40fb0233) x 4 0xfcf5f8d1
core   0: 0x8000586c (0x03174e63) blt     a4, a7, pc + 60
core   0: 3 0x8000586c (0x03174e63)
core   0: 0x800058a8 (0x030539b3) mulhu   s3, a0, a6
core   0: 3 0x800058a8 (0x030539b3) x19 0x00000512
core   0: 0x800058ac (0x00b000b3) add     ra, zero, a1
core   0: 3 0x800058ac (0x00b000b3) x 1 0x1180a000
core   0: 0x800058b0 (0x00e88233) add     tp, a7, a4
core   0: 3 0x800058b0 (0x00e88233) x 4 0xa3622ce4
core   0: 0x800058b4 (0x0355c9b3) div     s3, a1, s5
core   0: 3 0x800058b4 (0x0355c9b3) x19 0x00000000
core   0: 0x800058b8 (0x035a41b3) div     gp, s4, s5
core   0: 3 0x800058b8 (0x035a41b3) x 3 0x00000000
core   0: 0x800058bc (0x40e48333) sub     t1, s1, a4
core   0: 3 0x800058bc (0x40e48333) x 6 0x7ffd631c
core   0: 0x800058c0 (0x0391e063) bltu    gp, s9, pc + 32
core   0: 3 0x800058c0 (0x0391e063)
core   0: 0x800058e0 (0xfa89c993) xori    s3, s3, -88
core   0: 3 0x800058e0 (0xfa89c993) x19 0xffffffa8
core   0: 0x800058e4 (0xf91aa593) slti    a1, s5, -111
core   0: 3 0x800058e4 (0xf91aa593) x11 0x00000001
core   0: 0x800058e8 (0x7e867893) andi    a7, a2, 2024
core   0: 3 0x800058e8 (0x7e867893) x17 0x00000000
core   0: 0x800058ec (0x01e64b33) xor     s6, a2, t5
core   0: 3 0x800058ec (0x01e64b33) x22 0x00000000
core   0: 0x800058f0 (0xbc0ac913) xori    s2, s5, -1088
core   0: 3 0x800058f0 (0xbc0ac913) x18 0x7ffda5a4
core   0: 0x800058f4 (0x033a2cb3) mulhsu  s9, s4, s3
core   0: 3 0x800058f4 (0x033a2cb3) x25 0x80029d0f
core   0: 0x800058f8 (0x00e4d333) srl     t1, s1, a4
core   0: 3 0x800058f8 (0x00e4d333) x 6 0x00000000
core   0: 0x800058fc (0x0156b033) sltu    zero, a3, s5
core   0: 3 0x800058fc (0x0156b033)
core   0: 0x80005900 (0x028c2d33) mulhsu  s10, s8, s0
core   0: 3 0x80005900 (0x028c2d33) x26 0x00000000
core   0: 0x80005904 (0x01baa033) slt     zero, s5, s11
core   0: 3 0x80005904 (0x01baa033)
core   0: 0x80005908 (0x0026e3b3) or      t2, a3, sp
core   0: 3 0x80005908 (0x0026e3b3) x 7 0x80025e64
core   0: 0x8000590c (0x03860a63) beq     a2, s8, pc + 52
core   0: 3 0x8000590c (0x03860a63)
core   0: 0x80005910 (0x01d28ab3) add     s5, t0, t4
core   0: 3 0x80005910 (0x01d28ab3) x21 0x00000037
core   0: 0x80005914 (0x01ccd663) bge     s9, t3, pc + 12
core   0: 3 0x80005914 (0x01ccd663)
core   0: 0x80005918 (0xa796b513) sltiu   a0, a3, -1415
core   0: 3 0x80005918 (0xa796b513) x10 0x00000001
core   0: 0x8000591c (0x02d39263) bne     t2, a3, pc + 36
core   0: 3 0x8000591c (0x02d39263)
core   0: 0x80005940 (0x0063fc63) bgeu    t2, t1, pc + 24
core   0: 3 0x80005940 (0x0063fc63)
core   0: 0x80005958 (0xf7a84313) xori    t1, a6, -134
core   0: 3 0x80005958 (0xf7a84313) x 6 0xfffffa89
core   0: 0x8000595c (0xbb78a893) slti    a7, a7, -1097
core   0: 3 0x8000595c (0xbb78a893) x17 0x00000000
core   0: 0x80005960 (0x006852b3) srl     t0, a6, t1
core   0: 3 0x80005960 (0x006852b3) x 5 0x00000002
core   0: 0x80005964 (0xa672c297) auipc   t0, 0xa672c
core   0: 3 0x80005964 (0xa672c297) x 5 0x26731964
core   0: 0x80005968 (0x40ce80b3) sub     ra, t4, a2
core   0: 3 0x80005968 (0x40ce80b3) x 1 0xfffffff7
core   0: 0x8000596c (0x006190b3) sll     ra, gp, t1
core   0: 3 0x8000596c (0x006190b3) x 1 0x00000000
core   0: 0x80005970 (0x02749e63) bne     s1, t2, pc + 60
core   0: 3 0x80005970 (0x02749e63)
core   0: 0x800059ac (0x41468733) sub     a4, a3, s4
core   0: 3 0x800059ac (0x41468733) x14 0x7ffd631c
core   0: 0x800059b0 (0x03a99263) bne     s3, s10, pc + 36
core   0: 3 0x800059b0 (0x03a99263)
core   0: 0x800059d4 (0x03685263) bge     a6, s6, pc + 36
core   0: 3 0x800059d4 (0x03685263)
core   0: 0x800059f8 (0x406b54b3) sra     s1, s6, t1
core   0: 3 0x800059f8 (0x406b54b3) x 9 0x00000000
core   0: 0x800059fc (0x00139513) slli    a0, t2, 1
core   0: 3 0x800059fc (0x00139513) x10 0x0004bcc8
core   0: 0x80005a00 (0x41335333) sra     t1, t1, s3
core   0: 3 0x80005a00 (0x41335333) x 6 0xfffffffa
core   0: 0x80005a04 (0x4b283917) auipc   s2, 0x4b283
core   0: 3 0x80005a04 (0x4b283917) x18 0xcb288a04
core   0: 0x80005a08 (0x02299a63) bne     s3, sp, pc + 52
core   0: 3 0x80005a08 (0x02299a63)
core   0: 0x80005a3c (0x00717d33) and     s10, sp, t2
core   0: 3 0x80005a3c (0x00717d33) x26 0x80025e64
core   0: 0x80005a40 (0x001700b3) add     ra, a4, ra
core   0: 3 0x80005a40 (0x001700b3) x 1 0x7ffd631c
core   0: 0x80005a44 (0x02eddc33) divu    s8, s11, a4
core   0: 3 0x80005a44 (0x02eddc33) x24 0x00000000
core   0: 0x80005a48 (0x01851f93) slli    t6, a0, 24
core   0: 3 0x80005a48 (0x01851f93) x31 0xc8000000
core   0: 0x80005a4c (0x0e926637) lui     a2, 0xe926
core   0: 3 0x80005a4c (0x0e926637) x12 0x0e926000
core   0: 0x80005a50 (0x3b251017) auipc   zero, 0x3b251
core   0: 3 0x80005a50 (0x3b251017)
core   0: 0x80005a54 (0x41aedab3) sra     s5, t4, s10
core   0: 3 0x80005a54 (0x41aedab3) x21 0xffffffff
core   0: 0x80005a58 (0x402108b3) sub     a7, sp, sp
core   0: 3 0x80005a58 (0x402108b3) x17 0x00000000
core   0: 0x80005a5c (0x03d25833) divu    a6, tp, t4
core   0: 3 0x80005a5c (0x03d25833) x16 0x00000000
core   0: 0x80005a60 (0x01085793) srli    a5, a6, 16
core   0: 3 0x80005a60 (0x01085793) x15 0x00000000
core   0: 0x80005a64 (0xabdfe813) ori     a6, t6, -1347
core   0: 3 0x80005a64 (0xabdfe813) x16 0xfffffabd
core   0: 0x80005a68 (0xbaa5aab7) lui     s5, 0xbaa5a
core   0: 3 0x80005a68 (0xbaa5aab7) x21 0xbaa5a000
core   0: 0x80005a6c (0x36107393) andi    t2, zero, 865
core   0: 3 0x80005a6c (0x36107393) x 7 0x00000000
core   0: 0x80005a70 (0x00bcaeb3) slt     t4, s9, a1
core   0: 3 0x80005a70 (0x00bcaeb3) x29 0x00000001
core   0: 0x80005a74 (0x414c5993) srai    s3, s8, 20
core   0: 3 0x80005a74 (0x414c5993) x19 0x00000000
core   0: 0x80005a78 (0x023ae033) rem     zero, s5, gp
core   0: 3 0x80005a78 (0x023ae033)
core   0: 0x80005a7c (0x038141b3) div     gp, sp, s8
core   0: 3 0x80005a7c (0x038141b3) x 3 0xffffffff
core   0: 0x80005a80 (0x01b24cb3) xor     s9, tp, s11
core   0: 3 0x80005a80 (0x01b24cb3) x25 0xa3622ce5
core   0: 0x80005a84 (0x01b388b3) add     a7, t2, s11
core   0: 3 0x80005a84 (0x01b388b3) x17 0x00000001
core   0: 0x80005a88 (0x02241db3) mulh    s11, s0, sp
core   0: 3 0x80005a88 (0x02241db3) x27 0x00000000
core   0: 0x80005a8c (0x28f9c393) xori    t2, s3, 655
core   0: 3 0x80005a8c (0x28f9c393) x 7 0x0000028f
core   0: 0x80005a90 (0x40a8d533) sra     a0, a7, a0
core   0: 3 0x80005a90 (0x40a8d533) x10 0x00000000
core   0: 0x80005a94 (0x0342e833) rem     a6, t0, s4
core   0: 3 0x80005a94 (0x0342e833) x16 0x26731964
core   0: 0x80005a98 (0x56421337) lui     t1, 0x56421
core   0: 3 0x80005a98 (0x56421337) x 6 0x56421000
core   0: 0x80005a9c (0x00157c63) bgeu    a0, ra, pc + 24
core   0: 3 0x80005a9c (0x00157c63)
core   0: 0x80005aa0 (0x0364ec63) bltu    s1, s6, pc + 56
core   0: 3 0x80005aa0 (0x0364ec63)
core   0: 0x80005aa4 (0x015214b3) sll     s1, tp, s5
core   0: 3 0x80005aa4 (0x015214b3) x 9 0xa3622ce4
core   0: 0x80005aa8 (0x01489463) bne     a7, s4, pc + 8
core   0: 3 0x80005aa8 (0x01489463)
core   0: 0x80005ab0 (0x025ab9b3) mulhu   s3, s5, t0
core   0: 3 0x80005ab0 (0x025ab9b3) x19 0x1c0880a9
core   0: 0x80005ab4 (0x04d0d663) bge     ra, a3, pc + 76
core   0: 3 0x80005ab4 (0x04d0d663)
core   0: 0x80005b00 (0x01ff9893) slli    a7, t6, 31
core   0: 3 0x80005b00 (0x01ff9893) x17 0x00000000
core   0: 0x80005b04 (0x039b41b3) div     gp, s6, s9
core   0: 3 0x80005b04 (0x039b41b3) x 3 0x00000000
core   0: 0x80005b08 (0x01aba9b3) slt     s3, s7, s10
core   0: 3 0x80005b08 (0x01aba9b3) x19 0x00000000
core   0: 0x80005b0c (0x0486d863) bge     a3, s0, pc + 80
core   0: 3 0x80005b0c (0x0486d863)
core   0: 0x80005b5c (0xedcea793) slti    a5, t4, -292
core   0: 3 0x80005b5c (0xedcea793) x15 0x00000000
core   0: 0x80005b60 (0x03f4c063) blt     s1, t6, pc + 32
core   0: 3 0x80005b60 (0x03f4c063)
core   0: 0x80005b80 (0x66f34e17) auipc   t3, 0x66f34
core   0: 3 0x80005b80 (0x66f34e17) x28 0xe6f39b80
core   0: 0x80005b84 (0x01423933) sltu    s2, tp, s4
core   0: 3 0x80005b84 (0x01423933) x18 0x00000000
core   0: 0x80005b88 (0x01d93b33) sltu    s6, s2, t4
core   0: 3 0x80005b88 (0x01d93b33) x22 0x00000001
core   0: 0x80005b8c (0x015dc833) xor     a6, s11, s5
core   0: 3 0x80005b8c (0x015dc833) x16 0xbaa5a000
core   0: 0x80005b90 (0x01b91e13) slli    t3, s2, 27
core   0: 3 0x80005b90 (0x01b91e13) x28 0x00000000
core   0: 0x80005b94 (0x4137d993) srai    s3, a5, 19
core   0: 3 0x80005b94 (0x4137d993) x19 0x00000000
core   0: 0x80005b98 (0x0201f4b3) remu    s1, gp, zero
core   0: 3 0x80005b98 (0x0201f4b3) x 9 0x00000000
core   0: 0x80005b9c (0x4016dcb3) sra     s9, a3, ra
core   0: 3 0x80005b9c (0x4016dcb3) x25 0x00000000
core   0: 0x80005ba0 (0x02de17b3) mulh    a5, t3, a3
core   0: 3 0x80005ba0 (0x02de17b3) x15 0x00000000
core   0: 0x80005ba4 (0x00000013) nop
core   0: 3 0x80005ba4 (0x00000013)
core   0: 0x80005ba8 (0x0328f333) remu    t1, a7, s2
core   0: 3 0x80005ba8 (0x0328f333) x 6 0x00000000
core   0: 0x80005bac (0x025d43b3) div     t2, s10, t0
core   0: 3 0x80005bac (0x025d43b3) x 7 0xfffffffd
core   0: 0x80005bb0 (0x00000013) nop
core   0: 3 0x80005bb0 (0x00000013)
core   0: 0x80005bb4 (0x3eb5b013) sltiu   zero, a1, 1003
core   0: 3 0x80005bb4 (0x3eb5b013)
core   0: 0x80005bb8 (0x01ad5db3) srl     s11, s10, s10
core   0: 3 0x80005bb8 (0x01ad5db3) x27 0x080025e6
core   0: 0x80005bbc (0x02c36933) rem     s2, t1, a2
core   0: 3 0x80005bbc (0x02c36933) x18 0x00000000
core   0: 0x80005bc0 (0x00e11793) slli    a5, sp, 14
core   0: 3 0x80005bc0 (0x00e11793) x15 0x97990000
core   0: 0x80005bc4 (0x01848633) add     a2, s1, s8
core   0: 3 0x80005bc4 (0x01848633) x12 0x00000000
core   0: 0x80005bc8 (0x05a41263) bne     s0, s10, pc + 68
core   0: 3 0x80005bc8 (0x05a41263)
core   0: 0x80005c0c (0x97340e37) lui     t3, 0x97340
core   0: 3 0x80005c0c (0x97340e37) x28 0x97340000
core   0: 0x80005c10 (0x2f376213) ori     tp, a4, 755
core   0: 3 0x80005c10 (0x2f376213) x 4 0x7ffd63ff
core   0: 0x80005c14 (0x41db5cb3) sra     s9, s6, t4
core   0: 3 0x80005c14 (0x41db5cb3) x25 0x00000000
core   0: 0x80005c18 (0x02980863) beq     a6, s1, pc + 48
core   0: 3 0x80005c18 (0x02980863)
core   0: 0x80005c1c (0x00a79613) slli    a2, a5, 10
core   0: 3 0x80005c1c (0x00a79613) x12 0x64000000
core   0: 0x80005c20 (0x40810ab3) sub     s5, sp, s0
core   0: 3 0x80005c20 (0x40810ab3) x21 0x80025e64
core   0: 0x80005c24 (0x03915263) bge     sp, s9, pc + 36
core   0: 3 0x80005c24 (0x03915263)
core   0: 0x80005c28 (0x00d5ce63) blt     a1, a3, pc + 28
core   0: 3 0x80005c28 (0x00d5ce63)
core   0: 0x80005c2c (0x00000013) nop
core   0: 3 0x80005c2c (0x00000013)
core   0: 0x80005c30 (0x00fce733) or      a4, s9, a5
core   0: 3 0x80005c30 (0x00fce733) x14 0x97990000
core   0: 0x80005c34 (0x01165263) bge     a2, a7, pc + 4
core   0: 3 0x80005c34 (0x01165263)
core   0: 0x80005c38 (0x00e02b33) slt     s6, zero, a4
core   0: 3 0x80005c38 (0x00e02b33) x22 0x00000000
core   0: 0x80005c3c (0x00855293) srli    t0, a0, 8
core   0: 3 0x80005c3c (0x00855293) x 5 0x00000000
core   0: 0x80005c40 (0x05bf4063) blt     t5, s11, pc + 64
core   0: 3 0x80005c40 (0x05bf4063)
core   0: 0x80005c80 (0x037a1a63) bne     s4, s7, pc + 52
core   0: 3 0x80005c80 (0x037a1a63)
core   0: 0x80005cb4 (0xb96be093) ori     ra, s7, -1130
core   0: 3 0x80005cb4 (0xb96be093) x 1 0xfffffffe
core   0: 0x80005cb8 (0x00c2fb33) and     s6, t0, a2
core   0: 3 0x80005cb8 (0x00c2fb33) x22 0x00000000
core   0: 0x80005cbc (0x006e5333) srl     t1, t3, t1
core   0: 3 0x80005cbc (0x006e5333) x 6 0x97340000
core   0: 0x80005cc0 (0x01c38033) add     zero, t2, t3
core   0: 3 0x80005cc0 (0x01c38033)
core   0: 0x80005cc4 (0x00fcad33) slt     s10, s9, a5
core   0: 3 0x80005cc4 (0x00fcad33) x26 0x00000000
core   0: 0x80005cc8 (0x01da8e33) add     t3, s5, t4
core   0: 3 0x80005cc8 (0x01da8e33) x28 0x80025e65
core   0: 0x80005ccc (0x00000013) nop
core   0: 3 0x80005ccc (0x00000013)
core   0: 0x80005cd0 (0x00000013) nop
core   0: 3 0x80005cd0 (0x00000013)
core   0: 0x80005cd4 (0x020b0033) mul     zero, s6, zero
core   0: 3 0x80005cd4 (0x020b0033)
core   0: 0x80005cd8 (0x01396033) or      zero, s2, s3
core   0: 3 0x80005cd8 (0x01396033)
core   0: 0x80005cdc (0x6f83a693) slti    a3, t2, 1784
core   0: 3 0x80005cdc (0x6f83a693) x13 0x00000001
core   0: 0x80005ce0 (0x001dc433) xor     s0, s11, ra
core   0: 3 0x80005ce0 (0x001dc433) x 8 0xf7ffda18
core   0: 0x80005ce4 (0x020374b3) remu    s1, t1, zero
core   0: 3 0x80005ce4 (0x020374b3) x 9 0x97340000
core   0: 0x80005ce8 (0x01cd45b3) xor     a1, s10, t3
core   0: 3 0x80005ce8 (0x01cd45b3) x11 0x80025e65
core   0: 0x80005cec (0x00000013) nop
core   0: 3 0x80005cec (0x00000013)
core   0: 0x80005cf0 (0x005a8033) add     zero, s5, t0
core   0: 3 0x80005cf0 (0x005a8033)
core   0: 0x80005cf4 (0x039fc233) div     tp, t6, s9
core   0: 3 0x80005cf4 (0x039fc233) x 4 0xffffffff
core   0: 0x80005cf8 (0x004c4c63) blt     s8, tp, pc + 24
core   0: 3 0x80005cf8 (0x004c4c63)
core   0: 0x80005cfc (0xbb73f813) andi    a6, t2, -1097
core   0: 3 0x80005cfc (0xbb73f813) x16 0xfffffbb5
core   0: 0x80005d00 (0x00000013) nop
core   0: 3 0x80005d00 (0x00000013)
core   0: 0x80005d04 (0xb6420c93) addi    s9, tp, -1180
core   0: 3 0x80005d04 (0xb6420c93) x25 0xfffffb63
core   0: 0x80005d08 (0x015be5b3) or      a1, s7, s5
core   0: 3 0x80005d08 (0x015be5b3) x11 0xb54b5e7e
core   0: 0x80005d0c (0x022522b3) mulhsu  t0, a0, sp
core   0: 3 0x80005d0c (0x022522b3) x 5 0x00000000
core   0: 0x80005d10 (0x025d7cb3) remu    s9, s10, t0
core   0: 3 0x80005d10 (0x025d7cb3) x25 0x00000000
core   0: 0x80005d14 (0x0320d633) divu    a2, ra, s2
core   0: 3 0x80005d14 (0x0320d633) x12 0xffffffff
core   0: 0x80005d18 (0x01245333) srl     t1, s0, s2
core   0: 3 0x80005d18 (0x01245333) x 6 0xf7ffda18
core   0: 0x80005d1c (0x41a9db33) sra     s6, s3, s10
core   0: 3 0x80005d1c (0x41a9db33) x22 0x00000000
core   0: 0x80005d20 (0x41aa8033) sub     zero, s5, s10
core   0: 3 0x80005d20 (0x41aa8033)
core   0: 0x80005d24 (0x01a3c263) blt     t2, s10, pc + 4
core   0: 3 0x80005d24 (0x01a3c263)
core   0: 0x80005d28 (0x01f24fb3) xor     t6, tp, t6
core   0: 3 0x80005d28 (0x01f24fb3) x31 0x37ffffff
core   0: 0x80005d2c (0x00000013) nop
core   0: 3 0x80005d2c (0x00000013)
core   0: 0x80005d30 (0x025a8063) beq     s5, t0, pc + 32
core   0: 3 0x80005d30 (0x025a8063)
core   0: 0x80005d34 (0x77184c93) xori    s9, a6, 1905
core   0: 3 0x80005d34 (0x77184c93) x25 0xfffffcc4
core   0: 0x80005d38 (0xb3653237) lui     tp, 0xb3653
core   0: 3 0x80005d38 (0xb3653237) x 4 0xb3653000
core   0: 0x80005d3c (0x026047b3) div     a5, zero, t1
core   0: 3 0x80005d3c (0x026047b3) x15 0x00000000
core   0: 0x80005d40 (0x41788cb3) sub     s9, a7, s7
core   0: 3 0x80005d40 (0x41788cb3) x25 0x4ab6eb86
core   0: 0x80005d44 (0x02d6f4b3) remu    s1, a3, a3
core   0: 3 0x80005d44 (0x02d6f4b3) x 9 0x00000000
core   0: 0x80005d48 (0x02e7b2b3) mulhu   t0, a5, a4
core   0: 3 0x80005d48 (0x02e7b2b3) x 5 0x00000000
core   0: 0x80005d4c (0x01403333) snez    t1, s4
core   0: 3 0x80005d4c (0x01403333) x 6 0x00000001
core   0: 0x80005d50 (0xd8428e13) addi    t3, t0, -636
core   0: 3 0x80005d50 (0xd8428e13) x28 0xfffffd84
core   0: 0x80005d54 (0x02b45ab3) divu    s5, s0, a1
core   0: 3 0x80005d54 (0x02b45ab3) x21 0x00000001
core   0: 0x80005d58 (0x018f0db3) add     s11, t5, s8
core   0: 3 0x80005d58 (0x018f0db3) x27 0x00000000
core   0: 0x80005d5c (0x4888e393) ori     t2, a7, 1160
core   0: 3 0x80005d5c (0x4888e393) x 7 0x00000488
core   0: 0x80005d60 (0x019a7fb3) and     t6, s4, s9
core   0: 3 0x80005d60 (0x019a7fb3) x31 0x00028884
core   0: 0x80005d64 (0x6f8a2537) lui     a0, 0x6f8a2
core   0: 3 0x80005d64 (0x6f8a2537) x10 0x6f8a2000
core   0: 0x80005d68 (0x00b0c863) blt     ra, a1, pc + 16
core   0: 3 0x80005d68 (0x00b0c863)
core   0: 0x80005d6c (0x411cd593) srai    a1, s9, 17
core   0: 3 0x80005d6c (0x411cd593) x11 0x0000255b
core   0: 0x80005d70 (0x015957b3) srl     a5, s2, s5
core   0: 3 0x80005d70 (0x015957b3) x15 0x00000000
core   0: 0x80005d74 (0x038a38b3) mulhu   a7, s4, s8
core   0: 3 0x80005d74 (0x038a38b3) x17 0x00000000
core   0: 0x80005d78 (0x00eaf933) and     s2, s5, a4
core   0: 3 0x80005d78 (0x00eaf933) x18 0x00000000
core   0: 0x80005d7c (0xb5e80d13) addi    s10, a6, -1186
core   0: 3 0x80005d7c (0xb5e80d13) x26 0xfffff713
core   0: 0x80005d80 (0x4fa7c913) xori    s2, a5, 1274
core   0: 3 0x80005d80 (0x4fa7c913) x18 0x000004fa
core   0: 0x80005d84 (0x003cd3b3) srl     t2, s9, gp
core   0: 3 0x80005d84 (0x003cd3b3) x 7 0x4ab6eb86
core   0: 0x80005d88 (0x00f84833) xor     a6, a6, a5
core   0: 3 0x80005d88 (0x00f84833) x16 0xfffffbb5
core   0: 0x80005d8c (0x029da9b3) mulhsu  s3, s11, s1
core   0: 3 0x80005d8c (0x029da9b3) x19 0x00000000
core   0: 0x80005d90 (0x006831b3) sltu    gp, a6, t1
core   0: 3 0x80005d90 (0x006831b3) x 3 0x00000000
core   0: 0x80005d94 (0x00000013) nop
core   0: 3 0x80005d94 (0x00000013)
core   0: 0x80005d98 (0x93ad8d13) addi    s10, s11, -1734
core   0: 3 0x80005d98 (0x93ad8d13) x26 0xfffff93a
core   0: 0x80005d9c (0x032aa433) mulhsu  s0, s5, s2
core   0: 3 0x80005d9c (0x032aa433) x 8 0x00000000
core   0: 0x80005da0 (0x01799813) slli    a6, s3, 23
core   0: 3 0x80005da0 (0x01799813) x16 0x00000000
core   0: 0x80005da4 (0x005af333) and     t1, s5, t0
core   0: 3 0x80005da4 (0x005af333) x 6 0x00000000
core   0: 0x80005da8 (0x02e45263) bge     s0, a4, pc + 36
core   0: 3 0x80005da8 (0x02e45263)
core   0: 0x80005dcc (0x035ac733) div     a4, s5, s5
core   0: 3 0x80005dcc (0x035ac733) x14 0x00000001
core   0: 0x80005dd0 (0x028fa3b3) mulhsu  t2, t6, s0
core   0: 3 0x80005dd0 (0x028fa3b3) x 7 0x00000000
core   0: 0x80005dd4 (0x00a59313) slli    t1, a1, 10
core   0: 3 0x80005dd4 (0x00a59313) x 6 0x00956c00
core   0: 0x80005dd8 (0x01621513) slli    a0, tp, 22
core   0: 3 0x80005dd8 (0x01621513) x10 0x00000000
core   0: 0x80005ddc (0x3727ea93) ori     s5, a5, 882
core   0: 3 0x80005ddc (0x3727ea93) x21 0x00000372
core   0: 0x80005de0 (0x03ff34b3) mulhu   s1, t5, t6
core   0: 3 0x80005de0 (0x03ff34b3) x 9 0x00000000
core   0: 0x80005de4 (0x05bc8863) beq     s9, s11, pc + 80
core   0: 3 0x80005de4 (0x05bc8863)
core   0: 0x80005de8 (0x007ef1b3) and     gp, t4, t2
core   0: 3 0x80005de8 (0x007ef1b3) x 3 0x00000000
core   0: 0x80005dec (0x0f2d9537) lui     a0, 0xf2d9
core   0: 3 0x80005dec (0x0f2d9537) x10 0x0f2d9000
core   0: 0x80005df0 (0x00ac1f93) slli    t6, s8, 10
core   0: 3 0x80005df0 (0x00ac1f93) x31 0x00000000
core   0: 0x80005df4 (0x01fbee33) or      t3, s7, t6
core   0: 3 0x80005df4 (0x01fbee33) x28 0xb549147a
core   0: 0x80005df8 (0x00000013) nop
core   0: 3 0x80005df8 (0x00000013)
core   0: 0x80005dfc (0x6510f937) lui     s2, 0x6510f
core   0: 3 0x80005dfc (0x6510f937) x18 0x6510f000
core   0: 0x80005e00 (0xb3f02037) lui     zero, 0xb3f02
core   0: 3 0x80005e00 (0xb3f02037)
core   0: 0x80005e04 (0x415f7d93) andi    s11, t5, 1045
core   0: 3 0x80005e04 (0x415f7d93) x27 0x00000000
core   0: 0x80005e08 (0x034aca63) blt     s5, s4, pc + 52
core   0: 3 0x80005e08 (0x034aca63)
core   0: 0x80005e0c (0x008d6863) bltu    s10, s0, pc + 16
core   0: 3 0x80005e0c (0x008d6863)
core   0: 0x80005e10 (0x00000013) nop
core   0: 3 0x80005e10 (0x00000013)
core   0: 0x80005e14 (0xc2664693) xori    a3, a2, -986
core   0: 3 0x80005e14 (0xc2664693) x13 0x000003d9
core   0: 0x80005e18 (0x404f5033) sra     zero, t5, tp
core   0: 3 0x80005e18 (0x404f5033)
core   0: 0x80005e1c (0x016071b3) and     gp, zero, s6
core   0: 3 0x80005e1c (0x016071b3) x 3 0x00000000
core   0: 0x80005e20 (0x3567fb13) andi    s6, a5, 854
core   0: 3 0x80005e20 (0x3567fb13) x22 0x00000000
core   0: 0x80005e24 (0x002b99b3) sll     s3, s7, sp
core   0: 3 0x80005e24 (0x002b99b3) x19 0x549147a0
core   0: 0x80005e28 (0x01e71863) bne     a4, t5, pc + 16
core   0: 3 0x80005e28 (0x01e71863)
core   0: 0x80005e38 (0x40ef08b3) sub     a7, t5, a4
core   0: 3 0x80005e38 (0x40ef08b3) x17 0xffffffff
core   0: 0x80005e3c (0xf9a90c93) addi    s9, s2, -102
core   0: 3 0x80005e3c (0xf9a90c93) x25 0x6510ef9a
core   0: 0x80005e40 (0x00934533) xor     a0, t1, s1
core   0: 3 0x80005e40 (0x00934533) x10 0x00956c00
core   0: 0x80005e44 (0x0384b833) mulhu   a6, s1, s8
core   0: 3 0x80005e44 (0x0384b833) x16 0x00000000
core   0: 0x80005e48 (0x6ecbb993) sltiu   s3, s7, 1772
core   0: 3 0x80005e48 (0x6ecbb993) x19 0x00000000
core   0: 0x80005e4c (0x009d8e63) beq     s11, s1, pc + 28
core   0: 3 0x80005e4c (0x009d8e63)
core   0: 0x80005e68 (0x02efcfb3) div     t6, t6, a4
core   0: 3 0x80005e68 (0x02efcfb3) x31 0x00000000
core   0: 0x80005e6c (0x04185263) bge     a6, ra, pc + 68
core   0: 3 0x80005e6c (0x04185263)
core   0: 0x80005eb0 (0x01e6dc63) bge     a3, t5, pc + 24
core   0: 3 0x80005eb0 (0x01e6dc63)
core   0: 0x80005ec8 (0x022e3c33) mulhu   s8, t3, sp
core   0: 3 0x80005ec8 (0x022e3c33) x24 0x5aa637a6
core   0: 0x80005ecc (0x001e1313) slli    t1, t3, 1
core   0: 3 0x80005ecc (0x001e1313) x 6 0x6a9228f4
core   0: 0x80005ed0 (0x032766b3) rem     a3, a4, s2
core   0: 3 0x80005ed0 (0x032766b3) x13 0x00000001
core   0: 0x80005ed4 (0x80e0a217) auipc   tp, 0x80e0a
core   0: 3 0x80005ed4 (0x80e0a217) x 4 0x00e0fed4
core   0: 0x80005ed8 (0x35ca6c93) ori     s9, s4, 860
core   0: 3 0x80005ed8 (0x35ca6c93) x25 0x80029ffc
core   0: 0x80005edc (0xf9edbd93) sltiu   s11, s11, -98
core   0: 3 0x80005edc (0xf9edbd93) x27 0x00000001
core   0: 0x80005ee0 (0x01fe1693) slli    a3, t3, 31
core   0: 3 0x80005ee0 (0x01fe1693) x13 0x00000000
core   0: 0x80005ee4 (0x01f85713) srli    a4, a6, 31
core   0: 3 0x80005ee4 (0x01f85713) x14 0x00000000
core   0: 0x80005ee8 (0x01361463) bne     a2, s3, pc + 8
core   0: 3 0x80005ee8 (0x01361463)
core   0: 0x80005ef0 (0x03b99033) mulh    zero, s3, s11
core   0: 3 0x80005ef0 (0x03b99033)
core   0: 0x80005ef4 (0x854a9097) auipc   ra, 0x854a9
core   0: 3 0x80005ef4 (0x854a9097) x 1 0x054aeef4
core   0: 0x80005ef8 (0x00f04833) xor     a6, zero, a5
core   0: 3 0x80005ef8 (0x00f04833) x16 0x00000000
core   0: 0x80005efc (0x00b6cfb3) xor     t6, a3, a1
core   0: 3 0x80005efc (0x00b6cfb3) x31 0x0000255b
core   0: 0x80005f00 (0x00893233) sltu    tp, s2, s0
core   0: 3 0x80005f00 (0x00893233) x 4 0x00000000
core   0: 0x80005f04 (0x02c37033) remu    zero, t1, a2
core   0: 3 0x80005f04 (0x02c37033)
core   0: 0x80005f08 (0x032121b3) mulhsu  gp, sp, s2
core   0: 3 0x80005f08 (0x032121b3) x 3 0xcd787765
core   0: 0x80005f0c (0x0076f033) and     zero, a3, t2
core   0: 3 0x80005f0c (0x0076f033)
core   0: 0x80005f10 (0x02690b33) mul     s6, s2, t1
core   0: 3 0x80005f10 (0x02690b33) x22 0xd9a4c000
core   0: 0x80005f14 (0x02113633) mulhu   a2, sp, ra
core   0: 3 0x80005f14 (0x02113633) x12 0x02a58403
core   0: 0x80005f18 (0x005e1193) slli    gp, t3, 5
core   0: 3 0x80005f18 (0x005e1193) x 3 0xa9228f40
core   0: 0x80005f1c (0x40b45b33) sra     s6, s0, a1
core   0: 3 0x80005f1c (0x40b45b33) x22 0x00000000
core   0: 0x80005f20 (0x01a058b3) srl     a7, zero, s10
core   0: 3 0x80005f20 (0x01a058b3) x17 0x00000000
core   0: 0x80005f24 (0x7855b613) sltiu   a2, a1, 1925
core   0: 3 0x80005f24 (0x7855b613) x12 0x00000000
core   0: 0x80005f28 (0x010f68b3) or      a7, t5, a6
core   0: 3 0x80005f28 (0x010f68b3) x17 0x00000000
core   0: 0x80005f2c (0xe278a413) slti    s0, a7, -473
core   0: 3 0x80005f2c (0xe278a413) x 8 0x00000000
core   0: 0x80005f30 (0x03725863) bge     tp, s7, pc + 48
core   0: 3 0x80005f30 (0x03725863)
core   0: 0x80005f60 (0x03da52b3) divu    t0, s4, t4
core   0: 3 0x80005f60 (0x03da52b3) x 5 0x80029ce4
core   0: 0x80005f64 (0x00000013) nop
core   0: 3 0x80005f64 (0x00000013)
core   0: 0x80005f68 (0x01d8bd33) sltu    s10, a7, t4
core   0: 3 0x80005f68 (0x01d8bd33) x26 0x00000001
core   0: 0x80005f6c (0xb61d2313) slti    t1, s10, -1183
core   0: 3 0x80005f6c (0xb61d2313) x 6 0x00000000
core   0: 0x80005f70 (0x6ba9ca93) xori    s5, s3, 1722
core   0: 3 0x80005f70 (0x6ba9ca93) x21 0x000006ba
core   0: 0x80005f74 (0x009f42b3) xor     t0, t5, s1
core   0: 3 0x80005f74 (0x009f42b3) x 5 0x00000000
core   0: 0x80005f78 (0x01841463) bne     s0, s8, pc + 8
core   0: 3 0x80005f78 (0x01841463)
core   0: 0x80005f80 (0x41d50933) sub     s2, a0, t4
core   0: 3 0x80005f80 (0x41d50933) x18 0x00956bff
core   0: 0x80005f84 (0x02514033) div     zero, sp, t0
core   0: 3 0x80005f84 (0x02514033)
core   0: 0x80005f88 (0x04040863) beqz    s0, pc + 80
core   0: 3 0x80005f88 (0x04040863)
core   0: 0x80005fd8 (0x013a3933) sltu    s2, s4, s3
core   0: 3 0x80005fd8 (0x013a3933) x18 0x00000000
core   0: 0x80005fdc (0x00c0f633) and     a2, ra, a2
core   0: 3 0x80005fdc (0x00c0f633) x12 0x00000000
core   0: 0x80005fe0 (0x015f3333) sltu    t1, t5, s5
core   0: 3 0x80005fe0 (0x015f3333) x 6 0x00000001
core   0: 0x80005fe4 (0x402fd333) sra     t1, t6, sp
core   0: 3 0x80005fe4 (0x402fd333) x 6 0x00000255
core   0: 0x80005fe8 (0x0015b3b3) sltu    t2, a1, ra
core   0: 3 0x80005fe8 (0x0015b3b3) x 7 0x00000001
core   0: 0x80005fec (0xdb047c93) andi    s9, s0, -592
core   0: 3 0x80005fec (0xdb047c93) x25 0x00000000
core   0: 0x80005ff0 (0x02ec91b3) mulh    gp, s9, a4
core   0: 3 0x80005ff0 (0x02ec91b3) x 3 0x00000000
core   0: 0x80005ff4 (0xa5cd6a93) ori     s5, s10, -1444
core   0: 3 0x80005ff4 (0xa5cd6a93) x21 0xfffffa5d
core   0: 0x80005ff8 (0x036ecb33) div     s6, t4, s6
core   0: 3 0x80005ff8 (0x036ecb33) x22 0xffffffff
core   0: 0x80005ffc (0x019ae4b3) or      s1, s5, s9
core   0: 3 0x80005ffc (0x019ae4b3) x 9 0xfffffa5d
core   0: 0x80006000 (0x03406ab3) rem     s5, zero, s4
core   0: 3 0x80006000 (0x03406ab3) x21 0x00000000
core   0: 0x80006004 (0x40b15d93) srai    s11, sp, 11
core   0: 3 0x80006004 (0x40b15d93) x27 0xfff0004b
core   0: 0x80006008 (0x337a2513) slti    a0, s4, 823
core   0: 3 0x80006008 (0x337a2513) x10 0x00000001
core   0: 0x8000600c (0x00946b33) or      s6, s0, s1
core   0: 3 0x8000600c (0x00946b33) x22 0xfffffa5d
core   0: 0x80006010 (0x039b4863) blt     s6, s9, pc + 48
core   0: 3 0x80006010 (0x039b4863)
core   0: 0x80006040 (0x00ae9d33) sll     s10, t4, a0
core   0: 3 0x80006040 (0x00ae9d33) x26 0x00000002
core   0: 0x80006044 (0x016906b3) add     a3, s2, s6
core   0: 3 0x80006044 (0x016906b3) x13 0xfffffa5d
core   0: 0x80006048 (0x20ea3813) sltiu   a6, s4, 526
core   0: 3 0x80006048 (0x20ea3813) x16 0x00000000
core   0: 0x8000604c (0x00a51013) slli    zero, a0, 10
core   0: 3 0x8000604c (0x00a51013)
core   0: 0x80006050 (0xe2918eb7) lui     t4, 0xe2918
core   0: 3 0x80006050 (0xe2918eb7) x29 0xe2918000
core   0: 0x80006054 (0x03c405b3) mul     a1, s0, t3
core   0: 3 0x80006054 (0x03c405b3) x11 0x00000000
core   0: 0x80006058 (0x00d53ab3) sltu    s5, a0, a3
core   0: 3 0x80006058 (0x00d53ab3) x21 0x00000001
core   0: 0x8000605c (0x038ac063) blt     s5, s8, pc + 32
core   0: 3 0x8000605c (0x038ac063)
core   0: 0x8000607c (0x5035fe93) andi    t4, a1, 1283
core   0: 3 0x8000607c (0x5035fe93) x29 0x00000000
core   0: 0x80006080 (0x8603fc13) andi    s8, t2, -1952
core   0: 3 0x80006080 (0x8603fc13) x24 0x00000000
core   0: 0x80006084 (0x00000013) nop
core   0: 3 0x80006084 (0x00000013)
core   0: 0x80006088 (0xcc70a037) lui     zero, 0xcc70a
core   0: 3 0x80006088 (0xcc70a037)
core   0: 0x8000608c (0x00000013) nop
core   0: 3 0x8000608c (0x00000013)
core   0: 0x80006090 (0x00601413) slli    s0, zero, 6
core   0: 3 0x80006090 (0x00601413) x 8 0x00000000
core   0: 0x80006094 (0x03b950b3) divu    ra, s2, s11
core   0: 3 0x80006094 (0x03b950b3) x 1 0x00000000
core   0: 0x80006098 (0x00df75b3) and     a1, t5, a3
core   0: 3 0x80006098 (0x00df75b3) x11 0x00000000
core   0: 0x8000609c (0x03b1e233) rem     tp, gp, s11
core   0: 3 0x8000609c (0x03b1e233) x 4 0x00000000
core   0: 0x800060a0 (0x48f06913) ori     s2, zero, 1167
core   0: 3 0x800060a0 (0x48f06913) x18 0x0000048f
core   0: 0x800060a4 (0xaa24c097) auipc   ra, 0xaa24c
core   0: 3 0x800060a4 (0xaa24c097) x 1 0x2a2520a4
core   0: 0x800060a8 (0x401bdab3) sra     s5, s7, ra
core   0: 3 0x800060a8 (0x401bdab3) x21 0xfb549147
core   0: 0x800060ac (0x00000013) nop
core   0: 3 0x800060ac (0x00000013)
core   0: 0x800060b0 (0x408fdf93) srai    t6, t6, 8
core   0: 3 0x800060b0 (0x408fdf93) x31 0x00000025
core   0: 0x800060b4 (0x03428b33) mul     s6, t0, s4
core   0: 3 0x800060b4 (0x03428b33) x22 0x00000000
core   0: 0x800060b8 (0x03720ab3) mul     s5, tp, s7
core   0: 3 0x800060b8 (0x03720ab3) x21 0x00000000
core   0: 0x800060bc (0x01e5d333) srl     t1, a1, t5
core   0: 3 0x800060bc (0x01e5d333) x 6 0x00000000
core   0: 0x800060c0 (0xc5d52713) slti    a4, a0, -931
core   0: 3 0x800060c0 (0xc5d52713) x14 0x00000000
core   0: 0x800060c4 (0xfc0bc313) xori    t1, s7, -64
core   0: 3 0x800060c4 (0xfc0bc313) x 6 0x4ab6ebba
core   0: 0x800060c8 (0x02f9ca63) blt     s3, a5, pc + 52
core   0: 3 0x800060c8 (0x02f9ca63)
core   0: 0x800060cc (0x019fa5b3) slt     a1, t6, s9
core   0: 3 0x800060cc (0x019fa5b3) x11 0x00000000
core   0: 0x800060d0 (0xf9688d13) addi    s10, a7, -106
core   0: 3 0x800060d0 (0xf9688d13) x26 0xffffff96
core   0: 0x800060d4 (0x03861ab3) mulh    s5, a2, s8
core   0: 3 0x800060d4 (0x03861ab3) x21 0x00000000
core   0: 0x800060d8 (0x02b4c8b3) div     a7, s1, a1
core   0: 3 0x800060d8 (0x02b4c8b3) x17 0xffffffff
core   0: 0x800060dc (0x5e6a3493) sltiu   s1, s4, 1510
core   0: 3 0x800060dc (0x5e6a3493) x 9 0x00000000
core   0: 0x800060e0 (0x02964263) blt     a2, s1, pc + 36
core   0: 3 0x800060e0 (0x02964263)
core   0: 0x800060e4 (0x3adcee93) ori     t4, s9, 941
core   0: 3 0x800060e4 (0x3adcee93) x29 0x000003ad
core   0: 0x800060e8 (0x00a2f2b3) and     t0, t0, a0
core   0: 3 0x800060e8 (0x00a2f2b3) x 5 0x00000000
core   0: 0x800060ec (0x03fae833) rem     a6, s5, t6
core   0: 3 0x800060ec (0x03fae833) x16 0x00000000
core   0: 0x800060f0 (0x01d4e633) or      a2, s1, t4
core   0: 3 0x800060f0 (0x01d4e633) x12 0x000003ad
core   0: 0x800060f4 (0x01409333) sll     t1, ra, s4
core   0: 3 0x800060f4 (0x01409333) x 6 0xa2520a40
core   0: 0x800060f8 (0xe375ce13) xori    t3, a1, -457
core   0: 3 0x800060f8 (0xe375ce13) x28 0xfffffe37
core   0: 0x800060fc (0xd4d93713) sltiu   a4, s2, -691
core   0: 3 0x800060fc (0xd4d93713) x14 0x00000001
core   0: 0x80006100 (0x006adc63) bge     s5, t1, pc + 24
core   0: 3 0x80006100 (0x006adc63)
core   0: 0x80006118 (0x01c7c863) blt     a5, t3, pc + 16
core   0: 3 0x80006118 (0x01c7c863)
core   0: 0x8000611c (0x03660a63) beq     a2, s6, pc + 52
core   0: 3 0x8000611c (0x03660a63)
core   0: 0x80006120 (0x00719b33) sll     s6, gp, t2
core   0: 3 0x80006120 (0x00719b33) x22 0x00000000
core   0: 0x80006124 (0x030df263) bgeu    s11, a6, pc + 36
core   0: 3 0x80006124 (0x030df263)
core   0: 0x80006148 (0x00217263) bgeu    sp, sp, pc + 4
core   0: 3 0x80006148 (0x00217263)
core   0: 0x8000614c (0x043b4263) blt     s6, gp, pc + 68
core   0: 3 0x8000614c (0x043b4263)
core   0: 0x80006150 (0x01f8ee33) or      t3, a7, t6
core   0: 3 0x80006150 (0x01f8ee33) x28 0xffffffff
core   0: 0x80006154 (0x0366e6b3) rem     a3, a3, s6
core   0: 3 0x80006154 (0x0366e6b3) x13 0xfffffa5d
core   0: 0x80006158 (0x019f42b3) xor     t0, t5, s9
core   0: 3 0x80006158 (0x019f42b3) x 5 0x00000000
core   0: 0x8000615c (0x02429333) mulh    t1, t0, tp
core   0: 3 0x8000615c (0x02429333) x 6 0x00000000
core   0: 0x80006160 (0x01c69663) bne     a3, t3, pc + 12
core   0: 3 0x80006160 (0x01c69663)
core   0: 0x8000616c (0x02cd9fb3) mulh    t6, s11, a2
core   0: 3 0x8000616c (0x02cd9fb3) x31 0xffffffff
core   0: 0x80006170 (0xfe54de17) auipc   t3, 0xfe54d
core   0: 3 0x80006170 (0xfe54de17) x28 0x7e553170
core   0: 0x80006174 (0x00b7d7b3) srl     a5, a5, a1
core   0: 3 0x80006174 (0x00b7d7b3) x15 0x00000000
core   0: 0x80006178 (0x05220063) beq     tp, s2, pc + 64
core   0: 3 0x80006178 (0x05220063)
core   0: 0x8000617c (0x033c7633) remu    a2, s8, s3
core   0: 3 0x8000617c (0x033c7633) x12 0x00000000
core   0: 0x80006180 (0x01edb4b3) sltu    s1, s11, t5
core   0: 3 0x80006180 (0x01edb4b3) x 9 0x00000000
core   0: 0x80006184 (0x03ad4b33) div     s6, s10, s10
core   0: 3 0x80006184 (0x03ad4b33) x22 0x00000001
core   0: 0x80006188 (0x951ed237) lui     tp, 0x951ed
core   0: 3 0x80006188 (0x951ed237) x 4 0x951ed000
core   0: 0x8000618c (0x0229fb33) remu    s6, s3, sp
core   0: 3 0x8000618c (0x0229fb33) x22 0x00000000
core   0: 0x80006190 (0x0200bdb3) mulhu   s11, ra, zero
core   0: 3 0x80006190 (0x0200bdb3) x27 0x00000000
core   0: 0x80006194 (0x415ed333) sra     t1, t4, s5
core   0: 3 0x80006194 (0x415ed333) x 6 0x000003ad
core   0: 0x80006198 (0xa5a10a93) addi    s5, sp, -1446
core   0: 3 0x80006198 (0xa5a10a93) x21 0x800258be
core   0: 0x8000619c (0x02d861b3) rem     gp, a6, a3
core   0: 3 0x8000619c (0x02d861b3) x 3 0x00000000
core   0: 0x800061a0 (0xa7373413) sltiu   s0, a4, -1421
core   0: 3 0x800061a0 (0xa7373413) x 8 0x00000001
core   0: 0x800061a4 (0x01c9e1b3) or      gp, s3, t3
core   0: 3 0x800061a4 (0x01c9e1b3) x 3 0x7e553170
core   0: 0x800061a8 (0x0adf6263) bltu    t5, a3, pc + 164
core   0: 3 0x800061a8 (0x0adf6263)
core   0: 0x8000624c (0x0011dc63) bge     gp, ra, pc + 24
core   0: 3 0x8000624c (0x0011dc63)
core   0: 0x80006264 (0x00000013) nop
core   0: 3 0x80006264 (0x00000013)
core   0: 0x80006268 (0x03626cb3) rem     s9, tp, s6
core   0: 3 0x80006268 (0x03626cb3) x25 0x951ed000
core   0: 0x8000626c (0x407ed013) srai    zero, t4, 7
core   0: 3 0x8000626c (0x407ed013)
core   0: 0x80006270 (0x017218b3) sll     a7, tp, s7
core   0: 3 0x80006270 (0x017218b3) x17 0x00000000
core   0: 0x80006274 (0x002e4e33) xor     t3, t3, sp
core   0: 3 0x80006274 (0x002e4e33) x28 0xfe576f14
core   0: 0x80006278 (0x40bed233) sra     tp, t4, a1
core   0: 3 0x80006278 (0x40bed233) x 4 0x000003ad
core   0: 0x8000627c (0xe33f2513) slti    a0, t5, -461
core   0: 3 0x8000627c (0xe33f2513) x10 0x00000000
core   0: 0x80006280 (0x0142b233) sltu    tp, t0, s4
core   0: 3 0x80006280 (0x0142b233) x 4 0x00000001
core   0: 0x80006284 (0x03d06433) rem     s0, zero, t4
core   0: 3 0x80006284 (0x03d06433) x 8 0x00000000
core   0: 0x80006288 (0x00631233) sll     tp, t1, t1
core   0: 3 0x80006288 (0x00631233) x 4 0x0075a000
core   0: 0x8000628c (0x8fa582b7) lui     t0, 0x8fa58
core   0: 3 0x8000628c (0x8fa582b7) x 5 0x8fa58000
core   0: 0x80006290 (0x389cc793) xori    a5, s9, 905
core   0: 3 0x80006290 (0x389cc793) x15 0x951ed389
core   0: 0x80006294 (0x00a6fb33) and     s6, a3, a0
core   0: 3 0x80006294 (0x00a6fb33) x22 0x00000000
core   0: 0x80006298 (0x032c1f33) mulh    t5, s8, s2
core   0: 3 0x80006298 (0x032c1f33) x30 0x00000000
core   0: 0x8000629c (0x00591a93) slli    s5, s2, 5
core   0: 3 0x8000629c (0x00591a93) x21 0x000091e0
core   0: 0x800062a0 (0x00698d33) add     s10, s3, t1
core   0: 3 0x800062a0 (0x00698d33) x26 0x000003ad
core   0: 0x800062a4 (0x005d5263) bge     s10, t0, pc + 4
core   0: 3 0x800062a4 (0x005d5263)
core   0: 0x800062a8 (0x72e06c13) ori     s8, zero, 1838
core   0: 3 0x800062a8 (0x72e06c13) x24 0x0000072e
core   0: 0x800062ac (0x0fa38e93) addi    t4, t2, 250
core   0: 3 0x800062ac (0x0fa38e93) x29 0x000000fb
core   0: 0x800062b0 (0x03c8f433) remu    s0, a7, t3
core   0: 3 0x800062b0 (0x03c8f433) x 8 0x00000000
core   0: 0x800062b4 (0x0319e8b3) rem     a7, s3, a7
core   0: 3 0x800062b4 (0x0319e8b3) x17 0x00000000
core   0: 0x800062b8 (0x016b73b3) and     t2, s6, s6
core   0: 3 0x800062b8 (0x016b73b3) x 7 0x00000000
core   0: 0x800062bc (0x01d33333) sltu    t1, t1, t4
core   0: 3 0x800062bc (0x01d33333) x 6 0x00000000
core   0: 0x800062c0 (0x00000013) nop
core   0: 3 0x800062c0 (0x00000013)
core   0: 0x800062c4 (0x0268dab3) divu    s5, a7, t1
core   0: 3 0x800062c4 (0x0268dab3) x21 0xffffffff
core   0: 0x800062c8 (0x40c1d293) srai    t0, gp, 12
core   0: 3 0x800062c8 (0x40c1d293) x 5 0x0007e553
core   0: 0x800062cc (0x039229b3) mulhsu  s3, tp, s9
core   0: 3 0x800062cc (0x039229b3) x19 0x00448448
core   0: 0x800062d0 (0x0176e463) bltu    a3, s7, pc + 8
core   0: 3 0x800062d0 (0x0176e463)
core   0: 0x800062d4 (0x03ff4a63) blt     t5, t6, pc + 52
core   0: 3 0x800062d4 (0x03ff4a63)
core   0: 0x800062d8 (0x0198d793) srli    a5, a7, 25
core   0: 3 0x800062d8 (0x0198d793) x15 0x00000000
core   0: 0x800062dc (0x032a9863) bne     s5, s2, pc + 48
core   0: 3 0x800062dc (0x032a9863)
core   0: 0x8000630c (0x011f2ab3) slt     s5, t5, a7
core   0: 3 0x8000630c (0x011f2ab3) x21 0x00000000
core   0: 0x80006310 (0x03664063) blt     a2, s6, pc + 32
core   0: 3 0x80006310 (0x03664063)
core   0: 0x80006314 (0x046af663) bgeu    s5, t1, pc + 76
core   0: 3 0x80006314 (0x046af663)
core   0: 0x80006360 (0x002c9e63) bne     s9, sp, pc + 28
core   0: 3 0x80006360 (0x002c9e63)
core   0: 0x8000637c (0x00c70d33) add     s10, a4, a2
core   0: 3 0x8000637c (0x00c70d33) x26 0x00000001
core   0: 0x80006380 (0x0017e9b3) or      s3, a5, ra
core   0: 3 0x80006380 (0x0017e9b3) x19 0x2a2520a4
core   0: 0x80006384 (0xed5ab893) sltiu   a7, s5, -299
core   0: 3 0x80006384 (0xed5ab893) x17 0x00000001
core   0: 0x80006388 (0x00a7d1b3) srl     gp, a5, a0
core   0: 3 0x80006388 (0x00a7d1b3) x 3 0x00000000
core   0: 0x8000638c (0x03f25233) divu    tp, tp, t6
core   0: 3 0x8000638c (0x03f25233) x 4 0x00000000
core   0: 0x80006390 (0x02c09633) mulh    a2, ra, a2
core   0: 3 0x80006390 (0x02c09633) x12 0x00000000
core   0: 0x80006394 (0x017c9db3) sll     s11, s9, s7
core   0: 3 0x80006394 (0x017c9db3) x27 0x00000000
core   0: 0x80006398 (0x01089393) slli    t2, a7, 16
core   0: 3 0x80006398 (0x01089393) x 7 0x00010000
core   0: 0x8000639c (0x02f339b3) mulhu   s3, t1, a5
core   0: 3 0x8000639c (0x02f339b3) x19 0x00000000
core   0: 0x800063a0 (0x023dafb3) mulhsu  t6, s11, gp
core   0: 3 0x800063a0 (0x023dafb3) x31 0x00000000
core   0: 0x800063a4 (0x03a85eb3) divu    t4, a6, s10
core   0: 3 0x800063a4 (0x03a85eb3) x29 0x00000000
core   0: 0x800063a8 (0x058d9263) bne     s11, s8, pc + 68
core   0: 3 0x800063a8 (0x058d9263)
core   0: 0x800063ec (0x01a67433) and     s0, a2, s10
core   0: 3 0x800063ec (0x01a67433) x 8 0x00000000
core   0: 0x800063f0 (0xd697b493) sltiu   s1, a5, -663
core   0: 3 0x800063f0 (0xd697b493) x 9 0x00000001
core   0: 0x800063f4 (0xde1ffe37) lui     t3, 0xde1ff
core   0: 3 0x800063f4 (0xde1ffe37) x28 0xde1ff000
core   0: 0x800063f8 (0x00bf1863) bne     t5, a1, pc + 16
core   0: 3 0x800063f8 (0x00bf1863)
core   0: 0x800063fc (0xfa457913) andi    s2, a0, -92
core   0: 3 0x800063fc (0xfa457913) x18 0x00000000
core   0: 0x80006400 (0x00000013) nop
core   0: 3 0x80006400 (0x00000013)
core   0: 0x80006404 (0x01e14663) blt     sp, t5, pc + 12
core   0: 3 0x80006404 (0x01e14663)
core   0: 0x80006410 (0x039ed933) divu    s2, t4, s9
core   0: 3 0x80006410 (0x039ed933) x18 0x00000000
core   0: 0x80006414 (0x00217a63) bgeu    sp, sp, pc + 20
core   0: 3 0x80006414 (0x00217a63)
core   0: 0x80006428 (0x012c1b33) sll     s6, s8, s2
core   0: 3 0x80006428 (0x012c1b33) x22 0x0000072e
core   0: 0x8000642c (0x03769d33) mulh    s10, a3, s7
core   0: 3 0x8000642c (0x03769d33) x26 0x000001a5
core   0: 0x80006430 (0x00751f33) sll     t5, a0, t2
core   0: 3 0x80006430 (0x00751f33) x30 0x00000000
core   0: 0x80006434 (0x00000013) nop
core   0: 3 0x80006434 (0x00000013)
core   0: 0x80006438 (0x035ab933) mulhu   s2, s5, s5
core   0: 3 0x80006438 (0x035ab933) x18 0x00000000
core   0: 0x8000643c (0x01f52eb3) slt     t4, a0, t6
core   0: 3 0x8000643c (0x01f52eb3) x29 0x00000000
core   0: 0x80006440 (0x03b3e3b3) rem     t2, t2, s11
core   0: 3 0x80006440 (0x03b3e3b3) x 7 0x00010000
core   0: 0x80006444 (0x0287ea63) bltu    a5, s0, pc + 52
core   0: 3 0x80006444 (0x0287ea63)
core   0: 0x80006448 (0x03f856b3) divu    a3, a6, t6
core   0: 3 0x80006448 (0x03f856b3) x13 0xffffffff
core   0: 0x8000644c (0x00feffb3) and     t6, t4, a5
core   0: 3 0x8000644c (0x00feffb3) x31 0x00000000
core   0: 0x80006450 (0x40b4d013) srai    zero, s1, 11
core   0: 3 0x80006450 (0x40b4d013)
core   0: 0x80006454 (0x0264c2b3) div     t0, s1, t1
core   0: 3 0x80006454 (0x0264c2b3) x 5 0xffffffff
core   0: 0x80006458 (0x05a48863) beq     s1, s10, pc + 80
core   0: 3 0x80006458 (0x05a48863)
core   0: 0x8000645c (0x00a0c663) blt     ra, a0, pc + 12
core   0: 3 0x8000645c (0x00a0c663)
core   0: 0x80006460 (0x04475063) bge     a4, tp, pc + 64
core   0: 3 0x80006460 (0x04475063)
core   0: 0x800064a0 (0x01ba1793) slli    a5, s4, 27
core   0: 3 0x800064a0 (0x01ba1793) x15 0x20000000
core   0: 0x800064a4 (0x038bd5b3) divu    a1, s7, s8
core   0: 3 0x800064a4 (0x038bd5b3) x11 0x00193ff1
core   0: 0x800064a8 (0x02793933) mulhu   s2, s2, t2
core   0: 3 0x800064a8 (0x02793933) x18 0x00000000
core   0: 0x800064ac (0x01e99e93) slli    t4, s3, 30
core   0: 3 0x800064ac (0x01e99e93) x29 0x00000000
core   0: 0x800064b0 (0x035ac0b3) div     ra, s5, s5
core   0: 3 0x800064b0 (0x035ac0b3) x 1 0xffffffff
core   0: 0x800064b4 (0x403b5033) sra     zero, s6, gp
core   0: 3 0x800064b4 (0x403b5033)
core   0: 0x800064b8 (0x00ad3fb3) sltu    t6, s10, a0
core   0: 3 0x800064b8 (0x00ad3fb3) x31 0x00000000
core   0: 0x800064bc (0x01acd1b3) srl     gp, s9, s10
core   0: 3 0x800064bc (0x01acd1b3) x 3 0x04a8f680
core   0: 0x800064c0 (0x2a592693) slti    a3, s2, 677
core   0: 3 0x800064c0 (0x2a592693) x13 0x00000001
core   0: 0x800064c4 (0x033ee633) rem     a2, t4, s3
core   0: 3 0x800064c4 (0x033ee633) x12 0x00000000
core   0: 0x800064c8 (0x0385d7b3) divu    a5, a1, s8
core   0: 3 0x800064c8 (0x0385d7b3) x15 0x00000384
core   0: 0x800064cc (0xdf7bb593) sltiu   a1, s7, -521
core   0: 3 0x800064cc (0xdf7bb593) x11 0x00000001
core   0: 0x800064d0 (0x12ef5417) auipc   s0, 0x12ef5
core   0: 3 0x800064d0 (0x12ef5417) x 8 0x92efb4d0
core   0: 0x800064d4 (0x03a2bc33) mulhu   s8, t0, s10
core   0: 3 0x800064d4 (0x03a2bc33) x24 0x000001a4
core   0: 0x800064d8 (0xea10b413) sltiu   s0, ra, -351
core   0: 3 0x800064d8 (0xea10b413) x 8 0x00000000
core   0: 0x800064dc (0x035e8fb3) mul     t6, t4, s5
core   0: 3 0x800064dc (0x035e8fb3) x31 0x00000000
core   0: 0x800064e0 (0xacb32e93) slti    t4, t1, -1333
core   0: 3 0x800064e0 (0xacb32e93) x29 0x00000000
core   0: 0x800064e4 (0x0184dfb3) srl     t6, s1, s8
core   0: 3 0x800064e4 (0x0184dfb3) x31 0x00000000
core   0: 0x800064e8 (0x038481b3) mul     gp, s1, s8
core   0: 3 0x800064e8 (0x038481b3) x 3 0x000001a4
core   0: 0x800064ec (0x00000013) nop
core   0: 3 0x800064ec (0x00000013)
core   0: 0x800064f0 (0x02026833) rem     a6, tp, zero
core   0: 3 0x800064f0 (0x02026833) x16 0x00000000
core   0: 0x800064f4 (0x018e0233) add     tp, t3, s8
core   0: 3 0x800064f4 (0x018e0233) x 4 0xde1ff1a4
core   0: 0x800064f8 (0x008df233) and     tp, s11, s0
core   0: 3 0x800064f8 (0x008df233) x 4 0x00000000
core   0: 0x800064fc (0x022ef263) bgeu    t4, sp, pc + 36
core   0: 3 0x800064fc (0x022ef263)
core   0: 0x80006500 (0x03832db3) mulhsu  s11, t1, s8
core   0: 3 0x80006500 (0x03832db3) x27 0x00000000
core   0: 0x80006504 (0x5cb0fc37) lui     s8, 0x5cb0f
core   0: 3 0x80006504 (0x5cb0fc37) x24 0x5cb0f000
core   0: 0x80006508 (0x006c8533) add     a0, s9, t1
core   0: 3 0x80006508 (0x006c8533) x10 0x951ed000
core   0: 0x8000650c (0x026fdb33) divu    s6, t6, t1
core   0: 3 0x8000650c (0x026fdb33) x22 0xffffffff
core   0: 0x80006510 (0x036b21b3) mulhsu  gp, s6, s6
core   0: 3 0x80006510 (0x036b21b3) x 3 0xffffffff
core   0: 0x80006514 (0x16c93413) sltiu   s0, s2, 364
core   0: 3 0x80006514 (0x16c93413) x 8 0x00000001
core   0: 0x80006518 (0x0331de63) bge     gp, s3, pc + 60
core   0: 3 0x80006518 (0x0331de63)
core   0: 0x8000651c (0x38233013) sltiu   zero, t1, 898
core   0: 3 0x8000651c (0x38233013)
core   0: 0x80006520 (0x039c5433) divu    s0, s8, s9
core   0: 3 0x80006520 (0x039c5433) x 8 0x00000000
core   0: 0x80006524 (0x367f7f93) andi    t6, t5, 871
core   0: 3 0x80006524 (0x367f7f93) x31 0x00000000
core   0: 0x80006528 (0x01cc9793) slli    a5, s9, 28
core   0: 3 0x80006528 (0x01cc9793) x15 0x00000000
core   0: 0x8000652c (0x40f55733) sra     a4, a0, a5
core   0: 3 0x8000652c (0x40f55733) x14 0x951ed000
core   0: 0x80006530 (0x017c69b3) or      s3, s8, s7
core   0: 3 0x80006530 (0x017c69b3) x19 0xfdf9f47a
core   0: 0x80006534 (0x00cce7b3) or      a5, s9, a2
core   0: 3 0x80006534 (0x00cce7b3) x15 0x951ed000
core   0: 0x80006538 (0xc49f0213) addi    tp, t5, -951
core   0: 3 0x80006538 (0xc49f0213) x 4 0xfffffc49
core   0: 0x8000653c (0x01042533) slt     a0, s0, a6
core   0: 3 0x8000653c (0x01042533) x10 0x00000000
core   0: 0x80006540 (0x00651833) sll     a6, a0, t1
core   0: 3 0x80006540 (0x00651833) x16 0x00000000
core   0: 0x80006544 (0x1d478a93) addi    s5, a5, 468
core   0: 3 0x80006544 (0x1d478a93) x21 0x951ed1d4
core   0: 0x80006548 (0x0376c7b3) div     a5, a3, s7
core   0: 3 0x80006548 (0x0376c7b3) x15 0x00000000
core   0: 0x8000654c (0x01198cb3) add     s9, s3, a7
core   0: 3 0x8000654c (0x01198cb3) x25 0xfdf9f47b
core   0: 0x80006550 (0x45b79e37) lui     t3, 0x45b79
core   0: 3 0x80006550 (0x45b79e37) x28 0x45b79000
core   0: 0x80006554 (0x035277b3) remu    a5, tp, s5
core   0: 3 0x80006554 (0x035277b3) x15 0x6ae12a75
core   0: 0x80006558 (0x15d26693) ori     a3, tp, 349
core   0: 3 0x80006558 (0x15d26693) x13 0xfffffd5d
core   0: 0x8000655c (0x033488b3) mul     a7, s1, s3
core   0: 3 0x8000655c (0x033488b3) x17 0xfdf9f47a
core   0: 0x80006560 (0x0392c633) div     a2, t0, s9
core   0: 3 0x80006560 (0x0392c633) x12 0x00000000
core   0: 0x80006564 (0x00da2c33) slt     s8, s4, a3
core   0: 3 0x80006564 (0x00da2c33) x24 0x00000001
core   0: 0x80006568 (0x03dd6cb3) rem     s9, s10, t4
core   0: 3 0x80006568 (0x03dd6cb3) x25 0x000001a5
core   0: 0x8000656c (0x00527233) and     tp, tp, t0
core   0: 3 0x8000656c (0x00527233) x 4 0xfffffc49
core   0: 0x80006570 (0x0183c333) xor     t1, t2, s8
core   0: 3 0x80006570 (0x0183c333) x 6 0x00010001
core   0: 0x80006574 (0x01044db3) xor     s11, s0, a6
core   0: 3 0x80006574 (0x01044db3) x27 0x00000000
core   0: 0x80006578 (0x32af7293) andi    t0, t5, 810
core   0: 3 0x80006578 (0x32af7293) x 5 0x00000000
core   0: 0x8000657c (0x00bc87b3) add     a5, s9, a1
core   0: 3 0x8000657c (0x00bc87b3) x15 0x000001a6
core   0: 0x80006580 (0x01becc63) blt     t4, s11, pc + 24
core   0: 3 0x80006580 (0x01becc63)
core   0: 0x80006584 (0x00f33fb3) sltu    t6, t1, a5
core   0: 3 0x80006584 (0x00f33fb3) x31 0x00000000
core   0: 0x80006588 (0x19192d93) slti    s11, s2, 401
core   0: 3 0x80006588 (0x19192d93) x27 0x00000001
core   0: 0x8000658c (0x00000013) nop
core   0: 3 0x8000658c (0x00000013)
core   0: 0x80006590 (0x9770ae13) slti    t3, ra, -1673
core   0: 3 0x80006590 (0x9770ae13) x28 0x00000000
core   0: 0x80006594 (0x011baf33) slt     t5, s7, a7
core   0: 3 0x80006594 (0x011baf33) x30 0x00000001
core   0: 0x80006598 (0x03378cb3) mul     s9, a5, s3
core   0: 3 0x80006598 (0x03378cb3) x25 0xaa09011c
core   0: 0x8000659c (0x03ab4263) blt     s6, s10, pc + 36
core   0: 3 0x8000659c (0x03ab4263)
core   0: 0x800065c0 (0x01c30ab3) add     s5, t1, t3
core   0: 3 0x800065c0 (0x01c30ab3) x21 0x00010001
core   0: 0x800065c4 (0x01815663) bge     sp, s8, pc + 12
core   0: 3 0x800065c4 (0x01815663)
core   0: 0x800065c8 (0xed92c717) auipc   a4, 0xed92c
core   0: 3 0x800065c8 (0xed92c717) x14 0x6d9325c8
core   0: 0x800065cc (0x77a34213) xori    tp, t1, 1914
core   0: 3 0x800065cc (0x77a34213) x 4 0x0001077b
core   0: 0x800065d0 (0x000fda63) bgez    t6, pc + 20
core   0: 3 0x800065d0 (0x000fda63)
core   0: 0x800065e4 (0x02e74863) blt     a4, a4, pc + 48
core   0: 3 0x800065e4 (0x02e74863)
core   0: 0x800065e8 (0x41abd2b3) sra     t0, s7, s10
core   0: 3 0x800065e8 (0x41abd2b3) x 5 0xfdaa48a3
core   0: 0x800065ec (0x03f25833) divu    a6, tp, t6
core   0: 3 0x800065ec (0x03f25833) x16 0xffffffff
core   0: 0x800065f0 (0x66d1f313) andi    t1, gp, 1645
core   0: 3 0x800065f0 (0x66d1f313) x 6 0x0000066d
core   0: 0x800065f4 (0x024ee263) bltu    t4, tp, pc + 36
core   0: 3 0x800065f4 (0x024ee263)
core   0: 0x80006618 (0xa4208393) addi    t2, ra, -1470
core   0: 3 0x80006618 (0xa4208393) x 7 0xfffffa41
core   0: 0x8000661c (0x410cd893) srai    a7, s9, 16
core   0: 3 0x8000661c (0x410cd893) x17 0xffffaa09
core   0: 0x80006620 (0x024ed063) bge     t4, tp, pc + 32
core   0: 3 0x80006620 (0x024ed063)
core   0: 0x80006624 (0x801ea3b7) lui     t2, 0x801ea
core   0: 3 0x80006624 (0x801ea3b7) x 7 0x801ea000
core   0: 0x80006628 (0xaf82bf37) lui     t5, 0xaf82b
core   0: 3 0x80006628 (0xaf82bf37) x30 0xaf82b000
core   0: 0x8000662c (0x00b80463) beq     a6, a1, pc + 8
core   0: 3 0x8000662c (0x00b80463)
core   0: 0x80006630 (0x0025b633) sltu    a2, a1, sp
core   0: 3 0x80006630 (0x0025b633) x12 0x00000001
core   0: 0x80006634 (0x8a8aec13) ori     s8, s5, -1880
core   0: 3 0x80006634 (0x8a8aec13) x24 0xfffff8a9
core   0: 0x80006638 (0x41ca0fb3) sub     t6, s4, t3
core   0: 3 0x80006638 (0x41ca0fb3) x31 0x80029ce4
core   0: 0x8000663c (0x04019263) bnez    gp, pc + 68
core   0: 3 0x8000663c (0x04019263)
core   0: 0x80006680 (0x00724c63) blt     tp, t2, pc + 24
core   0: 3 0x80006680 (0x00724c63)
core   0: 0x80006684 (0x036588b3) mul     a7, a1, s6
core   0: 3 0x80006684 (0x036588b3) x17 0xffffffff
core   0: 0x80006688 (0x01241933) sll     s2, s0, s2
core   0: 3 0x80006688 (0x01241933) x18 0x00000000
core   0: 0x8000668c (0x021f37b3) mulhu   a5, t5, ra
core   0: 3 0x8000668c (0x021f37b3) x15 0xaf82afff
core   0: 0x80006690 (0x020548b3) div     a7, a0, zero
core   0: 3 0x80006690 (0x020548b3) x17 0xffffffff
core   0: 0x80006694 (0x022279b3) remu    s3, tp, sp
core   0: 3 0x80006694 (0x022279b3) x19 0x0001077b
core   0: 0x80006698 (0xf5dfb793) sltiu   a5, t6, -163
core   0: 3 0x80006698 (0xf5dfb793) x15 0x00000001
core   0: 0x8000669c (0x013770b3) and     ra, a4, s3
core   0: 3 0x8000669c (0x013770b3) x 1 0x00010548
core   0: 0x800066a0 (0x016b5ab3) srl     s5, s6, s6
core   0: 3 0x800066a0 (0x016b5ab3) x21 0x00000001
core   0: 0x800066a4 (0x030e5eb3) divu    t4, t3, a6
core   0: 3 0x800066a4 (0x030e5eb3) x29 0x00000000
core   0: 0x800066a8 (0x00f219b3) sll     s3, tp, a5
core   0: 3 0x800066a8 (0x00f219b3) x19 0x00020ef6
core   0: 0x800066ac (0x030b71b3) remu    gp, s6, a6
core   0: 3 0x800066ac (0x030b71b3) x 3 0x00000000
core   0: 0x800066b0 (0x00ef5493) srli    s1, t5, 14
core   0: 3 0x800066b0 (0x00ef5493) x 9 0x0002be0a
core   0: 0x800066b4 (0x00d27db3) and     s11, tp, a3
core   0: 3 0x800066b4 (0x00d27db3) x27 0x00010559
core   0: 0x800066b8 (0xe6c70c93) addi    s9, a4, -404
core   0: 3 0x800066b8 (0xe6c70c93) x25 0x6d932434
core   0: 0x800066bc (0x67ea2d97) auipc   s11, 0x67ea2
core   0: 3 0x800066bc (0x67ea2d97) x27 0xe7ea86bc
core   0: 0x800066c0 (0x8ccbc993) xori    s3, s7, -1844
core   0: 3 0x800066c0 (0x8ccbc993) x19 0x4ab6ecb6
core   0: 0x800066c4 (0x25a1f913) andi    s2, gp, 602
core   0: 3 0x800066c4 (0x25a1f913) x18 0x00000000
core   0: 0x800066c8 (0x000838b3) sltu    a7, a6, zero
core   0: 3 0x800066c8 (0x000838b3) x17 0x00000000
core   0: 0x800066cc (0x028d0e63) beq     s10, s0, pc + 60
core   0: 3 0x800066cc (0x028d0e63)
core   0: 0x800066d0 (0x0043f8b3) and     a7, t2, tp
core   0: 3 0x800066d0 (0x0043f8b3) x17 0x00000000
core   0: 0x800066d4 (0x03640733) mul     a4, s0, s6
core   0: 3 0x800066d4 (0x03640733) x14 0x00000000
core   0: 0x800066d8 (0x00136863) bltu    t1, ra, pc + 16
core   0: 3 0x800066d8 (0x00136863)
core   0: 0x800066e8 (0x02f5ae33) mulhsu  t3, a1, a5
core   0: 3 0x800066e8 (0x02f5ae33) x28 0x00000000
core   0: 0x800066ec (0x0783c013) xori    zero, t2, 120
core   0: 3 0x800066ec (0x0783c013)
core   0: 0x800066f0 (0x00f79d13) slli    s10, a5, 15
core   0: 3 0x800066f0 (0x00f79d13) x26 0x00008000
core   0: 0x800066f4 (0x03949233) mulh    tp, s1, s9
core   0: 3 0x800066f4 (0x03949233) x 4 0x00012c7d
core   0: 0x800066f8 (0x02e546b3) div     a3, a0, a4
core   0: 3 0x800066f8 (0x02e546b3) x13 0xffffffff
core   0: 0x800066fc (0x02b3f633) remu    a2, t2, a1
core   0: 3 0x800066fc (0x02b3f633) x12 0x00000000
core   0: 0x80006700 (0x00d33b33) sltu    s6, t1, a3
core   0: 3 0x80006700 (0x00d33b33) x22 0x00000001
core   0: 0x80006704 (0x01f19e93) slli    t4, gp, 31
core   0: 3 0x80006704 (0x01f19e93) x29 0x00000000
core   0: 0x80006708 (0x0291ff33) remu    t5, gp, s1
core   0: 3 0x80006708 (0x0291ff33) x30 0x00000000
core   0: 0x8000670c (0xe01acf93) xori    t6, s5, -511
core   0: 3 0x8000670c (0xe01acf93) x31 0xfffffe00
core   0: 0x80006710 (0x03bd9263) bne     s11, s11, pc + 36
core   0: 3 0x80006710 (0x03bd9263)
core   0: 0x80006714 (0x00a89813) slli    a6, a7, 10
core   0: 3 0x80006714 (0x00a89813) x16 0x00000000
core   0: 0x80006718 (0x00a2c2b3) xor     t0, t0, a0
core   0: 3 0x80006718 (0x00a2c2b3) x 5 0xfdaa48a3
core   0: 0x8000671c (0xd3538293) addi    t0, t2, -715
core   0: 3 0x8000671c (0xd3538293) x 5 0x801e9d35
core   0: 0x80006720 (0x031f5863) bge     t5, a7, pc + 48
core   0: 3 0x80006720 (0x031f5863)
core   0: 0x80006750 (0x025d3233) mulhu   tp, s10, t0
core   0: 3 0x80006750 (0x025d3233) x 4 0x0000400f
core   0: 0x80006754 (0x41bd0e33) sub     t3, s10, s11
core   0: 3 0x80006754 (0x41bd0e33) x28 0x1815f944
core   0: 0x80006758 (0x0378e833) rem     a6, a7, s7
core   0: 3 0x80006758 (0x0378e833) x16 0x00000000
core   0: 0x8000675c (0x01ef7db3) and     s11, t5, t5
core   0: 3 0x8000675c (0x01ef7db3) x27 0x00000000
core   0: 0x80006760 (0x02ed3533) mulhu   a0, s10, a4
core   0: 3 0x80006760 (0x02ed3533) x10 0x00000000
core   0: 0x80006764 (0x875a0e13) addi    t3, s4, -1931
core   0: 3 0x80006764 (0x875a0e13) x28 0x80029559
core   0: 0x80006768 (0xb785f913) andi    s2, a1, -1160
core   0: 3 0x80006768 (0xb785f913) x18 0x00000000
core   0: 0x8000676c (0x009b5033) srl     zero, s6, s1
core   0: 3 0x8000676c (0x009b5033)
core   0: 0x80006770 (0xa421c713) xori    a4, gp, -1470
core   0: 3 0x80006770 (0xa421c713) x14 0xfffffa42
core   0: 0x80006774 (0x03e4fc63) bgeu    s1, t5, pc + 56
core   0: 3 0x80006774 (0x03e4fc63)
core   0: 0x800067ac (0x03c16263) bltu    sp, t3, pc + 36
core   0: 3 0x800067ac (0x03c16263)
core   0: 0x800067d0 (0x00000013) nop
core   0: 3 0x800067d0 (0x00000013)
core   0: 0x800067d4 (0x00cf1233) sll     tp, t5, a2
core   0: 3 0x800067d4 (0x00cf1233) x 4 0x00000000
core   0: 0x800067d8 (0x029b4a63) blt     s6, s1, pc + 52
core   0: 3 0x800067d8 (0x029b4a63)
core   0: 0x8000680c (0x01be4863) blt     t3, s11, pc + 16
core   0: 3 0x8000680c (0x01be4863)
core   0: 0x8000681c (0x0a9dfe13) andi    t3, s11, 169
core   0: 3 0x8000681c (0x0a9dfe13) x28 0x00000000
core   0: 0x80006820 (0x01e52233) slt     tp, a0, t5
core   0: 3 0x80006820 (0x01e52233) x 4 0x00000000
core   0: 0x80006824 (0x00f86233) or      tp, a6, a5
core   0: 3 0x80006824 (0x00f86233) x 4 0x00000001
core   0: 0x80006828 (0x20cb2893) slti    a7, s6, 524
core   0: 3 0x80006828 (0x20cb2893) x17 0x00000001
core   0: 0x8000682c (0x01e4f5b3) and     a1, s1, t5
core   0: 3 0x8000682c (0x01e4f5b3) x11 0x00000000
core   0: 0x80006830 (0x0292d0b3) divu    ra, t0, s1
core   0: 3 0x80006830 (0x0292d0b3) x 1 0x00002eb8
core   0: 0x80006834 (0x03a739b3) mulhu   s3, a4, s10
core   0: 3 0x80006834 (0x03a739b3) x19 0x00007fff
core   0: 0x80006838 (0x03335263) bge     t1, s3, pc + 36
core   0: 3 0x80006838 (0x03335263)
core   0: 0x8000683c (0x00ed5c63) bge     s10, a4, pc + 24
core   0: 3 0x8000683c (0x00ed5c63)
core   0: 0x80006854 (0x00baae33) slt     t3, s5, a1
core   0: 3 0x80006854 (0x00baae33) x28 0x00000000
core   0: 0x80006858 (0x41775f13) srai    t5, a4, 23
core   0: 3 0x80006858 (0x41775f13) x30 0xffffffff
core   0: 0x8000685c (0x4104d613) srai    a2, s1, 16
core   0: 3 0x8000685c (0x4104d613) x12 0x00000002
core   0: 0x80006860 (0x01e12f33) slt     t5, sp, t5
core   0: 3 0x80006860 (0x01e12f33) x30 0x00000001
core   0: 0x80006864 (0xaaa68593) addi    a1, a3, -1366
core   0: 3 0x80006864 (0xaaa68593) x11 0xfffffaa9
core   0: 0x80006868 (0x013586b3) add     a3, a1, s3
core   0: 3 0x80006868 (0x013586b3) x13 0x00007aa8
core   0: 0x8000686c (0x01fdd663) bge     s11, t6, pc + 12
core   0: 3 0x8000686c (0x01fdd663)
core   0: 0x80006878 (0xb8438513) addi    a0, t2, -1148
core   0: 3 0x80006878 (0xb8438513) x10 0x801e9b84
core   0: 0x8000687c (0x41d0dd33) sra     s10, ra, t4
core   0: 3 0x8000687c (0x41d0dd33) x26 0x00002eb8
core   0: 0x80006880 (0x027f7263) bgeu    t5, t2, pc + 36
core   0: 3 0x80006880 (0x027f7263)
core   0: 0x80006884 (0x00e31f93) slli    t6, t1, 14
core   0: 3 0x80006884 (0x00e31f93) x31 0x019b4000
core   0: 0x80006888 (0x0036f263) bgeu    a3, gp, pc + 4
core   0: 3 0x80006888 (0x0036f263)
core   0: 0x8000688c (0x00ca4b33) xor     s6, s4, a2
core   0: 3 0x8000688c (0x00ca4b33) x22 0x80029ce6
core   0: 0x80006890 (0xba888b37) lui     s6, 0xba888
core   0: 3 0x80006890 (0xba888b37) x22 0xba888000
core   0: 0x80006894 (0x05d3c063) blt     t2, t4, pc + 64
core   0: 3 0x80006894 (0x05d3c063)
core   0: 0x800068d4 (0x025d0e33) mul     t3, s10, t0
core   0: 3 0x800068d4 (0x025d0e33) x28 0x96408418
core   0: 0x800068d8 (0x01fca5b3) slt     a1, s9, t6
core   0: 3 0x800068d8 (0x01fca5b3) x11 0x00000000
core   0: 0x800068dc (0xa9e08c93) addi    s9, ra, -1378
core   0: 3 0x800068dc (0xa9e08c93) x25 0x00002956
core   0: 0x800068e0 (0x87bb7693) andi    a3, s6, -1925
core   0: 3 0x800068e0 (0x87bb7693) x13 0xba888000
core   0: 0x800068e4 (0xd6bc2f93) slti    t6, s8, -661
core   0: 3 0x800068e4 (0xd6bc2f93) x31 0x00000001
core   0: 0x800068e8 (0x007d1263) bne     s10, t2, pc + 4
core   0: 3 0x800068e8 (0x007d1263)
core   0: 0x800068ec (0x01fa63b3) or      t2, s4, t6
core   0: 3 0x800068ec (0x01fa63b3) x 7 0x80029ce5
core   0: 0x800068f0 (0x02e10ab3) mul     s5, sp, a4
core   0: 3 0x800068f0 (0x02e10ab3) x21 0xf265fdc8
core   0: 0x800068f4 (0x02df46b3) div     a3, t5, a3
core   0: 3 0x800068f4 (0x02df46b3) x13 0x00000000
core   0: 0x800068f8 (0x03fc7063) bgeu    s8, t6, pc + 32
core   0: 3 0x800068f8 (0x03fc7063)
core   0: 0x80006918 (0x03b11263) bne     sp, s11, pc + 36
core   0: 3 0x80006918 (0x03b11263)
core   0: 0x8000693c (0x010aec63) bltu    s5, a6, pc + 24
core   0: 3 0x8000693c (0x010aec63)
core   0: 0x80006940 (0x020e1a63) bnez    t3, pc + 52
core   0: 3 0x80006940 (0x020e1a63)
core   0: 0x80006974 (0x0289f3b3) remu    t2, s3, s0
core   0: 3 0x80006974 (0x0289f3b3) x 7 0x00007fff
core   0: 0x80006978 (0x00c293b3) sll     t2, t0, a2
core   0: 3 0x80006978 (0x00c293b3) x 7 0x007a74d4
core   0: 0x8000697c (0x03d09db3) mulh    s11, ra, t4
core   0: 3 0x8000697c (0x03d09db3) x27 0x00000000
core   0: 0x80006980 (0x03c54733) div     a4, a0, t3
core   0: 3 0x80006980 (0x03c54733) x14 0x00000001
core   0: 0x80006984 (0x41395db3) sra     s11, s2, s3
core   0: 3 0x80006984 (0x41395db3) x27 0x00000000
core   0: 0x80006988 (0x019eadb3) slt     s11, t4, s9
core   0: 3 0x80006988 (0x019eadb3) x27 0x00000001
core   0: 0x8000698c (0x050e9663) bne     t4, a6, pc + 76
core   0: 3 0x8000698c (0x050e9663)
core   0: 0x80006990 (0x01185c13) srli    s8, a6, 17
core   0: 3 0x80006990 (0x01185c13) x24 0x00000000
core   0: 0x80006994 (0x8375f493) andi    s1, a1, -1993
core   0: 3 0x80006994 (0x8375f493) x 9 0x00000000
core   0: 0x80006998 (0x02565633) divu    a2, a2, t0
core   0: 3 0x80006998 (0x02565633) x12 0x00000000
core   0: 0x8000699c (0x40d559b3) sra     s3, a0, a3
core   0: 3 0x8000699c (0x40d559b3) x19 0x801e9b84
core   0: 0x800069a0 (0x895af693) andi    a3, s5, -1899
core   0: 3 0x800069a0 (0x895af693) x13 0xf265f880
core   0: 0x800069a4 (0x02de8eb3) mul     t4, t4, a3
core   0: 3 0x800069a4 (0x02de8eb3) x29 0x00000000
core   0: 0x800069a8 (0x02676033) rem     zero, a4, t1
core   0: 3 0x800069a8 (0x02676033)
core   0: 0x800069ac (0x00330e63) beq     t1, gp, pc + 28
core   0: 3 0x800069ac (0x00330e63)
core   0: 0x800069b0 (0xb0186613) ori     a2, a6, -1279
core   0: 3 0x800069b0 (0xb0186613) x12 0xfffffb01
core   0: 0x800069b4 (0x005a8863) beq     s5, t0, pc + 16
core   0: 3 0x800069b4 (0x005a8863)
core   0: 0x800069b8 (0x00c46733) or      a4, s0, a2
core   0: 3 0x800069b8 (0x00c46733) x14 0xfffffb01
core   0: 0x800069bc (0x86506293) ori     t0, zero, -1947
core   0: 3 0x800069bc (0x86506293) x 5 0xfffff865
core   0: 0x800069c0 (0x9bc92313) slti    t1, s2, -1604
core   0: 3 0x800069c0 (0x9bc92313) x 6 0x00000000
core   0: 0x800069c4 (0x03f33733) mulhu   a4, t1, t6
core   0: 3 0x800069c4 (0x03f33733) x14 0x00000000
core   0: 0x800069c8 (0x02c17833) remu    a6, sp, a2
core   0: 3 0x800069c8 (0x02c17833) x16 0x80025e64
core   0: 0x800069cc (0x41be8cb3) sub     s9, t4, s11
core   0: 3 0x800069cc (0x41be8cb3) x25 0xffffffff
core   0: 0x800069d0 (0x41f65713) srai    a4, a2, 31
core   0: 3 0x800069d0 (0x41f65713) x14 0xffffffff
core   0: 0x800069d4 (0x008d1913) slli    s2, s10, 8
core   0: 3 0x800069d4 (0x008d1913) x18 0x002eb800
core   0: 0x800069d8 (0x0271f263) bgeu    gp, t2, pc + 36
core   0: 3 0x800069d8 (0x0271f263)
core   0: 0x800069dc (0xa7edaa97) auipc   s5, 0xa7eda
core   0: 3 0x800069dc (0xa7edaa97) x21 0x27ee09dc
core   0: 0x800069e0 (0x01856c63) bltu    a0, s8, pc + 24
core   0: 3 0x800069e0 (0x01856c63)
core   0: 0x800069e4 (0xbaa34813) xori    a6, t1, -1110
core   0: 3 0x800069e4 (0xbaa34813) x16 0xfffffbaa
core   0: 0x800069e8 (0x0e627063) bgeu    tp, t1, pc + 224
core   0: 3 0x800069e8 (0x0e627063)
core   0: 0x80006ac8 (0xc08b7093) andi    ra, s6, -1016
core   0: 3 0x80006ac8 (0xc08b7093) x 1 0xba888000
core   0: 0x80006acc (0x43caef93) ori     t6, s5, 1084
core   0: 3 0x80006acc (0x43caef93) x31 0x27ee0dfc
core   0: 0x80006ad0 (0xbbc9ac13) slti    s8, s3, -1092
core   0: 3 0x80006ad0 (0xbbc9ac13) x24 0x00000001
core   0: 0x80006ad4 (0x01dd6463) bltu    s10, t4, pc + 8
core   0: 3 0x80006ad4 (0x01dd6463)
core   0: 0x80006ad8 (0x029a1863) bne     s4, s1, pc + 48
core   0: 3 0x80006ad8 (0x029a1863)
core   0: 0x80006b08 (0x0215deb3) divu    t4, a1, ra
core   0: 3 0x80006b08 (0x0215deb3) x29 0x00000000
core   0: 0x80006b0c (0x01bf3833) sltu    a6, t5, s11
core   0: 3 0x80006b0c (0x01bf3833) x16 0x00000000
core   0: 0x80006b10 (0x03f311b3) mulh    gp, t1, t6
core   0: 3 0x80006b10 (0x03f311b3) x 3 0x00000000
core   0: 0x80006b14 (0x028fd8b3) divu    a7, t6, s0
core   0: 3 0x80006b14 (0x028fd8b3) x17 0xffffffff
core   0: 0x80006b18 (0x40f8dab3) sra     s5, a7, a5
core   0: 3 0x80006b18 (0x40f8dab3) x21 0xffffffff
core   0: 0x80006b1c (0x02dfcc33) div     s8, t6, a3
core   0: 3 0x80006b1c (0x02dfcc33) x24 0xfffffffe
core   0: 0x80006b20 (0x7357ff13) andi    t5, a5, 1845
core   0: 3 0x80006b20 (0x7357ff13) x30 0x00000001
core   0: 0x80006b24 (0x033b22b3) mulhsu  t0, s6, s3
core   0: 3 0x80006b24 (0x033b22b3) x 5 0xdd3bf1cb
core   0: 0x80006b28 (0x04b00863) beq     zero, a1, pc + 80
core   0: 3 0x80006b28 (0x04b00863)
core   0: 0x80006b78 (0xffd60b13) addi    s6, a2, -3
core   0: 3 0x80006b78 (0xffd60b13) x22 0xfffffafe
core   0: 0x80006b7c (0x00017917) auipc   s2, 0x17
core   0: 3 0x80006b7c (0x00017917) x18 0x8001db7c
core   0: 0x80006b80 (0xb7a90913) addi    s2, s2, -1158
core   0: 3 0x80006b80 (0xb7a90913) x18 0x8001d6f6
core   0: 0x80006b84 (0xf9e4cd13) xori    s10, s1, -98
core   0: 3 0x80006b84 (0xf9e4cd13) x26 0xffffff9e
core   0: 0x80006b88 (0x025fafb3) mulhsu  t6, t6, t0
core   0: 3 0x80006b88 (0x025fafb3) x31 0x2281dba6
core   0: 0x80006b8c (0x03390d03) lb      s10, 51(s2)
core   0: 3 0x80006b8c (0x03390d03) x26 0x0000007e mem 0x8001d729
core   0: 0x80006b90 (0x7c20ec97) auipc   s9, 0x7c20e
core   0: 3 0x80006b90 (0x7c20ec97) x25 0xfc214b90
core   0: 0x80006b94 (0xbfe1cd13) xori    s10, gp, -1026
core   0: 3 0x80006b94 (0xbfe1cd13) x26 0xfffffbfe
core   0: 0x80006b98 (0xf9190ba3) sb      a7, -105(s2)
core   0: 3 0x80006b98 (0xf9190ba3) mem 0x8001d68d 0xff
core   0: 0x80006b9c (0x02394383) lbu     t2, 35(s2)
core   0: 3 0x80006b9c (0x02394383) x 7 0x0000003d mem 0x8001d719
core   0: 0x80006ba0 (0x401d56b3) sra     a3, s10, ra
core   0: 3 0x80006ba0 (0x401d56b3) x13 0xfffffbfe
core   0: 0x80006ba4 (0x0ad94083) lbu     ra, 173(s2)
core   0: 3 0x80006ba4 (0x0ad94083) x 1 0x000000e2 mem 0x8001d7a3
core   0: 0x80006ba8 (0xf5090e23) sb      a6, -164(s2)
core   0: 3 0x80006ba8 (0xf5090e23) mem 0x8001d652 0x0
core   0: 0x80006bac (0x004ee433) or      s0, t4, tp
core   0: 3 0x80006bac (0x004ee433) x 8 0x00000001
core   0: 0x80006bb0 (0x45976313) ori     t1, a4, 1113
core   0: 3 0x80006bb0 (0x45976313) x 6 0xffffffff
core   0: 0x80006bb4 (0xf4b90f03) lb      t5, -181(s2)
core   0: 3 0x80006bb4 (0xf4b90f03) x30 0xffffffae mem 0x8001d641
core   0: 0x80006bb8 (0x02696233) rem     tp, s2, t1
core   0: 3 0x80006bb8 (0x02696233) x 4 0x00000000
core   0: 0x80006bbc (0xffa90ca3) sb      s10, -7(s2)
core   0: 3 0x80006bbc (0xffa90ca3) mem 0x8001d6ef 0xfe
core   0: 0x80006bc0 (0x03555e33) divu    t3, a0, s5
core   0: 3 0x80006bc0 (0x03555e33) x28 0x00000000
core   0: 0x80006bc4 (0x96b36c13) ori     s8, t1, -1685
core   0: 3 0x80006bc4 (0x96b36c13) x24 0xffffffff
core   0: 0x80006bc8 (0x05190d03) lb      s10, 81(s2)
core   0: 3 0x80006bc8 (0x05190d03) x26 0xffffff89 mem 0x8001d747
core   0: 0x80006bcc (0xfaf90983) lb      s3, -81(s2)
core   0: 3 0x80006bcc (0xfaf90983) x19 0x0000006a mem 0x8001d6a5
core   0: 0x80006bd0 (0x08a904a3) sb      a0, 137(s2)
core   0: 3 0x80006bd0 (0x08a904a3) mem 0x8001d77f 0x84
core   0: 0x80006bd4 (0x039683b3) mul     t2, a3, s9
core   0: 3 0x80006bd4 (0x039683b3) x 7 0x828f28e0
core   0: 0x80006bd8 (0xe04b3213) sltiu   tp, s6, -508
core   0: 3 0x80006bd8 (0xe04b3213) x 4 0x00000001
core   0: 0x80006bdc (0xf7190e03) lb      t3, -143(s2)
core   0: 3 0x80006bdc (0xf7190e03) x28 0xffffffaa mem 0x8001d667
core   0: 0x80006be0 (0x03bcdfb3) divu    t6, s9, s11
core   0: 3 0x80006be0 (0x03bcdfb3) x31 0xfc214b90
core   0: 0x80006be4 (0xf5390003) lb      zero, -173(s2)
core   0: 3 0x80006be4 (0xf5390003) mem 0x8001d649
core   0: 0x80006be8 (0x023907a3) sb      gp, 47(s2)
core   0: 3 0x80006be8 (0x023907a3) mem 0x8001d725 0x0
core   0: 0x80006bec (0x02da37b3) mulhu   a5, s4, a3
core   0: 3 0x80006bec (0x02da37b3) x15 0x80029ae2
core   0: 0x80006bf0 (0x00b659b3) srl     s3, a2, a1
core   0: 3 0x80006bf0 (0x00b659b3) x19 0xfffffb01
core   0: 0x80006bf4 (0xfe790203) lb      tp, -25(s2)
core   0: 3 0x80006bf4 (0xfe790203) x 4 0xffffffe8 mem 0x8001d6dd
core   0: 0x80006bf8 (0x019aef33) or      t5, s5, s9
core   0: 3 0x80006bf8 (0x019aef33) x30 0xffffffff
core   0: 0x80006bfc (0xc41f4e93) xori    t4, t5, -959
core   0: 3 0x80006bfc (0xc41f4e93) x29 0x000003be
core   0: 0x80006c00 (0x0a295083) lhu     ra, 162(s2)
core   0: 3 0x80006c00 (0x0a295083) x 1 0x00008c6b mem 0x8001d798
core   0: 0x80006c04 (0x01365c33) srl     s8, a2, s3
core   0: 3 0x80006c04 (0x01365c33) x24 0x7ffffd80
core   0: 0x80006c08 (0x40b20533) sub     a0, tp, a1
core   0: 3 0x80006c08 (0x40b20533) x10 0xffffffe8
core   0: 0x80006c0c (0x08b901a3) sb      a1, 131(s2)
core   0: 3 0x80006c0c (0x08b901a3) mem 0x8001d779 0x0
core   0: 0x80006c10 (0x08c95883) lhu     a7, 140(s2)
core   0: 3 0x80006c10 (0x08c95883) x17 0x0000769d mem 0x8001d782
core   0: 0x80006c14 (0x0cf90223) sb      a5, 196(s2)
core   0: 3 0x80006c14 (0x0cf90223) mem 0x8001d7ba 0xe2
core   0: 0x80006c18 (0x02cf58b3) divu    a7, t5, a2
core   0: 3 0x80006c18 (0x02cf58b3) x17 0x00000001
core   0: 0x80006c1c (0x0f794d83) lbu     s11, 247(s2)
core   0: 3 0x80006c1c (0x0f794d83) x27 0x00000078 mem 0x8001d7ed
core   0: 0x80006c20 (0x03912733) mulhsu  a4, sp, s9
core   0: 3 0x80006c20 (0x03912733) x14 0x81f1af71
core   0: 0x80006c24 (0x02989f33) mulh    t5, a7, s1
core   0: 3 0x80006c24 (0x02989f33) x30 0x00000000
core   0: 0x80006c28 (0x046b8863) beq     s7, t1, pc + 80
core   0: 3 0x80006c28 (0x046b8863)
core   0: 0x80006c2c (0x033458b3) divu    a7, s0, s3
core   0: 3 0x80006c2c (0x033458b3) x17 0x00000000
core   0: 0x80006c30 (0x02367833) remu    a6, a2, gp
core   0: 3 0x80006c30 (0x02367833) x16 0xfffffb01
core   0: 0x80006c34 (0x414351b3) sra     gp, t1, s4
core   0: 3 0x80006c34 (0x414351b3) x 3 0xffffffff
core   0: 0x80006c38 (0x02f21263) bne     tp, a5, pc + 36
core   0: 3 0x80006c38 (0x02f21263)
core   0: 0x80006c5c (0x023a89b3) mul     s3, s5, gp
core   0: 3 0x80006c5c (0x023a89b3) x19 0x00000001
core   0: 0x80006c60 (0x02c34233) div     tp, t1, a2
core   0: 3 0x80006c60 (0x02c34233) x 4 0x00000000
core   0: 0x80006c64 (0x032d5433) divu    s0, s10, s2
core   0: 3 0x80006c64 (0x032d5433) x 8 0x00000001
core   0: 0x80006c68 (0xebae2993) slti    s3, t3, -326
core   0: 3 0x80006c68 (0xebae2993) x19 0x00000000
core   0: 0x80006c6c (0x00214033) xor     zero, sp, sp
core   0: 3 0x80006c6c (0x00214033)
core   0: 0x80006c70 (0x02bae263) bltu    s5, a1, pc + 36
core   0: 3 0x80006c70 (0x02bae263)
core   0: 0x80006c74 (0x0169f463) bgeu    s3, s6, pc + 8
core   0: 3 0x80006c74 (0x0169f463)
core   0: 0x80006c78 (0x04b17863) bgeu    sp, a1, pc + 80
core   0: 3 0x80006c78 (0x04b17863)
core   0: 0x80006cc8 (0x7ede5eb7) lui     t4, 0x7ede5
core   0: 3 0x80006cc8 (0x7ede5eb7) x29 0x7ede5000
core   0: 0x80006ccc (0xa2070737) lui     a4, 0xa2070
core   0: 3 0x80006ccc (0xa2070737) x14 0xa2070000
core   0: 0x80006cd0 (0x44430197) auipc   gp, 0x44430
core   0: 3 0x80006cd0 (0x44430197) x 3 0xc4436cd0
core   0: 0x80006cd4 (0x027138b3) mulhu   a7, sp, t2
core   0: 3 0x80006cd4 (0x027138b3) x17 0x4148c9b1
core   0: 0x80006cd8 (0x04034263) bltz    t1, pc + 68
core   0: 3 0x80006cd8 (0x04034263)
core   0: 0x80006d1c (0x01201c33) sll     s8, zero, s2
core   0: 3 0x80006d1c (0x01201c33) x24 0x00000000
core   0: 0x80006d20 (0x0115a733) slt     a4, a1, a7
core   0: 3 0x80006d20 (0x0115a733) x14 0x00000001
core   0: 0x80006d24 (0x004f8033) add     zero, t6, tp
core   0: 3 0x80006d24 (0x004f8033)
core   0: 0x80006d28 (0x004f5db3) srl     s11, t5, tp
core   0: 3 0x80006d28 (0x004f5db3) x27 0x00000000
core   0: 0x80006d2c (0x02a50d33) mul     s10, a0, a0
core   0: 3 0x80006d2c (0x02a50d33) x26 0x00000240
core   0: 0x80006d30 (0x02252033) mulhsu  zero, a0, sp
core   0: 3 0x80006d30 (0x02252033)
core   0: 0x80006d34 (0x03486733) rem     a4, a6, s4
core   0: 3 0x80006d34 (0x03486733) x14 0xfffffb01
core   0: 0x80006d38 (0x402a5413) srai    s0, s4, 2
core   0: 3 0x80006d38 (0x402a5413) x 8 0xe000a739
core   0: 0x80006d3c (0x02c842b3) div     t0, a6, a2
core   0: 3 0x80006d3c (0x02c842b3) x 5 0x00000001
core   0: 0x80006d40 (0x24358397) auipc   t2, 0x24358
core   0: 3 0x80006d40 (0x24358397) x 7 0xa435ed40
core   0: 0x80006d44 (0x0016a833) slt     a6, a3, ra
core   0: 3 0x80006d44 (0x0016a833) x16 0x00000001
core   0: 0x80006d48 (0x01d6b433) sltu    s0, a3, t4
core   0: 3 0x80006d48 (0x01d6b433) x 8 0x00000000
core   0: 0x80006d4c (0x417c5e33) sra     t3, s8, s7
core   0: 3 0x80006d4c (0x417c5e33) x28 0x00000000
core   0: 0x80006d50 (0x01eb6eb3) or      t4, s6, t5
core   0: 3 0x80006d50 (0x01eb6eb3) x29 0xfffffafe
core   0: 0x80006d54 (0x03cc3eb3) mulhu   t4, s8, t3
core   0: 3 0x80006d54 (0x03cc3eb3) x29 0x00000000
core   0: 0x80006d58 (0x020c0e63) beqz    s8, pc + 60
core   0: 3 0x80006d58 (0x020c0e63)
core   0: 0x80006d94 (0x1ce0ed13) ori     s10, ra, 462
core   0: 3 0x80006d94 (0x1ce0ed13) x26 0x00008def
core   0: 0x80006d98 (0x9c30e593) ori     a1, ra, -1597
core   0: 3 0x80006d98 (0x9c30e593) x11 0xfffffdeb
core   0: 0x80006d9c (0x00db7fb3) and     t6, s6, a3
core   0: 3 0x80006d9c (0x00db7fb3) x31 0xfffffafe
core   0: 0x80006da0 (0x03c50863) beq     a0, t3, pc + 48
core   0: 3 0x80006da0 (0x03c50863)
core   0: 0x80006da4 (0x034b7fb3) remu    t6, s6, s4
core   0: 3 0x80006da4 (0x034b7fb3) x31 0x7ffd5e1a
core   0: 0x80006da8 (0x027cfb33) remu    s6, s9, t2
core   0: 3 0x80006da8 (0x027cfb33) x22 0x57eb5e50
core   0: 0x80006dac (0x00a718b3) sll     a7, a4, a0
core   0: 3 0x80006dac (0x00a718b3) x17 0xfffb0100
core   0: 0x80006db0 (0x025d0263) beq     s10, t0, pc + 36
core   0: 3 0x80006db0 (0x025d0263)
core   0: 0x80006db4 (0x03c3cfb3) div     t6, t2, t3
core   0: 3 0x80006db4 (0x03c3cfb3) x31 0xffffffff
core   0: 0x80006db8 (0x6d3c2d93) slti    s11, s8, 1747
core   0: 3 0x80006db8 (0x6d3c2d93) x27 0x00000001
core   0: 0x80006dbc (0x012de733) or      a4, s11, s2
core   0: 3 0x80006dbc (0x012de733) x14 0x8001d6f7
core   0: 0x80006dc0 (0xf9a43993) sltiu   s3, s0, -102
core   0: 3 0x80006dc0 (0xf9a43993) x19 0x00000001
core   0: 0x80006dc4 (0x02486a63) bltu    a6, tp, pc + 52
core   0: 3 0x80006dc4 (0x02486a63)
core   0: 0x80006dc8 (0x05e20863) beq     tp, t5, pc + 80
core   0: 3 0x80006dc8 (0x05e20863)
core   0: 0x80006e18 (0x678c83b7) lui     t2, 0x678c8
core   0: 3 0x80006e18 (0x678c83b7) x 7 0x678c8000
core   0: 0x80006e1c (0xfae7c293) xori    t0, a5, -82
core   0: 3 0x80006e1c (0xfae7c293) x 5 0x7ffd654c
core   0: 0x80006e20 (0x00dfb833) sltu    a6, t6, a3
core   0: 3 0x80006e20 (0x00dfb833) x16 0x00000000
core   0: 0x80006e24 (0x0186f833) and     a6, a3, s8
core   0: 3 0x80006e24 (0x0186f833) x16 0x00000000
core   0: 0x80006e28 (0x02eb9f33) mulh    t5, s7, a4
core   0: 3 0x80006e28 (0x02eb9f33) x30 0x255aec4f
core   0: 0x80006e2c (0x00f49a63) bne     s1, a5, pc + 20
core   0: 3 0x80006e2c (0x00f49a63)
core   0: 0x80006e40 (0x034d2533) mulhsu  a0, s10, s4
core   0: 3 0x80006e40 (0x034d2533) x10 0x000046f8
core   0: 0x80006e44 (0x80ddcfb7) lui     t6, 0x80ddc
core   0: 3 0x80006e44 (0x80ddcfb7) x31 0x80ddc000
core   0: 0x80006e48 (0x033eb0b3) mulhu   ra, t4, s3
core   0: 3 0x80006e48 (0x033eb0b3) x 1 0x00000000
core   0: 0x80006e4c (0x0208d063) bgez    a7, pc + 32
core   0: 3 0x80006e4c (0x0208d063)
core   0: 0x80006e50 (0xe12b1997) auipc   s3, 0xe12b1
core   0: 3 0x80006e50 (0xe12b1997) x19 0x612b7e50
core   0: 0x80006e54 (0x023c7b33) remu    s6, s8, gp
core   0: 3 0x80006e54 (0x023c7b33) x22 0x00000000
core   0: 0x80006e58 (0x03d90a63) beq     s2, t4, pc + 52
core   0: 3 0x80006e58 (0x03d90a63)
core   0: 0x80006e5c (0x00702833) slt     a6, zero, t2
core   0: 3 0x80006e5c (0x00702833) x16 0x00000001
core   0: 0x80006e60 (0x01f19e93) slli    t4, gp, 31
core   0: 3 0x80006e60 (0x01f19e93) x29 0x00000000
core   0: 0x80006e64 (0x01cbb7b3) sltu    a5, s7, t3
core   0: 3 0x80006e64 (0x01cbb7b3) x15 0x00000000
core   0: 0x80006e68 (0x0248e263) bltu    a7, tp, pc + 36
core   0: 3 0x80006e68 (0x0248e263)
core   0: 0x80006e6c (0x04f22313) slti    t1, tp, 79
core   0: 3 0x80006e6c (0x04f22313) x 6 0x00000001
core   0: 0x80006e70 (0x017bafb3) slt     t6, s7, s7
core   0: 3 0x80006e70 (0x017bafb3) x31 0x00000000
core   0: 0x80006e74 (0x03c35263) bge     t1, t3, pc + 36
core   0: 3 0x80006e74 (0x03c35263)
core   0: 0x80006e98 (0x02d3a8b3) mulhsu  a7, t2, a3
core   0: 3 0x80006e98 (0x02d3a8b3) x17 0x678c7e60
core   0: 0x80006e9c (0x015c2333) slt     t1, s8, s5
core   0: 3 0x80006e9c (0x015c2333) x 6 0x00000000
core   0: 0x80006ea0 (0x01ceb233) sltu    tp, t4, t3
core   0: 3 0x80006ea0 (0x01ceb233) x 4 0x00000000
core   0: 0x80006ea4 (0x527c2e13) slti    t3, s8, 1319
core   0: 3 0x80006ea4 (0x527c2e13) x28 0x00000001
core   0: 0x80006ea8 (0x036af933) remu    s2, s5, s6
core   0: 3 0x80006ea8 (0x036af933) x18 0xffffffff
core   0: 0x80006eac (0xe32de913) ori     s2, s11, -462
core   0: 3 0x80006eac (0xe32de913) x18 0xfffffe33
core   0: 0x80006eb0 (0x321417b7) lui     a5, 0x32141
core   0: 3 0x80006eb0 (0x321417b7) x15 0x32141000
core   0: 0x80006eb4 (0x02a4f533) remu    a0, s1, a0
core   0: 3 0x80006eb4 (0x02a4f533) x10 0x00000000
core   0: 0x80006eb8 (0xd8106d93) ori     s11, zero, -639
core   0: 3 0x80006eb8 (0xd8106d93) x27 0xfffffd81
core   0: 0x80006ebc (0x0118e6b3) or      a3, a7, a7
core   0: 3 0x80006ebc (0x0118e6b3) x13 0x678c7e60
core   0: 0x80006ec0 (0x15b3c713) xori    a4, t2, 347
core   0: 3 0x80006ec0 (0x15b3c713) x14 0x678c815b
core   0: 0x80006ec4 (0x001611b3) sll     gp, a2, ra
core   0: 3 0x80006ec4 (0x001611b3) x 3 0xfffffb01
core   0: 0x80006ec8 (0x00439f13) slli    t5, t2, 4
core   0: 3 0x80006ec8 (0x00439f13) x30 0x78c80000
core   0: 0x80006ecc (0x019c9263) bne     s9, s9, pc + 4
core   0: 3 0x80006ecc (0x019c9263)
core   0: 0x80006ed0 (0x01bd36b3) sltu    a3, s10, s11
core   0: 3 0x80006ed0 (0x01bd36b3) x13 0x00000001
core   0: 0x80006ed4 (0x025ed033) divu    zero, t4, t0
core   0: 3 0x80006ed4 (0x025ed033)
core   0: 0x80006ed8 (0x40f55413) srai    s0, a0, 15
core   0: 3 0x80006ed8 (0x40f55413) x 8 0x00000000
core   0: 0x80006edc (0x84e84297) auipc   t0, 0x84e84
core   0: 3 0x80006edc (0x84e84297) x 5 0x04e8aedc
core   0: 0x80006ee0 (0x48666b13) ori     s6, a2, 1158
core   0: 3 0x80006ee0 (0x48666b13) x22 0xffffff87
core   0: 0x80006ee4 (0x00fad663) bge     s5, a5, pc + 12
core   0: 3 0x80006ee4 (0x00fad663)
core   0: 0x80006ee8 (0x027e2333) mulhsu  t1, t3, t2
core   0: 3 0x80006ee8 (0x027e2333) x 6 0x00000000
core   0: 0x80006eec (0x018ddc63) bge     s11, s8, pc + 24
core   0: 3 0x80006eec (0x018ddc63)
core   0: 0x80006ef0 (0x40e709b3) sub     s3, a4, a4
core   0: 3 0x80006ef0 (0x40e709b3) x19 0x00000000
core   0: 0x80006ef4 (0x41e35e33) sra     t3, t1, t5
core   0: 3 0x80006ef4 (0x41e35e33) x28 0x00000000
core   0: 0x80006ef8 (0x3585fc93) andi    s9, a1, 856
core   0: 3 0x80006ef8 (0x3585fc93) x25 0x00000148
core   0: 0x80006efc (0x02414ab3) div     s5, sp, tp
core   0: 3 0x80006efc (0x02414ab3) x21 0xffffffff
core   0: 0x80006f00 (0x01088533) add     a0, a7, a6
core   0: 3 0x80006f00 (0x01088533) x10 0x678c7e61
core   0: 0x80006f04 (0x034cd8b3) divu    a7, s9, s4
core   0: 3 0x80006f04 (0x034cd8b3) x17 0x00000000
core   0: 0x80006f08 (0x00399613) slli    a2, s3, 3
core   0: 3 0x80006f08 (0x00399613) x12 0x00000000
core   0: 0x80006f0c (0x415109b3) sub     s3, sp, s5
core   0: 3 0x80006f0c (0x415109b3) x19 0x80025e65
core   0: 0x80006f10 (0x048e5863) bge     t3, s0, pc + 80
core   0: 3 0x80006f10 (0x048e5863)
core   0: 0x80006f60 (0x1a320693) addi    a3, tp, 419
core   0: 3 0x80006f60 (0x1a320693) x13 0x000001a3
core   0: 0x80006f64 (0x00b19733) sll     a4, gp, a1
core   0: 3 0x80006f64 (0x00b19733) x14 0xffd80800
core   0: 0x80006f68 (0x007fed33) or      s10, t6, t2
core   0: 3 0x80006f68 (0x007fed33) x26 0x678c8000
core   0: 0x80006f6c (0x03c59933) mulh    s2, a1, t3
core   0: 3 0x80006f6c (0x03c59933) x18 0x00000000
core   0: 0x80006f70 (0x012fa7b3) slt     a5, t6, s2
core   0: 3 0x80006f70 (0x012fa7b3) x15 0x00000000
core   0: 0x80006f74 (0x00c65eb3) srl     t4, a2, a2
core   0: 3 0x80006f74 (0x00c65eb3) x29 0x00000000
core   0: 0x80006f78 (0x00000013) nop
core   0: 3 0x80006f78 (0x00000013)
core   0: 0x80006f7c (0x03747533) remu    a0, s0, s7
core   0: 3 0x80006f7c (0x03747533) x10 0x00000000
core   0: 0x80006f80 (0x000861b3) or      gp, a6, zero
core   0: 3 0x80006f80 (0x000861b3) x 3 0x00000001
core   0: 0x80006f84 (0x03619e63) bne     gp, s6, pc + 60
core   0: 3 0x80006f84 (0x03619e63)
core   0: 0x80006fc0 (0x019abfb3) sltu    t6, s5, s9
core   0: 3 0x80006fc0 (0x019abfb3) x31 0x00000000
core   0: 0x80006fc4 (0xe28d2593) slti    a1, s10, -472
core   0: 3 0x80006fc4 (0xe28d2593) x11 0x00000000
core   0: 0x80006fc8 (0xacb7f093) andi    ra, a5, -1333
core   0: 3 0x80006fc8 (0xacb7f093) x 1 0x00000000
core   0: 0x80006fcc (0x00fac5b3) xor     a1, s5, a5
core   0: 3 0x80006fcc (0x00fac5b3) x11 0xffffffff
core   0: 0x80006fd0 (0x016261b3) or      gp, tp, s6
core   0: 3 0x80006fd0 (0x016261b3) x 3 0xffffff87
core   0: 0x80006fd4 (0x17da2837) lui     a6, 0x17da2
core   0: 3 0x80006fd4 (0x17da2837) x16 0x17da2000
core   0: 0x80006fd8 (0x027c37b3) mulhu   a5, s8, t2
core   0: 3 0x80006fd8 (0x027c37b3) x15 0x00000000
core   0: 0x80006fdc (0x01cc7233) and     tp, s8, t3
core   0: 3 0x80006fdc (0x01cc7233) x 4 0x00000000
core   0: 0x80006fe0 (0x0148aeb3) slt     t4, a7, s4
core   0: 3 0x80006fe0 (0x0148aeb3) x29 0x00000000
core   0: 0x80006fe4 (0x2a7fe993) ori     s3, t6, 679
core   0: 3 0x80006fe4 (0x2a7fe993) x19 0x000002a7
core   0: 0x80006fe8 (0x025ada63) bge     s5, t0, pc + 52
core   0: 3 0x80006fe8 (0x025ada63)
core   0: 0x80006fec (0x023051b3) divu    gp, zero, gp
core   0: 3 0x80006fec (0x023051b3) x 3 0x00000000
core   0: 0x80006ff0 (0x00079f93) slli    t6, a5, 0
core   0: 3 0x80006ff0 (0x00079f93) x31 0x00000000
core   0: 0x80006ff4 (0x41e6d333) sra     t1, a3, t5
core   0: 3 0x80006ff4 (0x41e6d333) x 6 0x000001a3
core   0: 0x80006ff8 (0x0262e733) rem     a4, t0, t1
core   0: 3 0x80006ff8 (0x0262e733) x14 0x000000b2
core   0: 0x80006ffc (0x00000013) nop
core   0: 3 0x80006ffc (0x00000013)
core   0: 0x80007000 (0x01760663) beq     a2, s7, pc + 12
core   0: 3 0x80007000 (0x01760663)
core   0: 0x80007004 (0x041d7663) bgeu    s10, ra, pc + 76
core   0: 3 0x80007004 (0x041d7663)
core   0: 0x80007050 (0x029bfc33) remu    s8, s7, s1
core   0: 3 0x80007050 (0x029bfc33) x24 0xb549147a
core   0: 0x80007054 (0x40dd88b3) sub     a7, s11, a3
core   0: 3 0x80007054 (0x40dd88b3) x17 0xfffffbde
core   0: 0x80007058 (0x0303b4b3) mulhu   s1, t2, a6
core   0: 3 0x80007058 (0x0303b4b3) x 9 0x09a5da16
core   0: 0x8000705c (0x00c75933) srl     s2, a4, a2
core   0: 3 0x8000705c (0x00c75933) x18 0x000000b2
core   0: 0x80007060 (0x41895d13) srai    s10, s2, 24
core   0: 3 0x80007060 (0x41895d13) x26 0x00000000
core   0: 0x80007064 (0x8bda7e13) andi    t3, s4, -1859
core   0: 3 0x80007064 (0x8bda7e13) x28 0x800298a4
core   0: 0x80007068 (0x0218e863) bltu    a7, ra, pc + 48
core   0: 3 0x80007068 (0x0218e863)
core   0: 0x8000706c (0x027d6a63) bltu    s10, t2, pc + 52
core   0: 3 0x8000706c (0x027d6a63)
core   0: 0x800070a0 (0x86833037) lui     zero, 0x86833
core   0: 3 0x800070a0 (0x86833037)
core   0: 0x800070a4 (0x0249e263) bltu    s3, tp, pc + 36
core   0: 3 0x800070a4 (0x0249e263)
core   0: 0x800070a8 (0x4d2cb993) sltiu   s3, s9, 1234
core   0: 3 0x800070a8 (0x4d2cb993) x19 0x00000001
core   0: 0x800070ac (0x97dfa893) slti    a7, t6, -1667
core   0: 3 0x800070ac (0x97dfa893) x17 0x00000000
core   0: 0x800070b0 (0x00360c33) add     s8, a2, gp
core   0: 3 0x800070b0 (0x00360c33) x24 0x00000000
core   0: 0x800070b4 (0x00ef0463) beq     t5, a4, pc + 8
core   0: 3 0x800070b4 (0x00ef0463)
core   0: 0x800070b8 (0x63363993) sltiu   s3, a2, 1587
core   0: 3 0x800070b8 (0x63363993) x19 0x00000001
core   0: 0x800070bc (0x0246ac33) mulhsu  s8, a3, tp
core   0: 3 0x800070bc (0x0246ac33) x24 0x00000000
core   0: 0x800070c0 (0x01ce6e33) or      t3, t3, t3
core   0: 3 0x800070c0 (0x01ce6e33) x28 0x800298a4
core   0: 0x800070c4 (0xb4553c13) sltiu   s8, a0, -1211
core   0: 3 0x800070c4 (0xb4553c13) x24 0x00000001
core   0: 0x800070c8 (0x01f68fb3) add     t6, a3, t6
core   0: 3 0x800070c8 (0x01f68fb3) x31 0x000001a3
core   0: 0x800070cc (0x00a1e4b3) or      s1, gp, a0
core   0: 3 0x800070cc (0x00a1e4b3) x 9 0x00000000
core   0: 0x800070d0 (0x41738833) sub     a6, t2, s7
core   0: 3 0x800070d0 (0x41738833) x16 0xb2436b86
core   0: 0x800070d4 (0x00c3c263) blt     t2, a2, pc + 4
core   0: 3 0x800070d4 (0x00c3c263)
core   0: 0x800070d8 (0x019310b3) sll     ra, t1, s9
core   0: 3 0x800070d8 (0x019310b3) x 1 0x0001a300
core   0: 0x800070dc (0x01209213) slli    tp, ra, 18
core   0: 3 0x800070dc (0x01209213) x 4 0x8c000000
core   0: 0x800070e0 (0x03bb4263) blt     s6, s11, pc + 36
core   0: 3 0x800070e0 (0x03bb4263)
core   0: 0x800070e4 (0x0355c263) blt     a1, s5, pc + 36
core   0: 3 0x800070e4 (0x0355c263)
core   0: 0x800070e8 (0x4024d533) sra     a0, s1, sp
core   0: 3 0x800070e8 (0x4024d533) x10 0x00000000
core   0: 0x800070ec (0x036b5733) divu    a4, s6, s6
core   0: 3 0x800070ec (0x036b5733) x14 0x00000001
core   0: 0x800070f0 (0x03e690b3) mulh    ra, a3, t5
core   0: 3 0x800070f0 (0x03e690b3) x 1 0x000000c5
core   0: 0x800070f4 (0xb4a02e37) lui     t3, 0xb4a02
core   0: 3 0x800070f4 (0xb4a02e37) x28 0xb4a02000
core   0: 0x800070f8 (0x02df30b3) mulhu   ra, t5, a3
core   0: 3 0x800070f8 (0x02df30b3) x 1 0x000000c5
core   0: 0x800070fc (0x0141e1b3) or      gp, gp, s4
core   0: 3 0x800070fc (0x0141e1b3) x 3 0x80029ce4
core   0: 0x80007100 (0xdcfa8293) addi    t0, s5, -561
core   0: 3 0x80007100 (0xdcfa8293) x 5 0xfffffdce
core   0: 0x80007104 (0x02d29263) bne     t0, a3, pc + 36
core   0: 3 0x80007104 (0x02d29263)
core   0: 0x80007128 (0x02d6c063) blt     a3, a3, pc + 32
core   0: 3 0x80007128 (0x02d6c063)
core   0: 0x8000712c (0x01869a93) slli    s5, a3, 24
core   0: 3 0x8000712c (0x01869a93) x21 0xa3000000
core   0: 0x80007130 (0x01f5f3b3) and     t2, a1, t6
core   0: 3 0x80007130 (0x01f5f3b3) x 7 0x000001a3
core   0: 0x80007134 (0x937f4913) xori    s2, t5, -1737
core   0: 3 0x80007134 (0x937f4913) x18 0x8737f937
core   0: 0x80007138 (0x4025d913) srai    s2, a1, 2
core   0: 3 0x80007138 (0x4025d913) x18 0xffffffff
core   0: 0x8000713c (0x05289063) bne     a7, s2, pc + 64
core   0: 3 0x8000713c (0x05289063)
core   0: 0x8000717c (0x0185c863) blt     a1, s8, pc + 16
core   0: 3 0x8000717c (0x0185c863)
core   0: 0x8000718c (0x01ecd1b3) srl     gp, s9, t5
core   0: 3 0x8000718c (0x01ecd1b3) x 3 0x00000148
core   0: 0x80007190 (0x02e1fd33) remu    s10, gp, a4
core   0: 3 0x80007190 (0x02e1fd33) x26 0x00000000
core   0: 0x80007194 (0x01d71813) slli    a6, a4, 29
core   0: 3 0x80007194 (0x01d71813) x16 0x20000000
core   0: 0x80007198 (0x008c8033) add     zero, s9, s0
core   0: 3 0x80007198 (0x008c8033)
core   0: 0x8000719c (0x00fe7333) and     t1, t3, a5
core   0: 3 0x8000719c (0x00fe7333) x 6 0x00000000
core   0: 0x800071a0 (0x021029b3) mulhsu  s3, zero, ra
core   0: 3 0x800071a0 (0x021029b3) x19 0x00000000
core   0: 0x800071a4 (0x028a79b3) remu    s3, s4, s0
core   0: 3 0x800071a4 (0x028a79b3) x19 0x80029ce4
core   0: 0x800071a8 (0x01954f33) xor     t5, a0, s9
core   0: 3 0x800071a8 (0x01954f33) x30 0x00000148
core   0: 0x800071ac (0x00687b33) and     s6, a6, t1
core   0: 3 0x800071ac (0x00687b33) x22 0x00000000
core   0: 0x800071b0 (0x00c01d33) sll     s10, zero, a2
core   0: 3 0x800071b0 (0x00c01d33) x26 0x00000000
core   0: 0x800071b4 (0x037030b3) mulhu   ra, zero, s7
core   0: 3 0x800071b4 (0x037030b3) x 1 0x00000000
core   0: 0x800071b8 (0xba764993) xori    s3, a2, -1113
core   0: 3 0x800071b8 (0xba764993) x19 0xfffffba7
core   0: 0x800071bc (0x02792433) mulhsu  s0, s2, t2
core   0: 3 0x800071bc (0x02792433) x 8 0xffffffff
core   0: 0x800071c0 (0x03767c63) bgeu    a2, s7, pc + 56
core   0: 3 0x800071c0 (0x03767c63)
core   0: 0x800071c4 (0x00118463) beq     gp, ra, pc + 8
core   0: 3 0x800071c4 (0x00118463)
core   0: 0x800071c8 (0x058fe863) bltu    t6, s8, pc + 80
core   0: 3 0x800071c8 (0x058fe863)
core   0: 0x800071cc (0x016289b3) add     s3, t0, s6
core   0: 3 0x800071cc (0x016289b3) x19 0xfffffdce
core   0: 0x800071d0 (0x03142433) mulhsu  s0, s0, a7
core   0: 3 0x800071d0 (0x03142433) x 8 0x00000000
core   0: 0x800071d4 (0x00615ab3) srl     s5, sp, t1
core   0: 3 0x800071d4 (0x00615ab3) x21 0x80025e64
core   0: 0x800071d8 (0x41d60eb3) sub     t4, a2, t4
core   0: 3 0x800071d8 (0x41d60eb3) x29 0x00000000
core   0: 0x800071dc (0x030213b3) mulh    t2, tp, a6
core   0: 3 0x800071dc (0x030213b3) x 7 0xf1800000
core   0: 0x800071e0 (0x01924c63) blt     tp, s9, pc + 24
core   0: 3 0x800071e0 (0x01924c63)
core   0: 0x800071f8 (0x0203beb3) mulhu   t4, t2, zero
core   0: 3 0x800071f8 (0x0203beb3) x29 0x00000000
core   0: 0x800071fc (0x0297c2b3) div     t0, a5, s1
core   0: 3 0x800071fc (0x0297c2b3) x 5 0xffffffff
core   0: 0x80007200 (0x032d2c33) mulhsu  s8, s10, s2
core   0: 3 0x80007200 (0x032d2c33) x24 0x00000000
core   0: 0x80007204 (0x02774b33) div     s6, a4, t2
core   0: 3 0x80007204 (0x02774b33) x22 0x00000000
core   0: 0x80007208 (0x403ad813) srai    a6, s5, 3
core   0: 3 0x80007208 (0x403ad813) x16 0xf0004bcc
core   0: 0x8000720c (0x02a166b3) rem     a3, sp, a0
core   0: 3 0x8000720c (0x02a166b3) x13 0x80025e64
core   0: 0x80007210 (0x000788b3) add     a7, a5, zero
core   0: 3 0x80007210 (0x000788b3) x17 0x00000000
core   0: 0x80007214 (0x00d29393) slli    t2, t0, 13
core   0: 3 0x80007214 (0x00d29393) x 7 0xffffe000
core   0: 0x80007218 (0x006513b3) sll     t2, a0, t1
core   0: 3 0x80007218 (0x006513b3) x 7 0x00000000
core   0: 0x8000721c (0x01817c63) bgeu    sp, s8, pc + 24
core   0: 3 0x8000721c (0x01817c63)
core   0: 0x80007234 (0x02b91263) bne     s2, a1, pc + 36
core   0: 3 0x80007234 (0x02b91263)
core   0: 0x80007238 (0x41d757b3) sra     a5, a4, t4
core   0: 3 0x80007238 (0x41d757b3) x15 0x00000001
core   0: 0x8000723c (0x0080a333) slt     t1, ra, s0
core   0: 3 0x8000723c (0x0080a333) x 6 0x00000000
core   0: 0x80007240 (0x02779033) mulh    zero, a5, t2
core   0: 3 0x80007240 (0x02779033)
core   0: 0x80007244 (0x034fc263) blt     t6, s4, pc + 36
core   0: 3 0x80007244 (0x034fc263)
core   0: 0x80007248 (0x057f8263) beq     t6, s7, pc + 68
core   0: 3 0x80007248 (0x057f8263)
core   0: 0x8000724c (0xa0e7a913) slti    s2, a5, -1522
core   0: 3 0x8000724c (0xa0e7a913) x18 0x00000000
core   0: 0x80007250 (0x01a3ce33) xor     t3, t2, s10
core   0: 3 0x80007250 (0x01a3ce33) x28 0x00000000
core   0: 0x80007254 (0x00000013) nop
core   0: 3 0x80007254 (0x00000013)
core   0: 0x80007258 (0x035bd533) divu    a0, s7, s5
core   0: 3 0x80007258 (0x035bd533) x10 0x00000001
core   0: 0x8000725c (0x02018333) mul     t1, gp, zero
core   0: 3 0x8000725c (0x02018333) x 6 0x00000000
core   0: 0x80007260 (0x034ad4b3) divu    s1, s5, s4
core   0: 3 0x80007260 (0x034ad4b3) x 9 0x00000000
core   0: 0x80007264 (0xec27b613) sltiu   a2, a5, -318
core   0: 3 0x80007264 (0xec27b613) x12 0x00000001
core   0: 0x80007268 (0x00f96c33) or      s8, s2, a5
core   0: 3 0x80007268 (0x00f96c33) x24 0x00000001
core   0: 0x8000726c (0x018ee933) or      s2, t4, s8
core   0: 3 0x8000726c (0x018ee933) x18 0x00000001
core   0: 0x80007270 (0x01c4b733) sltu    a4, s1, t3
core   0: 3 0x80007270 (0x01c4b733) x14 0x00000000
core   0: 0x80007274 (0x023f46b3) div     a3, t5, gp
core   0: 3 0x80007274 (0x023f46b3) x13 0x00000001
core   0: 0x80007278 (0x006beeb3) or      t4, s7, t1
core   0: 3 0x80007278 (0x006beeb3) x29 0xb549147a
core   0: 0x8000727c (0x01d83b33) sltu    s6, a6, t4
core   0: 3 0x8000727c (0x01d83b33) x22 0x00000000
core   0: 0x80007280 (0x354c6f13) ori     t5, s8, 852
core   0: 3 0x80007280 (0x354c6f13) x30 0x00000355
core   0: 0x80007284 (0xb992f913) andi    s2, t0, -1127
core   0: 3 0x80007284 (0xb992f913) x18 0xfffffb99
core   0: 0x80007288 (0xde07e217) auipc   tp, 0xde07e
core   0: 3 0x80007288 (0xde07e217) x 4 0x5e085288
core   0: 0x8000728c (0x0162f863) bgeu    t0, s6, pc + 16
core   0: 3 0x8000728c (0x0162f863)
core   0: 0x8000729c (0x02b05833) divu    a6, zero, a1
core   0: 3 0x8000729c (0x02b05833) x16 0x00000000
core   0: 0x800072a0 (0x02c4d533) divu    a0, s1, a2
core   0: 3 0x800072a0 (0x02c4d533) x10 0x00000000
core   0: 0x800072a4 (0x018f28b3) slt     a7, t5, s8
core   0: 3 0x800072a4 (0x018f28b3) x17 0x00000000
core   0: 0x800072a8 (0x018ed913) srli    s2, t4, 24
core   0: 3 0x800072a8 (0x018ed913) x18 0x000000b5
core   0: 0x800072ac (0x022e1333) mulh    t1, t3, sp
core   0: 3 0x800072ac (0x022e1333) x 6 0x00000000
core   0: 0x800072b0 (0x005fdf33) srl     t5, t6, t0
core   0: 3 0x800072b0 (0x005fdf33) x30 0x00000000
core   0: 0x800072b4 (0x010e2933) slt     s2, t3, a6
core   0: 3 0x800072b4 (0x010e2933) x18 0x00000000
core   0: 0x800072b8 (0x00000013) nop
core   0: 3 0x800072b8 (0x00000013)
core   0: 0x800072bc (0x02651733) mulh    a4, a0, t1
core   0: 3 0x800072bc (0x02651733) x14 0x00000000
core   0: 0x800072c0 (0x03e4e6b3) rem     a3, s1, t5
core   0: 3 0x800072c0 (0x03e4e6b3) x13 0x00000000
core   0: 0x800072c4 (0x00cc9d33) sll     s10, s9, a2
core   0: 3 0x800072c4 (0x00cc9d33) x26 0x00000290
core   0: 0x800072c8 (0x028a52b3) divu    t0, s4, s0
core   0: 3 0x800072c8 (0x028a52b3) x 5 0xffffffff
core   0: 0x800072cc (0x02026863) bltu    tp, zero, pc + 48
core   0: 3 0x800072cc (0x02026863)
core   0: 0x800072d0 (0x24ea8f93) addi    t6, s5, 590
core   0: 3 0x800072d0 (0x24ea8f93) x31 0x800260b2
core   0: 0x800072d4 (0x01f85b13) srli    s6, a6, 31
core   0: 3 0x800072d4 (0x01f85b13) x22 0x00000000
core   0: 0x800072d8 (0x0358f533) remu    a0, a7, s5
core   0: 3 0x800072d8 (0x0358f533) x10 0x00000000
core   0: 0x800072dc (0x03663c33) mulhu   s8, a2, s6
core   0: 3 0x800072dc (0x03663c33) x24 0x00000000
core   0: 0x800072e0 (0x22eb3613) sltiu   a2, s6, 558
core   0: 3 0x800072e0 (0x22eb3613) x12 0x00000001
core   0: 0x800072e4 (0x40d05b33) sra     s6, zero, a3
core   0: 3 0x800072e4 (0x40d05b33) x22 0x00000000
core   0: 0x800072e8 (0x40430eb3) sub     t4, t1, tp
core   0: 3 0x800072e8 (0x40430eb3) x29 0xa1f7ad78
core   0: 0x800072ec (0x018d3b33) sltu    s6, s10, s8
core   0: 3 0x800072ec (0x018d3b33) x22 0x00000000
core   0: 0x800072f0 (0x00000013) nop
core   0: 3 0x800072f0 (0x00000013)
core   0: 0x800072f4 (0x01f2d833) srl     a6, t0, t6
core   0: 3 0x800072f4 (0x01f2d833) x16 0x00003fff
core   0: 0x800072f8 (0x001cd5b3) srl     a1, s9, ra
core   0: 3 0x800072f8 (0x001cd5b3) x11 0x00000148
core   0: 0x800072fc (0x0022d313) srli    t1, t0, 2
core   0: 3 0x800072fc (0x0022d313) x 6 0x3fffffff
core   0: 0x80007300 (0x02b42fb3) mulhsu  t6, s0, a1
core   0: 3 0x80007300 (0x02b42fb3) x31 0x00000000
core   0: 0x80007304 (0x031cc0b3) div     ra, s9, a7
core   0: 3 0x80007304 (0x031cc0b3) x 1 0xffffffff
core   0: 0x80007308 (0x00000013) nop
core   0: 3 0x80007308 (0x00000013)
core   0: 0x8000730c (0x01aa4fb3) xor     t6, s4, s10
core   0: 3 0x8000730c (0x01aa4fb3) x31 0x80029e74
core   0: 0x80007310 (0x5c17ed13) ori     s10, a5, 1473
core   0: 3 0x80007310 (0x5c17ed13) x26 0x000005c1
core   0: 0x80007314 (0x00775b13) srli    s6, a4, 7
core   0: 3 0x80007314 (0x00775b13) x22 0x00000000
core   0: 0x80007318 (0x03926063) bltu    tp, s9, pc + 32
core   0: 3 0x80007318 (0x03926063)
core   0: 0x8000731c (0x01f67d33) and     s10, a2, t6
core   0: 3 0x8000731c (0x01f67d33) x26 0x00000000
core   0: 0x80007320 (0x01f25233) srl     tp, tp, t6
core   0: 3 0x80007320 (0x01f25233) x 4 0x000005e0
core   0: 0x80007324 (0x002092b3) sll     t0, ra, sp
core   0: 3 0x80007324 (0x002092b3) x 5 0xfffffff0
core   0: 0x80007328 (0x01e3f663) bgeu    t2, t5, pc + 12
core   0: 3 0x80007328 (0x01e3f663)
core   0: 0x80007334 (0x013eedb3) or      s11, t4, s3
core   0: 3 0x80007334 (0x013eedb3) x27 0xfffffdfe
core   0: 0x80007338 (0x1e9e0993) addi    s3, t3, 489
core   0: 3 0x80007338 (0x1e9e0993) x19 0x000001e9
core   0: 0x8000733c (0xb8e18593) addi    a1, gp, -1138
core   0: 3 0x8000733c (0xb8e18593) x11 0xfffffcd6
core   0: 0x80007340 (0x01e8d613) srli    a2, a7, 30
core   0: 3 0x80007340 (0x01e8d613) x12 0x00000000
core   0: 0x80007344 (0x0102a833) slt     a6, t0, a6
core   0: 3 0x80007344 (0x0102a833) x16 0x00000001
core   0: 0x80007348 (0xaa2d7c13) andi    s8, s10, -1374
core   0: 3 0x80007348 (0xaa2d7c13) x24 0x00000000
core   0: 0x8000734c (0x0315e933) rem     s2, a1, a7
core   0: 3 0x8000734c (0x0315e933) x18 0xfffffcd6
core   0: 0x80007350 (0x02d36033) rem     zero, t1, a3
core   0: 3 0x80007350 (0x02d36033)
core   0: 0x80007354 (0x00dad293) srli    t0, s5, 13
core   0: 3 0x80007354 (0x00dad293) x 5 0x00040012
core   0: 0x80007358 (0x00836cb3) or      s9, t1, s0
core   0: 3 0x80007358 (0x00836cb3) x25 0x3fffffff
core   0: 0x8000735c (0x010db5b3) sltu    a1, s11, a6
core   0: 3 0x8000735c (0x010db5b3) x11 0x00000000
core   0: 0x80007360 (0x87dc8d93) addi    s11, s9, -1923
core   0: 3 0x80007360 (0x87dc8d93) x27 0x3ffff87c
core   0: 0x80007364 (0x00fef263) bgeu    t4, a5, pc + 4
core   0: 3 0x80007364 (0x00fef263)
core   0: 0x80007368 (0xf95346b7) lui     a3, 0xf9534
core   0: 3 0x80007368 (0xf95346b7) x13 0xf9534000
core   0: 0x8000736c (0x01ab4663) blt     s6, s10, pc + 12
core   0: 3 0x8000736c (0x01ab4663)
core   0: 0x80007370 (0x030c63b3) rem     t2, s8, a6
core   0: 3 0x80007370 (0x030c63b3) x 7 0x00000000
core   0: 0x80007374 (0x011a9933) sll     s2, s5, a7
core   0: 3 0x80007374 (0x011a9933) x18 0x80025e64
core   0: 0x80007378 (0x03e4da63) bge     s1, t5, pc + 52
core   0: 3 0x80007378 (0x03e4da63)
core   0: 0x800073ac (0x9992c213) xori    tp, t0, -1639
core   0: 3 0x800073ac (0x9992c213) x 4 0xfffbf98b
core   0: 0x800073b0 (0x021861b3) rem     gp, a6, ra
core   0: 3 0x800073b0 (0x021861b3) x 3 0x00000000
core   0: 0x800073b4 (0x41cf0233) sub     tp, t5, t3
core   0: 3 0x800073b4 (0x41cf0233) x 4 0x00000000
core   0: 0x800073b8 (0xdea44813) xori    a6, s0, -534
core   0: 3 0x800073b8 (0xdea44813) x16 0xfffffdea
core   0: 0x800073bc (0x00000013) nop
core   0: 3 0x800073bc (0x00000013)
core   0: 0x800073c0 (0x01fc4633) xor     a2, s8, t6
core   0: 3 0x800073c0 (0x01fc4633) x12 0x80029e74
core   0: 0x800073c4 (0x00000013) nop
core   0: 3 0x800073c4 (0x00000013)
core   0: 0x800073c8 (0x0096c333) xor     t1, a3, s1
core   0: 3 0x800073c8 (0x0096c333) x 6 0xf9534000
core   0: 0x800073cc (0x01b3d863) bge     t2, s11, pc + 16
core   0: 3 0x800073cc (0x01b3d863)
core   0: 0x800073d0 (0x01489593) slli    a1, a7, 20
core   0: 3 0x800073d0 (0x01489593) x11 0x00000000
core   0: 0x800073d4 (0x02a18fb3) mul     t6, gp, a0
core   0: 3 0x800073d4 (0x02a18fb3) x31 0x00000000
core   0: 0x800073d8 (0x07d30d93) addi    s11, t1, 125
core   0: 3 0x800073d8 (0x07d30d93) x27 0xf953407d
core   0: 0x800073dc (0x0248ddb3) divu    s11, a7, tp
core   0: 3 0x800073dc (0x0248ddb3) x27 0xffffffff
core   0: 0x800073e0 (0x00559c93) slli    s9, a1, 5
core   0: 3 0x800073e0 (0x00559c93) x25 0x00000000
core   0: 0x800073e4 (0x0328b2b3) mulhu   t0, a7, s2
core   0: 3 0x800073e4 (0x0328b2b3) x 5 0x00000000
core   0: 0x800073e8 (0xe6603c13) sltiu   s8, zero, -410
core   0: 3 0x800073e8 (0xe6603c13) x24 0x00000001
core   0: 0x800073ec (0x413ed633) sra     a2, t4, s3
core   0: 3 0x800073ec (0x413ed633) x12 0xffd0fbd6
core   0: 0x800073f0 (0x40cbd533) sra     a0, s7, a2
core   0: 3 0x800073f0 (0x40cbd533) x10 0xfffffed5
core   0: 0x800073f4 (0x01f868b3) or      a7, a6, t6
core   0: 3 0x800073f4 (0x01f868b3) x17 0xfffffdea
core   0: 0x800073f8 (0x5fa6a813) slti    a6, a3, 1530
core   0: 3 0x800073f8 (0x5fa6a813) x16 0x00000001
core   0: 0x800073fc (0x0163c8b3) xor     a7, t2, s6
core   0: 3 0x800073fc (0x0163c8b3) x17 0x00000000
core   0: 0x80007400 (0x020a1eb3) mulh    t4, s4, zero
core   0: 3 0x80007400 (0x020a1eb3) x29 0x00000000
core   0: 0x80007404 (0x03d96e63) bltu    s2, t4, pc + 60
core   0: 3 0x80007404 (0x03d96e63)
core   0: 0x80007408 (0x00000013) nop
core   0: 3 0x80007408 (0x00000013)
core   0: 0x8000740c (0x0274c233) div     tp, s1, t2
core   0: 3 0x8000740c (0x0274c233) x 4 0xffffffff
core   0: 0x80007410 (0x01500533) add     a0, zero, s5
core   0: 3 0x80007410 (0x01500533) x10 0x80025e64
core   0: 0x80007414 (0x02df0ab3) mul     s5, t5, a3
core   0: 3 0x80007414 (0x02df0ab3) x21 0x00000000
core   0: 0x80007418 (0x0383cb33) div     s6, t2, s8
core   0: 3 0x80007418 (0x0383cb33) x22 0x00000000
core   0: 0x8000741c (0x00bf7433) and     s0, t5, a1
core   0: 3 0x8000741c (0x00bf7433) x 8 0x00000000
core   0: 0x80007420 (0x02bc6a63) bltu    s8, a1, pc + 52
core   0: 3 0x80007420 (0x02bc6a63)
core   0: 0x80007424 (0x0208e933) rem     s2, a7, zero
core   0: 3 0x80007424 (0x0208e933) x18 0x00000000
core   0: 0x80007428 (0x004f7533) and     a0, t5, tp
core   0: 3 0x80007428 (0x004f7533) x10 0x00000000
core   0: 0x8000742c (0xcbeacd13) xori    s10, s5, -834
core   0: 3 0x8000742c (0xcbeacd13) x26 0xfffffcbe
core   0: 0x80007430 (0x003decb3) or      s9, s11, gp
core   0: 3 0x80007430 (0x003decb3) x25 0xffffffff
core   0: 0x80007434 (0x419adf33) sra     t5, s5, s9
core   0: 3 0x80007434 (0x419adf33) x30 0x00000000
core   0: 0x80007438 (0x8547ae93) slti    t4, a5, -1964
core   0: 3 0x80007438 (0x8547ae93) x29 0x00000000
core   0: 0x8000743c (0x31e20513) addi    a0, tp, 798
core   0: 3 0x8000743c (0x31e20513) x10 0x0000031d
core   0: 0x80007440 (0x45c0f513) andi    a0, ra, 1116
core   0: 3 0x80007440 (0x45c0f513) x10 0x0000045c
core   0: 0x80007444 (0xa03987b7) lui     a5, 0xa0398
core   0: 3 0x80007444 (0xa03987b7) x15 0xa0398000
core   0: 0x80007448 (0x022441b3) div     gp, s0, sp
core   0: 3 0x80007448 (0x022441b3) x 3 0x00000000
core   0: 0x8000744c (0x000cb233) sltu    tp, s9, zero
core   0: 3 0x8000744c (0x000cb233) x 4 0x00000000
core   0: 0x80007450 (0x02a4f6b3) remu    a3, s1, a0
core   0: 3 0x80007450 (0x02a4f6b3) x13 0x00000000
core   0: 0x80007454 (0x0165dc13) srli    s8, a1, 22
core   0: 3 0x80007454 (0x0165dc13) x24 0x00000000
core   0: 0x80007458 (0x03e51263) bne     a0, t5, pc + 36
core   0: 3 0x80007458 (0x03e51263)
core   0: 0x8000747c (0x017ca4b3) slt     s1, s9, s7
core   0: 3 0x8000747c (0x017ca4b3) x 9 0x00000000
core   0: 0x80007480 (0x012c7263) bgeu    s8, s2, pc + 4
core   0: 3 0x80007480 (0x012c7263)
core   0: 0x80007484 (0x0e9f4793) xori    a5, t5, 233
core   0: 3 0x80007484 (0x0e9f4793) x15 0x000000e9
core   0: 0x80007488 (0xb0872513) slti    a0, a4, -1272
core   0: 3 0x80007488 (0xb0872513) x10 0x00000000
core   0: 0x8000748c (0x03949633) mulh    a2, s1, s9
core   0: 3 0x8000748c (0x03949633) x12 0x00000000
core   0: 0x80007490 (0x00a7c3b3) xor     t2, a5, a0
core   0: 3 0x80007490 (0x00a7c3b3) x 7 0x000000e9
core   0: 0x80007494 (0x01893f33) sltu    t5, s2, s8
core   0: 3 0x80007494 (0x01893f33) x30 0x00000000
core   0: 0x80007498 (0x40915093) srai    ra, sp, 9
core   0: 3 0x80007498 (0x40915093) x 1 0xffc0012f
core   0: 0x8000749c (0x037a3433) mulhu   s0, s4, s7
core   0: 3 0x8000749c (0x037a3433) x 8 0x5aa663e9
core   0: 0x800074a0 (0x02721733) mulh    a4, tp, t2
core   0: 3 0x800074a0 (0x02721733) x14 0x00000000
core   0: 0x800074a4 (0x03061433) mulh    s0, a2, a6
core   0: 3 0x800074a4 (0x03061433) x 8 0x00000000
core   0: 0x800074a8 (0x9c967513) andi    a0, a2, -1591
core   0: 3 0x800074a8 (0x9c967513) x10 0x00000000
core   0: 0x800074ac (0x00000013) nop
core   0: 3 0x800074ac (0x00000013)
core   0: 0x800074b0 (0x034c0c63) beq     s8, s4, pc + 56
core   0: 3 0x800074b0 (0x034c0c63)
core   0: 0x800074b4 (0x042af063) bgeu    s5, sp, pc + 64
core   0: 3 0x800074b4 (0x042af063)
core   0: 0x800074b8 (0x00000013) nop
core   0: 3 0x800074b8 (0x00000013)
core   0: 0x800074bc (0x02a1d6b3) divu    a3, gp, a0
core   0: 3 0x800074bc (0x02a1d6b3) x13 0xffffffff
core   0: 0x800074c0 (0x010d6933) or      s2, s10, a6
core   0: 3 0x800074c0 (0x010d6933) x18 0xfffffcbf
core   0: 0x800074c4 (0x1eec7397) auipc   t2, 0x1eec7
core   0: 3 0x800074c4 (0x1eec7397) x 7 0x9eece4c4
core   0: 0x800074c8 (0x01c522b3) slt     t0, a0, t3
core   0: 3 0x800074c8 (0x01c522b3) x 5 0x00000000
core   0: 0x800074cc (0x035cd633) divu    a2, s9, s5
core   0: 3 0x800074cc (0x035cd633) x12 0xffffffff
core   0: 0x800074d0 (0xea47aeb7) lui     t4, 0xea47a
core   0: 3 0x800074d0 (0xea47aeb7) x29 0xea47a000
core   0: 0x800074d4 (0x032e97b3) mulh    a5, t4, s2
core   0: 3 0x800074d4 (0x032e97b3) x15 0x00000046
core   0: 0x800074d8 (0x215e7513) andi    a0, t3, 533
core   0: 3 0x800074d8 (0x215e7513) x10 0x00000000
core   0: 0x800074dc (0x030eccb3) div     s9, t4, a6
core   0: 3 0x800074dc (0x030eccb3) x25 0xea47a000
core   0: 0x800074e0 (0x0353fb33) remu    s6, t2, s5
core   0: 3 0x800074e0 (0x0353fb33) x22 0x9eece4c4
core   0: 0x800074e4 (0x02fcccb3) div     s9, s9, a5
core   0: 3 0x800074e4 (0x02fcccb3) x25 0xffb090eb
core   0: 0x800074e8 (0x03db0263) beq     s6, t4, pc + 36
core   0: 3 0x800074e8 (0x03db0263)
core   0: 0x800074ec (0x04f5e663) bltu    a1, a5, pc + 76
core   0: 3 0x800074ec (0x04f5e663)
core   0: 0x80007538 (0xc857b1b7) lui     gp, 0xc857b
core   0: 3 0x80007538 (0xc857b1b7) x 3 0xc857b000
core   0: 0x8000753c (0x5df90513) addi    a0, s2, 1503
core   0: 3 0x8000753c (0x5df90513) x10 0x0000029e
core   0: 0x80007540 (0x00ff40b3) xor     ra, t5, a5
core   0: 3 0x80007540 (0x00ff40b3) x 1 0x00000046
core   0: 0x80007544 (0x028c2db3) mulhsu  s11, s8, s0
core   0: 3 0x80007544 (0x028c2db3) x27 0x00000000
core   0: 0x80007548 (0x021c1f33) mulh    t5, s8, ra
core   0: 3 0x80007548 (0x021c1f33) x30 0x00000000
core   0: 0x8000754c (0x030daf33) mulhsu  t5, s11, a6
core   0: 3 0x8000754c (0x030daf33) x30 0x00000000
core   0: 0x80007550 (0x00a64e33) xor     t3, a2, a0
core   0: 3 0x80007550 (0x00a64e33) x28 0xfffffd61
core   0: 0x80007554 (0x031d6063) bltu    s10, a7, pc + 32
core   0: 3 0x80007554 (0x031d6063)
core   0: 0x80007558 (0x2e122193) slti    gp, tp, 737
core   0: 3 0x80007558 (0x2e122193) x 3 0x00000001
core   0: 0x8000755c (0x739ae793) ori     a5, s5, 1849
core   0: 3 0x8000755c (0x739ae793) x15 0x00000739
core   0: 0x80007560 (0x0306cc33) div     s8, a3, a6
core   0: 3 0x80007560 (0x0306cc33) x24 0xffffffff
core   0: 0x80007564 (0x415f5833) sra     a6, t5, s5
core   0: 3 0x80007564 (0x415f5833) x16 0x00000000
core   0: 0x80007568 (0xc2a62d13) slti    s10, a2, -982
core   0: 3 0x80007568 (0xc2a62d13) x26 0x00000000
core   0: 0x8000756c (0x41758fb3) sub     t6, a1, s7
core   0: 3 0x8000756c (0x41758fb3) x31 0x4ab6eb86
core   0: 0x80007570 (0x02ab2833) mulhsu  a6, s6, a0
core   0: 3 0x80007570 (0x02ab2833) x16 0xffffff01
core   0: 0x80007574 (0x002bfdb3) and     s11, s7, sp
core   0: 3 0x80007574 (0x002bfdb3) x27 0x80001460
core   0: 0x80007578 (0x02c3bfb3) mulhu   t6, t2, a2
core   0: 3 0x80007578 (0x02c3bfb3) x31 0x9eece4c3
core   0: 0x8000757c (0x8dfbbe13) sltiu   t3, s7, -1825
core   0: 3 0x8000757c (0x8dfbbe13) x28 0x00000001
core   0: 0x80007580 (0x0227ca63) blt     a5, sp, pc + 52
core   0: 3 0x80007580 (0x0227ca63)
core   0: 0x80007584 (0x03a9d333) divu    t1, s3, s10
core   0: 3 0x80007584 (0x03a9d333) x 6 0xffffffff
core   0: 0x80007588 (0x6ec0e593) ori     a1, ra, 1772
core   0: 3 0x80007588 (0x6ec0e593) x11 0x000006ee
core   0: 0x8000758c (0x031c0e33) mul     t3, s8, a7
core   0: 3 0x8000758c (0x031c0e33) x28 0x00000000
core   0: 0x80007590 (0x00c87263) bgeu    a6, a2, pc + 4
core   0: 3 0x80007590 (0x00c87263)
core   0: 0x80007594 (0x41c75cb3) sra     s9, a4, t3
core   0: 3 0x80007594 (0x41c75cb3) x25 0x00000000
core   0: 0x80007598 (0x0371d333) divu    t1, gp, s7
core   0: 3 0x80007598 (0x0371d333) x 6 0x00000000
core   0: 0x8000759c (0x00d31213) slli    tp, t1, 13
core   0: 3 0x8000759c (0x00d31213) x 4 0x00000000
core   0: 0x800075a0 (0x00bacfb3) xor     t6, s5, a1
core   0: 3 0x800075a0 (0x00bacfb3) x31 0x000006ee
core   0: 0x800075a4 (0x73424b13) xori    s6, tp, 1844
core   0: 3 0x800075a4 (0x73424b13) x22 0x00000734
core   0: 0x800075a8 (0x03a1e033) rem     zero, gp, s10
core   0: 3 0x800075a8 (0x03a1e033)
core   0: 0x800075ac (0x03ba7c63) bgeu    s4, s11, pc + 56
core   0: 3 0x800075ac (0x03ba7c63)
core   0: 0x800075e4 (0x40a5d933) sra     s2, a1, a0
core   0: 3 0x800075e4 (0x40a5d933) x18 0x00000000
core   0: 0x800075e8 (0x01ea4433) xor     s0, s4, t5
core   0: 3 0x800075e8 (0x01ea4433) x 8 0x80029ce4
core   0: 0x800075ec (0x003f1663) bne     t5, gp, pc + 12
core   0: 3 0x800075ec (0x003f1663)
core   0: 0x800075f8 (0x033fe533) rem     a0, t6, s3
core   0: 3 0x800075f8 (0x033fe533) x10 0x00000133
core   0: 0x800075fc (0x8cb47c93) andi    s9, s0, -1845
core   0: 3 0x800075fc (0x8cb47c93) x25 0x800298c0
core   0: 0x80007600 (0x01a0bb33) sltu    s6, ra, s10
core   0: 3 0x80007600 (0x01a0bb33) x22 0x00000000
core   0: 0x80007604 (0x03840033) mul     zero, s0, s8
core   0: 3 0x80007604 (0x03840033)
core   0: 0x80007608 (0x015858b3) srl     a7, a6, s5
core   0: 3 0x80007608 (0x015858b3) x17 0xffffff01
core   0: 0x8000760c (0x03f000b3) mul     ra, zero, t6
core   0: 3 0x8000760c (0x03f000b3) x 1 0x00000000
core   0: 0x80007610 (0x40a48b33) sub     s6, s1, a0
core   0: 3 0x80007610 (0x40a48b33) x22 0xfffffecd
core   0: 0x80007614 (0x010effb3) and     t6, t4, a6
core   0: 3 0x80007614 (0x010effb3) x31 0xea47a000
core   0: 0x80007618 (0x0331fd33) remu    s10, gp, s3
core   0: 3 0x80007618 (0x0331fd33) x26 0x00000001
core   0: 0x8000761c (0x02c9d533) divu    a0, s3, a2
core   0: 3 0x8000761c (0x02c9d533) x10 0x00000000
core   0: 0x80007620 (0x003a5a93) srli    s5, s4, 3
core   0: 3 0x80007620 (0x003a5a93) x21 0x1000539c
core   0: 0x80007624 (0x025e6433) rem     s0, t3, t0
core   0: 3 0x80007624 (0x025e6433) x 8 0x00000000
core   0: 0x80007628 (0x03e06263) bltu    zero, t5, pc + 36
core   0: 3 0x80007628 (0x03e06263)
core   0: 0x8000762c (0x02c59e33) mulh    t3, a1, a2
core   0: 3 0x8000762c (0x02c59e33) x28 0xffffffff
core   0: 0x80007630 (0x00bd5a63) bge     s10, a1, pc + 20
core   0: 3 0x80007630 (0x00bd5a63)
core   0: 0x80007634 (0x01b27c63) bgeu    tp, s11, pc + 24
core   0: 3 0x80007634 (0x01b27c63)
core   0: 0x80007638 (0x00d95213) srli    tp, s2, 13
core   0: 3 0x80007638 (0x00d95213) x 4 0x00000000
core   0: 0x8000763c (0x117f4863) blt     t5, s7, pc + 272
core   0: 3 0x8000763c (0x117f4863)
core   0: 0x80007640 (0xae62e497) auipc   s1, 0xae62e
core   0: 3 0x80007640 (0xae62e497) x 9 0x2e635640
core   0: 0x80007644 (0x01fa3cb3) sltu    s9, s4, t6
core   0: 3 0x80007644 (0x01fa3cb3) x25 0x00000001
core   0: 0x80007648 (0x0ef5c463) blt     a1, a5, pc + 232
core   0: 3 0x80007648 (0x0ef5c463)
core   0: 0x80007730 (0xbef78193) addi    gp, a5, -1041
core   0: 3 0x80007730 (0xbef78193) x 3 0x00000328
core   0: 0x80007734 (0x0f52beb7) lui     t4, 0xf52b
core   0: 3 0x80007734 (0x0f52beb7) x29 0x0f52b000
core   0: 0x80007738 (0x7dc08513) addi    a0, ra, 2012
core   0: 3 0x80007738 (0x7dc08513) x10 0x000007dc
core   0: 0x8000773c (0x04789263) bne     a7, t2, pc + 68
core   0: 3 0x8000773c (0x04789263)
core   0: 0x80007780 (0x01b1bc33) sltu    s8, gp, s11
core   0: 3 0x80007780 (0x01b1bc33) x24 0x00000001
core   0: 0x80007784 (0x0263da63) bge     t2, t1, pc + 52
core   0: 3 0x80007784 (0x0263da63)
core   0: 0x80007788 (0x000de733) or      a4, s11, zero
core   0: 3 0x80007788 (0x000de733) x14 0x80001460
core   0: 0x8000778c (0x03f023b3) mulhsu  t2, zero, t6
core   0: 3 0x8000778c (0x03f023b3) x 7 0x00000000
core   0: 0x80007790 (0x02ff1a63) bne     t5, a5, pc + 52
core   0: 3 0x80007790 (0x02ff1a63)
core   0: 0x800077c4 (0x018863b3) or      t2, a6, s8
core   0: 3 0x800077c4 (0x018863b3) x 7 0xffffff01
core   0: 0x800077c8 (0x00000013) nop
core   0: 3 0x800077c8 (0x00000013)
core   0: 0x800077cc (0x02925eb3) divu    t4, tp, s1
core   0: 3 0x800077cc (0x02925eb3) x29 0x00000000
core   0: 0x800077d0 (0x022afc33) remu    s8, s5, sp
core   0: 3 0x800077d0 (0x022afc33) x24 0x1000539c
core   0: 0x800077d4 (0xcbeb8693) addi    a3, s7, -834
core   0: 3 0x800077d4 (0xcbeb8693) x13 0xb5491138
core   0: 0x800077d8 (0x41fb5833) sra     a6, s6, t6
core   0: 3 0x800077d8 (0x41fb5833) x16 0xfffffecd
core   0: 0x800077dc (0x000dd793) srli    a5, s11, 0
core   0: 3 0x800077dc (0x000dd793) x15 0x80001460
core   0: 0x800077e0 (0xe8a7bd93) sltiu   s11, a5, -374
core   0: 3 0x800077e0 (0xe8a7bd93) x27 0x00000001
core   0: 0x800077e4 (0x40bf04b3) sub     s1, t5, a1
core   0: 3 0x800077e4 (0x40bf04b3) x 9 0xfffff912
core   0: 0x800077e8 (0x403008b3) sub     a7, zero, gp
core   0: 3 0x800077e8 (0x403008b3) x17 0xfffffcd8
core   0: 0x800077ec (0x03ad0263) beq     s10, s10, pc + 36
core   0: 3 0x800077ec (0x03ad0263)
core   0: 0x80007810 (0x00bbc663) blt     s7, a1, pc + 12
core   0: 3 0x80007810 (0x00bbc663)
core   0: 0x8000781c (0x00000013) nop
core   0: 3 0x8000781c (0x00000013)
core   0: 0x80007820 (0x01d090b3) sll     ra, ra, t4
core   0: 3 0x80007820 (0x01d090b3) x 1 0x00000000
core   0: 0x80007824 (0x00000013) nop
core   0: 3 0x80007824 (0x00000013)
core   0: 0x80007828 (0x02778263) beq     a5, t2, pc + 36
core   0: 3 0x80007828 (0x02778263)
core   0: 0x8000782c (0x008b8863) beq     s7, s0, pc + 16
core   0: 3 0x8000782c (0x008b8863)
core   0: 0x80007830 (0xfc7dc513) xori    a0, s11, -57
core   0: 3 0x80007830 (0xfc7dc513) x10 0xffffffc6
core   0: 0x80007834 (0x00d909b3) add     s3, s2, a3
core   0: 3 0x80007834 (0x00d909b3) x19 0xb5491138
core   0: 0x80007838 (0x00000013) nop
core   0: 3 0x80007838 (0x00000013)
core   0: 0x8000783c (0x01fcec63) bltu    s9, t6, pc + 24
core   0: 3 0x8000783c (0x01fcec63)
core   0: 0x80007854 (0x02b8f263) bgeu    a7, a1, pc + 36
core   0: 3 0x80007854 (0x02b8f263)
core   0: 0x80007878 (0xb5e42313) slti    t1, s0, -1186
core   0: 3 0x80007878 (0xb5e42313) x 6 0x00000000
core   0: 0x8000787c (0x415205b3) sub     a1, tp, s5
core   0: 3 0x8000787c (0x415205b3) x11 0xefffac64
core   0: 0x80007880 (0x88736797) auipc   a5, 0x88736
core   0: 3 0x80007880 (0x88736797) x15 0x0873d880
core   0: 0x80007884 (0x0070d593) srli    a1, ra, 7
core   0: 3 0x80007884 (0x0070d593) x11 0x00000000
core   0: 0x80007888 (0x024accb3) div     s9, s5, tp
core   0: 3 0x80007888 (0x024accb3) x25 0xffffffff
core   0: 0x8000788c (0x027e5533) divu    a0, t3, t2
core   0: 3 0x8000788c (0x027e5533) x10 0x00000001
core   0: 0x80007890 (0x015ef033) and     zero, t4, s5
core   0: 3 0x80007890 (0x015ef033)
core   0: 0x80007894 (0x41305293) srai    t0, zero, 19
core   0: 3 0x80007894 (0x41305293) x 5 0x00000000
core   0: 0x80007898 (0x022d8863) beq     s11, sp, pc + 48
core   0: 3 0x80007898 (0x022d8863)
core   0: 0x8000789c (0x025296b3) mulh    a3, t0, t0
core   0: 3 0x8000789c (0x025296b3) x13 0x00000000
core   0: 0x800078a0 (0x0008d213) srli    tp, a7, 0
core   0: 3 0x800078a0 (0x0008d213) x 4 0xfffffcd8
core   0: 0x800078a4 (0x41c95813) srai    a6, s2, 28
core   0: 3 0x800078a4 (0x41c95813) x16 0x00000000
core   0: 0x800078a8 (0x023addb3) divu    s11, s5, gp
core   0: 3 0x800078a8 (0x023addb3) x27 0x000511d8
core   0: 0x800078ac (0xc1563513) sltiu   a0, a2, -1003
core   0: 3 0x800078ac (0xc1563513) x10 0x00000000
core   0: 0x800078b0 (0x029db0b3) mulhu   ra, s11, s1
core   0: 3 0x800078b0 (0x029db0b3) x 1 0x000511d7
core   0: 0x800078b4 (0x02e31e33) mulh    t3, t1, a4
core   0: 3 0x800078b4 (0x02e31e33) x28 0x00000000
core   0: 0x800078b8 (0x00000013) nop
core   0: 3 0x800078b8 (0x00000013)
core   0: 0x800078bc (0x4220a393) slti    t2, ra, 1058
core   0: 3 0x800078bc (0x4220a393) x 7 0x00000000
core   0: 0x800078c0 (0x035dbdb3) mulhu   s11, s11, s5
core   0: 3 0x800078c0 (0x035dbdb3) x27 0x0000511f
core   0: 0x800078c4 (0x00059863) bnez    a1, pc + 16
core   0: 3 0x800078c4 (0x00059863)
core   0: 0x800078c8 (0x00ae66b3) or      a3, t3, a0
core   0: 3 0x800078c8 (0x00ae66b3) x13 0x00000000
core   0: 0x800078cc (0x02c58263) beq     a1, a2, pc + 36
core   0: 3 0x800078cc (0x02c58263)
core   0: 0x800078d0 (0x8faaf693) andi    a3, s5, -1798
core   0: 3 0x800078d0 (0x8faaf693) x13 0x10005098
core   0: 0x800078d4 (0x0330f2b3) remu    t0, ra, s3
core   0: 3 0x800078d4 (0x0330f2b3) x 5 0x000511d7
core   0: 0x800078d8 (0x012701b3) add     gp, a4, s2
core   0: 3 0x800078d8 (0x012701b3) x 3 0x80001460
core   0: 0x800078dc (0x00000013) nop
core   0: 3 0x800078dc (0x00000013)
core   0: 0x800078e0 (0x4a324d93) xori    s11, tp, 1187
core   0: 3 0x800078e0 (0x4a324d93) x27 0xfffff87b
core   0: 0x800078e4 (0x0298f7b3) remu    a5, a7, s1
core   0: 3 0x800078e4 (0x0298f7b3) x15 0x000003c6
core   0: 0x800078e8 (0x00164833) xor     a6, a2, ra
core   0: 3 0x800078e8 (0x00164833) x16 0xfffaee28
core   0: 0x800078ec (0x02acd733) divu    a4, s9, a0
core   0: 3 0x800078ec (0x02acd733) x14 0xffffffff
core   0: 0x800078f0 (0x01a66433) or      s0, a2, s10
core   0: 3 0x800078f0 (0x01a66433) x 8 0xffffffff
core   0: 0x800078f4 (0x00000013) nop
core   0: 3 0x800078f4 (0x00000013)
core   0: 0x800078f8 (0x013d1263) bne     s10, s3, pc + 4
core   0: 3 0x800078f8 (0x013d1263)
core   0: 0x800078fc (0x02a4b9b3) mulhu   s3, s1, a0
core   0: 3 0x800078fc (0x02a4b9b3) x19 0x00000000
core   0: 0x80007900 (0x00000013) nop
core   0: 3 0x80007900 (0x00000013)
core   0: 0x80007904 (0x00f03833) snez    a6, a5
core   0: 3 0x80007904 (0x00f03833) x16 0x00000001
core   0: 0x80007908 (0x01fa1693) slli    a3, s4, 31
core   0: 3 0x80007908 (0x01fa1693) x13 0x00000000
core   0: 0x8000790c (0x41d85433) sra     s0, a6, t4
core   0: 3 0x8000790c (0x41d85433) x 8 0x00000001
core   0: 0x80007910 (0x02424333) div     t1, tp, tp
core   0: 3 0x80007910 (0x02424333) x 6 0x00000001
core   0: 0x80007914 (0x556c4393) xori    t2, s8, 1366
core   0: 3 0x80007914 (0x556c4393) x 7 0x100056ca
core   0: 0x80007918 (0x035e90b3) mulh    ra, t4, s5
core   0: 3 0x80007918 (0x035e90b3) x 1 0x00000000
core   0: 0x8000791c (0x0282af33) mulhsu  t5, t0, s0
core   0: 3 0x8000791c (0x0282af33) x30 0x00000000
core   0: 0x80007920 (0x028d3e33) mulhu   t3, s10, s0
core   0: 3 0x80007920 (0x028d3e33) x28 0x00000000
core   0: 0x80007924 (0x00000013) nop
core   0: 3 0x80007924 (0x00000013)
core   0: 0x80007928 (0x03270eb3) mul     t4, a4, s2
core   0: 3 0x80007928 (0x03270eb3) x29 0x00000000
core   0: 0x8000792c (0x029c9263) bne     s9, s1, pc + 36
core   0: 3 0x8000792c (0x029c9263)
core   0: 0x80007950 (0x0241c0b3) div     ra, gp, tp
core   0: 3 0x80007950 (0x0241c0b3) x 1 0x00288dea
core   0: 0x80007954 (0x018bfeb3) and     t4, s7, s8
core   0: 3 0x80007954 (0x018bfeb3) x29 0x10001018
core   0: 0x80007958 (0x01ac65b3) or      a1, s8, s10
core   0: 3 0x80007958 (0x01ac65b3) x11 0x1000539d
core   0: 0x8000795c (0x00226fb3) or      t6, tp, sp
core   0: 3 0x8000795c (0x00226fb3) x31 0xfffffefc
core   0: 0x80007960 (0x04c63013) sltiu   zero, a2, 76
core   0: 3 0x80007960 (0x04c63013)
core   0: 0x80007964 (0x03cba933) mulhsu  s2, s7, t3
core   0: 3 0x80007964 (0x03cba933) x18 0x00000000
core   0: 0x80007968 (0x0242e2b3) rem     t0, t0, tp
core   0: 3 0x80007968 (0x0242e2b3) x 5 0x0000009f
core   0: 0x8000796c (0xd995aa97) auipc   s5, 0xd995a
core   0: 3 0x8000796c (0xd995aa97) x21 0x5996196c
core   0: 0x80007970 (0x035316b3) mulh    a3, t1, s5
core   0: 3 0x80007970 (0x035316b3) x13 0x00000000
core   0: 0x80007974 (0x41aad693) srai    a3, s5, 26
core   0: 3 0x80007974 (0x41aad693) x13 0x00000016
core   0: 0x80007978 (0x038b8e33) mul     t3, s7, s8
core   0: 3 0x80007978 (0x038b8e33) x28 0xca2c0858
core   0: 0x8000797c (0x02608c63) beq     ra, t1, pc + 56
core   0: 3 0x8000797c (0x02608c63)
core   0: 0x80007980 (0x009d9193) slli    gp, s11, 9
core   0: 3 0x80007980 (0x009d9193) x 3 0xfff0f600
core   0: 0x80007984 (0x01701313) slli    t1, zero, 23
core   0: 3 0x80007984 (0x01701313) x 6 0x00000000
core   0: 0x80007988 (0x01760933) add     s2, a2, s7
core   0: 3 0x80007988 (0x01760933) x18 0xb5491479
core   0: 0x8000798c (0x82cd2813) slti    a6, s10, -2004
core   0: 3 0x8000798c (0x82cd2813) x16 0x00000000
core   0: 0x80007990 (0x0150fa63) bgeu    ra, s5, pc + 20
core   0: 3 0x80007990 (0x0150fa63)
core   0: 0x80007994 (0x004b05b3) add     a1, s6, tp
core   0: 3 0x80007994 (0x004b05b3) x11 0xfffffba5
core   0: 0x80007998 (0x0240da63) bge     ra, tp, pc + 52
core   0: 3 0x80007998 (0x0240da63)
core   0: 0x800079cc (0x01cb8663) beq     s7, t3, pc + 12
core   0: 3 0x800079cc (0x01cb8663)
core   0: 0x800079d0 (0x076fe593) ori     a1, t6, 118
core   0: 3 0x800079d0 (0x076fe593) x11 0xfffffefe
core   0: 0x800079d4 (0x4158e097) auipc   ra, 0x4158e
core   0: 3 0x800079d4 (0x4158e097) x 1 0xc15959d4
core   0: 0x800079d8 (0x032c8e63) beq     s9, s2, pc + 60
core   0: 3 0x800079d8 (0x032c8e63)
core   0: 0x800079dc (0x03005db3) divu    s11, zero, a6
core   0: 3 0x800079dc (0x03005db3) x27 0xffffffff
core   0: 0x800079e0 (0xbcae2213) slti    tp, t3, -1078
core   0: 3 0x800079e0 (0xbcae2213) x 4 0x00000001
core   0: 0x800079e4 (0x036af0b3) remu    ra, s5, s6
core   0: 3 0x800079e4 (0x036af0b3) x 1 0x5996196c
core   0: 0x800079e8 (0x15a3b617) auipc   a2, 0x15a3b
core   0: 3 0x800079e8 (0x15a3b617) x12 0x95a429e8
core   0: 0x800079ec (0x02bfd0b3) divu    ra, t6, a1
core   0: 3 0x800079ec (0x02bfd0b3) x 1 0x00000000
core   0: 0x800079f0 (0x4bd60193) addi    gp, a2, 1213
core   0: 3 0x800079f0 (0x4bd60193) x 3 0x95a42ea5
core   0: 0x800079f4 (0xc5adb817) auipc   a6, 0xc5adb
core   0: 3 0x800079f4 (0xc5adb817) x16 0x45ae29f4
core   0: 0x800079f8 (0x018d08b3) add     a7, s10, s8
core   0: 3 0x800079f8 (0x018d08b3) x17 0x1000539d
core   0: 0x800079fc (0x022c1233) mulh    tp, s8, sp
core   0: 3 0x800079fc (0x022c1233) x 4 0xf7fffc19
core   0: 0x80007a00 (0x91ff7817) auipc   a6, 0x91ff7
core   0: 3 0x80007a00 (0x91ff7817) x16 0x11ffea00
core   0: 0x80007a04 (0x05836863) bltu    t1, s8, pc + 80
core   0: 3 0x80007a04 (0x05836863)
core   0: 0x80007a54 (0x2a70e617) auipc   a2, 0x2a70e
core   0: 3 0x80007a54 (0x2a70e617) x12 0xaa715a54
core   0: 0x80007a58 (0x03dbe063) bltu    s7, t4, pc + 32
core   0: 3 0x80007a58 (0x03dbe063)
core   0: 0x80007a5c (0x15193013) sltiu   zero, s2, 337
core   0: 3 0x80007a5c (0x15193013)
core   0: 0x80007a60 (0x025570b3) remu    ra, a0, t0
core   0: 3 0x80007a60 (0x025570b3) x 1 0x00000000
core   0: 0x80007a64 (0x02fdd633) divu    a2, s11, a5
core   0: 3 0x80007a64 (0x02fdd633) x12 0x0043d7b7
core   0: 0x80007a68 (0x02d00633) mul     a2, zero, a3
core   0: 3 0x80007a68 (0x02d00633) x12 0x00000000
core   0: 0x80007a6c (0x92d33893) sltiu   a7, t1, -1747
core   0: 3 0x80007a6c (0x92d33893) x17 0x00000001
core   0: 0x80007a70 (0x035d2733) mulhsu  a4, s10, s5
core   0: 3 0x80007a70 (0x035d2733) x14 0x00000000
core   0: 0x80007a74 (0x41ee8d33) sub     s10, t4, t5
core   0: 3 0x80007a74 (0x41ee8d33) x26 0x10001018
core   0: 0x80007a78 (0x014fb1b3) sltu    gp, t6, s4
core   0: 3 0x80007a78 (0x014fb1b3) x 3 0x00000000
core   0: 0x80007a7c (0x00e4b833) sltu    a6, s1, a4
core   0: 3 0x80007a7c (0x00e4b833) x16 0x00000000
core   0: 0x80007a80 (0x00671263) bne     a4, t1, pc + 4
core   0: 3 0x80007a80 (0x00671263)
core   0: 0x80007a84 (0x43e74793) xori    a5, a4, 1086
core   0: 3 0x80007a84 (0x43e74793) x15 0x0000043e
core   0: 0x80007a88 (0x00cf0b33) add     s6, t5, a2
core   0: 3 0x80007a88 (0x00cf0b33) x22 0x00000000
core   0: 0x80007a8c (0x00000013) nop
core   0: 3 0x80007a8c (0x00000013)
core   0: 0x80007a90 (0x10f08713) addi    a4, ra, 271
core   0: 3 0x80007a90 (0x10f08713) x14 0x0000010f
core   0: 0x80007a94 (0x010607b3) add     a5, a2, a6
core   0: 3 0x80007a94 (0x010607b3) x15 0x00000000
core   0: 0x80007a98 (0x025f9d33) mulh    s10, t6, t0
core   0: 3 0x80007a98 (0x025f9d33) x26 0xffffffff
core   0: 0x80007a9c (0x00dff5b3) and     a1, t6, a3
core   0: 3 0x80007a9c (0x00dff5b3) x11 0x00000014
core   0: 0x80007aa0 (0x00343e33) sltu    t3, s0, gp
core   0: 3 0x80007aa0 (0x00343e33) x28 0x00000000
core   0: 0x80007aa4 (0x017d1533) sll     a0, s10, s7
core   0: 3 0x80007aa4 (0x017d1533) x10 0xfc000000
core   0: 0x80007aa8 (0x03002f33) mulhsu  t5, zero, a6
core   0: 3 0x80007aa8 (0x03002f33) x30 0x00000000
core   0: 0x80007aac (0x07f97d13) andi    s10, s2, 127
core   0: 3 0x80007aac (0x07f97d13) x26 0x00000079
core   0: 0x80007ab0 (0x00935d33) srl     s10, t1, s1
core   0: 3 0x80007ab0 (0x00935d33) x26 0x00000000
core   0: 0x80007ab4 (0x00000013) nop
core   0: 3 0x80007ab4 (0x00000013)
core   0: 0x80007ab8 (0x022f7263) bgeu    t5, sp, pc + 36
core   0: 3 0x80007ab8 (0x022f7263)
core   0: 0x80007abc (0x0248ab33) mulhsu  s6, a7, tp
core   0: 3 0x80007abc (0x0248ab33) x22 0x00000000
core   0: 0x80007ac0 (0x01210463) beq     sp, s2, pc + 8
core   0: 3 0x80007ac0 (0x01210463)
core   0: 0x80007ac4 (0x035c6f33) rem     t5, s8, s5
core   0: 3 0x80007ac4 (0x035c6f33) x30 0x1000539c
core   0: 0x80007ac8 (0x392e6313) ori     t1, t3, 914
core   0: 3 0x80007ac8 (0x392e6313) x 6 0x00000392
core   0: 0x80007acc (0x01f77d33) and     s10, a4, t6
core   0: 3 0x80007acc (0x01f77d33) x26 0x0000000c
core   0: 0x80007ad0 (0x00dfdeb3) srl     t4, t6, a3
core   0: 3 0x80007ad0 (0x00dfdeb3) x29 0x000003ff
core   0: 0x80007ad4 (0xb5093193) sltiu   gp, s2, -1200
core   0: 3 0x80007ad4 (0xb5093193) x 3 0x00000001
core   0: 0x80007ad8 (0x002f76b3) and     a3, t5, sp
core   0: 3 0x80007ad8 (0x002f76b3) x13 0x00005204
core   0: 0x80007adc (0x405b8c33) sub     s8, s7, t0
core   0: 3 0x80007adc (0x405b8c33) x24 0xb54913db
core   0: 0x80007ae0 (0xf0958197) auipc   gp, 0xf0958
core   0: 3 0x80007ae0 (0xf0958197) x 3 0x7095fae0
core   0: 0x80007ae4 (0x00422f33) slt     t5, tp, tp
core   0: 3 0x80007ae4 (0x00422f33) x30 0x00000000
core   0: 0x80007ae8 (0x0090c6b3) xor     a3, ra, s1
core   0: 3 0x80007ae8 (0x0090c6b3) x13 0xfffff912
core   0: 0x80007aec (0x036793b3) mulh    t2, a5, s6
core   0: 3 0x80007aec (0x036793b3) x 7 0x00000000
core   0: 0x80007af0 (0x6ee0b997) auipc   s3, 0x6ee0b
core   0: 3 0x80007af0 (0x6ee0b997) x19 0xeee12af0
core   0: 0x80007af4 (0x40a8de33) sra     t3, a7, a0
core   0: 3 0x80007af4 (0x40a8de33) x28 0x00000001
core   0: 0x80007af8 (0x015539b3) sltu    s3, a0, s5
core   0: 3 0x80007af8 (0x015539b3) x19 0x00000000
core   0: 0x80007afc (0x032364b3) rem     s1, t1, s2
core   0: 3 0x80007afc (0x032364b3) x 9 0x00000392
core   0: 0x80007b00 (0x88c42e13) slti    t3, s0, -1908
core   0: 3 0x80007b00 (0x88c42e13) x28 0x00000000
core   0: 0x80007b04 (0x405c0c33) sub     s8, s8, t0
core   0: 3 0x80007b04 (0x405c0c33) x24 0xb549133c
core   0: 0x80007b08 (0x00629c63) bne     t0, t1, pc + 24
core   0: 3 0x80007b08 (0x00629c63)
core   0: 0x80007b20 (0x35cc0f93) addi    t6, s8, 860
core   0: 3 0x80007b20 (0x35cc0f93) x31 0xb5491698
core   0: 0x80007b24 (0x04880663) beq     a6, s0, pc + 76
core   0: 3 0x80007b24 (0x04880663)
core   0: 0x80007b28 (0x759f3a97) auipc   s5, 0x759f3
core   0: 3 0x80007b28 (0x759f3a97) x21 0xf59fab28
core   0: 0x80007b2c (0x019ae4b3) or      s1, s5, s9
core   0: 3 0x80007b2c (0x019ae4b3) x 9 0xffffffff
core   0: 0x80007b30 (0x030a0833) mul     a6, s4, a6
core   0: 3 0x80007b30 (0x030a0833) x16 0x00000000
core   0: 0x80007b34 (0x00098d33) add     s10, s3, zero
core   0: 3 0x80007b34 (0x00098d33) x26 0x00000000
core   0: 0x80007b38 (0x03759db3) mulh    s11, a1, s7
core   0: 3 0x80007b38 (0x03759db3) x27 0xfffffffa
core   0: 0x80007b3c (0x03855e33) divu    t3, a0, s8
core   0: 3 0x80007b3c (0x03855e33) x28 0x00000001
core   0: 0x80007b40 (0x03b9b5b3) mulhu   a1, s3, s11
core   0: 3 0x80007b40 (0x03b9b5b3) x11 0x00000000
core   0: 0x80007b44 (0x00000013) nop
core   0: 3 0x80007b44 (0x00000013)
core   0: 0x80007b48 (0x00be5593) srli    a1, t3, 11
core   0: 3 0x80007b48 (0x00be5593) x11 0x00000000
core   0: 0x80007b4c (0x41bb8d33) sub     s10, s7, s11
core   0: 3 0x80007b4c (0x41bb8d33) x26 0xb5491480
core   0: 0x80007b50 (0x01c4dc93) srli    s9, s1, 28
core   0: 3 0x80007b50 (0x01c4dc93) x25 0x0000000f
core   0: 0x80007b54 (0x04316063) bltu    sp, gp, pc + 64
core   0: 3 0x80007b54 (0x04316063)
core   0: 0x80007b58 (0xff2ec697) auipc   a3, 0xff2ec
core   0: 3 0x80007b58 (0xff2ec697) x13 0x7f2f3b58
core   0: 0x80007b5c (0x006e63b3) or      t2, t3, t1
core   0: 3 0x80007b5c (0x006e63b3) x 7 0x00000393
core   0: 0x80007b60 (0x01fd5833) srl     a6, s10, t6
core   0: 3 0x80007b60 (0x01fd5833) x16 0x000000b5
core   0: 0x80007b64 (0x81af3993) sltiu   s3, t5, -2022
core   0: 3 0x80007b64 (0x81af3993) x19 0x00000001
core   0: 0x80007b68 (0x03be13b3) mulh    t2, t3, s11
core   0: 3 0x80007b68 (0x03be13b3) x 7 0xffffffff
core   0: 0x80007b6c (0xb875ef97) auipc   t6, 0xb875e
core   0: 3 0x80007b6c (0xb875ef97) x31 0x38765b6c
core   0: 0x80007b70 (0x0126dd33) srl     s10, a3, s2
core   0: 3 0x80007b70 (0x0126dd33) x26 0x0000003f
core   0: 0x80007b74 (0x026be263) bltu    s7, t1, pc + 36
core   0: 3 0x80007b74 (0x026be263)
core   0: 0x80007b78 (0x03fee863) bltu    t4, t6, pc + 48
core   0: 3 0x80007b78 (0x03fee863)
core   0: 0x80007ba8 (0x00ab5663) bge     s6, a0, pc + 12
core   0: 3 0x80007ba8 (0x00ab5663)
core   0: 0x80007bb4 (0x9aaff397) auipc   t2, 0x9aaff
core   0: 3 0x80007bb4 (0x9aaff397) x 7 0x1ab06bb4
core   0: 0x80007bb8 (0x41cd8933) sub     s2, s11, t3
core   0: 3 0x80007bb8 (0x41cd8933) x18 0xfffffff9
core   0: 0x80007bbc (0x0113e9b3) or      s3, t2, a7
core   0: 3 0x80007bbc (0x0113e9b3) x19 0x1ab06bb5
core   0: 0x80007bc0 (0x03661533) mulh    a0, a2, s6
core   0: 3 0x80007bc0 (0x03661533) x10 0x00000000
core   0: 0x80007bc4 (0x033b3c33) mulhu   s8, s6, s3
core   0: 3 0x80007bc4 (0x033b3c33) x24 0x00000000
core   0: 0x80007bc8 (0xb1f06a93) ori     s5, zero, -1249
core   0: 3 0x80007bc8 (0xb1f06a93) x21 0xfffffb1f
core   0: 0x80007bcc (0x00a5a9b3) slt     s3, a1, a0
core   0: 3 0x80007bcc (0x00a5a9b3) x19 0x00000000
core   0: 0x80007bd0 (0x00438e63) beq     t2, tp, pc + 28
core   0: 3 0x80007bd0 (0x00438e63)
core   0: 0x80007bd4 (0x020f1eb3) mulh    t4, t5, zero
core   0: 3 0x80007bd4 (0x020f1eb3) x29 0x00000000
core   0: 0x80007bd8 (0x40ecd813) srai    a6, s9, 14
core   0: 3 0x80007bd8 (0x40ecd813) x16 0x00000000
core   0: 0x80007bdc (0x014733b3) sltu    t2, a4, s4
core   0: 3 0x80007bdc (0x014733b3) x 7 0x00000001
core   0: 0x80007be0 (0xfeeb0193) addi    gp, s6, -18
core   0: 3 0x80007be0 (0xfeeb0193) x 3 0xffffffee
core   0: 0x80007be4 (0x41695e33) sra     t3, s2, s6
core   0: 3 0x80007be4 (0x41695e33) x28 0xfffffff9
core   0: 0x80007be8 (0x001aef33) or      t5, s5, ra
core   0: 3 0x80007be8 (0x001aef33) x30 0xfffffb1f
core   0: 0x80007bec (0x016eb0b3) sltu    ra, t4, s6
core   0: 3 0x80007bec (0x016eb0b3) x 1 0x00000000
core   0: 0x80007bf0 (0xdd864a93) xori    s5, a2, -552
core   0: 3 0x80007bf0 (0xdd864a93) x21 0xfffffdd8
core   0: 0x80007bf4 (0x00e31263) bne     t1, a4, pc + 4
core   0: 3 0x80007bf4 (0x00e31263)
core   0: 0x80007bf8 (0x02e70063) beq     a4, a4, pc + 32
core   0: 3 0x80007bf8 (0x02e70063)
core   0: 0x80007c18 (0x012cea63) bltu    s9, s2, pc + 20
core   0: 3 0x80007c18 (0x012cea63)
core   0: 0x80007c2c (0x02e90933) mul     s2, s2, a4
core   0: 3 0x80007c2c (0x02e90933) x18 0xfffff897
core   0: 0x80007c30 (0x00b76c63) bltu    a4, a1, pc + 24
core   0: 3 0x80007c30 (0x00b76c63)
core   0: 0x80007c34 (0x013f1c93) slli    s9, t5, 19
core   0: 3 0x80007c34 (0x013f1c93) x25 0xd8f80000
core   0: 0x80007c38 (0x4dda0793) addi    a5, s4, 1245
core   0: 3 0x80007c38 (0x4dda0793) x15 0x8002a1c1
core   0: 0x80007c3c (0x23d8a7b7) lui     a5, 0x23d8a
core   0: 3 0x80007c3c (0x23d8a7b7) x15 0x23d8a000
core   0: 0x80007c40 (0xb1b7a5b7) lui     a1, 0xb1b7a
core   0: 3 0x80007c40 (0xb1b7a5b7) x11 0xb1b7a000
core   0: 0x80007c44 (0x02fdd433) divu    s0, s11, a5
core   0: 3 0x80007c44 (0x02fdd433) x 8 0x00000007
core   0: 0x80007c48 (0x40f15813) srai    a6, sp, 15
core   0: 3 0x80007c48 (0x40f15813) x16 0xffff0004
core   0: 0x80007c4c (0x05b35063) bge     t1, s11, pc + 64
core   0: 3 0x80007c4c (0x05b35063)
core   0: 0x80007c8c (0x0232c863) blt     t0, gp, pc + 48
core   0: 3 0x80007c8c (0x0232c863)
core   0: 0x80007c90 (0x00501913) slli    s2, zero, 5
core   0: 3 0x80007c90 (0x00501913) x18 0x00000000
core   0: 0x80007c94 (0x40b207b3) sub     a5, tp, a1
core   0: 3 0x80007c94 (0x40b207b3) x15 0x46485c19
core   0: 0x80007c98 (0x03ba2033) mulhsu  zero, s4, s11
core   0: 3 0x80007c98 (0x03ba2033)
core   0: 0x80007c9c (0x032718b3) mulh    a7, a4, s2
core   0: 3 0x80007c9c (0x032718b3) x17 0x00000000
core   0: 0x80007ca0 (0x0310a9b3) mulhsu  s3, ra, a7
core   0: 3 0x80007ca0 (0x0310a9b3) x19 0x00000000
core   0: 0x80007ca4 (0x00bbe033) or      zero, s7, a1
core   0: 3 0x80007ca4 (0x00bbe033)
core   0: 0x80007ca8 (0x00f0f333) and     t1, ra, a5
core   0: 3 0x80007ca8 (0x00f0f333) x 6 0x00000000
core   0: 0x80007cac (0xfef0f793) andi    a5, ra, -17
core   0: 3 0x80007cac (0xfef0f793) x15 0x00000000
core   0: 0x80007cb0 (0x015d5613) srli    a2, s10, 21
core   0: 3 0x80007cb0 (0x015d5613) x12 0x00000000
core   0: 0x80007cb4 (0x05954663) blt     a0, s9, pc + 76
core   0: 3 0x80007cb4 (0x05954663)
core   0: 0x80007cb8 (0x009a6663) bltu    s4, s1, pc + 12
core   0: 3 0x80007cb8 (0x009a6663)
core   0: 0x80007cc4 (0x0389bc33) mulhu   s8, s3, s8
core   0: 3 0x80007cc4 (0x0389bc33) x24 0x00000000
core   0: 0x80007cc8 (0x4545fa93) andi    s5, a1, 1108
core   0: 3 0x80007cc8 (0x4545fa93) x21 0x00000000
core   0: 0x80007ccc (0x006d4933) xor     s2, s10, t1
core   0: 3 0x80007ccc (0x006d4933) x18 0x0000003f
core   0: 0x80007cd0 (0x05716863) bltu    sp, s7, pc + 80
core   0: 3 0x80007cd0 (0x05716863)
core   0: 0x80007d20 (0x00000013) nop
core   0: 3 0x80007d20 (0x00000013)
core   0: 0x80007d24 (0x035e0a63) beq     t3, s5, pc + 52
core   0: 3 0x80007d24 (0x035e0a63)
core   0: 0x80007d28 (0x00076463) bltu    a4, zero, pc + 8
core   0: 3 0x80007d28 (0x00076463)
core   0: 0x80007d2c (0x00d4ec63) bltu    s1, a3, pc + 24
core   0: 3 0x80007d2c (0x00d4ec63)
core   0: 0x80007d30 (0x03d1f933) remu    s2, gp, t4
core   0: 3 0x80007d30 (0x03d1f933) x18 0xffffffee
core   0: 0x80007d34 (0x00b80ab3) add     s5, a6, a1
core   0: 3 0x80007d34 (0x00b80ab3) x21 0xb1b6a004
core   0: 0x80007d38 (0x02d823b3) mulhsu  t2, a6, a3
core   0: 3 0x80007d38 (0x02d823b3) x 7 0xffff80d2
core   0: 0x80007d3c (0x00df4863) blt     t5, a3, pc + 16
core   0: 3 0x80007d3c (0x00df4863)
core   0: 0x80007d4c (0x0050a893) slti    a7, ra, 5
core   0: 3 0x80007d4c (0x0050a893) x17 0x00000001
core   0: 0x80007d50 (0x029651b3) divu    gp, a2, s1
core   0: 3 0x80007d50 (0x029651b3) x 3 0x00000000
core   0: 0x80007d54 (0x3cb02997) auipc   s3, 0x3cb02
core   0: 3 0x80007d54 (0x3cb02997) x19 0xbcb09d54
core   0: 0x80007d58 (0xd71c8313) addi    t1, s9, -655
core   0: 3 0x80007d58 (0xd71c8313) x 6 0xd8f7fd71
core   0: 0x80007d5c (0x0286d533) divu    a0, a3, s0
core   0: 3 0x80007d5c (0x0286d533) x10 0x122b519e
core   0: 0x80007d60 (0x7a5c4913) xori    s2, s8, 1957
core   0: 3 0x80007d60 (0x7a5c4913) x18 0x000007a5
core   0: 0x80007d64 (0x015fb433) sltu    s0, t6, s5
core   0: 3 0x80007d64 (0x015fb433) x 8 0x00000001
core   0: 0x80007d68 (0x0042f663) bgeu    t0, tp, pc + 12
core   0: 3 0x80007d68 (0x0042f663)
core   0: 0x80007d6c (0x03085cb3) divu    s9, a6, a6
core   0: 3 0x80007d6c (0x03085cb3) x25 0x00000001
core   0: 0x80007d70 (0x031a89b3) mul     s3, s5, a7
core   0: 3 0x80007d70 (0x031a89b3) x19 0xb1b6a004
core   0: 0x80007d74 (0x01f2d613) srli    a2, t0, 31
core   0: 3 0x80007d74 (0x01f2d613) x12 0x00000000
core   0: 0x80007d78 (0x01804e33) xor     t3, zero, s8
core   0: 3 0x80007d78 (0x01804e33) x28 0x00000000
core   0: 0x80007d7c (0x03741db3) mulh    s11, s0, s7
core   0: 3 0x80007d7c (0x03741db3) x27 0xffffffff
core   0: 0x80007d80 (0xe9ce6813) ori     a6, t3, -356
core   0: 3 0x80007d80 (0xe9ce6813) x16 0xfffffe9c
core   0: 0x80007d84 (0x549b2d13) slti    s10, s6, 1353
core   0: 3 0x80007d84 (0x549b2d13) x26 0x00000001
core   0: 0x80007d88 (0x02adf4b3) remu    s1, s11, a0
core   0: 3 0x80007d88 (0x02adf4b3) x 9 0x01a1895b
core   0: 0x80007d8c (0x02ac29b3) mulhsu  s3, s8, a0
core   0: 3 0x80007d8c (0x02ac29b3) x19 0x00000000
core   0: 0x80007d90 (0x01174eb3) xor     t4, a4, a7
core   0: 3 0x80007d90 (0x01174eb3) x29 0x0000010e
core   0: 0x80007d94 (0x0293cf33) div     t5, t2, s1
core   0: 3 0x80007d94 (0x0293cf33) x30 0x00000000
core   0: 0x80007d98 (0xf9071397) auipc   t2, 0xf9071
core   0: 3 0x80007d98 (0xf9071397) x 7 0x79078d98
core   0: 0x80007d9c (0x9c810f17) auipc   t5, 0x9c810
core   0: 3 0x80007d9c (0x9c810f17) x30 0x1c817d9c
core   0: 0x80007da0 (0xccbbf413) andi    s0, s7, -821
core   0: 3 0x80007da0 (0xccbbf413) x 8 0xb549144a
core   0: 0x80007da4 (0x0365ee63) bltu    a1, s6, pc + 60
core   0: 3 0x80007da4 (0x0365ee63)
core   0: 0x80007da8 (0x030cf033) remu    zero, s9, a6
core   0: 3 0x80007da8 (0x030cf033)
core   0: 0x80007dac (0x4154d8b3) sra     a7, s1, s5
core   0: 3 0x80007dac (0x4154d8b3) x17 0x001a1895
core   0: 0x80007db0 (0x415fd513) srai    a0, t6, 21
core   0: 3 0x80007db0 (0x415fd513) x10 0x000001c3
core   0: 0x80007db4 (0x00349613) slli    a2, s1, 3
core   0: 3 0x80007db4 (0x00349613) x12 0x0d0c4ad8
core   0: 0x80007db8 (0x5f55a713) slti    a4, a1, 1525
core   0: 3 0x80007db8 (0x5f55a713) x14 0x00000001
core   0: 0x80007dbc (0x02e05833) divu    a6, zero, a4
core   0: 3 0x80007dbc (0x02e05833) x16 0x00000000
core   0: 0x80007dc0 (0x008c5613) srli    a2, s8, 8
core   0: 3 0x80007dc0 (0x008c5613) x12 0x00000000
core   0: 0x80007dc4 (0x0214e533) rem     a0, s1, ra
core   0: 3 0x80007dc4 (0x0214e533) x10 0x01a1895b
core   0: 0x80007dc8 (0x021509b3) mul     s3, a0, ra
core   0: 3 0x80007dc8 (0x021509b3) x19 0x00000000
core   0: 0x80007dcc (0x048b0263) beq     s6, s0, pc + 68
core   0: 3 0x80007dcc (0x048b0263)
core   0: 0x80007dd0 (0x01299233) sll     tp, s3, s2
core   0: 3 0x80007dd0 (0x01299233) x 4 0x00000000
core   0: 0x80007dd4 (0x00aaccb3) xor     s9, s5, a0
core   0: 3 0x80007dd4 (0x00aaccb3) x25 0xb017295f
core   0: 0x80007dd8 (0x57ae9437) lui     s0, 0x57ae9
core   0: 3 0x80007dd8 (0x57ae9437) x 8 0x57ae9000
core   0: 0x80007ddc (0x03e8ec63) bltu    a7, t5, pc + 56
core   0: 3 0x80007ddc (0x03e8ec63)
core   0: 0x80007e14 (0x030009b3) mul     s3, zero, a6
core   0: 3 0x80007e14 (0x030009b3) x19 0x00000000
core   0: 0x80007e18 (0x0195d313) srli    t1, a1, 25
core   0: 3 0x80007e18 (0x0195d313) x 6 0x00000058
core   0: 0x80007e1c (0x02a696b3) mulh    a3, a3, a0
core   0: 3 0x80007e1c (0x02a696b3) x13 0x00cf702d
core   0: 0x80007e20 (0x006e2233) slt     tp, t3, t1
core   0: 3 0x80007e20 (0x006e2233) x 4 0x00000001
core   0: 0x80007e24 (0x2d1af717) auipc   a4, 0x2d1af
core   0: 3 0x80007e24 (0x2d1af717) x14 0xad1b6e24
core   0: 0x80007e28 (0x87fee813) ori     a6, t4, -1921
core   0: 3 0x80007e28 (0x87fee813) x16 0xfffff97f
core   0: 0x80007e2c (0x017bc863) blt     s7, s7, pc + 16
core   0: 3 0x80007e2c (0x017bc863)
core   0: 0x80007e30 (0x0041ce33) xor     t3, gp, tp
core   0: 3 0x80007e30 (0x0041ce33) x28 0x00000001
core   0: 0x80007e34 (0x02d65733) divu    a4, a2, a3
core   0: 3 0x80007e34 (0x02d65733) x14 0x00000000
core   0: 0x80007e38 (0x03536263) bltu    t1, s5, pc + 36
core   0: 3 0x80007e38 (0x03536263)
core   0: 0x80007e5c (0x41bbdc33) sra     s8, s7, s11
core   0: 3 0x80007e5c (0x41bbdc33) x24 0xffffffff
core   0: 0x80007e60 (0x40e05533) sra     a0, zero, a4
core   0: 3 0x80007e60 (0x40e05533) x10 0x00000000
core   0: 0x80007e64 (0x02d8e833) rem     a6, a7, a3
core   0: 3 0x80007e64 (0x02d8e833) x16 0x001a1895
core   0: 0x80007e68 (0x41a751b3) sra     gp, a4, s10
core   0: 3 0x80007e68 (0x41a751b3) x 3 0x00000000
core   0: 0x80007e6c (0x01bb8863) beq     s7, s11, pc + 16
core   0: 3 0x80007e6c (0x01bb8863)
core   0: 0x80007e70 (0x02e86733) rem     a4, a6, a4
core   0: 3 0x80007e70 (0x02e86733) x14 0x001a1895
core   0: 0x80007e74 (0x00625e13) srli    t3, tp, 6
core   0: 3 0x80007e74 (0x00625e13) x28 0x00000000
core   0: 0x80007e78 (0x01f389b3) add     s3, t2, t6
core   0: 3 0x80007e78 (0x01f389b3) x19 0xb17de904
core   0: 0x80007e7c (0x00b425b3) slt     a1, s0, a1
core   0: 3 0x80007e7c (0x00b425b3) x11 0x00000000
core   0: 0x80007e80 (0x41055d93) srai    s11, a0, 16
core   0: 3 0x80007e80 (0x41055d93) x27 0x00000000
core   0: 0x80007e84 (0xf4556e93) ori     t4, a0, -187
core   0: 3 0x80007e84 (0xf4556e93) x29 0xffffff45
core   0: 0x80007e88 (0x01389db3) sll     s11, a7, s3
core   0: 3 0x80007e88 (0x01389db3) x27 0x01a18950
core   0: 0x80007e8c (0x0291c263) blt     gp, s1, pc + 36
core   0: 3 0x80007e8c (0x0291c263)
core   0: 0x80007eb0 (0x03ad36b3) mulhu   a3, s10, s10
core   0: 3 0x80007eb0 (0x03ad36b3) x13 0x00000000
core   0: 0x80007eb4 (0x11fb7263) bgeu    s6, t6, pc + 260
core   0: 3 0x80007eb4 (0x11fb7263)
core   0: 0x80007eb8 (0x414cd833) sra     a6, s9, s4
core   0: 3 0x80007eb8 (0x414cd833) x16 0xfb017295
core   0: 0x80007ebc (0x4c3fc893) xori    a7, t6, 1219
core   0: 3 0x80007ebc (0x4c3fc893) x17 0x38765faf
core   0: 0x80007ec0 (0x00f29613) slli    a2, t0, 15
core   0: 3 0x80007ec0 (0x00f29613) x12 0x004f8000
core   0: 0x80007ec4 (0x00000013) nop
core   0: 3 0x80007ec4 (0x00000013)
core   0: 0x80007ec8 (0x00955733) srl     a4, a0, s1
core   0: 3 0x80007ec8 (0x00955733) x14 0x00000000
core   0: 0x80007ecc (0xd599ee93) ori     t4, s3, -679
core   0: 3 0x80007ecc (0xd599ee93) x29 0xfffffd5d
core   0: 0x80007ed0 (0x0098bdb3) sltu    s11, a7, s1
core   0: 3 0x80007ed0 (0x0098bdb3) x27 0x00000000
core   0: 0x80007ed4 (0x01d479b3) and     s3, s0, t4
core   0: 3 0x80007ed4 (0x01d479b3) x19 0x57ae9000
core   0: 0x80007ed8 (0x03d804b3) mul     s1, a6, t4
core   0: 3 0x80007ed8 (0x03d804b3) x 9 0x2b2ee121
core   0: 0x80007edc (0x41035933) sra     s2, t1, a6
core   0: 3 0x80007edc (0x41035933) x18 0x00000000
core   0: 0x80007ee0 (0x0dc2ec63) bltu    t0, t3, pc + 216
core   0: 3 0x80007ee0 (0x0dc2ec63)
core   0: 0x80007ee4 (0x0c2ce463) bltu    s9, sp, pc + 200
core   0: 3 0x80007ee4 (0x0c2ce463)
core   0: 0x80007ee8 (0x62304313) xori    t1, zero, 1571
core   0: 3 0x80007ee8 (0x62304313) x 6 0x00000623
core   0: 0x80007eec (0x01054c33) xor     s8, a0, a6
core   0: 3 0x80007eec (0x01054c33) x24 0xfb017295
core   0: 0x80007ef0 (0x00000013) nop
core   0: 3 0x80007ef0 (0x00000013)
core   0: 0x80007ef4 (0xed113613) sltiu   a2, sp, -303
core   0: 3 0x80007ef4 (0xed113613) x12 0x00000001
core   0: 0x80007ef8 (0x00009297) auipc   t0, 0x9
core   0: 3 0x80007ef8 (0x00009297) x 5 0x80010ef8
core   0: 0x80007efc (0xab228293) addi    t0, t0, -1358
core   0: 3 0x80007efc (0xab228293) x 5 0x800109aa
core   0: 0x80007f00 (0x784dff13) andi    t5, s11, 1924
core   0: 3 0x80007f00 (0x784dff13) x30 0x00000000
core   0: 0x80007f04 (0x0552c883) lbu     a7, 85(t0)
core   0: 3 0x80007f04 (0x0552c883) x17 0x000000d9 mem 0x800109ff
core   0: 0x80007f08 (0x0a928783) lb      a5, 169(t0)
core   0: 3 0x80007f08 (0x0a928783) x15 0x00000070 mem 0x80010a53
core   0: 0x80007f0c (0x7a21f213) andi    tp, gp, 1954
core   0: 3 0x80007f0c (0x7a21f213) x 4 0x00000000
core   0: 0x80007f10 (0x0722a303) lw      t1, 114(t0)
core   0: 3 0x80007f10 (0x0722a303) x 6 0xa2c90c12 mem 0x80010a1c
core   0: 0x80007f14 (0x0f728503) lb      a0, 247(t0)
core   0: 3 0x80007f14 (0x0f728503) x10 0xffffff8e mem 0x80010aa1
core   0: 0x80007f18 (0x033dfd33) remu    s10, s11, s3
core   0: 3 0x80007f18 (0x033dfd33) x26 0x00000000
core   0: 0x80007f1c (0xf4a70393) addi    t2, a4, -182
core   0: 3 0x80007f1c (0xf4a70393) x 7 0xffffff4a
core   0: 0x80007f20 (0xf5b2cc03) lbu     s8, -165(t0)
core   0: 3 0x80007f20 (0xf5b2cc03) x24 0x0000004a mem 0x80010905
core   0: 0x80007f24 (0x01d28903) lb      s2, 29(t0)
core   0: 3 0x80007f24 (0x01d28903) x18 0x00000034 mem 0x800109c7
core   0: 0x80007f28 (0x03dc5833) divu    a6, s8, t4
core   0: 3 0x80007f28 (0x03dc5833) x16 0x00000000
core   0: 0x80007f2c (0xf702c183) lbu     gp, -144(t0)
core   0: 3 0x80007f2c (0xf702c183) x 3 0x000000f3 mem 0x8001091a
core   0: 0x80007f30 (0x0d72a523) sw      s7, 202(t0)
core   0: 3 0x80007f30 (0x0d72a523) mem 0x80010a74 0xb549147a
core   0: 0x80007f34 (0x00cc9c93) slli    s9, s9, 12
core   0: 3 0x80007f34 (0x00cc9c93) x25 0x7295f000
core   0: 0x80007f38 (0x001fa3b3) slt     t2, t6, ra
core   0: 3 0x80007f38 (0x001fa3b3) x 7 0x00000000
core   0: 0x80007f3c (0xf562a203) lw      tp, -170(t0)
core   0: 3 0x80007f3c (0xf562a203) x 4 0x07ca3dc4 mem 0x80010900
core   0: 0x80007f40 (0x09028123) sb      a6, 130(t0)
core   0: 3 0x80007f40 (0x09028123) mem 0x80010a2c 0x0
core   0: 0x80007f44 (0x016d1513) slli    a0, s10, 22
core   0: 3 0x80007f44 (0x016d1513) x10 0x00000000
core   0: 0x80007f48 (0xf3728623) sb      s7, -212(t0)
core   0: 3 0x80007f48 (0xf3728623) mem 0x800108d6 0x7a
core   0: 0x80007f4c (0x00e013b3) sll     t2, zero, a4
core   0: 3 0x80007f4c (0x00e013b3) x 7 0x00000000
core   0: 0x80007f50 (0x01229203) lh      tp, 18(t0)
core   0: 3 0x80007f50 (0x01229203) x 4 0xffffe114 mem 0x800109bc
core   0: 0x80007f54 (0x10028683) lb      a3, 256(t0)
core   0: 3 0x80007f54 (0x10028683) x13 0x0000003b mem 0x80010aaa
core   0: 0x80007f58 (0x03328e23) sb      s3, 60(t0)
core   0: 3 0x80007f58 (0x03328e23) mem 0x800109e6 0x0
core   0: 0x80007f5c (0x01221ab3) sll     s5, tp, s2
core   0: 3 0x80007f5c (0x01221ab3) x21 0x11400000
core   0: 0x80007f60 (0x030f85b3) mul     a1, t6, a6
core   0: 3 0x80007f60 (0x030f85b3) x11 0x00000000
core   0: 0x80007f64 (0xf8f28423) sb      a5, -120(t0)
core   0: 3 0x80007f64 (0xf8f28423) mem 0x80010932 0x70
core   0: 0x80007f68 (0x02d99733) mulh    a4, s3, a3
core   0: 3 0x80007f68 (0x02d99733) x14 0x00000014
core   0: 0x80007f6c (0xf952c703) lbu     a4, -107(t0)
core   0: 3 0x80007f6c (0xf952c703) x14 0x00000073 mem 0x8001093f
core   0: 0x80007f70 (0x01db9b33) sll     s6, s7, t4
core   0: 3 0x80007f70 (0x01db9b33) x22 0x40000000
core   0: 0x80007f74 (0xfe42ca83) lbu     s5, -28(t0)
core   0: 3 0x80007f74 (0xfe42ca83) x21 0x000000e5 mem 0x8001098e
core   0: 0x80007f78 (0xf1d2c503) lbu     a0, -227(t0)
core   0: 3 0x80007f78 (0xf1d2c503) x10 0x000000f3 mem 0x800108c7
core   0: 0x80007f7c (0x04c2cb03) lbu     s6, 76(t0)
core   0: 3 0x80007f7c (0x04c2cb03) x22 0x0000006c mem 0x800109f6
core   0: 0x80007f80 (0xf7128823) sb      a7, -144(t0)
core   0: 3 0x80007f80 (0xf7128823) mem 0x8001091a 0xd9
core   0: 0x80007f84 (0xfd328623) sb      s3, -52(t0)
core   0: 3 0x80007f84 (0xfd328623) mem 0x80010976 0x0
core   0: 0x80007f88 (0x06e29403) lh      s0, 110(t0)
core   0: 3 0x80007f88 (0x06e29403) x 8 0x000073df mem 0x80010a18
core   0: 0x80007f8c (0x0d729023) sh      s7, 192(t0)
core   0: 3 0x80007f8c (0x0d729023) mem 0x80010a6a 0x147a
core   0: 0x80007f90 (0xe7e0a613) slti    a2, ra, -386
core   0: 3 0x80007f90 (0xe7e0a613) x12 0x00000000
core   0: 0x80007f94 (0xf4629483) lh      s1, -186(t0)
core   0: 3 0x80007f94 (0xf4629483) x 9 0x0000289f mem 0x800108f0
core   0: 0x80007f98 (0x0ef2c203) lbu     tp, 239(t0)
core   0: 3 0x80007f98 (0x0ef2c203) x 4 0x0000005f mem 0x80010a99
core   0: 0x80007f9c (0xfb828c23) sb      s8, -72(t0)
core   0: 3 0x80007f9c (0xfb828c23) mem 0x80010962 0x4a
core   0: 0x80007fa0 (0x0642cb03) lbu     s6, 100(t0)
core   0: 3 0x80007fa0 (0x0642cb03) x22 0x0000009b mem 0x80010a0e
core   0: 0x80007fa4 (0xfec29003) lh      zero, -20(t0)
core   0: 3 0x80007fa4 (0xfec29003) mem 0x80010996
core   0: 0x80007fa8 (0xf5429d83) lh      s11, -172(t0)
core   0: 3 0x80007fa8 (0xf5429d83) x27 0xffffeb92 mem 0x800108fe
core   0: 0x80007fac (0x029d7a63) bgeu    s10, s1, pc + 52
core   0: 3 0x80007fac (0x029d7a63)
core   0: 0x80007fb0 (0x8f3bc013) xori    zero, s7, -1805
core   0: 3 0x80007fb0 (0x8f3bc013)
core   0: 0x80007fb4 (0x037b1533) mulh    a0, s6, s7
core   0: 3 0x80007fb4 (0x037b1533) x10 0xffffffd2
core   0: 0x80007fb8 (0x0332f863) bgeu    t0, s3, pc + 48
core   0: 3 0x80007fb8 (0x0332f863)
core   0: 0x80007fe8 (0x02f9d063) bge     s3, a5, pc + 32
core   0: 3 0x80007fe8 (0x02f9d063)
core   0: 0x80008008 (0x56ec8513) addi    a0, s9, 1390
core   0: 3 0x80008008 (0x56ec8513) x10 0x7295f56e
core   0: 0x8000800c (0x01ef87b3) add     a5, t6, t5
core   0: 3 0x8000800c (0x01ef87b3) x15 0x38765b6c
core   0: 0x80008010 (0xd4a7fe13) andi    t3, a5, -694
core   0: 3 0x80008010 (0xd4a7fe13) x28 0x38765948
core   0: 0x80008014 (0x031bee63) bltu    s7, a7, pc + 60
core   0: 3 0x80008014 (0x031bee63)
core   0: 0x80008018 (0x0377c0b3) div     ra, a5, s7
core   0: 3 0x80008018 (0x0377c0b3) x 1 0x00000000
core   0: 0x8000801c (0x03afcb33) div     s6, t6, s10
core   0: 3 0x8000801c (0x03afcb33) x22 0xffffffff
core   0: 0x80008020 (0x02ee8d33) mul     s10, t4, a4
core   0: 3 0x80008020 (0x02ee8d33) x26 0xfffed0c7
core   0: 0x80008024 (0x03ceae17) auipc   t3, 0x3cea
core   0: 3 0x80008024 (0x03ceae17) x28 0x83cf2024
core   0: 0x80008028 (0x03f9f5b3) remu    a1, s3, t6
core   0: 3 0x80008028 (0x03f9f5b3) x11 0x1f383494
core   0: 0x8000802c (0x4171d893) srai    a7, gp, 23
core   0: 3 0x8000802c (0x4171d893) x17 0x00000000
core   0: 0x80008030 (0x0078d263) bge     a7, t2, pc + 4
core   0: 3 0x80008030 (0x0078d263)
core   0: 0x80008034 (0x02fa0263) beq     s4, a5, pc + 36
core   0: 3 0x80008034 (0x02fa0263)
core   0: 0x80008038 (0x40ffd093) srai    ra, t6, 15
core   0: 3 0x80008038 (0x40ffd093) x 1 0x000070ec
core   0: 0x8000803c (0x0c9a2413) slti    s0, s4, 201
core   0: 3 0x8000803c (0x0c9a2413) x 8 0x00000001
core   0: 0x80008040 (0x031d5a63) bge     s10, a7, pc + 52
core   0: 3 0x80008040 (0x031d5a63)
core   0: 0x80008044 (0x41f8d893) srai    a7, a7, 31
core   0: 3 0x80008044 (0x41f8d893) x17 0x00000000
core   0: 0x80008048 (0x00868733) add     a4, a3, s0
core   0: 3 0x80008048 (0x00868733) x14 0x0000003c
core   0: 0x8000804c (0x01fe5513) srli    a0, t3, 31
core   0: 3 0x8000804c (0x01fe5513) x10 0x00000001
core   0: 0x80008050 (0x8fd6c213) xori    tp, a3, -1795
core   0: 3 0x80008050 (0x8fd6c213) x 4 0xfffff8c6
core   0: 0x80008054 (0x02d994b3) mulh    s1, s3, a3
core   0: 3 0x80008054 (0x02d994b3) x 9 0x00000014
core   0: 0x80008058 (0x0dcd9063) bne     s11, t3, pc + 192
core   0: 3 0x80008058 (0x0dcd9063)
core   0: 0x80008118 (0x1b70f393) andi    t2, ra, 439
core   0: 3 0x80008118 (0x1b70f393) x 7 0x000000a4
core   0: 0x8000811c (0x02438633) mul     a2, t2, tp
core   0: 3 0x8000811c (0x02438633) x12 0xfffb5ed8
core   0: 0x80008120 (0x52074993) xori    s3, a4, 1312
core   0: 3 0x80008120 (0x52074993) x19 0x0000051c
core   0: 0x80008124 (0x022d0863) beq     s10, sp, pc + 48
core   0: 3 0x80008124 (0x022d0863)
core   0: 0x80008128 (0x00049513) slli    a0, s1, 0
core   0: 3 0x80008128 (0x00049513) x10 0x00000014
core   0: 0x8000812c (0xc382a493) slti    s1, t0, -968
core   0: 3 0x8000812c (0xc382a493) x 9 0x00000001
core   0: 0x80008130 (0x41d7d313) srai    t1, a5, 29
core   0: 3 0x80008130 (0x41d7d313) x 6 0x00000001
core   0: 0x80008134 (0x00000013) nop
core   0: 3 0x80008134 (0x00000013)
core   0: 0x80008138 (0x69a30097) auipc   ra, 0x69a30
core   0: 3 0x80008138 (0x69a30097) x 1 0xe9a38138
core   0: 0x8000813c (0x3059dc37) lui     s8, 0x3059d
core   0: 3 0x8000813c (0x3059dc37) x24 0x3059d000
core   0: 0x80008140 (0x0020eeb3) or      t4, ra, sp
core   0: 3 0x80008140 (0x0020eeb3) x29 0xe9a3df7c
core   0: 0x80008144 (0xa8b58d93) addi    s11, a1, -1397
core   0: 3 0x80008144 (0xa8b58d93) x27 0x1f382f1f
core   0: 0x80008148 (0x01e88833) add     a6, a7, t5
core   0: 3 0x80008148 (0x01e88833) x16 0x00000000
core   0: 0x8000814c (0x0252ab33) mulhsu  s6, t0, t0
core   0: 3 0x8000814c (0x0252ab33) x22 0xc0000001
core   0: 0x80008150 (0x028c3233) mulhu   tp, s8, s0
core   0: 3 0x80008150 (0x028c3233) x 4 0x00000000
core   0: 0x80008154 (0x018fd263) bge     t6, s8, pc + 4
core   0: 3 0x80008154 (0x018fd263)
core   0: 0x80008158 (0x01079013) slli    zero, a5, 16
core   0: 3 0x80008158 (0x01079013)
core   0: 0x8000815c (0x02517e33) remu    t3, sp, t0
core   0: 3 0x8000815c (0x02517e33) x28 0x000154ba
core   0: 0x80008160 (0x02913233) mulhu   tp, sp, s1
core   0: 3 0x80008160 (0x02913233) x 4 0x00000000
core   0: 0x80008164 (0x0392f3b3) remu    t2, t0, s9
core   0: 3 0x80008164 (0x0392f3b3) x 7 0x0d6b19aa
core   0: 0x80008168 (0x0245a8b3) mulhsu  a7, a1, tp
core   0: 3 0x80008168 (0x0245a8b3) x17 0x00000000
core   0: 0x8000816c (0x0097a233) slt     tp, a5, s1
core   0: 3 0x8000816c (0x0097a233) x 4 0x00000000
core   0: 0x80008170 (0x020ee033) rem     zero, t4, zero
core   0: 3 0x80008170 (0x020ee033)
core   0: 0x80008174 (0x013565b3) or      a1, a0, s3
core   0: 3 0x80008174 (0x013565b3) x11 0x0000051c
core   0: 0x80008178 (0x3d180593) addi    a1, a6, 977
core   0: 3 0x80008178 (0x3d180593) x11 0x000003d1
core   0: 0x8000817c (0x017199b3) sll     s3, gp, s7
core   0: 3 0x8000817c (0x017199b3) x19 0xcc000000
core   0: 0x80008180 (0x05255663) bge     a0, s2, pc + 76
core   0: 3 0x80008180 (0x05255663)
core   0: 0x80008184 (0x01900463) beq     zero, s9, pc + 8
core   0: 3 0x80008184 (0x01900463)
core   0: 0x80008188 (0x03483233) mulhu   tp, a6, s4
core   0: 3 0x80008188 (0x03483233) x 4 0x00000000
core   0: 0x8000818c (0x01755c63) bge     a0, s7, pc + 24
core   0: 3 0x8000818c (0x01755c63)
core   0: 0x800081a4 (0x0225ff33) remu    t5, a1, sp
core   0: 3 0x800081a4 (0x0225ff33) x30 0x000003d1
core   0: 0x800081a8 (0x01f6a6b3) slt     a3, a3, t6
core   0: 3 0x800081a8 (0x01f6a6b3) x13 0x00000001
core   0: 0x800081ac (0x02bbcab3) div     s5, s7, a1
core   0: 3 0x800081ac (0x02bbcab3) x21 0xffec6c3d
core   0: 0x800081b0 (0x40db5f93) srai    t6, s6, 13
core   0: 3 0x800081b0 (0x40db5f93) x31 0xfffe0000
core   0: 0x800081b4 (0x02d568b3) rem     a7, a0, a3
core   0: 3 0x800081b4 (0x02d568b3) x17 0x00000000
core   0: 0x800081b8 (0x02514633) div     a2, sp, t0
core   0: 3 0x800081b8 (0x02514633) x12 0x00000000
core   0: 0x800081bc (0x00d1ff33) and     t5, gp, a3
core   0: 3 0x800081bc (0x00d1ff33) x30 0x00000001
core   0: 0x800081c0 (0x020ef5b3) remu    a1, t4, zero
core   0: 3 0x800081c0 (0x020ef5b3) x11 0xe9a3df7c
core   0: 0x800081c4 (0x016f9863) bne     t6, s6, pc + 16
core   0: 3 0x800081c4 (0x016f9863)
core   0: 0x800081d4 (0x70c4a313) slti    t1, s1, 1804
core   0: 3 0x800081d4 (0x70c4a313) x 6 0x00000001
core   0: 0x800081d8 (0x009b9fb3) sll     t6, s7, s1
core   0: 3 0x800081d8 (0x009b9fb3) x31 0x6a9228f4
core   0: 0x800081dc (0x1f3a4837) lui     a6, 0x1f3a4
core   0: 3 0x800081dc (0x1f3a4837) x16 0x1f3a4000
core   0: 0x800081e0 (0x02fa15b3) mulh    a1, s4, a5
core   0: 3 0x800081e0 (0x02fa15b3) x11 0xe3c565d1
core   0: 0x800081e4 (0x00d9b433) sltu    s0, s3, a3
core   0: 3 0x800081e4 (0x00d9b433) x 8 0x00000000
core   0: 0x800081e8 (0x03ceea63) bltu    t4, t3, pc + 52
core   0: 3 0x800081e8 (0x03ceea63)
core   0: 0x800081ec (0x4e952993) slti    s3, a0, 1257
core   0: 3 0x800081ec (0x4e952993) x19 0x00000001
core   0: 0x800081f0 (0x007272b3) and     t0, tp, t2
core   0: 3 0x800081f0 (0x007272b3) x 5 0x00000000
core   0: 0x800081f4 (0x021e9c63) bne     t4, ra, pc + 56
core   0: 3 0x800081f4 (0x021e9c63)
core   0: 0x8000822c (0x03906533) rem     a0, zero, s9
core   0: 3 0x8000822c (0x03906533) x10 0x00000000
core   0: 0x80008230 (0x02631263) bne     t1, t1, pc + 36
core   0: 3 0x80008230 (0x02631263)
core   0: 0x80008234 (0x021bc863) blt     s7, ra, pc + 48
core   0: 3 0x80008234 (0x021bc863)
core   0: 0x80008264 (0x02849fb3) mulh    t6, s1, s0
core   0: 3 0x80008264 (0x02849fb3) x31 0x00000000
core   0: 0x80008268 (0xd0436a93) ori     s5, t1, -764
core   0: 3 0x80008268 (0xd0436a93) x21 0xfffffd05
core   0: 0x8000826c (0x00aa29b3) slt     s3, s4, a0
core   0: 3 0x8000826c (0x00aa29b3) x19 0x00000001
core   0: 0x80008270 (0x17b21217) auipc   tp, 0x17b21
core   0: 3 0x80008270 (0x17b21217) x 4 0x97b29270
core   0: 0x80008274 (0x021372b3) remu    t0, t1, ra
core   0: 3 0x80008274 (0x021372b3) x 5 0x00000001
core   0: 0x80008278 (0x01766233) or      tp, a2, s7
core   0: 3 0x80008278 (0x01766233) x 4 0xb549147a
core   0: 0x8000827c (0x01904c63) blt     zero, s9, pc + 24
core   0: 3 0x8000827c (0x01904c63)
core   0: 0x80008294 (0x0039b033) sltu    zero, s3, gp
core   0: 3 0x80008294 (0x0039b033)
core   0: 0x80008298 (0x01569863) bne     a3, s5, pc + 16
core   0: 3 0x80008298 (0x01569863)
core   0: 0x800082a8 (0x04b27863) bgeu    tp, a1, pc + 80
core   0: 3 0x800082a8 (0x04b27863)
core   0: 0x800082ac (0xae91ac93) slti    s9, gp, -1303
core   0: 3 0x800082ac (0xae91ac93) x25 0x00000000
core   0: 0x800082b0 (0x93892d93) slti    s11, s2, -1736
core   0: 3 0x800082b0 (0x93892d93) x27 0x00000000
core   0: 0x800082b4 (0x04bf8863) beq     t6, a1, pc + 80
core   0: 3 0x800082b4 (0x04bf8863)
core   0: 0x800082b8 (0x00876933) or      s2, a4, s0
core   0: 3 0x800082b8 (0x00876933) x18 0x0000003c
core   0: 0x800082bc (0x027af063) bgeu    s5, t2, pc + 32
core   0: 3 0x800082bc (0x027af063)
core   0: 0x800082dc (0x00000013) nop
core   0: 3 0x800082dc (0x00000013)
core   0: 0x800082e0 (0x41505ab3) sra     s5, zero, s5
core   0: 3 0x800082e0 (0x41505ab3) x21 0x00000000
core   0: 0x800082e4 (0x02e035b3) mulhu   a1, zero, a4
core   0: 3 0x800082e4 (0x02e035b3) x11 0x00000000
core   0: 0x800082e8 (0x00a71193) slli    gp, a4, 10
core   0: 3 0x800082e8 (0x00a71193) x 3 0x0000f000
core   0: 0x800082ec (0x03208733) mul     a4, ra, s2
core   0: 3 0x800082ec (0x03208733) x14 0xc2524920
core   0: 0x800082f0 (0x01f489b3) add     s3, s1, t6
core   0: 3 0x800082f0 (0x01f489b3) x19 0x00000001
core   0: 0x800082f4 (0x01468a63) beq     a3, s4, pc + 20
core   0: 3 0x800082f4 (0x01468a63)
core   0: 0x800082f8 (0x02af73b3) remu    t2, t5, a0
core   0: 3 0x800082f8 (0x02af73b3) x 7 0x00000001
core   0: 0x800082fc (0x034a0d33) mul     s10, s4, s4
core   0: 3 0x800082fc (0x034a0d33) x26 0xd3b6ab10
core   0: 0x80008300 (0xd69fc293) xori    t0, t6, -663
core   0: 3 0x80008300 (0xd69fc293) x 5 0xfffffd69
core   0: 0x80008304 (0x0085ed33) or      s10, a1, s0
core   0: 3 0x80008304 (0x0085ed33) x26 0x00000000
core   0: 0x80008308 (0x00f29e33) sll     t3, t0, a5
core   0: 3 0x80008308 (0x00f29e33) x28 0xffd69000
core   0: 0x8000830c (0x01008333) add     t1, ra, a6
core   0: 3 0x8000830c (0x01008333) x 6 0x08ddc138
core   0: 0x80008310 (0x01cf1db3) sll     s11, t5, t3
core   0: 3 0x80008310 (0x01cf1db3) x27 0x00000001
core   0: 0x80008314 (0x02467cb3) remu    s9, a2, tp
core   0: 3 0x80008314 (0x02467cb3) x25 0x00000000
core   0: 0x80008318 (0x03219263) bne     gp, s2, pc + 36
core   0: 3 0x80008318 (0x03219263)
core   0: 0x8000833c (0x036c5033) divu    zero, s8, s6
core   0: 3 0x8000833c (0x036c5033)
core   0: 0x80008340 (0xf6aa3513) sltiu   a0, s4, -150
core   0: 3 0x80008340 (0xf6aa3513) x10 0x00000001
core   0: 0x80008344 (0x03ed6263) bltu    s10, t5, pc + 36
core   0: 3 0x80008344 (0x03ed6263)
core   0: 0x80008368 (0xbfdaa593) slti    a1, s5, -1027
core   0: 3 0x80008368 (0xbfdaa593) x11 0x00000000
core   0: 0x8000836c (0x000f9793) slli    a5, t6, 0
core   0: 3 0x8000836c (0x000f9793) x15 0x00000000
core   0: 0x80008370 (0x015ad333) srl     t1, s5, s5
core   0: 3 0x80008370 (0x015ad333) x 6 0x00000000
core   0: 0x80008374 (0x02e0de33) divu    t3, ra, a4
core   0: 3 0x80008374 (0x02e0de33) x28 0x00000001
core   0: 0x80008378 (0x0377b0b3) mulhu   ra, a5, s7
core   0: 3 0x80008378 (0x0377b0b3) x 1 0x00000000
core   0: 0x8000837c (0x011923b3) slt     t2, s2, a7
core   0: 3 0x8000837c (0x011923b3) x 7 0x00000000
core   0: 0x80008380 (0x015118b3) sll     a7, sp, s5
core   0: 3 0x80008380 (0x015118b3) x17 0x80025e64
core   0: 0x80008384 (0x6d62f493) andi    s1, t0, 1750
core   0: 3 0x80008384 (0x6d62f493) x 9 0x00000440
core   0: 0x80008388 (0x053e8663) beq     t4, s3, pc + 76
core   0: 3 0x80008388 (0x053e8663)
core   0: 0x8000838c (0x40c15793) srai    a5, sp, 12
core   0: 3 0x8000838c (0x40c15793) x15 0xfff80025
core   0: 0x80008390 (0xc9437893) andi    a7, t1, -876
core   0: 3 0x80008390 (0xc9437893) x17 0x00000000
core   0: 0x80008394 (0x00583b33) sltu    s6, a6, t0
core   0: 3 0x80008394 (0x00583b33) x22 0x00000001
core   0: 0x80008398 (0x00671993) slli    s3, a4, 6
core   0: 3 0x80008398 (0x00671993) x19 0x94924800
core   0: 0x8000839c (0x40b5d893) srai    a7, a1, 11
core   0: 3 0x8000839c (0x40b5d893) x17 0x00000000
core   0: 0x800083a0 (0x033036b3) mulhu   a3, zero, s3
core   0: 3 0x800083a0 (0x033036b3) x13 0x00000000
core   0: 0x800083a4 (0x03557533) remu    a0, a0, s5
core   0: 3 0x800083a4 (0x03557533) x10 0x00000001
core   0: 0x800083a8 (0x02838263) beq     t2, s0, pc + 36
core   0: 3 0x800083a8 (0x02838263)
core   0: 0x800083cc (0x4198d093) srai    ra, a7, 25
core   0: 3 0x800083cc (0x4198d093) x 1 0x00000000
core   0: 0x800083d0 (0x01b282b3) add     t0, t0, s11
core   0: 3 0x800083d0 (0x01b282b3) x 5 0xfffffd6a
core   0: 0x800083d4 (0x00a9dd13) srli    s10, s3, 10
core   0: 3 0x800083d4 (0x00a9dd13) x26 0x00252492
core   0: 0x800083d8 (0x009cd813) srli    a6, s9, 9
core   0: 3 0x800083d8 (0x009cd813) x16 0x00000000
core   0: 0x800083dc (0x00786c63) bltu    a6, t2, pc + 24
core   0: 3 0x800083dc (0x00786c63)
core   0: 0x800083e0 (0x96003e93) sltiu   t4, zero, -1696
core   0: 3 0x800083e0 (0x96003e93) x29 0x00000001
core   0: 0x800083e4 (0x0124e733) or      a4, s1, s2
core   0: 3 0x800083e4 (0x0124e733) x14 0x0000047c
core   0: 0x800083e8 (0x03e267b3) rem     a5, tp, t5
core   0: 3 0x800083e8 (0x03e267b3) x15 0x00000000
core   0: 0x800083ec (0x00ff8533) add     a0, t6, a5
core   0: 3 0x800083ec (0x00ff8533) x10 0x00000000
core   0: 0x800083f0 (0x0028c8b3) xor     a7, a7, sp
core   0: 3 0x800083f0 (0x0028c8b3) x17 0x80025e64
core   0: 0x800083f4 (0x00815fb3) srl     t6, sp, s0
core   0: 3 0x800083f4 (0x00815fb3) x31 0x80025e64
core   0: 0x800083f8 (0x013ee833) or      a6, t4, s3
core   0: 3 0x800083f8 (0x013ee833) x16 0x94924801
core   0: 0x800083fc (0x003f8263) beq     t6, gp, pc + 4
core   0: 3 0x800083fc (0x003f8263)
core   0: 0x80008400 (0x2eaaae17) auipc   t3, 0x2eaaa
core   0: 3 0x80008400 (0x2eaaae17) x28 0xaeab2400
core   0: 0x80008404 (0x01c62ab3) slt     s5, a2, t3
core   0: 3 0x80008404 (0x01c62ab3) x21 0x00000000
core   0: 0x80008408 (0x0236b0b3) mulhu   ra, a3, gp
core   0: 3 0x80008408 (0x0236b0b3) x 1 0x00000000
core   0: 0x8000840c (0x02959863) bne     a1, s1, pc + 48
core   0: 3 0x8000840c (0x02959863)
core   0: 0x8000843c (0x49d76613) ori     a2, a4, 1181
core   0: 3 0x8000843c (0x49d76613) x12 0x000004fd
core   0: 0x80008440 (0x025364b3) rem     s1, t1, t0
core   0: 3 0x80008440 (0x025364b3) x 9 0x00000000
core   0: 0x80008444 (0x03f0e733) rem     a4, ra, t6
core   0: 3 0x80008444 (0x03f0e733) x14 0x00000000
core   0: 0x80008448 (0x02cc5eb3) divu    t4, s8, a2
core   0: 3 0x80008448 (0x02cc5eb3) x29 0x0009b160
core   0: 0x8000844c (0x02e26533) rem     a0, tp, a4
core   0: 3 0x8000844c (0x02e26533) x10 0xb549147a
core   0: 0x80008450 (0x00ef80b3) add     ra, t6, a4
core   0: 3 0x80008450 (0x00ef80b3) x 1 0x80025e64
core   0: 0x80008454 (0x015c5693) srli    a3, s8, 21
core   0: 3 0x80008454 (0x015c5693) x13 0x00000182
core   0: 0x80008458 (0x01e46ab3) or      s5, s0, t5
core   0: 3 0x80008458 (0x01e46ab3) x21 0x00000001
core   0: 0x8000845c (0x02051ab3) mulh    s5, a0, zero
core   0: 3 0x8000845c (0x02051ab3) x21 0x00000000
core   0: 0x80008460 (0x02913833) mulhu   a6, sp, s1
core   0: 3 0x80008460 (0x02913833) x16 0x00000000
core   0: 0x80008464 (0x020f3733) mulhu   a4, t5, zero
core   0: 3 0x80008464 (0x020f3733) x14 0x00000000
core   0: 0x80008468 (0xf75af413) andi    s0, s5, -139
core   0: 3 0x80008468 (0xf75af413) x 8 0x00000000
core   0: 0x8000846c (0x03b242b3) div     t0, tp, s11
core   0: 3 0x8000846c (0x03b242b3) x 5 0xb549147a
core   0: 0x80008470 (0x02754433) div     s0, a0, t2
core   0: 3 0x80008470 (0x02754433) x 8 0xffffffff
core   0: 0x80008474 (0x01de9693) slli    a3, t4, 29
core   0: 3 0x80008474 (0x01de9693) x13 0x00000000
core   0: 0x80008478 (0xceb91a97) auipc   s5, 0xceb91
core   0: 3 0x80008478 (0xceb91a97) x21 0x4eb99478
core   0: 0x8000847c (0x02ea9b33) mulh    s6, s5, a4
core   0: 3 0x8000847c (0x02ea9b33) x22 0x00000000
core   0: 0x80008480 (0x04269863) bne     a3, sp, pc + 80
core   0: 3 0x80008480 (0x04269863)
core   0: 0x800084d0 (0x02a94c63) blt     s2, a0, pc + 56
core   0: 3 0x800084d0 (0x02a94c63)
core   0: 0x800084d4 (0x024977b3) remu    a5, s2, tp
core   0: 3 0x800084d4 (0x024977b3) x15 0x0000003c
core   0: 0x800084d8 (0x015f0ab3) add     s5, t5, s5
core   0: 3 0x800084d8 (0x015f0ab3) x21 0x4eb99479
core   0: 0x800084dc (0x02433733) mulhu   a4, t1, tp
core   0: 3 0x800084dc (0x02433733) x14 0x00000000
core   0: 0x800084e0 (0x0223c063) blt     t2, sp, pc + 32
core   0: 3 0x800084e0 (0x0223c063)
core   0: 0x800084e4 (0x03f55263) bge     a0, t6, pc + 36
core   0: 3 0x800084e4 (0x03f55263)
core   0: 0x80008508 (0x01a37533) and     a0, t1, s10
core   0: 3 0x80008508 (0x01a37533) x10 0x00000000
core   0: 0x8000850c (0x039cadb3) mulhsu  s11, s9, s9
core   0: 3 0x8000850c (0x039cadb3) x27 0x00000000
core   0: 0x80008510 (0x01bd34b3) sltu    s1, s10, s11
core   0: 3 0x80008510 (0x01bd34b3) x 9 0x00000000
core   0: 0x80008514 (0xd16ba613) slti    a2, s7, -746
core   0: 3 0x80008514 (0xd16ba613) x12 0x00000001
core   0: 0x80008518 (0xff093d93) sltiu   s11, s2, -16
core   0: 3 0x80008518 (0xff093d93) x27 0x00000001
core   0: 0x8000851c (0x02993ab3) mulhu   s5, s2, s1
core   0: 3 0x8000851c (0x02993ab3) x21 0x00000000
core   0: 0x80008520 (0x1f18a293) slti    t0, a7, 497
core   0: 3 0x80008520 (0x1f18a293) x 5 0x00000001
core   0: 0x80008524 (0xe9d0a813) slti    a6, ra, -355
core   0: 3 0x80008524 (0xe9d0a813) x16 0x00000001
core   0: 0x80008528 (0x006589b3) add     s3, a1, t1
core   0: 3 0x80008528 (0x006589b3) x19 0x00000000
core   0: 0x8000852c (0x000ff263) bgeu    t6, zero, pc + 4
core   0: 3 0x8000852c (0x000ff263)
core   0: 0x80008530 (0xa5c68313) addi    t1, a3, -1444
core   0: 3 0x80008530 (0xa5c68313) x 6 0xfffffa5c
core   0: 0x80008534 (0x03ac1833) mulh    a6, s8, s10
core   0: 3 0x80008534 (0x03ac1833) x16 0x000703e3
core   0: 0x80008538 (0x032997b3) mulh    a5, s3, s2
core   0: 3 0x80008538 (0x032997b3) x15 0x00000000
core   0: 0x8000853c (0x403a5c33) sra     s8, s4, gp
core   0: 3 0x8000853c (0x403a5c33) x24 0x80029ce4
core   0: 0x80008540 (0x00f72ab3) slt     s5, a4, a5
core   0: 3 0x80008540 (0x00f72ab3) x21 0x00000000
core   0: 0x80008544 (0x04669263) bne     a3, t1, pc + 68
core   0: 3 0x80008544 (0x04669263)
core   0: 0x80008588 (0xe058d997) auipc   s3, 0xe058d
core   0: 3 0x80008588 (0xe058d997) x19 0x60595588
core   0: 0x8000858c (0x4cb18993) addi    s3, gp, 1227
core   0: 3 0x8000858c (0x4cb18993) x19 0x0000f4cb
core   0: 0x80008590 (0x00000013) nop
core   0: 3 0x80008590 (0x00000013)
core   0: 0x80008594 (0x023a1263) bne     s4, gp, pc + 36
core   0: 3 0x80008594 (0x023a1263)
core   0: 0x800085b8 (0x0008d933) srl     s2, a7, zero
core   0: 3 0x800085b8 (0x0008d933) x18 0x80025e64
core   0: 0x800085bc (0x01204b33) xor     s6, zero, s2
core   0: 3 0x800085bc (0x01204b33) x22 0x80025e64
core   0: 0x800085c0 (0x00451e13) slli    t3, a0, 4
core   0: 3 0x800085c0 (0x00451e13) x28 0x00000000
core   0: 0x800085c4 (0x02f2fa63) bgeu    t0, a5, pc + 52
core   0: 3 0x800085c4 (0x02f2fa63)
core   0: 0x800085f8 (0x004a0a63) beq     s4, tp, pc + 20
core   0: 3 0x800085f8 (0x004a0a63)
core   0: 0x800085fc (0xcdadb813) sltiu   a6, s11, -806
core   0: 3 0x800085fc (0xcdadb813) x16 0x00000001
core   0: 0x80008600 (0x03d4b8b3) mulhu   a7, s1, t4
core   0: 3 0x80008600 (0x03d4b8b3) x17 0x00000000
core   0: 0x80008604 (0x011a4733) xor     a4, s4, a7
core   0: 3 0x80008604 (0x011a4733) x14 0x80029ce4
core   0: 0x80008608 (0x6bf50793) addi    a5, a0, 1727
core   0: 3 0x80008608 (0x6bf50793) x15 0x000006bf
core   0: 0x8000860c (0x016e5fb3) srl     t6, t3, s6
core   0: 3 0x8000860c (0x016e5fb3) x31 0x00000000
core   0: 0x80008610 (0x03b412b3) mulh    t0, s0, s11
core   0: 3 0x80008610 (0x03b412b3) x 5 0xffffffff
core   0: 0x80008614 (0x41fbd8b3) sra     a7, s7, t6
core   0: 3 0x80008614 (0x41fbd8b3) x17 0xb549147a
core   0: 0x80008618 (0x03b7c263) blt     a5, s11, pc + 36
core   0: 3 0x80008618 (0x03b7c263)
core   0: 0x8000861c (0xbc11bd13) sltiu   s10, gp, -1087
core   0: 3 0x8000861c (0xbc11bd13) x26 0x00000001
core   0: 0x80008620 (0x0187d463) bge     a5, s8, pc + 8
core   0: 3 0x80008620 (0x0187d463)
core   0: 0x80008628 (0x009c1f33) sll     t5, s8, s1
core   0: 3 0x80008628 (0x009c1f33) x30 0x80029ce4
core   0: 0x8000862c (0x01cad633) srl     a2, s5, t3
core   0: 3 0x8000862c (0x01cad633) x12 0x00000000
core   0: 0x80008630 (0x015b37b3) sltu    a5, s6, s5
core   0: 3 0x80008630 (0x015b37b3) x15 0x00000000
core   0: 0x80008634 (0x0256e8b3) rem     a7, a3, t0
core   0: 3 0x80008634 (0x0256e8b3) x17 0x00000000
core   0: 0x80008638 (0x014ce033) or      zero, s9, s4
core   0: 3 0x80008638 (0x014ce033)
core   0: 0x8000863c (0x02dceab3) rem     s5, s9, a3
core   0: 3 0x8000863c (0x02dceab3) x21 0x00000000
core   0: 0x80008640 (0x023f8c33) mul     s8, t6, gp
core   0: 3 0x80008640 (0x023f8c33) x24 0x00000000
core   0: 0x80008644 (0x5ee30e97) auipc   t4, 0x5ee30
core   0: 3 0x80008644 (0x5ee30e97) x29 0xdee38644
core   0: 0x80008648 (0x4057df13) srai    t5, a5, 5
core   0: 3 0x80008648 (0x4057df13) x30 0x00000000
core   0: 0x8000864c (0x0057e033) or      zero, a5, t0
core   0: 3 0x8000864c (0x0057e033)
core   0: 0x80008650 (0x75378613) addi    a2, a5, 1875
core   0: 3 0x80008650 (0x75378613) x12 0x00000753
core   0: 0x80008654 (0x042e8663) beq     t4, sp, pc + 76
core   0: 3 0x80008654 (0x042e8663)
core   0: 0x80008658 (0x02911263) bne     sp, s1, pc + 36
core   0: 3 0x80008658 (0x02911263)
core   0: 0x8000867c (0x00278433) add     s0, a5, sp
core   0: 3 0x8000867c (0x00278433) x 8 0x80025e64
core   0: 0x80008680 (0x01981533) sll     a0, a6, s9
core   0: 3 0x80008680 (0x01981533) x10 0x00000001
core   0: 0x80008684 (0xec1f2713) slti    a4, t5, -319
core   0: 3 0x80008684 (0xec1f2713) x14 0x00000000
core   0: 0x80008688 (0x00bf1f13) slli    t5, t5, 11
core   0: 3 0x80008688 (0x00bf1f13) x30 0x00000000
core   0: 0x8000868c (0x00ad4663) blt     s10, a0, pc + 12
core   0: 3 0x8000868c (0x00ad4663)
core   0: 0x80008690 (0x00cad533) srl     a0, s5, a2
core   0: 3 0x80008690 (0x00cad533) x10 0x00000000
core   0: 0x80008694 (0x025c5633) divu    a2, s8, t0
core   0: 3 0x80008694 (0x025c5633) x12 0x00000000
core   0: 0x80008698 (0x0051db33) srl     s6, gp, t0
core   0: 3 0x80008698 (0x0051db33) x22 0x00000000
core   0: 0x8000869c (0x0173c663) blt     t2, s7, pc + 12
core   0: 3 0x8000869c (0x0173c663)
core   0: 0x800086a0 (0x03b88e33) mul     t3, a7, s11
core   0: 3 0x800086a0 (0x03b88e33) x28 0x00000000
core   0: 0x800086a4 (0x0375d533) divu    a0, a1, s7
core   0: 3 0x800086a4 (0x0375d533) x10 0x00000000
core   0: 0x800086a8 (0x03879263) bne     a5, s8, pc + 36
core   0: 3 0x800086a8 (0x03879263)
core   0: 0x800086ac (0x21840193) addi    gp, s0, 536
core   0: 3 0x800086ac (0x21840193) x 3 0x8002607c
core   0: 0x800086b0 (0x02991433) mulh    s0, s2, s1
core   0: 3 0x800086b0 (0x02991433) x 8 0x00000000
core   0: 0x800086b4 (0x05358063) beq     a1, s3, pc + 64
core   0: 3 0x800086b4 (0x05358063)
core   0: 0x800086b8 (0xc549b0b7) lui     ra, 0xc549b
core   0: 3 0x800086b8 (0xc549b0b7) x 1 0xc549b000
core   0: 0x800086bc (0x01ba2db3) slt     s11, s4, s11
core   0: 3 0x800086bc (0x01ba2db3) x27 0x00000001
core   0: 0x800086c0 (0xb5d36f13) ori     t5, t1, -1187
core   0: 3 0x800086c0 (0xb5d36f13) x30 0xfffffb5d
core   0: 0x800086c4 (0x0061c3b3) xor     t2, gp, t1
core   0: 3 0x800086c4 (0x0061c3b3) x 7 0x7ffd9a20
core   0: 0x800086c8 (0x01d3e9b3) or      s3, t2, t4
core   0: 3 0x800086c8 (0x01d3e9b3) x19 0xffff9e64
core   0: 0x800086cc (0x03f30eb3) mul     t4, t1, t6
core   0: 3 0x800086cc (0x03f30eb3) x29 0x00000000
core   0: 0x800086d0 (0x0ec1c013) xori    zero, gp, 236
core   0: 3 0x800086d0 (0x0ec1c013)
core   0: 0x800086d4 (0x4099d9b3) sra     s3, s3, s1
core   0: 3 0x800086d4 (0x4099d9b3) x19 0xffff9e64
core   0: 0x800086d8 (0x40c68eb3) sub     t4, a3, a2
core   0: 3 0x800086d8 (0x40c68eb3) x29 0x00000000
core   0: 0x800086dc (0x04e66863) bltu    a2, a4, pc + 80
core   0: 3 0x800086dc (0x04e66863)
core   0: 0x800086e0 (0x03c89263) bne     a7, t3, pc + 36
core   0: 3 0x800086e0 (0x03c89263)
core   0: 0x800086e4 (0x039b4a63) blt     s6, s9, pc + 52
core   0: 3 0x800086e4 (0x039b4a63)
core   0: 0x800086e8 (0x0290c8b3) div     a7, ra, s1
core   0: 3 0x800086e8 (0x0290c8b3) x17 0xffffffff
core   0: 0x800086ec (0x035a3833) mulhu   a6, s4, s5
core   0: 3 0x800086ec (0x035a3833) x16 0x00000000
core   0: 0x800086f0 (0x3f936037) lui     zero, 0x3f936
core   0: 3 0x800086f0 (0x3f936037)
core   0: 0x800086f4 (0x40f65833) sra     a6, a2, a5
core   0: 3 0x800086f4 (0x40f65833) x16 0x00000000
core   0: 0x800086f8 (0x00a49b33) sll     s6, s1, a0
core   0: 3 0x800086f8 (0x00a49b33) x22 0x00000000
core   0: 0x800086fc (0xd45d3c93) sltiu   s9, s10, -699
core   0: 3 0x800086fc (0xd45d3c93) x25 0x00000001
core   0: 0x80008700 (0x0134ee63) bltu    s1, s3, pc + 28
core   0: 3 0x80008700 (0x0134ee63)
core   0: 0x8000871c (0x5d1a3713) sltiu   a4, s4, 1489
core   0: 3 0x8000871c (0x5d1a3713) x14 0x00000000
core   0: 0x80008720 (0x4135d413) srai    s0, a1, 19
core   0: 3 0x80008720 (0x4135d413) x 8 0x00000000
core   0: 0x80008724 (0x40b95293) srai    t0, s2, 11
core   0: 3 0x80008724 (0x40b95293) x 5 0xfff0004b
core   0: 0x80008728 (0x027fcdb3) div     s11, t6, t2
core   0: 3 0x80008728 (0x027fcdb3) x27 0x00000000
core   0: 0x8000872c (0xe27da513) slti    a0, s11, -473
core   0: 3 0x8000872c (0xe27da513) x10 0x00000000
core   0: 0x80008730 (0x01a794b3) sll     s1, a5, s10
core   0: 3 0x80008730 (0x01a794b3) x 9 0x00000000
core   0: 0x80008734 (0x026e2733) mulhsu  a4, t3, t1
core   0: 3 0x80008734 (0x026e2733) x14 0x00000000
core   0: 0x80008738 (0x03ddd2b3) divu    t0, s11, t4
core   0: 3 0x80008738 (0x03ddd2b3) x 5 0xffffffff
core   0: 0x8000873c (0x9f4f3393) sltiu   t2, t5, -1548
core   0: 3 0x8000873c (0x9f4f3393) x 7 0x00000000
core   0: 0x80008740 (0x00c8ee33) or      t3, a7, a2
core   0: 3 0x80008740 (0x00c8ee33) x28 0xffffffff
core   0: 0x80008744 (0x012fe263) bltu    t6, s2, pc + 4
core   0: 3 0x80008744 (0x012fe263)
core   0: 0x80008748 (0x025680b3) mul     ra, a3, t0
core   0: 3 0x80008748 (0x025680b3) x 1 0x00000000
core   0: 0x8000874c (0x0acab1b7) lui     gp, 0xacab
core   0: 3 0x8000874c (0x0acab1b7) x 3 0x0acab000
core   0: 0x80008750 (0x03b04263) blt     zero, s11, pc + 36
core   0: 3 0x80008750 (0x03b04263)
core   0: 0x80008754 (0x02f68c33) mul     s8, a3, a5
core   0: 3 0x80008754 (0x02f68c33) x24 0x00000000
core   0: 0x80008758 (0x41cad4b3) sra     s1, s5, t3
core   0: 3 0x80008758 (0x41cad4b3) x 9 0x00000000
core   0: 0x8000875c (0x40ac5333) sra     t1, s8, a0
core   0: 3 0x8000875c (0x40ac5333) x 6 0x00000000
core   0: 0x80008760 (0x03d37a63) bgeu    t1, t4, pc + 52
core   0: 3 0x80008760 (0x03d37a63)
core   0: 0x80008794 (0x85543813) sltiu   a6, s0, -1963
core   0: 3 0x80008794 (0x85543813) x16 0x00000001
core   0: 0x80008798 (0x011adc33) srl     s8, s5, a7
core   0: 3 0x80008798 (0x011adc33) x24 0x00000000
core   0: 0x8000879c (0x001bf863) bgeu    s7, ra, pc + 16
core   0: 3 0x8000879c (0x001bf863)
core   0: 0x800087ac (0x8c577897) auipc   a7, 0x8c577
core   0: 3 0x800087ac (0x8c577897) x17 0x0c57f7ac
core   0: 0x800087b0 (0x015b0f33) add     t5, s6, s5
core   0: 3 0x800087b0 (0x015b0f33) x30 0x00000000
core   0: 0x800087b4 (0xf1986597) auipc   a1, 0xf1986
core   0: 3 0x800087b4 (0xf1986597) x11 0x7198e7b4
core   0: 0x800087b8 (0x059c5663) bge     s8, s9, pc + 76
core   0: 3 0x800087b8 (0x059c5663)
core   0: 0x800087bc (0x00000013) nop
core   0: 3 0x800087bc (0x00000013)
core   0: 0x800087c0 (0x00000013) nop
core   0: 3 0x800087c0 (0x00000013)
core   0: 0x800087c4 (0x27197eb7) lui     t4, 0x27197
core   0: 3 0x800087c4 (0x27197eb7) x29 0x27197000
core   0: 0x800087c8 (0xba4e8793) addi    a5, t4, -1116
core   0: 3 0x800087c8 (0xba4e8793) x15 0x27196ba4
core   0: 0x800087cc (0x01c04a63) blt     zero, t3, pc + 20
core   0: 3 0x800087cc (0x01c04a63)
core   0: 0x800087d0 (0x53672993) slti    s3, a4, 1334
core   0: 3 0x800087d0 (0x53672993) x19 0x00000001
core   0: 0x800087d4 (0x0070fc63) bgeu    ra, t2, pc + 24
core   0: 3 0x800087d4 (0x0070fc63)
core   0: 0x800087ec (0x78fc7417) auipc   s0, 0x78fc7
core   0: 3 0x800087ec (0x78fc7417) x 8 0xf8fcf7ec
core   0: 0x800087f0 (0x00248833) add     a6, s1, sp
core   0: 3 0x800087f0 (0x00248833) x16 0x80025e64
core   0: 0x800087f4 (0xd2ac0a93) addi    s5, s8, -726
core   0: 3 0x800087f4 (0xd2ac0a93) x21 0xfffffd2a
core   0: 0x800087f8 (0x015e5913) srli    s2, t3, 21
core   0: 3 0x800087f8 (0x015e5913) x18 0x000007ff
core   0: 0x800087fc (0x05215263) bge     sp, s2, pc + 68
core   0: 3 0x800087fc (0x05215263)
core   0: 0x80008800 (0x029fb5b3) mulhu   a1, t6, s1
core   0: 3 0x80008800 (0x029fb5b3) x11 0x00000000
core   0: 0x80008804 (0x42d1d997) auipc   s3, 0x42d1d
core   0: 3 0x80008804 (0x42d1d997) x19 0xc2d25804
core   0: 0x80008808 (0x03c73db3) mulhu   s11, a4, t3
core   0: 3 0x80008808 (0x03c73db3) x27 0x00000000
core   0: 0x8000880c (0x035ce263) bltu    s9, s5, pc + 36
core   0: 3 0x8000880c (0x035ce263)
core   0: 0x80008830 (0x3947ef93) ori     t6, a5, 916
core   0: 3 0x80008830 (0x3947ef93) x31 0x27196bb4
core   0: 0x80008834 (0x038cfe63) bgeu    s9, s8, pc + 60
core   0: 3 0x80008834 (0x038cfe63)
core   0: 0x80008870 (0x00831233) sll     tp, t1, s0
core   0: 3 0x80008870 (0x00831233) x 4 0x00000000
core   0: 0x80008874 (0x03519f33) mulh    t5, gp, s5
core   0: 3 0x80008874 (0x03519f33) x30 0xffffffe1
core   0: 0x80008878 (0x00000b97) auipc   s7, 0x0
core   0: 3 0x80008878 (0x00000b97) x23 0x80008878
core   0: 0x8000887c (0x00cb8b93) addi    s7, s7, 12
core   0: 3 0x8000887c (0x00cb8b93) x23 0x80008884
core   0: 0x80008880 (0x000b8067) jr      s7
core   0: 3 0x80008880 (0x000b8067)
core   0: 0x80008884 (0x00100193) li      gp, 1
core   0: 3 0x80008884 (0x00100193) x 3 0x00000001
core   0: 0x80008888 (0x00000073) ecall
core   0: exception trap_machine_ecall, epc 0x80008888
core   0: >>>>  mtvec_handler
core   0: 0x8000df90 (0x0400006f) j       pc + 0x40
core   0: 3 0x8000df90 (0x0400006f)
core   0: 0x8000dfd0 (0xffca0a13) addi    s4, s4, -4
core   0: 3 0x8000dfd0 (0xffca0a13) x20 0x80029ce0
core   0: 0x8000dfd4 (0x002a2023) sw      sp, 0(s4)
core   0: 3 0x8000dfd4 (0x002a2023) mem 0x80029ce0 0x80025e64
core   0: 0x8000dfd8 (0x000a0133) add     sp, s4, zero
core   0: 3 0x8000dfd8 (0x000a0133) x 2 0x80029ce0
core   0: 0x8000dfdc (0xf8010113) addi    sp, sp, -128
core   0: 3 0x8000dfdc (0xf8010113) x 2 0x80029c60
core   0: 0x8000dfe0 (0x00112223) sw      ra, 4(sp)
core   0: 3 0x8000dfe0 (0x00112223) mem 0x80029c64 0x00000000
core   0: 0x8000dfe4 (0x00212423) sw      sp, 8(sp)
core   0: 3 0x8000dfe4 (0x00212423) mem 0x80029c68 0x80029c60
core   0: 0x8000dfe8 (0x00312623) sw      gp, 12(sp)
core   0: 3 0x8000dfe8 (0x00312623) mem 0x80029c6c 0x00000001
core   0: 0x8000dfec (0x00412823) sw      tp, 16(sp)
core   0: 3 0x8000dfec (0x00412823) mem 0x80029c70 0x00000000
core   0: 0x8000dff0 (0x00512a23) sw      t0, 20(sp)
core   0: 3 0x8000dff0 (0x00512a23) mem 0x80029c74 0xffffffff
core   0: 0x8000dff4 (0x00612c23) sw      t1, 24(sp)
core   0: 3 0x8000dff4 (0x00612c23) mem 0x80029c78 0x00000000
core   0: 0x8000dff8 (0x00712e23) sw      t2, 28(sp)
core   0: 3 0x8000dff8 (0x00712e23) mem 0x80029c7c 0x00000000
core   0: 0x8000dffc (0x02812023) sw      s0, 32(sp)
core   0: 3 0x8000dffc (0x02812023) mem 0x80029c80 0xf8fcf7ec
core   0: 0x8000e000 (0x02912223) sw      s1, 36(sp)
core   0: 3 0x8000e000 (0x02912223) mem 0x80029c84 0x00000000
core   0: 0x8000e004 (0x02a12423) sw      a0, 40(sp)
core   0: 3 0x8000e004 (0x02a12423) mem 0x80029c88 0x00000000
core   0: 0x8000e008 (0x02b12623) sw      a1, 44(sp)
core   0: 3 0x8000e008 (0x02b12623) mem 0x80029c8c 0x00000000
core   0: 0x8000e00c (0x02c12823) sw      a2, 48(sp)
core   0: 3 0x8000e00c (0x02c12823) mem 0x80029c90 0x00000000
core   0: 0x8000e010 (0x02d12a23) sw      a3, 52(sp)
core   0: 3 0x8000e010 (0x02d12a23) mem 0x80029c94 0x00000000
core   0: 0x8000e014 (0x02e12c23) sw      a4, 56(sp)
core   0: 3 0x8000e014 (0x02e12c23) mem 0x80029c98 0x00000000
core   0: 0x8000e018 (0x02f12e23) sw      a5, 60(sp)
core   0: 3 0x8000e018 (0x02f12e23) mem 0x80029c9c 0x27196ba4
core   0: 0x8000e01c (0x05012023) sw      a6, 64(sp)
core   0: 3 0x8000e01c (0x05012023) mem 0x80029ca0 0x80025e64
core   0: 0x8000e020 (0x05112223) sw      a7, 68(sp)
core   0: 3 0x8000e020 (0x05112223) mem 0x80029ca4 0x0c57f7ac
core   0: 0x8000e024 (0x05212423) sw      s2, 72(sp)
core   0: 3 0x8000e024 (0x05212423) mem 0x80029ca8 0x000007ff
core   0: 0x8000e028 (0x05312623) sw      s3, 76(sp)
core   0: 3 0x8000e028 (0x05312623) mem 0x80029cac 0xc2d25804
core   0: 0x8000e02c (0x05412823) sw      s4, 80(sp)
core   0: 3 0x8000e02c (0x05412823) mem 0x80029cb0 0x80029ce0
core   0: 0x8000e030 (0x05512a23) sw      s5, 84(sp)
core   0: 3 0x8000e030 (0x05512a23) mem 0x80029cb4 0xfffffd2a
core   0: 0x8000e034 (0x05612c23) sw      s6, 88(sp)
core   0: 3 0x8000e034 (0x05612c23) mem 0x80029cb8 0x00000000
core   0: 0x8000e038 (0x05712e23) sw      s7, 92(sp)
core   0: 3 0x8000e038 (0x05712e23) mem 0x80029cbc 0x80008884
core   0: 0x8000e03c (0x07812023) sw      s8, 96(sp)
core   0: 3 0x8000e03c (0x07812023) mem 0x80029cc0 0x00000000
core   0: 0x8000e040 (0x07912223) sw      s9, 100(sp)
core   0: 3 0x8000e040 (0x07912223) mem 0x80029cc4 0x00000001
core   0: 0x8000e044 (0x07a12423) sw      s10, 104(sp)
core   0: 3 0x8000e044 (0x07a12423) mem 0x80029cc8 0x00000001
core   0: 0x8000e048 (0x07b12623) sw      s11, 108(sp)
core   0: 3 0x8000e048 (0x07b12623) mem 0x80029ccc 0x00000000
core   0: 0x8000e04c (0x07c12823) sw      t3, 112(sp)
core   0: 3 0x8000e04c (0x07c12823) mem 0x80029cd0 0xffffffff
core   0: 0x8000e050 (0x07d12a23) sw      t4, 116(sp)
core   0: 3 0x8000e050 (0x07d12a23) mem 0x80029cd4 0x27197000
core   0: 0x8000e054 (0x07e12c23) sw      t5, 120(sp)
core   0: 3 0x8000e054 (0x07e12c23) mem 0x80029cd8 0xffffffe1
core   0: 0x8000e058 (0x07f12e23) sw      t6, 124(sp)
core   0: 3 0x8000e058 (0x07f12e23) mem 0x80029cdc 0x27196bb4
core   0: 0x8000e05c (0x00010a33) add     s4, sp, zero
core   0: 3 0x8000e05c (0x00010a33) x20 0x80029c60
core   0: 0x8000e060 (0x34102ff3) csrr    t6, mepc
core   0: 3 0x8000e060 (0x34102ff3) x31 0x80008888
core   0: 0x8000e064 (0x34202ff3) csrr    t6, mcause
core   0: 3 0x8000e064 (0x34202ff3) x31 0x0000000b
core   0: 0x8000e068 (0x00300a93) li      s5, 3
core   0: 3 0x8000e068 (0x00300a93) x21 0x00000003
core   0: 0x8000e06c (0x2b5f8a63) beq     t6, s5, pc + 692
core   0: 3 0x8000e06c (0x2b5f8a63)
core   0: 0x8000e070 (0x00800a93) li      s5, 8
core   0: 3 0x8000e070 (0x00800a93) x21 0x00000008
core   0: 0x8000e074 (0x055f8e63) beq     t6, s5, pc + 92
core   0: 3 0x8000e074 (0x055f8e63)
core   0: 0x8000e078 (0x00900a93) li      s5, 9
core   0: 3 0x8000e078 (0x00900a93) x21 0x00000009
core   0: 0x8000e07c (0x055f8a63) beq     t6, s5, pc + 84
core   0: 3 0x8000e07c (0x055f8a63)
core   0: 0x8000e080 (0x00b00a93) li      s5, 11
core   0: 3 0x8000e080 (0x00b00a93) x21 0x0000000b
core   0: 0x8000e084 (0x055f8663) beq     t6, s5, pc + 76
core   0: 3 0x8000e084 (0x055f8663)
core   0: 0x8000e0d0 (0xffff2f97) auipc   t6, 0xffff2
core   0: 3 0x8000e0d0 (0xffff2f97) x31 0x800000d0
core   0: 0x8000e0d4 (0xf30f8f93) addi    t6, t6, -208
core   0: 3 0x8000e0d4 (0xf30f8f93) x31 0x80000000
core   0: 0x8000e0d8 (0x000fa023) sw      zero, 0(t6)
core   0: 3 0x8000e0d8 (0x000fa023) mem 0x80000000 0x00000000
core   0: 0x8000e0dc (0x001fa223) sw      ra, 4(t6)
core   0: 3 0x8000e0dc (0x001fa223) mem 0x80000004 0x00000000
core   0: 0x8000e0e0 (0x002fa423) sw      sp, 8(t6)
core   0: 3 0x8000e0e0 (0x002fa423) mem 0x80000008 0x80029c60
core   0: 0x8000e0e4 (0x003fa623) sw      gp, 12(t6)
core   0: 3 0x8000e0e4 (0x003fa623) mem 0x8000000c 0x00000001
core   0: 0x8000e0e8 (0x004fa823) sw      tp, 16(t6)
core   0: 3 0x8000e0e8 (0x004fa823) mem 0x80000010 0x00000000
core   0: 0x8000e0ec (0x005faa23) sw      t0, 20(t6)
core   0: 3 0x8000e0ec (0x005faa23) mem 0x80000014 0xffffffff
core   0: 0x8000e0f0 (0x006fac23) sw      t1, 24(t6)
core   0: 3 0x8000e0f0 (0x006fac23) mem 0x80000018 0x00000000
core   0: 0x8000e0f4 (0x007fae23) sw      t2, 28(t6)
core   0: 3 0x8000e0f4 (0x007fae23) mem 0x8000001c 0x00000000
core   0: 0x8000e0f8 (0x028fa023) sw      s0, 32(t6)
core   0: 3 0x8000e0f8 (0x028fa023) mem 0x80000020 0xf8fcf7ec
core   0: 0x8000e0fc (0x029fa223) sw      s1, 36(t6)
core   0: 3 0x8000e0fc (0x029fa223) mem 0x80000024 0x00000000
core   0: 0x8000e100 (0x02afa423) sw      a0, 40(t6)
core   0: 3 0x8000e100 (0x02afa423) mem 0x80000028 0x00000000
core   0: 0x8000e104 (0x02bfa623) sw      a1, 44(t6)
core   0: 3 0x8000e104 (0x02bfa623) mem 0x8000002c 0x00000000
core   0: 0x8000e108 (0x02cfa823) sw      a2, 48(t6)
core   0: 3 0x8000e108 (0x02cfa823) mem 0x80000030 0x00000000
core   0: 0x8000e10c (0x02dfaa23) sw      a3, 52(t6)
core   0: 3 0x8000e10c (0x02dfaa23) mem 0x80000034 0x00000000
core   0: 0x8000e110 (0x02efac23) sw      a4, 56(t6)
core   0: 3 0x8000e110 (0x02efac23) mem 0x80000038 0x00000000
core   0: 0x8000e114 (0x02ffae23) sw      a5, 60(t6)
core   0: 3 0x8000e114 (0x02ffae23) mem 0x8000003c 0x27196ba4
core   0: 0x8000e118 (0x050fa023) sw      a6, 64(t6)
core   0: 3 0x8000e118 (0x050fa023) mem 0x80000040 0x80025e64
core   0: 0x8000e11c (0x051fa223) sw      a7, 68(t6)
core   0: 3 0x8000e11c (0x051fa223) mem 0x80000044 0x0c57f7ac
core   0: 0x8000e120 (0x052fa423) sw      s2, 72(t6)
core   0: 3 0x8000e120 (0x052fa423) mem 0x80000048 0x000007ff
core   0: 0x8000e124 (0x053fa623) sw      s3, 76(t6)
core   0: 3 0x8000e124 (0x053fa623) mem 0x8000004c 0xc2d25804
core   0: 0x8000e128 (0x054fa823) sw      s4, 80(t6)
core   0: 3 0x8000e128 (0x054fa823) mem 0x80000050 0x80029c60
core   0: 0x8000e12c (0x055faa23) sw      s5, 84(t6)
core   0: 3 0x8000e12c (0x055faa23) mem 0x80000054 0x0000000b
core   0: 0x8000e130 (0x056fac23) sw      s6, 88(t6)
core   0: 3 0x8000e130 (0x056fac23) mem 0x80000058 0x00000000
core   0: 0x8000e134 (0x057fae23) sw      s7, 92(t6)
core   0: 3 0x8000e134 (0x057fae23) mem 0x8000005c 0x80008884
core   0: 0x8000e138 (0x078fa023) sw      s8, 96(t6)
core   0: 3 0x8000e138 (0x078fa023) mem 0x80000060 0x00000000
core   0: 0x8000e13c (0x079fa223) sw      s9, 100(t6)
core   0: 3 0x8000e13c (0x079fa223) mem 0x80000064 0x00000001
core   0: 0x8000e140 (0x07afa423) sw      s10, 104(t6)
core   0: 3 0x8000e140 (0x07afa423) mem 0x80000068 0x00000001
core   0: 0x8000e144 (0x07bfa623) sw      s11, 108(t6)
core   0: 3 0x8000e144 (0x07bfa623) mem 0x8000006c 0x00000000
core   0: 0x8000e148 (0x07cfa823) sw      t3, 112(t6)
core   0: 3 0x8000e148 (0x07cfa823) mem 0x80000070 0xffffffff
core   0: 0x8000e14c (0x07dfaa23) sw      t4, 116(t6)
core   0: 3 0x8000e14c (0x07dfaa23) mem 0x80000074 0x27197000
core   0: 0x8000e150 (0x07efac23) sw      t5, 120(t6)
core   0: 3 0x8000e150 (0x07efac23) mem 0x80000078 0xffffffe1
core   0: 0x8000e154 (0x07ffae23) sw      t6, 124(t6)
core   0: 3 0x8000e154 (0x07ffae23) mem 0x8000007c 0x80000000
core   0: 0x8000e158 (0xfffffb97) auipc   s7, 0xfffff
core   0: 3 0x8000e158 (0xfffffb97) x23 0x8000d158
core   0: 0x8000e15c (0x40cb8b93) addi    s7, s7, 1036
core   0: 3 0x8000e15c (0x40cb8b93) x23 0x8000d564
core   0: 0x8000e160 (0x000b8067) jr      s7
core   0: 3 0x8000e160 (0x000b8067)
core   0: 0x8000d564 (0x00003f17) auipc   t5, 0x3
core   0: 3 0x8000d564 (0x00003f17) x30 0x80010564
core   0: 0x8000d568 (0xa83f2e23) sw      gp, -1380(t5)
core   0: 3 0x8000d568 (0xa83f2e23) mem 0x80010000 0x00000001
core   0: 0x8000d56c (0xff9ff06f) j       pc - 0x8
core   0: 3 0x8000d56c (0xff9ff06f)
core   0: 0x8000d564 (0x00003f17) auipc   t5, 0x3
core   0: 3 0x8000d564 (0x00003f17) x30 0x80010564
core   0: 0x8000d568 (0xa83f2e23) sw      gp, -1380(t5)
core   0: 3 0x8000d568 (0xa83f2e23) mem 0x80010000 0x00000001
core   0: 0x8000d56c (0xff9ff06f) j       pc - 0x8
core   0: 3 0x8000d56c (0xff9ff06f)
core   0: 0x8000d564 (0x00003f17) auipc   t5, 0x3
core   0: 3 0x8000d564 (0x00003f17) x30 0x80010564
core   0: 0x8000d568 (0xa83f2e23) sw      gp, -1380(t5)
core   0: 3 0x8000d568 (0xa83f2e23) mem 0x80010000 0x00000001
core   0: 0x8000d56c (0xff9ff06f) j       pc - 0x8
core   0: 3 0x8000d56c (0xff9ff06f)
core   0: 0x8000d564 (0x00003f17) auipc   t5, 0x3
core   0: 3 0x8000d564 (0x00003f17) x30 0x80010564
core   0: 0x8000d568 (0xa83f2e23) sw      gp, -1380(t5)
core   0: 3 0x8000d568 (0xa83f2e23) mem 0x80010000 0x00000001
core   0: 0x8000d56c (0xff9ff06f) j       pc - 0x8
core   0: 3 0x8000d56c (0xff9ff06f)
core   0: 0x8000d564 (0x00003f17) auipc   t5, 0x3
core   0: 3 0x8000d564 (0x00003f17) x30 0x80010564
core   0: 0x8000d568 (0xa83f2e23) sw      gp, -1380(t5)
core   0: 3 0x8000d568 (0xa83f2e23) mem 0x80010000 0x00000001
core   0: 0x8000d56c (0xff9ff06f) j       pc - 0x8
core   0: 3 0x8000d56c (0xff9ff06f)
core   0: 0x8000d564 (0x00003f17) auipc   t5, 0x3
core   0: 3 0x8000d564 (0x00003f17) x30 0x80010564
core   0: 0x8000d568 (0xa83f2e23) sw      gp, -1380(t5)
core   0: 3 0x8000d568 (0xa83f2e23) mem 0x80010000 0x00000001
core   0: 0x8000d56c (0xff9ff06f) j       pc - 0x8
core   0: 3 0x8000d56c (0xff9ff06f)
core   0: 0x8000d564 (0x00003f17) auipc   t5, 0x3
core   0: 3 0x8000d564 (0x00003f17) x30 0x80010564
core   0: 0x8000d568 (0xa83f2e23) sw      gp, -1380(t5)
core   0: 3 0x8000d568 (0xa83f2e23) mem 0x80010000 0x00000001
core   0: 0x8000d56c (0xff9ff06f) j       pc - 0x8
core   0: 3 0x8000d56c (0xff9ff06f)
core   0: 0x8000d564 (0x00003f17) auipc   t5, 0x3
core   0: 3 0x8000d564 (0x00003f17) x30 0x80010564
core   0: 0x8000d568 (0xa83f2e23) sw      gp, -1380(t5)
core   0: 3 0x8000d568 (0xa83f2e23) mem 0x80010000 0x00000001
core   0: 0x8000d56c (0xff9ff06f) j       pc - 0x8
core   0: 3 0x8000d56c (0xff9ff06f)
core   0: 0x8000d564 (0x00003f17) auipc   t5, 0x3
core   0: 3 0x8000d564 (0x00003f17) x30 0x80010564
core   0: 0x8000d568 (0xa83f2e23) sw      gp, -1380(t5)
core   0: 3 0x8000d568 (0xa83f2e23) mem 0x80010000 0x00000001
core   0: 0x8000d56c (0xff9ff06f) j       pc - 0x8
core   0: 3 0x8000d56c (0xff9ff06f)
core   0: 0x8000d564 (0x00003f17) auipc   t5, 0x3
core   0: 3 0x8000d564 (0x00003f17) x30 0x80010564
core   0: 0x8000d568 (0xa83f2e23) sw      gp, -1380(t5)
core   0: 3 0x8000d568 (0xa83f2e23) mem 0x80010000 0x00000001
core   0: 0x8000d56c (0xff9ff06f) j       pc - 0x8
core   0: 3 0x8000d56c (0xff9ff06f)
core   0: 0x8000d564 (0x00003f17) auipc   t5, 0x3
core   0: 3 0x8000d564 (0x00003f17) x30 0x80010564
core   0: 0x8000d568 (0xa83f2e23) sw      gp, -1380(t5)
core   0: 3 0x8000d568 (0xa83f2e23) mem 0x80010000 0x00000001
core   0: 0x8000d56c (0xff9ff06f) j       pc - 0x8
core   0: 3 0x8000d56c (0xff9ff06f)
core   0: 0x8000d564 (0x00003f17) auipc   t5, 0x3
core   0: 3 0x8000d564 (0x00003f17) x30 0x80010564
core   0: 0x8000d568 (0xa83f2e23) sw      gp, -1380(t5)
core   0: 3 0x8000d568 (0xa83f2e23) mem 0x80010000 0x00000001
core   0: 0x8000d56c (0xff9ff06f) j       pc - 0x8
core   0: 3 0x8000d56c (0xff9ff06f)
core   0: 0x8000d564 (0x00003f17) auipc   t5, 0x3
core   0: 3 0x8000d564 (0x00003f17) x30 0x80010564
core   0: 0x8000d568 (0xa83f2e23) sw      gp, -1380(t5)
core   0: 3 0x8000d568 (0xa83f2e23) mem 0x80010000 0x00000001
core   0: 0x8000d56c (0xff9ff06f) j       pc - 0x8
core   0: 3 0x8000d56c (0xff9ff06f)
core   0: 0x8000d564 (0x00003f17) auipc   t5, 0x3
core   0: 3 0x8000d564 (0x00003f17) x30 0x80010564
core   0: 0x8000d568 (0xa83f2e23) sw      gp, -1380(t5)
core   0: 3 0x8000d568 (0xa83f2e23) mem 0x80010000 0x00000001
core   0: 0x8000d56c (0xff9ff06f) j       pc - 0x8
core   0: 3 0x8000d56c (0xff9ff06f)
core   0: 0x8000d564 (0x00003f17) auipc   t5, 0x3
core   0: 3 0x8000d564 (0x00003f17) x30 0x80010564
core   0: 0x8000d568 (0xa83f2e23) sw      gp, -1380(t5)
core   0: 3 0x8000d568 (0xa83f2e23) mem 0x80010000 0x00000001
core   0: 0x8000d56c (0xff9ff06f) j       pc - 0x8
core   0: 3 0x8000d56c (0xff9ff06f)
core   0: 0x8000d564 (0x00003f17) auipc   t5, 0x3
core   0: 3 0x8000d564 (0x00003f17) x30 0x80010564
core   0: 0x8000d568 (0xa83f2e23) sw      gp, -1380(t5)
core   0: 3 0x8000d568 (0xa83f2e23) mem 0x80010000 0x00000001
core   0: 0x8000d56c (0xff9ff06f) j       pc - 0x8
core   0: 3 0x8000d56c (0xff9ff06f)
core   0: 0x8000d564 (0x00003f17) auipc   t5, 0x3
core   0: 3 0x8000d564 (0x00003f17) x30 0x80010564
core   0: 0x8000d568 (0xa83f2e23) sw      gp, -1380(t5)
core   0: 3 0x8000d568 (0xa83f2e23) mem 0x80010000 0x00000001
core   0: 0x8000d56c (0xff9ff06f) j       pc - 0x8
core   0: 3 0x8000d56c (0xff9ff06f)
core   0: 0x8000d564 (0x00003f17) auipc   t5, 0x3
core   0: 3 0x8000d564 (0x00003f17) x30 0x80010564
core   0: 0x8000d568 (0xa83f2e23) sw      gp, -1380(t5)
core   0: 3 0x8000d568 (0xa83f2e23) mem 0x80010000 0x00000001
core   0: 0x8000d56c (0xff9ff06f) j       pc - 0x8
core   0: 3 0x8000d56c (0xff9ff06f)
core   0: 0x8000d564 (0x00003f17) auipc   t5, 0x3
core   0: 3 0x8000d564 (0x00003f17) x30 0x80010564
core   0: 0x8000d568 (0xa83f2e23) sw      gp, -1380(t5)
core   0: 3 0x8000d568 (0xa83f2e23) mem 0x80010000 0x00000001
core   0: 0x8000d56c (0xff9ff06f) j       pc - 0x8
core   0: 3 0x8000d56c (0xff9ff06f)
core   0: 0x8000d564 (0x00003f17) auipc   t5, 0x3
core   0: 3 0x8000d564 (0x00003f17) x30 0x80010564
core   0: 0x8000d568 (0xa83f2e23) sw      gp, -1380(t5)
core   0: 3 0x8000d568 (0xa83f2e23) mem 0x80010000 0x00000001
core   0: 0x8000d56c (0xff9ff06f) j       pc - 0x8
core   0: 3 0x8000d56c (0xff9ff06f)
core   0: 0x8000d564 (0x00003f17) auipc   t5, 0x3
core   0: 3 0x8000d564 (0x00003f17) x30 0x80010564
core   0: 0x8000d568 (0xa83f2e23) sw      gp, -1380(t5)
core   0: 3 0x8000d568 (0xa83f2e23) mem 0x80010000 0x00000001
core   0: 0x8000d56c (0xff9ff06f) j       pc - 0x8
core   0: 3 0x8000d56c (0xff9ff06f)
core   0: 0x8000d564 (0x00003f17) auipc   t5, 0x3
core   0: 3 0x8000d564 (0x00003f17) x30 0x80010564
core   0: 0x8000d568 (0xa83f2e23) sw      gp, -1380(t5)
core   0: 3 0x8000d568 (0xa83f2e23) mem 0x80010000 0x00000001
core   0: 0x8000d56c (0xff9ff06f) j       pc - 0x8
core   0: 3 0x8000d56c (0xff9ff06f)
core   0: 0x8000d564 (0x00003f17) auipc   t5, 0x3
core   0: 3 0x8000d564 (0x00003f17) x30 0x80010564
core   0: 0x8000d568 (0xa83f2e23) sw      gp, -1380(t5)
core   0: 3 0x8000d568 (0xa83f2e23) mem 0x80010000 0x00000001
core   0: 0x8000d56c (0xff9ff06f) j       pc - 0x8
core   0: 3 0x8000d56c (0xff9ff06f)
core   0: 0x8000d564 (0x00003f17) auipc   t5, 0x3
core   0: 3 0x8000d564 (0x00003f17) x30 0x80010564
core   0: 0x8000d568 (0xa83f2e23) sw      gp, -1380(t5)
core   0: 3 0x8000d568 (0xa83f2e23) mem 0x80010000 0x00000001
core   0: 0x8000d56c (0xff9ff06f) j       pc - 0x8
core   0: 3 0x8000d56c (0xff9ff06f)
core   0: 0x8000d564 (0x00003f17) auipc   t5, 0x3
core   0: 3 0x8000d564 (0x00003f17) x30 0x80010564
core   0: 0x8000d568 (0xa83f2e23) sw      gp, -1380(t5)
core   0: 3 0x8000d568 (0xa83f2e23) mem 0x80010000 0x00000001
core   0: 0x8000d56c (0xff9ff06f) j       pc - 0x8
core   0: 3 0x8000d56c (0xff9ff06f)
core   0: 0x8000d564 (0x00003f17) auipc   t5, 0x3
core   0: 3 0x8000d564 (0x00003f17) x30 0x80010564
core   0: 0x8000d568 (0xa83f2e23) sw      gp, -1380(t5)
core   0: 3 0x8000d568 (0xa83f2e23) mem 0x80010000 0x00000001
core   0: 0x8000d56c (0xff9ff06f) j       pc - 0x8
core   0: 3 0x8000d56c (0xff9ff06f)
core   0: 0x8000d564 (0x00003f17) auipc   t5, 0x3
core   0: 3 0x8000d564 (0x00003f17) x30 0x80010564
core   0: 0x8000d568 (0xa83f2e23) sw      gp, -1380(t5)
core   0: 3 0x8000d568 (0xa83f2e23) mem 0x80010000 0x00000001
core   0: 0x8000d56c (0xff9ff06f) j       pc - 0x8
core   0: 3 0x8000d56c (0xff9ff06f)
core   0: 0x8000d564 (0x00003f17) auipc   t5, 0x3
core   0: 3 0x8000d564 (0x00003f17) x30 0x80010564
core   0: 0x8000d568 (0xa83f2e23) sw      gp, -1380(t5)
core   0: 3 0x8000d568 (0xa83f2e23) mem 0x80010000 0x00000001
core   0: 0x8000d56c (0xff9ff06f) j       pc - 0x8
core   0: 3 0x8000d56c (0xff9ff06f)
core   0: 0x8000d564 (0x00003f17) auipc   t5, 0x3
core   0: 3 0x8000d564 (0x00003f17) x30 0x80010564
core   0: 0x8000d568 (0xa83f2e23) sw      gp, -1380(t5)
core   0: 3 0x8000d568 (0xa83f2e23) mem 0x80010000 0x00000001
core   0: 0x8000d56c (0xff9ff06f) j       pc - 0x8
core   0: 3 0x8000d56c (0xff9ff06f)
core   0: 0x8000d564 (0x00003f17) auipc   t5, 0x3
core   0: 3 0x8000d564 (0x00003f17) x30 0x80010564
core   0: 0x8000d568 (0xa83f2e23) sw      gp, -1380(t5)
core   0: 3 0x8000d568 (0xa83f2e23) mem 0x80010000 0x00000001
core   0: 0x8000d56c (0xff9ff06f) j       pc - 0x8
core   0: 3 0x8000d56c (0xff9ff06f)
core   0: 0x8000d564 (0x00003f17) auipc   t5, 0x3
core   0: 3 0x8000d564 (0x00003f17) x30 0x80010564
core   0: 0x8000d568 (0xa83f2e23) sw      gp, -1380(t5)
core   0: 3 0x8000d568 (0xa83f2e23) mem 0x80010000 0x00000001
core   0: 0x8000d56c (0xff9ff06f) j       pc - 0x8
core   0: 3 0x8000d56c (0xff9ff06f)
core   0: 0x8000d564 (0x00003f17) auipc   t5, 0x3
core   0: 3 0x8000d564 (0x00003f17) x30 0x80010564
core   0: 0x8000d568 (0xa83f2e23) sw      gp, -1380(t5)
core   0: 3 0x8000d568 (0xa83f2e23) mem 0x80010000 0x00000001
core   0: 0x8000d56c (0xff9ff06f) j       pc - 0x8
core   0: 3 0x8000d56c (0xff9ff06f)
core   0: 0x8000d564 (0x00003f17) auipc   t5, 0x3
core   0: 3 0x8000d564 (0x00003f17) x30 0x80010564
core   0: 0x8000d568 (0xa83f2e23) sw      gp, -1380(t5)
core   0: 3 0x8000d568 (0xa83f2e23) mem 0x80010000 0x00000001
core   0: 0x8000d56c (0xff9ff06f) j       pc - 0x8
core   0: 3 0x8000d56c (0xff9ff06f)
core   0: 0x8000d564 (0x00003f17) auipc   t5, 0x3
core   0: 3 0x8000d564 (0x00003f17) x30 0x80010564
core   0: 0x8000d568 (0xa83f2e23) sw      gp, -1380(t5)
core   0: 3 0x8000d568 (0xa83f2e23) mem 0x80010000 0x00000001
core   0: 0x8000d56c (0xff9ff06f) j       pc - 0x8
core   0: 3 0x8000d56c (0xff9ff06f)
core   0: 0x8000d564 (0x00003f17) auipc   t5, 0x3
core   0: 3 0x8000d564 (0x00003f17) x30 0x80010564
core   0: 0x8000d568 (0xa83f2e23) sw      gp, -1380(t5)
core   0: 3 0x8000d568 (0xa83f2e23) mem 0x80010000 0x00000001
core   0: 0x8000d56c (0xff9ff06f) j       pc - 0x8
core   0: 3 0x8000d56c (0xff9ff06f)
core   0: 0x8000d564 (0x00003f17) auipc   t5, 0x3
core   0: 3 0x8000d564 (0x00003f17) x30 0x80010564
core   0: 0x8000d568 (0xa83f2e23) sw      gp, -1380(t5)
core   0: 3 0x8000d568 (0xa83f2e23) mem 0x80010000 0x00000001
core   0: 0x8000d56c (0xff9ff06f) j       pc - 0x8
core   0: 3 0x8000d56c (0xff9ff06f)
core   0: 0x8000d564 (0x00003f17) auipc   t5, 0x3
core   0: 3 0x8000d564 (0x00003f17) x30 0x80010564
core   0: 0x8000d568 (0xa83f2e23) sw      gp, -1380(t5)
core   0: 3 0x8000d568 (0xa83f2e23) mem 0x80010000 0x00000001
core   0: 0x8000d56c (0xff9ff06f) j       pc - 0x8
core   0: 3 0x8000d56c (0xff9ff06f)
core   0: 0x8000d564 (0x00003f17) auipc   t5, 0x3
core   0: 3 0x8000d564 (0x00003f17) x30 0x80010564
core   0: 0x8000d568 (0xa83f2e23) sw      gp, -1380(t5)
core   0: 3 0x8000d568 (0xa83f2e23) mem 0x80010000 0x00000001
core   0: 0x8000d56c (0xff9ff06f) j       pc - 0x8
core   0: 3 0x8000d56c (0xff9ff06f)
core   0: 0x8000d564 (0x00003f17) auipc   t5, 0x3
core   0: 3 0x8000d564 (0x00003f17) x30 0x80010564
core   0: 0x8000d568 (0xa83f2e23) sw      gp, -1380(t5)
core   0: 3 0x8000d568 (0xa83f2e23) mem 0x80010000 0x00000001
core   0: 0x8000d56c (0xff9ff06f) j       pc - 0x8
core   0: 3 0x8000d56c (0xff9ff06f)
core   0: 0x8000d564 (0x00003f17) auipc   t5, 0x3
core   0: 3 0x8000d564 (0x00003f17) x30 0x80010564
core   0: 0x8000d568 (0xa83f2e23) sw      gp, -1380(t5)
core   0: 3 0x8000d568 (0xa83f2e23) mem 0x80010000 0x00000001
core   0: 0x8000d56c (0xff9ff06f) j       pc - 0x8
core   0: 3 0x8000d56c (0xff9ff06f)
core   0: 0x8000d564 (0x00003f17) auipc   t5, 0x3
core   0: 3 0x8000d564 (0x00003f17) x30 0x80010564
core   0: 0x8000d568 (0xa83f2e23) sw      gp, -1380(t5)
core   0: 3 0x8000d568 (0xa83f2e23) mem 0x80010000 0x00000001
core   0: 0x8000d56c (0xff9ff06f) j       pc - 0x8
core   0: 3 0x8000d56c (0xff9ff06f)
core   0: 0x8000d564 (0x00003f17) auipc   t5, 0x3
core   0: 3 0x8000d564 (0x00003f17) x30 0x80010564
core   0: 0x8000d568 (0xa83f2e23) sw      gp, -1380(t5)
core   0: 3 0x8000d568 (0xa83f2e23) mem 0x80010000 0x00000001
core   0: 0x8000d56c (0xff9ff06f) j       pc - 0x8
core   0: 3 0x8000d56c (0xff9ff06f)
core   0: 0x8000d564 (0x00003f17) auipc   t5, 0x3
core   0: 3 0x8000d564 (0x00003f17) x30 0x80010564
core   0: 0x8000d568 (0xa83f2e23) sw      gp, -1380(t5)
core   0: 3 0x8000d568 (0xa83f2e23) mem 0x80010000 0x00000001
core   0: 0x8000d56c (0xff9ff06f) j       pc - 0x8
core   0: 3 0x8000d56c (0xff9ff06f)
core   0: 0x8000d564 (0x00003f17) auipc   t5, 0x3
core   0: 3 0x8000d564 (0x00003f17) x30 0x80010564
core   0: 0x8000d568 (0xa83f2e23) sw      gp, -1380(t5)
core   0: 3 0x8000d568 (0xa83f2e23) mem 0x80010000 0x00000001
core   0: 0x8000d56c (0xff9ff06f) j       pc - 0x8
core   0: 3 0x8000d56c (0xff9ff06f)
core   0: 0x8000d564 (0x00003f17) auipc   t5, 0x3
core   0: 3 0x8000d564 (0x00003f17) x30 0x80010564
core   0: 0x8000d568 (0xa83f2e23) sw      gp, -1380(t5)
core   0: 3 0x8000d568 (0xa83f2e23) mem 0x80010000 0x00000001
core   0: 0x8000d56c (0xff9ff06f) j       pc - 0x8
core   0: 3 0x8000d56c (0xff9ff06f)
core   0: 0x8000d564 (0x00003f17) auipc   t5, 0x3
core   0: 3 0x8000d564 (0x00003f17) x30 0x80010564
core   0: 0x8000d568 (0xa83f2e23) sw      gp, -1380(t5)
core   0: 3 0x8000d568 (0xa83f2e23) mem 0x80010000 0x00000001
core   0: 0x8000d56c (0xff9ff06f) j       pc - 0x8
core   0: 3 0x8000d56c (0xff9ff06f)
core   0: 0x8000d564 (0x00003f17) auipc   t5, 0x3
core   0: 3 0x8000d564 (0x00003f17) x30 0x80010564
core   0: 0x8000d568 (0xa83f2e23) sw      gp, -1380(t5)
core   0: 3 0x8000d568 (0xa83f2e23) mem 0x80010000 0x00000001
core   0: 0x8000d56c (0xff9ff06f) j       pc - 0x8
core   0: 3 0x8000d56c (0xff9ff06f)
core   0: 0x8000d564 (0x00003f17) auipc   t5, 0x3
core   0: 3 0x8000d564 (0x00003f17) x30 0x80010564
core   0: 0x8000d568 (0xa83f2e23) sw      gp, -1380(t5)
core   0: 3 0x8000d568 (0xa83f2e23) mem 0x80010000 0x00000001
core   0: 0x8000d56c (0xff9ff06f) j       pc - 0x8
core   0: 3 0x8000d56c (0xff9ff06f)
core   0: 0x8000d564 (0x00003f17) auipc   t5, 0x3
core   0: 3 0x8000d564 (0x00003f17) x30 0x80010564
core   0: 0x8000d568 (0xa83f2e23) sw      gp, -1380(t5)
core   0: 3 0x8000d568 (0xa83f2e23) mem 0x80010000 0x00000001
core   0: 0x8000d56c (0xff9ff06f) j       pc - 0x8
core   0: 3 0x8000d56c (0xff9ff06f)
core   0: 0x8000d564 (0x00003f17) auipc   t5, 0x3
core   0: 3 0x8000d564 (0x00003f17) x30 0x80010564
core   0: 0x8000d568 (0xa83f2e23) sw      gp, -1380(t5)
core   0: 3 0x8000d568 (0xa83f2e23) mem 0x80010000 0x00000001
core   0: 0x8000d56c (0xff9ff06f) j       pc - 0x8
core   0: 3 0x8000d56c (0xff9ff06f)
core   0: 0x8000d564 (0x00003f17) auipc   t5, 0x3
core   0: 3 0x8000d564 (0x00003f17) x30 0x80010564
core   0: 0x8000d568 (0xa83f2e23) sw      gp, -1380(t5)
core   0: 3 0x8000d568 (0xa83f2e23) mem 0x80010000 0x00000001
core   0: 0x8000d56c (0xff9ff06f) j       pc - 0x8
core   0: 3 0x8000d56c (0xff9ff06f)
core   0: 0x8000d564 (0x00003f17) auipc   t5, 0x3
core   0: 3 0x8000d564 (0x00003f17) x30 0x80010564
core   0: 0x8000d568 (0xa83f2e23) sw      gp, -1380(t5)
core   0: 3 0x8000d568 (0xa83f2e23) mem 0x80010000 0x00000001
core   0: 0x8000d56c (0xff9ff06f) j       pc - 0x8
core   0: 3 0x8000d56c (0xff9ff06f)
core   0: 0x8000d564 (0x00003f17) auipc   t5, 0x3
core   0: 3 0x8000d564 (0x00003f17) x30 0x80010564
core   0: 0x8000d568 (0xa83f2e23) sw      gp, -1380(t5)
core   0: 3 0x8000d568 (0xa83f2e23) mem 0x80010000 0x00000001
core   0: 0x8000d56c (0xff9ff06f) j       pc - 0x8
core   0: 3 0x8000d56c (0xff9ff06f)
core   0: 0x8000d564 (0x00003f17) auipc   t5, 0x3
core   0: 3 0x8000d564 (0x00003f17) x30 0x80010564
core   0: 0x8000d568 (0xa83f2e23) sw      gp, -1380(t5)
core   0: 3 0x8000d568 (0xa83f2e23) mem 0x80010000 0x00000001
core   0: 0x8000d56c (0xff9ff06f) j       pc - 0x8
core   0: 3 0x8000d56c (0xff9ff06f)
core   0: 0x8000d564 (0x00003f17) auipc   t5, 0x3
core   0: 3 0x8000d564 (0x00003f17) x30 0x80010564
core   0: 0x8000d568 (0xa83f2e23) sw      gp, -1380(t5)
core   0: 3 0x8000d568 (0xa83f2e23) mem 0x80010000 0x00000001
core   0: 0x8000d56c (0xff9ff06f) j       pc - 0x8
core   0: 3 0x8000d56c (0xff9ff06f)
core   0: 0x8000d564 (0x00003f17) auipc   t5, 0x3
core   0: 3 0x8000d564 (0x00003f17) x30 0x80010564
core   0: 0x8000d568 (0xa83f2e23) sw      gp, -1380(t5)
core   0: 3 0x8000d568 (0xa83f2e23) mem 0x80010000 0x00000001
core   0: 0x8000d56c (0xff9ff06f) j       pc - 0x8
core   0: 3 0x8000d56c (0xff9ff06f)
core   0: 0x8000d564 (0x00003f17) auipc   t5, 0x3
core   0: 3 0x8000d564 (0x00003f17) x30 0x80010564
core   0: 0x8000d568 (0xa83f2e23) sw      gp, -1380(t5)
core   0: 3 0x8000d568 (0xa83f2e23) mem 0x80010000 0x00000001
core   0: 0x8000d56c (0xff9ff06f) j       pc - 0x8
core   0: 3 0x8000d56c (0xff9ff06f)
core   0: 0x8000d564 (0x00003f17) auipc   t5, 0x3
core   0: 3 0x8000d564 (0x00003f17) x30 0x80010564
core   0: 0x8000d568 (0xa83f2e23) sw      gp, -1380(t5)
core   0: 3 0x8000d568 (0xa83f2e23) mem 0x80010000 0x00000001
core   0: 0x8000d56c (0xff9ff06f) j       pc - 0x8
core   0: 3 0x8000d56c (0xff9ff06f)
core   0: 0x8000d564 (0x00003f17) auipc   t5, 0x3
core   0: 3 0x8000d564 (0x00003f17) x30 0x80010564
core   0: 0x8000d568 (0xa83f2e23) sw      gp, -1380(t5)
core   0: 3 0x8000d568 (0xa83f2e23) mem 0x80010000 0x00000001
core   0: 0x8000d56c (0xff9ff06f) j       pc - 0x8
core   0: 3 0x8000d56c (0xff9ff06f)
core   0: 0x8000d564 (0x00003f17) auipc   t5, 0x3
core   0: 3 0x8000d564 (0x00003f17) x30 0x80010564
core   0: 0x8000d568 (0xa83f2e23) sw      gp, -1380(t5)
core   0: 3 0x8000d568 (0xa83f2e23) mem 0x80010000 0x00000001
core   0: 0x8000d56c (0xff9ff06f) j       pc - 0x8
core   0: 3 0x8000d56c (0xff9ff06f)
core   0: 0x8000d564 (0x00003f17) auipc   t5, 0x3
core   0: 3 0x8000d564 (0x00003f17) x30 0x80010564
core   0: 0x8000d568 (0xa83f2e23) sw      gp, -1380(t5)
core   0: 3 0x8000d568 (0xa83f2e23) mem 0x80010000 0x00000001
core   0: 0x8000d56c (0xff9ff06f) j       pc - 0x8
core   0: 3 0x8000d56c (0xff9ff06f)
core   0: 0x8000d564 (0x00003f17) auipc   t5, 0x3
core   0: 3 0x8000d564 (0x00003f17) x30 0x80010564
core   0: 0x8000d568 (0xa83f2e23) sw      gp, -1380(t5)
core   0: 3 0x8000d568 (0xa83f2e23) mem 0x80010000 0x00000001
core   0: 0x8000d56c (0xff9ff06f) j       pc - 0x8
core   0: 3 0x8000d56c (0xff9ff06f)
core   0: 0x8000d564 (0x00003f17) auipc   t5, 0x3
core   0: 3 0x8000d564 (0x00003f17) x30 0x80010564
core   0: 0x8000d568 (0xa83f2e23) sw      gp, -1380(t5)
core   0: 3 0x8000d568 (0xa83f2e23) mem 0x80010000 0x00000001
core   0: 0x8000d56c (0xff9ff06f) j       pc - 0x8
core   0: 3 0x8000d56c (0xff9ff06f)
core   0: 0x8000d564 (0x00003f17) auipc   t5, 0x3
core   0: 3 0x8000d564 (0x00003f17) x30 0x80010564
core   0: 0x8000d568 (0xa83f2e23) sw      gp, -1380(t5)
core   0: 3 0x8000d568 (0xa83f2e23) mem 0x80010000 0x00000001
core   0: 0x8000d56c (0xff9ff06f) j       pc - 0x8
core   0: 3 0x8000d56c (0xff9ff06f)
core   0: 0x8000d564 (0x00003f17) auipc   t5, 0x3
core   0: 3 0x8000d564 (0x00003f17) x30 0x80010564
core   0: 0x8000d568 (0xa83f2e23) sw      gp, -1380(t5)
core   0: 3 0x8000d568 (0xa83f2e23) mem 0x80010000 0x00000001
core   0: 0x8000d56c (0xff9ff06f) j       pc - 0x8
core   0: 3 0x8000d56c (0xff9ff06f)
core   0: 0x8000d564 (0x00003f17) auipc   t5, 0x3
core   0: 3 0x8000d564 (0x00003f17) x30 0x80010564
core   0: 0x8000d568 (0xa83f2e23) sw      gp, -1380(t5)
core   0: 3 0x8000d568 (0xa83f2e23) mem 0x80010000 0x00000001
core   0: 0x8000d56c (0xff9ff06f) j       pc - 0x8
core   0: 3 0x8000d56c (0xff9ff06f)
core   0: 0x8000d564 (0x00003f17) auipc   t5, 0x3
core   0: 3 0x8000d564 (0x00003f17) x30 0x80010564
core   0: 0x8000d568 (0xa83f2e23) sw      gp, -1380(t5)
core   0: 3 0x8000d568 (0xa83f2e23) mem 0x80010000 0x00000001
core   0: 0x8000d56c (0xff9ff06f) j       pc - 0x8
core   0: 3 0x8000d56c (0xff9ff06f)
core   0: 0x8000d564 (0x00003f17) auipc   t5, 0x3
core   0: 3 0x8000d564 (0x00003f17) x30 0x80010564
core   0: 0x8000d568 (0xa83f2e23) sw      gp, -1380(t5)
core   0: 3 0x8000d568 (0xa83f2e23) mem 0x80010000 0x00000001
core   0: 0x8000d56c (0xff9ff06f) j       pc - 0x8
core   0: 3 0x8000d56c (0xff9ff06f)
core   0: 0x8000d564 (0x00003f17) auipc   t5, 0x3
core   0: 3 0x8000d564 (0x00003f17) x30 0x80010564
core   0: 0x8000d568 (0xa83f2e23) sw      gp, -1380(t5)
core   0: 3 0x8000d568 (0xa83f2e23) mem 0x80010000 0x00000001
core   0: 0x8000d56c (0xff9ff06f) j       pc - 0x8
core   0: 3 0x8000d56c (0xff9ff06f)
core   0: 0x8000d564 (0x00003f17) auipc   t5, 0x3
core   0: 3 0x8000d564 (0x00003f17) x30 0x80010564
core   0: 0x8000d568 (0xa83f2e23) sw      gp, -1380(t5)
core   0: 3 0x8000d568 (0xa83f2e23) mem 0x80010000 0x00000001
core   0: 0x8000d56c (0xff9ff06f) j       pc - 0x8
core   0: 3 0x8000d56c (0xff9ff06f)
core   0: 0x8000d564 (0x00003f17) auipc   t5, 0x3
core   0: 3 0x8000d564 (0x00003f17) x30 0x80010564
core   0: 0x8000d568 (0xa83f2e23) sw      gp, -1380(t5)
core   0: 3 0x8000d568 (0xa83f2e23) mem 0x80010000 0x00000001
core   0: 0x8000d56c (0xff9ff06f) j       pc - 0x8
core   0: 3 0x8000d56c (0xff9ff06f)
core   0: 0x8000d564 (0x00003f17) auipc   t5, 0x3
core   0: 3 0x8000d564 (0x00003f17) x30 0x80010564
core   0: 0x8000d568 (0xa83f2e23) sw      gp, -1380(t5)
core   0: 3 0x8000d568 (0xa83f2e23) mem 0x80010000 0x00000001
core   0: 0x8000d56c (0xff9ff06f) j       pc - 0x8
core   0: 3 0x8000d56c (0xff9ff06f)
core   0: 0x8000d564 (0x00003f17) auipc   t5, 0x3
core   0: 3 0x8000d564 (0x00003f17) x30 0x80010564
core   0: 0x8000d568 (0xa83f2e23) sw      gp, -1380(t5)
core   0: 3 0x8000d568 (0xa83f2e23) mem 0x80010000 0x00000001
core   0: 0x8000d56c (0xff9ff06f) j       pc - 0x8
core   0: 3 0x8000d56c (0xff9ff06f)
core   0: 0x8000d564 (0x00003f17) auipc   t5, 0x3
core   0: 3 0x8000d564 (0x00003f17) x30 0x80010564
core   0: 0x8000d568 (0xa83f2e23) sw      gp, -1380(t5)
core   0: 3 0x8000d568 (0xa83f2e23) mem 0x80010000 0x00000001
core   0: 0x8000d56c (0xff9ff06f) j       pc - 0x8
core   0: 3 0x8000d56c (0xff9ff06f)
core   0: 0x8000d564 (0x00003f17) auipc   t5, 0x3
core   0: 3 0x8000d564 (0x00003f17) x30 0x80010564
core   0: 0x8000d568 (0xa83f2e23) sw      gp, -1380(t5)
core   0: 3 0x8000d568 (0xa83f2e23) mem 0x80010000 0x00000001
core   0: 0x8000d56c (0xff9ff06f) j       pc - 0x8
core   0: 3 0x8000d56c (0xff9ff06f)
core   0: 0x8000d564 (0x00003f17) auipc   t5, 0x3
core   0: 3 0x8000d564 (0x00003f17) x30 0x80010564
core   0: 0x8000d568 (0xa83f2e23) sw      gp, -1380(t5)
core   0: 3 0x8000d568 (0xa83f2e23) mem 0x80010000 0x00000001
core   0: 0x8000d56c (0xff9ff06f) j       pc - 0x8
core   0: 3 0x8000d56c (0xff9ff06f)
core   0: 0x8000d564 (0x00003f17) auipc   t5, 0x3
core   0: 3 0x8000d564 (0x00003f17) x30 0x80010564
core   0: 0x8000d568 (0xa83f2e23) sw      gp, -1380(t5)
core   0: 3 0x8000d568 (0xa83f2e23) mem 0x80010000 0x00000001
core   0: 0x8000d56c (0xff9ff06f) j       pc - 0x8
core   0: 3 0x8000d56c (0xff9ff06f)
core   0: 0x8000d564 (0x00003f17) auipc   t5, 0x3
core   0: 3 0x8000d564 (0x00003f17) x30 0x80010564
core   0: 0x8000d568 (0xa83f2e23) sw      gp, -1380(t5)
core   0: 3 0x8000d568 (0xa83f2e23) mem 0x80010000 0x00000001
core   0: 0x8000d56c (0xff9ff06f) j       pc - 0x8
core   0: 3 0x8000d56c (0xff9ff06f)
core   0: 0x8000d564 (0x00003f17) auipc   t5, 0x3
core   0: 3 0x8000d564 (0x00003f17) x30 0x80010564
core   0: 0x8000d568 (0xa83f2e23) sw      gp, -1380(t5)
core   0: 3 0x8000d568 (0xa83f2e23) mem 0x80010000 0x00000001
core   0: 0x8000d56c (0xff9ff06f) j       pc - 0x8
core   0: 3 0x8000d56c (0xff9ff06f)
core   0: 0x8000d564 (0x00003f17) auipc   t5, 0x3
core   0: 3 0x8000d564 (0x00003f17) x30 0x80010564
core   0: 0x8000d568 (0xa83f2e23) sw      gp, -1380(t5)
core   0: 3 0x8000d568 (0xa83f2e23) mem 0x80010000 0x00000001
core   0: 0x8000d56c (0xff9ff06f) j       pc - 0x8
core   0: 3 0x8000d56c (0xff9ff06f)
core   0: 0x8000d564 (0x00003f17) auipc   t5, 0x3
core   0: 3 0x8000d564 (0x00003f17) x30 0x80010564
core   0: 0x8000d568 (0xa83f2e23) sw      gp, -1380(t5)
core   0: 3 0x8000d568 (0xa83f2e23) mem 0x80010000 0x00000001
core   0: 0x8000d56c (0xff9ff06f) j       pc - 0x8
core   0: 3 0x8000d56c (0xff9ff06f)
core   0: 0x8000d564 (0x00003f17) auipc   t5, 0x3
core   0: 3 0x8000d564 (0x00003f17) x30 0x80010564
core   0: 0x8000d568 (0xa83f2e23) sw      gp, -1380(t5)
core   0: 3 0x8000d568 (0xa83f2e23) mem 0x80010000 0x00000001
core   0: 0x8000d56c (0xff9ff06f) j       pc - 0x8
core   0: 3 0x8000d56c (0xff9ff06f)
core   0: 0x8000d564 (0x00003f17) auipc   t5, 0x3
core   0: 3 0x8000d564 (0x00003f17) x30 0x80010564
core   0: 0x8000d568 (0xa83f2e23) sw      gp, -1380(t5)
core   0: 3 0x8000d568 (0xa83f2e23) mem 0x80010000 0x00000001
core   0: 0x8000d56c (0xff9ff06f) j       pc - 0x8
core   0: 3 0x8000d56c (0xff9ff06f)
core   0: 0x8000d564 (0x00003f17) auipc   t5, 0x3
core   0: 3 0x8000d564 (0x00003f17) x30 0x80010564
core   0: 0x8000d568 (0xa83f2e23) sw      gp, -1380(t5)
core   0: 3 0x8000d568 (0xa83f2e23) mem 0x80010000 0x00000001
core   0: 0x8000d56c (0xff9ff06f) j       pc - 0x8
core   0: 3 0x8000d56c (0xff9ff06f)
core   0: 0x8000d564 (0x00003f17) auipc   t5, 0x3
core   0: 3 0x8000d564 (0x00003f17) x30 0x80010564
core   0: 0x8000d568 (0xa83f2e23) sw      gp, -1380(t5)
core   0: 3 0x8000d568 (0xa83f2e23) mem 0x80010000 0x00000001
core   0: 0x8000d56c (0xff9ff06f) j       pc - 0x8
core   0: 3 0x8000d56c (0xff9ff06f)
core   0: 0x8000d564 (0x00003f17) auipc   t5, 0x3
core   0: 3 0x8000d564 (0x00003f17) x30 0x80010564
core   0: 0x8000d568 (0xa83f2e23) sw      gp, -1380(t5)
core   0: 3 0x8000d568 (0xa83f2e23) mem 0x80010000 0x00000001
core   0: 0x8000d56c (0xff9ff06f) j       pc - 0x8
core   0: 3 0x8000d56c (0xff9ff06f)
core   0: 0x8000d564 (0x00003f17) auipc   t5, 0x3
core   0: 3 0x8000d564 (0x00003f17) x30 0x80010564
core   0: 0x8000d568 (0xa83f2e23) sw      gp, -1380(t5)
core   0: 3 0x8000d568 (0xa83f2e23) mem 0x80010000 0x00000001
core   0: 0x8000d56c (0xff9ff06f) j       pc - 0x8
core   0: 3 0x8000d56c (0xff9ff06f)
core   0: 0x8000d564 (0x00003f17) auipc   t5, 0x3
core   0: 3 0x8000d564 (0x00003f17) x30 0x80010564
core   0: 0x8000d568 (0xa83f2e23) sw      gp, -1380(t5)
core   0: 3 0x8000d568 (0xa83f2e23) mem 0x80010000 0x00000001
core   0: 0x8000d56c (0xff9ff06f) j       pc - 0x8
core   0: 3 0x8000d56c (0xff9ff06f)
core   0: 0x8000d564 (0x00003f17) auipc   t5, 0x3
core   0: 3 0x8000d564 (0x00003f17) x30 0x80010564
core   0: 0x8000d568 (0xa83f2e23) sw      gp, -1380(t5)
core   0: 3 0x8000d568 (0xa83f2e23) mem 0x80010000 0x00000001
core   0: 0x8000d56c (0xff9ff06f) j       pc - 0x8
core   0: 3 0x8000d56c (0xff9ff06f)
core   0: 0x8000d564 (0x00003f17) auipc   t5, 0x3
core   0: 3 0x8000d564 (0x00003f17) x30 0x80010564
core   0: 0x8000d568 (0xa83f2e23) sw      gp, -1380(t5)
core   0: 3 0x8000d568 (0xa83f2e23) mem 0x80010000 0x00000001
core   0: 0x8000d56c (0xff9ff06f) j       pc - 0x8
core   0: 3 0x8000d56c (0xff9ff06f)
core   0: 0x8000d564 (0x00003f17) auipc   t5, 0x3
core   0: 3 0x8000d564 (0x00003f17) x30 0x80010564
core   0: 0x8000d568 (0xa83f2e23) sw      gp, -1380(t5)
core   0: 3 0x8000d568 (0xa83f2e23) mem 0x80010000 0x00000001
core   0: 0x8000d56c (0xff9ff06f) j       pc - 0x8
core   0: 3 0x8000d56c (0xff9ff06f)
core   0: 0x8000d564 (0x00003f17) auipc   t5, 0x3
core   0: 3 0x8000d564 (0x00003f17) x30 0x80010564
core   0: 0x8000d568 (0xa83f2e23) sw      gp, -1380(t5)
core   0: 3 0x8000d568 (0xa83f2e23) mem 0x80010000 0x00000001
core   0: 0x8000d56c (0xff9ff06f) j       pc - 0x8
core   0: 3 0x8000d56c (0xff9ff06f)
core   0: 0x8000d564 (0x00003f17) auipc   t5, 0x3
core   0: 3 0x8000d564 (0x00003f17) x30 0x80010564
core   0: 0x8000d568 (0xa83f2e23) sw      gp, -1380(t5)
core   0: 3 0x8000d568 (0xa83f2e23) mem 0x80010000 0x00000001
core   0: 0x8000d56c (0xff9ff06f) j       pc - 0x8
core   0: 3 0x8000d56c (0xff9ff06f)
core   0: 0x8000d564 (0x00003f17) auipc   t5, 0x3
core   0: 3 0x8000d564 (0x00003f17) x30 0x80010564
core   0: 0x8000d568 (0xa83f2e23) sw      gp, -1380(t5)
core   0: 3 0x8000d568 (0xa83f2e23) mem 0x80010000 0x00000001
core   0: 0x8000d56c (0xff9ff06f) j       pc - 0x8
core   0: 3 0x8000d56c (0xff9ff06f)
core   0: 0x8000d564 (0x00003f17) auipc   t5, 0x3
core   0: 3 0x8000d564 (0x00003f17) x30 0x80010564
core   0: 0x8000d568 (0xa83f2e23) sw      gp, -1380(t5)
core   0: 3 0x8000d568 (0xa83f2e23) mem 0x80010000 0x00000001
core   0: 0x8000d56c (0xff9ff06f) j       pc - 0x8
core   0: 3 0x8000d56c (0xff9ff06f)
core   0: 0x8000d564 (0x00003f17) auipc   t5, 0x3
core   0: 3 0x8000d564 (0x00003f17) x30 0x80010564
core   0: 0x8000d568 (0xa83f2e23) sw      gp, -1380(t5)
core   0: 3 0x8000d568 (0xa83f2e23) mem 0x80010000 0x00000001
core   0: 0x8000d56c (0xff9ff06f) j       pc - 0x8
core   0: 3 0x8000d56c (0xff9ff06f)
core   0: 0x8000d564 (0x00003f17) auipc   t5, 0x3
core   0: 3 0x8000d564 (0x00003f17) x30 0x80010564
core   0: 0x8000d568 (0xa83f2e23) sw      gp, -1380(t5)
core   0: 3 0x8000d568 (0xa83f2e23) mem 0x80010000 0x00000001
core   0: 0x8000d56c (0xff9ff06f) j       pc - 0x8
core   0: 3 0x8000d56c (0xff9ff06f)
core   0: 0x8000d564 (0x00003f17) auipc   t5, 0x3
core   0: 3 0x8000d564 (0x00003f17) x30 0x80010564
core   0: 0x8000d568 (0xa83f2e23) sw      gp, -1380(t5)
core   0: 3 0x8000d568 (0xa83f2e23) mem 0x80010000 0x00000001
core   0: 0x8000d56c (0xff9ff06f) j       pc - 0x8
core   0: 3 0x8000d56c (0xff9ff06f)
core   0: 0x8000d564 (0x00003f17) auipc   t5, 0x3
core   0: 3 0x8000d564 (0x00003f17) x30 0x80010564
core   0: 0x8000d568 (0xa83f2e23) sw      gp, -1380(t5)
core   0: 3 0x8000d568 (0xa83f2e23) mem 0x80010000 0x00000001
core   0: 0x8000d56c (0xff9ff06f) j       pc - 0x8
core   0: 3 0x8000d56c (0xff9ff06f)
core   0: 0x8000d564 (0x00003f17) auipc   t5, 0x3
core   0: 3 0x8000d564 (0x00003f17) x30 0x80010564
core   0: 0x8000d568 (0xa83f2e23) sw      gp, -1380(t5)
core   0: 3 0x8000d568 (0xa83f2e23) mem 0x80010000 0x00000001
core   0: 0x8000d56c (0xff9ff06f) j       pc - 0x8
core   0: 3 0x8000d56c (0xff9ff06f)
core   0: 0x8000d564 (0x00003f17) auipc   t5, 0x3
core   0: 3 0x8000d564 (0x00003f17) x30 0x80010564
core   0: 0x8000d568 (0xa83f2e23) sw      gp, -1380(t5)
core   0: 3 0x8000d568 (0xa83f2e23) mem 0x80010000 0x00000001
core   0: 0x8000d56c (0xff9ff06f) j       pc - 0x8
core   0: 3 0x8000d56c (0xff9ff06f)
core   0: 0x8000d564 (0x00003f17) auipc   t5, 0x3
core   0: 3 0x8000d564 (0x00003f17) x30 0x80010564
core   0: 0x8000d568 (0xa83f2e23) sw      gp, -1380(t5)
core   0: 3 0x8000d568 (0xa83f2e23) mem 0x80010000 0x00000001
core   0: 0x8000d56c (0xff9ff06f) j       pc - 0x8
core   0: 3 0x8000d56c (0xff9ff06f)
core   0: 0x8000d564 (0x00003f17) auipc   t5, 0x3
core   0: 3 0x8000d564 (0x00003f17) x30 0x80010564
core   0: 0x8000d568 (0xa83f2e23) sw      gp, -1380(t5)
core   0: 3 0x8000d568 (0xa83f2e23) mem 0x80010000 0x00000001
core   0: 0x8000d56c (0xff9ff06f) j       pc - 0x8
core   0: 3 0x8000d56c (0xff9ff06f)
core   0: 0x8000d564 (0x00003f17) auipc   t5, 0x3
core   0: 3 0x8000d564 (0x00003f17) x30 0x80010564
core   0: 0x8000d568 (0xa83f2e23) sw      gp, -1380(t5)
core   0: 3 0x8000d568 (0xa83f2e23) mem 0x80010000 0x00000001
core   0: 0x8000d56c (0xff9ff06f) j       pc - 0x8
core   0: 3 0x8000d56c (0xff9ff06f)
core   0: 0x8000d564 (0x00003f17) auipc   t5, 0x3
core   0: 3 0x8000d564 (0x00003f17) x30 0x80010564
core   0: 0x8000d568 (0xa83f2e23) sw      gp, -1380(t5)
core   0: 3 0x8000d568 (0xa83f2e23) mem 0x80010000 0x00000001
core   0: 0x8000d56c (0xff9ff06f) j       pc - 0x8
core   0: 3 0x8000d56c (0xff9ff06f)
core   0: 0x8000d564 (0x00003f17) auipc   t5, 0x3
core   0: 3 0x8000d564 (0x00003f17) x30 0x80010564
core   0: 0x8000d568 (0xa83f2e23) sw      gp, -1380(t5)
core   0: 3 0x8000d568 (0xa83f2e23) mem 0x80010000 0x00000001
core   0: 0x8000d56c (0xff9ff06f) j       pc - 0x8
core   0: 3 0x8000d56c (0xff9ff06f)
core   0: 0x8000d564 (0x00003f17) auipc   t5, 0x3
core   0: 3 0x8000d564 (0x00003f17) x30 0x80010564
core   0: 0x8000d568 (0xa83f2e23) sw      gp, -1380(t5)
core   0: 3 0x8000d568 (0xa83f2e23) mem 0x80010000 0x00000001
core   0: 0x8000d56c (0xff9ff06f) j       pc - 0x8
core   0: 3 0x8000d56c (0xff9ff06f)
core   0: 0x8000d564 (0x00003f17) auipc   t5, 0x3
core   0: 3 0x8000d564 (0x00003f17) x30 0x80010564
core   0: 0x8000d568 (0xa83f2e23) sw      gp, -1380(t5)
core   0: 3 0x8000d568 (0xa83f2e23) mem 0x80010000 0x00000001
core   0: 0x8000d56c (0xff9ff06f) j       pc - 0x8
core   0: 3 0x8000d56c (0xff9ff06f)
core   0: 0x8000d564 (0x00003f17) auipc   t5, 0x3
core   0: 3 0x8000d564 (0x00003f17) x30 0x80010564
core   0: 0x8000d568 (0xa83f2e23) sw      gp, -1380(t5)
core   0: 3 0x8000d568 (0xa83f2e23) mem 0x80010000 0x00000001
core   0: 0x8000d56c (0xff9ff06f) j       pc - 0x8
core   0: 3 0x8000d56c (0xff9ff06f)
core   0: 0x8000d564 (0x00003f17) auipc   t5, 0x3
core   0: 3 0x8000d564 (0x00003f17) x30 0x80010564
core   0: 0x8000d568 (0xa83f2e23) sw      gp, -1380(t5)
core   0: 3 0x8000d568 (0xa83f2e23) mem 0x80010000 0x00000001
core   0: 0x8000d56c (0xff9ff06f) j       pc - 0x8
core   0: 3 0x8000d56c (0xff9ff06f)
core   0: 0x8000d564 (0x00003f17) auipc   t5, 0x3
core   0: 3 0x8000d564 (0x00003f17) x30 0x80010564
core   0: 0x8000d568 (0xa83f2e23) sw      gp, -1380(t5)
core   0: 3 0x8000d568 (0xa83f2e23) mem 0x80010000 0x00000001
core   0: 0x8000d56c (0xff9ff06f) j       pc - 0x8
core   0: 3 0x8000d56c (0xff9ff06f)
core   0: 0x8000d564 (0x00003f17) auipc   t5, 0x3
core   0: 3 0x8000d564 (0x00003f17) x30 0x80010564
core   0: 0x8000d568 (0xa83f2e23) sw      gp, -1380(t5)
core   0: 3 0x8000d568 (0xa83f2e23) mem 0x80010000 0x00000001
core   0: 0x8000d56c (0xff9ff06f) j       pc - 0x8
core   0: 3 0x8000d56c (0xff9ff06f)
core   0: 0x8000d564 (0x00003f17) auipc   t5, 0x3
core   0: 3 0x8000d564 (0x00003f17) x30 0x80010564
core   0: 0x8000d568 (0xa83f2e23) sw      gp, -1380(t5)
core   0: 3 0x8000d568 (0xa83f2e23) mem 0x80010000 0x00000001
core   0: 0x8000d56c (0xff9ff06f) j       pc - 0x8
core   0: 3 0x8000d56c (0xff9ff06f)
core   0: 0x8000d564 (0x00003f17) auipc   t5, 0x3
core   0: 3 0x8000d564 (0x00003f17) x30 0x80010564
core   0: 0x8000d568 (0xa83f2e23) sw      gp, -1380(t5)
core   0: 3 0x8000d568 (0xa83f2e23) mem 0x80010000 0x00000001
core   0: 0x8000d56c (0xff9ff06f) j       pc - 0x8
core   0: 3 0x8000d56c (0xff9ff06f)
core   0: 0x8000d564 (0x00003f17) auipc   t5, 0x3
core   0: 3 0x8000d564 (0x00003f17) x30 0x80010564
core   0: 0x8000d568 (0xa83f2e23) sw      gp, -1380(t5)
core   0: 3 0x8000d568 (0xa83f2e23) mem 0x80010000 0x00000001
core   0: 0x8000d56c (0xff9ff06f) j       pc - 0x8
core   0: 3 0x8000d56c (0xff9ff06f)
core   0: 0x8000d564 (0x00003f17) auipc   t5, 0x3
core   0: 3 0x8000d564 (0x00003f17) x30 0x80010564
core   0: 0x8000d568 (0xa83f2e23) sw      gp, -1380(t5)
core   0: 3 0x8000d568 (0xa83f2e23) mem 0x80010000 0x00000001
core   0: 0x8000d56c (0xff9ff06f) j       pc - 0x8
core   0: 3 0x8000d56c (0xff9ff06f)
core   0: 0x8000d564 (0x00003f17) auipc   t5, 0x3
core   0: 3 0x8000d564 (0x00003f17) x30 0x80010564
core   0: 0x8000d568 (0xa83f2e23) sw      gp, -1380(t5)
core   0: 3 0x8000d568 (0xa83f2e23) mem 0x80010000 0x00000001
core   0: 0x8000d56c (0xff9ff06f) j       pc - 0x8
core   0: 3 0x8000d56c (0xff9ff06f)
core   0: 0x8000d564 (0x00003f17) auipc   t5, 0x3
core   0: 3 0x8000d564 (0x00003f17) x30 0x80010564
core   0: 0x8000d568 (0xa83f2e23) sw      gp, -1380(t5)
core   0: 3 0x8000d568 (0xa83f2e23) mem 0x80010000 0x00000001
core   0: 0x8000d56c (0xff9ff06f) j       pc - 0x8
core   0: 3 0x8000d56c (0xff9ff06f)
core   0: 0x8000d564 (0x00003f17) auipc   t5, 0x3
core   0: 3 0x8000d564 (0x00003f17) x30 0x80010564
core   0: 0x8000d568 (0xa83f2e23) sw      gp, -1380(t5)
core   0: 3 0x8000d568 (0xa83f2e23) mem 0x80010000 0x00000001
core   0: 0x8000d56c (0xff9ff06f) j       pc - 0x8
core   0: 3 0x8000d56c (0xff9ff06f)
core   0: 0x8000d564 (0x00003f17) auipc   t5, 0x3
core   0: 3 0x8000d564 (0x00003f17) x30 0x80010564
core   0: 0x8000d568 (0xa83f2e23) sw      gp, -1380(t5)
core   0: 3 0x8000d568 (0xa83f2e23) mem 0x80010000 0x00000001
core   0: 0x8000d56c (0xff9ff06f) j       pc - 0x8
core   0: 3 0x8000d56c (0xff9ff06f)
core   0: 0x8000d564 (0x00003f17) auipc   t5, 0x3
core   0: 3 0x8000d564 (0x00003f17) x30 0x80010564
core   0: 0x8000d568 (0xa83f2e23) sw      gp, -1380(t5)
core   0: 3 0x8000d568 (0xa83f2e23) mem 0x80010000 0x00000001
core   0: 0x8000d56c (0xff9ff06f) j       pc - 0x8
core   0: 3 0x8000d56c (0xff9ff06f)
core   0: 0x8000d564 (0x00003f17) auipc   t5, 0x3
core   0: 3 0x8000d564 (0x00003f17) x30 0x80010564
core   0: 0x8000d568 (0xa83f2e23) sw      gp, -1380(t5)
core   0: 3 0x8000d568 (0xa83f2e23) mem 0x80010000 0x00000001
core   0: 0x8000d56c (0xff9ff06f) j       pc - 0x8
core   0: 3 0x8000d56c (0xff9ff06f)
core   0: 0x8000d564 (0x00003f17) auipc   t5, 0x3
core   0: 3 0x8000d564 (0x00003f17) x30 0x80010564
core   0: 0x8000d568 (0xa83f2e23) sw      gp, -1380(t5)
core   0: 3 0x8000d568 (0xa83f2e23) mem 0x80010000 0x00000001
core   0: 0x8000d56c (0xff9ff06f) j       pc - 0x8
core   0: 3 0x8000d56c (0xff9ff06f)
core   0: 0x8000d564 (0x00003f17) auipc   t5, 0x3
core   0: 3 0x8000d564 (0x00003f17) x30 0x80010564
core   0: 0x8000d568 (0xa83f2e23) sw      gp, -1380(t5)
core   0: 3 0x8000d568 (0xa83f2e23) mem 0x80010000 0x00000001
core   0: 0x8000d56c (0xff9ff06f) j       pc - 0x8
core   0: 3 0x8000d56c (0xff9ff06f)
core   0: 0x8000d564 (0x00003f17) auipc   t5, 0x3
core   0: 3 0x8000d564 (0x00003f17) x30 0x80010564
core   0: 0x8000d568 (0xa83f2e23) sw      gp, -1380(t5)
core   0: 3 0x8000d568 (0xa83f2e23) mem 0x80010000 0x00000001
core   0: 0x8000d56c (0xff9ff06f) j       pc - 0x8
core   0: 3 0x8000d56c (0xff9ff06f)
core   0: 0x8000d564 (0x00003f17) auipc   t5, 0x3
core   0: 3 0x8000d564 (0x00003f17) x30 0x80010564
core   0: 0x8000d568 (0xa83f2e23) sw      gp, -1380(t5)
core   0: 3 0x8000d568 (0xa83f2e23) mem 0x80010000 0x00000001
core   0: 0x8000d56c (0xff9ff06f) j       pc - 0x8
core   0: 3 0x8000d56c (0xff9ff06f)
core   0: 0x8000d564 (0x00003f17) auipc   t5, 0x3
core   0: 3 0x8000d564 (0x00003f17) x30 0x80010564
core   0: 0x8000d568 (0xa83f2e23) sw      gp, -1380(t5)
core   0: 3 0x8000d568 (0xa83f2e23) mem 0x80010000 0x00000001
core   0: 0x8000d56c (0xff9ff06f) j       pc - 0x8
core   0: 3 0x8000d56c (0xff9ff06f)
core   0: 0x8000d564 (0x00003f17) auipc   t5, 0x3
core   0: 3 0x8000d564 (0x00003f17) x30 0x80010564
core   0: 0x8000d568 (0xa83f2e23) sw      gp, -1380(t5)
core   0: 3 0x8000d568 (0xa83f2e23) mem 0x80010000 0x00000001
core   0: 0x8000d56c (0xff9ff06f) j       pc - 0x8
core   0: 3 0x8000d56c (0xff9ff06f)
core   0: 0x8000d564 (0x00003f17) auipc   t5, 0x3
core   0: 3 0x8000d564 (0x00003f17) x30 0x80010564
core   0: 0x8000d568 (0xa83f2e23) sw      gp, -1380(t5)
core   0: 3 0x8000d568 (0xa83f2e23) mem 0x80010000 0x00000001
core   0: 0x8000d56c (0xff9ff06f) j       pc - 0x8
core   0: 3 0x8000d56c (0xff9ff06f)
core   0: 0x8000d564 (0x00003f17) auipc   t5, 0x3
core   0: 3 0x8000d564 (0x00003f17) x30 0x80010564
core   0: 0x8000d568 (0xa83f2e23) sw      gp, -1380(t5)
core   0: 3 0x8000d568 (0xa83f2e23) mem 0x80010000 0x00000001
core   0: 0x8000d56c (0xff9ff06f) j       pc - 0x8
core   0: 3 0x8000d56c (0xff9ff06f)
core   0: 0x8000d564 (0x00003f17) auipc   t5, 0x3
core   0: 3 0x8000d564 (0x00003f17) x30 0x80010564
core   0: 0x8000d568 (0xa83f2e23) sw      gp, -1380(t5)
core   0: 3 0x8000d568 (0xa83f2e23) mem 0x80010000 0x00000001
core   0: 0x8000d56c (0xff9ff06f) j       pc - 0x8
core   0: 3 0x8000d56c (0xff9ff06f)
core   0: 0x8000d564 (0x00003f17) auipc   t5, 0x3
core   0: 3 0x8000d564 (0x00003f17) x30 0x80010564
core   0: 0x8000d568 (0xa83f2e23) sw      gp, -1380(t5)
core   0: 3 0x8000d568 (0xa83f2e23) mem 0x80010000 0x00000001
core   0: 0x8000d56c (0xff9ff06f) j       pc - 0x8
core   0: 3 0x8000d56c (0xff9ff06f)
core   0: 0x8000d564 (0x00003f17) auipc   t5, 0x3
core   0: 3 0x8000d564 (0x00003f17) x30 0x80010564
core   0: 0x8000d568 (0xa83f2e23) sw      gp, -1380(t5)
core   0: 3 0x8000d568 (0xa83f2e23) mem 0x80010000 0x00000001
core   0: 0x8000d56c (0xff9ff06f) j       pc - 0x8
core   0: 3 0x8000d56c (0xff9ff06f)
core   0: 0x8000d564 (0x00003f17) auipc   t5, 0x3
core   0: 3 0x8000d564 (0x00003f17) x30 0x80010564
core   0: 0x8000d568 (0xa83f2e23) sw      gp, -1380(t5)
core   0: 3 0x8000d568 (0xa83f2e23) mem 0x80010000 0x00000001
core   0: 0x8000d56c (0xff9ff06f) j       pc - 0x8
core   0: 3 0x8000d56c (0xff9ff06f)
core   0: 0x8000d564 (0x00003f17) auipc   t5, 0x3
core   0: 3 0x8000d564 (0x00003f17) x30 0x80010564
core   0: 0x8000d568 (0xa83f2e23) sw      gp, -1380(t5)
core   0: 3 0x8000d568 (0xa83f2e23) mem 0x80010000 0x00000001
core   0: 0x8000d56c (0xff9ff06f) j       pc - 0x8
core   0: 3 0x8000d56c (0xff9ff06f)
core   0: 0x8000d564 (0x00003f17) auipc   t5, 0x3
core   0: 3 0x8000d564 (0x00003f17) x30 0x80010564
core   0: 0x8000d568 (0xa83f2e23) sw      gp, -1380(t5)
core   0: 3 0x8000d568 (0xa83f2e23) mem 0x80010000 0x00000001
core   0: 0x8000d56c (0xff9ff06f) j       pc - 0x8
core   0: 3 0x8000d56c (0xff9ff06f)
core   0: 0x8000d564 (0x00003f17) auipc   t5, 0x3
core   0: 3 0x8000d564 (0x00003f17) x30 0x80010564
core   0: 0x8000d568 (0xa83f2e23) sw      gp, -1380(t5)
core   0: 3 0x8000d568 (0xa83f2e23) mem 0x80010000 0x00000001
core   0: 0x8000d56c (0xff9ff06f) j       pc - 0x8
core   0: 3 0x8000d56c (0xff9ff06f)
core   0: 0x8000d564 (0x00003f17) auipc   t5, 0x3
core   0: 3 0x8000d564 (0x00003f17) x30 0x80010564
core   0: 0x8000d568 (0xa83f2e23) sw      gp, -1380(t5)
core   0: 3 0x8000d568 (0xa83f2e23) mem 0x80010000 0x00000001
core   0: 0x8000d56c (0xff9ff06f) j       pc - 0x8
core   0: 3 0x8000d56c (0xff9ff06f)
core   0: 0x8000d564 (0x00003f17) auipc   t5, 0x3
core   0: 3 0x8000d564 (0x00003f17) x30 0x80010564
core   0: 0x8000d568 (0xa83f2e23) sw      gp, -1380(t5)
core   0: 3 0x8000d568 (0xa83f2e23) mem 0x80010000 0x00000001
core   0: 0x8000d56c (0xff9ff06f) j       pc - 0x8
core   0: 3 0x8000d56c (0xff9ff06f)
core   0: 0x8000d564 (0x00003f17) auipc   t5, 0x3
core   0: 3 0x8000d564 (0x00003f17) x30 0x80010564
core   0: 0x8000d568 (0xa83f2e23) sw      gp, -1380(t5)
core   0: 3 0x8000d568 (0xa83f2e23) mem 0x80010000 0x00000001
core   0: 0x8000d56c (0xff9ff06f) j       pc - 0x8
core   0: 3 0x8000d56c (0xff9ff06f)
core   0: 0x8000d564 (0x00003f17) auipc   t5, 0x3
core   0: 3 0x8000d564 (0x00003f17) x30 0x80010564
core   0: 0x8000d568 (0xa83f2e23) sw      gp, -1380(t5)
core   0: 3 0x8000d568 (0xa83f2e23) mem 0x80010000 0x00000001
core   0: 0x8000d56c (0xff9ff06f) j       pc - 0x8
core   0: 3 0x8000d56c (0xff9ff06f)
core   0: 0x8000d564 (0x00003f17) auipc   t5, 0x3
core   0: 3 0x8000d564 (0x00003f17) x30 0x80010564
core   0: 0x8000d568 (0xa83f2e23) sw      gp, -1380(t5)
core   0: 3 0x8000d568 (0xa83f2e23) mem 0x80010000 0x00000001
core   0: 0x8000d56c (0xff9ff06f) j       pc - 0x8
core   0: 3 0x8000d56c (0xff9ff06f)
core   0: 0x8000d564 (0x00003f17) auipc   t5, 0x3
core   0: 3 0x8000d564 (0x00003f17) x30 0x80010564
core   0: 0x8000d568 (0xa83f2e23) sw      gp, -1380(t5)
core   0: 3 0x8000d568 (0xa83f2e23) mem 0x80010000 0x00000001
core   0: 0x8000d56c (0xff9ff06f) j       pc - 0x8
core   0: 3 0x8000d56c (0xff9ff06f)
core   0: 0x8000d564 (0x00003f17) auipc   t5, 0x3
core   0: 3 0x8000d564 (0x00003f17) x30 0x80010564
core   0: 0x8000d568 (0xa83f2e23) sw      gp, -1380(t5)
core   0: 3 0x8000d568 (0xa83f2e23) mem 0x80010000 0x00000001
core   0: 0x8000d56c (0xff9ff06f) j       pc - 0x8
core   0: 3 0x8000d56c (0xff9ff06f)
core   0: 0x8000d564 (0x00003f17) auipc   t5, 0x3
core   0: 3 0x8000d564 (0x00003f17) x30 0x80010564
core   0: 0x8000d568 (0xa83f2e23) sw      gp, -1380(t5)
core   0: 3 0x8000d568 (0xa83f2e23) mem 0x80010000 0x00000001
core   0: 0x8000d56c (0xff9ff06f) j       pc - 0x8
core   0: 3 0x8000d56c (0xff9ff06f)
core   0: 0x8000d564 (0x00003f17) auipc   t5, 0x3
core   0: 3 0x8000d564 (0x00003f17) x30 0x80010564
core   0: 0x8000d568 (0xa83f2e23) sw      gp, -1380(t5)
core   0: 3 0x8000d568 (0xa83f2e23) mem 0x80010000 0x00000001
core   0: 0x8000d56c (0xff9ff06f) j       pc - 0x8
core   0: 3 0x8000d56c (0xff9ff06f)
core   0: 0x8000d564 (0x00003f17) auipc   t5, 0x3
core   0: 3 0x8000d564 (0x00003f17) x30 0x80010564
core   0: 0x8000d568 (0xa83f2e23) sw      gp, -1380(t5)
core   0: 3 0x8000d568 (0xa83f2e23) mem 0x80010000 0x00000001
core   0: 0x8000d56c (0xff9ff06f) j       pc - 0x8
core   0: 3 0x8000d56c (0xff9ff06f)
core   0: 0x8000d564 (0x00003f17) auipc   t5, 0x3
core   0: 3 0x8000d564 (0x00003f17) x30 0x80010564
core   0: 0x8000d568 (0xa83f2e23) sw      gp, -1380(t5)
core   0: 3 0x8000d568 (0xa83f2e23) mem 0x80010000 0x00000001
core   0: 0x8000d56c (0xff9ff06f) j       pc - 0x8
core   0: 3 0x8000d56c (0xff9ff06f)
core   0: 0x8000d564 (0x00003f17) auipc   t5, 0x3
core   0: 3 0x8000d564 (0x00003f17) x30 0x80010564
core   0: 0x8000d568 (0xa83f2e23) sw      gp, -1380(t5)
core   0: 3 0x8000d568 (0xa83f2e23) mem 0x80010000 0x00000001
core   0: 0x8000d56c (0xff9ff06f) j       pc - 0x8
core   0: 3 0x8000d56c (0xff9ff06f)
core   0: 0x8000d564 (0x00003f17) auipc   t5, 0x3
core   0: 3 0x8000d564 (0x00003f17) x30 0x80010564
core   0: 0x8000d568 (0xa83f2e23) sw      gp, -1380(t5)
core   0: 3 0x8000d568 (0xa83f2e23) mem 0x80010000 0x00000001
core   0: 0x8000d56c (0xff9ff06f) j       pc - 0x8
core   0: 3 0x8000d56c (0xff9ff06f)
core   0: 0x8000d564 (0x00003f17) auipc   t5, 0x3
core   0: 3 0x8000d564 (0x00003f17) x30 0x80010564
core   0: 0x8000d568 (0xa83f2e23) sw      gp, -1380(t5)
core   0: 3 0x8000d568 (0xa83f2e23) mem 0x80010000 0x00000001
core   0: 0x8000d56c (0xff9ff06f) j       pc - 0x8
core   0: 3 0x8000d56c (0xff9ff06f)
core   0: 0x8000d564 (0x00003f17) auipc   t5, 0x3
core   0: 3 0x8000d564 (0x00003f17) x30 0x80010564
core   0: 0x8000d568 (0xa83f2e23) sw      gp, -1380(t5)
core   0: 3 0x8000d568 (0xa83f2e23) mem 0x80010000 0x00000001
core   0: 0x8000d56c (0xff9ff06f) j       pc - 0x8
core   0: 3 0x8000d56c (0xff9ff06f)
core   0: 0x8000d564 (0x00003f17) auipc   t5, 0x3
core   0: 3 0x8000d564 (0x00003f17) x30 0x80010564
core   0: 0x8000d568 (0xa83f2e23) sw      gp, -1380(t5)
core   0: 3 0x8000d568 (0xa83f2e23) mem 0x80010000 0x00000001
core   0: 0x8000d56c (0xff9ff06f) j       pc - 0x8
core   0: 3 0x8000d56c (0xff9ff06f)
core   0: 0x8000d564 (0x00003f17) auipc   t5, 0x3
core   0: 3 0x8000d564 (0x00003f17) x30 0x80010564
core   0: 0x8000d568 (0xa83f2e23) sw      gp, -1380(t5)
core   0: 3 0x8000d568 (0xa83f2e23) mem 0x80010000 0x00000001
core   0: 0x8000d56c (0xff9ff06f) j       pc - 0x8
core   0: 3 0x8000d56c (0xff9ff06f)
core   0: 0x8000d564 (0x00003f17) auipc   t5, 0x3
core   0: 3 0x8000d564 (0x00003f17) x30 0x80010564
core   0: 0x8000d568 (0xa83f2e23) sw      gp, -1380(t5)
core   0: 3 0x8000d568 (0xa83f2e23) mem 0x80010000 0x00000001
core   0: 0x8000d56c (0xff9ff06f) j       pc - 0x8
core   0: 3 0x8000d56c (0xff9ff06f)
core   0: 0x8000d564 (0x00003f17) auipc   t5, 0x3
core   0: 3 0x8000d564 (0x00003f17) x30 0x80010564
core   0: 0x8000d568 (0xa83f2e23) sw      gp, -1380(t5)
core   0: 3 0x8000d568 (0xa83f2e23) mem 0x80010000 0x00000001
core   0: 0x8000d56c (0xff9ff06f) j       pc - 0x8
core   0: 3 0x8000d56c (0xff9ff06f)
core   0: 0x8000d564 (0x00003f17) auipc   t5, 0x3
core   0: 3 0x8000d564 (0x00003f17) x30 0x80010564
core   0: 0x8000d568 (0xa83f2e23) sw      gp, -1380(t5)
core   0: 3 0x8000d568 (0xa83f2e23) mem 0x80010000 0x00000001
core   0: 0x8000d56c (0xff9ff06f) j       pc - 0x8
core   0: 3 0x8000d56c (0xff9ff06f)
core   0: 0x8000d564 (0x00003f17) auipc   t5, 0x3
core   0: 3 0x8000d564 (0x00003f17) x30 0x80010564
core   0: 0x8000d568 (0xa83f2e23) sw      gp, -1380(t5)
core   0: 3 0x8000d568 (0xa83f2e23) mem 0x80010000 0x00000001
core   0: 0x8000d56c (0xff9ff06f) j       pc - 0x8
core   0: 3 0x8000d56c (0xff9ff06f)
core   0: 0x8000d564 (0x00003f17) auipc   t5, 0x3
core   0: 3 0x8000d564 (0x00003f17) x30 0x80010564
core   0: 0x8000d568 (0xa83f2e23) sw      gp, -1380(t5)
core   0: 3 0x8000d568 (0xa83f2e23) mem 0x80010000 0x00000001
core   0: 0x8000d56c (0xff9ff06f) j       pc - 0x8
core   0: 3 0x8000d56c (0xff9ff06f)
core   0: 0x8000d564 (0x00003f17) auipc   t5, 0x3
core   0: 3 0x8000d564 (0x00003f17) x30 0x80010564
core   0: 0x8000d568 (0xa83f2e23) sw      gp, -1380(t5)
core   0: 3 0x8000d568 (0xa83f2e23) mem 0x80010000 0x00000001
core   0: 0x8000d56c (0xff9ff06f) j       pc - 0x8
core   0: 3 0x8000d56c (0xff9ff06f)
core   0: 0x8000d564 (0x00003f17) auipc   t5, 0x3
core   0: 3 0x8000d564 (0x00003f17) x30 0x80010564
core   0: 0x8000d568 (0xa83f2e23) sw      gp, -1380(t5)
core   0: 3 0x8000d568 (0xa83f2e23) mem 0x80010000 0x00000001
core   0: 0x8000d56c (0xff9ff06f) j       pc - 0x8
core   0: 3 0x8000d56c (0xff9ff06f)
core   0: 0x8000d564 (0x00003f17) auipc   t5, 0x3
core   0: 3 0x8000d564 (0x00003f17) x30 0x80010564
core   0: 0x8000d568 (0xa83f2e23) sw      gp, -1380(t5)
core   0: 3 0x8000d568 (0xa83f2e23) mem 0x80010000 0x00000001
core   0: 0x8000d56c (0xff9ff06f) j       pc - 0x8
core   0: 3 0x8000d56c (0xff9ff06f)
core   0: 0x8000d564 (0x00003f17) auipc   t5, 0x3
core   0: 3 0x8000d564 (0x00003f17) x30 0x80010564
core   0: 0x8000d568 (0xa83f2e23) sw      gp, -1380(t5)
core   0: 3 0x8000d568 (0xa83f2e23) mem 0x80010000 0x00000001
core   0: 0x8000d56c (0xff9ff06f) j       pc - 0x8
core   0: 3 0x8000d56c (0xff9ff06f)
core   0: 0x8000d564 (0x00003f17) auipc   t5, 0x3
core   0: 3 0x8000d564 (0x00003f17) x30 0x80010564
core   0: 0x8000d568 (0xa83f2e23) sw      gp, -1380(t5)
core   0: 3 0x8000d568 (0xa83f2e23) mem 0x80010000 0x00000001
core   0: 0x8000d56c (0xff9ff06f) j       pc - 0x8
core   0: 3 0x8000d56c (0xff9ff06f)
core   0: 0x8000d564 (0x00003f17) auipc   t5, 0x3
core   0: 3 0x8000d564 (0x00003f17) x30 0x80010564
core   0: 0x8000d568 (0xa83f2e23) sw      gp, -1380(t5)
core   0: 3 0x8000d568 (0xa83f2e23) mem 0x80010000 0x00000001
core   0: 0x8000d56c (0xff9ff06f) j       pc - 0x8
core   0: 3 0x8000d56c (0xff9ff06f)
core   0: 0x8000d564 (0x00003f17) auipc   t5, 0x3
core   0: 3 0x8000d564 (0x00003f17) x30 0x80010564
core   0: 0x8000d568 (0xa83f2e23) sw      gp, -1380(t5)
core   0: 3 0x8000d568 (0xa83f2e23) mem 0x80010000 0x00000001
core   0: 0x8000d56c (0xff9ff06f) j       pc - 0x8
core   0: 3 0x8000d56c (0xff9ff06f)
core   0: 0x8000d564 (0x00003f17) auipc   t5, 0x3
core   0: 3 0x8000d564 (0x00003f17) x30 0x80010564
core   0: 0x8000d568 (0xa83f2e23) sw      gp, -1380(t5)
core   0: 3 0x8000d568 (0xa83f2e23) mem 0x80010000 0x00000001
core   0: 0x8000d56c (0xff9ff06f) j       pc - 0x8
core   0: 3 0x8000d56c (0xff9ff06f)
core   0: 0x8000d564 (0x00003f17) auipc   t5, 0x3
core   0: 3 0x8000d564 (0x00003f17) x30 0x80010564
core   0: 0x8000d568 (0xa83f2e23) sw      gp, -1380(t5)
core   0: 3 0x8000d568 (0xa83f2e23) mem 0x80010000 0x00000001
core   0: 0x8000d56c (0xff9ff06f) j       pc - 0x8
core   0: 3 0x8000d56c (0xff9ff06f)
core   0: 0x8000d564 (0x00003f17) auipc   t5, 0x3
core   0: 3 0x8000d564 (0x00003f17) x30 0x80010564
core   0: 0x8000d568 (0xa83f2e23) sw      gp, -1380(t5)
core   0: 3 0x8000d568 (0xa83f2e23) mem 0x80010000 0x00000001
core   0: 0x8000d56c (0xff9ff06f) j       pc - 0x8
core   0: 3 0x8000d56c (0xff9ff06f)
core   0: 0x8000d564 (0x00003f17) auipc   t5, 0x3
core   0: 3 0x8000d564 (0x00003f17) x30 0x80010564
core   0: 0x8000d568 (0xa83f2e23) sw      gp, -1380(t5)
core   0: 3 0x8000d568 (0xa83f2e23) mem 0x80010000 0x00000001
core   0: 0x8000d56c (0xff9ff06f) j       pc - 0x8
core   0: 3 0x8000d56c (0xff9ff06f)
core   0: 0x8000d564 (0x00003f17) auipc   t5, 0x3
core   0: 3 0x8000d564 (0x00003f17) x30 0x80010564
core   0: 0x8000d568 (0xa83f2e23) sw      gp, -1380(t5)
core   0: 3 0x8000d568 (0xa83f2e23) mem 0x80010000 0x00000001
core   0: 0x8000d56c (0xff9ff06f) j       pc - 0x8
core   0: 3 0x8000d56c (0xff9ff06f)
core   0: 0x8000d564 (0x00003f17) auipc   t5, 0x3
core   0: 3 0x8000d564 (0x00003f17) x30 0x80010564
core   0: 0x8000d568 (0xa83f2e23) sw      gp, -1380(t5)
core   0: 3 0x8000d568 (0xa83f2e23) mem 0x80010000 0x00000001
core   0: 0x8000d56c (0xff9ff06f) j       pc - 0x8
core   0: 3 0x8000d56c (0xff9ff06f)
core   0: 0x8000d564 (0x00003f17) auipc   t5, 0x3
core   0: 3 0x8000d564 (0x00003f17) x30 0x80010564
core   0: 0x8000d568 (0xa83f2e23) sw      gp, -1380(t5)
core   0: 3 0x8000d568 (0xa83f2e23) mem 0x80010000 0x00000001
core   0: 0x8000d56c (0xff9ff06f) j       pc - 0x8
core   0: 3 0x8000d56c (0xff9ff06f)
core   0: 0x8000d564 (0x00003f17) auipc   t5, 0x3
core   0: 3 0x8000d564 (0x00003f17) x30 0x80010564
core   0: 0x8000d568 (0xa83f2e23) sw      gp, -1380(t5)
core   0: 3 0x8000d568 (0xa83f2e23) mem 0x80010000 0x00000001
core   0: 0x8000d56c (0xff9ff06f) j       pc - 0x8
core   0: 3 0x8000d56c (0xff9ff06f)
core   0: 0x8000d564 (0x00003f17) auipc   t5, 0x3
core   0: 3 0x8000d564 (0x00003f17) x30 0x80010564
core   0: 0x8000d568 (0xa83f2e23) sw      gp, -1380(t5)
core   0: 3 0x8000d568 (0xa83f2e23) mem 0x80010000 0x00000001
core   0: 0x8000d56c (0xff9ff06f) j       pc - 0x8
core   0: 3 0x8000d56c (0xff9ff06f)
core   0: 0x8000d564 (0x00003f17) auipc   t5, 0x3
core   0: 3 0x8000d564 (0x00003f17) x30 0x80010564
core   0: 0x8000d568 (0xa83f2e23) sw      gp, -1380(t5)
core   0: 3 0x8000d568 (0xa83f2e23) mem 0x80010000 0x00000001
core   0: 0x8000d56c (0xff9ff06f) j       pc - 0x8
core   0: 3 0x8000d56c (0xff9ff06f)
core   0: 0x8000d564 (0x00003f17) auipc   t5, 0x3
core   0: 3 0x8000d564 (0x00003f17) x30 0x80010564
core   0: 0x8000d568 (0xa83f2e23) sw      gp, -1380(t5)
core   0: 3 0x8000d568 (0xa83f2e23) mem 0x80010000 0x00000001
core   0: 0x8000d56c (0xff9ff06f) j       pc - 0x8
core   0: 3 0x8000d56c (0xff9ff06f)
core   0: 0x8000d564 (0x00003f17) auipc   t5, 0x3
core   0: 3 0x8000d564 (0x00003f17) x30 0x80010564
core   0: 0x8000d568 (0xa83f2e23) sw      gp, -1380(t5)
core   0: 3 0x8000d568 (0xa83f2e23) mem 0x80010000 0x00000001
core   0: 0x8000d56c (0xff9ff06f) j       pc - 0x8
core   0: 3 0x8000d56c (0xff9ff06f)
core   0: 0x8000d564 (0x00003f17) auipc   t5, 0x3
core   0: 3 0x8000d564 (0x00003f17) x30 0x80010564
core   0: 0x8000d568 (0xa83f2e23) sw      gp, -1380(t5)
core   0: 3 0x8000d568 (0xa83f2e23) mem 0x80010000 0x00000001
core   0: 0x8000d56c (0xff9ff06f) j       pc - 0x8
core   0: 3 0x8000d56c (0xff9ff06f)
core   0: 0x8000d564 (0x00003f17) auipc   t5, 0x3
core   0: 3 0x8000d564 (0x00003f17) x30 0x80010564
core   0: 0x8000d568 (0xa83f2e23) sw      gp, -1380(t5)
core   0: 3 0x8000d568 (0xa83f2e23) mem 0x80010000 0x00000001
core   0: 0x8000d56c (0xff9ff06f) j       pc - 0x8
core   0: 3 0x8000d56c (0xff9ff06f)
core   0: 0x8000d564 (0x00003f17) auipc   t5, 0x3
core   0: 3 0x8000d564 (0x00003f17) x30 0x80010564
core   0: 0x8000d568 (0xa83f2e23) sw      gp, -1380(t5)
core   0: 3 0x8000d568 (0xa83f2e23) mem 0x80010000 0x00000001
core   0: 0x8000d56c (0xff9ff06f) j       pc - 0x8
core   0: 3 0x8000d56c (0xff9ff06f)
core   0: 0x8000d564 (0x00003f17) auipc   t5, 0x3
core   0: 3 0x8000d564 (0x00003f17) x30 0x80010564
core   0: 0x8000d568 (0xa83f2e23) sw      gp, -1380(t5)
core   0: 3 0x8000d568 (0xa83f2e23) mem 0x80010000 0x00000001
core   0: 0x8000d56c (0xff9ff06f) j       pc - 0x8
core   0: 3 0x8000d56c (0xff9ff06f)
core   0: 0x8000d564 (0x00003f17) auipc   t5, 0x3
core   0: 3 0x8000d564 (0x00003f17) x30 0x80010564
core   0: 0x8000d568 (0xa83f2e23) sw      gp, -1380(t5)
core   0: 3 0x8000d568 (0xa83f2e23) mem 0x80010000 0x00000001
core   0: 0x8000d56c (0xff9ff06f) j       pc - 0x8
core   0: 3 0x8000d56c (0xff9ff06f)
core   0: 0x8000d564 (0x00003f17) auipc   t5, 0x3
core   0: 3 0x8000d564 (0x00003f17) x30 0x80010564
core   0: 0x8000d568 (0xa83f2e23) sw      gp, -1380(t5)
core   0: 3 0x8000d568 (0xa83f2e23) mem 0x80010000 0x00000001
core   0: 0x8000d56c (0xff9ff06f) j       pc - 0x8
core   0: 3 0x8000d56c (0xff9ff06f)
core   0: 0x8000d564 (0x00003f17) auipc   t5, 0x3
core   0: 3 0x8000d564 (0x00003f17) x30 0x80010564
core   0: 0x8000d568 (0xa83f2e23) sw      gp, -1380(t5)
core   0: 3 0x8000d568 (0xa83f2e23) mem 0x80010000 0x00000001
core   0: 0x8000d56c (0xff9ff06f) j       pc - 0x8
core   0: 3 0x8000d56c (0xff9ff06f)
core   0: 0x8000d564 (0x00003f17) auipc   t5, 0x3
core   0: 3 0x8000d564 (0x00003f17) x30 0x80010564
core   0: 0x8000d568 (0xa83f2e23) sw      gp, -1380(t5)
core   0: 3 0x8000d568 (0xa83f2e23) mem 0x80010000 0x00000001
core   0: 0x8000d56c (0xff9ff06f) j       pc - 0x8
core   0: 3 0x8000d56c (0xff9ff06f)
core   0: 0x8000d564 (0x00003f17) auipc   t5, 0x3
core   0: 3 0x8000d564 (0x00003f17) x30 0x80010564
core   0: 0x8000d568 (0xa83f2e23) sw      gp, -1380(t5)
core   0: 3 0x8000d568 (0xa83f2e23) mem 0x80010000 0x00000001
core   0: 0x8000d56c (0xff9ff06f) j       pc - 0x8
core   0: 3 0x8000d56c (0xff9ff06f)
core   0: 0x8000d564 (0x00003f17) auipc   t5, 0x3
core   0: 3 0x8000d564 (0x00003f17) x30 0x80010564
core   0: 0x8000d568 (0xa83f2e23) sw      gp, -1380(t5)
core   0: 3 0x8000d568 (0xa83f2e23) mem 0x80010000 0x00000001
core   0: 0x8000d56c (0xff9ff06f) j       pc - 0x8
core   0: 3 0x8000d56c (0xff9ff06f)
core   0: 0x8000d564 (0x00003f17) auipc   t5, 0x3
core   0: 3 0x8000d564 (0x00003f17) x30 0x80010564
core   0: 0x8000d568 (0xa83f2e23) sw      gp, -1380(t5)
core   0: 3 0x8000d568 (0xa83f2e23) mem 0x80010000 0x00000001
core   0: 0x8000d56c (0xff9ff06f) j       pc - 0x8
core   0: 3 0x8000d56c (0xff9ff06f)
core   0: 0x8000d564 (0x00003f17) auipc   t5, 0x3
core   0: 3 0x8000d564 (0x00003f17) x30 0x80010564
core   0: 0x8000d568 (0xa83f2e23) sw      gp, -1380(t5)
core   0: 3 0x8000d568 (0xa83f2e23) mem 0x80010000 0x00000001
core   0: 0x8000d56c (0xff9ff06f) j       pc - 0x8
core   0: 3 0x8000d56c (0xff9ff06f)
core   0: 0x8000d564 (0x00003f17) auipc   t5, 0x3
core   0: 3 0x8000d564 (0x00003f17) x30 0x80010564
core   0: 0x8000d568 (0xa83f2e23) sw      gp, -1380(t5)
core   0: 3 0x8000d568 (0xa83f2e23) mem 0x80010000 0x00000001
core   0: 0x8000d56c (0xff9ff06f) j       pc - 0x8
core   0: 3 0x8000d56c (0xff9ff06f)
core   0: 0x8000d564 (0x00003f17) auipc   t5, 0x3
core   0: 3 0x8000d564 (0x00003f17) x30 0x80010564
core   0: 0x8000d568 (0xa83f2e23) sw      gp, -1380(t5)
core   0: 3 0x8000d568 (0xa83f2e23) mem 0x80010000 0x00000001
core   0: 0x8000d56c (0xff9ff06f) j       pc - 0x8
core   0: 3 0x8000d56c (0xff9ff06f)
core   0: 0x8000d564 (0x00003f17) auipc   t5, 0x3
core   0: 3 0x8000d564 (0x00003f17) x30 0x80010564
core   0: 0x8000d568 (0xa83f2e23) sw      gp, -1380(t5)
core   0: 3 0x8000d568 (0xa83f2e23) mem 0x80010000 0x00000001
core   0: 0x8000d56c (0xff9ff06f) j       pc - 0x8
core   0: 3 0x8000d56c (0xff9ff06f)
core   0: 0x8000d564 (0x00003f17) auipc   t5, 0x3
core   0: 3 0x8000d564 (0x00003f17) x30 0x80010564
core   0: 0x8000d568 (0xa83f2e23) sw      gp, -1380(t5)
core   0: 3 0x8000d568 (0xa83f2e23) mem 0x80010000 0x00000001
core   0: 0x8000d56c (0xff9ff06f) j       pc - 0x8
core   0: 3 0x8000d56c (0xff9ff06f)
core   0: 0x8000d564 (0x00003f17) auipc   t5, 0x3
core   0: 3 0x8000d564 (0x00003f17) x30 0x80010564
core   0: 0x8000d568 (0xa83f2e23) sw      gp, -1380(t5)
core   0: 3 0x8000d568 (0xa83f2e23) mem 0x80010000 0x00000001
core   0: 0x8000d56c (0xff9ff06f) j       pc - 0x8
core   0: 3 0x8000d56c (0xff9ff06f)
core   0: 0x8000d564 (0x00003f17) auipc   t5, 0x3
core   0: 3 0x8000d564 (0x00003f17) x30 0x80010564
core   0: 0x8000d568 (0xa83f2e23) sw      gp, -1380(t5)
core   0: 3 0x8000d568 (0xa83f2e23) mem 0x80010000 0x00000001
core   0: 0x8000d56c (0xff9ff06f) j       pc - 0x8
core   0: 3 0x8000d56c (0xff9ff06f)
core   0: 0x8000d564 (0x00003f17) auipc   t5, 0x3
core   0: 3 0x8000d564 (0x00003f17) x30 0x80010564
core   0: 0x8000d568 (0xa83f2e23) sw      gp, -1380(t5)
core   0: 3 0x8000d568 (0xa83f2e23) mem 0x80010000 0x00000001
core   0: 0x8000d56c (0xff9ff06f) j       pc - 0x8
core   0: 3 0x8000d56c (0xff9ff06f)
core   0: 0x8000d564 (0x00003f17) auipc   t5, 0x3
core   0: 3 0x8000d564 (0x00003f17) x30 0x80010564
core   0: 0x8000d568 (0xa83f2e23) sw      gp, -1380(t5)
core   0: 3 0x8000d568 (0xa83f2e23) mem 0x80010000 0x00000001
core   0: 0x8000d56c (0xff9ff06f) j       pc - 0x8
core   0: 3 0x8000d56c (0xff9ff06f)
core   0: 0x8000d564 (0x00003f17) auipc   t5, 0x3
core   0: 3 0x8000d564 (0x00003f17) x30 0x80010564
core   0: 0x8000d568 (0xa83f2e23) sw      gp, -1380(t5)
core   0: 3 0x8000d568 (0xa83f2e23) mem 0x80010000 0x00000001
core   0: 0x8000d56c (0xff9ff06f) j       pc - 0x8
core   0: 3 0x8000d56c (0xff9ff06f)
core   0: 0x8000d564 (0x00003f17) auipc   t5, 0x3
core   0: 3 0x8000d564 (0x00003f17) x30 0x80010564
core   0: 0x8000d568 (0xa83f2e23) sw      gp, -1380(t5)
core   0: 3 0x8000d568 (0xa83f2e23) mem 0x80010000 0x00000001
core   0: 0x8000d56c (0xff9ff06f) j       pc - 0x8
core   0: 3 0x8000d56c (0xff9ff06f)
core   0: 0x8000d564 (0x00003f17) auipc   t5, 0x3
core   0: 3 0x8000d564 (0x00003f17) x30 0x80010564
core   0: 0x8000d568 (0xa83f2e23) sw      gp, -1380(t5)
core   0: 3 0x8000d568 (0xa83f2e23) mem 0x80010000 0x00000001
core   0: 0x8000d56c (0xff9ff06f) j       pc - 0x8
core   0: 3 0x8000d56c (0xff9ff06f)
core   0: 0x8000d564 (0x00003f17) auipc   t5, 0x3
core   0: 3 0x8000d564 (0x00003f17) x30 0x80010564
core   0: 0x8000d568 (0xa83f2e23) sw      gp, -1380(t5)
core   0: 3 0x8000d568 (0xa83f2e23) mem 0x80010000 0x00000001
core   0: 0x8000d56c (0xff9ff06f) j       pc - 0x8
core   0: 3 0x8000d56c (0xff9ff06f)
core   0: 0x8000d564 (0x00003f17) auipc   t5, 0x3
core   0: 3 0x8000d564 (0x00003f17) x30 0x80010564
core   0: 0x8000d568 (0xa83f2e23) sw      gp, -1380(t5)
core   0: 3 0x8000d568 (0xa83f2e23) mem 0x80010000 0x00000001
core   0: 0x8000d56c (0xff9ff06f) j       pc - 0x8
core   0: 3 0x8000d56c (0xff9ff06f)
core   0: 0x8000d564 (0x00003f17) auipc   t5, 0x3
core   0: 3 0x8000d564 (0x00003f17) x30 0x80010564
core   0: 0x8000d568 (0xa83f2e23) sw      gp, -1380(t5)
core   0: 3 0x8000d568 (0xa83f2e23) mem 0x80010000 0x00000001
core   0: 0x8000d56c (0xff9ff06f) j       pc - 0x8
core   0: 3 0x8000d56c (0xff9ff06f)
core   0: 0x8000d564 (0x00003f17) auipc   t5, 0x3
core   0: 3 0x8000d564 (0x00003f17) x30 0x80010564
core   0: 0x8000d568 (0xa83f2e23) sw      gp, -1380(t5)
core   0: 3 0x8000d568 (0xa83f2e23) mem 0x80010000 0x00000001
core   0: 0x8000d56c (0xff9ff06f) j       pc - 0x8
core   0: 3 0x8000d56c (0xff9ff06f)
core   0: 0x8000d564 (0x00003f17) auipc   t5, 0x3
core   0: 3 0x8000d564 (0x00003f17) x30 0x80010564
core   0: 0x8000d568 (0xa83f2e23) sw      gp, -1380(t5)
core   0: 3 0x8000d568 (0xa83f2e23) mem 0x80010000 0x00000001
core   0: 0x8000d56c (0xff9ff06f) j       pc - 0x8
core   0: 3 0x8000d56c (0xff9ff06f)
core   0: 0x8000d564 (0x00003f17) auipc   t5, 0x3
core   0: 3 0x8000d564 (0x00003f17) x30 0x80010564
core   0: 0x8000d568 (0xa83f2e23) sw      gp, -1380(t5)
core   0: 3 0x8000d568 (0xa83f2e23) mem 0x80010000 0x00000001
core   0: 0x8000d56c (0xff9ff06f) j       pc - 0x8
core   0: 3 0x8000d56c (0xff9ff06f)
core   0: 0x8000d564 (0x00003f17) auipc   t5, 0x3
core   0: 3 0x8000d564 (0x00003f17) x30 0x80010564
core   0: 0x8000d568 (0xa83f2e23) sw      gp, -1380(t5)
core   0: 3 0x8000d568 (0xa83f2e23) mem 0x80010000 0x00000001
core   0: 0x8000d56c (0xff9ff06f) j       pc - 0x8
core   0: 3 0x8000d56c (0xff9ff06f)
core   0: 0x8000d564 (0x00003f17) auipc   t5, 0x3
core   0: 3 0x8000d564 (0x00003f17) x30 0x80010564
core   0: 0x8000d568 (0xa83f2e23) sw      gp, -1380(t5)
core   0: 3 0x8000d568 (0xa83f2e23) mem 0x80010000 0x00000001
core   0: 0x8000d56c (0xff9ff06f) j       pc - 0x8
core   0: 3 0x8000d56c (0xff9ff06f)
core   0: 0x8000d564 (0x00003f17) auipc   t5, 0x3
core   0: 3 0x8000d564 (0x00003f17) x30 0x80010564
core   0: 0x8000d568 (0xa83f2e23) sw      gp, -1380(t5)
core   0: 3 0x8000d568 (0xa83f2e23) mem 0x80010000 0x00000001
core   0: 0x8000d56c (0xff9ff06f) j       pc - 0x8
core   0: 3 0x8000d56c (0xff9ff06f)
core   0: 0x8000d564 (0x00003f17) auipc   t5, 0x3
core   0: 3 0x8000d564 (0x00003f17) x30 0x80010564
core   0: 0x8000d568 (0xa83f2e23) sw      gp, -1380(t5)
core   0: 3 0x8000d568 (0xa83f2e23) mem 0x80010000 0x00000001
core   0: 0x8000d56c (0xff9ff06f) j       pc - 0x8
core   0: 3 0x8000d56c (0xff9ff06f)
core   0: 0x8000d564 (0x00003f17) auipc   t5, 0x3
core   0: 3 0x8000d564 (0x00003f17) x30 0x80010564
core   0: 0x8000d568 (0xa83f2e23) sw      gp, -1380(t5)
core   0: 3 0x8000d568 (0xa83f2e23) mem 0x80010000 0x00000001
core   0: 0x8000d56c (0xff9ff06f) j       pc - 0x8
core   0: 3 0x8000d56c (0xff9ff06f)
core   0: 0x8000d564 (0x00003f17) auipc   t5, 0x3
core   0: 3 0x8000d564 (0x00003f17) x30 0x80010564
core   0: 0x8000d568 (0xa83f2e23) sw      gp, -1380(t5)
core   0: 3 0x8000d568 (0xa83f2e23) mem 0x80010000 0x00000001
core   0: 0x8000d56c (0xff9ff06f) j       pc - 0x8
core   0: 3 0x8000d56c (0xff9ff06f)
core   0: 0x8000d564 (0x00003f17) auipc   t5, 0x3
core   0: 3 0x8000d564 (0x00003f17) x30 0x80010564
core   0: 0x8000d568 (0xa83f2e23) sw      gp, -1380(t5)
core   0: 3 0x8000d568 (0xa83f2e23) mem 0x80010000 0x00000001
core   0: 0x8000d56c (0xff9ff06f) j       pc - 0x8
core   0: 3 0x8000d56c (0xff9ff06f)
core   0: 0x8000d564 (0x00003f17) auipc   t5, 0x3
core   0: 3 0x8000d564 (0x00003f17) x30 0x80010564
core   0: 0x8000d568 (0xa83f2e23) sw      gp, -1380(t5)
core   0: 3 0x8000d568 (0xa83f2e23) mem 0x80010000 0x00000001
core   0: 0x8000d56c (0xff9ff06f) j       pc - 0x8
core   0: 3 0x8000d56c (0xff9ff06f)
core   0: 0x8000d564 (0x00003f17) auipc   t5, 0x3
core   0: 3 0x8000d564 (0x00003f17) x30 0x80010564
core   0: 0x8000d568 (0xa83f2e23) sw      gp, -1380(t5)
core   0: 3 0x8000d568 (0xa83f2e23) mem 0x80010000 0x00000001
core   0: 0x8000d56c (0xff9ff06f) j       pc - 0x8
core   0: 3 0x8000d56c (0xff9ff06f)
core   0: 0x8000d564 (0x00003f17) auipc   t5, 0x3
core   0: 3 0x8000d564 (0x00003f17) x30 0x80010564
core   0: 0x8000d568 (0xa83f2e23) sw      gp, -1380(t5)
core   0: 3 0x8000d568 (0xa83f2e23) mem 0x80010000 0x00000001
core   0: 0x8000d56c (0xff9ff06f) j       pc - 0x8
core   0: 3 0x8000d56c (0xff9ff06f)
core   0: 0x8000d564 (0x00003f17) auipc   t5, 0x3
core   0: 3 0x8000d564 (0x00003f17) x30 0x80010564
core   0: 0x8000d568 (0xa83f2e23) sw      gp, -1380(t5)
core   0: 3 0x8000d568 (0xa83f2e23) mem 0x80010000 0x00000001
core   0: 0x8000d56c (0xff9ff06f) j       pc - 0x8
core   0: 3 0x8000d56c (0xff9ff06f)
core   0: 0x8000d564 (0x00003f17) auipc   t5, 0x3
core   0: 3 0x8000d564 (0x00003f17) x30 0x80010564
core   0: 0x8000d568 (0xa83f2e23) sw      gp, -1380(t5)
core   0: 3 0x8000d568 (0xa83f2e23) mem 0x80010000 0x00000001
core   0: 0x8000d56c (0xff9ff06f) j       pc - 0x8
core   0: 3 0x8000d56c (0xff9ff06f)
core   0: 0x8000d564 (0x00003f17) auipc   t5, 0x3
core   0: 3 0x8000d564 (0x00003f17) x30 0x80010564
core   0: 0x8000d568 (0xa83f2e23) sw      gp, -1380(t5)
core   0: 3 0x8000d568 (0xa83f2e23) mem 0x80010000 0x00000001
core   0: 0x8000d56c (0xff9ff06f) j       pc - 0x8
core   0: 3 0x8000d56c (0xff9ff06f)
core   0: 0x8000d564 (0x00003f17) auipc   t5, 0x3
core   0: 3 0x8000d564 (0x00003f17) x30 0x80010564
core   0: 0x8000d568 (0xa83f2e23) sw      gp, -1380(t5)
core   0: 3 0x8000d568 (0xa83f2e23) mem 0x80010000 0x00000001
core   0: 0x8000d56c (0xff9ff06f) j       pc - 0x8
core   0: 3 0x8000d56c (0xff9ff06f)
core   0: 0x8000d564 (0x00003f17) auipc   t5, 0x3
core   0: 3 0x8000d564 (0x00003f17) x30 0x80010564
core   0: 0x8000d568 (0xa83f2e23) sw      gp, -1380(t5)
core   0: 3 0x8000d568 (0xa83f2e23) mem 0x80010000 0x00000001
core   0: 0x8000d56c (0xff9ff06f) j       pc - 0x8
core   0: 3 0x8000d56c (0xff9ff06f)
core   0: 0x8000d564 (0x00003f17) auipc   t5, 0x3
core   0: 3 0x8000d564 (0x00003f17) x30 0x80010564
core   0: 0x8000d568 (0xa83f2e23) sw      gp, -1380(t5)
core   0: 3 0x8000d568 (0xa83f2e23) mem 0x80010000 0x00000001
core   0: 0x8000d56c (0xff9ff06f) j       pc - 0x8
core   0: 3 0x8000d56c (0xff9ff06f)
core   0: 0x8000d564 (0x00003f17) auipc   t5, 0x3
core   0: 3 0x8000d564 (0x00003f17) x30 0x80010564
core   0: 0x8000d568 (0xa83f2e23) sw      gp, -1380(t5)
core   0: 3 0x8000d568 (0xa83f2e23) mem 0x80010000 0x00000001
core   0: 0x8000d56c (0xff9ff06f) j       pc - 0x8
core   0: 3 0x8000d56c (0xff9ff06f)
core   0: 0x8000d564 (0x00003f17) auipc   t5, 0x3
core   0: 3 0x8000d564 (0x00003f17) x30 0x80010564
core   0: 0x8000d568 (0xa83f2e23) sw      gp, -1380(t5)
core   0: 3 0x8000d568 (0xa83f2e23) mem 0x80010000 0x00000001
core   0: 0x8000d56c (0xff9ff06f) j       pc - 0x8
core   0: 3 0x8000d56c (0xff9ff06f)
core   0: 0x8000d564 (0x00003f17) auipc   t5, 0x3
core   0: 3 0x8000d564 (0x00003f17) x30 0x80010564
core   0: 0x8000d568 (0xa83f2e23) sw      gp, -1380(t5)
core   0: 3 0x8000d568 (0xa83f2e23) mem 0x80010000 0x00000001
core   0: 0x8000d56c (0xff9ff06f) j       pc - 0x8
core   0: 3 0x8000d56c (0xff9ff06f)
core   0: 0x8000d564 (0x00003f17) auipc   t5, 0x3
core   0: 3 0x8000d564 (0x00003f17) x30 0x80010564
core   0: 0x8000d568 (0xa83f2e23) sw      gp, -1380(t5)
core   0: 3 0x8000d568 (0xa83f2e23) mem 0x80010000 0x00000001
core   0: 0x8000d56c (0xff9ff06f) j       pc - 0x8
core   0: 3 0x8000d56c (0xff9ff06f)
core   0: 0x8000d564 (0x00003f17) auipc   t5, 0x3
core   0: 3 0x8000d564 (0x00003f17) x30 0x80010564
core   0: 0x8000d568 (0xa83f2e23) sw      gp, -1380(t5)
core   0: 3 0x8000d568 (0xa83f2e23) mem 0x80010000 0x00000001
core   0: 0x8000d56c (0xff9ff06f) j       pc - 0x8
core   0: 3 0x8000d56c (0xff9ff06f)
core   0: 0x8000d564 (0x00003f17) auipc   t5, 0x3
core   0: 3 0x8000d564 (0x00003f17) x30 0x80010564
core   0: 0x8000d568 (0xa83f2e23) sw      gp, -1380(t5)
core   0: 3 0x8000d568 (0xa83f2e23) mem 0x80010000 0x00000001
core   0: 0x8000d56c (0xff9ff06f) j       pc - 0x8
core   0: 3 0x8000d56c (0xff9ff06f)
core   0: 0x8000d564 (0x00003f17) auipc   t5, 0x3
core   0: 3 0x8000d564 (0x00003f17) x30 0x80010564
core   0: 0x8000d568 (0xa83f2e23) sw      gp, -1380(t5)
core   0: 3 0x8000d568 (0xa83f2e23) mem 0x80010000 0x00000001
core   0: 0x8000d56c (0xff9ff06f) j       pc - 0x8
core   0: 3 0x8000d56c (0xff9ff06f)
core   0: 0x8000d564 (0x00003f17) auipc   t5, 0x3
core   0: 3 0x8000d564 (0x00003f17) x30 0x80010564
core   0: 0x8000d568 (0xa83f2e23) sw      gp, -1380(t5)
core   0: 3 0x8000d568 (0xa83f2e23) mem 0x80010000 0x00000001
core   0: 0x8000d56c (0xff9ff06f) j       pc - 0x8
core   0: 3 0x8000d56c (0xff9ff06f)
core   0: 0x8000d564 (0x00003f17) auipc   t5, 0x3
core   0: 3 0x8000d564 (0x00003f17) x30 0x80010564
core   0: 0x8000d568 (0xa83f2e23) sw      gp, -1380(t5)
core   0: 3 0x8000d568 (0xa83f2e23) mem 0x80010000 0x00000001
core   0: 0x8000d56c (0xff9ff06f) j       pc - 0x8
core   0: 3 0x8000d56c (0xff9ff06f)
core   0: 0x8000d564 (0x00003f17) auipc   t5, 0x3
core   0: 3 0x8000d564 (0x00003f17) x30 0x80010564
core   0: 0x8000d568 (0xa83f2e23) sw      gp, -1380(t5)
core   0: 3 0x8000d568 (0xa83f2e23) mem 0x80010000 0x00000001
core   0: 0x8000d56c (0xff9ff06f) j       pc - 0x8
core   0: 3 0x8000d56c (0xff9ff06f)
core   0: 0x8000d564 (0x00003f17) auipc   t5, 0x3
core   0: 3 0x8000d564 (0x00003f17) x30 0x80010564
core   0: 0x8000d568 (0xa83f2e23) sw      gp, -1380(t5)
core   0: 3 0x8000d568 (0xa83f2e23) mem 0x80010000 0x00000001
core   0: 0x8000d56c (0xff9ff06f) j       pc - 0x8
core   0: 3 0x8000d56c (0xff9ff06f)
core   0: 0x8000d564 (0x00003f17) auipc   t5, 0x3
core   0: 3 0x8000d564 (0x00003f17) x30 0x80010564
core   0: 0x8000d568 (0xa83f2e23) sw      gp, -1380(t5)
core   0: 3 0x8000d568 (0xa83f2e23) mem 0x80010000 0x00000001
core   0: 0x8000d56c (0xff9ff06f) j       pc - 0x8
core   0: 3 0x8000d56c (0xff9ff06f)
core   0: 0x8000d564 (0x00003f17) auipc   t5, 0x3
core   0: 3 0x8000d564 (0x00003f17) x30 0x80010564
core   0: 0x8000d568 (0xa83f2e23) sw      gp, -1380(t5)
core   0: 3 0x8000d568 (0xa83f2e23) mem 0x80010000 0x00000001
core   0: 0x8000d56c (0xff9ff06f) j       pc - 0x8
core   0: 3 0x8000d56c (0xff9ff06f)
core   0: 0x8000d564 (0x00003f17) auipc   t5, 0x3
core   0: 3 0x8000d564 (0x00003f17) x30 0x80010564
core   0: 0x8000d568 (0xa83f2e23) sw      gp, -1380(t5)
core   0: 3 0x8000d568 (0xa83f2e23) mem 0x80010000 0x00000001
core   0: 0x8000d56c (0xff9ff06f) j       pc - 0x8
core   0: 3 0x8000d56c (0xff9ff06f)
core   0: 0x8000d564 (0x00003f17) auipc   t5, 0x3
core   0: 3 0x8000d564 (0x00003f17) x30 0x80010564
core   0: 0x8000d568 (0xa83f2e23) sw      gp, -1380(t5)
core   0: 3 0x8000d568 (0xa83f2e23) mem 0x80010000 0x00000001
core   0: 0x8000d56c (0xff9ff06f) j       pc - 0x8
core   0: 3 0x8000d56c (0xff9ff06f)
core   0: 0x8000d564 (0x00003f17) auipc   t5, 0x3
core   0: 3 0x8000d564 (0x00003f17) x30 0x80010564
core   0: 0x8000d568 (0xa83f2e23) sw      gp, -1380(t5)
core   0: 3 0x8000d568 (0xa83f2e23) mem 0x80010000 0x00000001
core   0: 0x8000d56c (0xff9ff06f) j       pc - 0x8
core   0: 3 0x8000d56c (0xff9ff06f)
core   0: 0x8000d564 (0x00003f17) auipc   t5, 0x3
core   0: 3 0x8000d564 (0x00003f17) x30 0x80010564
core   0: 0x8000d568 (0xa83f2e23) sw      gp, -1380(t5)
core   0: 3 0x8000d568 (0xa83f2e23) mem 0x80010000 0x00000001
core   0: 0x8000d56c (0xff9ff06f) j       pc - 0x8
core   0: 3 0x8000d56c (0xff9ff06f)
core   0: 0x8000d564 (0x00003f17) auipc   t5, 0x3
core   0: 3 0x8000d564 (0x00003f17) x30 0x80010564
core   0: 0x8000d568 (0xa83f2e23) sw      gp, -1380(t5)
core   0: 3 0x8000d568 (0xa83f2e23) mem 0x80010000 0x00000001
core   0: 0x8000d56c (0xff9ff06f) j       pc - 0x8
core   0: 3 0x8000d56c (0xff9ff06f)
core   0: 0x8000d564 (0x00003f17) auipc   t5, 0x3
core   0: 3 0x8000d564 (0x00003f17) x30 0x80010564
core   0: 0x8000d568 (0xa83f2e23) sw      gp, -1380(t5)
core   0: 3 0x8000d568 (0xa83f2e23) mem 0x80010000 0x00000001
core   0: 0x8000d56c (0xff9ff06f) j       pc - 0x8
core   0: 3 0x8000d56c (0xff9ff06f)
core   0: 0x8000d564 (0x00003f17) auipc   t5, 0x3
core   0: 3 0x8000d564 (0x00003f17) x30 0x80010564
core   0: 0x8000d568 (0xa83f2e23) sw      gp, -1380(t5)
core   0: 3 0x8000d568 (0xa83f2e23) mem 0x80010000 0x00000001
core   0: 0x8000d56c (0xff9ff06f) j       pc - 0x8
core   0: 3 0x8000d56c (0xff9ff06f)
core   0: 0x8000d564 (0x00003f17) auipc   t5, 0x3
core   0: 3 0x8000d564 (0x00003f17) x30 0x80010564
core   0: 0x8000d568 (0xa83f2e23) sw      gp, -1380(t5)
core   0: 3 0x8000d568 (0xa83f2e23) mem 0x80010000 0x00000001
core   0: 0x8000d56c (0xff9ff06f) j       pc - 0x8
core   0: 3 0x8000d56c (0xff9ff06f)
core   0: 0x8000d564 (0x00003f17) auipc   t5, 0x3
core   0: 3 0x8000d564 (0x00003f17) x30 0x80010564
core   0: 0x8000d568 (0xa83f2e23) sw      gp, -1380(t5)
core   0: 3 0x8000d568 (0xa83f2e23) mem 0x80010000 0x00000001
core   0: 0x8000d56c (0xff9ff06f) j       pc - 0x8
core   0: 3 0x8000d56c (0xff9ff06f)
core   0: 0x8000d564 (0x00003f17) auipc   t5, 0x3
core   0: 3 0x8000d564 (0x00003f17) x30 0x80010564
core   0: 0x8000d568 (0xa83f2e23) sw      gp, -1380(t5)
core   0: 3 0x8000d568 (0xa83f2e23) mem 0x80010000 0x00000001
core   0: 0x8000d56c (0xff9ff06f) j       pc - 0x8
core   0: 3 0x8000d56c (0xff9ff06f)
core   0: 0x8000d564 (0x00003f17) auipc   t5, 0x3
core   0: 3 0x8000d564 (0x00003f17) x30 0x80010564
core   0: 0x8000d568 (0xa83f2e23) sw      gp, -1380(t5)
core   0: 3 0x8000d568 (0xa83f2e23) mem 0x80010000 0x00000001
core   0: 0x8000d56c (0xff9ff06f) j       pc - 0x8
core   0: 3 0x8000d56c (0xff9ff06f)
core   0: 0x8000d564 (0x00003f17) auipc   t5, 0x3
core   0: 3 0x8000d564 (0x00003f17) x30 0x80010564
core   0: 0x8000d568 (0xa83f2e23) sw      gp, -1380(t5)
core   0: 3 0x8000d568 (0xa83f2e23) mem 0x80010000 0x00000001
core   0: 0x8000d56c (0xff9ff06f) j       pc - 0x8
core   0: 3 0x8000d56c (0xff9ff06f)
core   0: 0x8000d564 (0x00003f17) auipc   t5, 0x3
core   0: 3 0x8000d564 (0x00003f17) x30 0x80010564
core   0: 0x8000d568 (0xa83f2e23) sw      gp, -1380(t5)
core   0: 3 0x8000d568 (0xa83f2e23) mem 0x80010000 0x00000001
core   0: 0x8000d56c (0xff9ff06f) j       pc - 0x8
core   0: 3 0x8000d56c (0xff9ff06f)
core   0: 0x8000d564 (0x00003f17) auipc   t5, 0x3
core   0: 3 0x8000d564 (0x00003f17) x30 0x80010564
core   0: 0x8000d568 (0xa83f2e23) sw      gp, -1380(t5)
core   0: 3 0x8000d568 (0xa83f2e23) mem 0x80010000 0x00000001
core   0: 0x8000d56c (0xff9ff06f) j       pc - 0x8
core   0: 3 0x8000d56c (0xff9ff06f)
core   0: 0x8000d564 (0x00003f17) auipc   t5, 0x3
core   0: 3 0x8000d564 (0x00003f17) x30 0x80010564
core   0: 0x8000d568 (0xa83f2e23) sw      gp, -1380(t5)
core   0: 3 0x8000d568 (0xa83f2e23) mem 0x80010000 0x00000001
core   0: 0x8000d56c (0xff9ff06f) j       pc - 0x8
core   0: 3 0x8000d56c (0xff9ff06f)
core   0: 0x8000d564 (0x00003f17) auipc   t5, 0x3
core   0: 3 0x8000d564 (0x00003f17) x30 0x80010564
core   0: 0x8000d568 (0xa83f2e23) sw      gp, -1380(t5)
core   0: 3 0x8000d568 (0xa83f2e23) mem 0x80010000 0x00000001
core   0: 0x8000d56c (0xff9ff06f) j       pc - 0x8
core   0: 3 0x8000d56c (0xff9ff06f)
core   0: 0x8000d564 (0x00003f17) auipc   t5, 0x3
core   0: 3 0x8000d564 (0x00003f17) x30 0x80010564
core   0: 0x8000d568 (0xa83f2e23) sw      gp, -1380(t5)
core   0: 3 0x8000d568 (0xa83f2e23) mem 0x80010000 0x00000001
core   0: 0x8000d56c (0xff9ff06f) j       pc - 0x8
core   0: 3 0x8000d56c (0xff9ff06f)
core   0: 0x8000d564 (0x00003f17) auipc   t5, 0x3
core   0: 3 0x8000d564 (0x00003f17) x30 0x80010564
core   0: 0x8000d568 (0xa83f2e23) sw      gp, -1380(t5)
core   0: 3 0x8000d568 (0xa83f2e23) mem 0x80010000 0x00000001
core   0: 0x8000d56c (0xff9ff06f) j       pc - 0x8
core   0: 3 0x8000d56c (0xff9ff06f)
core   0: 0x8000d564 (0x00003f17) auipc   t5, 0x3
core   0: 3 0x8000d564 (0x00003f17) x30 0x80010564
core   0: 0x8000d568 (0xa83f2e23) sw      gp, -1380(t5)
core   0: 3 0x8000d568 (0xa83f2e23) mem 0x80010000 0x00000001
core   0: 0x8000d56c (0xff9ff06f) j       pc - 0x8
core   0: 3 0x8000d56c (0xff9ff06f)
core   0: 0x8000d564 (0x00003f17) auipc   t5, 0x3
core   0: 3 0x8000d564 (0x00003f17) x30 0x80010564
core   0: 0x8000d568 (0xa83f2e23) sw      gp, -1380(t5)
core   0: 3 0x8000d568 (0xa83f2e23) mem 0x80010000 0x00000001
core   0: 0x8000d56c (0xff9ff06f) j       pc - 0x8
core   0: 3 0x8000d56c (0xff9ff06f)
core   0: 0x8000d564 (0x00003f17) auipc   t5, 0x3
core   0: 3 0x8000d564 (0x00003f17) x30 0x80010564
core   0: 0x8000d568 (0xa83f2e23) sw      gp, -1380(t5)
core   0: 3 0x8000d568 (0xa83f2e23) mem 0x80010000 0x00000001
core   0: 0x8000d56c (0xff9ff06f) j       pc - 0x8
core   0: 3 0x8000d56c (0xff9ff06f)
core   0: 0x8000d564 (0x00003f17) auipc   t5, 0x3
core   0: 3 0x8000d564 (0x00003f17) x30 0x80010564
core   0: 0x8000d568 (0xa83f2e23) sw      gp, -1380(t5)
core   0: 3 0x8000d568 (0xa83f2e23) mem 0x80010000 0x00000001
core   0: 0x8000d56c (0xff9ff06f) j       pc - 0x8
core   0: 3 0x8000d56c (0xff9ff06f)
core   0: 0x8000d564 (0x00003f17) auipc   t5, 0x3
core   0: 3 0x8000d564 (0x00003f17) x30 0x80010564
core   0: 0x8000d568 (0xa83f2e23) sw      gp, -1380(t5)
core   0: 3 0x8000d568 (0xa83f2e23) mem 0x80010000 0x00000001
core   0: 0x8000d56c (0xff9ff06f) j       pc - 0x8
core   0: 3 0x8000d56c (0xff9ff06f)
core   0: 0x8000d564 (0x00003f17) auipc   t5, 0x3
core   0: 3 0x8000d564 (0x00003f17) x30 0x80010564
core   0: 0x8000d568 (0xa83f2e23) sw      gp, -1380(t5)
core   0: 3 0x8000d568 (0xa83f2e23) mem 0x80010000 0x00000001
core   0: 0x8000d56c (0xff9ff06f) j       pc - 0x8
core   0: 3 0x8000d56c (0xff9ff06f)
core   0: 0x8000d564 (0x00003f17) auipc   t5, 0x3
core   0: 3 0x8000d564 (0x00003f17) x30 0x80010564
core   0: 0x8000d568 (0xa83f2e23) sw      gp, -1380(t5)
core   0: 3 0x8000d568 (0xa83f2e23) mem 0x80010000 0x00000001
core   0: 0x8000d56c (0xff9ff06f) j       pc - 0x8
core   0: 3 0x8000d56c (0xff9ff06f)
core   0: 0x8000d564 (0x00003f17) auipc   t5, 0x3
core   0: 3 0x8000d564 (0x00003f17) x30 0x80010564
core   0: 0x8000d568 (0xa83f2e23) sw      gp, -1380(t5)
core   0: 3 0x8000d568 (0xa83f2e23) mem 0x80010000 0x00000001
core   0: 0x8000d56c (0xff9ff06f) j       pc - 0x8
core   0: 3 0x8000d56c (0xff9ff06f)
core   0: 0x8000d564 (0x00003f17) auipc   t5, 0x3
core   0: 3 0x8000d564 (0x00003f17) x30 0x80010564
core   0: 0x8000d568 (0xa83f2e23) sw      gp, -1380(t5)
core   0: 3 0x8000d568 (0xa83f2e23) mem 0x80010000 0x00000001
core   0: 0x8000d56c (0xff9ff06f) j       pc - 0x8
core   0: 3 0x8000d56c (0xff9ff06f)
core   0: 0x8000d564 (0x00003f17) auipc   t5, 0x3
core   0: 3 0x8000d564 (0x00003f17) x30 0x80010564
core   0: 0x8000d568 (0xa83f2e23) sw      gp, -1380(t5)
core   0: 3 0x8000d568 (0xa83f2e23) mem 0x80010000 0x00000001
core   0: 0x8000d56c (0xff9ff06f) j       pc - 0x8
core   0: 3 0x8000d56c (0xff9ff06f)
core   0: 0x8000d564 (0x00003f17) auipc   t5, 0x3
core   0: 3 0x8000d564 (0x00003f17) x30 0x80010564
core   0: 0x8000d568 (0xa83f2e23) sw      gp, -1380(t5)
core   0: 3 0x8000d568 (0xa83f2e23) mem 0x80010000 0x00000001
core   0: 0x8000d56c (0xff9ff06f) j       pc - 0x8
core   0: 3 0x8000d56c (0xff9ff06f)
core   0: 0x8000d564 (0x00003f17) auipc   t5, 0x3
core   0: 3 0x8000d564 (0x00003f17) x30 0x80010564
core   0: 0x8000d568 (0xa83f2e23) sw      gp, -1380(t5)
core   0: 3 0x8000d568 (0xa83f2e23) mem 0x80010000 0x00000001
core   0: 0x8000d56c (0xff9ff06f) j       pc - 0x8
core   0: 3 0x8000d56c (0xff9ff06f)
core   0: 0x8000d564 (0x00003f17) auipc   t5, 0x3
core   0: 3 0x8000d564 (0x00003f17) x30 0x80010564
core   0: 0x8000d568 (0xa83f2e23) sw      gp, -1380(t5)
core   0: 3 0x8000d568 (0xa83f2e23) mem 0x80010000 0x00000001
core   0: 0x8000d56c (0xff9ff06f) j       pc - 0x8
core   0: 3 0x8000d56c (0xff9ff06f)
core   0: 0x8000d564 (0x00003f17) auipc   t5, 0x3
core   0: 3 0x8000d564 (0x00003f17) x30 0x80010564
core   0: 0x8000d568 (0xa83f2e23) sw      gp, -1380(t5)
core   0: 3 0x8000d568 (0xa83f2e23) mem 0x80010000 0x00000001
core   0: 0x8000d56c (0xff9ff06f) j       pc - 0x8
core   0: 3 0x8000d56c (0xff9ff06f)
core   0: 0x8000d564 (0x00003f17) auipc   t5, 0x3
core   0: 3 0x8000d564 (0x00003f17) x30 0x80010564
core   0: 0x8000d568 (0xa83f2e23) sw      gp, -1380(t5)
core   0: 3 0x8000d568 (0xa83f2e23) mem 0x80010000 0x00000001
core   0: 0x8000d56c (0xff9ff06f) j       pc - 0x8
core   0: 3 0x8000d56c (0xff9ff06f)
core   0: 0x8000d564 (0x00003f17) auipc   t5, 0x3
core   0: 3 0x8000d564 (0x00003f17) x30 0x80010564
core   0: 0x8000d568 (0xa83f2e23) sw      gp, -1380(t5)
core   0: 3 0x8000d568 (0xa83f2e23) mem 0x80010000 0x00000001
core   0: 0x8000d56c (0xff9ff06f) j       pc - 0x8
core   0: 3 0x8000d56c (0xff9ff06f)
core   0: 0x8000d564 (0x00003f17) auipc   t5, 0x3
core   0: 3 0x8000d564 (0x00003f17) x30 0x80010564
core   0: 0x8000d568 (0xa83f2e23) sw      gp, -1380(t5)
core   0: 3 0x8000d568 (0xa83f2e23) mem 0x80010000 0x00000001
core   0: 0x8000d56c (0xff9ff06f) j       pc - 0x8
core   0: 3 0x8000d56c (0xff9ff06f)
core   0: 0x8000d564 (0x00003f17) auipc   t5, 0x3
core   0: 3 0x8000d564 (0x00003f17) x30 0x80010564
core   0: 0x8000d568 (0xa83f2e23) sw      gp, -1380(t5)
core   0: 3 0x8000d568 (0xa83f2e23) mem 0x80010000 0x00000001
core   0: 0x8000d56c (0xff9ff06f) j       pc - 0x8
core   0: 3 0x8000d56c (0xff9ff06f)
core   0: 0x8000d564 (0x00003f17) auipc   t5, 0x3
core   0: 3 0x8000d564 (0x00003f17) x30 0x80010564
core   0: 0x8000d568 (0xa83f2e23) sw      gp, -1380(t5)
core   0: 3 0x8000d568 (0xa83f2e23) mem 0x80010000 0x00000001
core   0: 0x8000d56c (0xff9ff06f) j       pc - 0x8
core   0: 3 0x8000d56c (0xff9ff06f)
core   0: 0x8000d564 (0x00003f17) auipc   t5, 0x3
core   0: 3 0x8000d564 (0x00003f17) x30 0x80010564
core   0: 0x8000d568 (0xa83f2e23) sw      gp, -1380(t5)
core   0: 3 0x8000d568 (0xa83f2e23) mem 0x80010000 0x00000001
core   0: 0x8000d56c (0xff9ff06f) j       pc - 0x8
core   0: 3 0x8000d56c (0xff9ff06f)
core   0: 0x8000d564 (0x00003f17) auipc   t5, 0x3
core   0: 3 0x8000d564 (0x00003f17) x30 0x80010564
core   0: 0x8000d568 (0xa83f2e23) sw      gp, -1380(t5)
core   0: 3 0x8000d568 (0xa83f2e23) mem 0x80010000 0x00000001
core   0: 0x8000d56c (0xff9ff06f) j       pc - 0x8
core   0: 3 0x8000d56c (0xff9ff06f)
core   0: 0x8000d564 (0x00003f17) auipc   t5, 0x3
core   0: 3 0x8000d564 (0x00003f17) x30 0x80010564
core   0: 0x8000d568 (0xa83f2e23) sw      gp, -1380(t5)
core   0: 3 0x8000d568 (0xa83f2e23) mem 0x80010000 0x00000001
core   0: 0x8000d56c (0xff9ff06f) j       pc - 0x8
core   0: 3 0x8000d56c (0xff9ff06f)
core   0: 0x8000d564 (0x00003f17) auipc   t5, 0x3
core   0: 3 0x8000d564 (0x00003f17) x30 0x80010564
core   0: 0x8000d568 (0xa83f2e23) sw      gp, -1380(t5)
core   0: 3 0x8000d568 (0xa83f2e23) mem 0x80010000 0x00000001
core   0: 0x8000d56c (0xff9ff06f) j       pc - 0x8
core   0: 3 0x8000d56c (0xff9ff06f)
core   0: 0x8000d564 (0x00003f17) auipc   t5, 0x3
core   0: 3 0x8000d564 (0x00003f17) x30 0x80010564
core   0: 0x8000d568 (0xa83f2e23) sw      gp, -1380(t5)
core   0: 3 0x8000d568 (0xa83f2e23) mem 0x80010000 0x00000001
core   0: 0x8000d56c (0xff9ff06f) j       pc - 0x8
core   0: 3 0x8000d56c (0xff9ff06f)
core   0: 0x8000d564 (0x00003f17) auipc   t5, 0x3
core   0: 3 0x8000d564 (0x00003f17) x30 0x80010564
core   0: 0x8000d568 (0xa83f2e23) sw      gp, -1380(t5)
core   0: 3 0x8000d568 (0xa83f2e23) mem 0x80010000 0x00000001
core   0: 0x8000d56c (0xff9ff06f) j       pc - 0x8
core   0: 3 0x8000d56c (0xff9ff06f)
core   0: 0x8000d564 (0x00003f17) auipc   t5, 0x3
core   0: 3 0x8000d564 (0x00003f17) x30 0x80010564
core   0: 0x8000d568 (0xa83f2e23) sw      gp, -1380(t5)
core   0: 3 0x8000d568 (0xa83f2e23) mem 0x80010000 0x00000001
core   0: 0x8000d56c (0xff9ff06f) j       pc - 0x8
core   0: 3 0x8000d56c (0xff9ff06f)
core   0: 0x8000d564 (0x00003f17) auipc   t5, 0x3
core   0: 3 0x8000d564 (0x00003f17) x30 0x80010564
core   0: 0x8000d568 (0xa83f2e23) sw      gp, -1380(t5)
core   0: 3 0x8000d568 (0xa83f2e23) mem 0x80010000 0x00000001
core   0: 0x8000d56c (0xff9ff06f) j       pc - 0x8
core   0: 3 0x8000d56c (0xff9ff06f)
core   0: 0x8000d564 (0x00003f17) auipc   t5, 0x3
core   0: 3 0x8000d564 (0x00003f17) x30 0x80010564
core   0: 0x8000d568 (0xa83f2e23) sw      gp, -1380(t5)
core   0: 3 0x8000d568 (0xa83f2e23) mem 0x80010000 0x00000001
core   0: 0x8000d56c (0xff9ff06f) j       pc - 0x8
core   0: 3 0x8000d56c (0xff9ff06f)
core   0: 0x8000d564 (0x00003f17) auipc   t5, 0x3
core   0: 3 0x8000d564 (0x00003f17) x30 0x80010564
core   0: 0x8000d568 (0xa83f2e23) sw      gp, -1380(t5)
core   0: 3 0x8000d568 (0xa83f2e23) mem 0x80010000 0x00000001
core   0: 0x8000d56c (0xff9ff06f) j       pc - 0x8
core   0: 3 0x8000d56c (0xff9ff06f)
core   0: 0x8000d564 (0x00003f17) auipc   t5, 0x3
core   0: 3 0x8000d564 (0x00003f17) x30 0x80010564
core   0: 0x8000d568 (0xa83f2e23) sw      gp, -1380(t5)
core   0: 3 0x8000d568 (0xa83f2e23) mem 0x80010000 0x00000001
core   0: 0x8000d56c (0xff9ff06f) j       pc - 0x8
core   0: 3 0x8000d56c (0xff9ff06f)
core   0: 0x8000d564 (0x00003f17) auipc   t5, 0x3
core   0: 3 0x8000d564 (0x00003f17) x30 0x80010564
core   0: 0x8000d568 (0xa83f2e23) sw      gp, -1380(t5)
core   0: 3 0x8000d568 (0xa83f2e23) mem 0x80010000 0x00000001
core   0: 0x8000d56c (0xff9ff06f) j       pc - 0x8
core   0: 3 0x8000d56c (0xff9ff06f)
core   0: 0x8000d564 (0x00003f17) auipc   t5, 0x3
core   0: 3 0x8000d564 (0x00003f17) x30 0x80010564
core   0: 0x8000d568 (0xa83f2e23) sw      gp, -1380(t5)
core   0: 3 0x8000d568 (0xa83f2e23) mem 0x80010000 0x00000001
core   0: 0x8000d56c (0xff9ff06f) j       pc - 0x8
core   0: 3 0x8000d56c (0xff9ff06f)
core   0: 0x8000d564 (0x00003f17) auipc   t5, 0x3
core   0: 3 0x8000d564 (0x00003f17) x30 0x80010564
core   0: 0x8000d568 (0xa83f2e23) sw      gp, -1380(t5)
core   0: 3 0x8000d568 (0xa83f2e23) mem 0x80010000 0x00000001
core   0: 0x8000d56c (0xff9ff06f) j       pc - 0x8
core   0: 3 0x8000d56c (0xff9ff06f)
core   0: 0x8000d564 (0x00003f17) auipc   t5, 0x3
core   0: 3 0x8000d564 (0x00003f17) x30 0x80010564
core   0: 0x8000d568 (0xa83f2e23) sw      gp, -1380(t5)
core   0: 3 0x8000d568 (0xa83f2e23) mem 0x80010000 0x00000001
core   0: 0x8000d56c (0xff9ff06f) j       pc - 0x8
core   0: 3 0x8000d56c (0xff9ff06f)
core   0: 0x8000d564 (0x00003f17) auipc   t5, 0x3
core   0: 3 0x8000d564 (0x00003f17) x30 0x80010564
core   0: 0x8000d568 (0xa83f2e23) sw      gp, -1380(t5)
core   0: 3 0x8000d568 (0xa83f2e23) mem 0x80010000 0x00000001
core   0: 0x8000d56c (0xff9ff06f) j       pc - 0x8
core   0: 3 0x8000d56c (0xff9ff06f)
core   0: 0x8000d564 (0x00003f17) auipc   t5, 0x3
core   0: 3 0x8000d564 (0x00003f17) x30 0x80010564
core   0: 0x8000d568 (0xa83f2e23) sw      gp, -1380(t5)
core   0: 3 0x8000d568 (0xa83f2e23) mem 0x80010000 0x00000001
core   0: 0x8000d56c (0xff9ff06f) j       pc - 0x8
core   0: 3 0x8000d56c (0xff9ff06f)
core   0: 0x8000d564 (0x00003f17) auipc   t5, 0x3
core   0: 3 0x8000d564 (0x00003f17) x30 0x80010564
core   0: 0x8000d568 (0xa83f2e23) sw      gp, -1380(t5)
core   0: 3 0x8000d568 (0xa83f2e23) mem 0x80010000 0x00000001
core   0: 0x8000d56c (0xff9ff06f) j       pc - 0x8
core   0: 3 0x8000d56c (0xff9ff06f)
core   0: 0x8000d564 (0x00003f17) auipc   t5, 0x3
core   0: 3 0x8000d564 (0x00003f17) x30 0x80010564
core   0: 0x8000d568 (0xa83f2e23) sw      gp, -1380(t5)
core   0: 3 0x8000d568 (0xa83f2e23) mem 0x80010000 0x00000001
core   0: 0x8000d56c (0xff9ff06f) j       pc - 0x8
core   0: 3 0x8000d56c (0xff9ff06f)
core   0: 0x8000d564 (0x00003f17) auipc   t5, 0x3
core   0: 3 0x8000d564 (0x00003f17) x30 0x80010564
core   0: 0x8000d568 (0xa83f2e23) sw      gp, -1380(t5)
core   0: 3 0x8000d568 (0xa83f2e23) mem 0x80010000 0x00000001
core   0: 0x8000d56c (0xff9ff06f) j       pc - 0x8
core   0: 3 0x8000d56c (0xff9ff06f)
core   0: 0x8000d564 (0x00003f17) auipc   t5, 0x3
core   0: 3 0x8000d564 (0x00003f17) x30 0x80010564
core   0: 0x8000d568 (0xa83f2e23) sw      gp, -1380(t5)
core   0: 3 0x8000d568 (0xa83f2e23) mem 0x80010000 0x00000001
core   0: 0x8000d56c (0xff9ff06f) j       pc - 0x8
core   0: 3 0x8000d56c (0xff9ff06f)
core   0: 0x8000d564 (0x00003f17) auipc   t5, 0x3
core   0: 3 0x8000d564 (0x00003f17) x30 0x80010564
core   0: 0x8000d568 (0xa83f2e23) sw      gp, -1380(t5)
core   0: 3 0x8000d568 (0xa83f2e23) mem 0x80010000 0x00000001
core   0: 0x8000d56c (0xff9ff06f) j       pc - 0x8
core   0: 3 0x8000d56c (0xff9ff06f)
core   0: 0x8000d564 (0x00003f17) auipc   t5, 0x3
core   0: 3 0x8000d564 (0x00003f17) x30 0x80010564
core   0: 0x8000d568 (0xa83f2e23) sw      gp, -1380(t5)
core   0: 3 0x8000d568 (0xa83f2e23) mem 0x80010000 0x00000001
core   0: 0x8000d56c (0xff9ff06f) j       pc - 0x8
core   0: 3 0x8000d56c (0xff9ff06f)
core   0: 0x8000d564 (0x00003f17) auipc   t5, 0x3
core   0: 3 0x8000d564 (0x00003f17) x30 0x80010564
core   0: 0x8000d568 (0xa83f2e23) sw      gp, -1380(t5)
core   0: 3 0x8000d568 (0xa83f2e23) mem 0x80010000 0x00000001
core   0: 0x8000d56c (0xff9ff06f) j       pc - 0x8
core   0: 3 0x8000d56c (0xff9ff06f)
core   0: 0x8000d564 (0x00003f17) auipc   t5, 0x3
core   0: 3 0x8000d564 (0x00003f17) x30 0x80010564
core   0: 0x8000d568 (0xa83f2e23) sw      gp, -1380(t5)
core   0: 3 0x8000d568 (0xa83f2e23) mem 0x80010000 0x00000001
core   0: 0x8000d56c (0xff9ff06f) j       pc - 0x8
core   0: 3 0x8000d56c (0xff9ff06f)
core   0: 0x8000d564 (0x00003f17) auipc   t5, 0x3
core   0: 3 0x8000d564 (0x00003f17) x30 0x80010564
core   0: 0x8000d568 (0xa83f2e23) sw      gp, -1380(t5)
core   0: 3 0x8000d568 (0xa83f2e23) mem 0x80010000 0x00000001
core   0: 0x8000d56c (0xff9ff06f) j       pc - 0x8
core   0: 3 0x8000d56c (0xff9ff06f)
core   0: 0x8000d564 (0x00003f17) auipc   t5, 0x3
core   0: 3 0x8000d564 (0x00003f17) x30 0x80010564
core   0: 0x8000d568 (0xa83f2e23) sw      gp, -1380(t5)
core   0: 3 0x8000d568 (0xa83f2e23) mem 0x80010000 0x00000001
core   0: 0x8000d56c (0xff9ff06f) j       pc - 0x8
core   0: 3 0x8000d56c (0xff9ff06f)
core   0: 0x8000d564 (0x00003f17) auipc   t5, 0x3
core   0: 3 0x8000d564 (0x00003f17) x30 0x80010564
core   0: 0x8000d568 (0xa83f2e23) sw      gp, -1380(t5)
core   0: 3 0x8000d568 (0xa83f2e23) mem 0x80010000 0x00000001
core   0: 0x8000d56c (0xff9ff06f) j       pc - 0x8
core   0: 3 0x8000d56c (0xff9ff06f)
core   0: 0x8000d564 (0x00003f17) auipc   t5, 0x3
core   0: 3 0x8000d564 (0x00003f17) x30 0x80010564
core   0: 0x8000d568 (0xa83f2e23) sw      gp, -1380(t5)
core   0: 3 0x8000d568 (0xa83f2e23) mem 0x80010000 0x00000001
core   0: 0x8000d56c (0xff9ff06f) j       pc - 0x8
core   0: 3 0x8000d56c (0xff9ff06f)
core   0: 0x8000d564 (0x00003f17) auipc   t5, 0x3
core   0: 3 0x8000d564 (0x00003f17) x30 0x80010564
core   0: 0x8000d568 (0xa83f2e23) sw      gp, -1380(t5)
core   0: 3 0x8000d568 (0xa83f2e23) mem 0x80010000 0x00000001
core   0: 0x8000d56c (0xff9ff06f) j       pc - 0x8
core   0: 3 0x8000d56c (0xff9ff06f)
core   0: 0x8000d564 (0x00003f17) auipc   t5, 0x3
core   0: 3 0x8000d564 (0x00003f17) x30 0x80010564
core   0: 0x8000d568 (0xa83f2e23) sw      gp, -1380(t5)
core   0: 3 0x8000d568 (0xa83f2e23) mem 0x80010000 0x00000001
core   0: 0x8000d56c (0xff9ff06f) j       pc - 0x8
core   0: 3 0x8000d56c (0xff9ff06f)
core   0: 0x8000d564 (0x00003f17) auipc   t5, 0x3
core   0: 3 0x8000d564 (0x00003f17) x30 0x80010564
core   0: 0x8000d568 (0xa83f2e23) sw      gp, -1380(t5)
core   0: 3 0x8000d568 (0xa83f2e23) mem 0x80010000 0x00000001
core   0: 0x8000d56c (0xff9ff06f) j       pc - 0x8
core   0: 3 0x8000d56c (0xff9ff06f)
core   0: 0x8000d564 (0x00003f17) auipc   t5, 0x3
core   0: 3 0x8000d564 (0x00003f17) x30 0x80010564
core   0: 0x8000d568 (0xa83f2e23) sw      gp, -1380(t5)
core   0: 3 0x8000d568 (0xa83f2e23) mem 0x80010000 0x00000001
core   0: 0x8000d56c (0xff9ff06f) j       pc - 0x8
core   0: 3 0x8000d56c (0xff9ff06f)
core   0: 0x8000d564 (0x00003f17) auipc   t5, 0x3
core   0: 3 0x8000d564 (0x00003f17) x30 0x80010564
core   0: 0x8000d568 (0xa83f2e23) sw      gp, -1380(t5)
core   0: 3 0x8000d568 (0xa83f2e23) mem 0x80010000 0x00000001
core   0: 0x8000d56c (0xff9ff06f) j       pc - 0x8
core   0: 3 0x8000d56c (0xff9ff06f)
core   0: 0x8000d564 (0x00003f17) auipc   t5, 0x3
core   0: 3 0x8000d564 (0x00003f17) x30 0x80010564
core   0: 0x8000d568 (0xa83f2e23) sw      gp, -1380(t5)
core   0: 3 0x8000d568 (0xa83f2e23) mem 0x80010000 0x00000001
core   0: 0x8000d56c (0xff9ff06f) j       pc - 0x8
core   0: 3 0x8000d56c (0xff9ff06f)
core   0: 0x8000d564 (0x00003f17) auipc   t5, 0x3
core   0: 3 0x8000d564 (0x00003f17) x30 0x80010564
core   0: 0x8000d568 (0xa83f2e23) sw      gp, -1380(t5)
core   0: 3 0x8000d568 (0xa83f2e23) mem 0x80010000 0x00000001
core   0: 0x8000d56c (0xff9ff06f) j       pc - 0x8
core   0: 3 0x8000d56c (0xff9ff06f)
core   0: 0x8000d564 (0x00003f17) auipc   t5, 0x3
core   0: 3 0x8000d564 (0x00003f17) x30 0x80010564
core   0: 0x8000d568 (0xa83f2e23) sw      gp, -1380(t5)
core   0: 3 0x8000d568 (0xa83f2e23) mem 0x80010000 0x00000001
core   0: 0x8000d56c (0xff9ff06f) j       pc - 0x8
core   0: 3 0x8000d56c (0xff9ff06f)
core   0: 0x8000d564 (0x00003f17) auipc   t5, 0x3
core   0: 3 0x8000d564 (0x00003f17) x30 0x80010564
core   0: 0x8000d568 (0xa83f2e23) sw      gp, -1380(t5)
core   0: 3 0x8000d568 (0xa83f2e23) mem 0x80010000 0x00000001
core   0: 0x8000d56c (0xff9ff06f) j       pc - 0x8
core   0: 3 0x8000d56c (0xff9ff06f)
core   0: 0x8000d564 (0x00003f17) auipc   t5, 0x3
core   0: 3 0x8000d564 (0x00003f17) x30 0x80010564
core   0: 0x8000d568 (0xa83f2e23) sw      gp, -1380(t5)
core   0: 3 0x8000d568 (0xa83f2e23) mem 0x80010000 0x00000001
core   0: 0x8000d56c (0xff9ff06f) j       pc - 0x8
core   0: 3 0x8000d56c (0xff9ff06f)
core   0: 0x8000d564 (0x00003f17) auipc   t5, 0x3
core   0: 3 0x8000d564 (0x00003f17) x30 0x80010564
core   0: 0x8000d568 (0xa83f2e23) sw      gp, -1380(t5)
core   0: 3 0x8000d568 (0xa83f2e23) mem 0x80010000 0x00000001
core   0: 0x8000d56c (0xff9ff06f) j       pc - 0x8
core   0: 3 0x8000d56c (0xff9ff06f)
core   0: 0x8000d564 (0x00003f17) auipc   t5, 0x3
core   0: 3 0x8000d564 (0x00003f17) x30 0x80010564
core   0: 0x8000d568 (0xa83f2e23) sw      gp, -1380(t5)
core   0: 3 0x8000d568 (0xa83f2e23) mem 0x80010000 0x00000001
core   0: 0x8000d56c (0xff9ff06f) j       pc - 0x8
core   0: 3 0x8000d56c (0xff9ff06f)
core   0: 0x8000d564 (0x00003f17) auipc   t5, 0x3
core   0: 3 0x8000d564 (0x00003f17) x30 0x80010564
core   0: 0x8000d568 (0xa83f2e23) sw      gp, -1380(t5)
core   0: 3 0x8000d568 (0xa83f2e23) mem 0x80010000 0x00000001
core   0: 0x8000d56c (0xff9ff06f) j       pc - 0x8
core   0: 3 0x8000d56c (0xff9ff06f)
core   0: 0x8000d564 (0x00003f17) auipc   t5, 0x3
core   0: 3 0x8000d564 (0x00003f17) x30 0x80010564
core   0: 0x8000d568 (0xa83f2e23) sw      gp, -1380(t5)
core   0: 3 0x8000d568 (0xa83f2e23) mem 0x80010000 0x00000001
core   0: 0x8000d56c (0xff9ff06f) j       pc - 0x8
core   0: 3 0x8000d56c (0xff9ff06f)
core   0: 0x8000d564 (0x00003f17) auipc   t5, 0x3
core   0: 3 0x8000d564 (0x00003f17) x30 0x80010564
core   0: 0x8000d568 (0xa83f2e23) sw      gp, -1380(t5)
core   0: 3 0x8000d568 (0xa83f2e23) mem 0x80010000 0x00000001
core   0: 0x8000d56c (0xff9ff06f) j       pc - 0x8
core   0: 3 0x8000d56c (0xff9ff06f)
core   0: 0x8000d564 (0x00003f17) auipc   t5, 0x3
core   0: 3 0x8000d564 (0x00003f17) x30 0x80010564
core   0: 0x8000d568 (0xa83f2e23) sw      gp, -1380(t5)
core   0: 3 0x8000d568 (0xa83f2e23) mem 0x80010000 0x00000001
core   0: 0x8000d56c (0xff9ff06f) j       pc - 0x8
core   0: 3 0x8000d56c (0xff9ff06f)
core   0: 0x8000d564 (0x00003f17) auipc   t5, 0x3
core   0: 3 0x8000d564 (0x00003f17) x30 0x80010564
core   0: 0x8000d568 (0xa83f2e23) sw      gp, -1380(t5)
core   0: 3 0x8000d568 (0xa83f2e23) mem 0x80010000 0x00000001
core   0: 0x8000d56c (0xff9ff06f) j       pc - 0x8
core   0: 3 0x8000d56c (0xff9ff06f)
core   0: 0x8000d564 (0x00003f17) auipc   t5, 0x3
core   0: 3 0x8000d564 (0x00003f17) x30 0x80010564
core   0: 0x8000d568 (0xa83f2e23) sw      gp, -1380(t5)
core   0: 3 0x8000d568 (0xa83f2e23) mem 0x80010000 0x00000001
core   0: 0x8000d56c (0xff9ff06f) j       pc - 0x8
core   0: 3 0x8000d56c (0xff9ff06f)
core   0: 0x8000d564 (0x00003f17) auipc   t5, 0x3
core   0: 3 0x8000d564 (0x00003f17) x30 0x80010564
core   0: 0x8000d568 (0xa83f2e23) sw      gp, -1380(t5)
core   0: 3 0x8000d568 (0xa83f2e23) mem 0x80010000 0x00000001
core   0: 0x8000d56c (0xff9ff06f) j       pc - 0x8
core   0: 3 0x8000d56c (0xff9ff06f)
core   0: 0x8000d564 (0x00003f17) auipc   t5, 0x3
core   0: 3 0x8000d564 (0x00003f17) x30 0x80010564
core   0: 0x8000d568 (0xa83f2e23) sw      gp, -1380(t5)
core   0: 3 0x8000d568 (0xa83f2e23) mem 0x80010000 0x00000001
core   0: 0x8000d56c (0xff9ff06f) j       pc - 0x8
core   0: 3 0x8000d56c (0xff9ff06f)
core   0: 0x8000d564 (0x00003f17) auipc   t5, 0x3
core   0: 3 0x8000d564 (0x00003f17) x30 0x80010564
core   0: 0x8000d568 (0xa83f2e23) sw      gp, -1380(t5)
core   0: 3 0x8000d568 (0xa83f2e23) mem 0x80010000 0x00000001
core   0: 0x8000d56c (0xff9ff06f) j       pc - 0x8
core   0: 3 0x8000d56c (0xff9ff06f)
core   0: 0x8000d564 (0x00003f17) auipc   t5, 0x3
core   0: 3 0x8000d564 (0x00003f17) x30 0x80010564
core   0: 0x8000d568 (0xa83f2e23) sw      gp, -1380(t5)
core   0: 3 0x8000d568 (0xa83f2e23) mem 0x80010000 0x00000001
core   0: 0x8000d56c (0xff9ff06f) j       pc - 0x8
core   0: 3 0x8000d56c (0xff9ff06f)
core   0: 0x8000d564 (0x00003f17) auipc   t5, 0x3
core   0: 3 0x8000d564 (0x00003f17) x30 0x80010564
core   0: 0x8000d568 (0xa83f2e23) sw      gp, -1380(t5)
core   0: 3 0x8000d568 (0xa83f2e23) mem 0x80010000 0x00000001
core   0: 0x8000d56c (0xff9ff06f) j       pc - 0x8
core   0: 3 0x8000d56c (0xff9ff06f)
core   0: 0x8000d564 (0x00003f17) auipc   t5, 0x3
core   0: 3 0x8000d564 (0x00003f17) x30 0x80010564
core   0: 0x8000d568 (0xa83f2e23) sw      gp, -1380(t5)
core   0: 3 0x8000d568 (0xa83f2e23) mem 0x80010000 0x00000001
core   0: 0x8000d56c (0xff9ff06f) j       pc - 0x8
core   0: 3 0x8000d56c (0xff9ff06f)
core   0: 0x8000d564 (0x00003f17) auipc   t5, 0x3
core   0: 3 0x8000d564 (0x00003f17) x30 0x80010564
core   0: 0x8000d568 (0xa83f2e23) sw      gp, -1380(t5)
core   0: 3 0x8000d568 (0xa83f2e23) mem 0x80010000 0x00000001
core   0: 0x8000d56c (0xff9ff06f) j       pc - 0x8
core   0: 3 0x8000d56c (0xff9ff06f)
core   0: 0x8000d564 (0x00003f17) auipc   t5, 0x3
core   0: 3 0x8000d564 (0x00003f17) x30 0x80010564
core   0: 0x8000d568 (0xa83f2e23) sw      gp, -1380(t5)
core   0: 3 0x8000d568 (0xa83f2e23) mem 0x80010000 0x00000001
core   0: 0x8000d56c (0xff9ff06f) j       pc - 0x8
core   0: 3 0x8000d56c (0xff9ff06f)
core   0: 0x8000d564 (0x00003f17) auipc   t5, 0x3
core   0: 3 0x8000d564 (0x00003f17) x30 0x80010564
core   0: 0x8000d568 (0xa83f2e23) sw      gp, -1380(t5)
core   0: 3 0x8000d568 (0xa83f2e23) mem 0x80010000 0x00000001
core   0: 0x8000d56c (0xff9ff06f) j       pc - 0x8
core   0: 3 0x8000d56c (0xff9ff06f)
core   0: 0x8000d564 (0x00003f17) auipc   t5, 0x3
core   0: 3 0x8000d564 (0x00003f17) x30 0x80010564
core   0: 0x8000d568 (0xa83f2e23) sw      gp, -1380(t5)
core   0: 3 0x8000d568 (0xa83f2e23) mem 0x80010000 0x00000001
core   0: 0x8000d56c (0xff9ff06f) j       pc - 0x8
core   0: 3 0x8000d56c (0xff9ff06f)
core   0: 0x8000d564 (0x00003f17) auipc   t5, 0x3
core   0: 3 0x8000d564 (0x00003f17) x30 0x80010564
core   0: 0x8000d568 (0xa83f2e23) sw      gp, -1380(t5)
core   0: 3 0x8000d568 (0xa83f2e23) mem 0x80010000 0x00000001
core   0: 0x8000d56c (0xff9ff06f) j       pc - 0x8
core   0: 3 0x8000d56c (0xff9ff06f)
core   0: 0x8000d564 (0x00003f17) auipc   t5, 0x3
core   0: 3 0x8000d564 (0x00003f17) x30 0x80010564
core   0: 0x8000d568 (0xa83f2e23) sw      gp, -1380(t5)
core   0: 3 0x8000d568 (0xa83f2e23) mem 0x80010000 0x00000001
core   0: 0x8000d56c (0xff9ff06f) j       pc - 0x8
core   0: 3 0x8000d56c (0xff9ff06f)
core   0: 0x8000d564 (0x00003f17) auipc   t5, 0x3
core   0: 3 0x8000d564 (0x00003f17) x30 0x80010564
core   0: 0x8000d568 (0xa83f2e23) sw      gp, -1380(t5)
core   0: 3 0x8000d568 (0xa83f2e23) mem 0x80010000 0x00000001
core   0: 0x8000d56c (0xff9ff06f) j       pc - 0x8
core   0: 3 0x8000d56c (0xff9ff06f)
core   0: 0x8000d564 (0x00003f17) auipc   t5, 0x3
core   0: 3 0x8000d564 (0x00003f17) x30 0x80010564
core   0: 0x8000d568 (0xa83f2e23) sw      gp, -1380(t5)
core   0: 3 0x8000d568 (0xa83f2e23) mem 0x80010000 0x00000001
core   0: 0x8000d56c (0xff9ff06f) j       pc - 0x8
core   0: 3 0x8000d56c (0xff9ff06f)
core   0: 0x8000d564 (0x00003f17) auipc   t5, 0x3
core   0: 3 0x8000d564 (0x00003f17) x30 0x80010564
core   0: 0x8000d568 (0xa83f2e23) sw      gp, -1380(t5)
core   0: 3 0x8000d568 (0xa83f2e23) mem 0x80010000 0x00000001
core   0: 0x8000d56c (0xff9ff06f) j       pc - 0x8
core   0: 3 0x8000d56c (0xff9ff06f)
core   0: 0x8000d564 (0x00003f17) auipc   t5, 0x3
core   0: 3 0x8000d564 (0x00003f17) x30 0x80010564
core   0: 0x8000d568 (0xa83f2e23) sw      gp, -1380(t5)
core   0: 3 0x8000d568 (0xa83f2e23) mem 0x80010000 0x00000001
core   0: 0x8000d56c (0xff9ff06f) j       pc - 0x8
core   0: 3 0x8000d56c (0xff9ff06f)
core   0: 0x8000d564 (0x00003f17) auipc   t5, 0x3
core   0: 3 0x8000d564 (0x00003f17) x30 0x80010564
core   0: 0x8000d568 (0xa83f2e23) sw      gp, -1380(t5)
core   0: 3 0x8000d568 (0xa83f2e23) mem 0x80010000 0x00000001
core   0: 0x8000d56c (0xff9ff06f) j       pc - 0x8
core   0: 3 0x8000d56c (0xff9ff06f)
core   0: 0x8000d564 (0x00003f17) auipc   t5, 0x3
core   0: 3 0x8000d564 (0x00003f17) x30 0x80010564
core   0: 0x8000d568 (0xa83f2e23) sw      gp, -1380(t5)
core   0: 3 0x8000d568 (0xa83f2e23) mem 0x80010000 0x00000001
core   0: 0x8000d56c (0xff9ff06f) j       pc - 0x8
core   0: 3 0x8000d56c (0xff9ff06f)
core   0: 0x8000d564 (0x00003f17) auipc   t5, 0x3
core   0: 3 0x8000d564 (0x00003f17) x30 0x80010564
core   0: 0x8000d568 (0xa83f2e23) sw      gp, -1380(t5)
core   0: 3 0x8000d568 (0xa83f2e23) mem 0x80010000 0x00000001
core   0: 0x8000d56c (0xff9ff06f) j       pc - 0x8
core   0: 3 0x8000d56c (0xff9ff06f)
core   0: 0x8000d564 (0x00003f17) auipc   t5, 0x3
core   0: 3 0x8000d564 (0x00003f17) x30 0x80010564
core   0: 0x8000d568 (0xa83f2e23) sw      gp, -1380(t5)
core   0: 3 0x8000d568 (0xa83f2e23) mem 0x80010000 0x00000001
core   0: 0x8000d56c (0xff9ff06f) j       pc - 0x8
core   0: 3 0x8000d56c (0xff9ff06f)
core   0: 0x8000d564 (0x00003f17) auipc   t5, 0x3
core   0: 3 0x8000d564 (0x00003f17) x30 0x80010564
core   0: 0x8000d568 (0xa83f2e23) sw      gp, -1380(t5)
core   0: 3 0x8000d568 (0xa83f2e23) mem 0x80010000 0x00000001
core   0: 0x8000d56c (0xff9ff06f) j       pc - 0x8
core   0: 3 0x8000d56c (0xff9ff06f)
core   0: 0x8000d564 (0x00003f17) auipc   t5, 0x3
core   0: 3 0x8000d564 (0x00003f17) x30 0x80010564
core   0: 0x8000d568 (0xa83f2e23) sw      gp, -1380(t5)
core   0: 3 0x8000d568 (0xa83f2e23) mem 0x80010000 0x00000001
core   0: 0x8000d56c (0xff9ff06f) j       pc - 0x8
core   0: 3 0x8000d56c (0xff9ff06f)
core   0: 0x8000d564 (0x00003f17) auipc   t5, 0x3
core   0: 3 0x8000d564 (0x00003f17) x30 0x80010564
core   0: 0x8000d568 (0xa83f2e23) sw      gp, -1380(t5)
core   0: 3 0x8000d568 (0xa83f2e23) mem 0x80010000 0x00000001
core   0: 0x8000d56c (0xff9ff06f) j       pc - 0x8
core   0: 3 0x8000d56c (0xff9ff06f)
core   0: 0x8000d564 (0x00003f17) auipc   t5, 0x3
core   0: 3 0x8000d564 (0x00003f17) x30 0x80010564
core   0: 0x8000d568 (0xa83f2e23) sw      gp, -1380(t5)
core   0: 3 0x8000d568 (0xa83f2e23) mem 0x80010000 0x00000001
core   0: 0x8000d56c (0xff9ff06f) j       pc - 0x8
core   0: 3 0x8000d56c (0xff9ff06f)
core   0: 0x8000d564 (0x00003f17) auipc   t5, 0x3
core   0: 3 0x8000d564 (0x00003f17) x30 0x80010564
core   0: 0x8000d568 (0xa83f2e23) sw      gp, -1380(t5)
core   0: 3 0x8000d568 (0xa83f2e23) mem 0x80010000 0x00000001
core   0: 0x8000d56c (0xff9ff06f) j       pc - 0x8
core   0: 3 0x8000d56c (0xff9ff06f)
core   0: 0x8000d564 (0x00003f17) auipc   t5, 0x3
core   0: 3 0x8000d564 (0x00003f17) x30 0x80010564
core   0: 0x8000d568 (0xa83f2e23) sw      gp, -1380(t5)
core   0: 3 0x8000d568 (0xa83f2e23) mem 0x80010000 0x00000001
core   0: 0x8000d56c (0xff9ff06f) j       pc - 0x8
core   0: 3 0x8000d56c (0xff9ff06f)
core   0: 0x8000d564 (0x00003f17) auipc   t5, 0x3
core   0: 3 0x8000d564 (0x00003f17) x30 0x80010564
core   0: 0x8000d568 (0xa83f2e23) sw      gp, -1380(t5)
core   0: 3 0x8000d568 (0xa83f2e23) mem 0x80010000 0x00000001
core   0: 0x8000d56c (0xff9ff06f) j       pc - 0x8
core   0: 3 0x8000d56c (0xff9ff06f)
core   0: 0x8000d564 (0x00003f17) auipc   t5, 0x3
core   0: 3 0x8000d564 (0x00003f17) x30 0x80010564
core   0: 0x8000d568 (0xa83f2e23) sw      gp, -1380(t5)
core   0: 3 0x8000d568 (0xa83f2e23) mem 0x80010000 0x00000001
core   0: 0x8000d56c (0xff9ff06f) j       pc - 0x8
core   0: 3 0x8000d56c (0xff9ff06f)
core   0: 0x8000d564 (0x00003f17) auipc   t5, 0x3
core   0: 3 0x8000d564 (0x00003f17) x30 0x80010564
core   0: 0x8000d568 (0xa83f2e23) sw      gp, -1380(t5)
core   0: 3 0x8000d568 (0xa83f2e23) mem 0x80010000 0x00000001
core   0: 0x8000d56c (0xff9ff06f) j       pc - 0x8
core   0: 3 0x8000d56c (0xff9ff06f)
core   0: 0x8000d564 (0x00003f17) auipc   t5, 0x3
core   0: 3 0x8000d564 (0x00003f17) x30 0x80010564
core   0: 0x8000d568 (0xa83f2e23) sw      gp, -1380(t5)
core   0: 3 0x8000d568 (0xa83f2e23) mem 0x80010000 0x00000001
core   0: 0x8000d56c (0xff9ff06f) j       pc - 0x8
core   0: 3 0x8000d56c (0xff9ff06f)
core   0: 0x8000d564 (0x00003f17) auipc   t5, 0x3
core   0: 3 0x8000d564 (0x00003f17) x30 0x80010564
core   0: 0x8000d568 (0xa83f2e23) sw      gp, -1380(t5)
core   0: 3 0x8000d568 (0xa83f2e23) mem 0x80010000 0x00000001
core   0: 0x8000d56c (0xff9ff06f) j       pc - 0x8
core   0: 3 0x8000d56c (0xff9ff06f)
core   0: 0x8000d564 (0x00003f17) auipc   t5, 0x3
core   0: 3 0x8000d564 (0x00003f17) x30 0x80010564
core   0: 0x8000d568 (0xa83f2e23) sw      gp, -1380(t5)
core   0: 3 0x8000d568 (0xa83f2e23) mem 0x80010000 0x00000001
core   0: 0x8000d56c (0xff9ff06f) j       pc - 0x8
core   0: 3 0x8000d56c (0xff9ff06f)
core   0: 0x8000d564 (0x00003f17) auipc   t5, 0x3
core   0: 3 0x8000d564 (0x00003f17) x30 0x80010564
core   0: 0x8000d568 (0xa83f2e23) sw      gp, -1380(t5)
core   0: 3 0x8000d568 (0xa83f2e23) mem 0x80010000 0x00000001
core   0: 0x8000d56c (0xff9ff06f) j       pc - 0x8
core   0: 3 0x8000d56c (0xff9ff06f)
core   0: 0x8000d564 (0x00003f17) auipc   t5, 0x3
core   0: 3 0x8000d564 (0x00003f17) x30 0x80010564
core   0: 0x8000d568 (0xa83f2e23) sw      gp, -1380(t5)
core   0: 3 0x8000d568 (0xa83f2e23) mem 0x80010000 0x00000001
core   0: 0x8000d56c (0xff9ff06f) j       pc - 0x8
core   0: 3 0x8000d56c (0xff9ff06f)
core   0: 0x8000d564 (0x00003f17) auipc   t5, 0x3
core   0: 3 0x8000d564 (0x00003f17) x30 0x80010564
core   0: 0x8000d568 (0xa83f2e23) sw      gp, -1380(t5)
core   0: 3 0x8000d568 (0xa83f2e23) mem 0x80010000 0x00000001
core   0: 0x8000d56c (0xff9ff06f) j       pc - 0x8
core   0: 3 0x8000d56c (0xff9ff06f)
core   0: 0x8000d564 (0x00003f17) auipc   t5, 0x3
core   0: 3 0x8000d564 (0x00003f17) x30 0x80010564
core   0: 0x8000d568 (0xa83f2e23) sw      gp, -1380(t5)
core   0: 3 0x8000d568 (0xa83f2e23) mem 0x80010000 0x00000001
core   0: 0x8000d56c (0xff9ff06f) j       pc - 0x8
core   0: 3 0x8000d56c (0xff9ff06f)
core   0: 0x8000d564 (0x00003f17) auipc   t5, 0x3
core   0: 3 0x8000d564 (0x00003f17) x30 0x80010564
core   0: 0x8000d568 (0xa83f2e23) sw      gp, -1380(t5)
core   0: 3 0x8000d568 (0xa83f2e23) mem 0x80010000 0x00000001
core   0: 0x8000d56c (0xff9ff06f) j       pc - 0x8
core   0: 3 0x8000d56c (0xff9ff06f)
core   0: 0x8000d564 (0x00003f17) auipc   t5, 0x3
core   0: 3 0x8000d564 (0x00003f17) x30 0x80010564
core   0: 0x8000d568 (0xa83f2e23) sw      gp, -1380(t5)
core   0: 3 0x8000d568 (0xa83f2e23) mem 0x80010000 0x00000001
core   0: 0x8000d56c (0xff9ff06f) j       pc - 0x8
core   0: 3 0x8000d56c (0xff9ff06f)
core   0: 0x8000d564 (0x00003f17) auipc   t5, 0x3
core   0: 3 0x8000d564 (0x00003f17) x30 0x80010564
core   0: 0x8000d568 (0xa83f2e23) sw      gp, -1380(t5)
core   0: 3 0x8000d568 (0xa83f2e23) mem 0x80010000 0x00000001
core   0: 0x8000d56c (0xff9ff06f) j       pc - 0x8
core   0: 3 0x8000d56c (0xff9ff06f)
core   0: 0x8000d564 (0x00003f17) auipc   t5, 0x3
core   0: 3 0x8000d564 (0x00003f17) x30 0x80010564
core   0: 0x8000d568 (0xa83f2e23) sw      gp, -1380(t5)
core   0: 3 0x8000d568 (0xa83f2e23) mem 0x80010000 0x00000001
core   0: 0x8000d56c (0xff9ff06f) j       pc - 0x8
core   0: 3 0x8000d56c (0xff9ff06f)
core   0: 0x8000d564 (0x00003f17) auipc   t5, 0x3
core   0: 3 0x8000d564 (0x00003f17) x30 0x80010564
core   0: 0x8000d568 (0xa83f2e23) sw      gp, -1380(t5)
core   0: 3 0x8000d568 (0xa83f2e23) mem 0x80010000 0x00000001
core   0: 0x8000d56c (0xff9ff06f) j       pc - 0x8
core   0: 3 0x8000d56c (0xff9ff06f)
core   0: 0x8000d564 (0x00003f17) auipc   t5, 0x3
core   0: 3 0x8000d564 (0x00003f17) x30 0x80010564
core   0: 0x8000d568 (0xa83f2e23) sw      gp, -1380(t5)
core   0: 3 0x8000d568 (0xa83f2e23) mem 0x80010000 0x00000001
core   0: 0x8000d56c (0xff9ff06f) j       pc - 0x8
core   0: 3 0x8000d56c (0xff9ff06f)
core   0: 0x8000d564 (0x00003f17) auipc   t5, 0x3
core   0: 3 0x8000d564 (0x00003f17) x30 0x80010564
core   0: 0x8000d568 (0xa83f2e23) sw      gp, -1380(t5)
core   0: 3 0x8000d568 (0xa83f2e23) mem 0x80010000 0x00000001
core   0: 0x8000d56c (0xff9ff06f) j       pc - 0x8
core   0: 3 0x8000d56c (0xff9ff06f)
core   0: 0x8000d564 (0x00003f17) auipc   t5, 0x3
core   0: 3 0x8000d564 (0x00003f17) x30 0x80010564
core   0: 0x8000d568 (0xa83f2e23) sw      gp, -1380(t5)
core   0: 3 0x8000d568 (0xa83f2e23) mem 0x80010000 0x00000001
core   0: 0x8000d56c (0xff9ff06f) j       pc - 0x8
core   0: 3 0x8000d56c (0xff9ff06f)
core   0: 0x8000d564 (0x00003f17) auipc   t5, 0x3
core   0: 3 0x8000d564 (0x00003f17) x30 0x80010564
core   0: 0x8000d568 (0xa83f2e23) sw      gp, -1380(t5)
core   0: 3 0x8000d568 (0xa83f2e23) mem 0x80010000 0x00000001
core   0: 0x8000d56c (0xff9ff06f) j       pc - 0x8
core   0: 3 0x8000d56c (0xff9ff06f)
core   0: 0x8000d564 (0x00003f17) auipc   t5, 0x3
core   0: 3 0x8000d564 (0x00003f17) x30 0x80010564
core   0: 0x8000d568 (0xa83f2e23) sw      gp, -1380(t5)
core   0: 3 0x8000d568 (0xa83f2e23) mem 0x80010000 0x00000001
core   0: 0x8000d56c (0xff9ff06f) j       pc - 0x8
core   0: 3 0x8000d56c (0xff9ff06f)
core   0: 0x8000d564 (0x00003f17) auipc   t5, 0x3
core   0: 3 0x8000d564 (0x00003f17) x30 0x80010564
core   0: 0x8000d568 (0xa83f2e23) sw      gp, -1380(t5)
core   0: 3 0x8000d568 (0xa83f2e23) mem 0x80010000 0x00000001
core   0: 0x8000d56c (0xff9ff06f) j       pc - 0x8
core   0: 3 0x8000d56c (0xff9ff06f)
core   0: 0x8000d564 (0x00003f17) auipc   t5, 0x3
core   0: 3 0x8000d564 (0x00003f17) x30 0x80010564
core   0: 0x8000d568 (0xa83f2e23) sw      gp, -1380(t5)
core   0: 3 0x8000d568 (0xa83f2e23) mem 0x80010000 0x00000001
core   0: 0x8000d56c (0xff9ff06f) j       pc - 0x8
core   0: 3 0x8000d56c (0xff9ff06f)
core   0: 0x8000d564 (0x00003f17) auipc   t5, 0x3
core   0: 3 0x8000d564 (0x00003f17) x30 0x80010564
core   0: 0x8000d568 (0xa83f2e23) sw      gp, -1380(t5)
core   0: 3 0x8000d568 (0xa83f2e23) mem 0x80010000 0x00000001
core   0: 0x8000d56c (0xff9ff06f) j       pc - 0x8
core   0: 3 0x8000d56c (0xff9ff06f)
core   0: 0x8000d564 (0x00003f17) auipc   t5, 0x3
core   0: 3 0x8000d564 (0x00003f17) x30 0x80010564
core   0: 0x8000d568 (0xa83f2e23) sw      gp, -1380(t5)
core   0: 3 0x8000d568 (0xa83f2e23) mem 0x80010000 0x00000001
core   0: 0x8000d56c (0xff9ff06f) j       pc - 0x8
core   0: 3 0x8000d56c (0xff9ff06f)
core   0: 0x8000d564 (0x00003f17) auipc   t5, 0x3
core   0: 3 0x8000d564 (0x00003f17) x30 0x80010564
core   0: 0x8000d568 (0xa83f2e23) sw      gp, -1380(t5)
core   0: 3 0x8000d568 (0xa83f2e23) mem 0x80010000 0x00000001
core   0: 0x8000d56c (0xff9ff06f) j       pc - 0x8
core   0: 3 0x8000d56c (0xff9ff06f)
core   0: 0x8000d564 (0x00003f17) auipc   t5, 0x3
core   0: 3 0x8000d564 (0x00003f17) x30 0x80010564
core   0: 0x8000d568 (0xa83f2e23) sw      gp, -1380(t5)
core   0: 3 0x8000d568 (0xa83f2e23) mem 0x80010000 0x00000001
core   0: 0x8000d56c (0xff9ff06f) j       pc - 0x8
core   0: 3 0x8000d56c (0xff9ff06f)
core   0: 0x8000d564 (0x00003f17) auipc   t5, 0x3
core   0: 3 0x8000d564 (0x00003f17) x30 0x80010564
core   0: 0x8000d568 (0xa83f2e23) sw      gp, -1380(t5)
core   0: 3 0x8000d568 (0xa83f2e23) mem 0x80010000 0x00000001
core   0: 0x8000d56c (0xff9ff06f) j       pc - 0x8
core   0: 3 0x8000d56c (0xff9ff06f)
core   0: 0x8000d564 (0x00003f17) auipc   t5, 0x3
core   0: 3 0x8000d564 (0x00003f17) x30 0x80010564
core   0: 0x8000d568 (0xa83f2e23) sw      gp, -1380(t5)
core   0: 3 0x8000d568 (0xa83f2e23) mem 0x80010000 0x00000001
core   0: 0x8000d56c (0xff9ff06f) j       pc - 0x8
core   0: 3 0x8000d56c (0xff9ff06f)
core   0: 0x8000d564 (0x00003f17) auipc   t5, 0x3
core   0: 3 0x8000d564 (0x00003f17) x30 0x80010564
core   0: 0x8000d568 (0xa83f2e23) sw      gp, -1380(t5)
core   0: 3 0x8000d568 (0xa83f2e23) mem 0x80010000 0x00000001
core   0: 0x8000d56c (0xff9ff06f) j       pc - 0x8
core   0: 3 0x8000d56c (0xff9ff06f)
core   0: 0x8000d564 (0x00003f17) auipc   t5, 0x3
core   0: 3 0x8000d564 (0x00003f17) x30 0x80010564
core   0: 0x8000d568 (0xa83f2e23) sw      gp, -1380(t5)
core   0: 3 0x8000d568 (0xa83f2e23) mem 0x80010000 0x00000001
core   0: 0x8000d56c (0xff9ff06f) j       pc - 0x8
core   0: 3 0x8000d56c (0xff9ff06f)
core   0: 0x8000d564 (0x00003f17) auipc   t5, 0x3
core   0: 3 0x8000d564 (0x00003f17) x30 0x80010564
core   0: 0x8000d568 (0xa83f2e23) sw      gp, -1380(t5)
core   0: 3 0x8000d568 (0xa83f2e23) mem 0x80010000 0x00000001
core   0: 0x8000d56c (0xff9ff06f) j       pc - 0x8
core   0: 3 0x8000d56c (0xff9ff06f)
core   0: 0x8000d564 (0x00003f17) auipc   t5, 0x3
core   0: 3 0x8000d564 (0x00003f17) x30 0x80010564
core   0: 0x8000d568 (0xa83f2e23) sw      gp, -1380(t5)
core   0: 3 0x8000d568 (0xa83f2e23) mem 0x80010000 0x00000001
core   0: 0x8000d56c (0xff9ff06f) j       pc - 0x8
core   0: 3 0x8000d56c (0xff9ff06f)
core   0: 0x8000d564 (0x00003f17) auipc   t5, 0x3
core   0: 3 0x8000d564 (0x00003f17) x30 0x80010564
core   0: 0x8000d568 (0xa83f2e23) sw      gp, -1380(t5)
core   0: 3 0x8000d568 (0xa83f2e23) mem 0x80010000 0x00000001
core   0: 0x8000d56c (0xff9ff06f) j       pc - 0x8
core   0: 3 0x8000d56c (0xff9ff06f)
core   0: 0x8000d564 (0x00003f17) auipc   t5, 0x3
core   0: 3 0x8000d564 (0x00003f17) x30 0x80010564
core   0: 0x8000d568 (0xa83f2e23) sw      gp, -1380(t5)
core   0: 3 0x8000d568 (0xa83f2e23) mem 0x80010000 0x00000001
core   0: 0x8000d56c (0xff9ff06f) j       pc - 0x8
core   0: 3 0x8000d56c (0xff9ff06f)
core   0: 0x8000d564 (0x00003f17) auipc   t5, 0x3
core   0: 3 0x8000d564 (0x00003f17) x30 0x80010564
core   0: 0x8000d568 (0xa83f2e23) sw      gp, -1380(t5)
core   0: 3 0x8000d568 (0xa83f2e23) mem 0x80010000 0x00000001
core   0: 0x8000d56c (0xff9ff06f) j       pc - 0x8
core   0: 3 0x8000d56c (0xff9ff06f)
core   0: 0x8000d564 (0x00003f17) auipc   t5, 0x3
core   0: 3 0x8000d564 (0x00003f17) x30 0x80010564
core   0: 0x8000d568 (0xa83f2e23) sw      gp, -1380(t5)
core   0: 3 0x8000d568 (0xa83f2e23) mem 0x80010000 0x00000001
core   0: 0x8000d56c (0xff9ff06f) j       pc - 0x8
core   0: 3 0x8000d56c (0xff9ff06f)
core   0: 0x8000d564 (0x00003f17) auipc   t5, 0x3
core   0: 3 0x8000d564 (0x00003f17) x30 0x80010564
core   0: 0x8000d568 (0xa83f2e23) sw      gp, -1380(t5)
core   0: 3 0x8000d568 (0xa83f2e23) mem 0x80010000 0x00000001
core   0: 0x8000d56c (0xff9ff06f) j       pc - 0x8
core   0: 3 0x8000d56c (0xff9ff06f)
core   0: 0x8000d564 (0x00003f17) auipc   t5, 0x3
core   0: 3 0x8000d564 (0x00003f17) x30 0x80010564
core   0: 0x8000d568 (0xa83f2e23) sw      gp, -1380(t5)
core   0: 3 0x8000d568 (0xa83f2e23) mem 0x80010000 0x00000001
core   0: 0x8000d56c (0xff9ff06f) j       pc - 0x8
core   0: 3 0x8000d56c (0xff9ff06f)
core   0: 0x8000d564 (0x00003f17) auipc   t5, 0x3
core   0: 3 0x8000d564 (0x00003f17) x30 0x80010564
core   0: 0x8000d568 (0xa83f2e23) sw      gp, -1380(t5)
core   0: 3 0x8000d568 (0xa83f2e23) mem 0x80010000 0x00000001
core   0: 0x8000d56c (0xff9ff06f) j       pc - 0x8
core   0: 3 0x8000d56c (0xff9ff06f)
core   0: 0x8000d564 (0x00003f17) auipc   t5, 0x3
core   0: 3 0x8000d564 (0x00003f17) x30 0x80010564
core   0: 0x8000d568 (0xa83f2e23) sw      gp, -1380(t5)
core   0: 3 0x8000d568 (0xa83f2e23) mem 0x80010000 0x00000001
core   0: 0x8000d56c (0xff9ff06f) j       pc - 0x8
core   0: 3 0x8000d56c (0xff9ff06f)
core   0: 0x8000d564 (0x00003f17) auipc   t5, 0x3
core   0: 3 0x8000d564 (0x00003f17) x30 0x80010564
core   0: 0x8000d568 (0xa83f2e23) sw      gp, -1380(t5)
core   0: 3 0x8000d568 (0xa83f2e23) mem 0x80010000 0x00000001
core   0: 0x8000d56c (0xff9ff06f) j       pc - 0x8
core   0: 3 0x8000d56c (0xff9ff06f)
core   0: 0x8000d564 (0x00003f17) auipc   t5, 0x3
core   0: 3 0x8000d564 (0x00003f17) x30 0x80010564
core   0: 0x8000d568 (0xa83f2e23) sw      gp, -1380(t5)
core   0: 3 0x8000d568 (0xa83f2e23) mem 0x80010000 0x00000001
core   0: 0x8000d56c (0xff9ff06f) j       pc - 0x8
core   0: 3 0x8000d56c (0xff9ff06f)
core   0: 0x8000d564 (0x00003f17) auipc   t5, 0x3
core   0: 3 0x8000d564 (0x00003f17) x30 0x80010564
core   0: 0x8000d568 (0xa83f2e23) sw      gp, -1380(t5)
core   0: 3 0x8000d568 (0xa83f2e23) mem 0x80010000 0x00000001
core   0: 0x8000d56c (0xff9ff06f) j       pc - 0x8
core   0: 3 0x8000d56c (0xff9ff06f)
core   0: 0x8000d564 (0x00003f17) auipc   t5, 0x3
core   0: 3 0x8000d564 (0x00003f17) x30 0x80010564
core   0: 0x8000d568 (0xa83f2e23) sw      gp, -1380(t5)
core   0: 3 0x8000d568 (0xa83f2e23) mem 0x80010000 0x00000001
core   0: 0x8000d56c (0xff9ff06f) j       pc - 0x8
core   0: 3 0x8000d56c (0xff9ff06f)
core   0: 0x8000d564 (0x00003f17) auipc   t5, 0x3
core   0: 3 0x8000d564 (0x00003f17) x30 0x80010564
core   0: 0x8000d568 (0xa83f2e23) sw      gp, -1380(t5)
core   0: 3 0x8000d568 (0xa83f2e23) mem 0x80010000 0x00000001
core   0: 0x8000d56c (0xff9ff06f) j       pc - 0x8
core   0: 3 0x8000d56c (0xff9ff06f)
core   0: 0x8000d564 (0x00003f17) auipc   t5, 0x3
core   0: 3 0x8000d564 (0x00003f17) x30 0x80010564
core   0: 0x8000d568 (0xa83f2e23) sw      gp, -1380(t5)
core   0: 3 0x8000d568 (0xa83f2e23) mem 0x80010000 0x00000001
core   0: 0x8000d56c (0xff9ff06f) j       pc - 0x8
core   0: 3 0x8000d56c (0xff9ff06f)
core   0: 0x8000d564 (0x00003f17) auipc   t5, 0x3
core   0: 3 0x8000d564 (0x00003f17) x30 0x80010564
core   0: 0x8000d568 (0xa83f2e23) sw      gp, -1380(t5)
core   0: 3 0x8000d568 (0xa83f2e23) mem 0x80010000 0x00000001
core   0: 0x8000d56c (0xff9ff06f) j       pc - 0x8
core   0: 3 0x8000d56c (0xff9ff06f)
core   0: 0x8000d564 (0x00003f17) auipc   t5, 0x3
core   0: 3 0x8000d564 (0x00003f17) x30 0x80010564
core   0: 0x8000d568 (0xa83f2e23) sw      gp, -1380(t5)
core   0: 3 0x8000d568 (0xa83f2e23) mem 0x80010000 0x00000001
core   0: 0x8000d56c (0xff9ff06f) j       pc - 0x8
core   0: 3 0x8000d56c (0xff9ff06f)
core   0: 0x8000d564 (0x00003f17) auipc   t5, 0x3
core   0: 3 0x8000d564 (0x00003f17) x30 0x80010564
core   0: 0x8000d568 (0xa83f2e23) sw      gp, -1380(t5)
core   0: 3 0x8000d568 (0xa83f2e23) mem 0x80010000 0x00000001
core   0: 0x8000d56c (0xff9ff06f) j       pc - 0x8
core   0: 3 0x8000d56c (0xff9ff06f)
core   0: 0x8000d564 (0x00003f17) auipc   t5, 0x3
core   0: 3 0x8000d564 (0x00003f17) x30 0x80010564
core   0: 0x8000d568 (0xa83f2e23) sw      gp, -1380(t5)
core   0: 3 0x8000d568 (0xa83f2e23) mem 0x80010000 0x00000001
core   0: 0x8000d56c (0xff9ff06f) j       pc - 0x8
core   0: 3 0x8000d56c (0xff9ff06f)
core   0: 0x8000d564 (0x00003f17) auipc   t5, 0x3
core   0: 3 0x8000d564 (0x00003f17) x30 0x80010564
core   0: 0x8000d568 (0xa83f2e23) sw      gp, -1380(t5)
core   0: 3 0x8000d568 (0xa83f2e23) mem 0x80010000 0x00000001
core   0: 0x8000d56c (0xff9ff06f) j       pc - 0x8
core   0: 3 0x8000d56c (0xff9ff06f)
core   0: 0x8000d564 (0x00003f17) auipc   t5, 0x3
core   0: 3 0x8000d564 (0x00003f17) x30 0x80010564
core   0: 0x8000d568 (0xa83f2e23) sw      gp, -1380(t5)
core   0: 3 0x8000d568 (0xa83f2e23) mem 0x80010000 0x00000001
core   0: 0x8000d56c (0xff9ff06f) j       pc - 0x8
core   0: 3 0x8000d56c (0xff9ff06f)
core   0: 0x8000d564 (0x00003f17) auipc   t5, 0x3
core   0: 3 0x8000d564 (0x00003f17) x30 0x80010564
core   0: 0x8000d568 (0xa83f2e23) sw      gp, -1380(t5)
core   0: 3 0x8000d568 (0xa83f2e23) mem 0x80010000 0x00000001
core   0: 0x8000d56c (0xff9ff06f) j       pc - 0x8
core   0: 3 0x8000d56c (0xff9ff06f)
core   0: 0x8000d564 (0x00003f17) auipc   t5, 0x3
core   0: 3 0x8000d564 (0x00003f17) x30 0x80010564
core   0: 0x8000d568 (0xa83f2e23) sw      gp, -1380(t5)
core   0: 3 0x8000d568 (0xa83f2e23) mem 0x80010000 0x00000001
core   0: 0x8000d56c (0xff9ff06f) j       pc - 0x8
core   0: 3 0x8000d56c (0xff9ff06f)
core   0: 0x8000d564 (0x00003f17) auipc   t5, 0x3
core   0: 3 0x8000d564 (0x00003f17) x30 0x80010564
core   0: 0x8000d568 (0xa83f2e23) sw      gp, -1380(t5)
core   0: 3 0x8000d568 (0xa83f2e23) mem 0x80010000 0x00000001
core   0: 0x8000d56c (0xff9ff06f) j       pc - 0x8
core   0: 3 0x8000d56c (0xff9ff06f)
core   0: 0x8000d564 (0x00003f17) auipc   t5, 0x3
core   0: 3 0x8000d564 (0x00003f17) x30 0x80010564
core   0: 0x8000d568 (0xa83f2e23) sw      gp, -1380(t5)
core   0: 3 0x8000d568 (0xa83f2e23) mem 0x80010000 0x00000001
core   0: 0x8000d56c (0xff9ff06f) j       pc - 0x8
core   0: 3 0x8000d56c (0xff9ff06f)
core   0: 0x8000d564 (0x00003f17) auipc   t5, 0x3
core   0: 3 0x8000d564 (0x00003f17) x30 0x80010564
core   0: 0x8000d568 (0xa83f2e23) sw      gp, -1380(t5)
core   0: 3 0x8000d568 (0xa83f2e23) mem 0x80010000 0x00000001
core   0: 0x8000d56c (0xff9ff06f) j       pc - 0x8
core   0: 3 0x8000d56c (0xff9ff06f)
core   0: 0x8000d564 (0x00003f17) auipc   t5, 0x3
core   0: 3 0x8000d564 (0x00003f17) x30 0x80010564
core   0: 0x8000d568 (0xa83f2e23) sw      gp, -1380(t5)
core   0: 3 0x8000d568 (0xa83f2e23) mem 0x80010000 0x00000001
core   0: 0x8000d56c (0xff9ff06f) j       pc - 0x8
core   0: 3 0x8000d56c (0xff9ff06f)
core   0: 0x8000d564 (0x00003f17) auipc   t5, 0x3
core   0: 3 0x8000d564 (0x00003f17) x30 0x80010564
core   0: 0x8000d568 (0xa83f2e23) sw      gp, -1380(t5)
core   0: 3 0x8000d568 (0xa83f2e23) mem 0x80010000 0x00000001
core   0: 0x8000d56c (0xff9ff06f) j       pc - 0x8
core   0: 3 0x8000d56c (0xff9ff06f)
core   0: 0x8000d564 (0x00003f17) auipc   t5, 0x3
core   0: 3 0x8000d564 (0x00003f17) x30 0x80010564
core   0: 0x8000d568 (0xa83f2e23) sw      gp, -1380(t5)
core   0: 3 0x8000d568 (0xa83f2e23) mem 0x80010000 0x00000001
core   0: 0x8000d56c (0xff9ff06f) j       pc - 0x8
core   0: 3 0x8000d56c (0xff9ff06f)
core   0: 0x8000d564 (0x00003f17) auipc   t5, 0x3
core   0: 3 0x8000d564 (0x00003f17) x30 0x80010564
core   0: 0x8000d568 (0xa83f2e23) sw      gp, -1380(t5)
core   0: 3 0x8000d568 (0xa83f2e23) mem 0x80010000 0x00000001
core   0: 0x8000d56c (0xff9ff06f) j       pc - 0x8
core   0: 3 0x8000d56c (0xff9ff06f)
core   0: 0x8000d564 (0x00003f17) auipc   t5, 0x3
core   0: 3 0x8000d564 (0x00003f17) x30 0x80010564
core   0: 0x8000d568 (0xa83f2e23) sw      gp, -1380(t5)
core   0: 3 0x8000d568 (0xa83f2e23) mem 0x80010000 0x00000001
core   0: 0x8000d56c (0xff9ff06f) j       pc - 0x8
core   0: 3 0x8000d56c (0xff9ff06f)
core   0: 0x8000d564 (0x00003f17) auipc   t5, 0x3
core   0: 3 0x8000d564 (0x00003f17) x30 0x80010564
core   0: 0x8000d568 (0xa83f2e23) sw      gp, -1380(t5)
core   0: 3 0x8000d568 (0xa83f2e23) mem 0x80010000 0x00000001
core   0: 0x8000d56c (0xff9ff06f) j       pc - 0x8
core   0: 3 0x8000d56c (0xff9ff06f)
core   0: 0x8000d564 (0x00003f17) auipc   t5, 0x3
core   0: 3 0x8000d564 (0x00003f17) x30 0x80010564
core   0: 0x8000d568 (0xa83f2e23) sw      gp, -1380(t5)
core   0: 3 0x8000d568 (0xa83f2e23) mem 0x80010000 0x00000001
core   0: 0x8000d56c (0xff9ff06f) j       pc - 0x8
core   0: 3 0x8000d56c (0xff9ff06f)
core   0: 0x8000d564 (0x00003f17) auipc   t5, 0x3
core   0: 3 0x8000d564 (0x00003f17) x30 0x80010564
core   0: 0x8000d568 (0xa83f2e23) sw      gp, -1380(t5)
core   0: 3 0x8000d568 (0xa83f2e23) mem 0x80010000 0x00000001
core   0: 0x8000d56c (0xff9ff06f) j       pc - 0x8
core   0: 3 0x8000d56c (0xff9ff06f)
core   0: 0x8000d564 (0x00003f17) auipc   t5, 0x3
core   0: 3 0x8000d564 (0x00003f17) x30 0x80010564
core   0: 0x8000d568 (0xa83f2e23) sw      gp, -1380(t5)
core   0: 3 0x8000d568 (0xa83f2e23) mem 0x80010000 0x00000001
core   0: 0x8000d56c (0xff9ff06f) j       pc - 0x8
core   0: 3 0x8000d56c (0xff9ff06f)
core   0: 0x8000d564 (0x00003f17) auipc   t5, 0x3
core   0: 3 0x8000d564 (0x00003f17) x30 0x80010564
core   0: 0x8000d568 (0xa83f2e23) sw      gp, -1380(t5)
core   0: 3 0x8000d568 (0xa83f2e23) mem 0x80010000 0x00000001
core   0: 0x8000d56c (0xff9ff06f) j       pc - 0x8
core   0: 3 0x8000d56c (0xff9ff06f)
core   0: 0x8000d564 (0x00003f17) auipc   t5, 0x3
core   0: 3 0x8000d564 (0x00003f17) x30 0x80010564
core   0: 0x8000d568 (0xa83f2e23) sw      gp, -1380(t5)
core   0: 3 0x8000d568 (0xa83f2e23) mem 0x80010000 0x00000001
core   0: 0x8000d56c (0xff9ff06f) j       pc - 0x8
core   0: 3 0x8000d56c (0xff9ff06f)
core   0: 0x8000d564 (0x00003f17) auipc   t5, 0x3
core   0: 3 0x8000d564 (0x00003f17) x30 0x80010564
core   0: 0x8000d568 (0xa83f2e23) sw      gp, -1380(t5)
core   0: 3 0x8000d568 (0xa83f2e23) mem 0x80010000 0x00000001
core   0: 0x8000d56c (0xff9ff06f) j       pc - 0x8
core   0: 3 0x8000d56c (0xff9ff06f)
core   0: 0x8000d564 (0x00003f17) auipc   t5, 0x3
core   0: 3 0x8000d564 (0x00003f17) x30 0x80010564
core   0: 0x8000d568 (0xa83f2e23) sw      gp, -1380(t5)
core   0: 3 0x8000d568 (0xa83f2e23) mem 0x80010000 0x00000001
core   0: 0x8000d56c (0xff9ff06f) j       pc - 0x8
core   0: 3 0x8000d56c (0xff9ff06f)
core   0: 0x8000d564 (0x00003f17) auipc   t5, 0x3
core   0: 3 0x8000d564 (0x00003f17) x30 0x80010564
core   0: 0x8000d568 (0xa83f2e23) sw      gp, -1380(t5)
core   0: 3 0x8000d568 (0xa83f2e23) mem 0x80010000 0x00000001
core   0: 0x8000d56c (0xff9ff06f) j       pc - 0x8
core   0: 3 0x8000d56c (0xff9ff06f)
core   0: 0x8000d564 (0x00003f17) auipc   t5, 0x3
core   0: 3 0x8000d564 (0x00003f17) x30 0x80010564
core   0: 0x8000d568 (0xa83f2e23) sw      gp, -1380(t5)
core   0: 3 0x8000d568 (0xa83f2e23) mem 0x80010000 0x00000001
core   0: 0x8000d56c (0xff9ff06f) j       pc - 0x8
core   0: 3 0x8000d56c (0xff9ff06f)
core   0: 0x8000d564 (0x00003f17) auipc   t5, 0x3
core   0: 3 0x8000d564 (0x00003f17) x30 0x80010564
core   0: 0x8000d568 (0xa83f2e23) sw      gp, -1380(t5)
core   0: 3 0x8000d568 (0xa83f2e23) mem 0x80010000 0x00000001
core   0: 0x8000d56c (0xff9ff06f) j       pc - 0x8
core   0: 3 0x8000d56c (0xff9ff06f)
core   0: 0x8000d564 (0x00003f17) auipc   t5, 0x3
core   0: 3 0x8000d564 (0x00003f17) x30 0x80010564
core   0: 0x8000d568 (0xa83f2e23) sw      gp, -1380(t5)
core   0: 3 0x8000d568 (0xa83f2e23) mem 0x80010000 0x00000001
core   0: 0x8000d56c (0xff9ff06f) j       pc - 0x8
core   0: 3 0x8000d56c (0xff9ff06f)
core   0: 0x8000d564 (0x00003f17) auipc   t5, 0x3
core   0: 3 0x8000d564 (0x00003f17) x30 0x80010564
core   0: 0x8000d568 (0xa83f2e23) sw      gp, -1380(t5)
core   0: 3 0x8000d568 (0xa83f2e23) mem 0x80010000 0x00000001
core   0: 0x8000d56c (0xff9ff06f) j       pc - 0x8
core   0: 3 0x8000d56c (0xff9ff06f)
core   0: 0x8000d564 (0x00003f17) auipc   t5, 0x3
core   0: 3 0x8000d564 (0x00003f17) x30 0x80010564
core   0: 0x8000d568 (0xa83f2e23) sw      gp, -1380(t5)
core   0: 3 0x8000d568 (0xa83f2e23) mem 0x80010000 0x00000001
core   0: 0x8000d56c (0xff9ff06f) j       pc - 0x8
core   0: 3 0x8000d56c (0xff9ff06f)
core   0: 0x8000d564 (0x00003f17) auipc   t5, 0x3
core   0: 3 0x8000d564 (0x00003f17) x30 0x80010564
core   0: 0x8000d568 (0xa83f2e23) sw      gp, -1380(t5)
core   0: 3 0x8000d568 (0xa83f2e23) mem 0x80010000 0x00000001
core   0: 0x8000d56c (0xff9ff06f) j       pc - 0x8
core   0: 3 0x8000d56c (0xff9ff06f)
core   0: 0x8000d564 (0x00003f17) auipc   t5, 0x3
core   0: 3 0x8000d564 (0x00003f17) x30 0x80010564
core   0: 0x8000d568 (0xa83f2e23) sw      gp, -1380(t5)
core   0: 3 0x8000d568 (0xa83f2e23) mem 0x80010000 0x00000001
core   0: 0x8000d56c (0xff9ff06f) j       pc - 0x8
core   0: 3 0x8000d56c (0xff9ff06f)
core   0: 0x8000d564 (0x00003f17) auipc   t5, 0x3
core   0: 3 0x8000d564 (0x00003f17) x30 0x80010564
core   0: 0x8000d568 (0xa83f2e23) sw      gp, -1380(t5)
core   0: 3 0x8000d568 (0xa83f2e23) mem 0x80010000 0x00000001
core   0: 0x8000d56c (0xff9ff06f) j       pc - 0x8
core   0: 3 0x8000d56c (0xff9ff06f)
core   0: 0x8000d564 (0x00003f17) auipc   t5, 0x3
core   0: 3 0x8000d564 (0x00003f17) x30 0x80010564
core   0: 0x8000d568 (0xa83f2e23) sw      gp, -1380(t5)
core   0: 3 0x8000d568 (0xa83f2e23) mem 0x80010000 0x00000001
core   0: 0x8000d56c (0xff9ff06f) j       pc - 0x8
core   0: 3 0x8000d56c (0xff9ff06f)
core   0: 0x8000d564 (0x00003f17) auipc   t5, 0x3
core   0: 3 0x8000d564 (0x00003f17) x30 0x80010564
core   0: 0x8000d568 (0xa83f2e23) sw      gp, -1380(t5)
core   0: 3 0x8000d568 (0xa83f2e23) mem 0x80010000 0x00000001
core   0: 0x8000d56c (0xff9ff06f) j       pc - 0x8
core   0: 3 0x8000d56c (0xff9ff06f)
core   0: 0x8000d564 (0x00003f17) auipc   t5, 0x3
core   0: 3 0x8000d564 (0x00003f17) x30 0x80010564
core   0: 0x8000d568 (0xa83f2e23) sw      gp, -1380(t5)
core   0: 3 0x8000d568 (0xa83f2e23) mem 0x80010000 0x00000001
core   0: 0x8000d56c (0xff9ff06f) j       pc - 0x8
core   0: 3 0x8000d56c (0xff9ff06f)
core   0: 0x8000d564 (0x00003f17) auipc   t5, 0x3
core   0: 3 0x8000d564 (0x00003f17) x30 0x80010564
core   0: 0x8000d568 (0xa83f2e23) sw      gp, -1380(t5)
core   0: 3 0x8000d568 (0xa83f2e23) mem 0x80010000 0x00000001
core   0: 0x8000d56c (0xff9ff06f) j       pc - 0x8
core   0: 3 0x8000d56c (0xff9ff06f)
core   0: 0x8000d564 (0x00003f17) auipc   t5, 0x3
core   0: 3 0x8000d564 (0x00003f17) x30 0x80010564
core   0: 0x8000d568 (0xa83f2e23) sw      gp, -1380(t5)
core   0: 3 0x8000d568 (0xa83f2e23) mem 0x80010000 0x00000001
core   0: 0x8000d56c (0xff9ff06f) j       pc - 0x8
core   0: 3 0x8000d56c (0xff9ff06f)
core   0: 0x8000d564 (0x00003f17) auipc   t5, 0x3
core   0: 3 0x8000d564 (0x00003f17) x30 0x80010564
core   0: 0x8000d568 (0xa83f2e23) sw      gp, -1380(t5)
core   0: 3 0x8000d568 (0xa83f2e23) mem 0x80010000 0x00000001
core   0: 0x8000d56c (0xff9ff06f) j       pc - 0x8
core   0: 3 0x8000d56c (0xff9ff06f)
core   0: 0x8000d564 (0x00003f17) auipc   t5, 0x3
core   0: 3 0x8000d564 (0x00003f17) x30 0x80010564
core   0: 0x8000d568 (0xa83f2e23) sw      gp, -1380(t5)
core   0: 3 0x8000d568 (0xa83f2e23) mem 0x80010000 0x00000001
core   0: 0x8000d56c (0xff9ff06f) j       pc - 0x8
core   0: 3 0x8000d56c (0xff9ff06f)
core   0: 0x8000d564 (0x00003f17) auipc   t5, 0x3
core   0: 3 0x8000d564 (0x00003f17) x30 0x80010564
core   0: 0x8000d568 (0xa83f2e23) sw      gp, -1380(t5)
core   0: 3 0x8000d568 (0xa83f2e23) mem 0x80010000 0x00000001
core   0: 0x8000d56c (0xff9ff06f) j       pc - 0x8
core   0: 3 0x8000d56c (0xff9ff06f)
core   0: 0x8000d564 (0x00003f17) auipc   t5, 0x3
core   0: 3 0x8000d564 (0x00003f17) x30 0x80010564
core   0: 0x8000d568 (0xa83f2e23) sw      gp, -1380(t5)
core   0: 3 0x8000d568 (0xa83f2e23) mem 0x80010000 0x00000001
core   0: 0x8000d56c (0xff9ff06f) j       pc - 0x8
core   0: 3 0x8000d56c (0xff9ff06f)
core   0: 0x8000d564 (0x00003f17) auipc   t5, 0x3
core   0: 3 0x8000d564 (0x00003f17) x30 0x80010564
core   0: 0x8000d568 (0xa83f2e23) sw      gp, -1380(t5)
core   0: 3 0x8000d568 (0xa83f2e23) mem 0x80010000 0x00000001
core   0: 0x8000d56c (0xff9ff06f) j       pc - 0x8
core   0: 3 0x8000d56c (0xff9ff06f)
core   0: 0x8000d564 (0x00003f17) auipc   t5, 0x3
core   0: 3 0x8000d564 (0x00003f17) x30 0x80010564
core   0: 0x8000d568 (0xa83f2e23) sw      gp, -1380(t5)
core   0: 3 0x8000d568 (0xa83f2e23) mem 0x80010000 0x00000001
core   0: 0x8000d56c (0xff9ff06f) j       pc - 0x8
core   0: 3 0x8000d56c (0xff9ff06f)
core   0: 0x8000d564 (0x00003f17) auipc   t5, 0x3
core   0: 3 0x8000d564 (0x00003f17) x30 0x80010564
core   0: 0x8000d568 (0xa83f2e23) sw      gp, -1380(t5)
core   0: 3 0x8000d568 (0xa83f2e23) mem 0x80010000 0x00000001
core   0: 0x8000d56c (0xff9ff06f) j       pc - 0x8
core   0: 3 0x8000d56c (0xff9ff06f)
core   0: 0x8000d564 (0x00003f17) auipc   t5, 0x3
core   0: 3 0x8000d564 (0x00003f17) x30 0x80010564
core   0: 0x8000d568 (0xa83f2e23) sw      gp, -1380(t5)
core   0: 3 0x8000d568 (0xa83f2e23) mem 0x80010000 0x00000001
core   0: 0x8000d56c (0xff9ff06f) j       pc - 0x8
core   0: 3 0x8000d56c (0xff9ff06f)
core   0: 0x8000d564 (0x00003f17) auipc   t5, 0x3
core   0: 3 0x8000d564 (0x00003f17) x30 0x80010564
core   0: 0x8000d568 (0xa83f2e23) sw      gp, -1380(t5)
core   0: 3 0x8000d568 (0xa83f2e23) mem 0x80010000 0x00000001
core   0: 0x8000d56c (0xff9ff06f) j       pc - 0x8
core   0: 3 0x8000d56c (0xff9ff06f)
core   0: 0x8000d564 (0x00003f17) auipc   t5, 0x3
core   0: 3 0x8000d564 (0x00003f17) x30 0x80010564
core   0: 0x8000d568 (0xa83f2e23) sw      gp, -1380(t5)
core   0: 3 0x8000d568 (0xa83f2e23) mem 0x80010000 0x00000001
core   0: 0x8000d56c (0xff9ff06f) j       pc - 0x8
core   0: 3 0x8000d56c (0xff9ff06f)
core   0: 0x8000d564 (0x00003f17) auipc   t5, 0x3
core   0: 3 0x8000d564 (0x00003f17) x30 0x80010564
core   0: 0x8000d568 (0xa83f2e23) sw      gp, -1380(t5)
core   0: 3 0x8000d568 (0xa83f2e23) mem 0x80010000 0x00000001
core   0: 0x8000d56c (0xff9ff06f) j       pc - 0x8
core   0: 3 0x8000d56c (0xff9ff06f)
core   0: 0x8000d564 (0x00003f17) auipc   t5, 0x3
core   0: 3 0x8000d564 (0x00003f17) x30 0x80010564
core   0: 0x8000d568 (0xa83f2e23) sw      gp, -1380(t5)
core   0: 3 0x8000d568 (0xa83f2e23) mem 0x80010000 0x00000001
core   0: 0x8000d56c (0xff9ff06f) j       pc - 0x8
core   0: 3 0x8000d56c (0xff9ff06f)
core   0: 0x8000d564 (0x00003f17) auipc   t5, 0x3
core   0: 3 0x8000d564 (0x00003f17) x30 0x80010564
core   0: 0x8000d568 (0xa83f2e23) sw      gp, -1380(t5)
core   0: 3 0x8000d568 (0xa83f2e23) mem 0x80010000 0x00000001
core   0: 0x8000d56c (0xff9ff06f) j       pc - 0x8
core   0: 3 0x8000d56c (0xff9ff06f)
core   0: 0x8000d564 (0x00003f17) auipc   t5, 0x3
core   0: 3 0x8000d564 (0x00003f17) x30 0x80010564
core   0: 0x8000d568 (0xa83f2e23) sw      gp, -1380(t5)
core   0: 3 0x8000d568 (0xa83f2e23) mem 0x80010000 0x00000001
core   0: 0x8000d56c (0xff9ff06f) j       pc - 0x8
core   0: 3 0x8000d56c (0xff9ff06f)
core   0: 0x8000d564 (0x00003f17) auipc   t5, 0x3
core   0: 3 0x8000d564 (0x00003f17) x30 0x80010564
core   0: 0x8000d568 (0xa83f2e23) sw      gp, -1380(t5)
core   0: 3 0x8000d568 (0xa83f2e23) mem 0x80010000 0x00000001
core   0: 0x8000d56c (0xff9ff06f) j       pc - 0x8
core   0: 3 0x8000d56c (0xff9ff06f)
core   0: 0x8000d564 (0x00003f17) auipc   t5, 0x3
core   0: 3 0x8000d564 (0x00003f17) x30 0x80010564
core   0: 0x8000d568 (0xa83f2e23) sw      gp, -1380(t5)
core   0: 3 0x8000d568 (0xa83f2e23) mem 0x80010000 0x00000001
core   0: 0x8000d56c (0xff9ff06f) j       pc - 0x8
core   0: 3 0x8000d56c (0xff9ff06f)
core   0: 0x8000d564 (0x00003f17) auipc   t5, 0x3
core   0: 3 0x8000d564 (0x00003f17) x30 0x80010564
core   0: 0x8000d568 (0xa83f2e23) sw      gp, -1380(t5)
core   0: 3 0x8000d568 (0xa83f2e23) mem 0x80010000 0x00000001
core   0: 0x8000d56c (0xff9ff06f) j       pc - 0x8
core   0: 3 0x8000d56c (0xff9ff06f)
core   0: 0x8000d564 (0x00003f17) auipc   t5, 0x3
core   0: 3 0x8000d564 (0x00003f17) x30 0x80010564
core   0: 0x8000d568 (0xa83f2e23) sw      gp, -1380(t5)
core   0: 3 0x8000d568 (0xa83f2e23) mem 0x80010000 0x00000001
core   0: 0x8000d56c (0xff9ff06f) j       pc - 0x8
core   0: 3 0x8000d56c (0xff9ff06f)
core   0: 0x8000d564 (0x00003f17) auipc   t5, 0x3
core   0: 3 0x8000d564 (0x00003f17) x30 0x80010564
core   0: 0x8000d568 (0xa83f2e23) sw      gp, -1380(t5)
core   0: 3 0x8000d568 (0xa83f2e23) mem 0x80010000 0x00000001
core   0: 0x8000d56c (0xff9ff06f) j       pc - 0x8
core   0: 3 0x8000d56c (0xff9ff06f)
core   0: 0x8000d564 (0x00003f17) auipc   t5, 0x3
core   0: 3 0x8000d564 (0x00003f17) x30 0x80010564
core   0: 0x8000d568 (0xa83f2e23) sw      gp, -1380(t5)
core   0: 3 0x8000d568 (0xa83f2e23) mem 0x80010000 0x00000001
core   0: 0x8000d56c (0xff9ff06f) j       pc - 0x8
core   0: 3 0x8000d56c (0xff9ff06f)
core   0: 0x8000d564 (0x00003f17) auipc   t5, 0x3
core   0: 3 0x8000d564 (0x00003f17) x30 0x80010564
core   0: 0x8000d568 (0xa83f2e23) sw      gp, -1380(t5)
core   0: 3 0x8000d568 (0xa83f2e23) mem 0x80010000 0x00000001
core   0: 0x8000d56c (0xff9ff06f) j       pc - 0x8
core   0: 3 0x8000d56c (0xff9ff06f)
core   0: 0x8000d564 (0x00003f17) auipc   t5, 0x3
core   0: 3 0x8000d564 (0x00003f17) x30 0x80010564
core   0: 0x8000d568 (0xa83f2e23) sw      gp, -1380(t5)
core   0: 3 0x8000d568 (0xa83f2e23) mem 0x80010000 0x00000001
core   0: 0x8000d56c (0xff9ff06f) j       pc - 0x8
core   0: 3 0x8000d56c (0xff9ff06f)
core   0: 0x8000d564 (0x00003f17) auipc   t5, 0x3
core   0: 3 0x8000d564 (0x00003f17) x30 0x80010564
core   0: 0x8000d568 (0xa83f2e23) sw      gp, -1380(t5)
core   0: 3 0x8000d568 (0xa83f2e23) mem 0x80010000 0x00000001
core   0: 0x8000d56c (0xff9ff06f) j       pc - 0x8
core   0: 3 0x8000d56c (0xff9ff06f)
core   0: 0x8000d564 (0x00003f17) auipc   t5, 0x3
core   0: 3 0x8000d564 (0x00003f17) x30 0x80010564
core   0: 0x8000d568 (0xa83f2e23) sw      gp, -1380(t5)
core   0: 3 0x8000d568 (0xa83f2e23) mem 0x80010000 0x00000001
core   0: 0x8000d56c (0xff9ff06f) j       pc - 0x8
core   0: 3 0x8000d56c (0xff9ff06f)
core   0: 0x8000d564 (0x00003f17) auipc   t5, 0x3
core   0: 3 0x8000d564 (0x00003f17) x30 0x80010564
core   0: 0x8000d568 (0xa83f2e23) sw      gp, -1380(t5)
core   0: 3 0x8000d568 (0xa83f2e23) mem 0x80010000 0x00000001
core   0: 0x8000d56c (0xff9ff06f) j       pc - 0x8
core   0: 3 0x8000d56c (0xff9ff06f)
core   0: 0x8000d564 (0x00003f17) auipc   t5, 0x3
core   0: 3 0x8000d564 (0x00003f17) x30 0x80010564
core   0: 0x8000d568 (0xa83f2e23) sw      gp, -1380(t5)
core   0: 3 0x8000d568 (0xa83f2e23) mem 0x80010000 0x00000001
core   0: 0x8000d56c (0xff9ff06f) j       pc - 0x8
core   0: 3 0x8000d56c (0xff9ff06f)
core   0: 0x8000d564 (0x00003f17) auipc   t5, 0x3
core   0: 3 0x8000d564 (0x00003f17) x30 0x80010564
core   0: 0x8000d568 (0xa83f2e23) sw      gp, -1380(t5)
core   0: 3 0x8000d568 (0xa83f2e23) mem 0x80010000 0x00000001
core   0: 0x8000d56c (0xff9ff06f) j       pc - 0x8
core   0: 3 0x8000d56c (0xff9ff06f)
core   0: 0x8000d564 (0x00003f17) auipc   t5, 0x3
core   0: 3 0x8000d564 (0x00003f17) x30 0x80010564
core   0: 0x8000d568 (0xa83f2e23) sw      gp, -1380(t5)
core   0: 3 0x8000d568 (0xa83f2e23) mem 0x80010000 0x00000001
core   0: 0x8000d56c (0xff9ff06f) j       pc - 0x8
core   0: 3 0x8000d56c (0xff9ff06f)
core   0: 0x8000d564 (0x00003f17) auipc   t5, 0x3
core   0: 3 0x8000d564 (0x00003f17) x30 0x80010564
core   0: 0x8000d568 (0xa83f2e23) sw      gp, -1380(t5)
core   0: 3 0x8000d568 (0xa83f2e23) mem 0x80010000 0x00000001
core   0: 0x8000d56c (0xff9ff06f) j       pc - 0x8
core   0: 3 0x8000d56c (0xff9ff06f)
core   0: 0x8000d564 (0x00003f17) auipc   t5, 0x3
core   0: 3 0x8000d564 (0x00003f17) x30 0x80010564
core   0: 0x8000d568 (0xa83f2e23) sw      gp, -1380(t5)
core   0: 3 0x8000d568 (0xa83f2e23) mem 0x80010000 0x00000001
core   0: 0x8000d56c (0xff9ff06f) j       pc - 0x8
core   0: 3 0x8000d56c (0xff9ff06f)
core   0: 0x8000d564 (0x00003f17) auipc   t5, 0x3
core   0: 3 0x8000d564 (0x00003f17) x30 0x80010564
core   0: 0x8000d568 (0xa83f2e23) sw      gp, -1380(t5)
core   0: 3 0x8000d568 (0xa83f2e23) mem 0x80010000 0x00000001
core   0: 0x8000d56c (0xff9ff06f) j       pc - 0x8
core   0: 3 0x8000d56c (0xff9ff06f)
core   0: 0x8000d564 (0x00003f17) auipc   t5, 0x3
core   0: 3 0x8000d564 (0x00003f17) x30 0x80010564
core   0: 0x8000d568 (0xa83f2e23) sw      gp, -1380(t5)
core   0: 3 0x8000d568 (0xa83f2e23) mem 0x80010000 0x00000001
core   0: 0x8000d56c (0xff9ff06f) j       pc - 0x8
core   0: 3 0x8000d56c (0xff9ff06f)
core   0: 0x8000d564 (0x00003f17) auipc   t5, 0x3
core   0: 3 0x8000d564 (0x00003f17) x30 0x80010564
core   0: 0x8000d568 (0xa83f2e23) sw      gp, -1380(t5)
core   0: 3 0x8000d568 (0xa83f2e23) mem 0x80010000 0x00000001
core   0: 0x8000d56c (0xff9ff06f) j       pc - 0x8
core   0: 3 0x8000d56c (0xff9ff06f)
core   0: 0x8000d564 (0x00003f17) auipc   t5, 0x3
core   0: 3 0x8000d564 (0x00003f17) x30 0x80010564
core   0: 0x8000d568 (0xa83f2e23) sw      gp, -1380(t5)
core   0: 3 0x8000d568 (0xa83f2e23) mem 0x80010000 0x00000001
core   0: 0x8000d56c (0xff9ff06f) j       pc - 0x8
core   0: 3 0x8000d56c (0xff9ff06f)
core   0: 0x8000d564 (0x00003f17) auipc   t5, 0x3
core   0: 3 0x8000d564 (0x00003f17) x30 0x80010564
core   0: 0x8000d568 (0xa83f2e23) sw      gp, -1380(t5)
core   0: 3 0x8000d568 (0xa83f2e23) mem 0x80010000 0x00000001
core   0: 0x8000d56c (0xff9ff06f) j       pc - 0x8
core   0: 3 0x8000d56c (0xff9ff06f)
core   0: 0x8000d564 (0x00003f17) auipc   t5, 0x3
core   0: 3 0x8000d564 (0x00003f17) x30 0x80010564
core   0: 0x8000d568 (0xa83f2e23) sw      gp, -1380(t5)
core   0: 3 0x8000d568 (0xa83f2e23) mem 0x80010000 0x00000001
core   0: 0x8000d56c (0xff9ff06f) j       pc - 0x8
core   0: 3 0x8000d56c (0xff9ff06f)
core   0: 0x8000d564 (0x00003f17) auipc   t5, 0x3
core   0: 3 0x8000d564 (0x00003f17) x30 0x80010564
core   0: 0x8000d568 (0xa83f2e23) sw      gp, -1380(t5)
core   0: 3 0x8000d568 (0xa83f2e23) mem 0x80010000 0x00000001
core   0: 0x8000d56c (0xff9ff06f) j       pc - 0x8
core   0: 3 0x8000d56c (0xff9ff06f)
core   0: 0x8000d564 (0x00003f17) auipc   t5, 0x3
core   0: 3 0x8000d564 (0x00003f17) x30 0x80010564
core   0: 0x8000d568 (0xa83f2e23) sw      gp, -1380(t5)
core   0: 3 0x8000d568 (0xa83f2e23) mem 0x80010000 0x00000001
core   0: 0x8000d56c (0xff9ff06f) j       pc - 0x8
core   0: 3 0x8000d56c (0xff9ff06f)
core   0: 0x8000d564 (0x00003f17) auipc   t5, 0x3
core   0: 3 0x8000d564 (0x00003f17) x30 0x80010564
core   0: 0x8000d568 (0xa83f2e23) sw      gp, -1380(t5)
core   0: 3 0x8000d568 (0xa83f2e23) mem 0x80010000 0x00000001
core   0: 0x8000d56c (0xff9ff06f) j       pc - 0x8
core   0: 3 0x8000d56c (0xff9ff06f)
core   0: 0x8000d564 (0x00003f17) auipc   t5, 0x3
core   0: 3 0x8000d564 (0x00003f17) x30 0x80010564
core   0: 0x8000d568 (0xa83f2e23) sw      gp, -1380(t5)
core   0: 3 0x8000d568 (0xa83f2e23) mem 0x80010000 0x00000001
core   0: 0x8000d56c (0xff9ff06f) j       pc - 0x8
core   0: 3 0x8000d56c (0xff9ff06f)
core   0: 0x8000d564 (0x00003f17) auipc   t5, 0x3
core   0: 3 0x8000d564 (0x00003f17) x30 0x80010564
core   0: 0x8000d568 (0xa83f2e23) sw      gp, -1380(t5)
core   0: 3 0x8000d568 (0xa83f2e23) mem 0x80010000 0x00000001
core   0: 0x8000d56c (0xff9ff06f) j       pc - 0x8
core   0: 3 0x8000d56c (0xff9ff06f)
core   0: 0x8000d564 (0x00003f17) auipc   t5, 0x3
core   0: 3 0x8000d564 (0x00003f17) x30 0x80010564
core   0: 0x8000d568 (0xa83f2e23) sw      gp, -1380(t5)
core   0: 3 0x8000d568 (0xa83f2e23) mem 0x80010000 0x00000001
core   0: 0x8000d56c (0xff9ff06f) j       pc - 0x8
core   0: 3 0x8000d56c (0xff9ff06f)
core   0: 0x8000d564 (0x00003f17) auipc   t5, 0x3
core   0: 3 0x8000d564 (0x00003f17) x30 0x80010564
core   0: 0x8000d568 (0xa83f2e23) sw      gp, -1380(t5)
core   0: 3 0x8000d568 (0xa83f2e23) mem 0x80010000 0x00000001
core   0: 0x8000d56c (0xff9ff06f) j       pc - 0x8
core   0: 3 0x8000d56c (0xff9ff06f)
core   0: 0x8000d564 (0x00003f17) auipc   t5, 0x3
core   0: 3 0x8000d564 (0x00003f17) x30 0x80010564
core   0: 0x8000d568 (0xa83f2e23) sw      gp, -1380(t5)
core   0: 3 0x8000d568 (0xa83f2e23) mem 0x80010000 0x00000001
core   0: 0x8000d56c (0xff9ff06f) j       pc - 0x8
core   0: 3 0x8000d56c (0xff9ff06f)
core   0: 0x8000d564 (0x00003f17) auipc   t5, 0x3
core   0: 3 0x8000d564 (0x00003f17) x30 0x80010564
core   0: 0x8000d568 (0xa83f2e23) sw      gp, -1380(t5)
core   0: 3 0x8000d568 (0xa83f2e23) mem 0x80010000 0x00000001
core   0: 0x8000d56c (0xff9ff06f) j       pc - 0x8
core   0: 3 0x8000d56c (0xff9ff06f)
core   0: 0x8000d564 (0x00003f17) auipc   t5, 0x3
core   0: 3 0x8000d564 (0x00003f17) x30 0x80010564
core   0: 0x8000d568 (0xa83f2e23) sw      gp, -1380(t5)
core   0: 3 0x8000d568 (0xa83f2e23) mem 0x80010000 0x00000001
core   0: 0x8000d56c (0xff9ff06f) j       pc - 0x8
core   0: 3 0x8000d56c (0xff9ff06f)
core   0: 0x8000d564 (0x00003f17) auipc   t5, 0x3
core   0: 3 0x8000d564 (0x00003f17) x30 0x80010564
core   0: 0x8000d568 (0xa83f2e23) sw      gp, -1380(t5)
core   0: 3 0x8000d568 (0xa83f2e23) mem 0x80010000 0x00000001
core   0: 0x8000d56c (0xff9ff06f) j       pc - 0x8
core   0: 3 0x8000d56c (0xff9ff06f)
core   0: 0x8000d564 (0x00003f17) auipc   t5, 0x3
core   0: 3 0x8000d564 (0x00003f17) x30 0x80010564
core   0: 0x8000d568 (0xa83f2e23) sw      gp, -1380(t5)
core   0: 3 0x8000d568 (0xa83f2e23) mem 0x80010000 0x00000001
core   0: 0x8000d56c (0xff9ff06f) j       pc - 0x8
core   0: 3 0x8000d56c (0xff9ff06f)
core   0: 0x8000d564 (0x00003f17) auipc   t5, 0x3
core   0: 3 0x8000d564 (0x00003f17) x30 0x80010564
core   0: 0x8000d568 (0xa83f2e23) sw      gp, -1380(t5)
core   0: 3 0x8000d568 (0xa83f2e23) mem 0x80010000 0x00000001
core   0: 0x8000d56c (0xff9ff06f) j       pc - 0x8
core   0: 3 0x8000d56c (0xff9ff06f)
core   0: 0x8000d564 (0x00003f17) auipc   t5, 0x3
core   0: 3 0x8000d564 (0x00003f17) x30 0x80010564
core   0: 0x8000d568 (0xa83f2e23) sw      gp, -1380(t5)
core   0: 3 0x8000d568 (0xa83f2e23) mem 0x80010000 0x00000001
core   0: 0x8000d56c (0xff9ff06f) j       pc - 0x8
core   0: 3 0x8000d56c (0xff9ff06f)
core   0: 0x8000d564 (0x00003f17) auipc   t5, 0x3
core   0: 3 0x8000d564 (0x00003f17) x30 0x80010564
core   0: 0x8000d568 (0xa83f2e23) sw      gp, -1380(t5)
core   0: 3 0x8000d568 (0xa83f2e23) mem 0x80010000 0x00000001
core   0: 0x8000d56c (0xff9ff06f) j       pc - 0x8
core   0: 3 0x8000d56c (0xff9ff06f)
core   0: 0x8000d564 (0x00003f17) auipc   t5, 0x3
core   0: 3 0x8000d564 (0x00003f17) x30 0x80010564
core   0: 0x8000d568 (0xa83f2e23) sw      gp, -1380(t5)
core   0: 3 0x8000d568 (0xa83f2e23) mem 0x80010000 0x00000001
core   0: 0x8000d56c (0xff9ff06f) j       pc - 0x8
core   0: 3 0x8000d56c (0xff9ff06f)
core   0: 0x8000d564 (0x00003f17) auipc   t5, 0x3
core   0: 3 0x8000d564 (0x00003f17) x30 0x80010564
core   0: 0x8000d568 (0xa83f2e23) sw      gp, -1380(t5)
core   0: 3 0x8000d568 (0xa83f2e23) mem 0x80010000 0x00000001
core   0: 0x8000d56c (0xff9ff06f) j       pc - 0x8
core   0: 3 0x8000d56c (0xff9ff06f)
core   0: 0x8000d564 (0x00003f17) auipc   t5, 0x3
core   0: 3 0x8000d564 (0x00003f17) x30 0x80010564
core   0: 0x8000d568 (0xa83f2e23) sw      gp, -1380(t5)
core   0: 3 0x8000d568 (0xa83f2e23) mem 0x80010000 0x00000001
core   0: 0x8000d56c (0xff9ff06f) j       pc - 0x8
core   0: 3 0x8000d56c (0xff9ff06f)
core   0: 0x8000d564 (0x00003f17) auipc   t5, 0x3
core   0: 3 0x8000d564 (0x00003f17) x30 0x80010564
core   0: 0x8000d568 (0xa83f2e23) sw      gp, -1380(t5)
core   0: 3 0x8000d568 (0xa83f2e23) mem 0x80010000 0x00000001
core   0: 0x8000d56c (0xff9ff06f) j       pc - 0x8
core   0: 3 0x8000d56c (0xff9ff06f)
core   0: 0x8000d564 (0x00003f17) auipc   t5, 0x3
core   0: 3 0x8000d564 (0x00003f17) x30 0x80010564
core   0: 0x8000d568 (0xa83f2e23) sw      gp, -1380(t5)
core   0: 3 0x8000d568 (0xa83f2e23) mem 0x80010000 0x00000001
core   0: 0x8000d56c (0xff9ff06f) j       pc - 0x8
core   0: 3 0x8000d56c (0xff9ff06f)
core   0: 0x8000d564 (0x00003f17) auipc   t5, 0x3
core   0: 3 0x8000d564 (0x00003f17) x30 0x80010564
core   0: 0x8000d568 (0xa83f2e23) sw      gp, -1380(t5)
core   0: 3 0x8000d568 (0xa83f2e23) mem 0x80010000 0x00000001
core   0: 0x8000d56c (0xff9ff06f) j       pc - 0x8
core   0: 3 0x8000d56c (0xff9ff06f)
core   0: 0x8000d564 (0x00003f17) auipc   t5, 0x3
core   0: 3 0x8000d564 (0x00003f17) x30 0x80010564
core   0: 0x8000d568 (0xa83f2e23) sw      gp, -1380(t5)
core   0: 3 0x8000d568 (0xa83f2e23) mem 0x80010000 0x00000001
core   0: 0x8000d56c (0xff9ff06f) j       pc - 0x8
core   0: 3 0x8000d56c (0xff9ff06f)
core   0: 0x8000d564 (0x00003f17) auipc   t5, 0x3
core   0: 3 0x8000d564 (0x00003f17) x30 0x80010564
core   0: 0x8000d568 (0xa83f2e23) sw      gp, -1380(t5)
core   0: 3 0x8000d568 (0xa83f2e23) mem 0x80010000 0x00000001
core   0: 0x8000d56c (0xff9ff06f) j       pc - 0x8
core   0: 3 0x8000d56c (0xff9ff06f)
core   0: 0x8000d564 (0x00003f17) auipc   t5, 0x3
core   0: 3 0x8000d564 (0x00003f17) x30 0x80010564
core   0: 0x8000d568 (0xa83f2e23) sw      gp, -1380(t5)
core   0: 3 0x8000d568 (0xa83f2e23) mem 0x80010000 0x00000001
core   0: 0x8000d56c (0xff9ff06f) j       pc - 0x8
core   0: 3 0x8000d56c (0xff9ff06f)
core   0: 0x8000d564 (0x00003f17) auipc   t5, 0x3
core   0: 3 0x8000d564 (0x00003f17) x30 0x80010564
core   0: 0x8000d568 (0xa83f2e23) sw      gp, -1380(t5)
core   0: 3 0x8000d568 (0xa83f2e23) mem 0x80010000 0x00000001
core   0: 0x8000d56c (0xff9ff06f) j       pc - 0x8
core   0: 3 0x8000d56c (0xff9ff06f)
core   0: 0x8000d564 (0x00003f17) auipc   t5, 0x3
core   0: 3 0x8000d564 (0x00003f17) x30 0x80010564
core   0: 0x8000d568 (0xa83f2e23) sw      gp, -1380(t5)
core   0: 3 0x8000d568 (0xa83f2e23) mem 0x80010000 0x00000001
core   0: 0x8000d56c (0xff9ff06f) j       pc - 0x8
core   0: 3 0x8000d56c (0xff9ff06f)
core   0: 0x8000d564 (0x00003f17) auipc   t5, 0x3
core   0: 3 0x8000d564 (0x00003f17) x30 0x80010564
core   0: 0x8000d568 (0xa83f2e23) sw      gp, -1380(t5)
core   0: 3 0x8000d568 (0xa83f2e23) mem 0x80010000 0x00000001
core   0: 0x8000d56c (0xff9ff06f) j       pc - 0x8
core   0: 3 0x8000d56c (0xff9ff06f)
core   0: 0x8000d564 (0x00003f17) auipc   t5, 0x3
core   0: 3 0x8000d564 (0x00003f17) x30 0x80010564
core   0: 0x8000d568 (0xa83f2e23) sw      gp, -1380(t5)
core   0: 3 0x8000d568 (0xa83f2e23) mem 0x80010000 0x00000001
core   0: 0x8000d56c (0xff9ff06f) j       pc - 0x8
core   0: 3 0x8000d56c (0xff9ff06f)
core   0: 0x8000d564 (0x00003f17) auipc   t5, 0x3
core   0: 3 0x8000d564 (0x00003f17) x30 0x80010564
core   0: 0x8000d568 (0xa83f2e23) sw      gp, -1380(t5)
core   0: 3 0x8000d568 (0xa83f2e23) mem 0x80010000 0x00000001
core   0: 0x8000d56c (0xff9ff06f) j       pc - 0x8
core   0: 3 0x8000d56c (0xff9ff06f)
core   0: 0x8000d564 (0x00003f17) auipc   t5, 0x3
core   0: 3 0x8000d564 (0x00003f17) x30 0x80010564
core   0: 0x8000d568 (0xa83f2e23) sw      gp, -1380(t5)
core   0: 3 0x8000d568 (0xa83f2e23) mem 0x80010000 0x00000001
core   0: 0x8000d56c (0xff9ff06f) j       pc - 0x8
core   0: 3 0x8000d56c (0xff9ff06f)
core   0: 0x8000d564 (0x00003f17) auipc   t5, 0x3
core   0: 3 0x8000d564 (0x00003f17) x30 0x80010564
core   0: 0x8000d568 (0xa83f2e23) sw      gp, -1380(t5)
core   0: 3 0x8000d568 (0xa83f2e23) mem 0x80010000 0x00000001
core   0: 0x8000d56c (0xff9ff06f) j       pc - 0x8
core   0: 3 0x8000d56c (0xff9ff06f)
core   0: 0x8000d564 (0x00003f17) auipc   t5, 0x3
core   0: 3 0x8000d564 (0x00003f17) x30 0x80010564
core   0: 0x8000d568 (0xa83f2e23) sw      gp, -1380(t5)
core   0: 3 0x8000d568 (0xa83f2e23) mem 0x80010000 0x00000001
core   0: 0x8000d56c (0xff9ff06f) j       pc - 0x8
core   0: 3 0x8000d56c (0xff9ff06f)
core   0: 0x8000d564 (0x00003f17) auipc   t5, 0x3
core   0: 3 0x8000d564 (0x00003f17) x30 0x80010564
core   0: 0x8000d568 (0xa83f2e23) sw      gp, -1380(t5)
core   0: 3 0x8000d568 (0xa83f2e23) mem 0x80010000 0x00000001
core   0: 0x8000d56c (0xff9ff06f) j       pc - 0x8
core   0: 3 0x8000d56c (0xff9ff06f)
core   0: 0x8000d564 (0x00003f17) auipc   t5, 0x3
core   0: 3 0x8000d564 (0x00003f17) x30 0x80010564
core   0: 0x8000d568 (0xa83f2e23) sw      gp, -1380(t5)
core   0: 3 0x8000d568 (0xa83f2e23) mem 0x80010000 0x00000001
core   0: 0x8000d56c (0xff9ff06f) j       pc - 0x8
core   0: 3 0x8000d56c (0xff9ff06f)
core   0: 0x8000d564 (0x00003f17) auipc   t5, 0x3
core   0: 3 0x8000d564 (0x00003f17) x30 0x80010564
core   0: 0x8000d568 (0xa83f2e23) sw      gp, -1380(t5)
core   0: 3 0x8000d568 (0xa83f2e23) mem 0x80010000 0x00000001
core   0: 0x8000d56c (0xff9ff06f) j       pc - 0x8
core   0: 3 0x8000d56c (0xff9ff06f)
core   0: 0x8000d564 (0x00003f17) auipc   t5, 0x3
core   0: 3 0x8000d564 (0x00003f17) x30 0x80010564
core   0: 0x8000d568 (0xa83f2e23) sw      gp, -1380(t5)
core   0: 3 0x8000d568 (0xa83f2e23) mem 0x80010000 0x00000001
core   0: 0x8000d56c (0xff9ff06f) j       pc - 0x8
core   0: 3 0x8000d56c (0xff9ff06f)
core   0: 0x8000d564 (0x00003f17) auipc   t5, 0x3
core   0: 3 0x8000d564 (0x00003f17) x30 0x80010564
core   0: 0x8000d568 (0xa83f2e23) sw      gp, -1380(t5)
core   0: 3 0x8000d568 (0xa83f2e23) mem 0x80010000 0x00000001
core   0: 0x8000d56c (0xff9ff06f) j       pc - 0x8
core   0: 3 0x8000d56c (0xff9ff06f)
core   0: 0x8000d564 (0x00003f17) auipc   t5, 0x3
core   0: 3 0x8000d564 (0x00003f17) x30 0x80010564
core   0: 0x8000d568 (0xa83f2e23) sw      gp, -1380(t5)
core   0: 3 0x8000d568 (0xa83f2e23) mem 0x80010000 0x00000001
core   0: 0x8000d56c (0xff9ff06f) j       pc - 0x8
core   0: 3 0x8000d56c (0xff9ff06f)
core   0: 0x8000d564 (0x00003f17) auipc   t5, 0x3
core   0: 3 0x8000d564 (0x00003f17) x30 0x80010564
core   0: 0x8000d568 (0xa83f2e23) sw      gp, -1380(t5)
core   0: 3 0x8000d568 (0xa83f2e23) mem 0x80010000 0x00000001
core   0: 0x8000d56c (0xff9ff06f) j       pc - 0x8
core   0: 3 0x8000d56c (0xff9ff06f)
core   0: 0x8000d564 (0x00003f17) auipc   t5, 0x3
core   0: 3 0x8000d564 (0x00003f17) x30 0x80010564
core   0: 0x8000d568 (0xa83f2e23) sw      gp, -1380(t5)
core   0: 3 0x8000d568 (0xa83f2e23) mem 0x80010000 0x00000001
core   0: 0x8000d56c (0xff9ff06f) j       pc - 0x8
core   0: 3 0x8000d56c (0xff9ff06f)
core   0: 0x8000d564 (0x00003f17) auipc   t5, 0x3
core   0: 3 0x8000d564 (0x00003f17) x30 0x80010564
core   0: 0x8000d568 (0xa83f2e23) sw      gp, -1380(t5)
core   0: 3 0x8000d568 (0xa83f2e23) mem 0x80010000 0x00000001
core   0: 0x8000d56c (0xff9ff06f) j       pc - 0x8
core   0: 3 0x8000d56c (0xff9ff06f)
core   0: 0x8000d564 (0x00003f17) auipc   t5, 0x3
core   0: 3 0x8000d564 (0x00003f17) x30 0x80010564
core   0: 0x8000d568 (0xa83f2e23) sw      gp, -1380(t5)
core   0: 3 0x8000d568 (0xa83f2e23) mem 0x80010000 0x00000001
core   0: 0x8000d56c (0xff9ff06f) j       pc - 0x8
core   0: 3 0x8000d56c (0xff9ff06f)
core   0: 0x8000d564 (0x00003f17) auipc   t5, 0x3
core   0: 3 0x8000d564 (0x00003f17) x30 0x80010564
core   0: 0x8000d568 (0xa83f2e23) sw      gp, -1380(t5)
core   0: 3 0x8000d568 (0xa83f2e23) mem 0x80010000 0x00000001
core   0: 0x8000d56c (0xff9ff06f) j       pc - 0x8
core   0: 3 0x8000d56c (0xff9ff06f)
core   0: 0x8000d564 (0x00003f17) auipc   t5, 0x3
core   0: 3 0x8000d564 (0x00003f17) x30 0x80010564
core   0: 0x8000d568 (0xa83f2e23) sw      gp, -1380(t5)
core   0: 3 0x8000d568 (0xa83f2e23) mem 0x80010000 0x00000001
core   0: 0x8000d56c (0xff9ff06f) j       pc - 0x8
core   0: 3 0x8000d56c (0xff9ff06f)
core   0: 0x8000d564 (0x00003f17) auipc   t5, 0x3
core   0: 3 0x8000d564 (0x00003f17) x30 0x80010564
core   0: 0x8000d568 (0xa83f2e23) sw      gp, -1380(t5)
core   0: 3 0x8000d568 (0xa83f2e23) mem 0x80010000 0x00000001
core   0: 0x8000d56c (0xff9ff06f) j       pc - 0x8
core   0: 3 0x8000d56c (0xff9ff06f)
core   0: 0x8000d564 (0x00003f17) auipc   t5, 0x3
core   0: 3 0x8000d564 (0x00003f17) x30 0x80010564
core   0: 0x8000d568 (0xa83f2e23) sw      gp, -1380(t5)
core   0: 3 0x8000d568 (0xa83f2e23) mem 0x80010000 0x00000001
core   0: 0x8000d56c (0xff9ff06f) j       pc - 0x8
core   0: 3 0x8000d56c (0xff9ff06f)
core   0: 0x8000d564 (0x00003f17) auipc   t5, 0x3
core   0: 3 0x8000d564 (0x00003f17) x30 0x80010564
core   0: 0x8000d568 (0xa83f2e23) sw      gp, -1380(t5)
core   0: 3 0x8000d568 (0xa83f2e23) mem 0x80010000 0x00000001
core   0: 0x8000d56c (0xff9ff06f) j       pc - 0x8
core   0: 3 0x8000d56c (0xff9ff06f)
core   0: 0x8000d564 (0x00003f17) auipc   t5, 0x3
core   0: 3 0x8000d564 (0x00003f17) x30 0x80010564
core   0: 0x8000d568 (0xa83f2e23) sw      gp, -1380(t5)
core   0: 3 0x8000d568 (0xa83f2e23) mem 0x80010000 0x00000001
core   0: 0x8000d56c (0xff9ff06f) j       pc - 0x8
core   0: 3 0x8000d56c (0xff9ff06f)
core   0: 0x8000d564 (0x00003f17) auipc   t5, 0x3
core   0: 3 0x8000d564 (0x00003f17) x30 0x80010564
core   0: 0x8000d568 (0xa83f2e23) sw      gp, -1380(t5)
core   0: 3 0x8000d568 (0xa83f2e23) mem 0x80010000 0x00000001
core   0: 0x8000d56c (0xff9ff06f) j       pc - 0x8
core   0: 3 0x8000d56c (0xff9ff06f)
core   0: 0x8000d564 (0x00003f17) auipc   t5, 0x3
core   0: 3 0x8000d564 (0x00003f17) x30 0x80010564
core   0: 0x8000d568 (0xa83f2e23) sw      gp, -1380(t5)
core   0: 3 0x8000d568 (0xa83f2e23) mem 0x80010000 0x00000001
core   0: 0x8000d56c (0xff9ff06f) j       pc - 0x8
core   0: 3 0x8000d56c (0xff9ff06f)
core   0: 0x8000d564 (0x00003f17) auipc   t5, 0x3
core   0: 3 0x8000d564 (0x00003f17) x30 0x80010564
core   0: 0x8000d568 (0xa83f2e23) sw      gp, -1380(t5)
core   0: 3 0x8000d568 (0xa83f2e23) mem 0x80010000 0x00000001
core   0: 0x8000d56c (0xff9ff06f) j       pc - 0x8
core   0: 3 0x8000d56c (0xff9ff06f)
core   0: 0x8000d564 (0x00003f17) auipc   t5, 0x3
core   0: 3 0x8000d564 (0x00003f17) x30 0x80010564
core   0: 0x8000d568 (0xa83f2e23) sw      gp, -1380(t5)
core   0: 3 0x8000d568 (0xa83f2e23) mem 0x80010000 0x00000001
core   0: 0x8000d56c (0xff9ff06f) j       pc - 0x8
core   0: 3 0x8000d56c (0xff9ff06f)
core   0: 0x8000d564 (0x00003f17) auipc   t5, 0x3
core   0: 3 0x8000d564 (0x00003f17) x30 0x80010564
core   0: 0x8000d568 (0xa83f2e23) sw      gp, -1380(t5)
core   0: 3 0x8000d568 (0xa83f2e23) mem 0x80010000 0x00000001
core   0: 0x8000d56c (0xff9ff06f) j       pc - 0x8
core   0: 3 0x8000d56c (0xff9ff06f)
core   0: 0x8000d564 (0x00003f17) auipc   t5, 0x3
core   0: 3 0x8000d564 (0x00003f17) x30 0x80010564
core   0: 0x8000d568 (0xa83f2e23) sw      gp, -1380(t5)
core   0: 3 0x8000d568 (0xa83f2e23) mem 0x80010000 0x00000001
core   0: 0x8000d56c (0xff9ff06f) j       pc - 0x8
core   0: 3 0x8000d56c (0xff9ff06f)
core   0: 0x8000d564 (0x00003f17) auipc   t5, 0x3
core   0: 3 0x8000d564 (0x00003f17) x30 0x80010564
core   0: 0x8000d568 (0xa83f2e23) sw      gp, -1380(t5)
core   0: 3 0x8000d568 (0xa83f2e23) mem 0x80010000 0x00000001
core   0: 0x8000d56c (0xff9ff06f) j       pc - 0x8
core   0: 3 0x8000d56c (0xff9ff06f)
core   0: 0x8000d564 (0x00003f17) auipc   t5, 0x3
core   0: 3 0x8000d564 (0x00003f17) x30 0x80010564
core   0: 0x8000d568 (0xa83f2e23) sw      gp, -1380(t5)
core   0: 3 0x8000d568 (0xa83f2e23) mem 0x80010000 0x00000001
core   0: 0x8000d56c (0xff9ff06f) j       pc - 0x8
core   0: 3 0x8000d56c (0xff9ff06f)
core   0: 0x8000d564 (0x00003f17) auipc   t5, 0x3
core   0: 3 0x8000d564 (0x00003f17) x30 0x80010564
core   0: 0x8000d568 (0xa83f2e23) sw      gp, -1380(t5)
core   0: 3 0x8000d568 (0xa83f2e23) mem 0x80010000 0x00000001
core   0: 0x8000d56c (0xff9ff06f) j       pc - 0x8
core   0: 3 0x8000d56c (0xff9ff06f)
core   0: 0x8000d564 (0x00003f17) auipc   t5, 0x3
core   0: 3 0x8000d564 (0x00003f17) x30 0x80010564
core   0: 0x8000d568 (0xa83f2e23) sw      gp, -1380(t5)
core   0: 3 0x8000d568 (0xa83f2e23) mem 0x80010000 0x00000001
core   0: 0x8000d56c (0xff9ff06f) j       pc - 0x8
core   0: 3 0x8000d56c (0xff9ff06f)
core   0: 0x8000d564 (0x00003f17) auipc   t5, 0x3
core   0: 3 0x8000d564 (0x00003f17) x30 0x80010564
core   0: 0x8000d568 (0xa83f2e23) sw      gp, -1380(t5)
core   0: 3 0x8000d568 (0xa83f2e23) mem 0x80010000 0x00000001
core   0: 0x8000d56c (0xff9ff06f) j       pc - 0x8
core   0: 3 0x8000d56c (0xff9ff06f)
core   0: 0x8000d564 (0x00003f17) auipc   t5, 0x3
core   0: 3 0x8000d564 (0x00003f17) x30 0x80010564
core   0: 0x8000d568 (0xa83f2e23) sw      gp, -1380(t5)
core   0: 3 0x8000d568 (0xa83f2e23) mem 0x80010000 0x00000001
core   0: 0x8000d56c (0xff9ff06f) j       pc - 0x8
core   0: 3 0x8000d56c (0xff9ff06f)
core   0: 0x8000d564 (0x00003f17) auipc   t5, 0x3
core   0: 3 0x8000d564 (0x00003f17) x30 0x80010564
core   0: 0x8000d568 (0xa83f2e23) sw      gp, -1380(t5)
core   0: 3 0x8000d568 (0xa83f2e23) mem 0x80010000 0x00000001
core   0: 0x8000d56c (0xff9ff06f) j       pc - 0x8
core   0: 3 0x8000d56c (0xff9ff06f)
core   0: 0x8000d564 (0x00003f17) auipc   t5, 0x3
core   0: 3 0x8000d564 (0x00003f17) x30 0x80010564
core   0: 0x8000d568 (0xa83f2e23) sw      gp, -1380(t5)
core   0: 3 0x8000d568 (0xa83f2e23) mem 0x80010000 0x00000001
core   0: 0x8000d56c (0xff9ff06f) j       pc - 0x8
core   0: 3 0x8000d56c (0xff9ff06f)
core   0: 0x8000d564 (0x00003f17) auipc   t5, 0x3
core   0: 3 0x8000d564 (0x00003f17) x30 0x80010564
core   0: 0x8000d568 (0xa83f2e23) sw      gp, -1380(t5)
core   0: 3 0x8000d568 (0xa83f2e23) mem 0x80010000 0x00000001
core   0: 0x8000d56c (0xff9ff06f) j       pc - 0x8
core   0: 3 0x8000d56c (0xff9ff06f)
core   0: 0x8000d564 (0x00003f17) auipc   t5, 0x3
core   0: 3 0x8000d564 (0x00003f17) x30 0x80010564
core   0: 0x8000d568 (0xa83f2e23) sw      gp, -1380(t5)
core   0: 3 0x8000d568 (0xa83f2e23) mem 0x80010000 0x00000001
core   0: 0x8000d56c (0xff9ff06f) j       pc - 0x8
core   0: 3 0x8000d56c (0xff9ff06f)
core   0: 0x8000d564 (0x00003f17) auipc   t5, 0x3
core   0: 3 0x8000d564 (0x00003f17) x30 0x80010564
core   0: 0x8000d568 (0xa83f2e23) sw      gp, -1380(t5)
core   0: 3 0x8000d568 (0xa83f2e23) mem 0x80010000 0x00000001
core   0: 0x8000d56c (0xff9ff06f) j       pc - 0x8
core   0: 3 0x8000d56c (0xff9ff06f)
core   0: 0x8000d564 (0x00003f17) auipc   t5, 0x3
core   0: 3 0x8000d564 (0x00003f17) x30 0x80010564
core   0: 0x8000d568 (0xa83f2e23) sw      gp, -1380(t5)
core   0: 3 0x8000d568 (0xa83f2e23) mem 0x80010000 0x00000001
core   0: 0x8000d56c (0xff9ff06f) j       pc - 0x8
core   0: 3 0x8000d56c (0xff9ff06f)
core   0: 0x8000d564 (0x00003f17) auipc   t5, 0x3
core   0: 3 0x8000d564 (0x00003f17) x30 0x80010564
core   0: 0x8000d568 (0xa83f2e23) sw      gp, -1380(t5)
core   0: 3 0x8000d568 (0xa83f2e23) mem 0x80010000 0x00000001
core   0: 0x8000d56c (0xff9ff06f) j       pc - 0x8
core   0: 3 0x8000d56c (0xff9ff06f)
core   0: 0x8000d564 (0x00003f17) auipc   t5, 0x3
core   0: 3 0x8000d564 (0x00003f17) x30 0x80010564
core   0: 0x8000d568 (0xa83f2e23) sw      gp, -1380(t5)
core   0: 3 0x8000d568 (0xa83f2e23) mem 0x80010000 0x00000001
core   0: 0x8000d56c (0xff9ff06f) j       pc - 0x8
core   0: 3 0x8000d56c (0xff9ff06f)
core   0: 0x8000d564 (0x00003f17) auipc   t5, 0x3
core   0: 3 0x8000d564 (0x00003f17) x30 0x80010564
core   0: 0x8000d568 (0xa83f2e23) sw      gp, -1380(t5)
core   0: 3 0x8000d568 (0xa83f2e23) mem 0x80010000 0x00000001
core   0: 0x8000d56c (0xff9ff06f) j       pc - 0x8
core   0: 3 0x8000d56c (0xff9ff06f)
core   0: 0x8000d564 (0x00003f17) auipc   t5, 0x3
core   0: 3 0x8000d564 (0x00003f17) x30 0x80010564
core   0: 0x8000d568 (0xa83f2e23) sw      gp, -1380(t5)
core   0: 3 0x8000d568 (0xa83f2e23) mem 0x80010000 0x00000001
core   0: 0x8000d56c (0xff9ff06f) j       pc - 0x8
core   0: 3 0x8000d56c (0xff9ff06f)
core   0: 0x8000d564 (0x00003f17) auipc   t5, 0x3
core   0: 3 0x8000d564 (0x00003f17) x30 0x80010564
core   0: 0x8000d568 (0xa83f2e23) sw      gp, -1380(t5)
core   0: 3 0x8000d568 (0xa83f2e23) mem 0x80010000 0x00000001
core   0: 0x8000d56c (0xff9ff06f) j       pc - 0x8
core   0: 3 0x8000d56c (0xff9ff06f)
core   0: 0x8000d564 (0x00003f17) auipc   t5, 0x3
core   0: 3 0x8000d564 (0x00003f17) x30 0x80010564
core   0: 0x8000d568 (0xa83f2e23) sw      gp, -1380(t5)
core   0: 3 0x8000d568 (0xa83f2e23) mem 0x80010000 0x00000001
core   0: 0x8000d56c (0xff9ff06f) j       pc - 0x8
core   0: 3 0x8000d56c (0xff9ff06f)
core   0: 0x8000d564 (0x00003f17) auipc   t5, 0x3
core   0: 3 0x8000d564 (0x00003f17) x30 0x80010564
core   0: 0x8000d568 (0xa83f2e23) sw      gp, -1380(t5)
core   0: 3 0x8000d568 (0xa83f2e23) mem 0x80010000 0x00000001
core   0: 0x8000d56c (0xff9ff06f) j       pc - 0x8
core   0: 3 0x8000d56c (0xff9ff06f)
core   0: 0x8000d564 (0x00003f17) auipc   t5, 0x3
core   0: 3 0x8000d564 (0x00003f17) x30 0x80010564
core   0: 0x8000d568 (0xa83f2e23) sw      gp, -1380(t5)
core   0: 3 0x8000d568 (0xa83f2e23) mem 0x80010000 0x00000001
core   0: 0x8000d56c (0xff9ff06f) j       pc - 0x8
core   0: 3 0x8000d56c (0xff9ff06f)
core   0: 0x8000d564 (0x00003f17) auipc   t5, 0x3
core   0: 3 0x8000d564 (0x00003f17) x30 0x80010564
core   0: 0x8000d568 (0xa83f2e23) sw      gp, -1380(t5)
core   0: 3 0x8000d568 (0xa83f2e23) mem 0x80010000 0x00000001
core   0: 0x8000d56c (0xff9ff06f) j       pc - 0x8
core   0: 3 0x8000d56c (0xff9ff06f)
core   0: 0x8000d564 (0x00003f17) auipc   t5, 0x3
core   0: 3 0x8000d564 (0x00003f17) x30 0x80010564
core   0: 0x8000d568 (0xa83f2e23) sw      gp, -1380(t5)
core   0: 3 0x8000d568 (0xa83f2e23) mem 0x80010000 0x00000001
core   0: 0x8000d56c (0xff9ff06f) j       pc - 0x8
core   0: 3 0x8000d56c (0xff9ff06f)
core   0: 0x8000d564 (0x00003f17) auipc   t5, 0x3
core   0: 3 0x8000d564 (0x00003f17) x30 0x80010564
core   0: 0x8000d568 (0xa83f2e23) sw      gp, -1380(t5)
core   0: 3 0x8000d568 (0xa83f2e23) mem 0x80010000 0x00000001
core   0: 0x8000d56c (0xff9ff06f) j       pc - 0x8
core   0: 3 0x8000d56c (0xff9ff06f)
core   0: 0x8000d564 (0x00003f17) auipc   t5, 0x3
core   0: 3 0x8000d564 (0x00003f17) x30 0x80010564
core   0: 0x8000d568 (0xa83f2e23) sw      gp, -1380(t5)
core   0: 3 0x8000d568 (0xa83f2e23) mem 0x80010000 0x00000001
core   0: 0x8000d56c (0xff9ff06f) j       pc - 0x8
core   0: 3 0x8000d56c (0xff9ff06f)
core   0: 0x8000d564 (0x00003f17) auipc   t5, 0x3
core   0: 3 0x8000d564 (0x00003f17) x30 0x80010564
core   0: 0x8000d568 (0xa83f2e23) sw      gp, -1380(t5)
core   0: 3 0x8000d568 (0xa83f2e23) mem 0x80010000 0x00000001
core   0: 0x8000d56c (0xff9ff06f) j       pc - 0x8
core   0: 3 0x8000d56c (0xff9ff06f)
core   0: 0x8000d564 (0x00003f17) auipc   t5, 0x3
core   0: 3 0x8000d564 (0x00003f17) x30 0x80010564
core   0: 0x8000d568 (0xa83f2e23) sw      gp, -1380(t5)
core   0: 3 0x8000d568 (0xa83f2e23) mem 0x80010000 0x00000001
core   0: 0x8000d56c (0xff9ff06f) j       pc - 0x8
core   0: 3 0x8000d56c (0xff9ff06f)
core   0: 0x8000d564 (0x00003f17) auipc   t5, 0x3
core   0: 3 0x8000d564 (0x00003f17) x30 0x80010564
core   0: 0x8000d568 (0xa83f2e23) sw      gp, -1380(t5)
core   0: 3 0x8000d568 (0xa83f2e23) mem 0x80010000 0x00000001
core   0: 0x8000d56c (0xff9ff06f) j       pc - 0x8
core   0: 3 0x8000d56c (0xff9ff06f)
core   0: 0x8000d564 (0x00003f17) auipc   t5, 0x3
core   0: 3 0x8000d564 (0x00003f17) x30 0x80010564
core   0: 0x8000d568 (0xa83f2e23) sw      gp, -1380(t5)
core   0: 3 0x8000d568 (0xa83f2e23) mem 0x80010000 0x00000001
core   0: 0x8000d56c (0xff9ff06f) j       pc - 0x8
core   0: 3 0x8000d56c (0xff9ff06f)
core   0: 0x8000d564 (0x00003f17) auipc   t5, 0x3
core   0: 3 0x8000d564 (0x00003f17) x30 0x80010564
core   0: 0x8000d568 (0xa83f2e23) sw      gp, -1380(t5)
core   0: 3 0x8000d568 (0xa83f2e23) mem 0x80010000 0x00000001
core   0: 0x8000d56c (0xff9ff06f) j       pc - 0x8
core   0: 3 0x8000d56c (0xff9ff06f)
core   0: 0x8000d564 (0x00003f17) auipc   t5, 0x3
core   0: 3 0x8000d564 (0x00003f17) x30 0x80010564
core   0: 0x8000d568 (0xa83f2e23) sw      gp, -1380(t5)
core   0: 3 0x8000d568 (0xa83f2e23) mem 0x80010000 0x00000001
core   0: 0x8000d56c (0xff9ff06f) j       pc - 0x8
core   0: 3 0x8000d56c (0xff9ff06f)
core   0: 0x8000d564 (0x00003f17) auipc   t5, 0x3
core   0: 3 0x8000d564 (0x00003f17) x30 0x80010564
core   0: 0x8000d568 (0xa83f2e23) sw      gp, -1380(t5)
core   0: 3 0x8000d568 (0xa83f2e23) mem 0x80010000 0x00000001
core   0: 0x8000d56c (0xff9ff06f) j       pc - 0x8
core   0: 3 0x8000d56c (0xff9ff06f)
core   0: 0x8000d564 (0x00003f17) auipc   t5, 0x3
core   0: 3 0x8000d564 (0x00003f17) x30 0x80010564
core   0: 0x8000d568 (0xa83f2e23) sw      gp, -1380(t5)
core   0: 3 0x8000d568 (0xa83f2e23) mem 0x80010000 0x00000001
core   0: 0x8000d56c (0xff9ff06f) j       pc - 0x8
core   0: 3 0x8000d56c (0xff9ff06f)
core   0: 0x8000d564 (0x00003f17) auipc   t5, 0x3
core   0: 3 0x8000d564 (0x00003f17) x30 0x80010564
core   0: 0x8000d568 (0xa83f2e23) sw      gp, -1380(t5)
core   0: 3 0x8000d568 (0xa83f2e23) mem 0x80010000 0x00000001
core   0: 0x8000d56c (0xff9ff06f) j       pc - 0x8
core   0: 3 0x8000d56c (0xff9ff06f)
core   0: 0x8000d564 (0x00003f17) auipc   t5, 0x3
core   0: 3 0x8000d564 (0x00003f17) x30 0x80010564
core   0: 0x8000d568 (0xa83f2e23) sw      gp, -1380(t5)
core   0: 3 0x8000d568 (0xa83f2e23) mem 0x80010000 0x00000001
core   0: 0x8000d56c (0xff9ff06f) j       pc - 0x8
core   0: 3 0x8000d56c (0xff9ff06f)
core   0: 0x8000d564 (0x00003f17) auipc   t5, 0x3
core   0: 3 0x8000d564 (0x00003f17) x30 0x80010564
core   0: 0x8000d568 (0xa83f2e23) sw      gp, -1380(t5)
core   0: 3 0x8000d568 (0xa83f2e23) mem 0x80010000 0x00000001
core   0: 0x8000d56c (0xff9ff06f) j       pc - 0x8
core   0: 3 0x8000d56c (0xff9ff06f)
core   0: 0x8000d564 (0x00003f17) auipc   t5, 0x3
core   0: 3 0x8000d564 (0x00003f17) x30 0x80010564
core   0: 0x8000d568 (0xa83f2e23) sw      gp, -1380(t5)
core   0: 3 0x8000d568 (0xa83f2e23) mem 0x80010000 0x00000001
core   0: 0x8000d56c (0xff9ff06f) j       pc - 0x8
core   0: 3 0x8000d56c (0xff9ff06f)
core   0: 0x8000d564 (0x00003f17) auipc   t5, 0x3
core   0: 3 0x8000d564 (0x00003f17) x30 0x80010564
core   0: 0x8000d568 (0xa83f2e23) sw      gp, -1380(t5)
core   0: 3 0x8000d568 (0xa83f2e23) mem 0x80010000 0x00000001
core   0: 0x8000d56c (0xff9ff06f) j       pc - 0x8
core   0: 3 0x8000d56c (0xff9ff06f)
core   0: 0x8000d564 (0x00003f17) auipc   t5, 0x3
core   0: 3 0x8000d564 (0x00003f17) x30 0x80010564
core   0: 0x8000d568 (0xa83f2e23) sw      gp, -1380(t5)
core   0: 3 0x8000d568 (0xa83f2e23) mem 0x80010000 0x00000001
core   0: 0x8000d56c (0xff9ff06f) j       pc - 0x8
core   0: 3 0x8000d56c (0xff9ff06f)
core   0: 0x8000d564 (0x00003f17) auipc   t5, 0x3
core   0: 3 0x8000d564 (0x00003f17) x30 0x80010564
core   0: 0x8000d568 (0xa83f2e23) sw      gp, -1380(t5)
core   0: 3 0x8000d568 (0xa83f2e23) mem 0x80010000 0x00000001
core   0: 0x8000d56c (0xff9ff06f) j       pc - 0x8
core   0: 3 0x8000d56c (0xff9ff06f)
core   0: 0x8000d564 (0x00003f17) auipc   t5, 0x3
core   0: 3 0x8000d564 (0x00003f17) x30 0x80010564
core   0: 0x8000d568 (0xa83f2e23) sw      gp, -1380(t5)
core   0: 3 0x8000d568 (0xa83f2e23) mem 0x80010000 0x00000001
core   0: 0x8000d56c (0xff9ff06f) j       pc - 0x8
core   0: 3 0x8000d56c (0xff9ff06f)
core   0: 0x8000d564 (0x00003f17) auipc   t5, 0x3
core   0: 3 0x8000d564 (0x00003f17) x30 0x80010564
core   0: 0x8000d568 (0xa83f2e23) sw      gp, -1380(t5)
core   0: 3 0x8000d568 (0xa83f2e23) mem 0x80010000 0x00000001
core   0: 0x8000d56c (0xff9ff06f) j       pc - 0x8
core   0: 3 0x8000d56c (0xff9ff06f)
core   0: 0x8000d564 (0x00003f17) auipc   t5, 0x3
core   0: 3 0x8000d564 (0x00003f17) x30 0x80010564
core   0: 0x8000d568 (0xa83f2e23) sw      gp, -1380(t5)
core   0: 3 0x8000d568 (0xa83f2e23) mem 0x80010000 0x00000001
core   0: 0x8000d56c (0xff9ff06f) j       pc - 0x8
core   0: 3 0x8000d56c (0xff9ff06f)
core   0: 0x8000d564 (0x00003f17) auipc   t5, 0x3
core   0: 3 0x8000d564 (0x00003f17) x30 0x80010564
core   0: 0x8000d568 (0xa83f2e23) sw      gp, -1380(t5)
core   0: 3 0x8000d568 (0xa83f2e23) mem 0x80010000 0x00000001
core   0: 0x8000d56c (0xff9ff06f) j       pc - 0x8
core   0: 3 0x8000d56c (0xff9ff06f)
core   0: 0x8000d564 (0x00003f17) auipc   t5, 0x3
core   0: 3 0x8000d564 (0x00003f17) x30 0x80010564
core   0: 0x8000d568 (0xa83f2e23) sw      gp, -1380(t5)
core   0: 3 0x8000d568 (0xa83f2e23) mem 0x80010000 0x00000001
core   0: 0x8000d56c (0xff9ff06f) j       pc - 0x8
core   0: 3 0x8000d56c (0xff9ff06f)
core   0: 0x8000d564 (0x00003f17) auipc   t5, 0x3
core   0: 3 0x8000d564 (0x00003f17) x30 0x80010564
core   0: 0x8000d568 (0xa83f2e23) sw      gp, -1380(t5)
core   0: 3 0x8000d568 (0xa83f2e23) mem 0x80010000 0x00000001
core   0: 0x8000d56c (0xff9ff06f) j       pc - 0x8
core   0: 3 0x8000d56c (0xff9ff06f)
core   0: 0x8000d564 (0x00003f17) auipc   t5, 0x3
core   0: 3 0x8000d564 (0x00003f17) x30 0x80010564
core   0: 0x8000d568 (0xa83f2e23) sw      gp, -1380(t5)
core   0: 3 0x8000d568 (0xa83f2e23) mem 0x80010000 0x00000001
core   0: 0x8000d56c (0xff9ff06f) j       pc - 0x8
core   0: 3 0x8000d56c (0xff9ff06f)
core   0: 0x8000d564 (0x00003f17) auipc   t5, 0x3
core   0: 3 0x8000d564 (0x00003f17) x30 0x80010564
core   0: 0x8000d568 (0xa83f2e23) sw      gp, -1380(t5)
core   0: 3 0x8000d568 (0xa83f2e23) mem 0x80010000 0x00000001
core   0: 0x8000d56c (0xff9ff06f) j       pc - 0x8
core   0: 3 0x8000d56c (0xff9ff06f)
core   0: 0x8000d564 (0x00003f17) auipc   t5, 0x3
core   0: 3 0x8000d564 (0x00003f17) x30 0x80010564
core   0: 0x8000d568 (0xa83f2e23) sw      gp, -1380(t5)
core   0: 3 0x8000d568 (0xa83f2e23) mem 0x80010000 0x00000001
core   0: 0x8000d56c (0xff9ff06f) j       pc - 0x8
core   0: 3 0x8000d56c (0xff9ff06f)
core   0: 0x8000d564 (0x00003f17) auipc   t5, 0x3
core   0: 3 0x8000d564 (0x00003f17) x30 0x80010564
core   0: 0x8000d568 (0xa83f2e23) sw      gp, -1380(t5)
core   0: 3 0x8000d568 (0xa83f2e23) mem 0x80010000 0x00000001
core   0: 0x8000d56c (0xff9ff06f) j       pc - 0x8
core   0: 3 0x8000d56c (0xff9ff06f)
core   0: 0x8000d564 (0x00003f17) auipc   t5, 0x3
core   0: 3 0x8000d564 (0x00003f17) x30 0x80010564
core   0: 0x8000d568 (0xa83f2e23) sw      gp, -1380(t5)
core   0: 3 0x8000d568 (0xa83f2e23) mem 0x80010000 0x00000001
core   0: 0x8000d56c (0xff9ff06f) j       pc - 0x8
core   0: 3 0x8000d56c (0xff9ff06f)
core   0: 0x8000d564 (0x00003f17) auipc   t5, 0x3
core   0: 3 0x8000d564 (0x00003f17) x30 0x80010564
core   0: 0x8000d568 (0xa83f2e23) sw      gp, -1380(t5)
core   0: 3 0x8000d568 (0xa83f2e23) mem 0x80010000 0x00000001
core   0: 0x8000d56c (0xff9ff06f) j       pc - 0x8
core   0: 3 0x8000d56c (0xff9ff06f)
core   0: 0x8000d564 (0x00003f17) auipc   t5, 0x3
core   0: 3 0x8000d564 (0x00003f17) x30 0x80010564
core   0: 0x8000d568 (0xa83f2e23) sw      gp, -1380(t5)
core   0: 3 0x8000d568 (0xa83f2e23) mem 0x80010000 0x00000001
core   0: 0x8000d56c (0xff9ff06f) j       pc - 0x8
core   0: 3 0x8000d56c (0xff9ff06f)
core   0: 0x8000d564 (0x00003f17) auipc   t5, 0x3
core   0: 3 0x8000d564 (0x00003f17) x30 0x80010564
core   0: 0x8000d568 (0xa83f2e23) sw      gp, -1380(t5)
core   0: 3 0x8000d568 (0xa83f2e23) mem 0x80010000 0x00000001
core   0: 0x8000d56c (0xff9ff06f) j       pc - 0x8
core   0: 3 0x8000d56c (0xff9ff06f)
core   0: 0x8000d564 (0x00003f17) auipc   t5, 0x3
core   0: 3 0x8000d564 (0x00003f17) x30 0x80010564
core   0: 0x8000d568 (0xa83f2e23) sw      gp, -1380(t5)
core   0: 3 0x8000d568 (0xa83f2e23) mem 0x80010000 0x00000001
core   0: 0x8000d56c (0xff9ff06f) j       pc - 0x8
core   0: 3 0x8000d56c (0xff9ff06f)
core   0: 0x8000d564 (0x00003f17) auipc   t5, 0x3
core   0: 3 0x8000d564 (0x00003f17) x30 0x80010564
core   0: 0x8000d568 (0xa83f2e23) sw      gp, -1380(t5)
core   0: 3 0x8000d568 (0xa83f2e23) mem 0x80010000 0x00000001
core   0: 0x8000d56c (0xff9ff06f) j       pc - 0x8
core   0: 3 0x8000d56c (0xff9ff06f)
core   0: 0x8000d564 (0x00003f17) auipc   t5, 0x3
core   0: 3 0x8000d564 (0x00003f17) x30 0x80010564
core   0: 0x8000d568 (0xa83f2e23) sw      gp, -1380(t5)
core   0: 3 0x8000d568 (0xa83f2e23) mem 0x80010000 0x00000001
core   0: 0x8000d56c (0xff9ff06f) j       pc - 0x8
core   0: 3 0x8000d56c (0xff9ff06f)
core   0: 0x8000d564 (0x00003f17) auipc   t5, 0x3
core   0: 3 0x8000d564 (0x00003f17) x30 0x80010564
core   0: 0x8000d568 (0xa83f2e23) sw      gp, -1380(t5)
core   0: 3 0x8000d568 (0xa83f2e23) mem 0x80010000 0x00000001
core   0: 0x8000d56c (0xff9ff06f) j       pc - 0x8
core   0: 3 0x8000d56c (0xff9ff06f)
core   0: 0x8000d564 (0x00003f17) auipc   t5, 0x3
core   0: 3 0x8000d564 (0x00003f17) x30 0x80010564
core   0: 0x8000d568 (0xa83f2e23) sw      gp, -1380(t5)
core   0: 3 0x8000d568 (0xa83f2e23) mem 0x80010000 0x00000001
core   0: 0x8000d56c (0xff9ff06f) j       pc - 0x8
core   0: 3 0x8000d56c (0xff9ff06f)
core   0: 0x8000d564 (0x00003f17) auipc   t5, 0x3
core   0: 3 0x8000d564 (0x00003f17) x30 0x80010564
core   0: 0x8000d568 (0xa83f2e23) sw      gp, -1380(t5)
core   0: 3 0x8000d568 (0xa83f2e23) mem 0x80010000 0x00000001
core   0: 0x8000d56c (0xff9ff06f) j       pc - 0x8
core   0: 3 0x8000d56c (0xff9ff06f)
core   0: 0x8000d564 (0x00003f17) auipc   t5, 0x3
core   0: 3 0x8000d564 (0x00003f17) x30 0x80010564
core   0: 0x8000d568 (0xa83f2e23) sw      gp, -1380(t5)
core   0: 3 0x8000d568 (0xa83f2e23) mem 0x80010000 0x00000001
core   0: 0x8000d56c (0xff9ff06f) j       pc - 0x8
core   0: 3 0x8000d56c (0xff9ff06f)
core   0: 0x8000d564 (0x00003f17) auipc   t5, 0x3
core   0: 3 0x8000d564 (0x00003f17) x30 0x80010564
core   0: 0x8000d568 (0xa83f2e23) sw      gp, -1380(t5)
core   0: 3 0x8000d568 (0xa83f2e23) mem 0x80010000 0x00000001
core   0: 0x8000d56c (0xff9ff06f) j       pc - 0x8
core   0: 3 0x8000d56c (0xff9ff06f)
core   0: 0x8000d564 (0x00003f17) auipc   t5, 0x3
core   0: 3 0x8000d564 (0x00003f17) x30 0x80010564
core   0: 0x8000d568 (0xa83f2e23) sw      gp, -1380(t5)
core   0: 3 0x8000d568 (0xa83f2e23) mem 0x80010000 0x00000001
core   0: 0x8000d56c (0xff9ff06f) j       pc - 0x8
core   0: 3 0x8000d56c (0xff9ff06f)
core   0: 0x8000d564 (0x00003f17) auipc   t5, 0x3
core   0: 3 0x8000d564 (0x00003f17) x30 0x80010564
core   0: 0x8000d568 (0xa83f2e23) sw      gp, -1380(t5)
core   0: 3 0x8000d568 (0xa83f2e23) mem 0x80010000 0x00000001
core   0: 0x8000d56c (0xff9ff06f) j       pc - 0x8
core   0: 3 0x8000d56c (0xff9ff06f)
core   0: 0x8000d564 (0x00003f17) auipc   t5, 0x3
core   0: 3 0x8000d564 (0x00003f17) x30 0x80010564
core   0: 0x8000d568 (0xa83f2e23) sw      gp, -1380(t5)
core   0: 3 0x8000d568 (0xa83f2e23) mem 0x80010000 0x00000001
core   0: 0x8000d56c (0xff9ff06f) j       pc - 0x8
core   0: 3 0x8000d56c (0xff9ff06f)
core   0: 0x8000d564 (0x00003f17) auipc   t5, 0x3
core   0: 3 0x8000d564 (0x00003f17) x30 0x80010564
core   0: 0x8000d568 (0xa83f2e23) sw      gp, -1380(t5)
core   0: 3 0x8000d568 (0xa83f2e23) mem 0x80010000 0x00000001
core   0: 0x8000d56c (0xff9ff06f) j       pc - 0x8
core   0: 3 0x8000d56c (0xff9ff06f)
core   0: 0x8000d564 (0x00003f17) auipc   t5, 0x3
core   0: 3 0x8000d564 (0x00003f17) x30 0x80010564
core   0: 0x8000d568 (0xa83f2e23) sw      gp, -1380(t5)
core   0: 3 0x8000d568 (0xa83f2e23) mem 0x80010000 0x00000001
core   0: 0x8000d56c (0xff9ff06f) j       pc - 0x8
core   0: 3 0x8000d56c (0xff9ff06f)
core   0: 0x8000d564 (0x00003f17) auipc   t5, 0x3
core   0: 3 0x8000d564 (0x00003f17) x30 0x80010564
core   0: 0x8000d568 (0xa83f2e23) sw      gp, -1380(t5)
core   0: 3 0x8000d568 (0xa83f2e23) mem 0x80010000 0x00000001
core   0: 0x8000d56c (0xff9ff06f) j       pc - 0x8
core   0: 3 0x8000d56c (0xff9ff06f)
core   0: 0x8000d564 (0x00003f17) auipc   t5, 0x3
core   0: 3 0x8000d564 (0x00003f17) x30 0x80010564
core   0: 0x8000d568 (0xa83f2e23) sw      gp, -1380(t5)
core   0: 3 0x8000d568 (0xa83f2e23) mem 0x80010000 0x00000001
core   0: 0x8000d56c (0xff9ff06f) j       pc - 0x8
core   0: 3 0x8000d56c (0xff9ff06f)
core   0: 0x8000d564 (0x00003f17) auipc   t5, 0x3
core   0: 3 0x8000d564 (0x00003f17) x30 0x80010564
core   0: 0x8000d568 (0xa83f2e23) sw      gp, -1380(t5)
core   0: 3 0x8000d568 (0xa83f2e23) mem 0x80010000 0x00000001
core   0: 0x8000d56c (0xff9ff06f) j       pc - 0x8
core   0: 3 0x8000d56c (0xff9ff06f)
core   0: 0x8000d564 (0x00003f17) auipc   t5, 0x3
core   0: 3 0x8000d564 (0x00003f17) x30 0x80010564
core   0: 0x8000d568 (0xa83f2e23) sw      gp, -1380(t5)
core   0: 3 0x8000d568 (0xa83f2e23) mem 0x80010000 0x00000001
core   0: 0x8000d56c (0xff9ff06f) j       pc - 0x8
core   0: 3 0x8000d56c (0xff9ff06f)
core   0: 0x8000d564 (0x00003f17) auipc   t5, 0x3
core   0: 3 0x8000d564 (0x00003f17) x30 0x80010564
core   0: 0x8000d568 (0xa83f2e23) sw      gp, -1380(t5)
core   0: 3 0x8000d568 (0xa83f2e23) mem 0x80010000 0x00000001
core   0: 0x8000d56c (0xff9ff06f) j       pc - 0x8
core   0: 3 0x8000d56c (0xff9ff06f)
core   0: 0x8000d564 (0x00003f17) auipc   t5, 0x3
core   0: 3 0x8000d564 (0x00003f17) x30 0x80010564
core   0: 0x8000d568 (0xa83f2e23) sw      gp, -1380(t5)
core   0: 3 0x8000d568 (0xa83f2e23) mem 0x80010000 0x00000001
core   0: 0x8000d56c (0xff9ff06f) j       pc - 0x8
core   0: 3 0x8000d56c (0xff9ff06f)
core   0: 0x8000d564 (0x00003f17) auipc   t5, 0x3
core   0: 3 0x8000d564 (0x00003f17) x30 0x80010564
core   0: 0x8000d568 (0xa83f2e23) sw      gp, -1380(t5)
core   0: 3 0x8000d568 (0xa83f2e23) mem 0x80010000 0x00000001
core   0: 0x8000d56c (0xff9ff06f) j       pc - 0x8
core   0: 3 0x8000d56c (0xff9ff06f)
core   0: 0x8000d564 (0x00003f17) auipc   t5, 0x3
core   0: 3 0x8000d564 (0x00003f17) x30 0x80010564
core   0: 0x8000d568 (0xa83f2e23) sw      gp, -1380(t5)
core   0: 3 0x8000d568 (0xa83f2e23) mem 0x80010000 0x00000001
core   0: 0x8000d56c (0xff9ff06f) j       pc - 0x8
core   0: 3 0x8000d56c (0xff9ff06f)
core   0: 0x8000d564 (0x00003f17) auipc   t5, 0x3
core   0: 3 0x8000d564 (0x00003f17) x30 0x80010564
core   0: 0x8000d568 (0xa83f2e23) sw      gp, -1380(t5)
core   0: 3 0x8000d568 (0xa83f2e23) mem 0x80010000 0x00000001
core   0: 0x8000d56c (0xff9ff06f) j       pc - 0x8
core   0: 3 0x8000d56c (0xff9ff06f)
core   0: 0x8000d564 (0x00003f17) auipc   t5, 0x3
core   0: 3 0x8000d564 (0x00003f17) x30 0x80010564
core   0: 0x8000d568 (0xa83f2e23) sw      gp, -1380(t5)
core   0: 3 0x8000d568 (0xa83f2e23) mem 0x80010000 0x00000001
core   0: 0x8000d56c (0xff9ff06f) j       pc - 0x8
core   0: 3 0x8000d56c (0xff9ff06f)
core   0: 0x8000d564 (0x00003f17) auipc   t5, 0x3
core   0: 3 0x8000d564 (0x00003f17) x30 0x80010564
core   0: 0x8000d568 (0xa83f2e23) sw      gp, -1380(t5)
core   0: 3 0x8000d568 (0xa83f2e23) mem 0x80010000 0x00000001
core   0: 0x8000d56c (0xff9ff06f) j       pc - 0x8
core   0: 3 0x8000d56c (0xff9ff06f)
core   0: 0x8000d564 (0x00003f17) auipc   t5, 0x3
core   0: 3 0x8000d564 (0x00003f17) x30 0x80010564
core   0: 0x8000d568 (0xa83f2e23) sw      gp, -1380(t5)
core   0: 3 0x8000d568 (0xa83f2e23) mem 0x80010000 0x00000001
core   0: 0x8000d56c (0xff9ff06f) j       pc - 0x8
core   0: 3 0x8000d56c (0xff9ff06f)
core   0: 0x8000d564 (0x00003f17) auipc   t5, 0x3
core   0: 3 0x8000d564 (0x00003f17) x30 0x80010564
core   0: 0x8000d568 (0xa83f2e23) sw      gp, -1380(t5)
core   0: 3 0x8000d568 (0xa83f2e23) mem 0x80010000 0x00000001
core   0: 0x8000d56c (0xff9ff06f) j       pc - 0x8
core   0: 3 0x8000d56c (0xff9ff06f)
core   0: 0x8000d564 (0x00003f17) auipc   t5, 0x3
core   0: 3 0x8000d564 (0x00003f17) x30 0x80010564
core   0: 0x8000d568 (0xa83f2e23) sw      gp, -1380(t5)
core   0: 3 0x8000d568 (0xa83f2e23) mem 0x80010000 0x00000001
core   0: 0x8000d56c (0xff9ff06f) j       pc - 0x8
core   0: 3 0x8000d56c (0xff9ff06f)
core   0: 0x8000d564 (0x00003f17) auipc   t5, 0x3
core   0: 3 0x8000d564 (0x00003f17) x30 0x80010564
core   0: 0x8000d568 (0xa83f2e23) sw      gp, -1380(t5)
core   0: 3 0x8000d568 (0xa83f2e23) mem 0x80010000 0x00000001
core   0: 0x8000d56c (0xff9ff06f) j       pc - 0x8
core   0: 3 0x8000d56c (0xff9ff06f)
core   0: 0x8000d564 (0x00003f17) auipc   t5, 0x3
core   0: 3 0x8000d564 (0x00003f17) x30 0x80010564
core   0: 0x8000d568 (0xa83f2e23) sw      gp, -1380(t5)
core   0: 3 0x8000d568 (0xa83f2e23) mem 0x80010000 0x00000001
core   0: 0x8000d56c (0xff9ff06f) j       pc - 0x8
core   0: 3 0x8000d56c (0xff9ff06f)
core   0: 0x8000d564 (0x00003f17) auipc   t5, 0x3
core   0: 3 0x8000d564 (0x00003f17) x30 0x80010564
core   0: 0x8000d568 (0xa83f2e23) sw      gp, -1380(t5)
core   0: 3 0x8000d568 (0xa83f2e23) mem 0x80010000 0x00000001
core   0: 0x8000d56c (0xff9ff06f) j       pc - 0x8
core   0: 3 0x8000d56c (0xff9ff06f)
core   0: 0x8000d564 (0x00003f17) auipc   t5, 0x3
core   0: 3 0x8000d564 (0x00003f17) x30 0x80010564
core   0: 0x8000d568 (0xa83f2e23) sw      gp, -1380(t5)
core   0: 3 0x8000d568 (0xa83f2e23) mem 0x80010000 0x00000001
core   0: 0x8000d56c (0xff9ff06f) j       pc - 0x8
core   0: 3 0x8000d56c (0xff9ff06f)
core   0: 0x8000d564 (0x00003f17) auipc   t5, 0x3
core   0: 3 0x8000d564 (0x00003f17) x30 0x80010564
core   0: 0x8000d568 (0xa83f2e23) sw      gp, -1380(t5)
core   0: 3 0x8000d568 (0xa83f2e23) mem 0x80010000 0x00000001
core   0: 0x8000d56c (0xff9ff06f) j       pc - 0x8
core   0: 3 0x8000d56c (0xff9ff06f)
core   0: 0x8000d564 (0x00003f17) auipc   t5, 0x3
core   0: 3 0x8000d564 (0x00003f17) x30 0x80010564
core   0: 0x8000d568 (0xa83f2e23) sw      gp, -1380(t5)
core   0: 3 0x8000d568 (0xa83f2e23) mem 0x80010000 0x00000001
core   0: 0x8000d56c (0xff9ff06f) j       pc - 0x8
core   0: 3 0x8000d56c (0xff9ff06f)
core   0: 0x8000d564 (0x00003f17) auipc   t5, 0x3
core   0: 3 0x8000d564 (0x00003f17) x30 0x80010564
core   0: 0x8000d568 (0xa83f2e23) sw      gp, -1380(t5)
core   0: 3 0x8000d568 (0xa83f2e23) mem 0x80010000 0x00000001
core   0: 0x8000d56c (0xff9ff06f) j       pc - 0x8
core   0: 3 0x8000d56c (0xff9ff06f)
core   0: 0x8000d564 (0x00003f17) auipc   t5, 0x3
core   0: 3 0x8000d564 (0x00003f17) x30 0x80010564
core   0: 0x8000d568 (0xa83f2e23) sw      gp, -1380(t5)
core   0: 3 0x8000d568 (0xa83f2e23) mem 0x80010000 0x00000001
core   0: 0x8000d56c (0xff9ff06f) j       pc - 0x8
core   0: 3 0x8000d56c (0xff9ff06f)
core   0: 0x8000d564 (0x00003f17) auipc   t5, 0x3
core   0: 3 0x8000d564 (0x00003f17) x30 0x80010564
core   0: 0x8000d568 (0xa83f2e23) sw      gp, -1380(t5)
core   0: 3 0x8000d568 (0xa83f2e23) mem 0x80010000 0x00000001
core   0: 0x8000d56c (0xff9ff06f) j       pc - 0x8
core   0: 3 0x8000d56c (0xff9ff06f)
core   0: 0x8000d564 (0x00003f17) auipc   t5, 0x3
core   0: 3 0x8000d564 (0x00003f17) x30 0x80010564
core   0: 0x8000d568 (0xa83f2e23) sw      gp, -1380(t5)
core   0: 3 0x8000d568 (0xa83f2e23) mem 0x80010000 0x00000001
core   0: 0x8000d56c (0xff9ff06f) j       pc - 0x8
core   0: 3 0x8000d56c (0xff9ff06f)
core   0: 0x8000d564 (0x00003f17) auipc   t5, 0x3
core   0: 3 0x8000d564 (0x00003f17) x30 0x80010564
core   0: 0x8000d568 (0xa83f2e23) sw      gp, -1380(t5)
core   0: 3 0x8000d568 (0xa83f2e23) mem 0x80010000 0x00000001
core   0: 0x8000d56c (0xff9ff06f) j       pc - 0x8
core   0: 3 0x8000d56c (0xff9ff06f)
core   0: 0x8000d564 (0x00003f17) auipc   t5, 0x3
core   0: 3 0x8000d564 (0x00003f17) x30 0x80010564
core   0: 0x8000d568 (0xa83f2e23) sw      gp, -1380(t5)
core   0: 3 0x8000d568 (0xa83f2e23) mem 0x80010000 0x00000001
core   0: 0x8000d56c (0xff9ff06f) j       pc - 0x8
core   0: 3 0x8000d56c (0xff9ff06f)
core   0: 0x8000d564 (0x00003f17) auipc   t5, 0x3
core   0: 3 0x8000d564 (0x00003f17) x30 0x80010564
core   0: 0x8000d568 (0xa83f2e23) sw      gp, -1380(t5)
core   0: 3 0x8000d568 (0xa83f2e23) mem 0x80010000 0x00000001
core   0: 0x8000d56c (0xff9ff06f) j       pc - 0x8
core   0: 3 0x8000d56c (0xff9ff06f)
core   0: 0x8000d564 (0x00003f17) auipc   t5, 0x3
core   0: 3 0x8000d564 (0x00003f17) x30 0x80010564
core   0: 0x8000d568 (0xa83f2e23) sw      gp, -1380(t5)
core   0: 3 0x8000d568 (0xa83f2e23) mem 0x80010000 0x00000001
core   0: 0x8000d56c (0xff9ff06f) j       pc - 0x8
core   0: 3 0x8000d56c (0xff9ff06f)
core   0: 0x8000d564 (0x00003f17) auipc   t5, 0x3
core   0: 3 0x8000d564 (0x00003f17) x30 0x80010564
core   0: 0x8000d568 (0xa83f2e23) sw      gp, -1380(t5)
core   0: 3 0x8000d568 (0xa83f2e23) mem 0x80010000 0x00000001
core   0: 0x8000d56c (0xff9ff06f) j       pc - 0x8
core   0: 3 0x8000d56c (0xff9ff06f)
core   0: 0x8000d564 (0x00003f17) auipc   t5, 0x3
core   0: 3 0x8000d564 (0x00003f17) x30 0x80010564
core   0: 0x8000d568 (0xa83f2e23) sw      gp, -1380(t5)
core   0: 3 0x8000d568 (0xa83f2e23) mem 0x80010000 0x00000001
core   0: 0x8000d56c (0xff9ff06f) j       pc - 0x8
core   0: 3 0x8000d56c (0xff9ff06f)
core   0: 0x8000d564 (0x00003f17) auipc   t5, 0x3
core   0: 3 0x8000d564 (0x00003f17) x30 0x80010564
core   0: 0x8000d568 (0xa83f2e23) sw      gp, -1380(t5)
core   0: 3 0x8000d568 (0xa83f2e23) mem 0x80010000 0x00000001
core   0: 0x8000d56c (0xff9ff06f) j       pc - 0x8
core   0: 3 0x8000d56c (0xff9ff06f)
core   0: 0x8000d564 (0x00003f17) auipc   t5, 0x3
core   0: 3 0x8000d564 (0x00003f17) x30 0x80010564
core   0: 0x8000d568 (0xa83f2e23) sw      gp, -1380(t5)
core   0: 3 0x8000d568 (0xa83f2e23) mem 0x80010000 0x00000001
core   0: 0x8000d56c (0xff9ff06f) j       pc - 0x8
core   0: 3 0x8000d56c (0xff9ff06f)
core   0: 0x8000d564 (0x00003f17) auipc   t5, 0x3
core   0: 3 0x8000d564 (0x00003f17) x30 0x80010564
core   0: 0x8000d568 (0xa83f2e23) sw      gp, -1380(t5)
core   0: 3 0x8000d568 (0xa83f2e23) mem 0x80010000 0x00000001
core   0: 0x8000d56c (0xff9ff06f) j       pc - 0x8
core   0: 3 0x8000d56c (0xff9ff06f)
core   0: 0x8000d564 (0x00003f17) auipc   t5, 0x3
core   0: 3 0x8000d564 (0x00003f17) x30 0x80010564
core   0: 0x8000d568 (0xa83f2e23) sw      gp, -1380(t5)
core   0: 3 0x8000d568 (0xa83f2e23) mem 0x80010000 0x00000001
core   0: 0x8000d56c (0xff9ff06f) j       pc - 0x8
core   0: 3 0x8000d56c (0xff9ff06f)
core   0: 0x8000d564 (0x00003f17) auipc   t5, 0x3
core   0: 3 0x8000d564 (0x00003f17) x30 0x80010564
core   0: 0x8000d568 (0xa83f2e23) sw      gp, -1380(t5)
core   0: 3 0x8000d568 (0xa83f2e23) mem 0x80010000 0x00000001
core   0: 0x8000d56c (0xff9ff06f) j       pc - 0x8
core   0: 3 0x8000d56c (0xff9ff06f)
core   0: 0x8000d564 (0x00003f17) auipc   t5, 0x3
core   0: 3 0x8000d564 (0x00003f17) x30 0x80010564
core   0: 0x8000d568 (0xa83f2e23) sw      gp, -1380(t5)
core   0: 3 0x8000d568 (0xa83f2e23) mem 0x80010000 0x00000001
core   0: 0x8000d56c (0xff9ff06f) j       pc - 0x8
core   0: 3 0x8000d56c (0xff9ff06f)
core   0: 0x8000d564 (0x00003f17) auipc   t5, 0x3
core   0: 3 0x8000d564 (0x00003f17) x30 0x80010564
core   0: 0x8000d568 (0xa83f2e23) sw      gp, -1380(t5)
core   0: 3 0x8000d568 (0xa83f2e23) mem 0x80010000 0x00000001
core   0: 0x8000d56c (0xff9ff06f) j       pc - 0x8
core   0: 3 0x8000d56c (0xff9ff06f)
core   0: 0x8000d564 (0x00003f17) auipc   t5, 0x3
core   0: 3 0x8000d564 (0x00003f17) x30 0x80010564
core   0: 0x8000d568 (0xa83f2e23) sw      gp, -1380(t5)
core   0: 3 0x8000d568 (0xa83f2e23) mem 0x80010000 0x00000001
core   0: 0x8000d56c (0xff9ff06f) j       pc - 0x8
core   0: 3 0x8000d56c (0xff9ff06f)
core   0: 0x8000d564 (0x00003f17) auipc   t5, 0x3
core   0: 3 0x8000d564 (0x00003f17) x30 0x80010564
core   0: 0x8000d568 (0xa83f2e23) sw      gp, -1380(t5)
core   0: 3 0x8000d568 (0xa83f2e23) mem 0x80010000 0x00000001
core   0: 0x8000d56c (0xff9ff06f) j       pc - 0x8
core   0: 3 0x8000d56c (0xff9ff06f)
core   0: 0x8000d564 (0x00003f17) auipc   t5, 0x3
core   0: 3 0x8000d564 (0x00003f17) x30 0x80010564
core   0: 0x8000d568 (0xa83f2e23) sw      gp, -1380(t5)
core   0: 3 0x8000d568 (0xa83f2e23) mem 0x80010000 0x00000001
core   0: 0x8000d56c (0xff9ff06f) j       pc - 0x8
core   0: 3 0x8000d56c (0xff9ff06f)
core   0: 0x8000d564 (0x00003f17) auipc   t5, 0x3
core   0: 3 0x8000d564 (0x00003f17) x30 0x80010564
core   0: 0x8000d568 (0xa83f2e23) sw      gp, -1380(t5)
core   0: 3 0x8000d568 (0xa83f2e23) mem 0x80010000 0x00000001
core   0: 0x8000d56c (0xff9ff06f) j       pc - 0x8
core   0: 3 0x8000d56c (0xff9ff06f)
core   0: 0x8000d564 (0x00003f17) auipc   t5, 0x3
core   0: 3 0x8000d564 (0x00003f17) x30 0x80010564
core   0: 0x8000d568 (0xa83f2e23) sw      gp, -1380(t5)
core   0: 3 0x8000d568 (0xa83f2e23) mem 0x80010000 0x00000001
core   0: 0x8000d56c (0xff9ff06f) j       pc - 0x8
core   0: 3 0x8000d56c (0xff9ff06f)
core   0: 0x8000d564 (0x00003f17) auipc   t5, 0x3
core   0: 3 0x8000d564 (0x00003f17) x30 0x80010564
core   0: 0x8000d568 (0xa83f2e23) sw      gp, -1380(t5)
core   0: 3 0x8000d568 (0xa83f2e23) mem 0x80010000 0x00000001
core   0: 0x8000d56c (0xff9ff06f) j       pc - 0x8
core   0: 3 0x8000d56c (0xff9ff06f)
core   0: 0x8000d564 (0x00003f17) auipc   t5, 0x3
core   0: 3 0x8000d564 (0x00003f17) x30 0x80010564
core   0: 0x8000d568 (0xa83f2e23) sw      gp, -1380(t5)
core   0: 3 0x8000d568 (0xa83f2e23) mem 0x80010000 0x00000001
core   0: 0x8000d56c (0xff9ff06f) j       pc - 0x8
core   0: 3 0x8000d56c (0xff9ff06f)
core   0: 0x8000d564 (0x00003f17) auipc   t5, 0x3
core   0: 3 0x8000d564 (0x00003f17) x30 0x80010564
core   0: 0x8000d568 (0xa83f2e23) sw      gp, -1380(t5)
core   0: 3 0x8000d568 (0xa83f2e23) mem 0x80010000 0x00000001
core   0: 0x8000d56c (0xff9ff06f) j       pc - 0x8
core   0: 3 0x8000d56c (0xff9ff06f)
core   0: 0x8000d564 (0x00003f17) auipc   t5, 0x3
core   0: 3 0x8000d564 (0x00003f17) x30 0x80010564
core   0: 0x8000d568 (0xa83f2e23) sw      gp, -1380(t5)
core   0: 3 0x8000d568 (0xa83f2e23) mem 0x80010000 0x00000001
core   0: 0x8000d56c (0xff9ff06f) j       pc - 0x8
core   0: 3 0x8000d56c (0xff9ff06f)
core   0: 0x8000d564 (0x00003f17) auipc   t5, 0x3
core   0: 3 0x8000d564 (0x00003f17) x30 0x80010564
core   0: 0x8000d568 (0xa83f2e23) sw      gp, -1380(t5)
core   0: 3 0x8000d568 (0xa83f2e23) mem 0x80010000 0x00000001
core   0: 0x8000d56c (0xff9ff06f) j       pc - 0x8
core   0: 3 0x8000d56c (0xff9ff06f)
core   0: 0x8000d564 (0x00003f17) auipc   t5, 0x3
core   0: 3 0x8000d564 (0x00003f17) x30 0x80010564
core   0: 0x8000d568 (0xa83f2e23) sw      gp, -1380(t5)
core   0: 3 0x8000d568 (0xa83f2e23) mem 0x80010000 0x00000001
core   0: 0x8000d56c (0xff9ff06f) j       pc - 0x8
core   0: 3 0x8000d56c (0xff9ff06f)
core   0: 0x8000d564 (0x00003f17) auipc   t5, 0x3
core   0: 3 0x8000d564 (0x00003f17) x30 0x80010564
core   0: 0x8000d568 (0xa83f2e23) sw      gp, -1380(t5)
core   0: 3 0x8000d568 (0xa83f2e23) mem 0x80010000 0x00000001
core   0: 0x8000d56c (0xff9ff06f) j       pc - 0x8
core   0: 3 0x8000d56c (0xff9ff06f)
core   0: 0x8000d564 (0x00003f17) auipc   t5, 0x3
core   0: 3 0x8000d564 (0x00003f17) x30 0x80010564
core   0: 0x8000d568 (0xa83f2e23) sw      gp, -1380(t5)
core   0: 3 0x8000d568 (0xa83f2e23) mem 0x80010000 0x00000001
core   0: 0x8000d56c (0xff9ff06f) j       pc - 0x8
core   0: 3 0x8000d56c (0xff9ff06f)
core   0: 0x8000d564 (0x00003f17) auipc   t5, 0x3
core   0: 3 0x8000d564 (0x00003f17) x30 0x80010564
core   0: 0x8000d568 (0xa83f2e23) sw      gp, -1380(t5)
core   0: 3 0x8000d568 (0xa83f2e23) mem 0x80010000 0x00000001
core   0: 0x8000d56c (0xff9ff06f) j       pc - 0x8
core   0: 3 0x8000d56c (0xff9ff06f)
core   0: 0x8000d564 (0x00003f17) auipc   t5, 0x3
core   0: 3 0x8000d564 (0x00003f17) x30 0x80010564
core   0: 0x8000d568 (0xa83f2e23) sw      gp, -1380(t5)
core   0: 3 0x8000d568 (0xa83f2e23) mem 0x80010000 0x00000001
core   0: 0x8000d56c (0xff9ff06f) j       pc - 0x8
core   0: 3 0x8000d56c (0xff9ff06f)
core   0: 0x8000d564 (0x00003f17) auipc   t5, 0x3
core   0: 3 0x8000d564 (0x00003f17) x30 0x80010564
core   0: 0x8000d568 (0xa83f2e23) sw      gp, -1380(t5)
core   0: 3 0x8000d568 (0xa83f2e23) mem 0x80010000 0x00000001
core   0: 0x8000d56c (0xff9ff06f) j       pc - 0x8
core   0: 3 0x8000d56c (0xff9ff06f)
core   0: 0x8000d564 (0x00003f17) auipc   t5, 0x3
core   0: 3 0x8000d564 (0x00003f17) x30 0x80010564
core   0: 0x8000d568 (0xa83f2e23) sw      gp, -1380(t5)
core   0: 3 0x8000d568 (0xa83f2e23) mem 0x80010000 0x00000001
core   0: 0x8000d56c (0xff9ff06f) j       pc - 0x8
core   0: 3 0x8000d56c (0xff9ff06f)
core   0: 0x8000d564 (0x00003f17) auipc   t5, 0x3
core   0: 3 0x8000d564 (0x00003f17) x30 0x80010564
core   0: 0x8000d568 (0xa83f2e23) sw      gp, -1380(t5)
core   0: 3 0x8000d568 (0xa83f2e23) mem 0x80010000 0x00000001
core   0: 0x8000d56c (0xff9ff06f) j       pc - 0x8
core   0: 3 0x8000d56c (0xff9ff06f)
core   0: 0x8000d564 (0x00003f17) auipc   t5, 0x3
core   0: 3 0x8000d564 (0x00003f17) x30 0x80010564
core   0: 0x8000d568 (0xa83f2e23) sw      gp, -1380(t5)
core   0: 3 0x8000d568 (0xa83f2e23) mem 0x80010000 0x00000001
core   0: 0x8000d56c (0xff9ff06f) j       pc - 0x8
core   0: 3 0x8000d56c (0xff9ff06f)
core   0: 0x8000d564 (0x00003f17) auipc   t5, 0x3
core   0: 3 0x8000d564 (0x00003f17) x30 0x80010564
core   0: 0x8000d568 (0xa83f2e23) sw      gp, -1380(t5)
core   0: 3 0x8000d568 (0xa83f2e23) mem 0x80010000 0x00000001
core   0: 0x8000d56c (0xff9ff06f) j       pc - 0x8
core   0: 3 0x8000d56c (0xff9ff06f)
core   0: 0x8000d564 (0x00003f17) auipc   t5, 0x3
core   0: 3 0x8000d564 (0x00003f17) x30 0x80010564
core   0: 0x8000d568 (0xa83f2e23) sw      gp, -1380(t5)
core   0: 3 0x8000d568 (0xa83f2e23) mem 0x80010000 0x00000001
core   0: 0x8000d56c (0xff9ff06f) j       pc - 0x8
core   0: 3 0x8000d56c (0xff9ff06f)
core   0: 0x8000d564 (0x00003f17) auipc   t5, 0x3
core   0: 3 0x8000d564 (0x00003f17) x30 0x80010564
core   0: 0x8000d568 (0xa83f2e23) sw      gp, -1380(t5)
core   0: 3 0x8000d568 (0xa83f2e23) mem 0x80010000 0x00000001
core   0: 0x8000d56c (0xff9ff06f) j       pc - 0x8
core   0: 3 0x8000d56c (0xff9ff06f)
core   0: 0x8000d564 (0x00003f17) auipc   t5, 0x3
core   0: 3 0x8000d564 (0x00003f17) x30 0x80010564
core   0: 0x8000d568 (0xa83f2e23) sw      gp, -1380(t5)
core   0: 3 0x8000d568 (0xa83f2e23) mem 0x80010000 0x00000001
core   0: 0x8000d56c (0xff9ff06f) j       pc - 0x8
core   0: 3 0x8000d56c (0xff9ff06f)
core   0: 0x8000d564 (0x00003f17) auipc   t5, 0x3
core   0: 3 0x8000d564 (0x00003f17) x30 0x80010564
core   0: 0x8000d568 (0xa83f2e23) sw      gp, -1380(t5)
core   0: 3 0x8000d568 (0xa83f2e23) mem 0x80010000 0x00000001
core   0: 0x8000d56c (0xff9ff06f) j       pc - 0x8
core   0: 3 0x8000d56c (0xff9ff06f)
core   0: 0x8000d564 (0x00003f17) auipc   t5, 0x3
core   0: 3 0x8000d564 (0x00003f17) x30 0x80010564
core   0: 0x8000d568 (0xa83f2e23) sw      gp, -1380(t5)
core   0: 3 0x8000d568 (0xa83f2e23) mem 0x80010000 0x00000001
core   0: 0x8000d56c (0xff9ff06f) j       pc - 0x8
core   0: 3 0x8000d56c (0xff9ff06f)
core   0: 0x8000d564 (0x00003f17) auipc   t5, 0x3
core   0: 3 0x8000d564 (0x00003f17) x30 0x80010564
core   0: 0x8000d568 (0xa83f2e23) sw      gp, -1380(t5)
core   0: 3 0x8000d568 (0xa83f2e23) mem 0x80010000 0x00000001
core   0: 0x8000d56c (0xff9ff06f) j       pc - 0x8
core   0: 3 0x8000d56c (0xff9ff06f)
core   0: 0x8000d564 (0x00003f17) auipc   t5, 0x3
core   0: 3 0x8000d564 (0x00003f17) x30 0x80010564
core   0: 0x8000d568 (0xa83f2e23) sw      gp, -1380(t5)
core   0: 3 0x8000d568 (0xa83f2e23) mem 0x80010000 0x00000001
core   0: 0x8000d56c (0xff9ff06f) j       pc - 0x8
core   0: 3 0x8000d56c (0xff9ff06f)
core   0: 0x8000d564 (0x00003f17) auipc   t5, 0x3
core   0: 3 0x8000d564 (0x00003f17) x30 0x80010564
core   0: 0x8000d568 (0xa83f2e23) sw      gp, -1380(t5)
core   0: 3 0x8000d568 (0xa83f2e23) mem 0x80010000 0x00000001
core   0: 0x8000d56c (0xff9ff06f) j       pc - 0x8
core   0: 3 0x8000d56c (0xff9ff06f)
core   0: 0x8000d564 (0x00003f17) auipc   t5, 0x3
core   0: 3 0x8000d564 (0x00003f17) x30 0x80010564
core   0: 0x8000d568 (0xa83f2e23) sw      gp, -1380(t5)
core   0: 3 0x8000d568 (0xa83f2e23) mem 0x80010000 0x00000001
core   0: 0x8000d56c (0xff9ff06f) j       pc - 0x8
core   0: 3 0x8000d56c (0xff9ff06f)
core   0: 0x8000d564 (0x00003f17) auipc   t5, 0x3
core   0: 3 0x8000d564 (0x00003f17) x30 0x80010564
core   0: 0x8000d568 (0xa83f2e23) sw      gp, -1380(t5)
core   0: 3 0x8000d568 (0xa83f2e23) mem 0x80010000 0x00000001
core   0: 0x8000d56c (0xff9ff06f) j       pc - 0x8
core   0: 3 0x8000d56c (0xff9ff06f)
core   0: 0x8000d564 (0x00003f17) auipc   t5, 0x3
core   0: 3 0x8000d564 (0x00003f17) x30 0x80010564
core   0: 0x8000d568 (0xa83f2e23) sw      gp, -1380(t5)
core   0: 3 0x8000d568 (0xa83f2e23) mem 0x80010000 0x00000001
core   0: 0x8000d56c (0xff9ff06f) j       pc - 0x8
core   0: 3 0x8000d56c (0xff9ff06f)
core   0: 0x8000d564 (0x00003f17) auipc   t5, 0x3
core   0: 3 0x8000d564 (0x00003f17) x30 0x80010564
core   0: 0x8000d568 (0xa83f2e23) sw      gp, -1380(t5)
core   0: 3 0x8000d568 (0xa83f2e23) mem 0x80010000 0x00000001
core   0: 0x8000d56c (0xff9ff06f) j       pc - 0x8
core   0: 3 0x8000d56c (0xff9ff06f)
core   0: 0x8000d564 (0x00003f17) auipc   t5, 0x3
core   0: 3 0x8000d564 (0x00003f17) x30 0x80010564
core   0: 0x8000d568 (0xa83f2e23) sw      gp, -1380(t5)
core   0: 3 0x8000d568 (0xa83f2e23) mem 0x80010000 0x00000001
core   0: 0x8000d56c (0xff9ff06f) j       pc - 0x8
core   0: 3 0x8000d56c (0xff9ff06f)
core   0: 0x8000d564 (0x00003f17) auipc   t5, 0x3
core   0: 3 0x8000d564 (0x00003f17) x30 0x80010564
core   0: 0x8000d568 (0xa83f2e23) sw      gp, -1380(t5)
core   0: 3 0x8000d568 (0xa83f2e23) mem 0x80010000 0x00000001
core   0: 0x8000d56c (0xff9ff06f) j       pc - 0x8
core   0: 3 0x8000d56c (0xff9ff06f)
core   0: 0x8000d564 (0x00003f17) auipc   t5, 0x3
core   0: 3 0x8000d564 (0x00003f17) x30 0x80010564
core   0: 0x8000d568 (0xa83f2e23) sw      gp, -1380(t5)
core   0: 3 0x8000d568 (0xa83f2e23) mem 0x80010000 0x00000001
core   0: 0x8000d56c (0xff9ff06f) j       pc - 0x8
core   0: 3 0x8000d56c (0xff9ff06f)
core   0: 0x8000d564 (0x00003f17) auipc   t5, 0x3
core   0: 3 0x8000d564 (0x00003f17) x30 0x80010564
core   0: 0x8000d568 (0xa83f2e23) sw      gp, -1380(t5)
core   0: 3 0x8000d568 (0xa83f2e23) mem 0x80010000 0x00000001
core   0: 0x8000d56c (0xff9ff06f) j       pc - 0x8
core   0: 3 0x8000d56c (0xff9ff06f)
core   0: 0x8000d564 (0x00003f17) auipc   t5, 0x3
core   0: 3 0x8000d564 (0x00003f17) x30 0x80010564
core   0: 0x8000d568 (0xa83f2e23) sw      gp, -1380(t5)
core   0: 3 0x8000d568 (0xa83f2e23) mem 0x80010000 0x00000001
core   0: 0x8000d56c (0xff9ff06f) j       pc - 0x8
core   0: 3 0x8000d56c (0xff9ff06f)
core   0: 0x8000d564 (0x00003f17) auipc   t5, 0x3
core   0: 3 0x8000d564 (0x00003f17) x30 0x80010564
core   0: 0x8000d568 (0xa83f2e23) sw      gp, -1380(t5)
core   0: 3 0x8000d568 (0xa83f2e23) mem 0x80010000 0x00000001
core   0: 0x8000d56c (0xff9ff06f) j       pc - 0x8
core   0: 3 0x8000d56c (0xff9ff06f)
core   0: 0x8000d564 (0x00003f17) auipc   t5, 0x3
core   0: 3 0x8000d564 (0x00003f17) x30 0x80010564
core   0: 0x8000d568 (0xa83f2e23) sw      gp, -1380(t5)
core   0: 3 0x8000d568 (0xa83f2e23) mem 0x80010000 0x00000001
core   0: 0x8000d56c (0xff9ff06f) j       pc - 0x8
core   0: 3 0x8000d56c (0xff9ff06f)
core   0: 0x8000d564 (0x00003f17) auipc   t5, 0x3
core   0: 3 0x8000d564 (0x00003f17) x30 0x80010564
core   0: 0x8000d568 (0xa83f2e23) sw      gp, -1380(t5)
core   0: 3 0x8000d568 (0xa83f2e23) mem 0x80010000 0x00000001
core   0: 0x8000d56c (0xff9ff06f) j       pc - 0x8
core   0: 3 0x8000d56c (0xff9ff06f)
core   0: 0x8000d564 (0x00003f17) auipc   t5, 0x3
core   0: 3 0x8000d564 (0x00003f17) x30 0x80010564
core   0: 0x8000d568 (0xa83f2e23) sw      gp, -1380(t5)
core   0: 3 0x8000d568 (0xa83f2e23) mem 0x80010000 0x00000001
core   0: 0x8000d56c (0xff9ff06f) j       pc - 0x8
core   0: 3 0x8000d56c (0xff9ff06f)
core   0: 0x8000d564 (0x00003f17) auipc   t5, 0x3
core   0: 3 0x8000d564 (0x00003f17) x30 0x80010564
core   0: 0x8000d568 (0xa83f2e23) sw      gp, -1380(t5)
core   0: 3 0x8000d568 (0xa83f2e23) mem 0x80010000 0x00000001
core   0: 0x8000d56c (0xff9ff06f) j       pc - 0x8
core   0: 3 0x8000d56c (0xff9ff06f)
core   0: 0x8000d564 (0x00003f17) auipc   t5, 0x3
core   0: 3 0x8000d564 (0x00003f17) x30 0x80010564
core   0: 0x8000d568 (0xa83f2e23) sw      gp, -1380(t5)
core   0: 3 0x8000d568 (0xa83f2e23) mem 0x80010000 0x00000001
core   0: 0x8000d56c (0xff9ff06f) j       pc - 0x8
core   0: 3 0x8000d56c (0xff9ff06f)
core   0: 0x8000d564 (0x00003f17) auipc   t5, 0x3
core   0: 3 0x8000d564 (0x00003f17) x30 0x80010564
core   0: 0x8000d568 (0xa83f2e23) sw      gp, -1380(t5)
core   0: 3 0x8000d568 (0xa83f2e23) mem 0x80010000 0x00000001
core   0: 0x8000d56c (0xff9ff06f) j       pc - 0x8
core   0: 3 0x8000d56c (0xff9ff06f)
core   0: 0x8000d564 (0x00003f17) auipc   t5, 0x3
core   0: 3 0x8000d564 (0x00003f17) x30 0x80010564
core   0: 0x8000d568 (0xa83f2e23) sw      gp, -1380(t5)
core   0: 3 0x8000d568 (0xa83f2e23) mem 0x80010000 0x00000001
core   0: 0x8000d56c (0xff9ff06f) j       pc - 0x8
core   0: 3 0x8000d56c (0xff9ff06f)
core   0: 0x8000d564 (0x00003f17) auipc   t5, 0x3
core   0: 3 0x8000d564 (0x00003f17) x30 0x80010564
core   0: 0x8000d568 (0xa83f2e23) sw      gp, -1380(t5)
core   0: 3 0x8000d568 (0xa83f2e23) mem 0x80010000 0x00000001
core   0: 0x8000d56c (0xff9ff06f) j       pc - 0x8
core   0: 3 0x8000d56c (0xff9ff06f)
core   0: 0x8000d564 (0x00003f17) auipc   t5, 0x3
core   0: 3 0x8000d564 (0x00003f17) x30 0x80010564
core   0: 0x8000d568 (0xa83f2e23) sw      gp, -1380(t5)
core   0: 3 0x8000d568 (0xa83f2e23) mem 0x80010000 0x00000001
core   0: 0x8000d56c (0xff9ff06f) j       pc - 0x8
core   0: 3 0x8000d56c (0xff9ff06f)
core   0: 0x8000d564 (0x00003f17) auipc   t5, 0x3
core   0: 3 0x8000d564 (0x00003f17) x30 0x80010564
core   0: 0x8000d568 (0xa83f2e23) sw      gp, -1380(t5)
core   0: 3 0x8000d568 (0xa83f2e23) mem 0x80010000 0x00000001
core   0: 0x8000d56c (0xff9ff06f) j       pc - 0x8
core   0: 3 0x8000d56c (0xff9ff06f)
core   0: 0x8000d564 (0x00003f17) auipc   t5, 0x3
core   0: 3 0x8000d564 (0x00003f17) x30 0x80010564
core   0: 0x8000d568 (0xa83f2e23) sw      gp, -1380(t5)
core   0: 3 0x8000d568 (0xa83f2e23) mem 0x80010000 0x00000001
core   0: 0x8000d56c (0xff9ff06f) j       pc - 0x8
core   0: 3 0x8000d56c (0xff9ff06f)
core   0: 0x8000d564 (0x00003f17) auipc   t5, 0x3
core   0: 3 0x8000d564 (0x00003f17) x30 0x80010564
core   0: 0x8000d568 (0xa83f2e23) sw      gp, -1380(t5)
core   0: 3 0x8000d568 (0xa83f2e23) mem 0x80010000 0x00000001
core   0: 0x8000d56c (0xff9ff06f) j       pc - 0x8
core   0: 3 0x8000d56c (0xff9ff06f)
core   0: 0x8000d564 (0x00003f17) auipc   t5, 0x3
core   0: 3 0x8000d564 (0x00003f17) x30 0x80010564
core   0: 0x8000d568 (0xa83f2e23) sw      gp, -1380(t5)
core   0: 3 0x8000d568 (0xa83f2e23) mem 0x80010000 0x00000001
core   0: 0x8000d56c (0xff9ff06f) j       pc - 0x8
core   0: 3 0x8000d56c (0xff9ff06f)
core   0: 0x8000d564 (0x00003f17) auipc   t5, 0x3
core   0: 3 0x8000d564 (0x00003f17) x30 0x80010564
core   0: 0x8000d568 (0xa83f2e23) sw      gp, -1380(t5)
core   0: 3 0x8000d568 (0xa83f2e23) mem 0x80010000 0x00000001
core   0: 0x8000d56c (0xff9ff06f) j       pc - 0x8
core   0: 3 0x8000d56c (0xff9ff06f)
core   0: 0x8000d564 (0x00003f17) auipc   t5, 0x3
core   0: 3 0x8000d564 (0x00003f17) x30 0x80010564
core   0: 0x8000d568 (0xa83f2e23) sw      gp, -1380(t5)
core   0: 3 0x8000d568 (0xa83f2e23) mem 0x80010000 0x00000001
core   0: 0x8000d56c (0xff9ff06f) j       pc - 0x8
core   0: 3 0x8000d56c (0xff9ff06f)
core   0: 0x8000d564 (0x00003f17) auipc   t5, 0x3
core   0: 3 0x8000d564 (0x00003f17) x30 0x80010564
core   0: 0x8000d568 (0xa83f2e23) sw      gp, -1380(t5)
core   0: 3 0x8000d568 (0xa83f2e23) mem 0x80010000 0x00000001
core   0: 0x8000d56c (0xff9ff06f) j       pc - 0x8
core   0: 3 0x8000d56c (0xff9ff06f)
core   0: 0x8000d564 (0x00003f17) auipc   t5, 0x3
core   0: 3 0x8000d564 (0x00003f17) x30 0x80010564
core   0: 0x8000d568 (0xa83f2e23) sw      gp, -1380(t5)
core   0: 3 0x8000d568 (0xa83f2e23) mem 0x80010000 0x00000001
core   0: 0x8000d56c (0xff9ff06f) j       pc - 0x8
core   0: 3 0x8000d56c (0xff9ff06f)
core   0: 0x8000d564 (0x00003f17) auipc   t5, 0x3
core   0: 3 0x8000d564 (0x00003f17) x30 0x80010564
core   0: 0x8000d568 (0xa83f2e23) sw      gp, -1380(t5)
core   0: 3 0x8000d568 (0xa83f2e23) mem 0x80010000 0x00000001
core   0: 0x8000d56c (0xff9ff06f) j       pc - 0x8
core   0: 3 0x8000d56c (0xff9ff06f)
core   0: 0x8000d564 (0x00003f17) auipc   t5, 0x3
core   0: 3 0x8000d564 (0x00003f17) x30 0x80010564
core   0: 0x8000d568 (0xa83f2e23) sw      gp, -1380(t5)
core   0: 3 0x8000d568 (0xa83f2e23) mem 0x80010000 0x00000001
core   0: 0x8000d56c (0xff9ff06f) j       pc - 0x8
core   0: 3 0x8000d56c (0xff9ff06f)
core   0: 0x8000d564 (0x00003f17) auipc   t5, 0x3
core   0: 3 0x8000d564 (0x00003f17) x30 0x80010564
core   0: 0x8000d568 (0xa83f2e23) sw      gp, -1380(t5)
core   0: 3 0x8000d568 (0xa83f2e23) mem 0x80010000 0x00000001
core   0: 0x8000d56c (0xff9ff06f) j       pc - 0x8
core   0: 3 0x8000d56c (0xff9ff06f)
core   0: 0x8000d564 (0x00003f17) auipc   t5, 0x3
core   0: 3 0x8000d564 (0x00003f17) x30 0x80010564
core   0: 0x8000d568 (0xa83f2e23) sw      gp, -1380(t5)
core   0: 3 0x8000d568 (0xa83f2e23) mem 0x80010000 0x00000001
core   0: 0x8000d56c (0xff9ff06f) j       pc - 0x8
core   0: 3 0x8000d56c (0xff9ff06f)
core   0: 0x8000d564 (0x00003f17) auipc   t5, 0x3
core   0: 3 0x8000d564 (0x00003f17) x30 0x80010564
core   0: 0x8000d568 (0xa83f2e23) sw      gp, -1380(t5)
core   0: 3 0x8000d568 (0xa83f2e23) mem 0x80010000 0x00000001
core   0: 0x8000d56c (0xff9ff06f) j       pc - 0x8
core   0: 3 0x8000d56c (0xff9ff06f)
core   0: 0x8000d564 (0x00003f17) auipc   t5, 0x3
core   0: 3 0x8000d564 (0x00003f17) x30 0x80010564
core   0: 0x8000d568 (0xa83f2e23) sw      gp, -1380(t5)
core   0: 3 0x8000d568 (0xa83f2e23) mem 0x80010000 0x00000001
core   0: 0x8000d56c (0xff9ff06f) j       pc - 0x8
core   0: 3 0x8000d56c (0xff9ff06f)
core   0: 0x8000d564 (0x00003f17) auipc   t5, 0x3
core   0: 3 0x8000d564 (0x00003f17) x30 0x80010564
core   0: 0x8000d568 (0xa83f2e23) sw      gp, -1380(t5)
core   0: 3 0x8000d568 (0xa83f2e23) mem 0x80010000 0x00000001
core   0: 0x8000d56c (0xff9ff06f) j       pc - 0x8
core   0: 3 0x8000d56c (0xff9ff06f)
core   0: 0x8000d564 (0x00003f17) auipc   t5, 0x3
core   0: 3 0x8000d564 (0x00003f17) x30 0x80010564
core   0: 0x8000d568 (0xa83f2e23) sw      gp, -1380(t5)
core   0: 3 0x8000d568 (0xa83f2e23) mem 0x80010000 0x00000001
core   0: 0x8000d56c (0xff9ff06f) j       pc - 0x8
core   0: 3 0x8000d56c (0xff9ff06f)
core   0: 0x8000d564 (0x00003f17) auipc   t5, 0x3
core   0: 3 0x8000d564 (0x00003f17) x30 0x80010564
core   0: 0x8000d568 (0xa83f2e23) sw      gp, -1380(t5)
core   0: 3 0x8000d568 (0xa83f2e23) mem 0x80010000 0x00000001
core   0: 0x8000d56c (0xff9ff06f) j       pc - 0x8
core   0: 3 0x8000d56c (0xff9ff06f)
core   0: 0x8000d564 (0x00003f17) auipc   t5, 0x3
core   0: 3 0x8000d564 (0x00003f17) x30 0x80010564
core   0: 0x8000d568 (0xa83f2e23) sw      gp, -1380(t5)
core   0: 3 0x8000d568 (0xa83f2e23) mem 0x80010000 0x00000001
core   0: 0x8000d56c (0xff9ff06f) j       pc - 0x8
core   0: 3 0x8000d56c (0xff9ff06f)
core   0: 0x8000d564 (0x00003f17) auipc   t5, 0x3
core   0: 3 0x8000d564 (0x00003f17) x30 0x80010564
core   0: 0x8000d568 (0xa83f2e23) sw      gp, -1380(t5)
core   0: 3 0x8000d568 (0xa83f2e23) mem 0x80010000 0x00000001
core   0: 0x8000d56c (0xff9ff06f) j       pc - 0x8
core   0: 3 0x8000d56c (0xff9ff06f)
core   0: 0x8000d564 (0x00003f17) auipc   t5, 0x3
core   0: 3 0x8000d564 (0x00003f17) x30 0x80010564
core   0: 0x8000d568 (0xa83f2e23) sw      gp, -1380(t5)
core   0: 3 0x8000d568 (0xa83f2e23) mem 0x80010000 0x00000001
core   0: 0x8000d56c (0xff9ff06f) j       pc - 0x8
core   0: 3 0x8000d56c (0xff9ff06f)
core   0: 0x8000d564 (0x00003f17) auipc   t5, 0x3
core   0: 3 0x8000d564 (0x00003f17) x30 0x80010564
core   0: 0x8000d568 (0xa83f2e23) sw      gp, -1380(t5)
core   0: 3 0x8000d568 (0xa83f2e23) mem 0x80010000 0x00000001
core   0: 0x8000d56c (0xff9ff06f) j       pc - 0x8
core   0: 3 0x8000d56c (0xff9ff06f)
core   0: 0x8000d564 (0x00003f17) auipc   t5, 0x3
core   0: 3 0x8000d564 (0x00003f17) x30 0x80010564
core   0: 0x8000d568 (0xa83f2e23) sw      gp, -1380(t5)
core   0: 3 0x8000d568 (0xa83f2e23) mem 0x80010000 0x00000001
core   0: 0x8000d56c (0xff9ff06f) j       pc - 0x8
core   0: 3 0x8000d56c (0xff9ff06f)
core   0: 0x8000d564 (0x00003f17) auipc   t5, 0x3
core   0: 3 0x8000d564 (0x00003f17) x30 0x80010564
core   0: 0x8000d568 (0xa83f2e23) sw      gp, -1380(t5)
core   0: 3 0x8000d568 (0xa83f2e23) mem 0x80010000 0x00000001
core   0: 0x8000d56c (0xff9ff06f) j       pc - 0x8
core   0: 3 0x8000d56c (0xff9ff06f)
core   0: 0x8000d564 (0x00003f17) auipc   t5, 0x3
core   0: 3 0x8000d564 (0x00003f17) x30 0x80010564
core   0: 0x8000d568 (0xa83f2e23) sw      gp, -1380(t5)
core   0: 3 0x8000d568 (0xa83f2e23) mem 0x80010000 0x00000001
core   0: 0x8000d56c (0xff9ff06f) j       pc - 0x8
core   0: 3 0x8000d56c (0xff9ff06f)
core   0: 0x8000d564 (0x00003f17) auipc   t5, 0x3
core   0: 3 0x8000d564 (0x00003f17) x30 0x80010564
core   0: 0x8000d568 (0xa83f2e23) sw      gp, -1380(t5)
core   0: 3 0x8000d568 (0xa83f2e23) mem 0x80010000 0x00000001
core   0: 0x8000d56c (0xff9ff06f) j       pc - 0x8
core   0: 3 0x8000d56c (0xff9ff06f)
core   0: 0x8000d564 (0x00003f17) auipc   t5, 0x3
core   0: 3 0x8000d564 (0x00003f17) x30 0x80010564
core   0: 0x8000d568 (0xa83f2e23) sw      gp, -1380(t5)
core   0: 3 0x8000d568 (0xa83f2e23) mem 0x80010000 0x00000001
core   0: 0x8000d56c (0xff9ff06f) j       pc - 0x8
core   0: 3 0x8000d56c (0xff9ff06f)
core   0: 0x8000d564 (0x00003f17) auipc   t5, 0x3
core   0: 3 0x8000d564 (0x00003f17) x30 0x80010564
core   0: 0x8000d568 (0xa83f2e23) sw      gp, -1380(t5)
core   0: 3 0x8000d568 (0xa83f2e23) mem 0x80010000 0x00000001
core   0: 0x8000d56c (0xff9ff06f) j       pc - 0x8
core   0: 3 0x8000d56c (0xff9ff06f)
core   0: 0x8000d564 (0x00003f17) auipc   t5, 0x3
core   0: 3 0x8000d564 (0x00003f17) x30 0x80010564
core   0: 0x8000d568 (0xa83f2e23) sw      gp, -1380(t5)
core   0: 3 0x8000d568 (0xa83f2e23) mem 0x80010000 0x00000001
core   0: 0x8000d56c (0xff9ff06f) j       pc - 0x8
core   0: 3 0x8000d56c (0xff9ff06f)
core   0: 0x8000d564 (0x00003f17) auipc   t5, 0x3
core   0: 3 0x8000d564 (0x00003f17) x30 0x80010564
core   0: 0x8000d568 (0xa83f2e23) sw      gp, -1380(t5)
core   0: 3 0x8000d568 (0xa83f2e23) mem 0x80010000 0x00000001
core   0: 0x8000d56c (0xff9ff06f) j       pc - 0x8
core   0: 3 0x8000d56c (0xff9ff06f)
core   0: 0x8000d564 (0x00003f17) auipc   t5, 0x3
core   0: 3 0x8000d564 (0x00003f17) x30 0x80010564
core   0: 0x8000d568 (0xa83f2e23) sw      gp, -1380(t5)
core   0: 3 0x8000d568 (0xa83f2e23) mem 0x80010000 0x00000001
core   0: 0x8000d56c (0xff9ff06f) j       pc - 0x8
core   0: 3 0x8000d56c (0xff9ff06f)
core   0: 0x8000d564 (0x00003f17) auipc   t5, 0x3
core   0: 3 0x8000d564 (0x00003f17) x30 0x80010564
core   0: 0x8000d568 (0xa83f2e23) sw      gp, -1380(t5)
core   0: 3 0x8000d568 (0xa83f2e23) mem 0x80010000 0x00000001
core   0: 0x8000d56c (0xff9ff06f) j       pc - 0x8
core   0: 3 0x8000d56c (0xff9ff06f)
core   0: 0x8000d564 (0x00003f17) auipc   t5, 0x3
core   0: 3 0x8000d564 (0x00003f17) x30 0x80010564
core   0: 0x8000d568 (0xa83f2e23) sw      gp, -1380(t5)
core   0: 3 0x8000d568 (0xa83f2e23) mem 0x80010000 0x00000001
core   0: 0x8000d56c (0xff9ff06f) j       pc - 0x8
core   0: 3 0x8000d56c (0xff9ff06f)
core   0: 0x8000d564 (0x00003f17) auipc   t5, 0x3
core   0: 3 0x8000d564 (0x00003f17) x30 0x80010564
core   0: 0x8000d568 (0xa83f2e23) sw      gp, -1380(t5)
core   0: 3 0x8000d568 (0xa83f2e23) mem 0x80010000 0x00000001
core   0: 0x8000d56c (0xff9ff06f) j       pc - 0x8
core   0: 3 0x8000d56c (0xff9ff06f)
core   0: 0x8000d564 (0x00003f17) auipc   t5, 0x3
core   0: 3 0x8000d564 (0x00003f17) x30 0x80010564
core   0: 0x8000d568 (0xa83f2e23) sw      gp, -1380(t5)
core   0: 3 0x8000d568 (0xa83f2e23) mem 0x80010000 0x00000001
core   0: 0x8000d56c (0xff9ff06f) j       pc - 0x8
core   0: 3 0x8000d56c (0xff9ff06f)
core   0: 0x8000d564 (0x00003f17) auipc   t5, 0x3
core   0: 3 0x8000d564 (0x00003f17) x30 0x80010564
core   0: 0x8000d568 (0xa83f2e23) sw      gp, -1380(t5)
core   0: 3 0x8000d568 (0xa83f2e23) mem 0x80010000 0x00000001
core   0: 0x8000d56c (0xff9ff06f) j       pc - 0x8
core   0: 3 0x8000d56c (0xff9ff06f)
core   0: 0x8000d564 (0x00003f17) auipc   t5, 0x3
core   0: 3 0x8000d564 (0x00003f17) x30 0x80010564
core   0: 0x8000d568 (0xa83f2e23) sw      gp, -1380(t5)
core   0: 3 0x8000d568 (0xa83f2e23) mem 0x80010000 0x00000001
core   0: 0x8000d56c (0xff9ff06f) j       pc - 0x8
core   0: 3 0x8000d56c (0xff9ff06f)
core   0: 0x8000d564 (0x00003f17) auipc   t5, 0x3
core   0: 3 0x8000d564 (0x00003f17) x30 0x80010564
core   0: 0x8000d568 (0xa83f2e23) sw      gp, -1380(t5)
core   0: 3 0x8000d568 (0xa83f2e23) mem 0x80010000 0x00000001
core   0: 0x8000d56c (0xff9ff06f) j       pc - 0x8
core   0: 3 0x8000d56c (0xff9ff06f)
core   0: 0x8000d564 (0x00003f17) auipc   t5, 0x3
core   0: 3 0x8000d564 (0x00003f17) x30 0x80010564
core   0: 0x8000d568 (0xa83f2e23) sw      gp, -1380(t5)
core   0: 3 0x8000d568 (0xa83f2e23) mem 0x80010000 0x00000001
core   0: 0x8000d56c (0xff9ff06f) j       pc - 0x8
core   0: 3 0x8000d56c (0xff9ff06f)
core   0: 0x8000d564 (0x00003f17) auipc   t5, 0x3
core   0: 3 0x8000d564 (0x00003f17) x30 0x80010564
core   0: 0x8000d568 (0xa83f2e23) sw      gp, -1380(t5)
core   0: 3 0x8000d568 (0xa83f2e23) mem 0x80010000 0x00000001
core   0: 0x8000d56c (0xff9ff06f) j       pc - 0x8
core   0: 3 0x8000d56c (0xff9ff06f)
core   0: 0x8000d564 (0x00003f17) auipc   t5, 0x3
core   0: 3 0x8000d564 (0x00003f17) x30 0x80010564
core   0: 0x8000d568 (0xa83f2e23) sw      gp, -1380(t5)
core   0: 3 0x8000d568 (0xa83f2e23) mem 0x80010000 0x00000001
core   0: 0x8000d56c (0xff9ff06f) j       pc - 0x8
core   0: 3 0x8000d56c (0xff9ff06f)
core   0: 0x8000d564 (0x00003f17) auipc   t5, 0x3
core   0: 3 0x8000d564 (0x00003f17) x30 0x80010564
core   0: 0x8000d568 (0xa83f2e23) sw      gp, -1380(t5)
core   0: 3 0x8000d568 (0xa83f2e23) mem 0x80010000 0x00000001
core   0: 0x8000d56c (0xff9ff06f) j       pc - 0x8
core   0: 3 0x8000d56c (0xff9ff06f)
core   0: 0x8000d564 (0x00003f17) auipc   t5, 0x3
core   0: 3 0x8000d564 (0x00003f17) x30 0x80010564
core   0: 0x8000d568 (0xa83f2e23) sw      gp, -1380(t5)
core   0: 3 0x8000d568 (0xa83f2e23) mem 0x80010000 0x00000001
core   0: 0x8000d56c (0xff9ff06f) j       pc - 0x8
core   0: 3 0x8000d56c (0xff9ff06f)
core   0: 0x8000d564 (0x00003f17) auipc   t5, 0x3
core   0: 3 0x8000d564 (0x00003f17) x30 0x80010564
core   0: 0x8000d568 (0xa83f2e23) sw      gp, -1380(t5)
core   0: 3 0x8000d568 (0xa83f2e23) mem 0x80010000 0x00000001
core   0: 0x8000d56c (0xff9ff06f) j       pc - 0x8
core   0: 3 0x8000d56c (0xff9ff06f)
core   0: 0x8000d564 (0x00003f17) auipc   t5, 0x3
core   0: 3 0x8000d564 (0x00003f17) x30 0x80010564
core   0: 0x8000d568 (0xa83f2e23) sw      gp, -1380(t5)
core   0: 3 0x8000d568 (0xa83f2e23) mem 0x80010000 0x00000001
core   0: 0x8000d56c (0xff9ff06f) j       pc - 0x8
core   0: 3 0x8000d56c (0xff9ff06f)
core   0: 0x8000d564 (0x00003f17) auipc   t5, 0x3
core   0: 3 0x8000d564 (0x00003f17) x30 0x80010564
core   0: 0x8000d568 (0xa83f2e23) sw      gp, -1380(t5)
core   0: 3 0x8000d568 (0xa83f2e23) mem 0x80010000 0x00000001
core   0: 0x8000d56c (0xff9ff06f) j       pc - 0x8
core   0: 3 0x8000d56c (0xff9ff06f)
core   0: 0x8000d564 (0x00003f17) auipc   t5, 0x3
core   0: 3 0x8000d564 (0x00003f17) x30 0x80010564
core   0: 0x8000d568 (0xa83f2e23) sw      gp, -1380(t5)
core   0: 3 0x8000d568 (0xa83f2e23) mem 0x80010000 0x00000001
core   0: 0x8000d56c (0xff9ff06f) j       pc - 0x8
core   0: 3 0x8000d56c (0xff9ff06f)
core   0: 0x8000d564 (0x00003f17) auipc   t5, 0x3
core   0: 3 0x8000d564 (0x00003f17) x30 0x80010564
core   0: 0x8000d568 (0xa83f2e23) sw      gp, -1380(t5)
core   0: 3 0x8000d568 (0xa83f2e23) mem 0x80010000 0x00000001
core   0: 0x8000d56c (0xff9ff06f) j       pc - 0x8
core   0: 3 0x8000d56c (0xff9ff06f)
core   0: 0x8000d564 (0x00003f17) auipc   t5, 0x3
core   0: 3 0x8000d564 (0x00003f17) x30 0x80010564
core   0: 0x8000d568 (0xa83f2e23) sw      gp, -1380(t5)
core   0: 3 0x8000d568 (0xa83f2e23) mem 0x80010000 0x00000001
core   0: 0x8000d56c (0xff9ff06f) j       pc - 0x8
core   0: 3 0x8000d56c (0xff9ff06f)
core   0: 0x8000d564 (0x00003f17) auipc   t5, 0x3
core   0: 3 0x8000d564 (0x00003f17) x30 0x80010564
core   0: 0x8000d568 (0xa83f2e23) sw      gp, -1380(t5)
core   0: 3 0x8000d568 (0xa83f2e23) mem 0x80010000 0x00000001
core   0: 0x8000d56c (0xff9ff06f) j       pc - 0x8
core   0: 3 0x8000d56c (0xff9ff06f)
core   0: 0x8000d564 (0x00003f17) auipc   t5, 0x3
core   0: 3 0x8000d564 (0x00003f17) x30 0x80010564
core   0: 0x8000d568 (0xa83f2e23) sw      gp, -1380(t5)
core   0: 3 0x8000d568 (0xa83f2e23) mem 0x80010000 0x00000001
core   0: 0x8000d56c (0xff9ff06f) j       pc - 0x8
core   0: 3 0x8000d56c (0xff9ff06f)
core   0: 0x8000d564 (0x00003f17) auipc   t5, 0x3
core   0: 3 0x8000d564 (0x00003f17) x30 0x80010564
core   0: 0x8000d568 (0xa83f2e23) sw      gp, -1380(t5)
core   0: 3 0x8000d568 (0xa83f2e23) mem 0x80010000 0x00000001
core   0: 0x8000d56c (0xff9ff06f) j       pc - 0x8
core   0: 3 0x8000d56c (0xff9ff06f)
core   0: 0x8000d564 (0x00003f17) auipc   t5, 0x3
core   0: 3 0x8000d564 (0x00003f17) x30 0x80010564
core   0: 0x8000d568 (0xa83f2e23) sw      gp, -1380(t5)
core   0: 3 0x8000d568 (0xa83f2e23) mem 0x80010000 0x00000001
core   0: 0x8000d56c (0xff9ff06f) j       pc - 0x8
core   0: 3 0x8000d56c (0xff9ff06f)
core   0: 0x8000d564 (0x00003f17) auipc   t5, 0x3
core   0: 3 0x8000d564 (0x00003f17) x30 0x80010564
core   0: 0x8000d568 (0xa83f2e23) sw      gp, -1380(t5)
core   0: 3 0x8000d568 (0xa83f2e23) mem 0x80010000 0x00000001
core   0: 0x8000d56c (0xff9ff06f) j       pc - 0x8
core   0: 3 0x8000d56c (0xff9ff06f)
core   0: 0x8000d564 (0x00003f17) auipc   t5, 0x3
core   0: 3 0x8000d564 (0x00003f17) x30 0x80010564
core   0: 0x8000d568 (0xa83f2e23) sw      gp, -1380(t5)
core   0: 3 0x8000d568 (0xa83f2e23) mem 0x80010000 0x00000001
core   0: 0x8000d56c (0xff9ff06f) j       pc - 0x8
core   0: 3 0x8000d56c (0xff9ff06f)
core   0: 0x8000d564 (0x00003f17) auipc   t5, 0x3
core   0: 3 0x8000d564 (0x00003f17) x30 0x80010564
core   0: 0x8000d568 (0xa83f2e23) sw      gp, -1380(t5)
core   0: 3 0x8000d568 (0xa83f2e23) mem 0x80010000 0x00000001
core   0: 0x8000d56c (0xff9ff06f) j       pc - 0x8
core   0: 3 0x8000d56c (0xff9ff06f)
core   0: 0x8000d564 (0x00003f17) auipc   t5, 0x3
core   0: 3 0x8000d564 (0x00003f17) x30 0x80010564
core   0: 0x8000d568 (0xa83f2e23) sw      gp, -1380(t5)
core   0: 3 0x8000d568 (0xa83f2e23) mem 0x80010000 0x00000001
core   0: 0x8000d56c (0xff9ff06f) j       pc - 0x8
core   0: 3 0x8000d56c (0xff9ff06f)
core   0: 0x8000d564 (0x00003f17) auipc   t5, 0x3
core   0: 3 0x8000d564 (0x00003f17) x30 0x80010564
core   0: 0x8000d568 (0xa83f2e23) sw      gp, -1380(t5)
core   0: 3 0x8000d568 (0xa83f2e23) mem 0x80010000 0x00000001
core   0: 0x8000d56c (0xff9ff06f) j       pc - 0x8
core   0: 3 0x8000d56c (0xff9ff06f)
core   0: 0x8000d564 (0x00003f17) auipc   t5, 0x3
core   0: 3 0x8000d564 (0x00003f17) x30 0x80010564
core   0: 0x8000d568 (0xa83f2e23) sw      gp, -1380(t5)
core   0: 3 0x8000d568 (0xa83f2e23) mem 0x80010000 0x00000001
core   0: 0x8000d56c (0xff9ff06f) j       pc - 0x8
core   0: 3 0x8000d56c (0xff9ff06f)
core   0: 0x8000d564 (0x00003f17) auipc   t5, 0x3
core   0: 3 0x8000d564 (0x00003f17) x30 0x80010564
core   0: 0x8000d568 (0xa83f2e23) sw      gp, -1380(t5)
core   0: 3 0x8000d568 (0xa83f2e23) mem 0x80010000 0x00000001
core   0: 0x8000d56c (0xff9ff06f) j       pc - 0x8
core   0: 3 0x8000d56c (0xff9ff06f)
core   0: 0x8000d564 (0x00003f17) auipc   t5, 0x3
core   0: 3 0x8000d564 (0x00003f17) x30 0x80010564
core   0: 0x8000d568 (0xa83f2e23) sw      gp, -1380(t5)
core   0: 3 0x8000d568 (0xa83f2e23) mem 0x80010000 0x00000001
core   0: 0x8000d56c (0xff9ff06f) j       pc - 0x8
core   0: 3 0x8000d56c (0xff9ff06f)
core   0: 0x8000d564 (0x00003f17) auipc   t5, 0x3
core   0: 3 0x8000d564 (0x00003f17) x30 0x80010564
core   0: 0x8000d568 (0xa83f2e23) sw      gp, -1380(t5)
core   0: 3 0x8000d568 (0xa83f2e23) mem 0x80010000 0x00000001
core   0: 0x8000d56c (0xff9ff06f) j       pc - 0x8
core   0: 3 0x8000d56c (0xff9ff06f)
core   0: 0x8000d564 (0x00003f17) auipc   t5, 0x3
core   0: 3 0x8000d564 (0x00003f17) x30 0x80010564
core   0: 0x8000d568 (0xa83f2e23) sw      gp, -1380(t5)
core   0: 3 0x8000d568 (0xa83f2e23) mem 0x80010000 0x00000001
core   0: 0x8000d56c (0xff9ff06f) j       pc - 0x8
core   0: 3 0x8000d56c (0xff9ff06f)
core   0: 0x8000d564 (0x00003f17) auipc   t5, 0x3
core   0: 3 0x8000d564 (0x00003f17) x30 0x80010564
core   0: 0x8000d568 (0xa83f2e23) sw      gp, -1380(t5)
core   0: 3 0x8000d568 (0xa83f2e23) mem 0x80010000 0x00000001
core   0: 0x8000d56c (0xff9ff06f) j       pc - 0x8
core   0: 3 0x8000d56c (0xff9ff06f)
core   0: 0x8000d564 (0x00003f17) auipc   t5, 0x3
core   0: 3 0x8000d564 (0x00003f17) x30 0x80010564
core   0: 0x8000d568 (0xa83f2e23) sw      gp, -1380(t5)
core   0: 3 0x8000d568 (0xa83f2e23) mem 0x80010000 0x00000001
core   0: 0x8000d56c (0xff9ff06f) j       pc - 0x8
core   0: 3 0x8000d56c (0xff9ff06f)
core   0: 0x8000d564 (0x00003f17) auipc   t5, 0x3
core   0: 3 0x8000d564 (0x00003f17) x30 0x80010564
core   0: 0x8000d568 (0xa83f2e23) sw      gp, -1380(t5)
core   0: 3 0x8000d568 (0xa83f2e23) mem 0x80010000 0x00000001
core   0: 0x8000d56c (0xff9ff06f) j       pc - 0x8
core   0: 3 0x8000d56c (0xff9ff06f)
core   0: 0x8000d564 (0x00003f17) auipc   t5, 0x3
core   0: 3 0x8000d564 (0x00003f17) x30 0x80010564
core   0: 0x8000d568 (0xa83f2e23) sw      gp, -1380(t5)
core   0: 3 0x8000d568 (0xa83f2e23) mem 0x80010000 0x00000001
core   0: 0x8000d56c (0xff9ff06f) j       pc - 0x8
core   0: 3 0x8000d56c (0xff9ff06f)
core   0: 0x8000d564 (0x00003f17) auipc   t5, 0x3
core   0: 3 0x8000d564 (0x00003f17) x30 0x80010564
core   0: 0x8000d568 (0xa83f2e23) sw      gp, -1380(t5)
core   0: 3 0x8000d568 (0xa83f2e23) mem 0x80010000 0x00000001
core   0: 0x8000d56c (0xff9ff06f) j       pc - 0x8
core   0: 3 0x8000d56c (0xff9ff06f)
core   0: 0x8000d564 (0x00003f17) auipc   t5, 0x3
core   0: 3 0x8000d564 (0x00003f17) x30 0x80010564
core   0: 0x8000d568 (0xa83f2e23) sw      gp, -1380(t5)
core   0: 3 0x8000d568 (0xa83f2e23) mem 0x80010000 0x00000001
core   0: 0x8000d56c (0xff9ff06f) j       pc - 0x8
core   0: 3 0x8000d56c (0xff9ff06f)
core   0: 0x8000d564 (0x00003f17) auipc   t5, 0x3
core   0: 3 0x8000d564 (0x00003f17) x30 0x80010564
core   0: 0x8000d568 (0xa83f2e23) sw      gp, -1380(t5)
core   0: 3 0x8000d568 (0xa83f2e23) mem 0x80010000 0x00000001
core   0: 0x8000d56c (0xff9ff06f) j       pc - 0x8
core   0: 3 0x8000d56c (0xff9ff06f)
core   0: 0x8000d564 (0x00003f17) auipc   t5, 0x3
core   0: 3 0x8000d564 (0x00003f17) x30 0x80010564
core   0: 0x8000d568 (0xa83f2e23) sw      gp, -1380(t5)
core   0: 3 0x8000d568 (0xa83f2e23) mem 0x80010000 0x00000001
core   0: 0x8000d56c (0xff9ff06f) j       pc - 0x8
core   0: 3 0x8000d56c (0xff9ff06f)
core   0: 0x8000d564 (0x00003f17) auipc   t5, 0x3
core   0: 3 0x8000d564 (0x00003f17) x30 0x80010564
core   0: 0x8000d568 (0xa83f2e23) sw      gp, -1380(t5)
core   0: 3 0x8000d568 (0xa83f2e23) mem 0x80010000 0x00000001
core   0: 0x8000d56c (0xff9ff06f) j       pc - 0x8
core   0: 3 0x8000d56c (0xff9ff06f)
core   0: 0x8000d564 (0x00003f17) auipc   t5, 0x3
core   0: 3 0x8000d564 (0x00003f17) x30 0x80010564
core   0: 0x8000d568 (0xa83f2e23) sw      gp, -1380(t5)
core   0: 3 0x8000d568 (0xa83f2e23) mem 0x80010000 0x00000001
core   0: 0x8000d56c (0xff9ff06f) j       pc - 0x8
core   0: 3 0x8000d56c (0xff9ff06f)
core   0: 0x8000d564 (0x00003f17) auipc   t5, 0x3
core   0: 3 0x8000d564 (0x00003f17) x30 0x80010564
core   0: 0x8000d568 (0xa83f2e23) sw      gp, -1380(t5)
core   0: 3 0x8000d568 (0xa83f2e23) mem 0x80010000 0x00000001
core   0: 0x8000d56c (0xff9ff06f) j       pc - 0x8
core   0: 3 0x8000d56c (0xff9ff06f)
core   0: 0x8000d564 (0x00003f17) auipc   t5, 0x3
core   0: 3 0x8000d564 (0x00003f17) x30 0x80010564
core   0: 0x8000d568 (0xa83f2e23) sw      gp, -1380(t5)
core   0: 3 0x8000d568 (0xa83f2e23) mem 0x80010000 0x00000001
core   0: 0x8000d56c (0xff9ff06f) j       pc - 0x8
core   0: 3 0x8000d56c (0xff9ff06f)
core   0: 0x8000d564 (0x00003f17) auipc   t5, 0x3
core   0: 3 0x8000d564 (0x00003f17) x30 0x80010564
core   0: 0x8000d568 (0xa83f2e23) sw      gp, -1380(t5)
core   0: 3 0x8000d568 (0xa83f2e23) mem 0x80010000 0x00000001
core   0: 0x8000d56c (0xff9ff06f) j       pc - 0x8
core   0: 3 0x8000d56c (0xff9ff06f)
core   0: 0x8000d564 (0x00003f17) auipc   t5, 0x3
core   0: 3 0x8000d564 (0x00003f17) x30 0x80010564
core   0: 0x8000d568 (0xa83f2e23) sw      gp, -1380(t5)
core   0: 3 0x8000d568 (0xa83f2e23) mem 0x80010000 0x00000001
core   0: 0x8000d56c (0xff9ff06f) j       pc - 0x8
core   0: 3 0x8000d56c (0xff9ff06f)
core   0: 0x8000d564 (0x00003f17) auipc   t5, 0x3
core   0: 3 0x8000d564 (0x00003f17) x30 0x80010564
core   0: 0x8000d568 (0xa83f2e23) sw      gp, -1380(t5)
core   0: 3 0x8000d568 (0xa83f2e23) mem 0x80010000 0x00000001
core   0: 0x8000d56c (0xff9ff06f) j       pc - 0x8
core   0: 3 0x8000d56c (0xff9ff06f)
core   0: 0x8000d564 (0x00003f17) auipc   t5, 0x3
core   0: 3 0x8000d564 (0x00003f17) x30 0x80010564
core   0: 0x8000d568 (0xa83f2e23) sw      gp, -1380(t5)
core   0: 3 0x8000d568 (0xa83f2e23) mem 0x80010000 0x00000001
core   0: 0x8000d56c (0xff9ff06f) j       pc - 0x8
core   0: 3 0x8000d56c (0xff9ff06f)
core   0: 0x8000d564 (0x00003f17) auipc   t5, 0x3
core   0: 3 0x8000d564 (0x00003f17) x30 0x80010564
core   0: 0x8000d568 (0xa83f2e23) sw      gp, -1380(t5)
core   0: 3 0x8000d568 (0xa83f2e23) mem 0x80010000 0x00000001
core   0: 0x8000d56c (0xff9ff06f) j       pc - 0x8
core   0: 3 0x8000d56c (0xff9ff06f)
core   0: 0x8000d564 (0x00003f17) auipc   t5, 0x3
core   0: 3 0x8000d564 (0x00003f17) x30 0x80010564
core   0: 0x8000d568 (0xa83f2e23) sw      gp, -1380(t5)
core   0: 3 0x8000d568 (0xa83f2e23) mem 0x80010000 0x00000001
core   0: 0x8000d56c (0xff9ff06f) j       pc - 0x8
core   0: 3 0x8000d56c (0xff9ff06f)
core   0: 0x8000d564 (0x00003f17) auipc   t5, 0x3
core   0: 3 0x8000d564 (0x00003f17) x30 0x80010564
core   0: 0x8000d568 (0xa83f2e23) sw      gp, -1380(t5)
core   0: 3 0x8000d568 (0xa83f2e23) mem 0x80010000 0x00000001
core   0: 0x8000d56c (0xff9ff06f) j       pc - 0x8
core   0: 3 0x8000d56c (0xff9ff06f)
core   0: 0x8000d564 (0x00003f17) auipc   t5, 0x3
core   0: 3 0x8000d564 (0x00003f17) x30 0x80010564
core   0: 0x8000d568 (0xa83f2e23) sw      gp, -1380(t5)
core   0: 3 0x8000d568 (0xa83f2e23) mem 0x80010000 0x00000001
core   0: 0x8000d56c (0xff9ff06f) j       pc - 0x8
core   0: 3 0x8000d56c (0xff9ff06f)
core   0: 0x8000d564 (0x00003f17) auipc   t5, 0x3
core   0: 3 0x8000d564 (0x00003f17) x30 0x80010564
core   0: 0x8000d568 (0xa83f2e23) sw      gp, -1380(t5)
core   0: 3 0x8000d568 (0xa83f2e23) mem 0x80010000 0x00000001
core   0: 0x8000d56c (0xff9ff06f) j       pc - 0x8
core   0: 3 0x8000d56c (0xff9ff06f)
core   0: 0x8000d564 (0x00003f17) auipc   t5, 0x3
core   0: 3 0x8000d564 (0x00003f17) x30 0x80010564
core   0: 0x8000d568 (0xa83f2e23) sw      gp, -1380(t5)
core   0: 3 0x8000d568 (0xa83f2e23) mem 0x80010000 0x00000001
core   0: 0x8000d56c (0xff9ff06f) j       pc - 0x8
core   0: 3 0x8000d56c (0xff9ff06f)
core   0: 0x8000d564 (0x00003f17) auipc   t5, 0x3
core   0: 3 0x8000d564 (0x00003f17) x30 0x80010564
core   0: 0x8000d568 (0xa83f2e23) sw      gp, -1380(t5)
core   0: 3 0x8000d568 (0xa83f2e23) mem 0x80010000 0x00000001
core   0: 0x8000d56c (0xff9ff06f) j       pc - 0x8
core   0: 3 0x8000d56c (0xff9ff06f)
core   0: 0x8000d564 (0x00003f17) auipc   t5, 0x3
core   0: 3 0x8000d564 (0x00003f17) x30 0x80010564
core   0: 0x8000d568 (0xa83f2e23) sw      gp, -1380(t5)
core   0: 3 0x8000d568 (0xa83f2e23) mem 0x80010000 0x00000001
core   0: 0x8000d56c (0xff9ff06f) j       pc - 0x8
core   0: 3 0x8000d56c (0xff9ff06f)
core   0: 0x8000d564 (0x00003f17) auipc   t5, 0x3
core   0: 3 0x8000d564 (0x00003f17) x30 0x80010564
core   0: 0x8000d568 (0xa83f2e23) sw      gp, -1380(t5)
core   0: 3 0x8000d568 (0xa83f2e23) mem 0x80010000 0x00000001
core   0: 0x8000d56c (0xff9ff06f) j       pc - 0x8
core   0: 3 0x8000d56c (0xff9ff06f)
core   0: 0x8000d564 (0x00003f17) auipc   t5, 0x3
core   0: 3 0x8000d564 (0x00003f17) x30 0x80010564
core   0: 0x8000d568 (0xa83f2e23) sw      gp, -1380(t5)
core   0: 3 0x8000d568 (0xa83f2e23) mem 0x80010000 0x00000001
core   0: 0x8000d56c (0xff9ff06f) j       pc - 0x8
core   0: 3 0x8000d56c (0xff9ff06f)
core   0: 0x8000d564 (0x00003f17) auipc   t5, 0x3
core   0: 3 0x8000d564 (0x00003f17) x30 0x80010564
core   0: 0x8000d568 (0xa83f2e23) sw      gp, -1380(t5)
core   0: 3 0x8000d568 (0xa83f2e23) mem 0x80010000 0x00000001
core   0: 0x8000d56c (0xff9ff06f) j       pc - 0x8
core   0: 3 0x8000d56c (0xff9ff06f)
core   0: 0x8000d564 (0x00003f17) auipc   t5, 0x3
core   0: 3 0x8000d564 (0x00003f17) x30 0x80010564
core   0: 0x8000d568 (0xa83f2e23) sw      gp, -1380(t5)
core   0: 3 0x8000d568 (0xa83f2e23) mem 0x80010000 0x00000001
core   0: 0x8000d56c (0xff9ff06f) j       pc - 0x8
core   0: 3 0x8000d56c (0xff9ff06f)
core   0: 0x8000d564 (0x00003f17) auipc   t5, 0x3
core   0: 3 0x8000d564 (0x00003f17) x30 0x80010564
core   0: 0x8000d568 (0xa83f2e23) sw      gp, -1380(t5)
core   0: 3 0x8000d568 (0xa83f2e23) mem 0x80010000 0x00000001
core   0: 0x8000d56c (0xff9ff06f) j       pc - 0x8
core   0: 3 0x8000d56c (0xff9ff06f)
core   0: 0x8000d564 (0x00003f17) auipc   t5, 0x3
core   0: 3 0x8000d564 (0x00003f17) x30 0x80010564
core   0: 0x8000d568 (0xa83f2e23) sw      gp, -1380(t5)
core   0: 3 0x8000d568 (0xa83f2e23) mem 0x80010000 0x00000001
core   0: 0x8000d56c (0xff9ff06f) j       pc - 0x8
core   0: 3 0x8000d56c (0xff9ff06f)
core   0: 0x8000d564 (0x00003f17) auipc   t5, 0x3
core   0: 3 0x8000d564 (0x00003f17) x30 0x80010564
core   0: 0x8000d568 (0xa83f2e23) sw      gp, -1380(t5)
core   0: 3 0x8000d568 (0xa83f2e23) mem 0x80010000 0x00000001
core   0: 0x8000d56c (0xff9ff06f) j       pc - 0x8
core   0: 3 0x8000d56c (0xff9ff06f)
core   0: 0x8000d564 (0x00003f17) auipc   t5, 0x3
core   0: 3 0x8000d564 (0x00003f17) x30 0x80010564
core   0: 0x8000d568 (0xa83f2e23) sw      gp, -1380(t5)
core   0: 3 0x8000d568 (0xa83f2e23) mem 0x80010000 0x00000001
core   0: 0x8000d56c (0xff9ff06f) j       pc - 0x8
core   0: 3 0x8000d56c (0xff9ff06f)
core   0: 0x8000d564 (0x00003f17) auipc   t5, 0x3
core   0: 3 0x8000d564 (0x00003f17) x30 0x80010564
core   0: 0x8000d568 (0xa83f2e23) sw      gp, -1380(t5)
core   0: 3 0x8000d568 (0xa83f2e23) mem 0x80010000 0x00000001
core   0: 0x8000d56c (0xff9ff06f) j       pc - 0x8
core   0: 3 0x8000d56c (0xff9ff06f)
core   0: 0x8000d564 (0x00003f17) auipc   t5, 0x3
core   0: 3 0x8000d564 (0x00003f17) x30 0x80010564
core   0: 0x8000d568 (0xa83f2e23) sw      gp, -1380(t5)
core   0: 3 0x8000d568 (0xa83f2e23) mem 0x80010000 0x00000001
core   0: 0x8000d56c (0xff9ff06f) j       pc - 0x8
core   0: 3 0x8000d56c (0xff9ff06f)
core   0: 0x8000d564 (0x00003f17) auipc   t5, 0x3
core   0: 3 0x8000d564 (0x00003f17) x30 0x80010564
core   0: 0x8000d568 (0xa83f2e23) sw      gp, -1380(t5)
core   0: 3 0x8000d568 (0xa83f2e23) mem 0x80010000 0x00000001
core   0: 0x8000d56c (0xff9ff06f) j       pc - 0x8
core   0: 3 0x8000d56c (0xff9ff06f)
core   0: 0x8000d564 (0x00003f17) auipc   t5, 0x3
core   0: 3 0x8000d564 (0x00003f17) x30 0x80010564
core   0: 0x8000d568 (0xa83f2e23) sw      gp, -1380(t5)
core   0: 3 0x8000d568 (0xa83f2e23) mem 0x80010000 0x00000001
core   0: 0x8000d56c (0xff9ff06f) j       pc - 0x8
core   0: 3 0x8000d56c (0xff9ff06f)
core   0: 0x8000d564 (0x00003f17) auipc   t5, 0x3
core   0: 3 0x8000d564 (0x00003f17) x30 0x80010564
core   0: 0x8000d568 (0xa83f2e23) sw      gp, -1380(t5)
core   0: 3 0x8000d568 (0xa83f2e23) mem 0x80010000 0x00000001
core   0: 0x8000d56c (0xff9ff06f) j       pc - 0x8
core   0: 3 0x8000d56c (0xff9ff06f)
core   0: 0x8000d564 (0x00003f17) auipc   t5, 0x3
core   0: 3 0x8000d564 (0x00003f17) x30 0x80010564
core   0: 0x8000d568 (0xa83f2e23) sw      gp, -1380(t5)
core   0: 3 0x8000d568 (0xa83f2e23) mem 0x80010000 0x00000001
core   0: 0x8000d56c (0xff9ff06f) j       pc - 0x8
core   0: 3 0x8000d56c (0xff9ff06f)
core   0: 0x8000d564 (0x00003f17) auipc   t5, 0x3
core   0: 3 0x8000d564 (0x00003f17) x30 0x80010564
core   0: 0x8000d568 (0xa83f2e23) sw      gp, -1380(t5)
core   0: 3 0x8000d568 (0xa83f2e23) mem 0x80010000 0x00000001
core   0: 0x8000d56c (0xff9ff06f) j       pc - 0x8
core   0: 3 0x8000d56c (0xff9ff06f)
core   0: 0x8000d564 (0x00003f17) auipc   t5, 0x3
core   0: 3 0x8000d564 (0x00003f17) x30 0x80010564
core   0: 0x8000d568 (0xa83f2e23) sw      gp, -1380(t5)
core   0: 3 0x8000d568 (0xa83f2e23) mem 0x80010000 0x00000001
core   0: 0x8000d56c (0xff9ff06f) j       pc - 0x8
core   0: 3 0x8000d56c (0xff9ff06f)
core   0: 0x8000d564 (0x00003f17) auipc   t5, 0x3
core   0: 3 0x8000d564 (0x00003f17) x30 0x80010564
core   0: 0x8000d568 (0xa83f2e23) sw      gp, -1380(t5)
core   0: 3 0x8000d568 (0xa83f2e23) mem 0x80010000 0x00000001
core   0: 0x8000d56c (0xff9ff06f) j       pc - 0x8
core   0: 3 0x8000d56c (0xff9ff06f)
core   0: 0x8000d564 (0x00003f17) auipc   t5, 0x3
core   0: 3 0x8000d564 (0x00003f17) x30 0x80010564
core   0: 0x8000d568 (0xa83f2e23) sw      gp, -1380(t5)
core   0: 3 0x8000d568 (0xa83f2e23) mem 0x80010000 0x00000001
core   0: 0x8000d56c (0xff9ff06f) j       pc - 0x8
core   0: 3 0x8000d56c (0xff9ff06f)
core   0: 0x8000d564 (0x00003f17) auipc   t5, 0x3
core   0: 3 0x8000d564 (0x00003f17) x30 0x80010564
core   0: 0x8000d568 (0xa83f2e23) sw      gp, -1380(t5)
core   0: 3 0x8000d568 (0xa83f2e23) mem 0x80010000 0x00000001
core   0: 0x8000d56c (0xff9ff06f) j       pc - 0x8
core   0: 3 0x8000d56c (0xff9ff06f)
core   0: 0x8000d564 (0x00003f17) auipc   t5, 0x3
core   0: 3 0x8000d564 (0x00003f17) x30 0x80010564
core   0: 0x8000d568 (0xa83f2e23) sw      gp, -1380(t5)
core   0: 3 0x8000d568 (0xa83f2e23) mem 0x80010000 0x00000001
core   0: 0x8000d56c (0xff9ff06f) j       pc - 0x8
core   0: 3 0x8000d56c (0xff9ff06f)
core   0: 0x8000d564 (0x00003f17) auipc   t5, 0x3
core   0: 3 0x8000d564 (0x00003f17) x30 0x80010564
core   0: 0x8000d568 (0xa83f2e23) sw      gp, -1380(t5)
core   0: 3 0x8000d568 (0xa83f2e23) mem 0x80010000 0x00000001
core   0: 0x8000d56c (0xff9ff06f) j       pc - 0x8
core   0: 3 0x8000d56c (0xff9ff06f)
core   0: 0x8000d564 (0x00003f17) auipc   t5, 0x3
core   0: 3 0x8000d564 (0x00003f17) x30 0x80010564
core   0: 0x8000d568 (0xa83f2e23) sw      gp, -1380(t5)
core   0: 3 0x8000d568 (0xa83f2e23) mem 0x80010000 0x00000001
core   0: 0x8000d56c (0xff9ff06f) j       pc - 0x8
core   0: 3 0x8000d56c (0xff9ff06f)
core   0: 0x8000d564 (0x00003f17) auipc   t5, 0x3
core   0: 3 0x8000d564 (0x00003f17) x30 0x80010564
core   0: 0x8000d568 (0xa83f2e23) sw      gp, -1380(t5)
core   0: 3 0x8000d568 (0xa83f2e23) mem 0x80010000 0x00000001
core   0: 0x8000d56c (0xff9ff06f) j       pc - 0x8
core   0: 3 0x8000d56c (0xff9ff06f)
core   0: 0x8000d564 (0x00003f17) auipc   t5, 0x3
core   0: 3 0x8000d564 (0x00003f17) x30 0x80010564
core   0: 0x8000d568 (0xa83f2e23) sw      gp, -1380(t5)
core   0: 3 0x8000d568 (0xa83f2e23) mem 0x80010000 0x00000001
core   0: 0x8000d56c (0xff9ff06f) j       pc - 0x8
core   0: 3 0x8000d56c (0xff9ff06f)
core   0: 0x8000d564 (0x00003f17) auipc   t5, 0x3
core   0: 3 0x8000d564 (0x00003f17) x30 0x80010564
core   0: 0x8000d568 (0xa83f2e23) sw      gp, -1380(t5)
core   0: 3 0x8000d568 (0xa83f2e23) mem 0x80010000 0x00000001
core   0: 0x8000d56c (0xff9ff06f) j       pc - 0x8
core   0: 3 0x8000d56c (0xff9ff06f)
core   0: 0x8000d564 (0x00003f17) auipc   t5, 0x3
core   0: 3 0x8000d564 (0x00003f17) x30 0x80010564
core   0: 0x8000d568 (0xa83f2e23) sw      gp, -1380(t5)
core   0: 3 0x8000d568 (0xa83f2e23) mem 0x80010000 0x00000001
core   0: 0x8000d56c (0xff9ff06f) j       pc - 0x8
core   0: 3 0x8000d56c (0xff9ff06f)
core   0: 0x8000d564 (0x00003f17) auipc   t5, 0x3
core   0: 3 0x8000d564 (0x00003f17) x30 0x80010564
core   0: 0x8000d568 (0xa83f2e23) sw      gp, -1380(t5)
core   0: 3 0x8000d568 (0xa83f2e23) mem 0x80010000 0x00000001
core   0: 0x8000d56c (0xff9ff06f) j       pc - 0x8
core   0: 3 0x8000d56c (0xff9ff06f)
core   0: 0x8000d564 (0x00003f17) auipc   t5, 0x3
core   0: 3 0x8000d564 (0x00003f17) x30 0x80010564
core   0: 0x8000d568 (0xa83f2e23) sw      gp, -1380(t5)
core   0: 3 0x8000d568 (0xa83f2e23) mem 0x80010000 0x00000001
core   0: 0x8000d56c (0xff9ff06f) j       pc - 0x8
core   0: 3 0x8000d56c (0xff9ff06f)
core   0: 0x8000d564 (0x00003f17) auipc   t5, 0x3
core   0: 3 0x8000d564 (0x00003f17) x30 0x80010564
core   0: 0x8000d568 (0xa83f2e23) sw      gp, -1380(t5)
core   0: 3 0x8000d568 (0xa83f2e23) mem 0x80010000 0x00000001
core   0: 0x8000d56c (0xff9ff06f) j       pc - 0x8
core   0: 3 0x8000d56c (0xff9ff06f)
core   0: 0x8000d564 (0x00003f17) auipc   t5, 0x3
core   0: 3 0x8000d564 (0x00003f17) x30 0x80010564
core   0: 0x8000d568 (0xa83f2e23) sw      gp, -1380(t5)
core   0: 3 0x8000d568 (0xa83f2e23) mem 0x80010000 0x00000001
core   0: 0x8000d56c (0xff9ff06f) j       pc - 0x8
core   0: 3 0x8000d56c (0xff9ff06f)
core   0: 0x8000d564 (0x00003f17) auipc   t5, 0x3
core   0: 3 0x8000d564 (0x00003f17) x30 0x80010564
core   0: 0x8000d568 (0xa83f2e23) sw      gp, -1380(t5)
core   0: 3 0x8000d568 (0xa83f2e23) mem 0x80010000 0x00000001
core   0: 0x8000d56c (0xff9ff06f) j       pc - 0x8
core   0: 3 0x8000d56c (0xff9ff06f)
core   0: 0x8000d564 (0x00003f17) auipc   t5, 0x3
core   0: 3 0x8000d564 (0x00003f17) x30 0x80010564
core   0: 0x8000d568 (0xa83f2e23) sw      gp, -1380(t5)
core   0: 3 0x8000d568 (0xa83f2e23) mem 0x80010000 0x00000001
core   0: 0x8000d56c (0xff9ff06f) j       pc - 0x8
core   0: 3 0x8000d56c (0xff9ff06f)
core   0: 0x8000d564 (0x00003f17) auipc   t5, 0x3
core   0: 3 0x8000d564 (0x00003f17) x30 0x80010564
core   0: 0x8000d568 (0xa83f2e23) sw      gp, -1380(t5)
core   0: 3 0x8000d568 (0xa83f2e23) mem 0x80010000 0x00000001
core   0: 0x8000d56c (0xff9ff06f) j       pc - 0x8
core   0: 3 0x8000d56c (0xff9ff06f)
core   0: 0x8000d564 (0x00003f17) auipc   t5, 0x3
core   0: 3 0x8000d564 (0x00003f17) x30 0x80010564
core   0: 0x8000d568 (0xa83f2e23) sw      gp, -1380(t5)
core   0: 3 0x8000d568 (0xa83f2e23) mem 0x80010000 0x00000001
core   0: 0x8000d56c (0xff9ff06f) j       pc - 0x8
core   0: 3 0x8000d56c (0xff9ff06f)
core   0: 0x8000d564 (0x00003f17) auipc   t5, 0x3
core   0: 3 0x8000d564 (0x00003f17) x30 0x80010564
core   0: 0x8000d568 (0xa83f2e23) sw      gp, -1380(t5)
core   0: 3 0x8000d568 (0xa83f2e23) mem 0x80010000 0x00000001
core   0: 0x8000d56c (0xff9ff06f) j       pc - 0x8
core   0: 3 0x8000d56c (0xff9ff06f)
core   0: 0x8000d564 (0x00003f17) auipc   t5, 0x3
core   0: 3 0x8000d564 (0x00003f17) x30 0x80010564
core   0: 0x8000d568 (0xa83f2e23) sw      gp, -1380(t5)
core   0: 3 0x8000d568 (0xa83f2e23) mem 0x80010000 0x00000001
core   0: 0x8000d56c (0xff9ff06f) j       pc - 0x8
core   0: 3 0x8000d56c (0xff9ff06f)
core   0: 0x8000d564 (0x00003f17) auipc   t5, 0x3
core   0: 3 0x8000d564 (0x00003f17) x30 0x80010564
core   0: 0x8000d568 (0xa83f2e23) sw      gp, -1380(t5)
core   0: 3 0x8000d568 (0xa83f2e23) mem 0x80010000 0x00000001
core   0: 0x8000d56c (0xff9ff06f) j       pc - 0x8
core   0: 3 0x8000d56c (0xff9ff06f)
core   0: 0x8000d564 (0x00003f17) auipc   t5, 0x3
core   0: 3 0x8000d564 (0x00003f17) x30 0x80010564
core   0: 0x8000d568 (0xa83f2e23) sw      gp, -1380(t5)
core   0: 3 0x8000d568 (0xa83f2e23) mem 0x80010000 0x00000001
core   0: 0x8000d56c (0xff9ff06f) j       pc - 0x8
core   0: 3 0x8000d56c (0xff9ff06f)
core   0: 0x8000d564 (0x00003f17) auipc   t5, 0x3
core   0: 3 0x8000d564 (0x00003f17) x30 0x80010564
core   0: 0x8000d568 (0xa83f2e23) sw      gp, -1380(t5)
core   0: 3 0x8000d568 (0xa83f2e23) mem 0x80010000 0x00000001
core   0: 0x8000d56c (0xff9ff06f) j       pc - 0x8
core   0: 3 0x8000d56c (0xff9ff06f)
core   0: 0x8000d564 (0x00003f17) auipc   t5, 0x3
core   0: 3 0x8000d564 (0x00003f17) x30 0x80010564
core   0: 0x8000d568 (0xa83f2e23) sw      gp, -1380(t5)
core   0: 3 0x8000d568 (0xa83f2e23) mem 0x80010000 0x00000001
core   0: 0x8000d56c (0xff9ff06f) j       pc - 0x8
core   0: 3 0x8000d56c (0xff9ff06f)
core   0: 0x8000d564 (0x00003f17) auipc   t5, 0x3
core   0: 3 0x8000d564 (0x00003f17) x30 0x80010564
core   0: 0x8000d568 (0xa83f2e23) sw      gp, -1380(t5)
core   0: 3 0x8000d568 (0xa83f2e23) mem 0x80010000 0x00000001
core   0: 0x8000d56c (0xff9ff06f) j       pc - 0x8
core   0: 3 0x8000d56c (0xff9ff06f)
core   0: 0x8000d564 (0x00003f17) auipc   t5, 0x3
core   0: 3 0x8000d564 (0x00003f17) x30 0x80010564
core   0: 0x8000d568 (0xa83f2e23) sw      gp, -1380(t5)
core   0: 3 0x8000d568 (0xa83f2e23) mem 0x80010000 0x00000001
core   0: 0x8000d56c (0xff9ff06f) j       pc - 0x8
core   0: 3 0x8000d56c (0xff9ff06f)
core   0: 0x8000d564 (0x00003f17) auipc   t5, 0x3
core   0: 3 0x8000d564 (0x00003f17) x30 0x80010564
core   0: 0x8000d568 (0xa83f2e23) sw      gp, -1380(t5)
core   0: 3 0x8000d568 (0xa83f2e23) mem 0x80010000 0x00000001
core   0: 0x8000d56c (0xff9ff06f) j       pc - 0x8
core   0: 3 0x8000d56c (0xff9ff06f)
core   0: 0x8000d564 (0x00003f17) auipc   t5, 0x3
core   0: 3 0x8000d564 (0x00003f17) x30 0x80010564
core   0: 0x8000d568 (0xa83f2e23) sw      gp, -1380(t5)
core   0: 3 0x8000d568 (0xa83f2e23) mem 0x80010000 0x00000001
core   0: 0x8000d56c (0xff9ff06f) j       pc - 0x8
core   0: 3 0x8000d56c (0xff9ff06f)
core   0: 0x8000d564 (0x00003f17) auipc   t5, 0x3
core   0: 3 0x8000d564 (0x00003f17) x30 0x80010564
core   0: 0x8000d568 (0xa83f2e23) sw      gp, -1380(t5)
core   0: 3 0x8000d568 (0xa83f2e23) mem 0x80010000 0x00000001
core   0: 0x8000d56c (0xff9ff06f) j       pc - 0x8
core   0: 3 0x8000d56c (0xff9ff06f)
core   0: 0x8000d564 (0x00003f17) auipc   t5, 0x3
core   0: 3 0x8000d564 (0x00003f17) x30 0x80010564
core   0: 0x8000d568 (0xa83f2e23) sw      gp, -1380(t5)
core   0: 3 0x8000d568 (0xa83f2e23) mem 0x80010000 0x00000001
core   0: 0x8000d56c (0xff9ff06f) j       pc - 0x8
core   0: 3 0x8000d56c (0xff9ff06f)
core   0: 0x8000d564 (0x00003f17) auipc   t5, 0x3
core   0: 3 0x8000d564 (0x00003f17) x30 0x80010564
core   0: 0x8000d568 (0xa83f2e23) sw      gp, -1380(t5)
core   0: 3 0x8000d568 (0xa83f2e23) mem 0x80010000 0x00000001
core   0: 0x8000d56c (0xff9ff06f) j       pc - 0x8
core   0: 3 0x8000d56c (0xff9ff06f)
core   0: 0x8000d564 (0x00003f17) auipc   t5, 0x3
core   0: 3 0x8000d564 (0x00003f17) x30 0x80010564
core   0: 0x8000d568 (0xa83f2e23) sw      gp, -1380(t5)
core   0: 3 0x8000d568 (0xa83f2e23) mem 0x80010000 0x00000001
core   0: 0x8000d56c (0xff9ff06f) j       pc - 0x8
core   0: 3 0x8000d56c (0xff9ff06f)
core   0: 0x8000d564 (0x00003f17) auipc   t5, 0x3
core   0: 3 0x8000d564 (0x00003f17) x30 0x80010564
core   0: 0x8000d568 (0xa83f2e23) sw      gp, -1380(t5)
core   0: 3 0x8000d568 (0xa83f2e23) mem 0x80010000 0x00000001
core   0: 0x8000d56c (0xff9ff06f) j       pc - 0x8
core   0: 3 0x8000d56c (0xff9ff06f)
core   0: 0x8000d564 (0x00003f17) auipc   t5, 0x3
core   0: 3 0x8000d564 (0x00003f17) x30 0x80010564
core   0: 0x8000d568 (0xa83f2e23) sw      gp, -1380(t5)
core   0: 3 0x8000d568 (0xa83f2e23) mem 0x80010000 0x00000001
core   0: 0x8000d56c (0xff9ff06f) j       pc - 0x8
core   0: 3 0x8000d56c (0xff9ff06f)
core   0: 0x8000d564 (0x00003f17) auipc   t5, 0x3
core   0: 3 0x8000d564 (0x00003f17) x30 0x80010564
core   0: 0x8000d568 (0xa83f2e23) sw      gp, -1380(t5)
core   0: 3 0x8000d568 (0xa83f2e23) mem 0x80010000 0x00000001
core   0: 0x8000d56c (0xff9ff06f) j       pc - 0x8
core   0: 3 0x8000d56c (0xff9ff06f)
core   0: 0x8000d564 (0x00003f17) auipc   t5, 0x3
core   0: 3 0x8000d564 (0x00003f17) x30 0x80010564
core   0: 0x8000d568 (0xa83f2e23) sw      gp, -1380(t5)
core   0: 3 0x8000d568 (0xa83f2e23) mem 0x80010000 0x00000001
core   0: 0x8000d56c (0xff9ff06f) j       pc - 0x8
core   0: 3 0x8000d56c (0xff9ff06f)
core   0: 0x8000d564 (0x00003f17) auipc   t5, 0x3
core   0: 3 0x8000d564 (0x00003f17) x30 0x80010564
core   0: 0x8000d568 (0xa83f2e23) sw      gp, -1380(t5)
core   0: 3 0x8000d568 (0xa83f2e23) mem 0x80010000 0x00000001
core   0: 0x8000d56c (0xff9ff06f) j       pc - 0x8
core   0: 3 0x8000d56c (0xff9ff06f)
core   0: 0x8000d564 (0x00003f17) auipc   t5, 0x3
core   0: 3 0x8000d564 (0x00003f17) x30 0x80010564
core   0: 0x8000d568 (0xa83f2e23) sw      gp, -1380(t5)
core   0: 3 0x8000d568 (0xa83f2e23) mem 0x80010000 0x00000001
core   0: 0x8000d56c (0xff9ff06f) j       pc - 0x8
core   0: 3 0x8000d56c (0xff9ff06f)
core   0: 0x8000d564 (0x00003f17) auipc   t5, 0x3
core   0: 3 0x8000d564 (0x00003f17) x30 0x80010564
core   0: 0x8000d568 (0xa83f2e23) sw      gp, -1380(t5)
core   0: 3 0x8000d568 (0xa83f2e23) mem 0x80010000 0x00000001
core   0: 0x8000d56c (0xff9ff06f) j       pc - 0x8
core   0: 3 0x8000d56c (0xff9ff06f)
core   0: 0x8000d564 (0x00003f17) auipc   t5, 0x3
core   0: 3 0x8000d564 (0x00003f17) x30 0x80010564
core   0: 0x8000d568 (0xa83f2e23) sw      gp, -1380(t5)
core   0: 3 0x8000d568 (0xa83f2e23) mem 0x80010000 0x00000001
core   0: 0x8000d56c (0xff9ff06f) j       pc - 0x8
core   0: 3 0x8000d56c (0xff9ff06f)
core   0: 0x8000d564 (0x00003f17) auipc   t5, 0x3
core   0: 3 0x8000d564 (0x00003f17) x30 0x80010564
core   0: 0x8000d568 (0xa83f2e23) sw      gp, -1380(t5)
core   0: 3 0x8000d568 (0xa83f2e23) mem 0x80010000 0x00000001
core   0: 0x8000d56c (0xff9ff06f) j       pc - 0x8
core   0: 3 0x8000d56c (0xff9ff06f)
core   0: 0x8000d564 (0x00003f17) auipc   t5, 0x3
core   0: 3 0x8000d564 (0x00003f17) x30 0x80010564
core   0: 0x8000d568 (0xa83f2e23) sw      gp, -1380(t5)
core   0: 3 0x8000d568 (0xa83f2e23) mem 0x80010000 0x00000001
core   0: 0x8000d56c (0xff9ff06f) j       pc - 0x8
core   0: 3 0x8000d56c (0xff9ff06f)
core   0: 0x8000d564 (0x00003f17) auipc   t5, 0x3
core   0: 3 0x8000d564 (0x00003f17) x30 0x80010564
core   0: 0x8000d568 (0xa83f2e23) sw      gp, -1380(t5)
core   0: 3 0x8000d568 (0xa83f2e23) mem 0x80010000 0x00000001
core   0: 0x8000d56c (0xff9ff06f) j       pc - 0x8
core   0: 3 0x8000d56c (0xff9ff06f)
core   0: 0x8000d564 (0x00003f17) auipc   t5, 0x3
core   0: 3 0x8000d564 (0x00003f17) x30 0x80010564
core   0: 0x8000d568 (0xa83f2e23) sw      gp, -1380(t5)
core   0: 3 0x8000d568 (0xa83f2e23) mem 0x80010000 0x00000001
core   0: 0x8000d56c (0xff9ff06f) j       pc - 0x8
core   0: 3 0x8000d56c (0xff9ff06f)
core   0: 0x8000d564 (0x00003f17) auipc   t5, 0x3
core   0: 3 0x8000d564 (0x00003f17) x30 0x80010564
core   0: 0x8000d568 (0xa83f2e23) sw      gp, -1380(t5)
core   0: 3 0x8000d568 (0xa83f2e23) mem 0x80010000 0x00000001
core   0: 0x8000d56c (0xff9ff06f) j       pc - 0x8
core   0: 3 0x8000d56c (0xff9ff06f)
core   0: 0x8000d564 (0x00003f17) auipc   t5, 0x3
core   0: 3 0x8000d564 (0x00003f17) x30 0x80010564
core   0: 0x8000d568 (0xa83f2e23) sw      gp, -1380(t5)
core   0: 3 0x8000d568 (0xa83f2e23) mem 0x80010000 0x00000001
core   0: 0x8000d56c (0xff9ff06f) j       pc - 0x8
core   0: 3 0x8000d56c (0xff9ff06f)
core   0: 0x8000d564 (0x00003f17) auipc   t5, 0x3
core   0: 3 0x8000d564 (0x00003f17) x30 0x80010564
core   0: 0x8000d568 (0xa83f2e23) sw      gp, -1380(t5)
core   0: 3 0x8000d568 (0xa83f2e23) mem 0x80010000 0x00000001
core   0: 0x8000d56c (0xff9ff06f) j       pc - 0x8
core   0: 3 0x8000d56c (0xff9ff06f)
core   0: 0x8000d564 (0x00003f17) auipc   t5, 0x3
core   0: 3 0x8000d564 (0x00003f17) x30 0x80010564
core   0: 0x8000d568 (0xa83f2e23) sw      gp, -1380(t5)
core   0: 3 0x8000d568 (0xa83f2e23) mem 0x80010000 0x00000001
core   0: 0x8000d56c (0xff9ff06f) j       pc - 0x8
core   0: 3 0x8000d56c (0xff9ff06f)
core   0: 0x8000d564 (0x00003f17) auipc   t5, 0x3
core   0: 3 0x8000d564 (0x00003f17) x30 0x80010564
core   0: 0x8000d568 (0xa83f2e23) sw      gp, -1380(t5)
core   0: 3 0x8000d568 (0xa83f2e23) mem 0x80010000 0x00000001
core   0: 0x8000d56c (0xff9ff06f) j       pc - 0x8
core   0: 3 0x8000d56c (0xff9ff06f)
core   0: 0x8000d564 (0x00003f17) auipc   t5, 0x3
core   0: 3 0x8000d564 (0x00003f17) x30 0x80010564
core   0: 0x8000d568 (0xa83f2e23) sw      gp, -1380(t5)
core   0: 3 0x8000d568 (0xa83f2e23) mem 0x80010000 0x00000001
core   0: 0x8000d56c (0xff9ff06f) j       pc - 0x8
core   0: 3 0x8000d56c (0xff9ff06f)
core   0: 0x8000d564 (0x00003f17) auipc   t5, 0x3
core   0: 3 0x8000d564 (0x00003f17) x30 0x80010564
core   0: 0x8000d568 (0xa83f2e23) sw      gp, -1380(t5)
core   0: 3 0x8000d568 (0xa83f2e23) mem 0x80010000 0x00000001
core   0: 0x8000d56c (0xff9ff06f) j       pc - 0x8
core   0: 3 0x8000d56c (0xff9ff06f)
core   0: 0x8000d564 (0x00003f17) auipc   t5, 0x3
core   0: 3 0x8000d564 (0x00003f17) x30 0x80010564
core   0: 0x8000d568 (0xa83f2e23) sw      gp, -1380(t5)
core   0: 3 0x8000d568 (0xa83f2e23) mem 0x80010000 0x00000001
core   0: 0x8000d56c (0xff9ff06f) j       pc - 0x8
core   0: 3 0x8000d56c (0xff9ff06f)
core   0: 0x8000d564 (0x00003f17) auipc   t5, 0x3
core   0: 3 0x8000d564 (0x00003f17) x30 0x80010564
core   0: 0x8000d568 (0xa83f2e23) sw      gp, -1380(t5)
core   0: 3 0x8000d568 (0xa83f2e23) mem 0x80010000 0x00000001
core   0: 0x8000d56c (0xff9ff06f) j       pc - 0x8
core   0: 3 0x8000d56c (0xff9ff06f)
core   0: 0x8000d564 (0x00003f17) auipc   t5, 0x3
core   0: 3 0x8000d564 (0x00003f17) x30 0x80010564
core   0: 0x8000d568 (0xa83f2e23) sw      gp, -1380(t5)
core   0: 3 0x8000d568 (0xa83f2e23) mem 0x80010000 0x00000001
core   0: 0x8000d56c (0xff9ff06f) j       pc - 0x8
core   0: 3 0x8000d56c (0xff9ff06f)
core   0: 0x8000d564 (0x00003f17) auipc   t5, 0x3
core   0: 3 0x8000d564 (0x00003f17) x30 0x80010564
core   0: 0x8000d568 (0xa83f2e23) sw      gp, -1380(t5)
core   0: 3 0x8000d568 (0xa83f2e23) mem 0x80010000 0x00000001
core   0: 0x8000d56c (0xff9ff06f) j       pc - 0x8
core   0: 3 0x8000d56c (0xff9ff06f)
core   0: 0x8000d564 (0x00003f17) auipc   t5, 0x3
core   0: 3 0x8000d564 (0x00003f17) x30 0x80010564
core   0: 0x8000d568 (0xa83f2e23) sw      gp, -1380(t5)
core   0: 3 0x8000d568 (0xa83f2e23) mem 0x80010000 0x00000001
core   0: 0x8000d56c (0xff9ff06f) j       pc - 0x8
core   0: 3 0x8000d56c (0xff9ff06f)
core   0: 0x8000d564 (0x00003f17) auipc   t5, 0x3
core   0: 3 0x8000d564 (0x00003f17) x30 0x80010564
core   0: 0x8000d568 (0xa83f2e23) sw      gp, -1380(t5)
core   0: 3 0x8000d568 (0xa83f2e23) mem 0x80010000 0x00000001
core   0: 0x8000d56c (0xff9ff06f) j       pc - 0x8
core   0: 3 0x8000d56c (0xff9ff06f)
core   0: 0x8000d564 (0x00003f17) auipc   t5, 0x3
core   0: 3 0x8000d564 (0x00003f17) x30 0x80010564
core   0: 0x8000d568 (0xa83f2e23) sw      gp, -1380(t5)
core   0: 3 0x8000d568 (0xa83f2e23) mem 0x80010000 0x00000001
core   0: 0x8000d56c (0xff9ff06f) j       pc - 0x8
core   0: 3 0x8000d56c (0xff9ff06f)
core   0: 0x8000d564 (0x00003f17) auipc   t5, 0x3
core   0: 3 0x8000d564 (0x00003f17) x30 0x80010564
core   0: 0x8000d568 (0xa83f2e23) sw      gp, -1380(t5)
core   0: 3 0x8000d568 (0xa83f2e23) mem 0x80010000 0x00000001
core   0: 0x8000d56c (0xff9ff06f) j       pc - 0x8
core   0: 3 0x8000d56c (0xff9ff06f)
core   0: 0x8000d564 (0x00003f17) auipc   t5, 0x3
core   0: 3 0x8000d564 (0x00003f17) x30 0x80010564
core   0: 0x8000d568 (0xa83f2e23) sw      gp, -1380(t5)
core   0: 3 0x8000d568 (0xa83f2e23) mem 0x80010000 0x00000001
core   0: 0x8000d56c (0xff9ff06f) j       pc - 0x8
core   0: 3 0x8000d56c (0xff9ff06f)
core   0: 0x8000d564 (0x00003f17) auipc   t5, 0x3
core   0: 3 0x8000d564 (0x00003f17) x30 0x80010564
core   0: 0x8000d568 (0xa83f2e23) sw      gp, -1380(t5)
core   0: 3 0x8000d568 (0xa83f2e23) mem 0x80010000 0x00000001
core   0: 0x8000d56c (0xff9ff06f) j       pc - 0x8
core   0: 3 0x8000d56c (0xff9ff06f)
core   0: 0x8000d564 (0x00003f17) auipc   t5, 0x3
core   0: 3 0x8000d564 (0x00003f17) x30 0x80010564
core   0: 0x8000d568 (0xa83f2e23) sw      gp, -1380(t5)
core   0: 3 0x8000d568 (0xa83f2e23) mem 0x80010000 0x00000001
core   0: 0x8000d56c (0xff9ff06f) j       pc - 0x8
core   0: 3 0x8000d56c (0xff9ff06f)
core   0: 0x8000d564 (0x00003f17) auipc   t5, 0x3
core   0: 3 0x8000d564 (0x00003f17) x30 0x80010564
core   0: 0x8000d568 (0xa83f2e23) sw      gp, -1380(t5)
core   0: 3 0x8000d568 (0xa83f2e23) mem 0x80010000 0x00000001
core   0: 0x8000d56c (0xff9ff06f) j       pc - 0x8
core   0: 3 0x8000d56c (0xff9ff06f)
core   0: 0x8000d564 (0x00003f17) auipc   t5, 0x3
core   0: 3 0x8000d564 (0x00003f17) x30 0x80010564
core   0: 0x8000d568 (0xa83f2e23) sw      gp, -1380(t5)
core   0: 3 0x8000d568 (0xa83f2e23) mem 0x80010000 0x00000001
core   0: 0x8000d56c (0xff9ff06f) j       pc - 0x8
core   0: 3 0x8000d56c (0xff9ff06f)
core   0: 0x8000d564 (0x00003f17) auipc   t5, 0x3
core   0: 3 0x8000d564 (0x00003f17) x30 0x80010564
core   0: 0x8000d568 (0xa83f2e23) sw      gp, -1380(t5)
core   0: 3 0x8000d568 (0xa83f2e23) mem 0x80010000 0x00000001
core   0: 0x8000d56c (0xff9ff06f) j       pc - 0x8
core   0: 3 0x8000d56c (0xff9ff06f)
core   0: 0x8000d564 (0x00003f17) auipc   t5, 0x3
core   0: 3 0x8000d564 (0x00003f17) x30 0x80010564
core   0: 0x8000d568 (0xa83f2e23) sw      gp, -1380(t5)
core   0: 3 0x8000d568 (0xa83f2e23) mem 0x80010000 0x00000001
core   0: 0x8000d56c (0xff9ff06f) j       pc - 0x8
core   0: 3 0x8000d56c (0xff9ff06f)
core   0: 0x8000d564 (0x00003f17) auipc   t5, 0x3
core   0: 3 0x8000d564 (0x00003f17) x30 0x80010564
core   0: 0x8000d568 (0xa83f2e23) sw      gp, -1380(t5)
core   0: 3 0x8000d568 (0xa83f2e23) mem 0x80010000 0x00000001
core   0: 0x8000d56c (0xff9ff06f) j       pc - 0x8
core   0: 3 0x8000d56c (0xff9ff06f)
core   0: 0x8000d564 (0x00003f17) auipc   t5, 0x3
core   0: 3 0x8000d564 (0x00003f17) x30 0x80010564
core   0: 0x8000d568 (0xa83f2e23) sw      gp, -1380(t5)
core   0: 3 0x8000d568 (0xa83f2e23) mem 0x80010000 0x00000001
core   0: 0x8000d56c (0xff9ff06f) j       pc - 0x8
core   0: 3 0x8000d56c (0xff9ff06f)
core   0: 0x8000d564 (0x00003f17) auipc   t5, 0x3
core   0: 3 0x8000d564 (0x00003f17) x30 0x80010564
core   0: 0x8000d568 (0xa83f2e23) sw      gp, -1380(t5)
core   0: 3 0x8000d568 (0xa83f2e23) mem 0x80010000 0x00000001
core   0: 0x8000d56c (0xff9ff06f) j       pc - 0x8
core   0: 3 0x8000d56c (0xff9ff06f)
core   0: 0x8000d564 (0x00003f17) auipc   t5, 0x3
core   0: 3 0x8000d564 (0x00003f17) x30 0x80010564
core   0: 0x8000d568 (0xa83f2e23) sw      gp, -1380(t5)
core   0: 3 0x8000d568 (0xa83f2e23) mem 0x80010000 0x00000001
core   0: 0x8000d56c (0xff9ff06f) j       pc - 0x8
core   0: 3 0x8000d56c (0xff9ff06f)
core   0: 0x8000d564 (0x00003f17) auipc   t5, 0x3
core   0: 3 0x8000d564 (0x00003f17) x30 0x80010564
core   0: 0x8000d568 (0xa83f2e23) sw      gp, -1380(t5)
core   0: 3 0x8000d568 (0xa83f2e23) mem 0x80010000 0x00000001
core   0: 0x8000d56c (0xff9ff06f) j       pc - 0x8
core   0: 3 0x8000d56c (0xff9ff06f)
core   0: 0x8000d564 (0x00003f17) auipc   t5, 0x3
core   0: 3 0x8000d564 (0x00003f17) x30 0x80010564
core   0: 0x8000d568 (0xa83f2e23) sw      gp, -1380(t5)
core   0: 3 0x8000d568 (0xa83f2e23) mem 0x80010000 0x00000001
core   0: 0x8000d56c (0xff9ff06f) j       pc - 0x8
core   0: 3 0x8000d56c (0xff9ff06f)
core   0: 0x8000d564 (0x00003f17) auipc   t5, 0x3
core   0: 3 0x8000d564 (0x00003f17) x30 0x80010564
core   0: 0x8000d568 (0xa83f2e23) sw      gp, -1380(t5)
core   0: 3 0x8000d568 (0xa83f2e23) mem 0x80010000 0x00000001
core   0: 0x8000d56c (0xff9ff06f) j       pc - 0x8
core   0: 3 0x8000d56c (0xff9ff06f)
core   0: 0x8000d564 (0x00003f17) auipc   t5, 0x3
core   0: 3 0x8000d564 (0x00003f17) x30 0x80010564
core   0: 0x8000d568 (0xa83f2e23) sw      gp, -1380(t5)
core   0: 3 0x8000d568 (0xa83f2e23) mem 0x80010000 0x00000001
core   0: 0x8000d56c (0xff9ff06f) j       pc - 0x8
core   0: 3 0x8000d56c (0xff9ff06f)
core   0: 0x8000d564 (0x00003f17) auipc   t5, 0x3
core   0: 3 0x8000d564 (0x00003f17) x30 0x80010564
core   0: 0x8000d568 (0xa83f2e23) sw      gp, -1380(t5)
core   0: 3 0x8000d568 (0xa83f2e23) mem 0x80010000 0x00000001
core   0: 0x8000d56c (0xff9ff06f) j       pc - 0x8
core   0: 3 0x8000d56c (0xff9ff06f)
core   0: 0x8000d564 (0x00003f17) auipc   t5, 0x3
core   0: 3 0x8000d564 (0x00003f17) x30 0x80010564
core   0: 0x8000d568 (0xa83f2e23) sw      gp, -1380(t5)
core   0: 3 0x8000d568 (0xa83f2e23) mem 0x80010000 0x00000001
core   0: 0x8000d56c (0xff9ff06f) j       pc - 0x8
core   0: 3 0x8000d56c (0xff9ff06f)
core   0: 0x8000d564 (0x00003f17) auipc   t5, 0x3
core   0: 3 0x8000d564 (0x00003f17) x30 0x80010564
core   0: 0x8000d568 (0xa83f2e23) sw      gp, -1380(t5)
core   0: 3 0x8000d568 (0xa83f2e23) mem 0x80010000 0x00000001
core   0: 0x8000d56c (0xff9ff06f) j       pc - 0x8
core   0: 3 0x8000d56c (0xff9ff06f)
core   0: 0x8000d564 (0x00003f17) auipc   t5, 0x3
core   0: 3 0x8000d564 (0x00003f17) x30 0x80010564
core   0: 0x8000d568 (0xa83f2e23) sw      gp, -1380(t5)
core   0: 3 0x8000d568 (0xa83f2e23) mem 0x80010000 0x00000001
core   0: 0x8000d56c (0xff9ff06f) j       pc - 0x8
core   0: 3 0x8000d56c (0xff9ff06f)
core   0: 0x8000d564 (0x00003f17) auipc   t5, 0x3
core   0: 3 0x8000d564 (0x00003f17) x30 0x80010564
core   0: 0x8000d568 (0xa83f2e23) sw      gp, -1380(t5)
core   0: 3 0x8000d568 (0xa83f2e23) mem 0x80010000 0x00000001
core   0: 0x8000d56c (0xff9ff06f) j       pc - 0x8
core   0: 3 0x8000d56c (0xff9ff06f)
core   0: 0x8000d564 (0x00003f17) auipc   t5, 0x3
core   0: 3 0x8000d564 (0x00003f17) x30 0x80010564
core   0: 0x8000d568 (0xa83f2e23) sw      gp, -1380(t5)
core   0: 3 0x8000d568 (0xa83f2e23) mem 0x80010000 0x00000001
core   0: 0x8000d56c (0xff9ff06f) j       pc - 0x8
core   0: 3 0x8000d56c (0xff9ff06f)
core   0: 0x8000d564 (0x00003f17) auipc   t5, 0x3
core   0: 3 0x8000d564 (0x00003f17) x30 0x80010564
core   0: 0x8000d568 (0xa83f2e23) sw      gp, -1380(t5)
core   0: 3 0x8000d568 (0xa83f2e23) mem 0x80010000 0x00000001
core   0: 0x8000d56c (0xff9ff06f) j       pc - 0x8
core   0: 3 0x8000d56c (0xff9ff06f)
core   0: 0x8000d564 (0x00003f17) auipc   t5, 0x3
core   0: 3 0x8000d564 (0x00003f17) x30 0x80010564
core   0: 0x8000d568 (0xa83f2e23) sw      gp, -1380(t5)
core   0: 3 0x8000d568 (0xa83f2e23) mem 0x80010000 0x00000001
core   0: 0x8000d56c (0xff9ff06f) j       pc - 0x8
core   0: 3 0x8000d56c (0xff9ff06f)
core   0: 0x8000d564 (0x00003f17) auipc   t5, 0x3
core   0: 3 0x8000d564 (0x00003f17) x30 0x80010564
core   0: 0x8000d568 (0xa83f2e23) sw      gp, -1380(t5)
core   0: 3 0x8000d568 (0xa83f2e23) mem 0x80010000 0x00000001
core   0: 0x8000d56c (0xff9ff06f) j       pc - 0x8
core   0: 3 0x8000d56c (0xff9ff06f)
core   0: 0x8000d564 (0x00003f17) auipc   t5, 0x3
core   0: 3 0x8000d564 (0x00003f17) x30 0x80010564
core   0: 0x8000d568 (0xa83f2e23) sw      gp, -1380(t5)
core   0: 3 0x8000d568 (0xa83f2e23) mem 0x80010000 0x00000001
core   0: 0x8000d56c (0xff9ff06f) j       pc - 0x8
core   0: 3 0x8000d56c (0xff9ff06f)
core   0: 0x8000d564 (0x00003f17) auipc   t5, 0x3
core   0: 3 0x8000d564 (0x00003f17) x30 0x80010564
core   0: 0x8000d568 (0xa83f2e23) sw      gp, -1380(t5)
core   0: 3 0x8000d568 (0xa83f2e23) mem 0x80010000 0x00000001
core   0: 0x8000d56c (0xff9ff06f) j       pc - 0x8
core   0: 3 0x8000d56c (0xff9ff06f)
core   0: 0x8000d564 (0x00003f17) auipc   t5, 0x3
core   0: 3 0x8000d564 (0x00003f17) x30 0x80010564
core   0: 0x8000d568 (0xa83f2e23) sw      gp, -1380(t5)
core   0: 3 0x8000d568 (0xa83f2e23) mem 0x80010000 0x00000001
core   0: 0x8000d56c (0xff9ff06f) j       pc - 0x8
core   0: 3 0x8000d56c (0xff9ff06f)
core   0: 0x8000d564 (0x00003f17) auipc   t5, 0x3
core   0: 3 0x8000d564 (0x00003f17) x30 0x80010564
core   0: 0x8000d568 (0xa83f2e23) sw      gp, -1380(t5)
core   0: 3 0x8000d568 (0xa83f2e23) mem 0x80010000 0x00000001
core   0: 0x8000d56c (0xff9ff06f) j       pc - 0x8
core   0: 3 0x8000d56c (0xff9ff06f)
core   0: 0x8000d564 (0x00003f17) auipc   t5, 0x3
core   0: 3 0x8000d564 (0x00003f17) x30 0x80010564
core   0: 0x8000d568 (0xa83f2e23) sw      gp, -1380(t5)
core   0: 3 0x8000d568 (0xa83f2e23) mem 0x80010000 0x00000001
core   0: 0x8000d56c (0xff9ff06f) j       pc - 0x8
core   0: 3 0x8000d56c (0xff9ff06f)
core   0: 0x8000d564 (0x00003f17) auipc   t5, 0x3
core   0: 3 0x8000d564 (0x00003f17) x30 0x80010564
core   0: 0x8000d568 (0xa83f2e23) sw      gp, -1380(t5)
core   0: 3 0x8000d568 (0xa83f2e23) mem 0x80010000 0x00000001
core   0: 0x8000d56c (0xff9ff06f) j       pc - 0x8
core   0: 3 0x8000d56c (0xff9ff06f)
core   0: 0x8000d564 (0x00003f17) auipc   t5, 0x3
core   0: 3 0x8000d564 (0x00003f17) x30 0x80010564
core   0: 0x8000d568 (0xa83f2e23) sw      gp, -1380(t5)
core   0: 3 0x8000d568 (0xa83f2e23) mem 0x80010000 0x00000001
core   0: 0x8000d56c (0xff9ff06f) j       pc - 0x8
core   0: 3 0x8000d56c (0xff9ff06f)
core   0: 0x8000d564 (0x00003f17) auipc   t5, 0x3
core   0: 3 0x8000d564 (0x00003f17) x30 0x80010564
core   0: 0x8000d568 (0xa83f2e23) sw      gp, -1380(t5)
core   0: 3 0x8000d568 (0xa83f2e23) mem 0x80010000 0x00000001
core   0: 0x8000d56c (0xff9ff06f) j       pc - 0x8
core   0: 3 0x8000d56c (0xff9ff06f)
core   0: 0x8000d564 (0x00003f17) auipc   t5, 0x3
core   0: 3 0x8000d564 (0x00003f17) x30 0x80010564
core   0: 0x8000d568 (0xa83f2e23) sw      gp, -1380(t5)
core   0: 3 0x8000d568 (0xa83f2e23) mem 0x80010000 0x00000001
core   0: 0x8000d56c (0xff9ff06f) j       pc - 0x8
core   0: 3 0x8000d56c (0xff9ff06f)
core   0: 0x8000d564 (0x00003f17) auipc   t5, 0x3
core   0: 3 0x8000d564 (0x00003f17) x30 0x80010564
core   0: 0x8000d568 (0xa83f2e23) sw      gp, -1380(t5)
core   0: 3 0x8000d568 (0xa83f2e23) mem 0x80010000 0x00000001
core   0: 0x8000d56c (0xff9ff06f) j       pc - 0x8
core   0: 3 0x8000d56c (0xff9ff06f)
core   0: 0x8000d564 (0x00003f17) auipc   t5, 0x3
core   0: 3 0x8000d564 (0x00003f17) x30 0x80010564
core   0: 0x8000d568 (0xa83f2e23) sw      gp, -1380(t5)
core   0: 3 0x8000d568 (0xa83f2e23) mem 0x80010000 0x00000001
core   0: 0x8000d56c (0xff9ff06f) j       pc - 0x8
core   0: 3 0x8000d56c (0xff9ff06f)
core   0: 0x8000d564 (0x00003f17) auipc   t5, 0x3
core   0: 3 0x8000d564 (0x00003f17) x30 0x80010564
core   0: 0x8000d568 (0xa83f2e23) sw      gp, -1380(t5)
core   0: 3 0x8000d568 (0xa83f2e23) mem 0x80010000 0x00000001
core   0: 0x8000d56c (0xff9ff06f) j       pc - 0x8
core   0: 3 0x8000d56c (0xff9ff06f)
core   0: 0x8000d564 (0x00003f17) auipc   t5, 0x3
core   0: 3 0x8000d564 (0x00003f17) x30 0x80010564
core   0: 0x8000d568 (0xa83f2e23) sw      gp, -1380(t5)
core   0: 3 0x8000d568 (0xa83f2e23) mem 0x80010000 0x00000001
core   0: 0x8000d56c (0xff9ff06f) j       pc - 0x8
core   0: 3 0x8000d56c (0xff9ff06f)
core   0: 0x8000d564 (0x00003f17) auipc   t5, 0x3
core   0: 3 0x8000d564 (0x00003f17) x30 0x80010564
core   0: 0x8000d568 (0xa83f2e23) sw      gp, -1380(t5)
core   0: 3 0x8000d568 (0xa83f2e23) mem 0x80010000 0x00000001
core   0: 0x8000d56c (0xff9ff06f) j       pc - 0x8
core   0: 3 0x8000d56c (0xff9ff06f)
core   0: 0x8000d564 (0x00003f17) auipc   t5, 0x3
core   0: 3 0x8000d564 (0x00003f17) x30 0x80010564
core   0: 0x8000d568 (0xa83f2e23) sw      gp, -1380(t5)
core   0: 3 0x8000d568 (0xa83f2e23) mem 0x80010000 0x00000001
core   0: 0x8000d56c (0xff9ff06f) j       pc - 0x8
core   0: 3 0x8000d56c (0xff9ff06f)
core   0: 0x8000d564 (0x00003f17) auipc   t5, 0x3
core   0: 3 0x8000d564 (0x00003f17) x30 0x80010564
core   0: 0x8000d568 (0xa83f2e23) sw      gp, -1380(t5)
core   0: 3 0x8000d568 (0xa83f2e23) mem 0x80010000 0x00000001
core   0: 0x8000d56c (0xff9ff06f) j       pc - 0x8
core   0: 3 0x8000d56c (0xff9ff06f)
core   0: 0x8000d564 (0x00003f17) auipc   t5, 0x3
core   0: 3 0x8000d564 (0x00003f17) x30 0x80010564
core   0: 0x8000d568 (0xa83f2e23) sw      gp, -1380(t5)
core   0: 3 0x8000d568 (0xa83f2e23) mem 0x80010000 0x00000001
core   0: 0x8000d56c (0xff9ff06f) j       pc - 0x8
core   0: 3 0x8000d56c (0xff9ff06f)
core   0: 0x8000d564 (0x00003f17) auipc   t5, 0x3
core   0: 3 0x8000d564 (0x00003f17) x30 0x80010564
core   0: 0x8000d568 (0xa83f2e23) sw      gp, -1380(t5)
core   0: 3 0x8000d568 (0xa83f2e23) mem 0x80010000 0x00000001
core   0: 0x8000d56c (0xff9ff06f) j       pc - 0x8
core   0: 3 0x8000d56c (0xff9ff06f)
core   0: 0x8000d564 (0x00003f17) auipc   t5, 0x3
core   0: 3 0x8000d564 (0x00003f17) x30 0x80010564
core   0: 0x8000d568 (0xa83f2e23) sw      gp, -1380(t5)
core   0: 3 0x8000d568 (0xa83f2e23) mem 0x80010000 0x00000001
core   0: 0x8000d56c (0xff9ff06f) j       pc - 0x8
core   0: 3 0x8000d56c (0xff9ff06f)
core   0: 0x8000d564 (0x00003f17) auipc   t5, 0x3
core   0: 3 0x8000d564 (0x00003f17) x30 0x80010564
core   0: 0x8000d568 (0xa83f2e23) sw      gp, -1380(t5)
core   0: 3 0x8000d568 (0xa83f2e23) mem 0x80010000 0x00000001
core   0: 0x8000d56c (0xff9ff06f) j       pc - 0x8
core   0: 3 0x8000d56c (0xff9ff06f)
core   0: 0x8000d564 (0x00003f17) auipc   t5, 0x3
core   0: 3 0x8000d564 (0x00003f17) x30 0x80010564
core   0: 0x8000d568 (0xa83f2e23) sw      gp, -1380(t5)
core   0: 3 0x8000d568 (0xa83f2e23) mem 0x80010000 0x00000001
core   0: 0x8000d56c (0xff9ff06f) j       pc - 0x8
core   0: 3 0x8000d56c (0xff9ff06f)
core   0: 0x8000d564 (0x00003f17) auipc   t5, 0x3
core   0: 3 0x8000d564 (0x00003f17) x30 0x80010564
core   0: 0x8000d568 (0xa83f2e23) sw      gp, -1380(t5)
core   0: 3 0x8000d568 (0xa83f2e23) mem 0x80010000 0x00000001
core   0: 0x8000d56c (0xff9ff06f) j       pc - 0x8
core   0: 3 0x8000d56c (0xff9ff06f)
core   0: 0x8000d564 (0x00003f17) auipc   t5, 0x3
core   0: 3 0x8000d564 (0x00003f17) x30 0x80010564
core   0: 0x8000d568 (0xa83f2e23) sw      gp, -1380(t5)
core   0: 3 0x8000d568 (0xa83f2e23) mem 0x80010000 0x00000001
core   0: 0x8000d56c (0xff9ff06f) j       pc - 0x8
core   0: 3 0x8000d56c (0xff9ff06f)
core   0: 0x8000d564 (0x00003f17) auipc   t5, 0x3
core   0: 3 0x8000d564 (0x00003f17) x30 0x80010564
core   0: 0x8000d568 (0xa83f2e23) sw      gp, -1380(t5)
core   0: 3 0x8000d568 (0xa83f2e23) mem 0x80010000 0x00000001
core   0: 0x8000d56c (0xff9ff06f) j       pc - 0x8
core   0: 3 0x8000d56c (0xff9ff06f)
core   0: 0x8000d564 (0x00003f17) auipc   t5, 0x3
core   0: 3 0x8000d564 (0x00003f17) x30 0x80010564
core   0: 0x8000d568 (0xa83f2e23) sw      gp, -1380(t5)
core   0: 3 0x8000d568 (0xa83f2e23) mem 0x80010000 0x00000001
core   0: 0x8000d56c (0xff9ff06f) j       pc - 0x8
core   0: 3 0x8000d56c (0xff9ff06f)
core   0: 0x8000d564 (0x00003f17) auipc   t5, 0x3
core   0: 3 0x8000d564 (0x00003f17) x30 0x80010564
core   0: 0x8000d568 (0xa83f2e23) sw      gp, -1380(t5)
core   0: 3 0x8000d568 (0xa83f2e23) mem 0x80010000 0x00000001
core   0: 0x8000d56c (0xff9ff06f) j       pc - 0x8
core   0: 3 0x8000d56c (0xff9ff06f)
core   0: 0x8000d564 (0x00003f17) auipc   t5, 0x3
core   0: 3 0x8000d564 (0x00003f17) x30 0x80010564
core   0: 0x8000d568 (0xa83f2e23) sw      gp, -1380(t5)
core   0: 3 0x8000d568 (0xa83f2e23) mem 0x80010000 0x00000001
core   0: 0x8000d56c (0xff9ff06f) j       pc - 0x8
core   0: 3 0x8000d56c (0xff9ff06f)
core   0: 0x8000d564 (0x00003f17) auipc   t5, 0x3
core   0: 3 0x8000d564 (0x00003f17) x30 0x80010564
core   0: 0x8000d568 (0xa83f2e23) sw      gp, -1380(t5)
core   0: 3 0x8000d568 (0xa83f2e23) mem 0x80010000 0x00000001
core   0: 0x8000d56c (0xff9ff06f) j       pc - 0x8
core   0: 3 0x8000d56c (0xff9ff06f)
core   0: 0x8000d564 (0x00003f17) auipc   t5, 0x3
core   0: 3 0x8000d564 (0x00003f17) x30 0x80010564
core   0: 0x8000d568 (0xa83f2e23) sw      gp, -1380(t5)
core   0: 3 0x8000d568 (0xa83f2e23) mem 0x80010000 0x00000001
core   0: 0x8000d56c (0xff9ff06f) j       pc - 0x8
core   0: 3 0x8000d56c (0xff9ff06f)
core   0: 0x8000d564 (0x00003f17) auipc   t5, 0x3
core   0: 3 0x8000d564 (0x00003f17) x30 0x80010564
core   0: 0x8000d568 (0xa83f2e23) sw      gp, -1380(t5)
core   0: 3 0x8000d568 (0xa83f2e23) mem 0x80010000 0x00000001
core   0: 0x8000d56c (0xff9ff06f) j       pc - 0x8
core   0: 3 0x8000d56c (0xff9ff06f)
core   0: 0x8000d564 (0x00003f17) auipc   t5, 0x3
core   0: 3 0x8000d564 (0x00003f17) x30 0x80010564
core   0: 0x8000d568 (0xa83f2e23) sw      gp, -1380(t5)
core   0: 3 0x8000d568 (0xa83f2e23) mem 0x80010000 0x00000001
core   0: 0x8000d56c (0xff9ff06f) j       pc - 0x8
core   0: 3 0x8000d56c (0xff9ff06f)
core   0: 0x8000d564 (0x00003f17) auipc   t5, 0x3
core   0: 3 0x8000d564 (0x00003f17) x30 0x80010564
core   0: 0x8000d568 (0xa83f2e23) sw      gp, -1380(t5)
core   0: 3 0x8000d568 (0xa83f2e23) mem 0x80010000 0x00000001
core   0: 0x8000d56c (0xff9ff06f) j       pc - 0x8
core   0: 3 0x8000d56c (0xff9ff06f)
core   0: 0x8000d564 (0x00003f17) auipc   t5, 0x3
core   0: 3 0x8000d564 (0x00003f17) x30 0x80010564
core   0: 0x8000d568 (0xa83f2e23) sw      gp, -1380(t5)
core   0: 3 0x8000d568 (0xa83f2e23) mem 0x80010000 0x00000001
core   0: 0x8000d56c (0xff9ff06f) j       pc - 0x8
core   0: 3 0x8000d56c (0xff9ff06f)
core   0: 0x8000d564 (0x00003f17) auipc   t5, 0x3
core   0: 3 0x8000d564 (0x00003f17) x30 0x80010564
core   0: 0x8000d568 (0xa83f2e23) sw      gp, -1380(t5)
core   0: 3 0x8000d568 (0xa83f2e23) mem 0x80010000 0x00000001
core   0: 0x8000d56c (0xff9ff06f) j       pc - 0x8
core   0: 3 0x8000d56c (0xff9ff06f)
core   0: 0x8000d564 (0x00003f17) auipc   t5, 0x3
core   0: 3 0x8000d564 (0x00003f17) x30 0x80010564
core   0: 0x8000d568 (0xa83f2e23) sw      gp, -1380(t5)
core   0: 3 0x8000d568 (0xa83f2e23) mem 0x80010000 0x00000001
core   0: 0x8000d56c (0xff9ff06f) j       pc - 0x8
core   0: 3 0x8000d56c (0xff9ff06f)
core   0: 0x8000d564 (0x00003f17) auipc   t5, 0x3
core   0: 3 0x8000d564 (0x00003f17) x30 0x80010564
core   0: 0x8000d568 (0xa83f2e23) sw      gp, -1380(t5)
core   0: 3 0x8000d568 (0xa83f2e23) mem 0x80010000 0x00000001
core   0: 0x8000d56c (0xff9ff06f) j       pc - 0x8
core   0: 3 0x8000d56c (0xff9ff06f)
core   0: 0x8000d564 (0x00003f17) auipc   t5, 0x3
core   0: 3 0x8000d564 (0x00003f17) x30 0x80010564
core   0: 0x8000d568 (0xa83f2e23) sw      gp, -1380(t5)
core   0: 3 0x8000d568 (0xa83f2e23) mem 0x80010000 0x00000001
core   0: 0x8000d56c (0xff9ff06f) j       pc - 0x8
core   0: 3 0x8000d56c (0xff9ff06f)
core   0: 0x8000d564 (0x00003f17) auipc   t5, 0x3
core   0: 3 0x8000d564 (0x00003f17) x30 0x80010564
core   0: 0x8000d568 (0xa83f2e23) sw      gp, -1380(t5)
core   0: 3 0x8000d568 (0xa83f2e23) mem 0x80010000 0x00000001
core   0: 0x8000d56c (0xff9ff06f) j       pc - 0x8
core   0: 3 0x8000d56c (0xff9ff06f)
core   0: 0x8000d564 (0x00003f17) auipc   t5, 0x3
core   0: 3 0x8000d564 (0x00003f17) x30 0x80010564
core   0: 0x8000d568 (0xa83f2e23) sw      gp, -1380(t5)
core   0: 3 0x8000d568 (0xa83f2e23) mem 0x80010000 0x00000001
core   0: 0x8000d56c (0xff9ff06f) j       pc - 0x8
core   0: 3 0x8000d56c (0xff9ff06f)
core   0: 0x8000d564 (0x00003f17) auipc   t5, 0x3
core   0: 3 0x8000d564 (0x00003f17) x30 0x80010564
core   0: 0x8000d568 (0xa83f2e23) sw      gp, -1380(t5)
core   0: 3 0x8000d568 (0xa83f2e23) mem 0x80010000 0x00000001
core   0: 0x8000d56c (0xff9ff06f) j       pc - 0x8
core   0: 3 0x8000d56c (0xff9ff06f)
core   0: 0x8000d564 (0x00003f17) auipc   t5, 0x3
core   0: 3 0x8000d564 (0x00003f17) x30 0x80010564
core   0: 0x8000d568 (0xa83f2e23) sw      gp, -1380(t5)
core   0: 3 0x8000d568 (0xa83f2e23) mem 0x80010000 0x00000001
core   0: 0x8000d56c (0xff9ff06f) j       pc - 0x8
core   0: 3 0x8000d56c (0xff9ff06f)
core   0: 0x8000d564 (0x00003f17) auipc   t5, 0x3
core   0: 3 0x8000d564 (0x00003f17) x30 0x80010564
core   0: 0x8000d568 (0xa83f2e23) sw      gp, -1380(t5)
core   0: 3 0x8000d568 (0xa83f2e23) mem 0x80010000 0x00000001
core   0: 0x8000d56c (0xff9ff06f) j       pc - 0x8
core   0: 3 0x8000d56c (0xff9ff06f)
core   0: 0x8000d564 (0x00003f17) auipc   t5, 0x3
core   0: 3 0x8000d564 (0x00003f17) x30 0x80010564
core   0: 0x8000d568 (0xa83f2e23) sw      gp, -1380(t5)
core   0: 3 0x8000d568 (0xa83f2e23) mem 0x80010000 0x00000001
core   0: 0x8000d56c (0xff9ff06f) j       pc - 0x8
core   0: 3 0x8000d56c (0xff9ff06f)
core   0: 0x8000d564 (0x00003f17) auipc   t5, 0x3
core   0: 3 0x8000d564 (0x00003f17) x30 0x80010564
core   0: 0x8000d568 (0xa83f2e23) sw      gp, -1380(t5)
core   0: 3 0x8000d568 (0xa83f2e23) mem 0x80010000 0x00000001
core   0: 0x8000d56c (0xff9ff06f) j       pc - 0x8
core   0: 3 0x8000d56c (0xff9ff06f)
core   0: 0x8000d564 (0x00003f17) auipc   t5, 0x3
core   0: 3 0x8000d564 (0x00003f17) x30 0x80010564
core   0: 0x8000d568 (0xa83f2e23) sw      gp, -1380(t5)
core   0: 3 0x8000d568 (0xa83f2e23) mem 0x80010000 0x00000001
core   0: 0x8000d56c (0xff9ff06f) j       pc - 0x8
core   0: 3 0x8000d56c (0xff9ff06f)
core   0: 0x8000d564 (0x00003f17) auipc   t5, 0x3
core   0: 3 0x8000d564 (0x00003f17) x30 0x80010564
core   0: 0x8000d568 (0xa83f2e23) sw      gp, -1380(t5)
core   0: 3 0x8000d568 (0xa83f2e23) mem 0x80010000 0x00000001
core   0: 0x8000d56c (0xff9ff06f) j       pc - 0x8
core   0: 3 0x8000d56c (0xff9ff06f)
core   0: 0x8000d564 (0x00003f17) auipc   t5, 0x3
core   0: 3 0x8000d564 (0x00003f17) x30 0x80010564
core   0: 0x8000d568 (0xa83f2e23) sw      gp, -1380(t5)
core   0: 3 0x8000d568 (0xa83f2e23) mem 0x80010000 0x00000001
core   0: 0x8000d56c (0xff9ff06f) j       pc - 0x8
core   0: 3 0x8000d56c (0xff9ff06f)
core   0: 0x8000d564 (0x00003f17) auipc   t5, 0x3
core   0: 3 0x8000d564 (0x00003f17) x30 0x80010564
core   0: 0x8000d568 (0xa83f2e23) sw      gp, -1380(t5)
core   0: 3 0x8000d568 (0xa83f2e23) mem 0x80010000 0x00000001
core   0: 0x8000d56c (0xff9ff06f) j       pc - 0x8
core   0: 3 0x8000d56c (0xff9ff06f)
core   0: 0x8000d564 (0x00003f17) auipc   t5, 0x3
core   0: 3 0x8000d564 (0x00003f17) x30 0x80010564
core   0: 0x8000d568 (0xa83f2e23) sw      gp, -1380(t5)
core   0: 3 0x8000d568 (0xa83f2e23) mem 0x80010000 0x00000001
core   0: 0x8000d56c (0xff9ff06f) j       pc - 0x8
core   0: 3 0x8000d56c (0xff9ff06f)
core   0: 0x8000d564 (0x00003f17) auipc   t5, 0x3
core   0: 3 0x8000d564 (0x00003f17) x30 0x80010564
core   0: 0x8000d568 (0xa83f2e23) sw      gp, -1380(t5)
core   0: 3 0x8000d568 (0xa83f2e23) mem 0x80010000 0x00000001
core   0: 0x8000d56c (0xff9ff06f) j       pc - 0x8
core   0: 3 0x8000d56c (0xff9ff06f)
core   0: 0x8000d564 (0x00003f17) auipc   t5, 0x3
core   0: 3 0x8000d564 (0x00003f17) x30 0x80010564
core   0: 0x8000d568 (0xa83f2e23) sw      gp, -1380(t5)
core   0: 3 0x8000d568 (0xa83f2e23) mem 0x80010000 0x00000001
core   0: 0x8000d56c (0xff9ff06f) j       pc - 0x8
core   0: 3 0x8000d56c (0xff9ff06f)
core   0: 0x8000d564 (0x00003f17) auipc   t5, 0x3
core   0: 3 0x8000d564 (0x00003f17) x30 0x80010564
core   0: 0x8000d568 (0xa83f2e23) sw      gp, -1380(t5)
core   0: 3 0x8000d568 (0xa83f2e23) mem 0x80010000 0x00000001
core   0: 0x8000d56c (0xff9ff06f) j       pc - 0x8
core   0: 3 0x8000d56c (0xff9ff06f)
core   0: 0x8000d564 (0x00003f17) auipc   t5, 0x3
core   0: 3 0x8000d564 (0x00003f17) x30 0x80010564
core   0: 0x8000d568 (0xa83f2e23) sw      gp, -1380(t5)
core   0: 3 0x8000d568 (0xa83f2e23) mem 0x80010000 0x00000001
core   0: 0x8000d56c (0xff9ff06f) j       pc - 0x8
core   0: 3 0x8000d56c (0xff9ff06f)
core   0: 0x8000d564 (0x00003f17) auipc   t5, 0x3
core   0: 3 0x8000d564 (0x00003f17) x30 0x80010564
core   0: 0x8000d568 (0xa83f2e23) sw      gp, -1380(t5)
core   0: 3 0x8000d568 (0xa83f2e23) mem 0x80010000 0x00000001
core   0: 0x8000d56c (0xff9ff06f) j       pc - 0x8
core   0: 3 0x8000d56c (0xff9ff06f)
core   0: 0x8000d564 (0x00003f17) auipc   t5, 0x3
core   0: 3 0x8000d564 (0x00003f17) x30 0x80010564
core   0: 0x8000d568 (0xa83f2e23) sw      gp, -1380(t5)
core   0: 3 0x8000d568 (0xa83f2e23) mem 0x80010000 0x00000001
core   0: 0x8000d56c (0xff9ff06f) j       pc - 0x8
core   0: 3 0x8000d56c (0xff9ff06f)
core   0: 0x8000d564 (0x00003f17) auipc   t5, 0x3
core   0: 3 0x8000d564 (0x00003f17) x30 0x80010564
core   0: 0x8000d568 (0xa83f2e23) sw      gp, -1380(t5)
core   0: 3 0x8000d568 (0xa83f2e23) mem 0x80010000 0x00000001
core   0: 0x8000d56c (0xff9ff06f) j       pc - 0x8
core   0: 3 0x8000d56c (0xff9ff06f)
core   0: 0x8000d564 (0x00003f17) auipc   t5, 0x3
core   0: 3 0x8000d564 (0x00003f17) x30 0x80010564
core   0: 0x8000d568 (0xa83f2e23) sw      gp, -1380(t5)
core   0: 3 0x8000d568 (0xa83f2e23) mem 0x80010000 0x00000001
core   0: 0x8000d56c (0xff9ff06f) j       pc - 0x8
core   0: 3 0x8000d56c (0xff9ff06f)
core   0: 0x8000d564 (0x00003f17) auipc   t5, 0x3
core   0: 3 0x8000d564 (0x00003f17) x30 0x80010564
core   0: 0x8000d568 (0xa83f2e23) sw      gp, -1380(t5)
core   0: 3 0x8000d568 (0xa83f2e23) mem 0x80010000 0x00000001
core   0: 0x8000d56c (0xff9ff06f) j       pc - 0x8
core   0: 3 0x8000d56c (0xff9ff06f)
core   0: 0x8000d564 (0x00003f17) auipc   t5, 0x3
core   0: 3 0x8000d564 (0x00003f17) x30 0x80010564
core   0: 0x8000d568 (0xa83f2e23) sw      gp, -1380(t5)
core   0: 3 0x8000d568 (0xa83f2e23) mem 0x80010000 0x00000001
core   0: 0x8000d56c (0xff9ff06f) j       pc - 0x8
core   0: 3 0x8000d56c (0xff9ff06f)
core   0: 0x8000d564 (0x00003f17) auipc   t5, 0x3
core   0: 3 0x8000d564 (0x00003f17) x30 0x80010564
core   0: 0x8000d568 (0xa83f2e23) sw      gp, -1380(t5)
core   0: 3 0x8000d568 (0xa83f2e23) mem 0x80010000 0x00000001
core   0: 0x8000d56c (0xff9ff06f) j       pc - 0x8
core   0: 3 0x8000d56c (0xff9ff06f)
core   0: 0x8000d564 (0x00003f17) auipc   t5, 0x3
core   0: 3 0x8000d564 (0x00003f17) x30 0x80010564
core   0: 0x8000d568 (0xa83f2e23) sw      gp, -1380(t5)
core   0: 3 0x8000d568 (0xa83f2e23) mem 0x80010000 0x00000001
core   0: 0x8000d56c (0xff9ff06f) j       pc - 0x8
core   0: 3 0x8000d56c (0xff9ff06f)
core   0: 0x8000d564 (0x00003f17) auipc   t5, 0x3
core   0: 3 0x8000d564 (0x00003f17) x30 0x80010564
core   0: 0x8000d568 (0xa83f2e23) sw      gp, -1380(t5)
core   0: 3 0x8000d568 (0xa83f2e23) mem 0x80010000 0x00000001
core   0: 0x8000d56c (0xff9ff06f) j       pc - 0x8
core   0: 3 0x8000d56c (0xff9ff06f)
core   0: 0x8000d564 (0x00003f17) auipc   t5, 0x3
core   0: 3 0x8000d564 (0x00003f17) x30 0x80010564
core   0: 0x8000d568 (0xa83f2e23) sw      gp, -1380(t5)
core   0: 3 0x8000d568 (0xa83f2e23) mem 0x80010000 0x00000001
core   0: 0x8000d56c (0xff9ff06f) j       pc - 0x8
core   0: 3 0x8000d56c (0xff9ff06f)
core   0: 0x8000d564 (0x00003f17) auipc   t5, 0x3
core   0: 3 0x8000d564 (0x00003f17) x30 0x80010564
core   0: 0x8000d568 (0xa83f2e23) sw      gp, -1380(t5)
core   0: 3 0x8000d568 (0xa83f2e23) mem 0x80010000 0x00000001
core   0: 0x8000d56c (0xff9ff06f) j       pc - 0x8
core   0: 3 0x8000d56c (0xff9ff06f)
core   0: 0x8000d564 (0x00003f17) auipc   t5, 0x3
core   0: 3 0x8000d564 (0x00003f17) x30 0x80010564
core   0: 0x8000d568 (0xa83f2e23) sw      gp, -1380(t5)
core   0: 3 0x8000d568 (0xa83f2e23) mem 0x80010000 0x00000001
core   0: 0x8000d56c (0xff9ff06f) j       pc - 0x8
core   0: 3 0x8000d56c (0xff9ff06f)
core   0: 0x8000d564 (0x00003f17) auipc   t5, 0x3
core   0: 3 0x8000d564 (0x00003f17) x30 0x80010564
core   0: 0x8000d568 (0xa83f2e23) sw      gp, -1380(t5)
core   0: 3 0x8000d568 (0xa83f2e23) mem 0x80010000 0x00000001
core   0: 0x8000d56c (0xff9ff06f) j       pc - 0x8
core   0: 3 0x8000d56c (0xff9ff06f)
core   0: 0x8000d564 (0x00003f17) auipc   t5, 0x3
core   0: 3 0x8000d564 (0x00003f17) x30 0x80010564
core   0: 0x8000d568 (0xa83f2e23) sw      gp, -1380(t5)
core   0: 3 0x8000d568 (0xa83f2e23) mem 0x80010000 0x00000001
core   0: 0x8000d56c (0xff9ff06f) j       pc - 0x8
core   0: 3 0x8000d56c (0xff9ff06f)
core   0: 0x8000d564 (0x00003f17) auipc   t5, 0x3
core   0: 3 0x8000d564 (0x00003f17) x30 0x80010564
core   0: 0x8000d568 (0xa83f2e23) sw      gp, -1380(t5)
core   0: 3 0x8000d568 (0xa83f2e23) mem 0x80010000 0x00000001
core   0: 0x8000d56c (0xff9ff06f) j       pc - 0x8
core   0: 3 0x8000d56c (0xff9ff06f)
core   0: 0x8000d564 (0x00003f17) auipc   t5, 0x3
core   0: 3 0x8000d564 (0x00003f17) x30 0x80010564
core   0: 0x8000d568 (0xa83f2e23) sw      gp, -1380(t5)
core   0: 3 0x8000d568 (0xa83f2e23) mem 0x80010000 0x00000001
core   0: 0x8000d56c (0xff9ff06f) j       pc - 0x8
core   0: 3 0x8000d56c (0xff9ff06f)
core   0: 0x8000d564 (0x00003f17) auipc   t5, 0x3
core   0: 3 0x8000d564 (0x00003f17) x30 0x80010564
core   0: 0x8000d568 (0xa83f2e23) sw      gp, -1380(t5)
core   0: 3 0x8000d568 (0xa83f2e23) mem 0x80010000 0x00000001
core   0: 0x8000d56c (0xff9ff06f) j       pc - 0x8
core   0: 3 0x8000d56c (0xff9ff06f)
core   0: 0x8000d564 (0x00003f17) auipc   t5, 0x3
core   0: 3 0x8000d564 (0x00003f17) x30 0x80010564
core   0: 0x8000d568 (0xa83f2e23) sw      gp, -1380(t5)
core   0: 3 0x8000d568 (0xa83f2e23) mem 0x80010000 0x00000001
core   0: 0x8000d56c (0xff9ff06f) j       pc - 0x8
core   0: 3 0x8000d56c (0xff9ff06f)
core   0: 0x8000d564 (0x00003f17) auipc   t5, 0x3
core   0: 3 0x8000d564 (0x00003f17) x30 0x80010564
core   0: 0x8000d568 (0xa83f2e23) sw      gp, -1380(t5)
core   0: 3 0x8000d568 (0xa83f2e23) mem 0x80010000 0x00000001
core   0: 0x8000d56c (0xff9ff06f) j       pc - 0x8
core   0: 3 0x8000d56c (0xff9ff06f)
core   0: 0x8000d564 (0x00003f17) auipc   t5, 0x3
core   0: 3 0x8000d564 (0x00003f17) x30 0x80010564
core   0: 0x8000d568 (0xa83f2e23) sw      gp, -1380(t5)
core   0: 3 0x8000d568 (0xa83f2e23) mem 0x80010000 0x00000001
core   0: 0x8000d56c (0xff9ff06f) j       pc - 0x8
core   0: 3 0x8000d56c (0xff9ff06f)
core   0: 0x8000d564 (0x00003f17) auipc   t5, 0x3
core   0: 3 0x8000d564 (0x00003f17) x30 0x80010564
core   0: 0x8000d568 (0xa83f2e23) sw      gp, -1380(t5)
core   0: 3 0x8000d568 (0xa83f2e23) mem 0x80010000 0x00000001
core   0: 0x8000d56c (0xff9ff06f) j       pc - 0x8
core   0: 3 0x8000d56c (0xff9ff06f)
core   0: 0x8000d564 (0x00003f17) auipc   t5, 0x3
core   0: 3 0x8000d564 (0x00003f17) x30 0x80010564
core   0: 0x8000d568 (0xa83f2e23) sw      gp, -1380(t5)
core   0: 3 0x8000d568 (0xa83f2e23) mem 0x80010000 0x00000001
core   0: 0x8000d56c (0xff9ff06f) j       pc - 0x8
core   0: 3 0x8000d56c (0xff9ff06f)
core   0: 0x8000d564 (0x00003f17) auipc   t5, 0x3
core   0: 3 0x8000d564 (0x00003f17) x30 0x80010564
core   0: 0x8000d568 (0xa83f2e23) sw      gp, -1380(t5)
core   0: 3 0x8000d568 (0xa83f2e23) mem 0x80010000 0x00000001
core   0: 0x8000d56c (0xff9ff06f) j       pc - 0x8
core   0: 3 0x8000d56c (0xff9ff06f)
core   0: 0x8000d564 (0x00003f17) auipc   t5, 0x3
core   0: 3 0x8000d564 (0x00003f17) x30 0x80010564
core   0: 0x8000d568 (0xa83f2e23) sw      gp, -1380(t5)
core   0: 3 0x8000d568 (0xa83f2e23) mem 0x80010000 0x00000001
core   0: 0x8000d56c (0xff9ff06f) j       pc - 0x8
core   0: 3 0x8000d56c (0xff9ff06f)
core   0: 0x8000d564 (0x00003f17) auipc   t5, 0x3
core   0: 3 0x8000d564 (0x00003f17) x30 0x80010564
core   0: 0x8000d568 (0xa83f2e23) sw      gp, -1380(t5)
core   0: 3 0x8000d568 (0xa83f2e23) mem 0x80010000 0x00000001
core   0: 0x8000d56c (0xff9ff06f) j       pc - 0x8
core   0: 3 0x8000d56c (0xff9ff06f)
core   0: 0x8000d564 (0x00003f17) auipc   t5, 0x3
core   0: 3 0x8000d564 (0x00003f17) x30 0x80010564
core   0: 0x8000d568 (0xa83f2e23) sw      gp, -1380(t5)
core   0: 3 0x8000d568 (0xa83f2e23) mem 0x80010000 0x00000001
core   0: 0x8000d56c (0xff9ff06f) j       pc - 0x8
core   0: 3 0x8000d56c (0xff9ff06f)
core   0: 0x8000d564 (0x00003f17) auipc   t5, 0x3
core   0: 3 0x8000d564 (0x00003f17) x30 0x80010564
core   0: 0x8000d568 (0xa83f2e23) sw      gp, -1380(t5)
core   0: 3 0x8000d568 (0xa83f2e23) mem 0x80010000 0x00000001
core   0: 0x8000d56c (0xff9ff06f) j       pc - 0x8
core   0: 3 0x8000d56c (0xff9ff06f)
core   0: 0x8000d564 (0x00003f17) auipc   t5, 0x3
core   0: 3 0x8000d564 (0x00003f17) x30 0x80010564
core   0: 0x8000d568 (0xa83f2e23) sw      gp, -1380(t5)
core   0: 3 0x8000d568 (0xa83f2e23) mem 0x80010000 0x00000001
core   0: 0x8000d56c (0xff9ff06f) j       pc - 0x8
core   0: 3 0x8000d56c (0xff9ff06f)
core   0: 0x8000d564 (0x00003f17) auipc   t5, 0x3
core   0: 3 0x8000d564 (0x00003f17) x30 0x80010564
core   0: 0x8000d568 (0xa83f2e23) sw      gp, -1380(t5)
core   0: 3 0x8000d568 (0xa83f2e23) mem 0x80010000 0x00000001
core   0: 0x8000d56c (0xff9ff06f) j       pc - 0x8
core   0: 3 0x8000d56c (0xff9ff06f)
core   0: 0x8000d564 (0x00003f17) auipc   t5, 0x3
core   0: 3 0x8000d564 (0x00003f17) x30 0x80010564
core   0: 0x8000d568 (0xa83f2e23) sw      gp, -1380(t5)
core   0: 3 0x8000d568 (0xa83f2e23) mem 0x80010000 0x00000001
core   0: 0x8000d56c (0xff9ff06f) j       pc - 0x8
core   0: 3 0x8000d56c (0xff9ff06f)
core   0: 0x8000d564 (0x00003f17) auipc   t5, 0x3
core   0: 3 0x8000d564 (0x00003f17) x30 0x80010564
core   0: 0x8000d568 (0xa83f2e23) sw      gp, -1380(t5)
core   0: 3 0x8000d568 (0xa83f2e23) mem 0x80010000 0x00000001
core   0: 0x8000d56c (0xff9ff06f) j       pc - 0x8
core   0: 3 0x8000d56c (0xff9ff06f)
core   0: 0x8000d564 (0x00003f17) auipc   t5, 0x3
core   0: 3 0x8000d564 (0x00003f17) x30 0x80010564
core   0: 0x8000d568 (0xa83f2e23) sw      gp, -1380(t5)
core   0: 3 0x8000d568 (0xa83f2e23) mem 0x80010000 0x00000001
core   0: 0x8000d56c (0xff9ff06f) j       pc - 0x8
core   0: 3 0x8000d56c (0xff9ff06f)
core   0: 0x8000d564 (0x00003f17) auipc   t5, 0x3
core   0: 3 0x8000d564 (0x00003f17) x30 0x80010564
core   0: 0x8000d568 (0xa83f2e23) sw      gp, -1380(t5)
core   0: 3 0x8000d568 (0xa83f2e23) mem 0x80010000 0x00000001
core   0: 0x8000d56c (0xff9ff06f) j       pc - 0x8
core   0: 3 0x8000d56c (0xff9ff06f)
core   0: 0x8000d564 (0x00003f17) auipc   t5, 0x3
core   0: 3 0x8000d564 (0x00003f17) x30 0x80010564
core   0: 0x8000d568 (0xa83f2e23) sw      gp, -1380(t5)
core   0: 3 0x8000d568 (0xa83f2e23) mem 0x80010000 0x00000001
core   0: 0x8000d56c (0xff9ff06f) j       pc - 0x8
core   0: 3 0x8000d56c (0xff9ff06f)
core   0: 0x8000d564 (0x00003f17) auipc   t5, 0x3
core   0: 3 0x8000d564 (0x00003f17) x30 0x80010564
core   0: 0x8000d568 (0xa83f2e23) sw      gp, -1380(t5)
core   0: 3 0x8000d568 (0xa83f2e23) mem 0x80010000 0x00000001
core   0: 0x8000d56c (0xff9ff06f) j       pc - 0x8
core   0: 3 0x8000d56c (0xff9ff06f)
core   0: 0x8000d564 (0x00003f17) auipc   t5, 0x3
core   0: 3 0x8000d564 (0x00003f17) x30 0x80010564
core   0: 0x8000d568 (0xa83f2e23) sw      gp, -1380(t5)
core   0: 3 0x8000d568 (0xa83f2e23) mem 0x80010000 0x00000001
core   0: 0x8000d56c (0xff9ff06f) j       pc - 0x8
core   0: 3 0x8000d56c (0xff9ff06f)
core   0: 0x8000d564 (0x00003f17) auipc   t5, 0x3
core   0: 3 0x8000d564 (0x00003f17) x30 0x80010564
core   0: 0x8000d568 (0xa83f2e23) sw      gp, -1380(t5)
core   0: 3 0x8000d568 (0xa83f2e23) mem 0x80010000 0x00000001
core   0: 0x8000d56c (0xff9ff06f) j       pc - 0x8
core   0: 3 0x8000d56c (0xff9ff06f)
core   0: 0x8000d564 (0x00003f17) auipc   t5, 0x3
core   0: 3 0x8000d564 (0x00003f17) x30 0x80010564
core   0: 0x8000d568 (0xa83f2e23) sw      gp, -1380(t5)
core   0: 3 0x8000d568 (0xa83f2e23) mem 0x80010000 0x00000001
core   0: 0x8000d56c (0xff9ff06f) j       pc - 0x8
core   0: 3 0x8000d56c (0xff9ff06f)
core   0: 0x8000d564 (0x00003f17) auipc   t5, 0x3
core   0: 3 0x8000d564 (0x00003f17) x30 0x80010564
core   0: 0x8000d568 (0xa83f2e23) sw      gp, -1380(t5)
core   0: 3 0x8000d568 (0xa83f2e23) mem 0x80010000 0x00000001
core   0: 0x8000d56c (0xff9ff06f) j       pc - 0x8
core   0: 3 0x8000d56c (0xff9ff06f)
core   0: 0x8000d564 (0x00003f17) auipc   t5, 0x3
core   0: 3 0x8000d564 (0x00003f17) x30 0x80010564
core   0: 0x8000d568 (0xa83f2e23) sw      gp, -1380(t5)
core   0: 3 0x8000d568 (0xa83f2e23) mem 0x80010000 0x00000001
core   0: 0x8000d56c (0xff9ff06f) j       pc - 0x8
core   0: 3 0x8000d56c (0xff9ff06f)
core   0: 0x8000d564 (0x00003f17) auipc   t5, 0x3
core   0: 3 0x8000d564 (0x00003f17) x30 0x80010564
core   0: 0x8000d568 (0xa83f2e23) sw      gp, -1380(t5)
core   0: 3 0x8000d568 (0xa83f2e23) mem 0x80010000 0x00000001
core   0: 0x8000d56c (0xff9ff06f) j       pc - 0x8
core   0: 3 0x8000d56c (0xff9ff06f)
core   0: 0x8000d564 (0x00003f17) auipc   t5, 0x3
core   0: 3 0x8000d564 (0x00003f17) x30 0x80010564
core   0: 0x8000d568 (0xa83f2e23) sw      gp, -1380(t5)
core   0: 3 0x8000d568 (0xa83f2e23) mem 0x80010000 0x00000001
core   0: 0x8000d56c (0xff9ff06f) j       pc - 0x8
core   0: 3 0x8000d56c (0xff9ff06f)
core   0: 0x8000d564 (0x00003f17) auipc   t5, 0x3
core   0: 3 0x8000d564 (0x00003f17) x30 0x80010564
core   0: 0x8000d568 (0xa83f2e23) sw      gp, -1380(t5)
core   0: 3 0x8000d568 (0xa83f2e23) mem 0x80010000 0x00000001
core   0: 0x8000d56c (0xff9ff06f) j       pc - 0x8
core   0: 3 0x8000d56c (0xff9ff06f)
core   0: 0x8000d564 (0x00003f17) auipc   t5, 0x3
core   0: 3 0x8000d564 (0x00003f17) x30 0x80010564
core   0: 0x8000d568 (0xa83f2e23) sw      gp, -1380(t5)
core   0: 3 0x8000d568 (0xa83f2e23) mem 0x80010000 0x00000001
core   0: 0x8000d56c (0xff9ff06f) j       pc - 0x8
core   0: 3 0x8000d56c (0xff9ff06f)
core   0: 0x8000d564 (0x00003f17) auipc   t5, 0x3
core   0: 3 0x8000d564 (0x00003f17) x30 0x80010564
core   0: 0x8000d568 (0xa83f2e23) sw      gp, -1380(t5)
core   0: 3 0x8000d568 (0xa83f2e23) mem 0x80010000 0x00000001
core   0: 0x8000d56c (0xff9ff06f) j       pc - 0x8
core   0: 3 0x8000d56c (0xff9ff06f)
core   0: 0x8000d564 (0x00003f17) auipc   t5, 0x3
core   0: 3 0x8000d564 (0x00003f17) x30 0x80010564
core   0: 0x8000d568 (0xa83f2e23) sw      gp, -1380(t5)
core   0: 3 0x8000d568 (0xa83f2e23) mem 0x80010000 0x00000001
core   0: 0x8000d56c (0xff9ff06f) j       pc - 0x8
core   0: 3 0x8000d56c (0xff9ff06f)
core   0: 0x8000d564 (0x00003f17) auipc   t5, 0x3
core   0: 3 0x8000d564 (0x00003f17) x30 0x80010564
core   0: 0x8000d568 (0xa83f2e23) sw      gp, -1380(t5)
core   0: 3 0x8000d568 (0xa83f2e23) mem 0x80010000 0x00000001
core   0: 0x8000d56c (0xff9ff06f) j       pc - 0x8
core   0: 3 0x8000d56c (0xff9ff06f)
core   0: 0x8000d564 (0x00003f17) auipc   t5, 0x3
core   0: 3 0x8000d564 (0x00003f17) x30 0x80010564
core   0: 0x8000d568 (0xa83f2e23) sw      gp, -1380(t5)
core   0: 3 0x8000d568 (0xa83f2e23) mem 0x80010000 0x00000001
core   0: 0x8000d56c (0xff9ff06f) j       pc - 0x8
core   0: 3 0x8000d56c (0xff9ff06f)
core   0: 0x8000d564 (0x00003f17) auipc   t5, 0x3
core   0: 3 0x8000d564 (0x00003f17) x30 0x80010564
core   0: 0x8000d568 (0xa83f2e23) sw      gp, -1380(t5)
core   0: 3 0x8000d568 (0xa83f2e23) mem 0x80010000 0x00000001
core   0: 0x8000d56c (0xff9ff06f) j       pc - 0x8
core   0: 3 0x8000d56c (0xff9ff06f)
core   0: 0x8000d564 (0x00003f17) auipc   t5, 0x3
core   0: 3 0x8000d564 (0x00003f17) x30 0x80010564
core   0: 0x8000d568 (0xa83f2e23) sw      gp, -1380(t5)
core   0: 3 0x8000d568 (0xa83f2e23) mem 0x80010000 0x00000001
core   0: 0x8000d56c (0xff9ff06f) j       pc - 0x8
core   0: 3 0x8000d56c (0xff9ff06f)
core   0: 0x8000d564 (0x00003f17) auipc   t5, 0x3
core   0: 3 0x8000d564 (0x00003f17) x30 0x80010564
core   0: 0x8000d568 (0xa83f2e23) sw      gp, -1380(t5)
core   0: 3 0x8000d568 (0xa83f2e23) mem 0x80010000 0x00000001
core   0: 0x8000d56c (0xff9ff06f) j       pc - 0x8
core   0: 3 0x8000d56c (0xff9ff06f)
core   0: 0x8000d564 (0x00003f17) auipc   t5, 0x3
core   0: 3 0x8000d564 (0x00003f17) x30 0x80010564
core   0: 0x8000d568 (0xa83f2e23) sw      gp, -1380(t5)
core   0: 3 0x8000d568 (0xa83f2e23) mem 0x80010000 0x00000001
core   0: 0x8000d56c (0xff9ff06f) j       pc - 0x8
core   0: 3 0x8000d56c (0xff9ff06f)
core   0: 0x8000d564 (0x00003f17) auipc   t5, 0x3
core   0: 3 0x8000d564 (0x00003f17) x30 0x80010564
core   0: 0x8000d568 (0xa83f2e23) sw      gp, -1380(t5)
core   0: 3 0x8000d568 (0xa83f2e23) mem 0x80010000 0x00000001
core   0: 0x8000d56c (0xff9ff06f) j       pc - 0x8
core   0: 3 0x8000d56c (0xff9ff06f)
core   0: 0x8000d564 (0x00003f17) auipc   t5, 0x3
core   0: 3 0x8000d564 (0x00003f17) x30 0x80010564
core   0: 0x8000d568 (0xa83f2e23) sw      gp, -1380(t5)
core   0: 3 0x8000d568 (0xa83f2e23) mem 0x80010000 0x00000001
core   0: 0x8000d56c (0xff9ff06f) j       pc - 0x8
core   0: 3 0x8000d56c (0xff9ff06f)
core   0: 0x8000d564 (0x00003f17) auipc   t5, 0x3
core   0: 3 0x8000d564 (0x00003f17) x30 0x80010564
core   0: 0x8000d568 (0xa83f2e23) sw      gp, -1380(t5)
core   0: 3 0x8000d568 (0xa83f2e23) mem 0x80010000 0x00000001
core   0: 0x8000d56c (0xff9ff06f) j       pc - 0x8
core   0: 3 0x8000d56c (0xff9ff06f)
core   0: 0x8000d564 (0x00003f17) auipc   t5, 0x3
core   0: 3 0x8000d564 (0x00003f17) x30 0x80010564
core   0: 0x8000d568 (0xa83f2e23) sw      gp, -1380(t5)
core   0: 3 0x8000d568 (0xa83f2e23) mem 0x80010000 0x00000001
core   0: 0x8000d56c (0xff9ff06f) j       pc - 0x8
core   0: 3 0x8000d56c (0xff9ff06f)
core   0: 0x8000d564 (0x00003f17) auipc   t5, 0x3
core   0: 3 0x8000d564 (0x00003f17) x30 0x80010564
core   0: 0x8000d568 (0xa83f2e23) sw      gp, -1380(t5)
core   0: 3 0x8000d568 (0xa83f2e23) mem 0x80010000 0x00000001
core   0: 0x8000d56c (0xff9ff06f) j       pc - 0x8
core   0: 3 0x8000d56c (0xff9ff06f)
core   0: 0x8000d564 (0x00003f17) auipc   t5, 0x3
core   0: 3 0x8000d564 (0x00003f17) x30 0x80010564
core   0: 0x8000d568 (0xa83f2e23) sw      gp, -1380(t5)
core   0: 3 0x8000d568 (0xa83f2e23) mem 0x80010000 0x00000001
core   0: 0x8000d56c (0xff9ff06f) j       pc - 0x8
core   0: 3 0x8000d56c (0xff9ff06f)
core   0: 0x8000d564 (0x00003f17) auipc   t5, 0x3
core   0: 3 0x8000d564 (0x00003f17) x30 0x80010564
core   0: 0x8000d568 (0xa83f2e23) sw      gp, -1380(t5)
core   0: 3 0x8000d568 (0xa83f2e23) mem 0x80010000 0x00000001
core   0: 0x8000d56c (0xff9ff06f) j       pc - 0x8
core   0: 3 0x8000d56c (0xff9ff06f)
core   0: 0x8000d564 (0x00003f17) auipc   t5, 0x3
core   0: 3 0x8000d564 (0x00003f17) x30 0x80010564
core   0: 0x8000d568 (0xa83f2e23) sw      gp, -1380(t5)
core   0: 3 0x8000d568 (0xa83f2e23) mem 0x80010000 0x00000001
core   0: 0x8000d56c (0xff9ff06f) j       pc - 0x8
core   0: 3 0x8000d56c (0xff9ff06f)
core   0: 0x8000d564 (0x00003f17) auipc   t5, 0x3
core   0: 3 0x8000d564 (0x00003f17) x30 0x80010564
core   0: 0x8000d568 (0xa83f2e23) sw      gp, -1380(t5)
core   0: 3 0x8000d568 (0xa83f2e23) mem 0x80010000 0x00000001
core   0: 0x8000d56c (0xff9ff06f) j       pc - 0x8
core   0: 3 0x8000d56c (0xff9ff06f)
core   0: 0x8000d564 (0x00003f17) auipc   t5, 0x3
core   0: 3 0x8000d564 (0x00003f17) x30 0x80010564
core   0: 0x8000d568 (0xa83f2e23) sw      gp, -1380(t5)
core   0: 3 0x8000d568 (0xa83f2e23) mem 0x80010000 0x00000001
core   0: 0x8000d56c (0xff9ff06f) j       pc - 0x8
core   0: 3 0x8000d56c (0xff9ff06f)
core   0: 0x8000d564 (0x00003f17) auipc   t5, 0x3
core   0: 3 0x8000d564 (0x00003f17) x30 0x80010564
core   0: 0x8000d568 (0xa83f2e23) sw      gp, -1380(t5)
core   0: 3 0x8000d568 (0xa83f2e23) mem 0x80010000 0x00000001
core   0: 0x8000d56c (0xff9ff06f) j       pc - 0x8
core   0: 3 0x8000d56c (0xff9ff06f)
core   0: 0x8000d564 (0x00003f17) auipc   t5, 0x3
core   0: 3 0x8000d564 (0x00003f17) x30 0x80010564
core   0: 0x8000d568 (0xa83f2e23) sw      gp, -1380(t5)
core   0: 3 0x8000d568 (0xa83f2e23) mem 0x80010000 0x00000001
core   0: 0x8000d56c (0xff9ff06f) j       pc - 0x8
core   0: 3 0x8000d56c (0xff9ff06f)
core   0: 0x8000d564 (0x00003f17) auipc   t5, 0x3
core   0: 3 0x8000d564 (0x00003f17) x30 0x80010564
core   0: 0x8000d568 (0xa83f2e23) sw      gp, -1380(t5)
core   0: 3 0x8000d568 (0xa83f2e23) mem 0x80010000 0x00000001
core   0: 0x8000d56c (0xff9ff06f) j       pc - 0x8
core   0: 3 0x8000d56c (0xff9ff06f)
core   0: 0x8000d564 (0x00003f17) auipc   t5, 0x3
core   0: 3 0x8000d564 (0x00003f17) x30 0x80010564
core   0: 0x8000d568 (0xa83f2e23) sw      gp, -1380(t5)
core   0: 3 0x8000d568 (0xa83f2e23) mem 0x80010000 0x00000001
core   0: 0x8000d56c (0xff9ff06f) j       pc - 0x8
core   0: 3 0x8000d56c (0xff9ff06f)
core   0: 0x8000d564 (0x00003f17) auipc   t5, 0x3
core   0: 3 0x8000d564 (0x00003f17) x30 0x80010564
core   0: 0x8000d568 (0xa83f2e23) sw      gp, -1380(t5)
core   0: 3 0x8000d568 (0xa83f2e23) mem 0x80010000 0x00000001
core   0: 0x8000d56c (0xff9ff06f) j       pc - 0x8
core   0: 3 0x8000d56c (0xff9ff06f)
core   0: 0x8000d564 (0x00003f17) auipc   t5, 0x3
core   0: 3 0x8000d564 (0x00003f17) x30 0x80010564
core   0: 0x8000d568 (0xa83f2e23) sw      gp, -1380(t5)
core   0: 3 0x8000d568 (0xa83f2e23) mem 0x80010000 0x00000001
core   0: 0x8000d56c (0xff9ff06f) j       pc - 0x8
core   0: 3 0x8000d56c (0xff9ff06f)
core   0: 0x8000d564 (0x00003f17) auipc   t5, 0x3
core   0: 3 0x8000d564 (0x00003f17) x30 0x80010564
core   0: 0x8000d568 (0xa83f2e23) sw      gp, -1380(t5)
core   0: 3 0x8000d568 (0xa83f2e23) mem 0x80010000 0x00000001
core   0: 0x8000d56c (0xff9ff06f) j       pc - 0x8
core   0: 3 0x8000d56c (0xff9ff06f)
core   0: 0x8000d564 (0x00003f17) auipc   t5, 0x3
core   0: 3 0x8000d564 (0x00003f17) x30 0x80010564
core   0: 0x8000d568 (0xa83f2e23) sw      gp, -1380(t5)
core   0: 3 0x8000d568 (0xa83f2e23) mem 0x80010000 0x00000001
core   0: 0x8000d56c (0xff9ff06f) j       pc - 0x8
core   0: 3 0x8000d56c (0xff9ff06f)
core   0: 0x8000d564 (0x00003f17) auipc   t5, 0x3
core   0: 3 0x8000d564 (0x00003f17) x30 0x80010564
core   0: 0x8000d568 (0xa83f2e23) sw      gp, -1380(t5)
core   0: 3 0x8000d568 (0xa83f2e23) mem 0x80010000 0x00000001
core   0: 0x8000d56c (0xff9ff06f) j       pc - 0x8
core   0: 3 0x8000d56c (0xff9ff06f)
core   0: 0x8000d564 (0x00003f17) auipc   t5, 0x3
core   0: 3 0x8000d564 (0x00003f17) x30 0x80010564
core   0: 0x8000d568 (0xa83f2e23) sw      gp, -1380(t5)
core   0: 3 0x8000d568 (0xa83f2e23) mem 0x80010000 0x00000001
core   0: 0x8000d56c (0xff9ff06f) j       pc - 0x8
core   0: 3 0x8000d56c (0xff9ff06f)
core   0: 0x8000d564 (0x00003f17) auipc   t5, 0x3
core   0: 3 0x8000d564 (0x00003f17) x30 0x80010564
core   0: 0x8000d568 (0xa83f2e23) sw      gp, -1380(t5)
core   0: 3 0x8000d568 (0xa83f2e23) mem 0x80010000 0x00000001
core   0: 0x8000d56c (0xff9ff06f) j       pc - 0x8
core   0: 3 0x8000d56c (0xff9ff06f)
core   0: 0x8000d564 (0x00003f17) auipc   t5, 0x3
core   0: 3 0x8000d564 (0x00003f17) x30 0x80010564
core   0: 0x8000d568 (0xa83f2e23) sw      gp, -1380(t5)
core   0: 3 0x8000d568 (0xa83f2e23) mem 0x80010000 0x00000001
core   0: 0x8000d56c (0xff9ff06f) j       pc - 0x8
core   0: 3 0x8000d56c (0xff9ff06f)
core   0: 0x8000d564 (0x00003f17) auipc   t5, 0x3
core   0: 3 0x8000d564 (0x00003f17) x30 0x80010564
core   0: 0x8000d568 (0xa83f2e23) sw      gp, -1380(t5)
core   0: 3 0x8000d568 (0xa83f2e23) mem 0x80010000 0x00000001
core   0: 0x8000d56c (0xff9ff06f) j       pc - 0x8
core   0: 3 0x8000d56c (0xff9ff06f)
core   0: 0x8000d564 (0x00003f17) auipc   t5, 0x3
core   0: 3 0x8000d564 (0x00003f17) x30 0x80010564
core   0: 0x8000d568 (0xa83f2e23) sw      gp, -1380(t5)
core   0: 3 0x8000d568 (0xa83f2e23) mem 0x80010000 0x00000001
core   0: 0x8000d56c (0xff9ff06f) j       pc - 0x8
core   0: 3 0x8000d56c (0xff9ff06f)
core   0: 0x8000d564 (0x00003f17) auipc   t5, 0x3
core   0: 3 0x8000d564 (0x00003f17) x30 0x80010564
core   0: 0x8000d568 (0xa83f2e23) sw      gp, -1380(t5)
core   0: 3 0x8000d568 (0xa83f2e23) mem 0x80010000 0x00000001
core   0: 0x8000d56c (0xff9ff06f) j       pc - 0x8
core   0: 3 0x8000d56c (0xff9ff06f)
core   0: 0x8000d564 (0x00003f17) auipc   t5, 0x3
core   0: 3 0x8000d564 (0x00003f17) x30 0x80010564
core   0: 0x8000d568 (0xa83f2e23) sw      gp, -1380(t5)
core   0: 3 0x8000d568 (0xa83f2e23) mem 0x80010000 0x00000001
core   0: 0x8000d56c (0xff9ff06f) j       pc - 0x8
core   0: 3 0x8000d56c (0xff9ff06f)
core   0: 0x8000d564 (0x00003f17) auipc   t5, 0x3
core   0: 3 0x8000d564 (0x00003f17) x30 0x80010564
core   0: 0x8000d568 (0xa83f2e23) sw      gp, -1380(t5)
core   0: 3 0x8000d568 (0xa83f2e23) mem 0x80010000 0x00000001
core   0: 0x8000d56c (0xff9ff06f) j       pc - 0x8
core   0: 3 0x8000d56c (0xff9ff06f)
core   0: 0x8000d564 (0x00003f17) auipc   t5, 0x3
core   0: 3 0x8000d564 (0x00003f17) x30 0x80010564
core   0: 0x8000d568 (0xa83f2e23) sw      gp, -1380(t5)
core   0: 3 0x8000d568 (0xa83f2e23) mem 0x80010000 0x00000001
core   0: 0x8000d56c (0xff9ff06f) j       pc - 0x8
core   0: 3 0x8000d56c (0xff9ff06f)
core   0: 0x8000d564 (0x00003f17) auipc   t5, 0x3
core   0: 3 0x8000d564 (0x00003f17) x30 0x80010564
core   0: 0x8000d568 (0xa83f2e23) sw      gp, -1380(t5)
core   0: 3 0x8000d568 (0xa83f2e23) mem 0x80010000 0x00000001
core   0: 0x8000d56c (0xff9ff06f) j       pc - 0x8
core   0: 3 0x8000d56c (0xff9ff06f)
core   0: 0x8000d564 (0x00003f17) auipc   t5, 0x3
core   0: 3 0x8000d564 (0x00003f17) x30 0x80010564
core   0: 0x8000d568 (0xa83f2e23) sw      gp, -1380(t5)
core   0: 3 0x8000d568 (0xa83f2e23) mem 0x80010000 0x00000001
core   0: 0x8000d56c (0xff9ff06f) j       pc - 0x8
core   0: 3 0x8000d56c (0xff9ff06f)
core   0: 0x8000d564 (0x00003f17) auipc   t5, 0x3
core   0: 3 0x8000d564 (0x00003f17) x30 0x80010564
core   0: 0x8000d568 (0xa83f2e23) sw      gp, -1380(t5)
core   0: 3 0x8000d568 (0xa83f2e23) mem 0x80010000 0x00000001
core   0: 0x8000d56c (0xff9ff06f) j       pc - 0x8
core   0: 3 0x8000d56c (0xff9ff06f)
core   0: 0x8000d564 (0x00003f17) auipc   t5, 0x3
core   0: 3 0x8000d564 (0x00003f17) x30 0x80010564
core   0: 0x8000d568 (0xa83f2e23) sw      gp, -1380(t5)
core   0: 3 0x8000d568 (0xa83f2e23) mem 0x80010000 0x00000001
core   0: 0x8000d56c (0xff9ff06f) j       pc - 0x8
core   0: 3 0x8000d56c (0xff9ff06f)
core   0: 0x8000d564 (0x00003f17) auipc   t5, 0x3
core   0: 3 0x8000d564 (0x00003f17) x30 0x80010564
core   0: 0x8000d568 (0xa83f2e23) sw      gp, -1380(t5)
core   0: 3 0x8000d568 (0xa83f2e23) mem 0x80010000 0x00000001
core   0: 0x8000d56c (0xff9ff06f) j       pc - 0x8
core   0: 3 0x8000d56c (0xff9ff06f)
core   0: 0x8000d564 (0x00003f17) auipc   t5, 0x3
core   0: 3 0x8000d564 (0x00003f17) x30 0x80010564
core   0: 0x8000d568 (0xa83f2e23) sw      gp, -1380(t5)
core   0: 3 0x8000d568 (0xa83f2e23) mem 0x80010000 0x00000001
core   0: 0x8000d56c (0xff9ff06f) j       pc - 0x8
core   0: 3 0x8000d56c (0xff9ff06f)
core   0: 0x8000d564 (0x00003f17) auipc   t5, 0x3
core   0: 3 0x8000d564 (0x00003f17) x30 0x80010564
core   0: 0x8000d568 (0xa83f2e23) sw      gp, -1380(t5)
core   0: 3 0x8000d568 (0xa83f2e23) mem 0x80010000 0x00000001
core   0: 0x8000d56c (0xff9ff06f) j       pc - 0x8
core   0: 3 0x8000d56c (0xff9ff06f)
core   0: 0x8000d564 (0x00003f17) auipc   t5, 0x3
core   0: 3 0x8000d564 (0x00003f17) x30 0x80010564
core   0: 0x8000d568 (0xa83f2e23) sw      gp, -1380(t5)
core   0: 3 0x8000d568 (0xa83f2e23) mem 0x80010000 0x00000001
core   0: 0x8000d56c (0xff9ff06f) j       pc - 0x8
core   0: 3 0x8000d56c (0xff9ff06f)
core   0: 0x8000d564 (0x00003f17) auipc   t5, 0x3
core   0: 3 0x8000d564 (0x00003f17) x30 0x80010564
core   0: 0x8000d568 (0xa83f2e23) sw      gp, -1380(t5)
core   0: 3 0x8000d568 (0xa83f2e23) mem 0x80010000 0x00000001
core   0: 0x8000d56c (0xff9ff06f) j       pc - 0x8
core   0: 3 0x8000d56c (0xff9ff06f)
core   0: 0x8000d564 (0x00003f17) auipc   t5, 0x3
core   0: 3 0x8000d564 (0x00003f17) x30 0x80010564
core   0: 0x8000d568 (0xa83f2e23) sw      gp, -1380(t5)
core   0: 3 0x8000d568 (0xa83f2e23) mem 0x80010000 0x00000001
core   0: 0x8000d56c (0xff9ff06f) j       pc - 0x8
core   0: 3 0x8000d56c (0xff9ff06f)
core   0: 0x8000d564 (0x00003f17) auipc   t5, 0x3
core   0: 3 0x8000d564 (0x00003f17) x30 0x80010564
core   0: 0x8000d568 (0xa83f2e23) sw      gp, -1380(t5)
core   0: 3 0x8000d568 (0xa83f2e23) mem 0x80010000 0x00000001
core   0: 0x8000d56c (0xff9ff06f) j       pc - 0x8
core   0: 3 0x8000d56c (0xff9ff06f)
core   0: 0x8000d564 (0x00003f17) auipc   t5, 0x3
core   0: 3 0x8000d564 (0x00003f17) x30 0x80010564
core   0: 0x8000d568 (0xa83f2e23) sw      gp, -1380(t5)
core   0: 3 0x8000d568 (0xa83f2e23) mem 0x80010000 0x00000001
core   0: 0x8000d56c (0xff9ff06f) j       pc - 0x8
core   0: 3 0x8000d56c (0xff9ff06f)
core   0: 0x8000d564 (0x00003f17) auipc   t5, 0x3
core   0: 3 0x8000d564 (0x00003f17) x30 0x80010564
core   0: 0x8000d568 (0xa83f2e23) sw      gp, -1380(t5)
core   0: 3 0x8000d568 (0xa83f2e23) mem 0x80010000 0x00000001
core   0: 0x8000d56c (0xff9ff06f) j       pc - 0x8
core   0: 3 0x8000d56c (0xff9ff06f)
core   0: 0x8000d564 (0x00003f17) auipc   t5, 0x3
core   0: 3 0x8000d564 (0x00003f17) x30 0x80010564
core   0: 0x8000d568 (0xa83f2e23) sw      gp, -1380(t5)
core   0: 3 0x8000d568 (0xa83f2e23) mem 0x80010000 0x00000001
core   0: 0x8000d56c (0xff9ff06f) j       pc - 0x8
core   0: 3 0x8000d56c (0xff9ff06f)
core   0: 0x8000d564 (0x00003f17) auipc   t5, 0x3
core   0: 3 0x8000d564 (0x00003f17) x30 0x80010564
core   0: 0x8000d568 (0xa83f2e23) sw      gp, -1380(t5)
core   0: 3 0x8000d568 (0xa83f2e23) mem 0x80010000 0x00000001
core   0: 0x8000d56c (0xff9ff06f) j       pc - 0x8
core   0: 3 0x8000d56c (0xff9ff06f)
core   0: 0x8000d564 (0x00003f17) auipc   t5, 0x3
core   0: 3 0x8000d564 (0x00003f17) x30 0x80010564
core   0: 0x8000d568 (0xa83f2e23) sw      gp, -1380(t5)
core   0: 3 0x8000d568 (0xa83f2e23) mem 0x80010000 0x00000001
core   0: 0x8000d56c (0xff9ff06f) j       pc - 0x8
core   0: 3 0x8000d56c (0xff9ff06f)
core   0: 0x8000d564 (0x00003f17) auipc   t5, 0x3
core   0: 3 0x8000d564 (0x00003f17) x30 0x80010564
core   0: 0x8000d568 (0xa83f2e23) sw      gp, -1380(t5)
core   0: 3 0x8000d568 (0xa83f2e23) mem 0x80010000 0x00000001
core   0: 0x8000d56c (0xff9ff06f) j       pc - 0x8
core   0: 3 0x8000d56c (0xff9ff06f)
core   0: 0x8000d564 (0x00003f17) auipc   t5, 0x3
core   0: 3 0x8000d564 (0x00003f17) x30 0x80010564
core   0: 0x8000d568 (0xa83f2e23) sw      gp, -1380(t5)
core   0: 3 0x8000d568 (0xa83f2e23) mem 0x80010000 0x00000001
core   0: 0x8000d56c (0xff9ff06f) j       pc - 0x8
core   0: 3 0x8000d56c (0xff9ff06f)
core   0: 0x8000d564 (0x00003f17) auipc   t5, 0x3
core   0: 3 0x8000d564 (0x00003f17) x30 0x80010564
core   0: 0x8000d568 (0xa83f2e23) sw      gp, -1380(t5)
core   0: 3 0x8000d568 (0xa83f2e23) mem 0x80010000 0x00000001
core   0: 0x8000d56c (0xff9ff06f) j       pc - 0x8
core   0: 3 0x8000d56c (0xff9ff06f)
core   0: 0x8000d564 (0x00003f17) auipc   t5, 0x3
core   0: 3 0x8000d564 (0x00003f17) x30 0x80010564
core   0: 0x8000d568 (0xa83f2e23) sw      gp, -1380(t5)
core   0: 3 0x8000d568 (0xa83f2e23) mem 0x80010000 0x00000001
core   0: 0x8000d56c (0xff9ff06f) j       pc - 0x8
core   0: 3 0x8000d56c (0xff9ff06f)
core   0: 0x8000d564 (0x00003f17) auipc   t5, 0x3
core   0: 3 0x8000d564 (0x00003f17) x30 0x80010564
core   0: 0x8000d568 (0xa83f2e23) sw      gp, -1380(t5)
core   0: 3 0x8000d568 (0xa83f2e23) mem 0x80010000 0x00000001
core   0: 0x8000d56c (0xff9ff06f) j       pc - 0x8
core   0: 3 0x8000d56c (0xff9ff06f)
core   0: 0x8000d564 (0x00003f17) auipc   t5, 0x3
core   0: 3 0x8000d564 (0x00003f17) x30 0x80010564
core   0: 0x8000d568 (0xa83f2e23) sw      gp, -1380(t5)
core   0: 3 0x8000d568 (0xa83f2e23) mem 0x80010000 0x00000001
core   0: 0x8000d56c (0xff9ff06f) j       pc - 0x8
core   0: 3 0x8000d56c (0xff9ff06f)
core   0: 0x8000d564 (0x00003f17) auipc   t5, 0x3
core   0: 3 0x8000d564 (0x00003f17) x30 0x80010564
core   0: 0x8000d568 (0xa83f2e23) sw      gp, -1380(t5)
core   0: 3 0x8000d568 (0xa83f2e23) mem 0x80010000 0x00000001
core   0: 0x8000d56c (0xff9ff06f) j       pc - 0x8
core   0: 3 0x8000d56c (0xff9ff06f)
core   0: 0x8000d564 (0x00003f17) auipc   t5, 0x3
core   0: 3 0x8000d564 (0x00003f17) x30 0x80010564
core   0: 0x8000d568 (0xa83f2e23) sw      gp, -1380(t5)
core   0: 3 0x8000d568 (0xa83f2e23) mem 0x80010000 0x00000001
core   0: 0x8000d56c (0xff9ff06f) j       pc - 0x8
core   0: 3 0x8000d56c (0xff9ff06f)
core   0: 0x8000d564 (0x00003f17) auipc   t5, 0x3
core   0: 3 0x8000d564 (0x00003f17) x30 0x80010564
core   0: 0x8000d568 (0xa83f2e23) sw      gp, -1380(t5)
core   0: 3 0x8000d568 (0xa83f2e23) mem 0x80010000 0x00000001
core   0: 0x8000d56c (0xff9ff06f) j       pc - 0x8
core   0: 3 0x8000d56c (0xff9ff06f)
core   0: 0x8000d564 (0x00003f17) auipc   t5, 0x3
core   0: 3 0x8000d564 (0x00003f17) x30 0x80010564
core   0: 0x8000d568 (0xa83f2e23) sw      gp, -1380(t5)
core   0: 3 0x8000d568 (0xa83f2e23) mem 0x80010000 0x00000001
core   0: 0x8000d56c (0xff9ff06f) j       pc - 0x8
core   0: 3 0x8000d56c (0xff9ff06f)
core   0: 0x8000d564 (0x00003f17) auipc   t5, 0x3
core   0: 3 0x8000d564 (0x00003f17) x30 0x80010564
core   0: 0x8000d568 (0xa83f2e23) sw      gp, -1380(t5)
core   0: 3 0x8000d568 (0xa83f2e23) mem 0x80010000 0x00000001
core   0: 0x8000d56c (0xff9ff06f) j       pc - 0x8
core   0: 3 0x8000d56c (0xff9ff06f)
core   0: 0x8000d564 (0x00003f17) auipc   t5, 0x3
core   0: 3 0x8000d564 (0x00003f17) x30 0x80010564
core   0: 0x8000d568 (0xa83f2e23) sw      gp, -1380(t5)
core   0: 3 0x8000d568 (0xa83f2e23) mem 0x80010000 0x00000001
core   0: 0x8000d56c (0xff9ff06f) j       pc - 0x8
core   0: 3 0x8000d56c (0xff9ff06f)
core   0: 0x8000d564 (0x00003f17) auipc   t5, 0x3
core   0: 3 0x8000d564 (0x00003f17) x30 0x80010564
core   0: 0x8000d568 (0xa83f2e23) sw      gp, -1380(t5)
core   0: 3 0x8000d568 (0xa83f2e23) mem 0x80010000 0x00000001
core   0: 0x8000d56c (0xff9ff06f) j       pc - 0x8
core   0: 3 0x8000d56c (0xff9ff06f)
core   0: 0x8000d564 (0x00003f17) auipc   t5, 0x3
core   0: 3 0x8000d564 (0x00003f17) x30 0x80010564
core   0: 0x8000d568 (0xa83f2e23) sw      gp, -1380(t5)
core   0: 3 0x8000d568 (0xa83f2e23) mem 0x80010000 0x00000001
core   0: 0x8000d56c (0xff9ff06f) j       pc - 0x8
core   0: 3 0x8000d56c (0xff9ff06f)
core   0: 0x8000d564 (0x00003f17) auipc   t5, 0x3
core   0: 3 0x8000d564 (0x00003f17) x30 0x80010564
core   0: 0x8000d568 (0xa83f2e23) sw      gp, -1380(t5)
core   0: 3 0x8000d568 (0xa83f2e23) mem 0x80010000 0x00000001
core   0: 0x8000d56c (0xff9ff06f) j       pc - 0x8
core   0: 3 0x8000d56c (0xff9ff06f)
core   0: 0x8000d564 (0x00003f17) auipc   t5, 0x3
core   0: 3 0x8000d564 (0x00003f17) x30 0x80010564
core   0: 0x8000d568 (0xa83f2e23) sw      gp, -1380(t5)
core   0: 3 0x8000d568 (0xa83f2e23) mem 0x80010000 0x00000001
core   0: 0x8000d56c (0xff9ff06f) j       pc - 0x8
core   0: 3 0x8000d56c (0xff9ff06f)
core   0: 0x8000d564 (0x00003f17) auipc   t5, 0x3
core   0: 3 0x8000d564 (0x00003f17) x30 0x80010564
core   0: 0x8000d568 (0xa83f2e23) sw      gp, -1380(t5)
core   0: 3 0x8000d568 (0xa83f2e23) mem 0x80010000 0x00000001
core   0: 0x8000d56c (0xff9ff06f) j       pc - 0x8
core   0: 3 0x8000d56c (0xff9ff06f)
core   0: 0x8000d564 (0x00003f17) auipc   t5, 0x3
core   0: 3 0x8000d564 (0x00003f17) x30 0x80010564
core   0: 0x8000d568 (0xa83f2e23) sw      gp, -1380(t5)
core   0: 3 0x8000d568 (0xa83f2e23) mem 0x80010000 0x00000001
core   0: 0x8000d56c (0xff9ff06f) j       pc - 0x8
core   0: 3 0x8000d56c (0xff9ff06f)
core   0: 0x8000d564 (0x00003f17) auipc   t5, 0x3
core   0: 3 0x8000d564 (0x00003f17) x30 0x80010564
core   0: 0x8000d568 (0xa83f2e23) sw      gp, -1380(t5)
core   0: 3 0x8000d568 (0xa83f2e23) mem 0x80010000 0x00000001
core   0: 0x8000d56c (0xff9ff06f) j       pc - 0x8
core   0: 3 0x8000d56c (0xff9ff06f)
core   0: 0x8000d564 (0x00003f17) auipc   t5, 0x3
core   0: 3 0x8000d564 (0x00003f17) x30 0x80010564
core   0: 0x8000d568 (0xa83f2e23) sw      gp, -1380(t5)
core   0: 3 0x8000d568 (0xa83f2e23) mem 0x80010000 0x00000001
core   0: 0x8000d56c (0xff9ff06f) j       pc - 0x8
core   0: 3 0x8000d56c (0xff9ff06f)
core   0: 0x8000d564 (0x00003f17) auipc   t5, 0x3
core   0: 3 0x8000d564 (0x00003f17) x30 0x80010564
core   0: 0x8000d568 (0xa83f2e23) sw      gp, -1380(t5)
core   0: 3 0x8000d568 (0xa83f2e23) mem 0x80010000 0x00000001
core   0: 0x8000d56c (0xff9ff06f) j       pc - 0x8
core   0: 3 0x8000d56c (0xff9ff06f)
core   0: 0x8000d564 (0x00003f17) auipc   t5, 0x3
core   0: 3 0x8000d564 (0x00003f17) x30 0x80010564
core   0: 0x8000d568 (0xa83f2e23) sw      gp, -1380(t5)
core   0: 3 0x8000d568 (0xa83f2e23) mem 0x80010000 0x00000001
core   0: 0x8000d56c (0xff9ff06f) j       pc - 0x8
core   0: 3 0x8000d56c (0xff9ff06f)
core   0: 0x8000d564 (0x00003f17) auipc   t5, 0x3
core   0: 3 0x8000d564 (0x00003f17) x30 0x80010564
core   0: 0x8000d568 (0xa83f2e23) sw      gp, -1380(t5)
core   0: 3 0x8000d568 (0xa83f2e23) mem 0x80010000 0x00000001
core   0: 0x8000d56c (0xff9ff06f) j       pc - 0x8
core   0: 3 0x8000d56c (0xff9ff06f)
core   0: 0x8000d564 (0x00003f17) auipc   t5, 0x3
core   0: 3 0x8000d564 (0x00003f17) x30 0x80010564
core   0: 0x8000d568 (0xa83f2e23) sw      gp, -1380(t5)
core   0: 3 0x8000d568 (0xa83f2e23) mem 0x80010000 0x00000001
core   0: 0x8000d56c (0xff9ff06f) j       pc - 0x8
core   0: 3 0x8000d56c (0xff9ff06f)
core   0: 0x8000d564 (0x00003f17) auipc   t5, 0x3
core   0: 3 0x8000d564 (0x00003f17) x30 0x80010564
core   0: 0x8000d568 (0xa83f2e23) sw      gp, -1380(t5)
core   0: 3 0x8000d568 (0xa83f2e23) mem 0x80010000 0x00000001
core   0: 0x8000d56c (0xff9ff06f) j       pc - 0x8
core   0: 3 0x8000d56c (0xff9ff06f)
core   0: 0x8000d564 (0x00003f17) auipc   t5, 0x3
core   0: 3 0x8000d564 (0x00003f17) x30 0x80010564
core   0: 0x8000d568 (0xa83f2e23) sw      gp, -1380(t5)
core   0: 3 0x8000d568 (0xa83f2e23) mem 0x80010000 0x00000001
core   0: 0x8000d56c (0xff9ff06f) j       pc - 0x8
core   0: 3 0x8000d56c (0xff9ff06f)
core   0: 0x8000d564 (0x00003f17) auipc   t5, 0x3
core   0: 3 0x8000d564 (0x00003f17) x30 0x80010564
core   0: 0x8000d568 (0xa83f2e23) sw      gp, -1380(t5)
core   0: 3 0x8000d568 (0xa83f2e23) mem 0x80010000 0x00000001
core   0: 0x8000d56c (0xff9ff06f) j       pc - 0x8
core   0: 3 0x8000d56c (0xff9ff06f)
core   0: 0x8000d564 (0x00003f17) auipc   t5, 0x3
core   0: 3 0x8000d564 (0x00003f17) x30 0x80010564
core   0: 0x8000d568 (0xa83f2e23) sw      gp, -1380(t5)
core   0: 3 0x8000d568 (0xa83f2e23) mem 0x80010000 0x00000001
core   0: 0x8000d56c (0xff9ff06f) j       pc - 0x8
core   0: 3 0x8000d56c (0xff9ff06f)
core   0: 0x8000d564 (0x00003f17) auipc   t5, 0x3
core   0: 3 0x8000d564 (0x00003f17) x30 0x80010564
core   0: 0x8000d568 (0xa83f2e23) sw      gp, -1380(t5)
core   0: 3 0x8000d568 (0xa83f2e23) mem 0x80010000 0x00000001
core   0: 0x8000d56c (0xff9ff06f) j       pc - 0x8
core   0: 3 0x8000d56c (0xff9ff06f)
core   0: 0x8000d564 (0x00003f17) auipc   t5, 0x3
core   0: 3 0x8000d564 (0x00003f17) x30 0x80010564
core   0: 0x8000d568 (0xa83f2e23) sw      gp, -1380(t5)
core   0: 3 0x8000d568 (0xa83f2e23) mem 0x80010000 0x00000001
core   0: 0x8000d56c (0xff9ff06f) j       pc - 0x8
core   0: 3 0x8000d56c (0xff9ff06f)
core   0: 0x8000d564 (0x00003f17) auipc   t5, 0x3
core   0: 3 0x8000d564 (0x00003f17) x30 0x80010564
core   0: 0x8000d568 (0xa83f2e23) sw      gp, -1380(t5)
core   0: 3 0x8000d568 (0xa83f2e23) mem 0x80010000 0x00000001
core   0: 0x8000d56c (0xff9ff06f) j       pc - 0x8
core   0: 3 0x8000d56c (0xff9ff06f)
core   0: 0x8000d564 (0x00003f17) auipc   t5, 0x3
core   0: 3 0x8000d564 (0x00003f17) x30 0x80010564
core   0: 0x8000d568 (0xa83f2e23) sw      gp, -1380(t5)
core   0: 3 0x8000d568 (0xa83f2e23) mem 0x80010000 0x00000001
core   0: 0x8000d56c (0xff9ff06f) j       pc - 0x8
core   0: 3 0x8000d56c (0xff9ff06f)
core   0: 0x8000d564 (0x00003f17) auipc   t5, 0x3
core   0: 3 0x8000d564 (0x00003f17) x30 0x80010564
core   0: 0x8000d568 (0xa83f2e23) sw      gp, -1380(t5)
core   0: 3 0x8000d568 (0xa83f2e23) mem 0x80010000 0x00000001
core   0: 0x8000d56c (0xff9ff06f) j       pc - 0x8
core   0: 3 0x8000d56c (0xff9ff06f)
core   0: 0x8000d564 (0x00003f17) auipc   t5, 0x3
core   0: 3 0x8000d564 (0x00003f17) x30 0x80010564
core   0: 0x8000d568 (0xa83f2e23) sw      gp, -1380(t5)
core   0: 3 0x8000d568 (0xa83f2e23) mem 0x80010000 0x00000001
core   0: 0x8000d56c (0xff9ff06f) j       pc - 0x8
core   0: 3 0x8000d56c (0xff9ff06f)
core   0: 0x8000d564 (0x00003f17) auipc   t5, 0x3
core   0: 3 0x8000d564 (0x00003f17) x30 0x80010564
core   0: 0x8000d568 (0xa83f2e23) sw      gp, -1380(t5)
core   0: 3 0x8000d568 (0xa83f2e23) mem 0x80010000 0x00000001
core   0: 0x8000d56c (0xff9ff06f) j       pc - 0x8
core   0: 3 0x8000d56c (0xff9ff06f)
core   0: 0x8000d564 (0x00003f17) auipc   t5, 0x3
core   0: 3 0x8000d564 (0x00003f17) x30 0x80010564
core   0: 0x8000d568 (0xa83f2e23) sw      gp, -1380(t5)
core   0: 3 0x8000d568 (0xa83f2e23) mem 0x80010000 0x00000001
core   0: 0x8000d56c (0xff9ff06f) j       pc - 0x8
core   0: 3 0x8000d56c (0xff9ff06f)
core   0: 0x8000d564 (0x00003f17) auipc   t5, 0x3
core   0: 3 0x8000d564 (0x00003f17) x30 0x80010564
core   0: 0x8000d568 (0xa83f2e23) sw      gp, -1380(t5)
core   0: 3 0x8000d568 (0xa83f2e23) mem 0x80010000 0x00000001
core   0: 0x8000d56c (0xff9ff06f) j       pc - 0x8
core   0: 3 0x8000d56c (0xff9ff06f)
core   0: 0x8000d564 (0x00003f17) auipc   t5, 0x3
core   0: 3 0x8000d564 (0x00003f17) x30 0x80010564
core   0: 0x8000d568 (0xa83f2e23) sw      gp, -1380(t5)
core   0: 3 0x8000d568 (0xa83f2e23) mem 0x80010000 0x00000001
core   0: 0x8000d56c (0xff9ff06f) j       pc - 0x8
core   0: 3 0x8000d56c (0xff9ff06f)
core   0: 0x8000d564 (0x00003f17) auipc   t5, 0x3
core   0: 3 0x8000d564 (0x00003f17) x30 0x80010564
core   0: 0x8000d568 (0xa83f2e23) sw      gp, -1380(t5)
core   0: 3 0x8000d568 (0xa83f2e23) mem 0x80010000 0x00000001
core   0: 0x8000d56c (0xff9ff06f) j       pc - 0x8
core   0: 3 0x8000d56c (0xff9ff06f)
core   0: 0x8000d564 (0x00003f17) auipc   t5, 0x3
core   0: 3 0x8000d564 (0x00003f17) x30 0x80010564
core   0: 0x8000d568 (0xa83f2e23) sw      gp, -1380(t5)
core   0: 3 0x8000d568 (0xa83f2e23) mem 0x80010000 0x00000001
core   0: 0x8000d56c (0xff9ff06f) j       pc - 0x8
core   0: 3 0x8000d56c (0xff9ff06f)
core   0: 0x8000d564 (0x00003f17) auipc   t5, 0x3
core   0: 3 0x8000d564 (0x00003f17) x30 0x80010564
core   0: 0x8000d568 (0xa83f2e23) sw      gp, -1380(t5)
core   0: 3 0x8000d568 (0xa83f2e23) mem 0x80010000 0x00000001
core   0: 0x8000d56c (0xff9ff06f) j       pc - 0x8
core   0: 3 0x8000d56c (0xff9ff06f)
core   0: 0x8000d564 (0x00003f17) auipc   t5, 0x3
core   0: 3 0x8000d564 (0x00003f17) x30 0x80010564
core   0: 0x8000d568 (0xa83f2e23) sw      gp, -1380(t5)
core   0: 3 0x8000d568 (0xa83f2e23) mem 0x80010000 0x00000001
core   0: 0x8000d56c (0xff9ff06f) j       pc - 0x8
core   0: 3 0x8000d56c (0xff9ff06f)
core   0: 0x8000d564 (0x00003f17) auipc   t5, 0x3
core   0: 3 0x8000d564 (0x00003f17) x30 0x80010564
core   0: 0x8000d568 (0xa83f2e23) sw      gp, -1380(t5)
core   0: 3 0x8000d568 (0xa83f2e23) mem 0x80010000 0x00000001
core   0: 0x8000d56c (0xff9ff06f) j       pc - 0x8
core   0: 3 0x8000d56c (0xff9ff06f)
core   0: 0x8000d564 (0x00003f17) auipc   t5, 0x3
core   0: 3 0x8000d564 (0x00003f17) x30 0x80010564
core   0: 0x8000d568 (0xa83f2e23) sw      gp, -1380(t5)
core   0: 3 0x8000d568 (0xa83f2e23) mem 0x80010000 0x00000001
core   0: 0x8000d56c (0xff9ff06f) j       pc - 0x8
core   0: 3 0x8000d56c (0xff9ff06f)
core   0: 0x8000d564 (0x00003f17) auipc   t5, 0x3
core   0: 3 0x8000d564 (0x00003f17) x30 0x80010564
core   0: 0x8000d568 (0xa83f2e23) sw      gp, -1380(t5)
core   0: 3 0x8000d568 (0xa83f2e23) mem 0x80010000 0x00000001
core   0: 0x8000d56c (0xff9ff06f) j       pc - 0x8
core   0: 3 0x8000d56c (0xff9ff06f)
core   0: 0x8000d564 (0x00003f17) auipc   t5, 0x3
core   0: 3 0x8000d564 (0x00003f17) x30 0x80010564
core   0: 0x8000d568 (0xa83f2e23) sw      gp, -1380(t5)
core   0: 3 0x8000d568 (0xa83f2e23) mem 0x80010000 0x00000001
core   0: 0x8000d56c (0xff9ff06f) j       pc - 0x8
core   0: 3 0x8000d56c (0xff9ff06f)
core   0: 0x8000d564 (0x00003f17) auipc   t5, 0x3
core   0: 3 0x8000d564 (0x00003f17) x30 0x80010564
core   0: 0x8000d568 (0xa83f2e23) sw      gp, -1380(t5)
core   0: 3 0x8000d568 (0xa83f2e23) mem 0x80010000 0x00000001
core   0: 0x8000d56c (0xff9ff06f) j       pc - 0x8
core   0: 3 0x8000d56c (0xff9ff06f)
core   0: 0x8000d564 (0x00003f17) auipc   t5, 0x3
core   0: 3 0x8000d564 (0x00003f17) x30 0x80010564
core   0: 0x8000d568 (0xa83f2e23) sw      gp, -1380(t5)
core   0: 3 0x8000d568 (0xa83f2e23) mem 0x80010000 0x00000001
core   0: 0x8000d56c (0xff9ff06f) j       pc - 0x8
core   0: 3 0x8000d56c (0xff9ff06f)
core   0: 0x8000d564 (0x00003f17) auipc   t5, 0x3
core   0: 3 0x8000d564 (0x00003f17) x30 0x80010564
core   0: 0x8000d568 (0xa83f2e23) sw      gp, -1380(t5)
core   0: 3 0x8000d568 (0xa83f2e23) mem 0x80010000 0x00000001
core   0: 0x8000d56c (0xff9ff06f) j       pc - 0x8
core   0: 3 0x8000d56c (0xff9ff06f)
core   0: 0x8000d564 (0x00003f17) auipc   t5, 0x3
core   0: 3 0x8000d564 (0x00003f17) x30 0x80010564
core   0: 0x8000d568 (0xa83f2e23) sw      gp, -1380(t5)
core   0: 3 0x8000d568 (0xa83f2e23) mem 0x80010000 0x00000001
core   0: 0x8000d56c (0xff9ff06f) j       pc - 0x8
core   0: 3 0x8000d56c (0xff9ff06f)
core   0: 0x8000d564 (0x00003f17) auipc   t5, 0x3
core   0: 3 0x8000d564 (0x00003f17) x30 0x80010564
core   0: 0x8000d568 (0xa83f2e23) sw      gp, -1380(t5)
core   0: 3 0x8000d568 (0xa83f2e23) mem 0x80010000 0x00000001
core   0: 0x8000d56c (0xff9ff06f) j       pc - 0x8
core   0: 3 0x8000d56c (0xff9ff06f)
core   0: 0x8000d564 (0x00003f17) auipc   t5, 0x3
core   0: 3 0x8000d564 (0x00003f17) x30 0x80010564
core   0: 0x8000d568 (0xa83f2e23) sw      gp, -1380(t5)
core   0: 3 0x8000d568 (0xa83f2e23) mem 0x80010000 0x00000001
core   0: 0x8000d56c (0xff9ff06f) j       pc - 0x8
core   0: 3 0x8000d56c (0xff9ff06f)
core   0: 0x8000d564 (0x00003f17) auipc   t5, 0x3
core   0: 3 0x8000d564 (0x00003f17) x30 0x80010564
core   0: 0x8000d568 (0xa83f2e23) sw      gp, -1380(t5)
core   0: 3 0x8000d568 (0xa83f2e23) mem 0x80010000 0x00000001
core   0: 0x8000d56c (0xff9ff06f) j       pc - 0x8
core   0: 3 0x8000d56c (0xff9ff06f)
core   0: 0x8000d564 (0x00003f17) auipc   t5, 0x3
core   0: 3 0x8000d564 (0x00003f17) x30 0x80010564
core   0: 0x8000d568 (0xa83f2e23) sw      gp, -1380(t5)
core   0: 3 0x8000d568 (0xa83f2e23) mem 0x80010000 0x00000001
core   0: 0x8000d56c (0xff9ff06f) j       pc - 0x8
core   0: 3 0x8000d56c (0xff9ff06f)
core   0: 0x8000d564 (0x00003f17) auipc   t5, 0x3
core   0: 3 0x8000d564 (0x00003f17) x30 0x80010564
core   0: 0x8000d568 (0xa83f2e23) sw      gp, -1380(t5)
core   0: 3 0x8000d568 (0xa83f2e23) mem 0x80010000 0x00000001
core   0: 0x8000d56c (0xff9ff06f) j       pc - 0x8
core   0: 3 0x8000d56c (0xff9ff06f)
core   0: 0x8000d564 (0x00003f17) auipc   t5, 0x3
core   0: 3 0x8000d564 (0x00003f17) x30 0x80010564
core   0: 0x8000d568 (0xa83f2e23) sw      gp, -1380(t5)
core   0: 3 0x8000d568 (0xa83f2e23) mem 0x80010000 0x00000001
core   0: 0x8000d56c (0xff9ff06f) j       pc - 0x8
core   0: 3 0x8000d56c (0xff9ff06f)
core   0: 0x8000d564 (0x00003f17) auipc   t5, 0x3
core   0: 3 0x8000d564 (0x00003f17) x30 0x80010564
core   0: 0x8000d568 (0xa83f2e23) sw      gp, -1380(t5)
core   0: 3 0x8000d568 (0xa83f2e23) mem 0x80010000 0x00000001
core   0: 0x8000d56c (0xff9ff06f) j       pc - 0x8
core   0: 3 0x8000d56c (0xff9ff06f)
core   0: 0x8000d564 (0x00003f17) auipc   t5, 0x3
core   0: 3 0x8000d564 (0x00003f17) x30 0x80010564
core   0: 0x8000d568 (0xa83f2e23) sw      gp, -1380(t5)
core   0: 3 0x8000d568 (0xa83f2e23) mem 0x80010000 0x00000001
core   0: 0x8000d56c (0xff9ff06f) j       pc - 0x8
core   0: 3 0x8000d56c (0xff9ff06f)
core   0: 0x8000d564 (0x00003f17) auipc   t5, 0x3
core   0: 3 0x8000d564 (0x00003f17) x30 0x80010564
core   0: 0x8000d568 (0xa83f2e23) sw      gp, -1380(t5)
core   0: 3 0x8000d568 (0xa83f2e23) mem 0x80010000 0x00000001
core   0: 0x8000d56c (0xff9ff06f) j       pc - 0x8
core   0: 3 0x8000d56c (0xff9ff06f)
core   0: 0x8000d564 (0x00003f17) auipc   t5, 0x3
core   0: 3 0x8000d564 (0x00003f17) x30 0x80010564
core   0: 0x8000d568 (0xa83f2e23) sw      gp, -1380(t5)
core   0: 3 0x8000d568 (0xa83f2e23) mem 0x80010000 0x00000001
core   0: 0x8000d56c (0xff9ff06f) j       pc - 0x8
core   0: 3 0x8000d56c (0xff9ff06f)
core   0: 0x8000d564 (0x00003f17) auipc   t5, 0x3
core   0: 3 0x8000d564 (0x00003f17) x30 0x80010564
core   0: 0x8000d568 (0xa83f2e23) sw      gp, -1380(t5)
core   0: 3 0x8000d568 (0xa83f2e23) mem 0x80010000 0x00000001
core   0: 0x8000d56c (0xff9ff06f) j       pc - 0x8
core   0: 3 0x8000d56c (0xff9ff06f)
core   0: 0x8000d564 (0x00003f17) auipc   t5, 0x3
core   0: 3 0x8000d564 (0x00003f17) x30 0x80010564
core   0: 0x8000d568 (0xa83f2e23) sw      gp, -1380(t5)
core   0: 3 0x8000d568 (0xa83f2e23) mem 0x80010000 0x00000001
core   0: 0x8000d56c (0xff9ff06f) j       pc - 0x8
core   0: 3 0x8000d56c (0xff9ff06f)
core   0: 0x8000d564 (0x00003f17) auipc   t5, 0x3
core   0: 3 0x8000d564 (0x00003f17) x30 0x80010564
core   0: 0x8000d568 (0xa83f2e23) sw      gp, -1380(t5)
core   0: 3 0x8000d568 (0xa83f2e23) mem 0x80010000 0x00000001
core   0: 0x8000d56c (0xff9ff06f) j       pc - 0x8
core   0: 3 0x8000d56c (0xff9ff06f)
core   0: 0x8000d564 (0x00003f17) auipc   t5, 0x3
core   0: 3 0x8000d564 (0x00003f17) x30 0x80010564
core   0: 0x8000d568 (0xa83f2e23) sw      gp, -1380(t5)
core   0: 3 0x8000d568 (0xa83f2e23) mem 0x80010000 0x00000001
core   0: 0x8000d56c (0xff9ff06f) j       pc - 0x8
core   0: 3 0x8000d56c (0xff9ff06f)
core   0: 0x8000d564 (0x00003f17) auipc   t5, 0x3
core   0: 3 0x8000d564 (0x00003f17) x30 0x80010564
core   0: 0x8000d568 (0xa83f2e23) sw      gp, -1380(t5)
core   0: 3 0x8000d568 (0xa83f2e23) mem 0x80010000 0x00000001
core   0: 0x8000d56c (0xff9ff06f) j       pc - 0x8
core   0: 3 0x8000d56c (0xff9ff06f)
core   0: 0x8000d564 (0x00003f17) auipc   t5, 0x3
core   0: 3 0x8000d564 (0x00003f17) x30 0x80010564
core   0: 0x8000d568 (0xa83f2e23) sw      gp, -1380(t5)
core   0: 3 0x8000d568 (0xa83f2e23) mem 0x80010000 0x00000001
core   0: 0x8000d56c (0xff9ff06f) j       pc - 0x8
core   0: 3 0x8000d56c (0xff9ff06f)
core   0: 0x8000d564 (0x00003f17) auipc   t5, 0x3
core   0: 3 0x8000d564 (0x00003f17) x30 0x80010564
core   0: 0x8000d568 (0xa83f2e23) sw      gp, -1380(t5)
core   0: 3 0x8000d568 (0xa83f2e23) mem 0x80010000 0x00000001
core   0: 0x8000d56c (0xff9ff06f) j       pc - 0x8
core   0: 3 0x8000d56c (0xff9ff06f)
core   0: 0x8000d564 (0x00003f17) auipc   t5, 0x3
core   0: 3 0x8000d564 (0x00003f17) x30 0x80010564
core   0: 0x8000d568 (0xa83f2e23) sw      gp, -1380(t5)
core   0: 3 0x8000d568 (0xa83f2e23) mem 0x80010000 0x00000001
core   0: 0x8000d56c (0xff9ff06f) j       pc - 0x8
core   0: 3 0x8000d56c (0xff9ff06f)
core   0: 0x8000d564 (0x00003f17) auipc   t5, 0x3
core   0: 3 0x8000d564 (0x00003f17) x30 0x80010564
core   0: 0x8000d568 (0xa83f2e23) sw      gp, -1380(t5)
core   0: 3 0x8000d568 (0xa83f2e23) mem 0x80010000 0x00000001
core   0: 0x8000d56c (0xff9ff06f) j       pc - 0x8
core   0: 3 0x8000d56c (0xff9ff06f)
core   0: 0x8000d564 (0x00003f17) auipc   t5, 0x3
core   0: 3 0x8000d564 (0x00003f17) x30 0x80010564
core   0: 0x8000d568 (0xa83f2e23) sw      gp, -1380(t5)
core   0: 3 0x8000d568 (0xa83f2e23) mem 0x80010000 0x00000001
core   0: 0x8000d56c (0xff9ff06f) j       pc - 0x8
core   0: 3 0x8000d56c (0xff9ff06f)
core   0: 0x8000d564 (0x00003f17) auipc   t5, 0x3
core   0: 3 0x8000d564 (0x00003f17) x30 0x80010564
core   0: 0x8000d568 (0xa83f2e23) sw      gp, -1380(t5)
core   0: 3 0x8000d568 (0xa83f2e23) mem 0x80010000 0x00000001
core   0: 0x8000d56c (0xff9ff06f) j       pc - 0x8
core   0: 3 0x8000d56c (0xff9ff06f)
core   0: 0x8000d564 (0x00003f17) auipc   t5, 0x3
core   0: 3 0x8000d564 (0x00003f17) x30 0x80010564
core   0: 0x8000d568 (0xa83f2e23) sw      gp, -1380(t5)
core   0: 3 0x8000d568 (0xa83f2e23) mem 0x80010000 0x00000001
core   0: 0x8000d56c (0xff9ff06f) j       pc - 0x8
core   0: 3 0x8000d56c (0xff9ff06f)
core   0: 0x8000d564 (0x00003f17) auipc   t5, 0x3
core   0: 3 0x8000d564 (0x00003f17) x30 0x80010564
core   0: 0x8000d568 (0xa83f2e23) sw      gp, -1380(t5)
core   0: 3 0x8000d568 (0xa83f2e23) mem 0x80010000 0x00000001
core   0: 0x8000d56c (0xff9ff06f) j       pc - 0x8
core   0: 3 0x8000d56c (0xff9ff06f)
core   0: 0x8000d564 (0x00003f17) auipc   t5, 0x3
core   0: 3 0x8000d564 (0x00003f17) x30 0x80010564
core   0: 0x8000d568 (0xa83f2e23) sw      gp, -1380(t5)
core   0: 3 0x8000d568 (0xa83f2e23) mem 0x80010000 0x00000001
core   0: 0x8000d56c (0xff9ff06f) j       pc - 0x8
core   0: 3 0x8000d56c (0xff9ff06f)
core   0: 0x8000d564 (0x00003f17) auipc   t5, 0x3
core   0: 3 0x8000d564 (0x00003f17) x30 0x80010564
core   0: 0x8000d568 (0xa83f2e23) sw      gp, -1380(t5)
core   0: 3 0x8000d568 (0xa83f2e23) mem 0x80010000 0x00000001
core   0: 0x8000d56c (0xff9ff06f) j       pc - 0x8
core   0: 3 0x8000d56c (0xff9ff06f)
core   0: 0x8000d564 (0x00003f17) auipc   t5, 0x3
core   0: 3 0x8000d564 (0x00003f17) x30 0x80010564
core   0: 0x8000d568 (0xa83f2e23) sw      gp, -1380(t5)
core   0: 3 0x8000d568 (0xa83f2e23) mem 0x80010000 0x00000001
core   0: 0x8000d56c (0xff9ff06f) j       pc - 0x8
core   0: 3 0x8000d56c (0xff9ff06f)
core   0: 0x8000d564 (0x00003f17) auipc   t5, 0x3
core   0: 3 0x8000d564 (0x00003f17) x30 0x80010564
core   0: 0x8000d568 (0xa83f2e23) sw      gp, -1380(t5)
core   0: 3 0x8000d568 (0xa83f2e23) mem 0x80010000 0x00000001
core   0: 0x8000d56c (0xff9ff06f) j       pc - 0x8
core   0: 3 0x8000d56c (0xff9ff06f)
core   0: 0x8000d564 (0x00003f17) auipc   t5, 0x3
core   0: 3 0x8000d564 (0x00003f17) x30 0x80010564
core   0: 0x8000d568 (0xa83f2e23) sw      gp, -1380(t5)
core   0: 3 0x8000d568 (0xa83f2e23) mem 0x80010000 0x00000001
core   0: 0x8000d56c (0xff9ff06f) j       pc - 0x8
core   0: 3 0x8000d56c (0xff9ff06f)
core   0: 0x8000d564 (0x00003f17) auipc   t5, 0x3
core   0: 3 0x8000d564 (0x00003f17) x30 0x80010564
core   0: 0x8000d568 (0xa83f2e23) sw      gp, -1380(t5)
core   0: 3 0x8000d568 (0xa83f2e23) mem 0x80010000 0x00000001
core   0: 0x8000d56c (0xff9ff06f) j       pc - 0x8
core   0: 3 0x8000d56c (0xff9ff06f)
core   0: 0x8000d564 (0x00003f17) auipc   t5, 0x3
core   0: 3 0x8000d564 (0x00003f17) x30 0x80010564
core   0: 0x8000d568 (0xa83f2e23) sw      gp, -1380(t5)
core   0: 3 0x8000d568 (0xa83f2e23) mem 0x80010000 0x00000001
core   0: 0x8000d56c (0xff9ff06f) j       pc - 0x8
core   0: 3 0x8000d56c (0xff9ff06f)
core   0: 0x8000d564 (0x00003f17) auipc   t5, 0x3
core   0: 3 0x8000d564 (0x00003f17) x30 0x80010564
core   0: 0x8000d568 (0xa83f2e23) sw      gp, -1380(t5)
core   0: 3 0x8000d568 (0xa83f2e23) mem 0x80010000 0x00000001
core   0: 0x8000d56c (0xff9ff06f) j       pc - 0x8
core   0: 3 0x8000d56c (0xff9ff06f)
core   0: 0x8000d564 (0x00003f17) auipc   t5, 0x3
core   0: 3 0x8000d564 (0x00003f17) x30 0x80010564
core   0: 0x8000d568 (0xa83f2e23) sw      gp, -1380(t5)
core   0: 3 0x8000d568 (0xa83f2e23) mem 0x80010000 0x00000001
core   0: 0x8000d56c (0xff9ff06f) j       pc - 0x8
core   0: 3 0x8000d56c (0xff9ff06f)
core   0: 0x8000d564 (0x00003f17) auipc   t5, 0x3
core   0: 3 0x8000d564 (0x00003f17) x30 0x80010564
core   0: 0x8000d568 (0xa83f2e23) sw      gp, -1380(t5)
core   0: 3 0x8000d568 (0xa83f2e23) mem 0x80010000 0x00000001
core   0: 0x8000d56c (0xff9ff06f) j       pc - 0x8
core   0: 3 0x8000d56c (0xff9ff06f)
core   0: 0x8000d564 (0x00003f17) auipc   t5, 0x3
core   0: 3 0x8000d564 (0x00003f17) x30 0x80010564
core   0: 0x8000d568 (0xa83f2e23) sw      gp, -1380(t5)
core   0: 3 0x8000d568 (0xa83f2e23) mem 0x80010000 0x00000001
core   0: 0x8000d56c (0xff9ff06f) j       pc - 0x8
core   0: 3 0x8000d56c (0xff9ff06f)
core   0: 0x8000d564 (0x00003f17) auipc   t5, 0x3
core   0: 3 0x8000d564 (0x00003f17) x30 0x80010564
core   0: 0x8000d568 (0xa83f2e23) sw      gp, -1380(t5)
core   0: 3 0x8000d568 (0xa83f2e23) mem 0x80010000 0x00000001
core   0: 0x8000d56c (0xff9ff06f) j       pc - 0x8
core   0: 3 0x8000d56c (0xff9ff06f)
core   0: 0x8000d564 (0x00003f17) auipc   t5, 0x3
core   0: 3 0x8000d564 (0x00003f17) x30 0x80010564
core   0: 0x8000d568 (0xa83f2e23) sw      gp, -1380(t5)
core   0: 3 0x8000d568 (0xa83f2e23) mem 0x80010000 0x00000001
core   0: 0x8000d56c (0xff9ff06f) j       pc - 0x8
core   0: 3 0x8000d56c (0xff9ff06f)
core   0: 0x8000d564 (0x00003f17) auipc   t5, 0x3
core   0: 3 0x8000d564 (0x00003f17) x30 0x80010564
core   0: 0x8000d568 (0xa83f2e23) sw      gp, -1380(t5)
core   0: 3 0x8000d568 (0xa83f2e23) mem 0x80010000 0x00000001
core   0: 0x8000d56c (0xff9ff06f) j       pc - 0x8
core   0: 3 0x8000d56c (0xff9ff06f)
core   0: 0x8000d564 (0x00003f17) auipc   t5, 0x3
core   0: 3 0x8000d564 (0x00003f17) x30 0x80010564
core   0: 0x8000d568 (0xa83f2e23) sw      gp, -1380(t5)
core   0: 3 0x8000d568 (0xa83f2e23) mem 0x80010000 0x00000001
core   0: 0x8000d56c (0xff9ff06f) j       pc - 0x8
core   0: 3 0x8000d56c (0xff9ff06f)
core   0: 0x8000d564 (0x00003f17) auipc   t5, 0x3
core   0: 3 0x8000d564 (0x00003f17) x30 0x80010564
core   0: 0x8000d568 (0xa83f2e23) sw      gp, -1380(t5)
core   0: 3 0x8000d568 (0xa83f2e23) mem 0x80010000 0x00000001
core   0: 0x8000d56c (0xff9ff06f) j       pc - 0x8
core   0: 3 0x8000d56c (0xff9ff06f)
core   0: 0x8000d564 (0x00003f17) auipc   t5, 0x3
core   0: 3 0x8000d564 (0x00003f17) x30 0x80010564
core   0: 0x8000d568 (0xa83f2e23) sw      gp, -1380(t5)
core   0: 3 0x8000d568 (0xa83f2e23) mem 0x80010000 0x00000001
core   0: 0x8000d56c (0xff9ff06f) j       pc - 0x8
core   0: 3 0x8000d56c (0xff9ff06f)
core   0: 0x8000d564 (0x00003f17) auipc   t5, 0x3
core   0: 3 0x8000d564 (0x00003f17) x30 0x80010564
core   0: 0x8000d568 (0xa83f2e23) sw      gp, -1380(t5)
core   0: 3 0x8000d568 (0xa83f2e23) mem 0x80010000 0x00000001
core   0: 0x8000d56c (0xff9ff06f) j       pc - 0x8
core   0: 3 0x8000d56c (0xff9ff06f)
core   0: 0x8000d564 (0x00003f17) auipc   t5, 0x3
core   0: 3 0x8000d564 (0x00003f17) x30 0x80010564
core   0: 0x8000d568 (0xa83f2e23) sw      gp, -1380(t5)
core   0: 3 0x8000d568 (0xa83f2e23) mem 0x80010000 0x00000001
core   0: 0x8000d56c (0xff9ff06f) j       pc - 0x8
core   0: 3 0x8000d56c (0xff9ff06f)
core   0: 0x8000d564 (0x00003f17) auipc   t5, 0x3
core   0: 3 0x8000d564 (0x00003f17) x30 0x80010564
core   0: 0x8000d568 (0xa83f2e23) sw      gp, -1380(t5)
core   0: 3 0x8000d568 (0xa83f2e23) mem 0x80010000 0x00000001
core   0: 0x8000d56c (0xff9ff06f) j       pc - 0x8
core   0: 3 0x8000d56c (0xff9ff06f)
core   0: 0x8000d564 (0x00003f17) auipc   t5, 0x3
core   0: 3 0x8000d564 (0x00003f17) x30 0x80010564
core   0: 0x8000d568 (0xa83f2e23) sw      gp, -1380(t5)
core   0: 3 0x8000d568 (0xa83f2e23) mem 0x80010000 0x00000001
core   0: 0x8000d56c (0xff9ff06f) j       pc - 0x8
core   0: 3 0x8000d56c (0xff9ff06f)
core   0: 0x8000d564 (0x00003f17) auipc   t5, 0x3
core   0: 3 0x8000d564 (0x00003f17) x30 0x80010564
core   0: 0x8000d568 (0xa83f2e23) sw      gp, -1380(t5)
core   0: 3 0x8000d568 (0xa83f2e23) mem 0x80010000 0x00000001
core   0: 0x8000d56c (0xff9ff06f) j       pc - 0x8
core   0: 3 0x8000d56c (0xff9ff06f)
core   0: 0x8000d564 (0x00003f17) auipc   t5, 0x3
core   0: 3 0x8000d564 (0x00003f17) x30 0x80010564
core   0: 0x8000d568 (0xa83f2e23) sw      gp, -1380(t5)
core   0: 3 0x8000d568 (0xa83f2e23) mem 0x80010000 0x00000001
core   0: 0x8000d56c (0xff9ff06f) j       pc - 0x8
core   0: 3 0x8000d56c (0xff9ff06f)
core   0: 0x8000d564 (0x00003f17) auipc   t5, 0x3
core   0: 3 0x8000d564 (0x00003f17) x30 0x80010564
core   0: 0x8000d568 (0xa83f2e23) sw      gp, -1380(t5)
core   0: 3 0x8000d568 (0xa83f2e23) mem 0x80010000 0x00000001
core   0: 0x8000d56c (0xff9ff06f) j       pc - 0x8
core   0: 3 0x8000d56c (0xff9ff06f)
core   0: 0x8000d564 (0x00003f17) auipc   t5, 0x3
core   0: 3 0x8000d564 (0x00003f17) x30 0x80010564
core   0: 0x8000d568 (0xa83f2e23) sw      gp, -1380(t5)
core   0: 3 0x8000d568 (0xa83f2e23) mem 0x80010000 0x00000001
core   0: 0x8000d56c (0xff9ff06f) j       pc - 0x8
core   0: 3 0x8000d56c (0xff9ff06f)
core   0: 0x8000d564 (0x00003f17) auipc   t5, 0x3
core   0: 3 0x8000d564 (0x00003f17) x30 0x80010564
core   0: 0x8000d568 (0xa83f2e23) sw      gp, -1380(t5)
core   0: 3 0x8000d568 (0xa83f2e23) mem 0x80010000 0x00000001
core   0: 0x8000d56c (0xff9ff06f) j       pc - 0x8
core   0: 3 0x8000d56c (0xff9ff06f)
core   0: 0x8000d564 (0x00003f17) auipc   t5, 0x3
core   0: 3 0x8000d564 (0x00003f17) x30 0x80010564
core   0: 0x8000d568 (0xa83f2e23) sw      gp, -1380(t5)
core   0: 3 0x8000d568 (0xa83f2e23) mem 0x80010000 0x00000001
core   0: 0x8000d56c (0xff9ff06f) j       pc - 0x8
core   0: 3 0x8000d56c (0xff9ff06f)
core   0: 0x8000d564 (0x00003f17) auipc   t5, 0x3
core   0: 3 0x8000d564 (0x00003f17) x30 0x80010564
core   0: 0x8000d568 (0xa83f2e23) sw      gp, -1380(t5)
core   0: 3 0x8000d568 (0xa83f2e23) mem 0x80010000 0x00000001
core   0: 0x8000d56c (0xff9ff06f) j       pc - 0x8
core   0: 3 0x8000d56c (0xff9ff06f)
core   0: 0x8000d564 (0x00003f17) auipc   t5, 0x3
core   0: 3 0x8000d564 (0x00003f17) x30 0x80010564
core   0: 0x8000d568 (0xa83f2e23) sw      gp, -1380(t5)
core   0: 3 0x8000d568 (0xa83f2e23) mem 0x80010000 0x00000001
core   0: 0x8000d56c (0xff9ff06f) j       pc - 0x8
core   0: 3 0x8000d56c (0xff9ff06f)
core   0: 0x8000d564 (0x00003f17) auipc   t5, 0x3
core   0: 3 0x8000d564 (0x00003f17) x30 0x80010564
core   0: 0x8000d568 (0xa83f2e23) sw      gp, -1380(t5)
core   0: 3 0x8000d568 (0xa83f2e23) mem 0x80010000 0x00000001
core   0: 0x8000d56c (0xff9ff06f) j       pc - 0x8
core   0: 3 0x8000d56c (0xff9ff06f)
core   0: 0x8000d564 (0x00003f17) auipc   t5, 0x3
core   0: 3 0x8000d564 (0x00003f17) x30 0x80010564
core   0: 0x8000d568 (0xa83f2e23) sw      gp, -1380(t5)
core   0: 3 0x8000d568 (0xa83f2e23) mem 0x80010000 0x00000001
core   0: 0x8000d56c (0xff9ff06f) j       pc - 0x8
core   0: 3 0x8000d56c (0xff9ff06f)
core   0: 0x8000d564 (0x00003f17) auipc   t5, 0x3
core   0: 3 0x8000d564 (0x00003f17) x30 0x80010564
core   0: 0x8000d568 (0xa83f2e23) sw      gp, -1380(t5)
core   0: 3 0x8000d568 (0xa83f2e23) mem 0x80010000 0x00000001
core   0: 0x8000d56c (0xff9ff06f) j       pc - 0x8
core   0: 3 0x8000d56c (0xff9ff06f)
core   0: 0x8000d564 (0x00003f17) auipc   t5, 0x3
core   0: 3 0x8000d564 (0x00003f17) x30 0x80010564
core   0: 0x8000d568 (0xa83f2e23) sw      gp, -1380(t5)
core   0: 3 0x8000d568 (0xa83f2e23) mem 0x80010000 0x00000001
core   0: 0x8000d56c (0xff9ff06f) j       pc - 0x8
core   0: 3 0x8000d56c (0xff9ff06f)
core   0: 0x8000d564 (0x00003f17) auipc   t5, 0x3
core   0: 3 0x8000d564 (0x00003f17) x30 0x80010564
core   0: 0x8000d568 (0xa83f2e23) sw      gp, -1380(t5)
core   0: 3 0x8000d568 (0xa83f2e23) mem 0x80010000 0x00000001
core   0: 0x8000d56c (0xff9ff06f) j       pc - 0x8
core   0: 3 0x8000d56c (0xff9ff06f)
core   0: 0x8000d564 (0x00003f17) auipc   t5, 0x3
core   0: 3 0x8000d564 (0x00003f17) x30 0x80010564
core   0: 0x8000d568 (0xa83f2e23) sw      gp, -1380(t5)
core   0: 3 0x8000d568 (0xa83f2e23) mem 0x80010000 0x00000001
core   0: 0x8000d56c (0xff9ff06f) j       pc - 0x8
core   0: 3 0x8000d56c (0xff9ff06f)
core   0: 0x8000d564 (0x00003f17) auipc   t5, 0x3
core   0: 3 0x8000d564 (0x00003f17) x30 0x80010564
core   0: 0x8000d568 (0xa83f2e23) sw      gp, -1380(t5)
core   0: 3 0x8000d568 (0xa83f2e23) mem 0x80010000 0x00000001
core   0: 0x8000d56c (0xff9ff06f) j       pc - 0x8
core   0: 3 0x8000d56c (0xff9ff06f)
core   0: 0x8000d564 (0x00003f17) auipc   t5, 0x3
core   0: 3 0x8000d564 (0x00003f17) x30 0x80010564
core   0: 0x8000d568 (0xa83f2e23) sw      gp, -1380(t5)
core   0: 3 0x8000d568 (0xa83f2e23) mem 0x80010000 0x00000001
core   0: 0x8000d56c (0xff9ff06f) j       pc - 0x8
core   0: 3 0x8000d56c (0xff9ff06f)
core   0: 0x8000d564 (0x00003f17) auipc   t5, 0x3
core   0: 3 0x8000d564 (0x00003f17) x30 0x80010564
core   0: 0x8000d568 (0xa83f2e23) sw      gp, -1380(t5)
core   0: 3 0x8000d568 (0xa83f2e23) mem 0x80010000 0x00000001
core   0: 0x8000d56c (0xff9ff06f) j       pc - 0x8
core   0: 3 0x8000d56c (0xff9ff06f)
core   0: 0x8000d564 (0x00003f17) auipc   t5, 0x3
core   0: 3 0x8000d564 (0x00003f17) x30 0x80010564
core   0: 0x8000d568 (0xa83f2e23) sw      gp, -1380(t5)
core   0: 3 0x8000d568 (0xa83f2e23) mem 0x80010000 0x00000001
core   0: 0x8000d56c (0xff9ff06f) j       pc - 0x8
core   0: 3 0x8000d56c (0xff9ff06f)
core   0: 0x8000d564 (0x00003f17) auipc   t5, 0x3
core   0: 3 0x8000d564 (0x00003f17) x30 0x80010564
core   0: 0x8000d568 (0xa83f2e23) sw      gp, -1380(t5)
core   0: 3 0x8000d568 (0xa83f2e23) mem 0x80010000 0x00000001
core   0: 0x8000d56c (0xff9ff06f) j       pc - 0x8
core   0: 3 0x8000d56c (0xff9ff06f)
core   0: 0x8000d564 (0x00003f17) auipc   t5, 0x3
core   0: 3 0x8000d564 (0x00003f17) x30 0x80010564
core   0: 0x8000d568 (0xa83f2e23) sw      gp, -1380(t5)
core   0: 3 0x8000d568 (0xa83f2e23) mem 0x80010000 0x00000001
core   0: 0x8000d56c (0xff9ff06f) j       pc - 0x8
core   0: 3 0x8000d56c (0xff9ff06f)
core   0: 0x8000d564 (0x00003f17) auipc   t5, 0x3
core   0: 3 0x8000d564 (0x00003f17) x30 0x80010564
core   0: 0x8000d568 (0xa83f2e23) sw      gp, -1380(t5)
core   0: 3 0x8000d568 (0xa83f2e23) mem 0x80010000 0x00000001
core   0: 0x8000d56c (0xff9ff06f) j       pc - 0x8
core   0: 3 0x8000d56c (0xff9ff06f)
core   0: 0x8000d564 (0x00003f17) auipc   t5, 0x3
core   0: 3 0x8000d564 (0x00003f17) x30 0x80010564
core   0: 0x8000d568 (0xa83f2e23) sw      gp, -1380(t5)
core   0: 3 0x8000d568 (0xa83f2e23) mem 0x80010000 0x00000001
core   0: 0x8000d56c (0xff9ff06f) j       pc - 0x8
core   0: 3 0x8000d56c (0xff9ff06f)
core   0: 0x8000d564 (0x00003f17) auipc   t5, 0x3
core   0: 3 0x8000d564 (0x00003f17) x30 0x80010564
core   0: 0x8000d568 (0xa83f2e23) sw      gp, -1380(t5)
core   0: 3 0x8000d568 (0xa83f2e23) mem 0x80010000 0x00000001
core   0: 0x8000d56c (0xff9ff06f) j       pc - 0x8
core   0: 3 0x8000d56c (0xff9ff06f)
core   0: 0x8000d564 (0x00003f17) auipc   t5, 0x3
core   0: 3 0x8000d564 (0x00003f17) x30 0x80010564
core   0: 0x8000d568 (0xa83f2e23) sw      gp, -1380(t5)
core   0: 3 0x8000d568 (0xa83f2e23) mem 0x80010000 0x00000001
core   0: 0x8000d56c (0xff9ff06f) j       pc - 0x8
core   0: 3 0x8000d56c (0xff9ff06f)
core   0: 0x8000d564 (0x00003f17) auipc   t5, 0x3
core   0: 3 0x8000d564 (0x00003f17) x30 0x80010564
core   0: 0x8000d568 (0xa83f2e23) sw      gp, -1380(t5)
core   0: 3 0x8000d568 (0xa83f2e23) mem 0x80010000 0x00000001
core   0: 0x8000d56c (0xff9ff06f) j       pc - 0x8
core   0: 3 0x8000d56c (0xff9ff06f)
core   0: 0x8000d564 (0x00003f17) auipc   t5, 0x3
core   0: 3 0x8000d564 (0x00003f17) x30 0x80010564
core   0: 0x8000d568 (0xa83f2e23) sw      gp, -1380(t5)
core   0: 3 0x8000d568 (0xa83f2e23) mem 0x80010000 0x00000001
core   0: 0x8000d56c (0xff9ff06f) j       pc - 0x8
core   0: 3 0x8000d56c (0xff9ff06f)
core   0: 0x8000d564 (0x00003f17) auipc   t5, 0x3
core   0: 3 0x8000d564 (0x00003f17) x30 0x80010564
core   0: 0x8000d568 (0xa83f2e23) sw      gp, -1380(t5)
core   0: 3 0x8000d568 (0xa83f2e23) mem 0x80010000 0x00000001
core   0: 0x8000d56c (0xff9ff06f) j       pc - 0x8
core   0: 3 0x8000d56c (0xff9ff06f)
core   0: 0x8000d564 (0x00003f17) auipc   t5, 0x3
core   0: 3 0x8000d564 (0x00003f17) x30 0x80010564
core   0: 0x8000d568 (0xa83f2e23) sw      gp, -1380(t5)
core   0: 3 0x8000d568 (0xa83f2e23) mem 0x80010000 0x00000001
core   0: 0x8000d56c (0xff9ff06f) j       pc - 0x8
core   0: 3 0x8000d56c (0xff9ff06f)
core   0: 0x8000d564 (0x00003f17) auipc   t5, 0x3
core   0: 3 0x8000d564 (0x00003f17) x30 0x80010564
core   0: 0x8000d568 (0xa83f2e23) sw      gp, -1380(t5)
core   0: 3 0x8000d568 (0xa83f2e23) mem 0x80010000 0x00000001
core   0: 0x8000d56c (0xff9ff06f) j       pc - 0x8
core   0: 3 0x8000d56c (0xff9ff06f)
core   0: 0x8000d564 (0x00003f17) auipc   t5, 0x3
core   0: 3 0x8000d564 (0x00003f17) x30 0x80010564
core   0: 0x8000d568 (0xa83f2e23) sw      gp, -1380(t5)
core   0: 3 0x8000d568 (0xa83f2e23) mem 0x80010000 0x00000001
core   0: 0x8000d56c (0xff9ff06f) j       pc - 0x8
core   0: 3 0x8000d56c (0xff9ff06f)
core   0: 0x8000d564 (0x00003f17) auipc   t5, 0x3
core   0: 3 0x8000d564 (0x00003f17) x30 0x80010564
core   0: 0x8000d568 (0xa83f2e23) sw      gp, -1380(t5)
core   0: 3 0x8000d568 (0xa83f2e23) mem 0x80010000 0x00000001
core   0: 0x8000d56c (0xff9ff06f) j       pc - 0x8
core   0: 3 0x8000d56c (0xff9ff06f)
core   0: 0x8000d564 (0x00003f17) auipc   t5, 0x3
core   0: 3 0x8000d564 (0x00003f17) x30 0x80010564
core   0: 0x8000d568 (0xa83f2e23) sw      gp, -1380(t5)
core   0: 3 0x8000d568 (0xa83f2e23) mem 0x80010000 0x00000001
core   0: 0x8000d56c (0xff9ff06f) j       pc - 0x8
core   0: 3 0x8000d56c (0xff9ff06f)
core   0: 0x8000d564 (0x00003f17) auipc   t5, 0x3
core   0: 3 0x8000d564 (0x00003f17) x30 0x80010564
core   0: 0x8000d568 (0xa83f2e23) sw      gp, -1380(t5)
core   0: 3 0x8000d568 (0xa83f2e23) mem 0x80010000 0x00000001
core   0: 0x8000d56c (0xff9ff06f) j       pc - 0x8
core   0: 3 0x8000d56c (0xff9ff06f)
core   0: 0x8000d564 (0x00003f17) auipc   t5, 0x3
core   0: 3 0x8000d564 (0x00003f17) x30 0x80010564
core   0: 0x8000d568 (0xa83f2e23) sw      gp, -1380(t5)
core   0: 3 0x8000d568 (0xa83f2e23) mem 0x80010000 0x00000001
core   0: 0x8000d56c (0xff9ff06f) j       pc - 0x8
core   0: 3 0x8000d56c (0xff9ff06f)
core   0: 0x8000d564 (0x00003f17) auipc   t5, 0x3
core   0: 3 0x8000d564 (0x00003f17) x30 0x80010564
core   0: 0x8000d568 (0xa83f2e23) sw      gp, -1380(t5)
core   0: 3 0x8000d568 (0xa83f2e23) mem 0x80010000 0x00000001
core   0: 0x8000d56c (0xff9ff06f) j       pc - 0x8
core   0: 3 0x8000d56c (0xff9ff06f)
core   0: 0x8000d564 (0x00003f17) auipc   t5, 0x3
core   0: 3 0x8000d564 (0x00003f17) x30 0x80010564
core   0: 0x8000d568 (0xa83f2e23) sw      gp, -1380(t5)
core   0: 3 0x8000d568 (0xa83f2e23) mem 0x80010000 0x00000001
core   0: 0x8000d56c (0xff9ff06f) j       pc - 0x8
core   0: 3 0x8000d56c (0xff9ff06f)
core   0: 0x8000d564 (0x00003f17) auipc   t5, 0x3
core   0: 3 0x8000d564 (0x00003f17) x30 0x80010564
core   0: 0x8000d568 (0xa83f2e23) sw      gp, -1380(t5)
core   0: 3 0x8000d568 (0xa83f2e23) mem 0x80010000 0x00000001
core   0: 0x8000d56c (0xff9ff06f) j       pc - 0x8
core   0: 3 0x8000d56c (0xff9ff06f)
core   0: 0x8000d564 (0x00003f17) auipc   t5, 0x3
core   0: 3 0x8000d564 (0x00003f17) x30 0x80010564
core   0: 0x8000d568 (0xa83f2e23) sw      gp, -1380(t5)
core   0: 3 0x8000d568 (0xa83f2e23) mem 0x80010000 0x00000001
core   0: 0x8000d56c (0xff9ff06f) j       pc - 0x8
core   0: 3 0x8000d56c (0xff9ff06f)
core   0: 0x8000d564 (0x00003f17) auipc   t5, 0x3
core   0: 3 0x8000d564 (0x00003f17) x30 0x80010564
core   0: 0x8000d568 (0xa83f2e23) sw      gp, -1380(t5)
core   0: 3 0x8000d568 (0xa83f2e23) mem 0x80010000 0x00000001
core   0: 0x8000d56c (0xff9ff06f) j       pc - 0x8
core   0: 3 0x8000d56c (0xff9ff06f)
core   0: 0x8000d564 (0x00003f17) auipc   t5, 0x3
core   0: 3 0x8000d564 (0x00003f17) x30 0x80010564
core   0: 0x8000d568 (0xa83f2e23) sw      gp, -1380(t5)
core   0: 3 0x8000d568 (0xa83f2e23) mem 0x80010000 0x00000001
core   0: 0x8000d56c (0xff9ff06f) j       pc - 0x8
core   0: 3 0x8000d56c (0xff9ff06f)
core   0: 0x8000d564 (0x00003f17) auipc   t5, 0x3
core   0: 3 0x8000d564 (0x00003f17) x30 0x80010564
core   0: 0x8000d568 (0xa83f2e23) sw      gp, -1380(t5)
core   0: 3 0x8000d568 (0xa83f2e23) mem 0x80010000 0x00000001
core   0: 0x8000d56c (0xff9ff06f) j       pc - 0x8
core   0: 3 0x8000d56c (0xff9ff06f)
core   0: 0x8000d564 (0x00003f17) auipc   t5, 0x3
core   0: 3 0x8000d564 (0x00003f17) x30 0x80010564
core   0: 0x8000d568 (0xa83f2e23) sw      gp, -1380(t5)
core   0: 3 0x8000d568 (0xa83f2e23) mem 0x80010000 0x00000001
core   0: 0x8000d56c (0xff9ff06f) j       pc - 0x8
core   0: 3 0x8000d56c (0xff9ff06f)
core   0: 0x8000d564 (0x00003f17) auipc   t5, 0x3
core   0: 3 0x8000d564 (0x00003f17) x30 0x80010564
core   0: 0x8000d568 (0xa83f2e23) sw      gp, -1380(t5)
core   0: 3 0x8000d568 (0xa83f2e23) mem 0x80010000 0x00000001
core   0: 0x8000d56c (0xff9ff06f) j       pc - 0x8
core   0: 3 0x8000d56c (0xff9ff06f)
core   0: 0x8000d564 (0x00003f17) auipc   t5, 0x3
core   0: 3 0x8000d564 (0x00003f17) x30 0x80010564
core   0: 0x8000d568 (0xa83f2e23) sw      gp, -1380(t5)
core   0: 3 0x8000d568 (0xa83f2e23) mem 0x80010000 0x00000001
core   0: 0x8000d56c (0xff9ff06f) j       pc - 0x8
core   0: 3 0x8000d56c (0xff9ff06f)
core   0: 0x8000d564 (0x00003f17) auipc   t5, 0x3
core   0: 3 0x8000d564 (0x00003f17) x30 0x80010564
core   0: 0x8000d568 (0xa83f2e23) sw      gp, -1380(t5)
core   0: 3 0x8000d568 (0xa83f2e23) mem 0x80010000 0x00000001
core   0: 0x8000d56c (0xff9ff06f) j       pc - 0x8
core   0: 3 0x8000d56c (0xff9ff06f)
core   0: 0x8000d564 (0x00003f17) auipc   t5, 0x3
core   0: 3 0x8000d564 (0x00003f17) x30 0x80010564
core   0: 0x8000d568 (0xa83f2e23) sw      gp, -1380(t5)
core   0: 3 0x8000d568 (0xa83f2e23) mem 0x80010000 0x00000001
core   0: 0x8000d56c (0xff9ff06f) j       pc - 0x8
core   0: 3 0x8000d56c (0xff9ff06f)
core   0: 0x8000d564 (0x00003f17) auipc   t5, 0x3
core   0: 3 0x8000d564 (0x00003f17) x30 0x80010564
core   0: 0x8000d568 (0xa83f2e23) sw      gp, -1380(t5)
core   0: 3 0x8000d568 (0xa83f2e23) mem 0x80010000 0x00000001
core   0: 0x8000d56c (0xff9ff06f) j       pc - 0x8
core   0: 3 0x8000d56c (0xff9ff06f)
core   0: 0x8000d564 (0x00003f17) auipc   t5, 0x3
core   0: 3 0x8000d564 (0x00003f17) x30 0x80010564
core   0: 0x8000d568 (0xa83f2e23) sw      gp, -1380(t5)
core   0: 3 0x8000d568 (0xa83f2e23) mem 0x80010000 0x00000001
core   0: 0x8000d56c (0xff9ff06f) j       pc - 0x8
core   0: 3 0x8000d56c (0xff9ff06f)
core   0: 0x8000d564 (0x00003f17) auipc   t5, 0x3
core   0: 3 0x8000d564 (0x00003f17) x30 0x80010564
core   0: 0x8000d568 (0xa83f2e23) sw      gp, -1380(t5)
core   0: 3 0x8000d568 (0xa83f2e23) mem 0x80010000 0x00000001
core   0: 0x8000d56c (0xff9ff06f) j       pc - 0x8
core   0: 3 0x8000d56c (0xff9ff06f)
core   0: 0x8000d564 (0x00003f17) auipc   t5, 0x3
core   0: 3 0x8000d564 (0x00003f17) x30 0x80010564
core   0: 0x8000d568 (0xa83f2e23) sw      gp, -1380(t5)
core   0: 3 0x8000d568 (0xa83f2e23) mem 0x80010000 0x00000001
core   0: 0x8000d56c (0xff9ff06f) j       pc - 0x8
core   0: 3 0x8000d56c (0xff9ff06f)
core   0: 0x8000d564 (0x00003f17) auipc   t5, 0x3
core   0: 3 0x8000d564 (0x00003f17) x30 0x80010564
core   0: 0x8000d568 (0xa83f2e23) sw      gp, -1380(t5)
core   0: 3 0x8000d568 (0xa83f2e23) mem 0x80010000 0x00000001
core   0: 0x8000d56c (0xff9ff06f) j       pc - 0x8
core   0: 3 0x8000d56c (0xff9ff06f)
core   0: 0x8000d564 (0x00003f17) auipc   t5, 0x3
core   0: 3 0x8000d564 (0x00003f17) x30 0x80010564
core   0: 0x8000d568 (0xa83f2e23) sw      gp, -1380(t5)
core   0: 3 0x8000d568 (0xa83f2e23) mem 0x80010000 0x00000001
core   0: 0x8000d56c (0xff9ff06f) j       pc - 0x8
core   0: 3 0x8000d56c (0xff9ff06f)
core   0: 0x8000d564 (0x00003f17) auipc   t5, 0x3
core   0: 3 0x8000d564 (0x00003f17) x30 0x80010564
core   0: 0x8000d568 (0xa83f2e23) sw      gp, -1380(t5)
core   0: 3 0x8000d568 (0xa83f2e23) mem 0x80010000 0x00000001
core   0: 0x8000d56c (0xff9ff06f) j       pc - 0x8
core   0: 3 0x8000d56c (0xff9ff06f)
core   0: 0x8000d564 (0x00003f17) auipc   t5, 0x3
core   0: 3 0x8000d564 (0x00003f17) x30 0x80010564
core   0: 0x8000d568 (0xa83f2e23) sw      gp, -1380(t5)
core   0: 3 0x8000d568 (0xa83f2e23) mem 0x80010000 0x00000001
core   0: 0x8000d56c (0xff9ff06f) j       pc - 0x8
core   0: 3 0x8000d56c (0xff9ff06f)
core   0: 0x8000d564 (0x00003f17) auipc   t5, 0x3
core   0: 3 0x8000d564 (0x00003f17) x30 0x80010564
core   0: 0x8000d568 (0xa83f2e23) sw      gp, -1380(t5)
core   0: 3 0x8000d568 (0xa83f2e23) mem 0x80010000 0x00000001
core   0: 0x8000d56c (0xff9ff06f) j       pc - 0x8
core   0: 3 0x8000d56c (0xff9ff06f)
core   0: 0x8000d564 (0x00003f17) auipc   t5, 0x3
core   0: 3 0x8000d564 (0x00003f17) x30 0x80010564
core   0: 0x8000d568 (0xa83f2e23) sw      gp, -1380(t5)
core   0: 3 0x8000d568 (0xa83f2e23) mem 0x80010000 0x00000001
core   0: 0x8000d56c (0xff9ff06f) j       pc - 0x8
core   0: 3 0x8000d56c (0xff9ff06f)
core   0: 0x8000d564 (0x00003f17) auipc   t5, 0x3
core   0: 3 0x8000d564 (0x00003f17) x30 0x80010564
core   0: 0x8000d568 (0xa83f2e23) sw      gp, -1380(t5)
core   0: 3 0x8000d568 (0xa83f2e23) mem 0x80010000 0x00000001
core   0: 0x8000d56c (0xff9ff06f) j       pc - 0x8
core   0: 3 0x8000d56c (0xff9ff06f)
core   0: 0x8000d564 (0x00003f17) auipc   t5, 0x3
core   0: 3 0x8000d564 (0x00003f17) x30 0x80010564
core   0: 0x8000d568 (0xa83f2e23) sw      gp, -1380(t5)
core   0: 3 0x8000d568 (0xa83f2e23) mem 0x80010000 0x00000001
core   0: 0x8000d56c (0xff9ff06f) j       pc - 0x8
core   0: 3 0x8000d56c (0xff9ff06f)
core   0: 0x8000d564 (0x00003f17) auipc   t5, 0x3
core   0: 3 0x8000d564 (0x00003f17) x30 0x80010564
core   0: 0x8000d568 (0xa83f2e23) sw      gp, -1380(t5)
core   0: 3 0x8000d568 (0xa83f2e23) mem 0x80010000 0x00000001
core   0: 0x8000d56c (0xff9ff06f) j       pc - 0x8
core   0: 3 0x8000d56c (0xff9ff06f)
core   0: 0x8000d564 (0x00003f17) auipc   t5, 0x3
core   0: 3 0x8000d564 (0x00003f17) x30 0x80010564
core   0: 0x8000d568 (0xa83f2e23) sw      gp, -1380(t5)
core   0: 3 0x8000d568 (0xa83f2e23) mem 0x80010000 0x00000001
core   0: 0x8000d56c (0xff9ff06f) j       pc - 0x8
core   0: 3 0x8000d56c (0xff9ff06f)
core   0: 0x8000d564 (0x00003f17) auipc   t5, 0x3
core   0: 3 0x8000d564 (0x00003f17) x30 0x80010564
core   0: 0x8000d568 (0xa83f2e23) sw      gp, -1380(t5)
core   0: 3 0x8000d568 (0xa83f2e23) mem 0x80010000 0x00000001
core   0: 0x8000d56c (0xff9ff06f) j       pc - 0x8
core   0: 3 0x8000d56c (0xff9ff06f)
core   0: 0x8000d564 (0x00003f17) auipc   t5, 0x3
core   0: 3 0x8000d564 (0x00003f17) x30 0x80010564
core   0: 0x8000d568 (0xa83f2e23) sw      gp, -1380(t5)
core   0: 3 0x8000d568 (0xa83f2e23) mem 0x80010000 0x00000001
core   0: 0x8000d56c (0xff9ff06f) j       pc - 0x8
core   0: 3 0x8000d56c (0xff9ff06f)
core   0: 0x8000d564 (0x00003f17) auipc   t5, 0x3
core   0: 3 0x8000d564 (0x00003f17) x30 0x80010564
core   0: 0x8000d568 (0xa83f2e23) sw      gp, -1380(t5)
core   0: 3 0x8000d568 (0xa83f2e23) mem 0x80010000 0x00000001
core   0: 0x8000d56c (0xff9ff06f) j       pc - 0x8
core   0: 3 0x8000d56c (0xff9ff06f)
core   0: 0x8000d564 (0x00003f17) auipc   t5, 0x3
core   0: 3 0x8000d564 (0x00003f17) x30 0x80010564
core   0: 0x8000d568 (0xa83f2e23) sw      gp, -1380(t5)
core   0: 3 0x8000d568 (0xa83f2e23) mem 0x80010000 0x00000001
core   0: 0x8000d56c (0xff9ff06f) j       pc - 0x8
core   0: 3 0x8000d56c (0xff9ff06f)
core   0: 0x8000d564 (0x00003f17) auipc   t5, 0x3
core   0: 3 0x8000d564 (0x00003f17) x30 0x80010564
core   0: 0x8000d568 (0xa83f2e23) sw      gp, -1380(t5)
core   0: 3 0x8000d568 (0xa83f2e23) mem 0x80010000 0x00000001
core   0: 0x8000d56c (0xff9ff06f) j       pc - 0x8
core   0: 3 0x8000d56c (0xff9ff06f)
core   0: 0x8000d564 (0x00003f17) auipc   t5, 0x3
core   0: 3 0x8000d564 (0x00003f17) x30 0x80010564
core   0: 0x8000d568 (0xa83f2e23) sw      gp, -1380(t5)
core   0: 3 0x8000d568 (0xa83f2e23) mem 0x80010000 0x00000001
core   0: 0x8000d56c (0xff9ff06f) j       pc - 0x8
core   0: 3 0x8000d56c (0xff9ff06f)
core   0: 0x8000d564 (0x00003f17) auipc   t5, 0x3
core   0: 3 0x8000d564 (0x00003f17) x30 0x80010564
core   0: 0x8000d568 (0xa83f2e23) sw      gp, -1380(t5)
core   0: 3 0x8000d568 (0xa83f2e23) mem 0x80010000 0x00000001
core   0: 0x8000d56c (0xff9ff06f) j       pc - 0x8
core   0: 3 0x8000d56c (0xff9ff06f)
core   0: 0x8000d564 (0x00003f17) auipc   t5, 0x3
core   0: 3 0x8000d564 (0x00003f17) x30 0x80010564
core   0: 0x8000d568 (0xa83f2e23) sw      gp, -1380(t5)
core   0: 3 0x8000d568 (0xa83f2e23) mem 0x80010000 0x00000001
core   0: 0x8000d56c (0xff9ff06f) j       pc - 0x8
core   0: 3 0x8000d56c (0xff9ff06f)
core   0: 0x8000d564 (0x00003f17) auipc   t5, 0x3
core   0: 3 0x8000d564 (0x00003f17) x30 0x80010564
core   0: 0x8000d568 (0xa83f2e23) sw      gp, -1380(t5)
core   0: 3 0x8000d568 (0xa83f2e23) mem 0x80010000 0x00000001
core   0: 0x8000d56c (0xff9ff06f) j       pc - 0x8
core   0: 3 0x8000d56c (0xff9ff06f)
core   0: 0x8000d564 (0x00003f17) auipc   t5, 0x3
core   0: 3 0x8000d564 (0x00003f17) x30 0x80010564
core   0: 0x8000d568 (0xa83f2e23) sw      gp, -1380(t5)
core   0: 3 0x8000d568 (0xa83f2e23) mem 0x80010000 0x00000001
core   0: 0x8000d56c (0xff9ff06f) j       pc - 0x8
core   0: 3 0x8000d56c (0xff9ff06f)
core   0: 0x8000d564 (0x00003f17) auipc   t5, 0x3
core   0: 3 0x8000d564 (0x00003f17) x30 0x80010564
core   0: 0x8000d568 (0xa83f2e23) sw      gp, -1380(t5)
core   0: 3 0x8000d568 (0xa83f2e23) mem 0x80010000 0x00000001
core   0: 0x8000d56c (0xff9ff06f) j       pc - 0x8
core   0: 3 0x8000d56c (0xff9ff06f)
core   0: 0x8000d564 (0x00003f17) auipc   t5, 0x3
core   0: 3 0x8000d564 (0x00003f17) x30 0x80010564
core   0: 0x8000d568 (0xa83f2e23) sw      gp, -1380(t5)
core   0: 3 0x8000d568 (0xa83f2e23) mem 0x80010000 0x00000001
core   0: 0x8000d56c (0xff9ff06f) j       pc - 0x8
core   0: 3 0x8000d56c (0xff9ff06f)
core   0: 0x8000d564 (0x00003f17) auipc   t5, 0x3
core   0: 3 0x8000d564 (0x00003f17) x30 0x80010564
core   0: 0x8000d568 (0xa83f2e23) sw      gp, -1380(t5)
core   0: 3 0x8000d568 (0xa83f2e23) mem 0x80010000 0x00000001
core   0: 0x8000d56c (0xff9ff06f) j       pc - 0x8
core   0: 3 0x8000d56c (0xff9ff06f)
core   0: 0x8000d564 (0x00003f17) auipc   t5, 0x3
core   0: 3 0x8000d564 (0x00003f17) x30 0x80010564
core   0: 0x8000d568 (0xa83f2e23) sw      gp, -1380(t5)
core   0: 3 0x8000d568 (0xa83f2e23) mem 0x80010000 0x00000001
core   0: 0x8000d56c (0xff9ff06f) j       pc - 0x8
core   0: 3 0x8000d56c (0xff9ff06f)
core   0: 0x8000d564 (0x00003f17) auipc   t5, 0x3
core   0: 3 0x8000d564 (0x00003f17) x30 0x80010564
core   0: 0x8000d568 (0xa83f2e23) sw      gp, -1380(t5)
core   0: 3 0x8000d568 (0xa83f2e23) mem 0x80010000 0x00000001
core   0: 0x8000d56c (0xff9ff06f) j       pc - 0x8
core   0: 3 0x8000d56c (0xff9ff06f)
core   0: 0x8000d564 (0x00003f17) auipc   t5, 0x3
core   0: 3 0x8000d564 (0x00003f17) x30 0x80010564
core   0: 0x8000d568 (0xa83f2e23) sw      gp, -1380(t5)
core   0: 3 0x8000d568 (0xa83f2e23) mem 0x80010000 0x00000001
core   0: 0x8000d56c (0xff9ff06f) j       pc - 0x8
core   0: 3 0x8000d56c (0xff9ff06f)
core   0: 0x8000d564 (0x00003f17) auipc   t5, 0x3
core   0: 3 0x8000d564 (0x00003f17) x30 0x80010564
core   0: 0x8000d568 (0xa83f2e23) sw      gp, -1380(t5)
core   0: 3 0x8000d568 (0xa83f2e23) mem 0x80010000 0x00000001
core   0: 0x8000d56c (0xff9ff06f) j       pc - 0x8
core   0: 3 0x8000d56c (0xff9ff06f)
core   0: 0x8000d564 (0x00003f17) auipc   t5, 0x3
core   0: 3 0x8000d564 (0x00003f17) x30 0x80010564
core   0: 0x8000d568 (0xa83f2e23) sw      gp, -1380(t5)
core   0: 3 0x8000d568 (0xa83f2e23) mem 0x80010000 0x00000001
core   0: 0x8000d56c (0xff9ff06f) j       pc - 0x8
core   0: 3 0x8000d56c (0xff9ff06f)
core   0: 0x8000d564 (0x00003f17) auipc   t5, 0x3
core   0: 3 0x8000d564 (0x00003f17) x30 0x80010564
core   0: 0x8000d568 (0xa83f2e23) sw      gp, -1380(t5)
core   0: 3 0x8000d568 (0xa83f2e23) mem 0x80010000 0x00000001
core   0: 0x8000d56c (0xff9ff06f) j       pc - 0x8
core   0: 3 0x8000d56c (0xff9ff06f)
core   0: 0x8000d564 (0x00003f17) auipc   t5, 0x3
core   0: 3 0x8000d564 (0x00003f17) x30 0x80010564
core   0: 0x8000d568 (0xa83f2e23) sw      gp, -1380(t5)
core   0: 3 0x8000d568 (0xa83f2e23) mem 0x80010000 0x00000001
core   0: 0x8000d56c (0xff9ff06f) j       pc - 0x8
core   0: 3 0x8000d56c (0xff9ff06f)
core   0: 0x8000d564 (0x00003f17) auipc   t5, 0x3
core   0: 3 0x8000d564 (0x00003f17) x30 0x80010564
core   0: 0x8000d568 (0xa83f2e23) sw      gp, -1380(t5)
core   0: 3 0x8000d568 (0xa83f2e23) mem 0x80010000 0x00000001
core   0: 0x8000d56c (0xff9ff06f) j       pc - 0x8
core   0: 3 0x8000d56c (0xff9ff06f)
core   0: 0x8000d564 (0x00003f17) auipc   t5, 0x3
core   0: 3 0x8000d564 (0x00003f17) x30 0x80010564
core   0: 0x8000d568 (0xa83f2e23) sw      gp, -1380(t5)
core   0: 3 0x8000d568 (0xa83f2e23) mem 0x80010000 0x00000001
core   0: 0x8000d56c (0xff9ff06f) j       pc - 0x8
core   0: 3 0x8000d56c (0xff9ff06f)
core   0: 0x8000d564 (0x00003f17) auipc   t5, 0x3
core   0: 3 0x8000d564 (0x00003f17) x30 0x80010564
core   0: 0x8000d568 (0xa83f2e23) sw      gp, -1380(t5)
core   0: 3 0x8000d568 (0xa83f2e23) mem 0x80010000 0x00000001
core   0: 0x8000d56c (0xff9ff06f) j       pc - 0x8
core   0: 3 0x8000d56c (0xff9ff06f)
core   0: 0x8000d564 (0x00003f17) auipc   t5, 0x3
core   0: 3 0x8000d564 (0x00003f17) x30 0x80010564
core   0: 0x8000d568 (0xa83f2e23) sw      gp, -1380(t5)
core   0: 3 0x8000d568 (0xa83f2e23) mem 0x80010000 0x00000001
core   0: 0x8000d56c (0xff9ff06f) j       pc - 0x8
core   0: 3 0x8000d56c (0xff9ff06f)
core   0: 0x8000d564 (0x00003f17) auipc   t5, 0x3
core   0: 3 0x8000d564 (0x00003f17) x30 0x80010564
core   0: 0x8000d568 (0xa83f2e23) sw      gp, -1380(t5)
core   0: 3 0x8000d568 (0xa83f2e23) mem 0x80010000 0x00000001
core   0: 0x8000d56c (0xff9ff06f) j       pc - 0x8
core   0: 3 0x8000d56c (0xff9ff06f)
core   0: 0x8000d564 (0x00003f17) auipc   t5, 0x3
core   0: 3 0x8000d564 (0x00003f17) x30 0x80010564
core   0: 0x8000d568 (0xa83f2e23) sw      gp, -1380(t5)
core   0: 3 0x8000d568 (0xa83f2e23) mem 0x80010000 0x00000001
core   0: 0x8000d56c (0xff9ff06f) j       pc - 0x8
core   0: 3 0x8000d56c (0xff9ff06f)
core   0: 0x8000d564 (0x00003f17) auipc   t5, 0x3
core   0: 3 0x8000d564 (0x00003f17) x30 0x80010564
core   0: 0x8000d568 (0xa83f2e23) sw      gp, -1380(t5)
core   0: 3 0x8000d568 (0xa83f2e23) mem 0x80010000 0x00000001
core   0: 0x8000d56c (0xff9ff06f) j       pc - 0x8
core   0: 3 0x8000d56c (0xff9ff06f)
core   0: 0x8000d564 (0x00003f17) auipc   t5, 0x3
core   0: 3 0x8000d564 (0x00003f17) x30 0x80010564
core   0: 0x8000d568 (0xa83f2e23) sw      gp, -1380(t5)
core   0: 3 0x8000d568 (0xa83f2e23) mem 0x80010000 0x00000001
core   0: 0x8000d56c (0xff9ff06f) j       pc - 0x8
core   0: 3 0x8000d56c (0xff9ff06f)
core   0: 0x8000d564 (0x00003f17) auipc   t5, 0x3
core   0: 3 0x8000d564 (0x00003f17) x30 0x80010564
core   0: 0x8000d568 (0xa83f2e23) sw      gp, -1380(t5)
core   0: 3 0x8000d568 (0xa83f2e23) mem 0x80010000 0x00000001
core   0: 0x8000d56c (0xff9ff06f) j       pc - 0x8
core   0: 3 0x8000d56c (0xff9ff06f)
core   0: 0x8000d564 (0x00003f17) auipc   t5, 0x3
core   0: 3 0x8000d564 (0x00003f17) x30 0x80010564
core   0: 0x8000d568 (0xa83f2e23) sw      gp, -1380(t5)
core   0: 3 0x8000d568 (0xa83f2e23) mem 0x80010000 0x00000001
core   0: 0x8000d56c (0xff9ff06f) j       pc - 0x8
core   0: 3 0x8000d56c (0xff9ff06f)
core   0: 0x8000d564 (0x00003f17) auipc   t5, 0x3
core   0: 3 0x8000d564 (0x00003f17) x30 0x80010564
core   0: 0x8000d568 (0xa83f2e23) sw      gp, -1380(t5)
core   0: 3 0x8000d568 (0xa83f2e23) mem 0x80010000 0x00000001
core   0: 0x8000d56c (0xff9ff06f) j       pc - 0x8
core   0: 3 0x8000d56c (0xff9ff06f)
core   0: 0x8000d564 (0x00003f17) auipc   t5, 0x3
core   0: 3 0x8000d564 (0x00003f17) x30 0x80010564
core   0: 0x8000d568 (0xa83f2e23) sw      gp, -1380(t5)
core   0: 3 0x8000d568 (0xa83f2e23) mem 0x80010000 0x00000001
core   0: 0x8000d56c (0xff9ff06f) j       pc - 0x8
core   0: 3 0x8000d56c (0xff9ff06f)
core   0: 0x8000d564 (0x00003f17) auipc   t5, 0x3
core   0: 3 0x8000d564 (0x00003f17) x30 0x80010564
core   0: 0x8000d568 (0xa83f2e23) sw      gp, -1380(t5)
core   0: 3 0x8000d568 (0xa83f2e23) mem 0x80010000 0x00000001
core   0: 0x8000d56c (0xff9ff06f) j       pc - 0x8
core   0: 3 0x8000d56c (0xff9ff06f)
core   0: 0x8000d564 (0x00003f17) auipc   t5, 0x3
core   0: 3 0x8000d564 (0x00003f17) x30 0x80010564
core   0: 0x8000d568 (0xa83f2e23) sw      gp, -1380(t5)
core   0: 3 0x8000d568 (0xa83f2e23) mem 0x80010000 0x00000001
core   0: 0x8000d56c (0xff9ff06f) j       pc - 0x8
core   0: 3 0x8000d56c (0xff9ff06f)
core   0: 0x8000d564 (0x00003f17) auipc   t5, 0x3
core   0: 3 0x8000d564 (0x00003f17) x30 0x80010564
core   0: 0x8000d568 (0xa83f2e23) sw      gp, -1380(t5)
core   0: 3 0x8000d568 (0xa83f2e23) mem 0x80010000 0x00000001
core   0: 0x8000d56c (0xff9ff06f) j       pc - 0x8
core   0: 3 0x8000d56c (0xff9ff06f)
core   0: 0x8000d564 (0x00003f17) auipc   t5, 0x3
core   0: 3 0x8000d564 (0x00003f17) x30 0x80010564
core   0: 0x8000d568 (0xa83f2e23) sw      gp, -1380(t5)
core   0: 3 0x8000d568 (0xa83f2e23) mem 0x80010000 0x00000001
core   0: 0x8000d56c (0xff9ff06f) j       pc - 0x8
core   0: 3 0x8000d56c (0xff9ff06f)
core   0: 0x8000d564 (0x00003f17) auipc   t5, 0x3
core   0: 3 0x8000d564 (0x00003f17) x30 0x80010564
core   0: 0x8000d568 (0xa83f2e23) sw      gp, -1380(t5)
core   0: 3 0x8000d568 (0xa83f2e23) mem 0x80010000 0x00000001
core   0: 0x8000d56c (0xff9ff06f) j       pc - 0x8
core   0: 3 0x8000d56c (0xff9ff06f)
core   0: 0x8000d564 (0x00003f17) auipc   t5, 0x3
core   0: 3 0x8000d564 (0x00003f17) x30 0x80010564
core   0: 0x8000d568 (0xa83f2e23) sw      gp, -1380(t5)
core   0: 3 0x8000d568 (0xa83f2e23) mem 0x80010000 0x00000001
core   0: 0x8000d56c (0xff9ff06f) j       pc - 0x8
core   0: 3 0x8000d56c (0xff9ff06f)
core   0: 0x8000d564 (0x00003f17) auipc   t5, 0x3
core   0: 3 0x8000d564 (0x00003f17) x30 0x80010564
core   0: 0x8000d568 (0xa83f2e23) sw      gp, -1380(t5)
core   0: 3 0x8000d568 (0xa83f2e23) mem 0x80010000 0x00000001
core   0: 0x8000d56c (0xff9ff06f) j       pc - 0x8
core   0: 3 0x8000d56c (0xff9ff06f)
core   0: 0x8000d564 (0x00003f17) auipc   t5, 0x3
core   0: 3 0x8000d564 (0x00003f17) x30 0x80010564
core   0: 0x8000d568 (0xa83f2e23) sw      gp, -1380(t5)
core   0: 3 0x8000d568 (0xa83f2e23) mem 0x80010000 0x00000001
core   0: 0x8000d56c (0xff9ff06f) j       pc - 0x8
core   0: 3 0x8000d56c (0xff9ff06f)
core   0: 0x8000d564 (0x00003f17) auipc   t5, 0x3
core   0: 3 0x8000d564 (0x00003f17) x30 0x80010564
core   0: 0x8000d568 (0xa83f2e23) sw      gp, -1380(t5)
core   0: 3 0x8000d568 (0xa83f2e23) mem 0x80010000 0x00000001
core   0: 0x8000d56c (0xff9ff06f) j       pc - 0x8
core   0: 3 0x8000d56c (0xff9ff06f)
core   0: 0x8000d564 (0x00003f17) auipc   t5, 0x3
core   0: 3 0x8000d564 (0x00003f17) x30 0x80010564
core   0: 0x8000d568 (0xa83f2e23) sw      gp, -1380(t5)
core   0: 3 0x8000d568 (0xa83f2e23) mem 0x80010000 0x00000001
core   0: 0x8000d56c (0xff9ff06f) j       pc - 0x8
core   0: 3 0x8000d56c (0xff9ff06f)
core   0: 0x8000d564 (0x00003f17) auipc   t5, 0x3
core   0: 3 0x8000d564 (0x00003f17) x30 0x80010564
core   0: 0x8000d568 (0xa83f2e23) sw      gp, -1380(t5)
core   0: 3 0x8000d568 (0xa83f2e23) mem 0x80010000 0x00000001
core   0: 0x8000d56c (0xff9ff06f) j       pc - 0x8
core   0: 3 0x8000d56c (0xff9ff06f)
core   0: 0x8000d564 (0x00003f17) auipc   t5, 0x3
core   0: 3 0x8000d564 (0x00003f17) x30 0x80010564
core   0: 0x8000d568 (0xa83f2e23) sw      gp, -1380(t5)
core   0: 3 0x8000d568 (0xa83f2e23) mem 0x80010000 0x00000001
core   0: 0x8000d56c (0xff9ff06f) j       pc - 0x8
core   0: 3 0x8000d56c (0xff9ff06f)
core   0: 0x8000d564 (0x00003f17) auipc   t5, 0x3
core   0: 3 0x8000d564 (0x00003f17) x30 0x80010564
core   0: 0x8000d568 (0xa83f2e23) sw      gp, -1380(t5)
core   0: 3 0x8000d568 (0xa83f2e23) mem 0x80010000 0x00000001
core   0: 0x8000d56c (0xff9ff06f) j       pc - 0x8
core   0: 3 0x8000d56c (0xff9ff06f)
core   0: 0x8000d564 (0x00003f17) auipc   t5, 0x3
core   0: 3 0x8000d564 (0x00003f17) x30 0x80010564
core   0: 0x8000d568 (0xa83f2e23) sw      gp, -1380(t5)
core   0: 3 0x8000d568 (0xa83f2e23) mem 0x80010000 0x00000001
core   0: 0x8000d56c (0xff9ff06f) j       pc - 0x8
core   0: 3 0x8000d56c (0xff9ff06f)
core   0: 0x8000d564 (0x00003f17) auipc   t5, 0x3
core   0: 3 0x8000d564 (0x00003f17) x30 0x80010564
core   0: 0x8000d568 (0xa83f2e23) sw      gp, -1380(t5)
core   0: 3 0x8000d568 (0xa83f2e23) mem 0x80010000 0x00000001
core   0: 0x8000d56c (0xff9ff06f) j       pc - 0x8
core   0: 3 0x8000d56c (0xff9ff06f)
core   0: 0x8000d564 (0x00003f17) auipc   t5, 0x3
core   0: 3 0x8000d564 (0x00003f17) x30 0x80010564
core   0: 0x8000d568 (0xa83f2e23) sw      gp, -1380(t5)
core   0: 3 0x8000d568 (0xa83f2e23) mem 0x80010000 0x00000001
core   0: 0x8000d56c (0xff9ff06f) j       pc - 0x8
core   0: 3 0x8000d56c (0xff9ff06f)
core   0: 0x8000d564 (0x00003f17) auipc   t5, 0x3
core   0: 3 0x8000d564 (0x00003f17) x30 0x80010564
core   0: 0x8000d568 (0xa83f2e23) sw      gp, -1380(t5)
core   0: 3 0x8000d568 (0xa83f2e23) mem 0x80010000 0x00000001
core   0: 0x8000d56c (0xff9ff06f) j       pc - 0x8
core   0: 3 0x8000d56c (0xff9ff06f)
core   0: 0x8000d564 (0x00003f17) auipc   t5, 0x3
core   0: 3 0x8000d564 (0x00003f17) x30 0x80010564
core   0: 0x8000d568 (0xa83f2e23) sw      gp, -1380(t5)
core   0: 3 0x8000d568 (0xa83f2e23) mem 0x80010000 0x00000001
core   0: 0x8000d56c (0xff9ff06f) j       pc - 0x8
core   0: 3 0x8000d56c (0xff9ff06f)
core   0: 0x8000d564 (0x00003f17) auipc   t5, 0x3
core   0: 3 0x8000d564 (0x00003f17) x30 0x80010564
core   0: 0x8000d568 (0xa83f2e23) sw      gp, -1380(t5)
core   0: 3 0x8000d568 (0xa83f2e23) mem 0x80010000 0x00000001
core   0: 0x8000d56c (0xff9ff06f) j       pc - 0x8
core   0: 3 0x8000d56c (0xff9ff06f)
core   0: 0x8000d564 (0x00003f17) auipc   t5, 0x3
core   0: 3 0x8000d564 (0x00003f17) x30 0x80010564
core   0: 0x8000d568 (0xa83f2e23) sw      gp, -1380(t5)
core   0: 3 0x8000d568 (0xa83f2e23) mem 0x80010000 0x00000001
core   0: 0x8000d56c (0xff9ff06f) j       pc - 0x8
core   0: 3 0x8000d56c (0xff9ff06f)
core   0: 0x8000d564 (0x00003f17) auipc   t5, 0x3
core   0: 3 0x8000d564 (0x00003f17) x30 0x80010564
core   0: 0x8000d568 (0xa83f2e23) sw      gp, -1380(t5)
core   0: 3 0x8000d568 (0xa83f2e23) mem 0x80010000 0x00000001
core   0: 0x8000d56c (0xff9ff06f) j       pc - 0x8
core   0: 3 0x8000d56c (0xff9ff06f)
core   0: 0x8000d564 (0x00003f17) auipc   t5, 0x3
core   0: 3 0x8000d564 (0x00003f17) x30 0x80010564
core   0: 0x8000d568 (0xa83f2e23) sw      gp, -1380(t5)
core   0: 3 0x8000d568 (0xa83f2e23) mem 0x80010000 0x00000001
core   0: 0x8000d56c (0xff9ff06f) j       pc - 0x8
core   0: 3 0x8000d56c (0xff9ff06f)
core   0: 0x8000d564 (0x00003f17) auipc   t5, 0x3
core   0: 3 0x8000d564 (0x00003f17) x30 0x80010564
core   0: 0x8000d568 (0xa83f2e23) sw      gp, -1380(t5)
core   0: 3 0x8000d568 (0xa83f2e23) mem 0x80010000 0x00000001
core   0: 0x8000d56c (0xff9ff06f) j       pc - 0x8
core   0: 3 0x8000d56c (0xff9ff06f)
core   0: 0x8000d564 (0x00003f17) auipc   t5, 0x3
core   0: 3 0x8000d564 (0x00003f17) x30 0x80010564
core   0: 0x8000d568 (0xa83f2e23) sw      gp, -1380(t5)
core   0: 3 0x8000d568 (0xa83f2e23) mem 0x80010000 0x00000001
core   0: 0x8000d56c (0xff9ff06f) j       pc - 0x8
core   0: 3 0x8000d56c (0xff9ff06f)
core   0: 0x8000d564 (0x00003f17) auipc   t5, 0x3
core   0: 3 0x8000d564 (0x00003f17) x30 0x80010564
core   0: 0x8000d568 (0xa83f2e23) sw      gp, -1380(t5)
core   0: 3 0x8000d568 (0xa83f2e23) mem 0x80010000 0x00000001
core   0: 0x8000d56c (0xff9ff06f) j       pc - 0x8
core   0: 3 0x8000d56c (0xff9ff06f)
core   0: 0x8000d564 (0x00003f17) auipc   t5, 0x3
core   0: 3 0x8000d564 (0x00003f17) x30 0x80010564
core   0: 0x8000d568 (0xa83f2e23) sw      gp, -1380(t5)
core   0: 3 0x8000d568 (0xa83f2e23) mem 0x80010000 0x00000001
core   0: 0x8000d56c (0xff9ff06f) j       pc - 0x8
core   0: 3 0x8000d56c (0xff9ff06f)
core   0: 0x8000d564 (0x00003f17) auipc   t5, 0x3
core   0: 3 0x8000d564 (0x00003f17) x30 0x80010564
core   0: 0x8000d568 (0xa83f2e23) sw      gp, -1380(t5)
core   0: 3 0x8000d568 (0xa83f2e23) mem 0x80010000 0x00000001
core   0: 0x8000d56c (0xff9ff06f) j       pc - 0x8
core   0: 3 0x8000d56c (0xff9ff06f)
core   0: 0x8000d564 (0x00003f17) auipc   t5, 0x3
core   0: 3 0x8000d564 (0x00003f17) x30 0x80010564
core   0: 0x8000d568 (0xa83f2e23) sw      gp, -1380(t5)
core   0: 3 0x8000d568 (0xa83f2e23) mem 0x80010000 0x00000001
core   0: 0x8000d56c (0xff9ff06f) j       pc - 0x8
core   0: 3 0x8000d56c (0xff9ff06f)
core   0: 0x8000d564 (0x00003f17) auipc   t5, 0x3
core   0: 3 0x8000d564 (0x00003f17) x30 0x80010564
core   0: 0x8000d568 (0xa83f2e23) sw      gp, -1380(t5)
core   0: 3 0x8000d568 (0xa83f2e23) mem 0x80010000 0x00000001
core   0: 0x8000d56c (0xff9ff06f) j       pc - 0x8
core   0: 3 0x8000d56c (0xff9ff06f)
core   0: 0x8000d564 (0x00003f17) auipc   t5, 0x3
core   0: 3 0x8000d564 (0x00003f17) x30 0x80010564
core   0: 0x8000d568 (0xa83f2e23) sw      gp, -1380(t5)
core   0: 3 0x8000d568 (0xa83f2e23) mem 0x80010000 0x00000001
core   0: 0x8000d56c (0xff9ff06f) j       pc - 0x8
core   0: 3 0x8000d56c (0xff9ff06f)
core   0: 0x8000d564 (0x00003f17) auipc   t5, 0x3
core   0: 3 0x8000d564 (0x00003f17) x30 0x80010564
core   0: 0x8000d568 (0xa83f2e23) sw      gp, -1380(t5)
core   0: 3 0x8000d568 (0xa83f2e23) mem 0x80010000 0x00000001
core   0: 0x8000d56c (0xff9ff06f) j       pc - 0x8
core   0: 3 0x8000d56c (0xff9ff06f)
core   0: 0x8000d564 (0x00003f17) auipc   t5, 0x3
core   0: 3 0x8000d564 (0x00003f17) x30 0x80010564
core   0: 0x8000d568 (0xa83f2e23) sw      gp, -1380(t5)
core   0: 3 0x8000d568 (0xa83f2e23) mem 0x80010000 0x00000001
core   0: 0x8000d56c (0xff9ff06f) j       pc - 0x8
core   0: 3 0x8000d56c (0xff9ff06f)
core   0: 0x8000d564 (0x00003f17) auipc   t5, 0x3
core   0: 3 0x8000d564 (0x00003f17) x30 0x80010564
core   0: 0x8000d568 (0xa83f2e23) sw      gp, -1380(t5)
core   0: 3 0x8000d568 (0xa83f2e23) mem 0x80010000 0x00000001
core   0: 0x8000d56c (0xff9ff06f) j       pc - 0x8
core   0: 3 0x8000d56c (0xff9ff06f)
core   0: 0x8000d564 (0x00003f17) auipc   t5, 0x3
core   0: 3 0x8000d564 (0x00003f17) x30 0x80010564
core   0: 0x8000d568 (0xa83f2e23) sw      gp, -1380(t5)
core   0: 3 0x8000d568 (0xa83f2e23) mem 0x80010000 0x00000001
core   0: 0x8000d56c (0xff9ff06f) j       pc - 0x8
core   0: 3 0x8000d56c (0xff9ff06f)
core   0: 0x8000d564 (0x00003f17) auipc   t5, 0x3
core   0: 3 0x8000d564 (0x00003f17) x30 0x80010564
core   0: 0x8000d568 (0xa83f2e23) sw      gp, -1380(t5)
core   0: 3 0x8000d568 (0xa83f2e23) mem 0x80010000 0x00000001
core   0: 0x8000d56c (0xff9ff06f) j       pc - 0x8
core   0: 3 0x8000d56c (0xff9ff06f)
core   0: 0x8000d564 (0x00003f17) auipc   t5, 0x3
core   0: 3 0x8000d564 (0x00003f17) x30 0x80010564
core   0: 0x8000d568 (0xa83f2e23) sw      gp, -1380(t5)
core   0: 3 0x8000d568 (0xa83f2e23) mem 0x80010000 0x00000001
core   0: 0x8000d56c (0xff9ff06f) j       pc - 0x8
core   0: 3 0x8000d56c (0xff9ff06f)
core   0: 0x8000d564 (0x00003f17) auipc   t5, 0x3
core   0: 3 0x8000d564 (0x00003f17) x30 0x80010564
core   0: 0x8000d568 (0xa83f2e23) sw      gp, -1380(t5)
core   0: 3 0x8000d568 (0xa83f2e23) mem 0x80010000 0x00000001
core   0: 0x8000d56c (0xff9ff06f) j       pc - 0x8
core   0: 3 0x8000d56c (0xff9ff06f)
core   0: 0x8000d564 (0x00003f17) auipc   t5, 0x3
core   0: 3 0x8000d564 (0x00003f17) x30 0x80010564
core   0: 0x8000d568 (0xa83f2e23) sw      gp, -1380(t5)
core   0: 3 0x8000d568 (0xa83f2e23) mem 0x80010000 0x00000001
core   0: 0x8000d56c (0xff9ff06f) j       pc - 0x8
core   0: 3 0x8000d56c (0xff9ff06f)
core   0: 0x8000d564 (0x00003f17) auipc   t5, 0x3
core   0: 3 0x8000d564 (0x00003f17) x30 0x80010564
core   0: 0x8000d568 (0xa83f2e23) sw      gp, -1380(t5)
core   0: 3 0x8000d568 (0xa83f2e23) mem 0x80010000 0x00000001
core   0: 0x8000d56c (0xff9ff06f) j       pc - 0x8
core   0: 3 0x8000d56c (0xff9ff06f)
core   0: 0x8000d564 (0x00003f17) auipc   t5, 0x3
core   0: 3 0x8000d564 (0x00003f17) x30 0x80010564
core   0: 0x8000d568 (0xa83f2e23) sw      gp, -1380(t5)
core   0: 3 0x8000d568 (0xa83f2e23) mem 0x80010000 0x00000001
core   0: 0x8000d56c (0xff9ff06f) j       pc - 0x8
core   0: 3 0x8000d56c (0xff9ff06f)
core   0: 0x8000d564 (0x00003f17) auipc   t5, 0x3
core   0: 3 0x8000d564 (0x00003f17) x30 0x80010564
core   0: 0x8000d568 (0xa83f2e23) sw      gp, -1380(t5)
core   0: 3 0x8000d568 (0xa83f2e23) mem 0x80010000 0x00000001
core   0: 0x8000d56c (0xff9ff06f) j       pc - 0x8
core   0: 3 0x8000d56c (0xff9ff06f)
core   0: 0x8000d564 (0x00003f17) auipc   t5, 0x3
core   0: 3 0x8000d564 (0x00003f17) x30 0x80010564
core   0: 0x8000d568 (0xa83f2e23) sw      gp, -1380(t5)
core   0: 3 0x8000d568 (0xa83f2e23) mem 0x80010000 0x00000001
core   0: 0x8000d56c (0xff9ff06f) j       pc - 0x8
core   0: 3 0x8000d56c (0xff9ff06f)
core   0: 0x8000d564 (0x00003f17) auipc   t5, 0x3
core   0: 3 0x8000d564 (0x00003f17) x30 0x80010564
core   0: 0x8000d568 (0xa83f2e23) sw      gp, -1380(t5)
core   0: 3 0x8000d568 (0xa83f2e23) mem 0x80010000 0x00000001
core   0: 0x8000d56c (0xff9ff06f) j       pc - 0x8
core   0: 3 0x8000d56c (0xff9ff06f)
core   0: 0x8000d564 (0x00003f17) auipc   t5, 0x3
core   0: 3 0x8000d564 (0x00003f17) x30 0x80010564
core   0: 0x8000d568 (0xa83f2e23) sw      gp, -1380(t5)
core   0: 3 0x8000d568 (0xa83f2e23) mem 0x80010000 0x00000001
core   0: 0x8000d56c (0xff9ff06f) j       pc - 0x8
core   0: 3 0x8000d56c (0xff9ff06f)
core   0: 0x8000d564 (0x00003f17) auipc   t5, 0x3
core   0: 3 0x8000d564 (0x00003f17) x30 0x80010564
core   0: 0x8000d568 (0xa83f2e23) sw      gp, -1380(t5)
core   0: 3 0x8000d568 (0xa83f2e23) mem 0x80010000 0x00000001
core   0: 0x8000d56c (0xff9ff06f) j       pc - 0x8
core   0: 3 0x8000d56c (0xff9ff06f)
core   0: 0x8000d564 (0x00003f17) auipc   t5, 0x3
core   0: 3 0x8000d564 (0x00003f17) x30 0x80010564
core   0: 0x8000d568 (0xa83f2e23) sw      gp, -1380(t5)
core   0: 3 0x8000d568 (0xa83f2e23) mem 0x80010000 0x00000001
core   0: 0x8000d56c (0xff9ff06f) j       pc - 0x8
core   0: 3 0x8000d56c (0xff9ff06f)
core   0: 0x8000d564 (0x00003f17) auipc   t5, 0x3
core   0: 3 0x8000d564 (0x00003f17) x30 0x80010564
core   0: 0x8000d568 (0xa83f2e23) sw      gp, -1380(t5)
core   0: 3 0x8000d568 (0xa83f2e23) mem 0x80010000 0x00000001
core   0: 0x8000d56c (0xff9ff06f) j       pc - 0x8
core   0: 3 0x8000d56c (0xff9ff06f)
core   0: 0x8000d564 (0x00003f17) auipc   t5, 0x3
core   0: 3 0x8000d564 (0x00003f17) x30 0x80010564
core   0: 0x8000d568 (0xa83f2e23) sw      gp, -1380(t5)
core   0: 3 0x8000d568 (0xa83f2e23) mem 0x80010000 0x00000001
core   0: 0x8000d56c (0xff9ff06f) j       pc - 0x8
core   0: 3 0x8000d56c (0xff9ff06f)
core   0: 0x8000d564 (0x00003f17) auipc   t5, 0x3
core   0: 3 0x8000d564 (0x00003f17) x30 0x80010564
core   0: 0x8000d568 (0xa83f2e23) sw      gp, -1380(t5)
core   0: 3 0x8000d568 (0xa83f2e23) mem 0x80010000 0x00000001
core   0: 0x8000d56c (0xff9ff06f) j       pc - 0x8
core   0: 3 0x8000d56c (0xff9ff06f)
core   0: 0x8000d564 (0x00003f17) auipc   t5, 0x3
core   0: 3 0x8000d564 (0x00003f17) x30 0x80010564
core   0: 0x8000d568 (0xa83f2e23) sw      gp, -1380(t5)
core   0: 3 0x8000d568 (0xa83f2e23) mem 0x80010000 0x00000001
core   0: 0x8000d56c (0xff9ff06f) j       pc - 0x8
core   0: 3 0x8000d56c (0xff9ff06f)
core   0: 0x8000d564 (0x00003f17) auipc   t5, 0x3
core   0: 3 0x8000d564 (0x00003f17) x30 0x80010564
core   0: 0x8000d568 (0xa83f2e23) sw      gp, -1380(t5)
core   0: 3 0x8000d568 (0xa83f2e23) mem 0x80010000 0x00000001
core   0: 0x8000d56c (0xff9ff06f) j       pc - 0x8
core   0: 3 0x8000d56c (0xff9ff06f)
core   0: 0x8000d564 (0x00003f17) auipc   t5, 0x3
core   0: 3 0x8000d564 (0x00003f17) x30 0x80010564
core   0: 0x8000d568 (0xa83f2e23) sw      gp, -1380(t5)
core   0: 3 0x8000d568 (0xa83f2e23) mem 0x80010000 0x00000001
core   0: 0x8000d56c (0xff9ff06f) j       pc - 0x8
core   0: 3 0x8000d56c (0xff9ff06f)
core   0: 0x8000d564 (0x00003f17) auipc   t5, 0x3
core   0: 3 0x8000d564 (0x00003f17) x30 0x80010564
core   0: 0x8000d568 (0xa83f2e23) sw      gp, -1380(t5)
core   0: 3 0x8000d568 (0xa83f2e23) mem 0x80010000 0x00000001
core   0: 0x8000d56c (0xff9ff06f) j       pc - 0x8
core   0: 3 0x8000d56c (0xff9ff06f)
core   0: 0x8000d564 (0x00003f17) auipc   t5, 0x3
core   0: 3 0x8000d564 (0x00003f17) x30 0x80010564
core   0: 0x8000d568 (0xa83f2e23) sw      gp, -1380(t5)
core   0: 3 0x8000d568 (0xa83f2e23) mem 0x80010000 0x00000001
core   0: 0x8000d56c (0xff9ff06f) j       pc - 0x8
core   0: 3 0x8000d56c (0xff9ff06f)
core   0: 0x8000d564 (0x00003f17) auipc   t5, 0x3
core   0: 3 0x8000d564 (0x00003f17) x30 0x80010564
core   0: 0x8000d568 (0xa83f2e23) sw      gp, -1380(t5)
core   0: 3 0x8000d568 (0xa83f2e23) mem 0x80010000 0x00000001
core   0: 0x8000d56c (0xff9ff06f) j       pc - 0x8
core   0: 3 0x8000d56c (0xff9ff06f)
core   0: 0x8000d564 (0x00003f17) auipc   t5, 0x3
core   0: 3 0x8000d564 (0x00003f17) x30 0x80010564
core   0: 0x8000d568 (0xa83f2e23) sw      gp, -1380(t5)
core   0: 3 0x8000d568 (0xa83f2e23) mem 0x80010000 0x00000001
core   0: 0x8000d56c (0xff9ff06f) j       pc - 0x8
core   0: 3 0x8000d56c (0xff9ff06f)
core   0: 0x8000d564 (0x00003f17) auipc   t5, 0x3
core   0: 3 0x8000d564 (0x00003f17) x30 0x80010564
core   0: 0x8000d568 (0xa83f2e23) sw      gp, -1380(t5)
core   0: 3 0x8000d568 (0xa83f2e23) mem 0x80010000 0x00000001
core   0: 0x8000d56c (0xff9ff06f) j       pc - 0x8
core   0: 3 0x8000d56c (0xff9ff06f)
core   0: 0x8000d564 (0x00003f17) auipc   t5, 0x3
core   0: 3 0x8000d564 (0x00003f17) x30 0x80010564
core   0: 0x8000d568 (0xa83f2e23) sw      gp, -1380(t5)
core   0: 3 0x8000d568 (0xa83f2e23) mem 0x80010000 0x00000001
core   0: 0x8000d56c (0xff9ff06f) j       pc - 0x8
core   0: 3 0x8000d56c (0xff9ff06f)
core   0: 0x8000d564 (0x00003f17) auipc   t5, 0x3
core   0: 3 0x8000d564 (0x00003f17) x30 0x80010564
core   0: 0x8000d568 (0xa83f2e23) sw      gp, -1380(t5)
core   0: 3 0x8000d568 (0xa83f2e23) mem 0x80010000 0x00000001
core   0: 0x8000d56c (0xff9ff06f) j       pc - 0x8
core   0: 3 0x8000d56c (0xff9ff06f)
core   0: 0x8000d564 (0x00003f17) auipc   t5, 0x3
core   0: 3 0x8000d564 (0x00003f17) x30 0x80010564
core   0: 0x8000d568 (0xa83f2e23) sw      gp, -1380(t5)
core   0: 3 0x8000d568 (0xa83f2e23) mem 0x80010000 0x00000001
core   0: 0x8000d56c (0xff9ff06f) j       pc - 0x8
core   0: 3 0x8000d56c (0xff9ff06f)
core   0: 0x8000d564 (0x00003f17) auipc   t5, 0x3
core   0: 3 0x8000d564 (0x00003f17) x30 0x80010564
core   0: 0x8000d568 (0xa83f2e23) sw      gp, -1380(t5)
core   0: 3 0x8000d568 (0xa83f2e23) mem 0x80010000 0x00000001
core   0: 0x8000d56c (0xff9ff06f) j       pc - 0x8
core   0: 3 0x8000d56c (0xff9ff06f)
core   0: 0x8000d564 (0x00003f17) auipc   t5, 0x3
core   0: 3 0x8000d564 (0x00003f17) x30 0x80010564
core   0: 0x8000d568 (0xa83f2e23) sw      gp, -1380(t5)
core   0: 3 0x8000d568 (0xa83f2e23) mem 0x80010000 0x00000001
core   0: 0x8000d56c (0xff9ff06f) j       pc - 0x8
core   0: 3 0x8000d56c (0xff9ff06f)
core   0: 0x8000d564 (0x00003f17) auipc   t5, 0x3
core   0: 3 0x8000d564 (0x00003f17) x30 0x80010564
core   0: 0x8000d568 (0xa83f2e23) sw      gp, -1380(t5)
core   0: 3 0x8000d568 (0xa83f2e23) mem 0x80010000 0x00000001
core   0: 0x8000d56c (0xff9ff06f) j       pc - 0x8
core   0: 3 0x8000d56c (0xff9ff06f)
core   0: 0x8000d564 (0x00003f17) auipc   t5, 0x3
core   0: 3 0x8000d564 (0x00003f17) x30 0x80010564
core   0: 0x8000d568 (0xa83f2e23) sw      gp, -1380(t5)
core   0: 3 0x8000d568 (0xa83f2e23) mem 0x80010000 0x00000001
core   0: 0x8000d56c (0xff9ff06f) j       pc - 0x8
core   0: 3 0x8000d56c (0xff9ff06f)
core   0: 0x8000d564 (0x00003f17) auipc   t5, 0x3
core   0: 3 0x8000d564 (0x00003f17) x30 0x80010564
core   0: 0x8000d568 (0xa83f2e23) sw      gp, -1380(t5)
core   0: 3 0x8000d568 (0xa83f2e23) mem 0x80010000 0x00000001
core   0: 0x8000d56c (0xff9ff06f) j       pc - 0x8
core   0: 3 0x8000d56c (0xff9ff06f)
core   0: 0x8000d564 (0x00003f17) auipc   t5, 0x3
core   0: 3 0x8000d564 (0x00003f17) x30 0x80010564
core   0: 0x8000d568 (0xa83f2e23) sw      gp, -1380(t5)
core   0: 3 0x8000d568 (0xa83f2e23) mem 0x80010000 0x00000001
core   0: 0x8000d56c (0xff9ff06f) j       pc - 0x8
core   0: 3 0x8000d56c (0xff9ff06f)
core   0: 0x8000d564 (0x00003f17) auipc   t5, 0x3
core   0: 3 0x8000d564 (0x00003f17) x30 0x80010564
core   0: 0x8000d568 (0xa83f2e23) sw      gp, -1380(t5)
core   0: 3 0x8000d568 (0xa83f2e23) mem 0x80010000 0x00000001
core   0: 0x8000d56c (0xff9ff06f) j       pc - 0x8
core   0: 3 0x8000d56c (0xff9ff06f)
core   0: 0x8000d564 (0x00003f17) auipc   t5, 0x3
core   0: 3 0x8000d564 (0x00003f17) x30 0x80010564
core   0: 0x8000d568 (0xa83f2e23) sw      gp, -1380(t5)
core   0: 3 0x8000d568 (0xa83f2e23) mem 0x80010000 0x00000001
core   0: 0x8000d56c (0xff9ff06f) j       pc - 0x8
core   0: 3 0x8000d56c (0xff9ff06f)
core   0: 0x8000d564 (0x00003f17) auipc   t5, 0x3
core   0: 3 0x8000d564 (0x00003f17) x30 0x80010564
core   0: 0x8000d568 (0xa83f2e23) sw      gp, -1380(t5)
core   0: 3 0x8000d568 (0xa83f2e23) mem 0x80010000 0x00000001
core   0: 0x8000d56c (0xff9ff06f) j       pc - 0x8
core   0: 3 0x8000d56c (0xff9ff06f)
core   0: 0x8000d564 (0x00003f17) auipc   t5, 0x3
core   0: 3 0x8000d564 (0x00003f17) x30 0x80010564
core   0: 0x8000d568 (0xa83f2e23) sw      gp, -1380(t5)
core   0: 3 0x8000d568 (0xa83f2e23) mem 0x80010000 0x00000001
core   0: 0x8000d56c (0xff9ff06f) j       pc - 0x8
core   0: 3 0x8000d56c (0xff9ff06f)
core   0: 0x8000d564 (0x00003f17) auipc   t5, 0x3
core   0: 3 0x8000d564 (0x00003f17) x30 0x80010564
core   0: 0x8000d568 (0xa83f2e23) sw      gp, -1380(t5)
core   0: 3 0x8000d568 (0xa83f2e23) mem 0x80010000 0x00000001
core   0: 0x8000d56c (0xff9ff06f) j       pc - 0x8
core   0: 3 0x8000d56c (0xff9ff06f)
core   0: 0x8000d564 (0x00003f17) auipc   t5, 0x3
core   0: 3 0x8000d564 (0x00003f17) x30 0x80010564
core   0: 0x8000d568 (0xa83f2e23) sw      gp, -1380(t5)
core   0: 3 0x8000d568 (0xa83f2e23) mem 0x80010000 0x00000001
core   0: 0x8000d56c (0xff9ff06f) j       pc - 0x8
core   0: 3 0x8000d56c (0xff9ff06f)
core   0: 0x8000d564 (0x00003f17) auipc   t5, 0x3
core   0: 3 0x8000d564 (0x00003f17) x30 0x80010564
core   0: 0x8000d568 (0xa83f2e23) sw      gp, -1380(t5)
core   0: 3 0x8000d568 (0xa83f2e23) mem 0x80010000 0x00000001
core   0: 0x8000d56c (0xff9ff06f) j       pc - 0x8
core   0: 3 0x8000d56c (0xff9ff06f)
core   0: 0x8000d564 (0x00003f17) auipc   t5, 0x3
core   0: 3 0x8000d564 (0x00003f17) x30 0x80010564
core   0: 0x8000d568 (0xa83f2e23) sw      gp, -1380(t5)
core   0: 3 0x8000d568 (0xa83f2e23) mem 0x80010000 0x00000001
core   0: 0x8000d56c (0xff9ff06f) j       pc - 0x8
core   0: 3 0x8000d56c (0xff9ff06f)
core   0: 0x8000d564 (0x00003f17) auipc   t5, 0x3
core   0: 3 0x8000d564 (0x00003f17) x30 0x80010564
core   0: 0x8000d568 (0xa83f2e23) sw      gp, -1380(t5)
core   0: 3 0x8000d568 (0xa83f2e23) mem 0x80010000 0x00000001
core   0: 0x8000d56c (0xff9ff06f) j       pc - 0x8
core   0: 3 0x8000d56c (0xff9ff06f)
core   0: 0x8000d564 (0x00003f17) auipc   t5, 0x3
core   0: 3 0x8000d564 (0x00003f17) x30 0x80010564
core   0: 0x8000d568 (0xa83f2e23) sw      gp, -1380(t5)
core   0: 3 0x8000d568 (0xa83f2e23) mem 0x80010000 0x00000001
core   0: 0x8000d56c (0xff9ff06f) j       pc - 0x8
core   0: 3 0x8000d56c (0xff9ff06f)
core   0: 0x8000d564 (0x00003f17) auipc   t5, 0x3
core   0: 3 0x8000d564 (0x00003f17) x30 0x80010564
core   0: 0x8000d568 (0xa83f2e23) sw      gp, -1380(t5)
core   0: 3 0x8000d568 (0xa83f2e23) mem 0x80010000 0x00000001
core   0: 0x8000d56c (0xff9ff06f) j       pc - 0x8
core   0: 3 0x8000d56c (0xff9ff06f)
core   0: 0x8000d564 (0x00003f17) auipc   t5, 0x3
core   0: 3 0x8000d564 (0x00003f17) x30 0x80010564
core   0: 0x8000d568 (0xa83f2e23) sw      gp, -1380(t5)
core   0: 3 0x8000d568 (0xa83f2e23) mem 0x80010000 0x00000001
core   0: 0x8000d56c (0xff9ff06f) j       pc - 0x8
core   0: 3 0x8000d56c (0xff9ff06f)
core   0: 0x8000d564 (0x00003f17) auipc   t5, 0x3
core   0: 3 0x8000d564 (0x00003f17) x30 0x80010564
core   0: 0x8000d568 (0xa83f2e23) sw      gp, -1380(t5)
core   0: 3 0x8000d568 (0xa83f2e23) mem 0x80010000 0x00000001
core   0: 0x8000d56c (0xff9ff06f) j       pc - 0x8
core   0: 3 0x8000d56c (0xff9ff06f)
core   0: 0x8000d564 (0x00003f17) auipc   t5, 0x3
core   0: 3 0x8000d564 (0x00003f17) x30 0x80010564
core   0: 0x8000d568 (0xa83f2e23) sw      gp, -1380(t5)
core   0: 3 0x8000d568 (0xa83f2e23) mem 0x80010000 0x00000001
core   0: 0x8000d56c (0xff9ff06f) j       pc - 0x8
core   0: 3 0x8000d56c (0xff9ff06f)
core   0: 0x8000d564 (0x00003f17) auipc   t5, 0x3
core   0: 3 0x8000d564 (0x00003f17) x30 0x80010564
core   0: 0x8000d568 (0xa83f2e23) sw      gp, -1380(t5)
core   0: 3 0x8000d568 (0xa83f2e23) mem 0x80010000 0x00000001
core   0: 0x8000d56c (0xff9ff06f) j       pc - 0x8
core   0: 3 0x8000d56c (0xff9ff06f)
core   0: 0x8000d564 (0x00003f17) auipc   t5, 0x3
core   0: 3 0x8000d564 (0x00003f17) x30 0x80010564
core   0: 0x8000d568 (0xa83f2e23) sw      gp, -1380(t5)
core   0: 3 0x8000d568 (0xa83f2e23) mem 0x80010000 0x00000001
core   0: 0x8000d56c (0xff9ff06f) j       pc - 0x8
core   0: 3 0x8000d56c (0xff9ff06f)
core   0: 0x8000d564 (0x00003f17) auipc   t5, 0x3
core   0: 3 0x8000d564 (0x00003f17) x30 0x80010564
core   0: 0x8000d568 (0xa83f2e23) sw      gp, -1380(t5)
core   0: 3 0x8000d568 (0xa83f2e23) mem 0x80010000 0x00000001
core   0: 0x8000d56c (0xff9ff06f) j       pc - 0x8
core   0: 3 0x8000d56c (0xff9ff06f)
core   0: 0x8000d564 (0x00003f17) auipc   t5, 0x3
core   0: 3 0x8000d564 (0x00003f17) x30 0x80010564
core   0: 0x8000d568 (0xa83f2e23) sw      gp, -1380(t5)
core   0: 3 0x8000d568 (0xa83f2e23) mem 0x80010000 0x00000001
core   0: 0x8000d56c (0xff9ff06f) j       pc - 0x8
core   0: 3 0x8000d56c (0xff9ff06f)
core   0: 0x8000d564 (0x00003f17) auipc   t5, 0x3
core   0: 3 0x8000d564 (0x00003f17) x30 0x80010564
core   0: 0x8000d568 (0xa83f2e23) sw      gp, -1380(t5)
core   0: 3 0x8000d568 (0xa83f2e23) mem 0x80010000 0x00000001
core   0: 0x8000d56c (0xff9ff06f) j       pc - 0x8
core   0: 3 0x8000d56c (0xff9ff06f)
core   0: 0x8000d564 (0x00003f17) auipc   t5, 0x3
core   0: 3 0x8000d564 (0x00003f17) x30 0x80010564
core   0: 0x8000d568 (0xa83f2e23) sw      gp, -1380(t5)
core   0: 3 0x8000d568 (0xa83f2e23) mem 0x80010000 0x00000001
core   0: 0x8000d56c (0xff9ff06f) j       pc - 0x8
core   0: 3 0x8000d56c (0xff9ff06f)
core   0: 0x8000d564 (0x00003f17) auipc   t5, 0x3
core   0: 3 0x8000d564 (0x00003f17) x30 0x80010564
core   0: 0x8000d568 (0xa83f2e23) sw      gp, -1380(t5)
core   0: 3 0x8000d568 (0xa83f2e23) mem 0x80010000 0x00000001
core   0: 0x8000d56c (0xff9ff06f) j       pc - 0x8
core   0: 3 0x8000d56c (0xff9ff06f)
core   0: 0x8000d564 (0x00003f17) auipc   t5, 0x3
core   0: 3 0x8000d564 (0x00003f17) x30 0x80010564
core   0: 0x8000d568 (0xa83f2e23) sw      gp, -1380(t5)
core   0: 3 0x8000d568 (0xa83f2e23) mem 0x80010000 0x00000001
core   0: 0x8000d56c (0xff9ff06f) j       pc - 0x8
core   0: 3 0x8000d56c (0xff9ff06f)
core   0: 0x8000d564 (0x00003f17) auipc   t5, 0x3
core   0: 3 0x8000d564 (0x00003f17) x30 0x80010564
core   0: 0x8000d568 (0xa83f2e23) sw      gp, -1380(t5)
core   0: 3 0x8000d568 (0xa83f2e23) mem 0x80010000 0x00000001
core   0: 0x8000d56c (0xff9ff06f) j       pc - 0x8
core   0: 3 0x8000d56c (0xff9ff06f)
core   0: 0x8000d564 (0x00003f17) auipc   t5, 0x3
core   0: 3 0x8000d564 (0x00003f17) x30 0x80010564
core   0: 0x8000d568 (0xa83f2e23) sw      gp, -1380(t5)
core   0: 3 0x8000d568 (0xa83f2e23) mem 0x80010000 0x00000001
core   0: 0x8000d56c (0xff9ff06f) j       pc - 0x8
core   0: 3 0x8000d56c (0xff9ff06f)
core   0: 0x8000d564 (0x00003f17) auipc   t5, 0x3
core   0: 3 0x8000d564 (0x00003f17) x30 0x80010564
core   0: 0x8000d568 (0xa83f2e23) sw      gp, -1380(t5)
core   0: 3 0x8000d568 (0xa83f2e23) mem 0x80010000 0x00000001
core   0: 0x8000d56c (0xff9ff06f) j       pc - 0x8
core   0: 3 0x8000d56c (0xff9ff06f)
core   0: 0x8000d564 (0x00003f17) auipc   t5, 0x3
core   0: 3 0x8000d564 (0x00003f17) x30 0x80010564
core   0: 0x8000d568 (0xa83f2e23) sw      gp, -1380(t5)
core   0: 3 0x8000d568 (0xa83f2e23) mem 0x80010000 0x00000001
core   0: 0x8000d56c (0xff9ff06f) j       pc - 0x8
core   0: 3 0x8000d56c (0xff9ff06f)
core   0: 0x8000d564 (0x00003f17) auipc   t5, 0x3
core   0: 3 0x8000d564 (0x00003f17) x30 0x80010564
core   0: 0x8000d568 (0xa83f2e23) sw      gp, -1380(t5)
core   0: 3 0x8000d568 (0xa83f2e23) mem 0x80010000 0x00000001
core   0: 0x8000d56c (0xff9ff06f) j       pc - 0x8
core   0: 3 0x8000d56c (0xff9ff06f)
core   0: 0x8000d564 (0x00003f17) auipc   t5, 0x3
core   0: 3 0x8000d564 (0x00003f17) x30 0x80010564
core   0: 0x8000d568 (0xa83f2e23) sw      gp, -1380(t5)
core   0: 3 0x8000d568 (0xa83f2e23) mem 0x80010000 0x00000001
core   0: 0x8000d56c (0xff9ff06f) j       pc - 0x8
core   0: 3 0x8000d56c (0xff9ff06f)
core   0: 0x8000d564 (0x00003f17) auipc   t5, 0x3
core   0: 3 0x8000d564 (0x00003f17) x30 0x80010564
core   0: 0x8000d568 (0xa83f2e23) sw      gp, -1380(t5)
core   0: 3 0x8000d568 (0xa83f2e23) mem 0x80010000 0x00000001
core   0: 0x8000d56c (0xff9ff06f) j       pc - 0x8
core   0: 3 0x8000d56c (0xff9ff06f)
core   0: 0x8000d564 (0x00003f17) auipc   t5, 0x3
core   0: 3 0x8000d564 (0x00003f17) x30 0x80010564
core   0: 0x8000d568 (0xa83f2e23) sw      gp, -1380(t5)
core   0: 3 0x8000d568 (0xa83f2e23) mem 0x80010000 0x00000001
core   0: 0x8000d56c (0xff9ff06f) j       pc - 0x8
core   0: 3 0x8000d56c (0xff9ff06f)
core   0: 0x8000d564 (0x00003f17) auipc   t5, 0x3
core   0: 3 0x8000d564 (0x00003f17) x30 0x80010564
core   0: 0x8000d568 (0xa83f2e23) sw      gp, -1380(t5)
core   0: 3 0x8000d568 (0xa83f2e23) mem 0x80010000 0x00000001
core   0: 0x8000d56c (0xff9ff06f) j       pc - 0x8
core   0: 3 0x8000d56c (0xff9ff06f)
core   0: 0x8000d564 (0x00003f17) auipc   t5, 0x3
core   0: 3 0x8000d564 (0x00003f17) x30 0x80010564
core   0: 0x8000d568 (0xa83f2e23) sw      gp, -1380(t5)
core   0: 3 0x8000d568 (0xa83f2e23) mem 0x80010000 0x00000001
core   0: 0x8000d56c (0xff9ff06f) j       pc - 0x8
core   0: 3 0x8000d56c (0xff9ff06f)
core   0: 0x8000d564 (0x00003f17) auipc   t5, 0x3
core   0: 3 0x8000d564 (0x00003f17) x30 0x80010564
core   0: 0x8000d568 (0xa83f2e23) sw      gp, -1380(t5)
core   0: 3 0x8000d568 (0xa83f2e23) mem 0x80010000 0x00000001
core   0: 0x8000d56c (0xff9ff06f) j       pc - 0x8
core   0: 3 0x8000d56c (0xff9ff06f)
core   0: 0x8000d564 (0x00003f17) auipc   t5, 0x3
core   0: 3 0x8000d564 (0x00003f17) x30 0x80010564
core   0: 0x8000d568 (0xa83f2e23) sw      gp, -1380(t5)
core   0: 3 0x8000d568 (0xa83f2e23) mem 0x80010000 0x00000001
core   0: 0x8000d56c (0xff9ff06f) j       pc - 0x8
core   0: 3 0x8000d56c (0xff9ff06f)
core   0: 0x8000d564 (0x00003f17) auipc   t5, 0x3
core   0: 3 0x8000d564 (0x00003f17) x30 0x80010564
core   0: 0x8000d568 (0xa83f2e23) sw      gp, -1380(t5)
core   0: 3 0x8000d568 (0xa83f2e23) mem 0x80010000 0x00000001
core   0: 0x8000d56c (0xff9ff06f) j       pc - 0x8
core   0: 3 0x8000d56c (0xff9ff06f)
core   0: 0x8000d564 (0x00003f17) auipc   t5, 0x3
core   0: 3 0x8000d564 (0x00003f17) x30 0x80010564
core   0: 0x8000d568 (0xa83f2e23) sw      gp, -1380(t5)
core   0: 3 0x8000d568 (0xa83f2e23) mem 0x80010000 0x00000001
core   0: 0x8000d56c (0xff9ff06f) j       pc - 0x8
core   0: 3 0x8000d56c (0xff9ff06f)
core   0: 0x8000d564 (0x00003f17) auipc   t5, 0x3
core   0: 3 0x8000d564 (0x00003f17) x30 0x80010564
core   0: 0x8000d568 (0xa83f2e23) sw      gp, -1380(t5)
core   0: 3 0x8000d568 (0xa83f2e23) mem 0x80010000 0x00000001
core   0: 0x8000d56c (0xff9ff06f) j       pc - 0x8
core   0: 3 0x8000d56c (0xff9ff06f)
core   0: 0x8000d564 (0x00003f17) auipc   t5, 0x3
core   0: 3 0x8000d564 (0x00003f17) x30 0x80010564
core   0: 0x8000d568 (0xa83f2e23) sw      gp, -1380(t5)
core   0: 3 0x8000d568 (0xa83f2e23) mem 0x80010000 0x00000001
core   0: 0x8000d56c (0xff9ff06f) j       pc - 0x8
core   0: 3 0x8000d56c (0xff9ff06f)
core   0: 0x8000d564 (0x00003f17) auipc   t5, 0x3
core   0: 3 0x8000d564 (0x00003f17) x30 0x80010564
core   0: 0x8000d568 (0xa83f2e23) sw      gp, -1380(t5)
core   0: 3 0x8000d568 (0xa83f2e23) mem 0x80010000 0x00000001
core   0: 0x8000d56c (0xff9ff06f) j       pc - 0x8
core   0: 3 0x8000d56c (0xff9ff06f)
core   0: 0x8000d564 (0x00003f17) auipc   t5, 0x3
core   0: 3 0x8000d564 (0x00003f17) x30 0x80010564
core   0: 0x8000d568 (0xa83f2e23) sw      gp, -1380(t5)
core   0: 3 0x8000d568 (0xa83f2e23) mem 0x80010000 0x00000001
core   0: 0x8000d56c (0xff9ff06f) j       pc - 0x8
core   0: 3 0x8000d56c (0xff9ff06f)
core   0: 0x8000d564 (0x00003f17) auipc   t5, 0x3
core   0: 3 0x8000d564 (0x00003f17) x30 0x80010564
core   0: 0x8000d568 (0xa83f2e23) sw      gp, -1380(t5)
core   0: 3 0x8000d568 (0xa83f2e23) mem 0x80010000 0x00000001
core   0: 0x8000d56c (0xff9ff06f) j       pc - 0x8
core   0: 3 0x8000d56c (0xff9ff06f)
core   0: 0x8000d564 (0x00003f17) auipc   t5, 0x3
core   0: 3 0x8000d564 (0x00003f17) x30 0x80010564
core   0: 0x8000d568 (0xa83f2e23) sw      gp, -1380(t5)
core   0: 3 0x8000d568 (0xa83f2e23) mem 0x80010000 0x00000001
core   0: 0x8000d56c (0xff9ff06f) j       pc - 0x8
core   0: 3 0x8000d56c (0xff9ff06f)
core   0: 0x8000d564 (0x00003f17) auipc   t5, 0x3
core   0: 3 0x8000d564 (0x00003f17) x30 0x80010564
core   0: 0x8000d568 (0xa83f2e23) sw      gp, -1380(t5)
core   0: 3 0x8000d568 (0xa83f2e23) mem 0x80010000 0x00000001
core   0: 0x8000d56c (0xff9ff06f) j       pc - 0x8
core   0: 3 0x8000d56c (0xff9ff06f)
core   0: 0x8000d564 (0x00003f17) auipc   t5, 0x3
core   0: 3 0x8000d564 (0x00003f17) x30 0x80010564
core   0: 0x8000d568 (0xa83f2e23) sw      gp, -1380(t5)
core   0: 3 0x8000d568 (0xa83f2e23) mem 0x80010000 0x00000001
core   0: 0x8000d56c (0xff9ff06f) j       pc - 0x8
core   0: 3 0x8000d56c (0xff9ff06f)
core   0: 0x8000d564 (0x00003f17) auipc   t5, 0x3
core   0: 3 0x8000d564 (0x00003f17) x30 0x80010564
core   0: 0x8000d568 (0xa83f2e23) sw      gp, -1380(t5)
core   0: 3 0x8000d568 (0xa83f2e23) mem 0x80010000 0x00000001
core   0: 0x8000d56c (0xff9ff06f) j       pc - 0x8
core   0: 3 0x8000d56c (0xff9ff06f)
core   0: 0x8000d564 (0x00003f17) auipc   t5, 0x3
core   0: 3 0x8000d564 (0x00003f17) x30 0x80010564
core   0: 0x8000d568 (0xa83f2e23) sw      gp, -1380(t5)
core   0: 3 0x8000d568 (0xa83f2e23) mem 0x80010000 0x00000001
core   0: 0x8000d56c (0xff9ff06f) j       pc - 0x8
core   0: 3 0x8000d56c (0xff9ff06f)
core   0: 0x8000d564 (0x00003f17) auipc   t5, 0x3
core   0: 3 0x8000d564 (0x00003f17) x30 0x80010564
core   0: 0x8000d568 (0xa83f2e23) sw      gp, -1380(t5)
core   0: 3 0x8000d568 (0xa83f2e23) mem 0x80010000 0x00000001
core   0: 0x8000d56c (0xff9ff06f) j       pc - 0x8
core   0: 3 0x8000d56c (0xff9ff06f)
core   0: 0x8000d564 (0x00003f17) auipc   t5, 0x3
core   0: 3 0x8000d564 (0x00003f17) x30 0x80010564
core   0: 0x8000d568 (0xa83f2e23) sw      gp, -1380(t5)
core   0: 3 0x8000d568 (0xa83f2e23) mem 0x80010000 0x00000001
core   0: 0x8000d56c (0xff9ff06f) j       pc - 0x8
core   0: 3 0x8000d56c (0xff9ff06f)
core   0: 0x8000d564 (0x00003f17) auipc   t5, 0x3
core   0: 3 0x8000d564 (0x00003f17) x30 0x80010564
core   0: 0x8000d568 (0xa83f2e23) sw      gp, -1380(t5)
core   0: 3 0x8000d568 (0xa83f2e23) mem 0x80010000 0x00000001
core   0: 0x8000d56c (0xff9ff06f) j       pc - 0x8
core   0: 3 0x8000d56c (0xff9ff06f)
core   0: 0x8000d564 (0x00003f17) auipc   t5, 0x3
core   0: 3 0x8000d564 (0x00003f17) x30 0x80010564
core   0: 0x8000d568 (0xa83f2e23) sw      gp, -1380(t5)
core   0: 3 0x8000d568 (0xa83f2e23) mem 0x80010000 0x00000001
core   0: 0x8000d56c (0xff9ff06f) j       pc - 0x8
core   0: 3 0x8000d56c (0xff9ff06f)
core   0: 0x8000d564 (0x00003f17) auipc   t5, 0x3
core   0: 3 0x8000d564 (0x00003f17) x30 0x80010564
core   0: 0x8000d568 (0xa83f2e23) sw      gp, -1380(t5)
core   0: 3 0x8000d568 (0xa83f2e23) mem 0x80010000 0x00000001
core   0: 0x8000d56c (0xff9ff06f) j       pc - 0x8
core   0: 3 0x8000d56c (0xff9ff06f)
core   0: 0x8000d564 (0x00003f17) auipc   t5, 0x3
core   0: 3 0x8000d564 (0x00003f17) x30 0x80010564
core   0: 0x8000d568 (0xa83f2e23) sw      gp, -1380(t5)
core   0: 3 0x8000d568 (0xa83f2e23) mem 0x80010000 0x00000001
core   0: 0x8000d56c (0xff9ff06f) j       pc - 0x8
core   0: 3 0x8000d56c (0xff9ff06f)
core   0: 0x8000d564 (0x00003f17) auipc   t5, 0x3
core   0: 3 0x8000d564 (0x00003f17) x30 0x80010564
core   0: 0x8000d568 (0xa83f2e23) sw      gp, -1380(t5)
core   0: 3 0x8000d568 (0xa83f2e23) mem 0x80010000 0x00000001
core   0: 0x8000d56c (0xff9ff06f) j       pc - 0x8
core   0: 3 0x8000d56c (0xff9ff06f)
core   0: 0x8000d564 (0x00003f17) auipc   t5, 0x3
core   0: 3 0x8000d564 (0x00003f17) x30 0x80010564
core   0: 0x8000d568 (0xa83f2e23) sw      gp, -1380(t5)
core   0: 3 0x8000d568 (0xa83f2e23) mem 0x80010000 0x00000001
core   0: 0x8000d56c (0xff9ff06f) j       pc - 0x8
core   0: 3 0x8000d56c (0xff9ff06f)
core   0: 0x8000d564 (0x00003f17) auipc   t5, 0x3
core   0: 3 0x8000d564 (0x00003f17) x30 0x80010564
core   0: 0x8000d568 (0xa83f2e23) sw      gp, -1380(t5)
core   0: 3 0x8000d568 (0xa83f2e23) mem 0x80010000 0x00000001
core   0: 0x8000d56c (0xff9ff06f) j       pc - 0x8
core   0: 3 0x8000d56c (0xff9ff06f)
core   0: 0x8000d564 (0x00003f17) auipc   t5, 0x3
core   0: 3 0x8000d564 (0x00003f17) x30 0x80010564
core   0: 0x8000d568 (0xa83f2e23) sw      gp, -1380(t5)
core   0: 3 0x8000d568 (0xa83f2e23) mem 0x80010000 0x00000001
core   0: 0x8000d56c (0xff9ff06f) j       pc - 0x8
core   0: 3 0x8000d56c (0xff9ff06f)
core   0: 0x8000d564 (0x00003f17) auipc   t5, 0x3
core   0: 3 0x8000d564 (0x00003f17) x30 0x80010564
core   0: 0x8000d568 (0xa83f2e23) sw      gp, -1380(t5)
core   0: 3 0x8000d568 (0xa83f2e23) mem 0x80010000 0x00000001
core   0: 0x8000d56c (0xff9ff06f) j       pc - 0x8
core   0: 3 0x8000d56c (0xff9ff06f)
core   0: 0x8000d564 (0x00003f17) auipc   t5, 0x3
core   0: 3 0x8000d564 (0x00003f17) x30 0x80010564
core   0: 0x8000d568 (0xa83f2e23) sw      gp, -1380(t5)
core   0: 3 0x8000d568 (0xa83f2e23) mem 0x80010000 0x00000001
core   0: 0x8000d56c (0xff9ff06f) j       pc - 0x8
core   0: 3 0x8000d56c (0xff9ff06f)
core   0: 0x8000d564 (0x00003f17) auipc   t5, 0x3
core   0: 3 0x8000d564 (0x00003f17) x30 0x80010564
core   0: 0x8000d568 (0xa83f2e23) sw      gp, -1380(t5)
core   0: 3 0x8000d568 (0xa83f2e23) mem 0x80010000 0x00000001
core   0: 0x8000d56c (0xff9ff06f) j       pc - 0x8
core   0: 3 0x8000d56c (0xff9ff06f)
core   0: 0x8000d564 (0x00003f17) auipc   t5, 0x3
core   0: 3 0x8000d564 (0x00003f17) x30 0x80010564
core   0: 0x8000d568 (0xa83f2e23) sw      gp, -1380(t5)
core   0: 3 0x8000d568 (0xa83f2e23) mem 0x80010000 0x00000001
core   0: 0x8000d56c (0xff9ff06f) j       pc - 0x8
core   0: 3 0x8000d56c (0xff9ff06f)
core   0: 0x8000d564 (0x00003f17) auipc   t5, 0x3
core   0: 3 0x8000d564 (0x00003f17) x30 0x80010564
core   0: 0x8000d568 (0xa83f2e23) sw      gp, -1380(t5)
core   0: 3 0x8000d568 (0xa83f2e23) mem 0x80010000 0x00000001
core   0: 0x8000d56c (0xff9ff06f) j       pc - 0x8
core   0: 3 0x8000d56c (0xff9ff06f)
core   0: 0x8000d564 (0x00003f17) auipc   t5, 0x3
core   0: 3 0x8000d564 (0x00003f17) x30 0x80010564
core   0: 0x8000d568 (0xa83f2e23) sw      gp, -1380(t5)
core   0: 3 0x8000d568 (0xa83f2e23) mem 0x80010000 0x00000001
core   0: 0x8000d56c (0xff9ff06f) j       pc - 0x8
core   0: 3 0x8000d56c (0xff9ff06f)
core   0: 0x8000d564 (0x00003f17) auipc   t5, 0x3
core   0: 3 0x8000d564 (0x00003f17) x30 0x80010564
core   0: 0x8000d568 (0xa83f2e23) sw      gp, -1380(t5)
core   0: 3 0x8000d568 (0xa83f2e23) mem 0x80010000 0x00000001
core   0: 0x8000d56c (0xff9ff06f) j       pc - 0x8
core   0: 3 0x8000d56c (0xff9ff06f)
core   0: 0x8000d564 (0x00003f17) auipc   t5, 0x3
core   0: 3 0x8000d564 (0x00003f17) x30 0x80010564
core   0: 0x8000d568 (0xa83f2e23) sw      gp, -1380(t5)
core   0: 3 0x8000d568 (0xa83f2e23) mem 0x80010000 0x00000001
core   0: 0x8000d56c (0xff9ff06f) j       pc - 0x8
core   0: 3 0x8000d56c (0xff9ff06f)
core   0: 0x8000d564 (0x00003f17) auipc   t5, 0x3
core   0: 3 0x8000d564 (0x00003f17) x30 0x80010564
core   0: 0x8000d568 (0xa83f2e23) sw      gp, -1380(t5)
core   0: 3 0x8000d568 (0xa83f2e23) mem 0x80010000 0x00000001
core   0: 0x8000d56c (0xff9ff06f) j       pc - 0x8
core   0: 3 0x8000d56c (0xff9ff06f)
core   0: 0x8000d564 (0x00003f17) auipc   t5, 0x3
core   0: 3 0x8000d564 (0x00003f17) x30 0x80010564
core   0: 0x8000d568 (0xa83f2e23) sw      gp, -1380(t5)
core   0: 3 0x8000d568 (0xa83f2e23) mem 0x80010000 0x00000001
core   0: 0x8000d56c (0xff9ff06f) j       pc - 0x8
core   0: 3 0x8000d56c (0xff9ff06f)
core   0: 0x8000d564 (0x00003f17) auipc   t5, 0x3
core   0: 3 0x8000d564 (0x00003f17) x30 0x80010564
core   0: 0x8000d568 (0xa83f2e23) sw      gp, -1380(t5)
core   0: 3 0x8000d568 (0xa83f2e23) mem 0x80010000 0x00000001
core   0: 0x8000d56c (0xff9ff06f) j       pc - 0x8
core   0: 3 0x8000d56c (0xff9ff06f)
core   0: 0x8000d564 (0x00003f17) auipc   t5, 0x3
core   0: 3 0x8000d564 (0x00003f17) x30 0x80010564
core   0: 0x8000d568 (0xa83f2e23) sw      gp, -1380(t5)
core   0: 3 0x8000d568 (0xa83f2e23) mem 0x80010000 0x00000001
core   0: 0x8000d56c (0xff9ff06f) j       pc - 0x8
core   0: 3 0x8000d56c (0xff9ff06f)
core   0: 0x8000d564 (0x00003f17) auipc   t5, 0x3
core   0: 3 0x8000d564 (0x00003f17) x30 0x80010564
core   0: 0x8000d568 (0xa83f2e23) sw      gp, -1380(t5)
core   0: 3 0x8000d568 (0xa83f2e23) mem 0x80010000 0x00000001
core   0: 0x8000d56c (0xff9ff06f) j       pc - 0x8
core   0: 3 0x8000d56c (0xff9ff06f)
core   0: 0x8000d564 (0x00003f17) auipc   t5, 0x3
core   0: 3 0x8000d564 (0x00003f17) x30 0x80010564
core   0: 0x8000d568 (0xa83f2e23) sw      gp, -1380(t5)
core   0: 3 0x8000d568 (0xa83f2e23) mem 0x80010000 0x00000001
core   0: 0x8000d56c (0xff9ff06f) j       pc - 0x8
core   0: 3 0x8000d56c (0xff9ff06f)
core   0: 0x8000d564 (0x00003f17) auipc   t5, 0x3
core   0: 3 0x8000d564 (0x00003f17) x30 0x80010564
core   0: 0x8000d568 (0xa83f2e23) sw      gp, -1380(t5)
core   0: 3 0x8000d568 (0xa83f2e23) mem 0x80010000 0x00000001
core   0: 0x8000d56c (0xff9ff06f) j       pc - 0x8
core   0: 3 0x8000d56c (0xff9ff06f)
core   0: 0x8000d564 (0x00003f17) auipc   t5, 0x3
core   0: 3 0x8000d564 (0x00003f17) x30 0x80010564
core   0: 0x8000d568 (0xa83f2e23) sw      gp, -1380(t5)
core   0: 3 0x8000d568 (0xa83f2e23) mem 0x80010000 0x00000001
core   0: 0x8000d56c (0xff9ff06f) j       pc - 0x8
core   0: 3 0x8000d56c (0xff9ff06f)
core   0: 0x8000d564 (0x00003f17) auipc   t5, 0x3
core   0: 3 0x8000d564 (0x00003f17) x30 0x80010564
core   0: 0x8000d568 (0xa83f2e23) sw      gp, -1380(t5)
core   0: 3 0x8000d568 (0xa83f2e23) mem 0x80010000 0x00000001
core   0: 0x8000d56c (0xff9ff06f) j       pc - 0x8
core   0: 3 0x8000d56c (0xff9ff06f)
core   0: 0x8000d564 (0x00003f17) auipc   t5, 0x3
core   0: 3 0x8000d564 (0x00003f17) x30 0x80010564
core   0: 0x8000d568 (0xa83f2e23) sw      gp, -1380(t5)
core   0: 3 0x8000d568 (0xa83f2e23) mem 0x80010000 0x00000001
core   0: 0x8000d56c (0xff9ff06f) j       pc - 0x8
core   0: 3 0x8000d56c (0xff9ff06f)
core   0: 0x8000d564 (0x00003f17) auipc   t5, 0x3
core   0: 3 0x8000d564 (0x00003f17) x30 0x80010564
core   0: 0x8000d568 (0xa83f2e23) sw      gp, -1380(t5)
core   0: 3 0x8000d568 (0xa83f2e23) mem 0x80010000 0x00000001
core   0: 0x8000d56c (0xff9ff06f) j       pc - 0x8
core   0: 3 0x8000d56c (0xff9ff06f)
core   0: 0x8000d564 (0x00003f17) auipc   t5, 0x3
core   0: 3 0x8000d564 (0x00003f17) x30 0x80010564
core   0: 0x8000d568 (0xa83f2e23) sw      gp, -1380(t5)
core   0: 3 0x8000d568 (0xa83f2e23) mem 0x80010000 0x00000001
core   0: 0x8000d56c (0xff9ff06f) j       pc - 0x8
core   0: 3 0x8000d56c (0xff9ff06f)
core   0: 0x8000d564 (0x00003f17) auipc   t5, 0x3
core   0: 3 0x8000d564 (0x00003f17) x30 0x80010564
core   0: 0x8000d568 (0xa83f2e23) sw      gp, -1380(t5)
core   0: 3 0x8000d568 (0xa83f2e23) mem 0x80010000 0x00000001
core   0: 0x8000d56c (0xff9ff06f) j       pc - 0x8
core   0: 3 0x8000d56c (0xff9ff06f)
core   0: 0x8000d564 (0x00003f17) auipc   t5, 0x3
core   0: 3 0x8000d564 (0x00003f17) x30 0x80010564
core   0: 0x8000d568 (0xa83f2e23) sw      gp, -1380(t5)
core   0: 3 0x8000d568 (0xa83f2e23) mem 0x80010000 0x00000001
core   0: 0x8000d56c (0xff9ff06f) j       pc - 0x8
core   0: 3 0x8000d56c (0xff9ff06f)
core   0: 0x8000d564 (0x00003f17) auipc   t5, 0x3
core   0: 3 0x8000d564 (0x00003f17) x30 0x80010564
core   0: 0x8000d568 (0xa83f2e23) sw      gp, -1380(t5)
core   0: 3 0x8000d568 (0xa83f2e23) mem 0x80010000 0x00000001
core   0: 0x8000d56c (0xff9ff06f) j       pc - 0x8
core   0: 3 0x8000d56c (0xff9ff06f)
core   0: 0x8000d564 (0x00003f17) auipc   t5, 0x3
core   0: 3 0x8000d564 (0x00003f17) x30 0x80010564
core   0: 0x8000d568 (0xa83f2e23) sw      gp, -1380(t5)
core   0: 3 0x8000d568 (0xa83f2e23) mem 0x80010000 0x00000001
core   0: 0x8000d56c (0xff9ff06f) j       pc - 0x8
core   0: 3 0x8000d56c (0xff9ff06f)
core   0: 0x8000d564 (0x00003f17) auipc   t5, 0x3
core   0: 3 0x8000d564 (0x00003f17) x30 0x80010564
core   0: 0x8000d568 (0xa83f2e23) sw      gp, -1380(t5)
core   0: 3 0x8000d568 (0xa83f2e23) mem 0x80010000 0x00000001
core   0: 0x8000d56c (0xff9ff06f) j       pc - 0x8
core   0: 3 0x8000d56c (0xff9ff06f)
core   0: 0x8000d564 (0x00003f17) auipc   t5, 0x3
core   0: 3 0x8000d564 (0x00003f17) x30 0x80010564
core   0: 0x8000d568 (0xa83f2e23) sw      gp, -1380(t5)
core   0: 3 0x8000d568 (0xa83f2e23) mem 0x80010000 0x00000001
core   0: 0x8000d56c (0xff9ff06f) j       pc - 0x8
core   0: 3 0x8000d56c (0xff9ff06f)
core   0: 0x8000d564 (0x00003f17) auipc   t5, 0x3
core   0: 3 0x8000d564 (0x00003f17) x30 0x80010564
core   0: 0x8000d568 (0xa83f2e23) sw      gp, -1380(t5)
core   0: 3 0x8000d568 (0xa83f2e23) mem 0x80010000 0x00000001
core   0: 0x8000d56c (0xff9ff06f) j       pc - 0x8
core   0: 3 0x8000d56c (0xff9ff06f)
core   0: 0x8000d564 (0x00003f17) auipc   t5, 0x3
core   0: 3 0x8000d564 (0x00003f17) x30 0x80010564
core   0: 0x8000d568 (0xa83f2e23) sw      gp, -1380(t5)
core   0: 3 0x8000d568 (0xa83f2e23) mem 0x80010000 0x00000001
core   0: 0x8000d56c (0xff9ff06f) j       pc - 0x8
core   0: 3 0x8000d56c (0xff9ff06f)
core   0: 0x8000d564 (0x00003f17) auipc   t5, 0x3
core   0: 3 0x8000d564 (0x00003f17) x30 0x80010564
core   0: 0x8000d568 (0xa83f2e23) sw      gp, -1380(t5)
core   0: 3 0x8000d568 (0xa83f2e23) mem 0x80010000 0x00000001
core   0: 0x8000d56c (0xff9ff06f) j       pc - 0x8
core   0: 3 0x8000d56c (0xff9ff06f)
core   0: 0x8000d564 (0x00003f17) auipc   t5, 0x3
core   0: 3 0x8000d564 (0x00003f17) x30 0x80010564
core   0: 0x8000d568 (0xa83f2e23) sw      gp, -1380(t5)
core   0: 3 0x8000d568 (0xa83f2e23) mem 0x80010000 0x00000001
core   0: 0x8000d56c (0xff9ff06f) j       pc - 0x8
core   0: 3 0x8000d56c (0xff9ff06f)
core   0: 0x8000d564 (0x00003f17) auipc   t5, 0x3
core   0: 3 0x8000d564 (0x00003f17) x30 0x80010564
core   0: 0x8000d568 (0xa83f2e23) sw      gp, -1380(t5)
core   0: 3 0x8000d568 (0xa83f2e23) mem 0x80010000 0x00000001
core   0: 0x8000d56c (0xff9ff06f) j       pc - 0x8
core   0: 3 0x8000d56c (0xff9ff06f)
core   0: 0x8000d564 (0x00003f17) auipc   t5, 0x3
core   0: 3 0x8000d564 (0x00003f17) x30 0x80010564
core   0: 0x8000d568 (0xa83f2e23) sw      gp, -1380(t5)
core   0: 3 0x8000d568 (0xa83f2e23) mem 0x80010000 0x00000001
core   0: 0x8000d56c (0xff9ff06f) j       pc - 0x8
core   0: 3 0x8000d56c (0xff9ff06f)
core   0: 0x8000d564 (0x00003f17) auipc   t5, 0x3
core   0: 3 0x8000d564 (0x00003f17) x30 0x80010564
core   0: 0x8000d568 (0xa83f2e23) sw      gp, -1380(t5)
core   0: 3 0x8000d568 (0xa83f2e23) mem 0x80010000 0x00000001
core   0: 0x8000d56c (0xff9ff06f) j       pc - 0x8
core   0: 3 0x8000d56c (0xff9ff06f)
core   0: 0x8000d564 (0x00003f17) auipc   t5, 0x3
core   0: 3 0x8000d564 (0x00003f17) x30 0x80010564
core   0: 0x8000d568 (0xa83f2e23) sw      gp, -1380(t5)
core   0: 3 0x8000d568 (0xa83f2e23) mem 0x80010000 0x00000001
core   0: 0x8000d56c (0xff9ff06f) j       pc - 0x8
core   0: 3 0x8000d56c (0xff9ff06f)
core   0: 0x8000d564 (0x00003f17) auipc   t5, 0x3
core   0: 3 0x8000d564 (0x00003f17) x30 0x80010564
core   0: 0x8000d568 (0xa83f2e23) sw      gp, -1380(t5)
core   0: 3 0x8000d568 (0xa83f2e23) mem 0x80010000 0x00000001
core   0: 0x8000d56c (0xff9ff06f) j       pc - 0x8
core   0: 3 0x8000d56c (0xff9ff06f)
core   0: 0x8000d564 (0x00003f17) auipc   t5, 0x3
core   0: 3 0x8000d564 (0x00003f17) x30 0x80010564
core   0: 0x8000d568 (0xa83f2e23) sw      gp, -1380(t5)
core   0: 3 0x8000d568 (0xa83f2e23) mem 0x80010000 0x00000001
core   0: 0x8000d56c (0xff9ff06f) j       pc - 0x8
core   0: 3 0x8000d56c (0xff9ff06f)
core   0: 0x8000d564 (0x00003f17) auipc   t5, 0x3
core   0: 3 0x8000d564 (0x00003f17) x30 0x80010564
core   0: 0x8000d568 (0xa83f2e23) sw      gp, -1380(t5)
core   0: 3 0x8000d568 (0xa83f2e23) mem 0x80010000 0x00000001
core   0: 0x8000d56c (0xff9ff06f) j       pc - 0x8
core   0: 3 0x8000d56c (0xff9ff06f)
core   0: 0x8000d564 (0x00003f17) auipc   t5, 0x3
core   0: 3 0x8000d564 (0x00003f17) x30 0x80010564
core   0: 0x8000d568 (0xa83f2e23) sw      gp, -1380(t5)
core   0: 3 0x8000d568 (0xa83f2e23) mem 0x80010000 0x00000001
core   0: 0x8000d56c (0xff9ff06f) j       pc - 0x8
core   0: 3 0x8000d56c (0xff9ff06f)
core   0: 0x8000d564 (0x00003f17) auipc   t5, 0x3
core   0: 3 0x8000d564 (0x00003f17) x30 0x80010564
core   0: 0x8000d568 (0xa83f2e23) sw      gp, -1380(t5)
core   0: 3 0x8000d568 (0xa83f2e23) mem 0x80010000 0x00000001
core   0: 0x8000d56c (0xff9ff06f) j       pc - 0x8
core   0: 3 0x8000d56c (0xff9ff06f)
core   0: 0x8000d564 (0x00003f17) auipc   t5, 0x3
core   0: 3 0x8000d564 (0x00003f17) x30 0x80010564
core   0: 0x8000d568 (0xa83f2e23) sw      gp, -1380(t5)
core   0: 3 0x8000d568 (0xa83f2e23) mem 0x80010000 0x00000001
core   0: 0x8000d56c (0xff9ff06f) j       pc - 0x8
core   0: 3 0x8000d56c (0xff9ff06f)
core   0: 0x8000d564 (0x00003f17) auipc   t5, 0x3
core   0: 3 0x8000d564 (0x00003f17) x30 0x80010564
core   0: 0x8000d568 (0xa83f2e23) sw      gp, -1380(t5)
core   0: 3 0x8000d568 (0xa83f2e23) mem 0x80010000 0x00000001
core   0: 0x8000d56c (0xff9ff06f) j       pc - 0x8
core   0: 3 0x8000d56c (0xff9ff06f)
core   0: 0x8000d564 (0x00003f17) auipc   t5, 0x3
core   0: 3 0x8000d564 (0x00003f17) x30 0x80010564
core   0: 0x8000d568 (0xa83f2e23) sw      gp, -1380(t5)
core   0: 3 0x8000d568 (0xa83f2e23) mem 0x80010000 0x00000001
core   0: 0x8000d56c (0xff9ff06f) j       pc - 0x8
core   0: 3 0x8000d56c (0xff9ff06f)
core   0: 0x8000d564 (0x00003f17) auipc   t5, 0x3
core   0: 3 0x8000d564 (0x00003f17) x30 0x80010564
core   0: 0x8000d568 (0xa83f2e23) sw      gp, -1380(t5)
core   0: 3 0x8000d568 (0xa83f2e23) mem 0x80010000 0x00000001
core   0: 0x8000d56c (0xff9ff06f) j       pc - 0x8
core   0: 3 0x8000d56c (0xff9ff06f)
core   0: 0x8000d564 (0x00003f17) auipc   t5, 0x3
core   0: 3 0x8000d564 (0x00003f17) x30 0x80010564
core   0: 0x8000d568 (0xa83f2e23) sw      gp, -1380(t5)
core   0: 3 0x8000d568 (0xa83f2e23) mem 0x80010000 0x00000001
core   0: 0x8000d56c (0xff9ff06f) j       pc - 0x8
core   0: 3 0x8000d56c (0xff9ff06f)
core   0: 0x8000d564 (0x00003f17) auipc   t5, 0x3
core   0: 3 0x8000d564 (0x00003f17) x30 0x80010564
core   0: 0x8000d568 (0xa83f2e23) sw      gp, -1380(t5)
core   0: 3 0x8000d568 (0xa83f2e23) mem 0x80010000 0x00000001
core   0: 0x8000d56c (0xff9ff06f) j       pc - 0x8
core   0: 3 0x8000d56c (0xff9ff06f)
core   0: 0x8000d564 (0x00003f17) auipc   t5, 0x3
core   0: 3 0x8000d564 (0x00003f17) x30 0x80010564
core   0: 0x8000d568 (0xa83f2e23) sw      gp, -1380(t5)
core   0: 3 0x8000d568 (0xa83f2e23) mem 0x80010000 0x00000001
core   0: 0x8000d56c (0xff9ff06f) j       pc - 0x8
core   0: 3 0x8000d56c (0xff9ff06f)
core   0: 0x8000d564 (0x00003f17) auipc   t5, 0x3
core   0: 3 0x8000d564 (0x00003f17) x30 0x80010564
core   0: 0x8000d568 (0xa83f2e23) sw      gp, -1380(t5)
core   0: 3 0x8000d568 (0xa83f2e23) mem 0x80010000 0x00000001
core   0: 0x8000d56c (0xff9ff06f) j       pc - 0x8
core   0: 3 0x8000d56c (0xff9ff06f)
core   0: 0x8000d564 (0x00003f17) auipc   t5, 0x3
core   0: 3 0x8000d564 (0x00003f17) x30 0x80010564
core   0: 0x8000d568 (0xa83f2e23) sw      gp, -1380(t5)
core   0: 3 0x8000d568 (0xa83f2e23) mem 0x80010000 0x00000001
core   0: 0x8000d56c (0xff9ff06f) j       pc - 0x8
core   0: 3 0x8000d56c (0xff9ff06f)
core   0: 0x8000d564 (0x00003f17) auipc   t5, 0x3
core   0: 3 0x8000d564 (0x00003f17) x30 0x80010564
core   0: 0x8000d568 (0xa83f2e23) sw      gp, -1380(t5)
core   0: 3 0x8000d568 (0xa83f2e23) mem 0x80010000 0x00000001
core   0: 0x8000d56c (0xff9ff06f) j       pc - 0x8
core   0: 3 0x8000d56c (0xff9ff06f)
core   0: 0x8000d564 (0x00003f17) auipc   t5, 0x3
core   0: 3 0x8000d564 (0x00003f17) x30 0x80010564
core   0: 0x8000d568 (0xa83f2e23) sw      gp, -1380(t5)
core   0: 3 0x8000d568 (0xa83f2e23) mem 0x80010000 0x00000001
core   0: 0x8000d56c (0xff9ff06f) j       pc - 0x8
core   0: 3 0x8000d56c (0xff9ff06f)
core   0: 0x8000d564 (0x00003f17) auipc   t5, 0x3
core   0: 3 0x8000d564 (0x00003f17) x30 0x80010564
core   0: 0x8000d568 (0xa83f2e23) sw      gp, -1380(t5)
core   0: 3 0x8000d568 (0xa83f2e23) mem 0x80010000 0x00000001
core   0: 0x8000d56c (0xff9ff06f) j       pc - 0x8
core   0: 3 0x8000d56c (0xff9ff06f)
core   0: 0x8000d564 (0x00003f17) auipc   t5, 0x3
core   0: 3 0x8000d564 (0x00003f17) x30 0x80010564
core   0: 0x8000d568 (0xa83f2e23) sw      gp, -1380(t5)
core   0: 3 0x8000d568 (0xa83f2e23) mem 0x80010000 0x00000001
core   0: 0x8000d56c (0xff9ff06f) j       pc - 0x8
core   0: 3 0x8000d56c (0xff9ff06f)
core   0: 0x8000d564 (0x00003f17) auipc   t5, 0x3
core   0: 3 0x8000d564 (0x00003f17) x30 0x80010564
core   0: 0x8000d568 (0xa83f2e23) sw      gp, -1380(t5)
core   0: 3 0x8000d568 (0xa83f2e23) mem 0x80010000 0x00000001
core   0: 0x8000d56c (0xff9ff06f) j       pc - 0x8
core   0: 3 0x8000d56c (0xff9ff06f)
core   0: 0x8000d564 (0x00003f17) auipc   t5, 0x3
core   0: 3 0x8000d564 (0x00003f17) x30 0x80010564
core   0: 0x8000d568 (0xa83f2e23) sw      gp, -1380(t5)
core   0: 3 0x8000d568 (0xa83f2e23) mem 0x80010000 0x00000001
core   0: 0x8000d56c (0xff9ff06f) j       pc - 0x8
core   0: 3 0x8000d56c (0xff9ff06f)
core   0: 0x8000d564 (0x00003f17) auipc   t5, 0x3
core   0: 3 0x8000d564 (0x00003f17) x30 0x80010564
core   0: 0x8000d568 (0xa83f2e23) sw      gp, -1380(t5)
core   0: 3 0x8000d568 (0xa83f2e23) mem 0x80010000 0x00000001
core   0: 0x8000d56c (0xff9ff06f) j       pc - 0x8
core   0: 3 0x8000d56c (0xff9ff06f)
core   0: 0x8000d564 (0x00003f17) auipc   t5, 0x3
core   0: 3 0x8000d564 (0x00003f17) x30 0x80010564
core   0: 0x8000d568 (0xa83f2e23) sw      gp, -1380(t5)
core   0: 3 0x8000d568 (0xa83f2e23) mem 0x80010000 0x00000001
core   0: 0x8000d56c (0xff9ff06f) j       pc - 0x8
core   0: 3 0x8000d56c (0xff9ff06f)
core   0: 0x8000d564 (0x00003f17) auipc   t5, 0x3
core   0: 3 0x8000d564 (0x00003f17) x30 0x80010564
core   0: 0x8000d568 (0xa83f2e23) sw      gp, -1380(t5)
core   0: 3 0x8000d568 (0xa83f2e23) mem 0x80010000 0x00000001
core   0: 0x8000d56c (0xff9ff06f) j       pc - 0x8
core   0: 3 0x8000d56c (0xff9ff06f)
core   0: 0x8000d564 (0x00003f17) auipc   t5, 0x3
core   0: 3 0x8000d564 (0x00003f17) x30 0x80010564
core   0: 0x8000d568 (0xa83f2e23) sw      gp, -1380(t5)
core   0: 3 0x8000d568 (0xa83f2e23) mem 0x80010000 0x00000001
core   0: 0x8000d56c (0xff9ff06f) j       pc - 0x8
core   0: 3 0x8000d56c (0xff9ff06f)
core   0: 0x8000d564 (0x00003f17) auipc   t5, 0x3
core   0: 3 0x8000d564 (0x00003f17) x30 0x80010564
core   0: 0x8000d568 (0xa83f2e23) sw      gp, -1380(t5)
core   0: 3 0x8000d568 (0xa83f2e23) mem 0x80010000 0x00000001
core   0: 0x8000d56c (0xff9ff06f) j       pc - 0x8
core   0: 3 0x8000d56c (0xff9ff06f)
core   0: 0x8000d564 (0x00003f17) auipc   t5, 0x3
core   0: 3 0x8000d564 (0x00003f17) x30 0x80010564
core   0: 0x8000d568 (0xa83f2e23) sw      gp, -1380(t5)
core   0: 3 0x8000d568 (0xa83f2e23) mem 0x80010000 0x00000001
core   0: 0x8000d56c (0xff9ff06f) j       pc - 0x8
core   0: 3 0x8000d56c (0xff9ff06f)
core   0: 0x8000d564 (0x00003f17) auipc   t5, 0x3
core   0: 3 0x8000d564 (0x00003f17) x30 0x80010564
core   0: 0x8000d568 (0xa83f2e23) sw      gp, -1380(t5)
core   0: 3 0x8000d568 (0xa83f2e23) mem 0x80010000 0x00000001
core   0: 0x8000d56c (0xff9ff06f) j       pc - 0x8
core   0: 3 0x8000d56c (0xff9ff06f)
core   0: 0x8000d564 (0x00003f17) auipc   t5, 0x3
core   0: 3 0x8000d564 (0x00003f17) x30 0x80010564
core   0: 0x8000d568 (0xa83f2e23) sw      gp, -1380(t5)
core   0: 3 0x8000d568 (0xa83f2e23) mem 0x80010000 0x00000001
core   0: 0x8000d56c (0xff9ff06f) j       pc - 0x8
core   0: 3 0x8000d56c (0xff9ff06f)
core   0: 0x8000d564 (0x00003f17) auipc   t5, 0x3
core   0: 3 0x8000d564 (0x00003f17) x30 0x80010564
core   0: 0x8000d568 (0xa83f2e23) sw      gp, -1380(t5)
core   0: 3 0x8000d568 (0xa83f2e23) mem 0x80010000 0x00000001
core   0: 0x8000d56c (0xff9ff06f) j       pc - 0x8
core   0: 3 0x8000d56c (0xff9ff06f)
core   0: 0x8000d564 (0x00003f17) auipc   t5, 0x3
core   0: 3 0x8000d564 (0x00003f17) x30 0x80010564
core   0: 0x8000d568 (0xa83f2e23) sw      gp, -1380(t5)
core   0: 3 0x8000d568 (0xa83f2e23) mem 0x80010000 0x00000001
core   0: 0x8000d56c (0xff9ff06f) j       pc - 0x8
core   0: 3 0x8000d56c (0xff9ff06f)
core   0: 0x8000d564 (0x00003f17) auipc   t5, 0x3
core   0: 3 0x8000d564 (0x00003f17) x30 0x80010564
core   0: 0x8000d568 (0xa83f2e23) sw      gp, -1380(t5)
core   0: 3 0x8000d568 (0xa83f2e23) mem 0x80010000 0x00000001
core   0: 0x8000d56c (0xff9ff06f) j       pc - 0x8
core   0: 3 0x8000d56c (0xff9ff06f)
core   0: 0x8000d564 (0x00003f17) auipc   t5, 0x3
core   0: 3 0x8000d564 (0x00003f17) x30 0x80010564
core   0: 0x8000d568 (0xa83f2e23) sw      gp, -1380(t5)
core   0: 3 0x8000d568 (0xa83f2e23) mem 0x80010000 0x00000001
core   0: 0x8000d56c (0xff9ff06f) j       pc - 0x8
core   0: 3 0x8000d56c (0xff9ff06f)
core   0: 0x8000d564 (0x00003f17) auipc   t5, 0x3
core   0: 3 0x8000d564 (0x00003f17) x30 0x80010564
core   0: 0x8000d568 (0xa83f2e23) sw      gp, -1380(t5)
core   0: 3 0x8000d568 (0xa83f2e23) mem 0x80010000 0x00000001
core   0: 0x8000d56c (0xff9ff06f) j       pc - 0x8
core   0: 3 0x8000d56c (0xff9ff06f)
core   0: 0x8000d564 (0x00003f17) auipc   t5, 0x3
core   0: 3 0x8000d564 (0x00003f17) x30 0x80010564
core   0: 0x8000d568 (0xa83f2e23) sw      gp, -1380(t5)
core   0: 3 0x8000d568 (0xa83f2e23) mem 0x80010000 0x00000001
core   0: 0x8000d56c (0xff9ff06f) j       pc - 0x8
core   0: 3 0x8000d56c (0xff9ff06f)
core   0: 0x8000d564 (0x00003f17) auipc   t5, 0x3
core   0: 3 0x8000d564 (0x00003f17) x30 0x80010564
core   0: 0x8000d568 (0xa83f2e23) sw      gp, -1380(t5)
core   0: 3 0x8000d568 (0xa83f2e23) mem 0x80010000 0x00000001
core   0: 0x8000d56c (0xff9ff06f) j       pc - 0x8
core   0: 3 0x8000d56c (0xff9ff06f)
core   0: 0x8000d564 (0x00003f17) auipc   t5, 0x3
core   0: 3 0x8000d564 (0x00003f17) x30 0x80010564
core   0: 0x8000d568 (0xa83f2e23) sw      gp, -1380(t5)
core   0: 3 0x8000d568 (0xa83f2e23) mem 0x80010000 0x00000001
core   0: 0x8000d56c (0xff9ff06f) j       pc - 0x8
core   0: 3 0x8000d56c (0xff9ff06f)
core   0: 0x8000d564 (0x00003f17) auipc   t5, 0x3
core   0: 3 0x8000d564 (0x00003f17) x30 0x80010564
core   0: 0x8000d568 (0xa83f2e23) sw      gp, -1380(t5)
core   0: 3 0x8000d568 (0xa83f2e23) mem 0x80010000 0x00000001
core   0: 0x8000d56c (0xff9ff06f) j       pc - 0x8
core   0: 3 0x8000d56c (0xff9ff06f)
core   0: 0x8000d564 (0x00003f17) auipc   t5, 0x3
core   0: 3 0x8000d564 (0x00003f17) x30 0x80010564
core   0: 0x8000d568 (0xa83f2e23) sw      gp, -1380(t5)
core   0: 3 0x8000d568 (0xa83f2e23) mem 0x80010000 0x00000001
core   0: 0x8000d56c (0xff9ff06f) j       pc - 0x8
core   0: 3 0x8000d56c (0xff9ff06f)
core   0: 0x8000d564 (0x00003f17) auipc   t5, 0x3
core   0: 3 0x8000d564 (0x00003f17) x30 0x80010564
core   0: 0x8000d568 (0xa83f2e23) sw      gp, -1380(t5)
core   0: 3 0x8000d568 (0xa83f2e23) mem 0x80010000 0x00000001
core   0: 0x8000d56c (0xff9ff06f) j       pc - 0x8
core   0: 3 0x8000d56c (0xff9ff06f)
core   0: 0x8000d564 (0x00003f17) auipc   t5, 0x3
core   0: 3 0x8000d564 (0x00003f17) x30 0x80010564
core   0: 0x8000d568 (0xa83f2e23) sw      gp, -1380(t5)
core   0: 3 0x8000d568 (0xa83f2e23) mem 0x80010000 0x00000001
core   0: 0x8000d56c (0xff9ff06f) j       pc - 0x8
core   0: 3 0x8000d56c (0xff9ff06f)
core   0: 0x8000d564 (0x00003f17) auipc   t5, 0x3
core   0: 3 0x8000d564 (0x00003f17) x30 0x80010564
core   0: 0x8000d568 (0xa83f2e23) sw      gp, -1380(t5)
core   0: 3 0x8000d568 (0xa83f2e23) mem 0x80010000 0x00000001
core   0: 0x8000d56c (0xff9ff06f) j       pc - 0x8
core   0: 3 0x8000d56c (0xff9ff06f)
core   0: 0x8000d564 (0x00003f17) auipc   t5, 0x3
core   0: 3 0x8000d564 (0x00003f17) x30 0x80010564
core   0: 0x8000d568 (0xa83f2e23) sw      gp, -1380(t5)
core   0: 3 0x8000d568 (0xa83f2e23) mem 0x80010000 0x00000001
core   0: 0x8000d56c (0xff9ff06f) j       pc - 0x8
core   0: 3 0x8000d56c (0xff9ff06f)
core   0: 0x8000d564 (0x00003f17) auipc   t5, 0x3
core   0: 3 0x8000d564 (0x00003f17) x30 0x80010564
core   0: 0x8000d568 (0xa83f2e23) sw      gp, -1380(t5)
core   0: 3 0x8000d568 (0xa83f2e23) mem 0x80010000 0x00000001
core   0: 0x8000d56c (0xff9ff06f) j       pc - 0x8
core   0: 3 0x8000d56c (0xff9ff06f)
core   0: 0x8000d564 (0x00003f17) auipc   t5, 0x3
core   0: 3 0x8000d564 (0x00003f17) x30 0x80010564
core   0: 0x8000d568 (0xa83f2e23) sw      gp, -1380(t5)
core   0: 3 0x8000d568 (0xa83f2e23) mem 0x80010000 0x00000001
core   0: 0x8000d56c (0xff9ff06f) j       pc - 0x8
core   0: 3 0x8000d56c (0xff9ff06f)
core   0: 0x8000d564 (0x00003f17) auipc   t5, 0x3
core   0: 3 0x8000d564 (0x00003f17) x30 0x80010564
core   0: 0x8000d568 (0xa83f2e23) sw      gp, -1380(t5)
core   0: 3 0x8000d568 (0xa83f2e23) mem 0x80010000 0x00000001
core   0: 0x8000d56c (0xff9ff06f) j       pc - 0x8
core   0: 3 0x8000d56c (0xff9ff06f)
core   0: 0x8000d564 (0x00003f17) auipc   t5, 0x3
core   0: 3 0x8000d564 (0x00003f17) x30 0x80010564
core   0: 0x8000d568 (0xa83f2e23) sw      gp, -1380(t5)
core   0: 3 0x8000d568 (0xa83f2e23) mem 0x80010000 0x00000001
core   0: 0x8000d56c (0xff9ff06f) j       pc - 0x8
core   0: 3 0x8000d56c (0xff9ff06f)
core   0: 0x8000d564 (0x00003f17) auipc   t5, 0x3
core   0: 3 0x8000d564 (0x00003f17) x30 0x80010564
core   0: 0x8000d568 (0xa83f2e23) sw      gp, -1380(t5)
core   0: 3 0x8000d568 (0xa83f2e23) mem 0x80010000 0x00000001
core   0: 0x8000d56c (0xff9ff06f) j       pc - 0x8
core   0: 3 0x8000d56c (0xff9ff06f)
core   0: 0x8000d564 (0x00003f17) auipc   t5, 0x3
core   0: 3 0x8000d564 (0x00003f17) x30 0x80010564
core   0: 0x8000d568 (0xa83f2e23) sw      gp, -1380(t5)
core   0: 3 0x8000d568 (0xa83f2e23) mem 0x80010000 0x00000001
core   0: 0x8000d56c (0xff9ff06f) j       pc - 0x8
core   0: 3 0x8000d56c (0xff9ff06f)
core   0: 0x8000d564 (0x00003f17) auipc   t5, 0x3
core   0: 3 0x8000d564 (0x00003f17) x30 0x80010564
core   0: 0x8000d568 (0xa83f2e23) sw      gp, -1380(t5)
core   0: 3 0x8000d568 (0xa83f2e23) mem 0x80010000 0x00000001
core   0: 0x8000d56c (0xff9ff06f) j       pc - 0x8
core   0: 3 0x8000d56c (0xff9ff06f)
core   0: 0x8000d564 (0x00003f17) auipc   t5, 0x3
core   0: 3 0x8000d564 (0x00003f17) x30 0x80010564
core   0: 0x8000d568 (0xa83f2e23) sw      gp, -1380(t5)
core   0: 3 0x8000d568 (0xa83f2e23) mem 0x80010000 0x00000001
core   0: 0x8000d56c (0xff9ff06f) j       pc - 0x8
core   0: 3 0x8000d56c (0xff9ff06f)
core   0: 0x8000d564 (0x00003f17) auipc   t5, 0x3
core   0: 3 0x8000d564 (0x00003f17) x30 0x80010564
core   0: 0x8000d568 (0xa83f2e23) sw      gp, -1380(t5)
core   0: 3 0x8000d568 (0xa83f2e23) mem 0x80010000 0x00000001
core   0: 0x8000d56c (0xff9ff06f) j       pc - 0x8
core   0: 3 0x8000d56c (0xff9ff06f)
core   0: 0x8000d564 (0x00003f17) auipc   t5, 0x3
core   0: 3 0x8000d564 (0x00003f17) x30 0x80010564
core   0: 0x8000d568 (0xa83f2e23) sw      gp, -1380(t5)
core   0: 3 0x8000d568 (0xa83f2e23) mem 0x80010000 0x00000001
core   0: 0x8000d56c (0xff9ff06f) j       pc - 0x8
core   0: 3 0x8000d56c (0xff9ff06f)
core   0: 0x8000d564 (0x00003f17) auipc   t5, 0x3
core   0: 3 0x8000d564 (0x00003f17) x30 0x80010564
core   0: 0x8000d568 (0xa83f2e23) sw      gp, -1380(t5)
core   0: 3 0x8000d568 (0xa83f2e23) mem 0x80010000 0x00000001
core   0: 0x8000d56c (0xff9ff06f) j       pc - 0x8
core   0: 3 0x8000d56c (0xff9ff06f)
core   0: 0x8000d564 (0x00003f17) auipc   t5, 0x3
core   0: 3 0x8000d564 (0x00003f17) x30 0x80010564
core   0: 0x8000d568 (0xa83f2e23) sw      gp, -1380(t5)
core   0: 3 0x8000d568 (0xa83f2e23) mem 0x80010000 0x00000001
core   0: 0x8000d56c (0xff9ff06f) j       pc - 0x8
core   0: 3 0x8000d56c (0xff9ff06f)
core   0: 0x8000d564 (0x00003f17) auipc   t5, 0x3
core   0: 3 0x8000d564 (0x00003f17) x30 0x80010564
core   0: 0x8000d568 (0xa83f2e23) sw      gp, -1380(t5)
core   0: 3 0x8000d568 (0xa83f2e23) mem 0x80010000 0x00000001
core   0: 0x8000d56c (0xff9ff06f) j       pc - 0x8
core   0: 3 0x8000d56c (0xff9ff06f)
core   0: 0x8000d564 (0x00003f17) auipc   t5, 0x3
core   0: 3 0x8000d564 (0x00003f17) x30 0x80010564
core   0: 0x8000d568 (0xa83f2e23) sw      gp, -1380(t5)
core   0: 3 0x8000d568 (0xa83f2e23) mem 0x80010000 0x00000001
core   0: 0x8000d56c (0xff9ff06f) j       pc - 0x8
core   0: 3 0x8000d56c (0xff9ff06f)
core   0: 0x8000d564 (0x00003f17) auipc   t5, 0x3
core   0: 3 0x8000d564 (0x00003f17) x30 0x80010564
core   0: 0x8000d568 (0xa83f2e23) sw      gp, -1380(t5)
core   0: 3 0x8000d568 (0xa83f2e23) mem 0x80010000 0x00000001
core   0: 0x8000d56c (0xff9ff06f) j       pc - 0x8
core   0: 3 0x8000d56c (0xff9ff06f)
core   0: 0x8000d564 (0x00003f17) auipc   t5, 0x3
core   0: 3 0x8000d564 (0x00003f17) x30 0x80010564
core   0: 0x8000d568 (0xa83f2e23) sw      gp, -1380(t5)
core   0: 3 0x8000d568 (0xa83f2e23) mem 0x80010000 0x00000001
core   0: 0x8000d56c (0xff9ff06f) j       pc - 0x8
core   0: 3 0x8000d56c (0xff9ff06f)
core   0: 0x8000d564 (0x00003f17) auipc   t5, 0x3
core   0: 3 0x8000d564 (0x00003f17) x30 0x80010564
core   0: 0x8000d568 (0xa83f2e23) sw      gp, -1380(t5)
core   0: 3 0x8000d568 (0xa83f2e23) mem 0x80010000 0x00000001
core   0: 0x8000d56c (0xff9ff06f) j       pc - 0x8
core   0: 3 0x8000d56c (0xff9ff06f)
core   0: 0x8000d564 (0x00003f17) auipc   t5, 0x3
core   0: 3 0x8000d564 (0x00003f17) x30 0x80010564
core   0: 0x8000d568 (0xa83f2e23) sw      gp, -1380(t5)
core   0: 3 0x8000d568 (0xa83f2e23) mem 0x80010000 0x00000001
core   0: 0x8000d56c (0xff9ff06f) j       pc - 0x8
core   0: 3 0x8000d56c (0xff9ff06f)
core   0: 0x8000d564 (0x00003f17) auipc   t5, 0x3
core   0: 3 0x8000d564 (0x00003f17) x30 0x80010564
core   0: 0x8000d568 (0xa83f2e23) sw      gp, -1380(t5)
core   0: 3 0x8000d568 (0xa83f2e23) mem 0x80010000 0x00000001
core   0: 0x8000d56c (0xff9ff06f) j       pc - 0x8
core   0: 3 0x8000d56c (0xff9ff06f)
core   0: 0x8000d564 (0x00003f17) auipc   t5, 0x3
core   0: 3 0x8000d564 (0x00003f17) x30 0x80010564
core   0: 0x8000d568 (0xa83f2e23) sw      gp, -1380(t5)
core   0: 3 0x8000d568 (0xa83f2e23) mem 0x80010000 0x00000001
core   0: 0x8000d56c (0xff9ff06f) j       pc - 0x8
core   0: 3 0x8000d56c (0xff9ff06f)
core   0: 0x8000d564 (0x00003f17) auipc   t5, 0x3
core   0: 3 0x8000d564 (0x00003f17) x30 0x80010564
core   0: 0x8000d568 (0xa83f2e23) sw      gp, -1380(t5)
core   0: 3 0x8000d568 (0xa83f2e23) mem 0x80010000 0x00000001
core   0: 0x8000d56c (0xff9ff06f) j       pc - 0x8
core   0: 3 0x8000d56c (0xff9ff06f)
core   0: 0x8000d564 (0x00003f17) auipc   t5, 0x3
core   0: 3 0x8000d564 (0x00003f17) x30 0x80010564
core   0: 0x8000d568 (0xa83f2e23) sw      gp, -1380(t5)
core   0: 3 0x8000d568 (0xa83f2e23) mem 0x80010000 0x00000001
core   0: 0x8000d56c (0xff9ff06f) j       pc - 0x8
core   0: 3 0x8000d56c (0xff9ff06f)
core   0: 0x8000d564 (0x00003f17) auipc   t5, 0x3
core   0: 3 0x8000d564 (0x00003f17) x30 0x80010564
core   0: 0x8000d568 (0xa83f2e23) sw      gp, -1380(t5)
core   0: 3 0x8000d568 (0xa83f2e23) mem 0x80010000 0x00000001
core   0: 0x8000d56c (0xff9ff06f) j       pc - 0x8
core   0: 3 0x8000d56c (0xff9ff06f)
core   0: 0x8000d564 (0x00003f17) auipc   t5, 0x3
core   0: 3 0x8000d564 (0x00003f17) x30 0x80010564
core   0: 0x8000d568 (0xa83f2e23) sw      gp, -1380(t5)
core   0: 3 0x8000d568 (0xa83f2e23) mem 0x80010000 0x00000001
core   0: 0x8000d56c (0xff9ff06f) j       pc - 0x8
core   0: 3 0x8000d56c (0xff9ff06f)
core   0: 0x8000d564 (0x00003f17) auipc   t5, 0x3
core   0: 3 0x8000d564 (0x00003f17) x30 0x80010564
core   0: 0x8000d568 (0xa83f2e23) sw      gp, -1380(t5)
core   0: 3 0x8000d568 (0xa83f2e23) mem 0x80010000 0x00000001
core   0: 0x8000d56c (0xff9ff06f) j       pc - 0x8
core   0: 3 0x8000d56c (0xff9ff06f)
core   0: 0x8000d564 (0x00003f17) auipc   t5, 0x3
core   0: 3 0x8000d564 (0x00003f17) x30 0x80010564
core   0: 0x8000d568 (0xa83f2e23) sw      gp, -1380(t5)
core   0: 3 0x8000d568 (0xa83f2e23) mem 0x80010000 0x00000001
core   0: 0x8000d56c (0xff9ff06f) j       pc - 0x8
core   0: 3 0x8000d56c (0xff9ff06f)
core   0: 0x8000d564 (0x00003f17) auipc   t5, 0x3
core   0: 3 0x8000d564 (0x00003f17) x30 0x80010564
core   0: 0x8000d568 (0xa83f2e23) sw      gp, -1380(t5)
core   0: 3 0x8000d568 (0xa83f2e23) mem 0x80010000 0x00000001
core   0: 0x8000d56c (0xff9ff06f) j       pc - 0x8
core   0: 3 0x8000d56c (0xff9ff06f)
core   0: 0x8000d564 (0x00003f17) auipc   t5, 0x3
core   0: 3 0x8000d564 (0x00003f17) x30 0x80010564
core   0: 0x8000d568 (0xa83f2e23) sw      gp, -1380(t5)
core   0: 3 0x8000d568 (0xa83f2e23) mem 0x80010000 0x00000001
core   0: 0x8000d56c (0xff9ff06f) j       pc - 0x8
core   0: 3 0x8000d56c (0xff9ff06f)
core   0: 0x8000d564 (0x00003f17) auipc   t5, 0x3
core   0: 3 0x8000d564 (0x00003f17) x30 0x80010564
core   0: 0x8000d568 (0xa83f2e23) sw      gp, -1380(t5)
core   0: 3 0x8000d568 (0xa83f2e23) mem 0x80010000 0x00000001
core   0: 0x8000d56c (0xff9ff06f) j       pc - 0x8
core   0: 3 0x8000d56c (0xff9ff06f)
core   0: 0x8000d564 (0x00003f17) auipc   t5, 0x3
core   0: 3 0x8000d564 (0x00003f17) x30 0x80010564
core   0: 0x8000d568 (0xa83f2e23) sw      gp, -1380(t5)
core   0: 3 0x8000d568 (0xa83f2e23) mem 0x80010000 0x00000001
core   0: 0x8000d56c (0xff9ff06f) j       pc - 0x8
core   0: 3 0x8000d56c (0xff9ff06f)
core   0: 0x8000d564 (0x00003f17) auipc   t5, 0x3
core   0: 3 0x8000d564 (0x00003f17) x30 0x80010564
core   0: 0x8000d568 (0xa83f2e23) sw      gp, -1380(t5)
core   0: 3 0x8000d568 (0xa83f2e23) mem 0x80010000 0x00000001
core   0: 0x8000d56c (0xff9ff06f) j       pc - 0x8
core   0: 3 0x8000d56c (0xff9ff06f)
core   0: 0x8000d564 (0x00003f17) auipc   t5, 0x3
core   0: 3 0x8000d564 (0x00003f17) x30 0x80010564
core   0: 0x8000d568 (0xa83f2e23) sw      gp, -1380(t5)
core   0: 3 0x8000d568 (0xa83f2e23) mem 0x80010000 0x00000001
core   0: 0x8000d56c (0xff9ff06f) j       pc - 0x8
core   0: 3 0x8000d56c (0xff9ff06f)
core   0: 0x8000d564 (0x00003f17) auipc   t5, 0x3
core   0: 3 0x8000d564 (0x00003f17) x30 0x80010564
core   0: 0x8000d568 (0xa83f2e23) sw      gp, -1380(t5)
core   0: 3 0x8000d568 (0xa83f2e23) mem 0x80010000 0x00000001
core   0: 0x8000d56c (0xff9ff06f) j       pc - 0x8
core   0: 3 0x8000d56c (0xff9ff06f)
core   0: 0x8000d564 (0x00003f17) auipc   t5, 0x3
core   0: 3 0x8000d564 (0x00003f17) x30 0x80010564
core   0: 0x8000d568 (0xa83f2e23) sw      gp, -1380(t5)
core   0: 3 0x8000d568 (0xa83f2e23) mem 0x80010000 0x00000001
core   0: 0x8000d56c (0xff9ff06f) j       pc - 0x8
core   0: 3 0x8000d56c (0xff9ff06f)
core   0: 0x8000d564 (0x00003f17) auipc   t5, 0x3
core   0: 3 0x8000d564 (0x00003f17) x30 0x80010564
core   0: 0x8000d568 (0xa83f2e23) sw      gp, -1380(t5)
core   0: 3 0x8000d568 (0xa83f2e23) mem 0x80010000 0x00000001
core   0: 0x8000d56c (0xff9ff06f) j       pc - 0x8
core   0: 3 0x8000d56c (0xff9ff06f)
core   0: 0x8000d564 (0x00003f17) auipc   t5, 0x3
core   0: 3 0x8000d564 (0x00003f17) x30 0x80010564
core   0: 0x8000d568 (0xa83f2e23) sw      gp, -1380(t5)
core   0: 3 0x8000d568 (0xa83f2e23) mem 0x80010000 0x00000001
core   0: 0x8000d56c (0xff9ff06f) j       pc - 0x8
core   0: 3 0x8000d56c (0xff9ff06f)
core   0: 0x8000d564 (0x00003f17) auipc   t5, 0x3
core   0: 3 0x8000d564 (0x00003f17) x30 0x80010564
core   0: 0x8000d568 (0xa83f2e23) sw      gp, -1380(t5)
core   0: 3 0x8000d568 (0xa83f2e23) mem 0x80010000 0x00000001
core   0: 0x8000d56c (0xff9ff06f) j       pc - 0x8
core   0: 3 0x8000d56c (0xff9ff06f)
core   0: 0x8000d564 (0x00003f17) auipc   t5, 0x3
core   0: 3 0x8000d564 (0x00003f17) x30 0x80010564
core   0: 0x8000d568 (0xa83f2e23) sw      gp, -1380(t5)
core   0: 3 0x8000d568 (0xa83f2e23) mem 0x80010000 0x00000001
core   0: 0x8000d56c (0xff9ff06f) j       pc - 0x8
core   0: 3 0x8000d56c (0xff9ff06f)
core   0: 0x8000d564 (0x00003f17) auipc   t5, 0x3
core   0: 3 0x8000d564 (0x00003f17) x30 0x80010564
core   0: 0x8000d568 (0xa83f2e23) sw      gp, -1380(t5)
core   0: 3 0x8000d568 (0xa83f2e23) mem 0x80010000 0x00000001
core   0: 0x8000d56c (0xff9ff06f) j       pc - 0x8
core   0: 3 0x8000d56c (0xff9ff06f)
core   0: 0x8000d564 (0x00003f17) auipc   t5, 0x3
core   0: 3 0x8000d564 (0x00003f17) x30 0x80010564
core   0: 0x8000d568 (0xa83f2e23) sw      gp, -1380(t5)
core   0: 3 0x8000d568 (0xa83f2e23) mem 0x80010000 0x00000001
core   0: 0x8000d56c (0xff9ff06f) j       pc - 0x8
core   0: 3 0x8000d56c (0xff9ff06f)
core   0: 0x8000d564 (0x00003f17) auipc   t5, 0x3
core   0: 3 0x8000d564 (0x00003f17) x30 0x80010564
core   0: 0x8000d568 (0xa83f2e23) sw      gp, -1380(t5)
core   0: 3 0x8000d568 (0xa83f2e23) mem 0x80010000 0x00000001
core   0: 0x8000d56c (0xff9ff06f) j       pc - 0x8
core   0: 3 0x8000d56c (0xff9ff06f)
core   0: 0x8000d564 (0x00003f17) auipc   t5, 0x3
core   0: 3 0x8000d564 (0x00003f17) x30 0x80010564
core   0: 0x8000d568 (0xa83f2e23) sw      gp, -1380(t5)
core   0: 3 0x8000d568 (0xa83f2e23) mem 0x80010000 0x00000001
core   0: 0x8000d56c (0xff9ff06f) j       pc - 0x8
core   0: 3 0x8000d56c (0xff9ff06f)
core   0: 0x8000d564 (0x00003f17) auipc   t5, 0x3
core   0: 3 0x8000d564 (0x00003f17) x30 0x80010564
core   0: 0x8000d568 (0xa83f2e23) sw      gp, -1380(t5)
core   0: 3 0x8000d568 (0xa83f2e23) mem 0x80010000 0x00000001
core   0: 0x8000d56c (0xff9ff06f) j       pc - 0x8
core   0: 3 0x8000d56c (0xff9ff06f)
core   0: 0x8000d564 (0x00003f17) auipc   t5, 0x3
core   0: 3 0x8000d564 (0x00003f17) x30 0x80010564
core   0: 0x8000d568 (0xa83f2e23) sw      gp, -1380(t5)
core   0: 3 0x8000d568 (0xa83f2e23) mem 0x80010000 0x00000001
core   0: 0x8000d56c (0xff9ff06f) j       pc - 0x8
core   0: 3 0x8000d56c (0xff9ff06f)
core   0: 0x8000d564 (0x00003f17) auipc   t5, 0x3
core   0: 3 0x8000d564 (0x00003f17) x30 0x80010564
core   0: 0x8000d568 (0xa83f2e23) sw      gp, -1380(t5)
core   0: 3 0x8000d568 (0xa83f2e23) mem 0x80010000 0x00000001
core   0: 0x8000d56c (0xff9ff06f) j       pc - 0x8
core   0: 3 0x8000d56c (0xff9ff06f)
core   0: 0x8000d564 (0x00003f17) auipc   t5, 0x3
core   0: 3 0x8000d564 (0x00003f17) x30 0x80010564
core   0: 0x8000d568 (0xa83f2e23) sw      gp, -1380(t5)
core   0: 3 0x8000d568 (0xa83f2e23) mem 0x80010000 0x00000001
core   0: 0x8000d56c (0xff9ff06f) j       pc - 0x8
core   0: 3 0x8000d56c (0xff9ff06f)
core   0: 0x8000d564 (0x00003f17) auipc   t5, 0x3
core   0: 3 0x8000d564 (0x00003f17) x30 0x80010564
core   0: 0x8000d568 (0xa83f2e23) sw      gp, -1380(t5)
core   0: 3 0x8000d568 (0xa83f2e23) mem 0x80010000 0x00000001
core   0: 0x8000d56c (0xff9ff06f) j       pc - 0x8
core   0: 3 0x8000d56c (0xff9ff06f)
core   0: 0x8000d564 (0x00003f17) auipc   t5, 0x3
core   0: 3 0x8000d564 (0x00003f17) x30 0x80010564
core   0: 0x8000d568 (0xa83f2e23) sw      gp, -1380(t5)
core   0: 3 0x8000d568 (0xa83f2e23) mem 0x80010000 0x00000001
core   0: 0x8000d56c (0xff9ff06f) j       pc - 0x8
core   0: 3 0x8000d56c (0xff9ff06f)
core   0: 0x8000d564 (0x00003f17) auipc   t5, 0x3
core   0: 3 0x8000d564 (0x00003f17) x30 0x80010564
core   0: 0x8000d568 (0xa83f2e23) sw      gp, -1380(t5)
core   0: 3 0x8000d568 (0xa83f2e23) mem 0x80010000 0x00000001
core   0: 0x8000d56c (0xff9ff06f) j       pc - 0x8
core   0: 3 0x8000d56c (0xff9ff06f)
core   0: 0x8000d564 (0x00003f17) auipc   t5, 0x3
core   0: 3 0x8000d564 (0x00003f17) x30 0x80010564
core   0: 0x8000d568 (0xa83f2e23) sw      gp, -1380(t5)
core   0: 3 0x8000d568 (0xa83f2e23) mem 0x80010000 0x00000001
core   0: 0x8000d56c (0xff9ff06f) j       pc - 0x8
core   0: 3 0x8000d56c (0xff9ff06f)
core   0: 0x8000d564 (0x00003f17) auipc   t5, 0x3
core   0: 3 0x8000d564 (0x00003f17) x30 0x80010564
core   0: 0x8000d568 (0xa83f2e23) sw      gp, -1380(t5)
core   0: 3 0x8000d568 (0xa83f2e23) mem 0x80010000 0x00000001
core   0: 0x8000d56c (0xff9ff06f) j       pc - 0x8
core   0: 3 0x8000d56c (0xff9ff06f)
core   0: 0x8000d564 (0x00003f17) auipc   t5, 0x3
core   0: 3 0x8000d564 (0x00003f17) x30 0x80010564
core   0: 0x8000d568 (0xa83f2e23) sw      gp, -1380(t5)
core   0: 3 0x8000d568 (0xa83f2e23) mem 0x80010000 0x00000001
core   0: 0x8000d56c (0xff9ff06f) j       pc - 0x8
core   0: 3 0x8000d56c (0xff9ff06f)
core   0: 0x8000d564 (0x00003f17) auipc   t5, 0x3
core   0: 3 0x8000d564 (0x00003f17) x30 0x80010564
core   0: 0x8000d568 (0xa83f2e23) sw      gp, -1380(t5)
core   0: 3 0x8000d568 (0xa83f2e23) mem 0x80010000 0x00000001
core   0: 0x8000d56c (0xff9ff06f) j       pc - 0x8
core   0: 3 0x8000d56c (0xff9ff06f)
core   0: 0x8000d564 (0x00003f17) auipc   t5, 0x3
core   0: 3 0x8000d564 (0x00003f17) x30 0x80010564
core   0: 0x8000d568 (0xa83f2e23) sw      gp, -1380(t5)
core   0: 3 0x8000d568 (0xa83f2e23) mem 0x80010000 0x00000001
core   0: 0x8000d56c (0xff9ff06f) j       pc - 0x8
core   0: 3 0x8000d56c (0xff9ff06f)
core   0: 0x8000d564 (0x00003f17) auipc   t5, 0x3
core   0: 3 0x8000d564 (0x00003f17) x30 0x80010564
core   0: 0x8000d568 (0xa83f2e23) sw      gp, -1380(t5)
core   0: 3 0x8000d568 (0xa83f2e23) mem 0x80010000 0x00000001
core   0: 0x8000d56c (0xff9ff06f) j       pc - 0x8
core   0: 3 0x8000d56c (0xff9ff06f)
core   0: 0x8000d564 (0x00003f17) auipc   t5, 0x3
core   0: 3 0x8000d564 (0x00003f17) x30 0x80010564
core   0: 0x8000d568 (0xa83f2e23) sw      gp, -1380(t5)
core   0: 3 0x8000d568 (0xa83f2e23) mem 0x80010000 0x00000001
core   0: 0x8000d56c (0xff9ff06f) j       pc - 0x8
core   0: 3 0x8000d56c (0xff9ff06f)
core   0: 0x8000d564 (0x00003f17) auipc   t5, 0x3
core   0: 3 0x8000d564 (0x00003f17) x30 0x80010564
core   0: 0x8000d568 (0xa83f2e23) sw      gp, -1380(t5)
core   0: 3 0x8000d568 (0xa83f2e23) mem 0x80010000 0x00000001
core   0: 0x8000d56c (0xff9ff06f) j       pc - 0x8
core   0: 3 0x8000d56c (0xff9ff06f)
core   0: 0x8000d564 (0x00003f17) auipc   t5, 0x3
core   0: 3 0x8000d564 (0x00003f17) x30 0x80010564
core   0: 0x8000d568 (0xa83f2e23) sw      gp, -1380(t5)
core   0: 3 0x8000d568 (0xa83f2e23) mem 0x80010000 0x00000001
core   0: 0x8000d56c (0xff9ff06f) j       pc - 0x8
core   0: 3 0x8000d56c (0xff9ff06f)
core   0: 0x8000d564 (0x00003f17) auipc   t5, 0x3
core   0: 3 0x8000d564 (0x00003f17) x30 0x80010564
core   0: 0x8000d568 (0xa83f2e23) sw      gp, -1380(t5)
core   0: 3 0x8000d568 (0xa83f2e23) mem 0x80010000 0x00000001
core   0: 0x8000d56c (0xff9ff06f) j       pc - 0x8
core   0: 3 0x8000d56c (0xff9ff06f)
core   0: 0x8000d564 (0x00003f17) auipc   t5, 0x3
core   0: 3 0x8000d564 (0x00003f17) x30 0x80010564
core   0: 0x8000d568 (0xa83f2e23) sw      gp, -1380(t5)
core   0: 3 0x8000d568 (0xa83f2e23) mem 0x80010000 0x00000001
core   0: 0x8000d56c (0xff9ff06f) j       pc - 0x8
core   0: 3 0x8000d56c (0xff9ff06f)
core   0: 0x8000d564 (0x00003f17) auipc   t5, 0x3
core   0: 3 0x8000d564 (0x00003f17) x30 0x80010564
core   0: 0x8000d568 (0xa83f2e23) sw      gp, -1380(t5)
core   0: 3 0x8000d568 (0xa83f2e23) mem 0x80010000 0x00000001
core   0: 0x8000d56c (0xff9ff06f) j       pc - 0x8
core   0: 3 0x8000d56c (0xff9ff06f)
core   0: 0x8000d564 (0x00003f17) auipc   t5, 0x3
core   0: 3 0x8000d564 (0x00003f17) x30 0x80010564
core   0: 0x8000d568 (0xa83f2e23) sw      gp, -1380(t5)
core   0: 3 0x8000d568 (0xa83f2e23) mem 0x80010000 0x00000001
core   0: 0x8000d56c (0xff9ff06f) j       pc - 0x8
core   0: 3 0x8000d56c (0xff9ff06f)
core   0: 0x8000d564 (0x00003f17) auipc   t5, 0x3
core   0: 3 0x8000d564 (0x00003f17) x30 0x80010564
core   0: 0x8000d568 (0xa83f2e23) sw      gp, -1380(t5)
core   0: 3 0x8000d568 (0xa83f2e23) mem 0x80010000 0x00000001
core   0: 0x8000d56c (0xff9ff06f) j       pc - 0x8
core   0: 3 0x8000d56c (0xff9ff06f)
core   0: 0x8000d564 (0x00003f17) auipc   t5, 0x3
core   0: 3 0x8000d564 (0x00003f17) x30 0x80010564
core   0: 0x8000d568 (0xa83f2e23) sw      gp, -1380(t5)
core   0: 3 0x8000d568 (0xa83f2e23) mem 0x80010000 0x00000001
core   0: 0x8000d56c (0xff9ff06f) j       pc - 0x8
core   0: 3 0x8000d56c (0xff9ff06f)
core   0: 0x8000d564 (0x00003f17) auipc   t5, 0x3
core   0: 3 0x8000d564 (0x00003f17) x30 0x80010564
core   0: 0x8000d568 (0xa83f2e23) sw      gp, -1380(t5)
core   0: 3 0x8000d568 (0xa83f2e23) mem 0x80010000 0x00000001
core   0: 0x8000d56c (0xff9ff06f) j       pc - 0x8
core   0: 3 0x8000d56c (0xff9ff06f)
core   0: 0x8000d564 (0x00003f17) auipc   t5, 0x3
core   0: 3 0x8000d564 (0x00003f17) x30 0x80010564
core   0: 0x8000d568 (0xa83f2e23) sw      gp, -1380(t5)
core   0: 3 0x8000d568 (0xa83f2e23) mem 0x80010000 0x00000001
core   0: 0x8000d56c (0xff9ff06f) j       pc - 0x8
core   0: 3 0x8000d56c (0xff9ff06f)
core   0: 0x8000d564 (0x00003f17) auipc   t5, 0x3
core   0: 3 0x8000d564 (0x00003f17) x30 0x80010564
core   0: 0x8000d568 (0xa83f2e23) sw      gp, -1380(t5)
core   0: 3 0x8000d568 (0xa83f2e23) mem 0x80010000 0x00000001
core   0: 0x8000d56c (0xff9ff06f) j       pc - 0x8
core   0: 3 0x8000d56c (0xff9ff06f)
core   0: 0x8000d564 (0x00003f17) auipc   t5, 0x3
core   0: 3 0x8000d564 (0x00003f17) x30 0x80010564
core   0: 0x8000d568 (0xa83f2e23) sw      gp, -1380(t5)
core   0: 3 0x8000d568 (0xa83f2e23) mem 0x80010000 0x00000001
core   0: 0x8000d56c (0xff9ff06f) j       pc - 0x8
core   0: 3 0x8000d56c (0xff9ff06f)
core   0: 0x8000d564 (0x00003f17) auipc   t5, 0x3
core   0: 3 0x8000d564 (0x00003f17) x30 0x80010564
core   0: 0x8000d568 (0xa83f2e23) sw      gp, -1380(t5)
core   0: 3 0x8000d568 (0xa83f2e23) mem 0x80010000 0x00000001
core   0: 0x8000d56c (0xff9ff06f) j       pc - 0x8
core   0: 3 0x8000d56c (0xff9ff06f)
core   0: 0x8000d564 (0x00003f17) auipc   t5, 0x3
core   0: 3 0x8000d564 (0x00003f17) x30 0x80010564
core   0: 0x8000d568 (0xa83f2e23) sw      gp, -1380(t5)
core   0: 3 0x8000d568 (0xa83f2e23) mem 0x80010000 0x00000001
core   0: 0x8000d56c (0xff9ff06f) j       pc - 0x8
core   0: 3 0x8000d56c (0xff9ff06f)
core   0: 0x8000d564 (0x00003f17) auipc   t5, 0x3
core   0: 3 0x8000d564 (0x00003f17) x30 0x80010564
core   0: 0x8000d568 (0xa83f2e23) sw      gp, -1380(t5)
core   0: 3 0x8000d568 (0xa83f2e23) mem 0x80010000 0x00000001
core   0: 0x8000d56c (0xff9ff06f) j       pc - 0x8
core   0: 3 0x8000d56c (0xff9ff06f)
core   0: 0x8000d564 (0x00003f17) auipc   t5, 0x3
core   0: 3 0x8000d564 (0x00003f17) x30 0x80010564
core   0: 0x8000d568 (0xa83f2e23) sw      gp, -1380(t5)
core   0: 3 0x8000d568 (0xa83f2e23) mem 0x80010000 0x00000001
core   0: 0x8000d56c (0xff9ff06f) j       pc - 0x8
core   0: 3 0x8000d56c (0xff9ff06f)
core   0: 0x8000d564 (0x00003f17) auipc   t5, 0x3
core   0: 3 0x8000d564 (0x00003f17) x30 0x80010564
core   0: 0x8000d568 (0xa83f2e23) sw      gp, -1380(t5)
core   0: 3 0x8000d568 (0xa83f2e23) mem 0x80010000 0x00000001
core   0: 0x8000d56c (0xff9ff06f) j       pc - 0x8
core   0: 3 0x8000d56c (0xff9ff06f)
core   0: 0x8000d564 (0x00003f17) auipc   t5, 0x3
core   0: 3 0x8000d564 (0x00003f17) x30 0x80010564
core   0: 0x8000d568 (0xa83f2e23) sw      gp, -1380(t5)
core   0: 3 0x8000d568 (0xa83f2e23) mem 0x80010000 0x00000001
core   0: 0x8000d56c (0xff9ff06f) j       pc - 0x8
core   0: 3 0x8000d56c (0xff9ff06f)
core   0: 0x8000d564 (0x00003f17) auipc   t5, 0x3
core   0: 3 0x8000d564 (0x00003f17) x30 0x80010564
core   0: 0x8000d568 (0xa83f2e23) sw      gp, -1380(t5)
core   0: 3 0x8000d568 (0xa83f2e23) mem 0x80010000 0x00000001
core   0: 0x8000d56c (0xff9ff06f) j       pc - 0x8
core   0: 3 0x8000d56c (0xff9ff06f)
core   0: 0x8000d564 (0x00003f17) auipc   t5, 0x3
core   0: 3 0x8000d564 (0x00003f17) x30 0x80010564
core   0: 0x8000d568 (0xa83f2e23) sw      gp, -1380(t5)
core   0: 3 0x8000d568 (0xa83f2e23) mem 0x80010000 0x00000001
core   0: 0x8000d56c (0xff9ff06f) j       pc - 0x8
core   0: 3 0x8000d56c (0xff9ff06f)
core   0: 0x8000d564 (0x00003f17) auipc   t5, 0x3
core   0: 3 0x8000d564 (0x00003f17) x30 0x80010564
core   0: 0x8000d568 (0xa83f2e23) sw      gp, -1380(t5)
core   0: 3 0x8000d568 (0xa83f2e23) mem 0x80010000 0x00000001
core   0: 0x8000d56c (0xff9ff06f) j       pc - 0x8
core   0: 3 0x8000d56c (0xff9ff06f)
core   0: 0x8000d564 (0x00003f17) auipc   t5, 0x3
core   0: 3 0x8000d564 (0x00003f17) x30 0x80010564
core   0: 0x8000d568 (0xa83f2e23) sw      gp, -1380(t5)
core   0: 3 0x8000d568 (0xa83f2e23) mem 0x80010000 0x00000001
core   0: 0x8000d56c (0xff9ff06f) j       pc - 0x8
core   0: 3 0x8000d56c (0xff9ff06f)
core   0: 0x8000d564 (0x00003f17) auipc   t5, 0x3
core   0: 3 0x8000d564 (0x00003f17) x30 0x80010564
core   0: 0x8000d568 (0xa83f2e23) sw      gp, -1380(t5)
core   0: 3 0x8000d568 (0xa83f2e23) mem 0x80010000 0x00000001
core   0: 0x8000d56c (0xff9ff06f) j       pc - 0x8
core   0: 3 0x8000d56c (0xff9ff06f)
core   0: 0x8000d564 (0x00003f17) auipc   t5, 0x3
core   0: 3 0x8000d564 (0x00003f17) x30 0x80010564
core   0: 0x8000d568 (0xa83f2e23) sw      gp, -1380(t5)
core   0: 3 0x8000d568 (0xa83f2e23) mem 0x80010000 0x00000001
core   0: 0x8000d56c (0xff9ff06f) j       pc - 0x8
core   0: 3 0x8000d56c (0xff9ff06f)
core   0: 0x8000d564 (0x00003f17) auipc   t5, 0x3
core   0: 3 0x8000d564 (0x00003f17) x30 0x80010564
core   0: 0x8000d568 (0xa83f2e23) sw      gp, -1380(t5)
core   0: 3 0x8000d568 (0xa83f2e23) mem 0x80010000 0x00000001
core   0: 0x8000d56c (0xff9ff06f) j       pc - 0x8
core   0: 3 0x8000d56c (0xff9ff06f)
core   0: 0x8000d564 (0x00003f17) auipc   t5, 0x3
core   0: 3 0x8000d564 (0x00003f17) x30 0x80010564
core   0: 0x8000d568 (0xa83f2e23) sw      gp, -1380(t5)
core   0: 3 0x8000d568 (0xa83f2e23) mem 0x80010000 0x00000001
core   0: 0x8000d56c (0xff9ff06f) j       pc - 0x8
core   0: 3 0x8000d56c (0xff9ff06f)
core   0: 0x8000d564 (0x00003f17) auipc   t5, 0x3
core   0: 3 0x8000d564 (0x00003f17) x30 0x80010564
core   0: 0x8000d568 (0xa83f2e23) sw      gp, -1380(t5)
core   0: 3 0x8000d568 (0xa83f2e23) mem 0x80010000 0x00000001
core   0: 0x8000d56c (0xff9ff06f) j       pc - 0x8
core   0: 3 0x8000d56c (0xff9ff06f)
core   0: 0x8000d564 (0x00003f17) auipc   t5, 0x3
core   0: 3 0x8000d564 (0x00003f17) x30 0x80010564
core   0: 0x8000d568 (0xa83f2e23) sw      gp, -1380(t5)
core   0: 3 0x8000d568 (0xa83f2e23) mem 0x80010000 0x00000001
core   0: 0x8000d56c (0xff9ff06f) j       pc - 0x8
core   0: 3 0x8000d56c (0xff9ff06f)
core   0: 0x8000d564 (0x00003f17) auipc   t5, 0x3
core   0: 3 0x8000d564 (0x00003f17) x30 0x80010564
core   0: 0x8000d568 (0xa83f2e23) sw      gp, -1380(t5)
core   0: 3 0x8000d568 (0xa83f2e23) mem 0x80010000 0x00000001
core   0: 0x8000d56c (0xff9ff06f) j       pc - 0x8
core   0: 3 0x8000d56c (0xff9ff06f)
core   0: 0x8000d564 (0x00003f17) auipc   t5, 0x3
core   0: 3 0x8000d564 (0x00003f17) x30 0x80010564
core   0: 0x8000d568 (0xa83f2e23) sw      gp, -1380(t5)
core   0: 3 0x8000d568 (0xa83f2e23) mem 0x80010000 0x00000001
core   0: 0x8000d56c (0xff9ff06f) j       pc - 0x8
core   0: 3 0x8000d56c (0xff9ff06f)
core   0: 0x8000d564 (0x00003f17) auipc   t5, 0x3
core   0: 3 0x8000d564 (0x00003f17) x30 0x80010564
core   0: 0x8000d568 (0xa83f2e23) sw      gp, -1380(t5)
core   0: 3 0x8000d568 (0xa83f2e23) mem 0x80010000 0x00000001
core   0: 0x8000d56c (0xff9ff06f) j       pc - 0x8
core   0: 3 0x8000d56c (0xff9ff06f)
core   0: 0x8000d564 (0x00003f17) auipc   t5, 0x3
core   0: 3 0x8000d564 (0x00003f17) x30 0x80010564
core   0: 0x8000d568 (0xa83f2e23) sw      gp, -1380(t5)
core   0: 3 0x8000d568 (0xa83f2e23) mem 0x80010000 0x00000001
core   0: 0x8000d56c (0xff9ff06f) j       pc - 0x8
core   0: 3 0x8000d56c (0xff9ff06f)
core   0: 0x8000d564 (0x00003f17) auipc   t5, 0x3
core   0: 3 0x8000d564 (0x00003f17) x30 0x80010564
core   0: 0x8000d568 (0xa83f2e23) sw      gp, -1380(t5)
core   0: 3 0x8000d568 (0xa83f2e23) mem 0x80010000 0x00000001
core   0: 0x8000d56c (0xff9ff06f) j       pc - 0x8
core   0: 3 0x8000d56c (0xff9ff06f)
core   0: 0x8000d564 (0x00003f17) auipc   t5, 0x3
core   0: 3 0x8000d564 (0x00003f17) x30 0x80010564
core   0: 0x8000d568 (0xa83f2e23) sw      gp, -1380(t5)
core   0: 3 0x8000d568 (0xa83f2e23) mem 0x80010000 0x00000001
core   0: 0x8000d56c (0xff9ff06f) j       pc - 0x8
core   0: 3 0x8000d56c (0xff9ff06f)
core   0: 0x8000d564 (0x00003f17) auipc   t5, 0x3
core   0: 3 0x8000d564 (0x00003f17) x30 0x80010564
core   0: 0x8000d568 (0xa83f2e23) sw      gp, -1380(t5)
core   0: 3 0x8000d568 (0xa83f2e23) mem 0x80010000 0x00000001
core   0: 0x8000d56c (0xff9ff06f) j       pc - 0x8
core   0: 3 0x8000d56c (0xff9ff06f)
core   0: 0x8000d564 (0x00003f17) auipc   t5, 0x3
core   0: 3 0x8000d564 (0x00003f17) x30 0x80010564
core   0: 0x8000d568 (0xa83f2e23) sw      gp, -1380(t5)
core   0: 3 0x8000d568 (0xa83f2e23) mem 0x80010000 0x00000001
core   0: 0x8000d56c (0xff9ff06f) j       pc - 0x8
core   0: 3 0x8000d56c (0xff9ff06f)
core   0: 0x8000d564 (0x00003f17) auipc   t5, 0x3
core   0: 3 0x8000d564 (0x00003f17) x30 0x80010564
core   0: 0x8000d568 (0xa83f2e23) sw      gp, -1380(t5)
core   0: 3 0x8000d568 (0xa83f2e23) mem 0x80010000 0x00000001
core   0: 0x8000d56c (0xff9ff06f) j       pc - 0x8
core   0: 3 0x8000d56c (0xff9ff06f)
core   0: 0x8000d564 (0x00003f17) auipc   t5, 0x3
core   0: 3 0x8000d564 (0x00003f17) x30 0x80010564
core   0: 0x8000d568 (0xa83f2e23) sw      gp, -1380(t5)
core   0: 3 0x8000d568 (0xa83f2e23) mem 0x80010000 0x00000001
core   0: 0x8000d56c (0xff9ff06f) j       pc - 0x8
core   0: 3 0x8000d56c (0xff9ff06f)
core   0: 0x8000d564 (0x00003f17) auipc   t5, 0x3
core   0: 3 0x8000d564 (0x00003f17) x30 0x80010564
core   0: 0x8000d568 (0xa83f2e23) sw      gp, -1380(t5)
core   0: 3 0x8000d568 (0xa83f2e23) mem 0x80010000 0x00000001
core   0: 0x8000d56c (0xff9ff06f) j       pc - 0x8
core   0: 3 0x8000d56c (0xff9ff06f)
core   0: 0x8000d564 (0x00003f17) auipc   t5, 0x3
core   0: 3 0x8000d564 (0x00003f17) x30 0x80010564
core   0: 0x8000d568 (0xa83f2e23) sw      gp, -1380(t5)
core   0: 3 0x8000d568 (0xa83f2e23) mem 0x80010000 0x00000001
core   0: 0x8000d56c (0xff9ff06f) j       pc - 0x8
core   0: 3 0x8000d56c (0xff9ff06f)
core   0: 0x8000d564 (0x00003f17) auipc   t5, 0x3
core   0: 3 0x8000d564 (0x00003f17) x30 0x80010564
core   0: 0x8000d568 (0xa83f2e23) sw      gp, -1380(t5)
core   0: 3 0x8000d568 (0xa83f2e23) mem 0x80010000 0x00000001
core   0: 0x8000d56c (0xff9ff06f) j       pc - 0x8
core   0: 3 0x8000d56c (0xff9ff06f)
core   0: 0x8000d564 (0x00003f17) auipc   t5, 0x3
core   0: 3 0x8000d564 (0x00003f17) x30 0x80010564
core   0: 0x8000d568 (0xa83f2e23) sw      gp, -1380(t5)
core   0: 3 0x8000d568 (0xa83f2e23) mem 0x80010000 0x00000001
core   0: 0x8000d56c (0xff9ff06f) j       pc - 0x8
core   0: 3 0x8000d56c (0xff9ff06f)
core   0: 0x8000d564 (0x00003f17) auipc   t5, 0x3
core   0: 3 0x8000d564 (0x00003f17) x30 0x80010564
core   0: 0x8000d568 (0xa83f2e23) sw      gp, -1380(t5)
core   0: 3 0x8000d568 (0xa83f2e23) mem 0x80010000 0x00000001
core   0: 0x8000d56c (0xff9ff06f) j       pc - 0x8
core   0: 3 0x8000d56c (0xff9ff06f)
core   0: 0x8000d564 (0x00003f17) auipc   t5, 0x3
core   0: 3 0x8000d564 (0x00003f17) x30 0x80010564
core   0: 0x8000d568 (0xa83f2e23) sw      gp, -1380(t5)
core   0: 3 0x8000d568 (0xa83f2e23) mem 0x80010000 0x00000001
core   0: 0x8000d56c (0xff9ff06f) j       pc - 0x8
core   0: 3 0x8000d56c (0xff9ff06f)
core   0: 0x8000d564 (0x00003f17) auipc   t5, 0x3
core   0: 3 0x8000d564 (0x00003f17) x30 0x80010564
core   0: 0x8000d568 (0xa83f2e23) sw      gp, -1380(t5)
core   0: 3 0x8000d568 (0xa83f2e23) mem 0x80010000 0x00000001
core   0: 0x8000d56c (0xff9ff06f) j       pc - 0x8
core   0: 3 0x8000d56c (0xff9ff06f)
core   0: 0x8000d564 (0x00003f17) auipc   t5, 0x3
core   0: 3 0x8000d564 (0x00003f17) x30 0x80010564
core   0: 0x8000d568 (0xa83f2e23) sw      gp, -1380(t5)
core   0: 3 0x8000d568 (0xa83f2e23) mem 0x80010000 0x00000001
core   0: 0x8000d56c (0xff9ff06f) j       pc - 0x8
core   0: 3 0x8000d56c (0xff9ff06f)
core   0: 0x8000d564 (0x00003f17) auipc   t5, 0x3
core   0: 3 0x8000d564 (0x00003f17) x30 0x80010564
core   0: 0x8000d568 (0xa83f2e23) sw      gp, -1380(t5)
core   0: 3 0x8000d568 (0xa83f2e23) mem 0x80010000 0x00000001
core   0: 0x8000d56c (0xff9ff06f) j       pc - 0x8
core   0: 3 0x8000d56c (0xff9ff06f)
core   0: 0x8000d564 (0x00003f17) auipc   t5, 0x3
core   0: 3 0x8000d564 (0x00003f17) x30 0x80010564
core   0: 0x8000d568 (0xa83f2e23) sw      gp, -1380(t5)
core   0: 3 0x8000d568 (0xa83f2e23) mem 0x80010000 0x00000001
core   0: 0x8000d56c (0xff9ff06f) j       pc - 0x8
core   0: 3 0x8000d56c (0xff9ff06f)
core   0: 0x8000d564 (0x00003f17) auipc   t5, 0x3
core   0: 3 0x8000d564 (0x00003f17) x30 0x80010564
core   0: 0x8000d568 (0xa83f2e23) sw      gp, -1380(t5)
core   0: 3 0x8000d568 (0xa83f2e23) mem 0x80010000 0x00000001
core   0: 0x8000d56c (0xff9ff06f) j       pc - 0x8
core   0: 3 0x8000d56c (0xff9ff06f)
core   0: 0x8000d564 (0x00003f17) auipc   t5, 0x3
core   0: 3 0x8000d564 (0x00003f17) x30 0x80010564
core   0: 0x8000d568 (0xa83f2e23) sw      gp, -1380(t5)
core   0: 3 0x8000d568 (0xa83f2e23) mem 0x80010000 0x00000001
core   0: 0x8000d56c (0xff9ff06f) j       pc - 0x8
core   0: 3 0x8000d56c (0xff9ff06f)
core   0: 0x8000d564 (0x00003f17) auipc   t5, 0x3
core   0: 3 0x8000d564 (0x00003f17) x30 0x80010564
core   0: 0x8000d568 (0xa83f2e23) sw      gp, -1380(t5)
core   0: 3 0x8000d568 (0xa83f2e23) mem 0x80010000 0x00000001
core   0: 0x8000d56c (0xff9ff06f) j       pc - 0x8
core   0: 3 0x8000d56c (0xff9ff06f)
core   0: 0x8000d564 (0x00003f17) auipc   t5, 0x3
core   0: 3 0x8000d564 (0x00003f17) x30 0x80010564
core   0: 0x8000d568 (0xa83f2e23) sw      gp, -1380(t5)
core   0: 3 0x8000d568 (0xa83f2e23) mem 0x80010000 0x00000001
core   0: 0x8000d56c (0xff9ff06f) j       pc - 0x8
core   0: 3 0x8000d56c (0xff9ff06f)
core   0: 0x8000d564 (0x00003f17) auipc   t5, 0x3
core   0: 3 0x8000d564 (0x00003f17) x30 0x80010564
core   0: 0x8000d568 (0xa83f2e23) sw      gp, -1380(t5)
core   0: 3 0x8000d568 (0xa83f2e23) mem 0x80010000 0x00000001
core   0: 0x8000d56c (0xff9ff06f) j       pc - 0x8
core   0: 3 0x8000d56c (0xff9ff06f)
core   0: 0x8000d564 (0x00003f17) auipc   t5, 0x3
core   0: 3 0x8000d564 (0x00003f17) x30 0x80010564
core   0: 0x8000d568 (0xa83f2e23) sw      gp, -1380(t5)
core   0: 3 0x8000d568 (0xa83f2e23) mem 0x80010000 0x00000001
core   0: 0x8000d56c (0xff9ff06f) j       pc - 0x8
core   0: 3 0x8000d56c (0xff9ff06f)
core   0: 0x8000d564 (0x00003f17) auipc   t5, 0x3
core   0: 3 0x8000d564 (0x00003f17) x30 0x80010564
core   0: 0x8000d568 (0xa83f2e23) sw      gp, -1380(t5)
core   0: 3 0x8000d568 (0xa83f2e23) mem 0x80010000 0x00000001
core   0: 0x8000d56c (0xff9ff06f) j       pc - 0x8
core   0: 3 0x8000d56c (0xff9ff06f)
core   0: 0x8000d564 (0x00003f17) auipc   t5, 0x3
core   0: 3 0x8000d564 (0x00003f17) x30 0x80010564
core   0: 0x8000d568 (0xa83f2e23) sw      gp, -1380(t5)
core   0: 3 0x8000d568 (0xa83f2e23) mem 0x80010000 0x00000001
core   0: 0x8000d56c (0xff9ff06f) j       pc - 0x8
core   0: 3 0x8000d56c (0xff9ff06f)
core   0: 0x8000d564 (0x00003f17) auipc   t5, 0x3
core   0: 3 0x8000d564 (0x00003f17) x30 0x80010564
core   0: 0x8000d568 (0xa83f2e23) sw      gp, -1380(t5)
core   0: 3 0x8000d568 (0xa83f2e23) mem 0x80010000 0x00000001
core   0: 0x8000d56c (0xff9ff06f) j       pc - 0x8
core   0: 3 0x8000d56c (0xff9ff06f)
core   0: 0x8000d564 (0x00003f17) auipc   t5, 0x3
core   0: 3 0x8000d564 (0x00003f17) x30 0x80010564
core   0: 0x8000d568 (0xa83f2e23) sw      gp, -1380(t5)
core   0: 3 0x8000d568 (0xa83f2e23) mem 0x80010000 0x00000001
core   0: 0x8000d56c (0xff9ff06f) j       pc - 0x8
core   0: 3 0x8000d56c (0xff9ff06f)
core   0: 0x8000d564 (0x00003f17) auipc   t5, 0x3
core   0: 3 0x8000d564 (0x00003f17) x30 0x80010564
core   0: 0x8000d568 (0xa83f2e23) sw      gp, -1380(t5)
core   0: 3 0x8000d568 (0xa83f2e23) mem 0x80010000 0x00000001
core   0: 0x8000d56c (0xff9ff06f) j       pc - 0x8
core   0: 3 0x8000d56c (0xff9ff06f)
core   0: 0x8000d564 (0x00003f17) auipc   t5, 0x3
core   0: 3 0x8000d564 (0x00003f17) x30 0x80010564
core   0: 0x8000d568 (0xa83f2e23) sw      gp, -1380(t5)
core   0: 3 0x8000d568 (0xa83f2e23) mem 0x80010000 0x00000001
core   0: 0x8000d56c (0xff9ff06f) j       pc - 0x8
core   0: 3 0x8000d56c (0xff9ff06f)
core   0: 0x8000d564 (0x00003f17) auipc   t5, 0x3
core   0: 3 0x8000d564 (0x00003f17) x30 0x80010564
core   0: 0x8000d568 (0xa83f2e23) sw      gp, -1380(t5)
core   0: 3 0x8000d568 (0xa83f2e23) mem 0x80010000 0x00000001
core   0: 0x8000d56c (0xff9ff06f) j       pc - 0x8
core   0: 3 0x8000d56c (0xff9ff06f)
core   0: 0x8000d564 (0x00003f17) auipc   t5, 0x3
core   0: 3 0x8000d564 (0x00003f17) x30 0x80010564
core   0: 0x8000d568 (0xa83f2e23) sw      gp, -1380(t5)
core   0: 3 0x8000d568 (0xa83f2e23) mem 0x80010000 0x00000001
core   0: 0x8000d56c (0xff9ff06f) j       pc - 0x8
core   0: 3 0x8000d56c (0xff9ff06f)
core   0: 0x8000d564 (0x00003f17) auipc   t5, 0x3
core   0: 3 0x8000d564 (0x00003f17) x30 0x80010564
core   0: 0x8000d568 (0xa83f2e23) sw      gp, -1380(t5)
core   0: 3 0x8000d568 (0xa83f2e23) mem 0x80010000 0x00000001
core   0: 0x8000d56c (0xff9ff06f) j       pc - 0x8
core   0: 3 0x8000d56c (0xff9ff06f)
core   0: 0x8000d564 (0x00003f17) auipc   t5, 0x3
core   0: 3 0x8000d564 (0x00003f17) x30 0x80010564
core   0: 0x8000d568 (0xa83f2e23) sw      gp, -1380(t5)
core   0: 3 0x8000d568 (0xa83f2e23) mem 0x80010000 0x00000001
core   0: 0x8000d56c (0xff9ff06f) j       pc - 0x8
core   0: 3 0x8000d56c (0xff9ff06f)
core   0: 0x8000d564 (0x00003f17) auipc   t5, 0x3
core   0: 3 0x8000d564 (0x00003f17) x30 0x80010564
core   0: 0x8000d568 (0xa83f2e23) sw      gp, -1380(t5)
core   0: 3 0x8000d568 (0xa83f2e23) mem 0x80010000 0x00000001
core   0: 0x8000d56c (0xff9ff06f) j       pc - 0x8
core   0: 3 0x8000d56c (0xff9ff06f)
core   0: 0x8000d564 (0x00003f17) auipc   t5, 0x3
core   0: 3 0x8000d564 (0x00003f17) x30 0x80010564
core   0: 0x8000d568 (0xa83f2e23) sw      gp, -1380(t5)
core   0: 3 0x8000d568 (0xa83f2e23) mem 0x80010000 0x00000001
core   0: 0x8000d56c (0xff9ff06f) j       pc - 0x8
core   0: 3 0x8000d56c (0xff9ff06f)
core   0: 0x8000d564 (0x00003f17) auipc   t5, 0x3
core   0: 3 0x8000d564 (0x00003f17) x30 0x80010564
core   0: 0x8000d568 (0xa83f2e23) sw      gp, -1380(t5)
core   0: 3 0x8000d568 (0xa83f2e23) mem 0x80010000 0x00000001
core   0: 0x8000d56c (0xff9ff06f) j       pc - 0x8
core   0: 3 0x8000d56c (0xff9ff06f)
core   0: 0x8000d564 (0x00003f17) auipc   t5, 0x3
core   0: 3 0x8000d564 (0x00003f17) x30 0x80010564
core   0: 0x8000d568 (0xa83f2e23) sw      gp, -1380(t5)
core   0: 3 0x8000d568 (0xa83f2e23) mem 0x80010000 0x00000001
core   0: 0x8000d56c (0xff9ff06f) j       pc - 0x8
core   0: 3 0x8000d56c (0xff9ff06f)
core   0: 0x8000d564 (0x00003f17) auipc   t5, 0x3
core   0: 3 0x8000d564 (0x00003f17) x30 0x80010564
core   0: 0x8000d568 (0xa83f2e23) sw      gp, -1380(t5)
core   0: 3 0x8000d568 (0xa83f2e23) mem 0x80010000 0x00000001
core   0: 0x8000d56c (0xff9ff06f) j       pc - 0x8
core   0: 3 0x8000d56c (0xff9ff06f)
core   0: 0x8000d564 (0x00003f17) auipc   t5, 0x3
core   0: 3 0x8000d564 (0x00003f17) x30 0x80010564
core   0: 0x8000d568 (0xa83f2e23) sw      gp, -1380(t5)
core   0: 3 0x8000d568 (0xa83f2e23) mem 0x80010000 0x00000001
core   0: 0x8000d56c (0xff9ff06f) j       pc - 0x8
core   0: 3 0x8000d56c (0xff9ff06f)
core   0: 0x8000d564 (0x00003f17) auipc   t5, 0x3
core   0: 3 0x8000d564 (0x00003f17) x30 0x80010564
core   0: 0x8000d568 (0xa83f2e23) sw      gp, -1380(t5)
core   0: 3 0x8000d568 (0xa83f2e23) mem 0x80010000 0x00000001
core   0: 0x8000d56c (0xff9ff06f) j       pc - 0x8
core   0: 3 0x8000d56c (0xff9ff06f)
core   0: 0x8000d564 (0x00003f17) auipc   t5, 0x3
core   0: 3 0x8000d564 (0x00003f17) x30 0x80010564
core   0: 0x8000d568 (0xa83f2e23) sw      gp, -1380(t5)
core   0: 3 0x8000d568 (0xa83f2e23) mem 0x80010000 0x00000001
core   0: 0x8000d56c (0xff9ff06f) j       pc - 0x8
core   0: 3 0x8000d56c (0xff9ff06f)
core   0: 0x8000d564 (0x00003f17) auipc   t5, 0x3
core   0: 3 0x8000d564 (0x00003f17) x30 0x80010564
core   0: 0x8000d568 (0xa83f2e23) sw      gp, -1380(t5)
core   0: 3 0x8000d568 (0xa83f2e23) mem 0x80010000 0x00000001
core   0: 0x8000d56c (0xff9ff06f) j       pc - 0x8
core   0: 3 0x8000d56c (0xff9ff06f)
core   0: 0x8000d564 (0x00003f17) auipc   t5, 0x3
core   0: 3 0x8000d564 (0x00003f17) x30 0x80010564
core   0: 0x8000d568 (0xa83f2e23) sw      gp, -1380(t5)
core   0: 3 0x8000d568 (0xa83f2e23) mem 0x80010000 0x00000001
core   0: 0x8000d56c (0xff9ff06f) j       pc - 0x8
core   0: 3 0x8000d56c (0xff9ff06f)
core   0: 0x8000d564 (0x00003f17) auipc   t5, 0x3
core   0: 3 0x8000d564 (0x00003f17) x30 0x80010564
core   0: 0x8000d568 (0xa83f2e23) sw      gp, -1380(t5)
core   0: 3 0x8000d568 (0xa83f2e23) mem 0x80010000 0x00000001
core   0: 0x8000d56c (0xff9ff06f) j       pc - 0x8
core   0: 3 0x8000d56c (0xff9ff06f)
core   0: 0x8000d564 (0x00003f17) auipc   t5, 0x3
core   0: 3 0x8000d564 (0x00003f17) x30 0x80010564
core   0: 0x8000d568 (0xa83f2e23) sw      gp, -1380(t5)
core   0: 3 0x8000d568 (0xa83f2e23) mem 0x80010000 0x00000001
core   0: 0x8000d56c (0xff9ff06f) j       pc - 0x8
core   0: 3 0x8000d56c (0xff9ff06f)
core   0: 0x8000d564 (0x00003f17) auipc   t5, 0x3
core   0: 3 0x8000d564 (0x00003f17) x30 0x80010564
core   0: 0x8000d568 (0xa83f2e23) sw      gp, -1380(t5)
core   0: 3 0x8000d568 (0xa83f2e23) mem 0x80010000 0x00000001
core   0: 0x8000d56c (0xff9ff06f) j       pc - 0x8
core   0: 3 0x8000d56c (0xff9ff06f)
core   0: 0x8000d564 (0x00003f17) auipc   t5, 0x3
core   0: 3 0x8000d564 (0x00003f17) x30 0x80010564
core   0: 0x8000d568 (0xa83f2e23) sw      gp, -1380(t5)
core   0: 3 0x8000d568 (0xa83f2e23) mem 0x80010000 0x00000001
core   0: 0x8000d56c (0xff9ff06f) j       pc - 0x8
core   0: 3 0x8000d56c (0xff9ff06f)
core   0: 0x8000d564 (0x00003f17) auipc   t5, 0x3
core   0: 3 0x8000d564 (0x00003f17) x30 0x80010564
core   0: 0x8000d568 (0xa83f2e23) sw      gp, -1380(t5)
core   0: 3 0x8000d568 (0xa83f2e23) mem 0x80010000 0x00000001
core   0: 0x8000d56c (0xff9ff06f) j       pc - 0x8
core   0: 3 0x8000d56c (0xff9ff06f)
core   0: 0x8000d564 (0x00003f17) auipc   t5, 0x3
core   0: 3 0x8000d564 (0x00003f17) x30 0x80010564
core   0: 0x8000d568 (0xa83f2e23) sw      gp, -1380(t5)
core   0: 3 0x8000d568 (0xa83f2e23) mem 0x80010000 0x00000001
core   0: 0x8000d56c (0xff9ff06f) j       pc - 0x8
core   0: 3 0x8000d56c (0xff9ff06f)
core   0: 0x8000d564 (0x00003f17) auipc   t5, 0x3
core   0: 3 0x8000d564 (0x00003f17) x30 0x80010564
core   0: 0x8000d568 (0xa83f2e23) sw      gp, -1380(t5)
core   0: 3 0x8000d568 (0xa83f2e23) mem 0x80010000 0x00000001
core   0: 0x8000d56c (0xff9ff06f) j       pc - 0x8
core   0: 3 0x8000d56c (0xff9ff06f)
core   0: 0x8000d564 (0x00003f17) auipc   t5, 0x3
core   0: 3 0x8000d564 (0x00003f17) x30 0x80010564
core   0: 0x8000d568 (0xa83f2e23) sw      gp, -1380(t5)
core   0: 3 0x8000d568 (0xa83f2e23) mem 0x80010000 0x00000001
core   0: 0x8000d56c (0xff9ff06f) j       pc - 0x8
core   0: 3 0x8000d56c (0xff9ff06f)
core   0: 0x8000d564 (0x00003f17) auipc   t5, 0x3
core   0: 3 0x8000d564 (0x00003f17) x30 0x80010564
core   0: 0x8000d568 (0xa83f2e23) sw      gp, -1380(t5)
core   0: 3 0x8000d568 (0xa83f2e23) mem 0x80010000 0x00000001
core   0: 0x8000d56c (0xff9ff06f) j       pc - 0x8
core   0: 3 0x8000d56c (0xff9ff06f)
core   0: 0x8000d564 (0x00003f17) auipc   t5, 0x3
core   0: 3 0x8000d564 (0x00003f17) x30 0x80010564
core   0: 0x8000d568 (0xa83f2e23) sw      gp, -1380(t5)
core   0: 3 0x8000d568 (0xa83f2e23) mem 0x80010000 0x00000001
core   0: 0x8000d56c (0xff9ff06f) j       pc - 0x8
core   0: 3 0x8000d56c (0xff9ff06f)
core   0: 0x8000d564 (0x00003f17) auipc   t5, 0x3
core   0: 3 0x8000d564 (0x00003f17) x30 0x80010564
core   0: 0x8000d568 (0xa83f2e23) sw      gp, -1380(t5)
core   0: 3 0x8000d568 (0xa83f2e23) mem 0x80010000 0x00000001
core   0: 0x8000d56c (0xff9ff06f) j       pc - 0x8
core   0: 3 0x8000d56c (0xff9ff06f)
core   0: 0x8000d564 (0x00003f17) auipc   t5, 0x3
core   0: 3 0x8000d564 (0x00003f17) x30 0x80010564
core   0: 0x8000d568 (0xa83f2e23) sw      gp, -1380(t5)
core   0: 3 0x8000d568 (0xa83f2e23) mem 0x80010000 0x00000001
core   0: 0x8000d56c (0xff9ff06f) j       pc - 0x8
core   0: 3 0x8000d56c (0xff9ff06f)
core   0: 0x8000d564 (0x00003f17) auipc   t5, 0x3
core   0: 3 0x8000d564 (0x00003f17) x30 0x80010564
core   0: 0x8000d568 (0xa83f2e23) sw      gp, -1380(t5)
core   0: 3 0x8000d568 (0xa83f2e23) mem 0x80010000 0x00000001
core   0: 0x8000d56c (0xff9ff06f) j       pc - 0x8
core   0: 3 0x8000d56c (0xff9ff06f)
core   0: 0x8000d564 (0x00003f17) auipc   t5, 0x3
core   0: 3 0x8000d564 (0x00003f17) x30 0x80010564
core   0: 0x8000d568 (0xa83f2e23) sw      gp, -1380(t5)
core   0: 3 0x8000d568 (0xa83f2e23) mem 0x80010000 0x00000001
core   0: 0x8000d56c (0xff9ff06f) j       pc - 0x8
core   0: 3 0x8000d56c (0xff9ff06f)
core   0: 0x8000d564 (0x00003f17) auipc   t5, 0x3
core   0: 3 0x8000d564 (0x00003f17) x30 0x80010564
core   0: 0x8000d568 (0xa83f2e23) sw      gp, -1380(t5)
core   0: 3 0x8000d568 (0xa83f2e23) mem 0x80010000 0x00000001
core   0: 0x8000d56c (0xff9ff06f) j       pc - 0x8
core   0: 3 0x8000d56c (0xff9ff06f)
core   0: 0x8000d564 (0x00003f17) auipc   t5, 0x3
core   0: 3 0x8000d564 (0x00003f17) x30 0x80010564
core   0: 0x8000d568 (0xa83f2e23) sw      gp, -1380(t5)
core   0: 3 0x8000d568 (0xa83f2e23) mem 0x80010000 0x00000001
core   0: 0x8000d56c (0xff9ff06f) j       pc - 0x8
core   0: 3 0x8000d56c (0xff9ff06f)
core   0: 0x8000d564 (0x00003f17) auipc   t5, 0x3
core   0: 3 0x8000d564 (0x00003f17) x30 0x80010564
core   0: 0x8000d568 (0xa83f2e23) sw      gp, -1380(t5)
core   0: 3 0x8000d568 (0xa83f2e23) mem 0x80010000 0x00000001
core   0: 0x8000d56c (0xff9ff06f) j       pc - 0x8
core   0: 3 0x8000d56c (0xff9ff06f)
core   0: 0x8000d564 (0x00003f17) auipc   t5, 0x3
core   0: 3 0x8000d564 (0x00003f17) x30 0x80010564
core   0: 0x8000d568 (0xa83f2e23) sw      gp, -1380(t5)
core   0: 3 0x8000d568 (0xa83f2e23) mem 0x80010000 0x00000001
core   0: 0x8000d56c (0xff9ff06f) j       pc - 0x8
core   0: 3 0x8000d56c (0xff9ff06f)
core   0: 0x8000d564 (0x00003f17) auipc   t5, 0x3
core   0: 3 0x8000d564 (0x00003f17) x30 0x80010564
core   0: 0x8000d568 (0xa83f2e23) sw      gp, -1380(t5)
core   0: 3 0x8000d568 (0xa83f2e23) mem 0x80010000 0x00000001
core   0: 0x8000d56c (0xff9ff06f) j       pc - 0x8
core   0: 3 0x8000d56c (0xff9ff06f)
core   0: 0x8000d564 (0x00003f17) auipc   t5, 0x3
core   0: 3 0x8000d564 (0x00003f17) x30 0x80010564
core   0: 0x8000d568 (0xa83f2e23) sw      gp, -1380(t5)
core   0: 3 0x8000d568 (0xa83f2e23) mem 0x80010000 0x00000001
core   0: 0x8000d56c (0xff9ff06f) j       pc - 0x8
core   0: 3 0x8000d56c (0xff9ff06f)
core   0: 0x8000d564 (0x00003f17) auipc   t5, 0x3
core   0: 3 0x8000d564 (0x00003f17) x30 0x80010564
core   0: 0x8000d568 (0xa83f2e23) sw      gp, -1380(t5)
core   0: 3 0x8000d568 (0xa83f2e23) mem 0x80010000 0x00000001
core   0: 0x8000d56c (0xff9ff06f) j       pc - 0x8
core   0: 3 0x8000d56c (0xff9ff06f)
core   0: 0x8000d564 (0x00003f17) auipc   t5, 0x3
core   0: 3 0x8000d564 (0x00003f17) x30 0x80010564
core   0: 0x8000d568 (0xa83f2e23) sw      gp, -1380(t5)
core   0: 3 0x8000d568 (0xa83f2e23) mem 0x80010000 0x00000001
core   0: 0x8000d56c (0xff9ff06f) j       pc - 0x8
core   0: 3 0x8000d56c (0xff9ff06f)
core   0: 0x8000d564 (0x00003f17) auipc   t5, 0x3
core   0: 3 0x8000d564 (0x00003f17) x30 0x80010564
core   0: 0x8000d568 (0xa83f2e23) sw      gp, -1380(t5)
core   0: 3 0x8000d568 (0xa83f2e23) mem 0x80010000 0x00000001
core   0: 0x8000d56c (0xff9ff06f) j       pc - 0x8
core   0: 3 0x8000d56c (0xff9ff06f)
core   0: 0x8000d564 (0x00003f17) auipc   t5, 0x3
core   0: 3 0x8000d564 (0x00003f17) x30 0x80010564
core   0: 0x8000d568 (0xa83f2e23) sw      gp, -1380(t5)
core   0: 3 0x8000d568 (0xa83f2e23) mem 0x80010000 0x00000001
core   0: 0x8000d56c (0xff9ff06f) j       pc - 0x8
core   0: 3 0x8000d56c (0xff9ff06f)
core   0: 0x8000d564 (0x00003f17) auipc   t5, 0x3
core   0: 3 0x8000d564 (0x00003f17) x30 0x80010564
core   0: 0x8000d568 (0xa83f2e23) sw      gp, -1380(t5)
core   0: 3 0x8000d568 (0xa83f2e23) mem 0x80010000 0x00000001
core   0: 0x8000d56c (0xff9ff06f) j       pc - 0x8
core   0: 3 0x8000d56c (0xff9ff06f)
core   0: 0x8000d564 (0x00003f17) auipc   t5, 0x3
core   0: 3 0x8000d564 (0x00003f17) x30 0x80010564
core   0: 0x8000d568 (0xa83f2e23) sw      gp, -1380(t5)
core   0: 3 0x8000d568 (0xa83f2e23) mem 0x80010000 0x00000001
core   0: 0x8000d56c (0xff9ff06f) j       pc - 0x8
core   0: 3 0x8000d56c (0xff9ff06f)
core   0: 0x8000d564 (0x00003f17) auipc   t5, 0x3
core   0: 3 0x8000d564 (0x00003f17) x30 0x80010564
core   0: 0x8000d568 (0xa83f2e23) sw      gp, -1380(t5)
core   0: 3 0x8000d568 (0xa83f2e23) mem 0x80010000 0x00000001
core   0: 0x8000d56c (0xff9ff06f) j       pc - 0x8
core   0: 3 0x8000d56c (0xff9ff06f)
core   0: 0x8000d564 (0x00003f17) auipc   t5, 0x3
core   0: 3 0x8000d564 (0x00003f17) x30 0x80010564
core   0: 0x8000d568 (0xa83f2e23) sw      gp, -1380(t5)
core   0: 3 0x8000d568 (0xa83f2e23) mem 0x80010000 0x00000001
core   0: 0x8000d56c (0xff9ff06f) j       pc - 0x8
core   0: 3 0x8000d56c (0xff9ff06f)
core   0: 0x8000d564 (0x00003f17) auipc   t5, 0x3
core   0: 3 0x8000d564 (0x00003f17) x30 0x80010564
core   0: 0x8000d568 (0xa83f2e23) sw      gp, -1380(t5)
core   0: 3 0x8000d568 (0xa83f2e23) mem 0x80010000 0x00000001
core   0: 0x8000d56c (0xff9ff06f) j       pc - 0x8
core   0: 3 0x8000d56c (0xff9ff06f)
core   0: 0x8000d564 (0x00003f17) auipc   t5, 0x3
core   0: 3 0x8000d564 (0x00003f17) x30 0x80010564
core   0: 0x8000d568 (0xa83f2e23) sw      gp, -1380(t5)
core   0: 3 0x8000d568 (0xa83f2e23) mem 0x80010000 0x00000001
core   0: 0x8000d56c (0xff9ff06f) j       pc - 0x8
core   0: 3 0x8000d56c (0xff9ff06f)
core   0: 0x8000d564 (0x00003f17) auipc   t5, 0x3
core   0: 3 0x8000d564 (0x00003f17) x30 0x80010564
core   0: 0x8000d568 (0xa83f2e23) sw      gp, -1380(t5)
core   0: 3 0x8000d568 (0xa83f2e23) mem 0x80010000 0x00000001
core   0: 0x8000d56c (0xff9ff06f) j       pc - 0x8
core   0: 3 0x8000d56c (0xff9ff06f)
core   0: 0x8000d564 (0x00003f17) auipc   t5, 0x3
core   0: 3 0x8000d564 (0x00003f17) x30 0x80010564
core   0: 0x8000d568 (0xa83f2e23) sw      gp, -1380(t5)
core   0: 3 0x8000d568 (0xa83f2e23) mem 0x80010000 0x00000001
core   0: 0x8000d56c (0xff9ff06f) j       pc - 0x8
core   0: 3 0x8000d56c (0xff9ff06f)
core   0: 0x8000d564 (0x00003f17) auipc   t5, 0x3
core   0: 3 0x8000d564 (0x00003f17) x30 0x80010564
core   0: 0x8000d568 (0xa83f2e23) sw      gp, -1380(t5)
core   0: 3 0x8000d568 (0xa83f2e23) mem 0x80010000 0x00000001
core   0: 0x8000d56c (0xff9ff06f) j       pc - 0x8
core   0: 3 0x8000d56c (0xff9ff06f)
core   0: 0x8000d564 (0x00003f17) auipc   t5, 0x3
core   0: 3 0x8000d564 (0x00003f17) x30 0x80010564
core   0: 0x8000d568 (0xa83f2e23) sw      gp, -1380(t5)
core   0: 3 0x8000d568 (0xa83f2e23) mem 0x80010000 0x00000001
core   0: 0x8000d56c (0xff9ff06f) j       pc - 0x8
core   0: 3 0x8000d56c (0xff9ff06f)
core   0: 0x8000d564 (0x00003f17) auipc   t5, 0x3
core   0: 3 0x8000d564 (0x00003f17) x30 0x80010564
core   0: 0x8000d568 (0xa83f2e23) sw      gp, -1380(t5)
core   0: 3 0x8000d568 (0xa83f2e23) mem 0x80010000 0x00000001
core   0: 0x8000d56c (0xff9ff06f) j       pc - 0x8
core   0: 3 0x8000d56c (0xff9ff06f)
core   0: 0x8000d564 (0x00003f17) auipc   t5, 0x3
core   0: 3 0x8000d564 (0x00003f17) x30 0x80010564
core   0: 0x8000d568 (0xa83f2e23) sw      gp, -1380(t5)
core   0: 3 0x8000d568 (0xa83f2e23) mem 0x80010000 0x00000001
core   0: 0x8000d56c (0xff9ff06f) j       pc - 0x8
core   0: 3 0x8000d56c (0xff9ff06f)
core   0: 0x8000d564 (0x00003f17) auipc   t5, 0x3
core   0: 3 0x8000d564 (0x00003f17) x30 0x80010564
core   0: 0x8000d568 (0xa83f2e23) sw      gp, -1380(t5)
core   0: 3 0x8000d568 (0xa83f2e23) mem 0x80010000 0x00000001
core   0: 0x8000d56c (0xff9ff06f) j       pc - 0x8
core   0: 3 0x8000d56c (0xff9ff06f)
core   0: 0x8000d564 (0x00003f17) auipc   t5, 0x3
core   0: 3 0x8000d564 (0x00003f17) x30 0x80010564
core   0: 0x8000d568 (0xa83f2e23) sw      gp, -1380(t5)
core   0: 3 0x8000d568 (0xa83f2e23) mem 0x80010000 0x00000001
core   0: 0x8000d56c (0xff9ff06f) j       pc - 0x8
core   0: 3 0x8000d56c (0xff9ff06f)
core   0: 0x8000d564 (0x00003f17) auipc   t5, 0x3
core   0: 3 0x8000d564 (0x00003f17) x30 0x80010564
core   0: 0x8000d568 (0xa83f2e23) sw      gp, -1380(t5)
core   0: 3 0x8000d568 (0xa83f2e23) mem 0x80010000 0x00000001
core   0: 0x8000d56c (0xff9ff06f) j       pc - 0x8
core   0: 3 0x8000d56c (0xff9ff06f)
core   0: 0x8000d564 (0x00003f17) auipc   t5, 0x3
core   0: 3 0x8000d564 (0x00003f17) x30 0x80010564
core   0: 0x8000d568 (0xa83f2e23) sw      gp, -1380(t5)
core   0: 3 0x8000d568 (0xa83f2e23) mem 0x80010000 0x00000001
core   0: 0x8000d56c (0xff9ff06f) j       pc - 0x8
core   0: 3 0x8000d56c (0xff9ff06f)
core   0: 0x8000d564 (0x00003f17) auipc   t5, 0x3
core   0: 3 0x8000d564 (0x00003f17) x30 0x80010564
core   0: 0x8000d568 (0xa83f2e23) sw      gp, -1380(t5)
core   0: 3 0x8000d568 (0xa83f2e23) mem 0x80010000 0x00000001
core   0: 0x8000d56c (0xff9ff06f) j       pc - 0x8
core   0: 3 0x8000d56c (0xff9ff06f)
core   0: 0x8000d564 (0x00003f17) auipc   t5, 0x3
core   0: 3 0x8000d564 (0x00003f17) x30 0x80010564
core   0: 0x8000d568 (0xa83f2e23) sw      gp, -1380(t5)
core   0: 3 0x8000d568 (0xa83f2e23) mem 0x80010000 0x00000001
core   0: 0x8000d56c (0xff9ff06f) j       pc - 0x8
core   0: 3 0x8000d56c (0xff9ff06f)
core   0: 0x8000d564 (0x00003f17) auipc   t5, 0x3
core   0: 3 0x8000d564 (0x00003f17) x30 0x80010564
core   0: 0x8000d568 (0xa83f2e23) sw      gp, -1380(t5)
core   0: 3 0x8000d568 (0xa83f2e23) mem 0x80010000 0x00000001
core   0: 0x8000d56c (0xff9ff06f) j       pc - 0x8
core   0: 3 0x8000d56c (0xff9ff06f)
core   0: 0x8000d564 (0x00003f17) auipc   t5, 0x3
core   0: 3 0x8000d564 (0x00003f17) x30 0x80010564
core   0: 0x8000d568 (0xa83f2e23) sw      gp, -1380(t5)
core   0: 3 0x8000d568 (0xa83f2e23) mem 0x80010000 0x00000001
core   0: 0x8000d56c (0xff9ff06f) j       pc - 0x8
core   0: 3 0x8000d56c (0xff9ff06f)
core   0: 0x8000d564 (0x00003f17) auipc   t5, 0x3
core   0: 3 0x8000d564 (0x00003f17) x30 0x80010564
core   0: 0x8000d568 (0xa83f2e23) sw      gp, -1380(t5)
core   0: 3 0x8000d568 (0xa83f2e23) mem 0x80010000 0x00000001
core   0: 0x8000d56c (0xff9ff06f) j       pc - 0x8
core   0: 3 0x8000d56c (0xff9ff06f)
core   0: 0x8000d564 (0x00003f17) auipc   t5, 0x3
core   0: 3 0x8000d564 (0x00003f17) x30 0x80010564
core   0: 0x8000d568 (0xa83f2e23) sw      gp, -1380(t5)
core   0: 3 0x8000d568 (0xa83f2e23) mem 0x80010000 0x00000001
core   0: 0x8000d56c (0xff9ff06f) j       pc - 0x8
core   0: 3 0x8000d56c (0xff9ff06f)
core   0: 0x8000d564 (0x00003f17) auipc   t5, 0x3
core   0: 3 0x8000d564 (0x00003f17) x30 0x80010564
core   0: 0x8000d568 (0xa83f2e23) sw      gp, -1380(t5)
core   0: 3 0x8000d568 (0xa83f2e23) mem 0x80010000 0x00000001
core   0: 0x8000d56c (0xff9ff06f) j       pc - 0x8
core   0: 3 0x8000d56c (0xff9ff06f)
core   0: 0x8000d564 (0x00003f17) auipc   t5, 0x3
core   0: 3 0x8000d564 (0x00003f17) x30 0x80010564
core   0: 0x8000d568 (0xa83f2e23) sw      gp, -1380(t5)
core   0: 3 0x8000d568 (0xa83f2e23) mem 0x80010000 0x00000001
core   0: 0x8000d56c (0xff9ff06f) j       pc - 0x8
core   0: 3 0x8000d56c (0xff9ff06f)
core   0: 0x8000d564 (0x00003f17) auipc   t5, 0x3
core   0: 3 0x8000d564 (0x00003f17) x30 0x80010564
core   0: 0x8000d568 (0xa83f2e23) sw      gp, -1380(t5)
core   0: 3 0x8000d568 (0xa83f2e23) mem 0x80010000 0x00000001
core   0: 0x8000d56c (0xff9ff06f) j       pc - 0x8
core   0: 3 0x8000d56c (0xff9ff06f)
core   0: 0x8000d564 (0x00003f17) auipc   t5, 0x3
core   0: 3 0x8000d564 (0x00003f17) x30 0x80010564
core   0: 0x8000d568 (0xa83f2e23) sw      gp, -1380(t5)
core   0: 3 0x8000d568 (0xa83f2e23) mem 0x80010000 0x00000001
core   0: 0x8000d56c (0xff9ff06f) j       pc - 0x8
core   0: 3 0x8000d56c (0xff9ff06f)
core   0: 0x8000d564 (0x00003f17) auipc   t5, 0x3
core   0: 3 0x8000d564 (0x00003f17) x30 0x80010564
core   0: 0x8000d568 (0xa83f2e23) sw      gp, -1380(t5)
core   0: 3 0x8000d568 (0xa83f2e23) mem 0x80010000 0x00000001
core   0: 0x8000d56c (0xff9ff06f) j       pc - 0x8
core   0: 3 0x8000d56c (0xff9ff06f)
core   0: 0x8000d564 (0x00003f17) auipc   t5, 0x3
core   0: 3 0x8000d564 (0x00003f17) x30 0x80010564
core   0: 0x8000d568 (0xa83f2e23) sw      gp, -1380(t5)
core   0: 3 0x8000d568 (0xa83f2e23) mem 0x80010000 0x00000001
core   0: 0x8000d56c (0xff9ff06f) j       pc - 0x8
core   0: 3 0x8000d56c (0xff9ff06f)
core   0: 0x8000d564 (0x00003f17) auipc   t5, 0x3
core   0: 3 0x8000d564 (0x00003f17) x30 0x80010564
core   0: 0x8000d568 (0xa83f2e23) sw      gp, -1380(t5)
core   0: 3 0x8000d568 (0xa83f2e23) mem 0x80010000 0x00000001
core   0: 0x8000d56c (0xff9ff06f) j       pc - 0x8
core   0: 3 0x8000d56c (0xff9ff06f)
core   0: 0x8000d564 (0x00003f17) auipc   t5, 0x3
core   0: 3 0x8000d564 (0x00003f17) x30 0x80010564
core   0: 0x8000d568 (0xa83f2e23) sw      gp, -1380(t5)
core   0: 3 0x8000d568 (0xa83f2e23) mem 0x80010000 0x00000001
core   0: 0x8000d56c (0xff9ff06f) j       pc - 0x8
core   0: 3 0x8000d56c (0xff9ff06f)
core   0: 0x8000d564 (0x00003f17) auipc   t5, 0x3
core   0: 3 0x8000d564 (0x00003f17) x30 0x80010564
core   0: 0x8000d568 (0xa83f2e23) sw      gp, -1380(t5)
core   0: 3 0x8000d568 (0xa83f2e23) mem 0x80010000 0x00000001
core   0: 0x8000d56c (0xff9ff06f) j       pc - 0x8
core   0: 3 0x8000d56c (0xff9ff06f)
core   0: 0x8000d564 (0x00003f17) auipc   t5, 0x3
core   0: 3 0x8000d564 (0x00003f17) x30 0x80010564
core   0: 0x8000d568 (0xa83f2e23) sw      gp, -1380(t5)
core   0: 3 0x8000d568 (0xa83f2e23) mem 0x80010000 0x00000001
core   0: 0x8000d56c (0xff9ff06f) j       pc - 0x8
core   0: 3 0x8000d56c (0xff9ff06f)
core   0: 0x8000d564 (0x00003f17) auipc   t5, 0x3
core   0: 3 0x8000d564 (0x00003f17) x30 0x80010564
core   0: 0x8000d568 (0xa83f2e23) sw      gp, -1380(t5)
core   0: 3 0x8000d568 (0xa83f2e23) mem 0x80010000 0x00000001
core   0: 0x8000d56c (0xff9ff06f) j       pc - 0x8
core   0: 3 0x8000d56c (0xff9ff06f)
core   0: 0x8000d564 (0x00003f17) auipc   t5, 0x3
core   0: 3 0x8000d564 (0x00003f17) x30 0x80010564
core   0: 0x8000d568 (0xa83f2e23) sw      gp, -1380(t5)
core   0: 3 0x8000d568 (0xa83f2e23) mem 0x80010000 0x00000001
core   0: 0x8000d56c (0xff9ff06f) j       pc - 0x8
core   0: 3 0x8000d56c (0xff9ff06f)
core   0: 0x8000d564 (0x00003f17) auipc   t5, 0x3
core   0: 3 0x8000d564 (0x00003f17) x30 0x80010564
core   0: 0x8000d568 (0xa83f2e23) sw      gp, -1380(t5)
core   0: 3 0x8000d568 (0xa83f2e23) mem 0x80010000 0x00000001
core   0: 0x8000d56c (0xff9ff06f) j       pc - 0x8
core   0: 3 0x8000d56c (0xff9ff06f)
core   0: 0x8000d564 (0x00003f17) auipc   t5, 0x3
core   0: 3 0x8000d564 (0x00003f17) x30 0x80010564
core   0: 0x8000d568 (0xa83f2e23) sw      gp, -1380(t5)
core   0: 3 0x8000d568 (0xa83f2e23) mem 0x80010000 0x00000001
core   0: 0x8000d56c (0xff9ff06f) j       pc - 0x8
core   0: 3 0x8000d56c (0xff9ff06f)
core   0: 0x8000d564 (0x00003f17) auipc   t5, 0x3
core   0: 3 0x8000d564 (0x00003f17) x30 0x80010564
core   0: 0x8000d568 (0xa83f2e23) sw      gp, -1380(t5)
core   0: 3 0x8000d568 (0xa83f2e23) mem 0x80010000 0x00000001
core   0: 0x8000d56c (0xff9ff06f) j       pc - 0x8
core   0: 3 0x8000d56c (0xff9ff06f)
core   0: 0x8000d564 (0x00003f17) auipc   t5, 0x3
core   0: 3 0x8000d564 (0x00003f17) x30 0x80010564
core   0: 0x8000d568 (0xa83f2e23) sw      gp, -1380(t5)
core   0: 3 0x8000d568 (0xa83f2e23) mem 0x80010000 0x00000001
core   0: 0x8000d56c (0xff9ff06f) j       pc - 0x8
core   0: 3 0x8000d56c (0xff9ff06f)
core   0: 0x8000d564 (0x00003f17) auipc   t5, 0x3
core   0: 3 0x8000d564 (0x00003f17) x30 0x80010564
core   0: 0x8000d568 (0xa83f2e23) sw      gp, -1380(t5)
core   0: 3 0x8000d568 (0xa83f2e23) mem 0x80010000 0x00000001
core   0: 0x8000d56c (0xff9ff06f) j       pc - 0x8
core   0: 3 0x8000d56c (0xff9ff06f)
core   0: 0x8000d564 (0x00003f17) auipc   t5, 0x3
core   0: 3 0x8000d564 (0x00003f17) x30 0x80010564
core   0: 0x8000d568 (0xa83f2e23) sw      gp, -1380(t5)
core   0: 3 0x8000d568 (0xa83f2e23) mem 0x80010000 0x00000001
core   0: 0x8000d56c (0xff9ff06f) j       pc - 0x8
core   0: 3 0x8000d56c (0xff9ff06f)
core   0: 0x8000d564 (0x00003f17) auipc   t5, 0x3
core   0: 3 0x8000d564 (0x00003f17) x30 0x80010564
core   0: 0x8000d568 (0xa83f2e23) sw      gp, -1380(t5)
core   0: 3 0x8000d568 (0xa83f2e23) mem 0x80010000 0x00000001
core   0: 0x8000d56c (0xff9ff06f) j       pc - 0x8
core   0: 3 0x8000d56c (0xff9ff06f)
core   0: 0x8000d564 (0x00003f17) auipc   t5, 0x3
core   0: 3 0x8000d564 (0x00003f17) x30 0x80010564
core   0: 0x8000d568 (0xa83f2e23) sw      gp, -1380(t5)
core   0: 3 0x8000d568 (0xa83f2e23) mem 0x80010000 0x00000001
core   0: 0x8000d56c (0xff9ff06f) j       pc - 0x8
core   0: 3 0x8000d56c (0xff9ff06f)
core   0: 0x8000d564 (0x00003f17) auipc   t5, 0x3
core   0: 3 0x8000d564 (0x00003f17) x30 0x80010564
core   0: 0x8000d568 (0xa83f2e23) sw      gp, -1380(t5)
core   0: 3 0x8000d568 (0xa83f2e23) mem 0x80010000 0x00000001
core   0: 0x8000d56c (0xff9ff06f) j       pc - 0x8
core   0: 3 0x8000d56c (0xff9ff06f)
core   0: 0x8000d564 (0x00003f17) auipc   t5, 0x3
core   0: 3 0x8000d564 (0x00003f17) x30 0x80010564
core   0: 0x8000d568 (0xa83f2e23) sw      gp, -1380(t5)
core   0: 3 0x8000d568 (0xa83f2e23) mem 0x80010000 0x00000001
core   0: 0x8000d56c (0xff9ff06f) j       pc - 0x8
core   0: 3 0x8000d56c (0xff9ff06f)
core   0: 0x8000d564 (0x00003f17) auipc   t5, 0x3
core   0: 3 0x8000d564 (0x00003f17) x30 0x80010564
core   0: 0x8000d568 (0xa83f2e23) sw      gp, -1380(t5)
core   0: 3 0x8000d568 (0xa83f2e23) mem 0x80010000 0x00000001
core   0: 0x8000d56c (0xff9ff06f) j       pc - 0x8
core   0: 3 0x8000d56c (0xff9ff06f)
core   0: 0x8000d564 (0x00003f17) auipc   t5, 0x3
core   0: 3 0x8000d564 (0x00003f17) x30 0x80010564
core   0: 0x8000d568 (0xa83f2e23) sw      gp, -1380(t5)
core   0: 3 0x8000d568 (0xa83f2e23) mem 0x80010000 0x00000001
core   0: 0x8000d56c (0xff9ff06f) j       pc - 0x8
core   0: 3 0x8000d56c (0xff9ff06f)
core   0: 0x8000d564 (0x00003f17) auipc   t5, 0x3
core   0: 3 0x8000d564 (0x00003f17) x30 0x80010564
core   0: 0x8000d568 (0xa83f2e23) sw      gp, -1380(t5)
core   0: 3 0x8000d568 (0xa83f2e23) mem 0x80010000 0x00000001
core   0: 0x8000d56c (0xff9ff06f) j       pc - 0x8
core   0: 3 0x8000d56c (0xff9ff06f)
core   0: 0x8000d564 (0x00003f17) auipc   t5, 0x3
core   0: 3 0x8000d564 (0x00003f17) x30 0x80010564
core   0: 0x8000d568 (0xa83f2e23) sw      gp, -1380(t5)
core   0: 3 0x8000d568 (0xa83f2e23) mem 0x80010000 0x00000001
core   0: 0x8000d56c (0xff9ff06f) j       pc - 0x8
core   0: 3 0x8000d56c (0xff9ff06f)
core   0: 0x8000d564 (0x00003f17) auipc   t5, 0x3
core   0: 3 0x8000d564 (0x00003f17) x30 0x80010564
core   0: 0x8000d568 (0xa83f2e23) sw      gp, -1380(t5)
core   0: 3 0x8000d568 (0xa83f2e23) mem 0x80010000 0x00000001
core   0: 0x8000d56c (0xff9ff06f) j       pc - 0x8
core   0: 3 0x8000d56c (0xff9ff06f)
core   0: 0x8000d564 (0x00003f17) auipc   t5, 0x3
core   0: 3 0x8000d564 (0x00003f17) x30 0x80010564
core   0: 0x8000d568 (0xa83f2e23) sw      gp, -1380(t5)
core   0: 3 0x8000d568 (0xa83f2e23) mem 0x80010000 0x00000001
core   0: 0x8000d56c (0xff9ff06f) j       pc - 0x8
core   0: 3 0x8000d56c (0xff9ff06f)
core   0: 0x8000d564 (0x00003f17) auipc   t5, 0x3
core   0: 3 0x8000d564 (0x00003f17) x30 0x80010564
core   0: 0x8000d568 (0xa83f2e23) sw      gp, -1380(t5)
core   0: 3 0x8000d568 (0xa83f2e23) mem 0x80010000 0x00000001
core   0: 0x8000d56c (0xff9ff06f) j       pc - 0x8
core   0: 3 0x8000d56c (0xff9ff06f)
core   0: 0x8000d564 (0x00003f17) auipc   t5, 0x3
core   0: 3 0x8000d564 (0x00003f17) x30 0x80010564
core   0: 0x8000d568 (0xa83f2e23) sw      gp, -1380(t5)
core   0: 3 0x8000d568 (0xa83f2e23) mem 0x80010000 0x00000001
core   0: 0x8000d56c (0xff9ff06f) j       pc - 0x8
core   0: 3 0x8000d56c (0xff9ff06f)
core   0: 0x8000d564 (0x00003f17) auipc   t5, 0x3
core   0: 3 0x8000d564 (0x00003f17) x30 0x80010564
core   0: 0x8000d568 (0xa83f2e23) sw      gp, -1380(t5)
core   0: 3 0x8000d568 (0xa83f2e23) mem 0x80010000 0x00000001
core   0: 0x8000d56c (0xff9ff06f) j       pc - 0x8
core   0: 3 0x8000d56c (0xff9ff06f)
core   0: 0x8000d564 (0x00003f17) auipc   t5, 0x3
core   0: 3 0x8000d564 (0x00003f17) x30 0x80010564
core   0: 0x8000d568 (0xa83f2e23) sw      gp, -1380(t5)
core   0: 3 0x8000d568 (0xa83f2e23) mem 0x80010000 0x00000001
core   0: 0x8000d56c (0xff9ff06f) j       pc - 0x8
core   0: 3 0x8000d56c (0xff9ff06f)
core   0: 0x8000d564 (0x00003f17) auipc   t5, 0x3
core   0: 3 0x8000d564 (0x00003f17) x30 0x80010564
core   0: 0x8000d568 (0xa83f2e23) sw      gp, -1380(t5)
core   0: 3 0x8000d568 (0xa83f2e23) mem 0x80010000 0x00000001
core   0: 0x8000d56c (0xff9ff06f) j       pc - 0x8
core   0: 3 0x8000d56c (0xff9ff06f)
core   0: 0x8000d564 (0x00003f17) auipc   t5, 0x3
core   0: 3 0x8000d564 (0x00003f17) x30 0x80010564
core   0: 0x8000d568 (0xa83f2e23) sw      gp, -1380(t5)
core   0: 3 0x8000d568 (0xa83f2e23) mem 0x80010000 0x00000001
core   0: 0x8000d56c (0xff9ff06f) j       pc - 0x8
core   0: 3 0x8000d56c (0xff9ff06f)
core   0: 0x8000d564 (0x00003f17) auipc   t5, 0x3
core   0: 3 0x8000d564 (0x00003f17) x30 0x80010564
core   0: 0x8000d568 (0xa83f2e23) sw      gp, -1380(t5)
core   0: 3 0x8000d568 (0xa83f2e23) mem 0x80010000 0x00000001
core   0: 0x8000d56c (0xff9ff06f) j       pc - 0x8
core   0: 3 0x8000d56c (0xff9ff06f)
core   0: 0x8000d564 (0x00003f17) auipc   t5, 0x3
core   0: 3 0x8000d564 (0x00003f17) x30 0x80010564
core   0: 0x8000d568 (0xa83f2e23) sw      gp, -1380(t5)
core   0: 3 0x8000d568 (0xa83f2e23) mem 0x80010000 0x00000001
core   0: 0x8000d56c (0xff9ff06f) j       pc - 0x8
core   0: 3 0x8000d56c (0xff9ff06f)
core   0: 0x8000d564 (0x00003f17) auipc   t5, 0x3
core   0: 3 0x8000d564 (0x00003f17) x30 0x80010564
core   0: 0x8000d568 (0xa83f2e23) sw      gp, -1380(t5)
core   0: 3 0x8000d568 (0xa83f2e23) mem 0x80010000 0x00000001
core   0: 0x8000d56c (0xff9ff06f) j       pc - 0x8
core   0: 3 0x8000d56c (0xff9ff06f)
core   0: 0x8000d564 (0x00003f17) auipc   t5, 0x3
core   0: 3 0x8000d564 (0x00003f17) x30 0x80010564
core   0: 0x8000d568 (0xa83f2e23) sw      gp, -1380(t5)
core   0: 3 0x8000d568 (0xa83f2e23) mem 0x80010000 0x00000001
core   0: 0x8000d56c (0xff9ff06f) j       pc - 0x8
core   0: 3 0x8000d56c (0xff9ff06f)
core   0: 0x8000d564 (0x00003f17) auipc   t5, 0x3
core   0: 3 0x8000d564 (0x00003f17) x30 0x80010564
core   0: 0x8000d568 (0xa83f2e23) sw      gp, -1380(t5)
core   0: 3 0x8000d568 (0xa83f2e23) mem 0x80010000 0x00000001
core   0: 0x8000d56c (0xff9ff06f) j       pc - 0x8
core   0: 3 0x8000d56c (0xff9ff06f)
core   0: 0x8000d564 (0x00003f17) auipc   t5, 0x3
core   0: 3 0x8000d564 (0x00003f17) x30 0x80010564
core   0: 0x8000d568 (0xa83f2e23) sw      gp, -1380(t5)
core   0: 3 0x8000d568 (0xa83f2e23) mem 0x80010000 0x00000001
core   0: 0x8000d56c (0xff9ff06f) j       pc - 0x8
core   0: 3 0x8000d56c (0xff9ff06f)
core   0: 0x8000d564 (0x00003f17) auipc   t5, 0x3
core   0: 3 0x8000d564 (0x00003f17) x30 0x80010564
core   0: 0x8000d568 (0xa83f2e23) sw      gp, -1380(t5)
core   0: 3 0x8000d568 (0xa83f2e23) mem 0x80010000 0x00000001
core   0: 0x8000d56c (0xff9ff06f) j       pc - 0x8
core   0: 3 0x8000d56c (0xff9ff06f)
core   0: 0x8000d564 (0x00003f17) auipc   t5, 0x3
core   0: 3 0x8000d564 (0x00003f17) x30 0x80010564
core   0: 0x8000d568 (0xa83f2e23) sw      gp, -1380(t5)
core   0: 3 0x8000d568 (0xa83f2e23) mem 0x80010000 0x00000001
core   0: 0x8000d56c (0xff9ff06f) j       pc - 0x8
core   0: 3 0x8000d56c (0xff9ff06f)
core   0: 0x8000d564 (0x00003f17) auipc   t5, 0x3
core   0: 3 0x8000d564 (0x00003f17) x30 0x80010564
core   0: 0x8000d568 (0xa83f2e23) sw      gp, -1380(t5)
core   0: 3 0x8000d568 (0xa83f2e23) mem 0x80010000 0x00000001
core   0: 0x8000d56c (0xff9ff06f) j       pc - 0x8
core   0: 3 0x8000d56c (0xff9ff06f)
core   0: 0x8000d564 (0x00003f17) auipc   t5, 0x3
core   0: 3 0x8000d564 (0x00003f17) x30 0x80010564
core   0: 0x8000d568 (0xa83f2e23) sw      gp, -1380(t5)
core   0: 3 0x8000d568 (0xa83f2e23) mem 0x80010000 0x00000001
core   0: 0x8000d56c (0xff9ff06f) j       pc - 0x8
core   0: 3 0x8000d56c (0xff9ff06f)
core   0: 0x8000d564 (0x00003f17) auipc   t5, 0x3
core   0: 3 0x8000d564 (0x00003f17) x30 0x80010564
core   0: 0x8000d568 (0xa83f2e23) sw      gp, -1380(t5)
core   0: 3 0x8000d568 (0xa83f2e23) mem 0x80010000 0x00000001
core   0: 0x8000d56c (0xff9ff06f) j       pc - 0x8
core   0: 3 0x8000d56c (0xff9ff06f)
core   0: 0x8000d564 (0x00003f17) auipc   t5, 0x3
core   0: 3 0x8000d564 (0x00003f17) x30 0x80010564
core   0: 0x8000d568 (0xa83f2e23) sw      gp, -1380(t5)
core   0: 3 0x8000d568 (0xa83f2e23) mem 0x80010000 0x00000001
core   0: 0x8000d56c (0xff9ff06f) j       pc - 0x8
core   0: 3 0x8000d56c (0xff9ff06f)
core   0: 0x8000d564 (0x00003f17) auipc   t5, 0x3
core   0: 3 0x8000d564 (0x00003f17) x30 0x80010564
core   0: 0x8000d568 (0xa83f2e23) sw      gp, -1380(t5)
core   0: 3 0x8000d568 (0xa83f2e23) mem 0x80010000 0x00000001
core   0: 0x8000d56c (0xff9ff06f) j       pc - 0x8
core   0: 3 0x8000d56c (0xff9ff06f)
core   0: 0x8000d564 (0x00003f17) auipc   t5, 0x3
core   0: 3 0x8000d564 (0x00003f17) x30 0x80010564
core   0: 0x8000d568 (0xa83f2e23) sw      gp, -1380(t5)
core   0: 3 0x8000d568 (0xa83f2e23) mem 0x80010000 0x00000001
core   0: 0x8000d56c (0xff9ff06f) j       pc - 0x8
core   0: 3 0x8000d56c (0xff9ff06f)
core   0: 0x8000d564 (0x00003f17) auipc   t5, 0x3
core   0: 3 0x8000d564 (0x00003f17) x30 0x80010564
core   0: 0x8000d568 (0xa83f2e23) sw      gp, -1380(t5)
core   0: 3 0x8000d568 (0xa83f2e23) mem 0x80010000 0x00000001
core   0: 0x8000d56c (0xff9ff06f) j       pc - 0x8
core   0: 3 0x8000d56c (0xff9ff06f)
core   0: 0x8000d564 (0x00003f17) auipc   t5, 0x3
core   0: 3 0x8000d564 (0x00003f17) x30 0x80010564
core   0: 0x8000d568 (0xa83f2e23) sw      gp, -1380(t5)
core   0: 3 0x8000d568 (0xa83f2e23) mem 0x80010000 0x00000001
core   0: 0x8000d56c (0xff9ff06f) j       pc - 0x8
core   0: 3 0x8000d56c (0xff9ff06f)
core   0: 0x8000d564 (0x00003f17) auipc   t5, 0x3
core   0: 3 0x8000d564 (0x00003f17) x30 0x80010564
core   0: 0x8000d568 (0xa83f2e23) sw      gp, -1380(t5)
core   0: 3 0x8000d568 (0xa83f2e23) mem 0x80010000 0x00000001
core   0: 0x8000d56c (0xff9ff06f) j       pc - 0x8
core   0: 3 0x8000d56c (0xff9ff06f)
core   0: 0x8000d564 (0x00003f17) auipc   t5, 0x3
core   0: 3 0x8000d564 (0x00003f17) x30 0x80010564
core   0: 0x8000d568 (0xa83f2e23) sw      gp, -1380(t5)
core   0: 3 0x8000d568 (0xa83f2e23) mem 0x80010000 0x00000001
core   0: 0x8000d56c (0xff9ff06f) j       pc - 0x8
core   0: 3 0x8000d56c (0xff9ff06f)
core   0: 0x8000d564 (0x00003f17) auipc   t5, 0x3
core   0: 3 0x8000d564 (0x00003f17) x30 0x80010564
core   0: 0x8000d568 (0xa83f2e23) sw      gp, -1380(t5)
core   0: 3 0x8000d568 (0xa83f2e23) mem 0x80010000 0x00000001
core   0: 0x8000d56c (0xff9ff06f) j       pc - 0x8
core   0: 3 0x8000d56c (0xff9ff06f)
core   0: 0x8000d564 (0x00003f17) auipc   t5, 0x3
core   0: 3 0x8000d564 (0x00003f17) x30 0x80010564
core   0: 0x8000d568 (0xa83f2e23) sw      gp, -1380(t5)
core   0: 3 0x8000d568 (0xa83f2e23) mem 0x80010000 0x00000001
core   0: 0x8000d56c (0xff9ff06f) j       pc - 0x8
core   0: 3 0x8000d56c (0xff9ff06f)
core   0: 0x8000d564 (0x00003f17) auipc   t5, 0x3
core   0: 3 0x8000d564 (0x00003f17) x30 0x80010564
core   0: 0x8000d568 (0xa83f2e23) sw      gp, -1380(t5)
core   0: 3 0x8000d568 (0xa83f2e23) mem 0x80010000 0x00000001
core   0: 0x8000d56c (0xff9ff06f) j       pc - 0x8
core   0: 3 0x8000d56c (0xff9ff06f)
core   0: 0x8000d564 (0x00003f17) auipc   t5, 0x3
core   0: 3 0x8000d564 (0x00003f17) x30 0x80010564
core   0: 0x8000d568 (0xa83f2e23) sw      gp, -1380(t5)
core   0: 3 0x8000d568 (0xa83f2e23) mem 0x80010000 0x00000001
core   0: 0x8000d56c (0xff9ff06f) j       pc - 0x8
core   0: 3 0x8000d56c (0xff9ff06f)
core   0: 0x8000d564 (0x00003f17) auipc   t5, 0x3
core   0: 3 0x8000d564 (0x00003f17) x30 0x80010564
core   0: 0x8000d568 (0xa83f2e23) sw      gp, -1380(t5)
core   0: 3 0x8000d568 (0xa83f2e23) mem 0x80010000 0x00000001
core   0: 0x8000d56c (0xff9ff06f) j       pc - 0x8
core   0: 3 0x8000d56c (0xff9ff06f)
core   0: 0x8000d564 (0x00003f17) auipc   t5, 0x3
core   0: 3 0x8000d564 (0x00003f17) x30 0x80010564
core   0: 0x8000d568 (0xa83f2e23) sw      gp, -1380(t5)
core   0: 3 0x8000d568 (0xa83f2e23) mem 0x80010000 0x00000001
core   0: 0x8000d56c (0xff9ff06f) j       pc - 0x8
core   0: 3 0x8000d56c (0xff9ff06f)
core   0: 0x8000d564 (0x00003f17) auipc   t5, 0x3
core   0: 3 0x8000d564 (0x00003f17) x30 0x80010564
core   0: 0x8000d568 (0xa83f2e23) sw      gp, -1380(t5)
core   0: 3 0x8000d568 (0xa83f2e23) mem 0x80010000 0x00000001
core   0: 0x8000d56c (0xff9ff06f) j       pc - 0x8
core   0: 3 0x8000d56c (0xff9ff06f)
core   0: 0x8000d564 (0x00003f17) auipc   t5, 0x3
core   0: 3 0x8000d564 (0x00003f17) x30 0x80010564
core   0: 0x8000d568 (0xa83f2e23) sw      gp, -1380(t5)
core   0: 3 0x8000d568 (0xa83f2e23) mem 0x80010000 0x00000001
core   0: 0x8000d56c (0xff9ff06f) j       pc - 0x8
core   0: 3 0x8000d56c (0xff9ff06f)
core   0: 0x8000d564 (0x00003f17) auipc   t5, 0x3
core   0: 3 0x8000d564 (0x00003f17) x30 0x80010564
core   0: 0x8000d568 (0xa83f2e23) sw      gp, -1380(t5)
core   0: 3 0x8000d568 (0xa83f2e23) mem 0x80010000 0x00000001
core   0: 0x8000d56c (0xff9ff06f) j       pc - 0x8
core   0: 3 0x8000d56c (0xff9ff06f)
core   0: 0x8000d564 (0x00003f17) auipc   t5, 0x3
core   0: 3 0x8000d564 (0x00003f17) x30 0x80010564
core   0: 0x8000d568 (0xa83f2e23) sw      gp, -1380(t5)
core   0: 3 0x8000d568 (0xa83f2e23) mem 0x80010000 0x00000001
core   0: 0x8000d56c (0xff9ff06f) j       pc - 0x8
core   0: 3 0x8000d56c (0xff9ff06f)
core   0: 0x8000d564 (0x00003f17) auipc   t5, 0x3
core   0: 3 0x8000d564 (0x00003f17) x30 0x80010564
core   0: 0x8000d568 (0xa83f2e23) sw      gp, -1380(t5)
core   0: 3 0x8000d568 (0xa83f2e23) mem 0x80010000 0x00000001
core   0: 0x8000d56c (0xff9ff06f) j       pc - 0x8
core   0: 3 0x8000d56c (0xff9ff06f)
core   0: 0x8000d564 (0x00003f17) auipc   t5, 0x3
core   0: 3 0x8000d564 (0x00003f17) x30 0x80010564
core   0: 0x8000d568 (0xa83f2e23) sw      gp, -1380(t5)
core   0: 3 0x8000d568 (0xa83f2e23) mem 0x80010000 0x00000001
core   0: 0x8000d56c (0xff9ff06f) j       pc - 0x8
core   0: 3 0x8000d56c (0xff9ff06f)
core   0: 0x8000d564 (0x00003f17) auipc   t5, 0x3
core   0: 3 0x8000d564 (0x00003f17) x30 0x80010564
core   0: 0x8000d568 (0xa83f2e23) sw      gp, -1380(t5)
core   0: 3 0x8000d568 (0xa83f2e23) mem 0x80010000 0x00000001
core   0: 0x8000d56c (0xff9ff06f) j       pc - 0x8
core   0: 3 0x8000d56c (0xff9ff06f)
core   0: 0x8000d564 (0x00003f17) auipc   t5, 0x3
core   0: 3 0x8000d564 (0x00003f17) x30 0x80010564
core   0: 0x8000d568 (0xa83f2e23) sw      gp, -1380(t5)
core   0: 3 0x8000d568 (0xa83f2e23) mem 0x80010000 0x00000001
core   0: 0x8000d56c (0xff9ff06f) j       pc - 0x8
core   0: 3 0x8000d56c (0xff9ff06f)
core   0: 0x8000d564 (0x00003f17) auipc   t5, 0x3
core   0: 3 0x8000d564 (0x00003f17) x30 0x80010564
core   0: 0x8000d568 (0xa83f2e23) sw      gp, -1380(t5)
core   0: 3 0x8000d568 (0xa83f2e23) mem 0x80010000 0x00000001
core   0: 0x8000d56c (0xff9ff06f) j       pc - 0x8
core   0: 3 0x8000d56c (0xff9ff06f)
core   0: 0x8000d564 (0x00003f17) auipc   t5, 0x3
core   0: 3 0x8000d564 (0x00003f17) x30 0x80010564
core   0: 0x8000d568 (0xa83f2e23) sw      gp, -1380(t5)
core   0: 3 0x8000d568 (0xa83f2e23) mem 0x80010000 0x00000001
core   0: 0x8000d56c (0xff9ff06f) j       pc - 0x8
core   0: 3 0x8000d56c (0xff9ff06f)
core   0: 0x8000d564 (0x00003f17) auipc   t5, 0x3
core   0: 3 0x8000d564 (0x00003f17) x30 0x80010564
core   0: 0x8000d568 (0xa83f2e23) sw      gp, -1380(t5)
core   0: 3 0x8000d568 (0xa83f2e23) mem 0x80010000 0x00000001
core   0: 0x8000d56c (0xff9ff06f) j       pc - 0x8
core   0: 3 0x8000d56c (0xff9ff06f)
core   0: 0x8000d564 (0x00003f17) auipc   t5, 0x3
core   0: 3 0x8000d564 (0x00003f17) x30 0x80010564
core   0: 0x8000d568 (0xa83f2e23) sw      gp, -1380(t5)
core   0: 3 0x8000d568 (0xa83f2e23) mem 0x80010000 0x00000001
core   0: 0x8000d56c (0xff9ff06f) j       pc - 0x8
core   0: 3 0x8000d56c (0xff9ff06f)
core   0: 0x8000d564 (0x00003f17) auipc   t5, 0x3
core   0: 3 0x8000d564 (0x00003f17) x30 0x80010564
core   0: 0x8000d568 (0xa83f2e23) sw      gp, -1380(t5)
core   0: 3 0x8000d568 (0xa83f2e23) mem 0x80010000 0x00000001
core   0: 0x8000d56c (0xff9ff06f) j       pc - 0x8
core   0: 3 0x8000d56c (0xff9ff06f)
core   0: 0x8000d564 (0x00003f17) auipc   t5, 0x3
core   0: 3 0x8000d564 (0x00003f17) x30 0x80010564
core   0: 0x8000d568 (0xa83f2e23) sw      gp, -1380(t5)
core   0: 3 0x8000d568 (0xa83f2e23) mem 0x80010000 0x00000001
core   0: 0x8000d56c (0xff9ff06f) j       pc - 0x8
core   0: 3 0x8000d56c (0xff9ff06f)
core   0: 0x8000d564 (0x00003f17) auipc   t5, 0x3
core   0: 3 0x8000d564 (0x00003f17) x30 0x80010564
core   0: 0x8000d568 (0xa83f2e23) sw      gp, -1380(t5)
core   0: 3 0x8000d568 (0xa83f2e23) mem 0x80010000 0x00000001
core   0: 0x8000d56c (0xff9ff06f) j       pc - 0x8
core   0: 3 0x8000d56c (0xff9ff06f)
core   0: 0x8000d564 (0x00003f17) auipc   t5, 0x3
core   0: 3 0x8000d564 (0x00003f17) x30 0x80010564
core   0: 0x8000d568 (0xa83f2e23) sw      gp, -1380(t5)
core   0: 3 0x8000d568 (0xa83f2e23) mem 0x80010000 0x00000001
core   0: 0x8000d56c (0xff9ff06f) j       pc - 0x8
core   0: 3 0x8000d56c (0xff9ff06f)
core   0: 0x8000d564 (0x00003f17) auipc   t5, 0x3
core   0: 3 0x8000d564 (0x00003f17) x30 0x80010564
core   0: 0x8000d568 (0xa83f2e23) sw      gp, -1380(t5)
core   0: 3 0x8000d568 (0xa83f2e23) mem 0x80010000 0x00000001
