core   0: 0x00001000 (0x00000297) auipc   t0, 0x0
core   0: 3 0x00001000 (0x00000297) x 5 0x00001000
core   0: 0x00001004 (0x02028593) addi    a1, t0, 32
core   0: 3 0x00001004 (0x02028593) x11 0x00001020
core   0: 0x00001008 (0xf1402573) csrr    a0, mhartid
core   0: 3 0x00001008 (0xf1402573) x10 0x00000000
core   0: 0x0000100c (0x0182a283) lw      t0, 24(t0)
core   0: 3 0x0000100c (0x0182a283) x 5 0x80000000 mem 0x00001018
core   0: 0x00001010 (0x00028067) jr      t0
core   0: 3 0x00001010 (0x00028067)
core   0: 0x80000000 (0xf14022f3) csrr    t0, mhartid
core   0: 3 0x80000000 (0xf14022f3) x 5 0x00000000
core   0: 0x80000004 (0x00000313) li      t1, 0
core   0: 3 0x80000004 (0x00000313) x 6 0x00000000
core   0: 0x80000008 (0x00628263) beq     t0, t1, pc + 4
core   0: 3 0x80000008 (0x00628263)
core   0: 0x8000000c (0x00000617) auipc   a2, 0x0
core   0: 3 0x8000000c (0x00000617) x12 0x8000000c
core   0: 0x80000010 (0x00c60613) addi    a2, a2, 12
core   0: 3 0x80000010 (0x00c60613) x12 0x80000018
core   0: 0x80000014 (0x00060067) jr      a2
core   0: 3 0x80000014 (0x00060067)
core   0: 0x80000018 (0x40001cb7) lui     s9, 0x40001
core   0: 3 0x80000018 (0x40001cb7) x25 0x40001000
core   0: 0x8000001c (0x104c8c93) addi    s9, s9, 260
core   0: 3 0x8000001c (0x104c8c93) x25 0x40001104
core   0: 0x80000020 (0x301c9073) csrw    misa, s9
core   0: 3 0x80000020 (0x301c9073) c769_misa 0x40141100
core   0: 0x80000024 (0x00019117) auipc   sp, 0x19
core   0: 3 0x80000024 (0x00019117) x 2 0x80019024
core   0: 0x80000028 (0xcc010113) addi    sp, sp, -832
core   0: 3 0x80000028 (0xcc010113) x 2 0x80018ce4
core   0: 0x8000002c (0x0000ac97) auipc   s9, 0xa
core   0: 3 0x8000002c (0x0000ac97) x25 0x8000a02c
core   0: 0x80000030 (0x764c8c93) addi    s9, s9, 1892
core   0: 3 0x80000030 (0x764c8c93) x25 0x8000a790
core   0: 0x80000034 (0x001cec93) ori     s9, s9, 1
core   0: 3 0x80000034 (0x001cec93) x25 0x8000a791
core   0: 0x80000038 (0x305c9073) csrw    mtvec, s9
core   0: 3 0x80000038 (0x305c9073) c773_mtvec 0x8000a791
core   0: 0x8000003c (0x00000c97) auipc   s9, 0x0
core   0: 3 0x8000003c (0x00000c97) x25 0x8000003c
core   0: 0x80000040 (0x028c8c93) addi    s9, s9, 40
core   0: 3 0x80000040 (0x028c8c93) x25 0x80000064
core   0: 0x80000044 (0x341c9073) csrw    mepc, s9
core   0: 3 0x80000044 (0x341c9073) c833_mepc 0x80000064
core   0: 0x80000048 (0x00000013) nop
core   0: 3 0x80000048 (0x00000013)
core   0: 0x8000004c (0x00002cb7) lui     s9, 0x2
core   0: 3 0x8000004c (0x00002cb7) x25 0x00002000
core   0: 0x80000050 (0x800c8c93) addi    s9, s9, -2048
core   0: 3 0x80000050 (0x800c8c93) x25 0x00001800
core   0: 0x80000054 (0x300c9073) csrw    mstatus, s9
core   0: 3 0x80000054 (0x300c9073) c768_mstatus 0x00001800
core   0: 0x80000058 (0x00000c93) li      s9, 0
core   0: 3 0x80000058 (0x00000c93) x25 0x00000000
core   0: 0x8000005c (0x304c9073) csrw    mie, s9
core   0: 3 0x8000005c (0x304c9073) c772_mie 0x00000000
core   0: 0x80000060 (0x30200073) mret
core   0: 3 0x80000060 (0x30200073) c768_mstatus 0x00000080
core   0: >>>>  init
core   0: 0x80000064 (0x00b00013) li      zero, 11
core   0: 3 0x80000064 (0x00b00013)
core   0: 0x80000068 (0x00000093) li      ra, 0
core   0: 3 0x80000068 (0x00000093) x 1 0x00000000
core   0: 0x8000006c (0xff96d1b7) lui     gp, 0xff96d
core   0: 3 0x8000006c (0xff96d1b7) x 3 0xff96d000
core   0: 0x80000070 (0xb3f18193) addi    gp, gp, -1217
core   0: 3 0x80000070 (0xb3f18193) x 3 0xff96cb3f
core   0: 0x80000074 (0x00000213) li      tp, 0
core   0: 3 0x80000074 (0x00000213) x 4 0x00000000
core   0: 0x80000078 (0x800002b7) lui     t0, 0x80000
core   0: 3 0x80000078 (0x800002b7) x 5 0x80000000
core   0: 0x8000007c (0x00200313) li      t1, 2
core   0: 3 0x8000007c (0x00200313) x 6 0x00000002
core   0: 0x80000080 (0x587af3b7) lui     t2, 0x587af
core   0: 3 0x80000080 (0x587af3b7) x 7 0x587af000
core   0: 0x80000084 (0xdc038393) addi    t2, t2, -576
core   0: 3 0x80000084 (0xdc038393) x 7 0x587aedc0
core   0: 0x80000088 (0x2b84b437) lui     s0, 0x2b84b
core   0: 3 0x80000088 (0x2b84b437) x 8 0x2b84b000
core   0: 0x8000008c (0x36740413) addi    s0, s0, 871
core   0: 3 0x8000008c (0x36740413) x 8 0x2b84b367
core   0: 0x80000090 (0xfd4ea4b7) lui     s1, 0xfd4ea
core   0: 3 0x80000090 (0xfd4ea4b7) x 9 0xfd4ea000
core   0: 0x80000094 (0x33a48493) addi    s1, s1, 826
core   0: 3 0x80000094 (0x33a48493) x 9 0xfd4ea33a
core   0: 0x80000098 (0x00500513) li      a0, 5
core   0: 3 0x80000098 (0x00500513) x10 0x00000005
core   0: 0x8000009c (0x00100593) li      a1, 1
core   0: 3 0x8000009c (0x00100593) x11 0x00000001
core   0: 0x800000a0 (0xf0190637) lui     a2, 0xf0190
core   0: 3 0x800000a0 (0xf0190637) x12 0xf0190000
core   0: 0x800000a4 (0xb6060613) addi    a2, a2, -1184
core   0: 3 0x800000a4 (0xb6060613) x12 0xf018fb60
core   0: 0x800000a8 (0x00000693) li      a3, 0
core   0: 3 0x800000a8 (0x00000693) x13 0x00000000
core   0: 0x800000ac (0x95795737) lui     a4, 0x95795
core   0: 3 0x800000ac (0x95795737) x14 0x95795000
core   0: 0x800000b0 (0x83a70713) addi    a4, a4, -1990
core   0: 3 0x800000b0 (0x83a70713) x14 0x9579483a
core   0: 0x800000b4 (0x101e37b7) lui     a5, 0x101e3
core   0: 3 0x800000b4 (0x101e37b7) x15 0x101e3000
core   0: 0x800000b8 (0x53078793) addi    a5, a5, 1328
core   0: 3 0x800000b8 (0x53078793) x15 0x101e3530
core   0: 0x800000bc (0x80000837) lui     a6, 0x80000
core   0: 3 0x800000bc (0x80000837) x16 0x80000000
core   0: 0x800000c0 (0x00000893) li      a7, 0
core   0: 3 0x800000c0 (0x00000893) x17 0x00000000
core   0: 0x800000c4 (0x80000937) lui     s2, 0x80000
core   0: 3 0x800000c4 (0x80000937) x18 0x80000000
core   0: 0x800000c8 (0xf32049b7) lui     s3, 0xf3204
core   0: 3 0x800000c8 (0xf32049b7) x19 0xf3204000
core   0: 0x800000cc (0xe6698993) addi    s3, s3, -410
core   0: 3 0x800000cc (0xe6698993) x19 0xf3203e66
core   0: 0x800000d0 (0xfce1aa37) lui     s4, 0xfce1a
core   0: 3 0x800000d0 (0xfce1aa37) x20 0xfce1a000
core   0: 0x800000d4 (0x8b9a0a13) addi    s4, s4, -1863
core   0: 3 0x800000d4 (0x8b9a0a13) x20 0xfce198b9
core   0: 0x800000d8 (0x0db1ab37) lui     s6, 0xdb1a
core   0: 3 0x800000d8 (0x0db1ab37) x22 0x0db1a000
core   0: 0x800000dc (0x31bb0b13) addi    s6, s6, 795
core   0: 3 0x800000dc (0x31bb0b13) x22 0x0db1a31b
core   0: 0x800000e0 (0x00f00b93) li      s7, 15
core   0: 3 0x800000e0 (0x00f00b93) x23 0x0000000f
core   0: 0x800000e4 (0x00100c13) li      s8, 1
core   0: 3 0x800000e4 (0x00100c13) x24 0x00000001
core   0: 0x800000e8 (0x00100c93) li      s9, 1
core   0: 3 0x800000e8 (0x00100c93) x25 0x00000001
core   0: 0x800000ec (0xf56a8d37) lui     s10, 0xf56a8
core   0: 3 0x800000ec (0xf56a8d37) x26 0xf56a8000
core   0: 0x800000f0 (0x1ead0d13) addi    s10, s10, 490
core   0: 3 0x800000f0 (0x1ead0d13) x26 0xf56a81ea
core   0: 0x800000f4 (0x00c00d93) li      s11, 12
core   0: 3 0x800000f4 (0x00c00d93) x27 0x0000000c
core   0: 0x800000f8 (0x00000e13) li      t3, 0
core   0: 3 0x800000f8 (0x00000e13) x28 0x00000000
core   0: 0x800000fc (0xfed47eb7) lui     t4, 0xfed47
core   0: 3 0x800000fc (0xfed47eb7) x29 0xfed47000
core   0: 0x80000100 (0x8bde8e93) addi    t4, t4, -1859
core   0: 3 0x80000100 (0x8bde8e93) x29 0xfed468bd
core   0: 0x80000104 (0x80000f37) lui     t5, 0x80000
core   0: 3 0x80000104 (0x80000f37) x30 0x80000000
core   0: 0x80000108 (0x80000fb7) lui     t6, 0x80000
core   0: 3 0x80000108 (0x80000fb7) x31 0x80000000
core   0: 0x8000010c (0x00015a97) auipc   s5, 0x15
core   0: 3 0x8000010c (0x00015a97) x21 0x8001510c
core   0: 0x80000110 (0xd58a8a93) addi    s5, s5, -680
core   0: 3 0x80000110 (0xd58a8a93) x21 0x80014e64
core   0: 0x80000114 (0x01ace2b3) or      t0, s9, s10
core   0: 3 0x80000114 (0x01ace2b3) x 5 0xf56a81eb
core   0: 0x80000118 (0x01c38a33) add     s4, t2, t3
core   0: 3 0x80000118 (0x01c38a33) x20 0x587aedc0
core   0: 0x8000011c (0x02246533) rem     a0, s0, sp
core   0: 3 0x8000011c (0x02246533) x10 0x2b84b367
core   0: 0x80000120 (0x03e6e533) rem     a0, a3, t5
core   0: 3 0x80000120 (0x03e6e533) x10 0x00000000
core   0: 0x80000124 (0x00000013) nop
core   0: 3 0x80000124 (0x00000013)
core   0: 0x80000128 (0x01f21033) sll     zero, tp, t6
core   0: 3 0x80000128 (0x01f21033)
core   0: 0x8000012c (0x2db73b13) sltiu   s6, a4, 731
core   0: 3 0x8000012c (0x2db73b13) x22 0x00000000
core   0: 0x80000130 (0x00719213) slli    tp, gp, 7
core   0: 3 0x80000130 (0x00719213) x 4 0xcb659f80
core   0: 0x80000134 (0xc36a0b93) addi    s7, s4, -970
core   0: 3 0x80000134 (0xc36a0b93) x23 0x587ae9f6
core   0: 0x80000138 (0x00b05813) srli    a6, zero, 11
core   0: 3 0x80000138 (0x00b05813) x16 0x00000000
core   0: 0x8000013c (0x03a0cf33) div     t5, ra, s10
core   0: 3 0x8000013c (0x03a0cf33) x30 0x00000000
core   0: 0x80000140 (0x9cabc2b7) lui     t0, 0x9cabc
core   0: 3 0x80000140 (0x9cabc2b7) x 5 0x9cabc000
core   0: 0x80000144 (0xb23bf793) andi    a5, s7, -1245
core   0: 3 0x80000144 (0xb23bf793) x15 0x587ae922
core   0: 0x80000148 (0xe310b813) sltiu   a6, ra, -463
core   0: 3 0x80000148 (0xe310b813) x16 0x00000001
core   0: 0x8000014c (0x019fbe33) sltu    t3, t6, s9
core   0: 3 0x8000014c (0x019fbe33) x28 0x00000000
core   0: 0x80000150 (0x01fd9eb3) sll     t4, s11, t6
core   0: 3 0x80000150 (0x01fd9eb3) x29 0x0000000c
core   0: 0x80000154 (0xbbbf7713) andi    a4, t5, -1093
core   0: 3 0x80000154 (0xbbbf7713) x14 0x00000000
core   0: 0x80000158 (0x41ff52b3) sra     t0, t5, t6
core   0: 3 0x80000158 (0x41ff52b3) x 5 0x00000000
core   0: 0x8000015c (0x008fc433) xor     s0, t6, s0
core   0: 3 0x8000015c (0x008fc433) x 8 0xab84b367
core   0: 0x80000160 (0x03d3bdb3) mulhu   s11, t2, t4
core   0: 3 0x80000160 (0x03d3bdb3) x27 0x00000004
core   0: 0x80000164 (0x5d22ce37) lui     t3, 0x5d22c
core   0: 3 0x80000164 (0x5d22ce37) x28 0x5d22c000
core   0: 0x80000168 (0x00000013) nop
core   0: 3 0x80000168 (0x00000013)
core   0: 0x8000016c (0xa490e913) ori     s2, ra, -1463
core   0: 3 0x8000016c (0xa490e913) x18 0xfffffa49
core   0: 0x80000170 (0x009773b3) and     t2, a4, s1
core   0: 3 0x80000170 (0x009773b3) x 7 0x00000000
core   0: 0x80000174 (0x01611d33) sll     s10, sp, s6
core   0: 3 0x80000174 (0x01611d33) x26 0x80018ce4
core   0: 0x80000178 (0x00000013) nop
core   0: 3 0x80000178 (0x00000013)
core   0: 0x8000017c (0x01cf6f33) or      t5, t5, t3
core   0: 3 0x8000017c (0x01cf6f33) x30 0x5d22c000
core   0: 0x80000180 (0x0097d893) srli    a7, a5, 9
core   0: 3 0x80000180 (0x0097d893) x17 0x002c3d74
core   0: 0x80000184 (0x402bdf13) srai    t5, s7, 2
core   0: 3 0x80000184 (0x402bdf13) x30 0x161eba7d
core   0: 0x80000188 (0x01378f33) add     t5, a5, s3
core   0: 3 0x80000188 (0x01378f33) x30 0x4b9b2788
core   0: 0x8000018c (0x409082b3) sub     t0, ra, s1
core   0: 3 0x8000018c (0x409082b3) x 5 0x02b15cc6
core   0: 0x80000190 (0x04fffa17) auipc   s4, 0x4fff
core   0: 3 0x80000190 (0x04fffa17) x20 0x84fff190
core   0: 0x80000194 (0x01f09d93) slli    s11, ra, 31
core   0: 3 0x80000194 (0x01f09d93) x27 0x00000000
core   0: 0x80000198 (0xd898b313) sltiu   t1, a7, -631
core   0: 3 0x80000198 (0xd898b313) x 6 0x00000001
core   0: 0x8000019c (0x0311f733) remu    a4, gp, a7
core   0: 3 0x8000019c (0x0311f733) x14 0x002bff87
core   0: 0x800001a0 (0x01f951b3) srl     gp, s2, t6
core   0: 3 0x800001a0 (0x01f951b3) x 3 0xfffffa49
core   0: 0x800001a4 (0x00eded33) or      s10, s11, a4
core   0: 3 0x800001a4 (0x00eded33) x26 0x002bff87
core   0: 0x800001a8 (0x552a3013) sltiu   zero, s4, 1362
core   0: 3 0x800001a8 (0x552a3013)
core   0: 0x800001ac (0x02f725b3) mulhsu  a1, a4, a5
core   0: 3 0x800001ac (0x02f725b3) x11 0x000f34f6
core   0: 0x800001b0 (0x09f01cb7) lui     s9, 0x9f01
core   0: 3 0x800001b0 (0x09f01cb7) x25 0x09f01000
core   0: 0x800001b4 (0x019b95b3) sll     a1, s7, s9
core   0: 3 0x800001b4 (0x019b95b3) x11 0x587ae9f6
core   0: 0x800001b8 (0x018ad893) srli    a7, s5, 24
core   0: 3 0x800001b8 (0x018ad893) x17 0x00000080
core   0: 0x800001bc (0xc07c8593) addi    a1, s9, -1017
core   0: 3 0x800001bc (0xc07c8593) x11 0x09f00c07
core   0: 0x800001c0 (0x41268733) sub     a4, a3, s2
core   0: 3 0x800001c0 (0x41268733) x14 0x000005b7
core   0: 0x800001c4 (0x401605b3) sub     a1, a2, ra
core   0: 3 0x800001c4 (0x401605b3) x11 0xf018fb60
core   0: 0x800001c8 (0x034b21b3) mulhsu  gp, s6, s4
core   0: 3 0x800001c8 (0x034b21b3) x 3 0x00000000
core   0: 0x800001cc (0x40bbde33) sra     t3, s7, a1
core   0: 3 0x800001cc (0x40bbde33) x28 0x587ae9f6
core   0: 0x800001d0 (0x00ab3833) sltu    a6, s6, a0
core   0: 3 0x800001d0 (0x00ab3833) x16 0x00000000
core   0: 0x800001d4 (0x75618317) auipc   t1, 0x75618
core   0: 3 0x800001d4 (0x75618317) x 6 0xf56181d4
core   0: 0x800001d8 (0x025dcfb3) div     t6, s11, t0
core   0: 3 0x800001d8 (0x025dcfb3) x31 0x00000000
core   0: 0x800001dc (0x7f65c017) auipc   zero, 0x7f65c
core   0: 3 0x800001dc (0x7f65c017)
core   0: 0x800001e0 (0x0067cc33) xor     s8, a5, t1
core   0: 3 0x800001e0 (0x0067cc33) x24 0xad1b68f6
core   0: 0x800001e4 (0x62052e13) slti    t3, a0, 1568
core   0: 3 0x800001e4 (0x62052e13) x28 0x00000001
core   0: 0x800001e8 (0x01751e33) sll     t3, a0, s7
core   0: 3 0x800001e8 (0x01751e33) x28 0x00000000
core   0: 0x800001ec (0x199553b7) lui     t2, 0x19955
core   0: 3 0x800001ec (0x199553b7) x 7 0x19955000
core   0: 0x800001f0 (0x03e28733) mul     a4, t0, t5
core   0: 3 0x800001f0 (0x03e28733) x14 0xa13d7330
core   0: 0x800001f4 (0x01851593) slli    a1, a0, 24
core   0: 3 0x800001f4 (0x01851593) x11 0x00000000
core   0: 0x800001f8 (0x03855433) divu    s0, a0, s8
core   0: 3 0x800001f8 (0x03855433) x 8 0x00000000
core   0: 0x800001fc (0x3f82fe13) andi    t3, t0, 1016
core   0: 3 0x800001fc (0x3f82fe13) x28 0x000000c0
core   0: 0x80000200 (0x01b82fb3) slt     t6, a6, s11
core   0: 3 0x80000200 (0x01b82fb3) x31 0x00000000
core   0: 0x80000204 (0xd626b8b7) lui     a7, 0xd626b
core   0: 3 0x80000204 (0xd626b8b7) x17 0xd626b000
core   0: 0x80000208 (0x03db9fb3) mulh    t6, s7, t4
core   0: 3 0x80000208 (0x03db9fb3) x31 0x00000004
core   0: 0x8000020c (0xf742ee13) ori     t3, t0, -140
core   0: 3 0x8000020c (0xf742ee13) x28 0xfffffff6
core   0: 0x80000210 (0x52bce893) ori     a7, s9, 1323
core   0: 3 0x80000210 (0x52bce893) x17 0x09f0152b
core   0: 0x80000214 (0x0098a3b3) slt     t2, a7, s1
core   0: 3 0x80000214 (0x0098a3b3) x 7 0x00000000
core   0: 0x80000218 (0x240d84b7) lui     s1, 0x240d8
core   0: 3 0x80000218 (0x240d84b7) x 9 0x240d8000
core   0: 0x8000021c (0x028d17b3) mulh    a5, s10, s0
core   0: 3 0x8000021c (0x028d17b3) x15 0x00000000
core   0: 0x80000220 (0x02fe5eb3) divu    t4, t3, a5
core   0: 3 0x80000220 (0x02fe5eb3) x29 0xffffffff
core   0: 0x80000224 (0x07672313) slti    t1, a4, 118
core   0: 3 0x80000224 (0x07672313) x 6 0x00000001
core   0: 0x80000228 (0x0185db13) srli    s6, a1, 24
core   0: 3 0x80000228 (0x0185db13) x22 0x00000000
core   0: 0x8000022c (0x07f27517) auipc   a0, 0x7f27
core   0: 3 0x8000022c (0x07f27517) x10 0x87f2722c
core   0: 0x80000230 (0x303d4513) xori    a0, s10, 771
core   0: 3 0x80000230 (0x303d4513) x10 0x002bfc84
core   0: 0x80000234 (0x022e9433) mulh    s0, t4, sp
core   0: 3 0x80000234 (0x022e9433) x 8 0x00000000
core   0: 0x80000238 (0x00dcde33) srl     t3, s9, a3
core   0: 3 0x80000238 (0x00dcde33) x28 0x09f01000
core   0: 0x8000023c (0x53363493) sltiu   s1, a2, 1331
core   0: 3 0x8000023c (0x53363493) x 9 0x00000000
core   0: 0x80000240 (0x00000013) nop
core   0: 3 0x80000240 (0x00000013)
core   0: 0x80000244 (0x00000013) nop
core   0: 3 0x80000244 (0x00000013)
core   0: 0x80000248 (0x0310a033) mulhsu  zero, ra, a7
core   0: 3 0x80000248 (0x0310a033)
core   0: 0x8000024c (0x824e6d13) ori     s10, t3, -2012
core   0: 3 0x8000024c (0x824e6d13) x26 0xfffff824
core   0: 0x80000250 (0x00514933) xor     s2, sp, t0
core   0: 3 0x80000250 (0x00514933) x18 0x82b0d022
core   0: 0x80000254 (0x880fcc13) xori    s8, t6, -1920
core   0: 3 0x80000254 (0x880fcc13) x24 0xfffff884
core   0: 0x80000258 (0x039a5f33) divu    t5, s4, s9
core   0: 3 0x80000258 (0x039a5f33) x30 0x0000000d
core   0: 0x8000025c (0x023038b3) mulhu   a7, zero, gp
core   0: 3 0x8000025c (0x023038b3) x17 0x00000000
core   0: 0x80000260 (0x01695e93) srli    t4, s2, 22
core   0: 3 0x80000260 (0x01695e93) x29 0x0000020a
core   0: 0x80000264 (0x024089b3) mul     s3, ra, tp
core   0: 3 0x80000264 (0x024089b3) x19 0x00000000
core   0: 0x80000268 (0x01d996b3) sll     a3, s3, t4
core   0: 3 0x80000268 (0x01d996b3) x13 0x00000000
core   0: 0x8000026c (0x010cb5b3) sltu    a1, s9, a6
core   0: 3 0x8000026c (0x010cb5b3) x11 0x00000000
core   0: 0x80000270 (0x41955293) srai    t0, a0, 25
core   0: 3 0x80000270 (0x41955293) x 5 0x00000000
core   0: 0x80000274 (0xfd3ec313) xori    t1, t4, -45
core   0: 3 0x80000274 (0xfd3ec313) x 6 0xfffffdd9
core   0: 0x80000278 (0x9552cd93) xori    s11, t0, -1707
core   0: 3 0x80000278 (0x9552cd93) x27 0xfffff955
core   0: 0x8000027c (0x0351e033) rem     zero, gp, s5
core   0: 3 0x8000027c (0x0351e033)
core   0: 0x80000280 (0x004ed313) srli    t1, t4, 4
core   0: 3 0x80000280 (0x004ed313) x 6 0x00000020
core   0: 0x80000284 (0x1978b213) sltiu   tp, a7, 407
core   0: 3 0x80000284 (0x1978b213) x 4 0x00000001
core   0: 0x80000288 (0x98a08b93) addi    s7, ra, -1654
core   0: 3 0x80000288 (0x98a08b93) x23 0xfffff98a
core   0: 0x8000028c (0x00fda7b3) slt     a5, s11, a5
core   0: 3 0x8000028c (0x00fda7b3) x15 0x00000001
core   0: 0x80000290 (0x01f0c2b3) xor     t0, ra, t6
core   0: 3 0x80000290 (0x01f0c2b3) x 5 0x00000004
core   0: 0x80000294 (0x014ff733) and     a4, t6, s4
core   0: 3 0x80000294 (0x014ff733) x14 0x00000000
core   0: 0x80000298 (0x01c7e033) or      zero, a5, t3
core   0: 3 0x80000298 (0x01c7e033)
core   0: 0x8000029c (0x5651e393) ori     t2, gp, 1381
core   0: 3 0x8000029c (0x5651e393) x 7 0x00000565
core   0: 0x800002a0 (0x04f14893) xori    a7, sp, 79
core   0: 3 0x800002a0 (0x04f14893) x17 0x80018cab
core   0: 0x800002a4 (0xa7544d13) xori    s10, s0, -1419
core   0: 3 0x800002a4 (0xa7544d13) x26 0xfffffa75
core   0: 0x800002a8 (0xf0a70b93) addi    s7, a4, -246
core   0: 3 0x800002a8 (0xf0a70b93) x23 0xffffff0a
core   0: 0x800002ac (0x00c161b3) or      gp, sp, a2
core   0: 3 0x800002ac (0x00c161b3) x 3 0xf019ffe4
core   0: 0x800002b0 (0x006efdb3) and     s11, t4, t1
core   0: 3 0x800002b0 (0x006efdb3) x27 0x00000000
core   0: 0x800002b4 (0x02f287b3) mul     a5, t0, a5
core   0: 3 0x800002b4 (0x02f287b3) x15 0x00000004
core   0: 0x800002b8 (0x0353a2b3) mulhsu  t0, t2, s5
core   0: 3 0x800002b8 (0x0353a2b3) x 5 0x000002b2
core   0: 0x800002bc (0x03e172b3) remu    t0, sp, t5
core   0: 3 0x800002bc (0x03e172b3) x 5 0x00000007
core   0: 0x800002c0 (0x00544833) xor     a6, s0, t0
core   0: 3 0x800002c0 (0x00544833) x16 0x00000007
core   0: 0x800002c4 (0x023840b3) div     ra, a6, gp
core   0: 3 0x800002c4 (0x023840b3) x 1 0x00000000
core   0: 0x800002c8 (0x00715eb3) srl     t4, sp, t2
core   0: 3 0x800002c8 (0x00715eb3) x29 0x04000c67
core   0: 0x800002cc (0xa1726393) ori     t2, tp, -1513
core   0: 3 0x800002cc (0xa1726393) x 7 0xfffffa17
core   0: 0x800002d0 (0x019e3eb3) sltu    t4, t3, s9
core   0: 3 0x800002d0 (0x019e3eb3) x29 0x00000000
core   0: 0x800002d4 (0x01ed9313) slli    t1, s11, 30
core   0: 3 0x800002d4 (0x01ed9313) x 6 0x00000000
core   0: 0x800002d8 (0x415458b3) sra     a7, s0, s5
core   0: 3 0x800002d8 (0x415458b3) x17 0x00000000
core   0: 0x800002dc (0x00cf3eb3) sltu    t4, t5, a2
core   0: 3 0x800002dc (0x00cf3eb3) x29 0x00000001
core   0: 0x800002e0 (0x0242d833) divu    a6, t0, tp
core   0: 3 0x800002e0 (0x0242d833) x16 0x00000007
core   0: 0x800002e4 (0x63ac3693) sltiu   a3, s8, 1594
core   0: 3 0x800002e4 (0x63ac3693) x13 0x00000000
core   0: 0x800002e8 (0x403baa13) slti    s4, s7, 1027
core   0: 3 0x800002e8 (0x403baa13) x20 0x00000001
core   0: 0x800002ec (0x692d6197) auipc   gp, 0x692d6
core   0: 3 0x800002ec (0x692d6197) x 3 0xe92d62ec
core   0: 0x800002f0 (0x02114933) div     s2, sp, ra
core   0: 3 0x800002f0 (0x02114933) x18 0xffffffff
core   0: 0x800002f4 (0x97c3be93) sltiu   t4, t2, -1668
core   0: 3 0x800002f4 (0x97c3be93) x29 0x00000000
core   0: 0x800002f8 (0x02144f33) div     t5, s0, ra
core   0: 3 0x800002f8 (0x02144f33) x30 0xffffffff
core   0: 0x800002fc (0x00cc3b33) sltu    s6, s8, a2
core   0: 3 0x800002fc (0x00cc3b33) x22 0x00000000
core   0: 0x80000300 (0x02c4bf33) mulhu   t5, s1, a2
core   0: 3 0x80000300 (0x02c4bf33) x30 0x00000000
core   0: 0x80000304 (0x00000013) nop
core   0: 3 0x80000304 (0x00000013)
core   0: 0x80000308 (0x7f2bb013) sltiu   zero, s7, 2034
core   0: 3 0x80000308 (0x7f2bb013)
core   0: 0x8000030c (0x007142b3) xor     t0, sp, t2
core   0: 3 0x8000030c (0x007142b3) x 5 0x7ffe76f3
core   0: 0x80000310 (0xbb8788b7) lui     a7, 0xbb878
core   0: 3 0x80000310 (0xbb8788b7) x17 0xbb878000
core   0: 0x80000314 (0x41c153b3) sra     t2, sp, t3
core   0: 3 0x80000314 (0x41c153b3) x 7 0x80018ce4
core   0: 0x80000318 (0x034b6eb3) rem     t4, s6, s4
core   0: 3 0x80000318 (0x034b6eb3) x29 0x00000000
core   0: 0x8000031c (0x014f8233) add     tp, t6, s4
core   0: 3 0x8000031c (0x014f8233) x 4 0x00000005
core   0: 0x80000320 (0x01266db3) or      s11, a2, s2
core   0: 3 0x80000320 (0x01266db3) x27 0xffffffff
core   0: 0x80000324 (0x00000013) nop
core   0: 3 0x80000324 (0x00000013)
core   0: 0x80000328 (0x64efe737) lui     a4, 0x64efe
core   0: 3 0x80000328 (0x64efe737) x14 0x64efe000
core   0: 0x8000032c (0x03b2e5b3) rem     a1, t0, s11
core   0: 3 0x8000032c (0x03b2e5b3) x11 0x00000000
core   0: 0x80000330 (0x0143eb33) or      s6, t2, s4
core   0: 3 0x80000330 (0x0143eb33) x22 0x80018ce5
core   0: 0x80000334 (0x00000013) nop
core   0: 3 0x80000334 (0x00000013)
core   0: 0x80000338 (0xefbe7217) auipc   tp, 0xefbe7
core   0: 3 0x80000338 (0xefbe7217) x 4 0x6fbe7338
core   0: 0x8000033c (0x022bf8b3) remu    a7, s7, sp
core   0: 3 0x8000033c (0x022bf8b3) x17 0x7ffe7226
core   0: 0x80000340 (0x77cfd417) auipc   s0, 0x77cfd
core   0: 3 0x80000340 (0x77cfd417) x 8 0xf7cfd340
core   0: 0x80000344 (0xc1c6bd17) auipc   s10, 0xc1c6b
core   0: 3 0x80000344 (0xc1c6bd17) x26 0x41c6b344
core   0: 0x80000348 (0x02b936b3) mulhu   a3, s2, a1
core   0: 3 0x80000348 (0x02b936b3) x13 0x00000000
core   0: 0x8000034c (0x007d68b3) or      a7, s10, t2
core   0: 3 0x8000034c (0x007d68b3) x17 0xc1c7bfe4
core   0: 0x80000350 (0x0dfe7c93) andi    s9, t3, 223
core   0: 3 0x80000350 (0x0dfe7c93) x25 0x00000000
core   0: 0x80000354 (0x01e7d6b3) srl     a3, a5, t5
core   0: 3 0x80000354 (0x01e7d6b3) x13 0x00000004
core   0: 0x80000358 (0x40b65093) srai    ra, a2, 11
core   0: 3 0x80000358 (0x40b65093) x 1 0xfffe031f
core   0: 0x8000035c (0x00789093) slli    ra, a7, 7
core   0: 3 0x8000035c (0x00789093) x 1 0xe3dff200
core   0: 0x80000360 (0xf6bac493) xori    s1, s5, -149
core   0: 3 0x80000360 (0xf6bac493) x 9 0x7ffeb10f
core   0: 0x80000364 (0x02a01c33) mulh    s8, zero, a0
core   0: 3 0x80000364 (0x02a01c33) x24 0x00000000
core   0: 0x80000368 (0x030959b3) divu    s3, s2, a6
core   0: 3 0x80000368 (0x030959b3) x19 0x24924924
core   0: 0x8000036c (0xf4a22893) slti    a7, tp, -182
core   0: 3 0x8000036c (0xf4a22893) x17 0x00000000
core   0: 0x80000370 (0x028106b3) mul     a3, sp, s0
core   0: 3 0x80000370 (0x028106b3) x13 0x2fdf2500
core   0: 0x80000374 (0x02ad66b3) rem     a3, s10, a0
core   0: 3 0x80000374 (0x02ad66b3) x13 0x0023e64c
core   0: 0x80000378 (0x41c109b3) sub     s3, sp, t3
core   0: 3 0x80000378 (0x41c109b3) x19 0x76117ce4
core   0: 0x8000037c (0x03f32233) mulhsu  tp, t1, t6
core   0: 3 0x8000037c (0x03f32233) x 4 0x00000000
core   0: 0x80000380 (0x03b54333) div     t1, a0, s11
core   0: 3 0x80000380 (0x03b54333) x 6 0xffd4037c
core   0: 0x80000384 (0x02a46233) rem     tp, s0, a0
core   0: 3 0x80000384 (0x02a46233) x 4 0xffe32f7c
core   0: 0x80000388 (0x03d0a833) mulhsu  a6, ra, t4
core   0: 3 0x80000388 (0x03d0a833) x16 0x00000000
core   0: 0x8000038c (0x406dd233) sra     tp, s11, t1
core   0: 3 0x8000038c (0x406dd233) x 4 0xffffffff
core   0: 0x80000390 (0x00316533) or      a0, sp, gp
core   0: 3 0x80000390 (0x00316533) x10 0xe92deeec
core   0: 0x80000394 (0x01887533) and     a0, a6, s8
core   0: 3 0x80000394 (0x01887533) x10 0x00000000
core   0: 0x80000398 (0x41578cb3) sub     s9, a5, s5
core   0: 3 0x80000398 (0x41578cb3) x25 0x7ffeb1a0
core   0: 0x8000039c (0xa9653213) sltiu   tp, a0, -1386
core   0: 3 0x8000039c (0xa9653213) x 4 0x00000001
core   0: 0x800003a0 (0x01e89b13) slli    s6, a7, 30
core   0: 3 0x800003a0 (0x01e89b13) x22 0x00000000
core   0: 0x800003a4 (0x40d88db3) sub     s11, a7, a3
core   0: 3 0x800003a4 (0x40d88db3) x27 0xffdc19b4
core   0: 0x800003a8 (0x02c25033) divu    zero, tp, a2
core   0: 3 0x800003a8 (0x02c25033)
core   0: 0x800003ac (0x002697b3) sll     a5, a3, sp
core   0: 3 0x800003ac (0x002697b3) x15 0x023e64c0
core   0: 0x800003b0 (0x01461933) sll     s2, a2, s4
core   0: 3 0x800003b0 (0x01461933) x18 0xe031f6c0
core   0: 0x800003b4 (0xc58f6313) ori     t1, t5, -936
core   0: 3 0x800003b4 (0xc58f6313) x 6 0xfffffc58
core   0: 0x800003b8 (0x0074f0b3) and     ra, s1, t2
core   0: 3 0x800003b8 (0x0074f0b3) x 1 0x00008004
core   0: 0x800003bc (0x0384cd33) div     s10, s1, s8
core   0: 3 0x800003bc (0x0384cd33) x26 0xffffffff
core   0: 0x800003c0 (0x01f5f033) and     zero, a1, t6
core   0: 3 0x800003c0 (0x01f5f033)
core   0: 0x800003c4 (0x018d2a33) slt     s4, s10, s8
core   0: 3 0x800003c4 (0x018d2a33) x20 0x00000001
core   0: 0x800003c8 (0x03ef7bb3) remu    s7, t5, t5
core   0: 3 0x800003c8 (0x03ef7bb3) x23 0x00000000
core   0: 0x800003cc (0xc8d61eb7) lui     t4, 0xc8d61
core   0: 3 0x800003cc (0xc8d61eb7) x29 0xc8d61000
core   0: 0x800003d0 (0x00000013) nop
core   0: 3 0x800003d0 (0x00000013)
core   0: 0x800003d4 (0x0019d893) srli    a7, s3, 1
core   0: 3 0x800003d4 (0x0019d893) x17 0x3b08be72
core   0: 0x800003d8 (0xe9cb7913) andi    s2, s6, -356
core   0: 3 0x800003d8 (0xe9cb7913) x18 0x00000000
core   0: 0x800003dc (0xde23e093) ori     ra, t2, -542
core   0: 3 0x800003dc (0xde23e093) x 1 0xfffffde6
core   0: 0x800003e0 (0x024da1b3) mulhsu  gp, s11, tp
core   0: 3 0x800003e0 (0x024da1b3) x 3 0xffffffff
core   0: 0x800003e4 (0x40aa8433) sub     s0, s5, a0
core   0: 3 0x800003e4 (0x40aa8433) x 8 0x80014e64
core   0: 0x800003e8 (0x01a75db3) srl     s11, a4, s10
core   0: 3 0x800003e8 (0x01a75db3) x27 0x00000000
core   0: 0x800003ec (0x418ed313) srai    t1, t4, 24
core   0: 3 0x800003ec (0x418ed313) x 6 0xffffffc8
core   0: 0x800003f0 (0x0200f9b3) remu    s3, ra, zero
core   0: 3 0x800003f0 (0x0200f9b3) x19 0xfffffde6
core   0: 0x800003f4 (0x036b1bb3) mulh    s7, s6, s6
core   0: 3 0x800003f4 (0x036b1bb3) x23 0x00000000
core   0: 0x800003f8 (0x018db2b3) sltu    t0, s11, s8
core   0: 3 0x800003f8 (0x018db2b3) x 5 0x00000000
core   0: 0x800003fc (0x8ce6a837) lui     a6, 0x8ce6a
core   0: 3 0x800003fc (0x8ce6a837) x16 0x8ce6a000
core   0: 0x80000400 (0x180b3a13) sltiu   s4, s6, 384
core   0: 3 0x80000400 (0x180b3a13) x20 0x00000001
core   0: 0x80000404 (0x0273d6b3) divu    a3, t2, t2
core   0: 3 0x80000404 (0x0273d6b3) x13 0x00000001
core   0: 0x80000408 (0x402888b3) sub     a7, a7, sp
core   0: 3 0x80000408 (0x402888b3) x17 0xbb07318e
core   0: 0x8000040c (0x02a7e8b3) rem     a7, a5, a0
core   0: 3 0x8000040c (0x02a7e8b3) x17 0x023e64c0
core   0: 0x80000410 (0x00c2bbb3) sltu    s7, t0, a2
core   0: 3 0x80000410 (0x00c2bbb3) x23 0x00000001
core   0: 0x80000414 (0x0211f4b3) remu    s1, gp, ra
core   0: 3 0x80000414 (0x0211f4b3) x 9 0x00000219
core   0: 0x80000418 (0x02c1a7b3) mulhsu  a5, gp, a2
core   0: 3 0x80000418 (0x02c1a7b3) x15 0xffffffff
core   0: 0x8000041c (0x4110db93) srai    s7, ra, 17
core   0: 3 0x8000041c (0x4110db93) x23 0xffffffff
core   0: 0x80000420 (0xbf4c2d93) slti    s11, s8, -1036
core   0: 3 0x80000420 (0xbf4c2d93) x27 0x00000000
core   0: 0x80000424 (0xa4444e93) xori    t4, s0, -1468
core   0: 3 0x80000424 (0xa4444e93) x29 0x7ffeb420
core   0: 0x80000428 (0x021792b3) mulh    t0, a5, ra
core   0: 3 0x80000428 (0x021792b3) x 5 0x00000000
core   0: 0x8000042c (0x01c99d93) slli    s11, s3, 28
core   0: 3 0x8000042c (0x01c99d93) x27 0x60000000
core   0: 0x80000430 (0x8283ae13) slti    t3, t2, -2008
core   0: 3 0x80000430 (0x8283ae13) x28 0x00000001
core   0: 0x80000434 (0x0359c1b3) div     gp, s3, s5
core   0: 3 0x80000434 (0x0359c1b3) x 3 0x00000000
core   0: 0x80000438 (0x05e34817) auipc   a6, 0x5e34
core   0: 3 0x80000438 (0x05e34817) x16 0x85e34438
core   0: 0x8000043c (0x0198b6b3) sltu    a3, a7, s9
core   0: 3 0x8000043c (0x0198b6b3) x13 0x00000001
core   0: 0x80000440 (0x003d8eb3) add     t4, s11, gp
core   0: 3 0x80000440 (0x003d8eb3) x29 0x60000000
core   0: 0x80000444 (0x40c1d3b3) sra     t2, gp, a2
core   0: 3 0x80000444 (0x40c1d3b3) x 7 0x00000000
core   0: 0x80000448 (0x5750bf13) sltiu   t5, ra, 1397
core   0: 3 0x80000448 (0x5750bf13) x30 0x00000000
core   0: 0x8000044c (0x00000013) nop
core   0: 3 0x8000044c (0x00000013)
core   0: 0x80000450 (0x029daeb3) mulhsu  t4, s11, s1
core   0: 3 0x80000450 (0x029daeb3) x29 0x000000c9
core   0: 0x80000454 (0x01187a33) and     s4, a6, a7
core   0: 3 0x80000454 (0x01187a33) x20 0x00224400
core   0: 0x80000458 (0x40315233) sra     tp, sp, gp
core   0: 3 0x80000458 (0x40315233) x 4 0x80018ce4
core   0: 0x8000045c (0x02d7b4b3) mulhu   s1, a5, a3
core   0: 3 0x8000045c (0x02d7b4b3) x 9 0x00000000
core   0: 0x80000460 (0x50e38013) addi    zero, t2, 1294
core   0: 3 0x80000460 (0x50e38013)
core   0: 0x80000464 (0x00e5e1b3) or      gp, a1, a4
core   0: 3 0x80000464 (0x00e5e1b3) x 3 0x64efe000
core   0: 0x80000468 (0x015b6db3) or      s11, s6, s5
core   0: 3 0x80000468 (0x015b6db3) x27 0x80014e64
core   0: 0x8000046c (0xbdfe1d97) auipc   s11, 0xbdfe1
core   0: 3 0x8000046c (0xbdfe1d97) x27 0x3dfe146c
core   0: 0x80000470 (0x0098e333) or      t1, a7, s1
core   0: 3 0x80000470 (0x0098e333) x 6 0x023e64c0
core   0: 0x80000474 (0x77d52b13) slti    s6, a0, 1917
core   0: 3 0x80000474 (0x77d52b13) x22 0x00000001
core   0: 0x80000478 (0x03e2ca33) div     s4, t0, t5
core   0: 3 0x80000478 (0x03e2ca33) x20 0xffffffff
core   0: 0x8000047c (0x0003adb3) slt     s11, t2, zero
core   0: 3 0x8000047c (0x0003adb3) x27 0x00000000
core   0: 0x80000480 (0x9ef6af93) slti    t6, a3, -1553
core   0: 3 0x80000480 (0x9ef6af93) x31 0x00000000
core   0: 0x80000484 (0x40ecdeb3) sra     t4, s9, a4
core   0: 3 0x80000484 (0x40ecdeb3) x29 0x7ffeb1a0
core   0: 0x80000488 (0x668ab193) sltiu   gp, s5, 1640
core   0: 3 0x80000488 (0x668ab193) x 3 0x00000000
core   0: 0x8000048c (0x40b55a13) srai    s4, a0, 11
core   0: 3 0x8000048c (0x40b55a13) x20 0x00000000
core   0: 0x80000490 (0x038e4c33) div     s8, t3, s8
core   0: 3 0x80000490 (0x038e4c33) x24 0xffffffff
core   0: 0x80000494 (0x8f749917) auipc   s2, 0x8f749
core   0: 3 0x80000494 (0x8f749917) x18 0x0f749494
core   0: 0x80000498 (0x40815b93) srai    s7, sp, 8
core   0: 3 0x80000498 (0x40815b93) x23 0xff80018c
core   0: 0x8000049c (0x02e23f33) mulhu   t5, tp, a4
core   0: 3 0x8000049c (0x02e23f33) x30 0x32788c7c
core   0: 0x800004a0 (0x03da6433) rem     s0, s4, t4
core   0: 3 0x800004a0 (0x03da6433) x 8 0x00000000
core   0: 0x800004a4 (0x0152ba33) sltu    s4, t0, s5
core   0: 3 0x800004a4 (0x0152ba33) x20 0x00000001
core   0: 0x800004a8 (0xd95bec93) ori     s9, s7, -619
core   0: 3 0x800004a8 (0xd95bec93) x25 0xfffffd9d
core   0: 0x800004ac (0x0018a233) slt     tp, a7, ra
core   0: 3 0x800004ac (0x0018a233) x 4 0x00000000
core   0: 0x800004b0 (0x01b260b3) or      ra, tp, s11
core   0: 3 0x800004b0 (0x01b260b3) x 1 0x00000000
core   0: 0x800004b4 (0x00c36433) or      s0, t1, a2
core   0: 3 0x800004b4 (0x00c36433) x 8 0xf23effe0
core   0: 0x800004b8 (0x01d9d733) srl     a4, s3, t4
core   0: 3 0x800004b8 (0x01d9d733) x14 0xfffffde6
core   0: 0x800004bc (0x02166eb3) rem     t4, a2, ra
core   0: 3 0x800004bc (0x02166eb3) x29 0xf018fb60
core   0: 0x800004c0 (0x02d804b3) mul     s1, a6, a3
core   0: 3 0x800004c0 (0x02d804b3) x 9 0x85e34438
core   0: 0x800004c4 (0x419bd293) srai    t0, s7, 25
core   0: 3 0x800004c4 (0x419bd293) x 5 0xffffffff
core   0: 0x800004c8 (0x0349ceb3) div     t4, s3, s4
core   0: 3 0x800004c8 (0x0349ceb3) x29 0xfffffde6
core   0: 0x800004cc (0x00c034b3) snez    s1, a2
core   0: 3 0x800004cc (0x00c034b3) x 9 0x00000001
core   0: 0x800004d0 (0x454e6b93) ori     s7, t3, 1108
core   0: 3 0x800004d0 (0x454e6b93) x23 0x00000455
core   0: 0x800004d4 (0x03ff91b3) mulh    gp, t6, t6
core   0: 3 0x800004d4 (0x03ff91b3) x 3 0x00000000
core   0: 0x800004d8 (0x409a5233) sra     tp, s4, s1
core   0: 3 0x800004d8 (0x409a5233) x 4 0x00000000
core   0: 0x800004dc (0x03f5ecb3) rem     s9, a1, t6
core   0: 3 0x800004dc (0x03f5ecb3) x25 0x00000000
core   0: 0x800004e0 (0x0021d333) srl     t1, gp, sp
core   0: 3 0x800004e0 (0x0021d333) x 6 0x00000000
core   0: 0x800004e4 (0x022c4533) div     a0, s8, sp
core   0: 3 0x800004e4 (0x022c4533) x10 0x00000000
core   0: 0x800004e8 (0x53bc7693) andi    a3, s8, 1339
core   0: 3 0x800004e8 (0x53bc7693) x13 0x0000053b
core   0: 0x800004ec (0x016fb0b3) sltu    ra, t6, s6
core   0: 3 0x800004ec (0x016fb0b3) x 1 0x00000001
core   0: 0x800004f0 (0x01de3d33) sltu    s10, t3, t4
core   0: 3 0x800004f0 (0x01de3d33) x26 0x00000001
core   0: 0x800004f4 (0x80a93093) sltiu   ra, s2, -2038
core   0: 3 0x800004f4 (0x80a93093) x 1 0x00000001
core   0: 0x800004f8 (0x00c79793) slli    a5, a5, 12
core   0: 3 0x800004f8 (0x00c79793) x15 0xfffff000
core   0: 0x800004fc (0x00000013) nop
core   0: 3 0x800004fc (0x00000013)
core   0: 0x80000500 (0xb9631497) auipc   s1, 0xb9631
core   0: 3 0x80000500 (0xb9631497) x 9 0x39631500
core   0: 0x80000504 (0x008d83b3) add     t2, s11, s0
core   0: 3 0x80000504 (0x008d83b3) x 7 0xf23effe0
core   0: 0x80000508 (0x0321ab33) mulhsu  s6, gp, s2
core   0: 3 0x80000508 (0x0321ab33) x22 0x00000000
core   0: 0x8000050c (0x0372d1b3) divu    gp, t0, s7
core   0: 3 0x8000050c (0x0372d1b3) x 3 0x003b183c
core   0: 0x80000510 (0xe9f9a493) slti    s1, s3, -353
core   0: 3 0x80000510 (0xe9f9a493) x 9 0x00000001
core   0: 0x80000514 (0x5fd1c5b7) lui     a1, 0x5fd1c
core   0: 3 0x80000514 (0x5fd1c5b7) x11 0x5fd1c000
core   0: 0x80000518 (0x01d41933) sll     s2, s0, t4
core   0: 3 0x80000518 (0x01d41933) x18 0x8fbff800
core   0: 0x8000051c (0x009a09b3) add     s3, s4, s1
core   0: 3 0x8000051c (0x009a09b3) x19 0x00000002
core   0: 0x80000520 (0x03a754b3) divu    s1, a4, s10
core   0: 3 0x80000520 (0x03a754b3) x 9 0xfffffde6
core   0: 0x80000524 (0x00e84733) xor     a4, a6, a4
core   0: 3 0x80000524 (0x00e84733) x14 0x7a1cb9de
core   0: 0x80000528 (0x02ad7bb3) remu    s7, s10, a0
core   0: 3 0x80000528 (0x02ad7bb3) x23 0x00000001
core   0: 0x8000052c (0x025c3233) mulhu   tp, s8, t0
core   0: 3 0x8000052c (0x025c3233) x 4 0xfffffffe
core   0: 0x80000530 (0x01771813) slli    a6, a4, 23
core   0: 3 0x80000530 (0x01771813) x16 0xef000000
core   0: 0x80000534 (0x46efb513) sltiu   a0, t6, 1134
core   0: 3 0x80000534 (0x46efb513) x10 0x00000001
core   0: 0x80000538 (0x003e97b3) sll     a5, t4, gp
core   0: 3 0x80000538 (0x003e97b3) x15 0x60000000
core   0: 0x8000053c (0x0276dfb3) divu    t6, a3, t2
core   0: 3 0x8000053c (0x0276dfb3) x31 0x00000000
core   0: 0x80000540 (0x01071f13) slli    t5, a4, 16
core   0: 3 0x80000540 (0x01071f13) x30 0xb9de0000
core   0: 0x80000544 (0x0274da33) divu    s4, s1, t2
core   0: 3 0x80000544 (0x0274da33) x20 0x00000001
core   0: 0x80000548 (0x512aac93) slti    s9, s5, 1298
core   0: 3 0x80000548 (0x512aac93) x25 0x00000001
core   0: 0x8000054c (0x0347c3b3) div     t2, a5, s4
core   0: 3 0x8000054c (0x0347c3b3) x 7 0x60000000
core   0: 0x80000550 (0x4004de33) sra     t3, s1, zero
core   0: 3 0x80000550 (0x4004de33) x28 0xfffffde6
core   0: 0x80000554 (0x41d15233) sra     tp, sp, t4
core   0: 3 0x80000554 (0x41d15233) x 4 0xfe000633
core   0: 0x80000558 (0x027b8933) mul     s2, s7, t2
core   0: 3 0x80000558 (0x027b8933) x18 0x60000000
core   0: 0x8000055c (0xd00ea593) slti    a1, t4, -768
core   0: 3 0x8000055c (0xd00ea593) x11 0x00000000
core   0: 0x80000560 (0x0115abb3) slt     s7, a1, a7
core   0: 3 0x80000560 (0x0115abb3) x23 0x00000001
core   0: 0x80000564 (0x99c8c993) xori    s3, a7, -1636
core   0: 3 0x80000564 (0x99c8c993) x19 0xfdc19d5c
core   0: 0x80000568 (0x0140d813) srli    a6, ra, 20
core   0: 3 0x80000568 (0x0140d813) x16 0x00000000
core   0: 0x8000056c (0x411e0233) sub     tp, t3, a7
core   0: 3 0x8000056c (0x411e0233) x 4 0xfdc19926
core   0: 0x80000570 (0x40785fb3) sra     t6, a6, t2
core   0: 3 0x80000570 (0x40785fb3) x31 0x00000000
core   0: 0x80000574 (0x00450f33) add     t5, a0, tp
core   0: 3 0x80000574 (0x00450f33) x30 0xfdc19927
core   0: 0x80000578 (0x03534333) div     t1, t1, s5
core   0: 3 0x80000578 (0x03534333) x 6 0x00000000
core   0: 0x8000057c (0x38f25d97) auipc   s11, 0x38f25
core   0: 3 0x8000057c (0x38f25d97) x27 0xb8f2557c
core   0: 0x80000580 (0xb1328793) addi    a5, t0, -1261
core   0: 3 0x80000580 (0xb1328793) x15 0xfffffb12
core   0: 0x80000584 (0xdc017093) andi    ra, sp, -576
core   0: 3 0x80000584 (0xdc017093) x 1 0x80018cc0
core   0: 0x80000588 (0x01fcc933) xor     s2, s9, t6
core   0: 3 0x80000588 (0x01fcc933) x18 0x00000001
core   0: 0x8000058c (0x03d117b3) mulh    a5, sp, t4
core   0: 3 0x8000058c (0x03d117b3) x15 0x0000010c
core   0: 0x80000590 (0x6a167417) auipc   s0, 0x6a167
core   0: 3 0x80000590 (0x6a167417) x 8 0xea167590
core   0: 0x80000594 (0x031b96b3) mulh    a3, s7, a7
core   0: 3 0x80000594 (0x031b96b3) x13 0x00000000
core   0: 0x80000598 (0x0039af33) slt     t5, s3, gp
core   0: 3 0x80000598 (0x0039af33) x30 0x00000001
core   0: 0x8000059c (0x03e599b3) mulh    s3, a1, t5
core   0: 3 0x8000059c (0x03e599b3) x19 0x00000000
core   0: 0x800005a0 (0x78e0e713) ori     a4, ra, 1934
core   0: 3 0x800005a0 (0x78e0e713) x14 0x80018fce
core   0: 0x800005a4 (0x013c5a33) srl     s4, s8, s3
core   0: 3 0x800005a4 (0x013c5a33) x20 0xffffffff
core   0: 0x800005a8 (0x01869a13) slli    s4, a3, 24
core   0: 3 0x800005a8 (0x01869a13) x20 0x00000000
core   0: 0x800005ac (0x63921037) lui     zero, 0x63921
core   0: 3 0x800005ac (0x63921037)
core   0: 0x800005b0 (0x02d6cbb3) div     s7, a3, a3
core   0: 3 0x800005b0 (0x02d6cbb3) x23 0xffffffff
core   0: 0x800005b4 (0x40e78333) sub     t1, a5, a4
core   0: 3 0x800005b4 (0x40e78333) x 6 0x7ffe713e
core   0: 0x800005b8 (0x9c3b2937) lui     s2, 0x9c3b2
core   0: 3 0x800005b8 (0x9c3b2937) x18 0x9c3b2000
core   0: 0x800005bc (0x00000013) nop
core   0: 3 0x800005bc (0x00000013)
core   0: 0x800005c0 (0x02bd79b3) remu    s3, s10, a1
core   0: 3 0x800005c0 (0x02bd79b3) x19 0x00000001
core   0: 0x800005c4 (0x00faac33) slt     s8, s5, a5
core   0: 3 0x800005c4 (0x00faac33) x24 0x00000001
core   0: 0x800005c8 (0x012b1233) sll     tp, s6, s2
core   0: 3 0x800005c8 (0x012b1233) x 4 0x00000000
core   0: 0x800005cc (0x028cbeb3) mulhu   t4, s9, s0
core   0: 3 0x800005cc (0x028cbeb3) x29 0x00000000
core   0: 0x800005d0 (0x013a9893) slli    a7, s5, 19
core   0: 3 0x800005d0 (0x013a9893) x17 0x73200000
core   0: 0x800005d4 (0x01b7a0b3) slt     ra, a5, s11
core   0: 3 0x800005d4 (0x01b7a0b3) x 1 0x00000000
core   0: 0x800005d8 (0x4022d713) srai    a4, t0, 2
core   0: 3 0x800005d8 (0x4022d713) x14 0xffffffff
core   0: 0x800005dc (0x02371db3) mulh    s11, a4, gp
core   0: 3 0x800005dc (0x02371db3) x27 0xffffffff
core   0: 0x800005e0 (0x730b3993) sltiu   s3, s6, 1840
core   0: 3 0x800005e0 (0x730b3993) x19 0x00000001
core   0: 0x800005e4 (0x025e1933) mulh    s2, t3, t0
core   0: 3 0x800005e4 (0x025e1933) x18 0x00000000
core   0: 0x800005e8 (0x401eebb7) lui     s7, 0x401ee
core   0: 3 0x800005e8 (0x401eebb7) x23 0x401ee000
core   0: 0x800005ec (0x034eae33) mulhsu  t3, t4, s4
core   0: 3 0x800005ec (0x034eae33) x28 0x00000000
core   0: 0x800005f0 (0x03662933) mulhsu  s2, a2, s6
core   0: 3 0x800005f0 (0x03662933) x18 0x00000000
core   0: 0x800005f4 (0x005e9f33) sll     t5, t4, t0
core   0: 3 0x800005f4 (0x005e9f33) x30 0x00000000
core   0: 0x800005f8 (0x004a1e33) sll     t3, s4, tp
core   0: 3 0x800005f8 (0x004a1e33) x28 0x00000000
core   0: 0x800005fc (0xc0907293) andi    t0, zero, -1015
core   0: 3 0x800005fc (0xc0907293) x 5 0x00000000
core   0: 0x80000600 (0x46c82013) slti    zero, a6, 1132
core   0: 3 0x80000600 (0x46c82013)
core   0: 0x80000604 (0x00a478b3) and     a7, s0, a0
core   0: 3 0x80000604 (0x00a478b3) x17 0x00000000
core   0: 0x80000608 (0x1ff23213) sltiu   tp, tp, 511
core   0: 3 0x80000608 (0x1ff23213) x 4 0x00000001
core   0: 0x8000060c (0x0187b333) sltu    t1, a5, s8
core   0: 3 0x8000060c (0x0187b333) x 6 0x00000000
core   0: 0x80000610 (0x02ac5033) divu    zero, s8, a0
core   0: 3 0x80000610 (0x02ac5033)
core   0: 0x80000614 (0x00c99013) slli    zero, s3, 12
core   0: 3 0x80000614 (0x00c99013)
core   0: 0x80000618 (0xdde8e913) ori     s2, a7, -546
core   0: 3 0x80000618 (0xdde8e913) x18 0xfffffdde
core   0: 0x8000061c (0xdac06193) ori     gp, zero, -596
core   0: 3 0x8000061c (0xdac06193) x 3 0xfffffdac
core   0: 0x80000620 (0x00a45913) srli    s2, s0, 10
core   0: 3 0x80000620 (0x00a45913) x18 0x003a859d
core   0: 0x80000624 (0x01485b93) srli    s7, a6, 20
core   0: 3 0x80000624 (0x01485b93) x23 0x00000000
core   0: 0x80000628 (0x8019d217) auipc   tp, 0x8019d
core   0: 3 0x80000628 (0x8019d217) x 4 0x0019d628
core   0: 0x8000062c (0x4185d213) srai    tp, a1, 24
core   0: 3 0x8000062c (0x4185d213) x 4 0x00000000
core   0: 0x80000630 (0xdf38d937) lui     s2, 0xdf38d
core   0: 3 0x80000630 (0xdf38d937) x18 0xdf38d000
core   0: 0x80000634 (0x404555b3) sra     a1, a0, tp
core   0: 3 0x80000634 (0x404555b3) x11 0x00000001
core   0: 0x80000638 (0x358a4893) xori    a7, s4, 856
core   0: 3 0x80000638 (0x358a4893) x17 0x00000358
core   0: 0x8000063c (0x405006b3) sub     a3, zero, t0
core   0: 3 0x8000063c (0x405006b3) x13 0x00000000
core   0: 0x80000640 (0x7e3aa713) slti    a4, s5, 2019
core   0: 3 0x80000640 (0x7e3aa713) x14 0x00000001
core   0: 0x80000644 (0x0322e0b3) rem     ra, t0, s2
core   0: 3 0x80000644 (0x0322e0b3) x 1 0x00000000
core   0: 0x80000648 (0x01b5fcb3) and     s9, a1, s11
core   0: 3 0x80000648 (0x01b5fcb3) x25 0x00000001
core   0: 0x8000064c (0x00d893b3) sll     t2, a7, a3
core   0: 3 0x8000064c (0x00d893b3) x 7 0x00000358
core   0: 0x80000650 (0x403255b3) sra     a1, tp, gp
core   0: 3 0x80000650 (0x403255b3) x11 0x00000000
core   0: 0x80000654 (0x8d7ae713) ori     a4, s5, -1833
core   0: 3 0x80000654 (0x8d7ae713) x14 0xfffffef7
core   0: 0x80000658 (0x4046da33) sra     s4, a3, tp
core   0: 3 0x80000658 (0x4046da33) x20 0x00000000
core   0: 0x8000065c (0x00ddd213) srli    tp, s11, 13
core   0: 3 0x8000065c (0x00ddd213) x 4 0x0007ffff
core   0: 0x80000660 (0x099e7c13) andi    s8, t3, 153
core   0: 3 0x80000660 (0x099e7c13) x24 0x00000000
core   0: 0x80000664 (0x02e821b3) mulhsu  gp, a6, a4
core   0: 3 0x80000664 (0x02e821b3) x 3 0x00000000
core   0: 0x80000668 (0x41fbdc93) srai    s9, s7, 31
core   0: 3 0x80000668 (0x41fbdc93) x25 0x00000000
core   0: 0x8000066c (0x00000013) nop
core   0: 3 0x8000066c (0x00000013)
core   0: 0x80000670 (0x03ae70b3) remu    ra, t3, s10
core   0: 3 0x80000670 (0x03ae70b3) x 1 0x00000000
core   0: 0x80000674 (0x01840b33) add     s6, s0, s8
core   0: 3 0x80000674 (0x01840b33) x22 0xea167590
core   0: 0x80000678 (0x01f11cb3) sll     s9, sp, t6
core   0: 3 0x80000678 (0x01f11cb3) x25 0x80018ce4
core   0: 0x8000067c (0xecc97997) auipc   s3, 0xecc97
core   0: 3 0x8000067c (0xecc97997) x19 0x6cc9767c
core   0: 0x80000680 (0x0138e733) or      a4, a7, s3
core   0: 3 0x80000680 (0x0138e733) x14 0x6cc9777c
core   0: 0x80000684 (0xbd6acc17) auipc   s8, 0xbd6ac
core   0: 3 0x80000684 (0xbd6acc17) x24 0x3d6ac684
core   0: 0x80000688 (0x0ecd8793) addi    a5, s11, 236
core   0: 3 0x80000688 (0x0ecd8793) x15 0x000000eb
core   0: 0x8000068c (0x41185893) srai    a7, a6, 17
core   0: 3 0x8000068c (0x41185893) x17 0x00000000
core   0: 0x80000690 (0x41105713) srai    a4, zero, 17
core   0: 3 0x80000690 (0x41105713) x14 0x00000000
core   0: 0x80000694 (0x0345f433) remu    s0, a1, s4
core   0: 3 0x80000694 (0x0345f433) x 8 0x00000000
core   0: 0x80000698 (0x7acc3213) sltiu   tp, s8, 1964
core   0: 3 0x80000698 (0x7acc3213) x 4 0x00000000
core   0: 0x8000069c (0x40885713) srai    a4, a6, 8
core   0: 3 0x8000069c (0x40885713) x14 0x00000000
core   0: 0x800006a0 (0x02aa3233) mulhu   tp, s4, a0
core   0: 3 0x800006a0 (0x02aa3233) x 4 0x00000000
core   0: 0x800006a4 (0x27977713) andi    a4, a4, 633
core   0: 3 0x800006a4 (0x27977713) x14 0x00000000
core   0: 0x800006a8 (0x01485a13) srli    s4, a6, 20
core   0: 3 0x800006a8 (0x01485a13) x20 0x00000000
core   0: 0x800006ac (0x7c97f693) andi    a3, a5, 1993
core   0: 3 0x800006ac (0x7c97f693) x13 0x000000c9
core   0: 0x800006b0 (0x00b57933) and     s2, a0, a1
core   0: 3 0x800006b0 (0x00b57933) x18 0x00000000
core   0: 0x800006b4 (0x586d0393) addi    t2, s10, 1414
core   0: 3 0x800006b4 (0x586d0393) x 7 0x00000587
core   0: 0x800006b8 (0xd2158437) lui     s0, 0xd2158
core   0: 3 0x800006b8 (0xd2158437) x 8 0xd2158000
core   0: 0x800006bc (0x01614fb3) xor     t6, sp, s6
core   0: 3 0x800006bc (0x01614fb3) x31 0x6a17f974
core   0: 0x800006c0 (0x4036d393) srai    t2, a3, 3
core   0: 3 0x800006c0 (0x4036d393) x 7 0x00000019
core   0: 0x800006c4 (0x0345feb3) remu    t4, a1, s4
core   0: 3 0x800006c4 (0x0345feb3) x29 0x00000000
core   0: 0x800006c8 (0x41925d93) srai    s11, tp, 25
core   0: 3 0x800006c8 (0x41925d93) x27 0x00000000
core   0: 0x800006cc (0x011b21b3) slt     gp, s6, a7
core   0: 3 0x800006cc (0x011b21b3) x 3 0x00000001
core   0: 0x800006d0 (0x00bdc533) xor     a0, s11, a1
core   0: 3 0x800006d0 (0x00bdc533) x10 0x00000000
core   0: 0x800006d4 (0x035e5eb3) divu    t4, t3, s5
core   0: 3 0x800006d4 (0x035e5eb3) x29 0x00000000
core   0: 0x800006d8 (0x033fe933) rem     s2, t6, s3
core   0: 3 0x800006d8 (0x033fe933) x18 0x6a17f974
core   0: 0x800006dc (0x01f14eb3) xor     t4, sp, t6
core   0: 3 0x800006dc (0x01f14eb3) x29 0xea167590
core   0: 0x800006e0 (0x417b51b3) sra     gp, s6, s7
core   0: 3 0x800006e0 (0x417b51b3) x 3 0xea167590
core   0: 0x800006e4 (0xb64e2813) slti    a6, t3, -1180
core   0: 3 0x800006e4 (0xb64e2813) x16 0x00000000
core   0: 0x800006e8 (0xf05eae93) slti    t4, t4, -251
core   0: 3 0x800006e8 (0xf05eae93) x29 0x00000001
core   0: 0x800006ec (0x77614f93) xori    t6, sp, 1910
core   0: 3 0x800006ec (0x77614f93) x31 0x80018b92
core   0: 0x800006f0 (0x00000013) nop
core   0: 3 0x800006f0 (0x00000013)
core   0: 0x800006f4 (0x5f7519b7) lui     s3, 0x5f751
core   0: 3 0x800006f4 (0x5f7519b7) x19 0x5f751000
core   0: 0x800006f8 (0xb29c6e13) ori     t3, s8, -1239
core   0: 3 0x800006f8 (0xb29c6e13) x28 0xffffffad
core   0: 0x800006fc (0xbbfa8fb7) lui     t6, 0xbbfa8
core   0: 3 0x800006fc (0xbbfa8fb7) x31 0xbbfa8000
core   0: 0x80000700 (0x00475e93) srli    t4, a4, 4
core   0: 3 0x80000700 (0x00475e93) x29 0x00000000
core   0: 0x80000704 (0x015c1b33) sll     s6, s8, s5
core   0: 3 0x80000704 (0x015c1b33) x22 0xd6ac6840
core   0: 0x80000708 (0x2a8aa693) slti    a3, s5, 680
core   0: 3 0x80000708 (0x2a8aa693) x13 0x00000001
core   0: 0x8000070c (0x01c375b3) and     a1, t1, t3
core   0: 3 0x8000070c (0x01c375b3) x11 0x00000000
core   0: 0x80000710 (0x0d49fe37) lui     t3, 0xd49f
core   0: 3 0x80000710 (0x0d49fe37) x28 0x0d49f000
core   0: 0x80000714 (0x010ff4b3) and     s1, t6, a6
core   0: 3 0x80000714 (0x010ff4b3) x 9 0x00000000
core   0: 0x80000718 (0x01d346b3) xor     a3, t1, t4
core   0: 3 0x80000718 (0x01d346b3) x13 0x00000000
core   0: 0x8000071c (0x5e786893) ori     a7, a6, 1511
core   0: 3 0x8000071c (0x5e786893) x17 0x000005e7
core   0: 0x80000720 (0x348a6a13) ori     s4, s4, 840
core   0: 3 0x80000720 (0x348a6a13) x20 0x00000348
core   0: 0x80000724 (0x2a793713) sltiu   a4, s2, 679
core   0: 3 0x80000724 (0x2a793713) x14 0x00000000
core   0: 0x80000728 (0x038861b3) rem     gp, a6, s8
core   0: 3 0x80000728 (0x038861b3) x 3 0x00000000
core   0: 0x8000072c (0x032a9a33) mulh    s4, s5, s2
core   0: 3 0x8000072c (0x032a9a33) x20 0xcaf48dda
core   0: 0x80000730 (0x03cd68b3) rem     a7, s10, t3
core   0: 3 0x80000730 (0x03cd68b3) x17 0x00000001
core   0: 0x80000734 (0x00000013) nop
core   0: 3 0x80000734 (0x00000013)
core   0: 0x80000738 (0x02163fb3) mulhu   t6, a2, ra
core   0: 3 0x80000738 (0x02163fb3) x31 0x00000000
core   0: 0x8000073c (0x5947b713) sltiu   a4, a5, 1428
core   0: 3 0x8000073c (0x5947b713) x14 0x00000001
core   0: 0x80000740 (0x00a184b3) add     s1, gp, a0
core   0: 3 0x80000740 (0x00a184b3) x 9 0x00000000
core   0: 0x80000744 (0x00ddbf33) sltu    t5, s11, a3
core   0: 3 0x80000744 (0x00ddbf33) x30 0x00000000
core   0: 0x80000748 (0x02267533) remu    a0, a2, sp
core   0: 3 0x80000748 (0x02267533) x10 0x70176e7c
core   0: 0x8000074c (0x00000013) nop
core   0: 3 0x8000074c (0x00000013)
core   0: 0x80000750 (0x01e89e93) slli    t4, a7, 30
core   0: 3 0x80000750 (0x01e89e93) x29 0x40000000
core   0: 0x80000754 (0x0092d6b3) srl     a3, t0, s1
core   0: 3 0x80000754 (0x0092d6b3) x13 0x00000000
core   0: 0x80000758 (0x03926033) rem     zero, tp, s9
core   0: 3 0x80000758 (0x03926033)
core   0: 0x8000075c (0x0295aa33) mulhsu  s4, a1, s1
core   0: 3 0x8000075c (0x0295aa33) x20 0x00000000
core   0: 0x80000760 (0x3d7ecd13) xori    s10, t4, 983
core   0: 3 0x80000760 (0x3d7ecd13) x26 0x400003d7
core   0: 0x80000764 (0x0180d4b3) srl     s1, ra, s8
core   0: 3 0x80000764 (0x0180d4b3) x 9 0x00000000
core   0: 0x80000768 (0xc8e1ca13) xori    s4, gp, -882
core   0: 3 0x80000768 (0xc8e1ca13) x20 0xfffffc8e
core   0: 0x8000076c (0x02296033) rem     zero, s2, sp
core   0: 3 0x8000076c (0x02296033)
core   0: 0x80000770 (0x03f31233) mulh    tp, t1, t6
core   0: 3 0x80000770 (0x03f31233) x 4 0x00000000
core   0: 0x80000774 (0x95647f93) andi    t6, s0, -1706
core   0: 3 0x80000774 (0x95647f93) x31 0xd2158000
core   0: 0x80000778 (0x0016c2b3) xor     t0, a3, ra
core   0: 3 0x80000778 (0x0016c2b3) x 5 0x00000000
core   0: 0x8000077c (0x5830b493) sltiu   s1, ra, 1411
core   0: 3 0x8000077c (0x5830b493) x 9 0x00000001
core   0: 0x80000780 (0x012aa733) slt     a4, s5, s2
core   0: 3 0x80000780 (0x012aa733) x14 0x00000001
core   0: 0x80000784 (0x0042de93) srli    t4, t0, 4
core   0: 3 0x80000784 (0x0042de93) x29 0x00000000
core   0: 0x80000788 (0x01f19293) slli    t0, gp, 31
core   0: 3 0x80000788 (0x01f19293) x 5 0x00000000
core   0: 0x8000078c (0x24936593) ori     a1, t1, 585
core   0: 3 0x8000078c (0x24936593) x11 0x00000249
core   0: 0x80000790 (0x011acbb3) xor     s7, s5, a7
core   0: 3 0x80000790 (0x011acbb3) x23 0x80014e65
core   0: 0x80000794 (0x01ee96b3) sll     a3, t4, t5
core   0: 3 0x80000794 (0x01ee96b3) x13 0x00000000
core   0: 0x80000798 (0x0715eb13) ori     s6, a1, 113
core   0: 3 0x80000798 (0x0715eb13) x22 0x00000279
core   0: 0x8000079c (0xee77a497) auipc   s1, 0xee77a
core   0: 3 0x8000079c (0xee77a497) x 9 0x6e77a79c
core   0: 0x800007a0 (0x01ed96b3) sll     a3, s11, t5
core   0: 3 0x800007a0 (0x01ed96b3) x13 0x00000000
core   0: 0x800007a4 (0x02cd4533) div     a0, s10, a2
core   0: 3 0x800007a4 (0x02cd4533) x10 0xfffffffc
core   0: 0x800007a8 (0x006eccb3) xor     s9, t4, t1
core   0: 3 0x800007a8 (0x006eccb3) x25 0x00000000
core   0: 0x800007ac (0x0009a4b3) slt     s1, s3, zero
core   0: 3 0x800007ac (0x0009a4b3) x 9 0x00000000
core   0: 0x800007b0 (0x00000013) nop
core   0: 3 0x800007b0 (0x00000013)
core   0: 0x800007b4 (0x8fdf2893) slti    a7, t5, -1795
core   0: 3 0x800007b4 (0x8fdf2893) x17 0x00000000
core   0: 0x800007b8 (0x003cbdb3) sltu    s11, s9, gp
core   0: 3 0x800007b8 (0x003cbdb3) x27 0x00000000
core   0: 0x800007bc (0x405f0db3) sub     s11, t5, t0
core   0: 3 0x800007bc (0x405f0db3) x27 0x00000000
core   0: 0x800007c0 (0xdcfe9017) auipc   zero, 0xdcfe9
core   0: 3 0x800007c0 (0xdcfe9017)
core   0: 0x800007c4 (0x00635093) srli    ra, t1, 6
core   0: 3 0x800007c4 (0x00635093) x 1 0x00000000
core   0: 0x800007c8 (0x49d4fa13) andi    s4, s1, 1181
core   0: 3 0x800007c8 (0x49d4fa13) x20 0x00000000
core   0: 0x800007cc (0x02acaa33) mulhsu  s4, s9, a0
core   0: 3 0x800007cc (0x02acaa33) x20 0x00000000
core   0: 0x800007d0 (0x023194b3) mulh    s1, gp, gp
core   0: 3 0x800007d0 (0x023194b3) x 9 0x00000000
core   0: 0x800007d4 (0x00ba63b3) or      t2, s4, a1
core   0: 3 0x800007d4 (0x00ba63b3) x 7 0x00000249
core   0: 0x800007d8 (0xd3d74b93) xori    s7, a4, -707
core   0: 3 0x800007d8 (0xd3d74b93) x23 0xfffffd3c
core   0: 0x800007dc (0x1871a513) slti    a0, gp, 391
core   0: 3 0x800007dc (0x1871a513) x10 0x00000001
core   0: 0x800007e0 (0x00f45093) srli    ra, s0, 15
core   0: 3 0x800007e0 (0x00f45093) x 1 0x0001a42b
core   0: 0x800007e4 (0x005f43b3) xor     t2, t5, t0
core   0: 3 0x800007e4 (0x005f43b3) x 7 0x00000000
core   0: 0x800007e8 (0x59c6ceb7) lui     t4, 0x59c6c
core   0: 3 0x800007e8 (0x59c6ceb7) x29 0x59c6c000
core   0: 0x800007ec (0x41d95533) sra     a0, s2, t4
core   0: 3 0x800007ec (0x41d95533) x10 0x6a17f974
core   0: 0x800007f0 (0x71f6c493) xori    s1, a3, 1823
core   0: 3 0x800007f0 (0x71f6c493) x 9 0x0000071f
core   0: 0x800007f4 (0x40cd0333) sub     t1, s10, a2
core   0: 3 0x800007f4 (0x40cd0333) x 6 0x4fe70877
core   0: 0x800007f8 (0x03c7e3b3) rem     t2, a5, t3
core   0: 3 0x800007f8 (0x03c7e3b3) x 7 0x000000eb
core   0: 0x800007fc (0x01fcba33) sltu    s4, s9, t6
core   0: 3 0x800007fc (0x01fcba33) x20 0x00000001
core   0: 0x80000800 (0x01ffa533) slt     a0, t6, t6
core   0: 3 0x80000800 (0x01ffa533) x10 0x00000000
core   0: 0x80000804 (0x02f078b3) remu    a7, zero, a5
core   0: 3 0x80000804 (0x02f078b3) x17 0x00000000
core   0: 0x80000808 (0x0f0319b7) lui     s3, 0xf031
core   0: 3 0x80000808 (0x0f0319b7) x19 0x0f031000
core   0: 0x8000080c (0x3c76bf93) sltiu   t6, a3, 967
core   0: 3 0x8000080c (0x3c76bf93) x31 0x00000001
core   0: 0x80000810 (0x01c94fb3) xor     t6, s2, t3
core   0: 3 0x80000810 (0x01c94fb3) x31 0x675e0974
core   0: 0x80000814 (0x02e09033) mulh    zero, ra, a4
core   0: 3 0x80000814 (0x02e09033)
core   0: 0x80000818 (0x50b46d13) ori     s10, s0, 1291
core   0: 3 0x80000818 (0x50b46d13) x26 0xd215850b
core   0: 0x8000081c (0x4027d6b3) sra     a3, a5, sp
core   0: 3 0x8000081c (0x4027d6b3) x13 0x0000000e
core   0: 0x80000820 (0x00000013) nop
core   0: 3 0x80000820 (0x00000013)
core   0: 0x80000824 (0x0093de13) srli    t3, t2, 9
core   0: 3 0x80000824 (0x0093de13) x28 0x00000000
core   0: 0x80000828 (0x00647533) and     a0, s0, t1
core   0: 3 0x80000828 (0x00647533) x10 0x42050000
core   0: 0x8000082c (0x026ba4b3) mulhsu  s1, s7, t1
core   0: 3 0x8000082c (0x026ba4b3) x 9 0xffffff23
core   0: 0x80000830 (0x0224b2b3) mulhu   t0, s1, sp
core   0: 3 0x80000830 (0x0224b2b3) x 5 0x80018c75
core   0: 0x80000834 (0x009e5233) srl     tp, t3, s1
core   0: 3 0x80000834 (0x009e5233) x 4 0x00000000
core   0: 0x80000838 (0x003b9813) slli    a6, s7, 3
core   0: 3 0x80000838 (0x003b9813) x16 0xffffe9e0
core   0: 0x8000083c (0x0164bbb3) sltu    s7, s1, s6
core   0: 3 0x8000083c (0x0164bbb3) x23 0x00000000
core   0: 0x80000840 (0x48b69697) auipc   a3, 0x48b69
core   0: 3 0x80000840 (0x48b69697) x13 0xc8b69840
core   0: 0x80000844 (0x011424b3) slt     s1, s0, a7
core   0: 3 0x80000844 (0x011424b3) x 9 0x00000001
core   0: 0x80000848 (0x00000013) nop
core   0: 3 0x80000848 (0x00000013)
core   0: 0x8000084c (0x40750333) sub     t1, a0, t2
core   0: 3 0x8000084c (0x40750333) x 6 0x4204ff15
core   0: 0x80000850 (0x291fe713) ori     a4, t6, 657
core   0: 3 0x80000850 (0x291fe713) x14 0x675e0bf5
core   0: 0x80000854 (0x01315d93) srli    s11, sp, 19
core   0: 3 0x80000854 (0x01315d93) x27 0x00001000
core   0: 0x80000858 (0x00000013) nop
core   0: 3 0x80000858 (0x00000013)
core   0: 0x8000085c (0x033fc1b3) div     gp, t6, s3
core   0: 3 0x8000085c (0x033fc1b3) x 3 0x00000006
core   0: 0x80000860 (0x37606f93) ori     t6, zero, 886
core   0: 3 0x80000860 (0x37606f93) x31 0x00000376
core   0: 0x80000864 (0x002c8d33) add     s10, s9, sp
core   0: 3 0x80000864 (0x002c8d33) x26 0x80018ce4
core   0: 0x80000868 (0x00000013) nop
core   0: 3 0x80000868 (0x00000013)
core   0: 0x8000086c (0x00f21313) slli    t1, tp, 15
core   0: 3 0x8000086c (0x00f21313) x 6 0x00000000
core   0: 0x80000870 (0x0030ebb3) or      s7, ra, gp
core   0: 3 0x80000870 (0x0030ebb3) x23 0x0001a42f
core   0: 0x80000874 (0x00280333) add     t1, a6, sp
core   0: 3 0x80000874 (0x00280333) x 6 0x800176c4
core   0: 0x80000878 (0x047cc313) xori    t1, s9, 71
core   0: 3 0x80000878 (0x047cc313) x 6 0x00000047
core   0: 0x8000087c (0x03c6c8b3) div     a7, a3, t3
core   0: 3 0x8000087c (0x03c6c8b3) x17 0xffffffff
core   0: 0x80000880 (0x018679b3) and     s3, a2, s8
core   0: 3 0x80000880 (0x018679b3) x19 0x3008c200
core   0: 0x80000884 (0x00d40233) add     tp, s0, a3
core   0: 3 0x80000884 (0x00d40233) x 4 0x9acc1840
core   0: 0x80000888 (0x02c8b4b3) mulhu   s1, a7, a2
core   0: 3 0x80000888 (0x02c8b4b3) x 9 0xf018fb5f
core   0: 0x8000088c (0xa69d0093) addi    ra, s10, -1431
core   0: 3 0x8000088c (0xa69d0093) x 1 0x8001874d
core   0: 0x80000890 (0xa637b197) auipc   gp, 0xa637b
core   0: 3 0x80000890 (0xa637b197) x 3 0x2637b890
core   0: 0x80000894 (0x4179d733) sra     a4, s3, s7
core   0: 3 0x80000894 (0x4179d733) x14 0x00006011
core   0: 0x80000898 (0x2b9b3793) sltiu   a5, s6, 697
core   0: 3 0x80000898 (0x2b9b3793) x15 0x00000001
core   0: 0x8000089c (0x01617333) and     t1, sp, s6
core   0: 3 0x8000089c (0x01617333) x 6 0x00000060
core   0: 0x800008a0 (0x9de9ce13) xori    t3, s3, -1570
core   0: 3 0x800008a0 (0x9de9ce13) x28 0xcff73bde
core   0: 0x800008a4 (0xf81b0993) addi    s3, s6, -127
core   0: 3 0x800008a4 (0xf81b0993) x19 0x000001fa
core   0: 0x800008a8 (0x027383b3) mul     t2, t2, t2
core   0: 3 0x800008a8 (0x027383b3) x 7 0x0000d7b9
core   0: 0x800008ac (0x0334f233) remu    tp, s1, s3
core   0: 3 0x800008ac (0x0334f233) x 4 0x000000cf
core   0: 0x800008b0 (0x01426f33) or      t5, tp, s4
core   0: 3 0x800008b0 (0x01426f33) x30 0x000000cf
core   0: 0x800008b4 (0x9465f313) andi    t1, a1, -1722
core   0: 3 0x800008b4 (0x9465f313) x 6 0x00000040
core   0: 0x800008b8 (0x026f2533) mulhsu  a0, t5, t1
core   0: 3 0x800008b8 (0x026f2533) x10 0x00000000
core   0: 0x800008bc (0x0352f533) remu    a0, t0, s5
core   0: 3 0x800008bc (0x0352f533) x10 0x00003e11
core   0: 0x800008c0 (0x032cd533) divu    a0, s9, s2
core   0: 3 0x800008c0 (0x032cd533) x10 0x00000000
core   0: 0x800008c4 (0x00463f33) sltu    t5, a2, tp
core   0: 3 0x800008c4 (0x00463f33) x30 0x00000000
core   0: 0x800008c8 (0xf2744493) xori    s1, s0, -217
core   0: 3 0x800008c8 (0xf2744493) x 9 0x2dea7f27
core   0: 0x800008cc (0x5490f193) andi    gp, ra, 1353
core   0: 3 0x800008cc (0x5490f193) x 3 0x00000549
core   0: 0x800008d0 (0x020252b3) divu    t0, tp, zero
core   0: 3 0x800008d0 (0x020252b3) x 5 0xffffffff
core   0: 0x800008d4 (0x029abb33) mulhu   s6, s5, s1
core   0: 3 0x800008d4 (0x029abb33) x22 0x16f57b8d
core   0: 0x800008d8 (0x037dfeb3) remu    t4, s11, s7
core   0: 3 0x800008d8 (0x037dfeb3) x29 0x00001000
core   0: 0x800008dc (0x43c7c313) xori    t1, a5, 1084
core   0: 3 0x800008dc (0x43c7c313) x 6 0x0000043d
core   0: 0x800008e0 (0x00e0e733) or      a4, ra, a4
core   0: 3 0x800008e0 (0x00e0e733) x14 0x8001e75d
core   0: 0x800008e4 (0x007f9533) sll     a0, t6, t2
core   0: 3 0x800008e4 (0x007f9533) x10 0xec000000
core   0: 0x800008e8 (0x01e2ad33) slt     s10, t0, t5
core   0: 3 0x800008e8 (0x01e2ad33) x26 0x00000001
core   0: 0x800008ec (0x400cda33) sra     s4, s9, zero
core   0: 3 0x800008ec (0x400cda33) x20 0x00000000
core   0: 0x800008f0 (0x00c7b833) sltu    a6, a5, a2
core   0: 3 0x800008f0 (0x00c7b833) x16 0x00000001
core   0: 0x800008f4 (0x00735413) srli    s0, t1, 7
core   0: 3 0x800008f4 (0x00735413) x 8 0x00000008
core   0: 0x800008f8 (0x00e95793) srli    a5, s2, 14
core   0: 3 0x800008f8 (0x00e95793) x15 0x0001a85f
core   0: 0x800008fc (0x0227d8b3) divu    a7, a5, sp
core   0: 3 0x800008fc (0x0227d8b3) x17 0x00000000
core   0: 0x80000900 (0x00920433) add     s0, tp, s1
core   0: 3 0x80000900 (0x00920433) x 8 0x2dea7ff6
core   0: 0x80000904 (0x04b6b293) sltiu   t0, a3, 75
core   0: 3 0x80000904 (0x04b6b293) x 5 0x00000000
core   0: 0x80000908 (0x49c9c593) xori    a1, s3, 1180
core   0: 3 0x80000908 (0x49c9c593) x11 0x00000566
core   0: 0x8000090c (0xdd00a493) slti    s1, ra, -560
core   0: 3 0x8000090c (0xdd00a493) x 9 0x00000001
core   0: 0x80000910 (0x4005d3b3) sra     t2, a1, zero
core   0: 3 0x80000910 (0x4005d3b3) x 7 0x00000566
core   0: 0x80000914 (0x80f2d597) auipc   a1, 0x80f2d
core   0: 3 0x80000914 (0x80f2d597) x11 0x00f2d914
core   0: 0x80000918 (0x00206833) or      a6, zero, sp
core   0: 3 0x80000918 (0x00206833) x16 0x80018ce4
core   0: 0x8000091c (0x403d88b3) sub     a7, s11, gp
core   0: 3 0x8000091c (0x403d88b3) x17 0x00000ab7
core   0: 0x80000920 (0x02632a33) mulhsu  s4, t1, t1
core   0: 3 0x80000920 (0x02632a33) x20 0x00000000
core   0: 0x80000924 (0x113d7893) andi    a7, s10, 275
core   0: 3 0x80000924 (0x113d7893) x17 0x00000001
core   0: 0x80000928 (0x19697213) andi    tp, s2, 406
core   0: 3 0x80000928 (0x19697213) x 4 0x00000114
core   0: 0x8000092c (0x0320aa33) mulhsu  s4, ra, s2
core   0: 3 0x8000092c (0x0320aa33) x20 0xcaf4a570
core   0: 0x80000930 (0x00000013) nop
core   0: 3 0x80000930 (0x00000013)
core   0: 0x80000934 (0x027f5733) divu    a4, t5, t2
core   0: 3 0x80000934 (0x027f5733) x14 0x00000000
core   0: 0x80000938 (0x00000013) nop
core   0: 3 0x80000938 (0x00000013)
core   0: 0x8000093c (0x032fb533) mulhu   a0, t6, s2
core   0: 3 0x8000093c (0x032fb533) x10 0x0000016f
core   0: 0x80000940 (0xe1028f93) addi    t6, t0, -496
core   0: 3 0x80000940 (0xe1028f93) x31 0xfffffe10
core   0: 0x80000944 (0x47e24893) xori    a7, tp, 1150
core   0: 3 0x80000944 (0x47e24893) x17 0x0000056a
core   0: 0x80000948 (0x01c59033) sll     zero, a1, t3
core   0: 3 0x80000948 (0x01c59033)
core   0: 0x8000094c (0x00091793) slli    a5, s2, 0
core   0: 3 0x8000094c (0x00091793) x15 0x6a17f974
core   0: 0x80000950 (0x41b1d513) srai    a0, gp, 27
core   0: 3 0x80000950 (0x41b1d513) x10 0x00000000
core   0: 0x80000954 (0x406f8eb3) sub     t4, t6, t1
core   0: 3 0x80000954 (0x406f8eb3) x29 0xfffff9d3
core   0: 0x80000958 (0x8bb13213) sltiu   tp, sp, -1861
core   0: 3 0x80000958 (0x8bb13213) x 4 0x00000001
core   0: 0x8000095c (0x00000013) nop
core   0: 3 0x8000095c (0x00000013)
core   0: 0x80000960 (0x023fd333) divu    t1, t6, gp
core   0: 3 0x80000960 (0x023fd333) x 6 0x00307002
core   0: 0x80000964 (0x00767733) and     a4, a2, t2
core   0: 3 0x80000964 (0x00767733) x14 0x00000160
core   0: 0x80000968 (0x620d1697) auipc   a3, 0x620d1
core   0: 3 0x80000968 (0x620d1697) x13 0xe20d1968
core   0: 0x8000096c (0x03aefe33) remu    t3, t4, s10
core   0: 3 0x8000096c (0x03aefe33) x28 0x00000000
core   0: 0x80000970 (0x018a7b33) and     s6, s4, s8
core   0: 3 0x80000970 (0x018a7b33) x22 0x08608400
core   0: 0x80000974 (0x02ce45b3) div     a1, t3, a2
core   0: 3 0x80000974 (0x02ce45b3) x11 0x00000000
core   0: 0x80000978 (0x032e60b3) rem     ra, t3, s2
core   0: 3 0x80000978 (0x032e60b3) x 1 0x00000000
core   0: 0x8000097c (0x409c5b93) srai    s7, s8, 9
core   0: 3 0x8000097c (0x409c5b93) x23 0x001eb563
core   0: 0x80000980 (0x01bfd533) srl     a0, t6, s11
core   0: 3 0x80000980 (0x01bfd533) x10 0xfffffe10
core   0: 0x80000984 (0x0385f0b3) remu    ra, a1, s8
core   0: 3 0x80000984 (0x0385f0b3) x 1 0x00000000
core   0: 0x80000988 (0x0348a033) mulhsu  zero, a7, s4
core   0: 3 0x80000988 (0x0348a033)
core   0: 0x8000098c (0x036a9db3) mulh    s11, s5, s6
core   0: 3 0x8000098c (0x036a9db3) x27 0xfbcfc8f1
core   0: 0x80000990 (0x01a87933) and     s2, a6, s10
core   0: 3 0x80000990 (0x01a87933) x18 0x00000000
core   0: 0x80000994 (0xc61cab93) slti    s7, s9, -927
core   0: 3 0x80000994 (0xc61cab93) x23 0x00000000
core   0: 0x80000998 (0x01040433) add     s0, s0, a6
core   0: 3 0x80000998 (0x01040433) x 8 0xadec0cda
core   0: 0x8000099c (0x2b3fb593) sltiu   a1, t6, 691
core   0: 3 0x8000099c (0x2b3fb593) x11 0x00000000
core   0: 0x800009a0 (0x6fe33393) sltiu   t2, t1, 1790
core   0: 3 0x800009a0 (0x6fe33393) x 7 0x00000000
core   0: 0x800009a4 (0x02d8d5b3) divu    a1, a7, a3
core   0: 3 0x800009a4 (0x02d8d5b3) x11 0x00000000
core   0: 0x800009a8 (0x00495193) srli    gp, s2, 4
core   0: 3 0x800009a8 (0x00495193) x 3 0x00000000
core   0: 0x800009ac (0x46143713) sltiu   a4, s0, 1121
core   0: 3 0x800009ac (0x46143713) x14 0x00000000
core   0: 0x800009b0 (0x013edfb3) srl     t6, t4, s3
core   0: 3 0x800009b0 (0x013edfb3) x31 0x0000003f
core   0: 0x800009b4 (0x008d3333) sltu    t1, s10, s0
core   0: 3 0x800009b4 (0x008d3333) x 6 0x00000001
core   0: 0x800009b8 (0x00741d13) slli    s10, s0, 7
core   0: 3 0x800009b8 (0x00741d13) x26 0xf6066d00
core   0: 0x800009bc (0x00000013) nop
core   0: 3 0x800009bc (0x00000013)
core   0: 0x800009c0 (0xc7b97c93) andi    s9, s2, -901
core   0: 3 0x800009c0 (0xc7b97c93) x25 0x00000000
core   0: 0x800009c4 (0x6043b193) sltiu   gp, t2, 1540
core   0: 3 0x800009c4 (0x6043b193) x 3 0x00000001
core   0: 0x800009c8 (0x00b79a13) slli    s4, a5, 11
core   0: 3 0x800009c8 (0x00b79a13) x20 0xbfcba000
core   0: 0x800009cc (0x03b05a33) divu    s4, zero, s11
core   0: 3 0x800009cc (0x03b05a33) x20 0x00000000
core   0: 0x800009d0 (0x03f4fe33) remu    t3, s1, t6
core   0: 3 0x800009d0 (0x03f4fe33) x28 0x00000001
core   0: 0x800009d4 (0x4111d413) srai    s0, gp, 17
core   0: 3 0x800009d4 (0x4111d413) x 8 0x00000000
core   0: 0x800009d8 (0x01a75033) srl     zero, a4, s10
core   0: 3 0x800009d8 (0x01a75033)
core   0: 0x800009dc (0x015c9f33) sll     t5, s9, s5
core   0: 3 0x800009dc (0x015c9f33) x30 0x00000000
core   0: 0x800009e0 (0x02d98bb3) mul     s7, s3, a3
core   0: 3 0x800009e0 (0x02d98bb3) x23 0xcde43790
core   0: 0x800009e4 (0x00000013) nop
core   0: 3 0x800009e4 (0x00000013)
core   0: 0x800009e8 (0x9cdfb093) sltiu   ra, t6, -1587
core   0: 3 0x800009e8 (0x9cdfb093) x 1 0x00000001
core   0: 0x800009ec (0x02c10bb3) mul     s7, sp, a2
core   0: 3 0x800009ec (0x02c10bb3) x23 0x7b186180
core   0: 0x800009f0 (0x0351bdb3) mulhu   s11, gp, s5
core   0: 3 0x800009f0 (0x0351bdb3) x27 0x00000000
core   0: 0x800009f4 (0x026b7a33) remu    s4, s6, t1
core   0: 3 0x800009f4 (0x026b7a33) x20 0x00000000
core   0: 0x800009f8 (0x00847d33) and     s10, s0, s0
core   0: 3 0x800009f8 (0x00847d33) x26 0x00000000
core   0: 0x800009fc (0x005258b3) srl     a7, tp, t0
core   0: 3 0x800009fc (0x005258b3) x17 0x00000001
core   0: 0x80000a00 (0x0116f5b3) and     a1, a3, a7
core   0: 3 0x80000a00 (0x0116f5b3) x11 0x00000000
core   0: 0x80000a04 (0x0114d293) srli    t0, s1, 17
core   0: 3 0x80000a04 (0x0114d293) x 5 0x00000000
core   0: 0x80000a08 (0x00e40933) add     s2, s0, a4
core   0: 3 0x80000a08 (0x00e40933) x18 0x00000000
core   0: 0x80000a0c (0x411f05b3) sub     a1, t5, a7
core   0: 3 0x80000a0c (0x411f05b3) x11 0xffffffff
core   0: 0x80000a10 (0x0034fb33) and     s6, s1, gp
core   0: 3 0x80000a10 (0x0034fb33) x22 0x00000001
core   0: 0x80000a14 (0x009cac33) slt     s8, s9, s1
core   0: 3 0x80000a14 (0x009cac33) x24 0x00000001
core   0: 0x80000a18 (0xaf363413) sltiu   s0, a2, -1293
core   0: 3 0x80000a18 (0xaf363413) x 8 0x00000001
core   0: 0x80000a1c (0x01d44cb3) xor     s9, s0, t4
core   0: 3 0x80000a1c (0x01d44cb3) x25 0xfffff9d2
core   0: 0x80000a20 (0x000f6d33) or      s10, t5, zero
core   0: 3 0x80000a20 (0x000f6d33) x26 0x00000000
core   0: 0x80000a24 (0x1a820597) auipc   a1, 0x1a820
core   0: 3 0x80000a24 (0x1a820597) x11 0x9a820a24
core   0: 0x80000a28 (0xf77983b7) lui     t2, 0xf7798
core   0: 3 0x80000a28 (0xf77983b7) x 7 0xf7798000
core   0: 0x80000a2c (0x026141b3) div     gp, sp, t1
core   0: 3 0x80000a2c (0x026141b3) x 3 0x80018ce4
core   0: 0x80000a30 (0x0385ceb3) div     t4, a1, s8
core   0: 3 0x80000a30 (0x0385ceb3) x29 0x9a820a24
core   0: 0x80000a34 (0x033edfb3) divu    t6, t4, s3
core   0: 3 0x80000a34 (0x033edfb3) x31 0x004e2b87
core   0: 0x80000a38 (0xd6cde4b7) lui     s1, 0xd6cde
core   0: 3 0x80000a38 (0xd6cde4b7) x 9 0xd6cde000
core   0: 0x80000a3c (0x02cdd8b3) divu    a7, s11, a2
core   0: 3 0x80000a3c (0x02cdd8b3) x17 0x00000000
core   0: 0x80000a40 (0x7e3ace93) xori    t4, s5, 2019
core   0: 3 0x80000a40 (0x7e3ace93) x29 0x80014987
core   0: 0x80000a44 (0x002e3e33) sltu    t3, t3, sp
core   0: 3 0x80000a44 (0x002e3e33) x28 0x00000001
core   0: 0x80000a48 (0x031bdfb3) divu    t6, s7, a7
core   0: 3 0x80000a48 (0x031bdfb3) x31 0xffffffff
core   0: 0x80000a4c (0xf2a48513) addi    a0, s1, -214
core   0: 3 0x80000a4c (0xf2a48513) x10 0xd6cddf2a
core   0: 0x80000a50 (0x01e1dd93) srli    s11, gp, 30
core   0: 3 0x80000a50 (0x01e1dd93) x27 0x00000002
core   0: 0x80000a54 (0x02808e33) mul     t3, ra, s0
core   0: 3 0x80000a54 (0x02808e33) x28 0x00000001
core   0: 0x80000a58 (0x4139df13) srai    t5, s3, 19
core   0: 3 0x80000a58 (0x4139df13) x30 0x00000000
core   0: 0x80000a5c (0x00767eb3) and     t4, a2, t2
core   0: 3 0x80000a5c (0x00767eb3) x29 0xf0188000
core   0: 0x80000a60 (0x019ccd33) xor     s10, s9, s9
core   0: 3 0x80000a60 (0x019ccd33) x26 0x00000000
core   0: 0x80000a64 (0x0019a733) slt     a4, s3, ra
core   0: 3 0x80000a64 (0x0019a733) x14 0x00000000
core   0: 0x80000a68 (0x003b58b3) srl     a7, s6, gp
core   0: 3 0x80000a68 (0x003b58b3) x17 0x00000000
core   0: 0x80000a6c (0x02951833) mulh    a6, a0, s1
core   0: 3 0x80000a6c (0x02951833) x16 0x06a11832
core   0: 0x80000a70 (0x03a68bb3) mul     s7, a3, s10
core   0: 3 0x80000a70 (0x03a68bb3) x23 0x00000000
core   0: 0x80000a74 (0xcb0f8d93) addi    s11, t6, -848
core   0: 3 0x80000a74 (0xcb0f8d93) x27 0xfffffcaf
core   0: 0x80000a78 (0x0f49cc93) xori    s9, s3, 244
core   0: 3 0x80000a78 (0x0f49cc93) x25 0x0000010e
core   0: 0x80000a7c (0x000dba33) sltu    s4, s11, zero
core   0: 3 0x80000a7c (0x000dba33) x20 0x00000000
core   0: 0x80000a80 (0x22c66817) auipc   a6, 0x22c66
core   0: 3 0x80000a80 (0x22c66817) x16 0xa2c66a80
core   0: 0x80000a84 (0x00219c33) sll     s8, gp, sp
core   0: 3 0x80000a84 (0x00219c33) x24 0x0018ce40
core   0: 0x80000a88 (0x00b8f5b3) and     a1, a7, a1
core   0: 3 0x80000a88 (0x00b8f5b3) x11 0x00000000
core   0: 0x80000a8c (0x41d2d593) srai    a1, t0, 29
core   0: 3 0x80000a8c (0x41d2d593) x11 0x00000000
core   0: 0x80000a90 (0x603baf13) slti    t5, s7, 1539
core   0: 3 0x80000a90 (0x603baf13) x30 0x00000001
core   0: 0x80000a94 (0x026790b3) mulh    ra, a5, t1
core   0: 3 0x80000a94 (0x026790b3) x 1 0x00000000
core   0: 0x80000a98 (0x02a58e33) mul     t3, a1, a0
core   0: 3 0x80000a98 (0x02a58e33) x28 0x00000000
core   0: 0x80000a9c (0x417d8a33) sub     s4, s11, s7
core   0: 3 0x80000a9c (0x417d8a33) x20 0xfffffcaf
core   0: 0x80000aa0 (0x00871c13) slli    s8, a4, 8
core   0: 3 0x80000aa0 (0x00871c13) x24 0x00000000
core   0: 0x80000aa4 (0x38e0c793) xori    a5, ra, 910
core   0: 3 0x80000aa4 (0x38e0c793) x15 0x0000038e
core   0: 0x80000aa8 (0xa3f1fb93) andi    s7, gp, -1473
core   0: 3 0x80000aa8 (0xa3f1fb93) x23 0x80018824
core   0: 0x80000aac (0x00061f93) slli    t6, a2, 0
core   0: 3 0x80000aac (0x00061f93) x31 0xf018fb60
core   0: 0x80000ab0 (0x01f51993) slli    s3, a0, 31
core   0: 3 0x80000ab0 (0x01f51993) x19 0x00000000
core   0: 0x80000ab4 (0x03a04eb3) div     t4, zero, s10
core   0: 3 0x80000ab4 (0x03a04eb3) x29 0xffffffff
core   0: 0x80000ab8 (0x02e12033) mulhsu  zero, sp, a4
core   0: 3 0x80000ab8 (0x02e12033)
core   0: 0x80000abc (0x11ec8cb7) lui     s9, 0x11ec8
core   0: 3 0x80000abc (0x11ec8cb7) x25 0x11ec8000
core   0: 0x80000ac0 (0xb7d8feb7) lui     t4, 0xb7d8f
core   0: 3 0x80000ac0 (0xb7d8feb7) x29 0xb7d8f000
core   0: 0x80000ac4 (0x41b4d933) sra     s2, s1, s11
core   0: 3 0x80000ac4 (0x41b4d933) x18 0xffffad9b
core   0: 0x80000ac8 (0x0215adb3) mulhsu  s11, a1, ra
core   0: 3 0x80000ac8 (0x0215adb3) x27 0x00000000
core   0: 0x80000acc (0x033344b3) div     s1, t1, s3
core   0: 3 0x80000acc (0x033344b3) x 9 0xffffffff
core   0: 0x80000ad0 (0x408c3393) sltiu   t2, s8, 1032
core   0: 3 0x80000ad0 (0x408c3393) x 7 0x00000001
core   0: 0x80000ad4 (0xb1476497) auipc   s1, 0xb1476
core   0: 3 0x80000ad4 (0xb1476497) x 9 0x31476ad4
core   0: 0x80000ad8 (0x003bceb3) xor     t4, s7, gp
core   0: 3 0x80000ad8 (0x003bceb3) x29 0x000004c0
core   0: 0x80000adc (0x01251833) sll     a6, a0, s2
core   0: 3 0x80000adc (0x01251833) x16 0x50000000
core   0: 0x80000ae0 (0xc520bd93) sltiu   s11, ra, -942
core   0: 3 0x80000ae0 (0xc520bd93) x27 0x00000001
core   0: 0x80000ae4 (0x7b4ce213) ori     tp, s9, 1972
core   0: 3 0x80000ae4 (0x7b4ce213) x 4 0x11ec87b4
core   0: 0x80000ae8 (0x00631233) sll     tp, t1, t1
core   0: 3 0x80000ae8 (0x00631233) x 4 0x00000002
core   0: 0x80000aec (0x01c5f4b3) and     s1, a1, t3
core   0: 3 0x80000aec (0x01c5f4b3) x 9 0x00000000
core   0: 0x80000af0 (0x002a3433) sltu    s0, s4, sp
core   0: 3 0x80000af0 (0x002a3433) x 8 0x00000000
core   0: 0x80000af4 (0x41a1de33) sra     t3, gp, s10
core   0: 3 0x80000af4 (0x41a1de33) x28 0x80018ce4
core   0: 0x80000af8 (0x005c8d33) add     s10, s9, t0
core   0: 3 0x80000af8 (0x005c8d33) x26 0x11ec8000
core   0: 0x80000afc (0x01731513) slli    a0, t1, 23
core   0: 3 0x80000afc (0x01731513) x10 0x00800000
core   0: 0x80000b00 (0x001b6a33) or      s4, s6, ra
core   0: 3 0x80000b00 (0x001b6a33) x20 0x00000001
core   0: 0x80000b04 (0x00000013) nop
core   0: 3 0x80000b04 (0x00000013)
core   0: 0x80000b08 (0x0017d1b3) srl     gp, a5, ra
core   0: 3 0x80000b08 (0x0017d1b3) x 3 0x0000038e
core   0: 0x80000b0c (0x03df3a33) mulhu   s4, t5, t4
core   0: 3 0x80000b0c (0x03df3a33) x20 0x00000000
core   0: 0x80000b10 (0x00265d13) srli    s10, a2, 2
core   0: 3 0x80000b10 (0x00265d13) x26 0x3c063ed8
core   0: 0x80000b14 (0x41a48433) sub     s0, s1, s10
core   0: 3 0x80000b14 (0x41a48433) x 8 0xc3f9c128
core   0: 0x80000b18 (0x109eca13) xori    s4, t4, 265
core   0: 3 0x80000b18 (0x109eca13) x20 0x000005c9
core   0: 0x80000b1c (0x09c07513) andi    a0, zero, 156
core   0: 3 0x80000b1c (0x09c07513) x10 0x00000000
core   0: 0x80000b20 (0xe6852013) slti    zero, a0, -408
core   0: 3 0x80000b20 (0xe6852013)
core   0: 0x80000b24 (0x6f7fbd13) sltiu   s10, t6, 1783
core   0: 3 0x80000b24 (0x6f7fbd13) x26 0x00000000
core   0: 0x80000b28 (0x58047213) andi    tp, s0, 1408
core   0: 3 0x80000b28 (0x58047213) x 4 0x00000100
core   0: 0x80000b2c (0x41e153b3) sra     t2, sp, t5
core   0: 3 0x80000b2c (0x41e153b3) x 7 0xc000c672
core   0: 0x80000b30 (0x411ad533) sra     a0, s5, a7
core   0: 3 0x80000b30 (0x411ad533) x10 0x80014e64
core   0: 0x80000b34 (0xb84a4d93) xori    s11, s4, -1148
core   0: 3 0x80000b34 (0xb84a4d93) x27 0xfffffe4d
core   0: 0x80000b38 (0x0239fcb3) remu    s9, s3, gp
core   0: 3 0x80000b38 (0x0239fcb3) x25 0x00000000
core   0: 0x80000b3c (0x02bda033) mulhsu  zero, s11, a1
core   0: 3 0x80000b3c (0x02bda033)
core   0: 0x80000b40 (0x00b909b3) add     s3, s2, a1
core   0: 3 0x80000b40 (0x00b909b3) x19 0xffffad9b
core   0: 0x80000b44 (0x801be913) ori     s2, s7, -2047
core   0: 3 0x80000b44 (0x801be913) x18 0xfffff825
core   0: 0x80000b48 (0xd4da2493) slti    s1, s4, -691
core   0: 3 0x80000b48 (0xd4da2493) x 9 0x00000000
core   0: 0x80000b4c (0x03c3b2b3) mulhu   t0, t2, t3
core   0: 3 0x80000b4c (0x03c3b2b3) x 5 0x60018ce5
core   0: 0x80000b50 (0x026ae433) rem     s0, s5, t1
core   0: 3 0x80000b50 (0x026ae433) x 8 0x00000000
core   0: 0x80000b54 (0xcc00a993) slti    s3, ra, -832
core   0: 3 0x80000b54 (0xcc00a993) x19 0x00000000
core   0: 0x80000b58 (0xbcbaf1b7) lui     gp, 0xbcbaf
core   0: 3 0x80000b58 (0xbcbaf1b7) x 3 0xbcbaf000
core   0: 0x80000b5c (0x01aea933) slt     s2, t4, s10
core   0: 3 0x80000b5c (0x01aea933) x18 0x00000000
core   0: 0x80000b60 (0x0112a3b3) slt     t2, t0, a7
core   0: 3 0x80000b60 (0x0112a3b3) x 7 0x00000000
core   0: 0x80000b64 (0x95e8bd93) sltiu   s11, a7, -1698
core   0: 3 0x80000b64 (0x95e8bd93) x27 0x00000001
core   0: 0x80000b68 (0x00000013) nop
core   0: 3 0x80000b68 (0x00000013)
core   0: 0x80000b6c (0x00c7b233) sltu    tp, a5, a2
core   0: 3 0x80000b6c (0x00c7b233) x 4 0x00000001
core   0: 0x80000b70 (0x316b3413) sltiu   s0, s6, 790
core   0: 3 0x80000b70 (0x316b3413) x 8 0x00000001
core   0: 0x80000b74 (0x01594bb3) xor     s7, s2, s5
core   0: 3 0x80000b74 (0x01594bb3) x23 0x80014e64
core   0: 0x80000b78 (0x00000013) nop
core   0: 3 0x80000b78 (0x00000013)
core   0: 0x80000b7c (0xdfb2e913) ori     s2, t0, -517
core   0: 3 0x80000b7c (0xdfb2e913) x18 0xfffffdff
core   0: 0x80000b80 (0x02524233) div     tp, tp, t0
core   0: 3 0x80000b80 (0x02524233) x 4 0x00000000
core   0: 0x80000b84 (0x5ed37db7) lui     s11, 0x5ed37
core   0: 3 0x80000b84 (0x5ed37db7) x27 0x5ed37000
core   0: 0x80000b88 (0x41435193) srai    gp, t1, 20
core   0: 3 0x80000b88 (0x41435193) x 3 0x00000000
core   0: 0x80000b8c (0x02086b33) rem     s6, a6, zero
core   0: 3 0x80000b8c (0x02086b33) x22 0x50000000
core   0: 0x80000b90 (0x02721eb3) mulh    t4, tp, t2
core   0: 3 0x80000b90 (0x02721eb3) x29 0x00000000
core   0: 0x80000b94 (0x02c251b3) divu    gp, tp, a2
core   0: 3 0x80000b94 (0x02c251b3) x 3 0x00000000
core   0: 0x80000b98 (0x02f151b3) divu    gp, sp, a5
core   0: 3 0x80000b98 (0x02f151b3) x 3 0x002402af
core   0: 0x80000b9c (0xca57b597) auipc   a1, 0xca57b
core   0: 3 0x80000b9c (0xca57b597) x11 0x4a57bb9c
core   0: 0x80000ba0 (0x039d0e33) mul     t3, s10, s9
core   0: 3 0x80000ba0 (0x039d0e33) x28 0x00000000
core   0: 0x80000ba4 (0x02ede0b3) rem     ra, s11, a4
core   0: 3 0x80000ba4 (0x02ede0b3) x 1 0x5ed37000
core   0: 0x80000ba8 (0x00839bb3) sll     s7, t2, s0
core   0: 3 0x80000ba8 (0x00839bb3) x23 0x00000000
core   0: 0x80000bac (0x0051b5b3) sltu    a1, gp, t0
core   0: 3 0x80000bac (0x0051b5b3) x11 0x00000001
core   0: 0x80000bb0 (0x419c8833) sub     a6, s9, s9
core   0: 3 0x80000bb0 (0x419c8833) x16 0x00000000
core   0: 0x80000bb4 (0x41eb0e33) sub     t3, s6, t5
core   0: 3 0x80000bb4 (0x41eb0e33) x28 0x4fffffff
core   0: 0x80000bb8 (0x1eb2cb37) lui     s6, 0x1eb2c
core   0: 3 0x80000bb8 (0x1eb2cb37) x22 0x1eb2c000
core   0: 0x80000bbc (0x9def8f13) addi    t5, t6, -1570
core   0: 3 0x80000bbc (0x9def8f13) x30 0xf018f53e
core   0: 0x80000bc0 (0xc0060713) addi    a4, a2, -1024
core   0: 3 0x80000bc0 (0xc0060713) x14 0xf018f760
core   0: 0x80000bc4 (0x4009d913) srai    s2, s3, 0
core   0: 3 0x80000bc4 (0x4009d913) x18 0x00000000
core   0: 0x80000bc8 (0x95e16913) ori     s2, sp, -1698
core   0: 3 0x80000bc8 (0x95e16913) x18 0xfffffdfe
core   0: 0x80000bcc (0x004ebdb3) sltu    s11, t4, tp
core   0: 3 0x80000bcc (0x004ebdb3) x27 0x00000000
core   0: 0x80000bd0 (0x41115313) srai    t1, sp, 17
core   0: 3 0x80000bd0 (0x41115313) x 6 0xffffc000
core   0: 0x80000bd4 (0x00c61493) slli    s1, a2, 12
core   0: 3 0x80000bd4 (0x00c61493) x 9 0x8fb60000
core   0: 0x80000bd8 (0x02e1d0b3) divu    ra, gp, a4
core   0: 3 0x80000bd8 (0x02e1d0b3) x 1 0x00000000
core   0: 0x80000bdc (0x2f3e7b97) auipc   s7, 0x2f3e7
core   0: 3 0x80000bdc (0x2f3e7b97) x23 0xaf3e7bdc
core   0: 0x80000be0 (0x01a40db3) add     s11, s0, s10
core   0: 3 0x80000be0 (0x01a40db3) x27 0x00000001
core   0: 0x80000be4 (0x003ee2b3) or      t0, t4, gp
core   0: 3 0x80000be4 (0x003ee2b3) x 5 0x002402af
core   0: 0x80000be8 (0x7a986913) ori     s2, a6, 1961
core   0: 3 0x80000be8 (0x7a986913) x18 0x000007a9
core   0: 0x80000bec (0x701e0e13) addi    t3, t3, 1793
core   0: 3 0x80000bec (0x701e0e13) x28 0x50000700
core   0: 0x80000bf0 (0x03bb78b3) remu    a7, s6, s11
core   0: 3 0x80000bf0 (0x03bb78b3) x17 0x00000000
core   0: 0x80000bf4 (0x01d54fb3) xor     t6, a0, t4
core   0: 3 0x80000bf4 (0x01d54fb3) x31 0x80014e64
core   0: 0x80000bf8 (0x0074fcb3) and     s9, s1, t2
core   0: 3 0x80000bf8 (0x0074fcb3) x25 0x00000000
core   0: 0x80000bfc (0x00527033) and     zero, tp, t0
core   0: 3 0x80000bfc (0x00527033)
core   0: 0x80000c00 (0x66a42f93) slti    t6, s0, 1642
core   0: 3 0x80000c00 (0x66a42f93) x31 0x00000001
core   0: 0x80000c04 (0x03d95cb3) divu    s9, s2, t4
core   0: 3 0x80000c04 (0x03d95cb3) x25 0xffffffff
core   0: 0x80000c08 (0x53a02a37) lui     s4, 0x53a02
core   0: 3 0x80000c08 (0x53a02a37) x20 0x53a02000
core   0: 0x80000c0c (0x0328d433) divu    s0, a7, s2
core   0: 3 0x80000c0c (0x0328d433) x 8 0x00000000
core   0: 0x80000c10 (0x01ca9d13) slli    s10, s5, 28
core   0: 3 0x80000c10 (0x01ca9d13) x26 0x40000000
core   0: 0x80000c14 (0x014fdc13) srli    s8, t6, 20
core   0: 3 0x80000c14 (0x014fdc13) x24 0x00000000
core   0: 0x80000c18 (0x00c52cb3) slt     s9, a0, a2
core   0: 3 0x80000c18 (0x00c52cb3) x25 0x00000001
core   0: 0x80000c1c (0x0277fb33) remu    s6, a5, t2
core   0: 3 0x80000c1c (0x0277fb33) x22 0x0000038e
core   0: 0x80000c20 (0xf0b9ddb7) lui     s11, 0xf0b9d
core   0: 3 0x80000c20 (0xf0b9ddb7) x27 0xf0b9d000
core   0: 0x80000c24 (0x01d9d7b3) srl     a5, s3, t4
core   0: 3 0x80000c24 (0x01d9d7b3) x15 0x00000000
core   0: 0x80000c28 (0x575c8b93) addi    s7, s9, 1397
core   0: 3 0x80000c28 (0x575c8b93) x23 0x00000576
core   0: 0x80000c2c (0x40210b93) addi    s7, sp, 1026
core   0: 3 0x80000c2c (0x40210b93) x23 0x800190e6
core   0: 0x80000c30 (0x00000013) nop
core   0: 3 0x80000c30 (0x00000013)
core   0: 0x80000c34 (0xf9a3c293) xori    t0, t2, -102
core   0: 3 0x80000c34 (0xf9a3c293) x 5 0xffffff9a
core   0: 0x80000c38 (0x00d55b13) srli    s6, a0, 13
core   0: 3 0x80000c38 (0x00d55b13) x22 0x0004000a
core   0: 0x80000c3c (0x2679ab93) slti    s7, s3, 615
core   0: 3 0x80000c3c (0x2679ab93) x23 0x00000001
core   0: 0x80000c40 (0x00d52033) slt     zero, a0, a3
core   0: 3 0x80000c40 (0x00d52033)
core   0: 0x80000c44 (0x0176d713) srli    a4, a3, 23
core   0: 3 0x80000c44 (0x0176d713) x14 0x000001c4
core   0: 0x80000c48 (0x01abcbb3) xor     s7, s7, s10
core   0: 3 0x80000c48 (0x01abcbb3) x23 0x40000001
core   0: 0x80000c4c (0xd9af2313) slti    t1, t5, -614
core   0: 3 0x80000c4c (0xd9af2313) x 6 0x00000001
core   0: 0x80000c50 (0xe9918493) addi    s1, gp, -359
core   0: 3 0x80000c50 (0xe9918493) x 9 0x00240148
core   0: 0x80000c54 (0xbaa4b213) sltiu   tp, s1, -1110
core   0: 3 0x80000c54 (0xbaa4b213) x 4 0x00000001
core   0: 0x80000c58 (0x030135b3) mulhu   a1, sp, a6
core   0: 3 0x80000c58 (0x030135b3) x11 0x00000000
core   0: 0x80000c5c (0x408c56b3) sra     a3, s8, s0
core   0: 3 0x80000c5c (0x408c56b3) x13 0x00000000
core   0: 0x80000c60 (0xb8ba38b7) lui     a7, 0xb8ba3
core   0: 3 0x80000c60 (0xb8ba38b7) x17 0xb8ba3000
core   0: 0x80000c64 (0x02a99233) mulh    tp, s3, a0
core   0: 3 0x80000c64 (0x02a99233) x 4 0x00000000
core   0: 0x80000c68 (0x429bff13) andi    t5, s7, 1065
core   0: 3 0x80000c68 (0x429bff13) x30 0x00000001
core   0: 0x80000c6c (0x3910ac93) slti    s9, ra, 913
core   0: 3 0x80000c6c (0x3910ac93) x25 0x00000001
core   0: 0x80000c70 (0x41790733) sub     a4, s2, s7
core   0: 3 0x80000c70 (0x41790733) x14 0xc00007a8
core   0: 0x80000c74 (0x039e6e33) rem     t3, t3, s9
core   0: 3 0x80000c74 (0x039e6e33) x28 0x00000000
core   0: 0x80000c78 (0x038ca6b3) mulhsu  a3, s9, s8
core   0: 3 0x80000c78 (0x038ca6b3) x13 0x00000000
core   0: 0x80000c7c (0x1c564c93) xori    s9, a2, 453
core   0: 3 0x80000c7c (0x1c564c93) x25 0xf018faa5
core   0: 0x80000c80 (0x00d33f33) sltu    t5, t1, a3
core   0: 3 0x80000c80 (0x00d33f33) x30 0x00000000
core   0: 0x80000c84 (0x32970513) addi    a0, a4, 809
core   0: 3 0x80000c84 (0x32970513) x10 0xc0000ad1
core   0: 0x80000c88 (0x011b83b3) add     t2, s7, a7
core   0: 3 0x80000c88 (0x011b83b3) x 7 0xf8ba3001
core   0: 0x80000c8c (0x75257413) andi    s0, a0, 1874
core   0: 3 0x80000c8c (0x75257413) x 8 0x00000250
core   0: 0x80000c90 (0x405f8b33) sub     s6, t6, t0
core   0: 3 0x80000c90 (0x405f8b33) x22 0x00000067
core   0: 0x80000c94 (0x015498b3) sll     a7, s1, s5
core   0: 3 0x80000c94 (0x015498b3) x17 0x02401480
core   0: 0x80000c98 (0x00000013) nop
core   0: 3 0x80000c98 (0x00000013)
core   0: 0x80000c9c (0x000a4bb3) xor     s7, s4, zero
core   0: 3 0x80000c9c (0x000a4bb3) x23 0x53a02000
core   0: 0x80000ca0 (0x01aa68b3) or      a7, s4, s10
core   0: 3 0x80000ca0 (0x01aa68b3) x17 0x53a02000
core   0: 0x80000ca4 (0x015737b3) sltu    a5, a4, s5
core   0: 3 0x80000ca4 (0x015737b3) x15 0x00000000
core   0: 0x80000ca8 (0x02ed91b3) mulh    gp, s11, a4
core   0: 3 0x80000ca8 (0x02ed91b3) x 3 0x03d18b8b
core   0: 0x80000cac (0x315c3417) auipc   s0, 0x315c3
core   0: 3 0x80000cac (0x315c3417) x 8 0xb15c3cac
core   0: 0x80000cb0 (0x8b9eed13) ori     s10, t4, -1863
core   0: 3 0x80000cb0 (0x8b9eed13) x26 0xfffff8b9
core   0: 0x80000cb4 (0x0080b433) sltu    s0, ra, s0
core   0: 3 0x80000cb4 (0x0080b433) x 8 0x00000001
core   0: 0x80000cb8 (0x01919eb3) sll     t4, gp, s9
core   0: 3 0x80000cb8 (0x01919eb3) x29 0x7a317160
core   0: 0x80000cbc (0xb6e0a593) slti    a1, ra, -1170
core   0: 3 0x80000cbc (0xb6e0a593) x11 0x00000000
core   0: 0x80000cc0 (0xbf387b93) andi    s7, a6, -1037
core   0: 3 0x80000cc0 (0xbf387b93) x23 0x00000000
core   0: 0x80000cc4 (0x015badb3) slt     s11, s7, s5
core   0: 3 0x80000cc4 (0x015badb3) x27 0x00000000
core   0: 0x80000cc8 (0x01760b33) add     s6, a2, s7
core   0: 3 0x80000cc8 (0x01760b33) x22 0xf018fb60
core   0: 0x80000ccc (0x00000013) nop
core   0: 3 0x80000ccc (0x00000013)
core   0: 0x80000cd0 (0x0192b7b3) sltu    a5, t0, s9
core   0: 3 0x80000cd0 (0x0192b7b3) x15 0x00000000
core   0: 0x80000cd4 (0x0159e833) or      a6, s3, s5
core   0: 3 0x80000cd4 (0x0159e833) x16 0x80014e64
core   0: 0x80000cd8 (0x017676b3) and     a3, a2, s7
core   0: 3 0x80000cd8 (0x017676b3) x13 0x00000000
core   0: 0x80000cdc (0xd148fe93) andi    t4, a7, -748
core   0: 3 0x80000cdc (0xd148fe93) x29 0x53a02000
core   0: 0x80000ce0 (0x033b5a33) divu    s4, s6, s3
core   0: 3 0x80000ce0 (0x033b5a33) x20 0xffffffff
core   0: 0x80000ce4 (0x00f2e7b3) or      a5, t0, a5
core   0: 3 0x80000ce4 (0x00f2e7b3) x15 0xffffff9a
core   0: 0x80000ce8 (0x03bea1b3) mulhsu  gp, t4, s11
core   0: 3 0x80000ce8 (0x03bea1b3) x 3 0x00000000
core   0: 0x80000cec (0x037df4b3) remu    s1, s11, s7
core   0: 3 0x80000cec (0x037df4b3) x 9 0x00000000
core   0: 0x80000cf0 (0x75c78b13) addi    s6, a5, 1884
core   0: 3 0x80000cf0 (0x75c78b13) x22 0x000006f6
core   0: 0x80000cf4 (0x020eaf33) mulhsu  t5, t4, zero
core   0: 3 0x80000cf4 (0x020eaf33) x30 0x00000000
core   0: 0x80000cf8 (0x01e154b3) srl     s1, sp, t5
core   0: 3 0x80000cf8 (0x01e154b3) x 9 0x80018ce4
core   0: 0x80000cfc (0x02621e33) mulh    t3, tp, t1
core   0: 3 0x80000cfc (0x02621e33) x28 0x00000000
core   0: 0x80000d00 (0xcacf3317) auipc   t1, 0xcacf3
core   0: 3 0x80000d00 (0xcacf3317) x 6 0x4acf3d00
core   0: 0x80000d04 (0x41b2db93) srai    s7, t0, 27
core   0: 3 0x80000d04 (0x41b2db93) x23 0xffffffff
core   0: 0x80000d08 (0x03bc7b33) remu    s6, s8, s11
core   0: 3 0x80000d08 (0x03bc7b33) x22 0x00000000
core   0: 0x80000d0c (0x035a9333) mulh    t1, s5, s5
core   0: 3 0x80000d0c (0x035a9333) x 6 0x3ffeb19d
core   0: 0x80000d10 (0x000d2cb3) slt     s9, s10, zero
core   0: 3 0x80000d10 (0x000d2cb3) x25 0x00000001
core   0: 0x80000d14 (0x01a3deb3) srl     t4, t2, s10
core   0: 3 0x80000d14 (0x01a3deb3) x29 0x0000007c
core   0: 0x80000d18 (0x03b9a033) mulhsu  zero, s3, s11
core   0: 3 0x80000d18 (0x03b9a033)
core   0: 0x80000d1c (0x01641b33) sll     s6, s0, s6
core   0: 3 0x80000d1c (0x01641b33) x22 0x00000001
core   0: 0x80000d20 (0xec208e13) addi    t3, ra, -318
core   0: 3 0x80000d20 (0xec208e13) x28 0xfffffec2
core   0: 0x80000d24 (0x00055033) srl     zero, a0, zero
core   0: 3 0x80000d24 (0x00055033)
core   0: 0x80000d28 (0x004191b3) sll     gp, gp, tp
core   0: 3 0x80000d28 (0x004191b3) x 3 0x00000000
core   0: 0x80000d2c (0x0008ca33) xor     s4, a7, zero
core   0: 3 0x80000d2c (0x0008ca33) x20 0x53a02000
core   0: 0x80000d30 (0x02d00a33) mul     s4, zero, a3
core   0: 3 0x80000d30 (0x02d00a33) x20 0x00000000
core   0: 0x80000d34 (0xfccb4313) xori    t1, s6, -52
core   0: 3 0x80000d34 (0xfccb4313) x 6 0xffffffcd
core   0: 0x80000d38 (0xa392c993) xori    s3, t0, -1479
core   0: 3 0x80000d38 (0xa392c993) x19 0x000005a3
core   0: 0x80000d3c (0x40cd84b3) sub     s1, s11, a2
core   0: 3 0x80000d3c (0x40cd84b3) x 9 0x0fe704a0
core   0: 0x80000d40 (0x01ff5433) srl     s0, t5, t6
core   0: 3 0x80000d40 (0x01ff5433) x 8 0x00000000
core   0: 0x80000d44 (0x02dfc1b3) div     gp, t6, a3
core   0: 3 0x80000d44 (0x02dfc1b3) x 3 0xffffffff
core   0: 0x80000d48 (0x005cdc93) srli    s9, s9, 5
core   0: 3 0x80000d48 (0x005cdc93) x25 0x00000000
core   0: 0x80000d4c (0x0363a933) mulhsu  s2, t2, s6
core   0: 3 0x80000d4c (0x0363a933) x18 0xffffffff
core   0: 0x80000d50 (0x00a39013) slli    zero, t2, 10
core   0: 3 0x80000d50 (0x00a39013)
core   0: 0x80000d54 (0x00000013) nop
core   0: 3 0x80000d54 (0x00000013)
core   0: 0x80000d58 (0xab07e317) auipc   t1, 0xab07e
core   0: 3 0x80000d58 (0xab07e317) x 6 0x2b07ed58
core   0: 0x80000d5c (0xd0d98b13) addi    s6, s3, -755
core   0: 3 0x80000d5c (0xd0d98b13) x22 0x000002b0
core   0: 0x80000d60 (0x416c0bb3) sub     s7, s8, s6
core   0: 3 0x80000d60 (0x416c0bb3) x23 0xfffffd50
core   0: 0x80000d64 (0x028c66b3) rem     a3, s8, s0
core   0: 3 0x80000d64 (0x028c66b3) x13 0x00000000
core   0: 0x80000d68 (0x01274c33) xor     s8, a4, s2
core   0: 3 0x80000d68 (0x01274c33) x24 0x3ffff857
core   0: 0x80000d6c (0x00000013) nop
core   0: 3 0x80000d6c (0x00000013)
core   0: 0x80000d70 (0x01b755b3) srl     a1, a4, s11
core   0: 3 0x80000d70 (0x01b755b3) x11 0xc00007a8
core   0: 0x80000d74 (0x02b02733) mulhsu  a4, zero, a1
core   0: 3 0x80000d74 (0x02b02733) x14 0x00000000
core   0: 0x80000d78 (0x02ca3533) mulhu   a0, s4, a2
core   0: 3 0x80000d78 (0x02ca3533) x10 0x00000000
core   0: 0x80000d7c (0x019d5b33) srl     s6, s10, s9
core   0: 3 0x80000d7c (0x019d5b33) x22 0xfffff8b9
core   0: 0x80000d80 (0x018b8d33) add     s10, s7, s8
core   0: 3 0x80000d80 (0x018b8d33) x26 0x3ffff5a7
core   0: 0x80000d84 (0xdfec2c13) slti    s8, s8, -514
core   0: 3 0x80000d84 (0xdfec2c13) x24 0x00000000
core   0: 0x80000d88 (0x03eab6b3) mulhu   a3, s5, t5
core   0: 3 0x80000d88 (0x03eab6b3) x13 0x00000000
core   0: 0x80000d8c (0x02f81333) mulh    t1, a6, a5
core   0: 3 0x80000d8c (0x02f81333) x 6 0x00000032
core   0: 0x80000d90 (0x02d49033) mulh    zero, s1, a3
core   0: 3 0x80000d90 (0x02d49033)
core   0: 0x80000d94 (0x41ef8b33) sub     s6, t6, t5
core   0: 3 0x80000d94 (0x41ef8b33) x22 0x00000001
core   0: 0x80000d98 (0x03e4d5b3) divu    a1, s1, t5
core   0: 3 0x80000d98 (0x03e4d5b3) x11 0xffffffff
core   0: 0x80000d9c (0x41450d33) sub     s10, a0, s4
core   0: 3 0x80000d9c (0x41450d33) x26 0x00000000
core   0: 0x80000da0 (0x9ad65337) lui     t1, 0x9ad65
core   0: 3 0x80000da0 (0x9ad65337) x 6 0x9ad65000
core   0: 0x80000da4 (0x0389ddb3) divu    s11, s3, s8
core   0: 3 0x80000da4 (0x0389ddb3) x27 0xffffffff
core   0: 0x80000da8 (0x03aa0933) mul     s2, s4, s10
core   0: 3 0x80000da8 (0x03aa0933) x18 0x00000000
core   0: 0x80000dac (0x01de0db3) add     s11, t3, t4
core   0: 3 0x80000dac (0x01de0db3) x27 0xffffff3e
core   0: 0x80000db0 (0x002f1233) sll     tp, t5, sp
core   0: 3 0x80000db0 (0x002f1233) x 4 0x00000000
core   0: 0x80000db4 (0x18083d93) sltiu   s11, a6, 384
core   0: 3 0x80000db4 (0x18083d93) x27 0x00000000
core   0: 0x80000db8 (0x03564733) div     a4, a2, s5
core   0: 3 0x80000db8 (0x03564733) x14 0x00000000
core   0: 0x80000dbc (0x23afe537) lui     a0, 0x23afe
core   0: 3 0x80000dbc (0x23afe537) x10 0x23afe000
core   0: 0x80000dc0 (0x66a8c9b7) lui     s3, 0x66a8c
core   0: 3 0x80000dc0 (0x66a8c9b7) x19 0x66a8c000
core   0: 0x80000dc4 (0x653df913) andi    s2, s11, 1619
core   0: 3 0x80000dc4 (0x653df913) x18 0x00000000
core   0: 0x80000dc8 (0x02d87033) remu    zero, a6, a3
core   0: 3 0x80000dc8 (0x02d87033)
core   0: 0x80000dcc (0x7337cf13) xori    t5, a5, 1843
core   0: 3 0x80000dcc (0x7337cf13) x30 0xfffff8a9
core   0: 0x80000dd0 (0x03f71bb3) mulh    s7, a4, t6
core   0: 3 0x80000dd0 (0x03f71bb3) x23 0x00000000
core   0: 0x80000dd4 (0x40ccd593) srai    a1, s9, 12
core   0: 3 0x80000dd4 (0x40ccd593) x11 0x00000000
core   0: 0x80000dd8 (0x03152733) mulhsu  a4, a0, a7
core   0: 3 0x80000dd8 (0x03152733) x14 0x0ba85801
core   0: 0x80000ddc (0xd474fc13) andi    s8, s1, -697
core   0: 3 0x80000ddc (0xd474fc13) x24 0x0fe70400
core   0: 0x80000de0 (0x03e60bb3) mul     s7, a2, t5
core   0: 3 0x80000de0 (0x03e60bb3) x23 0xb8a2f260
core   0: 0x80000de4 (0x7691ee93) ori     t4, gp, 1897
core   0: 3 0x80000de4 (0x7691ee93) x29 0xffffffff
core   0: 0x80000de8 (0x01a2e793) ori     a5, t0, 26
core   0: 3 0x80000de8 (0x01a2e793) x15 0xffffff9a
core   0: 0x80000dec (0xe80e4313) xori    t1, t3, -384
core   0: 3 0x80000dec (0xe80e4313) x 6 0x00000042
core   0: 0x80000df0 (0x017e7733) and     a4, t3, s7
core   0: 3 0x80000df0 (0x017e7733) x14 0xb8a2f240
core   0: 0x80000df4 (0xd4cd6013) ori     zero, s10, -692
core   0: 3 0x80000df4 (0xd4cd6013)
core   0: 0x80000df8 (0x02895e33) divu    t3, s2, s0
core   0: 3 0x80000df8 (0x02895e33) x28 0xffffffff
core   0: 0x80000dfc (0x8a4de913) ori     s2, s11, -1884
core   0: 3 0x80000dfc (0x8a4de913) x18 0xfffff8a4
core   0: 0x80000e00 (0x020f67b3) rem     a5, t5, zero
core   0: 3 0x80000e00 (0x020f67b3) x15 0xfffff8a9
core   0: 0x80000e04 (0x029a7d33) remu    s10, s4, s1
core   0: 3 0x80000e04 (0x029a7d33) x26 0x00000000
core   0: 0x80000e08 (0x70600b17) auipc   s6, 0x70600
core   0: 3 0x80000e08 (0x70600b17) x22 0xf0600e08
core   0: 0x80000e0c (0x41c08933) sub     s2, ra, t3
core   0: 3 0x80000e0c (0x41c08933) x18 0x00000001
core   0: 0x80000e10 (0x02a967b3) rem     a5, s2, a0
core   0: 3 0x80000e10 (0x02a967b3) x15 0x00000001
core   0: 0x80000e14 (0x03d2b433) mulhu   s0, t0, t4
core   0: 3 0x80000e14 (0x03d2b433) x 8 0xffffff99
core   0: 0x80000e18 (0x023ae5b3) rem     a1, s5, gp
core   0: 3 0x80000e18 (0x023ae5b3) x11 0x00000000
core   0: 0x80000e1c (0x00000013) nop
core   0: 3 0x80000e1c (0x00000013)
core   0: 0x80000e20 (0x03cec8b3) div     a7, t4, t3
core   0: 3 0x80000e20 (0x03cec8b3) x17 0x00000001
core   0: 0x80000e24 (0x039de3b3) rem     t2, s11, s9
core   0: 3 0x80000e24 (0x039de3b3) x 7 0x00000000
core   0: 0x80000e28 (0x028c32b3) mulhu   t0, s8, s0
core   0: 3 0x80000e28 (0x028c32b3) x 5 0x0fe703f9
core   0: 0x80000e2c (0x02164eb3) div     t4, a2, ra
core   0: 3 0x80000e2c (0x02164eb3) x29 0xffffffff
core   0: 0x80000e30 (0x02166e33) rem     t3, a2, ra
core   0: 3 0x80000e30 (0x02166e33) x28 0xf018fb60
core   0: 0x80000e34 (0x414d8c33) sub     s8, s11, s4
core   0: 3 0x80000e34 (0x414d8c33) x24 0x00000000
core   0: 0x80000e38 (0x417c5c93) srai    s9, s8, 23
core   0: 3 0x80000e38 (0x417c5c93) x25 0x00000000
core   0: 0x80000e3c (0x3b632d37) lui     s10, 0x3b632
core   0: 3 0x80000e3c (0x3b632d37) x26 0x3b632000
core   0: 0x80000e40 (0xb285cd13) xori    s10, a1, -1240
core   0: 3 0x80000e40 (0xb285cd13) x26 0xfffffb28
core   0: 0x80000e44 (0x02e7b0b3) mulhu   ra, a5, a4
core   0: 3 0x80000e44 (0x02e7b0b3) x 1 0x00000000
core   0: 0x80000e48 (0x017c9b33) sll     s6, s9, s7
core   0: 3 0x80000e48 (0x017c9b33) x22 0x00000000
core   0: 0x80000e4c (0x024b4233) div     tp, s6, tp
core   0: 3 0x80000e4c (0x024b4233) x 4 0xffffffff
core   0: 0x80000e50 (0x02d3bc33) mulhu   s8, t2, a3
core   0: 3 0x80000e50 (0x02d3bc33) x24 0x00000000
core   0: 0x80000e54 (0x003f5293) srli    t0, t5, 3
core   0: 3 0x80000e54 (0x003f5293) x 5 0x1fffff15
core   0: 0x80000e58 (0x8293b493) sltiu   s1, t2, -2007
core   0: 3 0x80000e58 (0x8293b493) x 9 0x00000001
core   0: 0x80000e5c (0x40b90db3) sub     s11, s2, a1
core   0: 3 0x80000e5c (0x40b90db3) x27 0x00000001
core   0: 0x80000e60 (0x419bd933) sra     s2, s7, s9
core   0: 3 0x80000e60 (0x419bd933) x18 0xb8a2f260
core   0: 0x80000e64 (0x02b80b33) mul     s6, a6, a1
core   0: 3 0x80000e64 (0x02b80b33) x22 0x00000000
core   0: 0x80000e68 (0x03b2fd33) remu    s10, t0, s11
core   0: 3 0x80000e68 (0x03b2fd33) x26 0x00000000
core   0: 0x80000e6c (0x03246333) rem     t1, s0, s2
core   0: 3 0x80000e6c (0x03246333) x 6 0xffffff99
core   0: 0x80000e70 (0x40560d33) sub     s10, a2, t0
core   0: 3 0x80000e70 (0x40560d33) x26 0xd018fc4b
core   0: 0x80000e74 (0x41d2d293) srai    t0, t0, 29
core   0: 3 0x80000e74 (0x41d2d293) x 5 0x00000000
core   0: 0x80000e78 (0x008552b3) srl     t0, a0, s0
core   0: 3 0x80000e78 (0x008552b3) x 5 0x00000011
core   0: 0x80000e7c (0x032614b3) mulh    s1, a2, s2
core   0: 3 0x80000e7c (0x032614b3) x 9 0x046eda0d
core   0: 0x80000e80 (0x03cae0b3) rem     ra, s5, t3
core   0: 3 0x80000e80 (0x03cae0b3) x 1 0xff397364
core   0: 0x80000e84 (0x008f9793) slli    a5, t6, 8
core   0: 3 0x80000e84 (0x008f9793) x15 0x00000100
core   0: 0x80000e88 (0xac553437) lui     s0, 0xac553
core   0: 3 0x80000e88 (0xac553437) x 8 0xac553000
core   0: 0x80000e8c (0x02afc0b3) div     ra, t6, a0
core   0: 3 0x80000e8c (0x02afc0b3) x 1 0x00000000
core   0: 0x80000e90 (0x13892093) slti    ra, s2, 312
core   0: 3 0x80000e90 (0x13892093) x 1 0x00000001
core   0: 0x80000e94 (0x017d7c33) and     s8, s10, s7
core   0: 3 0x80000e94 (0x017d7c33) x24 0x9000f040
core   0: 0x80000e98 (0x64423993) sltiu   s3, tp, 1604
core   0: 3 0x80000e98 (0x64423993) x19 0x00000000
core   0: 0x80000e9c (0x01175b93) srli    s7, a4, 17
core   0: 3 0x80000e9c (0x01175b93) x23 0x00005c51
core   0: 0x80000ea0 (0x016b4533) xor     a0, s6, s6
core   0: 3 0x80000ea0 (0x016b4533) x10 0x00000000
core   0: 0x80000ea4 (0x403986b3) sub     a3, s3, gp
core   0: 3 0x80000ea4 (0x403986b3) x13 0x00000001
core   0: 0x80000ea8 (0x00000013) nop
core   0: 3 0x80000ea8 (0x00000013)
core   0: 0x80000eac (0xb37dc413) xori    s0, s11, -1225
core   0: 3 0x80000eac (0xb37dc413) x 8 0xfffffb36
core   0: 0x80000eb0 (0x01353eb3) sltu    t4, a0, s3
core   0: 3 0x80000eb0 (0x01353eb3) x29 0x00000000
core   0: 0x80000eb4 (0x1ab8c093) xori    ra, a7, 427
core   0: 3 0x80000eb4 (0x1ab8c093) x 1 0x000001aa
core   0: 0x80000eb8 (0x0105f8b3) and     a7, a1, a6
core   0: 3 0x80000eb8 (0x0105f8b3) x17 0x00000000
core   0: 0x80000ebc (0x0317b333) mulhu   t1, a5, a7
core   0: 3 0x80000ebc (0x0317b333) x 6 0x00000000
core   0: 0x80000ec0 (0x7c69cc13) xori    s8, s3, 1990
core   0: 3 0x80000ec0 (0x7c69cc13) x24 0x000007c6
core   0: 0x80000ec4 (0x415ed693) srai    a3, t4, 21
core   0: 3 0x80000ec4 (0x415ed693) x13 0x00000000
core   0: 0x80000ec8 (0x03ede9b3) rem     s3, s11, t5
core   0: 3 0x80000ec8 (0x03ede9b3) x19 0x00000001
core   0: 0x80000ecc (0xed29ea37) lui     s4, 0xed29e
core   0: 3 0x80000ecc (0xed29ea37) x20 0xed29e000
core   0: 0x80000ed0 (0x0197a833) slt     a6, a5, s9
core   0: 3 0x80000ed0 (0x0197a833) x16 0x00000000
core   0: 0x80000ed4 (0x41c35e33) sra     t3, t1, t3
core   0: 3 0x80000ed4 (0x41c35e33) x28 0x00000000
core   0: 0x80000ed8 (0x02d03733) mulhu   a4, zero, a3
core   0: 3 0x80000ed8 (0x02d03733) x14 0x00000000
core   0: 0x80000edc (0x033417b3) mulh    a5, s0, s3
core   0: 3 0x80000edc (0x033417b3) x15 0xffffffff
core   0: 0x80000ee0 (0x03ff3733) mulhu   a4, t5, t6
core   0: 3 0x80000ee0 (0x03ff3733) x14 0x00000000
core   0: 0x80000ee4 (0x023e1533) mulh    a0, t3, gp
core   0: 3 0x80000ee4 (0x023e1533) x10 0x00000000
core   0: 0x80000ee8 (0x40f651b3) sra     gp, a2, a5
core   0: 3 0x80000ee8 (0x40f651b3) x 3 0xffffffff
core   0: 0x80000eec (0x011cb8b3) sltu    a7, s9, a7
core   0: 3 0x80000eec (0x011cb8b3) x17 0x00000000
core   0: 0x80000ef0 (0xc1b10713) addi    a4, sp, -997
core   0: 3 0x80000ef0 (0xc1b10713) x14 0x800188ff
core   0: 0x80000ef4 (0x0137d093) srli    ra, a5, 19
core   0: 3 0x80000ef4 (0x0137d093) x 1 0x00001fff
core   0: 0x80000ef8 (0x00634b33) xor     s6, t1, t1
core   0: 3 0x80000ef8 (0x00634b33) x22 0x00000000
core   0: 0x80000efc (0xcf523b17) auipc   s6, 0xcf523
core   0: 3 0x80000efc (0xcf523b17) x22 0x4f523efc
core   0: 0x80000f00 (0x003cdd13) srli    s10, s9, 3
core   0: 3 0x80000f00 (0x003cdd13) x26 0x00000000
core   0: 0x80000f04 (0x00cd99b3) sll     s3, s11, a2
core   0: 3 0x80000f04 (0x00cd99b3) x19 0x00000001
core   0: 0x80000f08 (0x41d45a13) srai    s4, s0, 29
core   0: 3 0x80000f08 (0x41d45a13) x20 0xffffffff
core   0: 0x80000f0c (0x02ec64b3) rem     s1, s8, a4
core   0: 3 0x80000f0c (0x02ec64b3) x 9 0x000007c6
core   0: 0x80000f10 (0x8410ff93) andi    t6, ra, -1983
core   0: 3 0x80000f10 (0x8410ff93) x31 0x00001841
core   0: 0x80000f14 (0x0061c1b3) xor     gp, gp, t1
core   0: 3 0x80000f14 (0x0061c1b3) x 3 0xffffffff
core   0: 0x80000f18 (0xadbd6013) ori     zero, s10, -1317
core   0: 3 0x80000f18 (0xadbd6013)
core   0: 0x80000f1c (0x86f9df17) auipc   t5, 0x86f9d
core   0: 3 0x80000f1c (0x86f9df17) x30 0x06f9df1c
core   0: 0x80000f20 (0x00baa1b3) slt     gp, s5, a1
core   0: 3 0x80000f20 (0x00baa1b3) x 3 0x00000001
core   0: 0x80000f24 (0x0036afb3) slt     t6, a3, gp
core   0: 3 0x80000f24 (0x0036afb3) x31 0x00000001
core   0: 0x80000f28 (0x62260693) addi    a3, a2, 1570
core   0: 3 0x80000f28 (0x62260693) x13 0xf0190182
core   0: 0x80000f2c (0x00b8df93) srli    t6, a7, 11
core   0: 3 0x80000f2c (0x00b8df93) x31 0x00000000
core   0: 0x80000f30 (0x40c80233) sub     tp, a6, a2
core   0: 3 0x80000f30 (0x40c80233) x 4 0x0fe704a0
core   0: 0x80000f34 (0xd8b598b7) lui     a7, 0xd8b59
core   0: 3 0x80000f34 (0xd8b598b7) x17 0xd8b59000
core   0: 0x80000f38 (0x035553b3) divu    t2, a0, s5
core   0: 3 0x80000f38 (0x035553b3) x 7 0x00000000
core   0: 0x80000f3c (0x023fd7b3) divu    a5, t6, gp
core   0: 3 0x80000f3c (0x023fd7b3) x15 0x00000000
core   0: 0x80000f40 (0x0100ae33) slt     t3, ra, a6
core   0: 3 0x80000f40 (0x0100ae33) x28 0x00000000
core   0: 0x80000f44 (0x03c83833) mulhu   a6, a6, t3
core   0: 3 0x80000f44 (0x03c83833) x16 0x00000000
core   0: 0x80000f48 (0x8f866c13) ori     s8, a2, -1800
core   0: 3 0x80000f48 (0x8f866c13) x24 0xfffffbf8
core   0: 0x80000f4c (0xb746c913) xori    s2, a3, -1164
core   0: 3 0x80000f4c (0xb746c913) x18 0x0fe6faf6
core   0: 0x80000f50 (0x95e50a13) addi    s4, a0, -1698
core   0: 3 0x80000f50 (0x95e50a13) x20 0xfffff95e
core   0: 0x80000f54 (0x0354f1b3) remu    gp, s1, s5
core   0: 3 0x80000f54 (0x0354f1b3) x 3 0x000007c6
core   0: 0x80000f58 (0x027fd533) divu    a0, t6, t2
core   0: 3 0x80000f58 (0x027fd533) x10 0xffffffff
core   0: 0x80000f5c (0x41eb8cb3) sub     s9, s7, t5
core   0: 3 0x80000f5c (0x41eb8cb3) x25 0xf9067d35
core   0: 0x80000f60 (0x0070ea33) or      s4, ra, t2
core   0: 3 0x80000f60 (0x0070ea33) x20 0x00001fff
core   0: 0x80000f64 (0x0356ab33) mulhsu  s6, a3, s5
core   0: 3 0x80000f64 (0x0356ab33) x22 0xf80c6bfb
core   0: 0x80000f68 (0x01de2b33) slt     s6, t3, t4
core   0: 3 0x80000f68 (0x01de2b33) x22 0x00000000
core   0: 0x80000f6c (0x009a52b3) srl     t0, s4, s1
core   0: 3 0x80000f6c (0x009a52b3) x 5 0x0000007f
core   0: 0x80000f70 (0x017fa233) slt     tp, t6, s7
core   0: 3 0x80000f70 (0x017fa233) x 4 0x00000001
core   0: 0x80000f74 (0x00efd693) srli    a3, t6, 14
core   0: 3 0x80000f74 (0x00efd693) x13 0x00000000
core   0: 0x80000f78 (0x02842d33) mulhsu  s10, s0, s0
core   0: 3 0x80000f78 (0x02842d33) x26 0xfffffb36
core   0: 0x80000f7c (0x00998b33) add     s6, s3, s1
core   0: 3 0x80000f7c (0x00998b33) x22 0x000007c7
core   0: 0x80000f80 (0x007179b3) and     s3, sp, t2
core   0: 3 0x80000f80 (0x007179b3) x19 0x00000000
core   0: 0x80000f84 (0x00000013) nop
core   0: 3 0x80000f84 (0x00000013)
core   0: 0x80000f88 (0x03a81333) mulh    t1, a6, s10
core   0: 3 0x80000f88 (0x03a81333) x 6 0x00000000
core   0: 0x80000f8c (0x00aade13) srli    t3, s5, 10
core   0: 3 0x80000f8c (0x00aade13) x28 0x00200053
core   0: 0x80000f90 (0x036af433) remu    s0, s5, s6
core   0: 3 0x80000f90 (0x036af433) x 8 0x000003e2
core   0: 0x80000f94 (0x01e0cc33) xor     s8, ra, t5
core   0: 3 0x80000f94 (0x01e0cc33) x24 0x06f9c0e3
core   0: 0x80000f98 (0x011b4433) xor     s0, s6, a7
core   0: 3 0x80000f98 (0x011b4433) x 8 0xd8b597c7
core   0: 0x80000f9c (0xd7a8b297) auipc   t0, 0xd7a8b
core   0: 3 0x80000f9c (0xd7a8b297) x 5 0x57a8bf9c
core   0: 0x80000fa0 (0x403e82b3) sub     t0, t4, gp
core   0: 3 0x80000fa0 (0x403e82b3) x 5 0xfffff83a
core   0: 0x80000fa4 (0x3effec93) ori     s9, t6, 1007
core   0: 3 0x80000fa4 (0x3effec93) x25 0x000003ef
core   0: 0x80000fa8 (0x01d05033) srl     zero, zero, t4
core   0: 3 0x80000fa8 (0x01d05033)
core   0: 0x80000fac (0x416f5213) srai    tp, t5, 22
core   0: 3 0x80000fac (0x416f5213) x 4 0x0000001b
core   0: 0x80000fb0 (0x01cf61b3) or      gp, t5, t3
core   0: 3 0x80000fb0 (0x01cf61b3) x 3 0x06f9df5f
core   0: 0x80000fb4 (0x00c89f93) slli    t6, a7, 12
core   0: 3 0x80000fb4 (0x00c89f93) x31 0x59000000
core   0: 0x80000fb8 (0x7749a693) slti    a3, s3, 1908
core   0: 3 0x80000fb8 (0x7749a693) x13 0x00000001
core   0: 0x80000fbc (0x445a4b37) lui     s6, 0x445a4
core   0: 3 0x80000fbc (0x445a4b37) x22 0x445a4000
core   0: 0x80000fc0 (0x3c3a0013) addi    zero, s4, 963
core   0: 3 0x80000fc0 (0x3c3a0013)
core   0: 0x80000fc4 (0x00024cb3) xor     s9, tp, zero
core   0: 3 0x80000fc4 (0x00024cb3) x25 0x0000001b
core   0: 0x80000fc8 (0x003916b3) sll     a3, s2, gp
core   0: 3 0x80000fc8 (0x003916b3) x13 0x00000000
core   0: 0x80000fcc (0x01552733) slt     a4, a0, s5
core   0: 3 0x80000fcc (0x01552733) x14 0x00000000
core   0: 0x80000fd0 (0x039aa9b3) mulhsu  s3, s5, s9
core   0: 3 0x80000fd0 (0x039aa9b3) x19 0xfffffff2
core   0: 0x80000fd4 (0x415781b3) sub     gp, a5, s5
core   0: 3 0x80000fd4 (0x415781b3) x 3 0x7ffeb19c
core   0: 0x80000fd8 (0x012153b3) srl     t2, sp, s2
core   0: 3 0x80000fd8 (0x012153b3) x 7 0x00000200
core   0: 0x80000fdc (0x12410f13) addi    t5, sp, 292
core   0: 3 0x80000fdc (0x12410f13) x30 0x80018e08
core   0: 0x80000fe0 (0x02ef46b3) div     a3, t5, a4
core   0: 3 0x80000fe0 (0x02ef46b3) x13 0xffffffff
core   0: 0x80000fe4 (0x01549893) slli    a7, s1, 21
core   0: 3 0x80000fe4 (0x01549893) x17 0xf8c00000
core   0: 0x80000fe8 (0x013f3e33) sltu    t3, t5, s3
core   0: 3 0x80000fe8 (0x013f3e33) x28 0x00000001
core   0: 0x80000fec (0x14f34093) xori    ra, t1, 335
core   0: 3 0x80000fec (0x14f34093) x 1 0x0000014f
core   0: 0x80000ff0 (0x023cda33) divu    s4, s9, gp
core   0: 3 0x80000ff0 (0x023cda33) x20 0x00000000
core   0: 0x80000ff4 (0x41b30fb3) sub     t6, t1, s11
core   0: 3 0x80000ff4 (0x41b30fb3) x31 0xffffffff
core   0: 0x80000ff8 (0x00ad1c33) sll     s8, s10, a0
core   0: 3 0x80000ff8 (0x00ad1c33) x24 0x00000000
core   0: 0x80000ffc (0x03e695b3) mulh    a1, a3, t5
core   0: 3 0x80000ffc (0x03e695b3) x11 0x00000000
core   0: 0x80001000 (0x038c25b3) mulhsu  a1, s8, s8
core   0: 3 0x80001000 (0x038c25b3) x11 0x00000000
core   0: 0x80001004 (0x00000013) nop
core   0: 3 0x80001004 (0x00000013)
core   0: 0x80001008 (0x8d616c13) ori     s8, sp, -1834
core   0: 3 0x80001008 (0x8d616c13) x24 0xfffffcf6
core   0: 0x8000100c (0x00fa5b33) srl     s6, s4, a5
core   0: 3 0x8000100c (0x00fa5b33) x22 0x00000000
core   0: 0x80001010 (0x032151b3) divu    gp, sp, s2
core   0: 3 0x80001010 (0x032151b3) x 3 0x00000008
core   0: 0x80001014 (0x031318b3) mulh    a7, t1, a7
core   0: 3 0x80001014 (0x031318b3) x17 0x00000000
core   0: 0x80001018 (0x016add13) srli    s10, s5, 22
core   0: 3 0x80001018 (0x016add13) x26 0x00000200
core   0: 0x8000101c (0x0170ce33) xor     t3, ra, s7
core   0: 3 0x8000101c (0x0170ce33) x28 0x00005d1e
core   0: 0x80001020 (0x01906a33) or      s4, zero, s9
core   0: 3 0x80001020 (0x01906a33) x20 0x0000001b
core   0: 0x80001024 (0x03926db3) rem     s11, tp, s9
core   0: 3 0x80001024 (0x03926db3) x27 0x00000000
core   0: 0x80001028 (0x0062e4b3) or      s1, t0, t1
core   0: 3 0x80001028 (0x0062e4b3) x 9 0xfffff83a
core   0: 0x8000102c (0xa4c6ca13) xori    s4, a3, -1460
core   0: 3 0x8000102c (0xa4c6ca13) x20 0x000005b3
core   0: 0x80001030 (0x02826233) rem     tp, tp, s0
core   0: 3 0x80001030 (0x02826233) x 4 0x0000001b
core   0: 0x80001034 (0x02843433) mulhu   s0, s0, s0
core   0: 3 0x80001034 (0x02843433) x 8 0xb772f0ef
core   0: 0x80001038 (0x01df22b3) slt     t0, t5, t4
core   0: 3 0x80001038 (0x01df22b3) x 5 0x00000001
core   0: 0x8000103c (0xfe972c13) slti    s8, a4, -23
core   0: 3 0x8000103c (0xfe972c13) x24 0x00000000
core   0: 0x80001040 (0x002b9b33) sll     s6, s7, sp
core   0: 3 0x80001040 (0x002b9b33) x22 0x0005c510
core   0: 0x80001044 (0x1c092013) slti    zero, s2, 448
core   0: 3 0x80001044 (0x1c092013)
core   0: 0x80001048 (0xc88f4293) xori    t0, t5, -888
core   0: 3 0x80001048 (0xc88f4293) x 5 0x7ffe7280
core   0: 0x8000104c (0x4135d6b3) sra     a3, a1, s3
core   0: 3 0x8000104c (0x4135d6b3) x13 0x00000000
core   0: 0x80001050 (0x28452797) auipc   a5, 0x28452
core   0: 3 0x80001050 (0x28452797) x15 0xa8453050
core   0: 0x80001054 (0x01f780b3) add     ra, a5, t6
core   0: 3 0x80001054 (0x01f780b3) x 1 0xa845304f
core   0: 0x80001058 (0x1a563293) sltiu   t0, a2, 421
core   0: 3 0x80001058 (0x1a563293) x 5 0x00000000
core   0: 0x8000105c (0x021fe7b3) rem     a5, t6, ra
core   0: 3 0x8000105c (0x021fe7b3) x15 0xffffffff
core   0: 0x80001060 (0x415c83b3) sub     t2, s9, s5
core   0: 3 0x80001060 (0x415c83b3) x 7 0x7ffeb1b7
core   0: 0x80001064 (0x030bd533) divu    a0, s7, a6
core   0: 3 0x80001064 (0x030bd533) x10 0xffffffff
core   0: 0x80001068 (0x3dacef17) auipc   t5, 0x3dace
core   0: 3 0x80001068 (0x3dacef17) x30 0xbdacf068
core   0: 0x8000106c (0xd74ccd93) xori    s11, s9, -652
core   0: 3 0x8000106c (0xd74ccd93) x27 0xfffffd6f
core   0: 0x80001070 (0x40035e13) srai    t3, t1, 0
core   0: 3 0x80001070 (0x40035e13) x28 0x00000000
core   0: 0x80001074 (0x22c76a13) ori     s4, a4, 556
core   0: 3 0x80001074 (0x22c76a13) x20 0x0000022c
core   0: 0x80001078 (0x0057b433) sltu    s0, a5, t0
core   0: 3 0x80001078 (0x0057b433) x 8 0x00000000
core   0: 0x8000107c (0x012cd513) srli    a0, s9, 18
core   0: 3 0x8000107c (0x012cd513) x10 0x00000000
core   0: 0x80001080 (0x01e158b3) srl     a7, sp, t5
core   0: 3 0x80001080 (0x01e158b3) x17 0x0080018c
core   0: 0x80001084 (0x01249d93) slli    s11, s1, 18
core   0: 3 0x80001084 (0x01249d93) x27 0xe0e80000
core   0: 0x80001088 (0x53122993) slti    s3, tp, 1329
core   0: 3 0x80001088 (0x53122993) x19 0x00000001
core   0: 0x8000108c (0x026218b3) mulh    a7, tp, t1
core   0: 3 0x8000108c (0x026218b3) x17 0x00000000
core   0: 0x80001090 (0x40618c33) sub     s8, gp, t1
core   0: 3 0x80001090 (0x40618c33) x24 0x00000008
core   0: 0x80001094 (0xa23c0f93) addi    t6, s8, -1501
core   0: 3 0x80001094 (0xa23c0f93) x31 0xfffffa2b
core   0: 0x80001098 (0x0f0bb913) sltiu   s2, s7, 240
core   0: 3 0x80001098 (0x0f0bb913) x18 0x00000000
core   0: 0x8000109c (0x40ad8bb3) sub     s7, s11, a0
core   0: 3 0x8000109c (0x40ad8bb3) x23 0xe0e80000
core   0: 0x800010a0 (0x006e9793) slli    a5, t4, 6
core   0: 3 0x800010a0 (0x006e9793) x15 0x00000000
core   0: 0x800010a4 (0x01ef4a33) xor     s4, t5, t5
core   0: 3 0x800010a4 (0x01ef4a33) x20 0x00000000
core   0: 0x800010a8 (0x01fc1913) slli    s2, s8, 31
core   0: 3 0x800010a8 (0x01fc1913) x18 0x00000000
core   0: 0x800010ac (0xeb0e0717) auipc   a4, 0xeb0e0
core   0: 3 0x800010ac (0xeb0e0717) x14 0x6b0e10ac
core   0: 0x800010b0 (0xaca40237) lui     tp, 0xaca40
core   0: 3 0x800010b0 (0xaca40237) x 4 0xaca40000
core   0: 0x800010b4 (0x01ae79b3) and     s3, t3, s10
core   0: 3 0x800010b4 (0x01ae79b3) x19 0x00000000
core   0: 0x800010b8 (0x009d9433) sll     s0, s11, s1
core   0: 3 0x800010b8 (0x009d9433) x 8 0x00000000
core   0: 0x800010bc (0x00562db3) slt     s11, a2, t0
core   0: 3 0x800010bc (0x00562db3) x27 0x00000001
core   0: 0x800010c0 (0x00d21813) slli    a6, tp, 13
core   0: 3 0x800010c0 (0x00d21813) x16 0x80000000
core   0: 0x800010c4 (0x01194533) xor     a0, s2, a7
core   0: 3 0x800010c4 (0x01194533) x10 0x00000000
core   0: 0x800010c8 (0x7aac0393) addi    t2, s8, 1962
core   0: 3 0x800010c8 (0x7aac0393) x 7 0x000007b2
core   0: 0x800010cc (0xd307e213) ori     tp, a5, -720
core   0: 3 0x800010cc (0xd307e213) x 4 0xfffffd30
core   0: 0x800010d0 (0x00d966b3) or      a3, s2, a3
core   0: 3 0x800010d0 (0x00d966b3) x13 0x00000000
core   0: 0x800010d4 (0x9b782513) slti    a0, a6, -1609
core   0: 3 0x800010d4 (0x9b782513) x10 0x00000001
core   0: 0x800010d8 (0x012aaf33) slt     t5, s5, s2
core   0: 3 0x800010d8 (0x012aaf33) x30 0x00000001
core   0: 0x800010dc (0x02668933) mul     s2, a3, t1
core   0: 3 0x800010dc (0x02668933) x18 0x00000000
core   0: 0x800010e0 (0x02fe6cb3) rem     s9, t3, a5
core   0: 3 0x800010e0 (0x02fe6cb3) x25 0x00000000
core   0: 0x800010e4 (0x03d7f6b3) remu    a3, a5, t4
core   0: 3 0x800010e4 (0x03d7f6b3) x13 0x00000000
core   0: 0x800010e8 (0x013cd013) srli    zero, s9, 19
core   0: 3 0x800010e8 (0x013cd013)
core   0: 0x800010ec (0x4005df93) srai    t6, a1, 0
core   0: 3 0x800010ec (0x4005df93) x31 0x00000000
core   0: 0x800010f0 (0x00351813) slli    a6, a0, 3
core   0: 3 0x800010f0 (0x00351813) x16 0x00000008
core   0: 0x800010f4 (0x01ad4233) xor     tp, s10, s10
core   0: 3 0x800010f4 (0x01ad4233) x 4 0x00000000
core   0: 0x800010f8 (0xeb840c13) addi    s8, s0, -328
core   0: 3 0x800010f8 (0xeb840c13) x24 0xfffffeb8
core   0: 0x800010fc (0xbef5f193) andi    gp, a1, -1041
core   0: 3 0x800010fc (0xbef5f193) x 3 0x00000000
core   0: 0x80001100 (0x0132adb3) slt     s11, t0, s3
core   0: 3 0x80001100 (0x0132adb3) x27 0x00000000
core   0: 0x80001104 (0x01a030b3) snez    ra, s10
core   0: 3 0x80001104 (0x01a030b3) x 1 0x00000001
core   0: 0x80001108 (0x03573033) mulhu   zero, a4, s5
core   0: 3 0x80001108 (0x03573033)
core   0: 0x8000110c (0x40f15193) srai    gp, sp, 15
core   0: 3 0x8000110c (0x40f15193) x 3 0xffff0003
core   0: 0x80001110 (0x65897f13) andi    t5, s2, 1624
core   0: 3 0x80001110 (0x65897f13) x30 0x00000000
core   0: 0x80001114 (0xece57993) andi    s3, a0, -306
core   0: 3 0x80001114 (0xece57993) x19 0x00000000
core   0: 0x80001118 (0x404edf13) srai    t5, t4, 4
core   0: 3 0x80001118 (0x404edf13) x30 0x00000000
core   0: 0x8000111c (0x017e1933) sll     s2, t3, s7
core   0: 3 0x8000111c (0x017e1933) x18 0x00000000
core   0: 0x80001120 (0x00000013) nop
core   0: 3 0x80001120 (0x00000013)
core   0: 0x80001124 (0x01f88433) add     s0, a7, t6
core   0: 3 0x80001124 (0x01f88433) x 8 0x00000000
core   0: 0x80001128 (0x8183b713) sltiu   a4, t2, -2024
core   0: 3 0x80001128 (0x8183b713) x14 0x00000001
core   0: 0x8000112c (0x021d26b3) mulhsu  a3, s10, ra
core   0: 3 0x8000112c (0x021d26b3) x13 0x00000000
core   0: 0x80001130 (0x0140d433) srl     s0, ra, s4
core   0: 3 0x80001130 (0x0140d433) x 8 0x00000001
core   0: 0x80001134 (0x01dcc933) xor     s2, s9, t4
core   0: 3 0x80001134 (0x01dcc933) x18 0x00000000
core   0: 0x80001138 (0xc4f9f993) andi    s3, s3, -945
core   0: 3 0x80001138 (0xc4f9f993) x19 0x00000000
core   0: 0x8000113c (0x01589833) sll     a6, a7, s5
core   0: 3 0x8000113c (0x01589833) x16 0x00000000
core   0: 0x80001140 (0x87f67213) andi    tp, a2, -1921
core   0: 3 0x80001140 (0x87f67213) x 4 0xf018f860
core   0: 0x80001144 (0x00bda9b3) slt     s3, s11, a1
core   0: 3 0x80001144 (0x00bda9b3) x19 0x00000000
core   0: 0x80001148 (0x018eeeb3) or      t4, t4, s8
core   0: 3 0x80001148 (0x018eeeb3) x29 0xfffffeb8
core   0: 0x8000114c (0x0148ebb3) or      s7, a7, s4
core   0: 3 0x8000114c (0x0148ebb3) x23 0x00000000
core   0: 0x80001150 (0x02401e33) mulh    t3, zero, tp
core   0: 3 0x80001150 (0x02401e33) x28 0x00000000
core   0: 0x80001154 (0x41f48533) sub     a0, s1, t6
core   0: 3 0x80001154 (0x41f48533) x10 0xfffff83a
core   0: 0x80001158 (0x005a8033) add     zero, s5, t0
core   0: 3 0x80001158 (0x005a8033)
core   0: 0x8000115c (0x000bf3b3) and     t2, s7, zero
core   0: 3 0x8000115c (0x000bf3b3) x 7 0x00000000
core   0: 0x80001160 (0x00cd5bb3) srl     s7, s10, a2
core   0: 3 0x80001160 (0x00cd5bb3) x23 0x00000200
core   0: 0x80001164 (0x01c61213) slli    tp, a2, 28
core   0: 3 0x80001164 (0x01c61213) x 4 0x00000000
core   0: 0x80001168 (0x40b3da33) sra     s4, t2, a1
core   0: 3 0x80001168 (0x40b3da33) x20 0x00000000
core   0: 0x8000116c (0x03610a33) mul     s4, sp, s6
core   0: 3 0x8000116c (0x03610a33) x20 0xf1f84240
core   0: 0x80001170 (0x038aecb3) rem     s9, s5, s8
core   0: 3 0x80001170 (0x038aecb3) x25 0xffffffac
core   0: 0x80001174 (0x00366d33) or      s10, a2, gp
core   0: 3 0x80001174 (0x00366d33) x26 0xfffffb63
core   0: 0x80001178 (0x00fb2833) slt     a6, s6, a5
core   0: 3 0x80001178 (0x00fb2833) x16 0x00000000
core   0: 0x8000117c (0x035aa2b3) mulhsu  t0, s5, s5
core   0: 3 0x8000117c (0x035aa2b3) x 5 0xc0000001
core   0: 0x80001180 (0xcd57ce37) lui     t3, 0xcd57c
core   0: 3 0x80001180 (0xcd57ce37) x28 0xcd57c000
core   0: 0x80001184 (0x00b75bb3) srl     s7, a4, a1
core   0: 3 0x80001184 (0x00b75bb3) x23 0x00000001
core   0: 0x80001188 (0x039a6033) rem     zero, s4, s9
core   0: 3 0x80001188 (0x039a6033)
core   0: 0x8000118c (0x017d7f33) and     t5, s10, s7
core   0: 3 0x8000118c (0x017d7f33) x30 0x00000001
core   0: 0x80001190 (0x856d8593) addi    a1, s11, -1962
core   0: 3 0x80001190 (0x856d8593) x11 0xfffff856
core   0: 0x80001194 (0xadb54013) xori    zero, a0, -1317
core   0: 3 0x80001194 (0xadb54013)
core   0: 0x80001198 (0x003d5eb3) srl     t4, s10, gp
core   0: 3 0x80001198 (0x003d5eb3) x29 0x1fffff6c
core   0: 0x8000119c (0x00b3d0b3) srl     ra, t2, a1
core   0: 3 0x8000119c (0x00b3d0b3) x 1 0x00000000
core   0: 0x800011a0 (0x00000013) nop
core   0: 3 0x800011a0 (0x00000013)
core   0: 0x800011a4 (0x011c5333) srl     t1, s8, a7
core   0: 3 0x800011a4 (0x011c5333) x 6 0xfffffeb8
core   0: 0x800011a8 (0x410e02b3) sub     t0, t3, a6
core   0: 3 0x800011a8 (0x410e02b3) x 5 0xcd57c000
core   0: 0x800011ac (0xa5503b13) sltiu   s6, zero, -1451
core   0: 3 0x800011ac (0xa5503b13) x22 0x00000001
core   0: 0x800011b0 (0x00a75913) srli    s2, a4, 10
core   0: 3 0x800011b0 (0x00a75913) x18 0x00000000
core   0: 0x800011b4 (0x24eab893) sltiu   a7, s5, 590
core   0: 3 0x800011b4 (0x24eab893) x17 0x00000000
core   0: 0x800011b8 (0xb6186913) ori     s2, a6, -1183
core   0: 3 0x800011b8 (0xb6186913) x18 0xfffffb61
core   0: 0x800011bc (0x4162da33) sra     s4, t0, s6
core   0: 3 0x800011bc (0x4162da33) x20 0xe6abe000
core   0: 0x800011c0 (0x032aa233) mulhsu  tp, s5, s2
core   0: 3 0x800011c0 (0x032aa233) x 4 0x800150b3
core   0: 0x800011c4 (0x03c7c0b3) div     ra, a5, t3
core   0: 3 0x800011c4 (0x03c7c0b3) x 1 0x00000000
core   0: 0x800011c8 (0x006128b3) slt     a7, sp, t1
core   0: 3 0x800011c8 (0x006128b3) x17 0x00000001
core   0: 0x800011cc (0x01521333) sll     t1, tp, s5
core   0: 3 0x800011cc (0x01521333) x 6 0x00150b30
core   0: 0x800011d0 (0x03484e33) div     t3, a6, s4
core   0: 3 0x800011d0 (0x03484e33) x28 0x00000000
core   0: 0x800011d4 (0xdb41b293) sltiu   t0, gp, -588
core   0: 3 0x800011d4 (0xdb41b293) x 5 0x00000001
core   0: 0x800011d8 (0x90756e93) ori     t4, a0, -1785
core   0: 3 0x800011d8 (0x90756e93) x29 0xfffff93f
core   0: 0x800011dc (0x038f80b3) mul     ra, t6, s8
core   0: 3 0x800011dc (0x038f80b3) x 1 0x00000000
core   0: 0x800011e0 (0x01533033) sltu    zero, t1, s5
core   0: 3 0x800011e0 (0x01533033)
core   0: 0x800011e4 (0x03c4cbb3) div     s7, s1, t3
core   0: 3 0x800011e4 (0x03c4cbb3) x23 0xffffffff
core   0: 0x800011e8 (0x01cfc4b3) xor     s1, t6, t3
core   0: 3 0x800011e8 (0x01cfc4b3) x 9 0x00000000
core   0: 0x800011ec (0x40255933) sra     s2, a0, sp
core   0: 3 0x800011ec (0x40255933) x18 0xffffff83
core   0: 0x800011f0 (0x026d1c33) mulh    s8, s10, t1
core   0: 3 0x800011f0 (0x026d1c33) x24 0xffffffff
core   0: 0x800011f4 (0x036ece33) div     t3, t4, s6
core   0: 3 0x800011f4 (0x036ece33) x28 0xfffff93f
core   0: 0x800011f8 (0x0274fd33) remu    s10, s1, t2
core   0: 3 0x800011f8 (0x0274fd33) x26 0x00000000
core   0: 0x800011fc (0x01c5f233) and     tp, a1, t3
core   0: 3 0x800011fc (0x01c5f233) x 4 0xfffff816
core   0: 0x80001200 (0x649f8813) addi    a6, t6, 1609
core   0: 3 0x80001200 (0x649f8813) x16 0x00000649
core   0: 0x80001204 (0x0278a6b3) mulhsu  a3, a7, t2
core   0: 3 0x80001204 (0x0278a6b3) x13 0x00000000
core   0: 0x80001208 (0x03e4b1b3) mulhu   gp, s1, t5
core   0: 3 0x80001208 (0x03e4b1b3) x 3 0x00000000
core   0: 0x8000120c (0xc409a7b7) lui     a5, 0xc409a
core   0: 3 0x8000120c (0xc409a7b7) x15 0xc409a000
core   0: 0x80001210 (0x78794693) xori    a3, s2, 1927
core   0: 3 0x80001210 (0x78794693) x13 0xfffff804
core   0: 0x80001214 (0x2c172913) slti    s2, a4, 705
core   0: 3 0x80001214 (0x2c172913) x18 0x00000001
core   0: 0x80001218 (0x017f5693) srli    a3, t5, 23
core   0: 3 0x80001218 (0x017f5693) x13 0x00000000
core   0: 0x8000121c (0x034c3433) mulhu   s0, s8, s4
core   0: 3 0x8000121c (0x034c3433) x 8 0xe6abdfff
core   0: 0x80001220 (0x004c82b3) add     t0, s9, tp
core   0: 3 0x80001220 (0x004c82b3) x 5 0xfffff7c2
core   0: 0x80001224 (0x6a3c0293) addi    t0, s8, 1699
core   0: 3 0x80001224 (0x6a3c0293) x 5 0x000006a2
core   0: 0x80001228 (0x03593a33) mulhu   s4, s2, s5
core   0: 3 0x80001228 (0x03593a33) x20 0x00000000
core   0: 0x8000122c (0x00965693) srli    a3, a2, 9
core   0: 3 0x8000122c (0x00965693) x13 0x00780c7d
core   0: 0x80001230 (0x0082a4b3) slt     s1, t0, s0
core   0: 3 0x80001230 (0x0082a4b3) x 9 0x00000000
core   0: 0x80001234 (0x0154ea33) or      s4, s1, s5
core   0: 3 0x80001234 (0x0154ea33) x20 0x80014e64
core   0: 0x80001238 (0x0086fdb3) and     s11, a3, s0
core   0: 3 0x80001238 (0x0086fdb3) x27 0x00280c7d
core   0: 0x8000123c (0xcf935897) auipc   a7, 0xcf935
core   0: 3 0x8000123c (0xcf935897) x17 0x4f93623c
core   0: 0x80001240 (0x5e478c13) addi    s8, a5, 1508
core   0: 3 0x80001240 (0x5e478c13) x24 0xc409a5e4
core   0: 0x80001244 (0x41538fb3) sub     t6, t2, s5
core   0: 3 0x80001244 (0x41538fb3) x31 0x7ffeb19c
core   0: 0x80001248 (0xd9fbe793) ori     a5, s7, -609
core   0: 3 0x80001248 (0xd9fbe793) x15 0xffffffff
core   0: 0x8000124c (0xfbd16b13) ori     s6, sp, -67
core   0: 3 0x8000124c (0xfbd16b13) x22 0xfffffffd
core   0: 0x80001250 (0x004dc833) xor     a6, s11, tp
core   0: 3 0x80001250 (0x004dc833) x16 0xffd7f46b
core   0: 0x80001254 (0x0374ec33) rem     s8, s1, s7
core   0: 3 0x80001254 (0x0374ec33) x24 0x00000000
core   0: 0x80001258 (0x479d3313) sltiu   t1, s10, 1145
core   0: 3 0x80001258 (0x479d3313) x 6 0x00000001
core   0: 0x8000125c (0x03c0c533) div     a0, ra, t3
core   0: 3 0x8000125c (0x03c0c533) x10 0x00000000
core   0: 0x80001260 (0x00000013) nop
core   0: 3 0x80001260 (0x00000013)
core   0: 0x80001264 (0x027fc033) div     zero, t6, t2
core   0: 3 0x80001264 (0x027fc033)
core   0: 0x80001268 (0x02627f33) remu    t5, tp, t1
core   0: 3 0x80001268 (0x02627f33) x30 0x00000000
core   0: 0x8000126c (0x0297ceb3) div     t4, a5, s1
core   0: 3 0x8000126c (0x0297ceb3) x29 0xffffffff
core   0: 0x80001270 (0x00000013) nop
core   0: 3 0x80001270 (0x00000013)
core   0: 0x80001274 (0x03c69533) mulh    a0, a3, t3
core   0: 3 0x80001274 (0x03c69533) x10 0xfffffffc
core   0: 0x80001278 (0x7e0da313) slti    t1, s11, 2016
core   0: 3 0x80001278 (0x7e0da313) x 6 0x00000000
core   0: 0x8000127c (0x41858c33) sub     s8, a1, s8
core   0: 3 0x8000127c (0x41858c33) x24 0xfffff856
core   0: 0x80001280 (0x00be9213) slli    tp, t4, 11
core   0: 3 0x80001280 (0x00be9213) x 4 0xfffff800
core   0: 0x80001284 (0x02d4e833) rem     a6, s1, a3
core   0: 3 0x80001284 (0x02d4e833) x16 0x00000000
core   0: 0x80001288 (0x5d59cd93) xori    s11, s3, 1493
core   0: 3 0x80001288 (0x5d59cd93) x27 0x000005d5
core   0: 0x8000128c (0x02288f33) mul     t5, a7, sp
core   0: 3 0x8000128c (0x02288f33) x30 0xdb384d70
core   0: 0x80001290 (0xd6f13413) sltiu   s0, sp, -657
core   0: 3 0x80001290 (0xd6f13413) x 8 0x00000001
core   0: 0x80001294 (0x5a57b713) sltiu   a4, a5, 1445
core   0: 3 0x80001294 (0x5a57b713) x14 0x00000000
core   0: 0x80001298 (0x023d5933) divu    s2, s10, gp
core   0: 3 0x80001298 (0x023d5933) x18 0xffffffff
core   0: 0x8000129c (0x0046af33) slt     t5, a3, tp
core   0: 3 0x8000129c (0x0046af33) x30 0x00000000
core   0: 0x800012a0 (0x41a2d833) sra     a6, t0, s10
core   0: 3 0x800012a0 (0x41a2d833) x16 0x000006a2
core   0: 0x800012a4 (0x02808bb3) mul     s7, ra, s0
core   0: 3 0x800012a4 (0x02808bb3) x23 0x00000000
core   0: 0x800012a8 (0x023be833) rem     a6, s7, gp
core   0: 3 0x800012a8 (0x023be833) x16 0x00000000
core   0: 0x800012ac (0x402b8c33) sub     s8, s7, sp
core   0: 3 0x800012ac (0x402b8c33) x24 0x7ffe731c
core   0: 0x800012b0 (0x9a9c8d13) addi    s10, s9, -1623
core   0: 3 0x800012b0 (0x9a9c8d13) x26 0xfffff955
core   0: 0x800012b4 (0x03637f33) remu    t5, t1, s6
core   0: 3 0x800012b4 (0x03637f33) x30 0x00000000
core   0: 0x800012b8 (0xbe7f0d13) addi    s10, t5, -1049
core   0: 3 0x800012b8 (0xbe7f0d13) x26 0xfffffbe7
core   0: 0x800012bc (0x003876b3) and     a3, a6, gp
core   0: 3 0x800012bc (0x003876b3) x13 0x00000000
core   0: 0x800012c0 (0x01c59593) slli    a1, a1, 28
core   0: 3 0x800012c0 (0x01c59593) x11 0x60000000
core   0: 0x800012c4 (0x64898bb7) lui     s7, 0x64898
core   0: 3 0x800012c4 (0x64898bb7) x23 0x64898000
core   0: 0x800012c8 (0x4de76013) ori     zero, a4, 1246
core   0: 3 0x800012c8 (0x4de76013)
core   0: 0x800012cc (0x036b12b3) mulh    t0, s6, s6
core   0: 3 0x800012cc (0x036b12b3) x 5 0x00000000
core   0: 0x800012d0 (0x40a20db3) sub     s11, tp, a0
core   0: 3 0x800012d0 (0x40a20db3) x27 0xfffff804
core   0: 0x800012d4 (0x01fe1513) slli    a0, t3, 31
core   0: 3 0x800012d4 (0x01fe1513) x10 0x80000000
core   0: 0x800012d8 (0x00be0533) add     a0, t3, a1
core   0: 3 0x800012d8 (0x00be0533) x10 0x5ffff93f
core   0: 0x800012dc (0x00000013) nop
core   0: 3 0x800012dc (0x00000013)
core   0: 0x800012e0 (0x019c5893) srli    a7, s8, 25
core   0: 3 0x800012e0 (0x019c5893) x17 0x0000003f
core   0: 0x800012e4 (0x00de8533) add     a0, t4, a3
core   0: 3 0x800012e4 (0x00de8533) x10 0xffffffff
core   0: 0x800012e8 (0xab04ff93) andi    t6, s1, -1360
core   0: 3 0x800012e8 (0xab04ff93) x31 0x00000000
core   0: 0x800012ec (0x101bf917) auipc   s2, 0x101bf
core   0: 3 0x800012ec (0x101bf917) x18 0x901c02ec
core   0: 0x800012f0 (0x00000013) nop
core   0: 3 0x800012f0 (0x00000013)
core   0: 0x800012f4 (0x00c69793) slli    a5, a3, 12
core   0: 3 0x800012f4 (0x00c69793) x15 0x00000000
core   0: 0x800012f8 (0x064a7697) auipc   a3, 0x64a7
core   0: 3 0x800012f8 (0x064a7697) x13 0x864a82f8
core   0: 0x800012fc (0xd64e7013) andi    zero, t3, -668
core   0: 3 0x800012fc (0xd64e7013)
core   0: 0x80001300 (0x016b4eb3) xor     t4, s6, s6
core   0: 3 0x80001300 (0x016b4eb3) x29 0x00000000
core   0: 0x80001304 (0x00000013) nop
core   0: 3 0x80001304 (0x00000013)
core   0: 0x80001308 (0x017ca333) slt     t1, s9, s7
core   0: 3 0x80001308 (0x017ca333) x 6 0x00000001
core   0: 0x8000130c (0x004fb933) sltu    s2, t6, tp
core   0: 3 0x8000130c (0x004fb933) x18 0x00000001
core   0: 0x80001310 (0x52ad4e93) xori    t4, s10, 1322
core   0: 3 0x80001310 (0x52ad4e93) x29 0xfffffecd
core   0: 0x80001314 (0x03f91fb3) mulh    t6, s2, t6
core   0: 3 0x80001314 (0x03f91fb3) x31 0x00000000
core   0: 0x80001318 (0x00000013) nop
core   0: 3 0x80001318 (0x00000013)
core   0: 0x8000131c (0x0010dd33) srl     s10, ra, ra
core   0: 3 0x8000131c (0x0010dd33) x26 0x00000000
core   0: 0x80001320 (0x62fefb97) auipc   s7, 0x62fef
core   0: 3 0x80001320 (0x62fefb97) x23 0xe2ff0320
core   0: 0x80001324 (0x00343533) sltu    a0, s0, gp
core   0: 3 0x80001324 (0x00343533) x10 0x00000000
core   0: 0x80001328 (0x01d382b3) add     t0, t2, t4
core   0: 3 0x80001328 (0x01d382b3) x 5 0xfffffecd
core   0: 0x8000132c (0x00d72fb3) slt     t6, a4, a3
core   0: 3 0x8000132c (0x00d72fb3) x31 0x00000000
core   0: 0x80001330 (0xa312b313) sltiu   t1, t0, -1487
core   0: 3 0x80001330 (0xa312b313) x 6 0x00000000
core   0: 0x80001334 (0x011cee33) or      t3, s9, a7
core   0: 3 0x80001334 (0x011cee33) x28 0xffffffbf
core   0: 0x80001338 (0x01e2e8b3) or      a7, t0, t5
core   0: 3 0x80001338 (0x01e2e8b3) x17 0xfffffecd
core   0: 0x8000133c (0x0cc16493) ori     s1, sp, 204
core   0: 3 0x8000133c (0x0cc16493) x 9 0x80018cec
core   0: 0x80001340 (0x01bc7cb3) and     s9, s8, s11
core   0: 3 0x80001340 (0x01bc7cb3) x25 0x7ffe7004
core   0: 0x80001344 (0x0044c8b3) xor     a7, s1, tp
core   0: 3 0x80001344 (0x0044c8b3) x17 0x7ffe74ec
core   0: 0x80001348 (0xacbc6293) ori     t0, s8, -1333
core   0: 3 0x80001348 (0xacbc6293) x 5 0xfffffbdf
core   0: 0x8000134c (0x012ec033) xor     zero, t4, s2
core   0: 3 0x8000134c (0x012ec033)
core   0: 0x80001350 (0x00278bb3) add     s7, a5, sp
core   0: 3 0x80001350 (0x00278bb3) x23 0x80018ce4
core   0: 0x80001354 (0x024cabb3) mulhsu  s7, s9, tp
core   0: 3 0x80001354 (0x024cabb3) x23 0x7ffe6c04
core   0: 0x80001358 (0xadc5a097) auipc   ra, 0xadc5a
core   0: 3 0x80001358 (0xadc5a097) x 1 0x2dc5b358
core   0: 0x8000135c (0x00c9de93) srli    t4, s3, 12
core   0: 3 0x8000135c (0x00c9de93) x29 0x00000000
core   0: 0x80001360 (0x00e036b3) snez    a3, a4
core   0: 3 0x80001360 (0x00e036b3) x13 0x00000000
core   0: 0x80001364 (0x3dd16513) ori     a0, sp, 989
core   0: 3 0x80001364 (0x3dd16513) x10 0x80018ffd
core   0: 0x80001368 (0x0103eeb3) or      t4, t2, a6
core   0: 3 0x80001368 (0x0103eeb3) x29 0x00000000
core   0: 0x8000136c (0xf2a36db7) lui     s11, 0xf2a36
core   0: 3 0x8000136c (0xf2a36db7) x27 0xf2a36000
core   0: 0x80001370 (0x015327b3) slt     a5, t1, s5
core   0: 3 0x80001370 (0x015327b3) x15 0x00000000
core   0: 0x80001374 (0x0324b7b3) mulhu   a5, s1, s2
core   0: 3 0x80001374 (0x0324b7b3) x15 0x00000000
core   0: 0x80001378 (0xfd61b937) lui     s2, 0xfd61b
core   0: 3 0x80001378 (0xfd61b937) x18 0xfd61b000
core   0: 0x8000137c (0x03ed8cb3) mul     s9, s11, t5
core   0: 3 0x8000137c (0x03ed8cb3) x25 0x00000000
core   0: 0x80001380 (0x02072cb3) mulhsu  s9, a4, zero
core   0: 3 0x80001380 (0x02072cb3) x25 0x00000000
core   0: 0x80001384 (0xe60faa13) slti    s4, t6, -416
core   0: 3 0x80001384 (0xe60faa13) x20 0x00000000
core   0: 0x80001388 (0x012263b3) or      t2, tp, s2
core   0: 3 0x80001388 (0x012263b3) x 7 0xfffff800
core   0: 0x8000138c (0x038ba033) mulhsu  zero, s7, s8
core   0: 3 0x8000138c (0x038ba033)
core   0: 0x80001390 (0x40bd5513) srai    a0, s10, 11
core   0: 3 0x80001390 (0x40bd5513) x10 0x00000000
core   0: 0x80001394 (0x40f8d1b3) sra     gp, a7, a5
core   0: 3 0x80001394 (0x40f8d1b3) x 3 0x7ffe74ec
core   0: 0x80001398 (0x00abd793) srli    a5, s7, 10
core   0: 3 0x80001398 (0x00abd793) x15 0x001fff9b
core   0: 0x8000139c (0x7acb2317) auipc   t1, 0x7acb2
core   0: 3 0x8000139c (0x7acb2317) x 6 0xfacb339c
core   0: 0x800013a0 (0x030062b3) rem     t0, zero, a6
core   0: 3 0x800013a0 (0x030062b3) x 5 0x00000000
core   0: 0x800013a4 (0x15a8a293) slti    t0, a7, 346
core   0: 3 0x800013a4 (0x15a8a293) x 5 0x00000000
core   0: 0x800013a8 (0x6e5e4693) xori    a3, t3, 1765
core   0: 3 0x800013a8 (0x6e5e4693) x13 0xfffff95a
core   0: 0x800013ac (0x025305b3) mul     a1, t1, t0
core   0: 3 0x800013ac (0x025305b3) x11 0x00000000
core   0: 0x800013b0 (0x41c7d733) sra     a4, a5, t3
core   0: 3 0x800013b0 (0x41c7d733) x14 0x00000000
core   0: 0x800013b4 (0x00cb7cb3) and     s9, s6, a2
core   0: 3 0x800013b4 (0x00cb7cb3) x25 0xf018fb60
core   0: 0x800013b8 (0x00321eb3) sll     t4, tp, gp
core   0: 3 0x800013b8 (0x00321eb3) x29 0xff800000
core   0: 0x800013bc (0x00139733) sll     a4, t2, ra
core   0: 3 0x800013bc (0x00139733) x14 0x00000000
core   0: 0x800013c0 (0x000cb233) sltu    tp, s9, zero
core   0: 3 0x800013c0 (0x000cb233) x 4 0x00000000
core   0: 0x800013c4 (0x00367e33) and     t3, a2, gp
core   0: 3 0x800013c4 (0x00367e33) x28 0x70187060
core   0: 0x800013c8 (0x81fa6997) auipc   s3, 0x81fa6
core   0: 3 0x800013c8 (0x81fa6997) x19 0x01fa73c8
core   0: 0x800013cc (0x40575593) srai    a1, a4, 5
core   0: 3 0x800013cc (0x40575593) x11 0x00000000
core   0: 0x800013d0 (0x418a8a33) sub     s4, s5, s8
core   0: 3 0x800013d0 (0x418a8a33) x20 0x0002db48
core   0: 0x800013d4 (0x3f863c13) sltiu   s8, a2, 1016
core   0: 3 0x800013d4 (0x3f863c13) x24 0x00000000
core   0: 0x800013d8 (0x01e1a6b3) slt     a3, gp, t5
core   0: 3 0x800013d8 (0x01e1a6b3) x13 0x00000000
core   0: 0x800013dc (0x40d48f33) sub     t5, s1, a3
core   0: 3 0x800013dc (0x40d48f33) x30 0x80018cec
core   0: 0x800013e0 (0x0035d013) srli    zero, a1, 3
core   0: 3 0x800013e0 (0x0035d013)
core   0: 0x800013e4 (0x025b0933) mul     s2, s6, t0
core   0: 3 0x800013e4 (0x025b0933) x18 0x00000000
core   0: 0x800013e8 (0x38e3b713) sltiu   a4, t2, 910
core   0: 3 0x800013e8 (0x38e3b713) x14 0x00000000
core   0: 0x800013ec (0x0100a533) slt     a0, ra, a6
core   0: 3 0x800013ec (0x0100a533) x10 0x00000000
core   0: 0x800013f0 (0x028ad0b3) divu    ra, s5, s0
core   0: 3 0x800013f0 (0x028ad0b3) x 1 0x80014e64
core   0: 0x800013f4 (0x00ec2eb3) slt     t4, s8, a4
core   0: 3 0x800013f4 (0x00ec2eb3) x29 0x00000000
core   0: 0x800013f8 (0x01655bb3) srl     s7, a0, s6
core   0: 3 0x800013f8 (0x01655bb3) x23 0x00000000
core   0: 0x800013fc (0x94d58597) auipc   a1, 0x94d58
core   0: 3 0x800013fc (0x94d58597) x11 0x14d593fc
core   0: 0x80001400 (0x6a198593) addi    a1, s3, 1697
core   0: 3 0x80001400 (0x6a198593) x11 0x01fa7a69
core   0: 0x80001404 (0x027596b3) mulh    a3, a1, t2
core   0: 3 0x80001404 (0x027596b3) x13 0xfffffff0
core   0: 0x80001408 (0x0158dc13) srli    s8, a7, 21
core   0: 3 0x80001408 (0x0158dc13) x24 0x000003ff
core   0: 0x8000140c (0x01844d33) xor     s10, s0, s8
core   0: 3 0x8000140c (0x01844d33) x26 0x000003fe
core   0: 0x80001410 (0x93db6d93) ori     s11, s6, -1731
core   0: 3 0x80001410 (0x93db6d93) x27 0xfffffffd
core   0: 0x80001414 (0x03e096b3) mulh    a3, ra, t5
core   0: 3 0x80001414 (0x03e096b3) x13 0x3ffe925a
core   0: 0x80001418 (0x03614a33) div     s4, sp, s6
core   0: 3 0x80001418 (0x03614a33) x20 0x2aaa265e
core   0: 0x8000141c (0x00693fb3) sltu    t6, s2, t1
core   0: 3 0x8000141c (0x00693fb3) x31 0x00000001
core   0: 0x80001420 (0x007a5e33) srl     t3, s4, t2
core   0: 3 0x80001420 (0x007a5e33) x28 0x2aaa265e
core   0: 0x80001424 (0x86293893) sltiu   a7, s2, -1950
core   0: 3 0x80001424 (0x86293893) x17 0x00000001
core   0: 0x80001428 (0x00e11333) sll     t1, sp, a4
core   0: 3 0x80001428 (0x00e11333) x 6 0x80018ce4
core   0: 0x8000142c (0x0028ccb3) xor     s9, a7, sp
core   0: 3 0x8000142c (0x0028ccb3) x25 0x80018ce5
core   0: 0x80001430 (0xa7e32a13) slti    s4, t1, -1410
core   0: 3 0x80001430 (0xa7e32a13) x20 0x00000001
core   0: 0x80001434 (0x039022b3) mulhsu  t0, zero, s9
core   0: 3 0x80001434 (0x039022b3) x 5 0x00000000
core   0: 0x80001438 (0xa4db7293) andi    t0, s6, -1459
core   0: 3 0x80001438 (0xa4db7293) x 5 0xfffffa4d
core   0: 0x8000143c (0x03523e33) mulhu   t3, tp, s5
core   0: 3 0x8000143c (0x03523e33) x28 0x00000000
core   0: 0x80001440 (0x018213b3) sll     t2, tp, s8
core   0: 3 0x80001440 (0x018213b3) x 7 0x00000000
core   0: 0x80001444 (0x0087b7b3) sltu    a5, a5, s0
core   0: 3 0x80001444 (0x0087b7b3) x15 0x00000000
core   0: 0x80001448 (0x007b9313) slli    t1, s7, 7
core   0: 3 0x80001448 (0x007b9313) x 6 0x00000000
core   0: 0x8000144c (0x06442713) slti    a4, s0, 100
core   0: 3 0x8000144c (0x06442713) x14 0x00000001
core   0: 0x80001450 (0x01b99813) slli    a6, s3, 27
core   0: 3 0x80001450 (0x01b99813) x16 0x40000000
core   0: 0x80001454 (0x027849b3) div     s3, a6, t2
core   0: 3 0x80001454 (0x027849b3) x19 0xffffffff
core   0: 0x80001458 (0x46ef4eb7) lui     t4, 0x46ef4
core   0: 3 0x80001458 (0x46ef4eb7) x29 0x46ef4000
core   0: 0x8000145c (0x1fbf3913) sltiu   s2, t5, 507
core   0: 3 0x8000145c (0x1fbf3913) x18 0x00000000
core   0: 0x80001460 (0x6bd3ca17) auipc   s4, 0x6bd3c
core   0: 3 0x80001460 (0x6bd3ca17) x20 0xebd3d460
core   0: 0x80001464 (0x03ecadb3) mulhsu  s11, s9, t5
core   0: 3 0x80001464 (0x03ecadb3) x27 0xbffffffe
core   0: 0x80001468 (0x03c784b3) mul     s1, a5, t3
core   0: 3 0x80001468 (0x03c784b3) x 9 0x00000000
core   0: 0x8000146c (0x027bcfb3) div     t6, s7, t2
core   0: 3 0x8000146c (0x027bcfb3) x31 0xffffffff
core   0: 0x80001470 (0x033ce3b3) rem     t2, s9, s3
core   0: 3 0x80001470 (0x033ce3b3) x 7 0x00000000
core   0: 0x80001474 (0x0b7ca693) slti    a3, s9, 183
core   0: 3 0x80001474 (0x0b7ca693) x13 0x00000001
core   0: 0x80001478 (0x00c09333) sll     t1, ra, a2
core   0: 3 0x80001478 (0x00c09333) x 6 0x80014e64
core   0: 0x8000147c (0x01d1ca33) xor     s4, gp, t4
core   0: 3 0x8000147c (0x01d1ca33) x20 0x391134ec
core   0: 0x80001480 (0x01965793) srli    a5, a2, 25
core   0: 3 0x80001480 (0x01965793) x15 0x00000078
core   0: 0x80001484 (0x00a3e5b3) or      a1, t2, a0
core   0: 3 0x80001484 (0x00a3e5b3) x11 0x00000000
core   0: 0x80001488 (0x9660bc93) sltiu   s9, ra, -1690
core   0: 3 0x80001488 (0x9660bc93) x25 0x00000001
core   0: 0x8000148c (0x03e9a5b3) mulhsu  a1, s3, t5
core   0: 3 0x8000148c (0x03e9a5b3) x11 0xffffffff
core   0: 0x80001490 (0x01742933) slt     s2, s0, s7
core   0: 3 0x80001490 (0x01742933) x18 0x00000000
core   0: 0x80001494 (0x00000013) nop
core   0: 3 0x80001494 (0x00000013)
core   0: 0x80001498 (0x0ecc8913) addi    s2, s9, 236
core   0: 3 0x80001498 (0x0ecc8913) x18 0x000000ed
core   0: 0x8000149c (0x00000013) nop
core   0: 3 0x8000149c (0x00000013)
core   0: 0x800014a0 (0x0221f6b3) remu    a3, gp, sp
core   0: 3 0x800014a0 (0x0221f6b3) x13 0x7ffe74ec
core   0: 0x800014a4 (0x036663b3) rem     t2, a2, s6
core   0: 3 0x800014a4 (0x036663b3) x 7 0xfffffffe
core   0: 0x800014a8 (0x001f4333) xor     t1, t5, ra
core   0: 3 0x800014a8 (0x001f4333) x 6 0x0000c288
core   0: 0x800014ac (0x0044bdb3) sltu    s11, s1, tp
core   0: 3 0x800014ac (0x0044bdb3) x27 0x00000000
core   0: 0x800014b0 (0x00848833) add     a6, s1, s0
core   0: 3 0x800014b0 (0x00848833) x16 0x00000001
core   0: 0x800014b4 (0x03aafe33) remu    t3, s5, s10
core   0: 3 0x800014b4 (0x03aafe33) x28 0x0000031a
core   0: 0x800014b8 (0xe8f8e513) ori     a0, a7, -369
core   0: 3 0x800014b8 (0xe8f8e513) x10 0xfffffe8f
core   0: 0x800014bc (0x014a8a33) add     s4, s5, s4
core   0: 3 0x800014bc (0x014a8a33) x20 0xb9128350
core   0: 0x800014c0 (0x00648833) add     a6, s1, t1
core   0: 3 0x800014c0 (0x00648833) x16 0x0000c288
core   0: 0x800014c4 (0xa6fa0c17) auipc   s8, 0xa6fa0
core   0: 3 0x800014c4 (0xa6fa0c17) x24 0x26fa14c4
core   0: 0x800014c8 (0x0333ed33) rem     s10, t2, s3
core   0: 3 0x800014c8 (0x0333ed33) x26 0x00000000
core   0: 0x800014cc (0x0132be33) sltu    t3, t0, s3
core   0: 3 0x800014cc (0x0132be33) x28 0x00000001
core   0: 0x800014d0 (0x05584b13) xori    s6, a6, 85
core   0: 3 0x800014d0 (0x05584b13) x22 0x0000c2dd
core   0: 0x800014d4 (0x02ec1033) mulh    zero, s8, a4
core   0: 3 0x800014d4 (0x02ec1033)
core   0: 0x800014d8 (0x010d4433) xor     s0, s10, a6
core   0: 3 0x800014d8 (0x010d4433) x 8 0x0000c288
core   0: 0x800014dc (0x97e03713) sltiu   a4, zero, -1666
core   0: 3 0x800014dc (0x97e03713) x14 0x00000001
core   0: 0x800014e0 (0x41635933) sra     s2, t1, s6
core   0: 3 0x800014e0 (0x41635933) x18 0x00000000
core   0: 0x800014e4 (0x01a3a3b3) slt     t2, t2, s10
core   0: 3 0x800014e4 (0x01a3a3b3) x 7 0x00000001
core   0: 0x800014e8 (0x03113533) mulhu   a0, sp, a7
core   0: 3 0x800014e8 (0x03113533) x10 0x00000000
core   0: 0x800014ec (0x417f84b3) sub     s1, t6, s7
core   0: 3 0x800014ec (0x417f84b3) x 9 0xffffffff
core   0: 0x800014f0 (0x00761a13) slli    s4, a2, 7
core   0: 3 0x800014f0 (0x00761a13) x20 0x0c7db000
core   0: 0x800014f4 (0x00000013) nop
core   0: 3 0x800014f4 (0x00000013)
core   0: 0x800014f8 (0x00a001b3) add     gp, zero, a0
core   0: 3 0x800014f8 (0x00a001b3) x 3 0x00000000
core   0: 0x800014fc (0x57edf813) andi    a6, s11, 1406
core   0: 3 0x800014fc (0x57edf813) x16 0x00000000
core   0: 0x80001500 (0x01048933) add     s2, s1, a6
core   0: 3 0x80001500 (0x01048933) x18 0xffffffff
core   0: 0x80001504 (0x49b23b93) sltiu   s7, tp, 1179
core   0: 3 0x80001504 (0x49b23b93) x23 0x00000001
core   0: 0x80001508 (0x02baaeb3) mulhsu  t4, s5, a1
core   0: 3 0x80001508 (0x02baaeb3) x29 0x80014e64
core   0: 0x8000150c (0x41e05833) sra     a6, zero, t5
core   0: 3 0x8000150c (0x41e05833) x16 0x00000000
core   0: 0x80001510 (0x0175d813) srli    a6, a1, 23
core   0: 3 0x80001510 (0x0175d813) x16 0x000001ff
core   0: 0x80001514 (0x419cdf33) sra     t5, s9, s9
core   0: 3 0x80001514 (0x419cdf33) x30 0x00000000
core   0: 0x80001518 (0x035b3033) mulhu   zero, s6, s5
core   0: 3 0x80001518 (0x035b3033)
core   0: 0x8000151c (0x0124d833) srl     a6, s1, s2
core   0: 3 0x8000151c (0x0124d833) x16 0x00000001
core   0: 0x80001520 (0x02f78233) mul     tp, a5, a5
core   0: 3 0x80001520 (0x02f78233) x 4 0x00003840
core   0: 0x80001524 (0x019c40b3) xor     ra, s8, s9
core   0: 3 0x80001524 (0x019c40b3) x 1 0x26fa14c5
core   0: 0x80001528 (0x03fdaa33) mulhsu  s4, s11, t6
core   0: 3 0x80001528 (0x03fdaa33) x20 0x00000000
core   0: 0x8000152c (0x01467433) and     s0, a2, s4
core   0: 3 0x8000152c (0x01467433) x 8 0x00000000
core   0: 0x80001530 (0x416581b3) sub     gp, a1, s6
core   0: 3 0x80001530 (0x416581b3) x 3 0xffff3d22
core   0: 0x80001534 (0x004f74b3) and     s1, t5, tp
core   0: 3 0x80001534 (0x004f74b3) x 9 0x00000000
core   0: 0x80001538 (0x010d02b3) add     t0, s10, a6
core   0: 3 0x80001538 (0x010d02b3) x 5 0x00000001
core   0: 0x8000153c (0x020be833) rem     a6, s7, zero
core   0: 3 0x8000153c (0x020be833) x16 0x00000001
core   0: 0x80001540 (0x01ca3333) sltu    t1, s4, t3
core   0: 3 0x80001540 (0x01ca3333) x 6 0x00000001
core   0: 0x80001544 (0x400d5513) srai    a0, s10, 0
core   0: 3 0x80001544 (0x400d5513) x10 0x00000000
core   0: 0x80001548 (0x00dc4e33) xor     t3, s8, a3
core   0: 3 0x80001548 (0x00dc4e33) x28 0x59046028
core   0: 0x8000154c (0x9715b193) sltiu   gp, a1, -1679
core   0: 3 0x8000154c (0x9715b193) x 3 0x00000000
core   0: 0x80001550 (0x8fc36e13) ori     t3, t1, -1796
core   0: 3 0x80001550 (0x8fc36e13) x28 0xfffff8fd
core   0: 0x80001554 (0x00375213) srli    tp, a4, 3
core   0: 3 0x80001554 (0x00375213) x 4 0x00000000
core   0: 0x80001558 (0x419bd293) srai    t0, s7, 25
core   0: 3 0x80001558 (0x419bd293) x 5 0x00000000
core   0: 0x8000155c (0x0146e0b3) or      ra, a3, s4
core   0: 3 0x8000155c (0x0146e0b3) x 1 0x7ffe74ec
core   0: 0x80001560 (0x01dbb1b3) sltu    gp, s7, t4
core   0: 3 0x80001560 (0x01dbb1b3) x 3 0x00000001
core   0: 0x80001564 (0x411be597) auipc   a1, 0x411be
core   0: 3 0x80001564 (0x411be597) x11 0xc11bf564
core   0: 0x80001568 (0x03773e33) mulhu   t3, a4, s7
core   0: 3 0x80001568 (0x03773e33) x28 0x00000000
core   0: 0x8000156c (0x03ac39b3) mulhu   s3, s8, s10
core   0: 3 0x8000156c (0x03ac39b3) x19 0x00000000
core   0: 0x80001570 (0x02e1bcb3) mulhu   s9, gp, a4
core   0: 3 0x80001570 (0x02e1bcb3) x25 0x00000000
core   0: 0x80001574 (0x706c4513) xori    a0, s8, 1798
core   0: 3 0x80001574 (0x706c4513) x10 0x26fa13c2
core   0: 0x80001578 (0x30f879b7) lui     s3, 0x30f87
core   0: 3 0x80001578 (0x30f879b7) x19 0x30f87000
core   0: 0x8000157c (0xd765a293) slti    t0, a1, -650
core   0: 3 0x8000157c (0xd765a293) x 5 0x00000001
core   0: 0x80001580 (0x008d9d33) sll     s10, s11, s0
core   0: 3 0x80001580 (0x008d9d33) x26 0x00000000
core   0: 0x80001584 (0x03cfde33) divu    t3, t6, t3
core   0: 3 0x80001584 (0x03cfde33) x28 0xffffffff
core   0: 0x80001588 (0x03704533) div     a0, zero, s7
core   0: 3 0x80001588 (0x03704533) x10 0x00000000
core   0: 0x8000158c (0x03518833) mul     a6, gp, s5
core   0: 3 0x8000158c (0x03518833) x16 0x80014e64
core   0: 0x80001590 (0x025e2fb3) mulhsu  t6, t3, t0
core   0: 3 0x80001590 (0x025e2fb3) x31 0xffffffff
core   0: 0x80001594 (0x01b81193) slli    gp, a6, 27
core   0: 3 0x80001594 (0x01b81193) x 3 0x20000000
core   0: 0x80001598 (0x039edfb3) divu    t6, t4, s9
core   0: 3 0x80001598 (0x039edfb3) x31 0xffffffff
core   0: 0x8000159c (0xa12bf893) andi    a7, s7, -1518
core   0: 3 0x8000159c (0xa12bf893) x17 0x00000000
core   0: 0x800015a0 (0x025a6e33) rem     t3, s4, t0
core   0: 3 0x800015a0 (0x025a6e33) x28 0x00000000
core   0: 0x800015a4 (0x5aba7313) andi    t1, s4, 1451
core   0: 3 0x800015a4 (0x5aba7313) x 6 0x00000000
core   0: 0x800015a8 (0x0104c433) xor     s0, s1, a6
core   0: 3 0x800015a8 (0x0104c433) x 8 0x80014e64
core   0: 0x800015ac (0x1e46c793) xori    a5, a3, 484
core   0: 3 0x800015ac (0x1e46c793) x15 0x7ffe7508
core   0: 0x800015b0 (0xc239b913) sltiu   s2, s3, -989
core   0: 3 0x800015b0 (0xc239b913) x18 0x00000001
core   0: 0x800015b4 (0x01c3fb33) and     s6, t2, t3
core   0: 3 0x800015b4 (0x01c3fb33) x22 0x00000000
core   0: 0x800015b8 (0x01ce17b3) sll     a5, t3, t3
core   0: 3 0x800015b8 (0x01ce17b3) x15 0x00000000
core   0: 0x800015bc (0x0009e4b3) or      s1, s3, zero
core   0: 3 0x800015bc (0x0009e4b3) x 9 0x30f87000
core   0: 0x800015c0 (0x03d79d33) mulh    s10, a5, t4
core   0: 3 0x800015c0 (0x03d79d33) x26 0x00000000
core   0: 0x800015c4 (0x01e93933) sltu    s2, s2, t5
core   0: 3 0x800015c4 (0x01e93933) x18 0x00000000
core   0: 0x800015c8 (0x40085b13) srai    s6, a6, 0
core   0: 3 0x800015c8 (0x40085b13) x22 0x80014e64
core   0: 0x800015cc (0x40d7d4b3) sra     s1, a5, a3
core   0: 3 0x800015cc (0x40d7d4b3) x 9 0x00000000
core   0: 0x800015d0 (0x0071dd13) srli    s10, gp, 7
core   0: 3 0x800015d0 (0x0071dd13) x26 0x00400000
core   0: 0x800015d4 (0xa5fd8a13) addi    s4, s11, -1441
core   0: 3 0x800015d4 (0xa5fd8a13) x20 0xfffffa5f
core   0: 0x800015d8 (0x0195e933) or      s2, a1, s9
core   0: 3 0x800015d8 (0x0195e933) x18 0xc11bf564
core   0: 0x800015dc (0x41c65fb3) sra     t6, a2, t3
core   0: 3 0x800015dc (0x41c65fb3) x31 0xf018fb60
core   0: 0x800015e0 (0x400a58b3) sra     a7, s4, zero
core   0: 3 0x800015e0 (0x400a58b3) x17 0xfffffa5f
core   0: 0x800015e4 (0x017eea33) or      s4, t4, s7
core   0: 3 0x800015e4 (0x017eea33) x20 0x80014e65
core   0: 0x800015e8 (0x172aaf93) slti    t6, s5, 370
core   0: 3 0x800015e8 (0x172aaf93) x31 0x00000001
core   0: 0x800015ec (0x013ef533) and     a0, t4, s3
core   0: 3 0x800015ec (0x013ef533) x10 0x00004000
core   0: 0x800015f0 (0x01501d13) slli    s10, zero, 21
core   0: 3 0x800015f0 (0x01501d13) x26 0x00000000
core   0: 0x800015f4 (0x03e452b3) divu    t0, s0, t5
core   0: 3 0x800015f4 (0x03e452b3) x 5 0xffffffff
core   0: 0x800015f8 (0x0093c1b3) xor     gp, t2, s1
core   0: 3 0x800015f8 (0x0093c1b3) x 3 0x00000001
core   0: 0x800015fc (0x034bf4b3) remu    s1, s7, s4
core   0: 3 0x800015fc (0x034bf4b3) x 9 0x00000001
core   0: 0x80001600 (0x0043c433) xor     s0, t2, tp
core   0: 3 0x80001600 (0x0043c433) x 8 0x00000001
core   0: 0x80001604 (0x03f7cd33) div     s10, a5, t6
core   0: 3 0x80001604 (0x03f7cd33) x26 0x00000000
core   0: 0x80001608 (0x7b41cd93) xori    s11, gp, 1972
core   0: 3 0x80001608 (0x7b41cd93) x27 0x000007b5
core   0: 0x8000160c (0x00000013) nop
core   0: 3 0x8000160c (0x00000013)
core   0: 0x80001610 (0x01c05bb3) srl     s7, zero, t3
core   0: 3 0x80001610 (0x01c05bb3) x23 0x00000000
core   0: 0x80001614 (0xb5ff2d93) slti    s11, t5, -1185
core   0: 3 0x80001614 (0xb5ff2d93) x27 0x00000000
core   0: 0x80001618 (0x02c87f33) remu    t5, a6, a2
core   0: 3 0x80001618 (0x02c87f33) x30 0x80014e64
core   0: 0x8000161c (0x00d48333) add     t1, s1, a3
core   0: 3 0x8000161c (0x00d48333) x 6 0x7ffe74ed
core   0: 0x80001620 (0x009470b3) and     ra, s0, s1
core   0: 3 0x80001620 (0x009470b3) x 1 0x00000001
core   0: 0x80001624 (0x01211d93) slli    s11, sp, 18
core   0: 3 0x80001624 (0x01211d93) x27 0x33900000
core   0: 0x80001628 (0x016c01b3) add     gp, s8, s6
core   0: 3 0x80001628 (0x016c01b3) x 3 0xa6fb6328
core   0: 0x8000162c (0x01c59193) slli    gp, a1, 28
core   0: 3 0x8000162c (0x01c59193) x 3 0x40000000
core   0: 0x80001630 (0x02434933) div     s2, t1, tp
core   0: 3 0x80001630 (0x02434933) x18 0xffffffff
core   0: 0x80001634 (0x03deac33) mulhsu  s8, t4, t4
core   0: 3 0x80001634 (0x03deac33) x24 0xc0000001
core   0: 0x80001638 (0x01d61cb3) sll     s9, a2, t4
core   0: 3 0x80001638 (0x01d61cb3) x25 0x018fb600
core   0: 0x8000163c (0x015ed033) srl     zero, t4, s5
core   0: 3 0x8000163c (0x015ed033)
core   0: 0x80001640 (0x038c0933) mul     s2, s8, s8
core   0: 3 0x80001640 (0x038c0933) x18 0x80000001
core   0: 0x80001644 (0x030c05b3) mul     a1, s8, a6
core   0: 3 0x80001644 (0x030c05b3) x11 0x80014e64
core   0: 0x80001648 (0x03ab40b3) div     ra, s6, s10
core   0: 3 0x80001648 (0x03ab40b3) x 1 0xffffffff
core   0: 0x8000164c (0x01fe1b13) slli    s6, t3, 31
core   0: 3 0x8000164c (0x01fe1b13) x22 0x00000000
core   0: 0x80001650 (0x40f28b33) sub     s6, t0, a5
core   0: 3 0x80001650 (0x40f28b33) x22 0xffffffff
core   0: 0x80001654 (0x419ed9b3) sra     s3, t4, s9
core   0: 3 0x80001654 (0x419ed9b3) x19 0x80014e64
core   0: 0x80001658 (0x623ef093) andi    ra, t4, 1571
core   0: 3 0x80001658 (0x623ef093) x 1 0x00000620
core   0: 0x8000165c (0x002bb833) sltu    a6, s7, sp
core   0: 3 0x8000165c (0x002bb833) x16 0x00000001
core   0: 0x80001660 (0x036b3933) mulhu   s2, s6, s6
core   0: 3 0x80001660 (0x036b3933) x18 0xfffffffe
core   0: 0x80001664 (0x02f6c233) div     tp, a3, a5
core   0: 3 0x80001664 (0x02f6c233) x 4 0xffffffff
core   0: 0x80001668 (0x028b1d33) mulh    s10, s6, s0
core   0: 3 0x80001668 (0x028b1d33) x26 0xffffffff
core   0: 0x8000166c (0x02dc6433) rem     s0, s8, a3
core   0: 3 0x8000166c (0x02dc6433) x 8 0xc0000001
core   0: 0x80001670 (0x0372deb3) divu    t4, t0, s7
core   0: 3 0x80001670 (0x0372deb3) x29 0xffffffff
core   0: 0x80001674 (0x402c84b3) sub     s1, s9, sp
core   0: 3 0x80001674 (0x402c84b3) x 9 0x818e291c
core   0: 0x80001678 (0x40cf5a33) sra     s4, t5, a2
core   0: 3 0x80001678 (0x40cf5a33) x20 0x80014e64
core   0: 0x8000167c (0x40268bb3) sub     s7, a3, sp
core   0: 3 0x8000167c (0x40268bb3) x23 0xfffce808
core   0: 0x80001680 (0x41fadc33) sra     s8, s5, t6
core   0: 3 0x80001680 (0x41fadc33) x24 0xc000a732
core   0: 0x80001684 (0x02b64533) div     a0, a2, a1
core   0: 3 0x80001684 (0x02b64533) x10 0x00000000
core   0: 0x80001688 (0x0153ea33) or      s4, t2, s5
core   0: 3 0x80001688 (0x0153ea33) x20 0x80014e65
core   0: 0x8000168c (0x03f3d033) divu    zero, t2, t6
core   0: 3 0x8000168c (0x03f3d033)
core   0: 0x80001690 (0x8c297513) andi    a0, s2, -1854
core   0: 3 0x80001690 (0x8c297513) x10 0xfffff8c2
core   0: 0x80001694 (0x029a2833) mulhsu  a6, s4, s1
core   0: 3 0x80001694 (0x029a2833) x16 0xbf3994ac
core   0: 0x80001698 (0xeb147c93) andi    s9, s0, -335
core   0: 3 0x80001698 (0xeb147c93) x25 0xc0000001
core   0: 0x8000169c (0x03c593b3) mulh    t2, a1, t3
core   0: 3 0x8000169c (0x03c593b3) x 7 0x00000000
core   0: 0x800016a0 (0x02676e33) rem     t3, a4, t1
core   0: 3 0x800016a0 (0x02676e33) x28 0x00000001
core   0: 0x800016a4 (0x00505593) srli    a1, zero, 5
core   0: 3 0x800016a4 (0x00505593) x11 0x00000000
core   0: 0x800016a8 (0x035e1833) mulh    a6, t3, s5
core   0: 3 0x800016a8 (0x035e1833) x16 0xffffffff
core   0: 0x800016ac (0x7229ed93) ori     s11, s3, 1826
core   0: 3 0x800016ac (0x7229ed93) x27 0x80014f66
core   0: 0x800016b0 (0x024ee9b3) rem     s3, t4, tp
core   0: 3 0x800016b0 (0x024ee9b3) x19 0x00000000
core   0: 0x800016b4 (0x29830293) addi    t0, t1, 664
core   0: 3 0x800016b4 (0x29830293) x 5 0x7ffe7785
core   0: 0x800016b8 (0x7158ef93) ori     t6, a7, 1813
core   0: 3 0x800016b8 (0x7158ef93) x31 0xffffff5f
core   0: 0x800016bc (0xb0758593) addi    a1, a1, -1273
core   0: 3 0x800016bc (0xb0758593) x11 0xfffffb07
core   0: 0x800016c0 (0x006f2333) slt     t1, t5, t1
core   0: 3 0x800016c0 (0x006f2333) x 6 0x00000001
core   0: 0x800016c4 (0x2133f893) andi    a7, t2, 531
core   0: 3 0x800016c4 (0x2133f893) x17 0x00000000
core   0: 0x800016c8 (0x019dde13) srli    t3, s11, 25
core   0: 3 0x800016c8 (0x019dde13) x28 0x00000040
core   0: 0x800016cc (0x17258f13) addi    t5, a1, 370
core   0: 3 0x800016cc (0x17258f13) x30 0xfffffc79
core   0: 0x800016d0 (0x020bd5b3) divu    a1, s7, zero
core   0: 3 0x800016d0 (0x020bd5b3) x11 0xffffffff
core   0: 0x800016d4 (0x00518b33) add     s6, gp, t0
core   0: 3 0x800016d4 (0x00518b33) x22 0xbffe7785
core   0: 0x800016d8 (0x40208e33) sub     t3, ra, sp
core   0: 3 0x800016d8 (0x40208e33) x28 0x7ffe793c
core   0: 0x800016dc (0x01e9d233) srl     tp, s3, t5
core   0: 3 0x800016dc (0x01e9d233) x 4 0x00000000
core   0: 0x800016e0 (0x038086b3) mul     a3, ra, s8
core   0: 3 0x800016e0 (0x038086b3) x13 0x04001240
core   0: 0x800016e4 (0x366c2d13) slti    s10, s8, 870
core   0: 3 0x800016e4 (0x366c2d13) x26 0x00000001
core   0: 0x800016e8 (0x03935eb3) divu    t4, t1, s9
core   0: 3 0x800016e8 (0x03935eb3) x29 0x00000000
core   0: 0x800016ec (0x00000013) nop
core   0: 3 0x800016ec (0x00000013)
core   0: 0x800016f0 (0x75cda213) slti    tp, s11, 1884
core   0: 3 0x800016f0 (0x75cda213) x 4 0x00000001
core   0: 0x800016f4 (0x028eedb3) rem     s11, t4, s0
core   0: 3 0x800016f4 (0x028eedb3) x27 0x00000000
core   0: 0x800016f8 (0x038620b3) mulhsu  ra, a2, s8
core   0: 3 0x800016f8 (0x038620b3) x 1 0xf412b225
core   0: 0x800016fc (0x01feeb33) or      s6, t4, t6
core   0: 3 0x800016fc (0x01feeb33) x22 0xffffff5f
core   0: 0x80001700 (0xf6e64e93) xori    t4, a2, -146
core   0: 3 0x80001700 (0xf6e64e93) x29 0x0fe7040e
core   0: 0x80001704 (0x00000013) nop
core   0: 3 0x80001704 (0x00000013)
core   0: 0x80001708 (0x01e4b7b3) sltu    a5, s1, t5
core   0: 3 0x80001708 (0x01e4b7b3) x15 0x00000001
core   0: 0x8000170c (0x407ed1b3) sra     gp, t4, t2
core   0: 3 0x8000170c (0x407ed1b3) x 3 0x0fe7040e
core   0: 0x80001710 (0xf2486c17) auipc   s8, 0xf2486
core   0: 3 0x80001710 (0xf2486c17) x24 0x72487710
core   0: 0x80001714 (0x41b98db3) sub     s11, s3, s11
core   0: 3 0x80001714 (0x41b98db3) x27 0x00000000
core   0: 0x80001718 (0x02765833) divu    a6, a2, t2
core   0: 3 0x80001718 (0x02765833) x16 0xffffffff
core   0: 0x8000171c (0x01127333) and     t1, tp, a7
core   0: 3 0x8000171c (0x01127333) x 6 0x00000000
core   0: 0x80001720 (0x015fb333) sltu    t1, t6, s5
core   0: 3 0x80001720 (0x015fb333) x 6 0x00000000
core   0: 0x80001724 (0x02cd64b3) rem     s1, s10, a2
core   0: 3 0x80001724 (0x02cd64b3) x 9 0x00000001
core   0: 0x80001728 (0x4044bb37) lui     s6, 0x4044b
core   0: 3 0x80001728 (0x4044bb37) x22 0x4044b000
core   0: 0x8000172c (0x0357c6b3) div     a3, a5, s5
core   0: 3 0x8000172c (0x0357c6b3) x13 0x00000000
core   0: 0x80001730 (0x03ff5433) divu    s0, t5, t6
core   0: 3 0x80001730 (0x03ff5433) x 8 0x00000000
core   0: 0x80001734 (0x028ed333) divu    t1, t4, s0
core   0: 3 0x80001734 (0x028ed333) x 6 0xffffffff
core   0: 0x80001738 (0xc8424093) xori    ra, tp, -892
core   0: 3 0x80001738 (0xc8424093) x 1 0xfffffc85
core   0: 0x8000173c (0x032f5733) divu    a4, t5, s2
core   0: 3 0x8000173c (0x032f5733) x14 0x00000000
core   0: 0x80001740 (0x68b52417) auipc   s0, 0x68b52
core   0: 3 0x80001740 (0x68b52417) x 8 0xe8b53740
core   0: 0x80001744 (0x4044d2b3) sra     t0, s1, tp
core   0: 3 0x80001744 (0x4044d2b3) x 5 0x00000000
core   0: 0x80001748 (0x00000013) nop
core   0: 3 0x80001748 (0x00000013)
core   0: 0x8000174c (0x0135d093) srli    ra, a1, 19
core   0: 3 0x8000174c (0x0135d093) x 1 0x00001fff
core   0: 0x80001750 (0xdfb47293) andi    t0, s0, -517
core   0: 3 0x80001750 (0xdfb47293) x 5 0xe8b53540
core   0: 0x80001754 (0x0108a0b3) slt     ra, a7, a6
core   0: 3 0x80001754 (0x0108a0b3) x 1 0x00000000
core   0: 0x80001758 (0x2e3db013) sltiu   zero, s11, 739
core   0: 3 0x80001758 (0x2e3db013)
core   0: 0x8000175c (0x0059ad33) slt     s10, s3, t0
core   0: 3 0x8000175c (0x0059ad33) x26 0x00000000
core   0: 0x80001760 (0x02a40c33) mul     s8, s0, a0
core   0: 3 0x80001760 (0x02a40c33) x24 0xaf99de80
core   0: 0x80001764 (0x4006d513) srai    a0, a3, 0
core   0: 3 0x80001764 (0x4006d513) x10 0x00000000
core   0: 0x80001768 (0x41cb09b3) sub     s3, s6, t3
core   0: 3 0x80001768 (0x41cb09b3) x19 0xc04636c4
core   0: 0x8000176c (0x0143bb33) sltu    s6, t2, s4
core   0: 3 0x8000176c (0x0143bb33) x22 0x00000001
core   0: 0x80001770 (0x7419cd13) xori    s10, s3, 1857
core   0: 3 0x80001770 (0x7419cd13) x26 0xc0463185
core   0: 0x80001774 (0xf5112737) lui     a4, 0xf5112
core   0: 3 0x80001774 (0xf5112737) x14 0xf5112000
core   0: 0x80001778 (0x018491b3) sll     gp, s1, s8
core   0: 3 0x80001778 (0x018491b3) x 3 0x00000001
core   0: 0x8000177c (0xc4ccad93) slti    s11, s9, -948
core   0: 3 0x8000177c (0xc4ccad93) x27 0x00000001
core   0: 0x80001780 (0x018fdb93) srli    s7, t6, 24
core   0: 3 0x80001780 (0x018fdb93) x23 0x000000ff
core   0: 0x80001784 (0x01ab1513) slli    a0, s6, 26
core   0: 3 0x80001784 (0x01ab1513) x10 0x04000000
core   0: 0x80001788 (0x136c9197) auipc   gp, 0x136c9
core   0: 3 0x80001788 (0x136c9197) x 3 0x936ca788
core   0: 0x8000178c (0x0126f033) and     zero, a3, s2
core   0: 3 0x8000178c (0x0126f033)
core   0: 0x80001790 (0x019788b3) add     a7, a5, s9
core   0: 3 0x80001790 (0x019788b3) x17 0xc0000002
core   0: 0x80001794 (0x40450933) sub     s2, a0, tp
core   0: 3 0x80001794 (0x40450933) x18 0x03ffffff
core   0: 0x80001798 (0x7853a993) slti    s3, t2, 1925
core   0: 3 0x80001798 (0x7853a993) x19 0x00000001
core   0: 0x8000179c (0x021fecb3) rem     s9, t6, ra
core   0: 3 0x8000179c (0x021fecb3) x25 0xffffff5f
core   0: 0x800017a0 (0x12597713) andi    a4, s2, 293
core   0: 3 0x800017a0 (0x12597713) x14 0x00000125
core   0: 0x800017a4 (0x0104d1b3) srl     gp, s1, a6
core   0: 3 0x800017a4 (0x0104d1b3) x 3 0x00000000
core   0: 0x800017a8 (0x021a3d33) mulhu   s10, s4, ra
core   0: 3 0x800017a8 (0x021a3d33) x26 0x00000000
core   0: 0x800017ac (0x0201afb3) mulhsu  t6, gp, zero
core   0: 3 0x800017ac (0x0201afb3) x31 0x00000000
core   0: 0x800017b0 (0x906cad93) slti    s11, s9, -1786
core   0: 3 0x800017b0 (0x906cad93) x27 0x00000000
core   0: 0x800017b4 (0xe6806593) ori     a1, zero, -408
core   0: 3 0x800017b4 (0xe6806593) x11 0xfffffe68
core   0: 0x800017b8 (0x008f3733) sltu    a4, t5, s0
core   0: 3 0x800017b8 (0x008f3733) x14 0x00000000
core   0: 0x800017bc (0x417d5d13) srai    s10, s10, 23
core   0: 3 0x800017bc (0x417d5d13) x26 0x00000000
core   0: 0x800017c0 (0x00f6d8b3) srl     a7, a3, a5
core   0: 3 0x800017c0 (0x00f6d8b3) x17 0x00000000
core   0: 0x800017c4 (0x0157d9b3) srl     s3, a5, s5
core   0: 3 0x800017c4 (0x0157d9b3) x19 0x00000000
core   0: 0x800017c8 (0x03d2c833) div     a6, t0, t4
core   0: 3 0x800017c8 (0x03d2c833) x16 0xffffffff
core   0: 0x800017cc (0x00000013) nop
core   0: 3 0x800017cc (0x00000013)
core   0: 0x800017d0 (0x01c77d33) and     s10, a4, t3
core   0: 3 0x800017d0 (0x01c77d33) x26 0x00000000
core   0: 0x800017d4 (0x00929fb3) sll     t6, t0, s1
core   0: 3 0x800017d4 (0x00929fb3) x31 0xd16a6a80
core   0: 0x800017d8 (0x033e8bb3) mul     s7, t4, s3
core   0: 3 0x800017d8 (0x033e8bb3) x23 0x00000000
core   0: 0x800017dc (0x000bb893) sltiu   a7, s7, 0
core   0: 3 0x800017dc (0x000bb893) x17 0x00000000
core   0: 0x800017e0 (0x01cc27b3) slt     a5, s8, t3
core   0: 3 0x800017e0 (0x01cc27b3) x15 0x00000001
core   0: 0x800017e4 (0x408ad0b3) sra     ra, s5, s0
core   0: 3 0x800017e4 (0x408ad0b3) x 1 0x80014e64
core   0: 0x800017e8 (0x25c49bb7) lui     s7, 0x25c49
core   0: 3 0x800017e8 (0x25c49bb7) x23 0x25c49000
core   0: 0x800017ec (0xaa88b713) sltiu   a4, a7, -1368
core   0: 3 0x800017ec (0xaa88b713) x14 0x00000001
core   0: 0x800017f0 (0xf973c713) xori    a4, t2, -105
core   0: 3 0x800017f0 (0xf973c713) x14 0xffffff97
core   0: 0x800017f4 (0x6c7ac893) xori    a7, s5, 1735
core   0: 3 0x800017f4 (0x6c7ac893) x17 0x800148a3
core   0: 0x800017f8 (0x0146efb3) or      t6, a3, s4
core   0: 3 0x800017f8 (0x0146efb3) x31 0x80014e65
core   0: 0x800017fc (0x03d2f433) remu    s0, t0, t4
core   0: 3 0x800017fc (0x03d2f433) x 8 0x0a12fc7c
core   0: 0x80001800 (0x222f3313) sltiu   t1, t5, 546
core   0: 3 0x80001800 (0x222f3313) x 6 0x00000000
core   0: 0x80001804 (0x02e671b3) remu    gp, a2, a4
core   0: 3 0x80001804 (0x02e671b3) x 3 0xf018fb60
core   0: 0x80001808 (0x404adfb3) sra     t6, s5, tp
core   0: 3 0x80001808 (0x404adfb3) x31 0xc000a732
core   0: 0x8000180c (0x74f7e413) ori     s0, a5, 1871
core   0: 3 0x8000180c (0x74f7e413) x 8 0x0000074f
core   0: 0x80001810 (0x3296a493) slti    s1, a3, 809
core   0: 3 0x80001810 (0x3296a493) x 9 0x00000001
core   0: 0x80001814 (0x00bf3cb3) sltu    s9, t5, a1
core   0: 3 0x80001814 (0x00bf3cb3) x25 0x00000001
core   0: 0x80001818 (0x02b1b6b3) mulhu   a3, gp, a1
core   0: 3 0x80001818 (0x02b1b6b3) x13 0xf018f9e1
core   0: 0x8000181c (0x26c1aa13) slti    s4, gp, 620
core   0: 3 0x8000181c (0x26c1aa13) x20 0x00000001
core   0: 0x80001820 (0x0037a5b3) slt     a1, a5, gp
core   0: 3 0x80001820 (0x0037a5b3) x11 0x00000000
core   0: 0x80001824 (0x02ccda33) divu    s4, s9, a2
core   0: 3 0x80001824 (0x02ccda33) x20 0x00000000
core   0: 0x80001828 (0x56166393) ori     t2, a2, 1377
core   0: 3 0x80001828 (0x56166393) x 7 0xf018ff61
core   0: 0x8000182c (0x5af2b013) sltiu   zero, t0, 1455
core   0: 3 0x8000182c (0x5af2b013)
core   0: 0x80001830 (0x00a4d413) srli    s0, s1, 10
core   0: 3 0x80001830 (0x00a4d413) x 8 0x00000000
core   0: 0x80001834 (0x012eac33) slt     s8, t4, s2
core   0: 3 0x80001834 (0x012eac33) x24 0x00000000
core   0: 0x80001838 (0x12f4c193) xori    gp, s1, 303
core   0: 3 0x80001838 (0x12f4c193) x 3 0x0000012e
core   0: 0x8000183c (0x41805e93) srai    t4, zero, 24
core   0: 3 0x8000183c (0x41805e93) x29 0x00000000
core   0: 0x80001840 (0x0345c933) div     s2, a1, s4
core   0: 3 0x80001840 (0x0345c933) x18 0xffffffff
core   0: 0x80001844 (0x01281f33) sll     t5, a6, s2
core   0: 3 0x80001844 (0x01281f33) x30 0x80000000
core   0: 0x80001848 (0x022026b3) mulhsu  a3, zero, sp
core   0: 3 0x80001848 (0x022026b3) x13 0x00000000
core   0: 0x8000184c (0x0116c733) xor     a4, a3, a7
core   0: 3 0x8000184c (0x0116c733) x14 0x800148a3
core   0: 0x80001850 (0x01d902b3) add     t0, s2, t4
core   0: 3 0x80001850 (0x01d902b3) x 5 0xffffffff
core   0: 0x80001854 (0x03202eb3) mulhsu  t4, zero, s2
core   0: 3 0x80001854 (0x03202eb3) x29 0x00000000
core   0: 0x80001858 (0x2f4ee017) auipc   zero, 0x2f4ee
core   0: 3 0x80001858 (0x2f4ee017)
core   0: 0x8000185c (0x01436233) or      tp, t1, s4
core   0: 3 0x8000185c (0x01436233) x 4 0x00000000
core   0: 0x80001860 (0x0038d013) srli    zero, a7, 3
core   0: 3 0x80001860 (0x0038d013)
core   0: 0x80001864 (0x29788b13) addi    s6, a7, 663
core   0: 3 0x80001864 (0x29788b13) x22 0x80014b3a
core   0: 0x80001868 (0x037df1b3) remu    gp, s11, s7
core   0: 3 0x80001868 (0x037df1b3) x 3 0x00000000
core   0: 0x8000186c (0xc37cf437) lui     s0, 0xc37cf
core   0: 3 0x8000186c (0xc37cf437) x 8 0xc37cf000
core   0: 0x80001870 (0xc45b2813) slti    a6, s6, -955
core   0: 3 0x80001870 (0xc45b2813) x16 0x00000001
core   0: 0x80001874 (0x033f7b33) remu    s6, t5, s3
core   0: 3 0x80001874 (0x033f7b33) x22 0x80000000
core   0: 0x80001878 (0x039edbb3) divu    s7, t4, s9
core   0: 3 0x80001878 (0x039edbb3) x23 0x00000000
core   0: 0x8000187c (0x40b9de33) sra     t3, s3, a1
core   0: 3 0x8000187c (0x40b9de33) x28 0x00000000
core   0: 0x80001880 (0x001bd933) srl     s2, s7, ra
core   0: 3 0x80001880 (0x001bd933) x18 0x00000000
core   0: 0x80001884 (0x40c15313) srai    t1, sp, 12
core   0: 3 0x80001884 (0x40c15313) x 6 0xfff80018
core   0: 0x80001888 (0x00000013) nop
core   0: 3 0x80001888 (0x00000013)
core   0: 0x8000188c (0x00000013) nop
core   0: 3 0x8000188c (0x00000013)
core   0: 0x80001890 (0x01e96533) or      a0, s2, t5
core   0: 3 0x80001890 (0x01e96533) x10 0x80000000
core   0: 0x80001894 (0x020e7db3) remu    s11, t3, zero
core   0: 3 0x80001894 (0x020e7db3) x27 0x00000000
core   0: 0x80001898 (0x00b72a33) slt     s4, a4, a1
core   0: 3 0x80001898 (0x00b72a33) x20 0x00000001
core   0: 0x8000189c (0x038bfe33) remu    t3, s7, s8
core   0: 3 0x8000189c (0x038bfe33) x28 0x00000000
core   0: 0x800018a0 (0x03c68db3) mul     s11, a3, t3
core   0: 3 0x800018a0 (0x03c68db3) x27 0x00000000
core   0: 0x800018a4 (0x8bf57813) andi    a6, a0, -1857
core   0: 3 0x800018a4 (0x8bf57813) x16 0x80000000
core   0: 0x800018a8 (0x027702b3) mul     t0, a4, t2
core   0: 3 0x800018a8 (0x027702b3) x 5 0x671ee2c3
core   0: 0x800018ac (0x03ce73b3) remu    t2, t3, t3
core   0: 3 0x800018ac (0x03ce73b3) x 7 0x00000000
core   0: 0x800018b0 (0x004402b3) add     t0, s0, tp
core   0: 3 0x800018b0 (0x004402b3) x 5 0xc37cf000
core   0: 0x800018b4 (0x0019dbb3) srl     s7, s3, ra
core   0: 3 0x800018b4 (0x0019dbb3) x23 0x00000000
core   0: 0x800018b8 (0x41b80cb3) sub     s9, a6, s11
core   0: 3 0x800018b8 (0x41b80cb3) x25 0x80000000
core   0: 0x800018bc (0x0393b233) mulhu   tp, t2, s9
core   0: 3 0x800018bc (0x0393b233) x 4 0x00000000
core   0: 0x800018c0 (0x00000013) nop
core   0: 3 0x800018c0 (0x00000013)
core   0: 0x800018c4 (0x026ff2b3) remu    t0, t6, t1
core   0: 3 0x800018c4 (0x026ff2b3) x 5 0xc000a732
core   0: 0x800018c8 (0x14497837) lui     a6, 0x14497
core   0: 3 0x800018c8 (0x14497837) x16 0x14497000
core   0: 0x800018cc (0x7a713cb7) lui     s9, 0x7a713
core   0: 3 0x800018cc (0x7a713cb7) x25 0x7a713000
core   0: 0x800018d0 (0x025874b3) remu    s1, a6, t0
core   0: 3 0x800018d0 (0x025874b3) x 9 0x14497000
core   0: 0x800018d4 (0x008f13b3) sll     t2, t5, s0
core   0: 3 0x800018d4 (0x008f13b3) x 7 0x80000000
core   0: 0x800018d8 (0x02a92033) mulhsu  zero, s2, a0
core   0: 3 0x800018d8 (0x02a92033)
core   0: 0x800018dc (0x01703233) snez    tp, s7
core   0: 3 0x800018dc (0x01703233) x 4 0x00000000
core   0: 0x800018e0 (0x03125f33) divu    t5, tp, a7
core   0: 3 0x800018e0 (0x03125f33) x30 0x00000000
core   0: 0x800018e4 (0x03d8eeb3) rem     t4, a7, t4
core   0: 3 0x800018e4 (0x03d8eeb3) x29 0x800148a3
core   0: 0x800018e8 (0x021995b3) mulh    a1, s3, ra
core   0: 3 0x800018e8 (0x021995b3) x11 0x00000000
core   0: 0x800018ec (0x3204e213) ori     tp, s1, 800
core   0: 3 0x800018ec (0x3204e213) x 4 0x14497320
core   0: 0x800018f0 (0x00321d13) slli    s10, tp, 3
core   0: 3 0x800018f0 (0x00321d13) x26 0xa24b9900
core   0: 0x800018f4 (0x383e7c13) andi    s8, t3, 899
core   0: 3 0x800018f4 (0x383e7c13) x24 0x00000000
core   0: 0x800018f8 (0x404bd393) srai    t2, s7, 4
core   0: 3 0x800018f8 (0x404bd393) x 7 0x00000000
core   0: 0x800018fc (0x0309a033) mulhsu  zero, s3, a6
core   0: 3 0x800018fc (0x0309a033)
core   0: 0x80001900 (0x656aad93) slti    s11, s5, 1622
core   0: 3 0x80001900 (0x656aad93) x27 0x00000001
core   0: 0x80001904 (0x004ab9b3) sltu    s3, s5, tp
core   0: 3 0x80001904 (0x004ab9b3) x19 0x00000000
core   0: 0x80001908 (0x022b88b3) mul     a7, s7, sp
core   0: 3 0x80001908 (0x022b88b3) x17 0x00000000
core   0: 0x8000190c (0x00c51e93) slli    t4, a0, 12
core   0: 3 0x8000190c (0x00c51e93) x29 0x00000000
core   0: 0x80001910 (0x018ef4b3) and     s1, t4, s8
core   0: 3 0x80001910 (0x018ef4b3) x 9 0x00000000
core   0: 0x80001914 (0x00125f93) srli    t6, tp, 1
core   0: 3 0x80001914 (0x00125f93) x31 0x0a24b990
core   0: 0x80001918 (0x01b25d93) srli    s11, tp, 27
core   0: 3 0x80001918 (0x01b25d93) x27 0x00000002
core   0: 0x8000191c (0x411a53b3) sra     t2, s4, a7
core   0: 3 0x8000191c (0x411a53b3) x 7 0x00000001
core   0: 0x80001920 (0xcee24c93) xori    s9, tp, -786
core   0: 3 0x80001920 (0xcee24c93) x25 0xebb68fce
core   0: 0x80001924 (0x7f8ace13) xori    t3, s5, 2040
core   0: 3 0x80001924 (0x7f8ace13) x28 0x8001499c
core   0: 0x80001928 (0x0013e833) or      a6, t2, ra
core   0: 3 0x80001928 (0x0013e833) x16 0x80014e65
core   0: 0x8000192c (0x00769c33) sll     s8, a3, t2
core   0: 3 0x8000192c (0x00769c33) x24 0x00000000
core   0: 0x80001930 (0x034264b3) rem     s1, tp, s4
core   0: 3 0x80001930 (0x034264b3) x 9 0x00000000
core   0: 0x80001934 (0x404e07b3) sub     a5, t3, tp
core   0: 3 0x80001934 (0x404e07b3) x15 0x6bb7d67c
core   0: 0x80001938 (0x015abc93) sltiu   s9, s5, 21
core   0: 3 0x80001938 (0x015abc93) x25 0x00000000
core   0: 0x8000193c (0x27e2ef13) ori     t5, t0, 638
core   0: 3 0x8000193c (0x27e2ef13) x30 0xc000a77e
core   0: 0x80001940 (0x01ea5393) srli    t2, s4, 30
core   0: 3 0x80001940 (0x01ea5393) x 7 0x00000000
core   0: 0x80001944 (0x01343db3) sltu    s11, s0, s3
core   0: 3 0x80001944 (0x01343db3) x27 0x00000000
core   0: 0x80001948 (0x7bc20f93) addi    t6, tp, 1980
core   0: 3 0x80001948 (0x7bc20f93) x31 0x14497adc
core   0: 0x8000194c (0x014749b3) xor     s3, a4, s4
core   0: 3 0x8000194c (0x014749b3) x19 0x800148a2
core   0: 0x80001950 (0x0377afb3) mulhsu  t6, a5, s7
core   0: 3 0x80001950 (0x0377afb3) x31 0x00000000
core   0: 0x80001954 (0x968ba293) slti    t0, s7, -1688
core   0: 3 0x80001954 (0x968ba293) x 5 0x00000000
core   0: 0x80001958 (0x02f94db3) div     s11, s2, a5
core   0: 3 0x80001958 (0x02f94db3) x27 0x00000000
core   0: 0x8000195c (0x28fd7a13) andi    s4, s10, 655
core   0: 3 0x8000195c (0x28fd7a13) x20 0x00000000
core   0: 0x80001960 (0x0051beb3) sltu    t4, gp, t0
core   0: 3 0x80001960 (0x0051beb3) x29 0x00000000
core   0: 0x80001964 (0x9dc19a37) lui     s4, 0x9dc19
core   0: 3 0x80001964 (0x9dc19a37) x20 0x9dc19000
core   0: 0x80001968 (0x40b75733) sra     a4, a4, a1
core   0: 3 0x80001968 (0x40b75733) x14 0x800148a3
core   0: 0x8000196c (0x41be08b3) sub     a7, t3, s11
core   0: 3 0x8000196c (0x41be08b3) x17 0x8001499c
core   0: 0x80001970 (0x02183533) mulhu   a0, a6, ra
core   0: 3 0x80001970 (0x02183533) x10 0x40014e66
core   0: 0x80001974 (0xcf42fd93) andi    s11, t0, -780
core   0: 3 0x80001974 (0xcf42fd93) x27 0x00000000
core   0: 0x80001978 (0x7372a293) slti    t0, t0, 1847
core   0: 3 0x80001978 (0x7372a293) x 5 0x00000001
core   0: 0x8000197c (0x026838b3) mulhu   a7, a6, t1
core   0: 3 0x8000197c (0x026838b3) x17 0x7ffd4e66
core   0: 0x80001980 (0x018cc7b3) xor     a5, s9, s8
core   0: 3 0x80001980 (0x018cc7b3) x15 0x00000000
core   0: 0x80001984 (0x852afeb7) lui     t4, 0x852af
core   0: 3 0x80001984 (0x852afeb7) x29 0x852af000
core   0: 0x80001988 (0x0267d833) divu    a6, a5, t1
core   0: 3 0x80001988 (0x0267d833) x16 0x00000000
core   0: 0x8000198c (0x40b25193) srai    gp, tp, 11
core   0: 3 0x8000198c (0x40b25193) x 3 0x0002892e
core   0: 0x80001990 (0x01648933) add     s2, s1, s6
core   0: 3 0x80001990 (0x01648933) x18 0x80000000
core   0: 0x80001994 (0x039c58b3) divu    a7, s8, s9
core   0: 3 0x80001994 (0x039c58b3) x17 0xffffffff
core   0: 0x80001998 (0x02141bb3) mulh    s7, s0, ra
core   0: 3 0x80001998 (0x02141bb3) x23 0x1e4138f5
core   0: 0x8000199c (0x40830033) sub     zero, t1, s0
core   0: 3 0x8000199c (0x40830033)
core   0: 0x800019a0 (0x02cec433) div     s0, t4, a2
core   0: 3 0x800019a0 (0x02cec433) x 8 0x00000007
core   0: 0x800019a4 (0x01c7f3b3) and     t2, a5, t3
core   0: 3 0x800019a4 (0x01c7f3b3) x 7 0x00000000
core   0: 0x800019a8 (0x5f4cc893) xori    a7, s9, 1524
core   0: 3 0x800019a8 (0x5f4cc893) x17 0x000005f4
core   0: 0x800019ac (0x01ce7fb3) and     t6, t3, t3
core   0: 3 0x800019ac (0x01ce7fb3) x31 0x8001499c
core   0: 0x800019b0 (0x01310c33) add     s8, sp, s3
core   0: 3 0x800019b0 (0x01310c33) x24 0x0002d586
core   0: 0x800019b4 (0x41b107b3) sub     a5, sp, s11
core   0: 3 0x800019b4 (0x41b107b3) x15 0x80018ce4
core   0: 0x800019b8 (0x01f77233) and     tp, a4, t6
core   0: 3 0x800019b8 (0x01f77233) x 4 0x80014880
core   0: 0x800019bc (0xfd5f3797) auipc   a5, 0xfd5f3
core   0: 3 0x800019bc (0xfd5f3797) x15 0x7d5f49bc
core   0: 0x800019c0 (0x01600033) add     zero, zero, s6
core   0: 3 0x800019c0 (0x01600033)
core   0: 0x800019c4 (0x033e18b3) mulh    a7, t3, s3
core   0: 3 0x800019c4 (0x033e18b3) x17 0x3ffeb6e2
core   0: 0x800019c8 (0x02254db3) div     s11, a0, sp
core   0: 3 0x800019c8 (0x02254db3) x27 0x00000000
core   0: 0x800019cc (0x5a028593) addi    a1, t0, 1440
core   0: 3 0x800019cc (0x5a028593) x11 0x000005a1
core   0: 0x800019d0 (0x006b66b3) or      a3, s6, t1
core   0: 3 0x800019d0 (0x006b66b3) x13 0xfff80018
core   0: 0x800019d4 (0x036a4533) div     a0, s4, s6
core   0: 3 0x800019d4 (0x036a4533) x10 0x00000000
core   0: 0x800019d8 (0x03b05cb3) divu    s9, zero, s11
core   0: 3 0x800019d8 (0x03b05cb3) x25 0xffffffff
core   0: 0x800019dc (0x017b1793) slli    a5, s6, 23
core   0: 3 0x800019dc (0x017b1793) x15 0x00000000
core   0: 0x800019e0 (0x03de0933) mul     s2, t3, t4
core   0: 3 0x800019e0 (0x03de0933) x18 0x549a4000
core   0: 0x800019e4 (0x00cf9b13) slli    s6, t6, 12
core   0: 3 0x800019e4 (0x00cf9b13) x22 0x1499c000
core   0: 0x800019e8 (0x9e5b8813) addi    a6, s7, -1563
core   0: 3 0x800019e8 (0x9e5b8813) x16 0x1e4132da
core   0: 0x800019ec (0x4181dcb3) sra     s9, gp, s8
core   0: 3 0x800019ec (0x4181dcb3) x25 0x00000a24
core   0: 0x800019f0 (0x968ba213) slti    tp, s7, -1688
core   0: 3 0x800019f0 (0x968ba213) x 4 0x00000000
core   0: 0x800019f4 (0x002143b3) xor     t2, sp, sp
core   0: 3 0x800019f4 (0x002143b3) x 7 0x00000000
core   0: 0x800019f8 (0x0003ca33) xor     s4, t2, zero
core   0: 3 0x800019f8 (0x0003ca33) x20 0x00000000
core   0: 0x800019fc (0x01cb1c13) slli    s8, s6, 28
core   0: 3 0x800019fc (0x01cb1c13) x24 0x00000000
core   0: 0x80001a00 (0x4cc08b13) addi    s6, ra, 1228
core   0: 3 0x80001a00 (0x4cc08b13) x22 0x80015330
core   0: 0x80001a04 (0xc5153993) sltiu   s3, a0, -943
core   0: 3 0x80001a04 (0xc5153993) x19 0x00000001
core   0: 0x80001a08 (0x9086ff13) andi    t5, a3, -1784
core   0: 3 0x80001a08 (0x9086ff13) x30 0xfff80008
core   0: 0x80001a0c (0x131a2f37) lui     t5, 0x131a2
core   0: 3 0x80001a0c (0x131a2f37) x30 0x131a2000
core   0: 0x80001a10 (0x007ca9b3) slt     s3, s9, t2
core   0: 3 0x80001a10 (0x007ca9b3) x19 0x00000000
core   0: 0x80001a14 (0x40610fb3) sub     t6, sp, t1
core   0: 3 0x80001a14 (0x40610fb3) x31 0x80098ccc
core   0: 0x80001a18 (0x0244d433) divu    s0, s1, tp
core   0: 3 0x80001a18 (0x0244d433) x 8 0xffffffff
core   0: 0x80001a1c (0x15c96d13) ori     s10, s2, 348
core   0: 3 0x80001a1c (0x15c96d13) x26 0x549a415c
core   0: 0x80001a20 (0x00b25e13) srli    t3, tp, 11
core   0: 3 0x80001a20 (0x00b25e13) x28 0x00000000
core   0: 0x80001a24 (0x02bfb933) mulhu   s2, t6, a1
core   0: 3 0x80001a24 (0x02bfb933) x18 0x000002d0
core   0: 0x80001a28 (0x03ed4233) div     tp, s10, t5
core   0: 3 0x80001a28 (0x03ed4233) x 4 0x00000004
core   0: 0x80001a2c (0x01ba61b3) or      gp, s4, s11
core   0: 3 0x80001a2c (0x01ba61b3) x 3 0x00000000
core   0: 0x80001a30 (0x6489fa13) andi    s4, s3, 1608
core   0: 3 0x80001a30 (0x6489fa13) x20 0x00000000
core   0: 0x80001a34 (0x022a5bb3) divu    s7, s4, sp
core   0: 3 0x80001a34 (0x022a5bb3) x23 0x00000000
core   0: 0x80001a38 (0x0038c533) xor     a0, a7, gp
core   0: 3 0x80001a38 (0x0038c533) x10 0x3ffeb6e2
core   0: 0x80001a3c (0x21647013) andi    zero, s0, 534
core   0: 3 0x80001a3c (0x21647013)
core   0: 0x80001a40 (0x03076eb3) rem     t4, a4, a6
core   0: 3 0x80001a40 (0x03076eb3) x29 0xf906140b
core   0: 0x80001a44 (0x01ec4533) xor     a0, s8, t5
core   0: 3 0x80001a44 (0x01ec4533) x10 0x131a2000
core   0: 0x80001a48 (0x03c59cb3) mulh    s9, a1, t3
core   0: 3 0x80001a48 (0x03c59cb3) x25 0x00000000
core   0: 0x80001a4c (0x02583fb3) mulhu   t6, a6, t0
core   0: 3 0x80001a4c (0x02583fb3) x31 0x00000000
core   0: 0x80001a50 (0x856f0713) addi    a4, t5, -1962
core   0: 3 0x80001a50 (0x856f0713) x14 0x131a1856
core   0: 0x80001a54 (0x03f9c833) div     a6, s3, t6
core   0: 3 0x80001a54 (0x03f9c833) x16 0xffffffff
core   0: 0x80001a58 (0x009cf833) and     a6, s9, s1
core   0: 3 0x80001a58 (0x009cf833) x16 0x00000000
core   0: 0x80001a5c (0xf1837393) andi    t2, t1, -232
core   0: 3 0x80001a5c (0xf1837393) x 7 0xfff80018
core   0: 0x80001a60 (0x019c9db3) sll     s11, s9, s9
core   0: 3 0x80001a60 (0x019c9db3) x27 0x00000000
core   0: 0x80001a64 (0x01d8a233) slt     tp, a7, t4
core   0: 3 0x80001a64 (0x01d8a233) x 4 0x00000000
core   0: 0x80001a68 (0x00000013) nop
core   0: 3 0x80001a68 (0x00000013)
core   0: 0x80001a6c (0x36b42b93) slti    s7, s0, 875
core   0: 3 0x80001a6c (0x36b42b93) x23 0x00000001
core   0: 0x80001a70 (0x037942b3) div     t0, s2, s7
core   0: 3 0x80001a70 (0x037942b3) x 5 0x000002d0
core   0: 0x80001a74 (0x02452733) mulhsu  a4, a0, tp
core   0: 3 0x80001a74 (0x02452733) x14 0x00000000
core   0: 0x80001a78 (0x01ad3d33) sltu    s10, s10, s10
core   0: 3 0x80001a78 (0x01ad3d33) x26 0x00000000
core   0: 0x80001a7c (0x01d59033) sll     zero, a1, t4
core   0: 3 0x80001a7c (0x01d59033)
core   0: 0x80001a80 (0x00868c33) add     s8, a3, s0
core   0: 3 0x80001a80 (0x00868c33) x24 0xfff80017
core   0: 0x80001a84 (0x0166db13) srli    s6, a3, 22
core   0: 3 0x80001a84 (0x0166db13) x22 0x000003ff
core   0: 0x80001a88 (0x40378f33) sub     t5, a5, gp
core   0: 3 0x80001a88 (0x40378f33) x30 0x00000000
core   0: 0x80001a8c (0x018e08b3) add     a7, t3, s8
core   0: 3 0x80001a8c (0x018e08b3) x17 0xfff80017
core   0: 0x80001a90 (0x03a29d33) mulh    s10, t0, s10
core   0: 3 0x80001a90 (0x03a29d33) x26 0x00000000
core   0: 0x80001a94 (0xdd7a6037) lui     zero, 0xdd7a6
core   0: 3 0x80001a94 (0xdd7a6037)
core   0: 0x80001a98 (0x02857e33) remu    t3, a0, s0
core   0: 3 0x80001a98 (0x02857e33) x28 0x131a2000
core   0: 0x80001a9c (0x4fa78497) auipc   s1, 0x4fa78
core   0: 3 0x80001a9c (0x4fa78497) x 9 0xcfa79a9c
core   0: 0x80001aa0 (0x02db4e33) div     t3, s6, a3
core   0: 3 0x80001aa0 (0x02db4e33) x28 0x00000000
core   0: 0x80001aa4 (0x013dd933) srl     s2, s11, s3
core   0: 3 0x80001aa4 (0x013dd933) x18 0x00000000
core   0: 0x80001aa8 (0x00799cb3) sll     s9, s3, t2
core   0: 3 0x80001aa8 (0x00799cb3) x25 0x00000000
core   0: 0x80001aac (0xd5ec2993) slti    s3, s8, -674
core   0: 3 0x80001aac (0xd5ec2993) x19 0x00000001
core   0: 0x80001ab0 (0x9b9ee893) ori     a7, t4, -1607
core   0: 3 0x80001ab0 (0x9b9ee893) x17 0xfffffdbb
core   0: 0x80001ab4 (0x2860c793) xori    a5, ra, 646
core   0: 3 0x80001ab4 (0x2860c793) x15 0x80014ce2
core   0: 0x80001ab8 (0x02fdd9b3) divu    s3, s11, a5
core   0: 3 0x80001ab8 (0x02fdd9b3) x19 0x00000000
core   0: 0x80001abc (0x203b6293) ori     t0, s6, 515
core   0: 3 0x80001abc (0x203b6293) x 5 0x000003ff
core   0: 0x80001ac0 (0x0013f533) and     a0, t2, ra
core   0: 3 0x80001ac0 (0x0013f533) x10 0x80000000
core   0: 0x80001ac4 (0x020b9833) mulh    a6, s7, zero
core   0: 3 0x80001ac4 (0x020b9833) x16 0x00000000
core   0: 0x80001ac8 (0x40b80c33) sub     s8, a6, a1
core   0: 3 0x80001ac8 (0x40b80c33) x24 0xfffffa5f
core   0: 0x80001acc (0x03e792b3) mulh    t0, a5, t5
core   0: 3 0x80001acc (0x03e792b3) x 5 0x00000000
core   0: 0x80001ad0 (0x00000013) nop
core   0: 3 0x80001ad0 (0x00000013)
core   0: 0x80001ad4 (0x02803b33) mulhu   s6, zero, s0
core   0: 3 0x80001ad4 (0x02803b33) x22 0x00000000
core   0: 0x80001ad8 (0x2dc8a037) lui     zero, 0x2dc8a
core   0: 3 0x80001ad8 (0x2dc8a037)
core   0: 0x80001adc (0x77c2ec97) auipc   s9, 0x77c2e
core   0: 3 0x80001adc (0x77c2ec97) x25 0xf7c2fadc
core   0: 0x80001ae0 (0x0324cdb3) div     s11, s1, s2
core   0: 3 0x80001ae0 (0x0324cdb3) x27 0xffffffff
core   0: 0x80001ae4 (0x00755933) srl     s2, a0, t2
core   0: 3 0x80001ae4 (0x00755933) x18 0x00000080
core   0: 0x80001ae8 (0xaf9f1337) lui     t1, 0xaf9f1
core   0: 3 0x80001ae8 (0xaf9f1337) x 6 0xaf9f1000
core   0: 0x80001aec (0x033de8b3) rem     a7, s11, s3
core   0: 3 0x80001aec (0x033de8b3) x17 0xffffffff
core   0: 0x80001af0 (0x40a8d493) srai    s1, a7, 10
core   0: 3 0x80001af0 (0x40a8d493) x 9 0xffffffff
core   0: 0x80001af4 (0x00000013) nop
core   0: 3 0x80001af4 (0x00000013)
core   0: 0x80001af8 (0x000d1933) sll     s2, s10, zero
core   0: 3 0x80001af8 (0x000d1933) x18 0x00000000
core   0: 0x80001afc (0x4e566793) ori     a5, a2, 1253
core   0: 3 0x80001afc (0x4e566793) x15 0xf018ffe5
core   0: 0x80001b00 (0x00ef70b3) and     ra, t5, a4
core   0: 3 0x80001b00 (0x00ef70b3) x 1 0x00000000
core   0: 0x80001b04 (0xb15de693) ori     a3, s11, -1259
core   0: 3 0x80001b04 (0xb15de693) x13 0xffffffff
core   0: 0x80001b08 (0x00419b93) slli    s7, gp, 4
core   0: 3 0x80001b08 (0x00419b93) x23 0x00000000
core   0: 0x80001b0c (0x012fa3b3) slt     t2, t6, s2
core   0: 3 0x80001b0c (0x012fa3b3) x 7 0x00000000
core   0: 0x80001b10 (0x014633b3) sltu    t2, a2, s4
core   0: 3 0x80001b10 (0x014633b3) x 7 0x00000000
core   0: 0x80001b14 (0x00705d93) srli    s11, zero, 7
core   0: 3 0x80001b14 (0x00705d93) x27 0x00000000
core   0: 0x80001b18 (0x40925533) sra     a0, tp, s1
core   0: 3 0x80001b18 (0x40925533) x10 0x00000000
core   0: 0x80001b1c (0x00345393) srli    t2, s0, 3
core   0: 3 0x80001b1c (0x00345393) x 7 0x1fffffff
core   0: 0x80001b20 (0x92784013) xori    zero, a6, -1753
core   0: 3 0x80001b20 (0x92784013)
core   0: 0x80001b24 (0x03a82433) mulhsu  s0, a6, s10
core   0: 3 0x80001b24 (0x03a82433) x 8 0x00000000
core   0: 0x80001b28 (0x01980733) add     a4, a6, s9
core   0: 3 0x80001b28 (0x01980733) x14 0xf7c2fadc
core   0: 0x80001b2c (0x014b02b3) add     t0, s6, s4
core   0: 3 0x80001b2c (0x014b02b3) x 5 0x00000000
core   0: 0x80001b30 (0x00b81c93) slli    s9, a6, 11
core   0: 3 0x80001b30 (0x00b81c93) x25 0x00000000
core   0: 0x80001b34 (0x03eb3cb3) mulhu   s9, s6, t5
core   0: 3 0x80001b34 (0x03eb3cb3) x25 0x00000000
core   0: 0x80001b38 (0xcb608337) lui     t1, 0xcb608
core   0: 3 0x80001b38 (0xcb608337) x 6 0xcb608000
core   0: 0x80001b3c (0x01259cb3) sll     s9, a1, s2
core   0: 3 0x80001b3c (0x01259cb3) x25 0x000005a1
core   0: 0x80001b40 (0x28dae297) auipc   t0, 0x28dae
core   0: 3 0x80001b40 (0x28dae297) x 5 0xa8dafb40
core   0: 0x80001b44 (0x40b20233) sub     tp, tp, a1
core   0: 3 0x80001b44 (0x40b20233) x 4 0xfffffa5f
core   0: 0x80001b48 (0x00fd7eb3) and     t4, s10, a5
core   0: 3 0x80001b48 (0x00fd7eb3) x29 0x00000000
core   0: 0x80001b4c (0x72577693) andi    a3, a4, 1829
core   0: 3 0x80001b4c (0x72577693) x13 0x00000204
core   0: 0x80001b50 (0x41b6d933) sra     s2, a3, s11
core   0: 3 0x80001b50 (0x41b6d933) x18 0x00000204
core   0: 0x80001b54 (0x01e410b3) sll     ra, s0, t5
core   0: 3 0x80001b54 (0x01e410b3) x 1 0x00000000
core   0: 0x80001b58 (0x0189b7b3) sltu    a5, s3, s8
core   0: 3 0x80001b58 (0x0189b7b3) x15 0x00000001
core   0: 0x80001b5c (0x472b4193) xori    gp, s6, 1138
core   0: 3 0x80001b5c (0x472b4193) x 3 0x00000472
core   0: 0x80001b60 (0xe17f3493) sltiu   s1, t5, -489
core   0: 3 0x80001b60 (0xe17f3493) x 9 0x00000001
core   0: 0x80001b64 (0x090eab97) auipc   s7, 0x90ea
core   0: 3 0x80001b64 (0x090eab97) x23 0x890ebb64
core   0: 0x80001b68 (0xe7f72997) auipc   s3, 0xe7f72
core   0: 3 0x80001b68 (0xe7f72997) x19 0x67f73b68
core   0: 0x80001b6c (0x73296993) ori     s3, s2, 1842
core   0: 3 0x80001b6c (0x73296993) x19 0x00000736
core   0: 0x80001b70 (0xf973c693) xori    a3, t2, -105
core   0: 3 0x80001b70 (0xf973c693) x13 0xe0000068
core   0: 0x80001b74 (0x03da9f33) mulh    t5, s5, t4
core   0: 3 0x80001b74 (0x03da9f33) x30 0x00000000
core   0: 0x80001b78 (0x0047b4b3) sltu    s1, a5, tp
core   0: 3 0x80001b78 (0x0047b4b3) x 9 0x00000001
core   0: 0x80001b7c (0x03d0a033) mulhsu  zero, ra, t4
core   0: 3 0x80001b7c (0x03d0a033)
core   0: 0x80001b80 (0x404dd233) sra     tp, s11, tp
core   0: 3 0x80001b80 (0x404dd233) x 4 0x00000000
core   0: 0x80001b84 (0x02e1c333) div     t1, gp, a4
core   0: 3 0x80001b84 (0x02e1c333) x 6 0x00000000
core   0: 0x80001b88 (0x010c26b3) slt     a3, s8, a6
core   0: 3 0x80001b88 (0x010c26b3) x13 0x00000001
core   0: 0x80001b8c (0x03819533) mulh    a0, gp, s8
core   0: 3 0x80001b8c (0x03819533) x10 0xffffffff
core   0: 0x80001b90 (0x00f746b3) xor     a3, a4, a5
core   0: 3 0x80001b90 (0x00f746b3) x13 0xf7c2fadd
core   0: 0x80001b94 (0x023fbeb3) mulhu   t4, t6, gp
core   0: 3 0x80001b94 (0x023fbeb3) x29 0x00000000
core   0: 0x80001b98 (0x035c91b3) mulh    gp, s9, s5
core   0: 3 0x80001b98 (0x035c91b3) x 3 0xfffffd2f
core   0: 0x80001b9c (0x0333d2b3) divu    t0, t2, s3
core   0: 3 0x80001b9c (0x0333d2b3) x 5 0x0004700d
core   0: 0x80001ba0 (0x4000d193) srai    gp, ra, 0
core   0: 3 0x80001ba0 (0x4000d193) x 3 0x00000000
core   0: 0x80001ba4 (0x01e90393) addi    t2, s2, 30
core   0: 3 0x80001ba4 (0x01e90393) x 7 0x00000222
core   0: 0x80001ba8 (0x02af17b3) mulh    a5, t5, a0
core   0: 3 0x80001ba8 (0x02af17b3) x15 0x00000000
core   0: 0x80001bac (0x3075a793) slti    a5, a1, 775
core   0: 3 0x80001bac (0x3075a793) x15 0x00000000
core   0: 0x80001bb0 (0x68ae0b13) addi    s6, t3, 1674
core   0: 3 0x80001bb0 (0x68ae0b13) x22 0x0000068a
core   0: 0x80001bb4 (0xfbd57197) auipc   gp, 0xfbd57
core   0: 3 0x80001bb4 (0xfbd57197) x 3 0x7bd58bb4
core   0: 0x80001bb8 (0x8a203e13) sltiu   t3, zero, -1886
core   0: 3 0x80001bb8 (0x8a203e13) x28 0x00000001
core   0: 0x80001bbc (0x00974933) xor     s2, a4, s1
core   0: 3 0x80001bbc (0x00974933) x18 0xf7c2fadd
core   0: 0x80001bc0 (0x01735c93) srli    s9, t1, 23
core   0: 3 0x80001bc0 (0x01735c93) x25 0x00000000
core   0: 0x80001bc4 (0x40f4de13) srai    t3, s1, 15
core   0: 3 0x80001bc4 (0x40f4de13) x28 0x00000000
core   0: 0x80001bc8 (0x03af2833) mulhsu  a6, t5, s10
core   0: 3 0x80001bc8 (0x03af2833) x16 0x00000000
core   0: 0x80001bcc (0x01b30933) add     s2, t1, s11
core   0: 3 0x80001bcc (0x01b30933) x18 0x00000000
core   0: 0x80001bd0 (0x4124d9b3) sra     s3, s1, s2
core   0: 3 0x80001bd0 (0x4124d9b3) x19 0x00000001
core   0: 0x80001bd4 (0x76fbf893) andi    a7, s7, 1903
core   0: 3 0x80001bd4 (0x76fbf893) x17 0x00000364
core   0: 0x80001bd8 (0x87f5e693) ori     a3, a1, -1921
core   0: 3 0x80001bd8 (0x87f5e693) x13 0xfffffdff
core   0: 0x80001bdc (0xce538793) addi    a5, t2, -795
core   0: 3 0x80001bdc (0xce538793) x15 0xffffff07
core   0: 0x80001be0 (0x006c1a33) sll     s4, s8, t1
core   0: 3 0x80001be0 (0x006c1a33) x20 0xfffffa5f
core   0: 0x80001be4 (0x02acf3b3) remu    t2, s9, a0
core   0: 3 0x80001be4 (0x02acf3b3) x 7 0x00000000
core   0: 0x80001be8 (0xc5bcef93) ori     t6, s9, -933
core   0: 3 0x80001be8 (0xc5bcef93) x31 0xfffffc5b
core   0: 0x80001bec (0x00232333) slt     t1, t1, sp
core   0: 3 0x80001bec (0x00232333) x 6 0x00000000
core   0: 0x80001bf0 (0x00976533) or      a0, a4, s1
core   0: 3 0x80001bf0 (0x00976533) x10 0xf7c2fadd
core   0: 0x80001bf4 (0x50c6bc13) sltiu   s8, a3, 1292
core   0: 3 0x80001bf4 (0x50c6bc13) x24 0x00000000
core   0: 0x80001bf8 (0x01e83033) sltu    zero, a6, t5
core   0: 3 0x80001bf8 (0x01e83033)
core   0: 0x80001bfc (0x00bb7033) and     zero, s6, a1
core   0: 3 0x80001bfc (0x00bb7033)
core   0: 0x80001c00 (0x02720433) mul     s0, tp, t2
core   0: 3 0x80001c00 (0x02720433) x 8 0x00000000
core   0: 0x80001c04 (0x0094d893) srli    a7, s1, 9
core   0: 3 0x80001c04 (0x0094d893) x17 0x00000000
core   0: 0x80001c08 (0x02129fb3) mulh    t6, t0, ra
core   0: 3 0x80001c08 (0x02129fb3) x31 0x00000000
core   0: 0x80001c0c (0x012a3fb3) sltu    t6, s4, s2
core   0: 3 0x80001c0c (0x012a3fb3) x31 0x00000000
core   0: 0x80001c10 (0x01deda13) srli    s4, t4, 29
core   0: 3 0x80001c10 (0x01deda13) x20 0x00000000
core   0: 0x80001c14 (0x40514193) xori    gp, sp, 1029
core   0: 3 0x80001c14 (0x40514193) x 3 0x800188e1
core   0: 0x80001c18 (0x022f2eb3) mulhsu  t4, t5, sp
core   0: 3 0x80001c18 (0x022f2eb3) x29 0x00000000
core   0: 0x80001c1c (0x01720cb3) add     s9, tp, s7
core   0: 3 0x80001c1c (0x01720cb3) x25 0x890ebb64
core   0: 0x80001c20 (0x02251333) mulh    t1, a0, sp
core   0: 3 0x80001c20 (0x02251333) x 6 0x041e75cb
core   0: 0x80001c24 (0x031ac9b3) div     s3, s5, a7
core   0: 3 0x80001c24 (0x031ac9b3) x19 0xffffffff
core   0: 0x80001c28 (0x03297033) remu    zero, s2, s2
core   0: 3 0x80001c28 (0x03297033)
core   0: 0x80001c2c (0x00e105b3) add     a1, sp, a4
core   0: 3 0x80001c2c (0x00e105b3) x11 0x77c487c0
core   0: 0x80001c30 (0x00b572b3) and     t0, a0, a1
core   0: 3 0x80001c30 (0x00b572b3) x 5 0x77c082c0
core   0: 0x80001c34 (0x02763e33) mulhu   t3, a2, t2
core   0: 3 0x80001c34 (0x02763e33) x28 0x00000000
core   0: 0x80001c38 (0x789c2b13) slti    s6, s8, 1929
core   0: 3 0x80001c38 (0x789c2b13) x22 0x00000001
core   0: 0x80001c3c (0x991eb4b7) lui     s1, 0x991eb
core   0: 3 0x80001c3c (0x991eb4b7) x 9 0x991eb000
core   0: 0x80001c40 (0x02552733) mulhsu  a4, a0, t0
core   0: 3 0x80001c40 (0x02552733) x14 0xfc2570a3
core   0: 0x80001c44 (0x009d9cb3) sll     s9, s11, s1
core   0: 3 0x80001c44 (0x009d9cb3) x25 0x00000000
core   0: 0x80001c48 (0x00fd9713) slli    a4, s11, 15
core   0: 3 0x80001c48 (0x00fd9713) x14 0x00000000
core   0: 0x80001c4c (0x01469a33) sll     s4, a3, s4
core   0: 3 0x80001c4c (0x01469a33) x20 0xfffffdff
core   0: 0x80001c50 (0x53988413) addi    s0, a7, 1337
core   0: 3 0x80001c50 (0x53988413) x 8 0x00000539
core   0: 0x80001c54 (0x40ebd013) srai    zero, s7, 14
core   0: 3 0x80001c54 (0x40ebd013)
core   0: 0x80001c58 (0x026d5233) divu    tp, s10, t1
core   0: 3 0x80001c58 (0x026d5233) x 4 0x00000000
core   0: 0x80001c5c (0xc7848793) addi    a5, s1, -904
core   0: 3 0x80001c5c (0xc7848793) x15 0x991eac78
core   0: 0x80001c60 (0x6084a513) slti    a0, s1, 1544
core   0: 3 0x80001c60 (0x6084a513) x10 0x00000001
core   0: 0x80001c64 (0x00dbffb3) and     t6, s7, a3
core   0: 3 0x80001c64 (0x00dbffb3) x31 0x890eb964
core   0: 0x80001c68 (0x01d99293) slli    t0, s3, 29
core   0: 3 0x80001c68 (0x01d99293) x 5 0xe0000000
core   0: 0x80001c6c (0x22520013) addi    zero, tp, 549
core   0: 3 0x80001c6c (0x22520013)
core   0: 0x80001c70 (0x00019033) sll     zero, gp, zero
core   0: 3 0x80001c70 (0x00019033)
core   0: 0x80001c74 (0x014fc8b3) xor     a7, t6, s4
core   0: 3 0x80001c74 (0x014fc8b3) x17 0x76f1449b
core   0: 0x80001c78 (0x46897a13) andi    s4, s2, 1128
core   0: 3 0x80001c78 (0x46897a13) x20 0x00000000
core   0: 0x80001c7c (0x0219cd33) div     s10, s3, ra
core   0: 3 0x80001c7c (0x0219cd33) x26 0xffffffff
core   0: 0x80001c80 (0x02a5e033) rem     zero, a1, a0
core   0: 3 0x80001c80 (0x02a5e033)
core   0: 0x80001c84 (0x001a14b3) sll     s1, s4, ra
core   0: 3 0x80001c84 (0x001a14b3) x 9 0x00000000
core   0: 0x80001c88 (0x52e32813) slti    a6, t1, 1326
core   0: 3 0x80001c88 (0x52e32813) x16 0x00000000
core   0: 0x80001c8c (0x011f9893) slli    a7, t6, 17
core   0: 3 0x80001c8c (0x011f9893) x17 0x72c80000
core   0: 0x80001c90 (0x0284a333) mulhsu  t1, s1, s0
core   0: 3 0x80001c90 (0x0284a333) x 6 0x00000000
core   0: 0x80001c94 (0x41975933) sra     s2, a4, s9
core   0: 3 0x80001c94 (0x41975933) x18 0x00000000
core   0: 0x80001c98 (0x03ae7e33) remu    t3, t3, s10
core   0: 3 0x80001c98 (0x03ae7e33) x28 0x00000000
core   0: 0x80001c9c (0x2821b513) sltiu   a0, gp, 642
core   0: 3 0x80001c9c (0x2821b513) x10 0x00000000
core   0: 0x80001ca0 (0x40f8df33) sra     t5, a7, a5
core   0: 3 0x80001ca0 (0x40f8df33) x30 0x00000072
core   0: 0x80001ca4 (0x00cdde33) srl     t3, s11, a2
core   0: 3 0x80001ca4 (0x00cdde33) x28 0x00000000
core   0: 0x80001ca8 (0x022236b3) mulhu   a3, tp, sp
core   0: 3 0x80001ca8 (0x022236b3) x13 0x00000000
core   0: 0x80001cac (0x41dd0b33) sub     s6, s10, t4
core   0: 3 0x80001cac (0x41dd0b33) x22 0xffffffff
core   0: 0x80001cb0 (0x009b3233) sltu    tp, s6, s1
core   0: 3 0x80001cb0 (0x009b3233) x 4 0x00000000
core   0: 0x80001cb4 (0x00dace33) xor     t3, s5, a3
core   0: 3 0x80001cb4 (0x00dace33) x28 0x80014e64
core   0: 0x80001cb8 (0x0268fdb3) remu    s11, a7, t1
core   0: 3 0x80001cb8 (0x0268fdb3) x27 0x72c80000
core   0: 0x80001cbc (0x41255713) srai    a4, a0, 18
core   0: 3 0x80001cbc (0x41255713) x14 0x00000000
core   0: 0x80001cc0 (0xb24da513) slti    a0, s11, -1244
core   0: 3 0x80001cc0 (0xb24da513) x10 0x00000000
core   0: 0x80001cc4 (0x6d303893) sltiu   a7, zero, 1747
core   0: 3 0x80001cc4 (0x6d303893) x17 0x00000001
core   0: 0x80001cc8 (0x5b063517) auipc   a0, 0x5b063
core   0: 3 0x80001cc8 (0x5b063517) x10 0xdb064cc8
core   0: 0x80001ccc (0x012404b3) add     s1, s0, s2
core   0: 3 0x80001ccc (0x012404b3) x 9 0x00000539
core   0: 0x80001cd0 (0x4052dc33) sra     s8, t0, t0
core   0: 3 0x80001cd0 (0x4052dc33) x24 0xe0000000
core   0: 0x80001cd4 (0x003483b3) add     t2, s1, gp
core   0: 3 0x80001cd4 (0x003483b3) x 7 0x80018e1a
core   0: 0x80001cd8 (0x01b207b3) add     a5, tp, s11
core   0: 3 0x80001cd8 (0x01b207b3) x15 0x72c80000
core   0: 0x80001cdc (0x103d6d97) auipc   s11, 0x103d6
core   0: 3 0x80001cdc (0x103d6d97) x27 0x903d7cdc
core   0: 0x80001ce0 (0x00dd01b7) lui     gp, 0xdd0
core   0: 3 0x80001ce0 (0x00dd01b7) x 3 0x00dd0000
core   0: 0x80001ce4 (0x40138233) sub     tp, t2, ra
core   0: 3 0x80001ce4 (0x40138233) x 4 0x80018e1a
core   0: 0x80001ce8 (0x02e97033) remu    zero, s2, a4
core   0: 3 0x80001ce8 (0x02e97033)
core   0: 0x80001cec (0x01f93c33) sltu    s8, s2, t6
core   0: 3 0x80001cec (0x01f93c33) x24 0x00000001
core   0: 0x80001cf0 (0x024fc6b3) div     a3, t6, tp
core   0: 3 0x80001cf0 (0x024fc6b3) x13 0x00000000
core   0: 0x80001cf4 (0x41ac8bb3) sub     s7, s9, s10
core   0: 3 0x80001cf4 (0x41ac8bb3) x23 0x00000001
core   0: 0x80001cf8 (0x3796a693) slti    a3, a3, 889
core   0: 3 0x80001cf8 (0x3796a693) x13 0x00000001
core   0: 0x80001cfc (0x414b87b3) sub     a5, s7, s4
core   0: 3 0x80001cfc (0x414b87b3) x15 0x00000001
core   0: 0x80001d00 (0x028bd3b3) divu    t2, s7, s0
core   0: 3 0x80001d00 (0x028bd3b3) x 7 0x00000000
core   0: 0x80001d04 (0xe95e0213) addi    tp, t3, -363
core   0: 3 0x80001d04 (0xe95e0213) x 4 0x80014cf9
core   0: 0x80001d08 (0x021c5a33) divu    s4, s8, ra
core   0: 3 0x80001d08 (0x021c5a33) x20 0xffffffff
core   0: 0x80001d0c (0x40dfdc93) srai    s9, t6, 13
core   0: 3 0x80001d0c (0x40dfdc93) x25 0xfffc4875
core   0: 0x80001d10 (0x21e22713) slti    a4, tp, 542
core   0: 3 0x80001d10 (0x21e22713) x14 0x00000001
core   0: 0x80001d14 (0x0036ddb3) srl     s11, a3, gp
core   0: 3 0x80001d14 (0x0036ddb3) x27 0x00000001
core   0: 0x80001d18 (0x02afa2b3) mulhsu  t0, t6, a0
core   0: 3 0x80001d18 (0x02afa2b3) x 5 0x9a3cab44
core   0: 0x80001d1c (0xa9f52713) slti    a4, a0, -1377
core   0: 3 0x80001d1c (0xa9f52713) x14 0x00000001
core   0: 0x80001d20 (0x00000013) nop
core   0: 3 0x80001d20 (0x00000013)
core   0: 0x80001d24 (0x02d9a4b3) mulhsu  s1, s3, a3
core   0: 3 0x80001d24 (0x02d9a4b3) x 9 0xffffffff
core   0: 0x80001d28 (0x01841333) sll     t1, s0, s8
core   0: 3 0x80001d28 (0x01841333) x 6 0x00000a72
core   0: 0x80001d2c (0xe0223eb7) lui     t4, 0xe0223
core   0: 3 0x80001d2c (0xe0223eb7) x29 0xe0223000
core   0: 0x80001d30 (0x031a7933) remu    s2, s4, a7
core   0: 3 0x80001d30 (0x031a7933) x18 0x00000000
core   0: 0x80001d34 (0x751ff893) andi    a7, t6, 1873
core   0: 3 0x80001d34 (0x751ff893) x17 0x00000140
core   0: 0x80001d38 (0x004242b3) xor     t0, tp, tp
core   0: 3 0x80001d38 (0x004242b3) x 5 0x00000000
core   0: 0x80001d3c (0x01f55013) srli    zero, a0, 31
core   0: 3 0x80001d3c (0x01f55013)
core   0: 0x80001d40 (0x00a8f9b3) and     s3, a7, a0
core   0: 3 0x80001d40 (0x00a8f9b3) x19 0x00000040
core   0: 0x80001d44 (0x0164e8b3) or      a7, s1, s6
core   0: 3 0x80001d44 (0x0164e8b3) x17 0xffffffff
core   0: 0x80001d48 (0x1c158a13) addi    s4, a1, 449
core   0: 3 0x80001d48 (0x1c158a13) x20 0x77c48981
core   0: 0x80001d4c (0x01279293) slli    t0, a5, 18
core   0: 3 0x80001d4c (0x01279293) x 5 0x00040000
core   0: 0x80001d50 (0xc2dfc893) xori    a7, t6, -979
core   0: 3 0x80001d50 (0xc2dfc893) x17 0x76f14549
core   0: 0x80001d54 (0x035c7bb3) remu    s7, s8, s5
core   0: 3 0x80001d54 (0x035c7bb3) x23 0x00000001
core   0: 0x80001d58 (0x4061d533) sra     a0, gp, t1
core   0: 3 0x80001d58 (0x4061d533) x10 0x00000037
core   0: 0x80001d5c (0xe470a513) slti    a0, ra, -441
core   0: 3 0x80001d5c (0xe470a513) x10 0x00000000
core   0: 0x80001d60 (0x007edb33) srl     s6, t4, t2
core   0: 3 0x80001d60 (0x007edb33) x22 0xe0223000
core   0: 0x80001d64 (0x00e8ea33) or      s4, a7, a4
core   0: 3 0x80001d64 (0x00e8ea33) x20 0x76f14549
core   0: 0x80001d68 (0x032ba5b3) mulhsu  a1, s7, s2
core   0: 3 0x80001d68 (0x032ba5b3) x11 0x00000000
core   0: 0x80001d6c (0xb5c02393) slti    t2, zero, -1188
core   0: 3 0x80001d6c (0xb5c02393) x 7 0x00000000
core   0: 0x80001d70 (0xb2dda413) slti    s0, s11, -1235
core   0: 3 0x80001d70 (0xb2dda413) x 8 0x00000000
core   0: 0x80001d74 (0x005f1f13) slli    t5, t5, 5
core   0: 3 0x80001d74 (0x005f1f13) x30 0x00000e40
core   0: 0x80001d78 (0x147d6993) ori     s3, s10, 327
core   0: 3 0x80001d78 (0x147d6993) x19 0xffffffff
core   0: 0x80001d7c (0x8c7db297) auipc   t0, 0x8c7db
core   0: 3 0x80001d7c (0x8c7db297) x 5 0x0c7dcd7c
core   0: 0x80001d80 (0xc197f093) andi    ra, a5, -999
core   0: 3 0x80001d80 (0xc197f093) x 1 0x00000001
core   0: 0x80001d84 (0x03f4ccb3) div     s9, s1, t6
core   0: 3 0x80001d84 (0x03f4ccb3) x25 0x00000000
core   0: 0x80001d88 (0x03d996b3) mulh    a3, s3, t4
core   0: 3 0x80001d88 (0x03d996b3) x13 0x00000000
core   0: 0x80001d8c (0x003e7bb3) and     s7, t3, gp
core   0: 3 0x80001d8c (0x003e7bb3) x23 0x00010000
core   0: 0x80001d90 (0x02122eb3) mulhsu  t4, tp, ra
core   0: 3 0x80001d90 (0x02122eb3) x29 0xffffffff
core   0: 0x80001d94 (0x9401be13) sltiu   t3, gp, -1728
core   0: 3 0x80001d94 (0x9401be13) x28 0x00000001
core   0: 0x80001d98 (0x0373feb3) remu    t4, t2, s7
core   0: 3 0x80001d98 (0x0373feb3) x29 0x00000000
core   0: 0x80001d9c (0x0365a333) mulhsu  t1, a1, s6
core   0: 3 0x80001d9c (0x0365a333) x 6 0x00000000
core   0: 0x80001da0 (0x00000013) nop
core   0: 3 0x80001da0 (0x00000013)
core   0: 0x80001da4 (0x0050d933) srl     s2, ra, t0
core   0: 3 0x80001da4 (0x0050d933) x18 0x00000000
core   0: 0x80001da8 (0x00bfa213) slti    tp, t6, 11
core   0: 3 0x80001da8 (0x00bfa213) x 4 0x00000001
core   0: 0x80001dac (0x02cd81b3) mul     gp, s11, a2
core   0: 3 0x80001dac (0x02cd81b3) x 3 0xf018fb60
core   0: 0x80001db0 (0x039158b3) divu    a7, sp, s9
core   0: 3 0x80001db0 (0x039158b3) x17 0xffffffff
core   0: 0x80001db4 (0x002a1a33) sll     s4, s4, sp
core   0: 3 0x80001db4 (0x002a1a33) x20 0x6f145490
core   0: 0x80001db8 (0x025557b3) divu    a5, a0, t0
core   0: 3 0x80001db8 (0x025557b3) x15 0x00000000
core   0: 0x80001dbc (0x91f55db7) lui     s11, 0x91f55
core   0: 3 0x80001dbc (0x91f55db7) x27 0x91f55000
core   0: 0x80001dc0 (0x03c9f1b3) remu    gp, s3, t3
core   0: 3 0x80001dc0 (0x03c9f1b3) x 3 0x00000000
core   0: 0x80001dc4 (0x3d35a713) slti    a4, a1, 979
core   0: 3 0x80001dc4 (0x3d35a713) x14 0x00000001
core   0: 0x80001dc8 (0x01059693) slli    a3, a1, 16
core   0: 3 0x80001dc8 (0x01059693) x13 0x00000000
core   0: 0x80001dcc (0x03b7b593) sltiu   a1, a5, 59
core   0: 3 0x80001dcc (0x03b7b593) x11 0x00000001
core   0: 0x80001dd0 (0x9dd0ae13) slti    t3, ra, -1571
core   0: 3 0x80001dd0 (0x9dd0ae13) x28 0x00000000
core   0: 0x80001dd4 (0x02ae5333) divu    t1, t3, a0
core   0: 3 0x80001dd4 (0x02ae5333) x 6 0xffffffff
core   0: 0x80001dd8 (0x014e59b3) srl     s3, t3, s4
core   0: 3 0x80001dd8 (0x014e59b3) x19 0x00000000
core   0: 0x80001ddc (0xae89c793) xori    a5, s3, -1304
core   0: 3 0x80001ddc (0xae89c793) x15 0xfffffae8
core   0: 0x80001de0 (0x73c98693) addi    a3, s3, 1852
core   0: 3 0x80001de0 (0x73c98693) x13 0x0000073c
core   0: 0x80001de4 (0x9a061b17) auipc   s6, 0x9a061
core   0: 3 0x80001de4 (0x9a061b17) x22 0x1a062de4
core   0: 0x80001de8 (0x0268e4b3) rem     s1, a7, t1
core   0: 3 0x80001de8 (0x0268e4b3) x 9 0x00000000
core   0: 0x80001dec (0x3f25cb97) auipc   s7, 0x3f25c
core   0: 3 0x80001dec (0x3f25cb97) x23 0xbf25ddec
core   0: 0x80001df0 (0x02da29b3) mulhsu  s3, s4, a3
core   0: 3 0x80001df0 (0x02da29b3) x19 0x00000323
core   0: 0x80001df4 (0x83c46913) ori     s2, s0, -1988
core   0: 3 0x80001df4 (0x83c46913) x18 0xfffff83c
core   0: 0x80001df8 (0x7bf9bb17) auipc   s6, 0x7bf9b
core   0: 3 0x80001df8 (0x7bf9bb17) x22 0xfbf9cdf8
core   0: 0x80001dfc (0x00774033) xor     zero, a4, t2
core   0: 3 0x80001dfc (0x00774033)
core   0: 0x80001e00 (0x00a82eb3) slt     t4, a6, a0
core   0: 3 0x80001e00 (0x00a82eb3) x29 0x00000000
core   0: 0x80001e04 (0x004ab3b3) sltu    t2, s5, tp
core   0: 3 0x80001e04 (0x004ab3b3) x 7 0x00000000
core   0: 0x80001e08 (0x00b09433) sll     s0, ra, a1
core   0: 3 0x80001e08 (0x00b09433) x 8 0x00000002
core   0: 0x80001e0c (0x039d4933) div     s2, s10, s9
core   0: 3 0x80001e0c (0x039d4933) x18 0xffffffff
core   0: 0x80001e10 (0x02447e33) remu    t3, s0, tp
core   0: 3 0x80001e10 (0x02447e33) x28 0x00000000
core   0: 0x80001e14 (0x0132f733) and     a4, t0, s3
core   0: 3 0x80001e14 (0x0132f733) x14 0x00000120
core   0: 0x80001e18 (0x400bddb3) sra     s11, s7, zero
core   0: 3 0x80001e18 (0x400bddb3) x27 0xbf25ddec
core   0: 0x80001e1c (0x404259b3) sra     s3, tp, tp
core   0: 3 0x80001e1c (0x404259b3) x19 0x00000000
core   0: 0x80001e20 (0x40297793) andi    a5, s2, 1026
core   0: 3 0x80001e20 (0x40297793) x15 0x00000402
core   0: 0x80001e24 (0x00fdd413) srli    s0, s11, 15
core   0: 3 0x80001e24 (0x00fdd413) x 8 0x00017e4b
core   0: 0x80001e28 (0x0108d3b3) srl     t2, a7, a6
core   0: 3 0x80001e28 (0x0108d3b3) x 7 0xffffffff
core   0: 0x80001e2c (0x038366b3) rem     a3, t1, s8
core   0: 3 0x80001e2c (0x038366b3) x13 0x00000000
core   0: 0x80001e30 (0x75067d97) auipc   s11, 0x75067
core   0: 3 0x80001e30 (0x75067d97) x27 0xf5068e30
core   0: 0x80001e34 (0x40bc5d93) srai    s11, s8, 11
core   0: 3 0x80001e34 (0x40bc5d93) x27 0x00000000
core   0: 0x80001e38 (0x00b20d33) add     s10, tp, a1
core   0: 3 0x80001e38 (0x00b20d33) x26 0x00000002
core   0: 0x80001e3c (0x499d8713) addi    a4, s11, 1177
core   0: 3 0x80001e3c (0x499d8713) x14 0x00000499
core   0: 0x80001e40 (0x7215be37) lui     t3, 0x7215b
core   0: 3 0x80001e40 (0x7215be37) x28 0x7215b000
core   0: 0x80001e44 (0x41e48033) sub     zero, s1, t5
core   0: 3 0x80001e44 (0x41e48033)
core   0: 0x80001e48 (0x53d62f93) slti    t6, a2, 1341
core   0: 3 0x80001e48 (0x53d62f93) x31 0x00000001
core   0: 0x80001e4c (0x002c12b3) sll     t0, s8, sp
core   0: 3 0x80001e4c (0x002c12b3) x 5 0x00000010
core   0: 0x80001e50 (0x41d35033) sra     zero, t1, t4
core   0: 3 0x80001e50 (0x41d35033)
core   0: 0x80001e54 (0x0109d913) srli    s2, s3, 16
core   0: 3 0x80001e54 (0x0109d913) x18 0x00000000
core   0: 0x80001e58 (0x03beac33) mulhsu  s8, t4, s11
core   0: 3 0x80001e58 (0x03beac33) x24 0x00000000
core   0: 0x80001e5c (0x00fd5b93) srli    s7, s10, 15
core   0: 3 0x80001e5c (0x00fd5b93) x23 0x00000000
core   0: 0x80001e60 (0x02cc3a33) mulhu   s4, s8, a2
core   0: 3 0x80001e60 (0x02cc3a33) x20 0x00000000
core   0: 0x80001e64 (0x00e51433) sll     s0, a0, a4
core   0: 3 0x80001e64 (0x00e51433) x 8 0x00000000
core   0: 0x80001e68 (0x0025c733) xor     a4, a1, sp
core   0: 3 0x80001e68 (0x0025c733) x14 0x80018ce5
core   0: 0x80001e6c (0x1d472193) slti    gp, a4, 468
core   0: 3 0x80001e6c (0x1d472193) x 3 0x00000001
core   0: 0x80001e70 (0x034d3e33) mulhu   t3, s10, s4
core   0: 3 0x80001e70 (0x034d3e33) x28 0x00000000
core   0: 0x80001e74 (0x00a57533) and     a0, a0, a0
core   0: 3 0x80001e74 (0x00a57533) x10 0x00000000
core   0: 0x80001e78 (0xb5456513) ori     a0, a0, -1196
core   0: 3 0x80001e78 (0xb5456513) x10 0xfffffb54
core   0: 0x80001e7c (0x40a45913) srai    s2, s0, 10
core   0: 3 0x80001e7c (0x40a45913) x18 0x00000000
core   0: 0x80001e80 (0x025721b3) mulhsu  gp, a4, t0
core   0: 3 0x80001e80 (0x025721b3) x 3 0xfffffff8
core   0: 0x80001e84 (0x00a4c433) xor     s0, s1, a0
core   0: 3 0x80001e84 (0x00a4c433) x 8 0xfffffb54
core   0: 0x80001e88 (0x5f35ba13) sltiu   s4, a1, 1523
core   0: 3 0x80001e88 (0x5f35ba13) x20 0x00000001
core   0: 0x80001e8c (0xbdb97837) lui     a6, 0xbdb97
core   0: 3 0x80001e8c (0xbdb97837) x16 0xbdb97000
core   0: 0x80001e90 (0x02cf82b3) mul     t0, t6, a2
core   0: 3 0x80001e90 (0x02cf82b3) x 5 0xf018fb60
core   0: 0x80001e94 (0x75c66b93) ori     s7, a2, 1884
core   0: 3 0x80001e94 (0x75c66b93) x23 0xf018ff7c
core   0: 0x80001e98 (0xe7ed2f13) slti    t5, s10, -386
core   0: 3 0x80001e98 (0xe7ed2f13) x30 0x00000000
core   0: 0x80001e9c (0x57c00717) auipc   a4, 0x57c00
core   0: 3 0x80001e9c (0x57c00717) x14 0xd7c01e9c
core   0: 0x80001ea0 (0x0096e2b3) or      t0, a3, s1
core   0: 3 0x80001ea0 (0x0096e2b3) x 5 0x00000000
core   0: 0x80001ea4 (0x1d32eb13) ori     s6, t0, 467
core   0: 3 0x80001ea4 (0x1d32eb13) x22 0x000001d3
core   0: 0x80001ea8 (0x03469033) mulh    zero, a3, s4
core   0: 3 0x80001ea8 (0x03469033)
core   0: 0x80001eac (0x01be5d33) srl     s10, t3, s11
core   0: 3 0x80001eac (0x01be5d33) x26 0x00000000
core   0: 0x80001eb0 (0x3becb097) auipc   ra, 0x3becb
core   0: 3 0x80001eb0 (0x3becb097) x 1 0xbbecceb0
core   0: 0x80001eb4 (0x02cb1e33) mulh    t3, s6, a2
core   0: 3 0x80001eb4 (0x02cb1e33) x28 0xffffffe2
core   0: 0x80001eb8 (0x01acf2b3) and     t0, s9, s10
core   0: 3 0x80001eb8 (0x01acf2b3) x 5 0x00000000
core   0: 0x80001ebc (0x04f9ec93) ori     s9, s3, 79
core   0: 3 0x80001ebc (0x04f9ec93) x25 0x0000004f
core   0: 0x80001ec0 (0x015d9433) sll     s0, s11, s5
core   0: 3 0x80001ec0 (0x015d9433) x 8 0x00000000
core   0: 0x80001ec4 (0x485aa513) slti    a0, s5, 1157
core   0: 3 0x80001ec4 (0x485aa513) x10 0x00000001
core   0: 0x80001ec8 (0x01c52b33) slt     s6, a0, t3
core   0: 3 0x80001ec8 (0x01c52b33) x22 0x00000000
core   0: 0x80001ecc (0x0319f833) remu    a6, s3, a7
core   0: 3 0x80001ecc (0x0319f833) x16 0x00000000
core   0: 0x80001ed0 (0x03a0b433) mulhu   s0, ra, s10
core   0: 3 0x80001ed0 (0x03a0b433) x 8 0x00000000
core   0: 0x80001ed4 (0x03678733) mul     a4, a5, s6
core   0: 3 0x80001ed4 (0x03678733) x14 0x00000000
core   0: 0x80001ed8 (0x7561bc13) sltiu   s8, gp, 1878
core   0: 3 0x80001ed8 (0x7561bc13) x24 0x00000000
core   0: 0x80001edc (0x00000013) nop
core   0: 3 0x80001edc (0x00000013)
core   0: 0x80001ee0 (0x9294e693) ori     a3, s1, -1751
core   0: 3 0x80001ee0 (0x9294e693) x13 0xfffff929
core   0: 0x80001ee4 (0x000038b3) snez    a7, zero
core   0: 3 0x80001ee4 (0x000038b3) x17 0x00000000
core   0: 0x80001ee8 (0x1561bb93) sltiu   s7, gp, 342
core   0: 3 0x80001ee8 (0x1561bb93) x23 0x00000000
core   0: 0x80001eec (0xbf47ff93) andi    t6, a5, -1036
core   0: 3 0x80001eec (0xbf47ff93) x31 0x00000000
core   0: 0x80001ef0 (0x039c6333) rem     t1, s8, s9
core   0: 3 0x80001ef0 (0x039c6333) x 6 0x00000000
core   0: 0x80001ef4 (0x418e5793) srai    a5, t3, 24
core   0: 3 0x80001ef4 (0x418e5793) x15 0xffffffff
core   0: 0x80001ef8 (0x02a45033) divu    zero, s0, a0
core   0: 3 0x80001ef8 (0x02a45033)
core   0: 0x80001efc (0x00c9feb3) and     t4, s3, a2
core   0: 3 0x80001efc (0x00c9feb3) x29 0x00000000
core   0: 0x80001f00 (0xd8cc0893) addi    a7, s8, -628
core   0: 3 0x80001f00 (0xd8cc0893) x17 0xfffffd8c
core   0: 0x80001f04 (0x40ccd833) sra     a6, s9, a2
core   0: 3 0x80001f04 (0x40ccd833) x16 0x0000004f
core   0: 0x80001f08 (0x40be5b93) srai    s7, t3, 11
core   0: 3 0x80001f08 (0x40be5b93) x23 0xffffffff
core   0: 0x80001f0c (0x00b336b3) sltu    a3, t1, a1
core   0: 3 0x80001f0c (0x00b336b3) x13 0x00000001
core   0: 0x80001f10 (0x81590313) addi    t1, s2, -2027
core   0: 3 0x80001f10 (0x81590313) x 6 0xfffff815
core   0: 0x80001f14 (0x019b1b93) slli    s7, s6, 25
core   0: 3 0x80001f14 (0x019b1b93) x23 0x00000000
core   0: 0x80001f18 (0xa2064013) xori    zero, a2, -1504
core   0: 3 0x80001f18 (0xa2064013)
core   0: 0x80001f1c (0x01d4adb3) slt     s11, s1, t4
core   0: 3 0x80001f1c (0x01d4adb3) x27 0x00000000
core   0: 0x80001f20 (0xf57e1997) auipc   s3, 0xf57e1
core   0: 3 0x80001f20 (0xf57e1997) x19 0x757e2f20
core   0: 0x80001f24 (0x00000013) nop
core   0: 3 0x80001f24 (0x00000013)
core   0: 0x80001f28 (0x001b5313) srli    t1, s6, 1
core   0: 3 0x80001f28 (0x001b5313) x 6 0x00000000
core   0: 0x80001f2c (0x01558233) add     tp, a1, s5
core   0: 3 0x80001f2c (0x01558233) x 4 0x80014e65
core   0: 0x80001f30 (0x02ef8993) addi    s3, t6, 46
core   0: 3 0x80001f30 (0x02ef8993) x19 0x0000002e
core   0: 0x80001f34 (0x01846eb3) or      t4, s0, s8
core   0: 3 0x80001f34 (0x01846eb3) x29 0x00000000
core   0: 0x80001f38 (0xdf544713) xori    a4, s0, -523
core   0: 3 0x80001f38 (0xdf544713) x14 0xfffffdf5
core   0: 0x80001f3c (0x006670b3) and     ra, a2, t1
core   0: 3 0x80001f3c (0x006670b3) x 1 0x00000000
core   0: 0x80001f40 (0x00ff9d33) sll     s10, t6, a5
core   0: 3 0x80001f40 (0x00ff9d33) x26 0x00000000
core   0: 0x80001f44 (0x00dda733) slt     a4, s11, a3
core   0: 3 0x80001f44 (0x00dda733) x14 0x00000001
core   0: 0x80001f48 (0x02530533) mul     a0, t1, t0
core   0: 3 0x80001f48 (0x02530533) x10 0x00000000
core   0: 0x80001f4c (0x021fca33) div     s4, t6, ra
core   0: 3 0x80001f4c (0x021fca33) x20 0xffffffff
core   0: 0x80001f50 (0x00dd9193) slli    gp, s11, 13
core   0: 3 0x80001f50 (0x00dd9193) x 3 0x00000000
core   0: 0x80001f54 (0x41c5d913) srai    s2, a1, 28
core   0: 3 0x80001f54 (0x41c5d913) x18 0x00000000
core   0: 0x80001f58 (0x025105b3) mul     a1, sp, t0
core   0: 3 0x80001f58 (0x025105b3) x11 0x00000000
core   0: 0x80001f5c (0x0053fdb3) and     s11, t2, t0
core   0: 3 0x80001f5c (0x0053fdb3) x27 0x00000000
core   0: 0x80001f60 (0x41db5f13) srai    t5, s6, 29
core   0: 3 0x80001f60 (0x41db5f13) x30 0x00000000
core   0: 0x80001f64 (0xfb04b813) sltiu   a6, s1, -80
core   0: 3 0x80001f64 (0xfb04b813) x16 0x00000001
core   0: 0x80001f68 (0x40acd9b3) sra     s3, s9, a0
core   0: 3 0x80001f68 (0x40acd9b3) x19 0x0000004f
core   0: 0x80001f6c (0x03c6e033) rem     zero, a3, t3
core   0: 3 0x80001f6c (0x03c6e033)
core   0: 0x80001f70 (0x01c41d93) slli    s11, s0, 28
core   0: 3 0x80001f70 (0x01c41d93) x27 0x00000000
core   0: 0x80001f74 (0xc7790d13) addi    s10, s2, -905
core   0: 3 0x80001f74 (0xc7790d13) x26 0xfffffc77
core   0: 0x80001f78 (0x03e99733) mulh    a4, s3, t5
core   0: 3 0x80001f78 (0x03e99733) x14 0x00000000
core   0: 0x80001f7c (0x00b3beb3) sltu    t4, t2, a1
core   0: 3 0x80001f7c (0x00b3beb3) x29 0x00000000
core   0: 0x80001f80 (0x01c4c4b3) xor     s1, s1, t3
core   0: 3 0x80001f80 (0x01c4c4b3) x 9 0xffffffe2
core   0: 0x80001f84 (0x01260333) add     t1, a2, s2
core   0: 3 0x80001f84 (0x01260333) x 6 0xf018fb60
core   0: 0x80001f88 (0x40e95813) srai    a6, s2, 14
core   0: 3 0x80001f88 (0x40e95813) x16 0x00000000
core   0: 0x80001f8c (0x03c2deb3) divu    t4, t0, t3
core   0: 3 0x80001f8c (0x03c2deb3) x29 0x00000000
core   0: 0x80001f90 (0x4009d193) srai    gp, s3, 0
core   0: 3 0x80001f90 (0x4009d193) x 3 0x0000004f
core   0: 0x80001f94 (0x015a66b3) or      a3, s4, s5
core   0: 3 0x80001f94 (0x015a66b3) x13 0xffffffff
core   0: 0x80001f98 (0x0224f433) remu    s0, s1, sp
core   0: 3 0x80001f98 (0x0224f433) x 8 0x7ffe72fe
core   0: 0x80001f9c (0x0030ad33) slt     s10, ra, gp
core   0: 3 0x80001f9c (0x0030ad33) x26 0x00000001
core   0: 0x80001fa0 (0x01bd9b13) slli    s6, s11, 27
core   0: 3 0x80001fa0 (0x01bd9b13) x22 0x00000000
core   0: 0x80001fa4 (0xc6436697) auipc   a3, 0xc6436
core   0: 3 0x80001fa4 (0xc6436697) x13 0x46437fa4
core   0: 0x80001fa8 (0x031e74b3) remu    s1, t3, a7
core   0: 3 0x80001fa8 (0x031e74b3) x 9 0x00000256
core   0: 0x80001fac (0x036f6433) rem     s0, t5, s6
core   0: 3 0x80001fac (0x036f6433) x 8 0x00000000
core   0: 0x80001fb0 (0x03396fb3) rem     t6, s2, s3
core   0: 3 0x80001fb0 (0x03396fb3) x31 0x00000000
core   0: 0x80001fb4 (0x027e6fb3) rem     t6, t3, t2
core   0: 3 0x80001fb4 (0x027e6fb3) x31 0x00000000
core   0: 0x80001fb8 (0x00a79a13) slli    s4, a5, 10
core   0: 3 0x80001fb8 (0x00a79a13) x20 0xfffffc00
core   0: 0x80001fbc (0x03d33e33) mulhu   t3, t1, t4
core   0: 3 0x80001fbc (0x03d33e33) x28 0x00000000
core   0: 0x80001fc0 (0x003de2b3) or      t0, s11, gp
core   0: 3 0x80001fc0 (0x003de2b3) x 5 0x0000004f
core   0: 0x80001fc4 (0x00ce1a33) sll     s4, t3, a2
core   0: 3 0x80001fc4 (0x00ce1a33) x20 0x00000000
core   0: 0x80001fc8 (0x02c6dcb3) divu    s9, a3, a2
core   0: 3 0x80001fc8 (0x02c6dcb3) x25 0x00000000
core   0: 0x80001fcc (0x238fa513) slti    a0, t6, 568
core   0: 3 0x80001fcc (0x238fa513) x10 0x00000001
core   0: 0x80001fd0 (0x00f2b7b3) sltu    a5, t0, a5
core   0: 3 0x80001fd0 (0x00f2b7b3) x15 0x00000001
core   0: 0x80001fd4 (0x015856b3) srl     a3, a6, s5
core   0: 3 0x80001fd4 (0x015856b3) x13 0x00000000
core   0: 0x80001fd8 (0xeb704093) xori    ra, zero, -329
core   0: 3 0x80001fd8 (0xeb704093) x 1 0xfffffeb7
core   0: 0x80001fdc (0xf9a68713) addi    a4, a3, -102
core   0: 3 0x80001fdc (0xf9a68713) x14 0xffffff9a
core   0: 0x80001fe0 (0x013bdb93) srli    s7, s7, 19
core   0: 3 0x80001fe0 (0x013bdb93) x23 0x00000000
core   0: 0x80001fe4 (0x72f352b7) lui     t0, 0x72f35
core   0: 3 0x80001fe4 (0x72f352b7) x 5 0x72f35000
core   0: 0x80001fe8 (0x00f45e33) srl     t3, s0, a5
core   0: 3 0x80001fe8 (0x00f45e33) x28 0x00000000
core   0: 0x80001fec (0x41165713) srai    a4, a2, 17
core   0: 3 0x80001fec (0x41165713) x14 0xfffff80c
core   0: 0x80001ff0 (0x411adb93) srai    s7, s5, 17
core   0: 3 0x80001ff0 (0x411adb93) x23 0xffffc000
core   0: 0x80001ff4 (0x026fee33) rem     t3, t6, t1
core   0: 3 0x80001ff4 (0x026fee33) x28 0x00000000
core   0: 0x80001ff8 (0x00a2fa33) and     s4, t0, a0
core   0: 3 0x80001ff8 (0x00a2fa33) x20 0x00000000
core   0: 0x80001ffc (0x024eb0b3) mulhu   ra, t4, tp
core   0: 3 0x80001ffc (0x024eb0b3) x 1 0x00000000
core   0: 0x80002000 (0x0055ed33) or      s10, a1, t0
core   0: 3 0x80002000 (0x0055ed33) x26 0x72f35000
core   0: 0x80002004 (0x3522f737) lui     a4, 0x3522f
core   0: 3 0x80002004 (0x3522f737) x14 0x3522f000
core   0: 0x80002008 (0x00763733) sltu    a4, a2, t2
core   0: 3 0x80002008 (0x00763733) x14 0x00000001
core   0: 0x8000200c (0x030d0233) mul     tp, s10, a6
core   0: 3 0x8000200c (0x030d0233) x 4 0x00000000
core   0: 0x80002010 (0x03035cb3) divu    s9, t1, a6
core   0: 3 0x80002010 (0x03035cb3) x25 0xffffffff
core   0: 0x80002014 (0x022973b3) remu    t2, s2, sp
core   0: 3 0x80002014 (0x022973b3) x 7 0x00000000
core   0: 0x80002018 (0x02f86733) rem     a4, a6, a5
core   0: 3 0x80002018 (0x02f86733) x14 0x00000000
core   0: 0x8000201c (0x01f5e0b3) or      ra, a1, t6
core   0: 3 0x8000201c (0x01f5e0b3) x 1 0x00000000
core   0: 0x80002020 (0x00631f33) sll     t5, t1, t1
core   0: 3 0x80002020 (0x00631f33) x30 0xf018fb60
core   0: 0x80002024 (0x0031bfb3) sltu    t6, gp, gp
core   0: 3 0x80002024 (0x0031bfb3) x31 0x00000000
core   0: 0x80002028 (0xdc2a85b7) lui     a1, 0xdc2a8
core   0: 3 0x80002028 (0xdc2a85b7) x11 0xdc2a8000
core   0: 0x8000202c (0x70fe6a13) ori     s4, t3, 1807
core   0: 3 0x8000202c (0x70fe6a13) x20 0x0000070f
core   0: 0x80002030 (0x02b768b3) rem     a7, a4, a1
core   0: 3 0x80002030 (0x02b768b3) x17 0x00000000
core   0: 0x80002034 (0x00925f13) srli    t5, tp, 9
core   0: 3 0x80002034 (0x00925f13) x30 0x00000000
core   0: 0x80002038 (0x017be5b3) or      a1, s7, s7
core   0: 3 0x80002038 (0x017be5b3) x11 0xffffc000
core   0: 0x8000203c (0xff2863b7) lui     t2, 0xff286
core   0: 3 0x8000203c (0xff2863b7) x 7 0xff286000
core   0: 0x80002040 (0x00ffffb3) and     t6, t6, a5
core   0: 3 0x80002040 (0x00ffffb3) x31 0x00000000
core   0: 0x80002044 (0x003a5cb3) srl     s9, s4, gp
core   0: 3 0x80002044 (0x003a5cb3) x25 0x00000000
core   0: 0x80002048 (0x0087c5b3) xor     a1, a5, s0
core   0: 3 0x80002048 (0x0087c5b3) x11 0x00000001
core   0: 0x8000204c (0x00038cb3) add     s9, t2, zero
core   0: 3 0x8000204c (0x00038cb3) x25 0xff286000
core   0: 0x80002050 (0x4cb8ec13) ori     s8, a7, 1227
core   0: 3 0x80002050 (0x4cb8ec13) x24 0x000004cb
core   0: 0x80002054 (0x4f61f537) lui     a0, 0x4f61f
core   0: 3 0x80002054 (0x4f61f537) x10 0x4f61f000
core   0: 0x80002058 (0x01d1eb33) or      s6, gp, t4
core   0: 3 0x80002058 (0x01d1eb33) x22 0x0000004f
core   0: 0x8000205c (0xba1d9537) lui     a0, 0xba1d9
core   0: 3 0x8000205c (0xba1d9537) x10 0xba1d9000
core   0: 0x80002060 (0x02b6c333) div     t1, a3, a1
core   0: 3 0x80002060 (0x02b6c333) x 6 0x00000000
core   0: 0x80002064 (0x01b21033) sll     zero, tp, s11
core   0: 3 0x80002064 (0x01b21033)
core   0: 0x80002068 (0x03c4fa33) remu    s4, s1, t3
core   0: 3 0x80002068 (0x03c4fa33) x20 0x00000256
core   0: 0x8000206c (0x18d18193) addi    gp, gp, 397
core   0: 3 0x8000206c (0x18d18193) x 3 0x000001dc
core   0: 0x80002070 (0xac5d83b7) lui     t2, 0xac5d8
core   0: 3 0x80002070 (0xac5d83b7) x 7 0xac5d8000
core   0: 0x80002074 (0x011a37b3) sltu    a5, s4, a7
core   0: 3 0x80002074 (0x011a37b3) x15 0x00000000
core   0: 0x80002078 (0x03a82a33) mulhsu  s4, a6, s10
core   0: 3 0x80002078 (0x03a82a33) x20 0x00000000
core   0: 0x8000207c (0x008a9533) sll     a0, s5, s0
core   0: 3 0x8000207c (0x008a9533) x10 0x80014e64
core   0: 0x80002080 (0x417d84b3) sub     s1, s11, s7
core   0: 3 0x80002080 (0x417d84b3) x 9 0x00004000
core   0: 0x80002084 (0x03484033) div     zero, a6, s4
core   0: 3 0x80002084 (0x03484033)
core   0: 0x80002088 (0x410084b3) sub     s1, ra, a6
core   0: 3 0x80002088 (0x410084b3) x 9 0x00000000
core   0: 0x8000208c (0x0335ea33) rem     s4, a1, s3
core   0: 3 0x8000208c (0x0335ea33) x20 0x00000001
core   0: 0x80002090 (0x002c1f93) slli    t6, s8, 2
core   0: 3 0x80002090 (0x002c1f93) x31 0x0000132c
core   0: 0x80002094 (0x003c9093) slli    ra, s9, 3
core   0: 3 0x80002094 (0x003c9093) x 1 0xf9430000
core   0: 0x80002098 (0x00000013) nop
core   0: 3 0x80002098 (0x00000013)
core   0: 0x8000209c (0x00000013) nop
core   0: 3 0x8000209c (0x00000013)
core   0: 0x800020a0 (0xb6f3c493) xori    s1, t2, -1169
core   0: 3 0x800020a0 (0xb6f3c493) x 9 0x53a27b6f
core   0: 0x800020a4 (0x40c4d0b3) sra     ra, s1, a2
core   0: 3 0x800020a4 (0x40c4d0b3) x 1 0x53a27b6f
core   0: 0x800020a8 (0x41d381b3) sub     gp, t2, t4
core   0: 3 0x800020a8 (0x41d381b3) x 3 0xac5d8000
core   0: 0x800020ac (0x41ea04b3) sub     s1, s4, t5
core   0: 3 0x800020ac (0x41ea04b3) x 9 0x00000001
core   0: 0x800020b0 (0xba7520b7) lui     ra, 0xba752
core   0: 3 0x800020b0 (0xba7520b7) x 1 0xba752000
core   0: 0x800020b4 (0x03f27cb3) remu    s9, tp, t6
core   0: 3 0x800020b4 (0x03f27cb3) x25 0x00000000
core   0: 0x800020b8 (0x018c5fb3) srl     t6, s8, s8
core   0: 3 0x800020b8 (0x018c5fb3) x31 0x00000000
core   0: 0x800020bc (0x014085b3) add     a1, ra, s4
core   0: 3 0x800020bc (0x014085b3) x11 0xba752001
core   0: 0x800020c0 (0x014d0bb3) add     s7, s10, s4
core   0: 3 0x800020c0 (0x014d0bb3) x23 0x72f35001
core   0: 0x800020c4 (0x669f8893) addi    a7, t6, 1641
core   0: 3 0x800020c4 (0x669f8893) x17 0x00000669
core   0: 0x800020c8 (0x03e7c4b3) div     s1, a5, t5
core   0: 3 0x800020c8 (0x03e7c4b3) x 9 0xffffffff
core   0: 0x800020cc (0x020f3c33) mulhu   s8, t5, zero
core   0: 3 0x800020cc (0x020f3c33) x24 0x00000000
core   0: 0x800020d0 (0x01401e13) slli    t3, zero, 20
core   0: 3 0x800020d0 (0x01401e13) x28 0x00000000
core   0: 0x800020d4 (0x417f51b3) sra     gp, t5, s7
core   0: 3 0x800020d4 (0x417f51b3) x 3 0x00000000
core   0: 0x800020d8 (0x0244e1b3) rem     gp, s1, tp
core   0: 3 0x800020d8 (0x0244e1b3) x 3 0xffffffff
core   0: 0x800020dc (0xa8e1e193) ori     gp, gp, -1394
core   0: 3 0x800020dc (0xa8e1e193) x 3 0xffffffff
core   0: 0x800020e0 (0x016480b3) add     ra, s1, s6
core   0: 3 0x800020e0 (0x016480b3) x 1 0x0000004e
core   0: 0x800020e4 (0x00007fb3) and     t6, zero, zero
core   0: 3 0x800020e4 (0x00007fb3) x31 0x00000000
core   0: 0x800020e8 (0x9484c093) xori    ra, s1, -1720
core   0: 3 0x800020e8 (0x9484c093) x 1 0x000006b7
core   0: 0x800020ec (0x00cdd8b3) srl     a7, s11, a2
core   0: 3 0x800020ec (0x00cdd8b3) x17 0x00000000
core   0: 0x800020f0 (0x01f8abb3) slt     s7, a7, t6
core   0: 3 0x800020f0 (0x01f8abb3) x23 0x00000000
core   0: 0x800020f4 (0x038796b3) mulh    a3, a5, s8
core   0: 3 0x800020f4 (0x038796b3) x13 0x00000000
core   0: 0x800020f8 (0x00a692b3) sll     t0, a3, a0
core   0: 3 0x800020f8 (0x00a692b3) x 5 0x00000000
core   0: 0x800020fc (0x00de2b33) slt     s6, t3, a3
core   0: 3 0x800020fc (0x00de2b33) x22 0x00000000
core   0: 0x80002100 (0x02637bb3) remu    s7, t1, t1
core   0: 3 0x80002100 (0x02637bb3) x23 0x00000000
core   0: 0x80002104 (0x00ad4533) xor     a0, s10, a0
core   0: 3 0x80002104 (0x00ad4533) x10 0xf2f21e64
core   0: 0x80002108 (0x00520bb3) add     s7, tp, t0
core   0: 3 0x80002108 (0x00520bb3) x23 0x00000000
core   0: 0x8000210c (0x007d5cb3) srl     s9, s10, t2
core   0: 3 0x8000210c (0x007d5cb3) x25 0x72f35000
core   0: 0x80002110 (0x01891913) slli    s2, s2, 24
core   0: 3 0x80002110 (0x01891913) x18 0x00000000
core   0: 0x80002114 (0x8d62c513) xori    a0, t0, -1834
core   0: 3 0x80002114 (0x8d62c513) x10 0xfffff8d6
core   0: 0x80002118 (0x00576b33) or      s6, a4, t0
core   0: 3 0x80002118 (0x00576b33) x22 0x00000000
core   0: 0x8000211c (0x34e0c213) xori    tp, ra, 846
core   0: 3 0x8000211c (0x34e0c213) x 4 0x000005f9
core   0: 0x80002120 (0x413adc33) sra     s8, s5, s3
core   0: 3 0x80002120 (0x413adc33) x24 0xffff0002
core   0: 0x80002124 (0x003259b3) srl     s3, tp, gp
core   0: 3 0x80002124 (0x003259b3) x19 0x00000000
core   0: 0x80002128 (0x011de8b3) or      a7, s11, a7
core   0: 3 0x80002128 (0x011de8b3) x17 0x00000000
core   0: 0x8000212c (0x0241f1b3) remu    gp, gp, tp
core   0: 3 0x8000212c (0x0241f1b3) x 3 0x000000b3
core   0: 0x80002130 (0x705bcb13) xori    s6, s7, 1797
core   0: 3 0x80002130 (0x705bcb13) x22 0x00000705
core   0: 0x80002134 (0x02eed533) divu    a0, t4, a4
core   0: 3 0x80002134 (0x02eed533) x10 0xffffffff
core   0: 0x80002138 (0x40394d13) xori    s10, s2, 1027
core   0: 3 0x80002138 (0x40394d13) x26 0x00000403
core   0: 0x8000213c (0xeda8c913) xori    s2, a7, -294
core   0: 3 0x8000213c (0xeda8c913) x18 0xfffffeda
core   0: 0x80002140 (0x00f4ecb3) or      s9, s1, a5
core   0: 3 0x80002140 (0x00f4ecb3) x25 0xffffffff
core   0: 0x80002144 (0x43462d93) slti    s11, a2, 1076
core   0: 3 0x80002144 (0x43462d93) x27 0x00000001
core   0: 0x80002148 (0x8c7b3d93) sltiu   s11, s6, -1849
core   0: 3 0x80002148 (0x8c7b3d93) x27 0x00000001
core   0: 0x8000214c (0x0062bbb3) sltu    s7, t0, t1
core   0: 3 0x8000214c (0x0062bbb3) x23 0x00000000
core   0: 0x80002150 (0x21049417) auipc   s0, 0x21049
core   0: 3 0x80002150 (0x21049417) x 8 0xa104b150
core   0: 0x80002154 (0x00d67a33) and     s4, a2, a3
core   0: 3 0x80002154 (0x00d67a33) x20 0x00000000
core   0: 0x80002158 (0x64dd4d93) xori    s11, s10, 1613
core   0: 3 0x80002158 (0x64dd4d93) x27 0x0000024e
core   0: 0x8000215c (0x03558e33) mul     t3, a1, s5
core   0: 3 0x8000215c (0x03558e33) x28 0x2581ce64
core   0: 0x80002160 (0x00bc72b3) and     t0, s8, a1
core   0: 3 0x80002160 (0x00bc72b3) x 5 0xba750000
core   0: 0x80002164 (0x401409b3) sub     s3, s0, ra
core   0: 3 0x80002164 (0x401409b3) x19 0xa104aa99
core   0: 0x80002168 (0x032d16b3) mulh    a3, s10, s2
core   0: 3 0x80002168 (0x032d16b3) x13 0xffffffff
core   0: 0x8000216c (0x08042513) slti    a0, s0, 128
core   0: 3 0x8000216c (0x08042513) x10 0x00000001
core   0: 0x80002170 (0xe412cd13) xori    s10, t0, -447
core   0: 3 0x80002170 (0xe412cd13) x26 0x458afe41
core   0: 0x80002174 (0x00a6c033) xor     zero, a3, a0
core   0: 3 0x80002174 (0x00a6c033)
core   0: 0x80002178 (0x01aabb33) sltu    s6, s5, s10
core   0: 3 0x80002178 (0x01aabb33) x22 0x00000000
core   0: 0x8000217c (0x7f306b93) ori     s7, zero, 2035
core   0: 3 0x8000217c (0x7f306b93) x23 0x000007f3
core   0: 0x80002180 (0x400bd733) sra     a4, s7, zero
core   0: 3 0x80002180 (0x400bd733) x14 0x000007f3
core   0: 0x80002184 (0xedc57413) andi    s0, a0, -292
core   0: 3 0x80002184 (0xedc57413) x 8 0x00000000
core   0: 0x80002188 (0x406ad713) srai    a4, s5, 6
core   0: 3 0x80002188 (0x406ad713) x14 0xfe000539
core   0: 0x8000218c (0xba683537) lui     a0, 0xba683
core   0: 3 0x8000218c (0xba683537) x10 0xba683000
core   0: 0x80002190 (0x3447bfb7) lui     t6, 0x3447b
core   0: 3 0x80002190 (0x3447bfb7) x31 0x3447b000
core   0: 0x80002194 (0x01594e33) xor     t3, s2, s5
core   0: 3 0x80002194 (0x01594e33) x28 0x7ffeb0be
core   0: 0x80002198 (0x0250de33) divu    t3, ra, t0
core   0: 3 0x80002198 (0x0250de33) x28 0x00000000
core   0: 0x8000219c (0x087a3e37) lui     t3, 0x87a3
core   0: 3 0x8000219c (0x087a3e37) x28 0x087a3000
core   0: 0x800021a0 (0x005480b3) add     ra, s1, t0
core   0: 3 0x800021a0 (0x005480b3) x 1 0xba74ffff
core   0: 0x800021a4 (0x0158d513) srli    a0, a7, 21
core   0: 3 0x800021a4 (0x0158d513) x10 0x00000000
core   0: 0x800021a8 (0xb6b50913) addi    s2, a0, -1173
core   0: 3 0x800021a8 (0xb6b50913) x18 0xfffffb6b
core   0: 0x800021ac (0xa7a6be93) sltiu   t4, a3, -1414
core   0: 3 0x800021ac (0xa7a6be93) x29 0x00000000
core   0: 0x800021b0 (0x00b35033) srl     zero, t1, a1
core   0: 3 0x800021b0 (0x00b35033)
core   0: 0x800021b4 (0x03fa82b3) mul     t0, s5, t6
core   0: 3 0x800021b4 (0x03fa82b3) x 5 0xf3a0c000
core   0: 0x800021b8 (0x418c50b3) sra     ra, s8, s8
core   0: 3 0x800021b8 (0x418c50b3) x 1 0xffffc000
core   0: 0x800021bc (0x2425e693) ori     a3, a1, 578
core   0: 3 0x800021bc (0x2425e693) x13 0xba752243
core   0: 0x800021c0 (0x038d89b3) mul     s3, s11, s8
core   0: 3 0x800021c0 (0x038d89b3) x19 0xfdb2049c
core   0: 0x800021c4 (0x6959fc37) lui     s8, 0x6959f
core   0: 3 0x800021c4 (0x6959fc37) x24 0x6959f000
core   0: 0x800021c8 (0x012bb333) sltu    t1, s7, s2
core   0: 3 0x800021c8 (0x012bb333) x 6 0x00000001
core   0: 0x800021cc (0xa42ba813) slti    a6, s7, -1470
core   0: 3 0x800021cc (0xa42ba813) x16 0x00000000
core   0: 0x800021d0 (0x417f5733) sra     a4, t5, s7
core   0: 3 0x800021d0 (0x417f5733) x14 0x00000000
core   0: 0x800021d4 (0x01ade333) or      t1, s11, s10
core   0: 3 0x800021d4 (0x01ade333) x 6 0x458afe4f
core   0: 0x800021d8 (0x72978b93) addi    s7, a5, 1833
core   0: 3 0x800021d8 (0x72978b93) x23 0x00000729
core   0: 0x800021dc (0x02059433) mulh    s0, a1, zero
core   0: 3 0x800021dc (0x02059433) x 8 0x00000000
core   0: 0x800021e0 (0x4d827813) andi    a6, tp, 1240
core   0: 3 0x800021e0 (0x4d827813) x16 0x000004d8
core   0: 0x800021e4 (0x000a1233) sll     tp, s4, zero
core   0: 3 0x800021e4 (0x000a1233) x 4 0x00000000
core   0: 0x800021e8 (0x0152c9b3) xor     s3, t0, s5
core   0: 3 0x800021e8 (0x0152c9b3) x19 0x73a18e64
core   0: 0x800021ec (0x020a9fb3) mulh    t6, s5, zero
core   0: 3 0x800021ec (0x020a9fb3) x31 0x00000000
core   0: 0x800021f0 (0x032cb6b3) mulhu   a3, s9, s2
core   0: 3 0x800021f0 (0x032cb6b3) x13 0xfffffb6a
core   0: 0x800021f4 (0x024581b3) mul     gp, a1, tp
core   0: 3 0x800021f4 (0x024581b3) x 3 0x00000000
core   0: 0x800021f8 (0x68943e13) sltiu   t3, s0, 1673
core   0: 3 0x800021f8 (0x68943e13) x28 0x00000001
core   0: 0x800021fc (0x01fc3433) sltu    s0, s8, t6
core   0: 3 0x800021fc (0x01fc3433) x 8 0x00000000
core   0: 0x80002200 (0x49aa0f17) auipc   t5, 0x49aa0
core   0: 3 0x80002200 (0x49aa0f17) x30 0xc9aa2200
core   0: 0x80002204 (0x010af233) and     tp, s5, a6
core   0: 3 0x80002204 (0x010af233) x 4 0x00000440
core   0: 0x80002208 (0x022642b3) div     t0, a2, sp
core   0: 3 0x80002208 (0x022642b3) x 5 0x00000000
core   0: 0x8000220c (0x034d3833) mulhu   a6, s10, s4
core   0: 3 0x8000220c (0x034d3833) x16 0x00000000
core   0: 0x80002210 (0x0457bc17) auipc   s8, 0x457b
core   0: 3 0x80002210 (0x0457bc17) x24 0x8457d210
core   0: 0x80002214 (0xdb9e7f17) auipc   t5, 0xdb9e7
core   0: 3 0x80002214 (0xdb9e7f17) x30 0x5b9e9214
core   0: 0x80002218 (0x01149f13) slli    t5, s1, 17
core   0: 3 0x80002218 (0x01149f13) x30 0xfffe0000
core   0: 0x8000221c (0x026396b3) mulh    a3, t2, t1
core   0: 3 0x8000221c (0x026396b3) x13 0xe947cad1
core   0: 0x80002220 (0x02892033) mulhsu  zero, s2, s0
core   0: 3 0x80002220 (0x02892033)
core   0: 0x80002224 (0xcf9c0b17) auipc   s6, 0xcf9c0
core   0: 3 0x80002224 (0xcf9c0b17) x22 0x4f9c2224
core   0: 0x80002228 (0x01842233) slt     tp, s0, s8
core   0: 3 0x80002228 (0x01842233) x 4 0x00000000
core   0: 0x8000222c (0x01b9ab33) slt     s6, s3, s11
core   0: 3 0x8000222c (0x01b9ab33) x22 0x00000000
core   0: 0x80002230 (0x022451b3) divu    gp, s0, sp
core   0: 3 0x80002230 (0x022451b3) x 3 0x00000000
core   0: 0x80002234 (0x02be22b3) mulhsu  t0, t3, a1
core   0: 3 0x80002234 (0x02be22b3) x 5 0x00000000
core   0: 0x80002238 (0x0151a5b3) slt     a1, gp, s5
core   0: 3 0x80002238 (0x0151a5b3) x11 0x00000000
core   0: 0x8000223c (0x03a76a33) rem     s4, a4, s10
core   0: 3 0x8000223c (0x03a76a33) x20 0x00000000
core   0: 0x80002240 (0x0f9e8213) addi    tp, t4, 249
core   0: 3 0x80002240 (0x0f9e8213) x 4 0x000000f9
core   0: 0x80002244 (0x0143b333) sltu    t1, t2, s4
core   0: 3 0x80002244 (0x0143b333) x 6 0x00000000
core   0: 0x80002248 (0x010b2cb3) slt     s9, s6, a6
core   0: 3 0x80002248 (0x010b2cb3) x25 0x00000000
core   0: 0x8000224c (0x0088db93) srli    s7, a7, 8
core   0: 3 0x8000224c (0x0088db93) x23 0x00000000
core   0: 0x80002250 (0x808ca993) slti    s3, s9, -2040
core   0: 3 0x80002250 (0x808ca993) x19 0x00000000
core   0: 0x80002254 (0x00f5f8b3) and     a7, a1, a5
core   0: 3 0x80002254 (0x00f5f8b3) x17 0x00000000
core   0: 0x80002258 (0x02471933) mulh    s2, a4, tp
core   0: 3 0x80002258 (0x02471933) x18 0x00000000
core   0: 0x8000225c (0x025e8f33) mul     t5, t4, t0
core   0: 3 0x8000225c (0x025e8f33) x30 0x00000000
core   0: 0x80002260 (0x017d3eb3) sltu    t4, s10, s7
core   0: 3 0x80002260 (0x017d3eb3) x29 0x00000000
core   0: 0x80002264 (0x41d6d933) sra     s2, a3, t4
core   0: 3 0x80002264 (0x41d6d933) x18 0xe947cad1
core   0: 0x80002268 (0x039bd8b3) divu    a7, s7, s9
core   0: 3 0x80002268 (0x039bd8b3) x17 0xffffffff
core   0: 0x8000226c (0x01eda1b3) slt     gp, s11, t5
core   0: 3 0x8000226c (0x01eda1b3) x 3 0x00000000
core   0: 0x80002270 (0x025b65b3) rem     a1, s6, t0
core   0: 3 0x80002270 (0x025b65b3) x11 0x00000000
core   0: 0x80002274 (0x7bd4f813) andi    a6, s1, 1981
core   0: 3 0x80002274 (0x7bd4f813) x16 0x000007bd
core   0: 0x80002278 (0xbb529e37) lui     t3, 0xbb529
core   0: 3 0x80002278 (0xbb529e37) x28 0xbb529000
core   0: 0x8000227c (0x20ddf397) auipc   t2, 0x20ddf
core   0: 3 0x8000227c (0x20ddf397) x 7 0xa0de127c
core   0: 0x80002280 (0x5b683593) sltiu   a1, a6, 1462
core   0: 3 0x80002280 (0x5b683593) x11 0x00000000
core   0: 0x80002284 (0x00000013) nop
core   0: 3 0x80002284 (0x00000013)
core   0: 0x80002288 (0x024f5a33) divu    s4, t5, tp
core   0: 3 0x80002288 (0x024f5a33) x20 0x00000000
core   0: 0x8000228c (0xce0c3a13) sltiu   s4, s8, -800
core   0: 3 0x8000228c (0xce0c3a13) x20 0x00000001
core   0: 0x80002290 (0xb76ead93) slti    s11, t4, -1162
core   0: 3 0x80002290 (0xb76ead93) x27 0x00000000
core   0: 0x80002294 (0x01b2dfb3) srl     t6, t0, s11
core   0: 3 0x80002294 (0x01b2dfb3) x31 0x00000000
core   0: 0x80002298 (0x00199c13) slli    s8, s3, 1
core   0: 3 0x80002298 (0x00199c13) x24 0x00000000
core   0: 0x8000229c (0x85fa7b93) andi    s7, s4, -1953
core   0: 3 0x8000229c (0x85fa7b93) x23 0x00000001
core   0: 0x800022a0 (0x40ffd913) srai    s2, t6, 15
core   0: 3 0x800022a0 (0x40ffd913) x18 0x00000000
core   0: 0x800022a4 (0x0268efb3) rem     t6, a7, t1
core   0: 3 0x800022a4 (0x0268efb3) x31 0xffffffff
core   0: 0x800022a8 (0x00c4e233) or      tp, s1, a2
core   0: 3 0x800022a8 (0x00c4e233) x 4 0xffffffff
core   0: 0x800022ac (0x01a15293) srli    t0, sp, 26
core   0: 3 0x800022ac (0x01a15293) x 5 0x00000020
core   0: 0x800022b0 (0x3cdeeb93) ori     s7, t4, 973
core   0: 3 0x800022b0 (0x3cdeeb93) x23 0x000003cd
core   0: 0x800022b4 (0x00d2a033) slt     zero, t0, a3
core   0: 3 0x800022b4 (0x00d2a033)
core   0: 0x800022b8 (0x01d2b8b3) sltu    a7, t0, t4
core   0: 3 0x800022b8 (0x01d2b8b3) x17 0x00000000
core   0: 0x800022bc (0x00d97233) and     tp, s2, a3
core   0: 3 0x800022bc (0x00d97233) x 4 0x00000000
core   0: 0x800022c0 (0x01fa7933) and     s2, s4, t6
core   0: 3 0x800022c0 (0x01fa7933) x18 0x00000001
core   0: 0x800022c4 (0x017ffeb3) and     t4, t6, s7
core   0: 3 0x800022c4 (0x017ffeb3) x29 0x000003cd
core   0: 0x800022c8 (0x37c78e13) addi    t3, a5, 892
core   0: 3 0x800022c8 (0x37c78e13) x28 0x0000037c
core   0: 0x800022cc (0x013be333) or      t1, s7, s3
core   0: 3 0x800022cc (0x013be333) x 6 0x000003cd
core   0: 0x800022d0 (0x01a7b433) sltu    s0, a5, s10
core   0: 3 0x800022d0 (0x01a7b433) x 8 0x00000001
core   0: 0x800022d4 (0x03540d33) mul     s10, s0, s5
core   0: 3 0x800022d4 (0x03540d33) x26 0x80014e64
core   0: 0x800022d8 (0x012f1533) sll     a0, t5, s2
core   0: 3 0x800022d8 (0x012f1533) x10 0x00000000
core   0: 0x800022dc (0x401ade13) srai    t3, s5, 1
core   0: 3 0x800022dc (0x401ade13) x28 0xc000a732
core   0: 0x800022e0 (0x02e26e33) rem     t3, tp, a4
core   0: 3 0x800022e0 (0x02e26e33) x28 0x00000000
core   0: 0x800022e4 (0x00000013) nop
core   0: 3 0x800022e4 (0x00000013)
core   0: 0x800022e8 (0x01a2bbb3) sltu    s7, t0, s10
core   0: 3 0x800022e8 (0x01a2bbb3) x23 0x00000001
core   0: 0x800022ec (0x622dfe13) andi    t3, s11, 1570
core   0: 3 0x800022ec (0x622dfe13) x28 0x00000000
core   0: 0x800022f0 (0x00cbde93) srli    t4, s7, 12
core   0: 3 0x800022f0 (0x00cbde93) x29 0x00000000
core   0: 0x800022f4 (0x01652e33) slt     t3, a0, s6
core   0: 3 0x800022f4 (0x01652e33) x28 0x00000000
core   0: 0x800022f8 (0x41a18533) sub     a0, gp, s10
core   0: 3 0x800022f8 (0x41a18533) x10 0x7ffeb19c
core   0: 0x800022fc (0x01b17233) and     tp, sp, s11
core   0: 3 0x800022fc (0x01b17233) x 4 0x00000000
core   0: 0x80002300 (0x0039d7b3) srl     a5, s3, gp
core   0: 3 0x80002300 (0x0039d7b3) x15 0x00000000
core   0: 0x80002304 (0x79fe4d93) xori    s11, t3, 1951
core   0: 3 0x80002304 (0x79fe4d93) x27 0x0000079f
core   0: 0x80002308 (0x00f51db3) sll     s11, a0, a5
core   0: 3 0x80002308 (0x00f51db3) x27 0x7ffeb19c
core   0: 0x8000230c (0x028a25b3) mulhsu  a1, s4, s0
core   0: 3 0x8000230c (0x028a25b3) x11 0x00000000
core   0: 0x80002310 (0x01da03b3) add     t2, s4, t4
core   0: 3 0x80002310 (0x01da03b3) x 7 0x00000001
core   0: 0x80002314 (0x759dacb7) lui     s9, 0x759da
core   0: 3 0x80002314 (0x759dacb7) x25 0x759da000
core   0: 0x80002318 (0x03140e33) mul     t3, s0, a7
core   0: 3 0x80002318 (0x03140e33) x28 0x00000000
core   0: 0x8000231c (0x33594a17) auipc   s4, 0x33594
core   0: 3 0x8000231c (0x33594a17) x20 0xb359631c
core   0: 0x80002320 (0x02eaa8b3) mulhsu  a7, s5, a4
core   0: 3 0x80002320 (0x02eaa8b3) x17 0x00000000
core   0: 0x80002324 (0x00abe833) or      a6, s7, a0
core   0: 3 0x80002324 (0x00abe833) x16 0x7ffeb19d
core   0: 0x80002328 (0x034e6c33) rem     s8, t3, s4
core   0: 3 0x80002328 (0x034e6c33) x24 0x00000000
core   0: 0x8000232c (0x0286eb33) rem     s6, a3, s0
core   0: 3 0x8000232c (0x0286eb33) x22 0x00000000
core   0: 0x80002330 (0x00cb9b93) slli    s7, s7, 12
core   0: 3 0x80002330 (0x00cb9b93) x23 0x00001000
core   0: 0x80002334 (0x01201593) slli    a1, zero, 18
core   0: 3 0x80002334 (0x01201593) x11 0x00000000
core   0: 0x80002338 (0x35e07c13) andi    s8, zero, 862
core   0: 3 0x80002338 (0x35e07c13) x24 0x00000000
core   0: 0x8000233c (0x00bb5b13) srli    s6, s6, 11
core   0: 3 0x8000233c (0x00bb5b13) x22 0x00000000
core   0: 0x80002340 (0x40c68533) sub     a0, a3, a2
core   0: 3 0x80002340 (0x40c68533) x10 0xf92ecf71
core   0: 0x80002344 (0xa8b33793) sltiu   a5, t1, -1397
core   0: 3 0x80002344 (0xa8b33793) x15 0x00000001
core   0: 0x80002348 (0xbb702d37) lui     s10, 0xbb702
core   0: 3 0x80002348 (0xbb702d37) x26 0xbb702000
core   0: 0x8000234c (0x40260333) sub     t1, a2, sp
core   0: 3 0x8000234c (0x40260333) x 6 0x70176e7c
core   0: 0x80002350 (0x40358c33) sub     s8, a1, gp
core   0: 3 0x80002350 (0x40358c33) x24 0x00000000
core   0: 0x80002354 (0x00000013) nop
core   0: 3 0x80002354 (0x00000013)
core   0: 0x80002358 (0x0015e233) or      tp, a1, ra
core   0: 3 0x80002358 (0x0015e233) x 4 0xffffc000
core   0: 0x8000235c (0x5d942513) slti    a0, s0, 1497
core   0: 3 0x8000235c (0x5d942513) x10 0x00000001
core   0: 0x80002360 (0xad42cc37) lui     s8, 0xad42c
core   0: 3 0x80002360 (0xad42cc37) x24 0xad42c000
core   0: 0x80002364 (0x01509e93) slli    t4, ra, 21
core   0: 3 0x80002364 (0x01509e93) x29 0x00000000
core   0: 0x80002368 (0x01d83db3) sltu    s11, a6, t4
core   0: 3 0x80002368 (0x01d83db3) x27 0x00000000
core   0: 0x8000236c (0x00000013) nop
core   0: 3 0x8000236c (0x00000013)
core   0: 0x80002370 (0x01d01033) sll     zero, zero, t4
core   0: 3 0x80002370 (0x01d01033)
core   0: 0x80002374 (0x0303c2b3) div     t0, t2, a6
core   0: 3 0x80002374 (0x0303c2b3) x 5 0x00000000
core   0: 0x80002378 (0x00a92db3) slt     s11, s2, a0
core   0: 3 0x80002378 (0x00a92db3) x27 0x00000000
core   0: 0x8000237c (0x01ac9d93) slli    s11, s9, 26
core   0: 3 0x8000237c (0x01ac9d93) x27 0x00000000
core   0: 0x80002380 (0xd4716993) ori     s3, sp, -697
core   0: 3 0x80002380 (0xd4716993) x19 0xfffffde7
core   0: 0x80002384 (0x03ce6e33) rem     t3, t3, t3
core   0: 3 0x80002384 (0x03ce6e33) x28 0x00000000
core   0: 0x80002388 (0x01256fb3) or      t6, a0, s2
core   0: 3 0x80002388 (0x01256fb3) x31 0x00000001
core   0: 0x8000238c (0x3b77c313) xori    t1, a5, 951
core   0: 3 0x8000238c (0x3b77c313) x 6 0x000003b6
core   0: 0x80002390 (0x02787db3) remu    s11, a6, t2
core   0: 3 0x80002390 (0x02787db3) x27 0x00000000
core   0: 0x80002394 (0x0286e3b3) rem     t2, a3, s0
core   0: 3 0x80002394 (0x0286e3b3) x 7 0x00000000
core   0: 0x80002398 (0x0110b333) sltu    t1, ra, a7
core   0: 3 0x80002398 (0x0110b333) x 6 0x00000000
core   0: 0x8000239c (0xad532993) slti    s3, t1, -1323
core   0: 3 0x8000239c (0xad532993) x19 0x00000000
core   0: 0x800023a0 (0x0283c233) div     tp, t2, s0
core   0: 3 0x800023a0 (0x0283c233) x 4 0x00000000
core   0: 0x800023a4 (0x42f63093) sltiu   ra, a2, 1071
core   0: 3 0x800023a4 (0x42f63093) x 1 0x00000000
core   0: 0x800023a8 (0x03657333) remu    t1, a0, s6
core   0: 3 0x800023a8 (0x03657333) x 6 0x00000001
core   0: 0x800023ac (0x01bcf1b3) and     gp, s9, s11
core   0: 3 0x800023ac (0x01bcf1b3) x 3 0x00000000
core   0: 0x800023b0 (0x83fbc897) auipc   a7, 0x83fbc
core   0: 3 0x800023b0 (0x83fbc897) x17 0x03fbe3b0
core   0: 0x800023b4 (0x011d2a33) slt     s4, s10, a7
core   0: 3 0x800023b4 (0x011d2a33) x20 0x00000001
core   0: 0x800023b8 (0xc5066b97) auipc   s7, 0xc5066
core   0: 3 0x800023b8 (0xc5066b97) x23 0x450683b8
core   0: 0x800023bc (0x02740d33) mul     s10, s0, t2
core   0: 3 0x800023bc (0x02740d33) x26 0x00000000
core   0: 0x800023c0 (0x00950a33) add     s4, a0, s1
core   0: 3 0x800023c0 (0x00950a33) x20 0x00000000
core   0: 0x800023c4 (0x54e23bb7) lui     s7, 0x54e23
core   0: 3 0x800023c4 (0x54e23bb7) x23 0x54e23000
core   0: 0x800023c8 (0x41b88533) sub     a0, a7, s11
core   0: 3 0x800023c8 (0x41b88533) x10 0x03fbe3b0
core   0: 0x800023cc (0x00dba033) slt     zero, s7, a3
core   0: 3 0x800023cc (0x00dba033)
core   0: 0x800023d0 (0x00ece933) or      s2, s9, a4
core   0: 3 0x800023d0 (0x00ece933) x18 0x759da000
core   0: 0x800023d4 (0x005983b3) add     t2, s3, t0
core   0: 3 0x800023d4 (0x005983b3) x 7 0x00000000
core   0: 0x800023d8 (0x402a0833) sub     a6, s4, sp
core   0: 3 0x800023d8 (0x402a0833) x16 0x7ffe731c
core   0: 0x800023dc (0x010471b3) and     gp, s0, a6
core   0: 3 0x800023dc (0x010471b3) x 3 0x00000000
core   0: 0x800023e0 (0x00453fb3) sltu    t6, a0, tp
core   0: 3 0x800023e0 (0x00453fb3) x31 0x00000000
core   0: 0x800023e4 (0x9c628513) addi    a0, t0, -1594
core   0: 3 0x800023e4 (0x9c628513) x10 0xfffff9c6
core   0: 0x800023e8 (0x025d22b3) mulhsu  t0, s10, t0
core   0: 3 0x800023e8 (0x025d22b3) x 5 0x00000000
core   0: 0x800023ec (0x406f8eb3) sub     t4, t6, t1
core   0: 3 0x800023ec (0x406f8eb3) x29 0xffffffff
core   0: 0x800023f0 (0x0154be33) sltu    t3, s1, s5
core   0: 3 0x800023f0 (0x0154be33) x28 0x00000000
core   0: 0x800023f4 (0x79fe3013) sltiu   zero, t3, 1951
core   0: 3 0x800023f4 (0x79fe3013)
core   0: 0x800023f8 (0x030ea7b3) mulhsu  a5, t4, a6
core   0: 3 0x800023f8 (0x030ea7b3) x15 0xffffffff
core   0: 0x800023fc (0xaaa9ef13) ori     t5, s3, -1366
core   0: 3 0x800023fc (0xaaa9ef13) x30 0xfffffaaa
core   0: 0x80002400 (0x5a5d5297) auipc   t0, 0x5a5d5
core   0: 3 0x80002400 (0x5a5d5297) x 5 0xda5d7400
core   0: 0x80002404 (0x7786e093) ori     ra, a3, 1912
core   0: 3 0x80002404 (0x7786e093) x 1 0xe947cff9
core   0: 0x80002408 (0xe7f3c993) xori    s3, t2, -385
core   0: 3 0x80002408 (0xe7f3c993) x19 0xfffffe7f
core   0: 0x8000240c (0x6dc07e13) andi    t3, zero, 1756
core   0: 3 0x8000240c (0x6dc07e13) x28 0x00000000
core   0: 0x80002410 (0x50db8b13) addi    s6, s7, 1293
core   0: 3 0x80002410 (0x50db8b13) x22 0x54e2350d
core   0: 0x80002414 (0x03967b33) remu    s6, a2, s9
core   0: 3 0x80002414 (0x03967b33) x22 0x04ddbb60
core   0: 0x80002418 (0x400e5d33) sra     s10, t3, zero
core   0: 3 0x80002418 (0x400e5d33) x26 0x00000000
core   0: 0x8000241c (0x008abbb3) sltu    s7, s5, s0
core   0: 3 0x8000241c (0x008abbb3) x23 0x00000000
core   0: 0x80002420 (0x01b9ff33) and     t5, s3, s11
core   0: 3 0x80002420 (0x01b9ff33) x30 0x00000000
core   0: 0x80002424 (0x41bb58b3) sra     a7, s6, s11
core   0: 3 0x80002424 (0x41bb58b3) x17 0x04ddbb60
core   0: 0x80002428 (0x01480cb3) add     s9, a6, s4
core   0: 3 0x80002428 (0x01480cb3) x25 0x7ffe731c
core   0: 0x8000242c (0x000564b3) or      s1, a0, zero
core   0: 3 0x8000242c (0x000564b3) x 9 0xfffff9c6
core   0: 0x80002430 (0x1602b1b7) lui     gp, 0x1602b
core   0: 3 0x80002430 (0x1602b1b7) x 3 0x1602b000
core   0: 0x80002434 (0x5007ff13) andi    t5, a5, 1280
core   0: 3 0x80002434 (0x5007ff13) x30 0x00000500
core   0: 0x80002438 (0x01d57333) and     t1, a0, t4
core   0: 3 0x80002438 (0x01d57333) x 6 0xfffff9c6
core   0: 0x8000243c (0x4025d013) srai    zero, a1, 2
core   0: 3 0x8000243c (0x4025d013)
core   0: 0x80002440 (0x41b90833) sub     a6, s2, s11
core   0: 3 0x80002440 (0x41b90833) x16 0x759da000
core   0: 0x80002444 (0x0088dbb3) srl     s7, a7, s0
core   0: 3 0x80002444 (0x0088dbb3) x23 0x026eddb0
core   0: 0x80002448 (0x03185233) divu    tp, a6, a7
core   0: 3 0x80002448 (0x03185233) x 4 0x00000018
core   0: 0x8000244c (0xe8d69e17) auipc   t3, 0xe8d69
core   0: 3 0x8000244c (0xe8d69e17) x28 0x68d6b44c
core   0: 0x80002450 (0x0384be33) mulhu   t3, s1, s8
core   0: 3 0x80002450 (0x0384be33) x28 0xad42bbc9
core   0: 0x80002454 (0x01115b13) srli    s6, sp, 17
core   0: 3 0x80002454 (0x01115b13) x22 0x00004000
core   0: 0x80002458 (0xea9e3d93) sltiu   s11, t3, -343
core   0: 3 0x80002458 (0xea9e3d93) x27 0x00000001
core   0: 0x8000245c (0x012e97b3) sll     a5, t4, s2
core   0: 3 0x8000245c (0x012e97b3) x15 0xffffffff
core   0: 0x80002460 (0x00322a33) slt     s4, tp, gp
core   0: 3 0x80002460 (0x00322a33) x20 0x00000001
core   0: 0x80002464 (0xd613b513) sltiu   a0, t2, -671
core   0: 3 0x80002464 (0xd613b513) x10 0x00000001
core   0: 0x80002468 (0x038999b3) mulh    s3, s3, s8
core   0: 3 0x80002468 (0x038999b3) x19 0x0000007c
core   0: 0x8000246c (0x009b0db3) add     s11, s6, s1
core   0: 3 0x8000246c (0x009b0db3) x27 0x000039c6
core   0: 0x80002470 (0x00000013) nop
core   0: 3 0x80002470 (0x00000013)
core   0: 0x80002474 (0x03f59933) mulh    s2, a1, t6
core   0: 3 0x80002474 (0x03f59933) x18 0x00000000
core   0: 0x80002478 (0x02b9d0b3) divu    ra, s3, a1
core   0: 3 0x80002478 (0x02b9d0b3) x 1 0xffffffff
core   0: 0x8000247c (0x01663bb3) sltu    s7, a2, s6
core   0: 3 0x8000247c (0x01663bb3) x23 0x00000000
core   0: 0x80002480 (0x032928b3) mulhsu  a7, s2, s2
core   0: 3 0x80002480 (0x032928b3) x17 0x00000000
core   0: 0x80002484 (0x0368d733) divu    a4, a7, s6
core   0: 3 0x80002484 (0x0368d733) x14 0x00000000
core   0: 0x80002488 (0x00d85213) srli    tp, a6, 13
core   0: 3 0x80002488 (0x00d85213) x 4 0x0003aced
core   0: 0x8000248c (0x022647b3) div     a5, a2, sp
core   0: 3 0x8000248c (0x022647b3) x15 0x00000000
core   0: 0x80002490 (0xedc0c713) xori    a4, ra, -292
core   0: 3 0x80002490 (0xedc0c713) x14 0x00000123
core   0: 0x80002494 (0x03c526b3) mulhsu  a3, a0, t3
core   0: 3 0x80002494 (0x03c526b3) x13 0x00000000
core   0: 0x80002498 (0x00000013) nop
core   0: 3 0x80002498 (0x00000013)
core   0: 0x8000249c (0x03f6e6b3) rem     a3, a3, t6
core   0: 3 0x8000249c (0x03f6e6b3) x13 0x00000000
core   0: 0x800024a0 (0x01edd893) srli    a7, s11, 30
core   0: 3 0x800024a0 (0x01edd893) x17 0x00000000
core   0: 0x800024a4 (0x00d503b3) add     t2, a0, a3
core   0: 3 0x800024a4 (0x00d503b3) x 7 0x00000001
core   0: 0x800024a8 (0x02e69fb3) mulh    t6, a3, a4
core   0: 3 0x800024a8 (0x02e69fb3) x31 0x00000000
core   0: 0x800024ac (0x02f25c33) divu    s8, tp, a5
core   0: 3 0x800024ac (0x02f25c33) x24 0xffffffff
core   0: 0x800024b0 (0x02c95b33) divu    s6, s2, a2
core   0: 3 0x800024b0 (0x02c95b33) x22 0x00000000
core   0: 0x800024b4 (0x01a0f733) and     a4, ra, s10
core   0: 3 0x800024b4 (0x01a0f733) x14 0x00000000
core   0: 0x800024b8 (0x0390eb33) rem     s6, ra, s9
core   0: 3 0x800024b8 (0x0390eb33) x22 0xffffffff
core   0: 0x800024bc (0x00b0c233) xor     tp, ra, a1
core   0: 3 0x800024bc (0x00b0c233) x 4 0xffffffff
core   0: 0x800024c0 (0x40535b93) srai    s7, t1, 5
core   0: 3 0x800024c0 (0x40535b93) x23 0xffffffce
core   0: 0x800024c4 (0x1bdd2013) slti    zero, s10, 445
core   0: 3 0x800024c4 (0x1bdd2013)
core   0: 0x800024c8 (0x46e54893) xori    a7, a0, 1134
core   0: 3 0x800024c8 (0x46e54893) x17 0x0000046f
core   0: 0x800024cc (0x41e05c33) sra     s8, zero, t5
core   0: 3 0x800024cc (0x41e05c33) x24 0x00000000
core   0: 0x800024d0 (0x00697333) and     t1, s2, t1
core   0: 3 0x800024d0 (0x00697333) x 6 0x00000000
core   0: 0x800024d4 (0x00e008b3) add     a7, zero, a4
core   0: 3 0x800024d4 (0x00e008b3) x17 0x00000000
core   0: 0x800024d8 (0x62a6f913) andi    s2, a3, 1578
core   0: 3 0x800024d8 (0x62a6f913) x18 0x00000000
core   0: 0x800024dc (0x009a4d33) xor     s10, s4, s1
core   0: 3 0x800024dc (0x009a4d33) x26 0xfffff9c7
core   0: 0x800024e0 (0x0062bc33) sltu    s8, t0, t1
core   0: 3 0x800024e0 (0x0062bc33) x24 0x00000000
core   0: 0x800024e4 (0x91528293) addi    t0, t0, -1771
core   0: 3 0x800024e4 (0x91528293) x 5 0xda5d6d15
core   0: 0x800024e8 (0x0131d033) srl     zero, gp, s3
core   0: 3 0x800024e8 (0x0131d033)
core   0: 0x800024ec (0x02456bb3) rem     s7, a0, tp
core   0: 3 0x800024ec (0x02456bb3) x23 0x00000000
core   0: 0x800024f0 (0x00214233) xor     tp, sp, sp
core   0: 3 0x800024f0 (0x00214233) x 4 0x00000000
core   0: 0x800024f4 (0x02fbbeb3) mulhu   t4, s7, a5
core   0: 3 0x800024f4 (0x02fbbeb3) x29 0x00000000
core   0: 0x800024f8 (0x40dbd733) sra     a4, s7, a3
core   0: 3 0x800024f8 (0x40dbd733) x14 0x00000000
core   0: 0x800024fc (0x02d0e4b3) rem     s1, ra, a3
core   0: 3 0x800024fc (0x02d0e4b3) x 9 0xffffffff
core   0: 0x80002500 (0xced782b7) lui     t0, 0xced78
core   0: 3 0x80002500 (0xced782b7) x 5 0xced78000
core   0: 0x80002504 (0x400e5533) sra     a0, t3, zero
core   0: 3 0x80002504 (0x400e5533) x10 0xad42bbc9
core   0: 0x80002508 (0x1d2dba13) sltiu   s4, s11, 466
core   0: 3 0x80002508 (0x1d2dba13) x20 0x00000000
core   0: 0x8000250c (0x00584933) xor     s2, a6, t0
core   0: 3 0x8000250c (0x00584933) x18 0xbb4a2000
core   0: 0x80002510 (0x00ef3a33) sltu    s4, t5, a4
core   0: 3 0x80002510 (0x00ef3a33) x20 0x00000000
core   0: 0x80002514 (0x007078b3) and     a7, zero, t2
core   0: 3 0x80002514 (0x007078b3) x17 0x00000000
core   0: 0x80002518 (0xf78b2793) slti    a5, s6, -136
core   0: 3 0x80002518 (0xf78b2793) x15 0x00000000
core   0: 0x8000251c (0x02d909b3) mul     s3, s2, a3
core   0: 3 0x8000251c (0x02d909b3) x19 0x00000000
core   0: 0x80002520 (0x412fd8b3) sra     a7, t6, s2
core   0: 3 0x80002520 (0x412fd8b3) x17 0x00000000
core   0: 0x80002524 (0x03a019b3) mulh    s3, zero, s10
core   0: 3 0x80002524 (0x03a019b3) x19 0x00000000
core   0: 0x80002528 (0x21203293) sltiu   t0, zero, 530
core   0: 3 0x80002528 (0x21203293) x 5 0x00000001
core   0: 0x8000252c (0x02d2af33) mulhsu  t5, t0, a3
core   0: 3 0x8000252c (0x02d2af33) x30 0x00000000
core   0: 0x80002530 (0x00000013) nop
core   0: 3 0x80002530 (0x00000013)
core   0: 0x80002534 (0x015cc1b3) xor     gp, s9, s5
core   0: 3 0x80002534 (0x015cc1b3) x 3 0xffff3d78
core   0: 0x80002538 (0xec5fe913) ori     s2, t6, -315
core   0: 3 0x80002538 (0xec5fe913) x18 0xfffffec5
core   0: 0x8000253c (0x40ad5333) sra     t1, s10, a0
core   0: 3 0x8000253c (0x40ad5333) x 6 0xfffffffc
core   0: 0x80002540 (0x00000013) nop
core   0: 3 0x80002540 (0x00000013)
core   0: 0x80002544 (0x06176213) ori     tp, a4, 97
core   0: 3 0x80002544 (0x06176213) x 4 0x00000061
core   0: 0x80002548 (0x82da4d17) auipc   s10, 0x82da4
core   0: 3 0x80002548 (0x82da4d17) x26 0x02da6548
core   0: 0x8000254c (0x02e99833) mulh    a6, s3, a4
core   0: 3 0x8000254c (0x02e99833) x16 0x00000000
core   0: 0x80002550 (0xd26d7c13) andi    s8, s10, -730
core   0: 3 0x80002550 (0xd26d7c13) x24 0x02da6500
core   0: 0x80002554 (0x03395f33) divu    t5, s2, s3
core   0: 3 0x80002554 (0x03395f33) x30 0xffffffff
core   0: 0x80002558 (0x02c712b3) mulh    t0, a4, a2
core   0: 3 0x80002558 (0x02c712b3) x 5 0x00000000
core   0: 0x8000255c (0x030d4eb3) div     t4, s10, a6
core   0: 3 0x8000255c (0x030d4eb3) x29 0xffffffff
core   0: 0x80002560 (0x005356b3) srl     a3, t1, t0
core   0: 3 0x80002560 (0x005356b3) x13 0xfffffffc
core   0: 0x80002564 (0x38d34293) xori    t0, t1, 909
core   0: 3 0x80002564 (0x38d34293) x 5 0xfffffc71
core   0: 0x80002568 (0x1dabf4b7) lui     s1, 0x1dabf
core   0: 3 0x80002568 (0x1dabf4b7) x 9 0x1dabf000
core   0: 0x8000256c (0x115ff293) andi    t0, t6, 277
core   0: 3 0x8000256c (0x115ff293) x 5 0x00000000
core   0: 0x80002570 (0x03c37eb3) remu    t4, t1, t3
core   0: 3 0x80002570 (0x03c37eb3) x29 0x52bd4433
core   0: 0x80002574 (0x03d33333) mulhu   t1, t1, t4
core   0: 3 0x80002574 (0x03d33333) x 6 0x52bd4431
core   0: 0x80002578 (0xf695b693) sltiu   a3, a1, -151
core   0: 3 0x80002578 (0xf695b693) x13 0x00000001
core   0: 0x8000257c (0x01d6c333) xor     t1, a3, t4
core   0: 3 0x8000257c (0x01d6c333) x 6 0x52bd4432
core   0: 0x80002580 (0x018e14b3) sll     s1, t3, s8
core   0: 3 0x80002580 (0x018e14b3) x 9 0xad42bbc9
core   0: 0x80002584 (0x41110233) sub     tp, sp, a7
core   0: 3 0x80002584 (0x41110233) x 4 0x80018ce4
core   0: 0x80002588 (0x0394a5b3) mulhsu  a1, s1, s9
core   0: 3 0x80002588 (0x0394a5b3) x11 0xd6a1de2a
core   0: 0x8000258c (0x008d00b3) add     ra, s10, s0
core   0: 3 0x8000258c (0x008d00b3) x 1 0x02da6549
core   0: 0x80002590 (0x033bfbb3) remu    s7, s7, s3
core   0: 3 0x80002590 (0x033bfbb3) x23 0x00000000
core   0: 0x80002594 (0xd684a513) slti    a0, s1, -664
core   0: 3 0x80002594 (0xd684a513) x10 0x00000001
core   0: 0x80002598 (0x4085da13) srai    s4, a1, 8
core   0: 3 0x80002598 (0x4085da13) x20 0xffd6a1de
core   0: 0x8000259c (0x03a73533) mulhu   a0, a4, s10
core   0: 3 0x8000259c (0x03a73533) x10 0x00000000
core   0: 0x800025a0 (0x40080233) sub     tp, a6, zero
core   0: 3 0x800025a0 (0x40080233) x 4 0x00000000
core   0: 0x800025a4 (0x03d4eb33) rem     s6, s1, t4
core   0: 3 0x800025a4 (0x03d4eb33) x22 0xfffffffc
core   0: 0x800025a8 (0x40bd5b33) sra     s6, s10, a1
core   0: 3 0x800025a8 (0x40bd5b33) x22 0x0000b699
core   0: 0x800025ac (0x01f571b3) and     gp, a0, t6
core   0: 3 0x800025ac (0x01f571b3) x 3 0x00000000
core   0: 0x800025b0 (0x2a0b7693) andi    a3, s6, 672
core   0: 3 0x800025b0 (0x2a0b7693) x13 0x00000280
core   0: 0x800025b4 (0x40598b33) sub     s6, s3, t0
core   0: 3 0x800025b4 (0x40598b33) x22 0x00000000
core   0: 0x800025b8 (0x007a90b3) sll     ra, s5, t2
core   0: 3 0x800025b8 (0x007a90b3) x 1 0x00029cc8
core   0: 0x800025bc (0x010ecb33) xor     s6, t4, a6
core   0: 3 0x800025bc (0x010ecb33) x22 0x52bd4433
core   0: 0x800025c0 (0x00f4f3b3) and     t2, s1, a5
core   0: 3 0x800025c0 (0x00f4f3b3) x 7 0x00000000
core   0: 0x800025c4 (0x00000013) nop
core   0: 3 0x800025c4 (0x00000013)
core   0: 0x800025c8 (0x01d89b93) slli    s7, a7, 29
core   0: 3 0x800025c8 (0x01d89b93) x23 0x00000000
core   0: 0x800025cc (0x0089e8b3) or      a7, s3, s0
core   0: 3 0x800025cc (0x0089e8b3) x17 0x00000001
core   0: 0x800025d0 (0x564a7193) andi    gp, s4, 1380
core   0: 3 0x800025d0 (0x564a7193) x 3 0x00000144
core   0: 0x800025d4 (0x7d85a293) slti    t0, a1, 2008
core   0: 3 0x800025d4 (0x7d85a293) x 5 0x00000001
core   0: 0x800025d8 (0x022c31b3) mulhu   gp, s8, sp
core   0: 3 0x800025d8 (0x022c31b3) x 3 0x016d36ec
core   0: 0x800025dc (0x02d056b3) divu    a3, zero, a3
core   0: 3 0x800025dc (0x02d056b3) x13 0x00000000
core   0: 0x800025e0 (0x01122db3) slt     s11, tp, a7
core   0: 3 0x800025e0 (0x01122db3) x27 0x00000001
core   0: 0x800025e4 (0xad4e0013) addi    zero, t3, -1324
core   0: 3 0x800025e4 (0xad4e0013)
core   0: 0x800025e8 (0x010fa4b3) slt     s1, t6, a6
core   0: 3 0x800025e8 (0x010fa4b3) x 9 0x00000000
core   0: 0x800025ec (0x03cdd6b3) divu    a3, s11, t3
core   0: 3 0x800025ec (0x03cdd6b3) x13 0x00000000
core   0: 0x800025f0 (0x02896433) rem     s0, s2, s0
core   0: 3 0x800025f0 (0x02896433) x 8 0x00000000
core   0: 0x800025f4 (0x01179993) slli    s3, a5, 17
core   0: 3 0x800025f4 (0x01179993) x19 0x00000000
core   0: 0x800025f8 (0x026ff433) remu    s0, t6, t1
core   0: 3 0x800025f8 (0x026ff433) x 8 0x00000000
core   0: 0x800025fc (0x40c055b3) sra     a1, zero, a2
core   0: 3 0x800025fc (0x40c055b3) x11 0x00000000
core   0: 0x80002600 (0x0088d713) srli    a4, a7, 8
core   0: 3 0x80002600 (0x0088d713) x14 0x00000000
core   0: 0x80002604 (0x02f6deb3) divu    t4, a3, a5
core   0: 3 0x80002604 (0x02f6deb3) x29 0xffffffff
core   0: 0x80002608 (0x003d6933) or      s2, s10, gp
core   0: 3 0x80002608 (0x003d6933) x18 0x03ff77ec
core   0: 0x8000260c (0x035e2333) mulhsu  t1, t3, s5
core   0: 3 0x8000260c (0x035e2333) x 6 0xd6a0f1d1
core   0: 0x80002610 (0x015e0433) add     s0, t3, s5
core   0: 3 0x80002610 (0x015e0433) x 8 0x2d440a2d
core   0: 0x80002614 (0x01e73fb3) sltu    t6, a4, t5
core   0: 3 0x80002614 (0x01e73fb3) x31 0x00000001
core   0: 0x80002618 (0x024d50b3) divu    ra, s10, tp
core   0: 3 0x80002618 (0x024d50b3) x 1 0xffffffff
core   0: 0x8000261c (0x9d53e313) ori     t1, t2, -1579
core   0: 3 0x8000261c (0x9d53e313) x 6 0xfffff9d5
core   0: 0x80002620 (0x009867b3) or      a5, a6, s1
core   0: 3 0x80002620 (0x009867b3) x15 0x00000000
core   0: 0x80002624 (0x873dab93) slti    s7, s11, -1933
core   0: 3 0x80002624 (0x873dab93) x23 0x00000000
core   0: 0x80002628 (0x004b5313) srli    t1, s6, 4
core   0: 3 0x80002628 (0x004b5313) x 6 0x052bd443
core   0: 0x8000262c (0x01325393) srli    t2, tp, 19
core   0: 3 0x8000262c (0x01325393) x 7 0x00000000
core   0: 0x80002630 (0x018ed033) srl     zero, t4, s8
core   0: 3 0x80002630 (0x018ed033)
core   0: 0x80002634 (0x00000013) nop
core   0: 3 0x80002634 (0x00000013)
core   0: 0x80002638 (0x43b97f13) andi    t5, s2, 1083
core   0: 3 0x80002638 (0x43b97f13) x30 0x00000428
core   0: 0x8000263c (0x40578833) sub     a6, a5, t0
core   0: 3 0x8000263c (0x40578833) x16 0xffffffff
core   0: 0x80002640 (0x40a85833) sra     a6, a6, a0
core   0: 3 0x80002640 (0x40a85833) x16 0xffffffff
core   0: 0x80002644 (0x00f6b2b3) sltu    t0, a3, a5
core   0: 3 0x80002644 (0x00f6b2b3) x 5 0x00000000
core   0: 0x80002648 (0x02e731b3) mulhu   gp, a4, a4
core   0: 3 0x80002648 (0x02e731b3) x 3 0x00000000
core   0: 0x8000264c (0x00c50833) add     a6, a0, a2
core   0: 3 0x8000264c (0x00c50833) x16 0xf018fb60
core   0: 0x80002650 (0x5be86293) ori     t0, a6, 1470
core   0: 3 0x80002650 (0x5be86293) x 5 0xf018fffe
core   0: 0x80002654 (0x0098b3b3) sltu    t2, a7, s1
core   0: 3 0x80002654 (0x0098b3b3) x 7 0x00000000
core   0: 0x80002658 (0x410155b3) sra     a1, sp, a6
core   0: 3 0x80002658 (0x410155b3) x11 0x80018ce4
core   0: 0x8000265c (0x02e5f733) remu    a4, a1, a4
core   0: 3 0x8000265c (0x02e5f733) x14 0x80018ce4
core   0: 0x80002660 (0x56bdf293) andi    t0, s11, 1387
core   0: 3 0x80002660 (0x56bdf293) x 5 0x00000001
core   0: 0x80002664 (0x51c8c437) lui     s0, 0x51c8c
core   0: 3 0x80002664 (0x51c8c437) x 8 0x51c8c000
core   0: 0x80002668 (0xa0d22213) slti    tp, tp, -1523
core   0: 3 0x80002668 (0xa0d22213) x 4 0x00000000
core   0: 0x8000266c (0x0309ba33) mulhu   s4, s3, a6
core   0: 3 0x8000266c (0x0309ba33) x20 0x00000000
core   0: 0x80002670 (0x03296b33) rem     s6, s2, s2
core   0: 3 0x80002670 (0x03296b33) x22 0x00000000
core   0: 0x80002674 (0x4162d0b3) sra     ra, t0, s6
core   0: 3 0x80002674 (0x4162d0b3) x 1 0x00000001
core   0: 0x80002678 (0x4139d533) sra     a0, s3, s3
core   0: 3 0x80002678 (0x4139d533) x10 0x00000000
core   0: 0x8000267c (0x00a0e9b3) or      s3, ra, a0
core   0: 3 0x8000267c (0x00a0e9b3) x19 0x00000001
core   0: 0x80002680 (0x00af7333) and     t1, t5, a0
core   0: 3 0x80002680 (0x00af7333) x 6 0x00000000
core   0: 0x80002684 (0x00936533) or      a0, t1, s1
core   0: 3 0x80002684 (0x00936533) x10 0x00000000
core   0: 0x80002688 (0x40348eb3) sub     t4, s1, gp
core   0: 3 0x80002688 (0x40348eb3) x29 0x00000000
core   0: 0x8000268c (0x409103b3) sub     t2, sp, s1
core   0: 3 0x8000268c (0x409103b3) x 7 0x80018ce4
core   0: 0x80002690 (0x02030333) mul     t1, t1, zero
core   0: 3 0x80002690 (0x02030333) x 6 0x00000000
core   0: 0x80002694 (0xfe367813) andi    a6, a2, -29
core   0: 3 0x80002694 (0xfe367813) x16 0xf018fb60
core   0: 0x80002698 (0x95d32313) slti    t1, t1, -1699
core   0: 3 0x80002698 (0x95d32313) x 6 0x00000000
core   0: 0x8000269c (0x4089d413) srai    s0, s3, 8
core   0: 3 0x8000269c (0x4089d413) x 8 0x00000000
core   0: 0x800026a0 (0x006c9fb3) sll     t6, s9, t1
core   0: 3 0x800026a0 (0x006c9fb3) x31 0x7ffe731c
core   0: 0x800026a4 (0x03a4f5b3) remu    a1, s1, s10
core   0: 3 0x800026a4 (0x03a4f5b3) x11 0x00000000
core   0: 0x800026a8 (0x01385333) srl     t1, a6, s3
core   0: 3 0x800026a8 (0x01385333) x 6 0x780c7db0
core   0: 0x800026ac (0x015f1993) slli    s3, t5, 21
core   0: 3 0x800026ac (0x015f1993) x19 0x85000000
core   0: 0x800026b0 (0x03302833) mulhsu  a6, zero, s3
core   0: 3 0x800026b0 (0x03302833) x16 0x00000000
core   0: 0x800026b4 (0x680c4313) xori    t1, s8, 1664
core   0: 3 0x800026b4 (0x680c4313) x 6 0x02da6380
core   0: 0x800026b8 (0x024c4f33) div     t5, s8, tp
core   0: 3 0x800026b8 (0x024c4f33) x30 0xffffffff
core   0: 0x800026bc (0x00ede4b3) or      s1, s11, a4
core   0: 3 0x800026bc (0x00ede4b3) x 9 0x80018ce5
core   0: 0x800026c0 (0x00000013) nop
core   0: 3 0x800026c0 (0x00000013)
core   0: 0x800026c4 (0x02036433) rem     s0, t1, zero
core   0: 3 0x800026c4 (0x02036433) x 8 0x02da6380
core   0: 0x800026c8 (0xf14c8c13) addi    s8, s9, -236
core   0: 3 0x800026c8 (0xf14c8c13) x24 0x7ffe7230
core   0: 0x800026cc (0x033d7db3) remu    s11, s10, s3
core   0: 3 0x800026cc (0x033d7db3) x27 0x02da6548
core   0: 0x800026d0 (0x03d37833) remu    a6, t1, t4
core   0: 3 0x800026d0 (0x03d37833) x16 0x02da6380
core   0: 0x800026d4 (0x02d52833) mulhsu  a6, a0, a3
core   0: 3 0x800026d4 (0x02d52833) x16 0x00000000
core   0: 0x800026d8 (0xdd8c8f13) addi    t5, s9, -552
core   0: 3 0x800026d8 (0xdd8c8f13) x30 0x7ffe70f4
core   0: 0x800026dc (0x02b0d0b3) divu    ra, ra, a1
core   0: 3 0x800026dc (0x02b0d0b3) x 1 0xffffffff
core   0: 0x800026e0 (0x403d5b93) srai    s7, s10, 3
core   0: 3 0x800026e0 (0x403d5b93) x23 0x005b4ca9
core   0: 0x800026e4 (0x02c71a33) mulh    s4, a4, a2
core   0: 3 0x800026e4 (0x02c71a33) x20 0x07f369a8
core   0: 0x800026e8 (0x01b46fb3) or      t6, s0, s11
core   0: 3 0x800026e8 (0x01b46fb3) x31 0x02da67c8
core   0: 0x800026ec (0x03f140b3) div     ra, sp, t6
core   0: 3 0x800026ec (0x03f140b3) x 1 0xffffffd4
core   0: 0x800026f0 (0x037ed233) divu    tp, t4, s7
core   0: 3 0x800026f0 (0x037ed233) x 4 0x00000000
core   0: 0x800026f4 (0x00071db3) sll     s11, a4, zero
core   0: 3 0x800026f4 (0x00071db3) x27 0x80018ce4
core   0: 0x800026f8 (0x95525cb7) lui     s9, 0x95525
core   0: 3 0x800026f8 (0x95525cb7) x25 0x95525000
core   0: 0x800026fc (0xef007393) andi    t2, zero, -272
core   0: 3 0x800026fc (0xef007393) x 7 0x00000000
core   0: 0x80002700 (0x005c3533) sltu    a0, s8, t0
core   0: 3 0x80002700 (0x005c3533) x10 0x00000000
core   0: 0x80002704 (0x003c4233) xor     tp, s8, gp
core   0: 3 0x80002704 (0x003c4233) x 4 0x7ffe7230
core   0: 0x80002708 (0x013ddf13) srli    t5, s11, 19
core   0: 3 0x80002708 (0x013ddf13) x30 0x00001000
core   0: 0x8000270c (0xa41ab493) sltiu   s1, s5, -1471
core   0: 3 0x8000270c (0xa41ab493) x 9 0x00000001
core   0: 0x80002710 (0x576efd97) auipc   s11, 0x576ef
core   0: 3 0x80002710 (0x576efd97) x27 0xd76f1710
core   0: 0x80002714 (0x00af7bb3) and     s7, t5, a0
core   0: 3 0x80002714 (0x00af7bb3) x23 0x00000000
core   0: 0x80002718 (0x406ab593) sltiu   a1, s5, 1030
core   0: 3 0x80002718 (0x406ab593) x11 0x00000000
core   0: 0x8000271c (0x403159b3) sra     s3, sp, gp
core   0: 3 0x8000271c (0x403159b3) x19 0x80018ce4
core   0: 0x80002720 (0x56de6013) ori     zero, t3, 1389
core   0: 3 0x80002720 (0x56de6013)
core   0: 0x80002724 (0x414f5233) sra     tp, t5, s4
core   0: 3 0x80002724 (0x414f5233) x 4 0x00000010
core   0: 0x80002728 (0x007b6e33) or      t3, s6, t2
core   0: 3 0x80002728 (0x007b6e33) x28 0x00000000
core   0: 0x8000272c (0x195fa213) slti    tp, t6, 405
core   0: 3 0x8000272c (0x195fa213) x 4 0x00000000
core   0: 0x80002730 (0x035d0433) mul     s0, s10, s5
core   0: 3 0x80002730 (0x035d0433) x 8 0x0d738020
core   0: 0x80002734 (0x013f1833) sll     a6, t5, s3
core   0: 3 0x80002734 (0x013f1833) x16 0x00010000
core   0: 0x80002738 (0x2c4bcd93) xori    s11, s7, 708
core   0: 3 0x80002738 (0x2c4bcd93) x27 0x000002c4
core   0: 0x8000273c (0xc44efd13) andi    s10, t4, -956
core   0: 3 0x8000273c (0xc44efd13) x26 0x00000000
core   0: 0x80002740 (0x0045cb33) xor     s6, a1, tp
core   0: 3 0x80002740 (0x0045cb33) x22 0x00000000
core   0: 0x80002744 (0x41e258b3) sra     a7, tp, t5
core   0: 3 0x80002744 (0x41e258b3) x17 0x00000000
core   0: 0x80002748 (0x00000013) nop
core   0: 3 0x80002748 (0x00000013)
core   0: 0x8000274c (0x00000013) nop
core   0: 3 0x8000274c (0x00000013)
core   0: 0x80002750 (0x002f2fb3) slt     t6, t5, sp
core   0: 3 0x80002750 (0x002f2fb3) x31 0x00000000
core   0: 0x80002754 (0x0110deb3) srl     t4, ra, a7
core   0: 3 0x80002754 (0x0110deb3) x29 0xffffffd4
core   0: 0x80002758 (0x023934b3) mulhu   s1, s2, gp
core   0: 3 0x80002758 (0x023934b3) x 9 0x00000000
core   0: 0x8000275c (0x03d085b3) mul     a1, ra, t4
core   0: 3 0x8000275c (0x03d085b3) x11 0x00000790
core   0: 0x80002760 (0x001d0533) add     a0, s10, ra
core   0: 3 0x80002760 (0x001d0533) x10 0xffffffd4
core   0: 0x80002764 (0xc34a7f13) andi    t5, s4, -972
core   0: 3 0x80002764 (0xc34a7f13) x30 0x07f36820
core   0: 0x80002768 (0x00b09e13) slli    t3, ra, 11
core   0: 3 0x80002768 (0x00b09e13) x28 0xfffea000
core   0: 0x8000276c (0x00e3d1b3) srl     gp, t2, a4
core   0: 3 0x8000276c (0x00e3d1b3) x 3 0x00000000
core   0: 0x80002770 (0xf9598013) addi    zero, s3, -107
core   0: 3 0x80002770 (0xf9598013)
core   0: 0x80002774 (0x41d5d433) sra     s0, a1, t4
core   0: 3 0x80002774 (0x41d5d433) x 8 0x00000000
core   0: 0x80002778 (0x3eb53713) sltiu   a4, a0, 1003
core   0: 3 0x80002778 (0x3eb53713) x14 0x00000000
core   0: 0x8000277c (0x020acfb3) div     t6, s5, zero
core   0: 3 0x8000277c (0x020acfb3) x31 0xffffffff
core   0: 0x80002780 (0xbd74c413) xori    s0, s1, -1065
core   0: 3 0x80002780 (0xbd74c413) x 8 0xfffffbd7
core   0: 0x80002784 (0x01181393) slli    t2, a6, 17
core   0: 3 0x80002784 (0x01181393) x 7 0x00000000
core   0: 0x80002788 (0x00b4af33) slt     t5, s1, a1
core   0: 3 0x80002788 (0x00b4af33) x30 0x00000001
core   0: 0x8000278c (0xb7a62893) slti    a7, a2, -1158
core   0: 3 0x8000278c (0xb7a62893) x17 0x00000001
core   0: 0x80002790 (0x029cfdb3) remu    s11, s9, s1
core   0: 3 0x80002790 (0x029cfdb3) x27 0x95525000
core   0: 0x80002794 (0x0088b3b3) sltu    t2, a7, s0
core   0: 3 0x80002794 (0x0088b3b3) x 7 0x00000001
core   0: 0x80002798 (0x405dd033) sra     zero, s11, t0
core   0: 3 0x80002798 (0x405dd033)
core   0: 0x8000279c (0x034e6533) rem     a0, t3, s4
core   0: 3 0x8000279c (0x034e6533) x10 0xfffea000
core   0: 0x800027a0 (0x00ed81b3) add     gp, s11, a4
core   0: 3 0x800027a0 (0x00ed81b3) x 3 0x95525000
core   0: 0x800027a4 (0x6a1ea017) auipc   zero, 0x6a1ea
core   0: 3 0x800027a4 (0x6a1ea017)
core   0: 0x800027a8 (0x00876eb3) or      t4, a4, s0
core   0: 3 0x800027a8 (0x00876eb3) x29 0xfffffbd7
core   0: 0x800027ac (0x418b85b3) sub     a1, s7, s8
core   0: 3 0x800027ac (0x418b85b3) x11 0x80018dd0
core   0: 0x800027b0 (0x02560e33) mul     t3, a2, t0
core   0: 3 0x800027b0 (0x02560e33) x28 0xf018fb60
core   0: 0x800027b4 (0x010e9b33) sll     s6, t4, a6
core   0: 3 0x800027b4 (0x010e9b33) x22 0xfffffbd7
core   0: 0x800027b8 (0x00c85493) srli    s1, a6, 12
core   0: 3 0x800027b8 (0x00c85493) x 9 0x00000010
core   0: 0x800027bc (0x01f1ba33) sltu    s4, gp, t6
core   0: 3 0x800027bc (0x01f1ba33) x20 0x00000001
core   0: 0x800027c0 (0x020b5333) divu    t1, s6, zero
core   0: 3 0x800027c0 (0x020b5333) x 6 0xffffffff
core   0: 0x800027c4 (0x011932b3) sltu    t0, s2, a7
core   0: 3 0x800027c4 (0x011932b3) x 5 0x00000000
core   0: 0x800027c8 (0x03053fb3) mulhu   t6, a0, a6
core   0: 3 0x800027c8 (0x03053fb3) x31 0x0000fffe
core   0: 0x800027cc (0x0d20a293) slti    t0, ra, 210
core   0: 3 0x800027cc (0x0d20a293) x 5 0x00000001
core   0: 0x800027d0 (0x01fac4b3) xor     s1, s5, t6
core   0: 3 0x800027d0 (0x01fac4b3) x 9 0x8001b19a
core   0: 0x800027d4 (0x834e0393) addi    t2, t3, -1996
core   0: 3 0x800027d4 (0x834e0393) x 7 0xf018f394
core   0: 0x800027d8 (0x1bb87893) andi    a7, a6, 443
core   0: 3 0x800027d8 (0x1bb87893) x17 0x00000000
core   0: 0x800027dc (0x02baff33) remu    t5, s5, a1
core   0: 3 0x800027dc (0x02baff33) x30 0x80014e64
core   0: 0x800027e0 (0x03b9ee33) rem     t3, s3, s11
core   0: 3 0x800027e0 (0x03b9ee33) x28 0xeaaf3ce4
core   0: 0x800027e4 (0x0350bcb3) mulhu   s9, ra, s5
core   0: 3 0x800027e4 (0x0350bcb3) x25 0x80014e4d
core   0: 0x800027e8 (0xe156fd13) andi    s10, a3, -491
core   0: 3 0x800027e8 (0xe156fd13) x26 0x00000000
core   0: 0x800027ec (0x00839eb3) sll     t4, t2, s0
core   0: 3 0x800027ec (0x00839eb3) x29 0xca000000
core   0: 0x800027f0 (0x02fc2a33) mulhsu  s4, s8, a5
core   0: 3 0x800027f0 (0x02fc2a33) x20 0x00000000
core   0: 0x800027f4 (0x029f7933) remu    s2, t5, s1
core   0: 3 0x800027f4 (0x029f7933) x18 0x80014e64
core   0: 0x800027f8 (0x03acebb3) rem     s7, s9, s10
core   0: 3 0x800027f8 (0x03acebb3) x23 0x80014e4d
core   0: 0x800027fc (0x0278ea33) rem     s4, a7, t2
core   0: 3 0x800027fc (0x0278ea33) x20 0x00000000
core   0: 0x80002800 (0x01dba033) slt     zero, s7, t4
core   0: 3 0x80002800 (0x01dba033)
core   0: 0x80002804 (0x01c76333) or      t1, a4, t3
core   0: 3 0x80002804 (0x01c76333) x 6 0xeaaf3ce4
core   0: 0x80002808 (0xc494eb13) ori     s6, s1, -951
core   0: 3 0x80002808 (0xc494eb13) x22 0xfffffddb
core   0: 0x8000280c (0x02f771b3) remu    gp, a4, a5
core   0: 3 0x8000280c (0x02f771b3) x 3 0x00000000
core   0: 0x80002810 (0x01ac08b3) add     a7, s8, s10
core   0: 3 0x80002810 (0x01ac08b3) x17 0x7ffe7230
core   0: 0x80002814 (0xe45f7813) andi    a6, t5, -443
core   0: 3 0x80002814 (0xe45f7813) x16 0x80014e44
core   0: 0x80002818 (0x02c8e4b3) rem     s1, a7, a2
core   0: 3 0x80002818 (0x02c8e4b3) x 9 0x00c64d30
core   0: 0x8000281c (0x52e87513) andi    a0, a6, 1326
core   0: 3 0x8000281c (0x52e87513) x10 0x00000404
core   0: 0x80002820 (0x018fd713) srli    a4, t6, 24
core   0: 3 0x80002820 (0x018fd713) x14 0x00000000
core   0: 0x80002824 (0x007a1a33) sll     s4, s4, t2
core   0: 3 0x80002824 (0x007a1a33) x20 0x00000000
core   0: 0x80002828 (0x00000013) nop
core   0: 3 0x80002828 (0x00000013)
core   0: 0x8000282c (0x0267e0b3) rem     ra, a5, t1
core   0: 3 0x8000282c (0x0267e0b3) x 1 0x00000000
core   0: 0x80002830 (0x037aa833) mulhsu  a6, s5, s7
core   0: 3 0x80002830 (0x037aa833) x16 0xc000000d
core   0: 0x80002834 (0x6e1a3713) sltiu   a4, s4, 1761
core   0: 3 0x80002834 (0x6e1a3713) x14 0x00000001
core   0: 0x80002838 (0x020901b3) mul     gp, s2, zero
core   0: 3 0x80002838 (0x020901b3) x 3 0x00000000
core   0: 0x8000283c (0x02f243b3) div     t2, tp, a5
core   0: 3 0x8000283c (0x02f243b3) x 7 0xffffffff
core   0: 0x80002840 (0x012652b3) srl     t0, a2, s2
core   0: 3 0x80002840 (0x012652b3) x 5 0x0f018fb6
core   0: 0x80002844 (0x41388933) sub     s2, a7, s3
core   0: 3 0x80002844 (0x41388933) x18 0xfffce54c
core   0: 0x80002848 (0x00026c33) or      s8, tp, zero
core   0: 3 0x80002848 (0x00026c33) x24 0x00000000
core   0: 0x8000284c (0x407bd733) sra     a4, s7, t2
core   0: 3 0x8000284c (0x407bd733) x14 0xffffffff
core   0: 0x80002850 (0x5a51e893) ori     a7, gp, 1445
core   0: 3 0x80002850 (0x5a51e893) x17 0x000005a5
core   0: 0x80002854 (0xca0a2813) slti    a6, s4, -864
core   0: 3 0x80002854 (0xca0a2813) x16 0x00000000
core   0: 0x80002858 (0x4096db33) sra     s6, a3, s1
core   0: 3 0x80002858 (0x4096db33) x22 0x00000000
core   0: 0x8000285c (0x03ca2eb3) mulhsu  t4, s4, t3
core   0: 3 0x8000285c (0x03ca2eb3) x29 0x00000000
core   0: 0x80002860 (0x01377533) and     a0, a4, s3
core   0: 3 0x80002860 (0x01377533) x10 0x80018ce4
core   0: 0x80002864 (0x70b58a13) addi    s4, a1, 1803
core   0: 3 0x80002864 (0x70b58a13) x20 0x800194db
core   0: 0x80002868 (0x71483b13) sltiu   s6, a6, 1812
core   0: 3 0x80002868 (0x71483b13) x22 0x00000001
core   0: 0x8000286c (0x000c1e93) slli    t4, s8, 0
core   0: 3 0x8000286c (0x000c1e93) x29 0x00000000
core   0: 0x80002870 (0x01f5eb33) or      s6, a1, t6
core   0: 3 0x80002870 (0x01f5eb33) x22 0x8001fffe
core   0: 0x80002874 (0x014e2033) slt     zero, t3, s4
core   0: 3 0x80002874 (0x014e2033)
core   0: 0x80002878 (0x034d2d33) mulhsu  s10, s10, s4
core   0: 3 0x80002878 (0x034d2d33) x26 0x00000000
core   0: 0x8000287c (0x00000013) nop
core   0: 3 0x8000287c (0x00000013)
core   0: 0x80002880 (0x98c5ee37) lui     t3, 0x98c5e
core   0: 3 0x80002880 (0x98c5ee37) x28 0x98c5e000
core   0: 0x80002884 (0x419b0733) sub     a4, s6, s9
core   0: 3 0x80002884 (0x419b0733) x14 0x0000b1b1
core   0: 0x80002888 (0x00928733) add     a4, t0, s1
core   0: 3 0x80002888 (0x00928733) x14 0x0fc7dce6
core   0: 0x8000288c (0x41fcdf93) srai    t6, s9, 31
core   0: 3 0x8000288c (0x41fcdf93) x31 0xffffffff
core   0: 0x80002890 (0x01a9d533) srl     a0, s3, s10
core   0: 3 0x80002890 (0x01a9d533) x10 0x80018ce4
core   0: 0x80002894 (0x001de6b3) or      a3, s11, ra
core   0: 3 0x80002894 (0x001de6b3) x13 0x95525000
core   0: 0x80002898 (0x0102fa33) and     s4, t0, a6
core   0: 3 0x80002898 (0x0102fa33) x20 0x00000000
core   0: 0x8000289c (0x01c04033) xor     zero, zero, t3
core   0: 3 0x8000289c (0x01c04033)
core   0: 0x800028a0 (0x03df6c33) rem     s8, t5, t4
core   0: 3 0x800028a0 (0x03df6c33) x24 0x80014e64
core   0: 0x800028a4 (0x02e1beb3) mulhu   t4, gp, a4
core   0: 3 0x800028a4 (0x02e1beb3) x29 0x00000000
core   0: 0x800028a8 (0x00f09513) slli    a0, ra, 15
core   0: 3 0x800028a8 (0x00f09513) x10 0x00000000
core   0: 0x800028ac (0x00e45b13) srli    s6, s0, 14
core   0: 3 0x800028ac (0x00e45b13) x22 0x0003ffff
core   0: 0x800028b0 (0x07870493) addi    s1, a4, 120
core   0: 3 0x800028b0 (0x07870493) x 9 0x0fc7dd5e
core   0: 0x800028b4 (0x41c30bb3) sub     s7, t1, t3
core   0: 3 0x800028b4 (0x41c30bb3) x23 0x51e95ce4
core   0: 0x800028b8 (0x42eac093) xori    ra, s5, 1070
core   0: 3 0x800028b8 (0x42eac093) x 1 0x80014a4a
core   0: 0x800028bc (0x03253933) mulhu   s2, a0, s2
core   0: 3 0x800028bc (0x03253933) x18 0x00000000
core   0: 0x800028c0 (0x025ba9b3) mulhsu  s3, s7, t0
core   0: 3 0x800028c0 (0x025ba9b3) x19 0x04cd2c56
core   0: 0x800028c4 (0x00ad8e33) add     t3, s11, a0
core   0: 3 0x800028c4 (0x00ad8e33) x28 0x95525000
core   0: 0x800028c8 (0x00fcbf33) sltu    t5, s9, a5
core   0: 3 0x800028c8 (0x00fcbf33) x30 0x00000000
core   0: 0x800028cc (0x811c0bb7) lui     s7, 0x811c0
core   0: 3 0x800028cc (0x811c0bb7) x23 0x811c0000
core   0: 0x800028d0 (0x016bd913) srli    s2, s7, 22
core   0: 3 0x800028d0 (0x016bd913) x18 0x00000204
core   0: 0x800028d4 (0x0341dbb3) divu    s7, gp, s4
core   0: 3 0x800028d4 (0x0341dbb3) x23 0xffffffff
core   0: 0x800028d8 (0x01e9c233) xor     tp, s3, t5
core   0: 3 0x800028d8 (0x01e9c233) x 4 0x04cd2c56
core   0: 0x800028dc (0x024129b3) mulhsu  s3, sp, tp
core   0: 3 0x800028dc (0x024129b3) x19 0xfd997146
core   0: 0x800028e0 (0x001cf533) and     a0, s9, ra
core   0: 3 0x800028e0 (0x001cf533) x10 0x80014a48
core   0: 0x800028e4 (0x41a257b3) sra     a5, tp, s10
core   0: 3 0x800028e4 (0x41a257b3) x15 0x04cd2c56
core   0: 0x800028e8 (0x01144833) xor     a6, s0, a7
core   0: 3 0x800028e8 (0x01144833) x16 0xfffffe72
core   0: 0x800028ec (0x6cb9cd13) xori    s10, s3, 1739
core   0: 3 0x800028ec (0x6cb9cd13) x26 0xfd99778d
core   0: 0x800028f0 (0x01da1513) slli    a0, s4, 29
core   0: 3 0x800028f0 (0x01da1513) x10 0x00000000
core   0: 0x800028f4 (0xcefcd697) auipc   a3, 0xcefcd
core   0: 3 0x800028f4 (0xcefcd697) x13 0x4efcf8f4
core   0: 0x800028f8 (0xc9c96093) ori     ra, s2, -868
core   0: 3 0x800028f8 (0xc9c96093) x 1 0xfffffe9c
core   0: 0x800028fc (0x0bd27193) andi    gp, tp, 189
core   0: 3 0x800028fc (0x0bd27193) x 3 0x00000014
core   0: 0x80002900 (0xf16c7c13) andi    s8, s8, -234
core   0: 3 0x80002900 (0xf16c7c13) x24 0x80014e04
core   0: 0x80002904 (0x034794b3) mulh    s1, a5, s4
core   0: 3 0x80002904 (0x034794b3) x 9 0x00000000
core   0: 0x80002908 (0x03500fb3) mul     t6, zero, s5
core   0: 3 0x80002908 (0x03500fb3) x31 0x00000000
core   0: 0x8000290c (0x03598d33) mul     s10, s3, s5
core   0: 3 0x8000290c (0x03598d33) x26 0x41b99358
core   0: 0x80002910 (0x00000013) nop
core   0: 3 0x80002910 (0x00000013)
core   0: 0x80002914 (0xd6ee1897) auipc   a7, 0xd6ee1
core   0: 3 0x80002914 (0xd6ee1897) x17 0x56ee3914
core   0: 0x80002918 (0x03658f33) mul     t5, a1, s6
core   0: 3 0x80002918 (0x03658f33) x30 0xb73e7230
core   0: 0x8000291c (0x40c8d8b3) sra     a7, a7, a2
core   0: 3 0x8000291c (0x40c8d8b3) x17 0x56ee3914
core   0: 0x80002920 (0x00f1d513) srli    a0, gp, 15
core   0: 3 0x80002920 (0x00f1d513) x10 0x00000000
core   0: 0x80002924 (0x01bc79b3) and     s3, s8, s11
core   0: 3 0x80002924 (0x01bc79b3) x19 0x80004000
core   0: 0x80002928 (0x014548b3) xor     a7, a0, s4
core   0: 3 0x80002928 (0x014548b3) x17 0x00000000
core   0: 0x8000292c (0x0119c0b3) xor     ra, s3, a7
core   0: 3 0x8000292c (0x0119c0b3) x 1 0x80004000
core   0: 0x80002930 (0x01164bb3) xor     s7, a2, a7
core   0: 3 0x80002930 (0x01164bb3) x23 0xf018fb60
core   0: 0x80002934 (0x00420db3) add     s11, tp, tp
core   0: 3 0x80002934 (0x00420db3) x27 0x099a58ac
core   0: 0x80002938 (0x00d91e13) slli    t3, s2, 13
core   0: 3 0x80002938 (0x00d91e13) x28 0x00408000
core   0: 0x8000293c (0x025586b3) mul     a3, a1, t0
core   0: 3 0x8000293c (0x025586b3) x13 0x9d2201e0
core   0: 0x80002940 (0x4078d793) srai    a5, a7, 7
core   0: 3 0x80002940 (0x4078d793) x15 0x00000000
core   0: 0x80002944 (0x407cd313) srai    t1, s9, 7
core   0: 3 0x80002944 (0x407cd313) x 6 0xff00029c
core   0: 0x80002948 (0x87790b13) addi    s6, s2, -1929
core   0: 3 0x80002948 (0x87790b13) x22 0xfffffa7b
core   0: 0x8000294c (0x031d4933) div     s2, s10, a7
core   0: 3 0x8000294c (0x031d4933) x18 0xffffffff
core   0: 0x80002950 (0x025dd8b3) divu    a7, s11, t0
core   0: 3 0x80002950 (0x025dd8b3) x17 0x00000000
core   0: 0x80002954 (0x06a9ae13) slti    t3, s3, 106
core   0: 3 0x80002954 (0x06a9ae13) x28 0x00000001
core   0: 0x80002958 (0x010e2f33) slt     t5, t3, a6
core   0: 3 0x80002958 (0x010e2f33) x30 0x00000000
core   0: 0x8000295c (0x41e35193) srai    gp, t1, 30
core   0: 3 0x8000295c (0x41e35193) x 3 0xffffffff
core   0: 0x80002960 (0x009e93b3) sll     t2, t4, s1
core   0: 3 0x80002960 (0x009e93b3) x 7 0x00000000
core   0: 0x80002964 (0x021e8a33) mul     s4, t4, ra
core   0: 3 0x80002964 (0x021e8a33) x20 0x00000000
core   0: 0x80002968 (0xd1b7a193) slti    gp, a5, -741
core   0: 3 0x80002968 (0xd1b7a193) x 3 0x00000000
core   0: 0x8000296c (0x03b4deb3) divu    t4, s1, s11
core   0: 3 0x8000296c (0x03b4deb3) x29 0x00000000
core   0: 0x80002970 (0x0057e833) or      a6, a5, t0
core   0: 3 0x80002970 (0x0057e833) x16 0x0f018fb6
core   0: 0x80002974 (0x1dabcf13) xori    t5, s7, 474
core   0: 3 0x80002974 (0x1dabcf13) x30 0xf018faba
core   0: 0x80002978 (0x0306a6b3) mulhsu  a3, a3, a6
core   0: 3 0x80002978 (0x0306a6b3) x13 0xfa3463bd
core   0: 0x8000297c (0x8e1763b7) lui     t2, 0x8e176
core   0: 3 0x8000297c (0x8e1763b7) x 7 0x8e176000
core   0: 0x80002980 (0x006bafb3) slt     t6, s7, t1
core   0: 3 0x80002980 (0x006bafb3) x31 0x00000001
core   0: 0x80002984 (0x01bd1493) slli    s1, s10, 27
core   0: 3 0x80002984 (0x01bd1493) x 9 0xc0000000
core   0: 0x80002988 (0x03bfafb3) mulhsu  t6, t6, s11
core   0: 3 0x80002988 (0x03bfafb3) x31 0x00000000
core   0: 0x8000298c (0x03c0cdb3) div     s11, ra, t3
core   0: 3 0x8000298c (0x03c0cdb3) x27 0x80004000
core   0: 0x80002990 (0x012577b3) and     a5, a0, s2
core   0: 3 0x80002990 (0x012577b3) x15 0x00000000
core   0: 0x80002994 (0x013f8eb3) add     t4, t6, s3
core   0: 3 0x80002994 (0x013f8eb3) x29 0x80004000
core   0: 0x80002998 (0x0057fdb3) and     s11, a5, t0
core   0: 3 0x80002998 (0x0057fdb3) x27 0x00000000
core   0: 0x8000299c (0x0272a733) mulhsu  a4, t0, t2
core   0: 3 0x8000299c (0x0272a733) x14 0x08543c7b
core   0: 0x800029a0 (0x03e57fb3) remu    t6, a0, t5
core   0: 3 0x800029a0 (0x03e57fb3) x31 0x00000000
core   0: 0x800029a4 (0x001042b3) xor     t0, zero, ra
core   0: 3 0x800029a4 (0x001042b3) x 5 0x80004000
core   0: 0x800029a8 (0x00b982b3) add     t0, s3, a1
core   0: 3 0x800029a8 (0x00b982b3) x 5 0x0001cdd0
core   0: 0x800029ac (0x616bc213) xori    tp, s7, 1558
core   0: 3 0x800029ac (0x616bc213) x 4 0xf018fd76
core   0: 0x800029b0 (0xb585a913) slti    s2, a1, -1192
core   0: 3 0x800029b0 (0xb585a913) x18 0x00000001
core   0: 0x800029b4 (0x020e1b33) mulh    s6, t3, zero
core   0: 3 0x800029b4 (0x020e1b33) x22 0x00000000
core   0: 0x800029b8 (0x00d6db13) srli    s6, a3, 13
core   0: 3 0x800029b8 (0x00d6db13) x22 0x0007d1a3
core   0: 0x800029bc (0x036db7b3) mulhu   a5, s11, s6
core   0: 3 0x800029bc (0x036db7b3) x15 0x00000000
core   0: 0x800029c0 (0x00000013) nop
core   0: 3 0x800029c0 (0x00000013)
core   0: 0x800029c4 (0x35a32793) slti    a5, t1, 858
core   0: 3 0x800029c4 (0x35a32793) x15 0x00000001
core   0: 0x800029c8 (0x005aed33) or      s10, s5, t0
core   0: 3 0x800029c8 (0x005aed33) x26 0x8001cff4
core   0: 0x800029cc (0x40025b33) sra     s6, tp, zero
core   0: 3 0x800029cc (0x40025b33) x22 0xf018fd76
core   0: 0x800029d0 (0x01d674b3) and     s1, a2, t4
core   0: 3 0x800029d0 (0x01d674b3) x 9 0x80004000
core   0: 0x800029d4 (0x00fbb4b3) sltu    s1, s7, a5
core   0: 3 0x800029d4 (0x00fbb4b3) x 9 0x00000000
core   0: 0x800029d8 (0xc3cee913) ori     s2, t4, -964
core   0: 3 0x800029d8 (0xc3cee913) x18 0xfffffc3c
core   0: 0x800029dc (0x018104b3) add     s1, sp, s8
core   0: 3 0x800029dc (0x018104b3) x 9 0x0002dae8
core   0: 0x800029e0 (0x33926913) ori     s2, tp, 825
core   0: 3 0x800029e0 (0x33926913) x18 0xf018ff7f
core   0: 0x800029e4 (0xcc33a913) slti    s2, t2, -829
core   0: 3 0x800029e4 (0xcc33a913) x18 0x00000001
core   0: 0x800029e8 (0x01a02b33) slt     s6, zero, s10
core   0: 3 0x800029e8 (0x01a02b33) x22 0x00000000
core   0: 0x800029ec (0x03acab33) mulhsu  s6, s9, s10
core   0: 3 0x800029ec (0x03acab33) x22 0xbfffbf2e
core   0: 0x800029f0 (0x00f40433) add     s0, s0, a5
core   0: 3 0x800029f0 (0x00f40433) x 8 0xfffffbd8
core   0: 0x800029f4 (0x23207093) andi    ra, zero, 562
core   0: 3 0x800029f4 (0x23207093) x 1 0x00000000
core   0: 0x800029f8 (0x034436b3) mulhu   a3, s0, s4
core   0: 3 0x800029f8 (0x034436b3) x13 0x00000000
core   0: 0x800029fc (0x034dc033) div     zero, s11, s4
core   0: 3 0x800029fc (0x034dc033)
core   0: 0x80002a00 (0x18b5a813) slti    a6, a1, 395
core   0: 3 0x80002a00 (0x18b5a813) x16 0x00000001
core   0: 0x80002a04 (0x02ddbfb3) mulhu   t6, s11, a3
core   0: 3 0x80002a04 (0x02ddbfb3) x31 0x00000000
core   0: 0x80002a08 (0x004c9313) slli    t1, s9, 4
core   0: 3 0x80002a08 (0x004c9313) x 6 0x0014e4d0
core   0: 0x80002a0c (0x0343a533) mulhsu  a0, t2, s4
core   0: 3 0x80002a0c (0x0343a533) x10 0x00000000
core   0: 0x80002a10 (0xb38fc713) xori    a4, t6, -1224
core   0: 3 0x80002a10 (0xb38fc713) x14 0xfffffb38
core   0: 0x80002a14 (0x003badb3) slt     s11, s7, gp
core   0: 3 0x80002a14 (0x003badb3) x27 0x00000001
core   0: 0x80002a18 (0x400adfb3) sra     t6, s5, zero
core   0: 3 0x80002a18 (0x400adfb3) x31 0x80014e64
core   0: 0x80002a1c (0x01deb233) sltu    tp, t4, t4
core   0: 3 0x80002a1c (0x01deb233) x 4 0x00000000
core   0: 0x80002a20 (0x01c8dbb3) srl     s7, a7, t3
core   0: 3 0x80002a20 (0x01c8dbb3) x23 0x00000000
core   0: 0x80002a24 (0x01b8c033) xor     zero, a7, s11
core   0: 3 0x80002a24 (0x01b8c033)
core   0: 0x80002a28 (0xffd80793) addi    a5, a6, -3
core   0: 3 0x80002a28 (0xffd80793) x15 0xfffffffe
core   0: 0x80002a2c (0x03806f33) rem     t5, zero, s8
core   0: 3 0x80002a2c (0x03806f33) x30 0x00000000
core   0: 0x80002a30 (0x66343913) sltiu   s2, s0, 1635
core   0: 3 0x80002a30 (0x66343913) x18 0x00000000
core   0: 0x80002a34 (0x3bd32713) slti    a4, t1, 957
core   0: 3 0x80002a34 (0x3bd32713) x14 0x00000000
core   0: 0x80002a38 (0x2b57e493) ori     s1, a5, 693
core   0: 3 0x80002a38 (0x2b57e493) x 9 0xffffffff
core   0: 0x80002a3c (0xfa5b3593) sltiu   a1, s6, -91
core   0: 3 0x80002a3c (0xfa5b3593) x11 0x00000001
core   0: 0x80002a40 (0x8993f193) andi    gp, t2, -1895
core   0: 3 0x80002a40 (0x8993f193) x 3 0x8e176000
core   0: 0x80002a44 (0x00995f93) srli    t6, s2, 9
core   0: 3 0x80002a44 (0x00995f93) x31 0x00000000
core   0: 0x80002a48 (0xbd1b3093) sltiu   ra, s6, -1071
core   0: 3 0x80002a48 (0xbd1b3093) x 1 0x00000001
core   0: 0x80002a4c (0xec9c6993) ori     s3, s8, -311
core   0: 3 0x80002a4c (0xec9c6993) x19 0xfffffecd
core   0: 0x80002a50 (0x01a02d33) slt     s10, zero, s10
core   0: 3 0x80002a50 (0x01a02d33) x26 0x00000000
core   0: 0x80002a54 (0xa3e9ce93) xori    t4, s3, -1474
core   0: 3 0x80002a54 (0xa3e9ce93) x29 0x000004f3
core   0: 0x80002a58 (0x0071f233) and     tp, gp, t2
core   0: 3 0x80002a58 (0x0071f233) x 4 0x8e176000
core   0: 0x80002a5c (0x203e4313) xori    t1, t3, 515
core   0: 3 0x80002a5c (0x203e4313) x 6 0x00000202
core   0: 0x80002a60 (0x026da0b3) mulhsu  ra, s11, t1
core   0: 3 0x80002a60 (0x026da0b3) x 1 0x00000000
core   0: 0x80002a64 (0xdb7ebd37) lui     s10, 0xdb7eb
core   0: 3 0x80002a64 (0xdb7ebd37) x26 0xdb7eb000
core   0: 0x80002a68 (0x01a4b6b3) sltu    a3, s1, s10
core   0: 3 0x80002a68 (0x01a4b6b3) x13 0x00000000
core   0: 0x80002a6c (0x8111c393) xori    t2, gp, -2031
core   0: 3 0x80002a6c (0x8111c393) x 7 0x71e89811
core   0: 0x80002a70 (0x017ff733) and     a4, t6, s7
core   0: 3 0x80002a70 (0x017ff733) x14 0x00000000
core   0: 0x80002a74 (0x006ef333) and     t1, t4, t1
core   0: 3 0x80002a74 (0x006ef333) x 6 0x00000002
core   0: 0x80002a78 (0x170cff13) andi    t5, s9, 368
core   0: 3 0x80002a78 (0x170cff13) x30 0x00000040
core   0: 0x80002a7c (0x003bb3b3) sltu    t2, s7, gp
core   0: 3 0x80002a7c (0x003bb3b3) x 7 0x00000001
core   0: 0x80002a80 (0x00c53f33) sltu    t5, a0, a2
core   0: 3 0x80002a80 (0x00c53f33) x30 0x00000001
core   0: 0x80002a84 (0x03239433) mulh    s0, t2, s2
core   0: 3 0x80002a84 (0x03239433) x 8 0x00000000
core   0: 0x80002a88 (0x0101d913) srli    s2, gp, 16
core   0: 3 0x80002a88 (0x0101d913) x18 0x00008e17
core   0: 0x80002a8c (0x00073cb3) sltu    s9, a4, zero
core   0: 3 0x80002a8c (0x00073cb3) x25 0x00000000
core   0: 0x80002a90 (0x030e17b3) mulh    a5, t3, a6
core   0: 3 0x80002a90 (0x030e17b3) x15 0x00000000
core   0: 0x80002a94 (0x0058fb33) and     s6, a7, t0
core   0: 3 0x80002a94 (0x0058fb33) x22 0x00000000
core   0: 0x80002a98 (0x4076dbb3) sra     s7, a3, t2
core   0: 3 0x80002a98 (0x4076dbb3) x23 0x00000000
core   0: 0x80002a9c (0x00d234b3) sltu    s1, tp, a3
core   0: 3 0x80002a9c (0x00d234b3) x 9 0x00000000
core   0: 0x80002aa0 (0x03564fb3) div     t6, a2, s5
core   0: 3 0x80002aa0 (0x03564fb3) x31 0x00000000
core   0: 0x80002aa4 (0x03c5a433) mulhsu  s0, a1, t3
core   0: 3 0x80002aa4 (0x03c5a433) x 8 0x00000000
core   0: 0x80002aa8 (0x00000013) nop
core   0: 3 0x80002aa8 (0x00000013)
core   0: 0x80002aac (0x5856be93) sltiu   t4, a3, 1413
core   0: 3 0x80002aac (0x5856be93) x29 0x00000001
core   0: 0x80002ab0 (0x01e8c9b3) xor     s3, a7, t5
core   0: 3 0x80002ab0 (0x01e8c9b3) x19 0x00000001
core   0: 0x80002ab4 (0x020c1bb3) mulh    s7, s8, zero
core   0: 3 0x80002ab4 (0x020c1bb3) x23 0x00000000
core   0: 0x80002ab8 (0x020421b3) mulhsu  gp, s0, zero
core   0: 3 0x80002ab8 (0x020421b3) x 3 0x00000000
core   0: 0x80002abc (0x248dfd13) andi    s10, s11, 584
core   0: 3 0x80002abc (0x248dfd13) x26 0x00000000
core   0: 0x80002ac0 (0x01f134b3) sltu    s1, sp, t6
core   0: 3 0x80002ac0 (0x01f134b3) x 9 0x00000000
core   0: 0x80002ac4 (0x8b87a197) auipc   gp, 0x8b87a
core   0: 3 0x80002ac4 (0x8b87a197) x 3 0x0b87cac4
core   0: 0x80002ac8 (0x00da83b3) add     t2, s5, a3
core   0: 3 0x80002ac8 (0x00da83b3) x 7 0x80014e64
core   0: 0x80002acc (0xa13f6d93) ori     s11, t5, -1517
core   0: 3 0x80002acc (0xa13f6d93) x27 0xfffffa13
core   0: 0x80002ad0 (0x00839993) slli    s3, t2, 8
core   0: 3 0x80002ad0 (0x00839993) x19 0x014e6400
core   0: 0x80002ad4 (0x5643b993) sltiu   s3, t2, 1380
core   0: 3 0x80002ad4 (0x5643b993) x19 0x00000000
core   0: 0x80002ad8 (0x01717bb3) and     s7, sp, s7
core   0: 3 0x80002ad8 (0x01717bb3) x23 0x00000000
core   0: 0x80002adc (0x4034deb3) sra     t4, s1, gp
core   0: 3 0x80002adc (0x4034deb3) x29 0x00000000
core   0: 0x80002ae0 (0x0051ceb3) xor     t4, gp, t0
core   0: 3 0x80002ae0 (0x0051ceb3) x29 0x0b860714
core   0: 0x80002ae4 (0x013f61b3) or      gp, t5, s3
core   0: 3 0x80002ae4 (0x013f61b3) x 3 0x00000001
core   0: 0x80002ae8 (0x0282a9b3) mulhsu  s3, t0, s0
core   0: 3 0x80002ae8 (0x0282a9b3) x19 0x00000000
core   0: 0x80002aec (0xcaf1f693) andi    a3, gp, -849
core   0: 3 0x80002aec (0xcaf1f693) x13 0x00000001
core   0: 0x80002af0 (0x00584db3) xor     s11, a6, t0
core   0: 3 0x80002af0 (0x00584db3) x27 0x0001cdd1
core   0: 0x80002af4 (0x01335b13) srli    s6, t1, 19
core   0: 3 0x80002af4 (0x01335b13) x22 0x00000000
core   0: 0x80002af8 (0xfdfee697) auipc   a3, 0xfdfee
core   0: 3 0x80002af8 (0xfdfee697) x13 0x7dff0af8
core   0: 0x80002afc (0x3758c893) xori    a7, a7, 885
core   0: 3 0x80002afc (0x3758c893) x17 0x00000375
core   0: 0x80002b00 (0x00853bb3) sltu    s7, a0, s0
core   0: 3 0x80002b00 (0x00853bb3) x23 0x00000000
core   0: 0x80002b04 (0x02e2ef33) rem     t5, t0, a4
core   0: 3 0x80002b04 (0x02e2ef33) x30 0x0001cdd0
core   0: 0x80002b08 (0x02fa8833) mul     a6, s5, a5
core   0: 3 0x80002b08 (0x02fa8833) x16 0x00000000
core   0: 0x80002b0c (0x00869493) slli    s1, a3, 8
core   0: 3 0x80002b0c (0x00869493) x 9 0xff0af800
core   0: 0x80002b10 (0x4155d6b3) sra     a3, a1, s5
core   0: 3 0x80002b10 (0x4155d6b3) x13 0x00000000
core   0: 0x80002b14 (0x08970393) addi    t2, a4, 137
core   0: 3 0x80002b14 (0x08970393) x 7 0x00000089
core   0: 0x80002b18 (0x40085693) srai    a3, a6, 0
core   0: 3 0x80002b18 (0x40085693) x13 0x00000000
core   0: 0x80002b1c (0x00000013) nop
core   0: 3 0x80002b1c (0x00000013)
core   0: 0x80002b20 (0x01109e93) slli    t4, ra, 17
core   0: 3 0x80002b20 (0x01109e93) x29 0x00000000
core   0: 0x80002b24 (0x02a67033) remu    zero, a2, a0
core   0: 3 0x80002b24 (0x02a67033)
core   0: 0x80002b28 (0x023cccb3) div     s9, s9, gp
core   0: 3 0x80002b28 (0x023cccb3) x25 0x00000000
core   0: 0x80002b2c (0x1aeabe93) sltiu   t4, s5, 430
core   0: 3 0x80002b2c (0x1aeabe93) x29 0x00000000
core   0: 0x80002b30 (0x01099b93) slli    s7, s3, 16
core   0: 3 0x80002b30 (0x01099b93) x23 0x00000000
core   0: 0x80002b34 (0x2be2a337) lui     t1, 0x2be2a
core   0: 3 0x80002b34 (0x2be2a337) x 6 0x2be2a000
core   0: 0x80002b38 (0x0262ad33) mulhsu  s10, t0, t1
core   0: 3 0x80002b38 (0x0262ad33) x26 0x00004f2a
core   0: 0x80002b3c (0x01f30a33) add     s4, t1, t6
core   0: 3 0x80002b3c (0x01f30a33) x20 0x2be2a000
core   0: 0x80002b40 (0x030dadb3) mulhsu  s11, s11, a6
core   0: 3 0x80002b40 (0x030dadb3) x27 0x00000000
core   0: 0x80002b44 (0x415d83b3) sub     t2, s11, s5
core   0: 3 0x80002b44 (0x415d83b3) x 7 0x7ffeb19c
core   0: 0x80002b48 (0x027755b3) divu    a1, a4, t2
core   0: 3 0x80002b48 (0x027755b3) x11 0x00000000
core   0: 0x80002b4c (0x02f1fbb3) remu    s7, gp, a5
core   0: 3 0x80002b4c (0x02f1fbb3) x23 0x00000001
core   0: 0x80002b50 (0x01975333) srl     t1, a4, s9
core   0: 3 0x80002b50 (0x01975333) x 6 0x00000000
core   0: 0x80002b54 (0x026d7433) remu    s0, s10, t1
core   0: 3 0x80002b54 (0x026d7433) x 8 0x00004f2a
core   0: 0x80002b58 (0x417509b3) sub     s3, a0, s7
core   0: 3 0x80002b58 (0x417509b3) x19 0xffffffff
core   0: 0x80002b5c (0x6d7ce913) ori     s2, s9, 1751
core   0: 3 0x80002b5c (0x6d7ce913) x18 0x000006d7
core   0: 0x80002b60 (0x25464793) xori    a5, a2, 596
core   0: 3 0x80002b60 (0x25464793) x15 0xf018f934
core   0: 0x80002b64 (0xef12e513) ori     a0, t0, -271
core   0: 3 0x80002b64 (0xef12e513) x10 0xfffffff1
core   0: 0x80002b68 (0x03e301b3) mul     gp, t1, t5
core   0: 3 0x80002b68 (0x03e301b3) x 3 0x00000000
core   0: 0x80002b6c (0x024c2e33) mulhsu  t3, s8, tp
core   0: 3 0x80002b6c (0x024c2e33) x28 0xb8f50964
core   0: 0x80002b70 (0x15464e13) xori    t3, a2, 340
core   0: 3 0x80002b70 (0x15464e13) x28 0xf018fa34
core   0: 0x80002b74 (0x036e8e13) addi    t3, t4, 54
core   0: 3 0x80002b74 (0x036e8e13) x28 0x00000036
core   0: 0x80002b78 (0x02263d33) mulhu   s10, a2, sp
core   0: 3 0x80002b78 (0x02263d33) x26 0x780df1ec
core   0: 0x80002b7c (0x03a60233) mul     tp, a2, s10
core   0: 3 0x80002b7c (0x03a60233) x 4 0x9f8d1c80
core   0: 0x80002b80 (0x012d08b3) add     a7, s10, s2
core   0: 3 0x80002b80 (0x012d08b3) x17 0x780df8c3
core   0: 0x80002b84 (0x016cc433) xor     s0, s9, s6
core   0: 3 0x80002b84 (0x016cc433) x 8 0x00000000
core   0: 0x80002b88 (0xaf497593) andi    a1, s2, -1292
core   0: 3 0x80002b88 (0xaf497593) x11 0x000002d4
core   0: 0x80002b8c (0x00562933) slt     s2, a2, t0
core   0: 3 0x80002b8c (0x00562933) x18 0x00000001
core   0: 0x80002b90 (0x00000013) nop
core   0: 3 0x80002b90 (0x00000013)
core   0: 0x80002b94 (0x000e16b3) sll     a3, t3, zero
core   0: 3 0x80002b94 (0x000e16b3) x13 0x00000036
core   0: 0x80002b98 (0x902b4013) xori    zero, s6, -1790
core   0: 3 0x80002b98 (0x902b4013)
core   0: 0x80002b9c (0xb8703293) sltiu   t0, zero, -1145
core   0: 3 0x80002b9c (0xb8703293) x 5 0x00000001
core   0: 0x80002ba0 (0x5cd70f13) addi    t5, a4, 1485
core   0: 3 0x80002ba0 (0x5cd70f13) x30 0x000005cd
core   0: 0x80002ba4 (0x40ac5193) srai    gp, s8, 10
core   0: 3 0x80002ba4 (0x40ac5193) x 3 0xffe00053
core   0: 0x80002ba8 (0x038c60b3) rem     ra, s8, s8
core   0: 3 0x80002ba8 (0x038c60b3) x 1 0x00000000
core   0: 0x80002bac (0x5d512793) slti    a5, sp, 1493
core   0: 3 0x80002bac (0x5d512793) x15 0x00000001
core   0: 0x80002bb0 (0x0176ebb3) or      s7, a3, s7
core   0: 3 0x80002bb0 (0x0176ebb3) x23 0x00000037
core   0: 0x80002bb4 (0x039a22b3) mulhsu  t0, s4, s9
core   0: 3 0x80002bb4 (0x039a22b3) x 5 0x00000000
core   0: 0x80002bb8 (0xb3ca2197) auipc   gp, 0xb3ca2
core   0: 3 0x80002bb8 (0xb3ca2197) x 3 0x33ca4bb8
core   0: 0x80002bbc (0x40d65d13) srai    s10, a2, 13
core   0: 3 0x80002bbc (0x40d65d13) x26 0xffff80c7
core   0: 0x80002bc0 (0x00000013) nop
core   0: 3 0x80002bc0 (0x00000013)
core   0: 0x80002bc4 (0x89db2c13) slti    s8, s6, -1891
core   0: 3 0x80002bc4 (0x89db2c13) x24 0x00000000
core   0: 0x80002bc8 (0x03b43a33) mulhu   s4, s0, s11
core   0: 3 0x80002bc8 (0x03b43a33) x20 0x00000000
core   0: 0x80002bcc (0x0068ef33) or      t5, a7, t1
core   0: 3 0x80002bcc (0x0068ef33) x30 0x780df8c3
core   0: 0x80002bd0 (0x00961833) sll     a6, a2, s1
core   0: 3 0x80002bd0 (0x00961833) x16 0xf018fb60
core   0: 0x80002bd4 (0x025d5433) divu    s0, s10, t0
core   0: 3 0x80002bd4 (0x025d5433) x 8 0xffffffff
core   0: 0x80002bd8 (0x01a69213) slli    tp, a3, 26
core   0: 3 0x80002bd8 (0x01a69213) x 4 0xd8000000
core   0: 0x80002bdc (0x00000013) nop
core   0: 3 0x80002bdc (0x00000013)
core   0: 0x80002be0 (0x027cb033) mulhu   zero, s9, t2
core   0: 3 0x80002be0 (0x027cb033)
core   0: 0x80002be4 (0x022e51b3) divu    gp, t3, sp
core   0: 3 0x80002be4 (0x022e51b3) x 3 0x00000000
core   0: 0x80002be8 (0x58fdb493) sltiu   s1, s11, 1423
core   0: 3 0x80002be8 (0x58fdb493) x 9 0x00000001
core   0: 0x80002bec (0x023e5bb3) divu    s7, t3, gp
core   0: 3 0x80002bec (0x023e5bb3) x23 0xffffffff
core   0: 0x80002bf0 (0xaeb73c13) sltiu   s8, a4, -1301
core   0: 3 0x80002bf0 (0xaeb73c13) x24 0x00000001
core   0: 0x80002bf4 (0x009d9a13) slli    s4, s11, 9
core   0: 3 0x80002bf4 (0x009d9a13) x20 0x00000000
core   0: 0x80002bf8 (0x403b05b3) sub     a1, s6, gp
core   0: 3 0x80002bf8 (0x403b05b3) x11 0x00000000
core   0: 0x80002bfc (0x00eaf933) and     s2, s5, a4
core   0: 3 0x80002bfc (0x00eaf933) x18 0x00000000
core   0: 0x80002c00 (0x0bef3d93) sltiu   s11, t5, 190
core   0: 3 0x80002c00 (0x0bef3d93) x27 0x00000000
core   0: 0x80002c04 (0x404f8e33) sub     t3, t6, tp
core   0: 3 0x80002c04 (0x404f8e33) x28 0x28000000
core   0: 0x80002c08 (0x010dfeb3) and     t4, s11, a6
core   0: 3 0x80002c08 (0x010dfeb3) x29 0x00000000
core   0: 0x80002c0c (0x03d980b3) mul     ra, s3, t4
core   0: 3 0x80002c0c (0x03d980b3) x 1 0x00000000
core   0: 0x80002c10 (0x0139ceb3) xor     t4, s3, s3
core   0: 3 0x80002c10 (0x0139ceb3) x29 0x00000000
core   0: 0x80002c14 (0x03e67233) remu    tp, a2, t5
core   0: 3 0x80002c14 (0x03e67233) x 4 0x780b029d
core   0: 0x80002c18 (0xc34eb993) sltiu   s3, t4, -972
core   0: 3 0x80002c18 (0xc34eb993) x19 0x00000001
core   0: 0x80002c1c (0x03a292b3) mulh    t0, t0, s10
core   0: 3 0x80002c1c (0x03a292b3) x 5 0x00000000
core   0: 0x80002c20 (0x7c10ce93) xori    t4, ra, 1985
core   0: 3 0x80002c20 (0x7c10ce93) x29 0x000007c1
core   0: 0x80002c24 (0x03a4e9b3) rem     s3, s1, s10
core   0: 3 0x80002c24 (0x03a4e9b3) x19 0x00000001
core   0: 0x80002c28 (0x9698e537) lui     a0, 0x9698e
core   0: 3 0x80002c28 (0x9698e537) x10 0x9698e000
core   0: 0x80002c2c (0x00b0b2b3) sltu    t0, ra, a1
core   0: 3 0x80002c2c (0x00b0b2b3) x 5 0x00000000
core   0: 0x80002c30 (0x9a67f693) andi    a3, a5, -1626
core   0: 3 0x80002c30 (0x9a67f693) x13 0x00000000
core   0: 0x80002c34 (0x01ea55b3) srl     a1, s4, t5
core   0: 3 0x80002c34 (0x01ea55b3) x11 0x00000000
core   0: 0x80002c38 (0x02e23cb3) mulhu   s9, tp, a4
core   0: 3 0x80002c38 (0x02e23cb3) x25 0x00000000
core   0: 0x80002c3c (0x0368b6b3) mulhu   a3, a7, s6
core   0: 3 0x80002c3c (0x0368b6b3) x13 0x00000000
core   0: 0x80002c40 (0x004bc4b3) xor     s1, s7, tp
core   0: 3 0x80002c40 (0x004bc4b3) x 9 0x87f4fd62
core   0: 0x80002c44 (0x03c59eb3) mulh    t4, a1, t3
core   0: 3 0x80002c44 (0x03c59eb3) x29 0x00000000
core   0: 0x80002c48 (0x010f21b3) slt     gp, t5, a6
core   0: 3 0x80002c48 (0x010f21b3) x 3 0x00000000
core   0: 0x80002c4c (0x034c6f33) rem     t5, s8, s4
core   0: 3 0x80002c4c (0x034c6f33) x30 0x00000001
core   0: 0x80002c50 (0x007fddb3) srl     s11, t6, t2
core   0: 3 0x80002c50 (0x007fddb3) x27 0x00000000
core   0: 0x80002c54 (0x03a8f9b3) remu    s3, a7, s10
core   0: 3 0x80002c54 (0x03a8f9b3) x19 0x780df8c3
core   0: 0x80002c58 (0x2610c537) lui     a0, 0x2610c
core   0: 3 0x80002c58 (0x2610c537) x10 0x2610c000
core   0: 0x80002c5c (0x01c202b3) add     t0, tp, t3
core   0: 3 0x80002c5c (0x01c202b3) x 5 0xa00b029d
core   0: 0x80002c60 (0x031f9b33) mulh    s6, t6, a7
core   0: 3 0x80002c60 (0x031f9b33) x22 0x00000000
core   0: 0x80002c64 (0x018370b3) and     ra, t1, s8
core   0: 3 0x80002c64 (0x018370b3) x 1 0x00000000
core   0: 0x80002c68 (0x6bca6293) ori     t0, s4, 1724
core   0: 3 0x80002c68 (0x6bca6293) x 5 0x000006bc
core   0: 0x80002c6c (0xffcae9b7) lui     s3, 0xffcae
core   0: 3 0x80002c6c (0xffcae9b7) x19 0xffcae000
core   0: 0x80002c70 (0x9cdc0893) addi    a7, s8, -1587
core   0: 3 0x80002c70 (0x9cdc0893) x17 0xfffff9ce
core   0: 0x80002c74 (0x03d289b3) mul     s3, t0, t4
core   0: 3 0x80002c74 (0x03d289b3) x19 0x00000000
core   0: 0x80002c78 (0x003001b3) add     gp, zero, gp
core   0: 3 0x80002c78 (0x003001b3) x 3 0x00000000
core   0: 0x80002c7c (0x41ab8c33) sub     s8, s7, s10
core   0: 3 0x80002c7c (0x41ab8c33) x24 0x00007f38
core   0: 0x80002c80 (0x005d85b3) add     a1, s11, t0
core   0: 3 0x80002c80 (0x005d85b3) x11 0x000006bc
core   0: 0x80002c84 (0x01e39213) slli    tp, t2, 30
core   0: 3 0x80002c84 (0x01e39213) x 4 0x00000000
core   0: 0x80002c88 (0x0231b2b3) mulhu   t0, gp, gp
core   0: 3 0x80002c88 (0x0231b2b3) x 5 0x00000000
core   0: 0x80002c8c (0x9b78e413) ori     s0, a7, -1609
core   0: 3 0x80002c8c (0x9b78e413) x 8 0xfffff9ff
core   0: 0x80002c90 (0xcf170e13) addi    t3, a4, -783
core   0: 3 0x80002c90 (0xcf170e13) x28 0xfffffcf1
core   0: 0x80002c94 (0x020f32b3) mulhu   t0, t5, zero
core   0: 3 0x80002c94 (0x020f32b3) x 5 0x00000000
core   0: 0x80002c98 (0x010a42b3) xor     t0, s4, a6
core   0: 3 0x80002c98 (0x010a42b3) x 5 0xf018fb60
core   0: 0x80002c9c (0x001aac33) slt     s8, s5, ra
core   0: 3 0x80002c9c (0x001aac33) x24 0x00000001
core   0: 0x80002ca0 (0x03749533) mulh    a0, s1, s7
core   0: 3 0x80002ca0 (0x03749533) x10 0x00000000
core   0: 0x80002ca4 (0x40238e33) sub     t3, t2, sp
core   0: 3 0x80002ca4 (0x40238e33) x28 0xfffd24b8
core   0: 0x80002ca8 (0x40eadc33) sra     s8, s5, a4
core   0: 3 0x80002ca8 (0x40eadc33) x24 0x80014e64
core   0: 0x80002cac (0xdb27e413) ori     s0, a5, -590
core   0: 3 0x80002cac (0xdb27e413) x 8 0xfffffdb3
core   0: 0x80002cb0 (0x00000013) nop
core   0: 3 0x80002cb0 (0x00000013)
core   0: 0x80002cb4 (0x00000013) nop
core   0: 3 0x80002cb4 (0x00000013)
core   0: 0x80002cb8 (0x00b9a4b3) slt     s1, s3, a1
core   0: 3 0x80002cb8 (0x00b9a4b3) x 9 0x00000001
core   0: 0x80002cbc (0x4042de93) srai    t4, t0, 4
core   0: 3 0x80002cbc (0x4042de93) x29 0xff018fb6
core   0: 0x80002cc0 (0x01910b33) add     s6, sp, s9
core   0: 3 0x80002cc0 (0x01910b33) x22 0x80018ce4
core   0: 0x80002cc4 (0x22e88313) addi    t1, a7, 558
core   0: 3 0x80002cc4 (0x22e88313) x 6 0xfffffbfc
core   0: 0x80002cc8 (0x02a8c833) div     a6, a7, a0
core   0: 3 0x80002cc8 (0x02a8c833) x16 0xffffffff
core   0: 0x80002ccc (0x01261433) sll     s0, a2, s2
core   0: 3 0x80002ccc (0x01261433) x 8 0xf018fb60
core   0: 0x80002cd0 (0x03eeb3b3) mulhu   t2, t4, t5
core   0: 3 0x80002cd0 (0x03eeb3b3) x 7 0x00000000
core   0: 0x80002cd4 (0x02173733) mulhu   a4, a4, ra
core   0: 3 0x80002cd4 (0x02173733) x14 0x00000000
core   0: 0x80002cd8 (0x01e5ccb3) xor     s9, a1, t5
core   0: 3 0x80002cd8 (0x01e5ccb3) x25 0x000006bd
core   0: 0x80002cdc (0xbcc41337) lui     t1, 0xbcc41
core   0: 3 0x80002cdc (0xbcc41337) x 6 0xbcc41000
core   0: 0x80002ce0 (0x503b3c97) auipc   s9, 0x503b3
core   0: 3 0x80002ce0 (0x503b3c97) x25 0xd03b5ce0
core   0: 0x80002ce4 (0x00f779b3) and     s3, a4, a5
core   0: 3 0x80002ce4 (0x00f779b3) x19 0x00000000
core   0: 0x80002ce8 (0x031ee333) rem     t1, t4, a7
core   0: 3 0x80002ce8 (0x031ee333) x 6 0xfffffb08
core   0: 0x80002cec (0x00a9a933) slt     s2, s3, a0
core   0: 3 0x80002cec (0x00a9a933) x18 0x00000000
core   0: 0x80002cf0 (0x03bb00b3) mul     ra, s6, s11
core   0: 3 0x80002cf0 (0x03bb00b3) x 1 0x00000000
core   0: 0x80002cf4 (0x028cbbb3) mulhu   s7, s9, s0
core   0: 3 0x80002cf4 (0x028cbbb3) x23 0xc34bf91a
core   0: 0x80002cf8 (0x9a2ead93) slti    s11, t4, -1630
core   0: 3 0x80002cf8 (0x9a2ead93) x27 0x00000001
core   0: 0x80002cfc (0x0081d013) srli    zero, gp, 8
core   0: 3 0x80002cfc (0x0081d013)
core   0: 0x80002d00 (0x07c9c013) xori    zero, s3, 124
core   0: 3 0x80002d00 (0x07c9c013)
core   0: 0x80002d04 (0x012db933) sltu    s2, s11, s2
core   0: 3 0x80002d04 (0x012db933) x18 0x00000000
core   0: 0x80002d08 (0x02b29bb3) mulh    s7, t0, a1
core   0: 3 0x80002d08 (0x02b29bb3) x23 0xffffff94
core   0: 0x80002d0c (0x00529c93) slli    s9, t0, 5
core   0: 3 0x80002d0c (0x00529c93) x25 0x031f6c00
core   0: 0x80002d10 (0x0048f433) and     s0, a7, tp
core   0: 3 0x80002d10 (0x0048f433) x 8 0x00000000
core   0: 0x80002d14 (0x02194db3) div     s11, s2, ra
core   0: 3 0x80002d14 (0x02194db3) x27 0xffffffff
core   0: 0x80002d18 (0xaa51d997) auipc   s3, 0xaa51d
core   0: 3 0x80002d18 (0xaa51d997) x19 0x2a51fd18
core   0: 0x80002d1c (0x42df2697) auipc   a3, 0x42df2
core   0: 3 0x80002d1c (0x42df2697) x13 0xc2df4d1c
core   0: 0x80002d20 (0x5439e393) ori     t2, s3, 1347
core   0: 3 0x80002d20 (0x5439e393) x 7 0x2a51fd5b
core   0: 0x80002d24 (0x012ff6b3) and     a3, t6, s2
core   0: 3 0x80002d24 (0x012ff6b3) x13 0x00000000
core   0: 0x80002d28 (0xe0378313) addi    t1, a5, -509
core   0: 3 0x80002d28 (0xe0378313) x 6 0xfffffe04
core   0: 0x80002d2c (0x7c1a3093) sltiu   ra, s4, 1985
core   0: 3 0x80002d2c (0x7c1a3093) x 1 0x00000001
core   0: 0x80002d30 (0x00498eb3) add     t4, s3, tp
core   0: 3 0x80002d30 (0x00498eb3) x29 0x2a51fd18
core   0: 0x80002d34 (0xed252593) slti    a1, a0, -302
core   0: 3 0x80002d34 (0xed252593) x11 0x00000000
core   0: 0x80002d38 (0x25af5417) auipc   s0, 0x25af5
core   0: 3 0x80002d38 (0x25af5417) x 8 0xa5af7d38
core   0: 0x80002d3c (0x0069f433) and     s0, s3, t1
core   0: 3 0x80002d3c (0x0069f433) x 8 0x2a51fc00
core   0: 0x80002d40 (0x57a77f13) andi    t5, a4, 1402
core   0: 3 0x80002d40 (0x57a77f13) x30 0x00000000
core   0: 0x80002d44 (0x01ce30b3) sltu    ra, t3, t3
core   0: 3 0x80002d44 (0x01ce30b3) x 1 0x00000000
core   0: 0x80002d48 (0x03cc5733) divu    a4, s8, t3
core   0: 3 0x80002d48 (0x03cc5733) x14 0x00000000
core   0: 0x80002d4c (0x41580a33) sub     s4, a6, s5
core   0: 3 0x80002d4c (0x41580a33) x20 0x7ffeb19b
core   0: 0x80002d50 (0x00000013) nop
core   0: 3 0x80002d50 (0x00000013)
core   0: 0x80002d54 (0x02d0a933) mulhsu  s2, ra, a3
core   0: 3 0x80002d54 (0x02d0a933) x18 0x00000000
core   0: 0x80002d58 (0x03e288b3) mul     a7, t0, t5
core   0: 3 0x80002d58 (0x03e288b3) x17 0x00000000
core   0: 0x80002d5c (0x031b48b3) div     a7, s6, a7
core   0: 3 0x80002d5c (0x031b48b3) x17 0xffffffff
core   0: 0x80002d60 (0x03f8d3b3) divu    t2, a7, t6
core   0: 3 0x80002d60 (0x03f8d3b3) x 7 0xffffffff
core   0: 0x80002d64 (0x07017813) andi    a6, sp, 112
core   0: 3 0x80002d64 (0x07017813) x16 0x00000060
core   0: 0x80002d68 (0x40a15033) sra     zero, sp, a0
core   0: 3 0x80002d68 (0x40a15033)
core   0: 0x80002d6c (0x02b53eb3) mulhu   t4, a0, a1
core   0: 3 0x80002d6c (0x02b53eb3) x29 0x00000000
core   0: 0x80002d70 (0x023db5b3) mulhu   a1, s11, gp
core   0: 3 0x80002d70 (0x023db5b3) x11 0x00000000
core   0: 0x80002d74 (0x0021b0b3) sltu    ra, gp, sp
core   0: 3 0x80002d74 (0x0021b0b3) x 1 0x00000001
core   0: 0x80002d78 (0x025bf6b3) remu    a3, s7, t0
core   0: 3 0x80002d78 (0x025bf6b3) x13 0x0fe70434
core   0: 0x80002d7c (0x03833933) mulhu   s2, t1, s8
core   0: 3 0x80002d7c (0x03833933) x18 0x80014d65
core   0: 0x80002d80 (0x011830b3) sltu    ra, a6, a7
core   0: 3 0x80002d80 (0x011830b3) x 1 0x00000001
core   0: 0x80002d84 (0x52892913) slti    s2, s2, 1320
core   0: 3 0x80002d84 (0x52892913) x18 0x00000001
core   0: 0x80002d88 (0xb0c33717) auipc   a4, 0xb0c33
core   0: 3 0x80002d88 (0xb0c33717) x14 0x30c35d88
core   0: 0x80002d8c (0x02dabbb3) mulhu   s7, s5, a3
core   0: 3 0x80002d8c (0x02dabbb3) x23 0x07f396df
core   0: 0x80002d90 (0x00000013) nop
core   0: 3 0x80002d90 (0x00000013)
core   0: 0x80002d94 (0x40fad5b3) sra     a1, s5, a5
core   0: 3 0x80002d94 (0x40fad5b3) x11 0xc000a732
core   0: 0x80002d98 (0x01f2b533) sltu    a0, t0, t6
core   0: 3 0x80002d98 (0x01f2b533) x10 0x00000000
core   0: 0x80002d9c (0x0397fd33) remu    s10, a5, s9
core   0: 3 0x80002d9c (0x0397fd33) x26 0x00000001
core   0: 0x80002da0 (0x028e3833) mulhu   a6, t3, s0
core   0: 3 0x80002da0 (0x028e3833) x16 0x2a51831b
core   0: 0x80002da4 (0x0126d493) srli    s1, a3, 18
core   0: 3 0x80002da4 (0x0126d493) x 9 0x000003f9
core   0: 0x80002da8 (0x40da5fb3) sra     t6, s4, a3
core   0: 3 0x80002da8 (0x40da5fb3) x31 0x000007ff
core   0: 0x80002dac (0x030b18b3) mulh    a7, s6, a6
core   0: 3 0x80002dac (0x030b18b3) x17 0xead7800e
core   0: 0x80002db0 (0x029cb8b3) mulhu   a7, s9, s1
core   0: 3 0x80002db0 (0x029cb8b3) x17 0x0000000c
core   0: 0x80002db4 (0x00af1e33) sll     t3, t5, a0
core   0: 3 0x80002db4 (0x00af1e33) x28 0x00000000
core   0: 0x80002db8 (0x03dc2033) mulhsu  zero, s8, t4
core   0: 3 0x80002db8 (0x03dc2033)
core   0: 0x80002dbc (0x03c50533) mul     a0, a0, t3
core   0: 3 0x80002dbc (0x03c50533) x10 0x00000000
core   0: 0x80002dc0 (0x02a8e6b3) rem     a3, a7, a0
core   0: 3 0x80002dc0 (0x02a8e6b3) x13 0x0000000c
core   0: 0x80002dc4 (0x01539e13) slli    t3, t2, 21
core   0: 3 0x80002dc4 (0x01539e13) x28 0xffe00000
core   0: 0x80002dc8 (0x01ac4833) xor     a6, s8, s10
core   0: 3 0x80002dc8 (0x01ac4833) x16 0x80014e65
core   0: 0x80002dcc (0x3c6d0c93) addi    s9, s10, 966
core   0: 3 0x80002dcc (0x3c6d0c93) x25 0x000003c7
core   0: 0x80002dd0 (0x0392e3b3) rem     t2, t0, s9
core   0: 3 0x80002dd0 (0x0392e3b3) x 7 0xffffffd9
core   0: 0x80002dd4 (0xe6813513) sltiu   a0, sp, -408
core   0: 3 0x80002dd4 (0xe6813513) x10 0x00000001
core   0: 0x80002dd8 (0x00ec3333) sltu    t1, s8, a4
core   0: 3 0x80002dd8 (0x00ec3333) x 6 0x00000000
core   0: 0x80002ddc (0x0167d2b3) srl     t0, a5, s6
core   0: 3 0x80002ddc (0x0167d2b3) x 5 0x00000000
core   0: 0x80002de0 (0x02be3bb3) mulhu   s7, t3, a1
core   0: 3 0x80002de0 (0x02be3bb3) x23 0xbfe8a71d
core   0: 0x80002de4 (0x01d06533) or      a0, zero, t4
core   0: 3 0x80002de4 (0x01d06533) x10 0x00000000
core   0: 0x80002de8 (0x00000013) nop
core   0: 3 0x80002de8 (0x00000013)
core   0: 0x80002dec (0xb029b597) auipc   a1, 0xb029b
core   0: 3 0x80002dec (0xb029b597) x11 0x3029ddec
core   0: 0x80002df0 (0x41d08333) sub     t1, ra, t4
core   0: 3 0x80002df0 (0x41d08333) x 6 0x00000001
core   0: 0x80002df4 (0x00fb9f93) slli    t6, s7, 15
core   0: 3 0x80002df4 (0x00fb9f93) x31 0x538e8000
core   0: 0x80002df8 (0x821de213) ori     tp, s11, -2015
core   0: 3 0x80002df8 (0x821de213) x 4 0xffffffff
core   0: 0x80002dfc (0x01fa8f33) add     t5, s5, t6
core   0: 3 0x80002dfc (0x01fa8f33) x30 0xd38fce64
core   0: 0x80002e00 (0x00d95e13) srli    t3, s2, 13
core   0: 3 0x80002e00 (0x00d95e13) x28 0x00000000
core   0: 0x80002e04 (0x00faf433) and     s0, s5, a5
core   0: 3 0x80002e04 (0x00faf433) x 8 0x00000000
core   0: 0x80002e08 (0x00000013) nop
core   0: 3 0x80002e08 (0x00000013)
core   0: 0x80002e0c (0x03120433) mul     s0, tp, a7
core   0: 3 0x80002e0c (0x03120433) x 8 0xfffffff4
core   0: 0x80002e10 (0x03949533) mulh    a0, s1, s9
core   0: 3 0x80002e10 (0x03949533) x10 0x00000000
core   0: 0x80002e14 (0xe8c84493) xori    s1, a6, -372
core   0: 3 0x80002e14 (0xe8c84493) x 9 0x7ffeb0e9
core   0: 0x80002e18 (0x65c5c337) lui     t1, 0x65c5c
core   0: 3 0x80002e18 (0x65c5c337) x 6 0x65c5c000
core   0: 0x80002e1c (0x02a20733) mul     a4, tp, a0
core   0: 3 0x80002e1c (0x02a20733) x14 0x00000000
core   0: 0x80002e20 (0x3b41f693) andi    a3, gp, 948
core   0: 3 0x80002e20 (0x3b41f693) x13 0x00000000
core   0: 0x80002e24 (0x00ec0533) add     a0, s8, a4
core   0: 3 0x80002e24 (0x00ec0533) x10 0x80014e64
core   0: 0x80002e28 (0x41e387b3) sub     a5, t2, t5
core   0: 3 0x80002e28 (0x41e387b3) x15 0x2c703175
core   0: 0x80002e2c (0x037f9533) mulh    a0, t6, s7
core   0: 3 0x80002e2c (0x037f9533) x10 0xeb14c12f
core   0: 0x80002e30 (0x020efc33) remu    s8, t4, zero
core   0: 3 0x80002e30 (0x020efc33) x24 0x00000000
core   0: 0x80002e34 (0x400201b3) sub     gp, tp, zero
core   0: 3 0x80002e34 (0x400201b3) x 3 0xffffffff
core   0: 0x80002e38 (0x79273993) sltiu   s3, a4, 1938
core   0: 3 0x80002e38 (0x79273993) x19 0x00000001
core   0: 0x80002e3c (0x00b857b3) srl     a5, a6, a1
core   0: 3 0x80002e3c (0x00b857b3) x15 0x00080014
core   0: 0x80002e40 (0x032718b3) mulh    a7, a4, s2
core   0: 3 0x80002e40 (0x032718b3) x17 0x00000000
core   0: 0x80002e44 (0x78ae0d13) addi    s10, t3, 1930
core   0: 3 0x80002e44 (0x78ae0d13) x26 0x0000078a
core   0: 0x80002e48 (0xb8dc9717) auipc   a4, 0xb8dc9
core   0: 3 0x80002e48 (0xb8dc9717) x14 0x38dcbe48
core   0: 0x80002e4c (0xb1476013) ori     zero, a4, -1260
core   0: 3 0x80002e4c (0xb1476013)
core   0: 0x80002e50 (0x015dd693) srli    a3, s11, 21
core   0: 3 0x80002e50 (0x015dd693) x13 0x000007ff
core   0: 0x80002e54 (0x01fccb33) xor     s6, s9, t6
core   0: 3 0x80002e54 (0x01fccb33) x22 0x538e83c7
core   0: 0x80002e58 (0x001f2233) slt     tp, t5, ra
core   0: 3 0x80002e58 (0x001f2233) x 4 0x00000001
core   0: 0x80002e5c (0xb0f33893) sltiu   a7, t1, -1265
core   0: 3 0x80002e5c (0xb0f33893) x17 0x00000001
core   0: 0x80002e60 (0x01be5413) srli    s0, t3, 27
core   0: 3 0x80002e60 (0x01be5413) x 8 0x00000000
core   0: 0x80002e64 (0x011fd033) srl     zero, t6, a7
core   0: 3 0x80002e64 (0x011fd033)
core   0: 0x80002e68 (0x0078dd93) srli    s11, a7, 7
core   0: 3 0x80002e68 (0x0078dd93) x27 0x00000000
core   0: 0x80002e6c (0x03d22733) mulhsu  a4, tp, t4
core   0: 3 0x80002e6c (0x03d22733) x14 0x00000000
core   0: 0x80002e70 (0x4438e793) ori     a5, a7, 1091
core   0: 3 0x80002e70 (0x4438e793) x15 0x00000443
core   0: 0x80002e74 (0x006c38b3) sltu    a7, s8, t1
core   0: 3 0x80002e74 (0x006c38b3) x17 0x00000001
core   0: 0x80002e78 (0x01a11bb3) sll     s7, sp, s10
core   0: 3 0x80002e78 (0x01a11bb3) x23 0x06339000
core   0: 0x80002e7c (0x40f75213) srai    tp, a4, 15
core   0: 3 0x80002e7c (0x40f75213) x 4 0x00000000
core   0: 0x80002e80 (0x02dc5933) divu    s2, s8, a3
core   0: 3 0x80002e80 (0x02dc5933) x18 0x00000000
core   0: 0x80002e84 (0x01c781b3) add     gp, a5, t3
core   0: 3 0x80002e84 (0x01c781b3) x 3 0x00000443
core   0: 0x80002e88 (0x0313c933) div     s2, t2, a7
core   0: 3 0x80002e88 (0x0313c933) x18 0xffffffd9
core   0: 0x80002e8c (0x00ec6fb3) or      t6, s8, a4
core   0: 3 0x80002e8c (0x00ec6fb3) x31 0x00000000
core   0: 0x80002e90 (0x03b2ab33) mulhsu  s6, t0, s11
core   0: 3 0x80002e90 (0x03b2ab33) x22 0x00000000
core   0: 0x80002e94 (0x02aef4b3) remu    s1, t4, a0
core   0: 3 0x80002e94 (0x02aef4b3) x 9 0x00000000
core   0: 0x80002e98 (0x4f842793) slti    a5, s0, 1272
core   0: 3 0x80002e98 (0x4f842793) x15 0x00000001
core   0: 0x80002e9c (0x012ad913) srli    s2, s5, 18
core   0: 3 0x80002e9c (0x012ad913) x18 0x00002000
core   0: 0x80002ea0 (0xcc4ce493) ori     s1, s9, -828
core   0: 3 0x80002ea0 (0xcc4ce493) x 9 0xffffffc7
core   0: 0x80002ea4 (0x021d3bb3) mulhu   s7, s10, ra
core   0: 3 0x80002ea4 (0x021d3bb3) x23 0x00000000
core   0: 0x80002ea8 (0x034834b3) mulhu   s1, a6, s4
core   0: 3 0x80002ea8 (0x034834b3) x 9 0x3ffffffe
core   0: 0x80002eac (0x0368b2b3) mulhu   t0, a7, s6
core   0: 3 0x80002eac (0x0368b2b3) x 5 0x00000000
core   0: 0x80002eb0 (0x01f10bb3) add     s7, sp, t6
core   0: 3 0x80002eb0 (0x01f10bb3) x23 0x80018ce4
core   0: 0x80002eb4 (0x99d8b337) lui     t1, 0x99d8b
core   0: 3 0x80002eb4 (0x99d8b337) x 6 0x99d8b000
core   0: 0x80002eb8 (0x01ae5933) srl     s2, t3, s10
core   0: 3 0x80002eb8 (0x01ae5933) x18 0x00000000
core   0: 0x80002ebc (0x41b4d693) srai    a3, s1, 27
core   0: 3 0x80002ebc (0x41b4d693) x13 0x00000007
core   0: 0x80002ec0 (0x0255bbb3) mulhu   s7, a1, t0
core   0: 3 0x80002ec0 (0x0255bbb3) x23 0x00000000
core   0: 0x80002ec4 (0x00141a33) sll     s4, s0, ra
core   0: 3 0x80002ec4 (0x00141a33) x20 0x00000000
core   0: 0x80002ec8 (0x00891513) slli    a0, s2, 8
core   0: 3 0x80002ec8 (0x00891513) x10 0x00000000
core   0: 0x80002ecc (0x03a10f33) mul     t5, sp, s10
core   0: 3 0x80002ecc (0x03a10f33) x30 0x0bb02ee8
core   0: 0x80002ed0 (0x41eadd93) srai    s11, s5, 30
core   0: 3 0x80002ed0 (0x41eadd93) x27 0xfffffffe
core   0: 0x80002ed4 (0x03371733) mulh    a4, a4, s3
core   0: 3 0x80002ed4 (0x03371733) x14 0x00000000
core   0: 0x80002ed8 (0x01b4bdb3) sltu    s11, s1, s11
core   0: 3 0x80002ed8 (0x01b4bdb3) x27 0x00000001
core   0: 0x80002edc (0x02d7e7b3) rem     a5, a5, a3
core   0: 3 0x80002edc (0x02d7e7b3) x15 0x00000001
core   0: 0x80002ee0 (0x03a806b3) mul     a3, a6, s10
core   0: 3 0x80002ee0 (0x03a806b3) x13 0x09d90572
core   0: 0x80002ee4 (0x03e4a4b3) mulhsu  s1, s1, t5
core   0: 3 0x80002ee4 (0x03e4a4b3) x 9 0x02ec0bb9
core   0: 0x80002ee8 (0xfa87af13) slti    t5, a5, -88
core   0: 3 0x80002ee8 (0xfa87af13) x30 0x00000000
core   0: 0x80002eec (0x8af7a193) slti    gp, a5, -1873
core   0: 3 0x80002eec (0x8af7a193) x 3 0x00000000
core   0: 0x80002ef0 (0x019f3433) sltu    s0, t5, s9
core   0: 3 0x80002ef0 (0x019f3433) x 8 0x00000001
core   0: 0x80002ef4 (0x00000013) nop
core   0: 3 0x80002ef4 (0x00000013)
core   0: 0x80002ef8 (0xdfec3193) sltiu   gp, s8, -514
core   0: 3 0x80002ef8 (0xdfec3193) x 3 0x00000001
core   0: 0x80002efc (0x0230a933) mulhsu  s2, ra, gp
core   0: 3 0x80002efc (0x0230a933) x18 0x00000000
core   0: 0x80002f00 (0x7171f513) andi    a0, gp, 1815
core   0: 3 0x80002f00 (0x7171f513) x10 0x00000001
core   0: 0x80002f04 (0x0277a433) mulhsu  s0, a5, t2
core   0: 3 0x80002f04 (0x0277a433) x 8 0x00000000
core   0: 0x80002f08 (0x41bcdf93) srai    t6, s9, 27
core   0: 3 0x80002f08 (0x41bcdf93) x31 0x00000000
core   0: 0x80002f0c (0x035fe733) rem     a4, t6, s5
core   0: 3 0x80002f0c (0x035fe733) x14 0x00000000
core   0: 0x80002f10 (0x01b8a9b3) slt     s3, a7, s11
core   0: 3 0x80002f10 (0x01b8a9b3) x19 0x00000000
core   0: 0x80002f14 (0xc62f7297) auipc   t0, 0xc62f7
core   0: 3 0x80002f14 (0xc62f7297) x 5 0x462f9f14
core   0: 0x80002f18 (0x01353db3) sltu    s11, a0, s3
core   0: 3 0x80002f18 (0x01353db3) x27 0x00000000
core   0: 0x80002f1c (0x019a5e13) srli    t3, s4, 25
core   0: 3 0x80002f1c (0x019a5e13) x28 0x00000000
core   0: 0x80002f20 (0x024392b3) mulh    t0, t2, tp
core   0: 3 0x80002f20 (0x024392b3) x 5 0x00000000
core   0: 0x80002f24 (0x02389433) mulh    s0, a7, gp
core   0: 3 0x80002f24 (0x02389433) x 8 0x00000000
core   0: 0x80002f28 (0x87d03913) sltiu   s2, zero, -1923
core   0: 3 0x80002f28 (0x87d03913) x18 0x00000001
core   0: 0x80002f2c (0x56146e93) ori     t4, s0, 1377
core   0: 3 0x80002f2c (0x56146e93) x29 0x00000561
core   0: 0x80002f30 (0x4019d4b3) sra     s1, s3, ra
core   0: 3 0x80002f30 (0x4019d4b3) x 9 0x00000000
core   0: 0x80002f34 (0x4405b393) sltiu   t2, a1, 1088
core   0: 3 0x80002f34 (0x4405b393) x 7 0x00000000
core   0: 0x80002f38 (0x41f85b13) srai    s6, a6, 31
core   0: 3 0x80002f38 (0x41f85b13) x22 0xffffffff
core   0: 0x80002f3c (0x010f5033) srl     zero, t5, a6
core   0: 3 0x80002f3c (0x010f5033)
core   0: 0x80002f40 (0x40b45cb3) sra     s9, s0, a1
core   0: 3 0x80002f40 (0x40b45cb3) x25 0x00000000
core   0: 0x80002f44 (0x00000013) nop
core   0: 3 0x80002f44 (0x00000013)
core   0: 0x80002f48 (0x03b26833) rem     a6, tp, s11
core   0: 3 0x80002f48 (0x03b26833) x16 0x00000000
core   0: 0x80002f4c (0x0005b1b3) sltu    gp, a1, zero
core   0: 3 0x80002f4c (0x0005b1b3) x 3 0x00000000
core   0: 0x80002f50 (0x00f2ec33) or      s8, t0, a5
core   0: 3 0x80002f50 (0x00f2ec33) x24 0x00000001
core   0: 0x80002f54 (0x40a1d913) srai    s2, gp, 10
core   0: 3 0x80002f54 (0x40a1d913) x18 0x00000000
core   0: 0x80002f58 (0x00e8c233) xor     tp, a7, a4
core   0: 3 0x80002f58 (0x00e8c233) x 4 0x00000001
core   0: 0x80002f5c (0x5108e413) ori     s0, a7, 1296
core   0: 3 0x80002f5c (0x5108e413) x 8 0x00000511
core   0: 0x80002f60 (0x01138c33) add     s8, t2, a7
core   0: 3 0x80002f60 (0x01138c33) x24 0x00000001
core   0: 0x80002f64 (0x0240ba33) mulhu   s4, ra, tp
core   0: 3 0x80002f64 (0x0240ba33) x20 0x00000000
core   0: 0x80002f68 (0x007837b3) sltu    a5, a6, t2
core   0: 3 0x80002f68 (0x007837b3) x15 0x00000000
core   0: 0x80002f6c (0x41d65193) srai    gp, a2, 29
core   0: 3 0x80002f6c (0x41d65193) x 3 0xffffffff
core   0: 0x80002f70 (0x010ebe33) sltu    t3, t4, a6
core   0: 3 0x80002f70 (0x010ebe33) x28 0x00000000
core   0: 0x80002f74 (0x52c6ee93) ori     t4, a3, 1324
core   0: 3 0x80002f74 (0x52c6ee93) x29 0x09d9057e
core   0: 0x80002f78 (0x00409713) slli    a4, ra, 4
core   0: 3 0x80002f78 (0x00409713) x14 0x00000010
core   0: 0x80002f7c (0x02cbfdb3) remu    s11, s7, a2
core   0: 3 0x80002f7c (0x02cbfdb3) x27 0x00000000
core   0: 0x80002f80 (0x016d5d13) srli    s10, s10, 22
core   0: 3 0x80002f80 (0x016d5d13) x26 0x00000000
core   0: 0x80002f84 (0x02a58433) mul     s0, a1, a0
core   0: 3 0x80002f84 (0x02a58433) x 8 0x3029ddec
core   0: 0x80002f88 (0x40a85913) srai    s2, a6, 10
core   0: 3 0x80002f88 (0x40a85913) x18 0x00000000
core   0: 0x80002f8c (0x0316c033) div     zero, a3, a7
core   0: 3 0x80002f8c (0x0316c033)
core   0: 0x80002f90 (0x01697db3) and     s11, s2, s6
core   0: 3 0x80002f90 (0x01697db3) x27 0x00000000
core   0: 0x80002f94 (0x41805413) srai    s0, zero, 24
core   0: 3 0x80002f94 (0x41805413) x 8 0x00000000
core   0: 0x80002f98 (0x01777233) and     tp, a4, s7
core   0: 3 0x80002f98 (0x01777233) x 4 0x00000000
core   0: 0x80002f9c (0x033250b3) divu    ra, tp, s3
core   0: 3 0x80002f9c (0x033250b3) x 1 0xffffffff
core   0: 0x80002fa0 (0x02493f33) mulhu   t5, s2, tp
core   0: 3 0x80002fa0 (0x02493f33) x30 0x00000000
core   0: 0x80002fa4 (0x411bd413) srai    s0, s7, 17
core   0: 3 0x80002fa4 (0x411bd413) x 8 0x00000000
core   0: 0x80002fa8 (0x00c1df13) srli    t5, gp, 12
core   0: 3 0x80002fa8 (0x00c1df13) x30 0x000fffff
core   0: 0x80002fac (0x0156b5b3) sltu    a1, a3, s5
core   0: 3 0x80002fac (0x0156b5b3) x11 0x00000001
core   0: 0x80002fb0 (0x006acd33) xor     s10, s5, t1
core   0: 3 0x80002fb0 (0x006acd33) x26 0x19d9fe64
core   0: 0x80002fb4 (0x037daf33) mulhsu  t5, s11, s7
core   0: 3 0x80002fb4 (0x037daf33) x30 0x00000000
core   0: 0x80002fb8 (0x02fa24b3) mulhsu  s1, s4, a5
core   0: 3 0x80002fb8 (0x02fa24b3) x 9 0x00000000
core   0: 0x80002fbc (0xa0066993) ori     s3, a2, -1536
core   0: 3 0x80002fbc (0xa0066993) x19 0xfffffb60
core   0: 0x80002fc0 (0x0096c9b3) xor     s3, a3, s1
core   0: 3 0x80002fc0 (0x0096c9b3) x19 0x09d90572
core   0: 0x80002fc4 (0x2532fe93) andi    t4, t0, 595
core   0: 3 0x80002fc4 (0x2532fe93) x29 0x00000000
core   0: 0x80002fc8 (0x03f3f5b3) remu    a1, t2, t6
core   0: 3 0x80002fc8 (0x03f3f5b3) x11 0x00000000
core   0: 0x80002fcc (0x40618233) sub     tp, gp, t1
core   0: 3 0x80002fcc (0x40618233) x 4 0x66274fff
core   0: 0x80002fd0 (0x039c5f33) divu    t5, s8, s9
core   0: 3 0x80002fd0 (0x039c5f33) x30 0xffffffff
core   0: 0x80002fd4 (0x403081b3) sub     gp, ra, gp
core   0: 3 0x80002fd4 (0x403081b3) x 3 0x00000000
core   0: 0x80002fd8 (0x00c79e13) slli    t3, a5, 12
core   0: 3 0x80002fd8 (0x00c79e13) x28 0x00000000
core   0: 0x80002fdc (0x009828b3) slt     a7, a6, s1
core   0: 3 0x80002fdc (0x009828b3) x17 0x00000000
core   0: 0x80002fe0 (0x00000013) nop
core   0: 3 0x80002fe0 (0x00000013)
core   0: 0x80002fe4 (0x009378b3) and     a7, t1, s1
core   0: 3 0x80002fe4 (0x009378b3) x17 0x00000000
core   0: 0x80002fe8 (0x060a4293) xori    t0, s4, 96
core   0: 3 0x80002fe8 (0x060a4293) x 5 0x00000060
core   0: 0x80002fec (0x007bf933) and     s2, s7, t2
core   0: 3 0x80002fec (0x007bf933) x18 0x00000000
core   0: 0x80002ff0 (0x0296d433) divu    s0, a3, s1
core   0: 3 0x80002ff0 (0x0296d433) x 8 0xffffffff
core   0: 0x80002ff4 (0x03ceaeb3) mulhsu  t4, t4, t3
core   0: 3 0x80002ff4 (0x03ceaeb3) x29 0x00000000
core   0: 0x80002ff8 (0x41208bb3) sub     s7, ra, s2
core   0: 3 0x80002ff8 (0x41208bb3) x23 0xffffffff
core   0: 0x80002ffc (0x41ffd093) srai    ra, t6, 31
core   0: 3 0x80002ffc (0x41ffd093) x 1 0x00000000
core   0: 0x80003000 (0x038bccb3) div     s9, s7, s8
core   0: 3 0x80003000 (0x038bccb3) x25 0xffffffff
core   0: 0x80003004 (0x02fcf033) remu    zero, s9, a5
core   0: 3 0x80003004 (0x02fcf033)
core   0: 0x80003008 (0x41295513) srai    a0, s2, 18
core   0: 3 0x80003008 (0x41295513) x10 0x00000000
core   0: 0x8000300c (0x6905fa13) andi    s4, a1, 1680
core   0: 3 0x8000300c (0x6905fa13) x20 0x00000000
core   0: 0x80003010 (0x02d23033) mulhu   zero, tp, a3
core   0: 3 0x80003010 (0x02d23033)
core   0: 0x80003014 (0x01e65a33) srl     s4, a2, t5
core   0: 3 0x80003014 (0x01e65a33) x20 0x00000001
core   0: 0x80003018 (0x02c64eb3) div     t4, a2, a2
core   0: 3 0x80003018 (0x02c64eb3) x29 0x00000001
core   0: 0x8000301c (0x7cdbe493) ori     s1, s7, 1997
core   0: 3 0x8000301c (0x7cdbe493) x 9 0xffffffff
core   0: 0x80003020 (0x008d2033) slt     zero, s10, s0
core   0: 3 0x80003020 (0x008d2033)
core   0: 0x80003024 (0x003eba33) sltu    s4, t4, gp
core   0: 3 0x80003024 (0x003eba33) x20 0x00000000
core   0: 0x80003028 (0x0202f6b3) remu    a3, t0, zero
core   0: 3 0x80003028 (0x0202f6b3) x13 0x00000060
core   0: 0x8000302c (0x00000013) nop
core   0: 3 0x8000302c (0x00000013)
core   0: 0x80003030 (0x00ab5a33) srl     s4, s6, a0
core   0: 3 0x80003030 (0x00ab5a33) x20 0xffffffff
core   0: 0x80003034 (0x00c29a33) sll     s4, t0, a2
core   0: 3 0x80003034 (0x00c29a33) x20 0x00000060
core   0: 0x80003038 (0x034f61b3) rem     gp, t5, s4
core   0: 3 0x80003038 (0x034f61b3) x 3 0xffffffff
core   0: 0x8000303c (0x00ca6f33) or      t5, s4, a2
core   0: 3 0x8000303c (0x00ca6f33) x30 0xf018fb60
core   0: 0x80003040 (0x41155033) sra     zero, a0, a7
core   0: 3 0x80003040 (0x41155033)
core   0: 0x80003044 (0x40665f93) srai    t6, a2, 6
core   0: 3 0x80003044 (0x40665f93) x31 0xffc063ed
core   0: 0x80003048 (0x569bce93) xori    t4, s7, 1385
core   0: 3 0x80003048 (0x569bce93) x29 0xfffffa96
core   0: 0x8000304c (0xf0820713) addi    a4, tp, -248
core   0: 3 0x8000304c (0xf0820713) x14 0x66274f07
core   0: 0x80003050 (0x00000013) nop
core   0: 3 0x80003050 (0x00000013)
core   0: 0x80003054 (0xd2f9b913) sltiu   s2, s3, -721
core   0: 3 0x80003054 (0xd2f9b913) x18 0x00000001
core   0: 0x80003058 (0x00baac33) slt     s8, s5, a1
core   0: 3 0x80003058 (0x00baac33) x24 0x00000001
core   0: 0x8000305c (0xad242e17) auipc   t3, 0xad242
core   0: 3 0x8000305c (0xad242e17) x28 0x2d24505c
core   0: 0x80003060 (0x4c530713) addi    a4, t1, 1221
core   0: 3 0x80003060 (0x4c530713) x14 0x99d8b4c5
core   0: 0x80003064 (0x0294f9b3) remu    s3, s1, s1
core   0: 3 0x80003064 (0x0294f9b3) x19 0x00000000
core   0: 0x80003068 (0x05d57093) andi    ra, a0, 93
core   0: 3 0x80003068 (0x05d57093) x 1 0x00000000
core   0: 0x8000306c (0x02e7a2b3) mulhsu  t0, a5, a4
core   0: 3 0x8000306c (0x02e7a2b3) x 5 0x00000000
core   0: 0x80003070 (0x0bed2213) slti    tp, s10, 190
core   0: 3 0x80003070 (0x0bed2213) x 4 0x00000000
core   0: 0x80003074 (0x14626b93) ori     s7, tp, 326
core   0: 3 0x80003074 (0x14626b93) x23 0x00000146
core   0: 0x80003078 (0xdb0dac13) slti    s8, s11, -592
core   0: 3 0x80003078 (0xdb0dac13) x24 0x00000000
core   0: 0x8000307c (0x401ed793) srai    a5, t4, 1
core   0: 3 0x8000307c (0x401ed793) x15 0xfffffd4b
core   0: 0x80003080 (0x02123733) mulhu   a4, tp, ra
core   0: 3 0x80003080 (0x02123733) x14 0x00000000
core   0: 0x80003084 (0x0059e6b3) or      a3, s3, t0
core   0: 3 0x80003084 (0x0059e6b3) x13 0x00000000
core   0: 0x80003088 (0x00bbd813) srli    a6, s7, 11
core   0: 3 0x80003088 (0x00bbd813) x16 0x00000000
core   0: 0x8000308c (0x026d8d33) mul     s10, s11, t1
core   0: 3 0x8000308c (0x026d8d33) x26 0x00000000
core   0: 0x80003090 (0x039e08b3) mul     a7, t3, s9
core   0: 3 0x80003090 (0x039e08b3) x17 0xd2dbafa4
core   0: 0x80003094 (0xc800a193) slti    gp, ra, -896
core   0: 3 0x80003094 (0xc800a193) x 3 0x00000000
core   0: 0x80003098 (0x0205f333) remu    t1, a1, zero
core   0: 3 0x80003098 (0x0205f333) x 6 0x00000000
core   0: 0x8000309c (0x61647593) andi    a1, s0, 1558
core   0: 3 0x8000309c (0x61647593) x11 0x00000616
core   0: 0x800030a0 (0x039acdb3) div     s11, s5, s9
core   0: 3 0x800030a0 (0x039acdb3) x27 0x7ffeb19c
core   0: 0x800030a4 (0x40f58433) sub     s0, a1, a5
core   0: 3 0x800030a4 (0x40f58433) x 8 0x000008cb
core   0: 0x800030a8 (0x00ac58b3) srl     a7, s8, a0
core   0: 3 0x800030a8 (0x00ac58b3) x17 0x00000000
core   0: 0x800030ac (0x277f6e93) ori     t4, t5, 631
core   0: 3 0x800030ac (0x277f6e93) x29 0xf018fb77
core   0: 0x800030b0 (0x006af3b3) and     t2, s5, t1
core   0: 3 0x800030b0 (0x006af3b3) x 7 0x00000000
core   0: 0x800030b4 (0x0195b5b3) sltu    a1, a1, s9
core   0: 3 0x800030b4 (0x0195b5b3) x11 0x00000001
core   0: 0x800030b8 (0x06eec337) lui     t1, 0x6eec
core   0: 3 0x800030b8 (0x06eec337) x 6 0x06eec000
core   0: 0x800030bc (0xa98af213) andi    tp, s5, -1384
core   0: 3 0x800030bc (0xa98af213) x 4 0x80014a00
core   0: 0x800030c0 (0x01d941b3) xor     gp, s2, t4
core   0: 3 0x800030c0 (0x01d941b3) x 3 0xf018fb76
core   0: 0x800030c4 (0x5249de37) lui     t3, 0x5249d
core   0: 3 0x800030c4 (0x5249de37) x28 0x5249d000
core   0: 0x800030c8 (0xf560a593) slti    a1, ra, -170
core   0: 3 0x800030c8 (0xf560a593) x11 0x00000000
core   0: 0x800030cc (0x01a05713) srli    a4, zero, 26
core   0: 3 0x800030cc (0x01a05713) x14 0x00000000
core   0: 0x800030d0 (0x02446eb3) rem     t4, s0, tp
core   0: 3 0x800030d0 (0x02446eb3) x29 0x000008cb
core   0: 0x800030d4 (0x02f8b6b3) mulhu   a3, a7, a5
core   0: 3 0x800030d4 (0x02f8b6b3) x13 0x00000000
core   0: 0x800030d8 (0x00cc5493) srli    s1, s8, 12
core   0: 3 0x800030d8 (0x00cc5493) x 9 0x00000000
core   0: 0x800030dc (0x00516333) or      t1, sp, t0
core   0: 3 0x800030dc (0x00516333) x 6 0x80018ce4
core   0: 0x800030e0 (0xb7216213) ori     tp, sp, -1166
core   0: 3 0x800030e0 (0xb7216213) x 4 0xfffffff6
core   0: 0x800030e4 (0x013b1eb3) sll     t4, s6, s3
core   0: 3 0x800030e4 (0x013b1eb3) x29 0xffffffff
core   0: 0x800030e8 (0x01ab5c13) srli    s8, s6, 26
core   0: 3 0x800030e8 (0x01ab5c13) x24 0x0000003f
core   0: 0x800030ec (0x02fb4db3) div     s11, s6, a5
core   0: 3 0x800030ec (0x02fb4db3) x27 0x00000000
core   0: 0x800030f0 (0x40ee0933) sub     s2, t3, a4
core   0: 3 0x800030f0 (0x40ee0933) x18 0x5249d000
core   0: 0x800030f4 (0x35a7d917) auipc   s2, 0x35a7d
core   0: 3 0x800030f4 (0x35a7d917) x18 0xb5a800f4
core   0: 0x800030f8 (0x401e52b3) sra     t0, t3, ra
core   0: 3 0x800030f8 (0x401e52b3) x 5 0x5249d000
core   0: 0x800030fc (0x401b8433) sub     s0, s7, ra
core   0: 3 0x800030fc (0x401b8433) x 8 0x00000146
core   0: 0x80003100 (0x036f2f33) mulhsu  t5, t5, s6
core   0: 3 0x80003100 (0x036f2f33) x30 0xf018fb60
core   0: 0x80003104 (0x0381ab33) mulhsu  s6, gp, s8
core   0: 3 0x80003104 (0x0381ab33) x22 0xfffffffc
core   0: 0x80003108 (0x00e9d1b3) srl     gp, s3, a4
core   0: 3 0x80003108 (0x00e9d1b3) x 3 0x00000000
core   0: 0x8000310c (0xba280313) addi    t1, a6, -1118
core   0: 3 0x8000310c (0xba280313) x 6 0xfffffba2
core   0: 0x80003110 (0x61d86a13) ori     s4, a6, 1565
core   0: 3 0x80003110 (0x61d86a13) x20 0x0000061d
core   0: 0x80003114 (0x029b0bb3) mul     s7, s6, s1
core   0: 3 0x80003114 (0x029b0bb3) x23 0x00000000
core   0: 0x80003118 (0x01168f33) add     t5, a3, a7
core   0: 3 0x80003118 (0x01168f33) x30 0x00000000
core   0: 0x8000311c (0x4879ae13) slti    t3, s3, 1159
core   0: 3 0x8000311c (0x4879ae13) x28 0x00000001
core   0: 0x80003120 (0x0077deb3) srl     t4, a5, t2
core   0: 3 0x80003120 (0x0077deb3) x29 0xfffffd4b
core   0: 0x80003124 (0x4635d237) lui     tp, 0x4635d
core   0: 3 0x80003124 (0x4635d237) x 4 0x4635d000
core   0: 0x80003128 (0xfc8af837) lui     a6, 0xfc8af
core   0: 3 0x80003128 (0xfc8af837) x16 0xfc8af000
core   0: 0x8000312c (0x01f08fb3) add     t6, ra, t6
core   0: 3 0x8000312c (0x01f08fb3) x31 0xffc063ed
core   0: 0x80003130 (0x0f014a13) xori    s4, sp, 240
core   0: 3 0x80003130 (0x0f014a13) x20 0x80018c14
core   0: 0x80003134 (0x021768b3) rem     a7, a4, ra
core   0: 3 0x80003134 (0x021768b3) x17 0x00000000
core   0: 0x80003138 (0x0335ebb3) rem     s7, a1, s3
core   0: 3 0x80003138 (0x0335ebb3) x23 0x00000000
core   0: 0x8000313c (0x036bb5b3) mulhu   a1, s7, s6
core   0: 3 0x8000313c (0x036bb5b3) x11 0x00000000
core   0: 0x80003140 (0x03bd82b3) mul     t0, s11, s11
core   0: 3 0x80003140 (0x03bd82b3) x 5 0x00000000
core   0: 0x80003144 (0x0ecc8217) auipc   tp, 0xecc8
core   0: 3 0x80003144 (0x0ecc8217) x 4 0x8eccb144
core   0: 0x80003148 (0x65f30b13) addi    s6, t1, 1631
core   0: 3 0x80003148 (0x65f30b13) x22 0x00000201
core   0: 0x8000314c (0x02e9ba33) mulhu   s4, s3, a4
core   0: 3 0x8000314c (0x02e9ba33) x20 0x00000000
core   0: 0x80003150 (0x016c7eb3) and     t4, s8, s6
core   0: 3 0x80003150 (0x016c7eb3) x29 0x00000001
core   0: 0x80003154 (0x409f5d13) srai    s10, t5, 9
core   0: 3 0x80003154 (0x409f5d13) x26 0x00000000
core   0: 0x80003158 (0x00907f33) and     t5, zero, s1
core   0: 3 0x80003158 (0x00907f33) x30 0x00000000
core   0: 0x8000315c (0x01f61833) sll     a6, a2, t6
core   0: 3 0x8000315c (0x01f61833) x16 0x1f6c0000
core   0: 0x80003160 (0x036f8eb3) mul     t4, t6, s6
core   0: 3 0x80003160 (0x036f8eb3) x29 0x80883ded
core   0: 0x80003164 (0x41440f33) sub     t5, s0, s4
core   0: 3 0x80003164 (0x41440f33) x30 0x00000146
core   0: 0x80003168 (0x01318433) add     s0, gp, s3
core   0: 3 0x80003168 (0x01318433) x 8 0x00000000
core   0: 0x8000316c (0x00712db3) slt     s11, sp, t2
core   0: 3 0x8000316c (0x00712db3) x27 0x00000001
core   0: 0x80003170 (0x006b5813) srli    a6, s6, 6
core   0: 3 0x80003170 (0x006b5813) x16 0x00000008
core   0: 0x80003174 (0x006cd213) srli    tp, s9, 6
core   0: 3 0x80003174 (0x006cd213) x 4 0x03ffffff
core   0: 0x80003178 (0x013d1f93) slli    t6, s10, 19
core   0: 3 0x80003178 (0x013d1f93) x31 0x00000000
core   0: 0x8000317c (0x00000013) nop
core   0: 3 0x8000317c (0x00000013)
core   0: 0x80003180 (0x01f1fc33) and     s8, gp, t6
core   0: 3 0x80003180 (0x01f1fc33) x24 0x00000000
core   0: 0x80003184 (0x01d8cb33) xor     s6, a7, t4
core   0: 3 0x80003184 (0x01d8cb33) x22 0x80883ded
core   0: 0x80003188 (0x64657a13) andi    s4, a0, 1606
core   0: 3 0x80003188 (0x64657a13) x20 0x00000000
core   0: 0x8000318c (0x9f5f3d37) lui     s10, 0x9f5f3
core   0: 3 0x8000318c (0x9f5f3d37) x26 0x9f5f3000
core   0: 0x80003190 (0x02cfd8b3) divu    a7, t6, a2
core   0: 3 0x80003190 (0x02cfd8b3) x17 0x00000000
core   0: 0x80003194 (0x00805f33) srl     t5, zero, s0
core   0: 3 0x80003194 (0x00805f33) x30 0x00000000
core   0: 0x80003198 (0x416057b3) sra     a5, zero, s6
core   0: 3 0x80003198 (0x416057b3) x15 0x00000000
core   0: 0x8000319c (0x03b42d33) mulhsu  s10, s0, s11
core   0: 3 0x8000319c (0x03b42d33) x26 0x00000000
core   0: 0x800031a0 (0x006035b3) snez    a1, t1
core   0: 3 0x800031a0 (0x006035b3) x11 0x00000001
core   0: 0x800031a4 (0x0167b233) sltu    tp, a5, s6
core   0: 3 0x800031a4 (0x0167b233) x 4 0x00000001
core   0: 0x800031a8 (0xbba48913) addi    s2, s1, -1094
core   0: 3 0x800031a8 (0xbba48913) x18 0xfffffbba
core   0: 0x800031ac (0x02533e33) mulhu   t3, t1, t0
core   0: 3 0x800031ac (0x02533e33) x28 0x00000000
core   0: 0x800031b0 (0x03c803b3) mul     t2, a6, t3
core   0: 3 0x800031b0 (0x03c803b3) x 7 0x00000000
core   0: 0x800031b4 (0x00b39933) sll     s2, t2, a1
core   0: 3 0x800031b4 (0x00b39933) x18 0x00000000
core   0: 0x800031b8 (0x011e3e33) sltu    t3, t3, a7
core   0: 3 0x800031b8 (0x011e3e33) x28 0x00000000
core   0: 0x800031bc (0x012ae7b3) or      a5, s5, s2
core   0: 3 0x800031bc (0x012ae7b3) x15 0x80014e64
core   0: 0x800031c0 (0x00ca9513) slli    a0, s5, 12
core   0: 3 0x800031c0 (0x00ca9513) x10 0x14e64000
core   0: 0x800031c4 (0x025c00b3) mul     ra, s8, t0
core   0: 3 0x800031c4 (0x025c00b3) x 1 0x00000000
core   0: 0x800031c8 (0x03e5d333) divu    t1, a1, t5
core   0: 3 0x800031c8 (0x03e5d333) x 6 0xffffffff
core   0: 0x800031cc (0x03191a33) mulh    s4, s2, a7
core   0: 3 0x800031cc (0x03191a33) x20 0x00000000
core   0: 0x800031d0 (0x0054fbb3) and     s7, s1, t0
core   0: 3 0x800031d0 (0x0054fbb3) x23 0x00000000
core   0: 0x800031d4 (0x010c1833) sll     a6, s8, a6
core   0: 3 0x800031d4 (0x010c1833) x16 0x00000000
core   0: 0x800031d8 (0x0fc6e293) ori     t0, a3, 252
core   0: 3 0x800031d8 (0x0fc6e293) x 5 0x000000fc
core   0: 0x800031dc (0x0323db33) divu    s6, t2, s2
core   0: 3 0x800031dc (0x0323db33) x22 0xffffffff
core   0: 0x800031e0 (0x3bc20293) addi    t0, tp, 956
core   0: 3 0x800031e0 (0x3bc20293) x 5 0x000003bd
core   0: 0x800031e4 (0x20cff893) andi    a7, t6, 524
core   0: 3 0x800031e4 (0x20cff893) x17 0x00000000
core   0: 0x800031e8 (0x026efeb3) remu    t4, t4, t1
core   0: 3 0x800031e8 (0x026efeb3) x29 0x80883ded
core   0: 0x800031ec (0x03aac333) div     t1, s5, s10
core   0: 3 0x800031ec (0x03aac333) x 6 0xffffffff
core   0: 0x800031f0 (0x7d97a837) lui     a6, 0x7d97a
core   0: 3 0x800031f0 (0x7d97a837) x16 0x7d97a000
core   0: 0x800031f4 (0x01328033) add     zero, t0, s3
core   0: 3 0x800031f4 (0x01328033)
core   0: 0x800031f8 (0x012727b3) slt     a5, a4, s2
core   0: 3 0x800031f8 (0x012727b3) x15 0x00000000
core   0: 0x800031fc (0x0234a1b3) mulhsu  gp, s1, gp
core   0: 3 0x800031fc (0x0234a1b3) x 3 0x00000000
core   0: 0x80003200 (0x40e2d213) srai    tp, t0, 14
core   0: 3 0x80003200 (0x40e2d213) x 4 0x00000000
core   0: 0x80003204 (0x96622893) slti    a7, tp, -1690
core   0: 3 0x80003204 (0x96622893) x17 0x00000000
core   0: 0x80003208 (0x02d35733) divu    a4, t1, a3
core   0: 3 0x80003208 (0x02d35733) x14 0xffffffff
core   0: 0x8000320c (0x01995eb3) srl     t4, s2, s9
core   0: 3 0x8000320c (0x01995eb3) x29 0x00000000
core   0: 0x80003210 (0x0393dc33) divu    s8, t2, s9
core   0: 3 0x80003210 (0x0393dc33) x24 0x00000000
core   0: 0x80003214 (0x41c20833) sub     a6, tp, t3
core   0: 3 0x80003214 (0x41c20833) x16 0x00000000
core   0: 0x80003218 (0x00000013) nop
core   0: 3 0x80003218 (0x00000013)
core   0: 0x8000321c (0x4221e513) ori     a0, gp, 1058
core   0: 3 0x8000321c (0x4221e513) x10 0x00000422
core   0: 0x80003220 (0x012fcf33) xor     t5, t6, s2
core   0: 3 0x80003220 (0x012fcf33) x30 0x00000000
core   0: 0x80003224 (0x55787f93) andi    t6, a6, 1367
core   0: 3 0x80003224 (0x55787f93) x31 0x00000000
core   0: 0x80003228 (0xbfa42537) lui     a0, 0xbfa42
core   0: 3 0x80003228 (0xbfa42537) x10 0xbfa42000
core   0: 0x8000322c (0x41c4d233) sra     tp, s1, t3
core   0: 3 0x8000322c (0x41c4d233) x 4 0x00000000
core   0: 0x80003230 (0x0301cd33) div     s10, gp, a6
core   0: 3 0x80003230 (0x0301cd33) x26 0xffffffff
core   0: 0x80003234 (0x3f57bf93) sltiu   t6, a5, 1013
core   0: 3 0x80003234 (0x3f57bf93) x31 0x00000001
core   0: 0x80003238 (0x02e81833) mulh    a6, a6, a4
core   0: 3 0x80003238 (0x02e81833) x16 0x00000000
core   0: 0x8000323c (0x003b6d33) or      s10, s6, gp
core   0: 3 0x8000323c (0x003b6d33) x26 0xffffffff
core   0: 0x80003240 (0x40955d13) srai    s10, a0, 9
core   0: 3 0x80003240 (0x40955d13) x26 0xffdfd210
core   0: 0x80003244 (0x31106913) ori     s2, zero, 785
core   0: 3 0x80003244 (0x31106913) x18 0x00000311
core   0: 0x80003248 (0x1aeefd13) andi    s10, t4, 430
core   0: 3 0x80003248 (0x1aeefd13) x26 0x00000000
core   0: 0x8000324c (0x00262b33) slt     s6, a2, sp
core   0: 3 0x8000324c (0x00262b33) x22 0x00000000
core   0: 0x80003250 (0x41d209b3) sub     s3, tp, t4
core   0: 3 0x80003250 (0x41d209b3) x19 0x00000000
core   0: 0x80003254 (0x0089b933) sltu    s2, s3, s0
core   0: 3 0x80003254 (0x0089b933) x18 0x00000000
core   0: 0x80003258 (0x019e1e33) sll     t3, t3, s9
core   0: 3 0x80003258 (0x019e1e33) x28 0x00000000
core   0: 0x8000325c (0x0119f733) and     a4, s3, a7
core   0: 3 0x8000325c (0x0119f733) x14 0x00000000
core   0: 0x80003260 (0x40bd04b3) sub     s1, s10, a1
core   0: 3 0x80003260 (0x40bd04b3) x 9 0xffffffff
core   0: 0x80003264 (0x97754393) xori    t2, a0, -1673
core   0: 3 0x80003264 (0x97754393) x 7 0x405bd977
core   0: 0x80003268 (0x00faae33) slt     t3, s5, a5
core   0: 3 0x80003268 (0x00faae33) x28 0x00000001
core   0: 0x8000326c (0x00cced33) or      s10, s9, a2
core   0: 3 0x8000326c (0x00cced33) x26 0xffffffff
core   0: 0x80003270 (0x0174c8b3) xor     a7, s1, s7
core   0: 3 0x80003270 (0x0174c8b3) x17 0xffffffff
core   0: 0x80003274 (0x80fd0313) addi    t1, s10, -2033
core   0: 3 0x80003274 (0x80fd0313) x 6 0xfffff80e
core   0: 0x80003278 (0x0008ca33) xor     s4, a7, zero
core   0: 3 0x80003278 (0x0008ca33) x20 0xffffffff
core   0: 0x8000327c (0x41cc84b3) sub     s1, s9, t3
core   0: 3 0x8000327c (0x41cc84b3) x 9 0xfffffffe
core   0: 0x80003280 (0x03cb7db3) remu    s11, s6, t3
core   0: 3 0x80003280 (0x03cb7db3) x27 0x00000000
core   0: 0x80003284 (0xdd73b293) sltiu   t0, t2, -553
core   0: 3 0x80003284 (0xdd73b293) x 5 0x00000001
core   0: 0x80003288 (0x00000013) nop
core   0: 3 0x80003288 (0x00000013)
core   0: 0x8000328c (0x034a1f33) mulh    t5, s4, s4
core   0: 3 0x8000328c (0x034a1f33) x30 0x00000000
core   0: 0x80003290 (0x03ca6333) rem     t1, s4, t3
core   0: 3 0x80003290 (0x03ca6333) x 6 0x00000000
core   0: 0x80003294 (0x40bd5833) sra     a6, s10, a1
core   0: 3 0x80003294 (0x40bd5833) x16 0xffffffff
core   0: 0x80003298 (0x4010de93) srai    t4, ra, 1
core   0: 3 0x80003298 (0x4010de93) x29 0x00000000
core   0: 0x8000329c (0xe5c32717) auipc   a4, 0xe5c32
core   0: 3 0x8000329c (0xe5c32717) x14 0x65c3529c
core   0: 0x800032a0 (0x00ff73b3) and     t2, t5, a5
core   0: 3 0x800032a0 (0x00ff73b3) x 7 0x00000000
core   0: 0x800032a4 (0x01214eb3) xor     t4, sp, s2
core   0: 3 0x800032a4 (0x01214eb3) x29 0x80018ce4
core   0: 0x800032a8 (0x005f5c13) srli    s8, t5, 5
core   0: 3 0x800032a8 (0x005f5c13) x24 0x00000000
core   0: 0x800032ac (0x02bb3a33) mulhu   s4, s6, a1
core   0: 3 0x800032ac (0x02bb3a33) x20 0x00000000
core   0: 0x800032b0 (0x006696b3) sll     a3, a3, t1
core   0: 3 0x800032b0 (0x006696b3) x13 0x00000000
core   0: 0x800032b4 (0x02b842b3) div     t0, a6, a1
core   0: 3 0x800032b4 (0x02b842b3) x 5 0xffffffff
core   0: 0x800032b8 (0x036b9c33) mulh    s8, s7, s6
core   0: 3 0x800032b8 (0x036b9c33) x24 0x00000000
core   0: 0x800032bc (0x410052b3) sra     t0, zero, a6
core   0: 3 0x800032bc (0x410052b3) x 5 0x00000000
core   0: 0x800032c0 (0x009b6d33) or      s10, s6, s1
core   0: 3 0x800032c0 (0x009b6d33) x26 0xfffffffe
core   0: 0x800032c4 (0x033dcbb3) div     s7, s11, s3
core   0: 3 0x800032c4 (0x033dcbb3) x23 0xffffffff
core   0: 0x800032c8 (0x3f83a013) slti    zero, t2, 1016
core   0: 3 0x800032c8 (0x3f83a013)
core   0: 0x800032cc (0x01db1e13) slli    t3, s6, 29
core   0: 3 0x800032cc (0x01db1e13) x28 0x00000000
core   0: 0x800032d0 (0xa5e6e793) ori     a5, a3, -1442
core   0: 3 0x800032d0 (0xa5e6e793) x15 0xfffffa5e
core   0: 0x800032d4 (0xc78bfb37) lui     s6, 0xc78bf
core   0: 3 0x800032d4 (0xc78bfb37) x22 0xc78bf000
core   0: 0x800032d8 (0x2481d497) auipc   s1, 0x2481d
core   0: 3 0x800032d8 (0x2481d497) x 9 0xa48202d8
core   0: 0x800032dc (0x02e924b3) mulhsu  s1, s2, a4
core   0: 3 0x800032dc (0x02e924b3) x 9 0x00000000
core   0: 0x800032e0 (0x00000013) nop
core   0: 3 0x800032e0 (0x00000013)
core   0: 0x800032e4 (0x03323733) mulhu   a4, tp, s3
core   0: 3 0x800032e4 (0x03323733) x14 0x00000000
core   0: 0x800032e8 (0x00000013) nop
core   0: 3 0x800032e8 (0x00000013)
core   0: 0x800032ec (0xda86f493) andi    s1, a3, -600
core   0: 3 0x800032ec (0xda86f493) x 9 0x00000000
core   0: 0x800032f0 (0xe7d5f593) andi    a1, a1, -387
core   0: 3 0x800032f0 (0xe7d5f593) x11 0x00000001
core   0: 0x800032f4 (0x035906b3) mul     a3, s2, s5
core   0: 3 0x800032f4 (0x035906b3) x13 0x00000000
core   0: 0x800032f8 (0x00000013) nop
core   0: 3 0x800032f8 (0x00000013)
core   0: 0x800032fc (0x40505713) srai    a4, zero, 5
core   0: 3 0x800032fc (0x40505713) x14 0x00000000
core   0: 0x80003300 (0x00037a33) and     s4, t1, zero
core   0: 3 0x80003300 (0x00037a33) x20 0x00000000
core   0: 0x80003304 (0x0a268013) addi    zero, a3, 162
core   0: 3 0x80003304 (0x0a268013)
core   0: 0x80003308 (0x41f05433) sra     s0, zero, t6
core   0: 3 0x80003308 (0x41f05433) x 8 0x00000000
core   0: 0x8000330c (0x15cf3817) auipc   a6, 0x15cf3
core   0: 3 0x8000330c (0x15cf3817) x16 0x95cf630c
core   0: 0x80003310 (0x022901b3) mul     gp, s2, sp
core   0: 3 0x80003310 (0x022901b3) x 3 0x00000000
core   0: 0x80003314 (0x025cc233) div     tp, s9, t0
core   0: 3 0x80003314 (0x025cc233) x 4 0xffffffff
core   0: 0x80003318 (0x0073bf33) sltu    t5, t2, t2
core   0: 3 0x80003318 (0x0073bf33) x30 0x00000000
core   0: 0x8000331c (0xcb68e013) ori     zero, a7, -842
core   0: 3 0x8000331c (0xcb68e013)
core   0: 0x80003320 (0x003a40b3) xor     ra, s4, gp
core   0: 3 0x80003320 (0x003a40b3) x 1 0x00000000
core   0: 0x80003324 (0x00438b33) add     s6, t2, tp
core   0: 3 0x80003324 (0x00438b33) x22 0xffffffff
core   0: 0x80003328 (0x6210dc37) lui     s8, 0x6210d
core   0: 3 0x80003328 (0x6210dc37) x24 0x6210d000
core   0: 0x8000332c (0x016c7333) and     t1, s8, s6
core   0: 3 0x8000332c (0x016c7333) x 6 0x6210d000
core   0: 0x80003330 (0x00c178b3) and     a7, sp, a2
core   0: 3 0x80003330 (0x00c178b3) x17 0x80008860
core   0: 0x80003334 (0x00000013) nop
core   0: 3 0x80003334 (0x00000013)
core   0: 0x80003338 (0x036882b3) mul     t0, a7, s6
core   0: 3 0x80003338 (0x036882b3) x 5 0x7fff77a0
core   0: 0x8000333c (0x00b38fb3) add     t6, t2, a1
core   0: 3 0x8000333c (0x00b38fb3) x31 0x00000001
core   0: 0x80003340 (0x88ad8237) lui     tp, 0x88ad8
core   0: 3 0x80003340 (0x88ad8237) x 4 0x88ad8000
core   0: 0x80003344 (0x19ac8913) addi    s2, s9, 410
core   0: 3 0x80003344 (0x19ac8913) x18 0x00000199
core   0: 0x80003348 (0x413d5313) srai    t1, s10, 19
core   0: 3 0x80003348 (0x413d5313) x 6 0xffffffff
core   0: 0x8000334c (0x0056cbb3) xor     s7, a3, t0
core   0: 3 0x8000334c (0x0056cbb3) x23 0x7fff77a0
core   0: 0x80003350 (0xb1076913) ori     s2, a4, -1264
core   0: 3 0x80003350 (0xb1076913) x18 0xfffffb10
core   0: 0x80003354 (0x01d3bb33) sltu    s6, t2, t4
core   0: 3 0x80003354 (0x01d3bb33) x22 0x00000001
core   0: 0x80003358 (0x00aad913) srli    s2, s5, 10
core   0: 3 0x80003358 (0x00aad913) x18 0x00200053
core   0: 0x8000335c (0x00000013) nop
core   0: 3 0x8000335c (0x00000013)
core   0: 0x80003360 (0x946e4413) xori    s0, t3, -1722
core   0: 3 0x80003360 (0x946e4413) x 8 0xfffff946
core   0: 0x80003364 (0x03c4d033) divu    zero, s1, t3
core   0: 3 0x80003364 (0x03c4d033)
core   0: 0x80003368 (0x00ebd0b3) srl     ra, s7, a4
core   0: 3 0x80003368 (0x00ebd0b3) x 1 0x7fff77a0
core   0: 0x8000336c (0x000ec733) xor     a4, t4, zero
core   0: 3 0x8000336c (0x000ec733) x14 0x80018ce4
core   0: 0x80003370 (0x2c42ba13) sltiu   s4, t0, 708
core   0: 3 0x80003370 (0x2c42ba13) x20 0x00000000
core   0: 0x80003374 (0x00000013) nop
core   0: 3 0x80003374 (0x00000013)
core   0: 0x80003378 (0x8e052213) slti    tp, a0, -1824
core   0: 3 0x80003378 (0x8e052213) x 4 0x00000001
core   0: 0x8000337c (0x007ae333) or      t1, s5, t2
core   0: 3 0x8000337c (0x007ae333) x 6 0x80014e64
core   0: 0x80003380 (0x56940197) auipc   gp, 0x56940
core   0: 3 0x80003380 (0x56940197) x 3 0xd6943380
core   0: 0x80003384 (0x007cd1b3) srl     gp, s9, t2
core   0: 3 0x80003384 (0x007cd1b3) x 3 0xffffffff
core   0: 0x80003388 (0xffb96a17) auipc   s4, 0xffb96
core   0: 3 0x80003388 (0xffb96a17) x20 0x7fb99388
core   0: 0x8000338c (0x00105513) srli    a0, zero, 1
core   0: 3 0x8000338c (0x00105513) x10 0x00000000
core   0: 0x80003390 (0xff747eb7) lui     t4, 0xff747
core   0: 3 0x80003390 (0xff747eb7) x29 0xff747000
core   0: 0x80003394 (0x96d91837) lui     a6, 0x96d91
core   0: 3 0x80003394 (0x96d91837) x16 0x96d91000
core   0: 0x80003398 (0x41b5d793) srai    a5, a1, 27
core   0: 3 0x80003398 (0x41b5d793) x15 0x00000000
core   0: 0x8000339c (0x03b726b3) mulhsu  a3, a4, s11
core   0: 3 0x8000339c (0x03b726b3) x13 0x00000000
core   0: 0x800033a0 (0x40358a33) sub     s4, a1, gp
core   0: 3 0x800033a0 (0x40358a33) x20 0x00000002
core   0: 0x800033a4 (0x017fdf33) srl     t5, t6, s7
core   0: 3 0x800033a4 (0x017fdf33) x30 0x00000001
core   0: 0x800033a8 (0x00000013) nop
core   0: 3 0x800033a8 (0x00000013)
core   0: 0x800033ac (0x01207b33) and     s6, zero, s2
core   0: 3 0x800033ac (0x01207b33) x22 0x00000000
core   0: 0x800033b0 (0x41a404b3) sub     s1, s0, s10
core   0: 3 0x800033b0 (0x41a404b3) x 9 0xfffff948
core   0: 0x800033b4 (0x0346e433) rem     s0, a3, s4
core   0: 3 0x800033b4 (0x0346e433) x 8 0x00000000
core   0: 0x800033b8 (0x007fc4b3) xor     s1, t6, t2
core   0: 3 0x800033b8 (0x007fc4b3) x 9 0x00000001
core   0: 0x800033bc (0x024526b3) mulhsu  a3, a0, tp
core   0: 3 0x800033bc (0x024526b3) x13 0x00000000
core   0: 0x800033c0 (0xf1a44693) xori    a3, s0, -230
core   0: 3 0x800033c0 (0xf1a44693) x13 0xffffff1a
core   0: 0x800033c4 (0xd83a5d17) auipc   s10, 0xd83a5
core   0: 3 0x800033c4 (0xd83a5d17) x26 0x583a83c4
core   0: 0x800033c8 (0x00000013) nop
core   0: 3 0x800033c8 (0x00000013)
core   0: 0x800033cc (0x002538b3) sltu    a7, a0, sp
core   0: 3 0x800033cc (0x002538b3) x17 0x00000001
core   0: 0x800033d0 (0x02224b33) div     s6, tp, sp
core   0: 3 0x800033d0 (0x02224b33) x22 0x00000000
core   0: 0x800033d4 (0x41095693) srai    a3, s2, 16
core   0: 3 0x800033d4 (0x41095693) x13 0x00000020
core   0: 0x800033d8 (0x0075c333) xor     t1, a1, t2
core   0: 3 0x800033d8 (0x0075c333) x 6 0x00000001
core   0: 0x800033dc (0xfa92cb93) xori    s7, t0, -87
core   0: 3 0x800033dc (0xfa92cb93) x23 0x80008809
core   0: 0x800033e0 (0x0194ac33) slt     s8, s1, s9
core   0: 3 0x800033e0 (0x0194ac33) x24 0x00000000
core   0: 0x800033e4 (0x00000013) nop
core   0: 3 0x800033e4 (0x00000013)
core   0: 0x800033e8 (0x00cec1b3) xor     gp, t4, a2
core   0: 3 0x800033e8 (0x00cec1b3) x 3 0x0f6c8b60
core   0: 0x800033ec (0x360d6c93) ori     s9, s10, 864
core   0: 3 0x800033ec (0x360d6c93) x25 0x583a83e4
core   0: 0x800033f0 (0x0171f5b3) and     a1, gp, s7
core   0: 3 0x800033f0 (0x0171f5b3) x11 0x00008800
core   0: 0x800033f4 (0x40ab8d33) sub     s10, s7, a0
core   0: 3 0x800033f4 (0x40ab8d33) x26 0x80008809
core   0: 0x800033f8 (0x40c88733) sub     a4, a7, a2
core   0: 3 0x800033f8 (0x40c88733) x14 0x0fe704a1
core   0: 0x800033fc (0x02608d33) mul     s10, ra, t1
core   0: 3 0x800033fc (0x02608d33) x26 0x7fff77a0
core   0: 0x80003400 (0x00a29593) slli    a1, t0, 10
core   0: 3 0x80003400 (0x00a29593) x11 0xfdde8000
core   0: 0x80003404 (0x00000013) nop
core   0: 3 0x80003404 (0x00000013)
core   0: 0x80003408 (0x00602433) slt     s0, zero, t1
core   0: 3 0x80003408 (0x00602433) x 8 0x00000001
core   0: 0x8000340c (0x36de8813) addi    a6, t4, 877
core   0: 3 0x8000340c (0x36de8813) x16 0xff74736d
core   0: 0x80003410 (0x3c1f8313) addi    t1, t6, 961
core   0: 3 0x80003410 (0x3c1f8313) x 6 0x000003c2
core   0: 0x80003414 (0x418e5e13) srai    t3, t3, 24
core   0: 3 0x80003414 (0x418e5e13) x28 0x00000000
core   0: 0x80003418 (0x408ad033) sra     zero, s5, s0
core   0: 3 0x80003418 (0x408ad033)
core   0: 0x8000341c (0xea988293) addi    t0, a7, -343
core   0: 3 0x8000341c (0xea988293) x 5 0xfffffeaa
core   0: 0x80003420 (0xde344f93) xori    t6, s0, -541
core   0: 3 0x80003420 (0xde344f93) x31 0xfffffde2
core   0: 0x80003424 (0x00c86333) or      t1, a6, a2
core   0: 3 0x80003424 (0x00c86333) x 6 0xff7cfb6d
core   0: 0x80003428 (0xec12f793) andi    a5, t0, -319
core   0: 3 0x80003428 (0xec12f793) x15 0xfffffe80
core   0: 0x8000342c (0x01a75e13) srli    t3, a4, 26
core   0: 3 0x8000342c (0x01a75e13) x28 0x00000003
core   0: 0x80003430 (0x00b65393) srli    t2, a2, 11
core   0: 3 0x80003430 (0x00b65393) x 7 0x001e031f
core   0: 0x80003434 (0x02aaee33) rem     t3, s5, a0
core   0: 3 0x80003434 (0x02aaee33) x28 0x80014e64
core   0: 0x80003438 (0x03fb1533) mulh    a0, s6, t6
core   0: 3 0x80003438 (0x03fb1533) x10 0x00000000
core   0: 0x8000343c (0x0309a3b3) mulhsu  t2, s3, a6
core   0: 3 0x8000343c (0x0309a3b3) x 7 0x00000000
core   0: 0x80003440 (0x3cb16437) lui     s0, 0x3cb16
core   0: 3 0x80003440 (0x3cb16437) x 8 0x3cb16000
core   0: 0x80003444 (0x02872b33) mulhsu  s6, a4, s0
core   0: 3 0x80003444 (0x02872b33) x22 0x03c529c6
core   0: 0x80003448 (0x03e5fa33) remu    s4, a1, t5
core   0: 3 0x80003448 (0x03e5fa33) x20 0x00000000
core   0: 0x8000344c (0xa9e63297) auipc   t0, 0xa9e63
core   0: 3 0x8000344c (0xa9e63297) x 5 0x29e6644c
core   0: 0x80003450 (0x03d2cbb3) div     s7, t0, t4
core   0: 3 0x80003450 (0x03d2cbb3) x23 0xffffffb4
core   0: 0x80003454 (0x033a5033) divu    zero, s4, s3
core   0: 3 0x80003454 (0x033a5033)
core   0: 0x80003458 (0x003db833) sltu    a6, s11, gp
core   0: 3 0x80003458 (0x003db833) x16 0x00000001
core   0: 0x8000345c (0xd0fde513) ori     a0, s11, -753
core   0: 3 0x8000345c (0xd0fde513) x10 0xfffffd0f
core   0: 0x80003460 (0x02617933) remu    s2, sp, t1
core   0: 3 0x80003460 (0x02617933) x18 0x80018ce4
core   0: 0x80003464 (0x0228a5b3) mulhsu  a1, a7, sp
core   0: 3 0x80003464 (0x0228a5b3) x11 0x00000000
core   0: 0x80003468 (0x018676b3) and     a3, a2, s8
core   0: 3 0x80003468 (0x018676b3) x13 0x00000000
core   0: 0x8000346c (0x9a3d0193) addi    gp, s10, -1629
core   0: 3 0x8000346c (0x9a3d0193) x 3 0x7fff7143
core   0: 0x80003470 (0x00a79fb3) sll     t6, a5, a0
core   0: 3 0x80003470 (0x00a79fb3) x31 0xff400000
core   0: 0x80003474 (0xadda4993) xori    s3, s4, -1315
core   0: 3 0x80003474 (0xadda4993) x19 0xfffffadd
core   0: 0x80003478 (0x737f7e17) auipc   t3, 0x737f7
core   0: 3 0x80003478 (0x737f7e17) x28 0xf37fa478
core   0: 0x8000347c (0x0326f733) remu    a4, a3, s2
core   0: 3 0x8000347c (0x0326f733) x14 0x00000000
core   0: 0x80003480 (0x01a2e533) or      a0, t0, s10
core   0: 3 0x80003480 (0x01a2e533) x10 0x7fff77ec
core   0: 0x80003484 (0xaf072a13) slti    s4, a4, -1296
core   0: 3 0x80003484 (0xaf072a13) x20 0x00000000
core   0: 0x80003488 (0x0b62ad93) slti    s11, t0, 182
core   0: 3 0x80003488 (0x0b62ad93) x27 0x00000000
core   0: 0x8000348c (0x03698733) mul     a4, s3, s6
core   0: 3 0x8000348c (0x03698733) x14 0xa23a6bee
core   0: 0x80003490 (0x01de1893) slli    a7, t3, 29
core   0: 3 0x80003490 (0x01de1893) x17 0x00000000
core   0: 0x80003494 (0x02c2ab33) mulhsu  s6, t0, a2
core   0: 3 0x80003494 (0x02c2ab33) x22 0x274c14c5
core   0: 0x80003498 (0x1d520413) addi    s0, tp, 469
core   0: 3 0x80003498 (0x1d520413) x 8 0x000001d6
core   0: 0x8000349c (0x5adc4813) xori    a6, s8, 1453
core   0: 3 0x8000349c (0x5adc4813) x16 0x000005ad
core   0: 0x800034a0 (0x5164bd93) sltiu   s11, s1, 1302
core   0: 3 0x800034a0 (0x5164bd93) x27 0x00000001
core   0: 0x800034a4 (0x03c0c2b3) div     t0, ra, t3
core   0: 3 0x800034a4 (0x03c0c2b3) x 5 0xfffffff6
core   0: 0x800034a8 (0x01ed70b3) and     ra, s10, t5
core   0: 3 0x800034a8 (0x01ed70b3) x 1 0x00000000
core   0: 0x800034ac (0x02da7533) remu    a0, s4, a3
core   0: 3 0x800034ac (0x02da7533) x10 0x00000000
core   0: 0x800034b0 (0x013d55b3) srl     a1, s10, s3
core   0: 3 0x800034b0 (0x013d55b3) x11 0x00000003
core   0: 0x800034b4 (0x01f130b3) sltu    ra, sp, t6
core   0: 3 0x800034b4 (0x01f130b3) x 1 0x00000001
core   0: 0x800034b8 (0x004ce833) or      a6, s9, tp
core   0: 3 0x800034b8 (0x004ce833) x16 0x583a83e5
core   0: 0x800034bc (0x0083fbb3) and     s7, t2, s0
core   0: 3 0x800034bc (0x0083fbb3) x23 0x00000000
core   0: 0x800034c0 (0x027d8b33) mul     s6, s11, t2
core   0: 3 0x800034c0 (0x027d8b33) x22 0x00000000
core   0: 0x800034c4 (0x034a8d33) mul     s10, s5, s4
core   0: 3 0x800034c4 (0x034a8d33) x26 0x00000000
core   0: 0x800034c8 (0x004958b3) srl     a7, s2, tp
core   0: 3 0x800034c8 (0x004958b3) x17 0x4000c672
core   0: 0x800034cc (0x9e8a2713) slti    a4, s4, -1560
core   0: 3 0x800034cc (0x9e8a2713) x14 0x00000000
core   0: 0x800034d0 (0x023d3433) mulhu   s0, s10, gp
core   0: 3 0x800034d0 (0x023d3433) x 8 0x00000000
core   0: 0x800034d4 (0x01bd37b3) sltu    a5, s10, s11
core   0: 3 0x800034d4 (0x01bd37b3) x15 0x00000001
core   0: 0x800034d8 (0x01ef49b3) xor     s3, t5, t5
core   0: 3 0x800034d8 (0x01ef49b3) x19 0x00000000
core   0: 0x800034dc (0x40cd8033) sub     zero, s11, a2
core   0: 3 0x800034dc (0x40cd8033)
core   0: 0x800034e0 (0x01695733) srl     a4, s2, s6
core   0: 3 0x800034e0 (0x01695733) x14 0x80018ce4
core   0: 0x800034e4 (0x409b8333) sub     t1, s7, s1
core   0: 3 0x800034e4 (0x409b8333) x 6 0xffffffff
core   0: 0x800034e8 (0x02d138b3) mulhu   a7, sp, a3
core   0: 3 0x800034e8 (0x02d138b3) x17 0x00000000
core   0: 0x800034ec (0x01d09893) slli    a7, ra, 29
core   0: 3 0x800034ec (0x01d09893) x17 0x20000000
core   0: 0x800034f0 (0x03c04a33) div     s4, zero, t3
core   0: 3 0x800034f0 (0x03c04a33) x20 0x00000000
core   0: 0x800034f4 (0x457214b7) lui     s1, 0x45721
core   0: 3 0x800034f4 (0x457214b7) x 9 0x45721000
core   0: 0x800034f8 (0x00000013) nop
core   0: 3 0x800034f8 (0x00000013)
core   0: 0x800034fc (0x039225b3) mulhsu  a1, tp, s9
core   0: 3 0x800034fc (0x039225b3) x11 0x00000000
core   0: 0x80003500 (0x12a7cc13) xori    s8, a5, 298
core   0: 3 0x80003500 (0x12a7cc13) x24 0x0000012b
core   0: 0x80003504 (0x3dabf193) andi    gp, s7, 986
core   0: 3 0x80003504 (0x3dabf193) x 3 0x00000000
core   0: 0x80003508 (0x00000013) nop
core   0: 3 0x80003508 (0x00000013)
core   0: 0x8000350c (0x002699b3) sll     s3, a3, sp
core   0: 3 0x8000350c (0x002699b3) x19 0x00000000
core   0: 0x80003510 (0x018ed833) srl     a6, t4, s8
core   0: 3 0x80003510 (0x018ed833) x16 0x001fee8e
core   0: 0x80003514 (0x033eeb33) rem     s6, t4, s3
core   0: 3 0x80003514 (0x033eeb33) x22 0xff747000
core   0: 0x80003518 (0x039f1233) mulh    tp, t5, s9
core   0: 3 0x80003518 (0x039f1233) x 4 0x00000000
core   0: 0x8000351c (0x6017bc93) sltiu   s9, a5, 1537
core   0: 3 0x8000351c (0x6017bc93) x25 0x00000001
core   0: 0x80003520 (0x028aad33) mulhsu  s10, s5, s0
core   0: 3 0x80003520 (0x028aad33) x26 0x00000000
core   0: 0x80003524 (0xd63085b7) lui     a1, 0xd6308
core   0: 3 0x80003524 (0xd63085b7) x11 0xd6308000
core   0: 0x80003528 (0x03f4a8b3) mulhsu  a7, s1, t6
core   0: 3 0x80003528 (0x03f4a8b3) x17 0x453dfa74
core   0: 0x8000352c (0x00432f33) slt     t5, t1, tp
core   0: 3 0x8000352c (0x00432f33) x30 0x00000001
core   0: 0x80003530 (0x022a5933) divu    s2, s4, sp
core   0: 3 0x80003530 (0x022a5933) x18 0x00000000
core   0: 0x80003534 (0x015f5e33) srl     t3, t5, s5
core   0: 3 0x80003534 (0x015f5e33) x28 0x00000000
core   0: 0x80003538 (0x40d452b3) sra     t0, s0, a3
core   0: 3 0x80003538 (0x40d452b3) x 5 0x00000000
core   0: 0x8000353c (0x008ddb93) srli    s7, s11, 8
core   0: 3 0x8000353c (0x008ddb93) x23 0x00000000
core   0: 0x80003540 (0x022bd9b3) divu    s3, s7, sp
core   0: 3 0x80003540 (0x022bd9b3) x19 0x00000000
core   0: 0x80003544 (0x01115993) srli    s3, sp, 17
core   0: 3 0x80003544 (0x01115993) x19 0x00004000
core   0: 0x80003548 (0x00e0cbb3) xor     s7, ra, a4
core   0: 3 0x80003548 (0x00e0cbb3) x23 0x80018ce5
core   0: 0x8000354c (0x14eb4a13) xori    s4, s6, 334
core   0: 3 0x8000354c (0x14eb4a13) x20 0xff74714e
core   0: 0x80003550 (0x0279e833) rem     a6, s3, t2
core   0: 3 0x80003550 (0x0279e833) x16 0x00004000
core   0: 0x80003554 (0x9b0e6013) ori     zero, t3, -1616
core   0: 3 0x80003554 (0x9b0e6013)
core   0: 0x80003558 (0x4a65e693) ori     a3, a1, 1190
core   0: 3 0x80003558 (0x4a65e693) x13 0xd63084a6
core   0: 0x8000355c (0x03470eb3) mul     t4, a4, s4
core   0: 3 0x8000355c (0x03470eb3) x29 0xa2f99178
core   0: 0x80003560 (0x00a7f2b3) and     t0, a5, a0
core   0: 3 0x80003560 (0x00a7f2b3) x 5 0x00000000
core   0: 0x80003564 (0xcbde4d17) auipc   s10, 0xcbde4
core   0: 3 0x80003564 (0xcbde4d17) x26 0x4bde7564
core   0: 0x80003568 (0x008c6db3) or      s11, s8, s0
core   0: 3 0x80003568 (0x008c6db3) x27 0x0000012b
core   0: 0x8000356c (0x00438833) add     a6, t2, tp
core   0: 3 0x8000356c (0x00438833) x16 0x00000000
core   0: 0x80003570 (0x4bcc81b7) lui     gp, 0x4bcc8
core   0: 3 0x80003570 (0x4bcc81b7) x 3 0x4bcc8000
core   0: 0x80003574 (0x03591c33) mulh    s8, s2, s5
core   0: 3 0x80003574 (0x03591c33) x24 0x00000000
core   0: 0x80003578 (0x0299a1b3) mulhsu  gp, s3, s1
core   0: 3 0x80003578 (0x0299a1b3) x 3 0x0000115c
core   0: 0x8000357c (0x01b85693) srli    a3, a6, 27
core   0: 3 0x8000357c (0x01b85693) x13 0x00000000
core   0: 0x80003580 (0x132c7f13) andi    t5, s8, 306
core   0: 3 0x80003580 (0x132c7f13) x30 0x00000000
core   0: 0x80003584 (0x00cb0433) add     s0, s6, a2
core   0: 3 0x80003584 (0x00cb0433) x 8 0xef8d6b60
core   0: 0x80003588 (0x0189d693) srli    a3, s3, 24
core   0: 3 0x80003588 (0x0189d693) x13 0x00000000
core   0: 0x8000358c (0xc98b4c17) auipc   s8, 0xc98b4
core   0: 3 0x8000358c (0xc98b4c17) x24 0x498b758c
core   0: 0x80003590 (0x000f6fb3) or      t6, t5, zero
core   0: 3 0x80003590 (0x000f6fb3) x31 0x00000000
core   0: 0x80003594 (0x01a3e833) or      a6, t2, s10
core   0: 3 0x80003594 (0x01a3e833) x16 0x4bde7564
core   0: 0x80003598 (0x00000013) nop
core   0: 3 0x80003598 (0x00000013)
core   0: 0x8000359c (0x0297cdb3) div     s11, a5, s1
core   0: 3 0x8000359c (0x0297cdb3) x27 0x00000000
core   0: 0x800035a0 (0x02389db3) mulh    s11, a7, gp
core   0: 3 0x800035a0 (0x02389db3) x27 0x000004b1
core   0: 0x800035a4 (0x142eb237) lui     tp, 0x142eb
core   0: 3 0x800035a4 (0x142eb237) x 4 0x142eb000
core   0: 0x800035a8 (0x03adccb3) div     s9, s11, s10
core   0: 3 0x800035a8 (0x03adccb3) x25 0x00000000
core   0: 0x800035ac (0x01f043b3) xor     t2, zero, t6
core   0: 3 0x800035ac (0x01f043b3) x 7 0x00000000
core   0: 0x800035b0 (0x01c395b3) sll     a1, t2, t3
core   0: 3 0x800035b0 (0x01c395b3) x11 0x00000000
core   0: 0x800035b4 (0x02f014b3) mulh    s1, zero, a5
core   0: 3 0x800035b4 (0x02f014b3) x 9 0x00000000
core   0: 0x800035b8 (0x022bdeb3) divu    t4, s7, sp
core   0: 3 0x800035b8 (0x022bdeb3) x29 0x00000001
core   0: 0x800035bc (0x7d083893) sltiu   a7, a6, 2000
core   0: 3 0x800035bc (0x7d083893) x17 0x00000000
core   0: 0x800035c0 (0x414ddb33) sra     s6, s11, s4
core   0: 3 0x800035c0 (0x414ddb33) x22 0x00000000
core   0: 0x800035c4 (0x0326b233) mulhu   tp, a3, s2
core   0: 3 0x800035c4 (0x0326b233) x 4 0x00000000
core   0: 0x800035c8 (0x0304a8b3) mulhsu  a7, s1, a6
core   0: 3 0x800035c8 (0x0304a8b3) x17 0x00000000
core   0: 0x800035cc (0x0170d493) srli    s1, ra, 23
core   0: 3 0x800035cc (0x0170d493) x 9 0x00000000
core   0: 0x800035d0 (0x0106d0b3) srl     ra, a3, a6
core   0: 3 0x800035d0 (0x0106d0b3) x 1 0x00000000
core   0: 0x800035d4 (0x01c7ec33) or      s8, a5, t3
core   0: 3 0x800035d4 (0x01c7ec33) x24 0x00000001
core   0: 0x800035d8 (0x03233bb3) mulhu   s7, t1, s2
core   0: 3 0x800035d8 (0x03233bb3) x23 0x00000000
core   0: 0x800035dc (0x030efa33) remu    s4, t4, a6
core   0: 3 0x800035dc (0x030efa33) x20 0x00000001
core   0: 0x800035e0 (0x26c1f013) andi    zero, gp, 620
core   0: 3 0x800035e0 (0x26c1f013)
core   0: 0x800035e4 (0x03eb7733) remu    a4, s6, t5
core   0: 3 0x800035e4 (0x03eb7733) x14 0x00000000
core   0: 0x800035e8 (0x01ff04b3) add     s1, t5, t6
core   0: 3 0x800035e8 (0x01ff04b3) x 9 0x00000000
core   0: 0x800035ec (0xfef43413) sltiu   s0, s0, -17
core   0: 3 0x800035ec (0xfef43413) x 8 0x00000001
core   0: 0x800035f0 (0x0357dc33) divu    s8, a5, s5
core   0: 3 0x800035f0 (0x0357dc33) x24 0x00000000
core   0: 0x800035f4 (0xab5b0693) addi    a3, s6, -1355
core   0: 3 0x800035f4 (0xab5b0693) x13 0xfffffab5
core   0: 0x800035f8 (0x73cf3b17) auipc   s6, 0x73cf3
core   0: 3 0x800035f8 (0x73cf3b17) x22 0xf3cf65f8
core   0: 0x800035fc (0x03c397b3) mulh    a5, t2, t3
core   0: 3 0x800035fc (0x03c397b3) x15 0x00000000
core   0: 0x80003600 (0x03bb3533) mulhu   a0, s6, s11
core   0: 3 0x80003600 (0x03bb3533) x10 0x00000477
core   0: 0x80003604 (0x02d23f33) mulhu   t5, tp, a3
core   0: 3 0x80003604 (0x02d23f33) x30 0x00000000
core   0: 0x80003608 (0x01351d93) slli    s11, a0, 19
core   0: 3 0x80003608 (0x01351d93) x27 0x23b80000
core   0: 0x8000360c (0x03331e33) mulh    t3, t1, s3
core   0: 3 0x8000360c (0x03331e33) x28 0xffffffff
core   0: 0x80003610 (0x6ebfa5b7) lui     a1, 0x6ebfa
core   0: 3 0x80003610 (0x6ebfa5b7) x11 0x6ebfa000
core   0: 0x80003614 (0x00000013) nop
core   0: 3 0x80003614 (0x00000013)
core   0: 0x80003618 (0x4eb72b17) auipc   s6, 0x4eb72
core   0: 3 0x80003618 (0x4eb72b17) x22 0xceb75618
core   0: 0x8000361c (0x03e179b3) remu    s3, sp, t5
core   0: 3 0x8000361c (0x03e179b3) x19 0x80018ce4
core   0: 0x80003620 (0x025bc2b3) div     t0, s7, t0
core   0: 3 0x80003620 (0x025bc2b3) x 5 0xffffffff
core   0: 0x80003624 (0x02af6c33) rem     s8, t5, a0
core   0: 3 0x80003624 (0x02af6c33) x24 0x00000000
core   0: 0x80003628 (0x004581b3) add     gp, a1, tp
core   0: 3 0x80003628 (0x004581b3) x 3 0x6ebfa000
core   0: 0x8000362c (0x5f7d1cb7) lui     s9, 0x5f7d1
core   0: 3 0x8000362c (0x5f7d1cb7) x25 0x5f7d1000
core   0: 0x80003630 (0x02e1ccb3) div     s9, gp, a4
core   0: 3 0x80003630 (0x02e1ccb3) x25 0xffffffff
core   0: 0x80003634 (0x01ee5fb3) srl     t6, t3, t5
core   0: 3 0x80003634 (0x01ee5fb3) x31 0xffffffff
core   0: 0x80003638 (0x5852ab93) slti    s7, t0, 1413
core   0: 3 0x80003638 (0x5852ab93) x23 0x00000001
core   0: 0x8000363c (0x02225733) divu    a4, tp, sp
core   0: 3 0x8000363c (0x02225733) x14 0x00000000
core   0: 0x80003640 (0x01d08fb3) add     t6, ra, t4
core   0: 3 0x80003640 (0x01d08fb3) x31 0x00000001
core   0: 0x80003644 (0x00dafbb3) and     s7, s5, a3
core   0: 3 0x80003644 (0x00dafbb3) x23 0x80014a24
core   0: 0x80003648 (0x0125f313) andi    t1, a1, 18
core   0: 3 0x80003648 (0x0125f313) x 6 0x00000000
core   0: 0x8000364c (0x0103d393) srli    t2, t2, 16
core   0: 3 0x8000364c (0x0103d393) x 7 0x00000000
core   0: 0x80003650 (0x0ae2c913) xori    s2, t0, 174
core   0: 3 0x80003650 (0x0ae2c913) x18 0xffffff51
core   0: 0x80003654 (0xe0596f13) ori     t5, s2, -507
core   0: 3 0x80003654 (0xe0596f13) x30 0xffffff55
core   0: 0x80003658 (0x00000013) nop
core   0: 3 0x80003658 (0x00000013)
core   0: 0x8000365c (0x006c1033) sll     zero, s8, t1
core   0: 3 0x8000365c (0x006c1033)
core   0: 0x80003660 (0x97136913) ori     s2, t1, -1679
core   0: 3 0x80003660 (0x97136913) x18 0xfffff971
core   0: 0x80003664 (0x008a25b3) slt     a1, s4, s0
core   0: 3 0x80003664 (0x008a25b3) x11 0x00000000
core   0: 0x80003668 (0x00051733) sll     a4, a0, zero
core   0: 3 0x80003668 (0x00051733) x14 0x00000477
core   0: 0x8000366c (0x01725fb3) srl     t6, tp, s7
core   0: 3 0x8000366c (0x01725fb3) x31 0x00000000
core   0: 0x80003670 (0x419150b3) sra     ra, sp, s9
core   0: 3 0x80003670 (0x419150b3) x 1 0xffffffff
core   0: 0x80003674 (0xecdac217) auipc   tp, 0xecdac
core   0: 3 0x80003674 (0xecdac217) x 4 0x6cdaf674
core   0: 0x80003678 (0xb7077213) andi    tp, a4, -1168
core   0: 3 0x80003678 (0xb7077213) x 4 0x00000070
core   0: 0x8000367c (0x00000013) nop
core   0: 3 0x8000367c (0x00000013)
core   0: 0x80003680 (0x0046f5b3) and     a1, a3, tp
core   0: 3 0x80003680 (0x0046f5b3) x11 0x00000030
core   0: 0x80003684 (0x009e8b33) add     s6, t4, s1
core   0: 3 0x80003684 (0x009e8b33) x22 0x00000001
core   0: 0x80003688 (0x01f9a4b3) slt     s1, s3, t6
core   0: 3 0x80003688 (0x01f9a4b3) x 9 0x00000001
core   0: 0x8000368c (0x03dd7c33) remu    s8, s10, t4
core   0: 3 0x8000368c (0x03dd7c33) x24 0x00000000
core   0: 0x80003690 (0x029021b3) mulhsu  gp, zero, s1
core   0: 3 0x80003690 (0x029021b3) x 3 0x00000000
core   0: 0x80003694 (0xb4500697) auipc   a3, 0xb4500
core   0: 3 0x80003694 (0xb4500697) x13 0x34503694
core   0: 0x80003698 (0x00e453b3) srl     t2, s0, a4
core   0: 3 0x80003698 (0x00e453b3) x 7 0x00000000
core   0: 0x8000369c (0x01f2f533) and     a0, t0, t6
core   0: 3 0x8000369c (0x01f2f533) x10 0x00000000
core   0: 0x800036a0 (0x02c385b3) mul     a1, t2, a2
core   0: 3 0x800036a0 (0x02c385b3) x11 0x00000000
core   0: 0x800036a4 (0x815a7093) andi    ra, s4, -2027
core   0: 3 0x800036a4 (0x815a7093) x 1 0x00000001
core   0: 0x800036a8 (0x85200713) li      a4, -1966
core   0: 3 0x800036a8 (0x85200713) x14 0xfffff852
core   0: 0x800036ac (0x026f64b3) rem     s1, t5, t1
core   0: 3 0x800036ac (0x026f64b3) x 9 0xffffff55
core   0: 0x800036b0 (0x51983437) lui     s0, 0x51983
core   0: 3 0x800036b0 (0x51983437) x 8 0x51983000
core   0: 0x800036b4 (0x9ffa4d37) lui     s10, 0x9ffa4
core   0: 3 0x800036b4 (0x9ffa4d37) x26 0x9ffa4000
core   0: 0x800036b8 (0x1a8cd497) auipc   s1, 0x1a8cd
core   0: 3 0x800036b8 (0x1a8cd497) x 9 0x9a8d06b8
core   0: 0x800036bc (0x00000013) nop
core   0: 3 0x800036bc (0x00000013)
core   0: 0x800036c0 (0x03bf35b3) mulhu   a1, t5, s11
core   0: 3 0x800036c0 (0x03bf35b3) x11 0x23b7ffe8
core   0: 0x800036c4 (0x0358b0b3) mulhu   ra, a7, s5
core   0: 3 0x800036c4 (0x0358b0b3) x 1 0x00000000
core   0: 0x800036c8 (0x00034233) xor     tp, t1, zero
core   0: 3 0x800036c8 (0x00034233) x 4 0x00000000
core   0: 0x800036cc (0x005c1233) sll     tp, s8, t0
core   0: 3 0x800036cc (0x005c1233) x 4 0x00000000
core   0: 0x800036d0 (0x01132b33) slt     s6, t1, a7
core   0: 3 0x800036d0 (0x01132b33) x22 0x00000000
core   0: 0x800036d4 (0x84132917) auipc   s2, 0x84132
core   0: 3 0x800036d4 (0x84132917) x18 0x041356d4
core   0: 0x800036d8 (0x01b35d33) srl     s10, t1, s11
core   0: 3 0x800036d8 (0x01b35d33) x26 0x00000000
core   0: 0x800036dc (0x0310e8b3) rem     a7, ra, a7
core   0: 3 0x800036dc (0x0310e8b3) x17 0x00000000
core   0: 0x800036e0 (0xf3cce793) ori     a5, s9, -196
core   0: 3 0x800036e0 (0xf3cce793) x15 0xffffffff
core   0: 0x800036e4 (0x015bd593) srli    a1, s7, 21
core   0: 3 0x800036e4 (0x015bd593) x11 0x00000400
core   0: 0x800036e8 (0x02b66233) rem     tp, a2, a1
core   0: 3 0x800036e8 (0x02b66233) x 4 0xffffff60
core   0: 0x800036ec (0xfe598717) auipc   a4, 0xfe598
core   0: 3 0x800036ec (0xfe598717) x14 0x7e59b6ec
core   0: 0x800036f0 (0x00000013) nop
core   0: 3 0x800036f0 (0x00000013)
core   0: 0x800036f4 (0x029a3cb3) mulhu   s9, s4, s1
core   0: 3 0x800036f4 (0x029a3cb3) x25 0x00000000
core   0: 0x800036f8 (0x01216db3) or      s11, sp, s2
core   0: 3 0x800036f8 (0x01216db3) x27 0x8413def4
core   0: 0x800036fc (0x943c3093) sltiu   ra, s8, -1725
core   0: 3 0x800036fc (0x943c3093) x 1 0x00000001
core   0: 0x80003700 (0x94398913) addi    s2, s3, -1725
core   0: 3 0x80003700 (0x94398913) x18 0x80018627
core   0: 0x80003704 (0x29bcf993) andi    s3, s9, 667
core   0: 3 0x80003704 (0x29bcf993) x19 0x00000000
core   0: 0x80003708 (0x000791b3) sll     gp, a5, zero
core   0: 3 0x80003708 (0x000791b3) x 3 0xffffffff
core   0: 0x8000370c (0x4195deb3) sra     t4, a1, s9
core   0: 3 0x8000370c (0x4195deb3) x29 0x00000400
core   0: 0x80003710 (0x01cd6033) or      zero, s10, t3
core   0: 3 0x80003710 (0x01cd6033)
core   0: 0x80003714 (0x02c909b3) mul     s3, s2, a2
core   0: 3 0x80003714 (0x02c909b3) x19 0xa2c28ba0
core   0: 0x80003718 (0x05e9d317) auipc   t1, 0x5e9d
core   0: 3 0x80003718 (0x05e9d317) x 6 0x85ea0718
core   0: 0x8000371c (0x9582f493) andi    s1, t0, -1704
core   0: 3 0x8000371c (0x9582f493) x 9 0xfffff958
core   0: 0x80003720 (0x00000013) nop
core   0: 3 0x80003720 (0x00000013)
core   0: 0x80003724 (0x49b4e193) ori     gp, s1, 1179
core   0: 3 0x80003724 (0x49b4e193) x 3 0xfffffddb
core   0: 0x80003728 (0x00d35a33) srl     s4, t1, a3
core   0: 3 0x80003728 (0x00d35a33) x20 0x0000085e
core   0: 0x8000372c (0xb39ba913) slti    s2, s7, -1223
core   0: 3 0x8000372c (0xb39ba913) x18 0x00000001
core   0: 0x80003730 (0x19716e13) ori     t3, sp, 407
core   0: 3 0x80003730 (0x19716e13) x28 0x80018df7
core   0: 0x80003734 (0x74632f13) slti    t5, t1, 1862
core   0: 3 0x80003734 (0x74632f13) x30 0x00000001
core   0: 0x80003738 (0x4aa78e13) addi    t3, a5, 1194
core   0: 3 0x80003738 (0x4aa78e13) x28 0x000004a9
core   0: 0x8000373c (0xa7a1f413) andi    s0, gp, -1414
core   0: 3 0x8000373c (0xa7a1f413) x 8 0xfffff85a
core   0: 0x80003740 (0x544ec293) xori    t0, t4, 1348
core   0: 3 0x80003740 (0x544ec293) x 5 0x00000144
core   0: 0x80003744 (0x015c87b3) add     a5, s9, s5
core   0: 3 0x80003744 (0x015c87b3) x15 0x80014e64
core   0: 0x80003748 (0x01cdaf33) slt     t5, s11, t3
core   0: 3 0x80003748 (0x01cdaf33) x30 0x00000001
core   0: 0x8000374c (0xf8c48f93) addi    t6, s1, -116
core   0: 3 0x8000374c (0xf8c48f93) x31 0xfffff8e4
core   0: 0x80003750 (0x01e28033) add     zero, t0, t5
core   0: 3 0x80003750 (0x01e28033)
core   0: 0x80003754 (0x80a22d13) slti    s10, tp, -2038
core   0: 3 0x80003754 (0x80a22d13) x26 0x00000000
core   0: 0x80003758 (0x01b722b3) slt     t0, a4, s11
core   0: 3 0x80003758 (0x01b722b3) x 5 0x00000000
core   0: 0x8000375c (0x019c63b3) or      t2, s8, s9
core   0: 3 0x8000375c (0x019c63b3) x 7 0x00000000
core   0: 0x80003760 (0x02ce3733) mulhu   a4, t3, a2
core   0: 3 0x80003760 (0x02ce3733) x14 0x0000045e
core   0: 0x80003764 (0x02c6c533) div     a0, a3, a2
core   0: 3 0x80003764 (0x02c6c533) x10 0xfffffffd
core   0: 0x80003768 (0x01b55013) srli    zero, a0, 27
core   0: 3 0x80003768 (0x01b55013)
core   0: 0x8000376c (0x016359b3) srl     s3, t1, s6
core   0: 3 0x8000376c (0x016359b3) x19 0x85ea0718
core   0: 0x80003770 (0x40dad333) sra     t1, s5, a3
core   0: 3 0x80003770 (0x40dad333) x 6 0xfffff800
core   0: 0x80003774 (0x01b00eb3) add     t4, zero, s11
core   0: 3 0x80003774 (0x01b00eb3) x29 0x8413def4
core   0: 0x80003778 (0x03b1bfb3) mulhu   t6, gp, s11
core   0: 3 0x80003778 (0x03b1bfb3) x31 0x8413ddd8
core   0: 0x8000377c (0x01da5493) srli    s1, s4, 29
core   0: 3 0x8000377c (0x01da5493) x 9 0x00000000
core   0: 0x80003780 (0x002d9e13) slli    t3, s11, 2
core   0: 3 0x80003780 (0x002d9e13) x28 0x104f7bd0
core   0: 0x80003784 (0x014e96b3) sll     a3, t4, s4
core   0: 3 0x80003784 (0x014e96b3) x13 0x00000000
core   0: 0x80003788 (0x005a3233) sltu    tp, s4, t0
core   0: 3 0x80003788 (0x005a3233) x 4 0x00000000
core   0: 0x8000378c (0x018d3433) sltu    s0, s10, s8
core   0: 3 0x8000378c (0x018d3433) x 8 0x00000000
core   0: 0x80003790 (0x001b32b3) sltu    t0, s6, ra
core   0: 3 0x80003790 (0x001b32b3) x 5 0x00000001
core   0: 0x80003794 (0x41c5d093) srai    ra, a1, 28
core   0: 3 0x80003794 (0x41c5d093) x 1 0x00000000
core   0: 0x80003798 (0x00000013) nop
core   0: 3 0x80003798 (0x00000013)
core   0: 0x8000379c (0x6762e593) ori     a1, t0, 1654
core   0: 3 0x8000379c (0x6762e593) x11 0x00000677
core   0: 0x800037a0 (0x0041d3b3) srl     t2, gp, tp
core   0: 3 0x800037a0 (0x0041d3b3) x 7 0xfffffddb
core   0: 0x800037a4 (0x00000013) nop
core   0: 3 0x800037a4 (0x00000013)
core   0: 0x800037a8 (0x5c508437) lui     s0, 0x5c508
core   0: 3 0x800037a8 (0x5c508437) x 8 0x5c508000
core   0: 0x800037ac (0x40e4de93) srai    t4, s1, 14
core   0: 3 0x800037ac (0x40e4de93) x29 0x00000000
core   0: 0x800037b0 (0x416bd213) srai    tp, s7, 22
core   0: 3 0x800037b0 (0x416bd213) x 4 0xfffffe00
core   0: 0x800037b4 (0x028bbb33) mulhu   s6, s7, s0
core   0: 3 0x800037b4 (0x028bbb33) x22 0x2e28b70c
core   0: 0x800037b8 (0x31a77f93) andi    t6, a4, 794
core   0: 3 0x800037b8 (0x31a77f93) x31 0x0000001a
core   0: 0x800037bc (0x02752833) mulhsu  a6, a0, t2
core   0: 3 0x800037bc (0x02752833) x16 0xfffffffd
core   0: 0x800037c0 (0xe0ca17b7) lui     a5, 0xe0ca1
core   0: 3 0x800037c0 (0xe0ca17b7) x15 0xe0ca1000
core   0: 0x800037c4 (0xe2b74d97) auipc   s11, 0xe2b74
core   0: 3 0x800037c4 (0xe2b74d97) x27 0x62b777c4
core   0: 0x800037c8 (0x01365f13) srli    t5, a2, 19
core   0: 3 0x800037c8 (0x01365f13) x30 0x00001e03
core   0: 0x800037cc (0x02eee033) rem     zero, t4, a4
core   0: 3 0x800037cc (0x02eee033)
core   0: 0x800037d0 (0x01012733) slt     a4, sp, a6
core   0: 3 0x800037d0 (0x01012733) x14 0x00000001
core   0: 0x800037d4 (0x02fb47b3) div     a5, s6, a5
core   0: 3 0x800037d4 (0x02fb47b3) x15 0xffffffff
core   0: 0x800037d8 (0x03d559b3) divu    s3, a0, t4
core   0: 3 0x800037d8 (0x03d559b3) x19 0xffffffff
core   0: 0x800037dc (0x01bb58b3) srl     a7, s6, s11
core   0: 3 0x800037dc (0x01bb58b3) x17 0x02e28b70
core   0: 0x800037e0 (0x019e1e33) sll     t3, t3, s9
core   0: 3 0x800037e0 (0x019e1e33) x28 0x104f7bd0
core   0: 0x800037e4 (0x02021533) mulh    a0, tp, zero
core   0: 3 0x800037e4 (0x02021533) x10 0x00000000
core   0: 0x800037e8 (0x021945b3) div     a1, s2, ra
core   0: 3 0x800037e8 (0x021945b3) x11 0xffffffff
core   0: 0x800037ec (0xf3f5e193) ori     gp, a1, -193
core   0: 3 0x800037ec (0xf3f5e193) x 3 0xffffffff
core   0: 0x800037f0 (0x02220c33) mul     s8, tp, sp
core   0: 3 0x800037f0 (0x02220c33) x24 0xfce63800
core   0: 0x800037f4 (0x03c8c033) div     zero, a7, t3
core   0: 3 0x800037f4 (0x03c8c033)
core   0: 0x800037f8 (0x18850d93) addi    s11, a0, 392
core   0: 3 0x800037f8 (0x18850d93) x27 0x00000188
core   0: 0x800037fc (0x01168e33) add     t3, a3, a7
core   0: 3 0x800037fc (0x01168e33) x28 0x02e28b70
core   0: 0x80003800 (0x02ffffb3) remu    t6, t6, a5
core   0: 3 0x80003800 (0x02ffffb3) x31 0x0000001a
core   0: 0x80003804 (0x020ad5b3) divu    a1, s5, zero
core   0: 3 0x80003804 (0x020ad5b3) x11 0xffffffff
core   0: 0x80003808 (0x4115d333) sra     t1, a1, a7
core   0: 3 0x80003808 (0x4115d333) x 6 0xffffffff
core   0: 0x8000380c (0x013960b3) or      ra, s2, s3
core   0: 3 0x8000380c (0x013960b3) x 1 0xffffffff
core   0: 0x80003810 (0x377c3793) sltiu   a5, s8, 887
core   0: 3 0x80003810 (0x377c3793) x15 0x00000000
core   0: 0x80003814 (0x01211013) slli    zero, sp, 18
core   0: 3 0x80003814 (0x01211013)
core   0: 0x80003818 (0x031ebe33) mulhu   t3, t4, a7
core   0: 3 0x80003818 (0x031ebe33) x28 0x00000000
core   0: 0x8000381c (0xcad6a993) slti    s3, a3, -851
core   0: 3 0x8000381c (0xcad6a993) x19 0x00000000
core   0: 0x80003820 (0x03a05733) divu    a4, zero, s10
core   0: 3 0x80003820 (0x03a05733) x14 0xffffffff
core   0: 0x80003824 (0x40c703b3) sub     t2, a4, a2
core   0: 3 0x80003824 (0x40c703b3) x 7 0x0fe7049f
core   0: 0x80003828 (0x01f80a33) add     s4, a6, t6
core   0: 3 0x80003828 (0x01f80a33) x20 0x00000017
core   0: 0x8000382c (0x01e219b3) sll     s3, tp, t5
core   0: 3 0x8000382c (0x01e219b3) x19 0xfffff000
core   0: 0x80003830 (0x00fa53b3) srl     t2, s4, a5
core   0: 3 0x80003830 (0x00fa53b3) x 7 0x00000017
core   0: 0x80003834 (0x00748c33) add     s8, s1, t2
core   0: 3 0x80003834 (0x00748c33) x24 0x00000017
core   0: 0x80003838 (0xa15cfd17) auipc   s10, 0xa15cf
core   0: 3 0x80003838 (0xa15cfd17) x26 0x215d2838
core   0: 0x8000383c (0x03353a33) mulhu   s4, a0, s3
core   0: 3 0x8000383c (0x03353a33) x20 0x00000000
core   0: 0x80003840 (0x40515a13) srai    s4, sp, 5
core   0: 3 0x80003840 (0x40515a13) x20 0xfc000c67
core   0: 0x80003844 (0x655b8293) addi    t0, s7, 1621
core   0: 3 0x80003844 (0x655b8293) x 5 0x80015079
core   0: 0x80003848 (0x02202333) mulhsu  t1, zero, sp
core   0: 3 0x80003848 (0x02202333) x 6 0x00000000
core   0: 0x8000384c (0x50bd4813) xori    a6, s10, 1291
core   0: 3 0x8000384c (0x50bd4813) x16 0x215d2d33
core   0: 0x80003850 (0x00ea6bb3) or      s7, s4, a4
core   0: 3 0x80003850 (0x00ea6bb3) x23 0xffffffff
core   0: 0x80003854 (0x01dd2833) slt     a6, s10, t4
core   0: 3 0x80003854 (0x01dd2833) x16 0x00000000
core   0: 0x80003858 (0x01aedfb3) srl     t6, t4, s10
core   0: 3 0x80003858 (0x01aedfb3) x31 0x00000000
core   0: 0x8000385c (0x402b8533) sub     a0, s7, sp
core   0: 3 0x8000385c (0x402b8533) x10 0x7ffe731b
core   0: 0x80003860 (0x00521513) slli    a0, tp, 5
core   0: 3 0x80003860 (0x00521513) x10 0xffffc000
core   0: 0x80003864 (0x01ea9833) sll     a6, s5, t5
core   0: 3 0x80003864 (0x01ea9833) x16 0x000a7320
core   0: 0x80003868 (0x01771b13) slli    s6, a4, 23
core   0: 3 0x80003868 (0x01771b13) x22 0xff800000
core   0: 0x8000386c (0x40085713) srai    a4, a6, 0
core   0: 3 0x8000386c (0x40085713) x14 0x000a7320
core   0: 0x80003870 (0x00e37233) and     tp, t1, a4
core   0: 3 0x80003870 (0x00e37233) x 4 0x00000000
core   0: 0x80003874 (0x0202eb33) rem     s6, t0, zero
core   0: 3 0x80003874 (0x0202eb33) x22 0x80015079
core   0: 0x80003878 (0x01313cb3) sltu    s9, sp, s3
core   0: 3 0x80003878 (0x01313cb3) x25 0x00000001
core   0: 0x8000387c (0x02b42fb3) mulhsu  t6, s0, a1
core   0: 3 0x8000387c (0x02b42fb3) x31 0x5c507fff
core   0: 0x80003880 (0x01c4a7b3) slt     a5, s1, t3
core   0: 3 0x80003880 (0x01c4a7b3) x15 0x00000000
core   0: 0x80003884 (0x2e499d37) lui     s10, 0x2e499
core   0: 3 0x80003884 (0x2e499d37) x26 0x2e499000
core   0: 0x80003888 (0x03a1aeb3) mulhsu  t4, gp, s10
core   0: 3 0x80003888 (0x03a1aeb3) x29 0xffffffff
core   0: 0x8000388c (0x02f90933) mul     s2, s2, a5
core   0: 3 0x8000388c (0x02f90933) x18 0x00000000
core   0: 0x80003890 (0x008b3a33) sltu    s4, s6, s0
core   0: 3 0x80003890 (0x008b3a33) x20 0x00000000
core   0: 0x80003894 (0x409c08b3) sub     a7, s8, s1
core   0: 3 0x80003894 (0x409c08b3) x17 0x00000017
core   0: 0x80003898 (0x02699fb3) mulh    t6, s3, t1
core   0: 3 0x80003898 (0x02699fb3) x31 0x00000000
core   0: 0x8000389c (0x02324033) div     zero, tp, gp
core   0: 3 0x8000389c (0x02324033)
core   0: 0x800038a0 (0x01e85013) srli    zero, a6, 30
core   0: 3 0x800038a0 (0x01e85013)
core   0: 0x800038a4 (0x03c96db3) rem     s11, s2, t3
core   0: 3 0x800038a4 (0x03c96db3) x27 0x00000000
core   0: 0x800038a8 (0x411fd7b3) sra     a5, t6, a7
core   0: 3 0x800038a8 (0x411fd7b3) x15 0x00000000
core   0: 0x800038ac (0xab0f4593) xori    a1, t5, -1360
core   0: 3 0x800038ac (0xab0f4593) x11 0xffffe4b3
core   0: 0x800038b0 (0x029639b3) mulhu   s3, a2, s1
core   0: 3 0x800038b0 (0x029639b3) x19 0x00000000
core   0: 0x800038b4 (0x02ee05b3) mul     a1, t3, a4
core   0: 3 0x800038b4 (0x02ee05b3) x11 0x00000000
core   0: 0x800038b8 (0x00000013) nop
core   0: 3 0x800038b8 (0x00000013)
core   0: 0x800038bc (0x5e41edb7) lui     s11, 0x5e41e
core   0: 3 0x800038bc (0x5e41edb7) x27 0x5e41e000
core   0: 0x800038c0 (0x00b60eb3) add     t4, a2, a1
core   0: 3 0x800038c0 (0x00b60eb3) x29 0xf018fb60
core   0: 0x800038c4 (0x024004b3) mul     s1, zero, tp
core   0: 3 0x800038c4 (0x024004b3) x 9 0x00000000
core   0: 0x800038c8 (0x03a028b3) mulhsu  a7, zero, s10
core   0: 3 0x800038c8 (0x03a028b3) x17 0x00000000
core   0: 0x800038cc (0xee9f2793) slti    a5, t5, -279
core   0: 3 0x800038cc (0xee9f2793) x15 0x00000000
core   0: 0x800038d0 (0xb41bfa37) lui     s4, 0xb41bf
core   0: 3 0x800038d0 (0xb41bfa37) x20 0xb41bf000
core   0: 0x800038d4 (0x026058b3) divu    a7, zero, t1
core   0: 3 0x800038d4 (0x026058b3) x17 0xffffffff
core   0: 0x800038d8 (0x65a933b7) lui     t2, 0x65a93
core   0: 3 0x800038d8 (0x65a933b7) x 7 0x65a93000
core   0: 0x800038dc (0x00f268b3) or      a7, tp, a5
core   0: 3 0x800038dc (0x00f268b3) x17 0x00000000
core   0: 0x800038e0 (0x008cef33) or      t5, s9, s0
core   0: 3 0x800038e0 (0x008cef33) x30 0x5c508001
core   0: 0x800038e4 (0x01e8f533) and     a0, a7, t5
core   0: 3 0x800038e4 (0x01e8f533) x10 0x00000000
core   0: 0x800038e8 (0x01035b93) srli    s7, t1, 16
core   0: 3 0x800038e8 (0x01035b93) x23 0x00000000
core   0: 0x800038ec (0x024616b3) mulh    a3, a2, tp
core   0: 3 0x800038ec (0x024616b3) x13 0x00000000
core   0: 0x800038f0 (0x008c81b3) add     gp, s9, s0
core   0: 3 0x800038f0 (0x008c81b3) x 3 0x5c508001
core   0: 0x800038f4 (0x41cf0833) sub     a6, t5, t3
core   0: 3 0x800038f4 (0x41cf0833) x16 0x5c508001
core   0: 0x800038f8 (0x005ba6b3) slt     a3, s7, t0
core   0: 3 0x800038f8 (0x005ba6b3) x13 0x00000000
core   0: 0x800038fc (0x4b8d7293) andi    t0, s10, 1208
core   0: 3 0x800038fc (0x4b8d7293) x 5 0x00000000
core   0: 0x80003900 (0x404254b3) sra     s1, tp, tp
core   0: 3 0x80003900 (0x404254b3) x 9 0x00000000
core   0: 0x80003904 (0x402cd433) sra     s0, s9, sp
core   0: 3 0x80003904 (0x402cd433) x 8 0x00000000
core   0: 0x80003908 (0x03b6deb3) divu    t4, a3, s11
core   0: 3 0x80003908 (0x03b6deb3) x29 0x00000000
core   0: 0x8000390c (0x02303433) mulhu   s0, zero, gp
core   0: 3 0x8000390c (0x02303433) x 8 0x00000000
core   0: 0x80003910 (0x72aae193) ori     gp, s5, 1834
core   0: 3 0x80003910 (0x72aae193) x 3 0x80014f6e
core   0: 0x80003914 (0x602c3293) sltiu   t0, s8, 1538
core   0: 3 0x80003914 (0x602c3293) x 5 0x00000001
core   0: 0x80003918 (0x03213f33) mulhu   t5, sp, s2
core   0: 3 0x80003918 (0x03213f33) x30 0x00000000
core   0: 0x8000391c (0x00e432b3) sltu    t0, s0, a4
core   0: 3 0x8000391c (0x00e432b3) x 5 0x00000001
core   0: 0x80003920 (0x007c44b3) xor     s1, s8, t2
core   0: 3 0x80003920 (0x007c44b3) x 9 0x65a93017
core   0: 0x80003924 (0xee3d1037) lui     zero, 0xee3d1
core   0: 3 0x80003924 (0xee3d1037)
core   0: 0x80003928 (0x00000013) nop
core   0: 3 0x80003928 (0x00000013)
core   0: 0x8000392c (0x03d184b3) mul     s1, gp, t4
core   0: 3 0x8000392c (0x03d184b3) x 9 0x00000000
core   0: 0x80003930 (0x00dd5733) srl     a4, s10, a3
core   0: 3 0x80003930 (0x00dd5733) x14 0x2e499000
core   0: 0x80003934 (0x41dd56b3) sra     a3, s10, t4
core   0: 3 0x80003934 (0x41dd56b3) x13 0x2e499000
core   0: 0x80003938 (0x5cd6fc13) andi    s8, a3, 1485
core   0: 3 0x80003938 (0x5cd6fc13) x24 0x00000000
core   0: 0x8000393c (0x412cd033) sra     zero, s9, s2
core   0: 3 0x8000393c (0x412cd033)
core   0: 0x80003940 (0x21858893) addi    a7, a1, 536
core   0: 3 0x80003940 (0x21858893) x17 0x00000218
core   0: 0x80003944 (0x00e9c3b3) xor     t2, s3, a4
core   0: 3 0x80003944 (0x00e9c3b3) x 7 0x2e499000
core   0: 0x80003948 (0xcf490513) addi    a0, s2, -780
core   0: 3 0x80003948 (0xcf490513) x10 0xfffffcf4
core   0: 0x8000394c (0x0061c0b3) xor     ra, gp, t1
core   0: 3 0x8000394c (0x0061c0b3) x 1 0x80014f6e
core   0: 0x80003950 (0x0062dd93) srli    s11, t0, 6
core   0: 3 0x80003950 (0x0062dd93) x27 0x00000000
core   0: 0x80003954 (0x00005d13) srli    s10, zero, 0
core   0: 3 0x80003954 (0x00005d13) x26 0x00000000
core   0: 0x80003958 (0x2fc27d93) andi    s11, tp, 764
core   0: 3 0x80003958 (0x2fc27d93) x27 0x00000000
core   0: 0x8000395c (0x00131d13) slli    s10, t1, 1
core   0: 3 0x8000395c (0x00131d13) x26 0x00000000
core   0: 0x80003960 (0x01470733) add     a4, a4, s4
core   0: 3 0x80003960 (0x01470733) x14 0xe2658000
core   0: 0x80003964 (0xa2be0013) addi    zero, t3, -1493
core   0: 3 0x80003964 (0xa2be0013)
core   0: 0x80003968 (0xd1597693) andi    a3, s2, -747
core   0: 3 0x80003968 (0xd1597693) x13 0x00000000
core   0: 0x8000396c (0x016464b3) or      s1, s0, s6
core   0: 3 0x8000396c (0x016464b3) x 9 0x80015079
core   0: 0x80003970 (0x6327a893) slti    a7, a5, 1586
core   0: 3 0x80003970 (0x6327a893) x17 0x00000001
core   0: 0x80003974 (0x75eff6b7) lui     a3, 0x75eff
core   0: 3 0x80003974 (0x75eff6b7) x13 0x75eff000
core   0: 0x80003978 (0xa2eec313) xori    t1, t4, -1490
core   0: 3 0x80003978 (0xa2eec313) x 6 0xfffffa2e
core   0: 0x8000397c (0x023cddb3) divu    s11, s9, gp
core   0: 3 0x8000397c (0x023cddb3) x27 0x00000000
core   0: 0x80003980 (0x02be3333) mulhu   t1, t3, a1
core   0: 3 0x80003980 (0x02be3333) x 6 0x00000000
core   0: 0x80003984 (0x002c1f33) sll     t5, s8, sp
core   0: 3 0x80003984 (0x002c1f33) x30 0x00000000
core   0: 0x80003988 (0x02f0e933) rem     s2, ra, a5
core   0: 3 0x80003988 (0x02f0e933) x18 0x80014f6e
core   0: 0x8000398c (0x01009733) sll     a4, ra, a6
core   0: 3 0x8000398c (0x01009733) x14 0x00029edc
core   0: 0x80003990 (0x7504edb7) lui     s11, 0x7504e
core   0: 3 0x80003990 (0x7504edb7) x27 0x7504e000
core   0: 0x80003994 (0x0258d9b3) divu    s3, a7, t0
core   0: 3 0x80003994 (0x0258d9b3) x19 0x00000001
core   0: 0x80003998 (0x64ec5397) auipc   t2, 0x64ec5
core   0: 3 0x80003998 (0x64ec5397) x 7 0xe4ec8998
core   0: 0x8000399c (0x0348d533) divu    a0, a7, s4
core   0: 3 0x8000399c (0x0348d533) x10 0x00000000
core   0: 0x800039a0 (0x0080a933) slt     s2, ra, s0
core   0: 3 0x800039a0 (0x0080a933) x18 0x00000001
core   0: 0x800039a4 (0x00829b33) sll     s6, t0, s0
core   0: 3 0x800039a4 (0x00829b33) x22 0x00000001
core   0: 0x800039a8 (0x03e67fb3) remu    t6, a2, t5
core   0: 3 0x800039a8 (0x03e67fb3) x31 0xf018fb60
core   0: 0x800039ac (0x845de293) ori     t0, s11, -1979
core   0: 3 0x800039ac (0x845de293) x 5 0xfffff845
core   0: 0x800039b0 (0x3d3f3293) sltiu   t0, t5, 979
core   0: 3 0x800039b0 (0x3d3f3293) x 5 0x00000001
core   0: 0x800039b4 (0x02eaefb3) rem     t6, s5, a4
core   0: 3 0x800039b4 (0x02eaefb3) x31 0xfffdf928
core   0: 0x800039b8 (0x03cb6bb3) rem     s7, s6, t3
core   0: 3 0x800039b8 (0x03cb6bb3) x23 0x00000001
core   0: 0x800039bc (0x00662bb3) slt     s7, a2, t1
core   0: 3 0x800039bc (0x00662bb3) x23 0x00000001
core   0: 0x800039c0 (0x407e5e13) srai    t3, t3, 7
core   0: 3 0x800039c0 (0x407e5e13) x28 0x00000000
core   0: 0x800039c4 (0x01ac7233) and     tp, s8, s10
core   0: 3 0x800039c4 (0x01ac7233) x 4 0x00000000
core   0: 0x800039c8 (0x01599e13) slli    t3, s3, 21
core   0: 3 0x800039c8 (0x01599e13) x28 0x00200000
core   0: 0x800039cc (0x025188b3) mul     a7, gp, t0
core   0: 3 0x800039cc (0x025188b3) x17 0x80014f6e
core   0: 0x800039d0 (0x2566c913) xori    s2, a3, 598
core   0: 3 0x800039d0 (0x2566c913) x18 0x75eff256
core   0: 0x800039d4 (0x00e5fb33) and     s6, a1, a4
core   0: 3 0x800039d4 (0x00e5fb33) x22 0x00000000
core   0: 0x800039d8 (0x64626f13) ori     t5, tp, 1606
core   0: 3 0x800039d8 (0x64626f13) x30 0x00000646
core   0: 0x800039dc (0x02d7d233) divu    tp, a5, a3
core   0: 3 0x800039dc (0x02d7d233) x 4 0x00000000
core   0: 0x800039e0 (0x00643eb3) sltu    t4, s0, t1
core   0: 3 0x800039e0 (0x00643eb3) x29 0x00000000
core   0: 0x800039e4 (0xf88db393) sltiu   t2, s11, -120
core   0: 3 0x800039e4 (0xf88db393) x 7 0x00000001
core   0: 0x800039e8 (0x02e79533) mulh    a0, a5, a4
core   0: 3 0x800039e8 (0x02e79533) x10 0x00000000
core   0: 0x800039ec (0x00bbb2b3) sltu    t0, s7, a1
core   0: 3 0x800039ec (0x00bbb2b3) x 5 0x00000000
core   0: 0x800039f0 (0x0191de33) srl     t3, gp, s9
core   0: 3 0x800039f0 (0x0191de33) x28 0x4000a7b7
core   0: 0x800039f4 (0x011cc833) xor     a6, s9, a7
core   0: 3 0x800039f4 (0x011cc833) x16 0x80014f6f
core   0: 0x800039f8 (0x005c5d13) srli    s10, s8, 5
core   0: 3 0x800039f8 (0x005c5d13) x26 0x00000000
core   0: 0x800039fc (0x01b8edb3) or      s11, a7, s11
core   0: 3 0x800039fc (0x01b8edb3) x27 0xf505ef6e
core   0: 0x80003a00 (0xd5b9c317) auipc   t1, 0xd5b9c
core   0: 3 0x80003a00 (0xd5b9c317) x 6 0x55b9fa00
core   0: 0x80003a04 (0x03e45933) divu    s2, s0, t5
core   0: 3 0x80003a04 (0x03e45933) x18 0x00000000
core   0: 0x80003a08 (0xd7dbd537) lui     a0, 0xd7dbd
core   0: 3 0x80003a08 (0xd7dbd537) x10 0xd7dbd000
core   0: 0x80003a0c (0x03396cb3) rem     s9, s2, s3
core   0: 3 0x80003a0c (0x03396cb3) x25 0x00000000
core   0: 0x80003a10 (0x00841e13) slli    t3, s0, 8
core   0: 3 0x80003a10 (0x00841e13) x28 0x00000000
core   0: 0x80003a14 (0x02d54e33) div     t3, a0, a3
core   0: 3 0x80003a14 (0x02d54e33) x28 0x00000000
core   0: 0x80003a18 (0x01303eb3) snez    t4, s3
core   0: 3 0x80003a18 (0x01303eb3) x29 0x00000001
core   0: 0x80003a1c (0x7f4a6213) ori     tp, s4, 2036
core   0: 3 0x80003a1c (0x7f4a6213) x 4 0xb41bf7f4
core   0: 0x80003a20 (0x0173eeb3) or      t4, t2, s7
core   0: 3 0x80003a20 (0x0173eeb3) x29 0x00000001
core   0: 0x80003a24 (0x025ee2b3) rem     t0, t4, t0
core   0: 3 0x80003a24 (0x025ee2b3) x 5 0x00000001
core   0: 0x80003a28 (0x0072ee33) or      t3, t0, t2
core   0: 3 0x80003a28 (0x0072ee33) x28 0x00000001
core   0: 0x80003a2c (0x000ad513) srli    a0, s5, 0
core   0: 3 0x80003a2c (0x000ad513) x10 0x80014e64
core   0: 0x80003a30 (0x6230bc93) sltiu   s9, ra, 1571
core   0: 3 0x80003a30 (0x6230bc93) x25 0x00000000
core   0: 0x80003a34 (0x008e5cb3) srl     s9, t3, s0
core   0: 3 0x80003a34 (0x008e5cb3) x25 0x00000001
core   0: 0x80003a38 (0xb103a097) auipc   ra, 0xb103a
core   0: 3 0x80003a38 (0xb103a097) x 1 0x3103da38
core   0: 0x80003a3c (0x029e8533) mul     a0, t4, s1
core   0: 3 0x80003a3c (0x029e8533) x10 0x80015079
core   0: 0x80003a40 (0x9e4e6b37) lui     s6, 0x9e4e6
core   0: 3 0x80003a40 (0x9e4e6b37) x22 0x9e4e6000
core   0: 0x80003a44 (0x03fb9033) mulh    zero, s7, t6
core   0: 3 0x80003a44 (0x03fb9033)
core   0: 0x80003a48 (0x3cde0f13) addi    t5, t3, 973
core   0: 3 0x80003a48 (0x3cde0f13) x30 0x000003ce
core   0: 0x80003a4c (0x40080233) sub     tp, a6, zero
core   0: 3 0x80003a4c (0x40080233) x 4 0x80014f6f
core   0: 0x80003a50 (0x00000013) nop
core   0: 3 0x80003a50 (0x00000013)
core   0: 0x80003a54 (0x0285adb3) mulhsu  s11, a1, s0
core   0: 3 0x80003a54 (0x0285adb3) x27 0x00000000
core   0: 0x80003a58 (0x37d5cd93) xori    s11, a1, 893
core   0: 3 0x80003a58 (0x37d5cd93) x27 0x0000037d
core   0: 0x80003a5c (0x03c597b3) mulh    a5, a1, t3
core   0: 3 0x80003a5c (0x03c597b3) x15 0x00000000
core   0: 0x80003a60 (0x41278433) sub     s0, a5, s2
core   0: 3 0x80003a60 (0x41278433) x 8 0x00000000
core   0: 0x80003a64 (0x02730233) mul     tp, t1, t2
core   0: 3 0x80003a64 (0x02730233) x 4 0x55b9fa00
core   0: 0x80003a68 (0x021ea833) mulhsu  a6, t4, ra
core   0: 3 0x80003a68 (0x021ea833) x16 0x00000000
core   0: 0x80003a6c (0x0268d4b3) divu    s1, a7, t1
core   0: 3 0x80003a6c (0x0268d4b3) x 9 0x00000001
core   0: 0x80003a70 (0x025d6233) rem     tp, s10, t0
core   0: 3 0x80003a70 (0x025d6233) x 4 0x00000000
core   0: 0x80003a74 (0x78388293) addi    t0, a7, 1923
core   0: 3 0x80003a74 (0x78388293) x 5 0x800156f1
core   0: 0x80003a78 (0x034d97b3) mulh    a5, s11, s4
core   0: 3 0x80003a78 (0x034d97b3) x15 0xfffffef7
core   0: 0x80003a7c (0x9a9ff913) andi    s2, t6, -1623
core   0: 3 0x80003a7c (0x9a9ff913) x18 0xfffdf928
core   0: 0x80003a80 (0x01e49f93) slli    t6, s1, 30
core   0: 3 0x80003a80 (0x01e49f93) x31 0x40000000
core   0: 0x80003a84 (0x0263e2b3) rem     t0, t2, t1
core   0: 3 0x80003a84 (0x0263e2b3) x 5 0x00000001
core   0: 0x80003a88 (0x05e7fd13) andi    s10, a5, 94
core   0: 3 0x80003a88 (0x05e7fd13) x26 0x00000056
core   0: 0x80003a8c (0x01d6ae33) slt     t3, a3, t4
core   0: 3 0x80003a8c (0x01d6ae33) x28 0x00000000
core   0: 0x80003a90 (0x01024833) xor     a6, tp, a6
core   0: 3 0x80003a90 (0x01024833) x16 0x00000000
core   0: 0x80003a94 (0x03640233) mul     tp, s0, s6
core   0: 3 0x80003a94 (0x03640233) x 4 0x00000000
core   0: 0x80003a98 (0x031364b3) rem     s1, t1, a7
core   0: 3 0x80003a98 (0x031364b3) x 9 0x55b9fa00
core   0: 0x80003a9c (0x41fd5b13) srai    s6, s10, 31
core   0: 3 0x80003a9c (0x41fd5b13) x22 0x00000000
core   0: 0x80003aa0 (0x4184d033) sra     zero, s1, s8
core   0: 3 0x80003aa0 (0x4184d033)
core   0: 0x80003aa4 (0x00000013) nop
core   0: 3 0x80003aa4 (0x00000013)
core   0: 0x80003aa8 (0x409ad013) srai    zero, s5, 9
core   0: 3 0x80003aa8 (0x409ad013)
core   0: 0x80003aac (0x020ef1b3) remu    gp, t4, zero
core   0: 3 0x80003aac (0x020ef1b3) x 3 0x00000001
core   0: 0x80003ab0 (0x02e5abb3) mulhsu  s7, a1, a4
core   0: 3 0x80003ab0 (0x02e5abb3) x23 0x00000000
core   0: 0x80003ab4 (0x03f734b3) mulhu   s1, a4, t6
core   0: 3 0x80003ab4 (0x03f734b3) x 9 0x0000a7b7
core   0: 0x80003ab8 (0x02e5efb3) rem     t6, a1, a4
core   0: 3 0x80003ab8 (0x02e5efb3) x31 0x00000000
core   0: 0x80003abc (0x02383f33) mulhu   t5, a6, gp
core   0: 3 0x80003abc (0x02383f33) x30 0x00000000
core   0: 0x80003ac0 (0x538cff93) andi    t6, s9, 1336
core   0: 3 0x80003ac0 (0x538cff93) x31 0x00000000
core   0: 0x80003ac4 (0xeadd8f13) addi    t5, s11, -339
core   0: 3 0x80003ac4 (0xeadd8f13) x30 0x0000022a
core   0: 0x80003ac8 (0xce1cfe13) andi    t3, s9, -799
core   0: 3 0x80003ac8 (0xce1cfe13) x28 0x00000001
core   0: 0x80003acc (0x40b48a33) sub     s4, s1, a1
core   0: 3 0x80003acc (0x40b48a33) x20 0x0000a7b7
core   0: 0x80003ad0 (0x010825b3) slt     a1, a6, a6
core   0: 3 0x80003ad0 (0x010825b3) x11 0x00000000
core   0: 0x80003ad4 (0xe038a213) slti    tp, a7, -509
core   0: 3 0x80003ad4 (0xe038a213) x 4 0x00000001
core   0: 0x80003ad8 (0x005927b3) slt     a5, s2, t0
core   0: 3 0x80003ad8 (0x005927b3) x15 0x00000001
core   0: 0x80003adc (0x00459013) slli    zero, a1, 4
core   0: 3 0x80003adc (0x00459013)
core   0: 0x80003ae0 (0x020a7033) remu    zero, s4, zero
core   0: 3 0x80003ae0 (0x020a7033)
core   0: 0x80003ae4 (0xd09d2893) slti    a7, s10, -759
core   0: 3 0x80003ae4 (0xd09d2893) x17 0x00000000
core   0: 0x80003ae8 (0x03ecd733) divu    a4, s9, t5
core   0: 3 0x80003ae8 (0x03ecd733) x14 0x00000000
core   0: 0x80003aec (0xd7c73993) sltiu   s3, a4, -644
core   0: 3 0x80003aec (0xd7c73993) x19 0x00000001
core   0: 0x80003af0 (0x01aad333) srl     t1, s5, s10
core   0: 3 0x80003af0 (0x01aad333) x 6 0x00000200
core   0: 0x80003af4 (0x007511b3) sll     gp, a0, t2
core   0: 3 0x80003af4 (0x007511b3) x 3 0x0002a0f2
core   0: 0x80003af8 (0x036cb233) mulhu   tp, s9, s6
core   0: 3 0x80003af8 (0x036cb233) x 4 0x00000000
core   0: 0x80003afc (0x03814fb3) div     t6, sp, s8
core   0: 3 0x80003afc (0x03814fb3) x31 0xffffffff
core   0: 0x80003b00 (0x00bda033) slt     zero, s11, a1
core   0: 3 0x80003b00 (0x00bda033)
core   0: 0x80003b04 (0x00545bb3) srl     s7, s0, t0
core   0: 3 0x80003b04 (0x00545bb3) x23 0x00000000
core   0: 0x80003b08 (0x00283fb3) sltu    t6, a6, sp
core   0: 3 0x80003b08 (0x00283fb3) x31 0x00000001
core   0: 0x80003b0c (0x01e065b3) or      a1, zero, t5
core   0: 3 0x80003b0c (0x01e065b3) x11 0x0000022a
core   0: 0x80003b10 (0x009641b3) xor     gp, a2, s1
core   0: 3 0x80003b10 (0x009641b3) x 3 0xf0185cd7
core   0: 0x80003b14 (0x018bb333) sltu    t1, s7, s8
core   0: 3 0x80003b14 (0x018bb333) x 6 0x00000000
core   0: 0x80003b18 (0x00321f33) sll     t5, tp, gp
core   0: 3 0x80003b18 (0x00321f33) x30 0x00000000
core   0: 0x80003b1c (0xd2da59b7) lui     s3, 0xd2da5
core   0: 3 0x80003b1c (0xd2da59b7) x19 0xd2da5000
core   0: 0x80003b20 (0x1c13b413) sltiu   s0, t2, 449
core   0: 3 0x80003b20 (0x1c13b413) x 8 0x00000001
core   0: 0x80003b24 (0x410f8fb3) sub     t6, t6, a6
core   0: 3 0x80003b24 (0x410f8fb3) x31 0x00000001
core   0: 0x80003b28 (0x00d41d33) sll     s10, s0, a3
core   0: 3 0x80003b28 (0x00d41d33) x26 0x00000001
core   0: 0x80003b2c (0x029fc2b3) div     t0, t6, s1
core   0: 3 0x80003b2c (0x029fc2b3) x 5 0x00000000
core   0: 0x80003b30 (0x021341b3) div     gp, t1, ra
core   0: 3 0x80003b30 (0x021341b3) x 3 0x00000000
core   0: 0x80003b34 (0x02f79c33) mulh    s8, a5, a5
core   0: 3 0x80003b34 (0x02f79c33) x24 0x00000000
core   0: 0x80003b38 (0x02137b33) remu    s6, t1, ra
core   0: 3 0x80003b38 (0x02137b33) x22 0x00000000
core   0: 0x80003b3c (0x50177c93) andi    s9, a4, 1281
core   0: 3 0x80003b3c (0x50177c93) x25 0x00000000
core   0: 0x80003b40 (0x4cdd0b93) addi    s7, s10, 1229
core   0: 3 0x80003b40 (0x4cdd0b93) x23 0x000004ce
core   0: 0x80003b44 (0x64433693) sltiu   a3, t1, 1604
core   0: 3 0x80003b44 (0x64433693) x13 0x00000001
core   0: 0x80003b48 (0x01e052b3) srl     t0, zero, t5
core   0: 3 0x80003b48 (0x01e052b3) x 5 0x00000000
core   0: 0x80003b4c (0x00000013) nop
core   0: 3 0x80003b4c (0x00000013)
core   0: 0x80003b50 (0x027de3b3) rem     t2, s11, t2
core   0: 3 0x80003b50 (0x027de3b3) x 7 0x00000000
core   0: 0x80003b54 (0x02a96fb3) rem     t6, s2, a0
core   0: 3 0x80003b54 (0x02a96fb3) x31 0xfffdf928
core   0: 0x80003b58 (0x016ccd33) xor     s10, s9, s6
core   0: 3 0x80003b58 (0x016ccd33) x26 0x00000000
core   0: 0x80003b5c (0x010e13b3) sll     t2, t3, a6
core   0: 3 0x80003b5c (0x010e13b3) x 7 0x00000001
core   0: 0x80003b60 (0xea1e0a13) addi    s4, t3, -351
core   0: 3 0x80003b60 (0xea1e0a13) x20 0xfffffea2
core   0: 0x80003b64 (0x0242c433) div     s0, t0, tp
core   0: 3 0x80003b64 (0x0242c433) x 8 0xffffffff
core   0: 0x80003b68 (0x02d03233) mulhu   tp, zero, a3
core   0: 3 0x80003b68 (0x02d03233) x 4 0x00000000
core   0: 0x80003b6c (0x0143eb33) or      s6, t2, s4
core   0: 3 0x80003b6c (0x0143eb33) x22 0xfffffea3
core   0: 0x80003b70 (0x00f5e233) or      tp, a1, a5
core   0: 3 0x80003b70 (0x00f5e233) x 4 0x0000022b
core   0: 0x80003b74 (0x0074a1b3) slt     gp, s1, t2
core   0: 3 0x80003b74 (0x0074a1b3) x 3 0x00000000
core   0: 0x80003b78 (0x00819d33) sll     s10, gp, s0
core   0: 3 0x80003b78 (0x00819d33) x26 0x00000000
core   0: 0x80003b7c (0x01ce5d33) srl     s10, t3, t3
core   0: 3 0x80003b7c (0x01ce5d33) x26 0x00000000
core   0: 0x80003b80 (0x0200cf33) div     t5, ra, zero
core   0: 3 0x80003b80 (0x0200cf33) x30 0xffffffff
core   0: 0x80003b84 (0xe022ac93) slti    s9, t0, -510
core   0: 3 0x80003b84 (0xe022ac93) x25 0x00000000
core   0: 0x80003b88 (0x03bff233) remu    tp, t6, s11
core   0: 3 0x80003b88 (0x03bff233) x 4 0x00000057
core   0: 0x80003b8c (0xdf752db7) lui     s11, 0xdf752
core   0: 3 0x80003b8c (0xdf752db7) x27 0xdf752000
core   0: 0x80003b90 (0x00b96d33) or      s10, s2, a1
core   0: 3 0x80003b90 (0x00b96d33) x26 0xfffdfb2a
core   0: 0x80003b94 (0x00000013) nop
core   0: 3 0x80003b94 (0x00000013)
core   0: 0x80003b98 (0x407c0a33) sub     s4, s8, t2
core   0: 3 0x80003b98 (0x407c0a33) x20 0xffffffff
core   0: 0x80003b9c (0xc9d4fb37) lui     s6, 0xc9d4f
core   0: 3 0x80003b9c (0xc9d4fb37) x22 0xc9d4f000
core   0: 0x80003ba0 (0x013c4333) xor     t1, s8, s3
core   0: 3 0x80003ba0 (0x013c4333) x 6 0xd2da5000
core   0: 0x80003ba4 (0x02c39f33) mulh    t5, t2, a2
core   0: 3 0x80003ba4 (0x02c39f33) x30 0xffffffff
core   0: 0x80003ba8 (0x00ac5333) srl     t1, s8, a0
core   0: 3 0x80003ba8 (0x00ac5333) x 6 0x00000000
core   0: 0x80003bac (0x015fd4b3) srl     s1, t6, s5
core   0: 3 0x80003bac (0x015fd4b3) x 9 0x0fffdf92
core   0: 0x80003bb0 (0x8dbefd17) auipc   s10, 0x8dbef
core   0: 3 0x80003bb0 (0x8dbefd17) x26 0x0dbf2bb0
core   0: 0x80003bb4 (0x00701233) sll     tp, zero, t2
core   0: 3 0x80003bb4 (0x00701233) x 4 0x00000000
core   0: 0x80003bb8 (0x00df5eb3) srl     t4, t5, a3
core   0: 3 0x80003bb8 (0x00df5eb3) x29 0x7fffffff
core   0: 0x80003bbc (0x0353c5b3) div     a1, t2, s5
core   0: 3 0x80003bbc (0x0353c5b3) x11 0x00000000
core   0: 0x80003bc0 (0x01f2d833) srl     a6, t0, t6
core   0: 3 0x80003bc0 (0x01f2d833) x16 0x00000000
core   0: 0x80003bc4 (0xccf6fa13) andi    s4, a3, -817
core   0: 3 0x80003bc4 (0xccf6fa13) x20 0x00000001
core   0: 0x80003bc8 (0x00a19d93) slli    s11, gp, 10
core   0: 3 0x80003bc8 (0x00a19d93) x27 0x00000000
core   0: 0x80003bcc (0x004f4c33) xor     s8, t5, tp
core   0: 3 0x80003bcc (0x004f4c33) x24 0xffffffff
core   0: 0x80003bd0 (0x01306db3) or      s11, zero, s3
core   0: 3 0x80003bd0 (0x01306db3) x27 0xd2da5000
core   0: 0x80003bd4 (0x000f2933) slt     s2, t5, zero
core   0: 3 0x80003bd4 (0x000f2933) x18 0x00000001
core   0: 0x80003bd8 (0x015aaf33) slt     t5, s5, s5
core   0: 3 0x80003bd8 (0x015aaf33) x30 0x00000000
core   0: 0x80003bdc (0x743279b7) lui     s3, 0x74327
core   0: 3 0x80003bdc (0x743279b7) x19 0x74327000
core   0: 0x80003be0 (0x0180f033) and     zero, ra, s8
core   0: 3 0x80003be0 (0x0180f033)
core   0: 0x80003be4 (0x01ea1cb3) sll     s9, s4, t5
core   0: 3 0x80003be4 (0x01ea1cb3) x25 0x00000001
core   0: 0x80003be8 (0x418f5413) srai    s0, t5, 24
core   0: 3 0x80003be8 (0x418f5413) x 8 0x00000000
core   0: 0x80003bec (0x02cdff33) remu    t5, s11, a2
core   0: 3 0x80003bec (0x02cdff33) x30 0xd2da5000
core   0: 0x80003bf0 (0x41948433) sub     s0, s1, s9
core   0: 3 0x80003bf0 (0x41948433) x 8 0x0fffdf91
core   0: 0x80003bf4 (0x01f9c4b3) xor     s1, s3, t6
core   0: 3 0x80003bf4 (0x01f9c4b3) x 9 0x8bcf8928
core   0: 0x80003bf8 (0x00055533) srl     a0, a0, zero
core   0: 3 0x80003bf8 (0x00055533) x10 0x80015079
core   0: 0x80003bfc (0x42b3b593) sltiu   a1, t2, 1067
core   0: 3 0x80003bfc (0x42b3b593) x11 0x00000001
core   0: 0x80003c00 (0xee292037) lui     zero, 0xee292
core   0: 3 0x80003c00 (0xee292037)
core   0: 0x80003c04 (0x0308f733) remu    a4, a7, a6
core   0: 3 0x80003c04 (0x0308f733) x14 0x00000000
core   0: 0x80003c08 (0x3306a297) auipc   t0, 0x3306a
core   0: 3 0x80003c08 (0x3306a297) x 5 0xb306dc08
core   0: 0x80003c0c (0xdc24fb93) andi    s7, s1, -574
core   0: 3 0x80003c0c (0xdc24fb93) x23 0x8bcf8900
core   0: 0x80003c10 (0x01d52e33) slt     t3, a0, t4
core   0: 3 0x80003c10 (0x01d52e33) x28 0x00000001
core   0: 0x80003c14 (0x8c01cf97) auipc   t6, 0x8c01c
core   0: 3 0x80003c14 (0x8c01cf97) x31 0x0c01fc14
core   0: 0x80003c18 (0x006ce0b3) or      ra, s9, t1
core   0: 3 0x80003c18 (0x006ce0b3) x 1 0x00000001
core   0: 0x80003c1c (0x01740c33) add     s8, s0, s7
core   0: 3 0x80003c1c (0x01740c33) x24 0x9bcf6891
core   0: 0x80003c20 (0x40b0d1b3) sra     gp, ra, a1
core   0: 3 0x80003c20 (0x40b0d1b3) x 3 0x00000000
core   0: 0x80003c24 (0x006f0eb3) add     t4, t5, t1
core   0: 3 0x80003c24 (0x006f0eb3) x29 0xd2da5000
core   0: 0x80003c28 (0x00e0b7b3) sltu    a5, ra, a4
core   0: 3 0x80003c28 (0x00e0b7b3) x15 0x00000000
core   0: 0x80003c2c (0x394eff93) andi    t6, t4, 916
core   0: 3 0x80003c2c (0x394eff93) x31 0x00000000
core   0: 0x80003c30 (0xca602e13) slti    t3, zero, -858
core   0: 3 0x80003c30 (0xca602e13) x28 0x00000000
core   0: 0x80003c34 (0x0b02cf13) xori    t5, t0, 176
core   0: 3 0x80003c34 (0x0b02cf13) x30 0xb306dcb8
core   0: 0x80003c38 (0x002e78b3) and     a7, t3, sp
core   0: 3 0x80003c38 (0x002e78b3) x17 0x00000000
core   0: 0x80003c3c (0x00248433) add     s0, s1, sp
core   0: 3 0x80003c3c (0x00248433) x 8 0x0bd1160c
core   0: 0x80003c40 (0xb5b6b413) sltiu   s0, a3, -1189
core   0: 3 0x80003c40 (0xb5b6b413) x 8 0x00000001
core   0: 0x80003c44 (0xf2828993) addi    s3, t0, -216
core   0: 3 0x80003c44 (0xf2828993) x19 0xb306db30
core   0: 0x80003c48 (0x022c7fb3) remu    t6, s8, sp
core   0: 3 0x80003c48 (0x022c7fb3) x31 0x1bcddbad
core   0: 0x80003c4c (0x00aad793) srli    a5, s5, 10
core   0: 3 0x80003c4c (0x00aad793) x15 0x00200053
core   0: 0x80003c50 (0xb8f51297) auipc   t0, 0xb8f51
core   0: 3 0x80003c50 (0xb8f51297) x 5 0x38f54c50
core   0: 0x80003c54 (0x00f73e33) sltu    t3, a4, a5
core   0: 3 0x80003c54 (0x00f73e33) x28 0x00000001
core   0: 0x80003c58 (0x75c86813) ori     a6, a6, 1884
core   0: 3 0x80003c58 (0x75c86813) x16 0x0000075c
core   0: 0x80003c5c (0x007868b3) or      a7, a6, t2
core   0: 3 0x80003c5c (0x007868b3) x17 0x0000075d
core   0: 0x80003c60 (0x01f51993) slli    s3, a0, 31
core   0: 3 0x80003c60 (0x01f51993) x19 0x80000000
core   0: 0x80003c64 (0x02802233) mulhsu  tp, zero, s0
core   0: 3 0x80003c64 (0x02802233) x 4 0x00000000
core   0: 0x80003c68 (0x0381a2b3) mulhsu  t0, gp, s8
core   0: 3 0x80003c68 (0x0381a2b3) x 5 0x00000000
core   0: 0x80003c6c (0x00000013) nop
core   0: 3 0x80003c6c (0x00000013)
core   0: 0x80003c70 (0x41e25e33) sra     t3, tp, t5
core   0: 3 0x80003c70 (0x41e25e33) x28 0x00000000
core   0: 0x80003c74 (0x776eb737) lui     a4, 0x776eb
core   0: 3 0x80003c74 (0x776eb737) x14 0x776eb000
core   0: 0x80003c78 (0x027f0533) mul     a0, t5, t2
core   0: 3 0x80003c78 (0x027f0533) x10 0xb306dcb8
core   0: 0x80003c7c (0x02da13b3) mulh    t2, s4, a3
core   0: 3 0x80003c7c (0x02da13b3) x 7 0x00000000
core   0: 0x80003c80 (0x01c325b3) slt     a1, t1, t3
core   0: 3 0x80003c80 (0x01c325b3) x11 0x00000000
core   0: 0x80003c84 (0x005b9213) slli    tp, s7, 5
core   0: 3 0x80003c84 (0x005b9213) x 4 0x79f12000
core   0: 0x80003c88 (0x419b5533) sra     a0, s6, s9
core   0: 3 0x80003c88 (0x419b5533) x10 0xe4ea7800
core   0: 0x80003c8c (0x00ad1a13) slli    s4, s10, 10
core   0: 3 0x80003c8c (0x00ad1a13) x20 0xfcaec000
core   0: 0x80003c90 (0xdb61dbb7) lui     s7, 0xdb61d
core   0: 3 0x80003c90 (0xdb61dbb7) x23 0xdb61d000
core   0: 0x80003c94 (0x00073a33) sltu    s4, a4, zero
core   0: 3 0x80003c94 (0x00073a33) x20 0x00000000
core   0: 0x80003c98 (0x01fa6db3) or      s11, s4, t6
core   0: 3 0x80003c98 (0x01fa6db3) x27 0x1bcddbad
core   0: 0x80003c9c (0x01b5d893) srli    a7, a1, 27
core   0: 3 0x80003c9c (0x01b5d893) x17 0x00000000
core   0: 0x80003ca0 (0x00131733) sll     a4, t1, ra
core   0: 3 0x80003ca0 (0x00131733) x14 0x00000000
core   0: 0x80003ca4 (0x026126b3) mulhsu  a3, sp, t1
core   0: 3 0x80003ca4 (0x026126b3) x13 0x00000000
core   0: 0x80003ca8 (0x01d91d13) slli    s10, s2, 29
core   0: 3 0x80003ca8 (0x01d91d13) x26 0x20000000
core   0: 0x80003cac (0x43053413) sltiu   s0, a0, 1072
core   0: 3 0x80003cac (0x43053413) x 8 0x00000000
core   0: 0x80003cb0 (0x03fde7b3) rem     a5, s11, t6
core   0: 3 0x80003cb0 (0x03fde7b3) x15 0x00000000
core   0: 0x80003cb4 (0x00fa1313) slli    t1, s4, 15
core   0: 3 0x80003cb4 (0x00fa1313) x 6 0x00000000
core   0: 0x80003cb8 (0x41afd713) srai    a4, t6, 26
core   0: 3 0x80003cb8 (0x41afd713) x14 0x00000006
core   0: 0x80003cbc (0xd58a6913) ori     s2, s4, -680
core   0: 3 0x80003cbc (0xd58a6913) x18 0xfffffd58
core   0: 0x80003cc0 (0x038fa6b3) mulhsu  a3, t6, s8
core   0: 3 0x80003cc0 (0x038fa6b3) x13 0x10ec2ad1
core   0: 0x80003cc4 (0x02ffed33) rem     s10, t6, a5
core   0: 3 0x80003cc4 (0x02ffed33) x26 0x1bcddbad
core   0: 0x80003cc8 (0x01691413) slli    s0, s2, 22
core   0: 3 0x80003cc8 (0x01691413) x 8 0x56000000
core   0: 0x80003ccc (0x00ef95b3) sll     a1, t6, a4
core   0: 3 0x80003ccc (0x00ef95b3) x11 0xf376eb40
core   0: 0x80003cd0 (0x01be6833) or      a6, t3, s11
core   0: 3 0x80003cd0 (0x01be6833) x16 0x1bcddbad
core   0: 0x80003cd4 (0x03fa8533) mul     a0, s5, t6
core   0: 3 0x80003cd4 (0x03fa8533) x10 0xf1058594
core   0: 0x80003cd8 (0x8e428713) addi    a4, t0, -1820
core   0: 3 0x80003cd8 (0x8e428713) x14 0xfffff8e4
core   0: 0x80003cdc (0x032bcdb3) div     s11, s7, s2
core   0: 3 0x80003cdc (0x032bcdb3) x27 0x000dc91b
core   0: 0x80003ce0 (0x038eaf33) mulhsu  t5, t4, s8
core   0: 3 0x80003ce0 (0x038eaf33) x30 0xe4859a85
core   0: 0x80003ce4 (0x00a91793) slli    a5, s2, 10
core   0: 3 0x80003ce4 (0x00a91793) x15 0xfff56000
core   0: 0x80003ce8 (0x01b91233) sll     tp, s2, s11
core   0: 3 0x80003ce8 (0x01b91233) x 4 0xc0000000
core   0: 0x80003cec (0x00491d93) slli    s11, s2, 4
core   0: 3 0x80003cec (0x00491d93) x27 0xffffd580
core   0: 0x80003cf0 (0x0200cdb3) div     s11, ra, zero
core   0: 3 0x80003cf0 (0x0200cdb3) x27 0xffffffff
core   0: 0x80003cf4 (0x25fa0913) addi    s2, s4, 607
core   0: 3 0x80003cf4 (0x25fa0913) x18 0x0000025f
core   0: 0x80003cf8 (0x0058d213) srli    tp, a7, 5
core   0: 3 0x80003cf8 (0x0058d213) x 4 0x00000000
core   0: 0x80003cfc (0x1b51ed13) ori     s10, gp, 437
core   0: 3 0x80003cfc (0x1b51ed13) x26 0x000001b5
core   0: 0x80003d00 (0x00435c93) srli    s9, t1, 4
core   0: 3 0x80003d00 (0x00435c93) x25 0x00000000
core   0: 0x80003d04 (0x02fcf833) remu    a6, s9, a5
core   0: 3 0x80003d04 (0x02fcf833) x16 0x00000000
core   0: 0x80003d08 (0xa1fea497) auipc   s1, 0xa1fea
core   0: 3 0x80003d08 (0xa1fea497) x 9 0x21fedd08
core   0: 0x80003d0c (0x0a357593) andi    a1, a0, 163
core   0: 3 0x80003d0c (0x0a357593) x11 0x00000080
core   0: 0x80003d10 (0x0c558813) addi    a6, a1, 197
core   0: 3 0x80003d10 (0x0c558813) x16 0x00000145
core   0: 0x80003d14 (0x010bd0b3) srl     ra, s7, a6
core   0: 3 0x80003d14 (0x010bd0b3) x 1 0x06db0e80
core   0: 0x80003d18 (0x004ef5b3) and     a1, t4, tp
core   0: 3 0x80003d18 (0x004ef5b3) x11 0x00000000
core   0: 0x80003d1c (0x00000013) nop
core   0: 3 0x80003d1c (0x00000013)
core   0: 0x80003d20 (0x00035db3) srl     s11, t1, zero
core   0: 3 0x80003d20 (0x00035db3) x27 0x00000000
core   0: 0x80003d24 (0x06820a13) addi    s4, tp, 104
core   0: 3 0x80003d24 (0x06820a13) x20 0x00000068
core   0: 0x80003d28 (0x412881b3) sub     gp, a7, s2
core   0: 3 0x80003d28 (0x412881b3) x 3 0xfffffda1
core   0: 0x80003d2c (0x256c5197) auipc   gp, 0x256c5
core   0: 3 0x80003d2c (0x256c5197) x 3 0xa56c8d2c
core   0: 0x80003d30 (0x02688f33) mul     t5, a7, t1
core   0: 3 0x80003d30 (0x02688f33) x30 0x00000000
core   0: 0x80003d34 (0x00000013) nop
core   0: 3 0x80003d34 (0x00000013)
core   0: 0x80003d38 (0x015c3933) sltu    s2, s8, s5
core   0: 3 0x80003d38 (0x015c3933) x18 0x00000000
core   0: 0x80003d3c (0x402a5a33) sra     s4, s4, sp
core   0: 3 0x80003d3c (0x402a5a33) x20 0x00000006
core   0: 0x80003d40 (0x00b027b3) slt     a5, zero, a1
core   0: 3 0x80003d40 (0x00b027b3) x15 0x00000000
core   0: 0x80003d44 (0x033e8733) mul     a4, t4, s3
core   0: 3 0x80003d44 (0x033e8733) x14 0x00000000
core   0: 0x80003d48 (0x00db1833) sll     a6, s6, a3
core   0: 3 0x80003d48 (0x00db1833) x16 0xe0000000
core   0: 0x80003d4c (0x00599533) sll     a0, s3, t0
core   0: 3 0x80003d4c (0x00599533) x10 0x80000000
core   0: 0x80003d50 (0x019bd733) srl     a4, s7, s9
core   0: 3 0x80003d50 (0x019bd733) x14 0xdb61d000
core   0: 0x80003d54 (0x01f35333) srl     t1, t1, t6
core   0: 3 0x80003d54 (0x01f35333) x 6 0x00000000
core   0: 0x80003d58 (0x039d5e33) divu    t3, s10, s9
core   0: 3 0x80003d58 (0x039d5e33) x28 0xffffffff
core   0: 0x80003d5c (0x125fff93) andi    t6, t6, 293
core   0: 3 0x80003d5c (0x125fff93) x31 0x00000125
core   0: 0x80003d60 (0x0047b1b3) sltu    gp, a5, tp
core   0: 3 0x80003d60 (0x0047b1b3) x 3 0x00000000
core   0: 0x80003d64 (0x015f4933) xor     s2, t5, s5
core   0: 3 0x80003d64 (0x015f4933) x18 0x80014e64
core   0: 0x80003d68 (0x41745cb3) sra     s9, s0, s7
core   0: 3 0x80003d68 (0x41745cb3) x25 0x56000000
core   0: 0x80003d6c (0x03af2433) mulhsu  s0, t5, s10
core   0: 3 0x80003d6c (0x03af2433) x 8 0x00000000
core   0: 0x80003d70 (0x405f8733) sub     a4, t6, t0
core   0: 3 0x80003d70 (0x405f8733) x14 0x00000125
core   0: 0x80003d74 (0x41f45193) srai    gp, s0, 31
core   0: 3 0x80003d74 (0x41f45193) x 3 0x00000000
core   0: 0x80003d78 (0x02195933) divu    s2, s2, ra
core   0: 3 0x80003d78 (0x02195933) x18 0x00000012
core   0: 0x80003d7c (0x016bfbb3) and     s7, s7, s6
core   0: 3 0x80003d7c (0x016bfbb3) x23 0xc940d000
core   0: 0x80003d80 (0x00c85713) srli    a4, a6, 12
core   0: 3 0x80003d80 (0x00c85713) x14 0x000e0000
core   0: 0x80003d84 (0x020b76b3) remu    a3, s6, zero
core   0: 3 0x80003d84 (0x020b76b3) x13 0xc9d4f000
core   0: 0x80003d88 (0x3019b893) sltiu   a7, s3, 769
core   0: 3 0x80003d88 (0x3019b893) x17 0x00000000
core   0: 0x80003d8c (0x0352ceb3) div     t4, t0, s5
core   0: 3 0x80003d8c (0x0352ceb3) x29 0x00000000
core   0: 0x80003d90 (0x41b2d5b3) sra     a1, t0, s11
core   0: 3 0x80003d90 (0x41b2d5b3) x11 0x00000000
core   0: 0x80003d94 (0x02bed933) divu    s2, t4, a1
core   0: 3 0x80003d94 (0x02bed933) x18 0xffffffff
core   0: 0x80003d98 (0xf5287713) andi    a4, a6, -174
core   0: 3 0x80003d98 (0xf5287713) x14 0xe0000000
core   0: 0x80003d9c (0x02c517b3) mulh    a5, a0, a2
core   0: 3 0x80003d9c (0x02c517b3) x15 0x07f38250
core   0: 0x80003da0 (0x002bcc33) xor     s8, s7, sp
core   0: 3 0x80003da0 (0x002bcc33) x24 0x49415ce4
core   0: 0x80003da4 (0x4a092693) slti    a3, s2, 1184
core   0: 3 0x80003da4 (0x4a092693) x13 0x00000001
core   0: 0x80003da8 (0x02133033) mulhu   zero, t1, ra
core   0: 3 0x80003da8 (0x02133033)
core   0: 0x80003dac (0x01336bb3) or      s7, t1, s3
core   0: 3 0x80003dac (0x01336bb3) x23 0x80000000
core   0: 0x80003db0 (0x03ffda33) divu    s4, t6, t6
core   0: 3 0x80003db0 (0x03ffda33) x20 0x00000001
core   0: 0x80003db4 (0x023d3733) mulhu   a4, s10, gp
core   0: 3 0x80003db4 (0x023d3733) x14 0x00000000
core   0: 0x80003db8 (0x002b91b3) sll     gp, s7, sp
core   0: 3 0x80003db8 (0x002b91b3) x 3 0x00000000
core   0: 0x80003dbc (0x1a39c293) xori    t0, s3, 419
core   0: 3 0x80003dbc (0x1a39c293) x 5 0x800001a3
core   0: 0x80003dc0 (0x01c2da33) srl     s4, t0, t3
core   0: 3 0x80003dc0 (0x01c2da33) x20 0x00000001
core   0: 0x80003dc4 (0x00a31db3) sll     s11, t1, a0
core   0: 3 0x80003dc4 (0x00a31db3) x27 0x00000000
core   0: 0x80003dc8 (0xb1aee213) ori     tp, t4, -1254
core   0: 3 0x80003dc8 (0xb1aee213) x 4 0xfffffb1a
core   0: 0x80003dcc (0x175c2213) slti    tp, s8, 373
core   0: 3 0x80003dcc (0x175c2213) x 4 0x00000000
core   0: 0x80003dd0 (0x03ab3833) mulhu   a6, s6, s10
core   0: 3 0x80003dd0 (0x03ab3833) x16 0x00000158
core   0: 0x80003dd4 (0x01792733) slt     a4, s2, s7
core   0: 3 0x80003dd4 (0x01792733) x14 0x00000000
core   0: 0x80003dd8 (0x002a5813) srli    a6, s4, 2
core   0: 3 0x80003dd8 (0x002a5813) x16 0x00000000
core   0: 0x80003ddc (0x0c680b13) addi    s6, a6, 198
core   0: 3 0x80003ddc (0x0c680b13) x22 0x000000c6
core   0: 0x80003de0 (0xf737aa13) slti    s4, a5, -141
core   0: 3 0x80003de0 (0xf737aa13) x20 0x00000000
core   0: 0x80003de4 (0x01998033) add     zero, s3, s9
core   0: 3 0x80003de4 (0x01998033)
core   0: 0x80003de8 (0x018c66b3) or      a3, s8, s8
core   0: 3 0x80003de8 (0x018c66b3) x13 0x49415ce4
core   0: 0x80003dec (0x414e5433) sra     s0, t3, s4
core   0: 3 0x80003dec (0x414e5433) x 8 0xffffffff
core   0: 0x80003df0 (0x01d00a33) add     s4, zero, t4
core   0: 3 0x80003df0 (0x01d00a33) x20 0x00000000
core   0: 0x80003df4 (0x40e20233) sub     tp, tp, a4
core   0: 3 0x80003df4 (0x40e20233) x 4 0x00000000
core   0: 0x80003df8 (0x0074a4b3) slt     s1, s1, t2
core   0: 3 0x80003df8 (0x0074a4b3) x 9 0x00000000
core   0: 0x80003dfc (0x01e1ab33) slt     s6, gp, t5
core   0: 3 0x80003dfc (0x01e1ab33) x22 0x00000000
core   0: 0x80003e00 (0x00d25333) srl     t1, tp, a3
core   0: 3 0x80003e00 (0x00d25333) x 6 0x00000000
core   0: 0x80003e04 (0x010be733) or      a4, s7, a6
core   0: 3 0x80003e04 (0x010be733) x14 0x80000000
core   0: 0x80003e08 (0xe2f3eb93) ori     s7, t2, -465
core   0: 3 0x80003e08 (0xe2f3eb93) x23 0xfffffe2f
core   0: 0x80003e0c (0xcd67b037) lui     zero, 0xcd67b
core   0: 3 0x80003e0c (0xcd67b037)
core   0: 0x80003e10 (0x7a0ea513) slti    a0, t4, 1952
core   0: 3 0x80003e10 (0x7a0ea513) x10 0x00000001
core   0: 0x80003e14 (0x02f010b3) mulh    ra, zero, a5
core   0: 3 0x80003e14 (0x02f010b3) x 1 0x00000000
core   0: 0x80003e18 (0x02fc19b3) mulh    s3, s8, a5
core   0: 3 0x80003e18 (0x02fc19b3) x19 0x024677df
core   0: 0x80003e1c (0x41895333) sra     t1, s2, s8
core   0: 3 0x80003e1c (0x41895333) x 6 0xffffffff
core   0: 0x80003e20 (0x41e45413) srai    s0, s0, 30
core   0: 3 0x80003e20 (0x41e45413) x 8 0xffffffff
core   0: 0x80003e24 (0x40f55e33) sra     t3, a0, a5
core   0: 3 0x80003e24 (0x40f55e33) x28 0x00000000
core   0: 0x80003e28 (0x010093b3) sll     t2, ra, a6
core   0: 3 0x80003e28 (0x010093b3) x 7 0x00000000
core   0: 0x80003e2c (0x88792593) slti    a1, s2, -1913
core   0: 3 0x80003e2c (0x88792593) x11 0x00000000
core   0: 0x80003e30 (0x2df9a993) slti    s3, s3, 735
core   0: 3 0x80003e30 (0x2df9a993) x19 0x00000000
core   0: 0x80003e34 (0x012ec733) xor     a4, t4, s2
core   0: 3 0x80003e34 (0x012ec733) x14 0xffffffff
core   0: 0x80003e38 (0xc1198493) addi    s1, s3, -1007
core   0: 3 0x80003e38 (0xc1198493) x 9 0xfffffc11
core   0: 0x80003e3c (0x40a95433) sra     s0, s2, a0
core   0: 3 0x80003e3c (0x40a95433) x 8 0xffffffff
core   0: 0x80003e40 (0x02a407b3) mul     a5, s0, a0
core   0: 3 0x80003e40 (0x02a407b3) x15 0xffffffff
core   0: 0x80003e44 (0x01725f13) srli    t5, tp, 23
core   0: 3 0x80003e44 (0x01725f13) x30 0x00000000
core   0: 0x80003e48 (0x031ff9b3) remu    s3, t6, a7
core   0: 3 0x80003e48 (0x031ff9b3) x19 0x00000125
core   0: 0x80003e4c (0xdbf36c93) ori     s9, t1, -577
core   0: 3 0x80003e4c (0xdbf36c93) x25 0xffffffff
core   0: 0x80003e50 (0x01754033) xor     zero, a0, s7
core   0: 3 0x80003e50 (0x01754033)
core   0: 0x80003e54 (0x01b13b33) sltu    s6, sp, s11
core   0: 3 0x80003e54 (0x01b13b33) x22 0x00000000
core   0: 0x80003e58 (0x00615793) srli    a5, sp, 6
core   0: 3 0x80003e58 (0x00615793) x15 0x02000633
core   0: 0x80003e5c (0xff10ac13) slti    s8, ra, -15
core   0: 3 0x80003e5c (0xff10ac13) x24 0x00000000
core   0: 0x80003e60 (0xdb882693) slti    a3, a6, -584
core   0: 3 0x80003e60 (0xdb882693) x13 0x00000000
core   0: 0x80003e64 (0x012eda33) srl     s4, t4, s2
core   0: 3 0x80003e64 (0x012eda33) x20 0x00000000
core   0: 0x80003e68 (0x74922d13) slti    s10, tp, 1865
core   0: 3 0x80003e68 (0x74922d13) x26 0x00000001
core   0: 0x80003e6c (0x3cdc2d13) slti    s10, s8, 973
core   0: 3 0x80003e6c (0x3cdc2d13) x26 0x00000001
core   0: 0x80003e70 (0x0097b733) sltu    a4, a5, s1
core   0: 3 0x80003e70 (0x0097b733) x14 0x00000001
core   0: 0x80003e74 (0x40d4dbb3) sra     s7, s1, a3
core   0: 3 0x80003e74 (0x40d4dbb3) x23 0xfffffc11
core   0: 0x80003e78 (0xb618ea13) ori     s4, a7, -1183
core   0: 3 0x80003e78 (0xb618ea13) x20 0xfffffb61
core   0: 0x80003e7c (0x03038bb3) mul     s7, t2, a6
core   0: 3 0x80003e7c (0x03038bb3) x23 0x00000000
core   0: 0x80003e80 (0x6432eb93) ori     s7, t0, 1603
core   0: 3 0x80003e80 (0x6432eb93) x23 0x800007e3
core   0: 0x80003e84 (0x869f3713) sltiu   a4, t5, -1943
core   0: 3 0x80003e84 (0x869f3713) x14 0x00000001
core   0: 0x80003e88 (0x01820333) add     t1, tp, s8
core   0: 3 0x80003e88 (0x01820333) x 6 0x00000000
core   0: 0x80003e8c (0x0364cdb3) div     s11, s1, s6
core   0: 3 0x80003e8c (0x0364cdb3) x27 0xffffffff
core   0: 0x80003e90 (0x01fd1f33) sll     t5, s10, t6
core   0: 3 0x80003e90 (0x01fd1f33) x30 0x00000020
core   0: 0x80003e94 (0x0116dd33) srl     s10, a3, a7
core   0: 3 0x80003e94 (0x0116dd33) x26 0x00000000
core   0: 0x80003e98 (0x02ece433) rem     s0, s9, a4
core   0: 3 0x80003e98 (0x02ece433) x 8 0x00000000
core   0: 0x80003e9c (0xa4097293) andi    t0, s2, -1472
core   0: 3 0x80003e9c (0xa4097293) x 5 0xfffffa40
core   0: 0x80003ea0 (0x034af813) andi    a6, s5, 52
core   0: 3 0x80003ea0 (0x034af813) x16 0x00000024
core   0: 0x80003ea4 (0x5a10a393) slti    t2, ra, 1441
core   0: 3 0x80003ea4 (0x5a10a393) x 7 0x00000001
core   0: 0x80003ea8 (0x0008e8b3) or      a7, a7, zero
core   0: 3 0x80003ea8 (0x0008e8b3) x17 0x00000000
core   0: 0x80003eac (0xcd990d93) addi    s11, s2, -807
core   0: 3 0x80003eac (0xcd990d93) x27 0xfffffcd8
core   0: 0x80003eb0 (0x1c264d93) xori    s11, a2, 450
core   0: 3 0x80003eb0 (0x1c264d93) x27 0xf018faa2
core   0: 0x80003eb4 (0xd033c393) xori    t2, t2, -765
core   0: 3 0x80003eb4 (0xd033c393) x 7 0xfffffd02
core   0: 0x80003eb8 (0x00e427b3) slt     a5, s0, a4
core   0: 3 0x80003eb8 (0x00e427b3) x15 0x00000001
core   0: 0x80003ebc (0x013cd233) srl     tp, s9, s3
core   0: 3 0x80003ebc (0x013cd233) x 4 0x07ffffff
core   0: 0x80003ec0 (0x0e2dc413) xori    s0, s11, 226
core   0: 3 0x80003ec0 (0x0e2dc413) x 8 0xf018fa40
core   0: 0x80003ec4 (0x41bcd4b3) sra     s1, s9, s11
core   0: 3 0x80003ec4 (0x41bcd4b3) x 9 0xffffffff
core   0: 0x80003ec8 (0x41415b33) sra     s6, sp, s4
core   0: 3 0x80003ec8 (0x41415b33) x22 0xc000c672
core   0: 0x80003ecc (0x40325bb3) sra     s7, tp, gp
core   0: 3 0x80003ecc (0x40325bb3) x23 0x07ffffff
core   0: 0x80003ed0 (0x031e8eb3) mul     t4, t4, a7
core   0: 3 0x80003ed0 (0x031e8eb3) x29 0x00000000
core   0: 0x80003ed4 (0x8c4cb193) sltiu   gp, s9, -1852
core   0: 3 0x80003ed4 (0x8c4cb193) x 3 0x00000000
core   0: 0x80003ed8 (0x027ca733) mulhsu  a4, s9, t2
core   0: 3 0x80003ed8 (0x027ca733) x14 0xffffffff
core   0: 0x80003edc (0x40f85893) srai    a7, a6, 15
core   0: 3 0x80003edc (0x40f85893) x17 0x00000000
core   0: 0x80003ee0 (0x02a7db33) divu    s6, a5, a0
core   0: 3 0x80003ee0 (0x02a7db33) x22 0x00000001
core   0: 0x80003ee4 (0x03f66e33) rem     t3, a2, t6
core   0: 3 0x80003ee4 (0x03f66e33) x28 0xffffffc6
core   0: 0x80003ee8 (0x01fac5b3) xor     a1, s5, t6
core   0: 3 0x80003ee8 (0x01fac5b3) x11 0x80014f41
core   0: 0x80003eec (0x414087b3) sub     a5, ra, s4
core   0: 3 0x80003eec (0x414087b3) x15 0x0000049f
core   0: 0x80003ef0 (0x03c54bb3) div     s7, a0, t3
core   0: 3 0x80003ef0 (0x03c54bb3) x23 0x00000000
core   0: 0x80003ef4 (0xcedc2693) slti    a3, s8, -787
core   0: 3 0x80003ef4 (0xcedc2693) x13 0x00000000
core   0: 0x80003ef8 (0x419ddf93) srai    t6, s11, 25
core   0: 3 0x80003ef8 (0x419ddf93) x31 0xfffffff8
core   0: 0x80003efc (0xc3894b13) xori    s6, s2, -968
core   0: 3 0x80003efc (0xc3894b13) x22 0x000003c7
core   0: 0x80003f00 (0x4187d6b3) sra     a3, a5, s8
core   0: 3 0x80003f00 (0x4187d6b3) x13 0x0000049f
core   0: 0x80003f04 (0x01095b93) srli    s7, s2, 16
core   0: 3 0x80003f04 (0x01095b93) x23 0x0000ffff
core   0: 0x80003f08 (0x00000013) nop
core   0: 3 0x80003f08 (0x00000013)
core   0: 0x80003f0c (0x00959f33) sll     t5, a1, s1
core   0: 3 0x80003f0c (0x00959f33) x30 0x80000000
core   0: 0x80003f10 (0x0105feb3) and     t4, a1, a6
core   0: 3 0x80003f10 (0x0105feb3) x29 0x00000000
core   0: 0x80003f14 (0x001f9d93) slli    s11, t6, 1
core   0: 3 0x80003f14 (0x001f9d93) x27 0xfffffff0
core   0: 0x80003f18 (0x41b55813) srai    a6, a0, 27
core   0: 3 0x80003f18 (0x41b55813) x16 0x00000000
core   0: 0x80003f1c (0x01a556b3) srl     a3, a0, s10
core   0: 3 0x80003f1c (0x01a556b3) x13 0x00000001
core   0: 0x80003f20 (0x00b597b3) sll     a5, a1, a1
core   0: 3 0x80003f20 (0x00b597b3) x15 0x00029e82
core   0: 0x80003f24 (0x00a3d213) srli    tp, t2, 10
core   0: 3 0x80003f24 (0x00a3d213) x 4 0x003fffff
core   0: 0x80003f28 (0x84842a13) slti    s4, s0, -1976
core   0: 3 0x80003f28 (0x84842a13) x20 0x00000001
core   0: 0x80003f2c (0x53b407b7) lui     a5, 0x53b40
core   0: 3 0x80003f2c (0x53b407b7) x15 0x53b40000
core   0: 0x80003f30 (0x022a1a33) mulh    s4, s4, sp
core   0: 3 0x80003f30 (0x022a1a33) x20 0xffffffff
core   0: 0x80003f34 (0xaeb8a913) slti    s2, a7, -1301
core   0: 3 0x80003f34 (0xaeb8a913) x18 0x00000000
core   0: 0x80003f38 (0xc0bcaf93) slti    t6, s9, -1013
core   0: 3 0x80003f38 (0xc0bcaf93) x31 0x00000000
core   0: 0x80003f3c (0x01829313) slli    t1, t0, 24
core   0: 3 0x80003f3c (0x01829313) x 6 0x40000000
core   0: 0x80003f40 (0x56aa4c37) lui     s8, 0x56aa4
core   0: 3 0x80003f40 (0x56aa4c37) x24 0x56aa4000
core   0: 0x80003f44 (0x01791d93) slli    s11, s2, 23
core   0: 3 0x80003f44 (0x01791d93) x27 0x00000000
core   0: 0x80003f48 (0x00000013) nop
core   0: 3 0x80003f48 (0x00000013)
core   0: 0x80003f4c (0xb8414d13) xori    s10, sp, -1148
core   0: 3 0x80003f4c (0xb8414d13) x26 0x7ffe7760
core   0: 0x80003f50 (0x02d941b3) div     gp, s2, a3
core   0: 3 0x80003f50 (0x02d941b3) x 3 0x00000000
core   0: 0x80003f54 (0x1eeee413) ori     s0, t4, 494
core   0: 3 0x80003f54 (0x1eeee413) x 8 0x000001ee
core   0: 0x80003f58 (0x031394b3) mulh    s1, t2, a7
core   0: 3 0x80003f58 (0x031394b3) x 9 0x00000000
core   0: 0x80003f5c (0x0149d933) srl     s2, s3, s4
core   0: 3 0x80003f5c (0x0149d933) x18 0x00000000
core   0: 0x80003f60 (0x00153b33) sltu    s6, a0, ra
core   0: 3 0x80003f60 (0x00153b33) x22 0x00000000
core   0: 0x80003f64 (0xea1a3913) sltiu   s2, s4, -351
core   0: 3 0x80003f64 (0xea1a3913) x18 0x00000000
core   0: 0x80003f68 (0x038cc3b3) div     t2, s9, s8
core   0: 3 0x80003f68 (0x038cc3b3) x 7 0x00000000
core   0: 0x80003f6c (0x025ec933) div     s2, t4, t0
core   0: 3 0x80003f6c (0x025ec933) x18 0x00000000
core   0: 0x80003f70 (0x005a5913) srli    s2, s4, 5
core   0: 3 0x80003f70 (0x005a5913) x18 0x07ffffff
core   0: 0x80003f74 (0xe1f7a193) slti    gp, a5, -481
core   0: 3 0x80003f74 (0xe1f7a193) x 3 0x00000000
core   0: 0x80003f78 (0x036e70b3) remu    ra, t3, s6
core   0: 3 0x80003f78 (0x036e70b3) x 1 0xffffffc6
core   0: 0x80003f7c (0x20677213) andi    tp, a4, 518
core   0: 3 0x80003f7c (0x20677213) x 4 0x00000206
core   0: 0x80003f80 (0xbea9e413) ori     s0, s3, -1046
core   0: 3 0x80003f80 (0xbea9e413) x 8 0xfffffbef
core   0: 0x80003f84 (0x14918197) auipc   gp, 0x14918
core   0: 3 0x80003f84 (0x14918197) x 3 0x9491bf84
core   0: 0x80003f88 (0x408a8bb3) sub     s7, s5, s0
core   0: 3 0x80003f88 (0x408a8bb3) x23 0x80015275
core   0: 0x80003f8c (0x007e9693) slli    a3, t4, 7
core   0: 3 0x80003f8c (0x007e9693) x13 0x00000000
core   0: 0x80003f90 (0x02f63eb3) mulhu   t4, a2, a5
core   0: 3 0x80003f90 (0x02f63eb3) x29 0x4e80eb10
core   0: 0x80003f94 (0x01a5d013) srli    zero, a1, 26
core   0: 3 0x80003f94 (0x01a5d013)
core   0: 0x80003f98 (0x0bb9ac93) slti    s9, s3, 187
core   0: 3 0x80003f98 (0x0bb9ac93) x25 0x00000000
core   0: 0x80003f9c (0x002bc8b3) xor     a7, s7, sp
core   0: 3 0x80003f9c (0x002bc8b3) x17 0x0000de91
core   0: 0x80003fa0 (0x6a812d13) slti    s10, sp, 1704
core   0: 3 0x80003fa0 (0x6a812d13) x26 0x00000001
core   0: 0x80003fa4 (0x00a430b3) sltu    ra, s0, a0
core   0: 3 0x80003fa4 (0x00a430b3) x 1 0x00000000
core   0: 0x80003fa8 (0xc966b293) sltiu   t0, a3, -874
core   0: 3 0x80003fa8 (0xc966b293) x 5 0x00000001
core   0: 0x80003fac (0x000c5593) srli    a1, s8, 0
core   0: 3 0x80003fac (0x000c5593) x11 0x56aa4000
core   0: 0x80003fb0 (0xa740ce93) xori    t4, ra, -1420
core   0: 3 0x80003fb0 (0xa740ce93) x29 0xfffffa74
core   0: 0x80003fb4 (0x008f12b3) sll     t0, t5, s0
core   0: 3 0x80003fb4 (0x008f12b3) x 5 0x00000000
core   0: 0x80003fb8 (0x018bae33) slt     t3, s7, s8
core   0: 3 0x80003fb8 (0x018bae33) x28 0x00000001
core   0: 0x80003fbc (0x03771c33) mulh    s8, a4, s7
core   0: 3 0x80003fbc (0x03771c33) x24 0x00000000
core   0: 0x80003fc0 (0x5f53cf13) xori    t5, t2, 1525
core   0: 3 0x80003fc0 (0x5f53cf13) x30 0x000005f5
core   0: 0x80003fc4 (0x032fc533) div     a0, t6, s2
core   0: 3 0x80003fc4 (0x032fc533) x10 0x00000000
core   0: 0x80003fc8 (0x0167d2b3) srl     t0, a5, s6
core   0: 3 0x80003fc8 (0x0167d2b3) x 5 0x53b40000
core   0: 0x80003fcc (0x030deb33) rem     s6, s11, a6
core   0: 3 0x80003fcc (0x030deb33) x22 0x00000000
core   0: 0x80003fd0 (0x00861c93) slli    s9, a2, 8
core   0: 3 0x80003fd0 (0x00861c93) x25 0x18fb6000
core   0: 0x80003fd4 (0x42c08793) addi    a5, ra, 1068
core   0: 3 0x80003fd4 (0x42c08793) x15 0x0000042c
core   0: 0x80003fd8 (0x02a999b3) mulh    s3, s3, a0
core   0: 3 0x80003fd8 (0x02a999b3) x19 0x00000000
core   0: 0x80003fdc (0x01089f13) slli    t5, a7, 16
core   0: 3 0x80003fdc (0x01089f13) x30 0xde910000
core   0: 0x80003fe0 (0x031b91b3) mulh    gp, s7, a7
core   0: 3 0x80003fe0 (0x031b91b3) x 3 0xffff90b8
core   0: 0x80003fe4 (0x8e514293) xori    t0, sp, -1819
core   0: 3 0x80003fe4 (0x8e514293) x 5 0x7ffe7401
core   0: 0x80003fe8 (0x02e1b833) mulhu   a6, gp, a4
core   0: 3 0x80003fe8 (0x02e1b833) x16 0xffff90b7
core   0: 0x80003fec (0x02e801b3) mul     gp, a6, a4
core   0: 3 0x80003fec (0x02e801b3) x 3 0x00006f49
core   0: 0x80003ff0 (0x414d5813) srai    a6, s10, 20
core   0: 3 0x80003ff0 (0x414d5813) x16 0x00000000
core   0: 0x80003ff4 (0x00d09913) slli    s2, ra, 13
core   0: 3 0x80003ff4 (0x00d09913) x18 0x00000000
core   0: 0x80003ff8 (0x0274e3b3) rem     t2, s1, t2
core   0: 3 0x80003ff8 (0x0274e3b3) x 7 0x00000000
core   0: 0x80003ffc (0x01b39db3) sll     s11, t2, s11
core   0: 3 0x80003ffc (0x01b39db3) x27 0x00000000
core   0: 0x80004000 (0x00000013) nop
core   0: 3 0x80004000 (0x00000013)
core   0: 0x80004004 (0x001a4533) xor     a0, s4, ra
core   0: 3 0x80004004 (0x001a4533) x10 0xffffffff
core   0: 0x80004008 (0x010983b3) add     t2, s3, a6
core   0: 3 0x80004008 (0x010983b3) x 7 0x00000000
core   0: 0x8000400c (0x039b1933) mulh    s2, s6, s9
core   0: 3 0x8000400c (0x039b1933) x18 0x00000000
core   0: 0x80004010 (0x029eb3b3) mulhu   t2, t4, s1
core   0: 3 0x80004010 (0x029eb3b3) x 7 0x00000000
core   0: 0x80004014 (0x82f08813) addi    a6, ra, -2001
core   0: 3 0x80004014 (0x82f08813) x16 0xfffff82f
core   0: 0x80004018 (0x018581b3) add     gp, a1, s8
core   0: 3 0x80004018 (0x018581b3) x 3 0x56aa4000
core   0: 0x8000401c (0x00000013) nop
core   0: 3 0x8000401c (0x00000013)
core   0: 0x80004020 (0x00f556b3) srl     a3, a0, a5
core   0: 3 0x80004020 (0x00f556b3) x13 0x000fffff
core   0: 0x80004024 (0x03ca12b3) mulh    t0, s4, t3
core   0: 3 0x80004024 (0x03ca12b3) x 5 0xffffffff
core   0: 0x80004028 (0x41cd0c33) sub     s8, s10, t3
core   0: 3 0x80004028 (0x41cd0c33) x24 0x00000000
core   0: 0x8000402c (0x00320533) add     a0, tp, gp
core   0: 3 0x8000402c (0x00320533) x10 0x56aa4206
core   0: 0x80004030 (0x000023b3) slt     t2, zero, zero
core   0: 3 0x80004030 (0x000023b3) x 7 0x00000000
core   0: 0x80004034 (0x4a28f093) andi    ra, a7, 1186
core   0: 3 0x80004034 (0x4a28f093) x 1 0x00000480
core   0: 0x80004038 (0xbc198513) addi    a0, s3, -1087
core   0: 3 0x80004038 (0xbc198513) x10 0xfffffbc1
core   0: 0x8000403c (0x03962333) mulhsu  t1, a2, s9
core   0: 3 0x8000403c (0x03962333) x 6 0xfe72ba18
core   0: 0x80004040 (0x93c86f37) lui     t5, 0x93c86
core   0: 3 0x80004040 (0x93c86f37) x30 0x93c86000
core   0: 0x80004044 (0x005941b3) xor     gp, s2, t0
core   0: 3 0x80004044 (0x005941b3) x 3 0xffffffff
core   0: 0x80004048 (0xc5f386b7) lui     a3, 0xc5f38
core   0: 3 0x80004048 (0xc5f386b7) x13 0xc5f38000
core   0: 0x8000404c (0x03fe7eb3) remu    t4, t3, t6
core   0: 3 0x8000404c (0x03fe7eb3) x29 0x00000001
core   0: 0x80004050 (0x41cf5713) srai    a4, t5, 28
core   0: 3 0x80004050 (0x41cf5713) x14 0xfffffff9
core   0: 0x80004054 (0x03c47b33) remu    s6, s0, t3
core   0: 3 0x80004054 (0x03c47b33) x22 0x00000000
core   0: 0x80004058 (0x01a59f13) slli    t5, a1, 26
core   0: 3 0x80004058 (0x01a59f13) x30 0x00000000
core   0: 0x8000405c (0x00000013) nop
core   0: 3 0x8000405c (0x00000013)
core   0: 0x80004060 (0x00000013) nop
core   0: 3 0x80004060 (0x00000013)
core   0: 0x80004064 (0x9b2de993) ori     s3, s11, -1614
core   0: 3 0x80004064 (0x9b2de993) x19 0xfffff9b2
core   0: 0x80004068 (0x40f8da13) srai    s4, a7, 15
core   0: 3 0x80004068 (0x40f8da13) x20 0x00000001
core   0: 0x8000406c (0x013e15b3) sll     a1, t3, s3
core   0: 3 0x8000406c (0x013e15b3) x11 0x00040000
core   0: 0x80004070 (0x1ac28913) addi    s2, t0, 428
core   0: 3 0x80004070 (0x1ac28913) x18 0x000001ab
core   0: 0x80004074 (0x402f8433) sub     s0, t6, sp
core   0: 3 0x80004074 (0x402f8433) x 8 0x7ffe731c
core   0: 0x80004078 (0x00000013) nop
core   0: 3 0x80004078 (0x00000013)
core   0: 0x8000407c (0x03b905b3) mul     a1, s2, s11
core   0: 3 0x8000407c (0x03b905b3) x11 0x00000000
core   0: 0x80004080 (0x00000013) nop
core   0: 3 0x80004080 (0x00000013)
core   0: 0x80004084 (0x019ad913) srli    s2, s5, 25
core   0: 3 0x80004084 (0x019ad913) x18 0x00000040
core   0: 0x80004088 (0x032f0933) mul     s2, t5, s2
core   0: 3 0x80004088 (0x032f0933) x18 0x00000000
core   0: 0x8000408c (0x00881993) slli    s3, a6, 8
core   0: 3 0x8000408c (0x00881993) x19 0xfff82f00
core   0: 0x80004090 (0x02371233) mulh    tp, a4, gp
core   0: 3 0x80004090 (0x02371233) x 4 0x00000000
core   0: 0x80004094 (0x03b6c4b3) div     s1, a3, s11
core   0: 3 0x80004094 (0x03b6c4b3) x 9 0xffffffff
core   0: 0x80004098 (0x02449d33) mulh    s10, s1, tp
core   0: 3 0x80004098 (0x02449d33) x26 0x00000000
core   0: 0x8000409c (0x00625f13) srli    t5, tp, 6
core   0: 3 0x8000409c (0x00625f13) x30 0x00000000
core   0: 0x800040a0 (0x01723033) sltu    zero, tp, s7
core   0: 3 0x800040a0 (0x01723033)
core   0: 0x800040a4 (0x023c1d33) mulh    s10, s8, gp
core   0: 3 0x800040a4 (0x023c1d33) x26 0x00000000
core   0: 0x800040a8 (0x4158d093) srai    ra, a7, 21
core   0: 3 0x800040a8 (0x4158d093) x 1 0x00000000
core   0: 0x800040ac (0x020730b3) mulhu   ra, a4, zero
core   0: 3 0x800040ac (0x020730b3) x 1 0x00000000
core   0: 0x800040b0 (0xd52b6197) auipc   gp, 0xd52b6
core   0: 3 0x800040b0 (0xd52b6197) x 3 0x552ba0b0
core   0: 0x800040b4 (0x01b7a2b3) slt     t0, a5, s11
core   0: 3 0x800040b4 (0x01b7a2b3) x 5 0x00000000
core   0: 0x800040b8 (0x413e5713) srai    a4, t3, 19
core   0: 3 0x800040b8 (0x413e5713) x14 0x00000000
core   0: 0x800040bc (0x012af033) and     zero, s5, s2
core   0: 3 0x800040bc (0x012af033)
core   0: 0x800040c0 (0x02462e33) mulhsu  t3, a2, tp
core   0: 3 0x800040c0 (0x02462e33) x28 0x00000000
core   0: 0x800040c4 (0x031f47b3) div     a5, t5, a7
core   0: 3 0x800040c4 (0x031f47b3) x15 0x00000000
core   0: 0x800040c8 (0x41bb55b3) sra     a1, s6, s11
core   0: 3 0x800040c8 (0x41bb55b3) x11 0x00000000
core   0: 0x800040cc (0x41c68833) sub     a6, a3, t3
core   0: 3 0x800040cc (0x41c68833) x16 0xc5f38000
core   0: 0x800040d0 (0x01358233) add     tp, a1, s3
core   0: 3 0x800040d0 (0x01358233) x 4 0xfff82f00
core   0: 0x800040d4 (0x342ce193) ori     gp, s9, 834
core   0: 3 0x800040d4 (0x342ce193) x 3 0x18fb6342
core   0: 0x800040d8 (0x41a55693) srai    a3, a0, 26
core   0: 3 0x800040d8 (0x41a55693) x13 0xffffffff
core   0: 0x800040dc (0x01082bb3) slt     s7, a6, a6
core   0: 3 0x800040dc (0x01082bb3) x23 0x00000000
core   0: 0x800040e0 (0x01369a33) sll     s4, a3, s3
core   0: 3 0x800040e0 (0x01369a33) x20 0xffffffff
core   0: 0x800040e4 (0x01594e33) xor     t3, s2, s5
core   0: 3 0x800040e4 (0x01594e33) x28 0x80014e64
core   0: 0x800040e8 (0x72457017) auipc   zero, 0x72457
core   0: 3 0x800040e8 (0x72457017)
core   0: 0x800040ec (0x0963f513) andi    a0, t2, 150
core   0: 3 0x800040ec (0x0963f513) x10 0x00000000
core   0: 0x800040f0 (0x8434e693) ori     a3, s1, -1981
core   0: 3 0x800040f0 (0x8434e693) x13 0xffffffff
core   0: 0x800040f4 (0xfaec4517) auipc   a0, 0xfaec4
core   0: 3 0x800040f4 (0xfaec4517) x10 0x7aec80f4
core   0: 0x800040f8 (0x78000213) li      tp, 1920
core   0: 3 0x800040f8 (0x78000213) x 4 0x00000780
core   0: 0x800040fc (0x4055d793) srai    a5, a1, 5
core   0: 3 0x800040fc (0x4055d793) x15 0x00000000
core   0: 0x80004100 (0x03138433) mul     s0, t2, a7
core   0: 3 0x80004100 (0x03138433) x 8 0x00000000
core   0: 0x80004104 (0x02e3c1b3) div     gp, t2, a4
core   0: 3 0x80004104 (0x02e3c1b3) x 3 0xffffffff
core   0: 0x80004108 (0x0102c7b3) xor     a5, t0, a6
core   0: 3 0x80004108 (0x0102c7b3) x15 0xc5f38000
core   0: 0x8000410c (0x00c5de93) srli    t4, a1, 12
core   0: 3 0x8000410c (0x00c5de93) x29 0x00000000
core   0: 0x80004110 (0x3dca7093) andi    ra, s4, 988
core   0: 3 0x80004110 (0x3dca7093) x 1 0x000003dc
core   0: 0x80004114 (0x03a3d933) divu    s2, t2, s10
core   0: 3 0x80004114 (0x03a3d933) x18 0xffffffff
core   0: 0x80004118 (0x25a99017) auipc   zero, 0x25a99
core   0: 3 0x80004118 (0x25a99017)
core   0: 0x8000411c (0x00f54f33) xor     t5, a0, a5
core   0: 3 0x8000411c (0x00f54f33) x30 0xbf1f00f4
core   0: 0x80004120 (0x03becd33) div     s10, t4, s11
core   0: 3 0x80004120 (0x03becd33) x26 0xffffffff
core   0: 0x80004124 (0x023aec33) rem     s8, s5, gp
core   0: 3 0x80004124 (0x023aec33) x24 0x00000000
core   0: 0x80004128 (0x00ef3833) sltu    a6, t5, a4
core   0: 3 0x80004128 (0x00ef3833) x16 0x00000000
core   0: 0x8000412c (0x0232b5b3) mulhu   a1, t0, gp
core   0: 3 0x8000412c (0x0232b5b3) x11 0x00000000
core   0: 0x80004130 (0x0319f533) remu    a0, s3, a7
core   0: 3 0x80004130 (0x0319f533) x10 0x0000a265
core   0: 0x80004134 (0x01399c93) slli    s9, s3, 19
core   0: 3 0x80004134 (0x01399c93) x25 0x78000000
core   0: 0x80004138 (0x00201e33) sll     t3, zero, sp
core   0: 3 0x80004138 (0x00201e33) x28 0x00000000
core   0: 0x8000413c (0x1db3a793) slti    a5, t2, 475
core   0: 3 0x8000413c (0x1db3a793) x15 0x00000001
core   0: 0x80004140 (0x0038df93) srli    t6, a7, 3
core   0: 3 0x80004140 (0x0038df93) x31 0x00001bd2
core   0: 0x80004144 (0x009ae333) or      t1, s5, s1
core   0: 3 0x80004144 (0x009ae333) x 6 0xffffffff
core   0: 0x80004148 (0xd36880b7) lui     ra, 0xd3688
core   0: 3 0x80004148 (0xd36880b7) x 1 0xd3688000
core   0: 0x8000414c (0x3ad2e293) ori     t0, t0, 941
core   0: 3 0x8000414c (0x3ad2e293) x 5 0x000003ad
core   0: 0x80004150 (0x036cf1b3) remu    gp, s9, s6
core   0: 3 0x80004150 (0x036cf1b3) x 3 0x78000000
core   0: 0x80004154 (0x0034b2b3) sltu    t0, s1, gp
core   0: 3 0x80004154 (0x0034b2b3) x 5 0x00000000
core   0: 0x80004158 (0x006ad3b3) srl     t2, s5, t1
core   0: 3 0x80004158 (0x006ad3b3) x 7 0x00000001
core   0: 0x8000415c (0x03d05db3) divu    s11, zero, t4
core   0: 3 0x8000415c (0x03d05db3) x27 0xffffffff
core   0: 0x80004160 (0x41de5bb3) sra     s7, t3, t4
core   0: 3 0x80004160 (0x41de5bb3) x23 0x00000000
core   0: 0x80004164 (0x011adc93) srli    s9, s5, 17
core   0: 3 0x80004164 (0x011adc93) x25 0x00004000
core   0: 0x80004168 (0x03fa61b3) rem     gp, s4, t6
core   0: 3 0x80004168 (0x03fa61b3) x 3 0xffffffff
core   0: 0x8000416c (0x6423a313) slti    t1, t2, 1602
core   0: 3 0x8000416c (0x6423a313) x 6 0x00000001
core   0: 0x80004170 (0x030304b3) mul     s1, t1, a6
core   0: 3 0x80004170 (0x030304b3) x 9 0x00000000
core   0: 0x80004174 (0xdc74f793) andi    a5, s1, -569
core   0: 3 0x80004174 (0xdc74f793) x15 0x00000000
core   0: 0x80004178 (0xe56e6693) ori     a3, t3, -426
core   0: 3 0x80004178 (0xe56e6693) x13 0xfffffe56
core   0: 0x8000417c (0x00000013) nop
core   0: 3 0x8000417c (0x00000013)
core   0: 0x80004180 (0x02bffbb3) remu    s7, t6, a1
core   0: 3 0x80004180 (0x02bffbb3) x23 0x00001bd2
core   0: 0x80004184 (0x413bdd93) srai    s11, s7, 19
core   0: 3 0x80004184 (0x413bdd93) x27 0x00000000
core   0: 0x80004188 (0x01b75d33) srl     s10, a4, s11
core   0: 3 0x80004188 (0x01b75d33) x26 0x00000000
core   0: 0x8000418c (0xe9786e93) ori     t4, a6, -361
core   0: 3 0x8000418c (0xe9786e93) x29 0xfffffe97
core   0: 0x80004190 (0x01b523b3) slt     t2, a0, s11
core   0: 3 0x80004190 (0x01b523b3) x 7 0x00000000
core   0: 0x80004194 (0xeffbf793) andi    a5, s7, -257
core   0: 3 0x80004194 (0xeffbf793) x15 0x00001ad2
core   0: 0x80004198 (0x00000013) nop
core   0: 3 0x80004198 (0x00000013)
core   0: 0x8000419c (0xe6b03793) sltiu   a5, zero, -405
core   0: 3 0x8000419c (0xe6b03793) x15 0x00000001
core   0: 0x800041a0 (0x0095fb33) and     s6, a1, s1
core   0: 3 0x800041a0 (0x0095fb33) x22 0x00000000
core   0: 0x800041a4 (0x00a30533) add     a0, t1, a0
core   0: 3 0x800041a4 (0x00a30533) x10 0x0000a266
core   0: 0x800041a8 (0x02f77bb3) remu    s7, a4, a5
core   0: 3 0x800041a8 (0x02f77bb3) x23 0x00000000
core   0: 0x800041ac (0x00d15793) srli    a5, sp, 13
core   0: 3 0x800041ac (0x00d15793) x15 0x0004000c
core   0: 0x800041b0 (0x001846b3) xor     a3, a6, ra
core   0: 3 0x800041b0 (0x001846b3) x13 0xd3688000
core   0: 0x800041b4 (0x00c55733) srl     a4, a0, a2
core   0: 3 0x800041b4 (0x00c55733) x14 0x0000a266
core   0: 0x800041b8 (0x03b5ad33) mulhsu  s10, a1, s11
core   0: 3 0x800041b8 (0x03b5ad33) x26 0x00000000
core   0: 0x800041bc (0x033bf333) remu    t1, s7, s3
core   0: 3 0x800041bc (0x033bf333) x 6 0x00000000
core   0: 0x800041c0 (0x0374bb33) mulhu   s6, s1, s7
core   0: 3 0x800041c0 (0x0374bb33) x22 0x00000000
core   0: 0x800041c4 (0x4062f413) andi    s0, t0, 1030
core   0: 3 0x800041c4 (0x4062f413) x 8 0x00000000
core   0: 0x800041c8 (0xd13f8a13) addi    s4, t6, -749
core   0: 3 0x800041c8 (0xd13f8a13) x20 0x000018e5
core   0: 0x800041cc (0x003e4eb3) xor     t4, t3, gp
core   0: 3 0x800041cc (0x003e4eb3) x29 0xffffffff
core   0: 0x800041d0 (0x016ac0b3) xor     ra, s5, s6
core   0: 3 0x800041d0 (0x016ac0b3) x 1 0x80014e64
core   0: 0x800041d4 (0x03acaf33) mulhsu  t5, s9, s10
core   0: 3 0x800041d4 (0x03acaf33) x30 0x00000000
core   0: 0x800041d8 (0x002771b3) and     gp, a4, sp
core   0: 3 0x800041d8 (0x002771b3) x 3 0x00008064
core   0: 0x800041dc (0x0085ed33) or      s10, a1, s0
core   0: 3 0x800041dc (0x0085ed33) x26 0x00000000
core   0: 0x800041e0 (0x00000013) nop
core   0: 3 0x800041e0 (0x00000013)
core   0: 0x800041e4 (0x00f5abb3) slt     s7, a1, a5
core   0: 3 0x800041e4 (0x00f5abb3) x23 0x00000001
core   0: 0x800041e8 (0x00000013) nop
core   0: 3 0x800041e8 (0x00000013)
core   0: 0x800041ec (0x20298893) addi    a7, s3, 514
core   0: 3 0x800041ec (0x20298893) x17 0xfff83102
core   0: 0x800041f0 (0x00ab87b3) add     a5, s7, a0
core   0: 3 0x800041f0 (0x00ab87b3) x15 0x0000a267
core   0: 0x800041f4 (0x01d85bb3) srl     s7, a6, t4
core   0: 3 0x800041f4 (0x01d85bb3) x23 0x00000000
core   0: 0x800041f8 (0x03d57e33) remu    t3, a0, t4
core   0: 3 0x800041f8 (0x03d57e33) x28 0x0000a266
core   0: 0x800041fc (0x01791193) slli    gp, s2, 23
core   0: 3 0x800041fc (0x01791193) x 3 0xff800000
core   0: 0x80004200 (0x4d578893) addi    a7, a5, 1237
core   0: 3 0x80004200 (0x4d578893) x17 0x0000a73c
core   0: 0x80004204 (0x09c32513) slti    a0, t1, 156
core   0: 3 0x80004204 (0x09c32513) x10 0x00000001
core   0: 0x80004208 (0x03bcc6b3) div     a3, s9, s11
core   0: 3 0x80004208 (0x03bcc6b3) x13 0xffffffff
core   0: 0x8000420c (0xc1fe7c13) andi    s8, t3, -993
core   0: 3 0x8000420c (0xc1fe7c13) x24 0x0000a006
core   0: 0x80004210 (0x0295c733) div     a4, a1, s1
core   0: 3 0x80004210 (0x0295c733) x14 0xffffffff
core   0: 0x80004214 (0x56438693) addi    a3, t2, 1380
core   0: 3 0x80004214 (0x56438693) x13 0x00000564
core   0: 0x80004218 (0x00ddd9b3) srl     s3, s11, a3
core   0: 3 0x80004218 (0x00ddd9b3) x19 0x00000000
core   0: 0x8000421c (0x00495713) srli    a4, s2, 4
core   0: 3 0x8000421c (0x00495713) x14 0x0fffffff
core   0: 0x80004220 (0x01e368b3) or      a7, t1, t5
core   0: 3 0x80004220 (0x01e368b3) x17 0x00000000
core   0: 0x80004224 (0x0094d093) srli    ra, s1, 9
core   0: 3 0x80004224 (0x0094d093) x 1 0x00000000
core   0: 0x80004228 (0x415c3a13) sltiu   s4, s8, 1045
core   0: 3 0x80004228 (0x415c3a13) x20 0x00000000
core   0: 0x8000422c (0x6a7d7213) andi    tp, s10, 1703
core   0: 3 0x8000422c (0x6a7d7213) x 4 0x00000000
core   0: 0x80004230 (0x01b0e3b3) or      t2, ra, s11
core   0: 3 0x80004230 (0x01b0e3b3) x 7 0x00000000
core   0: 0x80004234 (0x403e09b3) sub     s3, t3, gp
core   0: 3 0x80004234 (0x403e09b3) x19 0x0080a266
core   0: 0x80004238 (0xe076aa13) slti    s4, a3, -505
core   0: 3 0x80004238 (0xe076aa13) x20 0x00000000
core   0: 0x8000423c (0x0391ac33) mulhsu  s8, gp, s9
core   0: 3 0x8000423c (0x0391ac33) x24 0xffffffe0
core   0: 0x80004240 (0x03bb4db3) div     s11, s6, s11
core   0: 3 0x80004240 (0x03bb4db3) x27 0xffffffff
core   0: 0x80004244 (0x015f19b3) sll     s3, t5, s5
core   0: 3 0x80004244 (0x015f19b3) x19 0x00000000
core   0: 0x80004248 (0x002db433) sltu    s0, s11, sp
core   0: 3 0x80004248 (0x002db433) x 8 0x00000000
core   0: 0x8000424c (0x01919c33) sll     s8, gp, s9
core   0: 3 0x8000424c (0x01919c33) x24 0xff800000
core   0: 0x80004250 (0x00dd0a33) add     s4, s10, a3
core   0: 3 0x80004250 (0x00dd0a33) x20 0x00000564
core   0: 0x80004254 (0x40d55493) srai    s1, a0, 13
core   0: 3 0x80004254 (0x40d55493) x 9 0x00000000
core   0: 0x80004258 (0x02dcb9b3) mulhu   s3, s9, a3
core   0: 3 0x80004258 (0x02dcb9b3) x19 0x00000000
core   0: 0x8000425c (0x00d90db3) add     s11, s2, a3
core   0: 3 0x8000425c (0x00d90db3) x27 0x00000563
core   0: 0x80004260 (0x00000013) nop
core   0: 3 0x80004260 (0x00000013)
core   0: 0x80004264 (0x014d20b3) slt     ra, s10, s4
core   0: 3 0x80004264 (0x014d20b3) x 1 0x00000001
core   0: 0x80004268 (0x00000013) nop
core   0: 3 0x80004268 (0x00000013)
core   0: 0x8000426c (0x0165db93) srli    s7, a1, 22
core   0: 3 0x8000426c (0x0165db93) x23 0x00000000
core   0: 0x80004270 (0x023b74b3) remu    s1, s6, gp
core   0: 3 0x80004270 (0x023b74b3) x 9 0x00000000
core   0: 0x80004274 (0x0169eeb3) or      t4, s3, s6
core   0: 3 0x80004274 (0x0169eeb3) x29 0x00000000
core   0: 0x80004278 (0x41fb8f33) sub     t5, s7, t6
core   0: 3 0x80004278 (0x41fb8f33) x30 0xffffe42e
core   0: 0x8000427c (0x40b55733) sra     a4, a0, a1
core   0: 3 0x8000427c (0x40b55733) x14 0x00000001
core   0: 0x80004280 (0x018bdeb3) srl     t4, s7, s8
core   0: 3 0x80004280 (0x018bdeb3) x29 0x00000000
core   0: 0x80004284 (0x404fd8b3) sra     a7, t6, tp
core   0: 3 0x80004284 (0x404fd8b3) x17 0x00001bd2
core   0: 0x80004288 (0x00000013) nop
core   0: 3 0x80004288 (0x00000013)
core   0: 0x8000428c (0x72cbc993) xori    s3, s7, 1836
core   0: 3 0x8000428c (0x72cbc993) x19 0x0000072c
core   0: 0x80004290 (0x015a32b3) sltu    t0, s4, s5
core   0: 3 0x80004290 (0x015a32b3) x 5 0x00000001
core   0: 0x80004294 (0x0343f933) remu    s2, t2, s4
core   0: 3 0x80004294 (0x0343f933) x18 0x00000000
core   0: 0x80004298 (0x025868b3) rem     a7, a6, t0
core   0: 3 0x80004298 (0x025868b3) x17 0x00000000
core   0: 0x8000429c (0x028d99b3) mulh    s3, s11, s0
core   0: 3 0x8000429c (0x028d99b3) x19 0x00000000
core   0: 0x800042a0 (0x41d982b3) sub     t0, s3, t4
core   0: 3 0x800042a0 (0x41d982b3) x 5 0x00000000
core   0: 0x800042a4 (0x02e7fdb3) remu    s11, a5, a4
core   0: 3 0x800042a4 (0x02e7fdb3) x27 0x00000000
core   0: 0x800042a8 (0x005effb3) and     t6, t4, t0
core   0: 3 0x800042a8 (0x005effb3) x31 0x00000000
core   0: 0x800042ac (0x02d2f8b3) remu    a7, t0, a3
core   0: 3 0x800042ac (0x02d2f8b3) x17 0x00000000
core   0: 0x800042b0 (0x2a386593) ori     a1, a6, 675
core   0: 3 0x800042b0 (0x2a386593) x11 0x000002a3
core   0: 0x800042b4 (0x024013b3) mulh    t2, zero, tp
core   0: 3 0x800042b4 (0x024013b3) x 7 0x00000000
core   0: 0x800042b8 (0x01e33233) sltu    tp, t1, t5
core   0: 3 0x800042b8 (0x01e33233) x 4 0x00000001
core   0: 0x800042bc (0x0372f9b3) remu    s3, t0, s7
core   0: 3 0x800042bc (0x0372f9b3) x19 0x00000000
core   0: 0x800042c0 (0x00e2eb33) or      s6, t0, a4
core   0: 3 0x800042c0 (0x00e2eb33) x22 0x00000001
core   0: 0x800042c4 (0x00000013) nop
core   0: 3 0x800042c4 (0x00000013)
core   0: 0x800042c8 (0xaa19f517) auipc   a0, 0xaa19f
core   0: 3 0x800042c8 (0xaa19f517) x10 0x2a1a32c8
core   0: 0x800042cc (0x01905793) srli    a5, zero, 25
core   0: 3 0x800042cc (0x01905793) x15 0x00000000
core   0: 0x800042d0 (0x018e49b3) xor     s3, t3, s8
core   0: 3 0x800042d0 (0x018e49b3) x19 0xff80a266
core   0: 0x800042d4 (0x4059d493) srai    s1, s3, 5
core   0: 3 0x800042d4 (0x4059d493) x 9 0xfffc0513
core   0: 0x800042d8 (0x29f2e193) ori     gp, t0, 671
core   0: 3 0x800042d8 (0x29f2e193) x 3 0x0000029f
core   0: 0x800042dc (0x41450233) sub     tp, a0, s4
core   0: 3 0x800042dc (0x41450233) x 4 0x2a1a2d64
core   0: 0x800042e0 (0x7c2cec13) ori     s8, s9, 1986
core   0: 3 0x800042e0 (0x7c2cec13) x24 0x000047c2
core   0: 0x800042e4 (0x01c279b3) and     s3, tp, t3
core   0: 3 0x800042e4 (0x01c279b3) x19 0x00002064
core   0: 0x800042e8 (0x008d6c33) or      s8, s10, s0
core   0: 3 0x800042e8 (0x008d6c33) x24 0x00000000
core   0: 0x800042ec (0x03b7ed33) rem     s10, a5, s11
core   0: 3 0x800042ec (0x03b7ed33) x26 0x00000000
core   0: 0x800042f0 (0x40a605b3) sub     a1, a2, a0
core   0: 3 0x800042f0 (0x40a605b3) x11 0xc5fec898
core   0: 0x800042f4 (0x00f69c33) sll     s8, a3, a5
core   0: 3 0x800042f4 (0x00f69c33) x24 0x00000564
core   0: 0x800042f8 (0x029e6333) rem     t1, t3, s1
core   0: 3 0x800042f8 (0x029e6333) x 6 0x0000a266
core   0: 0x800042fc (0x4039d233) sra     tp, s3, gp
core   0: 3 0x800042fc (0x4039d233) x 4 0x00000000
core   0: 0x80004300 (0x02070333) mul     t1, a4, zero
core   0: 3 0x80004300 (0x02070333) x 6 0x00000000
core   0: 0x80004304 (0x0e72ce13) xori    t3, t0, 231
core   0: 3 0x80004304 (0x0e72ce13) x28 0x000000e7
core   0: 0x80004308 (0x027ba7b3) mulhsu  a5, s7, t2
core   0: 3 0x80004308 (0x027ba7b3) x15 0x00000000
core   0: 0x8000430c (0x021fb8b3) mulhu   a7, t6, ra
core   0: 3 0x8000430c (0x021fb8b3) x17 0x00000000
core   0: 0x80004310 (0x03774733) div     a4, a4, s7
core   0: 3 0x80004310 (0x03774733) x14 0xffffffff
core   0: 0x80004314 (0x03ecfb33) remu    s6, s9, t5
core   0: 3 0x80004314 (0x03ecfb33) x22 0x00004000
core   0: 0x80004318 (0x032d7697) auipc   a3, 0x32d7
core   0: 3 0x80004318 (0x032d7697) x13 0x832db318
core   0: 0x8000431c (0x0279df33) divu    t5, s3, t2
core   0: 3 0x8000431c (0x0279df33) x30 0xffffffff
core   0: 0x80004320 (0x036f5cb3) divu    s9, t5, s6
core   0: 3 0x80004320 (0x036f5cb3) x25 0x0003ffff
core   0: 0x80004324 (0x0013d993) srli    s3, t2, 1
core   0: 3 0x80004324 (0x0013d993) x19 0x00000000
core   0: 0x80004328 (0x40e583b3) sub     t2, a1, a4
core   0: 3 0x80004328 (0x40e583b3) x 7 0xc5fec899
core   0: 0x8000432c (0x00658cb3) add     s9, a1, t1
core   0: 3 0x8000432c (0x00658cb3) x25 0xc5fec898
core   0: 0x80004330 (0x393a3893) sltiu   a7, s4, 915
core   0: 3 0x80004330 (0x393a3893) x17 0x00000000
core   0: 0x80004334 (0xa9af2213) slti    tp, t5, -1382
core   0: 3 0x80004334 (0xa9af2213) x 4 0x00000000
core   0: 0x80004338 (0x40c80d33) sub     s10, a6, a2
core   0: 3 0x80004338 (0x40c80d33) x26 0x0fe704a0
core   0: 0x8000433c (0x68411b97) auipc   s7, 0x68411
core   0: 3 0x8000433c (0x68411b97) x23 0xe841533c
core   0: 0x80004340 (0x0067d1b3) srl     gp, a5, t1
core   0: 3 0x80004340 (0x0067d1b3) x 3 0x00000000
core   0: 0x80004344 (0x01574433) xor     s0, a4, s5
core   0: 3 0x80004344 (0x01574433) x 8 0x7ffeb19b
core   0: 0x80004348 (0x4e0a0593) addi    a1, s4, 1248
core   0: 3 0x80004348 (0x4e0a0593) x11 0x00000a44
core   0: 0x8000434c (0x02948a33) mul     s4, s1, s1
core   0: 3 0x8000434c (0x02948a33) x20 0xd781bf69
core   0: 0x80004350 (0x89fc9837) lui     a6, 0x89fc9
core   0: 3 0x80004350 (0x89fc9837) x16 0x89fc9000
core   0: 0x80004354 (0x029561b3) rem     gp, a0, s1
core   0: 3 0x80004354 (0x029561b3) x 3 0x0003dab1
core   0: 0x80004358 (0x039656b3) divu    a3, a2, s9
core   0: 3 0x80004358 (0x039656b3) x13 0x00000001
core   0: 0x8000435c (0x46dec993) xori    s3, t4, 1133
core   0: 3 0x8000435c (0x46dec993) x19 0x0000046d
core   0: 0x80004360 (0x01f13a33) sltu    s4, sp, t6
core   0: 3 0x80004360 (0x01f13a33) x20 0x00000000
core   0: 0x80004364 (0x00581c13) slli    s8, a6, 5
core   0: 3 0x80004364 (0x00581c13) x24 0x3f920000
core   0: 0x80004368 (0x01868fb3) add     t6, a3, s8
core   0: 3 0x80004368 (0x01868fb3) x31 0x3f920001
core   0: 0x8000436c (0x25b30f13) addi    t5, t1, 603
core   0: 3 0x8000436c (0x25b30f13) x30 0x0000025b
core   0: 0x80004370 (0x41fbd5b3) sra     a1, s7, t6
core   0: 3 0x80004370 (0x41fbd5b3) x11 0xf420a99e
core   0: 0x80004374 (0x41d30333) sub     t1, t1, t4
core   0: 3 0x80004374 (0x41d30333) x 6 0x00000000
core   0: 0x80004378 (0x0321feb3) remu    t4, gp, s2
core   0: 3 0x80004378 (0x0321feb3) x29 0x0003dab1
core   0: 0x8000437c (0xfb9e3a13) sltiu   s4, t3, -71
core   0: 3 0x8000437c (0xfb9e3a13) x20 0x00000001
core   0: 0x80004380 (0xb338a197) auipc   gp, 0xb338a
core   0: 3 0x80004380 (0xb338a197) x 3 0x3338e380
core   0: 0x80004384 (0xf2ba0193) addi    gp, s4, -213
core   0: 3 0x80004384 (0xf2ba0193) x 3 0xffffff2c
core   0: 0x80004388 (0xc47b3b93) sltiu   s7, s6, -953
core   0: 3 0x80004388 (0xc47b3b93) x23 0x00000001
core   0: 0x8000438c (0x41955713) srai    a4, a0, 25
core   0: 3 0x8000438c (0x41955713) x14 0x00000015
core   0: 0x80004390 (0x0238a2b3) mulhsu  t0, a7, gp
core   0: 3 0x80004390 (0x0238a2b3) x 5 0x00000000
core   0: 0x80004394 (0x0102f533) and     a0, t0, a6
core   0: 3 0x80004394 (0x0102f533) x10 0x00000000
core   0: 0x80004398 (0x4455c813) xori    a6, a1, 1093
core   0: 3 0x80004398 (0x4455c813) x16 0xf420addb
core   0: 0x8000439c (0x006e2b33) slt     s6, t3, t1
core   0: 3 0x8000439c (0x006e2b33) x22 0x00000000
core   0: 0x800043a0 (0xdfa12593) slti    a1, sp, -518
core   0: 3 0x800043a0 (0xdfa12593) x11 0x00000001
core   0: 0x800043a4 (0x01e44eb3) xor     t4, s0, t5
core   0: 3 0x800043a4 (0x01e44eb3) x29 0x7ffeb3c0
core   0: 0x800043a8 (0x7eea7b93) andi    s7, s4, 2030
core   0: 3 0x800043a8 (0x7eea7b93) x23 0x00000000
core   0: 0x800043ac (0x4006df93) srai    t6, a3, 0
core   0: 3 0x800043ac (0x4006df93) x31 0x00000001
core   0: 0x800043b0 (0x00e47033) and     zero, s0, a4
core   0: 3 0x800043b0 (0x00e47033)
core   0: 0x800043b4 (0xb1ad2813) slti    a6, s10, -1254
core   0: 3 0x800043b4 (0xb1ad2813) x16 0x00000000
core   0: 0x800043b8 (0x0008bd33) sltu    s10, a7, zero
core   0: 3 0x800043b8 (0x0008bd33) x26 0x00000000
core   0: 0x800043bc (0x40220333) sub     t1, tp, sp
core   0: 3 0x800043bc (0x40220333) x 6 0x7ffe731c
core   0: 0x800043c0 (0x036866b3) rem     a3, a6, s6
core   0: 3 0x800043c0 (0x036866b3) x13 0x00000000
core   0: 0x800043c4 (0x5dcb4337) lui     t1, 0x5dcb4
core   0: 3 0x800043c4 (0x5dcb4337) x 6 0x5dcb4000
core   0: 0x800043c8 (0x02b7c233) div     tp, a5, a1
core   0: 3 0x800043c8 (0x02b7c233) x 4 0x00000000
core   0: 0x800043cc (0x00995c93) srli    s9, s2, 9
core   0: 3 0x800043cc (0x00995c93) x25 0x00000000
core   0: 0x800043d0 (0x418bd993) srai    s3, s7, 24
core   0: 3 0x800043d0 (0x418bd993) x19 0x00000000
core   0: 0x800043d4 (0x023259b3) divu    s3, tp, gp
core   0: 3 0x800043d4 (0x023259b3) x19 0x00000000
core   0: 0x800043d8 (0x718a8013) addi    zero, s5, 1816
core   0: 3 0x800043d8 (0x718a8013)
core   0: 0x800043dc (0x0356a333) mulhsu  t1, a3, s5
core   0: 3 0x800043dc (0x0356a333) x 6 0x00000000
core   0: 0x800043e0 (0x019868b3) or      a7, a6, s9
core   0: 3 0x800043e0 (0x019868b3) x17 0x00000000
core   0: 0x800043e4 (0x00065a33) srl     s4, a2, zero
core   0: 3 0x800043e4 (0x00065a33) x20 0xf018fb60
core   0: 0x800043e8 (0x00c9deb3) srl     t4, s3, a2
core   0: 3 0x800043e8 (0x00c9deb3) x29 0x00000000
core   0: 0x800043ec (0x03f211b3) mulh    gp, tp, t6
core   0: 3 0x800043ec (0x03f211b3) x 3 0x00000000
core   0: 0x800043f0 (0x034d9d33) mulh    s10, s11, s4
core   0: 3 0x800043f0 (0x034d9d33) x26 0x00000000
core   0: 0x800043f4 (0x01b1d913) srli    s2, gp, 27
core   0: 3 0x800043f4 (0x01b1d913) x18 0x00000000
core   0: 0x800043f8 (0x023624b3) mulhsu  s1, a2, gp
core   0: 3 0x800043f8 (0x023624b3) x 9 0x00000000
core   0: 0x800043fc (0x0183df33) srl     t5, t2, s8
core   0: 3 0x800043fc (0x0183df33) x30 0xc5fec899
core   0: 0x80004400 (0x4154d593) srai    a1, s1, 21
core   0: 3 0x80004400 (0x4154d593) x11 0x00000000
core   0: 0x80004404 (0xec57ee13) ori     t3, a5, -315
core   0: 3 0x80004404 (0xec57ee13) x28 0xfffffec5
core   0: 0x80004408 (0x017f46b3) xor     a3, t5, s7
core   0: 3 0x80004408 (0x017f46b3) x13 0xc5fec899
core   0: 0x8000440c (0x021717b3) mulh    a5, a4, ra
core   0: 3 0x8000440c (0x021717b3) x15 0x00000000
core   0: 0x80004410 (0x026711b3) mulh    gp, a4, t1
core   0: 3 0x80004410 (0x026711b3) x 3 0x00000000
core   0: 0x80004414 (0x5bf9ca13) xori    s4, s3, 1471
core   0: 3 0x80004414 (0x5bf9ca13) x20 0x000005bf
core   0: 0x80004418 (0x7cec3213) sltiu   tp, s8, 1998
core   0: 3 0x80004418 (0x7cec3213) x 4 0x00000000
core   0: 0x8000441c (0x00000013) nop
core   0: 3 0x8000441c (0x00000013)
core   0: 0x80004420 (0x03d2be33) mulhu   t3, t0, t4
core   0: 3 0x80004420 (0x03d2be33) x28 0x00000000
core   0: 0x80004424 (0x013c7a33) and     s4, s8, s3
core   0: 3 0x80004424 (0x013c7a33) x20 0x00000000
core   0: 0x80004428 (0x0038a2b3) slt     t0, a7, gp
core   0: 3 0x80004428 (0x0038a2b3) x 5 0x00000000
core   0: 0x8000442c (0x02cd6a33) rem     s4, s10, a2
core   0: 3 0x8000442c (0x02cd6a33) x20 0x00000000
core   0: 0x80004430 (0x02cd4fb3) div     t6, s10, a2
core   0: 3 0x80004430 (0x02cd4fb3) x31 0x00000000
core   0: 0x80004434 (0x00c2e2b3) or      t0, t0, a2
core   0: 3 0x80004434 (0x00c2e2b3) x 5 0xf018fb60
core   0: 0x80004438 (0x020071b3) remu    gp, zero, zero
core   0: 3 0x80004438 (0x020071b3) x 3 0x00000000
core   0: 0x8000443c (0x414f8db3) sub     s11, t6, s4
core   0: 3 0x8000443c (0x414f8db3) x27 0x00000000
core   0: 0x80004440 (0x8b64c393) xori    t2, s1, -1866
core   0: 3 0x80004440 (0x8b64c393) x 7 0xfffff8b6
core   0: 0x80004444 (0xa59f7d93) andi    s11, t5, -1447
core   0: 3 0x80004444 (0xa59f7d93) x27 0xc5fec819
core   0: 0x80004448 (0x01738cb3) add     s9, t2, s7
core   0: 3 0x80004448 (0x01738cb3) x25 0xfffff8b6
core   0: 0x8000444c (0xc92e2713) slti    a4, t3, -878
core   0: 3 0x8000444c (0xc92e2713) x14 0x00000000
core   0: 0x80004450 (0xbf3b7d93) andi    s11, s6, -1037
core   0: 3 0x80004450 (0xbf3b7d93) x27 0x00000000
core   0: 0x80004454 (0x014515b3) sll     a1, a0, s4
core   0: 3 0x80004454 (0x014515b3) x11 0x00000000
core   0: 0x80004458 (0xdabbc5b7) lui     a1, 0xdabbc
core   0: 3 0x80004458 (0xdabbc5b7) x11 0xdabbc000
core   0: 0x8000445c (0x0304ddb3) divu    s11, s1, a6
core   0: 3 0x8000445c (0x0304ddb3) x27 0xffffffff
core   0: 0x80004460 (0x02835233) divu    tp, t1, s0
core   0: 3 0x80004460 (0x02835233) x 4 0x00000000
core   0: 0x80004464 (0x41798733) sub     a4, s3, s7
core   0: 3 0x80004464 (0x41798733) x14 0x00000000
core   0: 0x80004468 (0xc23cbd13) sltiu   s10, s9, -989
core   0: 3 0x80004468 (0xc23cbd13) x26 0x00000001
core   0: 0x8000446c (0x032a41b3) div     gp, s4, s2
core   0: 3 0x8000446c (0x032a41b3) x 3 0xffffffff
core   0: 0x80004470 (0x03007c33) remu    s8, zero, a6
core   0: 3 0x80004470 (0x03007c33) x24 0x00000000
core   0: 0x80004474 (0x00e7ebb3) or      s7, a5, a4
core   0: 3 0x80004474 (0x00e7ebb3) x23 0x00000000
core   0: 0x80004478 (0x03c59a33) mulh    s4, a1, t3
core   0: 3 0x80004478 (0x03c59a33) x20 0x00000000
core   0: 0x8000447c (0x5655f313) andi    t1, a1, 1381
core   0: 3 0x8000447c (0x5655f313) x 6 0x00000000
core   0: 0x80004480 (0x0152d093) srli    ra, t0, 21
core   0: 3 0x80004480 (0x0152d093) x 1 0x00000780
core   0: 0x80004484 (0x033325b3) mulhsu  a1, t1, s3
core   0: 3 0x80004484 (0x033325b3) x11 0x00000000
core   0: 0x80004488 (0x00f07233) and     tp, zero, a5
core   0: 3 0x80004488 (0x00f07233) x 4 0x00000000
core   0: 0x8000448c (0x00000013) nop
core   0: 3 0x8000448c (0x00000013)
core   0: 0x80004490 (0x76da2b13) slti    s6, s4, 1901
core   0: 3 0x80004490 (0x76da2b13) x22 0x00000001
core   0: 0x80004494 (0x01534bb3) xor     s7, t1, s5
core   0: 3 0x80004494 (0x01534bb3) x23 0x80014e64
core   0: 0x80004498 (0x03c527b3) mulhsu  a5, a0, t3
core   0: 3 0x80004498 (0x03c527b3) x15 0x00000000
core   0: 0x8000449c (0x023ab2b3) mulhu   t0, s5, gp
core   0: 3 0x8000449c (0x023ab2b3) x 5 0x80014e63
core   0: 0x800044a0 (0x00aa90b3) sll     ra, s5, a0
core   0: 3 0x800044a0 (0x00aa90b3) x 1 0x80014e64
core   0: 0x800044a4 (0x03298db3) mul     s11, s3, s2
core   0: 3 0x800044a4 (0x03298db3) x27 0x00000000
core   0: 0x800044a8 (0x0392cfb3) div     t6, t0, s9
core   0: 3 0x800044a8 (0x0392cfb3) x31 0x00118f52
core   0: 0x800044ac (0x33538f13) addi    t5, t2, 821
core   0: 3 0x800044ac (0x33538f13) x30 0xfffffbeb
core   0: 0x800044b0 (0x00f957b3) srl     a5, s2, a5
core   0: 3 0x800044b0 (0x00f957b3) x15 0x00000000
core   0: 0x800044b4 (0x027d34b3) mulhu   s1, s10, t2
core   0: 3 0x800044b4 (0x027d34b3) x 9 0x00000000
core   0: 0x800044b8 (0xaa533e93) sltiu   t4, t1, -1371
core   0: 3 0x800044b8 (0xaa533e93) x29 0x00000001
core   0: 0x800044bc (0x414bd5b3) sra     a1, s7, s4
core   0: 3 0x800044bc (0x414bd5b3) x11 0x80014e64
core   0: 0x800044c0 (0x01025793) srli    a5, tp, 16
core   0: 3 0x800044c0 (0x01025793) x15 0x00000000
core   0: 0x800044c4 (0x2ac78b93) addi    s7, a5, 684
core   0: 3 0x800044c4 (0x2ac78b93) x23 0x000002ac
core   0: 0x800044c8 (0x014300b3) add     ra, t1, s4
core   0: 3 0x800044c8 (0x014300b3) x 1 0x00000000
core   0: 0x800044cc (0x020f62b3) rem     t0, t5, zero
core   0: 3 0x800044cc (0x020f62b3) x 5 0xfffffbeb
core   0: 0x800044d0 (0x40e806b3) sub     a3, a6, a4
core   0: 3 0x800044d0 (0x40e806b3) x13 0x00000000
core   0: 0x800044d4 (0x40e3de13) srai    t3, t2, 14
core   0: 3 0x800044d4 (0x40e3de13) x28 0xffffffff
core   0: 0x800044d8 (0x41875f93) srai    t6, a4, 24
core   0: 3 0x800044d8 (0x41875f93) x31 0x00000000
core   0: 0x800044dc (0x006ad8b3) srl     a7, s5, t1
core   0: 3 0x800044dc (0x006ad8b3) x17 0x80014e64
core   0: 0x800044e0 (0x033b4bb3) div     s7, s6, s3
core   0: 3 0x800044e0 (0x033b4bb3) x23 0xffffffff
core   0: 0x800044e4 (0x008b7733) and     a4, s6, s0
core   0: 3 0x800044e4 (0x008b7733) x14 0x00000001
core   0: 0x800044e8 (0x0317b9b3) mulhu   s3, a5, a7
core   0: 3 0x800044e8 (0x0317b9b3) x19 0x00000000
core   0: 0x800044ec (0x01031d13) slli    s10, t1, 16
core   0: 3 0x800044ec (0x01031d13) x26 0x00000000
core   0: 0x800044f0 (0xae01af13) slti    t5, gp, -1312
core   0: 3 0x800044f0 (0xae01af13) x30 0x00000000
core   0: 0x800044f4 (0x3bd4fb13) andi    s6, s1, 957
core   0: 3 0x800044f4 (0x3bd4fb13) x22 0x00000000
core   0: 0x800044f8 (0xfef20c17) auipc   s8, 0xfef20
core   0: 3 0x800044f8 (0xfef20c17) x24 0x7ef244f8
core   0: 0x800044fc (0xbf620093) addi    ra, tp, -1034
core   0: 3 0x800044fc (0xbf620093) x 1 0xfffffbf6
core   0: 0x80004500 (0x4077d313) srai    t1, a5, 7
core   0: 3 0x80004500 (0x4077d313) x 6 0x00000000
core   0: 0x80004504 (0xde6ba993) slti    s3, s7, -538
core   0: 3 0x80004504 (0xde6ba993) x19 0x00000000
core   0: 0x80004508 (0x00369d13) slli    s10, a3, 3
core   0: 3 0x80004508 (0x00369d13) x26 0x00000000
core   0: 0x8000450c (0x03f62033) mulhsu  zero, a2, t6
core   0: 3 0x8000450c (0x03f62033)
core   0: 0x80004510 (0x0135d7b3) srl     a5, a1, s3
core   0: 3 0x80004510 (0x0135d7b3) x15 0x80014e64
core   0: 0x80004514 (0x03f73fb3) mulhu   t6, a4, t6
core   0: 3 0x80004514 (0x03f73fb3) x31 0x00000000
core   0: 0x80004518 (0x3647c697) auipc   a3, 0x3647c
core   0: 3 0x80004518 (0x3647c697) x13 0xb6480518
core   0: 0x8000451c (0x01539533) sll     a0, t2, s5
core   0: 3 0x8000451c (0x01539533) x10 0xffff8b60
core   0: 0x80004520 (0x005b86b3) add     a3, s7, t0
core   0: 3 0x80004520 (0x005b86b3) x13 0xfffffbea
core   0: 0x80004524 (0x023e5f33) divu    t5, t3, gp
core   0: 3 0x80004524 (0x023e5f33) x30 0x00000001
core   0: 0x80004528 (0x03339733) mulh    a4, t2, s3
core   0: 3 0x80004528 (0x03339733) x14 0x00000000
core   0: 0x8000452c (0x4221f513) andi    a0, gp, 1058
core   0: 3 0x8000452c (0x4221f513) x10 0x00000422
core   0: 0x80004530 (0x90d93193) sltiu   gp, s2, -1779
core   0: 3 0x80004530 (0x90d93193) x 3 0x00000001
core   0: 0x80004534 (0x00507bb3) and     s7, zero, t0
core   0: 3 0x80004534 (0x00507bb3) x23 0x00000000
core   0: 0x80004538 (0x03daa833) mulhsu  a6, s5, t4
core   0: 3 0x80004538 (0x03daa833) x16 0xffffffff
core   0: 0x8000453c (0xa5000a13) li      s4, -1456
core   0: 3 0x8000453c (0xa5000a13) x20 0xfffffa50
core   0: 0x80004540 (0x03928bb3) mul     s7, t0, s9
core   0: 3 0x80004540 (0x03928bb3) x23 0x001dc112
core   0: 0x80004544 (0x00000013) nop
core   0: 3 0x80004544 (0x00000013)
core   0: 0x80004548 (0xc6b3a213) slti    tp, t2, -917
core   0: 3 0x80004548 (0xc6b3a213) x 4 0x00000001
core   0: 0x8000454c (0x02a7f2b3) remu    t0, a5, a0
core   0: 3 0x8000454c (0x02a7f2b3) x 5 0x00000288
core   0: 0x80004550 (0x33bf6693) ori     a3, t5, 827
core   0: 3 0x80004550 (0x33bf6693) x13 0x0000033b
core   0: 0x80004554 (0x01ec8e33) add     t3, s9, t5
core   0: 3 0x80004554 (0x01ec8e33) x28 0xfffff8b7
core   0: 0x80004558 (0x024edd33) divu    s10, t4, tp
core   0: 3 0x80004558 (0x024edd33) x26 0x00000001
core   0: 0x8000455c (0x9ee4bc93) sltiu   s9, s1, -1554
core   0: 3 0x8000455c (0x9ee4bc93) x25 0x00000001
core   0: 0x80004560 (0x4186d213) srai    tp, a3, 24
core   0: 3 0x80004560 (0x4186d213) x 4 0x00000000
core   0: 0x80004564 (0x420b2e13) slti    t3, s6, 1056
core   0: 3 0x80004564 (0x420b2e13) x28 0x00000001
core   0: 0x80004568 (0x0215b1b3) mulhu   gp, a1, ra
core   0: 3 0x80004568 (0x0215b1b3) x 3 0x80014c5e
core   0: 0x8000456c (0x83c9aa13) slti    s4, s3, -1988
core   0: 3 0x8000456c (0x83c9aa13) x20 0x00000000
core   0: 0x80004570 (0x1afc8c13) addi    s8, s9, 431
core   0: 3 0x80004570 (0x1afc8c13) x24 0x000001b0
core   0: 0x80004574 (0x02eb06b3) mul     a3, s6, a4
core   0: 3 0x80004574 (0x02eb06b3) x13 0x00000000
core   0: 0x80004578 (0x3910fa13) andi    s4, ra, 913
core   0: 3 0x80004578 (0x3910fa13) x20 0x00000390
core   0: 0x8000457c (0x038cd933) divu    s2, s9, s8
core   0: 3 0x8000457c (0x038cd933) x18 0x00000000
core   0: 0x80004580 (0x010467b3) or      a5, s0, a6
core   0: 3 0x80004580 (0x010467b3) x15 0xffffffff
core   0: 0x80004584 (0x4d318c93) addi    s9, gp, 1235
core   0: 3 0x80004584 (0x4d318c93) x25 0x80015131
core   0: 0x80004588 (0x87b5e193) ori     gp, a1, -1925
core   0: 3 0x80004588 (0x87b5e193) x 3 0xfffffe7f
core   0: 0x8000458c (0x03a973b3) remu    t2, s2, s10
core   0: 3 0x8000458c (0x03a973b3) x 7 0x00000000
core   0: 0x80004590 (0x40a88bb3) sub     s7, a7, a0
core   0: 3 0x80004590 (0x40a88bb3) x23 0x80014a42
core   0: 0x80004594 (0x02ce9433) mulh    s0, t4, a2
core   0: 3 0x80004594 (0x02ce9433) x 8 0xffffffff
core   0: 0x80004598 (0x9a5ebf93) sltiu   t6, t4, -1627
core   0: 3 0x80004598 (0x9a5ebf93) x31 0x00000001
core   0: 0x8000459c (0x00000013) nop
core   0: 3 0x8000459c (0x00000013)
core   0: 0x800045a0 (0x00bdafb3) slt     t6, s11, a1
core   0: 3 0x800045a0 (0x00bdafb3) x31 0x00000000
core   0: 0x800045a4 (0x8eb401b7) lui     gp, 0x8eb40
core   0: 3 0x800045a4 (0x8eb401b7) x 3 0x8eb40000
core   0: 0x800045a8 (0x92c6b6b7) lui     a3, 0x92c6b
core   0: 3 0x800045a8 (0x92c6b6b7) x13 0x92c6b000
core   0: 0x800045ac (0x3d2ead13) slti    s10, t4, 978
core   0: 3 0x800045ac (0x3d2ead13) x26 0x00000001
core   0: 0x800045b0 (0x32ad9817) auipc   a6, 0x32ad9
core   0: 3 0x800045b0 (0x32ad9817) x16 0xb2add5b0
core   0: 0x800045b4 (0x03094bb3) div     s7, s2, a6
core   0: 3 0x800045b4 (0x03094bb3) x23 0x00000000
core   0: 0x800045b8 (0x01689733) sll     a4, a7, s6
core   0: 3 0x800045b8 (0x01689733) x14 0x80014e64
core   0: 0x800045bc (0x02bd9cb3) mulh    s9, s11, a1
core   0: 3 0x800045bc (0x02bd9cb3) x25 0x00000000
core   0: 0x800045c0 (0x039b2933) mulhsu  s2, s6, s9
core   0: 3 0x800045c0 (0x039b2933) x18 0x00000000
core   0: 0x800045c4 (0x41fbac93) slti    s9, s7, 1055
core   0: 3 0x800045c4 (0x41fbac93) x25 0x00000001
core   0: 0x800045c8 (0x417d5233) sra     tp, s10, s7
core   0: 3 0x800045c8 (0x417d5233) x 4 0x00000001
core   0: 0x800045cc (0x40615913) srai    s2, sp, 6
core   0: 3 0x800045cc (0x40615913) x18 0xfe000633
core   0: 0x800045d0 (0x031d0933) mul     s2, s10, a7
core   0: 3 0x800045d0 (0x031d0933) x18 0x80014e64
core   0: 0x800045d4 (0x011cf233) and     tp, s9, a7
core   0: 3 0x800045d4 (0x011cf233) x 4 0x00000000
core   0: 0x800045d8 (0x01beafb3) slt     t6, t4, s11
core   0: 3 0x800045d8 (0x01beafb3) x31 0x00000000
core   0: 0x800045dc (0x039dce33) div     t3, s11, s9
core   0: 3 0x800045dc (0x039dce33) x28 0x00000000
core   0: 0x800045e0 (0x02557b33) remu    s6, a0, t0
core   0: 3 0x800045e0 (0x02557b33) x22 0x0000019a
core   0: 0x800045e4 (0x009d0f33) add     t5, s10, s1
core   0: 3 0x800045e4 (0x009d0f33) x30 0x00000001
core   0: 0x800045e8 (0x0202b333) mulhu   t1, t0, zero
core   0: 3 0x800045e8 (0x0202b333) x 6 0x00000000
core   0: 0x800045ec (0x01f79593) slli    a1, a5, 31
core   0: 3 0x800045ec (0x01f79593) x11 0x80000000
core   0: 0x800045f0 (0x40cf5833) sra     a6, t5, a2
core   0: 3 0x800045f0 (0x40cf5833) x16 0x00000001
core   0: 0x800045f4 (0x00905b93) srli    s7, zero, 9
core   0: 3 0x800045f4 (0x00905b93) x23 0x00000000
core   0: 0x800045f8 (0x40bdde13) srai    t3, s11, 11
core   0: 3 0x800045f8 (0x40bdde13) x28 0x00000000
core   0: 0x800045fc (0x0090acb3) slt     s9, ra, s1
core   0: 3 0x800045fc (0x0090acb3) x25 0x00000001
core   0: 0x80004600 (0x001c1933) sll     s2, s8, ra
core   0: 3 0x80004600 (0x001c1933) x18 0x6c000000
core   0: 0x80004604 (0xa07bf037) lui     zero, 0xa07bf
core   0: 3 0x80004604 (0xa07bf037)
core   0: 0x80004608 (0xea54cb93) xori    s7, s1, -347
core   0: 3 0x80004608 (0xea54cb93) x23 0xfffffea5
core   0: 0x8000460c (0x40808433) sub     s0, ra, s0
core   0: 3 0x8000460c (0x40808433) x 8 0xfffffbf7
core   0: 0x80004610 (0x01bb56b3) srl     a3, s6, s11
core   0: 3 0x80004610 (0x01bb56b3) x13 0x0000019a
core   0: 0x80004614 (0x00000013) nop
core   0: 3 0x80004614 (0x00000013)
core   0: 0x80004618 (0x02bef733) remu    a4, t4, a1
core   0: 3 0x80004618 (0x02bef733) x14 0x00000001
core   0: 0x8000461c (0x002e1413) slli    s0, t3, 2
core   0: 3 0x8000461c (0x002e1413) x 8 0x00000000
core   0: 0x80004620 (0x0267c993) xori    s3, a5, 38
core   0: 3 0x80004620 (0x0267c993) x19 0xffffffd9
core   0: 0x80004624 (0x006a5413) srli    s0, s4, 6
core   0: 3 0x80004624 (0x006a5413) x 8 0x0000000e
core   0: 0x80004628 (0x0154fb33) and     s6, s1, s5
core   0: 3 0x80004628 (0x0154fb33) x22 0x00000000
core   0: 0x8000462c (0x4136df93) srai    t6, a3, 19
core   0: 3 0x8000462c (0x4136df93) x31 0x00000000
core   0: 0x80004630 (0x01da5413) srli    s0, s4, 29
core   0: 3 0x80004630 (0x01da5413) x 8 0x00000000
core   0: 0x80004634 (0x00f003b3) add     t2, zero, a5
core   0: 3 0x80004634 (0x00f003b3) x 7 0xffffffff
core   0: 0x80004638 (0x9b95e013) ori     zero, a1, -1607
core   0: 3 0x80004638 (0x9b95e013)
core   0: 0x8000463c (0x030bedb3) rem     s11, s7, a6
core   0: 3 0x8000463c (0x030bedb3) x27 0x00000000
core   0: 0x80004640 (0x00afa9b3) slt     s3, t6, a0
core   0: 3 0x80004640 (0x00afa9b3) x19 0x00000001
core   0: 0x80004644 (0x02700233) mul     tp, zero, t2
core   0: 3 0x80004644 (0x02700233) x 4 0x00000000
core   0: 0x80004648 (0x02dd0533) mul     a0, s10, a3
core   0: 3 0x80004648 (0x02dd0533) x10 0x0000019a
core   0: 0x8000464c (0x032a56b3) divu    a3, s4, s2
core   0: 3 0x8000464c (0x032a56b3) x13 0x00000000
core   0: 0x80004650 (0x00000013) nop
core   0: 3 0x80004650 (0x00000013)
core   0: 0x80004654 (0x000f9093) slli    ra, t6, 0
core   0: 3 0x80004654 (0x000f9093) x 1 0x00000000
core   0: 0x80004658 (0x7347bc13) sltiu   s8, a5, 1844
core   0: 3 0x80004658 (0x7347bc13) x24 0x00000000
core   0: 0x8000465c (0x00751fb3) sll     t6, a0, t2
core   0: 3 0x8000465c (0x00751fb3) x31 0x00000000
core   0: 0x80004660 (0x01a7a917) auipc   s2, 0x1a7a
core   0: 3 0x80004660 (0x01a7a917) x18 0x81a7e660
core   0: 0x80004664 (0x01feb333) sltu    t1, t4, t6
core   0: 3 0x80004664 (0x01feb333) x 6 0x00000000
core   0: 0x80004668 (0x027530b3) mulhu   ra, a0, t2
core   0: 3 0x80004668 (0x027530b3) x 1 0x00000199
core   0: 0x8000466c (0x03af1733) mulh    a4, t5, s10
core   0: 3 0x8000466c (0x03af1733) x14 0x00000000
core   0: 0x80004670 (0xf1063d93) sltiu   s11, a2, -240
core   0: 3 0x80004670 (0xf1063d93) x27 0x00000001
core   0: 0x80004674 (0x401c5593) srai    a1, s8, 1
core   0: 3 0x80004674 (0x401c5593) x11 0x00000000
core   0: 0x80004678 (0x008cdf33) srl     t5, s9, s0
core   0: 3 0x80004678 (0x008cdf33) x30 0x00000001
core   0: 0x8000467c (0xf4177b93) andi    s7, a4, -191
core   0: 3 0x8000467c (0xf4177b93) x23 0x00000000
core   0: 0x80004680 (0x034d5db3) divu    s11, s10, s4
core   0: 3 0x80004680 (0x034d5db3) x27 0x00000000
core   0: 0x80004684 (0x038dd1b3) divu    gp, s11, s8
core   0: 3 0x80004684 (0x038dd1b3) x 3 0xffffffff
core   0: 0x80004688 (0x01e39093) slli    ra, t2, 30
core   0: 3 0x80004688 (0x01e39093) x 1 0xc0000000
core   0: 0x8000468c (0x56a0e913) ori     s2, ra, 1386
core   0: 3 0x8000468c (0x56a0e913) x18 0xc000056a
core   0: 0x80004690 (0x416d5eb3) sra     t4, s10, s6
core   0: 3 0x80004690 (0x416d5eb3) x29 0x00000001
core   0: 0x80004694 (0x021b7db3) remu    s11, s6, ra
core   0: 3 0x80004694 (0x021b7db3) x27 0x00000000
core   0: 0x80004698 (0x005b6eb3) or      t4, s6, t0
core   0: 3 0x80004698 (0x005b6eb3) x29 0x00000288
core   0: 0x8000469c (0x40655733) sra     a4, a0, t1
core   0: 3 0x8000469c (0x40655733) x14 0x0000019a
core   0: 0x800046a0 (0x00000013) nop
core   0: 3 0x800046a0 (0x00000013)
core   0: 0x800046a4 (0x5a543697) auipc   a3, 0x5a543
core   0: 3 0x800046a4 (0x5a543697) x13 0xda5476a4
core   0: 0x800046a8 (0x403d5413) srai    s0, s10, 3
core   0: 3 0x800046a8 (0x403d5413) x 8 0x00000000
core   0: 0x800046ac (0x007da6b3) slt     a3, s11, t2
core   0: 3 0x800046ac (0x007da6b3) x13 0x00000000
core   0: 0x800046b0 (0x00000013) nop
core   0: 3 0x800046b0 (0x00000013)
core   0: 0x800046b4 (0xba13aa13) slti    s4, t2, -1119
core   0: 3 0x800046b4 (0xba13aa13) x20 0x00000000
core   0: 0x800046b8 (0x58a36d93) ori     s11, t1, 1418
core   0: 3 0x800046b8 (0x58a36d93) x27 0x0000058a
core   0: 0x800046bc (0x01b0d093) srli    ra, ra, 27
core   0: 3 0x800046bc (0x01b0d093) x 1 0x00000018
core   0: 0x800046c0 (0x00e05d93) srli    s11, zero, 14
core   0: 3 0x800046c0 (0x00e05d93) x27 0x00000000
core   0: 0x800046c4 (0x03c135b3) mulhu   a1, sp, t3
core   0: 3 0x800046c4 (0x03c135b3) x11 0x00000000
core   0: 0x800046c8 (0x00000013) nop
core   0: 3 0x800046c8 (0x00000013)
core   0: 0x800046cc (0x01dcabb3) slt     s7, s9, t4
core   0: 3 0x800046cc (0x01dcabb3) x23 0x00000001
core   0: 0x800046d0 (0x4156d933) sra     s2, a3, s5
core   0: 3 0x800046d0 (0x4156d933) x18 0x00000000
core   0: 0x800046d4 (0x02bbfcb3) remu    s9, s7, a1
core   0: 3 0x800046d4 (0x02bbfcb3) x25 0x00000001
core   0: 0x800046d8 (0x0078cc33) xor     s8, a7, t2
core   0: 3 0x800046d8 (0x0078cc33) x24 0x7ffeb19b
core   0: 0x800046dc (0x003fb2b3) sltu    t0, t6, gp
core   0: 3 0x800046dc (0x003fb2b3) x 5 0x00000001
core   0: 0x800046e0 (0x00a359b3) srl     s3, t1, a0
core   0: 3 0x800046e0 (0x00a359b3) x19 0x00000000
core   0: 0x800046e4 (0x4055d0b3) sra     ra, a1, t0
core   0: 3 0x800046e4 (0x4055d0b3) x 1 0x00000000
core   0: 0x800046e8 (0x41a082b3) sub     t0, ra, s10
core   0: 3 0x800046e8 (0x41a082b3) x 5 0xffffffff
core   0: 0x800046ec (0x00000013) nop
core   0: 3 0x800046ec (0x00000013)
core   0: 0x800046f0 (0x03923033) mulhu   zero, tp, s9
core   0: 3 0x800046f0 (0x03923033)
core   0: 0x800046f4 (0x01084333) xor     t1, a6, a6
core   0: 3 0x800046f4 (0x01084333) x 6 0x00000000
core   0: 0x800046f8 (0x02dcf733) remu    a4, s9, a3
core   0: 3 0x800046f8 (0x02dcf733) x14 0x00000001
core   0: 0x800046fc (0x00872233) slt     tp, a4, s0
core   0: 3 0x800046fc (0x00872233) x 4 0x00000000
core   0: 0x80004700 (0x0257ff33) remu    t5, a5, t0
core   0: 3 0x80004700 (0x0257ff33) x30 0x00000000
core   0: 0x80004704 (0x030052b3) divu    t0, zero, a6
core   0: 3 0x80004704 (0x030052b3) x 5 0x00000000
core   0: 0x80004708 (0x03820b33) mul     s6, tp, s8
core   0: 3 0x80004708 (0x03820b33) x22 0x00000000
core   0: 0x8000470c (0x408e5413) srai    s0, t3, 8
core   0: 3 0x8000470c (0x408e5413) x 8 0x00000000
core   0: 0x80004710 (0x0143cd33) xor     s10, t2, s4
core   0: 3 0x80004710 (0x0143cd33) x26 0xffffffff
core   0: 0x80004714 (0x51d1ed13) ori     s10, gp, 1309
core   0: 3 0x80004714 (0x51d1ed13) x26 0xffffffff
core   0: 0x80004718 (0x03075533) divu    a0, a4, a6
core   0: 3 0x80004718 (0x03075533) x10 0x00000001
core   0: 0x8000471c (0x00160833) add     a6, a2, ra
core   0: 3 0x8000471c (0x00160833) x16 0xf018fb60
core   0: 0x80004720 (0x02522b33) mulhsu  s6, tp, t0
core   0: 3 0x80004720 (0x02522b33) x22 0x00000000
core   0: 0x80004724 (0xe103b417) auipc   s0, 0xe103b
core   0: 3 0x80004724 (0xe103b417) x 8 0x6103f724
core   0: 0x80004728 (0x00218bb3) add     s7, gp, sp
core   0: 3 0x80004728 (0x00218bb3) x23 0x80018ce3
core   0: 0x8000472c (0x009d9c93) slli    s9, s11, 9
core   0: 3 0x8000472c (0x009d9c93) x25 0x00000000
core   0: 0x80004730 (0x03716db3) rem     s11, sp, s7
core   0: 3 0x80004730 (0x03716db3) x27 0x80018ce4
core   0: 0x80004734 (0x0014e933) or      s2, s1, ra
core   0: 3 0x80004734 (0x0014e933) x18 0x00000000
core   0: 0x80004738 (0x01e244b3) xor     s1, tp, t5
core   0: 3 0x80004738 (0x01e244b3) x 9 0x00000000
core   0: 0x8000473c (0x0346fb33) remu    s6, a3, s4
core   0: 3 0x8000473c (0x0346fb33) x22 0x00000000
core   0: 0x80004740 (0x024200b3) mul     ra, tp, tp
core   0: 3 0x80004740 (0x024200b3) x 1 0x00000000
core   0: 0x80004744 (0x0266f3b3) remu    t2, a3, t1
core   0: 3 0x80004744 (0x0266f3b3) x 7 0x00000000
core   0: 0x80004748 (0x030290b3) mulh    ra, t0, a6
core   0: 3 0x80004748 (0x030290b3) x 1 0x00000000
core   0: 0x8000474c (0x0266e3b3) rem     t2, a3, t1
core   0: 3 0x8000474c (0x0266e3b3) x 7 0x00000000
core   0: 0x80004750 (0x00808197) auipc   gp, 0x808
core   0: 3 0x80004750 (0x00808197) x 3 0x8080c750
core   0: 0x80004754 (0x418cd933) sra     s2, s9, s8
core   0: 3 0x80004754 (0x418cd933) x18 0x00000000
core   0: 0x80004758 (0xb187ce93) xori    t4, a5, -1256
core   0: 3 0x80004758 (0xb187ce93) x29 0x000004e7
core   0: 0x8000475c (0x03577233) remu    tp, a4, s5
core   0: 3 0x8000475c (0x03577233) x 4 0x00000001
core   0: 0x80004760 (0x29314513) xori    a0, sp, 659
core   0: 3 0x80004760 (0x29314513) x10 0x80018e77
core   0: 0x80004764 (0xa0f24013) xori    zero, tp, -1521
core   0: 3 0x80004764 (0xa0f24013)
core   0: 0x80004768 (0x038348b3) div     a7, t1, s8
core   0: 3 0x80004768 (0x038348b3) x17 0x00000000
core   0: 0x8000476c (0x035776b3) remu    a3, a4, s5
core   0: 3 0x8000476c (0x035776b3) x13 0x00000001
core   0: 0x80004770 (0x03ddf5b3) remu    a1, s11, t4
core   0: 3 0x80004770 (0x03ddf5b3) x11 0x00000183
core   0: 0x80004774 (0x0389d7b3) divu    a5, s3, s8
core   0: 3 0x80004774 (0x0389d7b3) x15 0x00000000
core   0: 0x80004778 (0x9e2acc13) xori    s8, s5, -1566
core   0: 3 0x80004778 (0x9e2acc13) x24 0x7ffeb786
core   0: 0x8000477c (0x2d8b0d93) addi    s11, s6, 728
core   0: 3 0x8000477c (0x2d8b0d93) x27 0x000002d8
core   0: 0x80004780 (0x036d29b3) mulhsu  s3, s10, s6
core   0: 3 0x80004780 (0x036d29b3) x19 0x00000000
core   0: 0x80004784 (0x00000013) nop
core   0: 3 0x80004784 (0x00000013)
core   0: 0x80004788 (0x0024b433) sltu    s0, s1, sp
core   0: 3 0x80004788 (0x0024b433) x 8 0x00000001
core   0: 0x8000478c (0xd7d7b897) auipc   a7, 0xd7d7b
core   0: 3 0x8000478c (0xd7d7b897) x17 0x57d7f78c
core   0: 0x80004790 (0x40e352b3) sra     t0, t1, a4
core   0: 3 0x80004790 (0x40e352b3) x 5 0x00000000
core   0: 0x80004794 (0x00723733) sltu    a4, tp, t2
core   0: 3 0x80004794 (0x00723733) x14 0x00000000
core   0: 0x80004798 (0x02aad6b3) divu    a3, s5, a0
core   0: 3 0x80004798 (0x02aad6b3) x13 0x00000000
core   0: 0x8000479c (0x0292d6b3) divu    a3, t0, s1
core   0: 3 0x8000479c (0x0292d6b3) x13 0xffffffff
core   0: 0x800047a0 (0x03ecb833) mulhu   a6, s9, t5
core   0: 3 0x800047a0 (0x03ecb833) x16 0x00000000
core   0: 0x800047a4 (0x00596a33) or      s4, s2, t0
core   0: 3 0x800047a4 (0x00596a33) x20 0x00000000
core   0: 0x800047a8 (0x08db2993) slti    s3, s6, 141
core   0: 3 0x800047a8 (0x08db2993) x19 0x00000001
core   0: 0x800047ac (0x5e1c6f17) auipc   t5, 0x5e1c6
core   0: 3 0x800047ac (0x5e1c6f17) x30 0xde1ca7ac
core   0: 0x800047b0 (0x018b9c93) slli    s9, s7, 24
core   0: 3 0x800047b0 (0x018b9c93) x25 0xe3000000
core   0: 0x800047b4 (0x00000013) nop
core   0: 3 0x800047b4 (0x00000013)
core   0: 0x800047b8 (0xe4fe0c13) addi    s8, t3, -433
core   0: 3 0x800047b8 (0xe4fe0c13) x24 0xfffffe4f
core   0: 0x800047bc (0x0023ff33) and     t5, t2, sp
core   0: 3 0x800047bc (0x0023ff33) x30 0x00000000
core   0: 0x800047c0 (0x004bd493) srli    s1, s7, 4
core   0: 3 0x800047c0 (0x004bd493) x 9 0x080018ce
core   0: 0x800047c4 (0xbcdbec93) ori     s9, s7, -1075
core   0: 3 0x800047c4 (0xbcdbec93) x25 0xffffffef
core   0: 0x800047c8 (0x004bb333) sltu    t1, s7, tp
core   0: 3 0x800047c8 (0x004bb333) x 6 0x00000000
core   0: 0x800047cc (0x15da0b93) addi    s7, s4, 349
core   0: 3 0x800047cc (0x15da0b93) x23 0x0000015d
core   0: 0x800047d0 (0xde490293) addi    t0, s2, -540
core   0: 3 0x800047d0 (0xde490293) x 5 0xfffffde4
core   0: 0x800047d4 (0x21932a13) slti    s4, t1, 537
core   0: 3 0x800047d4 (0x21932a13) x20 0x00000001
core   0: 0x800047d8 (0x0348bb33) mulhu   s6, a7, s4
core   0: 3 0x800047d8 (0x0348bb33) x22 0x00000000
core   0: 0x800047dc (0x022cbe33) mulhu   t3, s9, sp
core   0: 3 0x800047dc (0x022cbe33) x28 0x80018cdb
core   0: 0x800047e0 (0x00d6d433) srl     s0, a3, a3
core   0: 3 0x800047e0 (0x00d6d433) x 8 0x00000001
core   0: 0x800047e4 (0x02886d13) ori     s10, a6, 40
core   0: 3 0x800047e4 (0x02886d13) x26 0x00000028
core   0: 0x800047e8 (0x03d16c33) rem     s8, sp, t4
core   0: 3 0x800047e8 (0x03d16c33) x24 0xfffffe17
core   0: 0x800047ec (0x00a26c33) or      s8, tp, a0
core   0: 3 0x800047ec (0x00a26c33) x24 0x80018e77
core   0: 0x800047f0 (0xbe4de893) ori     a7, s11, -1052
core   0: 3 0x800047f0 (0xbe4de893) x17 0xfffffbfc
core   0: 0x800047f4 (0xe54f8b93) addi    s7, t6, -428
core   0: 3 0x800047f4 (0xe54f8b93) x23 0xfffffe54
core   0: 0x800047f8 (0x486c7c13) andi    s8, s8, 1158
core   0: 3 0x800047f8 (0x486c7c13) x24 0x00000406
core   0: 0x800047fc (0x91fc6997) auipc   s3, 0x91fc6
core   0: 3 0x800047fc (0x91fc6997) x19 0x11fca7fc
core   0: 0x80004800 (0x02910733) mul     a4, sp, s1
core   0: 3 0x80004800 (0x02910733) x14 0x4674bf78
core   0: 0x80004804 (0x03561db3) mulh    s11, a2, s5
core   0: 3 0x80004804 (0x03561db3) x27 0x07f36d8a
core   0: 0x80004808 (0xde986313) ori     t1, a6, -535
core   0: 3 0x80004808 (0xde986313) x 6 0xfffffde9
core   0: 0x8000480c (0x101c0493) addi    s1, s8, 257
core   0: 3 0x8000480c (0x101c0493) x 9 0x00000507
core   0: 0x80004810 (0x86b74e13) xori    t3, a4, -1941
core   0: 3 0x80004810 (0x86b74e13) x28 0xb98b4713
core   0: 0x80004814 (0x009a7c33) and     s8, s4, s1
core   0: 3 0x80004814 (0x009a7c33) x24 0x00000001
core   0: 0x80004818 (0x02e9fb33) remu    s6, s3, a4
core   0: 3 0x80004818 (0x02e9fb33) x22 0x11fca7fc
core   0: 0x8000481c (0x03510e33) mul     t3, sp, s5
core   0: 3 0x8000481c (0x03510e33) x28 0x066c8110
core   0: 0x80004820 (0x7f0c7d13) andi    s10, s8, 2032
core   0: 3 0x80004820 (0x7f0c7d13) x26 0x00000000
core   0: 0x80004824 (0x013e15b3) sll     a1, t3, s3
core   0: 3 0x80004824 (0x013e15b3) x11 0x00000000
core   0: 0x80004828 (0x67e04b13) xori    s6, zero, 1662
core   0: 3 0x80004828 (0x67e04b13) x22 0x0000067e
core   0: 0x8000482c (0xf0384693) xori    a3, a6, -253
core   0: 3 0x8000482c (0xf0384693) x13 0xffffff03
core   0: 0x80004830 (0xbfe23293) sltiu   t0, tp, -1026
core   0: 3 0x80004830 (0xbfe23293) x 5 0x00000001
core   0: 0x80004834 (0x64338593) addi    a1, t2, 1603
core   0: 3 0x80004834 (0x64338593) x11 0x00000643
core   0: 0x80004838 (0x399a3997) auipc   s3, 0x399a3
core   0: 3 0x80004838 (0x399a3997) x19 0xb99a7838
core   0: 0x8000483c (0x88093213) sltiu   tp, s2, -1920
core   0: 3 0x8000483c (0x88093213) x 4 0x00000001
core   0: 0x80004840 (0x727ee317) auipc   t1, 0x727ee
core   0: 3 0x80004840 (0x727ee317) x 6 0xf27f2840
core   0: 0x80004844 (0x0024e5b3) or      a1, s1, sp
core   0: 3 0x80004844 (0x0024e5b3) x11 0x80018de7
core   0: 0x80004848 (0x03ce2e33) mulhsu  t3, t3, t3
core   0: 3 0x80004848 (0x03ce2e33) x28 0x00294409
core   0: 0x8000484c (0x012881b3) add     gp, a7, s2
core   0: 3 0x8000484c (0x012881b3) x 3 0xfffffbfc
core   0: 0x80004850 (0x401d5013) srai    zero, s10, 1
core   0: 3 0x80004850 (0x401d5013)
core   0: 0x80004854 (0x00e434b3) sltu    s1, s0, a4
core   0: 3 0x80004854 (0x00e434b3) x 9 0x00000001
core   0: 0x80004858 (0x00e2df33) srl     t5, t0, a4
core   0: 3 0x80004858 (0x00e2df33) x30 0x00000000
core   0: 0x8000485c (0x0162fb33) and     s6, t0, s6
core   0: 3 0x8000485c (0x0162fb33) x22 0x00000000
core   0: 0x80004860 (0xab3fcb93) xori    s7, t6, -1357
core   0: 3 0x80004860 (0xab3fcb93) x23 0xfffffab3
core   0: 0x80004864 (0x00a6ee33) or      t3, a3, a0
core   0: 3 0x80004864 (0x00a6ee33) x28 0xffffff77
core   0: 0x80004868 (0x03e0a933) mulhsu  s2, ra, t5
core   0: 3 0x80004868 (0x03e0a933) x18 0x00000000
core   0: 0x8000486c (0x00fe6b33) or      s6, t3, a5
core   0: 3 0x8000486c (0x00fe6b33) x22 0xffffff77
core   0: 0x80004870 (0x031dcdb3) div     s11, s11, a7
core   0: 3 0x80004870 (0x031dcdb3) x27 0xfffe0520
core   0: 0x80004874 (0x00dad913) srli    s2, s5, 13
core   0: 3 0x80004874 (0x00dad913) x18 0x0004000a
core   0: 0x80004878 (0x034c2333) mulhsu  t1, s8, s4
core   0: 3 0x80004878 (0x034c2333) x 6 0x00000000
core   0: 0x8000487c (0x00215313) srli    t1, sp, 2
core   0: 3 0x8000487c (0x00215313) x 6 0x20006339
core   0: 0x80004880 (0x3e537413) andi    s0, t1, 997
core   0: 3 0x80004880 (0x3e537413) x 8 0x00000321
core   0: 0x80004884 (0xfbdd6b13) ori     s6, s10, -67
core   0: 3 0x80004884 (0xfbdd6b13) x22 0xffffffbd
core   0: 0x80004888 (0x013115b3) sll     a1, sp, s3
core   0: 3 0x80004888 (0x013115b3) x11 0xe4000000
core   0: 0x8000488c (0x00b07c33) and     s8, zero, a1
core   0: 3 0x8000488c (0x00b07c33) x24 0x00000000
core   0: 0x80004890 (0x00000013) nop
core   0: 3 0x80004890 (0x00000013)
core   0: 0x80004894 (0x00000013) nop
core   0: 3 0x80004894 (0x00000013)
core   0: 0x80004898 (0xfbee0513) addi    a0, t3, -66
core   0: 3 0x80004898 (0xfbee0513) x10 0xffffff35
core   0: 0x8000489c (0x00000013) nop
core   0: 3 0x8000489c (0x00000013)
core   0: 0x800048a0 (0x00d566b3) or      a3, a0, a3
core   0: 3 0x800048a0 (0x00d566b3) x13 0xffffff37
core   0: 0x800048a4 (0x019dd9b3) srl     s3, s11, s9
core   0: 3 0x800048a4 (0x019dd9b3) x19 0x0001fffc
core   0: 0x800048a8 (0x02ce75b3) remu    a1, t3, a2
core   0: 3 0x800048a8 (0x02ce75b3) x11 0x0fe70417
core   0: 0x800048ac (0x015c9d93) slli    s11, s9, 21
core   0: 3 0x800048ac (0x015c9d93) x27 0xfde00000
core   0: 0x800048b0 (0x01c900b3) add     ra, s2, t3
core   0: 3 0x800048b0 (0x01c900b3) x 1 0x0003ff81
core   0: 0x800048b4 (0x02c6a2b3) mulhsu  t0, a3, a2
core   0: 3 0x800048b4 (0x02c6a2b3) x 5 0xffffff43
core   0: 0x800048b8 (0xf2874c93) xori    s9, a4, -216
core   0: 3 0x800048b8 (0xf2874c93) x25 0xb98b4050
core   0: 0x800048bc (0xcdd1f213) andi    tp, gp, -803
core   0: 3 0x800048bc (0xcdd1f213) x 4 0xfffff8dc
core   0: 0x800048c0 (0x00000013) nop
core   0: 3 0x800048c0 (0x00000013)
core   0: 0x800048c4 (0x03a18433) mul     s0, gp, s10
core   0: 3 0x800048c4 (0x03a18433) x 8 0x00000000
core   0: 0x800048c8 (0x01dfdb93) srli    s7, t6, 29
core   0: 3 0x800048c8 (0x01dfdb93) x23 0x00000000
core   0: 0x800048cc (0xd9100b93) li      s7, -623
core   0: 3 0x800048cc (0xd9100b93) x23 0xfffffd91
core   0: 0x800048d0 (0xda1aa293) slti    t0, s5, -607
core   0: 3 0x800048d0 (0xda1aa293) x 5 0x00000001
core   0: 0x800048d4 (0x038e1c33) mulh    s8, t3, s8
core   0: 3 0x800048d4 (0x038e1c33) x24 0x00000000
core   0: 0x800048d8 (0x018f0a33) add     s4, t5, s8
core   0: 3 0x800048d8 (0x018f0a33) x20 0x00000000
core   0: 0x800048dc (0x49b48293) addi    t0, s1, 1179
core   0: 3 0x800048dc (0x49b48293) x 5 0x0000049c
core   0: 0x800048e0 (0x2f70ec93) ori     s9, ra, 759
core   0: 3 0x800048e0 (0x2f70ec93) x25 0x0003fff7
core   0: 0x800048e4 (0x01dfeeb3) or      t4, t6, t4
core   0: 3 0x800048e4 (0x01dfeeb3) x29 0x000004e7
core   0: 0x800048e8 (0x02d424b3) mulhsu  s1, s0, a3
core   0: 3 0x800048e8 (0x02d424b3) x 9 0x00000000
core   0: 0x800048ec (0x03a9d933) divu    s2, s3, s10
core   0: 3 0x800048ec (0x03a9d933) x18 0xffffffff
core   0: 0x800048f0 (0x9bf57e97) auipc   t4, 0x9bf57
core   0: 3 0x800048f0 (0x9bf57e97) x29 0x1bf5b8f0
core   0: 0x800048f4 (0x03440fb3) mul     t6, s0, s4
core   0: 3 0x800048f4 (0x03440fb3) x31 0x00000000
core   0: 0x800048f8 (0x02ed06b3) mul     a3, s10, a4
core   0: 3 0x800048f8 (0x02ed06b3) x13 0x00000000
core   0: 0x800048fc (0x021c6a33) rem     s4, s8, ra
core   0: 3 0x800048fc (0x021c6a33) x20 0x00000000
core   0: 0x80004900 (0x00000013) nop
core   0: 3 0x80004900 (0x00000013)
core   0: 0x80004904 (0x02c1a3b3) mulhsu  t2, gp, a2
core   0: 3 0x80004904 (0x02c1a3b3) x 7 0xfffffc3b
core   0: 0x80004908 (0x02e02333) mulhsu  t1, zero, a4
core   0: 3 0x80004908 (0x02e02333) x 6 0x00000000
core   0: 0x8000490c (0x01415d97) auipc   s11, 0x1415
core   0: 3 0x8000490c (0x01415d97) x27 0x8141990c
core   0: 0x80004910 (0x00d09333) sll     t1, ra, a3
core   0: 3 0x80004910 (0x00d09333) x 6 0x0003ff81
core   0: 0x80004914 (0x41ff0a33) sub     s4, t5, t6
core   0: 3 0x80004914 (0x41ff0a33) x20 0x00000000
core   0: 0x80004918 (0x464c3313) sltiu   t1, s8, 1124
core   0: 3 0x80004918 (0x464c3313) x 6 0x00000001
core   0: 0x8000491c (0x27984e37) lui     t3, 0x27984
core   0: 3 0x8000491c (0x27984e37) x28 0x27984000
core   0: 0x80004920 (0x02e100b3) mul     ra, sp, a4
core   0: 3 0x80004920 (0x02e100b3) x 1 0x582826e0
core   0: 0x80004924 (0x02915a33) divu    s4, sp, s1
core   0: 3 0x80004924 (0x02915a33) x20 0xffffffff
core   0: 0x80004928 (0x41e7d033) sra     zero, a5, t5
core   0: 3 0x80004928 (0x41e7d033)
core   0: 0x8000492c (0x4a3e7fb7) lui     t6, 0x4a3e7
core   0: 3 0x8000492c (0x4a3e7fb7) x31 0x4a3e7000
core   0: 0x80004930 (0x41c18033) sub     zero, gp, t3
core   0: 3 0x80004930 (0x41c18033)
core   0: 0x80004934 (0x00000013) nop
core   0: 3 0x80004934 (0x00000013)
core   0: 0x80004938 (0x00d91a13) slli    s4, s2, 13
core   0: 3 0x80004938 (0x00d91a13) x20 0xffffe000
core   0: 0x8000493c (0xf0547f93) andi    t6, s0, -251
core   0: 3 0x8000493c (0xf0547f93) x31 0x00000000
core   0: 0x80004940 (0x60526413) ori     s0, tp, 1541
core   0: 3 0x80004940 (0x60526413) x 8 0xfffffedd
core   0: 0x80004944 (0x00c9a1b3) slt     gp, s3, a2
core   0: 3 0x80004944 (0x00c9a1b3) x 3 0x00000000
core   0: 0x80004948 (0x02d53c33) mulhu   s8, a0, a3
core   0: 3 0x80004948 (0x02d53c33) x24 0x00000000
core   0: 0x8000494c (0x013b2e33) slt     t3, s6, s3
core   0: 3 0x8000494c (0x013b2e33) x28 0x00000001
core   0: 0x80004950 (0x0291fe33) remu    t3, gp, s1
core   0: 3 0x80004950 (0x0291fe33) x28 0x00000000
core   0: 0x80004954 (0x01a21093) slli    ra, tp, 26
core   0: 3 0x80004954 (0x01a21093) x 1 0x70000000
core   0: 0x80004958 (0x0221c1b3) div     gp, gp, sp
core   0: 3 0x80004958 (0x0221c1b3) x 3 0x00000000
core   0: 0x8000495c (0x19ee3593) sltiu   a1, t3, 414
core   0: 3 0x8000495c (0x19ee3593) x11 0x00000001
core   0: 0x80004960 (0x00000013) nop
core   0: 3 0x80004960 (0x00000013)
core   0: 0x80004964 (0x411256b3) sra     a3, tp, a7
core   0: 3 0x80004964 (0x411256b3) x13 0xffffffff
core   0: 0x80004968 (0x00a8de33) srl     t3, a7, a0
core   0: 3 0x80004968 (0x00a8de33) x28 0x000007ff
core   0: 0x8000496c (0x03b3ff33) remu    t5, t2, s11
core   0: 3 0x8000496c (0x03b3ff33) x30 0x7ebe632f
core   0: 0x80004970 (0x01645b13) srli    s6, s0, 22
core   0: 3 0x80004970 (0x01645b13) x22 0x000003ff
core   0: 0x80004974 (0x00fc5293) srli    t0, s8, 15
core   0: 3 0x80004974 (0x00fc5293) x 5 0x00000000
core   0: 0x80004978 (0x008996b3) sll     a3, s3, s0
core   0: 3 0x80004978 (0x008996b3) x13 0x80000000
core   0: 0x8000497c (0x035bfa33) remu    s4, s7, s5
core   0: 3 0x8000497c (0x035bfa33) x20 0x7ffeaf2d
core   0: 0x80004980 (0x5112fd37) lui     s10, 0x5112f
core   0: 3 0x80004980 (0x5112fd37) x26 0x5112f000
core   0: 0x80004984 (0x6ff34f13) xori    t5, t1, 1791
core   0: 3 0x80004984 (0x6ff34f13) x30 0x000006fe
core   0: 0x80004988 (0x02348e33) mul     t3, s1, gp
core   0: 3 0x80004988 (0x02348e33) x28 0x00000000
core   0: 0x8000498c (0x14dac893) xori    a7, s5, 333
core   0: 3 0x8000498c (0x14dac893) x17 0x80014f29
core   0: 0x80004990 (0x00000013) nop
core   0: 3 0x80004990 (0x00000013)
core   0: 0x80004994 (0xf7588393) addi    t2, a7, -139
core   0: 3 0x80004994 (0xf7588393) x 7 0x80014e9e
core   0: 0x80004998 (0x022b49b3) div     s3, s6, sp
core   0: 3 0x80004998 (0x022b49b3) x19 0x00000000
core   0: 0x8000499c (0x0163f533) and     a0, t2, s6
core   0: 3 0x8000499c (0x0163f533) x10 0x0000029e
core   0: 0x800049a0 (0x018554b3) srl     s1, a0, s8
core   0: 3 0x800049a0 (0x018554b3) x 9 0x0000029e
core   0: 0x800049a4 (0x03515b33) divu    s6, sp, s5
core   0: 3 0x800049a4 (0x03515b33) x22 0x00000001
core   0: 0x800049a8 (0x02d958b3) divu    a7, s2, a3
core   0: 3 0x800049a8 (0x02d958b3) x17 0x00000001
core   0: 0x800049ac (0xbbc48693) addi    a3, s1, -1092
core   0: 3 0x800049ac (0xbbc48693) x13 0xfffffe5a
core   0: 0x800049b0 (0x017e8433) add     s0, t4, s7
core   0: 3 0x800049b0 (0x017e8433) x 8 0x1bf5b681
core   0: 0x800049b4 (0xb12c7193) andi    gp, s8, -1262
core   0: 3 0x800049b4 (0xb12c7193) x 3 0x00000000
core   0: 0x800049b8 (0x41b6da13) srai    s4, a3, 27
core   0: 3 0x800049b8 (0x41b6da13) x20 0xffffffff
core   0: 0x800049bc (0x5e5d8a13) addi    s4, s11, 1509
core   0: 3 0x800049bc (0x5e5d8a13) x20 0x81419ef1
core   0: 0x800049c0 (0x1221f593) andi    a1, gp, 290
core   0: 3 0x800049c0 (0x1221f593) x11 0x00000000
core   0: 0x800049c4 (0xd8f1e693) ori     a3, gp, -625
core   0: 3 0x800049c4 (0xd8f1e693) x13 0xfffffd8f
core   0: 0x800049c8 (0x011d1213) slli    tp, s10, 17
core   0: 3 0x800049c8 (0x011d1213) x 4 0xe0000000
core   0: 0x800049cc (0x041eef97) auipc   t6, 0x41ee
core   0: 3 0x800049cc (0x041eef97) x31 0x841f29cc
core   0: 0x800049d0 (0x032bb533) mulhu   a0, s7, s2
core   0: 3 0x800049d0 (0x032bb533) x10 0xfffffd90
core   0: 0x800049d4 (0x01aca433) slt     s0, s9, s10
core   0: 3 0x800049d4 (0x01aca433) x 8 0x00000001
core   0: 0x800049d8 (0x0fccfe37) lui     t3, 0xfccf
core   0: 3 0x800049d8 (0x0fccfe37) x28 0x0fccf000
core   0: 0x800049dc (0x008f36b3) sltu    a3, t5, s0
core   0: 3 0x800049dc (0x008f36b3) x13 0x00000000
core   0: 0x800049e0 (0x48e4a713) slti    a4, s1, 1166
core   0: 3 0x800049e0 (0x48e4a713) x14 0x00000001
core   0: 0x800049e4 (0x08293d93) sltiu   s11, s2, 130
core   0: 3 0x800049e4 (0x08293d93) x27 0x00000000
core   0: 0x800049e8 (0x01cb3db3) sltu    s11, s6, t3
core   0: 3 0x800049e8 (0x01cb3db3) x27 0x00000001
core   0: 0x800049ec (0x00608933) add     s2, ra, t1
core   0: 3 0x800049ec (0x00608933) x18 0x70000001
core   0: 0x800049f0 (0x00e0c6b3) xor     a3, ra, a4
core   0: 3 0x800049f0 (0x00e0c6b3) x13 0x70000001
core   0: 0x800049f4 (0x026f82b3) mul     t0, t6, t1
core   0: 3 0x800049f4 (0x026f82b3) x 5 0x841f29cc
core   0: 0x800049f8 (0x01bbd5b3) srl     a1, s7, s11
core   0: 3 0x800049f8 (0x01bbd5b3) x11 0x7ffffec8
core   0: 0x800049fc (0x405dda13) srai    s4, s11, 5
core   0: 3 0x800049fc (0x405dda13) x20 0x00000000
core   0: 0x80004a00 (0x0020fcb3) and     s9, ra, sp
core   0: 3 0x80004a00 (0x0020fcb3) x25 0x00000000
core   0: 0x80004a04 (0x6cdb9bb7) lui     s7, 0x6cdb9
core   0: 3 0x80004a04 (0x6cdb9bb7) x23 0x6cdb9000
core   0: 0x80004a08 (0x007af333) and     t1, s5, t2
core   0: 3 0x80004a08 (0x007af333) x 6 0x80014e04
core   0: 0x80004a0c (0x135d2eb7) lui     t4, 0x135d2
core   0: 3 0x80004a0c (0x135d2eb7) x29 0x135d2000
core   0: 0x80004a10 (0x0ce42a37) lui     s4, 0xce42
core   0: 3 0x80004a10 (0x0ce42a37) x20 0x0ce42000
core   0: 0x80004a14 (0xda542713) slti    a4, s0, -603
core   0: 3 0x80004a14 (0xda542713) x14 0x00000000
core   0: 0x80004a18 (0x02af8833) mul     a6, t6, a0
core   0: 3 0x80004a18 (0x02af8833) x16 0xf40a1ec0
core   0: 0x80004a1c (0x1e8bb213) sltiu   tp, s7, 488
core   0: 3 0x80004a1c (0x1e8bb213) x 4 0x00000000
core   0: 0x80004a20 (0xe46db913) sltiu   s2, s11, -442
core   0: 3 0x80004a20 (0xe46db913) x18 0x00000001
core   0: 0x80004a24 (0x03564cb3) div     s9, a2, s5
core   0: 3 0x80004a24 (0x03564cb3) x25 0x00000000
core   0: 0x80004a28 (0x404c55b3) sra     a1, s8, tp
core   0: 3 0x80004a28 (0x404c55b3) x11 0x00000000
core   0: 0x80004a2c (0x013a8533) add     a0, s5, s3
core   0: 3 0x80004a2c (0x013a8533) x10 0x80014e64
core   0: 0x80004a30 (0x0208b933) mulhu   s2, a7, zero
core   0: 3 0x80004a30 (0x0208b933) x18 0x00000000
core   0: 0x80004a34 (0x0eaf1997) auipc   s3, 0xeaf1
core   0: 3 0x80004a34 (0x0eaf1997) x19 0x8eaf5a34
core   0: 0x80004a38 (0x01e44f33) xor     t5, s0, t5
core   0: 3 0x80004a38 (0x01e44f33) x30 0x000006ff
core   0: 0x80004a3c (0x00000013) nop
core   0: 3 0x80004a3c (0x00000013)
core   0: 0x80004a40 (0xe60d4f93) xori    t6, s10, -416
core   0: 3 0x80004a40 (0xe60d4f93) x31 0xaeed0e60
core   0: 0x80004a44 (0x9bf90493) addi    s1, s2, -1601
core   0: 3 0x80004a44 (0x9bf90493) x 9 0xfffff9bf
core   0: 0x80004a48 (0xcf6d6213) ori     tp, s10, -778
core   0: 3 0x80004a48 (0xcf6d6213) x 4 0xfffffcf6
core   0: 0x80004a4c (0x37ddc893) xori    a7, s11, 893
core   0: 3 0x80004a4c (0x37ddc893) x17 0x0000037c
core   0: 0x80004a50 (0x469aa413) slti    s0, s5, 1129
core   0: 3 0x80004a50 (0x469aa413) x 8 0x00000001
core   0: 0x80004a54 (0xf0d0c393) xori    t2, ra, -243
core   0: 3 0x80004a54 (0xf0d0c393) x 7 0x8fffff0d
core   0: 0x80004a58 (0x022934b3) mulhu   s1, s2, sp
core   0: 3 0x80004a58 (0x022934b3) x 9 0x00000000
core   0: 0x80004a5c (0x00ff52b3) srl     t0, t5, a5
core   0: 3 0x80004a5c (0x00ff52b3) x 5 0x000006ff
core   0: 0x80004a60 (0x4468f1b7) lui     gp, 0x4468f
core   0: 3 0x80004a60 (0x4468f1b7) x 3 0x4468f000
core   0: 0x80004a64 (0x0101b5b3) sltu    a1, gp, a6
core   0: 3 0x80004a64 (0x0101b5b3) x11 0x00000001
core   0: 0x80004a68 (0x00bd4f33) xor     t5, s10, a1
core   0: 3 0x80004a68 (0x00bd4f33) x30 0x5112f001
core   0: 0x80004a6c (0xf0b7a5b7) lui     a1, 0xf0b7a
core   0: 3 0x80004a6c (0xf0b7a5b7) x11 0xf0b7a000
core   0: 0x80004a70 (0x02eacdb3) div     s11, s5, a4
core   0: 3 0x80004a70 (0x02eacdb3) x27 0xffffffff
core   0: 0x80004a74 (0x7a1e4793) xori    a5, t3, 1953
core   0: 3 0x80004a74 (0x7a1e4793) x15 0x0fccf7a1
core   0: 0x80004a78 (0x4db50513) addi    a0, a0, 1243
core   0: 3 0x80004a78 (0x4db50513) x10 0x8001533f
core   0: 0x80004a7c (0xe4ad3b13) sltiu   s6, s10, -438
core   0: 3 0x80004a7c (0xe4ad3b13) x22 0x00000001
core   0: 0x80004a80 (0x56202213) slti    tp, zero, 1378
core   0: 3 0x80004a80 (0x56202213) x 4 0x00000001
core   0: 0x80004a84 (0x03d4b933) mulhu   s2, s1, t4
core   0: 3 0x80004a84 (0x03d4b933) x18 0x00000000
core   0: 0x80004a88 (0x00fe8cb3) add     s9, t4, a5
core   0: 3 0x80004a88 (0x00fe8cb3) x25 0x232a17a1
core   0: 0x80004a8c (0x00f1d233) srl     tp, gp, a5
core   0: 3 0x80004a8c (0x00f1d233) x 4 0x22347800
core   0: 0x80004a90 (0x51bcca17) auipc   s4, 0x51bcc
core   0: 3 0x80004a90 (0x51bcca17) x20 0xd1bd0a90
core   0: 0x80004a94 (0x018ed993) srli    s3, t4, 24
core   0: 3 0x80004a94 (0x018ed993) x19 0x00000013
core   0: 0x80004a98 (0x011e1793) slli    a5, t3, 17
core   0: 3 0x80004a98 (0x011e1793) x15 0xe0000000
core   0: 0x80004a9c (0x02bd8b33) mul     s6, s11, a1
core   0: 3 0x80004a9c (0x02bd8b33) x22 0x0f486000
core   0: 0x80004aa0 (0x030528b3) mulhsu  a7, a0, a6
core   0: 3 0x80004aa0 (0x030528b3) x17 0x85fc3405
core   0: 0x80004aa4 (0x01cd1f93) slli    t6, s10, 28
core   0: 3 0x80004aa4 (0x01cd1f93) x31 0x00000000
core   0: 0x80004aa8 (0x7c312213) slti    tp, sp, 1987
core   0: 3 0x80004aa8 (0x7c312213) x 4 0x00000001
core   0: 0x80004aac (0x022e2d33) mulhsu  s10, t3, sp
core   0: 3 0x80004aac (0x022e2d33) x26 0x07e6907f
core   0: 0x80004ab0 (0x41acd5b3) sra     a1, s9, s10
core   0: 3 0x80004ab0 (0x41acd5b3) x11 0x00000000
core   0: 0x80004ab4 (0x41d75533) sra     a0, a4, t4
core   0: 3 0x80004ab4 (0x41d75533) x10 0x00000000
core   0: 0x80004ab8 (0x40045e13) srai    t3, s0, 0
core   0: 3 0x80004ab8 (0x40045e13) x28 0x00000001
core   0: 0x80004abc (0x0304e3b3) rem     t2, s1, a6
core   0: 3 0x80004abc (0x0304e3b3) x 7 0x00000000
core   0: 0x80004ac0 (0x0149e333) or      t1, s3, s4
core   0: 3 0x80004ac0 (0x0149e333) x 6 0xd1bd0a93
core   0: 0x80004ac4 (0x411188b3) sub     a7, gp, a7
core   0: 3 0x80004ac4 (0x411188b3) x17 0xbe6cbbfb
core   0: 0x80004ac8 (0x01a31b93) slli    s7, t1, 26
core   0: 3 0x80004ac8 (0x01a31b93) x23 0x4c000000
core   0: 0x80004acc (0x00000013) nop
core   0: 3 0x80004acc (0x00000013)
core   0: 0x80004ad0 (0x6e417b13) andi    s6, sp, 1764
core   0: 3 0x80004ad0 (0x6e417b13) x22 0x000004e4
core   0: 0x80004ad4 (0xf5a28213) addi    tp, t0, -166
core   0: 3 0x80004ad4 (0xf5a28213) x 4 0x00000659
core   0: 0x80004ad8 (0x03a24db3) div     s11, tp, s10
core   0: 3 0x80004ad8 (0x03a24db3) x27 0x00000000
core   0: 0x80004adc (0x419c82b3) sub     t0, s9, s9
core   0: 3 0x80004adc (0x419c82b3) x 5 0x00000000
core   0: 0x80004ae0 (0xf6d968b7) lui     a7, 0xf6d96
core   0: 3 0x80004ae0 (0xf6d968b7) x17 0xf6d96000
core   0: 0x80004ae4 (0x02429433) mulh    s0, t0, tp
core   0: 3 0x80004ae4 (0x02429433) x 8 0x00000000
core   0: 0x80004ae8 (0x1c673413) sltiu   s0, a4, 454
core   0: 3 0x80004ae8 (0x1c673413) x 8 0x00000001
core   0: 0x80004aec (0xb7c7bc93) sltiu   s9, a5, -1156
core   0: 3 0x80004aec (0xb7c7bc93) x25 0x00000001
core   0: 0x80004af0 (0x0326d7b3) divu    a5, a3, s2
core   0: 3 0x80004af0 (0x0326d7b3) x15 0xffffffff
core   0: 0x80004af4 (0x02e39e33) mulh    t3, t2, a4
core   0: 3 0x80004af4 (0x02e39e33) x28 0x00000000
core   0: 0x80004af8 (0xbc338093) addi    ra, t2, -1085
core   0: 3 0x80004af8 (0xbc338093) x 1 0xfffffbc3
core   0: 0x80004afc (0x0025f4b3) and     s1, a1, sp
core   0: 3 0x80004afc (0x0025f4b3) x 9 0x00000000
core   0: 0x80004b00 (0x0187da13) srli    s4, a5, 24
core   0: 3 0x80004b00 (0x0187da13) x20 0x000000ff
core   0: 0x80004b04 (0x00019333) sll     t1, gp, zero
core   0: 3 0x80004b04 (0x00019333) x 6 0x4468f000
core   0: 0x80004b08 (0x00525513) srli    a0, tp, 5
core   0: 3 0x80004b08 (0x00525513) x10 0x00000032
core   0: 0x80004b0c (0x011ce233) or      tp, s9, a7
core   0: 3 0x80004b0c (0x011ce233) x 4 0xf6d96001
core   0: 0x80004b10 (0x0175e333) or      t1, a1, s7
core   0: 3 0x80004b10 (0x0175e333) x 6 0x4c000000
core   0: 0x80004b14 (0x0122a0b3) slt     ra, t0, s2
core   0: 3 0x80004b14 (0x0122a0b3) x 1 0x00000000
core   0: 0x80004b18 (0xa474e893) ori     a7, s1, -1465
core   0: 3 0x80004b18 (0xa474e893) x17 0xfffffa47
core   0: 0x80004b1c (0x40fe5b13) srai    s6, t3, 15
core   0: 3 0x80004b1c (0x40fe5b13) x22 0x00000000
core   0: 0x80004b20 (0x034d6f33) rem     t5, s10, s4
core   0: 3 0x80004b20 (0x034d6f33) x30 0x000000fd
core   0: 0x80004b24 (0x03ac0233) mul     tp, s8, s10
core   0: 3 0x80004b24 (0x03ac0233) x 4 0x00000000
core   0: 0x80004b28 (0x01155f93) srli    t6, a0, 17
core   0: 3 0x80004b28 (0x01155f93) x31 0x00000000
core   0: 0x80004b2c (0x036c1a33) mulh    s4, s8, s6
core   0: 3 0x80004b2c (0x036c1a33) x20 0x00000000
core   0: 0x80004b30 (0x03b57533) remu    a0, a0, s11
core   0: 3 0x80004b30 (0x03b57533) x10 0x00000032
core   0: 0x80004b34 (0x00d887b3) add     a5, a7, a3
core   0: 3 0x80004b34 (0x00d887b3) x15 0x6ffffa48
core   0: 0x80004b38 (0x408e5693) srai    a3, t3, 8
core   0: 3 0x80004b38 (0x408e5693) x13 0x00000000
core   0: 0x80004b3c (0x01ca5e33) srl     t3, s4, t3
core   0: 3 0x80004b3c (0x01ca5e33) x28 0x00000000
core   0: 0x80004b40 (0x00c67eb3) and     t4, a2, a2
core   0: 3 0x80004b40 (0x00c67eb3) x29 0xf018fb60
core   0: 0x80004b44 (0x037de8b3) rem     a7, s11, s7
core   0: 3 0x80004b44 (0x037de8b3) x17 0x00000000
core   0: 0x80004b48 (0x03531733) mulh    a4, t1, s5
core   0: 3 0x80004b48 (0x03531733) x14 0xda006345
core   0: 0x80004b4c (0x0077f2b3) and     t0, a5, t2
core   0: 3 0x80004b4c (0x0077f2b3) x 5 0x00000000
core   0: 0x80004b50 (0x612cbe37) lui     t3, 0x612cb
core   0: 3 0x80004b50 (0x612cbe37) x28 0x612cb000
core   0: 0x80004b54 (0x338dbb13) sltiu   s6, s11, 824
core   0: 3 0x80004b54 (0x338dbb13) x22 0x00000001
core   0: 0x80004b58 (0x00974533) xor     a0, a4, s1
core   0: 3 0x80004b58 (0x00974533) x10 0xda006345
core   0: 0x80004b5c (0x1eebf513) andi    a0, s7, 494
core   0: 3 0x80004b5c (0x1eebf513) x10 0x00000000
core   0: 0x80004b60 (0x40110f33) sub     t5, sp, ra
core   0: 3 0x80004b60 (0x40110f33) x30 0x80018ce4
core   0: 0x80004b64 (0x0175cd33) xor     s10, a1, s7
core   0: 3 0x80004b64 (0x0175cd33) x26 0x4c000000
core   0: 0x80004b68 (0x0276d433) divu    s0, a3, t2
core   0: 3 0x80004b68 (0x0276d433) x 8 0xffffffff
core   0: 0x80004b6c (0x0203c433) div     s0, t2, zero
core   0: 3 0x80004b6c (0x0203c433) x 8 0xffffffff
core   0: 0x80004b70 (0x7b040e93) addi    t4, s0, 1968
core   0: 3 0x80004b70 (0x7b040e93) x29 0x000007af
core   0: 0x80004b74 (0x00d69393) slli    t2, a3, 13
core   0: 3 0x80004b74 (0x00d69393) x 7 0x00000000
core   0: 0x80004b78 (0x02d9fc33) remu    s8, s3, a3
core   0: 3 0x80004b78 (0x02d9fc33) x24 0x00000013
core   0: 0x80004b7c (0x41365813) srai    a6, a2, 19
core   0: 3 0x80004b7c (0x41365813) x16 0xfffffe03
core   0: 0x80004b80 (0x00f95c33) srl     s8, s2, a5
core   0: 3 0x80004b80 (0x00f95c33) x24 0x00000000
core   0: 0x80004b84 (0x00ad7933) and     s2, s10, a0
core   0: 3 0x80004b84 (0x00ad7933) x18 0x00000000
core   0: 0x80004b88 (0x031f9d33) mulh    s10, t6, a7
core   0: 3 0x80004b88 (0x031f9d33) x26 0x00000000
core   0: 0x80004b8c (0x021eaeb3) mulhsu  t4, t4, ra
core   0: 3 0x80004b8c (0x021eaeb3) x29 0x00000000
core   0: 0x80004b90 (0x001a5033) srl     zero, s4, ra
core   0: 3 0x80004b90 (0x001a5033)
core   0: 0x80004b94 (0x018d1cb3) sll     s9, s10, s8
core   0: 3 0x80004b94 (0x018d1cb3) x25 0x00000000
core   0: 0x80004b98 (0x24154c93) xori    s9, a0, 577
core   0: 3 0x80004b98 (0x24154c93) x25 0x00000241
core   0: 0x80004b9c (0x0168f933) and     s2, a7, s6
core   0: 3 0x80004b9c (0x0168f933) x18 0x00000000
core   0: 0x80004ba0 (0x271ef6b7) lui     a3, 0x271ef
core   0: 3 0x80004ba0 (0x271ef6b7) x13 0x271ef000
core   0: 0x80004ba4 (0x016ddf33) srl     t5, s11, s6
core   0: 3 0x80004ba4 (0x016ddf33) x30 0x00000000
core   0: 0x80004ba8 (0x0003b7b3) sltu    a5, t2, zero
core   0: 3 0x80004ba8 (0x0003b7b3) x15 0x00000000
core   0: 0x80004bac (0x41bdd1b3) sra     gp, s11, s11
core   0: 3 0x80004bac (0x41bdd1b3) x 3 0x00000000
core   0: 0x80004bb0 (0x4871ad97) auipc   s11, 0x4871a
core   0: 3 0x80004bb0 (0x4871ad97) x27 0xc871ebb0
core   0: 0x80004bb4 (0x00000013) nop
core   0: 3 0x80004bb4 (0x00000013)
core   0: 0x80004bb8 (0x417d5033) sra     zero, s10, s7
core   0: 3 0x80004bb8 (0x417d5033)
core   0: 0x80004bbc (0xf09ecdb7) lui     s11, 0xf09ec
core   0: 3 0x80004bbc (0xf09ecdb7) x27 0xf09ec000
core   0: 0x80004bc0 (0x015f44b3) xor     s1, t5, s5
core   0: 3 0x80004bc0 (0x015f44b3) x 9 0x80014e64
core   0: 0x80004bc4 (0x012138b3) sltu    a7, sp, s2
core   0: 3 0x80004bc4 (0x012138b3) x17 0x00000000
core   0: 0x80004bc8 (0x41db83b3) sub     t2, s7, t4
core   0: 3 0x80004bc8 (0x41db83b3) x 7 0x4c000000
core   0: 0x80004bcc (0x031f3b33) mulhu   s6, t5, a7
core   0: 3 0x80004bcc (0x031f3b33) x22 0x00000000
core   0: 0x80004bd0 (0xca5c4c17) auipc   s8, 0xca5c4
core   0: 3 0x80004bd0 (0xca5c4c17) x24 0x4a5c8bd0
core   0: 0x80004bd4 (0x416c0eb3) sub     t4, s8, s6
core   0: 3 0x80004bd4 (0x416c0eb3) x29 0x4a5c8bd0
core   0: 0x80004bd8 (0xe693e213) ori     tp, t2, -407
core   0: 3 0x80004bd8 (0xe693e213) x 4 0xfffffe69
core   0: 0x80004bdc (0x01c7f9b3) and     s3, a5, t3
core   0: 3 0x80004bdc (0x01c7f9b3) x19 0x00000000
core   0: 0x80004be0 (0x01bfecb3) or      s9, t6, s11
core   0: 3 0x80004be0 (0x01bfecb3) x25 0xf09ec000
core   0: 0x80004be4 (0x21a66d17) auipc   s10, 0x21a66
core   0: 3 0x80004be4 (0x21a66d17) x26 0xa1a6abe4
core   0: 0x80004be8 (0x01da0e33) add     t3, s4, t4
core   0: 3 0x80004be8 (0x01da0e33) x28 0x4a5c8bd0
core   0: 0x80004bec (0x037e1733) mulh    a4, t3, s7
core   0: 3 0x80004bec (0x037e1733) x14 0x16137981
core   0: 0x80004bf0 (0x0239d3b3) divu    t2, s3, gp
core   0: 3 0x80004bf0 (0x0239d3b3) x 7 0xffffffff
core   0: 0x80004bf4 (0x00862e33) slt     t3, a2, s0
core   0: 3 0x80004bf4 (0x00862e33) x28 0x00000001
core   0: 0x80004bf8 (0x004b4eb3) xor     t4, s6, tp
core   0: 3 0x80004bf8 (0x004b4eb3) x29 0xfffffe69
core   0: 0x80004bfc (0xfb038b13) addi    s6, t2, -80
core   0: 3 0x80004bfc (0xfb038b13) x22 0xffffffaf
core   0: 0x80004c00 (0x4edc6213) ori     tp, s8, 1261
core   0: 3 0x80004c00 (0x4edc6213) x 4 0x4a5c8ffd
core   0: 0x80004c04 (0x406a0533) sub     a0, s4, t1
core   0: 3 0x80004c04 (0x406a0533) x10 0xb4000000
core   0: 0x80004c08 (0x409ddb93) srai    s7, s11, 9
core   0: 3 0x80004c08 (0x409ddb93) x23 0xfff84f60
core   0: 0x80004c0c (0x038cd033) divu    zero, s9, s8
core   0: 3 0x80004c0c (0x038cd033)
core   0: 0x80004c10 (0x03924433) div     s0, tp, s9
core   0: 3 0x80004c10 (0x03924433) x 8 0xfffffffc
core   0: 0x80004c14 (0x0373ea33) rem     s4, t2, s7
core   0: 3 0x80004c14 (0x0373ea33) x20 0xffffffff
core   0: 0x80004c18 (0x0169da33) srl     s4, s3, s6
core   0: 3 0x80004c18 (0x0169da33) x20 0x00000000
core   0: 0x80004c1c (0x96a52513) slti    a0, a0, -1686
core   0: 3 0x80004c1c (0x96a52513) x10 0x00000001
core   0: 0x80004c20 (0x03caabb3) mulhsu  s7, s5, t3
core   0: 3 0x80004c20 (0x03caabb3) x23 0xffffffff
core   0: 0x80004c24 (0x0076dbb3) srl     s7, a3, t2
core   0: 3 0x80004c24 (0x0076dbb3) x23 0x00000000
core   0: 0x80004c28 (0x01f4a333) slt     t1, s1, t6
core   0: 3 0x80004c28 (0x01f4a333) x 6 0x00000001
core   0: 0x80004c2c (0x0116e533) or      a0, a3, a7
core   0: 3 0x80004c2c (0x0116e533) x10 0x271ef000
core   0: 0x80004c30 (0x02a34eb3) div     t4, t1, a0
core   0: 3 0x80004c30 (0x02a34eb3) x29 0x00000000
core   0: 0x80004c34 (0x036e7733) remu    a4, t3, s6
core   0: 3 0x80004c34 (0x036e7733) x14 0x00000001
core   0: 0x80004c38 (0x5c6223b7) lui     t2, 0x5c622
core   0: 3 0x80004c38 (0x5c6223b7) x 7 0x5c622000
core   0: 0x80004c3c (0x02bc86b3) mul     a3, s9, a1
core   0: 3 0x80004c3c (0x02bc86b3) x13 0x00000000
core   0: 0x80004c40 (0x01cdc433) xor     s0, s11, t3
core   0: 3 0x80004c40 (0x01cdc433) x 8 0xf09ec001
core   0: 0x80004c44 (0x02721433) mulh    s0, tp, t2
core   0: 3 0x80004c44 (0x02721433) x 8 0x1ad5c479
core   0: 0x80004c48 (0x019a8b33) add     s6, s5, s9
core   0: 3 0x80004c48 (0x019a8b33) x22 0x70a00e64
core   0: 0x80004c4c (0x01a1cf33) xor     t5, gp, s10
core   0: 3 0x80004c4c (0x01a1cf33) x30 0xa1a6abe4
core   0: 0x80004c50 (0x00000013) nop
core   0: 3 0x80004c50 (0x00000013)
core   0: 0x80004c54 (0x979c3093) sltiu   ra, s8, -1671
core   0: 3 0x80004c54 (0x979c3093) x 1 0x00000001
core   0: 0x80004c58 (0x00499eb3) sll     t4, s3, tp
core   0: 3 0x80004c58 (0x00499eb3) x29 0x00000000
core   0: 0x80004c5c (0x03eb0433) mul     s0, s6, t5
core   0: 3 0x80004c5c (0x03eb0433) x 8 0x71019d10
core   0: 0x80004c60 (0x03b73f33) mulhu   t5, a4, s11
core   0: 3 0x80004c60 (0x03b73f33) x30 0x00000000
core   0: 0x80004c64 (0x036877b3) remu    a5, a6, s6
core   0: 3 0x80004c64 (0x036877b3) x15 0x1ebfe13b
core   0: 0x80004c68 (0x02e9fe33) remu    t3, s3, a4
core   0: 3 0x80004c68 (0x02e9fe33) x28 0x00000000
core   0: 0x80004c6c (0x413584b3) sub     s1, a1, s3
core   0: 3 0x80004c6c (0x413584b3) x 9 0x00000000
core   0: 0x80004c70 (0x286d7493) andi    s1, s10, 646
core   0: 3 0x80004c70 (0x286d7493) x 9 0x00000284
core   0: 0x80004c74 (0x003dceb3) xor     t4, s11, gp
core   0: 3 0x80004c74 (0x003dceb3) x29 0xf09ec000
core   0: 0x80004c78 (0x01171b13) slli    s6, a4, 17
core   0: 3 0x80004c78 (0x01171b13) x22 0x00020000
core   0: 0x80004c7c (0x29358b97) auipc   s7, 0x29358
core   0: 3 0x80004c7c (0x29358b97) x23 0xa935cc7c
core   0: 0x80004c80 (0x6ee64813) xori    a6, a2, 1774
core   0: 3 0x80004c80 (0x6ee64813) x16 0xf018fd8e
core   0: 0x80004c84 (0x82582393) slti    t2, a6, -2011
core   0: 3 0x80004c84 (0x82582393) x 7 0x00000001
core   0: 0x80004c88 (0x01697733) and     a4, s2, s6
core   0: 3 0x80004c88 (0x01697733) x14 0x00000000
core   0: 0x80004c8c (0x009bd493) srli    s1, s7, 9
core   0: 3 0x80004c8c (0x009bd493) x 9 0x00549ae6
core   0: 0x80004c90 (0x408756b3) sra     a3, a4, s0
core   0: 3 0x80004c90 (0x408756b3) x13 0x00000000
core   0: 0x80004c94 (0x409e0cb3) sub     s9, t3, s1
core   0: 3 0x80004c94 (0x409e0cb3) x25 0xffab651a
core   0: 0x80004c98 (0x413fd513) srai    a0, t6, 19
core   0: 3 0x80004c98 (0x413fd513) x10 0x00000000
core   0: 0x80004c9c (0x01b4f933) and     s2, s1, s11
core   0: 3 0x80004c9c (0x01b4f933) x18 0x00148000
core   0: 0x80004ca0 (0x00d11193) slli    gp, sp, 13
core   0: 3 0x80004ca0 (0x00d11193) x 3 0x319c8000
core   0: 0x80004ca4 (0x01901eb3) sll     t4, zero, s9
core   0: 3 0x80004ca4 (0x01901eb3) x29 0x00000000
core   0: 0x80004ca8 (0xf506f513) andi    a0, a3, -176
core   0: 3 0x80004ca8 (0xf506f513) x10 0x00000000
core   0: 0x80004cac (0x0083e7b3) or      a5, t2, s0
core   0: 3 0x80004cac (0x0083e7b3) x15 0x71019d11
core   0: 0x80004cb0 (0x7da86c93) ori     s9, a6, 2010
core   0: 3 0x80004cb0 (0x7da86c93) x25 0xf018ffde
core   0: 0x80004cb4 (0x03e59f33) mulh    t5, a1, t5
core   0: 3 0x80004cb4 (0x03e59f33) x30 0x00000000
core   0: 0x80004cb8 (0x8c667413) andi    s0, a2, -1850
core   0: 3 0x80004cb8 (0x8c667413) x 8 0xf018f840
core   0: 0x80004cbc (0x41e0d313) srai    t1, ra, 30
core   0: 3 0x80004cbc (0x41e0d313) x 6 0x00000000
core   0: 0x80004cc0 (0x0171f793) andi    a5, gp, 23
core   0: 3 0x80004cc0 (0x0171f793) x15 0x00000000
core   0: 0x80004cc4 (0x400b5e13) srai    t3, s6, 0
core   0: 3 0x80004cc4 (0x400b5e13) x28 0x00020000
core   0: 0x80004cc8 (0x40390833) sub     a6, s2, gp
core   0: 3 0x80004cc8 (0x40390833) x16 0xce780000
core   0: 0x80004ccc (0x000bbcb3) sltu    s9, s7, zero
core   0: 3 0x80004ccc (0x000bbcb3) x25 0x00000000
core   0: 0x80004cd0 (0x413fd2b3) sra     t0, t6, s3
core   0: 3 0x80004cd0 (0x413fd2b3) x 5 0x00000000
core   0: 0x80004cd4 (0x03c692b3) mulh    t0, a3, t3
core   0: 3 0x80004cd4 (0x03c692b3) x 5 0x00000000
core   0: 0x80004cd8 (0xf10b0993) addi    s3, s6, -240
core   0: 3 0x80004cd8 (0xf10b0993) x19 0x0001ff10
core   0: 0x80004cdc (0x007f70b3) and     ra, t5, t2
core   0: 3 0x80004cdc (0x007f70b3) x 1 0x00000000
core   0: 0x80004ce0 (0x02ae62b3) rem     t0, t3, a0
core   0: 3 0x80004ce0 (0x02ae62b3) x 5 0x00020000
core   0: 0x80004ce4 (0x0223b0b3) mulhu   ra, t2, sp
core   0: 3 0x80004ce4 (0x0223b0b3) x 1 0x00000000
core   0: 0x80004ce8 (0x1dbd3713) sltiu   a4, s10, 475
core   0: 3 0x80004ce8 (0x1dbd3713) x14 0x00000000
core   0: 0x80004cec (0xab66c013) xori    zero, a3, -1354
core   0: 3 0x80004cec (0xab66c013)
core   0: 0x80004cf0 (0x0006da33) srl     s4, a3, zero
core   0: 3 0x80004cf0 (0x0006da33) x20 0x00000000
core   0: 0x80004cf4 (0x0362b8b3) mulhu   a7, t0, s6
core   0: 3 0x80004cf4 (0x0362b8b3) x17 0x00000004
core   0: 0x80004cf8 (0x007a5f13) srli    t5, s4, 7
core   0: 3 0x80004cf8 (0x007a5f13) x30 0x00000000
core   0: 0x80004cfc (0x4071d6b3) sra     a3, gp, t2
core   0: 3 0x80004cfc (0x4071d6b3) x13 0x18ce4000
core   0: 0x80004d00 (0x030c1bb3) mulh    s7, s8, a6
core   0: 3 0x80004d00 (0x030c1bb3) x23 0xf19cc812
core   0: 0x80004d04 (0x019c13b3) sll     t2, s8, s9
core   0: 3 0x80004d04 (0x019c13b3) x 7 0x4a5c8bd0
core   0: 0x80004d08 (0x999bc893) xori    a7, s7, -1639
core   0: 3 0x80004d08 (0x999bc893) x17 0x0e63318b
core   0: 0x80004d0c (0x4c2fee13) ori     t3, t6, 1218
core   0: 3 0x80004d0c (0x4c2fee13) x28 0x000004c2
core   0: 0x80004d10 (0x41c7de33) sra     t3, a5, t3
core   0: 3 0x80004d10 (0x41c7de33) x28 0x00000000
core   0: 0x80004d14 (0x007627b3) slt     a5, a2, t2
core   0: 3 0x80004d14 (0x007627b3) x15 0x00000001
core   0: 0x80004d18 (0x4155df13) srai    t5, a1, 21
core   0: 3 0x80004d18 (0x4155df13) x30 0x00000000
core   0: 0x80004d1c (0x40d35933) sra     s2, t1, a3
core   0: 3 0x80004d1c (0x40d35933) x18 0x00000000
core   0: 0x80004d20 (0x00ecd1b3) srl     gp, s9, a4
core   0: 3 0x80004d20 (0x00ecd1b3) x 3 0x00000000
core   0: 0x80004d24 (0x2e0e3493) sltiu   s1, t3, 736
core   0: 3 0x80004d24 (0x2e0e3493) x 9 0x00000001
core   0: 0x80004d28 (0x02519b33) mulh    s6, gp, t0
core   0: 3 0x80004d28 (0x02519b33) x22 0x00000000
core   0: 0x80004d2c (0x01a33bb3) sltu    s7, t1, s10
core   0: 3 0x80004d2c (0x01a33bb3) x23 0x00000001
core   0: 0x80004d30 (0x019ea5b3) slt     a1, t4, s9
core   0: 3 0x80004d30 (0x019ea5b3) x11 0x00000000
core   0: 0x80004d34 (0x415d5413) srai    s0, s10, 21
core   0: 3 0x80004d34 (0x415d5413) x 8 0xfffffd0d
core   0: 0x80004d38 (0x0181bc33) sltu    s8, gp, s8
core   0: 3 0x80004d38 (0x0181bc33) x24 0x00000001
core   0: 0x80004d3c (0x01bda6b3) slt     a3, s11, s11
core   0: 3 0x80004d3c (0x01bda6b3) x13 0x00000000
core   0: 0x80004d40 (0x037be8b3) rem     a7, s7, s7
core   0: 3 0x80004d40 (0x037be8b3) x17 0x00000000
core   0: 0x80004d44 (0x03829733) mulh    a4, t0, s8
core   0: 3 0x80004d44 (0x03829733) x14 0x00000000
core   0: 0x80004d48 (0x037db033) mulhu   zero, s11, s7
core   0: 3 0x80004d48 (0x037db033)
core   0: 0x80004d4c (0x001ff593) andi    a1, t6, 1
core   0: 3 0x80004d4c (0x001ff593) x11 0x00000000
core   0: 0x80004d50 (0x217cf013) andi    zero, s9, 535
core   0: 3 0x80004d50 (0x217cf013)
core   0: 0x80004d54 (0x02504733) div     a4, zero, t0
core   0: 3 0x80004d54 (0x02504733) x14 0x00000000
core   0: 0x80004d58 (0x02923a33) mulhu   s4, tp, s1
core   0: 3 0x80004d58 (0x02923a33) x20 0x00000000
core   0: 0x80004d5c (0x9edb3b93) sltiu   s7, s6, -1555
core   0: 3 0x80004d5c (0x9edb3b93) x23 0x00000001
core   0: 0x80004d60 (0x02c73c33) mulhu   s8, a4, a2
core   0: 3 0x80004d60 (0x02c73c33) x24 0x00000000
core   0: 0x80004d64 (0x027c67b3) rem     a5, s8, t2
core   0: 3 0x80004d64 (0x027c67b3) x15 0x00000000
core   0: 0x80004d68 (0x4010d813) srai    a6, ra, 1
core   0: 3 0x80004d68 (0x4010d813) x16 0x00000000
core   0: 0x80004d6c (0x41305493) srai    s1, zero, 19
core   0: 3 0x80004d6c (0x41305493) x 9 0x00000000
core   0: 0x80004d70 (0x0050dcb3) srl     s9, ra, t0
core   0: 3 0x80004d70 (0x0050dcb3) x25 0x00000000
core   0: 0x80004d74 (0x0128c533) xor     a0, a7, s2
core   0: 3 0x80004d74 (0x0128c533) x10 0x00000000
core   0: 0x80004d78 (0x01a82033) slt     zero, a6, s10
core   0: 3 0x80004d78 (0x01a82033)
core   0: 0x80004d7c (0x013d76b3) and     a3, s10, s3
core   0: 3 0x80004d7c (0x013d76b3) x13 0x0000ab00
core   0: 0x80004d80 (0x00f0ddb3) srl     s11, ra, a5
core   0: 3 0x80004d80 (0x00f0ddb3) x27 0x00000000
core   0: 0x80004d84 (0x0e9e2793) slti    a5, t3, 233
core   0: 3 0x80004d84 (0x0e9e2793) x15 0x00000001
core   0: 0x80004d88 (0x0380d433) divu    s0, ra, s8
core   0: 3 0x80004d88 (0x0380d433) x 8 0xffffffff
core   0: 0x80004d8c (0x01228033) add     zero, t0, s2
core   0: 3 0x80004d8c (0x01228033)
core   0: 0x80004d90 (0x02a5cbb3) div     s7, a1, a0
core   0: 3 0x80004d90 (0x02a5cbb3) x23 0xffffffff
core   0: 0x80004d94 (0x019f0233) add     tp, t5, s9
core   0: 3 0x80004d94 (0x019f0233) x 4 0x00000000
core   0: 0x80004d98 (0x00e6e033) or      zero, a3, a4
core   0: 3 0x80004d98 (0x00e6e033)
core   0: 0x80004d9c (0x92c83713) sltiu   a4, a6, -1748
core   0: 3 0x80004d9c (0x92c83713) x14 0x00000001
core   0: 0x80004da0 (0x032847b3) div     a5, a6, s2
core   0: 3 0x80004da0 (0x032847b3) x15 0xffffffff
core   0: 0x80004da4 (0x01cd84b3) add     s1, s11, t3
core   0: 3 0x80004da4 (0x01cd84b3) x 9 0x00000000
core   0: 0x80004da8 (0xdf3ff413) andi    s0, t6, -525
core   0: 3 0x80004da8 (0xdf3ff413) x 8 0x00000000
core   0: 0x80004dac (0x03ffcb33) div     s6, t6, t6
core   0: 3 0x80004dac (0x03ffcb33) x22 0xffffffff
core   0: 0x80004db0 (0x0129e5b3) or      a1, s3, s2
core   0: 3 0x80004db0 (0x0129e5b3) x11 0x0001ff10
core   0: 0x80004db4 (0x020cca33) div     s4, s9, zero
core   0: 3 0x80004db4 (0x020cca33) x20 0xffffffff
core   0: 0x80004db8 (0x028ac0b3) div     ra, s5, s0
core   0: 3 0x80004db8 (0x028ac0b3) x 1 0xffffffff
core   0: 0x80004dbc (0x0012e733) or      a4, t0, ra
core   0: 3 0x80004dbc (0x0012e733) x14 0xffffffff
core   0: 0x80004dc0 (0x03299fb3) mulh    t6, s3, s2
core   0: 3 0x80004dc0 (0x03299fb3) x31 0x00000000
core   0: 0x80004dc4 (0x02a32d33) mulhsu  s10, t1, a0
core   0: 3 0x80004dc4 (0x02a32d33) x26 0x00000000
core   0: 0x80004dc8 (0x02d01c33) mulh    s8, zero, a3
core   0: 3 0x80004dc8 (0x02d01c33) x24 0x00000000
core   0: 0x80004dcc (0x02031433) mulh    s0, t1, zero
core   0: 3 0x80004dcc (0x02031433) x 8 0x00000000
core   0: 0x80004dd0 (0x03bf6333) rem     t1, t5, s11
core   0: 3 0x80004dd0 (0x03bf6333) x 6 0x00000000
core   0: 0x80004dd4 (0x40a60eb3) sub     t4, a2, a0
core   0: 3 0x80004dd4 (0x40a60eb3) x29 0xf018fb60
core   0: 0x80004dd8 (0x0334f5b3) remu    a1, s1, s3
core   0: 3 0x80004dd8 (0x0334f5b3) x11 0x00000000
core   0: 0x80004ddc (0x03afb7b3) mulhu   a5, t6, s10
core   0: 3 0x80004ddc (0x03afb7b3) x15 0x00000000
core   0: 0x80004de0 (0xd8d8cc13) xori    s8, a7, -627
core   0: 3 0x80004de0 (0xd8d8cc13) x24 0xfffffd8d
core   0: 0x80004de4 (0x5a4e3e13) sltiu   t3, t3, 1444
core   0: 3 0x80004de4 (0x5a4e3e13) x28 0x00000001
core   0: 0x80004de8 (0x03ce8a33) mul     s4, t4, t3
core   0: 3 0x80004de8 (0x03ce8a33) x20 0xf018fb60
core   0: 0x80004dec (0x40275cb3) sra     s9, a4, sp
core   0: 3 0x80004dec (0x40275cb3) x25 0xffffffff
core   0: 0x80004df0 (0x035c8333) mul     t1, s9, s5
core   0: 3 0x80004df0 (0x035c8333) x 6 0x7ffeb19c
core   0: 0x80004df4 (0x1d3bb517) auipc   a0, 0x1d3bb
core   0: 3 0x80004df4 (0x1d3bb517) x10 0x9d3bfdf4
core   0: 0x80004df8 (0x01505033) srl     zero, zero, s5
core   0: 3 0x80004df8 (0x01505033)
core   0: 0x80004dfc (0x7170c213) xori    tp, ra, 1815
core   0: 3 0x80004dfc (0x7170c213) x 4 0xfffff8e8
core   0: 0x80004e00 (0x7bc1e413) ori     s0, gp, 1980
core   0: 3 0x80004e00 (0x7bc1e413) x 8 0x000007bc
core   0: 0x80004e04 (0x03ae84b3) mul     s1, t4, s10
core   0: 3 0x80004e04 (0x03ae84b3) x 9 0x00000000
core   0: 0x80004e08 (0x3e622213) slti    tp, tp, 998
core   0: 3 0x80004e08 (0x3e622213) x 4 0x00000001
core   0: 0x80004e0c (0xdc36aeb7) lui     t4, 0xdc36a
core   0: 3 0x80004e0c (0xdc36aeb7) x29 0xdc36a000
core   0: 0x80004e10 (0x411c5f13) srai    t5, s8, 17
core   0: 3 0x80004e10 (0x411c5f13) x30 0xffffffff
core   0: 0x80004e14 (0x0f206393) ori     t2, zero, 242
core   0: 3 0x80004e14 (0x0f206393) x 7 0x000000f2
core   0: 0x80004e18 (0x9ae24913) xori    s2, tp, -1618
core   0: 3 0x80004e18 (0x9ae24913) x18 0xfffff9af
core   0: 0x80004e1c (0x489b2213) slti    tp, s6, 1161
core   0: 3 0x80004e1c (0x489b2213) x 4 0x00000001
core   0: 0x80004e20 (0xb03eef13) ori     t5, t4, -1277
core   0: 3 0x80004e20 (0xb03eef13) x30 0xfffffb03
core   0: 0x80004e24 (0xf6566db7) lui     s11, 0xf6566
core   0: 3 0x80004e24 (0xf6566db7) x27 0xf6566000
core   0: 0x80004e28 (0x005f06b3) add     a3, t5, t0
core   0: 3 0x80004e28 (0x005f06b3) x13 0x0001fb03
core   0: 0x80004e2c (0x8f9fff13) andi    t5, t6, -1799
core   0: 3 0x80004e2c (0x8f9fff13) x30 0x00000000
core   0: 0x80004e30 (0x00206cb3) or      s9, zero, sp
core   0: 3 0x80004e30 (0x00206cb3) x25 0x80018ce4
core   0: 0x80004e34 (0x036fc533) div     a0, t6, s6
core   0: 3 0x80004e34 (0x036fc533) x10 0x00000000
core   0: 0x80004e38 (0x01ed8bb3) add     s7, s11, t5
core   0: 3 0x80004e38 (0x01ed8bb3) x23 0xf6566000
core   0: 0x80004e3c (0x7478ab93) slti    s7, a7, 1863
core   0: 3 0x80004e3c (0x7478ab93) x23 0x00000001
core   0: 0x80004e40 (0x3fd6c837) lui     a6, 0x3fd6c
core   0: 3 0x80004e40 (0x3fd6c837) x16 0x3fd6c000
core   0: 0x80004e44 (0x41f30f33) sub     t5, t1, t6
core   0: 3 0x80004e44 (0x41f30f33) x30 0x7ffeb19c
core   0: 0x80004e48 (0x02ae2533) mulhsu  a0, t3, a0
core   0: 3 0x80004e48 (0x02ae2533) x10 0x00000000
core   0: 0x80004e4c (0x19908b93) addi    s7, ra, 409
core   0: 3 0x80004e4c (0x19908b93) x23 0x00000198
core   0: 0x80004e50 (0x54d04497) auipc   s1, 0x54d04
core   0: 3 0x80004e50 (0x54d04497) x 9 0xd4d08e50
core   0: 0x80004e54 (0x03eecbb3) div     s7, t4, t5
core   0: 3 0x80004e54 (0x03eecbb3) x23 0x00000000
core   0: 0x80004e58 (0x02bb3bb3) mulhu   s7, s6, a1
core   0: 3 0x80004e58 (0x02bb3bb3) x23 0x00000000
core   0: 0x80004e5c (0x01c65233) srl     tp, a2, t3
core   0: 3 0x80004e5c (0x01c65233) x 4 0x780c7db0
core   0: 0x80004e60 (0x41f18333) sub     t1, gp, t6
core   0: 3 0x80004e60 (0x41f18333) x 6 0x00000000
core   0: 0x80004e64 (0x02933533) mulhu   a0, t1, s1
core   0: 3 0x80004e64 (0x02933533) x10 0x00000000
core   0: 0x80004e68 (0x02b14933) div     s2, sp, a1
core   0: 3 0x80004e68 (0x02b14933) x18 0xffffffff
core   0: 0x80004e6c (0x5228ad93) slti    s11, a7, 1314
core   0: 3 0x80004e6c (0x5228ad93) x27 0x00000001
core   0: 0x80004e70 (0x00000013) nop
core   0: 3 0x80004e70 (0x00000013)
core   0: 0x80004e74 (0x028f0933) mul     s2, t5, s0
core   0: 3 0x80004e74 (0x028f0933) x18 0xf5e5b290
core   0: 0x80004e78 (0x03fe00b3) mul     ra, t3, t6
core   0: 3 0x80004e78 (0x03fe00b3) x 1 0x00000000
core   0: 0x80004e7c (0x027d94b3) mulh    s1, s11, t2
core   0: 3 0x80004e7c (0x027d94b3) x 9 0x00000000
core   0: 0x80004e80 (0x0c361db7) lui     s11, 0xc361
core   0: 3 0x80004e80 (0x0c361db7) x27 0x0c361000
core   0: 0x80004e84 (0x019e6c33) or      s8, t3, s9
core   0: 3 0x80004e84 (0x019e6c33) x24 0x80018ce5
core   0: 0x80004e88 (0x00882e33) slt     t3, a6, s0
core   0: 3 0x80004e88 (0x00882e33) x28 0x00000000
core   0: 0x80004e8c (0x084d6813) ori     a6, s10, 132
core   0: 3 0x80004e8c (0x084d6813) x16 0x00000084
core   0: 0x80004e90 (0x01b94a33) xor     s4, s2, s11
core   0: 3 0x80004e90 (0x01b94a33) x20 0xf9d3a290
core   0: 0x80004e94 (0x00000013) nop
core   0: 3 0x80004e94 (0x00000013)
core   0: 0x80004e98 (0x43f12993) slti    s3, sp, 1087
core   0: 3 0x80004e98 (0x43f12993) x19 0x00000001
core   0: 0x80004e9c (0xcd7c6213) ori     tp, s8, -809
core   0: 3 0x80004e9c (0xcd7c6213) x 4 0xfffffcf7
core   0: 0x80004ea0 (0x0118b1b3) sltu    gp, a7, a7
core   0: 3 0x80004ea0 (0x0118b1b3) x 3 0x00000000
core   0: 0x80004ea4 (0x033cd2b3) divu    t0, s9, s3
core   0: 3 0x80004ea4 (0x033cd2b3) x 5 0x80018ce4
core   0: 0x80004ea8 (0x00000013) nop
core   0: 3 0x80004ea8 (0x00000013)
core   0: 0x80004eac (0x0b8e0893) addi    a7, t3, 184
core   0: 3 0x80004eac (0x0b8e0893) x17 0x000000b8
core   0: 0x80004eb0 (0x01d32db3) slt     s11, t1, t4
core   0: 3 0x80004eb0 (0x01d32db3) x27 0x00000000
core   0: 0x80004eb4 (0x03ec4333) div     t1, s8, t5
core   0: 3 0x80004eb4 (0x03ec4333) x 6 0x00000000
core   0: 0x80004eb8 (0x0331be33) mulhu   t3, gp, s3
core   0: 3 0x80004eb8 (0x0331be33) x28 0x00000000
core   0: 0x80004ebc (0x02482fb3) mulhsu  t6, a6, tp
core   0: 3 0x80004ebc (0x02482fb3) x31 0x00000083
core   0: 0x80004ec0 (0x02d0b333) mulhu   t1, ra, a3
core   0: 3 0x80004ec0 (0x02d0b333) x 6 0x00000000
core   0: 0x80004ec4 (0x020f8333) mul     t1, t6, zero
core   0: 3 0x80004ec4 (0x020f8333) x 6 0x00000000
core   0: 0x80004ec8 (0x0385ebb3) rem     s7, a1, s8
core   0: 3 0x80004ec8 (0x0385ebb3) x23 0x00000000
core   0: 0x80004ecc (0x00c76a33) or      s4, a4, a2
core   0: 3 0x80004ecc (0x00c76a33) x20 0xffffffff
core   0: 0x80004ed0 (0x1e908193) addi    gp, ra, 489
core   0: 3 0x80004ed0 (0x1e908193) x 3 0x000001e9
core   0: 0x80004ed4 (0x9b776893) ori     a7, a4, -1609
core   0: 3 0x80004ed4 (0x9b776893) x17 0xffffffff
core   0: 0x80004ed8 (0x03a4d7b3) divu    a5, s1, s10
core   0: 3 0x80004ed8 (0x03a4d7b3) x15 0xffffffff
core   0: 0x80004edc (0x02b2e333) rem     t1, t0, a1
core   0: 3 0x80004edc (0x02b2e333) x 6 0x80018ce4
core   0: 0x80004ee0 (0x008412b3) sll     t0, s0, s0
core   0: 3 0x80004ee0 (0x008412b3) x 5 0xc0000000
core   0: 0x80004ee4 (0x0067d213) srli    tp, a5, 6
core   0: 3 0x80004ee4 (0x0067d213) x 4 0x03ffffff
core   0: 0x80004ee8 (0x024330b3) mulhu   ra, t1, tp
core   0: 3 0x80004ee8 (0x024330b3) x 1 0x02000633
core   0: 0x80004eec (0x2b668493) addi    s1, a3, 694
core   0: 3 0x80004eec (0x2b668493) x 9 0x0001fdb9
core   0: 0x80004ef0 (0x4168d293) srai    t0, a7, 22
core   0: 3 0x80004ef0 (0x4168d293) x 5 0xffffffff
core   0: 0x80004ef4 (0x0172d213) srli    tp, t0, 23
core   0: 3 0x80004ef4 (0x0172d213) x 4 0x000001ff
core   0: 0x80004ef8 (0x02bb11b3) mulh    gp, s6, a1
core   0: 3 0x80004ef8 (0x02bb11b3) x 3 0x00000000
core   0: 0x80004efc (0x01022d33) slt     s10, tp, a6
core   0: 3 0x80004efc (0x01022d33) x26 0x00000000
core   0: 0x80004f00 (0xb24e6897) auipc   a7, 0xb24e6
core   0: 3 0x80004f00 (0xb24e6897) x17 0x324eaf00
core   0: 0x80004f04 (0x5ed36b13) ori     s6, t1, 1517
core   0: 3 0x80004f04 (0x5ed36b13) x22 0x80018ded
core   0: 0x80004f08 (0xcbf27313) andi    t1, tp, -833
core   0: 3 0x80004f08 (0xcbf27313) x 6 0x000000bf
core   0: 0x80004f0c (0x3687a413) slti    s0, a5, 872
core   0: 3 0x80004f0c (0x3687a413) x 8 0x00000001
core   0: 0x80004f10 (0x01b9db13) srli    s6, s3, 27
core   0: 3 0x80004f10 (0x01b9db13) x22 0x00000000
core   0: 0x80004f14 (0x00d97933) and     s2, s2, a3
core   0: 3 0x80004f14 (0x00d97933) x18 0x0001b200
core   0: 0x80004f18 (0x94578a13) addi    s4, a5, -1723
core   0: 3 0x80004f18 (0x94578a13) x20 0xfffff944
core   0: 0x80004f1c (0x015785b3) add     a1, a5, s5
core   0: 3 0x80004f1c (0x015785b3) x11 0x80014e63
core   0: 0x80004f20 (0x0383a033) mulhsu  zero, t2, s8
core   0: 3 0x80004f20 (0x0383a033)
core   0: 0x80004f24 (0x03863b33) mulhu   s6, a2, s8
core   0: 3 0x80004f24 (0x03863b33) x22 0x780df1ed
core   0: 0x80004f28 (0x411f0b33) sub     s6, t5, a7
core   0: 3 0x80004f28 (0x411f0b33) x22 0x4db0029c
core   0: 0x80004f2c (0x4116dc33) sra     s8, a3, a7
core   0: 3 0x80004f2c (0x4116dc33) x24 0x0001fb03
core   0: 0x80004f30 (0x02781bb3) mulh    s7, a6, t2
core   0: 3 0x80004f30 (0x02781bb3) x23 0x00000000
core   0: 0x80004f34 (0x00662db3) slt     s11, a2, t1
core   0: 3 0x80004f34 (0x00662db3) x27 0x00000001
core   0: 0x80004f38 (0x0013d513) srli    a0, t2, 1
core   0: 3 0x80004f38 (0x0013d513) x10 0x00000079
core   0: 0x80004f3c (0x01896e33) or      t3, s2, s8
core   0: 3 0x80004f3c (0x01896e33) x28 0x0001fb03
core   0: 0x80004f40 (0xa330ec93) ori     s9, ra, -1485
core   0: 3 0x80004f40 (0xa330ec93) x25 0xfffffe33
core   0: 0x80004f44 (0x02bc17b3) mulh    a5, s8, a1
core   0: 3 0x80004f44 (0x02bc17b3) x15 0xffff0281
core   0: 0x80004f48 (0x00e9a3b3) slt     t2, s3, a4
core   0: 3 0x80004f48 (0x00e9a3b3) x 7 0x00000000
core   0: 0x80004f4c (0xead5e013) ori     zero, a1, -339
core   0: 3 0x80004f4c (0xead5e013)
core   0: 0x80004f50 (0x00e12833) slt     a6, sp, a4
core   0: 3 0x80004f50 (0x00e12833) x16 0x00000001
core   0: 0x80004f54 (0x031dc5b3) div     a1, s11, a7
core   0: 3 0x80004f54 (0x031dc5b3) x11 0x00000000
core   0: 0x80004f58 (0x01589a13) slli    s4, a7, 21
core   0: 3 0x80004f58 (0x01589a13) x20 0xe0000000
core   0: 0x80004f5c (0x4a514517) auipc   a0, 0x4a514
core   0: 3 0x80004f5c (0x4a514517) x10 0xca518f5c
core   0: 0x80004f60 (0xccf40b13) addi    s6, s0, -817
core   0: 3 0x80004f60 (0xccf40b13) x22 0xfffffcd0
core   0: 0x80004f64 (0x00000013) nop
core   0: 3 0x80004f64 (0x00000013)
core   0: 0x80004f68 (0x41ed5c93) srai    s9, s10, 30
core   0: 3 0x80004f68 (0x41ed5c93) x25 0x00000000
core   0: 0x80004f6c (0x021c68b3) rem     a7, s8, ra
core   0: 3 0x80004f6c (0x021c68b3) x17 0x0001fb03
core   0: 0x80004f70 (0x030f4c33) div     s8, t5, a6
core   0: 3 0x80004f70 (0x030f4c33) x24 0x7ffeb19c
core   0: 0x80004f74 (0x01521eb3) sll     t4, tp, s5
core   0: 3 0x80004f74 (0x01521eb3) x29 0x00001ff0
core   0: 0x80004f78 (0x035ee833) rem     a6, t4, s5
core   0: 3 0x80004f78 (0x035ee833) x16 0x00001ff0
core   0: 0x80004f7c (0x31733937) lui     s2, 0x31733
core   0: 3 0x80004f7c (0x31733937) x18 0x31733000
core   0: 0x80004f80 (0x0051e933) or      s2, gp, t0
core   0: 3 0x80004f80 (0x0051e933) x18 0xffffffff
core   0: 0x80004f84 (0x01df2833) slt     a6, t5, t4
core   0: 3 0x80004f84 (0x01df2833) x16 0x00000000
core   0: 0x80004f88 (0x02381db3) mulh    s11, a6, gp
core   0: 3 0x80004f88 (0x02381db3) x27 0x00000000
core   0: 0x80004f8c (0xa45a2313) slti    t1, s4, -1467
core   0: 3 0x80004f8c (0xa45a2313) x 6 0x00000001
core   0: 0x80004f90 (0x01485fb3) srl     t6, a6, s4
core   0: 3 0x80004f90 (0x01485fb3) x31 0x00000000
core   0: 0x80004f94 (0x029dfe33) remu    t3, s11, s1
core   0: 3 0x80004f94 (0x029dfe33) x28 0x00000000
core   0: 0x80004f98 (0x01ee9b13) slli    s6, t4, 30
core   0: 3 0x80004f98 (0x01ee9b13) x22 0x00000000
core   0: 0x80004f9c (0x030ca433) mulhsu  s0, s9, a6
core   0: 3 0x80004f9c (0x030ca433) x 8 0x00000000
core   0: 0x80004fa0 (0x0017b2b3) sltu    t0, a5, ra
core   0: 3 0x80004fa0 (0x0017b2b3) x 5 0x00000000
core   0: 0x80004fa4 (0x1659a293) slti    t0, s3, 357
core   0: 3 0x80004fa4 (0x1659a293) x 5 0x00000001
core   0: 0x80004fa8 (0x02f08833) mul     a6, ra, a5
core   0: 3 0x80004fa8 (0x02f08833) x16 0xfbdc85b3
core   0: 0x80004fac (0x03c64433) div     s0, a2, t3
core   0: 3 0x80004fac (0x03c64433) x 8 0xffffffff
core   0: 0x80004fb0 (0x00a3bfb3) sltu    t6, t2, a0
core   0: 3 0x80004fb0 (0x00a3bfb3) x31 0x00000001
core   0: 0x80004fb4 (0x006bceb3) xor     t4, s7, t1
core   0: 3 0x80004fb4 (0x006bceb3) x29 0x00000001
core   0: 0x80004fb8 (0x0381f3b3) remu    t2, gp, s8
core   0: 3 0x80004fb8 (0x0381f3b3) x 7 0x00000000
core   0: 0x80004fbc (0x371c7313) andi    t1, s8, 881
core   0: 3 0x80004fbc (0x371c7313) x 6 0x00000110
core   0: 0x80004fc0 (0x02355b33) divu    s6, a0, gp
core   0: 3 0x80004fc0 (0x02355b33) x22 0xffffffff
core   0: 0x80004fc4 (0xdcd47813) andi    a6, s0, -563
core   0: 3 0x80004fc4 (0xdcd47813) x16 0xfffffdcd
core   0: 0x80004fc8 (0x000ba2b3) slt     t0, s7, zero
core   0: 3 0x80004fc8 (0x000ba2b3) x 5 0x00000000
core   0: 0x80004fcc (0x1f350d13) addi    s10, a0, 499
core   0: 3 0x80004fcc (0x1f350d13) x26 0xca51914f
core   0: 0x80004fd0 (0xe3b77b93) andi    s7, a4, -453
core   0: 3 0x80004fd0 (0xe3b77b93) x23 0xfffffe3b
core   0: 0x80004fd4 (0xf3e16b97) auipc   s7, 0xf3e16
core   0: 3 0x80004fd4 (0xf3e16b97) x23 0x73e1afd4
core   0: 0x80004fd8 (0x0202aeb3) mulhsu  t4, t0, zero
core   0: 3 0x80004fd8 (0x0202aeb3) x29 0x00000000
core   0: 0x80004fdc (0x018c27b3) slt     a5, s8, s8
core   0: 3 0x80004fdc (0x018c27b3) x15 0x00000000
core   0: 0x80004fe0 (0x00845eb3) srl     t4, s0, s0
core   0: 3 0x80004fe0 (0x00845eb3) x29 0x00000001
core   0: 0x80004fe4 (0x96a9e393) ori     t2, s3, -1686
core   0: 3 0x80004fe4 (0x96a9e393) x 7 0xfffff96b
core   0: 0x80004fe8 (0x000cfa33) and     s4, s9, zero
core   0: 3 0x80004fe8 (0x000cfa33) x20 0x00000000
core   0: 0x80004fec (0x03b032b3) mulhu   t0, zero, s11
core   0: 3 0x80004fec (0x03b032b3) x 5 0x00000000
core   0: 0x80004ff0 (0xab326813) ori     a6, tp, -1357
core   0: 3 0x80004ff0 (0xab326813) x16 0xfffffbff
core   0: 0x80004ff4 (0x01d577b3) and     a5, a0, t4
core   0: 3 0x80004ff4 (0x01d577b3) x15 0x00000000
core   0: 0x80004ff8 (0x03f0ce33) div     t3, ra, t6
core   0: 3 0x80004ff8 (0x03f0ce33) x28 0x02000633
core   0: 0x80004ffc (0x0134dbb3) srl     s7, s1, s3
core   0: 3 0x80004ffc (0x0134dbb3) x23 0x0000fedc
core   0: 0x80005000 (0x007c5d93) srli    s11, s8, 7
core   0: 3 0x80005000 (0x007c5d93) x27 0x00fffd63
core   0: 0x80005004 (0xc33d4813) xori    a6, s10, -973
core   0: 3 0x80005004 (0xc33d4813) x16 0x35ae6d7c
core   0: 0x80005008 (0x0071b233) sltu    tp, gp, t2
core   0: 3 0x80005008 (0x0071b233) x 4 0x00000001
core   0: 0x8000500c (0x0036b333) sltu    t1, a3, gp
core   0: 3 0x8000500c (0x0036b333) x 6 0x00000000
core   0: 0x80005010 (0x8613b193) sltiu   gp, t2, -1951
core   0: 3 0x80005010 (0x8613b193) x 3 0x00000000
core   0: 0x80005014 (0x41cc53b3) sra     t2, s8, t3
core   0: 3 0x80005014 (0x41cc53b3) x 7 0x00000fff
core   0: 0x80005018 (0x70986393) ori     t2, a6, 1801
core   0: 3 0x80005018 (0x70986393) x 7 0x35ae6f7d
core   0: 0x8000501c (0x03897333) remu    t1, s2, s8
core   0: 3 0x8000501c (0x03897333) x 6 0x00029cc7
core   0: 0x80005020 (0x009f5c13) srli    s8, t5, 9
core   0: 3 0x80005020 (0x009f5c13) x24 0x003fff58
core   0: 0x80005024 (0x0831a297) auipc   t0, 0x831a
core   0: 3 0x80005024 (0x0831a297) x 5 0x8831f024
core   0: 0x80005028 (0x020ba833) mulhsu  a6, s7, zero
core   0: 3 0x80005028 (0x020ba833) x16 0x00000000
core   0: 0x8000502c (0x03e326b3) mulhsu  a3, t1, t5
core   0: 3 0x8000502c (0x03e326b3) x13 0x00014e60
core   0: 0x80005030 (0x00be8eb3) add     t4, t4, a1
core   0: 3 0x80005030 (0x00be8eb3) x29 0x00000001
core   0: 0x80005034 (0x00000013) nop
core   0: 3 0x80005034 (0x00000013)
core   0: 0x80005038 (0x40d5d433) sra     s0, a1, a3
core   0: 3 0x80005038 (0x40d5d433) x 8 0x00000000
core   0: 0x8000503c (0x00f3f3b3) and     t2, t2, a5
core   0: 3 0x8000503c (0x00f3f3b3) x 7 0x00000000
core   0: 0x80005040 (0x40d1d233) sra     tp, gp, a3
core   0: 3 0x80005040 (0x40d1d233) x 4 0x00000000
core   0: 0x80005044 (0xe99b8413) addi    s0, s7, -359
core   0: 3 0x80005044 (0xe99b8413) x 8 0x0000fd75
core   0: 0x80005048 (0x41840433) sub     s0, s0, s8
core   0: 3 0x80005048 (0x41840433) x 8 0xffc0fe1d
core   0: 0x8000504c (0x40c3d5b3) sra     a1, t2, a2
core   0: 3 0x8000504c (0x40c3d5b3) x11 0x00000000
core   0: 0x80005050 (0x030d3c33) mulhu   s8, s10, a6
core   0: 3 0x80005050 (0x030d3c33) x24 0x00000000
core   0: 0x80005054 (0x02be2bb3) mulhsu  s7, t3, a1
core   0: 3 0x80005054 (0x02be2bb3) x23 0x00000000
core   0: 0x80005058 (0x4067de33) sra     t3, a5, t1
core   0: 3 0x80005058 (0x4067de33) x28 0x00000000
core   0: 0x8000505c (0x02f3eeb3) rem     t4, t2, a5
core   0: 3 0x8000505c (0x02f3eeb3) x29 0x00000000
core   0: 0x80005060 (0x0261f033) remu    zero, gp, t1
core   0: 3 0x80005060 (0x0261f033)
core   0: 0x80005064 (0x41465433) sra     s0, a2, s4
core   0: 3 0x80005064 (0x41465433) x 8 0xf018fb60
core   0: 0x80005068 (0xa7e61b37) lui     s6, 0xa7e61
core   0: 3 0x80005068 (0xa7e61b37) x22 0xa7e61000
core   0: 0x8000506c (0x0134b333) sltu    t1, s1, s3
core   0: 3 0x8000506c (0x0134b333) x 6 0x00000000
core   0: 0x80005070 (0x01a65bb3) srl     s7, a2, s10
core   0: 3 0x80005070 (0x01a65bb3) x23 0x0001e031
core   0: 0x80005074 (0x0323fc33) remu    s8, t2, s2
core   0: 3 0x80005074 (0x0323fc33) x24 0x00000000
core   0: 0x80005078 (0x02c03eb3) mulhu   t4, zero, a2
core   0: 3 0x80005078 (0x02c03eb3) x29 0x00000000
core   0: 0x8000507c (0x007cd713) srli    a4, s9, 7
core   0: 3 0x8000507c (0x007cd713) x14 0x00000000
core   0: 0x80005080 (0x41330933) sub     s2, t1, s3
core   0: 3 0x80005080 (0x41330933) x18 0xffffffff
core   0: 0x80005084 (0x00000013) nop
core   0: 3 0x80005084 (0x00000013)
core   0: 0x80005088 (0x006efb33) and     s6, t4, t1
core   0: 3 0x80005088 (0x006efb33) x22 0x00000000
core   0: 0x8000508c (0x01929013) slli    zero, t0, 25
core   0: 3 0x8000508c (0x01929013)
core   0: 0x80005090 (0xc0778c13) addi    s8, a5, -1017
core   0: 3 0x80005090 (0xc0778c13) x24 0xfffffc07
core   0: 0x80005094 (0x033a4833) div     a6, s4, s3
core   0: 3 0x80005094 (0x033a4833) x16 0x00000000
core   0: 0x80005098 (0x008bf7b3) and     a5, s7, s0
core   0: 3 0x80005098 (0x008bf7b3) x15 0x0000e020
core   0: 0x8000509c (0x008f19b3) sll     s3, t5, s0
core   0: 3 0x8000509c (0x008f19b3) x19 0x7ffeb19c
core   0: 0x800050a0 (0x018a5293) srli    t0, s4, 24
core   0: 3 0x800050a0 (0x018a5293) x 5 0x00000000
core   0: 0x800050a4 (0xe1d5b097) auipc   ra, 0xe1d5b
core   0: 3 0x800050a4 (0xe1d5b097) x 1 0x61d600a4
core   0: 0x800050a8 (0x03c395b3) mulh    a1, t2, t3
core   0: 3 0x800050a8 (0x03c395b3) x11 0x00000000
core   0: 0x800050ac (0x0321ac33) mulhsu  s8, gp, s2
core   0: 3 0x800050ac (0x0321ac33) x24 0x00000000
core   0: 0x800050b0 (0x03016433) rem     s0, sp, a6
core   0: 3 0x800050b0 (0x03016433) x 8 0x80018ce4
core   0: 0x800050b4 (0xb87b3493) sltiu   s1, s6, -1145
core   0: 3 0x800050b4 (0xb87b3493) x 9 0x00000001
core   0: 0x800050b8 (0x4051df93) srai    t6, gp, 5
core   0: 3 0x800050b8 (0x4051df93) x31 0x00000000
core   0: 0x800050bc (0x02d25033) divu    zero, tp, a3
core   0: 3 0x800050bc (0x02d25033)
core   0: 0x800050c0 (0x40435fb3) sra     t6, t1, tp
core   0: 3 0x800050c0 (0x40435fb3) x31 0x00000000
core   0: 0x800050c4 (0x306b7e37) lui     t3, 0x306b7
core   0: 3 0x800050c4 (0x306b7e37) x28 0x306b7000
core   0: 0x800050c8 (0xba292217) auipc   tp, 0xba292
core   0: 3 0x800050c8 (0xba292217) x 4 0x3a2970c8
core   0: 0x800050cc (0x00d8c0b3) xor     ra, a7, a3
core   0: 3 0x800050cc (0x00d8c0b3) x 1 0x0000b563
core   0: 0x800050d0 (0x00000013) nop
core   0: 3 0x800050d0 (0x00000013)
core   0: 0x800050d4 (0xe181a413) slti    s0, gp, -488
core   0: 3 0x800050d4 (0xe181a413) x 8 0x00000000
core   0: 0x800050d8 (0x007b3fb3) sltu    t6, s6, t2
core   0: 3 0x800050d8 (0x007b3fb3) x31 0x00000000
core   0: 0x800050dc (0x01db1013) slli    zero, s6, 29
core   0: 3 0x800050dc (0x01db1013)
core   0: 0x800050e0 (0x0020b1b3) sltu    gp, ra, sp
core   0: 3 0x800050e0 (0x0020b1b3) x 3 0x00000001
core   0: 0x800050e4 (0x025f63b3) rem     t2, t5, t0
core   0: 3 0x800050e4 (0x025f63b3) x 7 0x7ffeb19c
core   0: 0x800050e8 (0x0059a2b3) slt     t0, s3, t0
core   0: 3 0x800050e8 (0x0059a2b3) x 5 0x00000000
core   0: 0x800050ec (0x408d57b3) sra     a5, s10, s0
core   0: 3 0x800050ec (0x408d57b3) x15 0xca51914f
core   0: 0x800050f0 (0x00733897) auipc   a7, 0x733
core   0: 3 0x800050f0 (0x00733897) x17 0x807380f0
core   0: 0x800050f4 (0xb8237b93) andi    s7, t1, -1150
core   0: 3 0x800050f4 (0xb8237b93) x23 0x00000000
core   0: 0x800050f8 (0x03975c33) divu    s8, a4, s9
core   0: 3 0x800050f8 (0x03975c33) x24 0xffffffff
core   0: 0x800050fc (0x01c3a2b3) slt     t0, t2, t3
core   0: 3 0x800050fc (0x01c3a2b3) x 5 0x00000000
core   0: 0x80005100 (0xef73b3b7) lui     t2, 0xef73b
core   0: 3 0x80005100 (0xef73b3b7) x 7 0xef73b000
core   0: 0x80005104 (0x01c456b3) srl     a3, s0, t3
core   0: 3 0x80005104 (0x01c456b3) x13 0x00000000
core   0: 0x80005108 (0x03e34d33) div     s10, t1, t5
core   0: 3 0x80005108 (0x03e34d33) x26 0x00000000
core   0: 0x8000510c (0x03d8cc33) div     s8, a7, t4
core   0: 3 0x8000510c (0x03d8cc33) x24 0xffffffff
core   0: 0x80005110 (0x032dbf33) mulhu   t5, s11, s2
core   0: 3 0x80005110 (0x032dbf33) x30 0x00fffd62
core   0: 0x80005114 (0x575e3093) sltiu   ra, t3, 1397
core   0: 3 0x80005114 (0x575e3093) x 1 0x00000000
core   0: 0x80005118 (0x02c497b3) mulh    a5, s1, a2
core   0: 3 0x80005118 (0x02c497b3) x15 0xffffffff
core   0: 0x8000511c (0x411081b3) sub     gp, ra, a7
core   0: 3 0x8000511c (0x411081b3) x 3 0x7f8c7f10
core   0: 0x80005120 (0x00e0e933) or      s2, ra, a4
core   0: 3 0x80005120 (0x00e0e933) x18 0x00000000
core   0: 0x80005124 (0x40020eb3) sub     t4, tp, zero
core   0: 3 0x80005124 (0x40020eb3) x29 0x3a2970c8
core   0: 0x80005128 (0x00035013) srli    zero, t1, 0
core   0: 3 0x80005128 (0x00035013)
core   0: 0x8000512c (0x00b748b3) xor     a7, a4, a1
core   0: 3 0x8000512c (0x00b748b3) x17 0x00000000
core   0: 0x80005130 (0x01e19e13) slli    t3, gp, 30
core   0: 3 0x80005130 (0x01e19e13) x28 0x00000000
core   0: 0x80005134 (0x01113bb3) sltu    s7, sp, a7
core   0: 3 0x80005134 (0x01113bb3) x23 0x00000000
core   0: 0x80005138 (0x2bfcf093) andi    ra, s9, 703
core   0: 3 0x80005138 (0x2bfcf093) x 1 0x00000000
core   0: 0x8000513c (0x01e54cb3) xor     s9, a0, t5
core   0: 3 0x8000513c (0x01e54cb3) x25 0xcaae723e
core   0: 0x80005140 (0x026ed933) divu    s2, t4, t1
core   0: 3 0x80005140 (0x026ed933) x18 0xffffffff
core   0: 0x80005144 (0xdc54a193) slti    gp, s1, -571
core   0: 3 0x80005144 (0xdc54a193) x 3 0x00000000
core   0: 0x80005148 (0x00b9d213) srli    tp, s3, 11
core   0: 3 0x80005148 (0x00b9d213) x 4 0x000fffd6
core   0: 0x8000514c (0x01178333) add     t1, a5, a7
core   0: 3 0x8000514c (0x01178333) x 6 0xffffffff
core   0: 0x80005150 (0x00000013) nop
core   0: 3 0x80005150 (0x00000013)
core   0: 0x80005154 (0x03d0bc33) mulhu   s8, ra, t4
core   0: 3 0x80005154 (0x03d0bc33) x24 0x00000000
core   0: 0x80005158 (0x017892b3) sll     t0, a7, s7
core   0: 3 0x80005158 (0x017892b3) x 5 0x00000000
core   0: 0x8000515c (0x010cdd13) srli    s10, s9, 16
core   0: 3 0x8000515c (0x010cdd13) x26 0x0000caae
core   0: 0x80005160 (0x03a352b3) divu    t0, t1, s10
core   0: 3 0x80005160 (0x03a352b3) x 5 0x00014358
core   0: 0x80005164 (0xf1267493) andi    s1, a2, -238
core   0: 3 0x80005164 (0xf1267493) x 9 0xf018fb00
core   0: 0x80005168 (0x01109013) slli    zero, ra, 17
core   0: 3 0x80005168 (0x01109013)
core   0: 0x8000516c (0x02449c33) mulh    s8, s1, tp
core   0: 3 0x8000516c (0x02449c33) x24 0xffff0192
core   0: 0x80005170 (0x2ef70937) lui     s2, 0x2ef70
core   0: 3 0x80005170 (0x2ef70937) x18 0x2ef70000
core   0: 0x80005174 (0x001c3233) sltu    tp, s8, ra
core   0: 3 0x80005174 (0x001c3233) x 4 0x00000000
core   0: 0x80005178 (0x004af6b3) and     a3, s5, tp
core   0: 3 0x80005178 (0x004af6b3) x13 0x00000000
core   0: 0x8000517c (0x4f447993) andi    s3, s0, 1268
core   0: 3 0x8000517c (0x4f447993) x19 0x00000000
core   0: 0x80005180 (0x013b5b13) srli    s6, s6, 19
core   0: 3 0x80005180 (0x013b5b13) x22 0x00000000
core   0: 0x80005184 (0x00000013) nop
core   0: 3 0x80005184 (0x00000013)
core   0: 0x80005188 (0x00ac51b3) srl     gp, s8, a0
core   0: 3 0x80005188 (0x00ac51b3) x 3 0x0000000f
core   0: 0x8000518c (0x8f5d7897) auipc   a7, 0x8f5d7
core   0: 3 0x8000518c (0x8f5d7897) x17 0x0f5dc18c
core   0: 0x80005190 (0xa247a193) slti    gp, a5, -1500
core   0: 3 0x80005190 (0xa247a193) x 3 0x00000000
core   0: 0x80005194 (0x00039493) slli    s1, t2, 0
core   0: 3 0x80005194 (0x00039493) x 9 0xef73b000
core   0: 0x80005198 (0xf195b213) sltiu   tp, a1, -231
core   0: 3 0x80005198 (0xf195b213) x 4 0x00000001
core   0: 0x8000519c (0x40cc5033) sra     zero, s8, a2
core   0: 3 0x8000519c (0x40cc5033)
core   0: 0x800051a0 (0x038cbe33) mulhu   t3, s9, s8
core   0: 3 0x800051a0 (0x038cbe33) x28 0xcaada8cd
core   0: 0x800051a4 (0x0099a5b3) slt     a1, s3, s1
core   0: 3 0x800051a4 (0x0099a5b3) x11 0x00000000
core   0: 0x800051a8 (0x00d04433) xor     s0, zero, a3
core   0: 3 0x800051a8 (0x00d04433) x 8 0x00000000
core   0: 0x800051ac (0xd1ca3313) sltiu   t1, s4, -740
core   0: 3 0x800051ac (0xd1ca3313) x 6 0x00000001
core   0: 0x800051b0 (0x0344e6b3) rem     a3, s1, s4
core   0: 3 0x800051b0 (0x0344e6b3) x13 0xef73b000
core   0: 0x800051b4 (0x00bd8f13) addi    t5, s11, 11
core   0: 3 0x800051b4 (0x00bd8f13) x30 0x00fffd6e
core   0: 0x800051b8 (0x0296dbb3) divu    s7, a3, s1
core   0: 3 0x800051b8 (0x0296dbb3) x23 0x00000001
core   0: 0x800051bc (0x013b4eb3) xor     t4, s6, s3
core   0: 3 0x800051bc (0x013b4eb3) x29 0x00000000
core   0: 0x800051c0 (0x00575013) srli    zero, a4, 5
core   0: 3 0x800051c0 (0x00575013)
core   0: 0x800051c4 (0x028c7eb3) remu    t4, s8, s0
core   0: 3 0x800051c4 (0x028c7eb3) x29 0xffff0192
core   0: 0x800051c8 (0x029b82b3) mul     t0, s7, s1
core   0: 3 0x800051c8 (0x029b82b3) x 5 0xef73b000
core   0: 0x800051cc (0x00bfa3b3) slt     t2, t6, a1
core   0: 3 0x800051cc (0x00bfa3b3) x 7 0x00000000
core   0: 0x800051d0 (0x8e48ad93) slti    s11, a7, -1820
core   0: 3 0x800051d0 (0x8e48ad93) x27 0x00000000
core   0: 0x800051d4 (0x0188e333) or      t1, a7, s8
core   0: 3 0x800051d4 (0x0188e333) x 6 0xffffc19e
core   0: 0x800051d8 (0x01be2bb3) slt     s7, t3, s11
core   0: 3 0x800051d8 (0x01be2bb3) x23 0x00000001
core   0: 0x800051dc (0x03e7d1b3) divu    gp, a5, t5
core   0: 3 0x800051dc (0x03e7d1b3) x 3 0x00000100
core   0: 0x800051e0 (0x02b2b433) mulhu   s0, t0, a1
core   0: 3 0x800051e0 (0x02b2b433) x 8 0x00000000
core   0: 0x800051e4 (0xc93f4217) auipc   tp, 0xc93f4
core   0: 3 0x800051e4 (0xc93f4217) x 4 0x493f91e4
core   0: 0x800051e8 (0x01a9c433) xor     s0, s3, s10
core   0: 3 0x800051e8 (0x01a9c433) x 8 0x0000caae
core   0: 0x800051ec (0x00d79a13) slli    s4, a5, 13
core   0: 3 0x800051ec (0x00d79a13) x20 0xffffe000
core   0: 0x800051f0 (0x031c3eb3) mulhu   t4, s8, a7
core   0: 3 0x800051f0 (0x031c3eb3) x29 0x0f5db246
core   0: 0x800051f4 (0x00000013) nop
core   0: 3 0x800051f4 (0x00000013)
core   0: 0x800051f8 (0xdceb0897) auipc   a7, 0xdceb0
core   0: 3 0x800051f8 (0xdceb0897) x17 0x5ceb51f8
core   0: 0x800051fc (0x03396d33) rem     s10, s2, s3
core   0: 3 0x800051fc (0x03396d33) x26 0x2ef70000
core   0: 0x80005200 (0x00dc04b3) add     s1, s8, a3
core   0: 3 0x80005200 (0x00dc04b3) x 9 0xef72b192
core   0: 0x80005204 (0x00698cb3) add     s9, s3, t1
core   0: 3 0x80005204 (0x00698cb3) x25 0xffffc19e
core   0: 0x80005208 (0x4023d733) sra     a4, t2, sp
core   0: 3 0x80005208 (0x4023d733) x14 0x00000000
core   0: 0x8000520c (0x00000013) nop
core   0: 3 0x8000520c (0x00000013)
core   0: 0x80005210 (0x01370233) add     tp, a4, s3
core   0: 3 0x80005210 (0x01370233) x 4 0x00000000
core   0: 0x80005214 (0x0044c6b3) xor     a3, s1, tp
core   0: 3 0x80005214 (0x0044c6b3) x13 0xef72b192
core   0: 0x80005218 (0x02874d33) div     s10, a4, s0
core   0: 3 0x80005218 (0x02874d33) x26 0x00000000
core   0: 0x8000521c (0xa389ee13) ori     t3, s3, -1480
core   0: 3 0x8000521c (0xa389ee13) x28 0xfffffa38
core   0: 0x80005220 (0x00000013) nop
core   0: 3 0x80005220 (0x00000013)
core   0: 0x80005224 (0x53423f13) sltiu   t5, tp, 1332
core   0: 3 0x80005224 (0x53423f13) x30 0x00000001
core   0: 0x80005228 (0xdcb26e93) ori     t4, tp, -565
core   0: 3 0x80005228 (0xdcb26e93) x29 0xfffffdcb
core   0: 0x8000522c (0x01ee6a33) or      s4, t3, t5
core   0: 3 0x8000522c (0x01ee6a33) x20 0xfffffa39
core   0: 0x80005230 (0xce2e8d93) addi    s11, t4, -798
core   0: 3 0x80005230 (0xce2e8d93) x27 0xfffffaad
core   0: 0x80005234 (0x97ccba13) sltiu   s4, s9, -1668
core   0: 3 0x80005234 (0x97ccba13) x20 0x00000001
core   0: 0x80005238 (0xdb647837) lui     a6, 0xdb647
core   0: 3 0x80005238 (0xdb647837) x16 0xdb647000
core   0: 0x8000523c (0x81f50893) addi    a7, a0, -2017
core   0: 3 0x8000523c (0x81f50893) x17 0xca51877b
core   0: 0x80005240 (0x1d0c6b93) ori     s7, s8, 464
core   0: 3 0x80005240 (0x1d0c6b93) x23 0xffff01d2
core   0: 0x80005244 (0x4047d9b3) sra     s3, a5, tp
core   0: 3 0x80005244 (0x4047d9b3) x19 0xffffffff
core   0: 0x80005248 (0xcc1ccf13) xori    t5, s9, -831
core   0: 3 0x80005248 (0xcc1ccf13) x30 0x00003d5f
core   0: 0x8000524c (0xfe212eb7) lui     t4, 0xfe212
core   0: 3 0x8000524c (0xfe212eb7) x29 0xfe212000
core   0: 0x80005250 (0x0166d3b3) srl     t2, a3, s6
core   0: 3 0x80005250 (0x0166d3b3) x 7 0xef72b192
core   0: 0x80005254 (0x32a0bf13) sltiu   t5, ra, 810
core   0: 3 0x80005254 (0x32a0bf13) x30 0x00000001
core   0: 0x80005258 (0x01565a33) srl     s4, a2, s5
core   0: 3 0x80005258 (0x01565a33) x20 0x0f018fb6
core   0: 0x8000525c (0x02754eb3) div     t4, a0, t2
core   0: 3 0x8000525c (0x02754eb3) x29 0x00000003
core   0: 0x80005260 (0xdea0f013) andi    zero, ra, -534
core   0: 3 0x80005260 (0xdea0f013)
core   0: 0x80005264 (0x01297333) and     t1, s2, s2
core   0: 3 0x80005264 (0x01297333) x 6 0x2ef70000
core   0: 0x80005268 (0x0215ccb3) div     s9, a1, ra
core   0: 3 0x80005268 (0x0215ccb3) x25 0xffffffff
core   0: 0x8000526c (0x030a7b33) remu    s6, s4, a6
core   0: 3 0x8000526c (0x030a7b33) x22 0x0f018fb6
core   0: 0x80005270 (0x03293c33) mulhu   s8, s2, s2
core   0: 3 0x80005270 (0x03293c33) x24 0x089db251
core   0: 0x80005274 (0x62fd0213) addi    tp, s10, 1583
core   0: 3 0x80005274 (0x62fd0213) x 4 0x0000062f
core   0: 0x80005278 (0xb2c2b193) sltiu   gp, t0, -1236
core   0: 3 0x80005278 (0xb2c2b193) x 3 0x00000001
core   0: 0x8000527c (0x00836033) or      zero, t1, s0
core   0: 3 0x8000527c (0x00836033)
core   0: 0x80005280 (0xc4e48e13) addi    t3, s1, -946
core   0: 3 0x80005280 (0xc4e48e13) x28 0xef72ade0
core   0: 0x80005284 (0xb647ee13) ori     t3, a5, -1180
core   0: 3 0x80005284 (0xb647ee13) x28 0xffffffff
core   0: 0x80005288 (0x41c9d993) srai    s3, s3, 28
core   0: 3 0x80005288 (0x41c9d993) x19 0xffffffff
core   0: 0x8000528c (0x017310b3) sll     ra, t1, s7
core   0: 3 0x8000528c (0x017310b3) x 1 0x00000000
core   0: 0x80005290 (0x037ef0b3) remu    ra, t4, s7
core   0: 3 0x80005290 (0x037ef0b3) x 1 0x00000003
core   0: 0x80005294 (0x014ab733) sltu    a4, s5, s4
core   0: 3 0x80005294 (0x014ab733) x14 0x00000000
core   0: 0x80005298 (0x031e1733) mulh    a4, t3, a7
core   0: 3 0x80005298 (0x031e1733) x14 0x00000000
core   0: 0x8000529c (0x57efa993) slti    s3, t6, 1406
core   0: 3 0x8000529c (0x57efa993) x19 0x00000001
core   0: 0x800052a0 (0x00a09b13) slli    s6, ra, 10
core   0: 3 0x800052a0 (0x00a09b13) x22 0x00000c00
core   0: 0x800052a4 (0x8f6311b7) lui     gp, 0x8f631
core   0: 3 0x800052a4 (0x8f6311b7) x 3 0x8f631000
core   0: 0x800052a8 (0x03b265b3) rem     a1, tp, s11
core   0: 3 0x800052a8 (0x03b265b3) x11 0x000000dc
core   0: 0x800052ac (0x783b6b93) ori     s7, s6, 1923
core   0: 3 0x800052ac (0x783b6b93) x23 0x00000f83
core   0: 0x800052b0 (0x00d12eb3) slt     t4, sp, a3
core   0: 3 0x800052b0 (0x00d12eb3) x29 0x00000001
core   0: 0x800052b4 (0x00000013) nop
core   0: 3 0x800052b4 (0x00000013)
core   0: 0x800052b8 (0x00b5d033) srl     zero, a1, a1
core   0: 3 0x800052b8 (0x00b5d033)
core   0: 0x800052bc (0x36ed1017) auipc   zero, 0x36ed1
core   0: 3 0x800052bc (0x36ed1017)
core   0: 0x800052c0 (0x03924933) div     s2, tp, s9
core   0: 3 0x800052c0 (0x03924933) x18 0xfffff9d1
core   0: 0x800052c4 (0x00000013) nop
core   0: 3 0x800052c4 (0x00000013)
core   0: 0x800052c8 (0x7d8de793) ori     a5, s11, 2008
core   0: 3 0x800052c8 (0x7d8de793) x15 0xfffffffd
core   0: 0x800052cc (0x020df2b3) remu    t0, s11, zero
core   0: 3 0x800052cc (0x020df2b3) x 5 0xfffffaad
core   0: 0x800052d0 (0x02e7beb3) mulhu   t4, a5, a4
core   0: 3 0x800052d0 (0x02e7beb3) x29 0x00000000
core   0: 0x800052d4 (0x02163e33) mulhu   t3, a2, ra
core   0: 3 0x800052d4 (0x02163e33) x28 0x00000002
core   0: 0x800052d8 (0x0c3a0193) addi    gp, s4, 195
core   0: 3 0x800052d8 (0x0c3a0193) x 3 0x0f019079
core   0: 0x800052dc (0x0311f433) remu    s0, gp, a7
core   0: 3 0x800052dc (0x0311f433) x 8 0x0f019079
core   0: 0x800052e0 (0x08acae93) slti    t4, s9, 138
core   0: 3 0x800052e0 (0x08acae93) x29 0x00000001
core   0: 0x800052e4 (0x02dce533) rem     a0, s9, a3
core   0: 3 0x800052e4 (0x02dce533) x10 0xffffffff
core   0: 0x800052e8 (0x418189b3) sub     s3, gp, s8
core   0: 3 0x800052e8 (0x418189b3) x19 0x0663de28
core   0: 0x800052ec (0x6158b313) sltiu   t1, a7, 1557
core   0: 3 0x800052ec (0x6158b313) x 6 0x00000000
core   0: 0x800052f0 (0xbd15b317) auipc   t1, 0xbd15b
core   0: 3 0x800052f0 (0xbd15b317) x 6 0x3d1602f0
core   0: 0x800052f4 (0x027f3bb3) mulhu   s7, t5, t2
core   0: 3 0x800052f4 (0x027f3bb3) x23 0x00000000
core   0: 0x800052f8 (0x000539b3) sltu    s3, a0, zero
core   0: 3 0x800052f8 (0x000539b3) x19 0x00000000
core   0: 0x800052fc (0x4d1c6313) ori     t1, s8, 1233
core   0: 3 0x800052fc (0x4d1c6313) x 6 0x089db6d1
core   0: 0x80005300 (0x009c9fb3) sll     t6, s9, s1
core   0: 3 0x80005300 (0x009c9fb3) x31 0xfffc0000
core   0: 0x80005304 (0x01860fb3) add     t6, a2, s8
core   0: 3 0x80005304 (0x01860fb3) x31 0xf8b6adb1
core   0: 0x80005308 (0x03b48937) lui     s2, 0x3b48
core   0: 3 0x80005308 (0x03b48937) x18 0x03b48000
core   0: 0x8000530c (0x7e80f413) andi    s0, ra, 2024
core   0: 3 0x8000530c (0x7e80f413) x 8 0x00000000
core   0: 0x80005310 (0x02c371b3) remu    gp, t1, a2
core   0: 3 0x80005310 (0x02c371b3) x 3 0x089db6d1
core   0: 0x80005314 (0x016da5b3) slt     a1, s11, s6
core   0: 3 0x80005314 (0x016da5b3) x11 0x00000001
core   0: 0x80005318 (0x018d2eb3) slt     t4, s10, s8
core   0: 3 0x80005318 (0x018d2eb3) x29 0x00000001
core   0: 0x8000531c (0xf8780893) addi    a7, a6, -121
core   0: 3 0x8000531c (0xf8780893) x17 0xdb646f87
core   0: 0x80005320 (0x29cb4c93) xori    s9, s6, 668
core   0: 3 0x80005320 (0x29cb4c93) x25 0x00000e9c
core   0: 0x80005324 (0x01a45cb3) srl     s9, s0, s10
core   0: 3 0x80005324 (0x01a45cb3) x25 0x00000000
core   0: 0x80005328 (0x8f107b93) andi    s7, zero, -1807
core   0: 3 0x80005328 (0x8f107b93) x23 0x00000000
core   0: 0x8000532c (0x003d8833) add     a6, s11, gp
core   0: 3 0x8000532c (0x003d8833) x16 0x089db17e
core   0: 0x80005330 (0x00a42533) slt     a0, s0, a0
core   0: 3 0x80005330 (0x00a42533) x10 0x00000000
core   0: 0x80005334 (0x1041e493) ori     s1, gp, 260
core   0: 3 0x80005334 (0x1041e493) x 9 0x089db7d5
core   0: 0x80005338 (0x01604d33) xor     s10, zero, s6
core   0: 3 0x80005338 (0x01604d33) x26 0x00000c00
core   0: 0x8000533c (0x003f4833) xor     a6, t5, gp
core   0: 3 0x8000533c (0x003f4833) x16 0x089db6d0
core   0: 0x80005340 (0x0242f393) andi    t2, t0, 36
core   0: 3 0x80005340 (0x0242f393) x 7 0x00000024
core   0: 0x80005344 (0xa82a3093) sltiu   ra, s4, -1406
core   0: 3 0x80005344 (0xa82a3093) x 1 0x00000001
core   0: 0x80005348 (0x401b5493) srai    s1, s6, 1
core   0: 3 0x80005348 (0x401b5493) x 9 0x00000600
core   0: 0x8000534c (0x02885733) divu    a4, a6, s0
core   0: 3 0x8000534c (0x02885733) x14 0xffffffff
core   0: 0x80005350 (0x4196df93) srai    t6, a3, 25
core   0: 3 0x80005350 (0x4196df93) x31 0xfffffff7
core   0: 0x80005354 (0x0352e533) rem     a0, t0, s5
core   0: 3 0x80005354 (0x0352e533) x10 0xfffffaad
core   0: 0x80005358 (0x41b1d333) sra     t1, gp, s11
core   0: 3 0x80005358 (0x41b1d333) x 6 0x000044ed
core   0: 0x8000535c (0x009636b3) sltu    a3, a2, s1
core   0: 3 0x8000535c (0x009636b3) x13 0x00000000
core   0: 0x80005360 (0x01147b33) and     s6, s0, a7
core   0: 3 0x80005360 (0x01147b33) x22 0x00000000
core   0: 0x80005364 (0x55894393) xori    t2, s2, 1368
core   0: 3 0x80005364 (0x55894393) x 7 0x03b48558
core   0: 0x80005368 (0x00acde13) srli    t3, s9, 10
core   0: 3 0x80005368 (0x00acde13) x28 0x00000000
core   0: 0x8000536c (0x00000013) nop
core   0: 3 0x8000536c (0x00000013)
core   0: 0x80005370 (0x40500cb3) sub     s9, zero, t0
core   0: 3 0x80005370 (0x40500cb3) x25 0x00000553
core   0: 0x80005374 (0x02a3c3b3) div     t2, t2, a0
core   0: 3 0x80005374 (0x02a3c3b3) x 7 0xffff4dda
core   0: 0x80005378 (0x8f7e0d13) addi    s10, t3, -1801
core   0: 3 0x80005378 (0x8f7e0d13) x26 0xfffff8f7
core   0: 0x8000537c (0x00000013) nop
core   0: 3 0x8000537c (0x00000013)
core   0: 0x80005380 (0x01a3d093) srli    ra, t2, 26
core   0: 3 0x80005380 (0x01a3d093) x 1 0x0000003f
core   0: 0x80005384 (0x02cd0333) mul     t1, s10, a2
core   0: 3 0x80005384 (0x02cd0333) x 6 0xe03f89a0
core   0: 0x80005388 (0x00000013) nop
core   0: 3 0x80005388 (0x00000013)
core   0: 0x8000538c (0x74a54993) xori    s3, a0, 1866
core   0: 3 0x8000538c (0x74a54993) x19 0xfffffde7
core   0: 0x80005390 (0x03783233) mulhu   tp, a6, s7
core   0: 3 0x80005390 (0x03783233) x 4 0x00000000
core   0: 0x80005394 (0x269c2713) slti    a4, s8, 617
core   0: 3 0x80005394 (0x269c2713) x14 0x00000000
core   0: 0x80005398 (0xd8a72793) slti    a5, a4, -630
core   0: 3 0x80005398 (0xd8a72793) x15 0x00000000
core   0: 0x8000539c (0x01d5edb3) or      s11, a1, t4
core   0: 3 0x8000539c (0x01d5edb3) x27 0x00000001
core   0: 0x800053a0 (0x03f94f33) div     t5, s2, t6
core   0: 3 0x800053a0 (0x03f94f33) x30 0xff969c72
core   0: 0x800053a4 (0x02bb0eb3) mul     t4, s6, a1
core   0: 3 0x800053a4 (0x02bb0eb3) x29 0x00000000
core   0: 0x800053a8 (0x02e6d2b3) divu    t0, a3, a4
core   0: 3 0x800053a8 (0x02e6d2b3) x 5 0xffffffff
core   0: 0x800053ac (0x03ae2a33) mulhsu  s4, t3, s10
core   0: 3 0x800053ac (0x03ae2a33) x20 0x00000000
core   0: 0x800053b0 (0x019b6b33) or      s6, s6, s9
core   0: 3 0x800053b0 (0x019b6b33) x22 0x00000553
core   0: 0x800053b4 (0xcfea4213) xori    tp, s4, -770
core   0: 3 0x800053b4 (0xcfea4213) x 4 0xfffffcfe
core   0: 0x800053b8 (0x9bab0393) addi    t2, s6, -1606
core   0: 3 0x800053b8 (0x9bab0393) x 7 0xffffff0d
core   0: 0x800053bc (0x00000013) nop
core   0: 3 0x800053bc (0x00000013)
core   0: 0x800053c0 (0x715fa093) slti    ra, t6, 1813
core   0: 3 0x800053c0 (0x715fa093) x 1 0x00000001
core   0: 0x800053c4 (0x03dc7eb3) remu    t4, s8, t4
core   0: 3 0x800053c4 (0x03dc7eb3) x29 0x089db251
core   0: 0x800053c8 (0x56b9b213) sltiu   tp, s3, 1387
core   0: 3 0x800053c8 (0x56b9b213) x 4 0x00000000
core   0: 0x800053cc (0x00b79f93) slli    t6, a5, 11
core   0: 3 0x800053cc (0x00b79f93) x31 0x00000000
core   0: 0x800053d0 (0x025cb433) mulhu   s0, s9, t0
core   0: 3 0x800053d0 (0x025cb433) x 8 0x00000552
core   0: 0x800053d4 (0x0349e233) rem     tp, s3, s4
core   0: 3 0x800053d4 (0x0349e233) x 4 0xfffffde7
core   0: 0x800053d8 (0x01bec233) xor     tp, t4, s11
core   0: 3 0x800053d8 (0x01bec233) x 4 0x089db250
core   0: 0x800053dc (0x7dcd4913) xori    s2, s10, 2012
core   0: 3 0x800053dc (0x7dcd4913) x18 0xffffff2b
core   0: 0x800053e0 (0x12456917) auipc   s2, 0x12456
core   0: 3 0x800053e0 (0x12456917) x18 0x9245b3e0
core   0: 0x800053e4 (0x01c9d1b3) srl     gp, s3, t3
core   0: 3 0x800053e4 (0x01c9d1b3) x 3 0xfffffde7
core   0: 0x800053e8 (0x009c7d33) and     s10, s8, s1
core   0: 3 0x800053e8 (0x009c7d33) x26 0x00000200
core   0: 0x800053ec (0x001af233) and     tp, s5, ra
core   0: 3 0x800053ec (0x001af233) x 4 0x00000000
core   0: 0x800053f0 (0x0355dd33) divu    s10, a1, s5
core   0: 3 0x800053f0 (0x0355dd33) x26 0x00000000
core   0: 0x800053f4 (0x023277b3) remu    a5, tp, gp
core   0: 3 0x800053f4 (0x023277b3) x15 0x00000000
core   0: 0x800053f8 (0x03e943b3) div     t2, s2, t5
core   0: 3 0x800053f8 (0x03e943b3) x 7 0x0000010a
core   0: 0x800053fc (0x021ab433) mulhu   s0, s5, ra
core   0: 3 0x800053fc (0x021ab433) x 8 0x00000000
core   0: 0x80005400 (0x3633a593) slti    a1, t2, 867
core   0: 3 0x80005400 (0x3633a593) x11 0x00000001
core   0: 0x80005404 (0x01bef7b3) and     a5, t4, s11
core   0: 3 0x80005404 (0x01bef7b3) x15 0x00000001
core   0: 0x80005408 (0x01ed1433) sll     s0, s10, t5
core   0: 3 0x80005408 (0x01ed1433) x 8 0x00000000
core   0: 0x8000540c (0x0210b933) mulhu   s2, ra, ra
core   0: 3 0x8000540c (0x0210b933) x18 0x00000000
core   0: 0x80005410 (0xc92ccb93) xori    s7, s9, -878
core   0: 3 0x80005410 (0xc92ccb93) x23 0xfffff9c1
core   0: 0x80005414 (0x3c51d4b7) lui     s1, 0x3c51d
core   0: 3 0x80005414 (0x3c51d4b7) x 9 0x3c51d000
core   0: 0x80005418 (0x0f3d4d93) xori    s11, s10, 243
core   0: 3 0x80005418 (0x0f3d4d93) x27 0x000000f3
core   0: 0x8000541c (0x0269ae33) mulhsu  t3, s3, t1
core   0: 3 0x8000541c (0x0269ae33) x28 0xfffffe29
core   0: 0x80005420 (0x00d091b3) sll     gp, ra, a3
core   0: 3 0x80005420 (0x00d091b3) x 3 0x00000001
core   0: 0x80005424 (0x2084d317) auipc   t1, 0x2084d
core   0: 3 0x80005424 (0x2084d317) x 6 0xa0852424
core   0: 0x80005428 (0x6477f5b7) lui     a1, 0x6477f
core   0: 3 0x80005428 (0x6477f5b7) x11 0x6477f000
core   0: 0x8000542c (0x9269e1b7) lui     gp, 0x9269e
core   0: 3 0x8000542c (0x9269e1b7) x 3 0x9269e000
core   0: 0x80005430 (0x00000013) nop
core   0: 3 0x80005430 (0x00000013)
core   0: 0x80005434 (0x419cd793) srai    a5, s9, 25
core   0: 3 0x80005434 (0x419cd793) x15 0x00000000
core   0: 0x80005438 (0x40775e93) srai    t4, a4, 7
core   0: 3 0x80005438 (0x40775e93) x29 0x00000000
core   0: 0x8000543c (0x8073cc13) xori    s8, t2, -2041
core   0: 3 0x8000543c (0x8073cc13) x24 0xfffff90d
core   0: 0x80005440 (0xea9bc593) xori    a1, s7, -343
core   0: 3 0x80005440 (0xea9bc593) x11 0x00000768
core   0: 0x80005444 (0x00219d33) sll     s10, gp, sp
core   0: 3 0x80005444 (0x00219d33) x26 0x269e0000
core   0: 0x80005448 (0x77f34d13) xori    s10, t1, 1919
core   0: 3 0x80005448 (0x77f34d13) x26 0xa085235b
core   0: 0x8000544c (0xaa760093) addi    ra, a2, -1369
core   0: 3 0x8000544c (0xaa760093) x 1 0xf018f607
core   0: 0x80005450 (0x41efd993) srai    s3, t6, 30
core   0: 3 0x80005450 (0x41efd993) x19 0x00000000
core   0: 0x80005454 (0xe901b013) sltiu   zero, gp, -368
core   0: 3 0x80005454 (0xe901b013)
core   0: 0x80005458 (0x01a5ea33) or      s4, a1, s10
core   0: 3 0x80005458 (0x01a5ea33) x20 0xa085277b
core   0: 0x8000545c (0xfc86ee13) ori     t3, a3, -56
core   0: 3 0x8000545c (0xfc86ee13) x28 0xffffffc8
core   0: 0x80005460 (0x00c71b13) slli    s6, a4, 12
core   0: 3 0x80005460 (0x00c71b13) x22 0x00000000
core   0: 0x80005464 (0x23b7ca37) lui     s4, 0x23b7c
core   0: 3 0x80005464 (0x23b7ca37) x20 0x23b7c000
core   0: 0x80005468 (0x005b2433) slt     s0, s6, t0
core   0: 3 0x80005468 (0x005b2433) x 8 0x00000000
core   0: 0x8000546c (0x00625d13) srli    s10, tp, 6
core   0: 3 0x8000546c (0x00625d13) x26 0x00000000
core   0: 0x80005470 (0x021b2833) mulhsu  a6, s6, ra
core   0: 3 0x80005470 (0x021b2833) x16 0x00000000
core   0: 0x80005474 (0x01ff6433) or      s0, t5, t6
core   0: 3 0x80005474 (0x01ff6433) x 8 0xff969c72
core   0: 0x80005478 (0x0125dc33) srl     s8, a1, s2
core   0: 3 0x80005478 (0x0125dc33) x24 0x00000768
core   0: 0x8000547c (0x010ffd33) and     s10, t6, a6
core   0: 3 0x8000547c (0x010ffd33) x26 0x00000000
core   0: 0x80005480 (0x01de3a33) sltu    s4, t3, t4
core   0: 3 0x80005480 (0x01de3a33) x20 0x00000000
core   0: 0x80005484 (0x02f2c9b3) div     s3, t0, a5
core   0: 3 0x80005484 (0x02f2c9b3) x19 0xffffffff
core   0: 0x80005488 (0x4b79b293) sltiu   t0, s3, 1207
core   0: 3 0x80005488 (0x4b79b293) x 5 0x00000000
core   0: 0x8000548c (0x0101b333) sltu    t1, gp, a6
core   0: 3 0x8000548c (0x0101b333) x 6 0x00000000
core   0: 0x80005490 (0x03e8e933) rem     s2, a7, t5
core   0: 3 0x80005490 (0x03e8e933) x18 0xff9ea857
core   0: 0x80005494 (0x01add3b3) srl     t2, s11, s10
core   0: 3 0x80005494 (0x01add3b3) x 7 0x000000f3
core   0: 0x80005498 (0x40e9d017) auipc   zero, 0x40e9d
core   0: 3 0x80005498 (0x40e9d017)
core   0: 0x8000549c (0x0927be17) auipc   t3, 0x927b
core   0: 3 0x8000549c (0x0927be17) x28 0x8928049c
core   0: 0x800054a0 (0x4020deb3) sra     t4, ra, sp
core   0: 3 0x800054a0 (0x4020deb3) x29 0xff018f60
core   0: 0x800054a4 (0x00913d33) sltu    s10, sp, s1
core   0: 3 0x800054a4 (0x00913d33) x26 0x00000000
core   0: 0x800054a8 (0x230c6513) ori     a0, s8, 560
core   0: 3 0x800054a8 (0x230c6513) x10 0x00000778
core   0: 0x800054ac (0xa8e3bb93) sltiu   s7, t2, -1394
core   0: 3 0x800054ac (0xa8e3bb93) x23 0x00000001
core   0: 0x800054b0 (0x41cb5d93) srai    s11, s6, 28
core   0: 3 0x800054b0 (0x41cb5d93) x27 0x00000000
core   0: 0x800054b4 (0x022a8233) mul     tp, s5, sp
core   0: 3 0x800054b4 (0x022a8233) x 4 0x066c8110
core   0: 0x800054b8 (0x029d3bb3) mulhu   s7, s10, s1
core   0: 3 0x800054b8 (0x029d3bb3) x23 0x00000000
core   0: 0x800054bc (0x010d5b93) srli    s7, s10, 16
core   0: 3 0x800054bc (0x010d5b93) x23 0x00000000
core   0: 0x800054c0 (0x3e5be0b7) lui     ra, 0x3e5be
core   0: 3 0x800054c0 (0x3e5be0b7) x 1 0x3e5be000
core   0: 0x800054c4 (0x01d63cb3) sltu    s9, a2, t4
core   0: 3 0x800054c4 (0x01d63cb3) x25 0x00000001
core   0: 0x800054c8 (0x417150b3) sra     ra, sp, s7
core   0: 3 0x800054c8 (0x417150b3) x 1 0x80018ce4
core   0: 0x800054cc (0x01c6db33) srl     s6, a3, t3
core   0: 3 0x800054cc (0x01c6db33) x22 0x00000000
core   0: 0x800054d0 (0x00751233) sll     tp, a0, t2
core   0: 3 0x800054d0 (0x00751233) x 4 0x3bc00000
core   0: 0x800054d4 (0x4504e413) ori     s0, s1, 1104
core   0: 3 0x800054d4 (0x4504e413) x 8 0x3c51d450
core   0: 0x800054d8 (0x00f08533) add     a0, ra, a5
core   0: 3 0x800054d8 (0x00f08533) x10 0x80018ce4
core   0: 0x800054dc (0x0296ddb3) divu    s11, a3, s1
core   0: 3 0x800054dc (0x0296ddb3) x27 0x00000000
core   0: 0x800054e0 (0x016643b3) xor     t2, a2, s6
core   0: 3 0x800054e0 (0x016643b3) x 7 0xf018fb60
core   0: 0x800054e4 (0x0169a033) slt     zero, s3, s6
core   0: 3 0x800054e4 (0x0169a033)
core   0: 0x800054e8 (0x02382733) mulhsu  a4, a6, gp
core   0: 3 0x800054e8 (0x02382733) x14 0x00000000
core   0: 0x800054ec (0x418b86b3) sub     a3, s7, s8
core   0: 3 0x800054ec (0x418b86b3) x13 0xfffff898
core   0: 0x800054f0 (0x016053b3) srl     t2, zero, s6
core   0: 3 0x800054f0 (0x016053b3) x 7 0x00000000
core   0: 0x800054f4 (0x00000013) nop
core   0: 3 0x800054f4 (0x00000013)
core   0: 0x800054f8 (0x03179733) mulh    a4, a5, a7
core   0: 3 0x800054f8 (0x03179733) x14 0x00000000
core   0: 0x800054fc (0x3c6f4313) xori    t1, t5, 966
core   0: 3 0x800054fc (0x3c6f4313) x 6 0xff969fb4
core   0: 0x80005500 (0x419651b3) sra     gp, a2, s9
core   0: 3 0x80005500 (0x419651b3) x 3 0xf80c7db0
core   0: 0x80005504 (0x83618b17) auipc   s6, 0x83618
core   0: 3 0x80005504 (0x83618b17) x22 0x0361d504
core   0: 0x80005508 (0x22343d13) sltiu   s10, s0, 547
core   0: 3 0x80005508 (0x22343d13) x26 0x00000000
core   0: 0x8000550c (0x034c6bb3) rem     s7, s8, s4
core   0: 3 0x8000550c (0x034c6bb3) x23 0x00000768
core   0: 0x80005510 (0x0117d093) srli    ra, a5, 17
core   0: 3 0x80005510 (0x0117d093) x 1 0x00000000
core   0: 0x80005514 (0xffc16a13) ori     s4, sp, -4
core   0: 3 0x80005514 (0xffc16a13) x20 0xfffffffc
core   0: 0x80005518 (0x027d47b3) div     a5, s10, t2
core   0: 3 0x80005518 (0x027d47b3) x15 0xffffffff
core   0: 0x8000551c (0x032b5fb3) divu    t6, s6, s2
core   0: 3 0x8000551c (0x032b5fb3) x31 0x00000000
core   0: 0x80005520 (0x02e9ccb3) div     s9, s3, a4
core   0: 3 0x80005520 (0x02e9ccb3) x25 0xffffffff
core   0: 0x80005524 (0x01c32033) slt     zero, t1, t3
core   0: 3 0x80005524 (0x01c32033)
core   0: 0x80005528 (0x3b42ed13) ori     s10, t0, 948
core   0: 3 0x80005528 (0x3b42ed13) x26 0x000003b4
core   0: 0x8000552c (0x419000b3) sub     ra, zero, s9
core   0: 3 0x8000552c (0x419000b3) x 1 0x00000001
core   0: 0x80005530 (0x03bd10b3) mulh    ra, s10, s11
core   0: 3 0x80005530 (0x03bd10b3) x 1 0x00000000
core   0: 0x80005534 (0x01c20eb3) add     t4, tp, t3
core   0: 3 0x80005534 (0x01c20eb3) x29 0xc4e8049c
core   0: 0x80005538 (0xc33a8d13) addi    s10, s5, -973
core   0: 3 0x80005538 (0xc33a8d13) x26 0x80014a97
core   0: 0x8000553c (0x3cb2ce93) xori    t4, t0, 971
core   0: 3 0x8000553c (0x3cb2ce93) x29 0x000003cb
core   0: 0x80005540 (0x14eba413) slti    s0, s7, 334
core   0: 3 0x80005540 (0x14eba413) x 8 0x00000000
core   0: 0x80005544 (0x51e1eb93) ori     s7, gp, 1310
core   0: 3 0x80005544 (0x51e1eb93) x23 0xf80c7dbe
core   0: 0x80005548 (0x0319adb3) mulhsu  s11, s3, a7
core   0: 3 0x80005548 (0x0319adb3) x27 0xffffffff
core   0: 0x8000554c (0x40cf5233) sra     tp, t5, a2
core   0: 3 0x8000554c (0x40cf5233) x 4 0xff969c72
core   0: 0x80005550 (0x2b54b013) sltiu   zero, s1, 693
core   0: 3 0x80005550 (0x2b54b013)
core   0: 0x80005554 (0x411801b3) sub     gp, a6, a7
core   0: 3 0x80005554 (0x411801b3) x 3 0x249b9079
core   0: 0x80005558 (0x006538b3) sltu    a7, a0, t1
core   0: 3 0x80005558 (0x006538b3) x17 0x00000001
core   0: 0x8000555c (0x41a05833) sra     a6, zero, s10
core   0: 3 0x8000555c (0x41a05833) x16 0x00000000
core   0: 0x80005560 (0x01ced8b3) srl     a7, t4, t3
core   0: 3 0x80005560 (0x01ced8b3) x17 0x00000000
core   0: 0x80005564 (0x03048533) mul     a0, s1, a6
core   0: 3 0x80005564 (0x03048533) x10 0x00000000
core   0: 0x80005568 (0x02edc3b3) div     t2, s11, a4
core   0: 3 0x80005568 (0x02edc3b3) x 7 0xffffffff
core   0: 0x8000556c (0x03c6da33) divu    s4, a3, t3
core   0: 3 0x8000556c (0x03c6da33) x20 0x00000001
core   0: 0x80005570 (0x001b1993) slli    s3, s6, 1
core   0: 3 0x80005570 (0x001b1993) x19 0x06c3aa08
core   0: 0x80005574 (0x00f17c33) and     s8, sp, a5
core   0: 3 0x80005574 (0x00f17c33) x24 0x80018ce4
core   0: 0x80005578 (0x016110b3) sll     ra, sp, s6
core   0: 3 0x80005578 (0x016110b3) x 1 0x0018ce40
core   0: 0x8000557c (0x4151db13) srai    s6, gp, 21
core   0: 3 0x8000557c (0x4151db13) x22 0x00000124
core   0: 0x80005580 (0x025d53b3) divu    t2, s10, t0
core   0: 3 0x80005580 (0x025d53b3) x 7 0xffffffff
core   0: 0x80005584 (0x022609b3) mul     s3, a2, sp
core   0: 3 0x80005584 (0x022609b3) x19 0x7b186180
core   0: 0x80005588 (0x099b8b13) addi    s6, s7, 153
core   0: 3 0x80005588 (0x099b8b13) x22 0xf80c7e57
core   0: 0x8000558c (0x01bb20b3) slt     ra, s6, s11
core   0: 3 0x8000558c (0x01bb20b3) x 1 0x00000001
core   0: 0x80005590 (0x00cf7733) and     a4, t5, a2
core   0: 3 0x80005590 (0x00cf7733) x14 0xf0109860
core   0: 0x80005594 (0xdbf039b7) lui     s3, 0xdbf03
core   0: 3 0x80005594 (0xdbf039b7) x19 0xdbf03000
core   0: 0x80005598 (0x0158c233) xor     tp, a7, s5
core   0: 3 0x80005598 (0x0158c233) x 4 0x80014e64
core   0: 0x8000559c (0x03552033) mulhsu  zero, a0, s5
core   0: 3 0x8000559c (0x03552033)
core   0: 0x800055a0 (0x0230a6b3) mulhsu  a3, ra, gp
core   0: 3 0x800055a0 (0x0230a6b3) x13 0x00000000
core   0: 0x800055a4 (0x02d115b3) mulh    a1, sp, a3
core   0: 3 0x800055a4 (0x02d115b3) x11 0x00000000
core   0: 0x800055a8 (0x008f5733) srl     a4, t5, s0
core   0: 3 0x800055a8 (0x008f5733) x14 0xff969c72
core   0: 0x800055ac (0x01cb5193) srli    gp, s6, 28
core   0: 3 0x800055ac (0x01cb5193) x 3 0x0000000f
core   0: 0x800055b0 (0x02e525b3) mulhsu  a1, a0, a4
core   0: 3 0x800055b0 (0x02e525b3) x11 0x00000000
core   0: 0x800055b4 (0x03395233) divu    tp, s2, s3
core   0: 3 0x800055b4 (0x03395233) x 4 0x00000001
core   0: 0x800055b8 (0x01e0c8b3) xor     a7, ra, t5
core   0: 3 0x800055b8 (0x01e0c8b3) x17 0xff969c73
core   0: 0x800055bc (0xf4adbd17) auipc   s10, 0xf4adb
core   0: 3 0x800055bc (0xf4adbd17) x26 0x74ae05bc
core   0: 0x800055c0 (0x002c1d93) slli    s11, s8, 2
core   0: 3 0x800055c0 (0x002c1d93) x27 0x00063390
core   0: 0x800055c4 (0x8acb4993) xori    s3, s6, -1876
core   0: 3 0x800055c4 (0x8acb4993) x19 0x07f386fb
core   0: 0x800055c8 (0x0dc9b813) sltiu   a6, s3, 220
core   0: 3 0x800055c8 (0x0dc9b813) x16 0x00000000
core   0: 0x800055cc (0x0060c2b3) xor     t0, ra, t1
core   0: 3 0x800055cc (0x0060c2b3) x 5 0xff969fb5
core   0: 0x800055d0 (0x41b3da33) sra     s4, t2, s11
core   0: 3 0x800055d0 (0x41b3da33) x20 0xffffffff
core   0: 0x800055d4 (0x0016e5b3) or      a1, a3, ra
core   0: 3 0x800055d4 (0x0016e5b3) x11 0x00000001
core   0: 0x800055d8 (0x03ea3433) mulhu   s0, s4, t5
core   0: 3 0x800055d8 (0x03ea3433) x 8 0xff969c71
core   0: 0x800055dc (0x016d98b3) sll     a7, s11, s6
core   0: 3 0x800055dc (0x016d98b3) x17 0xc8000000
core   0: 0x800055e0 (0x41eed693) srai    a3, t4, 30
core   0: 3 0x800055e0 (0x41eed693) x13 0x00000000
core   0: 0x800055e4 (0x40850d33) sub     s10, a0, s0
core   0: 3 0x800055e4 (0x40850d33) x26 0x0069638f
core   0: 0x800055e8 (0x01fef7b3) and     a5, t4, t6
core   0: 3 0x800055e8 (0x01fef7b3) x15 0x00000000
core   0: 0x800055ec (0x0397b1b3) mulhu   gp, a5, s9
core   0: 3 0x800055ec (0x0397b1b3) x 3 0x00000000
core   0: 0x800055f0 (0x004fbf33) sltu    t5, t6, tp
core   0: 3 0x800055f0 (0x004fbf33) x30 0x00000001
core   0: 0x800055f4 (0xb57e0b93) addi    s7, t3, -1193
core   0: 3 0x800055f4 (0xb57e0b93) x23 0x8927fff3
core   0: 0x800055f8 (0x00de5013) srli    zero, t3, 13
core   0: 3 0x800055f8 (0x00de5013)
core   0: 0x800055fc (0x93a9c6b7) lui     a3, 0x93a9c
core   0: 3 0x800055fc (0x93a9c6b7) x13 0x93a9c000
core   0: 0x80005600 (0x00a47db3) and     s11, s0, a0
core   0: 3 0x80005600 (0x00a47db3) x27 0x00000000
core   0: 0x80005604 (0x00758d33) add     s10, a1, t2
core   0: 3 0x80005604 (0x00758d33) x26 0x00000000
core   0: 0x80005608 (0x58afd537) lui     a0, 0x58afd
core   0: 3 0x80005608 (0x58afd537) x10 0x58afd000
core   0: 0x8000560c (0x40920f33) sub     t5, tp, s1
core   0: 3 0x8000560c (0x40920f33) x30 0xc3ae3001
core   0: 0x80005610 (0x02aceb33) rem     s6, s9, a0
core   0: 3 0x80005610 (0x02aceb33) x22 0xffffffff
core   0: 0x80005614 (0x0262eb33) rem     s6, t0, t1
core   0: 3 0x80005614 (0x0262eb33) x22 0xff969fb5
core   0: 0x80005618 (0x029010b3) mulh    ra, zero, s1
core   0: 3 0x80005618 (0x029010b3) x 1 0x00000000
core   0: 0x8000561c (0x00182a33) slt     s4, a6, ra
core   0: 3 0x8000561c (0x00182a33) x20 0x00000000
core   0: 0x80005620 (0x8033ea37) lui     s4, 0x8033e
core   0: 3 0x80005620 (0x8033ea37) x20 0x8033e000
core   0: 0x80005624 (0x0277cb33) div     s6, a5, t2
core   0: 3 0x80005624 (0x0277cb33) x22 0x00000000
core   0: 0x80005628 (0x02ebbdb3) mulhu   s11, s7, a4
core   0: 3 0x80005628 (0x02ebbdb3) x27 0x88ef8934
core   0: 0x8000562c (0xa3c16413) ori     s0, sp, -1476
core   0: 3 0x8000562c (0xa3c16413) x 8 0xfffffefc
core   0: 0x80005630 (0x0119b7b3) sltu    a5, s3, a7
core   0: 3 0x80005630 (0x0119b7b3) x15 0x00000001
core   0: 0x80005634 (0x35893293) sltiu   t0, s2, 856
core   0: 3 0x80005634 (0x35893293) x 5 0x00000000
core   0: 0x80005638 (0x0379a5b3) mulhsu  a1, s3, s7
core   0: 3 0x80005638 (0x0379a5b3) x11 0x04429149
core   0: 0x8000563c (0x41fc0bb3) sub     s7, s8, t6
core   0: 3 0x8000563c (0x41fc0bb3) x23 0x80018ce4
core   0: 0x80005640 (0x407cda33) sra     s4, s9, t2
core   0: 3 0x80005640 (0x407cda33) x20 0xffffffff
core   0: 0x80005644 (0x03b8c6b3) div     a3, a7, s11
core   0: 3 0x80005644 (0x03b8c6b3) x13 0x00000000
core   0: 0x80005648 (0x404d8513) addi    a0, s11, 1028
core   0: 3 0x80005648 (0x404d8513) x10 0x88ef8d38
core   0: 0x8000564c (0x12f10813) addi    a6, sp, 303
core   0: 3 0x8000564c (0x12f10813) x16 0x80018e13
core   0: 0x80005650 (0x035b75b3) remu    a1, s6, s5
core   0: 3 0x80005650 (0x035b75b3) x11 0x00000000
core   0: 0x80005654 (0x03ad31b3) mulhu   gp, s10, s10
core   0: 3 0x80005654 (0x03ad31b3) x 3 0x00000000
core   0: 0x80005658 (0x0130df33) srl     t5, ra, s3
core   0: 3 0x80005658 (0x0130df33) x30 0x00000000
core   0: 0x8000565c (0x00000013) nop
core   0: 3 0x8000565c (0x00000013)
core   0: 0x80005660 (0x00be6eb3) or      t4, t3, a1
core   0: 3 0x80005660 (0x00be6eb3) x29 0x8928049c
core   0: 0x80005664 (0x88f57713) andi    a4, a0, -1905
core   0: 3 0x80005664 (0x88f57713) x14 0x88ef8808
core   0: 0x80005668 (0x00831e93) slli    t4, t1, 8
core   0: 3 0x80005668 (0x00831e93) x29 0x969fb400
core   0: 0x8000566c (0x01f9abb3) slt     s7, s3, t6
core   0: 3 0x8000566c (0x01f9abb3) x23 0x00000000
core   0: 0x80005670 (0x031d57b3) divu    a5, s10, a7
core   0: 3 0x80005670 (0x031d57b3) x15 0x00000000
core   0: 0x80005674 (0x00000013) nop
core   0: 3 0x80005674 (0x00000013)
core   0: 0x80005678 (0x00aebc33) sltu    s8, t4, a0
core   0: 3 0x80005678 (0x00aebc33) x24 0x00000000
core   0: 0x8000567c (0x02666933) rem     s2, a2, t1
core   0: 3 0x8000567c (0x02666933) x18 0xffbd46a8
core   0: 0x80005680 (0x014221b3) slt     gp, tp, s4
core   0: 3 0x80005680 (0x014221b3) x 3 0x00000000
core   0: 0x80005684 (0x0398b6b3) mulhu   a3, a7, s9
core   0: 3 0x80005684 (0x0398b6b3) x13 0xc7ffffff
core   0: 0x80005688 (0x00463bb3) sltu    s7, a2, tp
core   0: 3 0x80005688 (0x00463bb3) x23 0x00000000
core   0: 0x8000568c (0x41805233) sra     tp, zero, s8
core   0: 3 0x8000568c (0x41805233) x 4 0x00000000
core   0: 0x80005690 (0x03b42bb3) mulhsu  s7, s0, s11
core   0: 3 0x80005690 (0x03b42bb3) x23 0xffffff74
core   0: 0x80005694 (0x025992b3) mulh    t0, s3, t0
core   0: 3 0x80005694 (0x025992b3) x 5 0x00000000
core   0: 0x80005698 (0x01d67533) and     a0, a2, t4
core   0: 3 0x80005698 (0x01d67533) x10 0x9018b000
core   0: 0x8000569c (0x401bd513) srai    a0, s7, 1
core   0: 3 0x8000569c (0x401bd513) x10 0xffffffba
core   0: 0x800056a0 (0x0025d6b3) srl     a3, a1, sp
core   0: 3 0x800056a0 (0x0025d6b3) x13 0x00000000
core   0: 0x800056a4 (0x03628db3) mul     s11, t0, s6
core   0: 3 0x800056a4 (0x03628db3) x27 0x00000000
core   0: 0x800056a8 (0x00deb7b3) sltu    a5, t4, a3
core   0: 3 0x800056a8 (0x00deb7b3) x15 0x00000000
core   0: 0x800056ac (0x02345c33) divu    s8, s0, gp
core   0: 3 0x800056ac (0x02345c33) x24 0xffffffff
core   0: 0x800056b0 (0x0209cbb3) div     s7, s3, zero
core   0: 3 0x800056b0 (0x0209cbb3) x23 0xffffffff
core   0: 0x800056b4 (0x03dc57b3) divu    a5, s8, t4
core   0: 3 0x800056b4 (0x03dc57b3) x15 0x00000001
core   0: 0x800056b8 (0x01a99f13) slli    t5, s3, 26
core   0: 3 0x800056b8 (0x01a99f13) x30 0xec000000
core   0: 0x800056bc (0x031717b3) mulh    a5, a4, a7
core   0: 3 0x800056bc (0x031717b3) x15 0x1a0b9a3e
core   0: 0x800056c0 (0x01d71193) slli    gp, a4, 29
core   0: 3 0x800056c0 (0x01d71193) x 3 0x00000000
core   0: 0x800056c4 (0x001c12b3) sll     t0, s8, ra
core   0: 3 0x800056c4 (0x001c12b3) x 5 0xffffffff
core   0: 0x800056c8 (0x021b0833) mul     a6, s6, ra
core   0: 3 0x800056c8 (0x021b0833) x16 0x00000000
core   0: 0x800056cc (0x01438733) add     a4, t2, s4
core   0: 3 0x800056cc (0x01438733) x14 0xfffffffe
core   0: 0x800056d0 (0x03d6fd33) remu    s10, a3, t4
core   0: 3 0x800056d0 (0x03d6fd33) x26 0x00000000
core   0: 0x800056d4 (0x01011db3) sll     s11, sp, a6
core   0: 3 0x800056d4 (0x01011db3) x27 0x80018ce4
core   0: 0x800056d8 (0x023fc8b3) div     a7, t6, gp
core   0: 3 0x800056d8 (0x023fc8b3) x17 0xffffffff
core   0: 0x800056dc (0x03cc3fb3) mulhu   t6, s8, t3
core   0: 3 0x800056dc (0x03cc3fb3) x31 0x8928049b
core   0: 0x800056e0 (0x55268493) addi    s1, a3, 1362
core   0: 3 0x800056e0 (0x55268493) x 9 0x00000552
core   0: 0x800056e4 (0x011262b3) or      t0, tp, a7
core   0: 3 0x800056e4 (0x011262b3) x 5 0xffffffff
core   0: 0x800056e8 (0x01295f13) srli    t5, s2, 18
core   0: 3 0x800056e8 (0x01295f13) x30 0x00003fef
core   0: 0x800056ec (0x03df1c33) mulh    s8, t5, t4
core   0: 3 0x800056ec (0x03df1c33) x24 0xffffe5ae
core   0: 0x800056f0 (0x02ea5fb3) divu    t6, s4, a4
core   0: 3 0x800056f0 (0x02ea5fb3) x31 0x00000001
core   0: 0x800056f4 (0x038711b3) mulh    gp, a4, s8
core   0: 3 0x800056f4 (0x038711b3) x 3 0x00000000
core   0: 0x800056f8 (0x00000013) nop
core   0: 3 0x800056f8 (0x00000013)
core   0: 0x800056fc (0x00000013) nop
core   0: 3 0x800056fc (0x00000013)
core   0: 0x80005700 (0x68518013) addi    zero, gp, 1669
core   0: 3 0x80005700 (0x68518013)
core   0: 0x80005704 (0x32472193) slti    gp, a4, 804
core   0: 3 0x80005704 (0x32472193) x 3 0x00000001
core   0: 0x80005708 (0x01cdc333) xor     t1, s11, t3
core   0: 3 0x80005708 (0x01cdc333) x 6 0x09298878
core   0: 0x8000570c (0x001f1293) slli    t0, t5, 1
core   0: 3 0x8000570c (0x001f1293) x 5 0x00007fde
core   0: 0x80005710 (0x00afdc13) srli    s8, t6, 10
core   0: 3 0x80005710 (0x00afdc13) x24 0x00000000
core   0: 0x80005714 (0x00481f33) sll     t5, a6, tp
core   0: 3 0x80005714 (0x00481f33) x30 0x00000000
core   0: 0x80005718 (0x41a55513) srai    a0, a0, 26
core   0: 3 0x80005718 (0x41a55513) x10 0xffffffff
core   0: 0x8000571c (0x02368a33) mul     s4, a3, gp
core   0: 3 0x8000571c (0x02368a33) x20 0x00000000
core   0: 0x80005720 (0x4064d333) sra     t1, s1, t1
core   0: 3 0x80005720 (0x4064d333) x 6 0x00000000
core   0: 0x80005724 (0x02322233) mulhsu  tp, tp, gp
core   0: 3 0x80005724 (0x02322233) x 4 0x00000000
core   0: 0x80005728 (0x401382b3) sub     t0, t2, ra
core   0: 3 0x80005728 (0x401382b3) x 5 0xffffffff
core   0: 0x8000572c (0x8e99cd93) xori    s11, s3, -1815
core   0: 3 0x8000572c (0x8e99cd93) x27 0xf80c7e12
core   0: 0x80005730 (0x0059f733) and     a4, s3, t0
core   0: 3 0x80005730 (0x0059f733) x14 0x07f386fb
core   0: 0x80005734 (0x00000013) nop
core   0: 3 0x80005734 (0x00000013)
core   0: 0x80005738 (0x52d5ae13) slti    t3, a1, 1325
core   0: 3 0x80005738 (0x52d5ae13) x28 0x00000001
core   0: 0x8000573c (0x402501b3) sub     gp, a0, sp
core   0: 3 0x8000573c (0x402501b3) x 3 0x7ffe731b
core   0: 0x80005740 (0x02a55bb3) divu    s7, a0, a0
core   0: 3 0x80005740 (0x02a55bb3) x23 0x00000001
core   0: 0x80005744 (0x9a952e93) slti    t4, a0, -1623
core   0: 3 0x80005744 (0x9a952e93) x29 0x00000000
core   0: 0x80005748 (0x006b1293) slli    t0, s6, 6
core   0: 3 0x80005748 (0x006b1293) x 5 0x00000000
core   0: 0x8000574c (0x031032b3) mulhu   t0, zero, a7
core   0: 3 0x8000574c (0x031032b3) x 5 0x00000000
core   0: 0x80005750 (0x03d177b3) remu    a5, sp, t4
core   0: 3 0x80005750 (0x03d177b3) x15 0x80018ce4
core   0: 0x80005754 (0xd76ab513) sltiu   a0, s5, -650
core   0: 3 0x80005754 (0xd76ab513) x10 0x00000001
core   0: 0x80005758 (0x03eeecb3) rem     s9, t4, t5
core   0: 3 0x80005758 (0x03eeecb3) x25 0x00000000
core   0: 0x8000575c (0x0039d193) srli    gp, s3, 3
core   0: 3 0x8000575c (0x0039d193) x 3 0x00fe70df
core   0: 0x80005760 (0x013f8fb3) add     t6, t6, s3
core   0: 3 0x80005760 (0x013f8fb3) x31 0x07f386fc
core   0: 0x80005764 (0x00886d33) or      s10, a6, s0
core   0: 3 0x80005764 (0x00886d33) x26 0xfffffefc
core   0: 0x80005768 (0xf5180813) addi    a6, a6, -175
core   0: 3 0x80005768 (0xf5180813) x16 0xffffff51
core   0: 0x8000576c (0x036df7b3) remu    a5, s11, s6
core   0: 3 0x8000576c (0x036df7b3) x15 0xf80c7e12
core   0: 0x80005770 (0x0243f533) remu    a0, t2, tp
core   0: 3 0x80005770 (0x0243f533) x10 0xffffffff
core   0: 0x80005774 (0x00757233) and     tp, a0, t2
core   0: 3 0x80005774 (0x00757233) x 4 0xffffffff
core   0: 0x80005778 (0x2b61cf13) xori    t5, gp, 694
core   0: 3 0x80005778 (0x2b61cf13) x30 0x00fe7269
core   0: 0x8000577c (0x04433893) sltiu   a7, t1, 68
core   0: 3 0x8000577c (0x04433893) x17 0x00000001
core   0: 0x80005780 (0x039aab33) mulhsu  s6, s5, s9
core   0: 3 0x80005780 (0x039aab33) x22 0x00000000
core   0: 0x80005784 (0x00b38eb3) add     t4, t2, a1
core   0: 3 0x80005784 (0x00b38eb3) x29 0xffffffff
core   0: 0x80005788 (0xacec3017) auipc   zero, 0xacec3
core   0: 3 0x80005788 (0xacec3017)
core   0: 0x8000578c (0x02be2a33) mulhsu  s4, t3, a1
core   0: 3 0x8000578c (0x02be2a33) x20 0x00000000
core   0: 0x80005790 (0xdaa3f217) auipc   tp, 0xdaa3f
core   0: 3 0x80005790 (0xdaa3f217) x 4 0x5aa44790
core   0: 0x80005794 (0x54044713) xori    a4, s0, 1344
core   0: 3 0x80005794 (0x54044713) x14 0xfffffbbc
core   0: 0x80005798 (0x9314bc17) auipc   s8, 0x9314b
core   0: 3 0x80005798 (0x9314bc17) x24 0x13150798
core   0: 0x8000579c (0x0258c8b3) div     a7, a7, t0
core   0: 3 0x8000579c (0x0258c8b3) x17 0xffffffff
core   0: 0x800057a0 (0xdd717413) andi    s0, sp, -553
core   0: 3 0x800057a0 (0xdd717413) x 8 0x80018cc4
core   0: 0x800057a4 (0x02a0a233) mulhsu  tp, ra, a0
core   0: 3 0x800057a4 (0x02a0a233) x 4 0x00000000
core   0: 0x800057a8 (0x014dff33) and     t5, s11, s4
core   0: 3 0x800057a8 (0x014dff33) x30 0x00000000
core   0: 0x800057ac (0x41f90bb3) sub     s7, s2, t6
core   0: 3 0x800057ac (0x41f90bb3) x23 0xf7c9bfac
core   0: 0x800057b0 (0x02de2e33) mulhsu  t3, t3, a3
core   0: 3 0x800057b0 (0x02de2e33) x28 0x00000000
core   0: 0x800057b4 (0x02f067b3) rem     a5, zero, a5
core   0: 3 0x800057b4 (0x02f067b3) x15 0x00000000
core   0: 0x800057b8 (0x0195de13) srli    t3, a1, 25
core   0: 3 0x800057b8 (0x0195de13) x28 0x00000000
core   0: 0x800057bc (0x0013d733) srl     a4, t2, ra
core   0: 3 0x800057bc (0x0013d733) x14 0xffffffff
core   0: 0x800057c0 (0x039d7533) remu    a0, s10, s9
core   0: 3 0x800057c0 (0x039d7533) x10 0xfffffefc
core   0: 0x800057c4 (0x3f826297) auipc   t0, 0x3f826
core   0: 3 0x800057c4 (0x3f826297) x 5 0xbf82b7c4
core   0: 0x800057c8 (0x02d4a033) mulhsu  zero, s1, a3
core   0: 3 0x800057c8 (0x02d4a033)
core   0: 0x800057cc (0x02a19433) mulh    s0, gp, a0
core   0: 3 0x800057cc (0x02a19433) x 8 0xfffffffe
core   0: 0x800057d0 (0x0118da13) srli    s4, a7, 17
core   0: 3 0x800057d0 (0x0118da13) x20 0x00007fff
core   0: 0x800057d4 (0x023351b3) divu    gp, t1, gp
core   0: 3 0x800057d4 (0x023351b3) x 3 0x00000000
core   0: 0x800057d8 (0x02948db3) mul     s11, s1, s1
core   0: 3 0x800057d8 (0x02948db3) x27 0x001c4e44
core   0: 0x800057dc (0x005bbbb3) sltu    s7, s7, t0
core   0: 3 0x800057dc (0x005bbbb3) x23 0x00000000
core   0: 0x800057e0 (0x02092cb3) mulhsu  s9, s2, zero
core   0: 3 0x800057e0 (0x02092cb3) x25 0x00000000
core   0: 0x800057e4 (0x01d49693) slli    a3, s1, 29
core   0: 3 0x800057e4 (0x01d49693) x13 0x40000000
core   0: 0x800057e8 (0x02636233) rem     tp, t1, t1
core   0: 3 0x800057e8 (0x02636233) x 4 0x00000000
core   0: 0x800057ec (0x01a55513) srli    a0, a0, 26
core   0: 3 0x800057ec (0x01a55513) x10 0x0000003f
core   0: 0x800057f0 (0x002aafb3) slt     t6, s5, sp
core   0: 3 0x800057f0 (0x002aafb3) x31 0x00000001
core   0: 0x800057f4 (0x400cd713) srai    a4, s9, 0
core   0: 3 0x800057f4 (0x400cd713) x14 0x00000000
core   0: 0x800057f8 (0x40a4d413) srai    s0, s1, 10
core   0: 3 0x800057f8 (0x40a4d413) x 8 0x00000001
core   0: 0x800057fc (0x4085d733) sra     a4, a1, s0
core   0: 3 0x800057fc (0x4085d733) x14 0x00000000
core   0: 0x80005800 (0x0190d813) srli    a6, ra, 25
core   0: 3 0x80005800 (0x0190d813) x16 0x00000000
core   0: 0x80005804 (0x01de5c13) srli    s8, t3, 29
core   0: 3 0x80005804 (0x01de5c13) x24 0x00000000
core   0: 0x80005808 (0x01ff1413) slli    s0, t5, 31
core   0: 3 0x80005808 (0x01ff1413) x 8 0x00000000
core   0: 0x8000580c (0x01021f33) sll     t5, tp, a6
core   0: 3 0x8000580c (0x01021f33) x30 0x00000000
core   0: 0x80005810 (0x65126413) ori     s0, tp, 1617
core   0: 3 0x80005810 (0x65126413) x 8 0x00000651
core   0: 0x80005814 (0x01229433) sll     s0, t0, s2
core   0: 3 0x80005814 (0x01229433) x 8 0x82b7c400
core   0: 0x80005818 (0xe9b5cd13) xori    s10, a1, -357
core   0: 3 0x80005818 (0xe9b5cd13) x26 0xfffffe9b
core   0: 0x8000581c (0x018bdf33) srl     t5, s7, s8
core   0: 3 0x8000581c (0x018bdf33) x30 0x00000000
core   0: 0x80005820 (0x03535c33) divu    s8, t1, s5
core   0: 3 0x80005820 (0x03535c33) x24 0x00000000
core   0: 0x80005824 (0x4170df93) srai    t6, ra, 23
core   0: 3 0x80005824 (0x4170df93) x31 0x00000000
core   0: 0x80005828 (0x030873b3) remu    t2, a6, a6
core   0: 3 0x80005828 (0x030873b3) x 7 0x00000000
core   0: 0x8000582c (0x02647bb3) remu    s7, s0, t1
core   0: 3 0x8000582c (0x02647bb3) x23 0x82b7c400
core   0: 0x80005830 (0x035d4833) div     a6, s10, s5
core   0: 3 0x80005830 (0x035d4833) x16 0x00000000
core   0: 0x80005834 (0x0387c533) div     a0, a5, s8
core   0: 3 0x80005834 (0x0387c533) x10 0xffffffff
core   0: 0x80005838 (0x4b0b61b7) lui     gp, 0x4b0b6
core   0: 3 0x80005838 (0x4b0b61b7) x 3 0x4b0b6000
core   0: 0x8000583c (0x01e15513) srli    a0, sp, 30
core   0: 3 0x8000583c (0x01e15513) x10 0x00000002
core   0: 0x80005840 (0x0186e1b3) or      gp, a3, s8
core   0: 3 0x80005840 (0x0186e1b3) x 3 0x40000000
core   0: 0x80005844 (0x87e13413) sltiu   s0, sp, -1922
core   0: 3 0x80005844 (0x87e13413) x 8 0x00000001
core   0: 0x80005848 (0xe6687f13) andi    t5, a6, -410
core   0: 3 0x80005848 (0xe6687f13) x30 0x00000000
core   0: 0x8000584c (0xeac9c213) xori    tp, s3, -340
core   0: 3 0x8000584c (0xeac9c213) x 4 0xf80c7857
core   0: 0x80005850 (0x0259a033) mulhsu  zero, s3, t0
core   0: 3 0x80005850 (0x0259a033)
core   0: 0x80005854 (0x41b85e13) srai    t3, a6, 27
core   0: 3 0x80005854 (0x41b85e13) x28 0x00000000
core   0: 0x80005858 (0x01a046b3) xor     a3, zero, s10
core   0: 3 0x80005858 (0x01a046b3) x13 0xfffffe9b
core   0: 0x8000585c (0x02d442b3) div     t0, s0, a3
core   0: 3 0x8000585c (0x02d442b3) x 5 0x00000000
core   0: 0x80005860 (0x40408e33) sub     t3, ra, tp
core   0: 3 0x80005860 (0x40408e33) x28 0x07f387a9
core   0: 0x80005864 (0x546a7a13) andi    s4, s4, 1350
core   0: 3 0x80005864 (0x546a7a13) x20 0x00000546
core   0: 0x80005868 (0x0065deb3) srl     t4, a1, t1
core   0: 3 0x80005868 (0x0065deb3) x29 0x00000000
core   0: 0x8000586c (0x00851893) slli    a7, a0, 8
core   0: 3 0x8000586c (0x00851893) x17 0x00000200
core   0: 0x80005870 (0x407c5d33) sra     s10, s8, t2
core   0: 3 0x80005870 (0x407c5d33) x26 0x00000000
core   0: 0x80005874 (0x41358fb3) sub     t6, a1, s3
core   0: 3 0x80005874 (0x41358fb3) x31 0xf80c7905
core   0: 0x80005878 (0x7d99ef93) ori     t6, s3, 2009
core   0: 3 0x80005878 (0x7d99ef93) x31 0x07f387fb
core   0: 0x8000587c (0x41f4df33) sra     t5, s1, t6
core   0: 3 0x8000587c (0x41f4df33) x30 0x00000000
core   0: 0x80005880 (0x00000013) nop
core   0: 3 0x80005880 (0x00000013)
core   0: 0x80005884 (0x33ad4193) xori    gp, s10, 826
core   0: 3 0x80005884 (0x33ad4193) x 3 0x0000033a
core   0: 0x80005888 (0x14ae0d13) addi    s10, t3, 330
core   0: 3 0x80005888 (0x14ae0d13) x26 0x07f388f3
core   0: 0x8000588c (0x03b87bb3) remu    s7, a6, s11
core   0: 3 0x8000588c (0x03b87bb3) x23 0x00000000
core   0: 0x80005890 (0x00000013) nop
core   0: 3 0x80005890 (0x00000013)
core   0: 0x80005894 (0x4d8bbd13) sltiu   s10, s7, 1240
core   0: 3 0x80005894 (0x4d8bbd13) x26 0x00000001
core   0: 0x80005898 (0x00632e33) slt     t3, t1, t1
core   0: 3 0x80005898 (0x00632e33) x28 0x00000000
core   0: 0x8000589c (0x52f28913) addi    s2, t0, 1327
core   0: 3 0x8000589c (0x52f28913) x18 0x0000052f
core   0: 0x800058a0 (0x03353eb3) mulhu   t4, a0, s3
core   0: 3 0x800058a0 (0x03353eb3) x29 0x00000000
core   0: 0x800058a4 (0x6e304413) xori    s0, zero, 1763
core   0: 3 0x800058a4 (0x6e304413) x 8 0x000006e3
core   0: 0x800058a8 (0x03721433) mulh    s0, tp, s7
core   0: 3 0x800058a8 (0x03721433) x 8 0x00000000
core   0: 0x800058ac (0x02a768b3) rem     a7, a4, a0
core   0: 3 0x800058ac (0x02a768b3) x17 0x00000000
core   0: 0x800058b0 (0x4194ddb3) sra     s11, s1, s9
core   0: 3 0x800058b0 (0x4194ddb3) x27 0x00000552
core   0: 0x800058b4 (0x03c177b3) remu    a5, sp, t3
core   0: 3 0x800058b4 (0x03c177b3) x15 0x80018ce4
core   0: 0x800058b8 (0xe127c913) xori    s2, a5, -494
core   0: 3 0x800058b8 (0xe127c913) x18 0x7ffe72f6
core   0: 0x800058bc (0xd1c7ba13) sltiu   s4, a5, -740
core   0: 3 0x800058bc (0xd1c7ba13) x20 0x00000001
core   0: 0x800058c0 (0x01e151b3) srl     gp, sp, t5
core   0: 3 0x800058c0 (0x01e151b3) x 3 0x80018ce4
core   0: 0x800058c4 (0x4003d433) sra     s0, t2, zero
core   0: 3 0x800058c4 (0x4003d433) x 8 0x00000000
core   0: 0x800058c8 (0x00000013) nop
core   0: 3 0x800058c8 (0x00000013)
core   0: 0x800058cc (0x0368f9b3) remu    s3, a7, s6
core   0: 3 0x800058cc (0x0368f9b3) x19 0x00000000
core   0: 0x800058d0 (0x4120d393) srai    t2, ra, 18
core   0: 3 0x800058d0 (0x4120d393) x 7 0x00000000
core   0: 0x800058d4 (0x029956b3) divu    a3, s2, s1
core   0: 3 0x800058d4 (0x029956b3) x13 0x00180ebe
core   0: 0x800058d8 (0x050f7093) andi    ra, t5, 80
core   0: 3 0x800058d8 (0x050f7093) x 1 0x00000000
core   0: 0x800058dc (0xd6339097) auipc   ra, 0xd6339
core   0: 3 0x800058dc (0xd6339097) x 1 0x5633e8dc
core   0: 0x800058e0 (0x53fc4993) xori    s3, s8, 1343
core   0: 3 0x800058e0 (0x53fc4993) x19 0x0000053f
core   0: 0x800058e4 (0x409e50b3) sra     ra, t3, s1
core   0: 3 0x800058e4 (0x409e50b3) x 1 0x00000000
core   0: 0x800058e8 (0x036e2a33) mulhsu  s4, t3, s6
core   0: 3 0x800058e8 (0x036e2a33) x20 0x00000000
core   0: 0x800058ec (0x014278b3) and     a7, tp, s4
core   0: 3 0x800058ec (0x014278b3) x17 0x00000000
core   0: 0x800058f0 (0x03d92fb3) mulhsu  t6, s2, t4
core   0: 3 0x800058f0 (0x03d92fb3) x31 0x00000000
core   0: 0x800058f4 (0x035eeeb3) rem     t4, t4, s5
core   0: 3 0x800058f4 (0x035eeeb3) x29 0x00000000
core   0: 0x800058f8 (0x57d1f813) andi    a6, gp, 1405
core   0: 3 0x800058f8 (0x57d1f813) x16 0x00000464
core   0: 0x800058fc (0x034503b3) mul     t2, a0, s4
core   0: 3 0x800058fc (0x034503b3) x 7 0x00000000
core   0: 0x80005900 (0x0314c933) div     s2, s1, a7
core   0: 3 0x80005900 (0x0314c933) x18 0xffffffff
core   0: 0x80005904 (0xe9676337) lui     t1, 0xe9676
core   0: 3 0x80005904 (0xe9676337) x 6 0xe9676000
core   0: 0x80005908 (0x03ca1933) mulh    s2, s4, t3
core   0: 3 0x80005908 (0x03ca1933) x18 0x00000000
core   0: 0x8000590c (0x02f59733) mulh    a4, a1, a5
core   0: 3 0x8000590c (0x02f59733) x14 0x00000000
core   0: 0x80005910 (0x000bd293) srli    t0, s7, 0
core   0: 3 0x80005910 (0x000bd293) x 5 0x00000000
core   0: 0x80005914 (0x027c6bb3) rem     s7, s8, t2
core   0: 3 0x80005914 (0x027c6bb3) x23 0x00000000
core   0: 0x80005918 (0x079da7b7) lui     a5, 0x79da
core   0: 3 0x80005918 (0x079da7b7) x15 0x079da000
core   0: 0x8000591c (0x018a9733) sll     a4, s5, s8
core   0: 3 0x8000591c (0x018a9733) x14 0x80014e64
core   0: 0x80005920 (0x0265a3b3) mulhsu  t2, a1, t1
core   0: 3 0x80005920 (0x0265a3b3) x 7 0x00000000
core   0: 0x80005924 (0x006dfbb3) and     s7, s11, t1
core   0: 3 0x80005924 (0x006dfbb3) x23 0x00000000
core   0: 0x80005928 (0x032efdb3) remu    s11, t4, s2
core   0: 3 0x80005928 (0x032efdb3) x27 0x00000000
core   0: 0x8000592c (0xa79e4493) xori    s1, t3, -1415
core   0: 3 0x8000592c (0xa79e4493) x 9 0xfffffa79
core   0: 0x80005930 (0x00000013) nop
core   0: 3 0x80005930 (0x00000013)
core   0: 0x80005934 (0x02fac3b3) div     t2, s5, a5
core   0: 3 0x80005934 (0x02fac3b3) x 7 0xfffffff0
core   0: 0x80005938 (0x010bd893) srli    a7, s7, 16
core   0: 3 0x80005938 (0x010bd893) x17 0x00000000
core   0: 0x8000593c (0x0321f4b3) remu    s1, gp, s2
core   0: 3 0x8000593c (0x0321f4b3) x 9 0x80018ce4
core   0: 0x80005940 (0x00b85c93) srli    s9, a6, 11
core   0: 3 0x80005940 (0x00b85c93) x25 0x00000000
core   0: 0x80005944 (0x40ec83b3) sub     t2, s9, a4
core   0: 3 0x80005944 (0x40ec83b3) x 7 0x7ffeb19c
core   0: 0x80005948 (0x41e75533) sra     a0, a4, t5
core   0: 3 0x80005948 (0x41e75533) x10 0x80014e64
core   0: 0x8000594c (0x0b9b7513) andi    a0, s6, 185
core   0: 3 0x8000594c (0x0b9b7513) x10 0x00000000
core   0: 0x80005950 (0xd8717093) andi    ra, sp, -633
core   0: 3 0x80005950 (0xd8717093) x 1 0x80018c84
core   0: 0x80005954 (0x01a76433) or      s0, a4, s10
core   0: 3 0x80005954 (0x01a76433) x 8 0x80014e65
core   0: 0x80005958 (0x829fc493) xori    s1, t6, -2007
core   0: 3 0x80005958 (0x829fc493) x 9 0xfffff829
core   0: 0x8000595c (0x038ecf33) div     t5, t4, s8
core   0: 3 0x8000595c (0x038ecf33) x30 0xffffffff
core   0: 0x80005960 (0x0290a1b3) mulhsu  gp, ra, s1
core   0: 3 0x80005960 (0x0290a1b3) x 3 0x8001906f
core   0: 0x80005964 (0x40445b33) sra     s6, s0, tp
core   0: 3 0x80005964 (0x40445b33) x22 0xffffff00
core   0: 0x80005968 (0x3613c793) xori    a5, t2, 865
core   0: 3 0x80005968 (0x3613c793) x15 0x7ffeb2fd
core   0: 0x8000596c (0x03f27db3) remu    s11, tp, t6
core   0: 3 0x8000596c (0x03f27db3) x27 0xf80c7857
core   0: 0x80005970 (0x40ff5693) srai    a3, t5, 15
core   0: 3 0x80005970 (0x40ff5693) x13 0xffffffff
core   0: 0x80005974 (0x003f54b3) srl     s1, t5, gp
core   0: 3 0x80005974 (0x003f54b3) x 9 0x0001ffff
core   0: 0x80005978 (0xe54ae793) ori     a5, s5, -428
core   0: 3 0x80005978 (0xe54ae793) x15 0xfffffe74
core   0: 0x8000597c (0x026a53b3) divu    t2, s4, t1
core   0: 3 0x8000597c (0x026a53b3) x 7 0x00000000
core   0: 0x80005980 (0x1d210697) auipc   a3, 0x1d210
core   0: 3 0x80005980 (0x1d210697) x13 0x9d215980
core   0: 0x80005984 (0x0273b2b3) mulhu   t0, t2, t2
core   0: 3 0x80005984 (0x0273b2b3) x 5 0x00000000
core   0: 0x80005988 (0x01a646b3) xor     a3, a2, s10
core   0: 3 0x80005988 (0x01a646b3) x13 0xf018fb61
core   0: 0x8000598c (0x039fb4b3) mulhu   s1, t6, s9
core   0: 3 0x8000598c (0x039fb4b3) x 9 0x00000000
core   0: 0x80005990 (0x01ea9513) slli    a0, s5, 30
core   0: 3 0x80005990 (0x01ea9513) x10 0x00000000
core   0: 0x80005994 (0x01c4b433) sltu    s0, s1, t3
core   0: 3 0x80005994 (0x01c4b433) x 8 0x00000000
core   0: 0x80005998 (0x400c5d33) sra     s10, s8, zero
core   0: 3 0x80005998 (0x400c5d33) x26 0x00000000
core   0: 0x8000599c (0x406288b3) sub     a7, t0, t1
core   0: 3 0x8000599c (0x406288b3) x17 0x1698a000
core   0: 0x800059a0 (0x021dd433) divu    s0, s11, ra
core   0: 3 0x800059a0 (0x021dd433) x 8 0x00000001
core   0: 0x800059a4 (0x02f5e233) rem     tp, a1, a5
core   0: 3 0x800059a4 (0x02f5e233) x 4 0x00000000
core   0: 0x800059a8 (0x00e6a733) slt     a4, a3, a4
core   0: 3 0x800059a8 (0x00e6a733) x14 0x00000000
core   0: 0x800059ac (0x03e00033) mul     zero, zero, t5
core   0: 3 0x800059ac (0x03e00033)
core   0: 0x800059b0 (0x01126733) or      a4, tp, a7
core   0: 3 0x800059b0 (0x01126733) x14 0x1698a000
core   0: 0x800059b4 (0x0263b8b3) mulhu   a7, t2, t1
core   0: 3 0x800059b4 (0x0263b8b3) x17 0x00000000
core   0: 0x800059b8 (0x001e3b33) sltu    s6, t3, ra
core   0: 3 0x800059b8 (0x001e3b33) x22 0x00000001
core   0: 0x800059bc (0x40ced013) srai    zero, t4, 12
core   0: 3 0x800059bc (0x40ced013)
core   0: 0x800059c0 (0x03edbf33) mulhu   t5, s11, t5
core   0: 3 0x800059c0 (0x03edbf33) x30 0xf80c7856
core   0: 0x800059c4 (0x13732b93) slti    s7, t1, 311
core   0: 3 0x800059c4 (0x13732b93) x23 0x00000001
core   0: 0x800059c8 (0x033889b3) mul     s3, a7, s3
core   0: 3 0x800059c8 (0x033889b3) x19 0x00000000
core   0: 0x800059cc (0x02a827b3) mulhsu  a5, a6, a0
core   0: 3 0x800059cc (0x02a827b3) x15 0x00000000
core   0: 0x800059d0 (0x00cf1093) slli    ra, t5, 12
core   0: 3 0x800059d0 (0x00cf1093) x 1 0xc7856000
core   0: 0x800059d4 (0x016ed913) srli    s2, t4, 22
core   0: 3 0x800059d4 (0x016ed913) x18 0x00000000
core   0: 0x800059d8 (0x03465e33) divu    t3, a2, s4
core   0: 3 0x800059d8 (0x03465e33) x28 0xffffffff
core   0: 0x800059dc (0x00721c93) slli    s9, tp, 7
core   0: 3 0x800059dc (0x00721c93) x25 0x00000000
core   0: 0x800059e0 (0x018d53b3) srl     t2, s10, s8
core   0: 3 0x800059e0 (0x018d53b3) x 7 0x00000000
core   0: 0x800059e4 (0x24dd6b97) auipc   s7, 0x24dd6
core   0: 3 0x800059e4 (0x24dd6b97) x23 0xa4ddb9e4
core   0: 0x800059e8 (0x40c90433) sub     s0, s2, a2
core   0: 3 0x800059e8 (0x40c90433) x 8 0x0fe704a0
core   0: 0x800059ec (0x92b24293) xori    t0, tp, -1749
core   0: 3 0x800059ec (0x92b24293) x 5 0xfffff92b
core   0: 0x800059f0 (0x03cb3833) mulhu   a6, s6, t3
core   0: 3 0x800059f0 (0x03cb3833) x16 0x00000000
core   0: 0x800059f4 (0x02667533) remu    a0, a2, t1
core   0: 3 0x800059f4 (0x02667533) x10 0x06b19b60
core   0: 0x800059f8 (0x037674b3) remu    s1, a2, s7
core   0: 3 0x800059f8 (0x037674b3) x 9 0x4b3b417c
core   0: 0x800059fc (0x8ded7a37) lui     s4, 0x8ded7
core   0: 3 0x800059fc (0x8ded7a37) x20 0x8ded7000
core   0: 0x80005a00 (0x0169f7b3) and     a5, s3, s6
core   0: 3 0x80005a00 (0x0169f7b3) x15 0x00000000
core   0: 0x80005a04 (0x00625e93) srli    t4, tp, 6
core   0: 3 0x80005a04 (0x00625e93) x29 0x00000000
core   0: 0x80005a08 (0x02abd833) divu    a6, s7, a0
core   0: 3 0x80005a08 (0x02abd833) x16 0x00000018
core   0: 0x80005a0c (0x02636b33) rem     s6, t1, t1
core   0: 3 0x80005a0c (0x02636b33) x22 0x00000000
core   0: 0x80005a10 (0x03f11bb3) mulh    s7, sp, t6
core   0: 3 0x80005a10 (0x03f11bb3) x23 0x00000000
core   0: 0x80005a14 (0x47f3c893) xori    a7, t2, 1151
core   0: 3 0x80005a14 (0x47f3c893) x17 0x0000047f
core   0: 0x80005a18 (0x0319a5b3) mulhsu  a1, s3, a7
core   0: 3 0x80005a18 (0x0319a5b3) x11 0x00000000
core   0: 0x80005a1c (0x000541b3) xor     gp, a0, zero
core   0: 3 0x80005a1c (0x000541b3) x 3 0x06b19b60
core   0: 0x80005a20 (0x0147f933) and     s2, a5, s4
core   0: 3 0x80005a20 (0x0147f933) x18 0x00000000
core   0: 0x80005a24 (0x02eb4c33) div     s8, s6, a4
core   0: 3 0x80005a24 (0x02eb4c33) x24 0x00000000
core   0: 0x80005a28 (0x0140b233) sltu    tp, ra, s4
core   0: 3 0x80005a28 (0x0140b233) x 4 0x00000000
core   0: 0x80005a2c (0x051e7493) andi    s1, t3, 81
core   0: 3 0x80005a2c (0x051e7493) x 9 0x00000051
core   0: 0x80005a30 (0x36f60993) addi    s3, a2, 879
core   0: 3 0x80005a30 (0x36f60993) x19 0xf018fecf
core   0: 0x80005a34 (0x41165f93) srai    t6, a2, 17
core   0: 3 0x80005a34 (0x41165f93) x31 0xfffff80c
core   0: 0x80005a38 (0x41d85693) srai    a3, a6, 29
core   0: 3 0x80005a38 (0x41d85693) x13 0x00000000
core   0: 0x80005a3c (0x0385b7b3) mulhu   a5, a1, s8
core   0: 3 0x80005a3c (0x0385b7b3) x15 0x00000000
core   0: 0x80005a40 (0x01fa3d33) sltu    s10, s4, t6
core   0: 3 0x80005a40 (0x01fa3d33) x26 0x00000001
core   0: 0x80005a44 (0x01f574b3) and     s1, a0, t6
core   0: 3 0x80005a44 (0x01f574b3) x 9 0x06b19800
core   0: 0x80005a48 (0xddd38d37) lui     s10, 0xddd38
core   0: 3 0x80005a48 (0xddd38d37) x26 0xddd38000
core   0: 0x80005a4c (0x017ef733) and     a4, t4, s7
core   0: 3 0x80005a4c (0x017ef733) x14 0x00000000
core   0: 0x80005a50 (0x6366f213) andi    tp, a3, 1590
core   0: 3 0x80005a50 (0x6366f213) x 4 0x00000000
core   0: 0x80005a54 (0x0069f4b3) and     s1, s3, t1
core   0: 3 0x80005a54 (0x0069f4b3) x 9 0xe0006000
core   0: 0x80005a58 (0x408cd393) srai    t2, s9, 8
core   0: 3 0x80005a58 (0x408cd393) x 7 0x00000000
core   0: 0x80005a5c (0x02d748b3) div     a7, a4, a3
core   0: 3 0x80005a5c (0x02d748b3) x17 0xffffffff
core   0: 0x80005a60 (0x01d09cb3) sll     s9, ra, t4
core   0: 3 0x80005a60 (0x01d09cb3) x25 0xc7856000
core   0: 0x80005a64 (0x23238813) addi    a6, t2, 562
core   0: 3 0x80005a64 (0x23238813) x16 0x00000232
core   0: 0x80005a68 (0x017d56b3) srl     a3, s10, s7
core   0: 3 0x80005a68 (0x017d56b3) x13 0xddd38000
core   0: 0x80005a6c (0x00f3c433) xor     s0, t2, a5
core   0: 3 0x80005a6c (0x00f3c433) x 8 0x00000000
core   0: 0x80005a70 (0x03b95fb3) divu    t6, s2, s11
core   0: 3 0x80005a70 (0x03b95fb3) x31 0x00000000
core   0: 0x80005a74 (0x01815213) srli    tp, sp, 24
core   0: 3 0x80005a74 (0x01815213) x 4 0x00000080
core   0: 0x80005a78 (0x026ff1b3) remu    gp, t6, t1
core   0: 3 0x80005a78 (0x026ff1b3) x 3 0x00000000
core   0: 0x80005a7c (0x039cc213) xori    tp, s9, 57
core   0: 3 0x80005a7c (0x039cc213) x 4 0xc7856039
core   0: 0x80005a80 (0xc899a493) slti    s1, s3, -887
core   0: 3 0x80005a80 (0xc899a493) x 9 0x00000001
core   0: 0x80005a84 (0x02d055b3) divu    a1, zero, a3
core   0: 3 0x80005a84 (0x02d055b3) x11 0x00000000
core   0: 0x80005a88 (0x01fb3233) sltu    tp, s6, t6
core   0: 3 0x80005a88 (0x01fb3233) x 4 0x00000000
core   0: 0x80005a8c (0x40f00b33) sub     s6, zero, a5
core   0: 3 0x80005a8c (0x40f00b33) x22 0x00000000
core   0: 0x80005a90 (0x2a36a093) slti    ra, a3, 675
core   0: 3 0x80005a90 (0x2a36a093) x 1 0x00000001
core   0: 0x80005a94 (0x403c5513) srai    a0, s8, 3
core   0: 3 0x80005a94 (0x403c5513) x10 0x00000000
core   0: 0x80005a98 (0x70bb3c93) sltiu   s9, s6, 1803
core   0: 3 0x80005a98 (0x70bb3c93) x25 0x00000001
core   0: 0x80005a9c (0x974af213) andi    tp, s5, -1676
core   0: 3 0x80005a9c (0x974af213) x 4 0x80014864
core   0: 0x80005aa0 (0x009cf9b3) and     s3, s9, s1
core   0: 3 0x80005aa0 (0x009cf9b3) x19 0x00000001
core   0: 0x80005aa4 (0x036e9033) mulh    zero, t4, s6
core   0: 3 0x80005aa4 (0x036e9033)
core   0: 0x80005aa8 (0x02db23b3) mulhsu  t2, s6, a3
core   0: 3 0x80005aa8 (0x02db23b3) x 7 0x00000000
core   0: 0x80005aac (0x03a49d33) mulh    s10, s1, s10
core   0: 3 0x80005aac (0x03a49d33) x26 0xffffffff
core   0: 0x80005ab0 (0x00000013) nop
core   0: 3 0x80005ab0 (0x00000013)
core   0: 0x80005ab4 (0x02b8e8b3) rem     a7, a7, a1
core   0: 3 0x80005ab4 (0x02b8e8b3) x17 0xffffffff
core   0: 0x80005ab8 (0x04bcca13) xori    s4, s9, 75
core   0: 3 0x80005ab8 (0x04bcca13) x20 0x0000004a
core   0: 0x80005abc (0x03646a33) rem     s4, s0, s6
core   0: 3 0x80005abc (0x03646a33) x20 0x00000000
core   0: 0x80005ac0 (0x41d8d033) sra     zero, a7, t4
core   0: 3 0x80005ac0 (0x41d8d033)
core   0: 0x80005ac4 (0x7746f693) andi    a3, a3, 1908
core   0: 3 0x80005ac4 (0x7746f693) x13 0x00000000
core   0: 0x80005ac8 (0x00bb3233) sltu    tp, s6, a1
core   0: 3 0x80005ac8 (0x00bb3233) x 4 0x00000000
core   0: 0x80005acc (0x00000013) nop
core   0: 3 0x80005acc (0x00000013)
core   0: 0x80005ad0 (0x03463bb3) mulhu   s7, a2, s4
core   0: 3 0x80005ad0 (0x03463bb3) x23 0x00000000
core   0: 0x80005ad4 (0x02cb5933) divu    s2, s6, a2
core   0: 3 0x80005ad4 (0x02cb5933) x18 0x00000000
core   0: 0x80005ad8 (0x001670b3) and     ra, a2, ra
core   0: 3 0x80005ad8 (0x001670b3) x 1 0x00000000
core   0: 0x80005adc (0x00dc1b93) slli    s7, s8, 13
core   0: 3 0x80005adc (0x00dc1b93) x23 0x00000000
core   0: 0x80005ae0 (0x006bcf33) xor     t5, s7, t1
core   0: 3 0x80005ae0 (0x006bcf33) x30 0xe9676000
core   0: 0x80005ae4 (0x033d1f33) mulh    t5, s10, s3
core   0: 3 0x80005ae4 (0x033d1f33) x30 0xffffffff
core   0: 0x80005ae8 (0x01dae2b3) or      t0, s5, t4
core   0: 3 0x80005ae8 (0x01dae2b3) x 5 0x80014e64
core   0: 0x80005aec (0x456cc813) xori    a6, s9, 1110
core   0: 3 0x80005aec (0x456cc813) x16 0x00000457
core   0: 0x80005af0 (0x00890033) add     zero, s2, s0
core   0: 3 0x80005af0 (0x00890033)
core   0: 0x80005af4 (0x039e1933) mulh    s2, t3, s9
core   0: 3 0x80005af4 (0x039e1933) x18 0xffffffff
core   0: 0x80005af8 (0x0197dcb3) srl     s9, a5, s9
core   0: 3 0x80005af8 (0x0197dcb3) x25 0x00000000
core   0: 0x80005afc (0x41465bb3) sra     s7, a2, s4
core   0: 3 0x80005afc (0x41465bb3) x23 0xf018fb60
core   0: 0x80005b00 (0x0326b1b3) mulhu   gp, a3, s2
core   0: 3 0x80005b00 (0x0326b1b3) x 3 0x00000000
core   0: 0x80005b04 (0x6392b397) auipc   t2, 0x6392b
core   0: 3 0x80005b04 (0x6392b397) x 7 0xe3930b04
core   0: 0x80005b08 (0xc2ab7f37) lui     t5, 0xc2ab7
core   0: 3 0x80005b08 (0xc2ab7f37) x30 0xc2ab7000
core   0: 0x80005b0c (0x414ddd33) sra     s10, s11, s4
core   0: 3 0x80005b0c (0x414ddd33) x26 0xf80c7857
core   0: 0x80005b10 (0x026c45b3) div     a1, s8, t1
core   0: 3 0x80005b10 (0x026c45b3) x11 0x00000000
core   0: 0x80005b14 (0x00863eb3) sltu    t4, a2, s0
core   0: 3 0x80005b14 (0x00863eb3) x29 0x00000000
core   0: 0x80005b18 (0x412658b3) sra     a7, a2, s2
core   0: 3 0x80005b18 (0x412658b3) x17 0xffffffff
core   0: 0x80005b1c (0xd0d52737) lui     a4, 0xd0d52
core   0: 3 0x80005b1c (0xd0d52737) x14 0xd0d52000
core   0: 0x80005b20 (0x183a8c97) auipc   s9, 0x183a8
core   0: 3 0x80005b20 (0x183a8c97) x25 0x983adb20
core   0: 0x80005b24 (0x003236b3) sltu    a3, tp, gp
core   0: 3 0x80005b24 (0x003236b3) x13 0x00000000
core   0: 0x80005b28 (0x024a9233) mulh    tp, s5, tp
core   0: 3 0x80005b28 (0x024a9233) x 4 0x00000000
core   0: 0x80005b2c (0x01325eb3) srl     t4, tp, s3
core   0: 3 0x80005b2c (0x01325eb3) x29 0x00000000
core   0: 0x80005b30 (0x91beb413) sltiu   s0, t4, -1765
core   0: 3 0x80005b30 (0x91beb413) x 8 0x00000001
core   0: 0x80005b34 (0x402de093) ori     ra, s11, 1026
core   0: 3 0x80005b34 (0x402de093) x 1 0xf80c7c57
core   0: 0x80005b38 (0x01b93533) sltu    a0, s2, s11
core   0: 3 0x80005b38 (0x01b93533) x10 0x00000000
core   0: 0x80005b3c (0x031fd533) divu    a0, t6, a7
core   0: 3 0x80005b3c (0x031fd533) x10 0x00000000
core   0: 0x80005b40 (0x002634b3) sltu    s1, a2, sp
core   0: 3 0x80005b40 (0x002634b3) x 9 0x00000000
core   0: 0x80005b44 (0x0029bd33) sltu    s10, s3, sp
core   0: 3 0x80005b44 (0x0029bd33) x26 0x00000001
core   0: 0x80005b48 (0xc1beba37) lui     s4, 0xc1beb
core   0: 3 0x80005b48 (0xc1beba37) x20 0xc1beb000
core   0: 0x80005b4c (0x010a5513) srli    a0, s4, 16
core   0: 3 0x80005b4c (0x010a5513) x10 0x0000c1be
core   0: 0x80005b50 (0x4167da13) srai    s4, a5, 22
core   0: 3 0x80005b50 (0x4167da13) x20 0x00000000
core   0: 0x80005b54 (0x032f51b3) divu    gp, t5, s2
core   0: 3 0x80005b54 (0x032f51b3) x 3 0x00000000
core   0: 0x80005b58 (0x1e816013) ori     zero, sp, 488
core   0: 3 0x80005b58 (0x1e816013)
core   0: 0x80005b5c (0x029bf3b3) remu    t2, s7, s1
core   0: 3 0x80005b5c (0x029bf3b3) x 7 0xf018fb60
core   0: 0x80005b60 (0x00600eb3) add     t4, zero, t1
core   0: 3 0x80005b60 (0x00600eb3) x29 0xe9676000
core   0: 0x80005b64 (0x011ff2b3) and     t0, t6, a7
core   0: 3 0x80005b64 (0x011ff2b3) x 5 0x00000000
core   0: 0x80005b68 (0x72533893) sltiu   a7, t1, 1829
core   0: 3 0x80005b68 (0x72533893) x17 0x00000000
core   0: 0x80005b6c (0x00ed1b33) sll     s6, s10, a4
core   0: 3 0x80005b6c (0x00ed1b33) x22 0x00000001
core   0: 0x80005b70 (0x00542933) slt     s2, s0, t0
core   0: 3 0x80005b70 (0x00542933) x18 0x00000000
core   0: 0x80005b74 (0xedb98b13) addi    s6, s3, -293
core   0: 3 0x80005b74 (0xedb98b13) x22 0xfffffedc
core   0: 0x80005b78 (0x41c35eb3) sra     t4, t1, t3
core   0: 3 0x80005b78 (0x41c35eb3) x29 0xffffffff
core   0: 0x80005b7c (0x00bf27b3) slt     a5, t5, a1
core   0: 3 0x80005b7c (0x00bf27b3) x15 0x00000001
core   0: 0x80005b80 (0x40a1d933) sra     s2, gp, a0
core   0: 3 0x80005b80 (0x40a1d933) x18 0x00000000
core   0: 0x80005b84 (0x00000013) nop
core   0: 3 0x80005b84 (0x00000013)
core   0: 0x80005b88 (0x7bcf8993) addi    s3, t6, 1980
core   0: 3 0x80005b88 (0x7bcf8993) x19 0x000007bc
core   0: 0x80005b8c (0x1466f893) andi    a7, a3, 326
core   0: 3 0x80005b8c (0x1466f893) x17 0x00000000
core   0: 0x80005b90 (0x01691e33) sll     t3, s2, s6
core   0: 3 0x80005b90 (0x01691e33) x28 0x00000000
core   0: 0x80005b94 (0x00a7f933) and     s2, a5, a0
core   0: 3 0x80005b94 (0x00a7f933) x18 0x00000000
core   0: 0x80005b98 (0x03b316b3) mulh    a3, t1, s11
core   0: 3 0x80005b98 (0x03b316b3) x13 0x00b3ab39
core   0: 0x80005b9c (0x0197b6b3) sltu    a3, a5, s9
core   0: 3 0x80005b9c (0x0197b6b3) x13 0x00000001
core   0: 0x80005ba0 (0x00194333) xor     t1, s2, ra
core   0: 3 0x80005ba0 (0x00194333) x 6 0xf80c7c57
core   0: 0x80005ba4 (0x0264fcb3) remu    s9, s1, t1
core   0: 3 0x80005ba4 (0x0264fcb3) x25 0x00000000
core   0: 0x80005ba8 (0x01ea9eb3) sll     t4, s5, t5
core   0: 3 0x80005ba8 (0x01ea9eb3) x29 0x80014e64
core   0: 0x80005bac (0x00e9a933) slt     s2, s3, a4
core   0: 3 0x80005bac (0x00e9a933) x18 0x00000000
core   0: 0x80005bb0 (0x018942b3) xor     t0, s2, s8
core   0: 3 0x80005bb0 (0x018942b3) x 5 0x00000000
core   0: 0x80005bb4 (0x02ed42b3) div     t0, s10, a4
core   0: 3 0x80005bb4 (0x02ed42b3) x 5 0x00000000
core   0: 0x80005bb8 (0x70028393) addi    t2, t0, 1792
core   0: 3 0x80005bb8 (0x70028393) x 7 0x00000700
core   0: 0x80005bbc (0x01e159b3) srl     s3, sp, t5
core   0: 3 0x80005bbc (0x01e159b3) x19 0x80018ce4
core   0: 0x80005bc0 (0xab403a13) sltiu   s4, zero, -1356
core   0: 3 0x80005bc0 (0xab403a13) x20 0x00000001
core   0: 0x80005bc4 (0x01dd18b3) sll     a7, s10, t4
core   0: 3 0x80005bc4 (0x01dd18b3) x17 0x00000010
core   0: 0x80005bc8 (0x410d5293) srai    t0, s10, 16
core   0: 3 0x80005bc8 (0x410d5293) x 5 0x00000000
core   0: 0x80005bcc (0x01e76eb3) or      t4, a4, t5
core   0: 3 0x80005bcc (0x01e76eb3) x29 0xd2ff7000
core   0: 0x80005bd0 (0xcf4f9897) auipc   a7, 0xcf4f9
core   0: 3 0x80005bd0 (0xcf4f9897) x17 0x4f4febd0
core   0: 0x80005bd4 (0x035b85b3) mul     a1, s7, s5
core   0: 3 0x80005bd4 (0x035b85b3) x11 0x61b97180
core   0: 0x80005bd8 (0x03d8c2b3) div     t0, a7, t4
core   0: 3 0x80005bd8 (0x03d8c2b3) x 5 0xffffffff
core   0: 0x80005bdc (0x0167c833) xor     a6, a5, s6
core   0: 3 0x80005bdc (0x0167c833) x16 0xfffffedd
core   0: 0x80005be0 (0x02ec7333) remu    t1, s8, a4
core   0: 3 0x80005be0 (0x02ec7333) x 6 0x00000000
core   0: 0x80005be4 (0x897c3013) sltiu   zero, s8, -1897
core   0: 3 0x80005be4 (0x897c3013)
core   0: 0x80005be8 (0x00305c13) srli    s8, zero, 3
core   0: 3 0x80005be8 (0x00305c13) x24 0x00000000
core   0: 0x80005bec (0x03908033) mul     zero, ra, s9
core   0: 3 0x80005bec (0x03908033)
core   0: 0x80005bf0 (0x0849b8b7) lui     a7, 0x849b
core   0: 3 0x80005bf0 (0x0849b8b7) x17 0x0849b000
core   0: 0x80005bf4 (0x019a4233) xor     tp, s4, s9
core   0: 3 0x80005bf4 (0x019a4233) x 4 0x00000001
core   0: 0x80005bf8 (0x03eeb3b3) mulhu   t2, t4, t5
core   0: 3 0x80005bf8 (0x03eeb3b3) x 7 0xa072dfcf
core   0: 0x80005bfc (0x52910813) addi    a6, sp, 1321
core   0: 3 0x80005bfc (0x52910813) x16 0x8001920d
core   0: 0x80005c00 (0x00ece9b3) or      s3, s9, a4
core   0: 3 0x80005c00 (0x00ece9b3) x19 0xd0d52000
core   0: 0x80005c04 (0x01281713) slli    a4, a6, 18
core   0: 3 0x80005c04 (0x01281713) x14 0x48340000
core   0: 0x80005c08 (0x00db83b3) add     t2, s7, a3
core   0: 3 0x80005c08 (0x00db83b3) x 7 0xf018fb61
core   0: 0x80005c0c (0x0184e0b3) or      ra, s1, s8
core   0: 3 0x80005c0c (0x0184e0b3) x 1 0x00000000
core   0: 0x80005c10 (0x59ae3013) sltiu   zero, t3, 1434
core   0: 3 0x80005c10 (0x59ae3013)
core   0: 0x80005c14 (0xa752ab13) slti    s6, t0, -1419
core   0: 3 0x80005c14 (0xa752ab13) x22 0x00000000
core   0: 0x80005c18 (0x0382d0b3) divu    ra, t0, s8
core   0: 3 0x80005c18 (0x0382d0b3) x 1 0xffffffff
core   0: 0x80005c1c (0x919f6393) ori     t2, t5, -1767
core   0: 3 0x80005c1c (0x919f6393) x 7 0xfffff919
core   0: 0x80005c20 (0x006dcf33) xor     t5, s11, t1
core   0: 3 0x80005c20 (0x006dcf33) x30 0xf80c7857
core   0: 0x80005c24 (0x01b34533) xor     a0, t1, s11
core   0: 3 0x80005c24 (0x01b34533) x10 0xf80c7857
core   0: 0x80005c28 (0xb64bbc13) sltiu   s8, s7, -1180
core   0: 3 0x80005c28 (0xb64bbc13) x24 0x00000001
core   0: 0x80005c2c (0x01565293) srli    t0, a2, 21
core   0: 3 0x80005c2c (0x01565293) x 5 0x00000780
core   0: 0x80005c30 (0xf5b24713) xori    a4, tp, -165
core   0: 3 0x80005c30 (0xf5b24713) x14 0xffffff5a
core   0: 0x80005c34 (0x2072ff93) andi    t6, t0, 519
core   0: 3 0x80005c34 (0x2072ff93) x31 0x00000200
core   0: 0x80005c38 (0xdc423013) sltiu   zero, tp, -572
core   0: 3 0x80005c38 (0xdc423013)
core   0: 0x80005c3c (0x01ba06b3) add     a3, s4, s11
core   0: 3 0x80005c3c (0x01ba06b3) x13 0xf80c7858
core   0: 0x80005c40 (0xebc9f393) andi    t2, s3, -324
core   0: 3 0x80005c40 (0xebc9f393) x 7 0xd0d52000
core   0: 0x80005c44 (0x01c1acb3) slt     s9, gp, t3
core   0: 3 0x80005c44 (0x01c1acb3) x25 0x00000000
core   0: 0x80005c48 (0x17df8693) addi    a3, t6, 381
core   0: 3 0x80005c48 (0x17df8693) x13 0x0000037d
core   0: 0x80005c4c (0x6be02497) auipc   s1, 0x6be02
core   0: 3 0x80005c4c (0x6be02497) x 9 0xebe07c4c
core   0: 0x80005c50 (0x41b280b3) sub     ra, t0, s11
core   0: 3 0x80005c50 (0x41b280b3) x 1 0x07f38f29
core   0: 0x80005c54 (0x2de87013) andi    zero, a6, 734
core   0: 3 0x80005c54 (0x2de87013)
core   0: 0x80005c58 (0x003ca5b3) slt     a1, s9, gp
core   0: 3 0x80005c58 (0x003ca5b3) x11 0x00000000
core   0: 0x80005c5c (0xa6b13393) sltiu   t2, sp, -1429
core   0: 3 0x80005c5c (0xa6b13393) x 7 0x00000001
core   0: 0x80005c60 (0x007ed313) srli    t1, t4, 7
core   0: 3 0x80005c60 (0x007ed313) x 6 0x01a5fee0
core   0: 0x80005c64 (0x01d39693) slli    a3, t2, 29
core   0: 3 0x80005c64 (0x01d39693) x13 0x20000000
core   0: 0x80005c68 (0x71a8af13) slti    t5, a7, 1818
core   0: 3 0x80005c68 (0x71a8af13) x30 0x00000000
core   0: 0x80005c6c (0xcb93c213) xori    tp, t2, -839
core   0: 3 0x80005c6c (0xcb93c213) x 4 0xfffffcb8
core   0: 0x80005c70 (0x029a44b3) div     s1, s4, s1
core   0: 3 0x80005c70 (0x029a44b3) x 9 0x00000000
core   0: 0x80005c74 (0x01081413) slli    s0, a6, 16
core   0: 3 0x80005c74 (0x01081413) x 8 0x920d0000
core   0: 0x80005c78 (0x02bff3b3) remu    t2, t6, a1
core   0: 3 0x80005c78 (0x02bff3b3) x 7 0x00000200
core   0: 0x80005c7c (0x00f078b3) and     a7, zero, a5
core   0: 3 0x80005c7c (0x00f078b3) x17 0x00000000
core   0: 0x80005c80 (0x0032df13) srli    t5, t0, 3
core   0: 3 0x80005c80 (0x0032df13) x30 0x000000f0
core   0: 0x80005c84 (0x32090b93) addi    s7, s2, 800
core   0: 3 0x80005c84 (0x32090b93) x23 0x00000320
core   0: 0x80005c88 (0x78a1c793) xori    a5, gp, 1930
core   0: 3 0x80005c88 (0x78a1c793) x15 0x0000078a
core   0: 0x80005c8c (0x033a3cb3) mulhu   s9, s4, s3
core   0: 3 0x80005c8c (0x033a3cb3) x25 0x00000000
core   0: 0x80005c90 (0x017e1e93) slli    t4, t3, 23
core   0: 3 0x80005c90 (0x017e1e93) x29 0x00000000
core   0: 0x80005c94 (0x02d13eb3) mulhu   t4, sp, a3
core   0: 3 0x80005c94 (0x02d13eb3) x29 0x1000319c
core   0: 0x80005c98 (0x3e93f793) andi    a5, t2, 1001
core   0: 3 0x80005c98 (0x3e93f793) x15 0x00000200
core   0: 0x80005c9c (0x00974e33) xor     t3, a4, s1
core   0: 3 0x80005c9c (0x00974e33) x28 0xffffff5a
core   0: 0x80005ca0 (0x00edf3b3) and     t2, s11, a4
core   0: 3 0x80005ca0 (0x00edf3b3) x 7 0xf80c7852
core   0: 0x80005ca4 (0x03371833) mulh    a6, a4, s3
core   0: 3 0x80005ca4 (0x03371833) x16 0x0000001e
core   0: 0x80005ca8 (0x008823b3) slt     t2, a6, s0
core   0: 3 0x80005ca8 (0x008823b3) x 7 0x00000000
core   0: 0x80005cac (0x006686b3) add     a3, a3, t1
core   0: 3 0x80005cac (0x006686b3) x13 0x21a5fee0
core   0: 0x80005cb0 (0x336b7013) andi    zero, s6, 822
core   0: 3 0x80005cb0 (0x336b7013)
core   0: 0x80005cb4 (0x024ddeb3) divu    t4, s11, tp
core   0: 3 0x80005cb4 (0x024ddeb3) x29 0x00000000
core   0: 0x80005cb8 (0x0141df93) srli    t6, gp, 20
core   0: 3 0x80005cb8 (0x0141df93) x31 0x00000000
core   0: 0x80005cbc (0x00000013) nop
core   0: 3 0x80005cbc (0x00000013)
core   0: 0x80005cc0 (0x41cdd8b3) sra     a7, s11, t3
core   0: 3 0x80005cc0 (0x41cdd8b3) x17 0xfffffffe
core   0: 0x80005cc4 (0x03f8c733) div     a4, a7, t6
core   0: 3 0x80005cc4 (0x03f8c733) x14 0xffffffff
core   0: 0x80005cc8 (0x00000013) nop
core   0: 3 0x80005cc8 (0x00000013)
core   0: 0x80005ccc (0x402c5713) srai    a4, s8, 2
core   0: 3 0x80005ccc (0x402c5713) x14 0x00000000
core   0: 0x80005cd0 (0xce454d93) xori    s11, a0, -796
core   0: 3 0x80005cd0 (0xce454d93) x27 0x07f384b3
core   0: 0x80005cd4 (0xfdd630b7) lui     ra, 0xfdd63
core   0: 3 0x80005cd4 (0xfdd630b7) x 1 0xfdd63000
core   0: 0x80005cd8 (0x013ad1b3) srl     gp, s5, s3
core   0: 3 0x80005cd8 (0x013ad1b3) x 3 0x80014e64
core   0: 0x80005cdc (0x00031593) slli    a1, t1, 0
core   0: 3 0x80005cdc (0x00031593) x11 0x01a5fee0
core   0: 0x80005ce0 (0x0064f4b3) and     s1, s1, t1
core   0: 3 0x80005ce0 (0x0064f4b3) x 9 0x00000000
core   0: 0x80005ce4 (0x03e31eb3) mulh    t4, t1, t5
core   0: 3 0x80005ce4 (0x03e31eb3) x29 0x00000001
core   0: 0x80005ce8 (0x408dd393) srai    t2, s11, 8
core   0: 3 0x80005ce8 (0x408dd393) x 7 0x0007f384
core   0: 0x80005cec (0x01677f33) and     t5, a4, s6
core   0: 3 0x80005cec (0x01677f33) x30 0x00000000
core   0: 0x80005cf0 (0x4b7b3413) sltiu   s0, s6, 1207
core   0: 3 0x80005cf0 (0x4b7b3413) x 8 0x00000001
core   0: 0x80005cf4 (0x0016a733) slt     a4, a3, ra
core   0: 3 0x80005cf4 (0x0016a733) x14 0x00000000
core   0: 0x80005cf8 (0x0156a033) slt     zero, a3, s5
core   0: 3 0x80005cf8 (0x0156a033)
core   0: 0x80005cfc (0x018ad3b3) srl     t2, s5, s8
core   0: 3 0x80005cfc (0x018ad3b3) x 7 0x4000a732
core   0: 0x80005d00 (0x02a83e33) mulhu   t3, a6, a0
core   0: 3 0x80005d00 (0x02a83e33) x28 0x0000001d
core   0: 0x80005d04 (0xa7f1c913) xori    s2, gp, -1409
core   0: 3 0x80005d04 (0xa7f1c913) x18 0x7ffeb41b
core   0: 0x80005d08 (0x139ce293) ori     t0, s9, 313
core   0: 3 0x80005d08 (0x139ce293) x 5 0x00000139
core   0: 0x80005d0c (0x003c7a33) and     s4, s8, gp
core   0: 3 0x80005d0c (0x003c7a33) x20 0x00000000
core   0: 0x80005d10 (0x00000013) nop
core   0: 3 0x80005d10 (0x00000013)
core   0: 0x80005d14 (0x00000013) nop
core   0: 3 0x80005d14 (0x00000013)
core   0: 0x80005d18 (0x02381e33) mulh    t3, a6, gp
core   0: 3 0x80005d18 (0x02381e33) x28 0xfffffff1
core   0: 0x80005d1c (0x008e9913) slli    s2, t4, 8
core   0: 3 0x80005d1c (0x008e9913) x18 0x00000100
core   0: 0x80005d20 (0x029b7f33) remu    t5, s6, s1
core   0: 3 0x80005d20 (0x029b7f33) x30 0x00000000
core   0: 0x80005d24 (0x38da8c93) addi    s9, s5, 909
core   0: 3 0x80005d24 (0x38da8c93) x25 0x800151f1
core   0: 0x80005d28 (0x032254b3) divu    s1, tp, s2
core   0: 3 0x80005d28 (0x032254b3) x 9 0x00fffffc
core   0: 0x80005d2c (0x00b5b9b3) sltu    s3, a1, a1
core   0: 3 0x80005d2c (0x00b5b9b3) x19 0x00000000
core   0: 0x80005d30 (0x37dca793) slti    a5, s9, 893
core   0: 3 0x80005d30 (0x37dca793) x15 0x00000001
core   0: 0x80005d34 (0xd6c8cb93) xori    s7, a7, -660
core   0: 3 0x80005d34 (0xd6c8cb93) x23 0x00000292
core   0: 0x80005d38 (0x001f46b3) xor     a3, t5, ra
core   0: 3 0x80005d38 (0x001f46b3) x13 0xfdd63000
core   0: 0x80005d3c (0x02066eb3) rem     t4, a2, zero
core   0: 3 0x80005d3c (0x02066eb3) x29 0xf018fb60
core   0: 0x80005d40 (0x03c1d3b3) divu    t2, gp, t3
core   0: 3 0x80005d40 (0x03c1d3b3) x 7 0x00000000
core   0: 0x80005d44 (0x41d35593) srai    a1, t1, 29
core   0: 3 0x80005d44 (0x41d35593) x11 0x00000000
core   0: 0x80005d48 (0xdda8e213) ori     tp, a7, -550
core   0: 3 0x80005d48 (0xdda8e213) x 4 0xfffffffe
core   0: 0x80005d4c (0x014cfb33) and     s6, s9, s4
core   0: 3 0x80005d4c (0x014cfb33) x22 0x00000000
core   0: 0x80005d50 (0x9aaeff93) andi    t6, t4, -1622
core   0: 3 0x80005d50 (0x9aaeff93) x31 0xf018f920
core   0: 0x80005d54 (0x02898f33) mul     t5, s3, s0
core   0: 3 0x80005d54 (0x02898f33) x30 0x00000000
core   0: 0x80005d58 (0x013fca33) xor     s4, t6, s3
core   0: 3 0x80005d58 (0x013fca33) x20 0xf018f920
core   0: 0x80005d5c (0x02efb4b3) mulhu   s1, t6, a4
core   0: 3 0x80005d5c (0x02efb4b3) x 9 0x00000000
core   0: 0x80005d60 (0xa9b18d13) addi    s10, gp, -1381
core   0: 3 0x80005d60 (0xa9b18d13) x26 0x800148ff
core   0: 0x80005d64 (0x40990a33) sub     s4, s2, s1
core   0: 3 0x80005d64 (0x40990a33) x20 0x00000100
core   0: 0x80005d68 (0x02364bb3) div     s7, a2, gp
core   0: 3 0x80005d68 (0x02364bb3) x23 0x00000000
core   0: 0x80005d6c (0x020f3533) mulhu   a0, t5, zero
core   0: 3 0x80005d6c (0x020f3533) x10 0x00000000
core   0: 0x80005d70 (0x00df88b3) add     a7, t6, a3
core   0: 3 0x80005d70 (0x00df88b3) x17 0xedef2920
core   0: 0x80005d74 (0x0283d2b3) divu    t0, t2, s0
core   0: 3 0x80005d74 (0x0283d2b3) x 5 0x00000000
core   0: 0x80005d78 (0x247f2317) auipc   t1, 0x247f2
core   0: 3 0x80005d78 (0x247f2317) x 6 0xa47f7d78
core   0: 0x80005d7c (0x01959313) slli    t1, a1, 25
core   0: 3 0x80005d7c (0x01959313) x 6 0x00000000
core   0: 0x80005d80 (0x02ff76b3) remu    a3, t5, a5
core   0: 3 0x80005d80 (0x02ff76b3) x13 0x00000000
core   0: 0x80005d84 (0x417bd033) sra     zero, s7, s7
core   0: 3 0x80005d84 (0x417bd033)
core   0: 0x80005d88 (0x006890b3) sll     ra, a7, t1
core   0: 3 0x80005d88 (0x006890b3) x 1 0xedef2920
core   0: 0x80005d8c (0x03072b33) mulhsu  s6, a4, a6
core   0: 3 0x80005d8c (0x03072b33) x22 0x00000000
core   0: 0x80005d90 (0x1e52ce93) xori    t4, t0, 485
core   0: 3 0x80005d90 (0x1e52ce93) x29 0x000001e5
core   0: 0x80005d94 (0x013e7f33) and     t5, t3, s3
core   0: 3 0x80005d94 (0x013e7f33) x30 0x00000000
core   0: 0x80005d98 (0x02141f33) mulh    t5, s0, ra
core   0: 3 0x80005d98 (0x02141f33) x30 0xffffffff
core   0: 0x80005d9c (0x0049a033) slt     zero, s3, tp
core   0: 3 0x80005d9c (0x0049a033)
core   0: 0x80005da0 (0x02549833) mulh    a6, s1, t0
core   0: 3 0x80005da0 (0x02549833) x16 0x00000000
core   0: 0x80005da4 (0x021177b3) remu    a5, sp, ra
core   0: 3 0x80005da4 (0x021177b3) x15 0x80018ce4
core   0: 0x80005da8 (0x41fc0833) sub     a6, s8, t6
core   0: 3 0x80005da8 (0x41fc0833) x16 0x0fe706e1
core   0: 0x80005dac (0x01120033) add     zero, tp, a7
core   0: 3 0x80005dac (0x01120033)
core   0: 0x80005db0 (0x4746b313) sltiu   t1, a3, 1140
core   0: 3 0x80005db0 (0x4746b313) x 6 0x00000001
core   0: 0x80005db4 (0x03e67bb3) remu    s7, a2, t5
core   0: 3 0x80005db4 (0x03e67bb3) x23 0xf018fb60
core   0: 0x80005db8 (0xbf1040b7) lui     ra, 0xbf104
core   0: 3 0x80005db8 (0xbf1040b7) x 1 0xbf104000
core   0: 0x80005dbc (0x9cff1437) lui     s0, 0x9cff1
core   0: 3 0x80005dbc (0x9cff1437) x 8 0x9cff1000
core   0: 0x80005dc0 (0x02815cb3) divu    s9, sp, s0
core   0: 3 0x80005dc0 (0x02815cb3) x25 0x00000000
core   0: 0x80005dc4 (0x019d5c93) srli    s9, s10, 25
core   0: 3 0x80005dc4 (0x019d5c93) x25 0x00000040
core   0: 0x80005dc8 (0x01efa933) slt     s2, t6, t5
core   0: 3 0x80005dc8 (0x01efa933) x18 0x00000001
core   0: 0x80005dcc (0x00c7d033) srl     zero, a5, a2
core   0: 3 0x80005dcc (0x00c7d033)
core   0: 0x80005dd0 (0x032bf5b3) remu    a1, s7, s2
core   0: 3 0x80005dd0 (0x032bf5b3) x11 0x00000000
core   0: 0x80005dd4 (0x0286d233) divu    tp, a3, s0
core   0: 3 0x80005dd4 (0x0286d233) x 4 0x00000000
core   0: 0x80005dd8 (0x00c01a13) slli    s4, zero, 12
core   0: 3 0x80005dd8 (0x00c01a13) x20 0x00000000
core   0: 0x80005ddc (0x41558db3) sub     s11, a1, s5
core   0: 3 0x80005ddc (0x41558db3) x27 0x7ffeb19c
core   0: 0x80005de0 (0x0116c533) xor     a0, a3, a7
core   0: 3 0x80005de0 (0x0116c533) x10 0xedef2920
core   0: 0x80005de4 (0x869bb913) sltiu   s2, s7, -1943
core   0: 3 0x80005de4 (0x869bb913) x18 0x00000001
core   0: 0x80005de8 (0x001f5fb3) srl     t6, t5, ra
core   0: 3 0x80005de8 (0x001f5fb3) x31 0xffffffff
core   0: 0x80005dec (0x002eee33) or      t3, t4, sp
core   0: 3 0x80005dec (0x002eee33) x28 0x80018de5
core   0: 0x80005df0 (0x8d7b8313) addi    t1, s7, -1833
core   0: 3 0x80005df0 (0x8d7b8313) x 6 0xf018f437
core   0: 0x80005df4 (0x021ede33) divu    t3, t4, ra
core   0: 3 0x80005df4 (0x021ede33) x28 0x00000000
core   0: 0x80005df8 (0x03c44833) div     a6, s0, t3
core   0: 3 0x80005df8 (0x03c44833) x16 0xffffffff
core   0: 0x80005dfc (0x92a3f893) andi    a7, t2, -1750
core   0: 3 0x80005dfc (0x92a3f893) x17 0x00000000
core   0: 0x80005e00 (0x028684b3) mul     s1, a3, s0
core   0: 3 0x80005e00 (0x028684b3) x 9 0x00000000
core   0: 0x80005e04 (0x00f45493) srli    s1, s0, 15
core   0: 3 0x80005e04 (0x00f45493) x 9 0x000139fe
core   0: 0x80005e08 (0x413c5a33) sra     s4, s8, s3
core   0: 3 0x80005e08 (0x413c5a33) x20 0x00000001
core   0: 0x80005e0c (0x41ee5b13) srai    s6, t3, 30
core   0: 3 0x80005e0c (0x41ee5b13) x22 0x00000000
core   0: 0x80005e10 (0x01486eb3) or      t4, a6, s4
core   0: 3 0x80005e10 (0x01486eb3) x29 0xffffffff
core   0: 0x80005e14 (0x6e532937) lui     s2, 0x6e532
core   0: 3 0x80005e14 (0x6e532937) x18 0x6e532000
core   0: 0x80005e18 (0x00000013) nop
core   0: 3 0x80005e18 (0x00000013)
core   0: 0x80005e1c (0x3e1d3713) sltiu   a4, s10, 993
core   0: 3 0x80005e1c (0x3e1d3713) x14 0x00000000
core   0: 0x80005e20 (0x00a07d33) and     s10, zero, a0
core   0: 3 0x80005e20 (0x00a07d33) x26 0x00000000
core   0: 0x80005e24 (0x00ffa0b3) slt     ra, t6, a5
core   0: 3 0x80005e24 (0x00ffa0b3) x 1 0x00000000
core   0: 0x80005e28 (0x02f5a0b3) mulhsu  ra, a1, a5
core   0: 3 0x80005e28 (0x02f5a0b3) x 1 0x00000000
core   0: 0x80005e2c (0x010821b3) slt     gp, a6, a6
core   0: 3 0x80005e2c (0x010821b3) x 3 0x00000000
core   0: 0x80005e30 (0xf0c33393) sltiu   t2, t1, -244
core   0: 3 0x80005e30 (0xf0c33393) x 7 0x00000001
core   0: 0x80005e34 (0x03d39833) mulh    a6, t2, t4
core   0: 3 0x80005e34 (0x03d39833) x16 0xffffffff
core   0: 0x80005e38 (0x005a0eb3) add     t4, s4, t0
core   0: 3 0x80005e38 (0x005a0eb3) x29 0x00000001
core   0: 0x80005e3c (0x03ed4233) div     tp, s10, t5
core   0: 3 0x80005e3c (0x03ed4233) x 4 0x00000000
core   0: 0x80005e40 (0x0244ed33) rem     s10, s1, tp
core   0: 3 0x80005e40 (0x0244ed33) x26 0x000139fe
core   0: 0x80005e44 (0x02431833) mulh    a6, t1, tp
core   0: 3 0x80005e44 (0x02431833) x16 0x00000000
core   0: 0x80005e48 (0x49341437) lui     s0, 0x49341
core   0: 3 0x80005e48 (0x49341437) x 8 0x49341000
core   0: 0x80005e4c (0x012979b3) and     s3, s2, s2
core   0: 3 0x80005e4c (0x012979b3) x19 0x6e532000
core   0: 0x80005e50 (0x4062ddb3) sra     s11, t0, t1
core   0: 3 0x80005e50 (0x4062ddb3) x27 0x00000000
core   0: 0x80005e54 (0x40f75513) srai    a0, a4, 15
core   0: 3 0x80005e54 (0x40f75513) x10 0x00000000
core   0: 0x80005e58 (0x031d5d33) divu    s10, s10, a7
core   0: 3 0x80005e58 (0x031d5d33) x26 0xffffffff
core   0: 0x80005e5c (0x0362b9b3) mulhu   s3, t0, s6
core   0: 3 0x80005e5c (0x0362b9b3) x19 0x00000000
core   0: 0x80005e60 (0x41585093) srai    ra, a6, 21
core   0: 3 0x80005e60 (0x41585093) x 1 0x00000000
core   0: 0x80005e64 (0x40de8b33) sub     s6, t4, a3
core   0: 3 0x80005e64 (0x40de8b33) x22 0x00000001
core   0: 0x80005e68 (0x4f427593) andi    a1, tp, 1268
core   0: 3 0x80005e68 (0x4f427593) x11 0x00000000
core   0: 0x80005e6c (0x01bc6eb3) or      t4, s8, s11
core   0: 3 0x80005e6c (0x01bc6eb3) x29 0x00000001
core   0: 0x80005e70 (0xe37b6f13) ori     t5, s6, -457
core   0: 3 0x80005e70 (0xe37b6f13) x30 0xfffffe37
core   0: 0x80005e74 (0x030bd933) divu    s2, s7, a6
core   0: 3 0x80005e74 (0x030bd933) x18 0xffffffff
core   0: 0x80005e78 (0x02dfb533) mulhu   a0, t6, a3
core   0: 3 0x80005e78 (0x02dfb533) x10 0x00000000
core   0: 0x80005e7c (0x03e6c0b3) div     ra, a3, t5
core   0: 3 0x80005e7c (0x03e6c0b3) x 1 0x00000000
core   0: 0x80005e80 (0x8251e293) ori     t0, gp, -2011
core   0: 3 0x80005e80 (0x8251e293) x 5 0xfffff825
core   0: 0x80005e84 (0x016c5393) srli    t2, s8, 22
core   0: 3 0x80005e84 (0x016c5393) x 7 0x00000000
core   0: 0x80005e88 (0x014e46b3) xor     a3, t3, s4
core   0: 3 0x80005e88 (0x014e46b3) x13 0x00000001
core   0: 0x80005e8c (0x40115693) srai    a3, sp, 1
core   0: 3 0x80005e8c (0x40115693) x13 0xc000c672
core   0: 0x80005e90 (0x03e3a2b3) mulhsu  t0, t2, t5
core   0: 3 0x80005e90 (0x03e3a2b3) x 5 0x00000000
core   0: 0x80005e94 (0xb679e393) ori     t2, s3, -1177
core   0: 3 0x80005e94 (0xb679e393) x 7 0xfffffb67
core   0: 0x80005e98 (0x40dbd493) srai    s1, s7, 13
core   0: 3 0x80005e98 (0x40dbd493) x 9 0xffff80c7
core   0: 0x80005e9c (0x40348d33) sub     s10, s1, gp
core   0: 3 0x80005e9c (0x40348d33) x26 0xffff80c7
core   0: 0x80005ea0 (0x71443813) sltiu   a6, s0, 1812
core   0: 3 0x80005ea0 (0x71443813) x16 0x00000000
core   0: 0x80005ea4 (0x01745d33) srl     s10, s0, s7
core   0: 3 0x80005ea4 (0x01745d33) x26 0x49341000
core   0: 0x80005ea8 (0x03248eb3) mul     t4, s1, s2
core   0: 3 0x80005ea8 (0x03248eb3) x29 0x00007f39
core   0: 0x80005eac (0x7cdbc917) auipc   s2, 0x7cdbc
core   0: 3 0x80005eac (0x7cdbc917) x18 0xfcdc1eac
core   0: 0x80005eb0 (0x01e271b3) and     gp, tp, t5
core   0: 3 0x80005eb0 (0x01e271b3) x 3 0x00000000
core   0: 0x80005eb4 (0xa5156e13) ori     t3, a0, -1455
core   0: 3 0x80005eb4 (0xa5156e13) x28 0xfffffa51
core   0: 0x80005eb8 (0x00c59993) slli    s3, a1, 12
core   0: 3 0x80005eb8 (0x00c59993) x19 0x00000000
core   0: 0x80005ebc (0x025fc6b3) div     a3, t6, t0
core   0: 3 0x80005ebc (0x025fc6b3) x13 0xffffffff
core   0: 0x80005ec0 (0x0188d413) srli    s0, a7, 24
core   0: 3 0x80005ec0 (0x0188d413) x 8 0x00000000
core   0: 0x80005ec4 (0x03c78fb3) mul     t6, a5, t3
core   0: 3 0x80005ec4 (0x03c78fb3) x31 0x77303c24
core   0: 0x80005ec8 (0x4141db33) sra     s6, gp, s4
core   0: 3 0x80005ec8 (0x4141db33) x22 0x00000000
core   0: 0x80005ecc (0x12ba0093) addi    ra, s4, 299
core   0: 3 0x80005ecc (0x12ba0093) x 1 0x0000012c
core   0: 0x80005ed0 (0x03dc1233) mulh    tp, s8, t4
core   0: 3 0x80005ed0 (0x03dc1233) x 4 0x00000000
core   0: 0x80005ed4 (0x021191b3) mulh    gp, gp, ra
core   0: 3 0x80005ed4 (0x021191b3) x 3 0x00000000
core   0: 0x80005ed8 (0x0283ce33) div     t3, t2, s0
core   0: 3 0x80005ed8 (0x0283ce33) x28 0xffffffff
core   0: 0x80005edc (0x00000013) nop
core   0: 3 0x80005edc (0x00000013)
core   0: 0x80005ee0 (0x67a97513) andi    a0, s2, 1658
core   0: 3 0x80005ee0 (0x67a97513) x10 0x00000628
core   0: 0x80005ee4 (0x09c9e893) ori     a7, s3, 156
core   0: 3 0x80005ee4 (0x09c9e893) x17 0x0000009c
core   0: 0x80005ee8 (0xc07cb793) sltiu   a5, s9, -1017
core   0: 3 0x80005ee8 (0xc07cb793) x15 0x00000001
core   0: 0x80005eec (0x00d8a533) slt     a0, a7, a3
core   0: 3 0x80005eec (0x00d8a533) x10 0x00000000
core   0: 0x80005ef0 (0x40d38e33) sub     t3, t2, a3
core   0: 3 0x80005ef0 (0x40d38e33) x28 0xfffffb68
core   0: 0x80005ef4 (0x0080deb3) srl     t4, ra, s0
core   0: 3 0x80005ef4 (0x0080deb3) x29 0x0000012c
core   0: 0x80005ef8 (0x005ea433) slt     s0, t4, t0
core   0: 3 0x80005ef8 (0x005ea433) x 8 0x00000000
core   0: 0x80005efc (0x0089c033) xor     zero, s3, s0
core   0: 3 0x80005efc (0x0089c033)
core   0: 0x80005f00 (0x3665fe37) lui     t3, 0x3665f
core   0: 3 0x80005f00 (0x3665fe37) x28 0x3665f000
core   0: 0x80005f04 (0x636d5d97) auipc   s11, 0x636d5
core   0: 3 0x80005f04 (0x636d5d97) x27 0xe36daf04
core   0: 0x80005f08 (0x00db61b3) or      gp, s6, a3
core   0: 3 0x80005f08 (0x00db61b3) x 3 0xffffffff
core   0: 0x80005f0c (0x028b23b3) mulhsu  t2, s6, s0
core   0: 3 0x80005f0c (0x028b23b3) x 7 0x00000000
core   0: 0x80005f10 (0x9dad3537) lui     a0, 0x9dad3
core   0: 3 0x80005f10 (0x9dad3537) x10 0x9dad3000
core   0: 0x80005f14 (0xa7bd0713) addi    a4, s10, -1413
core   0: 3 0x80005f14 (0xa7bd0713) x14 0x49340a7b
core   0: 0x80005f18 (0x00b7d813) srli    a6, a5, 11
core   0: 3 0x80005f18 (0x00b7d813) x16 0x00000000
core   0: 0x80005f1c (0x01ebebb3) or      s7, s7, t5
core   0: 3 0x80005f1c (0x01ebebb3) x23 0xffffff77
core   0: 0x80005f20 (0x03d284b3) mul     s1, t0, t4
core   0: 3 0x80005f20 (0x03d284b3) x 9 0x00000000
core   0: 0x80005f24 (0x7022d517) auipc   a0, 0x7022d
core   0: 3 0x80005f24 (0x7022d517) x10 0xf0232f24
core   0: 0x80005f28 (0x007cdc33) srl     s8, s9, t2
core   0: 3 0x80005f28 (0x007cdc33) x24 0x00000040
core   0: 0x80005f2c (0x6fa00d93) li      s11, 1786
core   0: 3 0x80005f2c (0x6fa00d93) x27 0x000006fa
core   0: 0x80005f30 (0x0278be13) sltiu   t3, a7, 39
core   0: 3 0x80005f30 (0x0278be13) x28 0x00000000
core   0: 0x80005f34 (0x00b99393) slli    t2, s3, 11
core   0: 3 0x80005f34 (0x00b99393) x 7 0x00000000
core   0: 0x80005f38 (0x9fe83513) sltiu   a0, a6, -1538
core   0: 3 0x80005f38 (0x9fe83513) x10 0x00000001
core   0: 0x80005f3c (0xe239cb13) xori    s6, s3, -477
core   0: 3 0x80005f3c (0xe239cb13) x22 0xfffffe23
core   0: 0x80005f40 (0x0028aeb3) slt     t4, a7, sp
core   0: 3 0x80005f40 (0x0028aeb3) x29 0x00000000
core   0: 0x80005f44 (0x007b44b3) xor     s1, s6, t2
core   0: 3 0x80005f44 (0x007b44b3) x 9 0xfffffe23
core   0: 0x80005f48 (0x321f4793) xori    a5, t5, 801
core   0: 3 0x80005f48 (0x321f4793) x15 0xfffffd16
core   0: 0x80005f4c (0x013d1233) sll     tp, s10, s3
core   0: 3 0x80005f4c (0x013d1233) x 4 0x49341000
core   0: 0x80005f50 (0x02822b33) mulhsu  s6, tp, s0
core   0: 3 0x80005f50 (0x02822b33) x22 0x00000000
core   0: 0x80005f54 (0x015adb33) srl     s6, s5, s5
core   0: 3 0x80005f54 (0x015adb33) x22 0x080014e6
core   0: 0x80005f58 (0x45cee813) ori     a6, t4, 1116
core   0: 3 0x80005f58 (0x45cee813) x16 0x0000045c
core   0: 0x80005f5c (0x02bd5533) divu    a0, s10, a1
core   0: 3 0x80005f5c (0x02bd5533) x10 0xffffffff
core   0: 0x80005f60 (0x49544b93) xori    s7, s0, 1173
core   0: 3 0x80005f60 (0x49544b93) x23 0x00000495
core   0: 0x80005f64 (0x025626b3) mulhsu  a3, a2, t0
core   0: 3 0x80005f64 (0x025626b3) x13 0x00000000
core   0: 0x80005f68 (0x0104e6b3) or      a3, s1, a6
core   0: 3 0x80005f68 (0x0104e6b3) x13 0xfffffe7f
core   0: 0x80005f6c (0x004088b3) add     a7, ra, tp
core   0: 3 0x80005f6c (0x004088b3) x17 0x4934112c
core   0: 0x80005f70 (0x7f4b4513) xori    a0, s6, 2036
core   0: 3 0x80005f70 (0x7f4b4513) x10 0x08001312
core   0: 0x80005f74 (0x0051c7b3) xor     a5, gp, t0
core   0: 3 0x80005f74 (0x0051c7b3) x15 0xffffffff
core   0: 0x80005f78 (0x00754bb3) xor     s7, a0, t2
core   0: 3 0x80005f78 (0x00754bb3) x23 0x08001312
core   0: 0x80005f7c (0xd8060a13) addi    s4, a2, -640
core   0: 3 0x80005f7c (0xd8060a13) x20 0xf018f8e0
core   0: 0x80005f80 (0x00bdd713) srli    a4, s11, 11
core   0: 3 0x80005f80 (0x00bdd713) x14 0x00000000
core   0: 0x80005f84 (0x02b82f33) mulhsu  t5, a6, a1
core   0: 3 0x80005f84 (0x02b82f33) x30 0x00000000
core   0: 0x80005f88 (0x41c30bb3) sub     s7, t1, t3
core   0: 3 0x80005f88 (0x41c30bb3) x23 0xf018f437
core   0: 0x80005f8c (0x02bbb3b3) mulhu   t2, s7, a1
core   0: 3 0x80005f8c (0x02bbb3b3) x 7 0x00000000
core   0: 0x80005f90 (0x41935193) srai    gp, t1, 25
core   0: 3 0x80005f90 (0x41935193) x 3 0xfffffff8
core   0: 0x80005f94 (0x00f1deb3) srl     t4, gp, a5
core   0: 3 0x80005f94 (0x00f1deb3) x29 0x00000001
core   0: 0x80005f98 (0x00000013) nop
core   0: 3 0x80005f98 (0x00000013)
core   0: 0x80005f9c (0x03b9c1b3) div     gp, s3, s11
core   0: 3 0x80005f9c (0x03b9c1b3) x 3 0x00000000
core   0: 0x80005fa0 (0x00ac23b3) slt     t2, s8, a0
core   0: 3 0x80005fa0 (0x00ac23b3) x 7 0x00000001
core   0: 0x80005fa4 (0x010b7b33) and     s6, s6, a6
core   0: 3 0x80005fa4 (0x010b7b33) x22 0x00000444
core   0: 0x80005fa8 (0x01201713) slli    a4, zero, 18
core   0: 3 0x80005fa8 (0x01201713) x14 0x00000000
core   0: 0x80005fac (0x02645733) divu    a4, s0, t1
core   0: 3 0x80005fac (0x02645733) x14 0x00000000
core   0: 0x80005fb0 (0x03ef77b3) remu    a5, t5, t5
core   0: 3 0x80005fb0 (0x03ef77b3) x15 0x00000000
core   0: 0x80005fb4 (0x4097d013) srai    zero, a5, 9
core   0: 3 0x80005fb4 (0x4097d013)
core   0: 0x80005fb8 (0x035605b3) mul     a1, a2, s5
core   0: 3 0x80005fb8 (0x035605b3) x11 0x61b97180
core   0: 0x80005fbc (0x27754f13) xori    t5, a0, 631
core   0: 3 0x80005fbc (0x27754f13) x30 0x08001165
core   0: 0x80005fc0 (0x00000013) nop
core   0: 3 0x80005fc0 (0x00000013)
core   0: 0x80005fc4 (0x03291eb3) mulh    t4, s2, s2
core   0: 3 0x80005fc4 (0x03291eb3) x29 0x0009dc4f
core   0: 0x80005fc8 (0x41425293) srai    t0, tp, 20
core   0: 3 0x80005fc8 (0x41425293) x 5 0x00000493
core   0: 0x80005fcc (0x01a23b33) sltu    s6, tp, s10
core   0: 3 0x80005fcc (0x01a23b33) x22 0x00000000
core   0: 0x80005fd0 (0x00c4ba33) sltu    s4, s1, a2
core   0: 3 0x80005fd0 (0x00c4ba33) x20 0x00000000
core   0: 0x80005fd4 (0x01e941b3) xor     gp, s2, t5
core   0: 3 0x80005fd4 (0x01e941b3) x 3 0xf4dc0fc9
core   0: 0x80005fd8 (0x41a35593) srai    a1, t1, 26
core   0: 3 0x80005fd8 (0x41a35593) x11 0xfffffffc
core   0: 0x80005fdc (0x28d97017) auipc   zero, 0x28d97
core   0: 3 0x80005fdc (0x28d97017)
core   0: 0x80005fe0 (0xd7e5ad13) slti    s10, a1, -642
core   0: 3 0x80005fe0 (0xd7e5ad13) x26 0x00000000
core   0: 0x80005fe4 (0x411008b3) sub     a7, zero, a7
core   0: 3 0x80005fe4 (0x411008b3) x17 0xb6cbeed4
core   0: 0x80005fe8 (0x0062efb3) or      t6, t0, t1
core   0: 3 0x80005fe8 (0x0062efb3) x31 0xf018f4b7
core   0: 0x80005fec (0x014916b3) sll     a3, s2, s4
core   0: 3 0x80005fec (0x014916b3) x13 0xfcdc1eac
core   0: 0x80005ff0 (0x01b5bf33) sltu    t5, a1, s11
core   0: 3 0x80005ff0 (0x01b5bf33) x30 0x00000000
core   0: 0x80005ff4 (0x01b85c13) srli    s8, a6, 27
core   0: 3 0x80005ff4 (0x01b85c13) x24 0x00000000
core   0: 0x80005ff8 (0x013fe333) or      t1, t6, s3
core   0: 3 0x80005ff8 (0x013fe333) x 6 0xf018f4b7
core   0: 0x80005ffc (0x01292d33) slt     s10, s2, s2
core   0: 3 0x80005ffc (0x01292d33) x26 0x00000000
core   0: 0x80006000 (0x025a6fb3) rem     t6, s4, t0
core   0: 3 0x80006000 (0x025a6fb3) x31 0x00000000
core   0: 0x80006004 (0x54001f37) lui     t5, 0x54001
core   0: 3 0x80006004 (0x54001f37) x30 0x54001000
core   0: 0x80006008 (0x01bc6733) or      a4, s8, s11
core   0: 3 0x80006008 (0x01bc6733) x14 0x000006fa
core   0: 0x8000600c (0x0037cbb3) xor     s7, a5, gp
core   0: 3 0x8000600c (0x0037cbb3) x23 0xf4dc0fc9
core   0: 0x80006010 (0xcd0d8d93) addi    s11, s11, -816
core   0: 3 0x80006010 (0xcd0d8d93) x27 0x000003ca
core   0: 0x80006014 (0x0288e233) rem     tp, a7, s0
core   0: 3 0x80006014 (0x0288e233) x 4 0xb6cbeed4
core   0: 0x80006018 (0x035e9233) mulh    tp, t4, s5
core   0: 3 0x80006018 (0x035e9233) x 4 0xfffb11e5
core   0: 0x8000601c (0x00d10eb3) add     t4, sp, a3
core   0: 3 0x8000601c (0x00d10eb3) x29 0x7cddab90
core   0: 0x80006020 (0x02e1e033) rem     zero, gp, a4
core   0: 3 0x80006020 (0x02e1e033)
core   0: 0x80006024 (0x8531f213) andi    tp, gp, -1965
core   0: 3 0x80006024 (0x8531f213) x 4 0xf4dc0841
core   0: 0x80006028 (0x02c615b3) mulh    a1, a2, a2
core   0: 3 0x80006028 (0x02c615b3) x11 0x00fce304
core   0: 0x8000602c (0x037a05b3) mul     a1, s4, s7
core   0: 3 0x8000602c (0x037a05b3) x11 0x00000000
core   0: 0x80006030 (0x00479a33) sll     s4, a5, tp
core   0: 3 0x80006030 (0x00479a33) x20 0x00000000
core   0: 0x80006034 (0x40d7d013) srai    zero, a5, 13
core   0: 3 0x80006034 (0x40d7d013)
core   0: 0x80006038 (0x00209713) slli    a4, ra, 2
core   0: 3 0x80006038 (0x00209713) x14 0x000004b0
core   0: 0x8000603c (0x01264533) xor     a0, a2, s2
core   0: 3 0x8000603c (0x01264533) x10 0x0cc4e5cc
core   0: 0x80006040 (0xb7c6a813) slti    a6, a3, -1156
core   0: 3 0x80006040 (0xb7c6a813) x16 0x00000001
core   0: 0x80006044 (0x0370f2b3) remu    t0, ra, s7
core   0: 3 0x80006044 (0x0370f2b3) x 5 0x0000012c
core   0: 0x80006048 (0x02479b33) mulh    s6, a5, tp
core   0: 3 0x80006048 (0x02479b33) x22 0x00000000
core   0: 0x8000604c (0x016320b3) slt     ra, t1, s6
core   0: 3 0x8000604c (0x016320b3) x 1 0x00000001
core   0: 0x80006050 (0x417e56b3) sra     a3, t3, s7
core   0: 3 0x80006050 (0x417e56b3) x13 0x00000000
core   0: 0x80006054 (0x01a0dd93) srli    s11, ra, 26
core   0: 3 0x80006054 (0x01a0dd93) x27 0x00000000
core   0: 0x80006058 (0x0373c433) div     s0, t2, s7
core   0: 3 0x80006058 (0x0373c433) x 8 0x00000000
core   0: 0x8000605c (0x3e99d697) auipc   a3, 0x3e99d
core   0: 3 0x8000605c (0x3e99d697) x13 0xbe9a305c
core   0: 0x80006060 (0x01164e33) xor     t3, a2, a7
core   0: 3 0x80006060 (0x01164e33) x28 0x46d315b4
core   0: 0x80006064 (0x40f28333) sub     t1, t0, a5
core   0: 3 0x80006064 (0x40f28333) x 6 0x0000012c
core   0: 0x80006068 (0xf03da193) slti    gp, s11, -253
core   0: 3 0x80006068 (0xf03da193) x 3 0x00000000
core   0: 0x8000606c (0x024b27b3) mulhsu  a5, s6, tp
core   0: 3 0x8000606c (0x024b27b3) x15 0x00000000
core   0: 0x80006070 (0x0363a1b3) mulhsu  gp, t2, s6
core   0: 3 0x80006070 (0x0363a1b3) x 3 0x00000000
core   0: 0x80006074 (0x00449bb3) sll     s7, s1, tp
core   0: 3 0x80006074 (0x00449bb3) x23 0xfffffc46
core   0: 0x80006078 (0x000158b3) srl     a7, sp, zero
core   0: 3 0x80006078 (0x000158b3) x17 0x80018ce4
core   0: 0x8000607c (0x027a78b3) remu    a7, s4, t2
core   0: 3 0x8000607c (0x027a78b3) x17 0x00000000
core   0: 0x80006080 (0x418d08b3) sub     a7, s10, s8
core   0: 3 0x80006080 (0x418d08b3) x17 0x00000000
core   0: 0x80006084 (0x026b4533) div     a0, s6, t1
core   0: 3 0x80006084 (0x026b4533) x10 0x00000000
core   0: 0x80006088 (0x417dd013) srai    zero, s11, 23
core   0: 3 0x80006088 (0x417dd013)
core   0: 0x8000608c (0x9235ac93) slti    s9, a1, -1757
core   0: 3 0x8000608c (0x9235ac93) x25 0x00000000
core   0: 0x80006090 (0x0117db93) srli    s7, a5, 17
core   0: 3 0x80006090 (0x0117db93) x23 0x00000000
core   0: 0x80006094 (0x7cd93a13) sltiu   s4, s2, 1997
core   0: 3 0x80006094 (0x7cd93a13) x20 0x00000000
core   0: 0x80006098 (0x01a287b3) add     a5, t0, s10
core   0: 3 0x80006098 (0x01a287b3) x15 0x0000012c
core   0: 0x8000609c (0x01b7f733) and     a4, a5, s11
core   0: 3 0x8000609c (0x01b7f733) x14 0x00000000
core   0: 0x800060a0 (0x022d75b3) remu    a1, s10, sp
core   0: 3 0x800060a0 (0x022d75b3) x11 0x00000000
core   0: 0x800060a4 (0xa9daa017) auipc   zero, 0xa9daa
core   0: 3 0x800060a4 (0xa9daa017)
core   0: 0x800060a8 (0x01a77eb3) and     t4, a4, s10
core   0: 3 0x800060a8 (0x01a77eb3) x29 0x00000000
core   0: 0x800060ac (0x002d5d33) srl     s10, s10, sp
core   0: 3 0x800060ac (0x002d5d33) x26 0x00000000
core   0: 0x800060b0 (0x03fe2433) mulhsu  s0, t3, t6
core   0: 3 0x800060b0 (0x03fe2433) x 8 0x00000000
core   0: 0x800060b4 (0x41608233) sub     tp, ra, s6
core   0: 3 0x800060b4 (0x41608233) x 4 0x00000001
core   0: 0x800060b8 (0x4dd92037) lui     zero, 0x4dd92
core   0: 3 0x800060b8 (0x4dd92037)
core   0: 0x800060bc (0x0127c0b3) xor     ra, a5, s2
core   0: 3 0x800060bc (0x0127c0b3) x 1 0xfcdc1f80
core   0: 0x800060c0 (0x18a28813) addi    a6, t0, 394
core   0: 3 0x800060c0 (0x18a28813) x16 0x000002b6
core   0: 0x800060c4 (0x02f40fb3) mul     t6, s0, a5
core   0: 3 0x800060c4 (0x02f40fb3) x31 0x00000000
core   0: 0x800060c8 (0x013e4d33) xor     s10, t3, s3
core   0: 3 0x800060c8 (0x013e4d33) x26 0x46d315b4
core   0: 0x800060cc (0x001f6533) or      a0, t5, ra
core   0: 3 0x800060cc (0x001f6533) x10 0xfcdc1f80
core   0: 0x800060d0 (0x00000013) nop
core   0: 3 0x800060d0 (0x00000013)
core   0: 0x800060d4 (0x4078da33) sra     s4, a7, t2
core   0: 3 0x800060d4 (0x4078da33) x20 0x00000000
core   0: 0x800060d8 (0x032ed4b3) divu    s1, t4, s2
core   0: 3 0x800060d8 (0x032ed4b3) x 9 0x00000000
core   0: 0x800060dc (0x00466733) or      a4, a2, tp
core   0: 3 0x800060dc (0x00466733) x14 0xf018fb61
core   0: 0x800060e0 (0x02789d33) mulh    s10, a7, t2
core   0: 3 0x800060e0 (0x02789d33) x26 0x00000000
core   0: 0x800060e4 (0x00000013) nop
core   0: 3 0x800060e4 (0x00000013)
core   0: 0x800060e8 (0x03b300b3) mul     ra, t1, s11
core   0: 3 0x800060e8 (0x03b300b3) x 1 0x00000000
core   0: 0x800060ec (0x401058b3) sra     a7, zero, ra
core   0: 3 0x800060ec (0x401058b3) x17 0x00000000
core   0: 0x800060f0 (0x00a6e233) or      tp, a3, a0
core   0: 3 0x800060f0 (0x00a6e233) x 4 0xfede3fdc
core   0: 0x800060f4 (0x0172f333) and     t1, t0, s7
core   0: 3 0x800060f4 (0x0172f333) x 6 0x00000000
core   0: 0x800060f8 (0x0247f733) remu    a4, a5, tp
core   0: 3 0x800060f8 (0x0247f733) x14 0x0000012c
core   0: 0x800060fc (0xa5b02e93) slti    t4, zero, -1445
core   0: 3 0x800060fc (0xa5b02e93) x29 0x00000000
core   0: 0x80006100 (0x40825db3) sra     s11, tp, s0
core   0: 3 0x80006100 (0x40825db3) x27 0xfede3fdc
core   0: 0x80006104 (0x41165d33) sra     s10, a2, a7
core   0: 3 0x80006104 (0x41165d33) x26 0xf018fb60
core   0: 0x80006108 (0x0238bf33) mulhu   t5, a7, gp
core   0: 3 0x80006108 (0x0238bf33) x30 0x00000000
core   0: 0x8000610c (0x028f6d33) rem     s10, t5, s0
core   0: 3 0x8000610c (0x028f6d33) x26 0x00000000
core   0: 0x80006110 (0x026b5f33) divu    t5, s6, t1
core   0: 3 0x80006110 (0x026b5f33) x30 0xffffffff
core   0: 0x80006114 (0x00000013) nop
core   0: 3 0x80006114 (0x00000013)
core   0: 0x80006118 (0xb3ec4e93) xori    t4, s8, -1218
core   0: 3 0x80006118 (0xb3ec4e93) x29 0xfffffb3e
core   0: 0x8000611c (0x0050d593) srli    a1, ra, 5
core   0: 3 0x8000611c (0x0050d593) x11 0x00000000
core   0: 0x80006120 (0x41380e33) sub     t3, a6, s3
core   0: 3 0x80006120 (0x41380e33) x28 0x000002b6
core   0: 0x80006124 (0xf5cbc813) xori    a6, s7, -164
core   0: 3 0x80006124 (0xf5cbc813) x16 0xffffff5c
core   0: 0x80006128 (0x0375a8b3) mulhsu  a7, a1, s7
core   0: 3 0x80006128 (0x0375a8b3) x17 0x00000000
core   0: 0x8000612c (0x0332f933) remu    s2, t0, s3
core   0: 3 0x8000612c (0x0332f933) x18 0x0000012c
core   0: 0x80006130 (0x00000013) nop
core   0: 3 0x80006130 (0x00000013)
core   0: 0x80006134 (0xa4daa1b7) lui     gp, 0xa4daa
core   0: 3 0x80006134 (0xa4daa1b7) x 3 0xa4daa000
core   0: 0x80006138 (0x00000013) nop
core   0: 3 0x80006138 (0x00000013)
core   0: 0x8000613c (0x02cc7c33) remu    s8, s8, a2
core   0: 3 0x8000613c (0x02cc7c33) x24 0x00000000
core   0: 0x80006140 (0x03b20733) mul     a4, tp, s11
core   0: 3 0x80006140 (0x03b20733) x14 0x617e0510
core   0: 0x80006144 (0x432c0e93) addi    t4, s8, 1074
core   0: 3 0x80006144 (0x432c0e93) x29 0x00000432
core   0: 0x80006148 (0x4e75fe37) lui     t3, 0x4e75f
core   0: 3 0x80006148 (0x4e75fe37) x28 0x4e75f000
core   0: 0x8000614c (0x73898813) addi    a6, s3, 1848
core   0: 3 0x8000614c (0x73898813) x16 0x00000738
core   0: 0x80006150 (0x01c228b3) slt     a7, tp, t3
core   0: 3 0x80006150 (0x01c228b3) x17 0x00000001
core   0: 0x80006154 (0x018a42b3) xor     t0, s4, s8
core   0: 3 0x80006154 (0x018a42b3) x 5 0x00000000
core   0: 0x80006158 (0x01046eb3) or      t4, s0, a6
core   0: 3 0x80006158 (0x01046eb3) x29 0x00000738
core   0: 0x8000615c (0x02b653b3) divu    t2, a2, a1
core   0: 3 0x8000615c (0x02b653b3) x 7 0xffffffff
core   0: 0x80006160 (0x03132fb3) mulhsu  t6, t1, a7
core   0: 3 0x80006160 (0x03132fb3) x31 0x00000000
core   0: 0x80006164 (0x027bc933) div     s2, s7, t2
core   0: 3 0x80006164 (0x027bc933) x18 0x00000000
core   0: 0x80006168 (0x0063eeb3) or      t4, t2, t1
core   0: 3 0x80006168 (0x0063eeb3) x29 0xffffffff
core   0: 0x8000616c (0x0215e033) rem     zero, a1, ra
core   0: 3 0x8000616c (0x0215e033)
core   0: 0x80006170 (0x7e61fb97) auipc   s7, 0x7e61f
core   0: 3 0x80006170 (0x7e61fb97) x23 0xfe625170
core   0: 0x80006174 (0x035999b3) mulh    s3, s3, s5
core   0: 3 0x80006174 (0x035999b3) x19 0x00000000
core   0: 0x80006178 (0x41b10e33) sub     t3, sp, s11
core   0: 3 0x80006178 (0x41b10e33) x28 0x81234d08
core   0: 0x8000617c (0x8860b493) sltiu   s1, ra, -1914
core   0: 3 0x8000617c (0x8860b493) x 9 0x00000001
core   0: 0x80006180 (0x2256e713) ori     a4, a3, 549
core   0: 3 0x80006180 (0x2256e713) x14 0xbe9a327d
core   0: 0x80006184 (0x404382b3) sub     t0, t2, tp
core   0: 3 0x80006184 (0x404382b3) x 5 0x0121c023
core   0: 0x80006188 (0x01591a33) sll     s4, s2, s5
core   0: 3 0x80006188 (0x01591a33) x20 0x00000000
core   0: 0x8000618c (0x0358b0b3) mulhu   ra, a7, s5
core   0: 3 0x8000618c (0x0358b0b3) x 1 0x00000000
core   0: 0x80006190 (0x0148a0b3) slt     ra, a7, s4
core   0: 3 0x80006190 (0x0148a0b3) x 1 0x00000000
core   0: 0x80006194 (0x41dddc13) srai    s8, s11, 29
core   0: 3 0x80006194 (0x41dddc13) x24 0xffffffff
core   0: 0x80006198 (0x005b58b3) srl     a7, s6, t0
core   0: 3 0x80006198 (0x005b58b3) x17 0x00000000
core   0: 0x8000619c (0x03672fb3) mulhsu  t6, a4, s6
core   0: 3 0x8000619c (0x03672fb3) x31 0x00000000
core   0: 0x800061a0 (0x00be1d93) slli    s11, t3, 11
core   0: 3 0x800061a0 (0x00be1d93) x27 0x1a684000
core   0: 0x800061a4 (0x00071f13) slli    t5, a4, 0
core   0: 3 0x800061a4 (0x00071f13) x30 0xbe9a327d
core   0: 0x800061a8 (0x01862733) slt     a4, a2, s8
core   0: 3 0x800061a8 (0x01862733) x14 0x00000001
core   0: 0x800061ac (0x003f1213) slli    tp, t5, 3
core   0: 3 0x800061ac (0x003f1213) x 4 0xf4d193e8
core   0: 0x800061b0 (0x53fb2093) slti    ra, s6, 1343
core   0: 3 0x800061b0 (0x53fb2093) x 1 0x00000001
core   0: 0x800061b4 (0x004a9b13) slli    s6, s5, 4
core   0: 3 0x800061b4 (0x004a9b13) x22 0x0014e640
core   0: 0x800061b8 (0x00821333) sll     t1, tp, s0
core   0: 3 0x800061b8 (0x00821333) x 6 0xf4d193e8
core   0: 0x800061bc (0x025f46b3) div     a3, t5, t0
core   0: 3 0x800061bc (0x025f46b3) x13 0xffffffc7
core   0: 0x800061c0 (0x00b01093) slli    ra, zero, 11
core   0: 3 0x800061c0 (0x00b01093) x 1 0x00000000
core   0: 0x800061c4 (0x0365e9b3) rem     s3, a1, s6
core   0: 3 0x800061c4 (0x0365e9b3) x19 0x00000000
core   0: 0x800061c8 (0x73d04593) xori    a1, zero, 1853
core   0: 3 0x800061c8 (0x73d04593) x11 0x0000073d
core   0: 0x800061cc (0x02c03733) mulhu   a4, zero, a2
core   0: 3 0x800061cc (0x02c03733) x14 0x00000000
core   0: 0x800061d0 (0xcb146517) auipc   a0, 0xcb146
core   0: 3 0x800061d0 (0xcb146517) x10 0x4b14c1d0
core   0: 0x800061d4 (0x0ff28d93) addi    s11, t0, 255
core   0: 3 0x800061d4 (0x0ff28d93) x27 0x0121c122
core   0: 0x800061d8 (0xdca4b2b7) lui     t0, 0xdca4b
core   0: 3 0x800061d8 (0xdca4b2b7) x 5 0xdca4b000
core   0: 0x800061dc (0x037e7533) remu    a0, t3, s7
core   0: 3 0x800061dc (0x037e7533) x10 0x81234d08
core   0: 0x800061e0 (0x03814233) div     tp, sp, s8
core   0: 3 0x800061e0 (0x03814233) x 4 0x7ffe731c
core   0: 0x800061e4 (0xf9f621b7) lui     gp, 0xf9f62
core   0: 3 0x800061e4 (0xf9f621b7) x 3 0xf9f62000
core   0: 0x800061e8 (0x00dd11b3) sll     gp, s10, a3
core   0: 3 0x800061e8 (0x00dd11b3) x 3 0x00000000
core   0: 0x800061ec (0x016b65b3) or      a1, s6, s6
core   0: 3 0x800061ec (0x016b65b3) x11 0x0014e640
core   0: 0x800061f0 (0x4057dfb3) sra     t6, a5, t0
core   0: 3 0x800061f0 (0x4057dfb3) x31 0x0000012c
core   0: 0x800061f4 (0x6c064213) xori    tp, a2, 1728
core   0: 3 0x800061f4 (0x6c064213) x 4 0xf018fda0
core   0: 0x800061f8 (0x00000013) nop
core   0: 3 0x800061f8 (0x00000013)
core   0: 0x800061fc (0x001489b3) add     s3, s1, ra
core   0: 3 0x800061fc (0x001489b3) x19 0x00000001
core   0: 0x80006200 (0x00a11b93) slli    s7, sp, 10
core   0: 3 0x80006200 (0x00a11b93) x23 0x06339000
core   0: 0x80006204 (0x00000013) nop
core   0: 3 0x80006204 (0x00000013)
core   0: 0x80006208 (0x41565593) srai    a1, a2, 21
core   0: 3 0x80006208 (0x41565593) x11 0xffffff80
core   0: 0x8000620c (0x010e23b3) slt     t2, t3, a6
core   0: 3 0x8000620c (0x010e23b3) x 7 0x00000001
core   0: 0x80006210 (0x026029b3) mulhsu  s3, zero, t1
core   0: 3 0x80006210 (0x026029b3) x19 0x00000000
core   0: 0x80006214 (0x25ebf213) andi    tp, s7, 606
core   0: 3 0x80006214 (0x25ebf213) x 4 0x00000000
core   0: 0x80006218 (0x7ec0ae93) slti    t4, ra, 2028
core   0: 3 0x80006218 (0x7ec0ae93) x29 0x00000001
core   0: 0x8000621c (0x01765313) srli    t1, a2, 23
core   0: 3 0x8000621c (0x01765313) x 6 0x000001e0
core   0: 0x80006220 (0x024c8033) mul     zero, s9, tp
core   0: 3 0x80006220 (0x024c8033)
core   0: 0x80006224 (0xa55badb7) lui     s11, 0xa55ba
core   0: 3 0x80006224 (0xa55badb7) x27 0xa55ba000
core   0: 0x80006228 (0x00d0e933) or      s2, ra, a3
core   0: 3 0x80006228 (0x00d0e933) x18 0xffffffc7
core   0: 0x8000622c (0xd4443c93) sltiu   s9, s0, -700
core   0: 3 0x8000622c (0xd4443c93) x25 0x00000001
core   0: 0x80006230 (0xc220ee37) lui     t3, 0xc220e
core   0: 3 0x80006230 (0xc220ee37) x28 0xc220e000
core   0: 0x80006234 (0x019422b3) slt     t0, s0, s9
core   0: 3 0x80006234 (0x019422b3) x 5 0x00000001
core   0: 0x80006238 (0x00fd2433) slt     s0, s10, a5
core   0: 3 0x80006238 (0x00fd2433) x 8 0x00000001
core   0: 0x8000623c (0x1e4b0413) addi    s0, s6, 484
core   0: 3 0x8000623c (0x1e4b0413) x 8 0x0014e824
core   0: 0x80006240 (0x020ad7b3) divu    a5, s5, zero
core   0: 3 0x80006240 (0x020ad7b3) x15 0xffffffff
core   0: 0x80006244 (0x40ff0db3) sub     s11, t5, a5
core   0: 3 0x80006244 (0x40ff0db3) x27 0xbe9a327e
core   0: 0x80006248 (0x0222a1b3) mulhsu  gp, t0, sp
core   0: 3 0x80006248 (0x0222a1b3) x 3 0x00000000
core   0: 0x8000624c (0x0377a5b3) mulhsu  a1, a5, s7
core   0: 3 0x8000624c (0x0377a5b3) x11 0xffffffff
core   0: 0x80006250 (0x403e5f13) srai    t5, t3, 3
core   0: 3 0x80006250 (0x403e5f13) x30 0xf8441c00
core   0: 0x80006254 (0x0222ac33) mulhsu  s8, t0, sp
core   0: 3 0x80006254 (0x0222ac33) x24 0x00000000
core   0: 0x80006258 (0xd61b8b93) addi    s7, s7, -671
core   0: 3 0x80006258 (0xd61b8b93) x23 0x06338d61
core   0: 0x8000625c (0x002d4db3) xor     s11, s10, sp
core   0: 3 0x8000625c (0x002d4db3) x27 0x80018ce4
core   0: 0x80006260 (0x03872733) mulhsu  a4, a4, s8
core   0: 3 0x80006260 (0x03872733) x14 0x00000000
core   0: 0x80006264 (0x00582033) slt     zero, a6, t0
core   0: 3 0x80006264 (0x00582033)
core   0: 0x80006268 (0x0278f4b3) remu    s1, a7, t2
core   0: 3 0x80006268 (0x0278f4b3) x 9 0x00000000
core   0: 0x8000626c (0xa2b2d737) lui     a4, 0xa2b2d
core   0: 3 0x8000626c (0xa2b2d737) x14 0xa2b2d000
core   0: 0x80006270 (0x0057d233) srl     tp, a5, t0
core   0: 3 0x80006270 (0x0057d233) x 4 0x7fffffff
core   0: 0x80006274 (0x23fd3d93) sltiu   s11, s10, 575
core   0: 3 0x80006274 (0x23fd3d93) x27 0x00000001
core   0: 0x80006278 (0x177d8993) addi    s3, s11, 375
core   0: 3 0x80006278 (0x177d8993) x19 0x00000178
core   0: 0x8000627c (0x02f879b3) remu    s3, a6, a5
core   0: 3 0x8000627c (0x02f879b3) x19 0x00000738
core   0: 0x80006280 (0x012b5313) srli    t1, s6, 18
core   0: 3 0x80006280 (0x012b5313) x 6 0x00000005
core   0: 0x80006284 (0x008172b3) and     t0, sp, s0
core   0: 3 0x80006284 (0x008172b3) x 5 0x00008824
core   0: 0x80006288 (0x401d5d13) srai    s10, s10, 1
core   0: 3 0x80006288 (0x401d5d13) x26 0x00000000
core   0: 0x8000628c (0x014f31b3) sltu    gp, t5, s4
core   0: 3 0x8000628c (0x014f31b3) x 3 0x00000000
core   0: 0x80006290 (0x02492733) mulhsu  a4, s2, tp
core   0: 3 0x80006290 (0x02492733) x14 0xffffffe3
core   0: 0x80006294 (0x02468833) mul     a6, a3, tp
core   0: 3 0x80006294 (0x02468833) x16 0x80000039
core   0: 0x80006298 (0x01b886b3) add     a3, a7, s11
core   0: 3 0x80006298 (0x01b886b3) x13 0x00000001
core   0: 0x8000629c (0x01e6bc33) sltu    s8, a3, t5
core   0: 3 0x8000629c (0x01e6bc33) x24 0x00000001
core   0: 0x800062a0 (0x00000013) nop
core   0: 3 0x800062a0 (0x00000013)
core   0: 0x800062a4 (0xb86d3d13) sltiu   s10, s10, -1146
core   0: 3 0x800062a4 (0xb86d3d13) x26 0x00000001
core   0: 0x800062a8 (0x00fccd33) xor     s10, s9, a5
core   0: 3 0x800062a8 (0x00fccd33) x26 0xfffffffe
core   0: 0x800062ac (0x405fd6b3) sra     a3, t6, t0
core   0: 3 0x800062ac (0x405fd6b3) x13 0x00000012
core   0: 0x800062b0 (0x0186a5b3) slt     a1, a3, s8
core   0: 3 0x800062b0 (0x0186a5b3) x11 0x00000000
core   0: 0x800062b4 (0x01ac1793) slli    a5, s8, 26
core   0: 3 0x800062b4 (0x01ac1793) x15 0x04000000
core   0: 0x800062b8 (0x03a58a33) mul     s4, a1, s10
core   0: 3 0x800062b8 (0x03a58a33) x20 0x00000000
core   0: 0x800062bc (0x03aa3bb3) mulhu   s7, s4, s10
core   0: 3 0x800062bc (0x03aa3bb3) x23 0x00000000
core   0: 0x800062c0 (0x677b7413) andi    s0, s6, 1655
core   0: 3 0x800062c0 (0x677b7413) x 8 0x00000640
core   0: 0x800062c4 (0x8c298437) lui     s0, 0x8c298
core   0: 3 0x800062c4 (0x8c298437) x 8 0x8c298000
core   0: 0x800062c8 (0x99c5f4b7) lui     s1, 0x99c5f
core   0: 3 0x800062c8 (0x99c5f4b7) x 9 0x99c5f000
core   0: 0x800062cc (0x01065693) srli    a3, a2, 16
core   0: 3 0x800062cc (0x01065693) x13 0x0000f018
core   0: 0x800062d0 (0xa6196213) ori     tp, s2, -1439
core   0: 3 0x800062d0 (0xa6196213) x 4 0xffffffe7
core   0: 0x800062d4 (0x03748eb3) mul     t4, s1, s7
core   0: 3 0x800062d4 (0x03748eb3) x29 0x00000000
core   0: 0x800062d8 (0x404fdc13) srai    s8, t6, 4
core   0: 3 0x800062d8 (0x404fdc13) x24 0x00000012
core   0: 0x800062dc (0x2c22ab13) slti    s6, t0, 706
core   0: 3 0x800062dc (0x2c22ab13) x22 0x00000000
core   0: 0x800062e0 (0x414788b3) sub     a7, a5, s4
core   0: 3 0x800062e0 (0x414788b3) x17 0x04000000
core   0: 0x800062e4 (0x0362c6b3) div     a3, t0, s6
core   0: 3 0x800062e4 (0x0362c6b3) x13 0xffffffff
core   0: 0x800062e8 (0x0141f733) and     a4, gp, s4
core   0: 3 0x800062e8 (0x0141f733) x14 0x00000000
core   0: 0x800062ec (0x02111eb3) mulh    t4, sp, ra
core   0: 3 0x800062ec (0x02111eb3) x29 0x00000000
core   0: 0x800062f0 (0x02693933) mulhu   s2, s2, t1
core   0: 3 0x800062f0 (0x02693933) x18 0x00000004
core   0: 0x800062f4 (0x40a707b3) sub     a5, a4, a0
core   0: 3 0x800062f4 (0x40a707b3) x15 0x7edcb2f8
core   0: 0x800062f8 (0x40365333) sra     t1, a2, gp
core   0: 3 0x800062f8 (0x40365333) x 6 0xf018fb60
core   0: 0x800062fc (0x19f75737) lui     a4, 0x19f75
core   0: 3 0x800062fc (0x19f75737) x14 0x19f75000
core   0: 0x80006300 (0xa107f293) andi    t0, a5, -1520
core   0: 3 0x80006300 (0xa107f293) x 5 0x7edcb210
core   0: 0x80006304 (0x00000013) nop
core   0: 3 0x80006304 (0x00000013)
core   0: 0x80006308 (0x02f4d433) divu    s0, s1, a5
core   0: 3 0x80006308 (0x02f4d433) x 8 0x00000001
core   0: 0x8000630c (0x0214fa33) remu    s4, s1, ra
core   0: 3 0x8000630c (0x0214fa33) x20 0x99c5f000
core   0: 0x80006310 (0xec6e8737) lui     a4, 0xec6e8
core   0: 3 0x80006310 (0xec6e8737) x14 0xec6e8000
core   0: 0x80006314 (0xefd99a17) auipc   s4, 0xefd99
core   0: 3 0x80006314 (0xefd99a17) x20 0x6fd9f314
core   0: 0x80006318 (0x01a73b33) sltu    s6, a4, s10
core   0: 3 0x80006318 (0x01a73b33) x22 0x00000001
core   0: 0x8000631c (0x00cc0033) add     zero, s8, a2
core   0: 3 0x8000631c (0x00cc0033)
core   0: 0x80006320 (0xd739cdb7) lui     s11, 0xd739c
core   0: 3 0x80006320 (0xd739cdb7) x27 0xd739c000
core   0: 0x80006324 (0xd8cab413) sltiu   s0, s5, -628
core   0: 3 0x80006324 (0xd8cab413) x 8 0x00000001
core   0: 0x80006328 (0x015d9933) sll     s2, s11, s5
core   0: 3 0x80006328 (0x015d9933) x18 0x739c0000
core   0: 0x8000632c (0x418dd593) srai    a1, s11, 24
core   0: 3 0x8000632c (0x418dd593) x11 0xffffffd7
core   0: 0x80006330 (0x50553713) sltiu   a4, a0, 1285
core   0: 3 0x80006330 (0x50553713) x14 0x00000000
core   0: 0x80006334 (0xebbab093) sltiu   ra, s5, -325
core   0: 3 0x80006334 (0xebbab093) x 1 0x00000001
core   0: 0x80006338 (0x02784033) div     zero, a6, t2
core   0: 3 0x80006338 (0x02784033)
core   0: 0x8000633c (0x02292eb3) mulhsu  t4, s2, sp
core   0: 3 0x8000633c (0x02292eb3) x29 0x39ceb33c
core   0: 0x80006340 (0x028248b3) div     a7, tp, s0
core   0: 3 0x80006340 (0x028248b3) x17 0xffffffe7
core   0: 0x80006344 (0x9a02f813) andi    a6, t0, -1632
core   0: 3 0x80006344 (0x9a02f813) x16 0x7edcb000
core   0: 0x80006348 (0xd4f1ac13) slti    s8, gp, -689
core   0: 3 0x80006348 (0xd4f1ac13) x24 0x00000000
core   0: 0x8000634c (0x06d63693) sltiu   a3, a2, 109
core   0: 3 0x8000634c (0x06d63693) x13 0x00000000
core   0: 0x80006350 (0x003d8d33) add     s10, s11, gp
core   0: 3 0x80006350 (0x003d8d33) x26 0xd739c000
core   0: 0x80006354 (0xa98b4e17) auipc   t3, 0xa98b4
core   0: 3 0x80006354 (0xa98b4e17) x28 0x298ba354
core   0: 0x80006358 (0x4092dfb3) sra     t6, t0, s1
core   0: 3 0x80006358 (0x4092dfb3) x31 0x7edcb210
core   0: 0x8000635c (0x40a3d413) srai    s0, t2, 10
core   0: 3 0x8000635c (0x40a3d413) x 8 0x00000000
core   0: 0x80006360 (0x41fe5b93) srai    s7, t3, 31
core   0: 3 0x80006360 (0x41fe5b93) x23 0x00000000
core   0: 0x80006364 (0x00076233) or      tp, a4, zero
core   0: 3 0x80006364 (0x00076233) x 4 0x00000000
core   0: 0x80006368 (0x03e31d33) mulh    s10, t1, t5
core   0: 3 0x80006368 (0x03e31d33) x26 0x007afd0a
core   0: 0x8000636c (0x17ee1217) auipc   tp, 0x17ee1
core   0: 3 0x8000636c (0x17ee1217) x 4 0x97ee736c
core   0: 0x80006370 (0x030b37b3) mulhu   a5, s6, a6
core   0: 3 0x80006370 (0x030b37b3) x15 0x00000000
core   0: 0x80006374 (0x44a8c193) xori    gp, a7, 1098
core   0: 3 0x80006374 (0x44a8c193) x 3 0xfffffbad
core   0: 0x80006378 (0x026b6533) rem     a0, s6, t1
core   0: 3 0x80006378 (0x026b6533) x10 0x00000001
core   0: 0x8000637c (0x598b7393) andi    t2, s6, 1432
core   0: 3 0x8000637c (0x598b7393) x 7 0x00000000
core   0: 0x80006380 (0x01207233) and     tp, zero, s2
core   0: 3 0x80006380 (0x01207233) x 4 0x00000000
core   0: 0x80006384 (0x03a28833) mul     a6, t0, s10
core   0: 3 0x80006384 (0x03a28833) x16 0xec38c4a0
core   0: 0x80006388 (0x01b4cfb3) xor     t6, s1, s11
core   0: 3 0x80006388 (0x01b4cfb3) x31 0x4efc3000
core   0: 0x8000638c (0xf6572093) slti    ra, a4, -155
core   0: 3 0x8000638c (0xf6572093) x 1 0x00000000
core   0: 0x80006390 (0x03dbc4b3) div     s1, s7, t4
core   0: 3 0x80006390 (0x03dbc4b3) x 9 0x00000000
core   0: 0x80006394 (0x02b0c813) xori    a6, ra, 43
core   0: 3 0x80006394 (0x02b0c813) x16 0x0000002b
core   0: 0x80006398 (0x535baf93) slti    t6, s7, 1333
core   0: 3 0x80006398 (0x535baf93) x31 0x00000001
core   0: 0x8000639c (0x019d14b3) sll     s1, s10, s9
core   0: 3 0x8000639c (0x019d14b3) x 9 0x00f5fa14
core   0: 0x800063a0 (0x004c22b3) slt     t0, s8, tp
core   0: 3 0x800063a0 (0x004c22b3) x 5 0x00000000
core   0: 0x800063a4 (0x02bc44b3) div     s1, s8, a1
core   0: 3 0x800063a4 (0x02bc44b3) x 9 0x00000000
core   0: 0x800063a8 (0x028707b3) mul     a5, a4, s0
core   0: 3 0x800063a8 (0x028707b3) x15 0x00000000
core   0: 0x800063ac (0x01119213) slli    tp, gp, 17
core   0: 3 0x800063ac (0x01119213) x 4 0xf75a0000
core   0: 0x800063b0 (0x413ad733) sra     a4, s5, s3
core   0: 3 0x800063b0 (0x413ad733) x14 0xffffff80
core   0: 0x800063b4 (0x03ea8eb3) mul     t4, s5, t5
core   0: 3 0x800063b4 (0x03ea8eb3) x29 0xd722f000
core   0: 0x800063b8 (0x01291413) slli    s0, s2, 18
core   0: 3 0x800063b8 (0x01291413) x 8 0x00000000
core   0: 0x800063bc (0x02fc2db3) mulhsu  s11, s8, a5
core   0: 3 0x800063bc (0x02fc2db3) x27 0x00000000
core   0: 0x800063c0 (0x017da733) slt     a4, s11, s7
core   0: 3 0x800063c0 (0x017da733) x14 0x00000000
core   0: 0x800063c4 (0x02ca3833) mulhu   a6, s4, a2
core   0: 3 0x800063c4 (0x02ca3833) x16 0x68e73e26
core   0: 0x800063c8 (0x022ea8b3) mulhsu  a7, t4, sp
core   0: 3 0x800063c8 (0x022ea8b3) x17 0xeb9138a5
core   0: 0x800063cc (0x01efff33) and     t5, t6, t5
core   0: 3 0x800063cc (0x01efff33) x30 0x00000000
core   0: 0x800063d0 (0xc4b0ba13) sltiu   s4, ra, -949
core   0: 3 0x800063d0 (0xc4b0ba13) x20 0x00000001
core   0: 0x800063d4 (0x419a00b3) sub     ra, s4, s9
core   0: 3 0x800063d4 (0x419a00b3) x 1 0x00000000
core   0: 0x800063d8 (0x02d80233) mul     tp, a6, a3
core   0: 3 0x800063d8 (0x02d80233) x 4 0x00000000
core   0: 0x800063dc (0x014b5cb3) srl     s9, s6, s4
core   0: 3 0x800063dc (0x014b5cb3) x25 0x00000000
core   0: 0x800063e0 (0xea94aeb7) lui     t4, 0xea94a
core   0: 3 0x800063e0 (0xea94aeb7) x29 0xea94a000
core   0: 0x800063e4 (0x03464b37) lui     s6, 0x3464
core   0: 3 0x800063e4 (0x03464b37) x22 0x03464000
core   0: 0x800063e8 (0x026478b3) remu    a7, s0, t1
core   0: 3 0x800063e8 (0x026478b3) x17 0x00000000
core   0: 0x800063ec (0x4190df13) srai    t5, ra, 25
core   0: 3 0x800063ec (0x4190df13) x30 0x00000000
core   0: 0x800063f0 (0x00000013) nop
core   0: 3 0x800063f0 (0x00000013)
core   0: 0x800063f4 (0x487fcb93) xori    s7, t6, 1159
core   0: 3 0x800063f4 (0x487fcb93) x23 0x00000486
core   0: 0x800063f8 (0xc9c94013) xori    zero, s2, -868
core   0: 3 0x800063f8 (0xc9c94013)
core   0: 0x800063fc (0x028297b3) mulh    a5, t0, s0
core   0: 3 0x800063fc (0x028297b3) x15 0x00000000
core   0: 0x80006400 (0x00e29d93) slli    s11, t0, 14
core   0: 3 0x80006400 (0x00e29d93) x27 0x00000000
core   0: 0x80006404 (0x00000013) nop
core   0: 3 0x80006404 (0x00000013)
core   0: 0x80006408 (0x0096bdb3) sltu    s11, a3, s1
core   0: 3 0x80006408 (0x0096bdb3) x27 0x00000000
core   0: 0x8000640c (0x018bbfb3) sltu    t6, s7, s8
core   0: 3 0x8000640c (0x018bbfb3) x31 0x00000000
core   0: 0x80006410 (0x00bd3d33) sltu    s10, s10, a1
core   0: 3 0x80006410 (0x00bd3d33) x26 0x00000001
core   0: 0x80006414 (0x099ac597) auipc   a1, 0x99ac
core   0: 3 0x80006414 (0x099ac597) x11 0x899b2414
core   0: 0x80006418 (0xe74d0713) addi    a4, s10, -396
core   0: 3 0x80006418 (0xe74d0713) x14 0xfffffe75
core   0: 0x8000641c (0x01767e33) and     t3, a2, s7
core   0: 3 0x8000641c (0x01767e33) x28 0x00000000
core   0: 0x80006420 (0x02c9e033) rem     zero, s3, a2
core   0: 3 0x80006420 (0x02c9e033)
core   0: 0x80006424 (0x02b9ab33) mulhsu  s6, s3, a1
core   0: 3 0x80006424 (0x02b9ab33) x22 0x000003e1
core   0: 0x80006428 (0x02615bb3) divu    s7, sp, t1
core   0: 3 0x80006428 (0x02615bb3) x23 0x00000000
core   0: 0x8000642c (0xa87e6513) ori     a0, t3, -1401
core   0: 3 0x8000642c (0xa87e6513) x10 0xfffffa87
core   0: 0x80006430 (0x008b1c33) sll     s8, s6, s0
core   0: 3 0x80006430 (0x008b1c33) x24 0x000003e1
core   0: 0x80006434 (0xab90c193) xori    gp, ra, -1351
core   0: 3 0x80006434 (0xab90c193) x 3 0xfffffab9
core   0: 0x80006438 (0x00000013) nop
core   0: 3 0x80006438 (0x00000013)
core   0: 0x8000643c (0x03fa68b3) rem     a7, s4, t6
core   0: 3 0x8000643c (0x03fa68b3) x17 0x00000001
core   0: 0x80006440 (0x02c1ae33) mulhsu  t3, gp, a2
core   0: 3 0x80006440 (0x02c1ae33) x28 0xfffffb0c
core   0: 0x80006444 (0x00000013) nop
core   0: 3 0x80006444 (0x00000013)
core   0: 0x80006448 (0xcffc2013) slti    zero, s8, -769
core   0: 3 0x80006448 (0xcffc2013)
core   0: 0x8000644c (0x00543333) sltu    t1, s0, t0
core   0: 3 0x8000644c (0x00543333) x 6 0x00000000
core   0: 0x80006450 (0x00e597b3) sll     a5, a1, a4
core   0: 3 0x80006450 (0x00e597b3) x15 0x82800000
core   0: 0x80006454 (0x0075cfb3) xor     t6, a1, t2
core   0: 3 0x80006454 (0x0075cfb3) x31 0x899b2414
core   0: 0x80006458 (0x01833833) sltu    a6, t1, s8
core   0: 3 0x80006458 (0x01833833) x16 0x00000001
core   0: 0x8000645c (0x40585293) srai    t0, a6, 5
core   0: 3 0x8000645c (0x40585293) x 5 0x00000000
core   0: 0x80006460 (0x01072733) slt     a4, a4, a6
core   0: 3 0x80006460 (0x01072733) x14 0x00000001
core   0: 0x80006464 (0x560b8f37) lui     t5, 0x560b8
core   0: 3 0x80006464 (0x560b8f37) x30 0x560b8000
core   0: 0x80006468 (0x000bd733) srl     a4, s7, zero
core   0: 3 0x80006468 (0x000bd733) x14 0x00000000
core   0: 0x8000646c (0xb59f0d13) addi    s10, t5, -1191
core   0: 3 0x8000646c (0xb59f0d13) x26 0x560b7b59
core   0: 0x80006470 (0xb82c3893) sltiu   a7, s8, -1150
core   0: 3 0x80006470 (0xb82c3893) x17 0x00000001
core   0: 0x80006474 (0x02cbb533) mulhu   a0, s7, a2
core   0: 3 0x80006474 (0x02cbb533) x10 0x00000000
core   0: 0x80006478 (0x03d64eb3) div     t4, a2, t4
core   0: 3 0x80006478 (0x03d64eb3) x29 0x00000000
core   0: 0x8000647c (0x012d44b3) xor     s1, s10, s2
core   0: 3 0x8000647c (0x012d44b3) x 9 0x25977b59
core   0: 0x80006480 (0x00eed293) srli    t0, t4, 14
core   0: 3 0x80006480 (0x00eed293) x 5 0x00000000
core   0: 0x80006484 (0x03635a33) divu    s4, t1, s6
core   0: 3 0x80006484 (0x03635a33) x20 0x00000000
core   0: 0x80006488 (0x038c37b3) mulhu   a5, s8, s8
core   0: 3 0x80006488 (0x038c37b3) x15 0x00000000
core   0: 0x8000648c (0x0000af33) slt     t5, ra, zero
core   0: 3 0x8000648c (0x0000af33) x30 0x00000000
core   0: 0x80006490 (0x40dd5bb3) sra     s7, s10, a3
core   0: 3 0x80006490 (0x40dd5bb3) x23 0x560b7b59
core   0: 0x80006494 (0x0160d433) srl     s0, ra, s6
core   0: 3 0x80006494 (0x0160d433) x 8 0x00000000
core   0: 0x80006498 (0x41530b33) sub     s6, t1, s5
core   0: 3 0x80006498 (0x41530b33) x22 0x7ffeb19c
core   0: 0x8000649c (0xb1c705b7) lui     a1, 0xb1c70
core   0: 3 0x8000649c (0xb1c705b7) x11 0xb1c70000
core   0: 0x800064a0 (0x016622b3) slt     t0, a2, s6
core   0: 3 0x800064a0 (0x016622b3) x 5 0x00000001
core   0: 0x800064a4 (0x01b22db3) slt     s11, tp, s11
core   0: 3 0x800064a4 (0x01b22db3) x27 0x00000000
core   0: 0x800064a8 (0x41e4dd13) srai    s10, s1, 30
core   0: 3 0x800064a8 (0x41e4dd13) x26 0x00000000
core   0: 0x800064ac (0xa0102393) slti    t2, zero, -1535
core   0: 3 0x800064ac (0xa0102393) x 7 0x00000000
core   0: 0x800064b0 (0x017f5433) srl     s0, t5, s7
core   0: 3 0x800064b0 (0x017f5433) x 8 0x00000000
core   0: 0x800064b4 (0x407adf33) sra     t5, s5, t2
core   0: 3 0x800064b4 (0x407adf33) x30 0x80014e64
core   0: 0x800064b8 (0xb1d24317) auipc   t1, 0xb1d24
core   0: 3 0x800064b8 (0xb1d24317) x 6 0x31d2a4b8
core   0: 0x800064bc (0x00822e33) slt     t3, tp, s0
core   0: 3 0x800064bc (0x00822e33) x28 0x00000000
core   0: 0x800064c0 (0x02c5bbb3) mulhu   s7, a1, a2
core   0: 3 0x800064c0 (0x02c5bbb3) x23 0xa6bbe938
core   0: 0x800064c4 (0x011a9cb3) sll     s9, s5, a7
core   0: 3 0x800064c4 (0x011a9cb3) x25 0x00029cc8
core   0: 0x800064c8 (0x0104d893) srli    a7, s1, 16
core   0: 3 0x800064c8 (0x0104d893) x17 0x00002597
core   0: 0x800064cc (0xcbdf0393) addi    t2, t5, -835
core   0: 3 0x800064cc (0xcbdf0393) x 7 0x80014b21
core   0: 0x800064d0 (0x406f5233) sra     tp, t5, t1
core   0: 3 0x800064d0 (0x406f5233) x 4 0xffffff80
core   0: 0x800064d4 (0x020e78b3) remu    a7, t3, zero
core   0: 3 0x800064d4 (0x020e78b3) x17 0x00000000
core   0: 0x800064d8 (0x01321913) slli    s2, tp, 19
core   0: 3 0x800064d8 (0x01321913) x18 0xfc000000
core   0: 0x800064dc (0x01cc9713) slli    a4, s9, 28
core   0: 3 0x800064dc (0x01cc9713) x14 0x80000000
core   0: 0x800064e0 (0x73a56193) ori     gp, a0, 1850
core   0: 3 0x800064e0 (0x73a56193) x 3 0x0000073a
core   0: 0x800064e4 (0x59fac513) xori    a0, s5, 1439
core   0: 3 0x800064e4 (0x59fac513) x10 0x80014bfb
core   0: 0x800064e8 (0x338709b7) lui     s3, 0x33870
core   0: 3 0x800064e8 (0x338709b7) x19 0x33870000
core   0: 0x800064ec (0xc814e993) ori     s3, s1, -895
core   0: 3 0x800064ec (0xc814e993) x19 0xffffffd9
core   0: 0x800064f0 (0xd57ac913) xori    s2, s5, -681
core   0: 3 0x800064f0 (0xd57ac913) x18 0x7ffeb333
core   0: 0x800064f4 (0x01289813) slli    a6, a7, 18
core   0: 3 0x800064f4 (0x01289813) x16 0x00000000
core   0: 0x800064f8 (0x0015b8b3) sltu    a7, a1, ra
core   0: 3 0x800064f8 (0x0015b8b3) x17 0x00000000
core   0: 0x800064fc (0x40d780b3) sub     ra, a5, a3
core   0: 3 0x800064fc (0x40d780b3) x 1 0x00000000
core   0: 0x80006500 (0xb9aa6993) ori     s3, s4, -1126
core   0: 3 0x80006500 (0xb9aa6993) x19 0xfffffb9a
core   0: 0x80006504 (0x03cfcb33) div     s6, t6, t3
core   0: 3 0x80006504 (0x03cfcb33) x22 0xffffffff
core   0: 0x80006508 (0x0088c833) xor     a6, a7, s0
core   0: 3 0x80006508 (0x0088c833) x16 0x00000000
core   0: 0x8000650c (0x02de3733) mulhu   a4, t3, a3
core   0: 3 0x8000650c (0x02de3733) x14 0x00000000
core   0: 0x80006510 (0x001fd313) srli    t1, t6, 1
core   0: 3 0x80006510 (0x001fd313) x 6 0x44cd920a
core   0: 0x80006514 (0x018c9bb3) sll     s7, s9, s8
core   0: 3 0x80006514 (0x018c9bb3) x23 0x00053990
core   0: 0x80006518 (0x01bb5513) srli    a0, s6, 27
core   0: 3 0x80006518 (0x01bb5513) x10 0x0000001f
core   0: 0x8000651c (0x002f86b3) add     a3, t6, sp
core   0: 3 0x8000651c (0x002f86b3) x13 0x099cb0f8
core   0: 0x80006520 (0x59a07397) auipc   t2, 0x59a07
core   0: 3 0x80006520 (0x59a07397) x 7 0xd9a0d520
core   0: 0x80006524 (0x013d1a13) slli    s4, s10, 19
core   0: 3 0x80006524 (0x013d1a13) x20 0x00000000
core   0: 0x80006528 (0x8a63e713) ori     a4, t2, -1882
core   0: 3 0x80006528 (0x8a63e713) x14 0xfffffda6
core   0: 0x8000652c (0x039db733) mulhu   a4, s11, s9
core   0: 3 0x8000652c (0x039db733) x14 0x00000000
core   0: 0x80006530 (0x010c4733) xor     a4, s8, a6
core   0: 3 0x80006530 (0x010c4733) x14 0x000003e1
core   0: 0x80006534 (0x01c07533) and     a0, zero, t3
core   0: 3 0x80006534 (0x01c07533) x10 0x00000000
core   0: 0x80006538 (0x02930cb3) mul     s9, t1, s1
core   0: 3 0x80006538 (0x02930cb3) x25 0x4688937a
core   0: 0x8000653c (0x40ec5213) srai    tp, s8, 14
core   0: 3 0x8000653c (0x40ec5213) x 4 0x00000000
core   0: 0x80006540 (0x00ed66b3) or      a3, s10, a4
core   0: 3 0x80006540 (0x00ed66b3) x13 0x000003e1
core   0: 0x80006544 (0x029e1a33) mulh    s4, t3, s1
core   0: 3 0x80006544 (0x029e1a33) x20 0x00000000
core   0: 0x80006548 (0x0333a833) mulhsu  a6, t2, s3
core   0: 3 0x80006548 (0x0333a833) x16 0xd9a0d5c8
core   0: 0x8000654c (0x016528b3) slt     a7, a0, s6
core   0: 3 0x8000654c (0x016528b3) x17 0x00000000
core   0: 0x80006550 (0x00e073b3) and     t2, zero, a4
core   0: 3 0x80006550 (0x00e073b3) x 7 0x00000000
core   0: 0x80006554 (0x02e002b3) mul     t0, zero, a4
core   0: 3 0x80006554 (0x02e002b3) x 5 0x00000000
core   0: 0x80006558 (0x00531033) sll     zero, t1, t0
core   0: 3 0x80006558 (0x00531033)
core   0: 0x8000655c (0x43c4b317) auipc   t1, 0x43c4b
core   0: 3 0x8000655c (0x43c4b317) x 6 0xc3c5155c
core   0: 0x80006560 (0x4159d533) sra     a0, s3, s5
core   0: 3 0x80006560 (0x4159d533) x10 0xffffffb9
core   0: 0x80006564 (0x02e4feb3) remu    t4, s1, a4
core   0: 3 0x80006564 (0x02e4feb3) x29 0x0000019f
core   0: 0x80006568 (0xa27cb093) sltiu   ra, s9, -1497
core   0: 3 0x80006568 (0xa27cb093) x 1 0x00000001
core   0: 0x8000656c (0x03719f33) mulh    t5, gp, s7
core   0: 3 0x8000656c (0x03719f33) x30 0x00000000
core   0: 0x80006570 (0x02f91a33) mulh    s4, s2, a5
core   0: 3 0x80006570 (0x02f91a33) x20 0x00000000
core   0: 0x80006574 (0x0077ef33) or      t5, a5, t2
core   0: 3 0x80006574 (0x0077ef33) x30 0x00000000
core   0: 0x80006578 (0x01e33997) auipc   s3, 0x1e33
core   0: 3 0x80006578 (0x01e33997) x19 0x81e39578
core   0: 0x8000657c (0x02111cb3) mulh    s9, sp, ra
core   0: 3 0x8000657c (0x02111cb3) x25 0xffffffff
core   0: 0x80006580 (0x038341b3) div     gp, t1, s8
core   0: 3 0x80006580 (0x038341b3) x 3 0xfff078ef
core   0: 0x80006584 (0x013e8eb3) add     t4, t4, s3
core   0: 3 0x80006584 (0x013e8eb3) x29 0x81e39717
core   0: 0x80006588 (0x015c51b3) srl     gp, s8, s5
core   0: 3 0x80006588 (0x015c51b3) x 3 0x0000003e
core   0: 0x8000658c (0x010f12b3) sll     t0, t5, a6
core   0: 3 0x8000658c (0x010f12b3) x 5 0x00000000
core   0: 0x80006590 (0x41fad8b3) sra     a7, s5, t6
core   0: 3 0x80006590 (0x41fad8b3) x17 0xfffff800
core   0: 0x80006594 (0xcc2b7c13) andi    s8, s6, -830
core   0: 3 0x80006594 (0xcc2b7c13) x24 0xfffffcc2
core   0: 0x80006598 (0x02479db3) mulh    s11, a5, tp
core   0: 3 0x80006598 (0x02479db3) x27 0x00000000
core   0: 0x8000659c (0xe5564c13) xori    s8, a2, -427
core   0: 3 0x8000659c (0xe5564c13) x24 0x0fe70535
core   0: 0x800065a0 (0x00f26cb3) or      s9, tp, a5
core   0: 3 0x800065a0 (0x00f26cb3) x25 0x00000000
core   0: 0x800065a4 (0x03a552b3) divu    t0, a0, s10
core   0: 3 0x800065a4 (0x03a552b3) x 5 0xffffffff
core   0: 0x800065a8 (0x021bdeb3) divu    t4, s7, ra
core   0: 3 0x800065a8 (0x021bdeb3) x29 0x00053990
core   0: 0x800065ac (0x01362eb3) slt     t4, a2, s3
core   0: 3 0x800065ac (0x01362eb3) x29 0x00000000
core   0: 0x800065b0 (0x69f7ba17) auipc   s4, 0x69f7b
core   0: 3 0x800065b0 (0x69f7ba17) x20 0xe9f815b0
core   0: 0x800065b4 (0x010d55b3) srl     a1, s10, a6
core   0: 3 0x800065b4 (0x010d55b3) x11 0x00000000
core   0: 0x800065b8 (0x00a2d393) srli    t2, t0, 10
core   0: 3 0x800065b8 (0x00a2d393) x 7 0x003fffff
core   0: 0x800065bc (0x0246beb3) mulhu   t4, a3, tp
core   0: 3 0x800065bc (0x0246beb3) x29 0x00000000
core   0: 0x800065c0 (0xa7e8f013) andi    zero, a7, -1410
core   0: 3 0x800065c0 (0xa7e8f013)
core   0: 0x800065c4 (0x001068b3) or      a7, zero, ra
core   0: 3 0x800065c4 (0x001068b3) x17 0x00000001
core   0: 0x800065c8 (0x020a70b3) remu    ra, s4, zero
core   0: 3 0x800065c8 (0x020a70b3) x 1 0xe9f815b0
core   0: 0x800065cc (0x02a32333) mulhsu  t1, t1, a0
core   0: 3 0x800065cc (0x02a32333) x 6 0xc3c5156c
core   0: 0x800065d0 (0x02351e33) mulh    t3, a0, gp
core   0: 3 0x800065d0 (0x02351e33) x28 0xffffffff
core   0: 0x800065d4 (0x024d53b3) divu    t2, s10, tp
core   0: 3 0x800065d4 (0x024d53b3) x 7 0xffffffff
core   0: 0x800065d8 (0xdb5a3a13) sltiu   s4, s4, -587
core   0: 3 0x800065d8 (0xdb5a3a13) x20 0x00000001
core   0: 0x800065dc (0x003684b3) add     s1, a3, gp
core   0: 3 0x800065dc (0x003684b3) x 9 0x0000041f
core   0: 0x800065e0 (0x00499933) sll     s2, s3, tp
core   0: 3 0x800065e0 (0x00499933) x18 0x81e39578
core   0: 0x800065e4 (0x012d7b33) and     s6, s10, s2
core   0: 3 0x800065e4 (0x012d7b33) x22 0x00000000
core   0: 0x800065e8 (0xa9b6fa13) andi    s4, a3, -1381
core   0: 3 0x800065e8 (0xa9b6fa13) x20 0x00000281
core   0: 0x800065ec (0x64593f93) sltiu   t6, s2, 1605
core   0: 3 0x800065ec (0x64593f93) x31 0x00000000
core   0: 0x800065f0 (0x03d6ac33) mulhsu  s8, a3, t4
core   0: 3 0x800065f0 (0x03d6ac33) x24 0x00000000
core   0: 0x800065f4 (0x00e758b3) srl     a7, a4, a4
core   0: 3 0x800065f4 (0x00e758b3) x17 0x000001f0
core   0: 0x800065f8 (0x01edc933) xor     s2, s11, t5
core   0: 3 0x800065f8 (0x01edc933) x18 0x00000000
core   0: 0x800065fc (0xb1e97c13) andi    s8, s2, -1250
core   0: 3 0x800065fc (0xb1e97c13) x24 0x00000000
core   0: 0x80006600 (0x41205533) sra     a0, zero, s2
core   0: 3 0x80006600 (0x41205533) x10 0x00000000
core   0: 0x80006604 (0x031981b3) mul     gp, s3, a7
core   0: 3 0x80006604 (0x031981b3) x 3 0xa8f19880
core   0: 0x80006608 (0x0394ec33) rem     s8, s1, s9
core   0: 3 0x80006608 (0x0394ec33) x24 0x0000041f
core   0: 0x8000660c (0x41f95433) sra     s0, s2, t6
core   0: 3 0x8000660c (0x41f95433) x 8 0x00000000
core   0: 0x80006610 (0x01e19e93) slli    t4, gp, 30
core   0: 3 0x80006610 (0x01e19e93) x29 0x00000000
core   0: 0x80006614 (0x404c0bb3) sub     s7, s8, tp
core   0: 3 0x80006614 (0x404c0bb3) x23 0x0000041f
core   0: 0x80006618 (0x00701313) slli    t1, zero, 7
core   0: 3 0x80006618 (0x00701313) x 6 0x00000000
core   0: 0x8000661c (0x01cc1693) slli    a3, s8, 28
core   0: 3 0x8000661c (0x01cc1693) x13 0xf0000000
core   0: 0x80006620 (0x015092b3) sll     t0, ra, s5
core   0: 3 0x80006620 (0x015092b3) x 5 0x9f815b00
core   0: 0x80006624 (0x02210eb3) mul     t4, sp, sp
core   0: 3 0x80006624 (0x02210eb3) x29 0x67522b10
core   0: 0x80006628 (0x00ea5cb3) srl     s9, s4, a4
core   0: 3 0x80006628 (0x00ea5cb3) x25 0x00000140
core   0: 0x8000662c (0x009b57b3) srl     a5, s6, s1
core   0: 3 0x8000662c (0x009b57b3) x15 0x00000000
core   0: 0x80006630 (0x027d14b3) mulh    s1, s10, t2
core   0: 3 0x80006630 (0x027d14b3) x 9 0x00000000
core   0: 0x80006634 (0x034353b3) divu    t2, t1, s4
core   0: 3 0x80006634 (0x034353b3) x 7 0x00000000
core   0: 0x80006638 (0x022983b3) mul     t2, s3, sp
core   0: 3 0x80006638 (0x022983b3) x 7 0xb9e6bee0
core   0: 0x8000663c (0x0202bc33) mulhu   s8, t0, zero
core   0: 3 0x8000663c (0x0202bc33) x24 0x00000000
core   0: 0x80006640 (0x42458493) addi    s1, a1, 1060
core   0: 3 0x80006640 (0x42458493) x 9 0x00000424
core   0: 0x80006644 (0x01791a13) slli    s4, s2, 23
core   0: 3 0x80006644 (0x01791a13) x20 0x00000000
core   0: 0x80006648 (0x02d70cb3) mul     s9, a4, a3
core   0: 3 0x80006648 (0x02d70cb3) x25 0xf0000000
core   0: 0x8000664c (0xc3850893) addi    a7, a0, -968
core   0: 3 0x8000664c (0xc3850893) x17 0xfffffc38
core   0: 0x80006650 (0x4090d833) sra     a6, ra, s1
core   0: 3 0x80006650 (0x4090d833) x16 0xfe9f815b
core   0: 0x80006654 (0x4039d193) srai    gp, s3, 3
core   0: 3 0x80006654 (0x4039d193) x 3 0xf03c72af
core   0: 0x80006658 (0x01acc0b3) xor     ra, s9, s10
core   0: 3 0x80006658 (0x01acc0b3) x 1 0xf0000000
core   0: 0x8000665c (0x03899a33) mulh    s4, s3, s8
core   0: 3 0x8000665c (0x03899a33) x20 0x00000000
core   0: 0x80006660 (0x00c9deb3) srl     t4, s3, a2
core   0: 3 0x80006660 (0x00c9deb3) x29 0x81e39578
core   0: 0x80006664 (0x025f3bb3) mulhu   s7, t5, t0
core   0: 3 0x80006664 (0x025f3bb3) x23 0x00000000
core   0: 0x80006668 (0x02f9c8b3) div     a7, s3, a5
core   0: 3 0x80006668 (0x02f9c8b3) x17 0xffffffff
core   0: 0x8000666c (0x417c5693) srai    a3, s8, 23
core   0: 3 0x8000666c (0x417c5693) x13 0x00000000
core   0: 0x80006670 (0x0102b533) sltu    a0, t0, a6
core   0: 3 0x80006670 (0x0102b533) x10 0x00000001
core   0: 0x80006674 (0x41d80033) sub     zero, a6, t4
core   0: 3 0x80006674 (0x41d80033)
core   0: 0x80006678 (0x4135d193) srai    gp, a1, 19
core   0: 3 0x80006678 (0x4135d193) x 3 0x00000000
core   0: 0x8000667c (0x0104e433) or      s0, s1, a6
core   0: 3 0x8000667c (0x0104e433) x 8 0xfe9f857f
core   0: 0x80006680 (0x987d2d93) slti    s11, s10, -1657
core   0: 3 0x80006680 (0x987d2d93) x27 0x00000000
core   0: 0x80006684 (0x006691b3) sll     gp, a3, t1
core   0: 3 0x80006684 (0x006691b3) x 3 0x00000000
core   0: 0x80006688 (0x4183d813) srai    a6, t2, 24
core   0: 3 0x80006688 (0x4183d813) x16 0xffffffb9
core   0: 0x8000668c (0x00615533) srl     a0, sp, t1
core   0: 3 0x8000668c (0x00615533) x10 0x80018ce4
core   0: 0x80006690 (0x010b5693) srli    a3, s6, 16
core   0: 3 0x80006690 (0x010b5693) x13 0x00000000
core   0: 0x80006694 (0x019d6193) ori     gp, s10, 25
core   0: 3 0x80006694 (0x019d6193) x 3 0x00000019
core   0: 0x80006698 (0x0030db33) srl     s6, ra, gp
core   0: 3 0x80006698 (0x0030db33) x22 0x00000078
core   0: 0x8000669c (0x0187a9b3) slt     s3, a5, s8
core   0: 3 0x8000669c (0x0187a9b3) x19 0x00000000
core   0: 0x800066a0 (0x90716997) auipc   s3, 0x90716
core   0: 3 0x800066a0 (0x90716997) x19 0x1071c6a0
core   0: 0x800066a4 (0x039fd433) divu    s0, t6, s9
core   0: 3 0x800066a4 (0x039fd433) x 8 0x00000000
core   0: 0x800066a8 (0x029d6e33) rem     t3, s10, s1
core   0: 3 0x800066a8 (0x029d6e33) x28 0x00000000
core   0: 0x800066ac (0x410fd713) srai    a4, t6, 16
core   0: 3 0x800066ac (0x410fd713) x14 0x00000000
core   0: 0x800066b0 (0x93c1da37) lui     s4, 0x93c1d
core   0: 3 0x800066b0 (0x93c1da37) x20 0x93c1d000
core   0: 0x800066b4 (0x03b60f33) mul     t5, a2, s11
core   0: 3 0x800066b4 (0x03b60f33) x30 0x00000000
core   0: 0x800066b8 (0x03e80433) mul     s0, a6, t5
core   0: 3 0x800066b8 (0x03e80433) x 8 0x00000000
core   0: 0x800066bc (0x6e1d7a13) andi    s4, s10, 1761
core   0: 3 0x800066bc (0x6e1d7a13) x20 0x00000000
core   0: 0x800066c0 (0x911a0393) addi    t2, s4, -1775
core   0: 3 0x800066c0 (0x911a0393) x 7 0xfffff911
core   0: 0x800066c4 (0x032c70b3) remu    ra, s8, s2
core   0: 3 0x800066c4 (0x032c70b3) x 1 0x00000000
core   0: 0x800066c8 (0x01986933) or      s2, a6, s9
core   0: 3 0x800066c8 (0x01986933) x18 0xffffffb9
core   0: 0x800066cc (0x1eff3313) sltiu   t1, t5, 495
core   0: 3 0x800066cc (0x1eff3313) x 6 0x00000001
core   0: 0x800066d0 (0x01c013b3) sll     t2, zero, t3
core   0: 3 0x800066d0 (0x01c013b3) x 7 0x00000000
core   0: 0x800066d4 (0x01497333) and     t1, s2, s4
core   0: 3 0x800066d4 (0x01497333) x 6 0x00000000
core   0: 0x800066d8 (0x028494b3) mulh    s1, s1, s0
core   0: 3 0x800066d8 (0x028494b3) x 9 0x00000000
core   0: 0x800066dc (0x0078cbb3) xor     s7, a7, t2
core   0: 3 0x800066dc (0x0078cbb3) x23 0xffffffff
core   0: 0x800066e0 (0x01566f33) or      t5, a2, s5
core   0: 3 0x800066e0 (0x01566f33) x30 0xf019ff64
core   0: 0x800066e4 (0x032e07b3) mul     a5, t3, s2
core   0: 3 0x800066e4 (0x032e07b3) x15 0x00000000
core   0: 0x800066e8 (0x40aad193) srai    gp, s5, 10
core   0: 3 0x800066e8 (0x40aad193) x 3 0xffe00053
core   0: 0x800066ec (0x023d07b3) mul     a5, s10, gp
core   0: 3 0x800066ec (0x023d07b3) x15 0x00000000
core   0: 0x800066f0 (0x412888b3) sub     a7, a7, s2
core   0: 3 0x800066f0 (0x412888b3) x17 0x00000046
core   0: 0x800066f4 (0x00077e33) and     t3, a4, zero
core   0: 3 0x800066f4 (0x00077e33) x28 0x00000000
core   0: 0x800066f8 (0x41030e33) sub     t3, t1, a6
core   0: 3 0x800066f8 (0x41030e33) x28 0x00000047
core   0: 0x800066fc (0x03a66e33) rem     t3, a2, s10
core   0: 3 0x800066fc (0x03a66e33) x28 0xf018fb60
core   0: 0x80006700 (0x41b15733) sra     a4, sp, s11
core   0: 3 0x80006700 (0x41b15733) x14 0x80018ce4
core   0: 0x80006704 (0x55bc2413) slti    s0, s8, 1371
core   0: 3 0x80006704 (0x55bc2413) x 8 0x00000001
core   0: 0x80006708 (0x5edb6e13) ori     t3, s6, 1517
core   0: 3 0x80006708 (0x5edb6e13) x28 0x000005fd
core   0: 0x8000670c (0x02d39a33) mulh    s4, t2, a3
core   0: 3 0x8000670c (0x02d39a33) x20 0x00000000
core   0: 0x80006710 (0x00000013) nop
core   0: 3 0x80006710 (0x00000013)
core   0: 0x80006714 (0x409881b3) sub     gp, a7, s1
core   0: 3 0x80006714 (0x409881b3) x 3 0x00000046
core   0: 0x80006718 (0x40aedeb3) sra     t4, t4, a0
core   0: 3 0x80006718 (0x40aedeb3) x29 0xf81e3957
core   0: 0x8000671c (0x4fe8bb93) sltiu   s7, a7, 1278
core   0: 3 0x8000671c (0x4fe8bb93) x23 0x00000001
core   0: 0x80006720 (0xbd8977b7) lui     a5, 0xbd897
core   0: 3 0x80006720 (0xbd8977b7) x15 0xbd897000
core   0: 0x80006724 (0xedeb0813) addi    a6, s6, -290
core   0: 3 0x80006724 (0xedeb0813) x16 0xffffff56
core   0: 0x80006728 (0x5764c417) auipc   s0, 0x5764c
core   0: 3 0x80006728 (0x5764c417) x 8 0xd7652728
core   0: 0x8000672c (0x8dc33693) sltiu   a3, t1, -1828
core   0: 3 0x8000672c (0x8dc33693) x13 0x00000001
core   0: 0x80006730 (0x9546f913) andi    s2, a3, -1708
core   0: 3 0x80006730 (0x9546f913) x18 0x00000000
core   0: 0x80006734 (0x03739033) mulh    zero, t2, s7
core   0: 3 0x80006734 (0x03739033)
core   0: 0x80006738 (0x01fdbc33) sltu    s8, s11, t6
core   0: 3 0x80006738 (0x01fdbc33) x24 0x00000000
core   0: 0x8000673c (0x01c9d933) srl     s2, s3, t3
core   0: 3 0x8000673c (0x01c9d933) x18 0x00000000
core   0: 0x80006740 (0x9e37b593) sltiu   a1, a5, -1565
core   0: 3 0x80006740 (0x9e37b593) x11 0x00000001
core   0: 0x80006744 (0x00f90b33) add     s6, s2, a5
core   0: 3 0x80006744 (0x00f90b33) x22 0xbd897000
core   0: 0x80006748 (0x025a7a33) remu    s4, s4, t0
core   0: 3 0x80006748 (0x025a7a33) x20 0x00000000
core   0: 0x8000674c (0x41050b33) sub     s6, a0, a6
core   0: 3 0x8000674c (0x41050b33) x22 0x80018d8e
core   0: 0x80006750 (0x7d4bb013) sltiu   zero, s7, 2004
core   0: 3 0x80006750 (0x7d4bb013)
core   0: 0x80006754 (0x01d14db3) xor     s11, sp, t4
core   0: 3 0x80006754 (0x01d14db3) x27 0x781fb5b3
core   0: 0x80006758 (0x01318533) add     a0, gp, s3
core   0: 3 0x80006758 (0x01318533) x10 0x1071c6e6
core   0: 0x8000675c (0x0115dc93) srli    s9, a1, 17
core   0: 3 0x8000675c (0x0115dc93) x25 0x00000000
core   0: 0x80006760 (0x020c0cb3) mul     s9, s8, zero
core   0: 3 0x80006760 (0x020c0cb3) x25 0x00000000
core   0: 0x80006764 (0x407f8db3) sub     s11, t6, t2
core   0: 3 0x80006764 (0x407f8db3) x27 0x00000000
core   0: 0x80006768 (0x02cac533) div     a0, s5, a2
core   0: 3 0x80006768 (0x02cac533) x10 0x00000008
core   0: 0x8000676c (0x0101dcb3) srl     s9, gp, a6
core   0: 3 0x8000676c (0x0101dcb3) x25 0x00000000
core   0: 0x80006770 (0xc480b593) sltiu   a1, ra, -952
core   0: 3 0x80006770 (0xc480b593) x11 0x00000001
core   0: 0x80006774 (0x40805393) srai    t2, zero, 8
core   0: 3 0x80006774 (0x40805393) x 7 0x00000000
core   0: 0x80006778 (0x01212033) slt     zero, sp, s2
core   0: 3 0x80006778 (0x01212033)
core   0: 0x8000677c (0x3a457a13) andi    s4, a0, 932
core   0: 3 0x8000677c (0x3a457a13) x20 0x00000000
core   0: 0x80006780 (0x01da51b3) srl     gp, s4, t4
core   0: 3 0x80006780 (0x01da51b3) x 3 0x00000000
core   0: 0x80006784 (0x403007b3) sub     a5, zero, gp
core   0: 3 0x80006784 (0x403007b3) x15 0x00000000
core   0: 0x80006788 (0xd46bb693) sltiu   a3, s7, -698
core   0: 3 0x80006788 (0xd46bb693) x13 0x00000001
core   0: 0x8000678c (0xff70e513) ori     a0, ra, -9
core   0: 3 0x8000678c (0xff70e513) x10 0xfffffff7
core   0: 0x80006790 (0x0197ebb3) or      s7, a5, s9
core   0: 3 0x80006790 (0x0197ebb3) x23 0x00000000
core   0: 0x80006794 (0x1430b593) sltiu   a1, ra, 323
core   0: 3 0x80006794 (0x1430b593) x11 0x00000001
core   0: 0x80006798 (0x40518eb3) sub     t4, gp, t0
core   0: 3 0x80006798 (0x40518eb3) x29 0x607ea500
core   0: 0x8000679c (0x0af53b37) lui     s6, 0xaf53
core   0: 3 0x8000679c (0x0af53b37) x22 0x0af53000
core   0: 0x800067a0 (0xebc7e717) auipc   a4, 0xebc7e
core   0: 3 0x800067a0 (0xebc7e717) x14 0x6bc847a0
core   0: 0x800067a4 (0x384bbd13) sltiu   s10, s7, 900
core   0: 3 0x800067a4 (0x384bbd13) x26 0x00000001
core   0: 0x800067a8 (0x0156ce33) xor     t3, a3, s5
core   0: 3 0x800067a8 (0x0156ce33) x28 0x80014e65
core   0: 0x800067ac (0x008511b3) sll     gp, a0, s0
core   0: 3 0x800067ac (0x008511b3) x 3 0xfffff700
core   0: 0x800067b0 (0x038069b3) rem     s3, zero, s8
core   0: 3 0x800067b0 (0x038069b3) x19 0x00000000
core   0: 0x800067b4 (0x023f7e33) remu    t3, t5, gp
core   0: 3 0x800067b4 (0x023f7e33) x28 0xf019ff64
core   0: 0x800067b8 (0x02ae8b33) mul     s6, t4, a0
core   0: 3 0x800067b8 (0x02ae8b33) x22 0x9b8c3300
core   0: 0x800067bc (0x038e5e33) divu    t3, t3, s8
core   0: 3 0x800067bc (0x038e5e33) x28 0xffffffff
core   0: 0x800067c0 (0x03163833) mulhu   a6, a2, a7
core   0: 3 0x800067c0 (0x03163833) x16 0x00000041
core   0: 0x800067c4 (0x03892033) mulhsu  zero, s2, s8
core   0: 3 0x800067c4 (0x03892033)
core   0: 0x800067c8 (0x02e518b3) mulh    a7, a0, a4
core   0: 3 0x800067c8 (0x02e518b3) x17 0xfffffffc
core   0: 0x800067cc (0x26b70d37) lui     s10, 0x26b70
core   0: 3 0x800067cc (0x26b70d37) x26 0x26b70000
core   0: 0x800067d0 (0x006972b3) and     t0, s2, t1
core   0: 3 0x800067d0 (0x006972b3) x 5 0x00000000
core   0: 0x800067d4 (0x015250b3) srl     ra, tp, s5
core   0: 3 0x800067d4 (0x015250b3) x 1 0x00000000
core   0: 0x800067d8 (0x002ce333) or      t1, s9, sp
core   0: 3 0x800067d8 (0x002ce333) x 6 0x80018ce4
core   0: 0x800067dc (0x021f25b3) mulhsu  a1, t5, ra
core   0: 3 0x800067dc (0x021f25b3) x11 0x00000000
core   0: 0x800067e0 (0x0239af33) mulhsu  t5, s3, gp
core   0: 3 0x800067e0 (0x0239af33) x30 0x00000000
core   0: 0x800067e4 (0x3e740493) addi    s1, s0, 999
core   0: 3 0x800067e4 (0x3e740493) x 9 0xd7652b0f
core   0: 0x800067e8 (0x10709b37) lui     s6, 0x10709
core   0: 3 0x800067e8 (0x10709b37) x22 0x10709000
core   0: 0x800067ec (0x03901033) mulh    zero, zero, s9
core   0: 3 0x800067ec (0x03901033)
core   0: 0x800067f0 (0x018a1cb3) sll     s9, s4, s8
core   0: 3 0x800067f0 (0x018a1cb3) x25 0x00000000
core   0: 0x800067f4 (0x72016c93) ori     s9, sp, 1824
core   0: 3 0x800067f4 (0x72016c93) x25 0x80018fe4
core   0: 0x800067f8 (0x66474313) xori    t1, a4, 1636
core   0: 3 0x800067f8 (0x66474313) x 6 0x6bc841c4
core   0: 0x800067fc (0x51664f93) xori    t6, a2, 1302
core   0: 3 0x800067fc (0x51664f93) x31 0xf018fe76
core   0: 0x80006800 (0x00051a33) sll     s4, a0, zero
core   0: 3 0x80006800 (0x00051a33) x20 0xfffffff7
core   0: 0x80006804 (0x00bd8933) add     s2, s11, a1
core   0: 3 0x80006804 (0x00bd8933) x18 0x00000000
core   0: 0x80006808 (0x01a05713) srli    a4, zero, 26
core   0: 3 0x80006808 (0x01a05713) x14 0x00000000
core   0: 0x8000680c (0x02dcba33) mulhu   s4, s9, a3
core   0: 3 0x8000680c (0x02dcba33) x20 0x00000000
core   0: 0x80006810 (0x2be1b813) sltiu   a6, gp, 702
core   0: 3 0x80006810 (0x2be1b813) x16 0x00000000
core   0: 0x80006814 (0x033bd033) divu    zero, s7, s3
core   0: 3 0x80006814 (0x033bd033)
core   0: 0x80006818 (0x00fdff33) and     t5, s11, a5
core   0: 3 0x80006818 (0x00fdff33) x30 0x00000000
core   0: 0x8000681c (0xec9d8c93) addi    s9, s11, -311
core   0: 3 0x8000681c (0xec9d8c93) x25 0xfffffec9
core   0: 0x80006820 (0xe96b8813) addi    a6, s7, -362
core   0: 3 0x80006820 (0xe96b8813) x16 0xfffffe96
core   0: 0x80006824 (0x00e13e33) sltu    t3, sp, a4
core   0: 3 0x80006824 (0x00e13e33) x28 0x00000000
core   0: 0x80006828 (0x02679f33) mulh    t5, a5, t1
core   0: 3 0x80006828 (0x02679f33) x30 0x00000000
core   0: 0x8000682c (0x04cea793) slti    a5, t4, 76
core   0: 3 0x8000682c (0x04cea793) x15 0x00000000
core   0: 0x80006830 (0x002383b3) add     t2, t2, sp
core   0: 3 0x80006830 (0x002383b3) x 7 0x80018ce4
core   0: 0x80006834 (0x00445cb3) srl     s9, s0, tp
core   0: 3 0x80006834 (0x00445cb3) x25 0xd7652728
core   0: 0x80006838 (0x40e4d433) sra     s0, s1, a4
core   0: 3 0x80006838 (0x40e4d433) x 8 0xd7652b0f
core   0: 0x8000683c (0x01d987b3) add     a5, s3, t4
core   0: 3 0x8000683c (0x01d987b3) x15 0x607ea500
core   0: 0x80006840 (0x01521933) sll     s2, tp, s5
core   0: 3 0x80006840 (0x01521933) x18 0x00000000
core   0: 0x80006844 (0x0042e833) or      a6, t0, tp
core   0: 3 0x80006844 (0x0042e833) x16 0x00000000
core   0: 0x80006848 (0x00165213) srli    tp, a2, 1
core   0: 3 0x80006848 (0x00165213) x 4 0x780c7db0
core   0: 0x8000684c (0x00dc8233) add     tp, s9, a3
core   0: 3 0x8000684c (0x00dc8233) x 4 0xd7652729
core   0: 0x80006850 (0xf7d87493) andi    s1, a6, -131
core   0: 3 0x80006850 (0xf7d87493) x 9 0x00000000
core   0: 0x80006854 (0x01823fb3) sltu    t6, tp, s8
core   0: 3 0x80006854 (0x01823fb3) x31 0x00000000
core   0: 0x80006858 (0x2a7fa393) slti    t2, t6, 679
core   0: 3 0x80006858 (0x2a7fa393) x 7 0x00000001
core   0: 0x8000685c (0x01114fb3) xor     t6, sp, a7
core   0: 3 0x8000685c (0x01114fb3) x31 0x7ffe7318
core   0: 0x80006860 (0x88943413) sltiu   s0, s0, -1911
core   0: 3 0x80006860 (0x88943413) x 8 0x00000001
core   0: 0x80006864 (0x55e68693) addi    a3, a3, 1374
core   0: 3 0x80006864 (0x55e68693) x13 0x0000055f
core   0: 0x80006868 (0x026137b3) mulhu   a5, sp, t1
core   0: 3 0x80006868 (0x026137b3) x15 0x35e4c7fb
core   0: 0x8000686c (0x2cc46097) auipc   ra, 0x2cc46
core   0: 3 0x8000686c (0x2cc46097) x 1 0xacc4c86c
core   0: 0x80006870 (0x0189ab33) slt     s6, s3, s8
core   0: 3 0x80006870 (0x0189ab33) x22 0x00000000
core   0: 0x80006874 (0x6b8b7513) andi    a0, s6, 1720
core   0: 3 0x80006874 (0x6b8b7513) x10 0x00000000
core   0: 0x80006878 (0x011c7b33) and     s6, s8, a7
core   0: 3 0x80006878 (0x011c7b33) x22 0x00000000
core   0: 0x8000687c (0x01f1df93) srli    t6, gp, 31
core   0: 3 0x8000687c (0x01f1df93) x31 0x00000001
core   0: 0x80006880 (0x02821733) mulh    a4, tp, s0
core   0: 3 0x80006880 (0x02821733) x14 0xffffffff
core   0: 0x80006884 (0xa8862217) auipc   tp, 0xa8862
core   0: 3 0x80006884 (0xa8862217) x 4 0x28868884
core   0: 0x80006888 (0x02790733) mul     a4, s2, t2
core   0: 3 0x80006888 (0x02790733) x14 0x00000000
core   0: 0x8000688c (0x00eb0d33) add     s10, s6, a4
core   0: 3 0x8000688c (0x00eb0d33) x26 0x00000000
core   0: 0x80006890 (0xd1b8ac97) auipc   s9, 0xd1b8a
core   0: 3 0x80006890 (0xd1b8ac97) x25 0x51b90890
core   0: 0x80006894 (0xcdf48d93) addi    s11, s1, -801
core   0: 3 0x80006894 (0xcdf48d93) x27 0xfffffcdf
core   0: 0x80006898 (0x00ce5f33) srl     t5, t3, a2
core   0: 3 0x80006898 (0x00ce5f33) x30 0x00000000
core   0: 0x8000689c (0x33c83593) sltiu   a1, a6, 828
core   0: 3 0x8000689c (0x33c83593) x11 0x00000001
core   0: 0x800068a0 (0x0311d033) divu    zero, gp, a7
core   0: 3 0x800068a0 (0x0311d033)
core   0: 0x800068a4 (0x67026813) ori     a6, tp, 1648
core   0: 3 0x800068a4 (0x67026813) x16 0x28868ef4
core   0: 0x800068a8 (0xd8ea3413) sltiu   s0, s4, -626
core   0: 3 0x800068a8 (0xd8ea3413) x 8 0x00000001
core   0: 0x800068ac (0xa8864b13) xori    s6, a2, -1400
core   0: 3 0x800068ac (0xa8864b13) x22 0x0fe701e8
core   0: 0x800068b0 (0x88502a13) slti    s4, zero, -1915
core   0: 3 0x800068b0 (0x88502a13) x20 0x00000000
core   0: 0x800068b4 (0x408c08b3) sub     a7, s8, s0
core   0: 3 0x800068b4 (0x408c08b3) x17 0xffffffff
core   0: 0x800068b8 (0x41350433) sub     s0, a0, s3
core   0: 3 0x800068b8 (0x41350433) x 8 0x00000000
core   0: 0x800068bc (0x002b9313) slli    t1, s7, 2
core   0: 3 0x800068bc (0x002b9313) x 6 0x00000000
core   0: 0x800068c0 (0x98c38b93) addi    s7, t2, -1652
core   0: 3 0x800068c0 (0x98c38b93) x23 0xfffff98d
core   0: 0x800068c4 (0x01349bb3) sll     s7, s1, s3
core   0: 3 0x800068c4 (0x01349bb3) x23 0x00000000
core   0: 0x800068c8 (0x4d537693) andi    a3, t1, 1237
core   0: 3 0x800068c8 (0x4d537693) x13 0x00000000
core   0: 0x800068cc (0xefb0cc93) xori    s9, ra, -261
core   0: 3 0x800068cc (0xefb0cc93) x25 0x533b3697
core   0: 0x800068d0 (0x008991b3) sll     gp, s3, s0
core   0: 3 0x800068d0 (0x008991b3) x 3 0x00000000
core   0: 0x800068d4 (0x4db8b913) sltiu   s2, a7, 1243
core   0: 3 0x800068d4 (0x4db8b913) x18 0x00000000
core   0: 0x800068d8 (0x004e3a33) sltu    s4, t3, tp
core   0: 3 0x800068d8 (0x004e3a33) x20 0x00000001
core   0: 0x800068dc (0x40585d13) srai    s10, a6, 5
core   0: 3 0x800068dc (0x40585d13) x26 0x01443477
core   0: 0x800068e0 (0x01ca1793) slli    a5, s4, 28
core   0: 3 0x800068e0 (0x01ca1793) x15 0x10000000
core   0: 0x800068e4 (0xd8486013) ori     zero, a6, -636
core   0: 3 0x800068e4 (0xd8486013)
core   0: 0x800068e8 (0x49052793) slti    a5, a0, 1168
core   0: 3 0x800068e8 (0x49052793) x15 0x00000001
core   0: 0x800068ec (0x012ff833) and     a6, t6, s2
core   0: 3 0x800068ec (0x012ff833) x16 0x00000000
core   0: 0x800068f0 (0x41d75293) srai    t0, a4, 29
core   0: 3 0x800068f0 (0x41d75293) x 5 0x00000000
core   0: 0x800068f4 (0x00d91d93) slli    s11, s2, 13
core   0: 3 0x800068f4 (0x00d91d93) x27 0x00000000
core   0: 0x800068f8 (0x025e1a33) mulh    s4, t3, t0
core   0: 3 0x800068f8 (0x025e1a33) x20 0x00000000
core   0: 0x800068fc (0x00d2feb3) and     t4, t0, a3
core   0: 3 0x800068fc (0x00d2feb3) x29 0x00000000
core   0: 0x80006900 (0x0328bdb3) mulhu   s11, a7, s2
core   0: 3 0x80006900 (0x0328bdb3) x27 0x00000000
core   0: 0x80006904 (0x00aea8b3) slt     a7, t4, a0
core   0: 3 0x80006904 (0x00aea8b3) x17 0x00000000
core   0: 0x80006908 (0x00891193) slli    gp, s2, 8
core   0: 3 0x80006908 (0x00891193) x 3 0x00000000
core   0: 0x8000690c (0x41ec5b33) sra     s6, s8, t5
core   0: 3 0x8000690c (0x41ec5b33) x22 0x00000000
core   0: 0x80006910 (0x02b947b3) div     a5, s2, a1
core   0: 3 0x80006910 (0x02b947b3) x15 0x00000000
core   0: 0x80006914 (0x41e207b3) sub     a5, tp, t5
core   0: 3 0x80006914 (0x41e207b3) x15 0x28868884
core   0: 0x80006918 (0xbf233293) sltiu   t0, t1, -1038
core   0: 3 0x80006918 (0xbf233293) x 5 0x00000001
core   0: 0x8000691c (0x028177b3) remu    a5, sp, s0
core   0: 3 0x8000691c (0x028177b3) x15 0x80018ce4
core   0: 0x80006920 (0x000d99b3) sll     s3, s11, zero
core   0: 3 0x80006920 (0x000d99b3) x19 0x00000000
core   0: 0x80006924 (0x005c21b3) slt     gp, s8, t0
core   0: 3 0x80006924 (0x005c21b3) x 3 0x00000001
core   0: 0x80006928 (0x00eb0233) add     tp, s6, a4
core   0: 3 0x80006928 (0x00eb0233) x 4 0x00000000
core   0: 0x8000692c (0x03ed4cb3) div     s9, s10, t5
core   0: 3 0x8000692c (0x03ed4cb3) x25 0xffffffff
core   0: 0x80006930 (0x6fef1b97) auipc   s7, 0x6fef1
core   0: 3 0x80006930 (0x6fef1b97) x23 0xefef7930
core   0: 0x80006934 (0x01bc70b3) and     ra, s8, s11
core   0: 3 0x80006934 (0x01bc70b3) x 1 0x00000000
core   0: 0x80006938 (0x01629933) sll     s2, t0, s6
core   0: 3 0x80006938 (0x01629933) x18 0x00000001
core   0: 0x8000693c (0x0111d693) srli    a3, gp, 17
core   0: 3 0x8000693c (0x0111d693) x13 0x00000000
core   0: 0x80006940 (0xe5e825b7) lui     a1, 0xe5e82
core   0: 3 0x80006940 (0xe5e825b7) x11 0xe5e82000
core   0: 0x80006944 (0x02b5aa33) mulhsu  s4, a1, a1
core   0: 3 0x80006944 (0x02b5aa33) x20 0xe890fbba
core   0: 0x80006948 (0x037b38b3) mulhu   a7, s6, s7
core   0: 3 0x80006948 (0x037b38b3) x17 0x00000000
core   0: 0x8000694c (0x239f6a17) auipc   s4, 0x239f6
core   0: 3 0x8000694c (0x239f6a17) x20 0xa39fc94c
core   0: 0x80006950 (0x01fc78b3) and     a7, s8, t6
core   0: 3 0x80006950 (0x01fc78b3) x17 0x00000000
core   0: 0x80006954 (0x019c5d93) srli    s11, s8, 25
core   0: 3 0x80006954 (0x019c5d93) x27 0x00000000
core   0: 0x80006958 (0x40560a33) sub     s4, a2, t0
core   0: 3 0x80006958 (0x40560a33) x20 0xf018fb5f
core   0: 0x8000695c (0x4d15b193) sltiu   gp, a1, 1233
core   0: 3 0x8000695c (0x4d15b193) x 3 0x00000000
core   0: 0x80006960 (0x00000013) nop
core   0: 3 0x80006960 (0x00000013)
core   0: 0x80006964 (0xebdef213) andi    tp, t4, -323
core   0: 3 0x80006964 (0xebdef213) x 4 0x00000000
core   0: 0x80006968 (0x008a97b3) sll     a5, s5, s0
core   0: 3 0x80006968 (0x008a97b3) x15 0x80014e64
core   0: 0x8000696c (0x09229f17) auipc   t5, 0x9229
core   0: 3 0x8000696c (0x09229f17) x30 0x8922f96c
core   0: 0x80006970 (0x0189f033) and     zero, s3, s8
core   0: 3 0x80006970 (0x0189f033)
core   0: 0x80006974 (0xcb694093) xori    ra, s2, -842
core   0: 3 0x80006974 (0xcb694093) x 1 0xfffffcb7
core   0: 0x80006978 (0x0122d5b3) srl     a1, t0, s2
core   0: 3 0x80006978 (0x0122d5b3) x11 0x00000000
core   0: 0x8000697c (0x0132f433) and     s0, t0, s3
core   0: 3 0x8000697c (0x0132f433) x 8 0x00000000
core   0: 0x80006980 (0x40a750b3) sra     ra, a4, a0
core   0: 3 0x80006980 (0x40a750b3) x 1 0x00000000
core   0: 0x80006984 (0x01c0a5b3) slt     a1, ra, t3
core   0: 3 0x80006984 (0x01c0a5b3) x11 0x00000000
core   0: 0x80006988 (0x00b89b13) slli    s6, a7, 11
core   0: 3 0x80006988 (0x00b89b13) x22 0x00000000
core   0: 0x8000698c (0x01181c13) slli    s8, a6, 17
core   0: 3 0x8000698c (0x01181c13) x24 0x00000000
core   0: 0x80006990 (0x03d7f1b3) remu    gp, a5, t4
core   0: 3 0x80006990 (0x03d7f1b3) x 3 0x80014e64
core   0: 0x80006994 (0x404a5193) srai    gp, s4, 4
core   0: 3 0x80006994 (0x404a5193) x 3 0xff018fb5
core   0: 0x80006998 (0x02a9f9b3) remu    s3, s3, a0
core   0: 3 0x80006998 (0x02a9f9b3) x19 0x00000000
core   0: 0x8000699c (0x02c14333) div     t1, sp, a2
core   0: 3 0x8000699c (0x02c14333) x 6 0x00000008
core   0: 0x800069a0 (0x02be8db3) mul     s11, t4, a1
core   0: 3 0x800069a0 (0x02be8db3) x27 0x00000000
core   0: 0x800069a4 (0x014b79b3) and     s3, s6, s4
core   0: 3 0x800069a4 (0x014b79b3) x19 0x00000000
core   0: 0x800069a8 (0x414e5793) srai    a5, t3, 20
core   0: 3 0x800069a8 (0x414e5793) x15 0x00000000
core   0: 0x800069ac (0x01b51b93) slli    s7, a0, 27
core   0: 3 0x800069ac (0x01b51b93) x23 0x00000000
core   0: 0x800069b0 (0x00000013) nop
core   0: 3 0x800069b0 (0x00000013)
core   0: 0x800069b4 (0x03b45cb3) divu    s9, s0, s11
core   0: 3 0x800069b4 (0x03b45cb3) x25 0xffffffff
core   0: 0x800069b8 (0x03b720b3) mulhsu  ra, a4, s11
core   0: 3 0x800069b8 (0x03b720b3) x 1 0x00000000
core   0: 0x800069bc (0x414654b3) sra     s1, a2, s4
core   0: 3 0x800069bc (0x414654b3) x 9 0xffffffff
core   0: 0x800069c0 (0x02582cb3) mulhsu  s9, a6, t0
core   0: 3 0x800069c0 (0x02582cb3) x25 0x00000000
core   0: 0x800069c4 (0x0377be33) mulhu   t3, a5, s7
core   0: 3 0x800069c4 (0x0377be33) x28 0x00000000
core   0: 0x800069c8 (0x79b77e13) andi    t3, a4, 1947
core   0: 3 0x800069c8 (0x79b77e13) x28 0x00000000
core   0: 0x800069cc (0x01cab8b3) sltu    a7, s5, t3
core   0: 3 0x800069cc (0x01cab8b3) x17 0x00000000
core   0: 0x800069d0 (0xbcbd1017) auipc   zero, 0xbcbd1
core   0: 3 0x800069d0 (0xbcbd1017)
core   0: 0x800069d4 (0x02012c33) mulhsu  s8, sp, zero
core   0: 3 0x800069d4 (0x02012c33) x24 0x00000000
core   0: 0x800069d8 (0x03a5da33) divu    s4, a1, s10
core   0: 3 0x800069d8 (0x03a5da33) x20 0x00000000
core   0: 0x800069dc (0x03e35bb3) divu    s7, t1, t5
core   0: 3 0x800069dc (0x03e35bb3) x23 0x00000000
core   0: 0x800069e0 (0x4498f693) andi    a3, a7, 1097
core   0: 3 0x800069e0 (0x4498f693) x13 0x00000000
core   0: 0x800069e4 (0x0044f4b3) and     s1, s1, tp
core   0: 3 0x800069e4 (0x0044f4b3) x 9 0x00000000
core   0: 0x800069e8 (0x4156da13) srai    s4, a3, 21
core   0: 3 0x800069e8 (0x4156da13) x20 0x00000000
core   0: 0x800069ec (0x41025433) sra     s0, tp, a6
core   0: 3 0x800069ec (0x41025433) x 8 0x00000000
core   0: 0x800069f0 (0x02725bb3) divu    s7, tp, t2
core   0: 3 0x800069f0 (0x02725bb3) x23 0x00000000
core   0: 0x800069f4 (0x00abfdb3) and     s11, s7, a0
core   0: 3 0x800069f4 (0x00abfdb3) x27 0x00000000
core   0: 0x800069f8 (0x023ad7b3) divu    a5, s5, gp
core   0: 3 0x800069f8 (0x023ad7b3) x15 0x00000000
core   0: 0x800069fc (0x01a9d293) srli    t0, s3, 26
core   0: 3 0x800069fc (0x01a9d293) x 5 0x00000000
core   0: 0x80006a00 (0x00000013) nop
core   0: 3 0x80006a00 (0x00000013)
core   0: 0x80006a04 (0x79eea913) slti    s2, t4, 1950
core   0: 3 0x80006a04 (0x79eea913) x18 0x00000001
core   0: 0x80006a08 (0x018add13) srli    s10, s5, 24
core   0: 3 0x80006a08 (0x018add13) x26 0x00000080
core   0: 0x80006a0c (0x037e8f33) mul     t5, t4, s7
core   0: 3 0x80006a0c (0x037e8f33) x30 0x00000000
core   0: 0x80006a10 (0x02b97233) remu    tp, s2, a1
core   0: 3 0x80006a10 (0x02b97233) x 4 0x00000001
core   0: 0x80006a14 (0x00000013) nop
core   0: 3 0x80006a14 (0x00000013)
core   0: 0x80006a18 (0x02e4be33) mulhu   t3, s1, a4
core   0: 3 0x80006a18 (0x02e4be33) x28 0x00000000
core   0: 0x80006a1c (0x00667933) and     s2, a2, t1
core   0: 3 0x80006a1c (0x00667933) x18 0x00000000
core   0: 0x80006a20 (0x00d5f9b3) and     s3, a1, a3
core   0: 3 0x80006a20 (0x00d5f9b3) x19 0x00000000
core   0: 0x80006a24 (0x8c5c7e13) andi    t3, s8, -1851
core   0: 3 0x80006a24 (0x8c5c7e13) x28 0x00000000
core   0: 0x80006a28 (0xefe81437) lui     s0, 0xefe81
core   0: 3 0x80006a28 (0xefe81437) x 8 0xefe81000
core   0: 0x80006a2c (0x01b28d33) add     s10, t0, s11
core   0: 3 0x80006a2c (0x01b28d33) x26 0x00000000
core   0: 0x80006a30 (0x57984397) auipc   t2, 0x57984
core   0: 3 0x80006a30 (0x57984397) x 7 0xd798aa30
core   0: 0x80006a34 (0x5d1b3393) sltiu   t2, s6, 1489
core   0: 3 0x80006a34 (0x5d1b3393) x 7 0x00000001
core   0: 0x80006a38 (0xcfce3993) sltiu   s3, t3, -772
core   0: 3 0x80006a38 (0xcfce3993) x19 0x00000001
core   0: 0x80006a3c (0x011e3033) sltu    zero, t3, a7
core   0: 3 0x80006a3c (0x011e3033)
core   0: 0x80006a40 (0x01f44bb3) xor     s7, s0, t6
core   0: 3 0x80006a40 (0x01f44bb3) x23 0xefe81001
core   0: 0x80006a44 (0x00c58db3) add     s11, a1, a2
core   0: 3 0x80006a44 (0x00c58db3) x27 0xf018fb60
core   0: 0x80006a48 (0x003b9333) sll     t1, s7, gp
core   0: 3 0x80006a48 (0x003b9333) x 6 0x00200000
core   0: 0x80006a4c (0x365f2913) slti    s2, t5, 869
core   0: 3 0x80006a4c (0x365f2913) x18 0x00000001
core   0: 0x80006a50 (0x40f35233) sra     tp, t1, a5
core   0: 3 0x80006a50 (0x40f35233) x 4 0x00200000
core   0: 0x80006a54 (0x02de4a33) div     s4, t3, a3
core   0: 3 0x80006a54 (0x02de4a33) x20 0xffffffff
core   0: 0x80006a58 (0x40bfd6b3) sra     a3, t6, a1
core   0: 3 0x80006a58 (0x40bfd6b3) x13 0x00000001
core   0: 0x80006a5c (0x03bb28b3) mulhsu  a7, s6, s11
core   0: 3 0x80006a5c (0x03bb28b3) x17 0x00000000
core   0: 0x80006a60 (0x00455193) srli    gp, a0, 4
core   0: 3 0x80006a60 (0x00455193) x 3 0x00000000
core   0: 0x80006a64 (0x01ddd0b3) srl     ra, s11, t4
core   0: 3 0x80006a64 (0x01ddd0b3) x 1 0xf018fb60
core   0: 0x80006a68 (0x5d4e7913) andi    s2, t3, 1492
core   0: 3 0x80006a68 (0x5d4e7913) x18 0x00000000
core   0: 0x80006a6c (0x03d6d8b3) divu    a7, a3, t4
core   0: 3 0x80006a6c (0x03d6d8b3) x17 0xffffffff
core   0: 0x80006a70 (0x01989d13) slli    s10, a7, 25
core   0: 3 0x80006a70 (0x01989d13) x26 0xfe000000
core   0: 0x80006a74 (0xefd63737) lui     a4, 0xefd63
core   0: 3 0x80006a74 (0xefd63737) x14 0xefd63000
core   0: 0x80006a78 (0x40cf5d33) sra     s10, t5, a2
core   0: 3 0x80006a78 (0x40cf5d33) x26 0x00000000
core   0: 0x80006a7c (0x00a49e13) slli    t3, s1, 10
core   0: 3 0x80006a7c (0x00a49e13) x28 0x00000000
core   0: 0x80006a80 (0x03c161b3) rem     gp, sp, t3
core   0: 3 0x80006a80 (0x03c161b3) x 3 0x80018ce4
core   0: 0x80006a84 (0xd8d28393) addi    t2, t0, -627
core   0: 3 0x80006a84 (0xd8d28393) x 7 0xfffffd8d
core   0: 0x80006a88 (0x02cfe833) rem     a6, t6, a2
core   0: 3 0x80006a88 (0x02cfe833) x16 0x00000001
core   0: 0x80006a8c (0x00bc5193) srli    gp, s8, 11
core   0: 3 0x80006a8c (0x00bc5193) x 3 0x00000000
core   0: 0x80006a90 (0x016e07b3) add     a5, t3, s6
core   0: 3 0x80006a90 (0x016e07b3) x15 0x00000000
core   0: 0x80006a94 (0x009402b3) add     t0, s0, s1
core   0: 3 0x80006a94 (0x009402b3) x 5 0xefe81000
core   0: 0x80006a98 (0x006c3bb3) sltu    s7, s8, t1
core   0: 3 0x80006a98 (0x006c3bb3) x23 0x00000001
core   0: 0x80006a9c (0x3162bf13) sltiu   t5, t0, 790
core   0: 3 0x80006a9c (0x3162bf13) x30 0x00000000
core   0: 0x80006aa0 (0x0027b1b3) sltu    gp, a5, sp
core   0: 3 0x80006aa0 (0x0027b1b3) x 3 0x00000001
core   0: 0x80006aa4 (0x00000013) nop
core   0: 3 0x80006aa4 (0x00000013)
core   0: 0x80006aa8 (0x019c9493) slli    s1, s9, 25
core   0: 3 0x80006aa8 (0x019c9493) x 9 0x00000000
core   0: 0x80006aac (0x02bde833) rem     a6, s11, a1
core   0: 3 0x80006aac (0x02bde833) x16 0xf018fb60
core   0: 0x80006ab0 (0x01116233) or      tp, sp, a7
core   0: 3 0x80006ab0 (0x01116233) x 4 0xffffffff
core   0: 0x80006ab4 (0x454c7d93) andi    s11, s8, 1108
core   0: 3 0x80006ab4 (0x454c7d93) x27 0x00000000
core   0: 0x80006ab8 (0x9ea70493) addi    s1, a4, -1558
core   0: 3 0x80006ab8 (0x9ea70493) x 9 0xefd629ea
core   0: 0x80006abc (0x4edde013) ori     zero, s11, 1261
core   0: 3 0x80006abc (0x4edde013)
core   0: 0x80006ac0 (0x00cdfcb3) and     s9, s11, a2
core   0: 3 0x80006ac0 (0x00cdfcb3) x25 0x00000000
core   0: 0x80006ac4 (0x006c22b3) slt     t0, s8, t1
core   0: 3 0x80006ac4 (0x006c22b3) x 5 0x00000001
core   0: 0x80006ac8 (0x031766b3) rem     a3, a4, a7
core   0: 3 0x80006ac8 (0x031766b3) x13 0x00000000
core   0: 0x80006acc (0x0087f433) and     s0, a5, s0
core   0: 3 0x80006acc (0x0087f433) x 8 0x00000000
core   0: 0x80006ad0 (0x02a349b3) div     s3, t1, a0
core   0: 3 0x80006ad0 (0x02a349b3) x19 0xffffffff
core   0: 0x80006ad4 (0x036d7933) remu    s2, s10, s6
core   0: 3 0x80006ad4 (0x036d7933) x18 0x00000000
core   0: 0x80006ad8 (0xd58c8a13) addi    s4, s9, -680
core   0: 3 0x80006ad8 (0xd58c8a13) x20 0xfffffd58
core   0: 0x80006adc (0x40d20f33) sub     t5, tp, a3
core   0: 3 0x80006adc (0x40d20f33) x30 0xffffffff
core   0: 0x80006ae0 (0x03ef8333) mul     t1, t6, t5
core   0: 3 0x80006ae0 (0x03ef8333) x 6 0xffffffff
core   0: 0x80006ae4 (0x829b6693) ori     a3, s6, -2007
core   0: 3 0x80006ae4 (0x829b6693) x13 0xfffff829
core   0: 0x80006ae8 (0xaaa30017) auipc   zero, 0xaaa30
core   0: 3 0x80006ae8 (0xaaa30017)
core   0: 0x80006aec (0x40a687b3) sub     a5, a3, a0
core   0: 3 0x80006aec (0x40a687b3) x15 0xfffff829
core   0: 0x80006af0 (0x03e5c933) div     s2, a1, t5
core   0: 3 0x80006af0 (0x03e5c933) x18 0x00000000
core   0: 0x80006af4 (0x01c9e233) or      tp, s3, t3
core   0: 3 0x80006af4 (0x01c9e233) x 4 0xffffffff
core   0: 0x80006af8 (0x00000013) nop
core   0: 3 0x80006af8 (0x00000013)
core   0: 0x80006afc (0x20557293) andi    t0, a0, 517
core   0: 3 0x80006afc (0x20557293) x 5 0x00000000
core   0: 0x80006b00 (0x01877fb3) and     t6, a4, s8
core   0: 3 0x80006b00 (0x01877fb3) x31 0x00000000
core   0: 0x80006b04 (0x40cb0e33) sub     t3, s6, a2
core   0: 3 0x80006b04 (0x40cb0e33) x28 0x0fe704a0
core   0: 0x80006b08 (0x0030ba33) sltu    s4, ra, gp
core   0: 3 0x80006b08 (0x0030ba33) x20 0x00000000
core   0: 0x80006b0c (0x41c607b3) sub     a5, a2, t3
core   0: 3 0x80006b0c (0x41c607b3) x15 0xe031f6c0
core   0: 0x80006b10 (0x014d9c33) sll     s8, s11, s4
core   0: 3 0x80006b10 (0x014d9c33) x24 0x00000000
core   0: 0x80006b14 (0x01ce9393) slli    t2, t4, 28
core   0: 3 0x80006b14 (0x01ce9393) x 7 0x00000000
core   0: 0x80006b18 (0x69617c13) andi    s8, sp, 1686
core   0: 3 0x80006b18 (0x69617c13) x24 0x00000484
core   0: 0x80006b1c (0x03d977b3) remu    a5, s2, t4
core   0: 3 0x80006b1c (0x03d977b3) x15 0x00000000
core   0: 0x80006b20 (0x02efe1b3) rem     gp, t6, a4
core   0: 3 0x80006b20 (0x02efe1b3) x 3 0x00000000
core   0: 0x80006b24 (0x018fcd33) xor     s10, t6, s8
core   0: 3 0x80006b24 (0x018fcd33) x26 0x00000484
core   0: 0x80006b28 (0x4168df93) srai    t6, a7, 22
core   0: 3 0x80006b28 (0x4168df93) x31 0xffffffff
core   0: 0x80006b2c (0x419bd233) sra     tp, s7, s9
core   0: 3 0x80006b2c (0x419bd233) x 4 0x00000001
core   0: 0x80006b30 (0x02c186b3) mul     a3, gp, a2
core   0: 3 0x80006b30 (0x02c186b3) x13 0x00000000
core   0: 0x80006b34 (0x0330d333) divu    t1, ra, s3
core   0: 3 0x80006b34 (0x0330d333) x 6 0x00000000
core   0: 0x80006b38 (0x039db8b3) mulhu   a7, s11, s9
core   0: 3 0x80006b38 (0x039db8b3) x17 0x00000000
core   0: 0x80006b3c (0x02f109b3) mul     s3, sp, a5
core   0: 3 0x80006b3c (0x02f109b3) x19 0x00000000
core   0: 0x80006b40 (0xea462413) slti    s0, a2, -348
core   0: 3 0x80006b40 (0xea462413) x 8 0x00000001
core   0: 0x80006b44 (0x000fd713) srli    a4, t6, 0
core   0: 3 0x80006b44 (0x000fd713) x14 0xffffffff
core   0: 0x80006b48 (0x03224333) div     t1, tp, s2
core   0: 3 0x80006b48 (0x03224333) x 6 0xffffffff
core   0: 0x80006b4c (0x029761b3) rem     gp, a4, s1
core   0: 3 0x80006b4c (0x029761b3) x 3 0xffffffff
core   0: 0x80006b50 (0x62d99217) auipc   tp, 0x62d99
core   0: 3 0x80006b50 (0x62d99217) x 4 0xe2d9fb50
core   0: 0x80006b54 (0x00000013) nop
core   0: 3 0x80006b54 (0x00000013)
core   0: 0x80006b58 (0xeda6f313) andi    t1, a3, -294
core   0: 3 0x80006b58 (0xeda6f313) x 6 0x00000000
core   0: 0x80006b5c (0x025fc7b3) div     a5, t6, t0
core   0: 3 0x80006b5c (0x025fc7b3) x15 0xffffffff
core   0: 0x80006b60 (0x00599533) sll     a0, s3, t0
core   0: 3 0x80006b60 (0x00599533) x10 0x00000000
core   0: 0x80006b64 (0x03f46c33) rem     s8, s0, t6
core   0: 3 0x80006b64 (0x03f46c33) x24 0x00000000
core   0: 0x80006b68 (0x008e11b3) sll     gp, t3, s0
core   0: 3 0x80006b68 (0x008e11b3) x 3 0x1fce0940
core   0: 0x80006b6c (0x01744eb3) xor     t4, s0, s7
core   0: 3 0x80006b6c (0x01744eb3) x29 0x00000000
core   0: 0x80006b70 (0x01bf5eb3) srl     t4, t5, s11
core   0: 3 0x80006b70 (0x01bf5eb3) x29 0xffffffff
core   0: 0x80006b74 (0x6325af93) slti    t6, a1, 1586
core   0: 3 0x80006b74 (0x6325af93) x31 0x00000001
core   0: 0x80006b78 (0x01da22b3) slt     t0, s4, t4
core   0: 3 0x80006b78 (0x01da22b3) x 5 0x00000000
core   0: 0x80006b7c (0x007d16b3) sll     a3, s10, t2
core   0: 3 0x80006b7c (0x007d16b3) x13 0x00000484
core   0: 0x80006b80 (0x02f372b3) remu    t0, t1, a5
core   0: 3 0x80006b80 (0x02f372b3) x 5 0x00000000
core   0: 0x80006b84 (0x03317bb3) remu    s7, sp, s3
core   0: 3 0x80006b84 (0x03317bb3) x23 0x80018ce4
core   0: 0x80006b88 (0x01643333) sltu    t1, s0, s6
core   0: 3 0x80006b88 (0x01643333) x 6 0x00000000
core   0: 0x80006b8c (0x79560193) addi    gp, a2, 1941
core   0: 3 0x80006b8c (0x79560193) x 3 0xf01902f5
core   0: 0x80006b90 (0x00bb3033) sltu    zero, s6, a1
core   0: 3 0x80006b90 (0x00bb3033)
core   0: 0x80006b94 (0x001a9f33) sll     t5, s5, ra
core   0: 3 0x80006b94 (0x001a9f33) x30 0x80014e64
core   0: 0x80006b98 (0x0270b733) mulhu   a4, ra, t2
core   0: 3 0x80006b98 (0x0270b733) x14 0x00000000
core   0: 0x80006b9c (0x02df69b3) rem     s3, t5, a3
core   0: 3 0x80006b9c (0x02df69b3) x19 0xfffffc8c
core   0: 0x80006ba0 (0x00c89f93) slli    t6, a7, 12
core   0: 3 0x80006ba0 (0x00c89f93) x31 0x00000000
core   0: 0x80006ba4 (0x00000013) nop
core   0: 3 0x80006ba4 (0x00000013)
core   0: 0x80006ba8 (0x03c77e33) remu    t3, a4, t3
core   0: 3 0x80006ba8 (0x03c77e33) x28 0x00000000
core   0: 0x80006bac (0x01ca9793) slli    a5, s5, 28
core   0: 3 0x80006bac (0x01ca9793) x15 0x40000000
core   0: 0x80006bb0 (0x03ef5033) divu    zero, t5, t5
core   0: 3 0x80006bb0 (0x03ef5033)
core   0: 0x80006bb4 (0x00178bb3) add     s7, a5, ra
core   0: 3 0x80006bb4 (0x00178bb3) x23 0x3018fb60
core   0: 0x80006bb8 (0x003110b3) sll     ra, sp, gp
core   0: 3 0x80006bb8 (0x003110b3) x 1 0x9c800000
core   0: 0x80006bbc (0x01a6ff33) and     t5, a3, s10
core   0: 3 0x80006bbc (0x01a6ff33) x30 0x00000484
core   0: 0x80006bc0 (0xbb9f20b7) lui     ra, 0xbb9f2
core   0: 3 0x80006bc0 (0xbb9f20b7) x 1 0xbb9f2000
core   0: 0x80006bc4 (0x010d86b3) add     a3, s11, a6
core   0: 3 0x80006bc4 (0x010d86b3) x13 0xf018fb60
core   0: 0x80006bc8 (0x02b4d3b3) divu    t2, s1, a1
core   0: 3 0x80006bc8 (0x02b4d3b3) x 7 0xffffffff
core   0: 0x80006bcc (0x16817d93) andi    s11, sp, 360
core   0: 3 0x80006bcc (0x16817d93) x27 0x00000060
core   0: 0x80006bd0 (0x00000013) nop
core   0: 3 0x80006bd0 (0x00000013)
core   0: 0x80006bd4 (0x00859193) slli    gp, a1, 8
core   0: 3 0x80006bd4 (0x00859193) x 3 0x00000000
core   0: 0x80006bd8 (0x1a530c17) auipc   s8, 0x1a530
core   0: 3 0x80006bd8 (0x1a530c17) x24 0x9a536bd8
core   0: 0x80006bdc (0xf6054713) xori    a4, a0, -160
core   0: 3 0x80006bdc (0xf6054713) x14 0xffffff60
core   0: 0x80006be0 (0x01c31793) slli    a5, t1, 28
core   0: 3 0x80006be0 (0x01c31793) x15 0x00000000
core   0: 0x80006be4 (0x00e82c33) slt     s8, a6, a4
core   0: 3 0x80006be4 (0x00e82c33) x24 0x00000001
core   0: 0x80006be8 (0xff0b2017) auipc   zero, 0xff0b2
core   0: 3 0x80006be8 (0xff0b2017)
core   0: 0x80006bec (0x01d45593) srli    a1, s0, 29
core   0: 3 0x80006bec (0x01d45593) x11 0x00000000
core   0: 0x80006bf0 (0x00d58cb3) add     s9, a1, a3
core   0: 3 0x80006bf0 (0x00d58cb3) x25 0xf018fb60
core   0: 0x80006bf4 (0x01b3ebb3) or      s7, t2, s11
core   0: 3 0x80006bf4 (0x01b3ebb3) x23 0xffffffff
core   0: 0x80006bf8 (0x03bc8333) mul     t1, s9, s11
core   0: 3 0x80006bf8 (0x03bc8333) x 6 0x095e4400
core   0: 0x80006bfc (0xe1103f93) sltiu   t6, zero, -495
core   0: 3 0x80006bfc (0xe1103f93) x31 0x00000001
core   0: 0x80006c00 (0x03e13fb3) mulhu   t6, sp, t5
core   0: 3 0x80006c00 (0x03e13fb3) x31 0x00000242
core   0: 0x80006c04 (0x02cc1db3) mulh    s11, s8, a2
core   0: 3 0x80006c04 (0x02cc1db3) x27 0xffffffff
core   0: 0x80006c08 (0x40305713) srai    a4, zero, 3
core   0: 3 0x80006c08 (0x40305713) x14 0x00000000
core   0: 0x80006c0c (0x00c5dfb3) srl     t6, a1, a2
core   0: 3 0x80006c0c (0x00c5dfb3) x31 0x00000000
core   0: 0x80006c10 (0x003525b3) slt     a1, a0, gp
core   0: 3 0x80006c10 (0x003525b3) x11 0x00000000
core   0: 0x80006c14 (0x03057093) andi    ra, a0, 48
core   0: 3 0x80006c14 (0x03057093) x 1 0x00000000
core   0: 0x80006c18 (0x0f485737) lui     a4, 0xf485
core   0: 3 0x80006c18 (0x0f485737) x14 0x0f485000
core   0: 0x80006c1c (0x005c9993) slli    s3, s9, 5
core   0: 3 0x80006c1c (0x005c9993) x19 0x031f6c00
core   0: 0x80006c20 (0x4132d013) srai    zero, t0, 19
core   0: 3 0x80006c20 (0x4132d013)
core   0: 0x80006c24 (0xd32d3b93) sltiu   s7, s10, -718
core   0: 3 0x80006c24 (0xd32d3b93) x23 0x00000001
core   0: 0x80006c28 (0xe054f313) andi    t1, s1, -507
core   0: 3 0x80006c28 (0xe054f313) x 6 0xefd62800
core   0: 0x80006c2c (0x4bf95537) lui     a0, 0x4bf95
core   0: 3 0x80006c2c (0x4bf95537) x10 0x4bf95000
core   0: 0x80006c30 (0x02c2a033) mulhsu  zero, t0, a2
core   0: 3 0x80006c30 (0x02c2a033)
core   0: 0x80006c34 (0x03eea333) mulhsu  t1, t4, t5
core   0: 3 0x80006c34 (0x03eea333) x 6 0xffffffff
core   0: 0x80006c38 (0x03550db3) mul     s11, a0, s5
core   0: 3 0x80006c38 (0x03550db3) x27 0xf3c34000
core   0: 0x80006c3c (0x00a55fb3) srl     t6, a0, a0
core   0: 3 0x80006c3c (0x00a55fb3) x31 0x4bf95000
core   0: 0x80006c40 (0x405f51b3) sra     gp, t5, t0
core   0: 3 0x80006c40 (0x405f51b3) x 3 0x00000484
core   0: 0x80006c44 (0x03e3ddb3) divu    s11, t2, t5
core   0: 3 0x80006c44 (0x03e3ddb3) x27 0x0038b129
core   0: 0x80006c48 (0x00000013) nop
core   0: 3 0x80006c48 (0x00000013)
core   0: 0x80006c4c (0x018ea4b3) slt     s1, t4, s8
core   0: 3 0x80006c4c (0x018ea4b3) x 9 0x00000001
core   0: 0x80006c50 (0x0d22d1b7) lui     gp, 0xd22d
core   0: 3 0x80006c50 (0x0d22d1b7) x 3 0x0d22d000
core   0: 0x80006c54 (0x01467333) and     t1, a2, s4
core   0: 3 0x80006c54 (0x01467333) x 6 0x00000000
core   0: 0x80006c58 (0x039e94b3) mulh    s1, t4, s9
core   0: 3 0x80006c58 (0x039e94b3) x 9 0x00000000
core   0: 0x80006c5c (0x029266b3) rem     a3, tp, s1
core   0: 3 0x80006c5c (0x029266b3) x13 0xe2d9fb50
core   0: 0x80006c60 (0x0017e033) or      zero, a5, ra
core   0: 3 0x80006c60 (0x0017e033)
core   0: 0x80006c64 (0x0197d713) srli    a4, a5, 25
core   0: 3 0x80006c64 (0x0197d713) x14 0x00000000
core   0: 0x80006c68 (0xaaaf4013) xori    zero, t5, -1366
core   0: 3 0x80006c68 (0xaaaf4013)
core   0: 0x80006c6c (0x0109a9b3) slt     s3, s3, a6
core   0: 3 0x80006c6c (0x0109a9b3) x19 0x00000000
core   0: 0x80006c70 (0x034098b3) mulh    a7, ra, s4
core   0: 3 0x80006c70 (0x034098b3) x17 0x00000000
core   0: 0x80006c74 (0x03b70c33) mul     s8, a4, s11
core   0: 3 0x80006c74 (0x03b70c33) x24 0x00000000
core   0: 0x80006c78 (0x00729593) slli    a1, t0, 7
core   0: 3 0x80006c78 (0x00729593) x11 0x00000000
core   0: 0x80006c7c (0xd2db0513) addi    a0, s6, -723
core   0: 3 0x80006c7c (0xd2db0513) x10 0xfffffd2d
core   0: 0x80006c80 (0x58067793) andi    a5, a2, 1408
core   0: 3 0x80006c80 (0x58067793) x15 0x00000100
core   0: 0x80006c84 (0xc4dd6993) ori     s3, s10, -947
core   0: 3 0x80006c84 (0xc4dd6993) x19 0xfffffccd
core   0: 0x80006c88 (0x0055ddb3) srl     s11, a1, t0
core   0: 3 0x80006c88 (0x0055ddb3) x27 0x00000000
core   0: 0x80006c8c (0x02cf13b3) mulh    t2, t5, a2
core   0: 3 0x80006c8c (0x02cf13b3) x 7 0xffffffb8
core   0: 0x80006c90 (0x01c49293) slli    t0, s1, 28
core   0: 3 0x80006c90 (0x01c49293) x 5 0x00000000
core   0: 0x80006c94 (0x0384c0b3) div     ra, s1, s8
core   0: 3 0x80006c94 (0x0384c0b3) x 1 0xffffffff
core   0: 0x80006c98 (0x0092b2b3) sltu    t0, t0, s1
core   0: 3 0x80006c98 (0x0092b2b3) x 5 0x00000000
core   0: 0x80006c9c (0x00efe6b3) or      a3, t6, a4
core   0: 3 0x80006c9c (0x00efe6b3) x13 0x4bf95000
core   0: 0x80006ca0 (0x0109d4b3) srl     s1, s3, a6
core   0: 3 0x80006ca0 (0x0109d4b3) x 9 0xfffffccd
core   0: 0x80006ca4 (0x00000013) nop
core   0: 3 0x80006ca4 (0x00000013)
core   0: 0x80006ca8 (0x40d0d233) sra     tp, ra, a3
core   0: 3 0x80006ca8 (0x40d0d233) x 4 0xffffffff
core   0: 0x80006cac (0xa4af4a13) xori    s4, t5, -1462
core   0: 3 0x80006cac (0xa4af4a13) x20 0xfffffece
core   0: 0x80006cb0 (0x19174093) xori    ra, a4, 401
core   0: 3 0x80006cb0 (0x19174093) x 1 0x00000191
core   0: 0x80006cb4 (0x980532b7) lui     t0, 0x98053
core   0: 3 0x80006cb4 (0x980532b7) x 5 0x98053000
core   0: 0x80006cb8 (0x8b13a997) auipc   s3, 0x8b13a
core   0: 3 0x80006cb8 (0x8b13a997) x19 0x0b140cb8
core   0: 0x80006cbc (0x00bcc3b3) xor     t2, s9, a1
core   0: 3 0x80006cbc (0x00bcc3b3) x 7 0xf018fb60
core   0: 0x80006cc0 (0x011653b3) srl     t2, a2, a7
core   0: 3 0x80006cc0 (0x011653b3) x 7 0xf018fb60
core   0: 0x80006cc4 (0x01d20333) add     t1, tp, t4
core   0: 3 0x80006cc4 (0x01d20333) x 6 0xfffffffe
core   0: 0x80006cc8 (0x40c55893) srai    a7, a0, 12
core   0: 3 0x80006cc8 (0x40c55893) x17 0xffffffff
core   0: 0x80006ccc (0x01035e13) srli    t3, t1, 16
core   0: 3 0x80006ccc (0x01035e13) x28 0x0000ffff
core   0: 0x80006cd0 (0x4173d913) srai    s2, t2, 23
core   0: 3 0x80006cd0 (0x4173d913) x18 0xffffffe0
core   0: 0x80006cd4 (0x03ca5bb3) divu    s7, s4, t3
core   0: 3 0x80006cd4 (0x03ca5bb3) x23 0x00010000
core   0: 0x80006cd8 (0x01409f13) slli    t5, ra, 20
core   0: 3 0x80006cd8 (0x01409f13) x30 0x19100000
core   0: 0x80006cdc (0x02e618b3) mulh    a7, a2, a4
core   0: 3 0x80006cdc (0x02e618b3) x17 0x00000000
core   0: 0x80006ce0 (0x03923bb3) mulhu   s7, tp, s9
core   0: 3 0x80006ce0 (0x03923bb3) x23 0xf018fb5f
core   0: 0x80006ce4 (0x01978db3) add     s11, a5, s9
core   0: 3 0x80006ce4 (0x01978db3) x27 0xf018fc60
core   0: 0x80006ce8 (0x03a1ab33) mulhsu  s6, gp, s10
core   0: 3 0x80006ce8 (0x03a1ab33) x22 0x0000003b
core   0: 0x80006cec (0x03590fb3) mul     t6, s2, s5
core   0: 3 0x80006cec (0x03590fb3) x31 0xffd63380
core   0: 0x80006cf0 (0x014e77b3) and     a5, t3, s4
core   0: 3 0x80006cf0 (0x014e77b3) x15 0x0000fece
core   0: 0x80006cf4 (0x400555b3) sra     a1, a0, zero
core   0: 3 0x80006cf4 (0x400555b3) x11 0xfffffd2d
core   0: 0x80006cf8 (0x61aaf893) andi    a7, s5, 1562
core   0: 3 0x80006cf8 (0x61aaf893) x17 0x00000600
core   0: 0x80006cfc (0x0115aeb3) slt     t4, a1, a7
core   0: 3 0x80006cfc (0x0115aeb3) x29 0x00000001
core   0: 0x80006d00 (0x0221ae33) mulhsu  t3, gp, sp
core   0: 3 0x80006d00 (0x0221ae33) x28 0x06917c5d
core   0: 0x80006d04 (0x405e82b3) sub     t0, t4, t0
core   0: 3 0x80006d04 (0x405e82b3) x 5 0x67fad001
core   0: 0x80006d08 (0x0180d413) srli    s0, ra, 24
core   0: 3 0x80006d08 (0x0180d413) x 8 0x00000000
core   0: 0x80006d0c (0x01dce8b3) or      a7, s9, t4
core   0: 3 0x80006d0c (0x01dce8b3) x17 0xf018fb61
core   0: 0x80006d10 (0xb3ac4237) lui     tp, 0xb3ac4
core   0: 3 0x80006d10 (0xb3ac4237) x 4 0xb3ac4000
core   0: 0x80006d14 (0x02eac0b3) div     ra, s5, a4
core   0: 3 0x80006d14 (0x02eac0b3) x 1 0xffffffff
core   0: 0x80006d18 (0x00798d33) add     s10, s3, t2
core   0: 3 0x80006d18 (0x00798d33) x26 0xfb2d0818
core   0: 0x80006d1c (0x01a97eb3) and     t4, s2, s10
core   0: 3 0x80006d1c (0x01a97eb3) x29 0xfb2d0800
core   0: 0x80006d20 (0x015aadb3) slt     s11, s5, s5
core   0: 3 0x80006d20 (0x015aadb3) x27 0x00000000
core   0: 0x80006d24 (0x034d7333) remu    t1, s10, s4
core   0: 3 0x80006d24 (0x034d7333) x 6 0xfb2d0818
core   0: 0x80006d28 (0x9c1c4a17) auipc   s4, 0x9c1c4
core   0: 3 0x80006d28 (0x9c1c4a17) x20 0x1c1cad28
core   0: 0x80006d2c (0x0021f7b3) and     a5, gp, sp
core   0: 3 0x80006d2c (0x0021f7b3) x15 0x00008000
core   0: 0x80006d30 (0xf8ce0293) addi    t0, t3, -116
core   0: 3 0x80006d30 (0xf8ce0293) x 5 0x06917be9
core   0: 0x80006d34 (0x01c432b3) sltu    t0, s0, t3
core   0: 3 0x80006d34 (0x01c432b3) x 5 0x00000001
core   0: 0x80006d38 (0x0fae7a13) andi    s4, t3, 250
core   0: 3 0x80006d38 (0x0fae7a13) x20 0x00000058
core   0: 0x80006d3c (0x026ed933) divu    s2, t4, t1
core   0: 3 0x80006d3c (0x026ed933) x18 0x00000000
core   0: 0x80006d40 (0x00f949b3) xor     s3, s2, a5
core   0: 3 0x80006d40 (0x00f949b3) x19 0x00008000
core   0: 0x80006d44 (0x00eb1233) sll     tp, s6, a4
core   0: 3 0x80006d44 (0x00eb1233) x 4 0x0000003b
core   0: 0x80006d48 (0x00a21a13) slli    s4, tp, 10
core   0: 3 0x80006d48 (0x00a21a13) x20 0x0000ec00
core   0: 0x80006d4c (0x008c26b3) slt     a3, s8, s0
core   0: 3 0x80006d4c (0x008c26b3) x13 0x00000000
core   0: 0x80006d50 (0x00b05eb3) srl     t4, zero, a1
core   0: 3 0x80006d50 (0x00b05eb3) x29 0x00000000
core   0: 0x80006d54 (0x40ec81b3) sub     gp, s9, a4
core   0: 3 0x80006d54 (0x40ec81b3) x 3 0xf018fb60
core   0: 0x80006d58 (0x02b659b3) divu    s3, a2, a1
core   0: 3 0x80006d58 (0x02b659b3) x19 0x00000000
core   0: 0x80006d5c (0x01c863b3) or      t2, a6, t3
core   0: 3 0x80006d5c (0x01c863b3) x 7 0xf699ff7d
core   0: 0x80006d60 (0x92e08c13) addi    s8, ra, -1746
core   0: 3 0x80006d60 (0x92e08c13) x24 0xfffff92d
core   0: 0x80006d64 (0x87bb4f37) lui     t5, 0x87bb4
core   0: 3 0x80006d64 (0x87bb4f37) x30 0x87bb4000
core   0: 0x80006d68 (0x381a4e93) xori    t4, s4, 897
core   0: 3 0x80006d68 (0x381a4e93) x29 0x0000ef81
core   0: 0x80006d6c (0x02998e33) mul     t3, s3, s1
core   0: 3 0x80006d6c (0x02998e33) x28 0x00000000
core   0: 0x80006d70 (0x003b15b3) sll     a1, s6, gp
core   0: 3 0x80006d70 (0x003b15b3) x11 0x0000003b
core   0: 0x80006d74 (0xbebc4813) xori    a6, s8, -1045
core   0: 3 0x80006d74 (0xbebc4813) x16 0x000002c6
core   0: 0x80006d78 (0x03dabb33) mulhu   s6, s5, t4
core   0: 3 0x80006d78 (0x03dabb33) x22 0x000077c1
core   0: 0x80006d7c (0x00693333) sltu    t1, s2, t1
core   0: 3 0x80006d7c (0x00693333) x 6 0x00000001
core   0: 0x80006d80 (0x03d524b3) mulhsu  s1, a0, t4
core   0: 3 0x80006d80 (0x03d524b3) x 9 0xffffffff
core   0: 0x80006d84 (0x020fb0b3) mulhu   ra, t6, zero
core   0: 3 0x80006d84 (0x020fb0b3) x 1 0x00000000
core   0: 0x80006d88 (0x00035213) srli    tp, t1, 0
core   0: 3 0x80006d88 (0x00035213) x 4 0x00000001
core   0: 0x80006d8c (0x01cd1313) slli    t1, s10, 28
core   0: 3 0x80006d8c (0x01cd1313) x 6 0x80000000
core   0: 0x80006d90 (0x00eaa2b3) slt     t0, s5, a4
core   0: 3 0x80006d90 (0x00eaa2b3) x 5 0x00000001
core   0: 0x80006d94 (0x671a2897) auipc   a7, 0x671a2
core   0: 3 0x80006d94 (0x671a2897) x17 0xe71a8d94
core   0: 0x80006d98 (0xbe0b0193) addi    gp, s6, -1056
core   0: 3 0x80006d98 (0xbe0b0193) x 3 0x000073a1
core   0: 0x80006d9c (0x01e2d3b3) srl     t2, t0, t5
core   0: 3 0x80006d9c (0x01e2d3b3) x 7 0x00000001
core   0: 0x80006da0 (0x01e15e33) srl     t3, sp, t5
core   0: 3 0x80006da0 (0x01e15e33) x28 0x80018ce4
core   0: 0x80006da4 (0xb104f513) andi    a0, s1, -1264
core   0: 3 0x80006da4 (0xb104f513) x10 0xfffffb10
core   0: 0x80006da8 (0x00000013) nop
core   0: 3 0x80006da8 (0x00000013)
core   0: 0x80006dac (0x006cfcb3) and     s9, s9, t1
core   0: 3 0x80006dac (0x006cfcb3) x25 0x80000000
core   0: 0x80006db0 (0x03b6c9b3) div     s3, a3, s11
core   0: 3 0x80006db0 (0x03b6c9b3) x19 0xffffffff
core   0: 0x80006db4 (0xde82a4b7) lui     s1, 0xde82a
core   0: 3 0x80006db4 (0xde82a4b7) x 9 0xde82a000
core   0: 0x80006db8 (0x016ca5b3) slt     a1, s9, s6
core   0: 3 0x80006db8 (0x016ca5b3) x11 0x00000001
core   0: 0x80006dbc (0xc7e38b93) addi    s7, t2, -898
core   0: 3 0x80006dbc (0xc7e38b93) x23 0xfffffc7f
core   0: 0x80006dc0 (0x003de6b3) or      a3, s11, gp
core   0: 3 0x80006dc0 (0x003de6b3) x13 0x000073a1
core   0: 0x80006dc4 (0x03a48db3) mul     s11, s1, s10
core   0: 3 0x80006dc4 (0x03a48db3) x27 0x113f0000
core   0: 0x80006dc8 (0x029a62b3) rem     t0, s4, s1
core   0: 3 0x80006dc8 (0x029a62b3) x 5 0x0000ec00
core   0: 0x80006dcc (0x011cedb3) or      s11, s9, a7
core   0: 3 0x80006dcc (0x011cedb3) x27 0xe71a8d94
core   0: 0x80006dd0 (0x004bf2b3) and     t0, s7, tp
core   0: 3 0x80006dd0 (0x004bf2b3) x 5 0x00000001
core   0: 0x80006dd4 (0x005170b3) and     ra, sp, t0
core   0: 3 0x80006dd4 (0x005170b3) x 1 0x00000000
core   0: 0x80006dd8 (0x00000013) nop
core   0: 3 0x80006dd8 (0x00000013)
core   0: 0x80006ddc (0x00000013) nop
core   0: 3 0x80006ddc (0x00000013)
core   0: 0x80006de0 (0x00000013) nop
core   0: 3 0x80006de0 (0x00000013)
core   0: 0x80006de4 (0x00d2bfb3) sltu    t6, t0, a3
core   0: 3 0x80006de4 (0x00d2bfb3) x31 0x00000001
core   0: 0x80006de8 (0x00c982b3) add     t0, s3, a2
core   0: 3 0x80006de8 (0x00c982b3) x 5 0xf018fb5f
core   0: 0x80006dec (0x03acb1b3) mulhu   gp, s9, s10
core   0: 3 0x80006dec (0x03acb1b3) x 3 0x7d96840c
core   0: 0x80006df0 (0x01c60e33) add     t3, a2, t3
core   0: 3 0x80006df0 (0x01c60e33) x28 0x701a8844
core   0: 0x80006df4 (0x01dec333) xor     t1, t4, t4
core   0: 3 0x80006df4 (0x01dec333) x 6 0x00000000
core   0: 0x80006df8 (0x017edd13) srli    s10, t4, 23
core   0: 3 0x80006df8 (0x017edd13) x26 0x00000000
core   0: 0x80006dfc (0x031bcd33) div     s10, s7, a7
core   0: 3 0x80006dfc (0x031bcd33) x26 0x00000000
core   0: 0x80006e00 (0x439b3837) lui     a6, 0x439b3
core   0: 3 0x80006e00 (0x439b3837) x16 0x439b3000
core   0: 0x80006e04 (0x00f91e93) slli    t4, s2, 15
core   0: 3 0x80006e04 (0x00f91e93) x29 0x00000000
core   0: 0x80006e08 (0x0255e0b3) rem     ra, a1, t0
core   0: 3 0x80006e08 (0x0255e0b3) x 1 0x00000001
core   0: 0x80006e0c (0x021865b3) rem     a1, a6, ra
core   0: 3 0x80006e0c (0x021865b3) x11 0x00000000
core   0: 0x80006e10 (0x40615293) srai    t0, sp, 6
core   0: 3 0x80006e10 (0x40615293) x 5 0xfe000633
core   0: 0x80006e14 (0x55f42417) auipc   s0, 0x55f42
core   0: 3 0x80006e14 (0x55f42417) x 8 0xd5f48e14
core   0: 0x80006e18 (0x002177b3) and     a5, sp, sp
core   0: 3 0x80006e18 (0x002177b3) x15 0x80018ce4
core   0: 0x80006e1c (0x016027b3) slt     a5, zero, s6
core   0: 3 0x80006e1c (0x016027b3) x15 0x00000001
core   0: 0x80006e20 (0x02afc833) div     a6, t6, a0
core   0: 3 0x80006e20 (0x02afc833) x16 0x00000000
core   0: 0x80006e24 (0x19a08d13) addi    s10, ra, 410
core   0: 3 0x80006e24 (0x19a08d13) x26 0x0000019b
core   0: 0x80006e28 (0x3b792793) slti    a5, s2, 951
core   0: 3 0x80006e28 (0x3b792793) x15 0x00000001
core   0: 0x80006e2c (0xb9700a13) li      s4, -1129
core   0: 3 0x80006e2c (0xb9700a13) x20 0xfffffb97
core   0: 0x80006e30 (0x01ee92b3) sll     t0, t4, t5
core   0: 3 0x80006e30 (0x01ee92b3) x 5 0x00000000
core   0: 0x80006e34 (0xa087f013) andi    zero, a5, -1528
core   0: 3 0x80006e34 (0xa087f013)
core   0: 0x80006e38 (0x0226f533) remu    a0, a3, sp
core   0: 3 0x80006e38 (0x0226f533) x10 0x000073a1
core   0: 0x80006e3c (0x03c3ee33) rem     t3, t2, t3
core   0: 3 0x80006e3c (0x03c3ee33) x28 0x00000001
core   0: 0x80006e40 (0x1e8d2313) slti    t1, s10, 488
core   0: 3 0x80006e40 (0x1e8d2313) x 6 0x00000001
core   0: 0x80006e44 (0x0067b9b3) sltu    s3, a5, t1
core   0: 3 0x80006e44 (0x0067b9b3) x19 0x00000000
core   0: 0x80006e48 (0x02f69233) mulh    tp, a3, a5
core   0: 3 0x80006e48 (0x02f69233) x 4 0x00000000
core   0: 0x80006e4c (0x40eb82b3) sub     t0, s7, a4
core   0: 3 0x80006e4c (0x40eb82b3) x 5 0xfffffc7f
core   0: 0x80006e50 (0x0066d593) srli    a1, a3, 6
core   0: 3 0x80006e50 (0x0066d593) x11 0x000001ce
core   0: 0x80006e54 (0x41465593) srai    a1, a2, 20
core   0: 3 0x80006e54 (0x41465593) x11 0xffffff01
core   0: 0x80006e58 (0x01e6aa33) slt     s4, a3, t5
core   0: 3 0x80006e58 (0x01e6aa33) x20 0x00000000
core   0: 0x80006e5c (0xfd3ed6b7) lui     a3, 0xfd3ed
core   0: 3 0x80006e5c (0xfd3ed6b7) x13 0xfd3ed000
core   0: 0x80006e60 (0x95c67913) andi    s2, a2, -1700
core   0: 3 0x80006e60 (0x95c67913) x18 0xf018f940
core   0: 0x80006e64 (0x03a83db3) mulhu   s11, a6, s10
core   0: 3 0x80006e64 (0x03a83db3) x27 0x00000000
core   0: 0x80006e68 (0x00000013) nop
core   0: 3 0x80006e68 (0x00000013)
core   0: 0x80006e6c (0x0342ed33) rem     s10, t0, s4
core   0: 3 0x80006e6c (0x0342ed33) x26 0xfffffc7f
core   0: 0x80006e70 (0xa9681b17) auipc   s6, 0xa9681
core   0: 3 0x80006e70 (0xa9681b17) x22 0x29687e70
core   0: 0x80006e74 (0x01263f33) sltu    t5, a2, s2
core   0: 3 0x80006e74 (0x01263f33) x30 0x00000000
core   0: 0x80006e78 (0x00410933) add     s2, sp, tp
core   0: 3 0x80006e78 (0x00410933) x18 0x80018ce4
core   0: 0x80006e7c (0x026bc5b3) div     a1, s7, t1
core   0: 3 0x80006e7c (0x026bc5b3) x11 0xfffffc7f
core   0: 0x80006e80 (0x0086cd33) xor     s10, a3, s0
core   0: 3 0x80006e80 (0x0086cd33) x26 0x28ca5e14
core   0: 0x80006e84 (0xb25c6493) ori     s1, s8, -1243
core   0: 3 0x80006e84 (0xb25c6493) x 9 0xfffffb2d
core   0: 0x80006e88 (0x02a051b3) divu    gp, zero, a0
core   0: 3 0x80006e88 (0x02a051b3) x 3 0x00000000
core   0: 0x80006e8c (0x0038d8b3) srl     a7, a7, gp
core   0: 3 0x80006e8c (0x0038d8b3) x17 0xe71a8d94
core   0: 0x80006e90 (0x02400c33) mul     s8, zero, tp
core   0: 3 0x80006e90 (0x02400c33) x24 0x00000000
core   0: 0x80006e94 (0x02fd89b3) mul     s3, s11, a5
core   0: 3 0x80006e94 (0x02fd89b3) x19 0x00000000
core   0: 0x80006e98 (0x12f50493) addi    s1, a0, 303
core   0: 3 0x80006e98 (0x12f50493) x 9 0x000074d0
core   0: 0x80006e9c (0x012a45b3) xor     a1, s4, s2
core   0: 3 0x80006e9c (0x012a45b3) x11 0x80018ce4
core   0: 0x80006ea0 (0x035821b3) mulhsu  gp, a6, s5
core   0: 3 0x80006ea0 (0x035821b3) x 3 0x00000000
core   0: 0x80006ea4 (0x642514b7) lui     s1, 0x64251
core   0: 3 0x80006ea4 (0x642514b7) x 9 0x64251000
core   0: 0x80006ea8 (0x0091e6b3) or      a3, gp, s1
core   0: 3 0x80006ea8 (0x0091e6b3) x13 0x64251000
core   0: 0x80006eac (0x001f5093) srli    ra, t5, 1
core   0: 3 0x80006eac (0x001f5093) x 1 0x00000000
core   0: 0x80006eb0 (0x55363817) auipc   a6, 0x55363
core   0: 3 0x80006eb0 (0x55363817) x16 0xd5369eb0
core   0: 0x80006eb4 (0x03e4a433) mulhsu  s0, s1, t5
core   0: 3 0x80006eb4 (0x03e4a433) x 8 0x00000000
core   0: 0x80006eb8 (0x43f8bc93) sltiu   s9, a7, 1087
core   0: 3 0x80006eb8 (0x43f8bc93) x25 0x00000000
core   0: 0x80006ebc (0x011e2f33) slt     t5, t3, a7
core   0: 3 0x80006ebc (0x011e2f33) x30 0x00000000
core   0: 0x80006ec0 (0x4089d333) sra     t1, s3, s0
core   0: 3 0x80006ec0 (0x4089d333) x 6 0x00000000
core   0: 0x80006ec4 (0x00b358b3) srl     a7, t1, a1
core   0: 3 0x80006ec4 (0x00b358b3) x17 0x00000000
core   0: 0x80006ec8 (0x03200c33) mul     s8, zero, s2
core   0: 3 0x80006ec8 (0x03200c33) x24 0x00000000
core   0: 0x80006ecc (0x016e1213) slli    tp, t3, 22
core   0: 3 0x80006ecc (0x016e1213) x 4 0x00400000
core   0: 0x80006ed0 (0x1b236313) ori     t1, t1, 434
core   0: 3 0x80006ed0 (0x1b236313) x 6 0x000001b2
core   0: 0x80006ed4 (0x0354af33) mulhsu  t5, s1, s5
core   0: 3 0x80006ed4 (0x0354af33) x30 0x32130acf
core   0: 0x80006ed8 (0x01272eb3) slt     t4, a4, s2
core   0: 3 0x80006ed8 (0x01272eb3) x29 0x00000000
core   0: 0x80006edc (0x2594b213) sltiu   tp, s1, 601
core   0: 3 0x80006edc (0x2594b213) x 4 0x00000000
core   0: 0x80006ee0 (0x02fd52b3) divu    t0, s10, a5
core   0: 3 0x80006ee0 (0x02fd52b3) x 5 0x28ca5e14
core   0: 0x80006ee4 (0x41e8dfb3) sra     t6, a7, t5
core   0: 3 0x80006ee4 (0x41e8dfb3) x31 0x00000000
core   0: 0x80006ee8 (0x019dd5b3) srl     a1, s11, s9
core   0: 3 0x80006ee8 (0x019dd5b3) x11 0x00000000
core   0: 0x80006eec (0x00810fb3) add     t6, sp, s0
core   0: 3 0x80006eec (0x00810fb3) x31 0x80018ce4
core   0: 0x80006ef0 (0x002ab0b3) sltu    ra, s5, sp
core   0: 3 0x80006ef0 (0x002ab0b3) x 1 0x00000001
core   0: 0x80006ef4 (0x0228fd33) remu    s10, a7, sp
core   0: 3 0x80006ef4 (0x0228fd33) x26 0x00000000
core   0: 0x80006ef8 (0x02923933) mulhu   s2, tp, s1
core   0: 3 0x80006ef8 (0x02923933) x18 0x00000000
core   0: 0x80006efc (0x0076b8b3) sltu    a7, a3, t2
core   0: 3 0x80006efc (0x0076b8b3) x17 0x00000000
core   0: 0x80006f00 (0x03eca333) mulhsu  t1, s9, t5
core   0: 3 0x80006f00 (0x03eca333) x 6 0x00000000
core   0: 0x80006f04 (0x007ebfb3) sltu    t6, t4, t2
core   0: 3 0x80006f04 (0x007ebfb3) x31 0x00000001
core   0: 0x80006f08 (0x00d37233) and     tp, t1, a3
core   0: 3 0x80006f08 (0x00d37233) x 4 0x00000000
core   0: 0x80006f0c (0x02a1a333) mulhsu  t1, gp, a0
core   0: 3 0x80006f0c (0x02a1a333) x 6 0x00000000
core   0: 0x80006f10 (0x00000013) nop
core   0: 3 0x80006f10 (0x00000013)
core   0: 0x80006f14 (0x00ff5933) srl     s2, t5, a5
core   0: 3 0x80006f14 (0x00ff5933) x18 0x19098567
core   0: 0x80006f18 (0x2c0e2c93) slti    s9, t3, 704
core   0: 3 0x80006f18 (0x2c0e2c93) x25 0x00000001
core   0: 0x80006f1c (0x02e020b3) mulhsu  ra, zero, a4
core   0: 3 0x80006f1c (0x02e020b3) x 1 0x00000000
core   0: 0x80006f20 (0x0382ce33) div     t3, t0, s8
core   0: 3 0x80006f20 (0x0382ce33) x28 0xffffffff
core   0: 0x80006f24 (0x01eeadb3) slt     s11, t4, t5
core   0: 3 0x80006f24 (0x01eeadb3) x27 0x00000001
core   0: 0x80006f28 (0x03337433) remu    s0, t1, s3
core   0: 3 0x80006f28 (0x03337433) x 8 0x00000000
core   0: 0x80006f2c (0x0268c733) div     a4, a7, t1
core   0: 3 0x80006f2c (0x0268c733) x14 0xffffffff
core   0: 0x80006f30 (0x40b809b3) sub     s3, a6, a1
core   0: 3 0x80006f30 (0x40b809b3) x19 0xd5369eb0
core   0: 0x80006f34 (0x41585f13) srai    t5, a6, 21
core   0: 3 0x80006f34 (0x41585f13) x30 0xfffffea9
core   0: 0x80006f38 (0x8e209217) auipc   tp, 0x8e209
core   0: 3 0x80006f38 (0x8e209217) x 4 0x0e20ff38
core   0: 0x80006f3c (0x40da5713) srai    a4, s4, 13
core   0: 3 0x80006f3c (0x40da5713) x14 0x00000000
core   0: 0x80006f40 (0x407b5533) sra     a0, s6, t2
core   0: 3 0x80006f40 (0x407b5533) x10 0x14b43f38
core   0: 0x80006f44 (0x036f72b3) remu    t0, t5, s6
core   0: 3 0x80006f44 (0x036f72b3) x 5 0x078d0809
core   0: 0x80006f48 (0xd73efb13) andi    s6, t4, -653
core   0: 3 0x80006f48 (0xd73efb13) x22 0x00000000
core   0: 0x80006f4c (0xe51dc993) xori    s3, s11, -431
core   0: 3 0x80006f4c (0xe51dc993) x19 0xfffffe50
core   0: 0x80006f50 (0x4163d893) srai    a7, t2, 22
core   0: 3 0x80006f50 (0x4163d893) x17 0x00000000
core   0: 0x80006f54 (0x00897bb3) and     s7, s2, s0
core   0: 3 0x80006f54 (0x00897bb3) x23 0x00000000
core   0: 0x80006f58 (0x01f68bb3) add     s7, a3, t6
core   0: 3 0x80006f58 (0x01f68bb3) x23 0x64251001
core   0: 0x80006f5c (0x023ace33) div     t3, s5, gp
core   0: 3 0x80006f5c (0x023ace33) x28 0xffffffff
core   0: 0x80006f60 (0x01b59f93) slli    t6, a1, 27
core   0: 3 0x80006f60 (0x01b59f93) x31 0x00000000
core   0: 0x80006f64 (0x009bbcb3) sltu    s9, s7, s1
core   0: 3 0x80006f64 (0x009bbcb3) x25 0x00000000
core   0: 0x80006f68 (0x400ed493) srai    s1, t4, 0
core   0: 3 0x80006f68 (0x400ed493) x 9 0x00000000
core   0: 0x80006f6c (0x41255513) srai    a0, a0, 18
core   0: 3 0x80006f6c (0x41255513) x10 0x0000052d
core   0: 0x80006f70 (0x017a77b3) and     a5, s4, s7
core   0: 3 0x80006f70 (0x017a77b3) x15 0x00000000
core   0: 0x80006f74 (0x00c7a5b3) slt     a1, a5, a2
core   0: 3 0x80006f74 (0x00c7a5b3) x11 0x00000000
core   0: 0x80006f78 (0x019e1db3) sll     s11, t3, s9
core   0: 3 0x80006f78 (0x019e1db3) x27 0xffffffff
core   0: 0x80006f7c (0x4b9c6913) ori     s2, s8, 1209
core   0: 3 0x80006f7c (0x4b9c6913) x18 0x000004b9
core   0: 0x80006f80 (0x00000013) nop
core   0: 3 0x80006f80 (0x00000013)
core   0: 0x80006f84 (0x0273b6b3) mulhu   a3, t2, t2
core   0: 3 0x80006f84 (0x0273b6b3) x13 0x00000000
core   0: 0x80006f88 (0x5ce24a13) xori    s4, tp, 1486
core   0: 3 0x80006f88 (0x5ce24a13) x20 0x0e20faf6
core   0: 0x80006f8c (0x401156b3) sra     a3, sp, ra
core   0: 3 0x80006f8c (0x401156b3) x13 0x80018ce4
core   0: 0x80006f90 (0x02241eb3) mulh    t4, s0, sp
core   0: 3 0x80006f90 (0x02241eb3) x29 0x00000000
core   0: 0x80006f94 (0x00e992b3) sll     t0, s3, a4
core   0: 3 0x80006f94 (0x00e992b3) x 5 0xfffffe50
core   0: 0x80006f98 (0x414300b3) sub     ra, t1, s4
core   0: 3 0x80006f98 (0x414300b3) x 1 0xf1df050a
core   0: 0x80006f9c (0x02546b33) rem     s6, s0, t0
core   0: 3 0x80006f9c (0x02546b33) x22 0x00000000
core   0: 0x80006fa0 (0x03c91033) mulh    zero, s2, t3
core   0: 3 0x80006fa0 (0x03c91033)
core   0: 0x80006fa4 (0xac5d7293) andi    t0, s10, -1339
core   0: 3 0x80006fa4 (0xac5d7293) x 5 0x00000000
core   0: 0x80006fa8 (0x00000013) nop
core   0: 3 0x80006fa8 (0x00000013)
core   0: 0x80006fac (0x27f6b393) sltiu   t2, a3, 639
core   0: 3 0x80006fac (0x27f6b393) x 7 0x00000000
core   0: 0x80006fb0 (0x0355b1b3) mulhu   gp, a1, s5
core   0: 3 0x80006fb0 (0x0355b1b3) x 3 0x00000000
core   0: 0x80006fb4 (0x03f445b3) div     a1, s0, t6
core   0: 3 0x80006fb4 (0x03f445b3) x11 0xffffffff
core   0: 0x80006fb8 (0x01a98033) add     zero, s3, s10
core   0: 3 0x80006fb8 (0x01a98033)
core   0: 0x80006fbc (0x00a6b6b3) sltu    a3, a3, a0
core   0: 3 0x80006fbc (0x00a6b6b3) x13 0x00000000
core   0: 0x80006fc0 (0x023c6533) rem     a0, s8, gp
core   0: 3 0x80006fc0 (0x023c6533) x10 0x00000000
core   0: 0x80006fc4 (0x03d975b3) remu    a1, s2, t4
core   0: 3 0x80006fc4 (0x03d975b3) x11 0x000004b9
core   0: 0x80006fc8 (0x034fd433) divu    s0, t6, s4
core   0: 3 0x80006fc8 (0x034fd433) x 8 0x00000000
core   0: 0x80006fcc (0x02eb1e33) mulh    t3, s6, a4
core   0: 3 0x80006fcc (0x02eb1e33) x28 0x00000000
core   0: 0x80006fd0 (0x48560bb7) lui     s7, 0x48560
core   0: 3 0x80006fd0 (0x48560bb7) x23 0x48560000
core   0: 0x80006fd4 (0x02c5f533) remu    a0, a1, a2
core   0: 3 0x80006fd4 (0x02c5f533) x10 0x000004b9
core   0: 0x80006fd8 (0x01571313) slli    t1, a4, 21
core   0: 3 0x80006fd8 (0x01571313) x 6 0x00000000
core   0: 0x80006fdc (0x03d53933) mulhu   s2, a0, t4
core   0: 3 0x80006fdc (0x03d53933) x18 0x00000000
core   0: 0x80006fe0 (0x026f60b3) rem     ra, t5, t1
core   0: 3 0x80006fe0 (0x026f60b3) x 1 0xfffffea9
core   0: 0x80006fe4 (0x005b8c33) add     s8, s7, t0
core   0: 3 0x80006fe4 (0x005b8c33) x24 0x48560000
core   0: 0x80006fe8 (0x012867b3) or      a5, a6, s2
core   0: 3 0x80006fe8 (0x012867b3) x15 0xd5369eb0
core   0: 0x80006fec (0x948b4213) xori    tp, s6, -1720
core   0: 3 0x80006fec (0x948b4213) x 4 0xfffff948
core   0: 0x80006ff0 (0xc314c313) xori    t1, s1, -975
core   0: 3 0x80006ff0 (0xc314c313) x 6 0xfffffc31
core   0: 0x80006ff4 (0x1719ab13) slti    s6, s3, 369
core   0: 3 0x80006ff4 (0x1719ab13) x22 0x00000001
core   0: 0x80006ff8 (0x01b36b33) or      s6, t1, s11
core   0: 3 0x80006ff8 (0x01b36b33) x22 0xffffffff
core   0: 0x80006ffc (0x028213b3) mulh    t2, tp, s0
core   0: 3 0x80006ffc (0x028213b3) x 7 0x00000000
core   0: 0x80007000 (0x02241f33) mulh    t5, s0, sp
core   0: 3 0x80007000 (0x02241f33) x30 0x00000000
core   0: 0x80007004 (0x025c1233) mulh    tp, s8, t0
core   0: 3 0x80007004 (0x025c1233) x 4 0x00000000
core   0: 0x80007008 (0x00448333) add     t1, s1, tp
core   0: 3 0x80007008 (0x00448333) x 6 0x00000000
core   0: 0x8000700c (0x030cb3b3) mulhu   t2, s9, a6
core   0: 3 0x8000700c (0x030cb3b3) x 7 0x00000000
core   0: 0x80007010 (0x9f96c693) xori    a3, a3, -1543
core   0: 3 0x80007010 (0x9f96c693) x13 0xfffff9f9
core   0: 0x80007014 (0x02ce0233) mul     tp, t3, a2
core   0: 3 0x80007014 (0x02ce0233) x 4 0x00000000
core   0: 0x80007018 (0x035d32b3) mulhu   t0, s10, s5
core   0: 3 0x80007018 (0x035d32b3) x 5 0x00000000
core   0: 0x8000701c (0x40e85d13) srai    s10, a6, 14
core   0: 3 0x8000701c (0x40e85d13) x26 0xffff54da
core   0: 0x80007020 (0x02363333) mulhu   t1, a2, gp
core   0: 3 0x80007020 (0x02363333) x 6 0x00000000
core   0: 0x80007024 (0x964da013) slti    zero, s11, -1692
core   0: 3 0x80007024 (0x964da013)
core   0: 0x80007028 (0x02f6fcb3) remu    s9, a3, a5
core   0: 3 0x80007028 (0x02f6fcb3) x25 0x2ac95b49
core   0: 0x8000702c (0x00000013) nop
core   0: 3 0x8000702c (0x00000013)
core   0: 0x80007030 (0x02a599b3) mulh    s3, a1, a0
core   0: 3 0x80007030 (0x02a599b3) x19 0x00000000
core   0: 0x80007034 (0x00c4beb3) sltu    t4, s1, a2
core   0: 3 0x80007034 (0x00c4beb3) x29 0x00000001
core   0: 0x80007038 (0x41d585b3) sub     a1, a1, t4
core   0: 3 0x80007038 (0x41d585b3) x11 0x000004b8
core   0: 0x8000703c (0xd45bbf17) auipc   t5, 0xd45bb
core   0: 3 0x8000703c (0xd45bbf17) x30 0x545c203c
core   0: 0x80007040 (0x3ff88937) lui     s2, 0x3ff88
core   0: 3 0x80007040 (0x3ff88937) x18 0x3ff88000
core   0: 0x80007044 (0x03819033) mulh    zero, gp, s8
core   0: 3 0x80007044 (0x03819033)
core   0: 0x80007048 (0x033483b3) mul     t2, s1, s3
core   0: 3 0x80007048 (0x033483b3) x 7 0x00000000
core   0: 0x8000704c (0x00000013) nop
core   0: 3 0x8000704c (0x00000013)
core   0: 0x80007050 (0x0009c0b3) xor     ra, s3, zero
core   0: 3 0x80007050 (0x0009c0b3) x 1 0x00000000
core   0: 0x80007054 (0x00f19393) slli    t2, gp, 15
core   0: 3 0x80007054 (0x00f19393) x 7 0x00000000
core   0: 0x80007058 (0x027da733) mulhsu  a4, s11, t2
core   0: 3 0x80007058 (0x027da733) x14 0x00000000
core   0: 0x8000705c (0x03e4ae33) mulhsu  t3, s1, t5
core   0: 3 0x8000705c (0x03e4ae33) x28 0x00000000
core   0: 0x80007060 (0x00c69eb3) sll     t4, a3, a2
core   0: 3 0x80007060 (0x00c69eb3) x29 0xfffff9f9
core   0: 0x80007064 (0x00000013) nop
core   0: 3 0x80007064 (0x00000013)
core   0: 0x80007068 (0x038da6b3) mulhsu  a3, s11, s8
core   0: 3 0x80007068 (0x038da6b3) x13 0xffffffff
core   0: 0x8000706c (0x00bb12b3) sll     t0, s6, a1
core   0: 3 0x8000706c (0x00bb12b3) x 5 0xff000000
core   0: 0x80007070 (0x13d7f693) andi    a3, a5, 317
core   0: 3 0x80007070 (0x13d7f693) x13 0x00000030
core   0: 0x80007074 (0x034a3a33) mulhu   s4, s4, s4
core   0: 3 0x80007074 (0x034a3a33) x20 0x00c79fb2
core   0: 0x80007078 (0x010bf333) and     t1, s7, a6
core   0: 3 0x80007078 (0x010bf333) x 6 0x40160000
core   0: 0x8000707c (0x008f6e33) or      t3, t5, s0
core   0: 3 0x8000707c (0x008f6e33) x28 0x545c203c
core   0: 0x80007080 (0x010c5c33) srl     s8, s8, a6
core   0: 3 0x80007080 (0x010c5c33) x24 0x00004856
core   0: 0x80007084 (0x00fd85b3) add     a1, s11, a5
core   0: 3 0x80007084 (0x00fd85b3) x11 0xd5369eaf
core   0: 0x80007088 (0x00b3cf33) xor     t5, t2, a1
core   0: 3 0x80007088 (0x00b3cf33) x30 0xd5369eaf
core   0: 0x8000708c (0x07608e13) addi    t3, ra, 118
core   0: 3 0x8000708c (0x07608e13) x28 0x00000076
core   0: 0x80007090 (0x2fe13c93) sltiu   s9, sp, 766
core   0: 3 0x80007090 (0x2fe13c93) x25 0x00000000
core   0: 0x80007094 (0xd8252293) slti    t0, a0, -638
core   0: 3 0x80007094 (0xd8252293) x 5 0x00000000
core   0: 0x80007098 (0x029f6c33) rem     s8, t5, s1
core   0: 3 0x80007098 (0x029f6c33) x24 0xd5369eaf
core   0: 0x8000709c (0x14cef013) andi    zero, t4, 332
core   0: 3 0x8000709c (0x14cef013)
core   0: 0x800070a0 (0x01bccfb3) xor     t6, s9, s11
core   0: 3 0x800070a0 (0x01bccfb3) x31 0xffffffff
core   0: 0x800070a4 (0x01ca2733) slt     a4, s4, t3
core   0: 3 0x800070a4 (0x01ca2733) x14 0x00000000
core   0: 0x800070a8 (0x0377bdb3) mulhu   s11, a5, s7
core   0: 3 0x800070a8 (0x0377bdb3) x27 0x3c3efcfa
core   0: 0x800070ac (0x01069fb3) sll     t6, a3, a6
core   0: 3 0x800070ac (0x01069fb3) x31 0x00300000
core   0: 0x800070b0 (0xcfd77393) andi    t2, a4, -771
core   0: 3 0x800070b0 (0xcfd77393) x 7 0x00000000
core   0: 0x800070b4 (0x99338793) addi    a5, t2, -1645
core   0: 3 0x800070b4 (0x99338793) x15 0xfffff993
core   0: 0x800070b8 (0x00fe4933) xor     s2, t3, a5
core   0: 3 0x800070b8 (0x00fe4933) x18 0xfffff9e5
core   0: 0x800070bc (0x02fd0c33) mul     s8, s10, a5
core   0: 3 0x800070bc (0x02fd0c33) x24 0x044bc32e
core   0: 0x800070c0 (0x025a41b3) div     gp, s4, t0
core   0: 3 0x800070c0 (0x025a41b3) x 3 0xffffffff
core   0: 0x800070c4 (0xef7ce413) ori     s0, s9, -265
core   0: 3 0x800070c4 (0xef7ce413) x 8 0xfffffef7
core   0: 0x800070c8 (0xe5f0b693) sltiu   a3, ra, -417
core   0: 3 0x800070c8 (0xe5f0b693) x13 0x00000001
core   0: 0x800070cc (0x03de1db3) mulh    s11, t3, t4
core   0: 3 0x800070cc (0x03de1db3) x27 0xffffffff
core   0: 0x800070d0 (0x01c8de93) srli    t4, a7, 28
core   0: 3 0x800070d0 (0x01c8de93) x29 0x00000000
core   0: 0x800070d4 (0x00224d33) xor     s10, tp, sp
core   0: 3 0x800070d4 (0x00224d33) x26 0x80018ce4
core   0: 0x800070d8 (0x022e66b3) rem     a3, t3, sp
core   0: 3 0x800070d8 (0x022e66b3) x13 0x00000076
core   0: 0x800070dc (0x005c0733) add     a4, s8, t0
core   0: 3 0x800070dc (0x005c0733) x14 0x044bc32e
core   0: 0x800070e0 (0x01fbecb3) or      s9, s7, t6
core   0: 3 0x800070e0 (0x01fbecb3) x25 0x48760000
core   0: 0x800070e4 (0x013728b3) slt     a7, a4, s3
core   0: 3 0x800070e4 (0x013728b3) x17 0x00000000
core   0: 0x800070e8 (0xec412393) slti    t2, sp, -316
core   0: 3 0x800070e8 (0xec412393) x 7 0x00000001
core   0: 0x800070ec (0x03809333) mulh    t1, ra, s8
core   0: 3 0x800070ec (0x03809333) x 6 0x00000000
core   0: 0x800070f0 (0x0353ed33) rem     s10, t2, s5
core   0: 3 0x800070f0 (0x0353ed33) x26 0x00000001
core   0: 0x800070f4 (0x02e13db3) mulhu   s11, sp, a4
core   0: 3 0x800070f4 (0x02e13db3) x27 0x0225e840
core   0: 0x800070f8 (0xbe04a717) auipc   a4, 0xbe04a
core   0: 3 0x800070f8 (0xbe04a717) x14 0x3e0510f8
core   0: 0x800070fc (0x026d50b3) divu    ra, s10, t1
core   0: 3 0x800070fc (0x026d50b3) x 1 0xffffffff
core   0: 0x80007100 (0x003a75b3) and     a1, s4, gp
core   0: 3 0x80007100 (0x003a75b3) x11 0x00c79fb2
core   0: 0x80007104 (0x03d55033) divu    zero, a0, t4
core   0: 3 0x80007104 (0x03d55033)
core   0: 0x80007108 (0x00000013) nop
core   0: 3 0x80007108 (0x00000013)
core   0: 0x8000710c (0x027f3e33) mulhu   t3, t5, t2
core   0: 3 0x8000710c (0x027f3e33) x28 0x00000000
core   0: 0x80007110 (0x01e266b3) or      a3, tp, t5
core   0: 3 0x80007110 (0x01e266b3) x13 0xd5369eaf
core   0: 0x80007114 (0x41600a33) sub     s4, zero, s6
core   0: 3 0x80007114 (0x41600a33) x20 0x00000001
core   0: 0x80007118 (0x02d80e33) mul     t3, a6, a3
core   0: 3 0x80007118 (0x02d80e33) x28 0x5f671a50
core   0: 0x8000711c (0x03566733) rem     a4, a2, s5
core   0: 3 0x8000711c (0x03566733) x14 0xf018fb60
core   0: 0x80007120 (0x418d8333) sub     t1, s11, s8
core   0: 3 0x80007120 (0x418d8333) x 6 0xfdda2512
core   0: 0x80007124 (0x4026d713) srai    a4, a3, 2
core   0: 3 0x80007124 (0x4026d713) x14 0xf54da7ab
core   0: 0x80007128 (0xf909ac13) slti    s8, s3, -112
core   0: 3 0x80007128 (0xf909ac13) x24 0x00000000
core   0: 0x8000712c (0x6d7cb713) sltiu   a4, s9, 1751
core   0: 3 0x8000712c (0x6d7cb713) x14 0x00000000
core   0: 0x80007130 (0x01543433) sltu    s0, s0, s5
core   0: 3 0x80007130 (0x01543433) x 8 0x00000000
core   0: 0x80007134 (0x00ed2333) slt     t1, s10, a4
core   0: 3 0x80007134 (0x00ed2333) x 6 0x00000000
core   0: 0x80007138 (0x945a8397) auipc   t2, 0x945a8
core   0: 3 0x80007138 (0x945a8397) x 7 0x145af138
core   0: 0x8000713c (0x01744e33) xor     t3, s0, s7
core   0: 3 0x8000713c (0x01744e33) x28 0x48560000
core   0: 0x80007140 (0x009468b3) or      a7, s0, s1
core   0: 3 0x80007140 (0x009468b3) x17 0x00000000
core   0: 0x80007144 (0x01d81e93) slli    t4, a6, 29
core   0: 3 0x80007144 (0x01d81e93) x29 0x00000000
core   0: 0x80007148 (0x032061b3) rem     gp, zero, s2
core   0: 3 0x80007148 (0x032061b3) x 3 0x00000000
core   0: 0x8000714c (0x03fa6a33) rem     s4, s4, t6
core   0: 3 0x8000714c (0x03fa6a33) x20 0x00000001
core   0: 0x80007150 (0x03fa41b3) div     gp, s4, t6
core   0: 3 0x80007150 (0x03fa41b3) x 3 0x00000000
core   0: 0x80007154 (0x4b771f97) auipc   t6, 0x4b771
core   0: 3 0x80007154 (0x4b771f97) x31 0xcb778154
core   0: 0x80007158 (0x7f16bf13) sltiu   t5, a3, 2033
core   0: 3 0x80007158 (0x7f16bf13) x30 0x00000000
core   0: 0x8000715c (0x0288a733) mulhsu  a4, a7, s0
core   0: 3 0x8000715c (0x0288a733) x14 0x00000000
core   0: 0x80007160 (0x0396b0b3) mulhu   ra, a3, s9
core   0: 3 0x80007160 (0x0396b0b3) x 1 0x3c59a3ce
core   0: 0x80007164 (0x4a493993) sltiu   s3, s2, 1188
core   0: 3 0x80007164 (0x4a493993) x19 0x00000000
core   0: 0x80007168 (0x038f4533) div     a0, t5, s8
core   0: 3 0x80007168 (0x038f4533) x10 0xffffffff
core   0: 0x8000716c (0x2ade2813) slti    a6, t3, 685
core   0: 3 0x8000716c (0x2ade2813) x16 0x00000000
core   0: 0x80007170 (0x8a14f713) andi    a4, s1, -1887
core   0: 3 0x80007170 (0x8a14f713) x14 0x00000000
core   0: 0x80007174 (0x01764533) xor     a0, a2, s7
core   0: 3 0x80007174 (0x01764533) x10 0xb84efb60
core   0: 0x80007178 (0x02feba33) mulhu   s4, t4, a5
core   0: 3 0x80007178 (0x02feba33) x20 0x00000000
core   0: 0x8000717c (0x00000013) nop
core   0: 3 0x8000717c (0x00000013)
core   0: 0x80007180 (0x03437333) remu    t1, t1, s4
core   0: 3 0x80007180 (0x03437333) x 6 0x00000000
core   0: 0x80007184 (0x00f176b3) and     a3, sp, a5
core   0: 3 0x80007184 (0x00f176b3) x13 0x80018880
core   0: 0x80007188 (0x00537e33) and     t3, t1, t0
core   0: 3 0x80007188 (0x00537e33) x28 0x00000000
core   0: 0x8000718c (0x01bbe9b3) or      s3, s7, s11
core   0: 3 0x8000718c (0x01bbe9b3) x19 0x4a77e840
core   0: 0x80007190 (0x00b29213) slli    tp, t0, 11
core   0: 3 0x80007190 (0x00b29213) x 4 0x00000000
core   0: 0x80007194 (0x00000013) nop
core   0: 3 0x80007194 (0x00000013)
core   0: 0x80007198 (0x0082fd33) and     s10, t0, s0
core   0: 3 0x80007198 (0x0082fd33) x26 0x00000000
core   0: 0x8000719c (0x9c563b93) sltiu   s7, a2, -1595
core   0: 3 0x8000719c (0x9c563b93) x23 0x00000001
core   0: 0x800071a0 (0x02269eb3) mulh    t4, a3, sp
core   0: 3 0x800071a0 (0x02269eb3) x29 0x3ffe7550
core   0: 0x800071a4 (0xe1b70b37) lui     s6, 0xe1b70
core   0: 3 0x800071a4 (0xe1b70b37) x22 0xe1b70000
core   0: 0x800071a8 (0x03a4df33) divu    t5, s1, s10
core   0: 3 0x800071a8 (0x03a4df33) x30 0xffffffff
core   0: 0x800071ac (0x0188dd93) srli    s11, a7, 24
core   0: 3 0x800071ac (0x0188dd93) x27 0x00000000
core   0: 0x800071b0 (0x02f21cb3) mulh    s9, tp, a5
core   0: 3 0x800071b0 (0x02f21cb3) x25 0x00000000
core   0: 0x800071b4 (0x414ed8b3) sra     a7, t4, s4
core   0: 3 0x800071b4 (0x414ed8b3) x17 0x3ffe7550
core   0: 0x800071b8 (0x008673b3) and     t2, a2, s0
core   0: 3 0x800071b8 (0x008673b3) x 7 0x00000000
core   0: 0x800071bc (0x411488b3) sub     a7, s1, a7
core   0: 3 0x800071bc (0x411488b3) x17 0xc0018ab0
core   0: 0x800071c0 (0x02f44833) div     a6, s0, a5
core   0: 3 0x800071c0 (0x02f44833) x16 0x00000000
core   0: 0x800071c4 (0x031007b3) mul     a5, zero, a7
core   0: 3 0x800071c4 (0x031007b3) x15 0x00000000
core   0: 0x800071c8 (0x4825c513) xori    a0, a1, 1154
core   0: 3 0x800071c8 (0x4825c513) x10 0x00c79b30
core   0: 0x800071cc (0x00d408b3) add     a7, s0, a3
core   0: 3 0x800071cc (0x00d408b3) x17 0x80018880
core   0: 0x800071d0 (0x02ff2fb3) mulhsu  t6, t5, a5
core   0: 3 0x800071d0 (0x02ff2fb3) x31 0x00000000
core   0: 0x800071d4 (0x020e64b3) rem     s1, t3, zero
core   0: 3 0x800071d4 (0x020e64b3) x 9 0x00000000
core   0: 0x800071d8 (0x00a902b3) add     t0, s2, a0
core   0: 3 0x800071d8 (0x00a902b3) x 5 0x00c79515
core   0: 0x800071dc (0xc9567f93) andi    t6, a2, -875
core   0: 3 0x800071dc (0xc9567f93) x31 0xf018f800
core   0: 0x800071e0 (0x02c948b3) div     a7, s2, a2
core   0: 3 0x800071e0 (0x02c948b3) x17 0x00000000
core   0: 0x800071e4 (0x00000013) nop
core   0: 3 0x800071e4 (0x00000013)
core   0: 0x800071e8 (0xa2fe2b13) slti    s6, t3, -1489
core   0: 3 0x800071e8 (0xa2fe2b13) x22 0x00000000
core   0: 0x800071ec (0x02a4c6b3) div     a3, s1, a0
core   0: 3 0x800071ec (0x02a4c6b3) x13 0x00000000
core   0: 0x800071f0 (0x00ea6fb3) or      t6, s4, a4
core   0: 3 0x800071f0 (0x00ea6fb3) x31 0x00000000
core   0: 0x800071f4 (0xf757a193) slti    gp, a5, -139
core   0: 3 0x800071f4 (0xf757a193) x 3 0x00000000
core   0: 0x800071f8 (0x0171b733) sltu    a4, gp, s7
core   0: 3 0x800071f8 (0x0171b733) x14 0x00000001
core   0: 0x800071fc (0x4bedf297) auipc   t0, 0x4bedf
core   0: 3 0x800071fc (0x4bedf297) x 5 0xcbee61fc
core   0: 0x80007200 (0x02818833) mul     a6, gp, s0
core   0: 3 0x80007200 (0x02818833) x16 0x00000000
core   0: 0x80007204 (0xbfd47f93) andi    t6, s0, -1027
core   0: 3 0x80007204 (0xbfd47f93) x31 0x00000000
core   0: 0x80007208 (0x00a182b3) add     t0, gp, a0
core   0: 3 0x80007208 (0x00a182b3) x 5 0x00c79b30
core   0: 0x8000720c (0xbd3a3513) sltiu   a0, s4, -1069
core   0: 3 0x8000720c (0xbd3a3513) x10 0x00000001
core   0: 0x80007210 (0x008ac433) xor     s0, s5, s0
core   0: 3 0x80007210 (0x008ac433) x 8 0x80014e64
core   0: 0x80007214 (0x00089513) slli    a0, a7, 0
core   0: 3 0x80007214 (0x00089513) x10 0x00000000
core   0: 0x80007218 (0x00fe4f33) xor     t5, t3, a5
core   0: 3 0x80007218 (0x00fe4f33) x30 0x00000000
core   0: 0x8000721c (0x02dd8a33) mul     s4, s11, a3
core   0: 3 0x8000721c (0x02dd8a33) x20 0x00000000
core   0: 0x80007220 (0x2bf47193) andi    gp, s0, 703
core   0: 3 0x80007220 (0x2bf47193) x 3 0x00000224
core   0: 0x80007224 (0x01ab4933) xor     s2, s6, s10
core   0: 3 0x80007224 (0x01ab4933) x18 0x00000000
core   0: 0x80007228 (0x02310db3) mul     s11, sp, gp
core   0: 3 0x80007228 (0x02310db3) x27 0x03519810
core   0: 0x8000722c (0x406559b3) sra     s3, a0, t1
core   0: 3 0x8000722c (0x406559b3) x19 0x00000000
core   0: 0x80007230 (0x02588433) mul     s0, a7, t0
core   0: 3 0x80007230 (0x02588433) x 8 0x00000000
core   0: 0x80007234 (0x76560413) addi    s0, a2, 1893
core   0: 3 0x80007234 (0x76560413) x 8 0xf01902c5
core   0: 0x80007238 (0xc613b913) sltiu   s2, t2, -927
core   0: 3 0x80007238 (0xc613b913) x18 0x00000001
core   0: 0x8000723c (0x00ab72b3) and     t0, s6, a0
core   0: 3 0x8000723c (0x00ab72b3) x 5 0x00000000
core   0: 0x80007240 (0x00c552b3) srl     t0, a0, a2
core   0: 3 0x80007240 (0x00c552b3) x 5 0x00000000
core   0: 0x80007244 (0x001f5033) srl     zero, t5, ra
core   0: 3 0x80007244 (0x001f5033)
core   0: 0x80007248 (0x00b8f333) and     t1, a7, a1
core   0: 3 0x80007248 (0x00b8f333) x 6 0x00000000
core   0: 0x8000724c (0x0269c933) div     s2, s3, t1
core   0: 3 0x8000724c (0x0269c933) x18 0xffffffff
core   0: 0x80007250 (0x00000013) nop
core   0: 3 0x80007250 (0x00000013)
core   0: 0x80007254 (0x01012a33) slt     s4, sp, a6
core   0: 3 0x80007254 (0x01012a33) x20 0x00000001
core   0: 0x80007258 (0x01a82033) slt     zero, a6, s10
core   0: 3 0x80007258 (0x01a82033)
core   0: 0x8000725c (0xa4166513) ori     a0, a2, -1471
core   0: 3 0x8000725c (0xa4166513) x10 0xfffffb61
core   0: 0x80007260 (0x01bc6833) or      a6, s8, s11
core   0: 3 0x80007260 (0x01bc6833) x16 0x03519810
core   0: 0x80007264 (0x01b6cbb3) xor     s7, a3, s11
core   0: 3 0x80007264 (0x01b6cbb3) x23 0x03519810
core   0: 0x80007268 (0x01561993) slli    s3, a2, 21
core   0: 3 0x80007268 (0x01561993) x19 0x6c000000
core   0: 0x8000726c (0xf6c99837) lui     a6, 0xf6c99
core   0: 3 0x8000726c (0xf6c99837) x16 0xf6c99000
core   0: 0x80007270 (0x018ee933) or      s2, t4, s8
core   0: 3 0x80007270 (0x018ee933) x18 0x3ffe7550
core   0: 0x80007274 (0x03e0f6b3) remu    a3, ra, t5
core   0: 3 0x80007274 (0x03e0f6b3) x13 0x3c59a3ce
core   0: 0x80007278 (0x002eb9b3) sltu    s3, t4, sp
core   0: 3 0x80007278 (0x002eb9b3) x19 0x00000001
core   0: 0x8000727c (0x414fdd93) srai    s11, t6, 20
core   0: 3 0x8000727c (0x414fdd93) x27 0x00000000
core   0: 0x80007280 (0x9f18ec97) auipc   s9, 0x9f18e
core   0: 3 0x80007280 (0x9f18ec97) x25 0x1f195280
core   0: 0x80007284 (0x01095bb3) srl     s7, s2, a6
core   0: 3 0x80007284 (0x01095bb3) x23 0x3ffe7550
core   0: 0x80007288 (0x013c96b3) sll     a3, s9, s3
core   0: 3 0x80007288 (0x013c96b3) x13 0x3e32a500
core   0: 0x8000728c (0x00c629b3) slt     s3, a2, a2
core   0: 3 0x8000728c (0x00c629b3) x19 0x00000000
core   0: 0x80007290 (0x4081d4b3) sra     s1, gp, s0
core   0: 3 0x80007290 (0x4081d4b3) x 9 0x00000011
core   0: 0x80007294 (0x037f7833) remu    a6, t5, s7
core   0: 3 0x80007294 (0x037f7833) x16 0x00000000
core   0: 0x80007298 (0x02f59733) mulh    a4, a1, a5
core   0: 3 0x80007298 (0x02f59733) x14 0x00000000
core   0: 0x8000729c (0x411c0e33) sub     t3, s8, a7
core   0: 3 0x8000729c (0x411c0e33) x28 0x00000000
core   0: 0x800072a0 (0x021b65b3) rem     a1, s6, ra
core   0: 3 0x800072a0 (0x021b65b3) x11 0x00000000
core   0: 0x800072a4 (0x003a6833) or      a6, s4, gp
core   0: 3 0x800072a4 (0x003a6833) x16 0x00000225
core   0: 0x800072a8 (0x609593b7) lui     t2, 0x60959
core   0: 3 0x800072a8 (0x609593b7) x 7 0x60959000
core   0: 0x800072ac (0x6168f793) andi    a5, a7, 1558
core   0: 3 0x800072ac (0x6168f793) x15 0x00000000
core   0: 0x800072b0 (0x00000013) nop
core   0: 3 0x800072b0 (0x00000013)
core   0: 0x800072b4 (0x0156fbb3) and     s7, a3, s5
core   0: 3 0x800072b4 (0x0156fbb3) x23 0x00000400
core   0: 0x800072b8 (0x01fd0db3) add     s11, s10, t6
core   0: 3 0x800072b8 (0x01fd0db3) x27 0x00000000
core   0: 0x800072bc (0x0283f833) remu    a6, t2, s0
core   0: 3 0x800072bc (0x0283f833) x16 0x60959000
core   0: 0x800072c0 (0xf0acf293) andi    t0, s9, -246
core   0: 3 0x800072c0 (0xf0acf293) x 5 0x1f195200
core   0: 0x800072c4 (0x00453933) sltu    s2, a0, tp
core   0: 3 0x800072c4 (0x00453933) x18 0x00000000
core   0: 0x800072c8 (0x011c22b3) slt     t0, s8, a7
core   0: 3 0x800072c8 (0x011c22b3) x 5 0x00000000
core   0: 0x800072cc (0x6c13c893) xori    a7, t2, 1729
core   0: 3 0x800072cc (0x6c13c893) x17 0x609596c1
core   0: 0x800072d0 (0x35ad0493) addi    s1, s10, 858
core   0: 3 0x800072d0 (0x35ad0493) x 9 0x0000035a
core   0: 0x800072d4 (0x03d98933) mul     s2, s3, t4
core   0: 3 0x800072d4 (0x03d98933) x18 0x00000000
core   0: 0x800072d8 (0x00bd1033) sll     zero, s10, a1
core   0: 3 0x800072d8 (0x00bd1033)
core   0: 0x800072dc (0x417980b3) sub     ra, s3, s7
core   0: 3 0x800072dc (0x417980b3) x 1 0xfffffc00
core   0: 0x800072e0 (0x41650db3) sub     s11, a0, s6
core   0: 3 0x800072e0 (0x41650db3) x27 0xfffffb61
core   0: 0x800072e4 (0xd1de4e13) xori    t3, t3, -739
core   0: 3 0x800072e4 (0xd1de4e13) x28 0xfffffd1d
core   0: 0x800072e8 (0x01d11493) slli    s1, sp, 29
core   0: 3 0x800072e8 (0x01d11493) x 9 0x80000000
core   0: 0x800072ec (0x02ecbeb3) mulhu   t4, s9, a4
core   0: 3 0x800072ec (0x02ecbeb3) x29 0x00000000
core   0: 0x800072f0 (0x1e7c8797) auipc   a5, 0x1e7c8
core   0: 3 0x800072f0 (0x1e7c8797) x15 0x9e7cf2f0
core   0: 0x800072f4 (0x419a5b93) srai    s7, s4, 25
core   0: 3 0x800072f4 (0x419a5b93) x23 0x00000000
core   0: 0x800072f8 (0x016b13b3) sll     t2, s6, s6
core   0: 3 0x800072f8 (0x016b13b3) x 7 0x00000000
core   0: 0x800072fc (0x001025b3) slt     a1, zero, ra
core   0: 3 0x800072fc (0x001025b3) x11 0x00000000
core   0: 0x80007300 (0x40e5d6b3) sra     a3, a1, a4
core   0: 3 0x80007300 (0x40e5d6b3) x13 0x00000000
core   0: 0x80007304 (0x0d7b6893) ori     a7, s6, 215
core   0: 3 0x80007304 (0x0d7b6893) x17 0x000000d7
core   0: 0x80007308 (0x41a1d093) srai    ra, gp, 26
core   0: 3 0x80007308 (0x41a1d093) x 1 0x00000000
core   0: 0x8000730c (0x40be5e93) srai    t4, t3, 11
core   0: 3 0x8000730c (0x40be5e93) x29 0xffffffff
core   0: 0x80007310 (0x0004fe33) and     t3, s1, zero
core   0: 3 0x80007310 (0x0004fe33) x28 0x00000000
core   0: 0x80007314 (0x01cd63b3) or      t2, s10, t3
core   0: 3 0x80007314 (0x01cd63b3) x 7 0x00000000
core   0: 0x80007318 (0xde2b6793) ori     a5, s6, -542
core   0: 3 0x80007318 (0xde2b6793) x15 0xfffffde2
core   0: 0x8000731c (0x01001d93) slli    s11, zero, 16
core   0: 3 0x8000731c (0x01001d93) x27 0x00000000
core   0: 0x80007320 (0x00eb0d33) add     s10, s6, a4
core   0: 3 0x80007320 (0x00eb0d33) x26 0x00000000
core   0: 0x80007324 (0x00079a13) slli    s4, a5, 0
core   0: 3 0x80007324 (0x00079a13) x20 0xfffffde2
core   0: 0x80007328 (0x00489213) slli    tp, a7, 4
core   0: 3 0x80007328 (0x00489213) x 4 0x00000d70
core   0: 0x8000732c (0x00f1d713) srli    a4, gp, 15
core   0: 3 0x8000732c (0x00f1d713) x14 0x00000000
core   0: 0x80007330 (0x021e0533) mul     a0, t3, ra
core   0: 3 0x80007330 (0x021e0533) x10 0x00000000
core   0: 0x80007334 (0x000749b3) xor     s3, a4, zero
core   0: 3 0x80007334 (0x000749b3) x19 0x00000000
core   0: 0x80007338 (0x42cb3c93) sltiu   s9, s6, 1068
core   0: 3 0x80007338 (0x42cb3c93) x25 0x00000001
core   0: 0x8000733c (0x0167d593) srli    a1, a5, 22
core   0: 3 0x8000733c (0x0167d593) x11 0x000003ff
core   0: 0x80007340 (0xa8eab797) auipc   a5, 0xa8eab
core   0: 3 0x80007340 (0xa8eab797) x15 0x28eb2340
core   0: 0x80007344 (0x00710eb3) add     t4, sp, t2
core   0: 3 0x80007344 (0x00710eb3) x29 0x80018ce4
core   0: 0x80007348 (0xd0662913) slti    s2, a2, -762
core   0: 3 0x80007348 (0xd0662913) x18 0x00000001
core   0: 0x8000734c (0x00ac1fb3) sll     t6, s8, a0
core   0: 3 0x8000734c (0x00ac1fb3) x31 0x00000000
core   0: 0x80007350 (0x0009ab13) slti    s6, s3, 0
core   0: 3 0x80007350 (0x0009ab13) x22 0x00000000
core   0: 0x80007354 (0x76af8b93) addi    s7, t6, 1898
core   0: 3 0x80007354 (0x76af8b93) x23 0x0000076a
core   0: 0x80007358 (0xaaf2b713) sltiu   a4, t0, -1361
core   0: 3 0x80007358 (0xaaf2b713) x14 0x00000001
core   0: 0x8000735c (0x03e2a533) mulhsu  a0, t0, t5
core   0: 3 0x8000735c (0x03e2a533) x10 0x00000000
core   0: 0x80007360 (0x404b8733) sub     a4, s7, tp
core   0: 3 0x80007360 (0x404b8733) x14 0xfffff9fa
core   0: 0x80007364 (0xb2457c13) andi    s8, a0, -1244
core   0: 3 0x80007364 (0xb2457c13) x24 0x00000000
core   0: 0x80007368 (0xf3380e97) auipc   t4, 0xf3380
core   0: 3 0x80007368 (0xf3380e97) x29 0x73387368
core   0: 0x8000736c (0x028eb333) mulhu   t1, t4, s0
core   0: 3 0x8000736c (0x028eb333) x 6 0x6c102df3
core   0: 0x80007370 (0x00000013) nop
core   0: 3 0x80007370 (0x00000013)
core   0: 0x80007374 (0x5d46a493) slti    s1, a3, 1492
core   0: 3 0x80007374 (0x5d46a493) x 9 0x00000001
core   0: 0x80007378 (0x03b855b3) divu    a1, a6, s11
core   0: 3 0x80007378 (0x03b855b3) x11 0xffffffff
core   0: 0x8000737c (0x953eac93) slti    s9, t4, -1709
core   0: 3 0x8000737c (0x953eac93) x25 0x00000000
core   0: 0x80007380 (0x02b38733) mul     a4, t2, a1
core   0: 3 0x80007380 (0x02b38733) x14 0x00000000
core   0: 0x80007384 (0x29be7e93) andi    t4, t3, 667
core   0: 3 0x80007384 (0x29be7e93) x29 0x00000000
core   0: 0x80007388 (0x02b21533) mulh    a0, tp, a1
core   0: 3 0x80007388 (0x02b21533) x10 0xffffffff
core   0: 0x8000738c (0x0100d213) srli    tp, ra, 16
core   0: 3 0x8000738c (0x0100d213) x 4 0x00000000
core   0: 0x80007390 (0x0056a2b3) slt     t0, a3, t0
core   0: 3 0x80007390 (0x0056a2b3) x 5 0x00000000
core   0: 0x80007394 (0x01188bb3) add     s7, a7, a7
core   0: 3 0x80007394 (0x01188bb3) x23 0x000001ae
core   0: 0x80007398 (0xc7a03c93) sltiu   s9, zero, -902
core   0: 3 0x80007398 (0xc7a03c93) x25 0x00000001
core   0: 0x8000739c (0x00558fb3) add     t6, a1, t0
core   0: 3 0x8000739c (0x00558fb3) x31 0xffffffff
core   0: 0x800073a0 (0x004773b3) and     t2, a4, tp
core   0: 3 0x800073a0 (0x004773b3) x 7 0x00000000
core   0: 0x800073a4 (0x020901b3) mul     gp, s2, zero
core   0: 3 0x800073a4 (0x020901b3) x 3 0x00000000
core   0: 0x800073a8 (0x03dfc3b3) div     t2, t6, t4
core   0: 3 0x800073a8 (0x03dfc3b3) x 7 0xffffffff
core   0: 0x800073ac (0xa02d8893) addi    a7, s11, -1534
core   0: 3 0x800073ac (0xa02d8893) x17 0xfffffa02
core   0: 0x800073b0 (0x02358e33) mul     t3, a1, gp
core   0: 3 0x800073b0 (0x02358e33) x28 0x00000000
core   0: 0x800073b4 (0x0371d7b3) divu    a5, gp, s7
core   0: 3 0x800073b4 (0x0371d7b3) x15 0x00000000
core   0: 0x800073b8 (0x00262cb3) slt     s9, a2, sp
core   0: 3 0x800073b8 (0x00262cb3) x25 0x00000000
core   0: 0x800073bc (0x01c45593) srli    a1, s0, 28
core   0: 3 0x800073bc (0x01c45593) x11 0x0000000f
core   0: 0x800073c0 (0x01a27a33) and     s4, tp, s10
core   0: 3 0x800073c0 (0x01a27a33) x20 0x00000000
core   0: 0x800073c4 (0x035a3733) mulhu   a4, s4, s5
core   0: 3 0x800073c4 (0x035a3733) x14 0x00000000
core   0: 0x800073c8 (0x41645313) srai    t1, s0, 22
core   0: 3 0x800073c8 (0x41645313) x 6 0xffffffc0
core   0: 0x800073cc (0x019fe933) or      s2, t6, s9
core   0: 3 0x800073cc (0x019fe933) x18 0xffffffff
core   0: 0x800073d0 (0x7a4d8f93) addi    t6, s11, 1956
core   0: 3 0x800073d0 (0x7a4d8f93) x31 0x000007a4
core   0: 0x800073d4 (0xc7cfceb7) lui     t4, 0xc7cfc
core   0: 3 0x800073d4 (0xc7cfceb7) x29 0xc7cfc000
core   0: 0x800073d8 (0x40183b13) sltiu   s6, a6, 1025
core   0: 3 0x800073d8 (0x40183b13) x22 0x00000000
core   0: 0x800073dc (0x00c26533) or      a0, tp, a2
core   0: 3 0x800073dc (0x00c26533) x10 0xf018fb60
core   0: 0x800073e0 (0x20002293) slti    t0, zero, 512
core   0: 3 0x800073e0 (0x20002293) x 5 0x00000001
core   0: 0x800073e4 (0x41915eb3) sra     t4, sp, s9
core   0: 3 0x800073e4 (0x41915eb3) x29 0x80018ce4
core   0: 0x800073e8 (0x0106ebb3) or      s7, a3, a6
core   0: 3 0x800073e8 (0x0106ebb3) x23 0x60959000
core   0: 0x800073ec (0x01e83bb3) sltu    s7, a6, t5
core   0: 3 0x800073ec (0x01e83bb3) x23 0x00000000
core   0: 0x800073f0 (0x033fbe33) mulhu   t3, t6, s3
core   0: 3 0x800073f0 (0x033fbe33) x28 0x00000000
core   0: 0x800073f4 (0x00000013) nop
core   0: 3 0x800073f4 (0x00000013)
core   0: 0x800073f8 (0x026802b3) mul     t0, a6, t1
core   0: 3 0x800073f8 (0x026802b3) x 5 0xda9c0000
core   0: 0x800073fc (0xc4a57193) andi    gp, a0, -950
core   0: 3 0x800073fc (0xc4a57193) x 3 0xf018f840
core   0: 0x80007400 (0x409bdc13) srai    s8, s7, 9
core   0: 3 0x80007400 (0x409bdc13) x24 0x00000000
core   0: 0x80007404 (0x06e4b293) sltiu   t0, s1, 110
core   0: 3 0x80007404 (0x06e4b293) x 5 0x00000001
core   0: 0x80007408 (0x009c80b3) add     ra, s9, s1
core   0: 3 0x80007408 (0x009c80b3) x 1 0x00000001
core   0: 0x8000740c (0x1bd8db97) auipc   s7, 0x1bd8d
core   0: 3 0x8000740c (0x1bd8db97) x23 0x9bd9440c
core   0: 0x80007410 (0x410fd533) sra     a0, t6, a6
core   0: 3 0x80007410 (0x410fd533) x10 0x000007a4
core   0: 0x80007414 (0x022f3533) mulhu   a0, t5, sp
core   0: 3 0x80007414 (0x022f3533) x10 0x00000000
core   0: 0x80007418 (0x019b18b3) sll     a7, s6, s9
core   0: 3 0x80007418 (0x019b18b3) x17 0x00000000
core   0: 0x8000741c (0x45234e17) auipc   t3, 0x45234
core   0: 3 0x8000741c (0x45234e17) x28 0xc523b41c
core   0: 0x80007420 (0x0330e3b3) rem     t2, ra, s3
core   0: 3 0x80007420 (0x0330e3b3) x 7 0x00000001
core   0: 0x80007424 (0x41915bb3) sra     s7, sp, s9
core   0: 3 0x80007424 (0x41915bb3) x23 0x80018ce4
core   0: 0x80007428 (0x0d9c4893) xori    a7, s8, 217
core   0: 3 0x80007428 (0x0d9c4893) x17 0x000000d9
core   0: 0x8000742c (0x03a33d33) mulhu   s10, t1, s10
core   0: 3 0x8000742c (0x03a33d33) x26 0x00000000
core   0: 0x80007430 (0x774c3697) auipc   a3, 0x774c3
core   0: 3 0x80007430 (0x774c3697) x13 0xf74ca430
core   0: 0x80007434 (0x02eaf333) remu    t1, s5, a4
core   0: 3 0x80007434 (0x02eaf333) x 6 0x80014e64
core   0: 0x80007438 (0x7888ee13) ori     t3, a7, 1928
core   0: 3 0x80007438 (0x7888ee13) x28 0x000007d9
core   0: 0x8000743c (0x0315f5b3) remu    a1, a1, a7
core   0: 3 0x8000743c (0x0315f5b3) x11 0x0000000f
core   0: 0x80007440 (0x033696b3) mulh    a3, a3, s3
core   0: 3 0x80007440 (0x033696b3) x13 0x00000000
core   0: 0x80007444 (0x00000013) nop
core   0: 3 0x80007444 (0x00000013)
core   0: 0x80007448 (0x012ca2b3) slt     t0, s9, s2
core   0: 3 0x80007448 (0x012ca2b3) x 5 0x00000000
core   0: 0x8000744c (0x004e7233) and     tp, t3, tp
core   0: 3 0x8000744c (0x004e7233) x 4 0x00000000
core   0: 0x80007450 (0x38a52337) lui     t1, 0x38a52
core   0: 3 0x80007450 (0x38a52337) x 6 0x38a52000
core   0: 0x80007454 (0x0ee03593) sltiu   a1, zero, 238
core   0: 3 0x80007454 (0x0ee03593) x11 0x00000001
core   0: 0x80007458 (0x0110ca33) xor     s4, ra, a7
core   0: 3 0x80007458 (0x0110ca33) x20 0x000000d8
core   0: 0x8000745c (0x0085df93) srli    t6, a1, 8
core   0: 3 0x8000745c (0x0085df93) x31 0x00000000
core   0: 0x80007460 (0x4b883b93) sltiu   s7, a6, 1208
core   0: 3 0x80007460 (0x4b883b93) x23 0x00000000
core   0: 0x80007464 (0x039c5c33) divu    s8, s8, s9
core   0: 3 0x80007464 (0x039c5c33) x24 0xffffffff
core   0: 0x80007468 (0x78e6b013) sltiu   zero, a3, 1934
core   0: 3 0x80007468 (0x78e6b013)
core   0: 0x8000746c (0x01895fb3) srl     t6, s2, s8
core   0: 3 0x8000746c (0x01895fb3) x31 0x00000001
core   0: 0x80007470 (0xb7ed0f17) auipc   t5, 0xb7ed0
core   0: 3 0x80007470 (0xb7ed0f17) x30 0x37ed7470
core   0: 0x80007474 (0x009bc6b3) xor     a3, s7, s1
core   0: 3 0x80007474 (0x009bc6b3) x13 0x00000001
core   0: 0x80007478 (0x02aa2c33) mulhsu  s8, s4, a0
core   0: 3 0x80007478 (0x02aa2c33) x24 0x00000000
core   0: 0x8000747c (0x03a538b3) mulhu   a7, a0, s10
core   0: 3 0x8000747c (0x03a538b3) x17 0x00000000
core   0: 0x80007480 (0x03a9fd33) remu    s10, s3, s10
core   0: 3 0x80007480 (0x03a9fd33) x26 0x00000000
core   0: 0x80007484 (0x00edeeb3) or      t4, s11, a4
core   0: 3 0x80007484 (0x00edeeb3) x29 0x00000000
core   0: 0x80007488 (0x015e0033) add     zero, t3, s5
core   0: 3 0x80007488 (0x015e0033)
core   0: 0x8000748c (0x0016be33) sltu    t3, a3, ra
core   0: 3 0x8000748c (0x0016be33) x28 0x00000000
core   0: 0x80007490 (0x6d2ef013) andi    zero, t4, 1746
core   0: 3 0x80007490 (0x6d2ef013)
core   0: 0x80007494 (0xee7f0f13) addi    t5, t5, -281
core   0: 3 0x80007494 (0xee7f0f13) x30 0x37ed7357
core   0: 0x80007498 (0x25720a13) addi    s4, tp, 599
core   0: 3 0x80007498 (0x25720a13) x20 0x00000257
core   0: 0x8000749c (0xfa31cb93) xori    s7, gp, -93
core   0: 3 0x8000749c (0xfa31cb93) x23 0x0fe707e3
core   0: 0x800074a0 (0x00000013) nop
core   0: 3 0x800074a0 (0x00000013)
core   0: 0x800074a4 (0x0d207413) andi    s0, zero, 210
core   0: 3 0x800074a4 (0x0d207413) x 8 0x00000000
core   0: 0x800074a8 (0x047de0b7) lui     ra, 0x47de
core   0: 3 0x800074a8 (0x047de0b7) x 1 0x047de000
core   0: 0x800074ac (0x40198e93) addi    t4, s3, 1025
core   0: 3 0x800074ac (0x40198e93) x29 0x00000401
core   0: 0x800074b0 (0x01256e33) or      t3, a0, s2
core   0: 3 0x800074b0 (0x01256e33) x28 0xffffffff
core   0: 0x800074b4 (0x0020ffb3) and     t6, ra, sp
core   0: 3 0x800074b4 (0x0020ffb3) x31 0x00018000
core   0: 0x800074b8 (0x00d39233) sll     tp, t2, a3
core   0: 3 0x800074b8 (0x00d39233) x 4 0x00000002
core   0: 0x800074bc (0x00ccee33) or      t3, s9, a2
core   0: 3 0x800074bc (0x00ccee33) x28 0xf018fb60
core   0: 0x800074c0 (0x0380eb33) rem     s6, ra, s8
core   0: 3 0x800074c0 (0x0380eb33) x22 0x047de000
core   0: 0x800074c4 (0x008cd5b3) srl     a1, s9, s0
core   0: 3 0x800074c4 (0x008cd5b3) x11 0x00000000
core   0: 0x800074c8 (0x02965c33) divu    s8, a2, s1
core   0: 3 0x800074c8 (0x02965c33) x24 0xf018fb60
core   0: 0x800074cc (0x416d01b3) sub     gp, s10, s6
core   0: 3 0x800074cc (0x416d01b3) x 3 0xfb822000
core   0: 0x800074d0 (0x0128cb33) xor     s6, a7, s2
core   0: 3 0x800074d0 (0x0128cb33) x22 0xffffffff
core   0: 0x800074d4 (0x74dbf313) andi    t1, s7, 1869
core   0: 3 0x800074d4 (0x74dbf313) x 6 0x00000741
core   0: 0x800074d8 (0x017688b3) add     a7, a3, s7
core   0: 3 0x800074d8 (0x017688b3) x17 0x0fe707e4
core   0: 0x800074dc (0x03330533) mul     a0, t1, s3
core   0: 3 0x800074dc (0x03330533) x10 0x00000000
core   0: 0x800074e0 (0x00cd7f33) and     t5, s10, a2
core   0: 3 0x800074e0 (0x00cd7f33) x30 0x00000000
core   0: 0x800074e4 (0x15773713) sltiu   a4, a4, 343
core   0: 3 0x800074e4 (0x15773713) x14 0x00000001
core   0: 0x800074e8 (0x00000013) nop
core   0: 3 0x800074e8 (0x00000013)
core   0: 0x800074ec (0x00e79913) slli    s2, a5, 14
core   0: 3 0x800074ec (0x00e79913) x18 0x00000000
core   0: 0x800074f0 (0x70f0fd93) andi    s11, ra, 1807
core   0: 3 0x800074f0 (0x70f0fd93) x27 0x00000000
core   0: 0x800074f4 (0x02455fb3) divu    t6, a0, tp
core   0: 3 0x800074f4 (0x02455fb3) x31 0x00000000
core   0: 0x800074f8 (0x0240c233) div     tp, ra, tp
core   0: 3 0x800074f8 (0x0240c233) x 4 0x023ef000
core   0: 0x800074fc (0x02b93433) mulhu   s0, s2, a1
core   0: 3 0x800074fc (0x02b93433) x 8 0x00000000
core   0: 0x80007500 (0xe6ffe093) ori     ra, t6, -401
core   0: 3 0x80007500 (0xe6ffe093) x 1 0xfffffe6f
core   0: 0x80007504 (0x05ee4793) xori    a5, t3, 94
core   0: 3 0x80007504 (0x05ee4793) x15 0xf018fb3e
core   0: 0x80007508 (0x41c4d993) srai    s3, s1, 28
core   0: 3 0x80007508 (0x41c4d993) x19 0x00000000
core   0: 0x8000750c (0x012bb9b3) sltu    s3, s7, s2
core   0: 3 0x8000750c (0x012bb9b3) x19 0x00000000
core   0: 0x80007510 (0x00201f33) sll     t5, zero, sp
core   0: 3 0x80007510 (0x00201f33) x30 0x00000000
core   0: 0x80007514 (0x03e67db3) remu    s11, a2, t5
core   0: 3 0x80007514 (0x03e67db3) x27 0xf018fb60
core   0: 0x80007518 (0x2d91cd93) xori    s11, gp, 729
core   0: 3 0x80007518 (0x2d91cd93) x27 0xfb8222d9
core   0: 0x8000751c (0x401a5333) sra     t1, s4, ra
core   0: 3 0x8000751c (0x401a5333) x 6 0x00000000
core   0: 0x80007520 (0x415007b3) sub     a5, zero, s5
core   0: 3 0x80007520 (0x415007b3) x15 0x7ffeb19c
core   0: 0x80007524 (0x01510033) add     zero, sp, s5
core   0: 3 0x80007524 (0x01510033)
core   0: 0x80007528 (0x01fad293) srli    t0, s5, 31
core   0: 3 0x80007528 (0x01fad293) x 5 0x00000001
core   0: 0x8000752c (0x41ef80b3) sub     ra, t6, t5
core   0: 3 0x8000752c (0x41ef80b3) x 1 0x00000000
core   0: 0x80007530 (0x01b4fe33) and     t3, s1, s11
core   0: 3 0x80007530 (0x01b4fe33) x28 0x00000001
core   0: 0x80007534 (0x003f12b3) sll     t0, t5, gp
core   0: 3 0x80007534 (0x003f12b3) x 5 0x00000000
core   0: 0x80007538 (0x035972b3) remu    t0, s2, s5
core   0: 3 0x80007538 (0x035972b3) x 5 0x00000000
core   0: 0x8000753c (0x01c0a1b3) slt     gp, ra, t3
core   0: 3 0x8000753c (0x01c0a1b3) x 3 0x00000001
core   0: 0x80007540 (0x022c7db3) remu    s11, s8, sp
core   0: 3 0x80007540 (0x022c7db3) x27 0x70176e7c
core   0: 0x80007544 (0x875149b7) lui     s3, 0x87514
core   0: 3 0x80007544 (0x875149b7) x19 0x87514000
core   0: 0x80007548 (0x024232b3) mulhu   t0, tp, tp
core   0: 3 0x80007548 (0x024232b3) x 5 0x00050b39
core   0: 0x8000754c (0x41ebd213) srai    tp, s7, 30
core   0: 3 0x8000754c (0x41ebd213) x 4 0x00000000
core   0: 0x80007550 (0x01daeeb3) or      t4, s5, t4
core   0: 3 0x80007550 (0x01daeeb3) x29 0x80014e65
core   0: 0x80007554 (0x02fbbe33) mulhu   t3, s7, a5
core   0: 3 0x80007554 (0x02fbbe33) x28 0x07f36f2b
core   0: 0x80007558 (0x01aed193) srli    gp, t4, 26
core   0: 3 0x80007558 (0x01aed193) x 3 0x00000020
core   0: 0x8000755c (0x00000013) nop
core   0: 3 0x8000755c (0x00000013)
core   0: 0x80007560 (0x00734433) xor     s0, t1, t2
core   0: 3 0x80007560 (0x00734433) x 8 0x00000001
core   0: 0x80007564 (0x039596b3) mulh    a3, a1, s9
core   0: 3 0x80007564 (0x039596b3) x13 0x00000000
core   0: 0x80007568 (0x41778f33) sub     t5, a5, s7
core   0: 3 0x80007568 (0x41778f33) x30 0x7017a9b9
core   0: 0x8000756c (0x0077d013) srli    zero, a5, 7
core   0: 3 0x8000756c (0x0077d013)
core   0: 0x80007570 (0xc01ef737) lui     a4, 0xc01ef
core   0: 3 0x80007570 (0xc01ef737) x14 0xc01ef000
core   0: 0x80007574 (0x30c84293) xori    t0, a6, 780
core   0: 3 0x80007574 (0x30c84293) x 5 0x6095930c
core   0: 0x80007578 (0x00cfacb3) slt     s9, t6, a2
core   0: 3 0x80007578 (0x00cfacb3) x25 0x00000000
core   0: 0x8000757c (0x00000013) nop
core   0: 3 0x8000757c (0x00000013)
core   0: 0x80007580 (0x0225eb33) rem     s6, a1, sp
core   0: 3 0x80007580 (0x0225eb33) x22 0x00000000
core   0: 0x80007584 (0x00000013) nop
core   0: 3 0x80007584 (0x00000013)
core   0: 0x80007588 (0x046d2c13) slti    s8, s10, 70
core   0: 3 0x80007588 (0x046d2c13) x24 0x00000001
core   0: 0x8000758c (0x41448033) sub     zero, s1, s4
core   0: 3 0x8000758c (0x41448033)
core   0: 0x80007590 (0x35c1fbb7) lui     s7, 0x35c1f
core   0: 3 0x80007590 (0x35c1fbb7) x23 0x35c1f000
core   0: 0x80007594 (0x00000013) nop
core   0: 3 0x80007594 (0x00000013)
core   0: 0x80007598 (0x02fe4833) div     a6, t3, a5
core   0: 3 0x80007598 (0x02fe4833) x16 0x00000000
core   0: 0x8000759c (0x00c816b3) sll     a3, a6, a2
core   0: 3 0x8000759c (0x00c816b3) x13 0x00000000
core   0: 0x800075a0 (0x03e93233) mulhu   tp, s2, t5
core   0: 3 0x800075a0 (0x03e93233) x 4 0x00000000
core   0: 0x800075a4 (0x07a43793) sltiu   a5, s0, 122
core   0: 3 0x800075a4 (0x07a43793) x15 0x00000001
core   0: 0x800075a8 (0x012f1cb3) sll     s9, t5, s2
core   0: 3 0x800075a8 (0x012f1cb3) x25 0x7017a9b9
core   0: 0x800075ac (0x00000013) nop
core   0: 3 0x800075ac (0x00000013)
core   0: 0x800075b0 (0x41810c33) sub     s8, sp, s8
core   0: 3 0x800075b0 (0x41810c33) x24 0x80018ce3
core   0: 0x800075b4 (0x70c02a37) lui     s4, 0x70c02
core   0: 3 0x800075b4 (0x70c02a37) x20 0x70c02000
core   0: 0x800075b8 (0x00cd0233) add     tp, s10, a2
core   0: 3 0x800075b8 (0x00cd0233) x 4 0xf018fb60
core   0: 0x800075bc (0x008cee33) or      t3, s9, s0
core   0: 3 0x800075bc (0x008cee33) x28 0x7017a9b9
core   0: 0x800075c0 (0x01331db3) sll     s11, t1, s3
core   0: 3 0x800075c0 (0x01331db3) x27 0x00000000
core   0: 0x800075c4 (0x039502b3) mul     t0, a0, s9
core   0: 3 0x800075c4 (0x039502b3) x 5 0x00000000
core   0: 0x800075c8 (0x4d44c817) auipc   a6, 0x4d44c
core   0: 3 0x800075c8 (0x4d44c817) x16 0xcd4535c8
core   0: 0x800075cc (0x028da533) mulhsu  a0, s11, s0
core   0: 3 0x800075cc (0x028da533) x10 0x00000000
core   0: 0x800075d0 (0x02ab5533) divu    a0, s6, a0
core   0: 3 0x800075d0 (0x02ab5533) x10 0xffffffff
core   0: 0x800075d4 (0x00ac5213) srli    tp, s8, 10
core   0: 3 0x800075d4 (0x00ac5213) x 4 0x00200063
core   0: 0x800075d8 (0x0251dcb3) divu    s9, gp, t0
core   0: 3 0x800075d8 (0x0251dcb3) x25 0xffffffff
core   0: 0x800075dc (0x00afefb3) or      t6, t6, a0
core   0: 3 0x800075dc (0x00afefb3) x31 0xffffffff
core   0: 0x800075e0 (0x015f5e33) srl     t3, t5, s5
core   0: 3 0x800075e0 (0x015f5e33) x28 0x07017a9b
core   0: 0x800075e4 (0x497bed93) ori     s11, s7, 1175
core   0: 3 0x800075e4 (0x497bed93) x27 0x35c1f497
core   0: 0x800075e8 (0x00d3edb3) or      s11, t2, a3
core   0: 3 0x800075e8 (0x00d3edb3) x27 0x00000001
core   0: 0x800075ec (0x41465413) srai    s0, a2, 20
core   0: 3 0x800075ec (0x41465413) x 8 0xffffff01
core   0: 0x800075f0 (0x00b231b3) sltu    gp, tp, a1
core   0: 3 0x800075f0 (0x00b231b3) x 3 0x00000000
core   0: 0x800075f4 (0x018eda33) srl     s4, t4, s8
core   0: 3 0x800075f4 (0x018eda33) x20 0x100029cc
core   0: 0x800075f8 (0x0371fe93) andi    t4, gp, 55
core   0: 3 0x800075f8 (0x0371fe93) x29 0x00000000
core   0: 0x800075fc (0x41400e33) sub     t3, zero, s4
core   0: 3 0x800075fc (0x41400e33) x28 0xefffd634
core   0: 0x80007600 (0x009b0333) add     t1, s6, s1
core   0: 3 0x80007600 (0x009b0333) x 6 0x00000001
core   0: 0x80007604 (0xa2a24293) xori    t0, tp, -1494
core   0: 3 0x80007604 (0xa2a24293) x 5 0xffdffa49
core   0: 0x80007608 (0xab916d13) ori     s10, sp, -1351
core   0: 3 0x80007608 (0xab916d13) x26 0xfffffefd
core   0: 0x8000760c (0x019a98b3) sll     a7, s5, s9
core   0: 3 0x8000760c (0x019a98b3) x17 0x00000000
core   0: 0x80007610 (0x41c48db3) sub     s11, s1, t3
core   0: 3 0x80007610 (0x41c48db3) x27 0x100029cd
core   0: 0x80007614 (0x02dc0733) mul     a4, s8, a3
core   0: 3 0x80007614 (0x02dc0733) x14 0x00000000
core   0: 0x80007618 (0x40d85b13) srai    s6, a6, 13
core   0: 3 0x80007618 (0x40d85b13) x22 0xfffe6a29
core   0: 0x8000761c (0x032b3d33) mulhu   s10, s6, s2
core   0: 3 0x8000761c (0x032b3d33) x26 0x00000000
core   0: 0x80007620 (0x00000013) nop
core   0: 3 0x80007620 (0x00000013)
core   0: 0x80007624 (0x0274d033) divu    zero, s1, t2
core   0: 3 0x80007624 (0x0274d033)
core   0: 0x80007628 (0x32a60b93) addi    s7, a2, 810
core   0: 3 0x80007628 (0x32a60b93) x23 0xf018fe8a
core   0: 0x8000762c (0x590ec013) xori    zero, t4, 1424
core   0: 3 0x8000762c (0x590ec013)
core   0: 0x80007630 (0x032c8c33) mul     s8, s9, s2
core   0: 3 0x80007630 (0x032c8c33) x24 0x00000000
core   0: 0x80007634 (0xeeb5ef13) ori     t5, a1, -277
core   0: 3 0x80007634 (0xeeb5ef13) x30 0xfffffeeb
core   0: 0x80007638 (0x0351b4b3) mulhu   s1, gp, s5
core   0: 3 0x80007638 (0x0351b4b3) x 9 0x00000000
core   0: 0x8000763c (0x00000013) nop
core   0: 3 0x8000763c (0x00000013)
core   0: 0x80007640 (0x00ce3233) sltu    tp, t3, a2
core   0: 3 0x80007640 (0x00ce3233) x 4 0x00000001
core   0: 0x80007644 (0xac828f13) addi    t5, t0, -1336
core   0: 3 0x80007644 (0xac828f13) x30 0xffdff511
core   0: 0x80007648 (0xf73a2893) slti    a7, s4, -141
core   0: 3 0x80007648 (0xf73a2893) x17 0x00000000
core   0: 0x8000764c (0x40b6df13) srai    t5, a3, 11
core   0: 3 0x8000764c (0x40b6df13) x30 0x00000000
core   0: 0x80007650 (0x01355db3) srl     s11, a0, s3
core   0: 3 0x80007650 (0x01355db3) x27 0xffffffff
core   0: 0x80007654 (0xfa713793) sltiu   a5, sp, -89
core   0: 3 0x80007654 (0xfa713793) x15 0x00000001
core   0: 0x80007658 (0xc3030993) addi    s3, t1, -976
core   0: 3 0x80007658 (0xc3030993) x19 0xfffffc31
core   0: 0x8000765c (0x413cdeb3) sra     t4, s9, s3
core   0: 3 0x8000765c (0x413cdeb3) x29 0xffffffff
core   0: 0x80007660 (0x00fe5f13) srli    t5, t3, 15
core   0: 3 0x80007660 (0x00fe5f13) x30 0x0001dfff
core   0: 0x80007664 (0x016ee233) or      tp, t4, s6
core   0: 3 0x80007664 (0x016ee233) x 4 0xffffffff
core   0: 0x80007668 (0x63c6c313) xori    t1, a3, 1596
core   0: 3 0x80007668 (0x63c6c313) x 6 0x0000063c
core   0: 0x8000766c (0x413886b3) sub     a3, a7, s3
core   0: 3 0x8000766c (0x413886b3) x13 0x000003cf
core   0: 0x80007670 (0xe2e80593) addi    a1, a6, -466
core   0: 3 0x80007670 (0xe2e80593) x11 0xcd4533f6
core   0: 0x80007674 (0x024685b3) mul     a1, a3, tp
core   0: 3 0x80007674 (0x024685b3) x11 0xfffffc31
core   0: 0x80007678 (0x03d4f8b3) remu    a7, s1, t4
core   0: 3 0x80007678 (0x03d4f8b3) x17 0x00000000
core   0: 0x8000767c (0x00000013) nop
core   0: 3 0x8000767c (0x00000013)
core   0: 0x80007680 (0x28656017) auipc   zero, 0x28656
core   0: 3 0x80007680 (0x28656017)
core   0: 0x80007684 (0x0f492e13) slti    t3, s2, 244
core   0: 3 0x80007684 (0x0f492e13) x28 0x00000001
core   0: 0x80007688 (0xd9d87213) andi    tp, a6, -611
core   0: 3 0x80007688 (0xd9d87213) x 4 0xcd453588
core   0: 0x8000768c (0x03ef69b3) rem     s3, t5, t5
core   0: 3 0x8000768c (0x03ef69b3) x19 0x00000000
core   0: 0x80007690 (0x4106dc13) srai    s8, a3, 16
core   0: 3 0x80007690 (0x4106dc13) x24 0x00000000
core   0: 0x80007694 (0x2d2f2293) slti    t0, t5, 722
core   0: 3 0x80007694 (0x2d2f2293) x 5 0x00000000
core   0: 0x80007698 (0x03755eb3) divu    t4, a0, s7
core   0: 3 0x80007698 (0x03755eb3) x29 0x00000001
core   0: 0x8000769c (0x02fa10b3) mulh    ra, s4, a5
core   0: 3 0x8000769c (0x02fa10b3) x 1 0x00000000
core   0: 0x800076a0 (0x1f5c42b7) lui     t0, 0x1f5c4
core   0: 3 0x800076a0 (0x1f5c42b7) x 5 0x1f5c4000
core   0: 0x800076a4 (0x01255b33) srl     s6, a0, s2
core   0: 3 0x800076a4 (0x01255b33) x22 0xffffffff
core   0: 0x800076a8 (0x0184e8b3) or      a7, s1, s8
core   0: 3 0x800076a8 (0x0184e8b3) x17 0x00000000
core   0: 0x800076ac (0x9d4a8897) auipc   a7, 0x9d4a8
core   0: 3 0x800076ac (0x9d4a8897) x17 0x1d4af6ac
core   0: 0x800076b0 (0x0332f3b3) remu    t2, t0, s3
core   0: 3 0x800076b0 (0x0332f3b3) x 7 0x1f5c4000
core   0: 0x800076b4 (0x0fec2013) slti    zero, s8, 254
core   0: 3 0x800076b4 (0x0fec2013)
core   0: 0x800076b8 (0x01b61713) slli    a4, a2, 27
core   0: 3 0x800076b8 (0x01b61713) x14 0x00000000
core   0: 0x800076bc (0x02f9c1b3) div     gp, s3, a5
core   0: 3 0x800076bc (0x02f9c1b3) x 3 0x00000000
core   0: 0x800076c0 (0x0029e733) or      a4, s3, sp
core   0: 3 0x800076c0 (0x0029e733) x14 0x80018ce4
core   0: 0x800076c4 (0x8ff6bd97) auipc   s11, 0x8ff6b
core   0: 3 0x800076c4 (0x8ff6bd97) x27 0x0ff726c4
core   0: 0x800076c8 (0x024cdb33) divu    s6, s9, tp
core   0: 3 0x800076c8 (0x024cdb33) x22 0x00000001
core   0: 0x800076cc (0x023f6bb3) rem     s7, t5, gp
core   0: 3 0x800076cc (0x023f6bb3) x23 0x0001dfff
core   0: 0x800076d0 (0x023f7c33) remu    s8, t5, gp
core   0: 3 0x800076d0 (0x023f7c33) x24 0x0001dfff
core   0: 0x800076d4 (0x11e13717) auipc   a4, 0x11e13
core   0: 3 0x800076d4 (0x11e13717) x14 0x91e1a6d4
core   0: 0x800076d8 (0x00ce4533) xor     a0, t3, a2
core   0: 3 0x800076d8 (0x00ce4533) x10 0xf018fb61
core   0: 0x800076dc (0x02c5dbb3) divu    s7, a1, a2
core   0: 3 0x800076dc (0x02c5dbb3) x23 0x00000001
core   0: 0x800076e0 (0x4062de13) srai    t3, t0, 6
core   0: 3 0x800076e0 (0x4062de13) x28 0x007d7100
core   0: 0x800076e4 (0x40dede13) srai    t3, t4, 13
core   0: 3 0x800076e4 (0x40dede13) x28 0x00000000
core   0: 0x800076e8 (0x011ad013) srli    zero, s5, 17
core   0: 3 0x800076e8 (0x011ad013)
core   0: 0x800076ec (0x028ec833) div     a6, t4, s0
core   0: 3 0x800076ec (0x028ec833) x16 0x00000000
core   0: 0x800076f0 (0x013fc6b3) xor     a3, t6, s3
core   0: 3 0x800076f0 (0x013fc6b3) x13 0xffffffff
core   0: 0x800076f4 (0x40855e33) sra     t3, a0, s0
core   0: 3 0x800076f4 (0x40855e33) x28 0xf80c7db0
core   0: 0x800076f8 (0x4191de33) sra     t3, gp, s9
core   0: 3 0x800076f8 (0x4191de33) x28 0x00000000
core   0: 0x800076fc (0x4300fa13) andi    s4, ra, 1072
core   0: 3 0x800076fc (0x4300fa13) x20 0x00000000
core   0: 0x80007700 (0x03601433) mulh    s0, zero, s6
core   0: 3 0x80007700 (0x03601433) x 8 0x00000000
core   0: 0x80007704 (0x00f1cdb3) xor     s11, gp, a5
core   0: 3 0x80007704 (0x00f1cdb3) x27 0x00000001
core   0: 0x80007708 (0x031de7b3) rem     a5, s11, a7
core   0: 3 0x80007708 (0x031de7b3) x15 0x00000001
core   0: 0x8000770c (0x01f2d0b3) srl     ra, t0, t6
core   0: 3 0x8000770c (0x01f2d0b3) x 1 0x00000000
core   0: 0x80007710 (0x40a5d733) sra     a4, a1, a0
core   0: 3 0x80007710 (0x40a5d733) x14 0xfffffe18
core   0: 0x80007714 (0x0353dcb3) divu    s9, t2, s5
core   0: 3 0x80007714 (0x0353dcb3) x25 0x00000000
core   0: 0x80007718 (0x02191233) mulh    tp, s2, ra
core   0: 3 0x80007718 (0x02191233) x 4 0x00000000
core   0: 0x8000771c (0x03c22eb3) mulhsu  t4, tp, t3
core   0: 3 0x8000771c (0x03c22eb3) x29 0x00000000
core   0: 0x80007720 (0x41a2d513) srai    a0, t0, 26
core   0: 3 0x80007720 (0x41a2d513) x10 0x00000007
core   0: 0x80007724 (0x02320533) mul     a0, tp, gp
core   0: 3 0x80007724 (0x02320533) x10 0x00000000
core   0: 0x80007728 (0x40db51b3) sra     gp, s6, a3
core   0: 3 0x80007728 (0x40db51b3) x 3 0x00000000
core   0: 0x8000772c (0x00fbba33) sltu    s4, s7, a5
core   0: 3 0x8000772c (0x00fbba33) x20 0x00000000
core   0: 0x80007730 (0x027c12b3) mulh    t0, s8, t2
core   0: 3 0x80007730 (0x027c12b3) x 5 0x00003acc
core   0: 0x80007734 (0x027f4d33) div     s10, t5, t2
core   0: 3 0x80007734 (0x027f4d33) x26 0x00000000
core   0: 0x80007738 (0x03038733) mul     a4, t2, a6
core   0: 3 0x80007738 (0x03038733) x14 0x00000000
core   0: 0x8000773c (0x02a5b3b3) mulhu   t2, a1, a0
core   0: 3 0x8000773c (0x02a5b3b3) x 7 0x00000000
core   0: 0x80007740 (0xa6a58593) addi    a1, a1, -1430
core   0: 3 0x80007740 (0xa6a58593) x11 0xfffff69b
core   0: 0x80007744 (0x00000013) nop
core   0: 3 0x80007744 (0x00000013)
core   0: 0x80007748 (0x013f11b3) sll     gp, t5, s3
core   0: 3 0x80007748 (0x013f11b3) x 3 0x0001dfff
core   0: 0x8000774c (0x00000013) nop
core   0: 3 0x8000774c (0x00000013)
core   0: 0x80007750 (0x007b9f13) slli    t5, s7, 7
core   0: 3 0x80007750 (0x007b9f13) x30 0x00000080
core   0: 0x80007754 (0x40bbd9b3) sra     s3, s7, a1
core   0: 3 0x80007754 (0x40bbd9b3) x19 0x00000000
core   0: 0x80007758 (0x00000013) nop
core   0: 3 0x80007758 (0x00000013)
core   0: 0x8000775c (0x2579c213) xori    tp, s3, 599
core   0: 3 0x8000775c (0x2579c213) x 4 0x00000257
core   0: 0x80007760 (0x0229b033) mulhu   zero, s3, sp
core   0: 3 0x80007760 (0x0229b033)
core   0: 0x80007764 (0xe4f8a013) slti    zero, a7, -433
core   0: 3 0x80007764 (0xe4f8a013)
core   0: 0x80007768 (0x00db1393) slli    t2, s6, 13
core   0: 3 0x80007768 (0x00db1393) x 7 0x00002000
core   0: 0x8000776c (0x7c9de193) ori     gp, s11, 1993
core   0: 3 0x8000776c (0x7c9de193) x 3 0x000007c9
core   0: 0x80007770 (0xd2e30493) addi    s1, t1, -722
core   0: 3 0x80007770 (0xd2e30493) x 9 0x0000036a
core   0: 0x80007774 (0xf271bb13) sltiu   s6, gp, -217
core   0: 3 0x80007774 (0xf271bb13) x22 0x00000001
core   0: 0x80007778 (0x03754033) div     zero, a0, s7
core   0: 3 0x80007778 (0x03754033)
core   0: 0x8000777c (0x41510933) sub     s2, sp, s5
core   0: 3 0x8000777c (0x41510933) x18 0x00003e80
core   0: 0x80007780 (0x0cbfb597) auipc   a1, 0xcbfb
core   0: 3 0x80007780 (0x0cbfb597) x11 0x8cc02780
core   0: 0x80007784 (0xf19ca317) auipc   t1, 0xf19ca
core   0: 3 0x80007784 (0xf19ca317) x 6 0x719d1784
core   0: 0x80007788 (0x01e041b3) xor     gp, zero, t5
core   0: 3 0x80007788 (0x01e041b3) x 3 0x00000080
core   0: 0x8000778c (0x00b58e33) add     t3, a1, a1
core   0: 3 0x8000778c (0x00b58e33) x28 0x19804f00
core   0: 0x80007790 (0x6519a317) auipc   t1, 0x6519a
core   0: 3 0x80007790 (0x6519a317) x 6 0xe51a1790
core   0: 0x80007794 (0x03d61b33) mulh    s6, a2, t4
core   0: 3 0x80007794 (0x03d61b33) x22 0x00000000
core   0: 0x80007798 (0x0398f3b3) remu    t2, a7, s9
core   0: 3 0x80007798 (0x0398f3b3) x 7 0x1d4af6ac
core   0: 0x8000779c (0x00a56b33) or      s6, a0, a0
core   0: 3 0x8000779c (0x00a56b33) x22 0x00000000
core   0: 0x800077a0 (0x009eb233) sltu    tp, t4, s1
core   0: 3 0x800077a0 (0x009eb233) x 4 0x00000001
core   0: 0x800077a4 (0x0086ec33) or      s8, a3, s0
core   0: 3 0x800077a4 (0x0086ec33) x24 0xffffffff
core   0: 0x800077a8 (0x02306733) rem     a4, zero, gp
core   0: 3 0x800077a8 (0x02306733) x14 0x00000000
core   0: 0x800077ac (0x02daa6b3) mulhsu  a3, s5, a3
core   0: 3 0x800077ac (0x02daa6b3) x13 0x80014e64
core   0: 0x800077b0 (0x00d0f833) and     a6, ra, a3
core   0: 3 0x800077b0 (0x00d0f833) x16 0x00000000
core   0: 0x800077b4 (0x00e130b3) sltu    ra, sp, a4
core   0: 3 0x800077b4 (0x00e130b3) x 1 0x00000000
core   0: 0x800077b8 (0x017fea33) or      s4, t6, s7
core   0: 3 0x800077b8 (0x017fea33) x20 0xffffffff
core   0: 0x800077bc (0x667283b7) lui     t2, 0x66728
core   0: 3 0x800077bc (0x667283b7) x 7 0x66728000
core   0: 0x800077c0 (0x03843413) sltiu   s0, s0, 56
core   0: 3 0x800077c0 (0x03843413) x 8 0x00000001
core   0: 0x800077c4 (0x01b2edb3) or      s11, t0, s11
core   0: 3 0x800077c4 (0x01b2edb3) x27 0x00003acd
core   0: 0x800077c8 (0x031037b3) mulhu   a5, zero, a7
core   0: 3 0x800077c8 (0x031037b3) x15 0x00000000
core   0: 0x800077cc (0x00f53fb3) sltu    t6, a0, a5
core   0: 3 0x800077cc (0x00f53fb3) x31 0x00000000
core   0: 0x800077d0 (0x013dfa33) and     s4, s11, s3
core   0: 3 0x800077d0 (0x013dfa33) x20 0x00000000
core   0: 0x800077d4 (0x015adbb3) srl     s7, s5, s5
core   0: 3 0x800077d4 (0x015adbb3) x23 0x080014e6
core   0: 0x800077d8 (0x03b07fb3) remu    t6, zero, s11
core   0: 3 0x800077d8 (0x03b07fb3) x31 0x00000000
core   0: 0x800077dc (0x02622cb3) mulhsu  s9, tp, t1
core   0: 3 0x800077dc (0x02622cb3) x25 0x00000000
core   0: 0x800077e0 (0x3fe27913) andi    s2, tp, 1022
core   0: 3 0x800077e0 (0x3fe27913) x18 0x00000000
core   0: 0x800077e4 (0x17efaa17) auipc   s4, 0x17efa
core   0: 3 0x800077e4 (0x17efaa17) x20 0x97f017e4
core   0: 0x800077e8 (0x005a2b33) slt     s6, s4, t0
core   0: 3 0x800077e8 (0x005a2b33) x22 0x00000001
core   0: 0x800077ec (0x00000013) nop
core   0: 3 0x800077ec (0x00000013)
core   0: 0x800077f0 (0x402a81b3) sub     gp, s5, sp
core   0: 3 0x800077f0 (0x402a81b3) x 3 0xffffc180
core   0: 0x800077f4 (0x70d5ba13) sltiu   s4, a1, 1805
core   0: 3 0x800077f4 (0x70d5ba13) x20 0x00000000
core   0: 0x800077f8 (0x65ba0413) addi    s0, s4, 1627
core   0: 3 0x800077f8 (0x65ba0413) x 8 0x0000065b
core   0: 0x800077fc (0x02225833) divu    a6, tp, sp
core   0: 3 0x800077fc (0x02225833) x16 0x00000000
core   0: 0x80007800 (0x0360b733) mulhu   a4, ra, s6
core   0: 3 0x80007800 (0x0360b733) x14 0x00000000
core   0: 0x80007804 (0x37142513) slti    a0, s0, 881
core   0: 3 0x80007804 (0x37142513) x10 0x00000000
core   0: 0x80007808 (0x02b95933) divu    s2, s2, a1
core   0: 3 0x80007808 (0x02b95933) x18 0x00000000
core   0: 0x8000780c (0x93676b93) ori     s7, a4, -1738
core   0: 3 0x8000780c (0x93676b93) x23 0xfffff936
core   0: 0x80007810 (0x0232e5b3) rem     a1, t0, gp
core   0: 3 0x80007810 (0x0232e5b3) x11 0x00003acc
core   0: 0x80007814 (0x0315ce33) div     t3, a1, a7
core   0: 3 0x80007814 (0x0315ce33) x28 0x00000000
core   0: 0x80007818 (0x03f261b3) rem     gp, tp, t6
core   0: 3 0x80007818 (0x03f261b3) x 3 0x00000001
core   0: 0x8000781c (0x0311fa33) remu    s4, gp, a7
core   0: 3 0x8000781c (0x0311fa33) x20 0x00000001
core   0: 0x80007820 (0x008a1593) slli    a1, s4, 8
core   0: 3 0x80007820 (0x008a1593) x11 0x00000100
core   0: 0x80007824 (0xb5cbb013) sltiu   zero, s7, -1188
core   0: 3 0x80007824 (0xb5cbb013)
core   0: 0x80007828 (0x00645c13) srli    s8, s0, 6
core   0: 3 0x80007828 (0x00645c13) x24 0x00000019
core   0: 0x8000782c (0x00efe033) or      zero, t6, a4
core   0: 3 0x8000782c (0x00efe033)
core   0: 0x80007830 (0xc6540213) addi    tp, s0, -923
core   0: 3 0x80007830 (0xc6540213) x 4 0x000002c0
core   0: 0x80007834 (0x01d673b3) and     t2, a2, t4
core   0: 3 0x80007834 (0x01d673b3) x 7 0x00000000
core   0: 0x80007838 (0x02a309b3) mul     s3, t1, a0
core   0: 3 0x80007838 (0x02a309b3) x19 0x00000000
core   0: 0x8000783c (0x40305193) srai    gp, zero, 3
core   0: 3 0x8000783c (0x40305193) x 3 0x00000000
core   0: 0x80007840 (0x006ca0b3) slt     ra, s9, t1
core   0: 3 0x80007840 (0x006ca0b3) x 1 0x00000000
core   0: 0x80007844 (0x02957c33) remu    s8, a0, s1
core   0: 3 0x80007844 (0x02957c33) x24 0x00000000
core   0: 0x80007848 (0xcc886b13) ori     s6, a6, -824
core   0: 3 0x80007848 (0xcc886b13) x22 0xfffffcc8
core   0: 0x8000784c (0x6b7abe93) sltiu   t4, s5, 1719
core   0: 3 0x8000784c (0x6b7abe93) x29 0x00000000
core   0: 0x80007850 (0xa6dde293) ori     t0, s11, -1427
core   0: 3 0x80007850 (0xa6dde293) x 5 0xfffffaed
core   0: 0x80007854 (0x004bdb93) srli    s7, s7, 4
core   0: 3 0x80007854 (0x004bdb93) x23 0x0fffff93
core   0: 0x80007858 (0x00000013) nop
core   0: 3 0x80007858 (0x00000013)
core   0: 0x8000785c (0x02722d33) mulhsu  s10, tp, t2
core   0: 3 0x8000785c (0x02722d33) x26 0x00000000
core   0: 0x80007860 (0x00c7a933) slt     s2, a5, a2
core   0: 3 0x80007860 (0x00c7a933) x18 0x00000000
core   0: 0x80007864 (0x0378f8b3) remu    a7, a7, s7
core   0: 3 0x80007864 (0x0378f8b3) x17 0x0d4af719
core   0: 0x80007868 (0x00ea7433) and     s0, s4, a4
core   0: 3 0x80007868 (0x00ea7433) x 8 0x00000000
core   0: 0x8000786c (0x00e74a33) xor     s4, a4, a4
core   0: 3 0x8000786c (0x00e74a33) x20 0x00000000
core   0: 0x80007870 (0x00ed58b3) srl     a7, s10, a4
core   0: 3 0x80007870 (0x00ed58b3) x17 0x00000000
core   0: 0x80007874 (0x8d68bd93) sltiu   s11, a7, -1834
core   0: 3 0x80007874 (0x8d68bd93) x27 0x00000001
core   0: 0x80007878 (0x01b8a3b3) slt     t2, a7, s11
core   0: 3 0x80007878 (0x01b8a3b3) x 7 0x00000001
core   0: 0x8000787c (0x030d2fb3) mulhsu  t6, s10, a6
core   0: 3 0x8000787c (0x030d2fb3) x31 0x00000000
core   0: 0x80007880 (0x88603293) sltiu   t0, zero, -1914
core   0: 3 0x80007880 (0x88603293) x 5 0x00000001
core   0: 0x80007884 (0x007fb9b3) sltu    s3, t6, t2
core   0: 3 0x80007884 (0x007fb9b3) x19 0x00000001
core   0: 0x80007888 (0xaba48013) addi    zero, s1, -1350
core   0: 3 0x80007888 (0xaba48013)
core   0: 0x8000788c (0x4189d6b3) sra     a3, s3, s8
core   0: 3 0x8000788c (0x4189d6b3) x13 0x00000001
core   0: 0x80007890 (0x40ba88b3) sub     a7, s5, a1
core   0: 3 0x80007890 (0x40ba88b3) x17 0x80014d64
core   0: 0x80007894 (0x038dfcb3) remu    s9, s11, s8
core   0: 3 0x80007894 (0x038dfcb3) x25 0x00000001
core   0: 0x80007898 (0x404b8c33) sub     s8, s7, tp
core   0: 3 0x80007898 (0x404b8c33) x24 0x0ffffcd3
core   0: 0x8000789c (0x4180dc13) srai    s8, ra, 24
core   0: 3 0x8000789c (0x4180dc13) x24 0x00000000
core   0: 0x800078a0 (0x03c74cb3) div     s9, a4, t3
core   0: 3 0x800078a0 (0x03c74cb3) x25 0xffffffff
core   0: 0x800078a4 (0x03b59433) mulh    s0, a1, s11
core   0: 3 0x800078a4 (0x03b59433) x 8 0x00000000
core   0: 0x800078a8 (0x001bb733) sltu    a4, s7, ra
core   0: 3 0x800078a8 (0x001bb733) x14 0x00000000
core   0: 0x800078ac (0x01fa7833) and     a6, s4, t6
core   0: 3 0x800078ac (0x01fa7833) x16 0x00000000
core   0: 0x800078b0 (0xcdfd7e93) andi    t4, s10, -801
core   0: 3 0x800078b0 (0xcdfd7e93) x29 0x00000000
core   0: 0x800078b4 (0x33697497) auipc   s1, 0x33697
core   0: 3 0x800078b4 (0x33697497) x 9 0xb369e8b4
core   0: 0x800078b8 (0xce3bc817) auipc   a6, 0xce3bc
core   0: 3 0x800078b8 (0xce3bc817) x16 0x4e3c38b8
core   0: 0x800078bc (0x00ba5233) srl     tp, s4, a1
core   0: 3 0x800078bc (0x00ba5233) x 4 0x00000000
core   0: 0x800078c0 (0x03c16b33) rem     s6, sp, t3
core   0: 3 0x800078c0 (0x03c16b33) x22 0x80018ce4
core   0: 0x800078c4 (0x6265c313) xori    t1, a1, 1574
core   0: 3 0x800078c4 (0x6265c313) x 6 0x00000726
core   0: 0x800078c8 (0x5f598893) addi    a7, s3, 1525
core   0: 3 0x800078c8 (0x5f598893) x17 0x000005f6
core   0: 0x800078cc (0x02788fb3) mul     t6, a7, t2
core   0: 3 0x800078cc (0x02788fb3) x31 0x000005f6
core   0: 0x800078d0 (0x02a6a1b3) mulhsu  gp, a3, a0
core   0: 3 0x800078d0 (0x02a6a1b3) x 3 0x00000000
core   0: 0x800078d4 (0x01da8a33) add     s4, s5, t4
core   0: 3 0x800078d4 (0x01da8a33) x20 0x80014e64
core   0: 0x800078d8 (0x01a3af33) slt     t5, t2, s10
core   0: 3 0x800078d8 (0x01a3af33) x30 0x00000000
core   0: 0x800078dc (0xfe196817) auipc   a6, 0xfe196
core   0: 3 0x800078dc (0xfe196817) x16 0x7e19d8dc
core   0: 0x800078e0 (0x0129db93) srli    s7, s3, 18
core   0: 3 0x800078e0 (0x0129db93) x23 0x00000000
core   0: 0x800078e4 (0x00000013) nop
core   0: 3 0x800078e4 (0x00000013)
core   0: 0x800078e8 (0x034930b3) mulhu   ra, s2, s4
core   0: 3 0x800078e8 (0x034930b3) x 1 0x00000000
core   0: 0x800078ec (0x00654233) xor     tp, a0, t1
core   0: 3 0x800078ec (0x00654233) x 4 0x00000726
core   0: 0x800078f0 (0xe74f4b93) xori    s7, t5, -396
core   0: 3 0x800078f0 (0xe74f4b93) x23 0xfffffe74
core   0: 0x800078f4 (0x03f5e8b3) rem     a7, a1, t6
core   0: 3 0x800078f4 (0x03f5e8b3) x17 0x00000100
core   0: 0x800078f8 (0x416a0eb3) sub     t4, s4, s6
core   0: 3 0x800078f8 (0x416a0eb3) x29 0xffffc180
core   0: 0x800078fc (0x018d3b33) sltu    s6, s10, s8
core   0: 3 0x800078fc (0x018d3b33) x22 0x00000000
core   0: 0x80007900 (0x605e3893) sltiu   a7, t3, 1541
core   0: 3 0x80007900 (0x605e3893) x17 0x00000001
core   0: 0x80007904 (0x009c0733) add     a4, s8, s1
core   0: 3 0x80007904 (0x009c0733) x14 0xb369e8b4
core   0: 0x80007908 (0x412bd993) srai    s3, s7, 18
core   0: 3 0x80007908 (0x412bd993) x19 0xffffffff
core   0: 0x8000790c (0x01287333) and     t1, a6, s2
core   0: 3 0x8000790c (0x01287333) x 6 0x00000000
core   0: 0x80007910 (0xb5d34093) xori    ra, t1, -1187
core   0: 3 0x80007910 (0xb5d34093) x 1 0xfffffb5d
core   0: 0x80007914 (0x00000013) nop
core   0: 3 0x80007914 (0x00000013)
core   0: 0x80007918 (0x00000013) nop
core   0: 3 0x80007918 (0x00000013)
core   0: 0x8000791c (0x03e4e1b3) rem     gp, s1, t5
core   0: 3 0x8000791c (0x03e4e1b3) x 3 0xb369e8b4
core   0: 0x80007920 (0x72033093) sltiu   ra, t1, 1824
core   0: 3 0x80007920 (0x72033093) x 1 0x00000001
core   0: 0x80007924 (0x1a85e393) ori     t2, a1, 424
core   0: 3 0x80007924 (0x1a85e393) x 7 0x000001a8
core   0: 0x80007928 (0x41dfd2b3) sra     t0, t6, t4
core   0: 3 0x80007928 (0x41dfd2b3) x 5 0x000005f6
core   0: 0x8000792c (0x01978db3) add     s11, a5, s9
core   0: 3 0x8000792c (0x01978db3) x27 0xffffffff
core   0: 0x80007930 (0x02a82f33) mulhsu  t5, a6, a0
core   0: 3 0x80007930 (0x02a82f33) x30 0x00000000
core   0: 0x80007934 (0x00000013) nop
core   0: 3 0x80007934 (0x00000013)
core   0: 0x80007938 (0x0141dc33) srl     s8, gp, s4
core   0: 3 0x80007938 (0x0141dc33) x24 0x0b369e8b
core   0: 0x8000793c (0x01bb3f33) sltu    t5, s6, s11
core   0: 3 0x8000793c (0x01bb3f33) x30 0x00000001
core   0: 0x80007940 (0x6e70bc37) lui     s8, 0x6e70b
core   0: 3 0x80007940 (0x6e70bc37) x24 0x6e70b000
core   0: 0x80007944 (0x0262e7b3) rem     a5, t0, t1
core   0: 3 0x80007944 (0x0262e7b3) x15 0x000005f6
core   0: 0x80007948 (0x03e40933) mul     s2, s0, t5
core   0: 3 0x80007948 (0x03e40933) x18 0x00000000
core   0: 0x8000794c (0x00a32eb3) slt     t4, t1, a0
core   0: 3 0x8000794c (0x00a32eb3) x29 0x00000000
core   0: 0x80007950 (0xeb5c4c13) xori    s8, s8, -331
core   0: 3 0x80007950 (0xeb5c4c13) x24 0x918f4eb5
core   0: 0x80007954 (0x41e05f93) srai    t6, zero, 30
core   0: 3 0x80007954 (0x41e05f93) x31 0x00000000
core   0: 0x80007958 (0x01f308b3) add     a7, t1, t6
core   0: 3 0x80007958 (0x01f308b3) x17 0x00000000
core   0: 0x8000795c (0x18eae693) ori     a3, s5, 398
core   0: 3 0x8000795c (0x18eae693) x13 0x80014fee
core   0: 0x80007960 (0x782c8193) addi    gp, s9, 1922
core   0: 3 0x80007960 (0x782c8193) x 3 0x00000781
core   0: 0x80007964 (0x40025813) srai    a6, tp, 0
core   0: 3 0x80007964 (0x40025813) x16 0x00000726
core   0: 0x80007968 (0x03c04333) div     t1, zero, t3
core   0: 3 0x80007968 (0x03c04333) x 6 0xffffffff
core   0: 0x8000796c (0x00000013) nop
core   0: 3 0x8000796c (0x00000013)
core   0: 0x80007970 (0x01adecb3) or      s9, s11, s10
core   0: 3 0x80007970 (0x01adecb3) x25 0xffffffff
core   0: 0x80007974 (0x02470b33) mul     s6, a4, tp
core   0: 3 0x80007974 (0x02470b33) x22 0x871576b8
core   0: 0x80007978 (0x016334b3) sltu    s1, t1, s6
core   0: 3 0x80007978 (0x016334b3) x 9 0x00000000
core   0: 0x8000797c (0x9e682093) slti    ra, a6, -1562
core   0: 3 0x8000797c (0x9e682093) x 1 0x00000000
core   0: 0x80007980 (0x40f588b3) sub     a7, a1, a5
core   0: 3 0x80007980 (0x40f588b3) x17 0xfffffb0a
core   0: 0x80007984 (0x412b8eb3) sub     t4, s7, s2
core   0: 3 0x80007984 (0x412b8eb3) x29 0xfffffe74
core   0: 0x80007988 (0x0b9ffe13) andi    t3, t6, 185
core   0: 3 0x80007988 (0x0b9ffe13) x28 0x00000000
core   0: 0x8000798c (0x40f85d13) srai    s10, a6, 15
core   0: 3 0x8000798c (0x40f85d13) x26 0x00000000
core   0: 0x80007990 (0x4726c513) xori    a0, a3, 1138
core   0: 3 0x80007990 (0x4726c513) x10 0x80014b9c
core   0: 0x80007994 (0x011cd693) srli    a3, s9, 17
core   0: 3 0x80007994 (0x011cd693) x13 0x00007fff
core   0: 0x80007998 (0x033ca0b3) mulhsu  ra, s9, s3
core   0: 3 0x80007998 (0x033ca0b3) x 1 0xffffffff
core   0: 0x8000799c (0x03bc7333) remu    t1, s8, s11
core   0: 3 0x8000799c (0x03bc7333) x 6 0x918f4eb5
core   0: 0x800079a0 (0x945c6c13) ori     s8, s8, -1723
core   0: 3 0x800079a0 (0x945c6c13) x24 0xfffffff5
core   0: 0x800079a4 (0x705fdfb7) lui     t6, 0x705fd
core   0: 3 0x800079a4 (0x705fdfb7) x31 0x705fd000
core   0: 0x800079a8 (0xee39a413) slti    s0, s3, -285
core   0: 3 0x800079a8 (0xee39a413) x 8 0x00000000
core   0: 0x800079ac (0x0214fbb3) remu    s7, s1, ra
core   0: 3 0x800079ac (0x0214fbb3) x23 0x00000000
core   0: 0x800079b0 (0x029ed9b3) divu    s3, t4, s1
core   0: 3 0x800079b0 (0x029ed9b3) x19 0xffffffff
core   0: 0x800079b4 (0xf291ae93) slti    t4, gp, -215
core   0: 3 0x800079b4 (0xf291ae93) x29 0x00000000
core   0: 0x800079b8 (0x19f5ba13) sltiu   s4, a1, 415
core   0: 3 0x800079b8 (0x19f5ba13) x20 0x00000001
core   0: 0x800079bc (0x00eca7b3) slt     a5, s9, a4
core   0: 3 0x800079bc (0x00eca7b3) x15 0x00000000
core   0: 0x800079c0 (0x59634493) xori    s1, t1, 1430
core   0: 3 0x800079c0 (0x59634493) x 9 0x918f4b23
core   0: 0x800079c4 (0x0028ccb3) xor     s9, a7, sp
core   0: 3 0x800079c4 (0x0028ccb3) x25 0x7ffe77ee
core   0: 0x800079c8 (0x00000013) nop
core   0: 3 0x800079c8 (0x00000013)
core   0: 0x800079cc (0xd2fd6093) ori     ra, s10, -721
core   0: 3 0x800079cc (0xd2fd6093) x 1 0xfffffd2f
core   0: 0x800079d0 (0x031e4433) div     s0, t3, a7
core   0: 3 0x800079d0 (0x031e4433) x 8 0x00000000
core   0: 0x800079d4 (0x008875b3) and     a1, a6, s0
core   0: 3 0x800079d4 (0x008875b3) x11 0x00000000
core   0: 0x800079d8 (0x00858bb3) add     s7, a1, s0
core   0: 3 0x800079d8 (0x00858bb3) x23 0x00000000
core   0: 0x800079dc (0x0252f9b3) remu    s3, t0, t0
core   0: 3 0x800079dc (0x0252f9b3) x19 0x00000000
core   0: 0x800079e0 (0x71928b93) addi    s7, t0, 1817
core   0: 3 0x800079e0 (0x71928b93) x23 0x00000d0f
core   0: 0x800079e4 (0x01b49233) sll     tp, s1, s11
core   0: 3 0x800079e4 (0x01b49233) x 4 0x80000000
core   0: 0x800079e8 (0x41af5933) sra     s2, t5, s10
core   0: 3 0x800079e8 (0x41af5933) x18 0x00000001
core   0: 0x800079ec (0x01f7d4b3) srl     s1, a5, t6
core   0: 3 0x800079ec (0x01f7d4b3) x 9 0x00000000
core   0: 0x800079f0 (0x403b8a33) sub     s4, s7, gp
core   0: 3 0x800079f0 (0x403b8a33) x20 0x0000058e
core   0: 0x800079f4 (0x81ada213) slti    tp, s11, -2022
core   0: 3 0x800079f4 (0x81ada213) x 4 0x00000000
core   0: 0x800079f8 (0x028da733) mulhsu  a4, s11, s0
core   0: 3 0x800079f8 (0x028da733) x14 0x00000000
core   0: 0x800079fc (0xf7c3bd93) sltiu   s11, t2, -132
core   0: 3 0x800079fc (0xf7c3bd93) x27 0x00000001
core   0: 0x80007a00 (0x03096433) rem     s0, s2, a6
core   0: 3 0x80007a00 (0x03096433) x 8 0x00000001
core   0: 0x80007a04 (0xc499c713) xori    a4, s3, -951
core   0: 3 0x80007a04 (0xc499c713) x14 0xfffffc49
core   0: 0x80007a08 (0x00fe1193) slli    gp, t3, 15
core   0: 3 0x80007a08 (0x00fe1193) x 3 0x00000000
core   0: 0x80007a0c (0x03eaa6b3) mulhsu  a3, s5, t5
core   0: 3 0x80007a0c (0x03eaa6b3) x13 0xffffffff
core   0: 0x80007a10 (0xb9c86193) ori     gp, a6, -1124
core   0: 3 0x80007a10 (0xb9c86193) x 3 0xffffffbe
core   0: 0x80007a14 (0x01641513) slli    a0, s0, 22
core   0: 3 0x80007a14 (0x01641513) x10 0x00400000
core   0: 0x80007a18 (0x03bc7d33) remu    s10, s8, s11
core   0: 3 0x80007a18 (0x03bc7d33) x26 0x00000000
core   0: 0x80007a1c (0x0324f833) remu    a6, s1, s2
core   0: 3 0x80007a1c (0x0324f833) x16 0x00000000
core   0: 0x80007a20 (0x002ab2b3) sltu    t0, s5, sp
core   0: 3 0x80007a20 (0x002ab2b3) x 5 0x00000001
core   0: 0x80007a24 (0x41f6d293) srai    t0, a3, 31
core   0: 3 0x80007a24 (0x41f6d293) x 5 0xffffffff
core   0: 0x80007a28 (0x0256cb33) div     s6, a3, t0
core   0: 3 0x80007a28 (0x0256cb33) x22 0x00000001
core   0: 0x80007a2c (0x013d0f33) add     t5, s10, s3
core   0: 3 0x80007a2c (0x013d0f33) x30 0x00000000
core   0: 0x80007a30 (0x038ee2b3) rem     t0, t4, s8
core   0: 3 0x80007a30 (0x038ee2b3) x 5 0x00000000
core   0: 0x80007a34 (0x027c9433) mulh    s0, s9, t2
core   0: 3 0x80007a34 (0x027c9433) x 8 0x000000d3
core   0: 0x80007a38 (0x0108d913) srli    s2, a7, 16
core   0: 3 0x80007a38 (0x0108d913) x18 0x0000ffff
core   0: 0x80007a3c (0x01768fb3) add     t6, a3, s7
core   0: 3 0x80007a3c (0x01768fb3) x31 0x00000d0e
core   0: 0x80007a40 (0x005a1293) slli    t0, s4, 5
core   0: 3 0x80007a40 (0x005a1293) x 5 0x0000b1c0
core   0: 0x80007a44 (0x015805b3) add     a1, a6, s5
core   0: 3 0x80007a44 (0x015805b3) x11 0x80014e64
core   0: 0x80007a48 (0xe15c8b13) addi    s6, s9, -491
core   0: 3 0x80007a48 (0xe15c8b13) x22 0x7ffe7603
core   0: 0x80007a4c (0x0355e033) rem     zero, a1, s5
core   0: 3 0x80007a4c (0x0355e033)
core   0: 0x80007a50 (0x0079feb3) and     t4, s3, t2
core   0: 3 0x80007a50 (0x0079feb3) x29 0x00000000
core   0: 0x80007a54 (0x02a612b3) mulh    t0, a2, a0
core   0: 3 0x80007a54 (0x02a612b3) x 5 0xfffc063e
core   0: 0x80007a58 (0xcf354513) xori    a0, a0, -781
core   0: 3 0x80007a58 (0xcf354513) x10 0xffbffcf3
core   0: 0x80007a5c (0x027b7a33) remu    s4, s6, t2
core   0: 3 0x80007a5c (0x027b7a33) x20 0x00000013
core   0: 0x80007a60 (0x735aa413) slti    s0, s5, 1845
core   0: 3 0x80007a60 (0x735aa413) x 8 0x00000001
core   0: 0x80007a64 (0x40ab5a13) srai    s4, s6, 10
core   0: 3 0x80007a64 (0x40ab5a13) x20 0x001fff9d
core   0: 0x80007a68 (0x017c00b3) add     ra, s8, s7
core   0: 3 0x80007a68 (0x017c00b3) x 1 0x00000d04
core   0: 0x80007a6c (0x015d26b3) slt     a3, s10, s5
core   0: 3 0x80007a6c (0x015d26b3) x13 0x00000000
core   0: 0x80007a70 (0x013a5d13) srli    s10, s4, 19
core   0: 3 0x80007a70 (0x013a5d13) x26 0x00000003
core   0: 0x80007a74 (0x01bc1c93) slli    s9, s8, 27
core   0: 3 0x80007a74 (0x01bc1c93) x25 0xa8000000
core   0: 0x80007a78 (0x029498b3) mulh    a7, s1, s1
core   0: 3 0x80007a78 (0x029498b3) x17 0x00000000
core   0: 0x80007a7c (0x3ae78593) addi    a1, a5, 942
core   0: 3 0x80007a7c (0x3ae78593) x11 0x000003ae
core   0: 0x80007a80 (0x03165233) divu    tp, a2, a7
core   0: 3 0x80007a80 (0x03165233) x 4 0xffffffff
core   0: 0x80007a84 (0x00d5b6b3) sltu    a3, a1, a3
core   0: 3 0x80007a84 (0x00d5b6b3) x13 0x00000000
core   0: 0x80007a88 (0x0245e033) rem     zero, a1, tp
core   0: 3 0x80007a88 (0x0245e033)
core   0: 0x80007a8c (0x9a2a7517) auipc   a0, 0x9a2a7
core   0: 3 0x80007a8c (0x9a2a7517) x10 0x1a2aea8c
core   0: 0x80007a90 (0x18db6593) ori     a1, s6, 397
core   0: 3 0x80007a90 (0x18db6593) x11 0x7ffe778f
core   0: 0x80007a94 (0x00764033) xor     zero, a2, t2
core   0: 3 0x80007a94 (0x00764033)
core   0: 0x80007a98 (0xcf94bf13) sltiu   t5, s1, -775
core   0: 3 0x80007a98 (0xcf94bf13) x30 0x00000001
core   0: 0x80007a9c (0x027b4db3) div     s11, s6, t2
core   0: 3 0x80007a9c (0x027b4db3) x27 0x004d4786
core   0: 0x80007aa0 (0x01b330b3) sltu    ra, t1, s11
core   0: 3 0x80007aa0 (0x01b330b3) x 1 0x00000000
core   0: 0x80007aa4 (0x4065d833) sra     a6, a1, t1
core   0: 3 0x80007aa4 (0x4065d833) x16 0x000003ff
core   0: 0x80007aa8 (0x000c85b3) add     a1, s9, zero
core   0: 3 0x80007aa8 (0x000c85b3) x11 0xa8000000
core   0: 0x80007aac (0x004796b3) sll     a3, a5, tp
core   0: 3 0x80007aac (0x004796b3) x13 0x00000000
core   0: 0x80007ab0 (0x00142db3) slt     s11, s0, ra
core   0: 3 0x80007ab0 (0x00142db3) x27 0x00000000
core   0: 0x80007ab4 (0x13817b93) andi    s7, sp, 312
core   0: 3 0x80007ab4 (0x13817b93) x23 0x00000020
core   0: 0x80007ab8 (0x015df1b3) and     gp, s11, s5
core   0: 3 0x80007ab8 (0x015df1b3) x 3 0x00000000
core   0: 0x80007abc (0x41348e33) sub     t3, s1, s3
core   0: 3 0x80007abc (0x41348e33) x28 0x00000000
core   0: 0x80007ac0 (0x0219b933) mulhu   s2, s3, ra
core   0: 3 0x80007ac0 (0x0219b933) x18 0x00000000
core   0: 0x80007ac4 (0x2b0f0d93) addi    s11, t5, 688
core   0: 3 0x80007ac4 (0x2b0f0d93) x27 0x000002b1
core   0: 0x80007ac8 (0x95096813) ori     a6, s2, -1712
core   0: 3 0x80007ac8 (0x95096813) x16 0xfffff950
core   0: 0x80007acc (0x01e61cb3) sll     s9, a2, t5
core   0: 3 0x80007acc (0x01e61cb3) x25 0xe031f6c0
core   0: 0x80007ad0 (0x3657fc97) auipc   s9, 0x3657f
core   0: 3 0x80007ad0 (0x3657fc97) x25 0xb6586ad0
core   0: 0x80007ad4 (0x020b9b33) mulh    s6, s7, zero
core   0: 3 0x80007ad4 (0x020b9b33) x22 0x00000000
core   0: 0x80007ad8 (0x00351a13) slli    s4, a0, 3
core   0: 3 0x80007ad8 (0x00351a13) x20 0xd1575460
core   0: 0x80007adc (0x01709a13) slli    s4, ra, 23
core   0: 3 0x80007adc (0x01709a13) x20 0x00000000
core   0: 0x80007ae0 (0x10dd2297) auipc   t0, 0x10dd2
core   0: 3 0x80007ae0 (0x10dd2297) x 5 0x90dd9ae0
core   0: 0x80007ae4 (0x00725f13) srli    t5, tp, 7
core   0: 3 0x80007ae4 (0x00725f13) x30 0x01ffffff
core   0: 0x80007ae8 (0x02a1a233) mulhsu  tp, gp, a0
core   0: 3 0x80007ae8 (0x02a1a233) x 4 0x00000000
core   0: 0x80007aec (0x019641b3) xor     gp, a2, s9
core   0: 3 0x80007aec (0x019641b3) x 3 0x464091b0
core   0: 0x80007af0 (0xeda20b93) addi    s7, tp, -294
core   0: 3 0x80007af0 (0xeda20b93) x23 0xfffffeda
core   0: 0x80007af4 (0x0171b7b3) sltu    a5, gp, s7
core   0: 3 0x80007af4 (0x0171b7b3) x15 0x00000001
core   0: 0x80007af8 (0x430fbd37) lui     s10, 0x430fb
core   0: 3 0x80007af8 (0x430fbd37) x26 0x430fb000
core   0: 0x80007afc (0x00ac1213) slli    tp, s8, 10
core   0: 3 0x80007afc (0x00ac1213) x 4 0xffffd400
core   0: 0x80007b00 (0x41ed0f33) sub     t5, s10, t5
core   0: 3 0x80007b00 (0x41ed0f33) x30 0x410fb001
core   0: 0x80007b04 (0x00e00bb3) add     s7, zero, a4
core   0: 3 0x80007b04 (0x00e00bb3) x23 0xfffffc49
core   0: 0x80007b08 (0x404858b3) sra     a7, a6, tp
core   0: 3 0x80007b08 (0x404858b3) x17 0xfffff950
core   0: 0x80007b0c (0xf617b817) auipc   a6, 0xf617b
core   0: 3 0x80007b0c (0xf617b817) x16 0x76182b0c
core   0: 0x80007b10 (0x00d510b3) sll     ra, a0, a3
core   0: 3 0x80007b10 (0x00d510b3) x 1 0x1a2aea8c
core   0: 0x80007b14 (0x02a450b3) divu    ra, s0, a0
core   0: 3 0x80007b14 (0x02a450b3) x 1 0x00000000
core   0: 0x80007b18 (0x01c607b3) add     a5, a2, t3
core   0: 3 0x80007b18 (0x01c607b3) x15 0xf018fb60
core   0: 0x80007b1c (0x00e11b33) sll     s6, sp, a4
core   0: 3 0x80007b1c (0x00e11b33) x22 0x0319c800
core   0: 0x80007b20 (0x007835b3) sltu    a1, a6, t2
core   0: 3 0x80007b20 (0x007835b3) x11 0x00000000
core   0: 0x80007b24 (0xf9b96f93) ori     t6, s2, -101
core   0: 3 0x80007b24 (0xf9b96f93) x31 0xffffff9b
core   0: 0x80007b28 (0x5fe6f693) andi    a3, a3, 1534
core   0: 3 0x80007b28 (0x5fe6f693) x13 0x00000000
core   0: 0x80007b2c (0x0117d793) srli    a5, a5, 17
core   0: 3 0x80007b2c (0x0117d793) x15 0x0000780c
core   0: 0x80007b30 (0x028583b3) mul     t2, a1, s0
core   0: 3 0x80007b30 (0x028583b3) x 7 0x00000000
core   0: 0x80007b34 (0x40f1de33) sra     t3, gp, a5
core   0: 3 0x80007b34 (0x40f1de33) x28 0x00046409
core   0: 0x80007b38 (0x7d286293) ori     t0, a6, 2002
core   0: 3 0x80007b38 (0x7d286293) x 5 0x76182fde
core   0: 0x80007b3c (0x03abddb3) divu    s11, s7, s10
core   0: 3 0x80007b3c (0x03abddb3) x27 0x00000003
core   0: 0x80007b40 (0x0061a933) slt     s2, gp, t1
core   0: 3 0x80007b40 (0x0061a933) x18 0x00000000
core   0: 0x80007b44 (0x0209ccb3) div     s9, s3, zero
core   0: 3 0x80007b44 (0x0209ccb3) x25 0xffffffff
core   0: 0x80007b48 (0x01735d33) srl     s10, t1, s7
core   0: 3 0x80007b48 (0x01735d33) x26 0x0048c7a7
core   0: 0x80007b4c (0x00000013) nop
core   0: 3 0x80007b4c (0x00000013)
core   0: 0x80007b50 (0x011f4db3) xor     s11, t5, a7
core   0: 3 0x80007b50 (0x011f4db3) x27 0xbef04951
core   0: 0x80007b54 (0x02c22d33) mulhsu  s10, tp, a2
core   0: 3 0x80007b54 (0x02c22d33) x26 0xffffd6bb
core   0: 0x80007b58 (0x02358933) mul     s2, a1, gp
core   0: 3 0x80007b58 (0x02358933) x18 0x00000000
core   0: 0x80007b5c (0x0360b0b3) mulhu   ra, ra, s6
core   0: 3 0x80007b5c (0x0360b0b3) x 1 0x00000000
core   0: 0x80007b60 (0x8e708513) addi    a0, ra, -1817
core   0: 3 0x80007b60 (0x8e708513) x10 0xfffff8e7
core   0: 0x80007b64 (0x8aab0713) addi    a4, s6, -1878
core   0: 3 0x80007b64 (0x8aab0713) x14 0x0319c0aa
core   0: 0x80007b68 (0x01ec9cb3) sll     s9, s9, t5
core   0: 3 0x80007b68 (0x01ec9cb3) x25 0xfffffffe
core   0: 0x80007b6c (0x0220d233) divu    tp, ra, sp
core   0: 3 0x80007b6c (0x0220d233) x 4 0x00000000
core   0: 0x80007b70 (0x0253ffb3) remu    t6, t2, t0
core   0: 3 0x80007b70 (0x0253ffb3) x31 0x00000000
core   0: 0x80007b74 (0x03c7e833) rem     a6, a5, t3
core   0: 3 0x80007b74 (0x03c7e833) x16 0x0000780c
core   0: 0x80007b78 (0x40d387b3) sub     a5, t2, a3
core   0: 3 0x80007b78 (0x40d387b3) x15 0x00000000
core   0: 0x80007b7c (0x5dbd9397) auipc   t2, 0x5dbd9
core   0: 3 0x80007b7c (0x5dbd9397) x 7 0xddbe0b7c
core   0: 0x80007b80 (0x02812933) mulhsu  s2, sp, s0
core   0: 3 0x80007b80 (0x02812933) x18 0xffffffff
core   0: 0x80007b84 (0xc72a7293) andi    t0, s4, -910
core   0: 3 0x80007b84 (0xc72a7293) x 5 0x00000000
core   0: 0x80007b88 (0x02056433) rem     s0, a0, zero
core   0: 3 0x80007b88 (0x02056433) x 8 0xfffff8e7
core   0: 0x80007b8c (0x40705793) srai    a5, zero, 7
core   0: 3 0x80007b8c (0x40705793) x15 0x00000000
core   0: 0x80007b90 (0x028510b3) mulh    ra, a0, s0
core   0: 3 0x80007b90 (0x028510b3) x 1 0x00000000
core   0: 0x80007b94 (0x02f25fb3) divu    t6, tp, a5
core   0: 3 0x80007b94 (0x02f25fb3) x31 0xffffffff
core   0: 0x80007b98 (0x02235f33) divu    t5, t1, sp
core   0: 3 0x80007b98 (0x02235f33) x30 0x00000001
core   0: 0x80007b9c (0x01055493) srli    s1, a0, 16
core   0: 3 0x80007b9c (0x01055493) x 9 0x0000ffff
core   0: 0x80007ba0 (0x40d90233) sub     tp, s2, a3
core   0: 3 0x80007ba0 (0x40d90233) x 4 0xffffffff
core   0: 0x80007ba4 (0x00e6a033) slt     zero, a3, a4
core   0: 3 0x80007ba4 (0x00e6a033)
core   0: 0x80007ba8 (0xf616f937) lui     s2, 0xf616f
core   0: 3 0x80007ba8 (0xf616f937) x18 0xf616f000
core   0: 0x80007bac (0x02ed8bb3) mul     s7, s11, a4
core   0: 3 0x80007bac (0x02ed8bb3) x23 0x1e766fca
core   0: 0x80007bb0 (0x7a360b13) addi    s6, a2, 1955
core   0: 3 0x80007bb0 (0x7a360b13) x22 0xf0190303
core   0: 0x80007bb4 (0x02a48233) mul     tp, s1, a0
core   0: 3 0x80007bb4 (0x02a48233) x 4 0xf8e70719
core   0: 0x80007bb8 (0x0142fcb3) and     s9, t0, s4
core   0: 3 0x80007bb8 (0x0142fcb3) x25 0x00000000
core   0: 0x80007bbc (0xe7e74413) xori    s0, a4, -386
core   0: 3 0x80007bbc (0xe7e74413) x 8 0xfce63ed4
core   0: 0x80007bc0 (0x0153cf33) xor     t5, t2, s5
core   0: 3 0x80007bc0 (0x0153cf33) x30 0x5dbf4518
core   0: 0x80007bc4 (0x02be43b3) div     t2, t3, a1
core   0: 3 0x80007bc4 (0x02be43b3) x 7 0xffffffff
core   0: 0x80007bc8 (0x0369c7b3) div     a5, s3, s6
core   0: 3 0x80007bc8 (0x0369c7b3) x15 0x00000000
core   0: 0x80007bcc (0x01b77033) and     zero, a4, s11
core   0: 3 0x80007bcc (0x01b77033)
core   0: 0x80007bd0 (0x0684ac17) auipc   s8, 0x684a
core   0: 3 0x80007bd0 (0x0684ac17) x24 0x86851bd0
core   0: 0x80007bd4 (0x00b5b1b3) sltu    gp, a1, a1
core   0: 3 0x80007bd4 (0x00b5b1b3) x 3 0x00000000
core   0: 0x80007bd8 (0x0004c333) xor     t1, s1, zero
core   0: 3 0x80007bd8 (0x0004c333) x 6 0x0000ffff
core   0: 0x80007bdc (0xbe49bc93) sltiu   s9, s3, -1052
core   0: 3 0x80007bdc (0xbe49bc93) x25 0x00000001
core   0: 0x80007be0 (0x008bda33) srl     s4, s7, s0
core   0: 3 0x80007be0 (0x008bda33) x20 0x000001e7
core   0: 0x80007be4 (0x02e3a3b3) mulhsu  t2, t2, a4
core   0: 3 0x80007be4 (0x02e3a3b3) x 7 0xffffffff
core   0: 0x80007be8 (0x53fadc97) auipc   s9, 0x53fad
core   0: 3 0x80007be8 (0x53fadc97) x25 0xd3fb4be8
core   0: 0x80007bec (0x00000013) nop
core   0: 3 0x80007bec (0x00000013)
core   0: 0x80007bf0 (0x01765a33) srl     s4, a2, s7
core   0: 3 0x80007bf0 (0x01765a33) x20 0x003c063e
core   0: 0x80007bf4 (0x030718b3) mulh    a7, a4, a6
core   0: 3 0x80007bf4 (0x030718b3) x17 0x00000174
core   0: 0x80007bf8 (0x003c5eb3) srl     t4, s8, gp
core   0: 3 0x80007bf8 (0x003c5eb3) x29 0x86851bd0
core   0: 0x80007bfc (0x02fc47b3) div     a5, s8, a5
core   0: 3 0x80007bfc (0x02fc47b3) x15 0xffffffff
core   0: 0x80007c00 (0x26100293) li      t0, 609
core   0: 3 0x80007c00 (0x26100293) x 5 0x00000261
core   0: 0x80007c04 (0x019f30b3) sltu    ra, t5, s9
core   0: 3 0x80007c04 (0x019f30b3) x 1 0x00000001
core   0: 0x80007c08 (0x008000b3) add     ra, zero, s0
core   0: 3 0x80007c08 (0x008000b3) x 1 0xfce63ed4
core   0: 0x80007c0c (0x4774e093) ori     ra, s1, 1143
core   0: 3 0x80007c0c (0x4774e093) x 1 0x0000ffff
core   0: 0x80007c10 (0x023e04b3) mul     s1, t3, gp
core   0: 3 0x80007c10 (0x023e04b3) x 9 0x00000000
core   0: 0x80007c14 (0x0079b733) sltu    a4, s3, t2
core   0: 3 0x80007c14 (0x0079b733) x14 0x00000001
core   0: 0x80007c18 (0x000eb2b3) sltu    t0, t4, zero
core   0: 3 0x80007c18 (0x000eb2b3) x 5 0x00000000
core   0: 0x80007c1c (0x0182d533) srl     a0, t0, s8
core   0: 3 0x80007c1c (0x0182d533) x10 0x00000000
core   0: 0x80007c20 (0x0034cb33) xor     s6, s1, gp
core   0: 3 0x80007c20 (0x0034cb33) x22 0x00000000
core   0: 0x80007c24 (0xb9e97db7) lui     s11, 0xb9e97
core   0: 3 0x80007c24 (0xb9e97db7) x27 0xb9e97000
core   0: 0x80007c28 (0x00000013) nop
core   0: 3 0x80007c28 (0x00000013)
core   0: 0x80007c2c (0x01d9d413) srli    s0, s3, 29
core   0: 3 0x80007c2c (0x01d9d413) x 8 0x00000000
core   0: 0x80007c30 (0xb2fdfe93) andi    t4, s11, -1233
core   0: 3 0x80007c30 (0xb2fdfe93) x29 0xb9e97000
core   0: 0x80007c34 (0x00000013) nop
core   0: 3 0x80007c34 (0x00000013)
core   0: 0x80007c38 (0x080ef513) andi    a0, t4, 128
core   0: 3 0x80007c38 (0x080ef513) x10 0x00000000
core   0: 0x80007c3c (0x01e0b7b3) sltu    a5, ra, t5
core   0: 3 0x80007c3c (0x01e0b7b3) x15 0x00000001
core   0: 0x80007c40 (0x034bb533) mulhu   a0, s7, s4
core   0: 3 0x80007c40 (0x034bb533) x10 0x00072480
core   0: 0x80007c44 (0x414fdbb3) sra     s7, t6, s4
core   0: 3 0x80007c44 (0x414fdbb3) x23 0xffffffff
core   0: 0x80007c48 (0x019cda33) srl     s4, s9, s9
core   0: 3 0x80007c48 (0x019cda33) x20 0x00d3fb4b
core   0: 0x80007c4c (0x02647db3) remu    s11, s0, t1
core   0: 3 0x80007c4c (0x02647db3) x27 0x00000000
core   0: 0x80007c50 (0x3eb4bb93) sltiu   s7, s1, 1003
core   0: 3 0x80007c50 (0x3eb4bb93) x23 0x00000001
core   0: 0x80007c54 (0x02f1feb3) remu    t4, gp, a5
core   0: 3 0x80007c54 (0x02f1feb3) x29 0x00000000
core   0: 0x80007c58 (0x01060333) add     t1, a2, a6
core   0: 3 0x80007c58 (0x01060333) x 6 0xf019736c
core   0: 0x80007c5c (0x01385213) srli    tp, a6, 19
core   0: 3 0x80007c5c (0x01385213) x 4 0x00000000
core   0: 0x80007c60 (0x006958b3) srl     a7, s2, t1
core   0: 3 0x80007c60 (0x006958b3) x17 0x000f616f
core   0: 0x80007c64 (0x4e8ba293) slti    t0, s7, 1256
core   0: 3 0x80007c64 (0x4e8ba293) x 5 0x00000001
core   0: 0x80007c68 (0x02c5f433) remu    s0, a1, a2
core   0: 3 0x80007c68 (0x02c5f433) x 8 0x00000000
core   0: 0x80007c6c (0x008ebeb3) sltu    t4, t4, s0
core   0: 3 0x80007c6c (0x008ebeb3) x29 0x00000000
core   0: 0x80007c70 (0x00f05093) srli    ra, zero, 15
core   0: 3 0x80007c70 (0x00f05093) x 1 0x00000000
core   0: 0x80007c74 (0x0194d513) srli    a0, s1, 25
core   0: 3 0x80007c74 (0x0194d513) x10 0x00000000
core   0: 0x80007c78 (0xb98cca13) xori    s4, s9, -1128
core   0: 3 0x80007c78 (0xb98cca13) x20 0x2c04b070
core   0: 0x80007c7c (0x02c5e6b3) rem     a3, a1, a2
core   0: 3 0x80007c7c (0x02c5e6b3) x13 0x00000000
core   0: 0x80007c80 (0x85517e93) andi    t4, sp, -1963
core   0: 3 0x80007c80 (0x85517e93) x29 0x80018844
core   0: 0x80007c84 (0x00000013) nop
core   0: 3 0x80007c84 (0x00000013)
core   0: 0x80007c88 (0x00c8d3b3) srl     t2, a7, a2
core   0: 3 0x80007c88 (0x00c8d3b3) x 7 0x000f616f
core   0: 0x80007c8c (0x41f85413) srai    s0, a6, 31
core   0: 3 0x80007c8c (0x41f85413) x 8 0x00000000
core   0: 0x80007c90 (0x419ad8b3) sra     a7, s5, s9
core   0: 3 0x80007c90 (0x419ad8b3) x17 0xff80014e
core   0: 0x80007c94 (0x029c79b3) remu    s3, s8, s1
core   0: 3 0x80007c94 (0x029c79b3) x19 0x86851bd0
core   0: 0x80007c98 (0x03695c33) divu    s8, s2, s6
core   0: 3 0x80007c98 (0x03695c33) x24 0xffffffff
core   0: 0x80007c9c (0x0076e5b3) or      a1, a3, t2
core   0: 3 0x80007c9c (0x0076e5b3) x11 0x000f616f
core   0: 0x80007ca0 (0x00c01eb3) sll     t4, zero, a2
core   0: 3 0x80007ca0 (0x00c01eb3) x29 0x00000000
core   0: 0x80007ca4 (0x01923833) sltu    a6, tp, s9
core   0: 3 0x80007ca4 (0x01923833) x16 0x00000001
core   0: 0x80007ca8 (0x00e3dc93) srli    s9, t2, 14
core   0: 3 0x80007ca8 (0x00e3dc93) x25 0x0000003d
core   0: 0x80007cac (0x01545893) srli    a7, s0, 21
core   0: 3 0x80007cac (0x01545893) x17 0x00000000
core   0: 0x80007cb0 (0x02c66433) rem     s0, a2, a2
core   0: 3 0x80007cb0 (0x02c66433) x 8 0x00000000
core   0: 0x80007cb4 (0x8ca9cd13) xori    s10, s3, -1846
core   0: 3 0x80007cb4 (0x8ca9cd13) x26 0x797ae31a
core   0: 0x80007cb8 (0x2fa32c17) auipc   s8, 0x2fa32
core   0: 3 0x80007cb8 (0x2fa32c17) x24 0xafa39cb8
core   0: 0x80007cbc (0x013180b3) add     ra, gp, s3
core   0: 3 0x80007cbc (0x013180b3) x 1 0x86851bd0
core   0: 0x80007cc0 (0x0373e833) rem     a6, t2, s7
core   0: 3 0x80007cc0 (0x0373e833) x16 0x00000000
core   0: 0x80007cc4 (0x013fdb33) srl     s6, t6, s3
core   0: 3 0x80007cc4 (0x013fdb33) x22 0x0000ffff
core   0: 0x80007cc8 (0x0058bf33) sltu    t5, a7, t0
core   0: 3 0x80007cc8 (0x0058bf33) x30 0x00000001
core   0: 0x80007ccc (0x4509a593) slti    a1, s3, 1104
core   0: 3 0x80007ccc (0x4509a593) x11 0x00000001
core   0: 0x80007cd0 (0x40b28c33) sub     s8, t0, a1
core   0: 3 0x80007cd0 (0x40b28c33) x24 0x00000000
core   0: 0x80007cd4 (0x03df03b3) mul     t2, t5, t4
core   0: 3 0x80007cd4 (0x03df03b3) x 7 0x00000000
core   0: 0x80007cd8 (0x0005fdb3) and     s11, a1, zero
core   0: 3 0x80007cd8 (0x0005fdb3) x27 0x00000000
core   0: 0x80007cdc (0x88a10837) lui     a6, 0x88a10
core   0: 3 0x80007cdc (0x88a10837) x16 0x88a10000
core   0: 0x80007ce0 (0x01cdef33) or      t5, s11, t3
core   0: 3 0x80007ce0 (0x01cdef33) x30 0x00046409
core   0: 0x80007ce4 (0x8c318893) addi    a7, gp, -1853
core   0: 3 0x80007ce4 (0x8c318893) x17 0xfffff8c3
core   0: 0x80007ce8 (0x50349197) auipc   gp, 0x50349
core   0: 3 0x80007ce8 (0x50349197) x 3 0xd0350ce8
core   0: 0x80007cec (0xd9a481b7) lui     gp, 0xd9a48
core   0: 3 0x80007cec (0xd9a481b7) x 3 0xd9a48000
core   0: 0x80007cf0 (0x004d6033) or      zero, s10, tp
core   0: 3 0x80007cf0 (0x004d6033)
core   0: 0x80007cf4 (0x41c75293) srai    t0, a4, 28
core   0: 3 0x80007cf4 (0x41c75293) x 5 0x00000000
core   0: 0x80007cf8 (0x01c45713) srli    a4, s0, 28
core   0: 3 0x80007cf8 (0x01c45713) x14 0x00000000
core   0: 0x80007cfc (0x00000013) nop
core   0: 3 0x80007cfc (0x00000013)
core   0: 0x80007d00 (0x5da23313) sltiu   t1, tp, 1498
core   0: 3 0x80007d00 (0x5da23313) x 6 0x00000001
core   0: 0x80007d04 (0xbe80f937) lui     s2, 0xbe80f
core   0: 3 0x80007d04 (0xbe80f937) x18 0xbe80f000
core   0: 0x80007d08 (0x00ed37b3) sltu    a5, s10, a4
core   0: 3 0x80007d08 (0x00ed37b3) x15 0x00000000
core   0: 0x80007d0c (0x04ce7f93) andi    t6, t3, 76
core   0: 3 0x80007d0c (0x04ce7f93) x31 0x00000008
core   0: 0x80007d10 (0x016c8433) add     s0, s9, s6
core   0: 3 0x80007d10 (0x016c8433) x 8 0x0001003c
core   0: 0x80007d14 (0x40d0db33) sra     s6, ra, a3
core   0: 3 0x80007d14 (0x40d0db33) x22 0x86851bd0
core   0: 0x80007d18 (0x00495933) srl     s2, s2, tp
core   0: 3 0x80007d18 (0x00495933) x18 0xbe80f000
core   0: 0x80007d1c (0x0be3b293) sltiu   t0, t2, 190
core   0: 3 0x80007d1c (0x0be3b293) x 5 0x00000001
core   0: 0x80007d20 (0x6c9e9597) auipc   a1, 0x6c9e9
core   0: 3 0x80007d20 (0x6c9e9597) x11 0xec9f0d20
core   0: 0x80007d24 (0x41505f93) srai    t6, zero, 21
core   0: 3 0x80007d24 (0x41505f93) x31 0x00000000
core   0: 0x80007d28 (0x8a0a0093) addi    ra, s4, -1888
core   0: 3 0x80007d28 (0x8a0a0093) x 1 0x2c04a910
core   0: 0x80007d2c (0x034fffb3) remu    t6, t6, s4
core   0: 3 0x80007d2c (0x034fffb3) x31 0x00000000
core   0: 0x80007d30 (0x01ef9c93) slli    s9, t6, 30
core   0: 3 0x80007d30 (0x01ef9c93) x25 0x00000000
core   0: 0x80007d34 (0x65be8e93) addi    t4, t4, 1627
core   0: 3 0x80007d34 (0x65be8e93) x29 0x0000065b
core   0: 0x80007d38 (0x52f1a093) slti    ra, gp, 1327
core   0: 3 0x80007d38 (0x52f1a093) x 1 0x00000001
core   0: 0x80007d3c (0x01170b33) add     s6, a4, a7
core   0: 3 0x80007d3c (0x01170b33) x22 0xfffff8c3
core   0: 0x80007d40 (0x0191efb3) or      t6, gp, s9
core   0: 3 0x80007d40 (0x0191efb3) x31 0xd9a48000
core   0: 0x80007d44 (0x00c38333) add     t1, t2, a2
core   0: 3 0x80007d44 (0x00c38333) x 6 0xf018fb60
core   0: 0x80007d48 (0x40b85e93) srai    t4, a6, 11
core   0: 3 0x80007d48 (0x40b85e93) x29 0xfff11420
core   0: 0x80007d4c (0x474bc013) xori    zero, s7, 1140
core   0: 3 0x80007d4c (0x474bc013)
core   0: 0x80007d50 (0x40ca0d33) sub     s10, s4, a2
core   0: 3 0x80007d50 (0x40ca0d33) x26 0x3bebb510
core   0: 0x80007d54 (0x00d9d733) srl     a4, s3, a3
core   0: 3 0x80007d54 (0x00d9d733) x14 0x86851bd0
core   0: 0x80007d58 (0x00000013) nop
core   0: 3 0x80007d58 (0x00000013)
core   0: 0x80007d5c (0x4d953937) lui     s2, 0x4d953
core   0: 3 0x80007d5c (0x4d953937) x18 0x4d953000
core   0: 0x80007d60 (0x00b49b13) slli    s6, s1, 11
core   0: 3 0x80007d60 (0x00b49b13) x22 0x00000000
core   0: 0x80007d64 (0x00a69e13) slli    t3, a3, 10
core   0: 3 0x80007d64 (0x00a69e13) x28 0x00000000
core   0: 0x80007d68 (0x41b25e93) srai    t4, tp, 27
core   0: 3 0x80007d68 (0x41b25e93) x29 0x00000000
core   0: 0x80007d6c (0x03f106b3) mul     a3, sp, t6
core   0: 3 0x80007d6c (0x03f106b3) x13 0x4c820000
core   0: 0x80007d70 (0x02c54033) div     zero, a0, a2
core   0: 3 0x80007d70 (0x02c54033)
core   0: 0x80007d74 (0x01c00b33) add     s6, zero, t3
core   0: 3 0x80007d74 (0x01c00b33) x22 0x00000000
core   0: 0x80007d78 (0x56936f93) ori     t6, t1, 1385
core   0: 3 0x80007d78 (0x56936f93) x31 0xf018ff69
core   0: 0x80007d7c (0x032d95b3) mulh    a1, s11, s2
core   0: 3 0x80007d7c (0x032d95b3) x11 0x00000000
core   0: 0x80007d80 (0x01687933) and     s2, a6, s6
core   0: 3 0x80007d80 (0x01687933) x18 0x00000000
core   0: 0x80007d84 (0x2738e893) ori     a7, a7, 627
core   0: 3 0x80007d84 (0x2738e893) x17 0xfffffaf3
core   0: 0x80007d88 (0xd2acf493) andi    s1, s9, -726
core   0: 3 0x80007d88 (0xd2acf493) x 9 0x00000000
core   0: 0x80007d8c (0x013f5893) srli    a7, t5, 19
core   0: 3 0x80007d8c (0x013f5893) x17 0x00000000
core   0: 0x80007d90 (0x00000013) nop
core   0: 3 0x80007d90 (0x00000013)
core   0: 0x80007d94 (0x03ee8f33) mul     t5, t4, t5
core   0: 3 0x80007d94 (0x03ee8f33) x30 0x00000000
core   0: 0x80007d98 (0x033a3e33) mulhu   t3, s4, s3
core   0: 3 0x80007d98 (0x033a3e33) x28 0x17215792
core   0: 0x80007d9c (0x402bd233) sra     tp, s7, sp
core   0: 3 0x80007d9c (0x402bd233) x 4 0x00000000
core   0: 0x80007da0 (0x00655533) srl     a0, a0, t1
core   0: 3 0x80007da0 (0x00655533) x10 0x00000000
core   0: 0x80007da4 (0x020c38b3) mulhu   a7, s8, zero
core   0: 3 0x80007da4 (0x020c38b3) x17 0x00000000
core   0: 0x80007da8 (0x01dd0bb3) add     s7, s10, t4
core   0: 3 0x80007da8 (0x01dd0bb3) x23 0x3bebb510
core   0: 0x80007dac (0x00ab9bb3) sll     s7, s7, a0
core   0: 3 0x80007dac (0x00ab9bb3) x23 0x3bebb510
core   0: 0x80007db0 (0x02aa4bb3) div     s7, s4, a0
core   0: 3 0x80007db0 (0x02aa4bb3) x23 0xffffffff
core   0: 0x80007db4 (0x0285cbb3) div     s7, a1, s0
core   0: 3 0x80007db4 (0x0285cbb3) x23 0x00000000
core   0: 0x80007db8 (0x01335eb3) srl     t4, t1, s3
core   0: 3 0x80007db8 (0x01335eb3) x29 0x0000f018
core   0: 0x80007dbc (0x021c4fb3) div     t6, s8, ra
core   0: 3 0x80007dbc (0x021c4fb3) x31 0x00000000
core   0: 0x80007dc0 (0x39449097) auipc   ra, 0x39449
core   0: 3 0x80007dc0 (0x39449097) x 1 0xb9450dc0
core   0: 0x80007dc4 (0x3b3e1f37) lui     t5, 0x3b3e1
core   0: 3 0x80007dc4 (0x3b3e1f37) x30 0x3b3e1000
core   0: 0x80007dc8 (0x41ffd933) sra     s2, t6, t6
core   0: 3 0x80007dc8 (0x41ffd933) x18 0x00000000
core   0: 0x80007dcc (0x00459993) slli    s3, a1, 4
core   0: 3 0x80007dcc (0x00459993) x19 0x00000000
core   0: 0x80007dd0 (0x01bd73b3) and     t2, s10, s11
core   0: 3 0x80007dd0 (0x01bd73b3) x 7 0x00000000
core   0: 0x80007dd4 (0x01554a33) xor     s4, a0, s5
core   0: 3 0x80007dd4 (0x01554a33) x20 0x80014e64
core   0: 0x80007dd8 (0x99beea13) ori     s4, t4, -1637
core   0: 3 0x80007dd8 (0x99beea13) x20 0xfffff99b
core   0: 0x80007ddc (0x401b8733) sub     a4, s7, ra
core   0: 3 0x80007ddc (0x401b8733) x14 0x46baf240
core   0: 0x80007de0 (0xf34cde37) lui     t3, 0xf34cd
core   0: 3 0x80007de0 (0xf34cde37) x28 0xf34cd000
core   0: 0x80007de4 (0x0158c2b3) xor     t0, a7, s5
core   0: 3 0x80007de4 (0x0158c2b3) x 5 0x80014e64
core   0: 0x80007de8 (0xce82a213) slti    tp, t0, -792
core   0: 3 0x80007de8 (0xce82a213) x 4 0x00000001
core   0: 0x80007dec (0x023718b3) mulh    a7, a4, gp
core   0: 3 0x80007dec (0x023718b3) x17 0xf566f838
core   0: 0x80007df0 (0x0348f0b3) remu    ra, a7, s4
core   0: 3 0x80007df0 (0x0348f0b3) x 1 0xf566f838
core   0: 0x80007df4 (0x03541333) mulh    t1, s0, s5
core   0: 3 0x80007df4 (0x03541333) x 6 0xffff7fe3
core   0: 0x80007df8 (0x004e1c93) slli    s9, t3, 4
core   0: 3 0x80007df8 (0x004e1c93) x25 0x34cd0000
core   0: 0x80007dfc (0x0071d033) srl     zero, gp, t2
core   0: 3 0x80007dfc (0x0071d033)
core   0: 0x80007e00 (0x010799b3) sll     s3, a5, a6
core   0: 3 0x80007e00 (0x010799b3) x19 0x00000000
core   0: 0x80007e04 (0x02f01833) mulh    a6, zero, a5
core   0: 3 0x80007e04 (0x02f01833) x16 0x00000000
core   0: 0x80007e08 (0x0101c6b3) xor     a3, gp, a6
core   0: 3 0x80007e08 (0x0101c6b3) x13 0xd9a48000
core   0: 0x80007e0c (0x41f3d0b3) sra     ra, t2, t6
core   0: 3 0x80007e0c (0x41f3d0b3) x 1 0x00000000
core   0: 0x80007e10 (0x01cff733) and     a4, t6, t3
core   0: 3 0x80007e10 (0x01cff733) x14 0x00000000
core   0: 0x80007e14 (0x93102a13) slti    s4, zero, -1743
core   0: 3 0x80007e14 (0x93102a13) x20 0x00000000
core   0: 0x80007e18 (0x0006e033) or      zero, a3, zero
core   0: 3 0x80007e18 (0x0006e033)
core   0: 0x80007e1c (0x00dd41b3) xor     gp, s10, a3
core   0: 3 0x80007e1c (0x00dd41b3) x 3 0xe24f3510
core   0: 0x80007e20 (0xbd84c393) xori    t2, s1, -1064
core   0: 3 0x80007e20 (0xbd84c393) x 7 0xfffffbd8
core   0: 0x80007e24 (0x412785b3) sub     a1, a5, s2
core   0: 3 0x80007e24 (0x412785b3) x11 0x00000000
core   0: 0x80007e28 (0x029e2cb3) mulhsu  s9, t3, s1
core   0: 3 0x80007e28 (0x029e2cb3) x25 0x00000000
core   0: 0x80007e2c (0x88572793) slti    a5, a4, -1915
core   0: 3 0x80007e2c (0x88572793) x15 0x00000000
core   0: 0x80007e30 (0x502b4413) xori    s0, s6, 1282
core   0: 3 0x80007e30 (0x502b4413) x 8 0x00000502
core   0: 0x80007e34 (0x007376b3) and     a3, t1, t2
core   0: 3 0x80007e34 (0x007376b3) x13 0xffff7bc0
core   0: 0x80007e38 (0x039901b3) mul     gp, s2, s9
core   0: 3 0x80007e38 (0x039901b3) x 3 0x00000000
core   0: 0x80007e3c (0x00c51413) slli    s0, a0, 12
core   0: 3 0x80007e3c (0x00c51413) x 8 0x00000000
core   0: 0x80007e40 (0x0328edb3) rem     s11, a7, s2
core   0: 3 0x80007e40 (0x0328edb3) x27 0xf566f838
core   0: 0x80007e44 (0x01346a33) or      s4, s0, s3
core   0: 3 0x80007e44 (0x01346a33) x20 0x00000000
core   0: 0x80007e48 (0x01b14433) xor     s0, sp, s11
core   0: 3 0x80007e48 (0x01b14433) x 8 0x756774dc
core   0: 0x80007e4c (0x002b0a33) add     s4, s6, sp
core   0: 3 0x80007e4c (0x002b0a33) x20 0x80018ce4
core   0: 0x80007e50 (0x020d6233) rem     tp, s10, zero
core   0: 3 0x80007e50 (0x020d6233) x 4 0x3bebb510
core   0: 0x80007e54 (0x037fb1b3) mulhu   gp, t6, s7
core   0: 3 0x80007e54 (0x037fb1b3) x 3 0x00000000
core   0: 0x80007e58 (0x00b85893) srli    a7, a6, 11
core   0: 3 0x80007e58 (0x00b85893) x17 0x00000000
core   0: 0x80007e5c (0x00c49413) slli    s0, s1, 12
core   0: 3 0x80007e5c (0x00c49413) x 8 0x00000000
core   0: 0x80007e60 (0x008c3833) sltu    a6, s8, s0
core   0: 3 0x80007e60 (0x008c3833) x16 0x00000000
core   0: 0x80007e64 (0x41465a13) srai    s4, a2, 20
core   0: 3 0x80007e64 (0x41465a13) x20 0xffffff01
core   0: 0x80007e68 (0x34b4a393) slti    t2, s1, 843
core   0: 3 0x80007e68 (0x34b4a393) x 7 0x00000001
core   0: 0x80007e6c (0x012d1c13) slli    s8, s10, 18
core   0: 3 0x80007e6c (0x012d1c13) x24 0xd4400000
core   0: 0x80007e70 (0x9ca53e13) sltiu   t3, a0, -1590
core   0: 3 0x80007e70 (0x9ca53e13) x28 0x00000001
core   0: 0x80007e74 (0x0080ccb3) xor     s9, ra, s0
core   0: 3 0x80007e74 (0x0080ccb3) x25 0x00000000
core   0: 0x80007e78 (0x404709b3) sub     s3, a4, tp
core   0: 3 0x80007e78 (0x404709b3) x19 0xc4144af0
core   0: 0x80007e7c (0x01b673b3) and     t2, a2, s11
core   0: 3 0x80007e7c (0x01b673b3) x 7 0xf000f820
core   0: 0x80007e80 (0x03cb6733) rem     a4, s6, t3
core   0: 3 0x80007e80 (0x03cb6733) x14 0x00000000
core   0: 0x80007e84 (0x03f8b1b3) mulhu   gp, a7, t6
core   0: 3 0x80007e84 (0x03f8b1b3) x 3 0x00000000
core   0: 0x80007e88 (0x4019d293) srai    t0, s3, 1
core   0: 3 0x80007e88 (0x4019d293) x 5 0xe20a2578
core   0: 0x80007e8c (0x023ea733) mulhsu  a4, t4, gp
core   0: 3 0x80007e8c (0x023ea733) x14 0x00000000
core   0: 0x80007e90 (0x024b6bb3) rem     s7, s6, tp
core   0: 3 0x80007e90 (0x024b6bb3) x23 0x00000000
core   0: 0x80007e94 (0x0189fb33) and     s6, s3, s8
core   0: 3 0x80007e94 (0x0189fb33) x22 0xc4000000
core   0: 0x80007e98 (0x011adf13) srli    t5, s5, 17
core   0: 3 0x80007e98 (0x011adf13) x30 0x00004000
core   0: 0x80007e9c (0x0258adb3) mulhsu  s11, a7, t0
core   0: 3 0x80007e9c (0x0258adb3) x27 0x00000000
core   0: 0x80007ea0 (0x50cda917) auipc   s2, 0x50cda
core   0: 3 0x80007ea0 (0x50cda917) x18 0xd0ce1ea0
core   0: 0x80007ea4 (0x0107e3b3) or      t2, a5, a6
core   0: 3 0x80007ea4 (0x0107e3b3) x 7 0x00000000
core   0: 0x80007ea8 (0x58c0ae97) auipc   t4, 0x58c0a
core   0: 3 0x80007ea8 (0x58c0ae97) x29 0xd8c11ea8
core   0: 0x80007eac (0x028b8c33) mul     s8, s7, s0
core   0: 3 0x80007eac (0x028b8c33) x24 0x00000000
core   0: 0x80007eb0 (0x9ffb2413) slti    s0, s6, -1537
core   0: 3 0x80007eb0 (0x9ffb2413) x 8 0x00000001
core   0: 0x80007eb4 (0x00071733) sll     a4, a4, zero
core   0: 3 0x80007eb4 (0x00071733) x14 0x00000000
core   0: 0x80007eb8 (0x8198cf13) xori    t5, a7, -2023
core   0: 3 0x80007eb8 (0x8198cf13) x30 0xfffff819
core   0: 0x80007ebc (0x035e09b3) mul     s3, t3, s5
core   0: 3 0x80007ebc (0x035e09b3) x19 0x80014e64
core   0: 0x80007ec0 (0x03c58933) mul     s2, a1, t3
core   0: 3 0x80007ec0 (0x03c58933) x18 0x00000000
core   0: 0x80007ec4 (0x8a096913) ori     s2, s2, -1888
core   0: 3 0x80007ec4 (0x8a096913) x18 0xfffff8a0
core   0: 0x80007ec8 (0x40755193) srai    gp, a0, 7
core   0: 3 0x80007ec8 (0x40755193) x 3 0x00000000
core   0: 0x80007ecc (0x022c82b3) mul     t0, s9, sp
core   0: 3 0x80007ecc (0x022c82b3) x 5 0x00000000
core   0: 0x80007ed0 (0x7de0de37) lui     t3, 0x7de0d
core   0: 3 0x80007ed0 (0x7de0de37) x28 0x7de0d000
core   0: 0x80007ed4 (0x40040fb3) sub     t6, s0, zero
core   0: 3 0x80007ed4 (0x40040fb3) x31 0x00000001
core   0: 0x80007ed8 (0xce003917) auipc   s2, 0xce003
core   0: 3 0x80007ed8 (0xce003917) x18 0x4e00aed8
core   0: 0x80007edc (0x01ee1413) slli    s0, t3, 30
core   0: 3 0x80007edc (0x01ee1413) x 8 0x00000000
core   0: 0x80007ee0 (0x4fffc193) xori    gp, t6, 1279
core   0: 3 0x80007ee0 (0x4fffc193) x 3 0x000004fe
core   0: 0x80007ee4 (0x432ce793) ori     a5, s9, 1074
core   0: 3 0x80007ee4 (0x432ce793) x15 0x00000432
core   0: 0x80007ee8 (0x023e4f33) div     t5, t3, gp
core   0: 3 0x80007ee8 (0x023e4f33) x30 0x0019370c
core   0: 0x80007eec (0x01af8c33) add     s8, t6, s10
core   0: 3 0x80007eec (0x01af8c33) x24 0x3bebb511
core   0: 0x80007ef0 (0x01a01013) slli    zero, zero, 26
core   0: 3 0x80007ef0 (0x01a01013)
core   0: 0x80007ef4 (0x013143b3) xor     t2, sp, s3
core   0: 3 0x80007ef4 (0x013143b3) x 7 0x0000c280
core   0: 0x80007ef8 (0x01201d33) sll     s10, zero, s2
core   0: 3 0x80007ef8 (0x01201d33) x26 0x00000000
core   0: 0x80007efc (0x01485213) srli    tp, a6, 20
core   0: 3 0x80007efc (0x01485213) x 4 0x00000000
core   0: 0x80007f00 (0x00f0d513) srli    a0, ra, 15
core   0: 3 0x80007f00 (0x00f0d513) x10 0x00000000
core   0: 0x80007f04 (0x020094b3) mulh    s1, ra, zero
core   0: 3 0x80007f04 (0x020094b3) x 9 0x00000000
core   0: 0x80007f08 (0x01a1a3b3) slt     t2, gp, s10
core   0: 3 0x80007f08 (0x01a1a3b3) x 7 0x00000000
core   0: 0x80007f0c (0x00000013) nop
core   0: 3 0x80007f0c (0x00000013)
core   0: 0x80007f10 (0x00674d33) xor     s10, a4, t1
core   0: 3 0x80007f10 (0x00674d33) x26 0xffff7fe3
core   0: 0x80007f14 (0x03cb7fb3) remu    t6, s6, t3
core   0: 3 0x80007f14 (0x03cb7fb3) x31 0x461f3000
core   0: 0x80007f18 (0x0320a933) mulhsu  s2, ra, s2
core   0: 3 0x80007f18 (0x0320a933) x18 0x00000000
core   0: 0x80007f1c (0x021ba733) mulhsu  a4, s7, ra
core   0: 3 0x80007f1c (0x021ba733) x14 0x00000000
core   0: 0x80007f20 (0x017286b3) add     a3, t0, s7
core   0: 3 0x80007f20 (0x017286b3) x13 0x00000000
core   0: 0x80007f24 (0x00fcbcb3) sltu    s9, s9, a5
core   0: 3 0x80007f24 (0x00fcbcb3) x25 0x00000001
core   0: 0x80007f28 (0x5b87e337) lui     t1, 0x5b87e
core   0: 3 0x80007f28 (0x5b87e337) x 6 0x5b87e000
core   0: 0x80007f2c (0x032e9b33) mulh    s6, t4, s2
core   0: 3 0x80007f2c (0x032e9b33) x22 0x00000000
core   0: 0x80007f30 (0x00096b33) or      s6, s2, zero
core   0: 3 0x80007f30 (0x00096b33) x22 0x00000000
core   0: 0x80007f34 (0x00fa5813) srli    a6, s4, 15
core   0: 3 0x80007f34 (0x00fa5813) x16 0x0001ffff
core   0: 0x80007f38 (0x0044d233) srl     tp, s1, tp
core   0: 3 0x80007f38 (0x0044d233) x 4 0x00000000
core   0: 0x80007f3c (0x409d8833) sub     a6, s11, s1
core   0: 3 0x80007f3c (0x409d8833) x16 0x00000000
core   0: 0x80007f40 (0x5ded6f13) ori     t5, s10, 1502
core   0: 3 0x80007f40 (0x5ded6f13) x30 0xffff7fff
core   0: 0x80007f44 (0x01da2933) slt     s2, s4, t4
core   0: 3 0x80007f44 (0x01da2933) x18 0x00000000
core   0: 0x80007f48 (0x012932b3) sltu    t0, s2, s2
core   0: 3 0x80007f48 (0x012932b3) x 5 0x00000000
core   0: 0x80007f4c (0x01a69913) slli    s2, a3, 26
core   0: 3 0x80007f4c (0x01a69913) x18 0x00000000
core   0: 0x80007f50 (0x00000013) nop
core   0: 3 0x80007f50 (0x00000013)
core   0: 0x80007f54 (0x038405b3) mul     a1, s0, s8
core   0: 3 0x80007f54 (0x038405b3) x11 0x00000000
core   0: 0x80007f58 (0x40a08a33) sub     s4, ra, a0
core   0: 3 0x80007f58 (0x40a08a33) x20 0x00000000
core   0: 0x80007f5c (0x016fd733) srl     a4, t6, s6
core   0: 3 0x80007f5c (0x016fd733) x14 0x461f3000
core   0: 0x80007f60 (0x02d5f7b3) remu    a5, a1, a3
core   0: 3 0x80007f60 (0x02d5f7b3) x15 0x00000000
core   0: 0x80007f64 (0x0146ddb3) srl     s11, a3, s4
core   0: 3 0x80007f64 (0x0146ddb3) x27 0x00000000
core   0: 0x80007f68 (0x039678b3) remu    a7, a2, s9
core   0: 3 0x80007f68 (0x039678b3) x17 0x00000000
core   0: 0x80007f6c (0x00000013) nop
core   0: 3 0x80007f6c (0x00000013)
core   0: 0x80007f70 (0xc4dd2993) slti    s3, s10, -947
core   0: 3 0x80007f70 (0xc4dd2993) x19 0x00000001
core   0: 0x80007f74 (0x41478a33) sub     s4, a5, s4
core   0: 3 0x80007f74 (0x41478a33) x20 0x00000000
core   0: 0x80007f78 (0x40188733) sub     a4, a7, ra
core   0: 3 0x80007f78 (0x40188733) x14 0x00000000
core   0: 0x80007f7c (0x0279d733) divu    a4, s3, t2
core   0: 3 0x80007f7c (0x0279d733) x14 0xffffffff
core   0: 0x80007f80 (0x027e9033) mulh    zero, t4, t2
core   0: 3 0x80007f80 (0x027e9033)
core   0: 0x80007f84 (0x013c5233) srl     tp, s8, s3
core   0: 3 0x80007f84 (0x013c5233) x 4 0x1df5da88
core   0: 0x80007f88 (0x786b7d93) andi    s11, s6, 1926
core   0: 3 0x80007f88 (0x786b7d93) x27 0x00000000
core   0: 0x80007f8c (0x01ab6db3) or      s11, s6, s10
core   0: 3 0x80007f8c (0x01ab6db3) x27 0xffff7fe3
core   0: 0x80007f90 (0x411457b3) sra     a5, s0, a7
core   0: 3 0x80007f90 (0x411457b3) x15 0x00000000
core   0: 0x80007f94 (0x5f07bf93) sltiu   t6, a5, 1520
core   0: 3 0x80007f94 (0x5f07bf93) x31 0x00000001
core   0: 0x80007f98 (0x290aa993) slti    s3, s5, 656
core   0: 3 0x80007f98 (0x290aa993) x19 0x00000001
core   0: 0x80007f9c (0x01069293) slli    t0, a3, 16
core   0: 3 0x80007f9c (0x01069293) x 5 0x00000000
core   0: 0x80007fa0 (0x0341a8b3) mulhsu  a7, gp, s4
core   0: 3 0x80007fa0 (0x0341a8b3) x17 0x00000000
core   0: 0x80007fa4 (0x031fcf33) div     t5, t6, a7
core   0: 3 0x80007fa4 (0x031fcf33) x30 0xffffffff
core   0: 0x80007fa8 (0x7d2d4d93) xori    s11, s10, 2002
core   0: 3 0x80007fa8 (0x7d2d4d93) x27 0xffff7831
core   0: 0x80007fac (0x61735d17) auipc   s10, 0x61735
core   0: 3 0x80007fac (0x61735d17) x26 0xe173cfac
core   0: 0x80007fb0 (0x00000013) nop
core   0: 3 0x80007fb0 (0x00000013)
core   0: 0x80007fb4 (0x03d3a433) mulhsu  s0, t2, t4
core   0: 3 0x80007fb4 (0x03d3a433) x 8 0x00000000
core   0: 0x80007fb8 (0xa91c7a13) andi    s4, s8, -1391
core   0: 3 0x80007fb8 (0xa91c7a13) x20 0x3bebb011
core   0: 0x80007fbc (0xd2cc4193) xori    gp, s8, -724
core   0: 3 0x80007fbc (0xd2cc4193) x 3 0xc414483d
core   0: 0x80007fc0 (0x02618a33) mul     s4, gp, t1
core   0: 3 0x80007fc0 (0x02618a33) x20 0x86606000
core   0: 0x80007fc4 (0x403c8bb3) sub     s7, s9, gp
core   0: 3 0x80007fc4 (0x403c8bb3) x23 0x3bebb7c4
core   0: 0x80007fc8 (0x0215ae33) mulhsu  t3, a1, ra
core   0: 3 0x80007fc8 (0x0215ae33) x28 0x00000000
core   0: 0x80007fcc (0x00000013) nop
core   0: 3 0x80007fcc (0x00000013)
core   0: 0x80007fd0 (0x006d1d33) sll     s10, s10, t1
core   0: 3 0x80007fd0 (0x006d1d33) x26 0xe173cfac
core   0: 0x80007fd4 (0x0396b7b3) mulhu   a5, a3, s9
core   0: 3 0x80007fd4 (0x0396b7b3) x15 0x00000000
core   0: 0x80007fd8 (0x0373a833) mulhsu  a6, t2, s7
core   0: 3 0x80007fd8 (0x0373a833) x16 0x00000000
core   0: 0x80007fdc (0x00ad9d13) slli    s10, s11, 10
core   0: 3 0x80007fdc (0x00ad9d13) x26 0xfde0c400
core   0: 0x80007fe0 (0x018bc4b3) xor     s1, s7, s8
core   0: 3 0x80007fe0 (0x018bc4b3) x 9 0x000002d5
core   0: 0x80007fe4 (0x40dd59b3) sra     s3, s10, a3
core   0: 3 0x80007fe4 (0x40dd59b3) x19 0xfde0c400
core   0: 0x80007fe8 (0x018d5d33) srl     s10, s10, s8
core   0: 3 0x80007fe8 (0x018d5d33) x26 0x00007ef0
core   0: 0x80007fec (0x40c3d193) srai    gp, t2, 12
core   0: 3 0x80007fec (0x40c3d193) x 3 0x00000000
core   0: 0x80007ff0 (0x03bf24b3) mulhsu  s1, t5, s11
core   0: 3 0x80007ff0 (0x03bf24b3) x 9 0xffffffff
core   0: 0x80007ff4 (0x021bfd33) remu    s10, s7, ra
core   0: 3 0x80007ff4 (0x021bfd33) x26 0x3bebb7c4
core   0: 0x80007ff8 (0x2fdb2e93) slti    t4, s6, 765
core   0: 3 0x80007ff8 (0x2fdb2e93) x29 0x00000001
core   0: 0x80007ffc (0x59cc4213) xori    tp, s8, 1436
core   0: 3 0x80007ffc (0x59cc4213) x 4 0x3bebb08d
core   0: 0x80008000 (0x41e70eb3) sub     t4, a4, t5
core   0: 3 0x80008000 (0x41e70eb3) x29 0x00000000
core   0: 0x80008004 (0x02fd48b3) div     a7, s10, a5
core   0: 3 0x80008004 (0x02fd48b3) x17 0xffffffff
core   0: 0x80008008 (0xa2afdfb7) lui     t6, 0xa2afd
core   0: 3 0x80008008 (0xa2afdfb7) x31 0xa2afd000
core   0: 0x8000800c (0x40dddcb3) sra     s9, s11, a3
core   0: 3 0x8000800c (0x40dddcb3) x25 0xffff7831
core   0: 0x80008010 (0x9ab18593) addi    a1, gp, -1621
core   0: 3 0x80008010 (0x9ab18593) x11 0xfffff9ab
core   0: 0x80008014 (0x0306e833) rem     a6, a3, a6
core   0: 3 0x80008014 (0x0306e833) x16 0x00000000
core   0: 0x80008018 (0x009fe733) or      a4, t6, s1
core   0: 3 0x80008018 (0x009fe733) x14 0xffffffff
core   0: 0x8000801c (0x01f792b3) sll     t0, a5, t6
core   0: 3 0x8000801c (0x01f792b3) x 5 0x00000000
core   0: 0x80008020 (0x40db5833) sra     a6, s6, a3
core   0: 3 0x80008020 (0x40db5833) x16 0x00000000
core   0: 0x80008024 (0x00000013) nop
core   0: 3 0x80008024 (0x00000013)
core   0: 0x80008028 (0x038260b3) rem     ra, tp, s8
core   0: 3 0x80008028 (0x038260b3) x 1 0x3bebb08d
core   0: 0x8000802c (0x40340233) sub     tp, s0, gp
core   0: 3 0x8000802c (0x40340233) x 4 0x00000000
core   0: 0x80008030 (0x0227d4b3) divu    s1, a5, sp
core   0: 3 0x80008030 (0x0227d4b3) x 9 0x00000000
core   0: 0x80008034 (0x0012c1b3) xor     gp, t0, ra
core   0: 3 0x80008034 (0x0012c1b3) x 3 0x3bebb08d
core   0: 0x80008038 (0x0073adb3) slt     s11, t2, t2
core   0: 3 0x80008038 (0x0073adb3) x27 0x00000000
core   0: 0x8000803c (0x01714a33) xor     s4, sp, s7
core   0: 3 0x8000803c (0x01714a33) x20 0xbbea3b20
core   0: 0x80008040 (0x0174e1b3) or      gp, s1, s7
core   0: 3 0x80008040 (0x0174e1b3) x 3 0x3bebb7c4
core   0: 0x80008044 (0x47e53713) sltiu   a4, a0, 1150
core   0: 3 0x80008044 (0x47e53713) x14 0x00000001
core   0: 0x80008048 (0x0223c6b3) div     a3, t2, sp
core   0: 3 0x80008048 (0x0223c6b3) x13 0x00000000
core   0: 0x8000804c (0x00dde7b3) or      a5, s11, a3
core   0: 3 0x8000804c (0x00dde7b3) x15 0x00000000
core   0: 0x80008050 (0x00000013) nop
core   0: 3 0x80008050 (0x00000013)
core   0: 0x80008054 (0x41948333) sub     t1, s1, s9
core   0: 3 0x80008054 (0x41948333) x 6 0x000087cf
core   0: 0x80008058 (0x014f6a33) or      s4, t5, s4
core   0: 3 0x80008058 (0x014f6a33) x20 0xffffffff
core   0: 0x8000805c (0x001747b3) xor     a5, a4, ra
core   0: 3 0x8000805c (0x001747b3) x15 0x3bebb08c
core   0: 0x80008060 (0x033b45b3) div     a1, s6, s3
core   0: 3 0x80008060 (0x033b45b3) x11 0x00000000
core   0: 0x80008064 (0x025b49b3) div     s3, s6, t0
core   0: 3 0x80008064 (0x025b49b3) x19 0xffffffff
core   0: 0x80008068 (0x00131e13) slli    t3, t1, 1
core   0: 3 0x80008068 (0x00131e13) x28 0x00010f9e
core   0: 0x8000806c (0x020230b3) mulhu   ra, tp, zero
core   0: 3 0x8000806c (0x020230b3) x 1 0x00000000
core   0: 0x80008070 (0x8f9438b7) lui     a7, 0x8f943
core   0: 3 0x80008070 (0x8f9438b7) x17 0x8f943000
core   0: 0x80008074 (0x03647933) remu    s2, s0, s6
core   0: 3 0x80008074 (0x03647933) x18 0x00000000
core   0: 0x80008078 (0x01693033) sltu    zero, s2, s6
core   0: 3 0x80008078 (0x01693033)
core   0: 0x8000807c (0x00f47db3) and     s11, s0, a5
core   0: 3 0x8000807c (0x00f47db3) x27 0x00000000
core   0: 0x80008080 (0x0237e2b3) rem     t0, a5, gp
core   0: 3 0x80008080 (0x0237e2b3) x 5 0x3bebb08c
core   0: 0x80008084 (0x00415193) srli    gp, sp, 4
core   0: 3 0x80008084 (0x00415193) x 3 0x080018ce
core   0: 0x80008088 (0x02de33b3) mulhu   t2, t3, a3
core   0: 3 0x80008088 (0x02de33b3) x 7 0x00000000
core   0: 0x8000808c (0x02af47b3) div     a5, t5, a0
core   0: 3 0x8000808c (0x02af47b3) x15 0xffffffff
core   0: 0x80008090 (0x003e51b3) srl     gp, t3, gp
core   0: 3 0x80008090 (0x003e51b3) x 3 0x00000004
core   0: 0x80008094 (0x00f8bdb3) sltu    s11, a7, a5
core   0: 3 0x80008094 (0x00f8bdb3) x27 0x00000001
core   0: 0x80008098 (0x020b4db3) div     s11, s6, zero
core   0: 3 0x80008098 (0x020b4db3) x27 0xffffffff
core   0: 0x8000809c (0x0f380013) addi    zero, a6, 243
core   0: 3 0x8000809c (0x0f380013)
core   0: 0x800080a0 (0x41530b33) sub     s6, t1, s5
core   0: 3 0x800080a0 (0x41530b33) x22 0x7fff396b
core   0: 0x800080a4 (0x00241e33) sll     t3, s0, sp
core   0: 3 0x800080a4 (0x00241e33) x28 0x00000000
core   0: 0x800080a8 (0x095de737) lui     a4, 0x95de
core   0: 3 0x800080a8 (0x095de737) x14 0x095de000
core   0: 0x800080ac (0x035d38b3) mulhu   a7, s10, s5
core   0: 3 0x800080ac (0x035d38b3) x17 0x1df62a26
core   0: 0x800080b0 (0x003a2233) slt     tp, s4, gp
core   0: 3 0x800080b0 (0x003a2233) x 4 0x00000001
core   0: 0x800080b4 (0xa2488593) addi    a1, a7, -1500
core   0: 3 0x800080b4 (0xa2488593) x11 0x1df6244a
core   0: 0x800080b8 (0x6e427597) auipc   a1, 0x6e427
core   0: 3 0x800080b8 (0x6e427597) x11 0xee42f0b8
core   0: 0x800080bc (0x4206a893) slti    a7, a3, 1056
core   0: 3 0x800080bc (0x4206a893) x17 0x00000001
core   0: 0x800080c0 (0x7ec57813) andi    a6, a0, 2028
core   0: 3 0x800080c0 (0x7ec57813) x16 0x00000000
core   0: 0x800080c4 (0x004ce033) or      zero, s9, tp
core   0: 3 0x800080c4 (0x004ce033)
core   0: 0x800080c8 (0x01808533) add     a0, ra, s8
core   0: 3 0x800080c8 (0x01808533) x10 0x3bebb511
core   0: 0x800080cc (0x01d278b3) and     a7, tp, t4
core   0: 3 0x800080cc (0x01d278b3) x17 0x00000000
core   0: 0x800080d0 (0x004f4cb3) xor     s9, t5, tp
core   0: 3 0x800080d0 (0x004f4cb3) x25 0xfffffffe
core   0: 0x800080d4 (0x01f7b9b3) sltu    s3, a5, t6
core   0: 3 0x800080d4 (0x01f7b9b3) x19 0x00000000
core   0: 0x800080d8 (0x012b81b3) add     gp, s7, s2
core   0: 3 0x800080d8 (0x012b81b3) x 3 0x3bebb7c4
core   0: 0x800080dc (0x40fc5e13) srai    t3, s8, 15
core   0: 3 0x800080dc (0x40fc5e13) x28 0x000077d7
core   0: 0x800080e0 (0x0089ac33) slt     s8, s3, s0
core   0: 3 0x800080e0 (0x0089ac33) x24 0x00000000
core   0: 0x800080e4 (0x267a8493) addi    s1, s5, 615
core   0: 3 0x800080e4 (0x267a8493) x 9 0x800150cb
core   0: 0x800080e8 (0x0325cbb3) div     s7, a1, s2
core   0: 3 0x800080e8 (0x0325cbb3) x23 0xffffffff
core   0: 0x800080ec (0x22bd9197) auipc   gp, 0x22bd9
core   0: 3 0x800080ec (0x22bd9197) x 3 0xa2be10ec
core   0: 0x800080f0 (0x02f8bbb3) mulhu   s7, a7, a5
core   0: 3 0x800080f0 (0x02f8bbb3) x23 0x00000000
core   0: 0x800080f4 (0x00f71fb3) sll     t6, a4, a5
core   0: 3 0x800080f4 (0x00f71fb3) x31 0x00000000
core   0: 0x800080f8 (0x00e2ff33) and     t5, t0, a4
core   0: 3 0x800080f8 (0x00e2ff33) x30 0x0949a000
core   0: 0x800080fc (0x686eb093) sltiu   ra, t4, 1670
core   0: 3 0x800080fc (0x686eb093) x 1 0x00000001
core   0: 0x80008100 (0x407fdd93) srai    s11, t6, 7
core   0: 3 0x80008100 (0x407fdd93) x27 0x00000000
core   0: 0x80008104 (0x038b3933) mulhu   s2, s6, s8
core   0: 3 0x80008104 (0x038b3933) x18 0x00000000
core   0: 0x80008108 (0x03edff33) remu    t5, s11, t5
core   0: 3 0x80008108 (0x03edff33) x30 0x00000000
core   0: 0x8000810c (0x00eee8b3) or      a7, t4, a4
core   0: 3 0x8000810c (0x00eee8b3) x17 0x095de000
core   0: 0x80008110 (0x40975bb3) sra     s7, a4, s1
core   0: 3 0x80008110 (0x40975bb3) x23 0x00012bbc
core   0: 0x80008114 (0x51446593) ori     a1, s0, 1300
core   0: 3 0x80008114 (0x51446593) x11 0x00000514
core   0: 0x80008118 (0x9e377093) andi    ra, a4, -1565
core   0: 3 0x80008118 (0x9e377093) x 1 0x095de000
core   0: 0x8000811c (0x04cdac93) slti    s9, s11, 76
core   0: 3 0x8000811c (0x04cdac93) x25 0x00000001
core   0: 0x80008120 (0x0231c4b3) div     s1, gp, gp
core   0: 3 0x80008120 (0x0231c4b3) x 9 0x00000001
core   0: 0x80008124 (0x0010be33) sltu    t3, ra, ra
core   0: 3 0x80008124 (0x0010be33) x28 0x00000000
core   0: 0x80008128 (0x00bf6533) or      a0, t5, a1
core   0: 3 0x80008128 (0x00bf6533) x10 0x00000514
core   0: 0x8000812c (0xf4590093) addi    ra, s2, -187
core   0: 3 0x8000812c (0xf4590093) x 1 0xffffff45
core   0: 0x80008130 (0x02565433) divu    s0, a2, t0
core   0: 3 0x80008130 (0x02565433) x 8 0x00000004
core   0: 0x80008134 (0x40fc0fb3) sub     t6, s8, a5
core   0: 3 0x80008134 (0x40fc0fb3) x31 0x00000001
core   0: 0x80008138 (0x00d275b3) and     a1, tp, a3
core   0: 3 0x80008138 (0x00d275b3) x11 0x00000000
core   0: 0x8000813c (0x60393993) sltiu   s3, s2, 1539
core   0: 3 0x8000813c (0x60393993) x19 0x00000001
core   0: 0x80008140 (0x0012fcb3) and     s9, t0, ra
core   0: 3 0x80008140 (0x0012fcb3) x25 0x3bebb004
core   0: 0x80008144 (0x00000013) nop
core   0: 3 0x80008144 (0x00000013)
core   0: 0x80008148 (0x31805f97) auipc   t6, 0x31805
core   0: 3 0x80008148 (0x31805f97) x31 0xb180d148
core   0: 0x8000814c (0x0211a733) mulhsu  a4, gp, ra
core   0: 3 0x8000814c (0x0211a733) x14 0xa2be1130
core   0: 0x80008150 (0x01b75193) srli    gp, a4, 27
core   0: 3 0x80008150 (0x01b75193) x 3 0x00000014
core   0: 0x80008154 (0x01af1b93) slli    s7, t5, 26
core   0: 3 0x80008154 (0x01af1b93) x23 0x00000000
core   0: 0x80008158 (0x02a11933) mulh    s2, sp, a0
core   0: 3 0x80008158 (0x02a11933) x18 0xfffffd76
core   0: 0x8000815c (0x4eaba893) slti    a7, s7, 1258
core   0: 3 0x8000815c (0x4eaba893) x17 0x00000001
core   0: 0x80008160 (0x02c036b3) mulhu   a3, zero, a2
core   0: 3 0x80008160 (0x02c036b3) x13 0x00000000
core   0: 0x80008164 (0x36c1f397) auipc   t2, 0x36c1f
core   0: 3 0x80008164 (0x36c1f397) x 7 0xb6c27164
core   0: 0x80008168 (0x03253733) mulhu   a4, a0, s2
core   0: 3 0x80008168 (0x03253733) x14 0x00000513
core   0: 0x8000816c (0x00dc9f13) slli    t5, s9, 13
core   0: 3 0x8000816c (0x00dc9f13) x30 0x76008000
core   0: 0x80008170 (0xdfc93b13) sltiu   s6, s2, -516
core   0: 3 0x80008170 (0xdfc93b13) x22 0x00000001
core   0: 0x80008174 (0x035362b3) rem     t0, t1, s5
core   0: 3 0x80008174 (0x035362b3) x 5 0x000087cf
core   0: 0x80008178 (0x41e50733) sub     a4, a0, t5
core   0: 3 0x80008178 (0x41e50733) x14 0x89ff8514
core   0: 0x8000817c (0x012cda13) srli    s4, s9, 18
core   0: 3 0x8000817c (0x012cda13) x20 0x00000efa
core   0: 0x80008180 (0x1a9eba13) sltiu   s4, t4, 425
core   0: 3 0x80008180 (0x1a9eba13) x20 0x00000001
core   0: 0x80008184 (0x015bc0b3) xor     ra, s7, s5
core   0: 3 0x80008184 (0x015bc0b3) x 1 0x80014e64
core   0: 0x80008188 (0x00e361b3) or      gp, t1, a4
core   0: 3 0x80008188 (0x00e361b3) x 3 0x89ff87df
core   0: 0x8000818c (0x02bf9eb3) mulh    t4, t6, a1
core   0: 3 0x8000818c (0x02bf9eb3) x29 0x00000000
core   0: 0x80008190 (0x012724b3) slt     s1, a4, s2
core   0: 3 0x80008190 (0x012724b3) x 9 0x00000001
core   0: 0x80008194 (0x00000013) nop
core   0: 3 0x80008194 (0x00000013)
core   0: 0x80008198 (0x009b6533) or      a0, s6, s1
core   0: 3 0x80008198 (0x009b6533) x10 0x00000001
core   0: 0x8000819c (0x1c65c393) xori    t2, a1, 454
core   0: 3 0x8000819c (0x1c65c393) x 7 0x000001c6
core   0: 0x800081a0 (0x026ffbb3) remu    s7, t6, t1
core   0: 3 0x800081a0 (0x026ffbb3) x23 0x00001c60
core   0: 0x800081a4 (0x03481d33) mulh    s10, a6, s4
core   0: 3 0x800081a4 (0x03481d33) x26 0x00000000
core   0: 0x800081a8 (0x030592b3) mulh    t0, a1, a6
core   0: 3 0x800081a8 (0x030592b3) x 5 0x00000000
core   0: 0x800081ac (0x41cbd733) sra     a4, s7, t3
core   0: 3 0x800081ac (0x41cbd733) x14 0x00001c60
core   0: 0x800081b0 (0x00009933) sll     s2, ra, zero
core   0: 3 0x800081b0 (0x00009933) x18 0x80014e64
core   0: 0x800081b4 (0x521eeb13) ori     s6, t4, 1313
core   0: 3 0x800081b4 (0x521eeb13) x22 0x00000521
core   0: 0x800081b8 (0x41268533) sub     a0, a3, s2
core   0: 3 0x800081b8 (0x41268533) x10 0x7ffeb19c
core   0: 0x800081bc (0x00eab233) sltu    tp, s5, a4
core   0: 3 0x800081bc (0x00eab233) x 4 0x00000000
core   0: 0x800081c0 (0x00000013) nop
core   0: 3 0x800081c0 (0x00000013)
core   0: 0x800081c4 (0x035b6f33) rem     t5, s6, s5
core   0: 3 0x800081c4 (0x035b6f33) x30 0x00000521
core   0: 0x800081c8 (0xfcddde37) lui     t3, 0xfcddd
core   0: 3 0x800081c8 (0xfcddde37) x28 0xfcddd000
core   0: 0x800081cc (0x01034bb3) xor     s7, t1, a6
core   0: 3 0x800081cc (0x01034bb3) x23 0x000087cf
core   0: 0x800081d0 (0x036dbeb3) mulhu   t4, s11, s6
core   0: 3 0x800081d0 (0x036dbeb3) x29 0x00000000
core   0: 0x800081d4 (0x00000013) nop
core   0: 3 0x800081d4 (0x00000013)
core   0: 0x800081d8 (0x00f1d393) srli    t2, gp, 15
core   0: 3 0x800081d8 (0x00f1d393) x 7 0x000113ff
core   0: 0x800081dc (0xe87c7413) andi    s0, s8, -377
core   0: 3 0x800081dc (0xe87c7413) x 8 0x00000000
core   0: 0x800081e0 (0x86e5c493) xori    s1, a1, -1938
core   0: 3 0x800081e0 (0x86e5c493) x 9 0xfffff86e
core   0: 0x800081e4 (0x81cb2f93) slti    t6, s6, -2020
core   0: 3 0x800081e4 (0x81cb2f93) x31 0x00000000
core   0: 0x800081e8 (0x011eafb3) slt     t6, t4, a7
core   0: 3 0x800081e8 (0x011eafb3) x31 0x00000001
core   0: 0x800081ec (0x4175d733) sra     a4, a1, s7
core   0: 3 0x800081ec (0x4175d733) x14 0x00000000
core   0: 0x800081f0 (0x0380ecb3) rem     s9, ra, s8
core   0: 3 0x800081f0 (0x0380ecb3) x25 0x80014e64
core   0: 0x800081f4 (0x86ec3b13) sltiu   s6, s8, -1938
core   0: 3 0x800081f4 (0x86ec3b13) x22 0x00000001
core   0: 0x800081f8 (0x01eb5813) srli    a6, s6, 30
core   0: 3 0x800081f8 (0x01eb5813) x16 0x00000000
core   0: 0x800081fc (0x00f111b3) sll     gp, sp, a5
core   0: 3 0x800081fc (0x00f111b3) x 3 0x00000000
core   0: 0x80008200 (0x001e5d93) srli    s11, t3, 1
core   0: 3 0x80008200 (0x001e5d93) x27 0x7e6ee800
core   0: 0x80008204 (0x00ee53b3) srl     t2, t3, a4
core   0: 3 0x80008204 (0x00ee53b3) x 7 0xfcddd000
core   0: 0x80008208 (0x00c27433) and     s0, tp, a2
core   0: 3 0x80008208 (0x00c27433) x 8 0x00000000
core   0: 0x8000820c (0x034f66b3) rem     a3, t5, s4
core   0: 3 0x8000820c (0x034f66b3) x13 0x00000000
core   0: 0x80008210 (0x00081f93) slli    t6, a6, 0
core   0: 3 0x80008210 (0x00081f93) x31 0x00000000
core   0: 0x80008214 (0x48901b97) auipc   s7, 0x48901
core   0: 3 0x80008214 (0x48901b97) x23 0xc8909214
core   0: 0x80008218 (0xa749ec93) ori     s9, s3, -1420
core   0: 3 0x80008218 (0xa749ec93) x25 0xfffffa75
core   0: 0x8000821c (0x00039d93) slli    s11, t2, 0
core   0: 3 0x8000821c (0x00039d93) x27 0xfcddd000
core   0: 0x80008220 (0xade16893) ori     a7, sp, -1314
core   0: 3 0x80008220 (0xade16893) x17 0xfffffefe
core   0: 0x80008224 (0x02e50a13) addi    s4, a0, 46
core   0: 3 0x80008224 (0x02e50a13) x20 0x7ffeb1ca
core   0: 0x80008228 (0x00a3ef33) or      t5, t2, a0
core   0: 3 0x80008228 (0x00a3ef33) x30 0xfffff19c
core   0: 0x8000822c (0x41d60a33) sub     s4, a2, t4
core   0: 3 0x8000822c (0x41d60a33) x20 0xf018fb60
core   0: 0x80008230 (0x022a1233) mulh    tp, s4, sp
core   0: 3 0x80008230 (0x022a1233) x 4 0x07f369a8
core   0: 0x80008234 (0x020baf33) mulhsu  t5, s7, zero
core   0: 3 0x80008234 (0x020baf33) x30 0x00000000
core   0: 0x80008238 (0x0249e3b3) rem     t2, s3, tp
core   0: 3 0x80008238 (0x0249e3b3) x 7 0x00000001
core   0: 0x8000823c (0x4716b693) sltiu   a3, a3, 1137
core   0: 3 0x8000823c (0x4716b693) x13 0x00000001
core   0: 0x80008240 (0x01eb9f33) sll     t5, s7, t5
core   0: 3 0x80008240 (0x01eb9f33) x30 0xc8909214
core   0: 0x80008244 (0x0264e6b3) rem     a3, s1, t1
core   0: 3 0x80008244 (0x0264e6b3) x13 0xfffff86e
core   0: 0x80008248 (0x011bd793) srli    a5, s7, 17
core   0: 3 0x80008248 (0x011bd793) x15 0x00006448
core   0: 0x8000824c (0x010f0533) add     a0, t5, a6
core   0: 3 0x8000824c (0x010f0533) x10 0xc8909214
core   0: 0x80008250 (0x00000013) nop
core   0: 3 0x80008250 (0x00000013)
core   0: 0x80008254 (0xf7647193) andi    gp, s0, -138
core   0: 3 0x80008254 (0xf7647193) x 3 0x00000000
core   0: 0x80008258 (0xb8b3eb93) ori     s7, t2, -1141
core   0: 3 0x80008258 (0xb8b3eb93) x23 0xfffffb8b
core   0: 0x8000825c (0x023aa5b3) mulhsu  a1, s5, gp
core   0: 3 0x8000825c (0x023aa5b3) x11 0x00000000
core   0: 0x80008260 (0x40ce5e13) srai    t3, t3, 12
core   0: 3 0x80008260 (0x40ce5e13) x28 0xffffcddd
core   0: 0x80008264 (0x54e38513) addi    a0, t2, 1358
core   0: 3 0x80008264 (0x54e38513) x10 0x0000054f
core   0: 0x80008268 (0x02be95b3) mulh    a1, t4, a1
core   0: 3 0x80008268 (0x02be95b3) x11 0x00000000
core   0: 0x8000826c (0x02b2ae33) mulhsu  t3, t0, a1
core   0: 3 0x8000826c (0x02b2ae33) x28 0x00000000
core   0: 0x80008270 (0x0024d033) srl     zero, s1, sp
core   0: 3 0x80008270 (0x0024d033)
core   0: 0x80008274 (0x0000bb33) sltu    s6, ra, zero
core   0: 3 0x80008274 (0x0000bb33) x22 0x00000000
core   0: 0x80008278 (0x01d07e33) and     t3, zero, t4
core   0: 3 0x80008278 (0x01d07e33) x28 0x00000000
core   0: 0x8000827c (0x41bd5db3) sra     s11, s10, s11
core   0: 3 0x8000827c (0x41bd5db3) x27 0x00000000
core   0: 0x80008280 (0x02aa1533) mulh    a0, s4, a0
core   0: 3 0x80008280 (0x02aa1533) x10 0xffffffab
core   0: 0x80008284 (0x00e19733) sll     a4, gp, a4
core   0: 3 0x80008284 (0x00e19733) x14 0x00000000
core   0: 0x80008288 (0x02348733) mul     a4, s1, gp
core   0: 3 0x80008288 (0x02348733) x14 0x00000000
core   0: 0x8000828c (0x01e1a6b3) slt     a3, gp, t5
core   0: 3 0x8000828c (0x01e1a6b3) x13 0x00000000
core   0: 0x80008290 (0x02b64733) div     a4, a2, a1
core   0: 3 0x80008290 (0x02b64733) x14 0xffffffff
core   0: 0x80008294 (0x02806433) rem     s0, zero, s0
core   0: 3 0x80008294 (0x02806433) x 8 0x00000000
core   0: 0x80008298 (0x028dfdb3) remu    s11, s11, s0
core   0: 3 0x80008298 (0x028dfdb3) x27 0x00000000
core   0: 0x8000829c (0x91d8c393) xori    t2, a7, -1763
core   0: 3 0x8000829c (0x91d8c393) x 7 0x000007e3
core   0: 0x800082a0 (0x0399ccb3) div     s9, s3, s9
core   0: 3 0x800082a0 (0x0399ccb3) x25 0x00000000
core   0: 0x800082a4 (0x0229c6b3) div     a3, s3, sp
core   0: 3 0x800082a4 (0x0229c6b3) x13 0x00000000
core   0: 0x800082a8 (0x7cc44493) xori    s1, s0, 1996
core   0: 3 0x800082a8 (0x7cc44493) x 9 0x000007cc
core   0: 0x800082ac (0x035c7eb3) remu    t4, s8, s5
core   0: 3 0x800082ac (0x035c7eb3) x29 0x00000000
core   0: 0x800082b0 (0x4f3ca537) lui     a0, 0x4f3ca
core   0: 3 0x800082b0 (0x4f3ca537) x10 0x4f3ca000
core   0: 0x800082b4 (0x03a45733) divu    a4, s0, s10
core   0: 3 0x800082b4 (0x03a45733) x14 0xffffffff
core   0: 0x800082b8 (0x02871f33) mulh    t5, a4, s0
core   0: 3 0x800082b8 (0x02871f33) x30 0x00000000
core   0: 0x800082bc (0xa126e913) ori     s2, a3, -1518
core   0: 3 0x800082bc (0xa126e913) x18 0xfffffa12
core   0: 0x800082c0 (0x5fac3a13) sltiu   s4, s8, 1530
core   0: 3 0x800082c0 (0x5fac3a13) x20 0x00000001
core   0: 0x800082c4 (0x01a50933) add     s2, a0, s10
core   0: 3 0x800082c4 (0x01a50933) x18 0x4f3ca000
core   0: 0x800082c8 (0x01e58433) add     s0, a1, t5
core   0: 3 0x800082c8 (0x01e58433) x 8 0x00000000
core   0: 0x800082cc (0x027e54b3) divu    s1, t3, t2
core   0: 3 0x800082cc (0x027e54b3) x 9 0x00000000
core   0: 0x800082d0 (0x005df813) andi    a6, s11, 5
core   0: 3 0x800082d0 (0x005df813) x16 0x00000000
core   0: 0x800082d4 (0x01521993) slli    s3, tp, 21
core   0: 3 0x800082d4 (0x01521993) x19 0x35000000
core   0: 0x800082d8 (0x02e53f33) mulhu   t5, a0, a4
core   0: 3 0x800082d8 (0x02e53f33) x30 0x4f3c9fff
core   0: 0x800082dc (0x021cd533) divu    a0, s9, ra
core   0: 3 0x800082dc (0x021cd533) x10 0x00000000
core   0: 0x800082e0 (0x028aa6b3) mulhsu  a3, s5, s0
core   0: 3 0x800082e0 (0x028aa6b3) x13 0x00000000
core   0: 0x800082e4 (0x00320b33) add     s6, tp, gp
core   0: 3 0x800082e4 (0x00320b33) x22 0x07f369a8
core   0: 0x800082e8 (0x014bd6b3) srl     a3, s7, s4
core   0: 3 0x800082e8 (0x014bd6b3) x13 0x7ffffdc5
core   0: 0x800082ec (0x0124aa33) slt     s4, s1, s2
core   0: 3 0x800082ec (0x0124aa33) x20 0x00000001
core   0: 0x800082f0 (0x004edc13) srli    s8, t4, 4
core   0: 3 0x800082f0 (0x004edc13) x24 0x00000000
core   0: 0x800082f4 (0x410ed493) srai    s1, t4, 16
core   0: 3 0x800082f4 (0x410ed493) x 9 0x00000000
core   0: 0x800082f8 (0x40d25513) srai    a0, tp, 13
core   0: 3 0x800082f8 (0x40d25513) x10 0x00003f9b
core   0: 0x800082fc (0x40375413) srai    s0, a4, 3
core   0: 3 0x800082fc (0x40375413) x 8 0xffffffff
core   0: 0x80008300 (0xc001b1b7) lui     gp, 0xc001b
core   0: 3 0x80008300 (0xc001b1b7) x 3 0xc001b000
core   0: 0x80008304 (0x412e5733) sra     a4, t3, s2
core   0: 3 0x80008304 (0x412e5733) x14 0x00000000
core   0: 0x80008308 (0x40878833) sub     a6, a5, s0
core   0: 3 0x80008308 (0x40878833) x16 0x00006449
core   0: 0x8000830c (0x3c026793) ori     a5, tp, 960
core   0: 3 0x8000830c (0x3c026793) x15 0x07f36be8
core   0: 0x80008310 (0x01b2e2b3) or      t0, t0, s11
core   0: 3 0x80008310 (0x01b2e2b3) x 5 0x00000000
core   0: 0x80008314 (0x02718933) mul     s2, gp, t2
core   0: 3 0x80008314 (0x02718933) x18 0x4d4f1000
core   0: 0x80008318 (0x03b098b3) mulh    a7, ra, s11
core   0: 3 0x80008318 (0x03b098b3) x17 0x00000000
core   0: 0x8000831c (0x02de5b33) divu    s6, t3, a3
core   0: 3 0x8000831c (0x02de5b33) x22 0x00000000
core   0: 0x80008320 (0x40a55d33) sra     s10, a0, a0
core   0: 3 0x80008320 (0x40a55d33) x26 0x00000000
core   0: 0x80008324 (0xfea6ed17) auipc   s10, 0xfea6e
core   0: 3 0x80008324 (0xfea6ed17) x26 0x7ea76324
core   0: 0x80008328 (0x02595cb3) divu    s9, s2, t0
core   0: 3 0x80008328 (0x02595cb3) x25 0xffffffff
core   0: 0x8000832c (0x0274cf33) div     t5, s1, t2
core   0: 3 0x8000832c (0x0274cf33) x30 0x00000000
core   0: 0x80008330 (0x450b7937) lui     s2, 0x450b7
core   0: 3 0x80008330 (0x450b7937) x18 0x450b7000
core   0: 0x80008334 (0x402e5db3) sra     s11, t3, sp
core   0: 3 0x80008334 (0x402e5db3) x27 0x00000000
core   0: 0x80008338 (0xa14a8913) addi    s2, s5, -1516
core   0: 3 0x80008338 (0xa14a8913) x18 0x80014878
core   0: 0x8000833c (0x01aac3b3) xor     t2, s5, s10
core   0: 3 0x8000833c (0x01aac3b3) x 7 0xfea62d40
core   0: 0x80008340 (0xc45c4313) xori    t1, s8, -955
core   0: 3 0x80008340 (0xc45c4313) x 6 0xfffffc45
core   0: 0x80008344 (0x2ae1ce93) xori    t4, gp, 686
core   0: 3 0x80008344 (0x2ae1ce93) x29 0xc001b2ae
core   0: 0x80008348 (0x00eda933) slt     s2, s11, a4
core   0: 3 0x80008348 (0x00eda933) x18 0x00000000
core   0: 0x8000834c (0x41d881b3) sub     gp, a7, t4
core   0: 3 0x8000834c (0x41d881b3) x 3 0x3ffe4d52
core   0: 0x80008350 (0x028ee5b3) rem     a1, t4, s0
core   0: 3 0x80008350 (0x028ee5b3) x11 0x00000000
core   0: 0x80008354 (0x00204cb3) xor     s9, zero, sp
core   0: 3 0x80008354 (0x00204cb3) x25 0x80018ce4
core   0: 0x80008358 (0xecc1aa13) slti    s4, gp, -308
core   0: 3 0x80008358 (0xecc1aa13) x20 0x00000000
core   0: 0x8000835c (0xd934ce93) xori    t4, s1, -621
core   0: 3 0x8000835c (0xd934ce93) x29 0xfffffd93
core   0: 0x80008360 (0x01499233) sll     tp, s3, s4
core   0: 3 0x80008360 (0x01499233) x 4 0x35000000
core   0: 0x80008364 (0x2a0fc193) xori    gp, t6, 672
core   0: 3 0x80008364 (0x2a0fc193) x 3 0x000002a0
core   0: 0x80008368 (0x65106713) ori     a4, zero, 1617
core   0: 3 0x80008368 (0x65106713) x14 0x00000651
core   0: 0x8000836c (0x029784b3) mul     s1, a5, s1
core   0: 3 0x8000836c (0x029784b3) x 9 0x00000000
core   0: 0x80008370 (0x40c4ddb3) sra     s11, s1, a2
core   0: 3 0x80008370 (0x40c4ddb3) x27 0x00000000
core   0: 0x80008374 (0x005f7b33) and     s6, t5, t0
core   0: 3 0x80008374 (0x005f7b33) x22 0x00000000
core   0: 0x80008378 (0x026ba933) mulhsu  s2, s7, t1
core   0: 3 0x80008378 (0x026ba933) x18 0xfffffb8b
core   0: 0x8000837c (0x03276533) rem     a0, a4, s2
core   0: 3 0x8000837c (0x03276533) x10 0x000001dc
core   0: 0x80008380 (0x016c4c33) xor     s8, s8, s6
core   0: 3 0x80008380 (0x016c4c33) x24 0x00000000
core   0: 0x80008384 (0x006f3333) sltu    t1, t5, t1
core   0: 3 0x80008384 (0x006f3333) x 6 0x00000001
core   0: 0x80008388 (0xaca4e297) auipc   t0, 0xaca4e
core   0: 3 0x80008388 (0xaca4e297) x 5 0x2ca56388
core   0: 0x8000838c (0x8f440c93) addi    s9, s0, -1804
core   0: 3 0x8000838c (0x8f440c93) x25 0xfffff8f3
core   0: 0x80008390 (0x029ade33) divu    t3, s5, s1
core   0: 3 0x80008390 (0x029ade33) x28 0xffffffff
core   0: 0x80008394 (0x871def93) ori     t6, s11, -1935
core   0: 3 0x80008394 (0x871def93) x31 0xfffff871
core   0: 0x80008398 (0x03a8c1b3) div     gp, a7, s10
core   0: 3 0x80008398 (0x03a8c1b3) x 3 0x00000000
core   0: 0x8000839c (0x4032dc13) srai    s8, t0, 3
core   0: 3 0x8000839c (0x4032dc13) x24 0x0594ac71
core   0: 0x800083a0 (0x02b7aeb3) mulhsu  t4, a5, a1
core   0: 3 0x800083a0 (0x02b7aeb3) x29 0x00000000
core   0: 0x800083a4 (0x02aee6b3) rem     a3, t4, a0
core   0: 3 0x800083a4 (0x02aee6b3) x13 0x00000000
core   0: 0x800083a8 (0x00b1bc97) auipc   s9, 0xb1b
core   0: 3 0x800083a8 (0x00b1bc97) x25 0x80b233a8
core   0: 0x800083ac (0x023412b3) mulh    t0, s0, gp
core   0: 3 0x800083ac (0x023412b3) x 5 0x00000000
core   0: 0x800083b0 (0x01caa4b3) slt     s1, s5, t3
core   0: 3 0x800083b0 (0x01caa4b3) x 9 0x00000001
core   0: 0x800083b4 (0x40ca5b93) srai    s7, s4, 12
core   0: 3 0x800083b4 (0x40ca5b93) x23 0x00000000
core   0: 0x800083b8 (0x02c30f33) mul     t5, t1, a2
core   0: 3 0x800083b8 (0x02c30f33) x30 0xf018fb60
core   0: 0x800083bc (0xd4784017) auipc   zero, 0xd4784
core   0: 3 0x800083bc (0xd4784017)
core   0: 0x800083c0 (0x005bcbb3) xor     s7, s7, t0
core   0: 3 0x800083c0 (0x005bcbb3) x23 0x00000000
core   0: 0x800083c4 (0x41ca5893) srai    a7, s4, 28
core   0: 3 0x800083c4 (0x41ca5893) x17 0x00000000
core   0: 0x800083c8 (0x005d22b3) slt     t0, s10, t0
core   0: 3 0x800083c8 (0x005d22b3) x 5 0x00000000
core   0: 0x800083cc (0x0149b833) sltu    a6, s3, s4
core   0: 3 0x800083cc (0x0149b833) x16 0x00000000
core   0: 0x800083d0 (0x004ad993) srli    s3, s5, 4
core   0: 3 0x800083d0 (0x004ad993) x19 0x080014e6
core   0: 0x800083d4 (0x031a6a33) rem     s4, s4, a7
core   0: 3 0x800083d4 (0x031a6a33) x20 0x00000000
core   0: 0x800083d8 (0xae450f97) auipc   t6, 0xae450
core   0: 3 0x800083d8 (0xae450f97) x31 0x2e4583d8
core   0: 0x800083dc (0x02813433) mulhu   s0, sp, s0
core   0: 3 0x800083dc (0x02813433) x 8 0x80018ce3
core   0: 0x800083e0 (0x407182b7) lui     t0, 0x40718
core   0: 3 0x800083e0 (0x407182b7) x 5 0x40718000
core   0: 0x800083e4 (0x14afa493) slti    s1, t6, 330
core   0: 3 0x800083e4 (0x14afa493) x 9 0x00000000
core   0: 0x800083e8 (0x40675093) srai    ra, a4, 6
core   0: 3 0x800083e8 (0x40675093) x 1 0x00000019
core   0: 0x800083ec (0xe5b20b93) addi    s7, tp, -421
core   0: 3 0x800083ec (0xe5b20b93) x23 0x34fffe5b
core   0: 0x800083f0 (0x02947233) remu    tp, s0, s1
core   0: 3 0x800083f0 (0x02947233) x 4 0x80018ce3
core   0: 0x800083f4 (0x03ff8d33) mul     s10, t6, t6
core   0: 3 0x800083f4 (0x03ff8d33) x26 0xf656c640
core   0: 0x800083f8 (0x01865293) srli    t0, a2, 24
core   0: 3 0x800083f8 (0x01865293) x 5 0x000000f0
core   0: 0x800083fc (0x010a63b3) or      t2, s4, a6
core   0: 3 0x800083fc (0x010a63b3) x 7 0x00000000
core   0: 0x80008400 (0x01efe533) or      a0, t6, t5
core   0: 3 0x80008400 (0x01efe533) x10 0xfe5dfbf8
core   0: 0x80008404 (0x00ebf0b3) and     ra, s7, a4
core   0: 3 0x80008404 (0x00ebf0b3) x 1 0x00000651
core   0: 0x80008408 (0x03c88cb3) mul     s9, a7, t3
core   0: 3 0x80008408 (0x03c88cb3) x25 0x00000000
core   0: 0x8000840c (0x00ba5fb3) srl     t6, s4, a1
core   0: 3 0x8000840c (0x00ba5fb3) x31 0x00000000
core   0: 0x80008410 (0x41fa0fb3) sub     t6, s4, t6
core   0: 3 0x80008410 (0x41fa0fb3) x31 0x00000000
core   0: 0x80008414 (0x025dd233) divu    tp, s11, t0
core   0: 3 0x80008414 (0x025dd233) x 4 0x00000000
core   0: 0x80008418 (0x00bdf733) and     a4, s11, a1
core   0: 3 0x80008418 (0x00bdf733) x14 0x00000000
core   0: 0x8000841c (0x419bd393) srai    t2, s7, 25
core   0: 3 0x8000841c (0x419bd393) x 7 0x0000001a
core   0: 0x80008420 (0xc6817893) andi    a7, sp, -920
core   0: 3 0x80008420 (0xc6817893) x17 0x80018c60
core   0: 0x80008424 (0x40f45913) srai    s2, s0, 15
core   0: 3 0x80008424 (0x40f45913) x18 0xffff0003
core   0: 0x80008428 (0xc4c85db7) lui     s11, 0xc4c85
core   0: 3 0x80008428 (0xc4c85db7) x27 0xc4c85000
core   0: 0x8000842c (0xe722de17) auipc   t3, 0xe722d
core   0: 3 0x8000842c (0xe722de17) x28 0x6723542c
core   0: 0x80008430 (0x014594b3) sll     s1, a1, s4
core   0: 3 0x80008430 (0x014594b3) x 9 0x00000000
core   0: 0x80008434 (0x57812db7) lui     s11, 0x57812
core   0: 3 0x80008434 (0x57812db7) x27 0x57812000
core   0: 0x80008438 (0x01eafcb3) and     s9, s5, t5
core   0: 3 0x80008438 (0x01eafcb3) x25 0x80004a60
core   0: 0x8000843c (0x0026adb3) slt     s11, a3, sp
core   0: 3 0x8000843c (0x0026adb3) x27 0x00000000
core   0: 0x80008440 (0x03f508b3) mul     a7, a0, t6
core   0: 3 0x80008440 (0x03f508b3) x17 0x00000000
core   0: 0x80008444 (0x00ec5213) srli    tp, s8, 14
core   0: 3 0x80008444 (0x00ec5213) x 4 0x00001652
core   0: 0x80008448 (0x01955033) srl     zero, a0, s9
core   0: 3 0x80008448 (0x01955033)
core   0: 0x8000844c (0x36158eb7) lui     t4, 0x36158
core   0: 3 0x8000844c (0x36158eb7) x29 0x36158000
core   0: 0x80008450 (0x02f11f33) mulh    t5, sp, a5
core   0: 3 0x80008450 (0x02f11f33) x30 0xfc06565f
core   0: 0x80008454 (0x00095d33) srl     s10, s2, zero
core   0: 3 0x80008454 (0x00095d33) x26 0xffff0003
core   0: 0x80008458 (0x40038d33) sub     s10, t2, zero
core   0: 3 0x80008458 (0x40038d33) x26 0x0000001a
core   0: 0x8000845c (0x00000013) nop
core   0: 3 0x8000845c (0x00000013)
core   0: 0x80008460 (0x64b33093) sltiu   ra, t1, 1611
core   0: 3 0x80008460 (0x64b33093) x 1 0x00000001
core   0: 0x80008464 (0x40225833) sra     a6, tp, sp
core   0: 3 0x80008464 (0x40225833) x16 0x00000165
core   0: 0x80008468 (0x02bf0233) mul     tp, t5, a1
core   0: 3 0x80008468 (0x02bf0233) x 4 0x00000000
core   0: 0x8000846c (0x00fd9bb3) sll     s7, s11, a5
core   0: 3 0x8000846c (0x00fd9bb3) x23 0x00000000
core   0: 0x80008470 (0x01ab7c33) and     s8, s6, s10
core   0: 3 0x80008470 (0x01ab7c33) x24 0x00000000
core   0: 0x80008474 (0x00a99093) slli    ra, s3, 10
core   0: 3 0x80008474 (0x00a99093) x 1 0x00539800
core   0: 0x80008478 (0x038dbfb3) mulhu   t6, s11, s8
core   0: 3 0x80008478 (0x038dbfb3) x31 0x00000000
core   0: 0x8000847c (0x02677a33) remu    s4, a4, t1
core   0: 3 0x8000847c (0x02677a33) x20 0x00000000
core   0: 0x80008480 (0x0018d013) srli    zero, a7, 1
core   0: 3 0x80008480 (0x0018d013)
core   0: 0x80008484 (0x00fa24b3) slt     s1, s4, a5
core   0: 3 0x80008484 (0x00fa24b3) x 9 0x00000001
core   0: 0x80008488 (0x40f15813) srai    a6, sp, 15
core   0: 3 0x80008488 (0x40f15813) x16 0xffff0003
core   0: 0x8000848c (0xec0d4c13) xori    s8, s10, -320
core   0: 3 0x8000848c (0xec0d4c13) x24 0xfffffeda
core   0: 0x80008490 (0x029d6e33) rem     t3, s10, s1
core   0: 3 0x80008490 (0x029d6e33) x28 0x00000000
core   0: 0x80008494 (0x010a5a33) srl     s4, s4, a6
core   0: 3 0x80008494 (0x010a5a33) x20 0x00000000
core   0: 0x80008498 (0x27be3417) auipc   s0, 0x27be3
core   0: 3 0x80008498 (0x27be3417) x 8 0xa7beb498
core   0: 0x8000849c (0x00d2dfb3) srl     t6, t0, a3
core   0: 3 0x8000849c (0x00d2dfb3) x31 0x000000f0
core   0: 0x800084a0 (0x01df44b3) xor     s1, t5, t4
core   0: 3 0x800084a0 (0x01df44b3) x 9 0xca13d65f
core   0: 0x800084a4 (0x0190ac33) slt     s8, ra, s9
core   0: 3 0x800084a4 (0x0190ac33) x24 0x00000000
core   0: 0x800084a8 (0x00d0d313) srli    t1, ra, 13
core   0: 3 0x800084a8 (0x00d0d313) x 6 0x0000029c
core   0: 0x800084ac (0x004e91b3) sll     gp, t4, tp
core   0: 3 0x800084ac (0x004e91b3) x 3 0x36158000
core   0: 0x800084b0 (0x01439893) slli    a7, t2, 20
core   0: 3 0x800084b0 (0x01439893) x17 0x01a00000
core   0: 0x800084b4 (0xa1403cb7) lui     s9, 0xa1403
core   0: 3 0x800084b4 (0xa1403cb7) x25 0xa1403000
core   0: 0x800084b8 (0x021855b3) divu    a1, a6, ra
core   0: 3 0x800084b8 (0x021855b3) x11 0x0000030f
core   0: 0x800084bc (0x025a1533) mulh    a0, s4, t0
core   0: 3 0x800084bc (0x025a1533) x10 0x00000000
core   0: 0x800084c0 (0x01f39693) slli    a3, t2, 31
core   0: 3 0x800084c0 (0x01f39693) x13 0x00000000
core   0: 0x800084c4 (0x41748b33) sub     s6, s1, s7
core   0: 3 0x800084c4 (0x41748b33) x22 0xca13d65f
core   0: 0x800084c8 (0x00f85fb3) srl     t6, a6, a5
core   0: 3 0x800084c8 (0x00f85fb3) x31 0x00ffff00
core   0: 0x800084cc (0x0193fd33) and     s10, t2, s9
core   0: 3 0x800084cc (0x0193fd33) x26 0x00000000
core   0: 0x800084d0 (0x03b73eb3) mulhu   t4, a4, s11
core   0: 3 0x800084d0 (0x03b73eb3) x29 0x00000000
core   0: 0x800084d4 (0x01c03bb3) snez    s7, t3
core   0: 3 0x800084d4 (0x01c03bb3) x23 0x00000000
core   0: 0x800084d8 (0x02ccf833) remu    a6, s9, a2
core   0: 3 0x800084d8 (0x02ccf833) x16 0xa1403000
core   0: 0x800084dc (0x02871e33) mulh    t3, a4, s0
core   0: 3 0x800084dc (0x02871e33) x28 0x00000000
core   0: 0x800084e0 (0x72ac1097) auipc   ra, 0x72ac1
core   0: 3 0x800084e0 (0x72ac1097) x 1 0xf2ac94e0
core   0: 0x800084e4 (0x04906e17) auipc   t3, 0x4906
core   0: 3 0x800084e4 (0x04906e17) x28 0x8490e4e4
core   0: 0x800084e8 (0xc4e0ee13) ori     t3, ra, -946
core   0: 3 0x800084e8 (0xc4e0ee13) x28 0xfffffcee
core   0: 0x800084ec (0x02d4c333) div     t1, s1, a3
core   0: 3 0x800084ec (0x02d4c333) x 6 0xffffffff
core   0: 0x800084f0 (0x417a8733) sub     a4, s5, s7
core   0: 3 0x800084f0 (0x417a8733) x14 0x80014e64
core   0: 0x800084f4 (0x53e5e517) auipc   a0, 0x53e5e
core   0: 3 0x800084f4 (0x53e5e517) x10 0xd3e664f4
core   0: 0x800084f8 (0x00fac233) xor     tp, s5, a5
core   0: 3 0x800084f8 (0x00fac233) x 4 0x87f2258c
core   0: 0x800084fc (0x022968b3) rem     a7, s2, sp
core   0: 3 0x800084fc (0x022968b3) x17 0xffff0003
core   0: 0x80008500 (0x00c82233) slt     tp, a6, a2
core   0: 3 0x80008500 (0x00c82233) x 4 0x00000001
core   0: 0x80008504 (0xed5e7e93) andi    t4, t3, -299
core   0: 3 0x80008504 (0xed5e7e93) x29 0xfffffcc4
core   0: 0x80008508 (0x00c587b3) add     a5, a1, a2
core   0: 3 0x80008508 (0x00c587b3) x15 0xf018fe6f
core   0: 0x8000850c (0x03833eb3) mulhu   t4, t1, s8
core   0: 3 0x8000850c (0x03833eb3) x29 0x00000000
core   0: 0x80008510 (0x002d0333) add     t1, s10, sp
core   0: 3 0x80008510 (0x002d0333) x 6 0x80018ce4
core   0: 0x80008514 (0x84916717) auipc   a4, 0x84916
core   0: 3 0x80008514 (0x84916717) x14 0x0491e514
core   0: 0x80008518 (0xa0a57593) andi    a1, a0, -1526
core   0: 3 0x80008518 (0xa0a57593) x11 0xd3e66000
core   0: 0x8000851c (0x96d9ae13) slti    t3, s3, -1683
core   0: 3 0x8000851c (0x96d9ae13) x28 0x00000000
core   0: 0x80008520 (0x65690c13) addi    s8, s2, 1622
core   0: 3 0x80008520 (0x65690c13) x24 0xffff0659
core   0: 0x80008524 (0x03f0a333) mulhsu  t1, ra, t6
core   0: 3 0x80008524 (0x03f0a333) x 6 0xfff2aca2
core   0: 0x80008528 (0x00231893) slli    a7, t1, 2
core   0: 3 0x80008528 (0x00231893) x17 0xffcab288
core   0: 0x8000852c (0x5556e593) ori     a1, a3, 1365
core   0: 3 0x8000852c (0x5556e593) x11 0x00000555
core   0: 0x80008530 (0x023fa0b3) mulhsu  ra, t6, gp
core   0: 3 0x80008530 (0x023fa0b3) x 1 0x00361549
core   0: 0x80008534 (0xe5eb8b13) addi    s6, s7, -418
core   0: 3 0x80008534 (0xe5eb8b13) x22 0xfffffe5e
core   0: 0x80008538 (0x02b302b3) mul     t0, t1, a1
core   0: 3 0x80008538 (0x02b302b3) x 5 0xb8f27bca
core   0: 0x8000853c (0x013ae533) or      a0, s5, s3
core   0: 3 0x8000853c (0x013ae533) x10 0x88015ee6
core   0: 0x80008540 (0x44e051b7) lui     gp, 0x44e05
core   0: 3 0x80008540 (0x44e051b7) x 3 0x44e05000
core   0: 0x80008544 (0x0000f7b3) and     a5, ra, zero
core   0: 3 0x80008544 (0x0000f7b3) x15 0x00000000
core   0: 0x80008548 (0x40f85913) srai    s2, a6, 15
core   0: 3 0x80008548 (0x40f85913) x18 0xffff4280
core   0: 0x8000854c (0x01d75b93) srli    s7, a4, 29
core   0: 3 0x8000854c (0x01d75b93) x23 0x00000000
core   0: 0x80008550 (0x02e020b3) mulhsu  ra, zero, a4
core   0: 3 0x80008550 (0x02e020b3) x 1 0x00000000
core   0: 0x80008554 (0x00000013) nop
core   0: 3 0x80008554 (0x00000013)
core   0: 0x80008558 (0x01a948b3) xor     a7, s2, s10
core   0: 3 0x80008558 (0x01a948b3) x17 0xffff4280
core   0: 0x8000855c (0x00cb9db3) sll     s11, s7, a2
core   0: 3 0x8000855c (0x00cb9db3) x27 0x00000000
core   0: 0x80008560 (0x23b48a13) addi    s4, s1, 571
core   0: 3 0x80008560 (0x23b48a13) x20 0xca13d89a
core   0: 0x80008564 (0x02dbadb3) mulhsu  s11, s7, a3
core   0: 3 0x80008564 (0x02dbadb3) x27 0x00000000
core   0: 0x80008568 (0xca6fcb17) auipc   s6, 0xca6fc
core   0: 3 0x80008568 (0xca6fcb17) x22 0x4a704568
core   0: 0x8000856c (0x0199dbb3) srl     s7, s3, s9
core   0: 3 0x8000856c (0x0199dbb3) x23 0x080014e6
core   0: 0x80008570 (0x9d902d13) slti    s10, zero, -1575
core   0: 3 0x80008570 (0x9d902d13) x26 0x00000000
core   0: 0x80008574 (0x00362733) slt     a4, a2, gp
core   0: 3 0x80008574 (0x00362733) x14 0x00000001
core   0: 0x80008578 (0x0334dbb3) divu    s7, s1, s3
core   0: 3 0x80008578 (0x0334dbb3) x23 0x00000019
core   0: 0x8000857c (0x62f12f13) slti    t5, sp, 1583
core   0: 3 0x8000857c (0x62f12f13) x30 0x00000001
core   0: 0x80008580 (0x02a7b833) mulhu   a6, a5, a0
core   0: 3 0x80008580 (0x02a7b833) x16 0x00000000
core   0: 0x80008584 (0x47a4b493) sltiu   s1, s1, 1146
core   0: 3 0x80008584 (0x47a4b493) x 9 0x00000000
core   0: 0x80008588 (0x0311f2b3) remu    t0, gp, a7
core   0: 3 0x80008588 (0x0311f2b3) x 5 0x44e05000
core   0: 0x8000858c (0x418d0bb3) sub     s7, s10, s8
core   0: 3 0x8000858c (0x418d0bb3) x23 0x0000f9a7
core   0: 0x80008590 (0x035942b3) div     t0, s2, s5
core   0: 3 0x80008590 (0x035942b3) x 5 0x00000000
core   0: 0x80008594 (0x009f95b3) sll     a1, t6, s1
core   0: 3 0x80008594 (0x009f95b3) x11 0x00ffff00
core   0: 0x80008598 (0x59074e13) xori    t3, a4, 1424
core   0: 3 0x80008598 (0x59074e13) x28 0x00000591
core   0: 0x8000859c (0x406b5c93) srai    s9, s6, 6
core   0: 3 0x8000859c (0x406b5c93) x25 0x0129c115
core   0: 0x800085a0 (0x02d13333) mulhu   t1, sp, a3
core   0: 3 0x800085a0 (0x02d13333) x 6 0x00000000
core   0: 0x800085a4 (0x01a0f533) and     a0, ra, s10
core   0: 3 0x800085a4 (0x01a0f533) x10 0x00000000
core   0: 0x800085a8 (0x023a9f33) mulh    t5, s5, gp
core   0: 3 0x800085a8 (0x023a9f33) x30 0xdd9031f7
core   0: 0x800085ac (0x006675b3) and     a1, a2, t1
core   0: 3 0x800085ac (0x006675b3) x11 0x00000000
core   0: 0x800085b0 (0x018903b3) add     t2, s2, s8
core   0: 3 0x800085b0 (0x018903b3) x 7 0xfffe48d9
core   0: 0x800085b4 (0x001a4eb3) xor     t4, s4, ra
core   0: 3 0x800085b4 (0x001a4eb3) x29 0xca13d89a
core   0: 0x800085b8 (0x409600b3) sub     ra, a2, s1
core   0: 3 0x800085b8 (0x409600b3) x 1 0xf018fb60
core   0: 0x800085bc (0x1fcd2213) slti    tp, s10, 508
core   0: 3 0x800085bc (0x1fcd2213) x 4 0x00000001
core   0: 0x800085c0 (0x02d560b3) rem     ra, a0, a3
core   0: 3 0x800085c0 (0x02d560b3) x 1 0x00000000
core   0: 0x800085c4 (0x21cc7893) andi    a7, s8, 540
core   0: 3 0x800085c4 (0x21cc7893) x17 0x00000218
core   0: 0x800085c8 (0x01f3aa33) slt     s4, t2, t6
core   0: 3 0x800085c8 (0x01f3aa33) x20 0x00000001
core   0: 0x800085cc (0xc63b0293) addi    t0, s6, -925
core   0: 3 0x800085cc (0xc63b0293) x 5 0x4a7041cb
core   0: 0x800085d0 (0x02411433) mulh    s0, sp, tp
core   0: 3 0x800085d0 (0x02411433) x 8 0xffffffff
core   0: 0x800085d4 (0x00b709b3) add     s3, a4, a1
core   0: 3 0x800085d4 (0x00b709b3) x19 0x00000001
core   0: 0x800085d8 (0xbd0eba13) sltiu   s4, t4, -1072
core   0: 3 0x800085d8 (0xbd0eba13) x20 0x00000001
core   0: 0x800085dc (0x014ed093) srli    ra, t4, 20
core   0: 3 0x800085dc (0x014ed093) x 1 0x00000ca1
core   0: 0x800085e0 (0x01ddcf33) xor     t5, s11, t4
core   0: 3 0x800085e0 (0x01ddcf33) x30 0xca13d89a
core   0: 0x800085e4 (0x00000013) nop
core   0: 3 0x800085e4 (0x00000013)
core   0: 0x800085e8 (0x40ec5b13) srai    s6, s8, 14
core   0: 3 0x800085e8 (0x40ec5b13) x22 0xfffffffc
core   0: 0x800085ec (0x03113733) mulhu   a4, sp, a7
core   0: 3 0x800085ec (0x03113733) x14 0x0000010c
core   0: 0x800085f0 (0x02e2ea33) rem     s4, t0, a4
core   0: 3 0x800085f0 (0x02e2ea33) x20 0x000000ef
core   0: 0x800085f4 (0xa1c43bb7) lui     s7, 0xa1c43
core   0: 3 0x800085f4 (0xa1c43bb7) x23 0xa1c43000
core   0: 0x800085f8 (0x08cc69b7) lui     s3, 0x8cc6
core   0: 3 0x800085f8 (0x08cc69b7) x19 0x08cc6000
core   0: 0x800085fc (0x00061db3) sll     s11, a2, zero
core   0: 3 0x800085fc (0x00061db3) x27 0xf018fb60
core   0: 0x80008600 (0x004c9e33) sll     t3, s9, tp
core   0: 3 0x80008600 (0x004c9e33) x28 0x0253822a
core   0: 0x80008604 (0x00dc7d33) and     s10, s8, a3
core   0: 3 0x80008604 (0x00dc7d33) x26 0x00000000
core   0: 0x80008608 (0x402184b3) sub     s1, gp, sp
core   0: 3 0x80008608 (0x402184b3) x 9 0xc4dec31c
core   0: 0x8000860c (0x02adb1b3) mulhu   gp, s11, a0
core   0: 3 0x8000860c (0x02adb1b3) x 3 0x00000000
core   0: 0x80008610 (0x01849233) sll     tp, s1, s8
core   0: 3 0x80008610 (0x01849233) x 4 0x38000000
core   0: 0x80008614 (0x41d1d433) sra     s0, gp, t4
core   0: 3 0x80008614 (0x41d1d433) x 8 0x00000000
core   0: 0x80008618 (0x00255693) srli    a3, a0, 2
core   0: 3 0x80008618 (0x00255693) x13 0x00000000
core   0: 0x8000861c (0x035d41b3) div     gp, s10, s5
core   0: 3 0x8000861c (0x035d41b3) x 3 0x00000000
core   0: 0x80008620 (0x0380d233) divu    tp, ra, s8
core   0: 3 0x80008620 (0x0380d233) x 4 0x00000000
core   0: 0x80008624 (0x02de02b3) mul     t0, t3, a3
core   0: 3 0x80008624 (0x02de02b3) x 5 0x00000000
core   0: 0x80008628 (0x034c0b33) mul     s6, s8, s4
core   0: 3 0x80008628 (0x034c0b33) x22 0xff16ed17
core   0: 0x8000862c (0x00000013) nop
core   0: 3 0x8000862c (0x00000013)
core   0: 0x80008630 (0x039e8db3) mul     s11, t4, s9
core   0: 3 0x80008630 (0x039e8db3) x27 0xd496dea2
core   0: 0x80008634 (0xc6157313) andi    t1, a0, -927
core   0: 3 0x80008634 (0xc6157313) x 6 0x00000000
core   0: 0x80008638 (0x7a323b13) sltiu   s6, tp, 1955
core   0: 3 0x80008638 (0x7a323b13) x22 0x00000001
core   0: 0x8000863c (0x01a29533) sll     a0, t0, s10
core   0: 3 0x8000863c (0x01a29533) x10 0x00000000
core   0: 0x80008640 (0x030bca33) div     s4, s7, a6
core   0: 3 0x80008640 (0x030bca33) x20 0xffffffff
core   0: 0x80008644 (0xdaff8013) addi    zero, t6, -593
core   0: 3 0x80008644 (0xdaff8013)
core   0: 0x80008648 (0x034d85b3) mul     a1, s11, s4
core   0: 3 0x80008648 (0x034d85b3) x11 0x2b69215e
core   0: 0x8000864c (0x00d17bb3) and     s7, sp, a3
core   0: 3 0x8000864c (0x00d17bb3) x23 0x00000000
core   0: 0x80008650 (0xcccfb993) sltiu   s3, t6, -820
core   0: 3 0x80008650 (0xcccfb993) x19 0x00000001
core   0: 0x80008654 (0x01479fb3) sll     t6, a5, s4
core   0: 3 0x80008654 (0x01479fb3) x31 0x00000000
core   0: 0x80008658 (0xfc748713) addi    a4, s1, -57
core   0: 3 0x80008658 (0xfc748713) x14 0xc4dec2e3
core   0: 0x8000865c (0x4033ed17) auipc   s10, 0x4033e
core   0: 3 0x8000865c (0x4033ed17) x26 0xc034665c
core   0: 0x80008660 (0x012e5b93) srli    s7, t3, 18
core   0: 3 0x80008660 (0x012e5b93) x23 0x00000094
core   0: 0x80008664 (0x00209913) slli    s2, ra, 2
core   0: 3 0x80008664 (0x00209913) x18 0x00003284
core   0: 0x80008668 (0x01689eb3) sll     t4, a7, s6
core   0: 3 0x80008668 (0x01689eb3) x29 0x00000430
core   0: 0x8000866c (0x016856b3) srl     a3, a6, s6
core   0: 3 0x8000866c (0x016856b3) x13 0x00000000
core   0: 0x80008670 (0x10be2193) slti    gp, t3, 267
core   0: 3 0x80008670 (0x10be2193) x 3 0x00000000
core   0: 0x80008674 (0x2e1b4513) xori    a0, s6, 737
core   0: 3 0x80008674 (0x2e1b4513) x10 0x000002e0
core   0: 0x80008678 (0x0bbce293) ori     t0, s9, 187
core   0: 3 0x80008678 (0x0bbce293) x 5 0x0129c1bf
core   0: 0x8000867c (0x00c8e2b3) or      t0, a7, a2
core   0: 3 0x8000867c (0x00c8e2b3) x 5 0xf018fb78
core   0: 0x80008680 (0x02a8e4b3) rem     s1, a7, a0
core   0: 3 0x80008680 (0x02a8e4b3) x 9 0x00000218
core   0: 0x80008684 (0x03133d33) mulhu   s10, t1, a7
core   0: 3 0x80008684 (0x03133d33) x26 0x00000000
core   0: 0x80008688 (0x012caa33) slt     s4, s9, s2
core   0: 3 0x80008688 (0x012caa33) x20 0x00000000
core   0: 0x8000868c (0x02e26c33) rem     s8, tp, a4
core   0: 3 0x8000868c (0x02e26c33) x24 0x00000000
core   0: 0x80008690 (0x007f5cb3) srl     s9, t5, t2
core   0: 3 0x80008690 (0x007f5cb3) x25 0x00000065
core   0: 0x80008694 (0x03876db3) rem     s11, a4, s8
core   0: 3 0x80008694 (0x03876db3) x27 0xc4dec2e3
core   0: 0x80008698 (0x0069c0b3) xor     ra, s3, t1
core   0: 3 0x80008698 (0x0069c0b3) x 1 0x00000001
core   0: 0x8000869c (0x03e87593) andi    a1, a6, 62
core   0: 3 0x8000869c (0x03e87593) x11 0x00000000
core   0: 0x800086a0 (0x015c87b3) add     a5, s9, s5
core   0: 3 0x800086a0 (0x015c87b3) x15 0x80014ec9
core   0: 0x800086a4 (0x25b9ce93) xori    t4, s3, 603
core   0: 3 0x800086a4 (0x25b9ce93) x29 0x0000025a
core   0: 0x800086a8 (0x0023d933) srl     s2, t2, sp
core   0: 3 0x800086a8 (0x0023d933) x18 0x0fffe48d
core   0: 0x800086ac (0x022863b3) rem     t2, a6, sp
core   0: 3 0x800086ac (0x022863b3) x 7 0x00000000
core   0: 0x800086b0 (0x03f6a8b3) mulhsu  a7, a3, t6
core   0: 3 0x800086b0 (0x03f6a8b3) x17 0x00000000
core   0: 0x800086b4 (0x333b7313) andi    t1, s6, 819
core   0: 3 0x800086b4 (0x333b7313) x 6 0x00000001
core   0: 0x800086b8 (0x84dbc013) xori    zero, s7, -1971
core   0: 3 0x800086b8 (0x84dbc013)
core   0: 0x800086bc (0xbd7193b7) lui     t2, 0xbd719
core   0: 3 0x800086bc (0xbd7193b7) x 7 0xbd719000
core   0: 0x800086c0 (0x02f0fa33) remu    s4, ra, a5
core   0: 3 0x800086c0 (0x02f0fa33) x20 0x00000001
core   0: 0x800086c4 (0x0121eb33) or      s6, gp, s2
core   0: 3 0x800086c4 (0x0121eb33) x22 0x0fffe48d
core   0: 0x800086c8 (0x00000013) nop
core   0: 3 0x800086c8 (0x00000013)
core   0: 0x800086cc (0x8fe06013) ori     zero, zero, -1794
core   0: 3 0x800086cc (0x8fe06013)
core   0: 0x800086d0 (0xd66cad13) slti    s10, s9, -666
core   0: 3 0x800086d0 (0xd66cad13) x26 0x00000000
core   0: 0x800086d4 (0x02b2b413) sltiu   s0, t0, 43
core   0: 3 0x800086d4 (0x02b2b413) x 8 0x00000000
core   0: 0x800086d8 (0x3db14e13) xori    t3, sp, 987
core   0: 3 0x800086d8 (0x3db14e13) x28 0x80018f3f
core   0: 0x800086dc (0x000a1e33) sll     t3, s4, zero
core   0: 3 0x800086dc (0x000a1e33) x28 0x00000001
core   0: 0x800086e0 (0x812f3897) auipc   a7, 0x812f3
core   0: 3 0x800086e0 (0x812f3897) x17 0x012fb6e0
core   0: 0x800086e4 (0x009132b3) sltu    t0, sp, s1
core   0: 3 0x800086e4 (0x009132b3) x 5 0x00000000
core   0: 0x800086e8 (0x036b5033) divu    zero, s6, s6
core   0: 3 0x800086e8 (0x036b5033)
core   0: 0x800086ec (0x411f5c33) sra     s8, t5, a7
core   0: 3 0x800086ec (0x411f5c33) x24 0xca13d89a
core   0: 0x800086f0 (0x0222d8b3) divu    a7, t0, sp
core   0: 3 0x800086f0 (0x0222d8b3) x17 0x00000000
core   0: 0x800086f4 (0x40dad533) sra     a0, s5, a3
core   0: 3 0x800086f4 (0x40dad533) x10 0x80014e64
core   0: 0x800086f8 (0xc2dda537) lui     a0, 0xc2dda
core   0: 3 0x800086f8 (0xc2dda537) x10 0xc2dda000
core   0: 0x800086fc (0x017680b3) add     ra, a3, s7
core   0: 3 0x800086fc (0x017680b3) x 1 0x00000094
core   0: 0x80008700 (0x00000013) nop
core   0: 3 0x80008700 (0x00000013)
core   0: 0x80008704 (0xb6c60e93) addi    t4, a2, -1172
core   0: 3 0x80008704 (0xb6c60e93) x29 0xf018f6cc
core   0: 0x80008708 (0x00233833) sltu    a6, t1, sp
core   0: 3 0x80008708 (0x00233833) x16 0x00000001
core   0: 0x8000870c (0x4020db93) srai    s7, ra, 2
core   0: 3 0x8000870c (0x4020db93) x23 0x00000025
core   0: 0x80008710 (0x00000013) nop
core   0: 3 0x80008710 (0x00000013)
core   0: 0x80008714 (0x02680333) mul     t1, a6, t1
core   0: 3 0x80008714 (0x02680333) x 6 0x00000001
core   0: 0x80008718 (0x02a29eb3) mulh    t4, t0, a0
core   0: 3 0x80008718 (0x02a29eb3) x29 0x00000000
core   0: 0x8000871c (0x0067adb3) slt     s11, a5, t1
core   0: 3 0x8000871c (0x0067adb3) x27 0x00000001
core   0: 0x80008720 (0x018bb433) sltu    s0, s7, s8
core   0: 3 0x80008720 (0x018bb433) x 8 0x00000001
core   0: 0x80008724 (0x75c34cb7) lui     s9, 0x75c34
core   0: 3 0x80008724 (0x75c34cb7) x25 0x75c34000
core   0: 0x80008728 (0x011cb333) sltu    t1, s9, a7
core   0: 3 0x80008728 (0x011cb333) x 6 0x00000000
core   0: 0x8000872c (0x124a3893) sltiu   a7, s4, 292
core   0: 3 0x8000872c (0x124a3893) x17 0x00000001
core   0: 0x80008730 (0x007860b3) or      ra, a6, t2
core   0: 3 0x80008730 (0x007860b3) x 1 0xbd719001
core   0: 0x80008734 (0x002703b3) add     t2, a4, sp
core   0: 3 0x80008734 (0x002703b3) x 7 0x44e04fc7
core   0: 0x80008738 (0x41ec8e33) sub     t3, s9, t5
core   0: 3 0x80008738 (0x41ec8e33) x28 0xabaf6766
core   0: 0x8000873c (0x0043d413) srli    s0, t2, 4
core   0: 3 0x8000873c (0x0043d413) x 8 0x044e04fc
core   0: 0x80008740 (0x7fc42fb7) lui     t6, 0x7fc42
core   0: 3 0x80008740 (0x7fc42fb7) x31 0x7fc42000
core   0: 0x80008744 (0x28d20213) addi    tp, tp, 653
core   0: 3 0x80008744 (0x28d20213) x 4 0x0000028d
core   0: 0x80008748 (0x00f717b3) sll     a5, a4, a5
core   0: 3 0x80008748 (0x00f717b3) x15 0xbd85c600
core   0: 0x8000874c (0x01f705b3) add     a1, a4, t6
core   0: 3 0x8000874c (0x01f705b3) x11 0x44a2e2e3
core   0: 0x80008750 (0x00b29393) slli    t2, t0, 11
core   0: 3 0x80008750 (0x00b29393) x 7 0x00000000
core   0: 0x80008754 (0x4124de93) srai    t4, s1, 18
core   0: 3 0x80008754 (0x4124de93) x29 0x00000000
core   0: 0x80008758 (0x59c8c917) auipc   s2, 0x59c8c
core   0: 3 0x80008758 (0x59c8c917) x18 0xd9c94758
core   0: 0x8000875c (0x01a75b13) srli    s6, a4, 26
core   0: 3 0x8000875c (0x01a75b13) x22 0x00000031
core   0: 0x80008760 (0x004ed293) srli    t0, t4, 4
core   0: 3 0x80008760 (0x004ed293) x 5 0x00000000
core   0: 0x80008764 (0x01455b93) srli    s7, a0, 20
core   0: 3 0x80008764 (0x01455b93) x23 0x00000c2d
core   0: 0x80008768 (0x01cdf8b3) and     a7, s11, t3
core   0: 3 0x80008768 (0x01cdf8b3) x17 0x00000000
core   0: 0x8000876c (0xa23d08b7) lui     a7, 0xa23d0
core   0: 3 0x8000876c (0xa23d08b7) x17 0xa23d0000
core   0: 0x80008770 (0x3c8ee713) ori     a4, t4, 968
core   0: 3 0x80008770 (0x3c8ee713) x14 0x000003c8
core   0: 0x80008774 (0x011b0933) add     s2, s6, a7
core   0: 3 0x80008774 (0x011b0933) x18 0xa23d0031
core   0: 0x80008778 (0x028c3cb3) mulhu   s9, s8, s0
core   0: 3 0x80008778 (0x028c3cb3) x25 0x0365e55d
core   0: 0x8000877c (0xa3e2fe13) andi    t3, t0, -1474
core   0: 3 0x8000877c (0xa3e2fe13) x28 0x00000000
core   0: 0x80008780 (0x01245433) srl     s0, s0, s2
core   0: 3 0x80008780 (0x01245433) x 8 0x00000227
core   0: 0x80008784 (0x00dae0b3) or      ra, s5, a3
core   0: 3 0x80008784 (0x00dae0b3) x 1 0x80014e64
core   0: 0x80008788 (0xdbc2c693) xori    a3, t0, -580
core   0: 3 0x80008788 (0xdbc2c693) x13 0xfffffdbc
core   0: 0x8000878c (0x001d9d13) slli    s10, s11, 1
core   0: 3 0x8000878c (0x001d9d13) x26 0x00000002
core   0: 0x80008790 (0x01e5e3b3) or      t2, a1, t5
core   0: 3 0x80008790 (0x01e5e3b3) x 7 0xceb3fafb
core   0: 0x80008794 (0x015ed2b3) srl     t0, t4, s5
core   0: 3 0x80008794 (0x015ed2b3) x 5 0x00000000
core   0: 0x80008798 (0x00e1d2b3) srl     t0, gp, a4
core   0: 3 0x80008798 (0x00e1d2b3) x 5 0x00000000
core   0: 0x8000879c (0x0239feb3) remu    t4, s3, gp
core   0: 3 0x8000879c (0x0239feb3) x29 0x00000001
core   0: 0x800087a0 (0x00203bb3) snez    s7, sp
core   0: 3 0x800087a0 (0x00203bb3) x23 0x00000001
core   0: 0x800087a4 (0x03c016b3) mulh    a3, zero, t3
core   0: 3 0x800087a4 (0x03c016b3) x13 0x00000000
core   0: 0x800087a8 (0x0258e0b3) rem     ra, a7, t0
core   0: 3 0x800087a8 (0x0258e0b3) x 1 0xa23d0000
core   0: 0x800087ac (0x01d95193) srli    gp, s2, 29
core   0: 3 0x800087ac (0x01d95193) x 3 0x00000005
core   0: 0x800087b0 (0xa468ab93) slti    s7, a7, -1466
core   0: 3 0x800087b0 (0xa468ab93) x23 0x00000001
core   0: 0x800087b4 (0x41d08433) sub     s0, ra, t4
core   0: 3 0x800087b4 (0x41d08433) x 8 0xa23cffff
core   0: 0x800087b8 (0x00d18a33) add     s4, gp, a3
core   0: 3 0x800087b8 (0x00d18a33) x20 0x00000005
core   0: 0x800087bc (0x01775913) srli    s2, a4, 23
core   0: 3 0x800087bc (0x01775913) x18 0x00000000
core   0: 0x800087c0 (0xf3739297) auipc   t0, 0xf3739
core   0: 3 0x800087c0 (0xf3739297) x 5 0x737417c0
core   0: 0x800087c4 (0x026dfc33) remu    s8, s11, t1
core   0: 3 0x800087c4 (0x026dfc33) x24 0x00000001
core   0: 0x800087c8 (0x009fee33) or      t3, t6, s1
core   0: 3 0x800087c8 (0x009fee33) x28 0x7fc42218
core   0: 0x800087cc (0x00000013) nop
core   0: 3 0x800087cc (0x00000013)
core   0: 0x800087d0 (0x02d5d7b3) divu    a5, a1, a3
core   0: 3 0x800087d0 (0x02d5d7b3) x15 0xffffffff
core   0: 0x800087d4 (0xc11ef913) andi    s2, t4, -1007
core   0: 3 0x800087d4 (0xc11ef913) x18 0x00000001
core   0: 0x800087d8 (0x7c053f93) sltiu   t6, a0, 1984
core   0: 3 0x800087d8 (0x7c053f93) x31 0x00000000
core   0: 0x800087dc (0x02ec7433) remu    s0, s8, a4
core   0: 3 0x800087dc (0x02ec7433) x 8 0x00000001
core   0: 0x800087e0 (0x1add0213) addi    tp, s10, 429
core   0: 3 0x800087e0 (0x1add0213) x 4 0x000001af
core   0: 0x800087e4 (0x00000013) nop
core   0: 3 0x800087e4 (0x00000013)
core   0: 0x800087e8 (0x41bdd9b3) sra     s3, s11, s11
core   0: 3 0x800087e8 (0x41bdd9b3) x19 0x00000000
core   0: 0x800087ec (0x03f1ee33) rem     t3, gp, t6
core   0: 3 0x800087ec (0x03f1ee33) x28 0x00000005
core   0: 0x800087f0 (0x41cfed97) auipc   s11, 0x41cfe
core   0: 3 0x800087f0 (0x41cfed97) x27 0xc1d067f0
core   0: 0x800087f4 (0x035aefb3) rem     t6, s5, s5
core   0: 3 0x800087f4 (0x035aefb3) x31 0x00000000
core   0: 0x800087f8 (0x00b60b33) add     s6, a2, a1
core   0: 3 0x800087f8 (0x00b60b33) x22 0x34bbde43
core   0: 0x800087fc (0x00000013) nop
core   0: 3 0x800087fc (0x00000013)
core   0: 0x80008800 (0x8ab46a17) auipc   s4, 0x8ab46
core   0: 3 0x80008800 (0x8ab46a17) x20 0x0ab4e800
core   0: 0x80008804 (0x01665493) srli    s1, a2, 22
core   0: 3 0x80008804 (0x01665493) x 9 0x000003c0
core   0: 0x80008808 (0x037a2333) mulhsu  t1, s4, s7
core   0: 3 0x80008808 (0x037a2333) x 6 0x00000000
core   0: 0x8000880c (0x00ee5f13) srli    t5, t3, 14
core   0: 3 0x8000880c (0x00ee5f13) x30 0x00000000
core   0: 0x80008810 (0x30654713) xori    a4, a0, 774
core   0: 3 0x80008810 (0x30654713) x14 0xc2dda306
core   0: 0x80008814 (0x00b777b3) and     a5, a4, a1
core   0: 3 0x80008814 (0x00b777b3) x15 0x4080a202
core   0: 0x80008818 (0xe1dc3293) sltiu   t0, s8, -483
core   0: 3 0x80008818 (0xe1dc3293) x 5 0x00000001
core   0: 0x8000881c (0x406fdeb3) sra     t4, t6, t1
core   0: 3 0x8000881c (0x406fdeb3) x29 0x00000000
core   0: 0x80008820 (0x00000013) nop
core   0: 3 0x80008820 (0x00000013)
core   0: 0x80008824 (0x005ba833) slt     a6, s7, t0
core   0: 3 0x80008824 (0x005ba833) x16 0x00000000
core   0: 0x80008828 (0xf20ae413) ori     s0, s5, -224
core   0: 3 0x80008828 (0xf20ae413) x 8 0xffffff64
core   0: 0x8000882c (0x00d7cdb3) xor     s11, a5, a3
core   0: 3 0x8000882c (0x00d7cdb3) x27 0x4080a202
core   0: 0x80008830 (0x0323b233) mulhu   tp, t2, s2
core   0: 3 0x80008830 (0x0323b233) x 4 0x00000000
core   0: 0x80008834 (0x403189b3) sub     s3, gp, gp
core   0: 3 0x80008834 (0x403189b3) x19 0x00000000
core   0: 0x80008838 (0x029669b3) rem     s3, a2, s1
core   0: 3 0x80008838 (0x029669b3) x19 0xfffffce0
core   0: 0x8000883c (0x17d84337) lui     t1, 0x17d84
core   0: 3 0x8000883c (0x17d84337) x 6 0x17d84000
core   0: 0x80008840 (0x00f51f13) slli    t5, a0, 15
core   0: 3 0x80008840 (0x00f51f13) x30 0xd0000000
core   0: 0x80008844 (0x023011b3) mulh    gp, zero, gp
core   0: 3 0x80008844 (0x023011b3) x 3 0x00000000
core   0: 0x80008848 (0x938e9597) auipc   a1, 0x938e9
core   0: 3 0x80008848 (0x938e9597) x11 0x138f1848
core   0: 0x8000884c (0x0384f233) remu    tp, s1, s8
core   0: 3 0x8000884c (0x0384f233) x 4 0x00000000
core   0: 0x80008850 (0x03119733) mulh    a4, gp, a7
core   0: 3 0x80008850 (0x03119733) x14 0x00000000
core   0: 0x80008854 (0x01c3d693) srli    a3, t2, 28
core   0: 3 0x80008854 (0x01c3d693) x13 0x0000000c
core   0: 0x80008858 (0x00eadfb3) srl     t6, s5, a4
core   0: 3 0x80008858 (0x00eadfb3) x31 0x80014e64
core   0: 0x8000885c (0x9f497393) andi    t2, s2, -1548
core   0: 3 0x8000885c (0x9f497393) x 7 0x00000000
core   0: 0x80008860 (0xebcc2513) slti    a0, s8, -324
core   0: 3 0x80008860 (0xebcc2513) x10 0x00000000
core   0: 0x80008864 (0x01a93e33) sltu    t3, s2, s10
core   0: 3 0x80008864 (0x01a93e33) x28 0x00000001
core   0: 0x80008868 (0x0130beb3) sltu    t4, ra, s3
core   0: 3 0x80008868 (0x0130beb3) x29 0x00000001
core   0: 0x8000886c (0x41b45413) srai    s0, s0, 27
core   0: 3 0x8000886c (0x41b45413) x 8 0xffffffff
core   0: 0x80008870 (0x01546d33) or      s10, s0, s5
core   0: 3 0x80008870 (0x01546d33) x26 0xffffffff
core   0: 0x80008874 (0x007181b3) add     gp, gp, t2
core   0: 3 0x80008874 (0x007181b3) x 3 0x00000000
core   0: 0x80008878 (0xd2916193) ori     gp, sp, -727
core   0: 3 0x80008878 (0xd2916193) x 3 0xfffffded
core   0: 0x8000887c (0x0171ddb3) srl     s11, gp, s7
core   0: 3 0x8000887c (0x0171ddb3) x27 0x7ffffef6
core   0: 0x80008880 (0x03e56fb3) rem     t6, a0, t5
core   0: 3 0x80008880 (0x03e56fb3) x31 0x00000000
core   0: 0x80008884 (0x0156ae33) slt     t3, a3, s5
core   0: 3 0x80008884 (0x0156ae33) x28 0x00000000
core   0: 0x80008888 (0x41315813) srai    a6, sp, 19
core   0: 3 0x80008888 (0x41315813) x16 0xfffff000
core   0: 0x8000888c (0x419200b3) sub     ra, tp, s9
core   0: 3 0x8000888c (0x419200b3) x 1 0xfc9a1aa3
core   0: 0x80008890 (0x0fd27693) andi    a3, tp, 253
core   0: 3 0x80008890 (0x0fd27693) x13 0x00000000
core   0: 0x80008894 (0x01a7d693) srli    a3, a5, 26
core   0: 3 0x80008894 (0x01a7d693) x13 0x00000010
core   0: 0x80008898 (0x01b55433) srl     s0, a0, s11
core   0: 3 0x80008898 (0x01b55433) x 8 0x00000000
core   0: 0x8000889c (0x1dac2fb7) lui     t6, 0x1dac2
core   0: 3 0x8000889c (0x1dac2fb7) x31 0x1dac2000
core   0: 0x800088a0 (0x014bf833) and     a6, s7, s4
core   0: 3 0x800088a0 (0x014bf833) x16 0x00000000
core   0: 0x800088a4 (0x22f0c013) xori    zero, ra, 559
core   0: 3 0x800088a4 (0x22f0c013)
core   0: 0x800088a8 (0x85a7aa13) slti    s4, a5, -1958
core   0: 3 0x800088a8 (0x85a7aa13) x20 0x00000000
core   0: 0x800088ac (0x40558033) sub     zero, a1, t0
core   0: 3 0x800088ac (0x40558033)
core   0: 0x800088b0 (0x00822fb3) slt     t6, tp, s0
core   0: 3 0x800088b0 (0x00822fb3) x31 0x00000000
core   0: 0x800088b4 (0xccf66013) ori     zero, a2, -817
core   0: 3 0x800088b4 (0xccf66013)
core   0: 0x800088b8 (0x02637333) remu    t1, t1, t1
core   0: 3 0x800088b8 (0x02637333) x 6 0x00000000
core   0: 0x800088bc (0x8b18af93) slti    t6, a7, -1871
core   0: 3 0x800088bc (0x8b18af93) x31 0x00000001
core   0: 0x800088c0 (0x01fdb733) sltu    a4, s11, t6
core   0: 3 0x800088c0 (0x01fdb733) x14 0x00000000
core   0: 0x800088c4 (0x00609a33) sll     s4, ra, t1
core   0: 3 0x800088c4 (0x00609a33) x20 0xfc9a1aa3
core   0: 0x800088c8 (0x44c1f693) andi    a3, gp, 1100
core   0: 3 0x800088c8 (0x44c1f693) x13 0x0000044c
core   0: 0x800088cc (0x01390033) add     zero, s2, s3
core   0: 3 0x800088cc (0x01390033)
core   0: 0x800088d0 (0x0059d093) srli    ra, s3, 5
core   0: 3 0x800088d0 (0x0059d093) x 1 0x07ffffe7
core   0: 0x800088d4 (0x7f31ab13) slti    s6, gp, 2035
core   0: 3 0x800088d4 (0x7f31ab13) x22 0x00000001
core   0: 0x800088d8 (0x02f41933) mulh    s2, s0, a5
core   0: 3 0x800088d8 (0x02f41933) x18 0x00000000
core   0: 0x800088dc (0x031858b3) divu    a7, a6, a7
core   0: 3 0x800088dc (0x031858b3) x17 0x00000000
core   0: 0x800088e0 (0x99c74193) xori    gp, a4, -1636
core   0: 3 0x800088e0 (0x99c74193) x 3 0xfffff99c
core   0: 0x800088e4 (0xc0b7f313) andi    t1, a5, -1013
core   0: 3 0x800088e4 (0xc0b7f313) x 6 0x4080a002
core   0: 0x800088e8 (0x00dbadb3) slt     s11, s7, a3
core   0: 3 0x800088e8 (0x00dbadb3) x27 0x00000001
core   0: 0x800088ec (0x02788933) mul     s2, a7, t2
core   0: 3 0x800088ec (0x02788933) x18 0x00000000
core   0: 0x800088f0 (0x75bff193) andi    gp, t6, 1883
core   0: 3 0x800088f0 (0x75bff193) x 3 0x00000001
core   0: 0x800088f4 (0x03bcd6b3) divu    a3, s9, s11
core   0: 3 0x800088f4 (0x03bcd6b3) x13 0x0365e55d
core   0: 0x800088f8 (0x410a0cb3) sub     s9, s4, a6
core   0: 3 0x800088f8 (0x410a0cb3) x25 0xfc9a1aa3
core   0: 0x800088fc (0xe1a64713) xori    a4, a2, -486
core   0: 3 0x800088fc (0xe1a64713) x14 0x0fe7057a
core   0: 0x80008900 (0x41848333) sub     t1, s1, s8
core   0: 3 0x80008900 (0x41848333) x 6 0x000003bf
core   0: 0x80008904 (0x008b76b3) and     a3, s6, s0
core   0: 3 0x80008904 (0x008b76b3) x13 0x00000000
core   0: 0x80008908 (0x03749a33) mulh    s4, s1, s7
core   0: 3 0x80008908 (0x03749a33) x20 0x00000000
core   0: 0x8000890c (0x4f3c3e17) auipc   t3, 0x4f3c3
core   0: 3 0x8000890c (0x4f3c3e17) x28 0xcf3cb90c
core   0: 0x80008910 (0x00000013) nop
core   0: 3 0x80008910 (0x00000013)
core   0: 0x80008914 (0x00669913) slli    s2, a3, 6
core   0: 3 0x80008914 (0x00669913) x18 0x00000000
core   0: 0x80008918 (0x5394b413) sltiu   s0, s1, 1337
core   0: 3 0x80008918 (0x5394b413) x 8 0x00000001
core   0: 0x8000891c (0x031b78b3) remu    a7, s6, a7
core   0: 3 0x8000891c (0x031b78b3) x17 0x00000001
core   0: 0x80008920 (0x033545b3) div     a1, a0, s3
core   0: 3 0x80008920 (0x033545b3) x11 0x00000000
core   0: 0x80008924 (0x0155beb3) sltu    t4, a1, s5
core   0: 3 0x80008924 (0x0155beb3) x29 0x00000001
core   0: 0x80008928 (0x0135f033) and     zero, a1, s3
core   0: 3 0x80008928 (0x0135f033)
core   0: 0x8000892c (0x002d4033) xor     zero, s10, sp
core   0: 3 0x8000892c (0x002d4033)
core   0: 0x80008930 (0xac827813) andi    a6, tp, -1336
core   0: 3 0x80008930 (0xac827813) x16 0x00000000
core   0: 0x80008934 (0x417c5eb3) sra     t4, s8, s7
core   0: 3 0x80008934 (0x417c5eb3) x29 0x00000000
core   0: 0x80008938 (0xd631a793) slti    a5, gp, -669
core   0: 3 0x80008938 (0xd631a793) x15 0x00000000
core   0: 0x8000893c (0x51f2ac93) slti    s9, t0, 1311
core   0: 3 0x8000893c (0x51f2ac93) x25 0x00000001
core   0: 0x80008940 (0x034b5833) divu    a6, s6, s4
core   0: 3 0x80008940 (0x034b5833) x16 0xffffffff
core   0: 0x80008944 (0x00398333) add     t1, s3, gp
core   0: 3 0x80008944 (0x00398333) x 6 0xfffffce1
core   0: 0x80008948 (0xa54eaa13) slti    s4, t4, -1452
core   0: 3 0x80008948 (0xa54eaa13) x20 0x00000000
core   0: 0x8000894c (0x03c16a33) rem     s4, sp, t3
core   0: 3 0x8000894c (0x03c16a33) x20 0xe1881acc
core   0: 0x80008950 (0x02b9efb3) rem     t6, s3, a1
core   0: 3 0x80008950 (0x02b9efb3) x31 0xfffffce0
core   0: 0x80008954 (0x022e5933) divu    s2, t3, sp
core   0: 3 0x80008954 (0x022e5933) x18 0x00000001
core   0: 0x80008958 (0x00cc7bb3) and     s7, s8, a2
core   0: 3 0x80008958 (0x00cc7bb3) x23 0x00000000
core   0: 0x8000895c (0x0229b6b3) mulhu   a3, s3, sp
core   0: 3 0x8000895c (0x0229b6b3) x13 0x80018b53
core   0: 0x80008960 (0x03611b33) mulh    s6, sp, s6
core   0: 3 0x80008960 (0x03611b33) x22 0xffffffff
core   0: 0x80008964 (0x024d22b3) mulhsu  t0, s10, tp
core   0: 3 0x80008964 (0x024d22b3) x 5 0x00000000
core   0: 0x80008968 (0x40915f93) srai    t6, sp, 9
core   0: 3 0x80008968 (0x40915f93) x31 0xffc000c6
core   0: 0x8000896c (0x01127eb3) and     t4, tp, a7
core   0: 3 0x8000896c (0x01127eb3) x29 0x00000000
core   0: 0x80008970 (0x0295a2b3) mulhsu  t0, a1, s1
core   0: 3 0x80008970 (0x0295a2b3) x 5 0x00000000
core   0: 0x80008974 (0x00b8a3b3) slt     t2, a7, a1
core   0: 3 0x80008974 (0x00b8a3b3) x 7 0x00000000
core   0: 0x80008978 (0x2c9b3e13) sltiu   t3, s6, 713
core   0: 3 0x80008978 (0x2c9b3e13) x28 0x00000000
core   0: 0x8000897c (0x00000013) nop
core   0: 3 0x8000897c (0x00000013)
core   0: 0x80008980 (0x02e462b3) rem     t0, s0, a4
core   0: 3 0x80008980 (0x02e462b3) x 5 0x00000001
core   0: 0x80008984 (0x02d83cb3) mulhu   s9, a6, a3
core   0: 3 0x80008984 (0x02d83cb3) x25 0x80018b52
core   0: 0x80008988 (0x03654a33) div     s4, a0, s6
core   0: 3 0x80008988 (0x03654a33) x20 0x00000000
core   0: 0x8000898c (0x406fde13) srai    t3, t6, 6
core   0: 3 0x8000898c (0x406fde13) x28 0xffff0003
core   0: 0x80008990 (0xcbb6af93) slti    t6, a3, -837
core   0: 3 0x80008990 (0xcbb6af93) x31 0x00000001
core   0: 0x80008994 (0x03493933) mulhu   s2, s2, s4
core   0: 3 0x80008994 (0x03493933) x18 0x00000000
core   0: 0x80008998 (0x02c76fb3) rem     t6, a4, a2
core   0: 3 0x80008998 (0x02c76fb3) x31 0x000000da
core   0: 0x8000899c (0x029b32b3) mulhu   t0, s6, s1
core   0: 3 0x8000899c (0x029b32b3) x 5 0x000003bf
core   0: 0x800089a0 (0x02b81c33) mulh    s8, a6, a1
core   0: 3 0x800089a0 (0x02b81c33) x24 0x00000000
core   0: 0x800089a4 (0x00086b33) or      s6, a6, zero
core   0: 3 0x800089a4 (0x00086b33) x22 0xffffffff
core   0: 0x800089a8 (0x410cd213) srai    tp, s9, 16
core   0: 3 0x800089a8 (0x410cd213) x 4 0xffff8001
core   0: 0x800089ac (0x016af0b3) and     ra, s5, s6
core   0: 3 0x800089ac (0x016af0b3) x 1 0x80014e64
core   0: 0x800089b0 (0x0294d2b3) divu    t0, s1, s1
core   0: 3 0x800089b0 (0x0294d2b3) x 5 0x00000001
core   0: 0x800089b4 (0x00000013) nop
core   0: 3 0x800089b4 (0x00000013)
core   0: 0x800089b8 (0x0059afb3) slt     t6, s3, t0
core   0: 3 0x800089b8 (0x0059afb3) x31 0x00000001
core   0: 0x800089bc (0x02633933) mulhu   s2, t1, t1
core   0: 3 0x800089bc (0x02633933) x18 0xfffff9c2
core   0: 0x800089c0 (0x02ce6233) rem     tp, t3, a2
core   0: 3 0x800089c0 (0x02ce6233) x 4 0xffff0003
core   0: 0x800089c4 (0x410a8b33) sub     s6, s5, a6
core   0: 3 0x800089c4 (0x410a8b33) x22 0x80014e65
core   0: 0x800089c8 (0x034c1fb3) mulh    t6, s8, s4
core   0: 3 0x800089c8 (0x034c1fb3) x31 0x00000000
core   0: 0x800089cc (0x40d3dd13) srai    s10, t2, 13
core   0: 3 0x800089cc (0x40d3dd13) x26 0x00000000
core   0: 0x800089d0 (0x024148b3) div     a7, sp, tp
core   0: 3 0x800089d0 (0x024148b3) x17 0x00007fff
core   0: 0x800089d4 (0x003e58b3) srl     a7, t3, gp
core   0: 3 0x800089d4 (0x003e58b3) x17 0x7fff8001
core   0: 0x800089d8 (0x40a8df13) srai    t5, a7, 10
core   0: 3 0x800089d8 (0x40a8df13) x30 0x001fffe0
core   0: 0x800089dc (0x325f3c13) sltiu   s8, t5, 805
core   0: 3 0x800089dc (0x325f3c13) x24 0x00000000
core   0: 0x800089e0 (0x030cf033) remu    zero, s9, a6
core   0: 3 0x800089e0 (0x030cf033)
core   0: 0x800089e4 (0x49f68f93) addi    t6, a3, 1183
core   0: 3 0x800089e4 (0x49f68f93) x31 0x80018ff2
core   0: 0x800089e8 (0x03bf19b3) mulh    s3, t5, s11
core   0: 3 0x800089e8 (0x03bf19b3) x19 0x00000000
core   0: 0x800089ec (0xf0843513) sltiu   a0, s0, -248
core   0: 3 0x800089ec (0xf0843513) x10 0x00000001
core   0: 0x800089f0 (0x5116c7b7) lui     a5, 0x5116c
core   0: 3 0x800089f0 (0x5116c7b7) x15 0x5116c000
core   0: 0x800089f4 (0x003c9e13) slli    t3, s9, 3
core   0: 3 0x800089f4 (0x003c9e13) x28 0x000c5a90
core   0: 0x800089f8 (0x40aa5a13) srai    s4, s4, 10
core   0: 3 0x800089f8 (0x40aa5a13) x20 0x00000000
core   0: 0x800089fc (0x030c5eb3) divu    t4, s8, a6
core   0: 3 0x800089fc (0x030c5eb3) x29 0x00000000
core   0: 0x80008a00 (0x00c88cb3) add     s9, a7, a2
core   0: 3 0x80008a00 (0x00c88cb3) x25 0x70187b61
core   0: 0x80008a04 (0x45302513) slti    a0, zero, 1107
core   0: 3 0x80008a04 (0x45302513) x10 0x00000001
core   0: 0x80008a08 (0x03f718b3) mulh    a7, a4, t6
core   0: 3 0x80008a08 (0x03f718b3) x17 0xf80c961b
core   0: 0x80008a0c (0x00977533) and     a0, a4, s1
core   0: 3 0x80008a0c (0x00977533) x10 0x00000140
core   0: 0x80008a10 (0x15b78893) addi    a7, a5, 347
core   0: 3 0x80008a10 (0x15b78893) x17 0x5116c15b
core   0: 0x80008a14 (0x00000013) nop
core   0: 3 0x80008a14 (0x00000013)
core   0: 0x80008a18 (0x009d8933) add     s2, s11, s1
core   0: 3 0x80008a18 (0x009d8933) x18 0x000003c1
core   0: 0x80008a1c (0x25422593) slti    a1, tp, 596
core   0: 3 0x80008a1c (0x25422593) x11 0x00000001
core   0: 0x80008a20 (0xd5bdc013) xori    zero, s11, -677
core   0: 3 0x80008a20 (0xd5bdc013)
core   0: 0x80008a24 (0x00b0ddb3) srl     s11, ra, a1
core   0: 3 0x80008a24 (0x00b0ddb3) x27 0x4000a732
core   0: 0x80008a28 (0x0118e7b3) or      a5, a7, a7
core   0: 3 0x80008a28 (0x0118e7b3) x15 0x5116c15b
core   0: 0x80008a2c (0x342bcc13) xori    s8, s7, 834
core   0: 3 0x80008a2c (0x342bcc13) x24 0x00000342
core   0: 0x80008a30 (0xcb45e993) ori     s3, a1, -844
core   0: 3 0x80008a30 (0xcb45e993) x19 0xfffffcb5
core   0: 0x80008a34 (0x00000013) nop
core   0: 3 0x80008a34 (0x00000013)
core   0: 0x80008a38 (0x4a0c0993) addi    s3, s8, 1184
core   0: 3 0x80008a38 (0x4a0c0993) x19 0x000007e2
core   0: 0x80008a3c (0x00c2cdb3) xor     s11, t0, a2
core   0: 3 0x80008a3c (0x00c2cdb3) x27 0xf018fb61
core   0: 0x80008a40 (0x03343433) mulhu   s0, s0, s3
core   0: 3 0x80008a40 (0x03343433) x 8 0x00000000
core   0: 0x80008a44 (0x0054dd13) srli    s10, s1, 5
core   0: 3 0x80008a44 (0x0054dd13) x26 0x0000001e
core   0: 0x80008a48 (0x01125313) srli    t1, tp, 17
core   0: 3 0x80008a48 (0x01125313) x 6 0x00007fff
core   0: 0x80008a4c (0x41c35093) srai    ra, t1, 28
core   0: 3 0x80008a4c (0x41c35093) x 1 0x00000000
core   0: 0x80008a50 (0x00c09b13) slli    s6, ra, 12
core   0: 3 0x80008a50 (0x00c09b13) x22 0x00000000
core   0: 0x80008a54 (0x9e085e37) lui     t3, 0x9e085
core   0: 3 0x80008a54 (0x9e085e37) x28 0x9e085000
core   0: 0x80008a58 (0x41cad593) srai    a1, s5, 28
core   0: 3 0x80008a58 (0x41cad593) x11 0xfffffff8
core   0: 0x80008a5c (0x00000013) nop
core   0: 3 0x80008a5c (0x00000013)
core   0: 0x80008a60 (0x03efb213) sltiu   tp, t6, 62
core   0: 3 0x80008a60 (0x03efb213) x 4 0x00000000
core   0: 0x80008a64 (0x02be42b3) div     t0, t3, a1
core   0: 3 0x80008a64 (0x02be42b3) x 5 0x0c3ef600
core   0: 0x80008a68 (0x0266a333) mulhsu  t1, a3, t1
core   0: 3 0x80008a68 (0x0266a333) x 6 0xffffc001
core   0: 0x80008a6c (0x899c3db7) lui     s11, 0x899c3
core   0: 3 0x80008a6c (0x899c3db7) x27 0x899c3000
core   0: 0x80008a70 (0x0386f733) remu    a4, a3, s8
core   0: 3 0x80008a70 (0x0386f733) x14 0x00000291
core   0: 0x80008a74 (0x01da1713) slli    a4, s4, 29
core   0: 3 0x80008a74 (0x01da1713) x14 0x00000000
core   0: 0x80008a78 (0x01fe12b3) sll     t0, t3, t6
core   0: 3 0x80008a78 (0x01fe12b3) x 5 0x40000000
core   0: 0x80008a7c (0x272d7413) andi    s0, s10, 626
core   0: 3 0x80008a7c (0x272d7413) x 8 0x00000012
core   0: 0x80008a80 (0x007b0b33) add     s6, s6, t2
core   0: 3 0x80008a80 (0x007b0b33) x22 0x00000000
core   0: 0x80008a84 (0x718a4f13) xori    t5, s4, 1816
core   0: 3 0x80008a84 (0x718a4f13) x30 0x00000718
core   0: 0x80008a88 (0x01135393) srli    t2, t1, 17
core   0: 3 0x80008a88 (0x01135393) x 7 0x00007fff
core   0: 0x80008a8c (0x0d69e993) ori     s3, s3, 214
core   0: 3 0x80008a8c (0x0d69e993) x19 0x000007f6
core   0: 0x80008a90 (0x4065dc33) sra     s8, a1, t1
core   0: 3 0x80008a90 (0x4065dc33) x24 0xfffffffc
core   0: 0x80008a94 (0x0375c233) div     tp, a1, s7
core   0: 3 0x80008a94 (0x0375c233) x 4 0xffffffff
core   0: 0x80008a98 (0x023dd533) divu    a0, s11, gp
core   0: 3 0x80008a98 (0x023dd533) x10 0x899c3000
core   0: 0x80008a9c (0x00cddd33) srl     s10, s11, a2
core   0: 3 0x80008a9c (0x00cddd33) x26 0x899c3000
core   0: 0x80008aa0 (0x007d9bb3) sll     s7, s11, t2
core   0: 3 0x80008aa0 (0x007d9bb3) x23 0x00000000
core   0: 0x80008aa4 (0xa8497213) andi    tp, s2, -1404
core   0: 3 0x80008aa4 (0xa8497213) x 4 0x00000280
core   0: 0x80008aa8 (0x014e1733) sll     a4, t3, s4
core   0: 3 0x80008aa8 (0x014e1733) x14 0x9e085000
core   0: 0x80008aac (0x99a68993) addi    s3, a3, -1638
core   0: 3 0x80008aac (0x99a68993) x19 0x800184ed
core   0: 0x80008ab0 (0x2958a293) slti    t0, a7, 661
core   0: 3 0x80008ab0 (0x2958a293) x 5 0x00000000
core   0: 0x80008ab4 (0x03f43bb3) mulhu   s7, s0, t6
core   0: 3 0x80008ab4 (0x03f43bb3) x23 0x00000009
core   0: 0x80008ab8 (0x012071b3) and     gp, zero, s2
core   0: 3 0x80008ab8 (0x012071b3) x 3 0x00000000
core   0: 0x80008abc (0x4164d033) sra     zero, s1, s6
core   0: 3 0x80008abc (0x4164d033)
core   0: 0x80008ac0 (0x00d35db3) srl     s11, t1, a3
core   0: 3 0x80008ac0 (0x00d35db3) x27 0x00001fff
core   0: 0x80008ac4 (0x011a1a13) slli    s4, s4, 17
core   0: 3 0x80008ac4 (0x011a1a13) x20 0x00000000
core   0: 0x80008ac8 (0x3b13ac93) slti    s9, t2, 945
core   0: 3 0x80008ac8 (0x3b13ac93) x25 0x00000000
core   0: 0x80008acc (0x009f4033) xor     zero, t5, s1
core   0: 3 0x80008acc (0x009f4033)
core   0: 0x80008ad0 (0x5bd83513) sltiu   a0, a6, 1469
core   0: 3 0x80008ad0 (0x5bd83513) x10 0x00000000
core   0: 0x80008ad4 (0x2f0cc893) xori    a7, s9, 752
core   0: 3 0x80008ad4 (0x2f0cc893) x17 0x000002f0
core   0: 0x80008ad8 (0x021384b3) mul     s1, t2, ra
core   0: 3 0x80008ad8 (0x021384b3) x 9 0x00000000
core   0: 0x80008adc (0x00212b33) slt     s6, sp, sp
core   0: 3 0x80008adc (0x00212b33) x22 0x00000000
core   0: 0x80008ae0 (0x41810bb3) sub     s7, sp, s8
core   0: 3 0x80008ae0 (0x41810bb3) x23 0x80018ce8
core   0: 0x80008ae4 (0x40548b33) sub     s6, s1, t0
core   0: 3 0x80008ae4 (0x40548b33) x22 0x00000000
core   0: 0x80008ae8 (0x001e21b3) slt     gp, t3, ra
core   0: 3 0x80008ae8 (0x001e21b3) x 3 0x00000001
core   0: 0x80008aec (0x00000013) nop
core   0: 3 0x80008aec (0x00000013)
core   0: 0x80008af0 (0x01c79413) slli    s0, a5, 28
core   0: 3 0x80008af0 (0x01c79413) x 8 0xb0000000
core   0: 0x80008af4 (0x00a8b733) sltu    a4, a7, a0
core   0: 3 0x80008af4 (0x00a8b733) x14 0x00000000
core   0: 0x80008af8 (0x83fbb393) sltiu   t2, s7, -1985
core   0: 3 0x80008af8 (0x83fbb393) x 7 0x00000001
core   0: 0x80008afc (0x409a8733) sub     a4, s5, s1
core   0: 3 0x80008afc (0x409a8733) x14 0x80014e64
core   0: 0x80008b00 (0x40d28f33) sub     t5, t0, a3
core   0: 3 0x80008b00 (0x40d28f33) x30 0x7ffe74ad
core   0: 0x80008b04 (0x022321b3) mulhsu  gp, t1, sp
core   0: 3 0x80008b04 (0x022321b3) x 3 0xffffe000
core   0: 0x80008b08 (0x037142b3) div     t0, sp, s7
core   0: 3 0x80008b08 (0x037142b3) x 5 0x00000001
core   0: 0x80008b0c (0x416c5493) srai    s1, s8, 22
core   0: 3 0x80008b0c (0x416c5493) x 9 0xffffffff
core   0: 0x80008b10 (0x00000013) nop
core   0: 3 0x80008b10 (0x00000013)
core   0: 0x80008b14 (0x4f887a13) andi    s4, a6, 1272
core   0: 3 0x80008b14 (0x4f887a13) x20 0x000004f8
core   0: 0x80008b18 (0x009c6db3) or      s11, s8, s1
core   0: 3 0x80008b18 (0x009c6db3) x27 0xffffffff
core   0: 0x80008b1c (0xbcfa7c13) andi    s8, s4, -1073
core   0: 3 0x80008b1c (0xbcfa7c13) x24 0x000000c8
core   0: 0x80008b20 (0x01f210b3) sll     ra, tp, t6
core   0: 3 0x80008b20 (0x01f210b3) x 1 0x0a000000
core   0: 0x80008b24 (0x00bd7d33) and     s10, s10, a1
core   0: 3 0x80008b24 (0x00bd7d33) x26 0x899c3000
core   0: 0x80008b28 (0x03a221b3) mulhsu  gp, tp, s10
core   0: 3 0x80008b28 (0x03a221b3) x 3 0x00000158
core   0: 0x80008b2c (0x02a2bbb3) mulhu   s7, t0, a0
core   0: 3 0x80008b2c (0x02a2bbb3) x23 0x00000000
core   0: 0x80008b30 (0x40e5de13) srai    t3, a1, 14
core   0: 3 0x80008b30 (0x40e5de13) x28 0xffffffff
core   0: 0x80008b34 (0x025090b3) mulh    ra, ra, t0
core   0: 3 0x80008b34 (0x025090b3) x 1 0x00000000
core   0: 0x80008b38 (0x1cbbf793) andi    a5, s7, 459
core   0: 3 0x80008b38 (0x1cbbf793) x15 0x00000000
core   0: 0x80008b3c (0x4c8e2593) slti    a1, t3, 1224
core   0: 3 0x80008b3c (0x4c8e2593) x11 0x00000001
core   0: 0x80008b40 (0xc969ff97) auipc   t6, 0xc969f
core   0: 3 0x80008b40 (0xc969ff97) x31 0x496a7b40
core   0: 0x80008b44 (0x02b970b3) remu    ra, s2, a1
core   0: 3 0x80008b44 (0x02b970b3) x 1 0x00000000
core   0: 0x80008b48 (0x3c3ab413) sltiu   s0, s5, 963
core   0: 3 0x80008b48 (0x3c3ab413) x 8 0x00000000
core   0: 0x80008b4c (0x00290833) add     a6, s2, sp
core   0: 3 0x80008b4c (0x00290833) x16 0x800190a5
core   0: 0x80008b50 (0x02c69f33) mulh    t5, a3, a2
core   0: 3 0x80008b50 (0x02c69f33) x30 0x07f369c1
core   0: 0x80008b54 (0x41f78cb3) sub     s9, a5, t6
core   0: 3 0x80008b54 (0x41f78cb3) x25 0xb69584c0
core   0: 0x80008b58 (0x03158533) mul     a0, a1, a7
core   0: 3 0x80008b58 (0x03158533) x10 0x000002f0
core   0: 0x80008b5c (0x025a39b3) mulhu   s3, s4, t0
core   0: 3 0x80008b5c (0x025a39b3) x19 0x00000000
core   0: 0x80008b60 (0x0293f933) remu    s2, t2, s1
core   0: 3 0x80008b60 (0x0293f933) x18 0x00000001
core   0: 0x80008b64 (0x670bb993) sltiu   s3, s7, 1648
core   0: 3 0x80008b64 (0x670bb993) x19 0x00000001
core   0: 0x80008b68 (0x02594033) div     zero, s2, t0
core   0: 3 0x80008b68 (0x02594033)
core   0: 0x80008b6c (0x40d102b3) sub     t0, sp, a3
core   0: 3 0x80008b6c (0x40d102b3) x 5 0x00000191
core   0: 0x80008b70 (0x009816b3) sll     a3, a6, s1
core   0: 3 0x80008b70 (0x009816b3) x13 0x80000000
core   0: 0x80008b74 (0x29aa9997) auipc   s3, 0x29aa9
core   0: 3 0x80008b74 (0x29aa9997) x19 0xa9ab1b74
core   0: 0x80008b78 (0x00698033) add     zero, s3, t1
core   0: 3 0x80008b78 (0x00698033)
core   0: 0x80008b7c (0x011611b3) sll     gp, a2, a7
core   0: 3 0x80008b7c (0x011611b3) x 3 0xfb600000
core   0: 0x80008b80 (0x005de533) or      a0, s11, t0
core   0: 3 0x80008b80 (0x005de533) x10 0xffffffff
core   0: 0x80008b84 (0x02aae8b3) rem     a7, s5, a0
core   0: 3 0x80008b84 (0x02aae8b3) x17 0x00000000
core   0: 0x80008b88 (0x40910cb3) sub     s9, sp, s1
core   0: 3 0x80008b88 (0x40910cb3) x25 0x80018ce5
core   0: 0x80008b8c (0x85b1a013) slti    zero, gp, -1957
core   0: 3 0x80008b8c (0x85b1a013)
core   0: 0x80008b90 (0xb602e193) ori     gp, t0, -1184
core   0: 3 0x80008b90 (0xb602e193) x 3 0xfffffbf1
core   0: 0x80008b94 (0x00000013) nop
core   0: 3 0x80008b94 (0x00000013)
core   0: 0x80008b98 (0x01c65993) srli    s3, a2, 28
core   0: 3 0x80008b98 (0x01c65993) x19 0x0000000f
core   0: 0x80008b9c (0x035b0233) mul     tp, s6, s5
core   0: 3 0x80008b9c (0x035b0233) x 4 0x00000000
core   0: 0x80008ba0 (0x01c7c1b3) xor     gp, a5, t3
core   0: 3 0x80008ba0 (0x01c7c1b3) x 3 0xffffffff
core   0: 0x80008ba4 (0x0044f233) and     tp, s1, tp
core   0: 3 0x80008ba4 (0x0044f233) x 4 0x00000000
core   0: 0x80008ba8 (0x02d32fb3) mulhsu  t6, t1, a3
core   0: 3 0x80008ba8 (0x02d32fb3) x31 0xffffe000
core   0: 0x80008bac (0x0204b5b3) mulhu   a1, s1, zero
core   0: 3 0x80008bac (0x0204b5b3) x11 0x00000000
core   0: 0x80008bb0 (0x00000013) nop
core   0: 3 0x80008bb0 (0x00000013)
core   0: 0x80008bb4 (0x975a6797) auipc   a5, 0x975a6
core   0: 3 0x80008bb4 (0x975a6797) x15 0x175aebb4
core   0: 0x80008bb8 (0x020356b3) divu    a3, t1, zero
core   0: 3 0x80008bb8 (0x020356b3) x13 0xffffffff
core   0: 0x80008bbc (0x032efcb3) remu    s9, t4, s2
core   0: 3 0x80008bbc (0x032efcb3) x25 0x00000000
core   0: 0x80008bc0 (0x01115c93) srli    s9, sp, 17
core   0: 3 0x80008bc0 (0x01115c93) x25 0x00004000
core   0: 0x80008bc4 (0xc0948093) addi    ra, s1, -1015
core   0: 3 0x80008bc4 (0xc0948093) x 1 0xfffffc08
core   0: 0x80008bc8 (0x02a53e33) mulhu   t3, a0, a0
core   0: 3 0x80008bc8 (0x02a53e33) x28 0xfffffffe
core   0: 0x80008bcc (0x00758e33) add     t3, a1, t2
core   0: 3 0x80008bcc (0x00758e33) x28 0x00000001
core   0: 0x80008bd0 (0x008fe9b3) or      s3, t6, s0
core   0: 3 0x80008bd0 (0x008fe9b3) x19 0xffffe000
core   0: 0x80008bd4 (0x13020893) addi    a7, tp, 304
core   0: 3 0x80008bd4 (0x13020893) x17 0x00000130
core   0: 0x80008bd8 (0x0127d193) srli    gp, a5, 18
core   0: 3 0x80008bd8 (0x0127d193) x 3 0x000005d6
core   0: 0x80008bdc (0x410401b3) sub     gp, s0, a6
core   0: 3 0x80008bdc (0x410401b3) x 3 0x7ffe6f5b
core   0: 0x80008be0 (0x7626e8b7) lui     a7, 0x7626e
core   0: 3 0x80008be0 (0x7626e8b7) x17 0x7626e000
core   0: 0x80008be4 (0xa18ba213) slti    tp, s7, -1512
core   0: 3 0x80008be4 (0xa18ba213) x 4 0x00000000
core   0: 0x80008be8 (0x01d7f233) and     tp, a5, t4
core   0: 3 0x80008be8 (0x01d7f233) x 4 0x00000000
core   0: 0x80008bec (0x112fe913) ori     s2, t6, 274
core   0: 3 0x80008bec (0x112fe913) x18 0xffffe112
core   0: 0x80008bf0 (0x02ebc5b3) div     a1, s7, a4
core   0: 3 0x80008bf0 (0x02ebc5b3) x11 0x00000000
core   0: 0x80008bf4 (0x02686833) rem     a6, a6, t1
core   0: 3 0x80008bf4 (0x02686833) x16 0xffffd0a4
core   0: 0x80008bf8 (0x00a49913) slli    s2, s1, 10
core   0: 3 0x80008bf8 (0x00a49913) x18 0xfffffc00
core   0: 0x80008bfc (0x02c711b3) mulh    gp, a4, a2
core   0: 3 0x80008bfc (0x02c711b3) x 3 0x07f36d8a
core   0: 0x80008c00 (0x01435593) srli    a1, t1, 20
core   0: 3 0x80008c00 (0x01435593) x11 0x00000fff
core   0: 0x80008c04 (0x021c3c33) mulhu   s8, s8, ra
core   0: 3 0x80008c04 (0x021c3c33) x24 0x000000c7
core   0: 0x80008c08 (0x02025fb3) divu    t6, tp, zero
core   0: 3 0x80008c08 (0x02025fb3) x31 0xffffffff
core   0: 0x80008c0c (0x4464e837) lui     a6, 0x4464e
core   0: 3 0x80008c0c (0x4464e837) x16 0x4464e000
core   0: 0x80008c10 (0x41c45913) srai    s2, s0, 28
core   0: 3 0x80008c10 (0x41c45913) x18 0x00000000
core   0: 0x80008c14 (0x477fa013) slti    zero, t6, 1143
core   0: 3 0x80008c14 (0x477fa013)
core   0: 0x80008c18 (0x00826c33) or      s8, tp, s0
core   0: 3 0x80008c18 (0x00826c33) x24 0x00000000
core   0: 0x80008c1c (0x0268b2b3) mulhu   t0, a7, t1
core   0: 3 0x80008c1c (0x0268b2b3) x 5 0x7626c276
core   0: 0x80008c20 (0x23696393) ori     t2, s2, 566
core   0: 3 0x80008c20 (0x23696393) x 7 0x00000236
core   0: 0x80008c24 (0x03163933) mulhu   s2, a2, a7
core   0: 3 0x80008c24 (0x03163933) x18 0x6ecff9a9
core   0: 0x80008c28 (0x032b8533) mul     a0, s7, s2
core   0: 3 0x80008c28 (0x032b8533) x10 0x00000000
core   0: 0x80008c2c (0x03c368b3) rem     a7, t1, t3
core   0: 3 0x80008c2c (0x03c368b3) x17 0x00000000
core   0: 0x80008c30 (0x004773b3) and     t2, a4, tp
core   0: 3 0x80008c30 (0x004773b3) x 7 0x00000000
core   0: 0x80008c34 (0x01981f93) slli    t6, a6, 25
core   0: 3 0x80008c34 (0x01981f93) x31 0x00000000
core   0: 0x80008c38 (0x00101733) sll     a4, zero, ra
core   0: 3 0x80008c38 (0x00101733) x14 0x00000000
core   0: 0x80008c3c (0xbd4ec693) xori    a3, t4, -1068
core   0: 3 0x80008c3c (0xbd4ec693) x13 0xfffffbd4
core   0: 0x80008c40 (0x0004d3b3) srl     t2, s1, zero
core   0: 3 0x80008c40 (0x0004d3b3) x 7 0xffffffff
core   0: 0x80008c44 (0x02b489b3) mul     s3, s1, a1
core   0: 3 0x80008c44 (0x02b489b3) x19 0xfffff001
core   0: 0x80008c48 (0x417fd793) srai    a5, t6, 23
core   0: 3 0x80008c48 (0x417fd793) x15 0x00000000
core   0: 0x80008c4c (0x00075893) srli    a7, a4, 0
core   0: 3 0x80008c4c (0x00075893) x17 0x00000000
core   0: 0x80008c50 (0x03fe8c33) mul     s8, t4, t6
core   0: 3 0x80008c50 (0x03fe8c33) x24 0x00000000
core   0: 0x80008c54 (0x03c4deb3) divu    t4, s1, t3
core   0: 3 0x80008c54 (0x03c4deb3) x29 0xffffffff
core   0: 0x80008c58 (0x25fd6c93) ori     s9, s10, 607
core   0: 3 0x80008c58 (0x25fd6c93) x25 0x899c325f
core   0: 0x80008c5c (0x5bf72913) slti    s2, a4, 1471
core   0: 3 0x80008c5c (0x5bf72913) x18 0x00000001
core   0: 0x80008c60 (0x011ef7b3) and     a5, t4, a7
core   0: 3 0x80008c60 (0x011ef7b3) x15 0x00000000
core   0: 0x80008c64 (0x01e44433) xor     s0, s0, t5
core   0: 3 0x80008c64 (0x01e44433) x 8 0x07f369c1
core   0: 0x80008c68 (0x03512d33) mulhsu  s10, sp, s5
core   0: 3 0x80008c68 (0x03512d33) x26 0xc0001f42
core   0: 0x80008c6c (0x7c744893) xori    a7, s0, 1991
core   0: 3 0x80008c6c (0x7c744893) x17 0x07f36e06
core   0: 0x80008c70 (0x4129db93) srai    s7, s3, 18
core   0: 3 0x80008c70 (0x4129db93) x23 0xffffffff
core   0: 0x80008c74 (0xc9a42c13) slti    s8, s0, -870
core   0: 3 0x80008c74 (0xc9a42c13) x24 0x00000000
core   0: 0x80008c78 (0x008a0fb3) add     t6, s4, s0
core   0: 3 0x80008c78 (0x008a0fb3) x31 0x07f36eb9
core   0: 0x80008c7c (0x83ceb493) sltiu   s1, t4, -1988
core   0: 3 0x80008c7c (0x83ceb493) x 9 0x00000000
core   0: 0x80008c80 (0x40da8933) sub     s2, s5, a3
core   0: 3 0x80008c80 (0x40da8933) x18 0x80015290
core   0: 0x80008c84 (0x655e3293) sltiu   t0, t3, 1621
core   0: 3 0x80008c84 (0x655e3293) x 5 0x00000001
core   0: 0x80008c88 (0x0199bdb3) sltu    s11, s3, s9
core   0: 3 0x80008c88 (0x0199bdb3) x27 0x00000000
core   0: 0x80008c8c (0x41b45733) sra     a4, s0, s11
core   0: 3 0x80008c8c (0x41b45733) x14 0x07f369c1
core   0: 0x80008c90 (0x0046d8b3) srl     a7, a3, tp
core   0: 3 0x80008c90 (0x0046d8b3) x17 0xfffffbd4
core   0: 0x80008c94 (0x003ed493) srli    s1, t4, 3
core   0: 3 0x80008c94 (0x003ed493) x 9 0x1fffffff
core   0: 0x80008c98 (0x03b00433) mul     s0, zero, s11
core   0: 3 0x80008c98 (0x03b00433) x 8 0x00000000
core   0: 0x80008c9c (0x024c42b3) div     t0, s8, tp
core   0: 3 0x80008c9c (0x024c42b3) x 5 0xffffffff
core   0: 0x80008ca0 (0x407b0cb3) sub     s9, s6, t2
core   0: 3 0x80008ca0 (0x407b0cb3) x25 0x00000001
core   0: 0x80008ca4 (0x36fb2093) slti    ra, s6, 879
core   0: 3 0x80008ca4 (0x36fb2093) x 1 0x00000001
core   0: 0x80008ca8 (0x0035acb3) slt     s9, a1, gp
core   0: 3 0x80008ca8 (0x0035acb3) x25 0x00000001
core   0: 0x80008cac (0x675a0c17) auipc   s8, 0x675a0
core   0: 3 0x80008cac (0x675a0c17) x24 0xe75a8cac
core   0: 0x80008cb0 (0x038b8e33) mul     t3, s7, s8
core   0: 3 0x80008cb0 (0x038b8e33) x28 0x18a57354
core   0: 0x80008cb4 (0x403d0833) sub     a6, s10, gp
core   0: 3 0x80008cb4 (0x403d0833) x16 0xb80cb1b8
core   0: 0x80008cb8 (0x0279fa33) remu    s4, s3, t2
core   0: 3 0x80008cb8 (0x0279fa33) x20 0xfffff001
core   0: 0x80008cbc (0x40a1d333) sra     t1, gp, a0
core   0: 3 0x80008cbc (0x40a1d333) x 6 0x07f36d8a
core   0: 0x80008cc0 (0x00469593) slli    a1, a3, 4
core   0: 3 0x80008cc0 (0x00469593) x11 0xffffbd40
core   0: 0x80008cc4 (0x01a1af33) slt     t5, gp, s10
core   0: 3 0x80008cc4 (0x01a1af33) x30 0x00000000
core   0: 0x80008cc8 (0x406182b3) sub     t0, gp, t1
core   0: 3 0x80008cc8 (0x406182b3) x 5 0x00000000
core   0: 0x80008ccc (0x02b52fb3) mulhsu  t6, a0, a1
core   0: 3 0x80008ccc (0x02b52fb3) x31 0x00000000
core   0: 0x80008cd0 (0x03b08233) mul     tp, ra, s11
core   0: 3 0x80008cd0 (0x03b08233) x 4 0x00000000
core   0: 0x80008cd4 (0x401809b3) sub     s3, a6, ra
core   0: 3 0x80008cd4 (0x401809b3) x19 0xb80cb1b7
core   0: 0x80008cd8 (0x01679213) slli    tp, a5, 22
core   0: 3 0x80008cd8 (0x01679213) x 4 0x00000000
core   0: 0x80008cdc (0x01894bb3) xor     s7, s2, s8
core   0: 3 0x80008cdc (0x01894bb3) x23 0x675bde3c
core   0: 0x80008ce0 (0x03e55a33) divu    s4, a0, t5
core   0: 3 0x80008ce0 (0x03e55a33) x20 0xffffffff
core   0: 0x80008ce4 (0x0c43bc93) sltiu   s9, t2, 196
core   0: 3 0x80008ce4 (0x0c43bc93) x25 0x00000000
core   0: 0x80008ce8 (0x00000013) nop
core   0: 3 0x80008ce8 (0x00000013)
core   0: 0x80008cec (0x00020eb3) add     t4, tp, zero
core   0: 3 0x80008cec (0x00020eb3) x29 0x00000000
core   0: 0x80008cf0 (0x00b67433) and     s0, a2, a1
core   0: 3 0x80008cf0 (0x00b67433) x 8 0xf018b940
core   0: 0x80008cf4 (0x40285533) sra     a0, a6, sp
core   0: 3 0x80008cf4 (0x40285533) x10 0xfb80cb1b
core   0: 0x80008cf8 (0x4058d293) srai    t0, a7, 5
core   0: 3 0x80008cf8 (0x4058d293) x 5 0xffffffde
core   0: 0x80008cfc (0x03e39a33) mulh    s4, t2, t5
core   0: 3 0x80008cfc (0x03e39a33) x20 0x00000000
core   0: 0x80008d00 (0xadb76e13) ori     t3, a4, -1317
core   0: 3 0x80008d00 (0xadb76e13) x28 0xfffffbdb
core   0: 0x80008d04 (0x03acab33) mulhsu  s6, s9, s10
core   0: 3 0x80008d04 (0x03acab33) x22 0x00000000
core   0: 0x80008d08 (0x00b994b3) sll     s1, s3, a1
core   0: 3 0x80008d08 (0x00b994b3) x 9 0xb80cb1b7
core   0: 0x80008d0c (0x015a8db3) add     s11, s5, s5
core   0: 3 0x80008d0c (0x015a8db3) x27 0x00029cc8
core   0: 0x80008d10 (0x414c5193) srai    gp, s8, 20
core   0: 3 0x80008d10 (0x414c5193) x 3 0xfffffe75
core   0: 0x80008d14 (0x01ed59b3) srl     s3, s10, t5
core   0: 3 0x80008d14 (0x01ed59b3) x19 0xc0001f42
core   0: 0x80008d18 (0x3e66e713) ori     a4, a3, 998
core   0: 3 0x80008d18 (0x3e66e713) x14 0xfffffbf6
core   0: 0x80008d1c (0x02977eb3) remu    t4, a4, s1
core   0: 3 0x80008d1c (0x02977eb3) x29 0x47f34a3f
core   0: 0x80008d20 (0x02cf42b3) div     t0, t5, a2
core   0: 3 0x80008d20 (0x02cf42b3) x 5 0x00000000
core   0: 0x80008d24 (0x02b60e33) mul     t3, a2, a1
core   0: 3 0x80008d24 (0x02b60e33) x28 0x7c74b800
core   0: 0x80008d28 (0x0112ec13) ori     s8, t0, 17
core   0: 3 0x80008d28 (0x0112ec13) x24 0x00000011
core   0: 0x80008d2c (0x0d66ac93) slti    s9, a3, 214
core   0: 3 0x80008d2c (0x0d66ac93) x25 0x00000001
core   0: 0x80008d30 (0x00840733) add     a4, s0, s0
core   0: 3 0x80008d30 (0x00840733) x14 0xe0317280
core   0: 0x80008d34 (0x00000013) nop
core   0: 3 0x80008d34 (0x00000013)
core   0: 0x80008d38 (0x00000013) nop
core   0: 3 0x80008d38 (0x00000013)
core   0: 0x80008d3c (0x0058c7b3) xor     a5, a7, t0
core   0: 3 0x80008d3c (0x0058c7b3) x15 0xfffffbd4
core   0: 0x80008d40 (0x0085f7b3) and     a5, a1, s0
core   0: 3 0x80008d40 (0x0085f7b3) x15 0xf018b940
core   0: 0x80008d44 (0x037fdbb3) divu    s7, t6, s7
core   0: 3 0x80008d44 (0x037fdbb3) x23 0x00000000
core   0: 0x80008d48 (0x03b0d433) divu    s0, ra, s11
core   0: 3 0x80008d48 (0x03b0d433) x 8 0x00000000
core   0: 0x80008d4c (0x9a1ea013) slti    zero, t4, -1631
core   0: 3 0x80008d4c (0x9a1ea013)
core   0: 0x80008d50 (0x76266f13) ori     t5, a2, 1890
core   0: 3 0x80008d50 (0x76266f13) x30 0xf018ff62
core   0: 0x80008d54 (0x0079d0b3) srl     ra, s3, t2
core   0: 3 0x80008d54 (0x0079d0b3) x 1 0x00000001
core   0: 0x80008d58 (0x0370b1b3) mulhu   gp, ra, s7
core   0: 3 0x80008d58 (0x0370b1b3) x 3 0x00000000
core   0: 0x80008d5c (0x405a5513) srai    a0, s4, 5
core   0: 3 0x80008d5c (0x405a5513) x10 0x00000000
core   0: 0x80008d60 (0xdca53593) sltiu   a1, a0, -566
core   0: 3 0x80008d60 (0xdca53593) x11 0x00000001
core   0: 0x80008d64 (0x00139393) slli    t2, t2, 1
core   0: 3 0x80008d64 (0x00139393) x 7 0xfffffffe
core   0: 0x80008d68 (0x00b2d513) srli    a0, t0, 11
core   0: 3 0x80008d68 (0x00b2d513) x10 0x00000000
core   0: 0x80008d6c (0xec9eb517) auipc   a0, 0xec9eb
core   0: 3 0x80008d6c (0xec9eb517) x10 0x6c9f3d6c
core   0: 0x80008d70 (0x01c75833) srl     a6, a4, t3
core   0: 3 0x80008d70 (0x01c75833) x16 0xe0317280
core   0: 0x80008d74 (0x032f4833) div     a6, t5, s2
core   0: 3 0x80008d74 (0x032f4833) x16 0x00000000
core   0: 0x80008d78 (0x015d1f33) sll     t5, s10, s5
core   0: 3 0x80008d78 (0x015d1f33) x30 0x0001f420
core   0: 0x80008d7c (0x022d0e33) mul     t3, s10, sp
core   0: 3 0x80008d7c (0x022d0e33) x28 0x3075eec8
core   0: 0x80008d80 (0x09185db7) lui     s11, 0x9185
core   0: 3 0x80008d80 (0x09185db7) x27 0x09185000
core   0: 0x80008d84 (0x010e4a33) xor     s4, t3, a6
core   0: 3 0x80008d84 (0x010e4a33) x20 0x3075eec8
core   0: 0x80008d88 (0x0297dfb3) divu    t6, a5, s1
core   0: 3 0x80008d88 (0x0297dfb3) x31 0x00000001
core   0: 0x80008d8c (0x004cc433) xor     s0, s9, tp
core   0: 3 0x80008d8c (0x004cc433) x 8 0x00000001
core   0: 0x80008d90 (0x0250e2b3) rem     t0, ra, t0
core   0: 3 0x80008d90 (0x0250e2b3) x 5 0x00000001
core   0: 0x80008d94 (0x03d7ab33) mulhsu  s6, a5, t4
core   0: 3 0x80008d94 (0x03d7ab33) x22 0xfb87be3b
core   0: 0x80008d98 (0x00ad8433) add     s0, s11, a0
core   0: 3 0x80008d98 (0x00ad8433) x 8 0x75b78d6c
core   0: 0x80008d9c (0x010987b3) add     a5, s3, a6
core   0: 3 0x80008d9c (0x010987b3) x15 0xc0001f42
core   0: 0x80008da0 (0x30aa0513) addi    a0, s4, 778
core   0: 3 0x80008da0 (0x30aa0513) x10 0x3075f1d2
core   0: 0x80008da4 (0x40cc06b3) sub     a3, s8, a2
core   0: 3 0x80008da4 (0x40cc06b3) x13 0x0fe704b1
core   0: 0x80008da8 (0x005e6e33) or      t3, t3, t0
core   0: 3 0x80008da8 (0x005e6e33) x28 0x3075eec9
core   0: 0x80008dac (0x00cafdb3) and     s11, s5, a2
core   0: 3 0x80008dac (0x00cafdb3) x27 0x80004a60
core   0: 0x80008db0 (0x3e22ea13) ori     s4, t0, 994
core   0: 3 0x80008db0 (0x3e22ea13) x20 0x000003e3
core   0: 0x80008db4 (0x02aeb7b3) mulhu   a5, t4, a0
core   0: 3 0x80008db4 (0x02aeb7b3) x15 0x0d9ec413
core   0: 0x80008db8 (0x007c0933) add     s2, s8, t2
core   0: 3 0x80008db8 (0x007c0933) x18 0x0000000f
core   0: 0x80008dbc (0x16750893) addi    a7, a0, 359
core   0: 3 0x80008dbc (0x16750893) x17 0x3075f339
core   0: 0x80008dc0 (0x036092b3) mulh    t0, ra, s6
core   0: 3 0x80008dc0 (0x036092b3) x 5 0xffffffff
core   0: 0x80008dc4 (0x00000013) nop
core   0: 3 0x80008dc4 (0x00000013)
core   0: 0x80008dc8 (0x0015a733) slt     a4, a1, ra
core   0: 3 0x80008dc8 (0x0015a733) x14 0x00000000
core   0: 0x80008dcc (0xb5227c97) auipc   s9, 0xb5227
core   0: 3 0x80008dcc (0xb5227c97) x25 0x3522fdcc
core   0: 0x80008dd0 (0x0faba793) slti    a5, s7, 250
core   0: 3 0x80008dd0 (0x0faba793) x15 0x00000001
core   0: 0x80008dd4 (0x41735fb3) sra     t6, t1, s7
core   0: 3 0x80008dd4 (0x41735fb3) x31 0x07f36d8a
core   0: 0x80008dd8 (0x01fec333) xor     t1, t4, t6
core   0: 3 0x80008dd8 (0x01fec333) x 6 0x400027b5
core   0: 0x80008ddc (0x02f87fb3) remu    t6, a6, a5
core   0: 3 0x80008ddc (0x02f87fb3) x31 0x00000000
core   0: 0x80008de0 (0x987e8013) addi    zero, t4, -1657
core   0: 3 0x80008de0 (0x987e8013)
core   0: 0x80008de4 (0x002a6033) or      zero, s4, sp
core   0: 3 0x80008de4 (0x002a6033)
core   0: 0x80008de8 (0x02718cb3) mul     s9, gp, t2
core   0: 3 0x80008de8 (0x02718cb3) x25 0x00000000
core   0: 0x80008dec (0x1291ba13) sltiu   s4, gp, 297
core   0: 3 0x80008dec (0x1291ba13) x20 0x00000001
core   0: 0x80008df0 (0x01764733) xor     a4, a2, s7
core   0: 3 0x80008df0 (0x01764733) x14 0xf018fb60
core   0: 0x80008df4 (0x020140b3) div     ra, sp, zero
core   0: 3 0x80008df4 (0x020140b3) x 1 0xffffffff
core   0: 0x80008df8 (0xf0e90e17) auipc   t3, 0xf0e90
core   0: 3 0x80008df8 (0xf0e90e17) x28 0x70e98df8
core   0: 0x80008dfc (0x00f12db3) slt     s11, sp, a5
core   0: 3 0x80008dfc (0x00f12db3) x27 0x00000001
core   0: 0x80008e00 (0x02b6d933) divu    s2, a3, a1
core   0: 3 0x80008e00 (0x02b6d933) x18 0x0fe704b1
core   0: 0x80008e04 (0x01034533) xor     a0, t1, a6
core   0: 3 0x80008e04 (0x01034533) x10 0x400027b5
core   0: 0x80008e08 (0x03d95e33) divu    t3, s2, t4
core   0: 3 0x80008e08 (0x03d95e33) x28 0x00000000
core   0: 0x80008e0c (0x014a40b3) xor     ra, s4, s4
core   0: 3 0x80008e0c (0x014a40b3) x 1 0x00000000
core   0: 0x80008e10 (0x09c0a013) slti    zero, ra, 156
core   0: 3 0x80008e10 (0x09c0a013)
core   0: 0x80008e14 (0x02dda1b3) mulhsu  gp, s11, a3
core   0: 3 0x80008e14 (0x02dda1b3) x 3 0x00000000
core   0: 0x80008e18 (0xb6b2f237) lui     tp, 0xb6b2f
core   0: 3 0x80008e18 (0xb6b2f237) x 4 0xb6b2f000
core   0: 0x80008e1c (0x007f26b3) slt     a3, t5, t2
core   0: 3 0x80008e1c (0x007f26b3) x13 0x00000000
core   0: 0x80008e20 (0x00000013) nop
core   0: 3 0x80008e20 (0x00000013)
core   0: 0x80008e24 (0x00a9de33) srl     t3, s3, a0
core   0: 3 0x80008e24 (0x00a9de33) x28 0x00000600
core   0: 0x80008e28 (0x77a2e693) ori     a3, t0, 1914
core   0: 3 0x80008e28 (0x77a2e693) x13 0xffffffff
core   0: 0x80008e2c (0x02e3a8b3) mulhsu  a7, t2, a4
core   0: 3 0x80008e2c (0x02e3a8b3) x17 0xfffffffe
core   0: 0x80008e30 (0x705b6e97) auipc   t4, 0x705b6
core   0: 3 0x80008e30 (0x705b6e97) x29 0xf05bee30
core   0: 0x80008e34 (0x00e2e5b3) or      a1, t0, a4
core   0: 3 0x80008e34 (0x00e2e5b3) x11 0xffffffff
core   0: 0x80008e38 (0x020713b3) mulh    t2, a4, zero
core   0: 3 0x80008e38 (0x020713b3) x 7 0x00000000
core   0: 0x80008e3c (0x030518b3) mulh    a7, a0, a6
core   0: 3 0x80008e3c (0x030518b3) x17 0x00000000
core   0: 0x80008e40 (0x018c1993) slli    s3, s8, 24
core   0: 3 0x80008e40 (0x018c1993) x19 0x11000000
core   0: 0x80008e44 (0x5b49ca13) xori    s4, s3, 1460
core   0: 3 0x80008e44 (0x5b49ca13) x20 0x110005b4
core   0: 0x80008e48 (0x41bbd293) srai    t0, s7, 27
core   0: 3 0x80008e48 (0x41bbd293) x 5 0x00000000
core   0: 0x80008e4c (0x01a5a5b3) slt     a1, a1, s10
core   0: 3 0x80008e4c (0x01a5a5b3) x11 0x00000000
core   0: 0x80008e50 (0x02e28933) mul     s2, t0, a4
core   0: 3 0x80008e50 (0x02e28933) x18 0x00000000
core   0: 0x80008e54 (0xde222893) slti    a7, tp, -542
core   0: 3 0x80008e54 (0xde222893) x17 0x00000001
core   0: 0x80008e58 (0x01facf33) xor     t5, s5, t6
core   0: 3 0x80008e58 (0x01facf33) x30 0x80014e64
core   0: 0x80008e5c (0xde5d96b7) lui     a3, 0xde5d9
core   0: 3 0x80008e5c (0xde5d96b7) x13 0xde5d9000
core   0: 0x80008e60 (0x003871b3) and     gp, a6, gp
core   0: 3 0x80008e60 (0x003871b3) x 3 0x00000000
core   0: 0x80008e64 (0x032591b3) mulh    gp, a1, s2
core   0: 3 0x80008e64 (0x032591b3) x 3 0x00000000
core   0: 0x80008e68 (0x013ed493) srli    s1, t4, 19
core   0: 3 0x80008e68 (0x013ed493) x 9 0x00001e0b
core   0: 0x80008e6c (0x01260eb3) add     t4, a2, s2
core   0: 3 0x80008e6c (0x01260eb3) x29 0xf018fb60
core   0: 0x80008e70 (0x9913e313) ori     t1, t2, -1647
core   0: 3 0x80008e70 (0x9913e313) x 6 0xfffff991
core   0: 0x80008e74 (0x68848593) addi    a1, s1, 1672
core   0: 3 0x80008e74 (0x68848593) x11 0x00002493
core   0: 0x80008e78 (0x028d65b3) rem     a1, s10, s0
core   0: 3 0x80008e78 (0x028d65b3) x11 0xc0001f42
core   0: 0x80008e7c (0x033e22b3) mulhsu  t0, t3, s3
core   0: 3 0x80008e7c (0x033e22b3) x 5 0x00000066
core   0: 0x80008e80 (0x41f40d33) sub     s10, s0, t6
core   0: 3 0x80008e80 (0x41f40d33) x26 0x75b78d6c
core   0: 0x80008e84 (0x0238f9b3) remu    s3, a7, gp
core   0: 3 0x80008e84 (0x0238f9b3) x19 0x00000001
core   0: 0x80008e88 (0x002413b3) sll     t2, s0, sp
core   0: 3 0x80008e88 (0x002413b3) x 7 0x5b78d6c0
core   0: 0x80008e8c (0x0012afb3) slt     t6, t0, ra
core   0: 3 0x80008e8c (0x0012afb3) x31 0x00000000
core   0: 0x80008e90 (0x41af09b3) sub     s3, t5, s10
core   0: 3 0x80008e90 (0x41af09b3) x19 0x0a49c0f8
core   0: 0x80008e94 (0x41425413) srai    s0, tp, 20
core   0: 3 0x80008e94 (0x41425413) x 8 0xfffffb6b
core   0: 0x80008e98 (0x012170b3) and     ra, sp, s2
core   0: 3 0x80008e98 (0x012170b3) x 1 0x00000000
core   0: 0x80008e9c (0x288e4217) auipc   tp, 0x288e4
core   0: 3 0x80008e9c (0x288e4217) x 4 0xa88ece9c
core   0: 0x80008ea0 (0x01a809b3) add     s3, a6, s10
core   0: 3 0x80008ea0 (0x01a809b3) x19 0x75b78d6c
core   0: 0x80008ea4 (0x02ad08b3) mul     a7, s10, a0
core   0: 3 0x80008ea4 (0x02ad08b3) x17 0x3152715c
core   0: 0x80008ea8 (0x00d84833) xor     a6, a6, a3
core   0: 3 0x80008ea8 (0x00d84833) x16 0xde5d9000
core   0: 0x80008eac (0x6c63f413) andi    s0, t2, 1734
core   0: 3 0x80008eac (0x6c63f413) x 8 0x000006c0
core   0: 0x80008eb0 (0x6ffd2e13) slti    t3, s10, 1791
core   0: 3 0x80008eb0 (0x6ffd2e13) x28 0x00000000
core   0: 0x80008eb4 (0x033966b3) rem     a3, s2, s3
core   0: 3 0x80008eb4 (0x033966b3) x13 0x00000000
core   0: 0x80008eb8 (0x01974333) xor     t1, a4, s9
core   0: 3 0x80008eb8 (0x01974333) x 6 0xf018fb60
core   0: 0x80008ebc (0x02035a33) divu    s4, t1, zero
core   0: 3 0x80008ebc (0x02035a33) x20 0xffffffff
core   0: 0x80008ec0 (0x416fdd13) srai    s10, t6, 22
core   0: 3 0x80008ec0 (0x416fdd13) x26 0x00000000
core   0: 0x80008ec4 (0x2bb5b493) sltiu   s1, a1, 699
core   0: 3 0x80008ec4 (0x2bb5b493) x 9 0x00000000
core   0: 0x80008ec8 (0x41fed393) srai    t2, t4, 31
core   0: 3 0x80008ec8 (0x41fed393) x 7 0xffffffff
core   0: 0x80008ecc (0x03957fb3) remu    t6, a0, s9
core   0: 3 0x80008ecc (0x03957fb3) x31 0x400027b5
core   0: 0x80008ed0 (0x039ddeb7) lui     t4, 0x39dd
core   0: 3 0x80008ed0 (0x039ddeb7) x29 0x039dd000
core   0: 0x80008ed4 (0xbe032813) slti    a6, t1, -1056
core   0: 3 0x80008ed4 (0xbe032813) x16 0x00000001
core   0: 0x80008ed8 (0xee92c413) xori    s0, t0, -279
core   0: 3 0x80008ed8 (0xee92c413) x 8 0xfffffe8f
core   0: 0x80008edc (0x02c36bb3) rem     s7, t1, a2
core   0: 3 0x80008edc (0x02c36bb3) x23 0x00000000
core   0: 0x80008ee0 (0x00000013) nop
core   0: 3 0x80008ee0 (0x00000013)
core   0: 0x80008ee4 (0x0282fa33) remu    s4, t0, s0
core   0: 3 0x80008ee4 (0x0282fa33) x20 0x00000066
core   0: 0x80008ee8 (0x0200d433) divu    s0, ra, zero
core   0: 3 0x80008ee8 (0x0200d433) x 8 0xffffffff
core   0: 0x80008eec (0x2d504793) xori    a5, zero, 725
core   0: 3 0x80008eec (0x2d504793) x15 0x000002d5
core   0: 0x80008ef0 (0x403884b3) sub     s1, a7, gp
core   0: 3 0x80008ef0 (0x403884b3) x 9 0x3152715c
core   0: 0x80008ef4 (0xe9f1c513) xori    a0, gp, -353
core   0: 3 0x80008ef4 (0xe9f1c513) x10 0xfffffe9f
core   0: 0x80008ef8 (0x5cceed13) ori     s10, t4, 1484
core   0: 3 0x80008ef8 (0x5cceed13) x26 0x039dd5cc
core   0: 0x80008efc (0x6d8d6093) ori     ra, s10, 1752
core   0: 3 0x80008efc (0x6d8d6093) x 1 0x039dd7dc
core   0: 0x80008f00 (0x0086d913) srli    s2, a3, 8
core   0: 3 0x80008f00 (0x0086d913) x18 0x00000000
core   0: 0x80008f04 (0x02c6ac33) mulhsu  s8, a3, a2
core   0: 3 0x80008f04 (0x02c6ac33) x24 0x00000000
core   0: 0x80008f08 (0x027009b3) mul     s3, zero, t2
core   0: 3 0x80008f08 (0x027009b3) x19 0x00000000
core   0: 0x80008f0c (0x6759c013) xori    zero, s3, 1653
core   0: 3 0x80008f0c (0x6759c013)
core   0: 0x80008f10 (0xd8458513) addi    a0, a1, -636
core   0: 3 0x80008f10 (0xd8458513) x10 0xc0001cc6
core   0: 0x80008f14 (0x009f1fb3) sll     t6, t5, s1
core   0: 3 0x80008f14 (0x009f1fb3) x31 0x40000000
core   0: 0x80008f18 (0x02a60db3) mul     s11, a2, a0
core   0: 3 0x80008f18 (0x02a60db3) x27 0x6ed0ec40
core   0: 0x80008f1c (0x0352d0b3) divu    ra, t0, s5
core   0: 3 0x80008f1c (0x0352d0b3) x 1 0x00000000
core   0: 0x80008f20 (0x026434b3) mulhu   s1, s0, t1
core   0: 3 0x80008f20 (0x026434b3) x 9 0xf018fb5f
core   0: 0x80008f24 (0x7ee73c93) sltiu   s9, a4, 2030
core   0: 3 0x80008f24 (0x7ee73c93) x25 0x00000000
core   0: 0x80008f28 (0x022312b3) mulh    t0, t1, sp
core   0: 3 0x80008f28 (0x022312b3) x 5 0x07f369a8
core   0: 0x80008f2c (0xb7d84f13) xori    t5, a6, -1155
core   0: 3 0x80008f2c (0xb7d84f13) x30 0xfffffb7c
core   0: 0x80008f30 (0x01134db3) xor     s11, t1, a7
core   0: 3 0x80008f30 (0x01134db3) x27 0xc14a8a3c
core   0: 0x80008f34 (0x414ade13) srai    t3, s5, 20
core   0: 3 0x80008f34 (0x414ade13) x28 0xfffff800
core   0: 0x80008f38 (0x5e308f13) addi    t5, ra, 1507
core   0: 3 0x80008f38 (0x5e308f13) x30 0x000005e3
core   0: 0x80008f3c (0x024464b3) rem     s1, s0, tp
core   0: 3 0x80008f3c (0x024464b3) x 9 0xffffffff
core   0: 0x80008f40 (0x001b5eb3) srl     t4, s6, ra
core   0: 3 0x80008f40 (0x001b5eb3) x29 0xfb87be3b
core   0: 0x80008f44 (0x029f8d33) mul     s10, t6, s1
core   0: 3 0x80008f44 (0x029f8d33) x26 0xc0000000
core   0: 0x80008f48 (0x03545d33) divu    s10, s0, s5
core   0: 3 0x80008f48 (0x03545d33) x26 0x00000001
core   0: 0x80008f4c (0x02bd8833) mul     a6, s11, a1
core   0: 3 0x80008f4c (0x02bd8833) x16 0xdbf4e778
core   0: 0x80008f50 (0x005cd093) srli    ra, s9, 5
core   0: 3 0x80008f50 (0x005cd093) x 1 0x00000000
core   0: 0x80008f54 (0x01256a33) or      s4, a0, s2
core   0: 3 0x80008f54 (0x01256a33) x20 0xc0001cc6
core   0: 0x80008f58 (0x034d8533) mul     a0, s11, s4
core   0: 3 0x80008f58 (0x034d8533) x10 0xa6c57a68
core   0: 0x80008f5c (0x0371c3b3) div     t2, gp, s7
core   0: 3 0x80008f5c (0x0371c3b3) x 7 0xffffffff
core   0: 0x80008f60 (0x0353ff33) remu    t5, t2, s5
core   0: 3 0x80008f60 (0x0353ff33) x30 0x7ffeb19b
core   0: 0x80008f64 (0x01b634b3) sltu    s1, a2, s11
core   0: 3 0x80008f64 (0x01b634b3) x 9 0x00000000
core   0: 0x80008f68 (0x0003a033) slt     zero, t2, zero
core   0: 3 0x80008f68 (0x0003a033)
core   0: 0x80008f6c (0x03b24d33) div     s10, tp, s11
core   0: 3 0x80008f6c (0x03b24d33) x26 0x00000001
core   0: 0x80008f70 (0x04440b93) addi    s7, s0, 68
core   0: 3 0x80008f70 (0x04440b93) x23 0x00000043
core   0: 0x80008f74 (0x03ad34b3) mulhu   s1, s10, s10
core   0: 3 0x80008f74 (0x03ad34b3) x 9 0x00000000
core   0: 0x80008f78 (0x010c3033) sltu    zero, s8, a6
core   0: 3 0x80008f78 (0x010c3033)
core   0: 0x80008f7c (0x00ae34b3) sltu    s1, t3, a0
core   0: 3 0x80008f7c (0x00ae34b3) x 9 0x00000000
core   0: 0x80008f80 (0x030b5bb3) divu    s7, s6, a6
core   0: 3 0x80008f80 (0x030b5bb3) x23 0x00000001
core   0: 0x80008f84 (0x77c4b713) sltiu   a4, s1, 1916
core   0: 3 0x80008f84 (0x77c4b713) x14 0x00000001
core   0: 0x80008f88 (0xe5256593) ori     a1, a0, -430
core   0: 3 0x80008f88 (0xe5256593) x11 0xfffffe7a
core   0: 0x80008f8c (0x00c83333) sltu    t1, a6, a2
core   0: 3 0x80008f8c (0x00c83333) x 6 0x00000001
core   0: 0x80008f90 (0x0190feb3) and     t4, ra, s9
core   0: 3 0x80008f90 (0x0190feb3) x29 0x00000000
core   0: 0x80008f94 (0x00a64eb3) xor     t4, a2, a0
core   0: 3 0x80008f94 (0x00a64eb3) x29 0x56dd8108
core   0: 0x80008f98 (0x03469e33) mulh    t3, a3, s4
core   0: 3 0x80008f98 (0x03469e33) x28 0x00000000
core   0: 0x80008f9c (0x013f2533) slt     a0, t5, s3
core   0: 3 0x80008f9c (0x013f2533) x10 0x00000000
core   0: 0x80008fa0 (0x41500533) sub     a0, zero, s5
core   0: 3 0x80008fa0 (0x41500533) x10 0x7ffeb19c
core   0: 0x80008fa4 (0x00ee55b3) srl     a1, t3, a4
core   0: 3 0x80008fa4 (0x00ee55b3) x11 0x00000000
core   0: 0x80008fa8 (0xdcb93793) sltiu   a5, s2, -565
core   0: 3 0x80008fa8 (0xdcb93793) x15 0x00000001
core   0: 0x80008fac (0x020ecbb3) div     s7, t4, zero
core   0: 3 0x80008fac (0x020ecbb3) x23 0xffffffff
core   0: 0x80008fb0 (0x00052d33) slt     s10, a0, zero
core   0: 3 0x80008fb0 (0x00052d33) x26 0x00000000
core   0: 0x80008fb4 (0x01751893) slli    a7, a0, 23
core   0: 3 0x80008fb4 (0x01751893) x17 0xce000000
core   0: 0x80008fb8 (0x03e59c33) mulh    s8, a1, t5
core   0: 3 0x80008fb8 (0x03e59c33) x24 0x00000000
core   0: 0x80008fbc (0x029f7033) remu    zero, t5, s1
core   0: 3 0x80008fbc (0x029f7033)
core   0: 0x80008fc0 (0x01c29d33) sll     s10, t0, t3
core   0: 3 0x80008fc0 (0x01c29d33) x26 0x07f369a8
core   0: 0x80008fc4 (0x00000013) nop
core   0: 3 0x80008fc4 (0x00000013)
core   0: 0x80008fc8 (0x1118a397) auipc   t2, 0x1118a
core   0: 3 0x80008fc8 (0x1118a397) x 7 0x91192fc8
core   0: 0x80008fcc (0x00daa1b3) slt     gp, s5, a3
core   0: 3 0x80008fcc (0x00daa1b3) x 3 0x00000001
core   0: 0x80008fd0 (0x20596e13) ori     t3, s2, 517
core   0: 3 0x80008fd0 (0x20596e13) x28 0x00000205
core   0: 0x80008fd4 (0xe04ecb13) xori    s6, t4, -508
core   0: 3 0x80008fd4 (0xe04ecb13) x22 0xa9227f0c
core   0: 0x80008fd8 (0x03949bb3) mulh    s7, s1, s9
core   0: 3 0x80008fd8 (0x03949bb3) x23 0x00000000
core   0: 0x80008fdc (0x0011c333) xor     t1, gp, ra
core   0: 3 0x80008fdc (0x0011c333) x 6 0x00000001
core   0: 0x80008fe0 (0x0047acb3) slt     s9, a5, tp
core   0: 3 0x80008fe0 (0x0047acb3) x25 0x00000000
core   0: 0x80008fe4 (0x02bbdb33) divu    s6, s7, a1
core   0: 3 0x80008fe4 (0x02bbdb33) x22 0xffffffff
core   0: 0x80008fe8 (0x325df993) andi    s3, s11, 805
core   0: 3 0x80008fe8 (0x325df993) x19 0x00000224
core   0: 0x80008fec (0x0f2b3213) sltiu   tp, s6, 242
core   0: 3 0x80008fec (0x0f2b3213) x 4 0x00000000
core   0: 0x80008ff0 (0x5bbac913) xori    s2, s5, 1467
core   0: 3 0x80008ff0 (0x5bbac913) x18 0x80014bdf
core   0: 0x80008ff4 (0x02ab01b3) mul     gp, s6, a0
core   0: 3 0x80008ff4 (0x02ab01b3) x 3 0x80014e64
core   0: 0x80008ff8 (0x004c6e33) or      t3, s8, tp
core   0: 3 0x80008ff8 (0x004c6e33) x28 0x00000000
core   0: 0x80008ffc (0xde0fcb13) xori    s6, t6, -544
core   0: 3 0x80008ffc (0xde0fcb13) x22 0xbffffde0
core   0: 0x80009000 (0x5e5ca413) slti    s0, s9, 1509
core   0: 3 0x80009000 (0x5e5ca413) x 8 0x00000001
core   0: 0x80009004 (0x03699733) mulh    a4, s3, s6
core   0: 3 0x80009004 (0x03699733) x14 0xffffff76
core   0: 0x80009008 (0xbb366a37) lui     s4, 0xbb366
core   0: 3 0x80009008 (0xbb366a37) x20 0xbb366000
core   0: 0x8000900c (0x00b6aeb3) slt     t4, a3, a1
core   0: 3 0x8000900c (0x00b6aeb3) x29 0x00000000
core   0: 0x80009010 (0x02814733) div     a4, sp, s0
core   0: 3 0x80009010 (0x02814733) x14 0x80018ce4
core   0: 0x80009014 (0x4063dd13) srai    s10, t2, 6
core   0: 3 0x80009014 (0x4063dd13) x26 0xfe4464bf
core   0: 0x80009018 (0x02811c33) mulh    s8, sp, s0
core   0: 3 0x80009018 (0x02811c33) x24 0xffffffff
core   0: 0x8000901c (0x0183b2b3) sltu    t0, t2, s8
core   0: 3 0x8000901c (0x0183b2b3) x 5 0x00000001
core   0: 0x80009020 (0x02e31a33) mulh    s4, t1, a4
core   0: 3 0x80009020 (0x02e31a33) x20 0xffffffff
core   0: 0x80009024 (0x25402993) slti    s3, zero, 596
core   0: 3 0x80009024 (0x25402993) x19 0x00000001
core   0: 0x80009028 (0xc9922513) slti    a0, tp, -871
core   0: 3 0x80009028 (0xc9922513) x10 0x00000000
core   0: 0x8000902c (0x03917733) remu    a4, sp, s9
core   0: 3 0x8000902c (0x03917733) x14 0x80018ce4
core   0: 0x80009030 (0x03abdb33) divu    s6, s7, s10
core   0: 3 0x80009030 (0x03abdb33) x22 0x00000000
core   0: 0x80009034 (0x00f58533) add     a0, a1, a5
core   0: 3 0x80009034 (0x00f58533) x10 0x00000001
core   0: 0x80009038 (0x01fc1a13) slli    s4, s8, 31
core   0: 3 0x80009038 (0x01fc1a13) x20 0x80000000
core   0: 0x8000903c (0x9733e093) ori     ra, t2, -1677
core   0: 3 0x8000903c (0x9733e093) x 1 0xfffffffb
core   0: 0x80009040 (0x023c49b3) div     s3, s8, gp
core   0: 3 0x80009040 (0x023c49b3) x19 0x00000000
core   0: 0x80009044 (0x038681b3) mul     gp, a3, s8
core   0: 3 0x80009044 (0x038681b3) x 3 0x00000000
core   0: 0x80009048 (0x626c4913) xori    s2, s8, 1574
core   0: 3 0x80009048 (0x626c4913) x18 0xfffff9d9
core   0: 0x8000904c (0x00206b33) or      s6, zero, sp
core   0: 3 0x8000904c (0x00206b33) x22 0x80018ce4
core   0: 0x80009050 (0x00000013) nop
core   0: 3 0x80009050 (0x00000013)
core   0: 0x80009054 (0x03796bb3) rem     s7, s2, s7
core   0: 3 0x80009054 (0x03796bb3) x23 0xfffff9d9
core   0: 0x80009058 (0x03a92d33) mulhsu  s10, s2, s10
core   0: 3 0x80009058 (0x03a92d33) x26 0xfffff9e3
core   0: 0x8000905c (0x012ed013) srli    zero, t4, 18
core   0: 3 0x8000905c (0x012ed013)
core   0: 0x80009060 (0x02830bb3) mul     s7, t1, s0
core   0: 3 0x80009060 (0x02830bb3) x23 0x00000001
core   0: 0x80009064 (0x6a1ce7b7) lui     a5, 0x6a1ce
core   0: 3 0x80009064 (0x6a1ce7b7) x15 0x6a1ce000
core   0: 0x80009068 (0x038e4433) div     s0, t3, s8
core   0: 3 0x80009068 (0x038e4433) x 8 0x00000000
core   0: 0x8000906c (0x63995eb7) lui     t4, 0x63995
core   0: 3 0x8000906c (0x63995eb7) x29 0x63995000
core   0: 0x80009070 (0xbc167513) andi    a0, a2, -1087
core   0: 3 0x80009070 (0xbc167513) x10 0xf018fb40
core   0: 0x80009074 (0x02ffb733) mulhu   a4, t6, a5
core   0: 3 0x80009074 (0x02ffb733) x14 0x1a873800
core   0: 0x80009078 (0x01151bb3) sll     s7, a0, a7
core   0: 3 0x80009078 (0x01151bb3) x23 0xf018fb40
core   0: 0x8000907c (0x00601413) slli    s0, zero, 6
core   0: 3 0x8000907c (0x00601413) x 8 0x00000000
core   0: 0x80009080 (0x00bcde13) srli    t3, s9, 11
core   0: 3 0x80009080 (0x00bcde13) x28 0x00000000
core   0: 0x80009084 (0x01bf1d93) slli    s11, t5, 27
core   0: 3 0x80009084 (0x01bf1d93) x27 0xd8000000
core   0: 0x80009088 (0x40addb93) srai    s7, s11, 10
core   0: 3 0x80009088 (0x40addb93) x23 0xfff60000
core   0: 0x8000908c (0x413cd233) sra     tp, s9, s3
core   0: 3 0x8000908c (0x413cd233) x 4 0x00000000
core   0: 0x80009090 (0x010e8333) add     t1, t4, a6
core   0: 3 0x80009090 (0x010e8333) x 6 0x3f8e3778
core   0: 0x80009094 (0xdb18ae93) slti    t4, a7, -591
core   0: 3 0x80009094 (0xdb18ae93) x29 0x00000001
core   0: 0x80009098 (0x01f72e33) slt     t3, a4, t6
core   0: 3 0x80009098 (0x01f72e33) x28 0x00000001
core   0: 0x8000909c (0x01c41b93) slli    s7, s0, 28
core   0: 3 0x8000909c (0x01c41b93) x23 0x00000000
core   0: 0x800090a0 (0x406406b3) sub     a3, s0, t1
core   0: 3 0x800090a0 (0x406406b3) x13 0xc071c888
core   0: 0x800090a4 (0x03317733) remu    a4, sp, s3
core   0: 3 0x800090a4 (0x03317733) x14 0x80018ce4
core   0: 0x800090a8 (0x000c5e13) srli    t3, s8, 0
core   0: 3 0x800090a8 (0x000c5e13) x28 0xffffffff
core   0: 0x800090ac (0x01115e13) srli    t3, sp, 17
core   0: 3 0x800090ac (0x01115e13) x28 0x00004000
core   0: 0x800090b0 (0x88e22f93) slti    t6, tp, -1906
core   0: 3 0x800090b0 (0x88e22f93) x31 0x00000000
core   0: 0x800090b4 (0x033157b3) divu    a5, sp, s3
core   0: 3 0x800090b4 (0x033157b3) x15 0xffffffff
core   0: 0x800090b8 (0x02e1c033) div     zero, gp, a4
core   0: 3 0x800090b8 (0x02e1c033)
core   0: 0x800090bc (0x00794c33) xor     s8, s2, t2
core   0: 3 0x800090bc (0x00794c33) x24 0x6ee6d611
core   0: 0x800090c0 (0x548d2093) slti    ra, s10, 1352
core   0: 3 0x800090c0 (0x548d2093) x 1 0x00000001
core   0: 0x800090c4 (0x0256d4b3) divu    s1, a3, t0
core   0: 3 0x800090c4 (0x0256d4b3) x 9 0xc071c888
core   0: 0x800090c8 (0xb8db6f13) ori     t5, s6, -1139
core   0: 3 0x800090c8 (0xb8db6f13) x30 0xffffffed
core   0: 0x800090cc (0x007930b3) sltu    ra, s2, t2
core   0: 3 0x800090cc (0x007930b3) x 1 0x00000000
core   0: 0x800090d0 (0x021190b3) mulh    ra, gp, ra
core   0: 3 0x800090d0 (0x021190b3) x 1 0x00000000
core   0: 0x800090d4 (0x01f44533) xor     a0, s0, t6
core   0: 3 0x800090d4 (0x01f44533) x10 0x00000000
core   0: 0x800090d8 (0x027cec33) rem     s8, s9, t2
core   0: 3 0x800090d8 (0x027cec33) x24 0x00000000
core   0: 0x800090dc (0xdfe7e913) ori     s2, a5, -514
core   0: 3 0x800090dc (0xdfe7e913) x18 0xffffffff
core   0: 0x800090e0 (0x34e17893) andi    a7, sp, 846
core   0: 3 0x800090e0 (0x34e17893) x17 0x00000044
core   0: 0x800090e4 (0x00fd9033) sll     zero, s11, a5
core   0: 3 0x800090e4 (0x00fd9033)
core   0: 0x800090e8 (0x41315d93) srai    s11, sp, 19
core   0: 3 0x800090e8 (0x41315d93) x27 0xfffff000
core   0: 0x800090ec (0x02bc0433) mul     s0, s8, a1
core   0: 3 0x800090ec (0x02bc0433) x 8 0x00000000
core   0: 0x800090f0 (0xb03e3f37) lui     t5, 0xb03e3
core   0: 3 0x800090f0 (0xb03e3f37) x30 0xb03e3000
core   0: 0x800090f4 (0x1da44813) xori    a6, s0, 474
core   0: 3 0x800090f4 (0x1da44813) x16 0x000001da
core   0: 0x800090f8 (0x035b2f33) mulhsu  t5, s6, s5
core   0: 3 0x800090f8 (0x035b2f33) x30 0xc0001f42
core   0: 0x800090fc (0x00063eb3) sltu    t4, a2, zero
core   0: 3 0x800090fc (0x00063eb3) x29 0x00000000
core   0: 0x80009100 (0x02cabeb3) mulhu   t4, s5, a2
core   0: 3 0x80009100 (0x02cabeb3) x29 0x780db74e
core   0: 0x80009104 (0x02fcf033) remu    zero, s9, a5
core   0: 3 0x80009104 (0x02fcf033)
core   0: 0x80009108 (0x00039913) slli    s2, t2, 0
core   0: 3 0x80009108 (0x00039913) x18 0x91192fc8
core   0: 0x8000910c (0x00599413) slli    s0, s3, 5
core   0: 3 0x8000910c (0x00599413) x 8 0x00000000
core   0: 0x80009110 (0xeb4ba693) slti    a3, s7, -332
core   0: 3 0x80009110 (0xeb4ba693) x13 0x00000000
core   0: 0x80009114 (0x02d334b3) mulhu   s1, t1, a3
core   0: 3 0x80009114 (0x02d334b3) x 9 0x00000000
core   0: 0x80009118 (0x012ef2b3) and     t0, t4, s2
core   0: 3 0x80009118 (0x012ef2b3) x 5 0x10092748
core   0: 0x8000911c (0x11a7e413) ori     s0, a5, 282
core   0: 3 0x8000911c (0x11a7e413) x 8 0xffffffff
core   0: 0x80009120 (0x0108ab33) slt     s6, a7, a6
core   0: 3 0x80009120 (0x0108ab33) x22 0x00000001
core   0: 0x80009124 (0x0376aa33) mulhsu  s4, a3, s7
core   0: 3 0x80009124 (0x0376aa33) x20 0x00000000
core   0: 0x80009128 (0xd2570393) addi    t2, a4, -731
core   0: 3 0x80009128 (0xd2570393) x 7 0x80018a09
core   0: 0x8000912c (0x02c1e533) rem     a0, gp, a2
core   0: 3 0x8000912c (0x02c1e533) x10 0x00000000
core   0: 0x80009130 (0xc5960597) auipc   a1, 0xc5960
core   0: 3 0x80009130 (0xc5960597) x11 0x45969130
core   0: 0x80009134 (0x0373f933) remu    s2, t2, s7
core   0: 3 0x80009134 (0x0373f933) x18 0x80018a09
core   0: 0x80009138 (0x01689893) slli    a7, a7, 22
core   0: 3 0x80009138 (0x01689893) x17 0x11000000
core   0: 0x8000913c (0x47fb4713) xori    a4, s6, 1151
core   0: 3 0x8000913c (0x47fb4713) x14 0x0000047e
core   0: 0x80009140 (0x416206b3) sub     a3, tp, s6
core   0: 3 0x80009140 (0x416206b3) x13 0xffffffff
core   0: 0x80009144 (0x0332ce33) div     t3, t0, s3
core   0: 3 0x80009144 (0x0332ce33) x28 0xffffffff
core   0: 0x80009148 (0x400b5e13) srai    t3, s6, 0
core   0: 3 0x80009148 (0x400b5e13) x28 0x00000001
core   0: 0x8000914c (0x02c25e33) divu    t3, tp, a2
core   0: 3 0x8000914c (0x02c25e33) x28 0x00000000
core   0: 0x80009150 (0x02db3c33) mulhu   s8, s6, a3
core   0: 3 0x80009150 (0x02db3c33) x24 0x00000000
core   0: 0x80009154 (0x0066df13) srli    t5, a3, 6
core   0: 3 0x80009154 (0x0066df13) x30 0x03ffffff
core   0: 0x80009158 (0xe97c2437) lui     s0, 0xe97c2
core   0: 3 0x80009158 (0xe97c2437) x 8 0xe97c2000
core   0: 0x8000915c (0x40a95933) sra     s2, s2, a0
core   0: 3 0x8000915c (0x40a95933) x18 0x80018a09
core   0: 0x80009160 (0x039d83b3) mul     t2, s11, s9
core   0: 3 0x80009160 (0x039d83b3) x 7 0x00000000
core   0: 0x80009164 (0xd037f413) andi    s0, a5, -765
core   0: 3 0x80009164 (0xd037f413) x 8 0xfffffd03
core   0: 0x80009168 (0x010063b3) or      t2, zero, a6
core   0: 3 0x80009168 (0x010063b3) x 7 0x000001da
core   0: 0x8000916c (0x0255f3b3) remu    t2, a1, t0
core   0: 3 0x8000916c (0x0255f3b3) x 7 0x0571f410
core   0: 0x80009170 (0x6a80af17) auipc   t5, 0x6a80a
core   0: 3 0x80009170 (0x6a80af17) x30 0xea813170
core   0: 0x80009174 (0x4150d593) srai    a1, ra, 21
core   0: 3 0x80009174 (0x4150d593) x11 0x00000000
core   0: 0x80009178 (0x03bf4033) div     zero, t5, s11
core   0: 3 0x80009178 (0x03bf4033)
core   0: 0x8000917c (0x0102f6b3) and     a3, t0, a6
core   0: 3 0x8000917c (0x0102f6b3) x13 0x00000148
core   0: 0x80009180 (0x57836337) lui     t1, 0x57836
core   0: 3 0x80009180 (0x57836337) x 6 0x57836000
core   0: 0x80009184 (0xa28c2293) slti    t0, s8, -1496
core   0: 3 0x80009184 (0xa28c2293) x 5 0x00000000
core   0: 0x80009188 (0x40cf5b33) sra     s6, t5, a2
core   0: 3 0x80009188 (0x40cf5b33) x22 0xea813170
core   0: 0x8000918c (0xa2773813) sltiu   a6, a4, -1497
core   0: 3 0x8000918c (0xa2773813) x16 0x00000001
core   0: 0x80009190 (0x0389e6b3) rem     a3, s3, s8
core   0: 3 0x80009190 (0x0389e6b3) x13 0x00000000
core   0: 0x80009194 (0x40a8d313) srai    t1, a7, 10
core   0: 3 0x80009194 (0x40a8d313) x 6 0x00044000
core   0: 0x80009198 (0x005d1fb3) sll     t6, s10, t0
core   0: 3 0x80009198 (0x005d1fb3) x31 0xfffff9e3
core   0: 0x8000919c (0xbec78f93) addi    t6, a5, -1044
core   0: 3 0x8000919c (0xbec78f93) x31 0xfffffbeb
core   0: 0x800091a0 (0x249b3593) sltiu   a1, s6, 585
core   0: 3 0x800091a0 (0x249b3593) x11 0x00000000
core   0: 0x800091a4 (0x02036cb3) rem     s9, t1, zero
core   0: 3 0x800091a4 (0x02036cb3) x25 0x00044000
core   0: 0x800091a8 (0x7c642397) auipc   t2, 0x7c642
core   0: 3 0x800091a8 (0x7c642397) x 7 0xfc64b1a8
core   0: 0x800091ac (0x012c1413) slli    s0, s8, 18
core   0: 3 0x800091ac (0x012c1413) x 8 0x00000000
core   0: 0x800091b0 (0x03da4fb3) div     t6, s4, t4
core   0: 3 0x800091b0 (0x03da4fb3) x31 0x00000000
core   0: 0x800091b4 (0x00ae55b3) srl     a1, t3, a0
core   0: 3 0x800091b4 (0x00ae55b3) x11 0x00000000
core   0: 0x800091b8 (0x00000013) nop
core   0: 3 0x800091b8 (0x00000013)
core   0: 0x800091bc (0x290ccb13) xori    s6, s9, 656
core   0: 3 0x800091bc (0x290ccb13) x22 0x00044290
core   0: 0x800091c0 (0x01770cb3) add     s9, a4, s7
core   0: 3 0x800091c0 (0x01770cb3) x25 0x0000047e
core   0: 0x800091c4 (0x03f17eb3) remu    t4, sp, t6
core   0: 3 0x800091c4 (0x03f17eb3) x29 0x80018ce4
core   0: 0x800091c8 (0x00bc5213) srli    tp, s8, 11
core   0: 3 0x800091c8 (0x00bc5213) x 4 0x00000000
core   0: 0x800091cc (0x0013b1b3) sltu    gp, t2, ra
core   0: 3 0x800091cc (0x0013b1b3) x 3 0x00000000
core   0: 0x800091d0 (0x4e7aaf13) slti    t5, s5, 1255
core   0: 3 0x800091d0 (0x4e7aaf13) x30 0x00000001
core   0: 0x800091d4 (0x03894d33) div     s10, s2, s8
core   0: 3 0x800091d4 (0x03894d33) x26 0xffffffff
core   0: 0x800091d8 (0x01a603b3) add     t2, a2, s10
core   0: 3 0x800091d8 (0x01a603b3) x 7 0xf018fb5f
core   0: 0x800091dc (0xf5d4f413) andi    s0, s1, -163
core   0: 3 0x800091dc (0xf5d4f413) x 8 0x00000000
core   0: 0x800091e0 (0x01181a13) slli    s4, a6, 17
core   0: 3 0x800091e0 (0x01181a13) x20 0x00020000
core   0: 0x800091e4 (0x2cd8bf13) sltiu   t5, a7, 717
core   0: 3 0x800091e4 (0x2cd8bf13) x30 0x00000000
core   0: 0x800091e8 (0xa1b42313) slti    t1, s0, -1509
core   0: 3 0x800091e8 (0xa1b42313) x 6 0x00000000
core   0: 0x800091ec (0x0249deb3) divu    t4, s3, tp
core   0: 3 0x800091ec (0x0249deb3) x29 0xffffffff
core   0: 0x800091f0 (0x02b95833) divu    a6, s2, a1
core   0: 3 0x800091f0 (0x02b95833) x16 0xffffffff
core   0: 0x800091f4 (0x00e61933) sll     s2, a2, a4
core   0: 3 0x800091f4 (0x00e61933) x18 0x00000000
core   0: 0x800091f8 (0x9070e317) auipc   t1, 0x9070e
core   0: 3 0x800091f8 (0x9070e317) x 6 0x107171f8
core   0: 0x800091fc (0x0202beb3) mulhu   t4, t0, zero
core   0: 3 0x800091fc (0x0202beb3) x29 0x00000000
core   0: 0x80009200 (0x765c3893) sltiu   a7, s8, 1893
core   0: 3 0x80009200 (0x765c3893) x17 0x00000001
core   0: 0x80009204 (0x006f1713) slli    a4, t5, 6
core   0: 3 0x80009204 (0x006f1713) x14 0x00000000
core   0: 0x80009208 (0x004d2733) slt     a4, s10, tp
core   0: 3 0x80009208 (0x004d2733) x14 0x00000001
core   0: 0x8000920c (0x00483533) sltu    a0, a6, tp
core   0: 3 0x8000920c (0x00483533) x10 0x00000000
core   0: 0x80009210 (0x00966733) or      a4, a2, s1
core   0: 3 0x80009210 (0x00966733) x14 0xf018fb60
core   0: 0x80009214 (0x00000013) nop
core   0: 3 0x80009214 (0x00000013)
core   0: 0x80009218 (0x6ba3bd13) sltiu   s10, t2, 1722
core   0: 3 0x80009218 (0x6ba3bd13) x26 0x00000000
core   0: 0x8000921c (0x029a5fb3) divu    t6, s4, s1
core   0: 3 0x8000921c (0x029a5fb3) x31 0xffffffff
core   0: 0x80009220 (0x002b88b3) add     a7, s7, sp
core   0: 3 0x80009220 (0x002b88b3) x17 0x80018ce4
core   0: 0x80009224 (0x00679233) sll     tp, a5, t1
core   0: 3 0x80009224 (0x00679233) x 4 0xff000000
core   0: 0x80009228 (0xb4718e37) lui     t3, 0xb4718
core   0: 3 0x80009228 (0xb4718e37) x28 0xb4718000
core   0: 0x8000922c (0x017dbe33) sltu    t3, s11, s7
core   0: 3 0x8000922c (0x017dbe33) x28 0x00000000
core   0: 0x80009230 (0x03cb1433) mulh    s0, s6, t3
core   0: 3 0x80009230 (0x03cb1433) x 8 0x00000000
core   0: 0x80009234 (0x0092a933) slt     s2, t0, s1
core   0: 3 0x80009234 (0x0092a933) x18 0x00000000
core   0: 0x80009238 (0x002329b3) slt     s3, t1, sp
core   0: 3 0x80009238 (0x002329b3) x19 0x00000000
core   0: 0x8000923c (0x03fac933) div     s2, s5, t6
core   0: 3 0x8000923c (0x03fac933) x18 0x7ffeb19c
core   0: 0x80009240 (0x9d7ae693) ori     a3, s5, -1577
core   0: 3 0x80009240 (0x9d7ae693) x13 0xfffffff7
core   0: 0x80009244 (0x01da9493) slli    s1, s5, 29
core   0: 3 0x80009244 (0x01da9493) x 9 0x80000000
core   0: 0x80009248 (0x403e5513) srai    a0, t3, 3
core   0: 3 0x80009248 (0x403e5513) x10 0x00000000
core   0: 0x8000924c (0x03990db3) mul     s11, s2, s9
core   0: 3 0x8000924c (0x03990db3) x27 0xfa21dac8
core   0: 0x80009250 (0x032923b3) mulhsu  t2, s2, s2
core   0: 3 0x80009250 (0x032923b3) x 7 0x3ffeb19d
core   0: 0x80009254 (0x03530733) mul     a4, t1, s5
core   0: 3 0x80009254 (0x03530733) x14 0x6f0214e0
core   0: 0x80009258 (0x015aa333) slt     t1, s5, s5
core   0: 3 0x80009258 (0x015aa333) x 6 0x00000000
core   0: 0x8000925c (0x014b0e33) add     t3, s6, s4
core   0: 3 0x8000925c (0x014b0e33) x28 0x00064290
core   0: 0x80009260 (0x018b4eb3) xor     t4, s6, s8
core   0: 3 0x80009260 (0x018b4eb3) x29 0x00044290
core   0: 0x80009264 (0xf44b7793) andi    a5, s6, -188
core   0: 3 0x80009264 (0xf44b7793) x15 0x00044200
core   0: 0x80009268 (0x00000013) nop
core   0: 3 0x80009268 (0x00000013)
core   0: 0x8000926c (0x00000013) nop
core   0: 3 0x8000926c (0x00000013)
core   0: 0x80009270 (0x005f3033) sltu    zero, t5, t0
core   0: 3 0x80009270 (0x005f3033)
core   0: 0x80009274 (0x01edfdb3) and     s11, s11, t5
core   0: 3 0x80009274 (0x01edfdb3) x27 0x00000000
core   0: 0x80009278 (0x037deeb3) rem     t4, s11, s7
core   0: 3 0x80009278 (0x037deeb3) x29 0x00000000
core   0: 0x8000927c (0x01b1ecb3) or      s9, gp, s11
core   0: 3 0x8000927c (0x01b1ecb3) x25 0x00000000
core   0: 0x80009280 (0x008c8a33) add     s4, s9, s0
core   0: 3 0x80009280 (0x008c8a33) x20 0x00000000
core   0: 0x80009284 (0x00f6ef33) or      t5, a3, a5
core   0: 3 0x80009284 (0x00f6ef33) x30 0xfffffff7
core   0: 0x80009288 (0xe60e8993) addi    s3, t4, -416
core   0: 3 0x80009288 (0xe60e8993) x19 0xfffffe60
core   0: 0x8000928c (0x01e89893) slli    a7, a7, 30
core   0: 3 0x8000928c (0x01e89893) x17 0x00000000
core   0: 0x80009290 (0x017349b3) xor     s3, t1, s7
core   0: 3 0x80009290 (0x017349b3) x19 0x00000000
core   0: 0x80009294 (0x024d9cb3) mulh    s9, s11, tp
core   0: 3 0x80009294 (0x024d9cb3) x25 0x00000000
core   0: 0x80009298 (0x02357b33) remu    s6, a0, gp
core   0: 3 0x80009298 (0x02357b33) x22 0x00000000
core   0: 0x8000929c (0x018675b3) and     a1, a2, s8
core   0: 3 0x8000929c (0x018675b3) x11 0x00000000
core   0: 0x800092a0 (0x03697a33) remu    s4, s2, s6
core   0: 3 0x800092a0 (0x03697a33) x20 0x7ffeb19c
core   0: 0x800092a4 (0x958c9797) auipc   a5, 0x958c9
core   0: 3 0x800092a4 (0x958c9797) x15 0x158d22a4
core   0: 0x800092a8 (0x627db213) sltiu   tp, s11, 1575
core   0: 3 0x800092a8 (0x627db213) x 4 0x00000001
core   0: 0x800092ac (0x93615e97) auipc   t4, 0x93615
core   0: 3 0x800092ac (0x93615e97) x29 0x1361e2ac
core   0: 0x800092b0 (0x020d0c33) mul     s8, s10, zero
core   0: 3 0x800092b0 (0x020d0c33) x24 0x00000000
core   0: 0x800092b4 (0x013ca733) slt     a4, s9, s3
core   0: 3 0x800092b4 (0x013ca733) x14 0x00000000
core   0: 0x800092b8 (0x00f87033) and     zero, a6, a5
core   0: 3 0x800092b8 (0x00f87033)
core   0: 0x800092bc (0x03de3833) mulhu   a6, t3, t4
core   0: 3 0x800092bc (0x03de3833) x16 0x00007955
core   0: 0x800092c0 (0x02ee4eb3) div     t4, t3, a4
core   0: 3 0x800092c0 (0x02ee4eb3) x29 0xffffffff
core   0: 0x800092c4 (0x00000013) nop
core   0: 3 0x800092c4 (0x00000013)
core   0: 0x800092c8 (0x408a0233) sub     tp, s4, s0
core   0: 3 0x800092c8 (0x408a0233) x 4 0x7ffeb19c
core   0: 0x800092cc (0xda1f8893) addi    a7, t6, -607
core   0: 3 0x800092cc (0xda1f8893) x17 0xfffffda0
core   0: 0x800092d0 (0x92944a37) lui     s4, 0x92944
core   0: 3 0x800092d0 (0x92944a37) x20 0x92944000
core   0: 0x800092d4 (0x037cdb33) divu    s6, s9, s7
core   0: 3 0x800092d4 (0x037cdb33) x22 0xffffffff
core   0: 0x800092d8 (0x4143da13) srai    s4, t2, 20
core   0: 3 0x800092d8 (0x4143da13) x20 0x000003ff
core   0: 0x800092dc (0x01fd58b3) srl     a7, s10, t6
core   0: 3 0x800092dc (0x01fd58b3) x17 0x00000000
core   0: 0x800092e0 (0x03ce1bb3) mulh    s7, t3, t3
core   0: 3 0x800092e0 (0x03ce1bb3) x23 0x00000027
core   0: 0x800092e4 (0x375fcc13) xori    s8, t6, 885
core   0: 3 0x800092e4 (0x375fcc13) x24 0xfffffc8a
core   0: 0x800092e8 (0xd4b12f13) slti    t5, sp, -693
core   0: 3 0x800092e8 (0xd4b12f13) x30 0x00000001
core   0: 0x800092ec (0x00000013) nop
core   0: 3 0x800092ec (0x00000013)
core   0: 0x800092f0 (0x02d884b3) mul     s1, a7, a3
core   0: 3 0x800092f0 (0x02d884b3) x 9 0x00000000
core   0: 0x800092f4 (0xcf17b713) sltiu   a4, a5, -783
core   0: 3 0x800092f4 (0xcf17b713) x14 0x00000001
core   0: 0x800092f8 (0x02ea6db3) rem     s11, s4, a4
core   0: 3 0x800092f8 (0x02ea6db3) x27 0x00000000
core   0: 0x800092fc (0x3556ef17) auipc   t5, 0x3556e
core   0: 3 0x800092fc (0x3556ef17) x30 0xb55772fc
core   0: 0x80009300 (0x03a3ed33) rem     s10, t2, s10
core   0: 3 0x80009300 (0x03a3ed33) x26 0x3ffeb19d
core   0: 0x80009304 (0x00000013) nop
core   0: 3 0x80009304 (0x00000013)
core   0: 0x80009308 (0x69e712b7) lui     t0, 0x69e71
core   0: 3 0x80009308 (0x69e712b7) x 5 0x69e71000
core   0: 0x8000930c (0x41de5933) sra     s2, t3, t4
core   0: 3 0x8000930c (0x41de5933) x18 0x00000000
core   0: 0x80009310 (0xf4174813) xori    a6, a4, -191
core   0: 3 0x80009310 (0xf4174813) x16 0xffffff40
core   0: 0x80009314 (0x02af0e33) mul     t3, t5, a0
core   0: 3 0x80009314 (0x02af0e33) x28 0x00000000
core   0: 0x80009318 (0x4079dc33) sra     s8, s3, t2
core   0: 3 0x80009318 (0x4079dc33) x24 0x00000000
core   0: 0x8000931c (0x017df1b3) and     gp, s11, s7
core   0: 3 0x8000931c (0x017df1b3) x 3 0x00000000
core   0: 0x80009320 (0x0280c1b3) div     gp, ra, s0
core   0: 3 0x80009320 (0x0280c1b3) x 3 0xffffffff
core   0: 0x80009324 (0x03dfdd33) divu    s10, t6, t4
core   0: 3 0x80009324 (0x03dfdd33) x26 0x00000001
core   0: 0x80009328 (0x01592733) slt     a4, s2, s5
core   0: 3 0x80009328 (0x01592733) x14 0x00000000
core   0: 0x8000932c (0x01019db3) sll     s11, gp, a6
core   0: 3 0x8000932c (0x01019db3) x27 0xffffffff
core   0: 0x80009330 (0x02a45cb3) divu    s9, s0, a0
core   0: 3 0x80009330 (0x02a45cb3) x25 0xffffffff
core   0: 0x80009334 (0x00b58a33) add     s4, a1, a1
core   0: 3 0x80009334 (0x00b58a33) x20 0x00000000
core   0: 0x80009338 (0x000ed893) srli    a7, t4, 0
core   0: 3 0x80009338 (0x000ed893) x17 0xffffffff
core   0: 0x8000933c (0xbeaaa193) slti    gp, s5, -1046
core   0: 3 0x8000933c (0xbeaaa193) x 3 0x00000001
core   0: 0x80009340 (0xf3d54713) xori    a4, a0, -195
core   0: 3 0x80009340 (0xf3d54713) x14 0xffffff3d
core   0: 0x80009344 (0x02aad533) divu    a0, s5, a0
core   0: 3 0x80009344 (0x02aad533) x10 0xffffffff
core   0: 0x80009348 (0x00f51793) slli    a5, a0, 15
core   0: 3 0x80009348 (0x00f51793) x15 0xffff8000
core   0: 0x8000934c (0x00cb9a33) sll     s4, s7, a2
core   0: 3 0x8000934c (0x00cb9a33) x20 0x00000027
core   0: 0x80009350 (0x0075d833) srl     a6, a1, t2
core   0: 3 0x80009350 (0x0075d833) x16 0x00000000
core   0: 0x80009354 (0x00ee5e33) srl     t3, t3, a4
core   0: 3 0x80009354 (0x00ee5e33) x28 0x00000000
core   0: 0x80009358 (0x0203f2b3) remu    t0, t2, zero
core   0: 3 0x80009358 (0x0203f2b3) x 5 0x3ffeb19d
core   0: 0x8000935c (0x030cd433) divu    s0, s9, a6
core   0: 3 0x8000935c (0x030cd433) x 8 0xffffffff
core   0: 0x80009360 (0x6812b313) sltiu   t1, t0, 1665
core   0: 3 0x80009360 (0x6812b313) x 6 0x00000000
core   0: 0x80009364 (0xd5e12e13) slti    t3, sp, -674
core   0: 3 0x80009364 (0xd5e12e13) x28 0x00000001
core   0: 0x80009368 (0x01e698b3) sll     a7, a3, t5
core   0: 3 0x80009368 (0x01e698b3) x17 0x70000000
core   0: 0x8000936c (0x01834fb3) xor     t6, t1, s8
core   0: 3 0x8000936c (0x01834fb3) x31 0x00000000
core   0: 0x80009370 (0x00ba52b3) srl     t0, s4, a1
core   0: 3 0x80009370 (0x00ba52b3) x 5 0x00000027
core   0: 0x80009374 (0x014eb733) sltu    a4, t4, s4
core   0: 3 0x80009374 (0x014eb733) x14 0x00000000
core   0: 0x80009378 (0x03e71933) mulh    s2, a4, t5
core   0: 3 0x80009378 (0x03e71933) x18 0x00000000
core   0: 0x8000937c (0x0347de33) divu    t3, a5, s4
core   0: 3 0x8000937c (0x0347de33) x28 0x069065be
core   0: 0x80009380 (0x006e93b3) sll     t2, t4, t1
core   0: 3 0x80009380 (0x006e93b3) x 7 0xffffffff
core   0: 0x80009384 (0x285b3917) auipc   s2, 0x285b3
core   0: 3 0x80009384 (0x285b3917) x18 0xa85bc384
core   0: 0x80009388 (0x950a6913) ori     s2, s4, -1712
core   0: 3 0x80009388 (0x950a6913) x18 0xfffff977
core   0: 0x8000938c (0x030aeb33) rem     s6, s5, a6
core   0: 3 0x8000938c (0x030aeb33) x22 0x80014e64
core   0: 0x80009390 (0x06778093) addi    ra, a5, 103
core   0: 3 0x80009390 (0x06778093) x 1 0xffff8067
core   0: 0x80009394 (0x015b2033) slt     zero, s6, s5
core   0: 3 0x80009394 (0x015b2033)
core   0: 0x80009398 (0x025700b3) mul     ra, a4, t0
core   0: 3 0x80009398 (0x025700b3) x 1 0x00000000
core   0: 0x8000939c (0x00e31eb3) sll     t4, t1, a4
core   0: 3 0x8000939c (0x00e31eb3) x29 0x00000000
core   0: 0x800093a0 (0x033e0433) mul     s0, t3, s3
core   0: 3 0x800093a0 (0x033e0433) x 8 0x00000000
core   0: 0x800093a4 (0x00000013) nop
core   0: 3 0x800093a4 (0x00000013)
core   0: 0x800093a8 (0x0070be33) sltu    t3, ra, t2
core   0: 3 0x800093a8 (0x0070be33) x28 0x00000001
core   0: 0x800093ac (0x1d4b5b97) auipc   s7, 0x1d4b5
core   0: 3 0x800093ac (0x1d4b5b97) x23 0x9d4be3ac
core   0: 0x800093b0 (0x00000013) nop
core   0: 3 0x800093b0 (0x00000013)
core   0: 0x800093b4 (0x923cd6b7) lui     a3, 0x923cd
core   0: 3 0x800093b4 (0x923cd6b7) x13 0x923cd000
core   0: 0x800093b8 (0x00ea10b3) sll     ra, s4, a4
core   0: 3 0x800093b8 (0x00ea10b3) x 1 0x00000027
core   0: 0x800093bc (0x02400533) mul     a0, zero, tp
core   0: 3 0x800093bc (0x02400533) x10 0x00000000
core   0: 0x800093c0 (0xcabbf597) auipc   a1, 0xcabbf
core   0: 3 0x800093c0 (0xcabbf597) x11 0x4abc83c0
core   0: 0x800093c4 (0x03a5d033) divu    zero, a1, s10
core   0: 3 0x800093c4 (0x03a5d033)
core   0: 0x800093c8 (0x01fd6d33) or      s10, s10, t6
core   0: 3 0x800093c8 (0x01fd6d33) x26 0x00000001
core   0: 0x800093cc (0x007dc9b3) xor     s3, s11, t2
core   0: 3 0x800093cc (0x007dc9b3) x19 0x00000000
core   0: 0x800093d0 (0x410c5a13) srai    s4, s8, 16
core   0: 3 0x800093d0 (0x410c5a13) x20 0x00000000
core   0: 0x800093d4 (0x00b3d293) srli    t0, t2, 11
core   0: 3 0x800093d4 (0x00b3d293) x 5 0x001fffff
core   0: 0x800093d8 (0x009a13b3) sll     t2, s4, s1
core   0: 3 0x800093d8 (0x009a13b3) x 7 0x00000000
core   0: 0x800093dc (0x40f8d8b3) sra     a7, a7, a5
core   0: 3 0x800093dc (0x40f8d8b3) x17 0x70000000
core   0: 0x800093e0 (0x03a97333) remu    t1, s2, s10
core   0: 3 0x800093e0 (0x03a97333) x 6 0x00000000
core   0: 0x800093e4 (0x01ae38b3) sltu    a7, t3, s10
core   0: 3 0x800093e4 (0x01ae38b3) x17 0x00000000
core   0: 0x800093e8 (0x00000013) nop
core   0: 3 0x800093e8 (0x00000013)
core   0: 0x800093ec (0x726e3c17) auipc   s8, 0x726e3
core   0: 3 0x800093ec (0x726e3c17) x24 0xf26ec3ec
core   0: 0x800093f0 (0x0a016d13) ori     s10, sp, 160
core   0: 3 0x800093f0 (0x0a016d13) x26 0x80018ce4
core   0: 0x800093f4 (0x00000013) nop
core   0: 3 0x800093f4 (0x00000013)
core   0: 0x800093f8 (0x033dc533) div     a0, s11, s3
core   0: 3 0x800093f8 (0x033dc533) x10 0xffffffff
core   0: 0x800093fc (0x030f7f33) remu    t5, t5, a6
core   0: 3 0x800093fc (0x030f7f33) x30 0xb55772fc
core   0: 0x80009400 (0xa1e1bd17) auipc   s10, 0xa1e1b
core   0: 3 0x80009400 (0xa1e1bd17) x26 0x21e24400
core   0: 0x80009404 (0x008da2b3) slt     t0, s11, s0
core   0: 3 0x80009404 (0x008da2b3) x 5 0x00000001
core   0: 0x80009408 (0x00000013) nop
core   0: 3 0x80009408 (0x00000013)
core   0: 0x8000940c (0x00000013) nop
core   0: 3 0x8000940c (0x00000013)
core   0: 0x80009410 (0x012d0833) add     a6, s10, s2
core   0: 3 0x80009410 (0x012d0833) x16 0x21e23d77
core   0: 0x80009414 (0xadac02b7) lui     t0, 0xadac0
core   0: 3 0x80009414 (0xadac02b7) x 5 0xadac0000
core   0: 0x80009418 (0x00469893) slli    a7, a3, 4
core   0: 3 0x80009418 (0x00469893) x17 0x23cd0000
core   0: 0x8000941c (0x3d666593) ori     a1, a2, 982
core   0: 3 0x8000941c (0x3d666593) x11 0xf018fbf6
core   0: 0x80009420 (0x028d72b3) remu    t0, s10, s0
core   0: 3 0x80009420 (0x028d72b3) x 5 0x21e24400
core   0: 0x80009424 (0x03417b33) remu    s6, sp, s4
core   0: 3 0x80009424 (0x03417b33) x22 0x80018ce4
core   0: 0x80009428 (0x0060b233) sltu    tp, ra, t1
core   0: 3 0x80009428 (0x0060b233) x 4 0x00000000
core   0: 0x8000942c (0x01db5c13) srli    s8, s6, 29
core   0: 3 0x8000942c (0x01db5c13) x24 0x00000004
core   0: 0x80009430 (0x01766c33) or      s8, a2, s7
core   0: 3 0x80009430 (0x01766c33) x24 0xfd5bfbec
core   0: 0x80009434 (0x01314bb3) xor     s7, sp, s3
core   0: 3 0x80009434 (0x01314bb3) x23 0x80018ce4
core   0: 0x80009438 (0x00000013) nop
core   0: 3 0x80009438 (0x00000013)
core   0: 0x8000943c (0x00f81693) slli    a3, a6, 15
core   0: 3 0x8000943c (0x00f81693) x13 0x1ebb8000
core   0: 0x80009440 (0xbe406f93) ori     t6, zero, -1052
core   0: 3 0x80009440 (0xbe406f93) x31 0xfffffbe4
core   0: 0x80009444 (0x0028f0b3) and     ra, a7, sp
core   0: 3 0x80009444 (0x0028f0b3) x 1 0x00010000
core   0: 0x80009448 (0x008cdc13) srli    s8, s9, 8
core   0: 3 0x80009448 (0x008cdc13) x24 0x00ffffff
core   0: 0x8000944c (0x01ba01b3) add     gp, s4, s11
core   0: 3 0x8000944c (0x01ba01b3) x 3 0xffffffff
core   0: 0x80009450 (0x01cd42b3) xor     t0, s10, t3
core   0: 3 0x80009450 (0x01cd42b3) x 5 0x21e24401
core   0: 0x80009454 (0x0196d393) srli    t2, a3, 25
core   0: 3 0x80009454 (0x0196d393) x 7 0x0000000f
core   0: 0x80009458 (0x0005acb3) slt     s9, a1, zero
core   0: 3 0x80009458 (0x0005acb3) x25 0x00000001
core   0: 0x8000945c (0x41dad3b3) sra     t2, s5, t4
core   0: 3 0x8000945c (0x41dad3b3) x 7 0x80014e64
core   0: 0x80009460 (0x9cbaaf13) slti    t5, s5, -1589
core   0: 3 0x80009460 (0x9cbaaf13) x30 0x00000001
core   0: 0x80009464 (0x00dd8eb3) add     t4, s11, a3
core   0: 3 0x80009464 (0x00dd8eb3) x29 0x1ebb7fff
core   0: 0x80009468 (0xc2256813) ori     a6, a0, -990
core   0: 3 0x80009468 (0xc2256813) x16 0xffffffff
core   0: 0x8000946c (0x010ac033) xor     zero, s5, a6
core   0: 3 0x8000946c (0x010ac033)
core   0: 0x80009470 (0x03d5deb3) divu    t4, a1, t4
core   0: 3 0x80009470 (0x03d5deb3) x29 0x00000007
core   0: 0x80009474 (0x18fd4c37) lui     s8, 0x18fd4
core   0: 3 0x80009474 (0x18fd4c37) x24 0x18fd4000
core   0: 0x80009478 (0x004c46b3) xor     a3, s8, tp
core   0: 3 0x80009478 (0x004c46b3) x13 0x18fd4000
core   0: 0x8000947c (0x00128f33) add     t5, t0, ra
core   0: 3 0x8000947c (0x00128f33) x30 0x21e34401
core   0: 0x80009480 (0xec0bb593) sltiu   a1, s7, -320
core   0: 3 0x80009480 (0xec0bb593) x11 0x00000001
core   0: 0x80009484 (0x00000013) nop
core   0: 3 0x80009484 (0x00000013)
core   0: 0x80009488 (0x023109b3) mul     s3, sp, gp
core   0: 3 0x80009488 (0x023109b3) x19 0x7ffe731c
core   0: 0x8000948c (0x02f567b3) rem     a5, a0, a5
core   0: 3 0x8000948c (0x02f567b3) x15 0xffffffff
core   0: 0x80009490 (0x00cb1413) slli    s0, s6, 12
core   0: 3 0x80009490 (0x00cb1413) x 8 0x18ce4000
core   0: 0x80009494 (0x03b035b3) mulhu   a1, zero, s11
core   0: 3 0x80009494 (0x03b035b3) x11 0x00000000
core   0: 0x80009498 (0x034ad0b3) divu    ra, s5, s4
core   0: 3 0x80009498 (0x034ad0b3) x 1 0xffffffff
core   0: 0x8000949c (0x00f9ae33) slt     t3, s3, a5
core   0: 3 0x8000949c (0x00f9ae33) x28 0x00000000
core   0: 0x800094a0 (0x01393a33) sltu    s4, s2, s3
core   0: 3 0x800094a0 (0x01393a33) x20 0x00000000
core   0: 0x800094a4 (0x00000013) nop
core   0: 3 0x800094a4 (0x00000013)
core   0: 0x800094a8 (0x01a19a33) sll     s4, gp, s10
core   0: 3 0x800094a8 (0x01a19a33) x20 0xffffffff
core   0: 0x800094ac (0x3e1ca313) slti    t1, s9, 993
core   0: 3 0x800094ac (0x3e1ca313) x 6 0x00000001
core   0: 0x800094b0 (0xdf204193) xori    gp, zero, -526
core   0: 3 0x800094b0 (0xdf204193) x 3 0xfffffdf2
core   0: 0x800094b4 (0x00000013) nop
core   0: 3 0x800094b4 (0x00000013)
core   0: 0x800094b8 (0x000a03b3) add     t2, s4, zero
core   0: 3 0x800094b8 (0x000a03b3) x 7 0xffffffff
core   0: 0x800094bc (0x401bbf93) sltiu   t6, s7, 1025
core   0: 3 0x800094bc (0x401bbf93) x31 0x00000000
core   0: 0x800094c0 (0x00842f33) slt     t5, s0, s0
core   0: 3 0x800094c0 (0x00842f33) x30 0x00000000
core   0: 0x800094c4 (0x02c1e3b3) rem     t2, gp, a2
core   0: 3 0x800094c4 (0x02c1e3b3) x 7 0xfffffdf2
core   0: 0x800094c8 (0x00000013) nop
core   0: 3 0x800094c8 (0x00000013)
core   0: 0x800094cc (0x9057cc93) xori    s9, a5, -1787
core   0: 3 0x800094cc (0x9057cc93) x25 0x000006fa
core   0: 0x800094d0 (0x02835c33) divu    s8, t1, s0
core   0: 3 0x800094d0 (0x02835c33) x24 0x00000000
core   0: 0x800094d4 (0x00854433) xor     s0, a0, s0
core   0: 3 0x800094d4 (0x00854433) x 8 0xe731bfff
core   0: 0x800094d8 (0x01e66eb3) or      t4, a2, t5
core   0: 3 0x800094d8 (0x01e66eb3) x29 0xf018fb60
core   0: 0x800094dc (0x03441033) mulh    zero, s0, s4
core   0: 3 0x800094dc (0x03441033)
core   0: 0x800094e0 (0x40c85f13) srai    t5, a6, 12
core   0: 3 0x800094e0 (0x40c85f13) x30 0xffffffff
core   0: 0x800094e4 (0x74bf4c93) xori    s9, t5, 1867
core   0: 3 0x800094e4 (0x74bf4c93) x25 0xfffff8b4
core   0: 0x800094e8 (0x016ca2b3) slt     t0, s9, s6
core   0: 3 0x800094e8 (0x016ca2b3) x 5 0x00000000
core   0: 0x800094ec (0x00da0fb3) add     t6, s4, a3
core   0: 3 0x800094ec (0x00da0fb3) x31 0x18fd3fff
core   0: 0x800094f0 (0x03e879b3) remu    s3, a6, t5
core   0: 3 0x800094f0 (0x03e879b3) x19 0x00000000
core   0: 0x800094f4 (0x026fa1b3) mulhsu  gp, t6, t1
core   0: 3 0x800094f4 (0x026fa1b3) x 3 0x00000000
core   0: 0x800094f8 (0x021548b3) div     a7, a0, ra
core   0: 3 0x800094f8 (0x021548b3) x17 0x00000001
core   0: 0x800094fc (0xe0746eb7) lui     t4, 0xe0746
core   0: 3 0x800094fc (0xe0746eb7) x29 0xe0746000
core   0: 0x80009500 (0x96ae2093) slti    ra, t3, -1686
core   0: 3 0x80009500 (0x96ae2093) x 1 0x00000000
core   0: 0x80009504 (0x011fb733) sltu    a4, t6, a7
core   0: 3 0x80009504 (0x011fb733) x14 0x00000000
core   0: 0x80009508 (0x40550e33) sub     t3, a0, t0
core   0: 3 0x80009508 (0x40550e33) x28 0xffffffff
core   0: 0x8000950c (0x3891e937) lui     s2, 0x3891e
core   0: 3 0x8000950c (0x3891e937) x18 0x3891e000
core   0: 0x80009510 (0x0138ab33) slt     s6, a7, s3
core   0: 3 0x80009510 (0x0138ab33) x22 0x00000000
core   0: 0x80009514 (0x01460eb3) add     t4, a2, s4
core   0: 3 0x80009514 (0x01460eb3) x29 0xf018fb5f
core   0: 0x80009518 (0x0348d433) divu    s0, a7, s4
core   0: 3 0x80009518 (0x0348d433) x 8 0x00000000
core   0: 0x8000951c (0x012d1093) slli    ra, s10, 18
core   0: 3 0x8000951c (0x012d1093) x 1 0x10000000
core   0: 0x80009520 (0x000094b3) sll     s1, ra, zero
core   0: 3 0x80009520 (0x000094b3) x 9 0x10000000
core   0: 0x80009524 (0x01e99793) slli    a5, s3, 30
core   0: 3 0x80009524 (0x01e99793) x15 0x00000000
core   0: 0x80009528 (0x400fd3b3) sra     t2, t6, zero
core   0: 3 0x80009528 (0x400fd3b3) x 7 0x18fd3fff
core   0: 0x8000952c (0x0109bf33) sltu    t5, s3, a6
core   0: 3 0x8000952c (0x0109bf33) x30 0x00000001
core   0: 0x80009530 (0x02b2b8b3) mulhu   a7, t0, a1
core   0: 3 0x80009530 (0x02b2b8b3) x17 0x00000000
core   0: 0x80009534 (0x014065b3) or      a1, zero, s4
core   0: 3 0x80009534 (0x014065b3) x11 0xffffffff
core   0: 0x80009538 (0x00141693) slli    a3, s0, 1
core   0: 3 0x80009538 (0x00141693) x13 0x00000000
core   0: 0x8000953c (0xe4c92313) slti    t1, s2, -436
core   0: 3 0x8000953c (0xe4c92313) x 6 0x00000000
core   0: 0x80009540 (0x40be58b3) sra     a7, t3, a1
core   0: 3 0x80009540 (0x40be58b3) x17 0xffffffff
core   0: 0x80009544 (0x6757c213) xori    tp, a5, 1653
core   0: 3 0x80009544 (0x6757c213) x 4 0x00000675
core   0: 0x80009548 (0x0331d3b3) divu    t2, gp, s3
core   0: 3 0x80009548 (0x0331d3b3) x 7 0xffffffff
core   0: 0x8000954c (0x03b73733) mulhu   a4, a4, s11
core   0: 3 0x8000954c (0x03b73733) x14 0x00000000
core   0: 0x80009550 (0x01185e93) srli    t4, a6, 17
core   0: 3 0x80009550 (0x01185e93) x29 0x00007fff
core   0: 0x80009554 (0x01afacb3) slt     s9, t6, s10
core   0: 3 0x80009554 (0x01afacb3) x25 0x00000001
core   0: 0x80009558 (0x41a58bb3) sub     s7, a1, s10
core   0: 3 0x80009558 (0x41a58bb3) x23 0xde1dbbff
core   0: 0x8000955c (0x02190b33) mul     s6, s2, ra
core   0: 3 0x8000955c (0x02190b33) x22 0x00000000
core   0: 0x80009560 (0x01d7cbb3) xor     s7, a5, t4
core   0: 3 0x80009560 (0x01d7cbb3) x23 0x00007fff
core   0: 0x80009564 (0x41205933) sra     s2, zero, s2
core   0: 3 0x80009564 (0x41205933) x18 0x00000000
core   0: 0x80009568 (0x03dbc933) div     s2, s7, t4
core   0: 3 0x80009568 (0x03dbc933) x18 0x00000001
core   0: 0x8000956c (0x00000013) nop
core   0: 3 0x8000956c (0x00000013)
core   0: 0x80009570 (0x010cbb33) sltu    s6, s9, a6
core   0: 3 0x80009570 (0x010cbb33) x22 0x00000001
core   0: 0x80009574 (0x018970b3) and     ra, s2, s8
core   0: 3 0x80009574 (0x018970b3) x 1 0x00000000
core   0: 0x80009578 (0x9cfaee93) ori     t4, s5, -1585
core   0: 3 0x80009578 (0x9cfaee93) x29 0xffffffef
core   0: 0x8000957c (0xfd91b813) sltiu   a6, gp, -39
core   0: 3 0x8000957c (0xfd91b813) x16 0x00000001
core   0: 0x80009580 (0x017f57b3) srl     a5, t5, s7
core   0: 3 0x80009580 (0x017f57b3) x15 0x00000000
core   0: 0x80009584 (0x404c5413) srai    s0, s8, 4
core   0: 3 0x80009584 (0x404c5413) x 8 0x00000000
core   0: 0x80009588 (0x00b7e433) or      s0, a5, a1
core   0: 3 0x80009588 (0x00b7e433) x 8 0xffffffff
core   0: 0x8000958c (0x0a10e013) ori     zero, ra, 161
core   0: 3 0x8000958c (0x0a10e013)
core   0: 0x80009590 (0x00dd55b3) srl     a1, s10, a3
core   0: 3 0x80009590 (0x00dd55b3) x11 0x21e24400
core   0: 0x80009594 (0x0376d9b3) divu    s3, a3, s7
core   0: 3 0x80009594 (0x0376d9b3) x19 0x00000000
core   0: 0x80009598 (0x026ba933) mulhsu  s2, s7, t1
core   0: 3 0x80009598 (0x026ba933) x18 0x00000000
core   0: 0x8000959c (0x00cd2c33) slt     s8, s10, a2
core   0: 3 0x8000959c (0x00cd2c33) x24 0x00000000
core   0: 0x800095a0 (0xbde7c3b7) lui     t2, 0xbde7c
core   0: 3 0x800095a0 (0xbde7c3b7) x 7 0xbde7c000
core   0: 0x800095a4 (0x6e5ac813) xori    a6, s5, 1765
core   0: 3 0x800095a4 (0x6e5ac813) x16 0x80014881
core   0: 0x800095a8 (0x00eb79b3) and     s3, s6, a4
core   0: 3 0x800095a8 (0x00eb79b3) x19 0x00000000
core   0: 0x800095ac (0x40bc5293) srai    t0, s8, 11
core   0: 3 0x800095ac (0x40bc5293) x 5 0x00000000
core   0: 0x800095b0 (0x0256c933) div     s2, a3, t0
core   0: 3 0x800095b0 (0x0256c933) x18 0xffffffff
core   0: 0x800095b4 (0x01e739b3) sltu    s3, a4, t5
core   0: 3 0x800095b4 (0x01e739b3) x19 0x00000001
core   0: 0x800095b8 (0x01054433) xor     s0, a0, a6
core   0: 3 0x800095b8 (0x01054433) x 8 0x7ffeb77e
core   0: 0x800095bc (0xcc2b7093) andi    ra, s6, -830
core   0: 3 0x800095bc (0xcc2b7093) x 1 0x00000000
core   0: 0x800095c0 (0x02d5d9b3) divu    s3, a1, a3
core   0: 3 0x800095c0 (0x02d5d9b3) x19 0xffffffff
core   0: 0x800095c4 (0x8aa90b97) auipc   s7, 0x8aa90
core   0: 3 0x800095c4 (0x8aa90b97) x23 0x0aa995c4
core   0: 0x800095c8 (0x016f1b13) slli    s6, t5, 22
core   0: 3 0x800095c8 (0x016f1b13) x22 0x00400000
core   0: 0x800095cc (0x017eb4b3) sltu    s1, t4, s7
core   0: 3 0x800095cc (0x017eb4b3) x 9 0x00000000
core   0: 0x800095d0 (0x01fd6fb3) or      t6, s10, t6
core   0: 3 0x800095d0 (0x01fd6fb3) x31 0x39ff7fff
core   0: 0x800095d4 (0x014679b3) and     s3, a2, s4
core   0: 3 0x800095d4 (0x014679b3) x19 0xf018fb60
core   0: 0x800095d8 (0x03699eb3) mulh    t4, s3, s6
core   0: 3 0x800095d8 (0x03699eb3) x29 0xfffc063e
core   0: 0x800095dc (0xdb9f3a37) lui     s4, 0xdb9f3
core   0: 3 0x800095dc (0xdb9f3a37) x20 0xdb9f3000
core   0: 0x800095e0 (0xdb3f7e13) andi    t3, t5, -589
core   0: 3 0x800095e0 (0xdb3f7e13) x28 0x00000001
core   0: 0x800095e4 (0x88b26c37) lui     s8, 0x88b26
core   0: 3 0x800095e4 (0x88b26c37) x24 0x88b26000
core   0: 0x800095e8 (0xbaa58c13) addi    s8, a1, -1110
core   0: 3 0x800095e8 (0xbaa58c13) x24 0x21e23faa
core   0: 0x800095ec (0x0390a3b3) mulhsu  t2, ra, s9
core   0: 3 0x800095ec (0x0390a3b3) x 7 0x00000000
core   0: 0x800095f0 (0x95f1ef93) ori     t6, gp, -1697
core   0: 3 0x800095f0 (0x95f1ef93) x31 0xfffff95f
core   0: 0x800095f4 (0x6f64b693) sltiu   a3, s1, 1782
core   0: 3 0x800095f4 (0x6f64b693) x13 0x00000001
core   0: 0x800095f8 (0x0036fc33) and     s8, a3, gp
core   0: 3 0x800095f8 (0x0036fc33) x24 0x00000000
core   0: 0x800095fc (0x03cb1933) mulh    s2, s6, t3
core   0: 3 0x800095fc (0x03cb1933) x18 0x00000000
core   0: 0x80009600 (0x02d0c1b3) div     gp, ra, a3
core   0: 3 0x80009600 (0x02d0c1b3) x 3 0x00000000
core   0: 0x80009604 (0x417250b3) sra     ra, tp, s7
core   0: 3 0x80009604 (0x417250b3) x 1 0x00000067
core   0: 0x80009608 (0x41265db3) sra     s11, a2, s2
core   0: 3 0x80009608 (0x41265db3) x27 0xf018fb60
core   0: 0x8000960c (0x00abdc93) srli    s9, s7, 10
core   0: 3 0x8000960c (0x00abdc93) x25 0x0002aa65
core   0: 0x80009610 (0x0347a5b3) mulhsu  a1, a5, s4
core   0: 3 0x80009610 (0x0347a5b3) x11 0x00000000
core   0: 0x80009614 (0xe57ec213) xori    tp, t4, -425
core   0: 3 0x80009614 (0xe57ec213) x 4 0x0003f869
core   0: 0x80009618 (0xbbf35d37) lui     s10, 0xbbf35
core   0: 3 0x80009618 (0xbbf35d37) x26 0xbbf35000
core   0: 0x8000961c (0x26e2a693) slti    a3, t0, 622
core   0: 3 0x8000961c (0x26e2a693) x13 0x00000001
core   0: 0x80009620 (0x03555eb3) divu    t4, a0, s5
core   0: 3 0x80009620 (0x03555eb3) x29 0x00000001
core   0: 0x80009624 (0x40bd0513) addi    a0, s10, 1035
core   0: 3 0x80009624 (0x40bd0513) x10 0xbbf3540b
core   0: 0x80009628 (0x41e20a33) sub     s4, tp, t5
core   0: 3 0x80009628 (0x41e20a33) x20 0x0003f868
core   0: 0x8000962c (0x43ebb593) sltiu   a1, s7, 1086
core   0: 3 0x8000962c (0x43ebb593) x11 0x00000000
core   0: 0x80009630 (0x009c9b93) slli    s7, s9, 9
core   0: 3 0x80009630 (0x009c9b93) x23 0x0554ca00
core   0: 0x80009634 (0x012eb1b3) sltu    gp, t4, s2
core   0: 3 0x80009634 (0x012eb1b3) x 3 0x00000000
core   0: 0x80009638 (0x01dd0533) add     a0, s10, t4
core   0: 3 0x80009638 (0x01dd0533) x10 0xbbf35001
core   0: 0x8000963c (0x01ee14b3) sll     s1, t3, t5
core   0: 3 0x8000963c (0x01ee14b3) x 9 0x00000002
core   0: 0x80009640 (0x401d02b3) sub     t0, s10, ra
core   0: 3 0x80009640 (0x401d02b3) x 5 0xbbf34f99
core   0: 0x80009644 (0xc0eb4a13) xori    s4, s6, -1010
core   0: 3 0x80009644 (0xc0eb4a13) x20 0xffbffc0e
core   0: 0x80009648 (0x0077e5b3) or      a1, a5, t2
core   0: 3 0x80009648 (0x0077e5b3) x11 0x00000000
core   0: 0x8000964c (0xae54e893) ori     a7, s1, -1307
core   0: 3 0x8000964c (0xae54e893) x17 0xfffffae7
core   0: 0x80009650 (0x41b08e33) sub     t3, ra, s11
core   0: 3 0x80009650 (0x41b08e33) x28 0x0fe70507
core   0: 0x80009654 (0x690f2693) slti    a3, t5, 1680
core   0: 3 0x80009654 (0x690f2693) x13 0x00000001
core   0: 0x80009658 (0x03a32333) mulhsu  t1, t1, s10
core   0: 3 0x80009658 (0x03a32333) x 6 0x00000000
core   0: 0x8000965c (0x01fa18b3) sll     a7, s4, t6
core   0: 3 0x8000965c (0x01fa18b3) x17 0x00000000
core   0: 0x80009660 (0x02cd9e33) mulh    t3, s11, a2
core   0: 3 0x80009660 (0x02cd9e33) x28 0x00fce304
core   0: 0x80009664 (0x1a203813) sltiu   a6, zero, 418
core   0: 3 0x80009664 (0x1a203813) x16 0x00000001
core   0: 0x80009668 (0x00a7d433) srl     s0, a5, a0
core   0: 3 0x80009668 (0x00a7d433) x 8 0x00000000
core   0: 0x8000966c (0x8a170093) addi    ra, a4, -1887
core   0: 3 0x8000966c (0x8a170093) x 1 0xfffff8a1
core   0: 0x80009670 (0x01b25533) srl     a0, tp, s11
core   0: 3 0x80009670 (0x01b25533) x10 0x0003f869
core   0: 0x80009674 (0x404d5013) srai    zero, s10, 4
core   0: 3 0x80009674 (0x404d5013)
core   0: 0x80009678 (0x90b4c413) xori    s0, s1, -1781
core   0: 3 0x80009678 (0x90b4c413) x 8 0xfffff909
core   0: 0x8000967c (0x0355ce33) div     t3, a1, s5
core   0: 3 0x8000967c (0x0355ce33) x28 0x00000000
core   0: 0x80009680 (0x0378a433) mulhsu  s0, a7, s7
core   0: 3 0x80009680 (0x0378a433) x 8 0x00000000
core   0: 0x80009684 (0x01e843b3) xor     t2, a6, t5
core   0: 3 0x80009684 (0x01e843b3) x 7 0x00000000
core   0: 0x80009688 (0x00fe0a33) add     s4, t3, a5
core   0: 3 0x80009688 (0x00fe0a33) x20 0x00000000
core   0: 0x8000968c (0xe69d4d93) xori    s11, s10, -407
core   0: 3 0x8000968c (0xe69d4d93) x27 0x440cae69
core   0: 0x80009690 (0x02b9aa33) mulhsu  s4, s3, a1
core   0: 3 0x80009690 (0x02b9aa33) x20 0x00000000
core   0: 0x80009694 (0x0080fc33) and     s8, ra, s0
core   0: 3 0x80009694 (0x0080fc33) x24 0x00000000
core   0: 0x80009698 (0x022c41b3) div     gp, s8, sp
core   0: 3 0x80009698 (0x022c41b3) x 3 0x00000000
core   0: 0x8000969c (0x12fb35b7) lui     a1, 0x12fb3
core   0: 3 0x8000969c (0x12fb35b7) x11 0x12fb3000
core   0: 0x800096a0 (0x014f57b3) srl     a5, t5, s4
core   0: 3 0x800096a0 (0x014f57b3) x15 0x00000001
core   0: 0x800096a4 (0x02c06733) rem     a4, zero, a2
core   0: 3 0x800096a4 (0x02c06733) x14 0x00000000
core   0: 0x800096a8 (0x01d504b3) add     s1, a0, t4
core   0: 3 0x800096a8 (0x01d504b3) x 9 0x0003f86a
core   0: 0x800096ac (0x14976e13) ori     t3, a4, 329
core   0: 3 0x800096ac (0x14976e13) x28 0x00000149
core   0: 0x800096b0 (0x41285f13) srai    t5, a6, 18
core   0: 3 0x800096b0 (0x41285f13) x30 0x00000000
core   0: 0x800096b4 (0x00d2db93) srli    s7, t0, 13
core   0: 3 0x800096b4 (0x00d2db93) x23 0x0005df9a
core   0: 0x800096b8 (0x00000013) nop
core   0: 3 0x800096b8 (0x00000013)
core   0: 0x800096bc (0x02a27c33) remu    s8, tp, a0
core   0: 3 0x800096bc (0x02a27c33) x24 0x00000000
core   0: 0x800096c0 (0x00c5ecb3) or      s9, a1, a2
core   0: 3 0x800096c0 (0x00c5ecb3) x25 0xf2fbfb60
core   0: 0x800096c4 (0x01e27433) and     s0, tp, t5
core   0: 3 0x800096c4 (0x01e27433) x 8 0x00000000
core   0: 0x800096c8 (0x009962b3) or      t0, s2, s1
core   0: 3 0x800096c8 (0x009962b3) x 5 0x0003f86a
core   0: 0x800096cc (0x0020aa33) slt     s4, ra, sp
core   0: 3 0x800096cc (0x0020aa33) x20 0x00000000
core   0: 0x800096d0 (0x00cbd5b3) srl     a1, s7, a2
core   0: 3 0x800096d0 (0x00cbd5b3) x11 0x0005df9a
core   0: 0x800096d4 (0x01c79513) slli    a0, a5, 28
core   0: 3 0x800096d4 (0x01c79513) x10 0x10000000
core   0: 0x800096d8 (0x029f5333) divu    t1, t5, s1
core   0: 3 0x800096d8 (0x029f5333) x 6 0x00000000
core   0: 0x800096dc (0x01f05393) srli    t2, zero, 31
core   0: 3 0x800096dc (0x01f05393) x 7 0x00000000
core   0: 0x800096e0 (0x00000013) nop
core   0: 3 0x800096e0 (0x00000013)
core   0: 0x800096e4 (0xb2122993) slti    s3, tp, -1247
core   0: 3 0x800096e4 (0xb2122993) x19 0x00000000
core   0: 0x800096e8 (0xa50d1437) lui     s0, 0xa50d1
core   0: 3 0x800096e8 (0xa50d1437) x 8 0xa50d1000
core   0: 0x800096ec (0x0019a933) slt     s2, s3, ra
core   0: 3 0x800096ec (0x0019a933) x18 0x00000000
core   0: 0x800096f0 (0x27c5fa37) lui     s4, 0x27c5f
core   0: 3 0x800096f0 (0x27c5fa37) x20 0x27c5f000
core   0: 0x800096f4 (0x00000013) nop
core   0: 3 0x800096f4 (0x00000013)
core   0: 0x800096f8 (0x03d8cdb3) div     s11, a7, t4
core   0: 3 0x800096f8 (0x03d8cdb3) x27 0x00000000
core   0: 0x800096fc (0xe95e4393) xori    t2, t3, -363
core   0: 3 0x800096fc (0xe95e4393) x 7 0xffffffdc
core   0: 0x80009700 (0x028915b3) mulh    a1, s2, s0
core   0: 3 0x80009700 (0x028915b3) x11 0x00000000
core   0: 0x80009704 (0x002a5f33) srl     t5, s4, sp
core   0: 3 0x80009704 (0x002a5f33) x30 0x027c5f00
core   0: 0x80009708 (0x00d41d13) slli    s10, s0, 13
core   0: 3 0x80009708 (0x00d41d13) x26 0xa2000000
core   0: 0x8000970c (0xd823e213) ori     tp, t2, -638
core   0: 3 0x8000970c (0xd823e213) x 4 0xffffffde
core   0: 0x80009710 (0x02606333) rem     t1, zero, t1
core   0: 3 0x80009710 (0x02606333) x 6 0x00000000
core   0: 0x80009714 (0x032951b3) divu    gp, s2, s2
core   0: 3 0x80009714 (0x032951b3) x 3 0xffffffff
core   0: 0x80009718 (0xaf550bb7) lui     s7, 0xaf550
core   0: 3 0x80009718 (0xaf550bb7) x23 0xaf550000
core   0: 0x8000971c (0x01be6e33) or      t3, t3, s11
core   0: 3 0x8000971c (0x01be6e33) x28 0x00000149
core   0: 0x80009720 (0x0021fe33) and     t3, gp, sp
core   0: 3 0x80009720 (0x0021fe33) x28 0x80018ce4
core   0: 0x80009724 (0x00ed1233) sll     tp, s10, a4
core   0: 3 0x80009724 (0x00ed1233) x 4 0xa2000000
core   0: 0x80009728 (0x400455b3) sra     a1, s0, zero
core   0: 3 0x80009728 (0x400455b3) x11 0xa50d1000
core   0: 0x8000972c (0x0235a9b3) mulhsu  s3, a1, gp
core   0: 3 0x8000972c (0x0235a9b3) x19 0xa50d1000
core   0: 0x80009730 (0x02fc14b3) mulh    s1, s8, a5
core   0: 3 0x80009730 (0x02fc14b3) x 9 0x00000000
core   0: 0x80009734 (0x00295333) srl     t1, s2, sp
core   0: 3 0x80009734 (0x00295333) x 6 0x00000000
core   0: 0x80009738 (0x73276513) ori     a0, a4, 1842
core   0: 3 0x80009738 (0x73276513) x10 0x00000732
core   0: 0x8000973c (0x0146b533) sltu    a0, a3, s4
core   0: 3 0x8000973c (0x0146b533) x10 0x00000001
core   0: 0x80009740 (0x01d4d8b3) srl     a7, s1, t4
core   0: 3 0x80009740 (0x01d4d8b3) x17 0x00000000
core   0: 0x80009744 (0x00ccd413) srli    s0, s9, 12
core   0: 3 0x80009744 (0x00ccd413) x 8 0x000f2fbf
core   0: 0x80009748 (0x13a78193) addi    gp, a5, 314
core   0: 3 0x80009748 (0x13a78193) x 3 0x0000013b
core   0: 0x8000974c (0x01436933) or      s2, t1, s4
core   0: 3 0x8000974c (0x01436933) x18 0x27c5f000
core   0: 0x80009750 (0x0193f3b3) and     t2, t2, s9
core   0: 3 0x80009750 (0x0193f3b3) x 7 0xf2fbfb40
core   0: 0x80009754 (0x02ca5c33) divu    s8, s4, a2
core   0: 3 0x80009754 (0x02ca5c33) x24 0x00000000
core   0: 0x80009758 (0x02cd5433) divu    s0, s10, a2
core   0: 3 0x80009758 (0x02cd5433) x 8 0x00000000
core   0: 0x8000975c (0x00c2be33) sltu    t3, t0, a2
core   0: 3 0x8000975c (0x00c2be33) x28 0x00000001
core   0: 0x80009760 (0x03741e33) mulh    t3, s0, s7
core   0: 3 0x80009760 (0x03741e33) x28 0x00000000
core   0: 0x80009764 (0x5048e913) ori     s2, a7, 1284
core   0: 3 0x80009764 (0x5048e913) x18 0x00000504
core   0: 0x80009768 (0x00000013) nop
core   0: 3 0x80009768 (0x00000013)
core   0: 0x8000976c (0x408353b3) sra     t2, t1, s0
core   0: 3 0x8000976c (0x408353b3) x 7 0x00000000
core   0: 0x80009770 (0x00f29993) slli    s3, t0, 15
core   0: 3 0x80009770 (0x00f29993) x19 0xfc350000
core   0: 0x80009774 (0x01311a13) slli    s4, sp, 19
core   0: 3 0x80009774 (0x01311a13) x20 0x67200000
core   0: 0x80009778 (0x006939b3) sltu    s3, s2, t1
core   0: 3 0x80009778 (0x006939b3) x19 0x00000000
core   0: 0x8000977c (0x00000013) nop
core   0: 3 0x8000977c (0x00000013)
core   0: 0x80009780 (0x01589d93) slli    s11, a7, 21
core   0: 3 0x80009780 (0x01589d93) x27 0x00000000
core   0: 0x80009784 (0x03f8b533) mulhu   a0, a7, t6
core   0: 3 0x80009784 (0x03f8b533) x10 0x00000000
core   0: 0x80009788 (0x4008d813) srai    a6, a7, 0
core   0: 3 0x80009788 (0x4008d813) x16 0x00000000
core   0: 0x8000978c (0x02681e33) mulh    t3, a6, t1
core   0: 3 0x8000978c (0x02681e33) x28 0x00000000
core   0: 0x80009790 (0x0311c2b3) div     t0, gp, a7
core   0: 3 0x80009790 (0x0311c2b3) x 5 0xffffffff
core   0: 0x80009794 (0xfd29c213) xori    tp, s3, -46
core   0: 3 0x80009794 (0xfd29c213) x 4 0xffffffd2
core   0: 0x80009798 (0x644ea993) slti    s3, t4, 1604
core   0: 3 0x80009798 (0x644ea993) x19 0x00000001
core   0: 0x8000979c (0x3147ccb7) lui     s9, 0x3147c
core   0: 3 0x8000979c (0x3147ccb7) x25 0x3147c000
core   0: 0x800097a0 (0xa8608493) addi    s1, ra, -1402
core   0: 3 0x800097a0 (0xa8608493) x 9 0xfffff327
core   0: 0x800097a4 (0x407ad213) srai    tp, s5, 7
core   0: 3 0x800097a4 (0x407ad213) x 4 0xff00029c
core   0: 0x800097a8 (0x95974513) xori    a0, a4, -1703
core   0: 3 0x800097a8 (0x95974513) x10 0xfffff959
core   0: 0x800097ac (0x00a17033) and     zero, sp, a0
core   0: 3 0x800097ac (0x00a17033)
core   0: 0x800097b0 (0xb3084713) xori    a4, a6, -1232
core   0: 3 0x800097b0 (0xb3084713) x14 0xfffffb30
core   0: 0x800097b4 (0x40ad57b3) sra     a5, s10, a0
core   0: 3 0x800097b4 (0x40ad57b3) x15 0xffffffd1
core   0: 0x800097b8 (0x01119c93) slli    s9, gp, 17
core   0: 3 0x800097b8 (0x01119c93) x25 0x02760000
core   0: 0x800097bc (0x013ad913) srli    s2, s5, 19
core   0: 3 0x800097bc (0x013ad913) x18 0x00001000
core   0: 0x800097c0 (0xbbce3193) sltiu   gp, t3, -1092
core   0: 3 0x800097c0 (0xbbce3193) x 3 0x00000001
core   0: 0x800097c4 (0x02e5b733) mulhu   a4, a1, a4
core   0: 3 0x800097c4 (0x02e5b733) x14 0xa50d0ce5
core   0: 0x800097c8 (0x00cafbb3) and     s7, s5, a2
core   0: 3 0x800097c8 (0x00cafbb3) x23 0x80004a60
core   0: 0x800097cc (0x03215a33) divu    s4, sp, s2
core   0: 3 0x800097cc (0x03215a33) x20 0x00080018
core   0: 0x800097d0 (0xe9d26493) ori     s1, tp, -355
core   0: 3 0x800097d0 (0xe9d26493) x 9 0xfffffe9d
core   0: 0x800097d4 (0x506ea313) slti    t1, t4, 1286
core   0: 3 0x800097d4 (0x506ea313) x 6 0x00000001
core   0: 0x800097d8 (0x9cc90413) addi    s0, s2, -1588
core   0: 3 0x800097d8 (0x9cc90413) x 8 0x000009cc
core   0: 0x800097dc (0x412d8eb3) sub     t4, s11, s2
core   0: 3 0x800097dc (0x412d8eb3) x29 0xfffff000
core   0: 0x800097e0 (0x00000013) nop
core   0: 3 0x800097e0 (0x00000013)
core   0: 0x800097e4 (0xecbf2193) slti    gp, t5, -309
core   0: 3 0x800097e4 (0xecbf2193) x 3 0x00000000
core   0: 0x800097e8 (0x034cbe33) mulhu   t3, s9, s4
core   0: 3 0x800097e8 (0x034cbe33) x28 0x000013b0
core   0: 0x800097ec (0x00f9c533) xor     a0, s3, a5
core   0: 3 0x800097ec (0x00f9c533) x10 0xffffffd0
core   0: 0x800097f0 (0xe35ea197) auipc   gp, 0xe35ea
core   0: 3 0x800097f0 (0xe35ea197) x 3 0x635f37f0
core   0: 0x800097f4 (0x008d1c13) slli    s8, s10, 8
core   0: 3 0x800097f4 (0x008d1c13) x24 0x00000000
core   0: 0x800097f8 (0x0194d213) srli    tp, s1, 25
core   0: 3 0x800097f8 (0x0194d213) x 4 0x0000007f
core   0: 0x800097fc (0x02afb733) mulhu   a4, t6, a0
core   0: 3 0x800097fc (0x02afb733) x14 0xfffff92f
core   0: 0x80009800 (0x00000013) nop
core   0: 3 0x80009800 (0x00000013)
core   0: 0x80009804 (0x01f72db3) slt     s11, a4, t6
core   0: 3 0x80009804 (0x01f72db3) x27 0x00000001
core   0: 0x80009808 (0x022370b3) remu    ra, t1, sp
core   0: 3 0x80009808 (0x022370b3) x 1 0x00000001
core   0: 0x8000980c (0x03818733) mul     a4, gp, s8
core   0: 3 0x8000980c (0x03818733) x14 0x00000000
core   0: 0x80009810 (0x41d45c13) srai    s8, s0, 29
core   0: 3 0x80009810 (0x41d45c13) x24 0x00000000
core   0: 0x80009814 (0x0397f333) remu    t1, a5, s9
core   0: 3 0x80009814 (0x0397f333) x 6 0x000fffd1
core   0: 0x80009818 (0x013bdf33) srl     t5, s7, s3
core   0: 3 0x80009818 (0x013bdf33) x30 0x40002530
core   0: 0x8000981c (0xed986d93) ori     s11, a6, -295
core   0: 3 0x8000981c (0xed986d93) x27 0xfffffed9
core   0: 0x80009820 (0x037d2333) mulhsu  t1, s10, s7
core   0: 3 0x80009820 (0x037d2333) x 6 0xd0ffe4b0
core   0: 0x80009824 (0x1d345a17) auipc   s4, 0x1d345
core   0: 3 0x80009824 (0x1d345a17) x20 0x9d34e824
core   0: 0x80009828 (0x02cb1333) mulh    t1, s6, a2
core   0: 3 0x80009828 (0x02cb1333) x 6 0xfffc063e
core   0: 0x8000982c (0x00a87333) and     t1, a6, a0
core   0: 3 0x8000982c (0x00a87333) x 6 0x00000000
core   0: 0x80009830 (0x015c1933) sll     s2, s8, s5
core   0: 3 0x80009830 (0x015c1933) x18 0x00000000
core   0: 0x80009834 (0xce0e4d17) auipc   s10, 0xce0e4
core   0: 3 0x80009834 (0xce0e4d17) x26 0x4e0ed834
core   0: 0x80009838 (0xa46fa197) auipc   gp, 0xa46fa
core   0: 3 0x80009838 (0xa46fa197) x 3 0x24703838
core   0: 0x8000983c (0x01bd9f93) slli    t6, s11, 27
core   0: 3 0x8000983c (0x01bd9f93) x31 0xc8000000
core   0: 0x80009840 (0x40358fb3) sub     t6, a1, gp
core   0: 3 0x80009840 (0x40358fb3) x31 0x809cd7c8
core   0: 0x80009844 (0x0195ccb3) xor     s9, a1, s9
core   0: 3 0x80009844 (0x0195ccb3) x25 0xa77b1000
core   0: 0x80009848 (0x41ef06b3) sub     a3, t5, t5
core   0: 3 0x80009848 (0x41ef06b3) x13 0x00000000
core   0: 0x8000984c (0x01cb6733) or      a4, s6, t3
core   0: 3 0x8000984c (0x01cb6733) x14 0x004013b0
core   0: 0x80009850 (0xa27fa813) slti    a6, t6, -1497
core   0: 3 0x80009850 (0xa27fa813) x16 0x00000001
core   0: 0x80009854 (0x0045b033) sltu    zero, a1, tp
core   0: 3 0x80009854 (0x0045b033)
core   0: 0x80009858 (0x01729d13) slli    s10, t0, 23
core   0: 3 0x80009858 (0x01729d13) x26 0xff800000
core   0: 0x8000985c (0x40b40db3) sub     s11, s0, a1
core   0: 3 0x8000985c (0x40b40db3) x27 0x5af2f9cc
core   0: 0x80009860 (0x5054f6b7) lui     a3, 0x5054f
core   0: 3 0x80009860 (0x5054f6b7) x13 0x5054f000
core   0: 0x80009864 (0x9a617993) andi    s3, sp, -1626
core   0: 3 0x80009864 (0x9a617993) x19 0x800188a4
core   0: 0x80009868 (0x012126b3) slt     a3, sp, s2
core   0: 3 0x80009868 (0x012126b3) x13 0x00000001
core   0: 0x8000986c (0x030ee033) rem     zero, t4, a6
core   0: 3 0x8000986c (0x030ee033)
core   0: 0x80009870 (0x015410b3) sll     ra, s0, s5
core   0: 3 0x80009870 (0x015410b3) x 1 0x00009cc0
core   0: 0x80009874 (0x3a380993) addi    s3, a6, 931
core   0: 3 0x80009874 (0x3a380993) x19 0x000003a4
core   0: 0x80009878 (0x00662233) slt     tp, a2, t1
core   0: 3 0x80009878 (0x00662233) x 4 0x00000001
core   0: 0x8000987c (0x00d89393) slli    t2, a7, 13
core   0: 3 0x8000987c (0x00d89393) x 7 0x00000000
core   0: 0x80009880 (0x01893eb3) sltu    t4, s2, s8
core   0: 3 0x80009880 (0x01893eb3) x29 0x00000000
core   0: 0x80009884 (0x807bc093) xori    ra, s7, -2041
core   0: 3 0x80009884 (0x807bc093) x 1 0x7fffb267
core   0: 0x80009888 (0x03497233) remu    tp, s2, s4
core   0: 3 0x80009888 (0x03497233) x 4 0x00000000
core   0: 0x8000988c (0x9992a193) slti    gp, t0, -1639
core   0: 3 0x8000988c (0x9992a193) x 3 0x00000000
core   0: 0x80009890 (0x018f9713) slli    a4, t6, 24
core   0: 3 0x80009890 (0x018f9713) x14 0xc8000000
core   0: 0x80009894 (0x0338d3b3) divu    t2, a7, s3
core   0: 3 0x80009894 (0x0338d3b3) x 7 0x00000000
core   0: 0x80009898 (0x03f9c6b3) div     a3, s3, t6
core   0: 3 0x80009898 (0x03f9c6b3) x13 0x00000000
core   0: 0x8000989c (0x4080d833) sra     a6, ra, s0
core   0: 3 0x8000989c (0x4080d833) x16 0x0007fffb
core   0: 0x800098a0 (0x6cd82f93) slti    t6, a6, 1741
core   0: 3 0x800098a0 (0x6cd82f93) x31 0x00000000
core   0: 0x800098a4 (0x46d3c293) xori    t0, t2, 1133
core   0: 3 0x800098a4 (0x46d3c293) x 5 0x0000046d
core   0: 0x800098a8 (0x02516bb3) rem     s7, sp, t0
core   0: 3 0x800098a8 (0x02516bb3) x23 0xfffffea6
core   0: 0x800098ac (0x02f188b3) mul     a7, gp, a5
core   0: 3 0x800098ac (0x02f188b3) x17 0x00000000
core   0: 0x800098b0 (0x00679e13) slli    t3, a5, 6
core   0: 3 0x800098b0 (0x00679e13) x28 0xfffff440
core   0: 0x800098b4 (0x002a4cb3) xor     s9, s4, sp
core   0: 3 0x800098b4 (0x002a4cb3) x25 0x1d3564c0
core   0: 0x800098b8 (0x00d3e333) or      t1, t2, a3
core   0: 3 0x800098b8 (0x00d3e333) x 6 0x00000000
core   0: 0x800098bc (0x0252f433) remu    s0, t0, t0
core   0: 3 0x800098bc (0x0252f433) x 8 0x00000000
core   0: 0x800098c0 (0x40f0d233) sra     tp, ra, a5
core   0: 3 0x800098c0 (0x40f0d233) x 4 0x00003fff
core   0: 0x800098c4 (0xd5864737) lui     a4, 0xd5864
core   0: 3 0x800098c4 (0xd5864737) x14 0xd5864000
core   0: 0x800098c8 (0x035c8db3) mul     s11, s9, s5
core   0: 3 0x800098c8 (0x035c8db3) x27 0x124ddb00
core   0: 0x800098cc (0x0220d433) divu    s0, ra, sp
core   0: 3 0x800098cc (0x0220d433) x 8 0x00000000
core   0: 0x800098d0 (0x41f95413) srai    s0, s2, 31
core   0: 3 0x800098d0 (0x41f95413) x 8 0x00000000
core   0: 0x800098d4 (0x00e01513) slli    a0, zero, 14
core   0: 3 0x800098d4 (0x00e01513) x10 0x00000000
core   0: 0x800098d8 (0x00000013) nop
core   0: 3 0x800098d8 (0x00000013)
core   0: 0x800098dc (0x400f87b3) sub     a5, t6, zero
core   0: 3 0x800098dc (0x400f87b3) x15 0x00000000
core   0: 0x800098e0 (0x022a35b3) mulhu   a1, s4, sp
core   0: 3 0x800098e0 (0x022a35b3) x11 0x4e9b67cb
core   0: 0x800098e4 (0x8c01b093) sltiu   ra, gp, -1856
core   0: 3 0x800098e4 (0x8c01b093) x 1 0x00000001
core   0: 0x800098e8 (0x01790913) addi    s2, s2, 23
core   0: 3 0x800098e8 (0x01790913) x18 0x00000017
core   0: 0x800098ec (0x02c1e6b3) rem     a3, gp, a2
core   0: 3 0x800098ec (0x02c1e6b3) x13 0x00000000
core   0: 0x800098f0 (0xe4c10e93) addi    t4, sp, -436
core   0: 3 0x800098f0 (0xe4c10e93) x29 0x80018b30
core   0: 0x800098f4 (0x40595a13) srai    s4, s2, 5
core   0: 3 0x800098f4 (0x40595a13) x20 0x00000000
core   0: 0x800098f8 (0x02747233) remu    tp, s0, t2
core   0: 3 0x800098f8 (0x02747233) x 4 0x00000000
core   0: 0x800098fc (0xd5d38693) addi    a3, t2, -675
core   0: 3 0x800098fc (0xd5d38693) x13 0xfffffd5d
core   0: 0x80009900 (0x03064f33) div     t5, a2, a6
core   0: 3 0x80009900 (0x03064f33) x30 0xfffffe04
core   0: 0x80009904 (0x03aa7d33) remu    s10, s4, s10
core   0: 3 0x80009904 (0x03aa7d33) x26 0x00000000
core   0: 0x80009908 (0x00000013) nop
core   0: 3 0x80009908 (0x00000013)
core   0: 0x8000990c (0x2b7e2c93) slti    s9, t3, 695
core   0: 3 0x8000990c (0x2b7e2c93) x25 0x00000001
core   0: 0x80009910 (0x01c71f33) sll     t5, a4, t3
core   0: 3 0x80009910 (0x01c71f33) x30 0xd5864000
core   0: 0x80009914 (0x4027d393) srai    t2, a5, 2
core   0: 3 0x80009914 (0x4027d393) x 7 0x00000000
core   0: 0x80009918 (0x11666013) ori     zero, a2, 278
core   0: 3 0x80009918 (0x11666013)
core   0: 0x8000991c (0x0056c2b3) xor     t0, a3, t0
core   0: 3 0x8000991c (0x0056c2b3) x 5 0xfffff930
core   0: 0x80009920 (0xc1c44e93) xori    t4, s0, -996
core   0: 3 0x80009920 (0xc1c44e93) x29 0xfffffc1c
core   0: 0x80009924 (0x00435213) srli    tp, t1, 4
core   0: 3 0x80009924 (0x00435213) x 4 0x00000000
core   0: 0x80009928 (0x00cc9fb3) sll     t6, s9, a2
core   0: 3 0x80009928 (0x00cc9fb3) x31 0x00000001
core   0: 0x8000992c (0x028a0a33) mul     s4, s4, s0
core   0: 3 0x8000992c (0x028a0a33) x20 0x00000000
core   0: 0x80009930 (0xe9c26513) ori     a0, tp, -356
core   0: 3 0x80009930 (0xe9c26513) x10 0xfffffe9c
core   0: 0x80009934 (0x02af7533) remu    a0, t5, a0
core   0: 3 0x80009934 (0x02af7533) x10 0xd5864000
core   0: 0x80009938 (0x03d031b3) mulhu   gp, zero, t4
core   0: 3 0x80009938 (0x03d031b3) x 3 0x00000000
core   0: 0x8000993c (0xba42f097) auipc   ra, 0xba42f
core   0: 3 0x8000993c (0xba42f097) x 1 0x3a43893c
core   0: 0x80009940 (0x00944333) xor     t1, s0, s1
core   0: 3 0x80009940 (0x00944333) x 6 0xfffffe9d
core   0: 0x80009944 (0x01a15493) srli    s1, sp, 26
core   0: 3 0x80009944 (0x01a15493) x 9 0x00000020
core   0: 0x80009948 (0xf259da37) lui     s4, 0xf259d
core   0: 3 0x80009948 (0xf259da37) x20 0xf259d000
core   0: 0x8000994c (0x00000013) nop
core   0: 3 0x8000994c (0x00000013)
core   0: 0x80009950 (0x026d29b3) mulhsu  s3, s10, t1
core   0: 3 0x80009950 (0x026d29b3) x19 0x00000000
core   0: 0x80009954 (0x021e3fb3) mulhu   t6, t3, ra
core   0: 3 0x80009954 (0x021e3fb3) x31 0x3a43868f
core   0: 0x80009958 (0x02b0a4b3) mulhsu  s1, ra, a1
core   0: 3 0x80009958 (0x02b0a4b3) x 9 0x11e3f253
core   0: 0x8000995c (0x0163a8b3) slt     a7, t2, s6
core   0: 3 0x8000995c (0x0163a8b3) x17 0x00000001
core   0: 0x80009960 (0x00000013) nop
core   0: 3 0x80009960 (0x00000013)
core   0: 0x80009964 (0x29a96393) ori     t2, s2, 666
core   0: 3 0x80009964 (0x29a96393) x 7 0x0000029f
core   0: 0x80009968 (0x323dae93) slti    t4, s11, 803
core   0: 3 0x80009968 (0x323dae93) x29 0x00000000
core   0: 0x8000996c (0x037aaa33) mulhsu  s4, s5, s7
core   0: 3 0x8000996c (0x037aaa33) x20 0x80014f10
core   0: 0x80009970 (0x01fb75b3) and     a1, s6, t6
core   0: 3 0x80009970 (0x01fb75b3) x11 0x00400000
core   0: 0x80009974 (0x00549e93) slli    t4, s1, 5
core   0: 3 0x80009974 (0x00549e93) x29 0x3c7e4a60
core   0: 0x80009978 (0x71cfa337) lui     t1, 0x71cfa
core   0: 3 0x80009978 (0x71cfa337) x 6 0x71cfa000
core   0: 0x8000997c (0x40365813) srai    a6, a2, 3
core   0: 3 0x8000997c (0x40365813) x16 0xfe031f6c
core   0: 0x80009980 (0x023af233) remu    tp, s5, gp
core   0: 3 0x80009980 (0x023af233) x 4 0x80014e64
core   0: 0x80009984 (0x00ea8eb3) add     t4, s5, a4
core   0: 3 0x80009984 (0x00ea8eb3) x29 0x55878e64
core   0: 0x80009988 (0x02128333) mul     t1, t0, ra
core   0: 3 0x80009988 (0x02128333) x 6 0x13e91740
core   0: 0x8000998c (0x91cdf093) andi    ra, s11, -1764
core   0: 3 0x8000998c (0x91cdf093) x 1 0x124dd900
core   0: 0x80009990 (0x01d89b13) slli    s6, a7, 29
core   0: 3 0x80009990 (0x01d89b13) x22 0x20000000
core   0: 0x80009994 (0x03c1bd33) mulhu   s10, gp, t3
core   0: 3 0x80009994 (0x03c1bd33) x26 0x00000000
core   0: 0x80009998 (0x025fb7b3) mulhu   a5, t6, t0
core   0: 3 0x80009998 (0x025fb7b3) x15 0x3a438502
core   0: 0x8000999c (0x033beb33) rem     s6, s7, s3
core   0: 3 0x8000999c (0x033beb33) x22 0xfffffea6
core   0: 0x800099a0 (0x36c4f593) andi    a1, s1, 876
core   0: 3 0x800099a0 (0x36c4f593) x11 0x00000240
core   0: 0x800099a4 (0x03e833b3) mulhu   t2, a6, t5
core   0: 3 0x800099a4 (0x03e833b3) x 7 0xd3ddce48
core   0: 0x800099a8 (0x005ba833) slt     a6, s7, t0
core   0: 3 0x800099a8 (0x005ba833) x16 0x00000000
core   0: 0x800099ac (0x00829493) slli    s1, t0, 8
core   0: 3 0x800099ac (0x00829493) x 9 0xfff93000
core   0: 0x800099b0 (0x410c01b3) sub     gp, s8, a6
core   0: 3 0x800099b0 (0x410c01b3) x 3 0x00000000
core   0: 0x800099b4 (0x0088f833) and     a6, a7, s0
core   0: 3 0x800099b4 (0x0088f833) x16 0x00000000
core   0: 0x800099b8 (0x14090213) addi    tp, s2, 320
core   0: 3 0x800099b8 (0x14090213) x 4 0x00000157
core   0: 0x800099bc (0x0193df13) srli    t5, t2, 25
core   0: 3 0x800099bc (0x0193df13) x30 0x00000069
core   0: 0x800099c0 (0x02082f33) mulhsu  t5, a6, zero
core   0: 3 0x800099c0 (0x02082f33) x30 0x00000000
core   0: 0x800099c4 (0x01e853b3) srl     t2, a6, t5
core   0: 3 0x800099c4 (0x01e853b3) x 7 0x00000000
core   0: 0x800099c8 (0x01b61c33) sll     s8, a2, s11
core   0: 3 0x800099c8 (0x01b61c33) x24 0xf018fb60
core   0: 0x800099cc (0x00935213) srli    tp, t1, 9
core   0: 3 0x800099cc (0x00935213) x 4 0x0009f48b
core   0: 0x800099d0 (0x012c9593) slli    a1, s9, 18
core   0: 3 0x800099d0 (0x012c9593) x11 0x00040000
core   0: 0x800099d4 (0x00b1d013) srli    zero, gp, 11
core   0: 3 0x800099d4 (0x00b1d013)
core   0: 0x800099d8 (0x00000013) nop
core   0: 3 0x800099d8 (0x00000013)
core   0: 0x800099dc (0x009eb333) sltu    t1, t4, s1
core   0: 3 0x800099dc (0x009eb333) x 6 0x00000001
core   0: 0x800099e0 (0xff962497) auipc   s1, 0xff962
core   0: 3 0x800099e0 (0xff962497) x 9 0x7f96b9e0
core   0: 0x800099e4 (0x00661933) sll     s2, a2, t1
core   0: 3 0x800099e4 (0x00661933) x18 0xe031f6c0
core   0: 0x800099e8 (0x03fdb4b3) mulhu   s1, s11, t6
core   0: 3 0x800099e8 (0x03fdb4b3) x 9 0x042a779d
core   0: 0x800099ec (0x0232ff33) remu    t5, t0, gp
core   0: 3 0x800099ec (0x0232ff33) x30 0xfffff930
core   0: 0x800099f0 (0xc052ac37) lui     s8, 0xc052a
core   0: 3 0x800099f0 (0xc052ac37) x24 0xc052a000
core   0: 0x800099f4 (0x03969533) mulh    a0, a3, s9
core   0: 3 0x800099f4 (0x03969533) x10 0xffffffff
core   0: 0x800099f8 (0x0271b8b3) mulhu   a7, gp, t2
core   0: 3 0x800099f8 (0x0271b8b3) x17 0x00000000
core   0: 0x800099fc (0x01ccdf33) srl     t5, s9, t3
core   0: 3 0x800099fc (0x01ccdf33) x30 0x00000001
core   0: 0x80009a00 (0x03ef1d33) mulh    s10, t5, t5
core   0: 3 0x80009a00 (0x03ef1d33) x26 0x00000000
core   0: 0x80009a04 (0x02120233) mul     tp, tp, ra
core   0: 3 0x80009a04 (0x02120233) x 4 0xc418d300
core   0: 0x80009a08 (0x8432adb7) lui     s11, 0x8432a
core   0: 3 0x80009a08 (0x8432adb7) x27 0x8432a000
core   0: 0x80009a0c (0x0130b7b3) sltu    a5, ra, s3
core   0: 3 0x80009a0c (0x0130b7b3) x15 0x00000000
core   0: 0x80009a10 (0x01fb05b3) add     a1, s6, t6
core   0: 3 0x80009a10 (0x01fb05b3) x11 0x3a438535
core   0: 0x80009a14 (0x01a7deb3) srl     t4, a5, s10
core   0: 3 0x80009a14 (0x01a7deb3) x29 0x00000000
core   0: 0x80009a18 (0x00782a13) slti    s4, a6, 7
core   0: 3 0x80009a18 (0x00782a13) x20 0x00000001
core   0: 0x80009a1c (0x01e92fb3) slt     t6, s2, t5
core   0: 3 0x80009a1c (0x01e92fb3) x31 0x00000001
core   0: 0x80009a20 (0x01bcffb3) and     t6, s9, s11
core   0: 3 0x80009a20 (0x01bcffb3) x31 0x00000000
core   0: 0x80009a24 (0x0037c7b3) xor     a5, a5, gp
core   0: 3 0x80009a24 (0x0037c7b3) x15 0x00000000
core   0: 0x80009a28 (0x41e90bb3) sub     s7, s2, t5
core   0: 3 0x80009a28 (0x41e90bb3) x23 0xe031f6bf
core   0: 0x80009a2c (0x01c784b3) add     s1, a5, t3
core   0: 3 0x80009a2c (0x01c784b3) x 9 0xfffff440
core   0: 0x80009a30 (0x0144bc33) sltu    s8, s1, s4
core   0: 3 0x80009a30 (0x0144bc33) x24 0x00000000
core   0: 0x80009a34 (0x0080a7b3) slt     a5, ra, s0
core   0: 3 0x80009a34 (0x0080a7b3) x15 0x00000000
core   0: 0x80009a38 (0x015b7cb3) and     s9, s6, s5
core   0: 3 0x80009a38 (0x015b7cb3) x25 0x80014e24
core   0: 0x80009a3c (0x0198b5b3) sltu    a1, a7, s9
core   0: 3 0x80009a3c (0x0198b5b3) x11 0x00000001
core   0: 0x80009a40 (0xd2a2cc13) xori    s8, t0, -726
core   0: 3 0x80009a40 (0xd2a2cc13) x24 0x0000041a
core   0: 0x80009a44 (0x0351f433) remu    s0, gp, s5
core   0: 3 0x80009a44 (0x0351f433) x 8 0x00000000
core   0: 0x80009a48 (0x009f9893) slli    a7, t6, 9
core   0: 3 0x80009a48 (0x009f9893) x17 0x00000000
core   0: 0x80009a4c (0x4192da13) srai    s4, t0, 25
core   0: 3 0x80009a4c (0x4192da13) x20 0xffffffff
core   0: 0x80009a50 (0x28650cb7) lui     s9, 0x28650
core   0: 3 0x80009a50 (0x28650cb7) x25 0x28650000
core   0: 0x80009a54 (0x01abfa33) and     s4, s7, s10
core   0: 3 0x80009a54 (0x01abfa33) x20 0x00000000
core   0: 0x80009a58 (0x01d916b3) sll     a3, s2, t4
core   0: 3 0x80009a58 (0x01d916b3) x13 0xe031f6c0
core   0: 0x80009a5c (0x01e6ed33) or      s10, a3, t5
core   0: 3 0x80009a5c (0x01e6ed33) x26 0xe031f6c1
core   0: 0x80009a60 (0x01340f33) add     t5, s0, s3
core   0: 3 0x80009a60 (0x01340f33) x30 0x00000000
core   0: 0x80009a64 (0xcc683213) sltiu   tp, a6, -826
core   0: 3 0x80009a64 (0xcc683213) x 4 0x00000001
core   0: 0x80009a68 (0x0091a533) slt     a0, gp, s1
core   0: 3 0x80009a68 (0x0091a533) x10 0x00000000
core   0: 0x80009a6c (0x0392b933) mulhu   s2, t0, s9
core   0: 3 0x80009a6c (0x0392b933) x18 0x2864feec
core   0: 0x80009a70 (0x40b0dd13) srai    s10, ra, 11
core   0: 3 0x80009a70 (0x40b0dd13) x26 0x000249bb
core   0: 0x80009a74 (0x4089de33) sra     t3, s3, s0
core   0: 3 0x80009a74 (0x4089de33) x28 0x00000000
core   0: 0x80009a78 (0x03df47b3) div     a5, t5, t4
core   0: 3 0x80009a78 (0x03df47b3) x15 0xffffffff
core   0: 0x80009a7c (0x002fa333) slt     t1, t6, sp
core   0: 3 0x80009a7c (0x002fa333) x 6 0x00000000
core   0: 0x80009a80 (0x00f1f3b3) and     t2, gp, a5
core   0: 3 0x80009a80 (0x00f1f3b3) x 7 0x00000000
core   0: 0x80009a84 (0x026d4333) div     t1, s10, t1
core   0: 3 0x80009a84 (0x026d4333) x 6 0xffffffff
core   0: 0x80009a88 (0x00426533) or      a0, tp, tp
core   0: 3 0x80009a88 (0x00426533) x10 0x00000001
core   0: 0x80009a8c (0x031d4db3) div     s11, s10, a7
core   0: 3 0x80009a8c (0x031d4db3) x27 0xffffffff
core   0: 0x80009a90 (0x029ad333) divu    t1, s5, s1
core   0: 3 0x80009a90 (0x029ad333) x 6 0x00000000
core   0: 0x80009a94 (0x009539b3) sltu    s3, a0, s1
core   0: 3 0x80009a94 (0x009539b3) x19 0x00000001
core   0: 0x80009a98 (0x00182533) slt     a0, a6, ra
core   0: 3 0x80009a98 (0x00182533) x10 0x00000001
core   0: 0x80009a9c (0x00ff5893) srli    a7, t5, 15
core   0: 3 0x80009a9c (0x00ff5893) x17 0x00000000
core   0: 0x80009aa0 (0x00000013) nop
core   0: 3 0x80009aa0 (0x00000013)
core   0: 0x80009aa4 (0x011bbbb3) sltu    s7, s7, a7
core   0: 3 0x80009aa4 (0x011bbbb3) x23 0x00000000
core   0: 0x80009aa8 (0x035e3533) mulhu   a0, t3, s5
core   0: 3 0x80009aa8 (0x035e3533) x10 0x00000000
core   0: 0x80009aac (0x03e67533) remu    a0, a2, t5
core   0: 3 0x80009aac (0x03e67533) x10 0xf018fb60
core   0: 0x80009ab0 (0xf5e986b7) lui     a3, 0xf5e98
core   0: 3 0x80009ab0 (0xf5e986b7) x13 0xf5e98000
core   0: 0x80009ab4 (0x00bd3bb3) sltu    s7, s10, a1
core   0: 3 0x80009ab4 (0x00bd3bb3) x23 0x00000000
core   0: 0x80009ab8 (0x0716c737) lui     a4, 0x716c
core   0: 3 0x80009ab8 (0x0716c737) x14 0x0716c000
core   0: 0x80009abc (0xde086993) ori     s3, a6, -544
core   0: 3 0x80009abc (0xde086993) x19 0xfffffde0
core   0: 0x80009ac0 (0x2b96bc13) sltiu   s8, a3, 697
core   0: 3 0x80009ac0 (0x2b96bc13) x24 0x00000000
core   0: 0x80009ac4 (0x018e90b3) sll     ra, t4, s8
core   0: 3 0x80009ac4 (0x018e90b3) x 1 0x00000000
core   0: 0x80009ac8 (0x01889693) slli    a3, a7, 24
core   0: 3 0x80009ac8 (0x01889693) x13 0x00000000
core   0: 0x80009acc (0x0030de33) srl     t3, ra, gp
core   0: 3 0x80009acc (0x0030de33) x28 0x00000000
core   0: 0x80009ad0 (0x002c34b3) sltu    s1, s8, sp
core   0: 3 0x80009ad0 (0x002c34b3) x 9 0x00000001
core   0: 0x80009ad4 (0xde036a13) ori     s4, t1, -544
core   0: 3 0x80009ad4 (0xde036a13) x20 0xfffffde0
core   0: 0x80009ad8 (0x41a7d433) sra     s0, a5, s10
core   0: 3 0x80009ad8 (0x41a7d433) x 8 0xffffffff
core   0: 0x80009adc (0xaea0cf93) xori    t6, ra, -1302
core   0: 3 0x80009adc (0xaea0cf93) x31 0xfffffaea
core   0: 0x80009ae0 (0x803e7f93) andi    t6, t3, -2045
core   0: 3 0x80009ae0 (0x803e7f93) x31 0x00000000
core   0: 0x80009ae4 (0x004e22b3) slt     t0, t3, tp
core   0: 3 0x80009ae4 (0x004e22b3) x 5 0x00000001
core   0: 0x80009ae8 (0x40a783b3) sub     t2, a5, a0
core   0: 3 0x80009ae8 (0x40a783b3) x 7 0x0fe7049f
core   0: 0x80009aec (0x0345f8b3) remu    a7, a1, s4
core   0: 3 0x80009aec (0x0345f8b3) x17 0x00000001
core   0: 0x80009af0 (0x00a823b3) slt     t2, a6, a0
core   0: 3 0x80009af0 (0x00a823b3) x 7 0x00000000
core   0: 0x80009af4 (0x017e76b3) and     a3, t3, s7
core   0: 3 0x80009af4 (0x017e76b3) x13 0x00000000
core   0: 0x80009af8 (0x029a3bb3) mulhu   s7, s4, s1
core   0: 3 0x80009af8 (0x029a3bb3) x23 0x00000000
core   0: 0x80009afc (0x48917013) andi    zero, sp, 1161
core   0: 3 0x80009afc (0x48917013)
core   0: 0x80009b00 (0x3eb7fd13) andi    s10, a5, 1003
core   0: 3 0x80009b00 (0x3eb7fd13) x26 0x000003eb
core   0: 0x80009b04 (0xf854e993) ori     s3, s1, -123
core   0: 3 0x80009b04 (0xf854e993) x19 0xffffff85
core   0: 0x80009b08 (0x08ed0a13) addi    s4, s10, 142
core   0: 3 0x80009b08 (0x08ed0a13) x20 0x00000479
core   0: 0x80009b0c (0x01a28433) add     s0, t0, s10
core   0: 3 0x80009b0c (0x01a28433) x 8 0x000003ec
core   0: 0x80009b10 (0x02ceb933) mulhu   s2, t4, a2
core   0: 3 0x80009b10 (0x02ceb933) x18 0x00000000
core   0: 0x80009b14 (0x005d0bb3) add     s7, s10, t0
core   0: 3 0x80009b14 (0x005d0bb3) x23 0x000003ec
core   0: 0x80009b18 (0x5e848b13) addi    s6, s1, 1512
core   0: 3 0x80009b18 (0x5e848b13) x22 0x000005e9
core   0: 0x80009b1c (0x00b28993) addi    s3, t0, 11
core   0: 3 0x80009b1c (0x00b28993) x19 0x0000000c
core   0: 0x80009b20 (0x02e53c33) mulhu   s8, a0, a4
core   0: 3 0x80009b20 (0x02e53c33) x24 0x06a60517
core   0: 0x80009b24 (0x99e4b993) sltiu   s3, s1, -1634
core   0: 3 0x80009b24 (0x99e4b993) x19 0x00000001
core   0: 0x80009b28 (0x2afe7c93) andi    s9, t3, 687
core   0: 3 0x80009b28 (0x2afe7c93) x25 0x00000000
core   0: 0x80009b2c (0x01494413) xori    s0, s2, 20
core   0: 3 0x80009b2c (0x01494413) x 8 0x00000014
core   0: 0x80009b30 (0x40828fb3) sub     t6, t0, s0
core   0: 3 0x80009b30 (0x40828fb3) x31 0xffffffed
core   0: 0x80009b34 (0x4084de33) sra     t3, s1, s0
core   0: 3 0x80009b34 (0x4084de33) x28 0x00000000
core   0: 0x80009b38 (0xb8740193) addi    gp, s0, -1145
core   0: 3 0x80009b38 (0xb8740193) x 3 0xfffffb9b
core   0: 0x80009b3c (0x001f71b3) and     gp, t5, ra
core   0: 3 0x80009b3c (0x001f71b3) x 3 0x00000000
core   0: 0x80009b40 (0x021a1f33) mulh    t5, s4, ra
core   0: 3 0x80009b40 (0x021a1f33) x30 0x00000000
core   0: 0x80009b44 (0x0178f533) and     a0, a7, s7
core   0: 3 0x80009b44 (0x0178f533) x10 0x00000000
core   0: 0x80009b48 (0x00000013) nop
core   0: 3 0x80009b48 (0x00000013)
core   0: 0x80009b4c (0x40e05eb3) sra     t4, zero, a4
core   0: 3 0x80009b4c (0x40e05eb3) x29 0x00000000
core   0: 0x80009b50 (0x402208b3) sub     a7, tp, sp
core   0: 3 0x80009b50 (0x402208b3) x17 0x7ffe731d
core   0: 0x80009b54 (0x011027b3) slt     a5, zero, a7
core   0: 3 0x80009b54 (0x011027b3) x15 0x00000001
core   0: 0x80009b58 (0x57263897) auipc   a7, 0x57263
core   0: 3 0x80009b58 (0x57263897) x17 0xd726cb58
core   0: 0x80009b5c (0x00771533) sll     a0, a4, t2
core   0: 3 0x80009b5c (0x00771533) x10 0x0716c000
core   0: 0x80009b60 (0x02596333) rem     t1, s2, t0
core   0: 3 0x80009b60 (0x02596333) x 6 0x00000000
core   0: 0x80009b64 (0x02eb3233) mulhu   tp, s6, a4
core   0: 3 0x80009b64 (0x02eb3233) x 4 0x00000029
core   0: 0x80009b68 (0x005e9c33) sll     s8, t4, t0
core   0: 3 0x80009b68 (0x005e9c33) x24 0x00000000
core   0: 0x80009b6c (0x03ba9933) mulh    s2, s5, s11
core   0: 3 0x80009b6c (0x03ba9933) x18 0x00000000
core   0: 0x80009b70 (0x1a624f13) xori    t5, tp, 422
core   0: 3 0x80009b70 (0x1a624f13) x30 0x0000018f
core   0: 0x80009b74 (0x02732933) mulhsu  s2, t1, t2
core   0: 3 0x80009b74 (0x02732933) x18 0x00000000
core   0: 0x80009b78 (0x002884b3) add     s1, a7, sp
core   0: 3 0x80009b78 (0x002884b3) x 9 0x5728583c
core   0: 0x80009b7c (0x01b64933) xor     s2, a2, s11
core   0: 3 0x80009b7c (0x01b64933) x18 0x0fe7049f
core   0: 0x80009b80 (0xb0e64913) xori    s2, a2, -1266
core   0: 3 0x80009b80 (0xb0e64913) x18 0x0fe7006e
core   0: 0x80009b84 (0x0099f6b3) and     a3, s3, s1
core   0: 3 0x80009b84 (0x0099f6b3) x13 0x00000000
core   0: 0x80009b88 (0x2c60dd97) auipc   s11, 0x2c60d
core   0: 3 0x80009b88 (0x2c60dd97) x27 0xac616b88
core   0: 0x80009b8c (0x01091e13) slli    t3, s2, 16
core   0: 3 0x80009b8c (0x01091e13) x28 0x006e0000
core   0: 0x80009b90 (0xe43b8913) addi    s2, s7, -445
core   0: 3 0x80009b90 (0xe43b8913) x18 0x0000022f
core   0: 0x80009b94 (0x11c1fb13) andi    s6, gp, 284
core   0: 3 0x80009b94 (0x11c1fb13) x22 0x00000000
core   0: 0x80009b98 (0x0322aeb3) mulhsu  t4, t0, s2
core   0: 3 0x80009b98 (0x0322aeb3) x29 0x00000000
core   0: 0x80009b9c (0x01595933) srl     s2, s2, s5
core   0: 3 0x80009b9c (0x01595933) x18 0x00000022
core   0: 0x80009ba0 (0x006352b3) srl     t0, t1, t1
core   0: 3 0x80009ba0 (0x006352b3) x 5 0x00000000
core   0: 0x80009ba4 (0xa71b0213) addi    tp, s6, -1423
core   0: 3 0x80009ba4 (0xa71b0213) x 4 0xfffffa71
core   0: 0x80009ba8 (0x2c18ee13) ori     t3, a7, 705
core   0: 3 0x80009ba8 (0x2c18ee13) x28 0xd726cbd9
core   0: 0x80009bac (0xc2bb6b93) ori     s7, s6, -981
core   0: 3 0x80009bac (0xc2bb6b93) x23 0xfffffc2b
core   0: 0x80009bb0 (0x000c33b3) sltu    t2, s8, zero
core   0: 3 0x80009bb0 (0x000c33b3) x 7 0x00000000
core   0: 0x80009bb4 (0x03456a33) rem     s4, a0, s4
core   0: 3 0x80009bb4 (0x03456a33) x20 0x00000132
core   0: 0x80009bb8 (0x01546833) or      a6, s0, s5
core   0: 3 0x80009bb8 (0x01546833) x16 0x80014e74
core   0: 0x80009bbc (0x031f12b3) mulh    t0, t5, a7
core   0: 3 0x80009bbc (0x031f12b3) x 5 0xffffffc0
core   0: 0x80009bc0 (0x034b49b3) div     s3, s6, s4
core   0: 3 0x80009bc0 (0x034b49b3) x19 0x00000000
core   0: 0x80009bc4 (0x40580233) sub     tp, a6, t0
core   0: 3 0x80009bc4 (0x40580233) x 4 0x80014eb4
core   0: 0x80009bc8 (0xa57c4e13) xori    t3, s8, -1449
core   0: 3 0x80009bc8 (0xa57c4e13) x28 0xfffffa57
core   0: 0x80009bcc (0x00ce21b3) slt     gp, t3, a2
core   0: 3 0x80009bcc (0x00ce21b3) x 3 0x00000000
core   0: 0x80009bd0 (0x02e0eeb3) rem     t4, ra, a4
core   0: 3 0x80009bd0 (0x02e0eeb3) x29 0x00000000
core   0: 0x80009bd4 (0x00a01e13) slli    t3, zero, 10
core   0: 3 0x80009bd4 (0x00a01e13) x28 0x00000000
core   0: 0x80009bd8 (0xb1164813) xori    a6, a2, -1263
core   0: 3 0x80009bd8 (0xb1164813) x16 0x0fe70071
core   0: 0x80009bdc (0x00c88733) add     a4, a7, a2
core   0: 3 0x80009bdc (0x00c88733) x14 0xc73fc6b8
core   0: 0x80009be0 (0x00000013) nop
core   0: 3 0x80009be0 (0x00000013)
core   0: 0x80009be4 (0x02f21533) mulh    a0, tp, a5
core   0: 3 0x80009be4 (0x02f21533) x10 0xffffffff
core   0: 0x80009be8 (0x01ed92b3) sll     t0, s11, t5
core   0: 3 0x80009be8 (0x01ed92b3) x 5 0xb5c40000
core   0: 0x80009bec (0x01a66733) or      a4, a2, s10
core   0: 3 0x80009bec (0x01a66733) x14 0xf018fbeb
core   0: 0x80009bf0 (0x204b8693) addi    a3, s7, 516
core   0: 3 0x80009bf0 (0x204b8693) x13 0xfffffe2f
core   0: 0x80009bf4 (0x01b16bb3) or      s7, sp, s11
core   0: 3 0x80009bf4 (0x01b16bb3) x23 0xac61efec
core   0: 0x80009bf8 (0x016b1933) sll     s2, s6, s6
core   0: 3 0x80009bf8 (0x016b1933) x18 0x00000000
core   0: 0x80009bfc (0xba65a4b7) lui     s1, 0xba65a
core   0: 3 0x80009bfc (0xba65a4b7) x 9 0xba65a000
core   0: 0x80009c00 (0x40148b33) sub     s6, s1, ra
core   0: 3 0x80009c00 (0x40148b33) x22 0xba65a000
core   0: 0x80009c04 (0x01db95b3) sll     a1, s7, t4
core   0: 3 0x80009c04 (0x01db95b3) x11 0xac61efec
core   0: 0x80009c08 (0x4117fc93) andi    s9, a5, 1041
core   0: 3 0x80009c08 (0x4117fc93) x25 0x00000001
core   0: 0x80009c0c (0x408504b3) sub     s1, a0, s0
core   0: 3 0x80009c0c (0x408504b3) x 9 0xffffffeb
core   0: 0x80009c10 (0xdf50f237) lui     tp, 0xdf50f
core   0: 3 0x80009c10 (0xdf50f237) x 4 0xdf50f000
core   0: 0x80009c14 (0x02a832b3) mulhu   t0, a6, a0
core   0: 3 0x80009c14 (0x02a832b3) x 5 0x0fe70070
core   0: 0x80009c18 (0x03fd2533) mulhsu  a0, s10, t6
core   0: 3 0x80009c18 (0x03fd2533) x10 0x000003ea
core   0: 0x80009c1c (0x0017db13) srli    s6, a5, 1
core   0: 3 0x80009c1c (0x0017db13) x22 0x00000000
core   0: 0x80009c20 (0xdf11b513) sltiu   a0, gp, -527
core   0: 3 0x80009c20 (0xdf11b513) x10 0x00000001
core   0: 0x80009c24 (0x368a3e13) sltiu   t3, s4, 872
core   0: 3 0x80009c24 (0x368a3e13) x28 0x00000001
core   0: 0x80009c28 (0x0048feb3) and     t4, a7, tp
core   0: 3 0x80009c28 (0x0048feb3) x29 0xd700c000
core   0: 0x80009c2c (0x8833d897) auipc   a7, 0x8833d
core   0: 3 0x80009c2c (0x8833d897) x17 0x08346c2c
core   0: 0x80009c30 (0x015081b3) add     gp, ra, s5
core   0: 3 0x80009c30 (0x015081b3) x 3 0x80014e64
core   0: 0x80009c34 (0x02c436b3) mulhu   a3, s0, a2
core   0: 3 0x80009c34 (0x02c436b3) x13 0x00000012
core   0: 0x80009c38 (0x0099fcb3) and     s9, s3, s1
core   0: 3 0x80009c38 (0x0099fcb3) x25 0x00000000
core   0: 0x80009c3c (0x58de16b7) lui     a3, 0x58de1
core   0: 3 0x80009c3c (0x58de16b7) x13 0x58de1000
core   0: 0x80009c40 (0xda162693) slti    a3, a2, -607
core   0: 3 0x80009c40 (0xda162693) x13 0x00000001
core   0: 0x80009c44 (0x00000013) nop
core   0: 3 0x80009c44 (0x00000013)
core   0: 0x80009c48 (0x0392c6b3) div     a3, t0, s9
core   0: 3 0x80009c48 (0x0392c6b3) x13 0xffffffff
core   0: 0x80009c4c (0x00b663b3) or      t2, a2, a1
core   0: 3 0x80009c4c (0x00b663b3) x 7 0xfc79ffec
core   0: 0x80009c50 (0x5f3e4013) xori    zero, t3, 1523
core   0: 3 0x80009c50 (0x5f3e4013)
core   0: 0x80009c54 (0x025e39b3) mulhu   s3, t3, t0
core   0: 3 0x80009c54 (0x025e39b3) x19 0x00000000
core   0: 0x80009c58 (0x6bec0093) addi    ra, s8, 1726
core   0: 3 0x80009c58 (0x6bec0093) x 1 0x000006be
core   0: 0x80009c5c (0x95d3b893) sltiu   a7, t2, -1699
core   0: 3 0x80009c5c (0x95d3b893) x17 0x00000001
core   0: 0x80009c60 (0x01335f13) srli    t5, t1, 19
core   0: 3 0x80009c60 (0x01335f13) x30 0x00000000
core   0: 0x80009c64 (0x014537b3) sltu    a5, a0, s4
core   0: 3 0x80009c64 (0x014537b3) x15 0x00000001
core   0: 0x80009c68 (0xfff27413) andi    s0, tp, -1
core   0: 3 0x80009c68 (0xfff27413) x 8 0xdf50f000
core   0: 0x80009c6c (0x0086b6b3) sltu    a3, a3, s0
core   0: 3 0x80009c6c (0x0086b6b3) x13 0x00000000
core   0: 0x80009c70 (0x01619033) sll     zero, gp, s6
core   0: 3 0x80009c70 (0x01619033)
core   0: 0x80009c74 (0xdc48cb97) auipc   s7, 0xdc48c
core   0: 3 0x80009c74 (0xdc48cb97) x23 0x5c495c74
core   0: 0x80009c78 (0x0234cbb3) div     s7, s1, gp
core   0: 3 0x80009c78 (0x0234cbb3) x23 0x00000000
core   0: 0x80009c7c (0x02902533) mulhsu  a0, zero, s1
core   0: 3 0x80009c7c (0x02902533) x10 0x00000000
core   0: 0x80009c80 (0x03918db3) mul     s11, gp, s9
core   0: 3 0x80009c80 (0x03918db3) x27 0x00000000
core   0: 0x80009c84 (0x007bb5b3) sltu    a1, s7, t2
core   0: 3 0x80009c84 (0x007bb5b3) x11 0x00000001
core   0: 0x80009c88 (0xf8b6c837) lui     a6, 0xf8b6c
core   0: 3 0x80009c88 (0xf8b6c837) x16 0xf8b6c000
core   0: 0x80009c8c (0x01fe6c33) or      s8, t3, t6
core   0: 3 0x80009c8c (0x01fe6c33) x24 0xffffffed
core   0: 0x80009c90 (0x026ba533) mulhsu  a0, s7, t1
core   0: 3 0x80009c90 (0x026ba533) x10 0x00000000
core   0: 0x80009c94 (0x32156713) ori     a4, a0, 801
core   0: 3 0x80009c94 (0x32156713) x14 0x00000321
core   0: 0x80009c98 (0x5e4d7db7) lui     s11, 0x5e4d7
core   0: 3 0x80009c98 (0x5e4d7db7) x27 0x5e4d7000
core   0: 0x80009c9c (0x01616bb3) or      s7, sp, s6
core   0: 3 0x80009c9c (0x01616bb3) x23 0x80018ce4
core   0: 0x80009ca0 (0x01d554b3) srl     s1, a0, t4
core   0: 3 0x80009ca0 (0x01d554b3) x 9 0x00000000
core   0: 0x80009ca4 (0x03d41f33) mulh    t5, s0, t4
core   0: 3 0x80009ca4 (0x03d41f33) x30 0x053bf10c
core   0: 0x80009ca8 (0x009f7c33) and     s8, t5, s1
core   0: 3 0x80009ca8 (0x009f7c33) x24 0x00000000
core   0: 0x80009cac (0x02cb1f33) mulh    t5, s6, a2
core   0: 3 0x80009cac (0x02cb1f33) x30 0x00000000
core   0: 0x80009cb0 (0x018dd1b3) srl     gp, s11, s8
core   0: 3 0x80009cb0 (0x018dd1b3) x 3 0x5e4d7000
core   0: 0x80009cb4 (0x00c94bb3) xor     s7, s2, a2
core   0: 3 0x80009cb4 (0x00c94bb3) x23 0xf018fb60
core   0: 0x80009cb8 (0x003f9913) slli    s2, t6, 3
core   0: 3 0x80009cb8 (0x003f9913) x18 0xffffff68
core   0: 0x80009cbc (0x025b37b3) mulhu   a5, s6, t0
core   0: 3 0x80009cbc (0x025b37b3) x15 0x00000000
core   0: 0x80009cc0 (0x00aa60b3) or      ra, s4, a0
core   0: 3 0x80009cc0 (0x00aa60b3) x 1 0x00000132
core   0: 0x80009cc4 (0x0cc64897) auipc   a7, 0xcc64
core   0: 3 0x80009cc4 (0x0cc64897) x17 0x8cc6dcc4
core   0: 0x80009cc8 (0x0132d4b3) srl     s1, t0, s3
core   0: 3 0x80009cc8 (0x0132d4b3) x 9 0x0fe70070
core   0: 0x80009ccc (0x9eaa7eb7) lui     t4, 0x9eaa7
core   0: 3 0x80009ccc (0x9eaa7eb7) x29 0x9eaa7000
core   0: 0x80009cd0 (0x01a40933) add     s2, s0, s10
core   0: 3 0x80009cd0 (0x01a40933) x18 0xdf50f3eb
core   0: 0x80009cd4 (0xb3338313) addi    t1, t2, -1229
core   0: 3 0x80009cd4 (0xb3338313) x 6 0xfc79fb1f
core   0: 0x80009cd8 (0x037893b3) mulh    t2, a7, s7
core   0: 3 0x80009cd8 (0x037893b3) x 7 0x072853b4
core   0: 0x80009cdc (0x7b411db7) lui     s11, 0x7b411
core   0: 3 0x80009cdc (0x7b411db7) x27 0x7b411000
core   0: 0x80009ce0 (0xef0aab93) slti    s7, s5, -272
core   0: 3 0x80009ce0 (0xef0aab93) x23 0x00000001
core   0: 0x80009ce4 (0x018a6033) or      zero, s4, s8
core   0: 3 0x80009ce4 (0x018a6033)
core   0: 0x80009ce8 (0x417e0d33) sub     s10, t3, s7
core   0: 3 0x80009ce8 (0x417e0d33) x26 0x00000000
core   0: 0x80009cec (0x02abfb33) remu    s6, s7, a0
core   0: 3 0x80009cec (0x02abfb33) x22 0x00000001
core   0: 0x80009cf0 (0x01e2f6b3) and     a3, t0, t5
core   0: 3 0x80009cf0 (0x01e2f6b3) x13 0x00000000
core   0: 0x80009cf4 (0x1886cc13) xori    s8, a3, 392
core   0: 3 0x80009cf4 (0x1886cc13) x24 0x00000188
core   0: 0x80009cf8 (0x00c05e13) srli    t3, zero, 12
core   0: 3 0x80009cf8 (0x00c05e13) x28 0x00000000
core   0: 0x80009cfc (0x0003b933) sltu    s2, t2, zero
core   0: 3 0x80009cfc (0x0003b933) x18 0x00000000
core   0: 0x80009d00 (0xc0977b93) andi    s7, a4, -1015
core   0: 3 0x80009d00 (0xc0977b93) x23 0x00000001
core   0: 0x80009d04 (0x01b68033) add     zero, a3, s11
core   0: 3 0x80009d04 (0x01b68033)
core   0: 0x80009d08 (0x0321acb3) mulhsu  s9, gp, s2
core   0: 3 0x80009d08 (0x0321acb3) x25 0x00000000
core   0: 0x80009d0c (0x02ffc4b3) div     s1, t6, a5
core   0: 3 0x80009d0c (0x02ffc4b3) x 9 0xffffffff
core   0: 0x80009d10 (0xf7ea7017) auipc   zero, 0xf7ea7
core   0: 3 0x80009d10 (0xf7ea7017)
core   0: 0x80009d14 (0x20ce7fb7) lui     t6, 0x20ce7
core   0: 3 0x80009d14 (0x20ce7fb7) x31 0x20ce7000
core   0: 0x80009d18 (0x017229b3) slt     s3, tp, s7
core   0: 3 0x80009d18 (0x017229b3) x19 0x00000001
core   0: 0x80009d1c (0x0147b533) sltu    a0, a5, s4
core   0: 3 0x80009d1c (0x0147b533) x10 0x00000001
core   0: 0x80009d20 (0xb569a513) slti    a0, s3, -1194
core   0: 3 0x80009d20 (0xb569a513) x10 0x00000000
core   0: 0x80009d24 (0x01e7d433) srl     s0, a5, t5
core   0: 3 0x80009d24 (0x01e7d433) x 8 0x00000000
core   0: 0x80009d28 (0x03764733) div     a4, a2, s7
core   0: 3 0x80009d28 (0x03764733) x14 0xf018fb60
core   0: 0x80009d2c (0xef5c3913) sltiu   s2, s8, -267
core   0: 3 0x80009d2c (0xef5c3913) x18 0x00000001
core   0: 0x80009d30 (0x00c27333) and     t1, tp, a2
core   0: 3 0x80009d30 (0x00c27333) x 6 0xd010f000
core   0: 0x80009d34 (0x5ab26893) ori     a7, tp, 1451
core   0: 3 0x80009d34 (0x5ab26893) x17 0xdf50f5ab
core   0: 0x80009d38 (0x03be8333) mul     t1, t4, s11
core   0: 3 0x80009d38 (0x03be8333) x 6 0x17000000
core   0: 0x80009d3c (0x024a9c33) mulh    s8, s5, tp
core   0: 3 0x80009d3c (0x024a9c33) x24 0x10575d4e
core   0: 0x80009d40 (0x00000013) nop
core   0: 3 0x80009d40 (0x00000013)
core   0: 0x80009d44 (0x007e5e33) srl     t3, t3, t2
core   0: 3 0x80009d44 (0x007e5e33) x28 0x00000000
core   0: 0x80009d48 (0x00829bb3) sll     s7, t0, s0
core   0: 3 0x80009d48 (0x00829bb3) x23 0x0fe70070
core   0: 0x80009d4c (0x40025793) srai    a5, tp, 0
core   0: 3 0x80009d4c (0x40025793) x15 0xdf50f000
core   0: 0x80009d50 (0x01162fb3) slt     t6, a2, a7
core   0: 3 0x80009d50 (0x01162fb3) x31 0x00000000
core   0: 0x80009d54 (0x00000617) auipc   a2, 0x0
core   0: 3 0x80009d54 (0x00000617) x12 0x80009d54
core   0: 0x80009d58 (0x00c60613) addi    a2, a2, 12
core   0: 3 0x80009d58 (0x00c60613) x12 0x80009d60
core   0: 0x80009d5c (0x00060067) jr      a2
core   0: 3 0x80009d5c (0x00060067)
core   0: 0x80009d60 (0x00100193) li      gp, 1
core   0: 3 0x80009d60 (0x00100193) x 3 0x00000001
core   0: 0x80009d64 (0x00000073) ecall
core   0: exception trap_machine_ecall, epc 0x80009d64
core   0: >>>>  mtvec_handler
core   0: 0x8000a790 (0x0400006f) j       pc + 0x40
core   0: 3 0x8000a790 (0x0400006f)
core   0: 0x8000a7d0 (0xffc10113) addi    sp, sp, -4
core   0: 3 0x8000a7d0 (0xffc10113) x 2 0x80018ce0
core   0: 0x8000a7d4 (0x01512023) sw      s5, 0(sp)
core   0: 3 0x8000a7d4 (0x01512023) mem 0x80018ce0 0x80014e64
core   0: 0x8000a7d8 (0x00010ab3) add     s5, sp, zero
core   0: 3 0x8000a7d8 (0x00010ab3) x21 0x80018ce0
core   0: 0x8000a7dc (0xf80a8a93) addi    s5, s5, -128
core   0: 3 0x8000a7dc (0xf80a8a93) x21 0x80018c60
core   0: 0x8000a7e0 (0x001aa223) sw      ra, 4(s5)
core   0: 3 0x8000a7e0 (0x001aa223) mem 0x80018c64 0x00000132
core   0: 0x8000a7e4 (0x002aa423) sw      sp, 8(s5)
core   0: 3 0x8000a7e4 (0x002aa423) mem 0x80018c68 0x80018ce0
core   0: 0x8000a7e8 (0x003aa623) sw      gp, 12(s5)
core   0: 3 0x8000a7e8 (0x003aa623) mem 0x80018c6c 0x00000001
core   0: 0x8000a7ec (0x004aa823) sw      tp, 16(s5)
core   0: 3 0x8000a7ec (0x004aa823) mem 0x80018c70 0xdf50f000
core   0: 0x8000a7f0 (0x005aaa23) sw      t0, 20(s5)
core   0: 3 0x8000a7f0 (0x005aaa23) mem 0x80018c74 0x0fe70070
core   0: 0x8000a7f4 (0x006aac23) sw      t1, 24(s5)
core   0: 3 0x8000a7f4 (0x006aac23) mem 0x80018c78 0x17000000
core   0: 0x8000a7f8 (0x007aae23) sw      t2, 28(s5)
core   0: 3 0x8000a7f8 (0x007aae23) mem 0x80018c7c 0x072853b4
core   0: 0x8000a7fc (0x028aa023) sw      s0, 32(s5)
core   0: 3 0x8000a7fc (0x028aa023) mem 0x80018c80 0x00000000
core   0: 0x8000a800 (0x029aa223) sw      s1, 36(s5)
core   0: 3 0x8000a800 (0x029aa223) mem 0x80018c84 0xffffffff
core   0: 0x8000a804 (0x02aaa423) sw      a0, 40(s5)
core   0: 3 0x8000a804 (0x02aaa423) mem 0x80018c88 0x00000000
core   0: 0x8000a808 (0x02baa623) sw      a1, 44(s5)
core   0: 3 0x8000a808 (0x02baa623) mem 0x80018c8c 0x00000001
core   0: 0x8000a80c (0x02caa823) sw      a2, 48(s5)
core   0: 3 0x8000a80c (0x02caa823) mem 0x80018c90 0x80009d60
core   0: 0x8000a810 (0x02daaa23) sw      a3, 52(s5)
core   0: 3 0x8000a810 (0x02daaa23) mem 0x80018c94 0x00000000
core   0: 0x8000a814 (0x02eaac23) sw      a4, 56(s5)
core   0: 3 0x8000a814 (0x02eaac23) mem 0x80018c98 0xf018fb60
core   0: 0x8000a818 (0x02faae23) sw      a5, 60(s5)
core   0: 3 0x8000a818 (0x02faae23) mem 0x80018c9c 0xdf50f000
core   0: 0x8000a81c (0x050aa023) sw      a6, 64(s5)
core   0: 3 0x8000a81c (0x050aa023) mem 0x80018ca0 0xf8b6c000
core   0: 0x8000a820 (0x051aa223) sw      a7, 68(s5)
core   0: 3 0x8000a820 (0x051aa223) mem 0x80018ca4 0xdf50f5ab
core   0: 0x8000a824 (0x052aa423) sw      s2, 72(s5)
core   0: 3 0x8000a824 (0x052aa423) mem 0x80018ca8 0x00000001
core   0: 0x8000a828 (0x053aa623) sw      s3, 76(s5)
core   0: 3 0x8000a828 (0x053aa623) mem 0x80018cac 0x00000001
core   0: 0x8000a82c (0x054aa823) sw      s4, 80(s5)
core   0: 3 0x8000a82c (0x054aa823) mem 0x80018cb0 0x00000132
core   0: 0x8000a830 (0x055aaa23) sw      s5, 84(s5)
core   0: 3 0x8000a830 (0x055aaa23) mem 0x80018cb4 0x80018c60
core   0: 0x8000a834 (0x056aac23) sw      s6, 88(s5)
core   0: 3 0x8000a834 (0x056aac23) mem 0x80018cb8 0x00000001
core   0: 0x8000a838 (0x057aae23) sw      s7, 92(s5)
core   0: 3 0x8000a838 (0x057aae23) mem 0x80018cbc 0x0fe70070
core   0: 0x8000a83c (0x078aa023) sw      s8, 96(s5)
core   0: 3 0x8000a83c (0x078aa023) mem 0x80018cc0 0x10575d4e
core   0: 0x8000a840 (0x079aa223) sw      s9, 100(s5)
core   0: 3 0x8000a840 (0x079aa223) mem 0x80018cc4 0x00000000
core   0: 0x8000a844 (0x07aaa423) sw      s10, 104(s5)
core   0: 3 0x8000a844 (0x07aaa423) mem 0x80018cc8 0x00000000
core   0: 0x8000a848 (0x07baa623) sw      s11, 108(s5)
core   0: 3 0x8000a848 (0x07baa623) mem 0x80018ccc 0x7b411000
core   0: 0x8000a84c (0x07caa823) sw      t3, 112(s5)
core   0: 3 0x8000a84c (0x07caa823) mem 0x80018cd0 0x00000000
core   0: 0x8000a850 (0x07daaa23) sw      t4, 116(s5)
core   0: 3 0x8000a850 (0x07daaa23) mem 0x80018cd4 0x9eaa7000
core   0: 0x8000a854 (0x07eaac23) sw      t5, 120(s5)
core   0: 3 0x8000a854 (0x07eaac23) mem 0x80018cd8 0x00000000
core   0: 0x8000a858 (0x07faae23) sw      t6, 124(s5)
core   0: 3 0x8000a858 (0x07faae23) mem 0x80018cdc 0x00000000
core   0: 0x8000a85c (0x000a8133) add     sp, s5, zero
core   0: 3 0x8000a85c (0x000a8133) x 2 0x80018c60
core   0: 0x8000a860 (0x34102cf3) csrr    s9, mepc
core   0: 3 0x8000a860 (0x34102cf3) x25 0x80009d64
core   0: 0x8000a864 (0x34202cf3) csrr    s9, mcause
core   0: 3 0x8000a864 (0x34202cf3) x25 0x0000000b
core   0: 0x8000a868 (0x00300a13) li      s4, 3
core   0: 3 0x8000a868 (0x00300a13) x20 0x00000003
core   0: 0x8000a86c (0x2b4c8a63) beq     s9, s4, pc + 692
core   0: 3 0x8000a86c (0x2b4c8a63)
core   0: 0x8000a870 (0x00800a13) li      s4, 8
core   0: 3 0x8000a870 (0x00800a13) x20 0x00000008
core   0: 0x8000a874 (0x054c8e63) beq     s9, s4, pc + 92
core   0: 3 0x8000a874 (0x054c8e63)
core   0: 0x8000a878 (0x00900a13) li      s4, 9
core   0: 3 0x8000a878 (0x00900a13) x20 0x00000009
core   0: 0x8000a87c (0x054c8a63) beq     s9, s4, pc + 84
core   0: 3 0x8000a87c (0x054c8a63)
core   0: 0x8000a880 (0x00b00a13) li      s4, 11
core   0: 3 0x8000a880 (0x00b00a13) x20 0x0000000b
core   0: 0x8000a884 (0x054c8663) beq     s9, s4, pc + 76
core   0: 3 0x8000a884 (0x054c8663)
core   0: 0x8000a8d0 (0xffff5c97) auipc   s9, 0xffff5
core   0: 3 0x8000a8d0 (0xffff5c97) x25 0x7ffff8d0
core   0: 0x8000a8d4 (0x730c8c93) addi    s9, s9, 1840
core   0: 3 0x8000a8d4 (0x730c8c93) x25 0x80000000
core   0: 0x8000a8d8 (0x000ca023) sw      zero, 0(s9)
core   0: 3 0x8000a8d8 (0x000ca023) mem 0x80000000 0x00000000
core   0: 0x8000a8dc (0x001ca223) sw      ra, 4(s9)
core   0: 3 0x8000a8dc (0x001ca223) mem 0x80000004 0x00000132
core   0: 0x8000a8e0 (0x002ca423) sw      sp, 8(s9)
core   0: 3 0x8000a8e0 (0x002ca423) mem 0x80000008 0x80018c60
core   0: 0x8000a8e4 (0x003ca623) sw      gp, 12(s9)
core   0: 3 0x8000a8e4 (0x003ca623) mem 0x8000000c 0x00000001
core   0: 0x8000a8e8 (0x004ca823) sw      tp, 16(s9)
core   0: 3 0x8000a8e8 (0x004ca823) mem 0x80000010 0xdf50f000
core   0: 0x8000a8ec (0x005caa23) sw      t0, 20(s9)
core   0: 3 0x8000a8ec (0x005caa23) mem 0x80000014 0x0fe70070
core   0: 0x8000a8f0 (0x006cac23) sw      t1, 24(s9)
core   0: 3 0x8000a8f0 (0x006cac23) mem 0x80000018 0x17000000
core   0: 0x8000a8f4 (0x007cae23) sw      t2, 28(s9)
core   0: 3 0x8000a8f4 (0x007cae23) mem 0x8000001c 0x072853b4
core   0: 0x8000a8f8 (0x028ca023) sw      s0, 32(s9)
core   0: 3 0x8000a8f8 (0x028ca023) mem 0x80000020 0x00000000
core   0: 0x8000a8fc (0x029ca223) sw      s1, 36(s9)
core   0: 3 0x8000a8fc (0x029ca223) mem 0x80000024 0xffffffff
core   0: 0x8000a900 (0x02aca423) sw      a0, 40(s9)
core   0: 3 0x8000a900 (0x02aca423) mem 0x80000028 0x00000000
core   0: 0x8000a904 (0x02bca623) sw      a1, 44(s9)
core   0: 3 0x8000a904 (0x02bca623) mem 0x8000002c 0x00000001
core   0: 0x8000a908 (0x02cca823) sw      a2, 48(s9)
core   0: 3 0x8000a908 (0x02cca823) mem 0x80000030 0x80009d60
core   0: 0x8000a90c (0x02dcaa23) sw      a3, 52(s9)
core   0: 3 0x8000a90c (0x02dcaa23) mem 0x80000034 0x00000000
core   0: 0x8000a910 (0x02ecac23) sw      a4, 56(s9)
core   0: 3 0x8000a910 (0x02ecac23) mem 0x80000038 0xf018fb60
core   0: 0x8000a914 (0x02fcae23) sw      a5, 60(s9)
core   0: 3 0x8000a914 (0x02fcae23) mem 0x8000003c 0xdf50f000
core   0: 0x8000a918 (0x050ca023) sw      a6, 64(s9)
core   0: 3 0x8000a918 (0x050ca023) mem 0x80000040 0xf8b6c000
core   0: 0x8000a91c (0x051ca223) sw      a7, 68(s9)
core   0: 3 0x8000a91c (0x051ca223) mem 0x80000044 0xdf50f5ab
core   0: 0x8000a920 (0x052ca423) sw      s2, 72(s9)
core   0: 3 0x8000a920 (0x052ca423) mem 0x80000048 0x00000001
core   0: 0x8000a924 (0x053ca623) sw      s3, 76(s9)
core   0: 3 0x8000a924 (0x053ca623) mem 0x8000004c 0x00000001
core   0: 0x8000a928 (0x054ca823) sw      s4, 80(s9)
core   0: 3 0x8000a928 (0x054ca823) mem 0x80000050 0x0000000b
core   0: 0x8000a92c (0x055caa23) sw      s5, 84(s9)
core   0: 3 0x8000a92c (0x055caa23) mem 0x80000054 0x80018c60
core   0: 0x8000a930 (0x056cac23) sw      s6, 88(s9)
core   0: 3 0x8000a930 (0x056cac23) mem 0x80000058 0x00000001
core   0: 0x8000a934 (0x057cae23) sw      s7, 92(s9)
core   0: 3 0x8000a934 (0x057cae23) mem 0x8000005c 0x0fe70070
core   0: 0x8000a938 (0x078ca023) sw      s8, 96(s9)
core   0: 3 0x8000a938 (0x078ca023) mem 0x80000060 0x10575d4e
core   0: 0x8000a93c (0x079ca223) sw      s9, 100(s9)
core   0: 3 0x8000a93c (0x079ca223) mem 0x80000064 0x80000000
core   0: 0x8000a940 (0x07aca423) sw      s10, 104(s9)
core   0: 3 0x8000a940 (0x07aca423) mem 0x80000068 0x00000000
core   0: 0x8000a944 (0x07bca623) sw      s11, 108(s9)
core   0: 3 0x8000a944 (0x07bca623) mem 0x8000006c 0x7b411000
core   0: 0x8000a948 (0x07cca823) sw      t3, 112(s9)
core   0: 3 0x8000a948 (0x07cca823) mem 0x80000070 0x00000000
core   0: 0x8000a94c (0x07dcaa23) sw      t4, 116(s9)
core   0: 3 0x8000a94c (0x07dcaa23) mem 0x80000074 0x9eaa7000
core   0: 0x8000a950 (0x07ecac23) sw      t5, 120(s9)
core   0: 3 0x8000a950 (0x07ecac23) mem 0x80000078 0x00000000
core   0: 0x8000a954 (0x07fcae23) sw      t6, 124(s9)
core   0: 3 0x8000a954 (0x07fcae23) mem 0x8000007c 0x00000000
core   0: 0x8000a958 (0xfffff617) auipc   a2, 0xfffff
core   0: 3 0x8000a958 (0xfffff617) x12 0x80009958
core   0: 0x8000a95c (0x41060613) addi    a2, a2, 1040
core   0: 3 0x8000a95c (0x41060613) x12 0x80009d68
core   0: 0x8000a960 (0x00060067) jr      a2
core   0: 3 0x8000a960 (0x00060067)
core   0: 0x80009d68 (0x00006f17) auipc   t5, 0x6
core   0: 3 0x80009d68 (0x00006f17) x30 0x8000fd68
core   0: 0x80009d6c (0x283f2c23) sw      gp, 664(t5)
core   0: 3 0x80009d6c (0x283f2c23) mem 0x80010000 0x00000001
core   0: 0x80009d70 (0xff9ff06f) j       pc - 0x8
core   0: 3 0x80009d70 (0xff9ff06f)
core   0: 0x80009d68 (0x00006f17) auipc   t5, 0x6
core   0: 3 0x80009d68 (0x00006f17) x30 0x8000fd68
core   0: 0x80009d6c (0x283f2c23) sw      gp, 664(t5)
core   0: 3 0x80009d6c (0x283f2c23) mem 0x80010000 0x00000001
core   0: 0x80009d70 (0xff9ff06f) j       pc - 0x8
core   0: 3 0x80009d70 (0xff9ff06f)
core   0: 0x80009d68 (0x00006f17) auipc   t5, 0x6
core   0: 3 0x80009d68 (0x00006f17) x30 0x8000fd68
core   0: 0x80009d6c (0x283f2c23) sw      gp, 664(t5)
core   0: 3 0x80009d6c (0x283f2c23) mem 0x80010000 0x00000001
core   0: 0x80009d70 (0xff9ff06f) j       pc - 0x8
core   0: 3 0x80009d70 (0xff9ff06f)
core   0: 0x80009d68 (0x00006f17) auipc   t5, 0x6
core   0: 3 0x80009d68 (0x00006f17) x30 0x8000fd68
core   0: 0x80009d6c (0x283f2c23) sw      gp, 664(t5)
core   0: 3 0x80009d6c (0x283f2c23) mem 0x80010000 0x00000001
core   0: 0x80009d70 (0xff9ff06f) j       pc - 0x8
core   0: 3 0x80009d70 (0xff9ff06f)
core   0: 0x80009d68 (0x00006f17) auipc   t5, 0x6
core   0: 3 0x80009d68 (0x00006f17) x30 0x8000fd68
core   0: 0x80009d6c (0x283f2c23) sw      gp, 664(t5)
core   0: 3 0x80009d6c (0x283f2c23) mem 0x80010000 0x00000001
core   0: 0x80009d70 (0xff9ff06f) j       pc - 0x8
core   0: 3 0x80009d70 (0xff9ff06f)
core   0: 0x80009d68 (0x00006f17) auipc   t5, 0x6
core   0: 3 0x80009d68 (0x00006f17) x30 0x8000fd68
core   0: 0x80009d6c (0x283f2c23) sw      gp, 664(t5)
core   0: 3 0x80009d6c (0x283f2c23) mem 0x80010000 0x00000001
core   0: 0x80009d70 (0xff9ff06f) j       pc - 0x8
core   0: 3 0x80009d70 (0xff9ff06f)
core   0: 0x80009d68 (0x00006f17) auipc   t5, 0x6
core   0: 3 0x80009d68 (0x00006f17) x30 0x8000fd68
core   0: 0x80009d6c (0x283f2c23) sw      gp, 664(t5)
core   0: 3 0x80009d6c (0x283f2c23) mem 0x80010000 0x00000001
core   0: 0x80009d70 (0xff9ff06f) j       pc - 0x8
core   0: 3 0x80009d70 (0xff9ff06f)
core   0: 0x80009d68 (0x00006f17) auipc   t5, 0x6
core   0: 3 0x80009d68 (0x00006f17) x30 0x8000fd68
core   0: 0x80009d6c (0x283f2c23) sw      gp, 664(t5)
core   0: 3 0x80009d6c (0x283f2c23) mem 0x80010000 0x00000001
core   0: 0x80009d70 (0xff9ff06f) j       pc - 0x8
core   0: 3 0x80009d70 (0xff9ff06f)
core   0: 0x80009d68 (0x00006f17) auipc   t5, 0x6
core   0: 3 0x80009d68 (0x00006f17) x30 0x8000fd68
core   0: 0x80009d6c (0x283f2c23) sw      gp, 664(t5)
core   0: 3 0x80009d6c (0x283f2c23) mem 0x80010000 0x00000001
core   0: 0x80009d70 (0xff9ff06f) j       pc - 0x8
core   0: 3 0x80009d70 (0xff9ff06f)
core   0: 0x80009d68 (0x00006f17) auipc   t5, 0x6
core   0: 3 0x80009d68 (0x00006f17) x30 0x8000fd68
core   0: 0x80009d6c (0x283f2c23) sw      gp, 664(t5)
core   0: 3 0x80009d6c (0x283f2c23) mem 0x80010000 0x00000001
core   0: 0x80009d70 (0xff9ff06f) j       pc - 0x8
core   0: 3 0x80009d70 (0xff9ff06f)
core   0: 0x80009d68 (0x00006f17) auipc   t5, 0x6
core   0: 3 0x80009d68 (0x00006f17) x30 0x8000fd68
core   0: 0x80009d6c (0x283f2c23) sw      gp, 664(t5)
core   0: 3 0x80009d6c (0x283f2c23) mem 0x80010000 0x00000001
core   0: 0x80009d70 (0xff9ff06f) j       pc - 0x8
core   0: 3 0x80009d70 (0xff9ff06f)
core   0: 0x80009d68 (0x00006f17) auipc   t5, 0x6
core   0: 3 0x80009d68 (0x00006f17) x30 0x8000fd68
core   0: 0x80009d6c (0x283f2c23) sw      gp, 664(t5)
core   0: 3 0x80009d6c (0x283f2c23) mem 0x80010000 0x00000001
core   0: 0x80009d70 (0xff9ff06f) j       pc - 0x8
core   0: 3 0x80009d70 (0xff9ff06f)
core   0: 0x80009d68 (0x00006f17) auipc   t5, 0x6
core   0: 3 0x80009d68 (0x00006f17) x30 0x8000fd68
core   0: 0x80009d6c (0x283f2c23) sw      gp, 664(t5)
core   0: 3 0x80009d6c (0x283f2c23) mem 0x80010000 0x00000001
core   0: 0x80009d70 (0xff9ff06f) j       pc - 0x8
core   0: 3 0x80009d70 (0xff9ff06f)
core   0: 0x80009d68 (0x00006f17) auipc   t5, 0x6
core   0: 3 0x80009d68 (0x00006f17) x30 0x8000fd68
core   0: 0x80009d6c (0x283f2c23) sw      gp, 664(t5)
core   0: 3 0x80009d6c (0x283f2c23) mem 0x80010000 0x00000001
core   0: 0x80009d70 (0xff9ff06f) j       pc - 0x8
core   0: 3 0x80009d70 (0xff9ff06f)
core   0: 0x80009d68 (0x00006f17) auipc   t5, 0x6
core   0: 3 0x80009d68 (0x00006f17) x30 0x8000fd68
core   0: 0x80009d6c (0x283f2c23) sw      gp, 664(t5)
core   0: 3 0x80009d6c (0x283f2c23) mem 0x80010000 0x00000001
core   0: 0x80009d70 (0xff9ff06f) j       pc - 0x8
core   0: 3 0x80009d70 (0xff9ff06f)
core   0: 0x80009d68 (0x00006f17) auipc   t5, 0x6
core   0: 3 0x80009d68 (0x00006f17) x30 0x8000fd68
core   0: 0x80009d6c (0x283f2c23) sw      gp, 664(t5)
core   0: 3 0x80009d6c (0x283f2c23) mem 0x80010000 0x00000001
core   0: 0x80009d70 (0xff9ff06f) j       pc - 0x8
core   0: 3 0x80009d70 (0xff9ff06f)
core   0: 0x80009d68 (0x00006f17) auipc   t5, 0x6
core   0: 3 0x80009d68 (0x00006f17) x30 0x8000fd68
core   0: 0x80009d6c (0x283f2c23) sw      gp, 664(t5)
core   0: 3 0x80009d6c (0x283f2c23) mem 0x80010000 0x00000001
core   0: 0x80009d70 (0xff9ff06f) j       pc - 0x8
core   0: 3 0x80009d70 (0xff9ff06f)
core   0: 0x80009d68 (0x00006f17) auipc   t5, 0x6
core   0: 3 0x80009d68 (0x00006f17) x30 0x8000fd68
core   0: 0x80009d6c (0x283f2c23) sw      gp, 664(t5)
core   0: 3 0x80009d6c (0x283f2c23) mem 0x80010000 0x00000001
core   0: 0x80009d70 (0xff9ff06f) j       pc - 0x8
core   0: 3 0x80009d70 (0xff9ff06f)
core   0: 0x80009d68 (0x00006f17) auipc   t5, 0x6
core   0: 3 0x80009d68 (0x00006f17) x30 0x8000fd68
core   0: 0x80009d6c (0x283f2c23) sw      gp, 664(t5)
core   0: 3 0x80009d6c (0x283f2c23) mem 0x80010000 0x00000001
core   0: 0x80009d70 (0xff9ff06f) j       pc - 0x8
core   0: 3 0x80009d70 (0xff9ff06f)
core   0: 0x80009d68 (0x00006f17) auipc   t5, 0x6
core   0: 3 0x80009d68 (0x00006f17) x30 0x8000fd68
core   0: 0x80009d6c (0x283f2c23) sw      gp, 664(t5)
core   0: 3 0x80009d6c (0x283f2c23) mem 0x80010000 0x00000001
core   0: 0x80009d70 (0xff9ff06f) j       pc - 0x8
core   0: 3 0x80009d70 (0xff9ff06f)
core   0: 0x80009d68 (0x00006f17) auipc   t5, 0x6
core   0: 3 0x80009d68 (0x00006f17) x30 0x8000fd68
core   0: 0x80009d6c (0x283f2c23) sw      gp, 664(t5)
core   0: 3 0x80009d6c (0x283f2c23) mem 0x80010000 0x00000001
core   0: 0x80009d70 (0xff9ff06f) j       pc - 0x8
core   0: 3 0x80009d70 (0xff9ff06f)
core   0: 0x80009d68 (0x00006f17) auipc   t5, 0x6
core   0: 3 0x80009d68 (0x00006f17) x30 0x8000fd68
core   0: 0x80009d6c (0x283f2c23) sw      gp, 664(t5)
core   0: 3 0x80009d6c (0x283f2c23) mem 0x80010000 0x00000001
core   0: 0x80009d70 (0xff9ff06f) j       pc - 0x8
core   0: 3 0x80009d70 (0xff9ff06f)
core   0: 0x80009d68 (0x00006f17) auipc   t5, 0x6
core   0: 3 0x80009d68 (0x00006f17) x30 0x8000fd68
core   0: 0x80009d6c (0x283f2c23) sw      gp, 664(t5)
core   0: 3 0x80009d6c (0x283f2c23) mem 0x80010000 0x00000001
core   0: 0x80009d70 (0xff9ff06f) j       pc - 0x8
core   0: 3 0x80009d70 (0xff9ff06f)
core   0: 0x80009d68 (0x00006f17) auipc   t5, 0x6
core   0: 3 0x80009d68 (0x00006f17) x30 0x8000fd68
core   0: 0x80009d6c (0x283f2c23) sw      gp, 664(t5)
core   0: 3 0x80009d6c (0x283f2c23) mem 0x80010000 0x00000001
core   0: 0x80009d70 (0xff9ff06f) j       pc - 0x8
core   0: 3 0x80009d70 (0xff9ff06f)
core   0: 0x80009d68 (0x00006f17) auipc   t5, 0x6
core   0: 3 0x80009d68 (0x00006f17) x30 0x8000fd68
core   0: 0x80009d6c (0x283f2c23) sw      gp, 664(t5)
core   0: 3 0x80009d6c (0x283f2c23) mem 0x80010000 0x00000001
core   0: 0x80009d70 (0xff9ff06f) j       pc - 0x8
core   0: 3 0x80009d70 (0xff9ff06f)
core   0: 0x80009d68 (0x00006f17) auipc   t5, 0x6
core   0: 3 0x80009d68 (0x00006f17) x30 0x8000fd68
core   0: 0x80009d6c (0x283f2c23) sw      gp, 664(t5)
core   0: 3 0x80009d6c (0x283f2c23) mem 0x80010000 0x00000001
core   0: 0x80009d70 (0xff9ff06f) j       pc - 0x8
core   0: 3 0x80009d70 (0xff9ff06f)
core   0: 0x80009d68 (0x00006f17) auipc   t5, 0x6
core   0: 3 0x80009d68 (0x00006f17) x30 0x8000fd68
core   0: 0x80009d6c (0x283f2c23) sw      gp, 664(t5)
core   0: 3 0x80009d6c (0x283f2c23) mem 0x80010000 0x00000001
core   0: 0x80009d70 (0xff9ff06f) j       pc - 0x8
core   0: 3 0x80009d70 (0xff9ff06f)
core   0: 0x80009d68 (0x00006f17) auipc   t5, 0x6
core   0: 3 0x80009d68 (0x00006f17) x30 0x8000fd68
core   0: 0x80009d6c (0x283f2c23) sw      gp, 664(t5)
core   0: 3 0x80009d6c (0x283f2c23) mem 0x80010000 0x00000001
core   0: 0x80009d70 (0xff9ff06f) j       pc - 0x8
core   0: 3 0x80009d70 (0xff9ff06f)
core   0: 0x80009d68 (0x00006f17) auipc   t5, 0x6
core   0: 3 0x80009d68 (0x00006f17) x30 0x8000fd68
core   0: 0x80009d6c (0x283f2c23) sw      gp, 664(t5)
core   0: 3 0x80009d6c (0x283f2c23) mem 0x80010000 0x00000001
core   0: 0x80009d70 (0xff9ff06f) j       pc - 0x8
core   0: 3 0x80009d70 (0xff9ff06f)
core   0: 0x80009d68 (0x00006f17) auipc   t5, 0x6
core   0: 3 0x80009d68 (0x00006f17) x30 0x8000fd68
core   0: 0x80009d6c (0x283f2c23) sw      gp, 664(t5)
core   0: 3 0x80009d6c (0x283f2c23) mem 0x80010000 0x00000001
core   0: 0x80009d70 (0xff9ff06f) j       pc - 0x8
core   0: 3 0x80009d70 (0xff9ff06f)
core   0: 0x80009d68 (0x00006f17) auipc   t5, 0x6
core   0: 3 0x80009d68 (0x00006f17) x30 0x8000fd68
core   0: 0x80009d6c (0x283f2c23) sw      gp, 664(t5)
core   0: 3 0x80009d6c (0x283f2c23) mem 0x80010000 0x00000001
core   0: 0x80009d70 (0xff9ff06f) j       pc - 0x8
core   0: 3 0x80009d70 (0xff9ff06f)
core   0: 0x80009d68 (0x00006f17) auipc   t5, 0x6
core   0: 3 0x80009d68 (0x00006f17) x30 0x8000fd68
core   0: 0x80009d6c (0x283f2c23) sw      gp, 664(t5)
core   0: 3 0x80009d6c (0x283f2c23) mem 0x80010000 0x00000001
core   0: 0x80009d70 (0xff9ff06f) j       pc - 0x8
core   0: 3 0x80009d70 (0xff9ff06f)
core   0: 0x80009d68 (0x00006f17) auipc   t5, 0x6
core   0: 3 0x80009d68 (0x00006f17) x30 0x8000fd68
core   0: 0x80009d6c (0x283f2c23) sw      gp, 664(t5)
core   0: 3 0x80009d6c (0x283f2c23) mem 0x80010000 0x00000001
core   0: 0x80009d70 (0xff9ff06f) j       pc - 0x8
core   0: 3 0x80009d70 (0xff9ff06f)
core   0: 0x80009d68 (0x00006f17) auipc   t5, 0x6
core   0: 3 0x80009d68 (0x00006f17) x30 0x8000fd68
core   0: 0x80009d6c (0x283f2c23) sw      gp, 664(t5)
core   0: 3 0x80009d6c (0x283f2c23) mem 0x80010000 0x00000001
core   0: 0x80009d70 (0xff9ff06f) j       pc - 0x8
core   0: 3 0x80009d70 (0xff9ff06f)
core   0: 0x80009d68 (0x00006f17) auipc   t5, 0x6
core   0: 3 0x80009d68 (0x00006f17) x30 0x8000fd68
core   0: 0x80009d6c (0x283f2c23) sw      gp, 664(t5)
core   0: 3 0x80009d6c (0x283f2c23) mem 0x80010000 0x00000001
core   0: 0x80009d70 (0xff9ff06f) j       pc - 0x8
core   0: 3 0x80009d70 (0xff9ff06f)
core   0: 0x80009d68 (0x00006f17) auipc   t5, 0x6
core   0: 3 0x80009d68 (0x00006f17) x30 0x8000fd68
core   0: 0x80009d6c (0x283f2c23) sw      gp, 664(t5)
core   0: 3 0x80009d6c (0x283f2c23) mem 0x80010000 0x00000001
core   0: 0x80009d70 (0xff9ff06f) j       pc - 0x8
core   0: 3 0x80009d70 (0xff9ff06f)
core   0: 0x80009d68 (0x00006f17) auipc   t5, 0x6
core   0: 3 0x80009d68 (0x00006f17) x30 0x8000fd68
core   0: 0x80009d6c (0x283f2c23) sw      gp, 664(t5)
core   0: 3 0x80009d6c (0x283f2c23) mem 0x80010000 0x00000001
core   0: 0x80009d70 (0xff9ff06f) j       pc - 0x8
core   0: 3 0x80009d70 (0xff9ff06f)
core   0: 0x80009d68 (0x00006f17) auipc   t5, 0x6
core   0: 3 0x80009d68 (0x00006f17) x30 0x8000fd68
core   0: 0x80009d6c (0x283f2c23) sw      gp, 664(t5)
core   0: 3 0x80009d6c (0x283f2c23) mem 0x80010000 0x00000001
core   0: 0x80009d70 (0xff9ff06f) j       pc - 0x8
core   0: 3 0x80009d70 (0xff9ff06f)
core   0: 0x80009d68 (0x00006f17) auipc   t5, 0x6
core   0: 3 0x80009d68 (0x00006f17) x30 0x8000fd68
core   0: 0x80009d6c (0x283f2c23) sw      gp, 664(t5)
core   0: 3 0x80009d6c (0x283f2c23) mem 0x80010000 0x00000001
core   0: 0x80009d70 (0xff9ff06f) j       pc - 0x8
core   0: 3 0x80009d70 (0xff9ff06f)
core   0: 0x80009d68 (0x00006f17) auipc   t5, 0x6
core   0: 3 0x80009d68 (0x00006f17) x30 0x8000fd68
core   0: 0x80009d6c (0x283f2c23) sw      gp, 664(t5)
core   0: 3 0x80009d6c (0x283f2c23) mem 0x80010000 0x00000001
core   0: 0x80009d70 (0xff9ff06f) j       pc - 0x8
core   0: 3 0x80009d70 (0xff9ff06f)
core   0: 0x80009d68 (0x00006f17) auipc   t5, 0x6
core   0: 3 0x80009d68 (0x00006f17) x30 0x8000fd68
core   0: 0x80009d6c (0x283f2c23) sw      gp, 664(t5)
core   0: 3 0x80009d6c (0x283f2c23) mem 0x80010000 0x00000001
core   0: 0x80009d70 (0xff9ff06f) j       pc - 0x8
core   0: 3 0x80009d70 (0xff9ff06f)
core   0: 0x80009d68 (0x00006f17) auipc   t5, 0x6
core   0: 3 0x80009d68 (0x00006f17) x30 0x8000fd68
core   0: 0x80009d6c (0x283f2c23) sw      gp, 664(t5)
core   0: 3 0x80009d6c (0x283f2c23) mem 0x80010000 0x00000001
core   0: 0x80009d70 (0xff9ff06f) j       pc - 0x8
core   0: 3 0x80009d70 (0xff9ff06f)
core   0: 0x80009d68 (0x00006f17) auipc   t5, 0x6
core   0: 3 0x80009d68 (0x00006f17) x30 0x8000fd68
core   0: 0x80009d6c (0x283f2c23) sw      gp, 664(t5)
core   0: 3 0x80009d6c (0x283f2c23) mem 0x80010000 0x00000001
core   0: 0x80009d70 (0xff9ff06f) j       pc - 0x8
core   0: 3 0x80009d70 (0xff9ff06f)
core   0: 0x80009d68 (0x00006f17) auipc   t5, 0x6
core   0: 3 0x80009d68 (0x00006f17) x30 0x8000fd68
core   0: 0x80009d6c (0x283f2c23) sw      gp, 664(t5)
core   0: 3 0x80009d6c (0x283f2c23) mem 0x80010000 0x00000001
core   0: 0x80009d70 (0xff9ff06f) j       pc - 0x8
core   0: 3 0x80009d70 (0xff9ff06f)
core   0: 0x80009d68 (0x00006f17) auipc   t5, 0x6
core   0: 3 0x80009d68 (0x00006f17) x30 0x8000fd68
core   0: 0x80009d6c (0x283f2c23) sw      gp, 664(t5)
core   0: 3 0x80009d6c (0x283f2c23) mem 0x80010000 0x00000001
core   0: 0x80009d70 (0xff9ff06f) j       pc - 0x8
core   0: 3 0x80009d70 (0xff9ff06f)
core   0: 0x80009d68 (0x00006f17) auipc   t5, 0x6
core   0: 3 0x80009d68 (0x00006f17) x30 0x8000fd68
core   0: 0x80009d6c (0x283f2c23) sw      gp, 664(t5)
core   0: 3 0x80009d6c (0x283f2c23) mem 0x80010000 0x00000001
core   0: 0x80009d70 (0xff9ff06f) j       pc - 0x8
core   0: 3 0x80009d70 (0xff9ff06f)
core   0: 0x80009d68 (0x00006f17) auipc   t5, 0x6
core   0: 3 0x80009d68 (0x00006f17) x30 0x8000fd68
core   0: 0x80009d6c (0x283f2c23) sw      gp, 664(t5)
core   0: 3 0x80009d6c (0x283f2c23) mem 0x80010000 0x00000001
core   0: 0x80009d70 (0xff9ff06f) j       pc - 0x8
core   0: 3 0x80009d70 (0xff9ff06f)
core   0: 0x80009d68 (0x00006f17) auipc   t5, 0x6
core   0: 3 0x80009d68 (0x00006f17) x30 0x8000fd68
core   0: 0x80009d6c (0x283f2c23) sw      gp, 664(t5)
core   0: 3 0x80009d6c (0x283f2c23) mem 0x80010000 0x00000001
core   0: 0x80009d70 (0xff9ff06f) j       pc - 0x8
core   0: 3 0x80009d70 (0xff9ff06f)
core   0: 0x80009d68 (0x00006f17) auipc   t5, 0x6
core   0: 3 0x80009d68 (0x00006f17) x30 0x8000fd68
core   0: 0x80009d6c (0x283f2c23) sw      gp, 664(t5)
core   0: 3 0x80009d6c (0x283f2c23) mem 0x80010000 0x00000001
core   0: 0x80009d70 (0xff9ff06f) j       pc - 0x8
core   0: 3 0x80009d70 (0xff9ff06f)
core   0: 0x80009d68 (0x00006f17) auipc   t5, 0x6
core   0: 3 0x80009d68 (0x00006f17) x30 0x8000fd68
core   0: 0x80009d6c (0x283f2c23) sw      gp, 664(t5)
core   0: 3 0x80009d6c (0x283f2c23) mem 0x80010000 0x00000001
core   0: 0x80009d70 (0xff9ff06f) j       pc - 0x8
core   0: 3 0x80009d70 (0xff9ff06f)
core   0: 0x80009d68 (0x00006f17) auipc   t5, 0x6
core   0: 3 0x80009d68 (0x00006f17) x30 0x8000fd68
core   0: 0x80009d6c (0x283f2c23) sw      gp, 664(t5)
core   0: 3 0x80009d6c (0x283f2c23) mem 0x80010000 0x00000001
core   0: 0x80009d70 (0xff9ff06f) j       pc - 0x8
core   0: 3 0x80009d70 (0xff9ff06f)
core   0: 0x80009d68 (0x00006f17) auipc   t5, 0x6
core   0: 3 0x80009d68 (0x00006f17) x30 0x8000fd68
core   0: 0x80009d6c (0x283f2c23) sw      gp, 664(t5)
core   0: 3 0x80009d6c (0x283f2c23) mem 0x80010000 0x00000001
core   0: 0x80009d70 (0xff9ff06f) j       pc - 0x8
core   0: 3 0x80009d70 (0xff9ff06f)
core   0: 0x80009d68 (0x00006f17) auipc   t5, 0x6
core   0: 3 0x80009d68 (0x00006f17) x30 0x8000fd68
core   0: 0x80009d6c (0x283f2c23) sw      gp, 664(t5)
core   0: 3 0x80009d6c (0x283f2c23) mem 0x80010000 0x00000001
core   0: 0x80009d70 (0xff9ff06f) j       pc - 0x8
core   0: 3 0x80009d70 (0xff9ff06f)
core   0: 0x80009d68 (0x00006f17) auipc   t5, 0x6
core   0: 3 0x80009d68 (0x00006f17) x30 0x8000fd68
core   0: 0x80009d6c (0x283f2c23) sw      gp, 664(t5)
core   0: 3 0x80009d6c (0x283f2c23) mem 0x80010000 0x00000001
core   0: 0x80009d70 (0xff9ff06f) j       pc - 0x8
core   0: 3 0x80009d70 (0xff9ff06f)
core   0: 0x80009d68 (0x00006f17) auipc   t5, 0x6
core   0: 3 0x80009d68 (0x00006f17) x30 0x8000fd68
core   0: 0x80009d6c (0x283f2c23) sw      gp, 664(t5)
core   0: 3 0x80009d6c (0x283f2c23) mem 0x80010000 0x00000001
core   0: 0x80009d70 (0xff9ff06f) j       pc - 0x8
core   0: 3 0x80009d70 (0xff9ff06f)
core   0: 0x80009d68 (0x00006f17) auipc   t5, 0x6
core   0: 3 0x80009d68 (0x00006f17) x30 0x8000fd68
core   0: 0x80009d6c (0x283f2c23) sw      gp, 664(t5)
core   0: 3 0x80009d6c (0x283f2c23) mem 0x80010000 0x00000001
core   0: 0x80009d70 (0xff9ff06f) j       pc - 0x8
core   0: 3 0x80009d70 (0xff9ff06f)
core   0: 0x80009d68 (0x00006f17) auipc   t5, 0x6
core   0: 3 0x80009d68 (0x00006f17) x30 0x8000fd68
core   0: 0x80009d6c (0x283f2c23) sw      gp, 664(t5)
core   0: 3 0x80009d6c (0x283f2c23) mem 0x80010000 0x00000001
core   0: 0x80009d70 (0xff9ff06f) j       pc - 0x8
core   0: 3 0x80009d70 (0xff9ff06f)
core   0: 0x80009d68 (0x00006f17) auipc   t5, 0x6
core   0: 3 0x80009d68 (0x00006f17) x30 0x8000fd68
core   0: 0x80009d6c (0x283f2c23) sw      gp, 664(t5)
core   0: 3 0x80009d6c (0x283f2c23) mem 0x80010000 0x00000001
core   0: 0x80009d70 (0xff9ff06f) j       pc - 0x8
core   0: 3 0x80009d70 (0xff9ff06f)
core   0: 0x80009d68 (0x00006f17) auipc   t5, 0x6
core   0: 3 0x80009d68 (0x00006f17) x30 0x8000fd68
core   0: 0x80009d6c (0x283f2c23) sw      gp, 664(t5)
core   0: 3 0x80009d6c (0x283f2c23) mem 0x80010000 0x00000001
core   0: 0x80009d70 (0xff9ff06f) j       pc - 0x8
core   0: 3 0x80009d70 (0xff9ff06f)
core   0: 0x80009d68 (0x00006f17) auipc   t5, 0x6
core   0: 3 0x80009d68 (0x00006f17) x30 0x8000fd68
core   0: 0x80009d6c (0x283f2c23) sw      gp, 664(t5)
core   0: 3 0x80009d6c (0x283f2c23) mem 0x80010000 0x00000001
core   0: 0x80009d70 (0xff9ff06f) j       pc - 0x8
core   0: 3 0x80009d70 (0xff9ff06f)
core   0: 0x80009d68 (0x00006f17) auipc   t5, 0x6
core   0: 3 0x80009d68 (0x00006f17) x30 0x8000fd68
core   0: 0x80009d6c (0x283f2c23) sw      gp, 664(t5)
core   0: 3 0x80009d6c (0x283f2c23) mem 0x80010000 0x00000001
core   0: 0x80009d70 (0xff9ff06f) j       pc - 0x8
core   0: 3 0x80009d70 (0xff9ff06f)
core   0: 0x80009d68 (0x00006f17) auipc   t5, 0x6
core   0: 3 0x80009d68 (0x00006f17) x30 0x8000fd68
core   0: 0x80009d6c (0x283f2c23) sw      gp, 664(t5)
core   0: 3 0x80009d6c (0x283f2c23) mem 0x80010000 0x00000001
core   0: 0x80009d70 (0xff9ff06f) j       pc - 0x8
core   0: 3 0x80009d70 (0xff9ff06f)
core   0: 0x80009d68 (0x00006f17) auipc   t5, 0x6
core   0: 3 0x80009d68 (0x00006f17) x30 0x8000fd68
core   0: 0x80009d6c (0x283f2c23) sw      gp, 664(t5)
core   0: 3 0x80009d6c (0x283f2c23) mem 0x80010000 0x00000001
core   0: 0x80009d70 (0xff9ff06f) j       pc - 0x8
core   0: 3 0x80009d70 (0xff9ff06f)
core   0: 0x80009d68 (0x00006f17) auipc   t5, 0x6
core   0: 3 0x80009d68 (0x00006f17) x30 0x8000fd68
core   0: 0x80009d6c (0x283f2c23) sw      gp, 664(t5)
core   0: 3 0x80009d6c (0x283f2c23) mem 0x80010000 0x00000001
core   0: 0x80009d70 (0xff9ff06f) j       pc - 0x8
core   0: 3 0x80009d70 (0xff9ff06f)
core   0: 0x80009d68 (0x00006f17) auipc   t5, 0x6
core   0: 3 0x80009d68 (0x00006f17) x30 0x8000fd68
core   0: 0x80009d6c (0x283f2c23) sw      gp, 664(t5)
core   0: 3 0x80009d6c (0x283f2c23) mem 0x80010000 0x00000001
core   0: 0x80009d70 (0xff9ff06f) j       pc - 0x8
core   0: 3 0x80009d70 (0xff9ff06f)
core   0: 0x80009d68 (0x00006f17) auipc   t5, 0x6
core   0: 3 0x80009d68 (0x00006f17) x30 0x8000fd68
core   0: 0x80009d6c (0x283f2c23) sw      gp, 664(t5)
core   0: 3 0x80009d6c (0x283f2c23) mem 0x80010000 0x00000001
core   0: 0x80009d70 (0xff9ff06f) j       pc - 0x8
core   0: 3 0x80009d70 (0xff9ff06f)
core   0: 0x80009d68 (0x00006f17) auipc   t5, 0x6
core   0: 3 0x80009d68 (0x00006f17) x30 0x8000fd68
core   0: 0x80009d6c (0x283f2c23) sw      gp, 664(t5)
core   0: 3 0x80009d6c (0x283f2c23) mem 0x80010000 0x00000001
core   0: 0x80009d70 (0xff9ff06f) j       pc - 0x8
core   0: 3 0x80009d70 (0xff9ff06f)
core   0: 0x80009d68 (0x00006f17) auipc   t5, 0x6
core   0: 3 0x80009d68 (0x00006f17) x30 0x8000fd68
core   0: 0x80009d6c (0x283f2c23) sw      gp, 664(t5)
core   0: 3 0x80009d6c (0x283f2c23) mem 0x80010000 0x00000001
core   0: 0x80009d70 (0xff9ff06f) j       pc - 0x8
core   0: 3 0x80009d70 (0xff9ff06f)
core   0: 0x80009d68 (0x00006f17) auipc   t5, 0x6
core   0: 3 0x80009d68 (0x00006f17) x30 0x8000fd68
core   0: 0x80009d6c (0x283f2c23) sw      gp, 664(t5)
core   0: 3 0x80009d6c (0x283f2c23) mem 0x80010000 0x00000001
core   0: 0x80009d70 (0xff9ff06f) j       pc - 0x8
core   0: 3 0x80009d70 (0xff9ff06f)
core   0: 0x80009d68 (0x00006f17) auipc   t5, 0x6
core   0: 3 0x80009d68 (0x00006f17) x30 0x8000fd68
core   0: 0x80009d6c (0x283f2c23) sw      gp, 664(t5)
core   0: 3 0x80009d6c (0x283f2c23) mem 0x80010000 0x00000001
core   0: 0x80009d70 (0xff9ff06f) j       pc - 0x8
core   0: 3 0x80009d70 (0xff9ff06f)
core   0: 0x80009d68 (0x00006f17) auipc   t5, 0x6
core   0: 3 0x80009d68 (0x00006f17) x30 0x8000fd68
core   0: 0x80009d6c (0x283f2c23) sw      gp, 664(t5)
core   0: 3 0x80009d6c (0x283f2c23) mem 0x80010000 0x00000001
core   0: 0x80009d70 (0xff9ff06f) j       pc - 0x8
core   0: 3 0x80009d70 (0xff9ff06f)
core   0: 0x80009d68 (0x00006f17) auipc   t5, 0x6
core   0: 3 0x80009d68 (0x00006f17) x30 0x8000fd68
core   0: 0x80009d6c (0x283f2c23) sw      gp, 664(t5)
core   0: 3 0x80009d6c (0x283f2c23) mem 0x80010000 0x00000001
core   0: 0x80009d70 (0xff9ff06f) j       pc - 0x8
core   0: 3 0x80009d70 (0xff9ff06f)
core   0: 0x80009d68 (0x00006f17) auipc   t5, 0x6
core   0: 3 0x80009d68 (0x00006f17) x30 0x8000fd68
core   0: 0x80009d6c (0x283f2c23) sw      gp, 664(t5)
core   0: 3 0x80009d6c (0x283f2c23) mem 0x80010000 0x00000001
core   0: 0x80009d70 (0xff9ff06f) j       pc - 0x8
core   0: 3 0x80009d70 (0xff9ff06f)
core   0: 0x80009d68 (0x00006f17) auipc   t5, 0x6
core   0: 3 0x80009d68 (0x00006f17) x30 0x8000fd68
core   0: 0x80009d6c (0x283f2c23) sw      gp, 664(t5)
core   0: 3 0x80009d6c (0x283f2c23) mem 0x80010000 0x00000001
core   0: 0x80009d70 (0xff9ff06f) j       pc - 0x8
core   0: 3 0x80009d70 (0xff9ff06f)
core   0: 0x80009d68 (0x00006f17) auipc   t5, 0x6
core   0: 3 0x80009d68 (0x00006f17) x30 0x8000fd68
core   0: 0x80009d6c (0x283f2c23) sw      gp, 664(t5)
core   0: 3 0x80009d6c (0x283f2c23) mem 0x80010000 0x00000001
core   0: 0x80009d70 (0xff9ff06f) j       pc - 0x8
core   0: 3 0x80009d70 (0xff9ff06f)
core   0: 0x80009d68 (0x00006f17) auipc   t5, 0x6
core   0: 3 0x80009d68 (0x00006f17) x30 0x8000fd68
core   0: 0x80009d6c (0x283f2c23) sw      gp, 664(t5)
core   0: 3 0x80009d6c (0x283f2c23) mem 0x80010000 0x00000001
core   0: 0x80009d70 (0xff9ff06f) j       pc - 0x8
core   0: 3 0x80009d70 (0xff9ff06f)
core   0: 0x80009d68 (0x00006f17) auipc   t5, 0x6
core   0: 3 0x80009d68 (0x00006f17) x30 0x8000fd68
core   0: 0x80009d6c (0x283f2c23) sw      gp, 664(t5)
core   0: 3 0x80009d6c (0x283f2c23) mem 0x80010000 0x00000001
core   0: 0x80009d70 (0xff9ff06f) j       pc - 0x8
core   0: 3 0x80009d70 (0xff9ff06f)
core   0: 0x80009d68 (0x00006f17) auipc   t5, 0x6
core   0: 3 0x80009d68 (0x00006f17) x30 0x8000fd68
core   0: 0x80009d6c (0x283f2c23) sw      gp, 664(t5)
core   0: 3 0x80009d6c (0x283f2c23) mem 0x80010000 0x00000001
core   0: 0x80009d70 (0xff9ff06f) j       pc - 0x8
core   0: 3 0x80009d70 (0xff9ff06f)
core   0: 0x80009d68 (0x00006f17) auipc   t5, 0x6
core   0: 3 0x80009d68 (0x00006f17) x30 0x8000fd68
core   0: 0x80009d6c (0x283f2c23) sw      gp, 664(t5)
core   0: 3 0x80009d6c (0x283f2c23) mem 0x80010000 0x00000001
core   0: 0x80009d70 (0xff9ff06f) j       pc - 0x8
core   0: 3 0x80009d70 (0xff9ff06f)
core   0: 0x80009d68 (0x00006f17) auipc   t5, 0x6
core   0: 3 0x80009d68 (0x00006f17) x30 0x8000fd68
core   0: 0x80009d6c (0x283f2c23) sw      gp, 664(t5)
core   0: 3 0x80009d6c (0x283f2c23) mem 0x80010000 0x00000001
core   0: 0x80009d70 (0xff9ff06f) j       pc - 0x8
core   0: 3 0x80009d70 (0xff9ff06f)
core   0: 0x80009d68 (0x00006f17) auipc   t5, 0x6
core   0: 3 0x80009d68 (0x00006f17) x30 0x8000fd68
core   0: 0x80009d6c (0x283f2c23) sw      gp, 664(t5)
core   0: 3 0x80009d6c (0x283f2c23) mem 0x80010000 0x00000001
core   0: 0x80009d70 (0xff9ff06f) j       pc - 0x8
core   0: 3 0x80009d70 (0xff9ff06f)
core   0: 0x80009d68 (0x00006f17) auipc   t5, 0x6
core   0: 3 0x80009d68 (0x00006f17) x30 0x8000fd68
core   0: 0x80009d6c (0x283f2c23) sw      gp, 664(t5)
core   0: 3 0x80009d6c (0x283f2c23) mem 0x80010000 0x00000001
core   0: 0x80009d70 (0xff9ff06f) j       pc - 0x8
core   0: 3 0x80009d70 (0xff9ff06f)
core   0: 0x80009d68 (0x00006f17) auipc   t5, 0x6
core   0: 3 0x80009d68 (0x00006f17) x30 0x8000fd68
core   0: 0x80009d6c (0x283f2c23) sw      gp, 664(t5)
core   0: 3 0x80009d6c (0x283f2c23) mem 0x80010000 0x00000001
core   0: 0x80009d70 (0xff9ff06f) j       pc - 0x8
core   0: 3 0x80009d70 (0xff9ff06f)
core   0: 0x80009d68 (0x00006f17) auipc   t5, 0x6
core   0: 3 0x80009d68 (0x00006f17) x30 0x8000fd68
core   0: 0x80009d6c (0x283f2c23) sw      gp, 664(t5)
core   0: 3 0x80009d6c (0x283f2c23) mem 0x80010000 0x00000001
core   0: 0x80009d70 (0xff9ff06f) j       pc - 0x8
core   0: 3 0x80009d70 (0xff9ff06f)
core   0: 0x80009d68 (0x00006f17) auipc   t5, 0x6
core   0: 3 0x80009d68 (0x00006f17) x30 0x8000fd68
core   0: 0x80009d6c (0x283f2c23) sw      gp, 664(t5)
core   0: 3 0x80009d6c (0x283f2c23) mem 0x80010000 0x00000001
core   0: 0x80009d70 (0xff9ff06f) j       pc - 0x8
core   0: 3 0x80009d70 (0xff9ff06f)
core   0: 0x80009d68 (0x00006f17) auipc   t5, 0x6
core   0: 3 0x80009d68 (0x00006f17) x30 0x8000fd68
core   0: 0x80009d6c (0x283f2c23) sw      gp, 664(t5)
core   0: 3 0x80009d6c (0x283f2c23) mem 0x80010000 0x00000001
core   0: 0x80009d70 (0xff9ff06f) j       pc - 0x8
core   0: 3 0x80009d70 (0xff9ff06f)
core   0: 0x80009d68 (0x00006f17) auipc   t5, 0x6
core   0: 3 0x80009d68 (0x00006f17) x30 0x8000fd68
core   0: 0x80009d6c (0x283f2c23) sw      gp, 664(t5)
core   0: 3 0x80009d6c (0x283f2c23) mem 0x80010000 0x00000001
core   0: 0x80009d70 (0xff9ff06f) j       pc - 0x8
core   0: 3 0x80009d70 (0xff9ff06f)
core   0: 0x80009d68 (0x00006f17) auipc   t5, 0x6
core   0: 3 0x80009d68 (0x00006f17) x30 0x8000fd68
core   0: 0x80009d6c (0x283f2c23) sw      gp, 664(t5)
core   0: 3 0x80009d6c (0x283f2c23) mem 0x80010000 0x00000001
core   0: 0x80009d70 (0xff9ff06f) j       pc - 0x8
core   0: 3 0x80009d70 (0xff9ff06f)
core   0: 0x80009d68 (0x00006f17) auipc   t5, 0x6
core   0: 3 0x80009d68 (0x00006f17) x30 0x8000fd68
core   0: 0x80009d6c (0x283f2c23) sw      gp, 664(t5)
core   0: 3 0x80009d6c (0x283f2c23) mem 0x80010000 0x00000001
core   0: 0x80009d70 (0xff9ff06f) j       pc - 0x8
core   0: 3 0x80009d70 (0xff9ff06f)
core   0: 0x80009d68 (0x00006f17) auipc   t5, 0x6
core   0: 3 0x80009d68 (0x00006f17) x30 0x8000fd68
core   0: 0x80009d6c (0x283f2c23) sw      gp, 664(t5)
core   0: 3 0x80009d6c (0x283f2c23) mem 0x80010000 0x00000001
core   0: 0x80009d70 (0xff9ff06f) j       pc - 0x8
core   0: 3 0x80009d70 (0xff9ff06f)
core   0: 0x80009d68 (0x00006f17) auipc   t5, 0x6
core   0: 3 0x80009d68 (0x00006f17) x30 0x8000fd68
core   0: 0x80009d6c (0x283f2c23) sw      gp, 664(t5)
core   0: 3 0x80009d6c (0x283f2c23) mem 0x80010000 0x00000001
core   0: 0x80009d70 (0xff9ff06f) j       pc - 0x8
core   0: 3 0x80009d70 (0xff9ff06f)
core   0: 0x80009d68 (0x00006f17) auipc   t5, 0x6
core   0: 3 0x80009d68 (0x00006f17) x30 0x8000fd68
core   0: 0x80009d6c (0x283f2c23) sw      gp, 664(t5)
core   0: 3 0x80009d6c (0x283f2c23) mem 0x80010000 0x00000001
core   0: 0x80009d70 (0xff9ff06f) j       pc - 0x8
core   0: 3 0x80009d70 (0xff9ff06f)
core   0: 0x80009d68 (0x00006f17) auipc   t5, 0x6
core   0: 3 0x80009d68 (0x00006f17) x30 0x8000fd68
core   0: 0x80009d6c (0x283f2c23) sw      gp, 664(t5)
core   0: 3 0x80009d6c (0x283f2c23) mem 0x80010000 0x00000001
core   0: 0x80009d70 (0xff9ff06f) j       pc - 0x8
core   0: 3 0x80009d70 (0xff9ff06f)
core   0: 0x80009d68 (0x00006f17) auipc   t5, 0x6
core   0: 3 0x80009d68 (0x00006f17) x30 0x8000fd68
core   0: 0x80009d6c (0x283f2c23) sw      gp, 664(t5)
core   0: 3 0x80009d6c (0x283f2c23) mem 0x80010000 0x00000001
core   0: 0x80009d70 (0xff9ff06f) j       pc - 0x8
core   0: 3 0x80009d70 (0xff9ff06f)
core   0: 0x80009d68 (0x00006f17) auipc   t5, 0x6
core   0: 3 0x80009d68 (0x00006f17) x30 0x8000fd68
core   0: 0x80009d6c (0x283f2c23) sw      gp, 664(t5)
core   0: 3 0x80009d6c (0x283f2c23) mem 0x80010000 0x00000001
core   0: 0x80009d70 (0xff9ff06f) j       pc - 0x8
core   0: 3 0x80009d70 (0xff9ff06f)
core   0: 0x80009d68 (0x00006f17) auipc   t5, 0x6
core   0: 3 0x80009d68 (0x00006f17) x30 0x8000fd68
core   0: 0x80009d6c (0x283f2c23) sw      gp, 664(t5)
core   0: 3 0x80009d6c (0x283f2c23) mem 0x80010000 0x00000001
core   0: 0x80009d70 (0xff9ff06f) j       pc - 0x8
core   0: 3 0x80009d70 (0xff9ff06f)
core   0: 0x80009d68 (0x00006f17) auipc   t5, 0x6
core   0: 3 0x80009d68 (0x00006f17) x30 0x8000fd68
core   0: 0x80009d6c (0x283f2c23) sw      gp, 664(t5)
core   0: 3 0x80009d6c (0x283f2c23) mem 0x80010000 0x00000001
core   0: 0x80009d70 (0xff9ff06f) j       pc - 0x8
core   0: 3 0x80009d70 (0xff9ff06f)
core   0: 0x80009d68 (0x00006f17) auipc   t5, 0x6
core   0: 3 0x80009d68 (0x00006f17) x30 0x8000fd68
core   0: 0x80009d6c (0x283f2c23) sw      gp, 664(t5)
core   0: 3 0x80009d6c (0x283f2c23) mem 0x80010000 0x00000001
core   0: 0x80009d70 (0xff9ff06f) j       pc - 0x8
core   0: 3 0x80009d70 (0xff9ff06f)
core   0: 0x80009d68 (0x00006f17) auipc   t5, 0x6
core   0: 3 0x80009d68 (0x00006f17) x30 0x8000fd68
core   0: 0x80009d6c (0x283f2c23) sw      gp, 664(t5)
core   0: 3 0x80009d6c (0x283f2c23) mem 0x80010000 0x00000001
core   0: 0x80009d70 (0xff9ff06f) j       pc - 0x8
core   0: 3 0x80009d70 (0xff9ff06f)
core   0: 0x80009d68 (0x00006f17) auipc   t5, 0x6
core   0: 3 0x80009d68 (0x00006f17) x30 0x8000fd68
core   0: 0x80009d6c (0x283f2c23) sw      gp, 664(t5)
core   0: 3 0x80009d6c (0x283f2c23) mem 0x80010000 0x00000001
core   0: 0x80009d70 (0xff9ff06f) j       pc - 0x8
core   0: 3 0x80009d70 (0xff9ff06f)
core   0: 0x80009d68 (0x00006f17) auipc   t5, 0x6
core   0: 3 0x80009d68 (0x00006f17) x30 0x8000fd68
core   0: 0x80009d6c (0x283f2c23) sw      gp, 664(t5)
core   0: 3 0x80009d6c (0x283f2c23) mem 0x80010000 0x00000001
core   0: 0x80009d70 (0xff9ff06f) j       pc - 0x8
core   0: 3 0x80009d70 (0xff9ff06f)
core   0: 0x80009d68 (0x00006f17) auipc   t5, 0x6
core   0: 3 0x80009d68 (0x00006f17) x30 0x8000fd68
core   0: 0x80009d6c (0x283f2c23) sw      gp, 664(t5)
core   0: 3 0x80009d6c (0x283f2c23) mem 0x80010000 0x00000001
core   0: 0x80009d70 (0xff9ff06f) j       pc - 0x8
core   0: 3 0x80009d70 (0xff9ff06f)
core   0: 0x80009d68 (0x00006f17) auipc   t5, 0x6
core   0: 3 0x80009d68 (0x00006f17) x30 0x8000fd68
core   0: 0x80009d6c (0x283f2c23) sw      gp, 664(t5)
core   0: 3 0x80009d6c (0x283f2c23) mem 0x80010000 0x00000001
core   0: 0x80009d70 (0xff9ff06f) j       pc - 0x8
core   0: 3 0x80009d70 (0xff9ff06f)
core   0: 0x80009d68 (0x00006f17) auipc   t5, 0x6
core   0: 3 0x80009d68 (0x00006f17) x30 0x8000fd68
core   0: 0x80009d6c (0x283f2c23) sw      gp, 664(t5)
core   0: 3 0x80009d6c (0x283f2c23) mem 0x80010000 0x00000001
core   0: 0x80009d70 (0xff9ff06f) j       pc - 0x8
core   0: 3 0x80009d70 (0xff9ff06f)
core   0: 0x80009d68 (0x00006f17) auipc   t5, 0x6
core   0: 3 0x80009d68 (0x00006f17) x30 0x8000fd68
core   0: 0x80009d6c (0x283f2c23) sw      gp, 664(t5)
core   0: 3 0x80009d6c (0x283f2c23) mem 0x80010000 0x00000001
core   0: 0x80009d70 (0xff9ff06f) j       pc - 0x8
core   0: 3 0x80009d70 (0xff9ff06f)
core   0: 0x80009d68 (0x00006f17) auipc   t5, 0x6
core   0: 3 0x80009d68 (0x00006f17) x30 0x8000fd68
core   0: 0x80009d6c (0x283f2c23) sw      gp, 664(t5)
core   0: 3 0x80009d6c (0x283f2c23) mem 0x80010000 0x00000001
core   0: 0x80009d70 (0xff9ff06f) j       pc - 0x8
core   0: 3 0x80009d70 (0xff9ff06f)
core   0: 0x80009d68 (0x00006f17) auipc   t5, 0x6
core   0: 3 0x80009d68 (0x00006f17) x30 0x8000fd68
core   0: 0x80009d6c (0x283f2c23) sw      gp, 664(t5)
core   0: 3 0x80009d6c (0x283f2c23) mem 0x80010000 0x00000001
core   0: 0x80009d70 (0xff9ff06f) j       pc - 0x8
core   0: 3 0x80009d70 (0xff9ff06f)
core   0: 0x80009d68 (0x00006f17) auipc   t5, 0x6
core   0: 3 0x80009d68 (0x00006f17) x30 0x8000fd68
core   0: 0x80009d6c (0x283f2c23) sw      gp, 664(t5)
core   0: 3 0x80009d6c (0x283f2c23) mem 0x80010000 0x00000001
core   0: 0x80009d70 (0xff9ff06f) j       pc - 0x8
core   0: 3 0x80009d70 (0xff9ff06f)
core   0: 0x80009d68 (0x00006f17) auipc   t5, 0x6
core   0: 3 0x80009d68 (0x00006f17) x30 0x8000fd68
core   0: 0x80009d6c (0x283f2c23) sw      gp, 664(t5)
core   0: 3 0x80009d6c (0x283f2c23) mem 0x80010000 0x00000001
core   0: 0x80009d70 (0xff9ff06f) j       pc - 0x8
core   0: 3 0x80009d70 (0xff9ff06f)
core   0: 0x80009d68 (0x00006f17) auipc   t5, 0x6
core   0: 3 0x80009d68 (0x00006f17) x30 0x8000fd68
core   0: 0x80009d6c (0x283f2c23) sw      gp, 664(t5)
core   0: 3 0x80009d6c (0x283f2c23) mem 0x80010000 0x00000001
core   0: 0x80009d70 (0xff9ff06f) j       pc - 0x8
core   0: 3 0x80009d70 (0xff9ff06f)
core   0: 0x80009d68 (0x00006f17) auipc   t5, 0x6
core   0: 3 0x80009d68 (0x00006f17) x30 0x8000fd68
core   0: 0x80009d6c (0x283f2c23) sw      gp, 664(t5)
core   0: 3 0x80009d6c (0x283f2c23) mem 0x80010000 0x00000001
core   0: 0x80009d70 (0xff9ff06f) j       pc - 0x8
core   0: 3 0x80009d70 (0xff9ff06f)
core   0: 0x80009d68 (0x00006f17) auipc   t5, 0x6
core   0: 3 0x80009d68 (0x00006f17) x30 0x8000fd68
core   0: 0x80009d6c (0x283f2c23) sw      gp, 664(t5)
core   0: 3 0x80009d6c (0x283f2c23) mem 0x80010000 0x00000001
core   0: 0x80009d70 (0xff9ff06f) j       pc - 0x8
core   0: 3 0x80009d70 (0xff9ff06f)
core   0: 0x80009d68 (0x00006f17) auipc   t5, 0x6
core   0: 3 0x80009d68 (0x00006f17) x30 0x8000fd68
core   0: 0x80009d6c (0x283f2c23) sw      gp, 664(t5)
core   0: 3 0x80009d6c (0x283f2c23) mem 0x80010000 0x00000001
core   0: 0x80009d70 (0xff9ff06f) j       pc - 0x8
core   0: 3 0x80009d70 (0xff9ff06f)
core   0: 0x80009d68 (0x00006f17) auipc   t5, 0x6
core   0: 3 0x80009d68 (0x00006f17) x30 0x8000fd68
core   0: 0x80009d6c (0x283f2c23) sw      gp, 664(t5)
core   0: 3 0x80009d6c (0x283f2c23) mem 0x80010000 0x00000001
core   0: 0x80009d70 (0xff9ff06f) j       pc - 0x8
core   0: 3 0x80009d70 (0xff9ff06f)
core   0: 0x80009d68 (0x00006f17) auipc   t5, 0x6
core   0: 3 0x80009d68 (0x00006f17) x30 0x8000fd68
core   0: 0x80009d6c (0x283f2c23) sw      gp, 664(t5)
core   0: 3 0x80009d6c (0x283f2c23) mem 0x80010000 0x00000001
core   0: 0x80009d70 (0xff9ff06f) j       pc - 0x8
core   0: 3 0x80009d70 (0xff9ff06f)
core   0: 0x80009d68 (0x00006f17) auipc   t5, 0x6
core   0: 3 0x80009d68 (0x00006f17) x30 0x8000fd68
core   0: 0x80009d6c (0x283f2c23) sw      gp, 664(t5)
core   0: 3 0x80009d6c (0x283f2c23) mem 0x80010000 0x00000001
core   0: 0x80009d70 (0xff9ff06f) j       pc - 0x8
core   0: 3 0x80009d70 (0xff9ff06f)
core   0: 0x80009d68 (0x00006f17) auipc   t5, 0x6
core   0: 3 0x80009d68 (0x00006f17) x30 0x8000fd68
core   0: 0x80009d6c (0x283f2c23) sw      gp, 664(t5)
core   0: 3 0x80009d6c (0x283f2c23) mem 0x80010000 0x00000001
core   0: 0x80009d70 (0xff9ff06f) j       pc - 0x8
core   0: 3 0x80009d70 (0xff9ff06f)
core   0: 0x80009d68 (0x00006f17) auipc   t5, 0x6
core   0: 3 0x80009d68 (0x00006f17) x30 0x8000fd68
core   0: 0x80009d6c (0x283f2c23) sw      gp, 664(t5)
core   0: 3 0x80009d6c (0x283f2c23) mem 0x80010000 0x00000001
core   0: 0x80009d70 (0xff9ff06f) j       pc - 0x8
core   0: 3 0x80009d70 (0xff9ff06f)
core   0: 0x80009d68 (0x00006f17) auipc   t5, 0x6
core   0: 3 0x80009d68 (0x00006f17) x30 0x8000fd68
core   0: 0x80009d6c (0x283f2c23) sw      gp, 664(t5)
core   0: 3 0x80009d6c (0x283f2c23) mem 0x80010000 0x00000001
core   0: 0x80009d70 (0xff9ff06f) j       pc - 0x8
core   0: 3 0x80009d70 (0xff9ff06f)
core   0: 0x80009d68 (0x00006f17) auipc   t5, 0x6
core   0: 3 0x80009d68 (0x00006f17) x30 0x8000fd68
core   0: 0x80009d6c (0x283f2c23) sw      gp, 664(t5)
core   0: 3 0x80009d6c (0x283f2c23) mem 0x80010000 0x00000001
core   0: 0x80009d70 (0xff9ff06f) j       pc - 0x8
core   0: 3 0x80009d70 (0xff9ff06f)
core   0: 0x80009d68 (0x00006f17) auipc   t5, 0x6
core   0: 3 0x80009d68 (0x00006f17) x30 0x8000fd68
core   0: 0x80009d6c (0x283f2c23) sw      gp, 664(t5)
core   0: 3 0x80009d6c (0x283f2c23) mem 0x80010000 0x00000001
core   0: 0x80009d70 (0xff9ff06f) j       pc - 0x8
core   0: 3 0x80009d70 (0xff9ff06f)
core   0: 0x80009d68 (0x00006f17) auipc   t5, 0x6
core   0: 3 0x80009d68 (0x00006f17) x30 0x8000fd68
core   0: 0x80009d6c (0x283f2c23) sw      gp, 664(t5)
core   0: 3 0x80009d6c (0x283f2c23) mem 0x80010000 0x00000001
core   0: 0x80009d70 (0xff9ff06f) j       pc - 0x8
core   0: 3 0x80009d70 (0xff9ff06f)
core   0: 0x80009d68 (0x00006f17) auipc   t5, 0x6
core   0: 3 0x80009d68 (0x00006f17) x30 0x8000fd68
core   0: 0x80009d6c (0x283f2c23) sw      gp, 664(t5)
core   0: 3 0x80009d6c (0x283f2c23) mem 0x80010000 0x00000001
core   0: 0x80009d70 (0xff9ff06f) j       pc - 0x8
core   0: 3 0x80009d70 (0xff9ff06f)
core   0: 0x80009d68 (0x00006f17) auipc   t5, 0x6
core   0: 3 0x80009d68 (0x00006f17) x30 0x8000fd68
core   0: 0x80009d6c (0x283f2c23) sw      gp, 664(t5)
core   0: 3 0x80009d6c (0x283f2c23) mem 0x80010000 0x00000001
core   0: 0x80009d70 (0xff9ff06f) j       pc - 0x8
core   0: 3 0x80009d70 (0xff9ff06f)
core   0: 0x80009d68 (0x00006f17) auipc   t5, 0x6
core   0: 3 0x80009d68 (0x00006f17) x30 0x8000fd68
core   0: 0x80009d6c (0x283f2c23) sw      gp, 664(t5)
core   0: 3 0x80009d6c (0x283f2c23) mem 0x80010000 0x00000001
core   0: 0x80009d70 (0xff9ff06f) j       pc - 0x8
core   0: 3 0x80009d70 (0xff9ff06f)
core   0: 0x80009d68 (0x00006f17) auipc   t5, 0x6
core   0: 3 0x80009d68 (0x00006f17) x30 0x8000fd68
core   0: 0x80009d6c (0x283f2c23) sw      gp, 664(t5)
core   0: 3 0x80009d6c (0x283f2c23) mem 0x80010000 0x00000001
core   0: 0x80009d70 (0xff9ff06f) j       pc - 0x8
core   0: 3 0x80009d70 (0xff9ff06f)
core   0: 0x80009d68 (0x00006f17) auipc   t5, 0x6
core   0: 3 0x80009d68 (0x00006f17) x30 0x8000fd68
core   0: 0x80009d6c (0x283f2c23) sw      gp, 664(t5)
core   0: 3 0x80009d6c (0x283f2c23) mem 0x80010000 0x00000001
core   0: 0x80009d70 (0xff9ff06f) j       pc - 0x8
core   0: 3 0x80009d70 (0xff9ff06f)
core   0: 0x80009d68 (0x00006f17) auipc   t5, 0x6
core   0: 3 0x80009d68 (0x00006f17) x30 0x8000fd68
core   0: 0x80009d6c (0x283f2c23) sw      gp, 664(t5)
core   0: 3 0x80009d6c (0x283f2c23) mem 0x80010000 0x00000001
core   0: 0x80009d70 (0xff9ff06f) j       pc - 0x8
core   0: 3 0x80009d70 (0xff9ff06f)
core   0: 0x80009d68 (0x00006f17) auipc   t5, 0x6
core   0: 3 0x80009d68 (0x00006f17) x30 0x8000fd68
core   0: 0x80009d6c (0x283f2c23) sw      gp, 664(t5)
core   0: 3 0x80009d6c (0x283f2c23) mem 0x80010000 0x00000001
core   0: 0x80009d70 (0xff9ff06f) j       pc - 0x8
core   0: 3 0x80009d70 (0xff9ff06f)
core   0: 0x80009d68 (0x00006f17) auipc   t5, 0x6
core   0: 3 0x80009d68 (0x00006f17) x30 0x8000fd68
core   0: 0x80009d6c (0x283f2c23) sw      gp, 664(t5)
core   0: 3 0x80009d6c (0x283f2c23) mem 0x80010000 0x00000001
core   0: 0x80009d70 (0xff9ff06f) j       pc - 0x8
core   0: 3 0x80009d70 (0xff9ff06f)
core   0: 0x80009d68 (0x00006f17) auipc   t5, 0x6
core   0: 3 0x80009d68 (0x00006f17) x30 0x8000fd68
core   0: 0x80009d6c (0x283f2c23) sw      gp, 664(t5)
core   0: 3 0x80009d6c (0x283f2c23) mem 0x80010000 0x00000001
core   0: 0x80009d70 (0xff9ff06f) j       pc - 0x8
core   0: 3 0x80009d70 (0xff9ff06f)
core   0: 0x80009d68 (0x00006f17) auipc   t5, 0x6
core   0: 3 0x80009d68 (0x00006f17) x30 0x8000fd68
core   0: 0x80009d6c (0x283f2c23) sw      gp, 664(t5)
core   0: 3 0x80009d6c (0x283f2c23) mem 0x80010000 0x00000001
core   0: 0x80009d70 (0xff9ff06f) j       pc - 0x8
core   0: 3 0x80009d70 (0xff9ff06f)
core   0: 0x80009d68 (0x00006f17) auipc   t5, 0x6
core   0: 3 0x80009d68 (0x00006f17) x30 0x8000fd68
core   0: 0x80009d6c (0x283f2c23) sw      gp, 664(t5)
core   0: 3 0x80009d6c (0x283f2c23) mem 0x80010000 0x00000001
core   0: 0x80009d70 (0xff9ff06f) j       pc - 0x8
core   0: 3 0x80009d70 (0xff9ff06f)
core   0: 0x80009d68 (0x00006f17) auipc   t5, 0x6
core   0: 3 0x80009d68 (0x00006f17) x30 0x8000fd68
core   0: 0x80009d6c (0x283f2c23) sw      gp, 664(t5)
core   0: 3 0x80009d6c (0x283f2c23) mem 0x80010000 0x00000001
core   0: 0x80009d70 (0xff9ff06f) j       pc - 0x8
core   0: 3 0x80009d70 (0xff9ff06f)
core   0: 0x80009d68 (0x00006f17) auipc   t5, 0x6
core   0: 3 0x80009d68 (0x00006f17) x30 0x8000fd68
core   0: 0x80009d6c (0x283f2c23) sw      gp, 664(t5)
core   0: 3 0x80009d6c (0x283f2c23) mem 0x80010000 0x00000001
core   0: 0x80009d70 (0xff9ff06f) j       pc - 0x8
core   0: 3 0x80009d70 (0xff9ff06f)
core   0: 0x80009d68 (0x00006f17) auipc   t5, 0x6
core   0: 3 0x80009d68 (0x00006f17) x30 0x8000fd68
core   0: 0x80009d6c (0x283f2c23) sw      gp, 664(t5)
core   0: 3 0x80009d6c (0x283f2c23) mem 0x80010000 0x00000001
core   0: 0x80009d70 (0xff9ff06f) j       pc - 0x8
core   0: 3 0x80009d70 (0xff9ff06f)
core   0: 0x80009d68 (0x00006f17) auipc   t5, 0x6
core   0: 3 0x80009d68 (0x00006f17) x30 0x8000fd68
core   0: 0x80009d6c (0x283f2c23) sw      gp, 664(t5)
core   0: 3 0x80009d6c (0x283f2c23) mem 0x80010000 0x00000001
core   0: 0x80009d70 (0xff9ff06f) j       pc - 0x8
core   0: 3 0x80009d70 (0xff9ff06f)
core   0: 0x80009d68 (0x00006f17) auipc   t5, 0x6
core   0: 3 0x80009d68 (0x00006f17) x30 0x8000fd68
core   0: 0x80009d6c (0x283f2c23) sw      gp, 664(t5)
core   0: 3 0x80009d6c (0x283f2c23) mem 0x80010000 0x00000001
core   0: 0x80009d70 (0xff9ff06f) j       pc - 0x8
core   0: 3 0x80009d70 (0xff9ff06f)
core   0: 0x80009d68 (0x00006f17) auipc   t5, 0x6
core   0: 3 0x80009d68 (0x00006f17) x30 0x8000fd68
core   0: 0x80009d6c (0x283f2c23) sw      gp, 664(t5)
core   0: 3 0x80009d6c (0x283f2c23) mem 0x80010000 0x00000001
core   0: 0x80009d70 (0xff9ff06f) j       pc - 0x8
core   0: 3 0x80009d70 (0xff9ff06f)
core   0: 0x80009d68 (0x00006f17) auipc   t5, 0x6
core   0: 3 0x80009d68 (0x00006f17) x30 0x8000fd68
core   0: 0x80009d6c (0x283f2c23) sw      gp, 664(t5)
core   0: 3 0x80009d6c (0x283f2c23) mem 0x80010000 0x00000001
core   0: 0x80009d70 (0xff9ff06f) j       pc - 0x8
core   0: 3 0x80009d70 (0xff9ff06f)
core   0: 0x80009d68 (0x00006f17) auipc   t5, 0x6
core   0: 3 0x80009d68 (0x00006f17) x30 0x8000fd68
core   0: 0x80009d6c (0x283f2c23) sw      gp, 664(t5)
core   0: 3 0x80009d6c (0x283f2c23) mem 0x80010000 0x00000001
core   0: 0x80009d70 (0xff9ff06f) j       pc - 0x8
core   0: 3 0x80009d70 (0xff9ff06f)
core   0: 0x80009d68 (0x00006f17) auipc   t5, 0x6
core   0: 3 0x80009d68 (0x00006f17) x30 0x8000fd68
core   0: 0x80009d6c (0x283f2c23) sw      gp, 664(t5)
core   0: 3 0x80009d6c (0x283f2c23) mem 0x80010000 0x00000001
core   0: 0x80009d70 (0xff9ff06f) j       pc - 0x8
core   0: 3 0x80009d70 (0xff9ff06f)
core   0: 0x80009d68 (0x00006f17) auipc   t5, 0x6
core   0: 3 0x80009d68 (0x00006f17) x30 0x8000fd68
core   0: 0x80009d6c (0x283f2c23) sw      gp, 664(t5)
core   0: 3 0x80009d6c (0x283f2c23) mem 0x80010000 0x00000001
core   0: 0x80009d70 (0xff9ff06f) j       pc - 0x8
core   0: 3 0x80009d70 (0xff9ff06f)
core   0: 0x80009d68 (0x00006f17) auipc   t5, 0x6
core   0: 3 0x80009d68 (0x00006f17) x30 0x8000fd68
core   0: 0x80009d6c (0x283f2c23) sw      gp, 664(t5)
core   0: 3 0x80009d6c (0x283f2c23) mem 0x80010000 0x00000001
core   0: 0x80009d70 (0xff9ff06f) j       pc - 0x8
core   0: 3 0x80009d70 (0xff9ff06f)
core   0: 0x80009d68 (0x00006f17) auipc   t5, 0x6
core   0: 3 0x80009d68 (0x00006f17) x30 0x8000fd68
core   0: 0x80009d6c (0x283f2c23) sw      gp, 664(t5)
core   0: 3 0x80009d6c (0x283f2c23) mem 0x80010000 0x00000001
core   0: 0x80009d70 (0xff9ff06f) j       pc - 0x8
core   0: 3 0x80009d70 (0xff9ff06f)
core   0: 0x80009d68 (0x00006f17) auipc   t5, 0x6
core   0: 3 0x80009d68 (0x00006f17) x30 0x8000fd68
core   0: 0x80009d6c (0x283f2c23) sw      gp, 664(t5)
core   0: 3 0x80009d6c (0x283f2c23) mem 0x80010000 0x00000001
core   0: 0x80009d70 (0xff9ff06f) j       pc - 0x8
core   0: 3 0x80009d70 (0xff9ff06f)
core   0: 0x80009d68 (0x00006f17) auipc   t5, 0x6
core   0: 3 0x80009d68 (0x00006f17) x30 0x8000fd68
core   0: 0x80009d6c (0x283f2c23) sw      gp, 664(t5)
core   0: 3 0x80009d6c (0x283f2c23) mem 0x80010000 0x00000001
core   0: 0x80009d70 (0xff9ff06f) j       pc - 0x8
core   0: 3 0x80009d70 (0xff9ff06f)
core   0: 0x80009d68 (0x00006f17) auipc   t5, 0x6
core   0: 3 0x80009d68 (0x00006f17) x30 0x8000fd68
core   0: 0x80009d6c (0x283f2c23) sw      gp, 664(t5)
core   0: 3 0x80009d6c (0x283f2c23) mem 0x80010000 0x00000001
core   0: 0x80009d70 (0xff9ff06f) j       pc - 0x8
core   0: 3 0x80009d70 (0xff9ff06f)
core   0: 0x80009d68 (0x00006f17) auipc   t5, 0x6
core   0: 3 0x80009d68 (0x00006f17) x30 0x8000fd68
core   0: 0x80009d6c (0x283f2c23) sw      gp, 664(t5)
core   0: 3 0x80009d6c (0x283f2c23) mem 0x80010000 0x00000001
core   0: 0x80009d70 (0xff9ff06f) j       pc - 0x8
core   0: 3 0x80009d70 (0xff9ff06f)
core   0: 0x80009d68 (0x00006f17) auipc   t5, 0x6
core   0: 3 0x80009d68 (0x00006f17) x30 0x8000fd68
core   0: 0x80009d6c (0x283f2c23) sw      gp, 664(t5)
core   0: 3 0x80009d6c (0x283f2c23) mem 0x80010000 0x00000001
core   0: 0x80009d70 (0xff9ff06f) j       pc - 0x8
core   0: 3 0x80009d70 (0xff9ff06f)
core   0: 0x80009d68 (0x00006f17) auipc   t5, 0x6
core   0: 3 0x80009d68 (0x00006f17) x30 0x8000fd68
core   0: 0x80009d6c (0x283f2c23) sw      gp, 664(t5)
core   0: 3 0x80009d6c (0x283f2c23) mem 0x80010000 0x00000001
core   0: 0x80009d70 (0xff9ff06f) j       pc - 0x8
core   0: 3 0x80009d70 (0xff9ff06f)
core   0: 0x80009d68 (0x00006f17) auipc   t5, 0x6
core   0: 3 0x80009d68 (0x00006f17) x30 0x8000fd68
core   0: 0x80009d6c (0x283f2c23) sw      gp, 664(t5)
core   0: 3 0x80009d6c (0x283f2c23) mem 0x80010000 0x00000001
core   0: 0x80009d70 (0xff9ff06f) j       pc - 0x8
core   0: 3 0x80009d70 (0xff9ff06f)
core   0: 0x80009d68 (0x00006f17) auipc   t5, 0x6
core   0: 3 0x80009d68 (0x00006f17) x30 0x8000fd68
core   0: 0x80009d6c (0x283f2c23) sw      gp, 664(t5)
core   0: 3 0x80009d6c (0x283f2c23) mem 0x80010000 0x00000001
core   0: 0x80009d70 (0xff9ff06f) j       pc - 0x8
core   0: 3 0x80009d70 (0xff9ff06f)
core   0: 0x80009d68 (0x00006f17) auipc   t5, 0x6
core   0: 3 0x80009d68 (0x00006f17) x30 0x8000fd68
core   0: 0x80009d6c (0x283f2c23) sw      gp, 664(t5)
core   0: 3 0x80009d6c (0x283f2c23) mem 0x80010000 0x00000001
core   0: 0x80009d70 (0xff9ff06f) j       pc - 0x8
core   0: 3 0x80009d70 (0xff9ff06f)
core   0: 0x80009d68 (0x00006f17) auipc   t5, 0x6
core   0: 3 0x80009d68 (0x00006f17) x30 0x8000fd68
core   0: 0x80009d6c (0x283f2c23) sw      gp, 664(t5)
core   0: 3 0x80009d6c (0x283f2c23) mem 0x80010000 0x00000001
core   0: 0x80009d70 (0xff9ff06f) j       pc - 0x8
core   0: 3 0x80009d70 (0xff9ff06f)
core   0: 0x80009d68 (0x00006f17) auipc   t5, 0x6
core   0: 3 0x80009d68 (0x00006f17) x30 0x8000fd68
core   0: 0x80009d6c (0x283f2c23) sw      gp, 664(t5)
core   0: 3 0x80009d6c (0x283f2c23) mem 0x80010000 0x00000001
core   0: 0x80009d70 (0xff9ff06f) j       pc - 0x8
core   0: 3 0x80009d70 (0xff9ff06f)
core   0: 0x80009d68 (0x00006f17) auipc   t5, 0x6
core   0: 3 0x80009d68 (0x00006f17) x30 0x8000fd68
core   0: 0x80009d6c (0x283f2c23) sw      gp, 664(t5)
core   0: 3 0x80009d6c (0x283f2c23) mem 0x80010000 0x00000001
core   0: 0x80009d70 (0xff9ff06f) j       pc - 0x8
core   0: 3 0x80009d70 (0xff9ff06f)
core   0: 0x80009d68 (0x00006f17) auipc   t5, 0x6
core   0: 3 0x80009d68 (0x00006f17) x30 0x8000fd68
core   0: 0x80009d6c (0x283f2c23) sw      gp, 664(t5)
core   0: 3 0x80009d6c (0x283f2c23) mem 0x80010000 0x00000001
core   0: 0x80009d70 (0xff9ff06f) j       pc - 0x8
core   0: 3 0x80009d70 (0xff9ff06f)
core   0: 0x80009d68 (0x00006f17) auipc   t5, 0x6
core   0: 3 0x80009d68 (0x00006f17) x30 0x8000fd68
core   0: 0x80009d6c (0x283f2c23) sw      gp, 664(t5)
core   0: 3 0x80009d6c (0x283f2c23) mem 0x80010000 0x00000001
core   0: 0x80009d70 (0xff9ff06f) j       pc - 0x8
core   0: 3 0x80009d70 (0xff9ff06f)
core   0: 0x80009d68 (0x00006f17) auipc   t5, 0x6
core   0: 3 0x80009d68 (0x00006f17) x30 0x8000fd68
core   0: 0x80009d6c (0x283f2c23) sw      gp, 664(t5)
core   0: 3 0x80009d6c (0x283f2c23) mem 0x80010000 0x00000001
core   0: 0x80009d70 (0xff9ff06f) j       pc - 0x8
core   0: 3 0x80009d70 (0xff9ff06f)
core   0: 0x80009d68 (0x00006f17) auipc   t5, 0x6
core   0: 3 0x80009d68 (0x00006f17) x30 0x8000fd68
core   0: 0x80009d6c (0x283f2c23) sw      gp, 664(t5)
core   0: 3 0x80009d6c (0x283f2c23) mem 0x80010000 0x00000001
core   0: 0x80009d70 (0xff9ff06f) j       pc - 0x8
core   0: 3 0x80009d70 (0xff9ff06f)
core   0: 0x80009d68 (0x00006f17) auipc   t5, 0x6
core   0: 3 0x80009d68 (0x00006f17) x30 0x8000fd68
core   0: 0x80009d6c (0x283f2c23) sw      gp, 664(t5)
core   0: 3 0x80009d6c (0x283f2c23) mem 0x80010000 0x00000001
core   0: 0x80009d70 (0xff9ff06f) j       pc - 0x8
core   0: 3 0x80009d70 (0xff9ff06f)
core   0: 0x80009d68 (0x00006f17) auipc   t5, 0x6
core   0: 3 0x80009d68 (0x00006f17) x30 0x8000fd68
core   0: 0x80009d6c (0x283f2c23) sw      gp, 664(t5)
core   0: 3 0x80009d6c (0x283f2c23) mem 0x80010000 0x00000001
core   0: 0x80009d70 (0xff9ff06f) j       pc - 0x8
core   0: 3 0x80009d70 (0xff9ff06f)
core   0: 0x80009d68 (0x00006f17) auipc   t5, 0x6
core   0: 3 0x80009d68 (0x00006f17) x30 0x8000fd68
core   0: 0x80009d6c (0x283f2c23) sw      gp, 664(t5)
core   0: 3 0x80009d6c (0x283f2c23) mem 0x80010000 0x00000001
core   0: 0x80009d70 (0xff9ff06f) j       pc - 0x8
core   0: 3 0x80009d70 (0xff9ff06f)
core   0: 0x80009d68 (0x00006f17) auipc   t5, 0x6
core   0: 3 0x80009d68 (0x00006f17) x30 0x8000fd68
core   0: 0x80009d6c (0x283f2c23) sw      gp, 664(t5)
core   0: 3 0x80009d6c (0x283f2c23) mem 0x80010000 0x00000001
core   0: 0x80009d70 (0xff9ff06f) j       pc - 0x8
core   0: 3 0x80009d70 (0xff9ff06f)
core   0: 0x80009d68 (0x00006f17) auipc   t5, 0x6
core   0: 3 0x80009d68 (0x00006f17) x30 0x8000fd68
core   0: 0x80009d6c (0x283f2c23) sw      gp, 664(t5)
core   0: 3 0x80009d6c (0x283f2c23) mem 0x80010000 0x00000001
core   0: 0x80009d70 (0xff9ff06f) j       pc - 0x8
core   0: 3 0x80009d70 (0xff9ff06f)
core   0: 0x80009d68 (0x00006f17) auipc   t5, 0x6
core   0: 3 0x80009d68 (0x00006f17) x30 0x8000fd68
core   0: 0x80009d6c (0x283f2c23) sw      gp, 664(t5)
core   0: 3 0x80009d6c (0x283f2c23) mem 0x80010000 0x00000001
core   0: 0x80009d70 (0xff9ff06f) j       pc - 0x8
core   0: 3 0x80009d70 (0xff9ff06f)
core   0: 0x80009d68 (0x00006f17) auipc   t5, 0x6
core   0: 3 0x80009d68 (0x00006f17) x30 0x8000fd68
core   0: 0x80009d6c (0x283f2c23) sw      gp, 664(t5)
core   0: 3 0x80009d6c (0x283f2c23) mem 0x80010000 0x00000001
core   0: 0x80009d70 (0xff9ff06f) j       pc - 0x8
core   0: 3 0x80009d70 (0xff9ff06f)
core   0: 0x80009d68 (0x00006f17) auipc   t5, 0x6
core   0: 3 0x80009d68 (0x00006f17) x30 0x8000fd68
core   0: 0x80009d6c (0x283f2c23) sw      gp, 664(t5)
core   0: 3 0x80009d6c (0x283f2c23) mem 0x80010000 0x00000001
core   0: 0x80009d70 (0xff9ff06f) j       pc - 0x8
core   0: 3 0x80009d70 (0xff9ff06f)
core   0: 0x80009d68 (0x00006f17) auipc   t5, 0x6
core   0: 3 0x80009d68 (0x00006f17) x30 0x8000fd68
core   0: 0x80009d6c (0x283f2c23) sw      gp, 664(t5)
core   0: 3 0x80009d6c (0x283f2c23) mem 0x80010000 0x00000001
core   0: 0x80009d70 (0xff9ff06f) j       pc - 0x8
core   0: 3 0x80009d70 (0xff9ff06f)
core   0: 0x80009d68 (0x00006f17) auipc   t5, 0x6
core   0: 3 0x80009d68 (0x00006f17) x30 0x8000fd68
core   0: 0x80009d6c (0x283f2c23) sw      gp, 664(t5)
core   0: 3 0x80009d6c (0x283f2c23) mem 0x80010000 0x00000001
core   0: 0x80009d70 (0xff9ff06f) j       pc - 0x8
core   0: 3 0x80009d70 (0xff9ff06f)
core   0: 0x80009d68 (0x00006f17) auipc   t5, 0x6
core   0: 3 0x80009d68 (0x00006f17) x30 0x8000fd68
core   0: 0x80009d6c (0x283f2c23) sw      gp, 664(t5)
core   0: 3 0x80009d6c (0x283f2c23) mem 0x80010000 0x00000001
core   0: 0x80009d70 (0xff9ff06f) j       pc - 0x8
core   0: 3 0x80009d70 (0xff9ff06f)
core   0: 0x80009d68 (0x00006f17) auipc   t5, 0x6
core   0: 3 0x80009d68 (0x00006f17) x30 0x8000fd68
core   0: 0x80009d6c (0x283f2c23) sw      gp, 664(t5)
core   0: 3 0x80009d6c (0x283f2c23) mem 0x80010000 0x00000001
core   0: 0x80009d70 (0xff9ff06f) j       pc - 0x8
core   0: 3 0x80009d70 (0xff9ff06f)
core   0: 0x80009d68 (0x00006f17) auipc   t5, 0x6
core   0: 3 0x80009d68 (0x00006f17) x30 0x8000fd68
core   0: 0x80009d6c (0x283f2c23) sw      gp, 664(t5)
core   0: 3 0x80009d6c (0x283f2c23) mem 0x80010000 0x00000001
core   0: 0x80009d70 (0xff9ff06f) j       pc - 0x8
core   0: 3 0x80009d70 (0xff9ff06f)
core   0: 0x80009d68 (0x00006f17) auipc   t5, 0x6
core   0: 3 0x80009d68 (0x00006f17) x30 0x8000fd68
core   0: 0x80009d6c (0x283f2c23) sw      gp, 664(t5)
core   0: 3 0x80009d6c (0x283f2c23) mem 0x80010000 0x00000001
core   0: 0x80009d70 (0xff9ff06f) j       pc - 0x8
core   0: 3 0x80009d70 (0xff9ff06f)
core   0: 0x80009d68 (0x00006f17) auipc   t5, 0x6
core   0: 3 0x80009d68 (0x00006f17) x30 0x8000fd68
core   0: 0x80009d6c (0x283f2c23) sw      gp, 664(t5)
core   0: 3 0x80009d6c (0x283f2c23) mem 0x80010000 0x00000001
core   0: 0x80009d70 (0xff9ff06f) j       pc - 0x8
core   0: 3 0x80009d70 (0xff9ff06f)
core   0: 0x80009d68 (0x00006f17) auipc   t5, 0x6
core   0: 3 0x80009d68 (0x00006f17) x30 0x8000fd68
core   0: 0x80009d6c (0x283f2c23) sw      gp, 664(t5)
core   0: 3 0x80009d6c (0x283f2c23) mem 0x80010000 0x00000001
core   0: 0x80009d70 (0xff9ff06f) j       pc - 0x8
core   0: 3 0x80009d70 (0xff9ff06f)
core   0: 0x80009d68 (0x00006f17) auipc   t5, 0x6
core   0: 3 0x80009d68 (0x00006f17) x30 0x8000fd68
core   0: 0x80009d6c (0x283f2c23) sw      gp, 664(t5)
core   0: 3 0x80009d6c (0x283f2c23) mem 0x80010000 0x00000001
core   0: 0x80009d70 (0xff9ff06f) j       pc - 0x8
core   0: 3 0x80009d70 (0xff9ff06f)
core   0: 0x80009d68 (0x00006f17) auipc   t5, 0x6
core   0: 3 0x80009d68 (0x00006f17) x30 0x8000fd68
core   0: 0x80009d6c (0x283f2c23) sw      gp, 664(t5)
core   0: 3 0x80009d6c (0x283f2c23) mem 0x80010000 0x00000001
core   0: 0x80009d70 (0xff9ff06f) j       pc - 0x8
core   0: 3 0x80009d70 (0xff9ff06f)
core   0: 0x80009d68 (0x00006f17) auipc   t5, 0x6
core   0: 3 0x80009d68 (0x00006f17) x30 0x8000fd68
core   0: 0x80009d6c (0x283f2c23) sw      gp, 664(t5)
core   0: 3 0x80009d6c (0x283f2c23) mem 0x80010000 0x00000001
core   0: 0x80009d70 (0xff9ff06f) j       pc - 0x8
core   0: 3 0x80009d70 (0xff9ff06f)
core   0: 0x80009d68 (0x00006f17) auipc   t5, 0x6
core   0: 3 0x80009d68 (0x00006f17) x30 0x8000fd68
core   0: 0x80009d6c (0x283f2c23) sw      gp, 664(t5)
core   0: 3 0x80009d6c (0x283f2c23) mem 0x80010000 0x00000001
core   0: 0x80009d70 (0xff9ff06f) j       pc - 0x8
core   0: 3 0x80009d70 (0xff9ff06f)
core   0: 0x80009d68 (0x00006f17) auipc   t5, 0x6
core   0: 3 0x80009d68 (0x00006f17) x30 0x8000fd68
core   0: 0x80009d6c (0x283f2c23) sw      gp, 664(t5)
core   0: 3 0x80009d6c (0x283f2c23) mem 0x80010000 0x00000001
core   0: 0x80009d70 (0xff9ff06f) j       pc - 0x8
core   0: 3 0x80009d70 (0xff9ff06f)
core   0: 0x80009d68 (0x00006f17) auipc   t5, 0x6
core   0: 3 0x80009d68 (0x00006f17) x30 0x8000fd68
core   0: 0x80009d6c (0x283f2c23) sw      gp, 664(t5)
core   0: 3 0x80009d6c (0x283f2c23) mem 0x80010000 0x00000001
core   0: 0x80009d70 (0xff9ff06f) j       pc - 0x8
core   0: 3 0x80009d70 (0xff9ff06f)
core   0: 0x80009d68 (0x00006f17) auipc   t5, 0x6
core   0: 3 0x80009d68 (0x00006f17) x30 0x8000fd68
core   0: 0x80009d6c (0x283f2c23) sw      gp, 664(t5)
core   0: 3 0x80009d6c (0x283f2c23) mem 0x80010000 0x00000001
core   0: 0x80009d70 (0xff9ff06f) j       pc - 0x8
core   0: 3 0x80009d70 (0xff9ff06f)
core   0: 0x80009d68 (0x00006f17) auipc   t5, 0x6
core   0: 3 0x80009d68 (0x00006f17) x30 0x8000fd68
core   0: 0x80009d6c (0x283f2c23) sw      gp, 664(t5)
core   0: 3 0x80009d6c (0x283f2c23) mem 0x80010000 0x00000001
core   0: 0x80009d70 (0xff9ff06f) j       pc - 0x8
core   0: 3 0x80009d70 (0xff9ff06f)
core   0: 0x80009d68 (0x00006f17) auipc   t5, 0x6
core   0: 3 0x80009d68 (0x00006f17) x30 0x8000fd68
core   0: 0x80009d6c (0x283f2c23) sw      gp, 664(t5)
core   0: 3 0x80009d6c (0x283f2c23) mem 0x80010000 0x00000001
core   0: 0x80009d70 (0xff9ff06f) j       pc - 0x8
core   0: 3 0x80009d70 (0xff9ff06f)
core   0: 0x80009d68 (0x00006f17) auipc   t5, 0x6
core   0: 3 0x80009d68 (0x00006f17) x30 0x8000fd68
core   0: 0x80009d6c (0x283f2c23) sw      gp, 664(t5)
core   0: 3 0x80009d6c (0x283f2c23) mem 0x80010000 0x00000001
core   0: 0x80009d70 (0xff9ff06f) j       pc - 0x8
core   0: 3 0x80009d70 (0xff9ff06f)
core   0: 0x80009d68 (0x00006f17) auipc   t5, 0x6
core   0: 3 0x80009d68 (0x00006f17) x30 0x8000fd68
core   0: 0x80009d6c (0x283f2c23) sw      gp, 664(t5)
core   0: 3 0x80009d6c (0x283f2c23) mem 0x80010000 0x00000001
core   0: 0x80009d70 (0xff9ff06f) j       pc - 0x8
core   0: 3 0x80009d70 (0xff9ff06f)
core   0: 0x80009d68 (0x00006f17) auipc   t5, 0x6
core   0: 3 0x80009d68 (0x00006f17) x30 0x8000fd68
core   0: 0x80009d6c (0x283f2c23) sw      gp, 664(t5)
core   0: 3 0x80009d6c (0x283f2c23) mem 0x80010000 0x00000001
core   0: 0x80009d70 (0xff9ff06f) j       pc - 0x8
core   0: 3 0x80009d70 (0xff9ff06f)
core   0: 0x80009d68 (0x00006f17) auipc   t5, 0x6
core   0: 3 0x80009d68 (0x00006f17) x30 0x8000fd68
core   0: 0x80009d6c (0x283f2c23) sw      gp, 664(t5)
core   0: 3 0x80009d6c (0x283f2c23) mem 0x80010000 0x00000001
core   0: 0x80009d70 (0xff9ff06f) j       pc - 0x8
core   0: 3 0x80009d70 (0xff9ff06f)
core   0: 0x80009d68 (0x00006f17) auipc   t5, 0x6
core   0: 3 0x80009d68 (0x00006f17) x30 0x8000fd68
core   0: 0x80009d6c (0x283f2c23) sw      gp, 664(t5)
core   0: 3 0x80009d6c (0x283f2c23) mem 0x80010000 0x00000001
core   0: 0x80009d70 (0xff9ff06f) j       pc - 0x8
core   0: 3 0x80009d70 (0xff9ff06f)
core   0: 0x80009d68 (0x00006f17) auipc   t5, 0x6
core   0: 3 0x80009d68 (0x00006f17) x30 0x8000fd68
core   0: 0x80009d6c (0x283f2c23) sw      gp, 664(t5)
core   0: 3 0x80009d6c (0x283f2c23) mem 0x80010000 0x00000001
core   0: 0x80009d70 (0xff9ff06f) j       pc - 0x8
core   0: 3 0x80009d70 (0xff9ff06f)
core   0: 0x80009d68 (0x00006f17) auipc   t5, 0x6
core   0: 3 0x80009d68 (0x00006f17) x30 0x8000fd68
core   0: 0x80009d6c (0x283f2c23) sw      gp, 664(t5)
core   0: 3 0x80009d6c (0x283f2c23) mem 0x80010000 0x00000001
core   0: 0x80009d70 (0xff9ff06f) j       pc - 0x8
core   0: 3 0x80009d70 (0xff9ff06f)
core   0: 0x80009d68 (0x00006f17) auipc   t5, 0x6
core   0: 3 0x80009d68 (0x00006f17) x30 0x8000fd68
core   0: 0x80009d6c (0x283f2c23) sw      gp, 664(t5)
core   0: 3 0x80009d6c (0x283f2c23) mem 0x80010000 0x00000001
core   0: 0x80009d70 (0xff9ff06f) j       pc - 0x8
core   0: 3 0x80009d70 (0xff9ff06f)
core   0: 0x80009d68 (0x00006f17) auipc   t5, 0x6
core   0: 3 0x80009d68 (0x00006f17) x30 0x8000fd68
core   0: 0x80009d6c (0x283f2c23) sw      gp, 664(t5)
core   0: 3 0x80009d6c (0x283f2c23) mem 0x80010000 0x00000001
core   0: 0x80009d70 (0xff9ff06f) j       pc - 0x8
core   0: 3 0x80009d70 (0xff9ff06f)
core   0: 0x80009d68 (0x00006f17) auipc   t5, 0x6
core   0: 3 0x80009d68 (0x00006f17) x30 0x8000fd68
core   0: 0x80009d6c (0x283f2c23) sw      gp, 664(t5)
core   0: 3 0x80009d6c (0x283f2c23) mem 0x80010000 0x00000001
core   0: 0x80009d70 (0xff9ff06f) j       pc - 0x8
core   0: 3 0x80009d70 (0xff9ff06f)
core   0: 0x80009d68 (0x00006f17) auipc   t5, 0x6
core   0: 3 0x80009d68 (0x00006f17) x30 0x8000fd68
core   0: 0x80009d6c (0x283f2c23) sw      gp, 664(t5)
core   0: 3 0x80009d6c (0x283f2c23) mem 0x80010000 0x00000001
core   0: 0x80009d70 (0xff9ff06f) j       pc - 0x8
core   0: 3 0x80009d70 (0xff9ff06f)
core   0: 0x80009d68 (0x00006f17) auipc   t5, 0x6
core   0: 3 0x80009d68 (0x00006f17) x30 0x8000fd68
core   0: 0x80009d6c (0x283f2c23) sw      gp, 664(t5)
core   0: 3 0x80009d6c (0x283f2c23) mem 0x80010000 0x00000001
core   0: 0x80009d70 (0xff9ff06f) j       pc - 0x8
core   0: 3 0x80009d70 (0xff9ff06f)
core   0: 0x80009d68 (0x00006f17) auipc   t5, 0x6
core   0: 3 0x80009d68 (0x00006f17) x30 0x8000fd68
core   0: 0x80009d6c (0x283f2c23) sw      gp, 664(t5)
core   0: 3 0x80009d6c (0x283f2c23) mem 0x80010000 0x00000001
core   0: 0x80009d70 (0xff9ff06f) j       pc - 0x8
core   0: 3 0x80009d70 (0xff9ff06f)
core   0: 0x80009d68 (0x00006f17) auipc   t5, 0x6
core   0: 3 0x80009d68 (0x00006f17) x30 0x8000fd68
core   0: 0x80009d6c (0x283f2c23) sw      gp, 664(t5)
core   0: 3 0x80009d6c (0x283f2c23) mem 0x80010000 0x00000001
core   0: 0x80009d70 (0xff9ff06f) j       pc - 0x8
core   0: 3 0x80009d70 (0xff9ff06f)
core   0: 0x80009d68 (0x00006f17) auipc   t5, 0x6
core   0: 3 0x80009d68 (0x00006f17) x30 0x8000fd68
core   0: 0x80009d6c (0x283f2c23) sw      gp, 664(t5)
core   0: 3 0x80009d6c (0x283f2c23) mem 0x80010000 0x00000001
core   0: 0x80009d70 (0xff9ff06f) j       pc - 0x8
core   0: 3 0x80009d70 (0xff9ff06f)
core   0: 0x80009d68 (0x00006f17) auipc   t5, 0x6
core   0: 3 0x80009d68 (0x00006f17) x30 0x8000fd68
core   0: 0x80009d6c (0x283f2c23) sw      gp, 664(t5)
core   0: 3 0x80009d6c (0x283f2c23) mem 0x80010000 0x00000001
core   0: 0x80009d70 (0xff9ff06f) j       pc - 0x8
core   0: 3 0x80009d70 (0xff9ff06f)
core   0: 0x80009d68 (0x00006f17) auipc   t5, 0x6
core   0: 3 0x80009d68 (0x00006f17) x30 0x8000fd68
core   0: 0x80009d6c (0x283f2c23) sw      gp, 664(t5)
core   0: 3 0x80009d6c (0x283f2c23) mem 0x80010000 0x00000001
core   0: 0x80009d70 (0xff9ff06f) j       pc - 0x8
core   0: 3 0x80009d70 (0xff9ff06f)
core   0: 0x80009d68 (0x00006f17) auipc   t5, 0x6
core   0: 3 0x80009d68 (0x00006f17) x30 0x8000fd68
core   0: 0x80009d6c (0x283f2c23) sw      gp, 664(t5)
core   0: 3 0x80009d6c (0x283f2c23) mem 0x80010000 0x00000001
core   0: 0x80009d70 (0xff9ff06f) j       pc - 0x8
core   0: 3 0x80009d70 (0xff9ff06f)
core   0: 0x80009d68 (0x00006f17) auipc   t5, 0x6
core   0: 3 0x80009d68 (0x00006f17) x30 0x8000fd68
core   0: 0x80009d6c (0x283f2c23) sw      gp, 664(t5)
core   0: 3 0x80009d6c (0x283f2c23) mem 0x80010000 0x00000001
core   0: 0x80009d70 (0xff9ff06f) j       pc - 0x8
core   0: 3 0x80009d70 (0xff9ff06f)
core   0: 0x80009d68 (0x00006f17) auipc   t5, 0x6
core   0: 3 0x80009d68 (0x00006f17) x30 0x8000fd68
core   0: 0x80009d6c (0x283f2c23) sw      gp, 664(t5)
core   0: 3 0x80009d6c (0x283f2c23) mem 0x80010000 0x00000001
core   0: 0x80009d70 (0xff9ff06f) j       pc - 0x8
core   0: 3 0x80009d70 (0xff9ff06f)
core   0: 0x80009d68 (0x00006f17) auipc   t5, 0x6
core   0: 3 0x80009d68 (0x00006f17) x30 0x8000fd68
core   0: 0x80009d6c (0x283f2c23) sw      gp, 664(t5)
core   0: 3 0x80009d6c (0x283f2c23) mem 0x80010000 0x00000001
core   0: 0x80009d70 (0xff9ff06f) j       pc - 0x8
core   0: 3 0x80009d70 (0xff9ff06f)
core   0: 0x80009d68 (0x00006f17) auipc   t5, 0x6
core   0: 3 0x80009d68 (0x00006f17) x30 0x8000fd68
core   0: 0x80009d6c (0x283f2c23) sw      gp, 664(t5)
core   0: 3 0x80009d6c (0x283f2c23) mem 0x80010000 0x00000001
core   0: 0x80009d70 (0xff9ff06f) j       pc - 0x8
core   0: 3 0x80009d70 (0xff9ff06f)
core   0: 0x80009d68 (0x00006f17) auipc   t5, 0x6
core   0: 3 0x80009d68 (0x00006f17) x30 0x8000fd68
core   0: 0x80009d6c (0x283f2c23) sw      gp, 664(t5)
core   0: 3 0x80009d6c (0x283f2c23) mem 0x80010000 0x00000001
core   0: 0x80009d70 (0xff9ff06f) j       pc - 0x8
core   0: 3 0x80009d70 (0xff9ff06f)
core   0: 0x80009d68 (0x00006f17) auipc   t5, 0x6
core   0: 3 0x80009d68 (0x00006f17) x30 0x8000fd68
core   0: 0x80009d6c (0x283f2c23) sw      gp, 664(t5)
core   0: 3 0x80009d6c (0x283f2c23) mem 0x80010000 0x00000001
core   0: 0x80009d70 (0xff9ff06f) j       pc - 0x8
core   0: 3 0x80009d70 (0xff9ff06f)
core   0: 0x80009d68 (0x00006f17) auipc   t5, 0x6
core   0: 3 0x80009d68 (0x00006f17) x30 0x8000fd68
core   0: 0x80009d6c (0x283f2c23) sw      gp, 664(t5)
core   0: 3 0x80009d6c (0x283f2c23) mem 0x80010000 0x00000001
core   0: 0x80009d70 (0xff9ff06f) j       pc - 0x8
core   0: 3 0x80009d70 (0xff9ff06f)
core   0: 0x80009d68 (0x00006f17) auipc   t5, 0x6
core   0: 3 0x80009d68 (0x00006f17) x30 0x8000fd68
core   0: 0x80009d6c (0x283f2c23) sw      gp, 664(t5)
core   0: 3 0x80009d6c (0x283f2c23) mem 0x80010000 0x00000001
core   0: 0x80009d70 (0xff9ff06f) j       pc - 0x8
core   0: 3 0x80009d70 (0xff9ff06f)
core   0: 0x80009d68 (0x00006f17) auipc   t5, 0x6
core   0: 3 0x80009d68 (0x00006f17) x30 0x8000fd68
core   0: 0x80009d6c (0x283f2c23) sw      gp, 664(t5)
core   0: 3 0x80009d6c (0x283f2c23) mem 0x80010000 0x00000001
core   0: 0x80009d70 (0xff9ff06f) j       pc - 0x8
core   0: 3 0x80009d70 (0xff9ff06f)
core   0: 0x80009d68 (0x00006f17) auipc   t5, 0x6
core   0: 3 0x80009d68 (0x00006f17) x30 0x8000fd68
core   0: 0x80009d6c (0x283f2c23) sw      gp, 664(t5)
core   0: 3 0x80009d6c (0x283f2c23) mem 0x80010000 0x00000001
core   0: 0x80009d70 (0xff9ff06f) j       pc - 0x8
core   0: 3 0x80009d70 (0xff9ff06f)
core   0: 0x80009d68 (0x00006f17) auipc   t5, 0x6
core   0: 3 0x80009d68 (0x00006f17) x30 0x8000fd68
core   0: 0x80009d6c (0x283f2c23) sw      gp, 664(t5)
core   0: 3 0x80009d6c (0x283f2c23) mem 0x80010000 0x00000001
core   0: 0x80009d70 (0xff9ff06f) j       pc - 0x8
core   0: 3 0x80009d70 (0xff9ff06f)
core   0: 0x80009d68 (0x00006f17) auipc   t5, 0x6
core   0: 3 0x80009d68 (0x00006f17) x30 0x8000fd68
core   0: 0x80009d6c (0x283f2c23) sw      gp, 664(t5)
core   0: 3 0x80009d6c (0x283f2c23) mem 0x80010000 0x00000001
core   0: 0x80009d70 (0xff9ff06f) j       pc - 0x8
core   0: 3 0x80009d70 (0xff9ff06f)
core   0: 0x80009d68 (0x00006f17) auipc   t5, 0x6
core   0: 3 0x80009d68 (0x00006f17) x30 0x8000fd68
core   0: 0x80009d6c (0x283f2c23) sw      gp, 664(t5)
core   0: 3 0x80009d6c (0x283f2c23) mem 0x80010000 0x00000001
core   0: 0x80009d70 (0xff9ff06f) j       pc - 0x8
core   0: 3 0x80009d70 (0xff9ff06f)
core   0: 0x80009d68 (0x00006f17) auipc   t5, 0x6
core   0: 3 0x80009d68 (0x00006f17) x30 0x8000fd68
core   0: 0x80009d6c (0x283f2c23) sw      gp, 664(t5)
core   0: 3 0x80009d6c (0x283f2c23) mem 0x80010000 0x00000001
core   0: 0x80009d70 (0xff9ff06f) j       pc - 0x8
core   0: 3 0x80009d70 (0xff9ff06f)
core   0: 0x80009d68 (0x00006f17) auipc   t5, 0x6
core   0: 3 0x80009d68 (0x00006f17) x30 0x8000fd68
core   0: 0x80009d6c (0x283f2c23) sw      gp, 664(t5)
core   0: 3 0x80009d6c (0x283f2c23) mem 0x80010000 0x00000001
core   0: 0x80009d70 (0xff9ff06f) j       pc - 0x8
core   0: 3 0x80009d70 (0xff9ff06f)
core   0: 0x80009d68 (0x00006f17) auipc   t5, 0x6
core   0: 3 0x80009d68 (0x00006f17) x30 0x8000fd68
core   0: 0x80009d6c (0x283f2c23) sw      gp, 664(t5)
core   0: 3 0x80009d6c (0x283f2c23) mem 0x80010000 0x00000001
core   0: 0x80009d70 (0xff9ff06f) j       pc - 0x8
core   0: 3 0x80009d70 (0xff9ff06f)
core   0: 0x80009d68 (0x00006f17) auipc   t5, 0x6
core   0: 3 0x80009d68 (0x00006f17) x30 0x8000fd68
core   0: 0x80009d6c (0x283f2c23) sw      gp, 664(t5)
core   0: 3 0x80009d6c (0x283f2c23) mem 0x80010000 0x00000001
core   0: 0x80009d70 (0xff9ff06f) j       pc - 0x8
core   0: 3 0x80009d70 (0xff9ff06f)
core   0: 0x80009d68 (0x00006f17) auipc   t5, 0x6
core   0: 3 0x80009d68 (0x00006f17) x30 0x8000fd68
core   0: 0x80009d6c (0x283f2c23) sw      gp, 664(t5)
core   0: 3 0x80009d6c (0x283f2c23) mem 0x80010000 0x00000001
core   0: 0x80009d70 (0xff9ff06f) j       pc - 0x8
core   0: 3 0x80009d70 (0xff9ff06f)
core   0: 0x80009d68 (0x00006f17) auipc   t5, 0x6
core   0: 3 0x80009d68 (0x00006f17) x30 0x8000fd68
core   0: 0x80009d6c (0x283f2c23) sw      gp, 664(t5)
core   0: 3 0x80009d6c (0x283f2c23) mem 0x80010000 0x00000001
core   0: 0x80009d70 (0xff9ff06f) j       pc - 0x8
core   0: 3 0x80009d70 (0xff9ff06f)
core   0: 0x80009d68 (0x00006f17) auipc   t5, 0x6
core   0: 3 0x80009d68 (0x00006f17) x30 0x8000fd68
core   0: 0x80009d6c (0x283f2c23) sw      gp, 664(t5)
core   0: 3 0x80009d6c (0x283f2c23) mem 0x80010000 0x00000001
core   0: 0x80009d70 (0xff9ff06f) j       pc - 0x8
core   0: 3 0x80009d70 (0xff9ff06f)
core   0: 0x80009d68 (0x00006f17) auipc   t5, 0x6
core   0: 3 0x80009d68 (0x00006f17) x30 0x8000fd68
core   0: 0x80009d6c (0x283f2c23) sw      gp, 664(t5)
core   0: 3 0x80009d6c (0x283f2c23) mem 0x80010000 0x00000001
core   0: 0x80009d70 (0xff9ff06f) j       pc - 0x8
core   0: 3 0x80009d70 (0xff9ff06f)
core   0: 0x80009d68 (0x00006f17) auipc   t5, 0x6
core   0: 3 0x80009d68 (0x00006f17) x30 0x8000fd68
core   0: 0x80009d6c (0x283f2c23) sw      gp, 664(t5)
core   0: 3 0x80009d6c (0x283f2c23) mem 0x80010000 0x00000001
core   0: 0x80009d70 (0xff9ff06f) j       pc - 0x8
core   0: 3 0x80009d70 (0xff9ff06f)
core   0: 0x80009d68 (0x00006f17) auipc   t5, 0x6
core   0: 3 0x80009d68 (0x00006f17) x30 0x8000fd68
core   0: 0x80009d6c (0x283f2c23) sw      gp, 664(t5)
core   0: 3 0x80009d6c (0x283f2c23) mem 0x80010000 0x00000001
core   0: 0x80009d70 (0xff9ff06f) j       pc - 0x8
core   0: 3 0x80009d70 (0xff9ff06f)
core   0: 0x80009d68 (0x00006f17) auipc   t5, 0x6
core   0: 3 0x80009d68 (0x00006f17) x30 0x8000fd68
core   0: 0x80009d6c (0x283f2c23) sw      gp, 664(t5)
core   0: 3 0x80009d6c (0x283f2c23) mem 0x80010000 0x00000001
core   0: 0x80009d70 (0xff9ff06f) j       pc - 0x8
core   0: 3 0x80009d70 (0xff9ff06f)
core   0: 0x80009d68 (0x00006f17) auipc   t5, 0x6
core   0: 3 0x80009d68 (0x00006f17) x30 0x8000fd68
core   0: 0x80009d6c (0x283f2c23) sw      gp, 664(t5)
core   0: 3 0x80009d6c (0x283f2c23) mem 0x80010000 0x00000001
core   0: 0x80009d70 (0xff9ff06f) j       pc - 0x8
core   0: 3 0x80009d70 (0xff9ff06f)
core   0: 0x80009d68 (0x00006f17) auipc   t5, 0x6
core   0: 3 0x80009d68 (0x00006f17) x30 0x8000fd68
core   0: 0x80009d6c (0x283f2c23) sw      gp, 664(t5)
core   0: 3 0x80009d6c (0x283f2c23) mem 0x80010000 0x00000001
core   0: 0x80009d70 (0xff9ff06f) j       pc - 0x8
core   0: 3 0x80009d70 (0xff9ff06f)
core   0: 0x80009d68 (0x00006f17) auipc   t5, 0x6
core   0: 3 0x80009d68 (0x00006f17) x30 0x8000fd68
core   0: 0x80009d6c (0x283f2c23) sw      gp, 664(t5)
core   0: 3 0x80009d6c (0x283f2c23) mem 0x80010000 0x00000001
core   0: 0x80009d70 (0xff9ff06f) j       pc - 0x8
core   0: 3 0x80009d70 (0xff9ff06f)
core   0: 0x80009d68 (0x00006f17) auipc   t5, 0x6
core   0: 3 0x80009d68 (0x00006f17) x30 0x8000fd68
core   0: 0x80009d6c (0x283f2c23) sw      gp, 664(t5)
core   0: 3 0x80009d6c (0x283f2c23) mem 0x80010000 0x00000001
core   0: 0x80009d70 (0xff9ff06f) j       pc - 0x8
core   0: 3 0x80009d70 (0xff9ff06f)
core   0: 0x80009d68 (0x00006f17) auipc   t5, 0x6
core   0: 3 0x80009d68 (0x00006f17) x30 0x8000fd68
core   0: 0x80009d6c (0x283f2c23) sw      gp, 664(t5)
core   0: 3 0x80009d6c (0x283f2c23) mem 0x80010000 0x00000001
core   0: 0x80009d70 (0xff9ff06f) j       pc - 0x8
core   0: 3 0x80009d70 (0xff9ff06f)
core   0: 0x80009d68 (0x00006f17) auipc   t5, 0x6
core   0: 3 0x80009d68 (0x00006f17) x30 0x8000fd68
core   0: 0x80009d6c (0x283f2c23) sw      gp, 664(t5)
core   0: 3 0x80009d6c (0x283f2c23) mem 0x80010000 0x00000001
core   0: 0x80009d70 (0xff9ff06f) j       pc - 0x8
core   0: 3 0x80009d70 (0xff9ff06f)
core   0: 0x80009d68 (0x00006f17) auipc   t5, 0x6
core   0: 3 0x80009d68 (0x00006f17) x30 0x8000fd68
core   0: 0x80009d6c (0x283f2c23) sw      gp, 664(t5)
core   0: 3 0x80009d6c (0x283f2c23) mem 0x80010000 0x00000001
core   0: 0x80009d70 (0xff9ff06f) j       pc - 0x8
core   0: 3 0x80009d70 (0xff9ff06f)
core   0: 0x80009d68 (0x00006f17) auipc   t5, 0x6
core   0: 3 0x80009d68 (0x00006f17) x30 0x8000fd68
core   0: 0x80009d6c (0x283f2c23) sw      gp, 664(t5)
core   0: 3 0x80009d6c (0x283f2c23) mem 0x80010000 0x00000001
core   0: 0x80009d70 (0xff9ff06f) j       pc - 0x8
core   0: 3 0x80009d70 (0xff9ff06f)
core   0: 0x80009d68 (0x00006f17) auipc   t5, 0x6
core   0: 3 0x80009d68 (0x00006f17) x30 0x8000fd68
core   0: 0x80009d6c (0x283f2c23) sw      gp, 664(t5)
core   0: 3 0x80009d6c (0x283f2c23) mem 0x80010000 0x00000001
core   0: 0x80009d70 (0xff9ff06f) j       pc - 0x8
core   0: 3 0x80009d70 (0xff9ff06f)
core   0: 0x80009d68 (0x00006f17) auipc   t5, 0x6
core   0: 3 0x80009d68 (0x00006f17) x30 0x8000fd68
core   0: 0x80009d6c (0x283f2c23) sw      gp, 664(t5)
core   0: 3 0x80009d6c (0x283f2c23) mem 0x80010000 0x00000001
core   0: 0x80009d70 (0xff9ff06f) j       pc - 0x8
core   0: 3 0x80009d70 (0xff9ff06f)
core   0: 0x80009d68 (0x00006f17) auipc   t5, 0x6
core   0: 3 0x80009d68 (0x00006f17) x30 0x8000fd68
core   0: 0x80009d6c (0x283f2c23) sw      gp, 664(t5)
core   0: 3 0x80009d6c (0x283f2c23) mem 0x80010000 0x00000001
core   0: 0x80009d70 (0xff9ff06f) j       pc - 0x8
core   0: 3 0x80009d70 (0xff9ff06f)
core   0: 0x80009d68 (0x00006f17) auipc   t5, 0x6
core   0: 3 0x80009d68 (0x00006f17) x30 0x8000fd68
core   0: 0x80009d6c (0x283f2c23) sw      gp, 664(t5)
core   0: 3 0x80009d6c (0x283f2c23) mem 0x80010000 0x00000001
core   0: 0x80009d70 (0xff9ff06f) j       pc - 0x8
core   0: 3 0x80009d70 (0xff9ff06f)
core   0: 0x80009d68 (0x00006f17) auipc   t5, 0x6
core   0: 3 0x80009d68 (0x00006f17) x30 0x8000fd68
core   0: 0x80009d6c (0x283f2c23) sw      gp, 664(t5)
core   0: 3 0x80009d6c (0x283f2c23) mem 0x80010000 0x00000001
core   0: 0x80009d70 (0xff9ff06f) j       pc - 0x8
core   0: 3 0x80009d70 (0xff9ff06f)
core   0: 0x80009d68 (0x00006f17) auipc   t5, 0x6
core   0: 3 0x80009d68 (0x00006f17) x30 0x8000fd68
core   0: 0x80009d6c (0x283f2c23) sw      gp, 664(t5)
core   0: 3 0x80009d6c (0x283f2c23) mem 0x80010000 0x00000001
core   0: 0x80009d70 (0xff9ff06f) j       pc - 0x8
core   0: 3 0x80009d70 (0xff9ff06f)
core   0: 0x80009d68 (0x00006f17) auipc   t5, 0x6
core   0: 3 0x80009d68 (0x00006f17) x30 0x8000fd68
core   0: 0x80009d6c (0x283f2c23) sw      gp, 664(t5)
core   0: 3 0x80009d6c (0x283f2c23) mem 0x80010000 0x00000001
core   0: 0x80009d70 (0xff9ff06f) j       pc - 0x8
core   0: 3 0x80009d70 (0xff9ff06f)
core   0: 0x80009d68 (0x00006f17) auipc   t5, 0x6
core   0: 3 0x80009d68 (0x00006f17) x30 0x8000fd68
core   0: 0x80009d6c (0x283f2c23) sw      gp, 664(t5)
core   0: 3 0x80009d6c (0x283f2c23) mem 0x80010000 0x00000001
core   0: 0x80009d70 (0xff9ff06f) j       pc - 0x8
core   0: 3 0x80009d70 (0xff9ff06f)
core   0: 0x80009d68 (0x00006f17) auipc   t5, 0x6
core   0: 3 0x80009d68 (0x00006f17) x30 0x8000fd68
core   0: 0x80009d6c (0x283f2c23) sw      gp, 664(t5)
core   0: 3 0x80009d6c (0x283f2c23) mem 0x80010000 0x00000001
core   0: 0x80009d70 (0xff9ff06f) j       pc - 0x8
core   0: 3 0x80009d70 (0xff9ff06f)
core   0: 0x80009d68 (0x00006f17) auipc   t5, 0x6
core   0: 3 0x80009d68 (0x00006f17) x30 0x8000fd68
core   0: 0x80009d6c (0x283f2c23) sw      gp, 664(t5)
core   0: 3 0x80009d6c (0x283f2c23) mem 0x80010000 0x00000001
core   0: 0x80009d70 (0xff9ff06f) j       pc - 0x8
core   0: 3 0x80009d70 (0xff9ff06f)
core   0: 0x80009d68 (0x00006f17) auipc   t5, 0x6
core   0: 3 0x80009d68 (0x00006f17) x30 0x8000fd68
core   0: 0x80009d6c (0x283f2c23) sw      gp, 664(t5)
core   0: 3 0x80009d6c (0x283f2c23) mem 0x80010000 0x00000001
core   0: 0x80009d70 (0xff9ff06f) j       pc - 0x8
core   0: 3 0x80009d70 (0xff9ff06f)
core   0: 0x80009d68 (0x00006f17) auipc   t5, 0x6
core   0: 3 0x80009d68 (0x00006f17) x30 0x8000fd68
core   0: 0x80009d6c (0x283f2c23) sw      gp, 664(t5)
core   0: 3 0x80009d6c (0x283f2c23) mem 0x80010000 0x00000001
core   0: 0x80009d70 (0xff9ff06f) j       pc - 0x8
core   0: 3 0x80009d70 (0xff9ff06f)
core   0: 0x80009d68 (0x00006f17) auipc   t5, 0x6
core   0: 3 0x80009d68 (0x00006f17) x30 0x8000fd68
core   0: 0x80009d6c (0x283f2c23) sw      gp, 664(t5)
core   0: 3 0x80009d6c (0x283f2c23) mem 0x80010000 0x00000001
core   0: 0x80009d70 (0xff9ff06f) j       pc - 0x8
core   0: 3 0x80009d70 (0xff9ff06f)
core   0: 0x80009d68 (0x00006f17) auipc   t5, 0x6
core   0: 3 0x80009d68 (0x00006f17) x30 0x8000fd68
core   0: 0x80009d6c (0x283f2c23) sw      gp, 664(t5)
core   0: 3 0x80009d6c (0x283f2c23) mem 0x80010000 0x00000001
core   0: 0x80009d70 (0xff9ff06f) j       pc - 0x8
core   0: 3 0x80009d70 (0xff9ff06f)
core   0: 0x80009d68 (0x00006f17) auipc   t5, 0x6
core   0: 3 0x80009d68 (0x00006f17) x30 0x8000fd68
core   0: 0x80009d6c (0x283f2c23) sw      gp, 664(t5)
core   0: 3 0x80009d6c (0x283f2c23) mem 0x80010000 0x00000001
core   0: 0x80009d70 (0xff9ff06f) j       pc - 0x8
core   0: 3 0x80009d70 (0xff9ff06f)
core   0: 0x80009d68 (0x00006f17) auipc   t5, 0x6
core   0: 3 0x80009d68 (0x00006f17) x30 0x8000fd68
core   0: 0x80009d6c (0x283f2c23) sw      gp, 664(t5)
core   0: 3 0x80009d6c (0x283f2c23) mem 0x80010000 0x00000001
core   0: 0x80009d70 (0xff9ff06f) j       pc - 0x8
core   0: 3 0x80009d70 (0xff9ff06f)
core   0: 0x80009d68 (0x00006f17) auipc   t5, 0x6
core   0: 3 0x80009d68 (0x00006f17) x30 0x8000fd68
core   0: 0x80009d6c (0x283f2c23) sw      gp, 664(t5)
core   0: 3 0x80009d6c (0x283f2c23) mem 0x80010000 0x00000001
core   0: 0x80009d70 (0xff9ff06f) j       pc - 0x8
core   0: 3 0x80009d70 (0xff9ff06f)
core   0: 0x80009d68 (0x00006f17) auipc   t5, 0x6
core   0: 3 0x80009d68 (0x00006f17) x30 0x8000fd68
core   0: 0x80009d6c (0x283f2c23) sw      gp, 664(t5)
core   0: 3 0x80009d6c (0x283f2c23) mem 0x80010000 0x00000001
core   0: 0x80009d70 (0xff9ff06f) j       pc - 0x8
core   0: 3 0x80009d70 (0xff9ff06f)
core   0: 0x80009d68 (0x00006f17) auipc   t5, 0x6
core   0: 3 0x80009d68 (0x00006f17) x30 0x8000fd68
core   0: 0x80009d6c (0x283f2c23) sw      gp, 664(t5)
core   0: 3 0x80009d6c (0x283f2c23) mem 0x80010000 0x00000001
core   0: 0x80009d70 (0xff9ff06f) j       pc - 0x8
core   0: 3 0x80009d70 (0xff9ff06f)
core   0: 0x80009d68 (0x00006f17) auipc   t5, 0x6
core   0: 3 0x80009d68 (0x00006f17) x30 0x8000fd68
core   0: 0x80009d6c (0x283f2c23) sw      gp, 664(t5)
core   0: 3 0x80009d6c (0x283f2c23) mem 0x80010000 0x00000001
core   0: 0x80009d70 (0xff9ff06f) j       pc - 0x8
core   0: 3 0x80009d70 (0xff9ff06f)
core   0: 0x80009d68 (0x00006f17) auipc   t5, 0x6
core   0: 3 0x80009d68 (0x00006f17) x30 0x8000fd68
core   0: 0x80009d6c (0x283f2c23) sw      gp, 664(t5)
core   0: 3 0x80009d6c (0x283f2c23) mem 0x80010000 0x00000001
core   0: 0x80009d70 (0xff9ff06f) j       pc - 0x8
core   0: 3 0x80009d70 (0xff9ff06f)
core   0: 0x80009d68 (0x00006f17) auipc   t5, 0x6
core   0: 3 0x80009d68 (0x00006f17) x30 0x8000fd68
core   0: 0x80009d6c (0x283f2c23) sw      gp, 664(t5)
core   0: 3 0x80009d6c (0x283f2c23) mem 0x80010000 0x00000001
core   0: 0x80009d70 (0xff9ff06f) j       pc - 0x8
core   0: 3 0x80009d70 (0xff9ff06f)
core   0: 0x80009d68 (0x00006f17) auipc   t5, 0x6
core   0: 3 0x80009d68 (0x00006f17) x30 0x8000fd68
core   0: 0x80009d6c (0x283f2c23) sw      gp, 664(t5)
core   0: 3 0x80009d6c (0x283f2c23) mem 0x80010000 0x00000001
core   0: 0x80009d70 (0xff9ff06f) j       pc - 0x8
core   0: 3 0x80009d70 (0xff9ff06f)
core   0: 0x80009d68 (0x00006f17) auipc   t5, 0x6
core   0: 3 0x80009d68 (0x00006f17) x30 0x8000fd68
core   0: 0x80009d6c (0x283f2c23) sw      gp, 664(t5)
core   0: 3 0x80009d6c (0x283f2c23) mem 0x80010000 0x00000001
core   0: 0x80009d70 (0xff9ff06f) j       pc - 0x8
core   0: 3 0x80009d70 (0xff9ff06f)
core   0: 0x80009d68 (0x00006f17) auipc   t5, 0x6
core   0: 3 0x80009d68 (0x00006f17) x30 0x8000fd68
core   0: 0x80009d6c (0x283f2c23) sw      gp, 664(t5)
core   0: 3 0x80009d6c (0x283f2c23) mem 0x80010000 0x00000001
core   0: 0x80009d70 (0xff9ff06f) j       pc - 0x8
core   0: 3 0x80009d70 (0xff9ff06f)
core   0: 0x80009d68 (0x00006f17) auipc   t5, 0x6
core   0: 3 0x80009d68 (0x00006f17) x30 0x8000fd68
core   0: 0x80009d6c (0x283f2c23) sw      gp, 664(t5)
core   0: 3 0x80009d6c (0x283f2c23) mem 0x80010000 0x00000001
core   0: 0x80009d70 (0xff9ff06f) j       pc - 0x8
core   0: 3 0x80009d70 (0xff9ff06f)
core   0: 0x80009d68 (0x00006f17) auipc   t5, 0x6
core   0: 3 0x80009d68 (0x00006f17) x30 0x8000fd68
core   0: 0x80009d6c (0x283f2c23) sw      gp, 664(t5)
core   0: 3 0x80009d6c (0x283f2c23) mem 0x80010000 0x00000001
core   0: 0x80009d70 (0xff9ff06f) j       pc - 0x8
core   0: 3 0x80009d70 (0xff9ff06f)
core   0: 0x80009d68 (0x00006f17) auipc   t5, 0x6
core   0: 3 0x80009d68 (0x00006f17) x30 0x8000fd68
core   0: 0x80009d6c (0x283f2c23) sw      gp, 664(t5)
core   0: 3 0x80009d6c (0x283f2c23) mem 0x80010000 0x00000001
core   0: 0x80009d70 (0xff9ff06f) j       pc - 0x8
core   0: 3 0x80009d70 (0xff9ff06f)
core   0: 0x80009d68 (0x00006f17) auipc   t5, 0x6
core   0: 3 0x80009d68 (0x00006f17) x30 0x8000fd68
core   0: 0x80009d6c (0x283f2c23) sw      gp, 664(t5)
core   0: 3 0x80009d6c (0x283f2c23) mem 0x80010000 0x00000001
core   0: 0x80009d70 (0xff9ff06f) j       pc - 0x8
core   0: 3 0x80009d70 (0xff9ff06f)
core   0: 0x80009d68 (0x00006f17) auipc   t5, 0x6
core   0: 3 0x80009d68 (0x00006f17) x30 0x8000fd68
core   0: 0x80009d6c (0x283f2c23) sw      gp, 664(t5)
core   0: 3 0x80009d6c (0x283f2c23) mem 0x80010000 0x00000001
core   0: 0x80009d70 (0xff9ff06f) j       pc - 0x8
core   0: 3 0x80009d70 (0xff9ff06f)
core   0: 0x80009d68 (0x00006f17) auipc   t5, 0x6
core   0: 3 0x80009d68 (0x00006f17) x30 0x8000fd68
core   0: 0x80009d6c (0x283f2c23) sw      gp, 664(t5)
core   0: 3 0x80009d6c (0x283f2c23) mem 0x80010000 0x00000001
core   0: 0x80009d70 (0xff9ff06f) j       pc - 0x8
core   0: 3 0x80009d70 (0xff9ff06f)
core   0: 0x80009d68 (0x00006f17) auipc   t5, 0x6
core   0: 3 0x80009d68 (0x00006f17) x30 0x8000fd68
core   0: 0x80009d6c (0x283f2c23) sw      gp, 664(t5)
core   0: 3 0x80009d6c (0x283f2c23) mem 0x80010000 0x00000001
core   0: 0x80009d70 (0xff9ff06f) j       pc - 0x8
core   0: 3 0x80009d70 (0xff9ff06f)
core   0: 0x80009d68 (0x00006f17) auipc   t5, 0x6
core   0: 3 0x80009d68 (0x00006f17) x30 0x8000fd68
core   0: 0x80009d6c (0x283f2c23) sw      gp, 664(t5)
core   0: 3 0x80009d6c (0x283f2c23) mem 0x80010000 0x00000001
core   0: 0x80009d70 (0xff9ff06f) j       pc - 0x8
core   0: 3 0x80009d70 (0xff9ff06f)
core   0: 0x80009d68 (0x00006f17) auipc   t5, 0x6
core   0: 3 0x80009d68 (0x00006f17) x30 0x8000fd68
core   0: 0x80009d6c (0x283f2c23) sw      gp, 664(t5)
core   0: 3 0x80009d6c (0x283f2c23) mem 0x80010000 0x00000001
core   0: 0x80009d70 (0xff9ff06f) j       pc - 0x8
core   0: 3 0x80009d70 (0xff9ff06f)
core   0: 0x80009d68 (0x00006f17) auipc   t5, 0x6
core   0: 3 0x80009d68 (0x00006f17) x30 0x8000fd68
core   0: 0x80009d6c (0x283f2c23) sw      gp, 664(t5)
core   0: 3 0x80009d6c (0x283f2c23) mem 0x80010000 0x00000001
core   0: 0x80009d70 (0xff9ff06f) j       pc - 0x8
core   0: 3 0x80009d70 (0xff9ff06f)
core   0: 0x80009d68 (0x00006f17) auipc   t5, 0x6
core   0: 3 0x80009d68 (0x00006f17) x30 0x8000fd68
core   0: 0x80009d6c (0x283f2c23) sw      gp, 664(t5)
core   0: 3 0x80009d6c (0x283f2c23) mem 0x80010000 0x00000001
core   0: 0x80009d70 (0xff9ff06f) j       pc - 0x8
core   0: 3 0x80009d70 (0xff9ff06f)
core   0: 0x80009d68 (0x00006f17) auipc   t5, 0x6
core   0: 3 0x80009d68 (0x00006f17) x30 0x8000fd68
core   0: 0x80009d6c (0x283f2c23) sw      gp, 664(t5)
core   0: 3 0x80009d6c (0x283f2c23) mem 0x80010000 0x00000001
core   0: 0x80009d70 (0xff9ff06f) j       pc - 0x8
core   0: 3 0x80009d70 (0xff9ff06f)
core   0: 0x80009d68 (0x00006f17) auipc   t5, 0x6
core   0: 3 0x80009d68 (0x00006f17) x30 0x8000fd68
core   0: 0x80009d6c (0x283f2c23) sw      gp, 664(t5)
core   0: 3 0x80009d6c (0x283f2c23) mem 0x80010000 0x00000001
core   0: 0x80009d70 (0xff9ff06f) j       pc - 0x8
core   0: 3 0x80009d70 (0xff9ff06f)
core   0: 0x80009d68 (0x00006f17) auipc   t5, 0x6
core   0: 3 0x80009d68 (0x00006f17) x30 0x8000fd68
core   0: 0x80009d6c (0x283f2c23) sw      gp, 664(t5)
core   0: 3 0x80009d6c (0x283f2c23) mem 0x80010000 0x00000001
core   0: 0x80009d70 (0xff9ff06f) j       pc - 0x8
core   0: 3 0x80009d70 (0xff9ff06f)
core   0: 0x80009d68 (0x00006f17) auipc   t5, 0x6
core   0: 3 0x80009d68 (0x00006f17) x30 0x8000fd68
core   0: 0x80009d6c (0x283f2c23) sw      gp, 664(t5)
core   0: 3 0x80009d6c (0x283f2c23) mem 0x80010000 0x00000001
core   0: 0x80009d70 (0xff9ff06f) j       pc - 0x8
core   0: 3 0x80009d70 (0xff9ff06f)
core   0: 0x80009d68 (0x00006f17) auipc   t5, 0x6
core   0: 3 0x80009d68 (0x00006f17) x30 0x8000fd68
core   0: 0x80009d6c (0x283f2c23) sw      gp, 664(t5)
core   0: 3 0x80009d6c (0x283f2c23) mem 0x80010000 0x00000001
core   0: 0x80009d70 (0xff9ff06f) j       pc - 0x8
core   0: 3 0x80009d70 (0xff9ff06f)
core   0: 0x80009d68 (0x00006f17) auipc   t5, 0x6
core   0: 3 0x80009d68 (0x00006f17) x30 0x8000fd68
core   0: 0x80009d6c (0x283f2c23) sw      gp, 664(t5)
core   0: 3 0x80009d6c (0x283f2c23) mem 0x80010000 0x00000001
core   0: 0x80009d70 (0xff9ff06f) j       pc - 0x8
core   0: 3 0x80009d70 (0xff9ff06f)
core   0: 0x80009d68 (0x00006f17) auipc   t5, 0x6
core   0: 3 0x80009d68 (0x00006f17) x30 0x8000fd68
core   0: 0x80009d6c (0x283f2c23) sw      gp, 664(t5)
core   0: 3 0x80009d6c (0x283f2c23) mem 0x80010000 0x00000001
core   0: 0x80009d70 (0xff9ff06f) j       pc - 0x8
core   0: 3 0x80009d70 (0xff9ff06f)
core   0: 0x80009d68 (0x00006f17) auipc   t5, 0x6
core   0: 3 0x80009d68 (0x00006f17) x30 0x8000fd68
core   0: 0x80009d6c (0x283f2c23) sw      gp, 664(t5)
core   0: 3 0x80009d6c (0x283f2c23) mem 0x80010000 0x00000001
core   0: 0x80009d70 (0xff9ff06f) j       pc - 0x8
core   0: 3 0x80009d70 (0xff9ff06f)
core   0: 0x80009d68 (0x00006f17) auipc   t5, 0x6
core   0: 3 0x80009d68 (0x00006f17) x30 0x8000fd68
core   0: 0x80009d6c (0x283f2c23) sw      gp, 664(t5)
core   0: 3 0x80009d6c (0x283f2c23) mem 0x80010000 0x00000001
core   0: 0x80009d70 (0xff9ff06f) j       pc - 0x8
core   0: 3 0x80009d70 (0xff9ff06f)
core   0: 0x80009d68 (0x00006f17) auipc   t5, 0x6
core   0: 3 0x80009d68 (0x00006f17) x30 0x8000fd68
core   0: 0x80009d6c (0x283f2c23) sw      gp, 664(t5)
core   0: 3 0x80009d6c (0x283f2c23) mem 0x80010000 0x00000001
core   0: 0x80009d70 (0xff9ff06f) j       pc - 0x8
core   0: 3 0x80009d70 (0xff9ff06f)
core   0: 0x80009d68 (0x00006f17) auipc   t5, 0x6
core   0: 3 0x80009d68 (0x00006f17) x30 0x8000fd68
core   0: 0x80009d6c (0x283f2c23) sw      gp, 664(t5)
core   0: 3 0x80009d6c (0x283f2c23) mem 0x80010000 0x00000001
core   0: 0x80009d70 (0xff9ff06f) j       pc - 0x8
core   0: 3 0x80009d70 (0xff9ff06f)
core   0: 0x80009d68 (0x00006f17) auipc   t5, 0x6
core   0: 3 0x80009d68 (0x00006f17) x30 0x8000fd68
core   0: 0x80009d6c (0x283f2c23) sw      gp, 664(t5)
core   0: 3 0x80009d6c (0x283f2c23) mem 0x80010000 0x00000001
core   0: 0x80009d70 (0xff9ff06f) j       pc - 0x8
core   0: 3 0x80009d70 (0xff9ff06f)
core   0: 0x80009d68 (0x00006f17) auipc   t5, 0x6
core   0: 3 0x80009d68 (0x00006f17) x30 0x8000fd68
core   0: 0x80009d6c (0x283f2c23) sw      gp, 664(t5)
core   0: 3 0x80009d6c (0x283f2c23) mem 0x80010000 0x00000001
core   0: 0x80009d70 (0xff9ff06f) j       pc - 0x8
core   0: 3 0x80009d70 (0xff9ff06f)
core   0: 0x80009d68 (0x00006f17) auipc   t5, 0x6
core   0: 3 0x80009d68 (0x00006f17) x30 0x8000fd68
core   0: 0x80009d6c (0x283f2c23) sw      gp, 664(t5)
core   0: 3 0x80009d6c (0x283f2c23) mem 0x80010000 0x00000001
core   0: 0x80009d70 (0xff9ff06f) j       pc - 0x8
core   0: 3 0x80009d70 (0xff9ff06f)
core   0: 0x80009d68 (0x00006f17) auipc   t5, 0x6
core   0: 3 0x80009d68 (0x00006f17) x30 0x8000fd68
core   0: 0x80009d6c (0x283f2c23) sw      gp, 664(t5)
core   0: 3 0x80009d6c (0x283f2c23) mem 0x80010000 0x00000001
core   0: 0x80009d70 (0xff9ff06f) j       pc - 0x8
core   0: 3 0x80009d70 (0xff9ff06f)
core   0: 0x80009d68 (0x00006f17) auipc   t5, 0x6
core   0: 3 0x80009d68 (0x00006f17) x30 0x8000fd68
core   0: 0x80009d6c (0x283f2c23) sw      gp, 664(t5)
core   0: 3 0x80009d6c (0x283f2c23) mem 0x80010000 0x00000001
core   0: 0x80009d70 (0xff9ff06f) j       pc - 0x8
core   0: 3 0x80009d70 (0xff9ff06f)
core   0: 0x80009d68 (0x00006f17) auipc   t5, 0x6
core   0: 3 0x80009d68 (0x00006f17) x30 0x8000fd68
core   0: 0x80009d6c (0x283f2c23) sw      gp, 664(t5)
core   0: 3 0x80009d6c (0x283f2c23) mem 0x80010000 0x00000001
core   0: 0x80009d70 (0xff9ff06f) j       pc - 0x8
core   0: 3 0x80009d70 (0xff9ff06f)
core   0: 0x80009d68 (0x00006f17) auipc   t5, 0x6
core   0: 3 0x80009d68 (0x00006f17) x30 0x8000fd68
core   0: 0x80009d6c (0x283f2c23) sw      gp, 664(t5)
core   0: 3 0x80009d6c (0x283f2c23) mem 0x80010000 0x00000001
core   0: 0x80009d70 (0xff9ff06f) j       pc - 0x8
core   0: 3 0x80009d70 (0xff9ff06f)
core   0: 0x80009d68 (0x00006f17) auipc   t5, 0x6
core   0: 3 0x80009d68 (0x00006f17) x30 0x8000fd68
core   0: 0x80009d6c (0x283f2c23) sw      gp, 664(t5)
core   0: 3 0x80009d6c (0x283f2c23) mem 0x80010000 0x00000001
core   0: 0x80009d70 (0xff9ff06f) j       pc - 0x8
core   0: 3 0x80009d70 (0xff9ff06f)
core   0: 0x80009d68 (0x00006f17) auipc   t5, 0x6
core   0: 3 0x80009d68 (0x00006f17) x30 0x8000fd68
core   0: 0x80009d6c (0x283f2c23) sw      gp, 664(t5)
core   0: 3 0x80009d6c (0x283f2c23) mem 0x80010000 0x00000001
core   0: 0x80009d70 (0xff9ff06f) j       pc - 0x8
core   0: 3 0x80009d70 (0xff9ff06f)
core   0: 0x80009d68 (0x00006f17) auipc   t5, 0x6
core   0: 3 0x80009d68 (0x00006f17) x30 0x8000fd68
core   0: 0x80009d6c (0x283f2c23) sw      gp, 664(t5)
core   0: 3 0x80009d6c (0x283f2c23) mem 0x80010000 0x00000001
core   0: 0x80009d70 (0xff9ff06f) j       pc - 0x8
core   0: 3 0x80009d70 (0xff9ff06f)
core   0: 0x80009d68 (0x00006f17) auipc   t5, 0x6
core   0: 3 0x80009d68 (0x00006f17) x30 0x8000fd68
core   0: 0x80009d6c (0x283f2c23) sw      gp, 664(t5)
core   0: 3 0x80009d6c (0x283f2c23) mem 0x80010000 0x00000001
core   0: 0x80009d70 (0xff9ff06f) j       pc - 0x8
core   0: 3 0x80009d70 (0xff9ff06f)
core   0: 0x80009d68 (0x00006f17) auipc   t5, 0x6
core   0: 3 0x80009d68 (0x00006f17) x30 0x8000fd68
core   0: 0x80009d6c (0x283f2c23) sw      gp, 664(t5)
core   0: 3 0x80009d6c (0x283f2c23) mem 0x80010000 0x00000001
core   0: 0x80009d70 (0xff9ff06f) j       pc - 0x8
core   0: 3 0x80009d70 (0xff9ff06f)
core   0: 0x80009d68 (0x00006f17) auipc   t5, 0x6
core   0: 3 0x80009d68 (0x00006f17) x30 0x8000fd68
core   0: 0x80009d6c (0x283f2c23) sw      gp, 664(t5)
core   0: 3 0x80009d6c (0x283f2c23) mem 0x80010000 0x00000001
core   0: 0x80009d70 (0xff9ff06f) j       pc - 0x8
core   0: 3 0x80009d70 (0xff9ff06f)
core   0: 0x80009d68 (0x00006f17) auipc   t5, 0x6
core   0: 3 0x80009d68 (0x00006f17) x30 0x8000fd68
core   0: 0x80009d6c (0x283f2c23) sw      gp, 664(t5)
core   0: 3 0x80009d6c (0x283f2c23) mem 0x80010000 0x00000001
core   0: 0x80009d70 (0xff9ff06f) j       pc - 0x8
core   0: 3 0x80009d70 (0xff9ff06f)
core   0: 0x80009d68 (0x00006f17) auipc   t5, 0x6
core   0: 3 0x80009d68 (0x00006f17) x30 0x8000fd68
core   0: 0x80009d6c (0x283f2c23) sw      gp, 664(t5)
core   0: 3 0x80009d6c (0x283f2c23) mem 0x80010000 0x00000001
core   0: 0x80009d70 (0xff9ff06f) j       pc - 0x8
core   0: 3 0x80009d70 (0xff9ff06f)
core   0: 0x80009d68 (0x00006f17) auipc   t5, 0x6
core   0: 3 0x80009d68 (0x00006f17) x30 0x8000fd68
core   0: 0x80009d6c (0x283f2c23) sw      gp, 664(t5)
core   0: 3 0x80009d6c (0x283f2c23) mem 0x80010000 0x00000001
core   0: 0x80009d70 (0xff9ff06f) j       pc - 0x8
core   0: 3 0x80009d70 (0xff9ff06f)
core   0: 0x80009d68 (0x00006f17) auipc   t5, 0x6
core   0: 3 0x80009d68 (0x00006f17) x30 0x8000fd68
core   0: 0x80009d6c (0x283f2c23) sw      gp, 664(t5)
core   0: 3 0x80009d6c (0x283f2c23) mem 0x80010000 0x00000001
core   0: 0x80009d70 (0xff9ff06f) j       pc - 0x8
core   0: 3 0x80009d70 (0xff9ff06f)
core   0: 0x80009d68 (0x00006f17) auipc   t5, 0x6
core   0: 3 0x80009d68 (0x00006f17) x30 0x8000fd68
core   0: 0x80009d6c (0x283f2c23) sw      gp, 664(t5)
core   0: 3 0x80009d6c (0x283f2c23) mem 0x80010000 0x00000001
core   0: 0x80009d70 (0xff9ff06f) j       pc - 0x8
core   0: 3 0x80009d70 (0xff9ff06f)
core   0: 0x80009d68 (0x00006f17) auipc   t5, 0x6
core   0: 3 0x80009d68 (0x00006f17) x30 0x8000fd68
core   0: 0x80009d6c (0x283f2c23) sw      gp, 664(t5)
core   0: 3 0x80009d6c (0x283f2c23) mem 0x80010000 0x00000001
core   0: 0x80009d70 (0xff9ff06f) j       pc - 0x8
core   0: 3 0x80009d70 (0xff9ff06f)
core   0: 0x80009d68 (0x00006f17) auipc   t5, 0x6
core   0: 3 0x80009d68 (0x00006f17) x30 0x8000fd68
core   0: 0x80009d6c (0x283f2c23) sw      gp, 664(t5)
core   0: 3 0x80009d6c (0x283f2c23) mem 0x80010000 0x00000001
core   0: 0x80009d70 (0xff9ff06f) j       pc - 0x8
core   0: 3 0x80009d70 (0xff9ff06f)
core   0: 0x80009d68 (0x00006f17) auipc   t5, 0x6
core   0: 3 0x80009d68 (0x00006f17) x30 0x8000fd68
core   0: 0x80009d6c (0x283f2c23) sw      gp, 664(t5)
core   0: 3 0x80009d6c (0x283f2c23) mem 0x80010000 0x00000001
core   0: 0x80009d70 (0xff9ff06f) j       pc - 0x8
core   0: 3 0x80009d70 (0xff9ff06f)
core   0: 0x80009d68 (0x00006f17) auipc   t5, 0x6
core   0: 3 0x80009d68 (0x00006f17) x30 0x8000fd68
core   0: 0x80009d6c (0x283f2c23) sw      gp, 664(t5)
core   0: 3 0x80009d6c (0x283f2c23) mem 0x80010000 0x00000001
core   0: 0x80009d70 (0xff9ff06f) j       pc - 0x8
core   0: 3 0x80009d70 (0xff9ff06f)
core   0: 0x80009d68 (0x00006f17) auipc   t5, 0x6
core   0: 3 0x80009d68 (0x00006f17) x30 0x8000fd68
core   0: 0x80009d6c (0x283f2c23) sw      gp, 664(t5)
core   0: 3 0x80009d6c (0x283f2c23) mem 0x80010000 0x00000001
core   0: 0x80009d70 (0xff9ff06f) j       pc - 0x8
core   0: 3 0x80009d70 (0xff9ff06f)
core   0: 0x80009d68 (0x00006f17) auipc   t5, 0x6
core   0: 3 0x80009d68 (0x00006f17) x30 0x8000fd68
core   0: 0x80009d6c (0x283f2c23) sw      gp, 664(t5)
core   0: 3 0x80009d6c (0x283f2c23) mem 0x80010000 0x00000001
core   0: 0x80009d70 (0xff9ff06f) j       pc - 0x8
core   0: 3 0x80009d70 (0xff9ff06f)
core   0: 0x80009d68 (0x00006f17) auipc   t5, 0x6
core   0: 3 0x80009d68 (0x00006f17) x30 0x8000fd68
core   0: 0x80009d6c (0x283f2c23) sw      gp, 664(t5)
core   0: 3 0x80009d6c (0x283f2c23) mem 0x80010000 0x00000001
core   0: 0x80009d70 (0xff9ff06f) j       pc - 0x8
core   0: 3 0x80009d70 (0xff9ff06f)
core   0: 0x80009d68 (0x00006f17) auipc   t5, 0x6
core   0: 3 0x80009d68 (0x00006f17) x30 0x8000fd68
core   0: 0x80009d6c (0x283f2c23) sw      gp, 664(t5)
core   0: 3 0x80009d6c (0x283f2c23) mem 0x80010000 0x00000001
core   0: 0x80009d70 (0xff9ff06f) j       pc - 0x8
core   0: 3 0x80009d70 (0xff9ff06f)
core   0: 0x80009d68 (0x00006f17) auipc   t5, 0x6
core   0: 3 0x80009d68 (0x00006f17) x30 0x8000fd68
core   0: 0x80009d6c (0x283f2c23) sw      gp, 664(t5)
core   0: 3 0x80009d6c (0x283f2c23) mem 0x80010000 0x00000001
core   0: 0x80009d70 (0xff9ff06f) j       pc - 0x8
core   0: 3 0x80009d70 (0xff9ff06f)
core   0: 0x80009d68 (0x00006f17) auipc   t5, 0x6
core   0: 3 0x80009d68 (0x00006f17) x30 0x8000fd68
core   0: 0x80009d6c (0x283f2c23) sw      gp, 664(t5)
core   0: 3 0x80009d6c (0x283f2c23) mem 0x80010000 0x00000001
core   0: 0x80009d70 (0xff9ff06f) j       pc - 0x8
core   0: 3 0x80009d70 (0xff9ff06f)
core   0: 0x80009d68 (0x00006f17) auipc   t5, 0x6
core   0: 3 0x80009d68 (0x00006f17) x30 0x8000fd68
core   0: 0x80009d6c (0x283f2c23) sw      gp, 664(t5)
core   0: 3 0x80009d6c (0x283f2c23) mem 0x80010000 0x00000001
core   0: 0x80009d70 (0xff9ff06f) j       pc - 0x8
core   0: 3 0x80009d70 (0xff9ff06f)
core   0: 0x80009d68 (0x00006f17) auipc   t5, 0x6
core   0: 3 0x80009d68 (0x00006f17) x30 0x8000fd68
core   0: 0x80009d6c (0x283f2c23) sw      gp, 664(t5)
core   0: 3 0x80009d6c (0x283f2c23) mem 0x80010000 0x00000001
core   0: 0x80009d70 (0xff9ff06f) j       pc - 0x8
core   0: 3 0x80009d70 (0xff9ff06f)
core   0: 0x80009d68 (0x00006f17) auipc   t5, 0x6
core   0: 3 0x80009d68 (0x00006f17) x30 0x8000fd68
core   0: 0x80009d6c (0x283f2c23) sw      gp, 664(t5)
core   0: 3 0x80009d6c (0x283f2c23) mem 0x80010000 0x00000001
core   0: 0x80009d70 (0xff9ff06f) j       pc - 0x8
core   0: 3 0x80009d70 (0xff9ff06f)
core   0: 0x80009d68 (0x00006f17) auipc   t5, 0x6
core   0: 3 0x80009d68 (0x00006f17) x30 0x8000fd68
core   0: 0x80009d6c (0x283f2c23) sw      gp, 664(t5)
core   0: 3 0x80009d6c (0x283f2c23) mem 0x80010000 0x00000001
core   0: 0x80009d70 (0xff9ff06f) j       pc - 0x8
core   0: 3 0x80009d70 (0xff9ff06f)
core   0: 0x80009d68 (0x00006f17) auipc   t5, 0x6
core   0: 3 0x80009d68 (0x00006f17) x30 0x8000fd68
core   0: 0x80009d6c (0x283f2c23) sw      gp, 664(t5)
core   0: 3 0x80009d6c (0x283f2c23) mem 0x80010000 0x00000001
core   0: 0x80009d70 (0xff9ff06f) j       pc - 0x8
core   0: 3 0x80009d70 (0xff9ff06f)
core   0: 0x80009d68 (0x00006f17) auipc   t5, 0x6
core   0: 3 0x80009d68 (0x00006f17) x30 0x8000fd68
core   0: 0x80009d6c (0x283f2c23) sw      gp, 664(t5)
core   0: 3 0x80009d6c (0x283f2c23) mem 0x80010000 0x00000001
core   0: 0x80009d70 (0xff9ff06f) j       pc - 0x8
core   0: 3 0x80009d70 (0xff9ff06f)
core   0: 0x80009d68 (0x00006f17) auipc   t5, 0x6
core   0: 3 0x80009d68 (0x00006f17) x30 0x8000fd68
core   0: 0x80009d6c (0x283f2c23) sw      gp, 664(t5)
core   0: 3 0x80009d6c (0x283f2c23) mem 0x80010000 0x00000001
core   0: 0x80009d70 (0xff9ff06f) j       pc - 0x8
core   0: 3 0x80009d70 (0xff9ff06f)
core   0: 0x80009d68 (0x00006f17) auipc   t5, 0x6
core   0: 3 0x80009d68 (0x00006f17) x30 0x8000fd68
core   0: 0x80009d6c (0x283f2c23) sw      gp, 664(t5)
core   0: 3 0x80009d6c (0x283f2c23) mem 0x80010000 0x00000001
core   0: 0x80009d70 (0xff9ff06f) j       pc - 0x8
core   0: 3 0x80009d70 (0xff9ff06f)
core   0: 0x80009d68 (0x00006f17) auipc   t5, 0x6
core   0: 3 0x80009d68 (0x00006f17) x30 0x8000fd68
core   0: 0x80009d6c (0x283f2c23) sw      gp, 664(t5)
core   0: 3 0x80009d6c (0x283f2c23) mem 0x80010000 0x00000001
core   0: 0x80009d70 (0xff9ff06f) j       pc - 0x8
core   0: 3 0x80009d70 (0xff9ff06f)
core   0: 0x80009d68 (0x00006f17) auipc   t5, 0x6
core   0: 3 0x80009d68 (0x00006f17) x30 0x8000fd68
core   0: 0x80009d6c (0x283f2c23) sw      gp, 664(t5)
core   0: 3 0x80009d6c (0x283f2c23) mem 0x80010000 0x00000001
core   0: 0x80009d70 (0xff9ff06f) j       pc - 0x8
core   0: 3 0x80009d70 (0xff9ff06f)
core   0: 0x80009d68 (0x00006f17) auipc   t5, 0x6
core   0: 3 0x80009d68 (0x00006f17) x30 0x8000fd68
core   0: 0x80009d6c (0x283f2c23) sw      gp, 664(t5)
core   0: 3 0x80009d6c (0x283f2c23) mem 0x80010000 0x00000001
core   0: 0x80009d70 (0xff9ff06f) j       pc - 0x8
core   0: 3 0x80009d70 (0xff9ff06f)
core   0: 0x80009d68 (0x00006f17) auipc   t5, 0x6
core   0: 3 0x80009d68 (0x00006f17) x30 0x8000fd68
core   0: 0x80009d6c (0x283f2c23) sw      gp, 664(t5)
core   0: 3 0x80009d6c (0x283f2c23) mem 0x80010000 0x00000001
core   0: 0x80009d70 (0xff9ff06f) j       pc - 0x8
core   0: 3 0x80009d70 (0xff9ff06f)
core   0: 0x80009d68 (0x00006f17) auipc   t5, 0x6
core   0: 3 0x80009d68 (0x00006f17) x30 0x8000fd68
core   0: 0x80009d6c (0x283f2c23) sw      gp, 664(t5)
core   0: 3 0x80009d6c (0x283f2c23) mem 0x80010000 0x00000001
core   0: 0x80009d70 (0xff9ff06f) j       pc - 0x8
core   0: 3 0x80009d70 (0xff9ff06f)
core   0: 0x80009d68 (0x00006f17) auipc   t5, 0x6
core   0: 3 0x80009d68 (0x00006f17) x30 0x8000fd68
core   0: 0x80009d6c (0x283f2c23) sw      gp, 664(t5)
core   0: 3 0x80009d6c (0x283f2c23) mem 0x80010000 0x00000001
core   0: 0x80009d70 (0xff9ff06f) j       pc - 0x8
core   0: 3 0x80009d70 (0xff9ff06f)
core   0: 0x80009d68 (0x00006f17) auipc   t5, 0x6
core   0: 3 0x80009d68 (0x00006f17) x30 0x8000fd68
core   0: 0x80009d6c (0x283f2c23) sw      gp, 664(t5)
core   0: 3 0x80009d6c (0x283f2c23) mem 0x80010000 0x00000001
core   0: 0x80009d70 (0xff9ff06f) j       pc - 0x8
core   0: 3 0x80009d70 (0xff9ff06f)
core   0: 0x80009d68 (0x00006f17) auipc   t5, 0x6
core   0: 3 0x80009d68 (0x00006f17) x30 0x8000fd68
core   0: 0x80009d6c (0x283f2c23) sw      gp, 664(t5)
core   0: 3 0x80009d6c (0x283f2c23) mem 0x80010000 0x00000001
core   0: 0x80009d70 (0xff9ff06f) j       pc - 0x8
core   0: 3 0x80009d70 (0xff9ff06f)
core   0: 0x80009d68 (0x00006f17) auipc   t5, 0x6
core   0: 3 0x80009d68 (0x00006f17) x30 0x8000fd68
core   0: 0x80009d6c (0x283f2c23) sw      gp, 664(t5)
core   0: 3 0x80009d6c (0x283f2c23) mem 0x80010000 0x00000001
core   0: 0x80009d70 (0xff9ff06f) j       pc - 0x8
core   0: 3 0x80009d70 (0xff9ff06f)
core   0: 0x80009d68 (0x00006f17) auipc   t5, 0x6
core   0: 3 0x80009d68 (0x00006f17) x30 0x8000fd68
core   0: 0x80009d6c (0x283f2c23) sw      gp, 664(t5)
core   0: 3 0x80009d6c (0x283f2c23) mem 0x80010000 0x00000001
core   0: 0x80009d70 (0xff9ff06f) j       pc - 0x8
core   0: 3 0x80009d70 (0xff9ff06f)
core   0: 0x80009d68 (0x00006f17) auipc   t5, 0x6
core   0: 3 0x80009d68 (0x00006f17) x30 0x8000fd68
core   0: 0x80009d6c (0x283f2c23) sw      gp, 664(t5)
core   0: 3 0x80009d6c (0x283f2c23) mem 0x80010000 0x00000001
core   0: 0x80009d70 (0xff9ff06f) j       pc - 0x8
core   0: 3 0x80009d70 (0xff9ff06f)
core   0: 0x80009d68 (0x00006f17) auipc   t5, 0x6
core   0: 3 0x80009d68 (0x00006f17) x30 0x8000fd68
core   0: 0x80009d6c (0x283f2c23) sw      gp, 664(t5)
core   0: 3 0x80009d6c (0x283f2c23) mem 0x80010000 0x00000001
core   0: 0x80009d70 (0xff9ff06f) j       pc - 0x8
core   0: 3 0x80009d70 (0xff9ff06f)
core   0: 0x80009d68 (0x00006f17) auipc   t5, 0x6
core   0: 3 0x80009d68 (0x00006f17) x30 0x8000fd68
core   0: 0x80009d6c (0x283f2c23) sw      gp, 664(t5)
core   0: 3 0x80009d6c (0x283f2c23) mem 0x80010000 0x00000001
core   0: 0x80009d70 (0xff9ff06f) j       pc - 0x8
core   0: 3 0x80009d70 (0xff9ff06f)
core   0: 0x80009d68 (0x00006f17) auipc   t5, 0x6
core   0: 3 0x80009d68 (0x00006f17) x30 0x8000fd68
core   0: 0x80009d6c (0x283f2c23) sw      gp, 664(t5)
core   0: 3 0x80009d6c (0x283f2c23) mem 0x80010000 0x00000001
core   0: 0x80009d70 (0xff9ff06f) j       pc - 0x8
core   0: 3 0x80009d70 (0xff9ff06f)
core   0: 0x80009d68 (0x00006f17) auipc   t5, 0x6
core   0: 3 0x80009d68 (0x00006f17) x30 0x8000fd68
core   0: 0x80009d6c (0x283f2c23) sw      gp, 664(t5)
core   0: 3 0x80009d6c (0x283f2c23) mem 0x80010000 0x00000001
core   0: 0x80009d70 (0xff9ff06f) j       pc - 0x8
core   0: 3 0x80009d70 (0xff9ff06f)
core   0: 0x80009d68 (0x00006f17) auipc   t5, 0x6
core   0: 3 0x80009d68 (0x00006f17) x30 0x8000fd68
core   0: 0x80009d6c (0x283f2c23) sw      gp, 664(t5)
core   0: 3 0x80009d6c (0x283f2c23) mem 0x80010000 0x00000001
core   0: 0x80009d70 (0xff9ff06f) j       pc - 0x8
core   0: 3 0x80009d70 (0xff9ff06f)
core   0: 0x80009d68 (0x00006f17) auipc   t5, 0x6
core   0: 3 0x80009d68 (0x00006f17) x30 0x8000fd68
core   0: 0x80009d6c (0x283f2c23) sw      gp, 664(t5)
core   0: 3 0x80009d6c (0x283f2c23) mem 0x80010000 0x00000001
core   0: 0x80009d70 (0xff9ff06f) j       pc - 0x8
core   0: 3 0x80009d70 (0xff9ff06f)
core   0: 0x80009d68 (0x00006f17) auipc   t5, 0x6
core   0: 3 0x80009d68 (0x00006f17) x30 0x8000fd68
core   0: 0x80009d6c (0x283f2c23) sw      gp, 664(t5)
core   0: 3 0x80009d6c (0x283f2c23) mem 0x80010000 0x00000001
core   0: 0x80009d70 (0xff9ff06f) j       pc - 0x8
core   0: 3 0x80009d70 (0xff9ff06f)
core   0: 0x80009d68 (0x00006f17) auipc   t5, 0x6
core   0: 3 0x80009d68 (0x00006f17) x30 0x8000fd68
core   0: 0x80009d6c (0x283f2c23) sw      gp, 664(t5)
core   0: 3 0x80009d6c (0x283f2c23) mem 0x80010000 0x00000001
core   0: 0x80009d70 (0xff9ff06f) j       pc - 0x8
core   0: 3 0x80009d70 (0xff9ff06f)
core   0: 0x80009d68 (0x00006f17) auipc   t5, 0x6
core   0: 3 0x80009d68 (0x00006f17) x30 0x8000fd68
core   0: 0x80009d6c (0x283f2c23) sw      gp, 664(t5)
core   0: 3 0x80009d6c (0x283f2c23) mem 0x80010000 0x00000001
core   0: 0x80009d70 (0xff9ff06f) j       pc - 0x8
core   0: 3 0x80009d70 (0xff9ff06f)
core   0: 0x80009d68 (0x00006f17) auipc   t5, 0x6
core   0: 3 0x80009d68 (0x00006f17) x30 0x8000fd68
core   0: 0x80009d6c (0x283f2c23) sw      gp, 664(t5)
core   0: 3 0x80009d6c (0x283f2c23) mem 0x80010000 0x00000001
core   0: 0x80009d70 (0xff9ff06f) j       pc - 0x8
core   0: 3 0x80009d70 (0xff9ff06f)
core   0: 0x80009d68 (0x00006f17) auipc   t5, 0x6
core   0: 3 0x80009d68 (0x00006f17) x30 0x8000fd68
core   0: 0x80009d6c (0x283f2c23) sw      gp, 664(t5)
core   0: 3 0x80009d6c (0x283f2c23) mem 0x80010000 0x00000001
core   0: 0x80009d70 (0xff9ff06f) j       pc - 0x8
core   0: 3 0x80009d70 (0xff9ff06f)
core   0: 0x80009d68 (0x00006f17) auipc   t5, 0x6
core   0: 3 0x80009d68 (0x00006f17) x30 0x8000fd68
core   0: 0x80009d6c (0x283f2c23) sw      gp, 664(t5)
core   0: 3 0x80009d6c (0x283f2c23) mem 0x80010000 0x00000001
core   0: 0x80009d70 (0xff9ff06f) j       pc - 0x8
core   0: 3 0x80009d70 (0xff9ff06f)
core   0: 0x80009d68 (0x00006f17) auipc   t5, 0x6
core   0: 3 0x80009d68 (0x00006f17) x30 0x8000fd68
core   0: 0x80009d6c (0x283f2c23) sw      gp, 664(t5)
core   0: 3 0x80009d6c (0x283f2c23) mem 0x80010000 0x00000001
core   0: 0x80009d70 (0xff9ff06f) j       pc - 0x8
core   0: 3 0x80009d70 (0xff9ff06f)
core   0: 0x80009d68 (0x00006f17) auipc   t5, 0x6
core   0: 3 0x80009d68 (0x00006f17) x30 0x8000fd68
core   0: 0x80009d6c (0x283f2c23) sw      gp, 664(t5)
core   0: 3 0x80009d6c (0x283f2c23) mem 0x80010000 0x00000001
core   0: 0x80009d70 (0xff9ff06f) j       pc - 0x8
core   0: 3 0x80009d70 (0xff9ff06f)
core   0: 0x80009d68 (0x00006f17) auipc   t5, 0x6
core   0: 3 0x80009d68 (0x00006f17) x30 0x8000fd68
core   0: 0x80009d6c (0x283f2c23) sw      gp, 664(t5)
core   0: 3 0x80009d6c (0x283f2c23) mem 0x80010000 0x00000001
core   0: 0x80009d70 (0xff9ff06f) j       pc - 0x8
core   0: 3 0x80009d70 (0xff9ff06f)
core   0: 0x80009d68 (0x00006f17) auipc   t5, 0x6
core   0: 3 0x80009d68 (0x00006f17) x30 0x8000fd68
core   0: 0x80009d6c (0x283f2c23) sw      gp, 664(t5)
core   0: 3 0x80009d6c (0x283f2c23) mem 0x80010000 0x00000001
core   0: 0x80009d70 (0xff9ff06f) j       pc - 0x8
core   0: 3 0x80009d70 (0xff9ff06f)
core   0: 0x80009d68 (0x00006f17) auipc   t5, 0x6
core   0: 3 0x80009d68 (0x00006f17) x30 0x8000fd68
core   0: 0x80009d6c (0x283f2c23) sw      gp, 664(t5)
core   0: 3 0x80009d6c (0x283f2c23) mem 0x80010000 0x00000001
core   0: 0x80009d70 (0xff9ff06f) j       pc - 0x8
core   0: 3 0x80009d70 (0xff9ff06f)
core   0: 0x80009d68 (0x00006f17) auipc   t5, 0x6
core   0: 3 0x80009d68 (0x00006f17) x30 0x8000fd68
core   0: 0x80009d6c (0x283f2c23) sw      gp, 664(t5)
core   0: 3 0x80009d6c (0x283f2c23) mem 0x80010000 0x00000001
core   0: 0x80009d70 (0xff9ff06f) j       pc - 0x8
core   0: 3 0x80009d70 (0xff9ff06f)
core   0: 0x80009d68 (0x00006f17) auipc   t5, 0x6
core   0: 3 0x80009d68 (0x00006f17) x30 0x8000fd68
core   0: 0x80009d6c (0x283f2c23) sw      gp, 664(t5)
core   0: 3 0x80009d6c (0x283f2c23) mem 0x80010000 0x00000001
core   0: 0x80009d70 (0xff9ff06f) j       pc - 0x8
core   0: 3 0x80009d70 (0xff9ff06f)
core   0: 0x80009d68 (0x00006f17) auipc   t5, 0x6
core   0: 3 0x80009d68 (0x00006f17) x30 0x8000fd68
core   0: 0x80009d6c (0x283f2c23) sw      gp, 664(t5)
core   0: 3 0x80009d6c (0x283f2c23) mem 0x80010000 0x00000001
core   0: 0x80009d70 (0xff9ff06f) j       pc - 0x8
core   0: 3 0x80009d70 (0xff9ff06f)
core   0: 0x80009d68 (0x00006f17) auipc   t5, 0x6
core   0: 3 0x80009d68 (0x00006f17) x30 0x8000fd68
core   0: 0x80009d6c (0x283f2c23) sw      gp, 664(t5)
core   0: 3 0x80009d6c (0x283f2c23) mem 0x80010000 0x00000001
core   0: 0x80009d70 (0xff9ff06f) j       pc - 0x8
core   0: 3 0x80009d70 (0xff9ff06f)
core   0: 0x80009d68 (0x00006f17) auipc   t5, 0x6
core   0: 3 0x80009d68 (0x00006f17) x30 0x8000fd68
core   0: 0x80009d6c (0x283f2c23) sw      gp, 664(t5)
core   0: 3 0x80009d6c (0x283f2c23) mem 0x80010000 0x00000001
core   0: 0x80009d70 (0xff9ff06f) j       pc - 0x8
core   0: 3 0x80009d70 (0xff9ff06f)
core   0: 0x80009d68 (0x00006f17) auipc   t5, 0x6
core   0: 3 0x80009d68 (0x00006f17) x30 0x8000fd68
core   0: 0x80009d6c (0x283f2c23) sw      gp, 664(t5)
core   0: 3 0x80009d6c (0x283f2c23) mem 0x80010000 0x00000001
core   0: 0x80009d70 (0xff9ff06f) j       pc - 0x8
core   0: 3 0x80009d70 (0xff9ff06f)
core   0: 0x80009d68 (0x00006f17) auipc   t5, 0x6
core   0: 3 0x80009d68 (0x00006f17) x30 0x8000fd68
core   0: 0x80009d6c (0x283f2c23) sw      gp, 664(t5)
core   0: 3 0x80009d6c (0x283f2c23) mem 0x80010000 0x00000001
core   0: 0x80009d70 (0xff9ff06f) j       pc - 0x8
core   0: 3 0x80009d70 (0xff9ff06f)
core   0: 0x80009d68 (0x00006f17) auipc   t5, 0x6
core   0: 3 0x80009d68 (0x00006f17) x30 0x8000fd68
core   0: 0x80009d6c (0x283f2c23) sw      gp, 664(t5)
core   0: 3 0x80009d6c (0x283f2c23) mem 0x80010000 0x00000001
core   0: 0x80009d70 (0xff9ff06f) j       pc - 0x8
core   0: 3 0x80009d70 (0xff9ff06f)
core   0: 0x80009d68 (0x00006f17) auipc   t5, 0x6
core   0: 3 0x80009d68 (0x00006f17) x30 0x8000fd68
core   0: 0x80009d6c (0x283f2c23) sw      gp, 664(t5)
core   0: 3 0x80009d6c (0x283f2c23) mem 0x80010000 0x00000001
core   0: 0x80009d70 (0xff9ff06f) j       pc - 0x8
core   0: 3 0x80009d70 (0xff9ff06f)
core   0: 0x80009d68 (0x00006f17) auipc   t5, 0x6
core   0: 3 0x80009d68 (0x00006f17) x30 0x8000fd68
core   0: 0x80009d6c (0x283f2c23) sw      gp, 664(t5)
core   0: 3 0x80009d6c (0x283f2c23) mem 0x80010000 0x00000001
core   0: 0x80009d70 (0xff9ff06f) j       pc - 0x8
core   0: 3 0x80009d70 (0xff9ff06f)
core   0: 0x80009d68 (0x00006f17) auipc   t5, 0x6
core   0: 3 0x80009d68 (0x00006f17) x30 0x8000fd68
core   0: 0x80009d6c (0x283f2c23) sw      gp, 664(t5)
core   0: 3 0x80009d6c (0x283f2c23) mem 0x80010000 0x00000001
core   0: 0x80009d70 (0xff9ff06f) j       pc - 0x8
core   0: 3 0x80009d70 (0xff9ff06f)
core   0: 0x80009d68 (0x00006f17) auipc   t5, 0x6
core   0: 3 0x80009d68 (0x00006f17) x30 0x8000fd68
core   0: 0x80009d6c (0x283f2c23) sw      gp, 664(t5)
core   0: 3 0x80009d6c (0x283f2c23) mem 0x80010000 0x00000001
core   0: 0x80009d70 (0xff9ff06f) j       pc - 0x8
core   0: 3 0x80009d70 (0xff9ff06f)
core   0: 0x80009d68 (0x00006f17) auipc   t5, 0x6
core   0: 3 0x80009d68 (0x00006f17) x30 0x8000fd68
core   0: 0x80009d6c (0x283f2c23) sw      gp, 664(t5)
core   0: 3 0x80009d6c (0x283f2c23) mem 0x80010000 0x00000001
core   0: 0x80009d70 (0xff9ff06f) j       pc - 0x8
core   0: 3 0x80009d70 (0xff9ff06f)
core   0: 0x80009d68 (0x00006f17) auipc   t5, 0x6
core   0: 3 0x80009d68 (0x00006f17) x30 0x8000fd68
core   0: 0x80009d6c (0x283f2c23) sw      gp, 664(t5)
core   0: 3 0x80009d6c (0x283f2c23) mem 0x80010000 0x00000001
core   0: 0x80009d70 (0xff9ff06f) j       pc - 0x8
core   0: 3 0x80009d70 (0xff9ff06f)
core   0: 0x80009d68 (0x00006f17) auipc   t5, 0x6
core   0: 3 0x80009d68 (0x00006f17) x30 0x8000fd68
core   0: 0x80009d6c (0x283f2c23) sw      gp, 664(t5)
core   0: 3 0x80009d6c (0x283f2c23) mem 0x80010000 0x00000001
core   0: 0x80009d70 (0xff9ff06f) j       pc - 0x8
core   0: 3 0x80009d70 (0xff9ff06f)
core   0: 0x80009d68 (0x00006f17) auipc   t5, 0x6
core   0: 3 0x80009d68 (0x00006f17) x30 0x8000fd68
core   0: 0x80009d6c (0x283f2c23) sw      gp, 664(t5)
core   0: 3 0x80009d6c (0x283f2c23) mem 0x80010000 0x00000001
core   0: 0x80009d70 (0xff9ff06f) j       pc - 0x8
core   0: 3 0x80009d70 (0xff9ff06f)
core   0: 0x80009d68 (0x00006f17) auipc   t5, 0x6
core   0: 3 0x80009d68 (0x00006f17) x30 0x8000fd68
core   0: 0x80009d6c (0x283f2c23) sw      gp, 664(t5)
core   0: 3 0x80009d6c (0x283f2c23) mem 0x80010000 0x00000001
core   0: 0x80009d70 (0xff9ff06f) j       pc - 0x8
core   0: 3 0x80009d70 (0xff9ff06f)
core   0: 0x80009d68 (0x00006f17) auipc   t5, 0x6
core   0: 3 0x80009d68 (0x00006f17) x30 0x8000fd68
core   0: 0x80009d6c (0x283f2c23) sw      gp, 664(t5)
core   0: 3 0x80009d6c (0x283f2c23) mem 0x80010000 0x00000001
core   0: 0x80009d70 (0xff9ff06f) j       pc - 0x8
core   0: 3 0x80009d70 (0xff9ff06f)
core   0: 0x80009d68 (0x00006f17) auipc   t5, 0x6
core   0: 3 0x80009d68 (0x00006f17) x30 0x8000fd68
core   0: 0x80009d6c (0x283f2c23) sw      gp, 664(t5)
core   0: 3 0x80009d6c (0x283f2c23) mem 0x80010000 0x00000001
core   0: 0x80009d70 (0xff9ff06f) j       pc - 0x8
core   0: 3 0x80009d70 (0xff9ff06f)
core   0: 0x80009d68 (0x00006f17) auipc   t5, 0x6
core   0: 3 0x80009d68 (0x00006f17) x30 0x8000fd68
core   0: 0x80009d6c (0x283f2c23) sw      gp, 664(t5)
core   0: 3 0x80009d6c (0x283f2c23) mem 0x80010000 0x00000001
core   0: 0x80009d70 (0xff9ff06f) j       pc - 0x8
core   0: 3 0x80009d70 (0xff9ff06f)
core   0: 0x80009d68 (0x00006f17) auipc   t5, 0x6
core   0: 3 0x80009d68 (0x00006f17) x30 0x8000fd68
core   0: 0x80009d6c (0x283f2c23) sw      gp, 664(t5)
core   0: 3 0x80009d6c (0x283f2c23) mem 0x80010000 0x00000001
core   0: 0x80009d70 (0xff9ff06f) j       pc - 0x8
core   0: 3 0x80009d70 (0xff9ff06f)
core   0: 0x80009d68 (0x00006f17) auipc   t5, 0x6
core   0: 3 0x80009d68 (0x00006f17) x30 0x8000fd68
core   0: 0x80009d6c (0x283f2c23) sw      gp, 664(t5)
core   0: 3 0x80009d6c (0x283f2c23) mem 0x80010000 0x00000001
core   0: 0x80009d70 (0xff9ff06f) j       pc - 0x8
core   0: 3 0x80009d70 (0xff9ff06f)
core   0: 0x80009d68 (0x00006f17) auipc   t5, 0x6
core   0: 3 0x80009d68 (0x00006f17) x30 0x8000fd68
core   0: 0x80009d6c (0x283f2c23) sw      gp, 664(t5)
core   0: 3 0x80009d6c (0x283f2c23) mem 0x80010000 0x00000001
core   0: 0x80009d70 (0xff9ff06f) j       pc - 0x8
core   0: 3 0x80009d70 (0xff9ff06f)
core   0: 0x80009d68 (0x00006f17) auipc   t5, 0x6
core   0: 3 0x80009d68 (0x00006f17) x30 0x8000fd68
core   0: 0x80009d6c (0x283f2c23) sw      gp, 664(t5)
core   0: 3 0x80009d6c (0x283f2c23) mem 0x80010000 0x00000001
core   0: 0x80009d70 (0xff9ff06f) j       pc - 0x8
core   0: 3 0x80009d70 (0xff9ff06f)
core   0: 0x80009d68 (0x00006f17) auipc   t5, 0x6
core   0: 3 0x80009d68 (0x00006f17) x30 0x8000fd68
core   0: 0x80009d6c (0x283f2c23) sw      gp, 664(t5)
core   0: 3 0x80009d6c (0x283f2c23) mem 0x80010000 0x00000001
core   0: 0x80009d70 (0xff9ff06f) j       pc - 0x8
core   0: 3 0x80009d70 (0xff9ff06f)
core   0: 0x80009d68 (0x00006f17) auipc   t5, 0x6
core   0: 3 0x80009d68 (0x00006f17) x30 0x8000fd68
core   0: 0x80009d6c (0x283f2c23) sw      gp, 664(t5)
core   0: 3 0x80009d6c (0x283f2c23) mem 0x80010000 0x00000001
core   0: 0x80009d70 (0xff9ff06f) j       pc - 0x8
core   0: 3 0x80009d70 (0xff9ff06f)
core   0: 0x80009d68 (0x00006f17) auipc   t5, 0x6
core   0: 3 0x80009d68 (0x00006f17) x30 0x8000fd68
core   0: 0x80009d6c (0x283f2c23) sw      gp, 664(t5)
core   0: 3 0x80009d6c (0x283f2c23) mem 0x80010000 0x00000001
core   0: 0x80009d70 (0xff9ff06f) j       pc - 0x8
core   0: 3 0x80009d70 (0xff9ff06f)
core   0: 0x80009d68 (0x00006f17) auipc   t5, 0x6
core   0: 3 0x80009d68 (0x00006f17) x30 0x8000fd68
core   0: 0x80009d6c (0x283f2c23) sw      gp, 664(t5)
core   0: 3 0x80009d6c (0x283f2c23) mem 0x80010000 0x00000001
core   0: 0x80009d70 (0xff9ff06f) j       pc - 0x8
core   0: 3 0x80009d70 (0xff9ff06f)
core   0: 0x80009d68 (0x00006f17) auipc   t5, 0x6
core   0: 3 0x80009d68 (0x00006f17) x30 0x8000fd68
core   0: 0x80009d6c (0x283f2c23) sw      gp, 664(t5)
core   0: 3 0x80009d6c (0x283f2c23) mem 0x80010000 0x00000001
core   0: 0x80009d70 (0xff9ff06f) j       pc - 0x8
core   0: 3 0x80009d70 (0xff9ff06f)
core   0: 0x80009d68 (0x00006f17) auipc   t5, 0x6
core   0: 3 0x80009d68 (0x00006f17) x30 0x8000fd68
core   0: 0x80009d6c (0x283f2c23) sw      gp, 664(t5)
core   0: 3 0x80009d6c (0x283f2c23) mem 0x80010000 0x00000001
core   0: 0x80009d70 (0xff9ff06f) j       pc - 0x8
core   0: 3 0x80009d70 (0xff9ff06f)
core   0: 0x80009d68 (0x00006f17) auipc   t5, 0x6
core   0: 3 0x80009d68 (0x00006f17) x30 0x8000fd68
core   0: 0x80009d6c (0x283f2c23) sw      gp, 664(t5)
core   0: 3 0x80009d6c (0x283f2c23) mem 0x80010000 0x00000001
core   0: 0x80009d70 (0xff9ff06f) j       pc - 0x8
core   0: 3 0x80009d70 (0xff9ff06f)
core   0: 0x80009d68 (0x00006f17) auipc   t5, 0x6
core   0: 3 0x80009d68 (0x00006f17) x30 0x8000fd68
core   0: 0x80009d6c (0x283f2c23) sw      gp, 664(t5)
core   0: 3 0x80009d6c (0x283f2c23) mem 0x80010000 0x00000001
core   0: 0x80009d70 (0xff9ff06f) j       pc - 0x8
core   0: 3 0x80009d70 (0xff9ff06f)
core   0: 0x80009d68 (0x00006f17) auipc   t5, 0x6
core   0: 3 0x80009d68 (0x00006f17) x30 0x8000fd68
core   0: 0x80009d6c (0x283f2c23) sw      gp, 664(t5)
core   0: 3 0x80009d6c (0x283f2c23) mem 0x80010000 0x00000001
core   0: 0x80009d70 (0xff9ff06f) j       pc - 0x8
core   0: 3 0x80009d70 (0xff9ff06f)
core   0: 0x80009d68 (0x00006f17) auipc   t5, 0x6
core   0: 3 0x80009d68 (0x00006f17) x30 0x8000fd68
core   0: 0x80009d6c (0x283f2c23) sw      gp, 664(t5)
core   0: 3 0x80009d6c (0x283f2c23) mem 0x80010000 0x00000001
core   0: 0x80009d70 (0xff9ff06f) j       pc - 0x8
core   0: 3 0x80009d70 (0xff9ff06f)
core   0: 0x80009d68 (0x00006f17) auipc   t5, 0x6
core   0: 3 0x80009d68 (0x00006f17) x30 0x8000fd68
core   0: 0x80009d6c (0x283f2c23) sw      gp, 664(t5)
core   0: 3 0x80009d6c (0x283f2c23) mem 0x80010000 0x00000001
core   0: 0x80009d70 (0xff9ff06f) j       pc - 0x8
core   0: 3 0x80009d70 (0xff9ff06f)
core   0: 0x80009d68 (0x00006f17) auipc   t5, 0x6
core   0: 3 0x80009d68 (0x00006f17) x30 0x8000fd68
core   0: 0x80009d6c (0x283f2c23) sw      gp, 664(t5)
core   0: 3 0x80009d6c (0x283f2c23) mem 0x80010000 0x00000001
core   0: 0x80009d70 (0xff9ff06f) j       pc - 0x8
core   0: 3 0x80009d70 (0xff9ff06f)
core   0: 0x80009d68 (0x00006f17) auipc   t5, 0x6
core   0: 3 0x80009d68 (0x00006f17) x30 0x8000fd68
core   0: 0x80009d6c (0x283f2c23) sw      gp, 664(t5)
core   0: 3 0x80009d6c (0x283f2c23) mem 0x80010000 0x00000001
core   0: 0x80009d70 (0xff9ff06f) j       pc - 0x8
core   0: 3 0x80009d70 (0xff9ff06f)
core   0: 0x80009d68 (0x00006f17) auipc   t5, 0x6
core   0: 3 0x80009d68 (0x00006f17) x30 0x8000fd68
core   0: 0x80009d6c (0x283f2c23) sw      gp, 664(t5)
core   0: 3 0x80009d6c (0x283f2c23) mem 0x80010000 0x00000001
core   0: 0x80009d70 (0xff9ff06f) j       pc - 0x8
core   0: 3 0x80009d70 (0xff9ff06f)
core   0: 0x80009d68 (0x00006f17) auipc   t5, 0x6
core   0: 3 0x80009d68 (0x00006f17) x30 0x8000fd68
core   0: 0x80009d6c (0x283f2c23) sw      gp, 664(t5)
core   0: 3 0x80009d6c (0x283f2c23) mem 0x80010000 0x00000001
core   0: 0x80009d70 (0xff9ff06f) j       pc - 0x8
core   0: 3 0x80009d70 (0xff9ff06f)
core   0: 0x80009d68 (0x00006f17) auipc   t5, 0x6
core   0: 3 0x80009d68 (0x00006f17) x30 0x8000fd68
core   0: 0x80009d6c (0x283f2c23) sw      gp, 664(t5)
core   0: 3 0x80009d6c (0x283f2c23) mem 0x80010000 0x00000001
core   0: 0x80009d70 (0xff9ff06f) j       pc - 0x8
core   0: 3 0x80009d70 (0xff9ff06f)
core   0: 0x80009d68 (0x00006f17) auipc   t5, 0x6
core   0: 3 0x80009d68 (0x00006f17) x30 0x8000fd68
core   0: 0x80009d6c (0x283f2c23) sw      gp, 664(t5)
core   0: 3 0x80009d6c (0x283f2c23) mem 0x80010000 0x00000001
core   0: 0x80009d70 (0xff9ff06f) j       pc - 0x8
core   0: 3 0x80009d70 (0xff9ff06f)
core   0: 0x80009d68 (0x00006f17) auipc   t5, 0x6
core   0: 3 0x80009d68 (0x00006f17) x30 0x8000fd68
core   0: 0x80009d6c (0x283f2c23) sw      gp, 664(t5)
core   0: 3 0x80009d6c (0x283f2c23) mem 0x80010000 0x00000001
core   0: 0x80009d70 (0xff9ff06f) j       pc - 0x8
core   0: 3 0x80009d70 (0xff9ff06f)
core   0: 0x80009d68 (0x00006f17) auipc   t5, 0x6
core   0: 3 0x80009d68 (0x00006f17) x30 0x8000fd68
core   0: 0x80009d6c (0x283f2c23) sw      gp, 664(t5)
core   0: 3 0x80009d6c (0x283f2c23) mem 0x80010000 0x00000001
core   0: 0x80009d70 (0xff9ff06f) j       pc - 0x8
core   0: 3 0x80009d70 (0xff9ff06f)
core   0: 0x80009d68 (0x00006f17) auipc   t5, 0x6
core   0: 3 0x80009d68 (0x00006f17) x30 0x8000fd68
core   0: 0x80009d6c (0x283f2c23) sw      gp, 664(t5)
core   0: 3 0x80009d6c (0x283f2c23) mem 0x80010000 0x00000001
core   0: 0x80009d70 (0xff9ff06f) j       pc - 0x8
core   0: 3 0x80009d70 (0xff9ff06f)
core   0: 0x80009d68 (0x00006f17) auipc   t5, 0x6
core   0: 3 0x80009d68 (0x00006f17) x30 0x8000fd68
core   0: 0x80009d6c (0x283f2c23) sw      gp, 664(t5)
core   0: 3 0x80009d6c (0x283f2c23) mem 0x80010000 0x00000001
core   0: 0x80009d70 (0xff9ff06f) j       pc - 0x8
core   0: 3 0x80009d70 (0xff9ff06f)
core   0: 0x80009d68 (0x00006f17) auipc   t5, 0x6
core   0: 3 0x80009d68 (0x00006f17) x30 0x8000fd68
core   0: 0x80009d6c (0x283f2c23) sw      gp, 664(t5)
core   0: 3 0x80009d6c (0x283f2c23) mem 0x80010000 0x00000001
core   0: 0x80009d70 (0xff9ff06f) j       pc - 0x8
core   0: 3 0x80009d70 (0xff9ff06f)
core   0: 0x80009d68 (0x00006f17) auipc   t5, 0x6
core   0: 3 0x80009d68 (0x00006f17) x30 0x8000fd68
core   0: 0x80009d6c (0x283f2c23) sw      gp, 664(t5)
core   0: 3 0x80009d6c (0x283f2c23) mem 0x80010000 0x00000001
core   0: 0x80009d70 (0xff9ff06f) j       pc - 0x8
core   0: 3 0x80009d70 (0xff9ff06f)
core   0: 0x80009d68 (0x00006f17) auipc   t5, 0x6
core   0: 3 0x80009d68 (0x00006f17) x30 0x8000fd68
core   0: 0x80009d6c (0x283f2c23) sw      gp, 664(t5)
core   0: 3 0x80009d6c (0x283f2c23) mem 0x80010000 0x00000001
core   0: 0x80009d70 (0xff9ff06f) j       pc - 0x8
core   0: 3 0x80009d70 (0xff9ff06f)
core   0: 0x80009d68 (0x00006f17) auipc   t5, 0x6
core   0: 3 0x80009d68 (0x00006f17) x30 0x8000fd68
core   0: 0x80009d6c (0x283f2c23) sw      gp, 664(t5)
core   0: 3 0x80009d6c (0x283f2c23) mem 0x80010000 0x00000001
core   0: 0x80009d70 (0xff9ff06f) j       pc - 0x8
core   0: 3 0x80009d70 (0xff9ff06f)
core   0: 0x80009d68 (0x00006f17) auipc   t5, 0x6
core   0: 3 0x80009d68 (0x00006f17) x30 0x8000fd68
core   0: 0x80009d6c (0x283f2c23) sw      gp, 664(t5)
core   0: 3 0x80009d6c (0x283f2c23) mem 0x80010000 0x00000001
core   0: 0x80009d70 (0xff9ff06f) j       pc - 0x8
core   0: 3 0x80009d70 (0xff9ff06f)
core   0: 0x80009d68 (0x00006f17) auipc   t5, 0x6
core   0: 3 0x80009d68 (0x00006f17) x30 0x8000fd68
core   0: 0x80009d6c (0x283f2c23) sw      gp, 664(t5)
core   0: 3 0x80009d6c (0x283f2c23) mem 0x80010000 0x00000001
core   0: 0x80009d70 (0xff9ff06f) j       pc - 0x8
core   0: 3 0x80009d70 (0xff9ff06f)
core   0: 0x80009d68 (0x00006f17) auipc   t5, 0x6
core   0: 3 0x80009d68 (0x00006f17) x30 0x8000fd68
core   0: 0x80009d6c (0x283f2c23) sw      gp, 664(t5)
core   0: 3 0x80009d6c (0x283f2c23) mem 0x80010000 0x00000001
core   0: 0x80009d70 (0xff9ff06f) j       pc - 0x8
core   0: 3 0x80009d70 (0xff9ff06f)
core   0: 0x80009d68 (0x00006f17) auipc   t5, 0x6
core   0: 3 0x80009d68 (0x00006f17) x30 0x8000fd68
core   0: 0x80009d6c (0x283f2c23) sw      gp, 664(t5)
core   0: 3 0x80009d6c (0x283f2c23) mem 0x80010000 0x00000001
core   0: 0x80009d70 (0xff9ff06f) j       pc - 0x8
core   0: 3 0x80009d70 (0xff9ff06f)
core   0: 0x80009d68 (0x00006f17) auipc   t5, 0x6
core   0: 3 0x80009d68 (0x00006f17) x30 0x8000fd68
core   0: 0x80009d6c (0x283f2c23) sw      gp, 664(t5)
core   0: 3 0x80009d6c (0x283f2c23) mem 0x80010000 0x00000001
core   0: 0x80009d70 (0xff9ff06f) j       pc - 0x8
core   0: 3 0x80009d70 (0xff9ff06f)
core   0: 0x80009d68 (0x00006f17) auipc   t5, 0x6
core   0: 3 0x80009d68 (0x00006f17) x30 0x8000fd68
core   0: 0x80009d6c (0x283f2c23) sw      gp, 664(t5)
core   0: 3 0x80009d6c (0x283f2c23) mem 0x80010000 0x00000001
core   0: 0x80009d70 (0xff9ff06f) j       pc - 0x8
core   0: 3 0x80009d70 (0xff9ff06f)
core   0: 0x80009d68 (0x00006f17) auipc   t5, 0x6
core   0: 3 0x80009d68 (0x00006f17) x30 0x8000fd68
core   0: 0x80009d6c (0x283f2c23) sw      gp, 664(t5)
core   0: 3 0x80009d6c (0x283f2c23) mem 0x80010000 0x00000001
core   0: 0x80009d70 (0xff9ff06f) j       pc - 0x8
core   0: 3 0x80009d70 (0xff9ff06f)
core   0: 0x80009d68 (0x00006f17) auipc   t5, 0x6
core   0: 3 0x80009d68 (0x00006f17) x30 0x8000fd68
core   0: 0x80009d6c (0x283f2c23) sw      gp, 664(t5)
core   0: 3 0x80009d6c (0x283f2c23) mem 0x80010000 0x00000001
core   0: 0x80009d70 (0xff9ff06f) j       pc - 0x8
core   0: 3 0x80009d70 (0xff9ff06f)
core   0: 0x80009d68 (0x00006f17) auipc   t5, 0x6
core   0: 3 0x80009d68 (0x00006f17) x30 0x8000fd68
core   0: 0x80009d6c (0x283f2c23) sw      gp, 664(t5)
core   0: 3 0x80009d6c (0x283f2c23) mem 0x80010000 0x00000001
core   0: 0x80009d70 (0xff9ff06f) j       pc - 0x8
core   0: 3 0x80009d70 (0xff9ff06f)
core   0: 0x80009d68 (0x00006f17) auipc   t5, 0x6
core   0: 3 0x80009d68 (0x00006f17) x30 0x8000fd68
core   0: 0x80009d6c (0x283f2c23) sw      gp, 664(t5)
core   0: 3 0x80009d6c (0x283f2c23) mem 0x80010000 0x00000001
core   0: 0x80009d70 (0xff9ff06f) j       pc - 0x8
core   0: 3 0x80009d70 (0xff9ff06f)
core   0: 0x80009d68 (0x00006f17) auipc   t5, 0x6
core   0: 3 0x80009d68 (0x00006f17) x30 0x8000fd68
core   0: 0x80009d6c (0x283f2c23) sw      gp, 664(t5)
core   0: 3 0x80009d6c (0x283f2c23) mem 0x80010000 0x00000001
core   0: 0x80009d70 (0xff9ff06f) j       pc - 0x8
core   0: 3 0x80009d70 (0xff9ff06f)
core   0: 0x80009d68 (0x00006f17) auipc   t5, 0x6
core   0: 3 0x80009d68 (0x00006f17) x30 0x8000fd68
core   0: 0x80009d6c (0x283f2c23) sw      gp, 664(t5)
core   0: 3 0x80009d6c (0x283f2c23) mem 0x80010000 0x00000001
core   0: 0x80009d70 (0xff9ff06f) j       pc - 0x8
core   0: 3 0x80009d70 (0xff9ff06f)
core   0: 0x80009d68 (0x00006f17) auipc   t5, 0x6
core   0: 3 0x80009d68 (0x00006f17) x30 0x8000fd68
core   0: 0x80009d6c (0x283f2c23) sw      gp, 664(t5)
core   0: 3 0x80009d6c (0x283f2c23) mem 0x80010000 0x00000001
core   0: 0x80009d70 (0xff9ff06f) j       pc - 0x8
core   0: 3 0x80009d70 (0xff9ff06f)
core   0: 0x80009d68 (0x00006f17) auipc   t5, 0x6
core   0: 3 0x80009d68 (0x00006f17) x30 0x8000fd68
core   0: 0x80009d6c (0x283f2c23) sw      gp, 664(t5)
core   0: 3 0x80009d6c (0x283f2c23) mem 0x80010000 0x00000001
core   0: 0x80009d70 (0xff9ff06f) j       pc - 0x8
core   0: 3 0x80009d70 (0xff9ff06f)
core   0: 0x80009d68 (0x00006f17) auipc   t5, 0x6
core   0: 3 0x80009d68 (0x00006f17) x30 0x8000fd68
core   0: 0x80009d6c (0x283f2c23) sw      gp, 664(t5)
core   0: 3 0x80009d6c (0x283f2c23) mem 0x80010000 0x00000001
core   0: 0x80009d70 (0xff9ff06f) j       pc - 0x8
core   0: 3 0x80009d70 (0xff9ff06f)
core   0: 0x80009d68 (0x00006f17) auipc   t5, 0x6
core   0: 3 0x80009d68 (0x00006f17) x30 0x8000fd68
core   0: 0x80009d6c (0x283f2c23) sw      gp, 664(t5)
core   0: 3 0x80009d6c (0x283f2c23) mem 0x80010000 0x00000001
core   0: 0x80009d70 (0xff9ff06f) j       pc - 0x8
core   0: 3 0x80009d70 (0xff9ff06f)
core   0: 0x80009d68 (0x00006f17) auipc   t5, 0x6
core   0: 3 0x80009d68 (0x00006f17) x30 0x8000fd68
core   0: 0x80009d6c (0x283f2c23) sw      gp, 664(t5)
core   0: 3 0x80009d6c (0x283f2c23) mem 0x80010000 0x00000001
core   0: 0x80009d70 (0xff9ff06f) j       pc - 0x8
core   0: 3 0x80009d70 (0xff9ff06f)
core   0: 0x80009d68 (0x00006f17) auipc   t5, 0x6
core   0: 3 0x80009d68 (0x00006f17) x30 0x8000fd68
core   0: 0x80009d6c (0x283f2c23) sw      gp, 664(t5)
core   0: 3 0x80009d6c (0x283f2c23) mem 0x80010000 0x00000001
core   0: 0x80009d70 (0xff9ff06f) j       pc - 0x8
core   0: 3 0x80009d70 (0xff9ff06f)
core   0: 0x80009d68 (0x00006f17) auipc   t5, 0x6
core   0: 3 0x80009d68 (0x00006f17) x30 0x8000fd68
core   0: 0x80009d6c (0x283f2c23) sw      gp, 664(t5)
core   0: 3 0x80009d6c (0x283f2c23) mem 0x80010000 0x00000001
core   0: 0x80009d70 (0xff9ff06f) j       pc - 0x8
core   0: 3 0x80009d70 (0xff9ff06f)
core   0: 0x80009d68 (0x00006f17) auipc   t5, 0x6
core   0: 3 0x80009d68 (0x00006f17) x30 0x8000fd68
core   0: 0x80009d6c (0x283f2c23) sw      gp, 664(t5)
core   0: 3 0x80009d6c (0x283f2c23) mem 0x80010000 0x00000001
core   0: 0x80009d70 (0xff9ff06f) j       pc - 0x8
core   0: 3 0x80009d70 (0xff9ff06f)
core   0: 0x80009d68 (0x00006f17) auipc   t5, 0x6
core   0: 3 0x80009d68 (0x00006f17) x30 0x8000fd68
core   0: 0x80009d6c (0x283f2c23) sw      gp, 664(t5)
core   0: 3 0x80009d6c (0x283f2c23) mem 0x80010000 0x00000001
core   0: 0x80009d70 (0xff9ff06f) j       pc - 0x8
core   0: 3 0x80009d70 (0xff9ff06f)
core   0: 0x80009d68 (0x00006f17) auipc   t5, 0x6
core   0: 3 0x80009d68 (0x00006f17) x30 0x8000fd68
core   0: 0x80009d6c (0x283f2c23) sw      gp, 664(t5)
core   0: 3 0x80009d6c (0x283f2c23) mem 0x80010000 0x00000001
core   0: 0x80009d70 (0xff9ff06f) j       pc - 0x8
core   0: 3 0x80009d70 (0xff9ff06f)
core   0: 0x80009d68 (0x00006f17) auipc   t5, 0x6
core   0: 3 0x80009d68 (0x00006f17) x30 0x8000fd68
core   0: 0x80009d6c (0x283f2c23) sw      gp, 664(t5)
core   0: 3 0x80009d6c (0x283f2c23) mem 0x80010000 0x00000001
core   0: 0x80009d70 (0xff9ff06f) j       pc - 0x8
core   0: 3 0x80009d70 (0xff9ff06f)
core   0: 0x80009d68 (0x00006f17) auipc   t5, 0x6
core   0: 3 0x80009d68 (0x00006f17) x30 0x8000fd68
core   0: 0x80009d6c (0x283f2c23) sw      gp, 664(t5)
core   0: 3 0x80009d6c (0x283f2c23) mem 0x80010000 0x00000001
core   0: 0x80009d70 (0xff9ff06f) j       pc - 0x8
core   0: 3 0x80009d70 (0xff9ff06f)
core   0: 0x80009d68 (0x00006f17) auipc   t5, 0x6
core   0: 3 0x80009d68 (0x00006f17) x30 0x8000fd68
core   0: 0x80009d6c (0x283f2c23) sw      gp, 664(t5)
core   0: 3 0x80009d6c (0x283f2c23) mem 0x80010000 0x00000001
core   0: 0x80009d70 (0xff9ff06f) j       pc - 0x8
core   0: 3 0x80009d70 (0xff9ff06f)
core   0: 0x80009d68 (0x00006f17) auipc   t5, 0x6
core   0: 3 0x80009d68 (0x00006f17) x30 0x8000fd68
core   0: 0x80009d6c (0x283f2c23) sw      gp, 664(t5)
core   0: 3 0x80009d6c (0x283f2c23) mem 0x80010000 0x00000001
core   0: 0x80009d70 (0xff9ff06f) j       pc - 0x8
core   0: 3 0x80009d70 (0xff9ff06f)
core   0: 0x80009d68 (0x00006f17) auipc   t5, 0x6
core   0: 3 0x80009d68 (0x00006f17) x30 0x8000fd68
core   0: 0x80009d6c (0x283f2c23) sw      gp, 664(t5)
core   0: 3 0x80009d6c (0x283f2c23) mem 0x80010000 0x00000001
core   0: 0x80009d70 (0xff9ff06f) j       pc - 0x8
core   0: 3 0x80009d70 (0xff9ff06f)
core   0: 0x80009d68 (0x00006f17) auipc   t5, 0x6
core   0: 3 0x80009d68 (0x00006f17) x30 0x8000fd68
core   0: 0x80009d6c (0x283f2c23) sw      gp, 664(t5)
core   0: 3 0x80009d6c (0x283f2c23) mem 0x80010000 0x00000001
core   0: 0x80009d70 (0xff9ff06f) j       pc - 0x8
core   0: 3 0x80009d70 (0xff9ff06f)
core   0: 0x80009d68 (0x00006f17) auipc   t5, 0x6
core   0: 3 0x80009d68 (0x00006f17) x30 0x8000fd68
core   0: 0x80009d6c (0x283f2c23) sw      gp, 664(t5)
core   0: 3 0x80009d6c (0x283f2c23) mem 0x80010000 0x00000001
core   0: 0x80009d70 (0xff9ff06f) j       pc - 0x8
core   0: 3 0x80009d70 (0xff9ff06f)
core   0: 0x80009d68 (0x00006f17) auipc   t5, 0x6
core   0: 3 0x80009d68 (0x00006f17) x30 0x8000fd68
core   0: 0x80009d6c (0x283f2c23) sw      gp, 664(t5)
core   0: 3 0x80009d6c (0x283f2c23) mem 0x80010000 0x00000001
core   0: 0x80009d70 (0xff9ff06f) j       pc - 0x8
core   0: 3 0x80009d70 (0xff9ff06f)
core   0: 0x80009d68 (0x00006f17) auipc   t5, 0x6
core   0: 3 0x80009d68 (0x00006f17) x30 0x8000fd68
core   0: 0x80009d6c (0x283f2c23) sw      gp, 664(t5)
core   0: 3 0x80009d6c (0x283f2c23) mem 0x80010000 0x00000001
core   0: 0x80009d70 (0xff9ff06f) j       pc - 0x8
core   0: 3 0x80009d70 (0xff9ff06f)
core   0: 0x80009d68 (0x00006f17) auipc   t5, 0x6
core   0: 3 0x80009d68 (0x00006f17) x30 0x8000fd68
core   0: 0x80009d6c (0x283f2c23) sw      gp, 664(t5)
core   0: 3 0x80009d6c (0x283f2c23) mem 0x80010000 0x00000001
core   0: 0x80009d70 (0xff9ff06f) j       pc - 0x8
core   0: 3 0x80009d70 (0xff9ff06f)
core   0: 0x80009d68 (0x00006f17) auipc   t5, 0x6
core   0: 3 0x80009d68 (0x00006f17) x30 0x8000fd68
core   0: 0x80009d6c (0x283f2c23) sw      gp, 664(t5)
core   0: 3 0x80009d6c (0x283f2c23) mem 0x80010000 0x00000001
core   0: 0x80009d70 (0xff9ff06f) j       pc - 0x8
core   0: 3 0x80009d70 (0xff9ff06f)
core   0: 0x80009d68 (0x00006f17) auipc   t5, 0x6
core   0: 3 0x80009d68 (0x00006f17) x30 0x8000fd68
core   0: 0x80009d6c (0x283f2c23) sw      gp, 664(t5)
core   0: 3 0x80009d6c (0x283f2c23) mem 0x80010000 0x00000001
core   0: 0x80009d70 (0xff9ff06f) j       pc - 0x8
core   0: 3 0x80009d70 (0xff9ff06f)
core   0: 0x80009d68 (0x00006f17) auipc   t5, 0x6
core   0: 3 0x80009d68 (0x00006f17) x30 0x8000fd68
core   0: 0x80009d6c (0x283f2c23) sw      gp, 664(t5)
core   0: 3 0x80009d6c (0x283f2c23) mem 0x80010000 0x00000001
core   0: 0x80009d70 (0xff9ff06f) j       pc - 0x8
core   0: 3 0x80009d70 (0xff9ff06f)
core   0: 0x80009d68 (0x00006f17) auipc   t5, 0x6
core   0: 3 0x80009d68 (0x00006f17) x30 0x8000fd68
core   0: 0x80009d6c (0x283f2c23) sw      gp, 664(t5)
core   0: 3 0x80009d6c (0x283f2c23) mem 0x80010000 0x00000001
core   0: 0x80009d70 (0xff9ff06f) j       pc - 0x8
core   0: 3 0x80009d70 (0xff9ff06f)
core   0: 0x80009d68 (0x00006f17) auipc   t5, 0x6
core   0: 3 0x80009d68 (0x00006f17) x30 0x8000fd68
core   0: 0x80009d6c (0x283f2c23) sw      gp, 664(t5)
core   0: 3 0x80009d6c (0x283f2c23) mem 0x80010000 0x00000001
core   0: 0x80009d70 (0xff9ff06f) j       pc - 0x8
core   0: 3 0x80009d70 (0xff9ff06f)
core   0: 0x80009d68 (0x00006f17) auipc   t5, 0x6
core   0: 3 0x80009d68 (0x00006f17) x30 0x8000fd68
core   0: 0x80009d6c (0x283f2c23) sw      gp, 664(t5)
core   0: 3 0x80009d6c (0x283f2c23) mem 0x80010000 0x00000001
core   0: 0x80009d70 (0xff9ff06f) j       pc - 0x8
core   0: 3 0x80009d70 (0xff9ff06f)
core   0: 0x80009d68 (0x00006f17) auipc   t5, 0x6
core   0: 3 0x80009d68 (0x00006f17) x30 0x8000fd68
core   0: 0x80009d6c (0x283f2c23) sw      gp, 664(t5)
core   0: 3 0x80009d6c (0x283f2c23) mem 0x80010000 0x00000001
core   0: 0x80009d70 (0xff9ff06f) j       pc - 0x8
core   0: 3 0x80009d70 (0xff9ff06f)
core   0: 0x80009d68 (0x00006f17) auipc   t5, 0x6
core   0: 3 0x80009d68 (0x00006f17) x30 0x8000fd68
core   0: 0x80009d6c (0x283f2c23) sw      gp, 664(t5)
core   0: 3 0x80009d6c (0x283f2c23) mem 0x80010000 0x00000001
core   0: 0x80009d70 (0xff9ff06f) j       pc - 0x8
core   0: 3 0x80009d70 (0xff9ff06f)
core   0: 0x80009d68 (0x00006f17) auipc   t5, 0x6
core   0: 3 0x80009d68 (0x00006f17) x30 0x8000fd68
core   0: 0x80009d6c (0x283f2c23) sw      gp, 664(t5)
core   0: 3 0x80009d6c (0x283f2c23) mem 0x80010000 0x00000001
core   0: 0x80009d70 (0xff9ff06f) j       pc - 0x8
core   0: 3 0x80009d70 (0xff9ff06f)
core   0: 0x80009d68 (0x00006f17) auipc   t5, 0x6
core   0: 3 0x80009d68 (0x00006f17) x30 0x8000fd68
core   0: 0x80009d6c (0x283f2c23) sw      gp, 664(t5)
core   0: 3 0x80009d6c (0x283f2c23) mem 0x80010000 0x00000001
core   0: 0x80009d70 (0xff9ff06f) j       pc - 0x8
core   0: 3 0x80009d70 (0xff9ff06f)
core   0: 0x80009d68 (0x00006f17) auipc   t5, 0x6
core   0: 3 0x80009d68 (0x00006f17) x30 0x8000fd68
core   0: 0x80009d6c (0x283f2c23) sw      gp, 664(t5)
core   0: 3 0x80009d6c (0x283f2c23) mem 0x80010000 0x00000001
core   0: 0x80009d70 (0xff9ff06f) j       pc - 0x8
core   0: 3 0x80009d70 (0xff9ff06f)
core   0: 0x80009d68 (0x00006f17) auipc   t5, 0x6
core   0: 3 0x80009d68 (0x00006f17) x30 0x8000fd68
core   0: 0x80009d6c (0x283f2c23) sw      gp, 664(t5)
core   0: 3 0x80009d6c (0x283f2c23) mem 0x80010000 0x00000001
core   0: 0x80009d70 (0xff9ff06f) j       pc - 0x8
core   0: 3 0x80009d70 (0xff9ff06f)
core   0: 0x80009d68 (0x00006f17) auipc   t5, 0x6
core   0: 3 0x80009d68 (0x00006f17) x30 0x8000fd68
core   0: 0x80009d6c (0x283f2c23) sw      gp, 664(t5)
core   0: 3 0x80009d6c (0x283f2c23) mem 0x80010000 0x00000001
core   0: 0x80009d70 (0xff9ff06f) j       pc - 0x8
core   0: 3 0x80009d70 (0xff9ff06f)
core   0: 0x80009d68 (0x00006f17) auipc   t5, 0x6
core   0: 3 0x80009d68 (0x00006f17) x30 0x8000fd68
core   0: 0x80009d6c (0x283f2c23) sw      gp, 664(t5)
core   0: 3 0x80009d6c (0x283f2c23) mem 0x80010000 0x00000001
core   0: 0x80009d70 (0xff9ff06f) j       pc - 0x8
core   0: 3 0x80009d70 (0xff9ff06f)
core   0: 0x80009d68 (0x00006f17) auipc   t5, 0x6
core   0: 3 0x80009d68 (0x00006f17) x30 0x8000fd68
core   0: 0x80009d6c (0x283f2c23) sw      gp, 664(t5)
core   0: 3 0x80009d6c (0x283f2c23) mem 0x80010000 0x00000001
core   0: 0x80009d70 (0xff9ff06f) j       pc - 0x8
core   0: 3 0x80009d70 (0xff9ff06f)
core   0: 0x80009d68 (0x00006f17) auipc   t5, 0x6
core   0: 3 0x80009d68 (0x00006f17) x30 0x8000fd68
core   0: 0x80009d6c (0x283f2c23) sw      gp, 664(t5)
core   0: 3 0x80009d6c (0x283f2c23) mem 0x80010000 0x00000001
core   0: 0x80009d70 (0xff9ff06f) j       pc - 0x8
core   0: 3 0x80009d70 (0xff9ff06f)
core   0: 0x80009d68 (0x00006f17) auipc   t5, 0x6
core   0: 3 0x80009d68 (0x00006f17) x30 0x8000fd68
core   0: 0x80009d6c (0x283f2c23) sw      gp, 664(t5)
core   0: 3 0x80009d6c (0x283f2c23) mem 0x80010000 0x00000001
core   0: 0x80009d70 (0xff9ff06f) j       pc - 0x8
core   0: 3 0x80009d70 (0xff9ff06f)
core   0: 0x80009d68 (0x00006f17) auipc   t5, 0x6
core   0: 3 0x80009d68 (0x00006f17) x30 0x8000fd68
core   0: 0x80009d6c (0x283f2c23) sw      gp, 664(t5)
core   0: 3 0x80009d6c (0x283f2c23) mem 0x80010000 0x00000001
core   0: 0x80009d70 (0xff9ff06f) j       pc - 0x8
core   0: 3 0x80009d70 (0xff9ff06f)
core   0: 0x80009d68 (0x00006f17) auipc   t5, 0x6
core   0: 3 0x80009d68 (0x00006f17) x30 0x8000fd68
core   0: 0x80009d6c (0x283f2c23) sw      gp, 664(t5)
core   0: 3 0x80009d6c (0x283f2c23) mem 0x80010000 0x00000001
core   0: 0x80009d70 (0xff9ff06f) j       pc - 0x8
core   0: 3 0x80009d70 (0xff9ff06f)
core   0: 0x80009d68 (0x00006f17) auipc   t5, 0x6
core   0: 3 0x80009d68 (0x00006f17) x30 0x8000fd68
core   0: 0x80009d6c (0x283f2c23) sw      gp, 664(t5)
core   0: 3 0x80009d6c (0x283f2c23) mem 0x80010000 0x00000001
core   0: 0x80009d70 (0xff9ff06f) j       pc - 0x8
core   0: 3 0x80009d70 (0xff9ff06f)
core   0: 0x80009d68 (0x00006f17) auipc   t5, 0x6
core   0: 3 0x80009d68 (0x00006f17) x30 0x8000fd68
core   0: 0x80009d6c (0x283f2c23) sw      gp, 664(t5)
core   0: 3 0x80009d6c (0x283f2c23) mem 0x80010000 0x00000001
core   0: 0x80009d70 (0xff9ff06f) j       pc - 0x8
core   0: 3 0x80009d70 (0xff9ff06f)
core   0: 0x80009d68 (0x00006f17) auipc   t5, 0x6
core   0: 3 0x80009d68 (0x00006f17) x30 0x8000fd68
core   0: 0x80009d6c (0x283f2c23) sw      gp, 664(t5)
core   0: 3 0x80009d6c (0x283f2c23) mem 0x80010000 0x00000001
core   0: 0x80009d70 (0xff9ff06f) j       pc - 0x8
core   0: 3 0x80009d70 (0xff9ff06f)
core   0: 0x80009d68 (0x00006f17) auipc   t5, 0x6
core   0: 3 0x80009d68 (0x00006f17) x30 0x8000fd68
core   0: 0x80009d6c (0x283f2c23) sw      gp, 664(t5)
core   0: 3 0x80009d6c (0x283f2c23) mem 0x80010000 0x00000001
core   0: 0x80009d70 (0xff9ff06f) j       pc - 0x8
core   0: 3 0x80009d70 (0xff9ff06f)
core   0: 0x80009d68 (0x00006f17) auipc   t5, 0x6
core   0: 3 0x80009d68 (0x00006f17) x30 0x8000fd68
core   0: 0x80009d6c (0x283f2c23) sw      gp, 664(t5)
core   0: 3 0x80009d6c (0x283f2c23) mem 0x80010000 0x00000001
core   0: 0x80009d70 (0xff9ff06f) j       pc - 0x8
core   0: 3 0x80009d70 (0xff9ff06f)
core   0: 0x80009d68 (0x00006f17) auipc   t5, 0x6
core   0: 3 0x80009d68 (0x00006f17) x30 0x8000fd68
core   0: 0x80009d6c (0x283f2c23) sw      gp, 664(t5)
core   0: 3 0x80009d6c (0x283f2c23) mem 0x80010000 0x00000001
core   0: 0x80009d70 (0xff9ff06f) j       pc - 0x8
core   0: 3 0x80009d70 (0xff9ff06f)
core   0: 0x80009d68 (0x00006f17) auipc   t5, 0x6
core   0: 3 0x80009d68 (0x00006f17) x30 0x8000fd68
core   0: 0x80009d6c (0x283f2c23) sw      gp, 664(t5)
core   0: 3 0x80009d6c (0x283f2c23) mem 0x80010000 0x00000001
core   0: 0x80009d70 (0xff9ff06f) j       pc - 0x8
core   0: 3 0x80009d70 (0xff9ff06f)
core   0: 0x80009d68 (0x00006f17) auipc   t5, 0x6
core   0: 3 0x80009d68 (0x00006f17) x30 0x8000fd68
core   0: 0x80009d6c (0x283f2c23) sw      gp, 664(t5)
core   0: 3 0x80009d6c (0x283f2c23) mem 0x80010000 0x00000001
core   0: 0x80009d70 (0xff9ff06f) j       pc - 0x8
core   0: 3 0x80009d70 (0xff9ff06f)
core   0: 0x80009d68 (0x00006f17) auipc   t5, 0x6
core   0: 3 0x80009d68 (0x00006f17) x30 0x8000fd68
core   0: 0x80009d6c (0x283f2c23) sw      gp, 664(t5)
core   0: 3 0x80009d6c (0x283f2c23) mem 0x80010000 0x00000001
core   0: 0x80009d70 (0xff9ff06f) j       pc - 0x8
core   0: 3 0x80009d70 (0xff9ff06f)
core   0: 0x80009d68 (0x00006f17) auipc   t5, 0x6
core   0: 3 0x80009d68 (0x00006f17) x30 0x8000fd68
core   0: 0x80009d6c (0x283f2c23) sw      gp, 664(t5)
core   0: 3 0x80009d6c (0x283f2c23) mem 0x80010000 0x00000001
core   0: 0x80009d70 (0xff9ff06f) j       pc - 0x8
core   0: 3 0x80009d70 (0xff9ff06f)
core   0: 0x80009d68 (0x00006f17) auipc   t5, 0x6
core   0: 3 0x80009d68 (0x00006f17) x30 0x8000fd68
core   0: 0x80009d6c (0x283f2c23) sw      gp, 664(t5)
core   0: 3 0x80009d6c (0x283f2c23) mem 0x80010000 0x00000001
core   0: 0x80009d70 (0xff9ff06f) j       pc - 0x8
core   0: 3 0x80009d70 (0xff9ff06f)
core   0: 0x80009d68 (0x00006f17) auipc   t5, 0x6
core   0: 3 0x80009d68 (0x00006f17) x30 0x8000fd68
core   0: 0x80009d6c (0x283f2c23) sw      gp, 664(t5)
core   0: 3 0x80009d6c (0x283f2c23) mem 0x80010000 0x00000001
core   0: 0x80009d70 (0xff9ff06f) j       pc - 0x8
core   0: 3 0x80009d70 (0xff9ff06f)
core   0: 0x80009d68 (0x00006f17) auipc   t5, 0x6
core   0: 3 0x80009d68 (0x00006f17) x30 0x8000fd68
core   0: 0x80009d6c (0x283f2c23) sw      gp, 664(t5)
core   0: 3 0x80009d6c (0x283f2c23) mem 0x80010000 0x00000001
core   0: 0x80009d70 (0xff9ff06f) j       pc - 0x8
core   0: 3 0x80009d70 (0xff9ff06f)
core   0: 0x80009d68 (0x00006f17) auipc   t5, 0x6
core   0: 3 0x80009d68 (0x00006f17) x30 0x8000fd68
core   0: 0x80009d6c (0x283f2c23) sw      gp, 664(t5)
core   0: 3 0x80009d6c (0x283f2c23) mem 0x80010000 0x00000001
core   0: 0x80009d70 (0xff9ff06f) j       pc - 0x8
core   0: 3 0x80009d70 (0xff9ff06f)
core   0: 0x80009d68 (0x00006f17) auipc   t5, 0x6
core   0: 3 0x80009d68 (0x00006f17) x30 0x8000fd68
core   0: 0x80009d6c (0x283f2c23) sw      gp, 664(t5)
core   0: 3 0x80009d6c (0x283f2c23) mem 0x80010000 0x00000001
core   0: 0x80009d70 (0xff9ff06f) j       pc - 0x8
core   0: 3 0x80009d70 (0xff9ff06f)
core   0: 0x80009d68 (0x00006f17) auipc   t5, 0x6
core   0: 3 0x80009d68 (0x00006f17) x30 0x8000fd68
core   0: 0x80009d6c (0x283f2c23) sw      gp, 664(t5)
core   0: 3 0x80009d6c (0x283f2c23) mem 0x80010000 0x00000001
core   0: 0x80009d70 (0xff9ff06f) j       pc - 0x8
core   0: 3 0x80009d70 (0xff9ff06f)
core   0: 0x80009d68 (0x00006f17) auipc   t5, 0x6
core   0: 3 0x80009d68 (0x00006f17) x30 0x8000fd68
core   0: 0x80009d6c (0x283f2c23) sw      gp, 664(t5)
core   0: 3 0x80009d6c (0x283f2c23) mem 0x80010000 0x00000001
core   0: 0x80009d70 (0xff9ff06f) j       pc - 0x8
core   0: 3 0x80009d70 (0xff9ff06f)
core   0: 0x80009d68 (0x00006f17) auipc   t5, 0x6
core   0: 3 0x80009d68 (0x00006f17) x30 0x8000fd68
core   0: 0x80009d6c (0x283f2c23) sw      gp, 664(t5)
core   0: 3 0x80009d6c (0x283f2c23) mem 0x80010000 0x00000001
core   0: 0x80009d70 (0xff9ff06f) j       pc - 0x8
core   0: 3 0x80009d70 (0xff9ff06f)
core   0: 0x80009d68 (0x00006f17) auipc   t5, 0x6
core   0: 3 0x80009d68 (0x00006f17) x30 0x8000fd68
core   0: 0x80009d6c (0x283f2c23) sw      gp, 664(t5)
core   0: 3 0x80009d6c (0x283f2c23) mem 0x80010000 0x00000001
core   0: 0x80009d70 (0xff9ff06f) j       pc - 0x8
core   0: 3 0x80009d70 (0xff9ff06f)
core   0: 0x80009d68 (0x00006f17) auipc   t5, 0x6
core   0: 3 0x80009d68 (0x00006f17) x30 0x8000fd68
core   0: 0x80009d6c (0x283f2c23) sw      gp, 664(t5)
core   0: 3 0x80009d6c (0x283f2c23) mem 0x80010000 0x00000001
core   0: 0x80009d70 (0xff9ff06f) j       pc - 0x8
core   0: 3 0x80009d70 (0xff9ff06f)
core   0: 0x80009d68 (0x00006f17) auipc   t5, 0x6
core   0: 3 0x80009d68 (0x00006f17) x30 0x8000fd68
core   0: 0x80009d6c (0x283f2c23) sw      gp, 664(t5)
core   0: 3 0x80009d6c (0x283f2c23) mem 0x80010000 0x00000001
core   0: 0x80009d70 (0xff9ff06f) j       pc - 0x8
core   0: 3 0x80009d70 (0xff9ff06f)
core   0: 0x80009d68 (0x00006f17) auipc   t5, 0x6
core   0: 3 0x80009d68 (0x00006f17) x30 0x8000fd68
core   0: 0x80009d6c (0x283f2c23) sw      gp, 664(t5)
core   0: 3 0x80009d6c (0x283f2c23) mem 0x80010000 0x00000001
core   0: 0x80009d70 (0xff9ff06f) j       pc - 0x8
core   0: 3 0x80009d70 (0xff9ff06f)
core   0: 0x80009d68 (0x00006f17) auipc   t5, 0x6
core   0: 3 0x80009d68 (0x00006f17) x30 0x8000fd68
core   0: 0x80009d6c (0x283f2c23) sw      gp, 664(t5)
core   0: 3 0x80009d6c (0x283f2c23) mem 0x80010000 0x00000001
core   0: 0x80009d70 (0xff9ff06f) j       pc - 0x8
core   0: 3 0x80009d70 (0xff9ff06f)
core   0: 0x80009d68 (0x00006f17) auipc   t5, 0x6
core   0: 3 0x80009d68 (0x00006f17) x30 0x8000fd68
core   0: 0x80009d6c (0x283f2c23) sw      gp, 664(t5)
core   0: 3 0x80009d6c (0x283f2c23) mem 0x80010000 0x00000001
core   0: 0x80009d70 (0xff9ff06f) j       pc - 0x8
core   0: 3 0x80009d70 (0xff9ff06f)
core   0: 0x80009d68 (0x00006f17) auipc   t5, 0x6
core   0: 3 0x80009d68 (0x00006f17) x30 0x8000fd68
core   0: 0x80009d6c (0x283f2c23) sw      gp, 664(t5)
core   0: 3 0x80009d6c (0x283f2c23) mem 0x80010000 0x00000001
core   0: 0x80009d70 (0xff9ff06f) j       pc - 0x8
core   0: 3 0x80009d70 (0xff9ff06f)
core   0: 0x80009d68 (0x00006f17) auipc   t5, 0x6
core   0: 3 0x80009d68 (0x00006f17) x30 0x8000fd68
core   0: 0x80009d6c (0x283f2c23) sw      gp, 664(t5)
core   0: 3 0x80009d6c (0x283f2c23) mem 0x80010000 0x00000001
core   0: 0x80009d70 (0xff9ff06f) j       pc - 0x8
core   0: 3 0x80009d70 (0xff9ff06f)
core   0: 0x80009d68 (0x00006f17) auipc   t5, 0x6
core   0: 3 0x80009d68 (0x00006f17) x30 0x8000fd68
core   0: 0x80009d6c (0x283f2c23) sw      gp, 664(t5)
core   0: 3 0x80009d6c (0x283f2c23) mem 0x80010000 0x00000001
core   0: 0x80009d70 (0xff9ff06f) j       pc - 0x8
core   0: 3 0x80009d70 (0xff9ff06f)
core   0: 0x80009d68 (0x00006f17) auipc   t5, 0x6
core   0: 3 0x80009d68 (0x00006f17) x30 0x8000fd68
core   0: 0x80009d6c (0x283f2c23) sw      gp, 664(t5)
core   0: 3 0x80009d6c (0x283f2c23) mem 0x80010000 0x00000001
core   0: 0x80009d70 (0xff9ff06f) j       pc - 0x8
core   0: 3 0x80009d70 (0xff9ff06f)
core   0: 0x80009d68 (0x00006f17) auipc   t5, 0x6
core   0: 3 0x80009d68 (0x00006f17) x30 0x8000fd68
core   0: 0x80009d6c (0x283f2c23) sw      gp, 664(t5)
core   0: 3 0x80009d6c (0x283f2c23) mem 0x80010000 0x00000001
core   0: 0x80009d70 (0xff9ff06f) j       pc - 0x8
core   0: 3 0x80009d70 (0xff9ff06f)
core   0: 0x80009d68 (0x00006f17) auipc   t5, 0x6
core   0: 3 0x80009d68 (0x00006f17) x30 0x8000fd68
core   0: 0x80009d6c (0x283f2c23) sw      gp, 664(t5)
core   0: 3 0x80009d6c (0x283f2c23) mem 0x80010000 0x00000001
core   0: 0x80009d70 (0xff9ff06f) j       pc - 0x8
core   0: 3 0x80009d70 (0xff9ff06f)
core   0: 0x80009d68 (0x00006f17) auipc   t5, 0x6
core   0: 3 0x80009d68 (0x00006f17) x30 0x8000fd68
core   0: 0x80009d6c (0x283f2c23) sw      gp, 664(t5)
core   0: 3 0x80009d6c (0x283f2c23) mem 0x80010000 0x00000001
core   0: 0x80009d70 (0xff9ff06f) j       pc - 0x8
core   0: 3 0x80009d70 (0xff9ff06f)
core   0: 0x80009d68 (0x00006f17) auipc   t5, 0x6
core   0: 3 0x80009d68 (0x00006f17) x30 0x8000fd68
core   0: 0x80009d6c (0x283f2c23) sw      gp, 664(t5)
core   0: 3 0x80009d6c (0x283f2c23) mem 0x80010000 0x00000001
core   0: 0x80009d70 (0xff9ff06f) j       pc - 0x8
core   0: 3 0x80009d70 (0xff9ff06f)
core   0: 0x80009d68 (0x00006f17) auipc   t5, 0x6
core   0: 3 0x80009d68 (0x00006f17) x30 0x8000fd68
core   0: 0x80009d6c (0x283f2c23) sw      gp, 664(t5)
core   0: 3 0x80009d6c (0x283f2c23) mem 0x80010000 0x00000001
core   0: 0x80009d70 (0xff9ff06f) j       pc - 0x8
core   0: 3 0x80009d70 (0xff9ff06f)
core   0: 0x80009d68 (0x00006f17) auipc   t5, 0x6
core   0: 3 0x80009d68 (0x00006f17) x30 0x8000fd68
core   0: 0x80009d6c (0x283f2c23) sw      gp, 664(t5)
core   0: 3 0x80009d6c (0x283f2c23) mem 0x80010000 0x00000001
core   0: 0x80009d70 (0xff9ff06f) j       pc - 0x8
core   0: 3 0x80009d70 (0xff9ff06f)
core   0: 0x80009d68 (0x00006f17) auipc   t5, 0x6
core   0: 3 0x80009d68 (0x00006f17) x30 0x8000fd68
core   0: 0x80009d6c (0x283f2c23) sw      gp, 664(t5)
core   0: 3 0x80009d6c (0x283f2c23) mem 0x80010000 0x00000001
core   0: 0x80009d70 (0xff9ff06f) j       pc - 0x8
core   0: 3 0x80009d70 (0xff9ff06f)
core   0: 0x80009d68 (0x00006f17) auipc   t5, 0x6
core   0: 3 0x80009d68 (0x00006f17) x30 0x8000fd68
core   0: 0x80009d6c (0x283f2c23) sw      gp, 664(t5)
core   0: 3 0x80009d6c (0x283f2c23) mem 0x80010000 0x00000001
core   0: 0x80009d70 (0xff9ff06f) j       pc - 0x8
core   0: 3 0x80009d70 (0xff9ff06f)
core   0: 0x80009d68 (0x00006f17) auipc   t5, 0x6
core   0: 3 0x80009d68 (0x00006f17) x30 0x8000fd68
core   0: 0x80009d6c (0x283f2c23) sw      gp, 664(t5)
core   0: 3 0x80009d6c (0x283f2c23) mem 0x80010000 0x00000001
core   0: 0x80009d70 (0xff9ff06f) j       pc - 0x8
core   0: 3 0x80009d70 (0xff9ff06f)
core   0: 0x80009d68 (0x00006f17) auipc   t5, 0x6
core   0: 3 0x80009d68 (0x00006f17) x30 0x8000fd68
core   0: 0x80009d6c (0x283f2c23) sw      gp, 664(t5)
core   0: 3 0x80009d6c (0x283f2c23) mem 0x80010000 0x00000001
core   0: 0x80009d70 (0xff9ff06f) j       pc - 0x8
core   0: 3 0x80009d70 (0xff9ff06f)
core   0: 0x80009d68 (0x00006f17) auipc   t5, 0x6
core   0: 3 0x80009d68 (0x00006f17) x30 0x8000fd68
core   0: 0x80009d6c (0x283f2c23) sw      gp, 664(t5)
core   0: 3 0x80009d6c (0x283f2c23) mem 0x80010000 0x00000001
core   0: 0x80009d70 (0xff9ff06f) j       pc - 0x8
core   0: 3 0x80009d70 (0xff9ff06f)
core   0: 0x80009d68 (0x00006f17) auipc   t5, 0x6
core   0: 3 0x80009d68 (0x00006f17) x30 0x8000fd68
core   0: 0x80009d6c (0x283f2c23) sw      gp, 664(t5)
core   0: 3 0x80009d6c (0x283f2c23) mem 0x80010000 0x00000001
core   0: 0x80009d70 (0xff9ff06f) j       pc - 0x8
core   0: 3 0x80009d70 (0xff9ff06f)
core   0: 0x80009d68 (0x00006f17) auipc   t5, 0x6
core   0: 3 0x80009d68 (0x00006f17) x30 0x8000fd68
core   0: 0x80009d6c (0x283f2c23) sw      gp, 664(t5)
core   0: 3 0x80009d6c (0x283f2c23) mem 0x80010000 0x00000001
core   0: 0x80009d70 (0xff9ff06f) j       pc - 0x8
core   0: 3 0x80009d70 (0xff9ff06f)
core   0: 0x80009d68 (0x00006f17) auipc   t5, 0x6
core   0: 3 0x80009d68 (0x00006f17) x30 0x8000fd68
core   0: 0x80009d6c (0x283f2c23) sw      gp, 664(t5)
core   0: 3 0x80009d6c (0x283f2c23) mem 0x80010000 0x00000001
core   0: 0x80009d70 (0xff9ff06f) j       pc - 0x8
core   0: 3 0x80009d70 (0xff9ff06f)
core   0: 0x80009d68 (0x00006f17) auipc   t5, 0x6
core   0: 3 0x80009d68 (0x00006f17) x30 0x8000fd68
core   0: 0x80009d6c (0x283f2c23) sw      gp, 664(t5)
core   0: 3 0x80009d6c (0x283f2c23) mem 0x80010000 0x00000001
core   0: 0x80009d70 (0xff9ff06f) j       pc - 0x8
core   0: 3 0x80009d70 (0xff9ff06f)
core   0: 0x80009d68 (0x00006f17) auipc   t5, 0x6
core   0: 3 0x80009d68 (0x00006f17) x30 0x8000fd68
core   0: 0x80009d6c (0x283f2c23) sw      gp, 664(t5)
core   0: 3 0x80009d6c (0x283f2c23) mem 0x80010000 0x00000001
core   0: 0x80009d70 (0xff9ff06f) j       pc - 0x8
core   0: 3 0x80009d70 (0xff9ff06f)
core   0: 0x80009d68 (0x00006f17) auipc   t5, 0x6
core   0: 3 0x80009d68 (0x00006f17) x30 0x8000fd68
core   0: 0x80009d6c (0x283f2c23) sw      gp, 664(t5)
core   0: 3 0x80009d6c (0x283f2c23) mem 0x80010000 0x00000001
core   0: 0x80009d70 (0xff9ff06f) j       pc - 0x8
core   0: 3 0x80009d70 (0xff9ff06f)
core   0: 0x80009d68 (0x00006f17) auipc   t5, 0x6
core   0: 3 0x80009d68 (0x00006f17) x30 0x8000fd68
core   0: 0x80009d6c (0x283f2c23) sw      gp, 664(t5)
core   0: 3 0x80009d6c (0x283f2c23) mem 0x80010000 0x00000001
core   0: 0x80009d70 (0xff9ff06f) j       pc - 0x8
core   0: 3 0x80009d70 (0xff9ff06f)
core   0: 0x80009d68 (0x00006f17) auipc   t5, 0x6
core   0: 3 0x80009d68 (0x00006f17) x30 0x8000fd68
core   0: 0x80009d6c (0x283f2c23) sw      gp, 664(t5)
core   0: 3 0x80009d6c (0x283f2c23) mem 0x80010000 0x00000001
core   0: 0x80009d70 (0xff9ff06f) j       pc - 0x8
core   0: 3 0x80009d70 (0xff9ff06f)
core   0: 0x80009d68 (0x00006f17) auipc   t5, 0x6
core   0: 3 0x80009d68 (0x00006f17) x30 0x8000fd68
core   0: 0x80009d6c (0x283f2c23) sw      gp, 664(t5)
core   0: 3 0x80009d6c (0x283f2c23) mem 0x80010000 0x00000001
core   0: 0x80009d70 (0xff9ff06f) j       pc - 0x8
core   0: 3 0x80009d70 (0xff9ff06f)
core   0: 0x80009d68 (0x00006f17) auipc   t5, 0x6
core   0: 3 0x80009d68 (0x00006f17) x30 0x8000fd68
core   0: 0x80009d6c (0x283f2c23) sw      gp, 664(t5)
core   0: 3 0x80009d6c (0x283f2c23) mem 0x80010000 0x00000001
core   0: 0x80009d70 (0xff9ff06f) j       pc - 0x8
core   0: 3 0x80009d70 (0xff9ff06f)
core   0: 0x80009d68 (0x00006f17) auipc   t5, 0x6
core   0: 3 0x80009d68 (0x00006f17) x30 0x8000fd68
core   0: 0x80009d6c (0x283f2c23) sw      gp, 664(t5)
core   0: 3 0x80009d6c (0x283f2c23) mem 0x80010000 0x00000001
core   0: 0x80009d70 (0xff9ff06f) j       pc - 0x8
core   0: 3 0x80009d70 (0xff9ff06f)
core   0: 0x80009d68 (0x00006f17) auipc   t5, 0x6
core   0: 3 0x80009d68 (0x00006f17) x30 0x8000fd68
core   0: 0x80009d6c (0x283f2c23) sw      gp, 664(t5)
core   0: 3 0x80009d6c (0x283f2c23) mem 0x80010000 0x00000001
core   0: 0x80009d70 (0xff9ff06f) j       pc - 0x8
core   0: 3 0x80009d70 (0xff9ff06f)
core   0: 0x80009d68 (0x00006f17) auipc   t5, 0x6
core   0: 3 0x80009d68 (0x00006f17) x30 0x8000fd68
core   0: 0x80009d6c (0x283f2c23) sw      gp, 664(t5)
core   0: 3 0x80009d6c (0x283f2c23) mem 0x80010000 0x00000001
core   0: 0x80009d70 (0xff9ff06f) j       pc - 0x8
core   0: 3 0x80009d70 (0xff9ff06f)
core   0: 0x80009d68 (0x00006f17) auipc   t5, 0x6
core   0: 3 0x80009d68 (0x00006f17) x30 0x8000fd68
core   0: 0x80009d6c (0x283f2c23) sw      gp, 664(t5)
core   0: 3 0x80009d6c (0x283f2c23) mem 0x80010000 0x00000001
core   0: 0x80009d70 (0xff9ff06f) j       pc - 0x8
core   0: 3 0x80009d70 (0xff9ff06f)
core   0: 0x80009d68 (0x00006f17) auipc   t5, 0x6
core   0: 3 0x80009d68 (0x00006f17) x30 0x8000fd68
core   0: 0x80009d6c (0x283f2c23) sw      gp, 664(t5)
core   0: 3 0x80009d6c (0x283f2c23) mem 0x80010000 0x00000001
core   0: 0x80009d70 (0xff9ff06f) j       pc - 0x8
core   0: 3 0x80009d70 (0xff9ff06f)
core   0: 0x80009d68 (0x00006f17) auipc   t5, 0x6
core   0: 3 0x80009d68 (0x00006f17) x30 0x8000fd68
core   0: 0x80009d6c (0x283f2c23) sw      gp, 664(t5)
core   0: 3 0x80009d6c (0x283f2c23) mem 0x80010000 0x00000001
core   0: 0x80009d70 (0xff9ff06f) j       pc - 0x8
core   0: 3 0x80009d70 (0xff9ff06f)
core   0: 0x80009d68 (0x00006f17) auipc   t5, 0x6
core   0: 3 0x80009d68 (0x00006f17) x30 0x8000fd68
core   0: 0x80009d6c (0x283f2c23) sw      gp, 664(t5)
core   0: 3 0x80009d6c (0x283f2c23) mem 0x80010000 0x00000001
core   0: 0x80009d70 (0xff9ff06f) j       pc - 0x8
core   0: 3 0x80009d70 (0xff9ff06f)
core   0: 0x80009d68 (0x00006f17) auipc   t5, 0x6
core   0: 3 0x80009d68 (0x00006f17) x30 0x8000fd68
core   0: 0x80009d6c (0x283f2c23) sw      gp, 664(t5)
core   0: 3 0x80009d6c (0x283f2c23) mem 0x80010000 0x00000001
core   0: 0x80009d70 (0xff9ff06f) j       pc - 0x8
core   0: 3 0x80009d70 (0xff9ff06f)
core   0: 0x80009d68 (0x00006f17) auipc   t5, 0x6
core   0: 3 0x80009d68 (0x00006f17) x30 0x8000fd68
core   0: 0x80009d6c (0x283f2c23) sw      gp, 664(t5)
core   0: 3 0x80009d6c (0x283f2c23) mem 0x80010000 0x00000001
core   0: 0x80009d70 (0xff9ff06f) j       pc - 0x8
core   0: 3 0x80009d70 (0xff9ff06f)
core   0: 0x80009d68 (0x00006f17) auipc   t5, 0x6
core   0: 3 0x80009d68 (0x00006f17) x30 0x8000fd68
core   0: 0x80009d6c (0x283f2c23) sw      gp, 664(t5)
core   0: 3 0x80009d6c (0x283f2c23) mem 0x80010000 0x00000001
core   0: 0x80009d70 (0xff9ff06f) j       pc - 0x8
core   0: 3 0x80009d70 (0xff9ff06f)
core   0: 0x80009d68 (0x00006f17) auipc   t5, 0x6
core   0: 3 0x80009d68 (0x00006f17) x30 0x8000fd68
core   0: 0x80009d6c (0x283f2c23) sw      gp, 664(t5)
core   0: 3 0x80009d6c (0x283f2c23) mem 0x80010000 0x00000001
core   0: 0x80009d70 (0xff9ff06f) j       pc - 0x8
core   0: 3 0x80009d70 (0xff9ff06f)
core   0: 0x80009d68 (0x00006f17) auipc   t5, 0x6
core   0: 3 0x80009d68 (0x00006f17) x30 0x8000fd68
core   0: 0x80009d6c (0x283f2c23) sw      gp, 664(t5)
core   0: 3 0x80009d6c (0x283f2c23) mem 0x80010000 0x00000001
core   0: 0x80009d70 (0xff9ff06f) j       pc - 0x8
core   0: 3 0x80009d70 (0xff9ff06f)
core   0: 0x80009d68 (0x00006f17) auipc   t5, 0x6
core   0: 3 0x80009d68 (0x00006f17) x30 0x8000fd68
core   0: 0x80009d6c (0x283f2c23) sw      gp, 664(t5)
core   0: 3 0x80009d6c (0x283f2c23) mem 0x80010000 0x00000001
core   0: 0x80009d70 (0xff9ff06f) j       pc - 0x8
core   0: 3 0x80009d70 (0xff9ff06f)
core   0: 0x80009d68 (0x00006f17) auipc   t5, 0x6
core   0: 3 0x80009d68 (0x00006f17) x30 0x8000fd68
core   0: 0x80009d6c (0x283f2c23) sw      gp, 664(t5)
core   0: 3 0x80009d6c (0x283f2c23) mem 0x80010000 0x00000001
core   0: 0x80009d70 (0xff9ff06f) j       pc - 0x8
core   0: 3 0x80009d70 (0xff9ff06f)
core   0: 0x80009d68 (0x00006f17) auipc   t5, 0x6
core   0: 3 0x80009d68 (0x00006f17) x30 0x8000fd68
core   0: 0x80009d6c (0x283f2c23) sw      gp, 664(t5)
core   0: 3 0x80009d6c (0x283f2c23) mem 0x80010000 0x00000001
core   0: 0x80009d70 (0xff9ff06f) j       pc - 0x8
core   0: 3 0x80009d70 (0xff9ff06f)
core   0: 0x80009d68 (0x00006f17) auipc   t5, 0x6
core   0: 3 0x80009d68 (0x00006f17) x30 0x8000fd68
core   0: 0x80009d6c (0x283f2c23) sw      gp, 664(t5)
core   0: 3 0x80009d6c (0x283f2c23) mem 0x80010000 0x00000001
core   0: 0x80009d70 (0xff9ff06f) j       pc - 0x8
core   0: 3 0x80009d70 (0xff9ff06f)
core   0: 0x80009d68 (0x00006f17) auipc   t5, 0x6
core   0: 3 0x80009d68 (0x00006f17) x30 0x8000fd68
core   0: 0x80009d6c (0x283f2c23) sw      gp, 664(t5)
core   0: 3 0x80009d6c (0x283f2c23) mem 0x80010000 0x00000001
core   0: 0x80009d70 (0xff9ff06f) j       pc - 0x8
core   0: 3 0x80009d70 (0xff9ff06f)
core   0: 0x80009d68 (0x00006f17) auipc   t5, 0x6
core   0: 3 0x80009d68 (0x00006f17) x30 0x8000fd68
core   0: 0x80009d6c (0x283f2c23) sw      gp, 664(t5)
core   0: 3 0x80009d6c (0x283f2c23) mem 0x80010000 0x00000001
core   0: 0x80009d70 (0xff9ff06f) j       pc - 0x8
core   0: 3 0x80009d70 (0xff9ff06f)
core   0: 0x80009d68 (0x00006f17) auipc   t5, 0x6
core   0: 3 0x80009d68 (0x00006f17) x30 0x8000fd68
core   0: 0x80009d6c (0x283f2c23) sw      gp, 664(t5)
core   0: 3 0x80009d6c (0x283f2c23) mem 0x80010000 0x00000001
core   0: 0x80009d70 (0xff9ff06f) j       pc - 0x8
core   0: 3 0x80009d70 (0xff9ff06f)
core   0: 0x80009d68 (0x00006f17) auipc   t5, 0x6
core   0: 3 0x80009d68 (0x00006f17) x30 0x8000fd68
core   0: 0x80009d6c (0x283f2c23) sw      gp, 664(t5)
core   0: 3 0x80009d6c (0x283f2c23) mem 0x80010000 0x00000001
core   0: 0x80009d70 (0xff9ff06f) j       pc - 0x8
core   0: 3 0x80009d70 (0xff9ff06f)
core   0: 0x80009d68 (0x00006f17) auipc   t5, 0x6
core   0: 3 0x80009d68 (0x00006f17) x30 0x8000fd68
core   0: 0x80009d6c (0x283f2c23) sw      gp, 664(t5)
core   0: 3 0x80009d6c (0x283f2c23) mem 0x80010000 0x00000001
core   0: 0x80009d70 (0xff9ff06f) j       pc - 0x8
core   0: 3 0x80009d70 (0xff9ff06f)
core   0: 0x80009d68 (0x00006f17) auipc   t5, 0x6
core   0: 3 0x80009d68 (0x00006f17) x30 0x8000fd68
core   0: 0x80009d6c (0x283f2c23) sw      gp, 664(t5)
core   0: 3 0x80009d6c (0x283f2c23) mem 0x80010000 0x00000001
core   0: 0x80009d70 (0xff9ff06f) j       pc - 0x8
core   0: 3 0x80009d70 (0xff9ff06f)
core   0: 0x80009d68 (0x00006f17) auipc   t5, 0x6
core   0: 3 0x80009d68 (0x00006f17) x30 0x8000fd68
core   0: 0x80009d6c (0x283f2c23) sw      gp, 664(t5)
core   0: 3 0x80009d6c (0x283f2c23) mem 0x80010000 0x00000001
core   0: 0x80009d70 (0xff9ff06f) j       pc - 0x8
core   0: 3 0x80009d70 (0xff9ff06f)
core   0: 0x80009d68 (0x00006f17) auipc   t5, 0x6
core   0: 3 0x80009d68 (0x00006f17) x30 0x8000fd68
core   0: 0x80009d6c (0x283f2c23) sw      gp, 664(t5)
core   0: 3 0x80009d6c (0x283f2c23) mem 0x80010000 0x00000001
core   0: 0x80009d70 (0xff9ff06f) j       pc - 0x8
core   0: 3 0x80009d70 (0xff9ff06f)
core   0: 0x80009d68 (0x00006f17) auipc   t5, 0x6
core   0: 3 0x80009d68 (0x00006f17) x30 0x8000fd68
core   0: 0x80009d6c (0x283f2c23) sw      gp, 664(t5)
core   0: 3 0x80009d6c (0x283f2c23) mem 0x80010000 0x00000001
core   0: 0x80009d70 (0xff9ff06f) j       pc - 0x8
core   0: 3 0x80009d70 (0xff9ff06f)
core   0: 0x80009d68 (0x00006f17) auipc   t5, 0x6
core   0: 3 0x80009d68 (0x00006f17) x30 0x8000fd68
core   0: 0x80009d6c (0x283f2c23) sw      gp, 664(t5)
core   0: 3 0x80009d6c (0x283f2c23) mem 0x80010000 0x00000001
core   0: 0x80009d70 (0xff9ff06f) j       pc - 0x8
core   0: 3 0x80009d70 (0xff9ff06f)
core   0: 0x80009d68 (0x00006f17) auipc   t5, 0x6
core   0: 3 0x80009d68 (0x00006f17) x30 0x8000fd68
core   0: 0x80009d6c (0x283f2c23) sw      gp, 664(t5)
core   0: 3 0x80009d6c (0x283f2c23) mem 0x80010000 0x00000001
core   0: 0x80009d70 (0xff9ff06f) j       pc - 0x8
core   0: 3 0x80009d70 (0xff9ff06f)
core   0: 0x80009d68 (0x00006f17) auipc   t5, 0x6
core   0: 3 0x80009d68 (0x00006f17) x30 0x8000fd68
core   0: 0x80009d6c (0x283f2c23) sw      gp, 664(t5)
core   0: 3 0x80009d6c (0x283f2c23) mem 0x80010000 0x00000001
core   0: 0x80009d70 (0xff9ff06f) j       pc - 0x8
core   0: 3 0x80009d70 (0xff9ff06f)
core   0: 0x80009d68 (0x00006f17) auipc   t5, 0x6
core   0: 3 0x80009d68 (0x00006f17) x30 0x8000fd68
core   0: 0x80009d6c (0x283f2c23) sw      gp, 664(t5)
core   0: 3 0x80009d6c (0x283f2c23) mem 0x80010000 0x00000001
core   0: 0x80009d70 (0xff9ff06f) j       pc - 0x8
core   0: 3 0x80009d70 (0xff9ff06f)
core   0: 0x80009d68 (0x00006f17) auipc   t5, 0x6
core   0: 3 0x80009d68 (0x00006f17) x30 0x8000fd68
core   0: 0x80009d6c (0x283f2c23) sw      gp, 664(t5)
core   0: 3 0x80009d6c (0x283f2c23) mem 0x80010000 0x00000001
core   0: 0x80009d70 (0xff9ff06f) j       pc - 0x8
core   0: 3 0x80009d70 (0xff9ff06f)
core   0: 0x80009d68 (0x00006f17) auipc   t5, 0x6
core   0: 3 0x80009d68 (0x00006f17) x30 0x8000fd68
core   0: 0x80009d6c (0x283f2c23) sw      gp, 664(t5)
core   0: 3 0x80009d6c (0x283f2c23) mem 0x80010000 0x00000001
core   0: 0x80009d70 (0xff9ff06f) j       pc - 0x8
core   0: 3 0x80009d70 (0xff9ff06f)
core   0: 0x80009d68 (0x00006f17) auipc   t5, 0x6
core   0: 3 0x80009d68 (0x00006f17) x30 0x8000fd68
core   0: 0x80009d6c (0x283f2c23) sw      gp, 664(t5)
core   0: 3 0x80009d6c (0x283f2c23) mem 0x80010000 0x00000001
core   0: 0x80009d70 (0xff9ff06f) j       pc - 0x8
core   0: 3 0x80009d70 (0xff9ff06f)
core   0: 0x80009d68 (0x00006f17) auipc   t5, 0x6
core   0: 3 0x80009d68 (0x00006f17) x30 0x8000fd68
core   0: 0x80009d6c (0x283f2c23) sw      gp, 664(t5)
core   0: 3 0x80009d6c (0x283f2c23) mem 0x80010000 0x00000001
core   0: 0x80009d70 (0xff9ff06f) j       pc - 0x8
core   0: 3 0x80009d70 (0xff9ff06f)
core   0: 0x80009d68 (0x00006f17) auipc   t5, 0x6
core   0: 3 0x80009d68 (0x00006f17) x30 0x8000fd68
core   0: 0x80009d6c (0x283f2c23) sw      gp, 664(t5)
core   0: 3 0x80009d6c (0x283f2c23) mem 0x80010000 0x00000001
core   0: 0x80009d70 (0xff9ff06f) j       pc - 0x8
core   0: 3 0x80009d70 (0xff9ff06f)
core   0: 0x80009d68 (0x00006f17) auipc   t5, 0x6
core   0: 3 0x80009d68 (0x00006f17) x30 0x8000fd68
core   0: 0x80009d6c (0x283f2c23) sw      gp, 664(t5)
core   0: 3 0x80009d6c (0x283f2c23) mem 0x80010000 0x00000001
core   0: 0x80009d70 (0xff9ff06f) j       pc - 0x8
core   0: 3 0x80009d70 (0xff9ff06f)
core   0: 0x80009d68 (0x00006f17) auipc   t5, 0x6
core   0: 3 0x80009d68 (0x00006f17) x30 0x8000fd68
core   0: 0x80009d6c (0x283f2c23) sw      gp, 664(t5)
core   0: 3 0x80009d6c (0x283f2c23) mem 0x80010000 0x00000001
core   0: 0x80009d70 (0xff9ff06f) j       pc - 0x8
core   0: 3 0x80009d70 (0xff9ff06f)
core   0: 0x80009d68 (0x00006f17) auipc   t5, 0x6
core   0: 3 0x80009d68 (0x00006f17) x30 0x8000fd68
core   0: 0x80009d6c (0x283f2c23) sw      gp, 664(t5)
core   0: 3 0x80009d6c (0x283f2c23) mem 0x80010000 0x00000001
core   0: 0x80009d70 (0xff9ff06f) j       pc - 0x8
core   0: 3 0x80009d70 (0xff9ff06f)
core   0: 0x80009d68 (0x00006f17) auipc   t5, 0x6
core   0: 3 0x80009d68 (0x00006f17) x30 0x8000fd68
core   0: 0x80009d6c (0x283f2c23) sw      gp, 664(t5)
core   0: 3 0x80009d6c (0x283f2c23) mem 0x80010000 0x00000001
core   0: 0x80009d70 (0xff9ff06f) j       pc - 0x8
core   0: 3 0x80009d70 (0xff9ff06f)
core   0: 0x80009d68 (0x00006f17) auipc   t5, 0x6
core   0: 3 0x80009d68 (0x00006f17) x30 0x8000fd68
core   0: 0x80009d6c (0x283f2c23) sw      gp, 664(t5)
core   0: 3 0x80009d6c (0x283f2c23) mem 0x80010000 0x00000001
core   0: 0x80009d70 (0xff9ff06f) j       pc - 0x8
core   0: 3 0x80009d70 (0xff9ff06f)
core   0: 0x80009d68 (0x00006f17) auipc   t5, 0x6
core   0: 3 0x80009d68 (0x00006f17) x30 0x8000fd68
core   0: 0x80009d6c (0x283f2c23) sw      gp, 664(t5)
core   0: 3 0x80009d6c (0x283f2c23) mem 0x80010000 0x00000001
core   0: 0x80009d70 (0xff9ff06f) j       pc - 0x8
core   0: 3 0x80009d70 (0xff9ff06f)
core   0: 0x80009d68 (0x00006f17) auipc   t5, 0x6
core   0: 3 0x80009d68 (0x00006f17) x30 0x8000fd68
core   0: 0x80009d6c (0x283f2c23) sw      gp, 664(t5)
core   0: 3 0x80009d6c (0x283f2c23) mem 0x80010000 0x00000001
core   0: 0x80009d70 (0xff9ff06f) j       pc - 0x8
core   0: 3 0x80009d70 (0xff9ff06f)
core   0: 0x80009d68 (0x00006f17) auipc   t5, 0x6
core   0: 3 0x80009d68 (0x00006f17) x30 0x8000fd68
core   0: 0x80009d6c (0x283f2c23) sw      gp, 664(t5)
core   0: 3 0x80009d6c (0x283f2c23) mem 0x80010000 0x00000001
core   0: 0x80009d70 (0xff9ff06f) j       pc - 0x8
core   0: 3 0x80009d70 (0xff9ff06f)
core   0: 0x80009d68 (0x00006f17) auipc   t5, 0x6
core   0: 3 0x80009d68 (0x00006f17) x30 0x8000fd68
core   0: 0x80009d6c (0x283f2c23) sw      gp, 664(t5)
core   0: 3 0x80009d6c (0x283f2c23) mem 0x80010000 0x00000001
core   0: 0x80009d70 (0xff9ff06f) j       pc - 0x8
core   0: 3 0x80009d70 (0xff9ff06f)
core   0: 0x80009d68 (0x00006f17) auipc   t5, 0x6
core   0: 3 0x80009d68 (0x00006f17) x30 0x8000fd68
core   0: 0x80009d6c (0x283f2c23) sw      gp, 664(t5)
core   0: 3 0x80009d6c (0x283f2c23) mem 0x80010000 0x00000001
core   0: 0x80009d70 (0xff9ff06f) j       pc - 0x8
core   0: 3 0x80009d70 (0xff9ff06f)
core   0: 0x80009d68 (0x00006f17) auipc   t5, 0x6
core   0: 3 0x80009d68 (0x00006f17) x30 0x8000fd68
core   0: 0x80009d6c (0x283f2c23) sw      gp, 664(t5)
core   0: 3 0x80009d6c (0x283f2c23) mem 0x80010000 0x00000001
core   0: 0x80009d70 (0xff9ff06f) j       pc - 0x8
core   0: 3 0x80009d70 (0xff9ff06f)
core   0: 0x80009d68 (0x00006f17) auipc   t5, 0x6
core   0: 3 0x80009d68 (0x00006f17) x30 0x8000fd68
core   0: 0x80009d6c (0x283f2c23) sw      gp, 664(t5)
core   0: 3 0x80009d6c (0x283f2c23) mem 0x80010000 0x00000001
core   0: 0x80009d70 (0xff9ff06f) j       pc - 0x8
core   0: 3 0x80009d70 (0xff9ff06f)
core   0: 0x80009d68 (0x00006f17) auipc   t5, 0x6
core   0: 3 0x80009d68 (0x00006f17) x30 0x8000fd68
core   0: 0x80009d6c (0x283f2c23) sw      gp, 664(t5)
core   0: 3 0x80009d6c (0x283f2c23) mem 0x80010000 0x00000001
core   0: 0x80009d70 (0xff9ff06f) j       pc - 0x8
core   0: 3 0x80009d70 (0xff9ff06f)
core   0: 0x80009d68 (0x00006f17) auipc   t5, 0x6
core   0: 3 0x80009d68 (0x00006f17) x30 0x8000fd68
core   0: 0x80009d6c (0x283f2c23) sw      gp, 664(t5)
core   0: 3 0x80009d6c (0x283f2c23) mem 0x80010000 0x00000001
core   0: 0x80009d70 (0xff9ff06f) j       pc - 0x8
core   0: 3 0x80009d70 (0xff9ff06f)
core   0: 0x80009d68 (0x00006f17) auipc   t5, 0x6
core   0: 3 0x80009d68 (0x00006f17) x30 0x8000fd68
core   0: 0x80009d6c (0x283f2c23) sw      gp, 664(t5)
core   0: 3 0x80009d6c (0x283f2c23) mem 0x80010000 0x00000001
core   0: 0x80009d70 (0xff9ff06f) j       pc - 0x8
core   0: 3 0x80009d70 (0xff9ff06f)
core   0: 0x80009d68 (0x00006f17) auipc   t5, 0x6
core   0: 3 0x80009d68 (0x00006f17) x30 0x8000fd68
core   0: 0x80009d6c (0x283f2c23) sw      gp, 664(t5)
core   0: 3 0x80009d6c (0x283f2c23) mem 0x80010000 0x00000001
core   0: 0x80009d70 (0xff9ff06f) j       pc - 0x8
core   0: 3 0x80009d70 (0xff9ff06f)
core   0: 0x80009d68 (0x00006f17) auipc   t5, 0x6
core   0: 3 0x80009d68 (0x00006f17) x30 0x8000fd68
core   0: 0x80009d6c (0x283f2c23) sw      gp, 664(t5)
core   0: 3 0x80009d6c (0x283f2c23) mem 0x80010000 0x00000001
core   0: 0x80009d70 (0xff9ff06f) j       pc - 0x8
core   0: 3 0x80009d70 (0xff9ff06f)
core   0: 0x80009d68 (0x00006f17) auipc   t5, 0x6
core   0: 3 0x80009d68 (0x00006f17) x30 0x8000fd68
core   0: 0x80009d6c (0x283f2c23) sw      gp, 664(t5)
core   0: 3 0x80009d6c (0x283f2c23) mem 0x80010000 0x00000001
core   0: 0x80009d70 (0xff9ff06f) j       pc - 0x8
core   0: 3 0x80009d70 (0xff9ff06f)
core   0: 0x80009d68 (0x00006f17) auipc   t5, 0x6
core   0: 3 0x80009d68 (0x00006f17) x30 0x8000fd68
core   0: 0x80009d6c (0x283f2c23) sw      gp, 664(t5)
core   0: 3 0x80009d6c (0x283f2c23) mem 0x80010000 0x00000001
core   0: 0x80009d70 (0xff9ff06f) j       pc - 0x8
core   0: 3 0x80009d70 (0xff9ff06f)
core   0: 0x80009d68 (0x00006f17) auipc   t5, 0x6
core   0: 3 0x80009d68 (0x00006f17) x30 0x8000fd68
core   0: 0x80009d6c (0x283f2c23) sw      gp, 664(t5)
core   0: 3 0x80009d6c (0x283f2c23) mem 0x80010000 0x00000001
core   0: 0x80009d70 (0xff9ff06f) j       pc - 0x8
core   0: 3 0x80009d70 (0xff9ff06f)
core   0: 0x80009d68 (0x00006f17) auipc   t5, 0x6
core   0: 3 0x80009d68 (0x00006f17) x30 0x8000fd68
core   0: 0x80009d6c (0x283f2c23) sw      gp, 664(t5)
core   0: 3 0x80009d6c (0x283f2c23) mem 0x80010000 0x00000001
core   0: 0x80009d70 (0xff9ff06f) j       pc - 0x8
core   0: 3 0x80009d70 (0xff9ff06f)
core   0: 0x80009d68 (0x00006f17) auipc   t5, 0x6
core   0: 3 0x80009d68 (0x00006f17) x30 0x8000fd68
core   0: 0x80009d6c (0x283f2c23) sw      gp, 664(t5)
core   0: 3 0x80009d6c (0x283f2c23) mem 0x80010000 0x00000001
core   0: 0x80009d70 (0xff9ff06f) j       pc - 0x8
core   0: 3 0x80009d70 (0xff9ff06f)
core   0: 0x80009d68 (0x00006f17) auipc   t5, 0x6
core   0: 3 0x80009d68 (0x00006f17) x30 0x8000fd68
core   0: 0x80009d6c (0x283f2c23) sw      gp, 664(t5)
core   0: 3 0x80009d6c (0x283f2c23) mem 0x80010000 0x00000001
core   0: 0x80009d70 (0xff9ff06f) j       pc - 0x8
core   0: 3 0x80009d70 (0xff9ff06f)
core   0: 0x80009d68 (0x00006f17) auipc   t5, 0x6
core   0: 3 0x80009d68 (0x00006f17) x30 0x8000fd68
core   0: 0x80009d6c (0x283f2c23) sw      gp, 664(t5)
core   0: 3 0x80009d6c (0x283f2c23) mem 0x80010000 0x00000001
core   0: 0x80009d70 (0xff9ff06f) j       pc - 0x8
core   0: 3 0x80009d70 (0xff9ff06f)
core   0: 0x80009d68 (0x00006f17) auipc   t5, 0x6
core   0: 3 0x80009d68 (0x00006f17) x30 0x8000fd68
core   0: 0x80009d6c (0x283f2c23) sw      gp, 664(t5)
core   0: 3 0x80009d6c (0x283f2c23) mem 0x80010000 0x00000001
core   0: 0x80009d70 (0xff9ff06f) j       pc - 0x8
core   0: 3 0x80009d70 (0xff9ff06f)
core   0: 0x80009d68 (0x00006f17) auipc   t5, 0x6
core   0: 3 0x80009d68 (0x00006f17) x30 0x8000fd68
core   0: 0x80009d6c (0x283f2c23) sw      gp, 664(t5)
core   0: 3 0x80009d6c (0x283f2c23) mem 0x80010000 0x00000001
core   0: 0x80009d70 (0xff9ff06f) j       pc - 0x8
core   0: 3 0x80009d70 (0xff9ff06f)
core   0: 0x80009d68 (0x00006f17) auipc   t5, 0x6
core   0: 3 0x80009d68 (0x00006f17) x30 0x8000fd68
core   0: 0x80009d6c (0x283f2c23) sw      gp, 664(t5)
core   0: 3 0x80009d6c (0x283f2c23) mem 0x80010000 0x00000001
core   0: 0x80009d70 (0xff9ff06f) j       pc - 0x8
core   0: 3 0x80009d70 (0xff9ff06f)
core   0: 0x80009d68 (0x00006f17) auipc   t5, 0x6
core   0: 3 0x80009d68 (0x00006f17) x30 0x8000fd68
core   0: 0x80009d6c (0x283f2c23) sw      gp, 664(t5)
core   0: 3 0x80009d6c (0x283f2c23) mem 0x80010000 0x00000001
core   0: 0x80009d70 (0xff9ff06f) j       pc - 0x8
core   0: 3 0x80009d70 (0xff9ff06f)
core   0: 0x80009d68 (0x00006f17) auipc   t5, 0x6
core   0: 3 0x80009d68 (0x00006f17) x30 0x8000fd68
core   0: 0x80009d6c (0x283f2c23) sw      gp, 664(t5)
core   0: 3 0x80009d6c (0x283f2c23) mem 0x80010000 0x00000001
core   0: 0x80009d70 (0xff9ff06f) j       pc - 0x8
core   0: 3 0x80009d70 (0xff9ff06f)
core   0: 0x80009d68 (0x00006f17) auipc   t5, 0x6
core   0: 3 0x80009d68 (0x00006f17) x30 0x8000fd68
core   0: 0x80009d6c (0x283f2c23) sw      gp, 664(t5)
core   0: 3 0x80009d6c (0x283f2c23) mem 0x80010000 0x00000001
core   0: 0x80009d70 (0xff9ff06f) j       pc - 0x8
core   0: 3 0x80009d70 (0xff9ff06f)
core   0: 0x80009d68 (0x00006f17) auipc   t5, 0x6
core   0: 3 0x80009d68 (0x00006f17) x30 0x8000fd68
core   0: 0x80009d6c (0x283f2c23) sw      gp, 664(t5)
core   0: 3 0x80009d6c (0x283f2c23) mem 0x80010000 0x00000001
core   0: 0x80009d70 (0xff9ff06f) j       pc - 0x8
core   0: 3 0x80009d70 (0xff9ff06f)
core   0: 0x80009d68 (0x00006f17) auipc   t5, 0x6
core   0: 3 0x80009d68 (0x00006f17) x30 0x8000fd68
core   0: 0x80009d6c (0x283f2c23) sw      gp, 664(t5)
core   0: 3 0x80009d6c (0x283f2c23) mem 0x80010000 0x00000001
core   0: 0x80009d70 (0xff9ff06f) j       pc - 0x8
core   0: 3 0x80009d70 (0xff9ff06f)
core   0: 0x80009d68 (0x00006f17) auipc   t5, 0x6
core   0: 3 0x80009d68 (0x00006f17) x30 0x8000fd68
core   0: 0x80009d6c (0x283f2c23) sw      gp, 664(t5)
core   0: 3 0x80009d6c (0x283f2c23) mem 0x80010000 0x00000001
core   0: 0x80009d70 (0xff9ff06f) j       pc - 0x8
core   0: 3 0x80009d70 (0xff9ff06f)
core   0: 0x80009d68 (0x00006f17) auipc   t5, 0x6
core   0: 3 0x80009d68 (0x00006f17) x30 0x8000fd68
core   0: 0x80009d6c (0x283f2c23) sw      gp, 664(t5)
core   0: 3 0x80009d6c (0x283f2c23) mem 0x80010000 0x00000001
core   0: 0x80009d70 (0xff9ff06f) j       pc - 0x8
core   0: 3 0x80009d70 (0xff9ff06f)
core   0: 0x80009d68 (0x00006f17) auipc   t5, 0x6
core   0: 3 0x80009d68 (0x00006f17) x30 0x8000fd68
core   0: 0x80009d6c (0x283f2c23) sw      gp, 664(t5)
core   0: 3 0x80009d6c (0x283f2c23) mem 0x80010000 0x00000001
core   0: 0x80009d70 (0xff9ff06f) j       pc - 0x8
core   0: 3 0x80009d70 (0xff9ff06f)
core   0: 0x80009d68 (0x00006f17) auipc   t5, 0x6
core   0: 3 0x80009d68 (0x00006f17) x30 0x8000fd68
core   0: 0x80009d6c (0x283f2c23) sw      gp, 664(t5)
core   0: 3 0x80009d6c (0x283f2c23) mem 0x80010000 0x00000001
core   0: 0x80009d70 (0xff9ff06f) j       pc - 0x8
core   0: 3 0x80009d70 (0xff9ff06f)
core   0: 0x80009d68 (0x00006f17) auipc   t5, 0x6
core   0: 3 0x80009d68 (0x00006f17) x30 0x8000fd68
core   0: 0x80009d6c (0x283f2c23) sw      gp, 664(t5)
core   0: 3 0x80009d6c (0x283f2c23) mem 0x80010000 0x00000001
core   0: 0x80009d70 (0xff9ff06f) j       pc - 0x8
core   0: 3 0x80009d70 (0xff9ff06f)
core   0: 0x80009d68 (0x00006f17) auipc   t5, 0x6
core   0: 3 0x80009d68 (0x00006f17) x30 0x8000fd68
core   0: 0x80009d6c (0x283f2c23) sw      gp, 664(t5)
core   0: 3 0x80009d6c (0x283f2c23) mem 0x80010000 0x00000001
core   0: 0x80009d70 (0xff9ff06f) j       pc - 0x8
core   0: 3 0x80009d70 (0xff9ff06f)
core   0: 0x80009d68 (0x00006f17) auipc   t5, 0x6
core   0: 3 0x80009d68 (0x00006f17) x30 0x8000fd68
core   0: 0x80009d6c (0x283f2c23) sw      gp, 664(t5)
core   0: 3 0x80009d6c (0x283f2c23) mem 0x80010000 0x00000001
core   0: 0x80009d70 (0xff9ff06f) j       pc - 0x8
core   0: 3 0x80009d70 (0xff9ff06f)
core   0: 0x80009d68 (0x00006f17) auipc   t5, 0x6
core   0: 3 0x80009d68 (0x00006f17) x30 0x8000fd68
core   0: 0x80009d6c (0x283f2c23) sw      gp, 664(t5)
core   0: 3 0x80009d6c (0x283f2c23) mem 0x80010000 0x00000001
core   0: 0x80009d70 (0xff9ff06f) j       pc - 0x8
core   0: 3 0x80009d70 (0xff9ff06f)
core   0: 0x80009d68 (0x00006f17) auipc   t5, 0x6
core   0: 3 0x80009d68 (0x00006f17) x30 0x8000fd68
core   0: 0x80009d6c (0x283f2c23) sw      gp, 664(t5)
core   0: 3 0x80009d6c (0x283f2c23) mem 0x80010000 0x00000001
core   0: 0x80009d70 (0xff9ff06f) j       pc - 0x8
core   0: 3 0x80009d70 (0xff9ff06f)
core   0: 0x80009d68 (0x00006f17) auipc   t5, 0x6
core   0: 3 0x80009d68 (0x00006f17) x30 0x8000fd68
core   0: 0x80009d6c (0x283f2c23) sw      gp, 664(t5)
core   0: 3 0x80009d6c (0x283f2c23) mem 0x80010000 0x00000001
core   0: 0x80009d70 (0xff9ff06f) j       pc - 0x8
core   0: 3 0x80009d70 (0xff9ff06f)
core   0: 0x80009d68 (0x00006f17) auipc   t5, 0x6
core   0: 3 0x80009d68 (0x00006f17) x30 0x8000fd68
core   0: 0x80009d6c (0x283f2c23) sw      gp, 664(t5)
core   0: 3 0x80009d6c (0x283f2c23) mem 0x80010000 0x00000001
core   0: 0x80009d70 (0xff9ff06f) j       pc - 0x8
core   0: 3 0x80009d70 (0xff9ff06f)
core   0: 0x80009d68 (0x00006f17) auipc   t5, 0x6
core   0: 3 0x80009d68 (0x00006f17) x30 0x8000fd68
core   0: 0x80009d6c (0x283f2c23) sw      gp, 664(t5)
core   0: 3 0x80009d6c (0x283f2c23) mem 0x80010000 0x00000001
core   0: 0x80009d70 (0xff9ff06f) j       pc - 0x8
core   0: 3 0x80009d70 (0xff9ff06f)
core   0: 0x80009d68 (0x00006f17) auipc   t5, 0x6
core   0: 3 0x80009d68 (0x00006f17) x30 0x8000fd68
core   0: 0x80009d6c (0x283f2c23) sw      gp, 664(t5)
core   0: 3 0x80009d6c (0x283f2c23) mem 0x80010000 0x00000001
core   0: 0x80009d70 (0xff9ff06f) j       pc - 0x8
core   0: 3 0x80009d70 (0xff9ff06f)
core   0: 0x80009d68 (0x00006f17) auipc   t5, 0x6
core   0: 3 0x80009d68 (0x00006f17) x30 0x8000fd68
core   0: 0x80009d6c (0x283f2c23) sw      gp, 664(t5)
core   0: 3 0x80009d6c (0x283f2c23) mem 0x80010000 0x00000001
core   0: 0x80009d70 (0xff9ff06f) j       pc - 0x8
core   0: 3 0x80009d70 (0xff9ff06f)
core   0: 0x80009d68 (0x00006f17) auipc   t5, 0x6
core   0: 3 0x80009d68 (0x00006f17) x30 0x8000fd68
core   0: 0x80009d6c (0x283f2c23) sw      gp, 664(t5)
core   0: 3 0x80009d6c (0x283f2c23) mem 0x80010000 0x00000001
core   0: 0x80009d70 (0xff9ff06f) j       pc - 0x8
core   0: 3 0x80009d70 (0xff9ff06f)
core   0: 0x80009d68 (0x00006f17) auipc   t5, 0x6
core   0: 3 0x80009d68 (0x00006f17) x30 0x8000fd68
core   0: 0x80009d6c (0x283f2c23) sw      gp, 664(t5)
core   0: 3 0x80009d6c (0x283f2c23) mem 0x80010000 0x00000001
core   0: 0x80009d70 (0xff9ff06f) j       pc - 0x8
core   0: 3 0x80009d70 (0xff9ff06f)
core   0: 0x80009d68 (0x00006f17) auipc   t5, 0x6
core   0: 3 0x80009d68 (0x00006f17) x30 0x8000fd68
core   0: 0x80009d6c (0x283f2c23) sw      gp, 664(t5)
core   0: 3 0x80009d6c (0x283f2c23) mem 0x80010000 0x00000001
core   0: 0x80009d70 (0xff9ff06f) j       pc - 0x8
core   0: 3 0x80009d70 (0xff9ff06f)
core   0: 0x80009d68 (0x00006f17) auipc   t5, 0x6
core   0: 3 0x80009d68 (0x00006f17) x30 0x8000fd68
core   0: 0x80009d6c (0x283f2c23) sw      gp, 664(t5)
core   0: 3 0x80009d6c (0x283f2c23) mem 0x80010000 0x00000001
core   0: 0x80009d70 (0xff9ff06f) j       pc - 0x8
core   0: 3 0x80009d70 (0xff9ff06f)
core   0: 0x80009d68 (0x00006f17) auipc   t5, 0x6
core   0: 3 0x80009d68 (0x00006f17) x30 0x8000fd68
core   0: 0x80009d6c (0x283f2c23) sw      gp, 664(t5)
core   0: 3 0x80009d6c (0x283f2c23) mem 0x80010000 0x00000001
core   0: 0x80009d70 (0xff9ff06f) j       pc - 0x8
core   0: 3 0x80009d70 (0xff9ff06f)
core   0: 0x80009d68 (0x00006f17) auipc   t5, 0x6
core   0: 3 0x80009d68 (0x00006f17) x30 0x8000fd68
core   0: 0x80009d6c (0x283f2c23) sw      gp, 664(t5)
core   0: 3 0x80009d6c (0x283f2c23) mem 0x80010000 0x00000001
core   0: 0x80009d70 (0xff9ff06f) j       pc - 0x8
core   0: 3 0x80009d70 (0xff9ff06f)
core   0: 0x80009d68 (0x00006f17) auipc   t5, 0x6
core   0: 3 0x80009d68 (0x00006f17) x30 0x8000fd68
core   0: 0x80009d6c (0x283f2c23) sw      gp, 664(t5)
core   0: 3 0x80009d6c (0x283f2c23) mem 0x80010000 0x00000001
core   0: 0x80009d70 (0xff9ff06f) j       pc - 0x8
core   0: 3 0x80009d70 (0xff9ff06f)
core   0: 0x80009d68 (0x00006f17) auipc   t5, 0x6
core   0: 3 0x80009d68 (0x00006f17) x30 0x8000fd68
core   0: 0x80009d6c (0x283f2c23) sw      gp, 664(t5)
core   0: 3 0x80009d6c (0x283f2c23) mem 0x80010000 0x00000001
core   0: 0x80009d70 (0xff9ff06f) j       pc - 0x8
core   0: 3 0x80009d70 (0xff9ff06f)
core   0: 0x80009d68 (0x00006f17) auipc   t5, 0x6
core   0: 3 0x80009d68 (0x00006f17) x30 0x8000fd68
core   0: 0x80009d6c (0x283f2c23) sw      gp, 664(t5)
core   0: 3 0x80009d6c (0x283f2c23) mem 0x80010000 0x00000001
core   0: 0x80009d70 (0xff9ff06f) j       pc - 0x8
core   0: 3 0x80009d70 (0xff9ff06f)
core   0: 0x80009d68 (0x00006f17) auipc   t5, 0x6
core   0: 3 0x80009d68 (0x00006f17) x30 0x8000fd68
core   0: 0x80009d6c (0x283f2c23) sw      gp, 664(t5)
core   0: 3 0x80009d6c (0x283f2c23) mem 0x80010000 0x00000001
core   0: 0x80009d70 (0xff9ff06f) j       pc - 0x8
core   0: 3 0x80009d70 (0xff9ff06f)
core   0: 0x80009d68 (0x00006f17) auipc   t5, 0x6
core   0: 3 0x80009d68 (0x00006f17) x30 0x8000fd68
core   0: 0x80009d6c (0x283f2c23) sw      gp, 664(t5)
core   0: 3 0x80009d6c (0x283f2c23) mem 0x80010000 0x00000001
core   0: 0x80009d70 (0xff9ff06f) j       pc - 0x8
core   0: 3 0x80009d70 (0xff9ff06f)
core   0: 0x80009d68 (0x00006f17) auipc   t5, 0x6
core   0: 3 0x80009d68 (0x00006f17) x30 0x8000fd68
core   0: 0x80009d6c (0x283f2c23) sw      gp, 664(t5)
core   0: 3 0x80009d6c (0x283f2c23) mem 0x80010000 0x00000001
core   0: 0x80009d70 (0xff9ff06f) j       pc - 0x8
core   0: 3 0x80009d70 (0xff9ff06f)
core   0: 0x80009d68 (0x00006f17) auipc   t5, 0x6
core   0: 3 0x80009d68 (0x00006f17) x30 0x8000fd68
core   0: 0x80009d6c (0x283f2c23) sw      gp, 664(t5)
core   0: 3 0x80009d6c (0x283f2c23) mem 0x80010000 0x00000001
core   0: 0x80009d70 (0xff9ff06f) j       pc - 0x8
core   0: 3 0x80009d70 (0xff9ff06f)
core   0: 0x80009d68 (0x00006f17) auipc   t5, 0x6
core   0: 3 0x80009d68 (0x00006f17) x30 0x8000fd68
core   0: 0x80009d6c (0x283f2c23) sw      gp, 664(t5)
core   0: 3 0x80009d6c (0x283f2c23) mem 0x80010000 0x00000001
core   0: 0x80009d70 (0xff9ff06f) j       pc - 0x8
core   0: 3 0x80009d70 (0xff9ff06f)
core   0: 0x80009d68 (0x00006f17) auipc   t5, 0x6
core   0: 3 0x80009d68 (0x00006f17) x30 0x8000fd68
core   0: 0x80009d6c (0x283f2c23) sw      gp, 664(t5)
core   0: 3 0x80009d6c (0x283f2c23) mem 0x80010000 0x00000001
core   0: 0x80009d70 (0xff9ff06f) j       pc - 0x8
core   0: 3 0x80009d70 (0xff9ff06f)
core   0: 0x80009d68 (0x00006f17) auipc   t5, 0x6
core   0: 3 0x80009d68 (0x00006f17) x30 0x8000fd68
core   0: 0x80009d6c (0x283f2c23) sw      gp, 664(t5)
core   0: 3 0x80009d6c (0x283f2c23) mem 0x80010000 0x00000001
core   0: 0x80009d70 (0xff9ff06f) j       pc - 0x8
core   0: 3 0x80009d70 (0xff9ff06f)
core   0: 0x80009d68 (0x00006f17) auipc   t5, 0x6
core   0: 3 0x80009d68 (0x00006f17) x30 0x8000fd68
core   0: 0x80009d6c (0x283f2c23) sw      gp, 664(t5)
core   0: 3 0x80009d6c (0x283f2c23) mem 0x80010000 0x00000001
core   0: 0x80009d70 (0xff9ff06f) j       pc - 0x8
core   0: 3 0x80009d70 (0xff9ff06f)
core   0: 0x80009d68 (0x00006f17) auipc   t5, 0x6
core   0: 3 0x80009d68 (0x00006f17) x30 0x8000fd68
core   0: 0x80009d6c (0x283f2c23) sw      gp, 664(t5)
core   0: 3 0x80009d6c (0x283f2c23) mem 0x80010000 0x00000001
core   0: 0x80009d70 (0xff9ff06f) j       pc - 0x8
core   0: 3 0x80009d70 (0xff9ff06f)
core   0: 0x80009d68 (0x00006f17) auipc   t5, 0x6
core   0: 3 0x80009d68 (0x00006f17) x30 0x8000fd68
core   0: 0x80009d6c (0x283f2c23) sw      gp, 664(t5)
core   0: 3 0x80009d6c (0x283f2c23) mem 0x80010000 0x00000001
core   0: 0x80009d70 (0xff9ff06f) j       pc - 0x8
core   0: 3 0x80009d70 (0xff9ff06f)
core   0: 0x80009d68 (0x00006f17) auipc   t5, 0x6
core   0: 3 0x80009d68 (0x00006f17) x30 0x8000fd68
core   0: 0x80009d6c (0x283f2c23) sw      gp, 664(t5)
core   0: 3 0x80009d6c (0x283f2c23) mem 0x80010000 0x00000001
core   0: 0x80009d70 (0xff9ff06f) j       pc - 0x8
core   0: 3 0x80009d70 (0xff9ff06f)
core   0: 0x80009d68 (0x00006f17) auipc   t5, 0x6
core   0: 3 0x80009d68 (0x00006f17) x30 0x8000fd68
core   0: 0x80009d6c (0x283f2c23) sw      gp, 664(t5)
core   0: 3 0x80009d6c (0x283f2c23) mem 0x80010000 0x00000001
core   0: 0x80009d70 (0xff9ff06f) j       pc - 0x8
core   0: 3 0x80009d70 (0xff9ff06f)
core   0: 0x80009d68 (0x00006f17) auipc   t5, 0x6
core   0: 3 0x80009d68 (0x00006f17) x30 0x8000fd68
core   0: 0x80009d6c (0x283f2c23) sw      gp, 664(t5)
core   0: 3 0x80009d6c (0x283f2c23) mem 0x80010000 0x00000001
core   0: 0x80009d70 (0xff9ff06f) j       pc - 0x8
core   0: 3 0x80009d70 (0xff9ff06f)
core   0: 0x80009d68 (0x00006f17) auipc   t5, 0x6
core   0: 3 0x80009d68 (0x00006f17) x30 0x8000fd68
core   0: 0x80009d6c (0x283f2c23) sw      gp, 664(t5)
core   0: 3 0x80009d6c (0x283f2c23) mem 0x80010000 0x00000001
core   0: 0x80009d70 (0xff9ff06f) j       pc - 0x8
core   0: 3 0x80009d70 (0xff9ff06f)
core   0: 0x80009d68 (0x00006f17) auipc   t5, 0x6
core   0: 3 0x80009d68 (0x00006f17) x30 0x8000fd68
core   0: 0x80009d6c (0x283f2c23) sw      gp, 664(t5)
core   0: 3 0x80009d6c (0x283f2c23) mem 0x80010000 0x00000001
core   0: 0x80009d70 (0xff9ff06f) j       pc - 0x8
core   0: 3 0x80009d70 (0xff9ff06f)
core   0: 0x80009d68 (0x00006f17) auipc   t5, 0x6
core   0: 3 0x80009d68 (0x00006f17) x30 0x8000fd68
core   0: 0x80009d6c (0x283f2c23) sw      gp, 664(t5)
core   0: 3 0x80009d6c (0x283f2c23) mem 0x80010000 0x00000001
core   0: 0x80009d70 (0xff9ff06f) j       pc - 0x8
core   0: 3 0x80009d70 (0xff9ff06f)
core   0: 0x80009d68 (0x00006f17) auipc   t5, 0x6
core   0: 3 0x80009d68 (0x00006f17) x30 0x8000fd68
core   0: 0x80009d6c (0x283f2c23) sw      gp, 664(t5)
core   0: 3 0x80009d6c (0x283f2c23) mem 0x80010000 0x00000001
core   0: 0x80009d70 (0xff9ff06f) j       pc - 0x8
core   0: 3 0x80009d70 (0xff9ff06f)
core   0: 0x80009d68 (0x00006f17) auipc   t5, 0x6
core   0: 3 0x80009d68 (0x00006f17) x30 0x8000fd68
core   0: 0x80009d6c (0x283f2c23) sw      gp, 664(t5)
core   0: 3 0x80009d6c (0x283f2c23) mem 0x80010000 0x00000001
core   0: 0x80009d70 (0xff9ff06f) j       pc - 0x8
core   0: 3 0x80009d70 (0xff9ff06f)
core   0: 0x80009d68 (0x00006f17) auipc   t5, 0x6
core   0: 3 0x80009d68 (0x00006f17) x30 0x8000fd68
core   0: 0x80009d6c (0x283f2c23) sw      gp, 664(t5)
core   0: 3 0x80009d6c (0x283f2c23) mem 0x80010000 0x00000001
core   0: 0x80009d70 (0xff9ff06f) j       pc - 0x8
core   0: 3 0x80009d70 (0xff9ff06f)
core   0: 0x80009d68 (0x00006f17) auipc   t5, 0x6
core   0: 3 0x80009d68 (0x00006f17) x30 0x8000fd68
core   0: 0x80009d6c (0x283f2c23) sw      gp, 664(t5)
core   0: 3 0x80009d6c (0x283f2c23) mem 0x80010000 0x00000001
core   0: 0x80009d70 (0xff9ff06f) j       pc - 0x8
core   0: 3 0x80009d70 (0xff9ff06f)
core   0: 0x80009d68 (0x00006f17) auipc   t5, 0x6
core   0: 3 0x80009d68 (0x00006f17) x30 0x8000fd68
core   0: 0x80009d6c (0x283f2c23) sw      gp, 664(t5)
core   0: 3 0x80009d6c (0x283f2c23) mem 0x80010000 0x00000001
core   0: 0x80009d70 (0xff9ff06f) j       pc - 0x8
core   0: 3 0x80009d70 (0xff9ff06f)
core   0: 0x80009d68 (0x00006f17) auipc   t5, 0x6
core   0: 3 0x80009d68 (0x00006f17) x30 0x8000fd68
core   0: 0x80009d6c (0x283f2c23) sw      gp, 664(t5)
core   0: 3 0x80009d6c (0x283f2c23) mem 0x80010000 0x00000001
core   0: 0x80009d70 (0xff9ff06f) j       pc - 0x8
core   0: 3 0x80009d70 (0xff9ff06f)
core   0: 0x80009d68 (0x00006f17) auipc   t5, 0x6
core   0: 3 0x80009d68 (0x00006f17) x30 0x8000fd68
core   0: 0x80009d6c (0x283f2c23) sw      gp, 664(t5)
core   0: 3 0x80009d6c (0x283f2c23) mem 0x80010000 0x00000001
core   0: 0x80009d70 (0xff9ff06f) j       pc - 0x8
core   0: 3 0x80009d70 (0xff9ff06f)
core   0: 0x80009d68 (0x00006f17) auipc   t5, 0x6
core   0: 3 0x80009d68 (0x00006f17) x30 0x8000fd68
core   0: 0x80009d6c (0x283f2c23) sw      gp, 664(t5)
core   0: 3 0x80009d6c (0x283f2c23) mem 0x80010000 0x00000001
core   0: 0x80009d70 (0xff9ff06f) j       pc - 0x8
core   0: 3 0x80009d70 (0xff9ff06f)
core   0: 0x80009d68 (0x00006f17) auipc   t5, 0x6
core   0: 3 0x80009d68 (0x00006f17) x30 0x8000fd68
core   0: 0x80009d6c (0x283f2c23) sw      gp, 664(t5)
core   0: 3 0x80009d6c (0x283f2c23) mem 0x80010000 0x00000001
core   0: 0x80009d70 (0xff9ff06f) j       pc - 0x8
core   0: 3 0x80009d70 (0xff9ff06f)
core   0: 0x80009d68 (0x00006f17) auipc   t5, 0x6
core   0: 3 0x80009d68 (0x00006f17) x30 0x8000fd68
core   0: 0x80009d6c (0x283f2c23) sw      gp, 664(t5)
core   0: 3 0x80009d6c (0x283f2c23) mem 0x80010000 0x00000001
core   0: 0x80009d70 (0xff9ff06f) j       pc - 0x8
core   0: 3 0x80009d70 (0xff9ff06f)
core   0: 0x80009d68 (0x00006f17) auipc   t5, 0x6
core   0: 3 0x80009d68 (0x00006f17) x30 0x8000fd68
core   0: 0x80009d6c (0x283f2c23) sw      gp, 664(t5)
core   0: 3 0x80009d6c (0x283f2c23) mem 0x80010000 0x00000001
core   0: 0x80009d70 (0xff9ff06f) j       pc - 0x8
core   0: 3 0x80009d70 (0xff9ff06f)
core   0: 0x80009d68 (0x00006f17) auipc   t5, 0x6
core   0: 3 0x80009d68 (0x00006f17) x30 0x8000fd68
core   0: 0x80009d6c (0x283f2c23) sw      gp, 664(t5)
core   0: 3 0x80009d6c (0x283f2c23) mem 0x80010000 0x00000001
core   0: 0x80009d70 (0xff9ff06f) j       pc - 0x8
core   0: 3 0x80009d70 (0xff9ff06f)
core   0: 0x80009d68 (0x00006f17) auipc   t5, 0x6
core   0: 3 0x80009d68 (0x00006f17) x30 0x8000fd68
core   0: 0x80009d6c (0x283f2c23) sw      gp, 664(t5)
core   0: 3 0x80009d6c (0x283f2c23) mem 0x80010000 0x00000001
core   0: 0x80009d70 (0xff9ff06f) j       pc - 0x8
core   0: 3 0x80009d70 (0xff9ff06f)
core   0: 0x80009d68 (0x00006f17) auipc   t5, 0x6
core   0: 3 0x80009d68 (0x00006f17) x30 0x8000fd68
core   0: 0x80009d6c (0x283f2c23) sw      gp, 664(t5)
core   0: 3 0x80009d6c (0x283f2c23) mem 0x80010000 0x00000001
core   0: 0x80009d70 (0xff9ff06f) j       pc - 0x8
core   0: 3 0x80009d70 (0xff9ff06f)
core   0: 0x80009d68 (0x00006f17) auipc   t5, 0x6
core   0: 3 0x80009d68 (0x00006f17) x30 0x8000fd68
core   0: 0x80009d6c (0x283f2c23) sw      gp, 664(t5)
core   0: 3 0x80009d6c (0x283f2c23) mem 0x80010000 0x00000001
core   0: 0x80009d70 (0xff9ff06f) j       pc - 0x8
core   0: 3 0x80009d70 (0xff9ff06f)
core   0: 0x80009d68 (0x00006f17) auipc   t5, 0x6
core   0: 3 0x80009d68 (0x00006f17) x30 0x8000fd68
core   0: 0x80009d6c (0x283f2c23) sw      gp, 664(t5)
core   0: 3 0x80009d6c (0x283f2c23) mem 0x80010000 0x00000001
core   0: 0x80009d70 (0xff9ff06f) j       pc - 0x8
core   0: 3 0x80009d70 (0xff9ff06f)
core   0: 0x80009d68 (0x00006f17) auipc   t5, 0x6
core   0: 3 0x80009d68 (0x00006f17) x30 0x8000fd68
core   0: 0x80009d6c (0x283f2c23) sw      gp, 664(t5)
core   0: 3 0x80009d6c (0x283f2c23) mem 0x80010000 0x00000001
core   0: 0x80009d70 (0xff9ff06f) j       pc - 0x8
core   0: 3 0x80009d70 (0xff9ff06f)
core   0: 0x80009d68 (0x00006f17) auipc   t5, 0x6
core   0: 3 0x80009d68 (0x00006f17) x30 0x8000fd68
core   0: 0x80009d6c (0x283f2c23) sw      gp, 664(t5)
core   0: 3 0x80009d6c (0x283f2c23) mem 0x80010000 0x00000001
core   0: 0x80009d70 (0xff9ff06f) j       pc - 0x8
core   0: 3 0x80009d70 (0xff9ff06f)
core   0: 0x80009d68 (0x00006f17) auipc   t5, 0x6
core   0: 3 0x80009d68 (0x00006f17) x30 0x8000fd68
core   0: 0x80009d6c (0x283f2c23) sw      gp, 664(t5)
core   0: 3 0x80009d6c (0x283f2c23) mem 0x80010000 0x00000001
core   0: 0x80009d70 (0xff9ff06f) j       pc - 0x8
core   0: 3 0x80009d70 (0xff9ff06f)
core   0: 0x80009d68 (0x00006f17) auipc   t5, 0x6
core   0: 3 0x80009d68 (0x00006f17) x30 0x8000fd68
core   0: 0x80009d6c (0x283f2c23) sw      gp, 664(t5)
core   0: 3 0x80009d6c (0x283f2c23) mem 0x80010000 0x00000001
core   0: 0x80009d70 (0xff9ff06f) j       pc - 0x8
core   0: 3 0x80009d70 (0xff9ff06f)
core   0: 0x80009d68 (0x00006f17) auipc   t5, 0x6
core   0: 3 0x80009d68 (0x00006f17) x30 0x8000fd68
core   0: 0x80009d6c (0x283f2c23) sw      gp, 664(t5)
core   0: 3 0x80009d6c (0x283f2c23) mem 0x80010000 0x00000001
core   0: 0x80009d70 (0xff9ff06f) j       pc - 0x8
core   0: 3 0x80009d70 (0xff9ff06f)
core   0: 0x80009d68 (0x00006f17) auipc   t5, 0x6
core   0: 3 0x80009d68 (0x00006f17) x30 0x8000fd68
core   0: 0x80009d6c (0x283f2c23) sw      gp, 664(t5)
core   0: 3 0x80009d6c (0x283f2c23) mem 0x80010000 0x00000001
core   0: 0x80009d70 (0xff9ff06f) j       pc - 0x8
core   0: 3 0x80009d70 (0xff9ff06f)
core   0: 0x80009d68 (0x00006f17) auipc   t5, 0x6
core   0: 3 0x80009d68 (0x00006f17) x30 0x8000fd68
core   0: 0x80009d6c (0x283f2c23) sw      gp, 664(t5)
core   0: 3 0x80009d6c (0x283f2c23) mem 0x80010000 0x00000001
core   0: 0x80009d70 (0xff9ff06f) j       pc - 0x8
core   0: 3 0x80009d70 (0xff9ff06f)
core   0: 0x80009d68 (0x00006f17) auipc   t5, 0x6
core   0: 3 0x80009d68 (0x00006f17) x30 0x8000fd68
core   0: 0x80009d6c (0x283f2c23) sw      gp, 664(t5)
core   0: 3 0x80009d6c (0x283f2c23) mem 0x80010000 0x00000001
core   0: 0x80009d70 (0xff9ff06f) j       pc - 0x8
core   0: 3 0x80009d70 (0xff9ff06f)
core   0: 0x80009d68 (0x00006f17) auipc   t5, 0x6
core   0: 3 0x80009d68 (0x00006f17) x30 0x8000fd68
core   0: 0x80009d6c (0x283f2c23) sw      gp, 664(t5)
core   0: 3 0x80009d6c (0x283f2c23) mem 0x80010000 0x00000001
core   0: 0x80009d70 (0xff9ff06f) j       pc - 0x8
core   0: 3 0x80009d70 (0xff9ff06f)
core   0: 0x80009d68 (0x00006f17) auipc   t5, 0x6
core   0: 3 0x80009d68 (0x00006f17) x30 0x8000fd68
core   0: 0x80009d6c (0x283f2c23) sw      gp, 664(t5)
core   0: 3 0x80009d6c (0x283f2c23) mem 0x80010000 0x00000001
core   0: 0x80009d70 (0xff9ff06f) j       pc - 0x8
core   0: 3 0x80009d70 (0xff9ff06f)
core   0: 0x80009d68 (0x00006f17) auipc   t5, 0x6
core   0: 3 0x80009d68 (0x00006f17) x30 0x8000fd68
core   0: 0x80009d6c (0x283f2c23) sw      gp, 664(t5)
core   0: 3 0x80009d6c (0x283f2c23) mem 0x80010000 0x00000001
core   0: 0x80009d70 (0xff9ff06f) j       pc - 0x8
core   0: 3 0x80009d70 (0xff9ff06f)
core   0: 0x80009d68 (0x00006f17) auipc   t5, 0x6
core   0: 3 0x80009d68 (0x00006f17) x30 0x8000fd68
core   0: 0x80009d6c (0x283f2c23) sw      gp, 664(t5)
core   0: 3 0x80009d6c (0x283f2c23) mem 0x80010000 0x00000001
core   0: 0x80009d70 (0xff9ff06f) j       pc - 0x8
core   0: 3 0x80009d70 (0xff9ff06f)
core   0: 0x80009d68 (0x00006f17) auipc   t5, 0x6
core   0: 3 0x80009d68 (0x00006f17) x30 0x8000fd68
core   0: 0x80009d6c (0x283f2c23) sw      gp, 664(t5)
core   0: 3 0x80009d6c (0x283f2c23) mem 0x80010000 0x00000001
core   0: 0x80009d70 (0xff9ff06f) j       pc - 0x8
core   0: 3 0x80009d70 (0xff9ff06f)
core   0: 0x80009d68 (0x00006f17) auipc   t5, 0x6
core   0: 3 0x80009d68 (0x00006f17) x30 0x8000fd68
core   0: 0x80009d6c (0x283f2c23) sw      gp, 664(t5)
core   0: 3 0x80009d6c (0x283f2c23) mem 0x80010000 0x00000001
core   0: 0x80009d70 (0xff9ff06f) j       pc - 0x8
core   0: 3 0x80009d70 (0xff9ff06f)
core   0: 0x80009d68 (0x00006f17) auipc   t5, 0x6
core   0: 3 0x80009d68 (0x00006f17) x30 0x8000fd68
core   0: 0x80009d6c (0x283f2c23) sw      gp, 664(t5)
core   0: 3 0x80009d6c (0x283f2c23) mem 0x80010000 0x00000001
core   0: 0x80009d70 (0xff9ff06f) j       pc - 0x8
core   0: 3 0x80009d70 (0xff9ff06f)
core   0: 0x80009d68 (0x00006f17) auipc   t5, 0x6
core   0: 3 0x80009d68 (0x00006f17) x30 0x8000fd68
core   0: 0x80009d6c (0x283f2c23) sw      gp, 664(t5)
core   0: 3 0x80009d6c (0x283f2c23) mem 0x80010000 0x00000001
core   0: 0x80009d70 (0xff9ff06f) j       pc - 0x8
core   0: 3 0x80009d70 (0xff9ff06f)
core   0: 0x80009d68 (0x00006f17) auipc   t5, 0x6
core   0: 3 0x80009d68 (0x00006f17) x30 0x8000fd68
core   0: 0x80009d6c (0x283f2c23) sw      gp, 664(t5)
core   0: 3 0x80009d6c (0x283f2c23) mem 0x80010000 0x00000001
core   0: 0x80009d70 (0xff9ff06f) j       pc - 0x8
core   0: 3 0x80009d70 (0xff9ff06f)
core   0: 0x80009d68 (0x00006f17) auipc   t5, 0x6
core   0: 3 0x80009d68 (0x00006f17) x30 0x8000fd68
core   0: 0x80009d6c (0x283f2c23) sw      gp, 664(t5)
core   0: 3 0x80009d6c (0x283f2c23) mem 0x80010000 0x00000001
core   0: 0x80009d70 (0xff9ff06f) j       pc - 0x8
core   0: 3 0x80009d70 (0xff9ff06f)
core   0: 0x80009d68 (0x00006f17) auipc   t5, 0x6
core   0: 3 0x80009d68 (0x00006f17) x30 0x8000fd68
core   0: 0x80009d6c (0x283f2c23) sw      gp, 664(t5)
core   0: 3 0x80009d6c (0x283f2c23) mem 0x80010000 0x00000001
core   0: 0x80009d70 (0xff9ff06f) j       pc - 0x8
core   0: 3 0x80009d70 (0xff9ff06f)
core   0: 0x80009d68 (0x00006f17) auipc   t5, 0x6
core   0: 3 0x80009d68 (0x00006f17) x30 0x8000fd68
core   0: 0x80009d6c (0x283f2c23) sw      gp, 664(t5)
core   0: 3 0x80009d6c (0x283f2c23) mem 0x80010000 0x00000001
core   0: 0x80009d70 (0xff9ff06f) j       pc - 0x8
core   0: 3 0x80009d70 (0xff9ff06f)
core   0: 0x80009d68 (0x00006f17) auipc   t5, 0x6
core   0: 3 0x80009d68 (0x00006f17) x30 0x8000fd68
core   0: 0x80009d6c (0x283f2c23) sw      gp, 664(t5)
core   0: 3 0x80009d6c (0x283f2c23) mem 0x80010000 0x00000001
core   0: 0x80009d70 (0xff9ff06f) j       pc - 0x8
core   0: 3 0x80009d70 (0xff9ff06f)
core   0: 0x80009d68 (0x00006f17) auipc   t5, 0x6
core   0: 3 0x80009d68 (0x00006f17) x30 0x8000fd68
core   0: 0x80009d6c (0x283f2c23) sw      gp, 664(t5)
core   0: 3 0x80009d6c (0x283f2c23) mem 0x80010000 0x00000001
core   0: 0x80009d70 (0xff9ff06f) j       pc - 0x8
core   0: 3 0x80009d70 (0xff9ff06f)
core   0: 0x80009d68 (0x00006f17) auipc   t5, 0x6
core   0: 3 0x80009d68 (0x00006f17) x30 0x8000fd68
core   0: 0x80009d6c (0x283f2c23) sw      gp, 664(t5)
core   0: 3 0x80009d6c (0x283f2c23) mem 0x80010000 0x00000001
core   0: 0x80009d70 (0xff9ff06f) j       pc - 0x8
core   0: 3 0x80009d70 (0xff9ff06f)
core   0: 0x80009d68 (0x00006f17) auipc   t5, 0x6
core   0: 3 0x80009d68 (0x00006f17) x30 0x8000fd68
core   0: 0x80009d6c (0x283f2c23) sw      gp, 664(t5)
core   0: 3 0x80009d6c (0x283f2c23) mem 0x80010000 0x00000001
core   0: 0x80009d70 (0xff9ff06f) j       pc - 0x8
core   0: 3 0x80009d70 (0xff9ff06f)
core   0: 0x80009d68 (0x00006f17) auipc   t5, 0x6
core   0: 3 0x80009d68 (0x00006f17) x30 0x8000fd68
core   0: 0x80009d6c (0x283f2c23) sw      gp, 664(t5)
core   0: 3 0x80009d6c (0x283f2c23) mem 0x80010000 0x00000001
core   0: 0x80009d70 (0xff9ff06f) j       pc - 0x8
core   0: 3 0x80009d70 (0xff9ff06f)
core   0: 0x80009d68 (0x00006f17) auipc   t5, 0x6
core   0: 3 0x80009d68 (0x00006f17) x30 0x8000fd68
core   0: 0x80009d6c (0x283f2c23) sw      gp, 664(t5)
core   0: 3 0x80009d6c (0x283f2c23) mem 0x80010000 0x00000001
core   0: 0x80009d70 (0xff9ff06f) j       pc - 0x8
core   0: 3 0x80009d70 (0xff9ff06f)
core   0: 0x80009d68 (0x00006f17) auipc   t5, 0x6
core   0: 3 0x80009d68 (0x00006f17) x30 0x8000fd68
core   0: 0x80009d6c (0x283f2c23) sw      gp, 664(t5)
core   0: 3 0x80009d6c (0x283f2c23) mem 0x80010000 0x00000001
core   0: 0x80009d70 (0xff9ff06f) j       pc - 0x8
core   0: 3 0x80009d70 (0xff9ff06f)
core   0: 0x80009d68 (0x00006f17) auipc   t5, 0x6
core   0: 3 0x80009d68 (0x00006f17) x30 0x8000fd68
core   0: 0x80009d6c (0x283f2c23) sw      gp, 664(t5)
core   0: 3 0x80009d6c (0x283f2c23) mem 0x80010000 0x00000001
core   0: 0x80009d70 (0xff9ff06f) j       pc - 0x8
core   0: 3 0x80009d70 (0xff9ff06f)
core   0: 0x80009d68 (0x00006f17) auipc   t5, 0x6
core   0: 3 0x80009d68 (0x00006f17) x30 0x8000fd68
core   0: 0x80009d6c (0x283f2c23) sw      gp, 664(t5)
core   0: 3 0x80009d6c (0x283f2c23) mem 0x80010000 0x00000001
core   0: 0x80009d70 (0xff9ff06f) j       pc - 0x8
core   0: 3 0x80009d70 (0xff9ff06f)
core   0: 0x80009d68 (0x00006f17) auipc   t5, 0x6
core   0: 3 0x80009d68 (0x00006f17) x30 0x8000fd68
core   0: 0x80009d6c (0x283f2c23) sw      gp, 664(t5)
core   0: 3 0x80009d6c (0x283f2c23) mem 0x80010000 0x00000001
core   0: 0x80009d70 (0xff9ff06f) j       pc - 0x8
core   0: 3 0x80009d70 (0xff9ff06f)
core   0: 0x80009d68 (0x00006f17) auipc   t5, 0x6
core   0: 3 0x80009d68 (0x00006f17) x30 0x8000fd68
core   0: 0x80009d6c (0x283f2c23) sw      gp, 664(t5)
core   0: 3 0x80009d6c (0x283f2c23) mem 0x80010000 0x00000001
core   0: 0x80009d70 (0xff9ff06f) j       pc - 0x8
core   0: 3 0x80009d70 (0xff9ff06f)
core   0: 0x80009d68 (0x00006f17) auipc   t5, 0x6
core   0: 3 0x80009d68 (0x00006f17) x30 0x8000fd68
core   0: 0x80009d6c (0x283f2c23) sw      gp, 664(t5)
core   0: 3 0x80009d6c (0x283f2c23) mem 0x80010000 0x00000001
core   0: 0x80009d70 (0xff9ff06f) j       pc - 0x8
core   0: 3 0x80009d70 (0xff9ff06f)
core   0: 0x80009d68 (0x00006f17) auipc   t5, 0x6
core   0: 3 0x80009d68 (0x00006f17) x30 0x8000fd68
core   0: 0x80009d6c (0x283f2c23) sw      gp, 664(t5)
core   0: 3 0x80009d6c (0x283f2c23) mem 0x80010000 0x00000001
core   0: 0x80009d70 (0xff9ff06f) j       pc - 0x8
core   0: 3 0x80009d70 (0xff9ff06f)
core   0: 0x80009d68 (0x00006f17) auipc   t5, 0x6
core   0: 3 0x80009d68 (0x00006f17) x30 0x8000fd68
core   0: 0x80009d6c (0x283f2c23) sw      gp, 664(t5)
core   0: 3 0x80009d6c (0x283f2c23) mem 0x80010000 0x00000001
core   0: 0x80009d70 (0xff9ff06f) j       pc - 0x8
core   0: 3 0x80009d70 (0xff9ff06f)
core   0: 0x80009d68 (0x00006f17) auipc   t5, 0x6
core   0: 3 0x80009d68 (0x00006f17) x30 0x8000fd68
core   0: 0x80009d6c (0x283f2c23) sw      gp, 664(t5)
core   0: 3 0x80009d6c (0x283f2c23) mem 0x80010000 0x00000001
core   0: 0x80009d70 (0xff9ff06f) j       pc - 0x8
core   0: 3 0x80009d70 (0xff9ff06f)
core   0: 0x80009d68 (0x00006f17) auipc   t5, 0x6
core   0: 3 0x80009d68 (0x00006f17) x30 0x8000fd68
core   0: 0x80009d6c (0x283f2c23) sw      gp, 664(t5)
core   0: 3 0x80009d6c (0x283f2c23) mem 0x80010000 0x00000001
core   0: 0x80009d70 (0xff9ff06f) j       pc - 0x8
core   0: 3 0x80009d70 (0xff9ff06f)
core   0: 0x80009d68 (0x00006f17) auipc   t5, 0x6
core   0: 3 0x80009d68 (0x00006f17) x30 0x8000fd68
core   0: 0x80009d6c (0x283f2c23) sw      gp, 664(t5)
core   0: 3 0x80009d6c (0x283f2c23) mem 0x80010000 0x00000001
core   0: 0x80009d70 (0xff9ff06f) j       pc - 0x8
core   0: 3 0x80009d70 (0xff9ff06f)
core   0: 0x80009d68 (0x00006f17) auipc   t5, 0x6
core   0: 3 0x80009d68 (0x00006f17) x30 0x8000fd68
core   0: 0x80009d6c (0x283f2c23) sw      gp, 664(t5)
core   0: 3 0x80009d6c (0x283f2c23) mem 0x80010000 0x00000001
core   0: 0x80009d70 (0xff9ff06f) j       pc - 0x8
core   0: 3 0x80009d70 (0xff9ff06f)
core   0: 0x80009d68 (0x00006f17) auipc   t5, 0x6
core   0: 3 0x80009d68 (0x00006f17) x30 0x8000fd68
core   0: 0x80009d6c (0x283f2c23) sw      gp, 664(t5)
core   0: 3 0x80009d6c (0x283f2c23) mem 0x80010000 0x00000001
core   0: 0x80009d70 (0xff9ff06f) j       pc - 0x8
core   0: 3 0x80009d70 (0xff9ff06f)
core   0: 0x80009d68 (0x00006f17) auipc   t5, 0x6
core   0: 3 0x80009d68 (0x00006f17) x30 0x8000fd68
core   0: 0x80009d6c (0x283f2c23) sw      gp, 664(t5)
core   0: 3 0x80009d6c (0x283f2c23) mem 0x80010000 0x00000001
core   0: 0x80009d70 (0xff9ff06f) j       pc - 0x8
core   0: 3 0x80009d70 (0xff9ff06f)
core   0: 0x80009d68 (0x00006f17) auipc   t5, 0x6
core   0: 3 0x80009d68 (0x00006f17) x30 0x8000fd68
core   0: 0x80009d6c (0x283f2c23) sw      gp, 664(t5)
core   0: 3 0x80009d6c (0x283f2c23) mem 0x80010000 0x00000001
core   0: 0x80009d70 (0xff9ff06f) j       pc - 0x8
core   0: 3 0x80009d70 (0xff9ff06f)
core   0: 0x80009d68 (0x00006f17) auipc   t5, 0x6
core   0: 3 0x80009d68 (0x00006f17) x30 0x8000fd68
core   0: 0x80009d6c (0x283f2c23) sw      gp, 664(t5)
core   0: 3 0x80009d6c (0x283f2c23) mem 0x80010000 0x00000001
core   0: 0x80009d70 (0xff9ff06f) j       pc - 0x8
core   0: 3 0x80009d70 (0xff9ff06f)
core   0: 0x80009d68 (0x00006f17) auipc   t5, 0x6
core   0: 3 0x80009d68 (0x00006f17) x30 0x8000fd68
core   0: 0x80009d6c (0x283f2c23) sw      gp, 664(t5)
core   0: 3 0x80009d6c (0x283f2c23) mem 0x80010000 0x00000001
core   0: 0x80009d70 (0xff9ff06f) j       pc - 0x8
core   0: 3 0x80009d70 (0xff9ff06f)
core   0: 0x80009d68 (0x00006f17) auipc   t5, 0x6
core   0: 3 0x80009d68 (0x00006f17) x30 0x8000fd68
core   0: 0x80009d6c (0x283f2c23) sw      gp, 664(t5)
core   0: 3 0x80009d6c (0x283f2c23) mem 0x80010000 0x00000001
core   0: 0x80009d70 (0xff9ff06f) j       pc - 0x8
core   0: 3 0x80009d70 (0xff9ff06f)
core   0: 0x80009d68 (0x00006f17) auipc   t5, 0x6
core   0: 3 0x80009d68 (0x00006f17) x30 0x8000fd68
core   0: 0x80009d6c (0x283f2c23) sw      gp, 664(t5)
core   0: 3 0x80009d6c (0x283f2c23) mem 0x80010000 0x00000001
core   0: 0x80009d70 (0xff9ff06f) j       pc - 0x8
core   0: 3 0x80009d70 (0xff9ff06f)
core   0: 0x80009d68 (0x00006f17) auipc   t5, 0x6
core   0: 3 0x80009d68 (0x00006f17) x30 0x8000fd68
core   0: 0x80009d6c (0x283f2c23) sw      gp, 664(t5)
core   0: 3 0x80009d6c (0x283f2c23) mem 0x80010000 0x00000001
core   0: 0x80009d70 (0xff9ff06f) j       pc - 0x8
core   0: 3 0x80009d70 (0xff9ff06f)
core   0: 0x80009d68 (0x00006f17) auipc   t5, 0x6
core   0: 3 0x80009d68 (0x00006f17) x30 0x8000fd68
core   0: 0x80009d6c (0x283f2c23) sw      gp, 664(t5)
core   0: 3 0x80009d6c (0x283f2c23) mem 0x80010000 0x00000001
core   0: 0x80009d70 (0xff9ff06f) j       pc - 0x8
core   0: 3 0x80009d70 (0xff9ff06f)
core   0: 0x80009d68 (0x00006f17) auipc   t5, 0x6
core   0: 3 0x80009d68 (0x00006f17) x30 0x8000fd68
core   0: 0x80009d6c (0x283f2c23) sw      gp, 664(t5)
core   0: 3 0x80009d6c (0x283f2c23) mem 0x80010000 0x00000001
core   0: 0x80009d70 (0xff9ff06f) j       pc - 0x8
core   0: 3 0x80009d70 (0xff9ff06f)
core   0: 0x80009d68 (0x00006f17) auipc   t5, 0x6
core   0: 3 0x80009d68 (0x00006f17) x30 0x8000fd68
core   0: 0x80009d6c (0x283f2c23) sw      gp, 664(t5)
core   0: 3 0x80009d6c (0x283f2c23) mem 0x80010000 0x00000001
core   0: 0x80009d70 (0xff9ff06f) j       pc - 0x8
core   0: 3 0x80009d70 (0xff9ff06f)
core   0: 0x80009d68 (0x00006f17) auipc   t5, 0x6
core   0: 3 0x80009d68 (0x00006f17) x30 0x8000fd68
core   0: 0x80009d6c (0x283f2c23) sw      gp, 664(t5)
core   0: 3 0x80009d6c (0x283f2c23) mem 0x80010000 0x00000001
core   0: 0x80009d70 (0xff9ff06f) j       pc - 0x8
core   0: 3 0x80009d70 (0xff9ff06f)
core   0: 0x80009d68 (0x00006f17) auipc   t5, 0x6
core   0: 3 0x80009d68 (0x00006f17) x30 0x8000fd68
core   0: 0x80009d6c (0x283f2c23) sw      gp, 664(t5)
core   0: 3 0x80009d6c (0x283f2c23) mem 0x80010000 0x00000001
core   0: 0x80009d70 (0xff9ff06f) j       pc - 0x8
core   0: 3 0x80009d70 (0xff9ff06f)
core   0: 0x80009d68 (0x00006f17) auipc   t5, 0x6
core   0: 3 0x80009d68 (0x00006f17) x30 0x8000fd68
core   0: 0x80009d6c (0x283f2c23) sw      gp, 664(t5)
core   0: 3 0x80009d6c (0x283f2c23) mem 0x80010000 0x00000001
core   0: 0x80009d70 (0xff9ff06f) j       pc - 0x8
core   0: 3 0x80009d70 (0xff9ff06f)
core   0: 0x80009d68 (0x00006f17) auipc   t5, 0x6
core   0: 3 0x80009d68 (0x00006f17) x30 0x8000fd68
core   0: 0x80009d6c (0x283f2c23) sw      gp, 664(t5)
core   0: 3 0x80009d6c (0x283f2c23) mem 0x80010000 0x00000001
core   0: 0x80009d70 (0xff9ff06f) j       pc - 0x8
core   0: 3 0x80009d70 (0xff9ff06f)
core   0: 0x80009d68 (0x00006f17) auipc   t5, 0x6
core   0: 3 0x80009d68 (0x00006f17) x30 0x8000fd68
core   0: 0x80009d6c (0x283f2c23) sw      gp, 664(t5)
core   0: 3 0x80009d6c (0x283f2c23) mem 0x80010000 0x00000001
core   0: 0x80009d70 (0xff9ff06f) j       pc - 0x8
core   0: 3 0x80009d70 (0xff9ff06f)
core   0: 0x80009d68 (0x00006f17) auipc   t5, 0x6
core   0: 3 0x80009d68 (0x00006f17) x30 0x8000fd68
core   0: 0x80009d6c (0x283f2c23) sw      gp, 664(t5)
core   0: 3 0x80009d6c (0x283f2c23) mem 0x80010000 0x00000001
core   0: 0x80009d70 (0xff9ff06f) j       pc - 0x8
core   0: 3 0x80009d70 (0xff9ff06f)
core   0: 0x80009d68 (0x00006f17) auipc   t5, 0x6
core   0: 3 0x80009d68 (0x00006f17) x30 0x8000fd68
core   0: 0x80009d6c (0x283f2c23) sw      gp, 664(t5)
core   0: 3 0x80009d6c (0x283f2c23) mem 0x80010000 0x00000001
core   0: 0x80009d70 (0xff9ff06f) j       pc - 0x8
core   0: 3 0x80009d70 (0xff9ff06f)
core   0: 0x80009d68 (0x00006f17) auipc   t5, 0x6
core   0: 3 0x80009d68 (0x00006f17) x30 0x8000fd68
core   0: 0x80009d6c (0x283f2c23) sw      gp, 664(t5)
core   0: 3 0x80009d6c (0x283f2c23) mem 0x80010000 0x00000001
core   0: 0x80009d70 (0xff9ff06f) j       pc - 0x8
core   0: 3 0x80009d70 (0xff9ff06f)
core   0: 0x80009d68 (0x00006f17) auipc   t5, 0x6
core   0: 3 0x80009d68 (0x00006f17) x30 0x8000fd68
core   0: 0x80009d6c (0x283f2c23) sw      gp, 664(t5)
core   0: 3 0x80009d6c (0x283f2c23) mem 0x80010000 0x00000001
core   0: 0x80009d70 (0xff9ff06f) j       pc - 0x8
core   0: 3 0x80009d70 (0xff9ff06f)
core   0: 0x80009d68 (0x00006f17) auipc   t5, 0x6
core   0: 3 0x80009d68 (0x00006f17) x30 0x8000fd68
core   0: 0x80009d6c (0x283f2c23) sw      gp, 664(t5)
core   0: 3 0x80009d6c (0x283f2c23) mem 0x80010000 0x00000001
core   0: 0x80009d70 (0xff9ff06f) j       pc - 0x8
core   0: 3 0x80009d70 (0xff9ff06f)
core   0: 0x80009d68 (0x00006f17) auipc   t5, 0x6
core   0: 3 0x80009d68 (0x00006f17) x30 0x8000fd68
core   0: 0x80009d6c (0x283f2c23) sw      gp, 664(t5)
core   0: 3 0x80009d6c (0x283f2c23) mem 0x80010000 0x00000001
core   0: 0x80009d70 (0xff9ff06f) j       pc - 0x8
core   0: 3 0x80009d70 (0xff9ff06f)
core   0: 0x80009d68 (0x00006f17) auipc   t5, 0x6
core   0: 3 0x80009d68 (0x00006f17) x30 0x8000fd68
core   0: 0x80009d6c (0x283f2c23) sw      gp, 664(t5)
core   0: 3 0x80009d6c (0x283f2c23) mem 0x80010000 0x00000001
core   0: 0x80009d70 (0xff9ff06f) j       pc - 0x8
core   0: 3 0x80009d70 (0xff9ff06f)
core   0: 0x80009d68 (0x00006f17) auipc   t5, 0x6
core   0: 3 0x80009d68 (0x00006f17) x30 0x8000fd68
core   0: 0x80009d6c (0x283f2c23) sw      gp, 664(t5)
core   0: 3 0x80009d6c (0x283f2c23) mem 0x80010000 0x00000001
core   0: 0x80009d70 (0xff9ff06f) j       pc - 0x8
core   0: 3 0x80009d70 (0xff9ff06f)
core   0: 0x80009d68 (0x00006f17) auipc   t5, 0x6
core   0: 3 0x80009d68 (0x00006f17) x30 0x8000fd68
core   0: 0x80009d6c (0x283f2c23) sw      gp, 664(t5)
core   0: 3 0x80009d6c (0x283f2c23) mem 0x80010000 0x00000001
core   0: 0x80009d70 (0xff9ff06f) j       pc - 0x8
core   0: 3 0x80009d70 (0xff9ff06f)
core   0: 0x80009d68 (0x00006f17) auipc   t5, 0x6
core   0: 3 0x80009d68 (0x00006f17) x30 0x8000fd68
core   0: 0x80009d6c (0x283f2c23) sw      gp, 664(t5)
core   0: 3 0x80009d6c (0x283f2c23) mem 0x80010000 0x00000001
core   0: 0x80009d70 (0xff9ff06f) j       pc - 0x8
core   0: 3 0x80009d70 (0xff9ff06f)
core   0: 0x80009d68 (0x00006f17) auipc   t5, 0x6
core   0: 3 0x80009d68 (0x00006f17) x30 0x8000fd68
core   0: 0x80009d6c (0x283f2c23) sw      gp, 664(t5)
core   0: 3 0x80009d6c (0x283f2c23) mem 0x80010000 0x00000001
core   0: 0x80009d70 (0xff9ff06f) j       pc - 0x8
core   0: 3 0x80009d70 (0xff9ff06f)
core   0: 0x80009d68 (0x00006f17) auipc   t5, 0x6
core   0: 3 0x80009d68 (0x00006f17) x30 0x8000fd68
core   0: 0x80009d6c (0x283f2c23) sw      gp, 664(t5)
core   0: 3 0x80009d6c (0x283f2c23) mem 0x80010000 0x00000001
core   0: 0x80009d70 (0xff9ff06f) j       pc - 0x8
core   0: 3 0x80009d70 (0xff9ff06f)
core   0: 0x80009d68 (0x00006f17) auipc   t5, 0x6
core   0: 3 0x80009d68 (0x00006f17) x30 0x8000fd68
core   0: 0x80009d6c (0x283f2c23) sw      gp, 664(t5)
core   0: 3 0x80009d6c (0x283f2c23) mem 0x80010000 0x00000001
core   0: 0x80009d70 (0xff9ff06f) j       pc - 0x8
core   0: 3 0x80009d70 (0xff9ff06f)
core   0: 0x80009d68 (0x00006f17) auipc   t5, 0x6
core   0: 3 0x80009d68 (0x00006f17) x30 0x8000fd68
core   0: 0x80009d6c (0x283f2c23) sw      gp, 664(t5)
core   0: 3 0x80009d6c (0x283f2c23) mem 0x80010000 0x00000001
core   0: 0x80009d70 (0xff9ff06f) j       pc - 0x8
core   0: 3 0x80009d70 (0xff9ff06f)
core   0: 0x80009d68 (0x00006f17) auipc   t5, 0x6
core   0: 3 0x80009d68 (0x00006f17) x30 0x8000fd68
core   0: 0x80009d6c (0x283f2c23) sw      gp, 664(t5)
core   0: 3 0x80009d6c (0x283f2c23) mem 0x80010000 0x00000001
core   0: 0x80009d70 (0xff9ff06f) j       pc - 0x8
core   0: 3 0x80009d70 (0xff9ff06f)
core   0: 0x80009d68 (0x00006f17) auipc   t5, 0x6
core   0: 3 0x80009d68 (0x00006f17) x30 0x8000fd68
core   0: 0x80009d6c (0x283f2c23) sw      gp, 664(t5)
core   0: 3 0x80009d6c (0x283f2c23) mem 0x80010000 0x00000001
core   0: 0x80009d70 (0xff9ff06f) j       pc - 0x8
core   0: 3 0x80009d70 (0xff9ff06f)
core   0: 0x80009d68 (0x00006f17) auipc   t5, 0x6
core   0: 3 0x80009d68 (0x00006f17) x30 0x8000fd68
core   0: 0x80009d6c (0x283f2c23) sw      gp, 664(t5)
core   0: 3 0x80009d6c (0x283f2c23) mem 0x80010000 0x00000001
core   0: 0x80009d70 (0xff9ff06f) j       pc - 0x8
core   0: 3 0x80009d70 (0xff9ff06f)
core   0: 0x80009d68 (0x00006f17) auipc   t5, 0x6
core   0: 3 0x80009d68 (0x00006f17) x30 0x8000fd68
core   0: 0x80009d6c (0x283f2c23) sw      gp, 664(t5)
core   0: 3 0x80009d6c (0x283f2c23) mem 0x80010000 0x00000001
core   0: 0x80009d70 (0xff9ff06f) j       pc - 0x8
core   0: 3 0x80009d70 (0xff9ff06f)
core   0: 0x80009d68 (0x00006f17) auipc   t5, 0x6
core   0: 3 0x80009d68 (0x00006f17) x30 0x8000fd68
core   0: 0x80009d6c (0x283f2c23) sw      gp, 664(t5)
core   0: 3 0x80009d6c (0x283f2c23) mem 0x80010000 0x00000001
core   0: 0x80009d70 (0xff9ff06f) j       pc - 0x8
core   0: 3 0x80009d70 (0xff9ff06f)
core   0: 0x80009d68 (0x00006f17) auipc   t5, 0x6
core   0: 3 0x80009d68 (0x00006f17) x30 0x8000fd68
core   0: 0x80009d6c (0x283f2c23) sw      gp, 664(t5)
core   0: 3 0x80009d6c (0x283f2c23) mem 0x80010000 0x00000001
core   0: 0x80009d70 (0xff9ff06f) j       pc - 0x8
core   0: 3 0x80009d70 (0xff9ff06f)
core   0: 0x80009d68 (0x00006f17) auipc   t5, 0x6
core   0: 3 0x80009d68 (0x00006f17) x30 0x8000fd68
core   0: 0x80009d6c (0x283f2c23) sw      gp, 664(t5)
core   0: 3 0x80009d6c (0x283f2c23) mem 0x80010000 0x00000001
core   0: 0x80009d70 (0xff9ff06f) j       pc - 0x8
core   0: 3 0x80009d70 (0xff9ff06f)
core   0: 0x80009d68 (0x00006f17) auipc   t5, 0x6
core   0: 3 0x80009d68 (0x00006f17) x30 0x8000fd68
core   0: 0x80009d6c (0x283f2c23) sw      gp, 664(t5)
core   0: 3 0x80009d6c (0x283f2c23) mem 0x80010000 0x00000001
core   0: 0x80009d70 (0xff9ff06f) j       pc - 0x8
core   0: 3 0x80009d70 (0xff9ff06f)
core   0: 0x80009d68 (0x00006f17) auipc   t5, 0x6
core   0: 3 0x80009d68 (0x00006f17) x30 0x8000fd68
core   0: 0x80009d6c (0x283f2c23) sw      gp, 664(t5)
core   0: 3 0x80009d6c (0x283f2c23) mem 0x80010000 0x00000001
core   0: 0x80009d70 (0xff9ff06f) j       pc - 0x8
core   0: 3 0x80009d70 (0xff9ff06f)
core   0: 0x80009d68 (0x00006f17) auipc   t5, 0x6
core   0: 3 0x80009d68 (0x00006f17) x30 0x8000fd68
core   0: 0x80009d6c (0x283f2c23) sw      gp, 664(t5)
core   0: 3 0x80009d6c (0x283f2c23) mem 0x80010000 0x00000001
core   0: 0x80009d70 (0xff9ff06f) j       pc - 0x8
core   0: 3 0x80009d70 (0xff9ff06f)
core   0: 0x80009d68 (0x00006f17) auipc   t5, 0x6
core   0: 3 0x80009d68 (0x00006f17) x30 0x8000fd68
core   0: 0x80009d6c (0x283f2c23) sw      gp, 664(t5)
core   0: 3 0x80009d6c (0x283f2c23) mem 0x80010000 0x00000001
core   0: 0x80009d70 (0xff9ff06f) j       pc - 0x8
core   0: 3 0x80009d70 (0xff9ff06f)
core   0: 0x80009d68 (0x00006f17) auipc   t5, 0x6
core   0: 3 0x80009d68 (0x00006f17) x30 0x8000fd68
core   0: 0x80009d6c (0x283f2c23) sw      gp, 664(t5)
core   0: 3 0x80009d6c (0x283f2c23) mem 0x80010000 0x00000001
core   0: 0x80009d70 (0xff9ff06f) j       pc - 0x8
core   0: 3 0x80009d70 (0xff9ff06f)
core   0: 0x80009d68 (0x00006f17) auipc   t5, 0x6
core   0: 3 0x80009d68 (0x00006f17) x30 0x8000fd68
core   0: 0x80009d6c (0x283f2c23) sw      gp, 664(t5)
core   0: 3 0x80009d6c (0x283f2c23) mem 0x80010000 0x00000001
core   0: 0x80009d70 (0xff9ff06f) j       pc - 0x8
core   0: 3 0x80009d70 (0xff9ff06f)
core   0: 0x80009d68 (0x00006f17) auipc   t5, 0x6
core   0: 3 0x80009d68 (0x00006f17) x30 0x8000fd68
core   0: 0x80009d6c (0x283f2c23) sw      gp, 664(t5)
core   0: 3 0x80009d6c (0x283f2c23) mem 0x80010000 0x00000001
core   0: 0x80009d70 (0xff9ff06f) j       pc - 0x8
core   0: 3 0x80009d70 (0xff9ff06f)
core   0: 0x80009d68 (0x00006f17) auipc   t5, 0x6
core   0: 3 0x80009d68 (0x00006f17) x30 0x8000fd68
core   0: 0x80009d6c (0x283f2c23) sw      gp, 664(t5)
core   0: 3 0x80009d6c (0x283f2c23) mem 0x80010000 0x00000001
core   0: 0x80009d70 (0xff9ff06f) j       pc - 0x8
core   0: 3 0x80009d70 (0xff9ff06f)
core   0: 0x80009d68 (0x00006f17) auipc   t5, 0x6
core   0: 3 0x80009d68 (0x00006f17) x30 0x8000fd68
core   0: 0x80009d6c (0x283f2c23) sw      gp, 664(t5)
core   0: 3 0x80009d6c (0x283f2c23) mem 0x80010000 0x00000001
core   0: 0x80009d70 (0xff9ff06f) j       pc - 0x8
core   0: 3 0x80009d70 (0xff9ff06f)
core   0: 0x80009d68 (0x00006f17) auipc   t5, 0x6
core   0: 3 0x80009d68 (0x00006f17) x30 0x8000fd68
core   0: 0x80009d6c (0x283f2c23) sw      gp, 664(t5)
core   0: 3 0x80009d6c (0x283f2c23) mem 0x80010000 0x00000001
core   0: 0x80009d70 (0xff9ff06f) j       pc - 0x8
core   0: 3 0x80009d70 (0xff9ff06f)
core   0: 0x80009d68 (0x00006f17) auipc   t5, 0x6
core   0: 3 0x80009d68 (0x00006f17) x30 0x8000fd68
core   0: 0x80009d6c (0x283f2c23) sw      gp, 664(t5)
core   0: 3 0x80009d6c (0x283f2c23) mem 0x80010000 0x00000001
core   0: 0x80009d70 (0xff9ff06f) j       pc - 0x8
core   0: 3 0x80009d70 (0xff9ff06f)
core   0: 0x80009d68 (0x00006f17) auipc   t5, 0x6
core   0: 3 0x80009d68 (0x00006f17) x30 0x8000fd68
core   0: 0x80009d6c (0x283f2c23) sw      gp, 664(t5)
core   0: 3 0x80009d6c (0x283f2c23) mem 0x80010000 0x00000001
core   0: 0x80009d70 (0xff9ff06f) j       pc - 0x8
core   0: 3 0x80009d70 (0xff9ff06f)
core   0: 0x80009d68 (0x00006f17) auipc   t5, 0x6
core   0: 3 0x80009d68 (0x00006f17) x30 0x8000fd68
core   0: 0x80009d6c (0x283f2c23) sw      gp, 664(t5)
core   0: 3 0x80009d6c (0x283f2c23) mem 0x80010000 0x00000001
core   0: 0x80009d70 (0xff9ff06f) j       pc - 0x8
core   0: 3 0x80009d70 (0xff9ff06f)
core   0: 0x80009d68 (0x00006f17) auipc   t5, 0x6
core   0: 3 0x80009d68 (0x00006f17) x30 0x8000fd68
core   0: 0x80009d6c (0x283f2c23) sw      gp, 664(t5)
core   0: 3 0x80009d6c (0x283f2c23) mem 0x80010000 0x00000001
core   0: 0x80009d70 (0xff9ff06f) j       pc - 0x8
core   0: 3 0x80009d70 (0xff9ff06f)
core   0: 0x80009d68 (0x00006f17) auipc   t5, 0x6
core   0: 3 0x80009d68 (0x00006f17) x30 0x8000fd68
core   0: 0x80009d6c (0x283f2c23) sw      gp, 664(t5)
core   0: 3 0x80009d6c (0x283f2c23) mem 0x80010000 0x00000001
core   0: 0x80009d70 (0xff9ff06f) j       pc - 0x8
core   0: 3 0x80009d70 (0xff9ff06f)
core   0: 0x80009d68 (0x00006f17) auipc   t5, 0x6
core   0: 3 0x80009d68 (0x00006f17) x30 0x8000fd68
core   0: 0x80009d6c (0x283f2c23) sw      gp, 664(t5)
core   0: 3 0x80009d6c (0x283f2c23) mem 0x80010000 0x00000001
core   0: 0x80009d70 (0xff9ff06f) j       pc - 0x8
core   0: 3 0x80009d70 (0xff9ff06f)
core   0: 0x80009d68 (0x00006f17) auipc   t5, 0x6
core   0: 3 0x80009d68 (0x00006f17) x30 0x8000fd68
core   0: 0x80009d6c (0x283f2c23) sw      gp, 664(t5)
core   0: 3 0x80009d6c (0x283f2c23) mem 0x80010000 0x00000001
core   0: 0x80009d70 (0xff9ff06f) j       pc - 0x8
core   0: 3 0x80009d70 (0xff9ff06f)
core   0: 0x80009d68 (0x00006f17) auipc   t5, 0x6
core   0: 3 0x80009d68 (0x00006f17) x30 0x8000fd68
core   0: 0x80009d6c (0x283f2c23) sw      gp, 664(t5)
core   0: 3 0x80009d6c (0x283f2c23) mem 0x80010000 0x00000001
core   0: 0x80009d70 (0xff9ff06f) j       pc - 0x8
core   0: 3 0x80009d70 (0xff9ff06f)
core   0: 0x80009d68 (0x00006f17) auipc   t5, 0x6
core   0: 3 0x80009d68 (0x00006f17) x30 0x8000fd68
core   0: 0x80009d6c (0x283f2c23) sw      gp, 664(t5)
core   0: 3 0x80009d6c (0x283f2c23) mem 0x80010000 0x00000001
core   0: 0x80009d70 (0xff9ff06f) j       pc - 0x8
core   0: 3 0x80009d70 (0xff9ff06f)
core   0: 0x80009d68 (0x00006f17) auipc   t5, 0x6
core   0: 3 0x80009d68 (0x00006f17) x30 0x8000fd68
core   0: 0x80009d6c (0x283f2c23) sw      gp, 664(t5)
core   0: 3 0x80009d6c (0x283f2c23) mem 0x80010000 0x00000001
core   0: 0x80009d70 (0xff9ff06f) j       pc - 0x8
core   0: 3 0x80009d70 (0xff9ff06f)
core   0: 0x80009d68 (0x00006f17) auipc   t5, 0x6
core   0: 3 0x80009d68 (0x00006f17) x30 0x8000fd68
core   0: 0x80009d6c (0x283f2c23) sw      gp, 664(t5)
core   0: 3 0x80009d6c (0x283f2c23) mem 0x80010000 0x00000001
core   0: 0x80009d70 (0xff9ff06f) j       pc - 0x8
core   0: 3 0x80009d70 (0xff9ff06f)
core   0: 0x80009d68 (0x00006f17) auipc   t5, 0x6
core   0: 3 0x80009d68 (0x00006f17) x30 0x8000fd68
core   0: 0x80009d6c (0x283f2c23) sw      gp, 664(t5)
core   0: 3 0x80009d6c (0x283f2c23) mem 0x80010000 0x00000001
core   0: 0x80009d70 (0xff9ff06f) j       pc - 0x8
core   0: 3 0x80009d70 (0xff9ff06f)
core   0: 0x80009d68 (0x00006f17) auipc   t5, 0x6
core   0: 3 0x80009d68 (0x00006f17) x30 0x8000fd68
core   0: 0x80009d6c (0x283f2c23) sw      gp, 664(t5)
core   0: 3 0x80009d6c (0x283f2c23) mem 0x80010000 0x00000001
core   0: 0x80009d70 (0xff9ff06f) j       pc - 0x8
core   0: 3 0x80009d70 (0xff9ff06f)
core   0: 0x80009d68 (0x00006f17) auipc   t5, 0x6
core   0: 3 0x80009d68 (0x00006f17) x30 0x8000fd68
core   0: 0x80009d6c (0x283f2c23) sw      gp, 664(t5)
core   0: 3 0x80009d6c (0x283f2c23) mem 0x80010000 0x00000001
core   0: 0x80009d70 (0xff9ff06f) j       pc - 0x8
core   0: 3 0x80009d70 (0xff9ff06f)
core   0: 0x80009d68 (0x00006f17) auipc   t5, 0x6
core   0: 3 0x80009d68 (0x00006f17) x30 0x8000fd68
core   0: 0x80009d6c (0x283f2c23) sw      gp, 664(t5)
core   0: 3 0x80009d6c (0x283f2c23) mem 0x80010000 0x00000001
core   0: 0x80009d70 (0xff9ff06f) j       pc - 0x8
core   0: 3 0x80009d70 (0xff9ff06f)
core   0: 0x80009d68 (0x00006f17) auipc   t5, 0x6
core   0: 3 0x80009d68 (0x00006f17) x30 0x8000fd68
core   0: 0x80009d6c (0x283f2c23) sw      gp, 664(t5)
core   0: 3 0x80009d6c (0x283f2c23) mem 0x80010000 0x00000001
core   0: 0x80009d70 (0xff9ff06f) j       pc - 0x8
core   0: 3 0x80009d70 (0xff9ff06f)
core   0: 0x80009d68 (0x00006f17) auipc   t5, 0x6
core   0: 3 0x80009d68 (0x00006f17) x30 0x8000fd68
core   0: 0x80009d6c (0x283f2c23) sw      gp, 664(t5)
core   0: 3 0x80009d6c (0x283f2c23) mem 0x80010000 0x00000001
core   0: 0x80009d70 (0xff9ff06f) j       pc - 0x8
core   0: 3 0x80009d70 (0xff9ff06f)
core   0: 0x80009d68 (0x00006f17) auipc   t5, 0x6
core   0: 3 0x80009d68 (0x00006f17) x30 0x8000fd68
core   0: 0x80009d6c (0x283f2c23) sw      gp, 664(t5)
core   0: 3 0x80009d6c (0x283f2c23) mem 0x80010000 0x00000001
core   0: 0x80009d70 (0xff9ff06f) j       pc - 0x8
core   0: 3 0x80009d70 (0xff9ff06f)
core   0: 0x80009d68 (0x00006f17) auipc   t5, 0x6
core   0: 3 0x80009d68 (0x00006f17) x30 0x8000fd68
core   0: 0x80009d6c (0x283f2c23) sw      gp, 664(t5)
core   0: 3 0x80009d6c (0x283f2c23) mem 0x80010000 0x00000001
core   0: 0x80009d70 (0xff9ff06f) j       pc - 0x8
core   0: 3 0x80009d70 (0xff9ff06f)
core   0: 0x80009d68 (0x00006f17) auipc   t5, 0x6
core   0: 3 0x80009d68 (0x00006f17) x30 0x8000fd68
core   0: 0x80009d6c (0x283f2c23) sw      gp, 664(t5)
core   0: 3 0x80009d6c (0x283f2c23) mem 0x80010000 0x00000001
core   0: 0x80009d70 (0xff9ff06f) j       pc - 0x8
core   0: 3 0x80009d70 (0xff9ff06f)
core   0: 0x80009d68 (0x00006f17) auipc   t5, 0x6
core   0: 3 0x80009d68 (0x00006f17) x30 0x8000fd68
core   0: 0x80009d6c (0x283f2c23) sw      gp, 664(t5)
core   0: 3 0x80009d6c (0x283f2c23) mem 0x80010000 0x00000001
core   0: 0x80009d70 (0xff9ff06f) j       pc - 0x8
core   0: 3 0x80009d70 (0xff9ff06f)
core   0: 0x80009d68 (0x00006f17) auipc   t5, 0x6
core   0: 3 0x80009d68 (0x00006f17) x30 0x8000fd68
core   0: 0x80009d6c (0x283f2c23) sw      gp, 664(t5)
core   0: 3 0x80009d6c (0x283f2c23) mem 0x80010000 0x00000001
core   0: 0x80009d70 (0xff9ff06f) j       pc - 0x8
core   0: 3 0x80009d70 (0xff9ff06f)
core   0: 0x80009d68 (0x00006f17) auipc   t5, 0x6
core   0: 3 0x80009d68 (0x00006f17) x30 0x8000fd68
core   0: 0x80009d6c (0x283f2c23) sw      gp, 664(t5)
core   0: 3 0x80009d6c (0x283f2c23) mem 0x80010000 0x00000001
core   0: 0x80009d70 (0xff9ff06f) j       pc - 0x8
core   0: 3 0x80009d70 (0xff9ff06f)
core   0: 0x80009d68 (0x00006f17) auipc   t5, 0x6
core   0: 3 0x80009d68 (0x00006f17) x30 0x8000fd68
core   0: 0x80009d6c (0x283f2c23) sw      gp, 664(t5)
core   0: 3 0x80009d6c (0x283f2c23) mem 0x80010000 0x00000001
core   0: 0x80009d70 (0xff9ff06f) j       pc - 0x8
core   0: 3 0x80009d70 (0xff9ff06f)
core   0: 0x80009d68 (0x00006f17) auipc   t5, 0x6
core   0: 3 0x80009d68 (0x00006f17) x30 0x8000fd68
core   0: 0x80009d6c (0x283f2c23) sw      gp, 664(t5)
core   0: 3 0x80009d6c (0x283f2c23) mem 0x80010000 0x00000001
core   0: 0x80009d70 (0xff9ff06f) j       pc - 0x8
core   0: 3 0x80009d70 (0xff9ff06f)
core   0: 0x80009d68 (0x00006f17) auipc   t5, 0x6
core   0: 3 0x80009d68 (0x00006f17) x30 0x8000fd68
core   0: 0x80009d6c (0x283f2c23) sw      gp, 664(t5)
core   0: 3 0x80009d6c (0x283f2c23) mem 0x80010000 0x00000001
core   0: 0x80009d70 (0xff9ff06f) j       pc - 0x8
core   0: 3 0x80009d70 (0xff9ff06f)
core   0: 0x80009d68 (0x00006f17) auipc   t5, 0x6
core   0: 3 0x80009d68 (0x00006f17) x30 0x8000fd68
core   0: 0x80009d6c (0x283f2c23) sw      gp, 664(t5)
core   0: 3 0x80009d6c (0x283f2c23) mem 0x80010000 0x00000001
core   0: 0x80009d70 (0xff9ff06f) j       pc - 0x8
core   0: 3 0x80009d70 (0xff9ff06f)
core   0: 0x80009d68 (0x00006f17) auipc   t5, 0x6
core   0: 3 0x80009d68 (0x00006f17) x30 0x8000fd68
core   0: 0x80009d6c (0x283f2c23) sw      gp, 664(t5)
core   0: 3 0x80009d6c (0x283f2c23) mem 0x80010000 0x00000001
core   0: 0x80009d70 (0xff9ff06f) j       pc - 0x8
core   0: 3 0x80009d70 (0xff9ff06f)
core   0: 0x80009d68 (0x00006f17) auipc   t5, 0x6
core   0: 3 0x80009d68 (0x00006f17) x30 0x8000fd68
core   0: 0x80009d6c (0x283f2c23) sw      gp, 664(t5)
core   0: 3 0x80009d6c (0x283f2c23) mem 0x80010000 0x00000001
core   0: 0x80009d70 (0xff9ff06f) j       pc - 0x8
core   0: 3 0x80009d70 (0xff9ff06f)
core   0: 0x80009d68 (0x00006f17) auipc   t5, 0x6
core   0: 3 0x80009d68 (0x00006f17) x30 0x8000fd68
core   0: 0x80009d6c (0x283f2c23) sw      gp, 664(t5)
core   0: 3 0x80009d6c (0x283f2c23) mem 0x80010000 0x00000001
core   0: 0x80009d70 (0xff9ff06f) j       pc - 0x8
core   0: 3 0x80009d70 (0xff9ff06f)
core   0: 0x80009d68 (0x00006f17) auipc   t5, 0x6
core   0: 3 0x80009d68 (0x00006f17) x30 0x8000fd68
core   0: 0x80009d6c (0x283f2c23) sw      gp, 664(t5)
core   0: 3 0x80009d6c (0x283f2c23) mem 0x80010000 0x00000001
core   0: 0x80009d70 (0xff9ff06f) j       pc - 0x8
core   0: 3 0x80009d70 (0xff9ff06f)
core   0: 0x80009d68 (0x00006f17) auipc   t5, 0x6
core   0: 3 0x80009d68 (0x00006f17) x30 0x8000fd68
core   0: 0x80009d6c (0x283f2c23) sw      gp, 664(t5)
core   0: 3 0x80009d6c (0x283f2c23) mem 0x80010000 0x00000001
core   0: 0x80009d70 (0xff9ff06f) j       pc - 0x8
core   0: 3 0x80009d70 (0xff9ff06f)
core   0: 0x80009d68 (0x00006f17) auipc   t5, 0x6
core   0: 3 0x80009d68 (0x00006f17) x30 0x8000fd68
core   0: 0x80009d6c (0x283f2c23) sw      gp, 664(t5)
core   0: 3 0x80009d6c (0x283f2c23) mem 0x80010000 0x00000001
core   0: 0x80009d70 (0xff9ff06f) j       pc - 0x8
core   0: 3 0x80009d70 (0xff9ff06f)
core   0: 0x80009d68 (0x00006f17) auipc   t5, 0x6
core   0: 3 0x80009d68 (0x00006f17) x30 0x8000fd68
core   0: 0x80009d6c (0x283f2c23) sw      gp, 664(t5)
core   0: 3 0x80009d6c (0x283f2c23) mem 0x80010000 0x00000001
core   0: 0x80009d70 (0xff9ff06f) j       pc - 0x8
core   0: 3 0x80009d70 (0xff9ff06f)
core   0: 0x80009d68 (0x00006f17) auipc   t5, 0x6
core   0: 3 0x80009d68 (0x00006f17) x30 0x8000fd68
core   0: 0x80009d6c (0x283f2c23) sw      gp, 664(t5)
core   0: 3 0x80009d6c (0x283f2c23) mem 0x80010000 0x00000001
core   0: 0x80009d70 (0xff9ff06f) j       pc - 0x8
core   0: 3 0x80009d70 (0xff9ff06f)
core   0: 0x80009d68 (0x00006f17) auipc   t5, 0x6
core   0: 3 0x80009d68 (0x00006f17) x30 0x8000fd68
core   0: 0x80009d6c (0x283f2c23) sw      gp, 664(t5)
core   0: 3 0x80009d6c (0x283f2c23) mem 0x80010000 0x00000001
core   0: 0x80009d70 (0xff9ff06f) j       pc - 0x8
core   0: 3 0x80009d70 (0xff9ff06f)
core   0: 0x80009d68 (0x00006f17) auipc   t5, 0x6
core   0: 3 0x80009d68 (0x00006f17) x30 0x8000fd68
core   0: 0x80009d6c (0x283f2c23) sw      gp, 664(t5)
core   0: 3 0x80009d6c (0x283f2c23) mem 0x80010000 0x00000001
core   0: 0x80009d70 (0xff9ff06f) j       pc - 0x8
core   0: 3 0x80009d70 (0xff9ff06f)
core   0: 0x80009d68 (0x00006f17) auipc   t5, 0x6
core   0: 3 0x80009d68 (0x00006f17) x30 0x8000fd68
core   0: 0x80009d6c (0x283f2c23) sw      gp, 664(t5)
core   0: 3 0x80009d6c (0x283f2c23) mem 0x80010000 0x00000001
core   0: 0x80009d70 (0xff9ff06f) j       pc - 0x8
core   0: 3 0x80009d70 (0xff9ff06f)
core   0: 0x80009d68 (0x00006f17) auipc   t5, 0x6
core   0: 3 0x80009d68 (0x00006f17) x30 0x8000fd68
core   0: 0x80009d6c (0x283f2c23) sw      gp, 664(t5)
core   0: 3 0x80009d6c (0x283f2c23) mem 0x80010000 0x00000001
core   0: 0x80009d70 (0xff9ff06f) j       pc - 0x8
core   0: 3 0x80009d70 (0xff9ff06f)
core   0: 0x80009d68 (0x00006f17) auipc   t5, 0x6
core   0: 3 0x80009d68 (0x00006f17) x30 0x8000fd68
core   0: 0x80009d6c (0x283f2c23) sw      gp, 664(t5)
core   0: 3 0x80009d6c (0x283f2c23) mem 0x80010000 0x00000001
core   0: 0x80009d70 (0xff9ff06f) j       pc - 0x8
core   0: 3 0x80009d70 (0xff9ff06f)
core   0: 0x80009d68 (0x00006f17) auipc   t5, 0x6
core   0: 3 0x80009d68 (0x00006f17) x30 0x8000fd68
core   0: 0x80009d6c (0x283f2c23) sw      gp, 664(t5)
core   0: 3 0x80009d6c (0x283f2c23) mem 0x80010000 0x00000001
core   0: 0x80009d70 (0xff9ff06f) j       pc - 0x8
core   0: 3 0x80009d70 (0xff9ff06f)
core   0: 0x80009d68 (0x00006f17) auipc   t5, 0x6
core   0: 3 0x80009d68 (0x00006f17) x30 0x8000fd68
core   0: 0x80009d6c (0x283f2c23) sw      gp, 664(t5)
core   0: 3 0x80009d6c (0x283f2c23) mem 0x80010000 0x00000001
core   0: 0x80009d70 (0xff9ff06f) j       pc - 0x8
core   0: 3 0x80009d70 (0xff9ff06f)
core   0: 0x80009d68 (0x00006f17) auipc   t5, 0x6
core   0: 3 0x80009d68 (0x00006f17) x30 0x8000fd68
core   0: 0x80009d6c (0x283f2c23) sw      gp, 664(t5)
core   0: 3 0x80009d6c (0x283f2c23) mem 0x80010000 0x00000001
core   0: 0x80009d70 (0xff9ff06f) j       pc - 0x8
core   0: 3 0x80009d70 (0xff9ff06f)
core   0: 0x80009d68 (0x00006f17) auipc   t5, 0x6
core   0: 3 0x80009d68 (0x00006f17) x30 0x8000fd68
core   0: 0x80009d6c (0x283f2c23) sw      gp, 664(t5)
core   0: 3 0x80009d6c (0x283f2c23) mem 0x80010000 0x00000001
core   0: 0x80009d70 (0xff9ff06f) j       pc - 0x8
core   0: 3 0x80009d70 (0xff9ff06f)
core   0: 0x80009d68 (0x00006f17) auipc   t5, 0x6
core   0: 3 0x80009d68 (0x00006f17) x30 0x8000fd68
core   0: 0x80009d6c (0x283f2c23) sw      gp, 664(t5)
core   0: 3 0x80009d6c (0x283f2c23) mem 0x80010000 0x00000001
core   0: 0x80009d70 (0xff9ff06f) j       pc - 0x8
core   0: 3 0x80009d70 (0xff9ff06f)
core   0: 0x80009d68 (0x00006f17) auipc   t5, 0x6
core   0: 3 0x80009d68 (0x00006f17) x30 0x8000fd68
core   0: 0x80009d6c (0x283f2c23) sw      gp, 664(t5)
core   0: 3 0x80009d6c (0x283f2c23) mem 0x80010000 0x00000001
core   0: 0x80009d70 (0xff9ff06f) j       pc - 0x8
core   0: 3 0x80009d70 (0xff9ff06f)
core   0: 0x80009d68 (0x00006f17) auipc   t5, 0x6
core   0: 3 0x80009d68 (0x00006f17) x30 0x8000fd68
core   0: 0x80009d6c (0x283f2c23) sw      gp, 664(t5)
core   0: 3 0x80009d6c (0x283f2c23) mem 0x80010000 0x00000001
core   0: 0x80009d70 (0xff9ff06f) j       pc - 0x8
core   0: 3 0x80009d70 (0xff9ff06f)
core   0: 0x80009d68 (0x00006f17) auipc   t5, 0x6
core   0: 3 0x80009d68 (0x00006f17) x30 0x8000fd68
core   0: 0x80009d6c (0x283f2c23) sw      gp, 664(t5)
core   0: 3 0x80009d6c (0x283f2c23) mem 0x80010000 0x00000001
core   0: 0x80009d70 (0xff9ff06f) j       pc - 0x8
core   0: 3 0x80009d70 (0xff9ff06f)
core   0: 0x80009d68 (0x00006f17) auipc   t5, 0x6
core   0: 3 0x80009d68 (0x00006f17) x30 0x8000fd68
core   0: 0x80009d6c (0x283f2c23) sw      gp, 664(t5)
core   0: 3 0x80009d6c (0x283f2c23) mem 0x80010000 0x00000001
core   0: 0x80009d70 (0xff9ff06f) j       pc - 0x8
core   0: 3 0x80009d70 (0xff9ff06f)
core   0: 0x80009d68 (0x00006f17) auipc   t5, 0x6
core   0: 3 0x80009d68 (0x00006f17) x30 0x8000fd68
core   0: 0x80009d6c (0x283f2c23) sw      gp, 664(t5)
core   0: 3 0x80009d6c (0x283f2c23) mem 0x80010000 0x00000001
core   0: 0x80009d70 (0xff9ff06f) j       pc - 0x8
core   0: 3 0x80009d70 (0xff9ff06f)
core   0: 0x80009d68 (0x00006f17) auipc   t5, 0x6
core   0: 3 0x80009d68 (0x00006f17) x30 0x8000fd68
core   0: 0x80009d6c (0x283f2c23) sw      gp, 664(t5)
core   0: 3 0x80009d6c (0x283f2c23) mem 0x80010000 0x00000001
core   0: 0x80009d70 (0xff9ff06f) j       pc - 0x8
core   0: 3 0x80009d70 (0xff9ff06f)
core   0: 0x80009d68 (0x00006f17) auipc   t5, 0x6
core   0: 3 0x80009d68 (0x00006f17) x30 0x8000fd68
core   0: 0x80009d6c (0x283f2c23) sw      gp, 664(t5)
core   0: 3 0x80009d6c (0x283f2c23) mem 0x80010000 0x00000001
core   0: 0x80009d70 (0xff9ff06f) j       pc - 0x8
core   0: 3 0x80009d70 (0xff9ff06f)
core   0: 0x80009d68 (0x00006f17) auipc   t5, 0x6
core   0: 3 0x80009d68 (0x00006f17) x30 0x8000fd68
core   0: 0x80009d6c (0x283f2c23) sw      gp, 664(t5)
core   0: 3 0x80009d6c (0x283f2c23) mem 0x80010000 0x00000001
core   0: 0x80009d70 (0xff9ff06f) j       pc - 0x8
core   0: 3 0x80009d70 (0xff9ff06f)
core   0: 0x80009d68 (0x00006f17) auipc   t5, 0x6
core   0: 3 0x80009d68 (0x00006f17) x30 0x8000fd68
core   0: 0x80009d6c (0x283f2c23) sw      gp, 664(t5)
core   0: 3 0x80009d6c (0x283f2c23) mem 0x80010000 0x00000001
core   0: 0x80009d70 (0xff9ff06f) j       pc - 0x8
core   0: 3 0x80009d70 (0xff9ff06f)
core   0: 0x80009d68 (0x00006f17) auipc   t5, 0x6
core   0: 3 0x80009d68 (0x00006f17) x30 0x8000fd68
core   0: 0x80009d6c (0x283f2c23) sw      gp, 664(t5)
core   0: 3 0x80009d6c (0x283f2c23) mem 0x80010000 0x00000001
core   0: 0x80009d70 (0xff9ff06f) j       pc - 0x8
core   0: 3 0x80009d70 (0xff9ff06f)
core   0: 0x80009d68 (0x00006f17) auipc   t5, 0x6
core   0: 3 0x80009d68 (0x00006f17) x30 0x8000fd68
core   0: 0x80009d6c (0x283f2c23) sw      gp, 664(t5)
core   0: 3 0x80009d6c (0x283f2c23) mem 0x80010000 0x00000001
core   0: 0x80009d70 (0xff9ff06f) j       pc - 0x8
core   0: 3 0x80009d70 (0xff9ff06f)
core   0: 0x80009d68 (0x00006f17) auipc   t5, 0x6
core   0: 3 0x80009d68 (0x00006f17) x30 0x8000fd68
core   0: 0x80009d6c (0x283f2c23) sw      gp, 664(t5)
core   0: 3 0x80009d6c (0x283f2c23) mem 0x80010000 0x00000001
core   0: 0x80009d70 (0xff9ff06f) j       pc - 0x8
core   0: 3 0x80009d70 (0xff9ff06f)
core   0: 0x80009d68 (0x00006f17) auipc   t5, 0x6
core   0: 3 0x80009d68 (0x00006f17) x30 0x8000fd68
core   0: 0x80009d6c (0x283f2c23) sw      gp, 664(t5)
core   0: 3 0x80009d6c (0x283f2c23) mem 0x80010000 0x00000001
core   0: 0x80009d70 (0xff9ff06f) j       pc - 0x8
core   0: 3 0x80009d70 (0xff9ff06f)
core   0: 0x80009d68 (0x00006f17) auipc   t5, 0x6
core   0: 3 0x80009d68 (0x00006f17) x30 0x8000fd68
core   0: 0x80009d6c (0x283f2c23) sw      gp, 664(t5)
core   0: 3 0x80009d6c (0x283f2c23) mem 0x80010000 0x00000001
core   0: 0x80009d70 (0xff9ff06f) j       pc - 0x8
core   0: 3 0x80009d70 (0xff9ff06f)
core   0: 0x80009d68 (0x00006f17) auipc   t5, 0x6
core   0: 3 0x80009d68 (0x00006f17) x30 0x8000fd68
core   0: 0x80009d6c (0x283f2c23) sw      gp, 664(t5)
core   0: 3 0x80009d6c (0x283f2c23) mem 0x80010000 0x00000001
core   0: 0x80009d70 (0xff9ff06f) j       pc - 0x8
core   0: 3 0x80009d70 (0xff9ff06f)
core   0: 0x80009d68 (0x00006f17) auipc   t5, 0x6
core   0: 3 0x80009d68 (0x00006f17) x30 0x8000fd68
core   0: 0x80009d6c (0x283f2c23) sw      gp, 664(t5)
core   0: 3 0x80009d6c (0x283f2c23) mem 0x80010000 0x00000001
core   0: 0x80009d70 (0xff9ff06f) j       pc - 0x8
core   0: 3 0x80009d70 (0xff9ff06f)
core   0: 0x80009d68 (0x00006f17) auipc   t5, 0x6
core   0: 3 0x80009d68 (0x00006f17) x30 0x8000fd68
core   0: 0x80009d6c (0x283f2c23) sw      gp, 664(t5)
core   0: 3 0x80009d6c (0x283f2c23) mem 0x80010000 0x00000001
core   0: 0x80009d70 (0xff9ff06f) j       pc - 0x8
core   0: 3 0x80009d70 (0xff9ff06f)
core   0: 0x80009d68 (0x00006f17) auipc   t5, 0x6
core   0: 3 0x80009d68 (0x00006f17) x30 0x8000fd68
core   0: 0x80009d6c (0x283f2c23) sw      gp, 664(t5)
core   0: 3 0x80009d6c (0x283f2c23) mem 0x80010000 0x00000001
core   0: 0x80009d70 (0xff9ff06f) j       pc - 0x8
core   0: 3 0x80009d70 (0xff9ff06f)
core   0: 0x80009d68 (0x00006f17) auipc   t5, 0x6
core   0: 3 0x80009d68 (0x00006f17) x30 0x8000fd68
core   0: 0x80009d6c (0x283f2c23) sw      gp, 664(t5)
core   0: 3 0x80009d6c (0x283f2c23) mem 0x80010000 0x00000001
core   0: 0x80009d70 (0xff9ff06f) j       pc - 0x8
core   0: 3 0x80009d70 (0xff9ff06f)
core   0: 0x80009d68 (0x00006f17) auipc   t5, 0x6
core   0: 3 0x80009d68 (0x00006f17) x30 0x8000fd68
core   0: 0x80009d6c (0x283f2c23) sw      gp, 664(t5)
core   0: 3 0x80009d6c (0x283f2c23) mem 0x80010000 0x00000001
core   0: 0x80009d70 (0xff9ff06f) j       pc - 0x8
core   0: 3 0x80009d70 (0xff9ff06f)
core   0: 0x80009d68 (0x00006f17) auipc   t5, 0x6
core   0: 3 0x80009d68 (0x00006f17) x30 0x8000fd68
core   0: 0x80009d6c (0x283f2c23) sw      gp, 664(t5)
core   0: 3 0x80009d6c (0x283f2c23) mem 0x80010000 0x00000001
core   0: 0x80009d70 (0xff9ff06f) j       pc - 0x8
core   0: 3 0x80009d70 (0xff9ff06f)
core   0: 0x80009d68 (0x00006f17) auipc   t5, 0x6
core   0: 3 0x80009d68 (0x00006f17) x30 0x8000fd68
core   0: 0x80009d6c (0x283f2c23) sw      gp, 664(t5)
core   0: 3 0x80009d6c (0x283f2c23) mem 0x80010000 0x00000001
core   0: 0x80009d70 (0xff9ff06f) j       pc - 0x8
core   0: 3 0x80009d70 (0xff9ff06f)
core   0: 0x80009d68 (0x00006f17) auipc   t5, 0x6
core   0: 3 0x80009d68 (0x00006f17) x30 0x8000fd68
core   0: 0x80009d6c (0x283f2c23) sw      gp, 664(t5)
core   0: 3 0x80009d6c (0x283f2c23) mem 0x80010000 0x00000001
core   0: 0x80009d70 (0xff9ff06f) j       pc - 0x8
core   0: 3 0x80009d70 (0xff9ff06f)
core   0: 0x80009d68 (0x00006f17) auipc   t5, 0x6
core   0: 3 0x80009d68 (0x00006f17) x30 0x8000fd68
core   0: 0x80009d6c (0x283f2c23) sw      gp, 664(t5)
core   0: 3 0x80009d6c (0x283f2c23) mem 0x80010000 0x00000001
core   0: 0x80009d70 (0xff9ff06f) j       pc - 0x8
core   0: 3 0x80009d70 (0xff9ff06f)
core   0: 0x80009d68 (0x00006f17) auipc   t5, 0x6
core   0: 3 0x80009d68 (0x00006f17) x30 0x8000fd68
core   0: 0x80009d6c (0x283f2c23) sw      gp, 664(t5)
core   0: 3 0x80009d6c (0x283f2c23) mem 0x80010000 0x00000001
core   0: 0x80009d70 (0xff9ff06f) j       pc - 0x8
core   0: 3 0x80009d70 (0xff9ff06f)
core   0: 0x80009d68 (0x00006f17) auipc   t5, 0x6
core   0: 3 0x80009d68 (0x00006f17) x30 0x8000fd68
core   0: 0x80009d6c (0x283f2c23) sw      gp, 664(t5)
core   0: 3 0x80009d6c (0x283f2c23) mem 0x80010000 0x00000001
core   0: 0x80009d70 (0xff9ff06f) j       pc - 0x8
core   0: 3 0x80009d70 (0xff9ff06f)
core   0: 0x80009d68 (0x00006f17) auipc   t5, 0x6
core   0: 3 0x80009d68 (0x00006f17) x30 0x8000fd68
core   0: 0x80009d6c (0x283f2c23) sw      gp, 664(t5)
core   0: 3 0x80009d6c (0x283f2c23) mem 0x80010000 0x00000001
core   0: 0x80009d70 (0xff9ff06f) j       pc - 0x8
core   0: 3 0x80009d70 (0xff9ff06f)
core   0: 0x80009d68 (0x00006f17) auipc   t5, 0x6
core   0: 3 0x80009d68 (0x00006f17) x30 0x8000fd68
core   0: 0x80009d6c (0x283f2c23) sw      gp, 664(t5)
core   0: 3 0x80009d6c (0x283f2c23) mem 0x80010000 0x00000001
core   0: 0x80009d70 (0xff9ff06f) j       pc - 0x8
core   0: 3 0x80009d70 (0xff9ff06f)
core   0: 0x80009d68 (0x00006f17) auipc   t5, 0x6
core   0: 3 0x80009d68 (0x00006f17) x30 0x8000fd68
core   0: 0x80009d6c (0x283f2c23) sw      gp, 664(t5)
core   0: 3 0x80009d6c (0x283f2c23) mem 0x80010000 0x00000001
core   0: 0x80009d70 (0xff9ff06f) j       pc - 0x8
core   0: 3 0x80009d70 (0xff9ff06f)
core   0: 0x80009d68 (0x00006f17) auipc   t5, 0x6
core   0: 3 0x80009d68 (0x00006f17) x30 0x8000fd68
core   0: 0x80009d6c (0x283f2c23) sw      gp, 664(t5)
core   0: 3 0x80009d6c (0x283f2c23) mem 0x80010000 0x00000001
core   0: 0x80009d70 (0xff9ff06f) j       pc - 0x8
core   0: 3 0x80009d70 (0xff9ff06f)
core   0: 0x80009d68 (0x00006f17) auipc   t5, 0x6
core   0: 3 0x80009d68 (0x00006f17) x30 0x8000fd68
core   0: 0x80009d6c (0x283f2c23) sw      gp, 664(t5)
core   0: 3 0x80009d6c (0x283f2c23) mem 0x80010000 0x00000001
core   0: 0x80009d70 (0xff9ff06f) j       pc - 0x8
core   0: 3 0x80009d70 (0xff9ff06f)
core   0: 0x80009d68 (0x00006f17) auipc   t5, 0x6
core   0: 3 0x80009d68 (0x00006f17) x30 0x8000fd68
core   0: 0x80009d6c (0x283f2c23) sw      gp, 664(t5)
core   0: 3 0x80009d6c (0x283f2c23) mem 0x80010000 0x00000001
core   0: 0x80009d70 (0xff9ff06f) j       pc - 0x8
core   0: 3 0x80009d70 (0xff9ff06f)
core   0: 0x80009d68 (0x00006f17) auipc   t5, 0x6
core   0: 3 0x80009d68 (0x00006f17) x30 0x8000fd68
core   0: 0x80009d6c (0x283f2c23) sw      gp, 664(t5)
core   0: 3 0x80009d6c (0x283f2c23) mem 0x80010000 0x00000001
core   0: 0x80009d70 (0xff9ff06f) j       pc - 0x8
core   0: 3 0x80009d70 (0xff9ff06f)
core   0: 0x80009d68 (0x00006f17) auipc   t5, 0x6
core   0: 3 0x80009d68 (0x00006f17) x30 0x8000fd68
core   0: 0x80009d6c (0x283f2c23) sw      gp, 664(t5)
core   0: 3 0x80009d6c (0x283f2c23) mem 0x80010000 0x00000001
core   0: 0x80009d70 (0xff9ff06f) j       pc - 0x8
core   0: 3 0x80009d70 (0xff9ff06f)
core   0: 0x80009d68 (0x00006f17) auipc   t5, 0x6
core   0: 3 0x80009d68 (0x00006f17) x30 0x8000fd68
core   0: 0x80009d6c (0x283f2c23) sw      gp, 664(t5)
core   0: 3 0x80009d6c (0x283f2c23) mem 0x80010000 0x00000001
core   0: 0x80009d70 (0xff9ff06f) j       pc - 0x8
core   0: 3 0x80009d70 (0xff9ff06f)
core   0: 0x80009d68 (0x00006f17) auipc   t5, 0x6
core   0: 3 0x80009d68 (0x00006f17) x30 0x8000fd68
core   0: 0x80009d6c (0x283f2c23) sw      gp, 664(t5)
core   0: 3 0x80009d6c (0x283f2c23) mem 0x80010000 0x00000001
core   0: 0x80009d70 (0xff9ff06f) j       pc - 0x8
core   0: 3 0x80009d70 (0xff9ff06f)
core   0: 0x80009d68 (0x00006f17) auipc   t5, 0x6
core   0: 3 0x80009d68 (0x00006f17) x30 0x8000fd68
core   0: 0x80009d6c (0x283f2c23) sw      gp, 664(t5)
core   0: 3 0x80009d6c (0x283f2c23) mem 0x80010000 0x00000001
core   0: 0x80009d70 (0xff9ff06f) j       pc - 0x8
core   0: 3 0x80009d70 (0xff9ff06f)
core   0: 0x80009d68 (0x00006f17) auipc   t5, 0x6
core   0: 3 0x80009d68 (0x00006f17) x30 0x8000fd68
core   0: 0x80009d6c (0x283f2c23) sw      gp, 664(t5)
core   0: 3 0x80009d6c (0x283f2c23) mem 0x80010000 0x00000001
core   0: 0x80009d70 (0xff9ff06f) j       pc - 0x8
core   0: 3 0x80009d70 (0xff9ff06f)
core   0: 0x80009d68 (0x00006f17) auipc   t5, 0x6
core   0: 3 0x80009d68 (0x00006f17) x30 0x8000fd68
core   0: 0x80009d6c (0x283f2c23) sw      gp, 664(t5)
core   0: 3 0x80009d6c (0x283f2c23) mem 0x80010000 0x00000001
core   0: 0x80009d70 (0xff9ff06f) j       pc - 0x8
core   0: 3 0x80009d70 (0xff9ff06f)
core   0: 0x80009d68 (0x00006f17) auipc   t5, 0x6
core   0: 3 0x80009d68 (0x00006f17) x30 0x8000fd68
core   0: 0x80009d6c (0x283f2c23) sw      gp, 664(t5)
core   0: 3 0x80009d6c (0x283f2c23) mem 0x80010000 0x00000001
core   0: 0x80009d70 (0xff9ff06f) j       pc - 0x8
core   0: 3 0x80009d70 (0xff9ff06f)
core   0: 0x80009d68 (0x00006f17) auipc   t5, 0x6
core   0: 3 0x80009d68 (0x00006f17) x30 0x8000fd68
core   0: 0x80009d6c (0x283f2c23) sw      gp, 664(t5)
core   0: 3 0x80009d6c (0x283f2c23) mem 0x80010000 0x00000001
core   0: 0x80009d70 (0xff9ff06f) j       pc - 0x8
core   0: 3 0x80009d70 (0xff9ff06f)
core   0: 0x80009d68 (0x00006f17) auipc   t5, 0x6
core   0: 3 0x80009d68 (0x00006f17) x30 0x8000fd68
core   0: 0x80009d6c (0x283f2c23) sw      gp, 664(t5)
core   0: 3 0x80009d6c (0x283f2c23) mem 0x80010000 0x00000001
core   0: 0x80009d70 (0xff9ff06f) j       pc - 0x8
core   0: 3 0x80009d70 (0xff9ff06f)
core   0: 0x80009d68 (0x00006f17) auipc   t5, 0x6
core   0: 3 0x80009d68 (0x00006f17) x30 0x8000fd68
core   0: 0x80009d6c (0x283f2c23) sw      gp, 664(t5)
core   0: 3 0x80009d6c (0x283f2c23) mem 0x80010000 0x00000001
core   0: 0x80009d70 (0xff9ff06f) j       pc - 0x8
core   0: 3 0x80009d70 (0xff9ff06f)
core   0: 0x80009d68 (0x00006f17) auipc   t5, 0x6
core   0: 3 0x80009d68 (0x00006f17) x30 0x8000fd68
core   0: 0x80009d6c (0x283f2c23) sw      gp, 664(t5)
core   0: 3 0x80009d6c (0x283f2c23) mem 0x80010000 0x00000001
core   0: 0x80009d70 (0xff9ff06f) j       pc - 0x8
core   0: 3 0x80009d70 (0xff9ff06f)
core   0: 0x80009d68 (0x00006f17) auipc   t5, 0x6
core   0: 3 0x80009d68 (0x00006f17) x30 0x8000fd68
core   0: 0x80009d6c (0x283f2c23) sw      gp, 664(t5)
core   0: 3 0x80009d6c (0x283f2c23) mem 0x80010000 0x00000001
core   0: 0x80009d70 (0xff9ff06f) j       pc - 0x8
core   0: 3 0x80009d70 (0xff9ff06f)
core   0: 0x80009d68 (0x00006f17) auipc   t5, 0x6
core   0: 3 0x80009d68 (0x00006f17) x30 0x8000fd68
core   0: 0x80009d6c (0x283f2c23) sw      gp, 664(t5)
core   0: 3 0x80009d6c (0x283f2c23) mem 0x80010000 0x00000001
core   0: 0x80009d70 (0xff9ff06f) j       pc - 0x8
core   0: 3 0x80009d70 (0xff9ff06f)
core   0: 0x80009d68 (0x00006f17) auipc   t5, 0x6
core   0: 3 0x80009d68 (0x00006f17) x30 0x8000fd68
core   0: 0x80009d6c (0x283f2c23) sw      gp, 664(t5)
core   0: 3 0x80009d6c (0x283f2c23) mem 0x80010000 0x00000001
core   0: 0x80009d70 (0xff9ff06f) j       pc - 0x8
core   0: 3 0x80009d70 (0xff9ff06f)
core   0: 0x80009d68 (0x00006f17) auipc   t5, 0x6
core   0: 3 0x80009d68 (0x00006f17) x30 0x8000fd68
core   0: 0x80009d6c (0x283f2c23) sw      gp, 664(t5)
core   0: 3 0x80009d6c (0x283f2c23) mem 0x80010000 0x00000001
core   0: 0x80009d70 (0xff9ff06f) j       pc - 0x8
core   0: 3 0x80009d70 (0xff9ff06f)
core   0: 0x80009d68 (0x00006f17) auipc   t5, 0x6
core   0: 3 0x80009d68 (0x00006f17) x30 0x8000fd68
core   0: 0x80009d6c (0x283f2c23) sw      gp, 664(t5)
core   0: 3 0x80009d6c (0x283f2c23) mem 0x80010000 0x00000001
core   0: 0x80009d70 (0xff9ff06f) j       pc - 0x8
core   0: 3 0x80009d70 (0xff9ff06f)
core   0: 0x80009d68 (0x00006f17) auipc   t5, 0x6
core   0: 3 0x80009d68 (0x00006f17) x30 0x8000fd68
core   0: 0x80009d6c (0x283f2c23) sw      gp, 664(t5)
core   0: 3 0x80009d6c (0x283f2c23) mem 0x80010000 0x00000001
core   0: 0x80009d70 (0xff9ff06f) j       pc - 0x8
core   0: 3 0x80009d70 (0xff9ff06f)
core   0: 0x80009d68 (0x00006f17) auipc   t5, 0x6
core   0: 3 0x80009d68 (0x00006f17) x30 0x8000fd68
core   0: 0x80009d6c (0x283f2c23) sw      gp, 664(t5)
core   0: 3 0x80009d6c (0x283f2c23) mem 0x80010000 0x00000001
core   0: 0x80009d70 (0xff9ff06f) j       pc - 0x8
core   0: 3 0x80009d70 (0xff9ff06f)
core   0: 0x80009d68 (0x00006f17) auipc   t5, 0x6
core   0: 3 0x80009d68 (0x00006f17) x30 0x8000fd68
core   0: 0x80009d6c (0x283f2c23) sw      gp, 664(t5)
core   0: 3 0x80009d6c (0x283f2c23) mem 0x80010000 0x00000001
core   0: 0x80009d70 (0xff9ff06f) j       pc - 0x8
core   0: 3 0x80009d70 (0xff9ff06f)
core   0: 0x80009d68 (0x00006f17) auipc   t5, 0x6
core   0: 3 0x80009d68 (0x00006f17) x30 0x8000fd68
core   0: 0x80009d6c (0x283f2c23) sw      gp, 664(t5)
core   0: 3 0x80009d6c (0x283f2c23) mem 0x80010000 0x00000001
core   0: 0x80009d70 (0xff9ff06f) j       pc - 0x8
core   0: 3 0x80009d70 (0xff9ff06f)
core   0: 0x80009d68 (0x00006f17) auipc   t5, 0x6
core   0: 3 0x80009d68 (0x00006f17) x30 0x8000fd68
core   0: 0x80009d6c (0x283f2c23) sw      gp, 664(t5)
core   0: 3 0x80009d6c (0x283f2c23) mem 0x80010000 0x00000001
core   0: 0x80009d70 (0xff9ff06f) j       pc - 0x8
core   0: 3 0x80009d70 (0xff9ff06f)
core   0: 0x80009d68 (0x00006f17) auipc   t5, 0x6
core   0: 3 0x80009d68 (0x00006f17) x30 0x8000fd68
core   0: 0x80009d6c (0x283f2c23) sw      gp, 664(t5)
core   0: 3 0x80009d6c (0x283f2c23) mem 0x80010000 0x00000001
core   0: 0x80009d70 (0xff9ff06f) j       pc - 0x8
core   0: 3 0x80009d70 (0xff9ff06f)
core   0: 0x80009d68 (0x00006f17) auipc   t5, 0x6
core   0: 3 0x80009d68 (0x00006f17) x30 0x8000fd68
core   0: 0x80009d6c (0x283f2c23) sw      gp, 664(t5)
core   0: 3 0x80009d6c (0x283f2c23) mem 0x80010000 0x00000001
core   0: 0x80009d70 (0xff9ff06f) j       pc - 0x8
core   0: 3 0x80009d70 (0xff9ff06f)
core   0: 0x80009d68 (0x00006f17) auipc   t5, 0x6
core   0: 3 0x80009d68 (0x00006f17) x30 0x8000fd68
core   0: 0x80009d6c (0x283f2c23) sw      gp, 664(t5)
core   0: 3 0x80009d6c (0x283f2c23) mem 0x80010000 0x00000001
core   0: 0x80009d70 (0xff9ff06f) j       pc - 0x8
core   0: 3 0x80009d70 (0xff9ff06f)
core   0: 0x80009d68 (0x00006f17) auipc   t5, 0x6
core   0: 3 0x80009d68 (0x00006f17) x30 0x8000fd68
core   0: 0x80009d6c (0x283f2c23) sw      gp, 664(t5)
core   0: 3 0x80009d6c (0x283f2c23) mem 0x80010000 0x00000001
core   0: 0x80009d70 (0xff9ff06f) j       pc - 0x8
core   0: 3 0x80009d70 (0xff9ff06f)
core   0: 0x80009d68 (0x00006f17) auipc   t5, 0x6
core   0: 3 0x80009d68 (0x00006f17) x30 0x8000fd68
core   0: 0x80009d6c (0x283f2c23) sw      gp, 664(t5)
core   0: 3 0x80009d6c (0x283f2c23) mem 0x80010000 0x00000001
core   0: 0x80009d70 (0xff9ff06f) j       pc - 0x8
core   0: 3 0x80009d70 (0xff9ff06f)
core   0: 0x80009d68 (0x00006f17) auipc   t5, 0x6
core   0: 3 0x80009d68 (0x00006f17) x30 0x8000fd68
core   0: 0x80009d6c (0x283f2c23) sw      gp, 664(t5)
core   0: 3 0x80009d6c (0x283f2c23) mem 0x80010000 0x00000001
core   0: 0x80009d70 (0xff9ff06f) j       pc - 0x8
core   0: 3 0x80009d70 (0xff9ff06f)
core   0: 0x80009d68 (0x00006f17) auipc   t5, 0x6
core   0: 3 0x80009d68 (0x00006f17) x30 0x8000fd68
core   0: 0x80009d6c (0x283f2c23) sw      gp, 664(t5)
core   0: 3 0x80009d6c (0x283f2c23) mem 0x80010000 0x00000001
core   0: 0x80009d70 (0xff9ff06f) j       pc - 0x8
core   0: 3 0x80009d70 (0xff9ff06f)
core   0: 0x80009d68 (0x00006f17) auipc   t5, 0x6
core   0: 3 0x80009d68 (0x00006f17) x30 0x8000fd68
core   0: 0x80009d6c (0x283f2c23) sw      gp, 664(t5)
core   0: 3 0x80009d6c (0x283f2c23) mem 0x80010000 0x00000001
core   0: 0x80009d70 (0xff9ff06f) j       pc - 0x8
core   0: 3 0x80009d70 (0xff9ff06f)
core   0: 0x80009d68 (0x00006f17) auipc   t5, 0x6
core   0: 3 0x80009d68 (0x00006f17) x30 0x8000fd68
core   0: 0x80009d6c (0x283f2c23) sw      gp, 664(t5)
core   0: 3 0x80009d6c (0x283f2c23) mem 0x80010000 0x00000001
core   0: 0x80009d70 (0xff9ff06f) j       pc - 0x8
core   0: 3 0x80009d70 (0xff9ff06f)
core   0: 0x80009d68 (0x00006f17) auipc   t5, 0x6
core   0: 3 0x80009d68 (0x00006f17) x30 0x8000fd68
core   0: 0x80009d6c (0x283f2c23) sw      gp, 664(t5)
core   0: 3 0x80009d6c (0x283f2c23) mem 0x80010000 0x00000001
core   0: 0x80009d70 (0xff9ff06f) j       pc - 0x8
core   0: 3 0x80009d70 (0xff9ff06f)
core   0: 0x80009d68 (0x00006f17) auipc   t5, 0x6
core   0: 3 0x80009d68 (0x00006f17) x30 0x8000fd68
core   0: 0x80009d6c (0x283f2c23) sw      gp, 664(t5)
core   0: 3 0x80009d6c (0x283f2c23) mem 0x80010000 0x00000001
core   0: 0x80009d70 (0xff9ff06f) j       pc - 0x8
core   0: 3 0x80009d70 (0xff9ff06f)
core   0: 0x80009d68 (0x00006f17) auipc   t5, 0x6
core   0: 3 0x80009d68 (0x00006f17) x30 0x8000fd68
core   0: 0x80009d6c (0x283f2c23) sw      gp, 664(t5)
core   0: 3 0x80009d6c (0x283f2c23) mem 0x80010000 0x00000001
core   0: 0x80009d70 (0xff9ff06f) j       pc - 0x8
core   0: 3 0x80009d70 (0xff9ff06f)
core   0: 0x80009d68 (0x00006f17) auipc   t5, 0x6
core   0: 3 0x80009d68 (0x00006f17) x30 0x8000fd68
core   0: 0x80009d6c (0x283f2c23) sw      gp, 664(t5)
core   0: 3 0x80009d6c (0x283f2c23) mem 0x80010000 0x00000001
core   0: 0x80009d70 (0xff9ff06f) j       pc - 0x8
core   0: 3 0x80009d70 (0xff9ff06f)
core   0: 0x80009d68 (0x00006f17) auipc   t5, 0x6
core   0: 3 0x80009d68 (0x00006f17) x30 0x8000fd68
core   0: 0x80009d6c (0x283f2c23) sw      gp, 664(t5)
core   0: 3 0x80009d6c (0x283f2c23) mem 0x80010000 0x00000001
core   0: 0x80009d70 (0xff9ff06f) j       pc - 0x8
core   0: 3 0x80009d70 (0xff9ff06f)
core   0: 0x80009d68 (0x00006f17) auipc   t5, 0x6
core   0: 3 0x80009d68 (0x00006f17) x30 0x8000fd68
core   0: 0x80009d6c (0x283f2c23) sw      gp, 664(t5)
core   0: 3 0x80009d6c (0x283f2c23) mem 0x80010000 0x00000001
core   0: 0x80009d70 (0xff9ff06f) j       pc - 0x8
core   0: 3 0x80009d70 (0xff9ff06f)
core   0: 0x80009d68 (0x00006f17) auipc   t5, 0x6
core   0: 3 0x80009d68 (0x00006f17) x30 0x8000fd68
core   0: 0x80009d6c (0x283f2c23) sw      gp, 664(t5)
core   0: 3 0x80009d6c (0x283f2c23) mem 0x80010000 0x00000001
core   0: 0x80009d70 (0xff9ff06f) j       pc - 0x8
core   0: 3 0x80009d70 (0xff9ff06f)
core   0: 0x80009d68 (0x00006f17) auipc   t5, 0x6
core   0: 3 0x80009d68 (0x00006f17) x30 0x8000fd68
core   0: 0x80009d6c (0x283f2c23) sw      gp, 664(t5)
core   0: 3 0x80009d6c (0x283f2c23) mem 0x80010000 0x00000001
core   0: 0x80009d70 (0xff9ff06f) j       pc - 0x8
core   0: 3 0x80009d70 (0xff9ff06f)
core   0: 0x80009d68 (0x00006f17) auipc   t5, 0x6
core   0: 3 0x80009d68 (0x00006f17) x30 0x8000fd68
core   0: 0x80009d6c (0x283f2c23) sw      gp, 664(t5)
core   0: 3 0x80009d6c (0x283f2c23) mem 0x80010000 0x00000001
core   0: 0x80009d70 (0xff9ff06f) j       pc - 0x8
core   0: 3 0x80009d70 (0xff9ff06f)
core   0: 0x80009d68 (0x00006f17) auipc   t5, 0x6
core   0: 3 0x80009d68 (0x00006f17) x30 0x8000fd68
core   0: 0x80009d6c (0x283f2c23) sw      gp, 664(t5)
core   0: 3 0x80009d6c (0x283f2c23) mem 0x80010000 0x00000001
core   0: 0x80009d70 (0xff9ff06f) j       pc - 0x8
core   0: 3 0x80009d70 (0xff9ff06f)
core   0: 0x80009d68 (0x00006f17) auipc   t5, 0x6
core   0: 3 0x80009d68 (0x00006f17) x30 0x8000fd68
core   0: 0x80009d6c (0x283f2c23) sw      gp, 664(t5)
core   0: 3 0x80009d6c (0x283f2c23) mem 0x80010000 0x00000001
core   0: 0x80009d70 (0xff9ff06f) j       pc - 0x8
core   0: 3 0x80009d70 (0xff9ff06f)
core   0: 0x80009d68 (0x00006f17) auipc   t5, 0x6
core   0: 3 0x80009d68 (0x00006f17) x30 0x8000fd68
core   0: 0x80009d6c (0x283f2c23) sw      gp, 664(t5)
core   0: 3 0x80009d6c (0x283f2c23) mem 0x80010000 0x00000001
core   0: 0x80009d70 (0xff9ff06f) j       pc - 0x8
core   0: 3 0x80009d70 (0xff9ff06f)
core   0: 0x80009d68 (0x00006f17) auipc   t5, 0x6
core   0: 3 0x80009d68 (0x00006f17) x30 0x8000fd68
core   0: 0x80009d6c (0x283f2c23) sw      gp, 664(t5)
core   0: 3 0x80009d6c (0x283f2c23) mem 0x80010000 0x00000001
core   0: 0x80009d70 (0xff9ff06f) j       pc - 0x8
core   0: 3 0x80009d70 (0xff9ff06f)
core   0: 0x80009d68 (0x00006f17) auipc   t5, 0x6
core   0: 3 0x80009d68 (0x00006f17) x30 0x8000fd68
core   0: 0x80009d6c (0x283f2c23) sw      gp, 664(t5)
core   0: 3 0x80009d6c (0x283f2c23) mem 0x80010000 0x00000001
core   0: 0x80009d70 (0xff9ff06f) j       pc - 0x8
core   0: 3 0x80009d70 (0xff9ff06f)
core   0: 0x80009d68 (0x00006f17) auipc   t5, 0x6
core   0: 3 0x80009d68 (0x00006f17) x30 0x8000fd68
core   0: 0x80009d6c (0x283f2c23) sw      gp, 664(t5)
core   0: 3 0x80009d6c (0x283f2c23) mem 0x80010000 0x00000001
core   0: 0x80009d70 (0xff9ff06f) j       pc - 0x8
core   0: 3 0x80009d70 (0xff9ff06f)
core   0: 0x80009d68 (0x00006f17) auipc   t5, 0x6
core   0: 3 0x80009d68 (0x00006f17) x30 0x8000fd68
core   0: 0x80009d6c (0x283f2c23) sw      gp, 664(t5)
core   0: 3 0x80009d6c (0x283f2c23) mem 0x80010000 0x00000001
core   0: 0x80009d70 (0xff9ff06f) j       pc - 0x8
core   0: 3 0x80009d70 (0xff9ff06f)
core   0: 0x80009d68 (0x00006f17) auipc   t5, 0x6
core   0: 3 0x80009d68 (0x00006f17) x30 0x8000fd68
core   0: 0x80009d6c (0x283f2c23) sw      gp, 664(t5)
core   0: 3 0x80009d6c (0x283f2c23) mem 0x80010000 0x00000001
core   0: 0x80009d70 (0xff9ff06f) j       pc - 0x8
core   0: 3 0x80009d70 (0xff9ff06f)
core   0: 0x80009d68 (0x00006f17) auipc   t5, 0x6
core   0: 3 0x80009d68 (0x00006f17) x30 0x8000fd68
core   0: 0x80009d6c (0x283f2c23) sw      gp, 664(t5)
core   0: 3 0x80009d6c (0x283f2c23) mem 0x80010000 0x00000001
core   0: 0x80009d70 (0xff9ff06f) j       pc - 0x8
core   0: 3 0x80009d70 (0xff9ff06f)
core   0: 0x80009d68 (0x00006f17) auipc   t5, 0x6
core   0: 3 0x80009d68 (0x00006f17) x30 0x8000fd68
core   0: 0x80009d6c (0x283f2c23) sw      gp, 664(t5)
core   0: 3 0x80009d6c (0x283f2c23) mem 0x80010000 0x00000001
core   0: 0x80009d70 (0xff9ff06f) j       pc - 0x8
core   0: 3 0x80009d70 (0xff9ff06f)
core   0: 0x80009d68 (0x00006f17) auipc   t5, 0x6
core   0: 3 0x80009d68 (0x00006f17) x30 0x8000fd68
core   0: 0x80009d6c (0x283f2c23) sw      gp, 664(t5)
core   0: 3 0x80009d6c (0x283f2c23) mem 0x80010000 0x00000001
core   0: 0x80009d70 (0xff9ff06f) j       pc - 0x8
core   0: 3 0x80009d70 (0xff9ff06f)
core   0: 0x80009d68 (0x00006f17) auipc   t5, 0x6
core   0: 3 0x80009d68 (0x00006f17) x30 0x8000fd68
core   0: 0x80009d6c (0x283f2c23) sw      gp, 664(t5)
core   0: 3 0x80009d6c (0x283f2c23) mem 0x80010000 0x00000001
core   0: 0x80009d70 (0xff9ff06f) j       pc - 0x8
core   0: 3 0x80009d70 (0xff9ff06f)
core   0: 0x80009d68 (0x00006f17) auipc   t5, 0x6
core   0: 3 0x80009d68 (0x00006f17) x30 0x8000fd68
core   0: 0x80009d6c (0x283f2c23) sw      gp, 664(t5)
core   0: 3 0x80009d6c (0x283f2c23) mem 0x80010000 0x00000001
core   0: 0x80009d70 (0xff9ff06f) j       pc - 0x8
core   0: 3 0x80009d70 (0xff9ff06f)
core   0: 0x80009d68 (0x00006f17) auipc   t5, 0x6
core   0: 3 0x80009d68 (0x00006f17) x30 0x8000fd68
core   0: 0x80009d6c (0x283f2c23) sw      gp, 664(t5)
core   0: 3 0x80009d6c (0x283f2c23) mem 0x80010000 0x00000001
core   0: 0x80009d70 (0xff9ff06f) j       pc - 0x8
core   0: 3 0x80009d70 (0xff9ff06f)
core   0: 0x80009d68 (0x00006f17) auipc   t5, 0x6
core   0: 3 0x80009d68 (0x00006f17) x30 0x8000fd68
core   0: 0x80009d6c (0x283f2c23) sw      gp, 664(t5)
core   0: 3 0x80009d6c (0x283f2c23) mem 0x80010000 0x00000001
core   0: 0x80009d70 (0xff9ff06f) j       pc - 0x8
core   0: 3 0x80009d70 (0xff9ff06f)
core   0: 0x80009d68 (0x00006f17) auipc   t5, 0x6
core   0: 3 0x80009d68 (0x00006f17) x30 0x8000fd68
core   0: 0x80009d6c (0x283f2c23) sw      gp, 664(t5)
core   0: 3 0x80009d6c (0x283f2c23) mem 0x80010000 0x00000001
core   0: 0x80009d70 (0xff9ff06f) j       pc - 0x8
core   0: 3 0x80009d70 (0xff9ff06f)
core   0: 0x80009d68 (0x00006f17) auipc   t5, 0x6
core   0: 3 0x80009d68 (0x00006f17) x30 0x8000fd68
core   0: 0x80009d6c (0x283f2c23) sw      gp, 664(t5)
core   0: 3 0x80009d6c (0x283f2c23) mem 0x80010000 0x00000001
core   0: 0x80009d70 (0xff9ff06f) j       pc - 0x8
core   0: 3 0x80009d70 (0xff9ff06f)
core   0: 0x80009d68 (0x00006f17) auipc   t5, 0x6
core   0: 3 0x80009d68 (0x00006f17) x30 0x8000fd68
core   0: 0x80009d6c (0x283f2c23) sw      gp, 664(t5)
core   0: 3 0x80009d6c (0x283f2c23) mem 0x80010000 0x00000001
core   0: 0x80009d70 (0xff9ff06f) j       pc - 0x8
core   0: 3 0x80009d70 (0xff9ff06f)
core   0: 0x80009d68 (0x00006f17) auipc   t5, 0x6
core   0: 3 0x80009d68 (0x00006f17) x30 0x8000fd68
core   0: 0x80009d6c (0x283f2c23) sw      gp, 664(t5)
core   0: 3 0x80009d6c (0x283f2c23) mem 0x80010000 0x00000001
core   0: 0x80009d70 (0xff9ff06f) j       pc - 0x8
core   0: 3 0x80009d70 (0xff9ff06f)
core   0: 0x80009d68 (0x00006f17) auipc   t5, 0x6
core   0: 3 0x80009d68 (0x00006f17) x30 0x8000fd68
core   0: 0x80009d6c (0x283f2c23) sw      gp, 664(t5)
core   0: 3 0x80009d6c (0x283f2c23) mem 0x80010000 0x00000001
core   0: 0x80009d70 (0xff9ff06f) j       pc - 0x8
core   0: 3 0x80009d70 (0xff9ff06f)
core   0: 0x80009d68 (0x00006f17) auipc   t5, 0x6
core   0: 3 0x80009d68 (0x00006f17) x30 0x8000fd68
core   0: 0x80009d6c (0x283f2c23) sw      gp, 664(t5)
core   0: 3 0x80009d6c (0x283f2c23) mem 0x80010000 0x00000001
core   0: 0x80009d70 (0xff9ff06f) j       pc - 0x8
core   0: 3 0x80009d70 (0xff9ff06f)
core   0: 0x80009d68 (0x00006f17) auipc   t5, 0x6
core   0: 3 0x80009d68 (0x00006f17) x30 0x8000fd68
core   0: 0x80009d6c (0x283f2c23) sw      gp, 664(t5)
core   0: 3 0x80009d6c (0x283f2c23) mem 0x80010000 0x00000001
core   0: 0x80009d70 (0xff9ff06f) j       pc - 0x8
core   0: 3 0x80009d70 (0xff9ff06f)
core   0: 0x80009d68 (0x00006f17) auipc   t5, 0x6
core   0: 3 0x80009d68 (0x00006f17) x30 0x8000fd68
core   0: 0x80009d6c (0x283f2c23) sw      gp, 664(t5)
core   0: 3 0x80009d6c (0x283f2c23) mem 0x80010000 0x00000001
core   0: 0x80009d70 (0xff9ff06f) j       pc - 0x8
core   0: 3 0x80009d70 (0xff9ff06f)
core   0: 0x80009d68 (0x00006f17) auipc   t5, 0x6
core   0: 3 0x80009d68 (0x00006f17) x30 0x8000fd68
core   0: 0x80009d6c (0x283f2c23) sw      gp, 664(t5)
core   0: 3 0x80009d6c (0x283f2c23) mem 0x80010000 0x00000001
core   0: 0x80009d70 (0xff9ff06f) j       pc - 0x8
core   0: 3 0x80009d70 (0xff9ff06f)
core   0: 0x80009d68 (0x00006f17) auipc   t5, 0x6
core   0: 3 0x80009d68 (0x00006f17) x30 0x8000fd68
core   0: 0x80009d6c (0x283f2c23) sw      gp, 664(t5)
core   0: 3 0x80009d6c (0x283f2c23) mem 0x80010000 0x00000001
core   0: 0x80009d70 (0xff9ff06f) j       pc - 0x8
core   0: 3 0x80009d70 (0xff9ff06f)
core   0: 0x80009d68 (0x00006f17) auipc   t5, 0x6
core   0: 3 0x80009d68 (0x00006f17) x30 0x8000fd68
core   0: 0x80009d6c (0x283f2c23) sw      gp, 664(t5)
core   0: 3 0x80009d6c (0x283f2c23) mem 0x80010000 0x00000001
core   0: 0x80009d70 (0xff9ff06f) j       pc - 0x8
core   0: 3 0x80009d70 (0xff9ff06f)
core   0: 0x80009d68 (0x00006f17) auipc   t5, 0x6
core   0: 3 0x80009d68 (0x00006f17) x30 0x8000fd68
core   0: 0x80009d6c (0x283f2c23) sw      gp, 664(t5)
core   0: 3 0x80009d6c (0x283f2c23) mem 0x80010000 0x00000001
core   0: 0x80009d70 (0xff9ff06f) j       pc - 0x8
core   0: 3 0x80009d70 (0xff9ff06f)
core   0: 0x80009d68 (0x00006f17) auipc   t5, 0x6
core   0: 3 0x80009d68 (0x00006f17) x30 0x8000fd68
core   0: 0x80009d6c (0x283f2c23) sw      gp, 664(t5)
core   0: 3 0x80009d6c (0x283f2c23) mem 0x80010000 0x00000001
core   0: 0x80009d70 (0xff9ff06f) j       pc - 0x8
core   0: 3 0x80009d70 (0xff9ff06f)
core   0: 0x80009d68 (0x00006f17) auipc   t5, 0x6
core   0: 3 0x80009d68 (0x00006f17) x30 0x8000fd68
core   0: 0x80009d6c (0x283f2c23) sw      gp, 664(t5)
core   0: 3 0x80009d6c (0x283f2c23) mem 0x80010000 0x00000001
core   0: 0x80009d70 (0xff9ff06f) j       pc - 0x8
core   0: 3 0x80009d70 (0xff9ff06f)
core   0: 0x80009d68 (0x00006f17) auipc   t5, 0x6
core   0: 3 0x80009d68 (0x00006f17) x30 0x8000fd68
core   0: 0x80009d6c (0x283f2c23) sw      gp, 664(t5)
core   0: 3 0x80009d6c (0x283f2c23) mem 0x80010000 0x00000001
core   0: 0x80009d70 (0xff9ff06f) j       pc - 0x8
core   0: 3 0x80009d70 (0xff9ff06f)
core   0: 0x80009d68 (0x00006f17) auipc   t5, 0x6
core   0: 3 0x80009d68 (0x00006f17) x30 0x8000fd68
core   0: 0x80009d6c (0x283f2c23) sw      gp, 664(t5)
core   0: 3 0x80009d6c (0x283f2c23) mem 0x80010000 0x00000001
core   0: 0x80009d70 (0xff9ff06f) j       pc - 0x8
core   0: 3 0x80009d70 (0xff9ff06f)
core   0: 0x80009d68 (0x00006f17) auipc   t5, 0x6
core   0: 3 0x80009d68 (0x00006f17) x30 0x8000fd68
core   0: 0x80009d6c (0x283f2c23) sw      gp, 664(t5)
core   0: 3 0x80009d6c (0x283f2c23) mem 0x80010000 0x00000001
core   0: 0x80009d70 (0xff9ff06f) j       pc - 0x8
core   0: 3 0x80009d70 (0xff9ff06f)
core   0: 0x80009d68 (0x00006f17) auipc   t5, 0x6
core   0: 3 0x80009d68 (0x00006f17) x30 0x8000fd68
core   0: 0x80009d6c (0x283f2c23) sw      gp, 664(t5)
core   0: 3 0x80009d6c (0x283f2c23) mem 0x80010000 0x00000001
core   0: 0x80009d70 (0xff9ff06f) j       pc - 0x8
core   0: 3 0x80009d70 (0xff9ff06f)
core   0: 0x80009d68 (0x00006f17) auipc   t5, 0x6
core   0: 3 0x80009d68 (0x00006f17) x30 0x8000fd68
core   0: 0x80009d6c (0x283f2c23) sw      gp, 664(t5)
core   0: 3 0x80009d6c (0x283f2c23) mem 0x80010000 0x00000001
core   0: 0x80009d70 (0xff9ff06f) j       pc - 0x8
core   0: 3 0x80009d70 (0xff9ff06f)
core   0: 0x80009d68 (0x00006f17) auipc   t5, 0x6
core   0: 3 0x80009d68 (0x00006f17) x30 0x8000fd68
core   0: 0x80009d6c (0x283f2c23) sw      gp, 664(t5)
core   0: 3 0x80009d6c (0x283f2c23) mem 0x80010000 0x00000001
core   0: 0x80009d70 (0xff9ff06f) j       pc - 0x8
core   0: 3 0x80009d70 (0xff9ff06f)
core   0: 0x80009d68 (0x00006f17) auipc   t5, 0x6
core   0: 3 0x80009d68 (0x00006f17) x30 0x8000fd68
core   0: 0x80009d6c (0x283f2c23) sw      gp, 664(t5)
core   0: 3 0x80009d6c (0x283f2c23) mem 0x80010000 0x00000001
core   0: 0x80009d70 (0xff9ff06f) j       pc - 0x8
core   0: 3 0x80009d70 (0xff9ff06f)
core   0: 0x80009d68 (0x00006f17) auipc   t5, 0x6
core   0: 3 0x80009d68 (0x00006f17) x30 0x8000fd68
core   0: 0x80009d6c (0x283f2c23) sw      gp, 664(t5)
core   0: 3 0x80009d6c (0x283f2c23) mem 0x80010000 0x00000001
core   0: 0x80009d70 (0xff9ff06f) j       pc - 0x8
core   0: 3 0x80009d70 (0xff9ff06f)
core   0: 0x80009d68 (0x00006f17) auipc   t5, 0x6
core   0: 3 0x80009d68 (0x00006f17) x30 0x8000fd68
core   0: 0x80009d6c (0x283f2c23) sw      gp, 664(t5)
core   0: 3 0x80009d6c (0x283f2c23) mem 0x80010000 0x00000001
core   0: 0x80009d70 (0xff9ff06f) j       pc - 0x8
core   0: 3 0x80009d70 (0xff9ff06f)
core   0: 0x80009d68 (0x00006f17) auipc   t5, 0x6
core   0: 3 0x80009d68 (0x00006f17) x30 0x8000fd68
core   0: 0x80009d6c (0x283f2c23) sw      gp, 664(t5)
core   0: 3 0x80009d6c (0x283f2c23) mem 0x80010000 0x00000001
core   0: 0x80009d70 (0xff9ff06f) j       pc - 0x8
core   0: 3 0x80009d70 (0xff9ff06f)
core   0: 0x80009d68 (0x00006f17) auipc   t5, 0x6
core   0: 3 0x80009d68 (0x00006f17) x30 0x8000fd68
core   0: 0x80009d6c (0x283f2c23) sw      gp, 664(t5)
core   0: 3 0x80009d6c (0x283f2c23) mem 0x80010000 0x00000001
core   0: 0x80009d70 (0xff9ff06f) j       pc - 0x8
core   0: 3 0x80009d70 (0xff9ff06f)
core   0: 0x80009d68 (0x00006f17) auipc   t5, 0x6
core   0: 3 0x80009d68 (0x00006f17) x30 0x8000fd68
core   0: 0x80009d6c (0x283f2c23) sw      gp, 664(t5)
core   0: 3 0x80009d6c (0x283f2c23) mem 0x80010000 0x00000001
core   0: 0x80009d70 (0xff9ff06f) j       pc - 0x8
core   0: 3 0x80009d70 (0xff9ff06f)
core   0: 0x80009d68 (0x00006f17) auipc   t5, 0x6
core   0: 3 0x80009d68 (0x00006f17) x30 0x8000fd68
core   0: 0x80009d6c (0x283f2c23) sw      gp, 664(t5)
core   0: 3 0x80009d6c (0x283f2c23) mem 0x80010000 0x00000001
core   0: 0x80009d70 (0xff9ff06f) j       pc - 0x8
core   0: 3 0x80009d70 (0xff9ff06f)
core   0: 0x80009d68 (0x00006f17) auipc   t5, 0x6
core   0: 3 0x80009d68 (0x00006f17) x30 0x8000fd68
core   0: 0x80009d6c (0x283f2c23) sw      gp, 664(t5)
core   0: 3 0x80009d6c (0x283f2c23) mem 0x80010000 0x00000001
core   0: 0x80009d70 (0xff9ff06f) j       pc - 0x8
core   0: 3 0x80009d70 (0xff9ff06f)
core   0: 0x80009d68 (0x00006f17) auipc   t5, 0x6
core   0: 3 0x80009d68 (0x00006f17) x30 0x8000fd68
core   0: 0x80009d6c (0x283f2c23) sw      gp, 664(t5)
core   0: 3 0x80009d6c (0x283f2c23) mem 0x80010000 0x00000001
core   0: 0x80009d70 (0xff9ff06f) j       pc - 0x8
core   0: 3 0x80009d70 (0xff9ff06f)
core   0: 0x80009d68 (0x00006f17) auipc   t5, 0x6
core   0: 3 0x80009d68 (0x00006f17) x30 0x8000fd68
core   0: 0x80009d6c (0x283f2c23) sw      gp, 664(t5)
core   0: 3 0x80009d6c (0x283f2c23) mem 0x80010000 0x00000001
core   0: 0x80009d70 (0xff9ff06f) j       pc - 0x8
core   0: 3 0x80009d70 (0xff9ff06f)
core   0: 0x80009d68 (0x00006f17) auipc   t5, 0x6
core   0: 3 0x80009d68 (0x00006f17) x30 0x8000fd68
core   0: 0x80009d6c (0x283f2c23) sw      gp, 664(t5)
core   0: 3 0x80009d6c (0x283f2c23) mem 0x80010000 0x00000001
core   0: 0x80009d70 (0xff9ff06f) j       pc - 0x8
core   0: 3 0x80009d70 (0xff9ff06f)
core   0: 0x80009d68 (0x00006f17) auipc   t5, 0x6
core   0: 3 0x80009d68 (0x00006f17) x30 0x8000fd68
core   0: 0x80009d6c (0x283f2c23) sw      gp, 664(t5)
core   0: 3 0x80009d6c (0x283f2c23) mem 0x80010000 0x00000001
core   0: 0x80009d70 (0xff9ff06f) j       pc - 0x8
core   0: 3 0x80009d70 (0xff9ff06f)
core   0: 0x80009d68 (0x00006f17) auipc   t5, 0x6
core   0: 3 0x80009d68 (0x00006f17) x30 0x8000fd68
core   0: 0x80009d6c (0x283f2c23) sw      gp, 664(t5)
core   0: 3 0x80009d6c (0x283f2c23) mem 0x80010000 0x00000001
core   0: 0x80009d70 (0xff9ff06f) j       pc - 0x8
core   0: 3 0x80009d70 (0xff9ff06f)
core   0: 0x80009d68 (0x00006f17) auipc   t5, 0x6
core   0: 3 0x80009d68 (0x00006f17) x30 0x8000fd68
core   0: 0x80009d6c (0x283f2c23) sw      gp, 664(t5)
core   0: 3 0x80009d6c (0x283f2c23) mem 0x80010000 0x00000001
core   0: 0x80009d70 (0xff9ff06f) j       pc - 0x8
core   0: 3 0x80009d70 (0xff9ff06f)
core   0: 0x80009d68 (0x00006f17) auipc   t5, 0x6
core   0: 3 0x80009d68 (0x00006f17) x30 0x8000fd68
core   0: 0x80009d6c (0x283f2c23) sw      gp, 664(t5)
core   0: 3 0x80009d6c (0x283f2c23) mem 0x80010000 0x00000001
core   0: 0x80009d70 (0xff9ff06f) j       pc - 0x8
core   0: 3 0x80009d70 (0xff9ff06f)
core   0: 0x80009d68 (0x00006f17) auipc   t5, 0x6
core   0: 3 0x80009d68 (0x00006f17) x30 0x8000fd68
core   0: 0x80009d6c (0x283f2c23) sw      gp, 664(t5)
core   0: 3 0x80009d6c (0x283f2c23) mem 0x80010000 0x00000001
core   0: 0x80009d70 (0xff9ff06f) j       pc - 0x8
core   0: 3 0x80009d70 (0xff9ff06f)
core   0: 0x80009d68 (0x00006f17) auipc   t5, 0x6
core   0: 3 0x80009d68 (0x00006f17) x30 0x8000fd68
core   0: 0x80009d6c (0x283f2c23) sw      gp, 664(t5)
core   0: 3 0x80009d6c (0x283f2c23) mem 0x80010000 0x00000001
core   0: 0x80009d70 (0xff9ff06f) j       pc - 0x8
core   0: 3 0x80009d70 (0xff9ff06f)
core   0: 0x80009d68 (0x00006f17) auipc   t5, 0x6
core   0: 3 0x80009d68 (0x00006f17) x30 0x8000fd68
core   0: 0x80009d6c (0x283f2c23) sw      gp, 664(t5)
core   0: 3 0x80009d6c (0x283f2c23) mem 0x80010000 0x00000001
core   0: 0x80009d70 (0xff9ff06f) j       pc - 0x8
core   0: 3 0x80009d70 (0xff9ff06f)
core   0: 0x80009d68 (0x00006f17) auipc   t5, 0x6
core   0: 3 0x80009d68 (0x00006f17) x30 0x8000fd68
core   0: 0x80009d6c (0x283f2c23) sw      gp, 664(t5)
core   0: 3 0x80009d6c (0x283f2c23) mem 0x80010000 0x00000001
core   0: 0x80009d70 (0xff9ff06f) j       pc - 0x8
core   0: 3 0x80009d70 (0xff9ff06f)
core   0: 0x80009d68 (0x00006f17) auipc   t5, 0x6
core   0: 3 0x80009d68 (0x00006f17) x30 0x8000fd68
core   0: 0x80009d6c (0x283f2c23) sw      gp, 664(t5)
core   0: 3 0x80009d6c (0x283f2c23) mem 0x80010000 0x00000001
core   0: 0x80009d70 (0xff9ff06f) j       pc - 0x8
core   0: 3 0x80009d70 (0xff9ff06f)
core   0: 0x80009d68 (0x00006f17) auipc   t5, 0x6
core   0: 3 0x80009d68 (0x00006f17) x30 0x8000fd68
core   0: 0x80009d6c (0x283f2c23) sw      gp, 664(t5)
core   0: 3 0x80009d6c (0x283f2c23) mem 0x80010000 0x00000001
core   0: 0x80009d70 (0xff9ff06f) j       pc - 0x8
core   0: 3 0x80009d70 (0xff9ff06f)
core   0: 0x80009d68 (0x00006f17) auipc   t5, 0x6
core   0: 3 0x80009d68 (0x00006f17) x30 0x8000fd68
core   0: 0x80009d6c (0x283f2c23) sw      gp, 664(t5)
core   0: 3 0x80009d6c (0x283f2c23) mem 0x80010000 0x00000001
core   0: 0x80009d70 (0xff9ff06f) j       pc - 0x8
core   0: 3 0x80009d70 (0xff9ff06f)
core   0: 0x80009d68 (0x00006f17) auipc   t5, 0x6
core   0: 3 0x80009d68 (0x00006f17) x30 0x8000fd68
core   0: 0x80009d6c (0x283f2c23) sw      gp, 664(t5)
core   0: 3 0x80009d6c (0x283f2c23) mem 0x80010000 0x00000001
core   0: 0x80009d70 (0xff9ff06f) j       pc - 0x8
core   0: 3 0x80009d70 (0xff9ff06f)
core   0: 0x80009d68 (0x00006f17) auipc   t5, 0x6
core   0: 3 0x80009d68 (0x00006f17) x30 0x8000fd68
core   0: 0x80009d6c (0x283f2c23) sw      gp, 664(t5)
core   0: 3 0x80009d6c (0x283f2c23) mem 0x80010000 0x00000001
core   0: 0x80009d70 (0xff9ff06f) j       pc - 0x8
core   0: 3 0x80009d70 (0xff9ff06f)
core   0: 0x80009d68 (0x00006f17) auipc   t5, 0x6
core   0: 3 0x80009d68 (0x00006f17) x30 0x8000fd68
core   0: 0x80009d6c (0x283f2c23) sw      gp, 664(t5)
core   0: 3 0x80009d6c (0x283f2c23) mem 0x80010000 0x00000001
core   0: 0x80009d70 (0xff9ff06f) j       pc - 0x8
core   0: 3 0x80009d70 (0xff9ff06f)
core   0: 0x80009d68 (0x00006f17) auipc   t5, 0x6
core   0: 3 0x80009d68 (0x00006f17) x30 0x8000fd68
core   0: 0x80009d6c (0x283f2c23) sw      gp, 664(t5)
core   0: 3 0x80009d6c (0x283f2c23) mem 0x80010000 0x00000001
core   0: 0x80009d70 (0xff9ff06f) j       pc - 0x8
core   0: 3 0x80009d70 (0xff9ff06f)
core   0: 0x80009d68 (0x00006f17) auipc   t5, 0x6
core   0: 3 0x80009d68 (0x00006f17) x30 0x8000fd68
core   0: 0x80009d6c (0x283f2c23) sw      gp, 664(t5)
core   0: 3 0x80009d6c (0x283f2c23) mem 0x80010000 0x00000001
core   0: 0x80009d70 (0xff9ff06f) j       pc - 0x8
core   0: 3 0x80009d70 (0xff9ff06f)
core   0: 0x80009d68 (0x00006f17) auipc   t5, 0x6
core   0: 3 0x80009d68 (0x00006f17) x30 0x8000fd68
core   0: 0x80009d6c (0x283f2c23) sw      gp, 664(t5)
core   0: 3 0x80009d6c (0x283f2c23) mem 0x80010000 0x00000001
core   0: 0x80009d70 (0xff9ff06f) j       pc - 0x8
core   0: 3 0x80009d70 (0xff9ff06f)
core   0: 0x80009d68 (0x00006f17) auipc   t5, 0x6
core   0: 3 0x80009d68 (0x00006f17) x30 0x8000fd68
core   0: 0x80009d6c (0x283f2c23) sw      gp, 664(t5)
core   0: 3 0x80009d6c (0x283f2c23) mem 0x80010000 0x00000001
core   0: 0x80009d70 (0xff9ff06f) j       pc - 0x8
core   0: 3 0x80009d70 (0xff9ff06f)
core   0: 0x80009d68 (0x00006f17) auipc   t5, 0x6
core   0: 3 0x80009d68 (0x00006f17) x30 0x8000fd68
core   0: 0x80009d6c (0x283f2c23) sw      gp, 664(t5)
core   0: 3 0x80009d6c (0x283f2c23) mem 0x80010000 0x00000001
core   0: 0x80009d70 (0xff9ff06f) j       pc - 0x8
core   0: 3 0x80009d70 (0xff9ff06f)
core   0: 0x80009d68 (0x00006f17) auipc   t5, 0x6
core   0: 3 0x80009d68 (0x00006f17) x30 0x8000fd68
core   0: 0x80009d6c (0x283f2c23) sw      gp, 664(t5)
core   0: 3 0x80009d6c (0x283f2c23) mem 0x80010000 0x00000001
core   0: 0x80009d70 (0xff9ff06f) j       pc - 0x8
core   0: 3 0x80009d70 (0xff9ff06f)
core   0: 0x80009d68 (0x00006f17) auipc   t5, 0x6
core   0: 3 0x80009d68 (0x00006f17) x30 0x8000fd68
core   0: 0x80009d6c (0x283f2c23) sw      gp, 664(t5)
core   0: 3 0x80009d6c (0x283f2c23) mem 0x80010000 0x00000001
core   0: 0x80009d70 (0xff9ff06f) j       pc - 0x8
core   0: 3 0x80009d70 (0xff9ff06f)
core   0: 0x80009d68 (0x00006f17) auipc   t5, 0x6
core   0: 3 0x80009d68 (0x00006f17) x30 0x8000fd68
core   0: 0x80009d6c (0x283f2c23) sw      gp, 664(t5)
core   0: 3 0x80009d6c (0x283f2c23) mem 0x80010000 0x00000001
core   0: 0x80009d70 (0xff9ff06f) j       pc - 0x8
core   0: 3 0x80009d70 (0xff9ff06f)
core   0: 0x80009d68 (0x00006f17) auipc   t5, 0x6
core   0: 3 0x80009d68 (0x00006f17) x30 0x8000fd68
core   0: 0x80009d6c (0x283f2c23) sw      gp, 664(t5)
core   0: 3 0x80009d6c (0x283f2c23) mem 0x80010000 0x00000001
core   0: 0x80009d70 (0xff9ff06f) j       pc - 0x8
core   0: 3 0x80009d70 (0xff9ff06f)
core   0: 0x80009d68 (0x00006f17) auipc   t5, 0x6
core   0: 3 0x80009d68 (0x00006f17) x30 0x8000fd68
core   0: 0x80009d6c (0x283f2c23) sw      gp, 664(t5)
core   0: 3 0x80009d6c (0x283f2c23) mem 0x80010000 0x00000001
core   0: 0x80009d70 (0xff9ff06f) j       pc - 0x8
core   0: 3 0x80009d70 (0xff9ff06f)
core   0: 0x80009d68 (0x00006f17) auipc   t5, 0x6
core   0: 3 0x80009d68 (0x00006f17) x30 0x8000fd68
core   0: 0x80009d6c (0x283f2c23) sw      gp, 664(t5)
core   0: 3 0x80009d6c (0x283f2c23) mem 0x80010000 0x00000001
core   0: 0x80009d70 (0xff9ff06f) j       pc - 0x8
core   0: 3 0x80009d70 (0xff9ff06f)
core   0: 0x80009d68 (0x00006f17) auipc   t5, 0x6
core   0: 3 0x80009d68 (0x00006f17) x30 0x8000fd68
core   0: 0x80009d6c (0x283f2c23) sw      gp, 664(t5)
core   0: 3 0x80009d6c (0x283f2c23) mem 0x80010000 0x00000001
core   0: 0x80009d70 (0xff9ff06f) j       pc - 0x8
core   0: 3 0x80009d70 (0xff9ff06f)
core   0: 0x80009d68 (0x00006f17) auipc   t5, 0x6
core   0: 3 0x80009d68 (0x00006f17) x30 0x8000fd68
core   0: 0x80009d6c (0x283f2c23) sw      gp, 664(t5)
core   0: 3 0x80009d6c (0x283f2c23) mem 0x80010000 0x00000001
core   0: 0x80009d70 (0xff9ff06f) j       pc - 0x8
core   0: 3 0x80009d70 (0xff9ff06f)
core   0: 0x80009d68 (0x00006f17) auipc   t5, 0x6
core   0: 3 0x80009d68 (0x00006f17) x30 0x8000fd68
core   0: 0x80009d6c (0x283f2c23) sw      gp, 664(t5)
core   0: 3 0x80009d6c (0x283f2c23) mem 0x80010000 0x00000001
core   0: 0x80009d70 (0xff9ff06f) j       pc - 0x8
core   0: 3 0x80009d70 (0xff9ff06f)
core   0: 0x80009d68 (0x00006f17) auipc   t5, 0x6
core   0: 3 0x80009d68 (0x00006f17) x30 0x8000fd68
core   0: 0x80009d6c (0x283f2c23) sw      gp, 664(t5)
core   0: 3 0x80009d6c (0x283f2c23) mem 0x80010000 0x00000001
core   0: 0x80009d70 (0xff9ff06f) j       pc - 0x8
core   0: 3 0x80009d70 (0xff9ff06f)
core   0: 0x80009d68 (0x00006f17) auipc   t5, 0x6
core   0: 3 0x80009d68 (0x00006f17) x30 0x8000fd68
core   0: 0x80009d6c (0x283f2c23) sw      gp, 664(t5)
core   0: 3 0x80009d6c (0x283f2c23) mem 0x80010000 0x00000001
core   0: 0x80009d70 (0xff9ff06f) j       pc - 0x8
core   0: 3 0x80009d70 (0xff9ff06f)
core   0: 0x80009d68 (0x00006f17) auipc   t5, 0x6
core   0: 3 0x80009d68 (0x00006f17) x30 0x8000fd68
core   0: 0x80009d6c (0x283f2c23) sw      gp, 664(t5)
core   0: 3 0x80009d6c (0x283f2c23) mem 0x80010000 0x00000001
core   0: 0x80009d70 (0xff9ff06f) j       pc - 0x8
core   0: 3 0x80009d70 (0xff9ff06f)
core   0: 0x80009d68 (0x00006f17) auipc   t5, 0x6
core   0: 3 0x80009d68 (0x00006f17) x30 0x8000fd68
core   0: 0x80009d6c (0x283f2c23) sw      gp, 664(t5)
core   0: 3 0x80009d6c (0x283f2c23) mem 0x80010000 0x00000001
core   0: 0x80009d70 (0xff9ff06f) j       pc - 0x8
core   0: 3 0x80009d70 (0xff9ff06f)
core   0: 0x80009d68 (0x00006f17) auipc   t5, 0x6
core   0: 3 0x80009d68 (0x00006f17) x30 0x8000fd68
core   0: 0x80009d6c (0x283f2c23) sw      gp, 664(t5)
core   0: 3 0x80009d6c (0x283f2c23) mem 0x80010000 0x00000001
core   0: 0x80009d70 (0xff9ff06f) j       pc - 0x8
core   0: 3 0x80009d70 (0xff9ff06f)
core   0: 0x80009d68 (0x00006f17) auipc   t5, 0x6
core   0: 3 0x80009d68 (0x00006f17) x30 0x8000fd68
core   0: 0x80009d6c (0x283f2c23) sw      gp, 664(t5)
core   0: 3 0x80009d6c (0x283f2c23) mem 0x80010000 0x00000001
core   0: 0x80009d70 (0xff9ff06f) j       pc - 0x8
core   0: 3 0x80009d70 (0xff9ff06f)
core   0: 0x80009d68 (0x00006f17) auipc   t5, 0x6
core   0: 3 0x80009d68 (0x00006f17) x30 0x8000fd68
core   0: 0x80009d6c (0x283f2c23) sw      gp, 664(t5)
core   0: 3 0x80009d6c (0x283f2c23) mem 0x80010000 0x00000001
core   0: 0x80009d70 (0xff9ff06f) j       pc - 0x8
core   0: 3 0x80009d70 (0xff9ff06f)
core   0: 0x80009d68 (0x00006f17) auipc   t5, 0x6
core   0: 3 0x80009d68 (0x00006f17) x30 0x8000fd68
core   0: 0x80009d6c (0x283f2c23) sw      gp, 664(t5)
core   0: 3 0x80009d6c (0x283f2c23) mem 0x80010000 0x00000001
core   0: 0x80009d70 (0xff9ff06f) j       pc - 0x8
core   0: 3 0x80009d70 (0xff9ff06f)
core   0: 0x80009d68 (0x00006f17) auipc   t5, 0x6
core   0: 3 0x80009d68 (0x00006f17) x30 0x8000fd68
core   0: 0x80009d6c (0x283f2c23) sw      gp, 664(t5)
core   0: 3 0x80009d6c (0x283f2c23) mem 0x80010000 0x00000001
core   0: 0x80009d70 (0xff9ff06f) j       pc - 0x8
core   0: 3 0x80009d70 (0xff9ff06f)
core   0: 0x80009d68 (0x00006f17) auipc   t5, 0x6
core   0: 3 0x80009d68 (0x00006f17) x30 0x8000fd68
core   0: 0x80009d6c (0x283f2c23) sw      gp, 664(t5)
core   0: 3 0x80009d6c (0x283f2c23) mem 0x80010000 0x00000001
core   0: 0x80009d70 (0xff9ff06f) j       pc - 0x8
core   0: 3 0x80009d70 (0xff9ff06f)
core   0: 0x80009d68 (0x00006f17) auipc   t5, 0x6
core   0: 3 0x80009d68 (0x00006f17) x30 0x8000fd68
core   0: 0x80009d6c (0x283f2c23) sw      gp, 664(t5)
core   0: 3 0x80009d6c (0x283f2c23) mem 0x80010000 0x00000001
core   0: 0x80009d70 (0xff9ff06f) j       pc - 0x8
core   0: 3 0x80009d70 (0xff9ff06f)
core   0: 0x80009d68 (0x00006f17) auipc   t5, 0x6
core   0: 3 0x80009d68 (0x00006f17) x30 0x8000fd68
core   0: 0x80009d6c (0x283f2c23) sw      gp, 664(t5)
core   0: 3 0x80009d6c (0x283f2c23) mem 0x80010000 0x00000001
core   0: 0x80009d70 (0xff9ff06f) j       pc - 0x8
core   0: 3 0x80009d70 (0xff9ff06f)
core   0: 0x80009d68 (0x00006f17) auipc   t5, 0x6
core   0: 3 0x80009d68 (0x00006f17) x30 0x8000fd68
core   0: 0x80009d6c (0x283f2c23) sw      gp, 664(t5)
core   0: 3 0x80009d6c (0x283f2c23) mem 0x80010000 0x00000001
core   0: 0x80009d70 (0xff9ff06f) j       pc - 0x8
core   0: 3 0x80009d70 (0xff9ff06f)
core   0: 0x80009d68 (0x00006f17) auipc   t5, 0x6
core   0: 3 0x80009d68 (0x00006f17) x30 0x8000fd68
core   0: 0x80009d6c (0x283f2c23) sw      gp, 664(t5)
core   0: 3 0x80009d6c (0x283f2c23) mem 0x80010000 0x00000001
core   0: 0x80009d70 (0xff9ff06f) j       pc - 0x8
core   0: 3 0x80009d70 (0xff9ff06f)
core   0: 0x80009d68 (0x00006f17) auipc   t5, 0x6
core   0: 3 0x80009d68 (0x00006f17) x30 0x8000fd68
core   0: 0x80009d6c (0x283f2c23) sw      gp, 664(t5)
core   0: 3 0x80009d6c (0x283f2c23) mem 0x80010000 0x00000001
core   0: 0x80009d70 (0xff9ff06f) j       pc - 0x8
core   0: 3 0x80009d70 (0xff9ff06f)
core   0: 0x80009d68 (0x00006f17) auipc   t5, 0x6
core   0: 3 0x80009d68 (0x00006f17) x30 0x8000fd68
core   0: 0x80009d6c (0x283f2c23) sw      gp, 664(t5)
core   0: 3 0x80009d6c (0x283f2c23) mem 0x80010000 0x00000001
core   0: 0x80009d70 (0xff9ff06f) j       pc - 0x8
core   0: 3 0x80009d70 (0xff9ff06f)
core   0: 0x80009d68 (0x00006f17) auipc   t5, 0x6
core   0: 3 0x80009d68 (0x00006f17) x30 0x8000fd68
core   0: 0x80009d6c (0x283f2c23) sw      gp, 664(t5)
core   0: 3 0x80009d6c (0x283f2c23) mem 0x80010000 0x00000001
core   0: 0x80009d70 (0xff9ff06f) j       pc - 0x8
core   0: 3 0x80009d70 (0xff9ff06f)
core   0: 0x80009d68 (0x00006f17) auipc   t5, 0x6
core   0: 3 0x80009d68 (0x00006f17) x30 0x8000fd68
core   0: 0x80009d6c (0x283f2c23) sw      gp, 664(t5)
core   0: 3 0x80009d6c (0x283f2c23) mem 0x80010000 0x00000001
core   0: 0x80009d70 (0xff9ff06f) j       pc - 0x8
core   0: 3 0x80009d70 (0xff9ff06f)
core   0: 0x80009d68 (0x00006f17) auipc   t5, 0x6
core   0: 3 0x80009d68 (0x00006f17) x30 0x8000fd68
core   0: 0x80009d6c (0x283f2c23) sw      gp, 664(t5)
core   0: 3 0x80009d6c (0x283f2c23) mem 0x80010000 0x00000001
core   0: 0x80009d70 (0xff9ff06f) j       pc - 0x8
core   0: 3 0x80009d70 (0xff9ff06f)
core   0: 0x80009d68 (0x00006f17) auipc   t5, 0x6
core   0: 3 0x80009d68 (0x00006f17) x30 0x8000fd68
core   0: 0x80009d6c (0x283f2c23) sw      gp, 664(t5)
core   0: 3 0x80009d6c (0x283f2c23) mem 0x80010000 0x00000001
core   0: 0x80009d70 (0xff9ff06f) j       pc - 0x8
core   0: 3 0x80009d70 (0xff9ff06f)
core   0: 0x80009d68 (0x00006f17) auipc   t5, 0x6
core   0: 3 0x80009d68 (0x00006f17) x30 0x8000fd68
core   0: 0x80009d6c (0x283f2c23) sw      gp, 664(t5)
core   0: 3 0x80009d6c (0x283f2c23) mem 0x80010000 0x00000001
core   0: 0x80009d70 (0xff9ff06f) j       pc - 0x8
core   0: 3 0x80009d70 (0xff9ff06f)
core   0: 0x80009d68 (0x00006f17) auipc   t5, 0x6
core   0: 3 0x80009d68 (0x00006f17) x30 0x8000fd68
core   0: 0x80009d6c (0x283f2c23) sw      gp, 664(t5)
core   0: 3 0x80009d6c (0x283f2c23) mem 0x80010000 0x00000001
core   0: 0x80009d70 (0xff9ff06f) j       pc - 0x8
core   0: 3 0x80009d70 (0xff9ff06f)
core   0: 0x80009d68 (0x00006f17) auipc   t5, 0x6
core   0: 3 0x80009d68 (0x00006f17) x30 0x8000fd68
core   0: 0x80009d6c (0x283f2c23) sw      gp, 664(t5)
core   0: 3 0x80009d6c (0x283f2c23) mem 0x80010000 0x00000001
core   0: 0x80009d70 (0xff9ff06f) j       pc - 0x8
core   0: 3 0x80009d70 (0xff9ff06f)
core   0: 0x80009d68 (0x00006f17) auipc   t5, 0x6
core   0: 3 0x80009d68 (0x00006f17) x30 0x8000fd68
core   0: 0x80009d6c (0x283f2c23) sw      gp, 664(t5)
core   0: 3 0x80009d6c (0x283f2c23) mem 0x80010000 0x00000001
core   0: 0x80009d70 (0xff9ff06f) j       pc - 0x8
core   0: 3 0x80009d70 (0xff9ff06f)
core   0: 0x80009d68 (0x00006f17) auipc   t5, 0x6
core   0: 3 0x80009d68 (0x00006f17) x30 0x8000fd68
core   0: 0x80009d6c (0x283f2c23) sw      gp, 664(t5)
core   0: 3 0x80009d6c (0x283f2c23) mem 0x80010000 0x00000001
core   0: 0x80009d70 (0xff9ff06f) j       pc - 0x8
core   0: 3 0x80009d70 (0xff9ff06f)
core   0: 0x80009d68 (0x00006f17) auipc   t5, 0x6
core   0: 3 0x80009d68 (0x00006f17) x30 0x8000fd68
core   0: 0x80009d6c (0x283f2c23) sw      gp, 664(t5)
core   0: 3 0x80009d6c (0x283f2c23) mem 0x80010000 0x00000001
core   0: 0x80009d70 (0xff9ff06f) j       pc - 0x8
core   0: 3 0x80009d70 (0xff9ff06f)
core   0: 0x80009d68 (0x00006f17) auipc   t5, 0x6
core   0: 3 0x80009d68 (0x00006f17) x30 0x8000fd68
core   0: 0x80009d6c (0x283f2c23) sw      gp, 664(t5)
core   0: 3 0x80009d6c (0x283f2c23) mem 0x80010000 0x00000001
core   0: 0x80009d70 (0xff9ff06f) j       pc - 0x8
core   0: 3 0x80009d70 (0xff9ff06f)
core   0: 0x80009d68 (0x00006f17) auipc   t5, 0x6
core   0: 3 0x80009d68 (0x00006f17) x30 0x8000fd68
core   0: 0x80009d6c (0x283f2c23) sw      gp, 664(t5)
core   0: 3 0x80009d6c (0x283f2c23) mem 0x80010000 0x00000001
core   0: 0x80009d70 (0xff9ff06f) j       pc - 0x8
core   0: 3 0x80009d70 (0xff9ff06f)
core   0: 0x80009d68 (0x00006f17) auipc   t5, 0x6
core   0: 3 0x80009d68 (0x00006f17) x30 0x8000fd68
core   0: 0x80009d6c (0x283f2c23) sw      gp, 664(t5)
core   0: 3 0x80009d6c (0x283f2c23) mem 0x80010000 0x00000001
core   0: 0x80009d70 (0xff9ff06f) j       pc - 0x8
core   0: 3 0x80009d70 (0xff9ff06f)
core   0: 0x80009d68 (0x00006f17) auipc   t5, 0x6
core   0: 3 0x80009d68 (0x00006f17) x30 0x8000fd68
core   0: 0x80009d6c (0x283f2c23) sw      gp, 664(t5)
core   0: 3 0x80009d6c (0x283f2c23) mem 0x80010000 0x00000001
core   0: 0x80009d70 (0xff9ff06f) j       pc - 0x8
core   0: 3 0x80009d70 (0xff9ff06f)
core   0: 0x80009d68 (0x00006f17) auipc   t5, 0x6
core   0: 3 0x80009d68 (0x00006f17) x30 0x8000fd68
core   0: 0x80009d6c (0x283f2c23) sw      gp, 664(t5)
core   0: 3 0x80009d6c (0x283f2c23) mem 0x80010000 0x00000001
core   0: 0x80009d70 (0xff9ff06f) j       pc - 0x8
core   0: 3 0x80009d70 (0xff9ff06f)
core   0: 0x80009d68 (0x00006f17) auipc   t5, 0x6
core   0: 3 0x80009d68 (0x00006f17) x30 0x8000fd68
core   0: 0x80009d6c (0x283f2c23) sw      gp, 664(t5)
core   0: 3 0x80009d6c (0x283f2c23) mem 0x80010000 0x00000001
core   0: 0x80009d70 (0xff9ff06f) j       pc - 0x8
core   0: 3 0x80009d70 (0xff9ff06f)
core   0: 0x80009d68 (0x00006f17) auipc   t5, 0x6
core   0: 3 0x80009d68 (0x00006f17) x30 0x8000fd68
core   0: 0x80009d6c (0x283f2c23) sw      gp, 664(t5)
core   0: 3 0x80009d6c (0x283f2c23) mem 0x80010000 0x00000001
core   0: 0x80009d70 (0xff9ff06f) j       pc - 0x8
core   0: 3 0x80009d70 (0xff9ff06f)
core   0: 0x80009d68 (0x00006f17) auipc   t5, 0x6
core   0: 3 0x80009d68 (0x00006f17) x30 0x8000fd68
core   0: 0x80009d6c (0x283f2c23) sw      gp, 664(t5)
core   0: 3 0x80009d6c (0x283f2c23) mem 0x80010000 0x00000001
core   0: 0x80009d70 (0xff9ff06f) j       pc - 0x8
core   0: 3 0x80009d70 (0xff9ff06f)
core   0: 0x80009d68 (0x00006f17) auipc   t5, 0x6
core   0: 3 0x80009d68 (0x00006f17) x30 0x8000fd68
core   0: 0x80009d6c (0x283f2c23) sw      gp, 664(t5)
core   0: 3 0x80009d6c (0x283f2c23) mem 0x80010000 0x00000001
core   0: 0x80009d70 (0xff9ff06f) j       pc - 0x8
core   0: 3 0x80009d70 (0xff9ff06f)
core   0: 0x80009d68 (0x00006f17) auipc   t5, 0x6
core   0: 3 0x80009d68 (0x00006f17) x30 0x8000fd68
core   0: 0x80009d6c (0x283f2c23) sw      gp, 664(t5)
core   0: 3 0x80009d6c (0x283f2c23) mem 0x80010000 0x00000001
core   0: 0x80009d70 (0xff9ff06f) j       pc - 0x8
core   0: 3 0x80009d70 (0xff9ff06f)
core   0: 0x80009d68 (0x00006f17) auipc   t5, 0x6
core   0: 3 0x80009d68 (0x00006f17) x30 0x8000fd68
core   0: 0x80009d6c (0x283f2c23) sw      gp, 664(t5)
core   0: 3 0x80009d6c (0x283f2c23) mem 0x80010000 0x00000001
core   0: 0x80009d70 (0xff9ff06f) j       pc - 0x8
core   0: 3 0x80009d70 (0xff9ff06f)
core   0: 0x80009d68 (0x00006f17) auipc   t5, 0x6
core   0: 3 0x80009d68 (0x00006f17) x30 0x8000fd68
core   0: 0x80009d6c (0x283f2c23) sw      gp, 664(t5)
core   0: 3 0x80009d6c (0x283f2c23) mem 0x80010000 0x00000001
core   0: 0x80009d70 (0xff9ff06f) j       pc - 0x8
core   0: 3 0x80009d70 (0xff9ff06f)
core   0: 0x80009d68 (0x00006f17) auipc   t5, 0x6
core   0: 3 0x80009d68 (0x00006f17) x30 0x8000fd68
core   0: 0x80009d6c (0x283f2c23) sw      gp, 664(t5)
core   0: 3 0x80009d6c (0x283f2c23) mem 0x80010000 0x00000001
core   0: 0x80009d70 (0xff9ff06f) j       pc - 0x8
core   0: 3 0x80009d70 (0xff9ff06f)
core   0: 0x80009d68 (0x00006f17) auipc   t5, 0x6
core   0: 3 0x80009d68 (0x00006f17) x30 0x8000fd68
core   0: 0x80009d6c (0x283f2c23) sw      gp, 664(t5)
core   0: 3 0x80009d6c (0x283f2c23) mem 0x80010000 0x00000001
core   0: 0x80009d70 (0xff9ff06f) j       pc - 0x8
core   0: 3 0x80009d70 (0xff9ff06f)
core   0: 0x80009d68 (0x00006f17) auipc   t5, 0x6
core   0: 3 0x80009d68 (0x00006f17) x30 0x8000fd68
core   0: 0x80009d6c (0x283f2c23) sw      gp, 664(t5)
core   0: 3 0x80009d6c (0x283f2c23) mem 0x80010000 0x00000001
core   0: 0x80009d70 (0xff9ff06f) j       pc - 0x8
core   0: 3 0x80009d70 (0xff9ff06f)
core   0: 0x80009d68 (0x00006f17) auipc   t5, 0x6
core   0: 3 0x80009d68 (0x00006f17) x30 0x8000fd68
core   0: 0x80009d6c (0x283f2c23) sw      gp, 664(t5)
core   0: 3 0x80009d6c (0x283f2c23) mem 0x80010000 0x00000001
core   0: 0x80009d70 (0xff9ff06f) j       pc - 0x8
core   0: 3 0x80009d70 (0xff9ff06f)
core   0: 0x80009d68 (0x00006f17) auipc   t5, 0x6
core   0: 3 0x80009d68 (0x00006f17) x30 0x8000fd68
core   0: 0x80009d6c (0x283f2c23) sw      gp, 664(t5)
core   0: 3 0x80009d6c (0x283f2c23) mem 0x80010000 0x00000001
core   0: 0x80009d70 (0xff9ff06f) j       pc - 0x8
core   0: 3 0x80009d70 (0xff9ff06f)
core   0: 0x80009d68 (0x00006f17) auipc   t5, 0x6
core   0: 3 0x80009d68 (0x00006f17) x30 0x8000fd68
core   0: 0x80009d6c (0x283f2c23) sw      gp, 664(t5)
core   0: 3 0x80009d6c (0x283f2c23) mem 0x80010000 0x00000001
core   0: 0x80009d70 (0xff9ff06f) j       pc - 0x8
core   0: 3 0x80009d70 (0xff9ff06f)
core   0: 0x80009d68 (0x00006f17) auipc   t5, 0x6
core   0: 3 0x80009d68 (0x00006f17) x30 0x8000fd68
core   0: 0x80009d6c (0x283f2c23) sw      gp, 664(t5)
core   0: 3 0x80009d6c (0x283f2c23) mem 0x80010000 0x00000001
core   0: 0x80009d70 (0xff9ff06f) j       pc - 0x8
core   0: 3 0x80009d70 (0xff9ff06f)
core   0: 0x80009d68 (0x00006f17) auipc   t5, 0x6
core   0: 3 0x80009d68 (0x00006f17) x30 0x8000fd68
core   0: 0x80009d6c (0x283f2c23) sw      gp, 664(t5)
core   0: 3 0x80009d6c (0x283f2c23) mem 0x80010000 0x00000001
core   0: 0x80009d70 (0xff9ff06f) j       pc - 0x8
core   0: 3 0x80009d70 (0xff9ff06f)
core   0: 0x80009d68 (0x00006f17) auipc   t5, 0x6
core   0: 3 0x80009d68 (0x00006f17) x30 0x8000fd68
core   0: 0x80009d6c (0x283f2c23) sw      gp, 664(t5)
core   0: 3 0x80009d6c (0x283f2c23) mem 0x80010000 0x00000001
core   0: 0x80009d70 (0xff9ff06f) j       pc - 0x8
core   0: 3 0x80009d70 (0xff9ff06f)
core   0: 0x80009d68 (0x00006f17) auipc   t5, 0x6
core   0: 3 0x80009d68 (0x00006f17) x30 0x8000fd68
core   0: 0x80009d6c (0x283f2c23) sw      gp, 664(t5)
core   0: 3 0x80009d6c (0x283f2c23) mem 0x80010000 0x00000001
core   0: 0x80009d70 (0xff9ff06f) j       pc - 0x8
core   0: 3 0x80009d70 (0xff9ff06f)
core   0: 0x80009d68 (0x00006f17) auipc   t5, 0x6
core   0: 3 0x80009d68 (0x00006f17) x30 0x8000fd68
core   0: 0x80009d6c (0x283f2c23) sw      gp, 664(t5)
core   0: 3 0x80009d6c (0x283f2c23) mem 0x80010000 0x00000001
core   0: 0x80009d70 (0xff9ff06f) j       pc - 0x8
core   0: 3 0x80009d70 (0xff9ff06f)
core   0: 0x80009d68 (0x00006f17) auipc   t5, 0x6
core   0: 3 0x80009d68 (0x00006f17) x30 0x8000fd68
core   0: 0x80009d6c (0x283f2c23) sw      gp, 664(t5)
core   0: 3 0x80009d6c (0x283f2c23) mem 0x80010000 0x00000001
core   0: 0x80009d70 (0xff9ff06f) j       pc - 0x8
core   0: 3 0x80009d70 (0xff9ff06f)
core   0: 0x80009d68 (0x00006f17) auipc   t5, 0x6
core   0: 3 0x80009d68 (0x00006f17) x30 0x8000fd68
core   0: 0x80009d6c (0x283f2c23) sw      gp, 664(t5)
core   0: 3 0x80009d6c (0x283f2c23) mem 0x80010000 0x00000001
core   0: 0x80009d70 (0xff9ff06f) j       pc - 0x8
core   0: 3 0x80009d70 (0xff9ff06f)
core   0: 0x80009d68 (0x00006f17) auipc   t5, 0x6
core   0: 3 0x80009d68 (0x00006f17) x30 0x8000fd68
core   0: 0x80009d6c (0x283f2c23) sw      gp, 664(t5)
core   0: 3 0x80009d6c (0x283f2c23) mem 0x80010000 0x00000001
core   0: 0x80009d70 (0xff9ff06f) j       pc - 0x8
core   0: 3 0x80009d70 (0xff9ff06f)
core   0: 0x80009d68 (0x00006f17) auipc   t5, 0x6
core   0: 3 0x80009d68 (0x00006f17) x30 0x8000fd68
core   0: 0x80009d6c (0x283f2c23) sw      gp, 664(t5)
core   0: 3 0x80009d6c (0x283f2c23) mem 0x80010000 0x00000001
core   0: 0x80009d70 (0xff9ff06f) j       pc - 0x8
core   0: 3 0x80009d70 (0xff9ff06f)
core   0: 0x80009d68 (0x00006f17) auipc   t5, 0x6
core   0: 3 0x80009d68 (0x00006f17) x30 0x8000fd68
core   0: 0x80009d6c (0x283f2c23) sw      gp, 664(t5)
core   0: 3 0x80009d6c (0x283f2c23) mem 0x80010000 0x00000001
core   0: 0x80009d70 (0xff9ff06f) j       pc - 0x8
core   0: 3 0x80009d70 (0xff9ff06f)
core   0: 0x80009d68 (0x00006f17) auipc   t5, 0x6
core   0: 3 0x80009d68 (0x00006f17) x30 0x8000fd68
core   0: 0x80009d6c (0x283f2c23) sw      gp, 664(t5)
core   0: 3 0x80009d6c (0x283f2c23) mem 0x80010000 0x00000001
core   0: 0x80009d70 (0xff9ff06f) j       pc - 0x8
core   0: 3 0x80009d70 (0xff9ff06f)
core   0: 0x80009d68 (0x00006f17) auipc   t5, 0x6
core   0: 3 0x80009d68 (0x00006f17) x30 0x8000fd68
core   0: 0x80009d6c (0x283f2c23) sw      gp, 664(t5)
core   0: 3 0x80009d6c (0x283f2c23) mem 0x80010000 0x00000001
core   0: 0x80009d70 (0xff9ff06f) j       pc - 0x8
core   0: 3 0x80009d70 (0xff9ff06f)
core   0: 0x80009d68 (0x00006f17) auipc   t5, 0x6
core   0: 3 0x80009d68 (0x00006f17) x30 0x8000fd68
core   0: 0x80009d6c (0x283f2c23) sw      gp, 664(t5)
core   0: 3 0x80009d6c (0x283f2c23) mem 0x80010000 0x00000001
core   0: 0x80009d70 (0xff9ff06f) j       pc - 0x8
core   0: 3 0x80009d70 (0xff9ff06f)
core   0: 0x80009d68 (0x00006f17) auipc   t5, 0x6
core   0: 3 0x80009d68 (0x00006f17) x30 0x8000fd68
core   0: 0x80009d6c (0x283f2c23) sw      gp, 664(t5)
core   0: 3 0x80009d6c (0x283f2c23) mem 0x80010000 0x00000001
core   0: 0x80009d70 (0xff9ff06f) j       pc - 0x8
core   0: 3 0x80009d70 (0xff9ff06f)
core   0: 0x80009d68 (0x00006f17) auipc   t5, 0x6
core   0: 3 0x80009d68 (0x00006f17) x30 0x8000fd68
core   0: 0x80009d6c (0x283f2c23) sw      gp, 664(t5)
core   0: 3 0x80009d6c (0x283f2c23) mem 0x80010000 0x00000001
core   0: 0x80009d70 (0xff9ff06f) j       pc - 0x8
core   0: 3 0x80009d70 (0xff9ff06f)
core   0: 0x80009d68 (0x00006f17) auipc   t5, 0x6
core   0: 3 0x80009d68 (0x00006f17) x30 0x8000fd68
core   0: 0x80009d6c (0x283f2c23) sw      gp, 664(t5)
core   0: 3 0x80009d6c (0x283f2c23) mem 0x80010000 0x00000001
core   0: 0x80009d70 (0xff9ff06f) j       pc - 0x8
core   0: 3 0x80009d70 (0xff9ff06f)
core   0: 0x80009d68 (0x00006f17) auipc   t5, 0x6
core   0: 3 0x80009d68 (0x00006f17) x30 0x8000fd68
core   0: 0x80009d6c (0x283f2c23) sw      gp, 664(t5)
core   0: 3 0x80009d6c (0x283f2c23) mem 0x80010000 0x00000001
core   0: 0x80009d70 (0xff9ff06f) j       pc - 0x8
core   0: 3 0x80009d70 (0xff9ff06f)
core   0: 0x80009d68 (0x00006f17) auipc   t5, 0x6
core   0: 3 0x80009d68 (0x00006f17) x30 0x8000fd68
core   0: 0x80009d6c (0x283f2c23) sw      gp, 664(t5)
core   0: 3 0x80009d6c (0x283f2c23) mem 0x80010000 0x00000001
core   0: 0x80009d70 (0xff9ff06f) j       pc - 0x8
core   0: 3 0x80009d70 (0xff9ff06f)
core   0: 0x80009d68 (0x00006f17) auipc   t5, 0x6
core   0: 3 0x80009d68 (0x00006f17) x30 0x8000fd68
core   0: 0x80009d6c (0x283f2c23) sw      gp, 664(t5)
core   0: 3 0x80009d6c (0x283f2c23) mem 0x80010000 0x00000001
core   0: 0x80009d70 (0xff9ff06f) j       pc - 0x8
core   0: 3 0x80009d70 (0xff9ff06f)
core   0: 0x80009d68 (0x00006f17) auipc   t5, 0x6
core   0: 3 0x80009d68 (0x00006f17) x30 0x8000fd68
core   0: 0x80009d6c (0x283f2c23) sw      gp, 664(t5)
core   0: 3 0x80009d6c (0x283f2c23) mem 0x80010000 0x00000001
core   0: 0x80009d70 (0xff9ff06f) j       pc - 0x8
core   0: 3 0x80009d70 (0xff9ff06f)
core   0: 0x80009d68 (0x00006f17) auipc   t5, 0x6
core   0: 3 0x80009d68 (0x00006f17) x30 0x8000fd68
core   0: 0x80009d6c (0x283f2c23) sw      gp, 664(t5)
core   0: 3 0x80009d6c (0x283f2c23) mem 0x80010000 0x00000001
core   0: 0x80009d70 (0xff9ff06f) j       pc - 0x8
core   0: 3 0x80009d70 (0xff9ff06f)
core   0: 0x80009d68 (0x00006f17) auipc   t5, 0x6
core   0: 3 0x80009d68 (0x00006f17) x30 0x8000fd68
core   0: 0x80009d6c (0x283f2c23) sw      gp, 664(t5)
core   0: 3 0x80009d6c (0x283f2c23) mem 0x80010000 0x00000001
core   0: 0x80009d70 (0xff9ff06f) j       pc - 0x8
core   0: 3 0x80009d70 (0xff9ff06f)
core   0: 0x80009d68 (0x00006f17) auipc   t5, 0x6
core   0: 3 0x80009d68 (0x00006f17) x30 0x8000fd68
core   0: 0x80009d6c (0x283f2c23) sw      gp, 664(t5)
core   0: 3 0x80009d6c (0x283f2c23) mem 0x80010000 0x00000001
core   0: 0x80009d70 (0xff9ff06f) j       pc - 0x8
core   0: 3 0x80009d70 (0xff9ff06f)
core   0: 0x80009d68 (0x00006f17) auipc   t5, 0x6
core   0: 3 0x80009d68 (0x00006f17) x30 0x8000fd68
core   0: 0x80009d6c (0x283f2c23) sw      gp, 664(t5)
core   0: 3 0x80009d6c (0x283f2c23) mem 0x80010000 0x00000001
core   0: 0x80009d70 (0xff9ff06f) j       pc - 0x8
core   0: 3 0x80009d70 (0xff9ff06f)
core   0: 0x80009d68 (0x00006f17) auipc   t5, 0x6
core   0: 3 0x80009d68 (0x00006f17) x30 0x8000fd68
core   0: 0x80009d6c (0x283f2c23) sw      gp, 664(t5)
core   0: 3 0x80009d6c (0x283f2c23) mem 0x80010000 0x00000001
core   0: 0x80009d70 (0xff9ff06f) j       pc - 0x8
core   0: 3 0x80009d70 (0xff9ff06f)
core   0: 0x80009d68 (0x00006f17) auipc   t5, 0x6
core   0: 3 0x80009d68 (0x00006f17) x30 0x8000fd68
core   0: 0x80009d6c (0x283f2c23) sw      gp, 664(t5)
core   0: 3 0x80009d6c (0x283f2c23) mem 0x80010000 0x00000001
core   0: 0x80009d70 (0xff9ff06f) j       pc - 0x8
core   0: 3 0x80009d70 (0xff9ff06f)
core   0: 0x80009d68 (0x00006f17) auipc   t5, 0x6
core   0: 3 0x80009d68 (0x00006f17) x30 0x8000fd68
core   0: 0x80009d6c (0x283f2c23) sw      gp, 664(t5)
core   0: 3 0x80009d6c (0x283f2c23) mem 0x80010000 0x00000001
core   0: 0x80009d70 (0xff9ff06f) j       pc - 0x8
core   0: 3 0x80009d70 (0xff9ff06f)
core   0: 0x80009d68 (0x00006f17) auipc   t5, 0x6
core   0: 3 0x80009d68 (0x00006f17) x30 0x8000fd68
core   0: 0x80009d6c (0x283f2c23) sw      gp, 664(t5)
core   0: 3 0x80009d6c (0x283f2c23) mem 0x80010000 0x00000001
core   0: 0x80009d70 (0xff9ff06f) j       pc - 0x8
core   0: 3 0x80009d70 (0xff9ff06f)
core   0: 0x80009d68 (0x00006f17) auipc   t5, 0x6
core   0: 3 0x80009d68 (0x00006f17) x30 0x8000fd68
core   0: 0x80009d6c (0x283f2c23) sw      gp, 664(t5)
core   0: 3 0x80009d6c (0x283f2c23) mem 0x80010000 0x00000001
core   0: 0x80009d70 (0xff9ff06f) j       pc - 0x8
core   0: 3 0x80009d70 (0xff9ff06f)
core   0: 0x80009d68 (0x00006f17) auipc   t5, 0x6
core   0: 3 0x80009d68 (0x00006f17) x30 0x8000fd68
core   0: 0x80009d6c (0x283f2c23) sw      gp, 664(t5)
core   0: 3 0x80009d6c (0x283f2c23) mem 0x80010000 0x00000001
core   0: 0x80009d70 (0xff9ff06f) j       pc - 0x8
core   0: 3 0x80009d70 (0xff9ff06f)
core   0: 0x80009d68 (0x00006f17) auipc   t5, 0x6
core   0: 3 0x80009d68 (0x00006f17) x30 0x8000fd68
core   0: 0x80009d6c (0x283f2c23) sw      gp, 664(t5)
core   0: 3 0x80009d6c (0x283f2c23) mem 0x80010000 0x00000001
core   0: 0x80009d70 (0xff9ff06f) j       pc - 0x8
core   0: 3 0x80009d70 (0xff9ff06f)
core   0: 0x80009d68 (0x00006f17) auipc   t5, 0x6
core   0: 3 0x80009d68 (0x00006f17) x30 0x8000fd68
core   0: 0x80009d6c (0x283f2c23) sw      gp, 664(t5)
core   0: 3 0x80009d6c (0x283f2c23) mem 0x80010000 0x00000001
core   0: 0x80009d70 (0xff9ff06f) j       pc - 0x8
core   0: 3 0x80009d70 (0xff9ff06f)
core   0: 0x80009d68 (0x00006f17) auipc   t5, 0x6
core   0: 3 0x80009d68 (0x00006f17) x30 0x8000fd68
core   0: 0x80009d6c (0x283f2c23) sw      gp, 664(t5)
core   0: 3 0x80009d6c (0x283f2c23) mem 0x80010000 0x00000001
core   0: 0x80009d70 (0xff9ff06f) j       pc - 0x8
core   0: 3 0x80009d70 (0xff9ff06f)
core   0: 0x80009d68 (0x00006f17) auipc   t5, 0x6
core   0: 3 0x80009d68 (0x00006f17) x30 0x8000fd68
core   0: 0x80009d6c (0x283f2c23) sw      gp, 664(t5)
core   0: 3 0x80009d6c (0x283f2c23) mem 0x80010000 0x00000001
core   0: 0x80009d70 (0xff9ff06f) j       pc - 0x8
core   0: 3 0x80009d70 (0xff9ff06f)
core   0: 0x80009d68 (0x00006f17) auipc   t5, 0x6
core   0: 3 0x80009d68 (0x00006f17) x30 0x8000fd68
core   0: 0x80009d6c (0x283f2c23) sw      gp, 664(t5)
core   0: 3 0x80009d6c (0x283f2c23) mem 0x80010000 0x00000001
core   0: 0x80009d70 (0xff9ff06f) j       pc - 0x8
core   0: 3 0x80009d70 (0xff9ff06f)
core   0: 0x80009d68 (0x00006f17) auipc   t5, 0x6
core   0: 3 0x80009d68 (0x00006f17) x30 0x8000fd68
core   0: 0x80009d6c (0x283f2c23) sw      gp, 664(t5)
core   0: 3 0x80009d6c (0x283f2c23) mem 0x80010000 0x00000001
core   0: 0x80009d70 (0xff9ff06f) j       pc - 0x8
core   0: 3 0x80009d70 (0xff9ff06f)
core   0: 0x80009d68 (0x00006f17) auipc   t5, 0x6
core   0: 3 0x80009d68 (0x00006f17) x30 0x8000fd68
core   0: 0x80009d6c (0x283f2c23) sw      gp, 664(t5)
core   0: 3 0x80009d6c (0x283f2c23) mem 0x80010000 0x00000001
core   0: 0x80009d70 (0xff9ff06f) j       pc - 0x8
core   0: 3 0x80009d70 (0xff9ff06f)
core   0: 0x80009d68 (0x00006f17) auipc   t5, 0x6
core   0: 3 0x80009d68 (0x00006f17) x30 0x8000fd68
core   0: 0x80009d6c (0x283f2c23) sw      gp, 664(t5)
core   0: 3 0x80009d6c (0x283f2c23) mem 0x80010000 0x00000001
core   0: 0x80009d70 (0xff9ff06f) j       pc - 0x8
core   0: 3 0x80009d70 (0xff9ff06f)
core   0: 0x80009d68 (0x00006f17) auipc   t5, 0x6
core   0: 3 0x80009d68 (0x00006f17) x30 0x8000fd68
core   0: 0x80009d6c (0x283f2c23) sw      gp, 664(t5)
core   0: 3 0x80009d6c (0x283f2c23) mem 0x80010000 0x00000001
core   0: 0x80009d70 (0xff9ff06f) j       pc - 0x8
core   0: 3 0x80009d70 (0xff9ff06f)
core   0: 0x80009d68 (0x00006f17) auipc   t5, 0x6
core   0: 3 0x80009d68 (0x00006f17) x30 0x8000fd68
core   0: 0x80009d6c (0x283f2c23) sw      gp, 664(t5)
core   0: 3 0x80009d6c (0x283f2c23) mem 0x80010000 0x00000001
core   0: 0x80009d70 (0xff9ff06f) j       pc - 0x8
core   0: 3 0x80009d70 (0xff9ff06f)
core   0: 0x80009d68 (0x00006f17) auipc   t5, 0x6
core   0: 3 0x80009d68 (0x00006f17) x30 0x8000fd68
core   0: 0x80009d6c (0x283f2c23) sw      gp, 664(t5)
core   0: 3 0x80009d6c (0x283f2c23) mem 0x80010000 0x00000001
core   0: 0x80009d70 (0xff9ff06f) j       pc - 0x8
core   0: 3 0x80009d70 (0xff9ff06f)
core   0: 0x80009d68 (0x00006f17) auipc   t5, 0x6
core   0: 3 0x80009d68 (0x00006f17) x30 0x8000fd68
core   0: 0x80009d6c (0x283f2c23) sw      gp, 664(t5)
core   0: 3 0x80009d6c (0x283f2c23) mem 0x80010000 0x00000001
core   0: 0x80009d70 (0xff9ff06f) j       pc - 0x8
core   0: 3 0x80009d70 (0xff9ff06f)
core   0: 0x80009d68 (0x00006f17) auipc   t5, 0x6
core   0: 3 0x80009d68 (0x00006f17) x30 0x8000fd68
core   0: 0x80009d6c (0x283f2c23) sw      gp, 664(t5)
core   0: 3 0x80009d6c (0x283f2c23) mem 0x80010000 0x00000001
core   0: 0x80009d70 (0xff9ff06f) j       pc - 0x8
core   0: 3 0x80009d70 (0xff9ff06f)
core   0: 0x80009d68 (0x00006f17) auipc   t5, 0x6
core   0: 3 0x80009d68 (0x00006f17) x30 0x8000fd68
core   0: 0x80009d6c (0x283f2c23) sw      gp, 664(t5)
core   0: 3 0x80009d6c (0x283f2c23) mem 0x80010000 0x00000001
core   0: 0x80009d70 (0xff9ff06f) j       pc - 0x8
core   0: 3 0x80009d70 (0xff9ff06f)
core   0: 0x80009d68 (0x00006f17) auipc   t5, 0x6
core   0: 3 0x80009d68 (0x00006f17) x30 0x8000fd68
core   0: 0x80009d6c (0x283f2c23) sw      gp, 664(t5)
core   0: 3 0x80009d6c (0x283f2c23) mem 0x80010000 0x00000001
core   0: 0x80009d70 (0xff9ff06f) j       pc - 0x8
core   0: 3 0x80009d70 (0xff9ff06f)
core   0: 0x80009d68 (0x00006f17) auipc   t5, 0x6
core   0: 3 0x80009d68 (0x00006f17) x30 0x8000fd68
core   0: 0x80009d6c (0x283f2c23) sw      gp, 664(t5)
core   0: 3 0x80009d6c (0x283f2c23) mem 0x80010000 0x00000001
core   0: 0x80009d70 (0xff9ff06f) j       pc - 0x8
core   0: 3 0x80009d70 (0xff9ff06f)
core   0: 0x80009d68 (0x00006f17) auipc   t5, 0x6
core   0: 3 0x80009d68 (0x00006f17) x30 0x8000fd68
core   0: 0x80009d6c (0x283f2c23) sw      gp, 664(t5)
core   0: 3 0x80009d6c (0x283f2c23) mem 0x80010000 0x00000001
core   0: 0x80009d70 (0xff9ff06f) j       pc - 0x8
core   0: 3 0x80009d70 (0xff9ff06f)
core   0: 0x80009d68 (0x00006f17) auipc   t5, 0x6
core   0: 3 0x80009d68 (0x00006f17) x30 0x8000fd68
core   0: 0x80009d6c (0x283f2c23) sw      gp, 664(t5)
core   0: 3 0x80009d6c (0x283f2c23) mem 0x80010000 0x00000001
core   0: 0x80009d70 (0xff9ff06f) j       pc - 0x8
core   0: 3 0x80009d70 (0xff9ff06f)
core   0: 0x80009d68 (0x00006f17) auipc   t5, 0x6
core   0: 3 0x80009d68 (0x00006f17) x30 0x8000fd68
core   0: 0x80009d6c (0x283f2c23) sw      gp, 664(t5)
core   0: 3 0x80009d6c (0x283f2c23) mem 0x80010000 0x00000001
core   0: 0x80009d70 (0xff9ff06f) j       pc - 0x8
core   0: 3 0x80009d70 (0xff9ff06f)
core   0: 0x80009d68 (0x00006f17) auipc   t5, 0x6
core   0: 3 0x80009d68 (0x00006f17) x30 0x8000fd68
core   0: 0x80009d6c (0x283f2c23) sw      gp, 664(t5)
core   0: 3 0x80009d6c (0x283f2c23) mem 0x80010000 0x00000001
core   0: 0x80009d70 (0xff9ff06f) j       pc - 0x8
core   0: 3 0x80009d70 (0xff9ff06f)
core   0: 0x80009d68 (0x00006f17) auipc   t5, 0x6
core   0: 3 0x80009d68 (0x00006f17) x30 0x8000fd68
core   0: 0x80009d6c (0x283f2c23) sw      gp, 664(t5)
core   0: 3 0x80009d6c (0x283f2c23) mem 0x80010000 0x00000001
core   0: 0x80009d70 (0xff9ff06f) j       pc - 0x8
core   0: 3 0x80009d70 (0xff9ff06f)
core   0: 0x80009d68 (0x00006f17) auipc   t5, 0x6
core   0: 3 0x80009d68 (0x00006f17) x30 0x8000fd68
core   0: 0x80009d6c (0x283f2c23) sw      gp, 664(t5)
core   0: 3 0x80009d6c (0x283f2c23) mem 0x80010000 0x00000001
core   0: 0x80009d70 (0xff9ff06f) j       pc - 0x8
core   0: 3 0x80009d70 (0xff9ff06f)
core   0: 0x80009d68 (0x00006f17) auipc   t5, 0x6
core   0: 3 0x80009d68 (0x00006f17) x30 0x8000fd68
core   0: 0x80009d6c (0x283f2c23) sw      gp, 664(t5)
core   0: 3 0x80009d6c (0x283f2c23) mem 0x80010000 0x00000001
core   0: 0x80009d70 (0xff9ff06f) j       pc - 0x8
core   0: 3 0x80009d70 (0xff9ff06f)
core   0: 0x80009d68 (0x00006f17) auipc   t5, 0x6
core   0: 3 0x80009d68 (0x00006f17) x30 0x8000fd68
core   0: 0x80009d6c (0x283f2c23) sw      gp, 664(t5)
core   0: 3 0x80009d6c (0x283f2c23) mem 0x80010000 0x00000001
core   0: 0x80009d70 (0xff9ff06f) j       pc - 0x8
core   0: 3 0x80009d70 (0xff9ff06f)
core   0: 0x80009d68 (0x00006f17) auipc   t5, 0x6
core   0: 3 0x80009d68 (0x00006f17) x30 0x8000fd68
core   0: 0x80009d6c (0x283f2c23) sw      gp, 664(t5)
core   0: 3 0x80009d6c (0x283f2c23) mem 0x80010000 0x00000001
core   0: 0x80009d70 (0xff9ff06f) j       pc - 0x8
core   0: 3 0x80009d70 (0xff9ff06f)
core   0: 0x80009d68 (0x00006f17) auipc   t5, 0x6
core   0: 3 0x80009d68 (0x00006f17) x30 0x8000fd68
core   0: 0x80009d6c (0x283f2c23) sw      gp, 664(t5)
core   0: 3 0x80009d6c (0x283f2c23) mem 0x80010000 0x00000001
core   0: 0x80009d70 (0xff9ff06f) j       pc - 0x8
core   0: 3 0x80009d70 (0xff9ff06f)
core   0: 0x80009d68 (0x00006f17) auipc   t5, 0x6
core   0: 3 0x80009d68 (0x00006f17) x30 0x8000fd68
core   0: 0x80009d6c (0x283f2c23) sw      gp, 664(t5)
core   0: 3 0x80009d6c (0x283f2c23) mem 0x80010000 0x00000001
core   0: 0x80009d70 (0xff9ff06f) j       pc - 0x8
core   0: 3 0x80009d70 (0xff9ff06f)
core   0: 0x80009d68 (0x00006f17) auipc   t5, 0x6
core   0: 3 0x80009d68 (0x00006f17) x30 0x8000fd68
core   0: 0x80009d6c (0x283f2c23) sw      gp, 664(t5)
core   0: 3 0x80009d6c (0x283f2c23) mem 0x80010000 0x00000001
core   0: 0x80009d70 (0xff9ff06f) j       pc - 0x8
core   0: 3 0x80009d70 (0xff9ff06f)
core   0: 0x80009d68 (0x00006f17) auipc   t5, 0x6
core   0: 3 0x80009d68 (0x00006f17) x30 0x8000fd68
core   0: 0x80009d6c (0x283f2c23) sw      gp, 664(t5)
core   0: 3 0x80009d6c (0x283f2c23) mem 0x80010000 0x00000001
core   0: 0x80009d70 (0xff9ff06f) j       pc - 0x8
core   0: 3 0x80009d70 (0xff9ff06f)
core   0: 0x80009d68 (0x00006f17) auipc   t5, 0x6
core   0: 3 0x80009d68 (0x00006f17) x30 0x8000fd68
core   0: 0x80009d6c (0x283f2c23) sw      gp, 664(t5)
core   0: 3 0x80009d6c (0x283f2c23) mem 0x80010000 0x00000001
core   0: 0x80009d70 (0xff9ff06f) j       pc - 0x8
core   0: 3 0x80009d70 (0xff9ff06f)
core   0: 0x80009d68 (0x00006f17) auipc   t5, 0x6
core   0: 3 0x80009d68 (0x00006f17) x30 0x8000fd68
core   0: 0x80009d6c (0x283f2c23) sw      gp, 664(t5)
core   0: 3 0x80009d6c (0x283f2c23) mem 0x80010000 0x00000001
core   0: 0x80009d70 (0xff9ff06f) j       pc - 0x8
core   0: 3 0x80009d70 (0xff9ff06f)
core   0: 0x80009d68 (0x00006f17) auipc   t5, 0x6
core   0: 3 0x80009d68 (0x00006f17) x30 0x8000fd68
core   0: 0x80009d6c (0x283f2c23) sw      gp, 664(t5)
core   0: 3 0x80009d6c (0x283f2c23) mem 0x80010000 0x00000001
core   0: 0x80009d70 (0xff9ff06f) j       pc - 0x8
core   0: 3 0x80009d70 (0xff9ff06f)
core   0: 0x80009d68 (0x00006f17) auipc   t5, 0x6
core   0: 3 0x80009d68 (0x00006f17) x30 0x8000fd68
core   0: 0x80009d6c (0x283f2c23) sw      gp, 664(t5)
core   0: 3 0x80009d6c (0x283f2c23) mem 0x80010000 0x00000001
core   0: 0x80009d70 (0xff9ff06f) j       pc - 0x8
core   0: 3 0x80009d70 (0xff9ff06f)
core   0: 0x80009d68 (0x00006f17) auipc   t5, 0x6
core   0: 3 0x80009d68 (0x00006f17) x30 0x8000fd68
core   0: 0x80009d6c (0x283f2c23) sw      gp, 664(t5)
core   0: 3 0x80009d6c (0x283f2c23) mem 0x80010000 0x00000001
core   0: 0x80009d70 (0xff9ff06f) j       pc - 0x8
core   0: 3 0x80009d70 (0xff9ff06f)
core   0: 0x80009d68 (0x00006f17) auipc   t5, 0x6
core   0: 3 0x80009d68 (0x00006f17) x30 0x8000fd68
core   0: 0x80009d6c (0x283f2c23) sw      gp, 664(t5)
core   0: 3 0x80009d6c (0x283f2c23) mem 0x80010000 0x00000001
core   0: 0x80009d70 (0xff9ff06f) j       pc - 0x8
core   0: 3 0x80009d70 (0xff9ff06f)
core   0: 0x80009d68 (0x00006f17) auipc   t5, 0x6
core   0: 3 0x80009d68 (0x00006f17) x30 0x8000fd68
core   0: 0x80009d6c (0x283f2c23) sw      gp, 664(t5)
core   0: 3 0x80009d6c (0x283f2c23) mem 0x80010000 0x00000001
core   0: 0x80009d70 (0xff9ff06f) j       pc - 0x8
core   0: 3 0x80009d70 (0xff9ff06f)
core   0: 0x80009d68 (0x00006f17) auipc   t5, 0x6
core   0: 3 0x80009d68 (0x00006f17) x30 0x8000fd68
core   0: 0x80009d6c (0x283f2c23) sw      gp, 664(t5)
core   0: 3 0x80009d6c (0x283f2c23) mem 0x80010000 0x00000001
core   0: 0x80009d70 (0xff9ff06f) j       pc - 0x8
core   0: 3 0x80009d70 (0xff9ff06f)
core   0: 0x80009d68 (0x00006f17) auipc   t5, 0x6
core   0: 3 0x80009d68 (0x00006f17) x30 0x8000fd68
core   0: 0x80009d6c (0x283f2c23) sw      gp, 664(t5)
core   0: 3 0x80009d6c (0x283f2c23) mem 0x80010000 0x00000001
core   0: 0x80009d70 (0xff9ff06f) j       pc - 0x8
core   0: 3 0x80009d70 (0xff9ff06f)
core   0: 0x80009d68 (0x00006f17) auipc   t5, 0x6
core   0: 3 0x80009d68 (0x00006f17) x30 0x8000fd68
core   0: 0x80009d6c (0x283f2c23) sw      gp, 664(t5)
core   0: 3 0x80009d6c (0x283f2c23) mem 0x80010000 0x00000001
core   0: 0x80009d70 (0xff9ff06f) j       pc - 0x8
core   0: 3 0x80009d70 (0xff9ff06f)
core   0: 0x80009d68 (0x00006f17) auipc   t5, 0x6
core   0: 3 0x80009d68 (0x00006f17) x30 0x8000fd68
core   0: 0x80009d6c (0x283f2c23) sw      gp, 664(t5)
core   0: 3 0x80009d6c (0x283f2c23) mem 0x80010000 0x00000001
core   0: 0x80009d70 (0xff9ff06f) j       pc - 0x8
core   0: 3 0x80009d70 (0xff9ff06f)
core   0: 0x80009d68 (0x00006f17) auipc   t5, 0x6
core   0: 3 0x80009d68 (0x00006f17) x30 0x8000fd68
core   0: 0x80009d6c (0x283f2c23) sw      gp, 664(t5)
core   0: 3 0x80009d6c (0x283f2c23) mem 0x80010000 0x00000001
core   0: 0x80009d70 (0xff9ff06f) j       pc - 0x8
core   0: 3 0x80009d70 (0xff9ff06f)
core   0: 0x80009d68 (0x00006f17) auipc   t5, 0x6
core   0: 3 0x80009d68 (0x00006f17) x30 0x8000fd68
core   0: 0x80009d6c (0x283f2c23) sw      gp, 664(t5)
core   0: 3 0x80009d6c (0x283f2c23) mem 0x80010000 0x00000001
core   0: 0x80009d70 (0xff9ff06f) j       pc - 0x8
core   0: 3 0x80009d70 (0xff9ff06f)
core   0: 0x80009d68 (0x00006f17) auipc   t5, 0x6
core   0: 3 0x80009d68 (0x00006f17) x30 0x8000fd68
core   0: 0x80009d6c (0x283f2c23) sw      gp, 664(t5)
core   0: 3 0x80009d6c (0x283f2c23) mem 0x80010000 0x00000001
core   0: 0x80009d70 (0xff9ff06f) j       pc - 0x8
core   0: 3 0x80009d70 (0xff9ff06f)
core   0: 0x80009d68 (0x00006f17) auipc   t5, 0x6
core   0: 3 0x80009d68 (0x00006f17) x30 0x8000fd68
core   0: 0x80009d6c (0x283f2c23) sw      gp, 664(t5)
core   0: 3 0x80009d6c (0x283f2c23) mem 0x80010000 0x00000001
core   0: 0x80009d70 (0xff9ff06f) j       pc - 0x8
core   0: 3 0x80009d70 (0xff9ff06f)
core   0: 0x80009d68 (0x00006f17) auipc   t5, 0x6
core   0: 3 0x80009d68 (0x00006f17) x30 0x8000fd68
core   0: 0x80009d6c (0x283f2c23) sw      gp, 664(t5)
core   0: 3 0x80009d6c (0x283f2c23) mem 0x80010000 0x00000001
core   0: 0x80009d70 (0xff9ff06f) j       pc - 0x8
core   0: 3 0x80009d70 (0xff9ff06f)
core   0: 0x80009d68 (0x00006f17) auipc   t5, 0x6
core   0: 3 0x80009d68 (0x00006f17) x30 0x8000fd68
core   0: 0x80009d6c (0x283f2c23) sw      gp, 664(t5)
core   0: 3 0x80009d6c (0x283f2c23) mem 0x80010000 0x00000001
core   0: 0x80009d70 (0xff9ff06f) j       pc - 0x8
core   0: 3 0x80009d70 (0xff9ff06f)
core   0: 0x80009d68 (0x00006f17) auipc   t5, 0x6
core   0: 3 0x80009d68 (0x00006f17) x30 0x8000fd68
core   0: 0x80009d6c (0x283f2c23) sw      gp, 664(t5)
core   0: 3 0x80009d6c (0x283f2c23) mem 0x80010000 0x00000001
core   0: 0x80009d70 (0xff9ff06f) j       pc - 0x8
core   0: 3 0x80009d70 (0xff9ff06f)
core   0: 0x80009d68 (0x00006f17) auipc   t5, 0x6
core   0: 3 0x80009d68 (0x00006f17) x30 0x8000fd68
core   0: 0x80009d6c (0x283f2c23) sw      gp, 664(t5)
core   0: 3 0x80009d6c (0x283f2c23) mem 0x80010000 0x00000001
core   0: 0x80009d70 (0xff9ff06f) j       pc - 0x8
core   0: 3 0x80009d70 (0xff9ff06f)
core   0: 0x80009d68 (0x00006f17) auipc   t5, 0x6
core   0: 3 0x80009d68 (0x00006f17) x30 0x8000fd68
core   0: 0x80009d6c (0x283f2c23) sw      gp, 664(t5)
core   0: 3 0x80009d6c (0x283f2c23) mem 0x80010000 0x00000001
core   0: 0x80009d70 (0xff9ff06f) j       pc - 0x8
core   0: 3 0x80009d70 (0xff9ff06f)
core   0: 0x80009d68 (0x00006f17) auipc   t5, 0x6
core   0: 3 0x80009d68 (0x00006f17) x30 0x8000fd68
core   0: 0x80009d6c (0x283f2c23) sw      gp, 664(t5)
core   0: 3 0x80009d6c (0x283f2c23) mem 0x80010000 0x00000001
core   0: 0x80009d70 (0xff9ff06f) j       pc - 0x8
core   0: 3 0x80009d70 (0xff9ff06f)
core   0: 0x80009d68 (0x00006f17) auipc   t5, 0x6
core   0: 3 0x80009d68 (0x00006f17) x30 0x8000fd68
core   0: 0x80009d6c (0x283f2c23) sw      gp, 664(t5)
core   0: 3 0x80009d6c (0x283f2c23) mem 0x80010000 0x00000001
core   0: 0x80009d70 (0xff9ff06f) j       pc - 0x8
core   0: 3 0x80009d70 (0xff9ff06f)
core   0: 0x80009d68 (0x00006f17) auipc   t5, 0x6
core   0: 3 0x80009d68 (0x00006f17) x30 0x8000fd68
core   0: 0x80009d6c (0x283f2c23) sw      gp, 664(t5)
core   0: 3 0x80009d6c (0x283f2c23) mem 0x80010000 0x00000001
core   0: 0x80009d70 (0xff9ff06f) j       pc - 0x8
core   0: 3 0x80009d70 (0xff9ff06f)
core   0: 0x80009d68 (0x00006f17) auipc   t5, 0x6
core   0: 3 0x80009d68 (0x00006f17) x30 0x8000fd68
core   0: 0x80009d6c (0x283f2c23) sw      gp, 664(t5)
core   0: 3 0x80009d6c (0x283f2c23) mem 0x80010000 0x00000001
core   0: 0x80009d70 (0xff9ff06f) j       pc - 0x8
core   0: 3 0x80009d70 (0xff9ff06f)
core   0: 0x80009d68 (0x00006f17) auipc   t5, 0x6
core   0: 3 0x80009d68 (0x00006f17) x30 0x8000fd68
core   0: 0x80009d6c (0x283f2c23) sw      gp, 664(t5)
core   0: 3 0x80009d6c (0x283f2c23) mem 0x80010000 0x00000001
core   0: 0x80009d70 (0xff9ff06f) j       pc - 0x8
core   0: 3 0x80009d70 (0xff9ff06f)
core   0: 0x80009d68 (0x00006f17) auipc   t5, 0x6
core   0: 3 0x80009d68 (0x00006f17) x30 0x8000fd68
core   0: 0x80009d6c (0x283f2c23) sw      gp, 664(t5)
core   0: 3 0x80009d6c (0x283f2c23) mem 0x80010000 0x00000001
core   0: 0x80009d70 (0xff9ff06f) j       pc - 0x8
core   0: 3 0x80009d70 (0xff9ff06f)
core   0: 0x80009d68 (0x00006f17) auipc   t5, 0x6
core   0: 3 0x80009d68 (0x00006f17) x30 0x8000fd68
core   0: 0x80009d6c (0x283f2c23) sw      gp, 664(t5)
core   0: 3 0x80009d6c (0x283f2c23) mem 0x80010000 0x00000001
core   0: 0x80009d70 (0xff9ff06f) j       pc - 0x8
core   0: 3 0x80009d70 (0xff9ff06f)
core   0: 0x80009d68 (0x00006f17) auipc   t5, 0x6
core   0: 3 0x80009d68 (0x00006f17) x30 0x8000fd68
core   0: 0x80009d6c (0x283f2c23) sw      gp, 664(t5)
core   0: 3 0x80009d6c (0x283f2c23) mem 0x80010000 0x00000001
core   0: 0x80009d70 (0xff9ff06f) j       pc - 0x8
core   0: 3 0x80009d70 (0xff9ff06f)
core   0: 0x80009d68 (0x00006f17) auipc   t5, 0x6
core   0: 3 0x80009d68 (0x00006f17) x30 0x8000fd68
core   0: 0x80009d6c (0x283f2c23) sw      gp, 664(t5)
core   0: 3 0x80009d6c (0x283f2c23) mem 0x80010000 0x00000001
core   0: 0x80009d70 (0xff9ff06f) j       pc - 0x8
core   0: 3 0x80009d70 (0xff9ff06f)
core   0: 0x80009d68 (0x00006f17) auipc   t5, 0x6
core   0: 3 0x80009d68 (0x00006f17) x30 0x8000fd68
core   0: 0x80009d6c (0x283f2c23) sw      gp, 664(t5)
core   0: 3 0x80009d6c (0x283f2c23) mem 0x80010000 0x00000001
core   0: 0x80009d70 (0xff9ff06f) j       pc - 0x8
core   0: 3 0x80009d70 (0xff9ff06f)
core   0: 0x80009d68 (0x00006f17) auipc   t5, 0x6
core   0: 3 0x80009d68 (0x00006f17) x30 0x8000fd68
core   0: 0x80009d6c (0x283f2c23) sw      gp, 664(t5)
core   0: 3 0x80009d6c (0x283f2c23) mem 0x80010000 0x00000001
core   0: 0x80009d70 (0xff9ff06f) j       pc - 0x8
core   0: 3 0x80009d70 (0xff9ff06f)
core   0: 0x80009d68 (0x00006f17) auipc   t5, 0x6
core   0: 3 0x80009d68 (0x00006f17) x30 0x8000fd68
core   0: 0x80009d6c (0x283f2c23) sw      gp, 664(t5)
core   0: 3 0x80009d6c (0x283f2c23) mem 0x80010000 0x00000001
core   0: 0x80009d70 (0xff9ff06f) j       pc - 0x8
core   0: 3 0x80009d70 (0xff9ff06f)
core   0: 0x80009d68 (0x00006f17) auipc   t5, 0x6
core   0: 3 0x80009d68 (0x00006f17) x30 0x8000fd68
core   0: 0x80009d6c (0x283f2c23) sw      gp, 664(t5)
core   0: 3 0x80009d6c (0x283f2c23) mem 0x80010000 0x00000001
core   0: 0x80009d70 (0xff9ff06f) j       pc - 0x8
core   0: 3 0x80009d70 (0xff9ff06f)
core   0: 0x80009d68 (0x00006f17) auipc   t5, 0x6
core   0: 3 0x80009d68 (0x00006f17) x30 0x8000fd68
core   0: 0x80009d6c (0x283f2c23) sw      gp, 664(t5)
core   0: 3 0x80009d6c (0x283f2c23) mem 0x80010000 0x00000001
core   0: 0x80009d70 (0xff9ff06f) j       pc - 0x8
core   0: 3 0x80009d70 (0xff9ff06f)
core   0: 0x80009d68 (0x00006f17) auipc   t5, 0x6
core   0: 3 0x80009d68 (0x00006f17) x30 0x8000fd68
core   0: 0x80009d6c (0x283f2c23) sw      gp, 664(t5)
core   0: 3 0x80009d6c (0x283f2c23) mem 0x80010000 0x00000001
core   0: 0x80009d70 (0xff9ff06f) j       pc - 0x8
core   0: 3 0x80009d70 (0xff9ff06f)
core   0: 0x80009d68 (0x00006f17) auipc   t5, 0x6
core   0: 3 0x80009d68 (0x00006f17) x30 0x8000fd68
core   0: 0x80009d6c (0x283f2c23) sw      gp, 664(t5)
core   0: 3 0x80009d6c (0x283f2c23) mem 0x80010000 0x00000001
core   0: 0x80009d70 (0xff9ff06f) j       pc - 0x8
core   0: 3 0x80009d70 (0xff9ff06f)
core   0: 0x80009d68 (0x00006f17) auipc   t5, 0x6
core   0: 3 0x80009d68 (0x00006f17) x30 0x8000fd68
core   0: 0x80009d6c (0x283f2c23) sw      gp, 664(t5)
core   0: 3 0x80009d6c (0x283f2c23) mem 0x80010000 0x00000001
core   0: 0x80009d70 (0xff9ff06f) j       pc - 0x8
core   0: 3 0x80009d70 (0xff9ff06f)
core   0: 0x80009d68 (0x00006f17) auipc   t5, 0x6
core   0: 3 0x80009d68 (0x00006f17) x30 0x8000fd68
core   0: 0x80009d6c (0x283f2c23) sw      gp, 664(t5)
core   0: 3 0x80009d6c (0x283f2c23) mem 0x80010000 0x00000001
core   0: 0x80009d70 (0xff9ff06f) j       pc - 0x8
core   0: 3 0x80009d70 (0xff9ff06f)
core   0: 0x80009d68 (0x00006f17) auipc   t5, 0x6
core   0: 3 0x80009d68 (0x00006f17) x30 0x8000fd68
core   0: 0x80009d6c (0x283f2c23) sw      gp, 664(t5)
core   0: 3 0x80009d6c (0x283f2c23) mem 0x80010000 0x00000001
core   0: 0x80009d70 (0xff9ff06f) j       pc - 0x8
core   0: 3 0x80009d70 (0xff9ff06f)
core   0: 0x80009d68 (0x00006f17) auipc   t5, 0x6
core   0: 3 0x80009d68 (0x00006f17) x30 0x8000fd68
core   0: 0x80009d6c (0x283f2c23) sw      gp, 664(t5)
core   0: 3 0x80009d6c (0x283f2c23) mem 0x80010000 0x00000001
core   0: 0x80009d70 (0xff9ff06f) j       pc - 0x8
core   0: 3 0x80009d70 (0xff9ff06f)
core   0: 0x80009d68 (0x00006f17) auipc   t5, 0x6
core   0: 3 0x80009d68 (0x00006f17) x30 0x8000fd68
core   0: 0x80009d6c (0x283f2c23) sw      gp, 664(t5)
core   0: 3 0x80009d6c (0x283f2c23) mem 0x80010000 0x00000001
core   0: 0x80009d70 (0xff9ff06f) j       pc - 0x8
core   0: 3 0x80009d70 (0xff9ff06f)
core   0: 0x80009d68 (0x00006f17) auipc   t5, 0x6
core   0: 3 0x80009d68 (0x00006f17) x30 0x8000fd68
core   0: 0x80009d6c (0x283f2c23) sw      gp, 664(t5)
core   0: 3 0x80009d6c (0x283f2c23) mem 0x80010000 0x00000001
core   0: 0x80009d70 (0xff9ff06f) j       pc - 0x8
core   0: 3 0x80009d70 (0xff9ff06f)
core   0: 0x80009d68 (0x00006f17) auipc   t5, 0x6
core   0: 3 0x80009d68 (0x00006f17) x30 0x8000fd68
core   0: 0x80009d6c (0x283f2c23) sw      gp, 664(t5)
core   0: 3 0x80009d6c (0x283f2c23) mem 0x80010000 0x00000001
core   0: 0x80009d70 (0xff9ff06f) j       pc - 0x8
core   0: 3 0x80009d70 (0xff9ff06f)
core   0: 0x80009d68 (0x00006f17) auipc   t5, 0x6
core   0: 3 0x80009d68 (0x00006f17) x30 0x8000fd68
core   0: 0x80009d6c (0x283f2c23) sw      gp, 664(t5)
core   0: 3 0x80009d6c (0x283f2c23) mem 0x80010000 0x00000001
core   0: 0x80009d70 (0xff9ff06f) j       pc - 0x8
core   0: 3 0x80009d70 (0xff9ff06f)
core   0: 0x80009d68 (0x00006f17) auipc   t5, 0x6
core   0: 3 0x80009d68 (0x00006f17) x30 0x8000fd68
core   0: 0x80009d6c (0x283f2c23) sw      gp, 664(t5)
core   0: 3 0x80009d6c (0x283f2c23) mem 0x80010000 0x00000001
core   0: 0x80009d70 (0xff9ff06f) j       pc - 0x8
core   0: 3 0x80009d70 (0xff9ff06f)
core   0: 0x80009d68 (0x00006f17) auipc   t5, 0x6
core   0: 3 0x80009d68 (0x00006f17) x30 0x8000fd68
core   0: 0x80009d6c (0x283f2c23) sw      gp, 664(t5)
core   0: 3 0x80009d6c (0x283f2c23) mem 0x80010000 0x00000001
core   0: 0x80009d70 (0xff9ff06f) j       pc - 0x8
core   0: 3 0x80009d70 (0xff9ff06f)
core   0: 0x80009d68 (0x00006f17) auipc   t5, 0x6
core   0: 3 0x80009d68 (0x00006f17) x30 0x8000fd68
core   0: 0x80009d6c (0x283f2c23) sw      gp, 664(t5)
core   0: 3 0x80009d6c (0x283f2c23) mem 0x80010000 0x00000001
core   0: 0x80009d70 (0xff9ff06f) j       pc - 0x8
core   0: 3 0x80009d70 (0xff9ff06f)
core   0: 0x80009d68 (0x00006f17) auipc   t5, 0x6
core   0: 3 0x80009d68 (0x00006f17) x30 0x8000fd68
core   0: 0x80009d6c (0x283f2c23) sw      gp, 664(t5)
core   0: 3 0x80009d6c (0x283f2c23) mem 0x80010000 0x00000001
core   0: 0x80009d70 (0xff9ff06f) j       pc - 0x8
core   0: 3 0x80009d70 (0xff9ff06f)
core   0: 0x80009d68 (0x00006f17) auipc   t5, 0x6
core   0: 3 0x80009d68 (0x00006f17) x30 0x8000fd68
core   0: 0x80009d6c (0x283f2c23) sw      gp, 664(t5)
core   0: 3 0x80009d6c (0x283f2c23) mem 0x80010000 0x00000001
core   0: 0x80009d70 (0xff9ff06f) j       pc - 0x8
core   0: 3 0x80009d70 (0xff9ff06f)
core   0: 0x80009d68 (0x00006f17) auipc   t5, 0x6
core   0: 3 0x80009d68 (0x00006f17) x30 0x8000fd68
core   0: 0x80009d6c (0x283f2c23) sw      gp, 664(t5)
core   0: 3 0x80009d6c (0x283f2c23) mem 0x80010000 0x00000001
core   0: 0x80009d70 (0xff9ff06f) j       pc - 0x8
core   0: 3 0x80009d70 (0xff9ff06f)
core   0: 0x80009d68 (0x00006f17) auipc   t5, 0x6
core   0: 3 0x80009d68 (0x00006f17) x30 0x8000fd68
core   0: 0x80009d6c (0x283f2c23) sw      gp, 664(t5)
core   0: 3 0x80009d6c (0x283f2c23) mem 0x80010000 0x00000001
core   0: 0x80009d70 (0xff9ff06f) j       pc - 0x8
core   0: 3 0x80009d70 (0xff9ff06f)
core   0: 0x80009d68 (0x00006f17) auipc   t5, 0x6
core   0: 3 0x80009d68 (0x00006f17) x30 0x8000fd68
core   0: 0x80009d6c (0x283f2c23) sw      gp, 664(t5)
core   0: 3 0x80009d6c (0x283f2c23) mem 0x80010000 0x00000001
core   0: 0x80009d70 (0xff9ff06f) j       pc - 0x8
core   0: 3 0x80009d70 (0xff9ff06f)
core   0: 0x80009d68 (0x00006f17) auipc   t5, 0x6
core   0: 3 0x80009d68 (0x00006f17) x30 0x8000fd68
core   0: 0x80009d6c (0x283f2c23) sw      gp, 664(t5)
core   0: 3 0x80009d6c (0x283f2c23) mem 0x80010000 0x00000001
core   0: 0x80009d70 (0xff9ff06f) j       pc - 0x8
core   0: 3 0x80009d70 (0xff9ff06f)
core   0: 0x80009d68 (0x00006f17) auipc   t5, 0x6
core   0: 3 0x80009d68 (0x00006f17) x30 0x8000fd68
core   0: 0x80009d6c (0x283f2c23) sw      gp, 664(t5)
core   0: 3 0x80009d6c (0x283f2c23) mem 0x80010000 0x00000001
core   0: 0x80009d70 (0xff9ff06f) j       pc - 0x8
core   0: 3 0x80009d70 (0xff9ff06f)
core   0: 0x80009d68 (0x00006f17) auipc   t5, 0x6
core   0: 3 0x80009d68 (0x00006f17) x30 0x8000fd68
core   0: 0x80009d6c (0x283f2c23) sw      gp, 664(t5)
core   0: 3 0x80009d6c (0x283f2c23) mem 0x80010000 0x00000001
core   0: 0x80009d70 (0xff9ff06f) j       pc - 0x8
core   0: 3 0x80009d70 (0xff9ff06f)
core   0: 0x80009d68 (0x00006f17) auipc   t5, 0x6
core   0: 3 0x80009d68 (0x00006f17) x30 0x8000fd68
core   0: 0x80009d6c (0x283f2c23) sw      gp, 664(t5)
core   0: 3 0x80009d6c (0x283f2c23) mem 0x80010000 0x00000001
core   0: 0x80009d70 (0xff9ff06f) j       pc - 0x8
core   0: 3 0x80009d70 (0xff9ff06f)
core   0: 0x80009d68 (0x00006f17) auipc   t5, 0x6
core   0: 3 0x80009d68 (0x00006f17) x30 0x8000fd68
core   0: 0x80009d6c (0x283f2c23) sw      gp, 664(t5)
core   0: 3 0x80009d6c (0x283f2c23) mem 0x80010000 0x00000001
core   0: 0x80009d70 (0xff9ff06f) j       pc - 0x8
core   0: 3 0x80009d70 (0xff9ff06f)
core   0: 0x80009d68 (0x00006f17) auipc   t5, 0x6
core   0: 3 0x80009d68 (0x00006f17) x30 0x8000fd68
core   0: 0x80009d6c (0x283f2c23) sw      gp, 664(t5)
core   0: 3 0x80009d6c (0x283f2c23) mem 0x80010000 0x00000001
core   0: 0x80009d70 (0xff9ff06f) j       pc - 0x8
core   0: 3 0x80009d70 (0xff9ff06f)
core   0: 0x80009d68 (0x00006f17) auipc   t5, 0x6
core   0: 3 0x80009d68 (0x00006f17) x30 0x8000fd68
core   0: 0x80009d6c (0x283f2c23) sw      gp, 664(t5)
core   0: 3 0x80009d6c (0x283f2c23) mem 0x80010000 0x00000001
core   0: 0x80009d70 (0xff9ff06f) j       pc - 0x8
core   0: 3 0x80009d70 (0xff9ff06f)
core   0: 0x80009d68 (0x00006f17) auipc   t5, 0x6
core   0: 3 0x80009d68 (0x00006f17) x30 0x8000fd68
core   0: 0x80009d6c (0x283f2c23) sw      gp, 664(t5)
core   0: 3 0x80009d6c (0x283f2c23) mem 0x80010000 0x00000001
core   0: 0x80009d70 (0xff9ff06f) j       pc - 0x8
core   0: 3 0x80009d70 (0xff9ff06f)
core   0: 0x80009d68 (0x00006f17) auipc   t5, 0x6
core   0: 3 0x80009d68 (0x00006f17) x30 0x8000fd68
core   0: 0x80009d6c (0x283f2c23) sw      gp, 664(t5)
core   0: 3 0x80009d6c (0x283f2c23) mem 0x80010000 0x00000001
core   0: 0x80009d70 (0xff9ff06f) j       pc - 0x8
core   0: 3 0x80009d70 (0xff9ff06f)
core   0: 0x80009d68 (0x00006f17) auipc   t5, 0x6
core   0: 3 0x80009d68 (0x00006f17) x30 0x8000fd68
core   0: 0x80009d6c (0x283f2c23) sw      gp, 664(t5)
core   0: 3 0x80009d6c (0x283f2c23) mem 0x80010000 0x00000001
core   0: 0x80009d70 (0xff9ff06f) j       pc - 0x8
core   0: 3 0x80009d70 (0xff9ff06f)
core   0: 0x80009d68 (0x00006f17) auipc   t5, 0x6
core   0: 3 0x80009d68 (0x00006f17) x30 0x8000fd68
core   0: 0x80009d6c (0x283f2c23) sw      gp, 664(t5)
core   0: 3 0x80009d6c (0x283f2c23) mem 0x80010000 0x00000001
core   0: 0x80009d70 (0xff9ff06f) j       pc - 0x8
core   0: 3 0x80009d70 (0xff9ff06f)
core   0: 0x80009d68 (0x00006f17) auipc   t5, 0x6
core   0: 3 0x80009d68 (0x00006f17) x30 0x8000fd68
core   0: 0x80009d6c (0x283f2c23) sw      gp, 664(t5)
core   0: 3 0x80009d6c (0x283f2c23) mem 0x80010000 0x00000001
core   0: 0x80009d70 (0xff9ff06f) j       pc - 0x8
core   0: 3 0x80009d70 (0xff9ff06f)
core   0: 0x80009d68 (0x00006f17) auipc   t5, 0x6
core   0: 3 0x80009d68 (0x00006f17) x30 0x8000fd68
core   0: 0x80009d6c (0x283f2c23) sw      gp, 664(t5)
core   0: 3 0x80009d6c (0x283f2c23) mem 0x80010000 0x00000001
core   0: 0x80009d70 (0xff9ff06f) j       pc - 0x8
core   0: 3 0x80009d70 (0xff9ff06f)
core   0: 0x80009d68 (0x00006f17) auipc   t5, 0x6
core   0: 3 0x80009d68 (0x00006f17) x30 0x8000fd68
core   0: 0x80009d6c (0x283f2c23) sw      gp, 664(t5)
core   0: 3 0x80009d6c (0x283f2c23) mem 0x80010000 0x00000001
core   0: 0x80009d70 (0xff9ff06f) j       pc - 0x8
core   0: 3 0x80009d70 (0xff9ff06f)
core   0: 0x80009d68 (0x00006f17) auipc   t5, 0x6
core   0: 3 0x80009d68 (0x00006f17) x30 0x8000fd68
core   0: 0x80009d6c (0x283f2c23) sw      gp, 664(t5)
core   0: 3 0x80009d6c (0x283f2c23) mem 0x80010000 0x00000001
core   0: 0x80009d70 (0xff9ff06f) j       pc - 0x8
core   0: 3 0x80009d70 (0xff9ff06f)
core   0: 0x80009d68 (0x00006f17) auipc   t5, 0x6
core   0: 3 0x80009d68 (0x00006f17) x30 0x8000fd68
core   0: 0x80009d6c (0x283f2c23) sw      gp, 664(t5)
core   0: 3 0x80009d6c (0x283f2c23) mem 0x80010000 0x00000001
core   0: 0x80009d70 (0xff9ff06f) j       pc - 0x8
core   0: 3 0x80009d70 (0xff9ff06f)
core   0: 0x80009d68 (0x00006f17) auipc   t5, 0x6
core   0: 3 0x80009d68 (0x00006f17) x30 0x8000fd68
core   0: 0x80009d6c (0x283f2c23) sw      gp, 664(t5)
core   0: 3 0x80009d6c (0x283f2c23) mem 0x80010000 0x00000001
core   0: 0x80009d70 (0xff9ff06f) j       pc - 0x8
core   0: 3 0x80009d70 (0xff9ff06f)
core   0: 0x80009d68 (0x00006f17) auipc   t5, 0x6
core   0: 3 0x80009d68 (0x00006f17) x30 0x8000fd68
core   0: 0x80009d6c (0x283f2c23) sw      gp, 664(t5)
core   0: 3 0x80009d6c (0x283f2c23) mem 0x80010000 0x00000001
core   0: 0x80009d70 (0xff9ff06f) j       pc - 0x8
core   0: 3 0x80009d70 (0xff9ff06f)
core   0: 0x80009d68 (0x00006f17) auipc   t5, 0x6
core   0: 3 0x80009d68 (0x00006f17) x30 0x8000fd68
core   0: 0x80009d6c (0x283f2c23) sw      gp, 664(t5)
core   0: 3 0x80009d6c (0x283f2c23) mem 0x80010000 0x00000001
core   0: 0x80009d70 (0xff9ff06f) j       pc - 0x8
core   0: 3 0x80009d70 (0xff9ff06f)
core   0: 0x80009d68 (0x00006f17) auipc   t5, 0x6
core   0: 3 0x80009d68 (0x00006f17) x30 0x8000fd68
core   0: 0x80009d6c (0x283f2c23) sw      gp, 664(t5)
core   0: 3 0x80009d6c (0x283f2c23) mem 0x80010000 0x00000001
core   0: 0x80009d70 (0xff9ff06f) j       pc - 0x8
core   0: 3 0x80009d70 (0xff9ff06f)
core   0: 0x80009d68 (0x00006f17) auipc   t5, 0x6
core   0: 3 0x80009d68 (0x00006f17) x30 0x8000fd68
core   0: 0x80009d6c (0x283f2c23) sw      gp, 664(t5)
core   0: 3 0x80009d6c (0x283f2c23) mem 0x80010000 0x00000001
core   0: 0x80009d70 (0xff9ff06f) j       pc - 0x8
core   0: 3 0x80009d70 (0xff9ff06f)
core   0: 0x80009d68 (0x00006f17) auipc   t5, 0x6
core   0: 3 0x80009d68 (0x00006f17) x30 0x8000fd68
core   0: 0x80009d6c (0x283f2c23) sw      gp, 664(t5)
core   0: 3 0x80009d6c (0x283f2c23) mem 0x80010000 0x00000001
core   0: 0x80009d70 (0xff9ff06f) j       pc - 0x8
core   0: 3 0x80009d70 (0xff9ff06f)
core   0: 0x80009d68 (0x00006f17) auipc   t5, 0x6
core   0: 3 0x80009d68 (0x00006f17) x30 0x8000fd68
core   0: 0x80009d6c (0x283f2c23) sw      gp, 664(t5)
core   0: 3 0x80009d6c (0x283f2c23) mem 0x80010000 0x00000001
core   0: 0x80009d70 (0xff9ff06f) j       pc - 0x8
core   0: 3 0x80009d70 (0xff9ff06f)
core   0: 0x80009d68 (0x00006f17) auipc   t5, 0x6
core   0: 3 0x80009d68 (0x00006f17) x30 0x8000fd68
core   0: 0x80009d6c (0x283f2c23) sw      gp, 664(t5)
core   0: 3 0x80009d6c (0x283f2c23) mem 0x80010000 0x00000001
core   0: 0x80009d70 (0xff9ff06f) j       pc - 0x8
core   0: 3 0x80009d70 (0xff9ff06f)
core   0: 0x80009d68 (0x00006f17) auipc   t5, 0x6
core   0: 3 0x80009d68 (0x00006f17) x30 0x8000fd68
core   0: 0x80009d6c (0x283f2c23) sw      gp, 664(t5)
core   0: 3 0x80009d6c (0x283f2c23) mem 0x80010000 0x00000001
core   0: 0x80009d70 (0xff9ff06f) j       pc - 0x8
core   0: 3 0x80009d70 (0xff9ff06f)
core   0: 0x80009d68 (0x00006f17) auipc   t5, 0x6
core   0: 3 0x80009d68 (0x00006f17) x30 0x8000fd68
core   0: 0x80009d6c (0x283f2c23) sw      gp, 664(t5)
core   0: 3 0x80009d6c (0x283f2c23) mem 0x80010000 0x00000001
core   0: 0x80009d70 (0xff9ff06f) j       pc - 0x8
core   0: 3 0x80009d70 (0xff9ff06f)
core   0: 0x80009d68 (0x00006f17) auipc   t5, 0x6
core   0: 3 0x80009d68 (0x00006f17) x30 0x8000fd68
core   0: 0x80009d6c (0x283f2c23) sw      gp, 664(t5)
core   0: 3 0x80009d6c (0x283f2c23) mem 0x80010000 0x00000001
core   0: 0x80009d70 (0xff9ff06f) j       pc - 0x8
core   0: 3 0x80009d70 (0xff9ff06f)
core   0: 0x80009d68 (0x00006f17) auipc   t5, 0x6
core   0: 3 0x80009d68 (0x00006f17) x30 0x8000fd68
core   0: 0x80009d6c (0x283f2c23) sw      gp, 664(t5)
core   0: 3 0x80009d6c (0x283f2c23) mem 0x80010000 0x00000001
core   0: 0x80009d70 (0xff9ff06f) j       pc - 0x8
core   0: 3 0x80009d70 (0xff9ff06f)
core   0: 0x80009d68 (0x00006f17) auipc   t5, 0x6
core   0: 3 0x80009d68 (0x00006f17) x30 0x8000fd68
core   0: 0x80009d6c (0x283f2c23) sw      gp, 664(t5)
core   0: 3 0x80009d6c (0x283f2c23) mem 0x80010000 0x00000001
core   0: 0x80009d70 (0xff9ff06f) j       pc - 0x8
core   0: 3 0x80009d70 (0xff9ff06f)
core   0: 0x80009d68 (0x00006f17) auipc   t5, 0x6
core   0: 3 0x80009d68 (0x00006f17) x30 0x8000fd68
core   0: 0x80009d6c (0x283f2c23) sw      gp, 664(t5)
core   0: 3 0x80009d6c (0x283f2c23) mem 0x80010000 0x00000001
core   0: 0x80009d70 (0xff9ff06f) j       pc - 0x8
core   0: 3 0x80009d70 (0xff9ff06f)
core   0: 0x80009d68 (0x00006f17) auipc   t5, 0x6
core   0: 3 0x80009d68 (0x00006f17) x30 0x8000fd68
core   0: 0x80009d6c (0x283f2c23) sw      gp, 664(t5)
core   0: 3 0x80009d6c (0x283f2c23) mem 0x80010000 0x00000001
core   0: 0x80009d70 (0xff9ff06f) j       pc - 0x8
core   0: 3 0x80009d70 (0xff9ff06f)
core   0: 0x80009d68 (0x00006f17) auipc   t5, 0x6
core   0: 3 0x80009d68 (0x00006f17) x30 0x8000fd68
core   0: 0x80009d6c (0x283f2c23) sw      gp, 664(t5)
core   0: 3 0x80009d6c (0x283f2c23) mem 0x80010000 0x00000001
core   0: 0x80009d70 (0xff9ff06f) j       pc - 0x8
core   0: 3 0x80009d70 (0xff9ff06f)
core   0: 0x80009d68 (0x00006f17) auipc   t5, 0x6
core   0: 3 0x80009d68 (0x00006f17) x30 0x8000fd68
core   0: 0x80009d6c (0x283f2c23) sw      gp, 664(t5)
core   0: 3 0x80009d6c (0x283f2c23) mem 0x80010000 0x00000001
core   0: 0x80009d70 (0xff9ff06f) j       pc - 0x8
core   0: 3 0x80009d70 (0xff9ff06f)
core   0: 0x80009d68 (0x00006f17) auipc   t5, 0x6
core   0: 3 0x80009d68 (0x00006f17) x30 0x8000fd68
core   0: 0x80009d6c (0x283f2c23) sw      gp, 664(t5)
core   0: 3 0x80009d6c (0x283f2c23) mem 0x80010000 0x00000001
core   0: 0x80009d70 (0xff9ff06f) j       pc - 0x8
core   0: 3 0x80009d70 (0xff9ff06f)
core   0: 0x80009d68 (0x00006f17) auipc   t5, 0x6
core   0: 3 0x80009d68 (0x00006f17) x30 0x8000fd68
core   0: 0x80009d6c (0x283f2c23) sw      gp, 664(t5)
core   0: 3 0x80009d6c (0x283f2c23) mem 0x80010000 0x00000001
core   0: 0x80009d70 (0xff9ff06f) j       pc - 0x8
core   0: 3 0x80009d70 (0xff9ff06f)
core   0: 0x80009d68 (0x00006f17) auipc   t5, 0x6
core   0: 3 0x80009d68 (0x00006f17) x30 0x8000fd68
core   0: 0x80009d6c (0x283f2c23) sw      gp, 664(t5)
core   0: 3 0x80009d6c (0x283f2c23) mem 0x80010000 0x00000001
core   0: 0x80009d70 (0xff9ff06f) j       pc - 0x8
core   0: 3 0x80009d70 (0xff9ff06f)
core   0: 0x80009d68 (0x00006f17) auipc   t5, 0x6
core   0: 3 0x80009d68 (0x00006f17) x30 0x8000fd68
core   0: 0x80009d6c (0x283f2c23) sw      gp, 664(t5)
core   0: 3 0x80009d6c (0x283f2c23) mem 0x80010000 0x00000001
core   0: 0x80009d70 (0xff9ff06f) j       pc - 0x8
core   0: 3 0x80009d70 (0xff9ff06f)
core   0: 0x80009d68 (0x00006f17) auipc   t5, 0x6
core   0: 3 0x80009d68 (0x00006f17) x30 0x8000fd68
core   0: 0x80009d6c (0x283f2c23) sw      gp, 664(t5)
core   0: 3 0x80009d6c (0x283f2c23) mem 0x80010000 0x00000001
core   0: 0x80009d70 (0xff9ff06f) j       pc - 0x8
core   0: 3 0x80009d70 (0xff9ff06f)
core   0: 0x80009d68 (0x00006f17) auipc   t5, 0x6
core   0: 3 0x80009d68 (0x00006f17) x30 0x8000fd68
core   0: 0x80009d6c (0x283f2c23) sw      gp, 664(t5)
core   0: 3 0x80009d6c (0x283f2c23) mem 0x80010000 0x00000001
core   0: 0x80009d70 (0xff9ff06f) j       pc - 0x8
core   0: 3 0x80009d70 (0xff9ff06f)
core   0: 0x80009d68 (0x00006f17) auipc   t5, 0x6
core   0: 3 0x80009d68 (0x00006f17) x30 0x8000fd68
core   0: 0x80009d6c (0x283f2c23) sw      gp, 664(t5)
core   0: 3 0x80009d6c (0x283f2c23) mem 0x80010000 0x00000001
core   0: 0x80009d70 (0xff9ff06f) j       pc - 0x8
core   0: 3 0x80009d70 (0xff9ff06f)
core   0: 0x80009d68 (0x00006f17) auipc   t5, 0x6
core   0: 3 0x80009d68 (0x00006f17) x30 0x8000fd68
core   0: 0x80009d6c (0x283f2c23) sw      gp, 664(t5)
core   0: 3 0x80009d6c (0x283f2c23) mem 0x80010000 0x00000001
core   0: 0x80009d70 (0xff9ff06f) j       pc - 0x8
core   0: 3 0x80009d70 (0xff9ff06f)
core   0: 0x80009d68 (0x00006f17) auipc   t5, 0x6
core   0: 3 0x80009d68 (0x00006f17) x30 0x8000fd68
core   0: 0x80009d6c (0x283f2c23) sw      gp, 664(t5)
core   0: 3 0x80009d6c (0x283f2c23) mem 0x80010000 0x00000001
core   0: 0x80009d70 (0xff9ff06f) j       pc - 0x8
core   0: 3 0x80009d70 (0xff9ff06f)
core   0: 0x80009d68 (0x00006f17) auipc   t5, 0x6
core   0: 3 0x80009d68 (0x00006f17) x30 0x8000fd68
core   0: 0x80009d6c (0x283f2c23) sw      gp, 664(t5)
core   0: 3 0x80009d6c (0x283f2c23) mem 0x80010000 0x00000001
core   0: 0x80009d70 (0xff9ff06f) j       pc - 0x8
core   0: 3 0x80009d70 (0xff9ff06f)
core   0: 0x80009d68 (0x00006f17) auipc   t5, 0x6
core   0: 3 0x80009d68 (0x00006f17) x30 0x8000fd68
core   0: 0x80009d6c (0x283f2c23) sw      gp, 664(t5)
core   0: 3 0x80009d6c (0x283f2c23) mem 0x80010000 0x00000001
core   0: 0x80009d70 (0xff9ff06f) j       pc - 0x8
core   0: 3 0x80009d70 (0xff9ff06f)
core   0: 0x80009d68 (0x00006f17) auipc   t5, 0x6
core   0: 3 0x80009d68 (0x00006f17) x30 0x8000fd68
core   0: 0x80009d6c (0x283f2c23) sw      gp, 664(t5)
core   0: 3 0x80009d6c (0x283f2c23) mem 0x80010000 0x00000001
core   0: 0x80009d70 (0xff9ff06f) j       pc - 0x8
core   0: 3 0x80009d70 (0xff9ff06f)
core   0: 0x80009d68 (0x00006f17) auipc   t5, 0x6
core   0: 3 0x80009d68 (0x00006f17) x30 0x8000fd68
core   0: 0x80009d6c (0x283f2c23) sw      gp, 664(t5)
core   0: 3 0x80009d6c (0x283f2c23) mem 0x80010000 0x00000001
core   0: 0x80009d70 (0xff9ff06f) j       pc - 0x8
core   0: 3 0x80009d70 (0xff9ff06f)
core   0: 0x80009d68 (0x00006f17) auipc   t5, 0x6
core   0: 3 0x80009d68 (0x00006f17) x30 0x8000fd68
core   0: 0x80009d6c (0x283f2c23) sw      gp, 664(t5)
core   0: 3 0x80009d6c (0x283f2c23) mem 0x80010000 0x00000001
core   0: 0x80009d70 (0xff9ff06f) j       pc - 0x8
core   0: 3 0x80009d70 (0xff9ff06f)
core   0: 0x80009d68 (0x00006f17) auipc   t5, 0x6
core   0: 3 0x80009d68 (0x00006f17) x30 0x8000fd68
core   0: 0x80009d6c (0x283f2c23) sw      gp, 664(t5)
core   0: 3 0x80009d6c (0x283f2c23) mem 0x80010000 0x00000001
core   0: 0x80009d70 (0xff9ff06f) j       pc - 0x8
core   0: 3 0x80009d70 (0xff9ff06f)
core   0: 0x80009d68 (0x00006f17) auipc   t5, 0x6
core   0: 3 0x80009d68 (0x00006f17) x30 0x8000fd68
core   0: 0x80009d6c (0x283f2c23) sw      gp, 664(t5)
core   0: 3 0x80009d6c (0x283f2c23) mem 0x80010000 0x00000001
core   0: 0x80009d70 (0xff9ff06f) j       pc - 0x8
core   0: 3 0x80009d70 (0xff9ff06f)
core   0: 0x80009d68 (0x00006f17) auipc   t5, 0x6
core   0: 3 0x80009d68 (0x00006f17) x30 0x8000fd68
core   0: 0x80009d6c (0x283f2c23) sw      gp, 664(t5)
core   0: 3 0x80009d6c (0x283f2c23) mem 0x80010000 0x00000001
core   0: 0x80009d70 (0xff9ff06f) j       pc - 0x8
core   0: 3 0x80009d70 (0xff9ff06f)
core   0: 0x80009d68 (0x00006f17) auipc   t5, 0x6
core   0: 3 0x80009d68 (0x00006f17) x30 0x8000fd68
core   0: 0x80009d6c (0x283f2c23) sw      gp, 664(t5)
core   0: 3 0x80009d6c (0x283f2c23) mem 0x80010000 0x00000001
core   0: 0x80009d70 (0xff9ff06f) j       pc - 0x8
core   0: 3 0x80009d70 (0xff9ff06f)
core   0: 0x80009d68 (0x00006f17) auipc   t5, 0x6
core   0: 3 0x80009d68 (0x00006f17) x30 0x8000fd68
core   0: 0x80009d6c (0x283f2c23) sw      gp, 664(t5)
core   0: 3 0x80009d6c (0x283f2c23) mem 0x80010000 0x00000001
core   0: 0x80009d70 (0xff9ff06f) j       pc - 0x8
core   0: 3 0x80009d70 (0xff9ff06f)
core   0: 0x80009d68 (0x00006f17) auipc   t5, 0x6
core   0: 3 0x80009d68 (0x00006f17) x30 0x8000fd68
core   0: 0x80009d6c (0x283f2c23) sw      gp, 664(t5)
core   0: 3 0x80009d6c (0x283f2c23) mem 0x80010000 0x00000001
core   0: 0x80009d70 (0xff9ff06f) j       pc - 0x8
core   0: 3 0x80009d70 (0xff9ff06f)
core   0: 0x80009d68 (0x00006f17) auipc   t5, 0x6
core   0: 3 0x80009d68 (0x00006f17) x30 0x8000fd68
core   0: 0x80009d6c (0x283f2c23) sw      gp, 664(t5)
core   0: 3 0x80009d6c (0x283f2c23) mem 0x80010000 0x00000001
core   0: 0x80009d70 (0xff9ff06f) j       pc - 0x8
core   0: 3 0x80009d70 (0xff9ff06f)
core   0: 0x80009d68 (0x00006f17) auipc   t5, 0x6
core   0: 3 0x80009d68 (0x00006f17) x30 0x8000fd68
core   0: 0x80009d6c (0x283f2c23) sw      gp, 664(t5)
core   0: 3 0x80009d6c (0x283f2c23) mem 0x80010000 0x00000001
core   0: 0x80009d70 (0xff9ff06f) j       pc - 0x8
core   0: 3 0x80009d70 (0xff9ff06f)
core   0: 0x80009d68 (0x00006f17) auipc   t5, 0x6
core   0: 3 0x80009d68 (0x00006f17) x30 0x8000fd68
core   0: 0x80009d6c (0x283f2c23) sw      gp, 664(t5)
core   0: 3 0x80009d6c (0x283f2c23) mem 0x80010000 0x00000001
core   0: 0x80009d70 (0xff9ff06f) j       pc - 0x8
core   0: 3 0x80009d70 (0xff9ff06f)
core   0: 0x80009d68 (0x00006f17) auipc   t5, 0x6
core   0: 3 0x80009d68 (0x00006f17) x30 0x8000fd68
core   0: 0x80009d6c (0x283f2c23) sw      gp, 664(t5)
core   0: 3 0x80009d6c (0x283f2c23) mem 0x80010000 0x00000001
core   0: 0x80009d70 (0xff9ff06f) j       pc - 0x8
core   0: 3 0x80009d70 (0xff9ff06f)
core   0: 0x80009d68 (0x00006f17) auipc   t5, 0x6
core   0: 3 0x80009d68 (0x00006f17) x30 0x8000fd68
core   0: 0x80009d6c (0x283f2c23) sw      gp, 664(t5)
core   0: 3 0x80009d6c (0x283f2c23) mem 0x80010000 0x00000001
core   0: 0x80009d70 (0xff9ff06f) j       pc - 0x8
core   0: 3 0x80009d70 (0xff9ff06f)
core   0: 0x80009d68 (0x00006f17) auipc   t5, 0x6
core   0: 3 0x80009d68 (0x00006f17) x30 0x8000fd68
core   0: 0x80009d6c (0x283f2c23) sw      gp, 664(t5)
core   0: 3 0x80009d6c (0x283f2c23) mem 0x80010000 0x00000001
core   0: 0x80009d70 (0xff9ff06f) j       pc - 0x8
core   0: 3 0x80009d70 (0xff9ff06f)
core   0: 0x80009d68 (0x00006f17) auipc   t5, 0x6
core   0: 3 0x80009d68 (0x00006f17) x30 0x8000fd68
core   0: 0x80009d6c (0x283f2c23) sw      gp, 664(t5)
core   0: 3 0x80009d6c (0x283f2c23) mem 0x80010000 0x00000001
core   0: 0x80009d70 (0xff9ff06f) j       pc - 0x8
core   0: 3 0x80009d70 (0xff9ff06f)
core   0: 0x80009d68 (0x00006f17) auipc   t5, 0x6
core   0: 3 0x80009d68 (0x00006f17) x30 0x8000fd68
core   0: 0x80009d6c (0x283f2c23) sw      gp, 664(t5)
core   0: 3 0x80009d6c (0x283f2c23) mem 0x80010000 0x00000001
core   0: 0x80009d70 (0xff9ff06f) j       pc - 0x8
core   0: 3 0x80009d70 (0xff9ff06f)
core   0: 0x80009d68 (0x00006f17) auipc   t5, 0x6
core   0: 3 0x80009d68 (0x00006f17) x30 0x8000fd68
core   0: 0x80009d6c (0x283f2c23) sw      gp, 664(t5)
core   0: 3 0x80009d6c (0x283f2c23) mem 0x80010000 0x00000001
core   0: 0x80009d70 (0xff9ff06f) j       pc - 0x8
core   0: 3 0x80009d70 (0xff9ff06f)
core   0: 0x80009d68 (0x00006f17) auipc   t5, 0x6
core   0: 3 0x80009d68 (0x00006f17) x30 0x8000fd68
core   0: 0x80009d6c (0x283f2c23) sw      gp, 664(t5)
core   0: 3 0x80009d6c (0x283f2c23) mem 0x80010000 0x00000001
core   0: 0x80009d70 (0xff9ff06f) j       pc - 0x8
core   0: 3 0x80009d70 (0xff9ff06f)
core   0: 0x80009d68 (0x00006f17) auipc   t5, 0x6
core   0: 3 0x80009d68 (0x00006f17) x30 0x8000fd68
core   0: 0x80009d6c (0x283f2c23) sw      gp, 664(t5)
core   0: 3 0x80009d6c (0x283f2c23) mem 0x80010000 0x00000001
core   0: 0x80009d70 (0xff9ff06f) j       pc - 0x8
core   0: 3 0x80009d70 (0xff9ff06f)
core   0: 0x80009d68 (0x00006f17) auipc   t5, 0x6
core   0: 3 0x80009d68 (0x00006f17) x30 0x8000fd68
core   0: 0x80009d6c (0x283f2c23) sw      gp, 664(t5)
core   0: 3 0x80009d6c (0x283f2c23) mem 0x80010000 0x00000001
core   0: 0x80009d70 (0xff9ff06f) j       pc - 0x8
core   0: 3 0x80009d70 (0xff9ff06f)
core   0: 0x80009d68 (0x00006f17) auipc   t5, 0x6
core   0: 3 0x80009d68 (0x00006f17) x30 0x8000fd68
core   0: 0x80009d6c (0x283f2c23) sw      gp, 664(t5)
core   0: 3 0x80009d6c (0x283f2c23) mem 0x80010000 0x00000001
core   0: 0x80009d70 (0xff9ff06f) j       pc - 0x8
core   0: 3 0x80009d70 (0xff9ff06f)
core   0: 0x80009d68 (0x00006f17) auipc   t5, 0x6
core   0: 3 0x80009d68 (0x00006f17) x30 0x8000fd68
core   0: 0x80009d6c (0x283f2c23) sw      gp, 664(t5)
core   0: 3 0x80009d6c (0x283f2c23) mem 0x80010000 0x00000001
core   0: 0x80009d70 (0xff9ff06f) j       pc - 0x8
core   0: 3 0x80009d70 (0xff9ff06f)
core   0: 0x80009d68 (0x00006f17) auipc   t5, 0x6
core   0: 3 0x80009d68 (0x00006f17) x30 0x8000fd68
core   0: 0x80009d6c (0x283f2c23) sw      gp, 664(t5)
core   0: 3 0x80009d6c (0x283f2c23) mem 0x80010000 0x00000001
core   0: 0x80009d70 (0xff9ff06f) j       pc - 0x8
core   0: 3 0x80009d70 (0xff9ff06f)
core   0: 0x80009d68 (0x00006f17) auipc   t5, 0x6
core   0: 3 0x80009d68 (0x00006f17) x30 0x8000fd68
core   0: 0x80009d6c (0x283f2c23) sw      gp, 664(t5)
core   0: 3 0x80009d6c (0x283f2c23) mem 0x80010000 0x00000001
core   0: 0x80009d70 (0xff9ff06f) j       pc - 0x8
core   0: 3 0x80009d70 (0xff9ff06f)
core   0: 0x80009d68 (0x00006f17) auipc   t5, 0x6
core   0: 3 0x80009d68 (0x00006f17) x30 0x8000fd68
core   0: 0x80009d6c (0x283f2c23) sw      gp, 664(t5)
core   0: 3 0x80009d6c (0x283f2c23) mem 0x80010000 0x00000001
core   0: 0x80009d70 (0xff9ff06f) j       pc - 0x8
core   0: 3 0x80009d70 (0xff9ff06f)
core   0: 0x80009d68 (0x00006f17) auipc   t5, 0x6
core   0: 3 0x80009d68 (0x00006f17) x30 0x8000fd68
core   0: 0x80009d6c (0x283f2c23) sw      gp, 664(t5)
core   0: 3 0x80009d6c (0x283f2c23) mem 0x80010000 0x00000001
core   0: 0x80009d70 (0xff9ff06f) j       pc - 0x8
core   0: 3 0x80009d70 (0xff9ff06f)
core   0: 0x80009d68 (0x00006f17) auipc   t5, 0x6
core   0: 3 0x80009d68 (0x00006f17) x30 0x8000fd68
core   0: 0x80009d6c (0x283f2c23) sw      gp, 664(t5)
core   0: 3 0x80009d6c (0x283f2c23) mem 0x80010000 0x00000001
core   0: 0x80009d70 (0xff9ff06f) j       pc - 0x8
core   0: 3 0x80009d70 (0xff9ff06f)
core   0: 0x80009d68 (0x00006f17) auipc   t5, 0x6
core   0: 3 0x80009d68 (0x00006f17) x30 0x8000fd68
core   0: 0x80009d6c (0x283f2c23) sw      gp, 664(t5)
core   0: 3 0x80009d6c (0x283f2c23) mem 0x80010000 0x00000001
core   0: 0x80009d70 (0xff9ff06f) j       pc - 0x8
core   0: 3 0x80009d70 (0xff9ff06f)
core   0: 0x80009d68 (0x00006f17) auipc   t5, 0x6
core   0: 3 0x80009d68 (0x00006f17) x30 0x8000fd68
core   0: 0x80009d6c (0x283f2c23) sw      gp, 664(t5)
core   0: 3 0x80009d6c (0x283f2c23) mem 0x80010000 0x00000001
core   0: 0x80009d70 (0xff9ff06f) j       pc - 0x8
core   0: 3 0x80009d70 (0xff9ff06f)
core   0: 0x80009d68 (0x00006f17) auipc   t5, 0x6
core   0: 3 0x80009d68 (0x00006f17) x30 0x8000fd68
core   0: 0x80009d6c (0x283f2c23) sw      gp, 664(t5)
core   0: 3 0x80009d6c (0x283f2c23) mem 0x80010000 0x00000001
core   0: 0x80009d70 (0xff9ff06f) j       pc - 0x8
core   0: 3 0x80009d70 (0xff9ff06f)
core   0: 0x80009d68 (0x00006f17) auipc   t5, 0x6
core   0: 3 0x80009d68 (0x00006f17) x30 0x8000fd68
core   0: 0x80009d6c (0x283f2c23) sw      gp, 664(t5)
core   0: 3 0x80009d6c (0x283f2c23) mem 0x80010000 0x00000001
core   0: 0x80009d70 (0xff9ff06f) j       pc - 0x8
core   0: 3 0x80009d70 (0xff9ff06f)
core   0: 0x80009d68 (0x00006f17) auipc   t5, 0x6
core   0: 3 0x80009d68 (0x00006f17) x30 0x8000fd68
core   0: 0x80009d6c (0x283f2c23) sw      gp, 664(t5)
core   0: 3 0x80009d6c (0x283f2c23) mem 0x80010000 0x00000001
core   0: 0x80009d70 (0xff9ff06f) j       pc - 0x8
core   0: 3 0x80009d70 (0xff9ff06f)
core   0: 0x80009d68 (0x00006f17) auipc   t5, 0x6
core   0: 3 0x80009d68 (0x00006f17) x30 0x8000fd68
core   0: 0x80009d6c (0x283f2c23) sw      gp, 664(t5)
core   0: 3 0x80009d6c (0x283f2c23) mem 0x80010000 0x00000001
core   0: 0x80009d70 (0xff9ff06f) j       pc - 0x8
core   0: 3 0x80009d70 (0xff9ff06f)
core   0: 0x80009d68 (0x00006f17) auipc   t5, 0x6
core   0: 3 0x80009d68 (0x00006f17) x30 0x8000fd68
core   0: 0x80009d6c (0x283f2c23) sw      gp, 664(t5)
core   0: 3 0x80009d6c (0x283f2c23) mem 0x80010000 0x00000001
core   0: 0x80009d70 (0xff9ff06f) j       pc - 0x8
core   0: 3 0x80009d70 (0xff9ff06f)
core   0: 0x80009d68 (0x00006f17) auipc   t5, 0x6
core   0: 3 0x80009d68 (0x00006f17) x30 0x8000fd68
core   0: 0x80009d6c (0x283f2c23) sw      gp, 664(t5)
core   0: 3 0x80009d6c (0x283f2c23) mem 0x80010000 0x00000001
core   0: 0x80009d70 (0xff9ff06f) j       pc - 0x8
core   0: 3 0x80009d70 (0xff9ff06f)
core   0: 0x80009d68 (0x00006f17) auipc   t5, 0x6
core   0: 3 0x80009d68 (0x00006f17) x30 0x8000fd68
core   0: 0x80009d6c (0x283f2c23) sw      gp, 664(t5)
core   0: 3 0x80009d6c (0x283f2c23) mem 0x80010000 0x00000001
core   0: 0x80009d70 (0xff9ff06f) j       pc - 0x8
core   0: 3 0x80009d70 (0xff9ff06f)
core   0: 0x80009d68 (0x00006f17) auipc   t5, 0x6
core   0: 3 0x80009d68 (0x00006f17) x30 0x8000fd68
core   0: 0x80009d6c (0x283f2c23) sw      gp, 664(t5)
core   0: 3 0x80009d6c (0x283f2c23) mem 0x80010000 0x00000001
core   0: 0x80009d70 (0xff9ff06f) j       pc - 0x8
core   0: 3 0x80009d70 (0xff9ff06f)
core   0: 0x80009d68 (0x00006f17) auipc   t5, 0x6
core   0: 3 0x80009d68 (0x00006f17) x30 0x8000fd68
core   0: 0x80009d6c (0x283f2c23) sw      gp, 664(t5)
core   0: 3 0x80009d6c (0x283f2c23) mem 0x80010000 0x00000001
core   0: 0x80009d70 (0xff9ff06f) j       pc - 0x8
core   0: 3 0x80009d70 (0xff9ff06f)
core   0: 0x80009d68 (0x00006f17) auipc   t5, 0x6
core   0: 3 0x80009d68 (0x00006f17) x30 0x8000fd68
core   0: 0x80009d6c (0x283f2c23) sw      gp, 664(t5)
core   0: 3 0x80009d6c (0x283f2c23) mem 0x80010000 0x00000001
core   0: 0x80009d70 (0xff9ff06f) j       pc - 0x8
core   0: 3 0x80009d70 (0xff9ff06f)
core   0: 0x80009d68 (0x00006f17) auipc   t5, 0x6
core   0: 3 0x80009d68 (0x00006f17) x30 0x8000fd68
core   0: 0x80009d6c (0x283f2c23) sw      gp, 664(t5)
core   0: 3 0x80009d6c (0x283f2c23) mem 0x80010000 0x00000001
core   0: 0x80009d70 (0xff9ff06f) j       pc - 0x8
core   0: 3 0x80009d70 (0xff9ff06f)
core   0: 0x80009d68 (0x00006f17) auipc   t5, 0x6
core   0: 3 0x80009d68 (0x00006f17) x30 0x8000fd68
core   0: 0x80009d6c (0x283f2c23) sw      gp, 664(t5)
core   0: 3 0x80009d6c (0x283f2c23) mem 0x80010000 0x00000001
core   0: 0x80009d70 (0xff9ff06f) j       pc - 0x8
core   0: 3 0x80009d70 (0xff9ff06f)
core   0: 0x80009d68 (0x00006f17) auipc   t5, 0x6
core   0: 3 0x80009d68 (0x00006f17) x30 0x8000fd68
core   0: 0x80009d6c (0x283f2c23) sw      gp, 664(t5)
core   0: 3 0x80009d6c (0x283f2c23) mem 0x80010000 0x00000001
core   0: 0x80009d70 (0xff9ff06f) j       pc - 0x8
core   0: 3 0x80009d70 (0xff9ff06f)
core   0: 0x80009d68 (0x00006f17) auipc   t5, 0x6
core   0: 3 0x80009d68 (0x00006f17) x30 0x8000fd68
core   0: 0x80009d6c (0x283f2c23) sw      gp, 664(t5)
core   0: 3 0x80009d6c (0x283f2c23) mem 0x80010000 0x00000001
core   0: 0x80009d70 (0xff9ff06f) j       pc - 0x8
core   0: 3 0x80009d70 (0xff9ff06f)
core   0: 0x80009d68 (0x00006f17) auipc   t5, 0x6
core   0: 3 0x80009d68 (0x00006f17) x30 0x8000fd68
core   0: 0x80009d6c (0x283f2c23) sw      gp, 664(t5)
core   0: 3 0x80009d6c (0x283f2c23) mem 0x80010000 0x00000001
core   0: 0x80009d70 (0xff9ff06f) j       pc - 0x8
core   0: 3 0x80009d70 (0xff9ff06f)
core   0: 0x80009d68 (0x00006f17) auipc   t5, 0x6
core   0: 3 0x80009d68 (0x00006f17) x30 0x8000fd68
core   0: 0x80009d6c (0x283f2c23) sw      gp, 664(t5)
core   0: 3 0x80009d6c (0x283f2c23) mem 0x80010000 0x00000001
core   0: 0x80009d70 (0xff9ff06f) j       pc - 0x8
core   0: 3 0x80009d70 (0xff9ff06f)
core   0: 0x80009d68 (0x00006f17) auipc   t5, 0x6
core   0: 3 0x80009d68 (0x00006f17) x30 0x8000fd68
core   0: 0x80009d6c (0x283f2c23) sw      gp, 664(t5)
core   0: 3 0x80009d6c (0x283f2c23) mem 0x80010000 0x00000001
core   0: 0x80009d70 (0xff9ff06f) j       pc - 0x8
core   0: 3 0x80009d70 (0xff9ff06f)
core   0: 0x80009d68 (0x00006f17) auipc   t5, 0x6
core   0: 3 0x80009d68 (0x00006f17) x30 0x8000fd68
core   0: 0x80009d6c (0x283f2c23) sw      gp, 664(t5)
core   0: 3 0x80009d6c (0x283f2c23) mem 0x80010000 0x00000001
core   0: 0x80009d70 (0xff9ff06f) j       pc - 0x8
core   0: 3 0x80009d70 (0xff9ff06f)
core   0: 0x80009d68 (0x00006f17) auipc   t5, 0x6
core   0: 3 0x80009d68 (0x00006f17) x30 0x8000fd68
core   0: 0x80009d6c (0x283f2c23) sw      gp, 664(t5)
core   0: 3 0x80009d6c (0x283f2c23) mem 0x80010000 0x00000001
core   0: 0x80009d70 (0xff9ff06f) j       pc - 0x8
core   0: 3 0x80009d70 (0xff9ff06f)
core   0: 0x80009d68 (0x00006f17) auipc   t5, 0x6
core   0: 3 0x80009d68 (0x00006f17) x30 0x8000fd68
core   0: 0x80009d6c (0x283f2c23) sw      gp, 664(t5)
core   0: 3 0x80009d6c (0x283f2c23) mem 0x80010000 0x00000001
core   0: 0x80009d70 (0xff9ff06f) j       pc - 0x8
core   0: 3 0x80009d70 (0xff9ff06f)
core   0: 0x80009d68 (0x00006f17) auipc   t5, 0x6
core   0: 3 0x80009d68 (0x00006f17) x30 0x8000fd68
core   0: 0x80009d6c (0x283f2c23) sw      gp, 664(t5)
core   0: 3 0x80009d6c (0x283f2c23) mem 0x80010000 0x00000001
core   0: 0x80009d70 (0xff9ff06f) j       pc - 0x8
core   0: 3 0x80009d70 (0xff9ff06f)
core   0: 0x80009d68 (0x00006f17) auipc   t5, 0x6
core   0: 3 0x80009d68 (0x00006f17) x30 0x8000fd68
core   0: 0x80009d6c (0x283f2c23) sw      gp, 664(t5)
core   0: 3 0x80009d6c (0x283f2c23) mem 0x80010000 0x00000001
core   0: 0x80009d70 (0xff9ff06f) j       pc - 0x8
core   0: 3 0x80009d70 (0xff9ff06f)
core   0: 0x80009d68 (0x00006f17) auipc   t5, 0x6
core   0: 3 0x80009d68 (0x00006f17) x30 0x8000fd68
core   0: 0x80009d6c (0x283f2c23) sw      gp, 664(t5)
core   0: 3 0x80009d6c (0x283f2c23) mem 0x80010000 0x00000001
core   0: 0x80009d70 (0xff9ff06f) j       pc - 0x8
core   0: 3 0x80009d70 (0xff9ff06f)
core   0: 0x80009d68 (0x00006f17) auipc   t5, 0x6
core   0: 3 0x80009d68 (0x00006f17) x30 0x8000fd68
core   0: 0x80009d6c (0x283f2c23) sw      gp, 664(t5)
core   0: 3 0x80009d6c (0x283f2c23) mem 0x80010000 0x00000001
core   0: 0x80009d70 (0xff9ff06f) j       pc - 0x8
core   0: 3 0x80009d70 (0xff9ff06f)
core   0: 0x80009d68 (0x00006f17) auipc   t5, 0x6
core   0: 3 0x80009d68 (0x00006f17) x30 0x8000fd68
core   0: 0x80009d6c (0x283f2c23) sw      gp, 664(t5)
core   0: 3 0x80009d6c (0x283f2c23) mem 0x80010000 0x00000001
core   0: 0x80009d70 (0xff9ff06f) j       pc - 0x8
core   0: 3 0x80009d70 (0xff9ff06f)
core   0: 0x80009d68 (0x00006f17) auipc   t5, 0x6
core   0: 3 0x80009d68 (0x00006f17) x30 0x8000fd68
core   0: 0x80009d6c (0x283f2c23) sw      gp, 664(t5)
core   0: 3 0x80009d6c (0x283f2c23) mem 0x80010000 0x00000001
core   0: 0x80009d70 (0xff9ff06f) j       pc - 0x8
core   0: 3 0x80009d70 (0xff9ff06f)
core   0: 0x80009d68 (0x00006f17) auipc   t5, 0x6
core   0: 3 0x80009d68 (0x00006f17) x30 0x8000fd68
core   0: 0x80009d6c (0x283f2c23) sw      gp, 664(t5)
core   0: 3 0x80009d6c (0x283f2c23) mem 0x80010000 0x00000001
core   0: 0x80009d70 (0xff9ff06f) j       pc - 0x8
core   0: 3 0x80009d70 (0xff9ff06f)
core   0: 0x80009d68 (0x00006f17) auipc   t5, 0x6
core   0: 3 0x80009d68 (0x00006f17) x30 0x8000fd68
core   0: 0x80009d6c (0x283f2c23) sw      gp, 664(t5)
core   0: 3 0x80009d6c (0x283f2c23) mem 0x80010000 0x00000001
core   0: 0x80009d70 (0xff9ff06f) j       pc - 0x8
core   0: 3 0x80009d70 (0xff9ff06f)
core   0: 0x80009d68 (0x00006f17) auipc   t5, 0x6
core   0: 3 0x80009d68 (0x00006f17) x30 0x8000fd68
core   0: 0x80009d6c (0x283f2c23) sw      gp, 664(t5)
core   0: 3 0x80009d6c (0x283f2c23) mem 0x80010000 0x00000001
core   0: 0x80009d70 (0xff9ff06f) j       pc - 0x8
core   0: 3 0x80009d70 (0xff9ff06f)
core   0: 0x80009d68 (0x00006f17) auipc   t5, 0x6
core   0: 3 0x80009d68 (0x00006f17) x30 0x8000fd68
core   0: 0x80009d6c (0x283f2c23) sw      gp, 664(t5)
core   0: 3 0x80009d6c (0x283f2c23) mem 0x80010000 0x00000001
core   0: 0x80009d70 (0xff9ff06f) j       pc - 0x8
core   0: 3 0x80009d70 (0xff9ff06f)
core   0: 0x80009d68 (0x00006f17) auipc   t5, 0x6
core   0: 3 0x80009d68 (0x00006f17) x30 0x8000fd68
core   0: 0x80009d6c (0x283f2c23) sw      gp, 664(t5)
core   0: 3 0x80009d6c (0x283f2c23) mem 0x80010000 0x00000001
core   0: 0x80009d70 (0xff9ff06f) j       pc - 0x8
core   0: 3 0x80009d70 (0xff9ff06f)
core   0: 0x80009d68 (0x00006f17) auipc   t5, 0x6
core   0: 3 0x80009d68 (0x00006f17) x30 0x8000fd68
core   0: 0x80009d6c (0x283f2c23) sw      gp, 664(t5)
core   0: 3 0x80009d6c (0x283f2c23) mem 0x80010000 0x00000001
core   0: 0x80009d70 (0xff9ff06f) j       pc - 0x8
core   0: 3 0x80009d70 (0xff9ff06f)
core   0: 0x80009d68 (0x00006f17) auipc   t5, 0x6
core   0: 3 0x80009d68 (0x00006f17) x30 0x8000fd68
core   0: 0x80009d6c (0x283f2c23) sw      gp, 664(t5)
core   0: 3 0x80009d6c (0x283f2c23) mem 0x80010000 0x00000001
core   0: 0x80009d70 (0xff9ff06f) j       pc - 0x8
core   0: 3 0x80009d70 (0xff9ff06f)
core   0: 0x80009d68 (0x00006f17) auipc   t5, 0x6
core   0: 3 0x80009d68 (0x00006f17) x30 0x8000fd68
core   0: 0x80009d6c (0x283f2c23) sw      gp, 664(t5)
core   0: 3 0x80009d6c (0x283f2c23) mem 0x80010000 0x00000001
core   0: 0x80009d70 (0xff9ff06f) j       pc - 0x8
core   0: 3 0x80009d70 (0xff9ff06f)
core   0: 0x80009d68 (0x00006f17) auipc   t5, 0x6
core   0: 3 0x80009d68 (0x00006f17) x30 0x8000fd68
core   0: 0x80009d6c (0x283f2c23) sw      gp, 664(t5)
core   0: 3 0x80009d6c (0x283f2c23) mem 0x80010000 0x00000001
core   0: 0x80009d70 (0xff9ff06f) j       pc - 0x8
core   0: 3 0x80009d70 (0xff9ff06f)
core   0: 0x80009d68 (0x00006f17) auipc   t5, 0x6
core   0: 3 0x80009d68 (0x00006f17) x30 0x8000fd68
core   0: 0x80009d6c (0x283f2c23) sw      gp, 664(t5)
core   0: 3 0x80009d6c (0x283f2c23) mem 0x80010000 0x00000001
core   0: 0x80009d70 (0xff9ff06f) j       pc - 0x8
core   0: 3 0x80009d70 (0xff9ff06f)
core   0: 0x80009d68 (0x00006f17) auipc   t5, 0x6
core   0: 3 0x80009d68 (0x00006f17) x30 0x8000fd68
core   0: 0x80009d6c (0x283f2c23) sw      gp, 664(t5)
core   0: 3 0x80009d6c (0x283f2c23) mem 0x80010000 0x00000001
core   0: 0x80009d70 (0xff9ff06f) j       pc - 0x8
core   0: 3 0x80009d70 (0xff9ff06f)
core   0: 0x80009d68 (0x00006f17) auipc   t5, 0x6
core   0: 3 0x80009d68 (0x00006f17) x30 0x8000fd68
core   0: 0x80009d6c (0x283f2c23) sw      gp, 664(t5)
core   0: 3 0x80009d6c (0x283f2c23) mem 0x80010000 0x00000001
core   0: 0x80009d70 (0xff9ff06f) j       pc - 0x8
core   0: 3 0x80009d70 (0xff9ff06f)
core   0: 0x80009d68 (0x00006f17) auipc   t5, 0x6
core   0: 3 0x80009d68 (0x00006f17) x30 0x8000fd68
core   0: 0x80009d6c (0x283f2c23) sw      gp, 664(t5)
core   0: 3 0x80009d6c (0x283f2c23) mem 0x80010000 0x00000001
core   0: 0x80009d70 (0xff9ff06f) j       pc - 0x8
core   0: 3 0x80009d70 (0xff9ff06f)
core   0: 0x80009d68 (0x00006f17) auipc   t5, 0x6
core   0: 3 0x80009d68 (0x00006f17) x30 0x8000fd68
core   0: 0x80009d6c (0x283f2c23) sw      gp, 664(t5)
core   0: 3 0x80009d6c (0x283f2c23) mem 0x80010000 0x00000001
core   0: 0x80009d70 (0xff9ff06f) j       pc - 0x8
core   0: 3 0x80009d70 (0xff9ff06f)
core   0: 0x80009d68 (0x00006f17) auipc   t5, 0x6
core   0: 3 0x80009d68 (0x00006f17) x30 0x8000fd68
core   0: 0x80009d6c (0x283f2c23) sw      gp, 664(t5)
core   0: 3 0x80009d6c (0x283f2c23) mem 0x80010000 0x00000001
core   0: 0x80009d70 (0xff9ff06f) j       pc - 0x8
core   0: 3 0x80009d70 (0xff9ff06f)
core   0: 0x80009d68 (0x00006f17) auipc   t5, 0x6
core   0: 3 0x80009d68 (0x00006f17) x30 0x8000fd68
core   0: 0x80009d6c (0x283f2c23) sw      gp, 664(t5)
core   0: 3 0x80009d6c (0x283f2c23) mem 0x80010000 0x00000001
core   0: 0x80009d70 (0xff9ff06f) j       pc - 0x8
core   0: 3 0x80009d70 (0xff9ff06f)
core   0: 0x80009d68 (0x00006f17) auipc   t5, 0x6
core   0: 3 0x80009d68 (0x00006f17) x30 0x8000fd68
core   0: 0x80009d6c (0x283f2c23) sw      gp, 664(t5)
core   0: 3 0x80009d6c (0x283f2c23) mem 0x80010000 0x00000001
core   0: 0x80009d70 (0xff9ff06f) j       pc - 0x8
core   0: 3 0x80009d70 (0xff9ff06f)
core   0: 0x80009d68 (0x00006f17) auipc   t5, 0x6
core   0: 3 0x80009d68 (0x00006f17) x30 0x8000fd68
core   0: 0x80009d6c (0x283f2c23) sw      gp, 664(t5)
core   0: 3 0x80009d6c (0x283f2c23) mem 0x80010000 0x00000001
core   0: 0x80009d70 (0xff9ff06f) j       pc - 0x8
core   0: 3 0x80009d70 (0xff9ff06f)
core   0: 0x80009d68 (0x00006f17) auipc   t5, 0x6
core   0: 3 0x80009d68 (0x00006f17) x30 0x8000fd68
core   0: 0x80009d6c (0x283f2c23) sw      gp, 664(t5)
core   0: 3 0x80009d6c (0x283f2c23) mem 0x80010000 0x00000001
core   0: 0x80009d70 (0xff9ff06f) j       pc - 0x8
core   0: 3 0x80009d70 (0xff9ff06f)
core   0: 0x80009d68 (0x00006f17) auipc   t5, 0x6
core   0: 3 0x80009d68 (0x00006f17) x30 0x8000fd68
core   0: 0x80009d6c (0x283f2c23) sw      gp, 664(t5)
core   0: 3 0x80009d6c (0x283f2c23) mem 0x80010000 0x00000001
core   0: 0x80009d70 (0xff9ff06f) j       pc - 0x8
core   0: 3 0x80009d70 (0xff9ff06f)
core   0: 0x80009d68 (0x00006f17) auipc   t5, 0x6
core   0: 3 0x80009d68 (0x00006f17) x30 0x8000fd68
core   0: 0x80009d6c (0x283f2c23) sw      gp, 664(t5)
core   0: 3 0x80009d6c (0x283f2c23) mem 0x80010000 0x00000001
core   0: 0x80009d70 (0xff9ff06f) j       pc - 0x8
core   0: 3 0x80009d70 (0xff9ff06f)
core   0: 0x80009d68 (0x00006f17) auipc   t5, 0x6
core   0: 3 0x80009d68 (0x00006f17) x30 0x8000fd68
core   0: 0x80009d6c (0x283f2c23) sw      gp, 664(t5)
core   0: 3 0x80009d6c (0x283f2c23) mem 0x80010000 0x00000001
core   0: 0x80009d70 (0xff9ff06f) j       pc - 0x8
core   0: 3 0x80009d70 (0xff9ff06f)
core   0: 0x80009d68 (0x00006f17) auipc   t5, 0x6
core   0: 3 0x80009d68 (0x00006f17) x30 0x8000fd68
core   0: 0x80009d6c (0x283f2c23) sw      gp, 664(t5)
core   0: 3 0x80009d6c (0x283f2c23) mem 0x80010000 0x00000001
core   0: 0x80009d70 (0xff9ff06f) j       pc - 0x8
core   0: 3 0x80009d70 (0xff9ff06f)
core   0: 0x80009d68 (0x00006f17) auipc   t5, 0x6
core   0: 3 0x80009d68 (0x00006f17) x30 0x8000fd68
core   0: 0x80009d6c (0x283f2c23) sw      gp, 664(t5)
core   0: 3 0x80009d6c (0x283f2c23) mem 0x80010000 0x00000001
core   0: 0x80009d70 (0xff9ff06f) j       pc - 0x8
core   0: 3 0x80009d70 (0xff9ff06f)
core   0: 0x80009d68 (0x00006f17) auipc   t5, 0x6
core   0: 3 0x80009d68 (0x00006f17) x30 0x8000fd68
core   0: 0x80009d6c (0x283f2c23) sw      gp, 664(t5)
core   0: 3 0x80009d6c (0x283f2c23) mem 0x80010000 0x00000001
core   0: 0x80009d70 (0xff9ff06f) j       pc - 0x8
core   0: 3 0x80009d70 (0xff9ff06f)
core   0: 0x80009d68 (0x00006f17) auipc   t5, 0x6
core   0: 3 0x80009d68 (0x00006f17) x30 0x8000fd68
core   0: 0x80009d6c (0x283f2c23) sw      gp, 664(t5)
core   0: 3 0x80009d6c (0x283f2c23) mem 0x80010000 0x00000001
core   0: 0x80009d70 (0xff9ff06f) j       pc - 0x8
core   0: 3 0x80009d70 (0xff9ff06f)
core   0: 0x80009d68 (0x00006f17) auipc   t5, 0x6
core   0: 3 0x80009d68 (0x00006f17) x30 0x8000fd68
core   0: 0x80009d6c (0x283f2c23) sw      gp, 664(t5)
core   0: 3 0x80009d6c (0x283f2c23) mem 0x80010000 0x00000001
core   0: 0x80009d70 (0xff9ff06f) j       pc - 0x8
core   0: 3 0x80009d70 (0xff9ff06f)
core   0: 0x80009d68 (0x00006f17) auipc   t5, 0x6
core   0: 3 0x80009d68 (0x00006f17) x30 0x8000fd68
core   0: 0x80009d6c (0x283f2c23) sw      gp, 664(t5)
core   0: 3 0x80009d6c (0x283f2c23) mem 0x80010000 0x00000001
core   0: 0x80009d70 (0xff9ff06f) j       pc - 0x8
core   0: 3 0x80009d70 (0xff9ff06f)
core   0: 0x80009d68 (0x00006f17) auipc   t5, 0x6
core   0: 3 0x80009d68 (0x00006f17) x30 0x8000fd68
core   0: 0x80009d6c (0x283f2c23) sw      gp, 664(t5)
core   0: 3 0x80009d6c (0x283f2c23) mem 0x80010000 0x00000001
core   0: 0x80009d70 (0xff9ff06f) j       pc - 0x8
core   0: 3 0x80009d70 (0xff9ff06f)
core   0: 0x80009d68 (0x00006f17) auipc   t5, 0x6
core   0: 3 0x80009d68 (0x00006f17) x30 0x8000fd68
core   0: 0x80009d6c (0x283f2c23) sw      gp, 664(t5)
core   0: 3 0x80009d6c (0x283f2c23) mem 0x80010000 0x00000001
core   0: 0x80009d70 (0xff9ff06f) j       pc - 0x8
core   0: 3 0x80009d70 (0xff9ff06f)
core   0: 0x80009d68 (0x00006f17) auipc   t5, 0x6
core   0: 3 0x80009d68 (0x00006f17) x30 0x8000fd68
core   0: 0x80009d6c (0x283f2c23) sw      gp, 664(t5)
core   0: 3 0x80009d6c (0x283f2c23) mem 0x80010000 0x00000001
core   0: 0x80009d70 (0xff9ff06f) j       pc - 0x8
core   0: 3 0x80009d70 (0xff9ff06f)
core   0: 0x80009d68 (0x00006f17) auipc   t5, 0x6
core   0: 3 0x80009d68 (0x00006f17) x30 0x8000fd68
core   0: 0x80009d6c (0x283f2c23) sw      gp, 664(t5)
core   0: 3 0x80009d6c (0x283f2c23) mem 0x80010000 0x00000001
core   0: 0x80009d70 (0xff9ff06f) j       pc - 0x8
core   0: 3 0x80009d70 (0xff9ff06f)
core   0: 0x80009d68 (0x00006f17) auipc   t5, 0x6
core   0: 3 0x80009d68 (0x00006f17) x30 0x8000fd68
core   0: 0x80009d6c (0x283f2c23) sw      gp, 664(t5)
core   0: 3 0x80009d6c (0x283f2c23) mem 0x80010000 0x00000001
core   0: 0x80009d70 (0xff9ff06f) j       pc - 0x8
core   0: 3 0x80009d70 (0xff9ff06f)
core   0: 0x80009d68 (0x00006f17) auipc   t5, 0x6
core   0: 3 0x80009d68 (0x00006f17) x30 0x8000fd68
core   0: 0x80009d6c (0x283f2c23) sw      gp, 664(t5)
core   0: 3 0x80009d6c (0x283f2c23) mem 0x80010000 0x00000001
core   0: 0x80009d70 (0xff9ff06f) j       pc - 0x8
core   0: 3 0x80009d70 (0xff9ff06f)
core   0: 0x80009d68 (0x00006f17) auipc   t5, 0x6
core   0: 3 0x80009d68 (0x00006f17) x30 0x8000fd68
core   0: 0x80009d6c (0x283f2c23) sw      gp, 664(t5)
core   0: 3 0x80009d6c (0x283f2c23) mem 0x80010000 0x00000001
core   0: 0x80009d70 (0xff9ff06f) j       pc - 0x8
core   0: 3 0x80009d70 (0xff9ff06f)
core   0: 0x80009d68 (0x00006f17) auipc   t5, 0x6
core   0: 3 0x80009d68 (0x00006f17) x30 0x8000fd68
core   0: 0x80009d6c (0x283f2c23) sw      gp, 664(t5)
core   0: 3 0x80009d6c (0x283f2c23) mem 0x80010000 0x00000001
core   0: 0x80009d70 (0xff9ff06f) j       pc - 0x8
core   0: 3 0x80009d70 (0xff9ff06f)
core   0: 0x80009d68 (0x00006f17) auipc   t5, 0x6
core   0: 3 0x80009d68 (0x00006f17) x30 0x8000fd68
core   0: 0x80009d6c (0x283f2c23) sw      gp, 664(t5)
core   0: 3 0x80009d6c (0x283f2c23) mem 0x80010000 0x00000001
core   0: 0x80009d70 (0xff9ff06f) j       pc - 0x8
core   0: 3 0x80009d70 (0xff9ff06f)
core   0: 0x80009d68 (0x00006f17) auipc   t5, 0x6
core   0: 3 0x80009d68 (0x00006f17) x30 0x8000fd68
core   0: 0x80009d6c (0x283f2c23) sw      gp, 664(t5)
core   0: 3 0x80009d6c (0x283f2c23) mem 0x80010000 0x00000001
core   0: 0x80009d70 (0xff9ff06f) j       pc - 0x8
core   0: 3 0x80009d70 (0xff9ff06f)
core   0: 0x80009d68 (0x00006f17) auipc   t5, 0x6
core   0: 3 0x80009d68 (0x00006f17) x30 0x8000fd68
core   0: 0x80009d6c (0x283f2c23) sw      gp, 664(t5)
core   0: 3 0x80009d6c (0x283f2c23) mem 0x80010000 0x00000001
core   0: 0x80009d70 (0xff9ff06f) j       pc - 0x8
core   0: 3 0x80009d70 (0xff9ff06f)
core   0: 0x80009d68 (0x00006f17) auipc   t5, 0x6
core   0: 3 0x80009d68 (0x00006f17) x30 0x8000fd68
core   0: 0x80009d6c (0x283f2c23) sw      gp, 664(t5)
core   0: 3 0x80009d6c (0x283f2c23) mem 0x80010000 0x00000001
core   0: 0x80009d70 (0xff9ff06f) j       pc - 0x8
core   0: 3 0x80009d70 (0xff9ff06f)
core   0: 0x80009d68 (0x00006f17) auipc   t5, 0x6
core   0: 3 0x80009d68 (0x00006f17) x30 0x8000fd68
core   0: 0x80009d6c (0x283f2c23) sw      gp, 664(t5)
core   0: 3 0x80009d6c (0x283f2c23) mem 0x80010000 0x00000001
core   0: 0x80009d70 (0xff9ff06f) j       pc - 0x8
core   0: 3 0x80009d70 (0xff9ff06f)
core   0: 0x80009d68 (0x00006f17) auipc   t5, 0x6
core   0: 3 0x80009d68 (0x00006f17) x30 0x8000fd68
core   0: 0x80009d6c (0x283f2c23) sw      gp, 664(t5)
core   0: 3 0x80009d6c (0x283f2c23) mem 0x80010000 0x00000001
core   0: 0x80009d70 (0xff9ff06f) j       pc - 0x8
core   0: 3 0x80009d70 (0xff9ff06f)
core   0: 0x80009d68 (0x00006f17) auipc   t5, 0x6
core   0: 3 0x80009d68 (0x00006f17) x30 0x8000fd68
core   0: 0x80009d6c (0x283f2c23) sw      gp, 664(t5)
core   0: 3 0x80009d6c (0x283f2c23) mem 0x80010000 0x00000001
core   0: 0x80009d70 (0xff9ff06f) j       pc - 0x8
core   0: 3 0x80009d70 (0xff9ff06f)
core   0: 0x80009d68 (0x00006f17) auipc   t5, 0x6
core   0: 3 0x80009d68 (0x00006f17) x30 0x8000fd68
core   0: 0x80009d6c (0x283f2c23) sw      gp, 664(t5)
core   0: 3 0x80009d6c (0x283f2c23) mem 0x80010000 0x00000001
core   0: 0x80009d70 (0xff9ff06f) j       pc - 0x8
core   0: 3 0x80009d70 (0xff9ff06f)
core   0: 0x80009d68 (0x00006f17) auipc   t5, 0x6
core   0: 3 0x80009d68 (0x00006f17) x30 0x8000fd68
core   0: 0x80009d6c (0x283f2c23) sw      gp, 664(t5)
core   0: 3 0x80009d6c (0x283f2c23) mem 0x80010000 0x00000001
core   0: 0x80009d70 (0xff9ff06f) j       pc - 0x8
core   0: 3 0x80009d70 (0xff9ff06f)
core   0: 0x80009d68 (0x00006f17) auipc   t5, 0x6
core   0: 3 0x80009d68 (0x00006f17) x30 0x8000fd68
core   0: 0x80009d6c (0x283f2c23) sw      gp, 664(t5)
core   0: 3 0x80009d6c (0x283f2c23) mem 0x80010000 0x00000001
core   0: 0x80009d70 (0xff9ff06f) j       pc - 0x8
core   0: 3 0x80009d70 (0xff9ff06f)
core   0: 0x80009d68 (0x00006f17) auipc   t5, 0x6
core   0: 3 0x80009d68 (0x00006f17) x30 0x8000fd68
core   0: 0x80009d6c (0x283f2c23) sw      gp, 664(t5)
core   0: 3 0x80009d6c (0x283f2c23) mem 0x80010000 0x00000001
core   0: 0x80009d70 (0xff9ff06f) j       pc - 0x8
core   0: 3 0x80009d70 (0xff9ff06f)
core   0: 0x80009d68 (0x00006f17) auipc   t5, 0x6
core   0: 3 0x80009d68 (0x00006f17) x30 0x8000fd68
core   0: 0x80009d6c (0x283f2c23) sw      gp, 664(t5)
core   0: 3 0x80009d6c (0x283f2c23) mem 0x80010000 0x00000001
core   0: 0x80009d70 (0xff9ff06f) j       pc - 0x8
core   0: 3 0x80009d70 (0xff9ff06f)
core   0: 0x80009d68 (0x00006f17) auipc   t5, 0x6
core   0: 3 0x80009d68 (0x00006f17) x30 0x8000fd68
core   0: 0x80009d6c (0x283f2c23) sw      gp, 664(t5)
core   0: 3 0x80009d6c (0x283f2c23) mem 0x80010000 0x00000001
core   0: 0x80009d70 (0xff9ff06f) j       pc - 0x8
core   0: 3 0x80009d70 (0xff9ff06f)
core   0: 0x80009d68 (0x00006f17) auipc   t5, 0x6
core   0: 3 0x80009d68 (0x00006f17) x30 0x8000fd68
core   0: 0x80009d6c (0x283f2c23) sw      gp, 664(t5)
core   0: 3 0x80009d6c (0x283f2c23) mem 0x80010000 0x00000001
core   0: 0x80009d70 (0xff9ff06f) j       pc - 0x8
core   0: 3 0x80009d70 (0xff9ff06f)
core   0: 0x80009d68 (0x00006f17) auipc   t5, 0x6
core   0: 3 0x80009d68 (0x00006f17) x30 0x8000fd68
core   0: 0x80009d6c (0x283f2c23) sw      gp, 664(t5)
core   0: 3 0x80009d6c (0x283f2c23) mem 0x80010000 0x00000001
core   0: 0x80009d70 (0xff9ff06f) j       pc - 0x8
core   0: 3 0x80009d70 (0xff9ff06f)
core   0: 0x80009d68 (0x00006f17) auipc   t5, 0x6
core   0: 3 0x80009d68 (0x00006f17) x30 0x8000fd68
core   0: 0x80009d6c (0x283f2c23) sw      gp, 664(t5)
core   0: 3 0x80009d6c (0x283f2c23) mem 0x80010000 0x00000001
core   0: 0x80009d70 (0xff9ff06f) j       pc - 0x8
core   0: 3 0x80009d70 (0xff9ff06f)
core   0: 0x80009d68 (0x00006f17) auipc   t5, 0x6
core   0: 3 0x80009d68 (0x00006f17) x30 0x8000fd68
core   0: 0x80009d6c (0x283f2c23) sw      gp, 664(t5)
core   0: 3 0x80009d6c (0x283f2c23) mem 0x80010000 0x00000001
core   0: 0x80009d70 (0xff9ff06f) j       pc - 0x8
core   0: 3 0x80009d70 (0xff9ff06f)
core   0: 0x80009d68 (0x00006f17) auipc   t5, 0x6
core   0: 3 0x80009d68 (0x00006f17) x30 0x8000fd68
core   0: 0x80009d6c (0x283f2c23) sw      gp, 664(t5)
core   0: 3 0x80009d6c (0x283f2c23) mem 0x80010000 0x00000001
core   0: 0x80009d70 (0xff9ff06f) j       pc - 0x8
core   0: 3 0x80009d70 (0xff9ff06f)
core   0: 0x80009d68 (0x00006f17) auipc   t5, 0x6
core   0: 3 0x80009d68 (0x00006f17) x30 0x8000fd68
core   0: 0x80009d6c (0x283f2c23) sw      gp, 664(t5)
core   0: 3 0x80009d6c (0x283f2c23) mem 0x80010000 0x00000001
core   0: 0x80009d70 (0xff9ff06f) j       pc - 0x8
core   0: 3 0x80009d70 (0xff9ff06f)
core   0: 0x80009d68 (0x00006f17) auipc   t5, 0x6
core   0: 3 0x80009d68 (0x00006f17) x30 0x8000fd68
core   0: 0x80009d6c (0x283f2c23) sw      gp, 664(t5)
core   0: 3 0x80009d6c (0x283f2c23) mem 0x80010000 0x00000001
core   0: 0x80009d70 (0xff9ff06f) j       pc - 0x8
core   0: 3 0x80009d70 (0xff9ff06f)
core   0: 0x80009d68 (0x00006f17) auipc   t5, 0x6
core   0: 3 0x80009d68 (0x00006f17) x30 0x8000fd68
core   0: 0x80009d6c (0x283f2c23) sw      gp, 664(t5)
core   0: 3 0x80009d6c (0x283f2c23) mem 0x80010000 0x00000001
core   0: 0x80009d70 (0xff9ff06f) j       pc - 0x8
core   0: 3 0x80009d70 (0xff9ff06f)
core   0: 0x80009d68 (0x00006f17) auipc   t5, 0x6
core   0: 3 0x80009d68 (0x00006f17) x30 0x8000fd68
core   0: 0x80009d6c (0x283f2c23) sw      gp, 664(t5)
core   0: 3 0x80009d6c (0x283f2c23) mem 0x80010000 0x00000001
core   0: 0x80009d70 (0xff9ff06f) j       pc - 0x8
core   0: 3 0x80009d70 (0xff9ff06f)
core   0: 0x80009d68 (0x00006f17) auipc   t5, 0x6
core   0: 3 0x80009d68 (0x00006f17) x30 0x8000fd68
core   0: 0x80009d6c (0x283f2c23) sw      gp, 664(t5)
core   0: 3 0x80009d6c (0x283f2c23) mem 0x80010000 0x00000001
core   0: 0x80009d70 (0xff9ff06f) j       pc - 0x8
core   0: 3 0x80009d70 (0xff9ff06f)
core   0: 0x80009d68 (0x00006f17) auipc   t5, 0x6
core   0: 3 0x80009d68 (0x00006f17) x30 0x8000fd68
core   0: 0x80009d6c (0x283f2c23) sw      gp, 664(t5)
core   0: 3 0x80009d6c (0x283f2c23) mem 0x80010000 0x00000001
core   0: 0x80009d70 (0xff9ff06f) j       pc - 0x8
core   0: 3 0x80009d70 (0xff9ff06f)
core   0: 0x80009d68 (0x00006f17) auipc   t5, 0x6
core   0: 3 0x80009d68 (0x00006f17) x30 0x8000fd68
core   0: 0x80009d6c (0x283f2c23) sw      gp, 664(t5)
core   0: 3 0x80009d6c (0x283f2c23) mem 0x80010000 0x00000001
core   0: 0x80009d70 (0xff9ff06f) j       pc - 0x8
core   0: 3 0x80009d70 (0xff9ff06f)
core   0: 0x80009d68 (0x00006f17) auipc   t5, 0x6
core   0: 3 0x80009d68 (0x00006f17) x30 0x8000fd68
core   0: 0x80009d6c (0x283f2c23) sw      gp, 664(t5)
core   0: 3 0x80009d6c (0x283f2c23) mem 0x80010000 0x00000001
core   0: 0x80009d70 (0xff9ff06f) j       pc - 0x8
core   0: 3 0x80009d70 (0xff9ff06f)
core   0: 0x80009d68 (0x00006f17) auipc   t5, 0x6
core   0: 3 0x80009d68 (0x00006f17) x30 0x8000fd68
core   0: 0x80009d6c (0x283f2c23) sw      gp, 664(t5)
core   0: 3 0x80009d6c (0x283f2c23) mem 0x80010000 0x00000001
core   0: 0x80009d70 (0xff9ff06f) j       pc - 0x8
core   0: 3 0x80009d70 (0xff9ff06f)
core   0: 0x80009d68 (0x00006f17) auipc   t5, 0x6
core   0: 3 0x80009d68 (0x00006f17) x30 0x8000fd68
core   0: 0x80009d6c (0x283f2c23) sw      gp, 664(t5)
core   0: 3 0x80009d6c (0x283f2c23) mem 0x80010000 0x00000001
core   0: 0x80009d70 (0xff9ff06f) j       pc - 0x8
core   0: 3 0x80009d70 (0xff9ff06f)
core   0: 0x80009d68 (0x00006f17) auipc   t5, 0x6
core   0: 3 0x80009d68 (0x00006f17) x30 0x8000fd68
core   0: 0x80009d6c (0x283f2c23) sw      gp, 664(t5)
core   0: 3 0x80009d6c (0x283f2c23) mem 0x80010000 0x00000001
core   0: 0x80009d70 (0xff9ff06f) j       pc - 0x8
core   0: 3 0x80009d70 (0xff9ff06f)
core   0: 0x80009d68 (0x00006f17) auipc   t5, 0x6
core   0: 3 0x80009d68 (0x00006f17) x30 0x8000fd68
core   0: 0x80009d6c (0x283f2c23) sw      gp, 664(t5)
core   0: 3 0x80009d6c (0x283f2c23) mem 0x80010000 0x00000001
core   0: 0x80009d70 (0xff9ff06f) j       pc - 0x8
core   0: 3 0x80009d70 (0xff9ff06f)
core   0: 0x80009d68 (0x00006f17) auipc   t5, 0x6
core   0: 3 0x80009d68 (0x00006f17) x30 0x8000fd68
core   0: 0x80009d6c (0x283f2c23) sw      gp, 664(t5)
core   0: 3 0x80009d6c (0x283f2c23) mem 0x80010000 0x00000001
core   0: 0x80009d70 (0xff9ff06f) j       pc - 0x8
core   0: 3 0x80009d70 (0xff9ff06f)
core   0: 0x80009d68 (0x00006f17) auipc   t5, 0x6
core   0: 3 0x80009d68 (0x00006f17) x30 0x8000fd68
core   0: 0x80009d6c (0x283f2c23) sw      gp, 664(t5)
core   0: 3 0x80009d6c (0x283f2c23) mem 0x80010000 0x00000001
core   0: 0x80009d70 (0xff9ff06f) j       pc - 0x8
core   0: 3 0x80009d70 (0xff9ff06f)
core   0: 0x80009d68 (0x00006f17) auipc   t5, 0x6
core   0: 3 0x80009d68 (0x00006f17) x30 0x8000fd68
core   0: 0x80009d6c (0x283f2c23) sw      gp, 664(t5)
core   0: 3 0x80009d6c (0x283f2c23) mem 0x80010000 0x00000001
core   0: 0x80009d70 (0xff9ff06f) j       pc - 0x8
core   0: 3 0x80009d70 (0xff9ff06f)
core   0: 0x80009d68 (0x00006f17) auipc   t5, 0x6
core   0: 3 0x80009d68 (0x00006f17) x30 0x8000fd68
core   0: 0x80009d6c (0x283f2c23) sw      gp, 664(t5)
core   0: 3 0x80009d6c (0x283f2c23) mem 0x80010000 0x00000001
core   0: 0x80009d70 (0xff9ff06f) j       pc - 0x8
core   0: 3 0x80009d70 (0xff9ff06f)
core   0: 0x80009d68 (0x00006f17) auipc   t5, 0x6
core   0: 3 0x80009d68 (0x00006f17) x30 0x8000fd68
core   0: 0x80009d6c (0x283f2c23) sw      gp, 664(t5)
core   0: 3 0x80009d6c (0x283f2c23) mem 0x80010000 0x00000001
core   0: 0x80009d70 (0xff9ff06f) j       pc - 0x8
core   0: 3 0x80009d70 (0xff9ff06f)
core   0: 0x80009d68 (0x00006f17) auipc   t5, 0x6
core   0: 3 0x80009d68 (0x00006f17) x30 0x8000fd68
core   0: 0x80009d6c (0x283f2c23) sw      gp, 664(t5)
core   0: 3 0x80009d6c (0x283f2c23) mem 0x80010000 0x00000001
core   0: 0x80009d70 (0xff9ff06f) j       pc - 0x8
core   0: 3 0x80009d70 (0xff9ff06f)
core   0: 0x80009d68 (0x00006f17) auipc   t5, 0x6
core   0: 3 0x80009d68 (0x00006f17) x30 0x8000fd68
core   0: 0x80009d6c (0x283f2c23) sw      gp, 664(t5)
core   0: 3 0x80009d6c (0x283f2c23) mem 0x80010000 0x00000001
core   0: 0x80009d70 (0xff9ff06f) j       pc - 0x8
core   0: 3 0x80009d70 (0xff9ff06f)
core   0: 0x80009d68 (0x00006f17) auipc   t5, 0x6
core   0: 3 0x80009d68 (0x00006f17) x30 0x8000fd68
core   0: 0x80009d6c (0x283f2c23) sw      gp, 664(t5)
core   0: 3 0x80009d6c (0x283f2c23) mem 0x80010000 0x00000001
core   0: 0x80009d70 (0xff9ff06f) j       pc - 0x8
core   0: 3 0x80009d70 (0xff9ff06f)
core   0: 0x80009d68 (0x00006f17) auipc   t5, 0x6
core   0: 3 0x80009d68 (0x00006f17) x30 0x8000fd68
core   0: 0x80009d6c (0x283f2c23) sw      gp, 664(t5)
core   0: 3 0x80009d6c (0x283f2c23) mem 0x80010000 0x00000001
core   0: 0x80009d70 (0xff9ff06f) j       pc - 0x8
core   0: 3 0x80009d70 (0xff9ff06f)
core   0: 0x80009d68 (0x00006f17) auipc   t5, 0x6
core   0: 3 0x80009d68 (0x00006f17) x30 0x8000fd68
core   0: 0x80009d6c (0x283f2c23) sw      gp, 664(t5)
core   0: 3 0x80009d6c (0x283f2c23) mem 0x80010000 0x00000001
core   0: 0x80009d70 (0xff9ff06f) j       pc - 0x8
core   0: 3 0x80009d70 (0xff9ff06f)
core   0: 0x80009d68 (0x00006f17) auipc   t5, 0x6
core   0: 3 0x80009d68 (0x00006f17) x30 0x8000fd68
core   0: 0x80009d6c (0x283f2c23) sw      gp, 664(t5)
core   0: 3 0x80009d6c (0x283f2c23) mem 0x80010000 0x00000001
core   0: 0x80009d70 (0xff9ff06f) j       pc - 0x8
core   0: 3 0x80009d70 (0xff9ff06f)
core   0: 0x80009d68 (0x00006f17) auipc   t5, 0x6
core   0: 3 0x80009d68 (0x00006f17) x30 0x8000fd68
core   0: 0x80009d6c (0x283f2c23) sw      gp, 664(t5)
core   0: 3 0x80009d6c (0x283f2c23) mem 0x80010000 0x00000001
core   0: 0x80009d70 (0xff9ff06f) j       pc - 0x8
core   0: 3 0x80009d70 (0xff9ff06f)
core   0: 0x80009d68 (0x00006f17) auipc   t5, 0x6
core   0: 3 0x80009d68 (0x00006f17) x30 0x8000fd68
core   0: 0x80009d6c (0x283f2c23) sw      gp, 664(t5)
core   0: 3 0x80009d6c (0x283f2c23) mem 0x80010000 0x00000001
core   0: 0x80009d70 (0xff9ff06f) j       pc - 0x8
core   0: 3 0x80009d70 (0xff9ff06f)
core   0: 0x80009d68 (0x00006f17) auipc   t5, 0x6
core   0: 3 0x80009d68 (0x00006f17) x30 0x8000fd68
core   0: 0x80009d6c (0x283f2c23) sw      gp, 664(t5)
core   0: 3 0x80009d6c (0x283f2c23) mem 0x80010000 0x00000001
core   0: 0x80009d70 (0xff9ff06f) j       pc - 0x8
core   0: 3 0x80009d70 (0xff9ff06f)
core   0: 0x80009d68 (0x00006f17) auipc   t5, 0x6
core   0: 3 0x80009d68 (0x00006f17) x30 0x8000fd68
core   0: 0x80009d6c (0x283f2c23) sw      gp, 664(t5)
core   0: 3 0x80009d6c (0x283f2c23) mem 0x80010000 0x00000001
core   0: 0x80009d70 (0xff9ff06f) j       pc - 0x8
core   0: 3 0x80009d70 (0xff9ff06f)
core   0: 0x80009d68 (0x00006f17) auipc   t5, 0x6
core   0: 3 0x80009d68 (0x00006f17) x30 0x8000fd68
core   0: 0x80009d6c (0x283f2c23) sw      gp, 664(t5)
core   0: 3 0x80009d6c (0x283f2c23) mem 0x80010000 0x00000001
core   0: 0x80009d70 (0xff9ff06f) j       pc - 0x8
core   0: 3 0x80009d70 (0xff9ff06f)
core   0: 0x80009d68 (0x00006f17) auipc   t5, 0x6
core   0: 3 0x80009d68 (0x00006f17) x30 0x8000fd68
core   0: 0x80009d6c (0x283f2c23) sw      gp, 664(t5)
core   0: 3 0x80009d6c (0x283f2c23) mem 0x80010000 0x00000001
core   0: 0x80009d70 (0xff9ff06f) j       pc - 0x8
core   0: 3 0x80009d70 (0xff9ff06f)
core   0: 0x80009d68 (0x00006f17) auipc   t5, 0x6
core   0: 3 0x80009d68 (0x00006f17) x30 0x8000fd68
core   0: 0x80009d6c (0x283f2c23) sw      gp, 664(t5)
core   0: 3 0x80009d6c (0x283f2c23) mem 0x80010000 0x00000001
core   0: 0x80009d70 (0xff9ff06f) j       pc - 0x8
core   0: 3 0x80009d70 (0xff9ff06f)
core   0: 0x80009d68 (0x00006f17) auipc   t5, 0x6
core   0: 3 0x80009d68 (0x00006f17) x30 0x8000fd68
core   0: 0x80009d6c (0x283f2c23) sw      gp, 664(t5)
core   0: 3 0x80009d6c (0x283f2c23) mem 0x80010000 0x00000001
core   0: 0x80009d70 (0xff9ff06f) j       pc - 0x8
core   0: 3 0x80009d70 (0xff9ff06f)
core   0: 0x80009d68 (0x00006f17) auipc   t5, 0x6
core   0: 3 0x80009d68 (0x00006f17) x30 0x8000fd68
core   0: 0x80009d6c (0x283f2c23) sw      gp, 664(t5)
core   0: 3 0x80009d6c (0x283f2c23) mem 0x80010000 0x00000001
core   0: 0x80009d70 (0xff9ff06f) j       pc - 0x8
core   0: 3 0x80009d70 (0xff9ff06f)
core   0: 0x80009d68 (0x00006f17) auipc   t5, 0x6
core   0: 3 0x80009d68 (0x00006f17) x30 0x8000fd68
core   0: 0x80009d6c (0x283f2c23) sw      gp, 664(t5)
core   0: 3 0x80009d6c (0x283f2c23) mem 0x80010000 0x00000001
core   0: 0x80009d70 (0xff9ff06f) j       pc - 0x8
core   0: 3 0x80009d70 (0xff9ff06f)
core   0: 0x80009d68 (0x00006f17) auipc   t5, 0x6
core   0: 3 0x80009d68 (0x00006f17) x30 0x8000fd68
core   0: 0x80009d6c (0x283f2c23) sw      gp, 664(t5)
core   0: 3 0x80009d6c (0x283f2c23) mem 0x80010000 0x00000001
core   0: 0x80009d70 (0xff9ff06f) j       pc - 0x8
core   0: 3 0x80009d70 (0xff9ff06f)
core   0: 0x80009d68 (0x00006f17) auipc   t5, 0x6
core   0: 3 0x80009d68 (0x00006f17) x30 0x8000fd68
core   0: 0x80009d6c (0x283f2c23) sw      gp, 664(t5)
core   0: 3 0x80009d6c (0x283f2c23) mem 0x80010000 0x00000001
core   0: 0x80009d70 (0xff9ff06f) j       pc - 0x8
core   0: 3 0x80009d70 (0xff9ff06f)
core   0: 0x80009d68 (0x00006f17) auipc   t5, 0x6
core   0: 3 0x80009d68 (0x00006f17) x30 0x8000fd68
core   0: 0x80009d6c (0x283f2c23) sw      gp, 664(t5)
core   0: 3 0x80009d6c (0x283f2c23) mem 0x80010000 0x00000001
core   0: 0x80009d70 (0xff9ff06f) j       pc - 0x8
core   0: 3 0x80009d70 (0xff9ff06f)
core   0: 0x80009d68 (0x00006f17) auipc   t5, 0x6
core   0: 3 0x80009d68 (0x00006f17) x30 0x8000fd68
core   0: 0x80009d6c (0x283f2c23) sw      gp, 664(t5)
core   0: 3 0x80009d6c (0x283f2c23) mem 0x80010000 0x00000001
core   0: 0x80009d70 (0xff9ff06f) j       pc - 0x8
core   0: 3 0x80009d70 (0xff9ff06f)
core   0: 0x80009d68 (0x00006f17) auipc   t5, 0x6
core   0: 3 0x80009d68 (0x00006f17) x30 0x8000fd68
core   0: 0x80009d6c (0x283f2c23) sw      gp, 664(t5)
core   0: 3 0x80009d6c (0x283f2c23) mem 0x80010000 0x00000001
core   0: 0x80009d70 (0xff9ff06f) j       pc - 0x8
core   0: 3 0x80009d70 (0xff9ff06f)
core   0: 0x80009d68 (0x00006f17) auipc   t5, 0x6
core   0: 3 0x80009d68 (0x00006f17) x30 0x8000fd68
core   0: 0x80009d6c (0x283f2c23) sw      gp, 664(t5)
core   0: 3 0x80009d6c (0x283f2c23) mem 0x80010000 0x00000001
core   0: 0x80009d70 (0xff9ff06f) j       pc - 0x8
core   0: 3 0x80009d70 (0xff9ff06f)
core   0: 0x80009d68 (0x00006f17) auipc   t5, 0x6
core   0: 3 0x80009d68 (0x00006f17) x30 0x8000fd68
core   0: 0x80009d6c (0x283f2c23) sw      gp, 664(t5)
core   0: 3 0x80009d6c (0x283f2c23) mem 0x80010000 0x00000001
core   0: 0x80009d70 (0xff9ff06f) j       pc - 0x8
core   0: 3 0x80009d70 (0xff9ff06f)
core   0: 0x80009d68 (0x00006f17) auipc   t5, 0x6
core   0: 3 0x80009d68 (0x00006f17) x30 0x8000fd68
core   0: 0x80009d6c (0x283f2c23) sw      gp, 664(t5)
core   0: 3 0x80009d6c (0x283f2c23) mem 0x80010000 0x00000001
core   0: 0x80009d70 (0xff9ff06f) j       pc - 0x8
core   0: 3 0x80009d70 (0xff9ff06f)
core   0: 0x80009d68 (0x00006f17) auipc   t5, 0x6
core   0: 3 0x80009d68 (0x00006f17) x30 0x8000fd68
core   0: 0x80009d6c (0x283f2c23) sw      gp, 664(t5)
core   0: 3 0x80009d6c (0x283f2c23) mem 0x80010000 0x00000001
core   0: 0x80009d70 (0xff9ff06f) j       pc - 0x8
core   0: 3 0x80009d70 (0xff9ff06f)
core   0: 0x80009d68 (0x00006f17) auipc   t5, 0x6
core   0: 3 0x80009d68 (0x00006f17) x30 0x8000fd68
core   0: 0x80009d6c (0x283f2c23) sw      gp, 664(t5)
core   0: 3 0x80009d6c (0x283f2c23) mem 0x80010000 0x00000001
core   0: 0x80009d70 (0xff9ff06f) j       pc - 0x8
core   0: 3 0x80009d70 (0xff9ff06f)
core   0: 0x80009d68 (0x00006f17) auipc   t5, 0x6
core   0: 3 0x80009d68 (0x00006f17) x30 0x8000fd68
core   0: 0x80009d6c (0x283f2c23) sw      gp, 664(t5)
core   0: 3 0x80009d6c (0x283f2c23) mem 0x80010000 0x00000001
core   0: 0x80009d70 (0xff9ff06f) j       pc - 0x8
core   0: 3 0x80009d70 (0xff9ff06f)
core   0: 0x80009d68 (0x00006f17) auipc   t5, 0x6
core   0: 3 0x80009d68 (0x00006f17) x30 0x8000fd68
core   0: 0x80009d6c (0x283f2c23) sw      gp, 664(t5)
core   0: 3 0x80009d6c (0x283f2c23) mem 0x80010000 0x00000001
core   0: 0x80009d70 (0xff9ff06f) j       pc - 0x8
core   0: 3 0x80009d70 (0xff9ff06f)
core   0: 0x80009d68 (0x00006f17) auipc   t5, 0x6
core   0: 3 0x80009d68 (0x00006f17) x30 0x8000fd68
core   0: 0x80009d6c (0x283f2c23) sw      gp, 664(t5)
core   0: 3 0x80009d6c (0x283f2c23) mem 0x80010000 0x00000001
core   0: 0x80009d70 (0xff9ff06f) j       pc - 0x8
core   0: 3 0x80009d70 (0xff9ff06f)
core   0: 0x80009d68 (0x00006f17) auipc   t5, 0x6
core   0: 3 0x80009d68 (0x00006f17) x30 0x8000fd68
core   0: 0x80009d6c (0x283f2c23) sw      gp, 664(t5)
core   0: 3 0x80009d6c (0x283f2c23) mem 0x80010000 0x00000001
core   0: 0x80009d70 (0xff9ff06f) j       pc - 0x8
core   0: 3 0x80009d70 (0xff9ff06f)
core   0: 0x80009d68 (0x00006f17) auipc   t5, 0x6
core   0: 3 0x80009d68 (0x00006f17) x30 0x8000fd68
core   0: 0x80009d6c (0x283f2c23) sw      gp, 664(t5)
core   0: 3 0x80009d6c (0x283f2c23) mem 0x80010000 0x00000001
core   0: 0x80009d70 (0xff9ff06f) j       pc - 0x8
core   0: 3 0x80009d70 (0xff9ff06f)
core   0: 0x80009d68 (0x00006f17) auipc   t5, 0x6
core   0: 3 0x80009d68 (0x00006f17) x30 0x8000fd68
core   0: 0x80009d6c (0x283f2c23) sw      gp, 664(t5)
core   0: 3 0x80009d6c (0x283f2c23) mem 0x80010000 0x00000001
core   0: 0x80009d70 (0xff9ff06f) j       pc - 0x8
core   0: 3 0x80009d70 (0xff9ff06f)
core   0: 0x80009d68 (0x00006f17) auipc   t5, 0x6
core   0: 3 0x80009d68 (0x00006f17) x30 0x8000fd68
core   0: 0x80009d6c (0x283f2c23) sw      gp, 664(t5)
core   0: 3 0x80009d6c (0x283f2c23) mem 0x80010000 0x00000001
core   0: 0x80009d70 (0xff9ff06f) j       pc - 0x8
core   0: 3 0x80009d70 (0xff9ff06f)
core   0: 0x80009d68 (0x00006f17) auipc   t5, 0x6
core   0: 3 0x80009d68 (0x00006f17) x30 0x8000fd68
core   0: 0x80009d6c (0x283f2c23) sw      gp, 664(t5)
core   0: 3 0x80009d6c (0x283f2c23) mem 0x80010000 0x00000001
core   0: 0x80009d70 (0xff9ff06f) j       pc - 0x8
core   0: 3 0x80009d70 (0xff9ff06f)
core   0: 0x80009d68 (0x00006f17) auipc   t5, 0x6
core   0: 3 0x80009d68 (0x00006f17) x30 0x8000fd68
core   0: 0x80009d6c (0x283f2c23) sw      gp, 664(t5)
core   0: 3 0x80009d6c (0x283f2c23) mem 0x80010000 0x00000001
core   0: 0x80009d70 (0xff9ff06f) j       pc - 0x8
core   0: 3 0x80009d70 (0xff9ff06f)
core   0: 0x80009d68 (0x00006f17) auipc   t5, 0x6
core   0: 3 0x80009d68 (0x00006f17) x30 0x8000fd68
core   0: 0x80009d6c (0x283f2c23) sw      gp, 664(t5)
core   0: 3 0x80009d6c (0x283f2c23) mem 0x80010000 0x00000001
core   0: 0x80009d70 (0xff9ff06f) j       pc - 0x8
core   0: 3 0x80009d70 (0xff9ff06f)
core   0: 0x80009d68 (0x00006f17) auipc   t5, 0x6
core   0: 3 0x80009d68 (0x00006f17) x30 0x8000fd68
core   0: 0x80009d6c (0x283f2c23) sw      gp, 664(t5)
core   0: 3 0x80009d6c (0x283f2c23) mem 0x80010000 0x00000001
core   0: 0x80009d70 (0xff9ff06f) j       pc - 0x8
core   0: 3 0x80009d70 (0xff9ff06f)
core   0: 0x80009d68 (0x00006f17) auipc   t5, 0x6
core   0: 3 0x80009d68 (0x00006f17) x30 0x8000fd68
core   0: 0x80009d6c (0x283f2c23) sw      gp, 664(t5)
core   0: 3 0x80009d6c (0x283f2c23) mem 0x80010000 0x00000001
core   0: 0x80009d70 (0xff9ff06f) j       pc - 0x8
core   0: 3 0x80009d70 (0xff9ff06f)
core   0: 0x80009d68 (0x00006f17) auipc   t5, 0x6
core   0: 3 0x80009d68 (0x00006f17) x30 0x8000fd68
core   0: 0x80009d6c (0x283f2c23) sw      gp, 664(t5)
core   0: 3 0x80009d6c (0x283f2c23) mem 0x80010000 0x00000001
core   0: 0x80009d70 (0xff9ff06f) j       pc - 0x8
core   0: 3 0x80009d70 (0xff9ff06f)
core   0: 0x80009d68 (0x00006f17) auipc   t5, 0x6
core   0: 3 0x80009d68 (0x00006f17) x30 0x8000fd68
core   0: 0x80009d6c (0x283f2c23) sw      gp, 664(t5)
core   0: 3 0x80009d6c (0x283f2c23) mem 0x80010000 0x00000001
core   0: 0x80009d70 (0xff9ff06f) j       pc - 0x8
core   0: 3 0x80009d70 (0xff9ff06f)
core   0: 0x80009d68 (0x00006f17) auipc   t5, 0x6
core   0: 3 0x80009d68 (0x00006f17) x30 0x8000fd68
core   0: 0x80009d6c (0x283f2c23) sw      gp, 664(t5)
core   0: 3 0x80009d6c (0x283f2c23) mem 0x80010000 0x00000001
core   0: 0x80009d70 (0xff9ff06f) j       pc - 0x8
core   0: 3 0x80009d70 (0xff9ff06f)
core   0: 0x80009d68 (0x00006f17) auipc   t5, 0x6
core   0: 3 0x80009d68 (0x00006f17) x30 0x8000fd68
core   0: 0x80009d6c (0x283f2c23) sw      gp, 664(t5)
core   0: 3 0x80009d6c (0x283f2c23) mem 0x80010000 0x00000001
core   0: 0x80009d70 (0xff9ff06f) j       pc - 0x8
core   0: 3 0x80009d70 (0xff9ff06f)
core   0: 0x80009d68 (0x00006f17) auipc   t5, 0x6
core   0: 3 0x80009d68 (0x00006f17) x30 0x8000fd68
core   0: 0x80009d6c (0x283f2c23) sw      gp, 664(t5)
core   0: 3 0x80009d6c (0x283f2c23) mem 0x80010000 0x00000001
core   0: 0x80009d70 (0xff9ff06f) j       pc - 0x8
core   0: 3 0x80009d70 (0xff9ff06f)
core   0: 0x80009d68 (0x00006f17) auipc   t5, 0x6
core   0: 3 0x80009d68 (0x00006f17) x30 0x8000fd68
core   0: 0x80009d6c (0x283f2c23) sw      gp, 664(t5)
core   0: 3 0x80009d6c (0x283f2c23) mem 0x80010000 0x00000001
core   0: 0x80009d70 (0xff9ff06f) j       pc - 0x8
core   0: 3 0x80009d70 (0xff9ff06f)
core   0: 0x80009d68 (0x00006f17) auipc   t5, 0x6
core   0: 3 0x80009d68 (0x00006f17) x30 0x8000fd68
core   0: 0x80009d6c (0x283f2c23) sw      gp, 664(t5)
core   0: 3 0x80009d6c (0x283f2c23) mem 0x80010000 0x00000001
core   0: 0x80009d70 (0xff9ff06f) j       pc - 0x8
core   0: 3 0x80009d70 (0xff9ff06f)
core   0: 0x80009d68 (0x00006f17) auipc   t5, 0x6
core   0: 3 0x80009d68 (0x00006f17) x30 0x8000fd68
core   0: 0x80009d6c (0x283f2c23) sw      gp, 664(t5)
core   0: 3 0x80009d6c (0x283f2c23) mem 0x80010000 0x00000001
core   0: 0x80009d70 (0xff9ff06f) j       pc - 0x8
core   0: 3 0x80009d70 (0xff9ff06f)
core   0: 0x80009d68 (0x00006f17) auipc   t5, 0x6
core   0: 3 0x80009d68 (0x00006f17) x30 0x8000fd68
core   0: 0x80009d6c (0x283f2c23) sw      gp, 664(t5)
core   0: 3 0x80009d6c (0x283f2c23) mem 0x80010000 0x00000001
core   0: 0x80009d70 (0xff9ff06f) j       pc - 0x8
core   0: 3 0x80009d70 (0xff9ff06f)
core   0: 0x80009d68 (0x00006f17) auipc   t5, 0x6
core   0: 3 0x80009d68 (0x00006f17) x30 0x8000fd68
core   0: 0x80009d6c (0x283f2c23) sw      gp, 664(t5)
core   0: 3 0x80009d6c (0x283f2c23) mem 0x80010000 0x00000001
core   0: 0x80009d70 (0xff9ff06f) j       pc - 0x8
core   0: 3 0x80009d70 (0xff9ff06f)
core   0: 0x80009d68 (0x00006f17) auipc   t5, 0x6
core   0: 3 0x80009d68 (0x00006f17) x30 0x8000fd68
core   0: 0x80009d6c (0x283f2c23) sw      gp, 664(t5)
core   0: 3 0x80009d6c (0x283f2c23) mem 0x80010000 0x00000001
core   0: 0x80009d70 (0xff9ff06f) j       pc - 0x8
core   0: 3 0x80009d70 (0xff9ff06f)
core   0: 0x80009d68 (0x00006f17) auipc   t5, 0x6
core   0: 3 0x80009d68 (0x00006f17) x30 0x8000fd68
core   0: 0x80009d6c (0x283f2c23) sw      gp, 664(t5)
core   0: 3 0x80009d6c (0x283f2c23) mem 0x80010000 0x00000001
core   0: 0x80009d70 (0xff9ff06f) j       pc - 0x8
core   0: 3 0x80009d70 (0xff9ff06f)
core   0: 0x80009d68 (0x00006f17) auipc   t5, 0x6
core   0: 3 0x80009d68 (0x00006f17) x30 0x8000fd68
core   0: 0x80009d6c (0x283f2c23) sw      gp, 664(t5)
core   0: 3 0x80009d6c (0x283f2c23) mem 0x80010000 0x00000001
core   0: 0x80009d70 (0xff9ff06f) j       pc - 0x8
core   0: 3 0x80009d70 (0xff9ff06f)
core   0: 0x80009d68 (0x00006f17) auipc   t5, 0x6
core   0: 3 0x80009d68 (0x00006f17) x30 0x8000fd68
core   0: 0x80009d6c (0x283f2c23) sw      gp, 664(t5)
core   0: 3 0x80009d6c (0x283f2c23) mem 0x80010000 0x00000001
core   0: 0x80009d70 (0xff9ff06f) j       pc - 0x8
core   0: 3 0x80009d70 (0xff9ff06f)
core   0: 0x80009d68 (0x00006f17) auipc   t5, 0x6
core   0: 3 0x80009d68 (0x00006f17) x30 0x8000fd68
core   0: 0x80009d6c (0x283f2c23) sw      gp, 664(t5)
core   0: 3 0x80009d6c (0x283f2c23) mem 0x80010000 0x00000001
core   0: 0x80009d70 (0xff9ff06f) j       pc - 0x8
core   0: 3 0x80009d70 (0xff9ff06f)
core   0: 0x80009d68 (0x00006f17) auipc   t5, 0x6
core   0: 3 0x80009d68 (0x00006f17) x30 0x8000fd68
core   0: 0x80009d6c (0x283f2c23) sw      gp, 664(t5)
core   0: 3 0x80009d6c (0x283f2c23) mem 0x80010000 0x00000001
core   0: 0x80009d70 (0xff9ff06f) j       pc - 0x8
core   0: 3 0x80009d70 (0xff9ff06f)
core   0: 0x80009d68 (0x00006f17) auipc   t5, 0x6
core   0: 3 0x80009d68 (0x00006f17) x30 0x8000fd68
core   0: 0x80009d6c (0x283f2c23) sw      gp, 664(t5)
core   0: 3 0x80009d6c (0x283f2c23) mem 0x80010000 0x00000001
core   0: 0x80009d70 (0xff9ff06f) j       pc - 0x8
core   0: 3 0x80009d70 (0xff9ff06f)
core   0: 0x80009d68 (0x00006f17) auipc   t5, 0x6
core   0: 3 0x80009d68 (0x00006f17) x30 0x8000fd68
core   0: 0x80009d6c (0x283f2c23) sw      gp, 664(t5)
core   0: 3 0x80009d6c (0x283f2c23) mem 0x80010000 0x00000001
core   0: 0x80009d70 (0xff9ff06f) j       pc - 0x8
core   0: 3 0x80009d70 (0xff9ff06f)
core   0: 0x80009d68 (0x00006f17) auipc   t5, 0x6
core   0: 3 0x80009d68 (0x00006f17) x30 0x8000fd68
core   0: 0x80009d6c (0x283f2c23) sw      gp, 664(t5)
core   0: 3 0x80009d6c (0x283f2c23) mem 0x80010000 0x00000001
core   0: 0x80009d70 (0xff9ff06f) j       pc - 0x8
core   0: 3 0x80009d70 (0xff9ff06f)
core   0: 0x80009d68 (0x00006f17) auipc   t5, 0x6
core   0: 3 0x80009d68 (0x00006f17) x30 0x8000fd68
core   0: 0x80009d6c (0x283f2c23) sw      gp, 664(t5)
core   0: 3 0x80009d6c (0x283f2c23) mem 0x80010000 0x00000001
core   0: 0x80009d70 (0xff9ff06f) j       pc - 0x8
core   0: 3 0x80009d70 (0xff9ff06f)
core   0: 0x80009d68 (0x00006f17) auipc   t5, 0x6
core   0: 3 0x80009d68 (0x00006f17) x30 0x8000fd68
core   0: 0x80009d6c (0x283f2c23) sw      gp, 664(t5)
core   0: 3 0x80009d6c (0x283f2c23) mem 0x80010000 0x00000001
core   0: 0x80009d70 (0xff9ff06f) j       pc - 0x8
core   0: 3 0x80009d70 (0xff9ff06f)
core   0: 0x80009d68 (0x00006f17) auipc   t5, 0x6
core   0: 3 0x80009d68 (0x00006f17) x30 0x8000fd68
core   0: 0x80009d6c (0x283f2c23) sw      gp, 664(t5)
core   0: 3 0x80009d6c (0x283f2c23) mem 0x80010000 0x00000001
core   0: 0x80009d70 (0xff9ff06f) j       pc - 0x8
core   0: 3 0x80009d70 (0xff9ff06f)
core   0: 0x80009d68 (0x00006f17) auipc   t5, 0x6
core   0: 3 0x80009d68 (0x00006f17) x30 0x8000fd68
core   0: 0x80009d6c (0x283f2c23) sw      gp, 664(t5)
core   0: 3 0x80009d6c (0x283f2c23) mem 0x80010000 0x00000001
core   0: 0x80009d70 (0xff9ff06f) j       pc - 0x8
core   0: 3 0x80009d70 (0xff9ff06f)
core   0: 0x80009d68 (0x00006f17) auipc   t5, 0x6
core   0: 3 0x80009d68 (0x00006f17) x30 0x8000fd68
core   0: 0x80009d6c (0x283f2c23) sw      gp, 664(t5)
core   0: 3 0x80009d6c (0x283f2c23) mem 0x80010000 0x00000001
core   0: 0x80009d70 (0xff9ff06f) j       pc - 0x8
core   0: 3 0x80009d70 (0xff9ff06f)
core   0: 0x80009d68 (0x00006f17) auipc   t5, 0x6
core   0: 3 0x80009d68 (0x00006f17) x30 0x8000fd68
core   0: 0x80009d6c (0x283f2c23) sw      gp, 664(t5)
core   0: 3 0x80009d6c (0x283f2c23) mem 0x80010000 0x00000001
core   0: 0x80009d70 (0xff9ff06f) j       pc - 0x8
core   0: 3 0x80009d70 (0xff9ff06f)
core   0: 0x80009d68 (0x00006f17) auipc   t5, 0x6
core   0: 3 0x80009d68 (0x00006f17) x30 0x8000fd68
core   0: 0x80009d6c (0x283f2c23) sw      gp, 664(t5)
core   0: 3 0x80009d6c (0x283f2c23) mem 0x80010000 0x00000001
core   0: 0x80009d70 (0xff9ff06f) j       pc - 0x8
core   0: 3 0x80009d70 (0xff9ff06f)
core   0: 0x80009d68 (0x00006f17) auipc   t5, 0x6
core   0: 3 0x80009d68 (0x00006f17) x30 0x8000fd68
core   0: 0x80009d6c (0x283f2c23) sw      gp, 664(t5)
core   0: 3 0x80009d6c (0x283f2c23) mem 0x80010000 0x00000001
core   0: 0x80009d70 (0xff9ff06f) j       pc - 0x8
core   0: 3 0x80009d70 (0xff9ff06f)
core   0: 0x80009d68 (0x00006f17) auipc   t5, 0x6
core   0: 3 0x80009d68 (0x00006f17) x30 0x8000fd68
core   0: 0x80009d6c (0x283f2c23) sw      gp, 664(t5)
core   0: 3 0x80009d6c (0x283f2c23) mem 0x80010000 0x00000001
core   0: 0x80009d70 (0xff9ff06f) j       pc - 0x8
core   0: 3 0x80009d70 (0xff9ff06f)
core   0: 0x80009d68 (0x00006f17) auipc   t5, 0x6
core   0: 3 0x80009d68 (0x00006f17) x30 0x8000fd68
core   0: 0x80009d6c (0x283f2c23) sw      gp, 664(t5)
core   0: 3 0x80009d6c (0x283f2c23) mem 0x80010000 0x00000001
core   0: 0x80009d70 (0xff9ff06f) j       pc - 0x8
core   0: 3 0x80009d70 (0xff9ff06f)
core   0: 0x80009d68 (0x00006f17) auipc   t5, 0x6
core   0: 3 0x80009d68 (0x00006f17) x30 0x8000fd68
core   0: 0x80009d6c (0x283f2c23) sw      gp, 664(t5)
core   0: 3 0x80009d6c (0x283f2c23) mem 0x80010000 0x00000001
core   0: 0x80009d70 (0xff9ff06f) j       pc - 0x8
core   0: 3 0x80009d70 (0xff9ff06f)
core   0: 0x80009d68 (0x00006f17) auipc   t5, 0x6
core   0: 3 0x80009d68 (0x00006f17) x30 0x8000fd68
core   0: 0x80009d6c (0x283f2c23) sw      gp, 664(t5)
core   0: 3 0x80009d6c (0x283f2c23) mem 0x80010000 0x00000001
core   0: 0x80009d70 (0xff9ff06f) j       pc - 0x8
core   0: 3 0x80009d70 (0xff9ff06f)
core   0: 0x80009d68 (0x00006f17) auipc   t5, 0x6
core   0: 3 0x80009d68 (0x00006f17) x30 0x8000fd68
core   0: 0x80009d6c (0x283f2c23) sw      gp, 664(t5)
core   0: 3 0x80009d6c (0x283f2c23) mem 0x80010000 0x00000001
core   0: 0x80009d70 (0xff9ff06f) j       pc - 0x8
core   0: 3 0x80009d70 (0xff9ff06f)
core   0: 0x80009d68 (0x00006f17) auipc   t5, 0x6
core   0: 3 0x80009d68 (0x00006f17) x30 0x8000fd68
core   0: 0x80009d6c (0x283f2c23) sw      gp, 664(t5)
core   0: 3 0x80009d6c (0x283f2c23) mem 0x80010000 0x00000001
core   0: 0x80009d70 (0xff9ff06f) j       pc - 0x8
core   0: 3 0x80009d70 (0xff9ff06f)
core   0: 0x80009d68 (0x00006f17) auipc   t5, 0x6
core   0: 3 0x80009d68 (0x00006f17) x30 0x8000fd68
core   0: 0x80009d6c (0x283f2c23) sw      gp, 664(t5)
core   0: 3 0x80009d6c (0x283f2c23) mem 0x80010000 0x00000001
core   0: 0x80009d70 (0xff9ff06f) j       pc - 0x8
core   0: 3 0x80009d70 (0xff9ff06f)
core   0: 0x80009d68 (0x00006f17) auipc   t5, 0x6
core   0: 3 0x80009d68 (0x00006f17) x30 0x8000fd68
core   0: 0x80009d6c (0x283f2c23) sw      gp, 664(t5)
core   0: 3 0x80009d6c (0x283f2c23) mem 0x80010000 0x00000001
core   0: 0x80009d70 (0xff9ff06f) j       pc - 0x8
core   0: 3 0x80009d70 (0xff9ff06f)
core   0: 0x80009d68 (0x00006f17) auipc   t5, 0x6
core   0: 3 0x80009d68 (0x00006f17) x30 0x8000fd68
core   0: 0x80009d6c (0x283f2c23) sw      gp, 664(t5)
core   0: 3 0x80009d6c (0x283f2c23) mem 0x80010000 0x00000001
core   0: 0x80009d70 (0xff9ff06f) j       pc - 0x8
core   0: 3 0x80009d70 (0xff9ff06f)
core   0: 0x80009d68 (0x00006f17) auipc   t5, 0x6
core   0: 3 0x80009d68 (0x00006f17) x30 0x8000fd68
core   0: 0x80009d6c (0x283f2c23) sw      gp, 664(t5)
core   0: 3 0x80009d6c (0x283f2c23) mem 0x80010000 0x00000001
core   0: 0x80009d70 (0xff9ff06f) j       pc - 0x8
core   0: 3 0x80009d70 (0xff9ff06f)
core   0: 0x80009d68 (0x00006f17) auipc   t5, 0x6
core   0: 3 0x80009d68 (0x00006f17) x30 0x8000fd68
core   0: 0x80009d6c (0x283f2c23) sw      gp, 664(t5)
core   0: 3 0x80009d6c (0x283f2c23) mem 0x80010000 0x00000001
core   0: 0x80009d70 (0xff9ff06f) j       pc - 0x8
core   0: 3 0x80009d70 (0xff9ff06f)
core   0: 0x80009d68 (0x00006f17) auipc   t5, 0x6
core   0: 3 0x80009d68 (0x00006f17) x30 0x8000fd68
core   0: 0x80009d6c (0x283f2c23) sw      gp, 664(t5)
core   0: 3 0x80009d6c (0x283f2c23) mem 0x80010000 0x00000001
core   0: 0x80009d70 (0xff9ff06f) j       pc - 0x8
core   0: 3 0x80009d70 (0xff9ff06f)
core   0: 0x80009d68 (0x00006f17) auipc   t5, 0x6
core   0: 3 0x80009d68 (0x00006f17) x30 0x8000fd68
core   0: 0x80009d6c (0x283f2c23) sw      gp, 664(t5)
core   0: 3 0x80009d6c (0x283f2c23) mem 0x80010000 0x00000001
core   0: 0x80009d70 (0xff9ff06f) j       pc - 0x8
core   0: 3 0x80009d70 (0xff9ff06f)
core   0: 0x80009d68 (0x00006f17) auipc   t5, 0x6
core   0: 3 0x80009d68 (0x00006f17) x30 0x8000fd68
core   0: 0x80009d6c (0x283f2c23) sw      gp, 664(t5)
core   0: 3 0x80009d6c (0x283f2c23) mem 0x80010000 0x00000001
core   0: 0x80009d70 (0xff9ff06f) j       pc - 0x8
core   0: 3 0x80009d70 (0xff9ff06f)
core   0: 0x80009d68 (0x00006f17) auipc   t5, 0x6
core   0: 3 0x80009d68 (0x00006f17) x30 0x8000fd68
core   0: 0x80009d6c (0x283f2c23) sw      gp, 664(t5)
core   0: 3 0x80009d6c (0x283f2c23) mem 0x80010000 0x00000001
core   0: 0x80009d70 (0xff9ff06f) j       pc - 0x8
core   0: 3 0x80009d70 (0xff9ff06f)
core   0: 0x80009d68 (0x00006f17) auipc   t5, 0x6
core   0: 3 0x80009d68 (0x00006f17) x30 0x8000fd68
core   0: 0x80009d6c (0x283f2c23) sw      gp, 664(t5)
core   0: 3 0x80009d6c (0x283f2c23) mem 0x80010000 0x00000001
core   0: 0x80009d70 (0xff9ff06f) j       pc - 0x8
core   0: 3 0x80009d70 (0xff9ff06f)
core   0: 0x80009d68 (0x00006f17) auipc   t5, 0x6
core   0: 3 0x80009d68 (0x00006f17) x30 0x8000fd68
core   0: 0x80009d6c (0x283f2c23) sw      gp, 664(t5)
core   0: 3 0x80009d6c (0x283f2c23) mem 0x80010000 0x00000001
core   0: 0x80009d70 (0xff9ff06f) j       pc - 0x8
core   0: 3 0x80009d70 (0xff9ff06f)
core   0: 0x80009d68 (0x00006f17) auipc   t5, 0x6
core   0: 3 0x80009d68 (0x00006f17) x30 0x8000fd68
core   0: 0x80009d6c (0x283f2c23) sw      gp, 664(t5)
core   0: 3 0x80009d6c (0x283f2c23) mem 0x80010000 0x00000001
core   0: 0x80009d70 (0xff9ff06f) j       pc - 0x8
core   0: 3 0x80009d70 (0xff9ff06f)
core   0: 0x80009d68 (0x00006f17) auipc   t5, 0x6
core   0: 3 0x80009d68 (0x00006f17) x30 0x8000fd68
core   0: 0x80009d6c (0x283f2c23) sw      gp, 664(t5)
core   0: 3 0x80009d6c (0x283f2c23) mem 0x80010000 0x00000001
core   0: 0x80009d70 (0xff9ff06f) j       pc - 0x8
core   0: 3 0x80009d70 (0xff9ff06f)
core   0: 0x80009d68 (0x00006f17) auipc   t5, 0x6
core   0: 3 0x80009d68 (0x00006f17) x30 0x8000fd68
core   0: 0x80009d6c (0x283f2c23) sw      gp, 664(t5)
core   0: 3 0x80009d6c (0x283f2c23) mem 0x80010000 0x00000001
core   0: 0x80009d70 (0xff9ff06f) j       pc - 0x8
core   0: 3 0x80009d70 (0xff9ff06f)
core   0: 0x80009d68 (0x00006f17) auipc   t5, 0x6
core   0: 3 0x80009d68 (0x00006f17) x30 0x8000fd68
core   0: 0x80009d6c (0x283f2c23) sw      gp, 664(t5)
core   0: 3 0x80009d6c (0x283f2c23) mem 0x80010000 0x00000001
core   0: 0x80009d70 (0xff9ff06f) j       pc - 0x8
core   0: 3 0x80009d70 (0xff9ff06f)
core   0: 0x80009d68 (0x00006f17) auipc   t5, 0x6
core   0: 3 0x80009d68 (0x00006f17) x30 0x8000fd68
core   0: 0x80009d6c (0x283f2c23) sw      gp, 664(t5)
core   0: 3 0x80009d6c (0x283f2c23) mem 0x80010000 0x00000001
core   0: 0x80009d70 (0xff9ff06f) j       pc - 0x8
core   0: 3 0x80009d70 (0xff9ff06f)
core   0: 0x80009d68 (0x00006f17) auipc   t5, 0x6
core   0: 3 0x80009d68 (0x00006f17) x30 0x8000fd68
core   0: 0x80009d6c (0x283f2c23) sw      gp, 664(t5)
core   0: 3 0x80009d6c (0x283f2c23) mem 0x80010000 0x00000001
core   0: 0x80009d70 (0xff9ff06f) j       pc - 0x8
core   0: 3 0x80009d70 (0xff9ff06f)
core   0: 0x80009d68 (0x00006f17) auipc   t5, 0x6
core   0: 3 0x80009d68 (0x00006f17) x30 0x8000fd68
core   0: 0x80009d6c (0x283f2c23) sw      gp, 664(t5)
core   0: 3 0x80009d6c (0x283f2c23) mem 0x80010000 0x00000001
core   0: 0x80009d70 (0xff9ff06f) j       pc - 0x8
core   0: 3 0x80009d70 (0xff9ff06f)
core   0: 0x80009d68 (0x00006f17) auipc   t5, 0x6
core   0: 3 0x80009d68 (0x00006f17) x30 0x8000fd68
core   0: 0x80009d6c (0x283f2c23) sw      gp, 664(t5)
core   0: 3 0x80009d6c (0x283f2c23) mem 0x80010000 0x00000001
core   0: 0x80009d70 (0xff9ff06f) j       pc - 0x8
core   0: 3 0x80009d70 (0xff9ff06f)
core   0: 0x80009d68 (0x00006f17) auipc   t5, 0x6
core   0: 3 0x80009d68 (0x00006f17) x30 0x8000fd68
core   0: 0x80009d6c (0x283f2c23) sw      gp, 664(t5)
core   0: 3 0x80009d6c (0x283f2c23) mem 0x80010000 0x00000001
core   0: 0x80009d70 (0xff9ff06f) j       pc - 0x8
core   0: 3 0x80009d70 (0xff9ff06f)
core   0: 0x80009d68 (0x00006f17) auipc   t5, 0x6
core   0: 3 0x80009d68 (0x00006f17) x30 0x8000fd68
core   0: 0x80009d6c (0x283f2c23) sw      gp, 664(t5)
core   0: 3 0x80009d6c (0x283f2c23) mem 0x80010000 0x00000001
core   0: 0x80009d70 (0xff9ff06f) j       pc - 0x8
core   0: 3 0x80009d70 (0xff9ff06f)
core   0: 0x80009d68 (0x00006f17) auipc   t5, 0x6
core   0: 3 0x80009d68 (0x00006f17) x30 0x8000fd68
core   0: 0x80009d6c (0x283f2c23) sw      gp, 664(t5)
core   0: 3 0x80009d6c (0x283f2c23) mem 0x80010000 0x00000001
core   0: 0x80009d70 (0xff9ff06f) j       pc - 0x8
core   0: 3 0x80009d70 (0xff9ff06f)
core   0: 0x80009d68 (0x00006f17) auipc   t5, 0x6
core   0: 3 0x80009d68 (0x00006f17) x30 0x8000fd68
core   0: 0x80009d6c (0x283f2c23) sw      gp, 664(t5)
core   0: 3 0x80009d6c (0x283f2c23) mem 0x80010000 0x00000001
core   0: 0x80009d70 (0xff9ff06f) j       pc - 0x8
core   0: 3 0x80009d70 (0xff9ff06f)
core   0: 0x80009d68 (0x00006f17) auipc   t5, 0x6
core   0: 3 0x80009d68 (0x00006f17) x30 0x8000fd68
core   0: 0x80009d6c (0x283f2c23) sw      gp, 664(t5)
core   0: 3 0x80009d6c (0x283f2c23) mem 0x80010000 0x00000001
core   0: 0x80009d70 (0xff9ff06f) j       pc - 0x8
core   0: 3 0x80009d70 (0xff9ff06f)
core   0: 0x80009d68 (0x00006f17) auipc   t5, 0x6
core   0: 3 0x80009d68 (0x00006f17) x30 0x8000fd68
core   0: 0x80009d6c (0x283f2c23) sw      gp, 664(t5)
core   0: 3 0x80009d6c (0x283f2c23) mem 0x80010000 0x00000001
core   0: 0x80009d70 (0xff9ff06f) j       pc - 0x8
core   0: 3 0x80009d70 (0xff9ff06f)
core   0: 0x80009d68 (0x00006f17) auipc   t5, 0x6
core   0: 3 0x80009d68 (0x00006f17) x30 0x8000fd68
core   0: 0x80009d6c (0x283f2c23) sw      gp, 664(t5)
core   0: 3 0x80009d6c (0x283f2c23) mem 0x80010000 0x00000001
core   0: 0x80009d70 (0xff9ff06f) j       pc - 0x8
core   0: 3 0x80009d70 (0xff9ff06f)
core   0: 0x80009d68 (0x00006f17) auipc   t5, 0x6
core   0: 3 0x80009d68 (0x00006f17) x30 0x8000fd68
core   0: 0x80009d6c (0x283f2c23) sw      gp, 664(t5)
core   0: 3 0x80009d6c (0x283f2c23) mem 0x80010000 0x00000001
core   0: 0x80009d70 (0xff9ff06f) j       pc - 0x8
core   0: 3 0x80009d70 (0xff9ff06f)
core   0: 0x80009d68 (0x00006f17) auipc   t5, 0x6
core   0: 3 0x80009d68 (0x00006f17) x30 0x8000fd68
core   0: 0x80009d6c (0x283f2c23) sw      gp, 664(t5)
core   0: 3 0x80009d6c (0x283f2c23) mem 0x80010000 0x00000001
core   0: 0x80009d70 (0xff9ff06f) j       pc - 0x8
core   0: 3 0x80009d70 (0xff9ff06f)
core   0: 0x80009d68 (0x00006f17) auipc   t5, 0x6
core   0: 3 0x80009d68 (0x00006f17) x30 0x8000fd68
core   0: 0x80009d6c (0x283f2c23) sw      gp, 664(t5)
core   0: 3 0x80009d6c (0x283f2c23) mem 0x80010000 0x00000001
core   0: 0x80009d70 (0xff9ff06f) j       pc - 0x8
core   0: 3 0x80009d70 (0xff9ff06f)
core   0: 0x80009d68 (0x00006f17) auipc   t5, 0x6
core   0: 3 0x80009d68 (0x00006f17) x30 0x8000fd68
core   0: 0x80009d6c (0x283f2c23) sw      gp, 664(t5)
core   0: 3 0x80009d6c (0x283f2c23) mem 0x80010000 0x00000001
core   0: 0x80009d70 (0xff9ff06f) j       pc - 0x8
core   0: 3 0x80009d70 (0xff9ff06f)
core   0: 0x80009d68 (0x00006f17) auipc   t5, 0x6
core   0: 3 0x80009d68 (0x00006f17) x30 0x8000fd68
core   0: 0x80009d6c (0x283f2c23) sw      gp, 664(t5)
core   0: 3 0x80009d6c (0x283f2c23) mem 0x80010000 0x00000001
core   0: 0x80009d70 (0xff9ff06f) j       pc - 0x8
core   0: 3 0x80009d70 (0xff9ff06f)
core   0: 0x80009d68 (0x00006f17) auipc   t5, 0x6
core   0: 3 0x80009d68 (0x00006f17) x30 0x8000fd68
core   0: 0x80009d6c (0x283f2c23) sw      gp, 664(t5)
core   0: 3 0x80009d6c (0x283f2c23) mem 0x80010000 0x00000001
core   0: 0x80009d70 (0xff9ff06f) j       pc - 0x8
core   0: 3 0x80009d70 (0xff9ff06f)
core   0: 0x80009d68 (0x00006f17) auipc   t5, 0x6
core   0: 3 0x80009d68 (0x00006f17) x30 0x8000fd68
core   0: 0x80009d6c (0x283f2c23) sw      gp, 664(t5)
core   0: 3 0x80009d6c (0x283f2c23) mem 0x80010000 0x00000001
core   0: 0x80009d70 (0xff9ff06f) j       pc - 0x8
core   0: 3 0x80009d70 (0xff9ff06f)
core   0: 0x80009d68 (0x00006f17) auipc   t5, 0x6
core   0: 3 0x80009d68 (0x00006f17) x30 0x8000fd68
core   0: 0x80009d6c (0x283f2c23) sw      gp, 664(t5)
core   0: 3 0x80009d6c (0x283f2c23) mem 0x80010000 0x00000001
core   0: 0x80009d70 (0xff9ff06f) j       pc - 0x8
core   0: 3 0x80009d70 (0xff9ff06f)
core   0: 0x80009d68 (0x00006f17) auipc   t5, 0x6
core   0: 3 0x80009d68 (0x00006f17) x30 0x8000fd68
core   0: 0x80009d6c (0x283f2c23) sw      gp, 664(t5)
core   0: 3 0x80009d6c (0x283f2c23) mem 0x80010000 0x00000001
core   0: 0x80009d70 (0xff9ff06f) j       pc - 0x8
core   0: 3 0x80009d70 (0xff9ff06f)
core   0: 0x80009d68 (0x00006f17) auipc   t5, 0x6
core   0: 3 0x80009d68 (0x00006f17) x30 0x8000fd68
core   0: 0x80009d6c (0x283f2c23) sw      gp, 664(t5)
core   0: 3 0x80009d6c (0x283f2c23) mem 0x80010000 0x00000001
core   0: 0x80009d70 (0xff9ff06f) j       pc - 0x8
core   0: 3 0x80009d70 (0xff9ff06f)
core   0: 0x80009d68 (0x00006f17) auipc   t5, 0x6
core   0: 3 0x80009d68 (0x00006f17) x30 0x8000fd68
core   0: 0x80009d6c (0x283f2c23) sw      gp, 664(t5)
core   0: 3 0x80009d6c (0x283f2c23) mem 0x80010000 0x00000001
core   0: 0x80009d70 (0xff9ff06f) j       pc - 0x8
core   0: 3 0x80009d70 (0xff9ff06f)
core   0: 0x80009d68 (0x00006f17) auipc   t5, 0x6
core   0: 3 0x80009d68 (0x00006f17) x30 0x8000fd68
core   0: 0x80009d6c (0x283f2c23) sw      gp, 664(t5)
core   0: 3 0x80009d6c (0x283f2c23) mem 0x80010000 0x00000001
core   0: 0x80009d70 (0xff9ff06f) j       pc - 0x8
core   0: 3 0x80009d70 (0xff9ff06f)
core   0: 0x80009d68 (0x00006f17) auipc   t5, 0x6
core   0: 3 0x80009d68 (0x00006f17) x30 0x8000fd68
core   0: 0x80009d6c (0x283f2c23) sw      gp, 664(t5)
core   0: 3 0x80009d6c (0x283f2c23) mem 0x80010000 0x00000001
core   0: 0x80009d70 (0xff9ff06f) j       pc - 0x8
core   0: 3 0x80009d70 (0xff9ff06f)
core   0: 0x80009d68 (0x00006f17) auipc   t5, 0x6
core   0: 3 0x80009d68 (0x00006f17) x30 0x8000fd68
core   0: 0x80009d6c (0x283f2c23) sw      gp, 664(t5)
core   0: 3 0x80009d6c (0x283f2c23) mem 0x80010000 0x00000001
core   0: 0x80009d70 (0xff9ff06f) j       pc - 0x8
core   0: 3 0x80009d70 (0xff9ff06f)
core   0: 0x80009d68 (0x00006f17) auipc   t5, 0x6
core   0: 3 0x80009d68 (0x00006f17) x30 0x8000fd68
core   0: 0x80009d6c (0x283f2c23) sw      gp, 664(t5)
core   0: 3 0x80009d6c (0x283f2c23) mem 0x80010000 0x00000001
core   0: 0x80009d70 (0xff9ff06f) j       pc - 0x8
core   0: 3 0x80009d70 (0xff9ff06f)
core   0: 0x80009d68 (0x00006f17) auipc   t5, 0x6
core   0: 3 0x80009d68 (0x00006f17) x30 0x8000fd68
core   0: 0x80009d6c (0x283f2c23) sw      gp, 664(t5)
core   0: 3 0x80009d6c (0x283f2c23) mem 0x80010000 0x00000001
core   0: 0x80009d70 (0xff9ff06f) j       pc - 0x8
core   0: 3 0x80009d70 (0xff9ff06f)
core   0: 0x80009d68 (0x00006f17) auipc   t5, 0x6
core   0: 3 0x80009d68 (0x00006f17) x30 0x8000fd68
core   0: 0x80009d6c (0x283f2c23) sw      gp, 664(t5)
core   0: 3 0x80009d6c (0x283f2c23) mem 0x80010000 0x00000001
core   0: 0x80009d70 (0xff9ff06f) j       pc - 0x8
core   0: 3 0x80009d70 (0xff9ff06f)
core   0: 0x80009d68 (0x00006f17) auipc   t5, 0x6
core   0: 3 0x80009d68 (0x00006f17) x30 0x8000fd68
core   0: 0x80009d6c (0x283f2c23) sw      gp, 664(t5)
core   0: 3 0x80009d6c (0x283f2c23) mem 0x80010000 0x00000001
core   0: 0x80009d70 (0xff9ff06f) j       pc - 0x8
core   0: 3 0x80009d70 (0xff9ff06f)
core   0: 0x80009d68 (0x00006f17) auipc   t5, 0x6
core   0: 3 0x80009d68 (0x00006f17) x30 0x8000fd68
core   0: 0x80009d6c (0x283f2c23) sw      gp, 664(t5)
core   0: 3 0x80009d6c (0x283f2c23) mem 0x80010000 0x00000001
core   0: 0x80009d70 (0xff9ff06f) j       pc - 0x8
core   0: 3 0x80009d70 (0xff9ff06f)
core   0: 0x80009d68 (0x00006f17) auipc   t5, 0x6
core   0: 3 0x80009d68 (0x00006f17) x30 0x8000fd68
core   0: 0x80009d6c (0x283f2c23) sw      gp, 664(t5)
core   0: 3 0x80009d6c (0x283f2c23) mem 0x80010000 0x00000001
core   0: 0x80009d70 (0xff9ff06f) j       pc - 0x8
core   0: 3 0x80009d70 (0xff9ff06f)
core   0: 0x80009d68 (0x00006f17) auipc   t5, 0x6
core   0: 3 0x80009d68 (0x00006f17) x30 0x8000fd68
core   0: 0x80009d6c (0x283f2c23) sw      gp, 664(t5)
core   0: 3 0x80009d6c (0x283f2c23) mem 0x80010000 0x00000001
core   0: 0x80009d70 (0xff9ff06f) j       pc - 0x8
core   0: 3 0x80009d70 (0xff9ff06f)
core   0: 0x80009d68 (0x00006f17) auipc   t5, 0x6
core   0: 3 0x80009d68 (0x00006f17) x30 0x8000fd68
core   0: 0x80009d6c (0x283f2c23) sw      gp, 664(t5)
core   0: 3 0x80009d6c (0x283f2c23) mem 0x80010000 0x00000001
core   0: 0x80009d70 (0xff9ff06f) j       pc - 0x8
core   0: 3 0x80009d70 (0xff9ff06f)
core   0: 0x80009d68 (0x00006f17) auipc   t5, 0x6
core   0: 3 0x80009d68 (0x00006f17) x30 0x8000fd68
core   0: 0x80009d6c (0x283f2c23) sw      gp, 664(t5)
core   0: 3 0x80009d6c (0x283f2c23) mem 0x80010000 0x00000001
core   0: 0x80009d70 (0xff9ff06f) j       pc - 0x8
core   0: 3 0x80009d70 (0xff9ff06f)
core   0: 0x80009d68 (0x00006f17) auipc   t5, 0x6
core   0: 3 0x80009d68 (0x00006f17) x30 0x8000fd68
core   0: 0x80009d6c (0x283f2c23) sw      gp, 664(t5)
core   0: 3 0x80009d6c (0x283f2c23) mem 0x80010000 0x00000001
core   0: 0x80009d70 (0xff9ff06f) j       pc - 0x8
core   0: 3 0x80009d70 (0xff9ff06f)
core   0: 0x80009d68 (0x00006f17) auipc   t5, 0x6
core   0: 3 0x80009d68 (0x00006f17) x30 0x8000fd68
core   0: 0x80009d6c (0x283f2c23) sw      gp, 664(t5)
core   0: 3 0x80009d6c (0x283f2c23) mem 0x80010000 0x00000001
core   0: 0x80009d70 (0xff9ff06f) j       pc - 0x8
core   0: 3 0x80009d70 (0xff9ff06f)
core   0: 0x80009d68 (0x00006f17) auipc   t5, 0x6
core   0: 3 0x80009d68 (0x00006f17) x30 0x8000fd68
core   0: 0x80009d6c (0x283f2c23) sw      gp, 664(t5)
core   0: 3 0x80009d6c (0x283f2c23) mem 0x80010000 0x00000001
core   0: 0x80009d70 (0xff9ff06f) j       pc - 0x8
core   0: 3 0x80009d70 (0xff9ff06f)
core   0: 0x80009d68 (0x00006f17) auipc   t5, 0x6
core   0: 3 0x80009d68 (0x00006f17) x30 0x8000fd68
core   0: 0x80009d6c (0x283f2c23) sw      gp, 664(t5)
core   0: 3 0x80009d6c (0x283f2c23) mem 0x80010000 0x00000001
core   0: 0x80009d70 (0xff9ff06f) j       pc - 0x8
core   0: 3 0x80009d70 (0xff9ff06f)
core   0: 0x80009d68 (0x00006f17) auipc   t5, 0x6
core   0: 3 0x80009d68 (0x00006f17) x30 0x8000fd68
core   0: 0x80009d6c (0x283f2c23) sw      gp, 664(t5)
core   0: 3 0x80009d6c (0x283f2c23) mem 0x80010000 0x00000001
core   0: 0x80009d70 (0xff9ff06f) j       pc - 0x8
core   0: 3 0x80009d70 (0xff9ff06f)
core   0: 0x80009d68 (0x00006f17) auipc   t5, 0x6
core   0: 3 0x80009d68 (0x00006f17) x30 0x8000fd68
core   0: 0x80009d6c (0x283f2c23) sw      gp, 664(t5)
core   0: 3 0x80009d6c (0x283f2c23) mem 0x80010000 0x00000001
core   0: 0x80009d70 (0xff9ff06f) j       pc - 0x8
core   0: 3 0x80009d70 (0xff9ff06f)
core   0: 0x80009d68 (0x00006f17) auipc   t5, 0x6
core   0: 3 0x80009d68 (0x00006f17) x30 0x8000fd68
core   0: 0x80009d6c (0x283f2c23) sw      gp, 664(t5)
core   0: 3 0x80009d6c (0x283f2c23) mem 0x80010000 0x00000001
core   0: 0x80009d70 (0xff9ff06f) j       pc - 0x8
core   0: 3 0x80009d70 (0xff9ff06f)
core   0: 0x80009d68 (0x00006f17) auipc   t5, 0x6
core   0: 3 0x80009d68 (0x00006f17) x30 0x8000fd68
core   0: 0x80009d6c (0x283f2c23) sw      gp, 664(t5)
core   0: 3 0x80009d6c (0x283f2c23) mem 0x80010000 0x00000001
core   0: 0x80009d70 (0xff9ff06f) j       pc - 0x8
core   0: 3 0x80009d70 (0xff9ff06f)
core   0: 0x80009d68 (0x00006f17) auipc   t5, 0x6
core   0: 3 0x80009d68 (0x00006f17) x30 0x8000fd68
core   0: 0x80009d6c (0x283f2c23) sw      gp, 664(t5)
core   0: 3 0x80009d6c (0x283f2c23) mem 0x80010000 0x00000001
core   0: 0x80009d70 (0xff9ff06f) j       pc - 0x8
core   0: 3 0x80009d70 (0xff9ff06f)
core   0: 0x80009d68 (0x00006f17) auipc   t5, 0x6
core   0: 3 0x80009d68 (0x00006f17) x30 0x8000fd68
core   0: 0x80009d6c (0x283f2c23) sw      gp, 664(t5)
core   0: 3 0x80009d6c (0x283f2c23) mem 0x80010000 0x00000001
core   0: 0x80009d70 (0xff9ff06f) j       pc - 0x8
core   0: 3 0x80009d70 (0xff9ff06f)
core   0: 0x80009d68 (0x00006f17) auipc   t5, 0x6
core   0: 3 0x80009d68 (0x00006f17) x30 0x8000fd68
core   0: 0x80009d6c (0x283f2c23) sw      gp, 664(t5)
core   0: 3 0x80009d6c (0x283f2c23) mem 0x80010000 0x00000001
core   0: 0x80009d70 (0xff9ff06f) j       pc - 0x8
core   0: 3 0x80009d70 (0xff9ff06f)
core   0: 0x80009d68 (0x00006f17) auipc   t5, 0x6
core   0: 3 0x80009d68 (0x00006f17) x30 0x8000fd68
core   0: 0x80009d6c (0x283f2c23) sw      gp, 664(t5)
core   0: 3 0x80009d6c (0x283f2c23) mem 0x80010000 0x00000001
core   0: 0x80009d70 (0xff9ff06f) j       pc - 0x8
core   0: 3 0x80009d70 (0xff9ff06f)
core   0: 0x80009d68 (0x00006f17) auipc   t5, 0x6
core   0: 3 0x80009d68 (0x00006f17) x30 0x8000fd68
core   0: 0x80009d6c (0x283f2c23) sw      gp, 664(t5)
core   0: 3 0x80009d6c (0x283f2c23) mem 0x80010000 0x00000001
core   0: 0x80009d70 (0xff9ff06f) j       pc - 0x8
core   0: 3 0x80009d70 (0xff9ff06f)
core   0: 0x80009d68 (0x00006f17) auipc   t5, 0x6
core   0: 3 0x80009d68 (0x00006f17) x30 0x8000fd68
core   0: 0x80009d6c (0x283f2c23) sw      gp, 664(t5)
core   0: 3 0x80009d6c (0x283f2c23) mem 0x80010000 0x00000001
core   0: 0x80009d70 (0xff9ff06f) j       pc - 0x8
core   0: 3 0x80009d70 (0xff9ff06f)
core   0: 0x80009d68 (0x00006f17) auipc   t5, 0x6
core   0: 3 0x80009d68 (0x00006f17) x30 0x8000fd68
core   0: 0x80009d6c (0x283f2c23) sw      gp, 664(t5)
core   0: 3 0x80009d6c (0x283f2c23) mem 0x80010000 0x00000001
core   0: 0x80009d70 (0xff9ff06f) j       pc - 0x8
core   0: 3 0x80009d70 (0xff9ff06f)
core   0: 0x80009d68 (0x00006f17) auipc   t5, 0x6
core   0: 3 0x80009d68 (0x00006f17) x30 0x8000fd68
core   0: 0x80009d6c (0x283f2c23) sw      gp, 664(t5)
core   0: 3 0x80009d6c (0x283f2c23) mem 0x80010000 0x00000001
core   0: 0x80009d70 (0xff9ff06f) j       pc - 0x8
core   0: 3 0x80009d70 (0xff9ff06f)
core   0: 0x80009d68 (0x00006f17) auipc   t5, 0x6
core   0: 3 0x80009d68 (0x00006f17) x30 0x8000fd68
core   0: 0x80009d6c (0x283f2c23) sw      gp, 664(t5)
core   0: 3 0x80009d6c (0x283f2c23) mem 0x80010000 0x00000001
core   0: 0x80009d70 (0xff9ff06f) j       pc - 0x8
core   0: 3 0x80009d70 (0xff9ff06f)
core   0: 0x80009d68 (0x00006f17) auipc   t5, 0x6
core   0: 3 0x80009d68 (0x00006f17) x30 0x8000fd68
core   0: 0x80009d6c (0x283f2c23) sw      gp, 664(t5)
core   0: 3 0x80009d6c (0x283f2c23) mem 0x80010000 0x00000001
core   0: 0x80009d70 (0xff9ff06f) j       pc - 0x8
core   0: 3 0x80009d70 (0xff9ff06f)
core   0: 0x80009d68 (0x00006f17) auipc   t5, 0x6
core   0: 3 0x80009d68 (0x00006f17) x30 0x8000fd68
core   0: 0x80009d6c (0x283f2c23) sw      gp, 664(t5)
core   0: 3 0x80009d6c (0x283f2c23) mem 0x80010000 0x00000001
core   0: 0x80009d70 (0xff9ff06f) j       pc - 0x8
core   0: 3 0x80009d70 (0xff9ff06f)
core   0: 0x80009d68 (0x00006f17) auipc   t5, 0x6
core   0: 3 0x80009d68 (0x00006f17) x30 0x8000fd68
core   0: 0x80009d6c (0x283f2c23) sw      gp, 664(t5)
core   0: 3 0x80009d6c (0x283f2c23) mem 0x80010000 0x00000001
core   0: 0x80009d70 (0xff9ff06f) j       pc - 0x8
core   0: 3 0x80009d70 (0xff9ff06f)
core   0: 0x80009d68 (0x00006f17) auipc   t5, 0x6
core   0: 3 0x80009d68 (0x00006f17) x30 0x8000fd68
core   0: 0x80009d6c (0x283f2c23) sw      gp, 664(t5)
core   0: 3 0x80009d6c (0x283f2c23) mem 0x80010000 0x00000001
core   0: 0x80009d70 (0xff9ff06f) j       pc - 0x8
core   0: 3 0x80009d70 (0xff9ff06f)
core   0: 0x80009d68 (0x00006f17) auipc   t5, 0x6
core   0: 3 0x80009d68 (0x00006f17) x30 0x8000fd68
core   0: 0x80009d6c (0x283f2c23) sw      gp, 664(t5)
core   0: 3 0x80009d6c (0x283f2c23) mem 0x80010000 0x00000001
core   0: 0x80009d70 (0xff9ff06f) j       pc - 0x8
core   0: 3 0x80009d70 (0xff9ff06f)
core   0: 0x80009d68 (0x00006f17) auipc   t5, 0x6
core   0: 3 0x80009d68 (0x00006f17) x30 0x8000fd68
core   0: 0x80009d6c (0x283f2c23) sw      gp, 664(t5)
core   0: 3 0x80009d6c (0x283f2c23) mem 0x80010000 0x00000001
core   0: 0x80009d70 (0xff9ff06f) j       pc - 0x8
core   0: 3 0x80009d70 (0xff9ff06f)
core   0: 0x80009d68 (0x00006f17) auipc   t5, 0x6
core   0: 3 0x80009d68 (0x00006f17) x30 0x8000fd68
core   0: 0x80009d6c (0x283f2c23) sw      gp, 664(t5)
core   0: 3 0x80009d6c (0x283f2c23) mem 0x80010000 0x00000001
core   0: 0x80009d70 (0xff9ff06f) j       pc - 0x8
core   0: 3 0x80009d70 (0xff9ff06f)
core   0: 0x80009d68 (0x00006f17) auipc   t5, 0x6
core   0: 3 0x80009d68 (0x00006f17) x30 0x8000fd68
core   0: 0x80009d6c (0x283f2c23) sw      gp, 664(t5)
core   0: 3 0x80009d6c (0x283f2c23) mem 0x80010000 0x00000001
core   0: 0x80009d70 (0xff9ff06f) j       pc - 0x8
core   0: 3 0x80009d70 (0xff9ff06f)
core   0: 0x80009d68 (0x00006f17) auipc   t5, 0x6
core   0: 3 0x80009d68 (0x00006f17) x30 0x8000fd68
core   0: 0x80009d6c (0x283f2c23) sw      gp, 664(t5)
core   0: 3 0x80009d6c (0x283f2c23) mem 0x80010000 0x00000001
core   0: 0x80009d70 (0xff9ff06f) j       pc - 0x8
core   0: 3 0x80009d70 (0xff9ff06f)
core   0: 0x80009d68 (0x00006f17) auipc   t5, 0x6
core   0: 3 0x80009d68 (0x00006f17) x30 0x8000fd68
core   0: 0x80009d6c (0x283f2c23) sw      gp, 664(t5)
core   0: 3 0x80009d6c (0x283f2c23) mem 0x80010000 0x00000001
core   0: 0x80009d70 (0xff9ff06f) j       pc - 0x8
core   0: 3 0x80009d70 (0xff9ff06f)
core   0: 0x80009d68 (0x00006f17) auipc   t5, 0x6
core   0: 3 0x80009d68 (0x00006f17) x30 0x8000fd68
core   0: 0x80009d6c (0x283f2c23) sw      gp, 664(t5)
core   0: 3 0x80009d6c (0x283f2c23) mem 0x80010000 0x00000001
core   0: 0x80009d70 (0xff9ff06f) j       pc - 0x8
core   0: 3 0x80009d70 (0xff9ff06f)
core   0: 0x80009d68 (0x00006f17) auipc   t5, 0x6
core   0: 3 0x80009d68 (0x00006f17) x30 0x8000fd68
core   0: 0x80009d6c (0x283f2c23) sw      gp, 664(t5)
core   0: 3 0x80009d6c (0x283f2c23) mem 0x80010000 0x00000001
core   0: 0x80009d70 (0xff9ff06f) j       pc - 0x8
core   0: 3 0x80009d70 (0xff9ff06f)
core   0: 0x80009d68 (0x00006f17) auipc   t5, 0x6
core   0: 3 0x80009d68 (0x00006f17) x30 0x8000fd68
core   0: 0x80009d6c (0x283f2c23) sw      gp, 664(t5)
core   0: 3 0x80009d6c (0x283f2c23) mem 0x80010000 0x00000001
core   0: 0x80009d70 (0xff9ff06f) j       pc - 0x8
core   0: 3 0x80009d70 (0xff9ff06f)
core   0: 0x80009d68 (0x00006f17) auipc   t5, 0x6
core   0: 3 0x80009d68 (0x00006f17) x30 0x8000fd68
core   0: 0x80009d6c (0x283f2c23) sw      gp, 664(t5)
core   0: 3 0x80009d6c (0x283f2c23) mem 0x80010000 0x00000001
core   0: 0x80009d70 (0xff9ff06f) j       pc - 0x8
core   0: 3 0x80009d70 (0xff9ff06f)
core   0: 0x80009d68 (0x00006f17) auipc   t5, 0x6
core   0: 3 0x80009d68 (0x00006f17) x30 0x8000fd68
core   0: 0x80009d6c (0x283f2c23) sw      gp, 664(t5)
core   0: 3 0x80009d6c (0x283f2c23) mem 0x80010000 0x00000001
core   0: 0x80009d70 (0xff9ff06f) j       pc - 0x8
core   0: 3 0x80009d70 (0xff9ff06f)
core   0: 0x80009d68 (0x00006f17) auipc   t5, 0x6
core   0: 3 0x80009d68 (0x00006f17) x30 0x8000fd68
core   0: 0x80009d6c (0x283f2c23) sw      gp, 664(t5)
core   0: 3 0x80009d6c (0x283f2c23) mem 0x80010000 0x00000001
core   0: 0x80009d70 (0xff9ff06f) j       pc - 0x8
core   0: 3 0x80009d70 (0xff9ff06f)
core   0: 0x80009d68 (0x00006f17) auipc   t5, 0x6
core   0: 3 0x80009d68 (0x00006f17) x30 0x8000fd68
core   0: 0x80009d6c (0x283f2c23) sw      gp, 664(t5)
core   0: 3 0x80009d6c (0x283f2c23) mem 0x80010000 0x00000001
core   0: 0x80009d70 (0xff9ff06f) j       pc - 0x8
core   0: 3 0x80009d70 (0xff9ff06f)
core   0: 0x80009d68 (0x00006f17) auipc   t5, 0x6
core   0: 3 0x80009d68 (0x00006f17) x30 0x8000fd68
core   0: 0x80009d6c (0x283f2c23) sw      gp, 664(t5)
core   0: 3 0x80009d6c (0x283f2c23) mem 0x80010000 0x00000001
core   0: 0x80009d70 (0xff9ff06f) j       pc - 0x8
core   0: 3 0x80009d70 (0xff9ff06f)
core   0: 0x80009d68 (0x00006f17) auipc   t5, 0x6
core   0: 3 0x80009d68 (0x00006f17) x30 0x8000fd68
core   0: 0x80009d6c (0x283f2c23) sw      gp, 664(t5)
core   0: 3 0x80009d6c (0x283f2c23) mem 0x80010000 0x00000001
core   0: 0x80009d70 (0xff9ff06f) j       pc - 0x8
core   0: 3 0x80009d70 (0xff9ff06f)
core   0: 0x80009d68 (0x00006f17) auipc   t5, 0x6
core   0: 3 0x80009d68 (0x00006f17) x30 0x8000fd68
core   0: 0x80009d6c (0x283f2c23) sw      gp, 664(t5)
core   0: 3 0x80009d6c (0x283f2c23) mem 0x80010000 0x00000001
core   0: 0x80009d70 (0xff9ff06f) j       pc - 0x8
core   0: 3 0x80009d70 (0xff9ff06f)
core   0: 0x80009d68 (0x00006f17) auipc   t5, 0x6
core   0: 3 0x80009d68 (0x00006f17) x30 0x8000fd68
core   0: 0x80009d6c (0x283f2c23) sw      gp, 664(t5)
core   0: 3 0x80009d6c (0x283f2c23) mem 0x80010000 0x00000001
core   0: 0x80009d70 (0xff9ff06f) j       pc - 0x8
core   0: 3 0x80009d70 (0xff9ff06f)
core   0: 0x80009d68 (0x00006f17) auipc   t5, 0x6
core   0: 3 0x80009d68 (0x00006f17) x30 0x8000fd68
core   0: 0x80009d6c (0x283f2c23) sw      gp, 664(t5)
core   0: 3 0x80009d6c (0x283f2c23) mem 0x80010000 0x00000001
core   0: 0x80009d70 (0xff9ff06f) j       pc - 0x8
core   0: 3 0x80009d70 (0xff9ff06f)
core   0: 0x80009d68 (0x00006f17) auipc   t5, 0x6
core   0: 3 0x80009d68 (0x00006f17) x30 0x8000fd68
core   0: 0x80009d6c (0x283f2c23) sw      gp, 664(t5)
core   0: 3 0x80009d6c (0x283f2c23) mem 0x80010000 0x00000001
core   0: 0x80009d70 (0xff9ff06f) j       pc - 0x8
core   0: 3 0x80009d70 (0xff9ff06f)
core   0: 0x80009d68 (0x00006f17) auipc   t5, 0x6
core   0: 3 0x80009d68 (0x00006f17) x30 0x8000fd68
core   0: 0x80009d6c (0x283f2c23) sw      gp, 664(t5)
core   0: 3 0x80009d6c (0x283f2c23) mem 0x80010000 0x00000001
core   0: 0x80009d70 (0xff9ff06f) j       pc - 0x8
core   0: 3 0x80009d70 (0xff9ff06f)
core   0: 0x80009d68 (0x00006f17) auipc   t5, 0x6
core   0: 3 0x80009d68 (0x00006f17) x30 0x8000fd68
core   0: 0x80009d6c (0x283f2c23) sw      gp, 664(t5)
core   0: 3 0x80009d6c (0x283f2c23) mem 0x80010000 0x00000001
core   0: 0x80009d70 (0xff9ff06f) j       pc - 0x8
core   0: 3 0x80009d70 (0xff9ff06f)
core   0: 0x80009d68 (0x00006f17) auipc   t5, 0x6
core   0: 3 0x80009d68 (0x00006f17) x30 0x8000fd68
core   0: 0x80009d6c (0x283f2c23) sw      gp, 664(t5)
core   0: 3 0x80009d6c (0x283f2c23) mem 0x80010000 0x00000001
core   0: 0x80009d70 (0xff9ff06f) j       pc - 0x8
core   0: 3 0x80009d70 (0xff9ff06f)
core   0: 0x80009d68 (0x00006f17) auipc   t5, 0x6
core   0: 3 0x80009d68 (0x00006f17) x30 0x8000fd68
core   0: 0x80009d6c (0x283f2c23) sw      gp, 664(t5)
core   0: 3 0x80009d6c (0x283f2c23) mem 0x80010000 0x00000001
core   0: 0x80009d70 (0xff9ff06f) j       pc - 0x8
core   0: 3 0x80009d70 (0xff9ff06f)
core   0: 0x80009d68 (0x00006f17) auipc   t5, 0x6
core   0: 3 0x80009d68 (0x00006f17) x30 0x8000fd68
core   0: 0x80009d6c (0x283f2c23) sw      gp, 664(t5)
core   0: 3 0x80009d6c (0x283f2c23) mem 0x80010000 0x00000001
core   0: 0x80009d70 (0xff9ff06f) j       pc - 0x8
core   0: 3 0x80009d70 (0xff9ff06f)
core   0: 0x80009d68 (0x00006f17) auipc   t5, 0x6
core   0: 3 0x80009d68 (0x00006f17) x30 0x8000fd68
core   0: 0x80009d6c (0x283f2c23) sw      gp, 664(t5)
core   0: 3 0x80009d6c (0x283f2c23) mem 0x80010000 0x00000001
core   0: 0x80009d70 (0xff9ff06f) j       pc - 0x8
core   0: 3 0x80009d70 (0xff9ff06f)
core   0: 0x80009d68 (0x00006f17) auipc   t5, 0x6
core   0: 3 0x80009d68 (0x00006f17) x30 0x8000fd68
core   0: 0x80009d6c (0x283f2c23) sw      gp, 664(t5)
core   0: 3 0x80009d6c (0x283f2c23) mem 0x80010000 0x00000001
core   0: 0x80009d70 (0xff9ff06f) j       pc - 0x8
core   0: 3 0x80009d70 (0xff9ff06f)
core   0: 0x80009d68 (0x00006f17) auipc   t5, 0x6
core   0: 3 0x80009d68 (0x00006f17) x30 0x8000fd68
core   0: 0x80009d6c (0x283f2c23) sw      gp, 664(t5)
core   0: 3 0x80009d6c (0x283f2c23) mem 0x80010000 0x00000001
core   0: 0x80009d70 (0xff9ff06f) j       pc - 0x8
core   0: 3 0x80009d70 (0xff9ff06f)
core   0: 0x80009d68 (0x00006f17) auipc   t5, 0x6
core   0: 3 0x80009d68 (0x00006f17) x30 0x8000fd68
core   0: 0x80009d6c (0x283f2c23) sw      gp, 664(t5)
core   0: 3 0x80009d6c (0x283f2c23) mem 0x80010000 0x00000001
core   0: 0x80009d70 (0xff9ff06f) j       pc - 0x8
core   0: 3 0x80009d70 (0xff9ff06f)
core   0: 0x80009d68 (0x00006f17) auipc   t5, 0x6
core   0: 3 0x80009d68 (0x00006f17) x30 0x8000fd68
core   0: 0x80009d6c (0x283f2c23) sw      gp, 664(t5)
core   0: 3 0x80009d6c (0x283f2c23) mem 0x80010000 0x00000001
core   0: 0x80009d70 (0xff9ff06f) j       pc - 0x8
core   0: 3 0x80009d70 (0xff9ff06f)
core   0: 0x80009d68 (0x00006f17) auipc   t5, 0x6
core   0: 3 0x80009d68 (0x00006f17) x30 0x8000fd68
core   0: 0x80009d6c (0x283f2c23) sw      gp, 664(t5)
core   0: 3 0x80009d6c (0x283f2c23) mem 0x80010000 0x00000001
core   0: 0x80009d70 (0xff9ff06f) j       pc - 0x8
core   0: 3 0x80009d70 (0xff9ff06f)
core   0: 0x80009d68 (0x00006f17) auipc   t5, 0x6
core   0: 3 0x80009d68 (0x00006f17) x30 0x8000fd68
core   0: 0x80009d6c (0x283f2c23) sw      gp, 664(t5)
core   0: 3 0x80009d6c (0x283f2c23) mem 0x80010000 0x00000001
core   0: 0x80009d70 (0xff9ff06f) j       pc - 0x8
core   0: 3 0x80009d70 (0xff9ff06f)
core   0: 0x80009d68 (0x00006f17) auipc   t5, 0x6
core   0: 3 0x80009d68 (0x00006f17) x30 0x8000fd68
core   0: 0x80009d6c (0x283f2c23) sw      gp, 664(t5)
core   0: 3 0x80009d6c (0x283f2c23) mem 0x80010000 0x00000001
core   0: 0x80009d70 (0xff9ff06f) j       pc - 0x8
core   0: 3 0x80009d70 (0xff9ff06f)
core   0: 0x80009d68 (0x00006f17) auipc   t5, 0x6
core   0: 3 0x80009d68 (0x00006f17) x30 0x8000fd68
core   0: 0x80009d6c (0x283f2c23) sw      gp, 664(t5)
core   0: 3 0x80009d6c (0x283f2c23) mem 0x80010000 0x00000001
core   0: 0x80009d70 (0xff9ff06f) j       pc - 0x8
core   0: 3 0x80009d70 (0xff9ff06f)
core   0: 0x80009d68 (0x00006f17) auipc   t5, 0x6
core   0: 3 0x80009d68 (0x00006f17) x30 0x8000fd68
core   0: 0x80009d6c (0x283f2c23) sw      gp, 664(t5)
core   0: 3 0x80009d6c (0x283f2c23) mem 0x80010000 0x00000001
core   0: 0x80009d70 (0xff9ff06f) j       pc - 0x8
core   0: 3 0x80009d70 (0xff9ff06f)
core   0: 0x80009d68 (0x00006f17) auipc   t5, 0x6
core   0: 3 0x80009d68 (0x00006f17) x30 0x8000fd68
core   0: 0x80009d6c (0x283f2c23) sw      gp, 664(t5)
core   0: 3 0x80009d6c (0x283f2c23) mem 0x80010000 0x00000001
core   0: 0x80009d70 (0xff9ff06f) j       pc - 0x8
core   0: 3 0x80009d70 (0xff9ff06f)
core   0: 0x80009d68 (0x00006f17) auipc   t5, 0x6
core   0: 3 0x80009d68 (0x00006f17) x30 0x8000fd68
core   0: 0x80009d6c (0x283f2c23) sw      gp, 664(t5)
core   0: 3 0x80009d6c (0x283f2c23) mem 0x80010000 0x00000001
core   0: 0x80009d70 (0xff9ff06f) j       pc - 0x8
core   0: 3 0x80009d70 (0xff9ff06f)
core   0: 0x80009d68 (0x00006f17) auipc   t5, 0x6
core   0: 3 0x80009d68 (0x00006f17) x30 0x8000fd68
core   0: 0x80009d6c (0x283f2c23) sw      gp, 664(t5)
core   0: 3 0x80009d6c (0x283f2c23) mem 0x80010000 0x00000001
core   0: 0x80009d70 (0xff9ff06f) j       pc - 0x8
core   0: 3 0x80009d70 (0xff9ff06f)
core   0: 0x80009d68 (0x00006f17) auipc   t5, 0x6
core   0: 3 0x80009d68 (0x00006f17) x30 0x8000fd68
core   0: 0x80009d6c (0x283f2c23) sw      gp, 664(t5)
core   0: 3 0x80009d6c (0x283f2c23) mem 0x80010000 0x00000001
core   0: 0x80009d70 (0xff9ff06f) j       pc - 0x8
core   0: 3 0x80009d70 (0xff9ff06f)
core   0: 0x80009d68 (0x00006f17) auipc   t5, 0x6
core   0: 3 0x80009d68 (0x00006f17) x30 0x8000fd68
core   0: 0x80009d6c (0x283f2c23) sw      gp, 664(t5)
core   0: 3 0x80009d6c (0x283f2c23) mem 0x80010000 0x00000001
core   0: 0x80009d70 (0xff9ff06f) j       pc - 0x8
core   0: 3 0x80009d70 (0xff9ff06f)
core   0: 0x80009d68 (0x00006f17) auipc   t5, 0x6
core   0: 3 0x80009d68 (0x00006f17) x30 0x8000fd68
core   0: 0x80009d6c (0x283f2c23) sw      gp, 664(t5)
core   0: 3 0x80009d6c (0x283f2c23) mem 0x80010000 0x00000001
core   0: 0x80009d70 (0xff9ff06f) j       pc - 0x8
core   0: 3 0x80009d70 (0xff9ff06f)
core   0: 0x80009d68 (0x00006f17) auipc   t5, 0x6
core   0: 3 0x80009d68 (0x00006f17) x30 0x8000fd68
core   0: 0x80009d6c (0x283f2c23) sw      gp, 664(t5)
core   0: 3 0x80009d6c (0x283f2c23) mem 0x80010000 0x00000001
core   0: 0x80009d70 (0xff9ff06f) j       pc - 0x8
core   0: 3 0x80009d70 (0xff9ff06f)
core   0: 0x80009d68 (0x00006f17) auipc   t5, 0x6
core   0: 3 0x80009d68 (0x00006f17) x30 0x8000fd68
core   0: 0x80009d6c (0x283f2c23) sw      gp, 664(t5)
core   0: 3 0x80009d6c (0x283f2c23) mem 0x80010000 0x00000001
core   0: 0x80009d70 (0xff9ff06f) j       pc - 0x8
core   0: 3 0x80009d70 (0xff9ff06f)
core   0: 0x80009d68 (0x00006f17) auipc   t5, 0x6
core   0: 3 0x80009d68 (0x00006f17) x30 0x8000fd68
core   0: 0x80009d6c (0x283f2c23) sw      gp, 664(t5)
core   0: 3 0x80009d6c (0x283f2c23) mem 0x80010000 0x00000001
core   0: 0x80009d70 (0xff9ff06f) j       pc - 0x8
core   0: 3 0x80009d70 (0xff9ff06f)
core   0: 0x80009d68 (0x00006f17) auipc   t5, 0x6
core   0: 3 0x80009d68 (0x00006f17) x30 0x8000fd68
core   0: 0x80009d6c (0x283f2c23) sw      gp, 664(t5)
core   0: 3 0x80009d6c (0x283f2c23) mem 0x80010000 0x00000001
core   0: 0x80009d70 (0xff9ff06f) j       pc - 0x8
core   0: 3 0x80009d70 (0xff9ff06f)
core   0: 0x80009d68 (0x00006f17) auipc   t5, 0x6
core   0: 3 0x80009d68 (0x00006f17) x30 0x8000fd68
core   0: 0x80009d6c (0x283f2c23) sw      gp, 664(t5)
core   0: 3 0x80009d6c (0x283f2c23) mem 0x80010000 0x00000001
core   0: 0x80009d70 (0xff9ff06f) j       pc - 0x8
core   0: 3 0x80009d70 (0xff9ff06f)
core   0: 0x80009d68 (0x00006f17) auipc   t5, 0x6
core   0: 3 0x80009d68 (0x00006f17) x30 0x8000fd68
core   0: 0x80009d6c (0x283f2c23) sw      gp, 664(t5)
core   0: 3 0x80009d6c (0x283f2c23) mem 0x80010000 0x00000001
core   0: 0x80009d70 (0xff9ff06f) j       pc - 0x8
core   0: 3 0x80009d70 (0xff9ff06f)
core   0: 0x80009d68 (0x00006f17) auipc   t5, 0x6
core   0: 3 0x80009d68 (0x00006f17) x30 0x8000fd68
core   0: 0x80009d6c (0x283f2c23) sw      gp, 664(t5)
core   0: 3 0x80009d6c (0x283f2c23) mem 0x80010000 0x00000001
core   0: 0x80009d70 (0xff9ff06f) j       pc - 0x8
core   0: 3 0x80009d70 (0xff9ff06f)
core   0: 0x80009d68 (0x00006f17) auipc   t5, 0x6
core   0: 3 0x80009d68 (0x00006f17) x30 0x8000fd68
core   0: 0x80009d6c (0x283f2c23) sw      gp, 664(t5)
core   0: 3 0x80009d6c (0x283f2c23) mem 0x80010000 0x00000001
core   0: 0x80009d70 (0xff9ff06f) j       pc - 0x8
core   0: 3 0x80009d70 (0xff9ff06f)
core   0: 0x80009d68 (0x00006f17) auipc   t5, 0x6
core   0: 3 0x80009d68 (0x00006f17) x30 0x8000fd68
core   0: 0x80009d6c (0x283f2c23) sw      gp, 664(t5)
core   0: 3 0x80009d6c (0x283f2c23) mem 0x80010000 0x00000001
core   0: 0x80009d70 (0xff9ff06f) j       pc - 0x8
core   0: 3 0x80009d70 (0xff9ff06f)
core   0: 0x80009d68 (0x00006f17) auipc   t5, 0x6
core   0: 3 0x80009d68 (0x00006f17) x30 0x8000fd68
core   0: 0x80009d6c (0x283f2c23) sw      gp, 664(t5)
core   0: 3 0x80009d6c (0x283f2c23) mem 0x80010000 0x00000001
core   0: 0x80009d70 (0xff9ff06f) j       pc - 0x8
core   0: 3 0x80009d70 (0xff9ff06f)
core   0: 0x80009d68 (0x00006f17) auipc   t5, 0x6
core   0: 3 0x80009d68 (0x00006f17) x30 0x8000fd68
core   0: 0x80009d6c (0x283f2c23) sw      gp, 664(t5)
core   0: 3 0x80009d6c (0x283f2c23) mem 0x80010000 0x00000001
core   0: 0x80009d70 (0xff9ff06f) j       pc - 0x8
core   0: 3 0x80009d70 (0xff9ff06f)
core   0: 0x80009d68 (0x00006f17) auipc   t5, 0x6
core   0: 3 0x80009d68 (0x00006f17) x30 0x8000fd68
core   0: 0x80009d6c (0x283f2c23) sw      gp, 664(t5)
core   0: 3 0x80009d6c (0x283f2c23) mem 0x80010000 0x00000001
core   0: 0x80009d70 (0xff9ff06f) j       pc - 0x8
core   0: 3 0x80009d70 (0xff9ff06f)
core   0: 0x80009d68 (0x00006f17) auipc   t5, 0x6
core   0: 3 0x80009d68 (0x00006f17) x30 0x8000fd68
core   0: 0x80009d6c (0x283f2c23) sw      gp, 664(t5)
core   0: 3 0x80009d6c (0x283f2c23) mem 0x80010000 0x00000001
core   0: 0x80009d70 (0xff9ff06f) j       pc - 0x8
core   0: 3 0x80009d70 (0xff9ff06f)
core   0: 0x80009d68 (0x00006f17) auipc   t5, 0x6
core   0: 3 0x80009d68 (0x00006f17) x30 0x8000fd68
core   0: 0x80009d6c (0x283f2c23) sw      gp, 664(t5)
core   0: 3 0x80009d6c (0x283f2c23) mem 0x80010000 0x00000001
core   0: 0x80009d70 (0xff9ff06f) j       pc - 0x8
core   0: 3 0x80009d70 (0xff9ff06f)
core   0: 0x80009d68 (0x00006f17) auipc   t5, 0x6
core   0: 3 0x80009d68 (0x00006f17) x30 0x8000fd68
core   0: 0x80009d6c (0x283f2c23) sw      gp, 664(t5)
core   0: 3 0x80009d6c (0x283f2c23) mem 0x80010000 0x00000001
core   0: 0x80009d70 (0xff9ff06f) j       pc - 0x8
core   0: 3 0x80009d70 (0xff9ff06f)
core   0: 0x80009d68 (0x00006f17) auipc   t5, 0x6
core   0: 3 0x80009d68 (0x00006f17) x30 0x8000fd68
core   0: 0x80009d6c (0x283f2c23) sw      gp, 664(t5)
core   0: 3 0x80009d6c (0x283f2c23) mem 0x80010000 0x00000001
core   0: 0x80009d70 (0xff9ff06f) j       pc - 0x8
core   0: 3 0x80009d70 (0xff9ff06f)
core   0: 0x80009d68 (0x00006f17) auipc   t5, 0x6
core   0: 3 0x80009d68 (0x00006f17) x30 0x8000fd68
core   0: 0x80009d6c (0x283f2c23) sw      gp, 664(t5)
core   0: 3 0x80009d6c (0x283f2c23) mem 0x80010000 0x00000001
core   0: 0x80009d70 (0xff9ff06f) j       pc - 0x8
core   0: 3 0x80009d70 (0xff9ff06f)
core   0: 0x80009d68 (0x00006f17) auipc   t5, 0x6
core   0: 3 0x80009d68 (0x00006f17) x30 0x8000fd68
core   0: 0x80009d6c (0x283f2c23) sw      gp, 664(t5)
core   0: 3 0x80009d6c (0x283f2c23) mem 0x80010000 0x00000001
core   0: 0x80009d70 (0xff9ff06f) j       pc - 0x8
core   0: 3 0x80009d70 (0xff9ff06f)
core   0: 0x80009d68 (0x00006f17) auipc   t5, 0x6
core   0: 3 0x80009d68 (0x00006f17) x30 0x8000fd68
core   0: 0x80009d6c (0x283f2c23) sw      gp, 664(t5)
core   0: 3 0x80009d6c (0x283f2c23) mem 0x80010000 0x00000001
core   0: 0x80009d70 (0xff9ff06f) j       pc - 0x8
core   0: 3 0x80009d70 (0xff9ff06f)
core   0: 0x80009d68 (0x00006f17) auipc   t5, 0x6
core   0: 3 0x80009d68 (0x00006f17) x30 0x8000fd68
core   0: 0x80009d6c (0x283f2c23) sw      gp, 664(t5)
core   0: 3 0x80009d6c (0x283f2c23) mem 0x80010000 0x00000001
core   0: 0x80009d70 (0xff9ff06f) j       pc - 0x8
core   0: 3 0x80009d70 (0xff9ff06f)
core   0: 0x80009d68 (0x00006f17) auipc   t5, 0x6
core   0: 3 0x80009d68 (0x00006f17) x30 0x8000fd68
core   0: 0x80009d6c (0x283f2c23) sw      gp, 664(t5)
core   0: 3 0x80009d6c (0x283f2c23) mem 0x80010000 0x00000001
core   0: 0x80009d70 (0xff9ff06f) j       pc - 0x8
core   0: 3 0x80009d70 (0xff9ff06f)
core   0: 0x80009d68 (0x00006f17) auipc   t5, 0x6
core   0: 3 0x80009d68 (0x00006f17) x30 0x8000fd68
core   0: 0x80009d6c (0x283f2c23) sw      gp, 664(t5)
core   0: 3 0x80009d6c (0x283f2c23) mem 0x80010000 0x00000001
core   0: 0x80009d70 (0xff9ff06f) j       pc - 0x8
core   0: 3 0x80009d70 (0xff9ff06f)
core   0: 0x80009d68 (0x00006f17) auipc   t5, 0x6
core   0: 3 0x80009d68 (0x00006f17) x30 0x8000fd68
core   0: 0x80009d6c (0x283f2c23) sw      gp, 664(t5)
core   0: 3 0x80009d6c (0x283f2c23) mem 0x80010000 0x00000001
core   0: 0x80009d70 (0xff9ff06f) j       pc - 0x8
core   0: 3 0x80009d70 (0xff9ff06f)
core   0: 0x80009d68 (0x00006f17) auipc   t5, 0x6
core   0: 3 0x80009d68 (0x00006f17) x30 0x8000fd68
core   0: 0x80009d6c (0x283f2c23) sw      gp, 664(t5)
core   0: 3 0x80009d6c (0x283f2c23) mem 0x80010000 0x00000001
core   0: 0x80009d70 (0xff9ff06f) j       pc - 0x8
core   0: 3 0x80009d70 (0xff9ff06f)
core   0: 0x80009d68 (0x00006f17) auipc   t5, 0x6
core   0: 3 0x80009d68 (0x00006f17) x30 0x8000fd68
core   0: 0x80009d6c (0x283f2c23) sw      gp, 664(t5)
core   0: 3 0x80009d6c (0x283f2c23) mem 0x80010000 0x00000001
core   0: 0x80009d70 (0xff9ff06f) j       pc - 0x8
core   0: 3 0x80009d70 (0xff9ff06f)
core   0: 0x80009d68 (0x00006f17) auipc   t5, 0x6
core   0: 3 0x80009d68 (0x00006f17) x30 0x8000fd68
core   0: 0x80009d6c (0x283f2c23) sw      gp, 664(t5)
core   0: 3 0x80009d6c (0x283f2c23) mem 0x80010000 0x00000001
core   0: 0x80009d70 (0xff9ff06f) j       pc - 0x8
core   0: 3 0x80009d70 (0xff9ff06f)
core   0: 0x80009d68 (0x00006f17) auipc   t5, 0x6
core   0: 3 0x80009d68 (0x00006f17) x30 0x8000fd68
core   0: 0x80009d6c (0x283f2c23) sw      gp, 664(t5)
core   0: 3 0x80009d6c (0x283f2c23) mem 0x80010000 0x00000001
core   0: 0x80009d70 (0xff9ff06f) j       pc - 0x8
core   0: 3 0x80009d70 (0xff9ff06f)
core   0: 0x80009d68 (0x00006f17) auipc   t5, 0x6
core   0: 3 0x80009d68 (0x00006f17) x30 0x8000fd68
core   0: 0x80009d6c (0x283f2c23) sw      gp, 664(t5)
core   0: 3 0x80009d6c (0x283f2c23) mem 0x80010000 0x00000001
core   0: 0x80009d70 (0xff9ff06f) j       pc - 0x8
core   0: 3 0x80009d70 (0xff9ff06f)
core   0: 0x80009d68 (0x00006f17) auipc   t5, 0x6
core   0: 3 0x80009d68 (0x00006f17) x30 0x8000fd68
core   0: 0x80009d6c (0x283f2c23) sw      gp, 664(t5)
core   0: 3 0x80009d6c (0x283f2c23) mem 0x80010000 0x00000001
core   0: 0x80009d70 (0xff9ff06f) j       pc - 0x8
core   0: 3 0x80009d70 (0xff9ff06f)
core   0: 0x80009d68 (0x00006f17) auipc   t5, 0x6
core   0: 3 0x80009d68 (0x00006f17) x30 0x8000fd68
core   0: 0x80009d6c (0x283f2c23) sw      gp, 664(t5)
core   0: 3 0x80009d6c (0x283f2c23) mem 0x80010000 0x00000001
core   0: 0x80009d70 (0xff9ff06f) j       pc - 0x8
core   0: 3 0x80009d70 (0xff9ff06f)
core   0: 0x80009d68 (0x00006f17) auipc   t5, 0x6
core   0: 3 0x80009d68 (0x00006f17) x30 0x8000fd68
core   0: 0x80009d6c (0x283f2c23) sw      gp, 664(t5)
core   0: 3 0x80009d6c (0x283f2c23) mem 0x80010000 0x00000001
core   0: 0x80009d70 (0xff9ff06f) j       pc - 0x8
core   0: 3 0x80009d70 (0xff9ff06f)
core   0: 0x80009d68 (0x00006f17) auipc   t5, 0x6
core   0: 3 0x80009d68 (0x00006f17) x30 0x8000fd68
core   0: 0x80009d6c (0x283f2c23) sw      gp, 664(t5)
core   0: 3 0x80009d6c (0x283f2c23) mem 0x80010000 0x00000001
core   0: 0x80009d70 (0xff9ff06f) j       pc - 0x8
core   0: 3 0x80009d70 (0xff9ff06f)
core   0: 0x80009d68 (0x00006f17) auipc   t5, 0x6
core   0: 3 0x80009d68 (0x00006f17) x30 0x8000fd68
core   0: 0x80009d6c (0x283f2c23) sw      gp, 664(t5)
core   0: 3 0x80009d6c (0x283f2c23) mem 0x80010000 0x00000001
core   0: 0x80009d70 (0xff9ff06f) j       pc - 0x8
core   0: 3 0x80009d70 (0xff9ff06f)
core   0: 0x80009d68 (0x00006f17) auipc   t5, 0x6
core   0: 3 0x80009d68 (0x00006f17) x30 0x8000fd68
core   0: 0x80009d6c (0x283f2c23) sw      gp, 664(t5)
core   0: 3 0x80009d6c (0x283f2c23) mem 0x80010000 0x00000001
core   0: 0x80009d70 (0xff9ff06f) j       pc - 0x8
core   0: 3 0x80009d70 (0xff9ff06f)
core   0: 0x80009d68 (0x00006f17) auipc   t5, 0x6
core   0: 3 0x80009d68 (0x00006f17) x30 0x8000fd68
core   0: 0x80009d6c (0x283f2c23) sw      gp, 664(t5)
core   0: 3 0x80009d6c (0x283f2c23) mem 0x80010000 0x00000001
core   0: 0x80009d70 (0xff9ff06f) j       pc - 0x8
core   0: 3 0x80009d70 (0xff9ff06f)
core   0: 0x80009d68 (0x00006f17) auipc   t5, 0x6
core   0: 3 0x80009d68 (0x00006f17) x30 0x8000fd68
core   0: 0x80009d6c (0x283f2c23) sw      gp, 664(t5)
core   0: 3 0x80009d6c (0x283f2c23) mem 0x80010000 0x00000001
core   0: 0x80009d70 (0xff9ff06f) j       pc - 0x8
core   0: 3 0x80009d70 (0xff9ff06f)
core   0: 0x80009d68 (0x00006f17) auipc   t5, 0x6
core   0: 3 0x80009d68 (0x00006f17) x30 0x8000fd68
core   0: 0x80009d6c (0x283f2c23) sw      gp, 664(t5)
core   0: 3 0x80009d6c (0x283f2c23) mem 0x80010000 0x00000001
core   0: 0x80009d70 (0xff9ff06f) j       pc - 0x8
core   0: 3 0x80009d70 (0xff9ff06f)
core   0: 0x80009d68 (0x00006f17) auipc   t5, 0x6
core   0: 3 0x80009d68 (0x00006f17) x30 0x8000fd68
core   0: 0x80009d6c (0x283f2c23) sw      gp, 664(t5)
core   0: 3 0x80009d6c (0x283f2c23) mem 0x80010000 0x00000001
core   0: 0x80009d70 (0xff9ff06f) j       pc - 0x8
core   0: 3 0x80009d70 (0xff9ff06f)
core   0: 0x80009d68 (0x00006f17) auipc   t5, 0x6
core   0: 3 0x80009d68 (0x00006f17) x30 0x8000fd68
core   0: 0x80009d6c (0x283f2c23) sw      gp, 664(t5)
core   0: 3 0x80009d6c (0x283f2c23) mem 0x80010000 0x00000001
core   0: 0x80009d70 (0xff9ff06f) j       pc - 0x8
core   0: 3 0x80009d70 (0xff9ff06f)
core   0: 0x80009d68 (0x00006f17) auipc   t5, 0x6
core   0: 3 0x80009d68 (0x00006f17) x30 0x8000fd68
core   0: 0x80009d6c (0x283f2c23) sw      gp, 664(t5)
core   0: 3 0x80009d6c (0x283f2c23) mem 0x80010000 0x00000001
core   0: 0x80009d70 (0xff9ff06f) j       pc - 0x8
core   0: 3 0x80009d70 (0xff9ff06f)
core   0: 0x80009d68 (0x00006f17) auipc   t5, 0x6
core   0: 3 0x80009d68 (0x00006f17) x30 0x8000fd68
core   0: 0x80009d6c (0x283f2c23) sw      gp, 664(t5)
core   0: 3 0x80009d6c (0x283f2c23) mem 0x80010000 0x00000001
core   0: 0x80009d70 (0xff9ff06f) j       pc - 0x8
core   0: 3 0x80009d70 (0xff9ff06f)
core   0: 0x80009d68 (0x00006f17) auipc   t5, 0x6
core   0: 3 0x80009d68 (0x00006f17) x30 0x8000fd68
core   0: 0x80009d6c (0x283f2c23) sw      gp, 664(t5)
core   0: 3 0x80009d6c (0x283f2c23) mem 0x80010000 0x00000001
core   0: 0x80009d70 (0xff9ff06f) j       pc - 0x8
core   0: 3 0x80009d70 (0xff9ff06f)
core   0: 0x80009d68 (0x00006f17) auipc   t5, 0x6
core   0: 3 0x80009d68 (0x00006f17) x30 0x8000fd68
core   0: 0x80009d6c (0x283f2c23) sw      gp, 664(t5)
core   0: 3 0x80009d6c (0x283f2c23) mem 0x80010000 0x00000001
core   0: 0x80009d70 (0xff9ff06f) j       pc - 0x8
core   0: 3 0x80009d70 (0xff9ff06f)
core   0: 0x80009d68 (0x00006f17) auipc   t5, 0x6
core   0: 3 0x80009d68 (0x00006f17) x30 0x8000fd68
core   0: 0x80009d6c (0x283f2c23) sw      gp, 664(t5)
core   0: 3 0x80009d6c (0x283f2c23) mem 0x80010000 0x00000001
core   0: 0x80009d70 (0xff9ff06f) j       pc - 0x8
core   0: 3 0x80009d70 (0xff9ff06f)
core   0: 0x80009d68 (0x00006f17) auipc   t5, 0x6
core   0: 3 0x80009d68 (0x00006f17) x30 0x8000fd68
core   0: 0x80009d6c (0x283f2c23) sw      gp, 664(t5)
core   0: 3 0x80009d6c (0x283f2c23) mem 0x80010000 0x00000001
core   0: 0x80009d70 (0xff9ff06f) j       pc - 0x8
core   0: 3 0x80009d70 (0xff9ff06f)
core   0: 0x80009d68 (0x00006f17) auipc   t5, 0x6
core   0: 3 0x80009d68 (0x00006f17) x30 0x8000fd68
core   0: 0x80009d6c (0x283f2c23) sw      gp, 664(t5)
core   0: 3 0x80009d6c (0x283f2c23) mem 0x80010000 0x00000001
core   0: 0x80009d70 (0xff9ff06f) j       pc - 0x8
core   0: 3 0x80009d70 (0xff9ff06f)
core   0: 0x80009d68 (0x00006f17) auipc   t5, 0x6
core   0: 3 0x80009d68 (0x00006f17) x30 0x8000fd68
core   0: 0x80009d6c (0x283f2c23) sw      gp, 664(t5)
core   0: 3 0x80009d6c (0x283f2c23) mem 0x80010000 0x00000001
core   0: 0x80009d70 (0xff9ff06f) j       pc - 0x8
core   0: 3 0x80009d70 (0xff9ff06f)
core   0: 0x80009d68 (0x00006f17) auipc   t5, 0x6
core   0: 3 0x80009d68 (0x00006f17) x30 0x8000fd68
core   0: 0x80009d6c (0x283f2c23) sw      gp, 664(t5)
core   0: 3 0x80009d6c (0x283f2c23) mem 0x80010000 0x00000001
core   0: 0x80009d70 (0xff9ff06f) j       pc - 0x8
core   0: 3 0x80009d70 (0xff9ff06f)
core   0: 0x80009d68 (0x00006f17) auipc   t5, 0x6
core   0: 3 0x80009d68 (0x00006f17) x30 0x8000fd68
core   0: 0x80009d6c (0x283f2c23) sw      gp, 664(t5)
core   0: 3 0x80009d6c (0x283f2c23) mem 0x80010000 0x00000001
core   0: 0x80009d70 (0xff9ff06f) j       pc - 0x8
core   0: 3 0x80009d70 (0xff9ff06f)
core   0: 0x80009d68 (0x00006f17) auipc   t5, 0x6
core   0: 3 0x80009d68 (0x00006f17) x30 0x8000fd68
core   0: 0x80009d6c (0x283f2c23) sw      gp, 664(t5)
core   0: 3 0x80009d6c (0x283f2c23) mem 0x80010000 0x00000001
core   0: 0x80009d70 (0xff9ff06f) j       pc - 0x8
core   0: 3 0x80009d70 (0xff9ff06f)
core   0: 0x80009d68 (0x00006f17) auipc   t5, 0x6
core   0: 3 0x80009d68 (0x00006f17) x30 0x8000fd68
core   0: 0x80009d6c (0x283f2c23) sw      gp, 664(t5)
core   0: 3 0x80009d6c (0x283f2c23) mem 0x80010000 0x00000001
core   0: 0x80009d70 (0xff9ff06f) j       pc - 0x8
core   0: 3 0x80009d70 (0xff9ff06f)
core   0: 0x80009d68 (0x00006f17) auipc   t5, 0x6
core   0: 3 0x80009d68 (0x00006f17) x30 0x8000fd68
core   0: 0x80009d6c (0x283f2c23) sw      gp, 664(t5)
core   0: 3 0x80009d6c (0x283f2c23) mem 0x80010000 0x00000001
core   0: 0x80009d70 (0xff9ff06f) j       pc - 0x8
core   0: 3 0x80009d70 (0xff9ff06f)
core   0: 0x80009d68 (0x00006f17) auipc   t5, 0x6
core   0: 3 0x80009d68 (0x00006f17) x30 0x8000fd68
core   0: 0x80009d6c (0x283f2c23) sw      gp, 664(t5)
core   0: 3 0x80009d6c (0x283f2c23) mem 0x80010000 0x00000001
core   0: 0x80009d70 (0xff9ff06f) j       pc - 0x8
core   0: 3 0x80009d70 (0xff9ff06f)
core   0: 0x80009d68 (0x00006f17) auipc   t5, 0x6
core   0: 3 0x80009d68 (0x00006f17) x30 0x8000fd68
core   0: 0x80009d6c (0x283f2c23) sw      gp, 664(t5)
core   0: 3 0x80009d6c (0x283f2c23) mem 0x80010000 0x00000001
core   0: 0x80009d70 (0xff9ff06f) j       pc - 0x8
core   0: 3 0x80009d70 (0xff9ff06f)
core   0: 0x80009d68 (0x00006f17) auipc   t5, 0x6
core   0: 3 0x80009d68 (0x00006f17) x30 0x8000fd68
core   0: 0x80009d6c (0x283f2c23) sw      gp, 664(t5)
core   0: 3 0x80009d6c (0x283f2c23) mem 0x80010000 0x00000001
core   0: 0x80009d70 (0xff9ff06f) j       pc - 0x8
core   0: 3 0x80009d70 (0xff9ff06f)
core   0: 0x80009d68 (0x00006f17) auipc   t5, 0x6
core   0: 3 0x80009d68 (0x00006f17) x30 0x8000fd68
core   0: 0x80009d6c (0x283f2c23) sw      gp, 664(t5)
core   0: 3 0x80009d6c (0x283f2c23) mem 0x80010000 0x00000001
core   0: 0x80009d70 (0xff9ff06f) j       pc - 0x8
core   0: 3 0x80009d70 (0xff9ff06f)
core   0: 0x80009d68 (0x00006f17) auipc   t5, 0x6
core   0: 3 0x80009d68 (0x00006f17) x30 0x8000fd68
core   0: 0x80009d6c (0x283f2c23) sw      gp, 664(t5)
core   0: 3 0x80009d6c (0x283f2c23) mem 0x80010000 0x00000001
core   0: 0x80009d70 (0xff9ff06f) j       pc - 0x8
core   0: 3 0x80009d70 (0xff9ff06f)
core   0: 0x80009d68 (0x00006f17) auipc   t5, 0x6
core   0: 3 0x80009d68 (0x00006f17) x30 0x8000fd68
core   0: 0x80009d6c (0x283f2c23) sw      gp, 664(t5)
core   0: 3 0x80009d6c (0x283f2c23) mem 0x80010000 0x00000001
core   0: 0x80009d70 (0xff9ff06f) j       pc - 0x8
core   0: 3 0x80009d70 (0xff9ff06f)
core   0: 0x80009d68 (0x00006f17) auipc   t5, 0x6
core   0: 3 0x80009d68 (0x00006f17) x30 0x8000fd68
core   0: 0x80009d6c (0x283f2c23) sw      gp, 664(t5)
core   0: 3 0x80009d6c (0x283f2c23) mem 0x80010000 0x00000001
core   0: 0x80009d70 (0xff9ff06f) j       pc - 0x8
core   0: 3 0x80009d70 (0xff9ff06f)
core   0: 0x80009d68 (0x00006f17) auipc   t5, 0x6
core   0: 3 0x80009d68 (0x00006f17) x30 0x8000fd68
core   0: 0x80009d6c (0x283f2c23) sw      gp, 664(t5)
core   0: 3 0x80009d6c (0x283f2c23) mem 0x80010000 0x00000001
core   0: 0x80009d70 (0xff9ff06f) j       pc - 0x8
core   0: 3 0x80009d70 (0xff9ff06f)
core   0: 0x80009d68 (0x00006f17) auipc   t5, 0x6
core   0: 3 0x80009d68 (0x00006f17) x30 0x8000fd68
core   0: 0x80009d6c (0x283f2c23) sw      gp, 664(t5)
core   0: 3 0x80009d6c (0x283f2c23) mem 0x80010000 0x00000001
core   0: 0x80009d70 (0xff9ff06f) j       pc - 0x8
core   0: 3 0x80009d70 (0xff9ff06f)
core   0: 0x80009d68 (0x00006f17) auipc   t5, 0x6
core   0: 3 0x80009d68 (0x00006f17) x30 0x8000fd68
core   0: 0x80009d6c (0x283f2c23) sw      gp, 664(t5)
core   0: 3 0x80009d6c (0x283f2c23) mem 0x80010000 0x00000001
core   0: 0x80009d70 (0xff9ff06f) j       pc - 0x8
core   0: 3 0x80009d70 (0xff9ff06f)
core   0: 0x80009d68 (0x00006f17) auipc   t5, 0x6
core   0: 3 0x80009d68 (0x00006f17) x30 0x8000fd68
core   0: 0x80009d6c (0x283f2c23) sw      gp, 664(t5)
core   0: 3 0x80009d6c (0x283f2c23) mem 0x80010000 0x00000001
core   0: 0x80009d70 (0xff9ff06f) j       pc - 0x8
core   0: 3 0x80009d70 (0xff9ff06f)
core   0: 0x80009d68 (0x00006f17) auipc   t5, 0x6
core   0: 3 0x80009d68 (0x00006f17) x30 0x8000fd68
core   0: 0x80009d6c (0x283f2c23) sw      gp, 664(t5)
core   0: 3 0x80009d6c (0x283f2c23) mem 0x80010000 0x00000001
core   0: 0x80009d70 (0xff9ff06f) j       pc - 0x8
core   0: 3 0x80009d70 (0xff9ff06f)
core   0: 0x80009d68 (0x00006f17) auipc   t5, 0x6
core   0: 3 0x80009d68 (0x00006f17) x30 0x8000fd68
core   0: 0x80009d6c (0x283f2c23) sw      gp, 664(t5)
core   0: 3 0x80009d6c (0x283f2c23) mem 0x80010000 0x00000001
core   0: 0x80009d70 (0xff9ff06f) j       pc - 0x8
core   0: 3 0x80009d70 (0xff9ff06f)
core   0: 0x80009d68 (0x00006f17) auipc   t5, 0x6
core   0: 3 0x80009d68 (0x00006f17) x30 0x8000fd68
core   0: 0x80009d6c (0x283f2c23) sw      gp, 664(t5)
core   0: 3 0x80009d6c (0x283f2c23) mem 0x80010000 0x00000001
core   0: 0x80009d70 (0xff9ff06f) j       pc - 0x8
core   0: 3 0x80009d70 (0xff9ff06f)
core   0: 0x80009d68 (0x00006f17) auipc   t5, 0x6
core   0: 3 0x80009d68 (0x00006f17) x30 0x8000fd68
core   0: 0x80009d6c (0x283f2c23) sw      gp, 664(t5)
core   0: 3 0x80009d6c (0x283f2c23) mem 0x80010000 0x00000001
core   0: 0x80009d70 (0xff9ff06f) j       pc - 0x8
core   0: 3 0x80009d70 (0xff9ff06f)
core   0: 0x80009d68 (0x00006f17) auipc   t5, 0x6
core   0: 3 0x80009d68 (0x00006f17) x30 0x8000fd68
core   0: 0x80009d6c (0x283f2c23) sw      gp, 664(t5)
core   0: 3 0x80009d6c (0x283f2c23) mem 0x80010000 0x00000001
core   0: 0x80009d70 (0xff9ff06f) j       pc - 0x8
core   0: 3 0x80009d70 (0xff9ff06f)
core   0: 0x80009d68 (0x00006f17) auipc   t5, 0x6
core   0: 3 0x80009d68 (0x00006f17) x30 0x8000fd68
core   0: 0x80009d6c (0x283f2c23) sw      gp, 664(t5)
core   0: 3 0x80009d6c (0x283f2c23) mem 0x80010000 0x00000001
core   0: 0x80009d70 (0xff9ff06f) j       pc - 0x8
core   0: 3 0x80009d70 (0xff9ff06f)
core   0: 0x80009d68 (0x00006f17) auipc   t5, 0x6
core   0: 3 0x80009d68 (0x00006f17) x30 0x8000fd68
core   0: 0x80009d6c (0x283f2c23) sw      gp, 664(t5)
core   0: 3 0x80009d6c (0x283f2c23) mem 0x80010000 0x00000001
core   0: 0x80009d70 (0xff9ff06f) j       pc - 0x8
core   0: 3 0x80009d70 (0xff9ff06f)
core   0: 0x80009d68 (0x00006f17) auipc   t5, 0x6
core   0: 3 0x80009d68 (0x00006f17) x30 0x8000fd68
core   0: 0x80009d6c (0x283f2c23) sw      gp, 664(t5)
core   0: 3 0x80009d6c (0x283f2c23) mem 0x80010000 0x00000001
core   0: 0x80009d70 (0xff9ff06f) j       pc - 0x8
core   0: 3 0x80009d70 (0xff9ff06f)
core   0: 0x80009d68 (0x00006f17) auipc   t5, 0x6
core   0: 3 0x80009d68 (0x00006f17) x30 0x8000fd68
core   0: 0x80009d6c (0x283f2c23) sw      gp, 664(t5)
core   0: 3 0x80009d6c (0x283f2c23) mem 0x80010000 0x00000001
core   0: 0x80009d70 (0xff9ff06f) j       pc - 0x8
core   0: 3 0x80009d70 (0xff9ff06f)
core   0: 0x80009d68 (0x00006f17) auipc   t5, 0x6
core   0: 3 0x80009d68 (0x00006f17) x30 0x8000fd68
core   0: 0x80009d6c (0x283f2c23) sw      gp, 664(t5)
core   0: 3 0x80009d6c (0x283f2c23) mem 0x80010000 0x00000001
core   0: 0x80009d70 (0xff9ff06f) j       pc - 0x8
core   0: 3 0x80009d70 (0xff9ff06f)
core   0: 0x80009d68 (0x00006f17) auipc   t5, 0x6
core   0: 3 0x80009d68 (0x00006f17) x30 0x8000fd68
core   0: 0x80009d6c (0x283f2c23) sw      gp, 664(t5)
core   0: 3 0x80009d6c (0x283f2c23) mem 0x80010000 0x00000001
core   0: 0x80009d70 (0xff9ff06f) j       pc - 0x8
core   0: 3 0x80009d70 (0xff9ff06f)
core   0: 0x80009d68 (0x00006f17) auipc   t5, 0x6
core   0: 3 0x80009d68 (0x00006f17) x30 0x8000fd68
core   0: 0x80009d6c (0x283f2c23) sw      gp, 664(t5)
core   0: 3 0x80009d6c (0x283f2c23) mem 0x80010000 0x00000001
core   0: 0x80009d70 (0xff9ff06f) j       pc - 0x8
core   0: 3 0x80009d70 (0xff9ff06f)
core   0: 0x80009d68 (0x00006f17) auipc   t5, 0x6
core   0: 3 0x80009d68 (0x00006f17) x30 0x8000fd68
core   0: 0x80009d6c (0x283f2c23) sw      gp, 664(t5)
core   0: 3 0x80009d6c (0x283f2c23) mem 0x80010000 0x00000001
core   0: 0x80009d70 (0xff9ff06f) j       pc - 0x8
core   0: 3 0x80009d70 (0xff9ff06f)
core   0: 0x80009d68 (0x00006f17) auipc   t5, 0x6
core   0: 3 0x80009d68 (0x00006f17) x30 0x8000fd68
core   0: 0x80009d6c (0x283f2c23) sw      gp, 664(t5)
core   0: 3 0x80009d6c (0x283f2c23) mem 0x80010000 0x00000001
core   0: 0x80009d70 (0xff9ff06f) j       pc - 0x8
core   0: 3 0x80009d70 (0xff9ff06f)
core   0: 0x80009d68 (0x00006f17) auipc   t5, 0x6
core   0: 3 0x80009d68 (0x00006f17) x30 0x8000fd68
core   0: 0x80009d6c (0x283f2c23) sw      gp, 664(t5)
core   0: 3 0x80009d6c (0x283f2c23) mem 0x80010000 0x00000001
core   0: 0x80009d70 (0xff9ff06f) j       pc - 0x8
core   0: 3 0x80009d70 (0xff9ff06f)
core   0: 0x80009d68 (0x00006f17) auipc   t5, 0x6
core   0: 3 0x80009d68 (0x00006f17) x30 0x8000fd68
core   0: 0x80009d6c (0x283f2c23) sw      gp, 664(t5)
core   0: 3 0x80009d6c (0x283f2c23) mem 0x80010000 0x00000001
core   0: 0x80009d70 (0xff9ff06f) j       pc - 0x8
core   0: 3 0x80009d70 (0xff9ff06f)
core   0: 0x80009d68 (0x00006f17) auipc   t5, 0x6
core   0: 3 0x80009d68 (0x00006f17) x30 0x8000fd68
core   0: 0x80009d6c (0x283f2c23) sw      gp, 664(t5)
core   0: 3 0x80009d6c (0x283f2c23) mem 0x80010000 0x00000001
core   0: 0x80009d70 (0xff9ff06f) j       pc - 0x8
core   0: 3 0x80009d70 (0xff9ff06f)
core   0: 0x80009d68 (0x00006f17) auipc   t5, 0x6
core   0: 3 0x80009d68 (0x00006f17) x30 0x8000fd68
core   0: 0x80009d6c (0x283f2c23) sw      gp, 664(t5)
core   0: 3 0x80009d6c (0x283f2c23) mem 0x80010000 0x00000001
core   0: 0x80009d70 (0xff9ff06f) j       pc - 0x8
core   0: 3 0x80009d70 (0xff9ff06f)
core   0: 0x80009d68 (0x00006f17) auipc   t5, 0x6
core   0: 3 0x80009d68 (0x00006f17) x30 0x8000fd68
core   0: 0x80009d6c (0x283f2c23) sw      gp, 664(t5)
core   0: 3 0x80009d6c (0x283f2c23) mem 0x80010000 0x00000001
core   0: 0x80009d70 (0xff9ff06f) j       pc - 0x8
core   0: 3 0x80009d70 (0xff9ff06f)
core   0: 0x80009d68 (0x00006f17) auipc   t5, 0x6
core   0: 3 0x80009d68 (0x00006f17) x30 0x8000fd68
core   0: 0x80009d6c (0x283f2c23) sw      gp, 664(t5)
core   0: 3 0x80009d6c (0x283f2c23) mem 0x80010000 0x00000001
core   0: 0x80009d70 (0xff9ff06f) j       pc - 0x8
core   0: 3 0x80009d70 (0xff9ff06f)
core   0: 0x80009d68 (0x00006f17) auipc   t5, 0x6
core   0: 3 0x80009d68 (0x00006f17) x30 0x8000fd68
core   0: 0x80009d6c (0x283f2c23) sw      gp, 664(t5)
core   0: 3 0x80009d6c (0x283f2c23) mem 0x80010000 0x00000001
core   0: 0x80009d70 (0xff9ff06f) j       pc - 0x8
core   0: 3 0x80009d70 (0xff9ff06f)
core   0: 0x80009d68 (0x00006f17) auipc   t5, 0x6
core   0: 3 0x80009d68 (0x00006f17) x30 0x8000fd68
core   0: 0x80009d6c (0x283f2c23) sw      gp, 664(t5)
core   0: 3 0x80009d6c (0x283f2c23) mem 0x80010000 0x00000001
core   0: 0x80009d70 (0xff9ff06f) j       pc - 0x8
core   0: 3 0x80009d70 (0xff9ff06f)
core   0: 0x80009d68 (0x00006f17) auipc   t5, 0x6
core   0: 3 0x80009d68 (0x00006f17) x30 0x8000fd68
core   0: 0x80009d6c (0x283f2c23) sw      gp, 664(t5)
core   0: 3 0x80009d6c (0x283f2c23) mem 0x80010000 0x00000001
core   0: 0x80009d70 (0xff9ff06f) j       pc - 0x8
core   0: 3 0x80009d70 (0xff9ff06f)
core   0: 0x80009d68 (0x00006f17) auipc   t5, 0x6
core   0: 3 0x80009d68 (0x00006f17) x30 0x8000fd68
core   0: 0x80009d6c (0x283f2c23) sw      gp, 664(t5)
core   0: 3 0x80009d6c (0x283f2c23) mem 0x80010000 0x00000001
core   0: 0x80009d70 (0xff9ff06f) j       pc - 0x8
core   0: 3 0x80009d70 (0xff9ff06f)
core   0: 0x80009d68 (0x00006f17) auipc   t5, 0x6
core   0: 3 0x80009d68 (0x00006f17) x30 0x8000fd68
core   0: 0x80009d6c (0x283f2c23) sw      gp, 664(t5)
core   0: 3 0x80009d6c (0x283f2c23) mem 0x80010000 0x00000001
core   0: 0x80009d70 (0xff9ff06f) j       pc - 0x8
core   0: 3 0x80009d70 (0xff9ff06f)
core   0: 0x80009d68 (0x00006f17) auipc   t5, 0x6
core   0: 3 0x80009d68 (0x00006f17) x30 0x8000fd68
core   0: 0x80009d6c (0x283f2c23) sw      gp, 664(t5)
core   0: 3 0x80009d6c (0x283f2c23) mem 0x80010000 0x00000001
core   0: 0x80009d70 (0xff9ff06f) j       pc - 0x8
core   0: 3 0x80009d70 (0xff9ff06f)
core   0: 0x80009d68 (0x00006f17) auipc   t5, 0x6
core   0: 3 0x80009d68 (0x00006f17) x30 0x8000fd68
core   0: 0x80009d6c (0x283f2c23) sw      gp, 664(t5)
core   0: 3 0x80009d6c (0x283f2c23) mem 0x80010000 0x00000001
core   0: 0x80009d70 (0xff9ff06f) j       pc - 0x8
core   0: 3 0x80009d70 (0xff9ff06f)
core   0: 0x80009d68 (0x00006f17) auipc   t5, 0x6
core   0: 3 0x80009d68 (0x00006f17) x30 0x8000fd68
core   0: 0x80009d6c (0x283f2c23) sw      gp, 664(t5)
core   0: 3 0x80009d6c (0x283f2c23) mem 0x80010000 0x00000001
core   0: 0x80009d70 (0xff9ff06f) j       pc - 0x8
core   0: 3 0x80009d70 (0xff9ff06f)
core   0: 0x80009d68 (0x00006f17) auipc   t5, 0x6
core   0: 3 0x80009d68 (0x00006f17) x30 0x8000fd68
core   0: 0x80009d6c (0x283f2c23) sw      gp, 664(t5)
core   0: 3 0x80009d6c (0x283f2c23) mem 0x80010000 0x00000001
core   0: 0x80009d70 (0xff9ff06f) j       pc - 0x8
core   0: 3 0x80009d70 (0xff9ff06f)
core   0: 0x80009d68 (0x00006f17) auipc   t5, 0x6
core   0: 3 0x80009d68 (0x00006f17) x30 0x8000fd68
core   0: 0x80009d6c (0x283f2c23) sw      gp, 664(t5)
core   0: 3 0x80009d6c (0x283f2c23) mem 0x80010000 0x00000001
core   0: 0x80009d70 (0xff9ff06f) j       pc - 0x8
core   0: 3 0x80009d70 (0xff9ff06f)
core   0: 0x80009d68 (0x00006f17) auipc   t5, 0x6
core   0: 3 0x80009d68 (0x00006f17) x30 0x8000fd68
core   0: 0x80009d6c (0x283f2c23) sw      gp, 664(t5)
core   0: 3 0x80009d6c (0x283f2c23) mem 0x80010000 0x00000001
core   0: 0x80009d70 (0xff9ff06f) j       pc - 0x8
core   0: 3 0x80009d70 (0xff9ff06f)
core   0: 0x80009d68 (0x00006f17) auipc   t5, 0x6
core   0: 3 0x80009d68 (0x00006f17) x30 0x8000fd68
core   0: 0x80009d6c (0x283f2c23) sw      gp, 664(t5)
core   0: 3 0x80009d6c (0x283f2c23) mem 0x80010000 0x00000001
core   0: 0x80009d70 (0xff9ff06f) j       pc - 0x8
core   0: 3 0x80009d70 (0xff9ff06f)
core   0: 0x80009d68 (0x00006f17) auipc   t5, 0x6
core   0: 3 0x80009d68 (0x00006f17) x30 0x8000fd68
core   0: 0x80009d6c (0x283f2c23) sw      gp, 664(t5)
core   0: 3 0x80009d6c (0x283f2c23) mem 0x80010000 0x00000001
core   0: 0x80009d70 (0xff9ff06f) j       pc - 0x8
core   0: 3 0x80009d70 (0xff9ff06f)
core   0: 0x80009d68 (0x00006f17) auipc   t5, 0x6
core   0: 3 0x80009d68 (0x00006f17) x30 0x8000fd68
core   0: 0x80009d6c (0x283f2c23) sw      gp, 664(t5)
core   0: 3 0x80009d6c (0x283f2c23) mem 0x80010000 0x00000001
core   0: 0x80009d70 (0xff9ff06f) j       pc - 0x8
core   0: 3 0x80009d70 (0xff9ff06f)
core   0: 0x80009d68 (0x00006f17) auipc   t5, 0x6
core   0: 3 0x80009d68 (0x00006f17) x30 0x8000fd68
core   0: 0x80009d6c (0x283f2c23) sw      gp, 664(t5)
core   0: 3 0x80009d6c (0x283f2c23) mem 0x80010000 0x00000001
core   0: 0x80009d70 (0xff9ff06f) j       pc - 0x8
core   0: 3 0x80009d70 (0xff9ff06f)
core   0: 0x80009d68 (0x00006f17) auipc   t5, 0x6
core   0: 3 0x80009d68 (0x00006f17) x30 0x8000fd68
core   0: 0x80009d6c (0x283f2c23) sw      gp, 664(t5)
core   0: 3 0x80009d6c (0x283f2c23) mem 0x80010000 0x00000001
core   0: 0x80009d70 (0xff9ff06f) j       pc - 0x8
core   0: 3 0x80009d70 (0xff9ff06f)
core   0: 0x80009d68 (0x00006f17) auipc   t5, 0x6
core   0: 3 0x80009d68 (0x00006f17) x30 0x8000fd68
core   0: 0x80009d6c (0x283f2c23) sw      gp, 664(t5)
core   0: 3 0x80009d6c (0x283f2c23) mem 0x80010000 0x00000001
core   0: 0x80009d70 (0xff9ff06f) j       pc - 0x8
core   0: 3 0x80009d70 (0xff9ff06f)
core   0: 0x80009d68 (0x00006f17) auipc   t5, 0x6
core   0: 3 0x80009d68 (0x00006f17) x30 0x8000fd68
core   0: 0x80009d6c (0x283f2c23) sw      gp, 664(t5)
core   0: 3 0x80009d6c (0x283f2c23) mem 0x80010000 0x00000001
core   0: 0x80009d70 (0xff9ff06f) j       pc - 0x8
core   0: 3 0x80009d70 (0xff9ff06f)
core   0: 0x80009d68 (0x00006f17) auipc   t5, 0x6
core   0: 3 0x80009d68 (0x00006f17) x30 0x8000fd68
core   0: 0x80009d6c (0x283f2c23) sw      gp, 664(t5)
core   0: 3 0x80009d6c (0x283f2c23) mem 0x80010000 0x00000001
core   0: 0x80009d70 (0xff9ff06f) j       pc - 0x8
core   0: 3 0x80009d70 (0xff9ff06f)
core   0: 0x80009d68 (0x00006f17) auipc   t5, 0x6
core   0: 3 0x80009d68 (0x00006f17) x30 0x8000fd68
core   0: 0x80009d6c (0x283f2c23) sw      gp, 664(t5)
core   0: 3 0x80009d6c (0x283f2c23) mem 0x80010000 0x00000001
core   0: 0x80009d70 (0xff9ff06f) j       pc - 0x8
core   0: 3 0x80009d70 (0xff9ff06f)
core   0: 0x80009d68 (0x00006f17) auipc   t5, 0x6
core   0: 3 0x80009d68 (0x00006f17) x30 0x8000fd68
core   0: 0x80009d6c (0x283f2c23) sw      gp, 664(t5)
core   0: 3 0x80009d6c (0x283f2c23) mem 0x80010000 0x00000001
core   0: 0x80009d70 (0xff9ff06f) j       pc - 0x8
core   0: 3 0x80009d70 (0xff9ff06f)
core   0: 0x80009d68 (0x00006f17) auipc   t5, 0x6
core   0: 3 0x80009d68 (0x00006f17) x30 0x8000fd68
core   0: 0x80009d6c (0x283f2c23) sw      gp, 664(t5)
core   0: 3 0x80009d6c (0x283f2c23) mem 0x80010000 0x00000001
core   0: 0x80009d70 (0xff9ff06f) j       pc - 0x8
core   0: 3 0x80009d70 (0xff9ff06f)
core   0: 0x80009d68 (0x00006f17) auipc   t5, 0x6
core   0: 3 0x80009d68 (0x00006f17) x30 0x8000fd68
core   0: 0x80009d6c (0x283f2c23) sw      gp, 664(t5)
core   0: 3 0x80009d6c (0x283f2c23) mem 0x80010000 0x00000001
core   0: 0x80009d70 (0xff9ff06f) j       pc - 0x8
core   0: 3 0x80009d70 (0xff9ff06f)
core   0: 0x80009d68 (0x00006f17) auipc   t5, 0x6
core   0: 3 0x80009d68 (0x00006f17) x30 0x8000fd68
core   0: 0x80009d6c (0x283f2c23) sw      gp, 664(t5)
core   0: 3 0x80009d6c (0x283f2c23) mem 0x80010000 0x00000001
core   0: 0x80009d70 (0xff9ff06f) j       pc - 0x8
core   0: 3 0x80009d70 (0xff9ff06f)
core   0: 0x80009d68 (0x00006f17) auipc   t5, 0x6
core   0: 3 0x80009d68 (0x00006f17) x30 0x8000fd68
core   0: 0x80009d6c (0x283f2c23) sw      gp, 664(t5)
core   0: 3 0x80009d6c (0x283f2c23) mem 0x80010000 0x00000001
core   0: 0x80009d70 (0xff9ff06f) j       pc - 0x8
core   0: 3 0x80009d70 (0xff9ff06f)
core   0: 0x80009d68 (0x00006f17) auipc   t5, 0x6
core   0: 3 0x80009d68 (0x00006f17) x30 0x8000fd68
core   0: 0x80009d6c (0x283f2c23) sw      gp, 664(t5)
core   0: 3 0x80009d6c (0x283f2c23) mem 0x80010000 0x00000001
core   0: 0x80009d70 (0xff9ff06f) j       pc - 0x8
core   0: 3 0x80009d70 (0xff9ff06f)
core   0: 0x80009d68 (0x00006f17) auipc   t5, 0x6
core   0: 3 0x80009d68 (0x00006f17) x30 0x8000fd68
core   0: 0x80009d6c (0x283f2c23) sw      gp, 664(t5)
core   0: 3 0x80009d6c (0x283f2c23) mem 0x80010000 0x00000001
core   0: 0x80009d70 (0xff9ff06f) j       pc - 0x8
core   0: 3 0x80009d70 (0xff9ff06f)
core   0: 0x80009d68 (0x00006f17) auipc   t5, 0x6
core   0: 3 0x80009d68 (0x00006f17) x30 0x8000fd68
core   0: 0x80009d6c (0x283f2c23) sw      gp, 664(t5)
core   0: 3 0x80009d6c (0x283f2c23) mem 0x80010000 0x00000001
core   0: 0x80009d70 (0xff9ff06f) j       pc - 0x8
core   0: 3 0x80009d70 (0xff9ff06f)
core   0: 0x80009d68 (0x00006f17) auipc   t5, 0x6
core   0: 3 0x80009d68 (0x00006f17) x30 0x8000fd68
core   0: 0x80009d6c (0x283f2c23) sw      gp, 664(t5)
core   0: 3 0x80009d6c (0x283f2c23) mem 0x80010000 0x00000001
core   0: 0x80009d70 (0xff9ff06f) j       pc - 0x8
core   0: 3 0x80009d70 (0xff9ff06f)
core   0: 0x80009d68 (0x00006f17) auipc   t5, 0x6
core   0: 3 0x80009d68 (0x00006f17) x30 0x8000fd68
core   0: 0x80009d6c (0x283f2c23) sw      gp, 664(t5)
core   0: 3 0x80009d6c (0x283f2c23) mem 0x80010000 0x00000001
core   0: 0x80009d70 (0xff9ff06f) j       pc - 0x8
core   0: 3 0x80009d70 (0xff9ff06f)
core   0: 0x80009d68 (0x00006f17) auipc   t5, 0x6
core   0: 3 0x80009d68 (0x00006f17) x30 0x8000fd68
core   0: 0x80009d6c (0x283f2c23) sw      gp, 664(t5)
core   0: 3 0x80009d6c (0x283f2c23) mem 0x80010000 0x00000001
core   0: 0x80009d70 (0xff9ff06f) j       pc - 0x8
core   0: 3 0x80009d70 (0xff9ff06f)
core   0: 0x80009d68 (0x00006f17) auipc   t5, 0x6
core   0: 3 0x80009d68 (0x00006f17) x30 0x8000fd68
core   0: 0x80009d6c (0x283f2c23) sw      gp, 664(t5)
core   0: 3 0x80009d6c (0x283f2c23) mem 0x80010000 0x00000001
core   0: 0x80009d70 (0xff9ff06f) j       pc - 0x8
core   0: 3 0x80009d70 (0xff9ff06f)
core   0: 0x80009d68 (0x00006f17) auipc   t5, 0x6
core   0: 3 0x80009d68 (0x00006f17) x30 0x8000fd68
core   0: 0x80009d6c (0x283f2c23) sw      gp, 664(t5)
core   0: 3 0x80009d6c (0x283f2c23) mem 0x80010000 0x00000001
core   0: 0x80009d70 (0xff9ff06f) j       pc - 0x8
core   0: 3 0x80009d70 (0xff9ff06f)
core   0: 0x80009d68 (0x00006f17) auipc   t5, 0x6
core   0: 3 0x80009d68 (0x00006f17) x30 0x8000fd68
core   0: 0x80009d6c (0x283f2c23) sw      gp, 664(t5)
core   0: 3 0x80009d6c (0x283f2c23) mem 0x80010000 0x00000001
core   0: 0x80009d70 (0xff9ff06f) j       pc - 0x8
core   0: 3 0x80009d70 (0xff9ff06f)
core   0: 0x80009d68 (0x00006f17) auipc   t5, 0x6
core   0: 3 0x80009d68 (0x00006f17) x30 0x8000fd68
core   0: 0x80009d6c (0x283f2c23) sw      gp, 664(t5)
core   0: 3 0x80009d6c (0x283f2c23) mem 0x80010000 0x00000001
core   0: 0x80009d70 (0xff9ff06f) j       pc - 0x8
core   0: 3 0x80009d70 (0xff9ff06f)
core   0: 0x80009d68 (0x00006f17) auipc   t5, 0x6
core   0: 3 0x80009d68 (0x00006f17) x30 0x8000fd68
core   0: 0x80009d6c (0x283f2c23) sw      gp, 664(t5)
core   0: 3 0x80009d6c (0x283f2c23) mem 0x80010000 0x00000001
core   0: 0x80009d70 (0xff9ff06f) j       pc - 0x8
core   0: 3 0x80009d70 (0xff9ff06f)
core   0: 0x80009d68 (0x00006f17) auipc   t5, 0x6
core   0: 3 0x80009d68 (0x00006f17) x30 0x8000fd68
core   0: 0x80009d6c (0x283f2c23) sw      gp, 664(t5)
core   0: 3 0x80009d6c (0x283f2c23) mem 0x80010000 0x00000001
core   0: 0x80009d70 (0xff9ff06f) j       pc - 0x8
core   0: 3 0x80009d70 (0xff9ff06f)
core   0: 0x80009d68 (0x00006f17) auipc   t5, 0x6
core   0: 3 0x80009d68 (0x00006f17) x30 0x8000fd68
core   0: 0x80009d6c (0x283f2c23) sw      gp, 664(t5)
core   0: 3 0x80009d6c (0x283f2c23) mem 0x80010000 0x00000001
core   0: 0x80009d70 (0xff9ff06f) j       pc - 0x8
core   0: 3 0x80009d70 (0xff9ff06f)
core   0: 0x80009d68 (0x00006f17) auipc   t5, 0x6
core   0: 3 0x80009d68 (0x00006f17) x30 0x8000fd68
core   0: 0x80009d6c (0x283f2c23) sw      gp, 664(t5)
core   0: 3 0x80009d6c (0x283f2c23) mem 0x80010000 0x00000001
core   0: 0x80009d70 (0xff9ff06f) j       pc - 0x8
core   0: 3 0x80009d70 (0xff9ff06f)
core   0: 0x80009d68 (0x00006f17) auipc   t5, 0x6
core   0: 3 0x80009d68 (0x00006f17) x30 0x8000fd68
core   0: 0x80009d6c (0x283f2c23) sw      gp, 664(t5)
core   0: 3 0x80009d6c (0x283f2c23) mem 0x80010000 0x00000001
core   0: 0x80009d70 (0xff9ff06f) j       pc - 0x8
core   0: 3 0x80009d70 (0xff9ff06f)
core   0: 0x80009d68 (0x00006f17) auipc   t5, 0x6
core   0: 3 0x80009d68 (0x00006f17) x30 0x8000fd68
core   0: 0x80009d6c (0x283f2c23) sw      gp, 664(t5)
core   0: 3 0x80009d6c (0x283f2c23) mem 0x80010000 0x00000001
core   0: 0x80009d70 (0xff9ff06f) j       pc - 0x8
core   0: 3 0x80009d70 (0xff9ff06f)
core   0: 0x80009d68 (0x00006f17) auipc   t5, 0x6
core   0: 3 0x80009d68 (0x00006f17) x30 0x8000fd68
core   0: 0x80009d6c (0x283f2c23) sw      gp, 664(t5)
core   0: 3 0x80009d6c (0x283f2c23) mem 0x80010000 0x00000001
core   0: 0x80009d70 (0xff9ff06f) j       pc - 0x8
core   0: 3 0x80009d70 (0xff9ff06f)
core   0: 0x80009d68 (0x00006f17) auipc   t5, 0x6
core   0: 3 0x80009d68 (0x00006f17) x30 0x8000fd68
core   0: 0x80009d6c (0x283f2c23) sw      gp, 664(t5)
core   0: 3 0x80009d6c (0x283f2c23) mem 0x80010000 0x00000001
core   0: 0x80009d70 (0xff9ff06f) j       pc - 0x8
core   0: 3 0x80009d70 (0xff9ff06f)
core   0: 0x80009d68 (0x00006f17) auipc   t5, 0x6
core   0: 3 0x80009d68 (0x00006f17) x30 0x8000fd68
core   0: 0x80009d6c (0x283f2c23) sw      gp, 664(t5)
core   0: 3 0x80009d6c (0x283f2c23) mem 0x80010000 0x00000001
core   0: 0x80009d70 (0xff9ff06f) j       pc - 0x8
core   0: 3 0x80009d70 (0xff9ff06f)
core   0: 0x80009d68 (0x00006f17) auipc   t5, 0x6
core   0: 3 0x80009d68 (0x00006f17) x30 0x8000fd68
core   0: 0x80009d6c (0x283f2c23) sw      gp, 664(t5)
core   0: 3 0x80009d6c (0x283f2c23) mem 0x80010000 0x00000001
core   0: 0x80009d70 (0xff9ff06f) j       pc - 0x8
core   0: 3 0x80009d70 (0xff9ff06f)
core   0: 0x80009d68 (0x00006f17) auipc   t5, 0x6
core   0: 3 0x80009d68 (0x00006f17) x30 0x8000fd68
core   0: 0x80009d6c (0x283f2c23) sw      gp, 664(t5)
core   0: 3 0x80009d6c (0x283f2c23) mem 0x80010000 0x00000001
core   0: 0x80009d70 (0xff9ff06f) j       pc - 0x8
core   0: 3 0x80009d70 (0xff9ff06f)
core   0: 0x80009d68 (0x00006f17) auipc   t5, 0x6
core   0: 3 0x80009d68 (0x00006f17) x30 0x8000fd68
core   0: 0x80009d6c (0x283f2c23) sw      gp, 664(t5)
core   0: 3 0x80009d6c (0x283f2c23) mem 0x80010000 0x00000001
core   0: 0x80009d70 (0xff9ff06f) j       pc - 0x8
core   0: 3 0x80009d70 (0xff9ff06f)
core   0: 0x80009d68 (0x00006f17) auipc   t5, 0x6
core   0: 3 0x80009d68 (0x00006f17) x30 0x8000fd68
core   0: 0x80009d6c (0x283f2c23) sw      gp, 664(t5)
core   0: 3 0x80009d6c (0x283f2c23) mem 0x80010000 0x00000001
core   0: 0x80009d70 (0xff9ff06f) j       pc - 0x8
core   0: 3 0x80009d70 (0xff9ff06f)
core   0: 0x80009d68 (0x00006f17) auipc   t5, 0x6
core   0: 3 0x80009d68 (0x00006f17) x30 0x8000fd68
core   0: 0x80009d6c (0x283f2c23) sw      gp, 664(t5)
core   0: 3 0x80009d6c (0x283f2c23) mem 0x80010000 0x00000001
core   0: 0x80009d70 (0xff9ff06f) j       pc - 0x8
core   0: 3 0x80009d70 (0xff9ff06f)
core   0: 0x80009d68 (0x00006f17) auipc   t5, 0x6
core   0: 3 0x80009d68 (0x00006f17) x30 0x8000fd68
core   0: 0x80009d6c (0x283f2c23) sw      gp, 664(t5)
core   0: 3 0x80009d6c (0x283f2c23) mem 0x80010000 0x00000001
core   0: 0x80009d70 (0xff9ff06f) j       pc - 0x8
core   0: 3 0x80009d70 (0xff9ff06f)
core   0: 0x80009d68 (0x00006f17) auipc   t5, 0x6
core   0: 3 0x80009d68 (0x00006f17) x30 0x8000fd68
core   0: 0x80009d6c (0x283f2c23) sw      gp, 664(t5)
core   0: 3 0x80009d6c (0x283f2c23) mem 0x80010000 0x00000001
core   0: 0x80009d70 (0xff9ff06f) j       pc - 0x8
core   0: 3 0x80009d70 (0xff9ff06f)
core   0: 0x80009d68 (0x00006f17) auipc   t5, 0x6
core   0: 3 0x80009d68 (0x00006f17) x30 0x8000fd68
core   0: 0x80009d6c (0x283f2c23) sw      gp, 664(t5)
core   0: 3 0x80009d6c (0x283f2c23) mem 0x80010000 0x00000001
core   0: 0x80009d70 (0xff9ff06f) j       pc - 0x8
core   0: 3 0x80009d70 (0xff9ff06f)
core   0: 0x80009d68 (0x00006f17) auipc   t5, 0x6
core   0: 3 0x80009d68 (0x00006f17) x30 0x8000fd68
core   0: 0x80009d6c (0x283f2c23) sw      gp, 664(t5)
core   0: 3 0x80009d6c (0x283f2c23) mem 0x80010000 0x00000001
core   0: 0x80009d70 (0xff9ff06f) j       pc - 0x8
core   0: 3 0x80009d70 (0xff9ff06f)
core   0: 0x80009d68 (0x00006f17) auipc   t5, 0x6
core   0: 3 0x80009d68 (0x00006f17) x30 0x8000fd68
core   0: 0x80009d6c (0x283f2c23) sw      gp, 664(t5)
core   0: 3 0x80009d6c (0x283f2c23) mem 0x80010000 0x00000001
core   0: 0x80009d70 (0xff9ff06f) j       pc - 0x8
core   0: 3 0x80009d70 (0xff9ff06f)
core   0: 0x80009d68 (0x00006f17) auipc   t5, 0x6
core   0: 3 0x80009d68 (0x00006f17) x30 0x8000fd68
core   0: 0x80009d6c (0x283f2c23) sw      gp, 664(t5)
core   0: 3 0x80009d6c (0x283f2c23) mem 0x80010000 0x00000001
core   0: 0x80009d70 (0xff9ff06f) j       pc - 0x8
core   0: 3 0x80009d70 (0xff9ff06f)
core   0: 0x80009d68 (0x00006f17) auipc   t5, 0x6
core   0: 3 0x80009d68 (0x00006f17) x30 0x8000fd68
core   0: 0x80009d6c (0x283f2c23) sw      gp, 664(t5)
core   0: 3 0x80009d6c (0x283f2c23) mem 0x80010000 0x00000001
core   0: 0x80009d70 (0xff9ff06f) j       pc - 0x8
core   0: 3 0x80009d70 (0xff9ff06f)
core   0: 0x80009d68 (0x00006f17) auipc   t5, 0x6
core   0: 3 0x80009d68 (0x00006f17) x30 0x8000fd68
core   0: 0x80009d6c (0x283f2c23) sw      gp, 664(t5)
core   0: 3 0x80009d6c (0x283f2c23) mem 0x80010000 0x00000001
core   0: 0x80009d70 (0xff9ff06f) j       pc - 0x8
core   0: 3 0x80009d70 (0xff9ff06f)
core   0: 0x80009d68 (0x00006f17) auipc   t5, 0x6
core   0: 3 0x80009d68 (0x00006f17) x30 0x8000fd68
core   0: 0x80009d6c (0x283f2c23) sw      gp, 664(t5)
core   0: 3 0x80009d6c (0x283f2c23) mem 0x80010000 0x00000001
core   0: 0x80009d70 (0xff9ff06f) j       pc - 0x8
core   0: 3 0x80009d70 (0xff9ff06f)
core   0: 0x80009d68 (0x00006f17) auipc   t5, 0x6
core   0: 3 0x80009d68 (0x00006f17) x30 0x8000fd68
core   0: 0x80009d6c (0x283f2c23) sw      gp, 664(t5)
core   0: 3 0x80009d6c (0x283f2c23) mem 0x80010000 0x00000001
core   0: 0x80009d70 (0xff9ff06f) j       pc - 0x8
core   0: 3 0x80009d70 (0xff9ff06f)
core   0: 0x80009d68 (0x00006f17) auipc   t5, 0x6
core   0: 3 0x80009d68 (0x00006f17) x30 0x8000fd68
core   0: 0x80009d6c (0x283f2c23) sw      gp, 664(t5)
core   0: 3 0x80009d6c (0x283f2c23) mem 0x80010000 0x00000001
core   0: 0x80009d70 (0xff9ff06f) j       pc - 0x8
core   0: 3 0x80009d70 (0xff9ff06f)
core   0: 0x80009d68 (0x00006f17) auipc   t5, 0x6
core   0: 3 0x80009d68 (0x00006f17) x30 0x8000fd68
core   0: 0x80009d6c (0x283f2c23) sw      gp, 664(t5)
core   0: 3 0x80009d6c (0x283f2c23) mem 0x80010000 0x00000001
core   0: 0x80009d70 (0xff9ff06f) j       pc - 0x8
core   0: 3 0x80009d70 (0xff9ff06f)
core   0: 0x80009d68 (0x00006f17) auipc   t5, 0x6
core   0: 3 0x80009d68 (0x00006f17) x30 0x8000fd68
core   0: 0x80009d6c (0x283f2c23) sw      gp, 664(t5)
core   0: 3 0x80009d6c (0x283f2c23) mem 0x80010000 0x00000001
core   0: 0x80009d70 (0xff9ff06f) j       pc - 0x8
core   0: 3 0x80009d70 (0xff9ff06f)
core   0: 0x80009d68 (0x00006f17) auipc   t5, 0x6
core   0: 3 0x80009d68 (0x00006f17) x30 0x8000fd68
core   0: 0x80009d6c (0x283f2c23) sw      gp, 664(t5)
core   0: 3 0x80009d6c (0x283f2c23) mem 0x80010000 0x00000001
core   0: 0x80009d70 (0xff9ff06f) j       pc - 0x8
core   0: 3 0x80009d70 (0xff9ff06f)
core   0: 0x80009d68 (0x00006f17) auipc   t5, 0x6
core   0: 3 0x80009d68 (0x00006f17) x30 0x8000fd68
core   0: 0x80009d6c (0x283f2c23) sw      gp, 664(t5)
core   0: 3 0x80009d6c (0x283f2c23) mem 0x80010000 0x00000001
core   0: 0x80009d70 (0xff9ff06f) j       pc - 0x8
core   0: 3 0x80009d70 (0xff9ff06f)
core   0: 0x80009d68 (0x00006f17) auipc   t5, 0x6
core   0: 3 0x80009d68 (0x00006f17) x30 0x8000fd68
core   0: 0x80009d6c (0x283f2c23) sw      gp, 664(t5)
core   0: 3 0x80009d6c (0x283f2c23) mem 0x80010000 0x00000001
core   0: 0x80009d70 (0xff9ff06f) j       pc - 0x8
core   0: 3 0x80009d70 (0xff9ff06f)
core   0: 0x80009d68 (0x00006f17) auipc   t5, 0x6
core   0: 3 0x80009d68 (0x00006f17) x30 0x8000fd68
core   0: 0x80009d6c (0x283f2c23) sw      gp, 664(t5)
core   0: 3 0x80009d6c (0x283f2c23) mem 0x80010000 0x00000001
core   0: 0x80009d70 (0xff9ff06f) j       pc - 0x8
core   0: 3 0x80009d70 (0xff9ff06f)
core   0: 0x80009d68 (0x00006f17) auipc   t5, 0x6
core   0: 3 0x80009d68 (0x00006f17) x30 0x8000fd68
core   0: 0x80009d6c (0x283f2c23) sw      gp, 664(t5)
core   0: 3 0x80009d6c (0x283f2c23) mem 0x80010000 0x00000001
core   0: 0x80009d70 (0xff9ff06f) j       pc - 0x8
core   0: 3 0x80009d70 (0xff9ff06f)
core   0: 0x80009d68 (0x00006f17) auipc   t5, 0x6
core   0: 3 0x80009d68 (0x00006f17) x30 0x8000fd68
core   0: 0x80009d6c (0x283f2c23) sw      gp, 664(t5)
core   0: 3 0x80009d6c (0x283f2c23) mem 0x80010000 0x00000001
core   0: 0x80009d70 (0xff9ff06f) j       pc - 0x8
core   0: 3 0x80009d70 (0xff9ff06f)
core   0: 0x80009d68 (0x00006f17) auipc   t5, 0x6
core   0: 3 0x80009d68 (0x00006f17) x30 0x8000fd68
core   0: 0x80009d6c (0x283f2c23) sw      gp, 664(t5)
core   0: 3 0x80009d6c (0x283f2c23) mem 0x80010000 0x00000001
core   0: 0x80009d70 (0xff9ff06f) j       pc - 0x8
core   0: 3 0x80009d70 (0xff9ff06f)
core   0: 0x80009d68 (0x00006f17) auipc   t5, 0x6
core   0: 3 0x80009d68 (0x00006f17) x30 0x8000fd68
core   0: 0x80009d6c (0x283f2c23) sw      gp, 664(t5)
core   0: 3 0x80009d6c (0x283f2c23) mem 0x80010000 0x00000001
core   0: 0x80009d70 (0xff9ff06f) j       pc - 0x8
core   0: 3 0x80009d70 (0xff9ff06f)
core   0: 0x80009d68 (0x00006f17) auipc   t5, 0x6
core   0: 3 0x80009d68 (0x00006f17) x30 0x8000fd68
core   0: 0x80009d6c (0x283f2c23) sw      gp, 664(t5)
core   0: 3 0x80009d6c (0x283f2c23) mem 0x80010000 0x00000001
core   0: 0x80009d70 (0xff9ff06f) j       pc - 0x8
core   0: 3 0x80009d70 (0xff9ff06f)
core   0: 0x80009d68 (0x00006f17) auipc   t5, 0x6
core   0: 3 0x80009d68 (0x00006f17) x30 0x8000fd68
core   0: 0x80009d6c (0x283f2c23) sw      gp, 664(t5)
core   0: 3 0x80009d6c (0x283f2c23) mem 0x80010000 0x00000001
core   0: 0x80009d70 (0xff9ff06f) j       pc - 0x8
core   0: 3 0x80009d70 (0xff9ff06f)
core   0: 0x80009d68 (0x00006f17) auipc   t5, 0x6
core   0: 3 0x80009d68 (0x00006f17) x30 0x8000fd68
core   0: 0x80009d6c (0x283f2c23) sw      gp, 664(t5)
core   0: 3 0x80009d6c (0x283f2c23) mem 0x80010000 0x00000001
core   0: 0x80009d70 (0xff9ff06f) j       pc - 0x8
core   0: 3 0x80009d70 (0xff9ff06f)
core   0: 0x80009d68 (0x00006f17) auipc   t5, 0x6
core   0: 3 0x80009d68 (0x00006f17) x30 0x8000fd68
core   0: 0x80009d6c (0x283f2c23) sw      gp, 664(t5)
core   0: 3 0x80009d6c (0x283f2c23) mem 0x80010000 0x00000001
core   0: 0x80009d70 (0xff9ff06f) j       pc - 0x8
core   0: 3 0x80009d70 (0xff9ff06f)
core   0: 0x80009d68 (0x00006f17) auipc   t5, 0x6
core   0: 3 0x80009d68 (0x00006f17) x30 0x8000fd68
core   0: 0x80009d6c (0x283f2c23) sw      gp, 664(t5)
core   0: 3 0x80009d6c (0x283f2c23) mem 0x80010000 0x00000001
core   0: 0x80009d70 (0xff9ff06f) j       pc - 0x8
core   0: 3 0x80009d70 (0xff9ff06f)
core   0: 0x80009d68 (0x00006f17) auipc   t5, 0x6
core   0: 3 0x80009d68 (0x00006f17) x30 0x8000fd68
core   0: 0x80009d6c (0x283f2c23) sw      gp, 664(t5)
core   0: 3 0x80009d6c (0x283f2c23) mem 0x80010000 0x00000001
core   0: 0x80009d70 (0xff9ff06f) j       pc - 0x8
core   0: 3 0x80009d70 (0xff9ff06f)
core   0: 0x80009d68 (0x00006f17) auipc   t5, 0x6
core   0: 3 0x80009d68 (0x00006f17) x30 0x8000fd68
core   0: 0x80009d6c (0x283f2c23) sw      gp, 664(t5)
core   0: 3 0x80009d6c (0x283f2c23) mem 0x80010000 0x00000001
core   0: 0x80009d70 (0xff9ff06f) j       pc - 0x8
core   0: 3 0x80009d70 (0xff9ff06f)
core   0: 0x80009d68 (0x00006f17) auipc   t5, 0x6
core   0: 3 0x80009d68 (0x00006f17) x30 0x8000fd68
core   0: 0x80009d6c (0x283f2c23) sw      gp, 664(t5)
core   0: 3 0x80009d6c (0x283f2c23) mem 0x80010000 0x00000001
core   0: 0x80009d70 (0xff9ff06f) j       pc - 0x8
core   0: 3 0x80009d70 (0xff9ff06f)
core   0: 0x80009d68 (0x00006f17) auipc   t5, 0x6
core   0: 3 0x80009d68 (0x00006f17) x30 0x8000fd68
core   0: 0x80009d6c (0x283f2c23) sw      gp, 664(t5)
core   0: 3 0x80009d6c (0x283f2c23) mem 0x80010000 0x00000001
core   0: 0x80009d70 (0xff9ff06f) j       pc - 0x8
core   0: 3 0x80009d70 (0xff9ff06f)
core   0: 0x80009d68 (0x00006f17) auipc   t5, 0x6
core   0: 3 0x80009d68 (0x00006f17) x30 0x8000fd68
core   0: 0x80009d6c (0x283f2c23) sw      gp, 664(t5)
core   0: 3 0x80009d6c (0x283f2c23) mem 0x80010000 0x00000001
core   0: 0x80009d70 (0xff9ff06f) j       pc - 0x8
core   0: 3 0x80009d70 (0xff9ff06f)
core   0: 0x80009d68 (0x00006f17) auipc   t5, 0x6
core   0: 3 0x80009d68 (0x00006f17) x30 0x8000fd68
core   0: 0x80009d6c (0x283f2c23) sw      gp, 664(t5)
core   0: 3 0x80009d6c (0x283f2c23) mem 0x80010000 0x00000001
core   0: 0x80009d70 (0xff9ff06f) j       pc - 0x8
core   0: 3 0x80009d70 (0xff9ff06f)
core   0: 0x80009d68 (0x00006f17) auipc   t5, 0x6
core   0: 3 0x80009d68 (0x00006f17) x30 0x8000fd68
core   0: 0x80009d6c (0x283f2c23) sw      gp, 664(t5)
core   0: 3 0x80009d6c (0x283f2c23) mem 0x80010000 0x00000001
core   0: 0x80009d70 (0xff9ff06f) j       pc - 0x8
core   0: 3 0x80009d70 (0xff9ff06f)
core   0: 0x80009d68 (0x00006f17) auipc   t5, 0x6
core   0: 3 0x80009d68 (0x00006f17) x30 0x8000fd68
core   0: 0x80009d6c (0x283f2c23) sw      gp, 664(t5)
core   0: 3 0x80009d6c (0x283f2c23) mem 0x80010000 0x00000001
core   0: 0x80009d70 (0xff9ff06f) j       pc - 0x8
core   0: 3 0x80009d70 (0xff9ff06f)
core   0: 0x80009d68 (0x00006f17) auipc   t5, 0x6
core   0: 3 0x80009d68 (0x00006f17) x30 0x8000fd68
core   0: 0x80009d6c (0x283f2c23) sw      gp, 664(t5)
core   0: 3 0x80009d6c (0x283f2c23) mem 0x80010000 0x00000001
core   0: 0x80009d70 (0xff9ff06f) j       pc - 0x8
core   0: 3 0x80009d70 (0xff9ff06f)
core   0: 0x80009d68 (0x00006f17) auipc   t5, 0x6
core   0: 3 0x80009d68 (0x00006f17) x30 0x8000fd68
core   0: 0x80009d6c (0x283f2c23) sw      gp, 664(t5)
core   0: 3 0x80009d6c (0x283f2c23) mem 0x80010000 0x00000001
core   0: 0x80009d70 (0xff9ff06f) j       pc - 0x8
core   0: 3 0x80009d70 (0xff9ff06f)
core   0: 0x80009d68 (0x00006f17) auipc   t5, 0x6
core   0: 3 0x80009d68 (0x00006f17) x30 0x8000fd68
core   0: 0x80009d6c (0x283f2c23) sw      gp, 664(t5)
core   0: 3 0x80009d6c (0x283f2c23) mem 0x80010000 0x00000001
core   0: 0x80009d70 (0xff9ff06f) j       pc - 0x8
core   0: 3 0x80009d70 (0xff9ff06f)
core   0: 0x80009d68 (0x00006f17) auipc   t5, 0x6
core   0: 3 0x80009d68 (0x00006f17) x30 0x8000fd68
core   0: 0x80009d6c (0x283f2c23) sw      gp, 664(t5)
core   0: 3 0x80009d6c (0x283f2c23) mem 0x80010000 0x00000001
core   0: 0x80009d70 (0xff9ff06f) j       pc - 0x8
core   0: 3 0x80009d70 (0xff9ff06f)
core   0: 0x80009d68 (0x00006f17) auipc   t5, 0x6
core   0: 3 0x80009d68 (0x00006f17) x30 0x8000fd68
core   0: 0x80009d6c (0x283f2c23) sw      gp, 664(t5)
core   0: 3 0x80009d6c (0x283f2c23) mem 0x80010000 0x00000001
core   0: 0x80009d70 (0xff9ff06f) j       pc - 0x8
core   0: 3 0x80009d70 (0xff9ff06f)
core   0: 0x80009d68 (0x00006f17) auipc   t5, 0x6
core   0: 3 0x80009d68 (0x00006f17) x30 0x8000fd68
core   0: 0x80009d6c (0x283f2c23) sw      gp, 664(t5)
core   0: 3 0x80009d6c (0x283f2c23) mem 0x80010000 0x00000001
core   0: 0x80009d70 (0xff9ff06f) j       pc - 0x8
core   0: 3 0x80009d70 (0xff9ff06f)
core   0: 0x80009d68 (0x00006f17) auipc   t5, 0x6
core   0: 3 0x80009d68 (0x00006f17) x30 0x8000fd68
core   0: 0x80009d6c (0x283f2c23) sw      gp, 664(t5)
core   0: 3 0x80009d6c (0x283f2c23) mem 0x80010000 0x00000001
core   0: 0x80009d70 (0xff9ff06f) j       pc - 0x8
core   0: 3 0x80009d70 (0xff9ff06f)
core   0: 0x80009d68 (0x00006f17) auipc   t5, 0x6
core   0: 3 0x80009d68 (0x00006f17) x30 0x8000fd68
core   0: 0x80009d6c (0x283f2c23) sw      gp, 664(t5)
core   0: 3 0x80009d6c (0x283f2c23) mem 0x80010000 0x00000001
core   0: 0x80009d70 (0xff9ff06f) j       pc - 0x8
core   0: 3 0x80009d70 (0xff9ff06f)
core   0: 0x80009d68 (0x00006f17) auipc   t5, 0x6
core   0: 3 0x80009d68 (0x00006f17) x30 0x8000fd68
core   0: 0x80009d6c (0x283f2c23) sw      gp, 664(t5)
core   0: 3 0x80009d6c (0x283f2c23) mem 0x80010000 0x00000001
core   0: 0x80009d70 (0xff9ff06f) j       pc - 0x8
core   0: 3 0x80009d70 (0xff9ff06f)
core   0: 0x80009d68 (0x00006f17) auipc   t5, 0x6
core   0: 3 0x80009d68 (0x00006f17) x30 0x8000fd68
core   0: 0x80009d6c (0x283f2c23) sw      gp, 664(t5)
core   0: 3 0x80009d6c (0x283f2c23) mem 0x80010000 0x00000001
core   0: 0x80009d70 (0xff9ff06f) j       pc - 0x8
core   0: 3 0x80009d70 (0xff9ff06f)
core   0: 0x80009d68 (0x00006f17) auipc   t5, 0x6
core   0: 3 0x80009d68 (0x00006f17) x30 0x8000fd68
core   0: 0x80009d6c (0x283f2c23) sw      gp, 664(t5)
core   0: 3 0x80009d6c (0x283f2c23) mem 0x80010000 0x00000001
core   0: 0x80009d70 (0xff9ff06f) j       pc - 0x8
core   0: 3 0x80009d70 (0xff9ff06f)
core   0: 0x80009d68 (0x00006f17) auipc   t5, 0x6
core   0: 3 0x80009d68 (0x00006f17) x30 0x8000fd68
core   0: 0x80009d6c (0x283f2c23) sw      gp, 664(t5)
core   0: 3 0x80009d6c (0x283f2c23) mem 0x80010000 0x00000001
core   0: 0x80009d70 (0xff9ff06f) j       pc - 0x8
core   0: 3 0x80009d70 (0xff9ff06f)
core   0: 0x80009d68 (0x00006f17) auipc   t5, 0x6
core   0: 3 0x80009d68 (0x00006f17) x30 0x8000fd68
core   0: 0x80009d6c (0x283f2c23) sw      gp, 664(t5)
core   0: 3 0x80009d6c (0x283f2c23) mem 0x80010000 0x00000001
core   0: 0x80009d70 (0xff9ff06f) j       pc - 0x8
core   0: 3 0x80009d70 (0xff9ff06f)
core   0: 0x80009d68 (0x00006f17) auipc   t5, 0x6
core   0: 3 0x80009d68 (0x00006f17) x30 0x8000fd68
core   0: 0x80009d6c (0x283f2c23) sw      gp, 664(t5)
core   0: 3 0x80009d6c (0x283f2c23) mem 0x80010000 0x00000001
core   0: 0x80009d70 (0xff9ff06f) j       pc - 0x8
core   0: 3 0x80009d70 (0xff9ff06f)
core   0: 0x80009d68 (0x00006f17) auipc   t5, 0x6
core   0: 3 0x80009d68 (0x00006f17) x30 0x8000fd68
core   0: 0x80009d6c (0x283f2c23) sw      gp, 664(t5)
core   0: 3 0x80009d6c (0x283f2c23) mem 0x80010000 0x00000001
core   0: 0x80009d70 (0xff9ff06f) j       pc - 0x8
core   0: 3 0x80009d70 (0xff9ff06f)
core   0: 0x80009d68 (0x00006f17) auipc   t5, 0x6
core   0: 3 0x80009d68 (0x00006f17) x30 0x8000fd68
core   0: 0x80009d6c (0x283f2c23) sw      gp, 664(t5)
core   0: 3 0x80009d6c (0x283f2c23) mem 0x80010000 0x00000001
core   0: 0x80009d70 (0xff9ff06f) j       pc - 0x8
core   0: 3 0x80009d70 (0xff9ff06f)
core   0: 0x80009d68 (0x00006f17) auipc   t5, 0x6
core   0: 3 0x80009d68 (0x00006f17) x30 0x8000fd68
core   0: 0x80009d6c (0x283f2c23) sw      gp, 664(t5)
core   0: 3 0x80009d6c (0x283f2c23) mem 0x80010000 0x00000001
core   0: 0x80009d70 (0xff9ff06f) j       pc - 0x8
core   0: 3 0x80009d70 (0xff9ff06f)
core   0: 0x80009d68 (0x00006f17) auipc   t5, 0x6
core   0: 3 0x80009d68 (0x00006f17) x30 0x8000fd68
core   0: 0x80009d6c (0x283f2c23) sw      gp, 664(t5)
core   0: 3 0x80009d6c (0x283f2c23) mem 0x80010000 0x00000001
core   0: 0x80009d70 (0xff9ff06f) j       pc - 0x8
core   0: 3 0x80009d70 (0xff9ff06f)
core   0: 0x80009d68 (0x00006f17) auipc   t5, 0x6
core   0: 3 0x80009d68 (0x00006f17) x30 0x8000fd68
core   0: 0x80009d6c (0x283f2c23) sw      gp, 664(t5)
core   0: 3 0x80009d6c (0x283f2c23) mem 0x80010000 0x00000001
core   0: 0x80009d70 (0xff9ff06f) j       pc - 0x8
core   0: 3 0x80009d70 (0xff9ff06f)
core   0: 0x80009d68 (0x00006f17) auipc   t5, 0x6
core   0: 3 0x80009d68 (0x00006f17) x30 0x8000fd68
core   0: 0x80009d6c (0x283f2c23) sw      gp, 664(t5)
core   0: 3 0x80009d6c (0x283f2c23) mem 0x80010000 0x00000001
core   0: 0x80009d70 (0xff9ff06f) j       pc - 0x8
core   0: 3 0x80009d70 (0xff9ff06f)
core   0: 0x80009d68 (0x00006f17) auipc   t5, 0x6
core   0: 3 0x80009d68 (0x00006f17) x30 0x8000fd68
core   0: 0x80009d6c (0x283f2c23) sw      gp, 664(t5)
core   0: 3 0x80009d6c (0x283f2c23) mem 0x80010000 0x00000001
core   0: 0x80009d70 (0xff9ff06f) j       pc - 0x8
core   0: 3 0x80009d70 (0xff9ff06f)
core   0: 0x80009d68 (0x00006f17) auipc   t5, 0x6
core   0: 3 0x80009d68 (0x00006f17) x30 0x8000fd68
core   0: 0x80009d6c (0x283f2c23) sw      gp, 664(t5)
core   0: 3 0x80009d6c (0x283f2c23) mem 0x80010000 0x00000001
core   0: 0x80009d70 (0xff9ff06f) j       pc - 0x8
core   0: 3 0x80009d70 (0xff9ff06f)
core   0: 0x80009d68 (0x00006f17) auipc   t5, 0x6
core   0: 3 0x80009d68 (0x00006f17) x30 0x8000fd68
core   0: 0x80009d6c (0x283f2c23) sw      gp, 664(t5)
core   0: 3 0x80009d6c (0x283f2c23) mem 0x80010000 0x00000001
core   0: 0x80009d70 (0xff9ff06f) j       pc - 0x8
core   0: 3 0x80009d70 (0xff9ff06f)
core   0: 0x80009d68 (0x00006f17) auipc   t5, 0x6
core   0: 3 0x80009d68 (0x00006f17) x30 0x8000fd68
core   0: 0x80009d6c (0x283f2c23) sw      gp, 664(t5)
core   0: 3 0x80009d6c (0x283f2c23) mem 0x80010000 0x00000001
core   0: 0x80009d70 (0xff9ff06f) j       pc - 0x8
core   0: 3 0x80009d70 (0xff9ff06f)
core   0: 0x80009d68 (0x00006f17) auipc   t5, 0x6
core   0: 3 0x80009d68 (0x00006f17) x30 0x8000fd68
core   0: 0x80009d6c (0x283f2c23) sw      gp, 664(t5)
core   0: 3 0x80009d6c (0x283f2c23) mem 0x80010000 0x00000001
core   0: 0x80009d70 (0xff9ff06f) j       pc - 0x8
core   0: 3 0x80009d70 (0xff9ff06f)
core   0: 0x80009d68 (0x00006f17) auipc   t5, 0x6
core   0: 3 0x80009d68 (0x00006f17) x30 0x8000fd68
core   0: 0x80009d6c (0x283f2c23) sw      gp, 664(t5)
core   0: 3 0x80009d6c (0x283f2c23) mem 0x80010000 0x00000001
core   0: 0x80009d70 (0xff9ff06f) j       pc - 0x8
core   0: 3 0x80009d70 (0xff9ff06f)
core   0: 0x80009d68 (0x00006f17) auipc   t5, 0x6
core   0: 3 0x80009d68 (0x00006f17) x30 0x8000fd68
core   0: 0x80009d6c (0x283f2c23) sw      gp, 664(t5)
core   0: 3 0x80009d6c (0x283f2c23) mem 0x80010000 0x00000001
core   0: 0x80009d70 (0xff9ff06f) j       pc - 0x8
core   0: 3 0x80009d70 (0xff9ff06f)
core   0: 0x80009d68 (0x00006f17) auipc   t5, 0x6
core   0: 3 0x80009d68 (0x00006f17) x30 0x8000fd68
core   0: 0x80009d6c (0x283f2c23) sw      gp, 664(t5)
core   0: 3 0x80009d6c (0x283f2c23) mem 0x80010000 0x00000001
core   0: 0x80009d70 (0xff9ff06f) j       pc - 0x8
core   0: 3 0x80009d70 (0xff9ff06f)
core   0: 0x80009d68 (0x00006f17) auipc   t5, 0x6
core   0: 3 0x80009d68 (0x00006f17) x30 0x8000fd68
core   0: 0x80009d6c (0x283f2c23) sw      gp, 664(t5)
core   0: 3 0x80009d6c (0x283f2c23) mem 0x80010000 0x00000001
core   0: 0x80009d70 (0xff9ff06f) j       pc - 0x8
core   0: 3 0x80009d70 (0xff9ff06f)
core   0: 0x80009d68 (0x00006f17) auipc   t5, 0x6
core   0: 3 0x80009d68 (0x00006f17) x30 0x8000fd68
core   0: 0x80009d6c (0x283f2c23) sw      gp, 664(t5)
core   0: 3 0x80009d6c (0x283f2c23) mem 0x80010000 0x00000001
core   0: 0x80009d70 (0xff9ff06f) j       pc - 0x8
core   0: 3 0x80009d70 (0xff9ff06f)
core   0: 0x80009d68 (0x00006f17) auipc   t5, 0x6
core   0: 3 0x80009d68 (0x00006f17) x30 0x8000fd68
core   0: 0x80009d6c (0x283f2c23) sw      gp, 664(t5)
core   0: 3 0x80009d6c (0x283f2c23) mem 0x80010000 0x00000001
core   0: 0x80009d70 (0xff9ff06f) j       pc - 0x8
core   0: 3 0x80009d70 (0xff9ff06f)
core   0: 0x80009d68 (0x00006f17) auipc   t5, 0x6
core   0: 3 0x80009d68 (0x00006f17) x30 0x8000fd68
core   0: 0x80009d6c (0x283f2c23) sw      gp, 664(t5)
core   0: 3 0x80009d6c (0x283f2c23) mem 0x80010000 0x00000001
core   0: 0x80009d70 (0xff9ff06f) j       pc - 0x8
core   0: 3 0x80009d70 (0xff9ff06f)
core   0: 0x80009d68 (0x00006f17) auipc   t5, 0x6
core   0: 3 0x80009d68 (0x00006f17) x30 0x8000fd68
core   0: 0x80009d6c (0x283f2c23) sw      gp, 664(t5)
core   0: 3 0x80009d6c (0x283f2c23) mem 0x80010000 0x00000001
core   0: 0x80009d70 (0xff9ff06f) j       pc - 0x8
core   0: 3 0x80009d70 (0xff9ff06f)
core   0: 0x80009d68 (0x00006f17) auipc   t5, 0x6
core   0: 3 0x80009d68 (0x00006f17) x30 0x8000fd68
core   0: 0x80009d6c (0x283f2c23) sw      gp, 664(t5)
core   0: 3 0x80009d6c (0x283f2c23) mem 0x80010000 0x00000001
core   0: 0x80009d70 (0xff9ff06f) j       pc - 0x8
core   0: 3 0x80009d70 (0xff9ff06f)
core   0: 0x80009d68 (0x00006f17) auipc   t5, 0x6
core   0: 3 0x80009d68 (0x00006f17) x30 0x8000fd68
core   0: 0x80009d6c (0x283f2c23) sw      gp, 664(t5)
core   0: 3 0x80009d6c (0x283f2c23) mem 0x80010000 0x00000001
core   0: 0x80009d70 (0xff9ff06f) j       pc - 0x8
core   0: 3 0x80009d70 (0xff9ff06f)
core   0: 0x80009d68 (0x00006f17) auipc   t5, 0x6
core   0: 3 0x80009d68 (0x00006f17) x30 0x8000fd68
core   0: 0x80009d6c (0x283f2c23) sw      gp, 664(t5)
core   0: 3 0x80009d6c (0x283f2c23) mem 0x80010000 0x00000001
core   0: 0x80009d70 (0xff9ff06f) j       pc - 0x8
core   0: 3 0x80009d70 (0xff9ff06f)
core   0: 0x80009d68 (0x00006f17) auipc   t5, 0x6
core   0: 3 0x80009d68 (0x00006f17) x30 0x8000fd68
core   0: 0x80009d6c (0x283f2c23) sw      gp, 664(t5)
core   0: 3 0x80009d6c (0x283f2c23) mem 0x80010000 0x00000001
core   0: 0x80009d70 (0xff9ff06f) j       pc - 0x8
core   0: 3 0x80009d70 (0xff9ff06f)
core   0: 0x80009d68 (0x00006f17) auipc   t5, 0x6
core   0: 3 0x80009d68 (0x00006f17) x30 0x8000fd68
core   0: 0x80009d6c (0x283f2c23) sw      gp, 664(t5)
core   0: 3 0x80009d6c (0x283f2c23) mem 0x80010000 0x00000001
core   0: 0x80009d70 (0xff9ff06f) j       pc - 0x8
core   0: 3 0x80009d70 (0xff9ff06f)
core   0: 0x80009d68 (0x00006f17) auipc   t5, 0x6
core   0: 3 0x80009d68 (0x00006f17) x30 0x8000fd68
core   0: 0x80009d6c (0x283f2c23) sw      gp, 664(t5)
core   0: 3 0x80009d6c (0x283f2c23) mem 0x80010000 0x00000001
core   0: 0x80009d70 (0xff9ff06f) j       pc - 0x8
core   0: 3 0x80009d70 (0xff9ff06f)
core   0: 0x80009d68 (0x00006f17) auipc   t5, 0x6
core   0: 3 0x80009d68 (0x00006f17) x30 0x8000fd68
core   0: 0x80009d6c (0x283f2c23) sw      gp, 664(t5)
core   0: 3 0x80009d6c (0x283f2c23) mem 0x80010000 0x00000001
core   0: 0x80009d70 (0xff9ff06f) j       pc - 0x8
core   0: 3 0x80009d70 (0xff9ff06f)
core   0: 0x80009d68 (0x00006f17) auipc   t5, 0x6
core   0: 3 0x80009d68 (0x00006f17) x30 0x8000fd68
core   0: 0x80009d6c (0x283f2c23) sw      gp, 664(t5)
core   0: 3 0x80009d6c (0x283f2c23) mem 0x80010000 0x00000001
core   0: 0x80009d70 (0xff9ff06f) j       pc - 0x8
core   0: 3 0x80009d70 (0xff9ff06f)
core   0: 0x80009d68 (0x00006f17) auipc   t5, 0x6
core   0: 3 0x80009d68 (0x00006f17) x30 0x8000fd68
core   0: 0x80009d6c (0x283f2c23) sw      gp, 664(t5)
core   0: 3 0x80009d6c (0x283f2c23) mem 0x80010000 0x00000001
core   0: 0x80009d70 (0xff9ff06f) j       pc - 0x8
core   0: 3 0x80009d70 (0xff9ff06f)
core   0: 0x80009d68 (0x00006f17) auipc   t5, 0x6
core   0: 3 0x80009d68 (0x00006f17) x30 0x8000fd68
core   0: 0x80009d6c (0x283f2c23) sw      gp, 664(t5)
core   0: 3 0x80009d6c (0x283f2c23) mem 0x80010000 0x00000001
core   0: 0x80009d70 (0xff9ff06f) j       pc - 0x8
core   0: 3 0x80009d70 (0xff9ff06f)
core   0: 0x80009d68 (0x00006f17) auipc   t5, 0x6
core   0: 3 0x80009d68 (0x00006f17) x30 0x8000fd68
core   0: 0x80009d6c (0x283f2c23) sw      gp, 664(t5)
core   0: 3 0x80009d6c (0x283f2c23) mem 0x80010000 0x00000001
core   0: 0x80009d70 (0xff9ff06f) j       pc - 0x8
core   0: 3 0x80009d70 (0xff9ff06f)
core   0: 0x80009d68 (0x00006f17) auipc   t5, 0x6
core   0: 3 0x80009d68 (0x00006f17) x30 0x8000fd68
core   0: 0x80009d6c (0x283f2c23) sw      gp, 664(t5)
core   0: 3 0x80009d6c (0x283f2c23) mem 0x80010000 0x00000001
core   0: 0x80009d70 (0xff9ff06f) j       pc - 0x8
core   0: 3 0x80009d70 (0xff9ff06f)
core   0: 0x80009d68 (0x00006f17) auipc   t5, 0x6
core   0: 3 0x80009d68 (0x00006f17) x30 0x8000fd68
core   0: 0x80009d6c (0x283f2c23) sw      gp, 664(t5)
core   0: 3 0x80009d6c (0x283f2c23) mem 0x80010000 0x00000001
core   0: 0x80009d70 (0xff9ff06f) j       pc - 0x8
core   0: 3 0x80009d70 (0xff9ff06f)
core   0: 0x80009d68 (0x00006f17) auipc   t5, 0x6
core   0: 3 0x80009d68 (0x00006f17) x30 0x8000fd68
core   0: 0x80009d6c (0x283f2c23) sw      gp, 664(t5)
core   0: 3 0x80009d6c (0x283f2c23) mem 0x80010000 0x00000001
core   0: 0x80009d70 (0xff9ff06f) j       pc - 0x8
core   0: 3 0x80009d70 (0xff9ff06f)
core   0: 0x80009d68 (0x00006f17) auipc   t5, 0x6
core   0: 3 0x80009d68 (0x00006f17) x30 0x8000fd68
core   0: 0x80009d6c (0x283f2c23) sw      gp, 664(t5)
core   0: 3 0x80009d6c (0x283f2c23) mem 0x80010000 0x00000001
core   0: 0x80009d70 (0xff9ff06f) j       pc - 0x8
core   0: 3 0x80009d70 (0xff9ff06f)
core   0: 0x80009d68 (0x00006f17) auipc   t5, 0x6
core   0: 3 0x80009d68 (0x00006f17) x30 0x8000fd68
core   0: 0x80009d6c (0x283f2c23) sw      gp, 664(t5)
core   0: 3 0x80009d6c (0x283f2c23) mem 0x80010000 0x00000001
core   0: 0x80009d70 (0xff9ff06f) j       pc - 0x8
core   0: 3 0x80009d70 (0xff9ff06f)
core   0: 0x80009d68 (0x00006f17) auipc   t5, 0x6
core   0: 3 0x80009d68 (0x00006f17) x30 0x8000fd68
core   0: 0x80009d6c (0x283f2c23) sw      gp, 664(t5)
core   0: 3 0x80009d6c (0x283f2c23) mem 0x80010000 0x00000001
core   0: 0x80009d70 (0xff9ff06f) j       pc - 0x8
core   0: 3 0x80009d70 (0xff9ff06f)
core   0: 0x80009d68 (0x00006f17) auipc   t5, 0x6
core   0: 3 0x80009d68 (0x00006f17) x30 0x8000fd68
core   0: 0x80009d6c (0x283f2c23) sw      gp, 664(t5)
core   0: 3 0x80009d6c (0x283f2c23) mem 0x80010000 0x00000001
core   0: 0x80009d70 (0xff9ff06f) j       pc - 0x8
core   0: 3 0x80009d70 (0xff9ff06f)
core   0: 0x80009d68 (0x00006f17) auipc   t5, 0x6
core   0: 3 0x80009d68 (0x00006f17) x30 0x8000fd68
core   0: 0x80009d6c (0x283f2c23) sw      gp, 664(t5)
core   0: 3 0x80009d6c (0x283f2c23) mem 0x80010000 0x00000001
core   0: 0x80009d70 (0xff9ff06f) j       pc - 0x8
core   0: 3 0x80009d70 (0xff9ff06f)
core   0: 0x80009d68 (0x00006f17) auipc   t5, 0x6
core   0: 3 0x80009d68 (0x00006f17) x30 0x8000fd68
core   0: 0x80009d6c (0x283f2c23) sw      gp, 664(t5)
core   0: 3 0x80009d6c (0x283f2c23) mem 0x80010000 0x00000001
core   0: 0x80009d70 (0xff9ff06f) j       pc - 0x8
core   0: 3 0x80009d70 (0xff9ff06f)
core   0: 0x80009d68 (0x00006f17) auipc   t5, 0x6
core   0: 3 0x80009d68 (0x00006f17) x30 0x8000fd68
core   0: 0x80009d6c (0x283f2c23) sw      gp, 664(t5)
core   0: 3 0x80009d6c (0x283f2c23) mem 0x80010000 0x00000001
core   0: 0x80009d70 (0xff9ff06f) j       pc - 0x8
core   0: 3 0x80009d70 (0xff9ff06f)
core   0: 0x80009d68 (0x00006f17) auipc   t5, 0x6
core   0: 3 0x80009d68 (0x00006f17) x30 0x8000fd68
core   0: 0x80009d6c (0x283f2c23) sw      gp, 664(t5)
core   0: 3 0x80009d6c (0x283f2c23) mem 0x80010000 0x00000001
core   0: 0x80009d70 (0xff9ff06f) j       pc - 0x8
core   0: 3 0x80009d70 (0xff9ff06f)
core   0: 0x80009d68 (0x00006f17) auipc   t5, 0x6
core   0: 3 0x80009d68 (0x00006f17) x30 0x8000fd68
core   0: 0x80009d6c (0x283f2c23) sw      gp, 664(t5)
core   0: 3 0x80009d6c (0x283f2c23) mem 0x80010000 0x00000001
core   0: 0x80009d70 (0xff9ff06f) j       pc - 0x8
core   0: 3 0x80009d70 (0xff9ff06f)
core   0: 0x80009d68 (0x00006f17) auipc   t5, 0x6
core   0: 3 0x80009d68 (0x00006f17) x30 0x8000fd68
core   0: 0x80009d6c (0x283f2c23) sw      gp, 664(t5)
core   0: 3 0x80009d6c (0x283f2c23) mem 0x80010000 0x00000001
core   0: 0x80009d70 (0xff9ff06f) j       pc - 0x8
core   0: 3 0x80009d70 (0xff9ff06f)
core   0: 0x80009d68 (0x00006f17) auipc   t5, 0x6
core   0: 3 0x80009d68 (0x00006f17) x30 0x8000fd68
core   0: 0x80009d6c (0x283f2c23) sw      gp, 664(t5)
core   0: 3 0x80009d6c (0x283f2c23) mem 0x80010000 0x00000001
core   0: 0x80009d70 (0xff9ff06f) j       pc - 0x8
core   0: 3 0x80009d70 (0xff9ff06f)
core   0: 0x80009d68 (0x00006f17) auipc   t5, 0x6
core   0: 3 0x80009d68 (0x00006f17) x30 0x8000fd68
core   0: 0x80009d6c (0x283f2c23) sw      gp, 664(t5)
core   0: 3 0x80009d6c (0x283f2c23) mem 0x80010000 0x00000001
core   0: 0x80009d70 (0xff9ff06f) j       pc - 0x8
core   0: 3 0x80009d70 (0xff9ff06f)
core   0: 0x80009d68 (0x00006f17) auipc   t5, 0x6
core   0: 3 0x80009d68 (0x00006f17) x30 0x8000fd68
core   0: 0x80009d6c (0x283f2c23) sw      gp, 664(t5)
core   0: 3 0x80009d6c (0x283f2c23) mem 0x80010000 0x00000001
core   0: 0x80009d70 (0xff9ff06f) j       pc - 0x8
core   0: 3 0x80009d70 (0xff9ff06f)
core   0: 0x80009d68 (0x00006f17) auipc   t5, 0x6
core   0: 3 0x80009d68 (0x00006f17) x30 0x8000fd68
core   0: 0x80009d6c (0x283f2c23) sw      gp, 664(t5)
core   0: 3 0x80009d6c (0x283f2c23) mem 0x80010000 0x00000001
core   0: 0x80009d70 (0xff9ff06f) j       pc - 0x8
core   0: 3 0x80009d70 (0xff9ff06f)
core   0: 0x80009d68 (0x00006f17) auipc   t5, 0x6
core   0: 3 0x80009d68 (0x00006f17) x30 0x8000fd68
core   0: 0x80009d6c (0x283f2c23) sw      gp, 664(t5)
core   0: 3 0x80009d6c (0x283f2c23) mem 0x80010000 0x00000001
core   0: 0x80009d70 (0xff9ff06f) j       pc - 0x8
core   0: 3 0x80009d70 (0xff9ff06f)
core   0: 0x80009d68 (0x00006f17) auipc   t5, 0x6
core   0: 3 0x80009d68 (0x00006f17) x30 0x8000fd68
core   0: 0x80009d6c (0x283f2c23) sw      gp, 664(t5)
core   0: 3 0x80009d6c (0x283f2c23) mem 0x80010000 0x00000001
core   0: 0x80009d70 (0xff9ff06f) j       pc - 0x8
core   0: 3 0x80009d70 (0xff9ff06f)
core   0: 0x80009d68 (0x00006f17) auipc   t5, 0x6
core   0: 3 0x80009d68 (0x00006f17) x30 0x8000fd68
core   0: 0x80009d6c (0x283f2c23) sw      gp, 664(t5)
core   0: 3 0x80009d6c (0x283f2c23) mem 0x80010000 0x00000001
core   0: 0x80009d70 (0xff9ff06f) j       pc - 0x8
core   0: 3 0x80009d70 (0xff9ff06f)
core   0: 0x80009d68 (0x00006f17) auipc   t5, 0x6
core   0: 3 0x80009d68 (0x00006f17) x30 0x8000fd68
core   0: 0x80009d6c (0x283f2c23) sw      gp, 664(t5)
core   0: 3 0x80009d6c (0x283f2c23) mem 0x80010000 0x00000001
core   0: 0x80009d70 (0xff9ff06f) j       pc - 0x8
core   0: 3 0x80009d70 (0xff9ff06f)
core   0: 0x80009d68 (0x00006f17) auipc   t5, 0x6
core   0: 3 0x80009d68 (0x00006f17) x30 0x8000fd68
core   0: 0x80009d6c (0x283f2c23) sw      gp, 664(t5)
core   0: 3 0x80009d6c (0x283f2c23) mem 0x80010000 0x00000001
core   0: 0x80009d70 (0xff9ff06f) j       pc - 0x8
core   0: 3 0x80009d70 (0xff9ff06f)
core   0: 0x80009d68 (0x00006f17) auipc   t5, 0x6
core   0: 3 0x80009d68 (0x00006f17) x30 0x8000fd68
core   0: 0x80009d6c (0x283f2c23) sw      gp, 664(t5)
core   0: 3 0x80009d6c (0x283f2c23) mem 0x80010000 0x00000001
core   0: 0x80009d70 (0xff9ff06f) j       pc - 0x8
core   0: 3 0x80009d70 (0xff9ff06f)
core   0: 0x80009d68 (0x00006f17) auipc   t5, 0x6
core   0: 3 0x80009d68 (0x00006f17) x30 0x8000fd68
core   0: 0x80009d6c (0x283f2c23) sw      gp, 664(t5)
core   0: 3 0x80009d6c (0x283f2c23) mem 0x80010000 0x00000001
core   0: 0x80009d70 (0xff9ff06f) j       pc - 0x8
core   0: 3 0x80009d70 (0xff9ff06f)
core   0: 0x80009d68 (0x00006f17) auipc   t5, 0x6
core   0: 3 0x80009d68 (0x00006f17) x30 0x8000fd68
core   0: 0x80009d6c (0x283f2c23) sw      gp, 664(t5)
core   0: 3 0x80009d6c (0x283f2c23) mem 0x80010000 0x00000001
core   0: 0x80009d70 (0xff9ff06f) j       pc - 0x8
core   0: 3 0x80009d70 (0xff9ff06f)
core   0: 0x80009d68 (0x00006f17) auipc   t5, 0x6
core   0: 3 0x80009d68 (0x00006f17) x30 0x8000fd68
core   0: 0x80009d6c (0x283f2c23) sw      gp, 664(t5)
core   0: 3 0x80009d6c (0x283f2c23) mem 0x80010000 0x00000001
core   0: 0x80009d70 (0xff9ff06f) j       pc - 0x8
core   0: 3 0x80009d70 (0xff9ff06f)
core   0: 0x80009d68 (0x00006f17) auipc   t5, 0x6
core   0: 3 0x80009d68 (0x00006f17) x30 0x8000fd68
core   0: 0x80009d6c (0x283f2c23) sw      gp, 664(t5)
core   0: 3 0x80009d6c (0x283f2c23) mem 0x80010000 0x00000001
core   0: 0x80009d70 (0xff9ff06f) j       pc - 0x8
core   0: 3 0x80009d70 (0xff9ff06f)
core   0: 0x80009d68 (0x00006f17) auipc   t5, 0x6
core   0: 3 0x80009d68 (0x00006f17) x30 0x8000fd68
core   0: 0x80009d6c (0x283f2c23) sw      gp, 664(t5)
core   0: 3 0x80009d6c (0x283f2c23) mem 0x80010000 0x00000001
core   0: 0x80009d70 (0xff9ff06f) j       pc - 0x8
core   0: 3 0x80009d70 (0xff9ff06f)
core   0: 0x80009d68 (0x00006f17) auipc   t5, 0x6
core   0: 3 0x80009d68 (0x00006f17) x30 0x8000fd68
core   0: 0x80009d6c (0x283f2c23) sw      gp, 664(t5)
core   0: 3 0x80009d6c (0x283f2c23) mem 0x80010000 0x00000001
